number,value,datetime_start,datetime_complete,duration,params_depth,params_edge_hidden_dim,params_mlp_dim_00,params_mlp_dim_01,params_mlp_dim_02,params_mlp_dim_03,params_mlp_n_layers,params_node_hidden_dim,params_rep_dropout,params_train_learning_rate,params_train_lr_reduce,user_attrs_best_state_dict_path,user_attrs_training_params,system_attrs_auto:sampler,state
344,0.2627049386501312,2025-04-26 07:52:03.867951,2025-04-26 07:52:28.466838,0 days 00:00:24.598887,1,89,277,309.0,,,2,123,0.18958842605904014,0.008418182685984274,0.6,/work3/arnaou/checkpoints/megnet_Pc_trial_344_best_state.pt,"{'learning_rate': 0.008418182685984274, 'lr_reduce': 0.6}",TPESampler,COMPLETE
345,0.8869840502738953,2025-04-26 07:52:06.086516,2025-04-26 07:52:11.373287,0 days 00:00:05.286771,3,62,199,185.0,,,2,34,0.05682853400200974,0.0005573923574085407,0.6,/work3/arnaou/checkpoints/megnet_Pc_trial_345_best_state.pt,"{'learning_rate': 0.0005573923574085407, 'lr_reduce': 0.6}",TPESampler,COMPLETE
346,0.7217262983322144,2025-04-26 07:52:11.526909,2025-04-26 07:52:22.250066,0 days 00:00:10.723157,4,56,262,247.0,,,2,51,0.13056283021180629,0.008250208585328059,0.6,/work3/arnaou/checkpoints/megnet_Pc_trial_346_best_state.pt,"{'learning_rate': 0.008250208585328059, 'lr_reduce': 0.6}",TPESampler,COMPLETE
347,0.2941591441631317,2025-04-26 07:52:22.422032,2025-04-26 07:52:37.825232,0 days 00:00:15.403200,2,34,502,403.0,306.0,,3,122,0.23493835512397743,0.0015271707257509721,0.6,/work3/arnaou/checkpoints/megnet_Pc_trial_347_best_state.pt,"{'learning_rate': 0.0015271707257509721, 'lr_reduce': 0.6}",TPESampler,COMPLETE
348,0.38426804542541504,2025-04-26 07:52:26.842105,2025-04-26 07:52:38.131881,0 days 00:00:11.289776,1,66,505,162.0,383.0,,3,97,0.16914426899066082,0.005325989019520631,0.6,/work3/arnaou/checkpoints/megnet_Pc_trial_348_best_state.pt,"{'learning_rate': 0.005325989019520631, 'lr_reduce': 0.6}",TPESampler,COMPLETE
349,0.8868634104728699,2025-04-26 07:52:28.657921,2025-04-26 07:52:34.563598,0 days 00:00:05.905677,4,127,80,246.0,,,2,38,0.07594669938412181,0.0009631187485483688,0.6,/work3/arnaou/checkpoints/megnet_Pc_trial_349_best_state.pt,"{'learning_rate': 0.0009631187485483688, 'lr_reduce': 0.6}",TPESampler,COMPLETE
350,0.8862503170967102,2025-04-26 07:52:34.696825,2025-04-26 07:52:39.694754,0 days 00:00:04.997929,1,88,168,469.0,379.0,,3,42,0.0009950605844130656,0.00023372751259199975,0.6,/work3/arnaou/checkpoints/megnet_Pc_trial_350_best_state.pt,"{'learning_rate': 0.00023372751259199975, 'lr_reduce': 0.6}",TPESampler,COMPLETE
351,0.10709141194820404,2025-04-26 07:52:37.976916,2025-04-26 07:53:02.593801,0 days 00:00:24.616885,1,42,434,310.0,398.0,,3,91,0.2488707144827136,0.005284241723223117,0.6,/work3/arnaou/checkpoints/megnet_Pc_trial_351_best_state.pt,"{'learning_rate': 0.005284241723223117, 'lr_reduce': 0.6}",TPESampler,COMPLETE
352,0.2425130009651184,2025-04-26 07:52:38.286201,2025-04-26 07:52:56.563823,0 days 00:00:18.277622,2,53,306,220.0,,,2,120,0.19405289311799664,0.006733494260811392,0.6,/work3/arnaou/checkpoints/megnet_Pc_trial_352_best_state.pt,"{'learning_rate': 0.006733494260811392, 'lr_reduce': 0.6}",TPESampler,COMPLETE
353,0.10973384231328964,2025-04-26 07:52:39.849645,2025-04-26 07:53:11.521332,0 days 00:00:31.671687,1,97,413,,,,1,126,0.12458967869308449,0.005742091769956305,0.6,/work3/arnaou/checkpoints/megnet_Pc_trial_353_best_state.pt,"{'learning_rate': 0.005742091769956305, 'lr_reduce': 0.6}",TPESampler,COMPLETE
354,0.1358323097229004,2025-04-26 07:52:56.733854,2025-04-26 07:53:27.742553,0 days 00:00:31.008699,3,113,163,138.0,321.0,,3,112,0.19150901268027587,0.0009496590964429425,0.6,/work3/arnaou/checkpoints/megnet_Pc_trial_354_best_state.pt,"{'learning_rate': 0.0009496590964429425, 'lr_reduce': 0.6}",TPESampler,COMPLETE
355,0.12133414298295975,2025-04-26 07:53:02.762287,2025-04-26 07:53:32.942047,0 days 00:00:30.179760,1,37,283,280.0,407.0,,3,128,0.21775113065356938,0.006806644923443932,0.6,/work3/arnaou/checkpoints/megnet_Pc_trial_355_best_state.pt,"{'learning_rate': 0.006806644923443932, 'lr_reduce': 0.6}",TPESampler,COMPLETE
356,0.49565279483795166,2025-04-26 07:53:11.690652,2025-04-26 07:53:21.417911,0 days 00:00:09.727259,1,35,327,511.0,,,2,127,0.24700888669607476,0.009723976214721824,0.6,/work3/arnaou/checkpoints/megnet_Pc_trial_356_best_state.pt,"{'learning_rate': 0.009723976214721824, 'lr_reduce': 0.6}",TPESampler,COMPLETE
357,0.8865011930465698,2025-04-26 07:53:21.582932,2025-04-26 07:53:27.338636,0 days 00:00:05.755704,4,114,412,394.0,210.0,453.0,4,88,0.2488652206450222,0.0006050244206525832,0.6,/work3/arnaou/checkpoints/megnet_Pc_trial_357_best_state.pt,"{'learning_rate': 0.0006050244206525832, 'lr_reduce': 0.6}",TPESampler,COMPLETE
358,0.886570155620575,2025-04-26 07:53:27.506931,2025-04-26 07:53:36.480398,0 days 00:00:08.973467,4,56,210,220.0,411.0,,3,104,0.0025165551722738932,0.0001956874384624904,0.6,/work3/arnaou/checkpoints/megnet_Pc_trial_358_best_state.pt,"{'learning_rate': 0.0001956874384624904, 'lr_reduce': 0.6}",TPESampler,COMPLETE
359,0.22597533464431763,2025-04-26 07:53:27.925840,2025-04-26 07:53:59.587938,0 days 00:00:31.662098,1,112,497,167.0,,,2,35,0.20672561157972816,0.0010120899271023138,0.6,/work3/arnaou/checkpoints/megnet_Pc_trial_359_best_state.pt,"{'learning_rate': 0.0010120899271023138, 'lr_reduce': 0.6}",TPESampler,COMPLETE
360,0.8867294788360596,2025-04-26 07:53:33.107357,2025-04-26 07:53:39.484814,0 days 00:00:06.377457,3,63,474,282.0,512.0,,3,95,0.20923813560877924,0.00014640865202458452,0.6,/work3/arnaou/checkpoints/megnet_Pc_trial_360_best_state.pt,"{'learning_rate': 0.00014640865202458452, 'lr_reduce': 0.6}",TPESampler,COMPLETE
361,0.09291214495897293,2025-04-26 07:53:36.629326,2025-04-26 07:54:15.334373,0 days 00:00:38.705047,1,52,500,458.0,143.0,,3,93,0.09147830650081898,0.009729112007508917,0.6,/work3/arnaou/checkpoints/megnet_Pc_trial_361_best_state.pt,"{'learning_rate': 0.009729112007508917, 'lr_reduce': 0.6}",TPESampler,COMPLETE
362,0.0944969579577446,2025-04-26 07:53:39.656506,2025-04-26 07:54:14.263736,0 days 00:00:34.607230,1,121,292,236.0,,,2,103,0.17487173559976538,0.004899322365925448,0.6,/work3/arnaou/checkpoints/megnet_Pc_trial_362_best_state.pt,"{'learning_rate': 0.004899322365925448, 'lr_reduce': 0.6}",TPESampler,COMPLETE
363,0.8861728310585022,2025-04-26 07:53:59.773264,2025-04-26 07:54:06.854485,0 days 00:00:07.081221,3,46,161,160.0,368.0,73.0,4,88,0.24171404635887475,0.0001705523012784784,0.6,/work3/arnaou/checkpoints/megnet_Pc_trial_363_best_state.pt,"{'learning_rate': 0.0001705523012784784, 'lr_reduce': 0.6}",TPESampler,COMPLETE
364,0.3915785849094391,2025-04-26 07:54:07.022628,2025-04-26 07:54:17.097261,0 days 00:00:10.074633,1,59,494,371.0,452.0,,3,126,0.12521090884388064,0.009504897374670366,0.6,/work3/arnaou/checkpoints/megnet_Pc_trial_364_best_state.pt,"{'learning_rate': 0.009504897374670366, 'lr_reduce': 0.6}",TPESampler,COMPLETE
365,0.0965537503361702,2025-04-26 07:54:14.418092,2025-04-26 07:54:49.183254,0 days 00:00:34.765162,1,102,293,284.0,,,2,109,0.24601426814517904,0.005919671638184784,0.6,/work3/arnaou/checkpoints/megnet_Pc_trial_365_best_state.pt,"{'learning_rate': 0.005919671638184784, 'lr_reduce': 0.6}",TPESampler,COMPLETE
366,0.8857865929603577,2025-04-26 07:54:15.499645,2025-04-26 07:54:23.856721,0 days 00:00:08.357076,2,98,428,216.0,334.0,169.0,4,105,0.12598387442679126,0.00012405150956824388,0.6,/work3/arnaou/checkpoints/megnet_Pc_trial_366_best_state.pt,"{'learning_rate': 0.00012405150956824388, 'lr_reduce': 0.6}",TPESampler,COMPLETE
367,0.13863009214401245,2025-04-26 07:54:17.313623,2025-04-26 07:54:45.692158,0 days 00:00:28.378535,1,72,139,436.0,424.0,422.0,4,96,0.04077865874378506,0.0038073009486459053,0.6,/work3/arnaou/checkpoints/megnet_Pc_trial_367_best_state.pt,"{'learning_rate': 0.0038073009486459053, 'lr_reduce': 0.6}",TPESampler,COMPLETE
368,0.14074312150478363,2025-04-26 07:54:24.003201,2025-04-26 07:54:59.447546,0 days 00:00:35.444345,2,120,437,316.0,,,2,53,0.0665428528127999,0.002680841355375291,0.6,/work3/arnaou/checkpoints/megnet_Pc_trial_368_best_state.pt,"{'learning_rate': 0.002680841355375291, 'lr_reduce': 0.6}",TPESampler,COMPLETE
369,0.07722676545381546,2025-04-26 07:54:45.886893,2025-04-26 07:55:15.552245,0 days 00:00:29.665352,1,40,450,248.0,,,2,99,0.19857886778488895,0.004960766427552329,0.6,/work3/arnaou/checkpoints/megnet_Pc_trial_369_best_state.pt,"{'learning_rate': 0.004960766427552329, 'lr_reduce': 0.6}",TPESampler,COMPLETE
370,0.11032817512750626,2025-04-26 07:54:49.373068,2025-04-26 07:55:17.459653,0 days 00:00:28.086585,1,47,482,150.0,,,2,118,0.19871648009016307,0.0031161875914638153,0.6,/work3/arnaou/checkpoints/megnet_Pc_trial_370_best_state.pt,"{'learning_rate': 0.0031161875914638153, 'lr_reduce': 0.6}",TPESampler,COMPLETE
371,0.1235923171043396,2025-04-26 07:54:59.617970,2025-04-26 07:55:37.076011,0 days 00:00:37.458041,1,52,379,469.0,,,2,102,0.20759487133101287,0.009574051040555654,0.6,/work3/arnaou/checkpoints/megnet_Pc_trial_371_best_state.pt,"{'learning_rate': 0.009574051040555654, 'lr_reduce': 0.6}",TPESampler,COMPLETE
372,0.25425130128860474,2025-04-26 07:55:15.705706,2025-04-26 07:55:33.003888,0 days 00:00:17.298182,2,43,502,253.0,,,2,92,0.18009522218501628,0.0045256940840102495,0.6,/work3/arnaou/checkpoints/megnet_Pc_trial_372_best_state.pt,"{'learning_rate': 0.0045256940840102495, 'lr_reduce': 0.6}",TPESampler,COMPLETE
373,0.08853219449520111,2025-04-26 07:55:17.622958,2025-04-26 07:55:41.107847,0 days 00:00:23.484889,1,38,476,237.0,,,2,104,0.2191969050383396,0.005700844255655182,0.6,/work3/arnaou/checkpoints/megnet_Pc_trial_373_best_state.pt,"{'learning_rate': 0.005700844255655182, 'lr_reduce': 0.6}",TPESampler,COMPLETE
374,0.15954706072807312,2025-04-26 07:55:33.163616,2025-04-26 07:55:46.026192,0 days 00:00:12.862576,1,92,234,244.0,466.0,,3,120,0.14714818754847936,0.0040732522657742,0.6,/work3/arnaou/checkpoints/megnet_Pc_trial_374_best_state.pt,"{'learning_rate': 0.0040732522657742, 'lr_reduce': 0.6}",TPESampler,COMPLETE
375,0.25355035066604614,2025-04-26 07:55:37.254176,2025-04-26 07:55:46.652098,0 days 00:00:09.397922,1,46,503,281.0,,,2,125,0.23063808935622537,0.005857625553562824,0.6,/work3/arnaou/checkpoints/megnet_Pc_trial_375_best_state.pt,"{'learning_rate': 0.005857625553562824, 'lr_reduce': 0.6}",TPESampler,COMPLETE
376,0.09047875553369522,2025-04-26 07:55:41.298333,2025-04-26 07:56:12.279247,0 days 00:00:30.980914,1,46,466,215.0,,,2,102,0.18160129772904302,0.00947431613070215,0.6,/work3/arnaou/checkpoints/megnet_Pc_trial_376_best_state.pt,"{'learning_rate': 0.00947431613070215, 'lr_reduce': 0.6}",TPESampler,COMPLETE
377,0.1317998617887497,2025-04-26 07:55:46.163092,2025-04-26 07:56:05.502425,0 days 00:00:19.339333,1,37,377,200.0,,,2,83,0.19960587139776906,0.005277294596993966,0.6,/work3/arnaou/checkpoints/megnet_Pc_trial_377_best_state.pt,"{'learning_rate': 0.005277294596993966, 'lr_reduce': 0.6}",TPESampler,COMPLETE
378,0.1916089802980423,2025-04-26 07:55:46.886312,2025-04-26 07:56:25.060255,0 days 00:00:38.173943,2,43,452,321.0,,,2,100,0.24626599444593142,0.0012044351308597876,0.6,/work3/arnaou/checkpoints/megnet_Pc_trial_378_best_state.pt,"{'learning_rate': 0.0012044351308597876, 'lr_reduce': 0.6}",TPESampler,COMPLETE
379,0.16398882865905762,2025-04-26 07:56:05.675549,2025-04-26 07:56:38.328400,0 days 00:00:32.652851,1,96,232,270.0,475.0,,3,118,0.2216185026719816,0.005522676100647381,0.6,/work3/arnaou/checkpoints/megnet_Pc_trial_379_best_state.pt,"{'learning_rate': 0.005522676100647381, 'lr_reduce': 0.6}",TPESampler,COMPLETE
380,0.11680898070335388,2025-04-26 07:56:12.441264,2025-04-26 07:56:34.308688,0 days 00:00:21.867424,1,43,462,188.0,,,2,101,0.17645266376675922,0.0033194170173984697,0.6,/work3/arnaou/checkpoints/megnet_Pc_trial_380_best_state.pt,"{'learning_rate': 0.0033194170173984697, 'lr_reduce': 0.6}",TPESampler,COMPLETE
381,0.8873797655105591,2025-04-26 07:56:25.221425,2025-04-26 07:56:30.904386,0 days 00:00:05.682961,3,118,109,254.0,508.0,69.0,4,55,0.17985389611298577,0.0009090415229941832,0.6,/work3/arnaou/checkpoints/megnet_Pc_trial_381_best_state.pt,"{'learning_rate': 0.0009090415229941832, 'lr_reduce': 0.6}",TPESampler,COMPLETE
382,0.088555708527565,2025-04-26 07:56:31.075162,2025-04-26 07:57:02.853715,0 days 00:00:31.778553,1,37,360,,,,1,115,0.17493457213886324,0.00782771236430496,0.6,/work3/arnaou/checkpoints/megnet_Pc_trial_382_best_state.pt,"{'learning_rate': 0.00782771236430496, 'lr_reduce': 0.6}",TPESampler,COMPLETE
383,0.08190184086561203,2025-04-26 07:56:34.460968,2025-04-26 07:56:58.128227,0 days 00:00:23.667259,1,39,491,346.0,,,2,83,0.20326762600558201,0.008141047623545844,0.6,/work3/arnaou/checkpoints/megnet_Pc_trial_383_best_state.pt,"{'learning_rate': 0.008141047623545844, 'lr_reduce': 0.6}",TPESampler,COMPLETE
384,0.11910462379455566,2025-04-26 07:56:38.497295,2025-04-26 07:56:55.069434,0 days 00:00:16.572139,1,39,473,136.0,,,2,98,0.2400080605042086,0.005585231085971673,0.6,/work3/arnaou/checkpoints/megnet_Pc_trial_384_best_state.pt,"{'learning_rate': 0.005585231085971673, 'lr_reduce': 0.6}",TPESampler,COMPLETE
385,0.22758956253528595,2025-04-26 07:56:55.253099,2025-04-26 07:57:05.984132,0 days 00:00:10.731033,1,36,357,211.0,,,2,103,0.23965744030694958,0.004686198166247878,0.6,/work3/arnaou/checkpoints/megnet_Pc_trial_385_best_state.pt,"{'learning_rate': 0.004686198166247878, 'lr_reduce': 0.6}",TPESampler,COMPLETE
386,0.09749098122119904,2025-04-26 07:56:58.300709,2025-04-26 07:57:17.033563,0 days 00:00:18.732854,1,68,505,363.0,511.0,509.0,4,80,0.10939101329505818,0.005027260288821246,0.6,/work3/arnaou/checkpoints/megnet_Pc_trial_386_best_state.pt,"{'learning_rate': 0.005027260288821246, 'lr_reduce': 0.6}",TPESampler,COMPLETE
387,0.2712484300136566,2025-04-26 07:57:03.013114,2025-04-26 07:57:16.481162,0 days 00:00:13.468048,1,63,129,345.0,,,2,122,0.24837584332199542,0.009298207739413457,0.6,/work3/arnaou/checkpoints/megnet_Pc_trial_387_best_state.pt,"{'learning_rate': 0.009298207739413457, 'lr_reduce': 0.6}",TPESampler,COMPLETE
388,0.07442807406187057,2025-04-26 07:57:06.144950,2025-04-26 07:57:25.557715,0 days 00:00:19.412765,1,33,478,394.0,,,2,73,0.18602495683647927,0.008352983953581812,0.6,/work3/arnaou/checkpoints/megnet_Pc_trial_388_best_state.pt,"{'learning_rate': 0.008352983953581812, 'lr_reduce': 0.6}",TPESampler,COMPLETE
389,0.8867788910865784,2025-04-26 07:57:16.641590,2025-04-26 07:57:21.968037,0 days 00:00:05.326447,1,97,491,346.0,,,2,95,0.023585996381807084,0.00010860715521411673,0.6,/work3/arnaou/checkpoints/megnet_Pc_trial_389_best_state.pt,"{'learning_rate': 0.00010860715521411673, 'lr_reduce': 0.6}",TPESampler,COMPLETE
390,0.18156301975250244,2025-04-26 07:57:17.196326,2025-04-26 07:57:34.996919,0 days 00:00:17.800593,1,101,182,396.0,,,2,47,0.10951564100143835,0.003795917119355958,0.6,/work3/arnaou/checkpoints/megnet_Pc_trial_390_best_state.pt,"{'learning_rate': 0.003795917119355958, 'lr_reduce': 0.6}",TPESampler,COMPLETE
391,0.15685708820819855,2025-04-26 07:57:22.104177,2025-04-26 07:57:35.781366,0 days 00:00:13.677189,1,40,242,183.0,,,2,123,0.14236270189694306,0.004812482643354454,0.6,/work3/arnaou/checkpoints/megnet_Pc_trial_391_best_state.pt,"{'learning_rate': 0.004812482643354454, 'lr_reduce': 0.6}",TPESampler,COMPLETE
392,0.21205531060695648,2025-04-26 07:57:25.724904,2025-04-26 07:57:55.829812,0 days 00:00:30.104908,1,35,420,399.0,,,2,79,0.20037802429764906,0.006856102809954909,0.6,/work3/arnaou/checkpoints/megnet_Pc_trial_392_best_state.pt,"{'learning_rate': 0.006856102809954909, 'lr_reduce': 0.6}",TPESampler,COMPLETE
393,0.1452142894268036,2025-04-26 07:57:35.161619,2025-04-26 07:57:46.114546,0 days 00:00:10.952927,1,33,467,401.0,,,2,78,0.1597188438413773,0.008486087144425196,0.6,/work3/arnaou/checkpoints/megnet_Pc_trial_393_best_state.pt,"{'learning_rate': 0.008486087144425196, 'lr_reduce': 0.6}",TPESampler,COMPLETE
394,0.10175921767950058,2025-04-26 07:57:35.949448,2025-04-26 07:57:58.529159,0 days 00:00:22.579711,1,42,477,377.0,,,2,80,0.20582286502305996,0.008480261112055782,0.6,/work3/arnaou/checkpoints/megnet_Pc_trial_394_best_state.pt,"{'learning_rate': 0.008480261112055782, 'lr_reduce': 0.6}",TPESampler,COMPLETE
395,0.10168657451868057,2025-04-26 07:57:46.272116,2025-04-26 07:58:13.867482,0 days 00:00:27.595366,1,55,489,408.0,,,2,92,0.18224782638564305,0.003908213996715448,0.6,/work3/arnaou/checkpoints/megnet_Pc_trial_395_best_state.pt,"{'learning_rate': 0.003908213996715448, 'lr_reduce': 0.6}",TPESampler,COMPLETE
396,0.08339407294988632,2025-04-26 07:57:55.998868,2025-04-26 07:58:26.063640,0 days 00:00:30.064772,1,53,491,358.0,454.0,,3,72,0.17628497374592567,0.008490895436507082,0.6,/work3/arnaou/checkpoints/megnet_Pc_trial_396_best_state.pt,"{'learning_rate': 0.008490895436507082, 'lr_reduce': 0.6}",TPESampler,COMPLETE
397,0.8864458799362183,2025-04-26 07:57:58.709210,2025-04-26 07:58:04.814334,0 days 00:00:06.105124,4,111,86,,,,1,91,0.03863586649011924,0.0001773342299368952,0.6,/work3/arnaou/checkpoints/megnet_Pc_trial_397_best_state.pt,"{'learning_rate': 0.0001773342299368952, 'lr_reduce': 0.6}",TPESampler,COMPLETE
398,0.15736417472362518,2025-04-26 07:58:04.971338,2025-04-26 07:58:21.222618,0 days 00:00:16.251280,1,44,455,,,,1,72,0.21029902683173476,0.0070517492712147654,0.6,/work3/arnaou/checkpoints/megnet_Pc_trial_398_best_state.pt,"{'learning_rate': 0.0070517492712147654, 'lr_reduce': 0.6}",TPESampler,COMPLETE
399,0.11925467848777771,2025-04-26 07:58:14.042235,2025-04-26 07:58:46.694033,0 days 00:00:32.651798,1,92,395,,,,1,115,0.20600104999746,0.0022704494273528,0.6,/work3/arnaou/checkpoints/megnet_Pc_trial_399_best_state.pt,"{'learning_rate': 0.0022704494273528, 'lr_reduce': 0.6}",TPESampler,COMPLETE
400,0.13465669751167297,2025-04-26 07:58:21.387177,2025-04-26 07:58:47.692652,0 days 00:00:26.305475,1,117,378,417.0,,,2,115,0.21017130312546214,0.003963314906799042,0.6,/work3/arnaou/checkpoints/megnet_Pc_trial_400_best_state.pt,"{'learning_rate': 0.003963314906799042, 'lr_reduce': 0.6}",TPESampler,COMPLETE
401,0.1483868509531021,2025-04-26 07:58:26.246773,2025-04-26 07:58:42.178217,0 days 00:00:15.931444,1,65,449,357.0,457.0,,3,72,0.17173293269152926,0.003846245388132664,0.6,/work3/arnaou/checkpoints/megnet_Pc_trial_401_best_state.pt,"{'learning_rate': 0.003846245388132664, 'lr_reduce': 0.6}",TPESampler,COMPLETE
402,0.13163743913173676,2025-04-26 07:58:42.339362,2025-04-26 07:59:00.728609,0 days 00:00:18.389247,1,70,495,357.0,,,2,102,0.2459085183140969,0.0017233985600143685,0.6,/work3/arnaou/checkpoints/megnet_Pc_trial_402_best_state.pt,"{'learning_rate': 0.0017233985600143685, 'lr_reduce': 0.6}",TPESampler,COMPLETE
403,0.14058807492256165,2025-04-26 07:58:46.877219,2025-04-26 07:59:12.125806,0 days 00:00:25.248587,1,65,505,363.0,,,2,73,0.20900088427317276,0.008509629912457201,0.6,/work3/arnaou/checkpoints/megnet_Pc_trial_403_best_state.pt,"{'learning_rate': 0.008509629912457201, 'lr_reduce': 0.6}",TPESampler,COMPLETE
404,0.4606049656867981,2025-04-26 07:58:47.873897,2025-04-26 07:58:59.039107,0 days 00:00:11.165210,2,65,474,371.0,471.0,,3,76,0.1671713296183901,0.007348693251415472,0.6,/work3/arnaou/checkpoints/megnet_Pc_trial_404_best_state.pt,"{'learning_rate': 0.007348693251415472, 'lr_reduce': 0.6}",TPESampler,COMPLETE
405,0.1138409674167633,2025-04-26 07:58:59.234375,2025-04-26 07:59:34.708503,0 days 00:00:35.474128,1,40,485,414.0,455.0,,3,75,0.16114222862454092,0.0027928808730429133,0.6,/work3/arnaou/checkpoints/megnet_Pc_trial_405_best_state.pt,"{'learning_rate': 0.0027928808730429133, 'lr_reduce': 0.6}",TPESampler,COMPLETE
406,0.10558068752288818,2025-04-26 07:59:00.906123,2025-04-26 07:59:32.652355,0 days 00:00:31.746232,2,40,448,339.0,448.0,,3,90,0.17279386153557208,0.008807842061608888,0.6,/work3/arnaou/checkpoints/megnet_Pc_trial_406_best_state.pt,"{'learning_rate': 0.008807842061608888, 'lr_reduce': 0.6}",TPESampler,COMPLETE
407,0.13228631019592285,2025-04-26 07:59:12.301750,2025-04-26 07:59:48.625520,0 days 00:00:36.323770,2,103,323,407.0,,,2,116,0.16395138410126003,0.002741051779867588,0.6,/work3/arnaou/checkpoints/megnet_Pc_trial_407_best_state.pt,"{'learning_rate': 0.002741051779867588, 'lr_reduce': 0.6}",TPESampler,COMPLETE
408,0.1012977808713913,2025-04-26 07:59:32.818959,2025-04-26 07:59:49.630855,0 days 00:00:16.811896,1,36,303,424.0,,,2,119,0.19466211621911134,0.003171157558984412,0.6,/work3/arnaou/checkpoints/megnet_Pc_trial_408_best_state.pt,"{'learning_rate': 0.003171157558984412, 'lr_reduce': 0.6}",TPESampler,COMPLETE
409,0.1462811827659607,2025-04-26 07:59:34.915450,2025-04-26 08:00:01.383093,0 days 00:00:26.467643,1,45,476,335.0,,,2,60,0.2027799417362593,0.004063301703628303,0.6,/work3/arnaou/checkpoints/megnet_Pc_trial_409_best_state.pt,"{'learning_rate': 0.004063301703628303, 'lr_reduce': 0.6}",TPESampler,COMPLETE
410,0.39288341999053955,2025-04-26 07:59:48.801415,2025-04-26 08:00:05.377826,0 days 00:00:16.576411,2,46,476,321.0,,,2,89,0.2494728368539749,0.008371089137575003,0.6,/work3/arnaou/checkpoints/megnet_Pc_trial_410_best_state.pt,"{'learning_rate': 0.008371089137575003, 'lr_reduce': 0.6}",TPESampler,COMPLETE
411,0.11190003901720047,2025-04-26 07:59:49.791169,2025-04-26 08:00:16.719885,0 days 00:00:26.928716,1,48,472,435.0,,,2,84,0.2131478792811337,0.003063971512057909,0.6,/work3/arnaou/checkpoints/megnet_Pc_trial_411_best_state.pt,"{'learning_rate': 0.003063971512057909, 'lr_reduce': 0.6}",TPESampler,COMPLETE
412,0.09261125326156616,2025-04-26 08:00:01.558816,2025-04-26 08:00:35.345759,0 days 00:00:33.786943,1,33,434,227.0,512.0,,3,54,0.17415061812840427,0.008735724654347946,0.6,/work3/arnaou/checkpoints/megnet_Pc_trial_412_best_state.pt,"{'learning_rate': 0.008735724654347946, 'lr_reduce': 0.6}",TPESampler,COMPLETE
