number,value,datetime_start,datetime_complete,duration,params_depth,params_edge_hidden_dim,params_mlp_dim_00,params_mlp_dim_01,params_mlp_dim_02,params_mlp_dim_03,params_mlp_n_layers,params_node_hidden_dim,params_rep_dropout,params_train_learning_rate,params_train_lr_reduce,user_attrs_best_state_dict_path,user_attrs_training_params,system_attrs_auto:sampler,state
206,0.17172552645206451,2025-04-26 07:35:03.964959,2025-04-26 07:35:40.293752,0 days 00:00:36.328793,1,72,95,94.0,380.0,145.0,4,122,0.10418684904900856,0.0002593639508462895,0.6,/work3/arnaou/checkpoints/megnet_Pc_trial_206_best_state.pt,"{'learning_rate': 0.0002593639508462895, 'lr_reduce': 0.6}",TPESampler,COMPLETE
207,0.8871327638626099,2025-04-26 07:35:06.526628,2025-04-26 07:35:11.934947,0 days 00:00:05.408319,3,75,66,164.0,455.0,,3,92,0.1112045350449358,0.002766358718803886,0.6,/work3/arnaou/checkpoints/megnet_Pc_trial_207_best_state.pt,"{'learning_rate': 0.002766358718803886, 'lr_reduce': 0.6}",TPESampler,COMPLETE
208,0.1862216293811798,2025-04-26 07:35:08.398723,2025-04-26 07:35:56.516935,0 days 00:00:48.118212,4,119,486,246.0,,,2,32,0.17848603170120797,0.004068998275518518,0.6,/work3/arnaou/checkpoints/megnet_Pc_trial_208_best_state.pt,"{'learning_rate': 0.004068998275518518, 'lr_reduce': 0.6}",TPESampler,COMPLETE
209,0.13610416650772095,2025-04-26 07:35:12.084341,2025-04-26 07:35:28.973701,0 days 00:00:16.889360,1,63,478,294.0,511.0,,3,111,0.2213772571602165,0.004309165717128702,0.6,/work3/arnaou/checkpoints/megnet_Pc_trial_209_best_state.pt,"{'learning_rate': 0.004309165717128702, 'lr_reduce': 0.6}",TPESampler,COMPLETE
210,0.09486926347017288,2025-04-26 07:35:29.125739,2025-04-26 07:35:56.407148,0 days 00:00:27.281409,1,101,137,220.0,344.0,354.0,4,118,0.23601729986652434,0.007584657307559264,0.6,/work3/arnaou/checkpoints/megnet_Pc_trial_210_best_state.pt,"{'learning_rate': 0.007584657307559264, 'lr_reduce': 0.6}",TPESampler,COMPLETE
211,0.09823337942361832,2025-04-26 07:35:40.455600,2025-04-26 07:36:07.739921,0 days 00:00:27.284321,1,48,378,156.0,,,2,128,0.20135873342509342,0.004769133617993965,0.6,/work3/arnaou/checkpoints/megnet_Pc_trial_211_best_state.pt,"{'learning_rate': 0.004769133617993965, 'lr_reduce': 0.6}",TPESampler,COMPLETE
212,0.11721973121166229,2025-04-26 07:35:56.546083,2025-04-26 07:36:16.642208,0 days 00:00:20.096125,1,101,137,221.0,331.0,,3,125,0.24409921956880617,0.002259285981673946,0.6,/work3/arnaou/checkpoints/megnet_Pc_trial_212_best_state.pt,"{'learning_rate': 0.002259285981673946, 'lr_reduce': 0.6}",TPESampler,COMPLETE
213,0.11135982722043991,2025-04-26 07:35:56.651245,2025-04-26 07:36:16.155668,0 days 00:00:19.504423,1,104,232,213.0,319.0,370.0,4,116,0.16882322004678546,0.0034841020099198672,0.6,/work3/arnaou/checkpoints/megnet_Pc_trial_213_best_state.pt,"{'learning_rate': 0.0034841020099198672, 'lr_reduce': 0.6}",TPESampler,COMPLETE
214,0.3516707420349121,2025-04-26 07:36:07.886312,2025-04-26 07:36:20.575934,0 days 00:00:12.689622,1,113,140,243.0,332.0,341.0,4,105,0.22062825812345227,0.0032548068537972506,0.6,/work3/arnaou/checkpoints/megnet_Pc_trial_214_best_state.pt,"{'learning_rate': 0.0032548068537972506, 'lr_reduce': 0.6}",TPESampler,COMPLETE
215,0.13348208367824554,2025-04-26 07:36:16.321814,2025-04-26 07:36:50.732304,0 days 00:00:34.410490,1,39,511,198.0,387.0,,3,36,0.0861464631417194,0.003358344222648257,0.6,/work3/arnaou/checkpoints/megnet_Pc_trial_215_best_state.pt,"{'learning_rate': 0.003358344222648257, 'lr_reduce': 0.6}",TPESampler,COMPLETE
216,0.10288733243942261,2025-04-26 07:36:16.776138,2025-04-26 07:36:38.319057,0 days 00:00:21.542919,1,78,369,269.0,,,2,115,0.2055137008285305,0.005097621203031394,0.6,/work3/arnaou/checkpoints/megnet_Pc_trial_216_best_state.pt,"{'learning_rate': 0.005097621203031394, 'lr_reduce': 0.6}",TPESampler,COMPLETE
217,0.14802837371826172,2025-04-26 07:36:20.732201,2025-04-26 07:36:36.311617,0 days 00:00:15.579416,1,82,99,129.0,389.0,424.0,4,126,0.22920619726397828,0.006863796694971911,0.6,/work3/arnaou/checkpoints/megnet_Pc_trial_217_best_state.pt,"{'learning_rate': 0.006863796694971911, 'lr_reduce': 0.6}",TPESampler,COMPLETE
218,0.0832739770412445,2025-04-26 07:36:36.466277,2025-04-26 07:37:01.375042,0 days 00:00:24.908765,1,37,276,219.0,,,2,125,0.23284679543847397,0.006180132969716198,0.6,/work3/arnaou/checkpoints/megnet_Pc_trial_218_best_state.pt,"{'learning_rate': 0.006180132969716198, 'lr_reduce': 0.6}",TPESampler,COMPLETE
219,0.192607581615448,2025-04-26 07:36:38.484055,2025-04-26 07:36:55.413538,0 days 00:00:16.929483,2,36,437,299.0,,,2,124,0.18631956548902046,0.00953150424042355,0.6,/work3/arnaou/checkpoints/megnet_Pc_trial_219_best_state.pt,"{'learning_rate': 0.00953150424042355, 'lr_reduce': 0.6}",TPESampler,COMPLETE
220,0.8871996998786926,2025-04-26 07:36:50.919876,2025-04-26 07:36:55.395281,0 days 00:00:04.475405,2,87,496,176.0,,,2,63,0.1777000962594969,0.0005617143434102519,0.6,/work3/arnaou/checkpoints/megnet_Pc_trial_220_best_state.pt,"{'learning_rate': 0.0005617143434102519, 'lr_reduce': 0.6}",TPESampler,COMPLETE
221,0.39936354756355286,2025-04-26 07:36:55.511804,2025-04-26 07:37:30.504207,0 days 00:00:34.992403,2,94,188,250.0,426.0,,3,119,0.23874765758173494,0.006130923031724904,0.6,/work3/arnaou/checkpoints/megnet_Pc_trial_221_best_state.pt,"{'learning_rate': 0.006130923031724904, 'lr_reduce': 0.6}",TPESampler,COMPLETE
222,0.09676536172628403,2025-04-26 07:36:55.541074,2025-04-26 07:37:24.531551,0 days 00:00:28.990477,1,40,393,70.0,433.0,,3,125,0.17740006196375663,0.0024165276887226665,0.6,/work3/arnaou/checkpoints/megnet_Pc_trial_222_best_state.pt,"{'learning_rate': 0.0024165276887226665, 'lr_reduce': 0.6}",TPESampler,COMPLETE
223,0.85638028383255,2025-04-26 07:37:01.536089,2025-04-26 07:37:07.232619,0 days 00:00:05.696530,2,120,125,217.0,325.0,306.0,4,117,0.23052303437155083,0.007159865240485295,0.6,/work3/arnaou/checkpoints/megnet_Pc_trial_223_best_state.pt,"{'learning_rate': 0.007159865240485295, 'lr_reduce': 0.6}",TPESampler,COMPLETE
224,0.11239073425531387,2025-04-26 07:37:07.408050,2025-04-26 07:37:26.338423,0 days 00:00:18.930373,1,106,93,214.0,384.0,234.0,4,114,0.21625650392480075,0.009553781054628644,0.6,/work3/arnaou/checkpoints/megnet_Pc_trial_224_best_state.pt,"{'learning_rate': 0.009553781054628644, 'lr_reduce': 0.6}",TPESampler,COMPLETE
225,0.1196172684431076,2025-04-26 07:37:24.708366,2025-04-26 07:37:43.109890,0 days 00:00:18.401524,1,34,332,241.0,,,2,120,0.21353944414376896,0.0072399424589324884,0.6,/work3/arnaou/checkpoints/megnet_Pc_trial_225_best_state.pt,"{'learning_rate': 0.0072399424589324884, 'lr_reduce': 0.6}",TPESampler,COMPLETE
226,0.11992489546537399,2025-04-26 07:37:26.505430,2025-04-26 07:38:00.082385,0 days 00:00:33.576955,1,57,299,176.0,,,2,98,0.22490732135222166,0.006842821453840756,0.6,/work3/arnaou/checkpoints/megnet_Pc_trial_226_best_state.pt,"{'learning_rate': 0.006842821453840756, 'lr_reduce': 0.6}",TPESampler,COMPLETE
227,0.08463022112846375,2025-04-26 07:37:30.672096,2025-04-26 07:37:57.336305,0 days 00:00:26.664209,1,52,258,256.0,,,2,126,0.17554292028080437,0.007140593266799784,0.6,/work3/arnaou/checkpoints/megnet_Pc_trial_227_best_state.pt,"{'learning_rate': 0.007140593266799784, 'lr_reduce': 0.6}",TPESampler,COMPLETE
228,0.5528135299682617,2025-04-26 07:37:43.314588,2025-04-26 07:38:03.235396,0 days 00:00:19.920808,4,124,504,182.0,448.0,371.0,4,74,0.10635888618286926,0.0007900222555780398,0.6,/work3/arnaou/checkpoints/megnet_Pc_trial_228_best_state.pt,"{'learning_rate': 0.0007900222555780398, 'lr_reduce': 0.6}",TPESampler,COMPLETE
229,0.14734040200710297,2025-04-26 07:37:57.499217,2025-04-26 07:38:32.157690,0 days 00:00:34.658473,2,54,168,271.0,,,2,128,0.21017579546395385,0.0050684619034743385,0.6,/work3/arnaou/checkpoints/megnet_Pc_trial_229_best_state.pt,"{'learning_rate': 0.0050684619034743385, 'lr_reduce': 0.6}",TPESampler,COMPLETE
230,0.15286029875278473,2025-04-26 07:38:00.240472,2025-04-26 07:38:31.239290,0 days 00:00:30.998818,1,32,470,258.0,,,2,126,0.23957535060869703,0.009545344710039703,0.6,/work3/arnaou/checkpoints/megnet_Pc_trial_230_best_state.pt,"{'learning_rate': 0.009545344710039703, 'lr_reduce': 0.6}",TPESampler,COMPLETE
231,0.09924647957086563,2025-04-26 07:38:03.389794,2025-04-26 07:38:37.553198,0 days 00:00:34.163404,1,32,250,324.0,,,2,112,0.23231723170748106,0.003692140251611634,0.6,/work3/arnaou/checkpoints/megnet_Pc_trial_231_best_state.pt,"{'learning_rate': 0.003692140251611634, 'lr_reduce': 0.6}",TPESampler,COMPLETE
232,0.09969905018806458,2025-04-26 07:38:31.396023,2025-04-26 07:38:57.023015,0 days 00:00:25.626992,1,55,329,238.0,,,2,127,0.14337993645807506,0.0065157305376127034,0.6,/work3/arnaou/checkpoints/megnet_Pc_trial_232_best_state.pt,"{'learning_rate': 0.0065157305376127034, 'lr_reduce': 0.6}",TPESampler,COMPLETE
233,0.10316948592662811,2025-04-26 07:38:32.357334,2025-04-26 07:39:01.535720,0 days 00:00:29.178386,1,33,256,259.0,,,2,127,0.21714633598578675,0.00738920901327053,0.6,/work3/arnaou/checkpoints/megnet_Pc_trial_233_best_state.pt,"{'learning_rate': 0.00738920901327053, 'lr_reduce': 0.6}",TPESampler,COMPLETE
234,0.15036754310131073,2025-04-26 07:38:37.724168,2025-04-26 07:38:57.753653,0 days 00:00:20.029485,1,64,242,215.0,,,2,119,0.1682248966431242,0.003273850817594184,0.6,/work3/arnaou/checkpoints/megnet_Pc_trial_234_best_state.pt,"{'learning_rate': 0.003273850817594184, 'lr_reduce': 0.6}",TPESampler,COMPLETE
235,0.16495904326438904,2025-04-26 07:38:57.187236,2025-04-26 07:39:27.691363,0 days 00:00:30.504127,1,110,347,294.0,,,2,79,0.23892241277395848,0.004616728836069718,0.6,/work3/arnaou/checkpoints/megnet_Pc_trial_235_best_state.pt,"{'learning_rate': 0.004616728836069718, 'lr_reduce': 0.6}",TPESampler,COMPLETE
236,0.8872565031051636,2025-04-26 07:38:57.917009,2025-04-26 07:39:03.738780,0 days 00:00:05.821771,3,116,79,130.0,377.0,459.0,4,124,0.04689281268639489,0.0006379116507866338,0.6,/work3/arnaou/checkpoints/megnet_Pc_trial_236_best_state.pt,"{'learning_rate': 0.0006379116507866338, 'lr_reduce': 0.6}",TPESampler,COMPLETE
237,0.3673907518386841,2025-04-26 07:39:01.678842,2025-04-26 07:39:18.289866,0 days 00:00:16.611024,1,102,440,226.0,240.0,,3,118,0.24694120462492075,0.006578339886077863,0.6,/work3/arnaou/checkpoints/megnet_Pc_trial_237_best_state.pt,"{'learning_rate': 0.006578339886077863, 'lr_reduce': 0.6}",TPESampler,COMPLETE
238,0.8861871957778931,2025-04-26 07:39:03.888973,2025-04-26 07:39:07.993530,0 days 00:00:04.104557,1,38,313,,,,1,126,0.08287996718931044,0.00023050892563471762,0.6,/work3/arnaou/checkpoints/megnet_Pc_trial_238_best_state.pt,"{'learning_rate': 0.00023050892563471762, 'lr_reduce': 0.6}",TPESampler,COMPLETE
239,0.8557718992233276,2025-04-26 07:39:08.155269,2025-04-26 07:39:14.600353,0 days 00:00:06.445084,2,72,422,282.0,458.0,,3,118,0.20029461551162375,0.007754887000600452,0.6,/work3/arnaou/checkpoints/megnet_Pc_trial_239_best_state.pt,"{'learning_rate': 0.007754887000600452, 'lr_reduce': 0.6}",TPESampler,COMPLETE
240,0.12634015083312988,2025-04-26 07:39:14.768994,2025-04-26 07:39:40.155424,0 days 00:00:25.386430,1,112,355,188.0,,,2,111,0.20056249115307104,0.002039312490837744,0.6,/work3/arnaou/checkpoints/megnet_Pc_trial_240_best_state.pt,"{'learning_rate': 0.002039312490837744, 'lr_reduce': 0.6}",TPESampler,COMPLETE
241,0.11101044714450836,2025-04-26 07:39:18.450909,2025-04-26 07:39:44.163746,0 days 00:00:25.712837,1,60,349,242.0,,,2,121,0.2198170508828376,0.0056921677314119975,0.6,/work3/arnaou/checkpoints/megnet_Pc_trial_241_best_state.pt,"{'learning_rate': 0.0056921677314119975, 'lr_reduce': 0.6}",TPESampler,COMPLETE
242,0.44998899102211,2025-04-26 07:39:27.849935,2025-04-26 07:39:39.072399,0 days 00:00:11.222464,1,70,480,134.0,343.0,96.0,4,118,0.16050040983900604,0.006184866173886044,0.6,/work3/arnaou/checkpoints/megnet_Pc_trial_242_best_state.pt,"{'learning_rate': 0.006184866173886044, 'lr_reduce': 0.6}",TPESampler,COMPLETE
243,0.08946496248245239,2025-04-26 07:39:39.225491,2025-04-26 07:40:04.246823,0 days 00:00:25.021332,1,69,155,93.0,438.0,235.0,4,92,0.2143517436862206,0.003253472767243202,0.6,/work3/arnaou/checkpoints/megnet_Pc_trial_243_best_state.pt,"{'learning_rate': 0.003253472767243202, 'lr_reduce': 0.6}",TPESampler,COMPLETE
244,0.1435266137123108,2025-04-26 07:39:40.319916,2025-04-26 07:40:02.167148,0 days 00:00:21.847232,1,46,342,80.0,435.0,,3,118,0.12347702518114653,0.002195189297324878,0.6,/work3/arnaou/checkpoints/megnet_Pc_trial_244_best_state.pt,"{'learning_rate': 0.002195189297324878, 'lr_reduce': 0.6}",TPESampler,COMPLETE
245,0.14667318761348724,2025-04-26 07:39:44.336201,2025-04-26 07:40:02.168021,0 days 00:00:17.831820,1,102,173,82.0,414.0,304.0,4,128,0.24748880563603243,0.009393068764077627,0.6,/work3/arnaou/checkpoints/megnet_Pc_trial_245_best_state.pt,"{'learning_rate': 0.009393068764077627, 'lr_reduce': 0.6}",TPESampler,COMPLETE
246,0.8867588043212891,2025-04-26 07:40:02.295909,2025-04-26 07:40:06.907860,0 days 00:00:04.611951,4,94,86,,,,1,98,0.14017915002367815,0.0009721039406225299,0.6,/work3/arnaou/checkpoints/megnet_Pc_trial_246_best_state.pt,"{'learning_rate': 0.0009721039406225299, 'lr_reduce': 0.6}",TPESampler,COMPLETE
247,0.8867835402488708,2025-04-26 07:40:02.343070,2025-04-26 07:40:07.876347,0 days 00:00:05.533277,1,77,222,64.0,465.0,354.0,4,71,0.11736628291789564,0.00032761583913393867,0.6,/work3/arnaou/checkpoints/megnet_Pc_trial_247_best_state.pt,"{'learning_rate': 0.00032761583913393867, 'lr_reduce': 0.6}",TPESampler,COMPLETE
248,0.10574746131896973,2025-04-26 07:40:04.414098,2025-04-26 07:40:30.753273,0 days 00:00:26.339175,1,99,129,139.0,408.0,219.0,4,79,0.2007002446604543,0.003750927474020284,0.6,/work3/arnaou/checkpoints/megnet_Pc_trial_248_best_state.pt,"{'learning_rate': 0.003750927474020284, 'lr_reduce': 0.6}",TPESampler,COMPLETE
249,0.14580638706684113,2025-04-26 07:40:07.076428,2025-04-26 07:40:26.819345,0 days 00:00:19.742917,1,57,161,284.0,496.0,219.0,4,100,0.20340139470958038,0.002793153836728162,0.6,/work3/arnaou/checkpoints/megnet_Pc_trial_249_best_state.pt,"{'learning_rate': 0.002793153836728162, 'lr_reduce': 0.6}",TPESampler,COMPLETE
250,0.32117322087287903,2025-04-26 07:40:08.040204,2025-04-26 07:40:47.119558,0 days 00:00:39.079354,1,117,147,142.0,408.0,,3,37,0.17159782764128723,0.0003375288685510082,0.6,/work3/arnaou/checkpoints/megnet_Pc_trial_250_best_state.pt,"{'learning_rate': 0.0003375288685510082, 'lr_reduce': 0.6}",TPESampler,COMPLETE
251,0.886623740196228,2025-04-26 07:40:26.982086,2025-04-26 07:40:33.280031,0 days 00:00:06.297945,4,122,273,223.0,456.0,,3,87,0.006470228341765111,0.00015805178697632976,0.6,/work3/arnaou/checkpoints/megnet_Pc_trial_251_best_state.pt,"{'learning_rate': 0.00015805178697632976, 'lr_reduce': 0.6}",TPESampler,COMPLETE
252,0.15420041978359222,2025-04-26 07:40:30.917461,2025-04-26 07:41:00.020322,0 days 00:00:29.102861,1,60,166,369.0,367.0,279.0,4,85,0.22852178187247205,0.001792675504500826,0.6,/work3/arnaou/checkpoints/megnet_Pc_trial_252_best_state.pt,"{'learning_rate': 0.001792675504500826, 'lr_reduce': 0.6}",TPESampler,COMPLETE
253,0.887069046497345,2025-04-26 07:40:33.436890,2025-04-26 07:40:39.068132,0 days 00:00:05.631242,4,69,318,217.0,509.0,188.0,4,69,0.05702203686744317,0.0023751523495239156,0.6,/work3/arnaou/checkpoints/megnet_Pc_trial_253_best_state.pt,"{'learning_rate': 0.0023751523495239156, 'lr_reduce': 0.6}",TPESampler,COMPLETE
254,0.8865453004837036,2025-04-26 07:40:39.228899,2025-04-26 07:40:46.688399,0 days 00:00:07.459500,4,98,67,285.0,412.0,289.0,4,51,0.171537758561936,0.00013269510561789104,0.6,/work3/arnaou/checkpoints/megnet_Pc_trial_254_best_state.pt,"{'learning_rate': 0.00013269510561789104, 'lr_reduce': 0.6}",TPESampler,COMPLETE
255,0.13588182628154755,2025-04-26 07:40:46.849069,2025-04-26 07:41:01.636249,0 days 00:00:14.787180,1,84,230,131.0,,,2,127,0.21816886134210844,0.004287305222090903,0.6,/work3/arnaou/checkpoints/megnet_Pc_trial_255_best_state.pt,"{'learning_rate': 0.004287305222090903, 'lr_reduce': 0.6}",TPESampler,COMPLETE
256,0.10576833784580231,2025-04-26 07:40:47.281921,2025-04-26 07:41:08.121698,0 days 00:00:20.839777,1,46,248,197.0,441.0,,3,126,0.15284582998994847,0.0041811266720060275,0.6,/work3/arnaou/checkpoints/megnet_Pc_trial_256_best_state.pt,"{'learning_rate': 0.0041811266720060275, 'lr_reduce': 0.6}",TPESampler,COMPLETE
257,0.1017637848854065,2025-04-26 07:41:00.195466,2025-04-26 07:41:28.360478,0 days 00:00:28.165012,1,51,249,,,,1,118,0.14266906023006673,0.008150550183293439,0.6,/work3/arnaou/checkpoints/megnet_Pc_trial_257_best_state.pt,"{'learning_rate': 0.008150550183293439, 'lr_reduce': 0.6}",TPESampler,COMPLETE
258,0.14859434962272644,2025-04-26 07:41:01.802393,2025-04-26 07:41:34.458993,0 days 00:00:32.656600,1,109,109,,,,1,102,0.13329810066071807,0.00028936514732553966,0.6,/work3/arnaou/checkpoints/megnet_Pc_trial_258_best_state.pt,"{'learning_rate': 0.00028936514732553966, 'lr_reduce': 0.6}",TPESampler,COMPLETE
259,0.1110411286354065,2025-04-26 07:41:08.308965,2025-04-26 07:41:32.962894,0 days 00:00:24.653929,1,76,164,262.0,358.0,216.0,4,97,0.2291721193818732,0.003344745740168994,0.6,/work3/arnaou/checkpoints/megnet_Pc_trial_259_best_state.pt,"{'learning_rate': 0.003344745740168994, 'lr_reduce': 0.6}",TPESampler,COMPLETE
260,0.8871209025382996,2025-04-26 07:41:28.572180,2025-04-26 07:41:33.774091,0 days 00:00:05.201911,4,64,509,,,,1,115,0.15396137034484625,0.0007529190617548644,0.6,/work3/arnaou/checkpoints/megnet_Pc_trial_260_best_state.pt,"{'learning_rate': 0.0007529190617548644, 'lr_reduce': 0.6}",TPESampler,COMPLETE
261,0.4802417457103729,2025-04-26 07:41:33.111402,2025-04-26 07:41:43.261017,0 days 00:00:10.149615,2,71,212,169.0,446.0,351.0,4,84,0.2227234790802284,0.007882253376283057,0.6,/work3/arnaou/checkpoints/megnet_Pc_trial_261_best_state.pt,"{'learning_rate': 0.007882253376283057, 'lr_reduce': 0.6}",TPESampler,COMPLETE
262,0.08956441283226013,2025-04-26 07:41:33.939699,2025-04-26 07:42:00.265946,0 days 00:00:26.326247,1,46,438,,,,1,106,0.2236854592275942,0.005324112439123208,0.6,/work3/arnaou/checkpoints/megnet_Pc_trial_262_best_state.pt,"{'learning_rate': 0.005324112439123208, 'lr_reduce': 0.6}",TPESampler,COMPLETE
263,0.5661192536354065,2025-04-26 07:41:34.633252,2025-04-26 07:41:41.060299,0 days 00:00:06.427047,1,51,479,304.0,,,2,120,0.18602022307424113,0.00944722282231561,0.6,/work3/arnaou/checkpoints/megnet_Pc_trial_263_best_state.pt,"{'learning_rate': 0.00944722282231561, 'lr_reduce': 0.6}",TPESampler,COMPLETE
264,0.15034253895282745,2025-04-26 07:41:41.201103,2025-04-26 07:41:56.270358,0 days 00:00:15.069255,1,37,386,230.0,388.0,,3,128,0.16471628094512722,0.00910894075117709,0.6,/work3/arnaou/checkpoints/megnet_Pc_trial_264_best_state.pt,"{'learning_rate': 0.00910894075117709, 'lr_reduce': 0.6}",TPESampler,COMPLETE
265,0.47997862100601196,2025-04-26 07:41:43.423156,2025-04-26 07:41:51.810657,0 days 00:00:08.387501,1,117,438,119.0,,,2,93,0.17284331894309257,0.007427506685629178,0.6,/work3/arnaou/checkpoints/megnet_Pc_trial_265_best_state.pt,"{'learning_rate': 0.007427506685629178, 'lr_reduce': 0.6}",TPESampler,COMPLETE
266,0.13544681668281555,2025-04-26 07:41:51.963447,2025-04-26 07:42:28.067891,0 days 00:00:36.104444,1,126,260,,,,1,111,0.23859670923521756,0.0033675310187115948,0.6,/work3/arnaou/checkpoints/megnet_Pc_trial_266_best_state.pt,"{'learning_rate': 0.0033675310187115948, 'lr_reduce': 0.6}",TPESampler,COMPLETE
267,0.18738636374473572,2025-04-26 07:41:56.422111,2025-04-26 07:42:11.198957,0 days 00:00:14.776846,1,86,394,253.0,460.0,,3,128,0.20936228794014705,0.001985143591661408,0.6,/work3/arnaou/checkpoints/megnet_Pc_trial_267_best_state.pt,"{'learning_rate': 0.001985143591661408, 'lr_reduce': 0.6}",TPESampler,COMPLETE
268,0.12866240739822388,2025-04-26 07:42:00.409031,2025-04-26 07:42:28.428131,0 days 00:00:28.019100,2,58,459,198.0,,,2,124,0.2439500241748207,0.005689389057912256,0.6,/work3/arnaou/checkpoints/megnet_Pc_trial_268_best_state.pt,"{'learning_rate': 0.005689389057912256, 'lr_reduce': 0.6}",TPESampler,COMPLETE
269,0.10422033071517944,2025-04-26 07:42:11.336840,2025-04-26 07:42:39.338019,0 days 00:00:28.001179,1,43,432,,,,1,103,0.22583571437214814,0.005816626759624323,0.6,/work3/arnaou/checkpoints/megnet_Pc_trial_269_best_state.pt,"{'learning_rate': 0.005816626759624323, 'lr_reduce': 0.6}",TPESampler,COMPLETE
270,0.08488135784864426,2025-04-26 07:42:28.247718,2025-04-26 07:43:06.269788,0 days 00:00:38.022070,1,40,496,322.0,,,2,101,0.24692109048905164,0.004444531586070028,0.6,/work3/arnaou/checkpoints/megnet_Pc_trial_270_best_state.pt,"{'learning_rate': 0.004444531586070028, 'lr_reduce': 0.6}",TPESampler,COMPLETE
271,0.09575846046209335,2025-04-26 07:42:28.591293,2025-04-26 07:42:57.289840,0 days 00:00:28.698547,1,59,213,,,,1,125,0.20806655801649424,0.004350017214597679,0.6,/work3/arnaou/checkpoints/megnet_Pc_trial_271_best_state.pt,"{'learning_rate': 0.004350017214597679, 'lr_reduce': 0.6}",TPESampler,COMPLETE
272,0.21764177083969116,2025-04-26 07:42:39.495405,2025-04-26 07:42:50.754590,0 days 00:00:11.259185,1,55,262,252.0,,,2,126,0.19700498248623333,0.007464818125251054,0.6,/work3/arnaou/checkpoints/megnet_Pc_trial_272_best_state.pt,"{'learning_rate': 0.007464818125251054, 'lr_reduce': 0.6}",TPESampler,COMPLETE
273,0.169077068567276,2025-04-26 07:42:50.925427,2025-04-26 07:43:25.008162,0 days 00:00:34.082735,1,76,192,,,,1,109,0.029195682639174714,0.0004742437080475751,0.6,/work3/arnaou/checkpoints/megnet_Pc_trial_273_best_state.pt,"{'learning_rate': 0.0004742437080475751, 'lr_reduce': 0.6}",TPESampler,COMPLETE
274,0.11331985890865326,2025-04-26 07:42:57.445381,2025-04-26 07:43:24.175578,0 days 00:00:26.730197,1,66,389,260.0,,,2,121,0.2424050833886535,0.00234448661445963,0.6,/work3/arnaou/checkpoints/megnet_Pc_trial_274_best_state.pt,"{'learning_rate': 0.00234448661445963, 'lr_reduce': 0.6}",TPESampler,COMPLETE
