number,value,datetime_start,datetime_complete,duration,params_depth,params_edge_hidden_dim,params_mlp_dim_00,params_mlp_dim_01,params_mlp_dim_02,params_mlp_dim_03,params_mlp_n_layers,params_node_hidden_dim,params_rep_dropout,params_train_learning_rate,params_train_lr_reduce,user_attrs_best_state_dict_path,user_attrs_training_params,system_attrs_auto:sampler,state
1170,0.17385070025920868,2025-04-26 09:32:28.283206,2025-04-26 09:32:57.603116,0 days 00:00:29.319910,2,111,468,230.0,421.0,,3,121,0.17535080974765263,0.004360990281457389,0.6,/work3/arnaou/checkpoints/megnet_Pc_trial_1170_best_state.pt,"{'learning_rate': 0.004360990281457389, 'lr_reduce': 0.6}",TPESampler,COMPLETE
1171,0.09849338233470917,2025-04-26 09:32:33.633766,2025-04-26 09:33:09.464264,0 days 00:00:35.830498,1,48,182,300.0,,,2,104,0.09589538458440036,0.008915299520390609,0.6,/work3/arnaou/checkpoints/megnet_Pc_trial_1171_best_state.pt,"{'learning_rate': 0.008915299520390609, 'lr_reduce': 0.6}",TPESampler,COMPLETE
1172,0.8872548341751099,2025-04-26 09:32:44.664673,2025-04-26 09:32:50.114965,0 days 00:00:05.450292,2,54,276,215.0,315.0,173.0,4,93,0.007990444052426372,0.0034390925544423158,0.6,/work3/arnaou/checkpoints/megnet_Pc_trial_1172_best_state.pt,"{'learning_rate': 0.0034390925544423158, 'lr_reduce': 0.6}",TPESampler,COMPLETE
1173,0.08901743590831757,2025-04-26 09:32:50.335910,2025-04-26 09:33:25.313145,0 days 00:00:34.977235,1,99,289,468.0,,,2,105,0.20707926219949307,0.0027369640913273985,0.6,/work3/arnaou/checkpoints/megnet_Pc_trial_1173_best_state.pt,"{'learning_rate': 0.0027369640913273985, 'lr_reduce': 0.6}",TPESampler,COMPLETE
1174,0.8867999911308289,2025-04-26 09:32:57.869883,2025-04-26 09:33:03.078716,0 days 00:00:05.208833,4,32,429,390.0,374.0,317.0,4,42,0.11513061211791534,0.004446215139590615,0.6,/work3/arnaou/checkpoints/megnet_Pc_trial_1174_best_state.pt,"{'learning_rate': 0.004446215139590615, 'lr_reduce': 0.6}",TPESampler,COMPLETE
1175,0.8871750831604004,2025-04-26 09:33:03.286268,2025-04-26 09:33:08.475242,0 days 00:00:05.188974,4,64,240,,,,1,74,0.20529606528773747,0.001484154332700166,0.6,/work3/arnaou/checkpoints/megnet_Pc_trial_1175_best_state.pt,"{'learning_rate': 0.001484154332700166, 'lr_reduce': 0.6}",TPESampler,COMPLETE
1176,0.8870251178741455,2025-04-26 09:33:08.690671,2025-04-26 09:33:14.373151,0 days 00:00:05.682480,3,40,121,,,,1,67,0.2366362648231958,0.0015941320152073003,0.6,/work3/arnaou/checkpoints/megnet_Pc_trial_1176_best_state.pt,"{'learning_rate': 0.0015941320152073003, 'lr_reduce': 0.6}",TPESampler,COMPLETE
1177,0.2079508900642395,2025-04-26 09:33:09.707436,2025-04-26 09:33:25.221440,0 days 00:00:15.514004,2,83,157,272.0,421.0,,3,82,0.12717834721587576,0.0048549892654552495,0.6,/work3/arnaou/checkpoints/megnet_Pc_trial_1177_best_state.pt,"{'learning_rate': 0.0048549892654552495, 'lr_reduce': 0.6}",TPESampler,COMPLETE
1178,0.10342687368392944,2025-04-26 09:33:14.575470,2025-04-26 09:33:46.771317,0 days 00:00:32.195847,2,47,320,,,,1,88,0.21115436369416904,0.005444122116036843,0.6,/work3/arnaou/checkpoints/megnet_Pc_trial_1178_best_state.pt,"{'learning_rate': 0.005444122116036843, 'lr_reduce': 0.6}",TPESampler,COMPLETE
1179,0.8870989084243774,2025-04-26 09:33:25.402971,2025-04-26 09:33:30.665280,0 days 00:00:05.262309,2,53,402,354.0,,,2,78,0.19549427973196776,0.004315483592224731,0.6,/work3/arnaou/checkpoints/megnet_Pc_trial_1179_best_state.pt,"{'learning_rate': 0.004315483592224731, 'lr_reduce': 0.6}",TPESampler,COMPLETE
1180,0.15600262582302094,2025-04-26 09:33:25.513162,2025-04-26 09:33:43.296576,0 days 00:00:17.783414,1,75,330,430.0,276.0,,3,116,0.08495082141242322,0.00211223282353683,0.6,/work3/arnaou/checkpoints/megnet_Pc_trial_1180_best_state.pt,"{'learning_rate': 0.00211223282353683, 'lr_reduce': 0.6}",TPESampler,COMPLETE
1181,0.14285220205783844,2025-04-26 09:33:30.911486,2025-04-26 09:33:52.012682,0 days 00:00:21.101196,1,73,234,224.0,,,2,91,0.10737850599101498,0.0014153778758577691,0.6,/work3/arnaou/checkpoints/megnet_Pc_trial_1181_best_state.pt,"{'learning_rate': 0.0014153778758577691, 'lr_reduce': 0.6}",TPESampler,COMPLETE
1182,0.8866276144981384,2025-04-26 09:33:43.677456,2025-04-26 09:33:51.859126,0 days 00:00:08.181670,3,106,330,313.0,374.0,67.0,4,93,0.23272051934715585,0.00011500540088637657,0.6,/work3/arnaou/checkpoints/megnet_Pc_trial_1182_best_state.pt,"{'learning_rate': 0.00011500540088637657, 'lr_reduce': 0.6}",TPESampler,COMPLETE
1183,0.147557333111763,2025-04-26 09:33:47.020084,2025-04-26 09:34:03.253137,0 days 00:00:16.233053,1,116,340,263.0,,,2,104,0.14367433660749981,0.0014302865360382618,0.6,/work3/arnaou/checkpoints/megnet_Pc_trial_1183_best_state.pt,"{'learning_rate': 0.0014302865360382618, 'lr_reduce': 0.6}",TPESampler,COMPLETE
1184,0.8871327638626099,2025-04-26 09:33:52.048635,2025-04-26 09:33:56.910788,0 days 00:00:04.862153,3,121,439,,,,1,117,0.17290108622900624,0.00012896673002485992,0.6,/work3/arnaou/checkpoints/megnet_Pc_trial_1184_best_state.pt,"{'learning_rate': 0.00012896673002485992, 'lr_reduce': 0.6}",TPESampler,COMPLETE
1185,0.1463053822517395,2025-04-26 09:33:52.237922,2025-04-26 09:34:21.258856,0 days 00:00:29.020934,1,37,124,416.0,,,2,114,0.10119591328486358,0.0036426945826333367,0.6,/work3/arnaou/checkpoints/megnet_Pc_trial_1185_best_state.pt,"{'learning_rate': 0.0036426945826333367, 'lr_reduce': 0.6}",TPESampler,COMPLETE
1186,0.14708790183067322,2025-04-26 09:33:57.102594,2025-04-26 09:34:22.894679,0 days 00:00:25.792085,1,63,287,,,,1,128,0.005262515122807149,0.0021030513132262404,0.6,/work3/arnaou/checkpoints/megnet_Pc_trial_1186_best_state.pt,"{'learning_rate': 0.0021030513132262404, 'lr_reduce': 0.6}",TPESampler,COMPLETE
1187,0.8869819045066833,2025-04-26 09:34:03.505831,2025-04-26 09:34:08.722232,0 days 00:00:05.216401,2,107,123,353.0,419.0,,3,115,0.2171793451803277,0.00024937134738649345,0.6,/work3/arnaou/checkpoints/megnet_Pc_trial_1187_best_state.pt,"{'learning_rate': 0.00024937134738649345, 'lr_reduce': 0.6}",TPESampler,COMPLETE
1188,0.16041119396686554,2025-04-26 09:34:08.955810,2025-04-26 09:34:24.980278,0 days 00:00:16.024468,1,49,306,214.0,,,2,109,0.15422537255046076,0.00986747644013703,0.6,/work3/arnaou/checkpoints/megnet_Pc_trial_1188_best_state.pt,"{'learning_rate': 0.00986747644013703, 'lr_reduce': 0.6}",TPESampler,COMPLETE
1189,0.4781705141067505,2025-04-26 09:34:21.475161,2025-04-26 09:34:33.468417,0 days 00:00:11.993256,1,82,127,472.0,322.0,450.0,4,87,0.02235696815762277,0.007666641549409604,0.6,/work3/arnaou/checkpoints/megnet_Pc_trial_1189_best_state.pt,"{'learning_rate': 0.007666641549409604, 'lr_reduce': 0.6}",TPESampler,COMPLETE
1190,0.09384666383266449,2025-04-26 09:34:23.080505,2025-04-26 09:34:59.543295,0 days 00:00:36.462790,1,43,72,382.0,353.0,263.0,4,83,0.023458227580032145,0.008337316845520932,0.6,/work3/arnaou/checkpoints/megnet_Pc_trial_1190_best_state.pt,"{'learning_rate': 0.008337316845520932, 'lr_reduce': 0.6}",TPESampler,COMPLETE
1191,0.7832493782043457,2025-04-26 09:34:25.209502,2025-04-26 09:34:35.223213,0 days 00:00:10.013711,4,99,232,104.0,394.0,,3,122,0.07206978671888935,0.009089552978186874,0.6,/work3/arnaou/checkpoints/megnet_Pc_trial_1191_best_state.pt,"{'learning_rate': 0.009089552978186874, 'lr_reduce': 0.6}",TPESampler,COMPLETE
1192,0.11258991807699203,2025-04-26 09:34:33.662716,2025-04-26 09:34:52.778876,0 days 00:00:19.116160,1,37,156,265.0,,,2,85,0.17120058722556658,0.005971834615220631,0.6,/work3/arnaou/checkpoints/megnet_Pc_trial_1192_best_state.pt,"{'learning_rate': 0.005971834615220631, 'lr_reduce': 0.6}",TPESampler,COMPLETE
1193,0.4086059331893921,2025-04-26 09:34:35.468122,2025-04-26 09:34:42.494940,0 days 00:00:07.026818,1,34,421,,,,1,67,0.1387103963851048,0.0037799223783076064,0.6,/work3/arnaou/checkpoints/megnet_Pc_trial_1193_best_state.pt,"{'learning_rate': 0.0037799223783076064, 'lr_reduce': 0.6}",TPESampler,COMPLETE
1194,0.19117455184459686,2025-04-26 09:34:42.715930,2025-04-26 09:35:04.084180,0 days 00:00:21.368250,2,34,160,68.0,,,2,127,0.00853275886390633,0.004437769361306619,0.6,/work3/arnaou/checkpoints/megnet_Pc_trial_1194_best_state.pt,"{'learning_rate': 0.004437769361306619, 'lr_reduce': 0.6}",TPESampler,COMPLETE
1195,0.13012805581092834,2025-04-26 09:34:53.016334,2025-04-26 09:35:24.532619,0 days 00:00:31.516285,1,51,289,301.0,,,2,93,0.07460559135623218,0.003697391189810737,0.6,/work3/arnaou/checkpoints/megnet_Pc_trial_1195_best_state.pt,"{'learning_rate': 0.003697391189810737, 'lr_reduce': 0.6}",TPESampler,COMPLETE
1196,0.09037721157073975,2025-04-26 09:34:59.742256,2025-04-26 09:35:24.920852,0 days 00:00:25.178596,1,42,351,422.0,,,2,74,0.12173695102161268,0.009450601810763634,0.6,/work3/arnaou/checkpoints/megnet_Pc_trial_1196_best_state.pt,"{'learning_rate': 0.009450601810763634, 'lr_reduce': 0.6}",TPESampler,COMPLETE
1197,0.49896228313446045,2025-04-26 09:35:04.276261,2025-04-26 09:35:12.296606,0 days 00:00:08.020345,2,92,308,218.0,,,2,106,0.15805615123955136,0.005922444247992402,0.6,/work3/arnaou/checkpoints/megnet_Pc_trial_1197_best_state.pt,"{'learning_rate': 0.005922444247992402, 'lr_reduce': 0.6}",TPESampler,COMPLETE
1198,0.14319664239883423,2025-04-26 09:35:12.502359,2025-04-26 09:35:54.884932,0 days 00:00:42.382573,4,122,329,349.0,,,2,81,0.04095867927229713,0.0014485811016226396,0.6,/work3/arnaou/checkpoints/megnet_Pc_trial_1198_best_state.pt,"{'learning_rate': 0.0014485811016226396, 'lr_reduce': 0.6}",TPESampler,COMPLETE
1199,0.20212753117084503,2025-04-26 09:35:24.863227,2025-04-26 09:35:43.416671,0 days 00:00:18.553444,1,126,366,203.0,,,2,123,0.21538067054933116,0.009592586951884486,0.6,/work3/arnaou/checkpoints/megnet_Pc_trial_1199_best_state.pt,"{'learning_rate': 0.009592586951884486, 'lr_reduce': 0.6}",TPESampler,COMPLETE
1200,0.15985524654388428,2025-04-26 09:35:25.193062,2025-04-26 09:36:01.798895,0 days 00:00:36.605833,1,90,391,274.0,,,2,126,0.2244876887477008,0.004440967929537492,0.6,/work3/arnaou/checkpoints/megnet_Pc_trial_1200_best_state.pt,"{'learning_rate': 0.004440967929537492, 'lr_reduce': 0.6}",TPESampler,COMPLETE
1201,0.16840879619121552,2025-04-26 09:35:43.635013,2025-04-26 09:36:05.070156,0 days 00:00:21.435143,1,75,276,394.0,416.0,362.0,4,97,0.005008377826916985,0.003092504342123074,0.6,/work3/arnaou/checkpoints/megnet_Pc_trial_1201_best_state.pt,"{'learning_rate': 0.003092504342123074, 'lr_reduce': 0.6}",TPESampler,COMPLETE
1202,0.17213936150074005,2025-04-26 09:35:55.104179,2025-04-26 09:36:08.775050,0 days 00:00:13.670871,1,75,256,122.0,343.0,,3,128,0.12288287973127458,0.00837386583755588,0.6,/work3/arnaou/checkpoints/megnet_Pc_trial_1202_best_state.pt,"{'learning_rate': 0.00837386583755588, 'lr_reduce': 0.6}",TPESampler,COMPLETE
1203,0.3590087294578552,2025-04-26 09:36:02.006867,2025-04-26 09:36:24.713500,0 days 00:00:22.706633,1,70,227,,,,1,103,0.15178738891573781,0.009131055309346514,0.6,/work3/arnaou/checkpoints/megnet_Pc_trial_1203_best_state.pt,"{'learning_rate': 0.009131055309346514, 'lr_reduce': 0.6}",TPESampler,COMPLETE
1204,0.1220666915178299,2025-04-26 09:36:05.283557,2025-04-26 09:36:26.420883,0 days 00:00:21.137326,2,57,233,,,,1,116,0.19306982336811684,0.002607759270218795,0.6,/work3/arnaou/checkpoints/megnet_Pc_trial_1204_best_state.pt,"{'learning_rate': 0.002607759270218795, 'lr_reduce': 0.6}",TPESampler,COMPLETE
1205,0.23731164634227753,2025-04-26 09:36:08.997155,2025-04-26 09:36:34.567589,0 days 00:00:25.570434,2,44,469,,,,1,108,0.16647548545326288,0.008035093488372317,0.6,/work3/arnaou/checkpoints/megnet_Pc_trial_1205_best_state.pt,"{'learning_rate': 0.008035093488372317, 'lr_reduce': 0.6}",TPESampler,COMPLETE
1206,0.13188353180885315,2025-04-26 09:36:24.944780,2025-04-26 09:37:04.563720,0 days 00:00:39.618940,2,53,511,,,,1,52,0.109786965668563,0.0035235750289524088,0.6,/work3/arnaou/checkpoints/megnet_Pc_trial_1206_best_state.pt,"{'learning_rate': 0.0035235750289524088, 'lr_reduce': 0.6}",TPESampler,COMPLETE
1207,0.12969598174095154,2025-04-26 09:36:26.639482,2025-04-26 09:36:45.398944,0 days 00:00:18.759462,1,72,192,455.0,239.0,,3,105,0.006680595768494667,0.0022901374434447916,0.6,/work3/arnaou/checkpoints/megnet_Pc_trial_1207_best_state.pt,"{'learning_rate': 0.0022901374434447916, 'lr_reduce': 0.6}",TPESampler,COMPLETE
1208,0.6948570609092712,2025-04-26 09:36:34.750116,2025-04-26 09:36:44.382868,0 days 00:00:09.632752,3,103,104,315.0,284.0,,3,100,0.0033480026261821505,0.007881780489944642,0.6,/work3/arnaou/checkpoints/megnet_Pc_trial_1208_best_state.pt,"{'learning_rate': 0.007881780489944642, 'lr_reduce': 0.6}",TPESampler,COMPLETE
1209,0.20031708478927612,2025-04-26 09:36:44.601522,2025-04-26 09:37:23.659906,0 days 00:00:39.058384,1,67,266,238.0,415.0,189.0,4,118,0.0018711130854788356,0.005808820513557463,0.6,/work3/arnaou/checkpoints/megnet_Pc_trial_1209_best_state.pt,"{'learning_rate': 0.005808820513557463, 'lr_reduce': 0.6}",TPESampler,COMPLETE
1210,0.1873239278793335,2025-04-26 09:36:45.588392,2025-04-26 09:37:32.136565,0 days 00:00:46.548173,1,72,372,427.0,362.0,,3,101,0.037632522736520034,0.009688052810446662,0.6,/work3/arnaou/checkpoints/megnet_Pc_trial_1210_best_state.pt,"{'learning_rate': 0.009688052810446662, 'lr_reduce': 0.6}",TPESampler,COMPLETE
1211,0.20458412170410156,2025-04-26 09:37:04.815520,2025-04-26 09:37:34.113196,0 days 00:00:29.297676,2,65,142,376.0,314.0,139.0,4,102,0.003929143115186495,0.004298317701628455,0.6,/work3/arnaou/checkpoints/megnet_Pc_trial_1211_best_state.pt,"{'learning_rate': 0.004298317701628455, 'lr_reduce': 0.6}",TPESampler,COMPLETE
1212,0.15983103215694427,2025-04-26 09:37:23.927779,2025-04-26 09:37:50.365872,0 days 00:00:26.438093,2,44,374,125.0,420.0,,3,109,0.18032552149656925,0.003115946851576831,0.6,/work3/arnaou/checkpoints/megnet_Pc_trial_1212_best_state.pt,"{'learning_rate': 0.003115946851576831, 'lr_reduce': 0.6}",TPESampler,COMPLETE
1213,0.09816306084394455,2025-04-26 09:37:32.330710,2025-04-26 09:38:04.284037,0 days 00:00:31.953327,1,83,276,259.0,,,2,125,0.15995012337658798,0.0047886816091066015,0.6,/work3/arnaou/checkpoints/megnet_Pc_trial_1213_best_state.pt,"{'learning_rate': 0.0047886816091066015, 'lr_reduce': 0.6}",TPESampler,COMPLETE
1214,0.15987528860569,2025-04-26 09:37:34.314587,2025-04-26 09:37:56.597539,0 days 00:00:22.282952,1,36,253,181.0,378.0,,3,103,0.16381842487294745,0.0022342601267375762,0.6,/work3/arnaou/checkpoints/megnet_Pc_trial_1214_best_state.pt,"{'learning_rate': 0.0022342601267375762, 'lr_reduce': 0.6}",TPESampler,COMPLETE
1215,0.12276734411716461,2025-04-26 09:37:50.587553,2025-04-26 09:38:23.723404,0 days 00:00:33.135851,2,55,435,485.0,,,2,101,0.037485538158724505,0.005925660886947764,0.6,/work3/arnaou/checkpoints/megnet_Pc_trial_1215_best_state.pt,"{'learning_rate': 0.005925660886947764, 'lr_reduce': 0.6}",TPESampler,COMPLETE
1216,0.1466916799545288,2025-04-26 09:37:56.814493,2025-04-26 09:38:16.602336,0 days 00:00:19.787843,1,78,231,,,,1,119,0.19280465851613243,0.008832553534422664,0.6,/work3/arnaou/checkpoints/megnet_Pc_trial_1216_best_state.pt,"{'learning_rate': 0.008832553534422664, 'lr_reduce': 0.6}",TPESampler,COMPLETE
1217,0.1093008890748024,2025-04-26 09:38:04.530166,2025-04-26 09:38:35.903251,0 days 00:00:31.373085,1,60,307,302.0,363.0,,3,87,0.21853850118921497,0.002960053042896386,0.6,/work3/arnaou/checkpoints/megnet_Pc_trial_1217_best_state.pt,"{'learning_rate': 0.002960053042896386, 'lr_reduce': 0.6}",TPESampler,COMPLETE
1218,0.13759763538837433,2025-04-26 09:38:16.809663,2025-04-26 09:38:43.715866,0 days 00:00:26.906203,1,45,215,221.0,419.0,293.0,4,86,0.09107193712995994,0.0015800257170906868,0.6,/work3/arnaou/checkpoints/megnet_Pc_trial_1218_best_state.pt,"{'learning_rate': 0.0015800257170906868, 'lr_reduce': 0.6}",TPESampler,COMPLETE
1219,0.10143516957759857,2025-04-26 09:38:23.937805,2025-04-26 09:38:47.311953,0 days 00:00:23.374148,1,40,411,102.0,,,2,72,0.1774579159357157,0.005749943245621103,0.6,/work3/arnaou/checkpoints/megnet_Pc_trial_1219_best_state.pt,"{'learning_rate': 0.005749943245621103, 'lr_reduce': 0.6}",TPESampler,COMPLETE
1220,0.11537215113639832,2025-04-26 09:38:36.300136,2025-04-26 09:39:01.359730,0 days 00:00:25.059594,1,47,505,365.0,,,2,100,0.24222017304543236,0.0034373595032510247,0.6,/work3/arnaou/checkpoints/megnet_Pc_trial_1220_best_state.pt,"{'learning_rate': 0.0034373595032510247, 'lr_reduce': 0.6}",TPESampler,COMPLETE
1221,0.12019319087266922,2025-04-26 09:38:43.913392,2025-04-26 09:39:17.743901,0 days 00:00:33.830509,1,64,96,419.0,313.0,,3,109,0.06446185908934662,0.005354359890644686,0.6,/work3/arnaou/checkpoints/megnet_Pc_trial_1221_best_state.pt,"{'learning_rate': 0.005354359890644686, 'lr_reduce': 0.6}",TPESampler,COMPLETE
1222,0.09096813946962357,2025-04-26 09:38:47.521446,2025-04-26 09:39:14.064365,0 days 00:00:26.542919,1,46,456,184.0,240.0,,3,118,0.1580585245358746,0.009627227894762627,0.6,/work3/arnaou/checkpoints/megnet_Pc_trial_1222_best_state.pt,"{'learning_rate': 0.009627227894762627, 'lr_reduce': 0.6}",TPESampler,COMPLETE
1223,0.22228007018566132,2025-04-26 09:39:01.713175,2025-04-26 09:39:22.593768,0 days 00:00:20.880593,2,128,386,249.0,,,2,127,0.14247727710258273,0.0012494595465480218,0.6,/work3/arnaou/checkpoints/megnet_Pc_trial_1223_best_state.pt,"{'learning_rate': 0.0012494595465480218, 'lr_reduce': 0.6}",TPESampler,COMPLETE
1224,0.15885813534259796,2025-04-26 09:39:14.283389,2025-04-26 09:39:27.269963,0 days 00:00:12.986574,1,43,504,,,,1,115,0.2385274283811674,0.009770997892378976,0.6,/work3/arnaou/checkpoints/megnet_Pc_trial_1224_best_state.pt,"{'learning_rate': 0.009770997892378976, 'lr_reduce': 0.6}",TPESampler,COMPLETE
1225,0.7753357887268066,2025-04-26 09:39:17.955292,2025-04-26 09:39:25.388437,0 days 00:00:07.433145,3,82,287,,,,1,42,0.089884762424326,0.005480577882234431,0.6,/work3/arnaou/checkpoints/megnet_Pc_trial_1225_best_state.pt,"{'learning_rate': 0.005480577882234431, 'lr_reduce': 0.6}",TPESampler,COMPLETE
1226,0.16234785318374634,2025-04-26 09:39:22.791691,2025-04-26 09:39:42.501985,0 days 00:00:19.710294,2,61,395,334.0,378.0,,3,127,0.1641919493031349,0.005621132673475342,0.6,/work3/arnaou/checkpoints/megnet_Pc_trial_1226_best_state.pt,"{'learning_rate': 0.005621132673475342, 'lr_reduce': 0.6}",TPESampler,COMPLETE
1227,0.8870390057563782,2025-04-26 09:39:25.605300,2025-04-26 09:39:32.540867,0 days 00:00:06.935567,4,68,270,136.0,433.0,508.0,4,105,0.016979702889291765,0.0010624931070630068,0.6,/work3/arnaou/checkpoints/megnet_Pc_trial_1227_best_state.pt,"{'learning_rate': 0.0010624931070630068, 'lr_reduce': 0.6}",TPESampler,COMPLETE
1228,0.3959326148033142,2025-04-26 09:39:27.482202,2025-04-26 09:39:41.267375,0 days 00:00:13.785173,1,69,143,,,,1,119,0.06987245249120752,0.00923536222378344,0.6,/work3/arnaou/checkpoints/megnet_Pc_trial_1228_best_state.pt,"{'learning_rate': 0.00923536222378344, 'lr_reduce': 0.6}",TPESampler,COMPLETE
1229,0.1402808576822281,2025-04-26 09:39:32.753265,2025-04-26 09:40:09.855815,0 days 00:00:37.102550,1,60,512,396.0,,,2,80,0.21988389057385446,0.0008199568092911307,0.6,/work3/arnaou/checkpoints/megnet_Pc_trial_1229_best_state.pt,"{'learning_rate': 0.0008199568092911307, 'lr_reduce': 0.6}",TPESampler,COMPLETE
1230,0.11141350865364075,2025-04-26 09:39:41.483920,2025-04-26 09:40:12.282673,0 days 00:00:30.798753,1,127,219,265.0,,,2,121,0.23972387337242662,0.00214798672053757,0.6,/work3/arnaou/checkpoints/megnet_Pc_trial_1230_best_state.pt,"{'learning_rate': 0.00214798672053757, 'lr_reduce': 0.6}",TPESampler,COMPLETE
1231,0.8866615891456604,2025-04-26 09:39:42.715875,2025-04-26 09:39:49.090493,0 days 00:00:06.374618,3,60,162,,,,1,59,0.16779653137664446,0.00010829983585429154,0.6,/work3/arnaou/checkpoints/megnet_Pc_trial_1231_best_state.pt,"{'learning_rate': 0.00010829983585429154, 'lr_reduce': 0.6}",TPESampler,COMPLETE
1232,0.10582897067070007,2025-04-26 09:39:49.318818,2025-04-26 09:40:22.657056,0 days 00:00:33.338238,1,34,367,510.0,,,2,108,0.16004911847458322,0.009538345776881318,0.6,/work3/arnaou/checkpoints/megnet_Pc_trial_1232_best_state.pt,"{'learning_rate': 0.009538345776881318, 'lr_reduce': 0.6}",TPESampler,COMPLETE
1233,0.1850101351737976,2025-04-26 09:40:10.096061,2025-04-26 09:40:30.156868,0 days 00:00:20.060807,1,128,320,,,,1,85,0.20125399049438042,0.0027755511551430267,0.6,/work3/arnaou/checkpoints/megnet_Pc_trial_1233_best_state.pt,"{'learning_rate': 0.0027755511551430267, 'lr_reduce': 0.6}",TPESampler,COMPLETE
1234,0.08512702584266663,2025-04-26 09:40:12.482216,2025-04-26 09:40:42.471319,0 days 00:00:29.989103,1,51,444,438.0,,,2,82,0.2021805151522482,0.004022928793163069,0.6,/work3/arnaou/checkpoints/megnet_Pc_trial_1234_best_state.pt,"{'learning_rate': 0.004022928793163069, 'lr_reduce': 0.6}",TPESampler,COMPLETE
1235,0.08646275848150253,2025-04-26 09:40:22.858724,2025-04-26 09:40:59.184509,0 days 00:00:36.325785,1,122,205,,,,1,125,0.17645298715933702,0.004605282143130121,0.6,/work3/arnaou/checkpoints/megnet_Pc_trial_1235_best_state.pt,"{'learning_rate': 0.004605282143130121, 'lr_reduce': 0.6}",TPESampler,COMPLETE
1236,0.8860098719596863,2025-04-26 09:40:30.363872,2025-04-26 09:40:37.355061,0 days 00:00:06.991189,4,122,109,194.0,343.0,216.0,4,92,0.06910920946901344,0.0002650923877598845,0.6,/work3/arnaou/checkpoints/megnet_Pc_trial_1236_best_state.pt,"{'learning_rate': 0.0002650923877598845, 'lr_reduce': 0.6}",TPESampler,COMPLETE
1237,0.08413322269916534,2025-04-26 09:40:37.552974,2025-04-26 09:40:57.107950,0 days 00:00:19.554976,1,46,201,96.0,430.0,,3,111,0.009954980954609609,0.006823775323259806,0.6,/work3/arnaou/checkpoints/megnet_Pc_trial_1237_best_state.pt,"{'learning_rate': 0.006823775323259806, 'lr_reduce': 0.6}",TPESampler,COMPLETE
1238,0.12667100131511688,2025-04-26 09:40:42.711399,2025-04-26 09:41:01.673737,0 days 00:00:18.962338,1,68,422,321.0,281.0,,3,115,0.2063074336690004,0.002631748264275088,0.6,/work3/arnaou/checkpoints/megnet_Pc_trial_1238_best_state.pt,"{'learning_rate': 0.002631748264275088, 'lr_reduce': 0.6}",TPESampler,COMPLETE
