number,value,datetime_start,datetime_complete,duration,params_depth,params_edge_hidden_dim,params_mlp_dim_00,params_mlp_dim_01,params_mlp_dim_02,params_mlp_dim_03,params_mlp_n_layers,params_node_hidden_dim,params_rep_dropout,params_train_learning_rate,params_train_lr_reduce,user_attrs_best_state_dict_path,user_attrs_training_params,system_attrs_auto:sampler,state
2342,0.10251515358686447,2025-04-26 12:07:32.647271,2025-04-26 12:08:11.642955,0 days 00:00:38.995684,1,82,154,,,,1,52,0.025561642695251442,0.00593292503430075,0.6,/work3/arnaou/checkpoints/megnet_Pc_trial_2342_best_state.pt,"{'learning_rate': 0.00593292503430075, 'lr_reduce': 0.6}",TPESampler,COMPLETE
2343,0.34779441356658936,2025-04-26 12:07:37.063407,2025-04-26 12:07:48.833744,0 days 00:00:11.770337,1,68,216,335.0,,,2,93,0.10948161344583054,0.007762618158310214,0.6,/work3/arnaou/checkpoints/megnet_Pc_trial_2343_best_state.pt,"{'learning_rate': 0.007762618158310214, 'lr_reduce': 0.6}",TPESampler,COMPLETE
2344,0.14105132222175598,2025-04-26 12:07:49.135649,2025-04-26 12:08:15.267364,0 days 00:00:26.131715,1,52,247,220.0,269.0,432.0,4,127,0.1850830976440181,0.008796146385224192,0.6,/work3/arnaou/checkpoints/megnet_Pc_trial_2344_best_state.pt,"{'learning_rate': 0.008796146385224192, 'lr_reduce': 0.6}",TPESampler,COMPLETE
2345,0.43174293637275696,2025-04-26 12:08:09.072121,2025-04-26 12:08:16.946753,0 days 00:00:07.874632,1,79,237,432.0,,,2,82,0.23728040735063227,0.003774975171518807,0.6,/work3/arnaou/checkpoints/megnet_Pc_trial_2345_best_state.pt,"{'learning_rate': 0.003774975171518807, 'lr_reduce': 0.6}",TPESampler,COMPLETE
2346,0.3908882439136505,2025-04-26 12:08:11.894989,2025-04-26 12:08:28.628401,0 days 00:00:16.733412,1,70,285,378.0,177.0,184.0,4,100,0.012080928224244862,0.008202288627501065,0.6,/work3/arnaou/checkpoints/megnet_Pc_trial_2346_best_state.pt,"{'learning_rate': 0.008202288627501065, 'lr_reduce': 0.6}",TPESampler,COMPLETE
2347,0.10497404634952545,2025-04-26 12:08:15.482005,2025-04-26 12:08:43.190201,0 days 00:00:27.708196,1,38,250,306.0,,,2,109,0.03750411083553608,0.008234165117140922,0.6,/work3/arnaou/checkpoints/megnet_Pc_trial_2347_best_state.pt,"{'learning_rate': 0.008234165117140922, 'lr_reduce': 0.6}",TPESampler,COMPLETE
2348,0.16132979094982147,2025-04-26 12:08:17.161134,2025-04-26 12:08:42.035069,0 days 00:00:24.873935,1,79,315,238.0,,,2,101,0.17195592707805163,0.001733591915494483,0.6,/work3/arnaou/checkpoints/megnet_Pc_trial_2348_best_state.pt,"{'learning_rate': 0.001733591915494483, 'lr_reduce': 0.6}",TPESampler,COMPLETE
2349,0.2339620590209961,2025-04-26 12:08:28.847375,2025-04-26 12:08:43.024010,0 days 00:00:14.176635,2,48,383,402.0,,,2,103,0.14828046740107315,0.0026857536735601234,0.6,/work3/arnaou/checkpoints/megnet_Pc_trial_2349_best_state.pt,"{'learning_rate': 0.0026857536735601234, 'lr_reduce': 0.6}",TPESampler,COMPLETE
2350,0.12948301434516907,2025-04-26 12:08:42.243086,2025-04-26 12:09:19.443214,0 days 00:00:37.200128,1,102,378,,,,1,101,0.19471376956623898,0.0047967224211852445,0.6,/work3/arnaou/checkpoints/megnet_Pc_trial_2350_best_state.pt,"{'learning_rate': 0.0047967224211852445, 'lr_reduce': 0.6}",TPESampler,COMPLETE
2351,0.8869831562042236,2025-04-26 12:08:43.250057,2025-04-26 12:08:51.216846,0 days 00:00:07.966789,4,60,157,462.0,261.0,65.0,4,79,0.06825943712279757,0.0017937114097504347,0.6,/work3/arnaou/checkpoints/megnet_Pc_trial_2351_best_state.pt,"{'learning_rate': 0.0017937114097504347, 'lr_reduce': 0.6}",TPESampler,COMPLETE
2352,0.12076307088136673,2025-04-26 12:08:43.439075,2025-04-26 12:09:16.876403,0 days 00:00:33.437328,3,33,76,177.0,,,2,67,0.010122199389472925,0.007890243802992667,0.6,/work3/arnaou/checkpoints/megnet_Pc_trial_2352_best_state.pt,"{'learning_rate': 0.007890243802992667, 'lr_reduce': 0.6}",TPESampler,COMPLETE
2353,0.14913254976272583,2025-04-26 12:08:51.493254,2025-04-26 12:09:11.350983,0 days 00:00:19.857729,1,37,70,275.0,122.0,,3,114,0.13113145342970095,0.008491831784189923,0.6,/work3/arnaou/checkpoints/megnet_Pc_trial_2353_best_state.pt,"{'learning_rate': 0.008491831784189923, 'lr_reduce': 0.6}",TPESampler,COMPLETE
2354,0.1434701681137085,2025-04-26 12:09:11.554173,2025-04-26 12:09:42.621093,0 days 00:00:31.066920,1,61,192,,,,1,86,0.09818711439507449,0.004149987623538053,0.6,/work3/arnaou/checkpoints/megnet_Pc_trial_2354_best_state.pt,"{'learning_rate': 0.004149987623538053, 'lr_reduce': 0.6}",TPESampler,COMPLETE
2355,0.8868310451507568,2025-04-26 12:09:17.113800,2025-04-26 12:09:23.433853,0 days 00:00:06.320053,2,103,181,368.0,224.0,315.0,4,51,0.17299180629634356,0.00022994229133327645,0.6,/work3/arnaou/checkpoints/megnet_Pc_trial_2355_best_state.pt,"{'learning_rate': 0.00022994229133327645, 'lr_reduce': 0.6}",TPESampler,COMPLETE
2356,0.8869330286979675,2025-04-26 12:09:19.680180,2025-04-26 12:09:25.037308,0 days 00:00:05.357128,2,112,275,328.0,,,2,71,0.09654607668132421,0.0007751638168633758,0.6,/work3/arnaou/checkpoints/megnet_Pc_trial_2356_best_state.pt,"{'learning_rate': 0.0007751638168633758, 'lr_reduce': 0.6}",TPESampler,COMPLETE
2357,0.13497912883758545,2025-04-26 12:09:23.650549,2025-04-26 12:09:59.997351,0 days 00:00:36.346802,1,67,76,129.0,,,2,78,0.0018459795309822002,0.009081145481396562,0.6,/work3/arnaou/checkpoints/megnet_Pc_trial_2357_best_state.pt,"{'learning_rate': 0.009081145481396562, 'lr_reduce': 0.6}",TPESampler,COMPLETE
2358,0.11398134380578995,2025-04-26 12:09:25.265194,2025-04-26 12:09:59.142026,0 days 00:00:33.876832,1,53,337,414.0,,,2,68,0.16288122405875502,0.003529588922352635,0.6,/work3/arnaou/checkpoints/megnet_Pc_trial_2358_best_state.pt,"{'learning_rate': 0.003529588922352635, 'lr_reduce': 0.6}",TPESampler,COMPLETE
2359,0.10705273598432541,2025-04-26 12:09:42.837415,2025-04-26 12:10:19.262918,0 days 00:00:36.425503,1,113,450,451.0,,,2,116,0.13237032261411466,0.003918010897507028,0.6,/work3/arnaou/checkpoints/megnet_Pc_trial_2359_best_state.pt,"{'learning_rate': 0.003918010897507028, 'lr_reduce': 0.6}",TPESampler,COMPLETE
2360,0.14343324303627014,2025-04-26 12:09:59.361780,2025-04-26 12:10:28.758545,0 days 00:00:29.396765,1,36,340,277.0,272.0,,3,85,0.1716343783259906,0.002456477973947181,0.6,/work3/arnaou/checkpoints/megnet_Pc_trial_2360_best_state.pt,"{'learning_rate': 0.002456477973947181, 'lr_reduce': 0.6}",TPESampler,COMPLETE
2361,0.8872241973876953,2025-04-26 12:10:00.467489,2025-04-26 12:10:06.094865,0 days 00:00:05.627376,3,35,307,209.0,,,2,62,0.1858625266758292,0.000813014179341063,0.6,/work3/arnaou/checkpoints/megnet_Pc_trial_2361_best_state.pt,"{'learning_rate': 0.000813014179341063, 'lr_reduce': 0.6}",TPESampler,COMPLETE
2362,0.13002851605415344,2025-04-26 12:10:06.348994,2025-04-26 12:10:34.760573,0 days 00:00:28.411579,1,42,218,354.0,156.0,,3,63,0.18805230540645643,0.003644148566059552,0.6,/work3/arnaou/checkpoints/megnet_Pc_trial_2362_best_state.pt,"{'learning_rate': 0.003644148566059552, 'lr_reduce': 0.6}",TPESampler,COMPLETE
2363,0.13826113939285278,2025-04-26 12:10:19.485479,2025-04-26 12:10:42.582905,0 days 00:00:23.097426,1,32,95,405.0,,,2,90,0.03938926083711971,0.009838243635813263,0.6,/work3/arnaou/checkpoints/megnet_Pc_trial_2363_best_state.pt,"{'learning_rate': 0.009838243635813263, 'lr_reduce': 0.6}",TPESampler,COMPLETE
2364,0.12259850651025772,2025-04-26 12:10:28.989703,2025-04-26 12:10:55.319434,0 days 00:00:26.329731,1,85,311,99.0,346.0,,3,110,0.20191198627603998,0.00814769842269775,0.6,/work3/arnaou/checkpoints/megnet_Pc_trial_2364_best_state.pt,"{'learning_rate': 0.00814769842269775, 'lr_reduce': 0.6}",TPESampler,COMPLETE
2365,0.13252630829811096,2025-04-26 12:10:35.044333,2025-04-26 12:11:09.575056,0 days 00:00:34.530723,1,76,125,,,,1,97,0.14215597324202658,0.0025786489018020794,0.6,/work3/arnaou/checkpoints/megnet_Pc_trial_2365_best_state.pt,"{'learning_rate': 0.0025786489018020794, 'lr_reduce': 0.6}",TPESampler,COMPLETE
2366,0.3512214720249176,2025-04-26 12:10:42.834035,2025-04-26 12:10:55.281441,0 days 00:00:12.447406,1,40,68,240.0,,,2,104,0.06503112103084309,0.009072386920312312,0.6,/work3/arnaou/checkpoints/megnet_Pc_trial_2366_best_state.pt,"{'learning_rate': 0.009072386920312312, 'lr_reduce': 0.6}",TPESampler,COMPLETE
2367,0.4259362816810608,2025-04-26 12:10:55.419260,2025-04-26 12:11:10.301500,0 days 00:00:14.882240,2,44,250,311.0,201.0,,3,84,0.1716863110988115,0.009871398692947715,0.6,/work3/arnaou/checkpoints/megnet_Pc_trial_2367_best_state.pt,"{'learning_rate': 0.009871398692947715, 'lr_reduce': 0.6}",TPESampler,COMPLETE
2368,0.49942055344581604,2025-04-26 12:10:55.468477,2025-04-26 12:11:05.999848,0 days 00:00:10.531371,2,57,186,302.0,,,2,81,0.24041899226426558,0.009157134084295877,0.6,/work3/arnaou/checkpoints/megnet_Pc_trial_2368_best_state.pt,"{'learning_rate': 0.009157134084295877, 'lr_reduce': 0.6}",TPESampler,COMPLETE
2369,0.37994158267974854,2025-04-26 12:11:06.231472,2025-04-26 12:11:29.129152,0 days 00:00:22.897680,1,61,224,370.0,,,2,69,0.17827929176085408,0.0069665060450360096,0.6,/work3/arnaou/checkpoints/megnet_Pc_trial_2369_best_state.pt,"{'learning_rate': 0.0069665060450360096, 'lr_reduce': 0.6}",TPESampler,COMPLETE
2370,0.1440909206867218,2025-04-26 12:11:09.809948,2025-04-26 12:11:34.826374,0 days 00:00:25.016426,2,35,490,,,,1,79,0.14680455164995174,0.007972706426467347,0.6,/work3/arnaou/checkpoints/megnet_Pc_trial_2370_best_state.pt,"{'learning_rate': 0.007972706426467347, 'lr_reduce': 0.6}",TPESampler,COMPLETE
2371,0.15495342016220093,2025-04-26 12:11:10.596646,2025-04-26 12:11:35.199135,0 days 00:00:24.602489,1,64,253,160.0,,,2,93,0.19486199935826576,0.0027600385767421226,0.6,/work3/arnaou/checkpoints/megnet_Pc_trial_2371_best_state.pt,"{'learning_rate': 0.0027600385767421226, 'lr_reduce': 0.6}",TPESampler,COMPLETE
2372,0.14220230281352997,2025-04-26 12:11:29.331014,2025-04-26 12:11:59.565814,0 days 00:00:30.234800,1,103,369,446.0,,,2,119,0.1641313455937985,0.0017523215157500506,0.6,/work3/arnaou/checkpoints/megnet_Pc_trial_2372_best_state.pt,"{'learning_rate': 0.0017523215157500506, 'lr_reduce': 0.6}",TPESampler,COMPLETE
2373,0.09869112819433212,2025-04-26 12:11:35.041373,2025-04-26 12:12:10.088957,0 days 00:00:35.047584,1,62,373,407.0,402.0,223.0,4,82,0.003594916003505682,0.00469705616461133,0.6,/work3/arnaou/checkpoints/megnet_Pc_trial_2373_best_state.pt,"{'learning_rate': 0.00469705616461133, 'lr_reduce': 0.6}",TPESampler,COMPLETE
2374,0.1291506141424179,2025-04-26 12:11:35.454419,2025-04-26 12:11:52.306692,0 days 00:00:16.852273,1,58,512,190.0,,,2,75,0.20935053921656172,0.006080399193136511,0.6,/work3/arnaou/checkpoints/megnet_Pc_trial_2374_best_state.pt,"{'learning_rate': 0.006080399193136511, 'lr_reduce': 0.6}",TPESampler,COMPLETE
2375,0.1587314009666443,2025-04-26 12:11:52.508624,2025-04-26 12:12:37.666449,0 days 00:00:45.157825,4,78,414,252.0,287.0,,3,82,0.006856082964041804,0.007495707365829413,0.6,/work3/arnaou/checkpoints/megnet_Pc_trial_2375_best_state.pt,"{'learning_rate': 0.007495707365829413, 'lr_reduce': 0.6}",TPESampler,COMPLETE
2376,0.2013494223356247,2025-04-26 12:11:59.824857,2025-04-26 12:12:16.686884,0 days 00:00:16.862027,1,32,346,341.0,365.0,,3,109,0.1817256177957269,0.007321383733568889,0.6,/work3/arnaou/checkpoints/megnet_Pc_trial_2376_best_state.pt,"{'learning_rate': 0.007321383733568889, 'lr_reduce': 0.6}",TPESampler,COMPLETE
2377,0.8870770335197449,2025-04-26 12:12:10.472750,2025-04-26 12:12:16.541336,0 days 00:00:06.068586,3,51,303,479.0,,,2,34,0.14976643302194206,0.00012782171031074048,0.6,/work3/arnaou/checkpoints/megnet_Pc_trial_2377_best_state.pt,"{'learning_rate': 0.00012782171031074048, 'lr_reduce': 0.6}",TPESampler,COMPLETE
2378,0.14447040855884552,2025-04-26 12:12:16.762329,2025-04-26 12:12:50.400734,0 days 00:00:33.638405,1,34,237,389.0,233.0,,3,116,0.05659586222253898,0.009904680207381385,0.6,/work3/arnaou/checkpoints/megnet_Pc_trial_2378_best_state.pt,"{'learning_rate': 0.009904680207381385, 'lr_reduce': 0.6}",TPESampler,COMPLETE
2379,0.3971761465072632,2025-04-26 12:12:16.937122,2025-04-26 12:12:44.523903,0 days 00:00:27.586781,1,73,74,437.0,328.0,144.0,4,119,0.12065988327099672,0.009680127826515197,0.6,/work3/arnaou/checkpoints/megnet_Pc_trial_2379_best_state.pt,"{'learning_rate': 0.009680127826515197, 'lr_reduce': 0.6}",TPESampler,COMPLETE
2380,0.13048085570335388,2025-04-26 12:12:38.380144,2025-04-26 12:12:52.977184,0 days 00:00:14.597040,1,54,405,101.0,,,2,91,0.2019845238847483,0.006856402405080807,0.6,/work3/arnaou/checkpoints/megnet_Pc_trial_2380_best_state.pt,"{'learning_rate': 0.006856402405080807, 'lr_reduce': 0.6}",TPESampler,COMPLETE
2381,0.15637309849262238,2025-04-26 12:12:45.013695,2025-04-26 12:13:11.607969,0 days 00:00:26.594274,1,51,254,271.0,,,2,103,0.12867136279142416,0.0031446700433115857,0.6,/work3/arnaou/checkpoints/megnet_Pc_trial_2381_best_state.pt,"{'learning_rate': 0.0031446700433115857, 'lr_reduce': 0.6}",TPESampler,COMPLETE
2382,0.12814010679721832,2025-04-26 12:12:50.892131,2025-04-26 12:13:26.016456,0 days 00:00:35.124325,2,34,176,359.0,,,2,93,0.047148532947367996,0.009602988153933146,0.6,/work3/arnaou/checkpoints/megnet_Pc_trial_2382_best_state.pt,"{'learning_rate': 0.009602988153933146, 'lr_reduce': 0.6}",TPESampler,COMPLETE
2383,0.12487909942865372,2025-04-26 12:12:53.327599,2025-04-26 12:13:21.621964,0 days 00:00:28.294365,1,42,260,131.0,149.0,,3,72,0.15861461386297726,0.009027282571200734,0.6,/work3/arnaou/checkpoints/megnet_Pc_trial_2383_best_state.pt,"{'learning_rate': 0.009027282571200734, 'lr_reduce': 0.6}",TPESampler,COMPLETE
2384,0.16606773436069489,2025-04-26 12:13:11.803818,2025-04-26 12:13:39.874429,0 days 00:00:28.070611,1,59,310,412.0,412.0,,3,80,0.12705791340099787,0.003922940522052189,0.6,/work3/arnaou/checkpoints/megnet_Pc_trial_2384_best_state.pt,"{'learning_rate': 0.003922940522052189, 'lr_reduce': 0.6}",TPESampler,COMPLETE
2385,0.1776944100856781,2025-04-26 12:13:21.894526,2025-04-26 12:13:35.001780,0 days 00:00:13.107254,1,73,165,,,,1,74,0.005215520443606506,0.0029593964828359253,0.6,/work3/arnaou/checkpoints/megnet_Pc_trial_2385_best_state.pt,"{'learning_rate': 0.0029593964828359253, 'lr_reduce': 0.6}",TPESampler,COMPLETE
2386,0.15972958505153656,2025-04-26 12:13:26.263328,2025-04-26 12:13:47.939887,0 days 00:00:21.676559,2,50,346,,,,1,104,0.18007302470861294,0.004486366492962434,0.6,/work3/arnaou/checkpoints/megnet_Pc_trial_2386_best_state.pt,"{'learning_rate': 0.004486366492962434, 'lr_reduce': 0.6}",TPESampler,COMPLETE
2387,0.1177375391125679,2025-04-26 12:13:35.224294,2025-04-26 12:13:56.900860,0 days 00:00:21.676566,1,49,312,318.0,,,2,90,0.19144734788641685,0.0050646111015281384,0.6,/work3/arnaou/checkpoints/megnet_Pc_trial_2387_best_state.pt,"{'learning_rate': 0.0050646111015281384, 'lr_reduce': 0.6}",TPESampler,COMPLETE
2388,0.07861597836017609,2025-04-26 12:13:40.096547,2025-04-26 12:14:15.516050,0 days 00:00:35.419503,1,44,391,258.0,,,2,82,0.1415174977329343,0.0061731917610939845,0.6,/work3/arnaou/checkpoints/megnet_Pc_trial_2388_best_state.pt,"{'learning_rate': 0.0061731917610939845, 'lr_reduce': 0.6}",TPESampler,COMPLETE
2389,0.13800597190856934,2025-04-26 12:13:48.160027,2025-04-26 12:14:19.352610,0 days 00:00:31.192583,1,33,483,,,,1,67,0.2210372903779715,0.004793332683497529,0.6,/work3/arnaou/checkpoints/megnet_Pc_trial_2389_best_state.pt,"{'learning_rate': 0.004793332683497529, 'lr_reduce': 0.6}",TPESampler,COMPLETE
2390,0.17985782027244568,2025-04-26 12:13:57.121797,2025-04-26 12:14:18.946389,0 days 00:00:21.824592,2,43,65,209.0,272.0,,3,95,0.10658817717545416,0.008315118406763725,0.6,/work3/arnaou/checkpoints/megnet_Pc_trial_2390_best_state.pt,"{'learning_rate': 0.008315118406763725, 'lr_reduce': 0.6}",TPESampler,COMPLETE
2391,0.11568239331245422,2025-04-26 12:14:15.936864,2025-04-26 12:14:52.729980,0 days 00:00:36.793116,1,55,489,385.0,415.0,,3,47,0.24046733577761634,0.003297799716233415,0.6,/work3/arnaou/checkpoints/megnet_Pc_trial_2391_best_state.pt,"{'learning_rate': 0.003297799716233415, 'lr_reduce': 0.6}",TPESampler,COMPLETE
2392,0.14731436967849731,2025-04-26 12:14:19.183686,2025-04-26 12:14:51.246401,0 days 00:00:32.062715,1,58,348,,,,1,86,0.17224389974296267,0.001405049556691934,0.6,/work3/arnaou/checkpoints/megnet_Pc_trial_2392_best_state.pt,"{'learning_rate': 0.001405049556691934, 'lr_reduce': 0.6}",TPESampler,COMPLETE
2393,0.16880890727043152,2025-04-26 12:14:19.643426,2025-04-26 12:14:52.616683,0 days 00:00:32.973257,1,56,361,64.0,,,2,110,0.19018941099395908,0.003716986169462844,0.6,/work3/arnaou/checkpoints/megnet_Pc_trial_2393_best_state.pt,"{'learning_rate': 0.003716986169462844, 'lr_reduce': 0.6}",TPESampler,COMPLETE
2394,0.08579852432012558,2025-04-26 12:14:51.475704,2025-04-26 12:15:18.914377,0 days 00:00:27.438673,1,36,66,458.0,189.0,,3,92,0.0908587965523324,0.008676021140387048,0.6,/work3/arnaou/checkpoints/megnet_Pc_trial_2394_best_state.pt,"{'learning_rate': 0.008676021140387048, 'lr_reduce': 0.6}",TPESampler,COMPLETE
2395,0.13827775418758392,2025-04-26 12:14:52.902985,2025-04-26 12:15:13.860584,0 days 00:00:20.957599,1,49,210,302.0,,,2,113,0.11190465863946303,0.005845529596394761,0.6,/work3/arnaou/checkpoints/megnet_Pc_trial_2395_best_state.pt,"{'learning_rate': 0.005845529596394761, 'lr_reduce': 0.6}",TPESampler,COMPLETE
2396,0.8874198794364929,2025-04-26 12:14:53.001213,2025-04-26 12:14:58.565741,0 days 00:00:05.564528,4,119,148,,,,1,86,0.1638760698940978,0.00044987128924219374,0.6,/work3/arnaou/checkpoints/megnet_Pc_trial_2396_best_state.pt,"{'learning_rate': 0.00044987128924219374, 'lr_reduce': 0.6}",TPESampler,COMPLETE
2397,0.8868311643600464,2025-04-26 12:14:58.818604,2025-04-26 12:15:03.899056,0 days 00:00:05.080452,1,53,495,360.0,,,2,123,0.14619941024323185,0.00012193299028179999,0.6,/work3/arnaou/checkpoints/megnet_Pc_trial_2397_best_state.pt,"{'learning_rate': 0.00012193299028179999, 'lr_reduce': 0.6}",TPESampler,COMPLETE
2398,0.2134351283311844,2025-04-26 12:15:04.120487,2025-04-26 12:15:27.808060,0 days 00:00:23.687573,2,56,504,158.0,370.0,,3,96,0.14963020068566418,0.0025137072772609256,0.6,/work3/arnaou/checkpoints/megnet_Pc_trial_2398_best_state.pt,"{'learning_rate': 0.0025137072772609256, 'lr_reduce': 0.6}",TPESampler,COMPLETE
2399,0.8483999967575073,2025-04-26 12:15:14.084946,2025-04-26 12:15:24.272156,0 days 00:00:10.187210,3,70,237,417.0,314.0,,3,121,0.12828101960849764,0.0012988709790044885,0.6,/work3/arnaou/checkpoints/megnet_Pc_trial_2399_best_state.pt,"{'learning_rate': 0.0012988709790044885, 'lr_reduce': 0.6}",TPESampler,COMPLETE
2400,0.8869209289550781,2025-04-26 12:15:19.188859,2025-04-26 12:15:26.697351,0 days 00:00:07.508492,4,33,506,241.0,249.0,258.0,4,48,0.05645585504370507,0.0006114739202736632,0.6,/work3/arnaou/checkpoints/megnet_Pc_trial_2400_best_state.pt,"{'learning_rate': 0.0006114739202736632, 'lr_reduce': 0.6}",TPESampler,COMPLETE
2401,0.38125884532928467,2025-04-26 12:15:24.511250,2025-04-26 12:15:39.302670,0 days 00:00:14.791420,1,102,348,331.0,,,2,107,0.22831150383444318,0.006046100195933606,0.6,/work3/arnaou/checkpoints/megnet_Pc_trial_2401_best_state.pt,"{'learning_rate': 0.006046100195933606, 'lr_reduce': 0.6}",TPESampler,COMPLETE
2402,0.11419819295406342,2025-04-26 12:15:26.930281,2025-04-26 12:16:01.588455,0 days 00:00:34.658174,3,34,508,396.0,,,2,76,0.14695255009493866,0.009543051540870996,0.6,/work3/arnaou/checkpoints/megnet_Pc_trial_2402_best_state.pt,"{'learning_rate': 0.009543051540870996, 'lr_reduce': 0.6}",TPESampler,COMPLETE
2403,0.19490432739257812,2025-04-26 12:15:28.032873,2025-04-26 12:16:02.732306,0 days 00:00:34.699433,2,85,318,483.0,120.0,111.0,4,77,0.027164501151296955,0.0014099856087157825,0.6,/work3/arnaou/checkpoints/megnet_Pc_trial_2403_best_state.pt,"{'learning_rate': 0.0014099856087157825, 'lr_reduce': 0.6}",TPESampler,COMPLETE
2404,0.10885675251483917,2025-04-26 12:15:39.575150,2025-04-26 12:16:15.051489,0 days 00:00:35.476339,2,36,371,,,,1,98,0.15202397595061762,0.009751999758233772,0.6,/work3/arnaou/checkpoints/megnet_Pc_trial_2404_best_state.pt,"{'learning_rate': 0.009751999758233772, 'lr_reduce': 0.6}",TPESampler,COMPLETE
2405,0.5085394382476807,2025-04-26 12:16:01.786212,2025-04-26 12:16:10.139107,0 days 00:00:08.352895,1,86,308,,,,1,116,0.1949410484031888,0.009083175769514406,0.6,/work3/arnaou/checkpoints/megnet_Pc_trial_2405_best_state.pt,"{'learning_rate': 0.009083175769514406, 'lr_reduce': 0.6}",TPESampler,COMPLETE
2406,0.12716048955917358,2025-04-26 12:16:02.954030,2025-04-26 12:16:42.809223,0 days 00:00:39.855193,2,61,313,,,,1,91,0.1837001189836776,0.009816501406371662,0.6,/work3/arnaou/checkpoints/megnet_Pc_trial_2406_best_state.pt,"{'learning_rate': 0.009816501406371662, 'lr_reduce': 0.6}",TPESampler,COMPLETE
2407,0.14175528287887573,2025-04-26 12:16:10.370050,2025-04-26 12:16:33.256363,0 days 00:00:22.886313,1,57,380,,,,1,76,0.17773845510686853,0.004497768122570558,0.6,/work3/arnaou/checkpoints/megnet_Pc_trial_2407_best_state.pt,"{'learning_rate': 0.004497768122570558, 'lr_reduce': 0.6}",TPESampler,COMPLETE
2408,0.1579316109418869,2025-04-26 12:16:15.349228,2025-04-26 12:16:52.151640,0 days 00:00:36.802412,2,44,512,,,,1,95,0.17037377957779765,0.008875124194470329,0.6,/work3/arnaou/checkpoints/megnet_Pc_trial_2408_best_state.pt,"{'learning_rate': 0.008875124194470329, 'lr_reduce': 0.6}",TPESampler,COMPLETE
2409,0.1555672585964203,2025-04-26 12:16:33.457177,2025-04-26 12:16:58.459686,0 days 00:00:25.002509,1,35,354,124.0,370.0,186.0,4,65,0.12401876733807946,0.0037229024847499578,0.6,/work3/arnaou/checkpoints/megnet_Pc_trial_2409_best_state.pt,"{'learning_rate': 0.0037229024847499578, 'lr_reduce': 0.6}",TPESampler,COMPLETE
2410,0.10602893680334091,2025-04-26 12:16:43.088478,2025-04-26 12:17:14.298370,0 days 00:00:31.209892,1,57,220,277.0,,,2,98,0.11325425779996826,0.008481866756394119,0.6,/work3/arnaou/checkpoints/megnet_Pc_trial_2410_best_state.pt,"{'learning_rate': 0.008481866756394119, 'lr_reduce': 0.6}",TPESampler,COMPLETE
