number,value,datetime_start,datetime_complete,duration,params_depth,params_edge_hidden_dim,params_mlp_dim_00,params_mlp_dim_01,params_mlp_dim_02,params_mlp_dim_03,params_mlp_n_layers,params_node_hidden_dim,params_rep_dropout,params_train_learning_rate,params_train_lr_reduce,user_attrs_best_state_dict_path,user_attrs_training_params,system_attrs_auto:sampler,state
1102,0.8874387145042419,2025-04-26 09:23:38.729408,2025-04-26 09:23:45.784160,0 days 00:00:07.054752,4,104,496,336.0,395.0,,3,75,0.17126086955168535,0.00033271454289234015,0.6,/work3/arnaou/checkpoints/megnet_Pc_trial_1102_best_state.pt,"{'learning_rate': 0.00033271454289234015, 'lr_reduce': 0.6}",TPESampler,COMPLETE
1103,0.3577098846435547,2025-04-26 09:23:46.017476,2025-04-26 09:24:10.758882,0 days 00:00:24.741406,1,63,264,407.0,,,2,103,0.07502525147407466,0.009566353097164453,0.6,/work3/arnaou/checkpoints/megnet_Pc_trial_1103_best_state.pt,"{'learning_rate': 0.009566353097164453, 'lr_reduce': 0.6}",TPESampler,COMPLETE
1104,0.11777329444885254,2025-04-26 09:23:46.919551,2025-04-26 09:24:21.482239,0 days 00:00:34.562688,1,59,449,274.0,,,2,107,0.23714883179465038,0.0052055997435862976,0.6,/work3/arnaou/checkpoints/megnet_Pc_trial_1104_best_state.pt,"{'learning_rate': 0.0052055997435862976, 'lr_reduce': 0.6}",TPESampler,COMPLETE
1105,0.08562697470188141,2025-04-26 09:23:58.873592,2025-04-26 09:24:29.452709,0 days 00:00:30.579117,1,54,375,370.0,349.0,241.0,4,98,0.00085613733018322,0.007005262176169298,0.6,/work3/arnaou/checkpoints/megnet_Pc_trial_1105_best_state.pt,"{'learning_rate': 0.007005262176169298, 'lr_reduce': 0.6}",TPESampler,COMPLETE
1106,0.17538580298423767,2025-04-26 09:24:10.946559,2025-04-26 09:24:38.074050,0 days 00:00:27.127491,4,119,153,401.0,,,2,84,0.11296307802189276,0.0025205675567119617,0.6,/work3/arnaou/checkpoints/megnet_Pc_trial_1106_best_state.pt,"{'learning_rate': 0.0025205675567119617, 'lr_reduce': 0.6}",TPESampler,COMPLETE
1107,0.8872360587120056,2025-04-26 09:24:21.679665,2025-04-26 09:24:28.483742,0 days 00:00:06.804077,4,90,456,298.0,399.0,201.0,4,84,0.08295448516278496,0.002943238381507084,0.6,/work3/arnaou/checkpoints/megnet_Pc_trial_1107_best_state.pt,"{'learning_rate': 0.002943238381507084, 'lr_reduce': 0.6}",TPESampler,COMPLETE
1108,0.1406717598438263,2025-04-26 09:24:28.685729,2025-04-26 09:24:56.115658,0 days 00:00:27.429929,1,59,159,339.0,396.0,299.0,4,85,0.06614736615969519,0.00623564412933836,0.6,/work3/arnaou/checkpoints/megnet_Pc_trial_1108_best_state.pt,"{'learning_rate': 0.00623564412933836, 'lr_reduce': 0.6}",TPESampler,COMPLETE
1109,0.4304879307746887,2025-04-26 09:24:29.675357,2025-04-26 09:24:46.079601,0 days 00:00:16.404244,1,58,231,395.0,342.0,121.0,4,101,0.010715746759905526,0.009163884460427945,0.6,/work3/arnaou/checkpoints/megnet_Pc_trial_1109_best_state.pt,"{'learning_rate': 0.009163884460427945, 'lr_reduce': 0.6}",TPESampler,COMPLETE
1110,0.18514537811279297,2025-04-26 09:24:38.282364,2025-04-26 09:25:03.787022,0 days 00:00:25.504658,2,48,346,275.0,401.0,,3,74,0.18565249890051638,0.0061124333548583515,0.6,/work3/arnaou/checkpoints/megnet_Pc_trial_1110_best_state.pt,"{'learning_rate': 0.0061124333548583515, 'lr_reduce': 0.6}",TPESampler,COMPLETE
1111,0.1587996929883957,2025-04-26 09:24:46.293277,2025-04-26 09:25:08.597567,0 days 00:00:22.304290,1,34,226,326.0,279.0,,3,92,0.21296091228197672,0.002508563309110577,0.6,/work3/arnaou/checkpoints/megnet_Pc_trial_1111_best_state.pt,"{'learning_rate': 0.002508563309110577, 'lr_reduce': 0.6}",TPESampler,COMPLETE
1112,0.09550857543945312,2025-04-26 09:24:56.326439,2025-04-26 09:25:28.056863,0 days 00:00:31.730424,2,34,400,268.0,342.0,,3,95,0.22509638535988924,0.003522192853163528,0.6,/work3/arnaou/checkpoints/megnet_Pc_trial_1112_best_state.pt,"{'learning_rate': 0.003522192853163528, 'lr_reduce': 0.6}",TPESampler,COMPLETE
1113,0.356641560792923,2025-04-26 09:25:04.031476,2025-04-26 09:25:41.302027,0 days 00:00:37.270551,2,69,269,,,,1,91,0.14934148899771482,0.0073497303272857875,0.6,/work3/arnaou/checkpoints/megnet_Pc_trial_1113_best_state.pt,"{'learning_rate': 0.0073497303272857875, 'lr_reduce': 0.6}",TPESampler,COMPLETE
1114,0.1723640263080597,2025-04-26 09:25:08.799057,2025-04-26 09:25:28.764953,0 days 00:00:19.965896,1,33,368,406.0,,,2,81,0.2252704487509001,0.0036824933563169926,0.6,/work3/arnaou/checkpoints/megnet_Pc_trial_1114_best_state.pt,"{'learning_rate': 0.0036824933563169926, 'lr_reduce': 0.6}",TPESampler,COMPLETE
1115,0.18190057575702667,2025-04-26 09:25:28.272639,2025-04-26 09:26:03.346767,0 days 00:00:35.074128,1,55,81,266.0,,,2,121,0.04416894622061841,0.00937954899848358,0.6,/work3/arnaou/checkpoints/megnet_Pc_trial_1115_best_state.pt,"{'learning_rate': 0.00937954899848358, 'lr_reduce': 0.6}",TPESampler,COMPLETE
1116,0.14459988474845886,2025-04-26 09:25:28.981625,2025-04-26 09:25:46.600997,0 days 00:00:17.619372,1,51,219,367.0,,,2,127,0.08768687506656594,0.0039871123912299505,0.6,/work3/arnaou/checkpoints/megnet_Pc_trial_1116_best_state.pt,"{'learning_rate': 0.0039871123912299505, 'lr_reduce': 0.6}",TPESampler,COMPLETE
1117,0.11400644481182098,2025-04-26 09:25:41.526986,2025-04-26 09:26:11.404773,0 days 00:00:29.877787,2,46,189,423.0,,,2,88,0.07849447322917791,0.009061420604486618,0.6,/work3/arnaou/checkpoints/megnet_Pc_trial_1117_best_state.pt,"{'learning_rate': 0.009061420604486618, 'lr_reduce': 0.6}",TPESampler,COMPLETE
1118,0.1744137704372406,2025-04-26 09:25:46.806127,2025-04-26 09:26:19.581852,0 days 00:00:32.775725,1,34,486,250.0,,,2,77,0.1659855073931401,0.00450420551652994,0.6,/work3/arnaou/checkpoints/megnet_Pc_trial_1118_best_state.pt,"{'learning_rate': 0.00450420551652994, 'lr_reduce': 0.6}",TPESampler,COMPLETE
1119,0.13389936089515686,2025-04-26 09:26:03.591246,2025-04-26 09:26:33.864410,0 days 00:00:30.273164,2,60,149,303.0,402.0,,3,95,0.055543726073651406,0.0078007940535604545,0.6,/work3/arnaou/checkpoints/megnet_Pc_trial_1119_best_state.pt,"{'learning_rate': 0.0078007940535604545, 'lr_reduce': 0.6}",TPESampler,COMPLETE
1120,0.14209750294685364,2025-04-26 09:26:11.622850,2025-04-26 09:26:34.899524,0 days 00:00:23.276674,1,38,406,349.0,360.0,,3,53,0.20224754707579812,0.0028291865120957695,0.6,/work3/arnaou/checkpoints/megnet_Pc_trial_1120_best_state.pt,"{'learning_rate': 0.0028291865120957695, 'lr_reduce': 0.6}",TPESampler,COMPLETE
1121,0.11404843628406525,2025-04-26 09:26:19.800858,2025-04-26 09:26:46.056362,0 days 00:00:26.255504,1,63,240,243.0,,,2,100,0.1595637296912942,0.0056871823344142765,0.6,/work3/arnaou/checkpoints/megnet_Pc_trial_1121_best_state.pt,"{'learning_rate': 0.0056871823344142765, 'lr_reduce': 0.6}",TPESampler,COMPLETE
1122,0.16406971216201782,2025-04-26 09:26:34.067546,2025-04-26 09:26:53.252877,0 days 00:00:19.185331,2,48,308,421.0,307.0,,3,106,0.059983650772540045,0.004873156083069251,0.6,/work3/arnaou/checkpoints/megnet_Pc_trial_1122_best_state.pt,"{'learning_rate': 0.004873156083069251, 'lr_reduce': 0.6}",TPESampler,COMPLETE
1123,0.159764364361763,2025-04-26 09:26:35.247761,2025-04-26 09:27:02.198499,0 days 00:00:26.950738,1,59,422,,,,1,44,0.043485504555656196,0.008231494479437143,0.6,/work3/arnaou/checkpoints/megnet_Pc_trial_1123_best_state.pt,"{'learning_rate': 0.008231494479437143, 'lr_reduce': 0.6}",TPESampler,COMPLETE
1124,0.09211874008178711,2025-04-26 09:26:46.251359,2025-04-26 09:27:19.991632,0 days 00:00:33.740273,1,48,282,377.0,404.0,,3,75,0.2402120785880698,0.0077797403200262774,0.6,/work3/arnaou/checkpoints/megnet_Pc_trial_1124_best_state.pt,"{'learning_rate': 0.0077797403200262774, 'lr_reduce': 0.6}",TPESampler,COMPLETE
1125,0.888152539730072,2025-04-26 09:26:53.456936,2025-04-26 09:26:58.939520,0 days 00:00:05.482584,2,34,456,247.0,349.0,,3,72,0.18988876692594517,0.004920014851016893,0.6,/work3/arnaou/checkpoints/megnet_Pc_trial_1125_best_state.pt,"{'learning_rate': 0.004920014851016893, 'lr_reduce': 0.6}",TPESampler,COMPLETE
1126,0.2158188819885254,2025-04-26 09:26:59.144711,2025-04-26 09:27:10.902908,0 days 00:00:11.758197,1,32,290,316.0,,,2,64,0.2482631384926935,0.009853961422062251,0.6,/work3/arnaou/checkpoints/megnet_Pc_trial_1126_best_state.pt,"{'learning_rate': 0.009853961422062251, 'lr_reduce': 0.6}",TPESampler,COMPLETE
1127,0.1317616105079651,2025-04-26 09:27:02.406382,2025-04-26 09:27:25.693406,0 days 00:00:23.287024,1,51,356,418.0,,,2,110,0.052572687633924614,0.0018816129235918343,0.6,/work3/arnaou/checkpoints/megnet_Pc_trial_1127_best_state.pt,"{'learning_rate': 0.0018816129235918343, 'lr_reduce': 0.6}",TPESampler,COMPLETE
1128,0.30750012397766113,2025-04-26 09:27:11.092936,2025-04-26 09:27:48.814653,0 days 00:00:37.721717,1,127,365,314.0,,,2,125,0.17692306915242245,0.004257511555386589,0.6,/work3/arnaou/checkpoints/megnet_Pc_trial_1128_best_state.pt,"{'learning_rate': 0.004257511555386589, 'lr_reduce': 0.6}",TPESampler,COMPLETE
1129,0.14568479359149933,2025-04-26 09:27:20.222699,2025-04-26 09:27:38.109916,0 days 00:00:17.887217,1,55,491,,,,1,99,0.22414497554623297,0.009202511781627318,0.6,/work3/arnaou/checkpoints/megnet_Pc_trial_1129_best_state.pt,"{'learning_rate': 0.009202511781627318, 'lr_reduce': 0.6}",TPESampler,COMPLETE
1130,0.24094070494174957,2025-04-26 09:27:26.072690,2025-04-26 09:27:59.077013,0 days 00:00:33.004323,2,34,479,256.0,399.0,454.0,4,114,0.21231187231783977,0.0049687322186075964,0.6,/work3/arnaou/checkpoints/megnet_Pc_trial_1130_best_state.pt,"{'learning_rate': 0.0049687322186075964, 'lr_reduce': 0.6}",TPESampler,COMPLETE
1131,0.09613748639822006,2025-04-26 09:27:38.323695,2025-04-26 09:27:59.142007,0 days 00:00:20.818312,1,74,147,366.0,,,2,118,0.1861708208219835,0.004631865848496351,0.6,/work3/arnaou/checkpoints/megnet_Pc_trial_1131_best_state.pt,"{'learning_rate': 0.004631865848496351, 'lr_reduce': 0.6}",TPESampler,COMPLETE
1132,0.8862183094024658,2025-04-26 09:27:49.032467,2025-04-26 09:27:56.361536,0 days 00:00:07.329069,1,53,297,240.0,256.0,341.0,4,85,0.15802103169033316,0.0001895770578435003,0.6,/work3/arnaou/checkpoints/megnet_Pc_trial_1132_best_state.pt,"{'learning_rate': 0.0001895770578435003, 'lr_reduce': 0.6}",TPESampler,COMPLETE
1133,0.1495618373155594,2025-04-26 09:27:56.589767,2025-04-26 09:28:27.219318,0 days 00:00:30.629551,1,57,506,436.0,324.0,,3,110,0.19598907777203897,0.006526270634439503,0.6,/work3/arnaou/checkpoints/megnet_Pc_trial_1133_best_state.pt,"{'learning_rate': 0.006526270634439503, 'lr_reduce': 0.6}",TPESampler,COMPLETE
1134,0.8865292072296143,2025-04-26 09:27:59.261460,2025-04-26 09:28:05.378081,0 days 00:00:06.116621,3,62,503,,,,1,38,0.011135963377954444,0.0005999644782750667,0.6,/work3/arnaou/checkpoints/megnet_Pc_trial_1134_best_state.pt,"{'learning_rate': 0.0005999644782750667, 'lr_reduce': 0.6}",TPESampler,COMPLETE
1135,0.8873708844184875,2025-04-26 09:27:59.320639,2025-04-26 09:28:05.114881,0 days 00:00:05.794242,4,41,476,378.0,401.0,,3,122,0.08434964004823975,0.0005680045461496407,0.6,/work3/arnaou/checkpoints/megnet_Pc_trial_1135_best_state.pt,"{'learning_rate': 0.0005680045461496407, 'lr_reduce': 0.6}",TPESampler,COMPLETE
1136,0.08399339765310287,2025-04-26 09:28:05.317966,2025-04-26 09:28:26.117807,0 days 00:00:20.799841,1,32,512,309.0,349.0,,3,60,0.197053370734456,0.009571239064019936,0.6,/work3/arnaou/checkpoints/megnet_Pc_trial_1136_best_state.pt,"{'learning_rate': 0.009571239064019936, 'lr_reduce': 0.6}",TPESampler,COMPLETE
1137,0.1572571098804474,2025-04-26 09:28:05.607456,2025-04-26 09:28:25.997452,0 days 00:00:20.389996,1,54,343,265.0,413.0,,3,127,0.19459499488888574,0.003074095733203135,0.6,/work3/arnaou/checkpoints/megnet_Pc_trial_1137_best_state.pt,"{'learning_rate': 0.003074095733203135, 'lr_reduce': 0.6}",TPESampler,COMPLETE
1138,0.12360872328281403,2025-04-26 09:28:26.186326,2025-04-26 09:28:59.315580,0 days 00:00:33.129254,1,37,483,445.0,293.0,,3,100,0.17280120781163405,0.0018914104539853442,0.6,/work3/arnaou/checkpoints/megnet_Pc_trial_1138_best_state.pt,"{'learning_rate': 0.0018914104539853442, 'lr_reduce': 0.6}",TPESampler,COMPLETE
1139,0.09295286983251572,2025-04-26 09:28:26.340991,2025-04-26 09:29:00.805261,0 days 00:00:34.464270,1,57,217,,,,1,101,0.024077563208211097,0.009585955848874972,0.6,/work3/arnaou/checkpoints/megnet_Pc_trial_1139_best_state.pt,"{'learning_rate': 0.009585955848874972, 'lr_reduce': 0.6}",TPESampler,COMPLETE
1140,0.2341689169406891,2025-04-26 09:28:27.430693,2025-04-26 09:29:08.964355,0 days 00:00:41.533662,1,120,208,375.0,366.0,,3,124,0.003046837027259386,0.00019404755219640168,0.6,/work3/arnaou/checkpoints/megnet_Pc_trial_1140_best_state.pt,"{'learning_rate': 0.00019404755219640168, 'lr_reduce': 0.6}",TPESampler,COMPLETE
1141,0.13814859092235565,2025-04-26 09:28:59.525089,2025-04-26 09:29:22.944321,0 days 00:00:23.419232,1,39,512,419.0,,,2,110,0.2441548607081796,0.002520680835162675,0.6,/work3/arnaou/checkpoints/megnet_Pc_trial_1141_best_state.pt,"{'learning_rate': 0.002520680835162675, 'lr_reduce': 0.6}",TPESampler,COMPLETE
1142,0.8863390684127808,2025-04-26 09:29:01.000281,2025-04-26 09:29:08.341140,0 days 00:00:07.340859,2,67,470,287.0,411.0,183.0,4,42,0.07039115234231647,0.00011283012508225951,0.6,/work3/arnaou/checkpoints/megnet_Pc_trial_1142_best_state.pt,"{'learning_rate': 0.00011283012508225951, 'lr_reduce': 0.6}",TPESampler,COMPLETE
1143,0.1533590406179428,2025-04-26 09:29:08.547630,2025-04-26 09:29:44.903752,0 days 00:00:36.356122,1,53,148,239.0,360.0,,3,50,0.01801121968341074,0.000641142814120186,0.6,/work3/arnaou/checkpoints/megnet_Pc_trial_1143_best_state.pt,"{'learning_rate': 0.000641142814120186, 'lr_reduce': 0.6}",TPESampler,COMPLETE
1144,0.20265966653823853,2025-04-26 09:29:09.203008,2025-04-26 09:29:27.154117,0 days 00:00:17.951109,1,42,103,347.0,,,2,100,0.060748829478690536,0.009175668065627952,0.6,/work3/arnaou/checkpoints/megnet_Pc_trial_1144_best_state.pt,"{'learning_rate': 0.009175668065627952, 'lr_reduce': 0.6}",TPESampler,COMPLETE
1145,0.15372221171855927,2025-04-26 09:29:23.147741,2025-04-26 09:29:56.338260,0 days 00:00:33.190519,1,32,186,236.0,412.0,,3,115,0.034777359696678944,0.002379275218174246,0.6,/work3/arnaou/checkpoints/megnet_Pc_trial_1145_best_state.pt,"{'learning_rate': 0.002379275218174246, 'lr_reduce': 0.6}",TPESampler,COMPLETE
1146,0.15524311363697052,2025-04-26 09:29:27.373473,2025-04-26 09:29:52.959353,0 days 00:00:25.585880,1,42,467,,,,1,88,0.12734507390710545,0.009950107026320265,0.6,/work3/arnaou/checkpoints/megnet_Pc_trial_1146_best_state.pt,"{'learning_rate': 0.009950107026320265, 'lr_reduce': 0.6}",TPESampler,COMPLETE
1147,0.17203034460544586,2025-04-26 09:29:45.093887,2025-04-26 09:30:14.399967,0 days 00:00:29.306080,2,119,349,403.0,,,2,79,0.06858764236576484,0.009556419654682922,0.6,/work3/arnaou/checkpoints/megnet_Pc_trial_1147_best_state.pt,"{'learning_rate': 0.009556419654682922, 'lr_reduce': 0.6}",TPESampler,COMPLETE
1148,0.8867263197898865,2025-04-26 09:29:53.153215,2025-04-26 09:29:58.997088,0 days 00:00:05.843873,2,93,322,294.0,,,2,92,0.05581889310177912,0.00011647774741509091,0.6,/work3/arnaou/checkpoints/megnet_Pc_trial_1148_best_state.pt,"{'learning_rate': 0.00011647774741509091, 'lr_reduce': 0.6}",TPESampler,COMPLETE
1149,0.11808860301971436,2025-04-26 09:29:56.546151,2025-04-26 09:30:20.692718,0 days 00:00:24.146567,1,32,483,441.0,,,2,99,0.2053895215055574,0.005585023254617982,0.6,/work3/arnaou/checkpoints/megnet_Pc_trial_1149_best_state.pt,"{'learning_rate': 0.005585023254617982, 'lr_reduce': 0.6}",TPESampler,COMPLETE
1150,0.2467811405658722,2025-04-26 09:29:59.192578,2025-04-26 09:30:08.629352,0 days 00:00:09.436774,1,72,292,,,,1,105,0.23590054564506932,0.0036518646862986315,0.6,/work3/arnaou/checkpoints/megnet_Pc_trial_1150_best_state.pt,"{'learning_rate': 0.0036518646862986315, 'lr_reduce': 0.6}",TPESampler,COMPLETE
1151,0.1541910171508789,2025-04-26 09:30:08.836519,2025-04-26 09:30:23.818545,0 days 00:00:14.982026,1,35,482,239.0,312.0,,3,104,0.22673311647181005,0.009404193926205865,0.6,/work3/arnaou/checkpoints/megnet_Pc_trial_1151_best_state.pt,"{'learning_rate': 0.009404193926205865, 'lr_reduce': 0.6}",TPESampler,COMPLETE
1152,0.08275188505649567,2025-04-26 09:30:14.596117,2025-04-26 09:30:45.586058,0 days 00:00:30.989941,1,38,397,343.0,259.0,,3,75,0.20797278988677398,0.00598233999604665,0.6,/work3/arnaou/checkpoints/megnet_Pc_trial_1152_best_state.pt,"{'learning_rate': 0.00598233999604665, 'lr_reduce': 0.6}",TPESampler,COMPLETE
1153,0.2013719379901886,2025-04-26 09:30:20.917798,2025-04-26 09:30:36.059832,0 days 00:00:15.142034,1,43,261,402.0,,,2,128,0.01044511086798982,0.0093246502213338,0.6,/work3/arnaou/checkpoints/megnet_Pc_trial_1153_best_state.pt,"{'learning_rate': 0.0093246502213338, 'lr_reduce': 0.6}",TPESampler,COMPLETE
1154,0.3499053120613098,2025-04-26 09:30:24.033762,2025-04-26 09:30:32.975675,0 days 00:00:08.941913,1,90,180,302.0,,,2,99,0.15957369975459604,0.008400014951895476,0.6,/work3/arnaou/checkpoints/megnet_Pc_trial_1154_best_state.pt,"{'learning_rate': 0.008400014951895476, 'lr_reduce': 0.6}",TPESampler,COMPLETE
1155,0.35695621371269226,2025-04-26 09:30:33.170061,2025-04-26 09:30:47.327714,0 days 00:00:14.157653,1,88,296,235.0,356.0,262.0,4,96,0.052532218124044065,0.007198115779220595,0.6,/work3/arnaou/checkpoints/megnet_Pc_trial_1155_best_state.pt,"{'learning_rate': 0.007198115779220595, 'lr_reduce': 0.6}",TPESampler,COMPLETE
1156,0.8868783712387085,2025-04-26 09:30:36.269086,2025-04-26 09:30:41.900715,0 days 00:00:05.631629,2,48,480,447.0,411.0,,3,85,0.22354557825999335,0.0028805794749280586,0.6,/work3/arnaou/checkpoints/megnet_Pc_trial_1156_best_state.pt,"{'learning_rate': 0.0028805794749280586, 'lr_reduce': 0.6}",TPESampler,COMPLETE
1157,0.10681036859750748,2025-04-26 09:30:42.105802,2025-04-26 09:31:14.637801,0 days 00:00:32.531999,2,37,379,372.0,373.0,,3,87,0.22395583003096087,0.009497144071571139,0.6,/work3/arnaou/checkpoints/megnet_Pc_trial_1157_best_state.pt,"{'learning_rate': 0.009497144071571139, 'lr_reduce': 0.6}",TPESampler,COMPLETE
1158,0.13994567096233368,2025-04-26 09:30:45.794606,2025-04-26 09:31:21.586791,0 days 00:00:35.792185,1,52,169,273.0,309.0,387.0,4,99,0.0011982938636875187,0.005385784368008153,0.6,/work3/arnaou/checkpoints/megnet_Pc_trial_1158_best_state.pt,"{'learning_rate': 0.005385784368008153, 'lr_reduce': 0.6}",TPESampler,COMPLETE
1159,0.09003980457782745,2025-04-26 09:30:47.529829,2025-04-26 09:31:19.830037,0 days 00:00:32.300208,2,41,193,329.0,,,2,124,0.12336521816732532,0.004808091755678898,0.6,/work3/arnaou/checkpoints/megnet_Pc_trial_1159_best_state.pt,"{'learning_rate': 0.004808091755678898, 'lr_reduce': 0.6}",TPESampler,COMPLETE
1160,0.09150219708681107,2025-04-26 09:31:14.858109,2025-04-26 09:31:44.344860,0 days 00:00:29.486751,1,50,362,241.0,,,2,101,0.10276122080249099,0.008629517507253373,0.6,/work3/arnaou/checkpoints/megnet_Pc_trial_1160_best_state.pt,"{'learning_rate': 0.008629517507253373, 'lr_reduce': 0.6}",TPESampler,COMPLETE
1161,0.18842896819114685,2025-04-26 09:31:20.020427,2025-04-26 09:32:04.076715,0 days 00:00:44.056288,4,66,276,,,,1,103,0.11846808985613927,0.007386524081433841,0.6,/work3/arnaou/checkpoints/megnet_Pc_trial_1161_best_state.pt,"{'learning_rate': 0.007386524081433841, 'lr_reduce': 0.6}",TPESampler,COMPLETE
1162,0.09417909383773804,2025-04-26 09:31:21.799656,2025-04-26 09:31:39.145783,0 days 00:00:17.346127,1,45,305,422.0,416.0,,3,118,0.22183067574728021,0.0081207359701426,0.6,/work3/arnaou/checkpoints/megnet_Pc_trial_1162_best_state.pt,"{'learning_rate': 0.0081207359701426, 'lr_reduce': 0.6}",TPESampler,COMPLETE
1163,0.15737414360046387,2025-04-26 09:31:39.345680,2025-04-26 09:32:16.352130,0 days 00:00:37.006450,1,32,468,380.0,369.0,,3,86,0.24796768342131337,0.0029283973730023284,0.6,/work3/arnaou/checkpoints/megnet_Pc_trial_1163_best_state.pt,"{'learning_rate': 0.0029283973730023284, 'lr_reduce': 0.6}",TPESampler,COMPLETE
1164,0.14340972900390625,2025-04-26 09:31:44.579547,2025-04-26 09:32:13.239720,0 days 00:00:28.660173,1,77,344,,,,1,126,0.180066956383727,0.002820721756666584,0.6,/work3/arnaou/checkpoints/megnet_Pc_trial_1164_best_state.pt,"{'learning_rate': 0.002820721756666584, 'lr_reduce': 0.6}",TPESampler,COMPLETE
1165,0.13296416401863098,2025-04-26 09:32:04.287940,2025-04-26 09:32:26.998872,0 days 00:00:22.710932,1,32,496,287.0,416.0,,3,100,0.16821365594304652,0.004256854437049642,0.6,/work3/arnaou/checkpoints/megnet_Pc_trial_1165_best_state.pt,"{'learning_rate': 0.004256854437049642, 'lr_reduce': 0.6}",TPESampler,COMPLETE
1166,0.8851283192634583,2025-04-26 09:32:13.454230,2025-04-26 09:32:19.917270,0 days 00:00:06.463040,1,108,435,461.0,326.0,108.0,4,127,0.07832703119341904,0.00010411707513992144,0.6,/work3/arnaou/checkpoints/megnet_Pc_trial_1166_best_state.pt,"{'learning_rate': 0.00010411707513992144, 'lr_reduce': 0.6}",TPESampler,COMPLETE
1167,0.2687278091907501,2025-04-26 09:32:16.580714,2025-04-26 09:32:44.286494,0 days 00:00:27.705780,1,58,492,252.0,,,2,125,0.2405006628303188,0.009320221966419686,0.6,/work3/arnaou/checkpoints/megnet_Pc_trial_1167_best_state.pt,"{'learning_rate': 0.009320221966419686, 'lr_reduce': 0.6}",TPESampler,COMPLETE
1168,0.297733873128891,2025-04-26 09:32:20.131204,2025-04-26 09:32:28.059656,0 days 00:00:07.928452,1,32,399,338.0,247.0,243.0,4,66,0.24051833554088864,0.0064918552310979215,0.6,/work3/arnaou/checkpoints/megnet_Pc_trial_1168_best_state.pt,"{'learning_rate': 0.0064918552310979215, 'lr_reduce': 0.6}",TPESampler,COMPLETE
1169,0.8875206708908081,2025-04-26 09:32:27.212177,2025-04-26 09:32:33.437994,0 days 00:00:06.225817,3,74,444,402.0,359.0,,3,87,0.11598275579739149,0.00023179458898644128,0.6,/work3/arnaou/checkpoints/megnet_Pc_trial_1169_best_state.pt,"{'learning_rate': 0.00023179458898644128, 'lr_reduce': 0.6}",TPESampler,COMPLETE
