number,value,datetime_start,datetime_complete,duration,params_depth,params_edge_hidden_dim,params_mlp_dim_00,params_mlp_dim_01,params_mlp_dim_02,params_mlp_dim_03,params_mlp_n_layers,params_node_hidden_dim,params_rep_dropout,params_train_learning_rate,params_train_lr_reduce,user_attrs_best_state_dict_path,user_attrs_training_params,system_attrs_auto:sampler,state
1653,0.8860991597175598,2025-04-26 10:35:56.582690,2025-04-26 10:36:00.970195,0 days 00:00:04.387505,1,110,255,,,,1,44,0.0890427050118572,0.0001707471165404192,0.6,/work3/arnaou/checkpoints/megnet_Pc_trial_1653_best_state.pt,"{'learning_rate': 0.0001707471165404192, 'lr_reduce': 0.6}",TPESampler,COMPLETE
1654,0.09523110091686249,2025-04-26 10:36:01.199221,2025-04-26 10:36:36.046034,0 days 00:00:34.846813,1,58,339,474.0,,,2,86,0.127314289428268,0.005122854304356853,0.6,/work3/arnaou/checkpoints/megnet_Pc_trial_1654_best_state.pt,"{'learning_rate': 0.005122854304356853, 'lr_reduce': 0.6}",TPESampler,COMPLETE
1655,0.886727511882782,2025-04-26 10:36:04.267785,2025-04-26 10:36:11.320098,0 days 00:00:07.052313,4,119,90,283.0,,,2,36,0.20186741107275152,0.0010516106395377215,0.6,/work3/arnaou/checkpoints/megnet_Pc_trial_1655_best_state.pt,"{'learning_rate': 0.0010516106395377215, 'lr_reduce': 0.6}",TPESampler,COMPLETE
1656,0.13594862818717957,2025-04-26 10:36:08.420634,2025-04-26 10:36:26.561336,0 days 00:00:18.140702,1,54,406,65.0,,,2,77,0.17943518548636744,0.00849432142795658,0.6,/work3/arnaou/checkpoints/megnet_Pc_trial_1656_best_state.pt,"{'learning_rate': 0.00849432142795658, 'lr_reduce': 0.6}",TPESampler,COMPLETE
1657,0.1066078245639801,2025-04-26 10:36:11.567923,2025-04-26 10:36:41.599314,0 days 00:00:30.031391,1,48,417,500.0,398.0,,3,89,0.1369222306556206,0.003979731715260963,0.6,/work3/arnaou/checkpoints/megnet_Pc_trial_1657_best_state.pt,"{'learning_rate': 0.003979731715260963, 'lr_reduce': 0.6}",TPESampler,COMPLETE
1658,0.10727758705615997,2025-04-26 10:36:26.783250,2025-04-26 10:36:48.397958,0 days 00:00:21.614708,1,55,214,490.0,299.0,,3,77,0.006556647984106744,0.00728794016755722,0.6,/work3/arnaou/checkpoints/megnet_Pc_trial_1658_best_state.pt,"{'learning_rate': 0.00728794016755722, 'lr_reduce': 0.6}",TPESampler,COMPLETE
1659,0.194393128156662,2025-04-26 10:36:36.315596,2025-04-26 10:37:11.525791,0 days 00:00:35.210195,2,51,166,184.0,369.0,330.0,4,90,0.010536799678270481,0.008996776951742865,0.6,/work3/arnaou/checkpoints/megnet_Pc_trial_1659_best_state.pt,"{'learning_rate': 0.008996776951742865, 'lr_reduce': 0.6}",TPESampler,COMPLETE
1660,0.1118074357509613,2025-04-26 10:36:41.814988,2025-04-26 10:37:16.024519,0 days 00:00:34.209531,1,111,404,508.0,,,2,121,0.19428637050688113,0.0035242069467527853,0.6,/work3/arnaou/checkpoints/megnet_Pc_trial_1660_best_state.pt,"{'learning_rate': 0.0035242069467527853, 'lr_reduce': 0.6}",TPESampler,COMPLETE
1661,0.11296667158603668,2025-04-26 10:36:48.624877,2025-04-26 10:37:12.399914,0 days 00:00:23.775037,1,51,407,336.0,253.0,,3,83,0.22680001777993236,0.0048473839999985885,0.6,/work3/arnaou/checkpoints/megnet_Pc_trial_1661_best_state.pt,"{'learning_rate': 0.0048473839999985885, 'lr_reduce': 0.6}",TPESampler,COMPLETE
1662,0.17129844427108765,2025-04-26 10:37:11.828300,2025-04-26 10:37:28.146773,0 days 00:00:16.318473,1,74,137,252.0,,,2,89,0.015988231968516807,0.0022826588744997347,0.6,/work3/arnaou/checkpoints/megnet_Pc_trial_1662_best_state.pt,"{'learning_rate': 0.0022826588744997347, 'lr_reduce': 0.6}",TPESampler,COMPLETE
1663,0.17682494223117828,2025-04-26 10:37:12.643680,2025-04-26 10:37:43.732661,0 days 00:00:31.088981,2,44,353,132.0,,,2,86,0.1856807504793386,0.002254366457721779,0.6,/work3/arnaou/checkpoints/megnet_Pc_trial_1663_best_state.pt,"{'learning_rate': 0.002254366457721779, 'lr_reduce': 0.6}",TPESampler,COMPLETE
1664,0.36028218269348145,2025-04-26 10:37:16.257682,2025-04-26 10:37:28.008575,0 days 00:00:11.750893,2,51,471,302.0,,,2,95,0.2292641612595398,0.001729960836274475,0.6,/work3/arnaou/checkpoints/megnet_Pc_trial_1664_best_state.pt,"{'learning_rate': 0.001729960836274475, 'lr_reduce': 0.6}",TPESampler,COMPLETE
1665,0.12136982381343842,2025-04-26 10:37:28.224784,2025-04-26 10:37:59.527162,0 days 00:00:31.302378,1,50,411,355.0,,,2,91,0.173722178874341,0.002266960804297043,0.6,/work3/arnaou/checkpoints/megnet_Pc_trial_1665_best_state.pt,"{'learning_rate': 0.002266960804297043, 'lr_reduce': 0.6}",TPESampler,COMPLETE
1666,0.1434658020734787,2025-04-26 10:37:28.381627,2025-04-26 10:37:55.546748,0 days 00:00:27.165121,1,82,370,219.0,,,2,83,0.2147702760259549,0.004455860915272586,0.6,/work3/arnaou/checkpoints/megnet_Pc_trial_1666_best_state.pt,"{'learning_rate': 0.004455860915272586, 'lr_reduce': 0.6}",TPESampler,COMPLETE
1667,0.5355228185653687,2025-04-26 10:37:44.357597,2025-04-26 10:37:52.104380,0 days 00:00:07.746783,2,44,395,,,,1,92,0.20412018546492636,0.009177964395179846,0.6,/work3/arnaou/checkpoints/megnet_Pc_trial_1667_best_state.pt,"{'learning_rate': 0.009177964395179846, 'lr_reduce': 0.6}",TPESampler,COMPLETE
1668,0.39600884914398193,2025-04-26 10:37:52.391702,2025-04-26 10:38:01.176995,0 days 00:00:08.785293,1,58,327,103.0,437.0,,3,103,0.07221182255928556,0.00952730554813143,0.6,/work3/arnaou/checkpoints/megnet_Pc_trial_1668_best_state.pt,"{'learning_rate': 0.00952730554813143, 'lr_reduce': 0.6}",TPESampler,COMPLETE
1669,0.28128668665885925,2025-04-26 10:37:55.830771,2025-04-26 10:38:12.843874,0 days 00:00:17.013103,2,59,511,384.0,330.0,190.0,4,128,0.05716111826980166,0.002455754183753901,0.6,/work3/arnaou/checkpoints/megnet_Pc_trial_1669_best_state.pt,"{'learning_rate': 0.002455754183753901, 'lr_reduce': 0.6}",TPESampler,COMPLETE
1670,0.14384624361991882,2025-04-26 10:37:59.742597,2025-04-26 10:38:31.413166,0 days 00:00:31.670569,1,67,364,321.0,,,2,80,0.24648497230735328,0.0009249942063832218,0.6,/work3/arnaou/checkpoints/megnet_Pc_trial_1670_best_state.pt,"{'learning_rate': 0.0009249942063832218, 'lr_reduce': 0.6}",TPESampler,COMPLETE
1671,0.8885543346405029,2025-04-26 10:38:01.429278,2025-04-26 10:38:06.698935,0 days 00:00:05.269657,3,74,501,,,,1,36,0.1365556876067925,0.0002232391242969113,0.6,/work3/arnaou/checkpoints/megnet_Pc_trial_1671_best_state.pt,"{'learning_rate': 0.0002232391242969113, 'lr_reduce': 0.6}",TPESampler,COMPLETE
1672,0.8867828249931335,2025-04-26 10:38:06.926012,2025-04-26 10:38:15.773731,0 days 00:00:08.847719,2,74,150,155.0,390.0,,3,56,0.0639207123218331,0.0001120118766473937,0.6,/work3/arnaou/checkpoints/megnet_Pc_trial_1672_best_state.pt,"{'learning_rate': 0.0001120118766473937, 'lr_reduce': 0.6}",TPESampler,COMPLETE
1673,0.1461799293756485,2025-04-26 10:38:13.080631,2025-04-26 10:38:42.593161,0 days 00:00:29.512530,1,68,343,276.0,,,2,67,0.1492619142756288,0.004518792915271265,0.6,/work3/arnaou/checkpoints/megnet_Pc_trial_1673_best_state.pt,"{'learning_rate': 0.004518792915271265, 'lr_reduce': 0.6}",TPESampler,COMPLETE
1674,0.11248620599508286,2025-04-26 10:38:16.007826,2025-04-26 10:38:43.482129,0 days 00:00:27.474303,1,87,275,403.0,,,2,107,0.19241256673231935,0.007853040377126584,0.6,/work3/arnaou/checkpoints/megnet_Pc_trial_1674_best_state.pt,"{'learning_rate': 0.007853040377126584, 'lr_reduce': 0.6}",TPESampler,COMPLETE
1675,0.1090000793337822,2025-04-26 10:38:31.636895,2025-04-26 10:39:00.321752,0 days 00:00:28.684857,1,53,247,511.0,,,2,78,0.18122603647566726,0.0031199281208856944,0.6,/work3/arnaou/checkpoints/megnet_Pc_trial_1675_best_state.pt,"{'learning_rate': 0.0031199281208856944, 'lr_reduce': 0.6}",TPESampler,COMPLETE
1676,0.08526802062988281,2025-04-26 10:38:42.819997,2025-04-26 10:39:17.116760,0 days 00:00:34.296763,1,67,325,352.0,,,2,97,0.16944911625840217,0.006741856812331704,0.6,/work3/arnaou/checkpoints/megnet_Pc_trial_1676_best_state.pt,"{'learning_rate': 0.006741856812331704, 'lr_reduce': 0.6}",TPESampler,COMPLETE
1677,0.1209176629781723,2025-04-26 10:38:43.699724,2025-04-26 10:39:02.730115,0 days 00:00:19.030391,1,45,263,191.0,291.0,391.0,4,112,0.0077987068195189396,0.0036710819204106068,0.6,/work3/arnaou/checkpoints/megnet_Pc_trial_1677_best_state.pt,"{'learning_rate': 0.0036710819204106068, 'lr_reduce': 0.6}",TPESampler,COMPLETE
1678,0.1423732191324234,2025-04-26 10:39:00.582159,2025-04-26 10:39:34.068654,0 days 00:00:33.486495,1,50,406,251.0,,,2,81,0.15499023975210482,0.004069077791990967,0.6,/work3/arnaou/checkpoints/megnet_Pc_trial_1678_best_state.pt,"{'learning_rate': 0.004069077791990967, 'lr_reduce': 0.6}",TPESampler,COMPLETE
1679,0.12100014835596085,2025-04-26 10:39:02.967471,2025-04-26 10:39:39.431684,0 days 00:00:36.464213,2,64,422,440.0,,,2,88,0.1801034310666133,0.00361958920054229,0.6,/work3/arnaou/checkpoints/megnet_Pc_trial_1679_best_state.pt,"{'learning_rate': 0.00361958920054229, 'lr_reduce': 0.6}",TPESampler,COMPLETE
1680,0.09463625401258469,2025-04-26 10:39:17.341965,2025-04-26 10:39:45.766318,0 days 00:00:28.424353,1,40,451,400.0,355.0,,3,74,0.21873902154931568,0.009570713685579048,0.6,/work3/arnaou/checkpoints/megnet_Pc_trial_1680_best_state.pt,"{'learning_rate': 0.009570713685579048, 'lr_reduce': 0.6}",TPESampler,COMPLETE
1681,0.8867471218109131,2025-04-26 10:39:34.289135,2025-04-26 10:39:39.409225,0 days 00:00:05.120090,1,51,291,306.0,439.0,,3,62,0.0634609685246616,0.0003245447875899847,0.6,/work3/arnaou/checkpoints/megnet_Pc_trial_1681_best_state.pt,"{'learning_rate': 0.0003245447875899847, 'lr_reduce': 0.6}",TPESampler,COMPLETE
1682,0.12133582681417465,2025-04-26 10:39:39.586158,2025-04-26 10:40:12.418057,0 days 00:00:32.831899,1,47,358,363.0,,,2,91,0.1526641118778768,0.005150333842097119,0.6,/work3/arnaou/checkpoints/megnet_Pc_trial_1682_best_state.pt,"{'learning_rate': 0.005150333842097119, 'lr_reduce': 0.6}",TPESampler,COMPLETE
1683,0.8872003555297852,2025-04-26 10:39:39.627105,2025-04-26 10:39:46.554696,0 days 00:00:06.927591,4,43,87,360.0,245.0,,3,123,0.05700431107131643,0.0006037376811255862,0.6,/work3/arnaou/checkpoints/megnet_Pc_trial_1683_best_state.pt,"{'learning_rate': 0.0006037376811255862, 'lr_reduce': 0.6}",TPESampler,COMPLETE
1684,0.15229520201683044,2025-04-26 10:39:45.994594,2025-04-26 10:40:11.114354,0 days 00:00:25.119760,1,46,333,234.0,,,2,60,0.22122687273060576,0.003240042782383991,0.6,/work3/arnaou/checkpoints/megnet_Pc_trial_1684_best_state.pt,"{'learning_rate': 0.003240042782383991, 'lr_reduce': 0.6}",TPESampler,COMPLETE
1685,0.16333211958408356,2025-04-26 10:39:46.798847,2025-04-26 10:40:19.371948,0 days 00:00:32.573101,1,127,307,132.0,,,2,97,0.23185509928964118,0.002192440790184135,0.6,/work3/arnaou/checkpoints/megnet_Pc_trial_1685_best_state.pt,"{'learning_rate': 0.002192440790184135, 'lr_reduce': 0.6}",TPESampler,COMPLETE
1686,0.2971944212913513,2025-04-26 10:40:11.528591,2025-04-26 10:40:19.849618,0 days 00:00:08.321027,1,53,267,454.0,316.0,287.0,4,84,0.010281555094326196,0.006775811549722754,0.6,/work3/arnaou/checkpoints/megnet_Pc_trial_1686_best_state.pt,"{'learning_rate': 0.006775811549722754, 'lr_reduce': 0.6}",TPESampler,COMPLETE
1687,0.11014052480459213,2025-04-26 10:40:12.832127,2025-04-26 10:40:51.161686,0 days 00:00:38.329559,1,74,188,406.0,,,2,94,0.0003352445511158996,0.0027146748010790037,0.6,/work3/arnaou/checkpoints/megnet_Pc_trial_1687_best_state.pt,"{'learning_rate': 0.0027146748010790037, 'lr_reduce': 0.6}",TPESampler,COMPLETE
1688,0.37520334124565125,2025-04-26 10:40:19.583046,2025-04-26 10:40:46.770418,0 days 00:00:27.187372,1,32,347,281.0,384.0,116.0,4,87,0.16863474120629665,0.008942564614422667,0.6,/work3/arnaou/checkpoints/megnet_Pc_trial_1688_best_state.pt,"{'learning_rate': 0.008942564614422667, 'lr_reduce': 0.6}",TPESampler,COMPLETE
1689,0.14710481464862823,2025-04-26 10:40:20.081351,2025-04-26 10:40:50.313751,0 days 00:00:30.232400,2,63,76,,,,1,96,0.1957540519177682,0.002661759078755991,0.6,/work3/arnaou/checkpoints/megnet_Pc_trial_1689_best_state.pt,"{'learning_rate': 0.002661759078755991, 'lr_reduce': 0.6}",TPESampler,COMPLETE
1690,0.1077236458659172,2025-04-26 10:40:47.013872,2025-04-26 10:41:16.295167,0 days 00:00:29.281295,1,112,465,,,,1,116,0.21904647464445026,0.008167758265739577,0.6,/work3/arnaou/checkpoints/megnet_Pc_trial_1690_best_state.pt,"{'learning_rate': 0.008167758265739577, 'lr_reduce': 0.6}",TPESampler,COMPLETE
1691,0.8868926763534546,2025-04-26 10:40:50.528608,2025-04-26 10:40:56.856274,0 days 00:00:06.327666,3,78,237,99.0,339.0,,3,61,0.05129519298485069,0.0016597047437021928,0.6,/work3/arnaou/checkpoints/megnet_Pc_trial_1691_best_state.pt,"{'learning_rate': 0.0016597047437021928, 'lr_reduce': 0.6}",TPESampler,COMPLETE
1692,0.887062132358551,2025-04-26 10:40:51.431512,2025-04-26 10:40:57.801116,0 days 00:00:06.369604,4,66,408,,,,1,75,0.17915533862981065,0.0011400552585907884,0.6,/work3/arnaou/checkpoints/megnet_Pc_trial_1692_best_state.pt,"{'learning_rate': 0.0011400552585907884, 'lr_reduce': 0.6}",TPESampler,COMPLETE
1693,0.11316990107297897,2025-04-26 10:40:57.081746,2025-04-26 10:41:30.089692,0 days 00:00:33.007946,1,68,354,319.0,,,2,80,0.17417921610577553,0.0031660139163556754,0.6,/work3/arnaou/checkpoints/megnet_Pc_trial_1693_best_state.pt,"{'learning_rate': 0.0031660139163556754, 'lr_reduce': 0.6}",TPESampler,COMPLETE
1694,0.2395837903022766,2025-04-26 10:40:58.176648,2025-04-26 10:41:23.739905,0 days 00:00:25.563257,1,125,352,192.0,280.0,,3,123,0.1263440450572788,0.004477490617225074,0.6,/work3/arnaou/checkpoints/megnet_Pc_trial_1694_best_state.pt,"{'learning_rate': 0.004477490617225074, 'lr_reduce': 0.6}",TPESampler,COMPLETE
1695,0.09858693182468414,2025-04-26 10:41:16.555302,2025-04-26 10:41:49.985502,0 days 00:00:33.430200,1,56,378,391.0,,,2,103,0.2187244222755353,0.003197562324020562,0.6,/work3/arnaou/checkpoints/megnet_Pc_trial_1695_best_state.pt,"{'learning_rate': 0.003197562324020562, 'lr_reduce': 0.6}",TPESampler,COMPLETE
1696,0.1884102076292038,2025-04-26 10:41:23.960704,2025-04-26 10:41:47.527571,0 days 00:00:23.566867,2,43,84,428.0,396.0,,3,119,0.07024998919722968,0.002311641165638282,0.6,/work3/arnaou/checkpoints/megnet_Pc_trial_1696_best_state.pt,"{'learning_rate': 0.002311641165638282, 'lr_reduce': 0.6}",TPESampler,COMPLETE
1697,0.14235961437225342,2025-04-26 10:41:30.343218,2025-04-26 10:41:51.857473,0 days 00:00:21.514255,1,72,472,266.0,,,2,80,0.15890951507347373,0.0028095607086589783,0.6,/work3/arnaou/checkpoints/megnet_Pc_trial_1697_best_state.pt,"{'learning_rate': 0.0028095607086589783, 'lr_reduce': 0.6}",TPESampler,COMPLETE
1698,0.14874468743801117,2025-04-26 10:41:47.746737,2025-04-26 10:42:10.347529,0 days 00:00:22.600792,1,32,450,157.0,444.0,,3,64,0.17798398732501053,0.005266638984808672,0.6,/work3/arnaou/checkpoints/megnet_Pc_trial_1698_best_state.pt,"{'learning_rate': 0.005266638984808672, 'lr_reduce': 0.6}",TPESampler,COMPLETE
1699,0.8863710761070251,2025-04-26 10:41:50.203184,2025-04-26 10:41:56.714150,0 days 00:00:06.510966,1,60,341,362.0,339.0,234.0,4,124,0.15860718499523463,0.00016174813159281916,0.6,/work3/arnaou/checkpoints/megnet_Pc_trial_1699_best_state.pt,"{'learning_rate': 0.00016174813159281916, 'lr_reduce': 0.6}",TPESampler,COMPLETE
1700,0.4259309470653534,2025-04-26 10:41:52.255731,2025-04-26 10:42:05.622625,0 days 00:00:13.366894,1,33,342,476.0,302.0,,3,77,0.1840640439950189,0.009358609108486182,0.6,/work3/arnaou/checkpoints/megnet_Pc_trial_1700_best_state.pt,"{'learning_rate': 0.009358609108486182, 'lr_reduce': 0.6}",TPESampler,COMPLETE
1701,0.17447149753570557,2025-04-26 10:41:56.948024,2025-04-26 10:42:22.138530,0 days 00:00:25.190506,2,45,416,331.0,,,2,80,0.12262813012256181,0.0028184326564866446,0.6,/work3/arnaou/checkpoints/megnet_Pc_trial_1701_best_state.pt,"{'learning_rate': 0.0028184326564866446, 'lr_reduce': 0.6}",TPESampler,COMPLETE
1702,0.1436641365289688,2025-04-26 10:42:05.836854,2025-04-26 10:42:22.437307,0 days 00:00:16.600453,1,66,208,,,,1,114,0.19176839180806002,0.004934735606014602,0.6,/work3/arnaou/checkpoints/megnet_Pc_trial_1702_best_state.pt,"{'learning_rate': 0.004934735606014602, 'lr_reduce': 0.6}",TPESampler,COMPLETE
1703,0.14097236096858978,2025-04-26 10:42:10.568764,2025-04-26 10:42:40.064754,0 days 00:00:29.495990,1,114,379,237.0,,,2,111,0.15108690978100944,0.008150733635633699,0.6,/work3/arnaou/checkpoints/megnet_Pc_trial_1703_best_state.pt,"{'learning_rate': 0.008150733635633699, 'lr_reduce': 0.6}",TPESampler,COMPLETE
1704,0.22158585488796234,2025-04-26 10:42:22.494566,2025-04-26 10:42:38.317801,0 days 00:00:15.823235,2,35,447,421.0,239.0,,3,49,0.22784031890750703,0.005664411769749462,0.6,/work3/arnaou/checkpoints/megnet_Pc_trial_1704_best_state.pt,"{'learning_rate': 0.005664411769749462, 'lr_reduce': 0.6}",TPESampler,COMPLETE
1705,0.13784216344356537,2025-04-26 10:42:22.677486,2025-04-26 10:42:48.407056,0 days 00:00:25.729570,1,44,499,,,,1,95,0.1807092950155706,0.0024880086302788294,0.6,/work3/arnaou/checkpoints/megnet_Pc_trial_1705_best_state.pt,"{'learning_rate': 0.0024880086302788294, 'lr_reduce': 0.6}",TPESampler,COMPLETE
1706,0.8770037889480591,2025-04-26 10:42:38.546974,2025-04-26 10:42:46.514746,0 days 00:00:07.967772,1,109,346,389.0,376.0,,3,126,0.24568203486244106,0.00985847964153733,0.6,/work3/arnaou/checkpoints/megnet_Pc_trial_1706_best_state.pt,"{'learning_rate': 0.00985847964153733, 'lr_reduce': 0.6}",TPESampler,COMPLETE
1707,0.8870202302932739,2025-04-26 10:42:40.289327,2025-04-26 10:42:48.002226,0 days 00:00:07.712899,3,47,407,296.0,,,2,49,0.04594902357420816,0.0020313711159055847,0.6,/work3/arnaou/checkpoints/megnet_Pc_trial_1707_best_state.pt,"{'learning_rate': 0.0020313711159055847, 'lr_reduce': 0.6}",TPESampler,COMPLETE
1708,0.13186565041542053,2025-04-26 10:42:46.764391,2025-04-26 10:43:11.400773,0 days 00:00:24.636382,1,33,353,,,,1,101,0.20411878527280725,0.004729255440652213,0.6,/work3/arnaou/checkpoints/megnet_Pc_trial_1708_best_state.pt,"{'learning_rate': 0.004729255440652213, 'lr_reduce': 0.6}",TPESampler,COMPLETE
1709,0.8867474794387817,2025-04-26 10:42:48.471416,2025-04-26 10:42:56.756853,0 days 00:00:08.285437,3,63,74,107.0,449.0,193.0,4,94,0.09548609202197833,0.0002657210496991398,0.6,/work3/arnaou/checkpoints/megnet_Pc_trial_1709_best_state.pt,"{'learning_rate': 0.0002657210496991398, 'lr_reduce': 0.6}",TPESampler,COMPLETE
1710,0.12136289477348328,2025-04-26 10:42:48.760021,2025-04-26 10:43:14.608364,0 days 00:00:25.848343,1,39,321,343.0,350.0,,3,64,0.2206311989422908,0.007523243151846147,0.6,/work3/arnaou/checkpoints/megnet_Pc_trial_1710_best_state.pt,"{'learning_rate': 0.007523243151846147, 'lr_reduce': 0.6}",TPESampler,COMPLETE
1711,0.23429925739765167,2025-04-26 10:42:57.228197,2025-04-26 10:43:24.846265,0 days 00:00:27.618068,2,47,426,427.0,281.0,,3,108,0.19086983402452856,0.008261867342496598,0.6,/work3/arnaou/checkpoints/megnet_Pc_trial_1711_best_state.pt,"{'learning_rate': 0.008261867342496598, 'lr_reduce': 0.6}",TPESampler,COMPLETE
1712,0.17168602347373962,2025-04-26 10:43:12.144997,2025-04-26 10:43:44.313236,0 days 00:00:32.168239,2,67,170,211.0,,,2,68,0.006669175940754222,0.005966537301900433,0.6,/work3/arnaou/checkpoints/megnet_Pc_trial_1712_best_state.pt,"{'learning_rate': 0.005966537301900433, 'lr_reduce': 0.6}",TPESampler,COMPLETE
1713,0.8871744275093079,2025-04-26 10:43:14.850880,2025-04-26 10:43:20.540834,0 days 00:00:05.689954,4,59,382,383.0,398.0,322.0,4,63,0.14663128471842496,0.00472001661493788,0.6,/work3/arnaou/checkpoints/megnet_Pc_trial_1713_best_state.pt,"{'learning_rate': 0.00472001661493788, 'lr_reduce': 0.6}",TPESampler,COMPLETE
1714,0.13668055832386017,2025-04-26 10:43:20.762216,2025-04-26 10:43:36.123513,0 days 00:00:15.361297,1,32,386,260.0,321.0,,3,109,0.1776793124753667,0.006011434710839441,0.6,/work3/arnaou/checkpoints/megnet_Pc_trial_1714_best_state.pt,"{'learning_rate': 0.006011434710839441, 'lr_reduce': 0.6}",TPESampler,COMPLETE
1715,0.1241307482123375,2025-04-26 10:43:25.082976,2025-04-26 10:43:41.886107,0 days 00:00:16.803131,1,77,480,174.0,,,2,84,0.008433080419089495,0.0032728873361599514,0.6,/work3/arnaou/checkpoints/megnet_Pc_trial_1715_best_state.pt,"{'learning_rate': 0.0032728873361599514, 'lr_reduce': 0.6}",TPESampler,COMPLETE
1716,0.08718686550855637,2025-04-26 10:43:36.339011,2025-04-26 10:44:11.204687,0 days 00:00:34.865676,1,66,396,475.0,393.0,,3,85,0.15544873778058121,0.009832884061556475,0.6,/work3/arnaou/checkpoints/megnet_Pc_trial_1716_best_state.pt,"{'learning_rate': 0.009832884061556475, 'lr_reduce': 0.6}",TPESampler,COMPLETE
1717,0.3385804295539856,2025-04-26 10:43:42.115185,2025-04-26 10:43:53.159498,0 days 00:00:11.044313,1,49,455,64.0,,,2,106,0.15225067414548576,0.006624121023266597,0.6,/work3/arnaou/checkpoints/megnet_Pc_trial_1717_best_state.pt,"{'learning_rate': 0.006624121023266597, 'lr_reduce': 0.6}",TPESampler,COMPLETE
1718,0.12849262356758118,2025-04-26 10:43:44.527879,2025-04-26 10:44:11.377661,0 days 00:00:26.849782,2,57,294,338.0,,,2,90,0.1345667138872678,0.006157169942533671,0.6,/work3/arnaou/checkpoints/megnet_Pc_trial_1718_best_state.pt,"{'learning_rate': 0.006157169942533671, 'lr_reduce': 0.6}",TPESampler,COMPLETE
1719,0.8865834474563599,2025-04-26 10:43:53.387143,2025-04-26 10:43:59.264933,0 days 00:00:05.877790,3,89,235,131.0,318.0,,3,71,0.12437879510814773,0.00042138815028792455,0.6,/work3/arnaou/checkpoints/megnet_Pc_trial_1719_best_state.pt,"{'learning_rate': 0.00042138815028792455, 'lr_reduce': 0.6}",TPESampler,COMPLETE
1720,0.8871673345565796,2025-04-26 10:43:59.507215,2025-04-26 10:44:06.958290,0 days 00:00:07.451075,4,33,497,390.0,437.0,476.0,4,105,0.02595189820235111,0.00016885860090910527,0.6,/work3/arnaou/checkpoints/megnet_Pc_trial_1720_best_state.pt,"{'learning_rate': 0.00016885860090910527, 'lr_reduce': 0.6}",TPESampler,COMPLETE
1721,0.12305311113595963,2025-04-26 10:44:07.199635,2025-04-26 10:44:39.207941,0 days 00:00:32.008306,1,55,419,445.0,,,2,70,0.19893572624158956,0.002766021409979894,0.6,/work3/arnaou/checkpoints/megnet_Pc_trial_1721_best_state.pt,"{'learning_rate': 0.002766021409979894, 'lr_reduce': 0.6}",TPESampler,COMPLETE
