number,value,datetime_start,datetime_complete,duration,params_depth,params_edge_hidden_dim,params_mlp_dim_00,params_mlp_dim_01,params_mlp_dim_02,params_mlp_dim_03,params_mlp_n_layers,params_node_hidden_dim,params_rep_dropout,params_train_learning_rate,params_train_lr_reduce,user_attrs_best_state_dict_path,user_attrs_training_params,system_attrs_auto:sampler,state
758,0.11962395161390305,2025-04-26 08:40:41.706022,2025-04-26 08:40:59.193651,0 days 00:00:17.487629,1,38,286,,,,1,97,0.1429667399053299,0.006978975563170735,0.6,/work3/arnaou/checkpoints/megnet_Pc_trial_758_best_state.pt,"{'learning_rate': 0.006978975563170735, 'lr_reduce': 0.6}",TPESampler,COMPLETE
759,0.5429147481918335,2025-04-26 08:40:59.242435,2025-04-26 08:41:09.422046,0 days 00:00:10.179611,2,91,93,,,,1,125,0.026304225843078236,0.009301170282616818,0.6,/work3/arnaou/checkpoints/megnet_Pc_trial_759_best_state.pt,"{'learning_rate': 0.009301170282616818, 'lr_reduce': 0.6}",TPESampler,COMPLETE
760,0.1379684954881668,2025-04-26 08:40:59.403361,2025-04-26 08:41:16.522548,0 days 00:00:17.119187,1,49,164,239.0,,,2,126,0.0700562513075467,0.009651604825416493,0.6,/work3/arnaou/checkpoints/megnet_Pc_trial_760_best_state.pt,"{'learning_rate': 0.009651604825416493, 'lr_reduce': 0.6}",TPESampler,COMPLETE
761,0.10204049944877625,2025-04-26 08:41:09.603586,2025-04-26 08:41:36.212626,0 days 00:00:26.609040,1,55,252,104.0,362.0,311.0,4,91,0.021075996297878704,0.0041798838483366576,0.6,/work3/arnaou/checkpoints/megnet_Pc_trial_761_best_state.pt,"{'learning_rate': 0.0041798838483366576, 'lr_reduce': 0.6}",TPESampler,COMPLETE
762,0.1811942309141159,2025-04-26 08:41:10.059003,2025-04-26 08:41:29.640196,0 days 00:00:19.581193,1,54,458,,,,1,99,0.1832006261619762,0.001980097408370665,0.6,/work3/arnaou/checkpoints/megnet_Pc_trial_762_best_state.pt,"{'learning_rate': 0.001980097408370665, 'lr_reduce': 0.6}",TPESampler,COMPLETE
763,0.11001299321651459,2025-04-26 08:41:16.736449,2025-04-26 08:41:39.320634,0 days 00:00:22.584185,1,40,335,465.0,411.0,,3,70,0.05951526804283128,0.008587211315297487,0.6,/work3/arnaou/checkpoints/megnet_Pc_trial_763_best_state.pt,"{'learning_rate': 0.008587211315297487, 'lr_reduce': 0.6}",TPESampler,COMPLETE
764,0.07664524018764496,2025-04-26 08:41:29.849429,2025-04-26 08:42:01.947256,0 days 00:00:32.097827,1,60,313,167.0,,,2,85,0.1806699436987341,0.006609712589238923,0.6,/work3/arnaou/checkpoints/megnet_Pc_trial_764_best_state.pt,"{'learning_rate': 0.006609712589238923, 'lr_reduce': 0.6}",TPESampler,COMPLETE
765,0.488151878118515,2025-04-26 08:41:36.422560,2025-04-26 08:41:45.832176,0 days 00:00:09.409616,2,35,423,,,,1,78,0.17515895962326733,0.008967031852459405,0.6,/work3/arnaou/checkpoints/megnet_Pc_trial_765_best_state.pt,"{'learning_rate': 0.008967031852459405, 'lr_reduce': 0.6}",TPESampler,COMPLETE
766,0.11440357565879822,2025-04-26 08:41:39.522301,2025-04-26 08:42:12.824522,0 days 00:00:33.302221,1,72,152,,,,1,99,0.10224871238268146,0.0088019238124698,0.6,/work3/arnaou/checkpoints/megnet_Pc_trial_766_best_state.pt,"{'learning_rate': 0.0088019238124698, 'lr_reduce': 0.6}",TPESampler,COMPLETE
767,0.23528963327407837,2025-04-26 08:41:46.028165,2025-04-26 08:42:04.295936,0 days 00:00:18.267771,2,43,340,237.0,465.0,,3,106,0.21598051318242095,0.0014761129679006508,0.6,/work3/arnaou/checkpoints/megnet_Pc_trial_767_best_state.pt,"{'learning_rate': 0.0014761129679006508, 'lr_reduce': 0.6}",TPESampler,COMPLETE
768,0.08009281009435654,2025-04-26 08:42:02.132594,2025-04-26 08:42:25.781427,0 days 00:00:23.648833,1,37,276,139.0,361.0,,3,96,0.09342972481209422,0.004192625870564292,0.6,/work3/arnaou/checkpoints/megnet_Pc_trial_768_best_state.pt,"{'learning_rate': 0.004192625870564292, 'lr_reduce': 0.6}",TPESampler,COMPLETE
769,0.14467565715312958,2025-04-26 08:42:04.478341,2025-04-26 08:42:33.654201,0 days 00:00:29.175860,1,56,238,112.0,512.0,,3,88,0.15776835570943712,0.004954300758248208,0.6,/work3/arnaou/checkpoints/megnet_Pc_trial_769_best_state.pt,"{'learning_rate': 0.004954300758248208, 'lr_reduce': 0.6}",TPESampler,COMPLETE
770,0.2228517383337021,2025-04-26 08:42:13.025715,2025-04-26 08:42:29.827811,0 days 00:00:16.802096,1,76,140,152.0,,,2,126,0.0969253401369595,0.00993296696091637,0.6,/work3/arnaou/checkpoints/megnet_Pc_trial_770_best_state.pt,"{'learning_rate': 0.00993296696091637, 'lr_reduce': 0.6}",TPESampler,COMPLETE
771,0.12958507239818573,2025-04-26 08:42:25.977641,2025-04-26 08:42:56.905251,0 days 00:00:30.927610,1,69,309,,,,1,76,0.1819568401004054,0.004771797608880902,0.6,/work3/arnaou/checkpoints/megnet_Pc_trial_771_best_state.pt,"{'learning_rate': 0.004771797608880902, 'lr_reduce': 0.6}",TPESampler,COMPLETE
772,0.30571407079696655,2025-04-26 08:42:30.007728,2025-04-26 08:42:53.654264,0 days 00:00:23.646536,1,73,381,161.0,,,2,75,0.17694918358676465,0.006773501655370471,0.6,/work3/arnaou/checkpoints/megnet_Pc_trial_772_best_state.pt,"{'learning_rate': 0.006773501655370471, 'lr_reduce': 0.6}",TPESampler,COMPLETE
773,0.2558037042617798,2025-04-26 08:42:33.869076,2025-04-26 08:43:03.540464,0 days 00:00:29.671388,2,71,283,147.0,382.0,,3,85,0.1658115190282554,0.002830745049200666,0.6,/work3/arnaou/checkpoints/megnet_Pc_trial_773_best_state.pt,"{'learning_rate': 0.002830745049200666, 'lr_reduce': 0.6}",TPESampler,COMPLETE
774,0.14993718266487122,2025-04-26 08:42:53.970966,2025-04-26 08:43:18.466247,0 days 00:00:24.495281,1,73,235,110.0,,,2,63,0.21659894562428006,0.0065360840330452126,0.6,/work3/arnaou/checkpoints/megnet_Pc_trial_774_best_state.pt,"{'learning_rate': 0.0065360840330452126, 'lr_reduce': 0.6}",TPESampler,COMPLETE
775,0.8875875473022461,2025-04-26 08:42:57.114677,2025-04-26 08:43:02.523505,0 days 00:00:05.408828,2,104,323,131.0,404.0,176.0,4,61,0.11890537411699734,0.00040543222119159467,0.6,/work3/arnaou/checkpoints/megnet_Pc_trial_775_best_state.pt,"{'learning_rate': 0.00040543222119159467, 'lr_reduce': 0.6}",TPESampler,COMPLETE
776,0.09627287834882736,2025-04-26 08:43:02.720541,2025-04-26 08:43:29.662303,0 days 00:00:26.941762,1,72,295,142.0,,,2,75,0.1958357697184612,0.003237937485007266,0.6,/work3/arnaou/checkpoints/megnet_Pc_trial_776_best_state.pt,"{'learning_rate': 0.003237937485007266, 'lr_reduce': 0.6}",TPESampler,COMPLETE
777,0.15765567123889923,2025-04-26 08:43:03.773260,2025-04-26 08:43:36.551337,0 days 00:00:32.778077,1,35,201,74.0,375.0,,3,94,0.11547070646396627,0.0012630514929611219,0.6,/work3/arnaou/checkpoints/megnet_Pc_trial_777_best_state.pt,"{'learning_rate': 0.0012630514929611219, 'lr_reduce': 0.6}",TPESampler,COMPLETE
778,0.25151726603507996,2025-04-26 08:43:18.650820,2025-04-26 08:43:53.001826,0 days 00:00:34.351006,2,56,122,130.0,427.0,,3,87,0.017427750115601985,0.001519415204837171,0.6,/work3/arnaou/checkpoints/megnet_Pc_trial_778_best_state.pt,"{'learning_rate': 0.001519415204837171, 'lr_reduce': 0.6}",TPESampler,COMPLETE
779,0.5205720663070679,2025-04-26 08:43:29.851707,2025-04-26 08:43:39.740431,0 days 00:00:09.888724,2,53,282,164.0,448.0,,3,85,0.123215259117261,0.009136795949716298,0.6,/work3/arnaou/checkpoints/megnet_Pc_trial_779_best_state.pt,"{'learning_rate': 0.009136795949716298, 'lr_reduce': 0.6}",TPESampler,COMPLETE
780,0.12191780656576157,2025-04-26 08:43:36.745776,2025-04-26 08:43:58.267696,0 days 00:00:21.521920,1,32,269,64.0,385.0,,3,99,0.07199981677291212,0.009155700460841517,0.6,/work3/arnaou/checkpoints/megnet_Pc_trial_780_best_state.pt,"{'learning_rate': 0.009155700460841517, 'lr_reduce': 0.6}",TPESampler,COMPLETE
781,0.15531489253044128,2025-04-26 08:43:39.918955,2025-04-26 08:44:04.742525,0 days 00:00:24.823570,1,69,277,165.0,512.0,,3,81,0.06381028554103363,0.0022711545105386596,0.6,/work3/arnaou/checkpoints/megnet_Pc_trial_781_best_state.pt,"{'learning_rate': 0.0022711545105386596, 'lr_reduce': 0.6}",TPESampler,COMPLETE
782,0.1701805591583252,2025-04-26 08:43:53.380553,2025-04-26 08:44:20.847518,0 days 00:00:27.466965,2,47,352,105.0,,,2,93,0.169260201828873,0.009377809154910936,0.6,/work3/arnaou/checkpoints/megnet_Pc_trial_782_best_state.pt,"{'learning_rate': 0.009377809154910936, 'lr_reduce': 0.6}",TPESampler,COMPLETE
783,0.08076159656047821,2025-04-26 08:43:58.457476,2025-04-26 08:44:32.934055,0 days 00:00:34.476579,1,66,403,184.0,,,2,107,0.16120333413756693,0.005046194362344125,0.6,/work3/arnaou/checkpoints/megnet_Pc_trial_783_best_state.pt,"{'learning_rate': 0.005046194362344125, 'lr_reduce': 0.6}",TPESampler,COMPLETE
784,0.09282727539539337,2025-04-26 08:44:04.932812,2025-04-26 08:44:39.535304,0 days 00:00:34.602492,1,56,270,124.0,,,2,91,0.21574999150120566,0.0045089542200220534,0.6,/work3/arnaou/checkpoints/megnet_Pc_trial_784_best_state.pt,"{'learning_rate': 0.0045089542200220534, 'lr_reduce': 0.6}",TPESampler,COMPLETE
785,0.12158782035112381,2025-04-26 08:44:21.182768,2025-04-26 08:44:37.905064,0 days 00:00:16.722296,1,55,497,180.0,,,2,97,0.2296100952534403,0.00387917187767541,0.6,/work3/arnaou/checkpoints/megnet_Pc_trial_785_best_state.pt,"{'learning_rate': 0.00387917187767541, 'lr_reduce': 0.6}",TPESampler,COMPLETE
786,0.1623847335577011,2025-04-26 08:44:33.123859,2025-04-26 08:44:52.166923,0 days 00:00:19.043064,1,61,363,215.0,440.0,,3,104,0.19391536792254185,0.0030293167490202393,0.6,/work3/arnaou/checkpoints/megnet_Pc_trial_786_best_state.pt,"{'learning_rate': 0.0030293167490202393, 'lr_reduce': 0.6}",TPESampler,COMPLETE
787,0.8863275647163391,2025-04-26 08:44:38.086402,2025-04-26 08:44:43.078850,0 days 00:00:04.992448,1,94,283,181.0,,,2,119,0.22697446070639585,0.00018975023541963634,0.6,/work3/arnaou/checkpoints/megnet_Pc_trial_787_best_state.pt,"{'learning_rate': 0.00018975023541963634, 'lr_reduce': 0.6}",TPESampler,COMPLETE
788,0.15964026749134064,2025-04-26 08:44:39.726779,2025-04-26 08:44:59.530396,0 days 00:00:19.803617,1,41,336,182.0,380.0,,3,93,0.04210819161304178,0.0022267583005991694,0.6,/work3/arnaou/checkpoints/megnet_Pc_trial_788_best_state.pt,"{'learning_rate': 0.0022267583005991694, 'lr_reduce': 0.6}",TPESampler,COMPLETE
789,0.22111831605434418,2025-04-26 08:44:43.276675,2025-04-26 08:45:09.889228,0 days 00:00:26.612553,3,127,120,180.0,,,2,69,0.23950954311491032,0.001587507258621325,0.6,/work3/arnaou/checkpoints/megnet_Pc_trial_789_best_state.pt,"{'learning_rate': 0.001587507258621325, 'lr_reduce': 0.6}",TPESampler,COMPLETE
790,0.886934220790863,2025-04-26 08:44:52.357247,2025-04-26 08:44:58.636106,0 days 00:00:06.278859,3,128,441,188.0,471.0,,3,35,0.09493094578189509,0.0010521779921638425,0.6,/work3/arnaou/checkpoints/megnet_Pc_trial_790_best_state.pt,"{'learning_rate': 0.0010521779921638425, 'lr_reduce': 0.6}",TPESampler,COMPLETE
791,0.09069362282752991,2025-04-26 08:44:58.799422,2025-04-26 08:45:24.529936,0 days 00:00:25.730514,1,33,331,146.0,436.0,,3,81,0.0892419799670537,0.007683962228331764,0.6,/work3/arnaou/checkpoints/megnet_Pc_trial_791_best_state.pt,"{'learning_rate': 0.007683962228331764, 'lr_reduce': 0.6}",TPESampler,COMPLETE
792,0.18917623162269592,2025-04-26 08:44:59.744799,2025-04-26 08:45:25.107534,0 days 00:00:25.362735,2,32,137,199.0,413.0,227.0,4,102,0.06626634018738764,0.0025668802140933235,0.6,/work3/arnaou/checkpoints/megnet_Pc_trial_792_best_state.pt,"{'learning_rate': 0.0025668802140933235, 'lr_reduce': 0.6}",TPESampler,COMPLETE
793,0.8864307403564453,2025-04-26 08:45:10.100364,2025-04-26 08:45:14.470095,0 days 00:00:04.369731,1,66,455,136.0,,,2,40,0.2339537047611991,0.00024175438165905977,0.6,/work3/arnaou/checkpoints/megnet_Pc_trial_793_best_state.pt,"{'learning_rate': 0.00024175438165905977, 'lr_reduce': 0.6}",TPESampler,COMPLETE
794,0.0794900506734848,2025-04-26 08:45:14.638326,2025-04-26 08:45:46.369311,0 days 00:00:31.730985,1,66,271,,,,1,109,0.17431553665456204,0.006517820968765451,0.6,/work3/arnaou/checkpoints/megnet_Pc_trial_794_best_state.pt,"{'learning_rate': 0.006517820968765451, 'lr_reduce': 0.6}",TPESampler,COMPLETE
795,0.11499341577291489,2025-04-26 08:45:24.707961,2025-04-26 08:45:49.258843,0 days 00:00:24.550882,2,74,300,222.0,,,2,93,0.13737332939242256,0.0032713934854972306,0.6,/work3/arnaou/checkpoints/megnet_Pc_trial_795_best_state.pt,"{'learning_rate': 0.0032713934854972306, 'lr_reduce': 0.6}",TPESampler,COMPLETE
796,0.13610655069351196,2025-04-26 08:45:25.318547,2025-04-26 08:45:46.288522,0 days 00:00:20.969975,2,55,253,152.0,,,2,76,0.21084733107160103,0.005466047059785007,0.6,/work3/arnaou/checkpoints/megnet_Pc_trial_796_best_state.pt,"{'learning_rate': 0.005466047059785007, 'lr_reduce': 0.6}",TPESampler,COMPLETE
797,0.22030915319919586,2025-04-26 08:45:46.425156,2025-04-26 08:46:21.606193,0 days 00:00:35.181037,3,97,485,237.0,,,2,58,0.16392567001524677,0.009402420313013516,0.6,/work3/arnaou/checkpoints/megnet_Pc_trial_797_best_state.pt,"{'learning_rate': 0.009402420313013516, 'lr_reduce': 0.6}",TPESampler,COMPLETE
798,0.1470472663640976,2025-04-26 08:45:46.531496,2025-04-26 08:46:20.257223,0 days 00:00:33.725727,1,92,408,,,,1,96,0.1176301954475644,0.006341857208266891,0.6,/work3/arnaou/checkpoints/megnet_Pc_trial_798_best_state.pt,"{'learning_rate': 0.006341857208266891, 'lr_reduce': 0.6}",TPESampler,COMPLETE
799,0.10957158356904984,2025-04-26 08:45:49.446298,2025-04-26 08:46:13.952560,0 days 00:00:24.506262,1,83,202,247.0,,,2,117,0.15921697570657944,0.00860842061190094,0.6,/work3/arnaou/checkpoints/megnet_Pc_trial_799_best_state.pt,"{'learning_rate': 0.00860842061190094, 'lr_reduce': 0.6}",TPESampler,COMPLETE
800,0.1235714927315712,2025-04-26 08:46:14.135953,2025-04-26 08:46:49.280750,0 days 00:00:35.144797,1,35,359,251.0,354.0,,3,57,0.07806919397240822,0.0018055016138928753,0.6,/work3/arnaou/checkpoints/megnet_Pc_trial_800_best_state.pt,"{'learning_rate': 0.0018055016138928753, 'lr_reduce': 0.6}",TPESampler,COMPLETE
801,0.14554795622825623,2025-04-26 08:46:20.444198,2025-04-26 08:46:37.657913,0 days 00:00:17.213715,1,66,276,,,,1,99,0.17336982959936093,0.002759888652005255,0.6,/work3/arnaou/checkpoints/megnet_Pc_trial_801_best_state.pt,"{'learning_rate': 0.002759888652005255, 'lr_reduce': 0.6}",TPESampler,COMPLETE
802,0.8868652582168579,2025-04-26 08:46:21.891239,2025-04-26 08:46:27.806220,0 days 00:00:05.914981,4,121,273,204.0,469.0,310.0,4,58,0.13545215227653568,0.0005164923554280688,0.6,/work3/arnaou/checkpoints/megnet_Pc_trial_802_best_state.pt,"{'learning_rate': 0.0005164923554280688, 'lr_reduce': 0.6}",TPESampler,COMPLETE
803,0.11806493252515793,2025-04-26 08:46:27.985678,2025-04-26 08:46:49.074590,0 days 00:00:21.088912,1,35,232,251.0,416.0,,3,84,0.04096429961861033,0.0034634438024276517,0.6,/work3/arnaou/checkpoints/megnet_Pc_trial_803_best_state.pt,"{'learning_rate': 0.0034634438024276517, 'lr_reduce': 0.6}",TPESampler,COMPLETE
804,0.14402265846729279,2025-04-26 08:46:37.832792,2025-04-26 08:47:10.028719,0 days 00:00:32.195927,1,55,293,,,,1,104,0.13631970057397078,0.008438089234410017,0.6,/work3/arnaou/checkpoints/megnet_Pc_trial_804_best_state.pt,"{'learning_rate': 0.008438089234410017, 'lr_reduce': 0.6}",TPESampler,COMPLETE
805,0.2921159863471985,2025-04-26 08:46:49.243754,2025-04-26 08:47:13.051027,0 days 00:00:23.807273,2,66,299,,,,1,120,0.18488081082604235,0.0074104670458058,0.6,/work3/arnaou/checkpoints/megnet_Pc_trial_805_best_state.pt,"{'learning_rate': 0.0074104670458058, 'lr_reduce': 0.6}",TPESampler,COMPLETE
806,0.17427480220794678,2025-04-26 08:46:49.447427,2025-04-26 08:47:22.421646,0 days 00:00:32.974219,1,85,180,,,,1,106,0.18945682899274846,0.008084219977330042,0.6,/work3/arnaou/checkpoints/megnet_Pc_trial_806_best_state.pt,"{'learning_rate': 0.008084219977330042, 'lr_reduce': 0.6}",TPESampler,COMPLETE
807,0.11902038007974625,2025-04-26 08:47:10.261727,2025-04-26 08:47:34.422424,0 days 00:00:24.160697,1,35,392,196.0,,,2,59,0.16777481386627263,0.008225705631027942,0.6,/work3/arnaou/checkpoints/megnet_Pc_trial_807_best_state.pt,"{'learning_rate': 0.008225705631027942, 'lr_reduce': 0.6}",TPESampler,COMPLETE
808,0.8865829706192017,2025-04-26 08:47:13.306335,2025-04-26 08:47:21.497821,0 days 00:00:08.191486,4,95,305,255.0,350.0,126.0,4,123,0.09035865717624138,0.000124244513838279,0.6,/work3/arnaou/checkpoints/megnet_Pc_trial_808_best_state.pt,"{'learning_rate': 0.000124244513838279, 'lr_reduce': 0.6}",TPESampler,COMPLETE
809,0.10453628748655319,2025-04-26 08:47:21.675199,2025-04-26 08:47:54.867657,0 days 00:00:33.192458,1,73,294,190.0,,,2,104,0.19643385363176924,0.005388008193428117,0.6,/work3/arnaou/checkpoints/megnet_Pc_trial_809_best_state.pt,"{'learning_rate': 0.005388008193428117, 'lr_reduce': 0.6}",TPESampler,COMPLETE
810,0.17254221439361572,2025-04-26 08:47:22.637365,2025-04-26 08:47:50.258126,0 days 00:00:27.620761,2,47,229,235.0,458.0,,3,64,0.09682924920198895,0.0038418829062789516,0.6,/work3/arnaou/checkpoints/megnet_Pc_trial_810_best_state.pt,"{'learning_rate': 0.0038418829062789516, 'lr_reduce': 0.6}",TPESampler,COMPLETE
811,0.12144380807876587,2025-04-26 08:47:34.612518,2025-04-26 08:47:57.602052,0 days 00:00:22.989534,1,58,158,,,,1,115,0.168234826001512,0.003926367175249055,0.6,/work3/arnaou/checkpoints/megnet_Pc_trial_811_best_state.pt,"{'learning_rate': 0.003926367175249055, 'lr_reduce': 0.6}",TPESampler,COMPLETE
812,0.11326931416988373,2025-04-26 08:47:50.489132,2025-04-26 08:48:23.634695,0 days 00:00:33.145563,2,66,355,,,,1,102,0.2093721248075026,0.004176013504140509,0.6,/work3/arnaou/checkpoints/megnet_Pc_trial_812_best_state.pt,"{'learning_rate': 0.004176013504140509, 'lr_reduce': 0.6}",TPESampler,COMPLETE
813,0.1547820121049881,2025-04-26 08:47:55.089658,2025-04-26 08:48:28.837203,0 days 00:00:33.747545,1,64,288,,,,1,105,0.18472311227081234,0.008136696568758471,0.6,/work3/arnaou/checkpoints/megnet_Pc_trial_813_best_state.pt,"{'learning_rate': 0.008136696568758471, 'lr_reduce': 0.6}",TPESampler,COMPLETE
814,0.3680099546909332,2025-04-26 08:47:57.972380,2025-04-26 08:48:39.826575,0 days 00:00:41.854195,3,116,449,194.0,505.0,65.0,4,54,0.0031456226958585243,0.0007154476501886648,0.6,/work3/arnaou/checkpoints/megnet_Pc_trial_814_best_state.pt,"{'learning_rate': 0.0007154476501886648, 'lr_reduce': 0.6}",TPESampler,COMPLETE
815,0.19951434433460236,2025-04-26 08:48:23.827773,2025-04-26 08:48:54.508258,0 days 00:00:30.680485,2,74,377,259.0,,,2,112,0.11590496494995992,0.0042685221647308196,0.6,/work3/arnaou/checkpoints/megnet_Pc_trial_815_best_state.pt,"{'learning_rate': 0.0042685221647308196, 'lr_reduce': 0.6}",TPESampler,COMPLETE
816,0.09669728577136993,2025-04-26 08:48:29.040000,2025-04-26 08:48:51.411038,0 days 00:00:22.371038,1,75,383,178.0,,,2,99,0.1783534392018784,0.0033752278379638174,0.6,/work3/arnaou/checkpoints/megnet_Pc_trial_816_best_state.pt,"{'learning_rate': 0.0033752278379638174, 'lr_reduce': 0.6}",TPESampler,COMPLETE
817,0.16048672795295715,2025-04-26 08:48:40.024820,2025-04-26 08:48:57.225140,0 days 00:00:17.200320,1,93,273,,,,1,110,0.12091123413244971,0.0011415949938042048,0.6,/work3/arnaou/checkpoints/megnet_Pc_trial_817_best_state.pt,"{'learning_rate': 0.0011415949938042048, 'lr_reduce': 0.6}",TPESampler,COMPLETE
818,0.09571442753076553,2025-04-26 08:48:51.587635,2025-04-26 08:49:21.320803,0 days 00:00:29.733168,1,69,256,,,,1,123,0.14050690883015798,0.006053751151425608,0.6,/work3/arnaou/checkpoints/megnet_Pc_trial_818_best_state.pt,"{'learning_rate': 0.006053751151425608, 'lr_reduce': 0.6}",TPESampler,COMPLETE
819,0.8865669369697571,2025-04-26 08:48:54.706310,2025-04-26 08:48:59.484661,0 days 00:00:04.778351,1,64,437,232.0,,,2,74,0.12422781089271179,0.0002727519061321227,0.6,/work3/arnaou/checkpoints/megnet_Pc_trial_819_best_state.pt,"{'learning_rate': 0.0002727519061321227, 'lr_reduce': 0.6}",TPESampler,COMPLETE
820,0.5032398700714111,2025-04-26 08:48:57.409960,2025-04-26 08:49:14.443724,0 days 00:00:17.033764,1,103,245,280.0,408.0,,3,118,0.173035635333932,0.008629905490325157,0.6,/work3/arnaou/checkpoints/megnet_Pc_trial_820_best_state.pt,"{'learning_rate': 0.008629905490325157, 'lr_reduce': 0.6}",TPESampler,COMPLETE
821,0.8870523571968079,2025-04-26 08:48:59.682155,2025-04-26 08:49:06.173877,0 days 00:00:06.491722,4,126,448,109.0,468.0,,3,122,0.03352329546664226,0.00044907418020961697,0.6,/work3/arnaou/checkpoints/megnet_Pc_trial_821_best_state.pt,"{'learning_rate': 0.00044907418020961697, 'lr_reduce': 0.6}",TPESampler,COMPLETE
822,0.19610922038555145,2025-04-26 08:49:06.364833,2025-04-26 08:49:37.090545,0 days 00:00:30.725712,1,86,140,180.0,362.0,,3,127,0.24624871870411258,0.007468941248136256,0.6,/work3/arnaou/checkpoints/megnet_Pc_trial_822_best_state.pt,"{'learning_rate': 0.007468941248136256, 'lr_reduce': 0.6}",TPESampler,COMPLETE
823,0.10187843441963196,2025-04-26 08:49:14.646995,2025-04-26 08:49:40.444426,0 days 00:00:25.797431,1,42,252,157.0,434.0,,3,79,0.18765674673810234,0.008154387886714949,0.6,/work3/arnaou/checkpoints/megnet_Pc_trial_823_best_state.pt,"{'learning_rate': 0.008154387886714949, 'lr_reduce': 0.6}",TPESampler,COMPLETE
824,0.10656241327524185,2025-04-26 08:49:21.507811,2025-04-26 08:49:53.455222,0 days 00:00:31.947411,1,55,273,220.0,464.0,212.0,4,116,0.032221454145412706,0.00783478566797328,0.6,/work3/arnaou/checkpoints/megnet_Pc_trial_824_best_state.pt,"{'learning_rate': 0.00783478566797328, 'lr_reduce': 0.6}",TPESampler,COMPLETE
825,0.14356201887130737,2025-04-26 08:49:37.264960,2025-04-26 08:50:06.023855,0 days 00:00:28.758895,2,37,251,274.0,398.0,,3,87,0.1883834321156324,0.003446681648230638,0.6,/work3/arnaou/checkpoints/megnet_Pc_trial_825_best_state.pt,"{'learning_rate': 0.003446681648230638, 'lr_reduce': 0.6}",TPESampler,COMPLETE
826,0.09972040355205536,2025-04-26 08:49:40.646585,2025-04-26 08:50:10.935369,0 days 00:00:30.288784,1,79,326,102.0,137.0,,3,103,0.15800018273629887,0.005102727811299069,0.6,/work3/arnaou/checkpoints/megnet_Pc_trial_826_best_state.pt,"{'learning_rate': 0.005102727811299069, 'lr_reduce': 0.6}",TPESampler,COMPLETE
