number,value,datetime_start,datetime_complete,duration,params_depth,params_edge_hidden_dim,params_mlp_dim_00,params_mlp_dim_01,params_mlp_dim_02,params_mlp_dim_03,params_mlp_n_layers,params_node_hidden_dim,params_rep_dropout,params_train_learning_rate,params_train_lr_reduce,user_attrs_best_state_dict_path,user_attrs_training_params,system_attrs_auto:sampler,state
482,0.10536374896764755,2025-04-26 08:08:32.644405,2025-04-26 08:08:47.491446,0 days 00:00:14.847041,1,43,336,217.0,,,2,113,0.1480776287584456,0.006652026725354107,0.6,/work3/arnaou/checkpoints/megnet_Pc_trial_482_best_state.pt,"{'learning_rate': 0.006652026725354107, 'lr_reduce': 0.6}",TPESampler,COMPLETE
483,0.1185411587357521,2025-04-26 08:08:37.521757,2025-04-26 08:09:12.597768,0 days 00:00:35.076011,1,32,238,226.0,67.0,269.0,4,96,0.11775373312096996,0.003701672127446435,0.6,/work3/arnaou/checkpoints/megnet_Pc_trial_483_best_state.pt,"{'learning_rate': 0.003701672127446435, 'lr_reduce': 0.6}",TPESampler,COMPLETE
484,0.14747858047485352,2025-04-26 08:08:41.923892,2025-04-26 08:09:12.386303,0 days 00:00:30.462411,3,93,117,215.0,158.0,,3,54,0.05613901696757517,0.008477133842791177,0.6,/work3/arnaou/checkpoints/megnet_Pc_trial_484_best_state.pt,"{'learning_rate': 0.008477133842791177, 'lr_reduce': 0.6}",TPESampler,COMPLETE
485,0.8874263763427734,2025-04-26 08:08:47.667422,2025-04-26 08:08:52.539258,0 days 00:00:04.871836,4,91,223,253.0,126.0,501.0,4,32,0.2445292359576161,0.006373817605148671,0.6,/work3/arnaou/checkpoints/megnet_Pc_trial_485_best_state.pt,"{'learning_rate': 0.006373817605148671, 'lr_reduce': 0.6}",TPESampler,COMPLETE
486,0.11197809129953384,2025-04-26 08:08:52.697883,2025-04-26 08:09:14.402230,0 days 00:00:21.704347,1,35,163,510.0,189.0,,3,123,0.13899767970812743,0.008058345071681077,0.6,/work3/arnaou/checkpoints/megnet_Pc_trial_486_best_state.pt,"{'learning_rate': 0.008058345071681077, 'lr_reduce': 0.6}",TPESampler,COMPLETE
487,0.14724992215633392,2025-04-26 08:09:12.557163,2025-04-26 08:09:33.159236,0 days 00:00:20.602073,1,49,330,208.0,131.0,,3,93,0.15237201397056524,0.0017492277682984588,0.6,/work3/arnaou/checkpoints/megnet_Pc_trial_487_best_state.pt,"{'learning_rate': 0.0017492277682984588, 'lr_reduce': 0.6}",TPESampler,COMPLETE
488,0.8865359425544739,2025-04-26 08:09:12.763314,2025-04-26 08:09:19.460024,0 days 00:00:06.696710,3,116,471,,,,1,107,0.0629917388283707,0.0002621966366837485,0.6,/work3/arnaou/checkpoints/megnet_Pc_trial_488_best_state.pt,"{'learning_rate': 0.0002621966366837485, 'lr_reduce': 0.6}",TPESampler,COMPLETE
489,0.33257460594177246,2025-04-26 08:09:14.561009,2025-04-26 08:09:43.388221,0 days 00:00:28.827212,1,37,417,453.0,64.0,,3,106,0.17637455423896223,0.006385239542799032,0.6,/work3/arnaou/checkpoints/megnet_Pc_trial_489_best_state.pt,"{'learning_rate': 0.006385239542799032, 'lr_reduce': 0.6}",TPESampler,COMPLETE
490,0.15749013423919678,2025-04-26 08:09:19.623812,2025-04-26 08:09:38.929180,0 days 00:00:19.305368,2,36,344,268.0,138.0,330.0,4,119,0.09070350116203188,0.005037249808479454,0.6,/work3/arnaou/checkpoints/megnet_Pc_trial_490_best_state.pt,"{'learning_rate': 0.005037249808479454, 'lr_reduce': 0.6}",TPESampler,COMPLETE
491,0.1319616138935089,2025-04-26 08:09:33.332797,2025-04-26 08:10:06.521077,0 days 00:00:33.188280,1,54,275,220.0,113.0,,3,117,0.1594331387237495,0.00850145343912919,0.6,/work3/arnaou/checkpoints/megnet_Pc_trial_491_best_state.pt,"{'learning_rate': 0.00850145343912919, 'lr_reduce': 0.6}",TPESampler,COMPLETE
492,0.15945005416870117,2025-04-26 08:09:39.100792,2025-04-26 08:10:07.793277,0 days 00:00:28.692485,1,56,511,419.0,220.0,,3,101,0.22428579384886357,0.008227428217581836,0.6,/work3/arnaou/checkpoints/megnet_Pc_trial_492_best_state.pt,"{'learning_rate': 0.008227428217581836, 'lr_reduce': 0.6}",TPESampler,COMPLETE
493,0.8866236805915833,2025-04-26 08:09:43.566248,2025-04-26 08:09:50.063933,0 days 00:00:06.497685,2,96,90,258.0,,,2,59,0.1281106609332605,0.00011424567222319463,0.6,/work3/arnaou/checkpoints/megnet_Pc_trial_493_best_state.pt,"{'learning_rate': 0.00011424567222319463, 'lr_reduce': 0.6}",TPESampler,COMPLETE
494,0.12745390832424164,2025-04-26 08:09:50.224203,2025-04-26 08:10:17.555116,0 days 00:00:27.330913,2,62,501,199.0,,,2,115,0.17696592287974539,0.0049811850980068595,0.6,/work3/arnaou/checkpoints/megnet_Pc_trial_494_best_state.pt,"{'learning_rate': 0.0049811850980068595, 'lr_reduce': 0.6}",TPESampler,COMPLETE
495,0.17143477499485016,2025-04-26 08:10:06.670533,2025-04-26 08:10:43.483760,0 days 00:00:36.813227,1,85,241,461.0,172.0,,3,69,0.23024914710405572,0.0002482201558827761,0.6,/work3/arnaou/checkpoints/megnet_Pc_trial_495_best_state.pt,"{'learning_rate': 0.0002482201558827761, 'lr_reduce': 0.6}",TPESampler,COMPLETE
496,0.11863396316766739,2025-04-26 08:10:07.973719,2025-04-26 08:10:42.447761,0 days 00:00:34.474042,1,102,309,,,,1,81,0.05122742371759045,0.003302925407143706,0.6,/work3/arnaou/checkpoints/megnet_Pc_trial_496_best_state.pt,"{'learning_rate': 0.003302925407143706, 'lr_reduce': 0.6}",TPESampler,COMPLETE
497,0.13926832377910614,2025-04-26 08:10:17.708304,2025-04-26 08:10:32.875906,0 days 00:00:15.167602,1,41,411,244.0,,,2,128,0.21887552591071208,0.007516094606515609,0.6,/work3/arnaou/checkpoints/megnet_Pc_trial_497_best_state.pt,"{'learning_rate': 0.007516094606515609, 'lr_reduce': 0.6}",TPESampler,COMPLETE
498,0.08449586480855942,2025-04-26 08:10:33.085566,2025-04-26 08:10:59.464182,0 days 00:00:26.378616,1,52,184,422.0,,,2,128,0.1872128011628625,0.007836484541525062,0.6,/work3/arnaou/checkpoints/megnet_Pc_trial_498_best_state.pt,"{'learning_rate': 0.007836484541525062, 'lr_reduce': 0.6}",TPESampler,COMPLETE
499,0.12777352333068848,2025-04-26 08:10:42.627805,2025-04-26 08:11:13.307017,0 days 00:00:30.679212,1,34,287,199.0,117.0,262.0,4,116,0.17916304250678117,0.0030451570498641746,0.6,/work3/arnaou/checkpoints/megnet_Pc_trial_499_best_state.pt,"{'learning_rate': 0.0030451570498641746, 'lr_reduce': 0.6}",TPESampler,COMPLETE
500,0.8872602581977844,2025-04-26 08:10:43.671402,2025-04-26 08:10:48.455368,0 days 00:00:04.783966,4,44,421,273.0,,,2,109,0.04403035034212846,0.0026292539787464713,0.6,/work3/arnaou/checkpoints/megnet_Pc_trial_500_best_state.pt,"{'learning_rate': 0.0026292539787464713, 'lr_reduce': 0.6}",TPESampler,COMPLETE
501,0.11146396398544312,2025-04-26 08:10:48.623168,2025-04-26 08:11:15.446816,0 days 00:00:26.823648,1,37,321,457.0,109.0,,3,95,0.13377729027073731,0.008663063598618504,0.6,/work3/arnaou/checkpoints/megnet_Pc_trial_501_best_state.pt,"{'learning_rate': 0.008663063598618504, 'lr_reduce': 0.6}",TPESampler,COMPLETE
502,0.0811222568154335,2025-04-26 08:10:59.808894,2025-04-26 08:11:33.954634,0 days 00:00:34.145740,2,43,216,415.0,181.0,,3,107,0.20148800236531547,0.005927342395797526,0.6,/work3/arnaou/checkpoints/megnet_Pc_trial_502_best_state.pt,"{'learning_rate': 0.005927342395797526, 'lr_reduce': 0.6}",TPESampler,COMPLETE
503,0.11880560219287872,2025-04-26 08:11:13.479065,2025-04-26 08:11:40.062967,0 days 00:00:26.583902,1,34,406,408.0,126.0,398.0,4,126,0.11240525517980607,0.004295708340754766,0.6,/work3/arnaou/checkpoints/megnet_Pc_trial_503_best_state.pt,"{'learning_rate': 0.004295708340754766, 'lr_reduce': 0.6}",TPESampler,COMPLETE
504,0.12188087403774261,2025-04-26 08:11:15.625762,2025-04-26 08:11:34.804485,0 days 00:00:19.178723,1,33,492,405.0,,,2,78,0.21654198277664713,0.006562735927726159,0.6,/work3/arnaou/checkpoints/megnet_Pc_trial_504_best_state.pt,"{'learning_rate': 0.006562735927726159, 'lr_reduce': 0.6}",TPESampler,COMPLETE
505,0.12113545835018158,2025-04-26 08:11:34.137444,2025-04-26 08:11:53.411127,0 days 00:00:19.273683,1,38,391,415.0,,,2,116,0.19471740324639242,0.009403409704829576,0.6,/work3/arnaou/checkpoints/megnet_Pc_trial_505_best_state.pt,"{'learning_rate': 0.009403409704829576, 'lr_reduce': 0.6}",TPESampler,COMPLETE
506,0.11439105123281479,2025-04-26 08:11:34.975024,2025-04-26 08:12:07.707638,0 days 00:00:32.732614,1,65,435,384.0,,,2,86,0.18204742382846045,0.005736544923432548,0.6,/work3/arnaou/checkpoints/megnet_Pc_trial_506_best_state.pt,"{'learning_rate': 0.005736544923432548, 'lr_reduce': 0.6}",TPESampler,COMPLETE
507,0.15527087450027466,2025-04-26 08:11:40.231630,2025-04-26 08:12:14.034971,0 days 00:00:33.803341,2,54,414,461.0,,,2,126,0.24701936537960623,0.008169286730209745,0.6,/work3/arnaou/checkpoints/megnet_Pc_trial_507_best_state.pt,"{'learning_rate': 0.008169286730209745, 'lr_reduce': 0.6}",TPESampler,COMPLETE
508,0.1402820348739624,2025-04-26 08:11:53.571997,2025-04-26 08:12:28.036736,0 days 00:00:34.464739,2,39,315,402.0,216.0,,3,116,0.17450580018584805,0.005404417485280425,0.6,/work3/arnaou/checkpoints/megnet_Pc_trial_508_best_state.pt,"{'learning_rate': 0.005404417485280425, 'lr_reduce': 0.6}",TPESampler,COMPLETE
509,0.1408289074897766,2025-04-26 08:12:07.880863,2025-04-26 08:12:25.781403,0 days 00:00:17.900540,2,55,165,472.0,,,2,103,0.22051257738293728,0.00435783110428868,0.6,/work3/arnaou/checkpoints/megnet_Pc_trial_509_best_state.pt,"{'learning_rate': 0.00435783110428868, 'lr_reduce': 0.6}",TPESampler,COMPLETE
510,0.10353822261095047,2025-04-26 08:12:14.204699,2025-04-26 08:12:49.826700,0 days 00:00:35.622001,1,63,511,427.0,204.0,,3,72,0.20271994208979371,0.007321696444948559,0.6,/work3/arnaou/checkpoints/megnet_Pc_trial_510_best_state.pt,"{'learning_rate': 0.007321696444948559, 'lr_reduce': 0.6}",TPESampler,COMPLETE
511,0.14925138652324677,2025-04-26 08:12:25.946318,2025-04-26 08:12:43.104592,0 days 00:00:17.158274,1,47,444,387.0,237.0,449.0,4,100,0.11996276513109935,0.001557426512475141,0.6,/work3/arnaou/checkpoints/megnet_Pc_trial_511_best_state.pt,"{'learning_rate': 0.001557426512475141, 'lr_reduce': 0.6}",TPESampler,COMPLETE
512,0.25468549132347107,2025-04-26 08:12:28.192321,2025-04-26 08:12:44.418680,0 days 00:00:16.226359,2,53,167,477.0,161.0,,3,118,0.17500569175741756,0.009531876556687281,0.6,/work3/arnaou/checkpoints/megnet_Pc_trial_512_best_state.pt,"{'learning_rate': 0.009531876556687281, 'lr_reduce': 0.6}",TPESampler,COMPLETE
513,0.07900021970272064,2025-04-26 08:12:43.302175,2025-04-26 08:13:12.031530,0 days 00:00:28.729355,1,38,302,429.0,184.0,,3,105,0.18502190695943382,0.005009649669414836,0.6,/work3/arnaou/checkpoints/megnet_Pc_trial_513_best_state.pt,"{'learning_rate': 0.005009649669414836, 'lr_reduce': 0.6}",TPESampler,COMPLETE
514,0.8877339363098145,2025-04-26 08:12:44.599337,2025-04-26 08:12:50.881222,0 days 00:00:06.281885,2,33,223,362.0,181.0,,3,37,0.23897323000087384,0.0011945831754645014,0.6,/work3/arnaou/checkpoints/megnet_Pc_trial_514_best_state.pt,"{'learning_rate': 0.0011945831754645014, 'lr_reduce': 0.6}",TPESampler,COMPLETE
515,0.08741399645805359,2025-04-26 08:12:49.993050,2025-04-26 08:13:25.535369,0 days 00:00:35.542319,1,42,296,180.0,167.0,232.0,4,111,0.13350753082144773,0.009366467535318527,0.6,/work3/arnaou/checkpoints/megnet_Pc_trial_515_best_state.pt,"{'learning_rate': 0.009366467535318527, 'lr_reduce': 0.6}",TPESampler,COMPLETE
516,0.12229058891534805,2025-04-26 08:12:51.133380,2025-04-26 08:13:14.411012,0 days 00:00:23.277632,1,47,348,505.0,,,2,114,0.2053530207281143,0.001759593377487385,0.6,/work3/arnaou/checkpoints/megnet_Pc_trial_516_best_state.pt,"{'learning_rate': 0.001759593377487385, 'lr_reduce': 0.6}",TPESampler,COMPLETE
517,0.8871492147445679,2025-04-26 08:13:12.211387,2025-04-26 08:13:17.614138,0 days 00:00:05.402751,3,47,220,398.0,214.0,,3,118,0.16290030006504302,0.004109632117317953,0.6,/work3/arnaou/checkpoints/megnet_Pc_trial_517_best_state.pt,"{'learning_rate': 0.004109632117317953, 'lr_reduce': 0.6}",TPESampler,COMPLETE
518,0.24838535487651825,2025-04-26 08:13:14.579781,2025-04-26 08:13:25.848729,0 days 00:00:11.268948,1,42,220,406.0,201.0,,3,109,0.24036714180073576,0.0041663512510822925,0.6,/work3/arnaou/checkpoints/megnet_Pc_trial_518_best_state.pt,"{'learning_rate': 0.0041663512510822925, 'lr_reduce': 0.6}",TPESampler,COMPLETE
519,0.0964694693684578,2025-04-26 08:13:17.773230,2025-04-26 08:13:50.039885,0 days 00:00:32.266655,1,37,192,431.0,176.0,,3,104,0.16071389983389597,0.007476505705339183,0.6,/work3/arnaou/checkpoints/megnet_Pc_trial_519_best_state.pt,"{'learning_rate': 0.007476505705339183, 'lr_reduce': 0.6}",TPESampler,COMPLETE
520,0.14220966398715973,2025-04-26 08:13:25.691344,2025-04-26 08:13:47.525648,0 days 00:00:21.834304,1,42,233,,,,1,121,0.2446374216529411,0.004175088981665569,0.6,/work3/arnaou/checkpoints/megnet_Pc_trial_520_best_state.pt,"{'learning_rate': 0.004175088981665569, 'lr_reduce': 0.6}",TPESampler,COMPLETE
521,0.22313863039016724,2025-04-26 08:13:26.008136,2025-04-26 08:13:58.073708,0 days 00:00:32.065572,2,52,245,368.0,247.0,,3,106,0.20397936753489535,0.005504259081915938,0.6,/work3/arnaou/checkpoints/megnet_Pc_trial_521_best_state.pt,"{'learning_rate': 0.005504259081915938, 'lr_reduce': 0.6}",TPESampler,COMPLETE
522,0.1469118446111679,2025-04-26 08:13:47.714385,2025-04-26 08:14:07.410750,0 days 00:00:19.696365,2,114,151,,,,1,72,0.12190204955847526,0.0015254202130295757,0.6,/work3/arnaou/checkpoints/megnet_Pc_trial_522_best_state.pt,"{'learning_rate': 0.0015254202130295757, 'lr_reduce': 0.6}",TPESampler,COMPLETE
523,0.15271081030368805,2025-04-26 08:13:50.201102,2025-04-26 08:14:12.129221,0 days 00:00:21.928119,1,49,396,418.0,167.0,348.0,4,123,0.2234047947844641,0.0025913679812545024,0.6,/work3/arnaou/checkpoints/megnet_Pc_trial_523_best_state.pt,"{'learning_rate': 0.0025913679812545024, 'lr_reduce': 0.6}",TPESampler,COMPLETE
524,0.8881885409355164,2025-04-26 08:13:58.247242,2025-04-26 08:14:03.548891,0 days 00:00:05.301649,3,49,273,192.0,169.0,509.0,4,103,0.2270174576491423,0.0031762792223889776,0.6,/work3/arnaou/checkpoints/megnet_Pc_trial_524_best_state.pt,"{'learning_rate': 0.0031762792223889776, 'lr_reduce': 0.6}",TPESampler,COMPLETE
525,0.6963394284248352,2025-04-26 08:14:03.698772,2025-04-26 08:14:13.579042,0 days 00:00:09.880270,3,40,230,369.0,122.0,,3,127,0.2183205932914269,0.007712303273496365,0.6,/work3/arnaou/checkpoints/megnet_Pc_trial_525_best_state.pt,"{'learning_rate': 0.007712303273496365, 'lr_reduce': 0.6}",TPESampler,COMPLETE
526,0.08238881826400757,2025-04-26 08:14:07.603279,2025-04-26 08:14:36.650220,0 days 00:00:29.046941,1,44,309,209.0,246.0,,3,120,0.15133681344694241,0.006031192795584972,0.6,/work3/arnaou/checkpoints/megnet_Pc_trial_526_best_state.pt,"{'learning_rate': 0.006031192795584972, 'lr_reduce': 0.6}",TPESampler,COMPLETE
527,0.08785369247198105,2025-04-26 08:14:12.295369,2025-04-26 08:14:44.777457,0 days 00:00:32.482088,1,35,333,440.0,155.0,,3,106,0.1791518962410094,0.004887234093623757,0.6,/work3/arnaou/checkpoints/megnet_Pc_trial_527_best_state.pt,"{'learning_rate': 0.004887234093623757, 'lr_reduce': 0.6}",TPESampler,COMPLETE
528,0.18719951808452606,2025-04-26 08:14:13.753568,2025-04-26 08:14:35.841120,0 days 00:00:22.087552,2,49,206,289.0,,,2,93,0.1653242824217361,0.0020334151443899295,0.6,/work3/arnaou/checkpoints/megnet_Pc_trial_528_best_state.pt,"{'learning_rate': 0.0020334151443899295, 'lr_reduce': 0.6}",TPESampler,COMPLETE
529,0.20532965660095215,2025-04-26 08:14:36.192498,2025-04-26 08:15:03.886036,0 days 00:00:27.693538,2,37,310,229.0,199.0,,3,111,0.2172071816534155,0.0051349587854048265,0.6,/work3/arnaou/checkpoints/megnet_Pc_trial_529_best_state.pt,"{'learning_rate': 0.0051349587854048265, 'lr_reduce': 0.6}",TPESampler,COMPLETE
530,0.0946686863899231,2025-04-26 08:14:36.840208,2025-04-26 08:15:11.683413,0 days 00:00:34.843205,1,40,461,180.0,211.0,,3,69,0.1622743399222649,0.009065812783617124,0.6,/work3/arnaou/checkpoints/megnet_Pc_trial_530_best_state.pt,"{'learning_rate': 0.009065812783617124, 'lr_reduce': 0.6}",TPESampler,COMPLETE
531,0.1425003707408905,2025-04-26 08:14:44.951238,2025-04-26 08:15:24.324508,0 days 00:00:39.373270,3,47,160,180.0,263.0,,3,98,0.19889963143176592,0.0017356868165594674,0.6,/work3/arnaou/checkpoints/megnet_Pc_trial_531_best_state.pt,"{'learning_rate': 0.0017356868165594674, 'lr_reduce': 0.6}",TPESampler,COMPLETE
532,0.1171874850988388,2025-04-26 08:15:04.062570,2025-04-26 08:15:19.435390,0 days 00:00:15.372820,1,42,314,186.0,281.0,,3,119,0.15756434532272093,0.004700414612961974,0.6,/work3/arnaou/checkpoints/megnet_Pc_trial_532_best_state.pt,"{'learning_rate': 0.004700414612961974, 'lr_reduce': 0.6}",TPESampler,COMPLETE
533,0.8873170614242554,2025-04-26 08:15:11.883394,2025-04-26 08:15:18.518689,0 days 00:00:06.635295,3,59,198,,,,1,101,0.15486319536894144,0.00041938707475259676,0.6,/work3/arnaou/checkpoints/megnet_Pc_trial_533_best_state.pt,"{'learning_rate': 0.00041938707475259676, 'lr_reduce': 0.6}",TPESampler,COMPLETE
534,0.1328694224357605,2025-04-26 08:15:18.669851,2025-04-26 08:15:48.761627,0 days 00:00:30.091776,1,63,342,215.0,270.0,,3,101,0.1959284557806767,0.0087108247152189,0.6,/work3/arnaou/checkpoints/megnet_Pc_trial_534_best_state.pt,"{'learning_rate': 0.0087108247152189, 'lr_reduce': 0.6}",TPESampler,COMPLETE
535,0.11936987936496735,2025-04-26 08:15:19.700497,2025-04-26 08:15:54.055563,0 days 00:00:34.355066,2,35,262,424.0,,,2,106,0.18754618253946903,0.006406239993060921,0.6,/work3/arnaou/checkpoints/megnet_Pc_trial_535_best_state.pt,"{'learning_rate': 0.006406239993060921, 'lr_reduce': 0.6}",TPESampler,COMPLETE
536,0.16921336948871613,2025-04-26 08:15:24.482430,2025-04-26 08:15:55.002628,0 days 00:00:30.520198,1,54,372,189.0,266.0,,3,100,0.1141674880368725,0.008548264293178806,0.6,/work3/arnaou/checkpoints/megnet_Pc_trial_536_best_state.pt,"{'learning_rate': 0.008548264293178806, 'lr_reduce': 0.6}",TPESampler,COMPLETE
537,0.8870920538902283,2025-04-26 08:15:48.939783,2025-04-26 08:15:54.522162,0 days 00:00:05.582379,1,105,383,400.0,,,2,125,0.18799675186840076,0.008899282964778783,0.6,/work3/arnaou/checkpoints/megnet_Pc_trial_537_best_state.pt,"{'learning_rate': 0.008899282964778783, 'lr_reduce': 0.6}",TPESampler,COMPLETE
538,0.17986659705638885,2025-04-26 08:15:54.221423,2025-04-26 08:16:15.823152,0 days 00:00:21.601729,2,43,219,221.0,202.0,296.0,4,86,0.21259245294983783,0.005109320585985355,0.6,/work3/arnaou/checkpoints/megnet_Pc_trial_538_best_state.pt,"{'learning_rate': 0.005109320585985355, 'lr_reduce': 0.6}",TPESampler,COMPLETE
539,0.1014319509267807,2025-04-26 08:15:54.676915,2025-04-26 08:16:18.022710,0 days 00:00:23.345795,1,50,262,365.0,240.0,,3,96,0.11748444120481191,0.007340954901124133,0.6,/work3/arnaou/checkpoints/megnet_Pc_trial_539_best_state.pt,"{'learning_rate': 0.007340954901124133, 'lr_reduce': 0.6}",TPESampler,COMPLETE
540,0.08393748104572296,2025-04-26 08:15:55.171350,2025-04-26 08:16:20.963407,0 days 00:00:25.792057,1,35,390,447.0,248.0,,3,123,0.18929448741969582,0.00382088340033031,0.6,/work3/arnaou/checkpoints/megnet_Pc_trial_540_best_state.pt,"{'learning_rate': 0.00382088340033031, 'lr_reduce': 0.6}",TPESampler,COMPLETE
541,0.8866510391235352,2025-04-26 08:16:16.019035,2025-04-26 08:16:23.547253,0 days 00:00:07.528218,4,124,459,176.0,125.0,202.0,4,51,0.19199833845519304,0.00013437222668879407,0.6,/work3/arnaou/checkpoints/megnet_Pc_trial_541_best_state.pt,"{'learning_rate': 0.00013437222668879407, 'lr_reduce': 0.6}",TPESampler,COMPLETE
542,0.1256212443113327,2025-04-26 08:16:18.179608,2025-04-26 08:16:43.205630,0 days 00:00:25.026022,2,32,380,222.0,161.0,,3,119,0.1697839450497999,0.007413576293959631,0.6,/work3/arnaou/checkpoints/megnet_Pc_trial_542_best_state.pt,"{'learning_rate': 0.007413576293959631, 'lr_reduce': 0.6}",TPESampler,COMPLETE
543,0.8872565627098083,2025-04-26 08:16:21.115458,2025-04-26 08:16:27.496400,0 days 00:00:06.380942,4,120,229,437.0,,,2,66,0.16216446326912826,0.0007329740713476995,0.6,/work3/arnaou/checkpoints/megnet_Pc_trial_543_best_state.pt,"{'learning_rate': 0.0007329740713476995, 'lr_reduce': 0.6}",TPESampler,COMPLETE
544,0.14519305527210236,2025-04-26 08:16:23.720811,2025-04-26 08:16:44.566490,0 days 00:00:20.845679,1,34,244,399.0,99.0,,3,110,0.1307953402944367,0.006760620310429016,0.6,/work3/arnaou/checkpoints/megnet_Pc_trial_544_best_state.pt,"{'learning_rate': 0.006760620310429016, 'lr_reduce': 0.6}",TPESampler,COMPLETE
545,0.8869866728782654,2025-04-26 08:16:27.659509,2025-04-26 08:16:33.746635,0 days 00:00:06.087126,4,38,474,210.0,,,2,116,0.23503750517591956,0.00010061786276994639,0.6,/work3/arnaou/checkpoints/megnet_Pc_trial_545_best_state.pt,"{'learning_rate': 0.00010061786276994639, 'lr_reduce': 0.6}",TPESampler,COMPLETE
546,0.17945167422294617,2025-04-26 08:16:34.105222,2025-04-26 08:16:59.722628,0 days 00:00:25.617406,2,67,500,353.0,197.0,,3,75,0.1479099326208461,0.0015843707664682967,0.6,/work3/arnaou/checkpoints/megnet_Pc_trial_546_best_state.pt,"{'learning_rate': 0.0015843707664682967, 'lr_reduce': 0.6}",TPESampler,COMPLETE
547,0.14429226517677307,2025-04-26 08:16:43.357273,2025-04-26 08:16:59.010061,0 days 00:00:15.652788,1,64,361,450.0,250.0,404.0,4,104,0.13216233175657782,0.004118610035457109,0.6,/work3/arnaou/checkpoints/megnet_Pc_trial_547_best_state.pt,"{'learning_rate': 0.004118610035457109, 'lr_reduce': 0.6}",TPESampler,COMPLETE
548,0.11879212409257889,2025-04-26 08:16:44.792416,2025-04-26 08:17:04.757132,0 days 00:00:19.964716,1,40,353,244.0,146.0,,3,122,0.1288566656882812,0.007366178424002581,0.6,/work3/arnaou/checkpoints/megnet_Pc_trial_548_best_state.pt,"{'learning_rate': 0.007366178424002581, 'lr_reduce': 0.6}",TPESampler,COMPLETE
549,0.6333536505699158,2025-04-26 08:16:59.179028,2025-04-26 08:17:06.806813,0 days 00:00:07.627785,2,92,133,169.0,64.0,,3,117,0.16626700074004655,0.005895675132884034,0.6,/work3/arnaou/checkpoints/megnet_Pc_trial_549_best_state.pt,"{'learning_rate': 0.005895675132884034, 'lr_reduce': 0.6}",TPESampler,COMPLETE
550,0.12338162213563919,2025-04-26 08:16:59.904383,2025-04-26 08:17:26.987314,0 days 00:00:27.082931,2,33,512,,,,1,113,0.22117250387710785,0.00651393891823781,0.6,/work3/arnaou/checkpoints/megnet_Pc_trial_550_best_state.pt,"{'learning_rate': 0.00651393891823781, 'lr_reduce': 0.6}",TPESampler,COMPLETE
