number,value,datetime_start,datetime_complete,duration,params_depth,params_edge_hidden_dim,params_mlp_dim_00,params_mlp_dim_01,params_mlp_dim_02,params_mlp_dim_03,params_mlp_n_layers,params_node_hidden_dim,params_rep_dropout,params_train_learning_rate,params_train_lr_reduce,user_attrs_best_state_dict_path,user_attrs_training_params,system_attrs_auto:sampler,state
275,0.09253306686878204,2025-04-26 07:43:06.419358,2025-04-26 07:43:43.297312,0 days 00:00:36.877954,2,33,511,,,,1,89,0.2367255007957286,0.004579917307941631,0.6,/work3/arnaou/checkpoints/megnet_Pc_trial_275_best_state.pt,"{'learning_rate': 0.004579917307941631, 'lr_reduce': 0.6}",TPESampler,COMPLETE
276,0.12710922956466675,2025-04-26 07:43:24.337009,2025-04-26 07:43:58.557076,0 days 00:00:34.220067,1,67,108,341.0,295.0,136.0,4,74,0.18020715890959668,0.007204557921132327,0.6,/work3/arnaou/checkpoints/megnet_Pc_trial_276_best_state.pt,"{'learning_rate': 0.007204557921132327, 'lr_reduce': 0.6}",TPESampler,COMPLETE
277,0.15688076615333557,2025-04-26 07:43:25.172448,2025-04-26 07:43:50.382391,0 days 00:00:25.209943,1,92,416,348.0,179.0,,3,89,0.2459045368724881,0.0019936189805987215,0.6,/work3/arnaou/checkpoints/megnet_Pc_trial_277_best_state.pt,"{'learning_rate': 0.0019936189805987215, 'lr_reduce': 0.6}",TPESampler,COMPLETE
278,0.14226454496383667,2025-04-26 07:43:43.462975,2025-04-26 07:44:10.336817,0 days 00:00:26.873842,1,41,400,,,,1,80,0.22418883938406775,0.001745408164342496,0.6,/work3/arnaou/checkpoints/megnet_Pc_trial_278_best_state.pt,"{'learning_rate': 0.001745408164342496, 'lr_reduce': 0.6}",TPESampler,COMPLETE
279,0.8867664337158203,2025-04-26 07:43:50.689768,2025-04-26 07:43:55.788195,0 days 00:00:05.098427,4,123,485,329.0,,,2,65,0.06011172074356802,0.00014855991148304026,0.6,/work3/arnaou/checkpoints/megnet_Pc_trial_279_best_state.pt,"{'learning_rate': 0.00014855991148304026, 'lr_reduce': 0.6}",TPESampler,COMPLETE
280,0.07872872054576874,2025-04-26 07:43:55.933441,2025-04-26 07:44:14.572217,0 days 00:00:18.638776,1,45,504,428.0,,,2,104,0.2415559601954907,0.003823934893234569,0.6,/work3/arnaou/checkpoints/megnet_Pc_trial_280_best_state.pt,"{'learning_rate': 0.003823934893234569, 'lr_reduce': 0.6}",TPESampler,COMPLETE
281,0.8876674771308899,2025-04-26 07:43:58.722906,2025-04-26 07:44:03.057818,0 days 00:00:04.334912,3,41,487,300.0,,,2,80,0.1640219476467829,0.00659037442582295,0.6,/work3/arnaou/checkpoints/megnet_Pc_trial_281_best_state.pt,"{'learning_rate': 0.00659037442582295, 'lr_reduce': 0.6}",TPESampler,COMPLETE
282,0.6418268084526062,2025-04-26 07:44:03.203107,2025-04-26 07:44:10.682621,0 days 00:00:07.479514,3,47,508,,,,1,74,0.24571596239879803,0.008184010195050918,0.6,/work3/arnaou/checkpoints/megnet_Pc_trial_282_best_state.pt,"{'learning_rate': 0.008184010195050918, 'lr_reduce': 0.6}",TPESampler,COMPLETE
283,0.10888068377971649,2025-04-26 07:44:10.493597,2025-04-26 07:44:41.188404,0 days 00:00:30.694807,1,37,427,311.0,,,2,106,0.23562153690687004,0.008512617444120539,0.6,/work3/arnaou/checkpoints/megnet_Pc_trial_283_best_state.pt,"{'learning_rate': 0.008512617444120539, 'lr_reduce': 0.6}",TPESampler,COMPLETE
284,0.21024306118488312,2025-04-26 07:44:10.866523,2025-04-26 07:44:36.516049,0 days 00:00:25.649526,3,47,129,,,,1,80,0.1747325801338292,0.007027996252238176,0.6,/work3/arnaou/checkpoints/megnet_Pc_trial_284_best_state.pt,"{'learning_rate': 0.007027996252238176, 'lr_reduce': 0.6}",TPESampler,COMPLETE
285,0.08164727687835693,2025-04-26 07:44:14.722355,2025-04-26 07:44:34.562329,0 days 00:00:19.839974,1,39,509,398.0,,,2,91,0.2381005397066127,0.006743976312236122,0.6,/work3/arnaou/checkpoints/megnet_Pc_trial_285_best_state.pt,"{'learning_rate': 0.006743976312236122, 'lr_reduce': 0.6}",TPESampler,COMPLETE
286,0.17990022897720337,2025-04-26 07:44:34.721748,2025-04-26 07:44:52.732579,0 days 00:00:18.010831,1,62,438,424.0,,,2,100,0.24569496919383674,0.0019094900279465646,0.6,/work3/arnaou/checkpoints/megnet_Pc_trial_286_best_state.pt,"{'learning_rate': 0.0019094900279465646, 'lr_reduce': 0.6}",TPESampler,COMPLETE
287,0.1335262656211853,2025-04-26 07:44:36.672066,2025-04-26 07:45:09.458662,0 days 00:00:32.786596,1,44,467,343.0,,,2,95,0.22645769543585612,0.0019270255112894222,0.6,/work3/arnaou/checkpoints/megnet_Pc_trial_287_best_state.pt,"{'learning_rate': 0.0019270255112894222, 'lr_reduce': 0.6}",TPESampler,COMPLETE
288,0.22015886008739471,2025-04-26 07:44:41.355048,2025-04-26 07:45:10.058764,0 days 00:00:28.703716,2,40,436,464.0,76.0,,3,70,0.2418241869986102,0.004742791972793745,0.6,/work3/arnaou/checkpoints/megnet_Pc_trial_288_best_state.pt,"{'learning_rate': 0.004742791972793745, 'lr_reduce': 0.6}",TPESampler,COMPLETE
289,0.07783060520887375,2025-04-26 07:44:52.901080,2025-04-26 07:45:17.077928,0 days 00:00:24.176848,1,36,464,419.0,,,2,90,0.21374120929764917,0.006487047380497727,0.6,/work3/arnaou/checkpoints/megnet_Pc_trial_289_best_state.pt,"{'learning_rate': 0.006487047380497727, 'lr_reduce': 0.6}",TPESampler,COMPLETE
290,0.11457255482673645,2025-04-26 07:45:09.645236,2025-04-26 07:45:41.434575,0 days 00:00:31.789339,1,32,490,425.0,,,2,74,0.22869470426759855,0.002430654277604349,0.6,/work3/arnaou/checkpoints/megnet_Pc_trial_290_best_state.pt,"{'learning_rate': 0.002430654277604349, 'lr_reduce': 0.6}",TPESampler,COMPLETE
291,0.17323775589466095,2025-04-26 07:45:10.221001,2025-04-26 07:45:39.660601,0 days 00:00:29.439600,2,72,504,379.0,,,2,88,0.22602950423756793,0.0046637903028349005,0.6,/work3/arnaou/checkpoints/megnet_Pc_trial_291_best_state.pt,"{'learning_rate': 0.0046637903028349005, 'lr_reduce': 0.6}",TPESampler,COMPLETE
292,0.15598957240581512,2025-04-26 07:45:17.262668,2025-04-26 07:45:40.307325,0 days 00:00:23.044657,1,40,472,426.0,,,2,88,0.24691243279610361,0.006376581027960373,0.6,/work3/arnaou/checkpoints/megnet_Pc_trial_292_best_state.pt,"{'learning_rate': 0.006376581027960373, 'lr_reduce': 0.6}",TPESampler,COMPLETE
293,0.12954361736774445,2025-04-26 07:45:39.835324,2025-04-26 07:45:58.246497,0 days 00:00:18.411173,1,49,414,,,,1,103,0.2450162645453976,0.004457473114382896,0.6,/work3/arnaou/checkpoints/megnet_Pc_trial_293_best_state.pt,"{'learning_rate': 0.004457473114382896, 'lr_reduce': 0.6}",TPESampler,COMPLETE
294,0.09997968375682831,2025-04-26 07:45:40.475615,2025-04-26 07:46:11.118060,0 days 00:00:30.642445,1,42,497,441.0,,,2,103,0.231970832242422,0.002491755936427663,0.6,/work3/arnaou/checkpoints/megnet_Pc_trial_294_best_state.pt,"{'learning_rate': 0.002491755936427663, 'lr_reduce': 0.6}",TPESampler,COMPLETE
295,0.324975848197937,2025-04-26 07:45:41.603156,2025-04-26 07:46:05.056875,0 days 00:00:23.453719,4,80,176,397.0,494.0,70.0,4,123,0.10911911855525344,0.0014721073951146986,0.6,/work3/arnaou/checkpoints/megnet_Pc_trial_295_best_state.pt,"{'learning_rate': 0.0014721073951146986, 'lr_reduce': 0.6}",TPESampler,COMPLETE
296,0.8869129419326782,2025-04-26 07:45:58.400541,2025-04-26 07:46:04.355741,0 days 00:00:05.955200,3,39,385,380.0,497.0,,3,47,0.1727840249481361,0.0001894344189085288,0.6,/work3/arnaou/checkpoints/megnet_Pc_trial_296_best_state.pt,"{'learning_rate': 0.0001894344189085288, 'lr_reduce': 0.6}",TPESampler,COMPLETE
297,0.0833558514714241,2025-04-26 07:46:04.500147,2025-04-26 07:46:30.938329,0 days 00:00:26.438182,1,40,482,441.0,384.0,,3,91,0.17132352279106433,0.009060218337102025,0.6,/work3/arnaou/checkpoints/megnet_Pc_trial_297_best_state.pt,"{'learning_rate': 0.009060218337102025, 'lr_reduce': 0.6}",TPESampler,COMPLETE
298,0.13646714389324188,2025-04-26 07:46:05.218213,2025-04-26 07:46:21.731516,0 days 00:00:16.513303,1,38,492,406.0,,,2,90,0.21348038241529624,0.004315356717543391,0.6,/work3/arnaou/checkpoints/megnet_Pc_trial_298_best_state.pt,"{'learning_rate': 0.004315356717543391, 'lr_reduce': 0.6}",TPESampler,COMPLETE
299,0.8867119550704956,2025-04-26 07:46:11.281852,2025-04-26 07:46:15.559433,0 days 00:00:04.277581,2,35,282,429.0,,,2,74,0.05720935659627985,0.00035695833331822637,0.6,/work3/arnaou/checkpoints/megnet_Pc_trial_299_best_state.pt,"{'learning_rate': 0.00035695833331822637, 'lr_reduce': 0.6}",TPESampler,COMPLETE
300,0.43054646253585815,2025-04-26 07:46:15.726932,2025-04-26 07:46:29.866675,0 days 00:00:14.139743,1,41,507,379.0,,,2,96,0.22198625979788147,0.008227825913209117,0.6,/work3/arnaou/checkpoints/megnet_Pc_trial_300_best_state.pt,"{'learning_rate': 0.008227825913209117, 'lr_reduce': 0.6}",TPESampler,COMPLETE
301,0.886872410774231,2025-04-26 07:46:21.917968,2025-04-26 07:46:31.305849,0 days 00:00:09.387881,4,34,259,153.0,510.0,129.0,4,55,0.02866770604755653,0.0001046897320579225,0.6,/work3/arnaou/checkpoints/megnet_Pc_trial_301_best_state.pt,"{'learning_rate': 0.0001046897320579225, 'lr_reduce': 0.6}",TPESampler,COMPLETE
302,0.10654899477958679,2025-04-26 07:46:30.011210,2025-04-26 07:47:10.327721,0 days 00:00:40.316511,4,72,121,399.0,397.0,77.0,4,64,0.22107866612693142,0.0027680777210307025,0.6,/work3/arnaou/checkpoints/megnet_Pc_trial_302_best_state.pt,"{'learning_rate': 0.0027680777210307025, 'lr_reduce': 0.6}",TPESampler,COMPLETE
303,0.08911027014255524,2025-04-26 07:46:31.108223,2025-04-26 07:47:01.639571,0 days 00:00:30.531348,1,57,511,436.0,,,2,113,0.24327769672415758,0.006730894296932136,0.6,/work3/arnaou/checkpoints/megnet_Pc_trial_303_best_state.pt,"{'learning_rate': 0.006730894296932136, 'lr_reduce': 0.6}",TPESampler,COMPLETE
304,0.17239369451999664,2025-04-26 07:46:31.438213,2025-04-26 07:46:50.130333,0 days 00:00:18.692120,1,38,384,,,,1,92,0.17042877481581942,0.005162656952687529,0.6,/work3/arnaou/checkpoints/megnet_Pc_trial_304_best_state.pt,"{'learning_rate': 0.005162656952687529, 'lr_reduce': 0.6}",TPESampler,COMPLETE
305,0.08902914077043533,2025-04-26 07:46:50.279833,2025-04-26 07:47:24.151327,0 days 00:00:33.871494,1,41,418,507.0,366.0,,3,96,0.2160102428084385,0.0058910838151279895,0.6,/work3/arnaou/checkpoints/megnet_Pc_trial_305_best_state.pt,"{'learning_rate': 0.0058910838151279895, 'lr_reduce': 0.6}",TPESampler,COMPLETE
306,0.10166047513484955,2025-04-26 07:47:01.807380,2025-04-26 07:47:36.129158,0 days 00:00:34.321778,1,49,438,442.0,381.0,,3,72,0.11831439054616033,0.006916064538152746,0.6,/work3/arnaou/checkpoints/megnet_Pc_trial_306_best_state.pt,"{'learning_rate': 0.006916064538152746, 'lr_reduce': 0.6}",TPESampler,COMPLETE
307,0.7694610357284546,2025-04-26 07:47:10.517650,2025-04-26 07:47:20.230405,0 days 00:00:09.712755,4,116,198,461.0,,,2,50,0.15722495853218316,0.005506327726126147,0.6,/work3/arnaou/checkpoints/megnet_Pc_trial_307_best_state.pt,"{'learning_rate': 0.005506327726126147, 'lr_reduce': 0.6}",TPESampler,COMPLETE
308,0.1808646321296692,2025-04-26 07:47:20.392151,2025-04-26 07:47:49.388591,0 days 00:00:28.996440,2,45,495,448.0,385.0,,3,98,0.2320446730570689,0.0044297070620160665,0.6,/work3/arnaou/checkpoints/megnet_Pc_trial_308_best_state.pt,"{'learning_rate': 0.0044297070620160665, 'lr_reduce': 0.6}",TPESampler,COMPLETE
309,0.08167222142219543,2025-04-26 07:47:24.309122,2025-04-26 07:47:51.335696,0 days 00:00:27.026574,1,61,504,483.0,319.0,,3,88,0.1269431327603685,0.006684233515093411,0.6,/work3/arnaou/checkpoints/megnet_Pc_trial_309_best_state.pt,"{'learning_rate': 0.006684233515093411, 'lr_reduce': 0.6}",TPESampler,COMPLETE
310,0.1304241418838501,2025-04-26 07:47:36.297582,2025-04-26 07:48:04.713130,0 days 00:00:28.415548,1,41,466,512.0,316.0,,3,89,0.18613962642844653,0.0038385494542328203,0.6,/work3/arnaou/checkpoints/megnet_Pc_trial_310_best_state.pt,"{'learning_rate': 0.0038385494542328203, 'lr_reduce': 0.6}",TPESampler,COMPLETE
311,0.12727263569831848,2025-04-26 07:47:49.593840,2025-04-26 07:48:19.717167,0 days 00:00:30.123327,1,79,486,490.0,,,2,114,0.23932595299723353,0.007694183218193954,0.6,/work3/arnaou/checkpoints/megnet_Pc_trial_311_best_state.pt,"{'learning_rate': 0.007694183218193954, 'lr_reduce': 0.6}",TPESampler,COMPLETE
312,0.18977640569210052,2025-04-26 07:47:51.515801,2025-04-26 07:48:03.396970,0 days 00:00:11.881169,1,32,491,493.0,291.0,501.0,4,86,0.1705521224715086,0.007479318792808194,0.6,/work3/arnaou/checkpoints/megnet_Pc_trial_312_best_state.pt,"{'learning_rate': 0.007479318792808194, 'lr_reduce': 0.6}",TPESampler,COMPLETE
313,0.08402682095766068,2025-04-26 07:48:03.562314,2025-04-26 07:48:30.446734,0 days 00:00:26.884420,1,57,487,469.0,,,2,97,0.24658782940353363,0.003686328195584922,0.6,/work3/arnaou/checkpoints/megnet_Pc_trial_313_best_state.pt,"{'learning_rate': 0.003686328195584922, 'lr_reduce': 0.6}",TPESampler,COMPLETE
314,0.17110879719257355,2025-04-26 07:48:04.872850,2025-04-26 07:48:19.953342,0 days 00:00:15.080492,1,34,480,456.0,246.0,,3,95,0.12822565309442907,0.00448539277827098,0.6,/work3/arnaou/checkpoints/megnet_Pc_trial_314_best_state.pt,"{'learning_rate': 0.00448539277827098, 'lr_reduce': 0.6}",TPESampler,COMPLETE
315,0.1392357498407364,2025-04-26 07:48:19.912075,2025-04-26 07:48:42.739169,0 days 00:00:22.827094,1,38,398,511.0,,,2,127,0.23853296832864085,0.004326791039521335,0.6,/work3/arnaou/checkpoints/megnet_Pc_trial_315_best_state.pt,"{'learning_rate': 0.004326791039521335, 'lr_reduce': 0.6}",TPESampler,COMPLETE
316,0.12218692153692245,2025-04-26 07:48:20.152002,2025-04-26 07:48:55.833771,0 days 00:00:35.681769,1,72,467,462.0,301.0,,3,92,0.08972787788998159,0.006877622804175121,0.6,/work3/arnaou/checkpoints/megnet_Pc_trial_316_best_state.pt,"{'learning_rate': 0.006877622804175121, 'lr_reduce': 0.6}",TPESampler,COMPLETE
317,0.09847432374954224,2025-04-26 07:48:30.608120,2025-04-26 07:48:51.503209,0 days 00:00:20.895089,1,33,502,463.0,313.0,,3,83,0.2084909504291683,0.008954291108589783,0.6,/work3/arnaou/checkpoints/megnet_Pc_trial_317_best_state.pt,"{'learning_rate': 0.008954291108589783, 'lr_reduce': 0.6}",TPESampler,COMPLETE
318,0.1463743895292282,2025-04-26 07:48:42.902629,2025-04-26 07:48:59.679320,0 days 00:00:16.776691,1,35,357,508.0,331.0,,3,108,0.21073199707231255,0.005587128824250536,0.6,/work3/arnaou/checkpoints/megnet_Pc_trial_318_best_state.pt,"{'learning_rate': 0.005587128824250536, 'lr_reduce': 0.6}",TPESampler,COMPLETE
319,0.15389427542686462,2025-04-26 07:48:51.660385,2025-04-26 07:49:10.233096,0 days 00:00:18.572711,1,56,463,479.0,,,2,87,0.11402580199749895,0.0034759616377186236,0.6,/work3/arnaou/checkpoints/megnet_Pc_trial_319_best_state.pt,"{'learning_rate': 0.0034759616377186236, 'lr_reduce': 0.6}",TPESampler,COMPLETE
320,0.8472259640693665,2025-04-26 07:48:55.985808,2025-04-26 07:49:11.606922,0 days 00:00:15.621114,4,100,458,438.0,,,2,121,0.07332068355540379,0.007731532702602289,0.6,/work3/arnaou/checkpoints/megnet_Pc_trial_320_best_state.pt,"{'learning_rate': 0.007731532702602289, 'lr_reduce': 0.6}",TPESampler,COMPLETE
321,0.13717345893383026,2025-04-26 07:48:59.861126,2025-04-26 07:49:33.317014,0 days 00:00:33.455888,1,118,266,411.0,,,2,126,0.15989820933595486,0.005496378597974867,0.6,/work3/arnaou/checkpoints/megnet_Pc_trial_321_best_state.pt,"{'learning_rate': 0.005496378597974867, 'lr_reduce': 0.6}",TPESampler,COMPLETE
322,0.09716271609067917,2025-04-26 07:49:10.383050,2025-04-26 07:49:42.035300,0 days 00:00:31.652250,1,110,345,474.0,325.0,,3,103,0.19289450524417023,0.004991252954187481,0.6,/work3/arnaou/checkpoints/megnet_Pc_trial_322_best_state.pt,"{'learning_rate': 0.004991252954187481, 'lr_reduce': 0.6}",TPESampler,COMPLETE
323,0.5107473134994507,2025-04-26 07:49:11.790673,2025-04-26 07:49:26.055435,0 days 00:00:14.264762,2,103,381,509.0,,,2,125,0.223005531837945,0.00595177217495259,0.6,/work3/arnaou/checkpoints/megnet_Pc_trial_323_best_state.pt,"{'learning_rate': 0.00595177217495259, 'lr_reduce': 0.6}",TPESampler,COMPLETE
324,0.09713321924209595,2025-04-26 07:49:26.216142,2025-04-26 07:49:50.070447,0 days 00:00:23.854305,1,53,498,462.0,,,2,81,0.1570608509669809,0.006564252746786802,0.6,/work3/arnaou/checkpoints/megnet_Pc_trial_324_best_state.pt,"{'learning_rate': 0.006564252746786802, 'lr_reduce': 0.6}",TPESampler,COMPLETE
325,0.14253424108028412,2025-04-26 07:49:33.498864,2025-04-26 07:49:57.064794,0 days 00:00:23.565930,2,74,507,414.0,341.0,,3,81,0.09868984318079968,0.006583191252831561,0.6,/work3/arnaou/checkpoints/megnet_Pc_trial_325_best_state.pt,"{'learning_rate': 0.006583191252831561, 'lr_reduce': 0.6}",TPESampler,COMPLETE
326,0.17897525429725647,2025-04-26 07:49:42.224453,2025-04-26 07:50:07.081394,0 days 00:00:24.856941,2,33,312,,,,1,128,0.2383699080644434,0.002233679195789125,0.6,/work3/arnaou/checkpoints/megnet_Pc_trial_326_best_state.pt,"{'learning_rate': 0.002233679195789125, 'lr_reduce': 0.6}",TPESampler,COMPLETE
327,0.10163123160600662,2025-04-26 07:49:50.222898,2025-04-26 07:50:17.366502,0 days 00:00:27.143604,1,52,421,401.0,253.0,,3,110,0.18345259465025515,0.006222656601743583,0.6,/work3/arnaou/checkpoints/megnet_Pc_trial_327_best_state.pt,"{'learning_rate': 0.006222656601743583, 'lr_reduce': 0.6}",TPESampler,COMPLETE
328,0.10656753927469254,2025-04-26 07:49:57.235172,2025-04-26 07:50:29.998249,0 days 00:00:32.763077,2,49,399,469.0,,,2,100,0.22476195817571984,0.007122865735816525,0.6,/work3/arnaou/checkpoints/megnet_Pc_trial_328_best_state.pt,"{'learning_rate': 0.007122865735816525, 'lr_reduce': 0.6}",TPESampler,COMPLETE
329,0.12632082402706146,2025-04-26 07:50:07.243948,2025-04-26 07:50:31.822959,0 days 00:00:24.579011,1,56,449,435.0,,,2,90,0.24686329829124318,0.005283526176451228,0.6,/work3/arnaou/checkpoints/megnet_Pc_trial_329_best_state.pt,"{'learning_rate': 0.005283526176451228, 'lr_reduce': 0.6}",TPESampler,COMPLETE
330,0.13547483086585999,2025-04-26 07:50:17.516970,2025-04-26 07:50:49.449584,0 days 00:00:31.932614,2,90,291,,,,1,96,0.24901681507027626,0.002266210625704416,0.6,/work3/arnaou/checkpoints/megnet_Pc_trial_330_best_state.pt,"{'learning_rate': 0.002266210625704416, 'lr_reduce': 0.6}",TPESampler,COMPLETE
331,0.11475642025470734,2025-04-26 07:50:30.153980,2025-04-26 07:50:51.440056,0 days 00:00:21.286076,1,35,331,187.0,347.0,,3,82,0.24158493296054268,0.003752922493137044,0.6,/work3/arnaou/checkpoints/megnet_Pc_trial_331_best_state.pt,"{'learning_rate': 0.003752922493137044, 'lr_reduce': 0.6}",TPESampler,COMPLETE
332,0.8869199156761169,2025-04-26 07:50:31.972845,2025-04-26 07:50:37.226472,0 days 00:00:05.253627,4,45,147,,,,1,66,0.01501224680729274,0.00023266262899794289,0.6,/work3/arnaou/checkpoints/megnet_Pc_trial_332_best_state.pt,"{'learning_rate': 0.00023266262899794289, 'lr_reduce': 0.6}",TPESampler,COMPLETE
333,0.1445489078760147,2025-04-26 07:50:37.369547,2025-04-26 07:51:09.790073,0 days 00:00:32.420526,1,73,499,379.0,357.0,,3,106,0.23250868494898333,0.0018135602099408259,0.6,/work3/arnaou/checkpoints/megnet_Pc_trial_333_best_state.pt,"{'learning_rate': 0.0018135602099408259, 'lr_reduce': 0.6}",TPESampler,COMPLETE
334,0.1055876612663269,2025-04-26 07:50:49.594375,2025-04-26 07:51:21.093619,0 days 00:00:31.499244,1,47,246,443.0,362.0,,3,125,0.24396792571048162,0.0029320713763642055,0.6,/work3/arnaou/checkpoints/megnet_Pc_trial_334_best_state.pt,"{'learning_rate': 0.0029320713763642055, 'lr_reduce': 0.6}",TPESampler,COMPLETE
335,0.16375339031219482,2025-04-26 07:50:51.612937,2025-04-26 07:51:17.115720,0 days 00:00:25.502783,1,68,140,,,,1,49,0.18251618408175602,0.0017483440502494324,0.6,/work3/arnaou/checkpoints/megnet_Pc_trial_335_best_state.pt,"{'learning_rate': 0.0017483440502494324, 'lr_reduce': 0.6}",TPESampler,COMPLETE
336,0.12458160519599915,2025-04-26 07:51:09.968972,2025-04-26 07:51:32.593944,0 days 00:00:22.624972,1,56,505,,,,1,84,0.23168523969808447,0.003550816956728932,0.6,/work3/arnaou/checkpoints/megnet_Pc_trial_336_best_state.pt,"{'learning_rate': 0.003550816956728932, 'lr_reduce': 0.6}",TPESampler,COMPLETE
337,0.12269210815429688,2025-04-26 07:51:17.277050,2025-04-26 07:51:41.739225,0 days 00:00:24.462175,1,51,436,180.0,286.0,,3,84,0.19496639900937995,0.005164096885193726,0.6,/work3/arnaou/checkpoints/megnet_Pc_trial_337_best_state.pt,"{'learning_rate': 0.005164096885193726, 'lr_reduce': 0.6}",TPESampler,COMPLETE
338,0.11308058351278305,2025-04-26 07:51:21.260730,2025-04-26 07:51:42.528498,0 days 00:00:21.267768,1,62,159,509.0,,,2,120,0.12618168363343965,0.009482733798633326,0.6,/work3/arnaou/checkpoints/megnet_Pc_trial_338_best_state.pt,"{'learning_rate': 0.009482733798633326, 'lr_reduce': 0.6}",TPESampler,COMPLETE
339,0.12842081487178802,2025-04-26 07:51:32.750025,2025-04-26 07:52:05.921498,0 days 00:00:33.171473,1,34,499,198.0,352.0,511.0,4,97,0.21636750660623463,0.0009374105224086318,0.6,/work3/arnaou/checkpoints/megnet_Pc_trial_339_best_state.pt,"{'learning_rate': 0.0009374105224086318, 'lr_reduce': 0.6}",TPESampler,COMPLETE
340,0.41696897149086,2025-04-26 07:51:41.906223,2025-04-26 07:51:52.897030,0 days 00:00:10.990807,1,71,420,199.0,377.0,427.0,4,82,0.1618697140862688,0.007652850100656468,0.6,/work3/arnaou/checkpoints/megnet_Pc_trial_340_best_state.pt,"{'learning_rate': 0.007652850100656468, 'lr_reduce': 0.6}",TPESampler,COMPLETE
341,0.639207124710083,2025-04-26 07:51:42.700024,2025-04-26 07:51:49.799151,0 days 00:00:07.099127,2,43,383,353.0,367.0,154.0,4,95,0.16911327955842376,0.008945592276812917,0.6,/work3/arnaou/checkpoints/megnet_Pc_trial_341_best_state.pt,"{'learning_rate': 0.008945592276812917, 'lr_reduce': 0.6}",TPESampler,COMPLETE
342,0.15958547592163086,2025-04-26 07:51:49.935848,2025-04-26 07:52:03.689657,0 days 00:00:13.753809,1,48,499,227.0,,,2,108,0.24834955264153752,0.00430994505795353,0.6,/work3/arnaou/checkpoints/megnet_Pc_trial_342_best_state.pt,"{'learning_rate': 0.00430994505795353, 'lr_reduce': 0.6}",TPESampler,COMPLETE
343,0.1117449402809143,2025-04-26 07:51:53.060885,2025-04-26 07:52:26.676179,0 days 00:00:33.615294,2,34,416,444.0,,,2,105,0.16473205686227496,0.0021412823989740487,0.6,/work3/arnaou/checkpoints/megnet_Pc_trial_343_best_state.pt,"{'learning_rate': 0.0021412823989740487, 'lr_reduce': 0.6}",TPESampler,COMPLETE
