number,value,datetime_start,datetime_complete,duration,params_depth,params_edge_hidden_dim,params_mlp_dim_00,params_mlp_dim_01,params_mlp_dim_02,params_mlp_dim_03,params_mlp_n_layers,params_node_hidden_dim,params_rep_dropout,params_train_learning_rate,params_train_lr_reduce,user_attrs_best_state_dict_path,user_attrs_training_params,system_attrs_auto:sampler,state
1446,0.17021724581718445,2025-04-26 10:07:34.131762,2025-04-26 10:08:05.029121,0 days 00:00:30.897359,2,52,95,375.0,,,2,96,0.027139118795814612,0.006422349339342864,0.6,/work3/arnaou/checkpoints/megnet_Pc_trial_1446_best_state.pt,"{'learning_rate': 0.006422349339342864, 'lr_reduce': 0.6}",TPESampler,COMPLETE
1447,0.3747098743915558,2025-04-26 10:07:37.909684,2025-04-26 10:07:59.096274,0 days 00:00:21.186590,1,75,133,320.0,324.0,,3,99,0.03239751573296454,0.006604331834900014,0.6,/work3/arnaou/checkpoints/megnet_Pc_trial_1447_best_state.pt,"{'learning_rate': 0.006604331834900014, 'lr_reduce': 0.6}",TPESampler,COMPLETE
1448,0.09979572147130966,2025-04-26 10:07:50.363208,2025-04-26 10:08:24.049068,0 days 00:00:33.685860,1,82,95,413.0,268.0,,3,93,0.009013998317875903,0.0036775001893948247,0.6,/work3/arnaou/checkpoints/megnet_Pc_trial_1448_best_state.pt,"{'learning_rate': 0.0036775001893948247, 'lr_reduce': 0.6}",TPESampler,COMPLETE
1449,0.10521548986434937,2025-04-26 10:07:59.321697,2025-04-26 10:08:30.190533,0 days 00:00:30.868836,1,66,179,490.0,,,2,93,0.006425469806896908,0.005786286487037453,0.6,/work3/arnaou/checkpoints/megnet_Pc_trial_1449_best_state.pt,"{'learning_rate': 0.005786286487037453, 'lr_reduce': 0.6}",TPESampler,COMPLETE
1450,0.887738823890686,2025-04-26 10:08:05.257001,2025-04-26 10:08:11.538099,0 days 00:00:06.281098,3,127,203,312.0,340.0,,3,42,0.06694255507342244,0.0003959808292482591,0.6,/work3/arnaou/checkpoints/megnet_Pc_trial_1450_best_state.pt,"{'learning_rate': 0.0003959808292482591, 'lr_reduce': 0.6}",TPESampler,COMPLETE
1451,0.1287381947040558,2025-04-26 10:08:11.840393,2025-04-26 10:08:46.006693,0 days 00:00:34.166300,1,52,124,386.0,,,2,109,0.016626747829002402,0.005072335390615882,0.6,/work3/arnaou/checkpoints/megnet_Pc_trial_1451_best_state.pt,"{'learning_rate': 0.005072335390615882, 'lr_reduce': 0.6}",TPESampler,COMPLETE
1452,0.8869881629943848,2025-04-26 10:08:24.468846,2025-04-26 10:08:30.255052,0 days 00:00:05.786206,3,72,461,433.0,,,2,37,0.20563848177132837,0.0025697705661410233,0.6,/work3/arnaou/checkpoints/megnet_Pc_trial_1452_best_state.pt,"{'learning_rate': 0.0025697705661410233, 'lr_reduce': 0.6}",TPESampler,COMPLETE
1453,0.12691813707351685,2025-04-26 10:08:30.373478,2025-04-26 10:08:52.929933,0 days 00:00:22.556455,1,43,444,,,,1,83,0.1960588787171109,0.00402755543969713,0.6,/work3/arnaou/checkpoints/megnet_Pc_trial_1453_best_state.pt,"{'learning_rate': 0.00402755543969713, 'lr_reduce': 0.6}",TPESampler,COMPLETE
1454,0.5235636830329895,2025-04-26 10:08:30.442022,2025-04-26 10:08:40.364699,0 days 00:00:09.922677,2,37,470,368.0,,,2,95,0.1787041334799086,0.00965781834096336,0.6,/work3/arnaou/checkpoints/megnet_Pc_trial_1454_best_state.pt,"{'learning_rate': 0.00965781834096336, 'lr_reduce': 0.6}",TPESampler,COMPLETE
1455,0.1573626846075058,2025-04-26 10:08:40.617679,2025-04-26 10:09:04.799067,0 days 00:00:24.181388,1,43,418,294.0,,,2,111,0.22373203075328327,0.0022934371839927613,0.6,/work3/arnaou/checkpoints/megnet_Pc_trial_1455_best_state.pt,"{'learning_rate': 0.0022934371839927613, 'lr_reduce': 0.6}",TPESampler,COMPLETE
1456,0.8872748017311096,2025-04-26 10:08:46.281876,2025-04-26 10:08:53.115942,0 days 00:00:06.834066,4,32,490,411.0,333.0,64.0,4,113,0.013595129851047077,0.005404674717548034,0.6,/work3/arnaou/checkpoints/megnet_Pc_trial_1456_best_state.pt,"{'learning_rate': 0.005404674717548034, 'lr_reduce': 0.6}",TPESampler,COMPLETE
1457,0.14827314019203186,2025-04-26 10:08:53.167304,2025-04-26 10:09:10.250770,0 days 00:00:17.083466,1,56,97,68.0,,,2,84,0.015782738294271105,0.005304059321763749,0.6,/work3/arnaou/checkpoints/megnet_Pc_trial_1457_best_state.pt,"{'learning_rate': 0.005304059321763749, 'lr_reduce': 0.6}",TPESampler,COMPLETE
1458,0.14650191366672516,2025-04-26 10:08:53.340212,2025-04-26 10:09:09.552887,0 days 00:00:16.212675,1,60,121,461.0,,,2,71,0.027309319038216536,0.005202926786102865,0.6,/work3/arnaou/checkpoints/megnet_Pc_trial_1458_best_state.pt,"{'learning_rate': 0.005202926786102865, 'lr_reduce': 0.6}",TPESampler,COMPLETE
1459,0.19085069000720978,2025-04-26 10:09:05.062619,2025-04-26 10:09:36.362941,0 days 00:00:31.300322,2,74,71,361.0,,,2,96,0.03949529826681341,0.006607846517141644,0.6,/work3/arnaou/checkpoints/megnet_Pc_trial_1459_best_state.pt,"{'learning_rate': 0.006607846517141644, 'lr_reduce': 0.6}",TPESampler,COMPLETE
1460,0.10121651738882065,2025-04-26 10:09:09.829824,2025-04-26 10:09:44.244699,0 days 00:00:34.414875,1,58,192,331.0,,,2,117,0.06644854379066001,0.008354324607460616,0.6,/work3/arnaou/checkpoints/megnet_Pc_trial_1460_best_state.pt,"{'learning_rate': 0.008354324607460616, 'lr_reduce': 0.6}",TPESampler,COMPLETE
1461,0.10796574503183365,2025-04-26 10:09:10.454460,2025-04-26 10:09:40.039968,0 days 00:00:29.585508,1,128,438,404.0,,,2,96,0.1854942553281317,0.004057187539175295,0.6,/work3/arnaou/checkpoints/megnet_Pc_trial_1461_best_state.pt,"{'learning_rate': 0.004057187539175295, 'lr_reduce': 0.6}",TPESampler,COMPLETE
1462,0.16020624339580536,2025-04-26 10:09:36.571169,2025-04-26 10:09:57.789034,0 days 00:00:21.217865,1,66,109,,,,1,82,0.0029031183841187226,0.0017466078031461692,0.6,/work3/arnaou/checkpoints/megnet_Pc_trial_1462_best_state.pt,"{'learning_rate': 0.0017466078031461692, 'lr_reduce': 0.6}",TPESampler,COMPLETE
1463,0.08131971210241318,2025-04-26 10:09:40.254586,2025-04-26 10:10:15.665564,0 days 00:00:35.410978,1,67,336,291.0,,,2,79,0.19393196770401677,0.008529895447182483,0.6,/work3/arnaou/checkpoints/megnet_Pc_trial_1463_best_state.pt,"{'learning_rate': 0.008529895447182483, 'lr_reduce': 0.6}",TPESampler,COMPLETE
1464,0.16577835381031036,2025-04-26 10:09:44.493628,2025-04-26 10:10:12.571657,0 days 00:00:28.078029,1,119,437,443.0,296.0,276.0,4,76,0.22028896594591174,0.004724504719844846,0.6,/work3/arnaou/checkpoints/megnet_Pc_trial_1464_best_state.pt,"{'learning_rate': 0.004724504719844846, 'lr_reduce': 0.6}",TPESampler,COMPLETE
1465,0.13031654059886932,2025-04-26 10:09:58.024027,2025-04-26 10:10:20.035830,0 days 00:00:22.011803,1,73,140,364.0,349.0,,3,88,0.08158548599554961,0.003140352256344951,0.6,/work3/arnaou/checkpoints/megnet_Pc_trial_1465_best_state.pt,"{'learning_rate': 0.003140352256344951, 'lr_reduce': 0.6}",TPESampler,COMPLETE
1466,0.8870289325714111,2025-04-26 10:10:12.794347,2025-04-26 10:10:17.836100,0 days 00:00:05.041753,1,79,347,393.0,,,2,93,0.135654641976861,0.00832612937511369,0.6,/work3/arnaou/checkpoints/megnet_Pc_trial_1466_best_state.pt,"{'learning_rate': 0.00832612937511369, 'lr_reduce': 0.6}",TPESampler,COMPLETE
1467,0.12061601877212524,2025-04-26 10:10:15.899574,2025-04-26 10:10:52.419476,0 days 00:00:36.519902,1,73,76,325.0,,,2,81,0.12489936448706886,0.0076198807092784865,0.6,/work3/arnaou/checkpoints/megnet_Pc_trial_1467_best_state.pt,"{'learning_rate': 0.0076198807092784865, 'lr_reduce': 0.6}",TPESampler,COMPLETE
1468,0.18318545818328857,2025-04-26 10:10:18.042701,2025-04-26 10:10:48.961721,0 days 00:00:30.919020,2,80,280,267.0,296.0,,3,98,0.03203194596722925,0.003074977210088079,0.6,/work3/arnaou/checkpoints/megnet_Pc_trial_1468_best_state.pt,"{'learning_rate': 0.003074977210088079, 'lr_reduce': 0.6}",TPESampler,COMPLETE
1469,0.15794578194618225,2025-04-26 10:10:20.281343,2025-04-26 10:10:35.147979,0 days 00:00:14.866636,1,81,115,474.0,,,2,111,0.06709827663037768,0.003930436933469117,0.6,/work3/arnaou/checkpoints/megnet_Pc_trial_1469_best_state.pt,"{'learning_rate': 0.003930436933469117, 'lr_reduce': 0.6}",TPESampler,COMPLETE
1470,0.8869585394859314,2025-04-26 10:10:35.520119,2025-04-26 10:10:40.625312,0 days 00:00:05.105193,3,72,349,411.0,,,2,56,0.11849814756226515,0.0005907973823388044,0.6,/work3/arnaou/checkpoints/megnet_Pc_trial_1470_best_state.pt,"{'learning_rate': 0.0005907973823388044, 'lr_reduce': 0.6}",TPESampler,COMPLETE
1471,0.08084789663553238,2025-04-26 10:10:40.833523,2025-04-26 10:11:13.145134,0 days 00:00:32.311611,1,102,213,363.0,,,2,111,0.031167947158983085,0.003659578027538032,0.6,/work3/arnaou/checkpoints/megnet_Pc_trial_1471_best_state.pt,"{'learning_rate': 0.003659578027538032, 'lr_reduce': 0.6}",TPESampler,COMPLETE
1472,0.17904594540596008,2025-04-26 10:10:49.198237,2025-04-26 10:11:22.641872,0 days 00:00:33.443635,1,33,478,,,,1,93,0.17802066460195878,0.006225302093231673,0.6,/work3/arnaou/checkpoints/megnet_Pc_trial_1472_best_state.pt,"{'learning_rate': 0.006225302093231673, 'lr_reduce': 0.6}",TPESampler,COMPLETE
1473,0.3808891773223877,2025-04-26 10:10:52.624905,2025-04-26 10:11:20.880567,0 days 00:00:28.255662,1,58,338,,,,1,82,0.18038931705560754,0.008779672721880825,0.6,/work3/arnaou/checkpoints/megnet_Pc_trial_1473_best_state.pt,"{'learning_rate': 0.008779672721880825, 'lr_reduce': 0.6}",TPESampler,COMPLETE
1474,0.1660105586051941,2025-04-26 10:11:13.403592,2025-04-26 10:11:33.411967,0 days 00:00:20.008375,2,78,179,279.0,,,2,81,0.045675912008888445,0.0037416440102315805,0.6,/work3/arnaou/checkpoints/megnet_Pc_trial_1474_best_state.pt,"{'learning_rate': 0.0037416440102315805, 'lr_reduce': 0.6}",TPESampler,COMPLETE
1475,0.18666835129261017,2025-04-26 10:11:21.106195,2025-04-26 10:11:35.114136,0 days 00:00:14.007941,1,54,97,427.0,,,2,104,0.0041520243040082845,0.0027862293448769745,0.6,/work3/arnaou/checkpoints/megnet_Pc_trial_1475_best_state.pt,"{'learning_rate': 0.0027862293448769745, 'lr_reduce': 0.6}",TPESampler,COMPLETE
1476,0.13827912509441376,2025-04-26 10:11:22.850299,2025-04-26 10:11:47.155871,0 days 00:00:24.305572,1,89,319,349.0,,,2,123,0.24486988470615564,0.0029839344383951714,0.6,/work3/arnaou/checkpoints/megnet_Pc_trial_1476_best_state.pt,"{'learning_rate': 0.0029839344383951714, 'lr_reduce': 0.6}",TPESampler,COMPLETE
1477,0.16965679824352264,2025-04-26 10:11:33.617136,2025-04-26 10:12:07.422276,0 days 00:00:33.805140,4,117,179,398.0,343.0,340.0,4,75,0.023738393706036753,0.0018978833557206436,0.6,/work3/arnaou/checkpoints/megnet_Pc_trial_1477_best_state.pt,"{'learning_rate': 0.0018978833557206436, 'lr_reduce': 0.6}",TPESampler,COMPLETE
1478,0.09720547497272491,2025-04-26 10:11:35.334264,2025-04-26 10:11:56.773532,0 days 00:00:21.439268,1,54,160,,,,1,124,0.10219695504461958,0.00888003829519351,0.6,/work3/arnaou/checkpoints/megnet_Pc_trial_1478_best_state.pt,"{'learning_rate': 0.00888003829519351, 'lr_reduce': 0.6}",TPESampler,COMPLETE
1479,0.19073939323425293,2025-04-26 10:11:47.386924,2025-04-26 10:12:02.317941,0 days 00:00:14.931017,1,38,362,319.0,281.0,,3,73,0.16164596755626934,0.008679793194055289,0.6,/work3/arnaou/checkpoints/megnet_Pc_trial_1479_best_state.pt,"{'learning_rate': 0.008679793194055289, 'lr_reduce': 0.6}",TPESampler,COMPLETE
1480,0.26270949840545654,2025-04-26 10:11:56.992226,2025-04-26 10:12:34.237057,0 days 00:00:37.244831,1,84,184,464.0,363.0,,3,73,0.0844070949943932,0.00948073596739925,0.6,/work3/arnaou/checkpoints/megnet_Pc_trial_1480_best_state.pt,"{'learning_rate': 0.00948073596739925, 'lr_reduce': 0.6}",TPESampler,COMPLETE
1481,0.8867446184158325,2025-04-26 10:12:02.559918,2025-04-26 10:12:07.261282,0 days 00:00:04.701364,4,110,288,,,,1,58,0.09746309836808087,0.0003398871364019165,0.6,/work3/arnaou/checkpoints/megnet_Pc_trial_1481_best_state.pt,"{'learning_rate': 0.0003398871364019165, 'lr_reduce': 0.6}",TPESampler,COMPLETE
1482,0.15707804262638092,2025-04-26 10:12:07.441624,2025-04-26 10:12:39.523433,0 days 00:00:32.081809,1,108,248,261.0,,,2,110,0.1734068019069955,0.002444042333672794,0.6,/work3/arnaou/checkpoints/megnet_Pc_trial_1482_best_state.pt,"{'learning_rate': 0.002444042333672794, 'lr_reduce': 0.6}",TPESampler,COMPLETE
1483,0.17998507618904114,2025-04-26 10:12:07.616774,2025-04-26 10:12:39.441878,0 days 00:00:31.825104,1,65,113,385.0,275.0,,3,85,0.012456364482882544,0.005389649914047871,0.6,/work3/arnaou/checkpoints/megnet_Pc_trial_1483_best_state.pt,"{'learning_rate': 0.005389649914047871, 'lr_reduce': 0.6}",TPESampler,COMPLETE
1484,0.32100731134414673,2025-04-26 10:12:34.487798,2025-04-26 10:12:53.005443,0 days 00:00:18.517645,1,105,246,,,,1,87,0.20187672386442646,0.008723845698801726,0.6,/work3/arnaou/checkpoints/megnet_Pc_trial_1484_best_state.pt,"{'learning_rate': 0.008723845698801726, 'lr_reduce': 0.6}",TPESampler,COMPLETE
1485,0.15532149374485016,2025-04-26 10:12:39.610987,2025-04-26 10:13:18.531859,0 days 00:00:38.920872,1,80,96,431.0,,,2,100,0.017737099334399726,0.0008343704307844687,0.6,/work3/arnaou/checkpoints/megnet_Pc_trial_1485_best_state.pt,"{'learning_rate': 0.0008343704307844687, 'lr_reduce': 0.6}",TPESampler,COMPLETE
1486,0.23993267118930817,2025-04-26 10:12:39.686304,2025-04-26 10:13:12.367683,0 days 00:00:32.681379,2,74,68,511.0,336.0,,3,68,0.010266672395757768,0.0031373650363587125,0.6,/work3/arnaou/checkpoints/megnet_Pc_trial_1486_best_state.pt,"{'learning_rate': 0.0031373650363587125, 'lr_reduce': 0.6}",TPESampler,COMPLETE
1487,0.08092504739761353,2025-04-26 10:12:53.309011,2025-04-26 10:13:22.390642,0 days 00:00:29.081631,1,55,337,341.0,355.0,,3,94,0.15520014667450605,0.005416763072349449,0.6,/work3/arnaou/checkpoints/megnet_Pc_trial_1487_best_state.pt,"{'learning_rate': 0.005416763072349449, 'lr_reduce': 0.6}",TPESampler,COMPLETE
1488,0.5177018642425537,2025-04-26 10:13:12.589328,2025-04-26 10:13:20.863212,0 days 00:00:08.273884,1,75,224,397.0,,,2,106,0.012333756769655181,0.009404085619151889,0.6,/work3/arnaou/checkpoints/megnet_Pc_trial_1488_best_state.pt,"{'learning_rate': 0.009404085619151889, 'lr_reduce': 0.6}",TPESampler,COMPLETE
1489,0.8871364593505859,2025-04-26 10:13:18.765449,2025-04-26 10:13:24.818491,0 days 00:00:06.053042,4,98,478,295.0,309.0,224.0,4,117,0.19932763241297444,0.0018120509211559499,0.6,/work3/arnaou/checkpoints/megnet_Pc_trial_1489_best_state.pt,"{'learning_rate': 0.0018120509211559499, 'lr_reduce': 0.6}",TPESampler,COMPLETE
1490,0.8868796229362488,2025-04-26 10:13:21.069342,2025-04-26 10:13:26.570797,0 days 00:00:05.501455,4,53,378,363.0,,,2,96,0.16960289550527846,0.00027998229831417655,0.6,/work3/arnaou/checkpoints/megnet_Pc_trial_1490_best_state.pt,"{'learning_rate': 0.00027998229831417655, 'lr_reduce': 0.6}",TPESampler,COMPLETE
1491,0.11725755780935287,2025-04-26 10:13:22.613604,2025-04-26 10:13:52.518687,0 days 00:00:29.905083,1,68,91,263.0,,,2,95,0.019208130492812128,0.004108234286534955,0.6,/work3/arnaou/checkpoints/megnet_Pc_trial_1491_best_state.pt,"{'learning_rate': 0.004108234286534955, 'lr_reduce': 0.6}",TPESampler,COMPLETE
1492,0.09604325890541077,2025-04-26 10:13:25.062386,2025-04-26 10:14:03.016574,0 days 00:00:37.954188,2,69,405,,,,1,94,0.15138289147661885,0.008458835223967339,0.6,/work3/arnaou/checkpoints/megnet_Pc_trial_1492_best_state.pt,"{'learning_rate': 0.008458835223967339, 'lr_reduce': 0.6}",TPESampler,COMPLETE
1493,0.8867400288581848,2025-04-26 10:13:26.818103,2025-04-26 10:13:31.984478,0 days 00:00:05.166375,1,101,456,,,,1,65,0.09640270385890615,0.00016906534996124668,0.6,/work3/arnaou/checkpoints/megnet_Pc_trial_1493_best_state.pt,"{'learning_rate': 0.00016906534996124668, 'lr_reduce': 0.6}",TPESampler,COMPLETE
1494,0.15701407194137573,2025-04-26 10:13:32.214247,2025-04-26 10:14:00.655789,0 days 00:00:28.441542,1,41,69,436.0,374.0,442.0,4,82,0.00930057013663009,0.0012779250477374516,0.6,/work3/arnaou/checkpoints/megnet_Pc_trial_1494_best_state.pt,"{'learning_rate': 0.0012779250477374516, 'lr_reduce': 0.6}",TPESampler,COMPLETE
1495,0.19115866720676422,2025-04-26 10:13:52.730669,2025-04-26 10:14:27.733072,0 days 00:00:35.002403,2,39,318,407.0,261.0,134.0,4,56,0.19977924555982612,0.008222023665628624,0.6,/work3/arnaou/checkpoints/megnet_Pc_trial_1495_best_state.pt,"{'learning_rate': 0.008222023665628624, 'lr_reduce': 0.6}",TPESampler,COMPLETE
1496,0.24844950437545776,2025-04-26 10:14:00.874985,2025-04-26 10:14:18.416317,0 days 00:00:17.541332,2,71,102,315.0,,,2,87,0.02058802958033831,0.0016106383515570644,0.6,/work3/arnaou/checkpoints/megnet_Pc_trial_1496_best_state.pt,"{'learning_rate': 0.0016106383515570644, 'lr_reduce': 0.6}",TPESampler,COMPLETE
1497,0.15480643510818481,2025-04-26 10:14:03.243703,2025-04-26 10:14:17.279317,0 days 00:00:14.035614,1,33,189,76.0,,,2,96,0.02492031993705697,0.0033060638755599107,0.6,/work3/arnaou/checkpoints/megnet_Pc_trial_1497_best_state.pt,"{'learning_rate': 0.0033060638755599107, 'lr_reduce': 0.6}",TPESampler,COMPLETE
1498,0.8869774341583252,2025-04-26 10:14:17.488578,2025-04-26 10:14:23.325021,0 days 00:00:05.836443,3,49,195,372.0,,,2,36,0.18946300580032124,0.002847653079648527,0.6,/work3/arnaou/checkpoints/megnet_Pc_trial_1498_best_state.pt,"{'learning_rate': 0.002847653079648527, 'lr_reduce': 0.6}",TPESampler,COMPLETE
1499,0.16686248779296875,2025-04-26 10:14:18.673362,2025-04-26 10:14:57.324692,0 days 00:00:38.651330,2,99,316,464.0,,,2,112,0.19826990611280965,0.007975131558699269,0.6,/work3/arnaou/checkpoints/megnet_Pc_trial_1499_best_state.pt,"{'learning_rate': 0.007975131558699269, 'lr_reduce': 0.6}",TPESampler,COMPLETE
1500,0.38250377774238586,2025-04-26 10:14:23.566201,2025-04-26 10:14:32.212652,0 days 00:00:08.646451,2,45,187,,,,1,96,0.2141351168234719,0.009625750806703987,0.6,/work3/arnaou/checkpoints/megnet_Pc_trial_1500_best_state.pt,"{'learning_rate': 0.009625750806703987, 'lr_reduce': 0.6}",TPESampler,COMPLETE
1501,0.09667181968688965,2025-04-26 10:14:27.959764,2025-04-26 10:14:54.558177,0 days 00:00:26.598413,1,64,91,258.0,,,2,100,0.005274404182462967,0.008440289432558049,0.6,/work3/arnaou/checkpoints/megnet_Pc_trial_1501_best_state.pt,"{'learning_rate': 0.008440289432558049, 'lr_reduce': 0.6}",TPESampler,COMPLETE
1502,0.11613097786903381,2025-04-26 10:14:32.415835,2025-04-26 10:14:52.199090,0 days 00:00:19.783255,1,38,382,347.0,326.0,,3,68,0.1813523686900518,0.008330305011060562,0.6,/work3/arnaou/checkpoints/megnet_Pc_trial_1502_best_state.pt,"{'learning_rate': 0.008330305011060562, 'lr_reduce': 0.6}",TPESampler,COMPLETE
1503,0.11941941827535629,2025-04-26 10:14:52.439361,2025-04-26 10:15:12.008073,0 days 00:00:19.568712,2,46,109,419.0,,,2,121,0.042952349575525434,0.008071234849688816,0.6,/work3/arnaou/checkpoints/megnet_Pc_trial_1503_best_state.pt,"{'learning_rate': 0.008071234849688816, 'lr_reduce': 0.6}",TPESampler,COMPLETE
1504,0.08081815391778946,2025-04-26 10:14:54.771948,2025-04-26 10:15:33.183253,0 days 00:00:38.411305,1,47,116,306.0,,,2,125,0.03534307778646192,0.006445879468132192,0.6,/work3/arnaou/checkpoints/megnet_Pc_trial_1504_best_state.pt,"{'learning_rate': 0.006445879468132192, 'lr_reduce': 0.6}",TPESampler,COMPLETE
1505,0.228499174118042,2025-04-26 10:14:57.562257,2025-04-26 10:15:29.804124,0 days 00:00:32.241867,2,112,414,381.0,,,2,114,0.1811496653403999,0.005433269381794092,0.6,/work3/arnaou/checkpoints/megnet_Pc_trial_1505_best_state.pt,"{'learning_rate': 0.005433269381794092, 'lr_reduce': 0.6}",TPESampler,COMPLETE
1506,0.11790943890810013,2025-04-26 10:15:12.243067,2025-04-26 10:15:35.114867,0 days 00:00:22.871800,1,69,258,253.0,390.0,,3,109,0.06302112052929353,0.0030708126958472063,0.6,/work3/arnaou/checkpoints/megnet_Pc_trial_1506_best_state.pt,"{'learning_rate': 0.0030708126958472063, 'lr_reduce': 0.6}",TPESampler,COMPLETE
1507,0.11954565346240997,2025-04-26 10:15:30.037143,2025-04-26 10:15:54.371844,0 days 00:00:24.334701,1,75,172,440.0,,,2,126,0.06194884303220447,0.004034449682534646,0.6,/work3/arnaou/checkpoints/megnet_Pc_trial_1507_best_state.pt,"{'learning_rate': 0.004034449682534646, 'lr_reduce': 0.6}",TPESampler,COMPLETE
1508,0.13270334899425507,2025-04-26 10:15:33.391778,2025-04-26 10:15:53.645011,0 days 00:00:20.253233,1,68,65,385.0,,,2,125,0.003450165336717129,0.0021064679168042244,0.6,/work3/arnaou/checkpoints/megnet_Pc_trial_1508_best_state.pt,"{'learning_rate': 0.0021064679168042244, 'lr_reduce': 0.6}",TPESampler,COMPLETE
1509,0.33790960907936096,2025-04-26 10:15:35.343602,2025-04-26 10:15:45.600060,0 days 00:00:10.256458,1,98,303,332.0,,,2,108,0.16251840254743188,0.008251802214637461,0.6,/work3/arnaou/checkpoints/megnet_Pc_trial_1509_best_state.pt,"{'learning_rate': 0.008251802214637461, 'lr_reduce': 0.6}",TPESampler,COMPLETE
1510,0.8868538737297058,2025-04-26 10:15:45.818033,2025-04-26 10:15:52.381404,0 days 00:00:06.563371,4,103,65,468.0,,,2,41,0.007058124499290552,0.00015846013464249097,0.6,/work3/arnaou/checkpoints/megnet_Pc_trial_1510_best_state.pt,"{'learning_rate': 0.00015846013464249097, 'lr_reduce': 0.6}",TPESampler,COMPLETE
1511,0.13280658423900604,2025-04-26 10:15:52.595160,2025-04-26 10:16:15.372214,0 days 00:00:22.777054,1,46,280,,,,1,75,0.214396300125095,0.003027532899973512,0.6,/work3/arnaou/checkpoints/megnet_Pc_trial_1511_best_state.pt,"{'learning_rate': 0.003027532899973512, 'lr_reduce': 0.6}",TPESampler,COMPLETE
1512,0.1846109926700592,2025-04-26 10:15:53.855277,2025-04-26 10:16:41.146709,0 days 00:00:47.291432,4,101,79,64.0,257.0,,3,50,0.10380637564973583,0.0015572255299199688,0.6,/work3/arnaou/checkpoints/megnet_Pc_trial_1512_best_state.pt,"{'learning_rate': 0.0015572255299199688, 'lr_reduce': 0.6}",TPESampler,COMPLETE
1513,0.09899072349071503,2025-04-26 10:15:54.675443,2025-04-26 10:16:25.301886,0 days 00:00:30.626443,1,42,71,,,,1,123,0.028970593659420868,0.0063735753561920735,0.6,/work3/arnaou/checkpoints/megnet_Pc_trial_1513_best_state.pt,"{'learning_rate': 0.0063735753561920735, 'lr_reduce': 0.6}",TPESampler,COMPLETE
1514,0.4853672683238983,2025-04-26 10:16:15.595627,2025-04-26 10:16:24.385266,0 days 00:00:08.789639,1,81,184,286.0,,,2,119,0.2008330507963726,0.008896229126005665,0.6,/work3/arnaou/checkpoints/megnet_Pc_trial_1514_best_state.pt,"{'learning_rate': 0.008896229126005665, 'lr_reduce': 0.6}",TPESampler,COMPLETE
