number,value,datetime_start,datetime_complete,duration,params_depth,params_edge_hidden_dim,params_mlp_dim_00,params_mlp_dim_01,params_mlp_dim_02,params_mlp_dim_03,params_mlp_n_layers,params_node_hidden_dim,params_rep_dropout,params_train_learning_rate,params_train_lr_reduce,user_attrs_best_state_dict_path,user_attrs_training_params,system_attrs_auto:sampler,state
1584,0.08306510001420975,2025-04-26 10:26:05.626619,2025-04-26 10:26:42.152845,0 days 00:00:36.526226,1,53,488,374.0,,,2,71,0.17816314023005167,0.009710205426325867,0.6,/work3/arnaou/checkpoints/megnet_Pc_trial_1584_best_state.pt,"{'learning_rate': 0.009710205426325867, 'lr_reduce': 0.6}",TPESampler,COMPLETE
1585,0.09428735822439194,2025-04-26 10:26:06.513790,2025-04-26 10:26:28.634782,0 days 00:00:22.120992,1,82,98,269.0,,,2,95,0.00014000309817276124,0.0070414854111908514,0.6,/work3/arnaou/checkpoints/megnet_Pc_trial_1585_best_state.pt,"{'learning_rate': 0.0070414854111908514, 'lr_reduce': 0.6}",TPESampler,COMPLETE
1586,0.2477072775363922,2025-04-26 10:26:12.816073,2025-04-26 10:26:40.433175,0 days 00:00:27.617102,1,40,506,,,,1,123,0.082808607932936,0.0004003391766510743,0.6,/work3/arnaou/checkpoints/megnet_Pc_trial_1586_best_state.pt,"{'learning_rate': 0.0004003391766510743, 'lr_reduce': 0.6}",TPESampler,COMPLETE
1587,0.1344231367111206,2025-04-26 10:26:28.867015,2025-04-26 10:26:57.085911,0 days 00:00:28.218896,1,123,129,512.0,363.0,,3,41,0.08055638493981604,0.004300998549633582,0.6,/work3/arnaou/checkpoints/megnet_Pc_trial_1587_best_state.pt,"{'learning_rate': 0.004300998549633582, 'lr_reduce': 0.6}",TPESampler,COMPLETE
1588,0.2544252574443817,2025-04-26 10:26:40.674418,2025-04-26 10:26:58.703823,0 days 00:00:18.029405,2,56,304,423.0,,,2,77,0.152782336907856,0.003457611559600793,0.6,/work3/arnaou/checkpoints/megnet_Pc_trial_1588_best_state.pt,"{'learning_rate': 0.003457611559600793, 'lr_reduce': 0.6}",TPESampler,COMPLETE
1589,0.09591715782880783,2025-04-26 10:26:42.393766,2025-04-26 10:27:14.165530,0 days 00:00:31.771764,2,45,431,92.0,,,2,94,0.18956305961459155,0.0045593273906337495,0.6,/work3/arnaou/checkpoints/megnet_Pc_trial_1589_best_state.pt,"{'learning_rate': 0.0045593273906337495, 'lr_reduce': 0.6}",TPESampler,COMPLETE
1590,0.3970849812030792,2025-04-26 10:26:57.308055,2025-04-26 10:27:16.710563,0 days 00:00:19.402508,1,78,186,,,,1,94,0.24850434425886606,0.0065458815888594386,0.6,/work3/arnaou/checkpoints/megnet_Pc_trial_1590_best_state.pt,"{'learning_rate': 0.0065458815888594386, 'lr_reduce': 0.6}",TPESampler,COMPLETE
1591,0.10703705251216888,2025-04-26 10:26:58.918296,2025-04-26 10:27:35.490193,0 days 00:00:36.571897,1,66,194,339.0,,,2,77,0.1336708083564003,0.009826712883243379,0.6,/work3/arnaou/checkpoints/megnet_Pc_trial_1591_best_state.pt,"{'learning_rate': 0.009826712883243379, 'lr_reduce': 0.6}",TPESampler,COMPLETE
1592,0.8870159387588501,2025-04-26 10:27:14.391320,2025-04-26 10:27:20.444032,0 days 00:00:06.052712,3,91,360,447.0,252.0,,3,91,0.11434371596707346,0.0015222388420897052,0.6,/work3/arnaou/checkpoints/megnet_Pc_trial_1592_best_state.pt,"{'learning_rate': 0.0015222388420897052, 'lr_reduce': 0.6}",TPESampler,COMPLETE
1593,0.09276799112558365,2025-04-26 10:27:16.925316,2025-04-26 10:27:45.348589,0 days 00:00:28.423273,1,70,306,389.0,311.0,,3,111,0.09664433755199461,0.005549787916251402,0.6,/work3/arnaou/checkpoints/megnet_Pc_trial_1593_best_state.pt,"{'learning_rate': 0.005549787916251402, 'lr_reduce': 0.6}",TPESampler,COMPLETE
1594,0.1513812094926834,2025-04-26 10:27:20.837188,2025-04-26 10:27:45.134838,0 days 00:00:24.297650,1,63,202,233.0,,,2,69,0.00990934286800198,0.001956142643148537,0.6,/work3/arnaou/checkpoints/megnet_Pc_trial_1594_best_state.pt,"{'learning_rate': 0.001956142643148537, 'lr_reduce': 0.6}",TPESampler,COMPLETE
1595,0.14800794422626495,2025-04-26 10:27:35.727240,2025-04-26 10:28:01.366216,0 days 00:00:25.638976,1,43,465,348.0,,,2,86,0.23672271297397568,0.0037891772016804665,0.6,/work3/arnaou/checkpoints/megnet_Pc_trial_1595_best_state.pt,"{'learning_rate': 0.0037891772016804665, 'lr_reduce': 0.6}",TPESampler,COMPLETE
1596,0.1186017245054245,2025-04-26 10:27:45.383448,2025-04-26 10:28:30.411594,0 days 00:00:45.028146,1,53,302,275.0,416.0,109.0,4,104,0.0020930035329442907,0.007170086079170469,0.6,/work3/arnaou/checkpoints/megnet_Pc_trial_1596_best_state.pt,"{'learning_rate': 0.007170086079170469, 'lr_reduce': 0.6}",TPESampler,COMPLETE
1597,0.8868631720542908,2025-04-26 10:27:45.585834,2025-04-26 10:27:51.671576,0 days 00:00:06.085742,2,48,207,409.0,357.0,223.0,4,95,0.01716037241733908,0.0020923001151931507,0.6,/work3/arnaou/checkpoints/megnet_Pc_trial_1597_best_state.pt,"{'learning_rate': 0.0020923001151931507, 'lr_reduce': 0.6}",TPESampler,COMPLETE
1598,0.11795209348201752,2025-04-26 10:27:52.146069,2025-04-26 10:28:31.475865,0 days 00:00:39.329796,1,77,173,,,,1,84,0.18520023821061662,0.006002514779746314,0.6,/work3/arnaou/checkpoints/megnet_Pc_trial_1598_best_state.pt,"{'learning_rate': 0.006002514779746314, 'lr_reduce': 0.6}",TPESampler,COMPLETE
1599,0.12908737361431122,2025-04-26 10:28:01.609514,2025-04-26 10:28:43.837006,0 days 00:00:42.227492,1,79,192,126.0,292.0,405.0,4,100,0.004956133931161804,0.0032206989176244137,0.6,/work3/arnaou/checkpoints/megnet_Pc_trial_1599_best_state.pt,"{'learning_rate': 0.0032206989176244137, 'lr_reduce': 0.6}",TPESampler,COMPLETE
1600,0.09850422292947769,2025-04-26 10:28:30.654912,2025-04-26 10:28:50.057892,0 days 00:00:19.402980,1,44,337,320.0,437.0,,3,79,0.17023293866538478,0.004826104958869925,0.6,/work3/arnaou/checkpoints/megnet_Pc_trial_1600_best_state.pt,"{'learning_rate': 0.004826104958869925, 'lr_reduce': 0.6}",TPESampler,COMPLETE
1601,0.2953542470932007,2025-04-26 10:28:31.691812,2025-04-26 10:28:41.445304,0 days 00:00:09.753492,1,35,301,451.0,373.0,,3,79,0.21239777225968376,0.0046705102121629575,0.6,/work3/arnaou/checkpoints/megnet_Pc_trial_1601_best_state.pt,"{'learning_rate': 0.0046705102121629575, 'lr_reduce': 0.6}",TPESampler,COMPLETE
1602,0.15572111308574677,2025-04-26 10:28:41.699778,2025-04-26 10:29:17.133993,0 days 00:00:35.434215,1,61,331,385.0,338.0,163.0,4,108,0.06957316920573356,0.0011727982270024378,0.6,/work3/arnaou/checkpoints/megnet_Pc_trial_1602_best_state.pt,"{'learning_rate': 0.0011727982270024378, 'lr_reduce': 0.6}",TPESampler,COMPLETE
1603,0.8869792819023132,2025-04-26 10:28:44.420283,2025-04-26 10:28:51.396752,0 days 00:00:06.976469,2,97,431,,,,1,127,0.061712573926338304,0.00030453581572987214,0.6,/work3/arnaou/checkpoints/megnet_Pc_trial_1603_best_state.pt,"{'learning_rate': 0.00030453581572987214, 'lr_reduce': 0.6}",TPESampler,COMPLETE
1604,0.20212796330451965,2025-04-26 10:28:50.270757,2025-04-26 10:29:09.346092,0 days 00:00:19.075335,2,38,478,,,,1,94,0.19420583031571784,0.0033888378222197537,0.6,/work3/arnaou/checkpoints/megnet_Pc_trial_1604_best_state.pt,"{'learning_rate': 0.0033888378222197537, 'lr_reduce': 0.6}",TPESampler,COMPLETE
1605,0.46340617537498474,2025-04-26 10:28:51.607276,2025-04-26 10:29:03.893733,0 days 00:00:12.286457,2,67,302,255.0,,,2,77,0.20373775048605527,0.007340891121103498,0.6,/work3/arnaou/checkpoints/megnet_Pc_trial_1605_best_state.pt,"{'learning_rate': 0.007340891121103498, 'lr_reduce': 0.6}",TPESampler,COMPLETE
1606,0.11682151257991791,2025-04-26 10:29:04.130956,2025-04-26 10:29:40.128675,0 days 00:00:35.997719,1,73,200,208.0,,,2,127,0.019946907754000008,0.004060982462497089,0.6,/work3/arnaou/checkpoints/megnet_Pc_trial_1606_best_state.pt,"{'learning_rate': 0.004060982462497089, 'lr_reduce': 0.6}",TPESampler,COMPLETE
1607,0.131925567984581,2025-04-26 10:29:09.558860,2025-04-26 10:29:31.448747,0 days 00:00:21.889887,1,32,447,,,,1,111,0.10269482134705249,0.0034746539976154038,0.6,/work3/arnaou/checkpoints/megnet_Pc_trial_1607_best_state.pt,"{'learning_rate': 0.0034746539976154038, 'lr_reduce': 0.6}",TPESampler,COMPLETE
1608,0.8877514004707336,2025-04-26 10:29:17.365913,2025-04-26 10:29:23.597151,0 days 00:00:06.231238,4,92,168,,,,1,57,0.15843437461423113,0.008020468967040735,0.6,/work3/arnaou/checkpoints/megnet_Pc_trial_1608_best_state.pt,"{'learning_rate': 0.008020468967040735, 'lr_reduce': 0.6}",TPESampler,COMPLETE
1609,0.32644519209861755,2025-04-26 10:29:23.799365,2025-04-26 10:29:52.600022,0 days 00:00:28.800657,1,59,202,,,,1,94,0.2398046825873013,0.009757166126171148,0.6,/work3/arnaou/checkpoints/megnet_Pc_trial_1609_best_state.pt,"{'learning_rate': 0.009757166126171148, 'lr_reduce': 0.6}",TPESampler,COMPLETE
1610,0.14527110755443573,2025-04-26 10:29:31.651558,2025-04-26 10:29:58.972320,0 days 00:00:27.320762,1,47,273,369.0,255.0,280.0,4,117,0.05790666006571993,0.0019299012546609249,0.6,/work3/arnaou/checkpoints/megnet_Pc_trial_1610_best_state.pt,"{'learning_rate': 0.0019299012546609249, 'lr_reduce': 0.6}",TPESampler,COMPLETE
1611,0.10521712899208069,2025-04-26 10:29:40.341013,2025-04-26 10:30:15.315321,0 days 00:00:34.974308,1,124,405,69.0,392.0,,3,120,0.19690012444990654,0.00235814832572352,0.6,/work3/arnaou/checkpoints/megnet_Pc_trial_1611_best_state.pt,"{'learning_rate': 0.00235814832572352, 'lr_reduce': 0.6}",TPESampler,COMPLETE
1612,0.1206243708729744,2025-04-26 10:29:52.857250,2025-04-26 10:30:14.253073,0 days 00:00:21.395823,1,46,301,420.0,,,2,119,0.07382198864905709,0.009194969498278924,0.6,/work3/arnaou/checkpoints/megnet_Pc_trial_1612_best_state.pt,"{'learning_rate': 0.009194969498278924, 'lr_reduce': 0.6}",TPESampler,COMPLETE
1613,0.4773115813732147,2025-04-26 10:29:59.182515,2025-04-26 10:30:11.009290,0 days 00:00:11.826775,2,80,370,305.0,,,2,122,0.23359597436973198,0.009027824479515329,0.6,/work3/arnaou/checkpoints/megnet_Pc_trial_1613_best_state.pt,"{'learning_rate': 0.009027824479515329, 'lr_reduce': 0.6}",TPESampler,COMPLETE
1614,0.12091685086488724,2025-04-26 10:30:11.216733,2025-04-26 10:30:42.730280,0 days 00:00:31.513547,1,66,214,358.0,,,2,110,0.19911876803046175,0.009278572069070571,0.6,/work3/arnaou/checkpoints/megnet_Pc_trial_1614_best_state.pt,"{'learning_rate': 0.009278572069070571, 'lr_reduce': 0.6}",TPESampler,COMPLETE
1615,0.1532718390226364,2025-04-26 10:30:14.519402,2025-04-26 10:30:34.771964,0 days 00:00:20.252562,1,36,418,446.0,,,2,94,0.2275583252784357,0.003592654518748779,0.6,/work3/arnaou/checkpoints/megnet_Pc_trial_1615_best_state.pt,"{'learning_rate': 0.003592654518748779, 'lr_reduce': 0.6}",TPESampler,COMPLETE
1616,0.1333457976579666,2025-04-26 10:30:15.880310,2025-04-26 10:30:53.882360,0 days 00:00:38.002050,1,52,311,398.0,313.0,235.0,4,60,0.16921258529671845,0.008234007215485197,0.6,/work3/arnaou/checkpoints/megnet_Pc_trial_1616_best_state.pt,"{'learning_rate': 0.008234007215485197, 'lr_reduce': 0.6}",TPESampler,COMPLETE
1617,0.16834668815135956,2025-04-26 10:30:35.004364,2025-04-26 10:31:02.975236,0 days 00:00:27.970872,1,32,481,,,,1,106,0.24604984492473458,0.003865764474120329,0.6,/work3/arnaou/checkpoints/megnet_Pc_trial_1617_best_state.pt,"{'learning_rate': 0.003865764474120329, 'lr_reduce': 0.6}",TPESampler,COMPLETE
1618,0.8868734240531921,2025-04-26 10:30:42.937871,2025-04-26 10:30:48.688336,0 days 00:00:05.750465,4,73,253,,,,1,59,0.02956241291216169,0.0001840711025859406,0.6,/work3/arnaou/checkpoints/megnet_Pc_trial_1618_best_state.pt,"{'learning_rate': 0.0001840711025859406, 'lr_reduce': 0.6}",TPESampler,COMPLETE
1619,0.1453942358493805,2025-04-26 10:30:49.097624,2025-04-26 10:31:21.863055,0 days 00:00:32.765431,1,64,144,221.0,430.0,,3,60,0.17630853153742862,0.0020293151422591353,0.6,/work3/arnaou/checkpoints/megnet_Pc_trial_1619_best_state.pt,"{'learning_rate': 0.0020293151422591353, 'lr_reduce': 0.6}",TPESampler,COMPLETE
1620,0.4525465965270996,2025-04-26 10:30:54.103568,2025-04-26 10:31:06.331033,0 days 00:00:12.227465,2,87,426,,,,1,120,0.038260739615835815,0.004604748306097656,0.6,/work3/arnaou/checkpoints/megnet_Pc_trial_1620_best_state.pt,"{'learning_rate': 0.004604748306097656, 'lr_reduce': 0.6}",TPESampler,COMPLETE
1621,0.13995438814163208,2025-04-26 10:31:03.190378,2025-04-26 10:31:25.912438,0 days 00:00:22.722060,1,39,215,123.0,,,2,126,0.05756615104900993,0.00655689197419297,0.6,/work3/arnaou/checkpoints/megnet_Pc_trial_1621_best_state.pt,"{'learning_rate': 0.00655689197419297, 'lr_reduce': 0.6}",TPESampler,COMPLETE
1622,0.15084317326545715,2025-04-26 10:31:06.536802,2025-04-26 10:31:39.382821,0 days 00:00:32.846019,2,88,233,277.0,,,2,128,0.23677176076849873,0.004997091971315549,0.6,/work3/arnaou/checkpoints/megnet_Pc_trial_1622_best_state.pt,"{'learning_rate': 0.004997091971315549, 'lr_reduce': 0.6}",TPESampler,COMPLETE
1623,0.08585740625858307,2025-04-26 10:31:22.093989,2025-04-26 10:31:57.969004,0 days 00:00:35.875015,1,93,484,342.0,,,2,38,0.24993071766957176,0.006013411476371733,0.6,/work3/arnaou/checkpoints/megnet_Pc_trial_1623_best_state.pt,"{'learning_rate': 0.006013411476371733, 'lr_reduce': 0.6}",TPESampler,COMPLETE
1624,0.25141048431396484,2025-04-26 10:31:26.156734,2025-04-26 10:31:34.888366,0 days 00:00:08.731632,1,54,288,414.0,345.0,,3,123,0.0360830882030722,0.0027130243903850217,0.6,/work3/arnaou/checkpoints/megnet_Pc_trial_1624_best_state.pt,"{'learning_rate': 0.0027130243903850217, 'lr_reduce': 0.6}",TPESampler,COMPLETE
1625,0.11724720895290375,2025-04-26 10:31:35.098075,2025-04-26 10:31:56.175048,0 days 00:00:21.076973,1,61,80,379.0,283.0,,3,126,0.026542381052836544,0.003974902473363041,0.6,/work3/arnaou/checkpoints/megnet_Pc_trial_1625_best_state.pt,"{'learning_rate': 0.003974902473363041, 'lr_reduce': 0.6}",TPESampler,COMPLETE
1626,0.8872811198234558,2025-04-26 10:31:39.600153,2025-04-26 10:31:45.862385,0 days 00:00:06.262232,3,36,81,468.0,399.0,345.0,4,42,0.2363147158498674,0.0005429763786201785,0.6,/work3/arnaou/checkpoints/megnet_Pc_trial_1626_best_state.pt,"{'learning_rate': 0.0005429763786201785, 'lr_reduce': 0.6}",TPESampler,COMPLETE
1627,0.1422833651304245,2025-04-26 10:31:46.065365,2025-04-26 10:32:03.054725,0 days 00:00:16.989360,1,34,264,261.0,332.0,158.0,4,77,0.16643635950238503,0.006947811393739385,0.6,/work3/arnaou/checkpoints/megnet_Pc_trial_1627_best_state.pt,"{'learning_rate': 0.006947811393739385, 'lr_reduce': 0.6}",TPESampler,COMPLETE
1628,0.14282344281673431,2025-04-26 10:31:56.394535,2025-04-26 10:32:32.534243,0 days 00:00:36.139708,2,99,469,,,,1,61,0.08206577021119331,0.0016266073081791462,0.6,/work3/arnaou/checkpoints/megnet_Pc_trial_1628_best_state.pt,"{'learning_rate': 0.0016266073081791462, 'lr_reduce': 0.6}",TPESampler,COMPLETE
1629,0.25213170051574707,2025-04-26 10:31:58.224891,2025-04-26 10:32:15.905178,0 days 00:00:17.680287,2,52,153,308.0,,,2,117,0.09347489567380435,0.006517958858702906,0.6,/work3/arnaou/checkpoints/megnet_Pc_trial_1629_best_state.pt,"{'learning_rate': 0.006517958858702906, 'lr_reduce': 0.6}",TPESampler,COMPLETE
1630,0.13519568741321564,2025-04-26 10:32:03.278189,2025-04-26 10:32:46.513970,0 days 00:00:43.235781,1,97,286,,,,1,108,0.20497412589716138,0.005883819741025871,0.6,/work3/arnaou/checkpoints/megnet_Pc_trial_1630_best_state.pt,"{'learning_rate': 0.005883819741025871, 'lr_reduce': 0.6}",TPESampler,COMPLETE
1631,0.1416623890399933,2025-04-26 10:32:16.434753,2025-04-26 10:32:44.965020,0 days 00:00:28.530267,1,61,225,414.0,,,2,110,0.14399054698302613,0.0017990136907551498,0.6,/work3/arnaou/checkpoints/megnet_Pc_trial_1631_best_state.pt,"{'learning_rate': 0.0017990136907551498, 'lr_reduce': 0.6}",TPESampler,COMPLETE
1632,0.16218653321266174,2025-04-26 10:32:32.942260,2025-04-26 10:33:10.217822,0 days 00:00:37.275562,2,71,142,,,,1,118,0.03328728042876499,0.009715446595751054,0.6,/work3/arnaou/checkpoints/megnet_Pc_trial_1632_best_state.pt,"{'learning_rate': 0.009715446595751054, 'lr_reduce': 0.6}",TPESampler,COMPLETE
1633,0.13879525661468506,2025-04-26 10:32:45.222807,2025-04-26 10:33:20.407723,0 days 00:00:35.184916,1,62,499,218.0,,,2,97,0.15373907469109468,0.006419661174388484,0.6,/work3/arnaou/checkpoints/megnet_Pc_trial_1633_best_state.pt,"{'learning_rate': 0.006419661174388484, 'lr_reduce': 0.6}",TPESampler,COMPLETE
1634,0.1334671527147293,2025-04-26 10:32:46.850160,2025-04-26 10:33:06.547814,0 days 00:00:19.697654,1,74,183,98.0,237.0,445.0,4,80,0.027500536600271297,0.0019478837851223218,0.6,/work3/arnaou/checkpoints/megnet_Pc_trial_1634_best_state.pt,"{'learning_rate': 0.0019478837851223218, 'lr_reduce': 0.6}",TPESampler,COMPLETE
1635,0.09146863222122192,2025-04-26 10:33:06.763805,2025-04-26 10:33:31.514992,0 days 00:00:24.751187,1,89,212,344.0,,,2,111,0.22397501984886875,0.004799725723922116,0.6,/work3/arnaou/checkpoints/megnet_Pc_trial_1635_best_state.pt,"{'learning_rate': 0.004799725723922116, 'lr_reduce': 0.6}",TPESampler,COMPLETE
1636,0.8867168426513672,2025-04-26 10:33:10.496474,2025-04-26 10:33:15.637637,0 days 00:00:05.141163,1,82,472,377.0,,,2,60,0.00711266724523496,0.00013452649666024214,0.6,/work3/arnaou/checkpoints/megnet_Pc_trial_1636_best_state.pt,"{'learning_rate': 0.00013452649666024214, 'lr_reduce': 0.6}",TPESampler,COMPLETE
1637,0.4203743636608124,2025-04-26 10:33:15.840041,2025-04-26 10:33:52.577884,0 days 00:00:36.737843,2,77,163,441.0,372.0,258.0,4,126,0.24463157992232604,0.0004498489417828908,0.6,/work3/arnaou/checkpoints/megnet_Pc_trial_1637_best_state.pt,"{'learning_rate': 0.0004498489417828908, 'lr_reduce': 0.6}",TPESampler,COMPLETE
1638,0.17425920069217682,2025-04-26 10:33:20.639489,2025-04-26 10:33:49.671495,0 days 00:00:29.032006,2,66,381,289.0,442.0,,3,80,0.18272292586946617,0.004129071241749716,0.6,/work3/arnaou/checkpoints/megnet_Pc_trial_1638_best_state.pt,"{'learning_rate': 0.004129071241749716, 'lr_reduce': 0.6}",TPESampler,COMPLETE
1639,0.09142667800188065,2025-04-26 10:33:31.749952,2025-04-26 10:34:10.824328,0 days 00:00:39.074376,1,80,115,131.0,,,2,122,0.027949615279448246,0.008286850079397478,0.6,/work3/arnaou/checkpoints/megnet_Pc_trial_1639_best_state.pt,"{'learning_rate': 0.008286850079397478, 'lr_reduce': 0.6}",TPESampler,COMPLETE
1640,0.10849957168102264,2025-04-26 10:33:49.916847,2025-04-26 10:34:26.846566,0 days 00:00:36.929719,1,56,510,386.0,,,2,91,0.21563334079168114,0.004263347643514909,0.6,/work3/arnaou/checkpoints/megnet_Pc_trial_1640_best_state.pt,"{'learning_rate': 0.004263347643514909, 'lr_reduce': 0.6}",TPESampler,COMPLETE
1641,0.12573112547397614,2025-04-26 10:33:52.791186,2025-04-26 10:34:13.491761,0 days 00:00:20.700575,2,50,80,,,,1,127,0.008683551905960495,0.0040116105148386766,0.6,/work3/arnaou/checkpoints/megnet_Pc_trial_1641_best_state.pt,"{'learning_rate': 0.0040116105148386766, 'lr_reduce': 0.6}",TPESampler,COMPLETE
1642,0.887374222278595,2025-04-26 10:34:11.039033,2025-04-26 10:34:16.381218,0 days 00:00:05.342185,3,120,421,,,,1,56,0.023595576551923153,0.0001647950295701513,0.6,/work3/arnaou/checkpoints/megnet_Pc_trial_1642_best_state.pt,"{'learning_rate': 0.0001647950295701513, 'lr_reduce': 0.6}",TPESampler,COMPLETE
1643,0.09253977984189987,2025-04-26 10:34:13.703946,2025-04-26 10:34:45.130300,0 days 00:00:31.426354,1,59,131,251.0,,,2,125,0.10440761485281319,0.009193079176149335,0.6,/work3/arnaou/checkpoints/megnet_Pc_trial_1643_best_state.pt,"{'learning_rate': 0.009193079176149335, 'lr_reduce': 0.6}",TPESampler,COMPLETE
1644,0.09585567563772202,2025-04-26 10:34:16.597185,2025-04-26 10:34:44.824752,0 days 00:00:28.227567,1,48,144,,,,1,79,0.10471308647578406,0.0066939521315671595,0.6,/work3/arnaou/checkpoints/megnet_Pc_trial_1644_best_state.pt,"{'learning_rate': 0.0066939521315671595, 'lr_reduce': 0.6}",TPESampler,COMPLETE
1645,0.1714709997177124,2025-04-26 10:34:27.071638,2025-04-26 10:35:03.356646,0 days 00:00:36.285008,2,42,437,326.0,,,2,69,0.22774667150103137,0.0028919923752098783,0.6,/work3/arnaou/checkpoints/megnet_Pc_trial_1645_best_state.pt,"{'learning_rate': 0.0028919923752098783, 'lr_reduce': 0.6}",TPESampler,COMPLETE
1646,0.07483301311731339,2025-04-26 10:34:45.077092,2025-04-26 10:35:21.432710,0 days 00:00:36.355618,1,54,400,486.0,,,2,87,0.18266553092156695,0.004554994600351863,0.6,/work3/arnaou/checkpoints/megnet_Pc_trial_1646_best_state.pt,"{'learning_rate': 0.004554994600351863, 'lr_reduce': 0.6}",TPESampler,COMPLETE
1647,0.12953528761863708,2025-04-26 10:34:45.479852,2025-04-26 10:35:17.914679,0 days 00:00:32.434827,2,47,223,424.0,,,2,116,0.042434541597645106,0.005068482381124578,0.6,/work3/arnaou/checkpoints/megnet_Pc_trial_1647_best_state.pt,"{'learning_rate': 0.005068482381124578, 'lr_reduce': 0.6}",TPESampler,COMPLETE
1648,0.12196999043226242,2025-04-26 10:35:03.578621,2025-04-26 10:35:28.892502,0 days 00:00:25.313881,1,67,88,216.0,,,2,127,0.042092572267582784,0.005127247027579329,0.6,/work3/arnaou/checkpoints/megnet_Pc_trial_1648_best_state.pt,"{'learning_rate': 0.005127247027579329, 'lr_reduce': 0.6}",TPESampler,COMPLETE
1649,0.14630000293254852,2025-04-26 10:35:18.320060,2025-04-26 10:35:50.225328,0 days 00:00:31.905268,1,61,239,369.0,,,2,101,0.0856205608171188,0.003567176402321123,0.6,/work3/arnaou/checkpoints/megnet_Pc_trial_1649_best_state.pt,"{'learning_rate': 0.003567176402321123, 'lr_reduce': 0.6}",TPESampler,COMPLETE
1650,0.2521664798259735,2025-04-26 10:35:21.695995,2025-04-26 10:36:04.033021,0 days 00:00:42.337026,2,117,91,491.0,,,2,76,0.012003147250831625,0.008232614928581771,0.6,/work3/arnaou/checkpoints/megnet_Pc_trial_1650_best_state.pt,"{'learning_rate': 0.008232614928581771, 'lr_reduce': 0.6}",TPESampler,COMPLETE
1651,0.11040788143873215,2025-04-26 10:35:29.132253,2025-04-26 10:36:08.165978,0 days 00:00:39.033725,1,124,481,463.0,288.0,70.0,4,37,0.017855647939723218,0.001387112143482372,0.6,/work3/arnaou/checkpoints/megnet_Pc_trial_1651_best_state.pt,"{'learning_rate': 0.001387112143482372, 'lr_reduce': 0.6}",TPESampler,COMPLETE
1652,0.8870767951011658,2025-04-26 10:35:50.479359,2025-04-26 10:35:56.370190,0 days 00:00:05.890831,4,43,88,508.0,336.0,,3,52,0.097293217299242,0.0002789784226733953,0.6,/work3/arnaou/checkpoints/megnet_Pc_trial_1652_best_state.pt,"{'learning_rate': 0.0002789784226733953, 'lr_reduce': 0.6}",TPESampler,COMPLETE
