number,value,datetime_start,datetime_complete,duration,params_depth,params_edge_hidden_dim,params_mlp_dim_00,params_mlp_dim_01,params_mlp_dim_02,params_mlp_dim_03,params_mlp_n_layers,params_node_hidden_dim,params_rep_dropout,params_train_learning_rate,params_train_lr_reduce,user_attrs_best_state_dict_path,user_attrs_training_params,system_attrs_auto:sampler,state
137,0.8865407705307007,2025-04-26 07:27:09.246947,2025-04-26 07:27:14.983333,0 days 00:00:05.736386,3,40,508,116.0,,,2,52,0.02557299523556683,0.00018645157243158916,0.6,/work3/arnaou/checkpoints/megnet_Pc_trial_137_best_state.pt,"{'learning_rate': 0.00018645157243158916, 'lr_reduce': 0.6}",TPESampler,COMPLETE
138,0.3306005299091339,2025-04-26 07:27:13.252457,2025-04-26 07:27:20.714132,0 days 00:00:07.461675,1,119,190,179.0,341.0,,3,120,0.18185942866398375,0.005608980121186081,0.6,/work3/arnaou/checkpoints/megnet_Pc_trial_138_best_state.pt,"{'learning_rate': 0.005608980121186081, 'lr_reduce': 0.6}",TPESampler,COMPLETE
139,0.1383366882801056,2025-04-26 07:27:15.142463,2025-04-26 07:27:45.743011,0 days 00:00:30.600548,1,63,508,,,,1,125,0.2409872408756985,0.003855018695685664,0.6,/work3/arnaou/checkpoints/megnet_Pc_trial_139_best_state.pt,"{'learning_rate': 0.003855018695685664, 'lr_reduce': 0.6}",TPESampler,COMPLETE
140,0.08379799127578735,2025-04-26 07:27:20.863243,2025-04-26 07:27:45.223771,0 days 00:00:24.360528,1,57,485,259.0,,,2,119,0.20068404440532847,0.00907208197899606,0.6,/work3/arnaou/checkpoints/megnet_Pc_trial_140_best_state.pt,"{'learning_rate': 0.00907208197899606, 'lr_reduce': 0.6}",TPESampler,COMPLETE
141,0.8866263628005981,2025-04-26 07:27:44.151638,2025-04-26 07:27:53.813302,0 days 00:00:09.661664,3,117,243,220.0,151.0,67.0,4,55,0.24763374389308532,0.00011962713429060733,0.6,/work3/arnaou/checkpoints/megnet_Pc_trial_141_best_state.pt,"{'learning_rate': 0.00011962713429060733, 'lr_reduce': 0.6}",TPESampler,COMPLETE
142,0.1407734453678131,2025-04-26 07:27:45.569140,2025-04-26 07:28:08.931963,0 days 00:00:23.362823,1,34,325,,,,1,124,0.17530203059504493,0.002377154001824436,0.6,/work3/arnaou/checkpoints/megnet_Pc_trial_142_best_state.pt,"{'learning_rate': 0.002377154001824436, 'lr_reduce': 0.6}",TPESampler,COMPLETE
143,0.16517691314220428,2025-04-26 07:27:46.069222,2025-04-26 07:28:21.116980,0 days 00:00:35.047758,1,41,490,,,,1,125,0.21751662794643092,0.008527915320015185,0.6,/work3/arnaou/checkpoints/megnet_Pc_trial_143_best_state.pt,"{'learning_rate': 0.008527915320015185, 'lr_reduce': 0.6}",TPESampler,COMPLETE
144,0.08827631175518036,2025-04-26 07:27:54.336625,2025-04-26 07:28:28.624884,0 days 00:00:34.288259,1,54,442,288.0,374.0,,3,127,0.16988350801727975,0.007009285604542706,0.6,/work3/arnaou/checkpoints/megnet_Pc_trial_144_best_state.pt,"{'learning_rate': 0.007009285604542706, 'lr_reduce': 0.6}",TPESampler,COMPLETE
145,0.19949647784233093,2025-04-26 07:28:09.097375,2025-04-26 07:28:39.648639,0 days 00:00:30.551264,2,67,126,,,,1,54,0.01732896463316147,0.008138484439720532,0.6,/work3/arnaou/checkpoints/megnet_Pc_trial_145_best_state.pt,"{'learning_rate': 0.008138484439720532, 'lr_reduce': 0.6}",TPESampler,COMPLETE
146,0.25921696424484253,2025-04-26 07:28:21.281981,2025-04-26 07:28:42.438419,0 days 00:00:21.156438,3,82,67,261.0,436.0,172.0,4,110,0.21832735389260796,0.00458994543720256,0.6,/work3/arnaou/checkpoints/megnet_Pc_trial_146_best_state.pt,"{'learning_rate': 0.00458994543720256, 'lr_reduce': 0.6}",TPESampler,COMPLETE
147,0.13604912161827087,2025-04-26 07:28:28.948484,2025-04-26 07:28:46.885537,0 days 00:00:17.937053,2,56,488,313.0,343.0,,3,128,0.16492606910435292,0.007416313781537748,0.6,/work3/arnaou/checkpoints/megnet_Pc_trial_147_best_state.pt,"{'learning_rate': 0.007416313781537748, 'lr_reduce': 0.6}",TPESampler,COMPLETE
148,0.11922410130500793,2025-04-26 07:28:39.801824,2025-04-26 07:29:06.853162,0 days 00:00:27.051338,1,75,458,318.0,,,2,107,0.16652741359362325,0.007353148448148401,0.6,/work3/arnaou/checkpoints/megnet_Pc_trial_148_best_state.pt,"{'learning_rate': 0.007353148448148401, 'lr_reduce': 0.6}",TPESampler,COMPLETE
149,0.16242742538452148,2025-04-26 07:28:42.608717,2025-04-26 07:29:00.405833,0 days 00:00:17.797116,1,64,447,285.0,366.0,,3,122,0.16040855859513709,0.0045862513974906345,0.6,/work3/arnaou/checkpoints/megnet_Pc_trial_149_best_state.pt,"{'learning_rate': 0.0045862513974906345, 'lr_reduce': 0.6}",TPESampler,COMPLETE
150,0.11965971440076828,2025-04-26 07:28:47.018811,2025-04-26 07:29:27.387203,0 days 00:00:40.368392,2,54,490,347.0,,,2,114,0.21421949038692117,0.008204952933011057,0.6,/work3/arnaou/checkpoints/megnet_Pc_trial_150_best_state.pt,"{'learning_rate': 0.008204952933011057, 'lr_reduce': 0.6}",TPESampler,COMPLETE
151,0.8871194124221802,2025-04-26 07:29:00.558487,2025-04-26 07:29:05.709161,0 days 00:00:05.150674,2,100,332,274.0,370.0,507.0,4,84,0.037977930139120264,0.00046722124927198655,0.6,/work3/arnaou/checkpoints/megnet_Pc_trial_151_best_state.pt,"{'learning_rate': 0.00046722124927198655, 'lr_reduce': 0.6}",TPESampler,COMPLETE
152,0.2776035964488983,2025-04-26 07:29:05.858384,2025-04-26 07:29:20.677397,0 days 00:00:14.819013,2,116,345,268.0,,,2,84,0.22119692813205571,0.0025659941182228268,0.6,/work3/arnaou/checkpoints/megnet_Pc_trial_152_best_state.pt,"{'learning_rate': 0.0025659941182228268, 'lr_reduce': 0.6}",TPESampler,COMPLETE
153,0.10560162365436554,2025-04-26 07:29:07.000448,2025-04-26 07:29:29.753028,0 days 00:00:22.752580,1,58,503,230.0,,,2,106,0.22833782746508235,0.007869912749269785,0.6,/work3/arnaou/checkpoints/megnet_Pc_trial_153_best_state.pt,"{'learning_rate': 0.007869912749269785, 'lr_reduce': 0.6}",TPESampler,COMPLETE
154,0.5203291773796082,2025-04-26 07:29:20.833674,2025-04-26 07:29:27.573542,0 days 00:00:06.739868,1,53,301,236.0,395.0,370.0,4,112,0.13793325089279668,0.009773598016925372,0.6,/work3/arnaou/checkpoints/megnet_Pc_trial_154_best_state.pt,"{'learning_rate': 0.009773598016925372, 'lr_reduce': 0.6}",TPESampler,COMPLETE
155,0.37412866950035095,2025-04-26 07:29:27.539193,2025-04-26 07:29:49.262970,0 days 00:00:21.723777,1,128,402,158.0,,,2,123,0.1653657445214741,0.004580490435148595,0.6,/work3/arnaou/checkpoints/megnet_Pc_trial_155_best_state.pt,"{'learning_rate': 0.004580490435148595, 'lr_reduce': 0.6}",TPESampler,COMPLETE
156,0.10909449309110641,2025-04-26 07:29:27.699777,2025-04-26 07:29:47.855708,0 days 00:00:20.155931,1,44,407,247.0,,,2,124,0.16862720422331565,0.0060714270445172795,0.6,/work3/arnaou/checkpoints/megnet_Pc_trial_156_best_state.pt,"{'learning_rate': 0.0060714270445172795, 'lr_reduce': 0.6}",TPESampler,COMPLETE
157,0.16602963209152222,2025-04-26 07:29:29.927882,2025-04-26 07:29:51.586130,0 days 00:00:21.658248,1,34,421,202.0,290.0,,3,113,0.16838019129101311,0.00691490526752463,0.6,/work3/arnaou/checkpoints/megnet_Pc_trial_157_best_state.pt,"{'learning_rate': 0.00691490526752463, 'lr_reduce': 0.6}",TPESampler,COMPLETE
158,0.8863310217857361,2025-04-26 07:29:48.015593,2025-04-26 07:29:54.276225,0 days 00:00:06.260632,1,41,270,271.0,404.0,232.0,4,116,0.0380788202425735,0.00010795195647721253,0.6,/work3/arnaou/checkpoints/megnet_Pc_trial_158_best_state.pt,"{'learning_rate': 0.00010795195647721253, 'lr_reduce': 0.6}",TPESampler,COMPLETE
159,0.08181460946798325,2025-04-26 07:29:49.421309,2025-04-26 07:30:20.081303,0 days 00:00:30.659994,1,36,379,186.0,,,2,123,0.20914199754482826,0.005106385713176857,0.6,/work3/arnaou/checkpoints/megnet_Pc_trial_159_best_state.pt,"{'learning_rate': 0.005106385713176857, 'lr_reduce': 0.6}",TPESampler,COMPLETE
160,0.16937440633773804,2025-04-26 07:29:51.730732,2025-04-26 07:30:15.476566,0 days 00:00:23.745834,1,55,379,267.0,439.0,,3,117,0.2115374778561867,0.0025920632769765276,0.6,/work3/arnaou/checkpoints/megnet_Pc_trial_160_best_state.pt,"{'learning_rate': 0.0025920632769765276, 'lr_reduce': 0.6}",TPESampler,COMPLETE
161,0.08548233658075333,2025-04-26 07:29:54.475862,2025-04-26 07:30:23.928958,0 days 00:00:29.453096,1,106,318,115.0,,,2,108,0.20141624642701694,0.005067995843033441,0.6,/work3/arnaou/checkpoints/megnet_Pc_trial_161_best_state.pt,"{'learning_rate': 0.005067995843033441, 'lr_reduce': 0.6}",TPESampler,COMPLETE
162,0.17954771220684052,2025-04-26 07:30:15.636108,2025-04-26 07:30:43.545871,0 days 00:00:27.909763,1,66,468,211.0,382.0,,3,111,0.23403711389238582,0.000618049119359942,0.6,/work3/arnaou/checkpoints/megnet_Pc_trial_162_best_state.pt,"{'learning_rate': 0.000618049119359942, 'lr_reduce': 0.6}",TPESampler,COMPLETE
163,0.12668441236019135,2025-04-26 07:30:20.233572,2025-04-26 07:30:48.706948,0 days 00:00:28.473376,1,40,342,166.0,,,2,124,0.19844303173460875,0.005563381046145686,0.6,/work3/arnaou/checkpoints/megnet_Pc_trial_163_best_state.pt,"{'learning_rate': 0.005563381046145686, 'lr_reduce': 0.6}",TPESampler,COMPLETE
164,0.7880412936210632,2025-04-26 07:30:24.094505,2025-04-26 07:30:30.568156,0 days 00:00:06.473651,2,84,293,91.0,455.0,,3,128,0.20120221778543695,0.006717388066678752,0.6,/work3/arnaou/checkpoints/megnet_Pc_trial_164_best_state.pt,"{'learning_rate': 0.006717388066678752, 'lr_reduce': 0.6}",TPESampler,COMPLETE
165,0.11762479692697525,2025-04-26 07:30:30.706932,2025-04-26 07:30:51.573102,0 days 00:00:20.866170,1,75,342,,,,1,123,0.2460025802248239,0.009445457723186132,0.6,/work3/arnaou/checkpoints/megnet_Pc_trial_165_best_state.pt,"{'learning_rate': 0.009445457723186132, 'lr_reduce': 0.6}",TPESampler,COMPLETE
166,0.09569820761680603,2025-04-26 07:30:43.689415,2025-04-26 07:31:15.923176,0 days 00:00:32.233761,1,80,304,96.0,,,2,105,0.1989378396652659,0.007140085002578602,0.6,/work3/arnaou/checkpoints/megnet_Pc_trial_166_best_state.pt,"{'learning_rate': 0.007140085002578602, 'lr_reduce': 0.6}",TPESampler,COMPLETE
167,0.1413160115480423,2025-04-26 07:30:48.856404,2025-04-26 07:31:16.358022,0 days 00:00:27.501618,1,103,280,121.0,,,2,112,0.18590189249816416,0.00628313879091001,0.6,/work3/arnaou/checkpoints/megnet_Pc_trial_167_best_state.pt,"{'learning_rate': 0.00628313879091001, 'lr_reduce': 0.6}",TPESampler,COMPLETE
168,0.180692657828331,2025-04-26 07:30:51.738846,2025-04-26 07:31:08.077911,0 days 00:00:16.339065,1,112,418,142.0,,,2,104,0.22017890474735366,0.003834871041524176,0.6,/work3/arnaou/checkpoints/megnet_Pc_trial_168_best_state.pt,"{'learning_rate': 0.003834871041524176, 'lr_reduce': 0.6}",TPESampler,COMPLETE
169,0.886355996131897,2025-04-26 07:31:08.381857,2025-04-26 07:31:15.644486,0 days 00:00:07.262629,2,115,69,151.0,388.0,315.0,4,55,0.0743572765508289,0.00012072253858187537,0.6,/work3/arnaou/checkpoints/megnet_Pc_trial_169_best_state.pt,"{'learning_rate': 0.00012072253858187537, 'lr_reduce': 0.6}",TPESampler,COMPLETE
170,0.15190987288951874,2025-04-26 07:31:15.804441,2025-04-26 07:31:39.883156,0 days 00:00:24.078715,1,74,297,89.0,,,2,93,0.1863602469309966,0.003174608481026871,0.6,/work3/arnaou/checkpoints/megnet_Pc_trial_170_best_state.pt,"{'learning_rate': 0.003174608481026871, 'lr_reduce': 0.6}",TPESampler,COMPLETE
171,0.4533740282058716,2025-04-26 07:31:16.089253,2025-04-26 07:31:24.881885,0 days 00:00:08.792632,1,90,117,65.0,274.0,,3,125,0.18266167984609746,0.009515968510852419,0.6,/work3/arnaou/checkpoints/megnet_Pc_trial_171_best_state.pt,"{'learning_rate': 0.009515968510852419, 'lr_reduce': 0.6}",TPESampler,COMPLETE
172,0.11370331794023514,2025-04-26 07:31:16.486514,2025-04-26 07:31:43.509102,0 days 00:00:27.022588,1,107,309,,,,1,97,0.1855576768386029,0.005046191033550776,0.6,/work3/arnaou/checkpoints/megnet_Pc_trial_172_best_state.pt,"{'learning_rate': 0.005046191033550776, 'lr_reduce': 0.6}",TPESampler,COMPLETE
173,0.19784046709537506,2025-04-26 07:31:25.038359,2025-04-26 07:31:45.679207,0 days 00:00:20.640848,1,119,346,118.0,,,2,100,0.2430961116306127,0.0007977559809518594,0.6,/work3/arnaou/checkpoints/megnet_Pc_trial_173_best_state.pt,"{'learning_rate': 0.0007977559809518594, 'lr_reduce': 0.6}",TPESampler,COMPLETE
174,0.8868786096572876,2025-04-26 07:31:40.069353,2025-04-26 07:31:44.561867,0 days 00:00:04.492514,3,61,507,,,,1,35,0.10834771993628475,0.0011760782898575343,0.6,/work3/arnaou/checkpoints/megnet_Pc_trial_174_best_state.pt,"{'learning_rate': 0.0011760782898575343, 'lr_reduce': 0.6}",TPESampler,COMPLETE
175,0.11740000545978546,2025-04-26 07:31:43.667101,2025-04-26 07:32:11.590080,0 days 00:00:27.922979,1,87,455,122.0,494.0,437.0,4,114,0.24080118662217065,0.0032201344959959612,0.6,/work3/arnaou/checkpoints/megnet_Pc_trial_175_best_state.pt,"{'learning_rate': 0.0032201344959959612, 'lr_reduce': 0.6}",TPESampler,COMPLETE
176,0.478000670671463,2025-04-26 07:31:44.751675,2025-04-26 07:31:59.771469,0 days 00:00:15.019794,2,77,334,164.0,,,2,95,0.18706743781970359,0.007435269712554985,0.6,/work3/arnaou/checkpoints/megnet_Pc_trial_176_best_state.pt,"{'learning_rate': 0.007435269712554985, 'lr_reduce': 0.6}",TPESampler,COMPLETE
177,0.15389323234558105,2025-04-26 07:31:45.857435,2025-04-26 07:32:06.417765,0 days 00:00:20.560330,1,98,206,176.0,,,2,86,0.2334859717250341,0.004920727614657151,0.6,/work3/arnaou/checkpoints/megnet_Pc_trial_177_best_state.pt,"{'learning_rate': 0.004920727614657151, 'lr_reduce': 0.6}",TPESampler,COMPLETE
178,0.1413753777742386,2025-04-26 07:31:59.932782,2025-04-26 07:32:22.068342,0 days 00:00:22.135560,2,88,278,99.0,,,2,112,0.23362714274677182,0.008255175976653187,0.6,/work3/arnaou/checkpoints/megnet_Pc_trial_178_best_state.pt,"{'learning_rate': 0.008255175976653187, 'lr_reduce': 0.6}",TPESampler,COMPLETE
179,0.15557101368904114,2025-04-26 07:32:06.591439,2025-04-26 07:32:26.117979,0 days 00:00:19.526540,1,38,327,193.0,433.0,141.0,4,125,0.1978912735827762,0.00803196733613251,0.6,/work3/arnaou/checkpoints/megnet_Pc_trial_179_best_state.pt,"{'learning_rate': 0.00803196733613251, 'lr_reduce': 0.6}",TPESampler,COMPLETE
180,0.09071284532546997,2025-04-26 07:32:11.922280,2025-04-26 07:32:34.175668,0 days 00:00:22.253388,1,57,396,291.0,,,2,121,0.221706846393119,0.007136106502259825,0.6,/work3/arnaou/checkpoints/megnet_Pc_trial_180_best_state.pt,"{'learning_rate': 0.007136106502259825, 'lr_reduce': 0.6}",TPESampler,COMPLETE
181,0.10296522080898285,2025-04-26 07:32:22.241252,2025-04-26 07:32:39.216281,0 days 00:00:16.975029,1,45,463,225.0,509.0,419.0,4,122,0.10886313175322096,0.004730120711960683,0.6,/work3/arnaou/checkpoints/megnet_Pc_trial_181_best_state.pt,"{'learning_rate': 0.004730120711960683, 'lr_reduce': 0.6}",TPESampler,COMPLETE
182,0.16642500460147858,2025-04-26 07:32:26.274235,2025-04-26 07:32:44.627270,0 days 00:00:18.353035,1,108,332,132.0,,,2,95,0.22539576337924225,0.0025281732524821935,0.6,/work3/arnaou/checkpoints/megnet_Pc_trial_182_best_state.pt,"{'learning_rate': 0.0025281732524821935, 'lr_reduce': 0.6}",TPESampler,COMPLETE
183,0.10913937538862228,2025-04-26 07:32:34.318342,2025-04-26 07:33:04.486294,0 days 00:00:30.167952,1,52,442,306.0,,,2,121,0.20234888602065726,0.00950141615710296,0.6,/work3/arnaou/checkpoints/megnet_Pc_trial_183_best_state.pt,"{'learning_rate': 0.00950141615710296, 'lr_reduce': 0.6}",TPESampler,COMPLETE
184,0.21635030210018158,2025-04-26 07:32:39.382700,2025-04-26 07:33:00.047694,0 days 00:00:20.664994,2,127,312,321.0,,,2,111,0.20594687691723315,0.00503143998883444,0.6,/work3/arnaou/checkpoints/megnet_Pc_trial_184_best_state.pt,"{'learning_rate': 0.00503143998883444, 'lr_reduce': 0.6}",TPESampler,COMPLETE
185,0.887241542339325,2025-04-26 07:32:44.903931,2025-04-26 07:32:52.547266,0 days 00:00:07.643335,4,100,413,281.0,374.0,,3,33,0.2023905626115297,0.0005595849361793455,0.6,/work3/arnaou/checkpoints/megnet_Pc_trial_185_best_state.pt,"{'learning_rate': 0.0005595849361793455, 'lr_reduce': 0.6}",TPESampler,COMPLETE
186,0.8868209719657898,2025-04-26 07:32:52.715674,2025-04-26 07:32:58.575994,0 days 00:00:05.860320,3,88,365,,,,1,80,0.005358025141211226,0.0006626355181666101,0.6,/work3/arnaou/checkpoints/megnet_Pc_trial_186_best_state.pt,"{'learning_rate': 0.0006626355181666101, 'lr_reduce': 0.6}",TPESampler,COMPLETE
187,0.09441917389631271,2025-04-26 07:32:58.718571,2025-04-26 07:33:15.054794,0 days 00:00:16.336223,1,67,480,267.0,434.0,,3,123,0.19546636450564753,0.005994200485520582,0.6,/work3/arnaou/checkpoints/megnet_Pc_trial_187_best_state.pt,"{'learning_rate': 0.005994200485520582, 'lr_reduce': 0.6}",TPESampler,COMPLETE
188,0.12269554287195206,2025-04-26 07:33:00.219580,2025-04-26 07:33:30.961139,0 days 00:00:30.741559,1,107,291,263.0,,,2,117,0.22795651925951194,0.0038334034689619053,0.6,/work3/arnaou/checkpoints/megnet_Pc_trial_188_best_state.pt,"{'learning_rate': 0.0038334034689619053, 'lr_reduce': 0.6}",TPESampler,COMPLETE
189,0.885732114315033,2025-04-26 07:33:04.645878,2025-04-26 07:33:11.161305,0 days 00:00:06.515427,1,46,97,203.0,,,2,63,0.22500362721388648,0.00015746780049039812,0.6,/work3/arnaou/checkpoints/megnet_Pc_trial_189_best_state.pt,"{'learning_rate': 0.00015746780049039812, 'lr_reduce': 0.6}",TPESampler,COMPLETE
190,0.16933825612068176,2025-04-26 07:33:11.326154,2025-04-26 07:33:40.135164,0 days 00:00:28.809010,1,69,389,350.0,436.0,,3,128,0.14521379393431477,0.009305005045684595,0.6,/work3/arnaou/checkpoints/megnet_Pc_trial_190_best_state.pt,"{'learning_rate': 0.009305005045684595, 'lr_reduce': 0.6}",TPESampler,COMPLETE
191,0.8866167664527893,2025-04-26 07:33:15.210366,2025-04-26 07:33:20.418302,0 days 00:00:05.207936,3,43,217,276.0,352.0,,3,122,0.12942143217635835,0.0004142487750848259,0.6,/work3/arnaou/checkpoints/megnet_Pc_trial_191_best_state.pt,"{'learning_rate': 0.0004142487750848259, 'lr_reduce': 0.6}",TPESampler,COMPLETE
192,0.18473464250564575,2025-04-26 07:33:20.577738,2025-04-26 07:33:43.539892,0 days 00:00:22.962154,1,72,464,174.0,,,2,127,0.189819047314906,0.007641737998962577,0.6,/work3/arnaou/checkpoints/megnet_Pc_trial_192_best_state.pt,"{'learning_rate': 0.007641737998962577, 'lr_reduce': 0.6}",TPESampler,COMPLETE
193,0.08191091567277908,2025-04-26 07:33:31.139096,2025-04-26 07:34:03.248298,0 days 00:00:32.109202,1,44,378,288.0,,,2,125,0.23083295895609474,0.006980678879137397,0.6,/work3/arnaou/checkpoints/megnet_Pc_trial_193_best_state.pt,"{'learning_rate': 0.006980678879137397, 'lr_reduce': 0.6}",TPESampler,COMPLETE
194,0.09523183107376099,2025-04-26 07:33:40.301813,2025-04-26 07:34:03.755961,0 days 00:00:23.454148,1,64,440,256.0,439.0,,3,124,0.22644941197849067,0.006021176149147936,0.6,/work3/arnaou/checkpoints/megnet_Pc_trial_194_best_state.pt,"{'learning_rate': 0.006021176149147936, 'lr_reduce': 0.6}",TPESampler,COMPLETE
195,0.8871314525604248,2025-04-26 07:33:43.736985,2025-04-26 07:33:49.241139,0 days 00:00:05.504154,2,85,319,255.0,,,2,46,0.2200502623141539,0.00011020655676031097,0.6,/work3/arnaou/checkpoints/megnet_Pc_trial_195_best_state.pt,"{'learning_rate': 0.00011020655676031097, 'lr_reduce': 0.6}",TPESampler,COMPLETE
196,0.11971600353717804,2025-04-26 07:33:49.413109,2025-04-26 07:34:07.704523,0 days 00:00:18.291414,1,55,448,241.0,441.0,267.0,4,101,0.20290182097838183,0.004259976508427739,0.6,/work3/arnaou/checkpoints/megnet_Pc_trial_196_best_state.pt,"{'learning_rate': 0.004259976508427739, 'lr_reduce': 0.6}",TPESampler,COMPLETE
197,0.12388290464878082,2025-04-26 07:34:03.419835,2025-04-26 07:34:25.864368,0 days 00:00:22.444533,1,32,480,331.0,429.0,,3,122,0.2385392104465004,0.008158833434650589,0.6,/work3/arnaou/checkpoints/megnet_Pc_trial_197_best_state.pt,"{'learning_rate': 0.008158833434650589, 'lr_reduce': 0.6}",TPESampler,COMPLETE
198,0.36865901947021484,2025-04-26 07:34:03.910885,2025-04-26 07:34:21.339203,0 days 00:00:17.428318,1,63,470,288.0,404.0,,3,128,0.22946051130739725,0.0077411456938448146,0.6,/work3/arnaou/checkpoints/megnet_Pc_trial_198_best_state.pt,"{'learning_rate': 0.0077411456938448146, 'lr_reduce': 0.6}",TPESampler,COMPLETE
199,0.09832308441400528,2025-04-26 07:34:07.885111,2025-04-26 07:34:30.106556,0 days 00:00:22.221445,1,45,374,293.0,,,2,121,0.24490885155489964,0.007992226898731218,0.6,/work3/arnaou/checkpoints/megnet_Pc_trial_199_best_state.pt,"{'learning_rate': 0.007992226898731218, 'lr_reduce': 0.6}",TPESampler,COMPLETE
200,0.1268644630908966,2025-04-26 07:34:21.504576,2025-04-26 07:34:46.993248,0 days 00:00:25.488672,1,66,415,274.0,465.0,,3,97,0.23739638979117283,0.008246644922000756,0.6,/work3/arnaou/checkpoints/megnet_Pc_trial_200_best_state.pt,"{'learning_rate': 0.008246644922000756, 'lr_reduce': 0.6}",TPESampler,COMPLETE
201,0.8868203163146973,2025-04-26 07:34:26.028232,2025-04-26 07:34:32.130634,0 days 00:00:06.102402,4,51,396,236.0,406.0,512.0,4,86,0.03417458357807776,0.0002530741113902719,0.6,/work3/arnaou/checkpoints/megnet_Pc_trial_201_best_state.pt,"{'learning_rate': 0.0002530741113902719, 'lr_reduce': 0.6}",TPESampler,COMPLETE
202,0.11814141273498535,2025-04-26 07:34:30.260594,2025-04-26 07:34:53.601540,0 days 00:00:23.340946,1,95,477,303.0,497.0,,3,112,0.17288853343023297,0.0020392002509338433,0.6,/work3/arnaou/checkpoints/megnet_Pc_trial_202_best_state.pt,"{'learning_rate': 0.0020392002509338433, 'lr_reduce': 0.6}",TPESampler,COMPLETE
203,0.1088457703590393,2025-04-26 07:34:32.288541,2025-04-26 07:35:03.805344,0 days 00:00:31.516803,1,95,259,232.0,391.0,,3,88,0.17169231977609586,0.009951039977891898,0.6,/work3/arnaou/checkpoints/megnet_Pc_trial_203_best_state.pt,"{'learning_rate': 0.009951039977891898, 'lr_reduce': 0.6}",TPESampler,COMPLETE
204,0.14783310890197754,2025-04-26 07:34:47.146801,2025-04-26 07:35:08.245282,0 days 00:00:21.098481,1,59,477,199.0,458.0,,3,121,0.17870544192146434,0.00411616160747944,0.6,/work3/arnaou/checkpoints/megnet_Pc_trial_204_best_state.pt,"{'learning_rate': 0.00411616160747944, 'lr_reduce': 0.6}",TPESampler,COMPLETE
205,0.5690089464187622,2025-04-26 07:34:53.763069,2025-04-26 07:35:06.381558,0 days 00:00:12.618489,1,81,328,271.0,,,2,101,0.17924824914219256,0.009988886645733637,0.6,/work3/arnaou/checkpoints/megnet_Pc_trial_205_best_state.pt,"{'learning_rate': 0.009988886645733637, 'lr_reduce': 0.6}",TPESampler,COMPLETE
