number,value,datetime_start,datetime_complete,duration,params_depth,params_edge_hidden_dim,params_mlp_dim_00,params_mlp_dim_01,params_mlp_dim_02,params_mlp_dim_03,params_mlp_n_layers,params_node_hidden_dim,params_rep_dropout,params_train_learning_rate,params_train_lr_reduce,user_attrs_best_state_dict_path,user_attrs_training_params,system_attrs_auto:sampler,state
413,0.16639511287212372,2025-04-26 08:00:05.515706,2025-04-26 08:00:39.864520,0 days 00:00:34.348814,1,85,364,,,,1,52,0.09644223824457838,0.00046106208492869454,0.6,/work3/arnaou/checkpoints/megnet_Pc_trial_413_best_state.pt,"{'learning_rate': 0.00046106208492869454, 'lr_reduce': 0.6}",TPESampler,COMPLETE
414,0.13054077327251434,2025-04-26 08:00:16.880756,2025-04-26 08:00:48.683307,0 days 00:00:31.802551,1,125,323,329.0,,,2,99,0.012755560658580273,0.0008294195326730405,0.6,/work3/arnaou/checkpoints/megnet_Pc_trial_414_best_state.pt,"{'learning_rate': 0.0008294195326730405, 'lr_reduce': 0.6}",TPESampler,COMPLETE
415,0.10727463662624359,2025-04-26 08:00:35.510381,2025-04-26 08:01:06.510831,0 days 00:00:31.000450,1,44,507,,,,1,96,0.23406585428231383,0.007175366869792771,0.6,/work3/arnaou/checkpoints/megnet_Pc_trial_415_best_state.pt,"{'learning_rate': 0.007175366869792771, 'lr_reduce': 0.6}",TPESampler,COMPLETE
416,0.17179177701473236,2025-04-26 08:00:40.021383,2025-04-26 08:01:15.328250,0 days 00:00:35.306867,2,32,407,222.0,,,2,65,0.17856026477892986,0.006910966141732468,0.6,/work3/arnaou/checkpoints/megnet_Pc_trial_416_best_state.pt,"{'learning_rate': 0.006910966141732468, 'lr_reduce': 0.6}",TPESampler,COMPLETE
417,0.15670208632946014,2025-04-26 08:00:48.854847,2025-04-26 08:01:13.692202,0 days 00:00:24.837355,1,43,495,383.0,,,2,86,0.17689729197617501,0.009728040020125525,0.6,/work3/arnaou/checkpoints/megnet_Pc_trial_417_best_state.pt,"{'learning_rate': 0.009728040020125525, 'lr_reduce': 0.6}",TPESampler,COMPLETE
418,0.8869706392288208,2025-04-26 08:01:06.668731,2025-04-26 08:01:13.328752,0 days 00:00:06.660021,3,96,203,287.0,,,2,58,0.007584713230129686,0.00012130682499261031,0.6,/work3/arnaou/checkpoints/megnet_Pc_trial_418_best_state.pt,"{'learning_rate': 0.00012130682499261031, 'lr_reduce': 0.6}",TPESampler,COMPLETE
419,0.1737712323665619,2025-04-26 08:01:13.509038,2025-04-26 08:01:33.203287,0 days 00:00:19.694249,1,46,487,432.0,,,2,121,0.24009172897203412,0.007701926595628942,0.6,/work3/arnaou/checkpoints/megnet_Pc_trial_419_best_state.pt,"{'learning_rate': 0.007701926595628942, 'lr_reduce': 0.6}",TPESampler,COMPLETE
420,0.8864147067070007,2025-04-26 08:01:14.061792,2025-04-26 08:01:19.739475,0 days 00:00:05.677683,3,125,244,190.0,443.0,,3,108,0.12281472099604814,0.0001952858558453212,0.6,/work3/arnaou/checkpoints/megnet_Pc_trial_420_best_state.pt,"{'learning_rate': 0.0001952858558453212, 'lr_reduce': 0.6}",TPESampler,COMPLETE
421,0.09468387067317963,2025-04-26 08:01:15.518537,2025-04-26 08:01:44.540300,0 days 00:00:29.021763,1,53,471,258.0,444.0,,3,79,0.16079814608484636,0.008604307998012546,0.6,/work3/arnaou/checkpoints/megnet_Pc_trial_421_best_state.pt,"{'learning_rate': 0.008604307998012546, 'lr_reduce': 0.6}",TPESampler,COMPLETE
422,0.1481081247329712,2025-04-26 08:01:19.888767,2025-04-26 08:01:54.744812,0 days 00:00:34.856045,2,68,454,379.0,434.0,,3,120,0.24382889445569872,0.002388572574569595,0.6,/work3/arnaou/checkpoints/megnet_Pc_trial_422_best_state.pt,"{'learning_rate': 0.002388572574569595, 'lr_reduce': 0.6}",TPESampler,COMPLETE
423,0.2114042043685913,2025-04-26 08:01:33.383231,2025-04-26 08:02:02.434328,0 days 00:00:29.051097,1,47,500,308.0,429.0,,3,95,0.1729403320072263,0.008334666889103374,0.6,/work3/arnaou/checkpoints/megnet_Pc_trial_423_best_state.pt,"{'learning_rate': 0.008334666889103374, 'lr_reduce': 0.6}",TPESampler,COMPLETE
424,0.15846242010593414,2025-04-26 08:01:44.688507,2025-04-26 08:02:14.769419,0 days 00:00:30.080912,1,58,472,203.0,468.0,295.0,4,70,0.20675724556907343,0.009023965726524542,0.6,/work3/arnaou/checkpoints/megnet_Pc_trial_424_best_state.pt,"{'learning_rate': 0.009023965726524542, 'lr_reduce': 0.6}",TPESampler,COMPLETE
425,0.1409437507390976,2025-04-26 08:01:54.894378,2025-04-26 08:02:22.942728,0 days 00:00:28.048350,1,33,496,441.0,257.0,,3,99,0.23755390412087468,0.0029035621479965475,0.6,/work3/arnaou/checkpoints/megnet_Pc_trial_425_best_state.pt,"{'learning_rate': 0.0029035621479965475, 'lr_reduce': 0.6}",TPESampler,COMPLETE
426,0.2196272909641266,2025-04-26 08:02:02.761436,2025-04-26 08:02:27.303990,0 days 00:00:24.542554,2,33,444,251.0,,,2,87,0.21877525472047007,0.004210607687507876,0.6,/work3/arnaou/checkpoints/megnet_Pc_trial_426_best_state.pt,"{'learning_rate': 0.004210607687507876, 'lr_reduce': 0.6}",TPESampler,COMPLETE
427,0.08615628629922867,2025-04-26 08:02:14.948193,2025-04-26 08:02:38.398334,0 days 00:00:23.450141,1,58,338,187.0,512.0,,3,128,0.17142784705190883,0.0065427317045889085,0.6,/work3/arnaou/checkpoints/megnet_Pc_trial_427_best_state.pt,"{'learning_rate': 0.0065427317045889085, 'lr_reduce': 0.6}",TPESampler,COMPLETE
428,0.8878791332244873,2025-04-26 08:02:23.105011,2025-04-26 08:02:28.271182,0 days 00:00:05.166171,4,98,383,,,,1,74,0.058574112188233524,0.009173897642040423,0.6,/work3/arnaou/checkpoints/megnet_Pc_trial_428_best_state.pt,"{'learning_rate': 0.009173897642040423, 'lr_reduce': 0.6}",TPESampler,COMPLETE
429,0.11579176783561707,2025-04-26 08:02:27.454853,2025-04-26 08:02:46.760609,0 days 00:00:19.305756,1,32,463,358.0,,,2,61,0.2248471035918549,0.007204304255604933,0.6,/work3/arnaou/checkpoints/megnet_Pc_trial_429_best_state.pt,"{'learning_rate': 0.007204304255604933, 'lr_reduce': 0.6}",TPESampler,COMPLETE
430,0.10193489491939545,2025-04-26 08:02:28.428587,2025-04-26 08:02:58.630759,0 days 00:00:30.202172,2,35,500,282.0,,,2,64,0.19772808702928021,0.008461389446405896,0.6,/work3/arnaou/checkpoints/megnet_Pc_trial_430_best_state.pt,"{'learning_rate': 0.008461389446405896, 'lr_reduce': 0.6}",TPESampler,COMPLETE
431,0.11743545532226562,2025-04-26 08:02:38.580150,2025-04-26 08:03:12.374480,0 days 00:00:33.794330,1,82,482,456.0,414.0,,3,92,0.23890156250930705,0.003806476753914369,0.6,/work3/arnaou/checkpoints/megnet_Pc_trial_431_best_state.pt,"{'learning_rate': 0.003806476753914369, 'lr_reduce': 0.6}",TPESampler,COMPLETE
432,0.10768292844295502,2025-04-26 08:02:46.971756,2025-04-26 08:03:10.692905,0 days 00:00:23.721149,1,66,413,231.0,,,2,100,0.22725471613417464,0.003617173826204078,0.6,/work3/arnaou/checkpoints/megnet_Pc_trial_432_best_state.pt,"{'learning_rate': 0.003617173826204078, 'lr_reduce': 0.6}",TPESampler,COMPLETE
433,0.3700388967990875,2025-04-26 08:02:58.800132,2025-04-26 08:03:14.936543,0 days 00:00:16.136411,1,80,233,152.0,419.0,,3,122,0.21329906022933454,0.009995775955860037,0.6,/work3/arnaou/checkpoints/megnet_Pc_trial_433_best_state.pt,"{'learning_rate': 0.009995775955860037, 'lr_reduce': 0.6}",TPESampler,COMPLETE
434,0.17723709344863892,2025-04-26 08:03:10.863510,2025-04-26 08:03:28.629935,0 days 00:00:17.766425,1,40,511,394.0,,,2,82,0.24517505046755383,0.0036239300850182095,0.6,/work3/arnaou/checkpoints/megnet_Pc_trial_434_best_state.pt,"{'learning_rate': 0.0036239300850182095, 'lr_reduce': 0.6}",TPESampler,COMPLETE
435,0.10838526487350464,2025-04-26 08:03:12.545675,2025-04-26 08:03:36.645719,0 days 00:00:24.100044,1,35,490,312.0,,,2,116,0.22625382301843824,0.0015266392763203115,0.6,/work3/arnaou/checkpoints/megnet_Pc_trial_435_best_state.pt,"{'learning_rate': 0.0015266392763203115, 'lr_reduce': 0.6}",TPESampler,COMPLETE
436,0.09621664136648178,2025-04-26 08:03:15.112433,2025-04-26 08:03:44.224331,0 days 00:00:29.111898,1,40,482,245.0,,,2,114,0.17802935120075397,0.005113068241508198,0.6,/work3/arnaou/checkpoints/megnet_Pc_trial_436_best_state.pt,"{'learning_rate': 0.005113068241508198, 'lr_reduce': 0.6}",TPESampler,COMPLETE
437,0.8875311613082886,2025-04-26 08:03:28.809101,2025-04-26 08:03:33.491094,0 days 00:00:04.681993,1,104,201,189.0,,,2,122,0.20315580076406942,0.009588386876776166,0.6,/work3/arnaou/checkpoints/megnet_Pc_trial_437_best_state.pt,"{'learning_rate': 0.009588386876776166, 'lr_reduce': 0.6}",TPESampler,COMPLETE
438,0.0803077444434166,2025-04-26 08:03:33.651291,2025-04-26 08:04:09.470337,0 days 00:00:35.819046,1,33,317,457.0,124.0,,3,106,0.126429126578275,0.007971758018616602,0.6,/work3/arnaou/checkpoints/megnet_Pc_trial_438_best_state.pt,"{'learning_rate': 0.007971758018616602, 'lr_reduce': 0.6}",TPESampler,COMPLETE
439,0.08877837657928467,2025-04-26 08:03:36.824280,2025-04-26 08:03:54.827465,0 days 00:00:18.003185,1,60,446,256.0,,,2,102,0.23334909540475174,0.007441191225935194,0.6,/work3/arnaou/checkpoints/megnet_Pc_trial_439_best_state.pt,"{'learning_rate': 0.007441191225935194, 'lr_reduce': 0.6}",TPESampler,COMPLETE
440,0.8869504928588867,2025-04-26 08:03:44.384571,2025-04-26 08:03:49.710919,0 days 00:00:05.326348,4,122,162,364.0,,,2,109,0.023904486458500962,0.002189469908687073,0.6,/work3/arnaou/checkpoints/megnet_Pc_trial_440_best_state.pt,"{'learning_rate': 0.002189469908687073, 'lr_reduce': 0.6}",TPESampler,COMPLETE
441,0.14645017683506012,2025-04-26 08:03:49.871404,2025-04-26 08:04:16.120049,0 days 00:00:26.248645,1,124,227,144.0,,,2,127,0.15703811443502286,0.0010932333394798781,0.6,/work3/arnaou/checkpoints/megnet_Pc_trial_441_best_state.pt,"{'learning_rate': 0.0010932333394798781, 'lr_reduce': 0.6}",TPESampler,COMPLETE
442,0.09975394606590271,2025-04-26 08:03:54.975577,2025-04-26 08:04:15.233676,0 days 00:00:20.258099,1,32,446,415.0,,,2,96,0.24391197576325283,0.004682647833365743,0.6,/work3/arnaou/checkpoints/megnet_Pc_trial_442_best_state.pt,"{'learning_rate': 0.004682647833365743, 'lr_reduce': 0.6}",TPESampler,COMPLETE
443,0.0857974961400032,2025-04-26 08:04:09.639143,2025-04-26 08:04:41.418433,0 days 00:00:31.779290,1,34,354,444.0,120.0,,3,97,0.1651095507431168,0.009280465187033536,0.6,/work3/arnaou/checkpoints/megnet_Pc_trial_443_best_state.pt,"{'learning_rate': 0.009280465187033536, 'lr_reduce': 0.6}",TPESampler,COMPLETE
444,0.1963830441236496,2025-04-26 08:04:15.397426,2025-04-26 08:04:29.397414,0 days 00:00:13.999988,1,50,387,,,,1,126,0.23775166458495173,0.008105330391612153,0.6,/work3/arnaou/checkpoints/megnet_Pc_trial_444_best_state.pt,"{'learning_rate': 0.008105330391612153, 'lr_reduce': 0.6}",TPESampler,COMPLETE
445,0.09441811591386795,2025-04-26 08:04:16.275963,2025-04-26 08:04:45.387103,0 days 00:00:29.111140,1,38,275,474.0,182.0,,3,117,0.07492984632767474,0.0087847808882737,0.6,/work3/arnaou/checkpoints/megnet_Pc_trial_445_best_state.pt,"{'learning_rate': 0.0087847808882737, 'lr_reduce': 0.6}",TPESampler,COMPLETE
446,0.16978664696216583,2025-04-26 08:04:29.573477,2025-04-26 08:05:04.271674,0 days 00:00:34.698197,1,40,359,460.0,89.0,,3,111,0.09714047199794545,0.005413207717638009,0.6,/work3/arnaou/checkpoints/megnet_Pc_trial_446_best_state.pt,"{'learning_rate': 0.005413207717638009, 'lr_reduce': 0.6}",TPESampler,COMPLETE
447,0.13356848061084747,2025-04-26 08:04:41.613115,2025-04-26 08:05:11.151200,0 days 00:00:29.538085,1,58,502,,,,1,121,0.16004855249545447,0.005662129807687624,0.6,/work3/arnaou/checkpoints/megnet_Pc_trial_447_best_state.pt,"{'learning_rate': 0.005662129807687624, 'lr_reduce': 0.6}",TPESampler,COMPLETE
448,0.13422153890132904,2025-04-26 08:04:45.547546,2025-04-26 08:05:06.790984,0 days 00:00:21.243438,2,33,407,453.0,146.0,,3,127,0.2400783472556981,0.006751927613112175,0.6,/work3/arnaou/checkpoints/megnet_Pc_trial_448_best_state.pt,"{'learning_rate': 0.006751927613112175, 'lr_reduce': 0.6}",TPESampler,COMPLETE
449,0.14644257724285126,2025-04-26 08:05:04.446283,2025-04-26 08:05:25.579012,0 days 00:00:21.132729,1,95,385,459.0,,,2,89,0.12292280559523601,0.001280779717592793,0.6,/work3/arnaou/checkpoints/megnet_Pc_trial_449_best_state.pt,"{'learning_rate': 0.001280779717592793, 'lr_reduce': 0.6}",TPESampler,COMPLETE
450,0.15464267134666443,2025-04-26 08:05:06.952673,2025-04-26 08:05:23.507768,0 days 00:00:16.555095,1,32,274,401.0,104.0,,3,118,0.13195249567303027,0.0032540793261720594,0.6,/work3/arnaou/checkpoints/megnet_Pc_trial_450_best_state.pt,"{'learning_rate': 0.0032540793261720594, 'lr_reduce': 0.6}",TPESampler,COMPLETE
451,0.22007980942726135,2025-04-26 08:05:11.322303,2025-04-26 08:05:34.433665,0 days 00:00:23.111362,2,39,493,428.0,157.0,,3,76,0.105243224962632,0.009266769018454406,0.6,/work3/arnaou/checkpoints/megnet_Pc_trial_451_best_state.pt,"{'learning_rate': 0.009266769018454406, 'lr_reduce': 0.6}",TPESampler,COMPLETE
452,0.3547489643096924,2025-04-26 08:05:23.661551,2025-04-26 08:05:32.913526,0 days 00:00:09.251975,2,35,242,310.0,94.0,,3,101,0.13568930238293742,0.00676554053118477,0.6,/work3/arnaou/checkpoints/megnet_Pc_trial_452_best_state.pt,"{'learning_rate': 0.00676554053118477, 'lr_reduce': 0.6}",TPESampler,COMPLETE
453,0.140055850148201,2025-04-26 08:05:25.750084,2025-04-26 08:05:45.026866,0 days 00:00:19.276782,1,34,326,444.0,173.0,,3,87,0.13604440112472005,0.007077061452138433,0.6,/work3/arnaou/checkpoints/megnet_Pc_trial_453_best_state.pt,"{'learning_rate': 0.007077061452138433, 'lr_reduce': 0.6}",TPESampler,COMPLETE
454,0.8876193165779114,2025-04-26 08:05:33.083777,2025-04-26 08:05:38.015767,0 days 00:00:04.931990,4,34,145,,,,1,125,0.0861473053956334,0.00023580746345683526,0.6,/work3/arnaou/checkpoints/megnet_Pc_trial_454_best_state.pt,"{'learning_rate': 0.00023580746345683526, 'lr_reduce': 0.6}",TPESampler,COMPLETE
455,0.14274555444717407,2025-04-26 08:05:34.580833,2025-04-26 08:05:54.605039,0 days 00:00:20.024206,1,32,430,263.0,,,2,96,0.1889739483313413,0.00538596607448337,0.6,/work3/arnaou/checkpoints/megnet_Pc_trial_455_best_state.pt,"{'learning_rate': 0.00538596607448337, 'lr_reduce': 0.6}",TPESampler,COMPLETE
456,0.23124836385250092,2025-04-26 08:05:38.173016,2025-04-26 08:05:46.194883,0 days 00:00:08.021867,1,38,512,385.0,,,2,108,0.21706970848041565,0.009417186869289053,0.6,/work3/arnaou/checkpoints/megnet_Pc_trial_456_best_state.pt,"{'learning_rate': 0.009417186869289053, 'lr_reduce': 0.6}",TPESampler,COMPLETE
457,0.08347082138061523,2025-04-26 08:05:45.192715,2025-04-26 08:06:14.919981,0 days 00:00:29.727266,1,39,352,478.0,114.0,401.0,4,117,0.13947429572735848,0.00521009276718325,0.6,/work3/arnaou/checkpoints/megnet_Pc_trial_457_best_state.pt,"{'learning_rate': 0.00521009276718325, 'lr_reduce': 0.6}",TPESampler,COMPLETE
458,0.8868235945701599,2025-04-26 08:05:46.376891,2025-04-26 08:05:51.868136,0 days 00:00:05.491245,4,97,465,,,,1,72,0.22760055114640387,0.0005628776101775526,0.6,/work3/arnaou/checkpoints/megnet_Pc_trial_458_best_state.pt,"{'learning_rate': 0.0005628776101775526, 'lr_reduce': 0.6}",TPESampler,COMPLETE
459,0.8871246576309204,2025-04-26 08:05:52.029957,2025-04-26 08:05:56.823299,0 days 00:00:04.793342,4,94,276,306.0,,,2,117,0.12127727432420626,0.0006269313508870736,0.6,/work3/arnaou/checkpoints/megnet_Pc_trial_459_best_state.pt,"{'learning_rate': 0.0006269313508870736, 'lr_reduce': 0.6}",TPESampler,COMPLETE
460,0.1413065642118454,2025-04-26 08:05:54.757356,2025-04-26 08:06:14.330415,0 days 00:00:19.573059,1,125,328,249.0,,,2,118,0.22091227607061562,0.003445415023998044,0.6,/work3/arnaou/checkpoints/megnet_Pc_trial_460_best_state.pt,"{'learning_rate': 0.003445415023998044, 'lr_reduce': 0.6}",TPESampler,COMPLETE
461,0.1141810417175293,2025-04-26 08:05:56.986463,2025-04-26 08:06:20.253404,0 days 00:00:23.266941,1,51,509,407.0,69.0,,3,80,0.12915167165965746,0.005187828146400001,0.6,/work3/arnaou/checkpoints/megnet_Pc_trial_461_best_state.pt,"{'learning_rate': 0.005187828146400001, 'lr_reduce': 0.6}",TPESampler,COMPLETE
462,0.11893609166145325,2025-04-26 08:06:14.484734,2025-04-26 08:06:44.960314,0 days 00:00:30.475580,1,109,326,495.0,135.0,,3,121,0.15672317963273732,0.004262910338535718,0.6,/work3/arnaou/checkpoints/megnet_Pc_trial_462_best_state.pt,"{'learning_rate': 0.004262910338535718, 'lr_reduce': 0.6}",TPESampler,COMPLETE
463,0.7657355666160583,2025-04-26 08:06:15.054559,2025-04-26 08:06:21.543204,0 days 00:00:06.488645,2,45,344,480.0,110.0,408.0,4,115,0.1618870275583914,0.0072995146263207765,0.6,/work3/arnaou/checkpoints/megnet_Pc_trial_463_best_state.pt,"{'learning_rate': 0.0072995146263207765, 'lr_reduce': 0.6}",TPESampler,COMPLETE
464,0.1317022740840912,2025-04-26 08:06:20.436340,2025-04-26 08:06:37.175589,0 days 00:00:16.739249,1,34,329,480.0,128.0,393.0,4,98,0.16295021689518457,0.004399512414007382,0.6,/work3/arnaou/checkpoints/megnet_Pc_trial_464_best_state.pt,"{'learning_rate': 0.004399512414007382, 'lr_reduce': 0.6}",TPESampler,COMPLETE
465,0.0950634554028511,2025-04-26 08:06:21.690981,2025-04-26 08:06:53.078623,0 days 00:00:31.387642,1,62,271,459.0,137.0,,3,77,0.07373679176029507,0.009075005582084414,0.6,/work3/arnaou/checkpoints/megnet_Pc_trial_465_best_state.pt,"{'learning_rate': 0.009075005582084414, 'lr_reduce': 0.6}",TPESampler,COMPLETE
466,0.23558631539344788,2025-04-26 08:06:37.350910,2025-04-26 08:06:57.712937,0 days 00:00:20.362027,2,55,274,471.0,65.0,443.0,4,124,0.17967223375490815,0.0012607424739145036,0.6,/work3/arnaou/checkpoints/megnet_Pc_trial_466_best_state.pt,"{'learning_rate': 0.0012607424739145036, 'lr_reduce': 0.6}",TPESampler,COMPLETE
467,0.1336914747953415,2025-04-26 08:06:45.123970,2025-04-26 08:06:57.834974,0 days 00:00:12.711004,1,54,254,432.0,,,2,122,0.2241338392581695,0.005476700558249844,0.6,/work3/arnaou/checkpoints/megnet_Pc_trial_467_best_state.pt,"{'learning_rate': 0.005476700558249844, 'lr_reduce': 0.6}",TPESampler,COMPLETE
468,0.15522401034832,2025-04-26 08:06:53.243530,2025-04-26 08:07:10.071948,0 days 00:00:16.828418,1,35,378,502.0,202.0,,3,123,0.21642446912510058,0.005987693853483362,0.6,/work3/arnaou/checkpoints/megnet_Pc_trial_468_best_state.pt,"{'learning_rate': 0.005987693853483362, 'lr_reduce': 0.6}",TPESampler,COMPLETE
469,0.1416836380958557,2025-04-26 08:06:57.885183,2025-04-26 08:07:22.738668,0 days 00:00:24.853485,1,33,498,441.0,,,2,60,0.15629277734106992,0.006737637050353578,0.6,/work3/arnaou/checkpoints/megnet_Pc_trial_469_best_state.pt,"{'learning_rate': 0.006737637050353578, 'lr_reduce': 0.6}",TPESampler,COMPLETE
470,0.8865460157394409,2025-04-26 08:06:58.034401,2025-04-26 08:07:05.661069,0 days 00:00:07.626668,4,65,497,349.0,120.0,349.0,4,110,0.0219808136121232,0.0008142987353160077,0.6,/work3/arnaou/checkpoints/megnet_Pc_trial_470_best_state.pt,"{'learning_rate': 0.0008142987353160077, 'lr_reduce': 0.6}",TPESampler,COMPLETE
471,0.14020521938800812,2025-04-26 08:07:05.832597,2025-04-26 08:07:32.127018,0 days 00:00:26.294421,1,66,503,279.0,175.0,,3,103,0.10325860332346473,0.001814219526731379,0.6,/work3/arnaou/checkpoints/megnet_Pc_trial_471_best_state.pt,"{'learning_rate': 0.001814219526731379, 'lr_reduce': 0.6}",TPESampler,COMPLETE
472,0.11063279956579208,2025-04-26 08:07:10.291165,2025-04-26 08:07:35.391453,0 days 00:00:25.100288,1,36,310,470.0,,,2,99,0.08006017657330991,0.003347627131474417,0.6,/work3/arnaou/checkpoints/megnet_Pc_trial_472_best_state.pt,"{'learning_rate': 0.003347627131474417, 'lr_reduce': 0.6}",TPESampler,COMPLETE
473,0.1339906007051468,2025-04-26 08:07:22.915315,2025-04-26 08:07:47.075066,0 days 00:00:24.159751,1,128,457,232.0,,,2,113,0.18540419710678094,0.0013702219172261351,0.6,/work3/arnaou/checkpoints/megnet_Pc_trial_473_best_state.pt,"{'learning_rate': 0.0013702219172261351, 'lr_reduce': 0.6}",TPESampler,COMPLETE
474,0.0878874883055687,2025-04-26 08:07:32.284904,2025-04-26 08:07:49.894637,0 days 00:00:17.609733,1,42,234,387.0,,,2,107,0.1949679395096105,0.0076971986423131755,0.6,/work3/arnaou/checkpoints/megnet_Pc_trial_474_best_state.pt,"{'learning_rate': 0.0076971986423131755, 'lr_reduce': 0.6}",TPESampler,COMPLETE
475,0.08319851756095886,2025-04-26 08:07:35.577164,2025-04-26 08:08:05.803934,0 days 00:00:30.226770,1,35,301,226.0,119.0,,3,110,0.15587876754767996,0.00816263626765574,0.6,/work3/arnaou/checkpoints/megnet_Pc_trial_475_best_state.pt,"{'learning_rate': 0.00816263626765574, 'lr_reduce': 0.6}",TPESampler,COMPLETE
476,0.23185883462429047,2025-04-26 08:07:47.272771,2025-04-26 08:07:58.648066,0 days 00:00:11.375295,1,49,331,342.0,76.0,329.0,4,109,0.08559798438773464,0.005746907970818583,0.6,/work3/arnaou/checkpoints/megnet_Pc_trial_476_best_state.pt,"{'learning_rate': 0.005746907970818583, 'lr_reduce': 0.6}",TPESampler,COMPLETE
477,0.10431105643510818,2025-04-26 08:07:50.101669,2025-04-26 08:08:14.829660,0 days 00:00:24.727991,1,55,260,422.0,157.0,441.0,4,124,0.14340414807385912,0.003454933142684414,0.6,/work3/arnaou/checkpoints/megnet_Pc_trial_477_best_state.pt,"{'learning_rate': 0.003454933142684414, 'lr_reduce': 0.6}",TPESampler,COMPLETE
478,0.16553935408592224,2025-04-26 08:07:58.791735,2025-04-26 08:08:32.491229,0 days 00:00:33.699494,2,71,475,,,,1,106,0.20304867538739607,0.0066303917894645166,0.6,/work3/arnaou/checkpoints/megnet_Pc_trial_478_best_state.pt,"{'learning_rate': 0.0066303917894645166, 'lr_reduce': 0.6}",TPESampler,COMPLETE
479,0.19561372697353363,2025-04-26 08:08:05.993504,2025-04-26 08:08:19.115102,0 days 00:00:13.121598,1,43,375,213.0,121.0,380.0,4,123,0.1367456959522573,0.009857411877777455,0.6,/work3/arnaou/checkpoints/megnet_Pc_trial_479_best_state.pt,"{'learning_rate': 0.009857411877777455, 'lr_reduce': 0.6}",TPESampler,COMPLETE
480,0.1491166055202484,2025-04-26 08:08:15.138582,2025-04-26 08:08:37.354876,0 days 00:00:22.216294,1,105,229,236.0,117.0,,3,127,0.207132706986295,0.0034120146950119877,0.6,/work3/arnaou/checkpoints/megnet_Pc_trial_480_best_state.pt,"{'learning_rate': 0.0034120146950119877, 'lr_reduce': 0.6}",TPESampler,COMPLETE
481,0.0983658954501152,2025-04-26 08:08:19.275708,2025-04-26 08:08:41.753642,0 days 00:00:22.477934,1,94,269,,,,1,128,0.22998280972968746,0.005052860666072451,0.6,/work3/arnaou/checkpoints/megnet_Pc_trial_481_best_state.pt,"{'learning_rate': 0.005052860666072451, 'lr_reduce': 0.6}",TPESampler,COMPLETE
