number,value,datetime_start,datetime_complete,duration,params_depth,params_edge_hidden_dim,params_mlp_dim_00,params_mlp_dim_01,params_mlp_dim_02,params_mlp_dim_03,params_mlp_n_layers,params_node_hidden_dim,params_rep_dropout,params_train_learning_rate,params_train_lr_reduce,user_attrs_best_state_dict_path,user_attrs_training_params,system_attrs_auto:sampler,state
2134,0.6159080862998962,2025-04-26 11:40:46.665485,2025-04-26 11:40:55.234116,0 days 00:00:08.568631,1,78,282,366.0,397.0,431.0,4,101,0.06148628701300367,0.009655180496798364,0.6,/work3/arnaou/checkpoints/megnet_Pc_trial_2134_best_state.pt,"{'learning_rate': 0.009655180496798364, 'lr_reduce': 0.6}",TPESampler,COMPLETE
2135,0.22750094532966614,2025-04-26 11:40:49.036164,2025-04-26 11:41:15.689009,0 days 00:00:26.652845,1,91,84,249.0,,,2,99,0.1466538518106477,0.00843574957324983,0.6,/work3/arnaou/checkpoints/megnet_Pc_trial_2135_best_state.pt,"{'learning_rate': 0.00843574957324983, 'lr_reduce': 0.6}",TPESampler,COMPLETE
2136,0.29020485281944275,2025-04-26 11:40:55.471265,2025-04-26 11:41:17.316060,0 days 00:00:21.844795,2,45,95,,,,1,86,0.06664564145227471,0.009484760330282964,0.6,/work3/arnaou/checkpoints/megnet_Pc_trial_2136_best_state.pt,"{'learning_rate': 0.009484760330282964, 'lr_reduce': 0.6}",TPESampler,COMPLETE
2137,0.09066669642925262,2025-04-26 11:40:58.220981,2025-04-26 11:41:33.198055,0 days 00:00:34.977074,1,39,78,401.0,,,2,124,0.06582085468464349,0.004906467425493558,0.6,/work3/arnaou/checkpoints/megnet_Pc_trial_2137_best_state.pt,"{'learning_rate': 0.004906467425493558, 'lr_reduce': 0.6}",TPESampler,COMPLETE
2138,0.18529315292835236,2025-04-26 11:41:15.887494,2025-04-26 11:41:28.185196,0 days 00:00:12.297702,1,57,391,485.0,,,2,91,0.11542813660972243,0.00965864271648787,0.6,/work3/arnaou/checkpoints/megnet_Pc_trial_2138_best_state.pt,"{'learning_rate': 0.00965864271648787, 'lr_reduce': 0.6}",TPESampler,COMPLETE
2139,0.16767960786819458,2025-04-26 11:41:17.509704,2025-04-26 11:41:32.119734,0 days 00:00:14.610030,1,80,149,85.0,,,2,95,0.19704472574738216,0.004654886958349677,0.6,/work3/arnaou/checkpoints/megnet_Pc_trial_2139_best_state.pt,"{'learning_rate': 0.004654886958349677, 'lr_reduce': 0.6}",TPESampler,COMPLETE
2140,0.11314672231674194,2025-04-26 11:41:28.610417,2025-04-26 11:41:54.725737,0 days 00:00:26.115320,2,39,179,217.0,399.0,,3,108,0.0012343817393835376,0.007467680950781624,0.6,/work3/arnaou/checkpoints/megnet_Pc_trial_2140_best_state.pt,"{'learning_rate': 0.007467680950781624, 'lr_reduce': 0.6}",TPESampler,COMPLETE
2141,0.15516544878482819,2025-04-26 11:41:32.377935,2025-04-26 11:41:59.341688,0 days 00:00:26.963753,2,96,226,413.0,,,2,91,0.2261499841339843,0.009569813869423452,0.6,/work3/arnaou/checkpoints/megnet_Pc_trial_2141_best_state.pt,"{'learning_rate': 0.009569813869423452, 'lr_reduce': 0.6}",TPESampler,COMPLETE
2142,0.8874387145042419,2025-04-26 11:41:33.505966,2025-04-26 11:41:39.557853,0 days 00:00:06.051887,3,92,244,357.0,391.0,,3,35,0.16046466451556546,0.00039086973605786403,0.6,/work3/arnaou/checkpoints/megnet_Pc_trial_2142_best_state.pt,"{'learning_rate': 0.00039086973605786403, 'lr_reduce': 0.6}",TPESampler,COMPLETE
2143,0.1892489641904831,2025-04-26 11:41:39.785310,2025-04-26 11:42:11.829357,0 days 00:00:32.044047,1,75,110,268.0,399.0,120.0,4,41,0.15996492625737563,0.0008990216955254985,0.6,/work3/arnaou/checkpoints/megnet_Pc_trial_2143_best_state.pt,"{'learning_rate': 0.0008990216955254985, 'lr_reduce': 0.6}",TPESampler,COMPLETE
2144,0.8873634338378906,2025-04-26 11:41:54.928963,2025-04-26 11:41:59.383552,0 days 00:00:04.454589,2,32,90,,,,1,125,0.06401401101402075,0.002674951156075999,0.6,/work3/arnaou/checkpoints/megnet_Pc_trial_2144_best_state.pt,"{'learning_rate': 0.002674951156075999, 'lr_reduce': 0.6}",TPESampler,COMPLETE
2145,0.1595190316438675,2025-04-26 11:41:59.491787,2025-04-26 11:42:14.514070,0 days 00:00:15.022283,1,94,171,438.0,,,2,85,0.0130970266877376,0.0033192507853186336,0.6,/work3/arnaou/checkpoints/megnet_Pc_trial_2145_best_state.pt,"{'learning_rate': 0.0033192507853186336, 'lr_reduce': 0.6}",TPESampler,COMPLETE
2146,0.23903582990169525,2025-04-26 11:41:59.625867,2025-04-26 11:42:12.629167,0 days 00:00:13.003300,1,51,71,388.0,154.0,,3,103,0.025125538771649934,0.008550743855977578,0.6,/work3/arnaou/checkpoints/megnet_Pc_trial_2146_best_state.pt,"{'learning_rate': 0.008550743855977578, 'lr_reduce': 0.6}",TPESampler,COMPLETE
2147,0.38159269094467163,2025-04-26 11:42:12.023198,2025-04-26 11:42:32.346386,0 days 00:00:20.323188,1,59,412,445.0,,,2,69,0.15420744675325623,0.006000657014635819,0.6,/work3/arnaou/checkpoints/megnet_Pc_trial_2147_best_state.pt,"{'learning_rate': 0.006000657014635819, 'lr_reduce': 0.6}",TPESampler,COMPLETE
2148,0.1611592173576355,2025-04-26 11:42:12.818708,2025-04-26 11:42:32.752684,0 days 00:00:19.933976,1,76,255,143.0,,,2,115,0.10247872425736598,0.00887795722006998,0.6,/work3/arnaou/checkpoints/megnet_Pc_trial_2148_best_state.pt,"{'learning_rate': 0.00887795722006998, 'lr_reduce': 0.6}",TPESampler,COMPLETE
2149,0.18542562425136566,2025-04-26 11:42:14.773910,2025-04-26 11:42:36.529159,0 days 00:00:21.755249,1,36,69,,,,1,96,0.03259940154043649,0.00932593832574916,0.6,/work3/arnaou/checkpoints/megnet_Pc_trial_2149_best_state.pt,"{'learning_rate': 0.00932593832574916, 'lr_reduce': 0.6}",TPESampler,COMPLETE
2150,0.3882267475128174,2025-04-26 11:42:32.547568,2025-04-26 11:42:46.566912,0 days 00:00:14.019344,1,101,424,64.0,366.0,,3,112,0.2020779877549422,0.004161793103848227,0.6,/work3/arnaou/checkpoints/megnet_Pc_trial_2150_best_state.pt,"{'learning_rate': 0.004161793103848227, 'lr_reduce': 0.6}",TPESampler,COMPLETE
2151,0.15951482951641083,2025-04-26 11:42:32.955155,2025-04-26 11:42:55.341973,0 days 00:00:22.386818,2,45,508,271.0,,,2,89,0.20158483772024932,0.004736065630445354,0.6,/work3/arnaou/checkpoints/megnet_Pc_trial_2151_best_state.pt,"{'learning_rate': 0.004736065630445354, 'lr_reduce': 0.6}",TPESampler,COMPLETE
2152,0.13071510195732117,2025-04-26 11:42:36.761420,2025-04-26 11:43:14.681143,0 days 00:00:37.919723,1,63,87,370.0,,,2,123,0.06767747694329596,0.0016375690171555968,0.6,/work3/arnaou/checkpoints/megnet_Pc_trial_2152_best_state.pt,"{'learning_rate': 0.0016375690171555968, 'lr_reduce': 0.6}",TPESampler,COMPLETE
2153,0.19471335411071777,2025-04-26 11:42:46.910764,2025-04-26 11:43:08.800097,0 days 00:00:21.889333,1,41,84,508.0,,,2,112,0.0338514918596926,0.009601992971679399,0.6,/work3/arnaou/checkpoints/megnet_Pc_trial_2153_best_state.pt,"{'learning_rate': 0.009601992971679399, 'lr_reduce': 0.6}",TPESampler,COMPLETE
2154,0.16138361394405365,2025-04-26 11:42:55.561762,2025-04-26 11:43:05.853720,0 days 00:00:10.291958,1,32,482,207.0,,,2,86,0.20474950406204287,0.008620807412972827,0.6,/work3/arnaou/checkpoints/megnet_Pc_trial_2154_best_state.pt,"{'learning_rate': 0.008620807412972827, 'lr_reduce': 0.6}",TPESampler,COMPLETE
2155,0.10946261137723923,2025-04-26 11:43:06.083068,2025-04-26 11:43:36.345353,0 days 00:00:30.262285,1,72,351,,,,1,85,0.180424203114774,0.003383624176263346,0.6,/work3/arnaou/checkpoints/megnet_Pc_trial_2155_best_state.pt,"{'learning_rate': 0.003383624176263346, 'lr_reduce': 0.6}",TPESampler,COMPLETE
2156,0.23709841072559357,2025-04-26 11:43:09.038556,2025-04-26 11:43:36.579050,0 days 00:00:27.540494,2,63,65,,,,1,89,0.00368340419121263,0.009412838676495198,0.6,/work3/arnaou/checkpoints/megnet_Pc_trial_2156_best_state.pt,"{'learning_rate': 0.009412838676495198, 'lr_reduce': 0.6}",TPESampler,COMPLETE
2157,0.07698538154363632,2025-04-26 11:43:14.930175,2025-04-26 11:43:43.800115,0 days 00:00:28.869940,1,75,250,,,,1,92,0.20464799762638508,0.003923922284999101,0.6,/work3/arnaou/checkpoints/megnet_Pc_trial_2157_best_state.pt,"{'learning_rate': 0.003923922284999101, 'lr_reduce': 0.6}",TPESampler,COMPLETE
2158,0.08987557888031006,2025-04-26 11:43:36.535565,2025-04-26 11:44:03.872533,0 days 00:00:27.336968,1,33,118,407.0,,,2,89,0.031749654034108406,0.0047499604827428805,0.6,/work3/arnaou/checkpoints/megnet_Pc_trial_2158_best_state.pt,"{'learning_rate': 0.0047499604827428805, 'lr_reduce': 0.6}",TPESampler,COMPLETE
2159,0.163301482796669,2025-04-26 11:43:36.872725,2025-04-26 11:44:12.026921,0 days 00:00:35.154196,1,54,282,,,,1,98,0.2148513709006883,0.009723550169277069,0.6,/work3/arnaou/checkpoints/megnet_Pc_trial_2159_best_state.pt,"{'learning_rate': 0.009723550169277069, 'lr_reduce': 0.6}",TPESampler,COMPLETE
2160,0.09858114272356033,2025-04-26 11:43:44.019986,2025-04-26 11:44:17.885691,0 days 00:00:33.865705,1,64,255,,,,1,84,0.17784128232583427,0.003991584829979102,0.6,/work3/arnaou/checkpoints/megnet_Pc_trial_2160_best_state.pt,"{'learning_rate': 0.003991584829979102, 'lr_reduce': 0.6}",TPESampler,COMPLETE
2161,0.13356620073318481,2025-04-26 11:44:04.086813,2025-04-26 11:44:26.460237,0 days 00:00:22.373424,1,86,104,,,,1,83,0.19593072000201667,0.0034115506122163407,0.6,/work3/arnaou/checkpoints/megnet_Pc_trial_2161_best_state.pt,"{'learning_rate': 0.0034115506122163407, 'lr_reduce': 0.6}",TPESampler,COMPLETE
2162,0.8864409923553467,2025-04-26 11:44:12.261139,2025-04-26 11:44:17.585871,0 days 00:00:05.324732,3,87,509,,,,1,126,0.16987082953470728,0.00011234743897783283,0.6,/work3/arnaou/checkpoints/megnet_Pc_trial_2162_best_state.pt,"{'learning_rate': 0.00011234743897783283, 'lr_reduce': 0.6}",TPESampler,COMPLETE
2163,0.8870116472244263,2025-04-26 11:44:17.821564,2025-04-26 11:44:24.391798,0 days 00:00:06.570234,4,52,333,167.0,387.0,64.0,4,126,0.057379336343495124,0.0016289231341846504,0.6,/work3/arnaou/checkpoints/megnet_Pc_trial_2163_best_state.pt,"{'learning_rate': 0.0016289231341846504, 'lr_reduce': 0.6}",TPESampler,COMPLETE
2164,0.17532239854335785,2025-04-26 11:44:18.152968,2025-04-26 11:44:34.049007,0 days 00:00:15.896039,1,85,224,,,,1,79,0.14536718063689047,0.0019614652554578887,0.6,/work3/arnaou/checkpoints/megnet_Pc_trial_2164_best_state.pt,"{'learning_rate': 0.0019614652554578887, 'lr_reduce': 0.6}",TPESampler,COMPLETE
2165,0.11144731938838959,2025-04-26 11:44:24.638555,2025-04-26 11:44:47.148220,0 days 00:00:22.509665,1,34,101,,,,1,112,0.062003870537130246,0.006838378301055313,0.6,/work3/arnaou/checkpoints/megnet_Pc_trial_2165_best_state.pt,"{'learning_rate': 0.006838378301055313, 'lr_reduce': 0.6}",TPESampler,COMPLETE
2166,0.13717560470104218,2025-04-26 11:44:26.728809,2025-04-26 11:44:44.608062,0 days 00:00:17.879253,1,33,69,230.0,131.0,,3,121,0.025945174010508894,0.004418883662742085,0.6,/work3/arnaou/checkpoints/megnet_Pc_trial_2166_best_state.pt,"{'learning_rate': 0.004418883662742085, 'lr_reduce': 0.6}",TPESampler,COMPLETE
2167,0.8880037069320679,2025-04-26 11:44:34.302306,2025-04-26 11:44:39.736192,0 days 00:00:05.433886,2,82,330,,,,1,85,0.19816998789984697,0.0012612054527984273,0.6,/work3/arnaou/checkpoints/megnet_Pc_trial_2167_best_state.pt,"{'learning_rate': 0.0012612054527984273, 'lr_reduce': 0.6}",TPESampler,COMPLETE
2168,0.15725292265415192,2025-04-26 11:44:39.958989,2025-04-26 11:45:02.776403,0 days 00:00:22.817414,1,93,263,,,,1,73,0.1667400302903584,0.005299518679380741,0.6,/work3/arnaou/checkpoints/megnet_Pc_trial_2168_best_state.pt,"{'learning_rate': 0.005299518679380741, 'lr_reduce': 0.6}",TPESampler,COMPLETE
2169,0.0738467276096344,2025-04-26 11:44:44.829137,2025-04-26 11:45:18.648732,0 days 00:00:33.819595,1,55,212,,,,1,93,0.16857232776459724,0.0095338192059155,0.6,/work3/arnaou/checkpoints/megnet_Pc_trial_2169_best_state.pt,"{'learning_rate': 0.0095338192059155, 'lr_reduce': 0.6}",TPESampler,COMPLETE
2170,0.1696237474679947,2025-04-26 11:44:47.380381,2025-04-26 11:45:16.078202,0 days 00:00:28.697821,1,81,283,,,,1,75,0.20604683163836957,0.002280574418223901,0.6,/work3/arnaou/checkpoints/megnet_Pc_trial_2170_best_state.pt,"{'learning_rate': 0.002280574418223901, 'lr_reduce': 0.6}",TPESampler,COMPLETE
2171,0.0971899926662445,2025-04-26 11:45:02.952657,2025-04-26 11:45:38.111949,0 days 00:00:35.159292,1,92,291,116.0,,,2,92,0.1988679092277532,0.002977837483667639,0.6,/work3/arnaou/checkpoints/megnet_Pc_trial_2171_best_state.pt,"{'learning_rate': 0.002977837483667639, 'lr_reduce': 0.6}",TPESampler,COMPLETE
2172,0.12421226501464844,2025-04-26 11:45:16.266207,2025-04-26 11:45:53.244826,0 days 00:00:36.978619,1,68,324,166.0,,,2,65,0.11530351924917216,0.00885442156704892,0.6,/work3/arnaou/checkpoints/megnet_Pc_trial_2172_best_state.pt,"{'learning_rate': 0.00885442156704892, 'lr_reduce': 0.6}",TPESampler,COMPLETE
2173,0.11655429750680923,2025-04-26 11:45:18.885514,2025-04-26 11:45:39.170459,0 days 00:00:20.284945,1,78,314,,,,1,96,0.20731153608868264,0.004075945561087978,0.6,/work3/arnaou/checkpoints/megnet_Pc_trial_2173_best_state.pt,"{'learning_rate': 0.004075945561087978, 'lr_reduce': 0.6}",TPESampler,COMPLETE
2174,0.11886827647686005,2025-04-26 11:45:38.321354,2025-04-26 11:46:00.848050,0 days 00:00:22.526696,1,43,77,260.0,,,2,109,0.025947075991951105,0.007070876535424688,0.6,/work3/arnaou/checkpoints/megnet_Pc_trial_2174_best_state.pt,"{'learning_rate': 0.007070876535424688, 'lr_reduce': 0.6}",TPESampler,COMPLETE
2175,0.8871201872825623,2025-04-26 11:45:39.390665,2025-04-26 11:45:44.092766,0 days 00:00:04.702101,3,65,403,,,,1,98,0.09936841516209835,0.00017958643945789442,0.6,/work3/arnaou/checkpoints/megnet_Pc_trial_2175_best_state.pt,"{'learning_rate': 0.00017958643945789442, 'lr_reduce': 0.6}",TPESampler,COMPLETE
2176,0.13904492557048798,2025-04-26 11:45:44.329454,2025-04-26 11:46:11.569185,0 days 00:00:27.239731,1,46,127,,,,1,64,0.19974746052348868,0.00826613086855443,0.6,/work3/arnaou/checkpoints/megnet_Pc_trial_2176_best_state.pt,"{'learning_rate': 0.00826613086855443, 'lr_reduce': 0.6}",TPESampler,COMPLETE
2177,0.08946210891008377,2025-04-26 11:45:53.537524,2025-04-26 11:46:29.495037,0 days 00:00:35.957513,1,58,215,,,,1,99,0.1616331572531197,0.006807576735081029,0.6,/work3/arnaou/checkpoints/megnet_Pc_trial_2177_best_state.pt,"{'learning_rate': 0.006807576735081029, 'lr_reduce': 0.6}",TPESampler,COMPLETE
2178,0.08495543897151947,2025-04-26 11:46:01.067188,2025-04-26 11:46:33.331670,0 days 00:00:32.264482,1,63,156,,,,1,90,0.16057739072530763,0.005184838501630076,0.6,/work3/arnaou/checkpoints/megnet_Pc_trial_2178_best_state.pt,"{'learning_rate': 0.005184838501630076, 'lr_reduce': 0.6}",TPESampler,COMPLETE
2179,0.8866740465164185,2025-04-26 11:46:11.806432,2025-04-26 11:46:18.428079,0 days 00:00:06.621647,1,82,67,278.0,,,2,92,0.08668218789814881,0.00010056187652582205,0.6,/work3/arnaou/checkpoints/megnet_Pc_trial_2179_best_state.pt,"{'learning_rate': 0.00010056187652582205, 'lr_reduce': 0.6}",TPESampler,COMPLETE
2180,0.14182543754577637,2025-04-26 11:46:18.900110,2025-04-26 11:46:51.843132,0 days 00:00:32.943022,1,33,385,,,,1,33,0.1545833147810698,0.0045828062598438505,0.6,/work3/arnaou/checkpoints/megnet_Pc_trial_2180_best_state.pt,"{'learning_rate': 0.0045828062598438505, 'lr_reduce': 0.6}",TPESampler,COMPLETE
2181,0.8864539265632629,2025-04-26 11:46:29.756282,2025-04-26 11:46:35.183630,0 days 00:00:05.427348,4,56,69,214.0,374.0,,3,46,0.17026385239901354,0.007812000009409709,0.6,/work3/arnaou/checkpoints/megnet_Pc_trial_2181_best_state.pt,"{'learning_rate': 0.007812000009409709, 'lr_reduce': 0.6}",TPESampler,COMPLETE
2182,0.16685716807842255,2025-04-26 11:46:33.543647,2025-04-26 11:47:01.735287,0 days 00:00:28.191640,1,36,284,,,,1,95,0.09081047966520837,0.0035661568635540174,0.6,/work3/arnaou/checkpoints/megnet_Pc_trial_2182_best_state.pt,"{'learning_rate': 0.0035661568635540174, 'lr_reduce': 0.6}",TPESampler,COMPLETE
2183,0.08617543429136276,2025-04-26 11:46:35.410552,2025-04-26 11:47:08.270579,0 days 00:00:32.860027,1,74,230,,,,1,82,0.24815269180103977,0.005698383480195698,0.6,/work3/arnaou/checkpoints/megnet_Pc_trial_2183_best_state.pt,"{'learning_rate': 0.005698383480195698, 'lr_reduce': 0.6}",TPESampler,COMPLETE
2184,0.09516086429357529,2025-04-26 11:46:52.050416,2025-04-26 11:47:24.095306,0 days 00:00:32.044890,1,55,286,,,,1,94,0.13664920757847068,0.00953236715300631,0.6,/work3/arnaou/checkpoints/megnet_Pc_trial_2184_best_state.pt,"{'learning_rate': 0.00953236715300631, 'lr_reduce': 0.6}",TPESampler,COMPLETE
2185,0.16764836013317108,2025-04-26 11:47:01.976778,2025-04-26 11:47:33.559356,0 days 00:00:31.582578,2,53,213,,,,1,92,0.1624696854268704,0.004827392127082205,0.6,/work3/arnaou/checkpoints/megnet_Pc_trial_2185_best_state.pt,"{'learning_rate': 0.004827392127082205, 'lr_reduce': 0.6}",TPESampler,COMPLETE
2186,0.11425964534282684,2025-04-26 11:47:08.517635,2025-04-26 11:47:40.678588,0 days 00:00:32.160953,1,45,93,268.0,,,2,102,0.12230314105190083,0.003727678369166327,0.6,/work3/arnaou/checkpoints/megnet_Pc_trial_2186_best_state.pt,"{'learning_rate': 0.003727678369166327, 'lr_reduce': 0.6}",TPESampler,COMPLETE
2187,0.17892354726791382,2025-04-26 11:47:24.479430,2025-04-26 11:47:51.878361,0 days 00:00:27.398931,1,59,271,147.0,398.0,,3,68,0.19764638942158788,0.0021498392966747427,0.6,/work3/arnaou/checkpoints/megnet_Pc_trial_2187_best_state.pt,"{'learning_rate': 0.0021498392966747427, 'lr_reduce': 0.6}",TPESampler,COMPLETE
2188,0.13488933444023132,2025-04-26 11:47:33.822467,2025-04-26 11:48:06.073894,0 days 00:00:32.251427,2,58,65,226.0,359.0,,3,113,0.03773651244246487,0.004374214322184963,0.6,/work3/arnaou/checkpoints/megnet_Pc_trial_2188_best_state.pt,"{'learning_rate': 0.004374214322184963, 'lr_reduce': 0.6}",TPESampler,COMPLETE
2189,0.1453683227300644,2025-04-26 11:47:40.941196,2025-04-26 11:48:21.782834,0 days 00:00:40.841638,2,62,206,,,,1,91,0.14455049866673186,0.009881374247334178,0.6,/work3/arnaou/checkpoints/megnet_Pc_trial_2189_best_state.pt,"{'learning_rate': 0.009881374247334178, 'lr_reduce': 0.6}",TPESampler,COMPLETE
2190,0.1484445184469223,2025-04-26 11:47:52.218859,2025-04-26 11:48:14.576547,0 days 00:00:22.357688,1,72,228,,,,1,78,0.1639841433402258,0.004049450507899307,0.6,/work3/arnaou/checkpoints/megnet_Pc_trial_2190_best_state.pt,"{'learning_rate': 0.004049450507899307, 'lr_reduce': 0.6}",TPESampler,COMPLETE
2191,0.13487835228443146,2025-04-26 11:48:06.268142,2025-04-26 11:48:28.958122,0 days 00:00:22.689980,1,52,240,100.0,407.0,142.0,4,105,0.003857860115396441,0.003967693453227927,0.6,/work3/arnaou/checkpoints/megnet_Pc_trial_2191_best_state.pt,"{'learning_rate': 0.003967693453227927, 'lr_reduce': 0.6}",TPESampler,COMPLETE
2192,0.115639328956604,2025-04-26 11:48:14.836368,2025-04-26 11:48:48.333045,0 days 00:00:33.496677,1,76,193,,,,1,79,0.20729349775761247,0.002391222074854736,0.6,/work3/arnaou/checkpoints/megnet_Pc_trial_2192_best_state.pt,"{'learning_rate': 0.002391222074854736, 'lr_reduce': 0.6}",TPESampler,COMPLETE
2193,0.8871243000030518,2025-04-26 11:48:22.012585,2025-04-26 11:48:26.336712,0 days 00:00:04.324127,1,88,101,,,,1,97,0.223328401409043,0.00025376221064952965,0.6,/work3/arnaou/checkpoints/megnet_Pc_trial_2193_best_state.pt,"{'learning_rate': 0.00025376221064952965, 'lr_reduce': 0.6}",TPESampler,COMPLETE
2194,0.07766551524400711,2025-04-26 11:48:26.544583,2025-04-26 11:49:03.066077,0 days 00:00:36.521494,1,102,194,,,,1,112,0.2429348105378552,0.0034478271447503407,0.6,/work3/arnaou/checkpoints/megnet_Pc_trial_2194_best_state.pt,"{'learning_rate': 0.0034478271447503407, 'lr_reduce': 0.6}",TPESampler,COMPLETE
2195,0.13554073870182037,2025-04-26 11:48:29.207669,2025-04-26 11:48:55.530467,0 days 00:00:26.322798,1,79,199,,,,1,95,0.16950678287889243,0.0009935033959796093,0.6,/work3/arnaou/checkpoints/megnet_Pc_trial_2195_best_state.pt,"{'learning_rate': 0.0009935033959796093, 'lr_reduce': 0.6}",TPESampler,COMPLETE
2196,0.8863194584846497,2025-04-26 11:48:48.534269,2025-04-26 11:48:54.322650,0 days 00:00:05.788381,2,32,334,120.0,365.0,388.0,4,79,0.21993163495799126,0.00023627370922651558,0.6,/work3/arnaou/checkpoints/megnet_Pc_trial_2196_best_state.pt,"{'learning_rate': 0.00023627370922651558, 'lr_reduce': 0.6}",TPESampler,COMPLETE
2197,0.2820025682449341,2025-04-26 11:48:54.581679,2025-04-26 11:49:32.132351,0 days 00:00:37.550672,2,62,101,,,,1,103,0.17508045982837772,0.007050649084254902,0.6,/work3/arnaou/checkpoints/megnet_Pc_trial_2197_best_state.pt,"{'learning_rate': 0.007050649084254902, 'lr_reduce': 0.6}",TPESampler,COMPLETE
2198,0.11690361052751541,2025-04-26 11:48:55.786496,2025-04-26 11:49:29.420208,0 days 00:00:33.633712,2,81,345,,,,1,83,0.1814009770473419,0.00538839178540192,0.6,/work3/arnaou/checkpoints/megnet_Pc_trial_2198_best_state.pt,"{'learning_rate': 0.00538839178540192, 'lr_reduce': 0.6}",TPESampler,COMPLETE
2199,0.1341955065727234,2025-04-26 11:49:03.339892,2025-04-26 11:49:34.814752,0 days 00:00:31.474860,1,57,279,,,,1,72,0.13249846517372071,0.006557022859272685,0.6,/work3/arnaou/checkpoints/megnet_Pc_trial_2199_best_state.pt,"{'learning_rate': 0.006557022859272685, 'lr_reduce': 0.6}",TPESampler,COMPLETE
2200,0.8878386616706848,2025-04-26 11:49:29.619105,2025-04-26 11:49:36.887288,0 days 00:00:07.268183,2,36,432,,,,1,124,0.16805870319403693,0.00021129978911531337,0.6,/work3/arnaou/checkpoints/megnet_Pc_trial_2200_best_state.pt,"{'learning_rate': 0.00021129978911531337, 'lr_reduce': 0.6}",TPESampler,COMPLETE
2201,0.13907299935817719,2025-04-26 11:49:32.346030,2025-04-26 11:49:55.930646,0 days 00:00:23.584616,1,101,420,192.0,,,2,120,0.22210170401942608,0.007978780953561006,0.6,/work3/arnaou/checkpoints/megnet_Pc_trial_2201_best_state.pt,"{'learning_rate': 0.007978780953561006, 'lr_reduce': 0.6}",TPESampler,COMPLETE
2202,0.166331484913826,2025-04-26 11:49:35.045049,2025-04-26 11:50:00.859189,0 days 00:00:25.814140,2,57,411,267.0,419.0,,3,100,0.15299957569357972,0.007656934897804783,0.6,/work3/arnaou/checkpoints/megnet_Pc_trial_2202_best_state.pt,"{'learning_rate': 0.007656934897804783, 'lr_reduce': 0.6}",TPESampler,COMPLETE
2203,0.8868600726127625,2025-04-26 11:49:37.123111,2025-04-26 11:49:43.088139,0 days 00:00:05.965028,3,60,450,231.0,361.0,,3,73,0.01971665202821521,0.0004115773378032891,0.6,/work3/arnaou/checkpoints/megnet_Pc_trial_2203_best_state.pt,"{'learning_rate': 0.0004115773378032891, 'lr_reduce': 0.6}",TPESampler,COMPLETE
