number,value,datetime_start,datetime_complete,duration,params_depth,params_edge_hidden_dim,params_mlp_dim_00,params_mlp_dim_01,params_mlp_dim_02,params_mlp_dim_03,params_mlp_n_layers,params_node_hidden_dim,params_rep_dropout,params_train_learning_rate,params_train_lr_reduce,user_attrs_best_state_dict_path,user_attrs_training_params,system_attrs_auto:sampler,state
2065,0.8869954347610474,2025-04-26 11:31:38.198413,2025-04-26 11:31:43.363380,0 days 00:00:05.164967,3,75,363,,,,1,97,0.2056287715843966,0.00011445546549522514,0.6,/work3/arnaou/checkpoints/megnet_Pc_trial_2065_best_state.pt,"{'learning_rate': 0.00011445546549522514, 'lr_reduce': 0.6}",TPESampler,COMPLETE
2066,0.11309096217155457,2025-04-26 11:31:40.741888,2025-04-26 11:32:13.080020,0 days 00:00:32.338132,1,37,456,,,,1,62,0.17649135657868692,0.009817914792246784,0.6,/work3/arnaou/checkpoints/megnet_Pc_trial_2066_best_state.pt,"{'learning_rate': 0.009817914792246784, 'lr_reduce': 0.6}",TPESampler,COMPLETE
2067,0.1879044622182846,2025-04-26 11:31:43.599969,2025-04-26 11:32:10.317660,0 days 00:00:26.717691,2,60,272,234.0,,,2,105,0.23254015874990322,0.001010015358914642,0.6,/work3/arnaou/checkpoints/megnet_Pc_trial_2067_best_state.pt,"{'learning_rate': 0.001010015358914642, 'lr_reduce': 0.6}",TPESampler,COMPLETE
2068,0.8873409032821655,2025-04-26 11:32:06.070448,2025-04-26 11:32:11.610979,0 days 00:00:05.540531,2,127,502,65.0,487.0,440.0,4,39,0.24458604259827738,0.000452116499797153,0.6,/work3/arnaou/checkpoints/megnet_Pc_trial_2068_best_state.pt,"{'learning_rate': 0.000452116499797153, 'lr_reduce': 0.6}",TPESampler,COMPLETE
2069,0.16261741518974304,2025-04-26 11:32:10.584193,2025-04-26 11:32:26.592028,0 days 00:00:16.007835,1,53,107,,,,1,103,0.008167279829156257,0.005552078405367923,0.6,/work3/arnaou/checkpoints/megnet_Pc_trial_2069_best_state.pt,"{'learning_rate': 0.005552078405367923, 'lr_reduce': 0.6}",TPESampler,COMPLETE
2070,0.09245861321687698,2025-04-26 11:32:11.815270,2025-04-26 11:32:32.837972,0 days 00:00:21.022702,1,116,336,450.0,,,2,126,0.1760607538589704,0.0038172975956078875,0.6,/work3/arnaou/checkpoints/megnet_Pc_trial_2070_best_state.pt,"{'learning_rate': 0.0038172975956078875, 'lr_reduce': 0.6}",TPESampler,COMPLETE
2071,0.1748577505350113,2025-04-26 11:32:13.345513,2025-04-26 11:32:26.557047,0 days 00:00:13.211534,1,73,329,371.0,,,2,90,0.13715249217181524,0.0031147828423852193,0.6,/work3/arnaou/checkpoints/megnet_Pc_trial_2071_best_state.pt,"{'learning_rate': 0.0031147828423852193, 'lr_reduce': 0.6}",TPESampler,COMPLETE
2072,0.17940162122249603,2025-04-26 11:32:26.711513,2025-04-26 11:32:43.738167,0 days 00:00:17.026654,2,50,234,,,,1,96,0.248797674931393,0.003084633914943123,0.6,/work3/arnaou/checkpoints/megnet_Pc_trial_2072_best_state.pt,"{'learning_rate': 0.003084633914943123, 'lr_reduce': 0.6}",TPESampler,COMPLETE
2073,0.08432963490486145,2025-04-26 11:32:26.742348,2025-04-26 11:32:58.400861,0 days 00:00:31.658513,2,45,506,426.0,,,2,81,0.16421304267509032,0.00934920936462643,0.6,/work3/arnaou/checkpoints/megnet_Pc_trial_2073_best_state.pt,"{'learning_rate': 0.00934920936462643, 'lr_reduce': 0.6}",TPESampler,COMPLETE
2074,0.886812686920166,2025-04-26 11:32:33.119296,2025-04-26 11:32:39.156536,0 days 00:00:06.037240,2,89,401,180.0,423.0,98.0,4,35,0.1782481086825024,0.008515083639814413,0.6,/work3/arnaou/checkpoints/megnet_Pc_trial_2074_best_state.pt,"{'learning_rate': 0.008515083639814413, 'lr_reduce': 0.6}",TPESampler,COMPLETE
2075,0.10212959349155426,2025-04-26 11:32:39.399361,2025-04-26 11:33:20.412063,0 days 00:00:41.012702,2,49,321,128.0,,,2,122,0.16250788087569965,0.004521666074279114,0.6,/work3/arnaou/checkpoints/megnet_Pc_trial_2075_best_state.pt,"{'learning_rate': 0.004521666074279114, 'lr_reduce': 0.6}",TPESampler,COMPLETE
2076,0.1409745216369629,2025-04-26 11:32:43.983905,2025-04-26 11:33:16.243126,0 days 00:00:32.259221,1,47,352,,,,1,88,0.1617844902559745,0.003553352438509082,0.6,/work3/arnaou/checkpoints/megnet_Pc_trial_2076_best_state.pt,"{'learning_rate': 0.003553352438509082, 'lr_reduce': 0.6}",TPESampler,COMPLETE
2077,0.1277923882007599,2025-04-26 11:32:58.594864,2025-04-26 11:33:29.570045,0 days 00:00:30.975181,2,100,195,231.0,,,2,102,0.15550447484495886,0.006511462231014537,0.6,/work3/arnaou/checkpoints/megnet_Pc_trial_2077_best_state.pt,"{'learning_rate': 0.006511462231014537, 'lr_reduce': 0.6}",TPESampler,COMPLETE
2078,0.11381879448890686,2025-04-26 11:33:16.444324,2025-04-26 11:33:45.554194,0 days 00:00:29.109870,1,72,336,479.0,429.0,,3,109,0.06091300939583358,0.005284264170436394,0.6,/work3/arnaou/checkpoints/megnet_Pc_trial_2078_best_state.pt,"{'learning_rate': 0.005284264170436394, 'lr_reduce': 0.6}",TPESampler,COMPLETE
2079,0.08289400488138199,2025-04-26 11:33:20.661784,2025-04-26 11:33:46.110182,0 days 00:00:25.448398,1,51,398,415.0,,,2,100,0.1713107198018928,0.006315812483947326,0.6,/work3/arnaou/checkpoints/megnet_Pc_trial_2079_best_state.pt,"{'learning_rate': 0.006315812483947326, 'lr_reduce': 0.6}",TPESampler,COMPLETE
2080,0.1438887119293213,2025-04-26 11:33:29.816190,2025-04-26 11:33:50.453952,0 days 00:00:20.637762,1,56,285,375.0,,,2,103,0.04267923887778701,0.002731073311638371,0.6,/work3/arnaou/checkpoints/megnet_Pc_trial_2080_best_state.pt,"{'learning_rate': 0.002731073311638371, 'lr_reduce': 0.6}",TPESampler,COMPLETE
2081,0.15580551326274872,2025-04-26 11:33:45.918022,2025-04-26 11:34:06.939112,0 days 00:00:21.021090,1,59,321,,,,1,107,0.22838922737063722,0.003144106938491779,0.6,/work3/arnaou/checkpoints/megnet_Pc_trial_2081_best_state.pt,"{'learning_rate': 0.003144106938491779, 'lr_reduce': 0.6}",TPESampler,COMPLETE
2082,0.25388574600219727,2025-04-26 11:33:46.327263,2025-04-26 11:34:30.090851,0 days 00:00:43.763588,1,103,231,374.0,486.0,68.0,4,105,0.17102617214789118,0.00014698385933566542,0.6,/work3/arnaou/checkpoints/megnet_Pc_trial_2082_best_state.pt,"{'learning_rate': 0.00014698385933566542, 'lr_reduce': 0.6}",TPESampler,COMPLETE
2083,0.16730254888534546,2025-04-26 11:33:50.685865,2025-04-26 11:34:27.352153,0 days 00:00:36.666288,1,66,276,167.0,435.0,,3,85,0.1725574283798332,0.009827288914662346,0.6,/work3/arnaou/checkpoints/megnet_Pc_trial_2083_best_state.pt,"{'learning_rate': 0.009827288914662346, 'lr_reduce': 0.6}",TPESampler,COMPLETE
2084,0.10596580058336258,2025-04-26 11:34:07.139296,2025-04-26 11:34:42.287077,0 days 00:00:35.147781,1,51,479,457.0,478.0,132.0,4,95,0.05950536113664104,0.0015396707352367993,0.6,/work3/arnaou/checkpoints/megnet_Pc_trial_2084_best_state.pt,"{'learning_rate': 0.0015396707352367993, 'lr_reduce': 0.6}",TPESampler,COMPLETE
2085,0.8866299390792847,2025-04-26 11:34:27.546941,2025-04-26 11:34:32.370564,0 days 00:00:04.823623,1,128,196,,,,1,70,0.1873026053565554,0.00013958385266527916,0.6,/work3/arnaou/checkpoints/megnet_Pc_trial_2085_best_state.pt,"{'learning_rate': 0.00013958385266527916, 'lr_reduce': 0.6}",TPESampler,COMPLETE
2086,0.19242973625659943,2025-04-26 11:34:30.333363,2025-04-26 11:35:04.623657,0 days 00:00:34.290294,2,94,376,240.0,64.0,,3,122,0.09984555422907065,0.0025855039125667395,0.6,/work3/arnaou/checkpoints/megnet_Pc_trial_2086_best_state.pt,"{'learning_rate': 0.0025855039125667395, 'lr_reduce': 0.6}",TPESampler,COMPLETE
2087,0.1569758802652359,2025-04-26 11:34:32.603854,2025-04-26 11:34:53.599755,0 days 00:00:20.995901,2,56,349,418.0,428.0,,3,113,0.023675357127918593,0.0036311315981644504,0.6,/work3/arnaou/checkpoints/megnet_Pc_trial_2087_best_state.pt,"{'learning_rate': 0.0036311315981644504, 'lr_reduce': 0.6}",TPESampler,COMPLETE
2088,0.1489131599664688,2025-04-26 11:34:42.557341,2025-04-26 11:34:55.767051,0 days 00:00:13.209710,1,76,109,,,,1,87,0.05790008728053043,0.0032017147627734026,0.6,/work3/arnaou/checkpoints/megnet_Pc_trial_2088_best_state.pt,"{'learning_rate': 0.0032017147627734026, 'lr_reduce': 0.6}",TPESampler,COMPLETE
2089,0.15159796178340912,2025-04-26 11:34:53.777154,2025-04-26 11:35:32.279700,0 days 00:00:38.502546,2,116,133,370.0,414.0,474.0,4,90,0.22945449521267677,0.0014099516416093837,0.6,/work3/arnaou/checkpoints/megnet_Pc_trial_2089_best_state.pt,"{'learning_rate': 0.0014099516416093837, 'lr_reduce': 0.6}",TPESampler,COMPLETE
2090,0.1642356663942337,2025-04-26 11:34:56.010577,2025-04-26 11:35:19.539978,0 days 00:00:23.529401,1,50,364,406.0,466.0,,3,111,0.06903810111086835,0.005766084699916146,0.6,/work3/arnaou/checkpoints/megnet_Pc_trial_2090_best_state.pt,"{'learning_rate': 0.005766084699916146, 'lr_reduce': 0.6}",TPESampler,COMPLETE
2091,0.16611327230930328,2025-04-26 11:35:04.853798,2025-04-26 11:35:24.054797,0 days 00:00:19.200999,1,76,354,132.0,437.0,385.0,4,127,0.048985961751664815,0.003713948468274206,0.6,/work3/arnaou/checkpoints/megnet_Pc_trial_2091_best_state.pt,"{'learning_rate': 0.003713948468274206, 'lr_reduce': 0.6}",TPESampler,COMPLETE
2092,0.8876394033432007,2025-04-26 11:35:19.736842,2025-04-26 11:35:26.147428,0 days 00:00:06.410586,4,58,199,239.0,508.0,,3,47,0.11462695892872665,0.002349845776315262,0.6,/work3/arnaou/checkpoints/megnet_Pc_trial_2092_best_state.pt,"{'learning_rate': 0.002349845776315262, 'lr_reduce': 0.6}",TPESampler,COMPLETE
2093,0.17565405368804932,2025-04-26 11:35:24.285446,2025-04-26 11:35:49.818322,0 days 00:00:25.532876,1,35,488,484.0,,,2,102,0.13580436599522525,0.004156593435123128,0.6,/work3/arnaou/checkpoints/megnet_Pc_trial_2093_best_state.pt,"{'learning_rate': 0.004156593435123128, 'lr_reduce': 0.6}",TPESampler,COMPLETE
2094,0.0723956823348999,2025-04-26 11:35:26.373951,2025-04-26 11:35:59.122968,0 days 00:00:32.749017,1,34,64,416.0,,,2,110,0.033095356215400634,0.008074021213711252,0.6,/work3/arnaou/checkpoints/megnet_Pc_trial_2094_best_state.pt,"{'learning_rate': 0.008074021213711252, 'lr_reduce': 0.6}",TPESampler,COMPLETE
2095,0.11280761659145355,2025-04-26 11:35:32.497106,2025-04-26 11:35:56.599715,0 days 00:00:24.102609,1,32,210,510.0,417.0,,3,128,0.04570145922816812,0.0030960003243792875,0.6,/work3/arnaou/checkpoints/megnet_Pc_trial_2095_best_state.pt,"{'learning_rate': 0.0030960003243792875, 'lr_reduce': 0.6}",TPESampler,COMPLETE
2096,0.08809515833854675,2025-04-26 11:35:50.010685,2025-04-26 11:36:13.454142,0 days 00:00:23.443457,1,40,378,372.0,421.0,,3,128,0.2077054464766387,0.006828144080541954,0.6,/work3/arnaou/checkpoints/megnet_Pc_trial_2096_best_state.pt,"{'learning_rate': 0.006828144080541954, 'lr_reduce': 0.6}",TPESampler,COMPLETE
2097,0.19064827263355255,2025-04-26 11:35:56.814596,2025-04-26 11:36:10.357462,0 days 00:00:13.542866,1,85,322,,,,1,96,0.15083955292128864,0.0036540957690855483,0.6,/work3/arnaou/checkpoints/megnet_Pc_trial_2097_best_state.pt,"{'learning_rate': 0.0036540957690855483, 'lr_reduce': 0.6}",TPESampler,COMPLETE
2098,0.1491115540266037,2025-04-26 11:35:59.359355,2025-04-26 11:36:27.991139,0 days 00:00:28.631784,1,53,397,444.0,,,2,92,0.18230941826042457,0.005603187666687703,0.6,/work3/arnaou/checkpoints/megnet_Pc_trial_2098_best_state.pt,"{'learning_rate': 0.005603187666687703, 'lr_reduce': 0.6}",TPESampler,COMPLETE
2099,0.23223759233951569,2025-04-26 11:36:10.523046,2025-04-26 11:36:38.157266,0 days 00:00:27.634220,2,124,75,453.0,120.0,126.0,4,72,0.1078717522906506,0.0019170802483964653,0.6,/work3/arnaou/checkpoints/megnet_Pc_trial_2099_best_state.pt,"{'learning_rate': 0.0019170802483964653, 'lr_reduce': 0.6}",TPESampler,COMPLETE
2100,0.11224616318941116,2025-04-26 11:36:13.687205,2025-04-26 11:36:38.494366,0 days 00:00:24.807161,1,45,187,206.0,,,2,108,0.03601113844366159,0.004242889987863935,0.6,/work3/arnaou/checkpoints/megnet_Pc_trial_2100_best_state.pt,"{'learning_rate': 0.004242889987863935, 'lr_reduce': 0.6}",TPESampler,COMPLETE
2101,0.13280454277992249,2025-04-26 11:36:28.175318,2025-04-26 11:36:49.392868,0 days 00:00:21.217550,1,47,76,461.0,,,2,113,0.038444266269010575,0.0038796831292952066,0.6,/work3/arnaou/checkpoints/megnet_Pc_trial_2101_best_state.pt,"{'learning_rate': 0.0038796831292952066, 'lr_reduce': 0.6}",TPESampler,COMPLETE
2102,0.1136975809931755,2025-04-26 11:36:38.414825,2025-04-26 11:37:06.129888,0 days 00:00:27.715063,1,39,370,430.0,396.0,,3,95,0.14483697704534937,0.004180253331598152,0.6,/work3/arnaou/checkpoints/megnet_Pc_trial_2102_best_state.pt,"{'learning_rate': 0.004180253331598152, 'lr_reduce': 0.6}",TPESampler,COMPLETE
2103,0.09876192361116409,2025-04-26 11:36:38.783517,2025-04-26 11:37:17.094671,0 days 00:00:38.311154,1,41,400,105.0,,,2,81,0.12297416959592601,0.008712263228574163,0.6,/work3/arnaou/checkpoints/megnet_Pc_trial_2103_best_state.pt,"{'learning_rate': 0.008712263228574163, 'lr_reduce': 0.6}",TPESampler,COMPLETE
2104,0.23359404504299164,2025-04-26 11:36:49.625458,2025-04-26 11:37:12.199976,0 days 00:00:22.574518,2,67,85,177.0,390.0,,3,93,0.0008670385903632657,0.005619888217112302,0.6,/work3/arnaou/checkpoints/megnet_Pc_trial_2104_best_state.pt,"{'learning_rate': 0.005619888217112302, 'lr_reduce': 0.6}",TPESampler,COMPLETE
2105,0.12036532163619995,2025-04-26 11:37:06.304830,2025-04-26 11:37:26.280652,0 days 00:00:19.975822,1,39,95,249.0,,,2,112,0.036394087398115185,0.002428123193830932,0.6,/work3/arnaou/checkpoints/megnet_Pc_trial_2105_best_state.pt,"{'learning_rate': 0.002428123193830932, 'lr_reduce': 0.6}",TPESampler,COMPLETE
2106,0.1523979753255844,2025-04-26 11:37:12.452405,2025-04-26 11:37:33.724091,0 days 00:00:21.271686,2,33,115,425.0,,,2,100,0.04457031583288215,0.003956621870929938,0.6,/work3/arnaou/checkpoints/megnet_Pc_trial_2106_best_state.pt,"{'learning_rate': 0.003956621870929938, 'lr_reduce': 0.6}",TPESampler,COMPLETE
2107,0.1243317723274231,2025-04-26 11:37:17.326132,2025-04-26 11:37:38.633363,0 days 00:00:21.307231,1,47,90,136.0,,,2,113,6.239346551670244e-05,0.0026821581605009927,0.6,/work3/arnaou/checkpoints/megnet_Pc_trial_2107_best_state.pt,"{'learning_rate': 0.0026821581605009927, 'lr_reduce': 0.6}",TPESampler,COMPLETE
2108,0.11701391637325287,2025-04-26 11:37:26.507949,2025-04-26 11:37:51.264941,0 days 00:00:24.756992,2,34,167,403.0,,,2,118,0.022532464931876293,0.008279529624319281,0.6,/work3/arnaou/checkpoints/megnet_Pc_trial_2108_best_state.pt,"{'learning_rate': 0.008279529624319281, 'lr_reduce': 0.6}",TPESampler,COMPLETE
2109,0.12808233499526978,2025-04-26 11:37:33.960070,2025-04-26 11:37:53.300084,0 days 00:00:19.340014,1,41,72,468.0,,,2,106,0.022658144128089967,0.005251554409448637,0.6,/work3/arnaou/checkpoints/megnet_Pc_trial_2109_best_state.pt,"{'learning_rate': 0.005251554409448637, 'lr_reduce': 0.6}",TPESampler,COMPLETE
2110,0.18230368196964264,2025-04-26 11:37:38.843495,2025-04-26 11:38:01.457822,0 days 00:00:22.614327,1,39,90,243.0,,,2,123,0.014882531106744715,0.008127455963231946,0.6,/work3/arnaou/checkpoints/megnet_Pc_trial_2110_best_state.pt,"{'learning_rate': 0.008127455963231946, 'lr_reduce': 0.6}",TPESampler,COMPLETE
2111,0.24000844359397888,2025-04-26 11:37:51.439347,2025-04-26 11:38:07.443318,0 days 00:00:16.003971,2,88,253,90.0,107.0,,3,98,0.2064982594044457,0.003225587022640819,0.6,/work3/arnaou/checkpoints/megnet_Pc_trial_2111_best_state.pt,"{'learning_rate': 0.003225587022640819, 'lr_reduce': 0.6}",TPESampler,COMPLETE
2112,0.1703263372182846,2025-04-26 11:37:53.507779,2025-04-26 11:38:19.397086,0 days 00:00:25.889307,2,37,484,,,,1,78,0.1649884825395265,0.004697094579554426,0.6,/work3/arnaou/checkpoints/megnet_Pc_trial_2112_best_state.pt,"{'learning_rate': 0.004697094579554426, 'lr_reduce': 0.6}",TPESampler,COMPLETE
2113,0.09942641854286194,2025-04-26 11:38:01.742201,2025-04-26 11:38:35.126130,0 days 00:00:33.383929,1,43,139,421.0,,,2,99,0.07461356441830094,0.007101925316632477,0.6,/work3/arnaou/checkpoints/megnet_Pc_trial_2113_best_state.pt,"{'learning_rate': 0.007101925316632477, 'lr_reduce': 0.6}",TPESampler,COMPLETE
2114,0.09267730265855789,2025-04-26 11:38:07.646816,2025-04-26 11:38:42.119788,0 days 00:00:34.472972,1,38,88,372.0,,,2,95,0.0321026384827806,0.009581651012814614,0.6,/work3/arnaou/checkpoints/megnet_Pc_trial_2114_best_state.pt,"{'learning_rate': 0.009581651012814614, 'lr_reduce': 0.6}",TPESampler,COMPLETE
2115,0.6498039960861206,2025-04-26 11:38:19.593696,2025-04-26 11:38:26.269089,0 days 00:00:06.675393,2,51,87,197.0,,,2,101,0.06243090977350368,0.008504230738613052,0.6,/work3/arnaou/checkpoints/megnet_Pc_trial_2115_best_state.pt,"{'learning_rate': 0.008504230738613052, 'lr_reduce': 0.6}",TPESampler,COMPLETE
2116,0.8867232799530029,2025-04-26 11:38:26.510654,2025-04-26 11:38:32.745294,0 days 00:00:06.234640,4,41,368,439.0,,,2,78,0.03641574800772274,0.00013792681713191562,0.6,/work3/arnaou/checkpoints/megnet_Pc_trial_2116_best_state.pt,"{'learning_rate': 0.00013792681713191562, 'lr_reduce': 0.6}",TPESampler,COMPLETE
2117,0.10763822495937347,2025-04-26 11:38:32.976480,2025-04-26 11:38:59.548146,0 days 00:00:26.571666,1,42,117,480.0,,,2,122,0.06700707644684853,0.009204440893507231,0.6,/work3/arnaou/checkpoints/megnet_Pc_trial_2117_best_state.pt,"{'learning_rate': 0.009204440893507231, 'lr_reduce': 0.6}",TPESampler,COMPLETE
2118,0.10116348415613174,2025-04-26 11:38:35.402865,2025-04-26 11:39:10.028874,0 days 00:00:34.626009,1,53,242,252.0,,,2,95,0.0722319917917034,0.0063009170700609775,0.6,/work3/arnaou/checkpoints/megnet_Pc_trial_2118_best_state.pt,"{'learning_rate': 0.0063009170700609775, 'lr_reduce': 0.6}",TPESampler,COMPLETE
2119,0.14321553707122803,2025-04-26 11:38:42.388236,2025-04-26 11:39:16.628364,0 days 00:00:34.240128,2,45,66,148.0,,,2,112,0.05424383147915285,0.004796409974430282,0.6,/work3/arnaou/checkpoints/megnet_Pc_trial_2119_best_state.pt,"{'learning_rate': 0.004796409974430282, 'lr_reduce': 0.6}",TPESampler,COMPLETE
2120,0.42862454056739807,2025-04-26 11:38:59.751992,2025-04-26 11:39:10.089490,0 days 00:00:10.337498,2,40,397,371.0,386.0,113.0,4,85,0.028958506150787405,0.008498501307707058,0.6,/work3/arnaou/checkpoints/megnet_Pc_trial_2120_best_state.pt,"{'learning_rate': 0.008498501307707058, 'lr_reduce': 0.6}",TPESampler,COMPLETE
2121,0.221377432346344,2025-04-26 11:39:10.223900,2025-04-26 11:39:37.093772,0 days 00:00:26.869872,1,32,195,,,,1,101,0.04391286271165754,0.004700511772717885,0.6,/work3/arnaou/checkpoints/megnet_Pc_trial_2121_best_state.pt,"{'learning_rate': 0.004700511772717885, 'lr_reduce': 0.6}",TPESampler,COMPLETE
2122,0.10070592910051346,2025-04-26 11:39:10.520803,2025-04-26 11:39:33.757411,0 days 00:00:23.236608,1,37,174,411.0,,,2,105,0.05853046694738043,0.00754154227805433,0.6,/work3/arnaou/checkpoints/megnet_Pc_trial_2122_best_state.pt,"{'learning_rate': 0.00754154227805433, 'lr_reduce': 0.6}",TPESampler,COMPLETE
2123,0.886844277381897,2025-04-26 11:39:16.876475,2025-04-26 11:39:23.794587,0 days 00:00:06.918112,4,53,504,,,,1,109,0.21649746097703726,0.0017533585823027254,0.6,/work3/arnaou/checkpoints/megnet_Pc_trial_2123_best_state.pt,"{'learning_rate': 0.0017533585823027254, 'lr_reduce': 0.6}",TPESampler,COMPLETE
2124,0.2003011405467987,2025-04-26 11:39:24.017538,2025-04-26 11:39:41.151496,0 days 00:00:17.133958,1,37,156,,,,1,126,0.04970960067466238,0.0008126450666507354,0.6,/work3/arnaou/checkpoints/megnet_Pc_trial_2124_best_state.pt,"{'learning_rate': 0.0008126450666507354, 'lr_reduce': 0.6}",TPESampler,COMPLETE
2125,0.1430007517337799,2025-04-26 11:39:34.003036,2025-04-26 11:39:57.886112,0 days 00:00:23.883076,1,44,75,263.0,,,2,121,0.10383110481145948,0.009827039562323819,0.6,/work3/arnaou/checkpoints/megnet_Pc_trial_2125_best_state.pt,"{'learning_rate': 0.009827039562323819, 'lr_reduce': 0.6}",TPESampler,COMPLETE
2126,0.12633739411830902,2025-04-26 11:39:37.320304,2025-04-26 11:39:55.627340,0 days 00:00:18.307036,1,40,446,370.0,,,2,74,0.22314100807846024,0.004651697936396698,0.6,/work3/arnaou/checkpoints/megnet_Pc_trial_2126_best_state.pt,"{'learning_rate': 0.004651697936396698, 'lr_reduce': 0.6}",TPESampler,COMPLETE
2127,0.1344914436340332,2025-04-26 11:39:41.361243,2025-04-26 11:40:17.114784,0 days 00:00:35.753541,2,37,381,202.0,389.0,,3,123,0.1511393336869719,0.00274829528694278,0.6,/work3/arnaou/checkpoints/megnet_Pc_trial_2127_best_state.pt,"{'learning_rate': 0.00274829528694278, 'lr_reduce': 0.6}",TPESampler,COMPLETE
2128,0.8876968622207642,2025-04-26 11:39:55.829807,2025-04-26 11:40:05.301064,0 days 00:00:09.471257,4,74,507,447.0,393.0,131.0,4,107,0.1935985510983078,0.008341854644481797,0.6,/work3/arnaou/checkpoints/megnet_Pc_trial_2128_best_state.pt,"{'learning_rate': 0.008341854644481797, 'lr_reduce': 0.6}",TPESampler,COMPLETE
2129,0.1196056678891182,2025-04-26 11:39:58.099901,2025-04-26 11:40:35.069302,0 days 00:00:36.969401,1,34,127,121.0,,,2,102,0.07445627268729074,0.006674543182493515,0.6,/work3/arnaou/checkpoints/megnet_Pc_trial_2129_best_state.pt,"{'learning_rate': 0.006674543182493515, 'lr_reduce': 0.6}",TPESampler,COMPLETE
2130,0.14234475791454315,2025-04-26 11:40:05.520489,2025-04-26 11:40:40.705250,0 days 00:00:35.184761,1,38,82,410.0,,,2,106,0.028094019303970656,0.0042315676753324006,0.6,/work3/arnaou/checkpoints/megnet_Pc_trial_2130_best_state.pt,"{'learning_rate': 0.0042315676753324006, 'lr_reduce': 0.6}",TPESampler,COMPLETE
2131,0.12748074531555176,2025-04-26 11:40:17.305680,2025-04-26 11:40:46.442385,0 days 00:00:29.136705,1,42,512,171.0,,,2,56,0.10982046187121812,0.006694886643722381,0.6,/work3/arnaou/checkpoints/megnet_Pc_trial_2131_best_state.pt,"{'learning_rate': 0.006694886643722381, 'lr_reduce': 0.6}",TPESampler,COMPLETE
2132,0.11218533664941788,2025-04-26 11:40:35.275163,2025-04-26 11:40:48.818111,0 days 00:00:13.542948,1,48,98,,,,1,106,0.0322984283452561,0.006736545037773436,0.6,/work3/arnaou/checkpoints/megnet_Pc_trial_2132_best_state.pt,"{'learning_rate': 0.006736545037773436, 'lr_reduce': 0.6}",TPESampler,COMPLETE
2133,0.11857206374406815,2025-04-26 11:40:40.913503,2025-04-26 11:40:57.985897,0 days 00:00:17.072394,1,43,179,,,,1,125,0.003939010627126962,0.008013535919270882,0.6,/work3/arnaou/checkpoints/megnet_Pc_trial_2133_best_state.pt,"{'learning_rate': 0.008013535919270882, 'lr_reduce': 0.6}",TPESampler,COMPLETE
