number,value,datetime_start,datetime_complete,duration,params_depth,params_edge_hidden_dim,params_mlp_dim_00,params_mlp_dim_01,params_mlp_dim_02,params_mlp_dim_03,params_mlp_n_layers,params_node_hidden_dim,params_rep_dropout,params_train_learning_rate,params_train_lr_reduce,user_attrs_best_state_dict_path,user_attrs_training_params,system_attrs_auto:sampler,state
2204,0.08791185170412064,2025-04-26 11:49:43.361864,2025-04-26 11:50:12.225556,0 days 00:00:28.863692,1,49,237,,,,1,82,0.12952131071879602,0.00991291449046935,0.6,/work3/arnaou/checkpoints/megnet_Pc_trial_2204_best_state.pt,"{'learning_rate': 0.00991291449046935, 'lr_reduce': 0.6}",TPESampler,COMPLETE
2205,0.27036672830581665,2025-04-26 11:49:56.124531,2025-04-26 11:50:06.260463,0 days 00:00:10.135932,2,42,203,292.0,,,2,98,0.1536110342987381,0.004875151970566547,0.6,/work3/arnaou/checkpoints/megnet_Pc_trial_2205_best_state.pt,"{'learning_rate': 0.004875151970566547, 'lr_reduce': 0.6}",TPESampler,COMPLETE
2206,0.8868741393089294,2025-04-26 11:50:01.086556,2025-04-26 11:50:08.382152,0 days 00:00:07.295596,4,100,179,345.0,83.0,,3,110,0.009129397360398445,0.00030885033417970995,0.6,/work3/arnaou/checkpoints/megnet_Pc_trial_2206_best_state.pt,"{'learning_rate': 0.00030885033417970995, 'lr_reduce': 0.6}",TPESampler,COMPLETE
2207,0.7999787926673889,2025-04-26 11:50:06.490460,2025-04-26 11:50:12.558893,0 days 00:00:06.068433,2,92,174,176.0,404.0,,3,91,0.048649753343406946,0.008596211022110441,0.6,/work3/arnaou/checkpoints/megnet_Pc_trial_2207_best_state.pt,"{'learning_rate': 0.008596211022110441, 'lr_reduce': 0.6}",TPESampler,COMPLETE
2208,0.3017944395542145,2025-04-26 11:50:08.614914,2025-04-26 11:50:21.630062,0 days 00:00:13.015148,2,80,166,64.0,,,2,111,0.16019751850398906,0.0023155233827193257,0.6,/work3/arnaou/checkpoints/megnet_Pc_trial_2208_best_state.pt,"{'learning_rate': 0.0023155233827193257, 'lr_reduce': 0.6}",TPESampler,COMPLETE
2209,0.10980603843927383,2025-04-26 11:50:12.480597,2025-04-26 11:50:48.089907,0 days 00:00:35.609310,2,60,258,,,,1,81,0.17784624196091703,0.0049086160850450675,0.6,/work3/arnaou/checkpoints/megnet_Pc_trial_2209_best_state.pt,"{'learning_rate': 0.0049086160850450675, 'lr_reduce': 0.6}",TPESampler,COMPLETE
2210,0.09657184779644012,2025-04-26 11:50:12.858980,2025-04-26 11:50:31.305527,0 days 00:00:18.446547,1,41,66,257.0,,,2,114,0.04497475410050971,0.00796410803515905,0.6,/work3/arnaou/checkpoints/megnet_Pc_trial_2210_best_state.pt,"{'learning_rate': 0.00796410803515905, 'lr_reduce': 0.6}",TPESampler,COMPLETE
2211,0.365093469619751,2025-04-26 11:50:21.853427,2025-04-26 11:50:34.679723,0 days 00:00:12.826296,1,85,228,,,,1,97,0.1768432561168599,0.007115520064066462,0.6,/work3/arnaou/checkpoints/megnet_Pc_trial_2211_best_state.pt,"{'learning_rate': 0.007115520064066462, 'lr_reduce': 0.6}",TPESampler,COMPLETE
2212,0.08988108485937119,2025-04-26 11:50:31.534009,2025-04-26 11:51:06.644846,0 days 00:00:35.110837,1,44,91,,,,1,85,0.17456031302720884,0.0060764151944843045,0.6,/work3/arnaou/checkpoints/megnet_Pc_trial_2212_best_state.pt,"{'learning_rate': 0.0060764151944843045, 'lr_reduce': 0.6}",TPESampler,COMPLETE
2213,0.21289849281311035,2025-04-26 11:50:34.940472,2025-04-26 11:51:00.481706,0 days 00:00:25.541234,2,44,72,132.0,,,2,97,0.00286753187899114,0.004966142565422767,0.6,/work3/arnaou/checkpoints/megnet_Pc_trial_2213_best_state.pt,"{'learning_rate': 0.004966142565422767, 'lr_reduce': 0.6}",TPESampler,COMPLETE
2214,0.12002638727426529,2025-04-26 11:50:48.338625,2025-04-26 11:51:17.050443,0 days 00:00:28.711818,1,63,411,337.0,,,2,67,0.09261656059670767,0.0035492588718890913,0.6,/work3/arnaou/checkpoints/megnet_Pc_trial_2214_best_state.pt,"{'learning_rate': 0.0035492588718890913, 'lr_reduce': 0.6}",TPESampler,COMPLETE
2215,0.10510658472776413,2025-04-26 11:51:00.663866,2025-04-26 11:51:20.077441,0 days 00:00:19.413575,1,39,337,285.0,,,2,96,0.1431286084540242,0.005341188655198073,0.6,/work3/arnaou/checkpoints/megnet_Pc_trial_2215_best_state.pt,"{'learning_rate': 0.005341188655198073, 'lr_reduce': 0.6}",TPESampler,COMPLETE
2216,0.1795072704553604,2025-04-26 11:51:06.900752,2025-04-26 11:51:17.605657,0 days 00:00:10.704905,1,46,137,226.0,,,2,108,0.0007274729672114011,0.0069268271801244405,0.6,/work3/arnaou/checkpoints/megnet_Pc_trial_2216_best_state.pt,"{'learning_rate': 0.0069268271801244405, 'lr_reduce': 0.6}",TPESampler,COMPLETE
2217,0.21127982437610626,2025-04-26 11:51:17.283852,2025-04-26 11:51:33.245633,0 days 00:00:15.961781,1,126,297,102.0,,,2,107,0.16504130584840707,0.007427398250809627,0.6,/work3/arnaou/checkpoints/megnet_Pc_trial_2217_best_state.pt,"{'learning_rate': 0.007427398250809627, 'lr_reduce': 0.6}",TPESampler,COMPLETE
2218,0.3876432180404663,2025-04-26 11:51:17.857694,2025-04-26 11:51:48.606124,0 days 00:00:30.748430,1,51,222,,,,1,94,0.13627734851449796,0.00943061708936652,0.6,/work3/arnaou/checkpoints/megnet_Pc_trial_2218_best_state.pt,"{'learning_rate': 0.00943061708936652, 'lr_reduce': 0.6}",TPESampler,COMPLETE
2219,0.08474654704332352,2025-04-26 11:51:20.340715,2025-04-26 11:51:51.520074,0 days 00:00:31.179359,1,81,426,341.0,357.0,,3,105,0.1564110467039207,0.009580349135083538,0.6,/work3/arnaou/checkpoints/megnet_Pc_trial_2219_best_state.pt,"{'learning_rate': 0.009580349135083538, 'lr_reduce': 0.6}",TPESampler,COMPLETE
2220,0.886737048625946,2025-04-26 11:51:33.444435,2025-04-26 11:51:40.041514,0 days 00:00:06.597079,2,71,423,191.0,415.0,,3,124,0.23717441472712708,0.00011007586745844571,0.6,/work3/arnaou/checkpoints/megnet_Pc_trial_2220_best_state.pt,"{'learning_rate': 0.00011007586745844571, 'lr_reduce': 0.6}",TPESampler,COMPLETE
2221,0.13241735100746155,2025-04-26 11:51:40.262783,2025-04-26 11:52:26.493453,0 days 00:00:46.230670,4,88,243,289.0,,,2,45,0.2488873456792212,0.004797017961014464,0.6,/work3/arnaou/checkpoints/megnet_Pc_trial_2221_best_state.pt,"{'learning_rate': 0.004797017961014464, 'lr_reduce': 0.6}",TPESampler,COMPLETE
2222,0.0730963796377182,2025-04-26 11:51:48.827024,2025-04-26 11:52:23.398327,0 days 00:00:34.571303,1,38,75,344.0,177.0,,3,100,0.07718361891823303,0.009937316918417444,0.6,/work3/arnaou/checkpoints/megnet_Pc_trial_2222_best_state.pt,"{'learning_rate': 0.009937316918417444, 'lr_reduce': 0.6}",TPESampler,COMPLETE
2223,0.14744044840335846,2025-04-26 11:51:51.740063,2025-04-26 11:52:31.005987,0 days 00:00:39.265924,1,56,211,,,,1,81,0.16916258683888272,0.00279604318027241,0.6,/work3/arnaou/checkpoints/megnet_Pc_trial_2223_best_state.pt,"{'learning_rate': 0.00279604318027241, 'lr_reduce': 0.6}",TPESampler,COMPLETE
2224,0.17536583542823792,2025-04-26 11:52:23.593396,2025-04-26 11:52:50.000765,0 days 00:00:26.407369,1,44,368,307.0,126.0,501.0,4,85,0.0021627848037110656,0.0014623625142688387,0.6,/work3/arnaou/checkpoints/megnet_Pc_trial_2224_best_state.pt,"{'learning_rate': 0.0014623625142688387, 'lr_reduce': 0.6}",TPESampler,COMPLETE
2225,0.24503163993358612,2025-04-26 11:52:26.734249,2025-04-26 11:53:12.159708,0 days 00:00:45.425459,1,110,300,,,,1,106,0.03335052950262482,0.00015743041231806832,0.6,/work3/arnaou/checkpoints/megnet_Pc_trial_2225_best_state.pt,"{'learning_rate': 0.00015743041231806832, 'lr_reduce': 0.6}",TPESampler,COMPLETE
2226,0.8868229389190674,2025-04-26 11:52:31.250214,2025-04-26 11:52:37.724155,0 days 00:00:06.473941,3,41,93,,,,1,116,0.13615096801286247,0.00010657960776907477,0.6,/work3/arnaou/checkpoints/megnet_Pc_trial_2226_best_state.pt,"{'learning_rate': 0.00010657960776907477, 'lr_reduce': 0.6}",TPESampler,COMPLETE
2227,0.4123554229736328,2025-04-26 11:52:37.953243,2025-04-26 11:52:53.798731,0 days 00:00:15.845488,1,51,96,293.0,141.0,,3,91,0.06419227386201641,0.008613752817773846,0.6,/work3/arnaou/checkpoints/megnet_Pc_trial_2227_best_state.pt,"{'learning_rate': 0.008613752817773846, 'lr_reduce': 0.6}",TPESampler,COMPLETE
2228,0.13317248225212097,2025-04-26 11:52:50.249887,2025-04-26 11:53:08.823703,0 days 00:00:18.573816,1,40,118,260.0,127.0,,3,72,0.01717238926704161,0.009687943433912088,0.6,/work3/arnaou/checkpoints/megnet_Pc_trial_2228_best_state.pt,"{'learning_rate': 0.009687943433912088, 'lr_reduce': 0.6}",TPESampler,COMPLETE
2229,0.11600710451602936,2025-04-26 11:52:54.033376,2025-04-26 11:53:28.093721,0 days 00:00:34.060345,1,79,404,,,,1,77,0.1904668532407241,0.00910807635314541,0.6,/work3/arnaou/checkpoints/megnet_Pc_trial_2229_best_state.pt,"{'learning_rate': 0.00910807635314541, 'lr_reduce': 0.6}",TPESampler,COMPLETE
2230,0.1359168440103531,2025-04-26 11:53:09.007704,2025-04-26 11:53:28.169546,0 days 00:00:19.161842,1,38,125,312.0,154.0,,3,95,0.11741328973784802,0.007086905555915538,0.6,/work3/arnaou/checkpoints/megnet_Pc_trial_2230_best_state.pt,"{'learning_rate': 0.007086905555915538, 'lr_reduce': 0.6}",TPESampler,COMPLETE
2231,0.29255515336990356,2025-04-26 11:53:12.397829,2025-04-26 11:53:40.779939,0 days 00:00:28.382110,1,42,114,330.0,162.0,,3,89,0.08155229195109148,0.006746262661000893,0.6,/work3/arnaou/checkpoints/megnet_Pc_trial_2231_best_state.pt,"{'learning_rate': 0.006746262661000893, 'lr_reduce': 0.6}",TPESampler,COMPLETE
2232,0.1275233030319214,2025-04-26 11:53:28.254042,2025-04-26 11:53:48.437537,0 days 00:00:20.183495,1,42,80,254.0,165.0,,3,89,0.04378089814142755,0.005965102726525228,0.6,/work3/arnaou/checkpoints/megnet_Pc_trial_2232_best_state.pt,"{'learning_rate': 0.005965102726525228, 'lr_reduce': 0.6}",TPESampler,COMPLETE
2233,0.14283081889152527,2025-04-26 11:53:28.321123,2025-04-26 11:53:56.132562,0 days 00:00:27.811439,1,47,162,,,,1,105,0.13639416144223443,0.003096269290629824,0.6,/work3/arnaou/checkpoints/megnet_Pc_trial_2233_best_state.pt,"{'learning_rate': 0.003096269290629824, 'lr_reduce': 0.6}",TPESampler,COMPLETE
2234,0.37439003586769104,2025-04-26 11:53:40.992748,2025-04-26 11:53:57.141794,0 days 00:00:16.149046,1,96,314,157.0,178.0,,3,126,0.19983987956442403,0.0048175638822820525,0.6,/work3/arnaou/checkpoints/megnet_Pc_trial_2234_best_state.pt,"{'learning_rate': 0.0048175638822820525, 'lr_reduce': 0.6}",TPESampler,COMPLETE
2235,0.21555817127227783,2025-04-26 11:53:48.668791,2025-04-26 11:54:12.631741,0 days 00:00:23.962950,2,123,454,,,,1,126,0.1650337587787861,0.004648160861418386,0.6,/work3/arnaou/checkpoints/megnet_Pc_trial_2235_best_state.pt,"{'learning_rate': 0.004648160861418386, 'lr_reduce': 0.6}",TPESampler,COMPLETE
2236,0.15303553640842438,2025-04-26 11:53:56.404639,2025-04-26 11:54:23.850660,0 days 00:00:27.446021,2,34,107,289.0,109.0,,3,95,0.13479078764280883,0.004386328461625087,0.6,/work3/arnaou/checkpoints/megnet_Pc_trial_2236_best_state.pt,"{'learning_rate': 0.004386328461625087, 'lr_reduce': 0.6}",TPESampler,COMPLETE
2237,0.8872457146644592,2025-04-26 11:53:57.362860,2025-04-26 11:54:05.721197,0 days 00:00:08.358337,4,44,211,339.0,177.0,334.0,4,72,0.21602013375611806,0.0013758640554809474,0.6,/work3/arnaou/checkpoints/megnet_Pc_trial_2237_best_state.pt,"{'learning_rate': 0.0013758640554809474, 'lr_reduce': 0.6}",TPESampler,COMPLETE
2238,0.40311098098754883,2025-04-26 11:54:05.978118,2025-04-26 11:54:18.178312,0 days 00:00:12.200194,1,91,223,205.0,146.0,,3,102,0.16009040568471236,0.009108494662098465,0.6,/work3/arnaou/checkpoints/megnet_Pc_trial_2238_best_state.pt,"{'learning_rate': 0.009108494662098465, 'lr_reduce': 0.6}",TPESampler,COMPLETE
2239,0.1276155561208725,2025-04-26 11:54:12.873422,2025-04-26 11:54:46.708905,0 days 00:00:33.835483,1,42,93,238.0,209.0,,3,92,0.06753569386896421,0.0016468261854486175,0.6,/work3/arnaou/checkpoints/megnet_Pc_trial_2239_best_state.pt,"{'learning_rate': 0.0016468261854486175, 'lr_reduce': 0.6}",TPESampler,COMPLETE
2240,0.8867155313491821,2025-04-26 11:54:18.406187,2025-04-26 11:54:23.895340,0 days 00:00:05.489153,4,74,368,,,,1,65,0.14169310028757567,0.00020987965400757664,0.6,/work3/arnaou/checkpoints/megnet_Pc_trial_2240_best_state.pt,"{'learning_rate': 0.00020987965400757664, 'lr_reduce': 0.6}",TPESampler,COMPLETE
2241,0.8874495625495911,2025-04-26 11:54:24.038354,2025-04-26 11:54:30.901631,0 days 00:00:06.863277,3,94,392,127.0,,,2,127,0.1426091614846573,0.0005112690238280184,0.6,/work3/arnaou/checkpoints/megnet_Pc_trial_2241_best_state.pt,"{'learning_rate': 0.0005112690238280184, 'lr_reduce': 0.6}",TPESampler,COMPLETE
2242,0.1614808440208435,2025-04-26 11:54:24.084257,2025-04-26 11:54:42.394241,0 days 00:00:18.309984,1,63,203,,,,1,80,0.17240487275830518,0.006818027631222672,0.6,/work3/arnaou/checkpoints/megnet_Pc_trial_2242_best_state.pt,"{'learning_rate': 0.006818027631222672, 'lr_reduce': 0.6}",TPESampler,COMPLETE
2243,0.512238621711731,2025-04-26 11:54:31.137155,2025-04-26 11:54:39.133701,0 days 00:00:07.996546,2,81,199,289.0,,,2,89,0.17255317377463422,0.004740747494646549,0.6,/work3/arnaou/checkpoints/megnet_Pc_trial_2243_best_state.pt,"{'learning_rate': 0.004740747494646549, 'lr_reduce': 0.6}",TPESampler,COMPLETE
2244,0.14779038727283478,2025-04-26 11:54:39.354473,2025-04-26 11:55:01.433542,0 days 00:00:22.079069,1,45,156,350.0,167.0,,3,100,0.06842286388768727,0.007163823625708919,0.6,/work3/arnaou/checkpoints/megnet_Pc_trial_2244_best_state.pt,"{'learning_rate': 0.007163823625708919, 'lr_reduce': 0.6}",TPESampler,COMPLETE
2245,0.32422763109207153,2025-04-26 11:54:42.611963,2025-04-26 11:55:20.769169,0 days 00:00:38.157206,2,87,270,,,,1,89,0.21613050635009484,0.00370485436308047,0.6,/work3/arnaou/checkpoints/megnet_Pc_trial_2245_best_state.pt,"{'learning_rate': 0.00370485436308047, 'lr_reduce': 0.6}",TPESampler,COMPLETE
2246,0.08960069715976715,2025-04-26 11:54:46.984840,2025-04-26 11:55:08.858132,0 days 00:00:21.873292,1,33,86,250.0,,,2,103,0.06629972679905949,0.007297407408091238,0.6,/work3/arnaou/checkpoints/megnet_Pc_trial_2246_best_state.pt,"{'learning_rate': 0.007297407408091238, 'lr_reduce': 0.6}",TPESampler,COMPLETE
2247,0.14585146307945251,2025-04-26 11:55:01.614939,2025-04-26 11:55:17.862760,0 days 00:00:16.247821,1,42,87,329.0,131.0,,3,83,0.0762538483846401,0.009511960217260277,0.6,/work3/arnaou/checkpoints/megnet_Pc_trial_2247_best_state.pt,"{'learning_rate': 0.009511960217260277, 'lr_reduce': 0.6}",TPESampler,COMPLETE
2248,0.14412793517112732,2025-04-26 11:55:09.102355,2025-04-26 11:55:28.468521,0 days 00:00:19.366166,1,42,93,101.0,195.0,,3,116,0.08906534405795008,0.008303326603319849,0.6,/work3/arnaou/checkpoints/megnet_Pc_trial_2248_best_state.pt,"{'learning_rate': 0.008303326603319849, 'lr_reduce': 0.6}",TPESampler,COMPLETE
2249,0.24302436411380768,2025-04-26 11:55:18.117071,2025-04-26 11:55:35.192851,0 days 00:00:17.075780,2,40,82,164.0,173.0,,3,92,0.00200649072093792,0.008538841741823979,0.6,/work3/arnaou/checkpoints/megnet_Pc_trial_2249_best_state.pt,"{'learning_rate': 0.008538841741823979, 'lr_reduce': 0.6}",TPESampler,COMPLETE
2250,0.13480788469314575,2025-04-26 11:55:21.053047,2025-04-26 11:55:36.007692,0 days 00:00:14.954645,1,49,69,284.0,179.0,,3,114,0.09153918255524308,0.0064650190803945936,0.6,/work3/arnaou/checkpoints/megnet_Pc_trial_2250_best_state.pt,"{'learning_rate': 0.0064650190803945936, 'lr_reduce': 0.6}",TPESampler,COMPLETE
2251,0.10492159426212311,2025-04-26 11:55:28.681316,2025-04-26 11:56:10.279573,0 days 00:00:41.598257,2,70,107,346.0,134.0,,3,92,0.10273305658988825,0.008960114348007595,0.6,/work3/arnaou/checkpoints/megnet_Pc_trial_2251_best_state.pt,"{'learning_rate': 0.008960114348007595, 'lr_reduce': 0.6}",TPESampler,COMPLETE
2252,0.14985135197639465,2025-04-26 11:55:35.413668,2025-04-26 11:56:12.372873,0 days 00:00:36.959205,1,102,294,236.0,115.0,,3,106,0.04963770248564911,0.008395868633510769,0.6,/work3/arnaou/checkpoints/megnet_Pc_trial_2252_best_state.pt,"{'learning_rate': 0.008395868633510769, 'lr_reduce': 0.6}",TPESampler,COMPLETE
2253,0.18146361410617828,2025-04-26 11:55:36.199040,2025-04-26 11:55:50.021592,0 days 00:00:13.822552,1,36,77,297.0,188.0,,3,100,0.03475382597467698,0.005173122098151785,0.6,/work3/arnaou/checkpoints/megnet_Pc_trial_2253_best_state.pt,"{'learning_rate': 0.005173122098151785, 'lr_reduce': 0.6}",TPESampler,COMPLETE
2254,0.2115260660648346,2025-04-26 11:55:50.210319,2025-04-26 11:56:12.712404,0 days 00:00:22.502085,2,34,106,134.0,189.0,,3,109,0.1001350769852945,0.009288911322485582,0.6,/work3/arnaou/checkpoints/megnet_Pc_trial_2254_best_state.pt,"{'learning_rate': 0.009288911322485582, 'lr_reduce': 0.6}",TPESampler,COMPLETE
2255,0.16760720312595367,2025-04-26 11:56:10.455237,2025-04-26 11:56:41.892489,0 days 00:00:31.437252,1,120,427,,,,1,125,0.1792312013575472,0.0007626616537780107,0.6,/work3/arnaou/checkpoints/megnet_Pc_trial_2255_best_state.pt,"{'learning_rate': 0.0007626616537780107, 'lr_reduce': 0.6}",TPESampler,COMPLETE
2256,0.8865525722503662,2025-04-26 11:56:12.628526,2025-04-26 11:56:19.610191,0 days 00:00:06.981665,1,74,91,216.0,91.0,143.0,4,51,0.07498248934057505,0.00037361869010006757,0.6,/work3/arnaou/checkpoints/megnet_Pc_trial_2256_best_state.pt,"{'learning_rate': 0.00037361869010006757, 'lr_reduce': 0.6}",TPESampler,COMPLETE
2257,0.5979071855545044,2025-04-26 11:56:13.062716,2025-04-26 11:56:23.181273,0 days 00:00:10.118557,3,107,464,,,,1,56,0.24070328256973614,0.007011235892317886,0.6,/work3/arnaou/checkpoints/megnet_Pc_trial_2257_best_state.pt,"{'learning_rate': 0.007011235892317886, 'lr_reduce': 0.6}",TPESampler,COMPLETE
2258,0.08550386130809784,2025-04-26 11:56:19.828659,2025-04-26 11:56:53.525393,0 days 00:00:33.696734,1,36,149,,,,1,96,0.1434336734700672,0.009071381807283964,0.6,/work3/arnaou/checkpoints/megnet_Pc_trial_2258_best_state.pt,"{'learning_rate': 0.009071381807283964, 'lr_reduce': 0.6}",TPESampler,COMPLETE
2259,0.14187191426753998,2025-04-26 11:56:23.399460,2025-04-26 11:56:51.230662,0 days 00:00:27.831202,1,74,276,,,,1,83,0.22355693738665586,0.0023833290878607304,0.6,/work3/arnaou/checkpoints/megnet_Pc_trial_2259_best_state.pt,"{'learning_rate': 0.0023833290878607304, 'lr_reduce': 0.6}",TPESampler,COMPLETE
2260,0.11198630928993225,2025-04-26 11:56:42.090895,2025-04-26 11:57:20.286734,0 days 00:00:38.195839,2,33,313,,,,1,84,0.13629496156150786,0.006765059704295698,0.6,/work3/arnaou/checkpoints/megnet_Pc_trial_2260_best_state.pt,"{'learning_rate': 0.006765059704295698, 'lr_reduce': 0.6}",TPESampler,COMPLETE
2261,0.2966204285621643,2025-04-26 11:56:51.464950,2025-04-26 11:57:16.016252,0 days 00:00:24.551302,1,65,242,,,,1,90,0.17594271386882673,0.007254209884653926,0.6,/work3/arnaou/checkpoints/megnet_Pc_trial_2261_best_state.pt,"{'learning_rate': 0.007254209884653926, 'lr_reduce': 0.6}",TPESampler,COMPLETE
2262,0.07845766097307205,2025-04-26 11:56:53.743745,2025-04-26 11:57:13.507356,0 days 00:00:19.763611,1,84,244,,,,1,96,0.200945484954162,0.005440545921967205,0.6,/work3/arnaou/checkpoints/megnet_Pc_trial_2262_best_state.pt,"{'learning_rate': 0.005440545921967205, 'lr_reduce': 0.6}",TPESampler,COMPLETE
2263,0.8864343762397766,2025-04-26 11:57:13.698351,2025-04-26 11:57:19.086215,0 days 00:00:05.387864,3,76,68,353.0,187.0,,3,119,0.04977371360556129,0.0005140001084567344,0.6,/work3/arnaou/checkpoints/megnet_Pc_trial_2263_best_state.pt,"{'learning_rate': 0.0005140001084567344, 'lr_reduce': 0.6}",TPESampler,COMPLETE
2264,0.11875873804092407,2025-04-26 11:57:16.232950,2025-04-26 11:57:57.329470,0 days 00:00:41.096520,1,37,185,,,,1,35,0.14114783218295163,0.0009321981646274723,0.6,/work3/arnaou/checkpoints/megnet_Pc_trial_2264_best_state.pt,"{'learning_rate': 0.0009321981646274723, 'lr_reduce': 0.6}",TPESampler,COMPLETE
2265,0.15926514565944672,2025-04-26 11:57:19.323681,2025-04-26 11:57:37.463331,0 days 00:00:18.139650,1,46,73,298.0,67.0,,3,102,0.13649313105912247,0.0062809190372759465,0.6,/work3/arnaou/checkpoints/megnet_Pc_trial_2265_best_state.pt,"{'learning_rate': 0.0062809190372759465, 'lr_reduce': 0.6}",TPESampler,COMPLETE
2266,0.8870149850845337,2025-04-26 11:57:20.588629,2025-04-26 11:57:27.360188,0 days 00:00:06.771559,4,89,257,263.0,116.0,317.0,4,38,0.09084017045117114,0.0015263778399751007,0.6,/work3/arnaou/checkpoints/megnet_Pc_trial_2266_best_state.pt,"{'learning_rate': 0.0015263778399751007, 'lr_reduce': 0.6}",TPESampler,COMPLETE
2267,0.20736809074878693,2025-04-26 11:57:27.592574,2025-04-26 11:58:09.828063,0 days 00:00:42.235489,1,96,459,93.0,197.0,149.0,4,113,0.12009034065016404,0.0004944524265444308,0.6,/work3/arnaou/checkpoints/megnet_Pc_trial_2267_best_state.pt,"{'learning_rate': 0.0004944524265444308, 'lr_reduce': 0.6}",TPESampler,COMPLETE
2268,0.1134592592716217,2025-04-26 11:57:37.699424,2025-04-26 11:58:14.937214,0 days 00:00:37.237790,1,55,286,177.0,,,2,105,0.1938668089483596,0.009677568257592003,0.6,/work3/arnaou/checkpoints/megnet_Pc_trial_2268_best_state.pt,"{'learning_rate': 0.009677568257592003, 'lr_reduce': 0.6}",TPESampler,COMPLETE
2269,0.12803488969802856,2025-04-26 11:57:57.527324,2025-04-26 11:58:21.583480,0 days 00:00:24.056156,1,52,216,349.0,,,2,81,0.22496727042140224,0.004158711445953144,0.6,/work3/arnaou/checkpoints/megnet_Pc_trial_2269_best_state.pt,"{'learning_rate': 0.004158711445953144, 'lr_reduce': 0.6}",TPESampler,COMPLETE
2270,0.10534045845270157,2025-04-26 11:58:10.013597,2025-04-26 11:58:46.645757,0 days 00:00:36.632160,1,32,97,314.0,150.0,,3,103,0.0742541157044365,0.009922712556786839,0.6,/work3/arnaou/checkpoints/megnet_Pc_trial_2270_best_state.pt,"{'learning_rate': 0.009922712556786839, 'lr_reduce': 0.6}",TPESampler,COMPLETE
2271,0.15290451049804688,2025-04-26 11:58:15.172707,2025-04-26 11:58:42.546110,0 days 00:00:27.373403,1,32,335,205.0,160.0,,3,118,0.2225896881750884,0.00992270221787939,0.6,/work3/arnaou/checkpoints/megnet_Pc_trial_2271_best_state.pt,"{'learning_rate': 0.00992270221787939, 'lr_reduce': 0.6}",TPESampler,COMPLETE
2272,0.2935648560523987,2025-04-26 11:58:21.820868,2025-04-26 11:58:41.183571,0 days 00:00:19.362703,2,49,358,252.0,202.0,,3,95,0.18080625975316672,0.009398582841716518,0.6,/work3/arnaou/checkpoints/megnet_Pc_trial_2272_best_state.pt,"{'learning_rate': 0.009398582841716518, 'lr_reduce': 0.6}",TPESampler,COMPLETE
