number,value,datetime_start,datetime_complete,duration,params_depth,params_edge_hidden_dim,params_mlp_dim_00,params_mlp_dim_01,params_mlp_dim_02,params_mlp_dim_03,params_mlp_n_layers,params_node_hidden_dim,params_rep_dropout,params_train_learning_rate,params_train_lr_reduce,user_attrs_best_state_dict_path,user_attrs_training_params,system_attrs_auto:sampler,state
827,0.14172793924808502,2025-04-26 08:49:53.650382,2025-04-26 08:50:15.366563,0 days 00:00:21.716181,1,66,409,205.0,,,2,107,0.17278581166102017,0.00357851024035924,0.6,/work3/arnaou/checkpoints/megnet_Pc_trial_827_best_state.pt,"{'learning_rate': 0.00357851024035924, 'lr_reduce': 0.6}",TPESampler,COMPLETE
828,0.2686365246772766,2025-04-26 08:50:06.210560,2025-04-26 08:50:32.851054,0 days 00:00:26.640494,2,120,363,156.0,505.0,,3,100,0.18317408857589698,0.0016835934446189883,0.6,/work3/arnaou/checkpoints/megnet_Pc_trial_828_best_state.pt,"{'learning_rate': 0.0016835934446189883, 'lr_reduce': 0.6}",TPESampler,COMPLETE
829,0.08261168748140335,2025-04-26 08:50:11.135948,2025-04-26 08:50:35.267728,0 days 00:00:24.131780,1,61,416,279.0,,,2,104,0.16783603056591526,0.007504885622818736,0.6,/work3/arnaou/checkpoints/megnet_Pc_trial_829_best_state.pt,"{'learning_rate': 0.007504885622818736, 'lr_reduce': 0.6}",TPESampler,COMPLETE
830,0.1618679016828537,2025-04-26 08:50:15.579838,2025-04-26 08:50:44.705115,0 days 00:00:29.125277,1,67,201,,,,1,98,0.1832528236090433,0.00641898458362694,0.6,/work3/arnaou/checkpoints/megnet_Pc_trial_830_best_state.pt,"{'learning_rate': 0.00641898458362694, 'lr_reduce': 0.6}",TPESampler,COMPLETE
831,0.10457505285739899,2025-04-26 08:50:33.040969,2025-04-26 08:50:58.686311,0 days 00:00:25.645342,1,52,118,233.0,353.0,,3,127,0.0885635031093999,0.0070229840849561805,0.6,/work3/arnaou/checkpoints/megnet_Pc_trial_831_best_state.pt,"{'learning_rate': 0.0070229840849561805, 'lr_reduce': 0.6}",TPESampler,COMPLETE
832,0.3101723790168762,2025-04-26 08:50:35.443926,2025-04-26 08:50:59.666899,0 days 00:00:24.222973,2,116,281,102.0,423.0,,3,128,0.20989678399321554,0.00896162238995187,0.6,/work3/arnaou/checkpoints/megnet_Pc_trial_832_best_state.pt,"{'learning_rate': 0.00896162238995187, 'lr_reduce': 0.6}",TPESampler,COMPLETE
833,0.12209278345108032,2025-04-26 08:50:44.890346,2025-04-26 08:51:09.709925,0 days 00:00:24.819579,1,52,394,150.0,,,2,103,0.15520783895109358,0.003911872200052187,0.6,/work3/arnaou/checkpoints/megnet_Pc_trial_833_best_state.pt,"{'learning_rate': 0.003911872200052187, 'lr_reduce': 0.6}",TPESampler,COMPLETE
834,0.8874077796936035,2025-04-26 08:50:58.876998,2025-04-26 08:51:04.002518,0 days 00:00:05.125520,4,44,469,,,,1,51,0.1231246637625691,0.00022940556882243768,0.6,/work3/arnaou/checkpoints/megnet_Pc_trial_834_best_state.pt,"{'learning_rate': 0.00022940556882243768, 'lr_reduce': 0.6}",TPESampler,COMPLETE
835,0.1573733389377594,2025-04-26 08:50:59.892610,2025-04-26 08:51:29.810809,0 days 00:00:29.918199,1,72,178,64.0,510.0,,3,103,0.14621072860681902,0.009556800145349991,0.6,/work3/arnaou/checkpoints/megnet_Pc_trial_835_best_state.pt,"{'learning_rate': 0.009556800145349991, 'lr_reduce': 0.6}",TPESampler,COMPLETE
836,0.2138948142528534,2025-04-26 08:51:04.199868,2025-04-26 08:51:37.410304,0 days 00:00:33.210436,2,107,296,,,,1,122,0.17051423647628772,0.009009114927360005,0.6,/work3/arnaou/checkpoints/megnet_Pc_trial_836_best_state.pt,"{'learning_rate': 0.009009114927360005, 'lr_reduce': 0.6}",TPESampler,COMPLETE
837,0.15016071498394012,2025-04-26 08:51:09.919211,2025-04-26 08:51:37.737414,0 days 00:00:27.818203,1,56,386,205.0,,,2,72,0.1762281636496819,0.0023857252077339594,0.6,/work3/arnaou/checkpoints/megnet_Pc_trial_837_best_state.pt,"{'learning_rate': 0.0023857252077339594, 'lr_reduce': 0.6}",TPESampler,COMPLETE
838,0.11431984603404999,2025-04-26 08:51:29.986272,2025-04-26 08:52:02.890116,0 days 00:00:32.903844,1,57,351,261.0,,,2,90,0.15696136389871623,0.00850253413155206,0.6,/work3/arnaou/checkpoints/megnet_Pc_trial_838_best_state.pt,"{'learning_rate': 0.00850253413155206, 'lr_reduce': 0.6}",TPESampler,COMPLETE
839,0.23900781571865082,2025-04-26 08:51:37.603919,2025-04-26 08:52:01.585751,0 days 00:00:23.981832,2,49,503,,,,1,85,0.12054243121459254,0.008014125283570452,0.6,/work3/arnaou/checkpoints/megnet_Pc_trial_839_best_state.pt,"{'learning_rate': 0.008014125283570452, 'lr_reduce': 0.6}",TPESampler,COMPLETE
840,0.8869177103042603,2025-04-26 08:51:37.921229,2025-04-26 08:51:44.796940,0 days 00:00:06.875711,3,71,359,,,,1,39,0.24300817749993173,0.000585482571763609,0.6,/work3/arnaou/checkpoints/megnet_Pc_trial_840_best_state.pt,"{'learning_rate': 0.000585482571763609, 'lr_reduce': 0.6}",TPESampler,COMPLETE
841,0.11169378459453583,2025-04-26 08:51:44.961227,2025-04-26 08:52:09.515531,0 days 00:00:24.554304,1,69,216,134.0,,,2,73,0.1463826635190089,0.004391000988103221,0.6,/work3/arnaou/checkpoints/megnet_Pc_trial_841_best_state.pt,"{'learning_rate': 0.004391000988103221, 'lr_reduce': 0.6}",TPESampler,COMPLETE
842,0.8875736594200134,2025-04-26 08:52:01.897917,2025-04-26 08:52:08.785987,0 days 00:00:06.888070,4,80,450,,,,1,40,0.03981684044699113,0.009861945120448403,0.6,/work3/arnaou/checkpoints/megnet_Pc_trial_842_best_state.pt,"{'learning_rate': 0.009861945120448403, 'lr_reduce': 0.6}",TPESampler,COMPLETE
843,0.8866689801216125,2025-04-26 08:52:03.090390,2025-04-26 08:52:08.023012,0 days 00:00:04.932622,4,50,431,402.0,427.0,,3,69,0.22900211647891372,0.0006555224328283885,0.6,/work3/arnaou/checkpoints/megnet_Pc_trial_843_best_state.pt,"{'learning_rate': 0.0006555224328283885, 'lr_reduce': 0.6}",TPESampler,COMPLETE
844,0.1919051706790924,2025-04-26 08:52:08.203735,2025-04-26 08:52:38.791985,0 days 00:00:30.588250,2,36,294,184.0,463.0,,3,96,0.22538240613883537,0.009410560610510144,0.6,/work3/arnaou/checkpoints/megnet_Pc_trial_844_best_state.pt,"{'learning_rate': 0.009410560610510144, 'lr_reduce': 0.6}",TPESampler,COMPLETE
845,0.08604343235492706,2025-04-26 08:52:08.972682,2025-04-26 08:52:34.671636,0 days 00:00:25.698954,1,57,345,251.0,,,2,71,0.20629180210923542,0.006836012819955368,0.6,/work3/arnaou/checkpoints/megnet_Pc_trial_845_best_state.pt,"{'learning_rate': 0.006836012819955368, 'lr_reduce': 0.6}",TPESampler,COMPLETE
846,0.11698821932077408,2025-04-26 08:52:09.785571,2025-04-26 08:52:32.137135,0 days 00:00:22.351564,1,32,124,433.0,,,2,122,0.059542536185600334,0.003026551240548531,0.6,/work3/arnaou/checkpoints/megnet_Pc_trial_846_best_state.pt,"{'learning_rate': 0.003026551240548531, 'lr_reduce': 0.6}",TPESampler,COMPLETE
847,0.20169860124588013,2025-04-26 08:52:32.470886,2025-04-26 08:52:55.137462,0 days 00:00:22.666576,2,43,139,133.0,359.0,322.0,4,102,0.15860170002036927,0.003976679161597944,0.6,/work3/arnaou/checkpoints/megnet_Pc_trial_847_best_state.pt,"{'learning_rate': 0.003976679161597944, 'lr_reduce': 0.6}",TPESampler,COMPLETE
848,0.13763323426246643,2025-04-26 08:52:34.848453,2025-04-26 08:53:00.380829,0 days 00:00:25.532376,1,46,376,215.0,135.0,,3,100,0.12622531981092597,0.003318109257498174,0.6,/work3/arnaou/checkpoints/megnet_Pc_trial_848_best_state.pt,"{'learning_rate': 0.003318109257498174, 'lr_reduce': 0.6}",TPESampler,COMPLETE
849,0.09751716256141663,2025-04-26 08:52:38.968363,2025-04-26 08:53:12.396079,0 days 00:00:33.427716,1,56,358,283.0,400.0,,3,87,0.05214000964728591,0.0056605970590133175,0.6,/work3/arnaou/checkpoints/megnet_Pc_trial_849_best_state.pt,"{'learning_rate': 0.0056605970590133175, 'lr_reduce': 0.6}",TPESampler,COMPLETE
850,0.09040175378322601,2025-04-26 08:52:55.357373,2025-04-26 08:53:28.483007,0 days 00:00:33.125634,1,82,254,,,,1,113,0.174324045375495,0.002821851838000648,0.6,/work3/arnaou/checkpoints/megnet_Pc_trial_850_best_state.pt,"{'learning_rate': 0.002821851838000648, 'lr_reduce': 0.6}",TPESampler,COMPLETE
851,0.1400221437215805,2025-04-26 08:53:00.582288,2025-04-26 08:53:29.304163,0 days 00:00:28.721875,1,32,395,175.0,457.0,,3,94,0.0920644644798457,0.009826238740477925,0.6,/work3/arnaou/checkpoints/megnet_Pc_trial_851_best_state.pt,"{'learning_rate': 0.009826238740477925, 'lr_reduce': 0.6}",TPESampler,COMPLETE
852,0.11301054805517197,2025-04-26 08:53:12.596951,2025-04-26 08:53:35.988183,0 days 00:00:23.391232,2,68,102,119.0,,,2,128,0.09959209063785085,0.004921125341330675,0.6,/work3/arnaou/checkpoints/megnet_Pc_trial_852_best_state.pt,"{'learning_rate': 0.004921125341330675, 'lr_reduce': 0.6}",TPESampler,COMPLETE
853,0.887092113494873,2025-04-26 08:53:28.666811,2025-04-26 08:53:33.388183,0 days 00:00:04.721372,2,42,221,,,,1,97,0.22320236784137903,0.0002325999187462208,0.6,/work3/arnaou/checkpoints/megnet_Pc_trial_853_best_state.pt,"{'learning_rate': 0.0002325999187462208, 'lr_reduce': 0.6}",TPESampler,COMPLETE
854,0.14319518208503723,2025-04-26 08:53:29.496930,2025-04-26 08:53:55.388896,0 days 00:00:25.891966,1,61,304,,,,1,114,0.18746535681060603,0.0035424065948565886,0.6,/work3/arnaou/checkpoints/megnet_Pc_trial_854_best_state.pt,"{'learning_rate': 0.0035424065948565886, 'lr_reduce': 0.6}",TPESampler,COMPLETE
855,0.10106225311756134,2025-04-26 08:53:33.567012,2025-04-26 08:54:06.329706,0 days 00:00:32.762694,1,122,373,394.0,,,2,125,0.22136219508870117,0.002700968114232777,0.6,/work3/arnaou/checkpoints/megnet_Pc_trial_855_best_state.pt,"{'learning_rate': 0.002700968114232777, 'lr_reduce': 0.6}",TPESampler,COMPLETE
856,0.34844496846199036,2025-04-26 08:53:36.204386,2025-04-26 08:53:59.980784,0 days 00:00:23.776398,1,103,353,,,,1,109,0.23946317192244923,0.009456048491004261,0.6,/work3/arnaou/checkpoints/megnet_Pc_trial_856_best_state.pt,"{'learning_rate': 0.009456048491004261, 'lr_reduce': 0.6}",TPESampler,COMPLETE
857,0.23864999413490295,2025-04-26 08:53:55.571697,2025-04-26 08:54:31.900449,0 days 00:00:36.328752,1,43,264,227.0,67.0,157.0,4,68,0.006995272167686542,0.009934361356971583,0.6,/work3/arnaou/checkpoints/megnet_Pc_trial_857_best_state.pt,"{'learning_rate': 0.009934361356971583, 'lr_reduce': 0.6}",TPESampler,COMPLETE
858,0.155877023935318,2025-04-26 08:54:00.195649,2025-04-26 08:54:26.319655,0 days 00:00:26.124006,2,46,191,434.0,391.0,,3,115,0.003757215140397778,0.00350776825853613,0.6,/work3/arnaou/checkpoints/megnet_Pc_trial_858_best_state.pt,"{'learning_rate': 0.00350776825853613, 'lr_reduce': 0.6}",TPESampler,COMPLETE
859,0.10725043714046478,2025-04-26 08:54:06.513663,2025-04-26 08:54:33.343466,0 days 00:00:26.829803,1,54,346,170.0,156.0,,3,74,0.16220022211021998,0.005039484893382524,0.6,/work3/arnaou/checkpoints/megnet_Pc_trial_859_best_state.pt,"{'learning_rate': 0.005039484893382524, 'lr_reduce': 0.6}",TPESampler,COMPLETE
860,0.16625627875328064,2025-04-26 08:54:26.497555,2025-04-26 08:54:46.023512,0 days 00:00:19.525957,1,37,354,97.0,512.0,,3,98,0.10808173244491491,0.002288780067418787,0.6,/work3/arnaou/checkpoints/megnet_Pc_trial_860_best_state.pt,"{'learning_rate': 0.002288780067418787, 'lr_reduce': 0.6}",TPESampler,COMPLETE
861,0.5273042321205139,2025-04-26 08:54:32.093985,2025-04-26 08:54:41.354423,0 days 00:00:09.260438,2,51,323,285.0,455.0,,3,110,0.1267057918057776,0.006588374143901168,0.6,/work3/arnaou/checkpoints/megnet_Pc_trial_861_best_state.pt,"{'learning_rate': 0.006588374143901168, 'lr_reduce': 0.6}",TPESampler,COMPLETE
862,0.8863781690597534,2025-04-26 08:54:33.540001,2025-04-26 08:54:39.823575,0 days 00:00:06.283574,3,69,393,216.0,334.0,260.0,4,57,0.1352664659342621,0.0002770869938434499,0.6,/work3/arnaou/checkpoints/megnet_Pc_trial_862_best_state.pt,"{'learning_rate': 0.0002770869938434499, 'lr_reduce': 0.6}",TPESampler,COMPLETE
863,0.16618631780147552,2025-04-26 08:54:39.995116,2025-04-26 08:54:55.395298,0 days 00:00:15.400182,1,34,234,393.0,415.0,350.0,4,92,0.00880207273541305,0.002945707224711393,0.6,/work3/arnaou/checkpoints/megnet_Pc_trial_863_best_state.pt,"{'learning_rate': 0.002945707224711393, 'lr_reduce': 0.6}",TPESampler,COMPLETE
864,0.5048874020576477,2025-04-26 08:54:41.522523,2025-04-26 08:54:49.630653,0 days 00:00:08.108130,2,104,195,,,,1,83,0.17708408205823162,0.007600956713944136,0.6,/work3/arnaou/checkpoints/megnet_Pc_trial_864_best_state.pt,"{'learning_rate': 0.007600956713944136, 'lr_reduce': 0.6}",TPESampler,COMPLETE
865,0.887124240398407,2025-04-26 08:54:46.209309,2025-04-26 08:54:51.750967,0 days 00:00:05.541658,3,109,375,141.0,,,2,59,0.1097228992806689,0.00022697871771118166,0.6,/work3/arnaou/checkpoints/megnet_Pc_trial_865_best_state.pt,"{'learning_rate': 0.00022697871771118166, 'lr_reduce': 0.6}",TPESampler,COMPLETE
866,0.08757638186216354,2025-04-26 08:54:49.793267,2025-04-26 08:55:22.319858,0 days 00:00:32.526591,1,90,300,435.0,149.0,,3,119,0.22285194268929326,0.0037733254111162666,0.6,/work3/arnaou/checkpoints/megnet_Pc_trial_866_best_state.pt,"{'learning_rate': 0.0037733254111162666, 'lr_reduce': 0.6}",TPESampler,COMPLETE
867,0.8877387046813965,2025-04-26 08:54:51.940402,2025-04-26 08:54:57.898005,0 days 00:00:05.957603,3,62,221,231.0,466.0,,3,82,0.18708519103814447,0.0067399627972936135,0.6,/work3/arnaou/checkpoints/megnet_Pc_trial_867_best_state.pt,"{'learning_rate': 0.0067399627972936135, 'lr_reduce': 0.6}",TPESampler,COMPLETE
868,0.1257811337709427,2025-04-26 08:54:55.562204,2025-04-26 08:55:18.201079,0 days 00:00:22.638875,1,34,325,179.0,387.0,193.0,4,100,0.2188962483922834,0.005927007948733741,0.6,/work3/arnaou/checkpoints/megnet_Pc_trial_868_best_state.pt,"{'learning_rate': 0.005927007948733741, 'lr_reduce': 0.6}",TPESampler,COMPLETE
869,0.09062102437019348,2025-04-26 08:54:58.089087,2025-04-26 08:55:24.412818,0 days 00:00:26.323731,1,63,391,100.0,110.0,267.0,4,122,0.19904545471811388,0.008981974722277469,0.6,/work3/arnaou/checkpoints/megnet_Pc_trial_869_best_state.pt,"{'learning_rate': 0.008981974722277469, 'lr_reduce': 0.6}",TPESampler,COMPLETE
870,0.19381502270698547,2025-04-26 08:55:18.400310,2025-04-26 08:55:41.945909,0 days 00:00:23.545599,2,37,200,275.0,510.0,126.0,4,107,0.19791187171813435,0.006552501541888847,0.6,/work3/arnaou/checkpoints/megnet_Pc_trial_870_best_state.pt,"{'learning_rate': 0.006552501541888847, 'lr_reduce': 0.6}",TPESampler,COMPLETE
871,0.0807872861623764,2025-04-26 08:55:22.535530,2025-04-26 08:55:58.215422,0 days 00:00:35.679892,1,51,382,147.0,,,2,101,0.17922781403503613,0.005290188061819273,0.6,/work3/arnaou/checkpoints/megnet_Pc_trial_871_best_state.pt,"{'learning_rate': 0.005290188061819273, 'lr_reduce': 0.6}",TPESampler,COMPLETE
872,0.5013512969017029,2025-04-26 08:55:24.616876,2025-04-26 08:55:34.160323,0 days 00:00:09.543447,2,75,240,,,,1,90,0.2095573311757426,0.009138728690659867,0.6,/work3/arnaou/checkpoints/megnet_Pc_trial_872_best_state.pt,"{'learning_rate': 0.009138728690659867, 'lr_reduce': 0.6}",TPESampler,COMPLETE
873,0.08441721647977829,2025-04-26 08:55:34.365240,2025-04-26 08:56:04.950278,0 days 00:00:30.585038,1,41,214,444.0,450.0,,3,90,0.0921814825320991,0.006073792650428228,0.6,/work3/arnaou/checkpoints/megnet_Pc_trial_873_best_state.pt,"{'learning_rate': 0.006073792650428228, 'lr_reduce': 0.6}",TPESampler,COMPLETE
874,0.8872650265693665,2025-04-26 08:55:42.119796,2025-04-26 08:55:48.186474,0 days 00:00:06.066678,4,115,69,201.0,349.0,,3,84,0.18905671775606436,0.0004615582299541441,0.6,/work3/arnaou/checkpoints/megnet_Pc_trial_874_best_state.pt,"{'learning_rate': 0.0004615582299541441, 'lr_reduce': 0.6}",TPESampler,COMPLETE
875,0.11462146788835526,2025-04-26 08:55:48.374738,2025-04-26 08:56:12.107171,0 days 00:00:23.732433,1,110,378,250.0,167.0,,3,125,0.21279936334605362,0.0021829508019625917,0.6,/work3/arnaou/checkpoints/megnet_Pc_trial_875_best_state.pt,"{'learning_rate': 0.0021829508019625917, 'lr_reduce': 0.6}",TPESampler,COMPLETE
876,0.08267204463481903,2025-04-26 08:55:58.432481,2025-04-26 08:56:29.801636,0 days 00:00:31.369155,1,74,414,152.0,,,2,125,0.13950838617319278,0.0036618454169805247,0.6,/work3/arnaou/checkpoints/megnet_Pc_trial_876_best_state.pt,"{'learning_rate': 0.0036618454169805247, 'lr_reduce': 0.6}",TPESampler,COMPLETE
877,0.13344348967075348,2025-04-26 08:56:05.159037,2025-04-26 08:56:39.248924,0 days 00:00:34.089887,2,35,419,,,,1,95,0.16174805496737035,0.004322202624060416,0.6,/work3/arnaou/checkpoints/megnet_Pc_trial_877_best_state.pt,"{'learning_rate': 0.004322202624060416, 'lr_reduce': 0.6}",TPESampler,COMPLETE
878,0.11605063825845718,2025-04-26 08:56:12.283931,2025-04-26 08:56:28.186352,0 days 00:00:15.902421,1,43,410,140.0,,,2,102,0.18661812524996305,0.004716182844598247,0.6,/work3/arnaou/checkpoints/megnet_Pc_trial_878_best_state.pt,"{'learning_rate': 0.004716182844598247, 'lr_reduce': 0.6}",TPESampler,COMPLETE
879,0.09498748928308487,2025-04-26 08:56:28.363568,2025-04-26 08:56:55.340324,0 days 00:00:26.976756,1,72,358,134.0,,,2,113,0.16799722773388734,0.009159952298645992,0.6,/work3/arnaou/checkpoints/megnet_Pc_trial_879_best_state.pt,"{'learning_rate': 0.009159952298645992, 'lr_reduce': 0.6}",TPESampler,COMPLETE
880,0.13926173746585846,2025-04-26 08:56:29.977153,2025-04-26 08:57:17.265426,0 days 00:00:47.288273,4,112,90,110.0,416.0,366.0,4,102,0.17125710648679476,0.003449795936379286,0.6,/work3/arnaou/checkpoints/megnet_Pc_trial_880_best_state.pt,"{'learning_rate': 0.003449795936379286, 'lr_reduce': 0.6}",TPESampler,COMPLETE
881,0.09041149914264679,2025-04-26 08:56:39.454586,2025-04-26 08:57:11.784351,0 days 00:00:32.329765,1,52,326,161.0,,,2,78,0.16072973777496055,0.007119698468866167,0.6,/work3/arnaou/checkpoints/megnet_Pc_trial_881_best_state.pt,"{'learning_rate': 0.007119698468866167, 'lr_reduce': 0.6}",TPESampler,COMPLETE
882,0.1666978895664215,2025-04-26 08:56:55.591397,2025-04-26 08:57:18.040714,0 days 00:00:22.449317,1,34,414,157.0,456.0,231.0,4,118,0.2038386482551858,0.005656552884473114,0.6,/work3/arnaou/checkpoints/megnet_Pc_trial_882_best_state.pt,"{'learning_rate': 0.005656552884473114, 'lr_reduce': 0.6}",TPESampler,COMPLETE
883,0.1021571159362793,2025-04-26 08:57:11.981389,2025-04-26 08:57:57.463891,0 days 00:00:45.482502,4,93,494,102.0,373.0,68.0,4,37,0.11381549095103885,0.004416794955933318,0.6,/work3/arnaou/checkpoints/megnet_Pc_trial_883_best_state.pt,"{'learning_rate': 0.004416794955933318, 'lr_reduce': 0.6}",TPESampler,COMPLETE
884,0.43936729431152344,2025-04-26 08:57:17.472686,2025-04-26 08:57:29.834788,0 days 00:00:12.362102,2,110,85,,,,1,32,0.22346636484220495,0.006311834347007335,0.6,/work3/arnaou/checkpoints/megnet_Pc_trial_884_best_state.pt,"{'learning_rate': 0.006311834347007335, 'lr_reduce': 0.6}",TPESampler,COMPLETE
885,0.17385120689868927,2025-04-26 08:57:18.250798,2025-04-26 08:57:41.551368,0 days 00:00:23.300570,1,53,247,178.0,468.0,,3,88,0.10343974554415261,0.0030839142775416256,0.6,/work3/arnaou/checkpoints/megnet_Pc_trial_885_best_state.pt,"{'learning_rate': 0.0030839142775416256, 'lr_reduce': 0.6}",TPESampler,COMPLETE
886,0.4494015872478485,2025-04-26 08:57:30.021809,2025-04-26 08:57:42.467094,0 days 00:00:12.445285,2,59,166,149.0,,,2,125,0.05304367196012378,0.006127298617081525,0.6,/work3/arnaou/checkpoints/megnet_Pc_trial_886_best_state.pt,"{'learning_rate': 0.006127298617081525, 'lr_reduce': 0.6}",TPESampler,COMPLETE
887,0.08953161537647247,2025-04-26 08:57:41.765298,2025-04-26 08:58:15.316052,0 days 00:00:33.550754,1,73,187,100.0,405.0,,3,111,0.20348412621117218,0.002716365574419482,0.6,/work3/arnaou/checkpoints/megnet_Pc_trial_887_best_state.pt,"{'learning_rate': 0.002716365574419482, 'lr_reduce': 0.6}",TPESampler,COMPLETE
888,0.2266133427619934,2025-04-26 08:57:42.783740,2025-04-26 08:58:00.285404,0 days 00:00:17.501664,2,46,390,182.0,,,2,114,0.12140951723621889,0.008385562098574915,0.6,/work3/arnaou/checkpoints/megnet_Pc_trial_888_best_state.pt,"{'learning_rate': 0.008385562098574915, 'lr_reduce': 0.6}",TPESampler,COMPLETE
889,0.16202452778816223,2025-04-26 08:57:57.649032,2025-04-26 08:58:12.649024,0 days 00:00:14.999992,1,33,459,140.0,,,2,84,0.15145976617966256,0.003957653717279918,0.6,/work3/arnaou/checkpoints/megnet_Pc_trial_889_best_state.pt,"{'learning_rate': 0.003957653717279918, 'lr_reduce': 0.6}",TPESampler,COMPLETE
890,0.13288697600364685,2025-04-26 08:58:00.524301,2025-04-26 08:58:32.002477,0 days 00:00:31.478176,1,35,199,,,,1,128,0.08106284213415675,0.0048301803158745165,0.6,/work3/arnaou/checkpoints/megnet_Pc_trial_890_best_state.pt,"{'learning_rate': 0.0048301803158745165, 'lr_reduce': 0.6}",TPESampler,COMPLETE
891,0.1516919583082199,2025-04-26 08:58:12.815970,2025-04-26 08:58:29.598007,0 days 00:00:16.782037,1,71,385,,,,1,88,0.1397310226155569,0.001963362307812947,0.6,/work3/arnaou/checkpoints/megnet_Pc_trial_891_best_state.pt,"{'learning_rate': 0.001963362307812947, 'lr_reduce': 0.6}",TPESampler,COMPLETE
892,0.08767031878232956,2025-04-26 08:58:15.565739,2025-04-26 08:58:48.533256,0 days 00:00:32.967517,1,64,385,202.0,,,2,94,0.21148919948921532,0.006209981632729694,0.6,/work3/arnaou/checkpoints/megnet_Pc_trial_892_best_state.pt,"{'learning_rate': 0.006209981632729694, 'lr_reduce': 0.6}",TPESampler,COMPLETE
893,0.12997525930404663,2025-04-26 08:58:29.792379,2025-04-26 08:58:55.934773,0 days 00:00:26.142394,2,64,383,113.0,,,2,102,0.20891976125133804,0.0032241385974627855,0.6,/work3/arnaou/checkpoints/megnet_Pc_trial_893_best_state.pt,"{'learning_rate': 0.0032241385974627855, 'lr_reduce': 0.6}",TPESampler,COMPLETE
894,0.4445126950740814,2025-04-26 08:58:32.191494,2025-04-26 08:58:44.681962,0 days 00:00:12.490468,1,83,324,,,,1,114,0.14839551248934812,0.008900648202447037,0.6,/work3/arnaou/checkpoints/megnet_Pc_trial_894_best_state.pt,"{'learning_rate': 0.008900648202447037, 'lr_reduce': 0.6}",TPESampler,COMPLETE
895,0.15550048649311066,2025-04-26 08:58:44.867567,2025-04-26 08:59:13.046055,0 days 00:00:28.178488,1,111,401,,,,1,46,0.17075240465519853,0.0033902914046695866,0.6,/work3/arnaou/checkpoints/megnet_Pc_trial_895_best_state.pt,"{'learning_rate': 0.0033902914046695866, 'lr_reduce': 0.6}",TPESampler,COMPLETE
