number,value,datetime_start,datetime_complete,duration,params_depth,params_edge_hidden_dim,params_mlp_dim_00,params_mlp_dim_01,params_mlp_dim_02,params_mlp_dim_03,params_mlp_n_layers,params_node_hidden_dim,params_rep_dropout,params_train_learning_rate,params_train_lr_reduce,user_attrs_best_state_dict_path,user_attrs_training_params,system_attrs_auto:sampler,state
896,0.8865804076194763,2025-04-26 08:58:48.735123,2025-04-26 08:58:53.644091,0 days 00:00:04.908968,3,92,212,206.0,,,2,64,0.2391041028277421,0.0004103625079077146,0.6,/work3/arnaou/checkpoints/megnet_Pc_trial_896_best_state.pt,"{'learning_rate': 0.0004103625079077146, 'lr_reduce': 0.6}",TPESampler,COMPLETE
897,0.08822095394134521,2025-04-26 08:58:53.836056,2025-04-26 08:59:21.312028,0 days 00:00:27.475972,1,54,271,153.0,,,2,93,0.19181377759870621,0.0025612250799504255,0.6,/work3/arnaou/checkpoints/megnet_Pc_trial_897_best_state.pt,"{'learning_rate': 0.0025612250799504255, 'lr_reduce': 0.6}",TPESampler,COMPLETE
898,0.8869115710258484,2025-04-26 08:58:56.114228,2025-04-26 08:59:00.820205,0 days 00:00:04.705977,2,100,108,,,,1,124,0.1045599770329192,0.0012084426270758998,0.6,/work3/arnaou/checkpoints/megnet_Pc_trial_898_best_state.pt,"{'learning_rate': 0.0012084426270758998, 'lr_reduce': 0.6}",TPESampler,COMPLETE
899,0.13033786416053772,2025-04-26 08:59:00.990120,2025-04-26 08:59:18.020358,0 days 00:00:17.030238,1,37,268,244.0,511.0,,3,103,0.060002302691531166,0.0027136387142800006,0.6,/work3/arnaou/checkpoints/megnet_Pc_trial_899_best_state.pt,"{'learning_rate': 0.0027136387142800006, 'lr_reduce': 0.6}",TPESampler,COMPLETE
900,0.16101206839084625,2025-04-26 08:59:13.260848,2025-04-26 08:59:33.851012,0 days 00:00:20.590164,1,33,377,84.0,,,2,94,0.19938149601534846,0.002329351939743675,0.6,/work3/arnaou/checkpoints/megnet_Pc_trial_900_best_state.pt,"{'learning_rate': 0.002329351939743675, 'lr_reduce': 0.6}",TPESampler,COMPLETE
901,0.12521328032016754,2025-04-26 08:59:18.204956,2025-04-26 08:59:42.536517,0 days 00:00:24.331561,1,91,360,187.0,,,2,114,0.1810181293183062,0.003360286486185883,0.6,/work3/arnaou/checkpoints/megnet_Pc_trial_901_best_state.pt,"{'learning_rate': 0.003360286486185883, 'lr_reduce': 0.6}",TPESampler,COMPLETE
902,0.12759579718112946,2025-04-26 08:59:21.516227,2025-04-26 08:59:42.847676,0 days 00:00:21.331449,2,64,485,,,,1,80,0.160898590917105,0.004346416507382257,0.6,/work3/arnaou/checkpoints/megnet_Pc_trial_902_best_state.pt,"{'learning_rate': 0.004346416507382257, 'lr_reduce': 0.6}",TPESampler,COMPLETE
903,0.5313715934753418,2025-04-26 08:59:34.037569,2025-04-26 08:59:43.099258,0 days 00:00:09.061689,2,61,410,134.0,,,2,74,0.14349049818418463,0.00885645013519143,0.6,/work3/arnaou/checkpoints/megnet_Pc_trial_903_best_state.pt,"{'learning_rate': 0.00885645013519143, 'lr_reduce': 0.6}",TPESampler,COMPLETE
904,0.10809119790792465,2025-04-26 08:59:42.729169,2025-04-26 09:00:17.335155,0 days 00:00:34.605986,3,45,492,,,,1,88,0.152478278560486,0.005719794330269607,0.6,/work3/arnaou/checkpoints/megnet_Pc_trial_904_best_state.pt,"{'learning_rate': 0.005719794330269607, 'lr_reduce': 0.6}",TPESampler,COMPLETE
905,0.09288235753774643,2025-04-26 08:59:43.060206,2025-04-26 09:00:07.999045,0 days 00:00:24.938839,1,52,308,235.0,,,2,100,0.12040844390628458,0.004303682288631945,0.6,/work3/arnaou/checkpoints/megnet_Pc_trial_905_best_state.pt,"{'learning_rate': 0.004303682288631945, 'lr_reduce': 0.6}",TPESampler,COMPLETE
906,0.16807736456394196,2025-04-26 08:59:43.403480,2025-04-26 09:00:15.525863,0 days 00:00:32.122383,1,78,105,70.0,331.0,,3,123,0.04471888220003837,0.0010641587914703276,0.6,/work3/arnaou/checkpoints/megnet_Pc_trial_906_best_state.pt,"{'learning_rate': 0.0010641587914703276, 'lr_reduce': 0.6}",TPESampler,COMPLETE
907,0.2333751916885376,2025-04-26 09:00:08.183939,2025-04-26 09:00:20.647387,0 days 00:00:12.463448,1,50,352,290.0,426.0,,3,114,0.18142596324237908,0.006641386963105766,0.6,/work3/arnaou/checkpoints/megnet_Pc_trial_907_best_state.pt,"{'learning_rate': 0.006641386963105766, 'lr_reduce': 0.6}",TPESampler,COMPLETE
908,0.34579265117645264,2025-04-26 09:00:15.734415,2025-04-26 09:00:23.187278,0 days 00:00:07.452863,1,69,292,177.0,,,2,80,0.1602091762314238,0.006984017337511998,0.6,/work3/arnaou/checkpoints/megnet_Pc_trial_908_best_state.pt,"{'learning_rate': 0.006984017337511998, 'lr_reduce': 0.6}",TPESampler,COMPLETE
909,0.7029147148132324,2025-04-26 09:00:17.516218,2025-04-26 09:00:24.681324,0 days 00:00:07.165106,2,71,345,148.0,454.0,449.0,4,98,0.047871444871050814,0.008280239388664526,0.6,/work3/arnaou/checkpoints/megnet_Pc_trial_909_best_state.pt,"{'learning_rate': 0.008280239388664526, 'lr_reduce': 0.6}",TPESampler,COMPLETE
910,0.12465152144432068,2025-04-26 09:00:20.839664,2025-04-26 09:00:44.591252,0 days 00:00:23.751588,1,39,142,227.0,382.0,168.0,4,117,0.005375762439086204,0.0035284325588035535,0.6,/work3/arnaou/checkpoints/megnet_Pc_trial_910_best_state.pt,"{'learning_rate': 0.0035284325588035535, 'lr_reduce': 0.6}",TPESampler,COMPLETE
911,0.17030654847621918,2025-04-26 09:00:23.412998,2025-04-26 09:00:36.061381,0 days 00:00:12.648383,1,41,511,,,,1,67,0.16938967360162982,0.007315113475298826,0.6,/work3/arnaou/checkpoints/megnet_Pc_trial_911_best_state.pt,"{'learning_rate': 0.007315113475298826, 'lr_reduce': 0.6}",TPESampler,COMPLETE
912,0.11368410289287567,2025-04-26 09:00:24.866140,2025-04-26 09:00:42.112680,0 days 00:00:17.246540,1,33,129,118.0,472.0,,3,124,0.06374819176727413,0.006918899426636427,0.6,/work3/arnaou/checkpoints/megnet_Pc_trial_912_best_state.pt,"{'learning_rate': 0.006918899426636427, 'lr_reduce': 0.6}",TPESampler,COMPLETE
913,0.15127572417259216,2025-04-26 09:00:36.260143,2025-04-26 09:01:12.341192,0 days 00:00:36.081049,1,52,116,257.0,,,2,95,0.24580873747030213,0.0007783413567660236,0.6,/work3/arnaou/checkpoints/megnet_Pc_trial_913_best_state.pt,"{'learning_rate': 0.0007783413567660236, 'lr_reduce': 0.6}",TPESampler,COMPLETE
914,0.1047094464302063,2025-04-26 09:00:42.313912,2025-04-26 09:01:07.877754,0 days 00:00:25.563842,1,44,382,195.0,,,2,89,0.1876951239169178,0.006788041560853613,0.6,/work3/arnaou/checkpoints/megnet_Pc_trial_914_best_state.pt,"{'learning_rate': 0.006788041560853613, 'lr_reduce': 0.6}",TPESampler,COMPLETE
915,0.17195071280002594,2025-04-26 09:00:44.795659,2025-04-26 09:01:08.851046,0 days 00:00:24.055387,1,50,375,296.0,338.0,,3,110,0.18787898211797044,0.0022083619395015207,0.6,/work3/arnaou/checkpoints/megnet_Pc_trial_915_best_state.pt,"{'learning_rate': 0.0022083619395015207, 'lr_reduce': 0.6}",TPESampler,COMPLETE
916,0.09640729427337646,2025-04-26 09:01:08.075140,2025-04-26 09:01:34.710824,0 days 00:00:26.635684,1,59,369,,,,1,95,0.23009847152795274,0.008630925279635238,0.6,/work3/arnaou/checkpoints/megnet_Pc_trial_916_best_state.pt,"{'learning_rate': 0.008630925279635238, 'lr_reduce': 0.6}",TPESampler,COMPLETE
917,0.1480194479227066,2025-04-26 09:01:09.090390,2025-04-26 09:01:28.961501,0 days 00:00:19.871111,1,57,476,143.0,,,2,106,0.1767987963178039,0.0027296263749442416,0.6,/work3/arnaou/checkpoints/megnet_Pc_trial_917_best_state.pt,"{'learning_rate': 0.0027296263749442416, 'lr_reduce': 0.6}",TPESampler,COMPLETE
918,0.12462902814149857,2025-04-26 09:01:12.574283,2025-04-26 09:01:45.913080,0 days 00:00:33.338797,1,119,328,203.0,,,2,117,0.18992220697908838,0.002102457315804821,0.6,/work3/arnaou/checkpoints/megnet_Pc_trial_918_best_state.pt,"{'learning_rate': 0.002102457315804821, 'lr_reduce': 0.6}",TPESampler,COMPLETE
919,0.1666010618209839,2025-04-26 09:01:29.179180,2025-04-26 09:01:46.623368,0 days 00:00:17.444188,1,86,223,111.0,,,2,110,0.21719334306480562,0.00245685480758754,0.6,/work3/arnaou/checkpoints/megnet_Pc_trial_919_best_state.pt,"{'learning_rate': 0.00245685480758754, 'lr_reduce': 0.6}",TPESampler,COMPLETE
920,0.16281969845294952,2025-04-26 09:01:35.108204,2025-04-26 09:02:03.385359,0 days 00:00:28.277155,1,102,191,64.0,408.0,,3,125,0.19681105259961568,0.00965745248361628,0.6,/work3/arnaou/checkpoints/megnet_Pc_trial_920_best_state.pt,"{'learning_rate': 0.00965745248361628, 'lr_reduce': 0.6}",TPESampler,COMPLETE
921,0.33328938484191895,2025-04-26 09:01:46.102917,2025-04-26 09:01:55.843711,0 days 00:00:09.740794,2,41,470,167.0,,,2,108,0.22407927632922117,0.003340317323309456,0.6,/work3/arnaou/checkpoints/megnet_Pc_trial_921_best_state.pt,"{'learning_rate': 0.003340317323309456, 'lr_reduce': 0.6}",TPESampler,COMPLETE
922,0.357713520526886,2025-04-26 09:01:46.814881,2025-04-26 09:02:00.318545,0 days 00:00:13.503664,1,54,358,,,,1,81,0.11958433082876345,0.008640136925672096,0.6,/work3/arnaou/checkpoints/megnet_Pc_trial_922_best_state.pt,"{'learning_rate': 0.008640136925672096, 'lr_reduce': 0.6}",TPESampler,COMPLETE
923,0.08959683775901794,2025-04-26 09:01:56.018183,2025-04-26 09:02:27.992172,0 days 00:00:31.973989,1,36,138,235.0,,,2,126,0.0494701052178397,0.00946442208606275,0.6,/work3/arnaou/checkpoints/megnet_Pc_trial_923_best_state.pt,"{'learning_rate': 0.00946442208606275, 'lr_reduce': 0.6}",TPESampler,COMPLETE
924,0.11703699827194214,2025-04-26 09:02:00.494165,2025-04-26 09:02:21.778818,0 days 00:00:21.284653,1,57,372,295.0,,,2,100,0.14338779108521868,0.004543240872318283,0.6,/work3/arnaou/checkpoints/megnet_Pc_trial_924_best_state.pt,"{'learning_rate': 0.004543240872318283, 'lr_reduce': 0.6}",TPESampler,COMPLETE
925,0.887751579284668,2025-04-26 09:02:03.582609,2025-04-26 09:02:08.171420,0 days 00:00:04.588811,2,36,498,127.0,472.0,,3,125,0.13734548051508622,0.0043862681752264016,0.6,/work3/arnaou/checkpoints/megnet_Pc_trial_925_best_state.pt,"{'learning_rate': 0.0043862681752264016, 'lr_reduce': 0.6}",TPESampler,COMPLETE
926,0.12141072005033493,2025-04-26 09:02:08.363240,2025-04-26 09:02:29.910302,0 days 00:00:21.547062,1,55,463,,,,1,101,0.08321278110824981,0.005240864726661722,0.6,/work3/arnaou/checkpoints/megnet_Pc_trial_926_best_state.pt,"{'learning_rate': 0.005240864726661722, 'lr_reduce': 0.6}",TPESampler,COMPLETE
927,0.13826824724674225,2025-04-26 09:02:21.992189,2025-04-26 09:02:50.678341,0 days 00:00:28.686152,1,60,274,257.0,425.0,303.0,4,104,0.014920531691079555,0.0031549534859581876,0.6,/work3/arnaou/checkpoints/megnet_Pc_trial_927_best_state.pt,"{'learning_rate': 0.0031549534859581876, 'lr_reduce': 0.6}",TPESampler,COMPLETE
928,0.8867650032043457,2025-04-26 09:02:28.208504,2025-04-26 09:02:34.171918,0 days 00:00:05.963414,4,70,201,,,,1,124,0.22997544326770472,0.00013193354449328706,0.6,/work3/arnaou/checkpoints/megnet_Pc_trial_928_best_state.pt,"{'learning_rate': 0.00013193354449328706, 'lr_reduce': 0.6}",TPESampler,COMPLETE
929,0.8870847225189209,2025-04-26 09:02:30.108086,2025-04-26 09:02:35.871608,0 days 00:00:05.763522,3,128,265,,,,1,46,0.19986853705952015,0.0004202641944589024,0.6,/work3/arnaou/checkpoints/megnet_Pc_trial_929_best_state.pt,"{'learning_rate': 0.0004202641944589024, 'lr_reduce': 0.6}",TPESampler,COMPLETE
930,0.1560003161430359,2025-04-26 09:02:34.342954,2025-04-26 09:02:56.660427,0 days 00:00:22.317473,2,44,480,,,,1,98,0.17429466351126324,0.003689184438444859,0.6,/work3/arnaou/checkpoints/megnet_Pc_trial_930_best_state.pt,"{'learning_rate': 0.003689184438444859, 'lr_reduce': 0.6}",TPESampler,COMPLETE
931,0.10722164064645767,2025-04-26 09:02:36.041409,2025-04-26 09:02:58.697726,0 days 00:00:22.656317,1,39,370,190.0,507.0,512.0,4,120,0.016236439189651446,0.004642414659710679,0.6,/work3/arnaou/checkpoints/megnet_Pc_trial_931_best_state.pt,"{'learning_rate': 0.004642414659710679, 'lr_reduce': 0.6}",TPESampler,COMPLETE
932,0.17336171865463257,2025-04-26 09:02:50.923962,2025-04-26 09:03:25.454052,0 days 00:00:34.530090,2,61,389,159.0,372.0,,3,105,0.22329613162817036,0.006431564212133427,0.6,/work3/arnaou/checkpoints/megnet_Pc_trial_932_best_state.pt,"{'learning_rate': 0.006431564212133427, 'lr_reduce': 0.6}",TPESampler,COMPLETE
933,0.8865274786949158,2025-04-26 09:02:56.988810,2025-04-26 09:03:02.085880,0 days 00:00:05.097070,2,58,119,,,,1,94,0.034496720370672196,0.00016978744883354823,0.6,/work3/arnaou/checkpoints/megnet_Pc_trial_933_best_state.pt,"{'learning_rate': 0.00016978744883354823, 'lr_reduce': 0.6}",TPESampler,COMPLETE
934,0.2286984920501709,2025-04-26 09:02:58.883403,2025-04-26 09:03:19.595398,0 days 00:00:20.711995,2,50,263,219.0,430.0,386.0,4,95,0.06587802784881394,0.005115813436151335,0.6,/work3/arnaou/checkpoints/megnet_Pc_trial_934_best_state.pt,"{'learning_rate': 0.005115813436151335, 'lr_reduce': 0.6}",TPESampler,COMPLETE
935,0.14179089665412903,2025-04-26 09:03:02.268109,2025-04-26 09:03:22.604914,0 days 00:00:20.336805,1,34,382,113.0,,,2,120,0.137276988178614,0.0042531531028228604,0.6,/work3/arnaou/checkpoints/megnet_Pc_trial_935_best_state.pt,"{'learning_rate': 0.0042531531028228604, 'lr_reduce': 0.6}",TPESampler,COMPLETE
936,0.16858848929405212,2025-04-26 09:03:19.766244,2025-04-26 09:03:44.347118,0 days 00:00:24.580874,2,51,398,248.0,,,2,70,0.22272172025194328,0.00807977713974938,0.6,/work3/arnaou/checkpoints/megnet_Pc_trial_936_best_state.pt,"{'learning_rate': 0.00807977713974938, 'lr_reduce': 0.6}",TPESampler,COMPLETE
937,0.470537006855011,2025-04-26 09:03:22.785498,2025-04-26 09:03:35.956844,0 days 00:00:13.171346,3,127,233,165.0,465.0,135.0,4,36,0.08227668414087275,0.0052905891026711555,0.6,/work3/arnaou/checkpoints/megnet_Pc_trial_937_best_state.pt,"{'learning_rate': 0.0052905891026711555, 'lr_reduce': 0.6}",TPESampler,COMPLETE
938,0.15816260874271393,2025-04-26 09:03:25.649760,2025-04-26 09:03:42.939418,0 days 00:00:17.289658,1,41,239,288.0,322.0,,3,115,0.08075891250030016,0.003512893752688254,0.6,/work3/arnaou/checkpoints/megnet_Pc_trial_938_best_state.pt,"{'learning_rate': 0.003512893752688254, 'lr_reduce': 0.6}",TPESampler,COMPLETE
939,0.13420577347278595,2025-04-26 09:03:36.331607,2025-04-26 09:03:49.806424,0 days 00:00:13.474817,1,70,406,,,,1,111,0.18596250546066256,0.004774554416590839,0.6,/work3/arnaou/checkpoints/megnet_Pc_trial_939_best_state.pt,"{'learning_rate': 0.004774554416590839, 'lr_reduce': 0.6}",TPESampler,COMPLETE
940,0.14201238751411438,2025-04-26 09:03:43.164268,2025-04-26 09:04:04.862339,0 days 00:00:21.698071,1,45,204,117.0,391.0,,3,63,0.11321311445522078,0.008571795653285195,0.6,/work3/arnaou/checkpoints/megnet_Pc_trial_940_best_state.pt,"{'learning_rate': 0.008571795653285195, 'lr_reduce': 0.6}",TPESampler,COMPLETE
941,0.13884133100509644,2025-04-26 09:03:44.547115,2025-04-26 09:04:19.280399,0 days 00:00:34.733284,1,101,335,206.0,,,2,128,0.19771958424421704,0.004597860120957448,0.6,/work3/arnaou/checkpoints/megnet_Pc_trial_941_best_state.pt,"{'learning_rate': 0.004597860120957448, 'lr_reduce': 0.6}",TPESampler,COMPLETE
942,0.8863265514373779,2025-04-26 09:03:50.019864,2025-04-26 09:03:56.404819,0 days 00:00:06.384955,1,102,242,158.0,,,2,80,0.13312439786190575,0.0001033123168358865,0.6,/work3/arnaou/checkpoints/megnet_Pc_trial_942_best_state.pt,"{'learning_rate': 0.0001033123168358865, 'lr_reduce': 0.6}",TPESampler,COMPLETE
943,0.3639419376850128,2025-04-26 09:03:56.568543,2025-04-26 09:04:13.065508,0 days 00:00:16.496965,1,127,299,267.0,471.0,,3,112,0.18975761028689647,0.0058882356752060355,0.6,/work3/arnaou/checkpoints/megnet_Pc_trial_943_best_state.pt,"{'learning_rate': 0.0058882356752060355, 'lr_reduce': 0.6}",TPESampler,COMPLETE
944,0.8872361779212952,2025-04-26 09:04:05.046850,2025-04-26 09:04:11.175711,0 days 00:00:06.128861,2,84,258,477.0,421.0,,3,126,0.1862811177807775,0.008862240832113165,0.6,/work3/arnaou/checkpoints/megnet_Pc_trial_944_best_state.pt,"{'learning_rate': 0.008862240832113165, 'lr_reduce': 0.6}",TPESampler,COMPLETE
945,0.10221855342388153,2025-04-26 09:04:11.367735,2025-04-26 09:04:34.890812,0 days 00:00:23.523077,1,34,410,105.0,64.0,,3,123,0.2068118456548246,0.009800547628624952,0.6,/work3/arnaou/checkpoints/megnet_Pc_trial_945_best_state.pt,"{'learning_rate': 0.009800547628624952, 'lr_reduce': 0.6}",TPESampler,COMPLETE
946,0.8868268728256226,2025-04-26 09:04:13.302530,2025-04-26 09:04:19.365654,0 days 00:00:06.063124,3,77,139,199.0,,,2,38,0.11736516136269273,0.002178837079925188,0.6,/work3/arnaou/checkpoints/megnet_Pc_trial_946_best_state.pt,"{'learning_rate': 0.002178837079925188, 'lr_reduce': 0.6}",TPESampler,COMPLETE
947,0.8725624084472656,2025-04-26 09:04:19.428135,2025-04-26 09:04:28.679150,0 days 00:00:09.251015,3,32,475,,,,1,72,0.15708278318397847,0.008954527746862888,0.6,/work3/arnaou/checkpoints/megnet_Pc_trial_947_best_state.pt,"{'learning_rate': 0.008954527746862888, 'lr_reduce': 0.6}",TPESampler,COMPLETE
948,0.13384464383125305,2025-04-26 09:04:19.499498,2025-04-26 09:04:55.805183,0 days 00:00:36.305685,1,79,233,,,,1,98,0.12802211419137496,0.007119339586541106,0.6,/work3/arnaou/checkpoints/megnet_Pc_trial_948_best_state.pt,"{'learning_rate': 0.007119339586541106, 'lr_reduce': 0.6}",TPESampler,COMPLETE
949,0.1796051412820816,2025-04-26 09:04:28.885107,2025-04-26 09:04:47.521019,0 days 00:00:18.635912,2,40,505,220.0,,,2,69,0.14362151465604325,0.007744603847896134,0.6,/work3/arnaou/checkpoints/megnet_Pc_trial_949_best_state.pt,"{'learning_rate': 0.007744603847896134, 'lr_reduce': 0.6}",TPESampler,COMPLETE
950,0.24587544798851013,2025-04-26 09:04:35.086150,2025-04-26 09:05:03.701324,0 days 00:00:28.615174,2,43,313,157.0,424.0,243.0,4,116,0.005523333399360658,0.0019853219903616945,0.6,/work3/arnaou/checkpoints/megnet_Pc_trial_950_best_state.pt,"{'learning_rate': 0.0019853219903616945, 'lr_reduce': 0.6}",TPESampler,COMPLETE
951,0.09558824449777603,2025-04-26 09:04:47.731186,2025-04-26 09:05:22.120557,0 days 00:00:34.389371,2,54,365,244.0,,,2,105,0.18302654869219512,0.006969002809386293,0.6,/work3/arnaou/checkpoints/megnet_Pc_trial_951_best_state.pt,"{'learning_rate': 0.006969002809386293, 'lr_reduce': 0.6}",TPESampler,COMPLETE
952,0.15510256588459015,2025-04-26 09:04:55.995990,2025-04-26 09:05:21.326960,0 days 00:00:25.330970,1,106,401,,,,1,128,0.23275305102575827,0.0028127417829817555,0.6,/work3/arnaou/checkpoints/megnet_Pc_trial_952_best_state.pt,"{'learning_rate': 0.0028127417829817555, 'lr_reduce': 0.6}",TPESampler,COMPLETE
953,0.12787184119224548,2025-04-26 09:05:03.895604,2025-04-26 09:05:28.284306,0 days 00:00:24.388702,1,45,495,311.0,,,2,104,0.20976556766826995,0.003594851893730688,0.6,/work3/arnaou/checkpoints/megnet_Pc_trial_953_best_state.pt,"{'learning_rate': 0.003594851893730688, 'lr_reduce': 0.6}",TPESampler,COMPLETE
954,0.8875766396522522,2025-04-26 09:05:21.526724,2025-04-26 09:05:27.356684,0 days 00:00:05.829960,3,82,469,94.0,347.0,326.0,4,128,0.10149088272671303,0.0005697345925990018,0.6,/work3/arnaou/checkpoints/megnet_Pc_trial_954_best_state.pt,"{'learning_rate': 0.0005697345925990018, 'lr_reduce': 0.6}",TPESampler,COMPLETE
955,0.8871362209320068,2025-04-26 09:05:22.315582,2025-04-26 09:05:27.488780,0 days 00:00:05.173198,2,32,342,140.0,505.0,,3,84,0.11523148186157857,0.0044083518700518826,0.6,/work3/arnaou/checkpoints/megnet_Pc_trial_955_best_state.pt,"{'learning_rate': 0.0044083518700518826, 'lr_reduce': 0.6}",TPESampler,COMPLETE
956,0.12865498661994934,2025-04-26 09:05:27.511912,2025-04-26 09:05:59.933538,0 days 00:00:32.421626,1,64,288,464.0,,,2,106,0.13167935753499077,0.004346434831099697,0.6,/work3/arnaou/checkpoints/megnet_Pc_trial_956_best_state.pt,"{'learning_rate': 0.004346434831099697, 'lr_reduce': 0.6}",TPESampler,COMPLETE
957,0.09787917882204056,2025-04-26 09:05:27.651828,2025-04-26 09:05:57.437508,0 days 00:00:29.785680,1,88,209,192.0,464.0,,3,95,0.19045052488185346,0.00467369444579221,0.6,/work3/arnaou/checkpoints/megnet_Pc_trial_957_best_state.pt,"{'learning_rate': 0.00467369444579221, 'lr_reduce': 0.6}",TPESampler,COMPLETE
958,0.09816998988389969,2025-04-26 09:05:28.504091,2025-04-26 09:05:51.330476,0 days 00:00:22.826385,1,35,298,259.0,511.0,,3,101,0.11112772315519774,0.008652592805181124,0.6,/work3/arnaou/checkpoints/megnet_Pc_trial_958_best_state.pt,"{'learning_rate': 0.008652592805181124, 'lr_reduce': 0.6}",TPESampler,COMPLETE
959,0.08297530561685562,2025-04-26 09:05:51.522060,2025-04-26 09:06:14.856833,0 days 00:00:23.334773,1,53,462,,,,1,110,0.18658065877125868,0.006169486419940609,0.6,/work3/arnaou/checkpoints/megnet_Pc_trial_959_best_state.pt,"{'learning_rate': 0.006169486419940609, 'lr_reduce': 0.6}",TPESampler,COMPLETE
960,0.15120777487754822,2025-04-26 09:05:57.629167,2025-04-26 09:06:24.275756,0 days 00:00:26.646589,1,48,287,139.0,381.0,,3,93,0.10873738295716058,0.0030070467805716067,0.6,/work3/arnaou/checkpoints/megnet_Pc_trial_960_best_state.pt,"{'learning_rate': 0.0030070467805716067, 'lr_reduce': 0.6}",TPESampler,COMPLETE
961,0.26817166805267334,2025-04-26 09:06:00.136155,2025-04-26 09:06:40.440017,0 days 00:00:40.303862,2,105,243,194.0,,,2,111,0.22774982913151248,0.0047670632626870095,0.6,/work3/arnaou/checkpoints/megnet_Pc_trial_961_best_state.pt,"{'learning_rate': 0.0047670632626870095, 'lr_reduce': 0.6}",TPESampler,COMPLETE
962,0.1493346244096756,2025-04-26 09:06:15.054263,2025-04-26 09:06:41.796263,0 days 00:00:26.742000,1,50,142,371.0,423.0,,3,89,0.009824840476684533,0.0037000798219864856,0.6,/work3/arnaou/checkpoints/megnet_Pc_trial_962_best_state.pt,"{'learning_rate': 0.0037000798219864856, 'lr_reduce': 0.6}",TPESampler,COMPLETE
963,0.8872341513633728,2025-04-26 09:06:24.485812,2025-04-26 09:06:30.379005,0 days 00:00:05.893193,3,94,449,,,,1,113,0.15778822607052206,0.0020217014635896427,0.6,/work3/arnaou/checkpoints/megnet_Pc_trial_963_best_state.pt,"{'learning_rate': 0.0020217014635896427, 'lr_reduce': 0.6}",TPESampler,COMPLETE
964,0.8868604302406311,2025-04-26 09:06:30.579543,2025-04-26 09:06:40.193740,0 days 00:00:09.614197,4,96,276,67.0,317.0,184.0,4,33,0.12417639258199191,0.00010780956258541208,0.6,/work3/arnaou/checkpoints/megnet_Pc_trial_964_best_state.pt,"{'learning_rate': 0.00010780956258541208, 'lr_reduce': 0.6}",TPESampler,COMPLETE
