number,value,datetime_start,datetime_complete,duration,params_depth,params_edge_hidden_dim,params_mlp_dim_00,params_mlp_dim_01,params_mlp_dim_02,params_mlp_dim_03,params_mlp_n_layers,params_node_hidden_dim,params_rep_dropout,params_train_learning_rate,params_train_lr_reduce,user_attrs_best_state_dict_path,user_attrs_training_params,system_attrs_auto:sampler,state
620,0.14142701029777527,2025-04-26 08:24:02.170936,2025-04-26 08:24:17.607598,0 days 00:00:15.436662,1,100,155,139.0,,,2,125,0.1669206745730285,0.0026859501357309906,0.6,/work3/arnaou/checkpoints/megnet_Pc_trial_620_best_state.pt,"{'learning_rate': 0.0026859501357309906, 'lr_reduce': 0.6}",TPESampler,COMPLETE
621,0.10375699400901794,2025-04-26 08:24:09.825879,2025-04-26 08:24:35.533284,0 days 00:00:25.707405,1,50,354,115.0,,,2,122,0.07044208599637837,0.005244933328797269,0.6,/work3/arnaou/checkpoints/megnet_Pc_trial_621_best_state.pt,"{'learning_rate': 0.005244933328797269, 'lr_reduce': 0.6}",TPESampler,COMPLETE
622,0.47540661692619324,2025-04-26 08:24:17.787140,2025-04-26 08:24:26.817287,0 days 00:00:09.030147,1,110,214,132.0,207.0,192.0,4,126,0.1277484566952116,0.006812645138312511,0.6,/work3/arnaou/checkpoints/megnet_Pc_trial_622_best_state.pt,"{'learning_rate': 0.006812645138312511, 'lr_reduce': 0.6}",TPESampler,COMPLETE
623,0.12303612381219864,2025-04-26 08:24:21.415897,2025-04-26 08:24:47.446821,0 days 00:00:26.030924,2,80,167,119.0,218.0,,3,105,0.2058891222191824,0.003934659745281266,0.6,/work3/arnaou/checkpoints/megnet_Pc_trial_623_best_state.pt,"{'learning_rate': 0.003934659745281266, 'lr_reduce': 0.6}",TPESampler,COMPLETE
624,0.4241834878921509,2025-04-26 08:24:26.974773,2025-04-26 08:24:44.216011,0 days 00:00:17.241238,1,106,210,160.0,207.0,,3,126,0.22202021702760885,0.005245296811188472,0.6,/work3/arnaou/checkpoints/megnet_Pc_trial_624_best_state.pt,"{'learning_rate': 0.005245296811188472, 'lr_reduce': 0.6}",TPESampler,COMPLETE
625,0.14249058067798615,2025-04-26 08:24:35.706670,2025-04-26 08:24:56.729401,0 days 00:00:21.022731,1,34,487,,,,1,83,0.16745761753915836,0.005423703845561116,0.6,/work3/arnaou/checkpoints/megnet_Pc_trial_625_best_state.pt,"{'learning_rate': 0.005423703845561116, 'lr_reduce': 0.6}",TPESampler,COMPLETE
626,0.22788536548614502,2025-04-26 08:24:44.387218,2025-04-26 08:25:19.163101,0 days 00:00:34.775883,1,88,163,166.0,195.0,181.0,4,117,0.16579514129282466,0.003222332253689264,0.6,/work3/arnaou/checkpoints/megnet_Pc_trial_626_best_state.pt,"{'learning_rate': 0.003222332253689264, 'lr_reduce': 0.6}",TPESampler,COMPLETE
627,0.8872321844100952,2025-04-26 08:24:47.606855,2025-04-26 08:24:53.124668,0 days 00:00:05.517813,3,34,338,158.0,241.0,126.0,4,42,0.06063215658138357,0.0009128396571493923,0.6,/work3/arnaou/checkpoints/megnet_Pc_trial_627_best_state.pt,"{'learning_rate': 0.0009128396571493923, 'lr_reduce': 0.6}",TPESampler,COMPLETE
628,0.2343326210975647,2025-04-26 08:24:53.311208,2025-04-26 08:25:04.112320,0 days 00:00:10.801112,1,99,167,113.0,178.0,,3,110,0.11909425908364056,0.0029038540277422946,0.6,/work3/arnaou/checkpoints/megnet_Pc_trial_628_best_state.pt,"{'learning_rate': 0.0029038540277422946, 'lr_reduce': 0.6}",TPESampler,COMPLETE
629,0.468147873878479,2025-04-26 08:24:57.131812,2025-04-26 08:25:12.570943,0 days 00:00:15.439131,1,88,123,185.0,237.0,,3,124,0.193033597774113,0.007091789913318479,0.6,/work3/arnaou/checkpoints/megnet_Pc_trial_629_best_state.pt,"{'learning_rate': 0.007091789913318479, 'lr_reduce': 0.6}",TPESampler,COMPLETE
630,0.14649830758571625,2025-04-26 08:25:04.273748,2025-04-26 08:25:24.481596,0 days 00:00:20.207848,1,87,133,197.0,171.0,,3,123,0.1459803947499582,0.004083045893933603,0.6,/work3/arnaou/checkpoints/megnet_Pc_trial_630_best_state.pt,"{'learning_rate': 0.004083045893933603, 'lr_reduce': 0.6}",TPESampler,COMPLETE
631,0.08622618764638901,2025-04-26 08:25:12.917407,2025-04-26 08:25:43.989067,0 days 00:00:31.071660,1,33,263,148.0,,,2,68,0.07451470076779809,0.009363897802538223,0.6,/work3/arnaou/checkpoints/megnet_Pc_trial_631_best_state.pt,"{'learning_rate': 0.009363897802538223, 'lr_reduce': 0.6}",TPESampler,COMPLETE
632,0.4472822844982147,2025-04-26 08:25:19.340312,2025-04-26 08:25:36.134989,0 days 00:00:16.794677,2,34,166,221.0,201.0,,3,90,0.23820054731199464,0.008793759950311944,0.6,/work3/arnaou/checkpoints/megnet_Pc_trial_632_best_state.pt,"{'learning_rate': 0.008793759950311944, 'lr_reduce': 0.6}",TPESampler,COMPLETE
633,0.8864359259605408,2025-04-26 08:25:24.630683,2025-04-26 08:25:28.581406,0 days 00:00:03.950723,2,63,334,,,,1,52,0.00198288319576731,0.0003490925425396184,0.6,/work3/arnaou/checkpoints/megnet_Pc_trial_633_best_state.pt,"{'learning_rate': 0.0003490925425396184, 'lr_reduce': 0.6}",TPESampler,COMPLETE
634,0.14056521654129028,2025-04-26 08:25:28.738409,2025-04-26 08:25:46.739009,0 days 00:00:18.000600,1,99,196,179.0,261.0,,3,128,0.1556913020309568,0.003158899592906833,0.6,/work3/arnaou/checkpoints/megnet_Pc_trial_634_best_state.pt,"{'learning_rate': 0.003158899592906833, 'lr_reduce': 0.6}",TPESampler,COMPLETE
635,0.1362866312265396,2025-04-26 08:25:36.292209,2025-04-26 08:26:06.844529,0 days 00:00:30.552320,1,44,367,241.0,,,2,117,0.24388312583413593,0.005992752221139229,0.6,/work3/arnaou/checkpoints/megnet_Pc_trial_635_best_state.pt,"{'learning_rate': 0.005992752221139229, 'lr_reduce': 0.6}",TPESampler,COMPLETE
636,0.0959780216217041,2025-04-26 08:25:44.169871,2025-04-26 08:26:08.543861,0 days 00:00:24.373990,1,90,96,116.0,,,2,118,0.23747277495580615,0.0035387688375641308,0.6,/work3/arnaou/checkpoints/megnet_Pc_trial_636_best_state.pt,"{'learning_rate': 0.0035387688375641308, 'lr_reduce': 0.6}",TPESampler,COMPLETE
637,0.1310623288154602,2025-04-26 08:25:46.913927,2025-04-26 08:26:06.821049,0 days 00:00:19.907122,1,52,230,211.0,,,2,101,0.0784221819997698,0.0027305319013508447,0.6,/work3/arnaou/checkpoints/megnet_Pc_trial_637_best_state.pt,"{'learning_rate': 0.0027305319013508447, 'lr_reduce': 0.6}",TPESampler,COMPLETE
638,0.11179578304290771,2025-04-26 08:26:06.948206,2025-04-26 08:26:36.810318,0 days 00:00:29.862112,2,35,278,261.0,,,2,117,0.023597519764615937,0.009072110803741157,0.6,/work3/arnaou/checkpoints/megnet_Pc_trial_638_best_state.pt,"{'learning_rate': 0.009072110803741157, 'lr_reduce': 0.6}",TPESampler,COMPLETE
639,0.8866478800773621,2025-04-26 08:26:06.998265,2025-04-26 08:26:12.551870,0 days 00:00:05.553605,3,77,215,249.0,,,2,87,0.06096737832380242,0.0003963199275756918,0.6,/work3/arnaou/checkpoints/megnet_Pc_trial_639_best_state.pt,"{'learning_rate': 0.0003963199275756918, 'lr_reduce': 0.6}",TPESampler,COMPLETE
640,0.13104072213172913,2025-04-26 08:26:08.721752,2025-04-26 08:26:36.421106,0 days 00:00:27.699354,1,40,302,,,,1,109,0.06891192862952356,0.005691695729013891,0.6,/work3/arnaou/checkpoints/megnet_Pc_trial_640_best_state.pt,"{'learning_rate': 0.005691695729013891, 'lr_reduce': 0.6}",TPESampler,COMPLETE
641,0.1528318077325821,2025-04-26 08:26:12.708079,2025-04-26 08:26:47.863650,0 days 00:00:35.155571,1,42,496,173.0,,,2,101,0.022447419837865357,0.0004311405982310268,0.6,/work3/arnaou/checkpoints/megnet_Pc_trial_641_best_state.pt,"{'learning_rate': 0.0004311405982310268, 'lr_reduce': 0.6}",TPESampler,COMPLETE
642,0.175601065158844,2025-04-26 08:26:36.587264,2025-04-26 08:26:59.814004,0 days 00:00:23.226740,2,44,445,199.0,,,2,113,0.19598092062643474,0.002611318405137167,0.6,/work3/arnaou/checkpoints/megnet_Pc_trial_642_best_state.pt,"{'learning_rate': 0.002611318405137167, 'lr_reduce': 0.6}",TPESampler,COMPLETE
643,0.14663712680339813,2025-04-26 08:26:37.037380,2025-04-26 08:26:56.517910,0 days 00:00:19.480530,1,33,494,142.0,,,2,91,0.1933223917088963,0.002018142430851096,0.6,/work3/arnaou/checkpoints/megnet_Pc_trial_643_best_state.pt,"{'learning_rate': 0.002018142430851096, 'lr_reduce': 0.6}",TPESampler,COMPLETE
644,0.8885577917098999,2025-04-26 08:26:48.040438,2025-04-26 08:26:54.607063,0 days 00:00:06.566625,2,106,88,,,,1,38,0.018569921616402668,0.0005135791768450603,0.6,/work3/arnaou/checkpoints/megnet_Pc_trial_644_best_state.pt,"{'learning_rate': 0.0005135791768450603, 'lr_reduce': 0.6}",TPESampler,COMPLETE
645,0.5266321897506714,2025-04-26 08:26:54.786999,2025-04-26 08:27:04.151377,0 days 00:00:09.364378,2,59,307,226.0,,,2,97,0.09969338325955691,0.006533680230194157,0.6,/work3/arnaou/checkpoints/megnet_Pc_trial_645_best_state.pt,"{'learning_rate': 0.006533680230194157, 'lr_reduce': 0.6}",TPESampler,COMPLETE
646,0.22215938568115234,2025-04-26 08:26:56.695805,2025-04-26 08:27:07.525029,0 days 00:00:10.829224,1,48,296,274.0,175.0,,3,109,0.15640289506513333,0.0051888699827876555,0.6,/work3/arnaou/checkpoints/megnet_Pc_trial_646_best_state.pt,"{'learning_rate': 0.0051888699827876555, 'lr_reduce': 0.6}",TPESampler,COMPLETE
647,0.13806715607643127,2025-04-26 08:26:59.982984,2025-04-26 08:27:22.349404,0 days 00:00:22.366420,1,57,377,185.0,,,2,128,0.2111283169630374,0.009829493402824619,0.6,/work3/arnaou/checkpoints/megnet_Pc_trial_647_best_state.pt,"{'learning_rate': 0.009829493402824619, 'lr_reduce': 0.6}",TPESampler,COMPLETE
648,0.07947768270969391,2025-04-26 08:27:04.326295,2025-04-26 08:27:28.791056,0 days 00:00:24.464761,1,43,303,230.0,,,2,104,0.1102204771219838,0.008858533538509388,0.6,/work3/arnaou/checkpoints/megnet_Pc_trial_648_best_state.pt,"{'learning_rate': 0.008858533538509388, 'lr_reduce': 0.6}",TPESampler,COMPLETE
649,0.17032578587532043,2025-04-26 08:27:07.693108,2025-04-26 08:27:28.590900,0 days 00:00:20.897792,2,36,247,270.0,,,2,110,0.09904990238252817,0.009744851929611307,0.6,/work3/arnaou/checkpoints/megnet_Pc_trial_649_best_state.pt,"{'learning_rate': 0.009744851929611307, 'lr_reduce': 0.6}",TPESampler,COMPLETE
650,0.08746286481618881,2025-04-26 08:27:22.534707,2025-04-26 08:27:59.357574,0 days 00:00:36.822867,1,34,444,87.0,,,2,128,0.20227659016274557,0.008501030572270913,0.6,/work3/arnaou/checkpoints/megnet_Pc_trial_650_best_state.pt,"{'learning_rate': 0.008501030572270913, 'lr_reduce': 0.6}",TPESampler,COMPLETE
651,0.32675373554229736,2025-04-26 08:27:28.758855,2025-04-26 08:27:46.975692,0 days 00:00:18.216837,1,59,327,,,,1,100,0.0781204363476927,0.007602711252834411,0.6,/work3/arnaou/checkpoints/megnet_Pc_trial_651_best_state.pt,"{'learning_rate': 0.007602711252834411, 'lr_reduce': 0.6}",TPESampler,COMPLETE
652,0.6827743649482727,2025-04-26 08:27:28.958163,2025-04-26 08:27:52.830166,0 days 00:00:23.872003,3,115,254,,,,1,48,0.052835423367435685,0.001837145097915264,0.6,/work3/arnaou/checkpoints/megnet_Pc_trial_652_best_state.pt,"{'learning_rate': 0.001837145097915264, 'lr_reduce': 0.6}",TPESampler,COMPLETE
653,0.11220155656337738,2025-04-26 08:27:47.188517,2025-04-26 08:28:13.645861,0 days 00:00:26.457344,1,36,269,242.0,,,2,119,0.11935429341266382,0.0056503598686812205,0.6,/work3/arnaou/checkpoints/megnet_Pc_trial_653_best_state.pt,"{'learning_rate': 0.0056503598686812205, 'lr_reduce': 0.6}",TPESampler,COMPLETE
654,0.07415135204792023,2025-04-26 08:27:52.983609,2025-04-26 08:28:25.260473,0 days 00:00:32.276864,1,52,362,270.0,,,2,94,0.1525781211798468,0.00870508594925184,0.6,/work3/arnaou/checkpoints/megnet_Pc_trial_654_best_state.pt,"{'learning_rate': 0.00870508594925184, 'lr_reduce': 0.6}",TPESampler,COMPLETE
655,0.08420206606388092,2025-04-26 08:27:59.528822,2025-04-26 08:28:33.332018,0 days 00:00:33.803196,1,40,297,216.0,,,2,108,0.08643351315713835,0.006389160345179153,0.6,/work3/arnaou/checkpoints/megnet_Pc_trial_655_best_state.pt,"{'learning_rate': 0.006389160345179153, 'lr_reduce': 0.6}",TPESampler,COMPLETE
656,0.09486643970012665,2025-04-26 08:28:13.810734,2025-04-26 08:28:42.332403,0 days 00:00:28.521669,1,44,511,167.0,,,2,72,0.23164723085502134,0.00905662080994286,0.6,/work3/arnaou/checkpoints/megnet_Pc_trial_656_best_state.pt,"{'learning_rate': 0.00905662080994286, 'lr_reduce': 0.6}",TPESampler,COMPLETE
657,0.1938747763633728,2025-04-26 08:28:25.438193,2025-04-26 08:28:52.318646,0 days 00:00:26.880453,2,50,344,310.0,,,2,108,0.13273017735633508,0.002668114703052707,0.6,/work3/arnaou/checkpoints/megnet_Pc_trial_657_best_state.pt,"{'learning_rate': 0.002668114703052707, 'lr_reduce': 0.6}",TPESampler,COMPLETE
658,0.12646235525608063,2025-04-26 08:28:33.532528,2025-04-26 08:29:11.487778,0 days 00:00:37.955250,2,38,331,287.0,,,2,82,0.15088989476246095,0.0056410694152599404,0.6,/work3/arnaou/checkpoints/megnet_Pc_trial_658_best_state.pt,"{'learning_rate': 0.0056410694152599404, 'lr_reduce': 0.6}",TPESampler,COMPLETE
659,0.8866831064224243,2025-04-26 08:28:42.511336,2025-04-26 08:28:48.439795,0 days 00:00:05.928459,2,39,161,296.0,270.0,,3,36,0.08491158644712149,0.0002137844749874816,0.6,/work3/arnaou/checkpoints/megnet_Pc_trial_659_best_state.pt,"{'learning_rate': 0.0002137844749874816, 'lr_reduce': 0.6}",TPESampler,COMPLETE
660,0.3725806474685669,2025-04-26 08:28:48.613742,2025-04-26 08:29:07.958335,0 days 00:00:19.344593,1,65,304,282.0,,,2,100,0.12189709440546243,0.009671560909305049,0.6,/work3/arnaou/checkpoints/megnet_Pc_trial_660_best_state.pt,"{'learning_rate': 0.009671560909305049, 'lr_reduce': 0.6}",TPESampler,COMPLETE
661,0.10597432404756546,2025-04-26 08:28:52.503210,2025-04-26 08:29:23.347773,0 days 00:00:30.844563,2,34,397,295.0,,,2,128,0.1946389324859827,0.004577459340572585,0.6,/work3/arnaou/checkpoints/megnet_Pc_trial_661_best_state.pt,"{'learning_rate': 0.004577459340572585, 'lr_reduce': 0.6}",TPESampler,COMPLETE
662,0.13376514613628387,2025-04-26 08:29:08.147071,2025-04-26 08:29:32.909795,0 days 00:00:24.762724,1,53,353,270.0,,,2,88,0.14425798054763098,0.00269751084326477,0.6,/work3/arnaou/checkpoints/megnet_Pc_trial_662_best_state.pt,"{'learning_rate': 0.00269751084326477, 'lr_reduce': 0.6}",TPESampler,COMPLETE
663,0.07115309685468674,2025-04-26 08:29:11.829985,2025-04-26 08:29:42.938468,0 days 00:00:31.108483,1,82,193,109.0,,,2,105,0.1749927632701073,0.007968324855593387,0.6,/work3/arnaou/checkpoints/megnet_Pc_trial_663_best_state.pt,"{'learning_rate': 0.007968324855593387, 'lr_reduce': 0.6}",TPESampler,COMPLETE
664,0.08306000381708145,2025-04-26 08:29:23.530665,2025-04-26 08:29:55.251868,0 days 00:00:31.721203,1,56,208,268.0,,,2,91,0.048501704285705924,0.007290897373888264,0.6,/work3/arnaou/checkpoints/megnet_Pc_trial_664_best_state.pt,"{'learning_rate': 0.007290897373888264, 'lr_reduce': 0.6}",TPESampler,COMPLETE
665,0.15968585014343262,2025-04-26 08:29:33.076707,2025-04-26 08:29:59.884243,0 days 00:00:26.807536,3,49,178,429.0,236.0,,3,69,0.05596124622517712,0.005538298036769654,0.6,/work3/arnaou/checkpoints/megnet_Pc_trial_665_best_state.pt,"{'learning_rate': 0.005538298036769654, 'lr_reduce': 0.6}",TPESampler,COMPLETE
666,0.8868012428283691,2025-04-26 08:29:43.148294,2025-04-26 08:29:51.334093,0 days 00:00:08.185799,4,67,433,81.0,500.0,,3,48,0.038142931679320535,0.00015304546110960607,0.6,/work3/arnaou/checkpoints/megnet_Pc_trial_666_best_state.pt,"{'learning_rate': 0.00015304546110960607, 'lr_reduce': 0.6}",TPESampler,COMPLETE
667,0.6396272778511047,2025-04-26 08:29:51.529836,2025-04-26 08:29:58.494967,0 days 00:00:06.965131,2,86,180,81.0,,,2,106,0.19018782750907787,0.006630658228832029,0.6,/work3/arnaou/checkpoints/megnet_Pc_trial_667_best_state.pt,"{'learning_rate': 0.006630658228832029, 'lr_reduce': 0.6}",TPESampler,COMPLETE
668,0.43506187200546265,2025-04-26 08:29:55.433715,2025-04-26 08:30:06.789709,0 days 00:00:11.355994,1,47,366,110.0,,,2,82,0.18510276731540717,0.008703665609892185,0.6,/work3/arnaou/checkpoints/megnet_Pc_trial_668_best_state.pt,"{'learning_rate': 0.008703665609892185, 'lr_reduce': 0.6}",TPESampler,COMPLETE
669,0.8872751593589783,2025-04-26 08:29:58.667311,2025-04-26 08:30:04.860729,0 days 00:00:06.193418,3,88,278,85.0,509.0,252.0,4,79,0.09111614526147073,0.006980542593129583,0.6,/work3/arnaou/checkpoints/megnet_Pc_trial_669_best_state.pt,"{'learning_rate': 0.006980542593129583, 'lr_reduce': 0.6}",TPESampler,COMPLETE
670,0.16286246478557587,2025-04-26 08:30:00.070657,2025-04-26 08:30:11.479487,0 days 00:00:11.408830,1,71,116,102.0,,,2,80,0.18657988573433332,0.004767377998416267,0.6,/work3/arnaou/checkpoints/megnet_Pc_trial_670_best_state.pt,"{'learning_rate': 0.004767377998416267, 'lr_reduce': 0.6}",TPESampler,COMPLETE
671,0.16962788999080658,2025-04-26 08:30:05.015940,2025-04-26 08:30:40.459510,0 days 00:00:35.443570,1,61,389,,,,1,99,0.15644659057447183,0.008384234665862057,0.6,/work3/arnaou/checkpoints/megnet_Pc_trial_671_best_state.pt,"{'learning_rate': 0.008384234665862057, 'lr_reduce': 0.6}",TPESampler,COMPLETE
672,0.3915148377418518,2025-04-26 08:30:06.954394,2025-04-26 08:30:17.340578,0 days 00:00:10.386184,1,99,254,131.0,,,2,90,0.13796226094975078,0.008533265261596035,0.6,/work3/arnaou/checkpoints/megnet_Pc_trial_672_best_state.pt,"{'learning_rate': 0.008533265261596035, 'lr_reduce': 0.6}",TPESampler,COMPLETE
673,0.20405302941799164,2025-04-26 08:30:11.654654,2025-04-26 08:30:44.609389,0 days 00:00:32.954735,2,114,166,123.0,177.0,,3,89,0.029774966184117596,0.000837424862325894,0.6,/work3/arnaou/checkpoints/megnet_Pc_trial_673_best_state.pt,"{'learning_rate': 0.000837424862325894, 'lr_reduce': 0.6}",TPESampler,COMPLETE
674,0.11747777462005615,2025-04-26 08:30:17.537662,2025-04-26 08:30:38.013811,0 days 00:00:20.476149,1,35,292,69.0,,,2,102,0.14658306729213583,0.007272001635365494,0.6,/work3/arnaou/checkpoints/megnet_Pc_trial_674_best_state.pt,"{'learning_rate': 0.007272001635365494, 'lr_reduce': 0.6}",TPESampler,COMPLETE
675,0.8861817717552185,2025-04-26 08:30:38.190205,2025-04-26 08:30:45.543286,0 days 00:00:07.353081,4,106,462,109.0,182.0,,3,104,0.10472036553465722,0.00012543985211250808,0.6,/work3/arnaou/checkpoints/megnet_Pc_trial_675_best_state.pt,"{'learning_rate': 0.00012543985211250808, 'lr_reduce': 0.6}",TPESampler,COMPLETE
676,0.1384759396314621,2025-04-26 08:30:40.645699,2025-04-26 08:31:05.941643,0 days 00:00:25.295944,1,112,67,139.0,467.0,,3,73,0.1358629879950983,0.0010422340354074237,0.6,/work3/arnaou/checkpoints/megnet_Pc_trial_676_best_state.pt,"{'learning_rate': 0.0010422340354074237, 'lr_reduce': 0.6}",TPESampler,COMPLETE
677,0.09785989671945572,2025-04-26 08:30:44.779387,2025-04-26 08:31:18.537250,0 days 00:00:33.757863,1,87,165,424.0,,,2,97,0.1549268493533384,0.006518354006927242,0.6,/work3/arnaou/checkpoints/megnet_Pc_trial_677_best_state.pt,"{'learning_rate': 0.006518354006927242, 'lr_reduce': 0.6}",TPESampler,COMPLETE
678,0.886432945728302,2025-04-26 08:30:45.720595,2025-04-26 08:30:51.004629,0 days 00:00:05.284034,3,118,415,142.0,176.0,,3,127,0.22789786412419968,0.0003082285709839421,0.6,/work3/arnaou/checkpoints/megnet_Pc_trial_678_best_state.pt,"{'learning_rate': 0.0003082285709839421, 'lr_reduce': 0.6}",TPESampler,COMPLETE
679,0.11310667544603348,2025-04-26 08:30:51.186996,2025-04-26 08:31:13.898156,0 days 00:00:22.711160,1,85,192,329.0,,,2,99,0.21554341948832115,0.00910881640890605,0.6,/work3/arnaou/checkpoints/megnet_Pc_trial_679_best_state.pt,"{'learning_rate': 0.00910881640890605, 'lr_reduce': 0.6}",TPESampler,COMPLETE
680,0.08566261827945709,2025-04-26 08:31:06.233366,2025-04-26 08:31:34.598512,0 days 00:00:28.365146,1,89,286,392.0,,,2,115,0.2425045789083638,0.00500249222863896,0.6,/work3/arnaou/checkpoints/megnet_Pc_trial_680_best_state.pt,"{'learning_rate': 0.00500249222863896, 'lr_reduce': 0.6}",TPESampler,COMPLETE
681,0.8864466547966003,2025-04-26 08:31:14.081211,2025-04-26 08:31:21.196408,0 days 00:00:07.115197,4,78,150,126.0,323.0,,3,109,0.10364179055786868,0.00018531883405085043,0.6,/work3/arnaou/checkpoints/megnet_Pc_trial_681_best_state.pt,"{'learning_rate': 0.00018531883405085043, 'lr_reduce': 0.6}",TPESampler,COMPLETE
682,0.11490243673324585,2025-04-26 08:31:18.709716,2025-04-26 08:31:42.153375,0 days 00:00:23.443659,1,94,100,301.0,168.0,,3,127,0.20536129152871369,0.002370435587554421,0.6,/work3/arnaou/checkpoints/megnet_Pc_trial_682_best_state.pt,"{'learning_rate': 0.002370435587554421, 'lr_reduce': 0.6}",TPESampler,COMPLETE
683,0.8869562149047852,2025-04-26 08:31:21.371897,2025-04-26 08:31:25.931902,0 days 00:00:04.560005,3,63,83,,,,1,61,0.16739234104227493,0.0006038605604916836,0.6,/work3/arnaou/checkpoints/megnet_Pc_trial_683_best_state.pt,"{'learning_rate': 0.0006038605604916836, 'lr_reduce': 0.6}",TPESampler,COMPLETE
684,0.886529803276062,2025-04-26 08:31:26.102154,2025-04-26 08:31:31.544312,0 days 00:00:05.442158,1,77,166,428.0,,,2,122,0.08350556854722875,0.00010770279136157351,0.6,/work3/arnaou/checkpoints/megnet_Pc_trial_684_best_state.pt,"{'learning_rate': 0.00010770279136157351, 'lr_reduce': 0.6}",TPESampler,COMPLETE
685,0.2784768044948578,2025-04-26 08:31:31.743731,2025-04-26 08:31:43.003519,0 days 00:00:11.259788,1,43,359,381.0,,,2,100,0.11377278633350099,0.008676175102336809,0.6,/work3/arnaou/checkpoints/megnet_Pc_trial_685_best_state.pt,"{'learning_rate': 0.008676175102336809, 'lr_reduce': 0.6}",TPESampler,COMPLETE
686,0.15578490495681763,2025-04-26 08:31:34.776115,2025-04-26 08:32:01.186583,0 days 00:00:26.410468,1,33,436,447.0,,,2,64,0.15335723404094836,0.0015212995404476242,0.6,/work3/arnaou/checkpoints/megnet_Pc_trial_686_best_state.pt,"{'learning_rate': 0.0015212995404476242, 'lr_reduce': 0.6}",TPESampler,COMPLETE
687,0.1537923961877823,2025-04-26 08:31:42.318181,2025-04-26 08:32:00.517264,0 days 00:00:18.199083,1,93,269,269.0,,,2,126,0.19766638195502556,0.002089452140259956,0.6,/work3/arnaou/checkpoints/megnet_Pc_trial_687_best_state.pt,"{'learning_rate': 0.002089452140259956, 'lr_reduce': 0.6}",TPESampler,COMPLETE
688,0.08034975826740265,2025-04-26 08:31:43.183656,2025-04-26 08:32:17.109325,0 days 00:00:33.925669,1,39,293,117.0,475.0,,3,86,0.0735900234542777,0.008052826503783663,0.6,/work3/arnaou/checkpoints/megnet_Pc_trial_688_best_state.pt,"{'learning_rate': 0.008052826503783663, 'lr_reduce': 0.6}",TPESampler,COMPLETE
