number,value,datetime_start,datetime_complete,duration,params_depth,params_edge_hidden_dim,params_mlp_dim_00,params_mlp_dim_01,params_mlp_dim_02,params_mlp_dim_03,params_mlp_n_layers,params_node_hidden_dim,params_rep_dropout,params_train_learning_rate,params_train_lr_reduce,user_attrs_best_state_dict_path,user_attrs_training_params,system_attrs_auto:sampler,state
689,0.1453082114458084,2025-04-26 08:32:00.708331,2025-04-26 08:32:24.482312,0 days 00:00:23.773981,1,106,136,149.0,512.0,,3,101,0.2062505217351741,0.004363371436174188,0.6,/work3/arnaou/checkpoints/megnet_Pc_trial_689_best_state.pt,"{'learning_rate': 0.004363371436174188, 'lr_reduce': 0.6}",TPESampler,COMPLETE
690,0.1233307346701622,2025-04-26 08:32:01.381174,2025-04-26 08:32:34.571112,0 days 00:00:33.189938,1,94,312,333.0,,,2,126,0.19854295943414285,0.008237660442230173,0.6,/work3/arnaou/checkpoints/megnet_Pc_trial_690_best_state.pt,"{'learning_rate': 0.008237660442230173, 'lr_reduce': 0.6}",TPESampler,COMPLETE
691,0.0757836326956749,2025-04-26 08:32:17.303827,2025-04-26 08:32:51.794768,0 days 00:00:34.490941,1,39,175,118.0,,,2,125,0.06497277742702745,0.007447351590199809,0.6,/work3/arnaou/checkpoints/megnet_Pc_trial_691_best_state.pt,"{'learning_rate': 0.007447351590199809, 'lr_reduce': 0.6}",TPESampler,COMPLETE
692,0.09395629912614822,2025-04-26 08:32:24.677202,2025-04-26 08:32:54.728402,0 days 00:00:30.051200,1,84,237,97.0,,,2,106,0.1721708240178014,0.006696180650858221,0.6,/work3/arnaou/checkpoints/megnet_Pc_trial_692_best_state.pt,"{'learning_rate': 0.006696180650858221, 'lr_reduce': 0.6}",TPESampler,COMPLETE
693,0.11626826226711273,2025-04-26 08:32:34.798945,2025-04-26 08:32:54.846377,0 days 00:00:20.047432,1,45,251,67.0,466.0,,3,100,0.08037623144162513,0.007939672944097611,0.6,/work3/arnaou/checkpoints/megnet_Pc_trial_693_best_state.pt,"{'learning_rate': 0.007939672944097611, 'lr_reduce': 0.6}",TPESampler,COMPLETE
694,0.09231957048177719,2025-04-26 08:32:52.036847,2025-04-26 08:33:22.317861,0 days 00:00:30.281014,2,34,288,95.0,471.0,,3,84,0.05812014977188294,0.009143259541157451,0.6,/work3/arnaou/checkpoints/megnet_Pc_trial_694_best_state.pt,"{'learning_rate': 0.009143259541157451, 'lr_reduce': 0.6}",TPESampler,COMPLETE
695,0.17600467801094055,2025-04-26 08:32:54.894001,2025-04-26 08:33:29.452659,0 days 00:00:34.558658,2,54,120,,,,1,123,0.04124605564461775,0.005147265142393536,0.6,/work3/arnaou/checkpoints/megnet_Pc_trial_695_best_state.pt,"{'learning_rate': 0.005147265142393536, 'lr_reduce': 0.6}",TPESampler,COMPLETE
696,0.8874275088310242,2025-04-26 08:32:55.137032,2025-04-26 08:33:02.661544,0 days 00:00:07.524512,4,36,222,,,,1,39,0.1360557752566,0.0009106047709707192,0.6,/work3/arnaou/checkpoints/megnet_Pc_trial_696_best_state.pt,"{'learning_rate': 0.0009106047709707192, 'lr_reduce': 0.6}",TPESampler,COMPLETE
697,0.13491272926330566,2025-04-26 08:33:02.856475,2025-04-26 08:33:30.805028,0 days 00:00:27.948553,2,64,166,68.0,510.0,,3,121,0.058116671043871485,0.00493023262723898,0.6,/work3/arnaou/checkpoints/megnet_Pc_trial_697_best_state.pt,"{'learning_rate': 0.00493023262723898, 'lr_reduce': 0.6}",TPESampler,COMPLETE
698,0.11385148018598557,2025-04-26 08:33:22.516643,2025-04-26 08:33:56.763887,0 days 00:00:34.247244,1,38,253,116.0,,,2,89,0.008200416403627592,0.007846919670539016,0.6,/work3/arnaou/checkpoints/megnet_Pc_trial_698_best_state.pt,"{'learning_rate': 0.007846919670539016, 'lr_reduce': 0.6}",TPESampler,COMPLETE
699,0.13669279217720032,2025-04-26 08:33:29.653521,2025-04-26 08:33:57.489322,0 days 00:00:27.835801,1,39,186,101.0,448.0,78.0,4,107,0.020651076518775985,0.0007819913185338326,0.6,/work3/arnaou/checkpoints/megnet_Pc_trial_699_best_state.pt,"{'learning_rate': 0.0007819913185338326, 'lr_reduce': 0.6}",TPESampler,COMPLETE
700,0.8871262073516846,2025-04-26 08:33:31.016011,2025-04-26 08:33:35.910622,0 days 00:00:04.894611,2,38,282,122.0,452.0,,3,91,0.09908131934552228,0.0019934584773026363,0.6,/work3/arnaou/checkpoints/megnet_Pc_trial_700_best_state.pt,"{'learning_rate': 0.0019934584773026363, 'lr_reduce': 0.6}",TPESampler,COMPLETE
701,0.12223899364471436,2025-04-26 08:33:36.088696,2025-04-26 08:33:56.684937,0 days 00:00:20.596241,1,36,116,118.0,,,2,108,0.0050735343551940384,0.0070095929912173055,0.6,/work3/arnaou/checkpoints/megnet_Pc_trial_701_best_state.pt,"{'learning_rate': 0.0070095929912173055, 'lr_reduce': 0.6}",TPESampler,COMPLETE
702,0.0994197428226471,2025-04-26 08:33:56.985422,2025-04-26 08:34:31.759656,0 days 00:00:34.774234,1,33,200,,,,1,114,0.10465345421016213,0.009674302844982411,0.6,/work3/arnaou/checkpoints/megnet_Pc_trial_702_best_state.pt,"{'learning_rate': 0.009674302844982411, 'lr_reduce': 0.6}",TPESampler,COMPLETE
703,0.34429699182510376,2025-04-26 08:33:57.092270,2025-04-26 08:34:15.225790,0 days 00:00:18.133520,1,68,216,,,,1,121,0.051297948027561074,0.006763165093544406,0.6,/work3/arnaou/checkpoints/megnet_Pc_trial_703_best_state.pt,"{'learning_rate': 0.006763165093544406, 'lr_reduce': 0.6}",TPESampler,COMPLETE
704,0.15293952822685242,2025-04-26 08:33:57.748851,2025-04-26 08:34:12.314668,0 days 00:00:14.565817,1,48,151,121.0,,,2,121,0.0277065052247824,0.0033026958009344984,0.6,/work3/arnaou/checkpoints/megnet_Pc_trial_704_best_state.pt,"{'learning_rate': 0.0033026958009344984, 'lr_reduce': 0.6}",TPESampler,COMPLETE
705,0.1344156414270401,2025-04-26 08:34:12.494334,2025-04-26 08:34:31.445475,0 days 00:00:18.951141,1,41,217,147.0,,,2,99,0.09435068639863421,0.003769063048843701,0.6,/work3/arnaou/checkpoints/megnet_Pc_trial_705_best_state.pt,"{'learning_rate': 0.003769063048843701, 'lr_reduce': 0.6}",TPESampler,COMPLETE
706,0.19930803775787354,2025-04-26 08:34:15.400758,2025-04-26 08:34:52.439231,0 days 00:00:37.038473,2,62,345,66.0,512.0,,3,84,0.03622345878459874,0.0020135384142509092,0.6,/work3/arnaou/checkpoints/megnet_Pc_trial_706_best_state.pt,"{'learning_rate': 0.0020135384142509092, 'lr_reduce': 0.6}",TPESampler,COMPLETE
707,0.16759879887104034,2025-04-26 08:34:31.613452,2025-04-26 08:35:03.506607,0 days 00:00:31.893155,1,51,365,127.0,,,2,95,0.1001050571715706,0.004753591861598872,0.6,/work3/arnaou/checkpoints/megnet_Pc_trial_707_best_state.pt,"{'learning_rate': 0.004753591861598872, 'lr_reduce': 0.6}",TPESampler,COMPLETE
708,0.8649566173553467,2025-04-26 08:34:31.952015,2025-04-26 08:34:44.739053,0 days 00:00:12.787038,4,103,233,441.0,,,2,118,0.24043042290243027,0.002420528982540269,0.6,/work3/arnaou/checkpoints/megnet_Pc_trial_708_best_state.pt,"{'learning_rate': 0.002420528982540269, 'lr_reduce': 0.6}",TPESampler,COMPLETE
709,0.15000607073307037,2025-04-26 08:34:45.053903,2025-04-26 08:35:06.137587,0 days 00:00:21.083684,1,44,449,155.0,,,2,105,0.1922496578583986,0.003230437584468253,0.6,/work3/arnaou/checkpoints/megnet_Pc_trial_709_best_state.pt,"{'learning_rate': 0.003230437584468253, 'lr_reduce': 0.6}",TPESampler,COMPLETE
710,0.14800208806991577,2025-04-26 08:34:52.627164,2025-04-26 08:35:16.236841,0 days 00:00:23.609677,1,69,213,,,,1,96,0.17799090774595877,0.0019182544970269904,0.6,/work3/arnaou/checkpoints/megnet_Pc_trial_710_best_state.pt,"{'learning_rate': 0.0019182544970269904, 'lr_reduce': 0.6}",TPESampler,COMPLETE
711,0.2321823537349701,2025-04-26 08:35:03.698714,2025-04-26 08:35:28.673838,0 days 00:00:24.975124,2,59,494,404.0,,,2,106,0.2498248557889386,0.005133010559144343,0.6,/work3/arnaou/checkpoints/megnet_Pc_trial_711_best_state.pt,"{'learning_rate': 0.005133010559144343, 'lr_reduce': 0.6}",TPESampler,COMPLETE
712,0.8871569037437439,2025-04-26 08:35:06.349264,2025-04-26 08:35:11.498395,0 days 00:00:05.149131,4,80,499,,,,1,97,0.004562022212376615,0.00042074662812730034,0.6,/work3/arnaou/checkpoints/megnet_Pc_trial_712_best_state.pt,"{'learning_rate': 0.00042074662812730034, 'lr_reduce': 0.6}",TPESampler,COMPLETE
713,0.07622041553258896,2025-04-26 08:35:11.680950,2025-04-26 08:35:38.366703,0 days 00:00:26.685753,1,48,226,120.0,423.0,201.0,4,104,0.008475429716391633,0.004790493153597751,0.6,/work3/arnaou/checkpoints/megnet_Pc_trial_713_best_state.pt,"{'learning_rate': 0.004790493153597751, 'lr_reduce': 0.6}",TPESampler,COMPLETE
714,0.886783242225647,2025-04-26 08:35:16.444221,2025-04-26 08:35:22.022508,0 days 00:00:05.578287,1,51,258,442.0,448.0,,3,42,0.1847215675692035,0.00014306362800758874,0.6,/work3/arnaou/checkpoints/megnet_Pc_trial_714_best_state.pt,"{'learning_rate': 0.00014306362800758874, 'lr_reduce': 0.6}",TPESampler,COMPLETE
715,0.15858618915081024,2025-04-26 08:35:22.206421,2025-04-26 08:35:44.919791,0 days 00:00:22.713370,2,35,70,163.0,470.0,,3,125,0.03689383335012071,0.0062315516505729,0.6,/work3/arnaou/checkpoints/megnet_Pc_trial_715_best_state.pt,"{'learning_rate': 0.0062315516505729, 'lr_reduce': 0.6}",TPESampler,COMPLETE
716,0.07894663512706757,2025-04-26 08:35:28.862314,2025-04-26 08:36:00.431674,0 days 00:00:31.569360,1,57,150,463.0,,,2,127,0.05631465864998773,0.00991734483022025,0.6,/work3/arnaou/checkpoints/megnet_Pc_trial_716_best_state.pt,"{'learning_rate': 0.00991734483022025, 'lr_reduce': 0.6}",TPESampler,COMPLETE
717,0.15956377983093262,2025-04-26 08:35:38.557659,2025-04-26 08:35:55.589703,0 days 00:00:17.032044,1,43,293,103.0,409.0,188.0,4,102,0.042483704988971645,0.00367759196804849,0.6,/work3/arnaou/checkpoints/megnet_Pc_trial_717_best_state.pt,"{'learning_rate': 0.00367759196804849, 'lr_reduce': 0.6}",TPESampler,COMPLETE
718,0.1191343292593956,2025-04-26 08:35:45.932543,2025-04-26 08:36:13.408264,0 days 00:00:27.475721,1,36,345,120.0,408.0,,3,91,0.07884030694704151,0.004753948005880413,0.6,/work3/arnaou/checkpoints/megnet_Pc_trial_718_best_state.pt,"{'learning_rate': 0.004753948005880413, 'lr_reduce': 0.6}",TPESampler,COMPLETE
719,0.17838512361049652,2025-04-26 08:35:55.759201,2025-04-26 08:36:26.128079,0 days 00:00:30.368878,1,66,227,102.0,424.0,231.0,4,128,0.006651867044055916,0.002352622037081873,0.6,/work3/arnaou/checkpoints/megnet_Pc_trial_719_best_state.pt,"{'learning_rate': 0.002352622037081873, 'lr_reduce': 0.6}",TPESampler,COMPLETE
720,0.19012732803821564,2025-04-26 08:36:00.624817,2025-04-26 08:36:14.692062,0 days 00:00:14.067245,1,47,165,494.0,410.0,,3,100,0.06620624462725017,0.0047654016429704935,0.6,/work3/arnaou/checkpoints/megnet_Pc_trial_720_best_state.pt,"{'learning_rate': 0.0047654016429704935, 'lr_reduce': 0.6}",TPESampler,COMPLETE
721,0.11535836011171341,2025-04-26 08:36:13.581859,2025-04-26 08:36:51.789723,0 days 00:00:38.207864,1,49,143,,,,1,121,0.047788612561244774,0.009430183138191262,0.6,/work3/arnaou/checkpoints/megnet_Pc_trial_721_best_state.pt,"{'learning_rate': 0.009430183138191262, 'lr_reduce': 0.6}",TPESampler,COMPLETE
722,0.1515137255191803,2025-04-26 08:36:14.867241,2025-04-26 08:36:37.150164,0 days 00:00:22.282923,1,38,205,477.0,,,2,127,0.08217388845674775,0.001956685987977087,0.6,/work3/arnaou/checkpoints/megnet_Pc_trial_722_best_state.pt,"{'learning_rate': 0.001956685987977087, 'lr_reduce': 0.6}",TPESampler,COMPLETE
723,0.11697504669427872,2025-04-26 08:36:26.500927,2025-04-26 08:37:03.090959,0 days 00:00:36.590032,1,53,218,491.0,,,2,122,0.06830897111885227,0.007479945372524509,0.6,/work3/arnaou/checkpoints/megnet_Pc_trial_723_best_state.pt,"{'learning_rate': 0.007479945372524509, 'lr_reduce': 0.6}",TPESampler,COMPLETE
724,0.3342668414115906,2025-04-26 08:36:37.376103,2025-04-26 08:36:58.530925,0 days 00:00:21.154822,1,67,223,463.0,459.0,,3,107,0.05499652961141109,0.009973800701369606,0.6,/work3/arnaou/checkpoints/megnet_Pc_trial_724_best_state.pt,"{'learning_rate': 0.009973800701369606, 'lr_reduce': 0.6}",TPESampler,COMPLETE
725,0.08428692072629929,2025-04-26 08:36:51.987685,2025-04-26 08:37:25.553729,0 days 00:00:33.566044,1,45,204,461.0,411.0,144.0,4,116,0.04299025843731997,0.005117467706025211,0.6,/work3/arnaou/checkpoints/megnet_Pc_trial_725_best_state.pt,"{'learning_rate': 0.005117467706025211, 'lr_reduce': 0.6}",TPESampler,COMPLETE
726,0.18924255669116974,2025-04-26 08:36:58.707112,2025-04-26 08:37:12.175744,0 days 00:00:13.468632,1,44,172,103.0,376.0,264.0,4,80,0.042256651645785154,0.0035862360124576825,0.6,/work3/arnaou/checkpoints/megnet_Pc_trial_726_best_state.pt,"{'learning_rate': 0.0035862360124576825, 'lr_reduce': 0.6}",TPESampler,COMPLETE
727,0.10946846008300781,2025-04-26 08:37:03.293181,2025-04-26 08:37:28.249914,0 days 00:00:24.956733,1,37,180,436.0,,,2,108,0.0906600187307916,0.009268557626470117,0.6,/work3/arnaou/checkpoints/megnet_Pc_trial_727_best_state.pt,"{'learning_rate': 0.009268557626470117, 'lr_reduce': 0.6}",TPESampler,COMPLETE
728,0.4864419996738434,2025-04-26 08:37:12.354049,2025-04-26 08:37:20.409206,0 days 00:00:08.055157,1,69,147,71.0,,,2,99,0.18188753599334326,0.00873935810348133,0.6,/work3/arnaou/checkpoints/megnet_Pc_trial_728_best_state.pt,"{'learning_rate': 0.00873935810348133, 'lr_reduce': 0.6}",TPESampler,COMPLETE
729,0.12781797349452972,2025-04-26 08:37:20.596776,2025-04-26 08:37:35.757434,0 days 00:00:15.160658,1,33,266,119.0,,,2,117,0.05437929310369049,0.00665914795466713,0.6,/work3/arnaou/checkpoints/megnet_Pc_trial_729_best_state.pt,"{'learning_rate': 0.00665914795466713, 'lr_reduce': 0.6}",TPESampler,COMPLETE
730,0.12750613689422607,2025-04-26 08:37:25.740374,2025-04-26 08:37:59.227104,0 days 00:00:33.486730,1,68,134,454.0,,,2,111,0.021242032774303754,0.0054059937423422515,0.6,/work3/arnaou/checkpoints/megnet_Pc_trial_730_best_state.pt,"{'learning_rate': 0.0054059937423422515, 'lr_reduce': 0.6}",TPESampler,COMPLETE
731,0.2274770885705948,2025-04-26 08:37:28.437737,2025-04-26 08:37:39.641868,0 days 00:00:11.204131,1,49,75,471.0,,,2,128,0.06366872300057617,0.00859784929615398,0.6,/work3/arnaou/checkpoints/megnet_Pc_trial_731_best_state.pt,"{'learning_rate': 0.00859784929615398, 'lr_reduce': 0.6}",TPESampler,COMPLETE
732,0.16255444288253784,2025-04-26 08:37:35.945235,2025-04-26 08:38:03.203534,0 days 00:00:27.258299,1,67,387,123.0,457.0,,3,125,0.1503557695892852,0.0016378998289554316,0.6,/work3/arnaou/checkpoints/megnet_Pc_trial_732_best_state.pt,"{'learning_rate': 0.0016378998289554316, 'lr_reduce': 0.6}",TPESampler,COMPLETE
733,0.12693457305431366,2025-04-26 08:37:39.824244,2025-04-26 08:38:12.072679,0 days 00:00:32.248435,1,56,178,423.0,417.0,,3,118,0.031408956844612236,0.008721285878176442,0.6,/work3/arnaou/checkpoints/megnet_Pc_trial_733_best_state.pt,"{'learning_rate': 0.008721285878176442, 'lr_reduce': 0.6}",TPESampler,COMPLETE
734,0.8239277601242065,2025-04-26 08:37:59.483954,2025-04-26 08:38:06.143780,0 days 00:00:06.659826,2,46,253,131.0,459.0,170.0,4,96,0.0049340575549891305,0.007067270448189551,0.6,/work3/arnaou/checkpoints/megnet_Pc_trial_734_best_state.pt,"{'learning_rate': 0.007067270448189551, 'lr_reduce': 0.6}",TPESampler,COMPLETE
735,0.10201208293437958,2025-04-26 08:38:03.381442,2025-04-26 08:38:35.649746,0 days 00:00:32.268304,1,67,205,478.0,369.0,226.0,4,103,0.03794127224485118,0.005636080682440666,0.6,/work3/arnaou/checkpoints/megnet_Pc_trial_735_best_state.pt,"{'learning_rate': 0.005636080682440666, 'lr_reduce': 0.6}",TPESampler,COMPLETE
736,0.3589712381362915,2025-04-26 08:38:06.332832,2025-04-26 08:38:21.110113,0 days 00:00:14.777281,1,51,337,425.0,,,2,83,0.07789683085622574,0.008474308354936955,0.6,/work3/arnaou/checkpoints/megnet_Pc_trial_736_best_state.pt,"{'learning_rate': 0.008474308354936955, 'lr_reduce': 0.6}",TPESampler,COMPLETE
737,0.12988154590129852,2025-04-26 08:38:12.267275,2025-04-26 08:38:31.080458,0 days 00:00:18.813183,1,34,263,64.0,476.0,130.0,4,98,0.006378046622489824,0.0076533075700640635,0.6,/work3/arnaou/checkpoints/megnet_Pc_trial_737_best_state.pt,"{'learning_rate': 0.0076533075700640635, 'lr_reduce': 0.6}",TPESampler,COMPLETE
738,0.1529398113489151,2025-04-26 08:38:21.294375,2025-04-26 08:38:41.626979,0 days 00:00:20.332604,1,34,209,135.0,,,2,117,0.040742453386846136,0.0069141158205789765,0.6,/work3/arnaou/checkpoints/megnet_Pc_trial_738_best_state.pt,"{'learning_rate': 0.0069141158205789765, 'lr_reduce': 0.6}",TPESampler,COMPLETE
739,0.08738493174314499,2025-04-26 08:38:31.271022,2025-04-26 08:38:55.190857,0 days 00:00:23.919835,1,82,195,444.0,,,2,125,0.07252270199128162,0.005984173971486657,0.6,/work3/arnaou/checkpoints/megnet_Pc_trial_739_best_state.pt,"{'learning_rate': 0.005984173971486657, 'lr_reduce': 0.6}",TPESampler,COMPLETE
740,0.8865751624107361,2025-04-26 08:38:35.817236,2025-04-26 08:38:40.909748,0 days 00:00:05.092512,1,46,167,152.0,411.0,295.0,4,103,0.23871816813702312,0.000253097943561553,0.6,/work3/arnaou/checkpoints/megnet_Pc_trial_740_best_state.pt,"{'learning_rate': 0.000253097943561553, 'lr_reduce': 0.6}",TPESampler,COMPLETE
741,0.11127842217683792,2025-04-26 08:38:41.092083,2025-04-26 08:39:10.605982,0 days 00:00:29.513899,1,36,268,488.0,,,2,115,0.09865335751690582,0.008647095396648524,0.6,/work3/arnaou/checkpoints/megnet_Pc_trial_741_best_state.pt,"{'learning_rate': 0.008647095396648524, 'lr_reduce': 0.6}",TPESampler,COMPLETE
742,0.12617334723472595,2025-04-26 08:38:41.801401,2025-04-26 08:38:56.847116,0 days 00:00:15.045715,1,36,275,104.0,510.0,215.0,4,78,0.09353699959112352,0.0065530711230022114,0.6,/work3/arnaou/checkpoints/megnet_Pc_trial_742_best_state.pt,"{'learning_rate': 0.0065530711230022114, 'lr_reduce': 0.6}",TPESampler,COMPLETE
743,0.14515724778175354,2025-04-26 08:38:55.358141,2025-04-26 08:39:15.491140,0 days 00:00:20.132999,1,61,117,422.0,,,2,108,0.10345961829633202,0.003072537374838607,0.6,/work3/arnaou/checkpoints/megnet_Pc_trial_743_best_state.pt,"{'learning_rate': 0.003072537374838607, 'lr_reduce': 0.6}",TPESampler,COMPLETE
744,0.1068120077252388,2025-04-26 08:38:57.007470,2025-04-26 08:39:28.751234,0 days 00:00:31.743764,1,105,418,150.0,,,2,105,0.159054585263836,0.003994945026002986,0.6,/work3/arnaou/checkpoints/megnet_Pc_trial_744_best_state.pt,"{'learning_rate': 0.003994945026002986, 'lr_reduce': 0.6}",TPESampler,COMPLETE
745,0.10488659888505936,2025-04-26 08:39:10.808193,2025-04-26 08:39:42.393844,0 days 00:00:31.585651,1,57,164,512.0,,,2,121,0.05741668151881492,0.004711669369384732,0.6,/work3/arnaou/checkpoints/megnet_Pc_trial_745_best_state.pt,"{'learning_rate': 0.004711669369384732, 'lr_reduce': 0.6}",TPESampler,COMPLETE
746,0.1431143879890442,2025-04-26 08:39:15.779902,2025-04-26 08:39:43.965594,0 days 00:00:28.185692,1,57,230,422.0,418.0,,3,104,0.026800506592153984,0.0033507224208623658,0.6,/work3/arnaou/checkpoints/megnet_Pc_trial_746_best_state.pt,"{'learning_rate': 0.0033507224208623658, 'lr_reduce': 0.6}",TPESampler,COMPLETE
747,0.17320911586284637,2025-04-26 08:39:28.927718,2025-04-26 08:39:53.475290,0 days 00:00:24.547572,2,128,294,147.0,,,2,113,0.21077336823815768,0.00090509613308018,0.6,/work3/arnaou/checkpoints/megnet_Pc_trial_747_best_state.pt,"{'learning_rate': 0.00090509613308018, 'lr_reduce': 0.6}",TPESampler,COMPLETE
748,0.8874688744544983,2025-04-26 08:39:42.593240,2025-04-26 08:39:47.901625,0 days 00:00:05.308385,3,33,379,,,,1,74,0.18084726696540648,0.004845585637883293,0.6,/work3/arnaou/checkpoints/megnet_Pc_trial_748_best_state.pt,"{'learning_rate': 0.004845585637883293, 'lr_reduce': 0.6}",TPESampler,COMPLETE
749,0.4425920844078064,2025-04-26 08:39:44.279853,2025-04-26 08:40:07.890447,0 days 00:00:23.610594,1,89,459,459.0,364.0,,3,75,0.13148830690041283,0.007418692384160471,0.6,/work3/arnaou/checkpoints/megnet_Pc_trial_749_best_state.pt,"{'learning_rate': 0.007418692384160471, 'lr_reduce': 0.6}",TPESampler,COMPLETE
750,0.4418753683567047,2025-04-26 08:39:48.084248,2025-04-26 08:39:55.032224,0 days 00:00:06.947976,2,32,139,111.0,,,2,125,0.06323112552703153,0.007920233648862879,0.6,/work3/arnaou/checkpoints/megnet_Pc_trial_750_best_state.pt,"{'learning_rate': 0.007920233648862879, 'lr_reduce': 0.6}",TPESampler,COMPLETE
751,0.09183204174041748,2025-04-26 08:39:53.649166,2025-04-26 08:40:27.610344,0 days 00:00:33.961178,1,125,469,421.0,,,2,126,0.20316500036155066,0.005403849647265857,0.6,/work3/arnaou/checkpoints/megnet_Pc_trial_751_best_state.pt,"{'learning_rate': 0.005403849647265857, 'lr_reduce': 0.6}",TPESampler,COMPLETE
752,0.1468070149421692,2025-04-26 08:39:55.218521,2025-04-26 08:40:27.967406,0 days 00:00:32.748885,1,71,142,165.0,,,2,124,0.03231903669971212,0.00948928816221543,0.6,/work3/arnaou/checkpoints/megnet_Pc_trial_752_best_state.pt,"{'learning_rate': 0.00948928816221543, 'lr_reduce': 0.6}",TPESampler,COMPLETE
753,0.12373363226652145,2025-04-26 08:40:08.077964,2025-04-26 08:40:36.751619,0 days 00:00:28.673655,1,43,273,405.0,,,2,79,0.11891738226114662,0.005047604271047679,0.6,/work3/arnaou/checkpoints/megnet_Pc_trial_753_best_state.pt,"{'learning_rate': 0.005047604271047679, 'lr_reduce': 0.6}",TPESampler,COMPLETE
754,0.8877358436584473,2025-04-26 08:40:27.800692,2025-04-26 08:40:33.448601,0 days 00:00:05.647909,3,112,412,103.0,462.0,121.0,4,56,0.042941381116781085,0.007429523995456361,0.6,/work3/arnaou/checkpoints/megnet_Pc_trial_754_best_state.pt,"{'learning_rate': 0.007429523995456361, 'lr_reduce': 0.6}",TPESampler,COMPLETE
755,0.31388059258461,2025-04-26 08:40:28.144751,2025-04-26 08:40:41.543095,0 days 00:00:13.398344,1,59,123,456.0,424.0,66.0,4,113,0.0034012432284718404,0.009015915211030985,0.6,/work3/arnaou/checkpoints/megnet_Pc_trial_755_best_state.pt,"{'learning_rate': 0.009015915211030985, 'lr_reduce': 0.6}",TPESampler,COMPLETE
756,0.09861119836568832,2025-04-26 08:40:33.634660,2025-04-26 08:41:09.863636,0 days 00:00:36.228976,2,64,251,169.0,,,2,122,0.04076257908342829,0.007735385195879376,0.6,/work3/arnaou/checkpoints/megnet_Pc_trial_756_best_state.pt,"{'learning_rate': 0.007735385195879376, 'lr_reduce': 0.6}",TPESampler,COMPLETE
757,0.13731175661087036,2025-04-26 08:40:36.975495,2025-04-26 08:40:59.058016,0 days 00:00:22.082521,1,51,223,400.0,471.0,282.0,4,112,0.0032998883406734044,0.0019212058341836697,0.6,/work3/arnaou/checkpoints/megnet_Pc_trial_757_best_state.pt,"{'learning_rate': 0.0019212058341836697, 'lr_reduce': 0.6}",TPESampler,COMPLETE
