number,value,datetime_start,datetime_complete,duration,params_depth,params_edge_hidden_dim,params_mlp_dim_00,params_mlp_dim_01,params_mlp_dim_02,params_mlp_dim_03,params_mlp_n_layers,params_node_hidden_dim,params_rep_dropout,params_train_learning_rate,params_train_lr_reduce,user_attrs_best_state_dict_path,user_attrs_training_params,system_attrs_auto:sampler,state
1239,0.5103157162666321,2025-04-26 09:40:57.321598,2025-04-26 09:41:05.507260,0 days 00:00:08.185662,2,34,432,148.0,,,2,95,0.2494903358017152,0.00874600095924482,0.6,/work3/arnaou/checkpoints/megnet_Pc_trial_1239_best_state.pt,"{'learning_rate': 0.00874600095924482, 'lr_reduce': 0.6}",TPESampler,COMPLETE
1240,0.30627280473709106,2025-04-26 09:40:59.384093,2025-04-26 09:41:09.642652,0 days 00:00:10.258559,1,54,254,285.0,,,2,80,0.18515696408186835,0.009235832360976862,0.6,/work3/arnaou/checkpoints/megnet_Pc_trial_1240_best_state.pt,"{'learning_rate': 0.009235832360976862, 'lr_reduce': 0.6}",TPESampler,COMPLETE
1241,0.8869823813438416,2025-04-26 09:41:01.870597,2025-04-26 09:41:08.430468,0 days 00:00:06.559871,4,121,183,225.0,,,2,36,0.15761375966473185,0.00010717584484242878,0.6,/work3/arnaou/checkpoints/megnet_Pc_trial_1241_best_state.pt,"{'learning_rate': 0.00010717584484242878, 'lr_reduce': 0.6}",TPESampler,COMPLETE
1242,0.12820392847061157,2025-04-26 09:41:05.708486,2025-04-26 09:41:42.095688,0 days 00:00:36.387202,1,46,230,400.0,376.0,365.0,4,96,0.027119691857802643,0.0037917217440769624,0.6,/work3/arnaou/checkpoints/megnet_Pc_trial_1242_best_state.pt,"{'learning_rate': 0.0037917217440769624, 'lr_reduce': 0.6}",TPESampler,COMPLETE
1243,0.06989187002182007,2025-04-26 09:41:08.663853,2025-04-26 09:41:39.975197,0 days 00:00:31.311344,1,40,332,357.0,332.0,,3,79,0.18685886764936277,0.007516145981306241,0.6,/work3/arnaou/checkpoints/megnet_Pc_trial_1243_best_state.pt,"{'learning_rate': 0.007516145981306241, 'lr_reduce': 0.6}",TPESampler,COMPLETE
1244,0.8866709470748901,2025-04-26 09:41:09.857711,2025-04-26 09:41:15.139357,0 days 00:00:05.281646,1,110,479,451.0,,,2,54,0.2304061999108406,0.00010106281787802025,0.6,/work3/arnaou/checkpoints/megnet_Pc_trial_1244_best_state.pt,"{'learning_rate': 0.00010106281787802025, 'lr_reduce': 0.6}",TPESampler,COMPLETE
1245,0.13663871586322784,2025-04-26 09:41:15.356929,2025-04-26 09:41:38.735512,0 days 00:00:23.378583,1,44,204,159.0,,,2,94,0.1322785269706767,0.007116905941836869,0.6,/work3/arnaou/checkpoints/megnet_Pc_trial_1245_best_state.pt,"{'learning_rate': 0.007116905941836869, 'lr_reduce': 0.6}",TPESampler,COMPLETE
1246,0.21638327836990356,2025-04-26 09:41:38.993678,2025-04-26 09:41:52.839846,0 days 00:00:13.846168,1,55,413,242.0,,,2,65,0.24607521100258278,0.008364723416034137,0.6,/work3/arnaou/checkpoints/megnet_Pc_trial_1246_best_state.pt,"{'learning_rate': 0.008364723416034137, 'lr_reduce': 0.6}",TPESampler,COMPLETE
1247,0.19070543348789215,2025-04-26 09:41:40.390400,2025-04-26 09:41:56.717315,0 days 00:00:16.326915,1,38,264,352.0,,,2,60,0.1754827322910592,0.006699926532284941,0.6,/work3/arnaou/checkpoints/megnet_Pc_trial_1247_best_state.pt,"{'learning_rate': 0.006699926532284941, 'lr_reduce': 0.6}",TPESampler,COMPLETE
1248,0.1939164698123932,2025-04-26 09:41:42.373179,2025-04-26 09:42:05.274785,0 days 00:00:22.901606,1,34,357,367.0,314.0,,3,74,0.1724100683828429,0.005945548377606253,0.6,/work3/arnaou/checkpoints/megnet_Pc_trial_1248_best_state.pt,"{'learning_rate': 0.005945548377606253, 'lr_reduce': 0.6}",TPESampler,COMPLETE
1249,0.11145157366991043,2025-04-26 09:41:53.062707,2025-04-26 09:42:24.562290,0 days 00:00:31.499583,1,70,229,339.0,304.0,,3,85,0.21023845164141342,0.007588655399509185,0.6,/work3/arnaou/checkpoints/megnet_Pc_trial_1249_best_state.pt,"{'learning_rate': 0.007588655399509185, 'lr_reduce': 0.6}",TPESampler,COMPLETE
1250,0.13924115896224976,2025-04-26 09:41:56.934778,2025-04-26 09:42:14.530041,0 days 00:00:17.595263,1,57,406,364.0,323.0,,3,83,0.17010097840179106,0.002287468526892078,0.6,/work3/arnaou/checkpoints/megnet_Pc_trial_1250_best_state.pt,"{'learning_rate': 0.002287468526892078, 'lr_reduce': 0.6}",TPESampler,COMPLETE
1251,0.1216869056224823,2025-04-26 09:42:05.487795,2025-04-26 09:42:31.304287,0 days 00:00:25.816492,1,41,326,338.0,329.0,,3,79,0.16194348487580376,0.005200568227006159,0.6,/work3/arnaou/checkpoints/megnet_Pc_trial_1251_best_state.pt,"{'learning_rate': 0.005200568227006159, 'lr_reduce': 0.6}",TPESampler,COMPLETE
1252,0.09625114500522614,2025-04-26 09:42:14.750340,2025-04-26 09:42:34.185054,0 days 00:00:19.434714,1,33,220,362.0,295.0,253.0,4,66,0.2318655336675859,0.006615975285104095,0.6,/work3/arnaou/checkpoints/megnet_Pc_trial_1252_best_state.pt,"{'learning_rate': 0.006615975285104095, 'lr_reduce': 0.6}",TPESampler,COMPLETE
1253,0.15733323991298676,2025-04-26 09:42:24.780591,2025-04-26 09:42:53.412803,0 days 00:00:28.632212,1,33,485,324.0,348.0,426.0,4,92,0.19323395908843943,0.0030257020838110062,0.6,/work3/arnaou/checkpoints/megnet_Pc_trial_1253_best_state.pt,"{'learning_rate': 0.0030257020838110062, 'lr_reduce': 0.6}",TPESampler,COMPLETE
1254,0.10136488825082779,2025-04-26 09:42:31.507890,2025-04-26 09:43:00.256703,0 days 00:00:28.748813,2,48,371,330.0,275.0,,3,58,0.17343270030997715,0.009610582526545895,0.6,/work3/arnaou/checkpoints/megnet_Pc_trial_1254_best_state.pt,"{'learning_rate': 0.009610582526545895, 'lr_reduce': 0.6}",TPESampler,COMPLETE
1255,0.1976252645254135,2025-04-26 09:42:34.406267,2025-04-26 09:42:58.120531,0 days 00:00:23.714264,1,48,227,384.0,,,2,86,0.11291033936007475,0.009695190835214633,0.6,/work3/arnaou/checkpoints/megnet_Pc_trial_1255_best_state.pt,"{'learning_rate': 0.009695190835214633, 'lr_reduce': 0.6}",TPESampler,COMPLETE
1256,0.30190393328666687,2025-04-26 09:42:53.641346,2025-04-26 09:43:10.559183,0 days 00:00:16.917837,2,47,110,,,,1,121,0.125382537959721,0.009925456899723396,0.6,/work3/arnaou/checkpoints/megnet_Pc_trial_1256_best_state.pt,"{'learning_rate': 0.009925456899723396, 'lr_reduce': 0.6}",TPESampler,COMPLETE
1257,0.11320093274116516,2025-04-26 09:42:58.311280,2025-04-26 09:43:27.743190,0 days 00:00:29.431910,1,39,361,390.0,338.0,,3,82,0.2322065938733319,0.0076374917243856415,0.6,/work3/arnaou/checkpoints/megnet_Pc_trial_1257_best_state.pt,"{'learning_rate': 0.0076374917243856415, 'lr_reduce': 0.6}",TPESampler,COMPLETE
1258,0.13717696070671082,2025-04-26 09:43:00.493609,2025-04-26 09:43:31.184844,0 days 00:00:30.691235,1,45,101,379.0,,,2,32,0.18721310240343678,0.004834529980820913,0.6,/work3/arnaou/checkpoints/megnet_Pc_trial_1258_best_state.pt,"{'learning_rate': 0.004834529980820913, 'lr_reduce': 0.6}",TPESampler,COMPLETE
1259,0.8869438171386719,2025-04-26 09:43:10.799748,2025-04-26 09:43:15.860268,0 days 00:00:05.060520,1,32,389,313.0,,,2,92,0.2341497499957468,0.00017465157364848224,0.6,/work3/arnaou/checkpoints/megnet_Pc_trial_1259_best_state.pt,"{'learning_rate': 0.00017465157364848224, 'lr_reduce': 0.6}",TPESampler,COMPLETE
1260,0.197456493973732,2025-04-26 09:43:16.049269,2025-04-26 09:43:33.162495,0 days 00:00:17.113226,2,40,499,,,,1,81,0.13736935804602923,0.002580716751235852,0.6,/work3/arnaou/checkpoints/megnet_Pc_trial_1260_best_state.pt,"{'learning_rate': 0.002580716751235852, 'lr_reduce': 0.6}",TPESampler,COMPLETE
1261,0.15833008289337158,2025-04-26 09:43:27.977816,2025-04-26 09:43:40.977659,0 days 00:00:12.999843,1,53,350,409.0,358.0,167.0,4,109,0.24295370705984398,0.0066540213279787834,0.6,/work3/arnaou/checkpoints/megnet_Pc_trial_1261_best_state.pt,"{'learning_rate': 0.0066540213279787834, 'lr_reduce': 0.6}",TPESampler,COMPLETE
1262,0.10697760432958603,2025-04-26 09:43:31.390335,2025-04-26 09:43:57.319123,0 days 00:00:25.928788,1,45,314,348.0,353.0,,3,105,0.2384240288277278,0.003098499598434326,0.6,/work3/arnaou/checkpoints/megnet_Pc_trial_1262_best_state.pt,"{'learning_rate': 0.003098499598434326, 'lr_reduce': 0.6}",TPESampler,COMPLETE
1263,0.10682839900255203,2025-04-26 09:43:33.382707,2025-04-26 09:43:56.665019,0 days 00:00:23.282312,1,37,436,303.0,,,2,100,0.19257313188510308,0.004221449532852182,0.6,/work3/arnaou/checkpoints/megnet_Pc_trial_1263_best_state.pt,"{'learning_rate': 0.004221449532852182, 'lr_reduce': 0.6}",TPESampler,COMPLETE
1264,0.0776478722691536,2025-04-26 09:43:41.179610,2025-04-26 09:44:13.792064,0 days 00:00:32.612454,1,61,222,,,,1,107,0.21573620699566712,0.005163142230171672,0.6,/work3/arnaou/checkpoints/megnet_Pc_trial_1264_best_state.pt,"{'learning_rate': 0.005163142230171672, 'lr_reduce': 0.6}",TPESampler,COMPLETE
1265,0.07877664268016815,2025-04-26 09:43:56.898000,2025-04-26 09:44:30.373574,0 days 00:00:33.475574,1,43,368,368.0,286.0,,3,76,0.18489582924443665,0.009780723072618718,0.6,/work3/arnaou/checkpoints/megnet_Pc_trial_1265_best_state.pt,"{'learning_rate': 0.009780723072618718, 'lr_reduce': 0.6}",TPESampler,COMPLETE
1266,0.22974659502506256,2025-04-26 09:43:57.560291,2025-04-26 09:44:32.773004,0 days 00:00:35.212713,1,64,361,424.0,376.0,313.0,4,79,0.1864712633556266,0.009450770620111534,0.6,/work3/arnaou/checkpoints/megnet_Pc_trial_1266_best_state.pt,"{'learning_rate': 0.009450770620111534, 'lr_reduce': 0.6}",TPESampler,COMPLETE
1267,0.1620330512523651,2025-04-26 09:44:14.001464,2025-04-26 09:44:44.629729,0 days 00:00:30.628265,1,50,142,,,,1,118,0.23144396358431574,0.007142621025225782,0.6,/work3/arnaou/checkpoints/megnet_Pc_trial_1267_best_state.pt,"{'learning_rate': 0.007142621025225782, 'lr_reduce': 0.6}",TPESampler,COMPLETE
1268,0.17739135026931763,2025-04-26 09:44:30.595742,2025-04-26 09:44:55.101557,0 days 00:00:24.505815,1,53,275,354.0,228.0,221.0,4,61,0.15484128686278906,0.0018563847575357082,0.6,/work3/arnaou/checkpoints/megnet_Pc_trial_1268_best_state.pt,"{'learning_rate': 0.0018563847575357082, 'lr_reduce': 0.6}",TPESampler,COMPLETE
1269,0.10587793588638306,2025-04-26 09:44:33.021553,2025-04-26 09:44:52.780898,0 days 00:00:19.759345,1,65,405,364.0,249.0,,3,83,0.19106933484972666,0.00661326054440328,0.6,/work3/arnaou/checkpoints/megnet_Pc_trial_1269_best_state.pt,"{'learning_rate': 0.00661326054440328, 'lr_reduce': 0.6}",TPESampler,COMPLETE
1270,0.4041539132595062,2025-04-26 09:44:44.835126,2025-04-26 09:44:57.363541,0 days 00:00:12.528415,1,47,396,379.0,257.0,69.0,4,77,0.1681167235792715,0.007718876075127455,0.6,/work3/arnaou/checkpoints/megnet_Pc_trial_1270_best_state.pt,"{'learning_rate': 0.007718876075127455, 'lr_reduce': 0.6}",TPESampler,COMPLETE
1271,0.14631745219230652,2025-04-26 09:44:52.988879,2025-04-26 09:45:11.790033,0 days 00:00:18.801154,1,38,348,363.0,267.0,132.0,4,81,0.1991564425928253,0.0033259900585508964,0.6,/work3/arnaou/checkpoints/megnet_Pc_trial_1271_best_state.pt,"{'learning_rate': 0.0033259900585508964, 'lr_reduce': 0.6}",TPESampler,COMPLETE
1272,0.1850956529378891,2025-04-26 09:44:55.344073,2025-04-26 09:45:28.447058,0 days 00:00:33.102985,2,41,345,381.0,271.0,,3,73,0.18953403776722266,0.0027372680489303695,0.6,/work3/arnaou/checkpoints/megnet_Pc_trial_1272_best_state.pt,"{'learning_rate': 0.0027372680489303695, 'lr_reduce': 0.6}",TPESampler,COMPLETE
1273,0.15517117083072662,2025-04-26 09:44:57.559024,2025-04-26 09:45:12.767476,0 days 00:00:15.208452,1,51,223,,,,1,105,0.21666374639946867,0.006443578730547793,0.6,/work3/arnaou/checkpoints/megnet_Pc_trial_1273_best_state.pt,"{'learning_rate': 0.006443578730547793, 'lr_reduce': 0.6}",TPESampler,COMPLETE
1274,0.116498202085495,2025-04-26 09:45:12.022073,2025-04-26 09:45:38.301166,0 days 00:00:26.279093,1,60,183,347.0,,,2,100,0.21618610540227032,0.003604417380238382,0.6,/work3/arnaou/checkpoints/megnet_Pc_trial_1274_best_state.pt,"{'learning_rate': 0.003604417380238382, 'lr_reduce': 0.6}",TPESampler,COMPLETE
1275,0.2142166644334793,2025-04-26 09:45:13.029826,2025-04-26 09:45:48.922110,0 days 00:00:35.892284,2,121,306,394.0,,,2,128,0.21719492536824686,0.0035137057498906693,0.6,/work3/arnaou/checkpoints/megnet_Pc_trial_1275_best_state.pt,"{'learning_rate': 0.0035137057498906693, 'lr_reduce': 0.6}",TPESampler,COMPLETE
1276,0.07950335741043091,2025-04-26 09:45:28.677876,2025-04-26 09:45:55.907498,0 days 00:00:27.229622,1,48,379,344.0,227.0,,3,63,0.16517428628623576,0.007512889617898285,0.6,/work3/arnaou/checkpoints/megnet_Pc_trial_1276_best_state.pt,"{'learning_rate': 0.007512889617898285, 'lr_reduce': 0.6}",TPESampler,COMPLETE
1277,0.1359376609325409,2025-04-26 09:45:38.509046,2025-04-26 09:46:01.685439,0 days 00:00:23.176393,1,33,453,394.0,,,2,81,0.17197287919382515,0.006308328629830014,0.6,/work3/arnaou/checkpoints/megnet_Pc_trial_1277_best_state.pt,"{'learning_rate': 0.006308328629830014, 'lr_reduce': 0.6}",TPESampler,COMPLETE
1278,0.14890837669372559,2025-04-26 09:45:49.138610,2025-04-26 09:46:14.309788,0 days 00:00:25.171178,1,40,335,321.0,286.0,,3,66,0.15195086897346993,0.008614003978162359,0.6,/work3/arnaou/checkpoints/megnet_Pc_trial_1278_best_state.pt,"{'learning_rate': 0.008614003978162359, 'lr_reduce': 0.6}",TPESampler,COMPLETE
1279,0.12052008509635925,2025-04-26 09:45:56.114878,2025-04-26 09:46:25.971816,0 days 00:00:29.856938,1,81,135,,,,1,107,0.22286532780760868,0.004844168369157006,0.6,/work3/arnaou/checkpoints/megnet_Pc_trial_1279_best_state.pt,"{'learning_rate': 0.004844168369157006, 'lr_reduce': 0.6}",TPESampler,COMPLETE
1280,0.21105819940567017,2025-04-26 09:46:01.894125,2025-04-26 09:46:46.863730,0 days 00:00:44.969605,4,124,407,415.0,,,2,79,0.23903444182734526,0.0008227284652379721,0.6,/work3/arnaou/checkpoints/megnet_Pc_trial_1280_best_state.pt,"{'learning_rate': 0.0008227284652379721, 'lr_reduce': 0.6}",TPESampler,COMPLETE
1281,0.1998518705368042,2025-04-26 09:46:14.547621,2025-04-26 09:46:43.289314,0 days 00:00:28.741693,2,33,315,347.0,233.0,,3,56,0.23390168136231318,0.004425320748355538,0.6,/work3/arnaou/checkpoints/megnet_Pc_trial_1281_best_state.pt,"{'learning_rate': 0.004425320748355538, 'lr_reduce': 0.6}",TPESampler,COMPLETE
1282,0.08369927108287811,2025-04-26 09:46:26.177060,2025-04-26 09:46:53.781895,0 days 00:00:27.604835,1,33,371,391.0,,,2,62,0.21902733178977282,0.008485891029787236,0.6,/work3/arnaou/checkpoints/megnet_Pc_trial_1282_best_state.pt,"{'learning_rate': 0.008485891029787236, 'lr_reduce': 0.6}",TPESampler,COMPLETE
1283,0.10219743847846985,2025-04-26 09:46:43.517288,2025-04-26 09:47:18.599558,0 days 00:00:35.082270,2,40,506,337.0,279.0,,3,81,0.21767597845114614,0.00853155035745128,0.6,/work3/arnaou/checkpoints/megnet_Pc_trial_1283_best_state.pt,"{'learning_rate': 0.00853155035745128, 'lr_reduce': 0.6}",TPESampler,COMPLETE
1284,0.32904642820358276,2025-04-26 09:46:47.255389,2025-04-26 09:46:56.847922,0 days 00:00:09.592533,1,64,349,305.0,280.0,,3,79,0.13454401349424516,0.00771675308604441,0.6,/work3/arnaou/checkpoints/megnet_Pc_trial_1284_best_state.pt,"{'learning_rate': 0.00771675308604441, 'lr_reduce': 0.6}",TPESampler,COMPLETE
1285,0.07308166474103928,2025-04-26 09:46:54.011396,2025-04-26 09:47:18.859575,0 days 00:00:24.848179,1,43,414,422.0,296.0,,3,93,0.18692706054895933,0.00732877044694779,0.6,/work3/arnaou/checkpoints/megnet_Pc_trial_1285_best_state.pt,"{'learning_rate': 0.00732877044694779, 'lr_reduce': 0.6}",TPESampler,COMPLETE
1286,0.13603559136390686,2025-04-26 09:46:57.060998,2025-04-26 09:47:18.864216,0 days 00:00:21.803218,1,47,166,,,,1,98,0.22119355633961343,0.0033453842746424232,0.6,/work3/arnaou/checkpoints/megnet_Pc_trial_1286_best_state.pt,"{'learning_rate': 0.0033453842746424232, 'lr_reduce': 0.6}",TPESampler,COMPLETE
1287,0.13490039110183716,2025-04-26 09:47:18.815745,2025-04-26 09:47:46.199049,0 days 00:00:27.383304,1,33,382,441.0,280.0,,3,89,0.18908932758469826,0.007092723319123237,0.6,/work3/arnaou/checkpoints/megnet_Pc_trial_1287_best_state.pt,"{'learning_rate': 0.007092723319123237, 'lr_reduce': 0.6}",TPESampler,COMPLETE
1288,0.36579445004463196,2025-04-26 09:47:19.095302,2025-04-26 09:47:27.850185,0 days 00:00:08.754883,1,61,355,442.0,250.0,,3,92,0.2013573874507562,0.006755226605056975,0.6,/work3/arnaou/checkpoints/megnet_Pc_trial_1288_best_state.pt,"{'learning_rate': 0.006755226605056975, 'lr_reduce': 0.6}",TPESampler,COMPLETE
1289,0.1349157840013504,2025-04-26 09:47:19.126801,2025-04-26 09:47:56.269627,0 days 00:00:37.142826,1,65,178,,,,1,115,0.21310102239282966,0.0027159986512510096,0.6,/work3/arnaou/checkpoints/megnet_Pc_trial_1289_best_state.pt,"{'learning_rate': 0.0027159986512510096, 'lr_reduce': 0.6}",TPESampler,COMPLETE
1290,0.39385735988616943,2025-04-26 09:47:28.055673,2025-04-26 09:47:51.006476,0 days 00:00:22.950803,1,51,382,423.0,283.0,,3,91,0.1850761298223742,0.008064363175233853,0.6,/work3/arnaou/checkpoints/megnet_Pc_trial_1290_best_state.pt,"{'learning_rate': 0.008064363175233853, 'lr_reduce': 0.6}",TPESampler,COMPLETE
1291,0.11084950715303421,2025-04-26 09:47:46.525817,2025-04-26 09:48:20.426315,0 days 00:00:33.900498,1,58,83,,,,1,98,0.22779356170924156,0.008230752611186836,0.6,/work3/arnaou/checkpoints/megnet_Pc_trial_1291_best_state.pt,"{'learning_rate': 0.008230752611186836, 'lr_reduce': 0.6}",TPESampler,COMPLETE
1292,0.2165401726961136,2025-04-26 09:47:51.210989,2025-04-26 09:48:07.034040,0 days 00:00:15.823051,2,44,402,432.0,296.0,379.0,4,78,0.22379471554846792,0.009787863125706736,0.6,/work3/arnaou/checkpoints/megnet_Pc_trial_1292_best_state.pt,"{'learning_rate': 0.009787863125706736, 'lr_reduce': 0.6}",TPESampler,COMPLETE
1293,0.6249350309371948,2025-04-26 09:47:56.506642,2025-04-26 09:48:04.408900,0 days 00:00:07.902258,2,50,323,464.0,225.0,,3,75,0.1959243712540099,0.009688621441505197,0.6,/work3/arnaou/checkpoints/megnet_Pc_trial_1293_best_state.pt,"{'learning_rate': 0.009688621441505197, 'lr_reduce': 0.6}",TPESampler,COMPLETE
1294,0.09899970144033432,2025-04-26 09:48:04.614392,2025-04-26 09:48:24.220380,0 days 00:00:19.605988,1,50,312,413.0,293.0,,3,78,0.19346169238570696,0.008319097028761976,0.6,/work3/arnaou/checkpoints/megnet_Pc_trial_1294_best_state.pt,"{'learning_rate': 0.008319097028761976, 'lr_reduce': 0.6}",TPESampler,COMPLETE
1295,0.15087582170963287,2025-04-26 09:48:07.252391,2025-04-26 09:48:37.963352,0 days 00:00:30.710961,1,120,354,397.0,,,2,128,0.21544817089799348,0.0005456540934606419,0.6,/work3/arnaou/checkpoints/megnet_Pc_trial_1295_best_state.pt,"{'learning_rate': 0.0005456540934606419, 'lr_reduce': 0.6}",TPESampler,COMPLETE
1296,0.0935506746172905,2025-04-26 09:48:20.645396,2025-04-26 09:48:51.586707,0 days 00:00:30.941311,1,32,276,466.0,296.0,,3,99,0.18069954829112672,0.004591984152578249,0.6,/work3/arnaou/checkpoints/megnet_Pc_trial_1296_best_state.pt,"{'learning_rate': 0.004591984152578249, 'lr_reduce': 0.6}",TPESampler,COMPLETE
1297,0.08928731828927994,2025-04-26 09:48:24.417220,2025-04-26 09:49:03.882094,0 days 00:00:39.464874,1,56,357,411.0,231.0,,3,122,0.19981984008403725,0.007412174137811726,0.6,/work3/arnaou/checkpoints/megnet_Pc_trial_1297_best_state.pt,"{'learning_rate': 0.007412174137811726, 'lr_reduce': 0.6}",TPESampler,COMPLETE
1298,0.13038961589336395,2025-04-26 09:48:38.181133,2025-04-26 09:49:06.935139,0 days 00:00:28.754006,1,37,345,385.0,291.0,321.0,4,78,0.215827269707645,0.009191898540303414,0.6,/work3/arnaou/checkpoints/megnet_Pc_trial_1298_best_state.pt,"{'learning_rate': 0.009191898540303414, 'lr_reduce': 0.6}",TPESampler,COMPLETE
1299,0.16197367012500763,2025-04-26 09:48:51.803484,2025-04-26 09:49:27.975479,0 days 00:00:36.171995,2,86,189,437.0,,,2,73,0.21009556279095723,0.0019371192614717437,0.6,/work3/arnaou/checkpoints/megnet_Pc_trial_1299_best_state.pt,"{'learning_rate': 0.0019371192614717437, 'lr_reduce': 0.6}",TPESampler,COMPLETE
1300,0.10075850039720535,2025-04-26 09:49:04.105489,2025-04-26 09:49:34.283958,0 days 00:00:30.178469,1,80,85,387.0,,,2,85,0.04503102724181766,0.007269776117196414,0.6,/work3/arnaou/checkpoints/megnet_Pc_trial_1300_best_state.pt,"{'learning_rate': 0.007269776117196414, 'lr_reduce': 0.6}",TPESampler,COMPLETE
1301,0.15369239449501038,2025-04-26 09:49:07.152792,2025-04-26 09:49:35.342990,0 days 00:00:28.190198,1,81,369,380.0,315.0,,3,128,0.20662554079001766,0.009467022611034792,0.6,/work3/arnaou/checkpoints/megnet_Pc_trial_1301_best_state.pt,"{'learning_rate': 0.009467022611034792, 'lr_reduce': 0.6}",TPESampler,COMPLETE
1302,0.10899247974157333,2025-04-26 09:49:28.209116,2025-04-26 09:49:54.332044,0 days 00:00:26.122928,1,42,426,475.0,303.0,,3,87,0.2018550157337121,0.006110160057427833,0.6,/work3/arnaou/checkpoints/megnet_Pc_trial_1302_best_state.pt,"{'learning_rate': 0.006110160057427833, 'lr_reduce': 0.6}",TPESampler,COMPLETE
1303,0.0998363196849823,2025-04-26 09:49:34.491210,2025-04-26 09:50:05.116285,0 days 00:00:30.625075,1,34,484,411.0,234.0,,3,119,0.20824543689487987,0.003249141800647045,0.6,/work3/arnaou/checkpoints/megnet_Pc_trial_1303_best_state.pt,"{'learning_rate': 0.003249141800647045, 'lr_reduce': 0.6}",TPESampler,COMPLETE
1304,0.8866226077079773,2025-04-26 09:49:35.650268,2025-04-26 09:49:41.690845,0 days 00:00:06.040577,1,80,89,451.0,,,2,35,0.1782249210629553,0.00020144216680370082,0.6,/work3/arnaou/checkpoints/megnet_Pc_trial_1304_best_state.pt,"{'learning_rate': 0.00020144216680370082, 'lr_reduce': 0.6}",TPESampler,COMPLETE
1305,0.11413029581308365,2025-04-26 09:49:41.934876,2025-04-26 09:50:06.351023,0 days 00:00:24.416147,1,100,322,,,,1,121,0.1770876855740123,0.002338658906805205,0.6,/work3/arnaou/checkpoints/megnet_Pc_trial_1305_best_state.pt,"{'learning_rate': 0.002338658906805205, 'lr_reduce': 0.6}",TPESampler,COMPLETE
1306,0.14462140202522278,2025-04-26 09:49:54.537589,2025-04-26 09:50:15.625031,0 days 00:00:21.087442,1,39,402,365.0,315.0,,3,94,0.18384989741233695,0.00961960279496932,0.6,/work3/arnaou/checkpoints/megnet_Pc_trial_1306_best_state.pt,"{'learning_rate': 0.00961960279496932, 'lr_reduce': 0.6}",TPESampler,COMPLETE
1307,0.11884718388319016,2025-04-26 09:50:05.329039,2025-04-26 09:50:49.027112,0 days 00:00:43.698073,1,68,293,,,,1,99,0.24342795248999027,0.008050907051277078,0.6,/work3/arnaou/checkpoints/megnet_Pc_trial_1307_best_state.pt,"{'learning_rate': 0.008050907051277078, 'lr_reduce': 0.6}",TPESampler,COMPLETE
