number,value,datetime_start,datetime_complete,duration,params_depth,params_edge_hidden_dim,params_mlp_dim_00,params_mlp_dim_01,params_mlp_dim_02,params_mlp_dim_03,params_mlp_n_layers,params_node_hidden_dim,params_rep_dropout,params_train_learning_rate,params_train_lr_reduce,user_attrs_best_state_dict_path,user_attrs_training_params,system_attrs_auto:sampler,state
1722,0.8869338035583496,2025-04-26 10:44:11.412291,2025-04-26 10:44:16.657200,0 days 00:00:05.244909,4,76,287,,,,1,95,0.03229040252905829,0.00011067739170070858,0.6,/work3/arnaou/checkpoints/megnet_Pc_trial_1722_best_state.pt,"{'learning_rate': 0.00011067739170070858, 'lr_reduce': 0.6}",TPESampler,COMPLETE
1723,0.35700035095214844,2025-04-26 10:44:11.558815,2025-04-26 10:44:20.211680,0 days 00:00:08.652865,1,58,468,292.0,236.0,,3,76,0.2463754502205576,0.009531452702349572,0.6,/work3/arnaou/checkpoints/megnet_Pc_trial_1723_best_state.pt,"{'learning_rate': 0.009531452702349572, 'lr_reduce': 0.6}",TPESampler,COMPLETE
1724,0.14316144585609436,2025-04-26 10:44:16.883234,2025-04-26 10:44:43.090476,0 days 00:00:26.207242,1,55,327,247.0,,,2,99,0.1769763517622565,0.0025125979415144533,0.6,/work3/arnaou/checkpoints/megnet_Pc_trial_1724_best_state.pt,"{'learning_rate': 0.0025125979415144533, 'lr_reduce': 0.6}",TPESampler,COMPLETE
1725,0.1355762928724289,2025-04-26 10:44:20.445978,2025-04-26 10:44:41.748631,0 days 00:00:21.302653,1,61,458,,,,1,78,0.17225373537090696,0.0037433290146470367,0.6,/work3/arnaou/checkpoints/megnet_Pc_trial_1725_best_state.pt,"{'learning_rate': 0.0037433290146470367, 'lr_reduce': 0.6}",TPESampler,COMPLETE
1726,0.23104429244995117,2025-04-26 10:44:39.422174,2025-04-26 10:45:04.872290,0 days 00:00:25.450116,2,47,88,365.0,,,2,108,0.04913790247645827,0.003198003841795353,0.6,/work3/arnaou/checkpoints/megnet_Pc_trial_1726_best_state.pt,"{'learning_rate': 0.003198003841795353, 'lr_reduce': 0.6}",TPESampler,COMPLETE
1727,0.8868634104728699,2025-04-26 10:44:41.959948,2025-04-26 10:44:48.627987,0 days 00:00:06.668039,4,35,256,512.0,358.0,142.0,4,79,0.016146815326641112,0.0003642314276244437,0.6,/work3/arnaou/checkpoints/megnet_Pc_trial_1727_best_state.pt,"{'learning_rate': 0.0003642314276244437, 'lr_reduce': 0.6}",TPESampler,COMPLETE
1728,0.17159955203533173,2025-04-26 10:44:43.376629,2025-04-26 10:44:58.808503,0 days 00:00:15.431874,1,80,119,412.0,283.0,,3,46,0.04387178166105755,0.00565368782347636,0.6,/work3/arnaou/checkpoints/megnet_Pc_trial_1728_best_state.pt,"{'learning_rate': 0.00565368782347636, 'lr_reduce': 0.6}",TPESampler,COMPLETE
1729,0.21986472606658936,2025-04-26 10:44:48.842076,2025-04-26 10:45:15.806175,0 days 00:00:26.964099,2,64,300,325.0,362.0,,3,40,0.2069294633315527,0.0025616850213351825,0.6,/work3/arnaou/checkpoints/megnet_Pc_trial_1729_best_state.pt,"{'learning_rate': 0.0025616850213351825, 'lr_reduce': 0.6}",TPESampler,COMPLETE
1730,0.17504794895648956,2025-04-26 10:44:59.054283,2025-04-26 10:45:25.860390,0 days 00:00:26.806107,2,41,408,211.0,,,2,97,0.2470404237669569,0.0023836610989853265,0.6,/work3/arnaou/checkpoints/megnet_Pc_trial_1730_best_state.pt,"{'learning_rate': 0.0023836610989853265, 'lr_reduce': 0.6}",TPESampler,COMPLETE
1731,0.08572465181350708,2025-04-26 10:45:05.123639,2025-04-26 10:45:30.801222,0 days 00:00:25.677583,1,34,437,455.0,,,2,113,0.16864992113211344,0.004562614810374377,0.6,/work3/arnaou/checkpoints/megnet_Pc_trial_1731_best_state.pt,"{'learning_rate': 0.004562614810374377, 'lr_reduce': 0.6}",TPESampler,COMPLETE
1732,0.10507583618164062,2025-04-26 10:45:16.032677,2025-04-26 10:45:42.565893,0 days 00:00:26.533216,1,32,317,144.0,412.0,387.0,4,114,0.18414569225139021,0.008343248507250399,0.6,/work3/arnaou/checkpoints/megnet_Pc_trial_1732_best_state.pt,"{'learning_rate': 0.008343248507250399, 'lr_reduce': 0.6}",TPESampler,COMPLETE
1733,0.11161906272172928,2025-04-26 10:45:26.083547,2025-04-26 10:45:45.239832,0 days 00:00:19.156285,1,59,297,382.0,,,2,89,0.20118158552229493,0.005405752148149383,0.6,/work3/arnaou/checkpoints/megnet_Pc_trial_1733_best_state.pt,"{'learning_rate': 0.005405752148149383, 'lr_reduce': 0.6}",TPESampler,COMPLETE
1734,0.1299675703048706,2025-04-26 10:45:31.027142,2025-04-26 10:46:04.611663,0 days 00:00:33.584521,1,54,376,281.0,289.0,287.0,4,113,0.08653692186548834,0.007648563157302288,0.6,/work3/arnaou/checkpoints/megnet_Pc_trial_1734_best_state.pt,"{'learning_rate': 0.007648563157302288, 'lr_reduce': 0.6}",TPESampler,COMPLETE
1735,0.13044027984142303,2025-04-26 10:45:42.794121,2025-04-26 10:46:08.182447,0 days 00:00:25.388326,1,51,471,419.0,,,2,80,0.21127911077274095,0.004432160974168093,0.6,/work3/arnaou/checkpoints/megnet_Pc_trial_1735_best_state.pt,"{'learning_rate': 0.004432160974168093, 'lr_reduce': 0.6}",TPESampler,COMPLETE
1736,0.6114189028739929,2025-04-26 10:45:45.459908,2025-04-26 10:45:53.163252,0 days 00:00:07.703344,2,58,403,353.0,341.0,,3,83,0.19049884535327372,0.00692462671822314,0.6,/work3/arnaou/checkpoints/megnet_Pc_trial_1736_best_state.pt,"{'learning_rate': 0.00692462671822314, 'lr_reduce': 0.6}",TPESampler,COMPLETE
1737,0.11727264523506165,2025-04-26 10:45:53.384277,2025-04-26 10:46:24.844526,0 days 00:00:31.460249,1,46,395,246.0,435.0,,3,83,0.17098169081795506,0.003964227129774488,0.6,/work3/arnaou/checkpoints/megnet_Pc_trial_1737_best_state.pt,"{'learning_rate': 0.003964227129774488, 'lr_reduce': 0.6}",TPESampler,COMPLETE
1738,0.0994141474366188,2025-04-26 10:46:04.836432,2025-04-26 10:46:38.429908,0 days 00:00:33.593476,2,34,512,,,,1,97,0.15165886325293484,0.002683099061724576,0.6,/work3/arnaou/checkpoints/megnet_Pc_trial_1738_best_state.pt,"{'learning_rate': 0.002683099061724576, 'lr_reduce': 0.6}",TPESampler,COMPLETE
1739,0.07796431332826614,2025-04-26 10:46:08.434852,2025-04-26 10:46:36.401459,0 days 00:00:27.966607,1,41,192,314.0,245.0,207.0,4,93,0.06535517172136324,0.006944385947040675,0.6,/work3/arnaou/checkpoints/megnet_Pc_trial_1739_best_state.pt,"{'learning_rate': 0.006944385947040675, 'lr_reduce': 0.6}",TPESampler,COMPLETE
1740,0.0814158245921135,2025-04-26 10:46:25.043323,2025-04-26 10:47:00.107767,0 days 00:00:35.064444,1,92,214,392.0,,,2,127,0.21993220318729217,0.0051586202104862595,0.6,/work3/arnaou/checkpoints/megnet_Pc_trial_1740_best_state.pt,"{'learning_rate': 0.0051586202104862595, 'lr_reduce': 0.6}",TPESampler,COMPLETE
1741,0.8863545656204224,2025-04-26 10:46:36.618440,2025-04-26 10:46:44.955564,0 days 00:00:08.337124,4,87,489,274.0,234.0,206.0,4,120,0.16623372734389877,0.0001306483642070181,0.6,/work3/arnaou/checkpoints/megnet_Pc_trial_1741_best_state.pt,"{'learning_rate': 0.0001306483642070181, 'lr_reduce': 0.6}",TPESampler,COMPLETE
1742,0.08297348022460938,2025-04-26 10:46:38.668948,2025-04-26 10:47:19.914242,0 days 00:00:41.245294,1,43,112,281.0,249.0,,3,94,0.03476658035657597,0.008042798929256264,0.6,/work3/arnaou/checkpoints/megnet_Pc_trial_1742_best_state.pt,"{'learning_rate': 0.008042798929256264, 'lr_reduce': 0.6}",TPESampler,COMPLETE
1743,0.13055862486362457,2025-04-26 10:46:45.161159,2025-04-26 10:47:16.654254,0 days 00:00:31.493095,1,41,233,307.0,210.0,,3,91,0.05821852314107165,0.005511983812929513,0.6,/work3/arnaou/checkpoints/megnet_Pc_trial_1743_best_state.pt,"{'learning_rate': 0.005511983812929513, 'lr_reduce': 0.6}",TPESampler,COMPLETE
1744,0.15806710720062256,2025-04-26 10:47:00.804586,2025-04-26 10:47:21.307043,0 days 00:00:20.502457,2,53,206,293.0,206.0,216.0,4,96,0.0946599038511227,0.0078011605413473364,0.6,/work3/arnaou/checkpoints/megnet_Pc_trial_1744_best_state.pt,"{'learning_rate': 0.0078011605413473364, 'lr_reduce': 0.6}",TPESampler,COMPLETE
1745,0.1421486884355545,2025-04-26 10:47:17.021598,2025-04-26 10:47:46.537769,0 days 00:00:29.516171,2,32,403,316.0,,,2,89,0.18022546071699477,0.005078756623086136,0.6,/work3/arnaou/checkpoints/megnet_Pc_trial_1745_best_state.pt,"{'learning_rate': 0.005078756623086136, 'lr_reduce': 0.6}",TPESampler,COMPLETE
1746,0.10198374837636948,2025-04-26 10:47:20.124606,2025-04-26 10:47:54.189818,0 days 00:00:34.065212,1,49,155,282.0,211.0,180.0,4,114,0.09343193203191477,0.004835377328128013,0.6,/work3/arnaou/checkpoints/megnet_Pc_trial_1746_best_state.pt,"{'learning_rate': 0.004835377328128013, 'lr_reduce': 0.6}",TPESampler,COMPLETE
1747,0.10195662826299667,2025-04-26 10:47:21.529527,2025-04-26 10:47:39.079590,0 days 00:00:17.550063,1,63,183,305.0,201.0,247.0,4,103,0.016209099264031634,0.004668124489585563,0.6,/work3/arnaou/checkpoints/megnet_Pc_trial_1747_best_state.pt,"{'learning_rate': 0.004668124489585563, 'lr_reduce': 0.6}",TPESampler,COMPLETE
1748,0.1431494951248169,2025-04-26 10:47:39.294132,2025-04-26 10:48:14.810745,0 days 00:00:35.516613,1,42,137,256.0,240.0,226.0,4,94,0.10720747948356751,0.004619525666089488,0.6,/work3/arnaou/checkpoints/megnet_Pc_trial_1748_best_state.pt,"{'learning_rate': 0.004619525666089488, 'lr_reduce': 0.6}",TPESampler,COMPLETE
1749,0.13738170266151428,2025-04-26 10:47:46.914471,2025-04-26 10:48:07.251129,0 days 00:00:20.336658,1,51,228,260.0,200.0,163.0,4,97,0.01672756471339771,0.002140506918472579,0.6,/work3/arnaou/checkpoints/megnet_Pc_trial_1749_best_state.pt,"{'learning_rate': 0.002140506918472579, 'lr_reduce': 0.6}",TPESampler,COMPLETE
1750,0.10244404524564743,2025-04-26 10:47:54.522797,2025-04-26 10:48:25.304239,0 days 00:00:30.781442,2,44,285,306.0,224.0,254.0,4,77,0.10020569253112853,0.009571412765024198,0.6,/work3/arnaou/checkpoints/megnet_Pc_trial_1750_best_state.pt,"{'learning_rate': 0.009571412765024198, 'lr_reduce': 0.6}",TPESampler,COMPLETE
1751,0.11013158410787582,2025-04-26 10:48:07.679022,2025-04-26 10:48:46.597545,0 days 00:00:38.918523,1,52,236,301.0,456.0,189.0,4,101,0.06535360721096538,0.006015337909858888,0.6,/work3/arnaou/checkpoints/megnet_Pc_trial_1751_best_state.pt,"{'learning_rate': 0.006015337909858888, 'lr_reduce': 0.6}",TPESampler,COMPLETE
1752,0.13126099109649658,2025-04-26 10:48:15.063300,2025-04-26 10:48:43.868208,0 days 00:00:28.804908,1,36,215,241.0,244.0,270.0,4,88,0.08191339629336956,0.0031089268711488502,0.6,/work3/arnaou/checkpoints/megnet_Pc_trial_1752_best_state.pt,"{'learning_rate': 0.0031089268711488502, 'lr_reduce': 0.6}",TPESampler,COMPLETE
1753,0.8871158957481384,2025-04-26 10:48:25.531552,2025-04-26 10:48:32.389945,0 days 00:00:06.858393,2,61,196,210.0,405.0,145.0,4,103,0.03684467122458117,0.0035395785671495134,0.6,/work3/arnaou/checkpoints/megnet_Pc_trial_1753_best_state.pt,"{'learning_rate': 0.0035395785671495134, 'lr_reduce': 0.6}",TPESampler,COMPLETE
1754,0.18048229813575745,2025-04-26 10:48:32.599329,2025-04-26 10:48:48.015570,0 days 00:00:15.416241,1,59,418,317.0,,,2,109,0.051022751401951394,0.009840163957381052,0.6,/work3/arnaou/checkpoints/megnet_Pc_trial_1754_best_state.pt,"{'learning_rate': 0.009840163957381052, 'lr_reduce': 0.6}",TPESampler,COMPLETE
1755,0.11858178675174713,2025-04-26 10:48:44.100917,2025-04-26 10:49:08.047602,0 days 00:00:23.946685,1,91,235,104.0,,,2,84,0.18075004872410808,0.002898830592203884,0.6,/work3/arnaou/checkpoints/megnet_Pc_trial_1755_best_state.pt,"{'learning_rate': 0.002898830592203884, 'lr_reduce': 0.6}",TPESampler,COMPLETE
1756,0.10168435424566269,2025-04-26 10:48:46.833051,2025-04-26 10:49:09.361524,0 days 00:00:22.528473,2,45,231,263.0,402.0,214.0,4,100,0.0464116531483703,0.007879604437899642,0.6,/work3/arnaou/checkpoints/megnet_Pc_trial_1756_best_state.pt,"{'learning_rate': 0.007879604437899642, 'lr_reduce': 0.6}",TPESampler,COMPLETE
1757,0.13893581926822662,2025-04-26 10:48:48.280905,2025-04-26 10:49:09.691069,0 days 00:00:21.410164,1,58,193,182.0,457.0,264.0,4,89,0.005387045868006774,0.003576512606959245,0.6,/work3/arnaou/checkpoints/megnet_Pc_trial_1757_best_state.pt,"{'learning_rate': 0.003576512606959245, 'lr_reduce': 0.6}",TPESampler,COMPLETE
1758,0.14625804126262665,2025-04-26 10:49:08.285646,2025-04-26 10:49:36.033262,0 days 00:00:27.747616,1,43,143,310.0,388.0,178.0,4,74,0.0938589926997438,0.003291000133172591,0.6,/work3/arnaou/checkpoints/megnet_Pc_trial_1758_best_state.pt,"{'learning_rate': 0.003291000133172591, 'lr_reduce': 0.6}",TPESampler,COMPLETE
1759,0.1136423647403717,2025-04-26 10:49:09.616871,2025-04-26 10:49:31.156022,0 days 00:00:21.539151,1,44,111,148.0,251.0,227.0,4,90,0.0989721654381493,0.006991845739728002,0.6,/work3/arnaou/checkpoints/megnet_Pc_trial_1759_best_state.pt,"{'learning_rate': 0.006991845739728002, 'lr_reduce': 0.6}",TPESampler,COMPLETE
1760,0.11436562985181808,2025-04-26 10:49:09.967741,2025-04-26 10:49:43.799922,0 days 00:00:33.832181,1,57,445,219.0,,,2,95,0.16070837492465004,0.0056944031370025055,0.6,/work3/arnaou/checkpoints/megnet_Pc_trial_1760_best_state.pt,"{'learning_rate': 0.0056944031370025055, 'lr_reduce': 0.6}",TPESampler,COMPLETE
1761,0.1477941870689392,2025-04-26 10:49:31.394934,2025-04-26 10:49:51.675367,0 days 00:00:20.280433,1,49,175,278.0,196.0,122.0,4,122,0.0030396869740041297,0.003292555024253745,0.6,/work3/arnaou/checkpoints/megnet_Pc_trial_1761_best_state.pt,"{'learning_rate': 0.003292555024253745, 'lr_reduce': 0.6}",TPESampler,COMPLETE
1762,0.12113923579454422,2025-04-26 10:49:36.255001,2025-04-26 10:50:03.972812,0 days 00:00:27.717811,1,36,425,102.0,,,2,62,0.1906745376661032,0.003347109128014475,0.6,/work3/arnaou/checkpoints/megnet_Pc_trial_1762_best_state.pt,"{'learning_rate': 0.003347109128014475, 'lr_reduce': 0.6}",TPESampler,COMPLETE
1763,0.1430649310350418,2025-04-26 10:49:44.055458,2025-04-26 10:50:14.362721,0 days 00:00:30.307263,1,56,230,242.0,383.0,292.0,4,76,0.08951533761649871,0.00530734491712491,0.6,/work3/arnaou/checkpoints/megnet_Pc_trial_1763_best_state.pt,"{'learning_rate': 0.00530734491712491, 'lr_reduce': 0.6}",TPESampler,COMPLETE
1764,0.08899224549531937,2025-04-26 10:49:51.891439,2025-04-26 10:50:16.303997,0 days 00:00:24.412558,1,40,491,325.0,,,2,102,0.24433989652096638,0.003702223511450468,0.6,/work3/arnaou/checkpoints/megnet_Pc_trial_1764_best_state.pt,"{'learning_rate': 0.003702223511450468, 'lr_reduce': 0.6}",TPESampler,COMPLETE
1765,0.1894632875919342,2025-04-26 10:50:04.223698,2025-04-26 10:50:14.884717,0 days 00:00:10.661019,1,43,438,463.0,,,2,96,0.20839599070072676,0.00817086300199838,0.6,/work3/arnaou/checkpoints/megnet_Pc_trial_1765_best_state.pt,"{'learning_rate': 0.00817086300199838, 'lr_reduce': 0.6}",TPESampler,COMPLETE
1766,0.10705403238534927,2025-04-26 10:50:14.579327,2025-04-26 10:50:52.695725,0 days 00:00:38.116398,1,40,157,279.0,,,2,127,0.01421730492754381,0.009775747868944005,0.6,/work3/arnaou/checkpoints/megnet_Pc_trial_1766_best_state.pt,"{'learning_rate': 0.009775747868944005, 'lr_reduce': 0.6}",TPESampler,COMPLETE
1767,0.8865595459938049,2025-04-26 10:50:15.130442,2025-04-26 10:50:23.939362,0 days 00:00:08.808920,4,107,268,330.0,441.0,170.0,4,39,0.009500489801186618,0.0001026604089177139,0.6,/work3/arnaou/checkpoints/megnet_Pc_trial_1767_best_state.pt,"{'learning_rate': 0.0001026604089177139, 'lr_reduce': 0.6}",TPESampler,COMPLETE
1768,0.18811678886413574,2025-04-26 10:50:16.730675,2025-04-26 10:50:46.709861,0 days 00:00:29.979186,2,40,199,184.0,266.0,243.0,4,94,0.05310793035431339,0.0030015373581418277,0.6,/work3/arnaou/checkpoints/megnet_Pc_trial_1768_best_state.pt,"{'learning_rate': 0.0030015373581418277, 'lr_reduce': 0.6}",TPESampler,COMPLETE
1769,0.14429910480976105,2025-04-26 10:50:24.163430,2025-04-26 10:50:55.802565,0 days 00:00:31.639135,1,62,123,244.0,366.0,298.0,4,77,0.017176766013605946,0.005874554738506033,0.6,/work3/arnaou/checkpoints/megnet_Pc_trial_1769_best_state.pt,"{'learning_rate': 0.005874554738506033, 'lr_reduce': 0.6}",TPESampler,COMPLETE
1770,0.18906335532665253,2025-04-26 10:50:46.949355,2025-04-26 10:51:02.369834,0 days 00:00:15.420479,1,33,187,123.0,413.0,,3,107,0.09157610051761124,0.004621610795900248,0.6,/work3/arnaou/checkpoints/megnet_Pc_trial_1770_best_state.pt,"{'learning_rate': 0.004621610795900248, 'lr_reduce': 0.6}",TPESampler,COMPLETE
1771,0.13009922206401825,2025-04-26 10:50:52.969104,2025-04-26 10:51:29.644160,0 days 00:00:36.675056,2,63,219,326.0,329.0,,3,100,0.011567117268931547,0.005036762841220791,0.6,/work3/arnaou/checkpoints/megnet_Pc_trial_1771_best_state.pt,"{'learning_rate': 0.005036762841220791, 'lr_reduce': 0.6}",TPESampler,COMPLETE
1772,0.8226147294044495,2025-04-26 10:50:56.055768,2025-04-26 10:51:01.540575,0 days 00:00:05.484807,2,81,172,448.0,,,2,97,0.1335945232507722,0.00967818084034024,0.6,/work3/arnaou/checkpoints/megnet_Pc_trial_1772_best_state.pt,"{'learning_rate': 0.00967818084034024, 'lr_reduce': 0.6}",TPESampler,COMPLETE
1773,0.1798371970653534,2025-04-26 10:51:01.745219,2025-04-26 10:51:35.952130,0 days 00:00:34.206911,2,34,429,,,,1,68,0.17014508381798837,0.003890015889435067,0.6,/work3/arnaou/checkpoints/megnet_Pc_trial_1773_best_state.pt,"{'learning_rate': 0.003890015889435067, 'lr_reduce': 0.6}",TPESampler,COMPLETE
1774,0.09496687352657318,2025-04-26 10:51:02.610666,2025-04-26 10:51:30.665380,0 days 00:00:28.054714,1,50,183,290.0,460.0,202.0,4,89,0.0029343687869532904,0.007610846338826704,0.6,/work3/arnaou/checkpoints/megnet_Pc_trial_1774_best_state.pt,"{'learning_rate': 0.007610846338826704, 'lr_reduce': 0.6}",TPESampler,COMPLETE
1775,0.13315315544605255,2025-04-26 10:51:29.887710,2025-04-26 10:51:57.858710,0 days 00:00:27.971000,1,34,399,214.0,,,2,78,0.22268636511113074,0.0014759573198996614,0.6,/work3/arnaou/checkpoints/megnet_Pc_trial_1775_best_state.pt,"{'learning_rate': 0.0014759573198996614, 'lr_reduce': 0.6}",TPESampler,COMPLETE
1776,0.14789532124996185,2025-04-26 10:51:30.911125,2025-04-26 10:51:55.632980,0 days 00:00:24.721855,1,111,261,160.0,,,2,126,0.1554612793978184,0.003026831969408806,0.6,/work3/arnaou/checkpoints/megnet_Pc_trial_1776_best_state.pt,"{'learning_rate': 0.003026831969408806, 'lr_reduce': 0.6}",TPESampler,COMPLETE
1777,0.19862836599349976,2025-04-26 10:51:36.369384,2025-04-26 10:52:07.651490,0 days 00:00:31.282106,2,44,144,328.0,264.0,133.0,4,75,0.08692805780560893,0.007584735416521406,0.6,/work3/arnaou/checkpoints/megnet_Pc_trial_1777_best_state.pt,"{'learning_rate': 0.007584735416521406, 'lr_reduce': 0.6}",TPESampler,COMPLETE
1778,0.1369296759366989,2025-04-26 10:51:55.884628,2025-04-26 10:52:17.820075,0 days 00:00:21.935447,1,44,392,,,,1,86,0.11889420932588896,0.0023119354647519364,0.6,/work3/arnaou/checkpoints/megnet_Pc_trial_1778_best_state.pt,"{'learning_rate': 0.0023119354647519364, 'lr_reduce': 0.6}",TPESampler,COMPLETE
1779,0.15278194844722748,2025-04-26 10:51:58.086827,2025-04-26 10:52:24.566921,0 days 00:00:26.480094,1,36,452,481.0,,,2,80,0.0956977484146449,0.005667549477715547,0.6,/work3/arnaou/checkpoints/megnet_Pc_trial_1779_best_state.pt,"{'learning_rate': 0.005667549477715547, 'lr_reduce': 0.6}",TPESampler,COMPLETE
1780,0.1919543445110321,2025-04-26 10:52:07.886041,2025-04-26 10:52:37.828167,0 days 00:00:29.942126,3,112,438,89.0,,,2,65,0.002439797038452207,0.0017614573283910326,0.6,/work3/arnaou/checkpoints/megnet_Pc_trial_1780_best_state.pt,"{'learning_rate': 0.0017614573283910326, 'lr_reduce': 0.6}",TPESampler,COMPLETE
1781,0.17424340546131134,2025-04-26 10:52:18.033054,2025-04-26 10:52:38.801959,0 days 00:00:20.768905,1,116,338,261.0,356.0,,3,65,0.14496603731996005,0.0015051023027120348,0.6,/work3/arnaou/checkpoints/megnet_Pc_trial_1781_best_state.pt,"{'learning_rate': 0.0015051023027120348, 'lr_reduce': 0.6}",TPESampler,COMPLETE
1782,0.08626371622085571,2025-04-26 10:52:24.784557,2025-04-26 10:52:57.867665,0 days 00:00:33.083108,1,51,434,439.0,310.0,,3,107,0.087178821738769,0.006104189474873687,0.6,/work3/arnaou/checkpoints/megnet_Pc_trial_1782_best_state.pt,"{'learning_rate': 0.006104189474873687, 'lr_reduce': 0.6}",TPESampler,COMPLETE
1783,0.14479346573352814,2025-04-26 10:52:38.056446,2025-04-26 10:53:13.631994,0 days 00:00:35.575548,1,52,222,351.0,399.0,249.0,4,97,0.07266139609417385,0.009252345646235338,0.6,/work3/arnaou/checkpoints/megnet_Pc_trial_1783_best_state.pt,"{'learning_rate': 0.009252345646235338, 'lr_reduce': 0.6}",TPESampler,COMPLETE
1784,0.2297302782535553,2025-04-26 10:52:39.031202,2025-04-26 10:53:14.325646,0 days 00:00:35.294444,2,56,504,,,,1,75,0.17499581961251223,0.009828842940636266,0.6,/work3/arnaou/checkpoints/megnet_Pc_trial_1784_best_state.pt,"{'learning_rate': 0.009828842940636266, 'lr_reduce': 0.6}",TPESampler,COMPLETE
1785,0.13170723617076874,2025-04-26 10:52:58.204152,2025-04-26 10:53:32.231062,0 days 00:00:34.026910,1,35,293,285.0,232.0,301.0,4,105,0.047876444089999144,0.0035565218402995344,0.6,/work3/arnaou/checkpoints/megnet_Pc_trial_1785_best_state.pt,"{'learning_rate': 0.0035565218402995344, 'lr_reduce': 0.6}",TPESampler,COMPLETE
1786,0.8868868947029114,2025-04-26 10:53:13.869424,2025-04-26 10:53:21.679590,0 days 00:00:07.810166,3,35,297,149.0,351.0,191.0,4,90,0.13754654749648473,0.0001396287414363692,0.6,/work3/arnaou/checkpoints/megnet_Pc_trial_1786_best_state.pt,"{'learning_rate': 0.0001396287414363692, 'lr_reduce': 0.6}",TPESampler,COMPLETE
1787,0.1786927729845047,2025-04-26 10:53:14.558665,2025-04-26 10:53:25.997047,0 days 00:00:11.438382,1,32,374,340.0,,,2,88,0.21224562775047046,0.005041767427879322,0.6,/work3/arnaou/checkpoints/megnet_Pc_trial_1787_best_state.pt,"{'learning_rate': 0.005041767427879322, 'lr_reduce': 0.6}",TPESampler,COMPLETE
1788,0.8863396644592285,2025-04-26 10:53:21.924388,2025-04-26 10:53:30.118645,0 days 00:00:08.194257,2,58,66,226.0,296.0,105.0,4,44,0.16120822151173764,0.0001700657581908143,0.6,/work3/arnaou/checkpoints/megnet_Pc_trial_1788_best_state.pt,"{'learning_rate': 0.0001700657581908143, 'lr_reduce': 0.6}",TPESampler,COMPLETE
1789,0.21764904260635376,2025-04-26 10:53:26.221383,2025-04-26 10:53:55.814438,0 days 00:00:29.593055,2,68,93,476.0,431.0,248.0,4,103,0.08343768728270524,0.003171004454786796,0.6,/work3/arnaou/checkpoints/megnet_Pc_trial_1789_best_state.pt,"{'learning_rate': 0.003171004454786796, 'lr_reduce': 0.6}",TPESampler,COMPLETE
