number,value,datetime_start,datetime_complete,duration,params_depth,params_edge_hidden_dim,params_mlp_dim_00,params_mlp_dim_01,params_mlp_dim_02,params_mlp_dim_03,params_mlp_n_layers,params_node_hidden_dim,params_rep_dropout,params_train_learning_rate,params_train_lr_reduce,user_attrs_best_state_dict_path,user_attrs_training_params,system_attrs_auto:sampler,state
2273,0.12293073534965515,2025-04-26 11:58:41.385504,2025-04-26 11:59:10.954083,0 days 00:00:29.568579,1,56,353,,,,1,87,0.14002510800113452,0.006184623951055145,0.6,/work3/arnaou/checkpoints/megnet_Pc_trial_2273_best_state.pt,"{'learning_rate': 0.006184623951055145, 'lr_reduce': 0.6}",TPESampler,COMPLETE
2274,0.139469176530838,2025-04-26 11:58:42.726267,2025-04-26 11:59:17.376921,0 days 00:00:34.650654,2,97,78,129.0,,,2,106,0.01914235839981364,0.0047167731992179855,0.6,/work3/arnaou/checkpoints/megnet_Pc_trial_2274_best_state.pt,"{'learning_rate': 0.0047167731992179855, 'lr_reduce': 0.6}",TPESampler,COMPLETE
2275,0.10325151681900024,2025-04-26 11:58:46.879257,2025-04-26 11:59:23.881882,0 days 00:00:37.002625,1,34,295,475.0,,,2,78,0.14670726717346594,0.0029829627525576746,0.6,/work3/arnaou/checkpoints/megnet_Pc_trial_2275_best_state.pt,"{'learning_rate': 0.0029829627525576746, 'lr_reduce': 0.6}",TPESampler,COMPLETE
2276,0.17840158939361572,2025-04-26 11:59:11.177620,2025-04-26 11:59:31.004541,0 days 00:00:19.826921,1,52,113,367.0,,,2,82,0.14611464312329325,0.007669499437692234,0.6,/work3/arnaou/checkpoints/megnet_Pc_trial_2276_best_state.pt,"{'learning_rate': 0.007669499437692234, 'lr_reduce': 0.6}",TPESampler,COMPLETE
2277,0.21397185325622559,2025-04-26 11:59:17.621644,2025-04-26 11:59:42.828381,0 days 00:00:25.206737,2,72,340,506.0,,,2,93,0.21108843340640832,0.0087101478166788,0.6,/work3/arnaou/checkpoints/megnet_Pc_trial_2277_best_state.pt,"{'learning_rate': 0.0087101478166788, 'lr_reduce': 0.6}",TPESampler,COMPLETE
2278,0.24345606565475464,2025-04-26 11:59:24.127156,2025-04-26 11:59:58.171751,0 days 00:00:34.044595,2,51,443,,,,1,92,0.1630456307715214,0.009927024536863473,0.6,/work3/arnaou/checkpoints/megnet_Pc_trial_2278_best_state.pt,"{'learning_rate': 0.009927024536863473, 'lr_reduce': 0.6}",TPESampler,COMPLETE
2279,0.8865269422531128,2025-04-26 11:59:31.233174,2025-04-26 11:59:37.233363,0 days 00:00:06.000189,2,113,512,264.0,212.0,,3,109,0.18642782157086518,0.00016744623329142085,0.6,/work3/arnaou/checkpoints/megnet_Pc_trial_2279_best_state.pt,"{'learning_rate': 0.00016744623329142085, 'lr_reduce': 0.6}",TPESampler,COMPLETE
2280,0.1180889904499054,2025-04-26 11:59:37.456572,2025-04-26 12:00:11.200262,0 days 00:00:33.743690,1,65,270,323.0,,,2,45,0.1402377344969916,0.003531113439257097,0.6,/work3/arnaou/checkpoints/megnet_Pc_trial_2280_best_state.pt,"{'learning_rate': 0.003531113439257097, 'lr_reduce': 0.6}",TPESampler,COMPLETE
2281,0.10063743591308594,2025-04-26 11:59:43.060870,2025-04-26 12:00:03.834945,0 days 00:00:20.774075,1,70,92,373.0,,,2,85,0.05474703054749081,0.003059859154168434,0.6,/work3/arnaou/checkpoints/megnet_Pc_trial_2281_best_state.pt,"{'learning_rate': 0.003059859154168434, 'lr_reduce': 0.6}",TPESampler,COMPLETE
2282,0.41493409872055054,2025-04-26 11:59:58.395114,2025-04-26 12:00:26.454917,0 days 00:00:28.059803,1,55,98,95.0,135.0,,3,81,0.13390155573037316,0.009264959587433456,0.6,/work3/arnaou/checkpoints/megnet_Pc_trial_2282_best_state.pt,"{'learning_rate': 0.009264959587433456, 'lr_reduce': 0.6}",TPESampler,COMPLETE
2283,0.14127814769744873,2025-04-26 12:00:04.066065,2025-04-26 12:00:35.960325,0 days 00:00:31.894260,2,47,277,,,,1,54,0.1531054085358681,0.00303675135379093,0.6,/work3/arnaou/checkpoints/megnet_Pc_trial_2283_best_state.pt,"{'learning_rate': 0.00303675135379093, 'lr_reduce': 0.6}",TPESampler,COMPLETE
2284,0.12242830544710159,2025-04-26 12:00:11.443709,2025-04-26 12:00:35.926174,0 days 00:00:24.482465,1,96,86,161.0,197.0,,3,71,0.07475223235541492,0.0030866449668129157,0.6,/work3/arnaou/checkpoints/megnet_Pc_trial_2284_best_state.pt,"{'learning_rate': 0.0030866449668129157, 'lr_reduce': 0.6}",TPESampler,COMPLETE
2285,0.8869178295135498,2025-04-26 12:00:26.658229,2025-04-26 12:00:32.718369,0 days 00:00:06.060140,4,39,414,289.0,205.0,,3,94,0.009410276791212202,0.0011623263108058613,0.6,/work3/arnaou/checkpoints/megnet_Pc_trial_2285_best_state.pt,"{'learning_rate': 0.0011623263108058613, 'lr_reduce': 0.6}",TPESampler,COMPLETE
2286,0.15724003314971924,2025-04-26 12:00:32.945619,2025-04-26 12:01:08.442648,0 days 00:00:35.497029,1,67,68,228.0,,,2,86,0.0041292153318246965,0.004666341080426796,0.6,/work3/arnaou/checkpoints/megnet_Pc_trial_2286_best_state.pt,"{'learning_rate': 0.004666341080426796, 'lr_reduce': 0.6}",TPESampler,COMPLETE
2287,0.13063862919807434,2025-04-26 12:00:36.133861,2025-04-26 12:01:06.855062,0 days 00:00:30.721201,1,48,69,368.0,154.0,,3,97,0.11321524730160842,0.009631073153489192,0.6,/work3/arnaou/checkpoints/megnet_Pc_trial_2287_best_state.pt,"{'learning_rate': 0.009631073153489192, 'lr_reduce': 0.6}",TPESampler,COMPLETE
2288,0.887137770652771,2025-04-26 12:00:36.176431,2025-04-26 12:00:42.897872,0 days 00:00:06.721441,2,75,505,326.0,173.0,286.0,4,88,0.013043205597520932,0.0038487398991184046,0.6,/work3/arnaou/checkpoints/megnet_Pc_trial_2288_best_state.pt,"{'learning_rate': 0.0038487398991184046, 'lr_reduce': 0.6}",TPESampler,COMPLETE
2289,0.1211668998003006,2025-04-26 12:00:43.116056,2025-04-26 12:01:03.761987,0 days 00:00:20.645931,1,34,76,195.0,212.0,,3,83,0.10949374185729183,0.006193002085546045,0.6,/work3/arnaou/checkpoints/megnet_Pc_trial_2289_best_state.pt,"{'learning_rate': 0.006193002085546045, 'lr_reduce': 0.6}",TPESampler,COMPLETE
2290,0.16312973201274872,2025-04-26 12:01:03.962468,2025-04-26 12:01:35.743926,0 days 00:00:31.781458,2,126,378,394.0,,,2,126,0.21387863064039314,0.0017985557648448052,0.6,/work3/arnaou/checkpoints/megnet_Pc_trial_2290_best_state.pt,"{'learning_rate': 0.0017985557648448052, 'lr_reduce': 0.6}",TPESampler,COMPLETE
2291,0.8874048590660095,2025-04-26 12:01:07.122284,2025-04-26 12:01:13.417229,0 days 00:00:06.294945,4,74,265,274.0,,,2,32,0.07182203189705938,0.0015220592386681801,0.6,/work3/arnaou/checkpoints/megnet_Pc_trial_2291_best_state.pt,"{'learning_rate': 0.0015220592386681801, 'lr_reduce': 0.6}",TPESampler,COMPLETE
2292,0.18565019965171814,2025-04-26 12:01:08.717704,2025-04-26 12:01:39.397797,0 days 00:00:30.680093,1,49,267,,,,1,71,0.20144847333929777,0.00707645490915186,0.6,/work3/arnaou/checkpoints/megnet_Pc_trial_2292_best_state.pt,"{'learning_rate': 0.00707645490915186, 'lr_reduce': 0.6}",TPESampler,COMPLETE
2293,0.8867965340614319,2025-04-26 12:01:13.662136,2025-04-26 12:01:20.343851,0 days 00:00:06.681715,2,47,438,137.0,224.0,122.0,4,36,0.23597516789294773,0.0004468182687868846,0.6,/work3/arnaou/checkpoints/megnet_Pc_trial_2293_best_state.pt,"{'learning_rate': 0.0004468182687868846, 'lr_reduce': 0.6}",TPESampler,COMPLETE
2294,0.3188682496547699,2025-04-26 12:01:20.636487,2025-04-26 12:01:45.506531,0 days 00:00:24.870044,1,54,326,461.0,145.0,,3,92,0.10353692501632489,0.009770556239867946,0.6,/work3/arnaou/checkpoints/megnet_Pc_trial_2294_best_state.pt,"{'learning_rate': 0.009770556239867946, 'lr_reduce': 0.6}",TPESampler,COMPLETE
2295,0.3758510947227478,2025-04-26 12:01:35.956260,2025-04-26 12:01:42.310398,0 days 00:00:06.354138,1,50,80,350.0,,,2,100,0.11254381409423184,0.009170064476539057,0.6,/work3/arnaou/checkpoints/megnet_Pc_trial_2295_best_state.pt,"{'learning_rate': 0.009170064476539057, 'lr_reduce': 0.6}",TPESampler,COMPLETE
2296,0.37522003054618835,2025-04-26 12:01:39.634178,2025-04-26 12:01:55.005208,0 days 00:00:15.371030,2,79,384,223.0,,,2,84,0.154676953871078,0.007482659778570494,0.6,/work3/arnaou/checkpoints/megnet_Pc_trial_2296_best_state.pt,"{'learning_rate': 0.007482659778570494, 'lr_reduce': 0.6}",TPESampler,COMPLETE
2297,0.13868044316768646,2025-04-26 12:01:42.554724,2025-04-26 12:02:08.762190,0 days 00:00:26.207466,1,125,336,385.0,,,2,114,0.20969830561063343,0.00262347653189967,0.6,/work3/arnaou/checkpoints/megnet_Pc_trial_2297_best_state.pt,"{'learning_rate': 0.00262347653189967, 'lr_reduce': 0.6}",TPESampler,COMPLETE
2298,0.3016647398471832,2025-04-26 12:01:45.734108,2025-04-26 12:01:59.806798,0 days 00:00:14.072690,1,97,287,303.0,,,2,123,0.1969893057166025,0.007217962983356394,0.6,/work3/arnaou/checkpoints/megnet_Pc_trial_2298_best_state.pt,"{'learning_rate': 0.007217962983356394, 'lr_reduce': 0.6}",TPESampler,COMPLETE
2299,0.16122928261756897,2025-04-26 12:01:55.223092,2025-04-26 12:02:20.242819,0 days 00:00:25.019727,1,48,137,267.0,236.0,,3,121,0.12919802633693514,0.0023102344685237875,0.6,/work3/arnaou/checkpoints/megnet_Pc_trial_2299_best_state.pt,"{'learning_rate': 0.0023102344685237875, 'lr_reduce': 0.6}",TPESampler,COMPLETE
2300,0.09809748083353043,2025-04-26 12:02:00.046833,2025-04-26 12:02:36.866854,0 days 00:00:36.820021,1,51,361,445.0,105.0,,3,91,0.15729115432651875,0.008110876162181676,0.6,/work3/arnaou/checkpoints/megnet_Pc_trial_2300_best_state.pt,"{'learning_rate': 0.008110876162181676, 'lr_reduce': 0.6}",TPESampler,COMPLETE
2301,0.24803434312343597,2025-04-26 12:02:09.063587,2025-04-26 12:02:39.775412,0 days 00:00:30.711825,3,120,406,82.0,184.0,369.0,4,87,0.03242041423885325,0.002806786827563007,0.6,/work3/arnaou/checkpoints/megnet_Pc_trial_2301_best_state.pt,"{'learning_rate': 0.002806786827563007, 'lr_reduce': 0.6}",TPESampler,COMPLETE
2302,0.21142485737800598,2025-04-26 12:02:20.495567,2025-04-26 12:02:33.600755,0 days 00:00:13.105188,1,69,300,355.0,,,2,79,0.1568399666416336,0.007186575759514825,0.6,/work3/arnaou/checkpoints/megnet_Pc_trial_2302_best_state.pt,"{'learning_rate': 0.007186575759514825, 'lr_reduce': 0.6}",TPESampler,COMPLETE
2303,0.12956048548221588,2025-04-26 12:02:33.779960,2025-04-26 12:03:01.294829,0 days 00:00:27.514869,1,47,286,173.0,,,2,87,0.16388785619667773,0.0051293892412370284,0.6,/work3/arnaou/checkpoints/megnet_Pc_trial_2303_best_state.pt,"{'learning_rate': 0.0051293892412370284, 'lr_reduce': 0.6}",TPESampler,COMPLETE
2304,0.07739842683076859,2025-04-26 12:02:37.107852,2025-04-26 12:03:02.596360,0 days 00:00:25.488508,1,51,78,409.0,,,2,79,0.07976009228557641,0.009209801168217954,0.6,/work3/arnaou/checkpoints/megnet_Pc_trial_2304_best_state.pt,"{'learning_rate': 0.009209801168217954, 'lr_reduce': 0.6}",TPESampler,COMPLETE
2305,0.1728864163160324,2025-04-26 12:02:40.041123,2025-04-26 12:03:01.181461,0 days 00:00:21.140338,1,40,72,232.0,214.0,171.0,4,109,0.04680302304492966,0.009030707374265206,0.6,/work3/arnaou/checkpoints/megnet_Pc_trial_2305_best_state.pt,"{'learning_rate': 0.009030707374265206, 'lr_reduce': 0.6}",TPESampler,COMPLETE
2306,0.8862069845199585,2025-04-26 12:03:01.357484,2025-04-26 12:03:09.115872,0 days 00:00:07.758388,1,36,275,123.0,163.0,,3,93,0.017461075971638013,0.00013560792018749114,0.6,/work3/arnaou/checkpoints/megnet_Pc_trial_2306_best_state.pt,"{'learning_rate': 0.00013560792018749114, 'lr_reduce': 0.6}",TPESampler,COMPLETE
2307,0.11208363622426987,2025-04-26 12:03:01.482196,2025-04-26 12:03:25.879019,0 days 00:00:24.396823,1,81,184,,,,1,108,0.017982541971749734,0.004014597091584781,0.6,/work3/arnaou/checkpoints/megnet_Pc_trial_2307_best_state.pt,"{'learning_rate': 0.004014597091584781, 'lr_reduce': 0.6}",TPESampler,COMPLETE
2308,0.07869376242160797,2025-04-26 12:03:02.865464,2025-04-26 12:03:32.821996,0 days 00:00:29.956532,1,34,183,,,,1,88,0.1819754513878895,0.004451485862945114,0.6,/work3/arnaou/checkpoints/megnet_Pc_trial_2308_best_state.pt,"{'learning_rate': 0.004451485862945114, 'lr_reduce': 0.6}",TPESampler,COMPLETE
2309,0.1606311798095703,2025-04-26 12:03:09.329941,2025-04-26 12:03:28.892590,0 days 00:00:19.562649,1,35,66,476.0,245.0,,3,98,0.07497797247117052,0.0023409714958303254,0.6,/work3/arnaou/checkpoints/megnet_Pc_trial_2309_best_state.pt,"{'learning_rate': 0.0023409714958303254, 'lr_reduce': 0.6}",TPESampler,COMPLETE
2310,0.1320968121290207,2025-04-26 12:03:26.088952,2025-04-26 12:03:49.349513,0 days 00:00:23.260561,1,38,484,,,,1,85,0.1558254966722476,0.008158250844324807,0.6,/work3/arnaou/checkpoints/megnet_Pc_trial_2310_best_state.pt,"{'learning_rate': 0.008158250844324807, 'lr_reduce': 0.6}",TPESampler,COMPLETE
2311,0.13929355144500732,2025-04-26 12:03:29.151279,2025-04-26 12:03:54.497138,0 days 00:00:25.345859,2,33,99,393.0,,,2,111,0.02729227240879882,0.00809165460216097,0.6,/work3/arnaou/checkpoints/megnet_Pc_trial_2311_best_state.pt,"{'learning_rate': 0.00809165460216097, 'lr_reduce': 0.6}",TPESampler,COMPLETE
2312,0.25823360681533813,2025-04-26 12:03:33.069159,2025-04-26 12:03:44.952199,0 days 00:00:11.883040,2,54,226,327.0,,,2,108,0.09803866562389513,0.0057724805523057575,0.6,/work3/arnaou/checkpoints/megnet_Pc_trial_2312_best_state.pt,"{'learning_rate': 0.0057724805523057575, 'lr_reduce': 0.6}",TPESampler,COMPLETE
2313,0.10994771867990494,2025-04-26 12:03:45.139530,2025-04-26 12:04:22.515603,0 days 00:00:37.376073,1,64,285,,,,1,78,0.18989887286571536,0.009463545938564102,0.6,/work3/arnaou/checkpoints/megnet_Pc_trial_2313_best_state.pt,"{'learning_rate': 0.009463545938564102, 'lr_reduce': 0.6}",TPESampler,COMPLETE
2314,0.1471189558506012,2025-04-26 12:03:49.990400,2025-04-26 12:04:07.824896,0 days 00:00:17.834496,1,56,193,,,,1,120,0.11048625951932975,0.002959859150944448,0.6,/work3/arnaou/checkpoints/megnet_Pc_trial_2314_best_state.pt,"{'learning_rate': 0.002959859150944448, 'lr_reduce': 0.6}",TPESampler,COMPLETE
2315,0.14188164472579956,2025-04-26 12:03:54.725604,2025-04-26 12:04:21.863486,0 days 00:00:27.137882,2,39,195,,,,1,66,0.17793863051665862,0.007726941232181592,0.6,/work3/arnaou/checkpoints/megnet_Pc_trial_2315_best_state.pt,"{'learning_rate': 0.007726941232181592, 'lr_reduce': 0.6}",TPESampler,COMPLETE
2316,0.1591157764196396,2025-04-26 12:04:08.014655,2025-04-26 12:04:45.868726,0 days 00:00:37.854071,2,47,285,65.0,,,2,90,0.0544757510993305,0.007808306870257843,0.6,/work3/arnaou/checkpoints/megnet_Pc_trial_2316_best_state.pt,"{'learning_rate': 0.007808306870257843, 'lr_reduce': 0.6}",TPESampler,COMPLETE
2317,0.1669088453054428,2025-04-26 12:04:22.082914,2025-04-26 12:04:35.693272,0 days 00:00:13.610358,1,52,376,261.0,,,2,119,0.11629957250914305,0.009721658835458039,0.6,/work3/arnaou/checkpoints/megnet_Pc_trial_2317_best_state.pt,"{'learning_rate': 0.009721658835458039, 'lr_reduce': 0.6}",TPESampler,COMPLETE
2318,0.10809743404388428,2025-04-26 12:04:22.734682,2025-04-26 12:04:48.271238,0 days 00:00:25.536556,1,54,95,,,,1,114,0.16265214903858716,0.009741714737976597,0.6,/work3/arnaou/checkpoints/megnet_Pc_trial_2318_best_state.pt,"{'learning_rate': 0.009741714737976597, 'lr_reduce': 0.6}",TPESampler,COMPLETE
2319,0.4939025640487671,2025-04-26 12:04:35.887305,2025-04-26 12:04:42.494837,0 days 00:00:06.607532,1,73,133,292.0,218.0,,3,96,0.07763112487920565,0.008897342583583856,0.6,/work3/arnaou/checkpoints/megnet_Pc_trial_2319_best_state.pt,"{'learning_rate': 0.008897342583583856, 'lr_reduce': 0.6}",TPESampler,COMPLETE
2320,0.8870559334754944,2025-04-26 12:04:42.706548,2025-04-26 12:04:49.412847,0 days 00:00:06.706299,1,120,400,362.0,107.0,,3,111,0.20596711990997033,0.009000183577021243,0.6,/work3/arnaou/checkpoints/megnet_Pc_trial_2320_best_state.pt,"{'learning_rate': 0.009000183577021243, 'lr_reduce': 0.6}",TPESampler,COMPLETE
2321,0.09485030919313431,2025-04-26 12:04:46.124973,2025-04-26 12:05:13.026311,0 days 00:00:26.901338,1,54,140,,,,1,85,0.20566350245105008,0.006380139600760083,0.6,/work3/arnaou/checkpoints/megnet_Pc_trial_2321_best_state.pt,"{'learning_rate': 0.006380139600760083, 'lr_reduce': 0.6}",TPESampler,COMPLETE
2322,0.12980963289737701,2025-04-26 12:04:48.506623,2025-04-26 12:05:22.400965,0 days 00:00:33.894342,1,94,275,,,,1,90,0.20338038756099072,0.0008950659451248061,0.6,/work3/arnaou/checkpoints/megnet_Pc_trial_2322_best_state.pt,"{'learning_rate': 0.0008950659451248061, 'lr_reduce': 0.6}",TPESampler,COMPLETE
2323,0.11230994760990143,2025-04-26 12:04:49.672475,2025-04-26 12:05:10.686487,0 days 00:00:21.014012,1,75,77,426.0,,,2,92,0.05488835518339872,0.009331864008246754,0.6,/work3/arnaou/checkpoints/megnet_Pc_trial_2323_best_state.pt,"{'learning_rate': 0.009331864008246754, 'lr_reduce': 0.6}",TPESampler,COMPLETE
2324,0.14108693599700928,2025-04-26 12:05:10.937098,2025-04-26 12:05:35.080997,0 days 00:00:24.143899,2,60,479,,,,1,92,0.0977056596087566,0.007655671360899408,0.6,/work3/arnaou/checkpoints/megnet_Pc_trial_2324_best_state.pt,"{'learning_rate': 0.007655671360899408, 'lr_reduce': 0.6}",TPESampler,COMPLETE
2325,0.11884207278490067,2025-04-26 12:05:13.264128,2025-04-26 12:05:50.777356,0 days 00:00:37.513228,1,63,236,196.0,,,2,100,0.17465887872308095,0.009767118985359464,0.6,/work3/arnaou/checkpoints/megnet_Pc_trial_2325_best_state.pt,"{'learning_rate': 0.009767118985359464, 'lr_reduce': 0.6}",TPESampler,COMPLETE
2326,0.10732636600732803,2025-04-26 12:05:22.649492,2025-04-26 12:05:52.528621,0 days 00:00:29.879129,1,99,343,387.0,260.0,258.0,4,50,0.10403009173107476,0.0061111872991952585,0.6,/work3/arnaou/checkpoints/megnet_Pc_trial_2326_best_state.pt,"{'learning_rate': 0.0061111872991952585, 'lr_reduce': 0.6}",TPESampler,COMPLETE
2327,0.18131551146507263,2025-04-26 12:05:35.293392,2025-04-26 12:05:55.771925,0 days 00:00:20.478533,2,57,223,309.0,,,2,78,0.07873399743628813,0.002645446363672518,0.6,/work3/arnaou/checkpoints/megnet_Pc_trial_2327_best_state.pt,"{'learning_rate': 0.002645446363672518, 'lr_reduce': 0.6}",TPESampler,COMPLETE
2328,0.12755998969078064,2025-04-26 12:05:50.987587,2025-04-26 12:06:16.976991,0 days 00:00:25.989404,1,59,385,,,,1,86,0.233517038898315,0.0015694956840613863,0.6,/work3/arnaou/checkpoints/megnet_Pc_trial_2328_best_state.pt,"{'learning_rate': 0.0015694956840613863, 'lr_reduce': 0.6}",TPESampler,COMPLETE
2329,0.41563770174980164,2025-04-26 12:05:52.739879,2025-04-26 12:06:01.579713,0 days 00:00:08.839834,1,54,336,135.0,65.0,67.0,4,104,0.04444106007800568,0.00818512367006716,0.6,/work3/arnaou/checkpoints/megnet_Pc_trial_2329_best_state.pt,"{'learning_rate': 0.00818512367006716, 'lr_reduce': 0.6}",TPESampler,COMPLETE
2330,0.09071782976388931,2025-04-26 12:05:56.000410,2025-04-26 12:06:23.629967,0 days 00:00:27.629557,1,42,77,244.0,173.0,,3,107,0.058655632797109766,0.009561689685771929,0.6,/work3/arnaou/checkpoints/megnet_Pc_trial_2330_best_state.pt,"{'learning_rate': 0.009561689685771929, 'lr_reduce': 0.6}",TPESampler,COMPLETE
2331,0.14357778429985046,2025-04-26 12:06:01.809223,2025-04-26 12:06:35.397243,0 days 00:00:33.588020,2,63,296,441.0,143.0,,3,107,0.013549856513250521,0.007691922895389787,0.6,/work3/arnaou/checkpoints/megnet_Pc_trial_2331_best_state.pt,"{'learning_rate': 0.007691922895389787, 'lr_reduce': 0.6}",TPESampler,COMPLETE
2332,0.12046972662210464,2025-04-26 12:06:17.373527,2025-04-26 12:06:35.484959,0 days 00:00:18.111432,1,58,158,351.0,,,2,107,0.08754069302223887,0.004132300566416887,0.6,/work3/arnaou/checkpoints/megnet_Pc_trial_2332_best_state.pt,"{'learning_rate': 0.004132300566416887, 'lr_reduce': 0.6}",TPESampler,COMPLETE
2333,0.12638312578201294,2025-04-26 12:06:23.865387,2025-04-26 12:06:59.822976,0 days 00:00:35.957589,2,71,368,,,,1,76,0.24245086111384556,0.0029060632431137713,0.6,/work3/arnaou/checkpoints/megnet_Pc_trial_2333_best_state.pt,"{'learning_rate': 0.0029060632431137713, 'lr_reduce': 0.6}",TPESampler,COMPLETE
2334,0.5119532942771912,2025-04-26 12:06:35.541776,2025-04-26 12:06:46.052418,0 days 00:00:10.510642,2,90,268,487.0,,,2,117,0.18688890870894542,0.004943667753113709,0.6,/work3/arnaou/checkpoints/megnet_Pc_trial_2334_best_state.pt,"{'learning_rate': 0.004943667753113709, 'lr_reduce': 0.6}",TPESampler,COMPLETE
2335,0.1870388686656952,2025-04-26 12:06:35.645716,2025-04-26 12:06:57.554148,0 days 00:00:21.908432,2,109,356,,,,1,128,0.20412033055266793,0.004126851596454415,0.6,/work3/arnaou/checkpoints/megnet_Pc_trial_2335_best_state.pt,"{'learning_rate': 0.004126851596454415, 'lr_reduce': 0.6}",TPESampler,COMPLETE
2336,0.16453169286251068,2025-04-26 12:06:46.296738,2025-04-26 12:07:12.390306,0 days 00:00:26.093568,1,52,257,399.0,250.0,,3,114,0.1236767557432346,0.009988365559398183,0.6,/work3/arnaou/checkpoints/megnet_Pc_trial_2336_best_state.pt,"{'learning_rate': 0.009988365559398183, 'lr_reduce': 0.6}",TPESampler,COMPLETE
2337,0.8869807720184326,2025-04-26 12:06:57.781761,2025-04-26 12:07:03.719190,0 days 00:00:05.937429,2,51,426,,,,1,58,0.2155540256166461,0.00010885634366626513,0.6,/work3/arnaou/checkpoints/megnet_Pc_trial_2337_best_state.pt,"{'learning_rate': 0.00010885634366626513, 'lr_reduce': 0.6}",TPESampler,COMPLETE
2338,0.14860178530216217,2025-04-26 12:07:00.064291,2025-04-26 12:07:36.813068,0 days 00:00:36.748777,1,85,89,275.0,217.0,,3,71,0.000974936246825063,0.0026711446306632567,0.6,/work3/arnaou/checkpoints/megnet_Pc_trial_2338_best_state.pt,"{'learning_rate': 0.0026711446306632567, 'lr_reduce': 0.6}",TPESampler,COMPLETE
2339,0.1770557463169098,2025-04-26 12:07:03.960485,2025-04-26 12:07:32.322857,0 days 00:00:28.362372,2,32,109,160.0,,,2,125,0.1054014839847692,0.008380579582066273,0.6,/work3/arnaou/checkpoints/megnet_Pc_trial_2339_best_state.pt,"{'learning_rate': 0.008380579582066273, 'lr_reduce': 0.6}",TPESampler,COMPLETE
2340,0.16848860681056976,2025-04-26 12:07:12.635384,2025-04-26 12:07:32.464532,0 days 00:00:19.829148,1,32,383,102.0,201.0,,3,109,0.21761447460748104,0.002276779177944073,0.6,/work3/arnaou/checkpoints/megnet_Pc_trial_2340_best_state.pt,"{'learning_rate': 0.002276779177944073, 'lr_reduce': 0.6}",TPESampler,COMPLETE
2341,0.18572209775447845,2025-04-26 12:07:32.520084,2025-04-26 12:08:08.902674,0 days 00:00:36.382590,2,128,291,512.0,,,2,110,0.18276687116359988,0.002485364236137557,0.6,/work3/arnaou/checkpoints/megnet_Pc_trial_2341_best_state.pt,"{'learning_rate': 0.002485364236137557, 'lr_reduce': 0.6}",TPESampler,COMPLETE
