number,value,datetime_start,datetime_complete,duration,params_depth,params_edge_hidden_dim,params_mlp_dim_00,params_mlp_dim_01,params_mlp_dim_02,params_mlp_dim_03,params_mlp_n_layers,params_node_hidden_dim,params_rep_dropout,params_train_learning_rate,params_train_lr_reduce,user_attrs_best_state_dict_path,user_attrs_training_params,system_attrs_auto:sampler,state
1034,0.2013828456401825,2025-04-26 09:15:19.864696,2025-04-26 09:15:56.934835,0 days 00:00:37.070139,2,77,248,368.0,312.0,242.0,4,80,0.012106479358848097,0.004425005034664608,0.6,/work3/arnaou/checkpoints/megnet_Pc_trial_1034_best_state.pt,"{'learning_rate': 0.004425005034664608, 'lr_reduce': 0.6}",TPESampler,COMPLETE
1035,0.11752837151288986,2025-04-26 09:15:30.195117,2025-04-26 09:16:04.998402,0 days 00:00:34.803285,1,74,205,340.0,331.0,329.0,4,95,0.012297245770587481,0.006765345934135246,0.6,/work3/arnaou/checkpoints/megnet_Pc_trial_1035_best_state.pt,"{'learning_rate': 0.006765345934135246, 'lr_reduce': 0.6}",TPESampler,COMPLETE
1036,0.19323772192001343,2025-04-26 09:15:30.233878,2025-04-26 09:15:57.520150,0 days 00:00:27.286272,2,55,105,296.0,334.0,368.0,4,109,0.009609131056265333,0.0018764728847651367,0.6,/work3/arnaou/checkpoints/megnet_Pc_trial_1036_best_state.pt,"{'learning_rate': 0.0018764728847651367, 'lr_reduce': 0.6}",TPESampler,COMPLETE
1037,0.886803388595581,2025-04-26 09:15:57.134105,2025-04-26 09:16:02.836942,0 days 00:00:05.702837,2,124,342,375.0,347.0,219.0,4,48,0.20604568977036958,0.00040922413291576826,0.6,/work3/arnaou/checkpoints/megnet_Pc_trial_1037_best_state.pt,"{'learning_rate': 0.00040922413291576826, 'lr_reduce': 0.6}",TPESampler,COMPLETE
1038,0.09752282500267029,2025-04-26 09:15:57.879354,2025-04-26 09:16:16.512726,0 days 00:00:18.633372,1,68,134,330.0,354.0,311.0,4,92,0.029011676940826618,0.002273386989470873,0.6,/work3/arnaou/checkpoints/megnet_Pc_trial_1038_best_state.pt,"{'learning_rate': 0.002273386989470873, 'lr_reduce': 0.6}",TPESampler,COMPLETE
1039,0.10306141525506973,2025-04-26 09:16:03.065917,2025-04-26 09:16:27.609046,0 days 00:00:24.543129,1,75,123,400.0,287.0,245.0,4,109,0.014950667423457777,0.0037912212052473135,0.6,/work3/arnaou/checkpoints/megnet_Pc_trial_1039_best_state.pt,"{'learning_rate': 0.0037912212052473135, 'lr_reduce': 0.6}",TPESampler,COMPLETE
1040,0.2652513086795807,2025-04-26 09:16:05.195892,2025-04-26 09:16:34.672423,0 days 00:00:29.476531,4,87,102,,,,1,105,0.12139474725525477,0.008117600530316382,0.6,/work3/arnaou/checkpoints/megnet_Pc_trial_1040_best_state.pt,"{'learning_rate': 0.008117600530316382, 'lr_reduce': 0.6}",TPESampler,COMPLETE
1041,0.17327404022216797,2025-04-26 09:16:16.742100,2025-04-26 09:16:44.319967,0 days 00:00:27.577867,2,40,102,,,,1,81,0.026384691201359417,0.0022800080232512434,0.6,/work3/arnaou/checkpoints/megnet_Pc_trial_1041_best_state.pt,"{'learning_rate': 0.0022800080232512434, 'lr_reduce': 0.6}",TPESampler,COMPLETE
1042,0.31955021619796753,2025-04-26 09:16:27.802183,2025-04-26 09:16:48.159608,0 days 00:00:20.357425,2,124,329,315.0,,,2,109,0.16525158782936147,0.005960098935445568,0.6,/work3/arnaou/checkpoints/megnet_Pc_trial_1042_best_state.pt,"{'learning_rate': 0.005960098935445568, 'lr_reduce': 0.6}",TPESampler,COMPLETE
1043,0.33935680985450745,2025-04-26 09:16:34.862209,2025-04-26 09:17:12.535234,0 days 00:00:37.673025,2,83,207,374.0,367.0,210.0,4,104,0.01738913818390044,0.005179820261600313,0.6,/work3/arnaou/checkpoints/megnet_Pc_trial_1043_best_state.pt,"{'learning_rate': 0.005179820261600313, 'lr_reduce': 0.6}",TPESampler,COMPLETE
1044,0.11742672324180603,2025-04-26 09:16:44.514112,2025-04-26 09:17:11.681610,0 days 00:00:27.167498,2,57,497,335.0,,,2,94,0.20854019024095788,0.009225215697708114,0.6,/work3/arnaou/checkpoints/megnet_Pc_trial_1044_best_state.pt,"{'learning_rate': 0.009225215697708114, 'lr_reduce': 0.6}",TPESampler,COMPLETE
1045,0.32695910334587097,2025-04-26 09:16:48.370866,2025-04-26 09:17:08.104002,0 days 00:00:19.733136,4,64,180,,,,1,62,0.024813132558396456,0.006053690642321948,0.6,/work3/arnaou/checkpoints/megnet_Pc_trial_1045_best_state.pt,"{'learning_rate': 0.006053690642321948, 'lr_reduce': 0.6}",TPESampler,COMPLETE
1046,0.8863969445228577,2025-04-26 09:17:08.298890,2025-04-26 09:17:13.592583,0 days 00:00:05.293693,2,65,309,,,,1,128,0.1180768048420407,0.0005484572448612256,0.6,/work3/arnaou/checkpoints/megnet_Pc_trial_1046_best_state.pt,"{'learning_rate': 0.0005484572448612256, 'lr_reduce': 0.6}",TPESampler,COMPLETE
1047,0.14037668704986572,2025-04-26 09:17:11.936523,2025-04-26 09:17:48.877281,0 days 00:00:36.940758,1,108,496,307.0,302.0,,3,64,0.08262634489624107,0.0006451104385902826,0.6,/work3/arnaou/checkpoints/megnet_Pc_trial_1047_best_state.pt,"{'learning_rate': 0.0006451104385902826, 'lr_reduce': 0.6}",TPESampler,COMPLETE
1048,0.8867335915565491,2025-04-26 09:17:12.732247,2025-04-26 09:17:17.977300,0 days 00:00:05.245053,4,33,200,384.0,385.0,297.0,4,68,0.10728920936494737,0.00090852058475803,0.6,/work3/arnaou/checkpoints/megnet_Pc_trial_1048_best_state.pt,"{'learning_rate': 0.00090852058475803, 'lr_reduce': 0.6}",TPESampler,COMPLETE
1049,0.3752259314060211,2025-04-26 09:17:13.787116,2025-04-26 09:17:23.598064,0 days 00:00:09.810948,2,38,476,301.0,,,2,99,0.14116268648621347,0.008609077006600482,0.6,/work3/arnaou/checkpoints/megnet_Pc_trial_1049_best_state.pt,"{'learning_rate': 0.008609077006600482, 'lr_reduce': 0.6}",TPESampler,COMPLETE
1050,0.07467489689588547,2025-04-26 09:17:18.173449,2025-04-26 09:17:47.635405,0 days 00:00:29.461956,1,52,221,392.0,,,2,101,0.08745735703832297,0.008490464645228693,0.6,/work3/arnaou/checkpoints/megnet_Pc_trial_1050_best_state.pt,"{'learning_rate': 0.008490464645228693, 'lr_reduce': 0.6}",TPESampler,COMPLETE
1051,0.4198091924190521,2025-04-26 09:17:23.803689,2025-04-26 09:17:33.453540,0 days 00:00:09.649851,1,68,203,315.0,388.0,,3,94,0.008724439596405469,0.007923452953513061,0.6,/work3/arnaou/checkpoints/megnet_Pc_trial_1051_best_state.pt,"{'learning_rate': 0.007923452953513061, 'lr_reduce': 0.6}",TPESampler,COMPLETE
1052,0.12676438689231873,2025-04-26 09:17:33.661637,2025-04-26 09:18:02.432403,0 days 00:00:28.770766,1,42,489,365.0,343.0,,3,91,0.20711736328619,0.00833980282953711,0.6,/work3/arnaou/checkpoints/megnet_Pc_trial_1052_best_state.pt,"{'learning_rate': 0.00833980282953711, 'lr_reduce': 0.6}",TPESampler,COMPLETE
1053,0.13211412727832794,2025-04-26 09:17:47.999585,2025-04-26 09:18:11.446506,0 days 00:00:23.446921,1,71,260,398.0,293.0,367.0,4,83,0.055674040702645325,0.0017360463765385657,0.6,/work3/arnaou/checkpoints/megnet_Pc_trial_1053_best_state.pt,"{'learning_rate': 0.0017360463765385657, 'lr_reduce': 0.6}",TPESampler,COMPLETE
1054,0.1719837337732315,2025-04-26 09:17:49.166888,2025-04-26 09:18:25.403324,0 days 00:00:36.236436,1,83,198,389.0,275.0,,3,78,0.019461957020577784,0.0039056043886247054,0.6,/work3/arnaou/checkpoints/megnet_Pc_trial_1054_best_state.pt,"{'learning_rate': 0.0039056043886247054, 'lr_reduce': 0.6}",TPESampler,COMPLETE
1055,0.1618223786354065,2025-04-26 09:18:02.629200,2025-04-26 09:18:16.103163,0 days 00:00:13.473963,1,59,188,380.0,340.0,173.0,4,74,0.0007711387276690181,0.0036678289839299476,0.6,/work3/arnaou/checkpoints/megnet_Pc_trial_1055_best_state.pt,"{'learning_rate': 0.0036678289839299476, 'lr_reduce': 0.6}",TPESampler,COMPLETE
1056,0.5092921257019043,2025-04-26 09:18:11.653122,2025-04-26 09:18:19.041726,0 days 00:00:07.388604,2,69,259,412.0,,,2,93,0.0789502653580825,0.007374099050620753,0.6,/work3/arnaou/checkpoints/megnet_Pc_trial_1056_best_state.pt,"{'learning_rate': 0.007374099050620753, 'lr_reduce': 0.6}",TPESampler,COMPLETE
1057,0.1280895173549652,2025-04-26 09:18:16.294218,2025-04-26 09:18:44.286295,0 days 00:00:27.992077,1,32,404,380.0,330.0,,3,103,0.16890753199467906,0.0017079732892975924,0.6,/work3/arnaou/checkpoints/megnet_Pc_trial_1057_best_state.pt,"{'learning_rate': 0.0017079732892975924, 'lr_reduce': 0.6}",TPESampler,COMPLETE
1058,0.11251070350408554,2025-04-26 09:18:19.223052,2025-04-26 09:18:51.935076,0 days 00:00:32.712024,1,52,236,,,,1,91,0.13758246360191653,0.0033558629074367232,0.6,/work3/arnaou/checkpoints/megnet_Pc_trial_1058_best_state.pt,"{'learning_rate': 0.0033558629074367232, 'lr_reduce': 0.6}",TPESampler,COMPLETE
1059,0.8870479464530945,2025-04-26 09:18:25.632429,2025-04-26 09:18:31.817589,0 days 00:00:06.185160,4,51,440,406.0,351.0,,3,119,0.15585332975850968,0.002754348643089414,0.6,/work3/arnaou/checkpoints/megnet_Pc_trial_1059_best_state.pt,"{'learning_rate': 0.002754348643089414, 'lr_reduce': 0.6}",TPESampler,COMPLETE
1060,0.8863502144813538,2025-04-26 09:18:31.996637,2025-04-26 09:18:39.035918,0 days 00:00:07.039281,4,86,156,353.0,379.0,269.0,4,102,0.2323991179208894,0.0002131172243052246,0.6,/work3/arnaou/checkpoints/megnet_Pc_trial_1060_best_state.pt,"{'learning_rate': 0.0002131172243052246, 'lr_reduce': 0.6}",TPESampler,COMPLETE
1061,0.13529545068740845,2025-04-26 09:18:39.255561,2025-04-26 09:19:06.308486,0 days 00:00:27.052925,1,47,231,413.0,,,2,107,0.07393454697659711,0.006155255783608803,0.6,/work3/arnaou/checkpoints/megnet_Pc_trial_1061_best_state.pt,"{'learning_rate': 0.006155255783608803, 'lr_reduce': 0.6}",TPESampler,COMPLETE
1062,0.10247670114040375,2025-04-26 09:18:44.479569,2025-04-26 09:19:18.503565,0 days 00:00:34.023996,1,46,159,355.0,266.0,199.0,4,104,0.032314616551623494,0.004934303791317928,0.6,/work3/arnaou/checkpoints/megnet_Pc_trial_1062_best_state.pt,"{'learning_rate': 0.004934303791317928, 'lr_reduce': 0.6}",TPESampler,COMPLETE
1063,0.3268241882324219,2025-04-26 09:18:52.149073,2025-04-26 09:19:03.067833,0 days 00:00:10.918760,1,75,289,446.0,,,2,104,0.07614351089464488,0.008310360804273251,0.6,/work3/arnaou/checkpoints/megnet_Pc_trial_1063_best_state.pt,"{'learning_rate': 0.008310360804273251, 'lr_reduce': 0.6}",TPESampler,COMPLETE
1064,0.12535913288593292,2025-04-26 09:19:03.271885,2025-04-26 09:19:36.330296,0 days 00:00:33.058411,1,57,170,409.0,383.0,330.0,4,89,0.00595044988227237,0.004305449212321055,0.6,/work3/arnaou/checkpoints/megnet_Pc_trial_1064_best_state.pt,"{'learning_rate': 0.004305449212321055, 'lr_reduce': 0.6}",TPESampler,COMPLETE
1065,0.13237836956977844,2025-04-26 09:19:06.516426,2025-04-26 09:19:20.967497,0 days 00:00:14.451071,1,51,72,,,,1,105,0.06554609756986565,0.004915196361551757,0.6,/work3/arnaou/checkpoints/megnet_Pc_trial_1065_best_state.pt,"{'learning_rate': 0.004915196361551757, 'lr_reduce': 0.6}",TPESampler,COMPLETE
1066,0.3816699683666229,2025-04-26 09:19:18.699197,2025-04-26 09:19:28.687116,0 days 00:00:09.987919,2,34,460,348.0,323.0,,3,95,0.18995291289597263,0.004238307854281514,0.6,/work3/arnaou/checkpoints/megnet_Pc_trial_1066_best_state.pt,"{'learning_rate': 0.004238307854281514, 'lr_reduce': 0.6}",TPESampler,COMPLETE
1067,0.10735976696014404,2025-04-26 09:19:21.167068,2025-04-26 09:19:53.050048,0 days 00:00:31.882980,1,70,259,389.0,390.0,399.0,4,104,0.0644258420381558,0.003783669400744344,0.6,/work3/arnaou/checkpoints/megnet_Pc_trial_1067_best_state.pt,"{'learning_rate': 0.003783669400744344, 'lr_reduce': 0.6}",TPESampler,COMPLETE
1068,0.8867342472076416,2025-04-26 09:19:28.875964,2025-04-26 09:19:34.900975,0 days 00:00:06.025011,4,84,479,442.0,282.0,144.0,4,78,0.060829993652444736,0.00048095202799969684,0.6,/work3/arnaou/checkpoints/megnet_Pc_trial_1068_best_state.pt,"{'learning_rate': 0.00048095202799969684, 'lr_reduce': 0.6}",TPESampler,COMPLETE
1069,0.1163591518998146,2025-04-26 09:19:35.100600,2025-04-26 09:19:50.441701,0 days 00:00:15.341101,1,51,510,311.0,,,2,87,0.17972262759407412,0.003754883029986792,0.6,/work3/arnaou/checkpoints/megnet_Pc_trial_1069_best_state.pt,"{'learning_rate': 0.003754883029986792, 'lr_reduce': 0.6}",TPESampler,COMPLETE
1070,0.2726993262767792,2025-04-26 09:19:36.547259,2025-04-26 09:19:47.439070,0 days 00:00:10.891811,1,48,157,419.0,,,2,124,0.10034468374620477,0.007515418519468632,0.6,/work3/arnaou/checkpoints/megnet_Pc_trial_1070_best_state.pt,"{'learning_rate': 0.007515418519468632, 'lr_reduce': 0.6}",TPESampler,COMPLETE
1071,0.15819409489631653,2025-04-26 09:19:47.628706,2025-04-26 09:20:10.799161,0 days 00:00:23.170455,2,45,183,295.0,377.0,,3,116,0.10008253994122555,0.0035114775889468516,0.6,/work3/arnaou/checkpoints/megnet_Pc_trial_1071_best_state.pt,"{'learning_rate': 0.0035114775889468516, 'lr_reduce': 0.6}",TPESampler,COMPLETE
1072,0.28498730063438416,2025-04-26 09:19:50.631673,2025-04-26 09:20:11.697882,0 days 00:00:21.066209,2,63,228,475.0,337.0,277.0,4,100,0.023238982329193428,0.001217462669276663,0.6,/work3/arnaou/checkpoints/megnet_Pc_trial_1072_best_state.pt,"{'learning_rate': 0.001217462669276663, 'lr_reduce': 0.6}",TPESampler,COMPLETE
1073,0.10996121168136597,2025-04-26 09:19:53.269070,2025-04-26 09:20:14.956143,0 days 00:00:21.687073,1,62,231,369.0,404.0,,3,104,0.11734709922305672,0.006160577147149356,0.6,/work3/arnaou/checkpoints/megnet_Pc_trial_1073_best_state.pt,"{'learning_rate': 0.006160577147149356, 'lr_reduce': 0.6}",TPESampler,COMPLETE
1074,0.16580909490585327,2025-04-26 09:20:11.019975,2025-04-26 09:20:23.467280,0 days 00:00:12.447305,1,32,361,330.0,348.0,,3,110,0.07654056208486451,0.007531363660904751,0.6,/work3/arnaou/checkpoints/megnet_Pc_trial_1074_best_state.pt,"{'learning_rate': 0.007531363660904751, 'lr_reduce': 0.6}",TPESampler,COMPLETE
1075,0.8869226574897766,2025-04-26 09:20:11.919364,2025-04-26 09:20:18.242665,0 days 00:00:06.323301,4,66,373,434.0,403.0,224.0,4,32,0.020631033939811,0.0036457251855230898,0.6,/work3/arnaou/checkpoints/megnet_Pc_trial_1075_best_state.pt,"{'learning_rate': 0.0036457251855230898, 'lr_reduce': 0.6}",TPESampler,COMPLETE
1076,0.10146232694387436,2025-04-26 09:20:15.159728,2025-04-26 09:20:45.894646,0 days 00:00:30.734918,1,43,484,281.0,265.0,,3,102,0.20534122306144428,0.002845271174850623,0.6,/work3/arnaou/checkpoints/megnet_Pc_trial_1076_best_state.pt,"{'learning_rate': 0.002845271174850623, 'lr_reduce': 0.6}",TPESampler,COMPLETE
1077,0.07808160036802292,2025-04-26 09:20:18.453521,2025-04-26 09:20:45.842545,0 days 00:00:27.389024,1,33,408,383.0,348.0,,3,78,0.22536702686784227,0.007277890931994726,0.6,/work3/arnaou/checkpoints/megnet_Pc_trial_1077_best_state.pt,"{'learning_rate': 0.007277890931994726, 'lr_reduce': 0.6}",TPESampler,COMPLETE
1078,0.09575290977954865,2025-04-26 09:20:23.699273,2025-04-26 09:20:51.797404,0 days 00:00:28.098131,1,55,269,280.0,,,2,108,0.1250259516005377,0.008541008393371564,0.6,/work3/arnaou/checkpoints/megnet_Pc_trial_1078_best_state.pt,"{'learning_rate': 0.008541008393371564, 'lr_reduce': 0.6}",TPESampler,COMPLETE
1079,0.08642582595348358,2025-04-26 09:20:46.017776,2025-04-26 09:21:15.975244,0 days 00:00:29.957468,1,34,446,372.0,316.0,,3,74,0.22848363783468695,0.009138509522524733,0.6,/work3/arnaou/checkpoints/megnet_Pc_trial_1079_best_state.pt,"{'learning_rate': 0.009138509522524733, 'lr_reduce': 0.6}",TPESampler,COMPLETE
1080,0.0973859429359436,2025-04-26 09:20:46.069606,2025-04-26 09:21:21.433743,0 days 00:00:35.364137,1,78,255,362.0,307.0,139.0,4,66,0.0182896806096401,0.009741245318818354,0.6,/work3/arnaou/checkpoints/megnet_Pc_trial_1080_best_state.pt,"{'learning_rate': 0.009741245318818354, 'lr_reduce': 0.6}",TPESampler,COMPLETE
1081,0.14680132269859314,2025-04-26 09:20:51.997144,2025-04-26 09:21:04.313524,0 days 00:00:12.316380,1,57,208,,,,1,80,0.049049801644231984,0.005440169045510354,0.6,/work3/arnaou/checkpoints/megnet_Pc_trial_1081_best_state.pt,"{'learning_rate': 0.005440169045510354, 'lr_reduce': 0.6}",TPESampler,COMPLETE
1082,0.15979649126529694,2025-04-26 09:21:04.519183,2025-04-26 09:21:24.204834,0 days 00:00:19.685651,1,35,408,356.0,340.0,,3,63,0.23602592258450278,0.008867028663039626,0.6,/work3/arnaou/checkpoints/megnet_Pc_trial_1082_best_state.pt,"{'learning_rate': 0.008867028663039626, 'lr_reduce': 0.6}",TPESampler,COMPLETE
1083,0.11584021896123886,2025-04-26 09:21:16.176121,2025-04-26 09:21:49.085095,0 days 00:00:32.908974,1,52,96,364.0,356.0,322.0,4,38,0.006326785352181119,0.005470400558467289,0.6,/work3/arnaou/checkpoints/megnet_Pc_trial_1083_best_state.pt,"{'learning_rate': 0.005470400558467289, 'lr_reduce': 0.6}",TPESampler,COMPLETE
1084,0.2959091365337372,2025-04-26 09:21:21.674919,2025-04-26 09:21:29.591145,0 days 00:00:07.916226,1,60,195,392.0,,,2,77,0.07562004167364697,0.005747803746745084,0.6,/work3/arnaou/checkpoints/megnet_Pc_trial_1084_best_state.pt,"{'learning_rate': 0.005747803746745084, 'lr_reduce': 0.6}",TPESampler,COMPLETE
1085,0.1524079591035843,2025-04-26 09:21:24.401312,2025-04-26 09:21:43.722751,0 days 00:00:19.321439,1,41,511,337.0,,,2,106,0.19759150840191847,0.007927038006872202,0.6,/work3/arnaou/checkpoints/megnet_Pc_trial_1085_best_state.pt,"{'learning_rate': 0.007927038006872202, 'lr_reduce': 0.6}",TPESampler,COMPLETE
1086,0.1368768960237503,2025-04-26 09:21:29.776278,2025-04-26 09:21:46.008337,0 days 00:00:16.232059,1,72,232,343.0,306.0,404.0,4,85,0.0034853234970422925,0.004330539525377362,0.6,/work3/arnaou/checkpoints/megnet_Pc_trial_1086_best_state.pt,"{'learning_rate': 0.004330539525377362, 'lr_reduce': 0.6}",TPESampler,COMPLETE
1087,0.15323270857334137,2025-04-26 09:21:43.959868,2025-04-26 09:22:20.477988,0 days 00:00:36.518120,1,74,262,392.0,,,2,33,0.07109246367106065,0.00042232141215539073,0.6,/work3/arnaou/checkpoints/megnet_Pc_trial_1087_best_state.pt,"{'learning_rate': 0.00042232141215539073, 'lr_reduce': 0.6}",TPESampler,COMPLETE
1088,0.11369927227497101,2025-04-26 09:21:46.211461,2025-04-26 09:22:10.152699,0 days 00:00:23.941238,1,60,135,390.0,,,2,101,0.08591461316530241,0.009515055895178134,0.6,/work3/arnaou/checkpoints/megnet_Pc_trial_1088_best_state.pt,"{'learning_rate': 0.009515055895178134, 'lr_reduce': 0.6}",TPESampler,COMPLETE
1089,0.08975838869810104,2025-04-26 09:21:49.301790,2025-04-26 09:22:22.006447,0 days 00:00:32.704657,1,61,507,326.0,,,2,116,0.22240141446546052,0.0027000987703045118,0.6,/work3/arnaou/checkpoints/megnet_Pc_trial_1089_best_state.pt,"{'learning_rate': 0.0027000987703045118, 'lr_reduce': 0.6}",TPESampler,COMPLETE
1090,0.1329774111509323,2025-04-26 09:22:10.369850,2025-04-26 09:22:33.913383,0 days 00:00:23.543533,1,41,467,296.0,,,2,70,0.2281656157870075,0.0037040964362918785,0.6,/work3/arnaou/checkpoints/megnet_Pc_trial_1090_best_state.pt,"{'learning_rate': 0.0037040964362918785, 'lr_reduce': 0.6}",TPESampler,COMPLETE
1091,0.8873237371444702,2025-04-26 09:22:20.824187,2025-04-26 09:22:26.115660,0 days 00:00:05.291473,4,33,469,,,,1,61,0.2209039569325417,0.00017913560736075145,0.6,/work3/arnaou/checkpoints/megnet_Pc_trial_1091_best_state.pt,"{'learning_rate': 0.00017913560736075145, 'lr_reduce': 0.6}",TPESampler,COMPLETE
1092,0.13148614764213562,2025-04-26 09:22:22.207464,2025-04-26 09:22:35.502188,0 days 00:00:13.294724,1,38,450,368.0,338.0,,3,102,0.24063243193296807,0.005833903758868684,0.6,/work3/arnaou/checkpoints/megnet_Pc_trial_1092_best_state.pt,"{'learning_rate': 0.005833903758868684, 'lr_reduce': 0.6}",TPESampler,COMPLETE
1093,0.0905049592256546,2025-04-26 09:22:26.310319,2025-04-26 09:23:00.624532,0 days 00:00:34.314213,1,32,493,,,,1,113,0.19077383415439297,0.0030568591196463535,0.6,/work3/arnaou/checkpoints/megnet_Pc_trial_1093_best_state.pt,"{'learning_rate': 0.0030568591196463535, 'lr_reduce': 0.6}",TPESampler,COMPLETE
1094,0.7799237966537476,2025-04-26 09:22:34.113151,2025-04-26 09:22:40.720021,0 days 00:00:06.606870,2,69,267,286.0,,,2,57,0.17252945156244961,0.008894391492492305,0.6,/work3/arnaou/checkpoints/megnet_Pc_trial_1094_best_state.pt,"{'learning_rate': 0.008894391492492305, 'lr_reduce': 0.6}",TPESampler,COMPLETE
1095,0.1627461463212967,2025-04-26 09:22:35.698358,2025-04-26 09:23:00.620395,0 days 00:00:24.922037,1,76,329,396.0,366.0,,3,98,0.11102780536579644,0.007093386351186905,0.6,/work3/arnaou/checkpoints/megnet_Pc_trial_1095_best_state.pt,"{'learning_rate': 0.007093386351186905, 'lr_reduce': 0.6}",TPESampler,COMPLETE
1096,0.14291730523109436,2025-04-26 09:22:41.308746,2025-04-26 09:23:18.924802,0 days 00:00:37.616056,1,35,376,328.0,388.0,,3,72,0.24363367203911793,0.0030156103245276393,0.6,/work3/arnaou/checkpoints/megnet_Pc_trial_1096_best_state.pt,"{'learning_rate': 0.0030156103245276393, 'lr_reduce': 0.6}",TPESampler,COMPLETE
1097,0.20717748999595642,2025-04-26 09:23:00.768665,2025-04-26 09:23:13.621269,0 days 00:00:12.852604,1,48,408,262.0,307.0,,3,82,0.2178189028455208,0.006815036380454339,0.6,/work3/arnaou/checkpoints/megnet_Pc_trial_1097_best_state.pt,"{'learning_rate': 0.006815036380454339, 'lr_reduce': 0.6}",TPESampler,COMPLETE
1098,0.0964198186993599,2025-04-26 09:23:00.805155,2025-04-26 09:23:24.844442,0 days 00:00:24.039287,1,34,353,267.0,289.0,,3,102,0.2118115615944473,0.007536486428389094,0.6,/work3/arnaou/checkpoints/megnet_Pc_trial_1098_best_state.pt,"{'learning_rate': 0.007536486428389094, 'lr_reduce': 0.6}",TPESampler,COMPLETE
1099,0.111949123442173,2025-04-26 09:23:13.823760,2025-04-26 09:23:38.534834,0 days 00:00:24.711074,2,36,483,,,,1,87,0.1456329741569236,0.007585960154548809,0.6,/work3/arnaou/checkpoints/megnet_Pc_trial_1099_best_state.pt,"{'learning_rate': 0.007585960154548809, 'lr_reduce': 0.6}",TPESampler,COMPLETE
1100,0.0895017459988594,2025-04-26 09:23:19.126388,2025-04-26 09:23:46.683537,0 days 00:00:27.557149,1,32,338,396.0,359.0,,3,127,0.16916392974796624,0.005920094855068516,0.6,/work3/arnaou/checkpoints/megnet_Pc_trial_1100_best_state.pt,"{'learning_rate': 0.005920094855068516, 'lr_reduce': 0.6}",TPESampler,COMPLETE
1101,0.13223959505558014,2025-04-26 09:23:25.038729,2025-04-26 09:23:58.653806,0 days 00:00:33.615077,1,50,242,,,,1,65,0.154227099009091,0.009974827255277964,0.6,/work3/arnaou/checkpoints/megnet_Pc_trial_1101_best_state.pt,"{'learning_rate': 0.009974827255277964, 'lr_reduce': 0.6}",TPESampler,COMPLETE
