number,value,datetime_start,datetime_complete,duration,params_depth,params_edge_hidden_dim,params_mlp_dim_00,params_mlp_dim_01,params_mlp_dim_02,params_mlp_dim_03,params_mlp_n_layers,params_node_hidden_dim,params_rep_dropout,params_train_learning_rate,params_train_lr_reduce,user_attrs_best_state_dict_path,user_attrs_training_params,system_attrs_auto:sampler,state
1308,0.14158086478710175,2025-04-26 09:50:06.586928,2025-04-26 09:50:37.711361,0 days 00:00:31.124433,1,39,421,411.0,275.0,,3,74,0.18958291546860723,0.0027557050281556304,0.6,/work3/arnaou/checkpoints/megnet_Pc_trial_1308_best_state.pt,"{'learning_rate': 0.0027557050281556304, 'lr_reduce': 0.6}",TPESampler,COMPLETE
1309,0.10632733255624771,2025-04-26 09:50:15.940749,2025-04-26 09:50:35.353344,0 days 00:00:19.412595,1,33,447,408.0,,,2,76,0.22193501693207676,0.009278256846555002,0.6,/work3/arnaou/checkpoints/megnet_Pc_trial_1309_best_state.pt,"{'learning_rate': 0.009278256846555002, 'lr_reduce': 0.6}",TPESampler,COMPLETE
1310,0.09676960855722427,2025-04-26 09:50:35.560169,2025-04-26 09:51:09.284972,0 days 00:00:33.724803,1,38,400,362.0,304.0,,3,82,0.1622027958453955,0.009399546948953843,0.6,/work3/arnaou/checkpoints/megnet_Pc_trial_1310_best_state.pt,"{'learning_rate': 0.009399546948953843, 'lr_reduce': 0.6}",TPESampler,COMPLETE
1311,0.12372872978448868,2025-04-26 09:50:37.943941,2025-04-26 09:51:03.467451,0 days 00:00:25.523510,1,50,171,452.0,,,2,112,0.05993941104374999,0.0047371210271798725,0.6,/work3/arnaou/checkpoints/megnet_Pc_trial_1311_best_state.pt,"{'learning_rate': 0.0047371210271798725, 'lr_reduce': 0.6}",TPESampler,COMPLETE
1312,0.8867403268814087,2025-04-26 09:50:49.221294,2025-04-26 09:50:56.640293,0 days 00:00:07.418999,4,96,342,365.0,212.0,,3,61,0.19335052852332224,0.00012696921039523533,0.6,/work3/arnaou/checkpoints/megnet_Pc_trial_1312_best_state.pt,"{'learning_rate': 0.00012696921039523533, 'lr_reduce': 0.6}",TPESampler,COMPLETE
1313,0.10194496065378189,2025-04-26 09:50:56.837940,2025-04-26 09:51:25.196573,0 days 00:00:28.358633,1,34,455,427.0,313.0,,3,84,0.2036491091906092,0.006876968805242461,0.6,/work3/arnaou/checkpoints/megnet_Pc_trial_1313_best_state.pt,"{'learning_rate': 0.006876968805242461, 'lr_reduce': 0.6}",TPESampler,COMPLETE
1314,0.5333273410797119,2025-04-26 09:51:03.681441,2025-04-26 09:51:13.040859,0 days 00:00:09.359418,2,62,377,343.0,254.0,,3,98,0.10488712153051745,0.009479676528220718,0.6,/work3/arnaou/checkpoints/megnet_Pc_trial_1314_best_state.pt,"{'learning_rate': 0.009479676528220718, 'lr_reduce': 0.6}",TPESampler,COMPLETE
1315,0.15113979578018188,2025-04-26 09:51:09.509851,2025-04-26 09:51:36.119151,0 days 00:00:26.609300,1,50,331,481.0,325.0,,3,63,0.1713739074760968,0.0038648115430647903,0.6,/work3/arnaou/checkpoints/megnet_Pc_trial_1315_best_state.pt,"{'learning_rate': 0.0038648115430647903, 'lr_reduce': 0.6}",TPESampler,COMPLETE
1316,0.8867505788803101,2025-04-26 09:51:13.264881,2025-04-26 09:51:17.363278,0 days 00:00:04.098397,2,71,186,,,,1,93,0.2314575714533916,0.0020103689564743964,0.6,/work3/arnaou/checkpoints/megnet_Pc_trial_1316_best_state.pt,"{'learning_rate': 0.0020103689564743964, 'lr_reduce': 0.6}",TPESampler,COMPLETE
1317,0.12408814579248428,2025-04-26 09:51:17.565515,2025-04-26 09:51:33.971357,0 days 00:00:16.405842,1,57,453,398.0,322.0,,3,91,0.2016317587374881,0.0033926697251659595,0.6,/work3/arnaou/checkpoints/megnet_Pc_trial_1317_best_state.pt,"{'learning_rate': 0.0033926697251659595, 'lr_reduce': 0.6}",TPESampler,COMPLETE
1318,0.11570890992879868,2025-04-26 09:51:25.423094,2025-04-26 09:51:56.708375,0 days 00:00:31.285281,1,35,262,337.0,252.0,,3,90,0.1705129888955178,0.00970954347017156,0.6,/work3/arnaou/checkpoints/megnet_Pc_trial_1318_best_state.pt,"{'learning_rate': 0.00970954347017156, 'lr_reduce': 0.6}",TPESampler,COMPLETE
1319,0.17025801539421082,2025-04-26 09:51:34.206495,2025-04-26 09:51:51.874293,0 days 00:00:17.667798,1,45,315,434.0,320.0,,3,94,0.1869658638128821,0.009159356166045407,0.6,/work3/arnaou/checkpoints/megnet_Pc_trial_1319_best_state.pt,"{'learning_rate': 0.009159356166045407, 'lr_reduce': 0.6}",TPESampler,COMPLETE
1320,0.16031964123249054,2025-04-26 09:51:36.338128,2025-04-26 09:52:02.148073,0 days 00:00:25.809945,1,47,315,382.0,326.0,,3,81,0.21086218932113396,0.00803483233182698,0.6,/work3/arnaou/checkpoints/megnet_Pc_trial_1320_best_state.pt,"{'learning_rate': 0.00803483233182698, 'lr_reduce': 0.6}",TPESampler,COMPLETE
1321,0.15247955918312073,2025-04-26 09:51:52.098279,2025-04-26 09:52:19.852380,0 days 00:00:27.754101,2,42,511,,,,1,59,0.24014076486136682,0.0022604460648179077,0.6,/work3/arnaou/checkpoints/megnet_Pc_trial_1321_best_state.pt,"{'learning_rate': 0.0022604460648179077, 'lr_reduce': 0.6}",TPESampler,COMPLETE
1322,0.1236545518040657,2025-04-26 09:51:56.935256,2025-04-26 09:52:27.419660,0 days 00:00:30.484404,1,36,391,317.0,264.0,,3,86,0.18043413744619757,0.002396763682886408,0.6,/work3/arnaou/checkpoints/megnet_Pc_trial_1322_best_state.pt,"{'learning_rate': 0.002396763682886408, 'lr_reduce': 0.6}",TPESampler,COMPLETE
1323,0.15894027054309845,2025-04-26 09:52:02.369264,2025-04-26 09:52:24.258227,0 days 00:00:21.888963,2,61,227,,,,1,128,0.22562130964931887,0.009247868547238063,0.6,/work3/arnaou/checkpoints/megnet_Pc_trial_1323_best_state.pt,"{'learning_rate': 0.009247868547238063, 'lr_reduce': 0.6}",TPESampler,COMPLETE
1324,0.12587445974349976,2025-04-26 09:52:20.062579,2025-04-26 09:52:36.421657,0 days 00:00:16.359078,1,51,451,384.0,336.0,254.0,4,125,0.17178455557014174,0.005215079021855708,0.6,/work3/arnaou/checkpoints/megnet_Pc_trial_1324_best_state.pt,"{'learning_rate': 0.005215079021855708, 'lr_reduce': 0.6}",TPESampler,COMPLETE
1325,0.1365126371383667,2025-04-26 09:52:24.467163,2025-04-26 09:52:56.918966,0 days 00:00:32.451803,3,120,214,433.0,210.0,175.0,4,56,0.20819994514698267,0.004638587259269207,0.6,/work3/arnaou/checkpoints/megnet_Pc_trial_1325_best_state.pt,"{'learning_rate': 0.004638587259269207, 'lr_reduce': 0.6}",TPESampler,COMPLETE
1326,0.19488130509853363,2025-04-26 09:52:27.622047,2025-04-26 09:52:46.849176,0 days 00:00:19.227129,1,58,242,,,,1,94,0.22621594721262347,0.004143164340672414,0.6,/work3/arnaou/checkpoints/megnet_Pc_trial_1326_best_state.pt,"{'learning_rate': 0.004143164340672414, 'lr_reduce': 0.6}",TPESampler,COMPLETE
1327,0.09230370074510574,2025-04-26 09:52:36.619735,2025-04-26 09:53:05.788718,0 days 00:00:29.168983,1,106,305,483.0,,,2,113,0.21380978797030464,0.004214787563897407,0.6,/work3/arnaou/checkpoints/megnet_Pc_trial_1327_best_state.pt,"{'learning_rate': 0.004214787563897407, 'lr_reduce': 0.6}",TPESampler,COMPLETE
1328,0.42094162106513977,2025-04-26 09:52:47.124042,2025-04-26 09:53:13.222250,0 days 00:00:26.098208,3,33,475,,,,1,93,0.20529286264431323,0.009494437825330921,0.6,/work3/arnaou/checkpoints/megnet_Pc_trial_1328_best_state.pt,"{'learning_rate': 0.009494437825330921, 'lr_reduce': 0.6}",TPESampler,COMPLETE
1329,0.1260477900505066,2025-04-26 09:52:57.154866,2025-04-26 09:53:18.241419,0 days 00:00:21.086553,1,33,502,362.0,272.0,,3,93,0.17423759925122206,0.003050501469909098,0.6,/work3/arnaou/checkpoints/megnet_Pc_trial_1329_best_state.pt,"{'learning_rate': 0.003050501469909098, 'lr_reduce': 0.6}",TPESampler,COMPLETE
1330,0.43997320532798767,2025-04-26 09:53:05.993157,2025-04-26 09:53:19.816122,0 days 00:00:13.822965,1,101,228,329.0,339.0,283.0,4,117,0.004638073394073614,0.004767236367459511,0.6,/work3/arnaou/checkpoints/megnet_Pc_trial_1330_best_state.pt,"{'learning_rate': 0.004767236367459511, 'lr_reduce': 0.6}",TPESampler,COMPLETE
1331,0.14416860044002533,2025-04-26 09:53:13.434645,2025-04-26 09:53:45.218094,0 days 00:00:31.783449,2,122,445,,,,1,94,0.19808495044837474,0.002400282223404507,0.6,/work3/arnaou/checkpoints/megnet_Pc_trial_1331_best_state.pt,"{'learning_rate': 0.002400282223404507, 'lr_reduce': 0.6}",TPESampler,COMPLETE
1332,0.42975983023643494,2025-04-26 09:53:18.459382,2025-04-26 09:53:26.645330,0 days 00:00:08.185948,2,61,181,405.0,,,2,109,0.0625771651413128,0.009865514587496007,0.6,/work3/arnaou/checkpoints/megnet_Pc_trial_1332_best_state.pt,"{'learning_rate': 0.009865514587496007, 'lr_reduce': 0.6}",TPESampler,COMPLETE
1333,0.12479740381240845,2025-04-26 09:53:20.050357,2025-04-26 09:53:47.693605,0 days 00:00:27.643248,1,61,489,439.0,,,2,63,0.17410789366721738,0.004186717826377974,0.6,/work3/arnaou/checkpoints/megnet_Pc_trial_1333_best_state.pt,"{'learning_rate': 0.004186717826377974, 'lr_reduce': 0.6}",TPESampler,COMPLETE
1334,0.1121625229716301,2025-04-26 09:53:26.860182,2025-04-26 09:54:02.395082,0 days 00:00:35.534900,2,37,370,374.0,349.0,,3,84,0.15696178874849903,0.006715590342547782,0.6,/work3/arnaou/checkpoints/megnet_Pc_trial_1334_best_state.pt,"{'learning_rate': 0.006715590342547782, 'lr_reduce': 0.6}",TPESampler,COMPLETE
1335,0.15064607560634613,2025-04-26 09:53:45.435484,2025-04-26 09:54:04.551471,0 days 00:00:19.115987,1,49,428,310.0,378.0,,3,119,0.044694863019467394,0.001874173430164943,0.6,/work3/arnaou/checkpoints/megnet_Pc_trial_1335_best_state.pt,"{'learning_rate': 0.001874173430164943, 'lr_reduce': 0.6}",TPESampler,COMPLETE
1336,0.16222353279590607,2025-04-26 09:53:47.922016,2025-04-26 09:54:03.503464,0 days 00:00:15.581448,1,32,359,413.0,300.0,459.0,4,125,0.21932921508702813,0.0049333747428218395,0.6,/work3/arnaou/checkpoints/megnet_Pc_trial_1336_best_state.pt,"{'learning_rate': 0.0049333747428218395, 'lr_reduce': 0.6}",TPESampler,COMPLETE
1337,0.1351863145828247,2025-04-26 09:54:02.628160,2025-04-26 09:54:28.545861,0 days 00:00:25.917701,1,76,215,297.0,,,2,100,0.19940804650234575,0.004693915259886608,0.6,/work3/arnaou/checkpoints/megnet_Pc_trial_1337_best_state.pt,"{'learning_rate': 0.004693915259886608, 'lr_reduce': 0.6}",TPESampler,COMPLETE
1338,0.11657261103391647,2025-04-26 09:54:03.715814,2025-04-26 09:54:33.253965,0 days 00:00:29.538151,1,49,410,363.0,,,2,77,0.18898351950277265,0.009402101633280436,0.6,/work3/arnaou/checkpoints/megnet_Pc_trial_1338_best_state.pt,"{'learning_rate': 0.009402101633280436, 'lr_reduce': 0.6}",TPESampler,COMPLETE
1339,0.12778766453266144,2025-04-26 09:54:04.806709,2025-04-26 09:54:42.451886,0 days 00:00:37.645177,1,34,355,452.0,,,2,88,0.15708018269958446,0.0028864685995284526,0.6,/work3/arnaou/checkpoints/megnet_Pc_trial_1339_best_state.pt,"{'learning_rate': 0.0028864685995284526, 'lr_reduce': 0.6}",TPESampler,COMPLETE
1340,0.131363645195961,2025-04-26 09:54:28.770092,2025-04-26 09:54:59.130029,0 days 00:00:30.359937,1,37,310,402.0,276.0,,3,64,0.1837704051197566,0.005961747577659903,0.6,/work3/arnaou/checkpoints/megnet_Pc_trial_1340_best_state.pt,"{'learning_rate': 0.005961747577659903, 'lr_reduce': 0.6}",TPESampler,COMPLETE
1341,0.18568161129951477,2025-04-26 09:54:33.460258,2025-04-26 09:54:57.088811,0 days 00:00:23.628553,2,107,422,303.0,,,2,116,0.2141326231780993,0.0018314522761699705,0.6,/work3/arnaou/checkpoints/megnet_Pc_trial_1341_best_state.pt,"{'learning_rate': 0.0018314522761699705, 'lr_reduce': 0.6}",TPESampler,COMPLETE
1342,0.09467773884534836,2025-04-26 09:54:42.675409,2025-04-26 09:55:02.339852,0 days 00:00:19.664443,1,48,432,353.0,371.0,215.0,4,103,0.166066424801666,0.0063820083249619824,0.6,/work3/arnaou/checkpoints/megnet_Pc_trial_1342_best_state.pt,"{'learning_rate': 0.0063820083249619824, 'lr_reduce': 0.6}",TPESampler,COMPLETE
1343,0.09655565768480301,2025-04-26 09:54:57.289601,2025-04-26 09:55:22.341951,0 days 00:00:25.052350,1,56,183,495.0,,,2,125,0.0705111962285519,0.00947085410585571,0.6,/work3/arnaou/checkpoints/megnet_Pc_trial_1343_best_state.pt,"{'learning_rate': 0.00947085410585571, 'lr_reduce': 0.6}",TPESampler,COMPLETE
1344,0.16819404065608978,2025-04-26 09:54:59.336671,2025-04-26 09:55:14.651642,0 days 00:00:15.314971,1,90,169,422.0,200.0,406.0,4,68,0.09040490313713051,0.0017274046410143571,0.6,/work3/arnaou/checkpoints/megnet_Pc_trial_1344_best_state.pt,"{'learning_rate': 0.0017274046410143571, 'lr_reduce': 0.6}",TPESampler,COMPLETE
1345,0.8872675895690918,2025-04-26 09:55:02.551343,2025-04-26 09:55:10.553720,0 days 00:00:08.002377,4,114,495,386.0,326.0,,3,121,0.20814534313765776,0.008624205052974118,0.6,/work3/arnaou/checkpoints/megnet_Pc_trial_1345_best_state.pt,"{'learning_rate': 0.008624205052974118, 'lr_reduce': 0.6}",TPESampler,COMPLETE
1346,0.19840872287750244,2025-04-26 09:55:10.746721,2025-04-26 09:55:29.188696,0 days 00:00:18.441975,2,63,360,295.0,432.0,,3,128,0.05223357937239708,0.009104532381034432,0.6,/work3/arnaou/checkpoints/megnet_Pc_trial_1346_best_state.pt,"{'learning_rate': 0.009104532381034432, 'lr_reduce': 0.6}",TPESampler,COMPLETE
1347,0.12194114178419113,2025-04-26 09:55:14.866095,2025-04-26 09:55:43.960153,0 days 00:00:29.094058,1,37,300,454.0,388.0,,3,111,0.21491522381216824,0.0034850547492333373,0.6,/work3/arnaou/checkpoints/megnet_Pc_trial_1347_best_state.pt,"{'learning_rate': 0.0034850547492333373, 'lr_reduce': 0.6}",TPESampler,COMPLETE
1348,0.1203228160738945,2025-04-26 09:55:22.550673,2025-04-26 09:55:57.952258,0 days 00:00:35.401585,2,32,505,,,,1,65,0.05361772517615568,0.00928285887174406,0.6,/work3/arnaou/checkpoints/megnet_Pc_trial_1348_best_state.pt,"{'learning_rate': 0.00928285887174406, 'lr_reduce': 0.6}",TPESampler,COMPLETE
1349,0.8860852122306824,2025-04-26 09:55:29.404856,2025-04-26 09:55:34.202600,0 days 00:00:04.797744,4,69,287,338.0,,,2,112,0.007628293622783777,0.0010057182748979614,0.6,/work3/arnaou/checkpoints/megnet_Pc_trial_1349_best_state.pt,"{'learning_rate': 0.0010057182748979614, 'lr_reduce': 0.6}",TPESampler,COMPLETE
1350,0.16630986332893372,2025-04-26 09:55:34.419366,2025-04-26 09:55:53.549374,0 days 00:00:19.130008,2,48,400,,,,1,96,0.21755524534247275,0.0016635364465759001,0.6,/work3/arnaou/checkpoints/megnet_Pc_trial_1350_best_state.pt,"{'learning_rate': 0.0016635364465759001, 'lr_reduce': 0.6}",TPESampler,COMPLETE
1351,0.1296664923429489,2025-04-26 09:55:44.382356,2025-04-26 09:56:12.231626,0 days 00:00:27.849270,1,39,385,388.0,331.0,,3,118,0.22402242114426396,0.002988173676370524,0.6,/work3/arnaou/checkpoints/megnet_Pc_trial_1351_best_state.pt,"{'learning_rate': 0.002988173676370524, 'lr_reduce': 0.6}",TPESampler,COMPLETE
1352,0.1225421354174614,2025-04-26 09:55:53.768356,2025-04-26 09:56:23.168277,0 days 00:00:29.399921,1,52,425,340.0,270.0,,3,111,0.1797268653939796,0.004046223658745851,0.6,/work3/arnaou/checkpoints/megnet_Pc_trial_1352_best_state.pt,"{'learning_rate': 0.004046223658745851, 'lr_reduce': 0.6}",TPESampler,COMPLETE
1353,0.14315614104270935,2025-04-26 09:55:58.163058,2025-04-26 09:56:20.860807,0 days 00:00:22.697749,1,33,503,282.0,424.0,,3,101,0.17843380082915672,0.0062116554576394116,0.6,/work3/arnaou/checkpoints/megnet_Pc_trial_1353_best_state.pt,"{'learning_rate': 0.0062116554576394116, 'lr_reduce': 0.6}",TPESampler,COMPLETE
1354,0.14646944403648376,2025-04-26 09:56:12.451594,2025-04-26 09:56:25.113360,0 days 00:00:12.661766,1,35,394,427.0,,,2,89,0.2330621819579201,0.007533653031712389,0.6,/work3/arnaou/checkpoints/megnet_Pc_trial_1354_best_state.pt,"{'learning_rate': 0.007533653031712389, 'lr_reduce': 0.6}",TPESampler,COMPLETE
1355,0.11728218197822571,2025-04-26 09:56:21.085289,2025-04-26 09:56:49.701990,0 days 00:00:28.616701,1,102,147,,,,1,111,0.10517600766477893,0.005422157886792871,0.6,/work3/arnaou/checkpoints/megnet_Pc_trial_1355_best_state.pt,"{'learning_rate': 0.005422157886792871, 'lr_reduce': 0.6}",TPESampler,COMPLETE
1356,0.15700462460517883,2025-04-26 09:56:23.395179,2025-04-26 09:56:59.774836,0 days 00:00:36.379657,1,64,364,389.0,374.0,,3,58,0.2143390495606797,0.006997610538884412,0.6,/work3/arnaou/checkpoints/megnet_Pc_trial_1356_best_state.pt,"{'learning_rate': 0.006997610538884412, 'lr_reduce': 0.6}",TPESampler,COMPLETE
1357,0.5816744565963745,2025-04-26 09:56:25.341595,2025-04-26 09:56:32.908841,0 days 00:00:07.567246,2,70,198,278.0,,,2,107,0.2175387768551909,0.008523956014601939,0.6,/work3/arnaou/checkpoints/megnet_Pc_trial_1357_best_state.pt,"{'learning_rate': 0.008523956014601939, 'lr_reduce': 0.6}",TPESampler,COMPLETE
1358,0.8867391347885132,2025-04-26 09:56:33.337550,2025-04-26 09:56:38.828376,0 days 00:00:05.490826,3,63,430,471.0,,,2,81,0.09834316449682512,0.0020866513276801882,0.6,/work3/arnaou/checkpoints/megnet_Pc_trial_1358_best_state.pt,"{'learning_rate': 0.0020866513276801882, 'lr_reduce': 0.6}",TPESampler,COMPLETE
1359,0.09478148818016052,2025-04-26 09:56:39.094266,2025-04-26 09:57:06.717755,0 days 00:00:27.623489,2,57,502,,,,1,77,0.1726045452203845,0.005156535306065469,0.6,/work3/arnaou/checkpoints/megnet_Pc_trial_1359_best_state.pt,"{'learning_rate': 0.005156535306065469, 'lr_reduce': 0.6}",TPESampler,COMPLETE
1360,0.1093248575925827,2025-04-26 09:56:49.915932,2025-04-26 09:57:24.208007,0 days 00:00:34.292075,1,34,404,322.0,314.0,,3,112,0.1745445580489873,0.008143095928000905,0.6,/work3/arnaou/checkpoints/megnet_Pc_trial_1360_best_state.pt,"{'learning_rate': 0.008143095928000905, 'lr_reduce': 0.6}",TPESampler,COMPLETE
1361,0.1473913937807083,2025-04-26 09:56:59.989858,2025-04-26 09:57:21.556087,0 days 00:00:21.566229,1,54,368,423.0,,,2,81,0.21121608377852827,0.0025521118406085924,0.6,/work3/arnaou/checkpoints/megnet_Pc_trial_1361_best_state.pt,"{'learning_rate': 0.0025521118406085924, 'lr_reduce': 0.6}",TPESampler,COMPLETE
1362,0.8868107199668884,2025-04-26 09:57:06.952799,2025-04-26 09:57:13.288088,0 days 00:00:06.335289,3,79,288,376.0,383.0,116.0,4,116,0.15593938136668958,0.00026298515239894414,0.6,/work3/arnaou/checkpoints/megnet_Pc_trial_1362_best_state.pt,"{'learning_rate': 0.00026298515239894414, 'lr_reduce': 0.6}",TPESampler,COMPLETE
1363,0.08172125369310379,2025-04-26 09:57:13.520710,2025-04-26 09:57:54.600812,0 days 00:00:41.080102,1,52,207,286.0,258.0,355.0,4,74,0.1734574530139834,0.008520591996677748,0.6,/work3/arnaou/checkpoints/megnet_Pc_trial_1363_best_state.pt,"{'learning_rate': 0.008520591996677748, 'lr_reduce': 0.6}",TPESampler,COMPLETE
1364,0.17539173364639282,2025-04-26 09:57:21.787808,2025-04-26 09:57:39.924038,0 days 00:00:18.136230,1,43,485,351.0,,,2,45,0.19327128107464206,0.0071525295995507505,0.6,/work3/arnaou/checkpoints/megnet_Pc_trial_1364_best_state.pt,"{'learning_rate': 0.0071525295995507505, 'lr_reduce': 0.6}",TPESampler,COMPLETE
1365,0.8867796659469604,2025-04-26 09:57:24.424269,2025-04-26 09:57:30.588585,0 days 00:00:06.164316,2,41,360,,,,1,75,0.10526883765918357,0.000770112397056784,0.6,/work3/arnaou/checkpoints/megnet_Pc_trial_1365_best_state.pt,"{'learning_rate': 0.000770112397056784, 'lr_reduce': 0.6}",TPESampler,COMPLETE
1366,0.8866979479789734,2025-04-26 09:57:30.784736,2025-04-26 09:57:35.669973,0 days 00:00:04.885237,2,86,487,444.0,,,2,97,0.20942397449859754,0.0001530451813588126,0.6,/work3/arnaou/checkpoints/megnet_Pc_trial_1366_best_state.pt,"{'learning_rate': 0.0001530451813588126, 'lr_reduce': 0.6}",TPESampler,COMPLETE
1367,0.15141643583774567,2025-04-26 09:57:35.856936,2025-04-26 09:58:07.617414,0 days 00:00:31.760478,1,79,297,512.0,,,2,120,0.2105295869291873,0.0028640648932602496,0.6,/work3/arnaou/checkpoints/megnet_Pc_trial_1367_best_state.pt,"{'learning_rate': 0.0028640648932602496, 'lr_reduce': 0.6}",TPESampler,COMPLETE
1368,0.17484360933303833,2025-04-26 09:57:40.147194,2025-04-26 09:58:06.605926,0 days 00:00:26.458732,1,33,265,402.0,,,2,88,0.214367361327798,0.007720789834568131,0.6,/work3/arnaou/checkpoints/megnet_Pc_trial_1368_best_state.pt,"{'learning_rate': 0.007720789834568131, 'lr_reduce': 0.6}",TPESampler,COMPLETE
1369,0.25314846634864807,2025-04-26 09:57:54.840557,2025-04-26 09:58:04.990001,0 days 00:00:10.149444,1,54,473,335.0,218.0,,3,77,0.24196282565913566,0.0029622665603314118,0.6,/work3/arnaou/checkpoints/megnet_Pc_trial_1369_best_state.pt,"{'learning_rate': 0.0029622665603314118, 'lr_reduce': 0.6}",TPESampler,COMPLETE
1370,0.8869508504867554,2025-04-26 09:58:05.201500,2025-04-26 09:58:10.309419,0 days 00:00:05.107919,3,128,496,285.0,422.0,,3,72,0.14178756958409033,0.00327239731967005,0.6,/work3/arnaou/checkpoints/megnet_Pc_trial_1370_best_state.pt,"{'learning_rate': 0.00327239731967005, 'lr_reduce': 0.6}",TPESampler,COMPLETE
1371,0.13185648620128632,2025-04-26 09:58:06.810070,2025-04-26 09:58:26.279686,0 days 00:00:19.469616,1,78,140,,,,1,128,0.027914100669700768,0.003116798401868426,0.6,/work3/arnaou/checkpoints/megnet_Pc_trial_1371_best_state.pt,"{'learning_rate': 0.003116798401868426, 'lr_reduce': 0.6}",TPESampler,COMPLETE
1372,0.19089174270629883,2025-04-26 09:58:07.844168,2025-04-26 09:58:24.815784,0 days 00:00:16.971616,2,34,337,369.0,334.0,,3,124,0.19654942075278886,0.007864160620546606,0.6,/work3/arnaou/checkpoints/megnet_Pc_trial_1372_best_state.pt,"{'learning_rate': 0.007864160620546606, 'lr_reduce': 0.6}",TPESampler,COMPLETE
1373,0.09181202203035355,2025-04-26 09:58:10.515114,2025-04-26 09:58:45.559196,0 days 00:00:35.044082,1,65,216,423.0,345.0,282.0,4,107,0.012855132173615736,0.003719172465093985,0.6,/work3/arnaou/checkpoints/megnet_Pc_trial_1373_best_state.pt,"{'learning_rate': 0.003719172465093985, 'lr_reduce': 0.6}",TPESampler,COMPLETE
1374,0.12655335664749146,2025-04-26 09:58:25.057761,2025-04-26 09:58:48.838941,0 days 00:00:23.781180,1,34,139,463.0,,,2,119,0.05681482172673069,0.00821662884532094,0.6,/work3/arnaou/checkpoints/megnet_Pc_trial_1374_best_state.pt,"{'learning_rate': 0.00821662884532094, 'lr_reduce': 0.6}",TPESampler,COMPLETE
1375,0.8360973596572876,2025-04-26 09:58:26.481796,2025-04-26 09:58:39.767684,0 days 00:00:13.285888,4,115,226,271.0,288.0,182.0,4,95,0.23586200625601872,0.0010473321841233778,0.6,/work3/arnaou/checkpoints/megnet_Pc_trial_1375_best_state.pt,"{'learning_rate': 0.0010473321841233778, 'lr_reduce': 0.6}",TPESampler,COMPLETE
1376,0.12527857720851898,2025-04-26 09:58:39.958358,2025-04-26 09:59:06.637953,0 days 00:00:26.679595,1,38,392,391.0,,,2,103,0.17752698828879915,0.0076819873183946496,0.6,/work3/arnaou/checkpoints/megnet_Pc_trial_1376_best_state.pt,"{'learning_rate': 0.0076819873183946496, 'lr_reduce': 0.6}",TPESampler,COMPLETE
