number,value,datetime_start,datetime_complete,duration,params_depth,params_edge_hidden_dim,params_mlp_dim_00,params_mlp_dim_01,params_mlp_dim_02,params_mlp_dim_03,params_mlp_n_layers,params_node_hidden_dim,params_rep_dropout,params_train_learning_rate,params_train_lr_reduce,user_attrs_best_state_dict_path,user_attrs_training_params,system_attrs_auto:sampler,state
2411,0.09534536302089691,2025-04-26 12:16:52.361309,2025-04-26 12:17:17.007677,0 days 00:00:24.646368,1,52,462,215.0,316.0,,3,94,0.15397338612358719,0.006433399399817495,0.6,/work3/arnaou/checkpoints/megnet_Pc_trial_2411_best_state.pt,"{'learning_rate': 0.006433399399817495, 'lr_reduce': 0.6}",TPESampler,COMPLETE
2412,0.8866097331047058,2025-04-26 12:16:58.696136,2025-04-26 12:17:05.723166,0 days 00:00:07.027030,1,75,512,366.0,403.0,379.0,4,35,0.19685868894433264,0.000504990295882524,0.6,/work3/arnaou/checkpoints/megnet_Pc_trial_2412_best_state.pt,"{'learning_rate': 0.000504990295882524, 'lr_reduce': 0.6}",TPESampler,COMPLETE
2413,0.11817425489425659,2025-04-26 12:17:05.956581,2025-04-26 12:17:43.525169,0 days 00:00:37.568588,1,40,453,430.0,,,2,92,0.11461523880945765,0.009796628401448496,0.6,/work3/arnaou/checkpoints/megnet_Pc_trial_2413_best_state.pt,"{'learning_rate': 0.009796628401448496, 'lr_reduce': 0.6}",TPESampler,COMPLETE
2414,0.18717126548290253,2025-04-26 12:17:14.572016,2025-04-26 12:17:47.396105,0 days 00:00:32.824089,1,67,174,188.0,,,2,106,0.042428293956552746,0.00984293396092813,0.6,/work3/arnaou/checkpoints/megnet_Pc_trial_2414_best_state.pt,"{'learning_rate': 0.00984293396092813, 'lr_reduce': 0.6}",TPESampler,COMPLETE
2415,0.10503890365362167,2025-04-26 12:17:17.246286,2025-04-26 12:17:42.955369,0 days 00:00:25.709083,1,72,129,297.0,,,2,103,0.044050916873069744,0.003704765145222141,0.6,/work3/arnaou/checkpoints/megnet_Pc_trial_2415_best_state.pt,"{'learning_rate': 0.003704765145222141, 'lr_reduce': 0.6}",TPESampler,COMPLETE
2416,0.5549331307411194,2025-04-26 12:17:43.180434,2025-04-26 12:18:29.603485,0 days 00:00:46.423051,4,63,93,432.0,219.0,305.0,4,124,0.10134074037760799,0.008226873869436593,0.6,/work3/arnaou/checkpoints/megnet_Pc_trial_2416_best_state.pt,"{'learning_rate': 0.008226873869436593, 'lr_reduce': 0.6}",TPESampler,COMPLETE
2417,0.11900711059570312,2025-04-26 12:17:43.805551,2025-04-26 12:18:21.275486,0 days 00:00:37.469935,2,32,387,249.0,423.0,,3,117,0.2115656902604809,0.004200185665756154,0.6,/work3/arnaou/checkpoints/megnet_Pc_trial_2417_best_state.pt,"{'learning_rate': 0.004200185665756154, 'lr_reduce': 0.6}",TPESampler,COMPLETE
2418,0.8880628943443298,2025-04-26 12:17:47.673442,2025-04-26 12:17:54.540595,0 days 00:00:06.867153,4,33,204,339.0,166.0,238.0,4,79,0.12938386110318928,0.0044484750500573,0.6,/work3/arnaou/checkpoints/megnet_Pc_trial_2418_best_state.pt,"{'learning_rate': 0.0044484750500573, 'lr_reduce': 0.6}",TPESampler,COMPLETE
2419,0.1526121199131012,2025-04-26 12:17:54.819251,2025-04-26 12:18:30.229941,0 days 00:00:35.410690,1,65,355,511.0,,,2,95,0.19120403588496387,0.0030157288394402275,0.6,/work3/arnaou/checkpoints/megnet_Pc_trial_2419_best_state.pt,"{'learning_rate': 0.0030157288394402275, 'lr_reduce': 0.6}",TPESampler,COMPLETE
2420,0.5919062495231628,2025-04-26 12:18:21.469093,2025-04-26 12:18:30.199808,0 days 00:00:08.730715,3,82,95,,,,1,82,0.2287725107958321,0.005419557869176625,0.6,/work3/arnaou/checkpoints/megnet_Pc_trial_2420_best_state.pt,"{'learning_rate': 0.005419557869176625, 'lr_reduce': 0.6}",TPESampler,COMPLETE
2421,0.2889194190502167,2025-04-26 12:18:29.828528,2025-04-26 12:18:39.466348,0 days 00:00:09.637820,1,71,84,369.0,,,2,105,0.045980034370285805,0.005675885395795388,0.6,/work3/arnaou/checkpoints/megnet_Pc_trial_2421_best_state.pt,"{'learning_rate': 0.005675885395795388, 'lr_reduce': 0.6}",TPESampler,COMPLETE
2422,0.34421831369400024,2025-04-26 12:18:30.391109,2025-04-26 12:19:04.141038,0 days 00:00:33.749929,1,74,326,151.0,331.0,461.0,4,91,0.0005268148534937414,0.004813637719722858,0.6,/work3/arnaou/checkpoints/megnet_Pc_trial_2422_best_state.pt,"{'learning_rate': 0.004813637719722858, 'lr_reduce': 0.6}",TPESampler,COMPLETE
2423,0.1109699085354805,2025-04-26 12:18:30.493157,2025-04-26 12:18:47.675675,0 days 00:00:17.182518,1,36,432,98.0,357.0,172.0,4,112,0.17425110898324767,0.005430650967185776,0.6,/work3/arnaou/checkpoints/megnet_Pc_trial_2423_best_state.pt,"{'learning_rate': 0.005430650967185776, 'lr_reduce': 0.6}",TPESampler,COMPLETE
2424,0.8868848085403442,2025-04-26 12:18:39.895980,2025-04-26 12:18:46.440373,0 days 00:00:06.544393,2,109,251,408.0,268.0,127.0,4,61,0.042375298741901574,0.0003160149695126895,0.6,/work3/arnaou/checkpoints/megnet_Pc_trial_2424_best_state.pt,"{'learning_rate': 0.0003160149695126895, 'lr_reduce': 0.6}",TPESampler,COMPLETE
2425,0.11313506215810776,2025-04-26 12:18:46.680649,2025-04-26 12:19:14.808721,0 days 00:00:28.128072,1,65,364,456.0,,,2,95,0.1579974353024278,0.004119085792425179,0.6,/work3/arnaou/checkpoints/megnet_Pc_trial_2425_best_state.pt,"{'learning_rate': 0.004119085792425179, 'lr_reduce': 0.6}",TPESampler,COMPLETE
2426,0.466934472322464,2025-04-26 12:18:47.966465,2025-04-26 12:18:57.676145,0 days 00:00:09.709680,1,81,207,270.0,,,2,109,0.17921612261475944,0.008883481306290733,0.6,/work3/arnaou/checkpoints/megnet_Pc_trial_2426_best_state.pt,"{'learning_rate': 0.008883481306290733, 'lr_reduce': 0.6}",TPESampler,COMPLETE
2427,0.871994137763977,2025-04-26 12:18:57.896980,2025-04-26 12:19:06.760107,0 days 00:00:08.863127,2,38,64,328.0,197.0,213.0,4,109,0.06317398048755851,0.006991119054745095,0.6,/work3/arnaou/checkpoints/megnet_Pc_trial_2427_best_state.pt,"{'learning_rate': 0.006991119054745095, 'lr_reduce': 0.6}",TPESampler,COMPLETE
2428,0.163574680685997,2025-04-26 12:19:04.390193,2025-04-26 12:19:30.179715,0 days 00:00:25.789522,1,57,391,389.0,,,2,82,0.17349681294101812,0.0025030877903960374,0.6,/work3/arnaou/checkpoints/megnet_Pc_trial_2428_best_state.pt,"{'learning_rate': 0.0025030877903960374, 'lr_reduce': 0.6}",TPESampler,COMPLETE
2429,0.1057855561375618,2025-04-26 12:19:07.011356,2025-04-26 12:19:43.950629,0 days 00:00:36.939273,2,39,384,229.0,,,2,56,0.08151618666942478,0.007375893035033747,0.6,/work3/arnaou/checkpoints/megnet_Pc_trial_2429_best_state.pt,"{'learning_rate': 0.007375893035033747, 'lr_reduce': 0.6}",TPESampler,COMPLETE
2430,0.11736302822828293,2025-04-26 12:19:15.058368,2025-04-26 12:19:39.297289,0 days 00:00:24.238921,1,33,303,286.0,423.0,338.0,4,93,0.007534229490040007,0.0036906995976379807,0.6,/work3/arnaou/checkpoints/megnet_Pc_trial_2430_best_state.pt,"{'learning_rate': 0.0036906995976379807, 'lr_reduce': 0.6}",TPESampler,COMPLETE
2431,0.09719420969486237,2025-04-26 12:19:30.359552,2025-04-26 12:20:05.333995,0 days 00:00:34.974443,1,49,306,440.0,,,2,81,0.10250390397027404,0.008842518890928186,0.6,/work3/arnaou/checkpoints/megnet_Pc_trial_2431_best_state.pt,"{'learning_rate': 0.008842518890928186, 'lr_reduce': 0.6}",TPESampler,COMPLETE
2432,0.14726755023002625,2025-04-26 12:19:39.544708,2025-04-26 12:19:56.609261,0 days 00:00:17.064553,1,32,77,383.0,296.0,,3,113,0.0014421700088801254,0.00951076186889603,0.6,/work3/arnaou/checkpoints/megnet_Pc_trial_2432_best_state.pt,"{'learning_rate': 0.00951076186889603, 'lr_reduce': 0.6}",TPESampler,COMPLETE
2433,0.4701259136199951,2025-04-26 12:19:44.257125,2025-04-26 12:20:07.976699,0 days 00:00:23.719574,2,123,305,,,,1,117,0.23538449587676236,0.006885244951117779,0.6,/work3/arnaou/checkpoints/megnet_Pc_trial_2433_best_state.pt,"{'learning_rate': 0.006885244951117779, 'lr_reduce': 0.6}",TPESampler,COMPLETE
2434,0.1419236660003662,2025-04-26 12:19:56.812734,2025-04-26 12:20:28.506216,0 days 00:00:31.693482,1,74,254,185.0,393.0,,3,127,0.22981583392519925,0.0033764136953092364,0.6,/work3/arnaou/checkpoints/megnet_Pc_trial_2434_best_state.pt,"{'learning_rate': 0.0033764136953092364, 'lr_reduce': 0.6}",TPESampler,COMPLETE
2435,0.8870000839233398,2025-04-26 12:20:05.550938,2025-04-26 12:20:15.531023,0 days 00:00:09.980085,4,47,507,116.0,230.0,287.0,4,87,0.17908106134862195,0.0006444354015192507,0.6,/work3/arnaou/checkpoints/megnet_Pc_trial_2435_best_state.pt,"{'learning_rate': 0.0006444354015192507, 'lr_reduce': 0.6}",TPESampler,COMPLETE
2436,0.12078647315502167,2025-04-26 12:20:08.234502,2025-04-26 12:20:40.900991,0 days 00:00:32.666489,1,35,512,341.0,,,2,73,0.2289703369661532,0.0021888042413629153,0.6,/work3/arnaou/checkpoints/megnet_Pc_trial_2436_best_state.pt,"{'learning_rate': 0.0021888042413629153, 'lr_reduce': 0.6}",TPESampler,COMPLETE
2437,0.12423489987850189,2025-04-26 12:20:15.764229,2025-04-26 12:20:46.989340,0 days 00:00:31.225111,1,49,408,,,,1,76,0.14273117977369515,0.007102276357090054,0.6,/work3/arnaou/checkpoints/megnet_Pc_trial_2437_best_state.pt,"{'learning_rate': 0.007102276357090054, 'lr_reduce': 0.6}",TPESampler,COMPLETE
2438,0.1456272155046463,2025-04-26 12:20:28.691503,2025-04-26 12:20:44.916653,0 days 00:00:16.225150,1,104,380,404.0,,,2,119,0.21917522466196915,0.0033692449348160587,0.6,/work3/arnaou/checkpoints/megnet_Pc_trial_2438_best_state.pt,"{'learning_rate': 0.0033692449348160587, 'lr_reduce': 0.6}",TPESampler,COMPLETE
2439,0.1554476022720337,2025-04-26 12:20:41.129199,2025-04-26 12:21:13.995168,0 days 00:00:32.865969,1,78,282,238.0,,,2,101,0.23525259081788746,0.0014864488795913362,0.6,/work3/arnaou/checkpoints/megnet_Pc_trial_2439_best_state.pt,"{'learning_rate': 0.0014864488795913362, 'lr_reduce': 0.6}",TPESampler,COMPLETE
2440,0.8873527646064758,2025-04-26 12:20:45.267646,2025-04-26 12:20:50.903479,0 days 00:00:05.635833,4,43,297,,,,1,57,0.07959052940065489,0.0028446943640699257,0.6,/work3/arnaou/checkpoints/megnet_Pc_trial_2440_best_state.pt,"{'learning_rate': 0.0028446943640699257, 'lr_reduce': 0.6}",TPESampler,COMPLETE
2441,0.14109808206558228,2025-04-26 12:20:47.247822,2025-04-26 12:21:11.806787,0 days 00:00:24.558965,1,104,88,,,,1,75,0.008202786649420316,0.006784756892000103,0.6,/work3/arnaou/checkpoints/megnet_Pc_trial_2441_best_state.pt,"{'learning_rate': 0.006784756892000103, 'lr_reduce': 0.6}",TPESampler,COMPLETE
2442,0.29794779419898987,2025-04-26 12:20:51.132794,2025-04-26 12:21:24.242247,0 days 00:00:33.109453,1,101,141,310.0,,,2,71,0.08706780143482916,0.008601229817790677,0.6,/work3/arnaou/checkpoints/megnet_Pc_trial_2442_best_state.pt,"{'learning_rate': 0.008601229817790677, 'lr_reduce': 0.6}",TPESampler,COMPLETE
2443,0.2224864959716797,2025-04-26 12:21:12.122556,2025-04-26 12:21:42.460837,0 days 00:00:30.338281,2,45,438,475.0,374.0,112.0,4,93,0.17778638600826763,0.002950199746055584,0.6,/work3/arnaou/checkpoints/megnet_Pc_trial_2443_best_state.pt,"{'learning_rate': 0.002950199746055584, 'lr_reduce': 0.6}",TPESampler,COMPLETE
2444,0.1486596167087555,2025-04-26 12:21:14.232509,2025-04-26 12:21:36.945605,0 days 00:00:22.713096,1,119,281,371.0,316.0,,3,103,0.19293014227878524,0.0017790435428131296,0.6,/work3/arnaou/checkpoints/megnet_Pc_trial_2444_best_state.pt,"{'learning_rate': 0.0017790435428131296, 'lr_reduce': 0.6}",TPESampler,COMPLETE
2445,0.13274726271629333,2025-04-26 12:21:24.510266,2025-04-26 12:21:53.591872,0 days 00:00:29.081606,1,50,214,,,,1,78,0.2095498257167313,0.009765801156252482,0.6,/work3/arnaou/checkpoints/megnet_Pc_trial_2445_best_state.pt,"{'learning_rate': 0.009765801156252482, 'lr_reduce': 0.6}",TPESampler,COMPLETE
2446,0.08154464513063431,2025-04-26 12:21:37.149610,2025-04-26 12:22:10.637551,0 days 00:00:33.487941,1,39,296,157.0,144.0,413.0,4,117,0.04154292522018497,0.006807595171629201,0.6,/work3/arnaou/checkpoints/megnet_Pc_trial_2446_best_state.pt,"{'learning_rate': 0.006807595171629201, 'lr_reduce': 0.6}",TPESampler,COMPLETE
2447,0.10437281429767609,2025-04-26 12:21:42.708416,2025-04-26 12:22:20.258780,0 days 00:00:37.550364,1,95,133,426.0,,,2,95,0.007904118548447171,0.0028060471647578826,0.6,/work3/arnaou/checkpoints/megnet_Pc_trial_2447_best_state.pt,"{'learning_rate': 0.0028060471647578826, 'lr_reduce': 0.6}",TPESampler,COMPLETE
2448,0.1028081551194191,2025-04-26 12:21:53.829885,2025-04-26 12:22:28.939556,0 days 00:00:35.109671,1,101,281,276.0,,,2,118,0.23847571138900153,0.002859619744031381,0.6,/work3/arnaou/checkpoints/megnet_Pc_trial_2448_best_state.pt,"{'learning_rate': 0.002859619744031381, 'lr_reduce': 0.6}",TPESampler,COMPLETE
2449,0.10591606050729752,2025-04-26 12:22:10.876271,2025-04-26 12:22:47.219883,0 days 00:00:36.343612,2,36,494,227.0,,,2,63,0.20328575387668635,0.009893012824634534,0.6,/work3/arnaou/checkpoints/megnet_Pc_trial_2449_best_state.pt,"{'learning_rate': 0.009893012824634534, 'lr_reduce': 0.6}",TPESampler,COMPLETE
2450,0.4832751452922821,2025-04-26 12:22:20.523646,2025-04-26 12:22:30.632635,0 days 00:00:10.108989,1,63,333,340.0,,,2,87,0.2002140067367097,0.009898104714968364,0.6,/work3/arnaou/checkpoints/megnet_Pc_trial_2450_best_state.pt,"{'learning_rate': 0.009898104714968364, 'lr_reduce': 0.6}",TPESampler,COMPLETE
2451,0.29760533571243286,2025-04-26 12:22:29.182896,2025-04-26 12:23:05.228761,0 days 00:00:36.045865,1,83,70,405.0,435.0,,3,112,0.01843697118640881,0.00897041775535234,0.6,/work3/arnaou/checkpoints/megnet_Pc_trial_2451_best_state.pt,"{'learning_rate': 0.00897041775535234, 'lr_reduce': 0.6}",TPESampler,COMPLETE
2452,0.14615663886070251,2025-04-26 12:22:30.854348,2025-04-26 12:22:48.226455,0 days 00:00:17.372107,1,92,238,96.0,,,2,105,0.14293858093131723,0.002594681091784968,0.6,/work3/arnaou/checkpoints/megnet_Pc_trial_2452_best_state.pt,"{'learning_rate': 0.002594681091784968, 'lr_reduce': 0.6}",TPESampler,COMPLETE
2453,0.22396285831928253,2025-04-26 12:22:47.480211,2025-04-26 12:23:05.164754,0 days 00:00:17.684543,2,93,303,299.0,272.0,,3,115,0.2348593019977651,0.006264988843550736,0.6,/work3/arnaou/checkpoints/megnet_Pc_trial_2453_best_state.pt,"{'learning_rate': 0.006264988843550736, 'lr_reduce': 0.6}",TPESampler,COMPLETE
2454,0.887410581111908,2025-04-26 12:22:48.503114,2025-04-26 12:22:56.152916,0 days 00:00:07.649802,4,61,333,439.0,351.0,166.0,4,53,0.0902146250207286,0.0006883155996517014,0.6,/work3/arnaou/checkpoints/megnet_Pc_trial_2454_best_state.pt,"{'learning_rate': 0.0006883155996517014, 'lr_reduce': 0.6}",TPESampler,COMPLETE
2455,0.15068970620632172,2025-04-26 12:22:56.392673,2025-04-26 12:23:19.690847,0 days 00:00:23.298174,1,93,280,,,,1,69,0.24162798593110807,0.003285204249646874,0.6,/work3/arnaou/checkpoints/megnet_Pc_trial_2455_best_state.pt,"{'learning_rate': 0.003285204249646874, 'lr_reduce': 0.6}",TPESampler,COMPLETE
2456,0.8870246410369873,2025-04-26 12:23:05.344007,2025-04-26 12:23:11.614231,0 days 00:00:06.270224,2,113,360,,,,1,60,0.2399990369213421,0.0005418679909491583,0.6,/work3/arnaou/checkpoints/megnet_Pc_trial_2456_best_state.pt,"{'learning_rate': 0.0005418679909491583, 'lr_reduce': 0.6}",TPESampler,COMPLETE
2457,0.8869673013687134,2025-04-26 12:23:05.494625,2025-04-26 12:23:10.547857,0 days 00:00:05.053232,1,90,223,,,,1,70,0.00043214036026897884,0.0001351581430605325,0.6,/work3/arnaou/checkpoints/megnet_Pc_trial_2457_best_state.pt,"{'learning_rate': 0.0001351581430605325, 'lr_reduce': 0.6}",TPESampler,COMPLETE
2458,0.886044442653656,2025-04-26 12:23:10.778582,2025-04-26 12:23:16.945207,0 days 00:00:06.166625,1,77,340,370.0,106.0,,3,62,0.11173367924001294,0.00015840685661915472,0.6,/work3/arnaou/checkpoints/megnet_Pc_trial_2458_best_state.pt,"{'learning_rate': 0.00015840685661915472, 'lr_reduce': 0.6}",TPESampler,COMPLETE
2459,0.2322949320077896,2025-04-26 12:23:11.845959,2025-04-26 12:23:36.420043,0 days 00:00:24.574084,2,36,321,203.0,190.0,,3,124,0.05183549937987077,0.0036978554288167624,0.6,/work3/arnaou/checkpoints/megnet_Pc_trial_2459_best_state.pt,"{'learning_rate': 0.0036978554288167624, 'lr_reduce': 0.6}",TPESampler,COMPLETE
2460,0.08615802228450775,2025-04-26 12:23:17.151836,2025-04-26 12:23:52.481276,0 days 00:00:35.329440,1,42,422,265.0,,,2,67,0.14562365402756883,0.006026821624236024,0.6,/work3/arnaou/checkpoints/megnet_Pc_trial_2460_best_state.pt,"{'learning_rate': 0.006026821624236024, 'lr_reduce': 0.6}",TPESampler,COMPLETE
2461,0.1745215207338333,2025-04-26 12:23:20.133922,2025-04-26 12:23:59.210856,0 days 00:00:39.076934,1,54,399,478.0,391.0,228.0,4,97,0.19473480844249716,0.0064376678516353935,0.6,/work3/arnaou/checkpoints/megnet_Pc_trial_2461_best_state.pt,"{'learning_rate': 0.0064376678516353935, 'lr_reduce': 0.6}",TPESampler,COMPLETE
2462,0.8866239786148071,2025-04-26 12:23:36.645877,2025-04-26 12:23:43.725993,0 days 00:00:07.080116,4,110,195,327.0,,,2,78,0.055005760212378435,0.00013385263752940425,0.6,/work3/arnaou/checkpoints/megnet_Pc_trial_2462_best_state.pt,"{'learning_rate': 0.00013385263752940425, 'lr_reduce': 0.6}",TPESampler,COMPLETE
2463,0.1731346696615219,2025-04-26 12:23:43.962740,2025-04-26 12:24:05.184063,0 days 00:00:21.221323,1,50,410,393.0,,,2,122,0.16511716543965274,0.002513568302135329,0.6,/work3/arnaou/checkpoints/megnet_Pc_trial_2463_best_state.pt,"{'learning_rate': 0.002513568302135329, 'lr_reduce': 0.6}",TPESampler,COMPLETE
2464,0.16741740703582764,2025-04-26 12:23:52.744935,2025-04-26 12:24:21.612575,0 days 00:00:28.867640,2,52,381,250.0,235.0,,3,74,0.11185435255424275,0.006624536057439875,0.6,/work3/arnaou/checkpoints/megnet_Pc_trial_2464_best_state.pt,"{'learning_rate': 0.006624536057439875, 'lr_reduce': 0.6}",TPESampler,COMPLETE
2465,0.12887825071811676,2025-04-26 12:23:59.461337,2025-04-26 12:24:19.788837,0 days 00:00:20.327500,1,121,426,137.0,,,2,110,0.2099444535400263,0.002942060866151588,0.6,/work3/arnaou/checkpoints/megnet_Pc_trial_2465_best_state.pt,"{'learning_rate': 0.002942060866151588, 'lr_reduce': 0.6}",TPESampler,COMPLETE
2466,0.2514753043651581,2025-04-26 12:24:05.408598,2025-04-26 12:24:27.977761,0 days 00:00:22.569163,3,60,495,,,,1,70,0.13425811944897986,0.009004896459088398,0.6,/work3/arnaou/checkpoints/megnet_Pc_trial_2466_best_state.pt,"{'learning_rate': 0.009004896459088398, 'lr_reduce': 0.6}",TPESampler,COMPLETE
2467,0.8863649368286133,2025-04-26 12:24:19.986900,2025-04-26 12:24:24.956999,0 days 00:00:04.970099,1,33,442,,,,1,92,0.09832436943755851,0.0001084214069980869,0.6,/work3/arnaou/checkpoints/megnet_Pc_trial_2467_best_state.pt,"{'learning_rate': 0.0001084214069980869, 'lr_reduce': 0.6}",TPESampler,COMPLETE
2468,0.11084000766277313,2025-04-26 12:24:21.836137,2025-04-26 12:24:58.374137,0 days 00:00:36.538000,1,70,319,436.0,433.0,,3,82,0.03853358442145529,0.008713259679530929,0.6,/work3/arnaou/checkpoints/megnet_Pc_trial_2468_best_state.pt,"{'learning_rate': 0.008713259679530929, 'lr_reduce': 0.6}",TPESampler,COMPLETE
2469,0.13664844632148743,2025-04-26 12:24:25.384206,2025-04-26 12:24:52.291715,0 days 00:00:26.907509,1,78,330,360.0,,,2,62,0.2139253270410491,0.004263011440149747,0.6,/work3/arnaou/checkpoints/megnet_Pc_trial_2469_best_state.pt,"{'learning_rate': 0.004263011440149747, 'lr_reduce': 0.6}",TPESampler,COMPLETE
2470,0.8879423141479492,2025-04-26 12:24:28.231251,2025-04-26 12:24:33.807095,0 days 00:00:05.575844,2,65,331,189.0,340.0,65.0,4,73,0.05760237878178216,0.006081164221248742,0.6,/work3/arnaou/checkpoints/megnet_Pc_trial_2470_best_state.pt,"{'learning_rate': 0.006081164221248742, 'lr_reduce': 0.6}",TPESampler,COMPLETE
2471,0.12303144484758377,2025-04-26 12:24:34.040524,2025-04-26 12:25:07.819180,0 days 00:00:33.778656,1,127,142,,,,1,119,0.09072711789964978,0.0007223446100536736,0.6,/work3/arnaou/checkpoints/megnet_Pc_trial_2471_best_state.pt,"{'learning_rate': 0.0007223446100536736, 'lr_reduce': 0.6}",TPESampler,COMPLETE
2472,0.11583956331014633,2025-04-26 12:24:52.514480,2025-04-26 12:25:12.481577,0 days 00:00:19.967097,1,34,154,295.0,,,2,111,0.10697709123537752,0.009074830530007134,0.6,/work3/arnaou/checkpoints/megnet_Pc_trial_2472_best_state.pt,"{'learning_rate': 0.009074830530007134, 'lr_reduce': 0.6}",TPESampler,COMPLETE
2473,0.2615583539009094,2025-04-26 12:24:58.616589,2025-04-26 12:25:17.452161,0 days 00:00:18.835572,2,74,314,400.0,266.0,,3,104,0.14043677586856407,0.008252199885007565,0.6,/work3/arnaou/checkpoints/megnet_Pc_trial_2473_best_state.pt,"{'learning_rate': 0.008252199885007565, 'lr_reduce': 0.6}",TPESampler,COMPLETE
2474,0.14115746319293976,2025-04-26 12:25:08.068688,2025-04-26 12:25:25.303603,0 days 00:00:17.234915,1,38,401,123.0,,,2,93,0.15842274741855125,0.0038670967375598457,0.6,/work3/arnaou/checkpoints/megnet_Pc_trial_2474_best_state.pt,"{'learning_rate': 0.0038670967375598457, 'lr_reduce': 0.6}",TPESampler,COMPLETE
2475,0.07314475625753403,2025-04-26 12:25:12.690540,2025-04-26 12:25:48.035827,0 days 00:00:35.345287,1,59,205,,,,1,96,0.17890569754585262,0.006216498283433154,0.6,/work3/arnaou/checkpoints/megnet_Pc_trial_2475_best_state.pt,"{'learning_rate': 0.006216498283433154, 'lr_reduce': 0.6}",TPESampler,COMPLETE
2476,0.8864656090736389,2025-04-26 12:25:17.676704,2025-04-26 12:25:22.230749,0 days 00:00:04.554045,1,95,507,64.0,,,2,33,0.09509118804304376,0.0003429961870312335,0.6,/work3/arnaou/checkpoints/megnet_Pc_trial_2476_best_state.pt,"{'learning_rate': 0.0003429961870312335, 'lr_reduce': 0.6}",TPESampler,COMPLETE
2477,0.25208038091659546,2025-04-26 12:25:22.493306,2025-04-26 12:25:59.698439,0 days 00:00:37.205133,1,80,240,460.0,,,2,125,0.16154985702682864,0.009483258683329563,0.6,/work3/arnaou/checkpoints/megnet_Pc_trial_2477_best_state.pt,"{'learning_rate': 0.009483258683329563, 'lr_reduce': 0.6}",TPESampler,COMPLETE
2478,0.15621577203273773,2025-04-26 12:25:25.549379,2025-04-26 12:26:05.121772,0 days 00:00:39.572393,2,61,362,344.0,380.0,,3,34,0.11916012954929497,0.006151889455818677,0.6,/work3/arnaou/checkpoints/megnet_Pc_trial_2478_best_state.pt,"{'learning_rate': 0.006151889455818677, 'lr_reduce': 0.6}",TPESampler,COMPLETE
2479,0.13894976675510406,2025-04-26 12:25:48.251603,2025-04-26 12:26:17.351464,0 days 00:00:29.099861,1,73,257,,,,1,93,0.20310725543433394,0.00954096370902135,0.6,/work3/arnaou/checkpoints/megnet_Pc_trial_2479_best_state.pt,"{'learning_rate': 0.00954096370902135, 'lr_reduce': 0.6}",TPESampler,COMPLETE
