number,value,datetime_start,datetime_complete,duration,params_depth,params_edge_hidden_dim,params_mlp_dim_00,params_mlp_dim_01,params_mlp_dim_02,params_mlp_dim_03,params_mlp_n_layers,params_node_hidden_dim,params_rep_dropout,params_train_learning_rate,params_train_lr_reduce,user_attrs_best_state_dict_path,user_attrs_training_params,system_attrs_auto:sampler,state
1515,0.14935146272182465,2025-04-26 10:16:24.604906,2025-04-26 10:16:58.391315,0 days 00:00:33.786409,1,59,244,399.0,313.0,,3,82,0.024590624499097876,0.002443077035825946,0.6,/work3/arnaou/checkpoints/megnet_Pc_trial_1515_best_state.pt,"{'learning_rate': 0.002443077035825946, 'lr_reduce': 0.6}",TPESampler,COMPLETE
1516,0.1819537878036499,2025-04-26 10:16:25.547102,2025-04-26 10:17:04.559906,0 days 00:00:39.012804,2,39,417,361.0,367.0,,3,73,0.18886192077211267,0.009706775618705421,0.6,/work3/arnaou/checkpoints/megnet_Pc_trial_1516_best_state.pt,"{'learning_rate': 0.009706775618705421, 'lr_reduce': 0.6}",TPESampler,COMPLETE
1517,0.8869284391403198,2025-04-26 10:16:41.385368,2025-04-26 10:16:50.251497,0 days 00:00:08.866129,4,47,473,427.0,289.0,298.0,4,113,0.15860326513910333,0.00010551748260090402,0.6,/work3/arnaou/checkpoints/megnet_Pc_trial_1517_best_state.pt,"{'learning_rate': 0.00010551748260090402, 'lr_reduce': 0.6}",TPESampler,COMPLETE
1518,0.8866487741470337,2025-04-26 10:16:50.476103,2025-04-26 10:16:55.817358,0 days 00:00:05.341255,3,35,129,,,,1,123,0.023154598451351115,0.001107538958926133,0.6,/work3/arnaou/checkpoints/megnet_Pc_trial_1518_best_state.pt,"{'learning_rate': 0.001107538958926133, 'lr_reduce': 0.6}",TPESampler,COMPLETE
1519,0.08167058229446411,2025-04-26 10:16:56.065040,2025-04-26 10:17:19.763098,0 days 00:00:23.698058,1,63,187,302.0,350.0,507.0,4,93,0.016326081305514953,0.008638377930186378,0.6,/work3/arnaou/checkpoints/megnet_Pc_trial_1519_best_state.pt,"{'learning_rate': 0.008638377930186378, 'lr_reduce': 0.6}",TPESampler,COMPLETE
1520,0.11176194250583649,2025-04-26 10:16:58.606499,2025-04-26 10:17:33.954660,0 days 00:00:35.348161,1,98,375,235.0,385.0,,3,94,0.20822003047275212,0.0071141876061400645,0.6,/work3/arnaou/checkpoints/megnet_Pc_trial_1520_best_state.pt,"{'learning_rate': 0.0071141876061400645, 'lr_reduce': 0.6}",TPESampler,COMPLETE
1521,0.5098669528961182,2025-04-26 10:17:05.019533,2025-04-26 10:17:14.280231,0 days 00:00:09.260698,2,80,171,,,,1,77,0.009564630180137666,0.007672701041989799,0.6,/work3/arnaou/checkpoints/megnet_Pc_trial_1521_best_state.pt,"{'learning_rate': 0.007672701041989799, 'lr_reduce': 0.6}",TPESampler,COMPLETE
1522,0.15690051019191742,2025-04-26 10:17:14.528427,2025-04-26 10:17:51.994350,0 days 00:00:37.465923,2,76,96,353.0,,,2,99,1.7382922735389647e-05,0.004076474593688547,0.6,/work3/arnaou/checkpoints/megnet_Pc_trial_1522_best_state.pt,"{'learning_rate': 0.004076474593688547, 'lr_reduce': 0.6}",TPESampler,COMPLETE
1523,0.3039778172969818,2025-04-26 10:17:20.009722,2025-04-26 10:17:35.982757,0 days 00:00:15.973035,2,58,360,407.0,264.0,,3,84,0.24172049680758909,0.003832827830541717,0.6,/work3/arnaou/checkpoints/megnet_Pc_trial_1523_best_state.pt,"{'learning_rate': 0.003832827830541717, 'lr_reduce': 0.6}",TPESampler,COMPLETE
1524,0.8867316842079163,2025-04-26 10:17:34.213455,2025-04-26 10:17:40.494171,0 days 00:00:06.280716,3,79,96,256.0,328.0,222.0,4,48,0.12687380983094856,0.0003678573230187913,0.6,/work3/arnaou/checkpoints/megnet_Pc_trial_1524_best_state.pt,"{'learning_rate': 0.0003678573230187913, 'lr_reduce': 0.6}",TPESampler,COMPLETE
1525,0.4542776048183441,2025-04-26 10:17:36.203038,2025-04-26 10:17:59.974420,0 days 00:00:23.771382,1,73,251,437.0,,,2,82,0.07572932719786975,0.009094897605700517,0.6,/work3/arnaou/checkpoints/megnet_Pc_trial_1525_best_state.pt,"{'learning_rate': 0.009094897605700517, 'lr_reduce': 0.6}",TPESampler,COMPLETE
1526,0.14393651485443115,2025-04-26 10:17:40.767816,2025-04-26 10:18:09.659540,0 days 00:00:28.891724,1,47,190,386.0,388.0,171.0,4,101,0.04763956064224199,0.0024505451694460377,0.6,/work3/arnaou/checkpoints/megnet_Pc_trial_1526_best_state.pt,"{'learning_rate': 0.0024505451694460377, 'lr_reduce': 0.6}",TPESampler,COMPLETE
1527,0.15038563311100006,2025-04-26 10:17:52.379132,2025-04-26 10:18:19.467853,0 days 00:00:27.088721,1,115,269,341.0,,,2,101,0.1978111119347887,0.009664536112787942,0.6,/work3/arnaou/checkpoints/megnet_Pc_trial_1527_best_state.pt,"{'learning_rate': 0.009664536112787942, 'lr_reduce': 0.6}",TPESampler,COMPLETE
1528,0.17972514033317566,2025-04-26 10:18:00.201947,2025-04-26 10:18:40.309836,0 days 00:00:40.107889,1,94,135,476.0,,,2,101,0.006274125018638298,0.006412805300697534,0.6,/work3/arnaou/checkpoints/megnet_Pc_trial_1528_best_state.pt,"{'learning_rate': 0.006412805300697534, 'lr_reduce': 0.6}",TPESampler,COMPLETE
1529,0.11776228994131088,2025-04-26 10:18:09.889300,2025-04-26 10:18:40.314444,0 days 00:00:30.425144,1,62,85,104.0,,,2,125,0.060291252209469445,0.009766734287122696,0.6,/work3/arnaou/checkpoints/megnet_Pc_trial_1529_best_state.pt,"{'learning_rate': 0.009766734287122696, 'lr_reduce': 0.6}",TPESampler,COMPLETE
1530,0.8863962888717651,2025-04-26 10:18:19.683608,2025-04-26 10:18:26.081197,0 days 00:00:06.397589,1,124,358,287.0,303.0,,3,98,0.04990830293505283,0.00010427580811977684,0.6,/work3/arnaou/checkpoints/megnet_Pc_trial_1530_best_state.pt,"{'learning_rate': 0.00010427580811977684, 'lr_reduce': 0.6}",TPESampler,COMPLETE
1531,0.12974099814891815,2025-04-26 10:18:26.308522,2025-04-26 10:18:50.361973,0 days 00:00:24.053451,1,64,185,,,,1,101,0.056926662409532626,0.0025165535432299926,0.6,/work3/arnaou/checkpoints/megnet_Pc_trial_1531_best_state.pt,"{'learning_rate': 0.0025165535432299926, 'lr_reduce': 0.6}",TPESampler,COMPLETE
1532,0.16662421822547913,2025-04-26 10:18:40.466146,2025-04-26 10:18:56.599797,0 days 00:00:16.133651,1,43,179,403.0,,,2,127,0.05809491973547273,0.002626274168115409,0.6,/work3/arnaou/checkpoints/megnet_Pc_trial_1532_best_state.pt,"{'learning_rate': 0.002626274168115409, 'lr_reduce': 0.6}",TPESampler,COMPLETE
1533,0.11864946037530899,2025-04-26 10:18:40.505316,2025-04-26 10:19:17.775515,0 days 00:00:37.270199,2,39,454,,,,1,47,0.16919760250373544,0.009681741054061135,0.6,/work3/arnaou/checkpoints/megnet_Pc_trial_1533_best_state.pt,"{'learning_rate': 0.009681741054061135, 'lr_reduce': 0.6}",TPESampler,COMPLETE
1534,0.11246263980865479,2025-04-26 10:18:50.582726,2025-04-26 10:19:27.630379,0 days 00:00:37.047653,2,49,383,,,,1,86,0.14148208954528008,0.004647632089140267,0.6,/work3/arnaou/checkpoints/megnet_Pc_trial_1534_best_state.pt,"{'learning_rate': 0.004647632089140267, 'lr_reduce': 0.6}",TPESampler,COMPLETE
1535,0.19559688866138458,2025-04-26 10:18:56.828979,2025-04-26 10:19:17.181500,0 days 00:00:20.352521,2,45,438,361.0,,,2,58,0.17451773065820442,0.0026364176531813704,0.6,/work3/arnaou/checkpoints/megnet_Pc_trial_1535_best_state.pt,"{'learning_rate': 0.0026364176531813704, 'lr_reduce': 0.6}",TPESampler,COMPLETE
1536,0.1794518530368805,2025-04-26 10:19:17.383848,2025-04-26 10:19:46.178665,0 days 00:00:28.794817,1,59,216,441.0,346.0,,3,127,0.07217311548051264,0.008730930780626258,0.6,/work3/arnaou/checkpoints/megnet_Pc_trial_1536_best_state.pt,"{'learning_rate': 0.008730930780626258, 'lr_reduce': 0.6}",TPESampler,COMPLETE
1537,0.33408108353614807,2025-04-26 10:19:18.039152,2025-04-26 10:19:33.745315,0 days 00:00:15.706163,1,60,360,241.0,420.0,,3,78,0.21451440865391283,0.009150613419334283,0.6,/work3/arnaou/checkpoints/megnet_Pc_trial_1537_best_state.pt,"{'learning_rate': 0.009150613419334283, 'lr_reduce': 0.6}",TPESampler,COMPLETE
1538,0.1340448409318924,2025-04-26 10:19:27.873132,2025-04-26 10:19:52.321574,0 days 00:00:24.448442,1,32,504,313.0,,,2,71,0.18122300412676484,0.0042367792739769206,0.6,/work3/arnaou/checkpoints/megnet_Pc_trial_1538_best_state.pt,"{'learning_rate': 0.0042367792739769206, 'lr_reduce': 0.6}",TPESampler,COMPLETE
1539,0.11557361483573914,2025-04-26 10:19:33.976818,2025-04-26 10:19:58.972776,0 days 00:00:24.995958,1,49,442,393.0,,,2,96,0.24769279379016085,0.009046583415994484,0.6,/work3/arnaou/checkpoints/megnet_Pc_trial_1539_best_state.pt,"{'learning_rate': 0.009046583415994484, 'lr_reduce': 0.6}",TPESampler,COMPLETE
1540,0.14046384394168854,2025-04-26 10:19:46.406663,2025-04-26 10:20:06.639483,0 days 00:00:20.232820,1,120,497,257.0,251.0,,3,109,0.00010938175476102319,0.0030820285475057336,0.6,/work3/arnaou/checkpoints/megnet_Pc_trial_1540_best_state.pt,"{'learning_rate': 0.0030820285475057336, 'lr_reduce': 0.6}",TPESampler,COMPLETE
1541,0.12977151572704315,2025-04-26 10:19:52.532100,2025-04-26 10:20:17.806969,0 days 00:00:25.274869,1,55,295,344.0,388.0,369.0,4,80,0.020105875289112327,0.0032342370072424506,0.6,/work3/arnaou/checkpoints/megnet_Pc_trial_1541_best_state.pt,"{'learning_rate': 0.0032342370072424506, 'lr_reduce': 0.6}",TPESampler,COMPLETE
1542,0.1241781935095787,2025-04-26 10:19:59.190209,2025-04-26 10:20:34.238755,0 days 00:00:35.048546,1,71,85,437.0,,,2,103,0.014199385001112534,0.003367282871562631,0.6,/work3/arnaou/checkpoints/megnet_Pc_trial_1542_best_state.pt,"{'learning_rate': 0.003367282871562631, 'lr_reduce': 0.6}",TPESampler,COMPLETE
1543,0.8864679932594299,2025-04-26 10:20:06.884462,2025-04-26 10:20:13.902687,0 days 00:00:07.018225,3,99,154,,,,1,87,0.043533128798545095,0.002004498286152148,0.6,/work3/arnaou/checkpoints/megnet_Pc_trial_1543_best_state.pt,"{'learning_rate': 0.002004498286152148, 'lr_reduce': 0.6}",TPESampler,COMPLETE
1544,0.16517449915409088,2025-04-26 10:20:14.132148,2025-04-26 10:20:51.524081,0 days 00:00:37.391933,1,85,96,478.0,,,2,72,0.010199435049369309,0.005364967936539814,0.6,/work3/arnaou/checkpoints/megnet_Pc_trial_1544_best_state.pt,"{'learning_rate': 0.005364967936539814, 'lr_reduce': 0.6}",TPESampler,COMPLETE
1545,0.14251463115215302,2025-04-26 10:20:18.032043,2025-04-26 10:20:44.300979,0 days 00:00:26.268936,1,32,463,98.0,291.0,,3,56,0.13385870845399178,0.004271137656739423,0.6,/work3/arnaou/checkpoints/megnet_Pc_trial_1545_best_state.pt,"{'learning_rate': 0.004271137656739423, 'lr_reduce': 0.6}",TPESampler,COMPLETE
1546,0.09385157376527786,2025-04-26 10:20:34.451150,2025-04-26 10:21:08.138328,0 days 00:00:33.687178,1,54,390,377.0,,,2,93,0.1927479206240423,0.008413729515862032,0.6,/work3/arnaou/checkpoints/megnet_Pc_trial_1546_best_state.pt,"{'learning_rate': 0.008413729515862032, 'lr_reduce': 0.6}",TPESampler,COMPLETE
1547,0.10118381679058075,2025-04-26 10:20:44.504191,2025-04-26 10:21:10.635311,0 days 00:00:26.131120,1,45,320,299.0,,,2,77,0.19021184764342688,0.004664709131186474,0.6,/work3/arnaou/checkpoints/megnet_Pc_trial_1547_best_state.pt,"{'learning_rate': 0.004664709131186474, 'lr_reduce': 0.6}",TPESampler,COMPLETE
1548,0.15371710062026978,2025-04-26 10:20:51.762618,2025-04-26 10:21:03.889798,0 days 00:00:12.127180,1,72,104,411.0,,,2,117,0.13571919625484924,0.006055649444292265,0.6,/work3/arnaou/checkpoints/megnet_Pc_trial_1548_best_state.pt,"{'learning_rate': 0.006055649444292265, 'lr_reduce': 0.6}",TPESampler,COMPLETE
1549,0.15896518528461456,2025-04-26 10:21:04.100809,2025-04-26 10:21:32.249322,0 days 00:00:28.148513,1,79,64,,,,1,74,0.009275914337784966,0.004325751012930964,0.6,/work3/arnaou/checkpoints/megnet_Pc_trial_1549_best_state.pt,"{'learning_rate': 0.004325751012930964, 'lr_reduce': 0.6}",TPESampler,COMPLETE
1550,0.10109138488769531,2025-04-26 10:21:08.363036,2025-04-26 10:21:42.227797,0 days 00:00:33.864761,1,77,84,336.0,,,2,86,0.00837662710566876,0.003937013378356998,0.6,/work3/arnaou/checkpoints/megnet_Pc_trial_1550_best_state.pt,"{'learning_rate': 0.003937013378356998, 'lr_reduce': 0.6}",TPESampler,COMPLETE
1551,0.18676096200942993,2025-04-26 10:21:10.849133,2025-04-26 10:21:44.808669,0 days 00:00:33.959536,1,83,391,240.0,336.0,,3,95,0.0015590165307722004,0.0003394430742597807,0.6,/work3/arnaou/checkpoints/megnet_Pc_trial_1551_best_state.pt,"{'learning_rate': 0.0003394430742597807, 'lr_reduce': 0.6}",TPESampler,COMPLETE
1552,0.08412685245275497,2025-04-26 10:21:32.484167,2025-04-26 10:22:11.041916,0 days 00:00:38.557749,1,66,356,383.0,421.0,,3,92,0.07697707032987071,0.004722117710784982,0.6,/work3/arnaou/checkpoints/megnet_Pc_trial_1552_best_state.pt,"{'learning_rate': 0.004722117710784982, 'lr_reduce': 0.6}",TPESampler,COMPLETE
1553,0.1874396651983261,2025-04-26 10:21:42.439066,2025-04-26 10:22:11.548025,0 days 00:00:29.108959,1,66,81,427.0,347.0,,3,106,0.039470985492337685,0.001976179943430159,0.6,/work3/arnaou/checkpoints/megnet_Pc_trial_1553_best_state.pt,"{'learning_rate': 0.001976179943430159, 'lr_reduce': 0.6}",TPESampler,COMPLETE
1554,0.8870692849159241,2025-04-26 10:21:45.061036,2025-04-26 10:21:51.386409,0 days 00:00:06.325373,2,115,430,286.0,305.0,,3,49,0.02278351423050562,0.0001872599287837488,0.6,/work3/arnaou/checkpoints/megnet_Pc_trial_1554_best_state.pt,"{'learning_rate': 0.0001872599287837488, 'lr_reduce': 0.6}",TPESampler,COMPLETE
1555,0.12865598499774933,2025-04-26 10:21:51.639555,2025-04-26 10:22:24.127410,0 days 00:00:32.487855,1,35,439,366.0,,,2,84,0.16077012208503705,0.009976314251610467,0.6,/work3/arnaou/checkpoints/megnet_Pc_trial_1555_best_state.pt,"{'learning_rate': 0.009976314251610467, 'lr_reduce': 0.6}",TPESampler,COMPLETE
1556,0.1018834337592125,2025-04-26 10:22:11.498681,2025-04-26 10:22:49.618397,0 days 00:00:38.119716,1,42,154,477.0,,,2,126,0.14164292858183927,0.005170312563035723,0.6,/work3/arnaou/checkpoints/megnet_Pc_trial_1556_best_state.pt,"{'learning_rate': 0.005170312563035723, 'lr_reduce': 0.6}",TPESampler,COMPLETE
1557,0.15419849753379822,2025-04-26 10:22:11.822664,2025-04-26 10:22:32.659812,0 days 00:00:20.837148,1,105,457,93.0,,,2,110,0.17391867295517996,0.0021657497475363724,0.6,/work3/arnaou/checkpoints/megnet_Pc_trial_1557_best_state.pt,"{'learning_rate': 0.0021657497475363724, 'lr_reduce': 0.6}",TPESampler,COMPLETE
1558,0.8867128491401672,2025-04-26 10:22:24.361753,2025-04-26 10:22:31.602478,0 days 00:00:07.240725,4,93,486,246.0,,,2,91,0.12937345818082308,0.00219786264843726,0.6,/work3/arnaou/checkpoints/megnet_Pc_trial_1558_best_state.pt,"{'learning_rate': 0.00219786264843726, 'lr_reduce': 0.6}",TPESampler,COMPLETE
1559,0.8868233561515808,2025-04-26 10:22:31.823280,2025-04-26 10:22:38.135872,0 days 00:00:06.312592,4,42,204,406.0,394.0,268.0,4,35,0.031920481623433,0.0008291350614129103,0.6,/work3/arnaou/checkpoints/megnet_Pc_trial_1559_best_state.pt,"{'learning_rate': 0.0008291350614129103, 'lr_reduce': 0.6}",TPESampler,COMPLETE
1560,0.25311267375946045,2025-04-26 10:22:32.994449,2025-04-26 10:22:42.366244,0 days 00:00:09.371795,1,119,404,310.0,,,2,113,0.23699799131923396,0.002565763816028633,0.6,/work3/arnaou/checkpoints/megnet_Pc_trial_1560_best_state.pt,"{'learning_rate': 0.002565763816028633, 'lr_reduce': 0.6}",TPESampler,COMPLETE
1561,0.17652831971645355,2025-04-26 10:22:38.368993,2025-04-26 10:22:53.278676,0 days 00:00:14.909683,1,58,169,439.0,,,2,123,0.012965023972862963,0.0024213552587166384,0.6,/work3/arnaou/checkpoints/megnet_Pc_trial_1561_best_state.pt,"{'learning_rate': 0.0024213552587166384, 'lr_reduce': 0.6}",TPESampler,COMPLETE
1562,0.1027965396642685,2025-04-26 10:22:42.686935,2025-04-26 10:23:21.697742,0 days 00:00:39.010807,1,49,448,323.0,,,2,105,0.19889441205614758,0.0008423270023506374,0.6,/work3/arnaou/checkpoints/megnet_Pc_trial_1562_best_state.pt,"{'learning_rate': 0.0008423270023506374, 'lr_reduce': 0.6}",TPESampler,COMPLETE
1563,0.08180081844329834,2025-04-26 10:22:50.104988,2025-04-26 10:23:26.241256,0 days 00:00:36.136268,1,83,209,372.0,,,2,108,0.12231751659338956,0.004514599460415557,0.6,/work3/arnaou/checkpoints/megnet_Pc_trial_1563_best_state.pt,"{'learning_rate': 0.004514599460415557, 'lr_reduce': 0.6}",TPESampler,COMPLETE
1564,0.13466666638851166,2025-04-26 10:22:53.496460,2025-04-26 10:23:12.958058,0 days 00:00:19.461598,1,58,213,275.0,258.0,323.0,4,107,0.050072286543768656,0.0037525411197245426,0.6,/work3/arnaou/checkpoints/megnet_Pc_trial_1564_best_state.pt,"{'learning_rate': 0.0037525411197245426, 'lr_reduce': 0.6}",TPESampler,COMPLETE
1565,0.10331829637289047,2025-04-26 10:23:13.246716,2025-04-26 10:23:43.358453,0 days 00:00:30.111737,1,46,368,391.0,340.0,,3,78,0.24825137412151896,0.009238682482626975,0.6,/work3/arnaou/checkpoints/megnet_Pc_trial_1565_best_state.pt,"{'learning_rate': 0.009238682482626975, 'lr_reduce': 0.6}",TPESampler,COMPLETE
1566,0.16332748532295227,2025-04-26 10:23:21.932317,2025-04-26 10:23:54.762479,0 days 00:00:32.830162,2,64,209,232.0,,,2,108,0.09517137388745053,0.003070779226495627,0.6,/work3/arnaou/checkpoints/megnet_Pc_trial_1566_best_state.pt,"{'learning_rate': 0.003070779226495627, 'lr_reduce': 0.6}",TPESampler,COMPLETE
1567,0.14074964821338654,2025-04-26 10:23:26.489507,2025-04-26 10:23:57.667370,0 days 00:00:31.177863,1,58,286,,,,1,98,0.21769335963163786,0.00150613439754958,0.6,/work3/arnaou/checkpoints/megnet_Pc_trial_1567_best_state.pt,"{'learning_rate': 0.00150613439754958, 'lr_reduce': 0.6}",TPESampler,COMPLETE
1568,0.14833059906959534,2025-04-26 10:23:43.588277,2025-04-26 10:24:25.940304,0 days 00:00:42.352027,3,52,391,,,,1,82,0.08956875803338156,0.007968400172540033,0.6,/work3/arnaou/checkpoints/megnet_Pc_trial_1568_best_state.pt,"{'learning_rate': 0.007968400172540033, 'lr_reduce': 0.6}",TPESampler,COMPLETE
1569,0.10084183514118195,2025-04-26 10:23:54.999952,2025-04-26 10:24:21.965804,0 days 00:00:26.965852,1,58,430,449.0,438.0,,3,71,0.1941405436015197,0.00816967100847804,0.6,/work3/arnaou/checkpoints/megnet_Pc_trial_1569_best_state.pt,"{'learning_rate': 0.00816967100847804, 'lr_reduce': 0.6}",TPESampler,COMPLETE
1570,0.14941561222076416,2025-04-26 10:23:57.885156,2025-04-26 10:24:15.390817,0 days 00:00:17.505661,1,46,74,346.0,,,2,128,0.04939479145717624,0.003853377377579973,0.6,/work3/arnaou/checkpoints/megnet_Pc_trial_1570_best_state.pt,"{'learning_rate': 0.003853377377579973, 'lr_reduce': 0.6}",TPESampler,COMPLETE
1571,0.10826358199119568,2025-04-26 10:24:15.767166,2025-04-26 10:24:50.550971,0 days 00:00:34.783805,1,60,131,411.0,,,2,97,0.07843626133563493,0.003525118411601588,0.6,/work3/arnaou/checkpoints/megnet_Pc_trial_1571_best_state.pt,"{'learning_rate': 0.003525118411601588, 'lr_reduce': 0.6}",TPESampler,COMPLETE
1572,0.1232183575630188,2025-04-26 10:24:22.199990,2025-04-26 10:24:57.487487,0 days 00:00:35.287497,1,49,268,,,,1,57,0.013819841447133413,0.0011514812256873317,0.6,/work3/arnaou/checkpoints/megnet_Pc_trial_1572_best_state.pt,"{'learning_rate': 0.0011514812256873317, 'lr_reduce': 0.6}",TPESampler,COMPLETE
1573,0.38949304819107056,2025-04-26 10:24:26.177549,2025-04-26 10:24:39.947783,0 days 00:00:13.770234,1,51,399,113.0,385.0,,3,78,0.13181159731273084,0.00986898063680769,0.6,/work3/arnaou/checkpoints/megnet_Pc_trial_1573_best_state.pt,"{'learning_rate': 0.00986898063680769, 'lr_reduce': 0.6}",TPESampler,COMPLETE
1574,0.14292410016059875,2025-04-26 10:24:40.364142,2025-04-26 10:24:58.928792,0 days 00:00:18.564650,1,42,153,287.0,,,2,127,0.005152974785085761,0.002276770873186455,0.6,/work3/arnaou/checkpoints/megnet_Pc_trial_1574_best_state.pt,"{'learning_rate': 0.002276770873186455, 'lr_reduce': 0.6}",TPESampler,COMPLETE
1575,0.08284460008144379,2025-04-26 10:24:50.777542,2025-04-26 10:25:13.320761,0 days 00:00:22.543219,1,36,372,360.0,302.0,,3,92,0.2295722159543507,0.00913778452754389,0.6,/work3/arnaou/checkpoints/megnet_Pc_trial_1575_best_state.pt,"{'learning_rate': 0.00913778452754389, 'lr_reduce': 0.6}",TPESampler,COMPLETE
1576,0.08890476077795029,2025-04-26 10:24:57.709904,2025-04-26 10:25:30.498045,0 days 00:00:32.788141,1,33,410,410.0,,,2,79,0.1897151633023694,0.008669368059092665,0.6,/work3/arnaou/checkpoints/megnet_Pc_trial_1576_best_state.pt,"{'learning_rate': 0.008669368059092665, 'lr_reduce': 0.6}",TPESampler,COMPLETE
1577,0.12263503670692444,2025-04-26 10:24:59.134538,2025-04-26 10:25:16.170308,0 days 00:00:17.035770,1,64,163,,,,1,92,0.0020231809833763164,0.004160895377157896,0.6,/work3/arnaou/checkpoints/megnet_Pc_trial_1577_best_state.pt,"{'learning_rate': 0.004160895377157896, 'lr_reduce': 0.6}",TPESampler,COMPLETE
1578,0.09232417494058609,2025-04-26 10:25:13.545659,2025-04-26 10:25:40.891937,0 days 00:00:27.346278,1,58,388,,,,1,60,0.14600250737362502,0.005108819759661323,0.6,/work3/arnaou/checkpoints/megnet_Pc_trial_1578_best_state.pt,"{'learning_rate': 0.005108819759661323, 'lr_reduce': 0.6}",TPESampler,COMPLETE
1579,0.41694775223731995,2025-04-26 10:25:16.404440,2025-04-26 10:25:28.960231,0 days 00:00:12.555791,1,40,495,475.0,,,2,80,0.16900194636428037,0.00964189834267382,0.6,/work3/arnaou/checkpoints/megnet_Pc_trial_1579_best_state.pt,"{'learning_rate': 0.00964189834267382, 'lr_reduce': 0.6}",TPESampler,COMPLETE
1580,0.8867080807685852,2025-04-26 10:25:29.160269,2025-04-26 10:25:34.748890,0 days 00:00:05.588621,3,51,335,230.0,,,2,65,0.22823606429542484,0.0002473091010994027,0.6,/work3/arnaou/checkpoints/megnet_Pc_trial_1580_best_state.pt,"{'learning_rate': 0.0002473091010994027, 'lr_reduce': 0.6}",TPESampler,COMPLETE
1581,0.24047572910785675,2025-04-26 10:25:30.794570,2025-04-26 10:26:06.293625,0 days 00:00:35.499055,2,48,455,317.0,,,2,85,0.14423650883534664,0.007332392298038938,0.6,/work3/arnaou/checkpoints/megnet_Pc_trial_1581_best_state.pt,"{'learning_rate': 0.007332392298038938, 'lr_reduce': 0.6}",TPESampler,COMPLETE
1582,0.20283354818820953,2025-04-26 10:25:34.978501,2025-04-26 10:26:05.388169,0 days 00:00:30.409668,2,35,479,,,,1,84,0.11686828509176914,0.006845350256038125,0.6,/work3/arnaou/checkpoints/megnet_Pc_trial_1582_best_state.pt,"{'learning_rate': 0.006845350256038125, 'lr_reduce': 0.6}",TPESampler,COMPLETE
1583,0.10859387367963791,2025-04-26 10:25:41.122575,2025-04-26 10:26:12.543457,0 days 00:00:31.420882,1,41,191,,,,1,107,0.0578725387168737,0.007740452811426345,0.6,/work3/arnaou/checkpoints/megnet_Pc_trial_1583_best_state.pt,"{'learning_rate': 0.007740452811426345, 'lr_reduce': 0.6}",TPESampler,COMPLETE
