number,value,datetime_start,datetime_complete,duration,params_depth,params_edge_hidden_dim,params_mlp_dim_00,params_mlp_dim_01,params_mlp_dim_02,params_mlp_dim_03,params_mlp_n_layers,params_node_hidden_dim,params_rep_dropout,params_train_learning_rate,params_train_lr_reduce,user_attrs_best_state_dict_path,user_attrs_training_params,system_attrs_auto:sampler,state
2480,0.13749784231185913,2025-04-26 12:25:59.884855,2025-04-26 12:26:18.735669,0 days 00:00:18.850814,1,59,231,,,,1,103,0.2025371249696611,0.0022575893970193514,0.6,/work3/arnaou/checkpoints/megnet_Pc_trial_2480_best_state.pt,"{'learning_rate': 0.0022575893970193514, 'lr_reduce': 0.6}",TPESampler,COMPLETE
2481,0.08808773756027222,2025-04-26 12:26:05.363653,2025-04-26 12:26:40.176358,0 days 00:00:34.812705,1,73,137,474.0,,,2,98,0.15818391502064502,0.0063366664699175375,0.6,/work3/arnaou/checkpoints/megnet_Pc_trial_2481_best_state.pt,"{'learning_rate': 0.0063366664699175375, 'lr_reduce': 0.6}",TPESampler,COMPLETE
2482,0.07769599556922913,2025-04-26 12:26:17.527564,2025-04-26 12:26:53.688052,0 days 00:00:36.160488,1,66,168,,,,1,84,0.18486454095110655,0.00883971411783945,0.6,/work3/arnaou/checkpoints/megnet_Pc_trial_2482_best_state.pt,"{'learning_rate': 0.00883971411783945, 'lr_reduce': 0.6}",TPESampler,COMPLETE
2483,0.13266199827194214,2025-04-26 12:26:18.920440,2025-04-26 12:26:46.370875,0 days 00:00:27.450435,1,71,261,416.0,,,2,87,0.17007136613432658,0.004410247650686537,0.6,/work3/arnaou/checkpoints/megnet_Pc_trial_2483_best_state.pt,"{'learning_rate': 0.004410247650686537, 'lr_reduce': 0.6}",TPESampler,COMPLETE
2484,0.1724575310945511,2025-04-26 12:26:40.367140,2025-04-26 12:27:06.184002,0 days 00:00:25.816862,2,67,213,,,,1,99,0.16385281351202102,0.002987613178462223,0.6,/work3/arnaou/checkpoints/megnet_Pc_trial_2484_best_state.pt,"{'learning_rate': 0.002987613178462223, 'lr_reduce': 0.6}",TPESampler,COMPLETE
2485,0.0955432653427124,2025-04-26 12:26:46.614772,2025-04-26 12:27:14.079747,0 days 00:00:27.464975,1,59,226,,,,1,82,0.17037680930915836,0.008125613178218399,0.6,/work3/arnaou/checkpoints/megnet_Pc_trial_2485_best_state.pt,"{'learning_rate': 0.008125613178218399, 'lr_reduce': 0.6}",TPESampler,COMPLETE
2486,0.10874604433774948,2025-04-26 12:26:53.935940,2025-04-26 12:27:25.681515,0 days 00:00:31.745575,1,55,106,,,,1,92,0.13934722381480133,0.005117283408191541,0.6,/work3/arnaou/checkpoints/megnet_Pc_trial_2486_best_state.pt,"{'learning_rate': 0.005117283408191541, 'lr_reduce': 0.6}",TPESampler,COMPLETE
2487,0.1619524210691452,2025-04-26 12:27:06.392156,2025-04-26 12:27:25.816850,0 days 00:00:19.424694,1,51,200,,,,1,104,0.1637977047881891,0.006735529347193742,0.6,/work3/arnaou/checkpoints/megnet_Pc_trial_2487_best_state.pt,"{'learning_rate': 0.006735529347193742, 'lr_reduce': 0.6}",TPESampler,COMPLETE
2488,0.12896853685379028,2025-04-26 12:27:14.321221,2025-04-26 12:27:37.903122,0 days 00:00:23.581901,1,56,248,,,,1,93,0.21057346786012188,0.0035133603169200437,0.6,/work3/arnaou/checkpoints/megnet_Pc_trial_2488_best_state.pt,"{'learning_rate': 0.0035133603169200437, 'lr_reduce': 0.6}",TPESampler,COMPLETE
2489,0.14368706941604614,2025-04-26 12:27:25.881207,2025-04-26 12:28:04.975529,0 days 00:00:39.094322,1,65,287,,,,1,107,0.1461750801282118,0.0072282842280464756,0.6,/work3/arnaou/checkpoints/megnet_Pc_trial_2489_best_state.pt,"{'learning_rate': 0.0072282842280464756, 'lr_reduce': 0.6}",TPESampler,COMPLETE
2490,0.08398770540952682,2025-04-26 12:27:26.031073,2025-04-26 12:27:53.080965,0 days 00:00:27.049892,1,64,217,,,,1,96,0.20525087883166293,0.005678991953000799,0.6,/work3/arnaou/checkpoints/megnet_Pc_trial_2490_best_state.pt,"{'learning_rate': 0.005678991953000799, 'lr_reduce': 0.6}",TPESampler,COMPLETE
2491,0.23993436992168427,2025-04-26 12:27:38.104559,2025-04-26 12:28:04.220662,0 days 00:00:26.116103,2,32,87,377.0,180.0,,3,78,0.07269175101772918,0.0036564453195066975,0.6,/work3/arnaou/checkpoints/megnet_Pc_trial_2491_best_state.pt,"{'learning_rate': 0.0036564453195066975, 'lr_reduce': 0.6}",TPESampler,COMPLETE
2492,0.11144503951072693,2025-04-26 12:27:53.342576,2025-04-26 12:28:28.464362,0 days 00:00:35.121786,2,70,245,,,,1,77,0.20406666503214121,0.0033644207340565247,0.6,/work3/arnaou/checkpoints/megnet_Pc_trial_2492_best_state.pt,"{'learning_rate': 0.0033644207340565247, 'lr_reduce': 0.6}",TPESampler,COMPLETE
2493,0.1319257616996765,2025-04-26 12:28:04.438426,2025-04-26 12:28:29.676397,0 days 00:00:25.237971,1,50,247,,,,1,101,0.1626535357413484,0.0031688682355740473,0.6,/work3/arnaou/checkpoints/megnet_Pc_trial_2493_best_state.pt,"{'learning_rate': 0.0031688682355740473, 'lr_reduce': 0.6}",TPESampler,COMPLETE
2494,0.17708460986614227,2025-04-26 12:28:05.195981,2025-04-26 12:28:33.822215,0 days 00:00:28.626234,1,37,198,,,,1,98,0.17799073809217777,0.008240473545167562,0.6,/work3/arnaou/checkpoints/megnet_Pc_trial_2494_best_state.pt,"{'learning_rate': 0.008240473545167562, 'lr_reduce': 0.6}",TPESampler,COMPLETE
2495,0.18105681240558624,2025-04-26 12:28:28.665541,2025-04-26 12:29:04.953241,0 days 00:00:36.287700,1,77,161,,,,1,59,0.13151578189057103,0.009276603953698715,0.6,/work3/arnaou/checkpoints/megnet_Pc_trial_2495_best_state.pt,"{'learning_rate': 0.009276603953698715, 'lr_reduce': 0.6}",TPESampler,COMPLETE
2496,0.12277670204639435,2025-04-26 12:28:29.880867,2025-04-26 12:29:05.823208,0 days 00:00:35.942341,1,56,74,509.0,312.0,270.0,4,103,0.07681945593994544,0.006996336599821278,0.6,/work3/arnaou/checkpoints/megnet_Pc_trial_2496_best_state.pt,"{'learning_rate': 0.006996336599821278, 'lr_reduce': 0.6}",TPESampler,COMPLETE
2497,0.08602810651063919,2025-04-26 12:28:34.058847,2025-04-26 12:28:59.113413,0 days 00:00:25.054566,1,85,295,443.0,405.0,159.0,4,71,0.06722623569487932,0.005187318493422138,0.6,/work3/arnaou/checkpoints/megnet_Pc_trial_2497_best_state.pt,"{'learning_rate': 0.005187318493422138, 'lr_reduce': 0.6}",TPESampler,COMPLETE
2498,0.07623836398124695,2025-04-26 12:28:59.336504,2025-04-26 12:29:22.454714,0 days 00:00:23.118210,1,65,301,410.0,354.0,,3,94,0.08014266502115938,0.008556029781822216,0.6,/work3/arnaou/checkpoints/megnet_Pc_trial_2498_best_state.pt,"{'learning_rate': 0.008556029781822216, 'lr_reduce': 0.6}",TPESampler,COMPLETE
2499,0.1443818360567093,2025-04-26 12:29:05.200369,2025-04-26 12:29:19.117997,0 days 00:00:13.917628,1,41,115,377.0,64.0,,3,108,0.07956460088680956,0.003407574096673149,0.6,/work3/arnaou/checkpoints/megnet_Pc_trial_2499_best_state.pt,"{'learning_rate': 0.003407574096673149, 'lr_reduce': 0.6}",TPESampler,COMPLETE
