number,value,datetime_start,datetime_complete,duration,params_depth,params_edge_hidden_dim,params_mlp_dim_00,params_mlp_dim_01,params_mlp_dim_02,params_mlp_dim_03,params_mlp_n_layers,params_node_hidden_dim,params_rep_dropout,params_train_learning_rate,params_train_lr_reduce,user_attrs_best_state_dict_path,user_attrs_training_params,system_attrs_auto:sampler,state
1790,0.21126751601696014,2025-04-26 10:53:30.339720,2025-04-26 10:53:46.859237,0 days 00:00:16.519517,1,42,426,421.0,387.0,,3,126,0.057114416468070875,0.009191293601183249,0.6,/work3/arnaou/checkpoints/megnet_Pc_trial_1790_best_state.pt,"{'learning_rate': 0.009191293601183249, 'lr_reduce': 0.6}",TPESampler,COMPLETE
1791,0.24541303515434265,2025-04-26 10:53:32.485007,2025-04-26 10:53:46.575936,0 days 00:00:14.090929,1,70,259,,,,1,121,0.24539833876121217,0.005542295132786247,0.6,/work3/arnaou/checkpoints/megnet_Pc_trial_1791_best_state.pt,"{'learning_rate': 0.005542295132786247, 'lr_reduce': 0.6}",TPESampler,COMPLETE
1792,0.13775503635406494,2025-04-26 10:53:46.799955,2025-04-26 10:54:11.669027,0 days 00:00:24.869072,1,76,217,295.0,320.0,328.0,4,91,0.08436186651470826,0.00523410870260986,0.6,/work3/arnaou/checkpoints/megnet_Pc_trial_1792_best_state.pt,"{'learning_rate': 0.00523410870260986, 'lr_reduce': 0.6}",TPESampler,COMPLETE
1793,0.2869319021701813,2025-04-26 10:53:47.135677,2025-04-26 10:54:24.265275,0 days 00:00:37.129598,2,37,155,256.0,261.0,,3,96,0.08121621462888047,0.0072786971925783445,0.6,/work3/arnaou/checkpoints/megnet_Pc_trial_1793_best_state.pt,"{'learning_rate': 0.0072786971925783445, 'lr_reduce': 0.6}",TPESampler,COMPLETE
1794,0.14586682617664337,2025-04-26 10:53:56.232316,2025-04-26 10:54:13.103535,0 days 00:00:16.871219,1,43,502,,,,1,72,0.1212018674053012,0.004157343313473809,0.6,/work3/arnaou/checkpoints/megnet_Pc_trial_1794_best_state.pt,"{'learning_rate': 0.004157343313473809, 'lr_reduce': 0.6}",TPESampler,COMPLETE
1795,0.8849807381629944,2025-04-26 10:54:11.901318,2025-04-26 10:54:21.087083,0 days 00:00:09.185765,1,45,79,96.0,356.0,164.0,4,80,0.11989880760603963,0.00010935602381924275,0.6,/work3/arnaou/checkpoints/megnet_Pc_trial_1795_best_state.pt,"{'learning_rate': 0.00010935602381924275, 'lr_reduce': 0.6}",TPESampler,COMPLETE
1796,0.1398826688528061,2025-04-26 10:54:13.396930,2025-04-26 10:54:48.461250,0 days 00:00:35.064320,1,56,271,,,,1,99,0.08038199466164021,0.008806167601580019,0.6,/work3/arnaou/checkpoints/megnet_Pc_trial_1796_best_state.pt,"{'learning_rate': 0.008806167601580019, 'lr_reduce': 0.6}",TPESampler,COMPLETE
1797,0.14821453392505646,2025-04-26 10:54:21.456556,2025-04-26 10:54:58.735748,0 days 00:00:37.279192,1,104,290,183.0,466.0,,3,97,0.23018693792437028,0.004302096531106335,0.6,/work3/arnaou/checkpoints/megnet_Pc_trial_1797_best_state.pt,"{'learning_rate': 0.004302096531106335, 'lr_reduce': 0.6}",TPESampler,COMPLETE
1798,0.07886087149381638,2025-04-26 10:54:24.499063,2025-04-26 10:54:51.743265,0 days 00:00:27.244202,1,34,397,415.0,218.0,,3,84,0.22293736762251856,0.005730987697614436,0.6,/work3/arnaou/checkpoints/megnet_Pc_trial_1798_best_state.pt,"{'learning_rate': 0.005730987697614436, 'lr_reduce': 0.6}",TPESampler,COMPLETE
1799,0.16278773546218872,2025-04-26 10:54:48.711700,2025-04-26 10:55:19.813941,0 days 00:00:31.102241,1,122,371,,,,1,116,0.24647820311075117,0.003259639002744811,0.6,/work3/arnaou/checkpoints/megnet_Pc_trial_1799_best_state.pt,"{'learning_rate': 0.003259639002744811, 'lr_reduce': 0.6}",TPESampler,COMPLETE
1800,0.15422701835632324,2025-04-26 10:54:51.964549,2025-04-26 10:55:19.126019,0 days 00:00:27.161470,2,89,85,351.0,,,2,110,0.20698556498424014,0.008156221735393678,0.6,/work3/arnaou/checkpoints/megnet_Pc_trial_1800_best_state.pt,"{'learning_rate': 0.008156221735393678, 'lr_reduce': 0.6}",TPESampler,COMPLETE
1801,0.1967749148607254,2025-04-26 10:54:58.957414,2025-04-26 10:55:32.712319,0 days 00:00:33.754905,2,35,175,,,,1,108,0.11805253129017929,0.0019540321351213664,0.6,/work3/arnaou/checkpoints/megnet_Pc_trial_1801_best_state.pt,"{'learning_rate': 0.0019540321351213664, 'lr_reduce': 0.6}",TPESampler,COMPLETE
1802,0.08860036730766296,2025-04-26 10:55:19.341402,2025-04-26 10:55:51.822964,0 days 00:00:32.481562,1,44,502,134.0,,,2,99,0.182727186418067,0.005801141232903358,0.6,/work3/arnaou/checkpoints/megnet_Pc_trial_1802_best_state.pt,"{'learning_rate': 0.005801141232903358, 'lr_reduce': 0.6}",TPESampler,COMPLETE
1803,0.08531708270311356,2025-04-26 10:55:20.035474,2025-04-26 10:55:49.250929,0 days 00:00:29.215455,1,59,292,512.0,,,2,84,0.13650317439916987,0.0069057153105730115,0.6,/work3/arnaou/checkpoints/megnet_Pc_trial_1803_best_state.pt,"{'learning_rate': 0.0069057153105730115, 'lr_reduce': 0.6}",TPESampler,COMPLETE
1804,0.09755204617977142,2025-04-26 10:55:32.955912,2025-04-26 10:56:07.258704,0 days 00:00:34.302792,1,47,204,446.0,,,2,100,0.019128658778915827,0.009057671139166034,0.6,/work3/arnaou/checkpoints/megnet_Pc_trial_1804_best_state.pt,"{'learning_rate': 0.009057671139166034, 'lr_reduce': 0.6}",TPESampler,COMPLETE
1805,0.192239448428154,2025-04-26 10:55:49.477977,2025-04-26 10:56:04.068232,0 days 00:00:14.590255,1,81,254,,,,1,116,0.21405764567229893,0.0011469517592866687,0.6,/work3/arnaou/checkpoints/megnet_Pc_trial_1805_best_state.pt,"{'learning_rate': 0.0011469517592866687, 'lr_reduce': 0.6}",TPESampler,COMPLETE
1806,0.13683268427848816,2025-04-26 10:55:52.050986,2025-04-26 10:56:19.543360,0 days 00:00:27.492374,1,41,210,379.0,402.0,217.0,4,102,0.09550516347180377,0.0038640175852024576,0.6,/work3/arnaou/checkpoints/megnet_Pc_trial_1806_best_state.pt,"{'learning_rate': 0.0038640175852024576, 'lr_reduce': 0.6}",TPESampler,COMPLETE
1807,0.12480609118938446,2025-04-26 10:56:04.277125,2025-04-26 10:56:29.129309,0 days 00:00:24.852184,1,33,427,323.0,,,2,64,0.14092720151607635,0.009780608530959927,0.6,/work3/arnaou/checkpoints/megnet_Pc_trial_1807_best_state.pt,"{'learning_rate': 0.009780608530959927, 'lr_reduce': 0.6}",TPESampler,COMPLETE
1808,0.10338636487722397,2025-04-26 10:56:07.544215,2025-04-26 10:56:36.613268,0 days 00:00:29.069053,1,35,472,220.0,,,2,88,0.22963797724935317,0.0032930038379625944,0.6,/work3/arnaou/checkpoints/megnet_Pc_trial_1808_best_state.pt,"{'learning_rate': 0.0032930038379625944, 'lr_reduce': 0.6}",TPESampler,COMPLETE
1809,0.12088992446660995,2025-04-26 10:56:19.785804,2025-04-26 10:56:39.386760,0 days 00:00:19.600956,1,92,311,276.0,,,2,117,0.18383670199566024,0.0041653238109811514,0.6,/work3/arnaou/checkpoints/megnet_Pc_trial_1809_best_state.pt,"{'learning_rate': 0.0041653238109811514, 'lr_reduce': 0.6}",TPESampler,COMPLETE
1810,0.8867232203483582,2025-04-26 10:56:29.362118,2025-04-26 10:56:35.003689,0 days 00:00:05.641571,2,85,161,413.0,,,2,105,0.13376916803375444,0.00023957444471063468,0.6,/work3/arnaou/checkpoints/megnet_Pc_trial_1810_best_state.pt,"{'learning_rate': 0.00023957444471063468, 'lr_reduce': 0.6}",TPESampler,COMPLETE
1811,0.1399495005607605,2025-04-26 10:56:35.224546,2025-04-26 10:57:10.240915,0 days 00:00:35.016369,1,36,186,,,,1,106,0.19561647976532381,0.007093348637446375,0.6,/work3/arnaou/checkpoints/megnet_Pc_trial_1811_best_state.pt,"{'learning_rate': 0.007093348637446375, 'lr_reduce': 0.6}",TPESampler,COMPLETE
1812,0.29492947459220886,2025-04-26 10:56:36.853339,2025-04-26 10:57:05.460949,0 days 00:00:28.607610,2,78,109,362.0,,,2,87,0.006542714988823914,0.009793504035915746,0.6,/work3/arnaou/checkpoints/megnet_Pc_trial_1812_best_state.pt,"{'learning_rate': 0.009793504035915746, 'lr_reduce': 0.6}",TPESampler,COMPLETE
1813,0.14124543964862823,2025-04-26 10:56:39.595008,2025-04-26 10:57:10.424001,0 days 00:00:30.828993,1,37,146,308.0,327.0,299.0,4,114,0.03550684936348261,0.007306647488100802,0.6,/work3/arnaou/checkpoints/megnet_Pc_trial_1813_best_state.pt,"{'learning_rate': 0.007306647488100802, 'lr_reduce': 0.6}",TPESampler,COMPLETE
1814,0.8872320055961609,2025-04-26 10:57:05.689467,2025-04-26 10:57:12.782404,0 days 00:00:07.092937,2,125,311,,,,1,109,0.14075443457979492,0.0002426014223722375,0.6,/work3/arnaou/checkpoints/megnet_Pc_trial_1814_best_state.pt,"{'learning_rate': 0.0002426014223722375, 'lr_reduce': 0.6}",TPESampler,COMPLETE
1815,0.17003364861011505,2025-04-26 10:57:10.437906,2025-04-26 10:57:32.043033,0 days 00:00:21.605127,1,76,181,248.0,,,2,97,0.1822633487594059,0.00768152342576775,0.6,/work3/arnaou/checkpoints/megnet_Pc_trial_1815_best_state.pt,"{'learning_rate': 0.00768152342576775, 'lr_reduce': 0.6}",TPESampler,COMPLETE
1816,0.1398557722568512,2025-04-26 10:57:10.605037,2025-04-26 10:57:40.930758,0 days 00:00:30.325721,1,64,107,65.0,,,2,105,0.002094042712306966,0.0032183837591134687,0.6,/work3/arnaou/checkpoints/megnet_Pc_trial_1816_best_state.pt,"{'learning_rate': 0.0032183837591134687, 'lr_reduce': 0.6}",TPESampler,COMPLETE
1817,0.11074447631835938,2025-04-26 10:57:13.009926,2025-04-26 10:57:40.870019,0 days 00:00:27.860093,1,51,244,,,,1,122,0.19785309907574541,0.002502506683676804,0.6,/work3/arnaou/checkpoints/megnet_Pc_trial_1817_best_state.pt,"{'learning_rate': 0.002502506683676804, 'lr_reduce': 0.6}",TPESampler,COMPLETE
1818,0.135239839553833,2025-04-26 10:57:32.436598,2025-04-26 10:57:54.147872,0 days 00:00:21.711274,1,34,306,467.0,298.0,,3,124,0.22640201376952318,0.006765953200348994,0.6,/work3/arnaou/checkpoints/megnet_Pc_trial_1818_best_state.pt,"{'learning_rate': 0.006765953200348994, 'lr_reduce': 0.6}",TPESampler,COMPLETE
1819,0.8860874772071838,2025-04-26 10:57:41.026993,2025-04-26 10:57:48.093309,0 days 00:00:07.066316,2,98,152,391.0,371.0,159.0,4,80,0.1038839166828603,0.00026562991308474055,0.6,/work3/arnaou/checkpoints/megnet_Pc_trial_1819_best_state.pt,"{'learning_rate': 0.00026562991308474055, 'lr_reduce': 0.6}",TPESampler,COMPLETE
1820,0.15960022807121277,2025-04-26 10:57:41.194020,2025-04-26 10:58:07.115652,0 days 00:00:25.921632,2,57,417,130.0,374.0,,3,114,0.06273759556139519,0.003798976913680211,0.6,/work3/arnaou/checkpoints/megnet_Pc_trial_1820_best_state.pt,"{'learning_rate': 0.003798976913680211, 'lr_reduce': 0.6}",TPESampler,COMPLETE
1821,0.190318301320076,2025-04-26 10:57:48.362706,2025-04-26 10:58:29.589139,0 days 00:00:41.226433,2,37,188,180.0,281.0,258.0,4,71,0.043476749209908,0.003454733447945537,0.6,/work3/arnaou/checkpoints/megnet_Pc_trial_1821_best_state.pt,"{'learning_rate': 0.003454733447945537, 'lr_reduce': 0.6}",TPESampler,COMPLETE
1822,0.2748304605484009,2025-04-26 10:57:54.400432,2025-04-26 10:58:06.856758,0 days 00:00:12.456326,1,75,438,345.0,,,2,75,0.15681132462647163,0.009841526608849332,0.6,/work3/arnaou/checkpoints/megnet_Pc_trial_1822_best_state.pt,"{'learning_rate': 0.009841526608849332, 'lr_reduce': 0.6}",TPESampler,COMPLETE
1823,0.8866017460823059,2025-04-26 10:58:07.071326,2025-04-26 10:58:13.324787,0 days 00:00:06.253461,2,103,512,419.0,432.0,,3,72,0.1470004766999741,0.00012689063832686183,0.6,/work3/arnaou/checkpoints/megnet_Pc_trial_1823_best_state.pt,"{'learning_rate': 0.00012689063832686183, 'lr_reduce': 0.6}",TPESampler,COMPLETE
1824,0.3555798828601837,2025-04-26 10:58:07.359470,2025-04-26 10:58:23.423682,0 days 00:00:16.064212,2,128,361,276.0,205.0,111.0,4,84,0.09178901764448379,0.0011860018803210015,0.6,/work3/arnaou/checkpoints/megnet_Pc_trial_1824_best_state.pt,"{'learning_rate': 0.0011860018803210015, 'lr_reduce': 0.6}",TPESampler,COMPLETE
1825,0.14098240435123444,2025-04-26 10:58:13.542544,2025-04-26 10:58:39.227621,0 days 00:00:25.685077,1,51,168,216.0,327.0,,3,115,0.052017925638055795,0.0015852643094115904,0.6,/work3/arnaou/checkpoints/megnet_Pc_trial_1825_best_state.pt,"{'learning_rate': 0.0015852643094115904, 'lr_reduce': 0.6}",TPESampler,COMPLETE
1826,0.20364588499069214,2025-04-26 10:58:23.636511,2025-04-26 10:58:49.120979,0 days 00:00:25.484468,2,104,80,443.0,,,2,46,0.0282696150838109,0.0032394376683547283,0.6,/work3/arnaou/checkpoints/megnet_Pc_trial_1826_best_state.pt,"{'learning_rate': 0.0032394376683547283, 'lr_reduce': 0.6}",TPESampler,COMPLETE
1827,0.08709915727376938,2025-04-26 10:58:29.808299,2025-04-26 10:59:03.961103,0 days 00:00:34.152804,1,42,269,,,,1,104,0.1933060138821198,0.005010695663928206,0.6,/work3/arnaou/checkpoints/megnet_Pc_trial_1827_best_state.pt,"{'learning_rate': 0.005010695663928206, 'lr_reduce': 0.6}",TPESampler,COMPLETE
1828,0.8871598243713379,2025-04-26 10:58:39.484154,2025-04-26 10:58:46.424874,0 days 00:00:06.940720,4,47,190,,,,1,98,0.10489234958483956,0.001367148611702079,0.6,/work3/arnaou/checkpoints/megnet_Pc_trial_1828_best_state.pt,"{'learning_rate': 0.001367148611702079, 'lr_reduce': 0.6}",TPESampler,COMPLETE
1829,0.126786008477211,2025-04-26 10:58:46.641171,2025-04-26 10:59:25.292871,0 days 00:00:38.651700,1,81,216,370.0,,,2,109,0.1679107664822695,0.00428898344153444,0.6,/work3/arnaou/checkpoints/megnet_Pc_trial_1829_best_state.pt,"{'learning_rate': 0.00428898344153444, 'lr_reduce': 0.6}",TPESampler,COMPLETE
1830,0.13093301653862,2025-04-26 10:58:49.366504,2025-04-26 10:59:22.811251,0 days 00:00:33.444747,1,124,292,292.0,429.0,,3,126,0.22516644764454255,0.001717830231189496,0.6,/work3/arnaou/checkpoints/megnet_Pc_trial_1830_best_state.pt,"{'learning_rate': 0.001717830231189496, 'lr_reduce': 0.6}",TPESampler,COMPLETE
1831,0.09720639139413834,2025-04-26 10:59:04.197307,2025-04-26 10:59:52.506193,0 days 00:00:48.308886,1,53,363,328.0,,,2,93,0.18901919594941885,0.004089599022428174,0.6,/work3/arnaou/checkpoints/megnet_Pc_trial_1831_best_state.pt,"{'learning_rate': 0.004089599022428174, 'lr_reduce': 0.6}",TPESampler,COMPLETE
1832,0.48122796416282654,2025-04-26 10:59:23.119555,2025-04-26 10:59:38.759005,0 days 00:00:15.639450,1,99,266,413.0,,,2,116,0.22363574611497689,0.007590007361237893,0.6,/work3/arnaou/checkpoints/megnet_Pc_trial_1832_best_state.pt,"{'learning_rate': 0.007590007361237893, 'lr_reduce': 0.6}",TPESampler,COMPLETE
1833,0.1292632669210434,2025-04-26 10:59:25.514227,2025-04-26 11:00:19.406538,0 days 00:00:53.892311,2,63,307,241.0,263.0,342.0,4,120,0.07808037311365211,0.004284821409492516,0.6,/work3/arnaou/checkpoints/megnet_Pc_trial_1833_best_state.pt,"{'learning_rate': 0.004284821409492516, 'lr_reduce': 0.6}",TPESampler,COMPLETE
1834,0.12471077591180801,2025-04-26 10:59:39.636238,2025-04-26 11:00:19.454457,0 days 00:00:39.818219,1,36,452,110.0,354.0,,3,65,0.23732640700607163,0.0053972844853780585,0.6,/work3/arnaou/checkpoints/megnet_Pc_trial_1834_best_state.pt,"{'learning_rate': 0.0053972844853780585, 'lr_reduce': 0.6}",TPESampler,COMPLETE
1835,0.14086881279945374,2025-04-26 10:59:52.724439,2025-04-26 11:00:36.584518,0 days 00:00:43.860079,1,38,222,379.0,401.0,216.0,4,91,0.09431935256621402,0.006810363570600745,0.6,/work3/arnaou/checkpoints/megnet_Pc_trial_1835_best_state.pt,"{'learning_rate': 0.006810363570600745, 'lr_reduce': 0.6}",TPESampler,COMPLETE
1836,0.15279270708560944,2025-04-26 11:00:19.586487,2025-04-26 11:00:47.015264,0 days 00:00:27.428777,1,54,396,152.0,301.0,293.0,4,70,0.21654841542832748,0.0018952025772638454,0.6,/work3/arnaou/checkpoints/megnet_Pc_trial_1836_best_state.pt,"{'learning_rate': 0.0018952025772638454, 'lr_reduce': 0.6}",TPESampler,COMPLETE
1837,0.12337521463632584,2025-04-26 11:00:19.640413,2025-04-26 11:00:37.224523,0 days 00:00:17.584110,1,32,451,448.0,,,2,69,0.19170134890305746,0.008568043597227584,0.6,/work3/arnaou/checkpoints/megnet_Pc_trial_1837_best_state.pt,"{'learning_rate': 0.008568043597227584, 'lr_reduce': 0.6}",TPESampler,COMPLETE
1838,0.18382756412029266,2025-04-26 11:00:36.804813,2025-04-26 11:01:09.133217,0 days 00:00:32.328404,2,83,467,,,,1,117,0.23592191228307083,0.0010210437678616646,0.6,/work3/arnaou/checkpoints/megnet_Pc_trial_1838_best_state.pt,"{'learning_rate': 0.0010210437678616646, 'lr_reduce': 0.6}",TPESampler,COMPLETE
1839,0.32995444536209106,2025-04-26 11:00:37.448957,2025-04-26 11:00:49.123484,0 days 00:00:11.674527,2,67,313,330.0,,,2,99,0.2069845764691117,0.0034653853953388065,0.6,/work3/arnaou/checkpoints/megnet_Pc_trial_1839_best_state.pt,"{'learning_rate': 0.0034653853953388065, 'lr_reduce': 0.6}",TPESampler,COMPLETE
1840,0.0865059420466423,2025-04-26 11:00:47.251401,2025-04-26 11:01:20.753749,0 days 00:00:33.502348,1,34,434,396.0,,,2,96,0.20370134770122678,0.005529352381626419,0.6,/work3/arnaou/checkpoints/megnet_Pc_trial_1840_best_state.pt,"{'learning_rate': 0.005529352381626419, 'lr_reduce': 0.6}",TPESampler,COMPLETE
1841,0.8876304030418396,2025-04-26 11:00:49.360887,2025-04-26 11:00:56.668417,0 days 00:00:07.307530,3,33,183,478.0,469.0,165.0,4,128,0.1870446041931958,0.0005791424987516262,0.6,/work3/arnaou/checkpoints/megnet_Pc_trial_1841_best_state.pt,"{'learning_rate': 0.0005791424987516262, 'lr_reduce': 0.6}",TPESampler,COMPLETE
1842,0.11065619438886642,2025-04-26 11:00:56.911018,2025-04-26 11:01:31.107141,0 days 00:00:34.196123,2,65,479,,,,1,102,0.1550282137677534,0.0034728908386656705,0.6,/work3/arnaou/checkpoints/megnet_Pc_trial_1842_best_state.pt,"{'learning_rate': 0.0034728908386656705, 'lr_reduce': 0.6}",TPESampler,COMPLETE
1843,0.15505526959896088,2025-04-26 11:01:09.540368,2025-04-26 11:01:26.972106,0 days 00:00:17.431738,1,48,419,277.0,,,2,105,0.23536003869727964,0.003632408481514335,0.6,/work3/arnaou/checkpoints/megnet_Pc_trial_1843_best_state.pt,"{'learning_rate': 0.003632408481514335, 'lr_reduce': 0.6}",TPESampler,COMPLETE
1844,0.1208757534623146,2025-04-26 11:01:20.969384,2025-04-26 11:01:42.854007,0 days 00:00:21.884623,1,109,300,209.0,,,2,125,0.1937894577800194,0.0029385912962354038,0.6,/work3/arnaou/checkpoints/megnet_Pc_trial_1844_best_state.pt,"{'learning_rate': 0.0029385912962354038, 'lr_reduce': 0.6}",TPESampler,COMPLETE
1845,0.11925562471151352,2025-04-26 11:01:27.204351,2025-04-26 11:01:54.917404,0 days 00:00:27.713053,1,49,281,362.0,344.0,,3,106,0.011198791476919762,0.0025965970710129884,0.6,/work3/arnaou/checkpoints/megnet_Pc_trial_1845_best_state.pt,"{'learning_rate': 0.0025965970710129884, 'lr_reduce': 0.6}",TPESampler,COMPLETE
1846,0.10695062577724457,2025-04-26 11:01:31.336966,2025-04-26 11:01:56.825684,0 days 00:00:25.488718,2,34,162,421.0,,,2,106,0.06521090540661745,0.003622321679741757,0.6,/work3/arnaou/checkpoints/megnet_Pc_trial_1846_best_state.pt,"{'learning_rate': 0.003622321679741757, 'lr_reduce': 0.6}",TPESampler,COMPLETE
1847,0.12019500881433487,2025-04-26 11:01:43.107384,2025-04-26 11:02:19.140689,0 days 00:00:36.033305,1,42,199,249.0,259.0,225.0,4,99,0.010346630625042812,0.0026568222135258854,0.6,/work3/arnaou/checkpoints/megnet_Pc_trial_1847_best_state.pt,"{'learning_rate': 0.0026568222135258854, 'lr_reduce': 0.6}",TPESampler,COMPLETE
1848,0.10232731699943542,2025-04-26 11:01:55.134474,2025-04-26 11:02:15.747393,0 days 00:00:20.612919,1,37,203,307.0,185.0,103.0,4,82,0.014810006306278642,0.005982447041020375,0.6,/work3/arnaou/checkpoints/megnet_Pc_trial_1848_best_state.pt,"{'learning_rate': 0.005982447041020375, 'lr_reduce': 0.6}",TPESampler,COMPLETE
1849,0.19895604252815247,2025-04-26 11:01:57.039166,2025-04-26 11:02:17.897850,0 days 00:00:20.858684,2,90,116,109.0,399.0,,3,109,0.01863953422915668,0.0018924050539756712,0.6,/work3/arnaou/checkpoints/megnet_Pc_trial_1849_best_state.pt,"{'learning_rate': 0.0018924050539756712, 'lr_reduce': 0.6}",TPESampler,COMPLETE
1850,0.886786937713623,2025-04-26 11:02:15.977028,2025-04-26 11:02:22.698339,0 days 00:00:06.721311,3,90,314,173.0,,,2,107,0.2390307262205451,0.0007255919536692981,0.6,/work3/arnaou/checkpoints/megnet_Pc_trial_1850_best_state.pt,"{'learning_rate': 0.0007255919536692981, 'lr_reduce': 0.6}",TPESampler,COMPLETE
1851,0.8869466185569763,2025-04-26 11:02:18.123266,2025-04-26 11:02:23.439410,0 days 00:00:05.316144,2,126,476,351.0,,,2,121,0.05434055727041545,0.00012365524467283453,0.6,/work3/arnaou/checkpoints/megnet_Pc_trial_1851_best_state.pt,"{'learning_rate': 0.00012365524467283453, 'lr_reduce': 0.6}",TPESampler,COMPLETE
1852,0.16666890680789948,2025-04-26 11:02:19.429679,2025-04-26 11:03:03.201988,0 days 00:00:43.772309,2,128,311,,,,1,115,0.1388924821629952,0.004052896936497207,0.6,/work3/arnaou/checkpoints/megnet_Pc_trial_1852_best_state.pt,"{'learning_rate': 0.004052896936497207, 'lr_reduce': 0.6}",TPESampler,COMPLETE
1853,0.12799592316150665,2025-04-26 11:02:22.916650,2025-04-26 11:02:50.150769,0 days 00:00:27.234119,1,81,202,393.0,332.0,351.0,4,80,0.018606399035570043,0.0040754907134070775,0.6,/work3/arnaou/checkpoints/megnet_Pc_trial_1853_best_state.pt,"{'learning_rate': 0.0040754907134070775, 'lr_reduce': 0.6}",TPESampler,COMPLETE
1854,0.13830938935279846,2025-04-26 11:02:23.679329,2025-04-26 11:03:03.167160,0 days 00:00:39.487831,1,33,489,,,,1,106,0.21573455838673036,0.0007150348687009458,0.6,/work3/arnaou/checkpoints/megnet_Pc_trial_1854_best_state.pt,"{'learning_rate': 0.0007150348687009458, 'lr_reduce': 0.6}",TPESampler,COMPLETE
1855,0.1597401350736618,2025-04-26 11:02:50.390309,2025-04-26 11:03:18.861558,0 days 00:00:28.471249,2,39,509,,,,1,73,0.11776666006065772,0.007947581191596833,0.6,/work3/arnaou/checkpoints/megnet_Pc_trial_1855_best_state.pt,"{'learning_rate': 0.007947581191596833, 'lr_reduce': 0.6}",TPESampler,COMPLETE
1856,0.1609824001789093,2025-04-26 11:03:03.327654,2025-04-26 11:03:29.303635,0 days 00:00:25.975981,1,44,103,447.0,384.0,257.0,4,95,0.054848242393164354,0.0037366917061707238,0.6,/work3/arnaou/checkpoints/megnet_Pc_trial_1856_best_state.pt,"{'learning_rate': 0.0037366917061707238, 'lr_reduce': 0.6}",TPESampler,COMPLETE
1857,0.8874396085739136,2025-04-26 11:03:03.389790,2025-04-26 11:03:10.017757,0 days 00:00:06.627967,3,48,475,303.0,,,2,109,0.005087005471604206,0.0003564521346077816,0.6,/work3/arnaou/checkpoints/megnet_Pc_trial_1857_best_state.pt,"{'learning_rate': 0.0003564521346077816, 'lr_reduce': 0.6}",TPESampler,COMPLETE
1858,0.17258283495903015,2025-04-26 11:03:10.231126,2025-04-26 11:03:36.853431,0 days 00:00:26.622305,1,73,311,264.0,,,2,44,0.058410274407180135,0.002463121376610087,0.6,/work3/arnaou/checkpoints/megnet_Pc_trial_1858_best_state.pt,"{'learning_rate': 0.002463121376610087, 'lr_reduce': 0.6}",TPESampler,COMPLETE
