number,value,datetime_start,datetime_complete,duration,params_depth,params_edge_hidden_dim,params_mlp_dim_00,params_mlp_dim_01,params_mlp_dim_02,params_mlp_dim_03,params_mlp_n_layers,params_node_hidden_dim,params_rep_dropout,params_train_learning_rate,params_train_lr_reduce,user_attrs_best_state_dict_path,user_attrs_training_params,system_attrs_auto:sampler,state
965,0.20529910922050476,2025-04-26 09:06:40.384096,2025-04-26 09:07:02.242169,0 days 00:00:21.858073,1,57,202,443.0,,,2,127,0.06356029445960233,0.008344430984162042,0.6,/work3/arnaou/checkpoints/megnet_Pc_trial_965_best_state.pt,"{'learning_rate': 0.008344430984162042, 'lr_reduce': 0.6}",TPESampler,COMPLETE
966,0.14293870329856873,2025-04-26 09:06:40.649395,2025-04-26 09:07:17.533677,0 days 00:00:36.884282,1,37,419,248.0,,,2,102,0.13322076494517662,0.0004982057889817223,0.6,/work3/arnaou/checkpoints/megnet_Pc_trial_966_best_state.pt,"{'learning_rate': 0.0004982057889817223, 'lr_reduce': 0.6}",TPESampler,COMPLETE
967,0.3484470546245575,2025-04-26 09:06:41.992591,2025-04-26 09:07:00.030590,0 days 00:00:18.037999,2,87,163,,,,1,124,0.1528751291385475,0.008582100544033461,0.6,/work3/arnaou/checkpoints/megnet_Pc_trial_967_best_state.pt,"{'learning_rate': 0.008582100544033461, 'lr_reduce': 0.6}",TPESampler,COMPLETE
968,0.09453889727592468,2025-04-26 09:07:00.376507,2025-04-26 09:07:35.899047,0 days 00:00:35.522540,2,117,455,135.0,377.0,,3,40,0.16773026632649524,0.003872856667495822,0.6,/work3/arnaou/checkpoints/megnet_Pc_trial_968_best_state.pt,"{'learning_rate': 0.003872856667495822, 'lr_reduce': 0.6}",TPESampler,COMPLETE
969,0.12733305990695953,2025-04-26 09:07:02.468845,2025-04-26 09:07:27.839572,0 days 00:00:25.370727,1,71,399,181.0,,,2,104,0.10723311278919015,0.00699160294475279,0.6,/work3/arnaou/checkpoints/megnet_Pc_trial_969_best_state.pt,"{'learning_rate': 0.00699160294475279, 'lr_reduce': 0.6}",TPESampler,COMPLETE
970,0.8866537809371948,2025-04-26 09:07:17.705885,2025-04-26 09:07:25.793879,0 days 00:00:08.087994,1,55,194,,,,1,49,0.07356659817650217,0.00013491611234090308,0.6,/work3/arnaou/checkpoints/megnet_Pc_trial_970_best_state.pt,"{'learning_rate': 0.00013491611234090308, 'lr_reduce': 0.6}",TPESampler,COMPLETE
971,0.15446577966213226,2025-04-26 09:07:26.158769,2025-04-26 09:07:57.327933,0 days 00:00:31.169164,2,33,391,307.0,,,2,101,0.16683729008377257,0.009590356966993265,0.6,/work3/arnaou/checkpoints/megnet_Pc_trial_971_best_state.pt,"{'learning_rate': 0.009590356966993265, 'lr_reduce': 0.6}",TPESampler,COMPLETE
972,0.3730018138885498,2025-04-26 09:07:28.053563,2025-04-26 09:07:51.808187,0 days 00:00:23.754624,1,57,332,224.0,,,2,107,0.17959342076602783,0.007821468855328665,0.6,/work3/arnaou/checkpoints/megnet_Pc_trial_972_best_state.pt,"{'learning_rate': 0.007821468855328665, 'lr_reduce': 0.6}",TPESampler,COMPLETE
973,0.587176501750946,2025-04-26 09:07:36.110014,2025-04-26 09:07:45.331282,0 days 00:00:09.221268,3,36,499,,,,1,103,0.1380225886439245,0.008323704596141731,0.6,/work3/arnaou/checkpoints/megnet_Pc_trial_973_best_state.pt,"{'learning_rate': 0.008323704596141731, 'lr_reduce': 0.6}",TPESampler,COMPLETE
974,0.31488823890686035,2025-04-26 09:07:45.543707,2025-04-26 09:07:56.554910,0 days 00:00:11.011203,2,33,357,112.0,,,2,94,0.09593271981670623,0.00547342566142136,0.6,/work3/arnaou/checkpoints/megnet_Pc_trial_974_best_state.pt,"{'learning_rate': 0.00547342566142136, 'lr_reduce': 0.6}",TPESampler,COMPLETE
975,0.15662220120429993,2025-04-26 09:07:52.062115,2025-04-26 09:08:08.950868,0 days 00:00:16.888753,1,84,125,476.0,,,2,97,0.16272321735625844,0.0025987593137698746,0.6,/work3/arnaou/checkpoints/megnet_Pc_trial_975_best_state.pt,"{'learning_rate': 0.0025987593137698746, 'lr_reduce': 0.6}",TPESampler,COMPLETE
976,0.10172062367200851,2025-04-26 09:07:56.811357,2025-04-26 09:08:26.690784,0 days 00:00:29.879427,1,49,194,170.0,,,2,126,0.040600696010118155,0.009206910304329751,0.6,/work3/arnaou/checkpoints/megnet_Pc_trial_976_best_state.pt,"{'learning_rate': 0.009206910304329751, 'lr_reduce': 0.6}",TPESampler,COMPLETE
977,0.12891164422035217,2025-04-26 09:07:57.525728,2025-04-26 09:08:20.281633,0 days 00:00:22.755905,1,51,496,,,,1,101,0.2426789821332792,0.001802382084515454,0.6,/work3/arnaou/checkpoints/megnet_Pc_trial_977_best_state.pt,"{'learning_rate': 0.001802382084515454, 'lr_reduce': 0.6}",TPESampler,COMPLETE
978,0.13134759664535522,2025-04-26 09:08:09.142511,2025-04-26 09:08:36.196086,0 days 00:00:27.053575,2,39,512,260.0,,,2,104,0.2376134727011004,0.004529642619053468,0.6,/work3/arnaou/checkpoints/megnet_Pc_trial_978_best_state.pt,"{'learning_rate': 0.004529642619053468, 'lr_reduce': 0.6}",TPESampler,COMPLETE
979,0.1190149337053299,2025-04-26 09:08:20.489315,2025-04-26 09:08:47.417982,0 days 00:00:26.928667,1,44,279,426.0,463.0,,3,73,0.0441494704030628,0.0055862428066490505,0.6,/work3/arnaou/checkpoints/megnet_Pc_trial_979_best_state.pt,"{'learning_rate': 0.0055862428066490505, 'lr_reduce': 0.6}",TPESampler,COMPLETE
980,0.16795602440834045,2025-04-26 09:08:26.898742,2025-04-26 09:08:52.267791,0 days 00:00:25.369049,1,79,498,106.0,,,2,105,0.1507394091667623,0.0027132103895956554,0.6,/work3/arnaou/checkpoints/megnet_Pc_trial_980_best_state.pt,"{'learning_rate': 0.0027132103895956554, 'lr_reduce': 0.6}",TPESampler,COMPLETE
981,0.36766424775123596,2025-04-26 09:08:36.429742,2025-04-26 09:08:53.755635,0 days 00:00:17.325893,2,71,185,219.0,,,2,106,0.158273220638581,0.005429549317508154,0.6,/work3/arnaou/checkpoints/megnet_Pc_trial_981_best_state.pt,"{'learning_rate': 0.005429549317508154, 'lr_reduce': 0.6}",TPESampler,COMPLETE
982,0.18465247750282288,2025-04-26 09:08:47.622618,2025-04-26 09:09:06.499443,0 days 00:00:18.876825,1,45,419,,,,1,89,0.17786192094010533,0.009361923969150926,0.6,/work3/arnaou/checkpoints/megnet_Pc_trial_982_best_state.pt,"{'learning_rate': 0.009361923969150926, 'lr_reduce': 0.6}",TPESampler,COMPLETE
983,0.8585278391838074,2025-04-26 09:08:52.467121,2025-04-26 09:09:00.205839,0 days 00:00:07.738718,1,63,449,379.0,427.0,,3,110,0.20122820801074398,0.009863432456509032,0.6,/work3/arnaou/checkpoints/megnet_Pc_trial_983_best_state.pt,"{'learning_rate': 0.009863432456509032, 'lr_reduce': 0.6}",TPESampler,COMPLETE
984,0.12045083194971085,2025-04-26 09:08:53.957325,2025-04-26 09:09:16.380605,0 days 00:00:22.423280,1,46,385,150.0,472.0,,3,94,0.1827974516336584,0.006236182582231107,0.6,/work3/arnaou/checkpoints/megnet_Pc_trial_984_best_state.pt,"{'learning_rate': 0.006236182582231107, 'lr_reduce': 0.6}",TPESampler,COMPLETE
985,0.15246634185314178,2025-04-26 09:09:00.423203,2025-04-26 09:09:16.617938,0 days 00:00:16.194735,1,64,108,292.0,,,2,125,0.06453589681173257,0.003619945270868046,0.6,/work3/arnaou/checkpoints/megnet_Pc_trial_985_best_state.pt,"{'learning_rate': 0.003619945270868046, 'lr_reduce': 0.6}",TPESampler,COMPLETE
986,0.1805434376001358,2025-04-26 09:09:06.699744,2025-04-26 09:09:37.134827,0 days 00:00:30.435083,2,43,243,200.0,389.0,421.0,4,120,0.010593543650795487,0.0069902941804101445,0.6,/work3/arnaou/checkpoints/megnet_Pc_trial_986_best_state.pt,"{'learning_rate': 0.0069902941804101445, 'lr_reduce': 0.6}",TPESampler,COMPLETE
987,0.1045319065451622,2025-04-26 09:09:16.573120,2025-04-26 09:09:40.580374,0 days 00:00:24.007254,2,40,109,460.0,,,2,94,0.0957066829392266,0.005453753713728063,0.6,/work3/arnaou/checkpoints/megnet_Pc_trial_987_best_state.pt,"{'learning_rate': 0.005453753713728063, 'lr_reduce': 0.6}",TPESampler,COMPLETE
988,0.8876258134841919,2025-04-26 09:09:16.823510,2025-04-26 09:09:22.023390,0 days 00:00:05.199880,4,46,105,114.0,,,2,100,0.13640601032149385,0.008717679308993984,0.6,/work3/arnaou/checkpoints/megnet_Pc_trial_988_best_state.pt,"{'learning_rate': 0.008717679308993984, 'lr_reduce': 0.6}",TPESampler,COMPLETE
989,0.14477548003196716,2025-04-26 09:09:22.200468,2025-04-26 09:09:38.181322,0 days 00:00:15.980854,1,42,371,265.0,,,2,90,0.23257455588030687,0.005070578073157928,0.6,/work3/arnaou/checkpoints/megnet_Pc_trial_989_best_state.pt,"{'learning_rate': 0.005070578073157928, 'lr_reduce': 0.6}",TPESampler,COMPLETE
990,0.1013193354010582,2025-04-26 09:09:37.319483,2025-04-26 09:10:15.690843,0 days 00:00:38.371360,2,58,210,,,,1,117,0.11942194638598344,0.008434633571379684,0.6,/work3/arnaou/checkpoints/megnet_Pc_trial_990_best_state.pt,"{'learning_rate': 0.008434633571379684, 'lr_reduce': 0.6}",TPESampler,COMPLETE
991,0.21592235565185547,2025-04-26 09:09:38.359696,2025-04-26 09:09:52.719317,0 days 00:00:14.359621,2,57,399,162.0,431.0,,3,100,0.14411162415637813,0.0035474375949686864,0.6,/work3/arnaou/checkpoints/megnet_Pc_trial_991_best_state.pt,"{'learning_rate': 0.0035474375949686864, 'lr_reduce': 0.6}",TPESampler,COMPLETE
992,0.8865545392036438,2025-04-26 09:09:40.774366,2025-04-26 09:09:47.016874,0 days 00:00:06.242508,4,60,270,231.0,510.0,264.0,4,67,0.2374764718811964,0.0002654103718256054,0.6,/work3/arnaou/checkpoints/megnet_Pc_trial_992_best_state.pt,"{'learning_rate': 0.0002654103718256054, 'lr_reduce': 0.6}",TPESampler,COMPLETE
993,0.16164912283420563,2025-04-26 09:09:47.224805,2025-04-26 09:10:19.345483,0 days 00:00:32.120678,1,54,357,416.0,343.0,115.0,4,85,0.08333599789022933,0.006372866010170118,0.6,/work3/arnaou/checkpoints/megnet_Pc_trial_993_best_state.pt,"{'learning_rate': 0.006372866010170118, 'lr_reduce': 0.6}",TPESampler,COMPLETE
994,0.2398206889629364,2025-04-26 09:09:52.904146,2025-04-26 09:10:29.270058,0 days 00:00:36.365912,2,103,184,509.0,,,2,98,0.0971654536468473,0.004765686701207103,0.6,/work3/arnaou/checkpoints/megnet_Pc_trial_994_best_state.pt,"{'learning_rate': 0.004765686701207103, 'lr_reduce': 0.6}",TPESampler,COMPLETE
995,0.10889387130737305,2025-04-26 09:10:15.908042,2025-04-26 09:10:47.637242,0 days 00:00:31.729200,1,47,296,92.0,,,2,90,0.19506235286828152,0.008249923672852873,0.6,/work3/arnaou/checkpoints/megnet_Pc_trial_995_best_state.pt,"{'learning_rate': 0.008249923672852873, 'lr_reduce': 0.6}",TPESampler,COMPLETE
996,0.2585744559764862,2025-04-26 09:10:19.556961,2025-04-26 09:10:33.975052,0 days 00:00:14.418091,1,52,407,170.0,,,2,92,0.156555602129961,0.008394039924175855,0.6,/work3/arnaou/checkpoints/megnet_Pc_trial_996_best_state.pt,"{'learning_rate': 0.008394039924175855, 'lr_reduce': 0.6}",TPESampler,COMPLETE
997,0.8870989680290222,2025-04-26 09:10:29.482873,2025-04-26 09:10:34.366081,0 days 00:00:04.883208,4,78,382,,,,1,59,0.0711833461571562,0.0016019151975079841,0.6,/work3/arnaou/checkpoints/megnet_Pc_trial_997_best_state.pt,"{'learning_rate': 0.0016019151975079841, 'lr_reduce': 0.6}",TPESampler,COMPLETE
998,0.8871338963508606,2025-04-26 09:10:34.171666,2025-04-26 09:10:40.949893,0 days 00:00:06.778227,4,116,380,,,,1,85,0.15582471725378708,0.0014757738851498047,0.6,/work3/arnaou/checkpoints/megnet_Pc_trial_998_best_state.pt,"{'learning_rate': 0.0014757738851498047, 'lr_reduce': 0.6}",TPESampler,COMPLETE
999,0.2914763391017914,2025-04-26 09:10:34.619555,2025-04-26 09:10:55.390156,0 days 00:00:20.770601,2,34,495,,,,1,81,0.20365188762877304,0.00926417104012181,0.6,/work3/arnaou/checkpoints/megnet_Pc_trial_999_best_state.pt,"{'learning_rate': 0.00926417104012181, 'lr_reduce': 0.6}",TPESampler,COMPLETE
1000,0.1849464625120163,2025-04-26 09:10:41.138642,2025-04-26 09:11:20.579386,0 days 00:00:39.440744,3,97,248,335.0,97.0,362.0,4,124,0.009192191690898133,0.0007975328688952528,0.6,/work3/arnaou/checkpoints/megnet_Pc_trial_1000_best_state.pt,"{'learning_rate': 0.0007975328688952528, 'lr_reduce': 0.6}",TPESampler,COMPLETE
1001,0.1303132325410843,2025-04-26 09:10:47.868488,2025-04-26 09:11:27.866213,0 days 00:00:39.997725,2,70,66,226.0,462.0,,3,127,0.009468235845319826,0.009016752705108357,0.6,/work3/arnaou/checkpoints/megnet_Pc_trial_1001_best_state.pt,"{'learning_rate': 0.009016752705108357, 'lr_reduce': 0.6}",TPESampler,COMPLETE
1002,0.3527275025844574,2025-04-26 09:10:55.574350,2025-04-26 09:11:16.927242,0 days 00:00:21.352892,1,127,379,139.0,,,2,101,0.23175751821774176,0.007515057417067764,0.6,/work3/arnaou/checkpoints/megnet_Pc_trial_1002_best_state.pt,"{'learning_rate': 0.007515057417067764, 'lr_reduce': 0.6}",TPESampler,COMPLETE
1003,0.07462210953235626,2025-04-26 09:11:17.124685,2025-04-26 09:11:40.788429,0 days 00:00:23.663744,1,57,335,272.0,394.0,,3,108,0.08013394551569102,0.0069740615179202025,0.6,/work3/arnaou/checkpoints/megnet_Pc_trial_1003_best_state.pt,"{'learning_rate': 0.0069740615179202025, 'lr_reduce': 0.6}",TPESampler,COMPLETE
1004,0.11634771525859833,2025-04-26 09:11:20.792599,2025-04-26 09:11:46.188119,0 days 00:00:25.395520,1,64,323,196.0,,,2,88,0.16916987085011814,0.006264124211833029,0.6,/work3/arnaou/checkpoints/megnet_Pc_trial_1004_best_state.pt,"{'learning_rate': 0.006264124211833029, 'lr_reduce': 0.6}",TPESampler,COMPLETE
1005,0.1594308614730835,2025-04-26 09:11:28.053893,2025-04-26 09:11:50.402536,0 days 00:00:22.348643,1,44,374,444.0,460.0,,3,109,0.1368449629303932,0.009338536321357506,0.6,/work3/arnaou/checkpoints/megnet_Pc_trial_1005_best_state.pt,"{'learning_rate': 0.009338536321357506, 'lr_reduce': 0.6}",TPESampler,COMPLETE
1006,0.39673545956611633,2025-04-26 09:11:40.984572,2025-04-26 09:11:50.354415,0 days 00:00:09.369843,1,81,280,293.0,,,2,120,0.24908840936205637,0.009329882840440472,0.6,/work3/arnaou/checkpoints/megnet_Pc_trial_1006_best_state.pt,"{'learning_rate': 0.009329882840440472, 'lr_reduce': 0.6}",TPESampler,COMPLETE
1007,0.14633339643478394,2025-04-26 09:11:46.382359,2025-04-26 09:12:02.342119,0 days 00:00:15.959760,1,40,437,334.0,,,2,74,0.18593921188504203,0.009983171106654162,0.6,/work3/arnaou/checkpoints/megnet_Pc_trial_1007_best_state.pt,"{'learning_rate': 0.009983171106654162, 'lr_reduce': 0.6}",TPESampler,COMPLETE
1008,0.14082427322864532,2025-04-26 09:11:50.493229,2025-04-26 09:12:13.642465,0 days 00:00:23.149236,1,125,350,304.0,345.0,,3,38,0.03367355981241571,0.0040506165922897,0.6,/work3/arnaou/checkpoints/megnet_Pc_trial_1008_best_state.pt,"{'learning_rate': 0.0040506165922897, 'lr_reduce': 0.6}",TPESampler,COMPLETE
1009,0.1404399871826172,2025-04-26 09:11:50.542125,2025-04-26 09:12:16.603128,0 days 00:00:26.061003,1,55,248,308.0,355.0,,3,114,0.07313049983217026,0.006158244902752009,0.6,/work3/arnaou/checkpoints/megnet_Pc_trial_1009_best_state.pt,"{'learning_rate': 0.006158244902752009, 'lr_reduce': 0.6}",TPESampler,COMPLETE
1010,0.45346084237098694,2025-04-26 09:12:02.555290,2025-04-26 09:12:13.577658,0 days 00:00:11.022368,1,52,262,284.0,378.0,191.0,4,99,0.08532187776472121,0.008006074308889001,0.6,/work3/arnaou/checkpoints/megnet_Pc_trial_1010_best_state.pt,"{'learning_rate': 0.008006074308889001, 'lr_reduce': 0.6}",TPESampler,COMPLETE
1011,0.8864216208457947,2025-04-26 09:12:13.726857,2025-04-26 09:12:19.195847,0 days 00:00:05.468990,2,123,442,,,,1,43,0.09489519375165448,0.0004228954086935327,0.6,/work3/arnaou/checkpoints/megnet_Pc_trial_1011_best_state.pt,"{'learning_rate': 0.0004228954086935327, 'lr_reduce': 0.6}",TPESampler,COMPLETE
1012,0.13344211876392365,2025-04-26 09:12:13.834954,2025-04-26 09:12:36.386164,0 days 00:00:22.551210,1,45,442,280.0,375.0,,3,120,0.16873426103826958,0.0028723029021256235,0.6,/work3/arnaou/checkpoints/megnet_Pc_trial_1012_best_state.pt,"{'learning_rate': 0.0028723029021256235, 'lr_reduce': 0.6}",TPESampler,COMPLETE
1013,0.4478283226490021,2025-04-26 09:12:16.796303,2025-04-26 09:12:27.872303,0 days 00:00:11.076000,1,103,86,382.0,,,2,100,0.19259599437933403,0.00876178960220386,0.6,/work3/arnaou/checkpoints/megnet_Pc_trial_1013_best_state.pt,"{'learning_rate': 0.00876178960220386, 'lr_reduce': 0.6}",TPESampler,COMPLETE
1014,0.8875981569290161,2025-04-26 09:12:19.552438,2025-04-26 09:12:27.005042,0 days 00:00:07.452604,4,76,311,264.0,323.0,,3,100,0.17123400608366313,0.0006755934237611432,0.6,/work3/arnaou/checkpoints/megnet_Pc_trial_1014_best_state.pt,"{'learning_rate': 0.0006755934237611432, 'lr_reduce': 0.6}",TPESampler,COMPLETE
1015,0.07943366467952728,2025-04-26 09:12:27.183561,2025-04-26 09:13:00.103778,0 days 00:00:32.920217,1,35,502,341.0,374.0,,3,98,0.1996690817665028,0.004704274748673899,0.6,/work3/arnaou/checkpoints/megnet_Pc_trial_1015_best_state.pt,"{'learning_rate': 0.004704274748673899, 'lr_reduce': 0.6}",TPESampler,COMPLETE
1016,0.4086136519908905,2025-04-26 09:12:28.076422,2025-04-26 09:12:56.093588,0 days 00:00:28.017166,1,82,245,271.0,,,2,86,0.18579823846036111,0.008520182020266014,0.6,/work3/arnaou/checkpoints/megnet_Pc_trial_1016_best_state.pt,"{'learning_rate': 0.008520182020266014, 'lr_reduce': 0.6}",TPESampler,COMPLETE
1017,0.1556464284658432,2025-04-26 09:12:36.584281,2025-04-26 09:12:55.010107,0 days 00:00:18.425826,1,45,439,99.0,,,2,101,0.1956857682897153,0.0029556612388149167,0.6,/work3/arnaou/checkpoints/megnet_Pc_trial_1017_best_state.pt,"{'learning_rate': 0.0029556612388149167, 'lr_reduce': 0.6}",TPESampler,COMPLETE
1018,0.23644272983074188,2025-04-26 09:12:55.225559,2025-04-26 09:13:08.549926,0 days 00:00:13.324367,2,103,338,65.0,,,2,113,0.2465639346717352,0.003264187386820283,0.6,/work3/arnaou/checkpoints/megnet_Pc_trial_1018_best_state.pt,"{'learning_rate': 0.003264187386820283, 'lr_reduce': 0.6}",TPESampler,COMPLETE
1019,0.14138685166835785,2025-04-26 09:12:56.332670,2025-04-26 09:13:24.780009,0 days 00:00:28.447339,1,60,318,425.0,,,2,118,0.03159484109038161,0.008738264653406977,0.6,/work3/arnaou/checkpoints/megnet_Pc_trial_1019_best_state.pt,"{'learning_rate': 0.008738264653406977, 'lr_reduce': 0.6}",TPESampler,COMPLETE
1020,0.16743341088294983,2025-04-26 09:13:00.304165,2025-04-26 09:13:13.439317,0 days 00:00:13.135152,1,41,468,323.0,349.0,,3,113,0.23542641039404322,0.003279133425414494,0.6,/work3/arnaou/checkpoints/megnet_Pc_trial_1020_best_state.pt,"{'learning_rate': 0.003279133425414494, 'lr_reduce': 0.6}",TPESampler,COMPLETE
1021,0.14481748640537262,2025-04-26 09:13:08.730397,2025-04-26 09:13:52.367808,0 days 00:00:43.637411,1,46,487,332.0,317.0,,3,87,0.19104227639676208,0.0010931384996341578,0.6,/work3/arnaou/checkpoints/megnet_Pc_trial_1021_best_state.pt,"{'learning_rate': 0.0010931384996341578, 'lr_reduce': 0.6}",TPESampler,COMPLETE
1022,0.10392996668815613,2025-04-26 09:13:13.661715,2025-04-26 09:13:46.320899,0 days 00:00:32.659184,1,32,501,361.0,377.0,459.0,4,87,0.20961654381967232,0.008641159932038681,0.6,/work3/arnaou/checkpoints/megnet_Pc_trial_1022_best_state.pt,"{'learning_rate': 0.008641159932038681, 'lr_reduce': 0.6}",TPESampler,COMPLETE
1023,0.13565030694007874,2025-04-26 09:13:24.980741,2025-04-26 09:13:43.980705,0 days 00:00:18.999964,1,46,322,346.0,372.0,,3,101,0.044744837970608346,0.006618822780201564,0.6,/work3/arnaou/checkpoints/megnet_Pc_trial_1023_best_state.pt,"{'learning_rate': 0.006618822780201564, 'lr_reduce': 0.6}",TPESampler,COMPLETE
1024,0.13592833280563354,2025-04-26 09:13:44.339282,2025-04-26 09:14:17.578908,0 days 00:00:33.239626,1,43,511,362.0,380.0,,3,73,0.20188740502663174,0.003001054780286253,0.6,/work3/arnaou/checkpoints/megnet_Pc_trial_1024_best_state.pt,"{'learning_rate': 0.003001054780286253, 'lr_reduce': 0.6}",TPESampler,COMPLETE
1025,0.07798992097377777,2025-04-26 09:13:46.503698,2025-04-26 09:14:35.271429,0 days 00:00:48.767731,1,65,197,344.0,314.0,293.0,4,93,0.00687032886962916,0.004839331438237512,0.6,/work3/arnaou/checkpoints/megnet_Pc_trial_1025_best_state.pt,"{'learning_rate': 0.004839331438237512, 'lr_reduce': 0.6}",TPESampler,COMPLETE
1026,0.16565056145191193,2025-04-26 09:13:53.180907,2025-04-26 09:14:33.887302,0 days 00:00:40.706395,1,68,395,317.0,385.0,,3,118,0.07509982226319407,0.006411288421419959,0.6,/work3/arnaou/checkpoints/megnet_Pc_trial_1026_best_state.pt,"{'learning_rate': 0.006411288421419959, 'lr_reduce': 0.6}",TPESampler,COMPLETE
1027,0.3065100908279419,2025-04-26 09:14:18.290585,2025-04-26 09:14:30.778526,0 days 00:00:12.487941,1,51,365,,,,1,128,0.12520666944164774,0.008294649243167593,0.6,/work3/arnaou/checkpoints/megnet_Pc_trial_1027_best_state.pt,"{'learning_rate': 0.008294649243167593, 'lr_reduce': 0.6}",TPESampler,COMPLETE
1028,0.124033123254776,2025-04-26 09:14:30.966412,2025-04-26 09:15:04.818540,0 days 00:00:33.852128,1,65,325,314.0,387.0,,3,115,0.040333844625293554,0.005626176311604655,0.6,/work3/arnaou/checkpoints/megnet_Pc_trial_1028_best_state.pt,"{'learning_rate': 0.005626176311604655, 'lr_reduce': 0.6}",TPESampler,COMPLETE
1029,0.13405904173851013,2025-04-26 09:14:34.094161,2025-04-26 09:15:02.163993,0 days 00:00:28.069832,1,45,423,371.0,315.0,,3,90,0.22792401408538288,0.002382554081564441,0.6,/work3/arnaou/checkpoints/megnet_Pc_trial_1029_best_state.pt,"{'learning_rate': 0.002382554081564441, 'lr_reduce': 0.6}",TPESampler,COMPLETE
1030,0.08830589801073074,2025-04-26 09:14:35.466433,2025-04-26 09:15:03.781616,0 days 00:00:28.315183,1,37,416,336.0,288.0,,3,97,0.1979613421099999,0.004469293972345806,0.6,/work3/arnaou/checkpoints/megnet_Pc_trial_1030_best_state.pt,"{'learning_rate': 0.004469293972345806, 'lr_reduce': 0.6}",TPESampler,COMPLETE
1031,0.1307227462530136,2025-04-26 09:15:02.386371,2025-04-26 09:15:19.665727,0 days 00:00:17.279356,1,59,341,346.0,294.0,,3,116,0.07644232574641438,0.0073311736516482855,0.6,/work3/arnaou/checkpoints/megnet_Pc_trial_1031_best_state.pt,"{'learning_rate': 0.0073311736516482855, 'lr_reduce': 0.6}",TPESampler,COMPLETE
1032,0.17081165313720703,2025-04-26 09:15:04.000984,2025-04-26 09:15:30.056980,0 days 00:00:26.055996,2,64,94,353.0,295.0,290.0,4,68,0.056425817787138434,0.007000472617697588,0.6,/work3/arnaou/checkpoints/megnet_Pc_trial_1032_best_state.pt,"{'learning_rate': 0.007000472617697588, 'lr_reduce': 0.6}",TPESampler,COMPLETE
1033,0.1853186935186386,2025-04-26 09:15:05.057734,2025-04-26 09:15:30.104018,0 days 00:00:25.046284,2,58,163,348.0,315.0,277.0,4,68,0.01824653803418628,0.0026152560264032726,0.6,/work3/arnaou/checkpoints/megnet_Pc_trial_1033_best_state.pt,"{'learning_rate': 0.0026152560264032726, 'lr_reduce': 0.6}",TPESampler,COMPLETE
