number,value,datetime_start,datetime_complete,duration,params_depth,params_edge_hidden_dim,params_mlp_dim_00,params_mlp_dim_01,params_mlp_dim_02,params_mlp_dim_03,params_mlp_n_layers,params_node_hidden_dim,params_rep_dropout,params_train_learning_rate,params_train_lr_reduce,user_attrs_best_state_dict_path,user_attrs_training_params,system_attrs_auto:sampler,state
551,0.22155167162418365,2025-04-26 08:17:04.934259,2025-04-26 08:17:24.020296,0 days 00:00:19.086037,2,86,250,327.0,,,2,126,0.20111640276374532,0.003493390680385205,0.6,/work3/arnaou/checkpoints/megnet_Pc_trial_551_best_state.pt,"{'learning_rate': 0.003493390680385205, 'lr_reduce': 0.6}",TPESampler,COMPLETE
552,0.17643862962722778,2025-04-26 08:17:06.965271,2025-04-26 08:17:39.031285,0 days 00:00:32.066014,1,51,214,385.0,297.0,,3,101,0.18618255409090478,0.004240612416945017,0.6,/work3/arnaou/checkpoints/megnet_Pc_trial_552_best_state.pt,"{'learning_rate': 0.004240612416945017, 'lr_reduce': 0.6}",TPESampler,COMPLETE
553,0.15593799948692322,2025-04-26 08:17:24.181451,2025-04-26 08:17:50.671978,0 days 00:00:26.490527,2,71,504,230.0,200.0,,3,99,0.14197484593913043,0.00523564510036616,0.6,/work3/arnaou/checkpoints/megnet_Pc_trial_553_best_state.pt,"{'learning_rate': 0.00523564510036616, 'lr_reduce': 0.6}",TPESampler,COMPLETE
554,0.8547021150588989,2025-04-26 08:17:27.144061,2025-04-26 08:17:38.632107,0 days 00:00:11.488046,4,41,209,449.0,,,2,88,0.230660586928923,0.008863324863140284,0.6,/work3/arnaou/checkpoints/megnet_Pc_trial_554_best_state.pt,"{'learning_rate': 0.008863324863140284, 'lr_reduce': 0.6}",TPESampler,COMPLETE
555,0.13460825383663177,2025-04-26 08:17:38.789453,2025-04-26 08:18:14.880958,0 days 00:00:36.091505,1,63,425,277.0,124.0,,3,69,0.08752412402234609,0.00177545709897558,0.6,/work3/arnaou/checkpoints/megnet_Pc_trial_555_best_state.pt,"{'learning_rate': 0.00177545709897558, 'lr_reduce': 0.6}",TPESampler,COMPLETE
556,0.13579703867435455,2025-04-26 08:17:39.206315,2025-04-26 08:18:01.660147,0 days 00:00:22.453832,1,36,277,422.0,474.0,,3,108,0.15813322294884974,0.009153217636497766,0.6,/work3/arnaou/checkpoints/megnet_Pc_trial_556_best_state.pt,"{'learning_rate': 0.009153217636497766, 'lr_reduce': 0.6}",TPESampler,COMPLETE
557,0.13682496547698975,2025-04-26 08:17:50.883367,2025-04-26 08:18:04.420240,0 days 00:00:13.536873,1,52,353,163.0,511.0,,3,126,0.18124236190100113,0.006335438343282118,0.6,/work3/arnaou/checkpoints/megnet_Pc_trial_557_best_state.pt,"{'learning_rate': 0.006335438343282118, 'lr_reduce': 0.6}",TPESampler,COMPLETE
558,0.1713319569826126,2025-04-26 08:18:01.820892,2025-04-26 08:18:16.154386,0 days 00:00:14.333494,1,33,354,221.0,,,2,103,0.17453958077467177,0.004422411394834003,0.6,/work3/arnaou/checkpoints/megnet_Pc_trial_558_best_state.pt,"{'learning_rate': 0.004422411394834003, 'lr_reduce': 0.6}",TPESampler,COMPLETE
559,0.10992688685655594,2025-04-26 08:18:04.589757,2025-04-26 08:18:22.426038,0 days 00:00:17.836281,1,34,395,476.0,176.0,,3,93,0.03219444282969036,0.006027253965982175,0.6,/work3/arnaou/checkpoints/megnet_Pc_trial_559_best_state.pt,"{'learning_rate': 0.006027253965982175, 'lr_reduce': 0.6}",TPESampler,COMPLETE
560,0.12627263367176056,2025-04-26 08:18:15.063326,2025-04-26 08:18:42.393943,0 days 00:00:27.330617,1,38,444,377.0,,,2,94,0.21301144379445222,0.009956659441463454,0.6,/work3/arnaou/checkpoints/megnet_Pc_trial_560_best_state.pt,"{'learning_rate': 0.009956659441463454, 'lr_reduce': 0.6}",TPESampler,COMPLETE
561,0.5954322218894958,2025-04-26 08:18:16.325744,2025-04-26 08:18:27.461345,0 days 00:00:11.135601,2,47,195,249.0,303.0,,3,101,0.2019435274793323,0.0069971333103962035,0.6,/work3/arnaou/checkpoints/megnet_Pc_trial_561_best_state.pt,"{'learning_rate': 0.0069971333103962035, 'lr_reduce': 0.6}",TPESampler,COMPLETE
562,0.8863727450370789,2025-04-26 08:18:22.588979,2025-04-26 08:18:32.684081,0 days 00:00:10.095102,1,98,346,321.0,121.0,340.0,4,48,0.1859506986607335,0.00012857394020209334,0.6,/work3/arnaou/checkpoints/megnet_Pc_trial_562_best_state.pt,"{'learning_rate': 0.00012857394020209334, 'lr_reduce': 0.6}",TPESampler,COMPLETE
563,0.8865548372268677,2025-04-26 08:18:27.716421,2025-04-26 08:18:34.023895,0 days 00:00:06.307474,2,54,493,409.0,223.0,259.0,4,50,0.03805596001401787,0.0006164794051427048,0.6,/work3/arnaou/checkpoints/megnet_Pc_trial_563_best_state.pt,"{'learning_rate': 0.0006164794051427048, 'lr_reduce': 0.6}",TPESampler,COMPLETE
564,0.13061681389808655,2025-04-26 08:18:32.865248,2025-04-26 08:19:06.061065,0 days 00:00:33.195817,1,87,246,197.0,135.0,446.0,4,128,0.1941103507047486,0.004641809094688107,0.6,/work3/arnaou/checkpoints/megnet_Pc_trial_564_best_state.pt,"{'learning_rate': 0.004641809094688107, 'lr_reduce': 0.6}",TPESampler,COMPLETE
565,0.29804304242134094,2025-04-26 08:18:34.231504,2025-04-26 08:18:47.737041,0 days 00:00:13.505537,1,43,503,461.0,463.0,,3,100,0.12965424927038188,0.008681773574703101,0.6,/work3/arnaou/checkpoints/megnet_Pc_trial_565_best_state.pt,"{'learning_rate': 0.008681773574703101, 'lr_reduce': 0.6}",TPESampler,COMPLETE
566,0.14612899720668793,2025-04-26 08:18:42.577151,2025-04-26 08:19:03.798758,0 days 00:00:21.221607,1,48,383,273.0,391.0,,3,113,0.22785171658846176,0.006459185187695708,0.6,/work3/arnaou/checkpoints/megnet_Pc_trial_566_best_state.pt,"{'learning_rate': 0.006459185187695708, 'lr_reduce': 0.6}",TPESampler,COMPLETE
567,0.10904702544212341,2025-04-26 08:18:47.925733,2025-04-26 08:19:15.713850,0 days 00:00:27.788117,1,34,301,512.0,104.0,,3,128,0.1961015303834646,0.0019803114903625737,0.6,/work3/arnaou/checkpoints/megnet_Pc_trial_567_best_state.pt,"{'learning_rate': 0.0019803114903625737, 'lr_reduce': 0.6}",TPESampler,COMPLETE
568,0.08710408955812454,2025-04-26 08:19:03.971074,2025-04-26 08:19:29.651059,0 days 00:00:25.679985,1,34,375,161.0,170.0,179.0,4,103,0.11982679239826328,0.004194297687852043,0.6,/work3/arnaou/checkpoints/megnet_Pc_trial_568_best_state.pt,"{'learning_rate': 0.004194297687852043, 'lr_reduce': 0.6}",TPESampler,COMPLETE
569,0.10172965377569199,2025-04-26 08:19:06.666657,2025-04-26 08:19:30.857342,0 days 00:00:24.190685,1,34,251,229.0,,,2,117,0.23967302080699399,0.00821583313636082,0.6,/work3/arnaou/checkpoints/megnet_Pc_trial_569_best_state.pt,"{'learning_rate': 0.00821583313636082, 'lr_reduce': 0.6}",TPESampler,COMPLETE
570,0.5513170957565308,2025-04-26 08:19:15.873034,2025-04-26 08:19:59.873425,0 days 00:00:44.000391,1,122,364,,,,1,73,0.20087884665491626,0.0001813871843874637,0.6,/work3/arnaou/checkpoints/megnet_Pc_trial_570_best_state.pt,"{'learning_rate': 0.0001813871843874637, 'lr_reduce': 0.6}",TPESampler,COMPLETE
571,0.8872818946838379,2025-04-26 08:19:29.821696,2025-04-26 08:19:37.609895,0 days 00:00:07.788199,2,67,158,418.0,294.0,375.0,4,42,0.11754138768963224,0.0024206593586841166,0.6,/work3/arnaou/checkpoints/megnet_Pc_trial_571_best_state.pt,"{'learning_rate': 0.0024206593586841166, 'lr_reduce': 0.6}",TPESampler,COMPLETE
572,0.07680060714483261,2025-04-26 08:19:31.060251,2025-04-26 08:19:58.826228,0 days 00:00:27.765977,2,37,500,,,,1,88,0.15323367348452285,0.007964663026496649,0.6,/work3/arnaou/checkpoints/megnet_Pc_trial_572_best_state.pt,"{'learning_rate': 0.007964663026496649, 'lr_reduce': 0.6}",TPESampler,COMPLETE
573,0.8866052031517029,2025-04-26 08:19:37.781702,2025-04-26 08:19:44.289177,0 days 00:00:06.507475,3,108,79,357.0,416.0,,3,42,0.24847108564839107,0.00026411298281145347,0.6,/work3/arnaou/checkpoints/megnet_Pc_trial_573_best_state.pt,"{'learning_rate': 0.00026411298281145347, 'lr_reduce': 0.6}",TPESampler,COMPLETE
574,0.11404582858085632,2025-04-26 08:19:44.458062,2025-04-26 08:20:12.479315,0 days 00:00:28.021253,1,45,426,,,,1,127,0.2310984799058962,0.0020095387494523218,0.6,/work3/arnaou/checkpoints/megnet_Pc_trial_574_best_state.pt,"{'learning_rate': 0.0020095387494523218, 'lr_reduce': 0.6}",TPESampler,COMPLETE
575,0.8866338133811951,2025-04-26 08:19:59.012376,2025-04-26 08:20:07.747922,0 days 00:00:08.735546,4,57,134,217.0,340.0,140.0,4,36,0.20507432584704535,0.00015889967978728508,0.6,/work3/arnaou/checkpoints/megnet_Pc_trial_575_best_state.pt,"{'learning_rate': 0.00015889967978728508, 'lr_reduce': 0.6}",TPESampler,COMPLETE
576,0.1664334386587143,2025-04-26 08:20:00.112636,2025-04-26 08:20:13.163767,0 days 00:00:13.051131,1,60,472,300.0,,,2,84,0.11122685580173751,0.009915991851182871,0.6,/work3/arnaou/checkpoints/megnet_Pc_trial_576_best_state.pt,"{'learning_rate': 0.009915991851182871, 'lr_reduce': 0.6}",TPESampler,COMPLETE
577,0.16571597754955292,2025-04-26 08:20:07.915899,2025-04-26 08:20:25.813179,0 days 00:00:17.897280,2,32,429,,,,1,72,0.11409183955825279,0.007599773662640243,0.6,/work3/arnaou/checkpoints/megnet_Pc_trial_577_best_state.pt,"{'learning_rate': 0.007599773662640243, 'lr_reduce': 0.6}",TPESampler,COMPLETE
578,0.8640381097793579,2025-04-26 08:20:12.645266,2025-04-26 08:20:19.195656,0 days 00:00:06.550390,3,37,458,162.0,,,2,108,0.09201169360241511,0.006302774569560528,0.6,/work3/arnaou/checkpoints/megnet_Pc_trial_578_best_state.pt,"{'learning_rate': 0.006302774569560528, 'lr_reduce': 0.6}",TPESampler,COMPLETE
579,0.22927667200565338,2025-04-26 08:20:13.335098,2025-04-26 08:20:23.748709,0 days 00:00:10.413611,1,34,452,,,,1,82,0.20584621741892253,0.006609911200638476,0.6,/work3/arnaou/checkpoints/megnet_Pc_trial_579_best_state.pt,"{'learning_rate': 0.006609911200638476, 'lr_reduce': 0.6}",TPESampler,COMPLETE
580,0.1076207384467125,2025-04-26 08:20:19.343507,2025-04-26 08:20:49.465374,0 days 00:00:30.121867,2,38,436,,,,1,107,0.11881347636302422,0.006387503130912673,0.6,/work3/arnaou/checkpoints/megnet_Pc_trial_580_best_state.pt,"{'learning_rate': 0.006387503130912673, 'lr_reduce': 0.6}",TPESampler,COMPLETE
581,0.14930318295955658,2025-04-26 08:20:23.902682,2025-04-26 08:20:49.992783,0 days 00:00:26.090101,2,46,507,,,,1,93,0.1771228926919438,0.00940461441893635,0.6,/work3/arnaou/checkpoints/megnet_Pc_trial_581_best_state.pt,"{'learning_rate': 0.00940461441893635, 'lr_reduce': 0.6}",TPESampler,COMPLETE
582,0.4669491946697235,2025-04-26 08:20:25.988678,2025-04-26 08:20:32.842436,0 days 00:00:06.853758,2,41,465,,,,1,72,0.13976204254643756,0.008408981178165523,0.6,/work3/arnaou/checkpoints/megnet_Pc_trial_582_best_state.pt,"{'learning_rate': 0.008408981178165523, 'lr_reduce': 0.6}",TPESampler,COMPLETE
583,0.3494114577770233,2025-04-26 08:20:33.009599,2025-04-26 08:20:42.971417,0 days 00:00:09.961818,2,35,498,,,,1,86,0.11229841100345027,0.004235012019470003,0.6,/work3/arnaou/checkpoints/megnet_Pc_trial_583_best_state.pt,"{'learning_rate': 0.004235012019470003, 'lr_reduce': 0.6}",TPESampler,COMPLETE
584,0.8867453336715698,2025-04-26 08:20:43.151521,2025-04-26 08:20:48.315667,0 days 00:00:05.164146,4,35,359,262.0,,,2,88,0.17435110018161115,0.00206053557477419,0.6,/work3/arnaou/checkpoints/megnet_Pc_trial_584_best_state.pt,"{'learning_rate': 0.00206053557477419, 'lr_reduce': 0.6}",TPESampler,COMPLETE
585,0.887005627155304,2025-04-26 08:20:48.485181,2025-04-26 08:20:52.850657,0 days 00:00:04.365476,3,45,499,,,,1,71,0.1349011887770392,0.0034640506253306395,0.6,/work3/arnaou/checkpoints/megnet_Pc_trial_585_best_state.pt,"{'learning_rate': 0.0034640506253306395, 'lr_reduce': 0.6}",TPESampler,COMPLETE
586,0.886735200881958,2025-04-26 08:20:49.622292,2025-04-26 08:20:55.785955,0 days 00:00:06.163663,3,77,445,355.0,467.0,123.0,4,48,0.2060099929313523,0.0010824682148200492,0.6,/work3/arnaou/checkpoints/megnet_Pc_trial_586_best_state.pt,"{'learning_rate': 0.0010824682148200492, 'lr_reduce': 0.6}",TPESampler,COMPLETE
587,0.8874766230583191,2025-04-26 08:20:50.153366,2025-04-26 08:20:56.819475,0 days 00:00:06.666109,3,39,454,,,,1,106,0.14802873123277818,0.004296444976247877,0.6,/work3/arnaou/checkpoints/megnet_Pc_trial_587_best_state.pt,"{'learning_rate': 0.004296444976247877, 'lr_reduce': 0.6}",TPESampler,COMPLETE
588,0.1662074625492096,2025-04-26 08:20:53.029431,2025-04-26 08:21:08.750332,0 days 00:00:15.720901,1,89,175,199.0,,,2,123,0.17341801424132713,0.001695637874954582,0.6,/work3/arnaou/checkpoints/megnet_Pc_trial_588_best_state.pt,"{'learning_rate': 0.001695637874954582, 'lr_reduce': 0.6}",TPESampler,COMPLETE
589,0.17095550894737244,2025-04-26 08:20:55.937057,2025-04-26 08:21:13.747815,0 days 00:00:17.810758,1,34,248,303.0,509.0,,3,81,0.15402568049974835,0.0022292399110529224,0.6,/work3/arnaou/checkpoints/megnet_Pc_trial_589_best_state.pt,"{'learning_rate': 0.0022292399110529224, 'lr_reduce': 0.6}",TPESampler,COMPLETE
590,0.88768070936203,2025-04-26 08:20:57.006395,2025-04-26 08:21:01.860100,0 days 00:00:04.853705,2,41,491,,,,1,78,0.1820646124475956,0.001588925874452422,0.6,/work3/arnaou/checkpoints/megnet_Pc_trial_590_best_state.pt,"{'learning_rate': 0.001588925874452422, 'lr_reduce': 0.6}",TPESampler,COMPLETE
591,0.22115425765514374,2025-04-26 08:21:02.019875,2025-04-26 08:21:28.039488,0 days 00:00:26.019613,2,41,142,250.0,239.0,,3,122,0.22014568995248474,0.0025459735687796215,0.6,/work3/arnaou/checkpoints/megnet_Pc_trial_591_best_state.pt,"{'learning_rate': 0.0025459735687796215, 'lr_reduce': 0.6}",TPESampler,COMPLETE
592,0.5033099055290222,2025-04-26 08:21:08.970083,2025-04-26 08:21:18.344283,0 days 00:00:09.374200,2,59,427,382.0,,,2,101,0.14452926414657002,0.009036189225296198,0.6,/work3/arnaou/checkpoints/megnet_Pc_trial_592_best_state.pt,"{'learning_rate': 0.009036189225296198, 'lr_reduce': 0.6}",TPESampler,COMPLETE
593,0.14441703259944916,2025-04-26 08:21:13.908873,2025-04-26 08:21:28.999720,0 days 00:00:15.090847,1,38,386,141.0,,,2,86,0.14751393765849924,0.006516542986753552,0.6,/work3/arnaou/checkpoints/megnet_Pc_trial_593_best_state.pt,"{'learning_rate': 0.006516542986753552, 'lr_reduce': 0.6}",TPESampler,COMPLETE
594,0.11128363013267517,2025-04-26 08:21:18.528017,2025-04-26 08:21:43.137247,0 days 00:00:24.609230,1,45,491,218.0,408.0,,3,125,0.2230977562902592,0.0032163172025413828,0.6,/work3/arnaou/checkpoints/megnet_Pc_trial_594_best_state.pt,"{'learning_rate': 0.0032163172025413828, 'lr_reduce': 0.6}",TPESampler,COMPLETE
595,0.38643717765808105,2025-04-26 08:21:28.202460,2025-04-26 08:21:46.153048,0 days 00:00:17.950588,1,115,127,276.0,327.0,,3,86,0.03115739152759081,0.00741419517768613,0.6,/work3/arnaou/checkpoints/megnet_Pc_trial_595_best_state.pt,"{'learning_rate': 0.00741419517768613, 'lr_reduce': 0.6}",TPESampler,COMPLETE
596,0.10777369141578674,2025-04-26 08:21:29.167892,2025-04-26 08:21:58.948714,0 days 00:00:29.780822,1,49,504,192.0,,,2,128,0.2089898133995002,0.00741627977639346,0.6,/work3/arnaou/checkpoints/megnet_Pc_trial_596_best_state.pt,"{'learning_rate': 0.00741627977639346, 'lr_reduce': 0.6}",TPESampler,COMPLETE
597,0.08357822149991989,2025-04-26 08:21:43.294842,2025-04-26 08:22:14.216545,0 days 00:00:30.921703,1,33,481,386.0,,,2,97,0.1536446114389251,0.00704780318402001,0.6,/work3/arnaou/checkpoints/megnet_Pc_trial_597_best_state.pt,"{'learning_rate': 0.00704780318402001, 'lr_reduce': 0.6}",TPESampler,COMPLETE
598,0.8871498703956604,2025-04-26 08:21:46.313910,2025-04-26 08:21:51.224385,0 days 00:00:04.910475,2,33,508,242.0,,,2,85,0.187333311499535,0.0047701513825909765,0.6,/work3/arnaou/checkpoints/megnet_Pc_trial_598_best_state.pt,"{'learning_rate': 0.0047701513825909765, 'lr_reduce': 0.6}",TPESampler,COMPLETE
599,0.1493171900510788,2025-04-26 08:21:51.386619,2025-04-26 08:22:15.762725,0 days 00:00:24.376106,1,57,403,330.0,447.0,,3,55,0.2225754480055736,0.004718025266545288,0.6,/work3/arnaou/checkpoints/megnet_Pc_trial_599_best_state.pt,"{'learning_rate': 0.004718025266545288, 'lr_reduce': 0.6}",TPESampler,COMPLETE
600,0.8865427374839783,2025-04-26 08:21:59.117983,2025-04-26 08:22:04.263251,0 days 00:00:05.145268,3,118,442,405.0,,,2,83,0.22208455298314458,0.00012413803996082389,0.6,/work3/arnaou/checkpoints/megnet_Pc_trial_600_best_state.pt,"{'learning_rate': 0.00012413803996082389, 'lr_reduce': 0.6}",TPESampler,COMPLETE
601,0.8870514035224915,2025-04-26 08:22:04.431659,2025-04-26 08:22:10.442742,0 days 00:00:06.011083,4,74,267,,,,1,44,0.11172055493485075,0.00010140064259989666,0.6,/work3/arnaou/checkpoints/megnet_Pc_trial_601_best_state.pt,"{'learning_rate': 0.00010140064259989666, 'lr_reduce': 0.6}",TPESampler,COMPLETE
602,0.1671232283115387,2025-04-26 08:22:10.692261,2025-04-26 08:22:25.712559,0 days 00:00:15.020298,1,38,283,202.0,376.0,,3,125,0.17531506381945647,0.009416354804938649,0.6,/work3/arnaou/checkpoints/megnet_Pc_trial_602_best_state.pt,"{'learning_rate': 0.009416354804938649, 'lr_reduce': 0.6}",TPESampler,COMPLETE
603,0.5898287296295166,2025-04-26 08:22:14.388633,2025-04-26 08:22:24.470154,0 days 00:00:10.081521,3,94,370,262.0,227.0,78.0,4,67,0.22585389832481095,0.00550172581198237,0.6,/work3/arnaou/checkpoints/megnet_Pc_trial_603_best_state.pt,"{'learning_rate': 0.00550172581198237, 'lr_reduce': 0.6}",TPESampler,COMPLETE
604,0.47253572940826416,2025-04-26 08:22:15.934965,2025-04-26 08:22:30.184077,0 days 00:00:14.249112,2,48,503,,,,1,98,0.14050782104205725,0.00819189468966681,0.6,/work3/arnaou/checkpoints/megnet_Pc_trial_604_best_state.pt,"{'learning_rate': 0.00819189468966681, 'lr_reduce': 0.6}",TPESampler,COMPLETE
605,0.08138464391231537,2025-04-26 08:22:24.775251,2025-04-26 08:22:50.595583,0 days 00:00:25.820332,1,32,285,129.0,,,2,105,0.1062530799353264,0.007926651994859707,0.6,/work3/arnaou/checkpoints/megnet_Pc_trial_605_best_state.pt,"{'learning_rate': 0.007926651994859707, 'lr_reduce': 0.6}",TPESampler,COMPLETE
606,0.8875592947006226,2025-04-26 08:22:25.871714,2025-04-26 08:22:30.511985,0 days 00:00:04.640271,3,49,356,410.0,,,2,120,0.06563772976377732,0.00032821545890877033,0.6,/work3/arnaou/checkpoints/megnet_Pc_trial_606_best_state.pt,"{'learning_rate': 0.00032821545890877033, 'lr_reduce': 0.6}",TPESampler,COMPLETE
607,0.1240517795085907,2025-04-26 08:22:30.345515,2025-04-26 08:22:51.876050,0 days 00:00:21.530535,1,39,314,328.0,,,2,128,0.19517729066650602,0.0035529660036768035,0.6,/work3/arnaou/checkpoints/megnet_Pc_trial_607_best_state.pt,"{'learning_rate': 0.0035529660036768035, 'lr_reduce': 0.6}",TPESampler,COMPLETE
608,0.09807612001895905,2025-04-26 08:22:30.665581,2025-04-26 08:23:04.366129,0 days 00:00:33.700548,1,34,460,216.0,,,2,110,0.24844609772917353,0.005953247525900719,0.6,/work3/arnaou/checkpoints/megnet_Pc_trial_608_best_state.pt,"{'learning_rate': 0.005953247525900719, 'lr_reduce': 0.6}",TPESampler,COMPLETE
609,0.12494759261608124,2025-04-26 08:22:50.773417,2025-04-26 08:23:09.763359,0 days 00:00:18.989942,1,43,336,125.0,292.0,,3,98,0.19608400764148703,0.004276586732880084,0.6,/work3/arnaou/checkpoints/megnet_Pc_trial_609_best_state.pt,"{'learning_rate': 0.004276586732880084, 'lr_reduce': 0.6}",TPESampler,COMPLETE
610,0.886658251285553,2025-04-26 08:22:52.100505,2025-04-26 08:23:00.430965,0 days 00:00:08.330460,3,32,80,125.0,,,2,61,0.22287368940664656,0.00015859804214191238,0.6,/work3/arnaou/checkpoints/megnet_Pc_trial_610_best_state.pt,"{'learning_rate': 0.00015859804214191238, 'lr_reduce': 0.6}",TPESampler,COMPLETE
611,0.15291061997413635,2025-04-26 08:23:00.601668,2025-04-26 08:23:39.920352,0 days 00:00:39.318684,2,63,299,88.0,253.0,,3,127,0.10293278383554555,0.005779522084512606,0.6,/work3/arnaou/checkpoints/megnet_Pc_trial_611_best_state.pt,"{'learning_rate': 0.005779522084512606, 'lr_reduce': 0.6}",TPESampler,COMPLETE
612,0.11558598279953003,2025-04-26 08:23:04.539873,2025-04-26 08:23:28.260425,0 days 00:00:23.720552,1,122,389,,,,1,119,0.17858668108509057,0.003151133203571236,0.6,/work3/arnaou/checkpoints/megnet_Pc_trial_612_best_state.pt,"{'learning_rate': 0.003151133203571236, 'lr_reduce': 0.6}",TPESampler,COMPLETE
613,0.8869535326957703,2025-04-26 08:23:09.937318,2025-04-26 08:23:15.476246,0 days 00:00:05.538928,3,42,258,90.0,,,2,113,0.04806441792136032,0.002363519630431258,0.6,/work3/arnaou/checkpoints/megnet_Pc_trial_613_best_state.pt,"{'learning_rate': 0.002363519630431258, 'lr_reduce': 0.6}",TPESampler,COMPLETE
614,0.09921427816152573,2025-04-26 08:23:15.646004,2025-04-26 08:23:42.281649,0 days 00:00:26.635645,1,34,500,119.0,,,2,87,0.2187731370055762,0.009257916039360324,0.6,/work3/arnaou/checkpoints/megnet_Pc_trial_614_best_state.pt,"{'learning_rate': 0.009257916039360324, 'lr_reduce': 0.6}",TPESampler,COMPLETE
615,0.08233269304037094,2025-04-26 08:23:28.446977,2025-04-26 08:24:01.993568,0 days 00:00:33.546591,1,95,151,146.0,204.0,,3,127,0.17168713889075687,0.004330721093715763,0.6,/work3/arnaou/checkpoints/megnet_Pc_trial_615_best_state.pt,"{'learning_rate': 0.004330721093715763, 'lr_reduce': 0.6}",TPESampler,COMPLETE
616,0.08663959056138992,2025-04-26 08:23:40.089200,2025-04-26 08:23:56.698204,0 days 00:00:16.609004,1,53,205,155.0,,,2,97,0.13420770024838127,0.007782069690958191,0.6,/work3/arnaou/checkpoints/megnet_Pc_trial_616_best_state.pt,"{'learning_rate': 0.007782069690958191, 'lr_reduce': 0.6}",TPESampler,COMPLETE
617,0.8863998055458069,2025-04-26 08:23:42.436132,2025-04-26 08:23:46.825714,0 days 00:00:04.389582,1,119,232,157.0,,,2,69,0.061120869679572476,0.0002773352464509212,0.6,/work3/arnaou/checkpoints/megnet_Pc_trial_617_best_state.pt,"{'learning_rate': 0.0002773352464509212, 'lr_reduce': 0.6}",TPESampler,COMPLETE
618,0.1638498157262802,2025-04-26 08:23:46.990666,2025-04-26 08:24:21.238987,0 days 00:00:34.248321,2,33,250,,,,1,82,0.104486667853156,0.004708811421228884,0.6,/work3/arnaou/checkpoints/megnet_Pc_trial_618_best_state.pt,"{'learning_rate': 0.004708811421228884, 'lr_reduce': 0.6}",TPESampler,COMPLETE
619,0.21981891989707947,2025-04-26 08:23:56.861492,2025-04-26 08:24:09.660173,0 days 00:00:12.798681,1,32,284,171.0,310.0,,3,116,0.1943178797969369,0.007208906404815193,0.6,/work3/arnaou/checkpoints/megnet_Pc_trial_619_best_state.pt,"{'learning_rate': 0.007208906404815193, 'lr_reduce': 0.6}",TPESampler,COMPLETE
