number,value,datetime_start,datetime_complete,duration,params_depth,params_edge_hidden_dim,params_mlp_dim_00,params_mlp_dim_01,params_mlp_dim_02,params_mlp_dim_03,params_mlp_n_layers,params_node_hidden_dim,params_rep_dropout,params_train_learning_rate,params_train_lr_reduce,user_attrs_best_state_dict_path,user_attrs_training_params,system_attrs_auto:sampler,state
1859,0.0746263787150383,2025-04-26 11:03:19.109820,2025-04-26 11:03:54.171695,0 days 00:00:35.061875,1,42,501,398.0,,,2,74,0.21398423033563407,0.005893142425249682,0.6,/work3/arnaou/checkpoints/megnet_Pc_trial_1859_best_state.pt,"{'learning_rate': 0.005893142425249682, 'lr_reduce': 0.6}",TPESampler,COMPLETE
1860,0.13431158661842346,2025-04-26 11:03:29.688809,2025-04-26 11:03:54.342756,0 days 00:00:24.653947,1,65,509,354.0,,,2,108,0.21219609106282009,0.004177431916674793,0.6,/work3/arnaou/checkpoints/megnet_Pc_trial_1860_best_state.pt,"{'learning_rate': 0.004177431916674793, 'lr_reduce': 0.6}",TPESampler,COMPLETE
1861,0.11440073698759079,2025-04-26 11:03:37.116324,2025-04-26 11:04:11.627126,0 days 00:00:34.510802,2,34,440,141.0,,,2,89,0.19955239314367806,0.009756680770487849,0.6,/work3/arnaou/checkpoints/megnet_Pc_trial_1861_best_state.pt,"{'learning_rate': 0.009756680770487849, 'lr_reduce': 0.6}",TPESampler,COMPLETE
1862,0.11422260850667953,2025-04-26 11:03:54.395219,2025-04-26 11:04:28.846796,0 days 00:00:34.451577,1,62,485,,,,1,60,0.248971127702533,0.00441165129484462,0.6,/work3/arnaou/checkpoints/megnet_Pc_trial_1862_best_state.pt,"{'learning_rate': 0.00441165129484462, 'lr_reduce': 0.6}",TPESampler,COMPLETE
1863,0.09537777304649353,2025-04-26 11:03:54.564150,2025-04-26 11:04:23.685790,0 days 00:00:29.121640,1,39,225,365.0,294.0,191.0,4,100,0.056194303735723164,0.0066572765581695845,0.6,/work3/arnaou/checkpoints/megnet_Pc_trial_1863_best_state.pt,"{'learning_rate': 0.0066572765581695845, 'lr_reduce': 0.6}",TPESampler,COMPLETE
1864,0.30472972989082336,2025-04-26 11:04:11.905097,2025-04-26 11:04:29.770988,0 days 00:00:17.865891,2,50,491,358.0,430.0,,3,66,0.20925413249725405,0.005729659360018671,0.6,/work3/arnaou/checkpoints/megnet_Pc_trial_1864_best_state.pt,"{'learning_rate': 0.005729659360018671, 'lr_reduce': 0.6}",TPESampler,COMPLETE
1865,0.8876040577888489,2025-04-26 11:04:23.917565,2025-04-26 11:04:30.593570,0 days 00:00:06.676005,2,91,117,379.0,239.0,289.0,4,70,0.0013775192322996186,0.0009664191836462271,0.6,/work3/arnaou/checkpoints/megnet_Pc_trial_1865_best_state.pt,"{'learning_rate': 0.0009664191836462271, 'lr_reduce': 0.6}",TPESampler,COMPLETE
1866,0.11054609715938568,2025-04-26 11:04:29.070000,2025-04-26 11:04:57.819189,0 days 00:00:28.749189,1,57,363,322.0,,,2,75,0.22686804922730727,0.004315595045371648,0.6,/work3/arnaou/checkpoints/megnet_Pc_trial_1866_best_state.pt,"{'learning_rate': 0.004315595045371648, 'lr_reduce': 0.6}",TPESampler,COMPLETE
1867,0.4588151276111603,2025-04-26 11:04:29.997418,2025-04-26 11:04:38.184407,0 days 00:00:08.186989,2,39,467,380.0,,,2,53,0.19667040599491897,0.008691785624106345,0.6,/work3/arnaou/checkpoints/megnet_Pc_trial_1867_best_state.pt,"{'learning_rate': 0.008691785624106345, 'lr_reduce': 0.6}",TPESampler,COMPLETE
1868,0.1325903832912445,2025-04-26 11:04:30.835787,2025-04-26 11:05:07.822886,0 days 00:00:36.987099,2,81,288,355.0,359.0,,3,37,0.045117808352448885,0.007147019775492397,0.6,/work3/arnaou/checkpoints/megnet_Pc_trial_1868_best_state.pt,"{'learning_rate': 0.007147019775492397, 'lr_reduce': 0.6}",TPESampler,COMPLETE
1869,0.2474997341632843,2025-04-26 11:04:38.430713,2025-04-26 11:05:09.189950,0 days 00:00:30.759237,2,33,342,,,,1,103,0.10263707703730629,0.00884498728452495,0.6,/work3/arnaou/checkpoints/megnet_Pc_trial_1869_best_state.pt,"{'learning_rate': 0.00884498728452495, 'lr_reduce': 0.6}",TPESampler,COMPLETE
1870,0.11578980088233948,2025-04-26 11:04:58.040676,2025-04-26 11:05:31.705928,0 days 00:00:33.665252,1,37,480,325.0,,,2,68,0.17492418903257068,0.0065535524491035415,0.6,/work3/arnaou/checkpoints/megnet_Pc_trial_1870_best_state.pt,"{'learning_rate': 0.0065535524491035415, 'lr_reduce': 0.6}",TPESampler,COMPLETE
1871,0.8867731690406799,2025-04-26 11:05:08.042369,2025-04-26 11:05:14.079298,0 days 00:00:06.036929,2,77,96,395.0,,,2,67,0.22378142108844742,0.0001685104547376333,0.6,/work3/arnaou/checkpoints/megnet_Pc_trial_1871_best_state.pt,"{'learning_rate': 0.0001685104547376333, 'lr_reduce': 0.6}",TPESampler,COMPLETE
1872,0.09031475335359573,2025-04-26 11:05:09.433769,2025-04-26 11:05:46.286720,0 days 00:00:36.852951,2,40,424,,,,1,72,0.22397402806381814,0.0044910884666949005,0.6,/work3/arnaou/checkpoints/megnet_Pc_trial_1872_best_state.pt,"{'learning_rate': 0.0044910884666949005, 'lr_reduce': 0.6}",TPESampler,COMPLETE
1873,0.09109360724687576,2025-04-26 11:05:14.295850,2025-04-26 11:05:43.149968,0 days 00:00:28.854118,1,80,228,248.0,308.0,,3,93,0.12380143657690411,0.008194623000397198,0.6,/work3/arnaou/checkpoints/megnet_Pc_trial_1873_best_state.pt,"{'learning_rate': 0.008194623000397198, 'lr_reduce': 0.6}",TPESampler,COMPLETE
1874,0.12073246389627457,2025-04-26 11:05:31.918191,2025-04-26 11:06:00.582387,0 days 00:00:28.664196,1,36,381,,,,1,75,0.22037885455696138,0.003930520191815337,0.6,/work3/arnaou/checkpoints/megnet_Pc_trial_1874_best_state.pt,"{'learning_rate': 0.003930520191815337, 'lr_reduce': 0.6}",TPESampler,COMPLETE
1875,0.8876298069953918,2025-04-26 11:05:43.410240,2025-04-26 11:05:48.621776,0 days 00:00:05.211536,2,62,95,334.0,461.0,,3,111,0.18418040119699858,0.0003776925728229547,0.6,/work3/arnaou/checkpoints/megnet_Pc_trial_1875_best_state.pt,"{'learning_rate': 0.0003776925728229547, 'lr_reduce': 0.6}",TPESampler,COMPLETE
1876,0.15521743893623352,2025-04-26 11:05:46.514756,2025-04-26 11:06:00.324626,0 days 00:00:13.809870,1,43,491,199.0,,,2,82,0.21571544351771013,0.005189063133683671,0.6,/work3/arnaou/checkpoints/megnet_Pc_trial_1876_best_state.pt,"{'learning_rate': 0.005189063133683671, 'lr_reduce': 0.6}",TPESampler,COMPLETE
1877,0.1495322287082672,2025-04-26 11:05:48.843779,2025-04-26 11:06:08.656769,0 days 00:00:19.812990,2,57,411,391.0,,,2,75,0.18686794298557263,0.004931259644839836,0.6,/work3/arnaou/checkpoints/megnet_Pc_trial_1877_best_state.pt,"{'learning_rate': 0.004931259644839836, 'lr_reduce': 0.6}",TPESampler,COMPLETE
1878,0.1621188521385193,2025-04-26 11:06:00.541467,2025-04-26 11:06:22.037569,0 days 00:00:21.496102,1,39,176,292.0,385.0,,3,127,0.06833300150463734,0.009256069287974468,0.6,/work3/arnaou/checkpoints/megnet_Pc_trial_1878_best_state.pt,"{'learning_rate': 0.009256069287974468, 'lr_reduce': 0.6}",TPESampler,COMPLETE
1879,0.09253844618797302,2025-04-26 11:06:00.917673,2025-04-26 11:06:31.965113,0 days 00:00:31.047440,1,66,177,390.0,274.0,,3,118,0.0025642210754761065,0.0052406404526597,0.6,/work3/arnaou/checkpoints/megnet_Pc_trial_1879_best_state.pt,"{'learning_rate': 0.0052406404526597, 'lr_reduce': 0.6}",TPESampler,COMPLETE
1880,0.5497055649757385,2025-04-26 11:06:08.917594,2025-04-26 11:06:17.874306,0 days 00:00:08.956712,2,84,376,114.0,,,2,122,0.20805836069119232,0.0028096856804183386,0.6,/work3/arnaou/checkpoints/megnet_Pc_trial_1880_best_state.pt,"{'learning_rate': 0.0028096856804183386, 'lr_reduce': 0.6}",TPESampler,COMPLETE
1881,0.1929430365562439,2025-04-26 11:06:18.367775,2025-04-26 11:06:45.414255,0 days 00:00:27.046480,1,51,425,220.0,,,2,68,0.20355621413920577,0.006364899004763494,0.6,/work3/arnaou/checkpoints/megnet_Pc_trial_1881_best_state.pt,"{'learning_rate': 0.006364899004763494, 'lr_reduce': 0.6}",TPESampler,COMPLETE
1882,0.8869838714599609,2025-04-26 11:06:22.312301,2025-04-26 11:06:26.878401,0 days 00:00:04.566100,1,35,510,,,,1,41,0.1668256443405443,0.00024704146504794203,0.6,/work3/arnaou/checkpoints/megnet_Pc_trial_1882_best_state.pt,"{'learning_rate': 0.00024704146504794203, 'lr_reduce': 0.6}",TPESampler,COMPLETE
1883,0.08268967270851135,2025-04-26 11:06:27.124622,2025-04-26 11:07:07.238348,0 days 00:00:40.113726,1,90,304,347.0,,,2,128,0.23601929925230186,0.006777903740563679,0.6,/work3/arnaou/checkpoints/megnet_Pc_trial_1883_best_state.pt,"{'learning_rate': 0.006777903740563679, 'lr_reduce': 0.6}",TPESampler,COMPLETE
1884,0.07948556542396545,2025-04-26 11:06:32.193955,2025-04-26 11:07:03.313140,0 days 00:00:31.119185,1,32,505,297.0,335.0,,3,78,0.19048734089343097,0.008578293892766431,0.6,/work3/arnaou/checkpoints/megnet_Pc_trial_1884_best_state.pt,"{'learning_rate': 0.008578293892766431, 'lr_reduce': 0.6}",TPESampler,COMPLETE
1885,0.8867146372795105,2025-04-26 11:06:45.662898,2025-04-26 11:06:53.542167,0 days 00:00:07.879269,4,98,430,396.0,419.0,,3,81,0.002653932297371958,0.00011564333909462169,0.6,/work3/arnaou/checkpoints/megnet_Pc_trial_1885_best_state.pt,"{'learning_rate': 0.00011564333909462169, 'lr_reduce': 0.6}",TPESampler,COMPLETE
1886,0.42485055327415466,2025-04-26 11:06:53.779749,2025-04-26 11:07:20.387258,0 days 00:00:26.607509,3,61,342,257.0,362.0,68.0,4,78,0.13304555166335413,0.001028256374202032,0.6,/work3/arnaou/checkpoints/megnet_Pc_trial_1886_best_state.pt,"{'learning_rate': 0.001028256374202032, 'lr_reduce': 0.6}",TPESampler,COMPLETE
1887,0.13658787310123444,2025-04-26 11:07:03.612576,2025-04-26 11:07:41.463438,0 days 00:00:37.850862,1,42,467,67.0,,,2,53,0.24677622987699666,0.005687448016468365,0.6,/work3/arnaou/checkpoints/megnet_Pc_trial_1887_best_state.pt,"{'learning_rate': 0.005687448016468365, 'lr_reduce': 0.6}",TPESampler,COMPLETE
1888,0.10196705162525177,2025-04-26 11:07:07.457930,2025-04-26 11:07:37.802793,0 days 00:00:30.344863,2,49,399,356.0,,,2,76,0.2304007178065055,0.00978167268012194,0.6,/work3/arnaou/checkpoints/megnet_Pc_trial_1888_best_state.pt,"{'learning_rate': 0.00978167268012194, 'lr_reduce': 0.6}",TPESampler,COMPLETE
1889,0.11477294564247131,2025-04-26 11:07:20.606888,2025-04-26 11:07:51.925776,0 days 00:00:31.318888,1,38,199,165.0,,,2,95,0.09375865363502116,0.0070269503308906375,0.6,/work3/arnaou/checkpoints/megnet_Pc_trial_1889_best_state.pt,"{'learning_rate': 0.0070269503308906375, 'lr_reduce': 0.6}",TPESampler,COMPLETE
1890,0.13927245140075684,2025-04-26 11:07:38.067033,2025-04-26 11:08:03.879650,0 days 00:00:25.812617,1,48,490,,,,1,64,0.19352424083230405,0.005442053603163033,0.6,/work3/arnaou/checkpoints/megnet_Pc_trial_1890_best_state.pt,"{'learning_rate': 0.005442053603163033, 'lr_reduce': 0.6}",TPESampler,COMPLETE
1891,0.8870165944099426,2025-04-26 11:07:41.762053,2025-04-26 11:07:47.199585,0 days 00:00:05.437532,2,122,97,,,,1,36,0.17534872087528738,0.0005471037471023081,0.6,/work3/arnaou/checkpoints/megnet_Pc_trial_1891_best_state.pt,"{'learning_rate': 0.0005471037471023081, 'lr_reduce': 0.6}",TPESampler,COMPLETE
1892,0.06694476306438446,2025-04-26 11:07:47.454057,2025-04-26 11:08:37.645006,0 days 00:00:50.190949,1,68,294,313.0,211.0,163.0,4,90,0.021869853949989918,0.00790994206136265,0.6,/work3/arnaou/checkpoints/megnet_Pc_trial_1892_best_state.pt,"{'learning_rate': 0.00790994206136265, 'lr_reduce': 0.6}",TPESampler,COMPLETE
1893,0.17284634709358215,2025-04-26 11:07:52.264149,2025-04-26 11:08:45.374879,0 days 00:00:53.110730,1,70,247,368.0,298.0,342.0,4,114,0.06680511282928987,0.00024858119228372816,0.6,/work3/arnaou/checkpoints/megnet_Pc_trial_1893_best_state.pt,"{'learning_rate': 0.00024858119228372816, 'lr_reduce': 0.6}",TPESampler,COMPLETE
1894,0.10321811586618423,2025-04-26 11:08:04.107426,2025-04-26 11:08:37.623745,0 days 00:00:33.516319,1,75,101,,,,1,82,0.04915297008465538,0.009287859568160623,0.6,/work3/arnaou/checkpoints/megnet_Pc_trial_1894_best_state.pt,"{'learning_rate': 0.009287859568160623, 'lr_reduce': 0.6}",TPESampler,COMPLETE
1895,0.8875088095664978,2025-04-26 11:08:38.061623,2025-04-26 11:08:46.035373,0 days 00:00:07.973750,2,68,327,292.0,187.0,159.0,4,127,0.007731027028833076,0.00044591117875917837,0.6,/work3/arnaou/checkpoints/megnet_Pc_trial_1895_best_state.pt,"{'learning_rate': 0.00044591117875917837, 'lr_reduce': 0.6}",TPESampler,COMPLETE
1896,0.16589200496673584,2025-04-26 11:08:38.164192,2025-04-26 11:09:05.815824,0 days 00:00:27.651632,1,95,363,296.0,162.0,143.0,4,112,0.017417035480095298,0.002487032981648264,0.6,/work3/arnaou/checkpoints/megnet_Pc_trial_1896_best_state.pt,"{'learning_rate': 0.002487032981648264, 'lr_reduce': 0.6}",TPESampler,COMPLETE
1897,0.1289377361536026,2025-04-26 11:08:45.741740,2025-04-26 11:09:23.398071,0 days 00:00:37.656331,1,58,287,314.0,155.0,182.0,4,102,0.023106283721206634,0.005758878463431204,0.6,/work3/arnaou/checkpoints/megnet_Pc_trial_1897_best_state.pt,"{'learning_rate': 0.005758878463431204, 'lr_reduce': 0.6}",TPESampler,COMPLETE
1898,0.8865850567817688,2025-04-26 11:08:46.297053,2025-04-26 11:08:52.581084,0 days 00:00:06.284031,2,77,300,299.0,196.0,151.0,4,39,0.0028074254162715195,0.0003975613173063189,0.6,/work3/arnaou/checkpoints/megnet_Pc_trial_1898_best_state.pt,"{'learning_rate': 0.0003975613173063189, 'lr_reduce': 0.6}",TPESampler,COMPLETE
1899,0.37968215346336365,2025-04-26 11:08:52.814185,2025-04-26 11:09:02.753526,0 days 00:00:09.939341,1,68,320,278.0,168.0,,3,73,0.012141797686066016,0.005694213280198753,0.6,/work3/arnaou/checkpoints/megnet_Pc_trial_1899_best_state.pt,"{'learning_rate': 0.005694213280198753, 'lr_reduce': 0.6}",TPESampler,COMPLETE
1900,0.15578864514827728,2025-04-26 11:09:02.987244,2025-04-26 11:09:38.304578,0 days 00:00:35.317334,2,69,389,299.0,178.0,192.0,4,107,0.010353487767068867,0.0073977321371365345,0.6,/work3/arnaou/checkpoints/megnet_Pc_trial_1900_best_state.pt,"{'learning_rate': 0.0073977321371365345, 'lr_reduce': 0.6}",TPESampler,COMPLETE
1901,0.16059069335460663,2025-04-26 11:09:06.027697,2025-04-26 11:09:24.657617,0 days 00:00:18.629920,1,60,288,269.0,179.0,202.0,4,98,0.03994497202802216,0.002578801399548262,0.6,/work3/arnaou/checkpoints/megnet_Pc_trial_1901_best_state.pt,"{'learning_rate': 0.002578801399548262, 'lr_reduce': 0.6}",TPESampler,COMPLETE
1902,0.3734208643436432,2025-04-26 11:09:23.663231,2025-04-26 11:09:42.958459,0 days 00:00:19.295228,1,77,386,311.0,193.0,148.0,4,88,0.04846744190802721,0.007592312684519096,0.6,/work3/arnaou/checkpoints/megnet_Pc_trial_1902_best_state.pt,"{'learning_rate': 0.007592312684519096, 'lr_reduce': 0.6}",TPESampler,COMPLETE
1903,0.09247228503227234,2025-04-26 11:09:24.943334,2025-04-26 11:09:50.413297,0 days 00:00:25.469963,1,88,284,262.0,223.0,210.0,4,84,0.02944612999550099,0.006611985138681927,0.6,/work3/arnaou/checkpoints/megnet_Pc_trial_1903_best_state.pt,"{'learning_rate': 0.006611985138681927, 'lr_reduce': 0.6}",TPESampler,COMPLETE
1904,0.8861063122749329,2025-04-26 11:09:38.554511,2025-04-26 11:09:44.460268,0 days 00:00:05.905757,1,121,66,309.0,,,2,97,0.020091482340231337,0.00015703337635942577,0.6,/work3/arnaou/checkpoints/megnet_Pc_trial_1904_best_state.pt,"{'learning_rate': 0.00015703337635942577, 'lr_reduce': 0.6}",TPESampler,COMPLETE
1905,0.09646204113960266,2025-04-26 11:09:43.194859,2025-04-26 11:10:08.173277,0 days 00:00:24.978418,1,53,481,258.0,,,2,77,0.22325235894645992,0.009900082401179228,0.6,/work3/arnaou/checkpoints/megnet_Pc_trial_1905_best_state.pt,"{'learning_rate': 0.009900082401179228, 'lr_reduce': 0.6}",TPESampler,COMPLETE
1906,0.1955011934041977,2025-04-26 11:09:44.665163,2025-04-26 11:10:23.309981,0 days 00:00:38.644818,2,50,174,243.0,,,2,98,0.01281958066387271,0.0018136878158366927,0.6,/work3/arnaou/checkpoints/megnet_Pc_trial_1906_best_state.pt,"{'learning_rate': 0.0018136878158366927, 'lr_reduce': 0.6}",TPESampler,COMPLETE
1907,0.3349974751472473,2025-04-26 11:09:50.633729,2025-04-26 11:10:06.749946,0 days 00:00:16.116217,2,124,193,,,,1,46,0.0013938326469545015,0.00823688861773024,0.6,/work3/arnaou/checkpoints/megnet_Pc_trial_1907_best_state.pt,"{'learning_rate': 0.00823688861773024, 'lr_reduce': 0.6}",TPESampler,COMPLETE
1908,0.4653209149837494,2025-04-26 11:10:06.959582,2025-04-26 11:10:25.124954,0 days 00:00:18.165372,1,65,190,319.0,206.0,140.0,4,84,0.030434805492098347,0.006630249030193771,0.6,/work3/arnaou/checkpoints/megnet_Pc_trial_1908_best_state.pt,"{'learning_rate': 0.006630249030193771, 'lr_reduce': 0.6}",TPESampler,COMPLETE
1909,0.1867142617702484,2025-04-26 11:10:08.428472,2025-04-26 11:10:35.654198,0 days 00:00:27.225726,1,61,334,278.0,157.0,216.0,4,52,0.03972003613228178,0.0015355829684702618,0.6,/work3/arnaou/checkpoints/megnet_Pc_trial_1909_best_state.pt,"{'learning_rate': 0.0015355829684702618, 'lr_reduce': 0.6}",TPESampler,COMPLETE
1910,0.3670666515827179,2025-04-26 11:10:23.525907,2025-04-26 11:10:30.716593,0 days 00:00:07.190686,1,77,67,318.0,,,2,116,0.00553703572272775,0.006115587625184998,0.6,/work3/arnaou/checkpoints/megnet_Pc_trial_1910_best_state.pt,"{'learning_rate': 0.006115587625184998, 'lr_reduce': 0.6}",TPESampler,COMPLETE
1911,0.11878906190395355,2025-04-26 11:10:25.322605,2025-04-26 11:11:04.029681,0 days 00:00:38.707076,1,64,342,282.0,210.0,116.0,4,81,0.058264383033077405,0.00680858262432806,0.6,/work3/arnaou/checkpoints/megnet_Pc_trial_1911_best_state.pt,"{'learning_rate': 0.00680858262432806, 'lr_reduce': 0.6}",TPESampler,COMPLETE
1912,0.14866237342357635,2025-04-26 11:10:30.951706,2025-04-26 11:11:01.974053,0 days 00:00:31.022347,1,60,511,219.0,,,2,63,0.19344749622193994,0.003605572910494459,0.6,/work3/arnaou/checkpoints/megnet_Pc_trial_1912_best_state.pt,"{'learning_rate': 0.003605572910494459, 'lr_reduce': 0.6}",TPESampler,COMPLETE
1913,0.12760265171527863,2025-04-26 11:10:35.862877,2025-04-26 11:11:00.147752,0 days 00:00:24.284875,1,59,222,,,,1,110,0.19611995812696797,0.006929565896101056,0.6,/work3/arnaou/checkpoints/megnet_Pc_trial_1913_best_state.pt,"{'learning_rate': 0.006929565896101056, 'lr_reduce': 0.6}",TPESampler,COMPLETE
1914,0.1696907877922058,2025-04-26 11:11:00.382672,2025-04-26 11:11:15.494452,0 days 00:00:15.111780,2,68,204,,,,1,103,0.20200150188843816,0.00451485378431171,0.6,/work3/arnaou/checkpoints/megnet_Pc_trial_1914_best_state.pt,"{'learning_rate': 0.00451485378431171, 'lr_reduce': 0.6}",TPESampler,COMPLETE
1915,0.12443792819976807,2025-04-26 11:11:02.217112,2025-04-26 11:11:30.587948,0 days 00:00:28.370836,1,52,470,,,,1,72,0.2288292987150049,0.008178606838487024,0.6,/work3/arnaou/checkpoints/megnet_Pc_trial_1915_best_state.pt,"{'learning_rate': 0.008178606838487024, 'lr_reduce': 0.6}",TPESampler,COMPLETE
1916,0.3883260488510132,2025-04-26 11:11:04.325568,2025-04-26 11:11:15.179924,0 days 00:00:10.854356,1,57,216,317.0,211.0,,3,96,0.03319576615493282,0.008012117023741378,0.6,/work3/arnaou/checkpoints/megnet_Pc_trial_1916_best_state.pt,"{'learning_rate': 0.008012117023741378, 'lr_reduce': 0.6}",TPESampler,COMPLETE
1917,0.13440397381782532,2025-04-26 11:11:15.423910,2025-04-26 11:11:39.918052,0 days 00:00:24.494142,1,79,267,240.0,221.0,196.0,4,97,0.01830321632943075,0.004434378618249039,0.6,/work3/arnaou/checkpoints/megnet_Pc_trial_1917_best_state.pt,"{'learning_rate': 0.004434378618249039, 'lr_reduce': 0.6}",TPESampler,COMPLETE
1918,0.46624839305877686,2025-04-26 11:11:15.711239,2025-04-26 11:11:25.669544,0 days 00:00:09.958305,1,72,336,326.0,142.0,236.0,4,96,0.026149600788535815,0.008072919092874265,0.6,/work3/arnaou/checkpoints/megnet_Pc_trial_1918_best_state.pt,"{'learning_rate': 0.008072919092874265, 'lr_reduce': 0.6}",TPESampler,COMPLETE
1919,0.12073689699172974,2025-04-26 11:11:26.057579,2025-04-26 11:11:56.056546,0 days 00:00:29.998967,1,83,363,193.0,219.0,114.0,4,72,0.013240284406544421,0.007647124551142979,0.6,/work3/arnaou/checkpoints/megnet_Pc_trial_1919_best_state.pt,"{'learning_rate': 0.007647124551142979, 'lr_reduce': 0.6}",TPESampler,COMPLETE
1920,0.11996950209140778,2025-04-26 11:11:30.816019,2025-04-26 11:11:51.751752,0 days 00:00:20.935733,1,83,286,130.0,227.0,168.0,4,112,0.0016388506595520769,0.008499138053623533,0.6,/work3/arnaou/checkpoints/megnet_Pc_trial_1920_best_state.pt,"{'learning_rate': 0.008499138053623533, 'lr_reduce': 0.6}",TPESampler,COMPLETE
1921,0.3959403932094574,2025-04-26 11:11:40.169041,2025-04-26 11:11:58.322398,0 days 00:00:18.153357,1,65,314,263.0,195.0,235.0,4,83,0.00836335314224966,0.008347998304227576,0.6,/work3/arnaou/checkpoints/megnet_Pc_trial_1921_best_state.pt,"{'learning_rate': 0.008347998304227576, 'lr_reduce': 0.6}",TPESampler,COMPLETE
1922,0.8863545656204224,2025-04-26 11:11:51.986822,2025-04-26 11:11:57.842151,0 days 00:00:05.855329,4,90,86,284.0,,,2,111,0.2449559824655333,0.0007308407324599783,0.6,/work3/arnaou/checkpoints/megnet_Pc_trial_1922_best_state.pt,"{'learning_rate': 0.0007308407324599783, 'lr_reduce': 0.6}",TPESampler,COMPLETE
1923,0.17583921551704407,2025-04-26 11:11:56.429766,2025-04-26 11:12:20.255740,0 days 00:00:23.825974,2,45,495,329.0,,,2,72,0.1684318918551888,0.002686145213105261,0.6,/work3/arnaou/checkpoints/megnet_Pc_trial_1923_best_state.pt,"{'learning_rate': 0.002686145213105261, 'lr_reduce': 0.6}",TPESampler,COMPLETE
1924,0.8871577978134155,2025-04-26 11:11:58.060473,2025-04-26 11:12:05.325559,0 days 00:00:07.265086,4,73,412,235.0,,,2,91,0.1800672754190287,0.009203427212355035,0.6,/work3/arnaou/checkpoints/megnet_Pc_trial_1924_best_state.pt,"{'learning_rate': 0.009203427212355035, 'lr_reduce': 0.6}",TPESampler,COMPLETE
1925,0.17536532878875732,2025-04-26 11:11:58.568691,2025-04-26 11:12:22.059552,0 days 00:00:23.490861,1,38,448,109.0,,,2,65,0.24011195520080664,0.0032631716811630305,0.6,/work3/arnaou/checkpoints/megnet_Pc_trial_1925_best_state.pt,"{'learning_rate': 0.0032631716811630305, 'lr_reduce': 0.6}",TPESampler,COMPLETE
1926,0.1563834846019745,2025-04-26 11:12:05.560529,2025-04-26 11:12:31.077324,0 days 00:00:25.516795,1,47,185,154.0,167.0,187.0,4,96,0.064763664890198,0.009779082408957784,0.6,/work3/arnaou/checkpoints/megnet_Pc_trial_1926_best_state.pt,"{'learning_rate': 0.009779082408957784, 'lr_reduce': 0.6}",TPESampler,COMPLETE
