number,value,datetime_start,datetime_complete,duration,params_L1_dropout,params_L1_hidden_dim,params_L1_layers_atom,params_L1_layers_mol,params_L1_out_dim,params_L2_dropout,params_L2_hidden_dim,params_L2_layers_atom,params_L2_layers_mol,params_L2_out_dim,params_L3_dropout,params_L3_hidden_dim,params_L3_layers_atom,params_L3_layers_mol,params_L3_out_dim,params_final_dropout,params_mlp_dim_0,params_mlp_dim_1,params_mlp_dim_2,params_n_mlp_layers,params_num_heads,params_train_learning_rate,params_train_lr_reduce,user_attrs_best_state_dict_path,user_attrs_training_params,system_attrs_auto:sampler,state
900,0.02570437081158161,2025-04-25 23:53:40.573561,2025-04-25 23:55:27.517190,0 days 00:01:46.943629,0.11515384419658986,224,4,3,32,0.012836758072851208,96,1,3,64,0.2481217018148633,112,4,1,112,0.16656418374235513,288,72.0,,2,2,0.0022630598761799268,0.6,/work3/arnaou/checkpoints/groupgat_Tc_trial_900_best_state.pt,"{'learning_rate': 0.0022630598761799268, 'lr_reduce': 0.6}",TPESampler,COMPLETE
901,0.013629031367599964,2025-04-25 23:54:49.375659,2025-04-25 23:57:34.289824,0 days 00:02:44.914165,0.010678678315637014,224,3,4,64,0.0036206947365537666,256,3,1,32,0.2852838740983736,96,3,3,112,0.1877720257733182,64,152.0,120.0,3,1,0.0002595012410752301,0.6,/work3/arnaou/checkpoints/groupgat_Tc_trial_901_best_state.pt,"{'learning_rate': 0.0002595012410752301, 'lr_reduce': 0.6}",TPESampler,COMPLETE
902,0.015226905234158039,2025-04-25 23:55:08.976868,2025-04-25 23:57:27.624718,0 days 00:02:18.647850,0.0494051705252692,256,3,4,80,0.10586311202404058,176,3,4,96,0.26417525868397257,112,4,1,128,0.22017532130913073,40,112.0,248.0,3,2,0.0005002748879051617,0.6,/work3/arnaou/checkpoints/groupgat_Tc_trial_902_best_state.pt,"{'learning_rate': 0.0005002748879051617, 'lr_reduce': 0.6}",TPESampler,COMPLETE
903,0.01906290277838707,2025-04-25 23:55:27.756617,2025-04-25 23:58:19.004852,0 days 00:02:51.248235,0.004628829311221714,240,3,4,80,0.12200717659160498,208,1,3,128,0.2747180163255048,128,3,3,64,0.19046481184396089,112,360.0,32.0,3,2,0.00013025531170188633,0.6,/work3/arnaou/checkpoints/groupgat_Tc_trial_903_best_state.pt,"{'learning_rate': 0.00013025531170188633, 'lr_reduce': 0.6}",TPESampler,COMPLETE
904,0.01670084148645401,2025-04-25 23:57:27.991446,2025-04-25 23:59:08.007286,0 days 00:01:40.015840,0.060862400779864115,224,3,4,48,0.1881582406536537,208,1,2,96,0.21594540398019885,128,1,1,128,0.09066165982549093,192,32.0,360.0,3,2,0.001087618190170952,0.6,/work3/arnaou/checkpoints/groupgat_Tc_trial_904_best_state.pt,"{'learning_rate': 0.001087618190170952, 'lr_reduce': 0.6}",TPESampler,COMPLETE
905,0.015422767959535122,2025-04-25 23:57:34.593814,2025-04-25 23:59:38.929422,0 days 00:02:04.335608,0.04798979244626344,160,3,4,64,0.05584696062964315,144,2,2,96,0.28001035046721157,112,3,1,128,0.17356204678497242,168,216.0,136.0,3,2,0.0006252241539558966,0.6,/work3/arnaou/checkpoints/groupgat_Tc_trial_905_best_state.pt,"{'learning_rate': 0.0006252241539558966, 'lr_reduce': 0.6}",TPESampler,COMPLETE
906,0.017693137750029564,2025-04-25 23:58:19.268500,2025-04-26 00:00:35.972325,0 days 00:02:16.703825,0.09066309850365142,112,2,4,96,0.002417123282588793,160,1,2,112,0.21256903740277971,80,4,2,128,0.2449464745204078,32,184.0,160.0,3,2,0.000720403639217131,0.6,/work3/arnaou/checkpoints/groupgat_Tc_trial_906_best_state.pt,"{'learning_rate': 0.000720403639217131, 'lr_reduce': 0.6}",TPESampler,COMPLETE
907,0.016800904646515846,2025-04-25 23:59:08.312304,2025-04-26 00:01:33.008290,0 days 00:02:24.695986,0.022741315695604156,224,4,4,48,0.004936009054628595,224,4,2,64,0.2630596200877302,80,2,2,80,0.25784849962110357,72,160.0,136.0,3,1,0.0005195038719809741,0.6,/work3/arnaou/checkpoints/groupgat_Tc_trial_907_best_state.pt,"{'learning_rate': 0.0005195038719809741, 'lr_reduce': 0.6}",TPESampler,COMPLETE
908,0.01760253682732582,2025-04-25 23:59:39.253348,2025-04-26 00:02:13.642168,0 days 00:02:34.388820,0.019151505879206984,192,2,4,64,0.08377286382931484,208,3,1,64,0.276575129644038,128,2,3,128,0.20557309873740756,136,200.0,160.0,3,1,0.00041233198396342814,0.6,/work3/arnaou/checkpoints/groupgat_Tc_trial_908_best_state.pt,"{'learning_rate': 0.00041233198396342814, 'lr_reduce': 0.6}",TPESampler,COMPLETE
909,0.022006860002875328,2025-04-26 00:00:36.324914,2025-04-26 00:03:12.197368,0 days 00:02:35.872454,0.06443256897665481,224,3,4,48,0.03886061417060249,256,3,2,32,0.25334653109422756,112,2,4,112,0.16760106588811025,48,160.0,128.0,3,1,0.0002934022495047946,0.6,/work3/arnaou/checkpoints/groupgat_Tc_trial_909_best_state.pt,"{'learning_rate': 0.0002934022495047946, 'lr_reduce': 0.6}",TPESampler,COMPLETE
910,0.014490826055407524,2025-04-26 00:01:33.346604,2025-04-26 00:03:59.102590,0 days 00:02:25.755986,0.008747951043704027,256,3,4,96,0.03205044692788262,224,4,1,32,0.19765530583112717,80,3,3,96,0.24631491683579534,64,160.0,184.0,3,1,0.00023634502954033798,0.6,/work3/arnaou/checkpoints/groupgat_Tc_trial_910_best_state.pt,"{'learning_rate': 0.00023634502954033798, 'lr_reduce': 0.6}",TPESampler,COMPLETE
911,0.02953483723104,2025-04-26 00:02:13.955214,2025-04-26 00:04:41.254239,0 days 00:02:27.299025,0.10536959272862326,160,3,4,80,0.05766344756933445,240,3,1,64,0.25001393322725074,80,4,3,112,0.1237651868965077,56,168.0,136.0,3,1,0.00010576741894496892,0.6,/work3/arnaou/checkpoints/groupgat_Tc_trial_911_best_state.pt,"{'learning_rate': 0.00010576741894496892, 'lr_reduce': 0.6}",TPESampler,COMPLETE
912,0.015969064086675644,2025-04-26 00:03:12.478015,2025-04-26 00:05:28.981268,0 days 00:02:16.503253,0.02450229691309721,208,4,4,48,0.24805084881802736,256,1,3,128,0.21950698291681284,128,2,1,128,0.2870573854943034,80,152.0,200.0,3,2,0.0002394626565656643,0.6,/work3/arnaou/checkpoints/groupgat_Tc_trial_912_best_state.pt,"{'learning_rate': 0.0002394626565656643, 'lr_reduce': 0.6}",TPESampler,COMPLETE
913,0.019144531339406967,2025-04-26 00:03:59.387436,2025-04-26 00:05:51.800897,0 days 00:01:52.413461,0.04298546658454487,160,4,4,32,0.023176384834585215,176,1,2,80,0.1676696557049862,128,4,1,112,0.2559171091660252,176,272.0,,2,2,0.0010043685252606443,0.6,/work3/arnaou/checkpoints/groupgat_Tc_trial_913_best_state.pt,"{'learning_rate': 0.0010043685252606443, 'lr_reduce': 0.6}",TPESampler,COMPLETE
914,0.023114128038287163,2025-04-26 00:04:41.492253,2025-04-26 00:06:39.403696,0 days 00:01:57.911443,0.11845426298177274,96,2,1,32,0.1601780964096252,176,3,3,96,0.2195310313947713,96,4,1,80,0.13063778229616899,264,200.0,272.0,3,2,0.0008240203590346271,0.6,/work3/arnaou/checkpoints/groupgat_Tc_trial_914_best_state.pt,"{'learning_rate': 0.0008240203590346271, 'lr_reduce': 0.6}",TPESampler,COMPLETE
915,0.01873733289539814,2025-04-26 00:05:29.312547,2025-04-26 00:07:48.849243,0 days 00:02:19.536696,0.007822707656839158,176,2,4,32,0.06331487560124048,240,4,3,64,0.28312170362062056,96,4,1,112,0.23223505972850078,160,144.0,120.0,3,2,0.0016746897523021009,0.6,/work3/arnaou/checkpoints/groupgat_Tc_trial_915_best_state.pt,"{'learning_rate': 0.0016746897523021009, 'lr_reduce': 0.6}",TPESampler,COMPLETE
916,0.015145263634622097,2025-04-26 00:05:52.120278,2025-04-26 00:07:51.621320,0 days 00:01:59.501042,0.03349691831885373,256,4,4,48,0.29818118733348986,224,1,3,112,0.10762031027720356,80,1,2,96,0.23901682052599424,80,392.0,232.0,3,2,0.0006164630985065277,0.6,/work3/arnaou/checkpoints/groupgat_Tc_trial_916_best_state.pt,"{'learning_rate': 0.0006164630985065277, 'lr_reduce': 0.6}",TPESampler,COMPLETE
917,0.015781570225954056,2025-04-26 00:06:39.680237,2025-04-26 00:08:27.225483,0 days 00:01:47.545246,0.05772862892131639,128,2,4,48,0.19169971223447374,256,2,2,80,0.2956190900611282,80,3,2,112,0.22221349491316633,72,240.0,312.0,3,2,0.0009358846124105521,0.6,/work3/arnaou/checkpoints/groupgat_Tc_trial_917_best_state.pt,"{'learning_rate': 0.0009358846124105521, 'lr_reduce': 0.6}",TPESampler,COMPLETE
918,0.016873760148882866,2025-04-26 00:07:50.411692,2025-04-26 00:10:19.257012,0 days 00:02:28.845320,0.001554599264685477,176,3,3,48,0.028026973573598225,64,3,1,80,0.25306309817477507,128,4,2,128,0.10525798017737444,64,136.0,112.0,3,2,0.0004791026788001644,0.6,/work3/arnaou/checkpoints/groupgat_Tc_trial_918_best_state.pt,"{'learning_rate': 0.0004791026788001644, 'lr_reduce': 0.6}",TPESampler,COMPLETE
919,0.015055514872074127,2025-04-26 00:07:52.067928,2025-04-26 00:10:11.242667,0 days 00:02:19.174739,0.008360746061159554,208,3,4,64,0.016904208263460084,240,4,1,64,0.25631364170906495,112,4,3,64,0.1558493662036684,48,344.0,200.0,3,1,0.0005048646062037716,0.6,/work3/arnaou/checkpoints/groupgat_Tc_trial_919_best_state.pt,"{'learning_rate': 0.0005048646062037716, 'lr_reduce': 0.6}",TPESampler,COMPLETE
920,0.017027439549565315,2025-04-26 00:08:27.473490,2025-04-26 00:10:21.886179,0 days 00:01:54.412689,0.045158298690077786,256,4,4,64,0.19454914825036235,176,1,3,112,0.2729416429279619,112,2,1,80,0.21004132043362775,104,144.0,288.0,3,2,0.0002716226022586578,0.6,/work3/arnaou/checkpoints/groupgat_Tc_trial_920_best_state.pt,"{'learning_rate': 0.0002716226022586578, 'lr_reduce': 0.6}",TPESampler,COMPLETE
921,0.019004371017217636,2025-04-26 00:10:11.487543,2025-04-26 00:12:22.289036,0 days 00:02:10.801493,0.032998975367147416,256,3,4,80,0.005842866889399461,256,3,1,32,0.27529459289179886,96,4,3,112,0.15045600872765214,56,408.0,424.0,3,1,0.00016417095622382925,0.6,/work3/arnaou/checkpoints/groupgat_Tc_trial_921_best_state.pt,"{'learning_rate': 0.00016417095622382925, 'lr_reduce': 0.6}",TPESampler,COMPLETE
922,0.017983481287956238,2025-04-26 00:10:19.585177,2025-04-26 00:12:13.361501,0 days 00:01:53.776324,0.012933213168867613,144,2,2,32,0.10885467650918039,240,4,4,112,0.23512589586895988,80,4,1,80,0.14801146537319324,200,200.0,128.0,3,2,0.005419821305189569,0.6,/work3/arnaou/checkpoints/groupgat_Tc_trial_922_best_state.pt,"{'learning_rate': 0.005419821305189569, 'lr_reduce': 0.6}",TPESampler,COMPLETE
923,0.01666371524333954,2025-04-26 00:10:22.240662,2025-04-26 00:12:01.036761,0 days 00:01:38.796099,0.09519885915251677,192,3,4,48,0.15375844010255246,224,2,3,96,0.29221836062202644,128,4,2,112,0.198260249812987,80,144.0,240.0,3,2,0.0014820311066840017,0.6,/work3/arnaou/checkpoints/groupgat_Tc_trial_923_best_state.pt,"{'learning_rate': 0.0014820311066840017, 'lr_reduce': 0.6}",TPESampler,COMPLETE
924,0.019308103248476982,2025-04-26 00:12:01.354028,2025-04-26 00:14:47.496606,0 days 00:02:46.142578,0.0014715362579299854,208,3,2,48,0.2879519474315787,144,2,4,112,0.06242434598877174,128,4,1,48,0.21646904176311454,112,344.0,352.0,3,2,0.0003417098754156047,0.6,/work3/arnaou/checkpoints/groupgat_Tc_trial_924_best_state.pt,"{'learning_rate': 0.0003417098754156047, 'lr_reduce': 0.6}",TPESampler,COMPLETE
925,0.020558534190058708,2025-04-26 00:12:13.646988,2025-04-26 00:14:02.453603,0 days 00:01:48.806615,0.007309391449440898,160,2,2,32,0.023947917367092696,192,4,3,128,0.23184149765016865,128,4,1,112,0.1343610562998343,96,512.0,,2,2,0.001311817360993095,0.6,/work3/arnaou/checkpoints/groupgat_Tc_trial_925_best_state.pt,"{'learning_rate': 0.001311817360993095, 'lr_reduce': 0.6}",TPESampler,COMPLETE
926,0.018613915890455246,2025-04-26 00:12:22.636473,2025-04-26 00:15:04.942433,0 days 00:02:42.305960,0.04640180925420308,208,4,4,64,0.1104500314986235,112,3,4,64,0.1830076306068052,64,4,3,128,0.24053209364889128,200,128.0,,2,2,0.0007560440399954076,0.6,/work3/arnaou/checkpoints/groupgat_Tc_trial_926_best_state.pt,"{'learning_rate': 0.0007560440399954076, 'lr_reduce': 0.6}",TPESampler,COMPLETE
927,0.023131653666496277,2025-04-26 00:14:02.792485,2025-04-26 00:16:12.828725,0 days 00:02:10.036240,0.0042624718878097115,256,3,3,64,0.018103638136591653,208,3,4,96,0.2848917935149505,128,4,1,128,0.23191299219602202,176,392.0,112.0,3,2,0.0029765940697634844,0.6,/work3/arnaou/checkpoints/groupgat_Tc_trial_927_best_state.pt,"{'learning_rate': 0.0029765940697634844, 'lr_reduce': 0.6}",TPESampler,COMPLETE
928,0.02355840802192688,2025-04-26 00:14:47.744589,2025-04-26 00:16:27.485900,0 days 00:01:39.741311,0.08445651497126397,208,3,4,32,0.01892723458403366,128,1,2,80,0.27372676339843643,128,4,3,112,0.18913745443009677,112,176.0,272.0,3,2,0.001406833789143998,0.6,/work3/arnaou/checkpoints/groupgat_Tc_trial_928_best_state.pt,"{'learning_rate': 0.001406833789143998, 'lr_reduce': 0.6}",TPESampler,COMPLETE
929,0.021982327103614807,2025-04-26 00:15:05.211526,2025-04-26 00:18:19.982159,0 days 00:03:14.770633,0.07418384300004374,208,2,3,32,0.17321670585647037,176,4,4,128,0.28587169727345835,128,4,1,112,0.18979058886200678,104,,,1,2,0.0017266867504871317,0.6,/work3/arnaou/checkpoints/groupgat_Tc_trial_929_best_state.pt,"{'learning_rate': 0.0017266867504871317, 'lr_reduce': 0.6}",TPESampler,COMPLETE
930,0.01594199799001217,2025-04-26 00:16:13.136834,2025-04-26 00:18:49.100236,0 days 00:02:35.963402,0.0015145082631470297,160,3,3,32,0.15968467506613265,192,2,4,96,0.11432379698366955,96,4,1,64,0.17935537112297,192,120.0,184.0,3,2,0.00021341430835312465,0.6,/work3/arnaou/checkpoints/groupgat_Tc_trial_930_best_state.pt,"{'learning_rate': 0.00021341430835312465, 'lr_reduce': 0.6}",TPESampler,COMPLETE
931,0.017777027562260628,2025-04-26 00:16:27.729579,2025-04-26 00:18:46.506114,0 days 00:02:18.776535,0.03284057481618967,128,4,3,32,0.10499078324716903,112,4,4,96,0.09661477795289813,96,4,1,80,0.03315952867985365,104,304.0,320.0,3,2,0.0009003662808388746,0.6,/work3/arnaou/checkpoints/groupgat_Tc_trial_931_best_state.pt,"{'learning_rate': 0.0009003662808388746, 'lr_reduce': 0.6}",TPESampler,COMPLETE
932,0.023002492263913155,2025-04-26 00:18:20.378732,2025-04-26 00:19:50.667603,0 days 00:01:30.288871,0.10388879864716294,208,4,4,96,0.2500139693022393,176,2,3,128,0.1245308631894297,112,1,1,128,0.08419610667522115,160,384.0,,2,1,0.0015512271046204066,0.6,/work3/arnaou/checkpoints/groupgat_Tc_trial_932_best_state.pt,"{'learning_rate': 0.0015512271046204066, 'lr_reduce': 0.6}",TPESampler,COMPLETE
933,0.014965593814849854,2025-04-26 00:18:46.786273,2025-04-26 00:20:52.986457,0 days 00:02:06.200184,0.04692373122925828,144,4,4,112,0.29003139612750767,256,3,2,96,0.16002017125260246,80,3,1,96,0.12063798534076586,32,128.0,232.0,3,2,0.0006856056613307609,0.6,/work3/arnaou/checkpoints/groupgat_Tc_trial_933_best_state.pt,"{'learning_rate': 0.0006856056613307609, 'lr_reduce': 0.6}",TPESampler,COMPLETE
934,0.025910431519150734,2025-04-26 00:18:49.407231,2025-04-26 00:22:11.572311,0 days 00:03:22.165080,0.03777904325598612,112,4,3,80,0.02823454944615689,80,1,2,80,0.24348253573312245,96,4,3,128,0.2383421864021592,80,344.0,96.0,3,2,0.0001131030255894292,0.6,/work3/arnaou/checkpoints/groupgat_Tc_trial_934_best_state.pt,"{'learning_rate': 0.0001131030255894292, 'lr_reduce': 0.6}",TPESampler,COMPLETE
935,0.016868723556399345,2025-04-26 00:19:51.001215,2025-04-26 00:21:25.481711,0 days 00:01:34.480496,0.02395790210192023,240,3,3,32,0.2908729637820904,192,1,4,80,0.15878718602253078,112,3,1,80,0.20173006282377232,152,184.0,280.0,3,2,0.0006905503318584386,0.6,/work3/arnaou/checkpoints/groupgat_Tc_trial_935_best_state.pt,"{'learning_rate': 0.0006905503318584386, 'lr_reduce': 0.6}",TPESampler,COMPLETE
936,0.017594171687960625,2025-04-26 00:20:53.221212,2025-04-26 00:23:05.279405,0 days 00:02:12.058193,0.05602237409597694,144,3,4,96,0.0029427731249414384,256,3,1,48,0.2758339687116252,96,2,4,80,0.2678274863902824,112,128.0,184.0,3,1,0.0005491936852621862,0.6,/work3/arnaou/checkpoints/groupgat_Tc_trial_936_best_state.pt,"{'learning_rate': 0.0005491936852621862, 'lr_reduce': 0.6}",TPESampler,COMPLETE
937,0.017297936603426933,2025-04-26 00:21:25.758559,2025-04-26 00:24:00.740263,0 days 00:02:34.981704,0.0019069786713841672,160,2,4,48,0.01999613532934247,144,3,3,80,0.2988338948522176,112,3,2,112,0.2933872370605914,152,408.0,88.0,3,2,0.00027961511231451125,0.6,/work3/arnaou/checkpoints/groupgat_Tc_trial_937_best_state.pt,"{'learning_rate': 0.00027961511231451125, 'lr_reduce': 0.6}",TPESampler,COMPLETE
938,0.018751222640275955,2025-04-26 00:22:12.262802,2025-04-26 00:23:50.565529,0 days 00:01:38.302727,0.03631086504283156,160,4,3,32,0.06638528562948424,112,3,3,112,0.13238616696847652,80,4,1,64,0.22854065970027532,80,112.0,248.0,3,1,0.001799886239018964,0.6,/work3/arnaou/checkpoints/groupgat_Tc_trial_938_best_state.pt,"{'learning_rate': 0.001799886239018964, 'lr_reduce': 0.6}",TPESampler,COMPLETE
939,0.015432012267410755,2025-04-26 00:23:06.011759,2025-04-26 00:25:12.037868,0 days 00:02:06.026109,0.015967774065267358,256,3,4,64,0.20186415787015632,240,1,3,128,0.29575043787103156,128,1,1,112,0.22929393586123176,192,368.0,128.0,3,2,0.000360775512731732,0.6,/work3/arnaou/checkpoints/groupgat_Tc_trial_939_best_state.pt,"{'learning_rate': 0.000360775512731732, 'lr_reduce': 0.6}",TPESampler,COMPLETE
940,0.01501553226262331,2025-04-26 00:23:50.932875,2025-04-26 00:26:25.935482,0 days 00:02:35.002607,0.015883338787692818,256,2,4,48,0.03226410055119739,256,3,1,64,0.20404581047739878,112,4,3,112,0.2584365766460448,64,216.0,320.0,3,2,0.0002801171254271101,0.6,/work3/arnaou/checkpoints/groupgat_Tc_trial_940_best_state.pt,"{'learning_rate': 0.0002801171254271101, 'lr_reduce': 0.6}",TPESampler,COMPLETE
941,0.02316886931657791,2025-04-26 00:24:01.164628,2025-04-26 00:26:49.822990,0 days 00:02:48.658362,0.03806157312401599,240,3,2,48,0.001360872237685347,208,4,1,48,0.29545128375781254,80,3,4,112,0.20880865249540398,88,104.0,176.0,3,1,0.0001228297731722546,0.6,/work3/arnaou/checkpoints/groupgat_Tc_trial_941_best_state.pt,"{'learning_rate': 0.0001228297731722546, 'lr_reduce': 0.6}",TPESampler,COMPLETE
942,0.015934953466057777,2025-04-26 00:25:12.373504,2025-04-26 00:27:13.952664,0 days 00:02:01.579160,0.00016487248747442274,176,3,4,112,0.033305491030174446,112,2,1,96,0.21189355489652761,112,4,2,112,0.16805865175846033,64,160.0,88.0,3,2,0.00045203509451368187,0.6,/work3/arnaou/checkpoints/groupgat_Tc_trial_942_best_state.pt,"{'learning_rate': 0.00045203509451368187, 'lr_reduce': 0.6}",TPESampler,COMPLETE
943,0.01739710010588169,2025-04-26 00:26:26.438673,2025-04-26 00:28:34.850738,0 days 00:02:08.412065,0.029923678815244693,208,2,3,64,0.012936557417115087,96,3,2,96,0.2493726823807284,80,4,2,128,0.14591838582110195,168,408.0,240.0,3,2,0.0005310199287193346,0.6,/work3/arnaou/checkpoints/groupgat_Tc_trial_943_best_state.pt,"{'learning_rate': 0.0005310199287193346, 'lr_reduce': 0.6}",TPESampler,COMPLETE
944,0.043776802718639374,2025-04-26 00:26:50.123030,2025-04-26 00:29:05.477302,0 days 00:02:15.354272,0.009498494087269087,160,4,4,48,0.29432330250254096,176,2,4,128,0.1449486363316538,112,4,2,48,0.21405454621848705,328,288.0,288.0,3,2,0.00035015215063299913,0.6,/work3/arnaou/checkpoints/groupgat_Tc_trial_944_best_state.pt,"{'learning_rate': 0.00035015215063299913, 'lr_reduce': 0.6}",TPESampler,COMPLETE
945,0.01728319190442562,2025-04-26 00:27:14.193205,2025-04-26 00:29:37.711504,0 days 00:02:23.518299,0.007387967280229809,192,2,2,32,0.2342376222599991,224,3,4,96,0.21451890973323035,48,3,2,64,0.0620806584813567,48,104.0,80.0,3,2,0.0010839522048716292,0.6,/work3/arnaou/checkpoints/groupgat_Tc_trial_945_best_state.pt,"{'learning_rate': 0.0010839522048716292, 'lr_reduce': 0.6}",TPESampler,COMPLETE
946,0.02565975859761238,2025-04-26 00:28:35.175505,2025-04-26 00:29:52.595324,0 days 00:01:17.419819,0.10281801972956514,112,4,2,32,0.06872369428829367,240,2,3,128,0.26016212387043647,64,4,1,64,0.17646701757560856,192,344.0,,2,1,0.0015518043859378456,0.6,/work3/arnaou/checkpoints/groupgat_Tc_trial_946_best_state.pt,"{'learning_rate': 0.0015518043859378456, 'lr_reduce': 0.6}",TPESampler,COMPLETE
947,0.01521736104041338,2025-04-26 00:29:05.778863,2025-04-26 00:31:10.065845,0 days 00:02:04.286982,0.003565366895064908,192,3,4,32,0.09474691823814528,256,3,1,64,0.2465647992829152,80,4,2,112,0.2575600202106364,208,168.0,,2,2,0.0012116001177426637,0.6,/work3/arnaou/checkpoints/groupgat_Tc_trial_947_best_state.pt,"{'learning_rate': 0.0012116001177426637, 'lr_reduce': 0.6}",TPESampler,COMPLETE
948,0.0186141487210989,2025-04-26 00:29:37.980779,2025-04-26 00:31:15.511605,0 days 00:01:37.530826,0.025083003646078694,176,4,3,48,0.1653791114888443,96,4,3,112,0.1464607789986484,80,4,2,64,0.00816834356928385,176,104.0,384.0,3,1,0.0011680432606087866,0.6,/work3/arnaou/checkpoints/groupgat_Tc_trial_948_best_state.pt,"{'learning_rate': 0.0011680432606087866, 'lr_reduce': 0.6}",TPESampler,COMPLETE
949,0.019178790971636772,2025-04-26 00:29:52.901205,2025-04-26 00:31:37.460054,0 days 00:01:44.558849,0.0802568015641569,176,2,4,48,0.010564793657172729,256,2,2,64,0.18247594520639254,64,3,2,128,0.287109610563305,64,432.0,216.0,3,2,0.00046327897132900623,0.6,/work3/arnaou/checkpoints/groupgat_Tc_trial_949_best_state.pt,"{'learning_rate': 0.00046327897132900623, 'lr_reduce': 0.6}",TPESampler,COMPLETE
950,0.018646137788891792,2025-04-26 00:31:10.321634,2025-04-26 00:32:56.781739,0 days 00:01:46.460105,0.07000224962285588,240,3,3,64,0.06846273253276497,256,4,3,48,0.2964518236498452,80,4,3,128,0.215644599227632,64,144.0,280.0,3,1,0.000886123671751427,0.6,/work3/arnaou/checkpoints/groupgat_Tc_trial_950_best_state.pt,"{'learning_rate': 0.000886123671751427, 'lr_reduce': 0.6}",TPESampler,COMPLETE
951,0.01651790179312229,2025-04-26 00:31:15.747275,2025-04-26 00:33:51.084303,0 days 00:02:35.337028,0.019942728471993777,176,3,4,32,0.07972198560178005,256,3,3,64,0.20089529666362022,112,4,2,112,0.17883934352572173,104,368.0,80.0,3,1,0.0011665473107012156,0.6,/work3/arnaou/checkpoints/groupgat_Tc_trial_951_best_state.pt,"{'learning_rate': 0.0011665473107012156, 'lr_reduce': 0.6}",TPESampler,COMPLETE
952,0.016087254509329796,2025-04-26 00:31:37.686673,2025-04-26 00:34:10.118016,0 days 00:02:32.431343,0.03159123569978892,240,3,4,96,0.25852780205429654,256,4,2,112,0.21157719204506056,80,1,1,128,0.06843253233010946,48,80.0,152.0,3,2,0.0008341319587763439,0.6,/work3/arnaou/checkpoints/groupgat_Tc_trial_952_best_state.pt,"{'learning_rate': 0.0008341319587763439, 'lr_reduce': 0.6}",TPESampler,COMPLETE
