number,value,datetime_start,datetime_complete,duration,params_L1_dropout,params_L1_hidden_dim,params_L1_layers_atom,params_L1_layers_mol,params_L1_out_dim,params_L2_dropout,params_L2_hidden_dim,params_L2_layers_atom,params_L2_layers_mol,params_L2_out_dim,params_L3_dropout,params_L3_hidden_dim,params_L3_layers_atom,params_L3_layers_mol,params_L3_out_dim,params_final_dropout,params_mlp_dim_0,params_mlp_dim_1,params_mlp_dim_2,params_n_mlp_layers,params_num_heads,params_train_learning_rate,params_train_lr_reduce,user_attrs_best_state_dict_path,user_attrs_training_params,system_attrs_auto:sampler,state
1693,0.03554911911487579,2025-04-26 09:19:19.712691,2025-04-26 09:21:43.789846,0 days 00:02:24.077155,0.11362186876859989,144,4,3,32,0.27834726530010245,256,1,2,128,0.14846102479813753,64,3,1,112,0.05155129722229661,32,32.0,,2,2,0.00023418747704260161,0.6,/work3/arnaou/checkpoints/groupgat_Tc_trial_1693_best_state.pt,"{'learning_rate': 0.00023418747704260161, 'lr_reduce': 0.6}",TPESampler,COMPLETE
1694,0.023374635726213455,2025-04-26 09:19:35.676058,2025-04-26 09:22:12.606140,0 days 00:02:36.930082,0.06646110336200584,224,1,2,128,0.12746268699486504,208,2,2,80,0.10846323530502451,80,4,1,48,0.04073867472754743,328,,,1,1,0.0007437292554615349,0.6,/work3/arnaou/checkpoints/groupgat_Tc_trial_1694_best_state.pt,"{'learning_rate': 0.0007437292554615349, 'lr_reduce': 0.6}",TPESampler,COMPLETE
1695,0.01915646158158779,2025-04-26 09:20:35.218556,2025-04-26 09:22:12.148156,0 days 00:01:36.929600,0.016096693315390622,176,4,4,96,0.1243186952762008,80,1,2,80,0.18782606370160315,128,4,1,128,0.19480489036608464,32,136.0,288.0,3,2,0.0014214528552223948,0.6,/work3/arnaou/checkpoints/groupgat_Tc_trial_1695_best_state.pt,"{'learning_rate': 0.0014214528552223948, 'lr_reduce': 0.6}",TPESampler,COMPLETE
1696,0.02627289853990078,2025-04-26 09:21:44.296312,2025-04-26 09:23:51.037051,0 days 00:02:06.740739,0.2517286787045418,144,3,4,80,0.04034781323983444,144,2,2,64,0.10227228572097077,112,3,2,32,0.052472503609953605,424,,,1,2,0.0003930006524692471,0.6,/work3/arnaou/checkpoints/groupgat_Tc_trial_1696_best_state.pt,"{'learning_rate': 0.0003930006524692471, 'lr_reduce': 0.6}",TPESampler,COMPLETE
1697,0.05891808122396469,2025-04-26 09:22:12.388172,2025-04-26 09:23:56.628809,0 days 00:01:44.240637,0.051322045313564255,240,3,3,112,0.2980442975363283,160,1,2,128,0.2541949205490083,32,2,2,112,0.02983027645367206,224,,,1,2,0.00024124665738457527,0.6,/work3/arnaou/checkpoints/groupgat_Tc_trial_1697_best_state.pt,"{'learning_rate': 0.00024124665738457527, 'lr_reduce': 0.6}",TPESampler,COMPLETE
1698,0.03003387153148651,2025-04-26 09:22:12.956746,2025-04-26 09:24:54.361129,0 days 00:02:41.404383,0.11025114553240023,176,4,4,96,0.21749058919428893,240,3,4,112,0.06085309246699555,32,4,2,112,0.02789211174492918,480,96.0,,2,2,0.0022797565565843138,0.6,/work3/arnaou/checkpoints/groupgat_Tc_trial_1698_best_state.pt,"{'learning_rate': 0.0022797565565843138, 'lr_reduce': 0.6}",TPESampler,COMPLETE
1699,0.015931598842144012,2025-04-26 09:23:51.293175,2025-04-26 09:25:44.445376,0 days 00:01:53.152201,0.026405602397039308,192,3,3,64,0.24123284789973018,256,2,4,112,0.09587226441260895,32,4,1,128,0.09607835083508982,416,216.0,272.0,3,2,0.0006390031418245639,0.6,/work3/arnaou/checkpoints/groupgat_Tc_trial_1699_best_state.pt,"{'learning_rate': 0.0006390031418245639, 'lr_reduce': 0.6}",TPESampler,COMPLETE
1700,0.02456638589501381,2025-04-26 09:23:56.882546,2025-04-26 09:26:30.783889,0 days 00:02:33.901343,0.05375191245652229,192,1,4,80,0.02972434942422161,64,4,3,64,0.2683424139058771,128,4,3,112,0.16435924440694427,40,152.0,328.0,3,2,0.00026818782001988216,0.6,/work3/arnaou/checkpoints/groupgat_Tc_trial_1700_best_state.pt,"{'learning_rate': 0.00026818782001988216, 'lr_reduce': 0.6}",TPESampler,COMPLETE
1701,0.021340500563383102,2025-04-26 09:24:54.586607,2025-04-26 09:26:18.154767,0 days 00:01:23.568160,0.08611614727775256,176,4,2,32,0.06485391438145235,128,3,1,80,0.04158763228990696,80,4,4,48,0.030948786799115363,80,400.0,,2,1,0.0023303755353757446,0.6,/work3/arnaou/checkpoints/groupgat_Tc_trial_1701_best_state.pt,"{'learning_rate': 0.0023303755353757446, 'lr_reduce': 0.6}",TPESampler,COMPLETE
1702,0.01571376994252205,2025-04-26 09:25:44.730412,2025-04-26 09:28:10.326330,0 days 00:02:25.595918,0.06103954397622556,240,4,3,32,0.25033257108670304,192,3,4,128,0.16955397269091002,48,4,1,96,0.1554423096474411,192,96.0,208.0,3,2,0.0015945099043094034,0.6,/work3/arnaou/checkpoints/groupgat_Tc_trial_1702_best_state.pt,"{'learning_rate': 0.0015945099043094034, 'lr_reduce': 0.6}",TPESampler,COMPLETE
1703,0.020604370161890984,2025-04-26 09:26:18.335657,2025-04-26 09:28:45.454432,0 days 00:02:27.118775,0.0013238974021071367,224,4,3,80,0.24618413528302888,256,2,3,80,0.057358347119134456,96,3,1,96,0.04644365465156597,160,,,1,1,0.0011921751446094186,0.6,/work3/arnaou/checkpoints/groupgat_Tc_trial_1703_best_state.pt,"{'learning_rate': 0.0011921751446094186, 'lr_reduce': 0.6}",TPESampler,COMPLETE
1704,0.015335406176745892,2025-04-26 09:26:31.080906,2025-04-26 09:28:09.608894,0 days 00:01:38.527988,0.021477251346881467,144,3,3,112,0.07468020242145543,80,1,2,80,0.24878541695594572,96,3,1,64,0.17395485014706166,64,64.0,264.0,3,2,0.0017238885138330085,0.6,/work3/arnaou/checkpoints/groupgat_Tc_trial_1704_best_state.pt,"{'learning_rate': 0.0017238885138330085, 'lr_reduce': 0.6}",TPESampler,COMPLETE
1705,0.0304873026907444,2025-04-26 09:28:09.896985,2025-04-26 09:29:36.049547,0 days 00:01:26.152562,0.0625783729070207,144,3,4,80,0.2909486447954774,192,3,4,128,0.05632105347959233,64,3,1,128,0.13347084308096788,432,136.0,320.0,3,2,0.002733756279330447,0.6,/work3/arnaou/checkpoints/groupgat_Tc_trial_1705_best_state.pt,"{'learning_rate': 0.002733756279330447, 'lr_reduce': 0.6}",TPESampler,COMPLETE
1706,0.019647076725959778,2025-04-26 09:28:10.634591,2025-04-26 09:30:11.980828,0 days 00:02:01.346237,0.0655723884273835,160,4,3,64,0.11657720402999855,176,4,4,32,0.2235423916368635,64,4,3,128,0.18946751943297588,184,184.0,232.0,3,1,0.001632376321862239,0.6,/work3/arnaou/checkpoints/groupgat_Tc_trial_1706_best_state.pt,"{'learning_rate': 0.001632376321862239, 'lr_reduce': 0.6}",TPESampler,COMPLETE
1707,0.022708937525749207,2025-04-26 09:28:45.654179,2025-04-26 09:30:14.116980,0 days 00:01:28.462801,0.011084910011305241,144,1,2,64,0.08977575833513482,224,4,4,128,0.15227726976256173,128,4,2,112,0.023887675268161462,120,104.0,,2,2,0.005770388665392542,0.6,/work3/arnaou/checkpoints/groupgat_Tc_trial_1707_best_state.pt,"{'learning_rate': 0.005770388665392542, 'lr_reduce': 0.6}",TPESampler,COMPLETE
1708,0.026128383353352547,2025-04-26 09:29:36.367767,2025-04-26 09:31:19.828480,0 days 00:01:43.460713,0.27454074336727086,256,3,2,48,0.063984820747253,64,3,2,64,0.20529747303363033,64,2,4,112,0.11568881287502317,56,32.0,416.0,3,1,0.0037528005721814096,0.6,/work3/arnaou/checkpoints/groupgat_Tc_trial_1708_best_state.pt,"{'learning_rate': 0.0037528005721814096, 'lr_reduce': 0.6}",TPESampler,COMPLETE
1709,0.027370067313313484,2025-04-26 09:30:12.310646,2025-04-26 09:32:00.003855,0 days 00:01:47.693209,0.2799454677975377,144,1,2,32,0.00696199111596521,256,2,3,128,0.19190207367049605,48,4,4,48,0.19009016007431048,448,136.0,,2,1,0.00023926371824872208,0.6,/work3/arnaou/checkpoints/groupgat_Tc_trial_1709_best_state.pt,"{'learning_rate': 0.00023926371824872208, 'lr_reduce': 0.6}",TPESampler,COMPLETE
1710,0.018698688596487045,2025-04-26 09:30:14.403713,2025-04-26 09:32:23.742774,0 days 00:02:09.339061,0.1434177212162793,176,3,3,96,0.23613056757846396,160,3,4,112,0.10305196740189794,64,4,1,128,0.04904728039255132,504,72.0,32.0,3,2,0.0009272895733327302,0.6,/work3/arnaou/checkpoints/groupgat_Tc_trial_1710_best_state.pt,"{'learning_rate': 0.0009272895733327302, 'lr_reduce': 0.6}",TPESampler,COMPLETE
1711,0.016959870234131813,2025-04-26 09:31:20.020781,2025-04-26 09:33:12.090907,0 days 00:01:52.070126,0.035043667264523654,144,3,4,80,0.26971763070803906,240,3,4,96,0.06919448678652078,48,4,1,128,0.07786358029108321,416,440.0,296.0,3,2,0.0010332563047453234,0.6,/work3/arnaou/checkpoints/groupgat_Tc_trial_1711_best_state.pt,"{'learning_rate': 0.0010332563047453234, 'lr_reduce': 0.6}",TPESampler,COMPLETE
1712,0.01610739901661873,2025-04-26 09:32:00.229433,2025-04-26 09:34:07.339127,0 days 00:02:07.109694,0.004395042012856665,256,3,2,32,0.28501704754874707,208,2,4,96,0.2156912243058039,64,4,1,96,0.09663607913654321,192,104.0,360.0,3,2,0.0005277438146861148,0.6,/work3/arnaou/checkpoints/groupgat_Tc_trial_1712_best_state.pt,"{'learning_rate': 0.0005277438146861148, 'lr_reduce': 0.6}",TPESampler,COMPLETE
1713,0.019589612260460854,2025-04-26 09:32:23.979179,2025-04-26 09:34:33.923208,0 days 00:02:09.944029,0.040703620075770566,240,4,3,48,0.044434615310640205,256,1,2,128,0.1863611490476162,64,2,2,80,0.2851221487334152,104,384.0,256.0,3,1,0.00025566918541304926,0.6,/work3/arnaou/checkpoints/groupgat_Tc_trial_1713_best_state.pt,"{'learning_rate': 0.00025566918541304926, 'lr_reduce': 0.6}",TPESampler,COMPLETE
1714,0.027751319110393524,2025-04-26 09:33:12.354593,2025-04-26 09:35:45.129626,0 days 00:02:32.775033,0.05841458593107478,160,2,3,128,0.07951605442939923,64,3,4,128,0.024586556417531547,128,3,3,96,0.26524957468890564,432,168.0,,2,1,0.0025687291605011827,0.6,/work3/arnaou/checkpoints/groupgat_Tc_trial_1714_best_state.pt,"{'learning_rate': 0.0025687291605011827, 'lr_reduce': 0.6}",TPESampler,COMPLETE
1715,0.016870660707354546,2025-04-26 09:34:07.612746,2025-04-26 09:35:28.785660,0 days 00:01:21.172914,0.03812128191215582,144,3,4,64,0.27071230179187217,224,2,4,128,0.1186943623142276,64,3,1,128,0.018386883860583188,464,64.0,192.0,3,2,0.0016513449837356948,0.6,/work3/arnaou/checkpoints/groupgat_Tc_trial_1715_best_state.pt,"{'learning_rate': 0.0016513449837356948, 'lr_reduce': 0.6}",TPESampler,COMPLETE
1716,0.015468981117010117,2025-04-26 09:34:34.114823,2025-04-26 09:36:39.651026,0 days 00:02:05.536203,0.027906076946598666,176,4,3,64,0.29974562535027616,224,1,2,112,0.1250824554693955,48,3,2,128,0.0007454000023016313,80,136.0,256.0,3,2,0.0011227099332280755,0.6,/work3/arnaou/checkpoints/groupgat_Tc_trial_1716_best_state.pt,"{'learning_rate': 0.0011227099332280755, 'lr_reduce': 0.6}",TPESampler,COMPLETE
1717,0.045193713158369064,2025-04-26 09:35:29.018174,2025-04-26 09:37:32.016589,0 days 00:02:02.998415,0.28514473530459883,144,4,2,80,0.009230988849637356,208,2,1,112,0.059919448398889366,64,2,1,32,0.11911143650056537,240,,,1,2,0.0012852014056156584,0.6,/work3/arnaou/checkpoints/groupgat_Tc_trial_1717_best_state.pt,"{'learning_rate': 0.0012852014056156584, 'lr_reduce': 0.6}",TPESampler,COMPLETE
1718,0.017351141199469566,2025-04-26 09:35:45.450955,2025-04-26 09:37:35.858654,0 days 00:01:50.407699,0.0864880078435048,192,3,3,32,0.2799878368806817,224,4,3,128,0.21060398313477016,64,4,2,112,0.05887235562914289,248,104.0,312.0,3,2,0.0006959888500207305,0.6,/work3/arnaou/checkpoints/groupgat_Tc_trial_1718_best_state.pt,"{'learning_rate': 0.0006959888500207305, 'lr_reduce': 0.6}",TPESampler,COMPLETE
1719,0.03592439368367195,2025-04-26 09:36:39.867025,2025-04-26 09:37:33.664120,0 days 00:00:53.797095,0.23292510910888292,224,4,2,80,0.18817608605716418,176,2,1,128,0.09375153422973004,32,4,1,80,0.09561190817202486,472,232.0,208.0,3,1,0.0022296136268355957,0.6,/work3/arnaou/checkpoints/groupgat_Tc_trial_1719_best_state.pt,"{'learning_rate': 0.0022296136268355957, 'lr_reduce': 0.6}",TPESampler,COMPLETE
1720,0.03598890081048012,2025-04-26 09:37:32.521033,2025-04-26 09:39:47.486152,0 days 00:02:14.965119,0.2214655729224952,224,2,3,80,0.027504844625539204,192,1,4,32,0.28032799790792234,48,2,4,48,0.2238002558112306,64,64.0,,2,2,0.00012369493334250366,0.6,/work3/arnaou/checkpoints/groupgat_Tc_trial_1720_best_state.pt,"{'learning_rate': 0.00012369493334250366, 'lr_reduce': 0.6}",TPESampler,COMPLETE
1721,0.01841103658080101,2025-04-26 09:37:33.901071,2025-04-26 09:40:03.239917,0 days 00:02:29.338846,0.02782180464147585,192,3,4,112,0.2758805333763518,208,2,4,128,0.07276237449367891,32,4,1,128,0.01231878742302845,464,192.0,32.0,3,2,0.00045182197445328817,0.6,/work3/arnaou/checkpoints/groupgat_Tc_trial_1721_best_state.pt,"{'learning_rate': 0.00045182197445328817, 'lr_reduce': 0.6}",TPESampler,COMPLETE
1722,0.018230445683002472,2025-04-26 09:37:36.169173,2025-04-26 09:39:24.619700,0 days 00:01:48.450527,0.0014653956130115907,96,3,3,32,0.0716005557867714,176,4,3,32,0.19799627047588803,48,4,4,128,0.22921586979970454,216,104.0,272.0,3,1,0.0015399706277206798,0.6,/work3/arnaou/checkpoints/groupgat_Tc_trial_1722_best_state.pt,"{'learning_rate': 0.0015399706277206798, 'lr_reduce': 0.6}",TPESampler,COMPLETE
1723,0.0603393018245697,2025-04-26 09:39:24.790792,2025-04-26 09:41:19.806677,0 days 00:01:55.015885,0.2943280259219013,160,1,1,32,0.16834836536109182,192,1,1,64,0.18078553437676795,128,4,4,64,0.18520757247310882,312,,,1,2,0.0003169808281710758,0.6,/work3/arnaou/checkpoints/groupgat_Tc_trial_1723_best_state.pt,"{'learning_rate': 0.0003169808281710758, 'lr_reduce': 0.6}",TPESampler,COMPLETE
1724,0.01795824244618416,2025-04-26 09:39:47.893725,2025-04-26 09:41:13.681238,0 days 00:01:25.787513,0.0419548036518855,160,3,3,32,0.2927103565445986,144,2,4,128,0.11015779097645964,112,4,1,80,0.2089809400077316,168,136.0,360.0,3,1,0.002449287180703142,0.6,/work3/arnaou/checkpoints/groupgat_Tc_trial_1724_best_state.pt,"{'learning_rate': 0.002449287180703142, 'lr_reduce': 0.6}",TPESampler,COMPLETE
1725,0.017394866794347763,2025-04-26 09:40:03.600751,2025-04-26 09:42:40.864345,0 days 00:02:37.263594,0.027156122767895946,160,3,3,96,0.1469714751574563,176,1,1,96,0.23492142382338885,128,4,2,80,0.24558838938166574,104,168.0,232.0,3,2,0.0004281928193856988,0.6,/work3/arnaou/checkpoints/groupgat_Tc_trial_1725_best_state.pt,"{'learning_rate': 0.0004281928193856988, 'lr_reduce': 0.6}",TPESampler,COMPLETE
1726,0.15745045244693756,2025-04-26 09:41:13.886625,2025-04-26 09:42:44.786070,0 days 00:01:30.899445,0.1818467635224754,176,4,3,112,0.230010128953536,96,1,3,80,0.2995470389778716,96,1,4,64,0.06861653544047014,224,,,1,1,0.008952509714820808,0.6,/work3/arnaou/checkpoints/groupgat_Tc_trial_1726_best_state.pt,"{'learning_rate': 0.008952509714820808, 'lr_reduce': 0.6}",TPESampler,COMPLETE
1727,0.018142756074666977,2025-04-26 09:41:20.102085,2025-04-26 09:42:52.240208,0 days 00:01:32.138123,0.017850953349188653,160,3,3,48,0.056246303651474185,160,2,3,112,0.2810244948131896,128,4,1,128,0.2512514221835357,160,400.0,304.0,3,2,0.0008909613138711942,0.6,/work3/arnaou/checkpoints/groupgat_Tc_trial_1727_best_state.pt,"{'learning_rate': 0.0008909613138711942, 'lr_reduce': 0.6}",TPESampler,COMPLETE
1728,0.02594967558979988,2025-04-26 09:42:41.235564,2025-04-26 09:44:46.872848,0 days 00:02:05.637284,0.052181399688513874,64,3,2,80,0.25515863842833997,160,4,3,64,0.018096209256622475,80,3,1,32,0.05746875588418622,280,32.0,176.0,3,2,0.007217305086202447,0.6,/work3/arnaou/checkpoints/groupgat_Tc_trial_1728_best_state.pt,"{'learning_rate': 0.007217305086202447, 'lr_reduce': 0.6}",TPESampler,COMPLETE
1729,0.01787257194519043,2025-04-26 09:42:45.343675,2025-04-26 09:45:11.595290,0 days 00:02:26.251615,0.031016804427223432,240,2,2,32,0.2406242587395064,192,2,4,96,0.1640952189128697,128,3,1,48,0.09401197344129666,136,88.0,272.0,3,2,0.0007478291659465915,0.6,/work3/arnaou/checkpoints/groupgat_Tc_trial_1729_best_state.pt,"{'learning_rate': 0.0007478291659465915, 'lr_reduce': 0.6}",TPESampler,COMPLETE
1730,0.015184563584625721,2025-04-26 09:42:52.854053,2025-04-26 09:45:46.771516,0 days 00:02:53.917463,0.0009017328210938738,256,4,3,48,0.08659578422994763,224,2,1,128,0.15358916253332072,128,3,1,80,0.13372399920122768,200,128.0,64.0,3,1,0.00034477245894744913,0.6,/work3/arnaou/checkpoints/groupgat_Tc_trial_1730_best_state.pt,"{'learning_rate': 0.00034477245894744913, 'lr_reduce': 0.6}",TPESampler,COMPLETE
1731,0.022585829719901085,2025-04-26 09:44:47.132558,2025-04-26 09:46:25.296999,0 days 00:01:38.164441,0.24350218307145632,208,1,3,112,0.18883553056891716,192,4,1,48,0.14298555910780125,64,2,1,112,0.20573876195716673,80,72.0,32.0,3,2,0.003464860105515219,0.6,/work3/arnaou/checkpoints/groupgat_Tc_trial_1731_best_state.pt,"{'learning_rate': 0.003464860105515219, 'lr_reduce': 0.6}",TPESampler,COMPLETE
1732,0.0244794599711895,2025-04-26 09:45:11.779520,2025-04-26 09:48:31.245911,0 days 00:03:19.466391,0.09154310805512213,256,4,4,48,0.0947625752978692,224,1,3,112,0.26417961472571133,128,3,1,80,0.22957235585925978,40,136.0,232.0,3,2,0.00014550389167606331,0.6,/work3/arnaou/checkpoints/groupgat_Tc_trial_1732_best_state.pt,"{'learning_rate': 0.00014550389167606331, 'lr_reduce': 0.6}",TPESampler,COMPLETE
1733,0.017953740432858467,2025-04-26 09:45:47.002328,2025-04-26 09:48:29.071686,0 days 00:02:42.069358,0.016259100325474146,256,3,2,32,0.05747222509537178,240,2,2,112,0.19850769979968422,128,2,1,80,0.12860565200368895,168,96.0,320.0,3,2,0.00032374232881917563,0.6,/work3/arnaou/checkpoints/groupgat_Tc_trial_1733_best_state.pt,"{'learning_rate': 0.00032374232881917563, 'lr_reduce': 0.6}",TPESampler,COMPLETE
1734,0.015771623700857162,2025-04-26 09:46:25.550883,2025-04-26 09:48:40.243455,0 days 00:02:14.692572,0.01531535607424598,256,4,4,48,0.07673886670171476,224,2,3,112,0.21070432075868675,112,2,1,128,0.2765987128794216,32,440.0,408.0,3,2,0.0008027576309153801,0.6,/work3/arnaou/checkpoints/groupgat_Tc_trial_1734_best_state.pt,"{'learning_rate': 0.0008027576309153801, 'lr_reduce': 0.6}",TPESampler,COMPLETE
1735,0.014054618775844574,2025-04-26 09:48:29.319401,2025-04-26 09:50:37.005516,0 days 00:02:07.686115,0.011689899934411043,192,2,4,64,0.02144769421158616,192,1,2,112,0.2771583664014254,112,3,2,128,0.1943079735385736,168,160.0,272.0,3,2,0.0006742538197743189,0.6,/work3/arnaou/checkpoints/groupgat_Tc_trial_1735_best_state.pt,"{'learning_rate': 0.0006742538197743189, 'lr_reduce': 0.6}",TPESampler,COMPLETE
1736,0.05669526383280754,2025-04-26 09:48:31.509370,2025-04-26 09:50:46.750971,0 days 00:02:15.241601,0.15713206378257838,144,2,3,48,0.08610811553681612,96,2,2,112,0.2510835607597018,32,3,1,32,0.2709871796068555,328,,,1,2,0.00019593129595526018,0.6,/work3/arnaou/checkpoints/groupgat_Tc_trial_1736_best_state.pt,"{'learning_rate': 0.00019593129595526018, 'lr_reduce': 0.6}",TPESampler,COMPLETE
1737,0.30434751510620117,2025-04-26 09:48:40.695364,2025-04-26 09:49:21.906858,0 days 00:00:41.211494,0.24877383868244912,224,3,3,64,0.0033631006274679465,80,1,3,64,0.1347239301682013,64,2,2,64,0.2878984385134339,424,96.0,32.0,3,2,0.0027099710859518275,0.6,/work3/arnaou/checkpoints/groupgat_Tc_trial_1737_best_state.pt,"{'learning_rate': 0.0027099710859518275, 'lr_reduce': 0.6}",TPESampler,COMPLETE
1738,0.08201393485069275,2025-04-26 09:49:22.094332,2025-04-26 09:51:58.650386,0 days 00:02:36.556054,0.028668053879937178,176,3,3,80,0.2974194252603729,208,4,4,128,0.14450447038602557,48,4,1,128,0.07821135920300792,496,376.0,184.0,3,2,0.00020855531091480583,0.6,/work3/arnaou/checkpoints/groupgat_Tc_trial_1738_best_state.pt,"{'learning_rate': 0.00020855531091480583, 'lr_reduce': 0.6}",TPESampler,COMPLETE
1739,0.01610492169857025,2025-04-26 09:50:37.196112,2025-04-26 09:53:39.208823,0 days 00:03:02.012711,0.037775935244358856,128,2,3,64,0.20026069307809125,160,3,4,128,0.051175147730052446,32,4,1,112,0.0936518997595075,360,32.0,232.0,3,2,0.001319428838650948,0.6,/work3/arnaou/checkpoints/groupgat_Tc_trial_1739_best_state.pt,"{'learning_rate': 0.001319428838650948, 'lr_reduce': 0.6}",TPESampler,COMPLETE
1740,0.0157025083899498,2025-04-26 09:50:47.121890,2025-04-26 09:53:19.444108,0 days 00:02:32.322218,0.006828948401169812,240,3,3,48,0.2939249719570281,240,3,4,128,0.13226898450437466,96,3,1,96,0.12989344228323613,272,192.0,328.0,3,2,0.0011483873186185927,0.6,/work3/arnaou/checkpoints/groupgat_Tc_trial_1740_best_state.pt,"{'learning_rate': 0.0011483873186185927, 'lr_reduce': 0.6}",TPESampler,COMPLETE
1741,0.015657199546694756,2025-04-26 09:51:58.846619,2025-04-26 09:54:06.726306,0 days 00:02:07.879687,0.09177799446550194,256,3,4,48,0.1430741919716873,256,3,3,128,0.031524090513536884,64,3,1,112,0.03319482209165176,376,128.0,288.0,3,2,0.0015200882208078385,0.6,/work3/arnaou/checkpoints/groupgat_Tc_trial_1741_best_state.pt,"{'learning_rate': 0.0015200882208078385, 'lr_reduce': 0.6}",TPESampler,COMPLETE
1742,0.0150245176628232,2025-04-26 09:53:19.622101,2025-04-26 09:55:30.909290,0 days 00:02:11.287189,0.00515201675535059,240,4,2,80,0.0453766144036838,112,2,3,80,0.20489441497242944,64,3,2,128,0.19956208883245954,280,80.0,248.0,3,2,0.0009123584951801002,0.6,/work3/arnaou/checkpoints/groupgat_Tc_trial_1742_best_state.pt,"{'learning_rate': 0.0009123584951801002, 'lr_reduce': 0.6}",TPESampler,COMPLETE
1743,0.05932006984949112,2025-04-26 09:53:39.433912,2025-04-26 09:56:44.046932,0 days 00:03:04.613020,0.02885701324702275,160,4,2,112,0.11396863363688726,224,4,1,96,0.1887164502836015,80,2,4,96,0.06877781970981268,416,,,1,1,0.00025563244411146185,0.6,/work3/arnaou/checkpoints/groupgat_Tc_trial_1743_best_state.pt,"{'learning_rate': 0.00025563244411146185, 'lr_reduce': 0.6}",TPESampler,COMPLETE
1744,0.022633498534560204,2025-04-26 09:54:06.993820,2025-04-26 09:56:02.292557,0 days 00:01:55.298737,0.2792304185370019,208,4,2,80,0.14749505027561347,144,1,2,128,0.15096406213251873,80,2,2,32,0.014324530588452955,216,64.0,,2,1,0.005029216101092976,0.6,/work3/arnaou/checkpoints/groupgat_Tc_trial_1744_best_state.pt,"{'learning_rate': 0.005029216101092976, 'lr_reduce': 0.6}",TPESampler,COMPLETE
1745,0.019078245386481285,2025-04-26 09:55:31.149079,2025-04-26 09:57:24.571274,0 days 00:01:53.422195,0.02984188354368493,256,4,4,32,0.14668696437313403,192,1,3,112,0.2548938557729656,128,2,2,80,0.2937938346225443,32,160.0,,2,2,0.0001913146610764256,0.6,/work3/arnaou/checkpoints/groupgat_Tc_trial_1745_best_state.pt,"{'learning_rate': 0.0001913146610764256, 'lr_reduce': 0.6}",TPESampler,COMPLETE
