number,value,datetime_start,datetime_complete,duration,params_L1_dropout,params_L1_hidden_dim,params_L1_layers_atom,params_L1_layers_mol,params_L1_out_dim,params_L2_dropout,params_L2_hidden_dim,params_L2_layers_atom,params_L2_layers_mol,params_L2_out_dim,params_L3_dropout,params_L3_hidden_dim,params_L3_layers_atom,params_L3_layers_mol,params_L3_out_dim,params_final_dropout,params_mlp_dim_0,params_mlp_dim_1,params_mlp_dim_2,params_n_mlp_layers,params_num_heads,params_train_learning_rate,params_train_lr_reduce,user_attrs_best_state_dict_path,user_attrs_training_params,system_attrs_auto:sampler,state
688,0.017365707084536552,2025-04-25 21:20:35.027534,2025-04-25 21:23:07.393389,0 days 00:02:32.365855,0.0830761873749357,256,4,4,32,0.22573004805050872,256,2,4,96,0.23506245718697846,64,2,1,128,0.1317030468594357,72,176.0,232.0,3,2,0.0006217054195124282,0.6,/work3/arnaou/checkpoints/groupgat_Tc_trial_688_best_state.pt,"{'learning_rate': 0.0006217054195124282, 'lr_reduce': 0.6}",TPESampler,COMPLETE
689,0.015516301617026329,2025-04-25 21:21:53.096563,2025-04-25 21:24:58.335414,0 days 00:03:05.238851,0.0036090391971615246,144,3,4,48,0.03823285347387122,192,2,3,96,0.219194834730219,112,4,3,112,0.15742764575654114,88,368.0,384.0,3,2,0.00014704704059626854,0.6,/work3/arnaou/checkpoints/groupgat_Tc_trial_689_best_state.pt,"{'learning_rate': 0.00014704704059626854, 'lr_reduce': 0.6}",TPESampler,COMPLETE
690,0.015903513878583908,2025-04-25 21:22:56.676485,2025-04-25 21:25:36.751780,0 days 00:02:40.075295,0.003965695496164099,240,3,3,48,0.267018787554941,176,2,4,128,0.10720436744483534,112,4,1,80,0.1733680403024329,120,64.0,72.0,3,2,0.0016960526036057509,0.6,/work3/arnaou/checkpoints/groupgat_Tc_trial_690_best_state.pt,"{'learning_rate': 0.0016960526036057509, 'lr_reduce': 0.6}",TPESampler,COMPLETE
691,0.014044197276234627,2025-04-25 21:23:07.837378,2025-04-25 21:25:07.779936,0 days 00:01:59.942558,0.03513893806341333,176,4,4,32,0.04900609430718617,128,1,3,64,0.2547162265706329,128,4,1,128,0.24217940791137516,208,416.0,,2,2,0.0007382486259789129,0.6,/work3/arnaou/checkpoints/groupgat_Tc_trial_691_best_state.pt,"{'learning_rate': 0.0007382486259789129, 'lr_reduce': 0.6}",TPESampler,COMPLETE
692,0.015115800313651562,2025-04-25 21:24:58.527765,2025-04-25 21:26:28.414560,0 days 00:01:29.886795,0.09100870008212109,192,3,4,48,0.03310396910031908,192,2,4,80,0.29799621203949145,112,4,1,128,0.24384814939356653,168,152.0,392.0,3,1,0.0015004832476564719,0.6,/work3/arnaou/checkpoints/groupgat_Tc_trial_692_best_state.pt,"{'learning_rate': 0.0015004832476564719, 'lr_reduce': 0.6}",TPESampler,COMPLETE
693,0.016383521258831024,2025-04-25 21:25:08.149545,2025-04-25 21:27:00.933249,0 days 00:01:52.783704,0.016319254919164066,112,4,3,64,0.022450090849627548,192,2,4,112,0.29348304227660216,128,1,1,80,0.26780832745872385,32,472.0,80.0,3,2,0.0009764152969270604,0.6,/work3/arnaou/checkpoints/groupgat_Tc_trial_693_best_state.pt,"{'learning_rate': 0.0009764152969270604, 'lr_reduce': 0.6}",TPESampler,COMPLETE
694,0.014404969289898872,2025-04-25 21:25:36.994920,2025-04-25 21:27:55.246760,0 days 00:02:18.251840,0.003983916945418729,176,4,3,48,0.10616928263881636,144,4,4,96,0.16130740448717243,80,4,2,32,0.14399042014049063,80,456.0,40.0,3,1,0.0020179372690906517,0.6,/work3/arnaou/checkpoints/groupgat_Tc_trial_694_best_state.pt,"{'learning_rate': 0.0020179372690906517, 'lr_reduce': 0.6}",TPESampler,COMPLETE
695,0.03552588075399399,2025-04-25 21:26:28.647747,2025-04-25 21:27:34.247888,0 days 00:01:05.600141,0.07238287195854912,240,3,2,48,0.11071099593631747,208,4,4,128,0.27971421989623996,64,4,2,64,0.2100064923981184,280,432.0,232.0,3,2,0.0024478936706731893,0.6,/work3/arnaou/checkpoints/groupgat_Tc_trial_695_best_state.pt,"{'learning_rate': 0.0024478936706731893, 'lr_reduce': 0.6}",TPESampler,COMPLETE
696,0.016852309927344322,2025-04-25 21:27:01.230536,2025-04-25 21:29:21.745375,0 days 00:02:20.514839,0.03072909051477686,208,4,4,32,0.1626351035089041,176,3,3,128,0.255403565235602,96,3,3,96,0.24702001896288409,224,432.0,232.0,3,2,0.0004718137349661702,0.6,/work3/arnaou/checkpoints/groupgat_Tc_trial_696_best_state.pt,"{'learning_rate': 0.0004718137349661702, 'lr_reduce': 0.6}",TPESampler,COMPLETE
697,0.014062904752790928,2025-04-25 21:27:34.534140,2025-04-25 21:30:22.136299,0 days 00:02:47.602159,0.0038661605015536116,256,3,4,48,0.18803541465934298,176,1,4,96,0.1639039601061433,48,1,3,112,0.16009057972013277,400,432.0,32.0,3,2,0.0004965096522234564,0.6,/work3/arnaou/checkpoints/groupgat_Tc_trial_697_best_state.pt,"{'learning_rate': 0.0004965096522234564, 'lr_reduce': 0.6}",TPESampler,COMPLETE
698,0.01794322207570076,2025-04-25 21:27:55.570243,2025-04-25 21:29:48.303011,0 days 00:01:52.732768,0.04267261300621251,192,4,4,64,0.023907200437781193,112,1,4,80,0.20473723382975656,128,4,2,128,0.25361410671240725,200,416.0,,2,2,0.0012985595698354788,0.6,/work3/arnaou/checkpoints/groupgat_Tc_trial_698_best_state.pt,"{'learning_rate': 0.0012985595698354788, 'lr_reduce': 0.6}",TPESampler,COMPLETE
699,0.01750768907368183,2025-04-25 21:29:21.983289,2025-04-25 21:32:02.095457,0 days 00:02:40.112168,0.07496716785206624,176,4,4,48,0.07421172411377881,224,1,2,64,0.25533703037455074,128,4,1,112,0.1906810015266526,328,408.0,,2,2,0.002579770821748793,0.6,/work3/arnaou/checkpoints/groupgat_Tc_trial_699_best_state.pt,"{'learning_rate': 0.002579770821748793, 'lr_reduce': 0.6}",TPESampler,COMPLETE
700,0.016651779413223267,2025-04-25 21:29:48.618898,2025-04-25 21:31:42.187847,0 days 00:01:53.568949,0.021684291818013374,208,3,4,32,0.04115463282332842,144,1,1,128,0.26496483983080027,64,4,2,128,0.27387995508023044,120,112.0,232.0,3,2,0.0009362856669414539,0.6,/work3/arnaou/checkpoints/groupgat_Tc_trial_700_best_state.pt,"{'learning_rate': 0.0009362856669414539, 'lr_reduce': 0.6}",TPESampler,COMPLETE
701,0.016291754320263863,2025-04-25 21:30:22.334664,2025-04-25 21:32:23.858463,0 days 00:02:01.523799,0.023862644481008784,256,4,4,80,0.06630287137178928,192,1,2,96,0.2761858085354502,128,1,3,80,0.1746280415982903,40,480.0,32.0,3,2,0.00040637262235920823,0.6,/work3/arnaou/checkpoints/groupgat_Tc_trial_701_best_state.pt,"{'learning_rate': 0.00040637262235920823, 'lr_reduce': 0.6}",TPESampler,COMPLETE
702,0.06476202607154846,2025-04-25 21:31:42.375509,2025-04-25 21:34:05.524116,0 days 00:02:23.148607,0.06821875796767125,256,3,3,32,0.26722684413535724,128,1,4,128,0.12657111576256283,64,4,2,80,0.2755312895028472,264,456.0,32.0,3,2,0.00015195911904243567,0.6,/work3/arnaou/checkpoints/groupgat_Tc_trial_702_best_state.pt,"{'learning_rate': 0.00015195911904243567, 'lr_reduce': 0.6}",TPESampler,COMPLETE
703,0.01968947984278202,2025-04-25 21:32:02.609140,2025-04-25 21:34:38.549439,0 days 00:02:35.940299,0.0791005233110188,240,2,4,48,0.20477375586017033,192,2,4,112,0.196758096062974,32,1,3,128,0.1460360165874018,392,464.0,32.0,3,2,0.0006034195892995427,0.6,/work3/arnaou/checkpoints/groupgat_Tc_trial_703_best_state.pt,"{'learning_rate': 0.0006034195892995427, 'lr_reduce': 0.6}",TPESampler,COMPLETE
704,0.019712146371603012,2025-04-25 21:32:24.159398,2025-04-25 21:35:03.604310,0 days 00:02:39.444912,0.024848736621845058,256,3,3,64,0.17998015676066845,112,1,4,128,0.18409810335030385,48,1,3,96,0.16189499400553958,280,448.0,,2,2,0.0031659540292754986,0.6,/work3/arnaou/checkpoints/groupgat_Tc_trial_704_best_state.pt,"{'learning_rate': 0.0031659540292754986, 'lr_reduce': 0.6}",TPESampler,COMPLETE
705,0.023370053619146347,2025-04-25 21:34:05.818798,2025-04-25 21:37:01.856592,0 days 00:02:56.037794,0.02965755236536571,240,3,4,32,0.17532670615891258,192,1,4,96,0.07336011285338694,32,2,3,96,0.22623348049297454,400,416.0,,2,2,0.00026869577185532445,0.6,/work3/arnaou/checkpoints/groupgat_Tc_trial_705_best_state.pt,"{'learning_rate': 0.00026869577185532445, 'lr_reduce': 0.6}",TPESampler,COMPLETE
706,0.01381629891693592,2025-04-25 21:34:38.794616,2025-04-25 21:38:26.195844,0 days 00:03:47.401228,0.021771324108489774,240,3,4,64,0.01092551680505608,160,3,4,112,0.24248937409276514,128,4,1,112,0.20158167969861926,104,64.0,80.0,3,2,0.0009173577095162318,0.6,/work3/arnaou/checkpoints/groupgat_Tc_trial_706_best_state.pt,"{'learning_rate': 0.0009173577095162318, 'lr_reduce': 0.6}",TPESampler,COMPLETE
707,0.013558703474700451,2025-04-25 21:35:03.841830,2025-04-25 21:37:09.366605,0 days 00:02:05.524775,0.014495708941850916,192,4,4,32,0.10778929136056348,128,3,4,48,0.22174604295628964,96,4,2,128,0.2409131882199606,304,120.0,88.0,3,2,0.0005962621815500762,0.6,/work3/arnaou/checkpoints/groupgat_Tc_trial_707_best_state.pt,"{'learning_rate': 0.0005962621815500762, 'lr_reduce': 0.6}",TPESampler,COMPLETE
708,0.020525310188531876,2025-04-25 21:37:02.092274,2025-04-25 21:38:44.562604,0 days 00:01:42.470330,0.09697947373154371,240,2,4,48,0.16817497008309518,208,1,1,128,0.1976139281015054,128,3,1,128,0.09221829845090185,144,432.0,,2,2,0.0002596995528644815,0.6,/work3/arnaou/checkpoints/groupgat_Tc_trial_708_best_state.pt,"{'learning_rate': 0.0002596995528644815, 'lr_reduce': 0.6}",TPESampler,COMPLETE
709,0.02812335081398487,2025-04-25 21:37:09.741291,2025-04-25 21:39:33.955498,0 days 00:02:24.214207,0.008980305795904206,192,4,4,48,0.12558211033746225,64,4,4,48,0.27595193064388834,96,4,2,128,0.2205006350075054,296,136.0,88.0,3,2,0.00025649026615040695,0.6,/work3/arnaou/checkpoints/groupgat_Tc_trial_709_best_state.pt,"{'learning_rate': 0.00025649026615040695, 'lr_reduce': 0.6}",TPESampler,COMPLETE
710,0.018893038854002953,2025-04-25 21:38:26.495762,2025-04-25 21:40:31.504478,0 days 00:02:05.008716,0.08561429147327165,208,3,3,64,0.00870576486179312,176,3,3,128,0.2564191109009176,128,3,1,96,0.139364741507974,48,32.0,80.0,3,2,0.000499633359958334,0.6,/work3/arnaou/checkpoints/groupgat_Tc_trial_710_best_state.pt,"{'learning_rate': 0.000499633359958334, 'lr_reduce': 0.6}",TPESampler,COMPLETE
711,0.025557514280080795,2025-04-25 21:38:44.764207,2025-04-25 21:40:46.181586,0 days 00:02:01.417379,0.18209470452357984,160,4,4,32,0.03823410925915358,96,1,3,32,0.2728488255891453,128,4,1,128,0.25061268283624183,104,,,1,1,0.0008012630401854569,0.6,/work3/arnaou/checkpoints/groupgat_Tc_trial_711_best_state.pt,"{'learning_rate': 0.0008012630401854569, 'lr_reduce': 0.6}",TPESampler,COMPLETE
712,0.017031099647283554,2025-04-25 21:39:34.227003,2025-04-25 21:41:08.862211,0 days 00:01:34.635208,0.07533359086353122,224,3,4,32,0.23011330437479385,144,1,4,64,0.1741521051737242,64,1,3,80,0.14050766713491622,400,64.0,32.0,3,2,0.0007246079331345497,0.6,/work3/arnaou/checkpoints/groupgat_Tc_trial_712_best_state.pt,"{'learning_rate': 0.0007246079331345497, 'lr_reduce': 0.6}",TPESampler,COMPLETE
713,0.016784721985459328,2025-04-25 21:40:31.751200,2025-04-25 21:42:31.805192,0 days 00:02:00.053992,0.01713371162956782,144,4,4,32,0.0007571219905731022,96,1,3,48,0.2084427992436481,112,4,1,112,0.28073119315436584,144,80.0,64.0,3,1,0.0006620078633363903,0.6,/work3/arnaou/checkpoints/groupgat_Tc_trial_713_best_state.pt,"{'learning_rate': 0.0006620078633363903, 'lr_reduce': 0.6}",TPESampler,COMPLETE
714,0.017973434180021286,2025-04-25 21:40:46.447284,2025-04-25 21:42:43.320244,0 days 00:01:56.872960,0.039783130034774565,224,4,4,32,0.04286000251798402,144,2,2,80,0.28757823767992396,112,3,1,128,0.2659467358996209,248,32.0,,2,2,0.00039007699174807824,0.6,/work3/arnaou/checkpoints/groupgat_Tc_trial_714_best_state.pt,"{'learning_rate': 0.00039007699174807824, 'lr_reduce': 0.6}",TPESampler,COMPLETE
715,0.019837267696857452,2025-04-25 21:41:09.322205,2025-04-25 21:43:10.863460,0 days 00:02:01.541255,0.036505024298316605,128,4,3,48,0.1264970633840462,208,1,3,112,0.26250491026603695,96,1,1,80,0.2941539347559984,160,80.0,72.0,3,2,0.0008004482882285225,0.6,/work3/arnaou/checkpoints/groupgat_Tc_trial_715_best_state.pt,"{'learning_rate': 0.0008004482882285225, 'lr_reduce': 0.6}",TPESampler,COMPLETE
716,0.022121328860521317,2025-04-25 21:42:33.271013,2025-04-25 21:44:36.533134,0 days 00:02:03.262121,0.04217291898760485,128,2,3,32,0.02008766308560501,144,2,3,128,0.29532639749628553,128,3,2,128,0.15147452414896473,104,112.0,88.0,3,2,0.0005274562362385782,0.6,/work3/arnaou/checkpoints/groupgat_Tc_trial_716_best_state.pt,"{'learning_rate': 0.0005274562362385782, 'lr_reduce': 0.6}",TPESampler,COMPLETE
717,0.014987737871706486,2025-04-25 21:42:43.545299,2025-04-25 21:45:02.257068,0 days 00:02:18.711769,0.013003906216555023,256,3,1,32,0.265538386441543,208,1,4,112,0.1450147061815226,64,4,2,48,0.20854524646658418,216,72.0,32.0,3,2,0.00122316454707616,0.6,/work3/arnaou/checkpoints/groupgat_Tc_trial_717_best_state.pt,"{'learning_rate': 0.00122316454707616, 'lr_reduce': 0.6}",TPESampler,COMPLETE
718,0.01572125218808651,2025-04-25 21:43:11.125836,2025-04-25 21:45:18.772076,0 days 00:02:07.646240,0.00046655563072428054,192,3,4,64,0.08648861287608293,128,3,3,48,0.26087996238116334,96,4,4,128,0.2655930962391163,368,120.0,96.0,3,2,0.0011641251360376666,0.6,/work3/arnaou/checkpoints/groupgat_Tc_trial_718_best_state.pt,"{'learning_rate': 0.0011641251360376666, 'lr_reduce': 0.6}",TPESampler,COMPLETE
719,0.011521968990564346,2025-04-25 21:44:36.825731,2025-04-25 21:46:36.860603,0 days 00:02:00.034872,0.009181369242881692,176,3,4,32,0.06880951788227976,240,3,2,80,0.2286625487998264,96,4,2,128,0.2485413842794857,160,80.0,32.0,3,2,0.0007222280531915481,0.6,/work3/arnaou/checkpoints/groupgat_Tc_trial_719_best_state.pt,"{'learning_rate': 0.0007222280531915481, 'lr_reduce': 0.6}",TPESampler,COMPLETE
720,0.02036278136074543,2025-04-25 21:45:02.522070,2025-04-25 21:47:40.758284,0 days 00:02:38.236214,0.14359825365278112,256,3,4,64,0.11070073834293762,128,4,3,112,0.2929823577273015,128,4,1,96,0.27406404539363066,168,152.0,96.0,3,2,0.0010176374855861245,0.6,/work3/arnaou/checkpoints/groupgat_Tc_trial_720_best_state.pt,"{'learning_rate': 0.0010176374855861245, 'lr_reduce': 0.6}",TPESampler,COMPLETE
721,0.019299399107694626,2025-04-25 21:45:19.088014,2025-04-25 21:48:01.659294,0 days 00:02:42.571280,0.004222827876661464,256,3,4,80,0.0041875596556571765,208,4,4,64,0.19262403720157092,128,4,1,96,0.16709337775011746,120,112.0,104.0,3,2,0.0014666946326486005,0.6,/work3/arnaou/checkpoints/groupgat_Tc_trial_721_best_state.pt,"{'learning_rate': 0.0014666946326486005, 'lr_reduce': 0.6}",TPESampler,COMPLETE
722,0.030329490080475807,2025-04-25 21:46:37.051248,2025-04-25 21:48:54.497753,0 days 00:02:17.446505,0.049392271342012975,224,4,3,32,0.035689611706725216,144,3,4,48,0.29878644614619265,128,4,2,112,0.14147903039529197,408,32.0,,2,2,0.0002014908139581414,0.6,/work3/arnaou/checkpoints/groupgat_Tc_trial_722_best_state.pt,"{'learning_rate': 0.0002014908139581414, 'lr_reduce': 0.6}",TPESampler,COMPLETE
723,0.018655702471733093,2025-04-25 21:47:41.514672,2025-04-25 21:50:10.936397,0 days 00:02:29.421725,0.005038018549528851,160,4,4,32,0.06321702385294223,160,3,4,48,0.17021810161644813,80,4,1,128,0.23903231576192757,368,64.0,32.0,3,2,0.0013788961271690354,0.6,/work3/arnaou/checkpoints/groupgat_Tc_trial_723_best_state.pt,"{'learning_rate': 0.0013788961271690354, 'lr_reduce': 0.6}",TPESampler,COMPLETE
724,0.019532322883605957,2025-04-25 21:48:01.947246,2025-04-25 21:50:07.109988,0 days 00:02:05.162742,0.04429125104598189,128,4,4,32,0.05780743937867262,256,4,2,112,0.245116050857168,96,4,3,128,0.2035259948326939,240,80.0,48.0,3,2,0.0006997104705338172,0.6,/work3/arnaou/checkpoints/groupgat_Tc_trial_724_best_state.pt,"{'learning_rate': 0.0006997104705338172, 'lr_reduce': 0.6}",TPESampler,COMPLETE
725,0.047599684447050095,2025-04-25 21:48:54.782982,2025-04-25 21:51:06.184794,0 days 00:02:11.401812,0.09427526890882008,192,4,4,48,0.14211193878148526,64,2,4,48,0.1799199969120669,112,4,2,128,0.2552614965091512,512,64.0,32.0,3,2,0.00048784218844929506,0.6,/work3/arnaou/checkpoints/groupgat_Tc_trial_725_best_state.pt,"{'learning_rate': 0.00048784218844929506, 'lr_reduce': 0.6}",TPESampler,COMPLETE
726,0.019923921674489975,2025-04-25 21:50:07.384179,2025-04-25 21:51:37.718774,0 days 00:01:30.334595,0.0019893988877702495,224,4,2,80,0.022553020233369414,160,3,4,96,0.23248856586780584,112,4,1,112,0.2337231819930734,128,32.0,80.0,3,1,0.001714622696708768,0.6,/work3/arnaou/checkpoints/groupgat_Tc_trial_726_best_state.pt,"{'learning_rate': 0.001714622696708768, 'lr_reduce': 0.6}",TPESampler,COMPLETE
727,0.016501182690262794,2025-04-25 21:50:11.205711,2025-04-25 21:52:26.020750,0 days 00:02:14.815039,0.006366272891526694,256,3,4,64,0.02575908779109549,176,2,4,96,0.2697726544508406,128,4,1,112,0.08296018472849692,56,88.0,,2,2,0.00033460771458025456,0.6,/work3/arnaou/checkpoints/groupgat_Tc_trial_727_best_state.pt,"{'learning_rate': 0.00033460771458025456, 'lr_reduce': 0.6}",TPESampler,COMPLETE
728,0.01838451623916626,2025-04-25 21:51:06.381776,2025-04-25 21:53:03.650108,0 days 00:01:57.268332,0.03657431249123286,144,4,4,48,0.12399896151318103,144,2,4,48,0.25352605069311024,112,2,2,128,0.16484148958312123,264,120.0,72.0,3,2,0.0006128884975789514,0.6,/work3/arnaou/checkpoints/groupgat_Tc_trial_728_best_state.pt,"{'learning_rate': 0.0006128884975789514, 'lr_reduce': 0.6}",TPESampler,COMPLETE
729,0.013963484205305576,2025-04-25 21:51:37.916421,2025-04-25 21:53:49.839186,0 days 00:02:11.922765,0.028131969562770316,160,3,3,32,0.10378383623824955,256,2,2,64,0.21836396528077054,80,3,2,128,0.25574508890033726,128,80.0,32.0,3,2,0.0004915793937006489,0.6,/work3/arnaou/checkpoints/groupgat_Tc_trial_729_best_state.pt,"{'learning_rate': 0.0004915793937006489, 'lr_reduce': 0.6}",TPESampler,COMPLETE
730,0.0132869528606534,2025-04-25 21:52:26.313276,2025-04-25 21:56:20.723624,0 days 00:03:54.410348,0.015213486787299613,192,2,3,48,0.04266427746585476,96,3,2,80,0.28700718524678853,112,4,3,128,0.1723121038974934,152,168.0,32.0,3,2,0.000556244005551926,0.6,/work3/arnaou/checkpoints/groupgat_Tc_trial_730_best_state.pt,"{'learning_rate': 0.000556244005551926, 'lr_reduce': 0.6}",TPESampler,COMPLETE
731,0.015880078077316284,2025-04-25 21:53:03.923890,2025-04-25 21:54:55.895129,0 days 00:01:51.971239,0.013323440631256149,224,3,3,48,0.10612006746051601,224,1,3,80,0.29369348403825407,32,1,4,112,0.07864854095098223,384,80.0,96.0,3,2,0.0010705343991365785,0.6,/work3/arnaou/checkpoints/groupgat_Tc_trial_731_best_state.pt,"{'learning_rate': 0.0010705343991365785, 'lr_reduce': 0.6}",TPESampler,COMPLETE
732,0.015715239569544792,2025-04-25 21:53:50.113149,2025-04-25 21:56:12.146355,0 days 00:02:22.033206,0.04166593561267008,224,4,4,64,0.0038503996066923648,128,3,3,96,0.25427682155504333,96,3,2,128,0.19053271482676723,88,72.0,88.0,3,2,0.00029565585166995497,0.6,/work3/arnaou/checkpoints/groupgat_Tc_trial_732_best_state.pt,"{'learning_rate': 0.00029565585166995497, 'lr_reduce': 0.6}",TPESampler,COMPLETE
733,0.027697477489709854,2025-04-25 21:54:56.095198,2025-04-25 21:57:13.292186,0 days 00:02:17.196988,0.04422501591495755,128,3,4,32,0.09901032422348247,256,1,2,32,0.24803549907959502,96,4,1,80,0.29944718586238106,176,32.0,32.0,3,2,0.0001405074433817378,0.6,/work3/arnaou/checkpoints/groupgat_Tc_trial_733_best_state.pt,"{'learning_rate': 0.0001405074433817378, 'lr_reduce': 0.6}",TPESampler,COMPLETE
734,0.017522621899843216,2025-04-25 21:56:12.355556,2025-04-25 21:58:09.253374,0 days 00:01:56.897818,0.0674900615737056,112,3,3,48,0.12626115939274843,224,3,3,32,0.17849588917812115,96,4,2,128,0.2521703876474289,120,80.0,,2,2,0.0012548040863205176,0.6,/work3/arnaou/checkpoints/groupgat_Tc_trial_734_best_state.pt,"{'learning_rate': 0.0012548040863205176, 'lr_reduce': 0.6}",TPESampler,COMPLETE
735,0.021054161712527275,2025-04-25 21:56:20.949661,2025-04-25 21:58:26.094025,0 days 00:02:05.144364,0.09534695088742379,224,3,4,48,0.037990652403618194,176,3,4,112,0.13721501585628154,112,4,1,96,0.2724676759097657,184,200.0,40.0,3,2,0.00027917024691566746,0.6,/work3/arnaou/checkpoints/groupgat_Tc_trial_735_best_state.pt,"{'learning_rate': 0.00027917024691566746, 'lr_reduce': 0.6}",TPESampler,COMPLETE
736,0.01615852862596512,2025-04-25 21:57:13.531194,2025-04-25 21:59:32.291919,0 days 00:02:18.760725,0.06814041060497962,224,3,4,32,0.07400390280426758,224,2,1,48,0.1932809778853616,96,4,1,128,0.19730076801889254,152,168.0,32.0,3,2,0.0002148225796607222,0.6,/work3/arnaou/checkpoints/groupgat_Tc_trial_736_best_state.pt,"{'learning_rate': 0.0002148225796607222, 'lr_reduce': 0.6}",TPESampler,COMPLETE
737,0.01510922983288765,2025-04-25 21:58:09.557575,2025-04-25 22:00:07.081382,0 days 00:01:57.523807,0.05318128267181481,256,4,4,32,0.05935840437138874,160,3,3,32,0.2287145339555778,96,4,2,64,0.23245488587740912,368,200.0,32.0,3,2,0.0006508955721341353,0.6,/work3/arnaou/checkpoints/groupgat_Tc_trial_737_best_state.pt,"{'learning_rate': 0.0006508955721341353, 'lr_reduce': 0.6}",TPESampler,COMPLETE
738,0.013636588118970394,2025-04-25 21:58:26.425236,2025-04-25 22:00:10.563624,0 days 00:01:44.138388,0.007924487340999018,208,3,4,64,0.02793848718689223,256,3,1,48,0.2481192139861164,96,4,3,112,0.230194136931673,104,160.0,72.0,3,1,0.0005621744310000715,0.6,/work3/arnaou/checkpoints/groupgat_Tc_trial_738_best_state.pt,"{'learning_rate': 0.0005621744310000715, 'lr_reduce': 0.6}",TPESampler,COMPLETE
739,0.01904449053108692,2025-04-25 21:59:32.606549,2025-04-25 22:01:36.145321,0 days 00:02:03.538772,0.055851941886461004,208,2,3,64,0.09830372171122567,96,3,1,64,0.27820033927493554,128,4,3,128,0.18189152370457068,192,176.0,32.0,3,2,0.0025975974698170573,0.6,/work3/arnaou/checkpoints/groupgat_Tc_trial_739_best_state.pt,"{'learning_rate': 0.0025975974698170573, 'lr_reduce': 0.6}",TPESampler,COMPLETE
740,0.024501819163560867,2025-04-25 22:00:07.342398,2025-04-25 22:02:28.513229,0 days 00:02:21.170831,0.08013333372317252,176,2,3,48,0.06377774076195289,80,3,2,64,0.29920879859516114,96,4,3,128,0.09555796999721967,128,144.0,32.0,3,2,0.0002232708183509975,0.6,/work3/arnaou/checkpoints/groupgat_Tc_trial_740_best_state.pt,"{'learning_rate': 0.0002232708183509975, 'lr_reduce': 0.6}",TPESampler,COMPLETE
