number,value,datetime_start,datetime_complete,duration,params_L1_dropout,params_L1_hidden_dim,params_L1_layers_atom,params_L1_layers_mol,params_L1_out_dim,params_L2_dropout,params_L2_hidden_dim,params_L2_layers_atom,params_L2_layers_mol,params_L2_out_dim,params_L3_dropout,params_L3_hidden_dim,params_L3_layers_atom,params_L3_layers_mol,params_L3_out_dim,params_final_dropout,params_mlp_dim_0,params_mlp_dim_1,params_mlp_dim_2,params_n_mlp_layers,params_num_heads,params_train_learning_rate,params_train_lr_reduce,user_attrs_best_state_dict_path,user_attrs_training_params,system_attrs_auto:sampler,state
635,0.027552852407097816,2025-04-25 20:43:05.200685,2025-04-25 20:45:13.107433,0 days 00:02:07.906748,0.009027263992352985,192,4,2,48,0.19442726111539524,80,2,2,96,0.23260347880783544,48,1,1,128,0.07779107346914835,96,120.0,384.0,3,2,0.00017453682097763056,0.6,/work3/arnaou/checkpoints/groupgat_Tc_trial_635_best_state.pt,"{'learning_rate': 0.00017453682097763056, 'lr_reduce': 0.6}",TPESampler,COMPLETE
636,0.014194371178746223,2025-04-25 20:43:24.134241,2025-04-25 20:45:30.564289,0 days 00:02:06.430048,0.005277062051601318,240,3,4,32,0.08212770776687149,176,1,3,112,0.29827418631469704,96,3,2,112,0.2567993820145609,136,104.0,272.0,3,2,0.00044073309628589875,0.6,/work3/arnaou/checkpoints/groupgat_Tc_trial_636_best_state.pt,"{'learning_rate': 0.00044073309628589875, 'lr_reduce': 0.6}",TPESampler,COMPLETE
637,0.015629656612873077,2025-04-25 20:43:27.576377,2025-04-25 20:46:57.891910,0 days 00:03:30.315533,0.007055944805119861,256,4,4,48,0.011685151379354206,224,2,3,128,0.2066465783723042,96,1,3,112,0.2849184883428784,64,160.0,328.0,3,2,0.00011966913583277926,0.6,/work3/arnaou/checkpoints/groupgat_Tc_trial_637_best_state.pt,"{'learning_rate': 0.00011966913583277926, 'lr_reduce': 0.6}",TPESampler,COMPLETE
638,0.014855880290269852,2025-04-25 20:45:13.294023,2025-04-25 20:47:53.961781,0 days 00:02:40.667758,0.0254194654596417,240,4,4,48,0.08660337282336361,192,1,3,128,0.21170362859227101,128,2,2,112,0.2674656826254945,144,88.0,272.0,3,2,0.00023613765157496193,0.6,/work3/arnaou/checkpoints/groupgat_Tc_trial_638_best_state.pt,"{'learning_rate': 0.00023613765157496193, 'lr_reduce': 0.6}",TPESampler,COMPLETE
639,0.016016630455851555,2025-04-25 20:45:30.766204,2025-04-25 20:48:12.898174,0 days 00:02:42.131970,0.020959600010009544,176,4,4,32,0.024565607168784642,176,1,3,128,0.2807397945720992,64,3,2,96,0.2800664198836317,248,128.0,,2,2,0.0002969728787486723,0.6,/work3/arnaou/checkpoints/groupgat_Tc_trial_639_best_state.pt,"{'learning_rate': 0.0002969728787486723, 'lr_reduce': 0.6}",TPESampler,COMPLETE
640,0.018783019855618477,2025-04-25 20:46:58.080939,2025-04-25 20:49:08.238253,0 days 00:02:10.157314,0.04963796165647425,240,4,3,32,0.06946252207862645,192,1,3,128,0.25237288468069785,80,4,3,96,0.28654216739101407,80,120.0,272.0,3,2,0.0019940683728691317,0.6,/work3/arnaou/checkpoints/groupgat_Tc_trial_640_best_state.pt,"{'learning_rate': 0.0019940683728691317, 'lr_reduce': 0.6}",TPESampler,COMPLETE
641,0.014659378677606583,2025-04-25 20:47:54.868985,2025-04-25 20:50:08.986218,0 days 00:02:14.117233,0.033819589047013786,224,3,4,48,0.20956302184912487,144,2,4,96,0.24786173697857428,48,1,1,112,0.02584491473676069,152,344.0,264.0,3,2,0.0027971056023895296,0.6,/work3/arnaou/checkpoints/groupgat_Tc_trial_641_best_state.pt,"{'learning_rate': 0.0027971056023895296, 'lr_reduce': 0.6}",TPESampler,COMPLETE
642,0.017542924731969833,2025-04-25 20:48:13.128904,2025-04-25 20:50:13.941226,0 days 00:02:00.812322,0.04304534238627558,256,4,4,32,0.08537043505324632,160,2,2,112,0.24042004869980524,96,1,1,48,0.2918804838235926,64,392.0,304.0,3,2,0.000482555716730332,0.6,/work3/arnaou/checkpoints/groupgat_Tc_trial_642_best_state.pt,"{'learning_rate': 0.000482555716730332, 'lr_reduce': 0.6}",TPESampler,COMPLETE
643,0.016551829874515533,2025-04-25 20:49:08.533371,2025-04-25 20:51:04.036366,0 days 00:01:55.502995,0.016066982740132615,240,2,4,32,0.03182393598896371,176,1,3,112,0.2553482838465388,96,3,2,80,0.182539868921677,112,88.0,280.0,3,2,0.0004998848217574582,0.6,/work3/arnaou/checkpoints/groupgat_Tc_trial_643_best_state.pt,"{'learning_rate': 0.0004998848217574582, 'lr_reduce': 0.6}",TPESampler,COMPLETE
644,0.013382341712713242,2025-04-25 20:50:09.215777,2025-04-25 20:52:10.200945,0 days 00:02:00.985168,0.02993166605928569,208,4,4,64,0.14860909653120746,240,1,4,128,0.2787335925107663,128,1,1,96,0.29016913035299685,56,400.0,272.0,3,2,0.000570805021460291,0.6,/work3/arnaou/checkpoints/groupgat_Tc_trial_644_best_state.pt,"{'learning_rate': 0.000570805021460291, 'lr_reduce': 0.6}",TPESampler,COMPLETE
645,0.02292565256357193,2025-04-25 20:50:14.125418,2025-04-25 20:53:12.540252,0 days 00:02:58.414834,0.029072072782309187,224,3,3,64,0.17502514464985783,128,1,4,112,0.20252630070161834,48,3,3,96,0.13271631379222695,384,32.0,320.0,3,2,0.0002708808513078899,0.6,/work3/arnaou/checkpoints/groupgat_Tc_trial_645_best_state.pt,"{'learning_rate': 0.0002708808513078899, 'lr_reduce': 0.6}",TPESampler,COMPLETE
646,0.015085182152688503,2025-04-25 20:51:04.243280,2025-04-25 20:52:59.195304,0 days 00:01:54.952024,0.020648572939123307,240,3,4,48,0.0507800808573323,208,1,2,112,0.2700820302015791,112,3,3,112,0.22550768688711625,160,344.0,256.0,3,1,0.00048441918522500833,0.6,/work3/arnaou/checkpoints/groupgat_Tc_trial_646_best_state.pt,"{'learning_rate': 0.00048441918522500833, 'lr_reduce': 0.6}",TPESampler,COMPLETE
647,0.016514116898179054,2025-04-25 20:52:10.471426,2025-04-25 20:54:26.376830,0 days 00:02:15.905404,0.01682171801546,208,4,4,80,0.09518986571058818,256,1,4,112,0.19910349892673557,112,1,2,80,0.24444616453795082,72,160.0,,2,2,0.0014353739467141882,0.6,/work3/arnaou/checkpoints/groupgat_Tc_trial_647_best_state.pt,"{'learning_rate': 0.0014353739467141882, 'lr_reduce': 0.6}",TPESampler,COMPLETE
648,0.015576722100377083,2025-04-25 20:52:59.388499,2025-04-25 20:54:50.042976,0 days 00:01:50.654477,0.0053326401575673026,192,4,4,64,0.1634469494106778,224,1,2,128,0.28961542574002114,96,2,1,112,0.2416801365569971,144,368.0,,2,2,0.0007733580087754126,0.6,/work3/arnaou/checkpoints/groupgat_Tc_trial_648_best_state.pt,"{'learning_rate': 0.0007733580087754126, 'lr_reduce': 0.6}",TPESampler,COMPLETE
649,0.019555160775780678,2025-04-25 20:53:12.739241,2025-04-25 20:55:21.357159,0 days 00:02:08.617918,0.059102627963875484,256,4,4,96,0.031209454557297886,240,2,3,112,0.2791165032849792,128,2,1,80,0.2507576790199783,32,344.0,256.0,3,2,0.00022282248065807916,0.6,/work3/arnaou/checkpoints/groupgat_Tc_trial_649_best_state.pt,"{'learning_rate': 0.00022282248065807916, 'lr_reduce': 0.6}",TPESampler,COMPLETE
650,0.022168831899762154,2025-04-25 20:54:26.644513,2025-04-25 20:56:36.064084,0 days 00:02:09.419571,0.01614229071665044,224,4,3,48,0.18428792982213157,144,1,4,112,0.24991919805282292,64,1,2,80,0.1951058633735704,344,400.0,296.0,3,1,0.00026003300822586016,0.6,/work3/arnaou/checkpoints/groupgat_Tc_trial_650_best_state.pt,"{'learning_rate': 0.00026003300822586016, 'lr_reduce': 0.6}",TPESampler,COMPLETE
651,0.012311939150094986,2025-04-25 20:54:50.334685,2025-04-25 20:56:33.686343,0 days 00:01:43.351658,0.007311188409082602,208,3,3,32,0.26157404237011933,160,2,4,128,0.10692850130825875,112,4,1,64,0.19773279744783268,176,136.0,264.0,3,2,0.0006159293687416223,0.6,/work3/arnaou/checkpoints/groupgat_Tc_trial_651_best_state.pt,"{'learning_rate': 0.0006159293687416223, 'lr_reduce': 0.6}",TPESampler,COMPLETE
652,0.014104032889008522,2025-04-25 20:55:21.644925,2025-04-25 20:57:28.246907,0 days 00:02:06.601982,0.018288828134446853,128,4,3,48,0.074586677693575,208,1,3,128,0.2954889688772151,128,1,1,80,0.2751749742426613,48,96.0,264.0,3,2,0.00045364974513394346,0.6,/work3/arnaou/checkpoints/groupgat_Tc_trial_652_best_state.pt,"{'learning_rate': 0.00045364974513394346, 'lr_reduce': 0.6}",TPESampler,COMPLETE
653,0.0171123668551445,2025-04-25 20:56:33.926562,2025-04-25 20:58:12.773634,0 days 00:01:38.847072,0.03729468292338386,208,4,4,48,0.2605245014840208,128,3,4,112,0.16996920295917844,112,4,1,64,0.244783184208815,224,160.0,,2,2,0.0011535310461737835,0.6,/work3/arnaou/checkpoints/groupgat_Tc_trial_653_best_state.pt,"{'learning_rate': 0.0011535310461737835, 'lr_reduce': 0.6}",TPESampler,COMPLETE
654,0.016041874885559082,2025-04-25 20:56:36.314695,2025-04-25 20:58:19.839370,0 days 00:01:43.524675,0.02176360055959596,256,3,4,48,0.19862279689364226,160,1,4,128,0.03035472668325248,128,4,1,32,0.13574888174344402,176,160.0,256.0,3,2,0.0005478383669222232,0.6,/work3/arnaou/checkpoints/groupgat_Tc_trial_654_best_state.pt,"{'learning_rate': 0.0005478383669222232, 'lr_reduce': 0.6}",TPESampler,COMPLETE
655,0.016544627025723457,2025-04-25 20:57:28.419400,2025-04-25 20:59:37.945258,0 days 00:02:09.525858,0.003986962823549385,144,2,3,32,0.26040896909508837,176,3,4,128,0.1492533712770479,128,3,1,64,0.16721294369121736,240,96.0,256.0,3,2,0.0003309850059229489,0.6,/work3/arnaou/checkpoints/groupgat_Tc_trial_655_best_state.pt,"{'learning_rate': 0.0003309850059229489, 'lr_reduce': 0.6}",TPESampler,COMPLETE
656,0.019097929820418358,2025-04-25 20:58:12.944321,2025-04-25 21:00:18.371133,0 days 00:02:05.426812,0.011017889148614006,224,4,2,32,0.09237260654007601,176,4,3,96,0.14525084883681197,128,4,1,64,0.14688778343997833,120,96.0,,2,1,0.0006693847868740198,0.6,/work3/arnaou/checkpoints/groupgat_Tc_trial_656_best_state.pt,"{'learning_rate': 0.0006693847868740198, 'lr_reduce': 0.6}",TPESampler,COMPLETE
657,0.017107684165239334,2025-04-25 20:58:20.105110,2025-04-25 21:00:18.379693,0 days 00:01:58.274583,0.015301124601708488,240,4,4,64,0.2597571518494908,256,2,3,128,0.23469886386390076,128,1,1,96,0.2933968163752271,160,120.0,256.0,3,2,0.0029260260538270613,0.6,/work3/arnaou/checkpoints/groupgat_Tc_trial_657_best_state.pt,"{'learning_rate': 0.0029260260538270613, 'lr_reduce': 0.6}",TPESampler,COMPLETE
658,0.021168479695916176,2025-04-25 20:59:38.152652,2025-04-25 21:02:06.009123,0 days 00:02:27.856471,0.034518191100880835,112,4,4,32,0.04141188277376821,240,1,4,112,0.2870551220051662,128,2,1,96,0.28581578972402977,32,64.0,264.0,3,2,0.0003896741707232652,0.6,/work3/arnaou/checkpoints/groupgat_Tc_trial_658_best_state.pt,"{'learning_rate': 0.0003896741707232652, 'lr_reduce': 0.6}",TPESampler,COMPLETE
659,0.018059730529785156,2025-04-25 21:00:18.493082,2025-04-25 21:02:27.529275,0 days 00:02:09.036193,0.01870928338928691,144,4,4,80,0.21801083446841102,192,2,4,80,0.2432671922410023,128,1,1,96,0.2665376924849688,88,112.0,312.0,3,2,0.0006376756923801376,0.6,/work3/arnaou/checkpoints/groupgat_Tc_trial_659_best_state.pt,"{'learning_rate': 0.0006376756923801376, 'lr_reduce': 0.6}",TPESampler,COMPLETE
660,0.018120404332876205,2025-04-25 21:00:18.545305,2025-04-25 21:02:11.127689,0 days 00:01:52.582384,0.08299600393597821,256,3,2,32,0.28893190874605024,224,2,3,96,0.10013945791000252,80,4,1,80,0.1302962300764914,144,120.0,320.0,3,2,0.0006226000739502767,0.6,/work3/arnaou/checkpoints/groupgat_Tc_trial_660_best_state.pt,"{'learning_rate': 0.0006226000739502767, 'lr_reduce': 0.6}",TPESampler,COMPLETE
661,0.020132072269916534,2025-04-25 21:02:06.259160,2025-04-25 21:04:04.101259,0 days 00:01:57.842099,0.0012584348892677906,224,1,2,48,0.20266354766164021,224,3,4,128,0.17564687368880402,32,4,1,32,0.011538265489696498,192,64.0,272.0,3,2,0.0004955625971544617,0.6,/work3/arnaou/checkpoints/groupgat_Tc_trial_661_best_state.pt,"{'learning_rate': 0.0004955625971544617, 'lr_reduce': 0.6}",TPESampler,COMPLETE
662,0.01508635375648737,2025-04-25 21:02:11.307833,2025-04-25 21:03:56.380738,0 days 00:01:45.072905,0.022082434669880597,224,4,4,32,0.23796338425378907,144,1,2,96,0.22725595081261157,64,2,2,112,0.26718563203546153,96,160.0,248.0,3,2,0.0007283306102087687,0.6,/work3/arnaou/checkpoints/groupgat_Tc_trial_662_best_state.pt,"{'learning_rate': 0.0007283306102087687, 'lr_reduce': 0.6}",TPESampler,COMPLETE
663,0.023048093542456627,2025-04-25 21:02:27.762561,2025-04-25 21:04:28.673483,0 days 00:02:00.910922,0.08462600508559459,80,4,2,48,0.01074566025211679,160,2,2,112,0.28881035502731534,112,1,1,64,0.29044393074750624,160,32.0,312.0,3,2,0.0004987471051540306,0.6,/work3/arnaou/checkpoints/groupgat_Tc_trial_663_best_state.pt,"{'learning_rate': 0.0004987471051540306, 'lr_reduce': 0.6}",TPESampler,COMPLETE
664,0.02801714465022087,2025-04-25 21:03:56.564027,2025-04-25 21:06:11.985966,0 days 00:02:15.421939,0.07539050002096966,208,3,3,64,0.15429005158681125,208,1,4,112,0.23856747594948696,96,1,1,80,0.2821495232234851,88,112.0,256.0,3,2,0.00021524450969006743,0.6,/work3/arnaou/checkpoints/groupgat_Tc_trial_664_best_state.pt,"{'learning_rate': 0.00021524450969006743, 'lr_reduce': 0.6}",TPESampler,COMPLETE
665,0.03039858303964138,2025-04-25 21:04:04.290447,2025-04-25 21:06:13.645787,0 days 00:02:09.355340,0.03939511985819601,80,4,2,32,0.06298291566850109,240,1,3,96,0.27185332066437734,96,1,1,96,0.25028634478578377,96,88.0,,2,2,0.0002006489447817364,0.6,/work3/arnaou/checkpoints/groupgat_Tc_trial_665_best_state.pt,"{'learning_rate': 0.0002006489447817364, 'lr_reduce': 0.6}",TPESampler,COMPLETE
666,0.021556207910180092,2025-04-25 21:04:28.879290,2025-04-25 21:06:18.901685,0 days 00:01:50.022395,0.048477635630299214,64,4,3,32,0.04814329797199325,256,1,2,128,0.21883984804068424,128,1,1,64,0.24249206774969345,96,176.0,248.0,3,2,0.0005726824985580567,0.6,/work3/arnaou/checkpoints/groupgat_Tc_trial_666_best_state.pt,"{'learning_rate': 0.0005726824985580567, 'lr_reduce': 0.6}",TPESampler,COMPLETE
667,0.021723970770835876,2025-04-25 21:06:12.182770,2025-04-25 21:08:17.726742,0 days 00:02:05.543972,0.06402073005575003,128,3,3,32,0.21043730224983287,144,1,4,112,0.08352821992868861,96,4,1,80,0.21811463538219772,168,80.0,,2,1,0.0006125446342963105,0.6,/work3/arnaou/checkpoints/groupgat_Tc_trial_667_best_state.pt,"{'learning_rate': 0.0006125446342963105, 'lr_reduce': 0.6}",TPESampler,COMPLETE
668,0.015905268490314484,2025-04-25 21:06:13.872741,2025-04-25 21:08:46.537088,0 days 00:02:32.664347,0.02550461135868272,256,4,2,32,0.22831177097175062,128,3,4,128,0.1731135543103343,80,1,1,112,0.055520596937141654,32,144.0,360.0,3,2,0.00023895214664302044,0.6,/work3/arnaou/checkpoints/groupgat_Tc_trial_668_best_state.pt,"{'learning_rate': 0.00023895214664302044, 'lr_reduce': 0.6}",TPESampler,COMPLETE
669,0.017717977985739708,2025-04-25 21:06:19.134380,2025-04-25 21:08:28.580201,0 days 00:02:09.445821,0.011342359731084932,224,4,4,32,0.19625559114876384,192,1,3,80,0.264490809915254,112,3,2,64,0.2709566816858975,64,96.0,,2,2,0.00019595416426860274,0.6,/work3/arnaou/checkpoints/groupgat_Tc_trial_669_best_state.pt,"{'learning_rate': 0.00019595416426860274, 'lr_reduce': 0.6}",TPESampler,COMPLETE
670,0.019550275057554245,2025-04-25 21:08:17.979419,2025-04-25 21:10:12.791759,0 days 00:01:54.812340,0.04168880628017764,208,4,4,112,0.13575462303109243,224,1,4,128,0.2781129293956037,128,1,1,128,0.25947752728001805,128,128.0,304.0,3,2,0.0011455009412823748,0.6,/work3/arnaou/checkpoints/groupgat_Tc_trial_670_best_state.pt,"{'learning_rate': 0.0011455009412823748, 'lr_reduce': 0.6}",TPESampler,COMPLETE
671,0.018347904086112976,2025-04-25 21:08:28.765806,2025-04-25 21:10:20.530779,0 days 00:01:51.764973,0.05244500993822829,256,3,3,48,0.10229969064285827,160,1,4,80,0.2655295756156137,96,4,2,96,0.25613417427368673,88,320.0,248.0,3,2,0.0007871819473805098,0.6,/work3/arnaou/checkpoints/groupgat_Tc_trial_671_best_state.pt,"{'learning_rate': 0.0007871819473805098, 'lr_reduce': 0.6}",TPESampler,COMPLETE
672,0.018743883818387985,2025-04-25 21:08:46.764580,2025-04-25 21:10:49.388106,0 days 00:02:02.623526,0.11145675991283335,224,3,3,48,0.25799558758030566,160,2,3,128,0.1818949435478291,128,4,2,64,0.1594306872321912,296,80.0,312.0,3,2,0.0006105816380329591,0.6,/work3/arnaou/checkpoints/groupgat_Tc_trial_672_best_state.pt,"{'learning_rate': 0.0006105816380329591, 'lr_reduce': 0.6}",TPESampler,COMPLETE
673,0.021978065371513367,2025-04-25 21:10:12.975373,2025-04-25 21:12:22.863153,0 days 00:02:09.887780,0.03384328626946913,256,3,4,48,0.20817099389668908,192,1,3,96,0.1787638224042386,112,2,1,128,0.21111672807659937,40,400.0,240.0,3,2,0.0026846670165965596,0.6,/work3/arnaou/checkpoints/groupgat_Tc_trial_673_best_state.pt,"{'learning_rate': 0.0026846670165965596, 'lr_reduce': 0.6}",TPESampler,COMPLETE
674,0.018184535205364227,2025-04-25 21:10:20.704415,2025-04-25 21:12:29.622270,0 days 00:02:08.917855,0.0658580978123923,128,2,3,48,0.09459834863756614,208,1,2,112,0.2984291767422591,112,1,2,80,0.24775589334507986,40,328.0,304.0,3,2,0.0006582859975072349,0.6,/work3/arnaou/checkpoints/groupgat_Tc_trial_674_best_state.pt,"{'learning_rate': 0.0006582859975072349, 'lr_reduce': 0.6}",TPESampler,COMPLETE
675,0.024044396355748177,2025-04-25 21:10:49.575976,2025-04-25 21:13:23.264931,0 days 00:02:33.688955,0.021551915906247943,176,3,2,32,0.19396586683461486,160,1,4,128,0.0642717180646418,112,4,1,64,0.15512941435034536,312,32.0,240.0,3,2,0.002272301470015152,0.6,/work3/arnaou/checkpoints/groupgat_Tc_trial_675_best_state.pt,"{'learning_rate': 0.002272301470015152, 'lr_reduce': 0.6}",TPESampler,COMPLETE
676,0.019042449072003365,2025-04-25 21:12:23.126370,2025-04-25 21:14:15.252370,0 days 00:01:52.126000,0.07201736927167882,240,3,4,48,0.0866223661308394,160,1,3,128,0.18016315889538925,128,2,2,64,0.2732033628060848,48,168.0,352.0,3,2,0.0001716709160871595,0.6,/work3/arnaou/checkpoints/groupgat_Tc_trial_676_best_state.pt,"{'learning_rate': 0.0001716709160871595, 'lr_reduce': 0.6}",TPESampler,COMPLETE
677,0.03811340034008026,2025-04-25 21:12:29.837960,2025-04-25 21:15:28.610082,0 days 00:02:58.772122,0.07819012400524392,208,4,4,112,0.24448793505370583,240,2,2,128,0.14445579563362315,112,2,1,112,0.05543947813143594,64,128.0,,2,1,0.00994876396181025,0.6,/work3/arnaou/checkpoints/groupgat_Tc_trial_677_best_state.pt,"{'learning_rate': 0.00994876396181025, 'lr_reduce': 0.6}",TPESampler,COMPLETE
678,0.025992389768362045,2025-04-25 21:13:23.607314,2025-04-25 21:15:53.883335,0 days 00:02:30.276021,0.08487020160912735,240,4,4,80,0.04125988962280198,192,1,4,112,0.27389476509537014,128,3,3,64,0.2563972500347466,32,400.0,,2,1,0.00027002214248876143,0.6,/work3/arnaou/checkpoints/groupgat_Tc_trial_678_best_state.pt,"{'learning_rate': 0.00027002214248876143, 'lr_reduce': 0.6}",TPESampler,COMPLETE
679,0.016826605424284935,2025-04-25 21:14:15.579103,2025-04-25 21:16:01.848550,0 days 00:01:46.269447,0.054304613177206716,208,3,4,48,0.07222677720265241,256,1,3,128,0.23724180559502828,112,2,2,64,0.27145236696777225,136,344.0,256.0,3,2,0.0006647122292940105,0.6,/work3/arnaou/checkpoints/groupgat_Tc_trial_679_best_state.pt,"{'learning_rate': 0.0006647122292940105, 'lr_reduce': 0.6}",TPESampler,COMPLETE
680,0.014964711852371693,2025-04-25 21:15:28.866293,2025-04-25 21:17:31.404682,0 days 00:02:02.538389,0.04921852055542601,224,4,2,32,0.26014016602581325,176,3,4,128,0.15518553273926838,112,4,2,80,0.2303623627552273,88,88.0,40.0,3,2,0.0003969760836817054,0.6,/work3/arnaou/checkpoints/groupgat_Tc_trial_680_best_state.pt,"{'learning_rate': 0.0003969760836817054, 'lr_reduce': 0.6}",TPESampler,COMPLETE
681,0.019600678235292435,2025-04-25 21:15:54.075555,2025-04-25 21:18:20.589482,0 days 00:02:26.513927,0.007585910330166545,160,4,2,32,0.09706067366966104,160,1,3,128,0.22882472899971798,128,2,2,80,0.26183808349646887,48,384.0,,2,2,0.0004649174006177598,0.6,/work3/arnaou/checkpoints/groupgat_Tc_trial_681_best_state.pt,"{'learning_rate': 0.0004649174006177598, 'lr_reduce': 0.6}",TPESampler,COMPLETE
682,0.01739850826561451,2025-04-25 21:16:02.128838,2025-04-25 21:17:58.300538,0 days 00:01:56.171700,0.08479975440721285,224,3,3,80,0.1199621639690413,256,2,2,128,0.1327003010742805,64,1,1,128,0.19070955280241597,80,328.0,288.0,3,2,0.0008398584671881843,0.6,/work3/arnaou/checkpoints/groupgat_Tc_trial_682_best_state.pt,"{'learning_rate': 0.0008398584671881843, 'lr_reduce': 0.6}",TPESampler,COMPLETE
683,0.016311459243297577,2025-04-25 21:17:31.589191,2025-04-25 21:19:33.569182,0 days 00:02:01.979991,0.04341157445485103,224,4,3,32,0.1394893997118319,208,1,4,128,0.29688663581387076,128,1,1,80,0.24899003306110862,56,120.0,232.0,3,2,0.000463259278408149,0.6,/work3/arnaou/checkpoints/groupgat_Tc_trial_683_best_state.pt,"{'learning_rate': 0.000463259278408149, 'lr_reduce': 0.6}",TPESampler,COMPLETE
684,0.024837670847773552,2025-04-25 21:17:58.621524,2025-04-25 21:20:34.791515,0 days 00:02:36.169991,0.04284020647743773,256,2,4,48,0.14670827944279335,160,1,4,128,0.2698656247718166,80,3,3,96,0.25185431725747953,184,408.0,320.0,3,2,0.00020552272513486156,0.6,/work3/arnaou/checkpoints/groupgat_Tc_trial_684_best_state.pt,"{'learning_rate': 0.00020552272513486156, 'lr_reduce': 0.6}",TPESampler,COMPLETE
685,0.015847811475396156,2025-04-25 21:18:20.881964,2025-04-25 21:20:32.340237,0 days 00:02:11.458273,0.03129707879883241,208,3,4,32,0.2288012603769998,192,1,3,112,0.1688262467796122,128,2,1,128,0.054545227051410475,96,80.0,248.0,3,2,0.0004200536065750077,0.6,/work3/arnaou/checkpoints/groupgat_Tc_trial_685_best_state.pt,"{'learning_rate': 0.0004200536065750077, 'lr_reduce': 0.6}",TPESampler,COMPLETE
686,0.013323972001671791,2025-04-25 21:19:33.808849,2025-04-25 21:21:52.909769,0 days 00:02:19.100920,0.020406990659124845,176,3,4,48,0.04708551245350685,176,2,3,96,0.29988161784978706,128,4,2,128,0.20188874348174246,144,368.0,352.0,3,2,0.0006556598720243774,0.6,/work3/arnaou/checkpoints/groupgat_Tc_trial_686_best_state.pt,"{'learning_rate': 0.0006556598720243774, 'lr_reduce': 0.6}",TPESampler,COMPLETE
687,0.01574631780385971,2025-04-25 21:20:32.594214,2025-04-25 21:22:56.361834,0 days 00:02:23.767620,0.026714137334458363,144,4,4,80,0.12864599677667737,256,1,3,128,0.22080678545280538,128,2,1,64,0.2549755876154315,104,320.0,296.0,3,2,0.00042530486793102544,0.6,/work3/arnaou/checkpoints/groupgat_Tc_trial_687_best_state.pt,"{'learning_rate': 0.00042530486793102544, 'lr_reduce': 0.6}",TPESampler,COMPLETE
