number,value,datetime_start,datetime_complete,duration,params_L1_dropout,params_L1_hidden_dim,params_L1_layers_atom,params_L1_layers_mol,params_L1_out_dim,params_L2_dropout,params_L2_hidden_dim,params_L2_layers_atom,params_L2_layers_mol,params_L2_out_dim,params_L3_dropout,params_L3_hidden_dim,params_L3_layers_atom,params_L3_layers_mol,params_L3_out_dim,params_final_dropout,params_mlp_dim_0,params_mlp_dim_1,params_mlp_dim_2,params_n_mlp_layers,params_num_heads,params_train_learning_rate,params_train_lr_reduce,user_attrs_best_state_dict_path,user_attrs_training_params,system_attrs_auto:sampler,state
2435,0.019248269498348236,2025-04-27 01:19:27.886257,2025-04-27 01:22:20.990832,0 days 00:02:53.104575,0.14528172988701699,240,4,4,128,0.29048036209285055,208,2,1,112,0.28400740446298717,64,3,3,128,0.1560783603909147,32,144.0,,2,2,0.001876765713052272,0.6,/work3/arnaou/checkpoints/groupgat_Tc_trial_2435_best_state.pt,"{'learning_rate': 0.001876765713052272, 'lr_reduce': 0.6}",TPESampler,COMPLETE
2436,0.017453577369451523,2025-04-27 01:21:05.413374,2025-04-27 01:22:58.494842,0 days 00:01:53.081468,0.07741328806802794,256,4,4,112,0.28762837246870265,176,2,1,128,0.2653992963292063,64,4,1,128,0.020049436570122363,80,136.0,,2,2,0.0007283075641359803,0.6,/work3/arnaou/checkpoints/groupgat_Tc_trial_2436_best_state.pt,"{'learning_rate': 0.0007283075641359803, 'lr_reduce': 0.6}",TPESampler,COMPLETE
2437,0.02328648790717125,2025-04-27 01:21:24.149169,2025-04-27 01:23:15.363095,0 days 00:01:51.213926,0.1357805700771191,256,4,4,128,0.28007560253342983,144,2,1,128,0.2771181867358171,96,1,4,112,0.015791742728196452,40,192.0,,2,2,0.001310705163227681,0.6,/work3/arnaou/checkpoints/groupgat_Tc_trial_2437_best_state.pt,"{'learning_rate': 0.001310705163227681, 'lr_reduce': 0.6}",TPESampler,COMPLETE
2438,0.04923880472779274,2025-04-27 01:22:21.324610,2025-04-27 01:24:11.129835,0 days 00:01:49.805225,0.2480539785576943,256,1,3,48,0.14151285824721052,64,1,4,32,0.10742909682360885,128,2,3,64,0.0916327493013126,176,,,1,1,0.00015821415887388733,0.6,/work3/arnaou/checkpoints/groupgat_Tc_trial_2438_best_state.pt,"{'learning_rate': 0.00015821415887388733, 'lr_reduce': 0.6}",TPESampler,COMPLETE
2439,0.016201524063944817,2025-04-27 01:22:58.730588,2025-04-27 01:24:39.825431,0 days 00:01:41.094843,0.08067097986278622,256,4,4,128,0.2742458410774176,192,3,2,128,0.24543744738309395,48,2,2,112,0.07024817914953266,208,136.0,,2,2,0.0008143665136141284,0.6,/work3/arnaou/checkpoints/groupgat_Tc_trial_2439_best_state.pt,"{'learning_rate': 0.0008143665136141284, 'lr_reduce': 0.6}",TPESampler,COMPLETE
2440,0.026323162019252777,2025-04-27 01:23:15.722220,2025-04-27 01:25:31.459685,0 days 00:02:15.737465,0.08938901482514508,240,4,3,112,0.273915811079779,224,2,1,128,0.15912556662531802,112,3,2,128,0.13480058305043602,120,,,1,2,0.0007139717971968375,0.6,/work3/arnaou/checkpoints/groupgat_Tc_trial_2440_best_state.pt,"{'learning_rate': 0.0007139717971968375, 'lr_reduce': 0.6}",TPESampler,COMPLETE
2441,0.023451535031199455,2025-04-27 01:24:11.442426,2025-04-27 01:26:35.410655,0 days 00:02:23.968229,0.28900522687308955,112,1,1,128,0.014403226946110598,176,1,4,48,0.28832702302969426,32,4,4,32,0.2711609533790562,184,168.0,208.0,3,2,0.00043925696242838456,0.6,/work3/arnaou/checkpoints/groupgat_Tc_trial_2441_best_state.pt,"{'learning_rate': 0.00043925696242838456, 'lr_reduce': 0.6}",TPESampler,COMPLETE
2442,0.018994348123669624,2025-04-27 01:24:40.084169,2025-04-27 01:27:02.354313,0 days 00:02:22.270144,0.02353398996232773,176,4,2,32,0.29398322500599144,160,4,3,112,0.284070968329485,64,4,1,80,0.061310110880617684,128,128.0,,2,1,0.0015479944959158405,0.6,/work3/arnaou/checkpoints/groupgat_Tc_trial_2442_best_state.pt,"{'learning_rate': 0.0015479944959158405, 'lr_reduce': 0.6}",TPESampler,COMPLETE
2443,0.019779574126005173,2025-04-27 01:25:31.849001,2025-04-27 01:27:53.903235,0 days 00:02:22.054234,0.009654363877092995,160,4,3,48,0.20768632245758362,112,3,4,112,0.16030619047556896,64,4,1,48,0.17743321430110848,352,224.0,104.0,3,2,0.0003993627256867591,0.6,/work3/arnaou/checkpoints/groupgat_Tc_trial_2443_best_state.pt,"{'learning_rate': 0.0003993627256867591, 'lr_reduce': 0.6}",TPESampler,COMPLETE
2444,0.016415227204561234,2025-04-27 01:26:35.766576,2025-04-27 01:29:28.837222,0 days 00:02:53.070646,0.011070475611546294,208,4,4,64,0.05741527976298614,240,1,2,96,0.12338688410000953,48,3,2,112,0.2195952229271877,96,168.0,72.0,3,2,0.0001781846808518213,0.6,/work3/arnaou/checkpoints/groupgat_Tc_trial_2444_best_state.pt,"{'learning_rate': 0.0001781846808518213, 'lr_reduce': 0.6}",TPESampler,COMPLETE
2445,0.014697534963488579,2025-04-27 01:27:02.599336,2025-04-27 01:29:06.486528,0 days 00:02:03.887192,0.00022676576072849092,240,3,4,96,0.2928531133778911,192,3,1,112,0.12947123119093062,48,4,1,128,0.07026361685889601,56,128.0,176.0,3,2,0.0007789651214364416,0.6,/work3/arnaou/checkpoints/groupgat_Tc_trial_2445_best_state.pt,"{'learning_rate': 0.0007789651214364416, 'lr_reduce': 0.6}",TPESampler,COMPLETE
2446,0.01752411015331745,2025-04-27 01:27:54.164122,2025-04-27 01:29:37.984219,0 days 00:01:43.820097,0.05898166086780214,160,4,3,48,0.2932437281012581,128,4,4,128,0.2093542272332701,80,2,1,96,0.03478401299243995,256,192.0,,2,2,0.0016953728979715035,0.6,/work3/arnaou/checkpoints/groupgat_Tc_trial_2446_best_state.pt,"{'learning_rate': 0.0016953728979715035, 'lr_reduce': 0.6}",TPESampler,COMPLETE
2447,0.05905718728899956,2025-04-27 01:29:07.058372,2025-04-27 01:30:04.406081,0 days 00:00:57.347709,0.006769674631621862,240,2,4,64,0.07611942787025054,176,1,3,128,0.1861250971769169,96,1,2,128,0.14775208238121232,64,128.0,224.0,3,2,0.002223012925784857,0.6,/work3/arnaou/checkpoints/groupgat_Tc_trial_2447_best_state.pt,"{'learning_rate': 0.002223012925784857, 'lr_reduce': 0.6}",TPESampler,COMPLETE
2448,0.015958886593580246,2025-04-27 01:29:29.041167,2025-04-27 01:31:43.196711,0 days 00:02:14.155544,0.02025736814683802,240,4,4,112,0.23213435134756183,240,2,1,128,0.17953766929238046,64,3,4,128,0.1072663090016482,128,168.0,,2,2,0.003173445584682966,0.6,/work3/arnaou/checkpoints/groupgat_Tc_trial_2448_best_state.pt,"{'learning_rate': 0.003173445584682966, 'lr_reduce': 0.6}",TPESampler,COMPLETE
2449,0.016869815066456795,2025-04-27 01:29:38.271209,2025-04-27 01:31:14.388219,0 days 00:01:36.117010,0.07252152884471467,224,4,4,128,0.2869302053512313,208,1,1,128,0.21072308768326514,64,4,2,128,0.14547908150591538,64,120.0,72.0,3,2,0.0009330850687881894,0.6,/work3/arnaou/checkpoints/groupgat_Tc_trial_2449_best_state.pt,"{'learning_rate': 0.0009330850687881894, 'lr_reduce': 0.6}",TPESampler,COMPLETE
2450,0.037104036659002304,2025-04-27 01:30:04.647695,2025-04-27 01:31:54.515649,0 days 00:01:49.867954,0.04429205801718168,192,4,1,32,0.270122206800144,144,2,4,112,0.07550633025259125,112,4,2,32,0.14088679960968498,288,160.0,32.0,3,2,0.00032233534049217524,0.6,/work3/arnaou/checkpoints/groupgat_Tc_trial_2450_best_state.pt,"{'learning_rate': 0.00032233534049217524, 'lr_reduce': 0.6}",TPESampler,COMPLETE
2451,0.015430215746164322,2025-04-27 01:31:14.708178,2025-04-27 01:33:12.807255,0 days 00:01:58.099077,0.06450065187659783,256,4,3,128,0.28039659604576084,208,2,1,128,0.23623463160676592,64,3,2,96,0.14538594428301532,144,112.0,,2,2,0.0006535006824501361,0.6,/work3/arnaou/checkpoints/groupgat_Tc_trial_2451_best_state.pt,"{'learning_rate': 0.0006535006824501361, 'lr_reduce': 0.6}",TPESampler,COMPLETE
2452,0.014926405623555183,2025-04-27 01:31:43.411260,2025-04-27 01:33:22.318047,0 days 00:01:38.906787,0.07529467563327692,256,4,4,112,0.29505296906162803,208,3,2,80,0.22497798008192071,64,3,2,128,0.08144933120007682,56,216.0,,2,2,0.001336727803132598,0.6,/work3/arnaou/checkpoints/groupgat_Tc_trial_2452_best_state.pt,"{'learning_rate': 0.001336727803132598, 'lr_reduce': 0.6}",TPESampler,COMPLETE
2453,0.0158982053399086,2025-04-27 01:31:54.850592,2025-04-27 01:33:48.890836,0 days 00:01:54.040244,0.025061946124658757,256,3,4,112,0.22615143634697002,224,1,2,80,0.13622962866630342,80,1,1,96,0.02331188934758121,56,120.0,248.0,3,2,0.0007071118797899455,0.6,/work3/arnaou/checkpoints/groupgat_Tc_trial_2453_best_state.pt,"{'learning_rate': 0.0007071118797899455, 'lr_reduce': 0.6}",TPESampler,COMPLETE
2454,0.014219115488231182,2025-04-27 01:33:13.143299,2025-04-27 01:35:14.944312,0 days 00:02:01.801013,0.026618681754416028,240,3,4,96,0.24228238452002723,240,2,1,96,0.2584419837386822,64,2,2,128,0.11853260289954587,48,160.0,,2,2,0.000833698324005714,0.6,/work3/arnaou/checkpoints/groupgat_Tc_trial_2454_best_state.pt,"{'learning_rate': 0.000833698324005714, 'lr_reduce': 0.6}",TPESampler,COMPLETE
2455,0.02097054198384285,2025-04-27 01:33:22.717849,2025-04-27 01:35:22.528850,0 days 00:01:59.811001,0.040145268459849115,128,4,4,96,0.02727823297857463,176,2,2,64,0.21048042219941213,112,2,1,128,0.14765498603945362,48,104.0,104.0,3,1,0.0003210859792826879,0.6,/work3/arnaou/checkpoints/groupgat_Tc_trial_2455_best_state.pt,"{'learning_rate': 0.0003210859792826879, 'lr_reduce': 0.6}",TPESampler,COMPLETE
2456,0.021967599168419838,2025-04-27 01:33:49.267114,2025-04-27 01:35:33.258582,0 days 00:01:43.991468,0.08155173720229769,192,4,4,96,0.2996223805869343,208,3,1,128,0.24670490964861627,64,4,2,112,0.09906888525541352,160,192.0,,2,2,0.0049955066647703415,0.6,/work3/arnaou/checkpoints/groupgat_Tc_trial_2456_best_state.pt,"{'learning_rate': 0.0049955066647703415, 'lr_reduce': 0.6}",TPESampler,COMPLETE
2457,0.04434375464916229,2025-04-27 01:35:15.291634,2025-04-27 01:37:20.912440,0 days 00:02:05.620806,0.23375068100812252,128,1,4,96,0.12842258183015515,176,2,1,64,0.25151766560973704,96,4,1,128,0.25535228117546793,40,144.0,,2,1,0.0001493276660100967,0.6,/work3/arnaou/checkpoints/groupgat_Tc_trial_2457_best_state.pt,"{'learning_rate': 0.0001493276660100967, 'lr_reduce': 0.6}",TPESampler,COMPLETE
2458,0.016033513471484184,2025-04-27 01:35:22.804385,2025-04-27 01:37:00.568124,0 days 00:01:37.763739,0.048918652827473125,240,3,3,128,0.2168985082283752,208,2,2,128,0.20076583558822314,64,3,2,96,0.05992226487569596,32,104.0,,2,2,0.0010471152191715877,0.6,/work3/arnaou/checkpoints/groupgat_Tc_trial_2458_best_state.pt,"{'learning_rate': 0.0010471152191715877, 'lr_reduce': 0.6}",TPESampler,COMPLETE
2459,0.029964875429868698,2025-04-27 01:35:33.671464,2025-04-27 01:38:07.452525,0 days 00:02:33.781061,0.04774963531027655,256,4,4,112,0.2015065322145766,192,2,1,96,0.17378272080173746,48,4,3,128,0.008869527054124825,72,,,1,2,0.0011639017511392263,0.6,/work3/arnaou/checkpoints/groupgat_Tc_trial_2459_best_state.pt,"{'learning_rate': 0.0011639017511392263, 'lr_reduce': 0.6}",TPESampler,COMPLETE
2460,0.017708493396639824,2025-04-27 01:37:00.906289,2025-04-27 01:39:06.377776,0 days 00:02:05.471487,0.025883481673585233,224,3,4,64,0.2593175816351602,224,2,2,128,0.12904609661864838,64,2,1,80,0.09437523530650563,40,152.0,,2,2,0.00041555658047588587,0.6,/work3/arnaou/checkpoints/groupgat_Tc_trial_2460_best_state.pt,"{'learning_rate': 0.00041555658047588587, 'lr_reduce': 0.6}",TPESampler,COMPLETE
2461,0.02532537840306759,2025-04-27 01:37:21.126026,2025-04-27 01:38:55.251000,0 days 00:01:34.124974,0.11967672509444577,128,2,2,32,0.04643616644966221,128,2,1,80,0.20755951285958152,128,1,1,32,0.033638114318881376,144,,,1,1,0.0016555461144014802,0.6,/work3/arnaou/checkpoints/groupgat_Tc_trial_2461_best_state.pt,"{'learning_rate': 0.0016555461144014802, 'lr_reduce': 0.6}",TPESampler,COMPLETE
2462,0.019072286784648895,2025-04-27 01:38:07.736190,2025-04-27 01:40:01.080996,0 days 00:01:53.344806,0.06679975204401181,208,3,2,32,0.29751567787382893,192,2,4,96,0.10526395869270946,96,4,1,64,0.11553121775114351,88,224.0,,2,2,0.000616729209211209,0.6,/work3/arnaou/checkpoints/groupgat_Tc_trial_2462_best_state.pt,"{'learning_rate': 0.000616729209211209, 'lr_reduce': 0.6}",TPESampler,COMPLETE
2463,0.126616969704628,2025-04-27 01:38:55.541092,2025-04-27 01:40:59.211735,0 days 00:02:03.670643,0.21622840570772905,160,1,2,128,0.19699608588130318,224,1,4,128,0.12474953149785417,80,2,4,112,0.20296150891596393,144,,,1,2,0.00010099675145065521,0.6,/work3/arnaou/checkpoints/groupgat_Tc_trial_2463_best_state.pt,"{'learning_rate': 0.00010099675145065521, 'lr_reduce': 0.6}",TPESampler,COMPLETE
2464,0.016629565507173538,2025-04-27 01:39:06.749273,2025-04-27 01:41:25.240157,0 days 00:02:18.490884,0.03211919333007118,240,3,1,48,0.25120154198248384,192,2,3,96,0.14276802670902652,128,4,1,96,0.08167170278231842,40,104.0,,2,2,0.0008650856110615521,0.6,/work3/arnaou/checkpoints/groupgat_Tc_trial_2464_best_state.pt,"{'learning_rate': 0.0008650856110615521, 'lr_reduce': 0.6}",TPESampler,COMPLETE
2465,0.018161728978157043,2025-04-27 01:40:01.388741,2025-04-27 01:41:41.412522,0 days 00:01:40.023781,0.07464662814547834,240,4,4,128,0.15046274917172847,240,2,1,128,0.21636509207809368,80,3,3,128,0.014264964804475769,64,184.0,,2,2,0.0014153077318027267,0.6,/work3/arnaou/checkpoints/groupgat_Tc_trial_2465_best_state.pt,"{'learning_rate': 0.0014153077318027267, 'lr_reduce': 0.6}",TPESampler,COMPLETE
2466,0.02294193021953106,2025-04-27 01:40:59.454736,2025-04-27 01:42:26.419302,0 days 00:01:26.964566,0.03459478767993455,176,3,2,32,0.27864300258255353,112,2,4,128,0.1638377346101017,64,4,2,32,0.16268239608209997,328,144.0,72.0,3,2,0.001309319406759378,0.6,/work3/arnaou/checkpoints/groupgat_Tc_trial_2466_best_state.pt,"{'learning_rate': 0.001309319406759378, 'lr_reduce': 0.6}",TPESampler,COMPLETE
2467,0.018978789448738098,2025-04-27 01:41:25.470428,2025-04-27 01:43:36.036380,0 days 00:02:10.565952,0.028228581840078162,208,2,3,112,0.09492221871032094,80,1,4,96,0.23278667296451136,80,2,2,32,0.16149312636595123,504,64.0,,2,1,0.00035922049061312217,0.6,/work3/arnaou/checkpoints/groupgat_Tc_trial_2467_best_state.pt,"{'learning_rate': 0.00035922049061312217, 'lr_reduce': 0.6}",TPESampler,COMPLETE
2468,0.03415357321500778,2025-04-27 01:41:41.780053,2025-04-27 01:43:58.923335,0 days 00:02:17.143282,0.24196255106253395,144,2,2,80,0.052664903481835404,176,2,4,48,0.13709747381328172,48,4,2,96,0.20636637820849793,104,,,1,1,0.0022198726185944048,0.6,/work3/arnaou/checkpoints/groupgat_Tc_trial_2468_best_state.pt,"{'learning_rate': 0.0022198726185944048, 'lr_reduce': 0.6}",TPESampler,COMPLETE
2469,0.016460154205560684,2025-04-27 01:42:26.713986,2025-04-27 01:44:52.682751,0 days 00:02:25.968765,0.0700104713669448,240,4,4,96,0.26363496341617604,224,3,1,112,0.1899951753363558,48,3,2,112,0.02237927733543018,64,112.0,,2,2,0.0003105523542416065,0.6,/work3/arnaou/checkpoints/groupgat_Tc_trial_2469_best_state.pt,"{'learning_rate': 0.0003105523542416065, 'lr_reduce': 0.6}",TPESampler,COMPLETE
2470,0.026631450280547142,2025-04-27 01:43:36.335719,2025-04-27 01:45:35.036516,0 days 00:01:58.700797,0.042584180788904885,192,4,4,32,0.10721506647476961,96,4,4,112,0.07163761509666194,48,3,1,112,0.1281450368672016,128,184.0,496.0,3,1,0.0010023559969075688,0.6,/work3/arnaou/checkpoints/groupgat_Tc_trial_2470_best_state.pt,"{'learning_rate': 0.0010023559969075688, 'lr_reduce': 0.6}",TPESampler,COMPLETE
2471,0.01708817295730114,2025-04-27 01:43:59.163083,2025-04-27 01:46:28.359545,0 days 00:02:29.196462,0.047555336338262616,256,1,4,32,0.25038428515594224,240,1,4,96,0.15813013068174492,80,4,1,96,0.11038476217039157,232,96.0,144.0,3,2,0.000836354250820948,0.6,/work3/arnaou/checkpoints/groupgat_Tc_trial_2471_best_state.pt,"{'learning_rate': 0.000836354250820948, 'lr_reduce': 0.6}",TPESampler,COMPLETE
2472,0.02411341853439808,2025-04-27 01:44:53.109844,2025-04-27 01:46:03.536962,0 days 00:01:10.427118,0.10693865431565772,240,4,4,128,0.2996691167936417,160,2,1,128,0.19585272650738803,48,3,1,64,0.014351696065565495,144,144.0,232.0,3,1,0.0023477720463092083,0.6,/work3/arnaou/checkpoints/groupgat_Tc_trial_2472_best_state.pt,"{'learning_rate': 0.0023477720463092083, 'lr_reduce': 0.6}",TPESampler,COMPLETE
2473,0.014511846005916595,2025-04-27 01:45:35.316175,2025-04-27 01:48:22.953544,0 days 00:02:47.637369,0.013972912633168199,256,4,1,32,0.27899087866332883,192,2,4,112,0.11393332598511188,96,4,2,64,0.13901247793408203,88,136.0,32.0,3,2,0.001151559138625715,0.6,/work3/arnaou/checkpoints/groupgat_Tc_trial_2473_best_state.pt,"{'learning_rate': 0.001151559138625715, 'lr_reduce': 0.6}",TPESampler,COMPLETE
2474,0.016215914860367775,2025-04-27 01:46:03.756102,2025-04-27 01:48:25.281806,0 days 00:02:21.525704,0.04170263401521039,112,3,2,32,0.2949566024051413,80,4,4,80,0.24267025492722138,48,4,1,112,0.013049994804603473,176,72.0,,2,2,0.0010606511394231548,0.6,/work3/arnaou/checkpoints/groupgat_Tc_trial_2474_best_state.pt,"{'learning_rate': 0.0010606511394231548, 'lr_reduce': 0.6}",TPESampler,COMPLETE
2475,0.01500776968896389,2025-04-27 01:46:28.587255,2025-04-27 01:48:19.981406,0 days 00:01:51.394151,0.006109509858102609,240,4,3,48,0.0047488466356655976,240,2,3,128,0.11280164124954077,128,3,1,112,0.20963744028346065,112,232.0,,2,1,0.0009250032742151111,0.6,/work3/arnaou/checkpoints/groupgat_Tc_trial_2475_best_state.pt,"{'learning_rate': 0.0009250032742151111, 'lr_reduce': 0.6}",TPESampler,COMPLETE
2476,0.024745583534240723,2025-04-27 01:48:20.215513,2025-04-27 01:50:05.038681,0 days 00:01:44.823168,0.018193811558003252,240,2,3,48,0.17635911064500165,144,2,3,80,0.11564455275123965,64,4,1,80,0.06007247574883691,80,,,1,2,0.0009436767276446543,0.6,/work3/arnaou/checkpoints/groupgat_Tc_trial_2476_best_state.pt,"{'learning_rate': 0.0009436767276446543, 'lr_reduce': 0.6}",TPESampler,COMPLETE
2477,0.02046886831521988,2025-04-27 01:48:23.239923,2025-04-27 01:49:57.085740,0 days 00:01:33.845817,0.0379479874131001,240,4,4,128,0.28005156531061975,192,2,1,128,0.2050236673398942,64,4,2,128,0.028383910689938386,160,184.0,,2,2,0.0025381111522722686,0.6,/work3/arnaou/checkpoints/groupgat_Tc_trial_2477_best_state.pt,"{'learning_rate': 0.0025381111522722686, 'lr_reduce': 0.6}",TPESampler,COMPLETE
2478,0.018025385215878487,2025-04-27 01:48:25.650150,2025-04-27 01:50:42.419057,0 days 00:02:16.768907,0.0009671646300396311,192,3,3,48,0.29475631276384645,176,2,4,112,0.17099148325513913,96,3,1,64,0.036856527027270394,80,120.0,,2,2,0.0007373184474890002,0.6,/work3/arnaou/checkpoints/groupgat_Tc_trial_2478_best_state.pt,"{'learning_rate': 0.0007373184474890002, 'lr_reduce': 0.6}",TPESampler,COMPLETE
2479,0.020828943699598312,2025-04-27 01:49:57.296587,2025-04-27 01:52:00.781188,0 days 00:02:03.484601,0.019802956433802487,192,4,3,32,0.2951721382888561,112,2,3,96,0.12683238881194991,80,4,2,32,0.18708366902808454,240,64.0,,2,2,0.0026093853068812306,0.6,/work3/arnaou/checkpoints/groupgat_Tc_trial_2479_best_state.pt,"{'learning_rate': 0.0026093853068812306, 'lr_reduce': 0.6}",TPESampler,COMPLETE
2480,0.014238926582038403,2025-04-27 01:50:05.288705,2025-04-27 01:52:21.166474,0 days 00:02:15.877769,0.038195398959340654,256,4,4,48,0.032712098650281136,176,1,3,80,0.29125524745737924,96,1,3,128,0.1587087631273994,184,160.0,,2,2,0.00023623034788641437,0.6,/work3/arnaou/checkpoints/groupgat_Tc_trial_2480_best_state.pt,"{'learning_rate': 0.00023623034788641437, 'lr_reduce': 0.6}",TPESampler,COMPLETE
2481,0.02169928327202797,2025-04-27 01:50:42.737136,2025-04-27 01:52:57.419388,0 days 00:02:14.682252,0.006501296588169503,96,1,3,64,0.24520140301611426,128,3,4,112,0.11539652676914071,96,3,4,112,0.2050338032619579,496,96.0,,2,2,0.0030530497697132796,0.6,/work3/arnaou/checkpoints/groupgat_Tc_trial_2481_best_state.pt,"{'learning_rate': 0.0030530497697132796, 'lr_reduce': 0.6}",TPESampler,COMPLETE
2482,0.01633208803832531,2025-04-27 01:52:01.013557,2025-04-27 01:54:17.422318,0 days 00:02:16.408761,0.037770041094555326,224,4,4,32,0.027689944795792572,192,1,2,96,0.28579131306097605,80,2,1,128,0.16570219371345632,32,192.0,200.0,3,2,0.0014326802545863498,0.6,/work3/arnaou/checkpoints/groupgat_Tc_trial_2482_best_state.pt,"{'learning_rate': 0.0014326802545863498, 'lr_reduce': 0.6}",TPESampler,COMPLETE
2483,0.02249733917415142,2025-04-27 01:52:21.529248,2025-04-27 01:54:36.705468,0 days 00:02:15.176220,0.0349112608358178,160,1,2,128,0.08360576967999138,96,1,4,96,0.2393531581057554,96,2,4,128,0.030165086503937552,464,128.0,,2,1,0.0006464918511081368,0.6,/work3/arnaou/checkpoints/groupgat_Tc_trial_2483_best_state.pt,"{'learning_rate': 0.0006464918511081368, 'lr_reduce': 0.6}",TPESampler,COMPLETE
2484,0.014133746735751629,2025-04-27 01:52:57.775159,2025-04-27 01:55:05.938512,0 days 00:02:08.163353,0.0074125641412063825,208,4,4,32,0.07881878983997487,256,2,2,96,0.21793928771881108,112,4,2,128,0.2063544836928819,224,64.0,240.0,3,2,0.001575957395316119,0.6,/work3/arnaou/checkpoints/groupgat_Tc_trial_2484_best_state.pt,"{'learning_rate': 0.001575957395316119, 'lr_reduce': 0.6}",TPESampler,COMPLETE
2485,0.022319050505757332,2025-04-27 01:54:17.788968,2025-04-27 01:56:13.963637,0 days 00:01:56.174669,0.08567593064209028,192,4,3,112,0.2689439789831465,192,3,1,128,0.28666434148642805,80,3,3,128,0.05561626011170514,64,152.0,,2,2,0.0004126283249123091,0.6,/work3/arnaou/checkpoints/groupgat_Tc_trial_2485_best_state.pt,"{'learning_rate': 0.0004126283249123091, 'lr_reduce': 0.6}",TPESampler,COMPLETE
2486,0.016369396820664406,2025-04-27 01:54:36.981840,2025-04-27 01:56:52.975954,0 days 00:02:15.994114,0.009038720069049145,208,2,2,48,0.292339024492672,176,2,4,80,0.17213585368135514,96,4,1,96,0.09692320181161938,40,96.0,,2,2,0.000755430738281207,0.6,/work3/arnaou/checkpoints/groupgat_Tc_trial_2486_best_state.pt,"{'learning_rate': 0.000755430738281207, 'lr_reduce': 0.6}",TPESampler,COMPLETE
2487,0.0159209743142128,2025-04-27 01:55:06.276269,2025-04-27 01:58:12.010088,0 days 00:03:05.733819,0.02736030662468814,256,4,3,80,0.26661255443527343,96,2,4,112,0.12968117145304797,96,3,2,48,0.10415159163307117,120,208.0,264.0,3,2,0.0021018776004200204,0.6,/work3/arnaou/checkpoints/groupgat_Tc_trial_2487_best_state.pt,"{'learning_rate': 0.0021018776004200204, 'lr_reduce': 0.6}",TPESampler,COMPLETE
