number,value,datetime_start,datetime_complete,duration,params_L1_dropout,params_L1_hidden_dim,params_L1_layers_atom,params_L1_layers_mol,params_L1_out_dim,params_L2_dropout,params_L2_hidden_dim,params_L2_layers_atom,params_L2_layers_mol,params_L2_out_dim,params_L3_dropout,params_L3_hidden_dim,params_L3_layers_atom,params_L3_layers_mol,params_L3_out_dim,params_final_dropout,params_mlp_dim_0,params_mlp_dim_1,params_mlp_dim_2,params_n_mlp_layers,params_num_heads,params_train_learning_rate,params_train_lr_reduce,user_attrs_best_state_dict_path,user_attrs_training_params,system_attrs_auto:sampler,state
2064,0.025368696078658104,2025-04-26 20:41:01.677212,2025-04-26 20:43:06.952360,0 days 00:02:05.275148,0.13901412387930756,224,3,3,32,0.019114592731694385,176,1,1,96,0.21053483558893005,32,3,1,96,0.22908999210101755,456,136.0,,2,1,0.004801029314526922,0.6,/work3/arnaou/checkpoints/groupgat_Tc_trial_2064_best_state.pt,"{'learning_rate': 0.004801029314526922, 'lr_reduce': 0.6}",TPESampler,COMPLETE
2065,0.014486264437437057,2025-04-26 20:41:33.989305,2025-04-26 20:45:00.494294,0 days 00:03:26.504989,0.02738807616240041,176,3,4,32,0.046310165191460126,192,4,4,48,0.261698023773348,128,3,2,128,0.20172109619505718,48,96.0,104.0,3,2,0.0006433157804945425,0.6,/work3/arnaou/checkpoints/groupgat_Tc_trial_2065_best_state.pt,"{'learning_rate': 0.0006433157804945425, 'lr_reduce': 0.6}",TPESampler,COMPLETE
2066,0.026122616603970528,2025-04-26 20:43:07.285662,2025-04-26 20:45:26.021343,0 days 00:02:18.735681,0.23399161111590627,96,1,2,48,0.009928023590910856,128,3,2,96,0.05924700491478646,64,1,4,80,0.1428027178841986,512,160.0,32.0,3,2,0.0008124238124097263,0.6,/work3/arnaou/checkpoints/groupgat_Tc_trial_2066_best_state.pt,"{'learning_rate': 0.0008124238124097263, 'lr_reduce': 0.6}",TPESampler,COMPLETE
2067,0.02434496581554413,2025-04-26 20:43:44.395050,2025-04-26 20:45:42.991587,0 days 00:01:58.596537,0.13691517390948652,176,1,2,64,0.021785643129176885,192,3,1,48,0.18359906551798422,112,1,4,32,0.2625269518194602,464,,,1,1,0.00013872528376392688,0.6,/work3/arnaou/checkpoints/groupgat_Tc_trial_2067_best_state.pt,"{'learning_rate': 0.00013872528376392688, 'lr_reduce': 0.6}",TPESampler,COMPLETE
2068,0.022040648385882378,2025-04-26 20:45:00.986387,2025-04-26 20:46:36.003674,0 days 00:01:35.017287,0.09566511031624195,96,4,2,128,0.17117629735488166,64,3,1,112,0.0191556213121713,32,4,1,48,0.16926911026731625,280,88.0,,2,2,0.002773931545616108,0.6,/work3/arnaou/checkpoints/groupgat_Tc_trial_2068_best_state.pt,"{'learning_rate': 0.002773931545616108, 'lr_reduce': 0.6}",TPESampler,COMPLETE
2069,0.02307475358247757,2025-04-26 20:45:26.312300,2025-04-26 20:47:31.906649,0 days 00:02:05.594349,0.044729592976849655,208,2,1,64,0.013063110961065855,144,3,2,64,0.26678177130424335,96,4,4,128,0.1882616710787493,264,128.0,456.0,3,1,0.001242390980679564,0.6,/work3/arnaou/checkpoints/groupgat_Tc_trial_2069_best_state.pt,"{'learning_rate': 0.001242390980679564, 'lr_reduce': 0.6}",TPESampler,COMPLETE
2070,0.016079086810350418,2025-04-26 20:45:43.497359,2025-04-26 20:47:18.747793,0 days 00:01:35.250434,0.010778104078331777,256,3,4,64,0.05217150436790724,192,1,4,128,0.2723508093688323,96,2,2,128,0.05617407601939978,40,256.0,336.0,3,2,0.0008172217473672131,0.6,/work3/arnaou/checkpoints/groupgat_Tc_trial_2070_best_state.pt,"{'learning_rate': 0.0008172217473672131, 'lr_reduce': 0.6}",TPESampler,COMPLETE
2071,0.015600704587996006,2025-04-26 20:46:36.251274,2025-04-26 20:48:17.701648,0 days 00:01:41.450374,0.03277639376101962,256,3,3,48,0.1873122794671072,208,2,3,112,0.09906437561088709,80,4,1,80,0.12115395465596705,328,184.0,120.0,3,2,0.0009556194236396251,0.6,/work3/arnaou/checkpoints/groupgat_Tc_trial_2071_best_state.pt,"{'learning_rate': 0.0009556194236396251, 'lr_reduce': 0.6}",TPESampler,COMPLETE
2072,0.02767983265221119,2025-04-26 20:47:19.312949,2025-04-26 20:49:51.667281,0 days 00:02:32.354332,0.057439555232239196,192,4,3,80,0.18830119878251025,256,3,3,128,0.2193500595034207,96,2,1,128,0.1389246350408918,72,,,1,1,0.0012118251628200375,0.6,/work3/arnaou/checkpoints/groupgat_Tc_trial_2072_best_state.pt,"{'learning_rate': 0.0012118251628200375, 'lr_reduce': 0.6}",TPESampler,COMPLETE
2073,0.02089034952223301,2025-04-26 20:47:32.277003,2025-04-26 20:49:29.421760,0 days 00:01:57.144757,0.03017764212104756,176,4,2,48,0.2878245249334043,160,4,4,112,0.1741076458361342,64,4,1,96,0.03081733566117611,272,96.0,72.0,3,2,0.0017961290054061478,0.6,/work3/arnaou/checkpoints/groupgat_Tc_trial_2073_best_state.pt,"{'learning_rate': 0.0017961290054061478, 'lr_reduce': 0.6}",TPESampler,COMPLETE
2074,0.11332336068153381,2025-04-26 20:48:17.917759,2025-04-26 20:53:54.162388,0 days 00:05:36.244629,0.13678515264045246,64,4,1,32,0.1325579093827361,256,4,2,128,0.23819532768571397,80,2,4,112,0.21135646100663133,208,,,1,2,0.008881788063344248,0.6,/work3/arnaou/checkpoints/groupgat_Tc_trial_2074_best_state.pt,"{'learning_rate': 0.008881788063344248, 'lr_reduce': 0.6}",TPESampler,COMPLETE
2075,0.03302858769893646,2025-04-26 20:49:30.052078,2025-04-26 20:51:58.094672,0 days 00:02:28.042594,0.27252059440227466,160,2,4,48,0.2014095158940182,208,1,1,96,0.21169606669884258,48,2,2,32,0.12493023477000305,376,,,1,1,0.003806044551603142,0.6,/work3/arnaou/checkpoints/groupgat_Tc_trial_2075_best_state.pt,"{'learning_rate': 0.003806044551603142, 'lr_reduce': 0.6}",TPESampler,COMPLETE
2076,0.01658661663532257,2025-04-26 20:49:51.911246,2025-04-26 20:52:11.214861,0 days 00:02:19.303615,0.007818957693284964,160,3,4,32,0.12064150093041359,240,1,4,80,0.2868219462245412,96,4,2,128,0.11078216014247955,64,144.0,400.0,3,2,0.0008578059041134024,0.6,/work3/arnaou/checkpoints/groupgat_Tc_trial_2076_best_state.pt,"{'learning_rate': 0.0008578059041134024, 'lr_reduce': 0.6}",TPESampler,COMPLETE
2077,0.04110844060778618,2025-04-26 20:51:58.413609,2025-04-26 20:54:14.942478,0 days 00:02:16.528869,0.13228964696618065,112,4,3,48,0.14687304300308948,64,1,4,128,0.06490250753531347,128,3,2,32,0.22424788929539183,480,96.0,,2,1,0.0011738210419568911,0.6,/work3/arnaou/checkpoints/groupgat_Tc_trial_2077_best_state.pt,"{'learning_rate': 0.0011738210419568911, 'lr_reduce': 0.6}",TPESampler,COMPLETE
2078,0.02071969211101532,2025-04-26 20:52:11.467029,2025-04-26 20:54:28.120868,0 days 00:02:16.653839,0.01825334588421942,112,3,3,32,0.004605162001161511,256,3,2,80,0.26357893135744465,112,4,3,112,0.2911926046986682,200,160.0,72.0,3,2,0.0002619877471767647,0.6,/work3/arnaou/checkpoints/groupgat_Tc_trial_2078_best_state.pt,"{'learning_rate': 0.0002619877471767647, 'lr_reduce': 0.6}",TPESampler,COMPLETE
2079,0.015788830816745758,2025-04-26 20:53:54.468102,2025-04-26 20:55:54.109196,0 days 00:01:59.641094,0.02131524019595829,128,3,3,32,0.22279373769252225,112,4,4,128,0.178186591945255,48,4,1,80,0.0949847072506394,160,72.0,,2,2,0.0018924432893534294,0.6,/work3/arnaou/checkpoints/groupgat_Tc_trial_2079_best_state.pt,"{'learning_rate': 0.0018924432893534294, 'lr_reduce': 0.6}",TPESampler,COMPLETE
2080,0.017557639628648758,2025-04-26 20:54:15.245142,2025-04-26 20:57:06.657262,0 days 00:02:51.412120,0.045567026836315985,224,4,4,48,0.05193901590903087,208,3,4,80,0.1884435480309637,128,4,2,96,0.19717610138667926,32,120.0,336.0,3,2,0.0001923078856517218,0.6,/work3/arnaou/checkpoints/groupgat_Tc_trial_2080_best_state.pt,"{'learning_rate': 0.0001923078856517218, 'lr_reduce': 0.6}",TPESampler,COMPLETE
2081,0.015531103126704693,2025-04-26 20:54:28.423162,2025-04-26 20:57:43.703538,0 days 00:03:15.280376,0.005236978765792262,208,4,4,32,0.05964650268273461,208,1,4,112,0.23022972609803463,112,1,2,128,0.1584367659103914,72,208.0,,2,1,0.0007614595576073562,0.6,/work3/arnaou/checkpoints/groupgat_Tc_trial_2081_best_state.pt,"{'learning_rate': 0.0007614595576073562, 'lr_reduce': 0.6}",TPESampler,COMPLETE
2082,0.016612116247415543,2025-04-26 20:55:54.460400,2025-04-26 20:57:51.071487,0 days 00:01:56.611087,0.10440070720627972,96,3,4,48,0.1900049795158349,208,4,4,128,0.08956799350421904,64,4,1,128,0.0816274383174961,464,128.0,32.0,3,2,0.0018307353843394075,0.6,/work3/arnaou/checkpoints/groupgat_Tc_trial_2082_best_state.pt,"{'learning_rate': 0.0018307353843394075, 'lr_reduce': 0.6}",TPESampler,COMPLETE
2083,0.019039563834667206,2025-04-26 20:57:06.970607,2025-04-26 20:58:47.888433,0 days 00:01:40.917826,0.01482837484435665,240,4,3,48,0.03470587505080503,160,2,2,112,0.2625330506140764,128,1,1,96,0.25769513991542753,32,72.0,120.0,3,1,0.0012186863437054964,0.6,/work3/arnaou/checkpoints/groupgat_Tc_trial_2083_best_state.pt,"{'learning_rate': 0.0012186863437054964, 'lr_reduce': 0.6}",TPESampler,COMPLETE
2084,0.024166289716959,2025-04-26 20:57:43.974371,2025-04-26 20:59:15.989601,0 days 00:01:32.015230,0.07588533429493108,160,4,4,96,0.2765263710459963,240,2,2,128,0.090389397555722,112,2,1,80,0.08490692700075801,40,176.0,,2,1,0.003108066221694004,0.6,/work3/arnaou/checkpoints/groupgat_Tc_trial_2084_best_state.pt,"{'learning_rate': 0.003108066221694004, 'lr_reduce': 0.6}",TPESampler,COMPLETE
2085,0.01660817675292492,2025-04-26 20:57:51.416372,2025-04-26 20:59:54.655559,0 days 00:02:03.239187,0.08578216030516474,208,2,4,48,0.13442704745286682,160,2,4,80,0.2781817488467613,112,4,1,112,0.1950910961788834,56,104.0,72.0,3,2,0.0006056803090231204,0.6,/work3/arnaou/checkpoints/groupgat_Tc_trial_2085_best_state.pt,"{'learning_rate': 0.0006056803090231204, 'lr_reduce': 0.6}",TPESampler,COMPLETE
2086,0.053494349122047424,2025-04-26 20:58:48.108952,2025-04-26 21:01:35.070265,0 days 00:02:46.961313,0.057463619051890506,208,3,4,32,0.14282693382626718,208,3,4,64,0.21768930727548416,128,4,1,112,0.2557527558510633,128,512.0,312.0,3,2,0.000435621234540134,0.6,/work3/arnaou/checkpoints/groupgat_Tc_trial_2086_best_state.pt,"{'learning_rate': 0.000435621234540134, 'lr_reduce': 0.6}",TPESampler,COMPLETE
2087,0.02060885727405548,2025-04-26 20:59:16.260046,2025-04-26 21:01:08.296822,0 days 00:01:52.036776,0.004628144571530629,160,1,2,64,0.053817341561283476,64,4,1,80,0.22551173674262198,96,4,3,128,0.12480490356499543,96,144.0,360.0,3,2,0.0007094275967786217,0.6,/work3/arnaou/checkpoints/groupgat_Tc_trial_2087_best_state.pt,"{'learning_rate': 0.0007094275967786217, 'lr_reduce': 0.6}",TPESampler,COMPLETE
2088,0.01348399743437767,2025-04-26 20:59:55.012012,2025-04-26 21:02:46.052099,0 days 00:02:51.040087,0.009614060982897313,240,4,4,64,0.03906859226019552,256,1,3,112,0.1476210980368512,64,1,3,128,0.07618024571420845,56,64.0,,2,1,0.00036969465200072186,0.6,/work3/arnaou/checkpoints/groupgat_Tc_trial_2088_best_state.pt,"{'learning_rate': 0.00036969465200072186, 'lr_reduce': 0.6}",TPESampler,COMPLETE
2089,0.022550666704773903,2025-04-26 21:01:08.729079,2025-04-26 21:02:52.218446,0 days 00:01:43.489367,0.033478111016517605,160,1,1,96,0.02859030257731851,80,2,3,80,0.2726157476314183,128,3,2,128,0.2014584117758479,208,104.0,304.0,3,2,0.0014480695465087306,0.6,/work3/arnaou/checkpoints/groupgat_Tc_trial_2089_best_state.pt,"{'learning_rate': 0.0014480695465087306, 'lr_reduce': 0.6}",TPESampler,COMPLETE
2090,0.019191749393939972,2025-04-26 21:01:35.360040,2025-04-26 21:04:55.166841,0 days 00:03:19.806801,0.022849247781695857,192,4,4,96,0.09393165984864771,160,1,4,80,0.06445097055275724,80,4,1,128,0.1746457460408341,80,168.0,,2,2,0.0032014077963578432,0.6,/work3/arnaou/checkpoints/groupgat_Tc_trial_2090_best_state.pt,"{'learning_rate': 0.0032014077963578432, 'lr_reduce': 0.6}",TPESampler,COMPLETE
2091,0.026695234701037407,2025-04-26 21:02:46.307361,2025-04-26 21:04:35.927371,0 days 00:01:49.620010,0.15006904291863696,112,2,2,112,0.019220720509668415,176,4,1,80,0.07539873700993578,32,2,4,64,0.09399638086270765,248,,,1,1,0.0045206796510277505,0.6,/work3/arnaou/checkpoints/groupgat_Tc_trial_2091_best_state.pt,"{'learning_rate': 0.0045206796510277505, 'lr_reduce': 0.6}",TPESampler,COMPLETE
2092,0.03547438606619835,2025-04-26 21:02:52.543160,2025-04-26 21:05:06.763168,0 days 00:02:14.220008,0.18315182740502955,208,3,2,80,0.003473351535049879,80,1,1,48,0.06155061822024124,48,2,3,112,0.033850469611120065,184,216.0,,2,1,0.008226039510241596,0.6,/work3/arnaou/checkpoints/groupgat_Tc_trial_2092_best_state.pt,"{'learning_rate': 0.008226039510241596, 'lr_reduce': 0.6}",TPESampler,COMPLETE
2093,0.01710827834904194,2025-04-26 21:04:36.165180,2025-04-26 21:07:07.335969,0 days 00:02:31.170789,0.028520761358055056,240,3,3,64,0.1284290077548741,192,1,3,112,0.26146669506475356,128,2,2,64,0.2565217344480134,48,64.0,144.0,3,2,0.0005319697521701347,0.6,/work3/arnaou/checkpoints/groupgat_Tc_trial_2093_best_state.pt,"{'learning_rate': 0.0005319697521701347, 'lr_reduce': 0.6}",TPESampler,COMPLETE
2094,0.016491729766130447,2025-04-26 21:04:55.537129,2025-04-26 21:07:26.238755,0 days 00:02:30.701626,0.040093423903191955,112,2,1,48,0.28640944962021153,176,4,4,96,0.2504632962641441,64,4,1,80,0.007671530131162125,64,128.0,72.0,3,2,0.001835750751620871,0.6,/work3/arnaou/checkpoints/groupgat_Tc_trial_2094_best_state.pt,"{'learning_rate': 0.001835750751620871, 'lr_reduce': 0.6}",TPESampler,COMPLETE
2095,0.015888165682554245,2025-04-26 21:05:07.154009,2025-04-26 21:06:58.159630,0 days 00:01:51.005621,0.02275604510211098,128,3,4,128,0.07923964526829512,80,1,2,112,0.25036872237612884,96,4,2,112,0.21835246112376264,72,96.0,416.0,3,2,0.002576978741023339,0.6,/work3/arnaou/checkpoints/groupgat_Tc_trial_2095_best_state.pt,"{'learning_rate': 0.002576978741023339, 'lr_reduce': 0.6}",TPESampler,COMPLETE
2096,0.02131545916199684,2025-04-26 21:06:58.462338,2025-04-26 21:09:11.861774,0 days 00:02:13.399436,0.07741673588423628,208,3,3,48,0.02254928443989123,208,2,4,80,0.24229181668045266,112,4,1,112,0.19401070288686084,56,136.0,,2,1,0.0004955837641248992,0.6,/work3/arnaou/checkpoints/groupgat_Tc_trial_2096_best_state.pt,"{'learning_rate': 0.0004955837641248992, 'lr_reduce': 0.6}",TPESampler,COMPLETE
2097,0.014718960970640182,2025-04-26 21:07:08.010608,2025-04-26 21:10:22.584275,0 days 00:03:14.573667,0.007686421450210614,208,3,4,32,0.007099037043947126,192,2,4,64,0.2756205558508514,112,3,1,128,0.23604862375168906,56,176.0,104.0,3,2,0.0002807189599084509,0.6,/work3/arnaou/checkpoints/groupgat_Tc_trial_2097_best_state.pt,"{'learning_rate': 0.0002807189599084509, 'lr_reduce': 0.6}",TPESampler,COMPLETE
2098,0.013652588240802288,2025-04-26 21:07:26.534912,2025-04-26 21:11:00.155747,0 days 00:03:33.620835,0.04175425329240455,224,4,4,48,0.03104983311178712,208,3,2,64,0.24141123587188157,80,4,1,128,0.18468083233617816,176,464.0,32.0,3,2,0.0008475218619980815,0.6,/work3/arnaou/checkpoints/groupgat_Tc_trial_2098_best_state.pt,"{'learning_rate': 0.0008475218619980815, 'lr_reduce': 0.6}",TPESampler,COMPLETE
2099,0.018888596445322037,2025-04-26 21:09:12.079006,2025-04-26 21:11:18.870704,0 days 00:02:06.791698,0.11816894100126597,176,3,4,32,0.07023695854712567,160,3,4,96,0.22207418397964002,128,4,1,112,0.11072809908164369,40,64.0,,2,2,0.0005566302625043185,0.6,/work3/arnaou/checkpoints/groupgat_Tc_trial_2099_best_state.pt,"{'learning_rate': 0.0005566302625043185, 'lr_reduce': 0.6}",TPESampler,COMPLETE
2100,0.02088092267513275,2025-04-26 21:10:22.834291,2025-04-26 21:12:19.746747,0 days 00:01:56.912456,0.09021920129659736,176,4,4,80,0.16650506672764553,192,1,1,96,0.16565623234241572,80,2,2,96,0.02567156424018798,80,128.0,,2,2,0.0013443284075446678,0.6,/work3/arnaou/checkpoints/groupgat_Tc_trial_2100_best_state.pt,"{'learning_rate': 0.0013443284075446678, 'lr_reduce': 0.6}",TPESampler,COMPLETE
2101,0.016535582020878792,2025-04-26 21:11:00.407888,2025-04-26 21:13:57.574834,0 days 00:02:57.166946,0.005394729421591703,96,3,2,48,0.2953900568733139,160,4,4,96,0.2486707461301108,80,4,3,96,0.06833498445245897,200,96.0,,2,2,0.0032913748010230015,0.6,/work3/arnaou/checkpoints/groupgat_Tc_trial_2101_best_state.pt,"{'learning_rate': 0.0032913748010230015, 'lr_reduce': 0.6}",TPESampler,COMPLETE
2102,0.017546480521559715,2025-04-26 21:11:19.262844,2025-04-26 21:13:33.763649,0 days 00:02:14.500805,0.04632013108604999,208,3,4,48,0.047504429144532075,192,2,2,112,0.28390906416727485,128,4,1,128,0.16905769623938877,72,160.0,304.0,3,2,0.0008186666159866646,0.6,/work3/arnaou/checkpoints/groupgat_Tc_trial_2102_best_state.pt,"{'learning_rate': 0.0008186666159866646, 'lr_reduce': 0.6}",TPESampler,COMPLETE
2103,0.011955487541854382,2025-04-26 21:12:20.042750,2025-04-26 21:15:00.741003,0 days 00:02:40.698253,0.003107644767549769,160,4,4,96,0.06465691948024233,144,1,2,96,0.22794117796757996,112,3,2,128,0.12759708420416435,72,96.0,296.0,3,2,0.0004140510738361826,0.6,/work3/arnaou/checkpoints/groupgat_Tc_trial_2103_best_state.pt,"{'learning_rate': 0.0004140510738361826, 'lr_reduce': 0.6}",TPESampler,COMPLETE
2104,0.6430719494819641,2025-04-26 21:13:34.170552,2025-04-26 21:13:54.845338,0 days 00:00:20.674786,0.12280150399146286,128,4,1,64,0.032132621309673884,256,3,4,128,0.056969801058957076,80,1,4,32,0.19614467534100416,504,64.0,,2,1,0.004995198520437075,0.6,/work3/arnaou/checkpoints/groupgat_Tc_trial_2104_best_state.pt,"{'learning_rate': 0.004995198520437075, 'lr_reduce': 0.6}",TPESampler,COMPLETE
2105,0.01460080873221159,2025-04-26 21:13:55.082414,2025-04-26 21:16:01.809715,0 days 00:02:06.727301,0.039994899519377174,240,4,4,32,0.009035051950331,256,1,4,128,0.21665407314411392,128,1,2,112,0.29755151841062,32,216.0,64.0,3,2,0.00111678979098628,0.6,/work3/arnaou/checkpoints/groupgat_Tc_trial_2105_best_state.pt,"{'learning_rate': 0.00111678979098628, 'lr_reduce': 0.6}",TPESampler,COMPLETE
2106,0.05836096778512001,2025-04-26 21:13:57.823418,2025-04-26 21:17:04.693530,0 days 00:03:06.870112,0.09422025311271989,144,2,2,96,0.21134545013973566,144,1,2,80,0.23161567516019677,48,3,3,80,0.24814631655188282,400,,,1,1,0.004798613882502,0.6,/work3/arnaou/checkpoints/groupgat_Tc_trial_2106_best_state.pt,"{'learning_rate': 0.004798613882502, 'lr_reduce': 0.6}",TPESampler,COMPLETE
2107,0.015950646251440048,2025-04-26 21:15:01.023033,2025-04-26 21:17:45.947433,0 days 00:02:44.924400,0.05963843778112969,192,4,4,80,0.00908798376884972,112,1,1,80,0.24435687193773845,80,4,2,128,0.11237943633939762,72,136.0,320.0,3,2,0.0005460618862455603,0.6,/work3/arnaou/checkpoints/groupgat_Tc_trial_2107_best_state.pt,"{'learning_rate': 0.0005460618862455603, 'lr_reduce': 0.6}",TPESampler,COMPLETE
2108,0.016120197251439095,2025-04-26 21:16:02.135073,2025-04-26 21:18:47.262989,0 days 00:02:45.127916,0.01231710508300073,240,3,4,96,0.12010896338498886,128,1,2,96,0.1956464724480131,128,2,2,128,0.18797368130126355,48,120.0,352.0,3,2,0.00044102602887036597,0.6,/work3/arnaou/checkpoints/groupgat_Tc_trial_2108_best_state.pt,"{'learning_rate': 0.00044102602887036597, 'lr_reduce': 0.6}",TPESampler,COMPLETE
2109,0.024939721450209618,2025-04-26 21:17:05.021829,2025-04-26 21:19:26.289230,0 days 00:02:21.267401,0.004617093274305723,144,1,2,64,0.11583123860768865,64,4,2,64,0.29712913988085743,128,4,4,128,0.09183080183518143,504,144.0,304.0,3,2,0.00030851014645254834,0.6,/work3/arnaou/checkpoints/groupgat_Tc_trial_2109_best_state.pt,"{'learning_rate': 0.00030851014645254834, 'lr_reduce': 0.6}",TPESampler,COMPLETE
2110,0.017604755237698555,2025-04-26 21:17:46.386931,2025-04-26 21:20:03.284759,0 days 00:02:16.897828,0.010936017368244857,176,4,4,96,0.08346650889010925,144,1,2,64,0.2049926079081629,80,3,1,112,0.13503146891506998,200,128.0,,2,2,0.0005013786027499426,0.6,/work3/arnaou/checkpoints/groupgat_Tc_trial_2110_best_state.pt,"{'learning_rate': 0.0005013786027499426, 'lr_reduce': 0.6}",TPESampler,COMPLETE
2111,0.0340849794447422,2025-04-26 21:18:47.474422,2025-04-26 21:22:19.159164,0 days 00:03:31.684742,0.021845937350682132,112,2,2,32,0.05831934319523903,144,2,2,32,0.039908832837826355,32,4,1,64,0.03555611202087902,464,152.0,,2,2,0.006341209043796133,0.6,/work3/arnaou/checkpoints/groupgat_Tc_trial_2111_best_state.pt,"{'learning_rate': 0.006341209043796133, 'lr_reduce': 0.6}",TPESampler,COMPLETE
2112,0.01706123538315296,2025-04-26 21:19:26.634151,2025-04-26 21:21:38.210951,0 days 00:02:11.576800,0.049447975759589674,192,4,3,128,0.025786907962466014,144,3,1,128,0.1817405402833385,96,2,3,128,0.09431123596059046,224,112.0,,2,2,0.0004982309999301817,0.6,/work3/arnaou/checkpoints/groupgat_Tc_trial_2112_best_state.pt,"{'learning_rate': 0.0004982309999301817, 'lr_reduce': 0.6}",TPESampler,COMPLETE
2113,0.022861924022436142,2025-04-26 21:20:03.577210,2025-04-26 21:22:12.749905,0 days 00:02:09.172695,0.06405383940941986,96,3,4,112,0.07168212422263046,176,1,2,96,0.21338616527666013,96,3,3,96,0.06607234245281804,32,176.0,272.0,3,2,0.0002882325605899254,0.6,/work3/arnaou/checkpoints/groupgat_Tc_trial_2113_best_state.pt,"{'learning_rate': 0.0002882325605899254, 'lr_reduce': 0.6}",TPESampler,COMPLETE
2114,0.01606163941323757,2025-04-26 21:21:38.501873,2025-04-26 21:23:14.470607,0 days 00:01:35.968734,0.015267283653765729,112,3,4,64,0.002229047108844265,128,2,1,96,0.2062864145924222,128,4,2,80,0.17501633302594494,56,128.0,320.0,3,2,0.0033814608859464045,0.6,/work3/arnaou/checkpoints/groupgat_Tc_trial_2114_best_state.pt,"{'learning_rate': 0.0033814608859464045, 'lr_reduce': 0.6}",TPESampler,COMPLETE
2115,0.04073864594101906,2025-04-26 21:22:13.034331,2025-04-26 21:23:59.365833,0 days 00:01:46.331502,0.07609903750830647,160,3,4,80,0.16617303634238353,240,3,4,128,0.05558630962135938,32,4,1,96,0.1268122096639204,336,120.0,296.0,3,1,0.0006703188648553244,0.6,/work3/arnaou/checkpoints/groupgat_Tc_trial_2115_best_state.pt,"{'learning_rate': 0.0006703188648553244, 'lr_reduce': 0.6}",TPESampler,COMPLETE
2116,0.018657084554433823,2025-04-26 21:22:19.388105,2025-04-26 21:24:16.132168,0 days 00:01:56.744063,0.03209151001757638,128,4,4,128,0.11881072382470176,160,3,1,96,0.2642341340316954,96,2,2,128,0.08114414264026626,152,176.0,336.0,3,2,0.0008533920494560486,0.6,/work3/arnaou/checkpoints/groupgat_Tc_trial_2116_best_state.pt,"{'learning_rate': 0.0008533920494560486, 'lr_reduce': 0.6}",TPESampler,COMPLETE
