number,value,datetime_start,datetime_complete,duration,params_L1_dropout,params_L1_hidden_dim,params_L1_layers_atom,params_L1_layers_mol,params_L1_out_dim,params_L2_dropout,params_L2_hidden_dim,params_L2_layers_atom,params_L2_layers_mol,params_L2_out_dim,params_L3_dropout,params_L3_hidden_dim,params_L3_layers_atom,params_L3_layers_mol,params_L3_out_dim,params_final_dropout,params_mlp_dim_0,params_mlp_dim_1,params_mlp_dim_2,params_n_mlp_layers,params_num_heads,params_train_learning_rate,params_train_lr_reduce,user_attrs_best_state_dict_path,user_attrs_training_params,system_attrs_auto:sampler,state
1375,0.01652391254901886,2025-04-26 05:34:18.541625,2025-04-26 05:36:47.203401,0 days 00:02:28.661776,0.03255027878465031,256,3,3,48,0.030245142211628027,256,2,3,128,0.2229058269331228,128,3,1,112,0.12499761238284213,208,120.0,,2,2,0.0002599275184990838,0.6,/work3/arnaou/checkpoints/groupgat_Tc_trial_1375_best_state.pt,"{'learning_rate': 0.0002599275184990838, 'lr_reduce': 0.6}",TPESampler,COMPLETE
1376,0.015406548045575619,2025-04-26 05:35:56.786847,2025-04-26 05:37:36.171575,0 days 00:01:39.384728,0.009868479542676148,176,4,4,32,0.004048527808683738,176,1,3,112,0.15991274918394474,96,2,1,96,0.2468373660852598,48,96.0,32.0,3,2,0.0012029873923395198,0.6,/work3/arnaou/checkpoints/groupgat_Tc_trial_1376_best_state.pt,"{'learning_rate': 0.0012029873923395198, 'lr_reduce': 0.6}",TPESampler,COMPLETE
1377,0.01855602115392685,2025-04-26 05:36:07.384778,2025-04-26 05:38:20.958892,0 days 00:02:13.574114,0.014889700903792102,256,4,3,64,0.05041168063393283,240,2,3,96,0.1507593962895127,112,2,2,112,0.06337398444949706,40,144.0,136.0,3,2,0.0002472015203415661,0.6,/work3/arnaou/checkpoints/groupgat_Tc_trial_1377_best_state.pt,"{'learning_rate': 0.0002472015203415661, 'lr_reduce': 0.6}",TPESampler,COMPLETE
1378,0.01944797858595848,2025-04-26 05:36:47.441574,2025-04-26 05:38:52.722692,0 days 00:02:05.281118,0.03936100072570424,256,4,3,32,0.2606687275789598,176,1,4,112,0.1757114041406398,64,4,1,48,0.14847290597214816,48,200.0,208.0,3,1,0.0017627434824828319,0.6,/work3/arnaou/checkpoints/groupgat_Tc_trial_1378_best_state.pt,"{'learning_rate': 0.0017627434824828319, 'lr_reduce': 0.6}",TPESampler,COMPLETE
1379,0.023457050323486328,2025-04-26 05:37:36.489962,2025-04-26 05:39:52.228828,0 days 00:02:15.738866,0.08208285243778597,176,2,3,32,0.2884730930557564,224,2,4,112,0.08349794587994028,128,4,1,64,0.18128404011661844,144,96.0,,2,2,0.0005399521401631489,0.6,/work3/arnaou/checkpoints/groupgat_Tc_trial_1379_best_state.pt,"{'learning_rate': 0.0005399521401631489, 'lr_reduce': 0.6}",TPESampler,COMPLETE
1380,0.016480328515172005,2025-04-26 05:38:21.221915,2025-04-26 05:40:17.122165,0 days 00:01:55.900250,0.006549456769436331,192,3,4,32,0.044806551758723126,176,2,3,96,0.29608003656351317,128,4,3,112,0.23100626872009122,112,176.0,64.0,3,2,0.0009288016977618745,0.6,/work3/arnaou/checkpoints/groupgat_Tc_trial_1380_best_state.pt,"{'learning_rate': 0.0009288016977618745, 'lr_reduce': 0.6}",TPESampler,COMPLETE
1381,0.01909610442817211,2025-04-26 05:38:53.078592,2025-04-26 05:40:44.547127,0 days 00:01:51.468535,0.08116915423746345,240,4,4,48,0.041095195392909394,176,1,3,128,0.18130334044232305,112,2,2,128,0.19416865640884073,88,96.0,,2,2,0.0008170608031951051,0.6,/work3/arnaou/checkpoints/groupgat_Tc_trial_1381_best_state.pt,"{'learning_rate': 0.0008170608031951051, 'lr_reduce': 0.6}",TPESampler,COMPLETE
1382,0.01416124776005745,2025-04-26 05:39:52.471896,2025-04-26 05:42:02.557712,0 days 00:02:10.085816,0.03140525080140984,224,3,4,48,0.047368975029031896,208,1,3,96,0.2591297889073527,80,1,2,112,0.14975515304399406,144,128.0,112.0,3,1,0.0005017523880785679,0.6,/work3/arnaou/checkpoints/groupgat_Tc_trial_1382_best_state.pt,"{'learning_rate': 0.0005017523880785679, 'lr_reduce': 0.6}",TPESampler,COMPLETE
1383,0.01611202023923397,2025-04-26 05:40:17.387129,2025-04-26 05:42:22.162742,0 days 00:02:04.775613,0.055461145632138525,224,4,4,64,0.09252468675955561,224,1,2,96,0.27593292217454496,96,2,2,128,0.21178230395016098,184,88.0,72.0,3,2,0.002049004801725239,0.6,/work3/arnaou/checkpoints/groupgat_Tc_trial_1383_best_state.pt,"{'learning_rate': 0.002049004801725239, 'lr_reduce': 0.6}",TPESampler,COMPLETE
1384,0.04779032617807388,2025-04-26 05:40:44.826606,2025-04-26 05:44:19.507813,0 days 00:03:34.681207,0.05787652039083428,128,4,3,64,0.10038263963653232,128,1,3,96,0.19125160586027978,128,1,3,48,0.1124263677356643,440,,,1,2,0.0008771085267056096,0.6,/work3/arnaou/checkpoints/groupgat_Tc_trial_1384_best_state.pt,"{'learning_rate': 0.0008771085267056096, 'lr_reduce': 0.6}",TPESampler,COMPLETE
1385,0.013753845356404781,2025-04-26 05:42:03.042863,2025-04-26 05:44:14.859179,0 days 00:02:11.816316,0.015595937699167547,224,3,3,32,0.242928183074569,176,1,3,128,0.14159976458400397,112,4,1,64,0.27879665609851545,128,152.0,32.0,3,2,0.0008686388514339402,0.6,/work3/arnaou/checkpoints/groupgat_Tc_trial_1385_best_state.pt,"{'learning_rate': 0.0008686388514339402, 'lr_reduce': 0.6}",TPESampler,COMPLETE
1386,0.03555779531598091,2025-04-26 05:42:22.466746,2025-04-26 05:44:11.128963,0 days 00:01:48.662217,0.26855684494920296,224,3,4,96,0.1691865206826166,80,1,3,80,0.19077200339040878,96,3,1,80,0.2535816837430845,320,,,1,1,0.0004887157951224577,0.6,/work3/arnaou/checkpoints/groupgat_Tc_trial_1386_best_state.pt,"{'learning_rate': 0.0004887157951224577, 'lr_reduce': 0.6}",TPESampler,COMPLETE
1387,0.016274064779281616,2025-04-26 05:44:11.461174,2025-04-26 05:46:07.559454,0 days 00:01:56.098280,0.0052483150657188,208,4,4,48,0.050933193627599765,240,1,3,112,0.1848920945865451,128,1,2,128,0.15426541610102174,120,80.0,152.0,3,2,0.0006696621925060027,0.6,/work3/arnaou/checkpoints/groupgat_Tc_trial_1387_best_state.pt,"{'learning_rate': 0.0006696621925060027, 'lr_reduce': 0.6}",TPESampler,COMPLETE
1388,0.01874975487589836,2025-04-26 05:44:15.093095,2025-04-26 05:45:58.867460,0 days 00:01:43.774365,0.015765939108943444,96,2,2,48,0.16014984105515134,160,4,3,128,0.24271953239739477,112,4,2,112,0.13028438952769256,48,144.0,208.0,3,2,0.002198463510228339,0.6,/work3/arnaou/checkpoints/groupgat_Tc_trial_1388_best_state.pt,"{'learning_rate': 0.002198463510228339, 'lr_reduce': 0.6}",TPESampler,COMPLETE
1389,0.016217932105064392,2025-04-26 05:44:19.917700,2025-04-26 05:46:10.217270,0 days 00:01:50.299570,0.0010718244957405873,256,4,1,32,0.27665759620244523,208,1,4,112,0.028639759847859866,96,3,1,96,0.2453152759885599,136,216.0,120.0,3,2,0.0005626500780826718,0.6,/work3/arnaou/checkpoints/groupgat_Tc_trial_1389_best_state.pt,"{'learning_rate': 0.0005626500780826718, 'lr_reduce': 0.6}",TPESampler,COMPLETE
1390,0.014806162565946579,2025-04-26 05:45:59.189938,2025-04-26 05:48:04.191891,0 days 00:02:05.001953,0.01132960952095588,176,3,4,96,0.05329430311146459,80,1,4,80,0.15211421693000368,112,4,1,128,0.22591418254674597,80,88.0,72.0,3,2,0.0004640384707745278,0.6,/work3/arnaou/checkpoints/groupgat_Tc_trial_1390_best_state.pt,"{'learning_rate': 0.0004640384707745278, 'lr_reduce': 0.6}",TPESampler,COMPLETE
1391,0.013744533993303776,2025-04-26 05:46:07.858200,2025-04-26 05:48:31.502831,0 days 00:02:23.644631,0.030649028397433352,240,4,4,48,0.11129452151537397,240,1,4,128,0.28098976795943137,96,2,1,112,0.14953633373152725,32,136.0,224.0,3,2,0.0004191706089560966,0.6,/work3/arnaou/checkpoints/groupgat_Tc_trial_1391_best_state.pt,"{'learning_rate': 0.0004191706089560966, 'lr_reduce': 0.6}",TPESampler,COMPLETE
1392,0.014672101475298405,2025-04-26 05:46:10.436088,2025-04-26 05:49:12.468367,0 days 00:03:02.032279,0.0055642435231617405,256,4,4,48,0.0411125962572788,256,2,3,128,0.23334357303316522,128,2,2,80,0.28641116774776787,64,176.0,72.0,3,2,0.0003540916450497313,0.6,/work3/arnaou/checkpoints/groupgat_Tc_trial_1392_best_state.pt,"{'learning_rate': 0.0003540916450497313, 'lr_reduce': 0.6}",TPESampler,COMPLETE
1393,0.021675648167729378,2025-04-26 05:48:04.426090,2025-04-26 05:50:25.094585,0 days 00:02:20.668495,0.014988275161143712,240,3,4,32,0.07058348091184563,224,1,4,80,0.2848318827592468,96,1,2,112,0.1886078259702133,80,80.0,,2,2,0.003089569298159388,0.6,/work3/arnaou/checkpoints/groupgat_Tc_trial_1393_best_state.pt,"{'learning_rate': 0.003089569298159388, 'lr_reduce': 0.6}",TPESampler,COMPLETE
1394,0.018809640780091286,2025-04-26 05:48:31.809308,2025-04-26 05:51:00.091764,0 days 00:02:28.282456,0.003850099499568544,256,4,2,64,0.03384400930322557,160,1,2,96,0.1861563305114201,128,2,1,112,0.16379262454773885,216,120.0,32.0,3,2,0.001730544404981331,0.6,/work3/arnaou/checkpoints/groupgat_Tc_trial_1394_best_state.pt,"{'learning_rate': 0.001730544404981331, 'lr_reduce': 0.6}",TPESampler,COMPLETE
1395,0.014291645959019661,2025-04-26 05:49:12.831269,2025-04-26 05:52:03.435850,0 days 00:02:50.604581,0.002795844647931383,224,3,4,80,0.016354965947574317,224,1,4,112,0.19680007466261237,48,2,2,96,0.1583755044833943,80,80.0,152.0,3,2,0.0012221404536298134,0.6,/work3/arnaou/checkpoints/groupgat_Tc_trial_1395_best_state.pt,"{'learning_rate': 0.0012221404536298134, 'lr_reduce': 0.6}",TPESampler,COMPLETE
1396,0.0187904704362154,2025-04-26 05:50:25.413175,2025-04-26 05:52:25.816455,0 days 00:02:00.403280,0.0020615017778122385,192,4,4,32,0.1061274918562389,96,3,4,96,0.29360956428482154,80,4,1,112,0.1949149159702101,320,176.0,112.0,3,2,0.0006361331422608307,0.6,/work3/arnaou/checkpoints/groupgat_Tc_trial_1396_best_state.pt,"{'learning_rate': 0.0006361331422608307, 'lr_reduce': 0.6}",TPESampler,COMPLETE
1397,0.01493082009255886,2025-04-26 05:51:00.325665,2025-04-26 05:52:31.261147,0 days 00:01:30.935482,0.04141174583741464,224,4,4,80,0.2583154132000438,256,1,2,128,0.16359459581287808,96,3,2,112,0.010442196563274497,40,128.0,,2,1,0.0015986793445756178,0.6,/work3/arnaou/checkpoints/groupgat_Tc_trial_1397_best_state.pt,"{'learning_rate': 0.0015986793445756178, 'lr_reduce': 0.6}",TPESampler,COMPLETE
1398,0.016097046434879303,2025-04-26 05:52:03.712860,2025-04-26 05:54:53.365491,0 days 00:02:49.652631,0.005964886901886585,208,4,4,32,0.03377293835801214,208,1,3,96,0.22257136440104106,96,1,2,112,0.20806530559583644,56,72.0,200.0,3,2,0.0012609757154176807,0.6,/work3/arnaou/checkpoints/groupgat_Tc_trial_1398_best_state.pt,"{'learning_rate': 0.0012609757154176807, 'lr_reduce': 0.6}",TPESampler,COMPLETE
1399,0.017082123085856438,2025-04-26 05:52:26.048005,2025-04-26 05:54:54.670049,0 days 00:02:28.622044,0.019407829954465404,256,4,4,48,0.08312383833159386,176,1,3,128,0.1890149171785024,128,2,1,96,0.09538176851827695,96,120.0,72.0,3,2,0.00024599426571141205,0.6,/work3/arnaou/checkpoints/groupgat_Tc_trial_1399_best_state.pt,"{'learning_rate': 0.00024599426571141205, 'lr_reduce': 0.6}",TPESampler,COMPLETE
1400,0.014204048551619053,2025-04-26 05:52:31.497713,2025-04-26 05:54:25.389708,0 days 00:01:53.891995,0.012353814360219983,256,3,2,48,0.17268398139956917,144,3,3,80,0.12308546984740201,80,4,1,64,0.1597282480065962,120,176.0,232.0,3,2,0.0006952439476479892,0.6,/work3/arnaou/checkpoints/groupgat_Tc_trial_1400_best_state.pt,"{'learning_rate': 0.0006952439476479892, 'lr_reduce': 0.6}",TPESampler,COMPLETE
1401,0.015242764726281166,2025-04-26 05:54:25.665039,2025-04-26 05:56:21.990567,0 days 00:01:56.325528,0.08512248531775436,224,4,4,48,0.10173515341463478,208,1,3,128,0.2606860209079047,96,2,2,80,0.17519098788444026,152,72.0,32.0,3,2,0.0003957425612629111,0.6,/work3/arnaou/checkpoints/groupgat_Tc_trial_1401_best_state.pt,"{'learning_rate': 0.0003957425612629111, 'lr_reduce': 0.6}",TPESampler,COMPLETE
1402,0.017625579610466957,2025-04-26 05:54:53.605276,2025-04-26 05:56:35.960016,0 days 00:01:42.354740,0.07823248281149803,224,4,2,64,0.0420132778152059,208,1,3,128,0.23462717589648796,128,2,1,96,0.1556501934635263,104,136.0,160.0,3,2,0.0009460577855872145,0.6,/work3/arnaou/checkpoints/groupgat_Tc_trial_1402_best_state.pt,"{'learning_rate': 0.0009460577855872145, 'lr_reduce': 0.6}",TPESampler,COMPLETE
1403,0.017767973244190216,2025-04-26 05:54:54.904087,2025-04-26 05:57:29.174660,0 days 00:02:34.270573,0.03189364601852185,192,4,3,48,0.03975024269247823,208,2,2,128,0.20002476398409821,112,1,1,96,0.1522430589121933,72,256.0,96.0,3,2,0.00030216156576168556,0.6,/work3/arnaou/checkpoints/groupgat_Tc_trial_1403_best_state.pt,"{'learning_rate': 0.00030216156576168556, 'lr_reduce': 0.6}",TPESampler,COMPLETE
1404,0.018907297402620316,2025-04-26 05:56:22.259201,2025-04-26 05:57:51.740354,0 days 00:01:29.481153,0.0831250150753299,208,4,4,48,0.10893163519076936,224,1,4,128,0.284578203852965,112,1,1,128,0.2978733999957754,56,104.0,112.0,3,1,0.0006818540322959577,0.6,/work3/arnaou/checkpoints/groupgat_Tc_trial_1404_best_state.pt,"{'learning_rate': 0.0006818540322959577, 'lr_reduce': 0.6}",TPESampler,COMPLETE
1405,0.01952916570007801,2025-04-26 05:56:36.226362,2025-04-26 05:58:54.529672,0 days 00:02:18.303310,0.03338712194981887,160,3,4,64,0.0772730217438581,256,3,2,32,0.2918706331525135,80,4,3,112,0.22487748750507244,136,208.0,384.0,3,1,0.0005276006516723083,0.6,/work3/arnaou/checkpoints/groupgat_Tc_trial_1405_best_state.pt,"{'learning_rate': 0.0005276006516723083, 'lr_reduce': 0.6}",TPESampler,COMPLETE
1406,0.01739586517214775,2025-04-26 05:57:29.482700,2025-04-26 05:59:39.203053,0 days 00:02:09.720353,0.00805560516529606,128,4,4,64,0.03278635717540653,240,2,3,128,0.22718895396820982,96,1,1,128,0.10864104813715528,56,72.0,232.0,3,2,0.000498380185347447,0.6,/work3/arnaou/checkpoints/groupgat_Tc_trial_1406_best_state.pt,"{'learning_rate': 0.000498380185347447, 'lr_reduce': 0.6}",TPESampler,COMPLETE
1407,0.028460534289479256,2025-04-26 05:57:52.368611,2025-04-26 05:59:27.478063,0 days 00:01:35.109452,0.020958684047453435,112,4,4,128,0.06417455974459009,144,1,2,80,0.029668890470000583,32,4,1,64,0.23158930983113685,328,144.0,80.0,3,1,0.008371289337655791,0.6,/work3/arnaou/checkpoints/groupgat_Tc_trial_1407_best_state.pt,"{'learning_rate': 0.008371289337655791, 'lr_reduce': 0.6}",TPESampler,COMPLETE
1408,0.014013919979333878,2025-04-26 05:58:54.792490,2025-04-26 06:00:43.953120,0 days 00:01:49.160630,0.025792079548858888,256,3,4,96,0.13175564497888426,176,1,3,128,0.29858764179334607,96,3,1,112,0.17121455678806166,184,104.0,176.0,3,1,0.0004901438396780246,0.6,/work3/arnaou/checkpoints/groupgat_Tc_trial_1408_best_state.pt,"{'learning_rate': 0.0004901438396780246, 'lr_reduce': 0.6}",TPESampler,COMPLETE
1409,0.01532075833529234,2025-04-26 05:59:27.731086,2025-04-26 06:01:10.235848,0 days 00:01:42.504762,0.05231265365745452,208,4,4,48,0.21441747628495372,144,1,3,128,0.2910095998544673,96,3,1,128,0.2315251587640234,264,72.0,32.0,3,2,0.0005928443502777117,0.6,/work3/arnaou/checkpoints/groupgat_Tc_trial_1409_best_state.pt,"{'learning_rate': 0.0005928443502777117, 'lr_reduce': 0.6}",TPESampler,COMPLETE
1410,0.1617564857006073,2025-04-26 05:59:39.511735,2025-04-26 06:02:01.009438,0 days 00:02:21.497703,0.08018601942731374,96,1,3,32,0.09033768331739421,192,4,4,96,0.23890478596072867,128,4,2,128,0.13327404092635464,168,,,1,2,0.004416856624048818,0.6,/work3/arnaou/checkpoints/groupgat_Tc_trial_1410_best_state.pt,"{'learning_rate': 0.004416856624048818, 'lr_reduce': 0.6}",TPESampler,COMPLETE
1411,0.016407199203968048,2025-04-26 06:00:44.189116,2025-04-26 06:02:34.459068,0 days 00:01:50.269952,0.05214141450497935,192,4,4,80,0.06350653327908791,176,1,3,96,0.22867386692756403,80,2,2,128,0.17754754056614672,72,176.0,72.0,3,2,0.0005346925922591093,0.6,/work3/arnaou/checkpoints/groupgat_Tc_trial_1411_best_state.pt,"{'learning_rate': 0.0005346925922591093, 'lr_reduce': 0.6}",TPESampler,COMPLETE
1412,0.016420919448137283,2025-04-26 06:01:10.464176,2025-04-26 06:03:24.320871,0 days 00:02:13.856695,0.003470928103046389,80,2,2,96,0.1365383004974625,192,2,2,112,0.23762456119244696,112,1,4,128,0.11036159212058108,192,136.0,,2,1,0.0005017448046473338,0.6,/work3/arnaou/checkpoints/groupgat_Tc_trial_1412_best_state.pt,"{'learning_rate': 0.0005017448046473338, 'lr_reduce': 0.6}",TPESampler,COMPLETE
1413,0.023151744157075882,2025-04-26 06:02:01.305548,2025-04-26 06:03:36.229521,0 days 00:01:34.923973,0.22154794132417743,240,4,3,64,0.20940894763242401,240,1,1,96,0.04143788122581077,48,4,3,48,0.22929844697355073,408,104.0,,2,2,0.0006943319580501158,0.6,/work3/arnaou/checkpoints/groupgat_Tc_trial_1413_best_state.pt,"{'learning_rate': 0.0006943319580501158, 'lr_reduce': 0.6}",TPESampler,COMPLETE
1414,0.020539993420243263,2025-04-26 06:02:34.879803,2025-04-26 06:05:05.866573,0 days 00:02:30.986770,0.10075405198134389,256,3,4,32,0.03062883375393613,192,1,3,128,0.19631479505690957,112,2,2,96,0.2754743305566308,56,32.0,,2,2,0.0002476888481296909,0.6,/work3/arnaou/checkpoints/groupgat_Tc_trial_1414_best_state.pt,"{'learning_rate': 0.0002476888481296909, 'lr_reduce': 0.6}",TPESampler,COMPLETE
1415,0.02393481694161892,2025-04-26 06:03:24.547585,2025-04-26 06:05:47.609858,0 days 00:02:23.062273,0.0872703209165831,160,2,3,112,0.2585039074318277,240,2,4,48,0.13759919151368355,80,4,4,64,0.22684375964317174,120,,,1,1,0.0011806602833112046,0.6,/work3/arnaou/checkpoints/groupgat_Tc_trial_1415_best_state.pt,"{'learning_rate': 0.0011806602833112046, 'lr_reduce': 0.6}",TPESampler,COMPLETE
1416,0.013104039244353771,2025-04-26 06:03:36.519448,2025-04-26 06:06:05.690369,0 days 00:02:29.170921,0.018809144427910294,256,3,3,32,0.2528285855054995,192,2,4,112,0.16841837308750265,64,4,1,96,0.13442180651104324,224,144.0,248.0,3,2,0.0007711001982009727,0.6,/work3/arnaou/checkpoints/groupgat_Tc_trial_1416_best_state.pt,"{'learning_rate': 0.0007711001982009727, 'lr_reduce': 0.6}",TPESampler,COMPLETE
1417,0.03867578133940697,2025-04-26 06:05:06.107761,2025-04-26 06:07:16.468819,0 days 00:02:10.361058,0.2723827445898874,64,2,1,96,0.252857600334704,208,1,2,48,0.21965087621179213,96,3,2,96,0.20594150894530053,416,72.0,,2,1,0.006937338809904195,0.6,/work3/arnaou/checkpoints/groupgat_Tc_trial_1417_best_state.pt,"{'learning_rate': 0.006937338809904195, 'lr_reduce': 0.6}",TPESampler,COMPLETE
1418,0.018518267199397087,2025-04-26 06:05:48.001086,2025-04-26 06:07:50.712195,0 days 00:02:02.711109,0.0030977699130763673,160,4,4,64,0.035553582831879905,256,3,1,48,0.27890823224049294,112,4,3,80,0.24258430773077674,144,112.0,136.0,3,1,0.004388532997554148,0.6,/work3/arnaou/checkpoints/groupgat_Tc_trial_1418_best_state.pt,"{'learning_rate': 0.004388532997554148, 'lr_reduce': 0.6}",TPESampler,COMPLETE
1419,0.015173806808888912,2025-04-26 06:06:05.965739,2025-04-26 06:07:50.655139,0 days 00:01:44.689400,0.04551558524259759,224,4,2,80,0.2035203420096407,240,2,1,128,0.10248715213567808,112,2,1,112,0.08245459048190913,32,112.0,,2,1,0.000746907507858578,0.6,/work3/arnaou/checkpoints/groupgat_Tc_trial_1419_best_state.pt,"{'learning_rate': 0.000746907507858578, 'lr_reduce': 0.6}",TPESampler,COMPLETE
1420,0.01606718637049198,2025-04-26 06:07:16.788771,2025-04-26 06:09:42.329859,0 days 00:02:25.541088,0.023660801950033984,224,3,4,48,0.29684414202827014,192,2,4,128,0.13929312997641624,80,4,1,112,0.09469967154667132,456,72.0,,2,2,0.001676828934943777,0.6,/work3/arnaou/checkpoints/groupgat_Tc_trial_1420_best_state.pt,"{'learning_rate': 0.001676828934943777, 'lr_reduce': 0.6}",TPESampler,COMPLETE
1421,0.01585603691637516,2025-04-26 06:07:51.018348,2025-04-26 06:10:20.745598,0 days 00:02:29.727250,0.04366065949811877,256,3,3,32,0.2482687771077022,224,2,3,112,0.21209252721341576,64,4,1,112,0.13762443191298881,176,136.0,240.0,3,2,0.001716445282338319,0.6,/work3/arnaou/checkpoints/groupgat_Tc_trial_1421_best_state.pt,"{'learning_rate': 0.001716445282338319, 'lr_reduce': 0.6}",TPESampler,COMPLETE
1422,0.020868966355919838,2025-04-26 06:07:51.194833,2025-04-26 06:10:31.547121,0 days 00:02:40.352288,0.039376269728391824,224,3,2,32,0.11465619684663553,192,2,4,128,0.15871293197694133,48,4,1,96,0.22940736376049298,408,128.0,240.0,3,2,0.00018908232200412072,0.6,/work3/arnaou/checkpoints/groupgat_Tc_trial_1422_best_state.pt,"{'learning_rate': 0.00018908232200412072, 'lr_reduce': 0.6}",TPESampler,COMPLETE
1423,0.03986000269651413,2025-04-26 06:09:42.594340,2025-04-26 06:12:31.873666,0 days 00:02:49.279326,0.04346120498603313,144,1,4,80,0.1279190808541777,80,1,2,48,0.19781494402825198,48,1,3,112,0.174406718641176,376,96.0,248.0,3,1,0.00013645416355846543,0.6,/work3/arnaou/checkpoints/groupgat_Tc_trial_1423_best_state.pt,"{'learning_rate': 0.00013645416355846543, 'lr_reduce': 0.6}",TPESampler,COMPLETE
1424,0.019448747858405113,2025-04-26 06:10:21.020880,2025-04-26 06:12:25.511772,0 days 00:02:04.490892,0.008394096480052224,256,2,3,32,0.2813478649491259,192,2,4,64,0.14241420780996528,112,4,1,64,0.13375246951383107,128,64.0,,2,2,0.000894330247334505,0.6,/work3/arnaou/checkpoints/groupgat_Tc_trial_1424_best_state.pt,"{'learning_rate': 0.000894330247334505, 'lr_reduce': 0.6}",TPESampler,COMPLETE
1425,0.023336444050073624,2025-04-26 06:10:31.892940,2025-04-26 06:12:36.794720,0 days 00:02:04.901780,0.16379691877400882,176,1,4,128,0.08577873034235077,160,2,2,64,0.18262227846753,80,2,1,64,0.28632299762807023,472,104.0,256.0,3,1,0.0006177818800138326,0.6,/work3/arnaou/checkpoints/groupgat_Tc_trial_1425_best_state.pt,"{'learning_rate': 0.0006177818800138326, 'lr_reduce': 0.6}",TPESampler,COMPLETE
1426,0.018494343385100365,2025-04-26 06:12:25.804388,2025-04-26 06:14:33.824986,0 days 00:02:08.020598,0.01628128752422854,208,4,3,48,0.03567034010956377,224,2,2,128,0.19670342730067286,112,3,2,128,0.22276044089861477,32,32.0,232.0,3,2,0.00059217543167843,0.6,/work3/arnaou/checkpoints/groupgat_Tc_trial_1426_best_state.pt,"{'learning_rate': 0.00059217543167843, 'lr_reduce': 0.6}",TPESampler,COMPLETE
1427,0.017689302563667297,2025-04-26 06:12:32.290491,2025-04-26 06:14:53.814555,0 days 00:02:21.524064,0.10151331891321265,144,4,4,64,0.018983107568784026,144,1,3,96,0.28512585763369414,128,4,2,112,0.25677588571378174,88,152.0,208.0,3,2,0.0005629720818302149,0.6,/work3/arnaou/checkpoints/groupgat_Tc_trial_1427_best_state.pt,"{'learning_rate': 0.0005629720818302149, 'lr_reduce': 0.6}",TPESampler,COMPLETE
