number,value,datetime_start,datetime_complete,duration,params_L1_dropout,params_L1_hidden_dim,params_L1_layers_atom,params_L1_layers_mol,params_L1_out_dim,params_L2_dropout,params_L2_hidden_dim,params_L2_layers_atom,params_L2_layers_mol,params_L2_out_dim,params_L3_dropout,params_L3_hidden_dim,params_L3_layers_atom,params_L3_layers_mol,params_L3_out_dim,params_final_dropout,params_mlp_dim_0,params_mlp_dim_1,params_mlp_dim_2,params_n_mlp_layers,params_num_heads,params_train_learning_rate,params_train_lr_reduce,user_attrs_best_state_dict_path,user_attrs_training_params,system_attrs_auto:sampler,state
1059,0.019603947177529335,2025-04-26 01:48:41.644006,2025-04-26 01:51:28.399244,0 days 00:02:46.755238,0.08553444606353627,144,4,4,48,0.2608472660823034,208,1,3,112,0.18449868032697966,80,3,1,128,0.019916113046420353,72,144.0,,2,2,0.0005881898236509976,0.6,/work3/arnaou/checkpoints/groupgat_Tc_trial_1059_best_state.pt,"{'learning_rate': 0.0005881898236509976, 'lr_reduce': 0.6}",TPESampler,COMPLETE
1060,0.017616068944334984,2025-04-26 01:49:08.318134,2025-04-26 01:51:18.439411,0 days 00:02:10.121277,0.023143468895237867,208,3,4,32,0.08097554990422105,256,3,3,112,0.25077719323111647,96,4,2,128,0.21447675713334863,264,104.0,,2,2,0.0006866658945005412,0.6,/work3/arnaou/checkpoints/groupgat_Tc_trial_1060_best_state.pt,"{'learning_rate': 0.0006866658945005412, 'lr_reduce': 0.6}",TPESampler,COMPLETE
1061,0.03553113713860512,2025-04-26 01:49:31.281872,2025-04-26 01:52:33.932185,0 days 00:03:02.650313,0.02635328396480816,128,4,2,48,0.046930317065383205,160,4,3,128,0.18957893948589954,80,4,1,64,0.1848777102423238,224,200.0,64.0,3,1,0.00017338050324923983,0.6,/work3/arnaou/checkpoints/groupgat_Tc_trial_1061_best_state.pt,"{'learning_rate': 0.00017338050324923983, 'lr_reduce': 0.6}",TPESampler,COMPLETE
1062,0.020387759432196617,2025-04-26 01:51:18.802678,2025-04-26 01:53:23.821613,0 days 00:02:05.018935,0.027952344159159447,160,2,2,32,0.06889925342707852,144,4,4,128,0.21546396160064313,112,4,1,128,0.08006434282118698,56,384.0,,2,2,0.0022990686503157258,0.6,/work3/arnaou/checkpoints/groupgat_Tc_trial_1062_best_state.pt,"{'learning_rate': 0.0022990686503157258, 'lr_reduce': 0.6}",TPESampler,COMPLETE
1063,0.015093076974153519,2025-04-26 01:51:28.691935,2025-04-26 01:53:36.911054,0 days 00:02:08.219119,0.015972100929156824,224,4,4,32,0.26270438514431155,240,1,2,112,0.11694435963441058,48,3,2,64,0.005116466422693894,32,264.0,,2,2,0.00058187995862995,0.6,/work3/arnaou/checkpoints/groupgat_Tc_trial_1063_best_state.pt,"{'learning_rate': 0.00058187995862995, 'lr_reduce': 0.6}",TPESampler,COMPLETE
1064,0.013566222041845322,2025-04-26 01:52:34.782634,2025-04-26 01:54:53.071512,0 days 00:02:18.288878,0.009260860447029451,240,4,4,48,0.11536959027944535,256,1,3,128,0.29192433964635406,112,2,3,64,0.23037445090405145,168,64.0,216.0,3,2,0.00028699226798747685,0.6,/work3/arnaou/checkpoints/groupgat_Tc_trial_1064_best_state.pt,"{'learning_rate': 0.00028699226798747685, 'lr_reduce': 0.6}",TPESampler,COMPLETE
1065,0.02239837311208248,2025-04-26 01:53:24.097514,2025-04-26 01:55:18.692432,0 days 00:01:54.594918,0.015789368197741963,96,2,3,112,0.01544709216147775,64,2,2,80,0.1720445696850429,112,4,2,112,0.1670590827611616,88,112.0,32.0,3,2,0.001313171255525879,0.6,/work3/arnaou/checkpoints/groupgat_Tc_trial_1065_best_state.pt,"{'learning_rate': 0.001313171255525879, 'lr_reduce': 0.6}",TPESampler,COMPLETE
1066,0.03329293802380562,2025-04-26 01:53:37.235963,2025-04-26 01:56:27.231320,0 days 00:02:49.995357,0.04460610494517275,112,3,3,32,0.2936313375118833,256,2,3,128,0.20589059729815612,32,4,1,128,0.023317561838791856,152,,,1,2,0.002310212036894639,0.6,/work3/arnaou/checkpoints/groupgat_Tc_trial_1066_best_state.pt,"{'learning_rate': 0.002310212036894639, 'lr_reduce': 0.6}",TPESampler,COMPLETE
1067,0.04793193191289902,2025-04-26 01:54:53.291616,2025-04-26 01:57:01.742358,0 days 00:02:08.450742,0.14258723044808158,240,3,3,32,0.1887302136403257,240,2,3,128,0.27088116480932206,96,1,3,64,0.25863676438268374,40,168.0,216.0,3,2,0.00014920851559178204,0.6,/work3/arnaou/checkpoints/groupgat_Tc_trial_1067_best_state.pt,"{'learning_rate': 0.00014920851559178204, 'lr_reduce': 0.6}",TPESampler,COMPLETE
1068,0.01986595056951046,2025-04-26 01:55:18.985295,2025-04-26 01:58:03.477755,0 days 00:02:44.492460,0.02658112236589384,256,4,3,32,0.20371121106736687,256,1,3,128,0.24011290997180607,128,2,4,96,0.16788550281659675,72,344.0,,2,2,0.0001462486447508851,0.6,/work3/arnaou/checkpoints/groupgat_Tc_trial_1068_best_state.pt,"{'learning_rate': 0.0001462486447508851, 'lr_reduce': 0.6}",TPESampler,COMPLETE
1069,0.015251836739480495,2025-04-26 01:56:27.563714,2025-04-26 01:59:26.994968,0 days 00:02:59.431254,0.006151299369972123,192,3,4,112,0.03611811798472506,128,1,3,64,0.2804885611061496,80,3,2,128,0.16373656353369603,64,72.0,208.0,3,2,0.0013354329997659472,0.6,/work3/arnaou/checkpoints/groupgat_Tc_trial_1069_best_state.pt,"{'learning_rate': 0.0013354329997659472, 'lr_reduce': 0.6}",TPESampler,COMPLETE
1070,0.016362762078642845,2025-04-26 01:57:02.006846,2025-04-26 02:00:06.264668,0 days 00:03:04.257822,0.0006333060499669823,224,3,3,48,0.1159181291533174,256,3,4,128,0.2796852250950978,112,2,2,80,0.24867777459376428,152,120.0,216.0,3,2,0.00012027478545267768,0.6,/work3/arnaou/checkpoints/groupgat_Tc_trial_1070_best_state.pt,"{'learning_rate': 0.00012027478545267768, 'lr_reduce': 0.6}",TPESampler,COMPLETE
1071,0.022393885999917984,2025-04-26 01:58:04.058261,2025-04-26 02:00:49.992375,0 days 00:02:45.934114,0.050470928788026406,224,3,4,32,0.2414945335381995,240,1,2,112,0.08471005617112011,32,4,1,128,0.09893717769040455,120,376.0,,2,2,0.001552577484270985,0.6,/work3/arnaou/checkpoints/groupgat_Tc_trial_1071_best_state.pt,"{'learning_rate': 0.001552577484270985, 'lr_reduce': 0.6}",TPESampler,COMPLETE
1072,0.014719776809215546,2025-04-26 01:59:27.481131,2025-04-26 02:02:00.248718,0 days 00:02:32.767587,0.028194938280333277,256,4,4,32,0.2219402583120193,224,1,4,112,0.2849738736093983,80,2,3,80,0.2801450965746748,104,64.0,208.0,3,2,0.00032339623853046046,0.6,/work3/arnaou/checkpoints/groupgat_Tc_trial_1072_best_state.pt,"{'learning_rate': 0.00032339623853046046, 'lr_reduce': 0.6}",TPESampler,COMPLETE
1073,0.035292141139507294,2025-04-26 02:00:07.356701,2025-04-26 02:02:29.205579,0 days 00:02:21.848878,0.15503288646698407,256,4,4,64,0.2981834350318986,256,1,1,128,0.1544950165600129,64,3,1,112,0.10072711669653868,64,,,1,2,0.0003702733492163916,0.6,/work3/arnaou/checkpoints/groupgat_Tc_trial_1073_best_state.pt,"{'learning_rate': 0.0003702733492163916, 'lr_reduce': 0.6}",TPESampler,COMPLETE
1074,0.02318730019032955,2025-04-26 02:00:51.192609,2025-04-26 02:03:53.679127,0 days 00:03:02.486518,0.09726022079476916,224,3,2,32,0.10321132546107788,240,3,4,128,0.15126082508471644,48,4,2,80,0.09268713678834146,96,168.0,232.0,3,2,0.00048324849269200664,0.6,/work3/arnaou/checkpoints/groupgat_Tc_trial_1074_best_state.pt,"{'learning_rate': 0.00048324849269200664, 'lr_reduce': 0.6}",TPESampler,COMPLETE
1075,0.016184743493795395,2025-04-26 02:02:00.520439,2025-04-26 02:04:44.877692,0 days 00:02:44.357253,0.011377766653060497,224,4,4,80,0.08993640324227303,256,1,4,112,0.2648530441137947,112,2,3,48,0.2425490631216736,248,32.0,184.0,3,2,0.00020817620256759304,0.6,/work3/arnaou/checkpoints/groupgat_Tc_trial_1075_best_state.pt,"{'learning_rate': 0.00020817620256759304, 'lr_reduce': 0.6}",TPESampler,COMPLETE
1076,0.017736239358782768,2025-04-26 02:02:29.831184,2025-04-26 02:04:35.543305,0 days 00:02:05.712121,0.037122128884917664,256,2,1,32,0.26928212917751443,160,2,4,80,0.15673837361613693,96,4,2,64,0.16639000873688106,176,416.0,240.0,3,2,0.0006274881315267796,0.6,/work3/arnaou/checkpoints/groupgat_Tc_trial_1076_best_state.pt,"{'learning_rate': 0.0006274881315267796, 'lr_reduce': 0.6}",TPESampler,COMPLETE
1077,0.016367226839065552,2025-04-26 02:03:54.024621,2025-04-26 02:06:30.865703,0 days 00:02:36.841082,0.04666694599729912,256,4,3,96,0.12465372692373888,192,2,2,128,0.27604050836252114,112,3,2,112,0.28163305216615364,248,112.0,200.0,3,2,0.0002809974338705077,0.6,/work3/arnaou/checkpoints/groupgat_Tc_trial_1077_best_state.pt,"{'learning_rate': 0.0002809974338705077, 'lr_reduce': 0.6}",TPESampler,COMPLETE
1078,0.031554702669382095,2025-04-26 02:04:35.844695,2025-04-26 02:08:25.653379,0 days 00:03:49.808684,0.06896708105214298,256,4,4,80,0.15445219944807603,256,3,3,112,0.28289865315657914,80,3,3,96,0.2771358198515875,56,312.0,240.0,3,2,0.00010284565811264764,0.6,/work3/arnaou/checkpoints/groupgat_Tc_trial_1078_best_state.pt,"{'learning_rate': 0.00010284565811264764, 'lr_reduce': 0.6}",TPESampler,COMPLETE
1079,0.016546519473195076,2025-04-26 02:04:45.111875,2025-04-26 02:07:14.924187,0 days 00:02:29.812312,0.06046887820660182,240,3,4,32,0.08423761325313853,224,3,4,96,0.2730740629552552,80,3,3,64,0.2191437131716077,120,136.0,256.0,3,1,0.00021796580097221713,0.6,/work3/arnaou/checkpoints/groupgat_Tc_trial_1079_best_state.pt,"{'learning_rate': 0.00021796580097221713, 'lr_reduce': 0.6}",TPESampler,COMPLETE
1080,0.015320360660552979,2025-04-26 02:06:31.350964,2025-04-26 02:09:32.367649,0 days 00:03:01.016685,0.01315176650658145,128,4,4,64,0.25965905063107864,240,2,2,112,0.06419746355473432,112,2,1,112,0.02620646877876945,112,88.0,,2,2,0.0007905290857050213,0.6,/work3/arnaou/checkpoints/groupgat_Tc_trial_1080_best_state.pt,"{'learning_rate': 0.0007905290857050213, 'lr_reduce': 0.6}",TPESampler,COMPLETE
1081,0.026360757648944855,2025-04-26 02:07:15.161281,2025-04-26 02:09:43.371108,0 days 00:02:28.209827,0.13501889930871552,128,3,4,64,0.0441936272344379,176,3,3,96,0.24982806481383563,128,4,2,128,0.1201397201398781,176,400.0,,2,2,0.00032557194107219736,0.6,/work3/arnaou/checkpoints/groupgat_Tc_trial_1081_best_state.pt,"{'learning_rate': 0.00032557194107219736, 'lr_reduce': 0.6}",TPESampler,COMPLETE
1082,0.022744450718164444,2025-04-26 02:08:25.948152,2025-04-26 02:10:45.766519,0 days 00:02:19.818367,0.030229235175126757,256,4,4,48,0.17922935011665317,256,2,3,128,0.29269234453726845,128,1,3,64,0.25060043648659164,72,216.0,,2,2,0.00016940024316275414,0.6,/work3/arnaou/checkpoints/groupgat_Tc_trial_1082_best_state.pt,"{'learning_rate': 0.00016940024316275414, 'lr_reduce': 0.6}",TPESampler,COMPLETE
1083,0.016974249854683876,2025-04-26 02:09:32.616714,2025-04-26 02:11:21.658365,0 days 00:01:49.041651,0.021903665796652497,192,4,4,48,0.08060161870131852,128,4,4,128,0.16021446697850905,64,4,1,64,0.043108776701609015,144,160.0,176.0,3,1,0.0018896682668226037,0.6,/work3/arnaou/checkpoints/groupgat_Tc_trial_1083_best_state.pt,"{'learning_rate': 0.0018896682668226037, 'lr_reduce': 0.6}",TPESampler,COMPLETE
1084,0.03035707212984562,2025-04-26 02:09:43.849075,2025-04-26 02:12:24.621806,0 days 00:02:40.772731,0.024048709774743004,192,4,3,96,0.2472169400760489,224,1,1,96,0.1827255947555824,80,3,2,96,0.07324809601151533,168,,,1,2,0.0006946875677056837,0.6,/work3/arnaou/checkpoints/groupgat_Tc_trial_1084_best_state.pt,"{'learning_rate': 0.0006946875677056837, 'lr_reduce': 0.6}",TPESampler,COMPLETE
1085,0.015264981426298618,2025-04-26 02:10:46.244208,2025-04-26 02:12:39.517850,0 days 00:01:53.273642,0.03814450271230741,224,2,4,112,0.29066527041791795,256,1,1,112,0.14125658076418215,80,2,1,96,0.06549133205734714,72,352.0,,2,2,0.001223466325067926,0.6,/work3/arnaou/checkpoints/groupgat_Tc_trial_1085_best_state.pt,"{'learning_rate': 0.001223466325067926, 'lr_reduce': 0.6}",TPESampler,COMPLETE
1086,0.017255200073122978,2025-04-26 02:11:21.981711,2025-04-26 02:13:09.732849,0 days 00:01:47.751138,0.08158785309113052,256,4,4,64,0.09405245695843631,176,2,3,128,0.27902221127578314,112,1,1,96,0.2924495891597612,136,96.0,248.0,3,2,0.000569364873622752,0.6,/work3/arnaou/checkpoints/groupgat_Tc_trial_1086_best_state.pt,"{'learning_rate': 0.000569364873622752, 'lr_reduce': 0.6}",TPESampler,COMPLETE
1087,0.04781898483633995,2025-04-26 02:12:24.863866,2025-04-26 02:13:21.353576,0 days 00:00:56.489710,0.028342473335665447,160,4,2,32,0.2964996919634261,256,1,1,112,0.07749320792456198,96,3,1,96,0.014128257991390517,48,128.0,232.0,3,2,0.0018741737886352392,0.6,/work3/arnaou/checkpoints/groupgat_Tc_trial_1087_best_state.pt,"{'learning_rate': 0.0018741737886352392, 'lr_reduce': 0.6}",TPESampler,COMPLETE
1088,0.019336139783263206,2025-04-26 02:12:39.784676,2025-04-26 02:14:30.122327,0 days 00:01:50.337651,0.05792679577501318,256,4,4,48,0.12384593262099146,256,2,4,128,0.2972565350695839,128,1,2,112,0.28162425631469995,88,64.0,264.0,3,2,0.002321303299794699,0.6,/work3/arnaou/checkpoints/groupgat_Tc_trial_1088_best_state.pt,"{'learning_rate': 0.002321303299794699, 'lr_reduce': 0.6}",TPESampler,COMPLETE
1089,0.019002683460712433,2025-04-26 02:13:09.979624,2025-04-26 02:15:11.692302,0 days 00:02:01.712678,0.0037732311508272155,128,2,3,48,0.020823700981275194,80,3,2,80,0.2864459701680616,112,4,3,112,0.17921911220610182,216,32.0,192.0,3,2,0.0008127361717786324,0.6,/work3/arnaou/checkpoints/groupgat_Tc_trial_1089_best_state.pt,"{'learning_rate': 0.0008127361717786324, 'lr_reduce': 0.6}",TPESampler,COMPLETE
1090,0.020450377836823463,2025-04-26 02:13:21.570709,2025-04-26 02:15:02.468479,0 days 00:01:40.897770,0.02082155284899006,112,4,3,80,0.007398445184799866,112,1,3,96,0.1736194894688588,128,4,2,112,0.13547771778337997,48,352.0,,2,2,0.002164333318422497,0.6,/work3/arnaou/checkpoints/groupgat_Tc_trial_1090_best_state.pt,"{'learning_rate': 0.002164333318422497, 'lr_reduce': 0.6}",TPESampler,COMPLETE
1091,0.01672615483403206,2025-04-26 02:14:30.402488,2025-04-26 02:17:02.626511,0 days 00:02:32.224023,0.025737134725832597,256,2,4,80,0.06304564959062371,256,3,1,32,0.26211514720656465,96,2,3,128,0.23542517994163492,72,176.0,168.0,3,2,0.00023672179540730603,0.6,/work3/arnaou/checkpoints/groupgat_Tc_trial_1091_best_state.pt,"{'learning_rate': 0.00023672179540730603, 'lr_reduce': 0.6}",TPESampler,COMPLETE
1092,0.019535142928361893,2025-04-26 02:15:02.872511,2025-04-26 02:17:04.226230,0 days 00:02:01.353719,0.05863837339516892,256,3,4,64,0.2716811561442921,176,1,1,80,0.16458070869616095,32,2,2,128,0.07844885184003136,40,104.0,,2,1,0.00198828502220268,0.6,/work3/arnaou/checkpoints/groupgat_Tc_trial_1092_best_state.pt,"{'learning_rate': 0.00198828502220268, 'lr_reduce': 0.6}",TPESampler,COMPLETE
1093,0.018293634057044983,2025-04-26 02:15:12.005969,2025-04-26 02:18:04.243309,0 days 00:02:52.237340,0.001250989835888141,144,4,4,48,0.08082324132292992,224,1,3,96,0.2912067152303602,112,2,4,80,0.13367063145192637,168,408.0,,2,2,0.00022396622236984569,0.6,/work3/arnaou/checkpoints/groupgat_Tc_trial_1093_best_state.pt,"{'learning_rate': 0.00022396622236984569, 'lr_reduce': 0.6}",TPESampler,COMPLETE
1094,0.018103569746017456,2025-04-26 02:17:02.856230,2025-04-26 02:19:30.583408,0 days 00:02:27.727178,0.028319569374349842,208,2,4,80,0.18085232116218652,240,1,2,96,0.16461929107857287,48,1,2,128,0.10958334616041886,56,144.0,,2,2,0.0012982078696705654,0.6,/work3/arnaou/checkpoints/groupgat_Tc_trial_1094_best_state.pt,"{'learning_rate': 0.0012982078696705654, 'lr_reduce': 0.6}",TPESampler,COMPLETE
1095,0.0218216385692358,2025-04-26 02:17:04.486414,2025-04-26 02:18:57.925647,0 days 00:01:53.439233,0.0357162921523721,224,3,2,80,0.14713284448395325,240,3,3,112,0.16028648959146102,32,4,2,48,0.085759340945811,232,88.0,248.0,3,2,0.0019968525034491633,0.6,/work3/arnaou/checkpoints/groupgat_Tc_trial_1095_best_state.pt,"{'learning_rate': 0.0019968525034491633, 'lr_reduce': 0.6}",TPESampler,COMPLETE
1096,0.01859291084110737,2025-04-26 02:18:04.674588,2025-04-26 02:20:23.892906,0 days 00:02:19.218318,0.06559293303476978,144,3,4,32,0.28580184944684783,224,1,2,128,0.15550695939231052,48,4,2,112,0.055346026896409724,88,312.0,,2,2,0.0005110696149612223,0.6,/work3/arnaou/checkpoints/groupgat_Tc_trial_1096_best_state.pt,"{'learning_rate': 0.0005110696149612223, 'lr_reduce': 0.6}",TPESampler,COMPLETE
1097,0.01511401031166315,2025-04-26 02:18:58.244264,2025-04-26 02:21:38.533772,0 days 00:02:40.289508,0.0012106427549941692,208,4,4,32,0.16263024799558273,224,2,4,96,0.2614012008166221,128,2,3,64,0.2533144687489466,128,72.0,224.0,3,2,0.0002992505364020732,0.6,/work3/arnaou/checkpoints/groupgat_Tc_trial_1097_best_state.pt,"{'learning_rate': 0.0002992505364020732, 'lr_reduce': 0.6}",TPESampler,COMPLETE
1098,0.018721798434853554,2025-04-26 02:19:30.807954,2025-04-26 02:21:35.626490,0 days 00:02:04.818536,0.0384916148112365,208,2,3,64,0.030876765017397813,256,3,1,32,0.2786358929087783,96,3,3,112,0.15913728989818668,312,136.0,272.0,3,1,0.00022882559670628626,0.6,/work3/arnaou/checkpoints/groupgat_Tc_trial_1098_best_state.pt,"{'learning_rate': 0.00022882559670628626, 'lr_reduce': 0.6}",TPESampler,COMPLETE
1099,0.01835566572844982,2025-04-26 02:20:24.239078,2025-04-26 02:22:33.551750,0 days 00:02:09.312672,0.0444546921909144,256,4,4,80,0.13364545416419982,256,1,4,96,0.2736815815834231,80,2,4,80,0.174572040878466,72,240.0,208.0,3,2,0.0003354737698956629,0.6,/work3/arnaou/checkpoints/groupgat_Tc_trial_1099_best_state.pt,"{'learning_rate': 0.0003354737698956629, 'lr_reduce': 0.6}",TPESampler,COMPLETE
1100,0.01882803812623024,2025-04-26 02:21:36.017124,2025-04-26 02:23:46.814719,0 days 00:02:10.797595,0.05490291122583549,240,4,3,48,0.13324655170454447,256,2,3,128,0.27839283036069556,96,2,4,48,0.2929506250902939,136,376.0,264.0,3,2,0.0002955315581075469,0.6,/work3/arnaou/checkpoints/groupgat_Tc_trial_1100_best_state.pt,"{'learning_rate': 0.0002955315581075469, 'lr_reduce': 0.6}",TPESampler,COMPLETE
1101,0.015582785941660404,2025-04-26 02:21:38.757484,2025-04-26 02:25:26.607431,0 days 00:03:47.849947,0.008487996527616008,224,4,4,32,0.11415189270083351,224,1,2,128,0.2881245996852227,96,2,3,32,0.19270403265021402,152,192.0,,2,2,0.00022659334473986407,0.6,/work3/arnaou/checkpoints/groupgat_Tc_trial_1101_best_state.pt,"{'learning_rate': 0.00022659334473986407, 'lr_reduce': 0.6}",TPESampler,COMPLETE
1102,0.02217612974345684,2025-04-26 02:22:34.267584,2025-04-26 02:26:01.182362,0 days 00:03:26.914778,0.011311697534256478,112,4,4,32,0.26079952390384037,208,1,2,128,0.22582894729854652,48,3,1,96,0.0024131972593610523,32,104.0,,2,2,0.0002416706370539522,0.6,/work3/arnaou/checkpoints/groupgat_Tc_trial_1102_best_state.pt,"{'learning_rate': 0.0002416706370539522, 'lr_reduce': 0.6}",TPESampler,COMPLETE
1103,0.017139021307229996,2025-04-26 02:23:47.045782,2025-04-26 02:25:59.588196,0 days 00:02:12.542414,0.027806157257006366,144,3,4,64,0.09308093447468538,64,1,2,80,0.23584680065117755,96,4,3,128,0.20513887637914263,64,64.0,176.0,3,2,0.0008688047688738885,0.6,/work3/arnaou/checkpoints/groupgat_Tc_trial_1103_best_state.pt,"{'learning_rate': 0.0008688047688738885, 'lr_reduce': 0.6}",TPESampler,COMPLETE
1104,0.017473595216870308,2025-04-26 02:25:26.861892,2025-04-26 02:27:58.820620,0 days 00:02:31.958728,0.0029784155101136023,256,4,4,64,0.04406441173825794,224,3,3,112,0.2210719482401795,96,2,3,80,0.21099766008172963,144,416.0,256.0,3,2,0.0009406435951663223,0.6,/work3/arnaou/checkpoints/groupgat_Tc_trial_1104_best_state.pt,"{'learning_rate': 0.0009406435951663223, 'lr_reduce': 0.6}",TPESampler,COMPLETE
1105,0.01444647740572691,2025-04-26 02:26:00.035649,2025-04-26 02:28:06.455529,0 days 00:02:06.419880,0.043684301098905295,176,3,4,80,0.2640020559037698,256,2,3,128,0.19084974171268462,80,4,1,80,0.004010512389058508,64,144.0,,2,2,0.000927799435620514,0.6,/work3/arnaou/checkpoints/groupgat_Tc_trial_1105_best_state.pt,"{'learning_rate': 0.000927799435620514, 'lr_reduce': 0.6}",TPESampler,COMPLETE
1106,0.01812303066253662,2025-04-26 02:26:01.382302,2025-04-26 02:29:13.616287,0 days 00:03:12.233985,0.011666938305105342,160,3,2,32,0.19061906225564712,240,3,4,96,0.2607168349701931,32,4,1,96,0.15601269291279826,136,32.0,160.0,3,2,0.0023009620347290874,0.6,/work3/arnaou/checkpoints/groupgat_Tc_trial_1106_best_state.pt,"{'learning_rate': 0.0023009620347290874, 'lr_reduce': 0.6}",TPESampler,COMPLETE
1107,0.013769464567303658,2025-04-26 02:27:59.086535,2025-04-26 02:30:06.305640,0 days 00:02:07.219105,0.026285840096711796,256,4,4,32,0.045492332106534306,256,1,3,128,0.1770366672398745,128,1,3,80,0.15285080759909003,80,352.0,464.0,3,1,0.0005064101584750338,0.6,/work3/arnaou/checkpoints/groupgat_Tc_trial_1107_best_state.pt,"{'learning_rate': 0.0005064101584750338, 'lr_reduce': 0.6}",TPESampler,COMPLETE
1108,0.017773455008864403,2025-04-26 02:28:06.754132,2025-04-26 02:31:32.553149,0 days 00:03:25.799017,0.02346741666608908,240,3,3,48,0.11820148661494578,240,2,2,128,0.2828028868092139,128,2,3,96,0.2506096751879888,264,104.0,280.0,3,2,0.0002212016671172913,0.6,/work3/arnaou/checkpoints/groupgat_Tc_trial_1108_best_state.pt,"{'learning_rate': 0.0002212016671172913, 'lr_reduce': 0.6}",TPESampler,COMPLETE
1109,0.01830507628619671,2025-04-26 02:29:14.077964,2025-04-26 02:30:39.082611,0 days 00:01:25.004647,0.03679802122182892,240,4,4,64,0.12420441056742422,192,1,3,128,0.22075957977035643,112,3,3,48,0.24493152665814127,328,184.0,216.0,3,1,0.0009837168688538764,0.6,/work3/arnaou/checkpoints/groupgat_Tc_trial_1109_best_state.pt,"{'learning_rate': 0.0009837168688538764, 'lr_reduce': 0.6}",TPESampler,COMPLETE
1110,0.02376587502658367,2025-04-26 02:30:06.579202,2025-04-26 02:32:28.855149,0 days 00:02:22.275947,0.024023653305785583,160,4,3,64,0.2810149272724358,256,1,1,112,0.2789696349815428,64,3,2,112,0.04013400760990169,112,304.0,,2,2,0.0014735735932723487,0.6,/work3/arnaou/checkpoints/groupgat_Tc_trial_1110_best_state.pt,"{'learning_rate': 0.0014735735932723487, 'lr_reduce': 0.6}",TPESampler,COMPLETE
1111,0.017939042299985886,2025-04-26 02:30:39.328728,2025-04-26 02:32:40.719278,0 days 00:02:01.390550,0.10173489144397026,240,4,4,32,0.08162344811586289,256,2,3,128,0.17055698489469787,112,2,3,80,0.1618848788843491,64,272.0,480.0,3,1,0.0007753253466229802,0.6,/work3/arnaou/checkpoints/groupgat_Tc_trial_1111_best_state.pt,"{'learning_rate': 0.0007753253466229802, 'lr_reduce': 0.6}",TPESampler,COMPLETE
