number,value,datetime_start,datetime_complete,duration,params_L1_dropout,params_L1_hidden_dim,params_L1_layers_atom,params_L1_layers_mol,params_L1_out_dim,params_L2_dropout,params_L2_hidden_dim,params_L2_layers_atom,params_L2_layers_mol,params_L2_out_dim,params_L3_dropout,params_L3_hidden_dim,params_L3_layers_atom,params_L3_layers_mol,params_L3_out_dim,params_final_dropout,params_mlp_dim_0,params_mlp_dim_1,params_mlp_dim_2,params_n_mlp_layers,params_num_heads,params_train_learning_rate,params_train_lr_reduce,user_attrs_best_state_dict_path,user_attrs_training_params,system_attrs_auto:sampler,state
2276,0.027126839384436607,2025-04-26 23:24:16.480635,2025-04-26 23:25:39.424203,0 days 00:01:22.943568,0.2872333447127082,256,3,1,80,0.1405607510262152,144,4,4,112,0.02443488592696849,64,4,4,96,0.05281474697549167,312,120.0,,2,1,0.0019561870812513263,0.6,/work3/arnaou/checkpoints/groupgat_Tc_trial_2276_best_state.pt,"{'learning_rate': 0.0019561870812513263, 'lr_reduce': 0.6}",TPESampler,COMPLETE
2277,0.01973940245807171,2025-04-26 23:25:09.896156,2025-04-26 23:27:31.772910,0 days 00:02:21.876754,0.01140043518731607,224,3,3,32,0.061281249515383635,224,2,4,112,0.2748106346135679,128,4,1,112,0.22668652414421814,64,208.0,360.0,3,2,0.0008073811560298338,0.6,/work3/arnaou/checkpoints/groupgat_Tc_trial_2277_best_state.pt,"{'learning_rate': 0.0008073811560298338, 'lr_reduce': 0.6}",TPESampler,COMPLETE
2278,0.16139191389083862,2025-04-26 23:25:39.724158,2025-04-26 23:27:42.248784,0 days 00:02:02.524626,0.22103129840508923,176,3,2,48,0.13306738236996468,128,2,4,64,0.24374006712628188,32,1,2,96,0.013019145706113872,368,,,1,2,0.0002300599729832662,0.6,/work3/arnaou/checkpoints/groupgat_Tc_trial_2278_best_state.pt,"{'learning_rate': 0.0002300599729832662, 'lr_reduce': 0.6}",TPESampler,COMPLETE
2279,0.03749483823776245,2025-04-26 23:26:37.058765,2025-04-26 23:28:29.291082,0 days 00:01:52.232317,0.0790387417543712,176,4,3,96,0.27417592745185915,224,1,2,128,0.17935598897685098,64,1,1,112,0.10307358961931082,72,,,1,1,0.0007027217846852024,0.6,/work3/arnaou/checkpoints/groupgat_Tc_trial_2279_best_state.pt,"{'learning_rate': 0.0007027217846852024, 'lr_reduce': 0.6}",TPESampler,COMPLETE
2280,0.02217353880405426,2025-04-26 23:27:32.000868,2025-04-26 23:29:26.348953,0 days 00:01:54.348085,0.11315197579018196,144,2,4,48,0.14804004674752103,144,4,1,112,0.2495157194008813,32,2,3,112,0.09279490676352992,480,112.0,304.0,3,1,0.0025404381451486695,0.6,/work3/arnaou/checkpoints/groupgat_Tc_trial_2280_best_state.pt,"{'learning_rate': 0.0025404381451486695, 'lr_reduce': 0.6}",TPESampler,COMPLETE
2281,0.015353990718722343,2025-04-26 23:27:42.602494,2025-04-26 23:29:28.372792,0 days 00:01:45.770298,0.048551212748282675,160,4,3,48,0.05948397761276056,144,4,4,32,0.15939379432237297,48,4,3,128,0.22725539417841215,152,152.0,304.0,3,1,0.000655257075542305,0.6,/work3/arnaou/checkpoints/groupgat_Tc_trial_2281_best_state.pt,"{'learning_rate': 0.000655257075542305, 'lr_reduce': 0.6}",TPESampler,COMPLETE
2282,0.023196345195174217,2025-04-26 23:28:29.680955,2025-04-26 23:30:02.061342,0 days 00:01:32.380387,0.27516586439813184,208,3,2,48,0.10139837913653427,96,1,1,80,0.005826885316696673,96,1,3,96,0.0722026826148862,200,112.0,,2,2,0.0018315888124095534,0.6,/work3/arnaou/checkpoints/groupgat_Tc_trial_2282_best_state.pt,"{'learning_rate': 0.0018315888124095534, 'lr_reduce': 0.6}",TPESampler,COMPLETE
2283,0.04050740972161293,2025-04-26 23:29:26.616455,2025-04-26 23:31:42.910764,0 days 00:02:16.294309,0.03226959851631844,144,4,2,48,0.2657025558688448,96,1,3,128,0.09998215815642914,80,4,1,80,0.20728243108652833,304,184.0,368.0,3,2,0.00019554310817819295,0.6,/work3/arnaou/checkpoints/groupgat_Tc_trial_2283_best_state.pt,"{'learning_rate': 0.00019554310817819295, 'lr_reduce': 0.6}",TPESampler,COMPLETE
2284,0.026344751939177513,2025-04-26 23:29:28.587448,2025-04-26 23:31:01.313300,0 days 00:01:32.725852,0.12001875824175849,224,2,3,128,0.1423553902723513,112,2,3,112,0.24647536248112367,112,1,2,32,0.21691225477658532,168,272.0,,2,1,0.0029344192657408614,0.6,/work3/arnaou/checkpoints/groupgat_Tc_trial_2284_best_state.pt,"{'learning_rate': 0.0029344192657408614, 'lr_reduce': 0.6}",TPESampler,COMPLETE
2285,0.018119381740689278,2025-04-26 23:30:02.284508,2025-04-26 23:33:52.126351,0 days 00:03:49.841843,0.007049458072808229,192,4,2,48,0.23396812318758836,80,2,3,112,0.22369692381736694,128,3,2,32,0.13058594265312143,440,152.0,,2,2,0.0017457108370855909,0.6,/work3/arnaou/checkpoints/groupgat_Tc_trial_2285_best_state.pt,"{'learning_rate': 0.0017457108370855909, 'lr_reduce': 0.6}",TPESampler,COMPLETE
2286,0.024785682559013367,2025-04-26 23:31:01.789291,2025-04-26 23:33:02.207061,0 days 00:02:00.417770,0.0028247841581098,112,3,1,48,0.12000565252461072,64,2,4,128,0.08419544386126511,80,3,4,128,0.043737677142755185,272,96.0,,2,2,0.0004292024215087747,0.6,/work3/arnaou/checkpoints/groupgat_Tc_trial_2286_best_state.pt,"{'learning_rate': 0.0004292024215087747, 'lr_reduce': 0.6}",TPESampler,COMPLETE
2287,0.016609162092208862,2025-04-26 23:31:43.244352,2025-04-26 23:34:22.020755,0 days 00:02:38.776403,0.0140622200244273,176,4,4,96,0.12839730772333613,112,1,1,128,0.2958442894590885,96,2,2,128,0.14096967179389294,112,120.0,,2,2,0.0007446767402623108,0.6,/work3/arnaou/checkpoints/groupgat_Tc_trial_2287_best_state.pt,"{'learning_rate': 0.0007446767402623108, 'lr_reduce': 0.6}",TPESampler,COMPLETE
2288,0.03434509411454201,2025-04-26 23:33:02.505570,2025-04-26 23:35:25.306321,0 days 00:02:22.800751,0.22016119261483766,144,3,4,112,0.06247194332019214,256,3,4,64,0.2628719283075657,64,3,2,64,0.27974578509905024,176,,,1,2,0.000492308068676197,0.6,/work3/arnaou/checkpoints/groupgat_Tc_trial_2288_best_state.pt,"{'learning_rate': 0.000492308068676197, 'lr_reduce': 0.6}",TPESampler,COMPLETE
2289,0.13537082076072693,2025-04-26 23:33:52.456647,2025-04-26 23:35:55.641599,0 days 00:02:03.184952,0.10900323932663375,176,1,2,64,0.12932037898805168,64,3,4,96,0.2932955817028202,80,1,4,128,0.23889545376042326,512,,,1,2,0.00013266458614015416,0.6,/work3/arnaou/checkpoints/groupgat_Tc_trial_2289_best_state.pt,"{'learning_rate': 0.00013266458614015416, 'lr_reduce': 0.6}",TPESampler,COMPLETE
2290,0.023555755615234375,2025-04-26 23:34:22.297519,2025-04-26 23:35:47.089081,0 days 00:01:24.791562,0.08176449104605982,256,3,4,96,0.28960478472434087,208,3,2,128,0.23123040528680455,96,1,1,112,0.11310227089081908,48,160.0,,2,1,0.0024412256657366893,0.6,/work3/arnaou/checkpoints/groupgat_Tc_trial_2290_best_state.pt,"{'learning_rate': 0.0024412256657366893, 'lr_reduce': 0.6}",TPESampler,COMPLETE
2291,0.03391266241669655,2025-04-26 23:35:25.784218,2025-04-26 23:38:28.735752,0 days 00:03:02.951534,0.10546369986279297,208,1,3,128,4.198044483816332e-05,224,1,4,64,0.0453909617870399,112,1,3,32,0.1084820552751056,456,,,1,1,0.004297543038565733,0.6,/work3/arnaou/checkpoints/groupgat_Tc_trial_2291_best_state.pt,"{'learning_rate': 0.004297543038565733, 'lr_reduce': 0.6}",TPESampler,COMPLETE
2292,0.014772921800613403,2025-04-26 23:35:47.323588,2025-04-26 23:37:44.464486,0 days 00:01:57.140898,0.013716544492410481,224,3,4,32,0.002643637538101873,192,1,4,96,0.26919522835458326,96,1,2,112,0.11914443897052115,32,216.0,304.0,3,2,0.0007360994703356071,0.6,/work3/arnaou/checkpoints/groupgat_Tc_trial_2292_best_state.pt,"{'learning_rate': 0.0007360994703356071, 'lr_reduce': 0.6}",TPESampler,COMPLETE
2293,0.02108239009976387,2025-04-26 23:35:56.048069,2025-04-26 23:37:50.529149,0 days 00:01:54.481080,0.04803865343712648,192,4,2,48,0.2819349233118476,144,1,4,112,0.1336534854152189,96,3,2,32,0.1642019280043379,136,88.0,32.0,3,2,0.00038909351583748896,0.6,/work3/arnaou/checkpoints/groupgat_Tc_trial_2293_best_state.pt,"{'learning_rate': 0.00038909351583748896, 'lr_reduce': 0.6}",TPESampler,COMPLETE
2294,0.056342002004384995,2025-04-26 23:37:44.787139,2025-04-26 23:39:47.118384,0 days 00:02:02.331245,0.05218785544602869,64,4,3,32,0.11259052091334926,128,4,4,32,0.16561358422679154,80,4,3,112,0.1481863429125889,312,128.0,400.0,3,1,0.0008267402385209931,0.6,/work3/arnaou/checkpoints/groupgat_Tc_trial_2294_best_state.pt,"{'learning_rate': 0.0008267402385209931, 'lr_reduce': 0.6}",TPESampler,COMPLETE
2295,0.024335229769349098,2025-04-26 23:37:50.781367,2025-04-26 23:40:28.102108,0 days 00:02:37.320741,0.061830341728182546,208,3,3,32,0.2684751772276574,128,2,4,96,0.19371660152527026,80,4,2,32,0.13812997960865248,224,72.0,440.0,3,2,0.00045074968185210556,0.6,/work3/arnaou/checkpoints/groupgat_Tc_trial_2295_best_state.pt,"{'learning_rate': 0.00045074968185210556, 'lr_reduce': 0.6}",TPESampler,COMPLETE
2296,0.02016354352235794,2025-04-26 23:38:29.030948,2025-04-26 23:40:59.271455,0 days 00:02:30.240507,0.05604348587401931,256,4,3,48,0.013194197224054613,224,2,3,128,0.17523128112075861,128,1,1,96,0.24652197923947677,152,168.0,296.0,3,2,0.00044258629685667023,0.6,/work3/arnaou/checkpoints/groupgat_Tc_trial_2296_best_state.pt,"{'learning_rate': 0.00044258629685667023, 'lr_reduce': 0.6}",TPESampler,COMPLETE
2297,0.020121343433856964,2025-04-26 23:39:47.405848,2025-04-26 23:42:44.800944,0 days 00:02:57.395096,0.06614328532537167,224,3,4,112,0.22628211611342633,240,3,2,128,0.1425569785890155,80,3,3,96,0.0498189802149691,176,120.0,,2,2,0.0039334994919176984,0.6,/work3/arnaou/checkpoints/groupgat_Tc_trial_2297_best_state.pt,"{'learning_rate': 0.0039334994919176984, 'lr_reduce': 0.6}",TPESampler,COMPLETE
2298,0.01744520105421543,2025-04-26 23:40:28.470896,2025-04-26 23:42:50.628133,0 days 00:02:22.157237,0.029841582977360892,208,4,2,32,0.2274154621337781,176,3,4,96,0.14643769752483365,96,3,3,32,0.14925260126357204,264,192.0,344.0,3,2,0.0013671020308061335,0.6,/work3/arnaou/checkpoints/groupgat_Tc_trial_2298_best_state.pt,"{'learning_rate': 0.0013671020308061335, 'lr_reduce': 0.6}",TPESampler,COMPLETE
2299,0.015549302101135254,2025-04-26 23:41:02.539524,2025-04-26 23:44:12.331239,0 days 00:03:09.791715,0.028262591337973056,192,4,4,96,0.05982519751602064,176,1,1,96,0.2273633880157549,128,3,2,112,0.08952604772901931,104,96.0,64.0,3,2,0.0005442499187975273,0.6,/work3/arnaou/checkpoints/groupgat_Tc_trial_2299_best_state.pt,"{'learning_rate': 0.0005442499187975273, 'lr_reduce': 0.6}",TPESampler,COMPLETE
2300,0.02139860950410366,2025-04-26 23:42:45.315968,2025-04-26 23:45:13.683528,0 days 00:02:28.367560,0.12902005228094277,112,3,4,80,0.21789231141279292,160,4,4,112,0.006203366871948161,32,3,1,128,0.005041959329325586,336,152.0,296.0,3,2,0.002103166684061071,0.6,/work3/arnaou/checkpoints/groupgat_Tc_trial_2300_best_state.pt,"{'learning_rate': 0.002103166684061071, 'lr_reduce': 0.6}",TPESampler,COMPLETE
2301,0.014521220698952675,2025-04-26 23:42:50.949380,2025-04-26 23:45:13.257075,0 days 00:02:22.307695,0.02432468743671586,240,4,1,32,0.26063691871107453,128,2,3,96,0.13753075013123234,48,4,2,32,0.1502441483066585,352,72.0,32.0,3,2,0.0009584152572432421,0.6,/work3/arnaou/checkpoints/groupgat_Tc_trial_2301_best_state.pt,"{'learning_rate': 0.0009584152572432421, 'lr_reduce': 0.6}",TPESampler,COMPLETE
2302,0.018087033182382584,2025-04-26 23:44:12.558678,2025-04-26 23:46:54.671792,0 days 00:02:42.113114,0.004261868679367495,192,3,4,64,0.22215282376225218,208,3,4,128,0.022523448326403753,48,4,2,112,0.024161321133477014,512,120.0,352.0,3,2,0.00028343697075632057,0.6,/work3/arnaou/checkpoints/groupgat_Tc_trial_2302_best_state.pt,"{'learning_rate': 0.00028343697075632057, 'lr_reduce': 0.6}",TPESampler,COMPLETE
2303,0.021384721621870995,2025-04-26 23:45:13.571281,2025-04-26 23:48:12.371484,0 days 00:02:58.800203,0.11570529856630855,80,1,2,112,0.25372033522413917,160,4,2,80,0.1257630051641739,128,3,2,32,0.15530919476708072,136,168.0,296.0,3,1,0.005181264802824729,0.6,/work3/arnaou/checkpoints/groupgat_Tc_trial_2303_best_state.pt,"{'learning_rate': 0.005181264802824729, 'lr_reduce': 0.6}",TPESampler,COMPLETE
2304,0.016496501863002777,2025-04-26 23:45:14.039467,2025-04-26 23:47:16.470349,0 days 00:02:02.430882,0.016252798945302828,240,2,2,32,0.13860917311195797,208,2,4,112,0.13024752822825048,64,3,1,112,0.1722678351019162,152,72.0,480.0,3,2,0.001363569893592377,0.6,/work3/arnaou/checkpoints/groupgat_Tc_trial_2304_best_state.pt,"{'learning_rate': 0.001363569893592377, 'lr_reduce': 0.6}",TPESampler,COMPLETE
2305,0.016318080946803093,2025-04-26 23:46:54.924314,2025-04-26 23:48:49.477262,0 days 00:01:54.552948,0.017023110376995464,192,3,3,48,0.2543823098230253,176,2,4,128,0.056093434356364914,112,3,1,48,0.19968690231143757,224,224.0,,2,2,0.000748790059826358,0.6,/work3/arnaou/checkpoints/groupgat_Tc_trial_2305_best_state.pt,"{'learning_rate': 0.000748790059826358, 'lr_reduce': 0.6}",TPESampler,COMPLETE
2306,0.09770859032869339,2025-04-26 23:47:17.016315,2025-04-26 23:49:28.372159,0 days 00:02:11.355844,0.028454058364079115,192,4,2,48,0.25445251530481955,128,3,3,112,0.09182966703322934,112,4,2,32,0.22940947470394196,272,120.0,,2,2,0.0001982934041515054,0.6,/work3/arnaou/checkpoints/groupgat_Tc_trial_2306_best_state.pt,"{'learning_rate': 0.0001982934041515054, 'lr_reduce': 0.6}",TPESampler,COMPLETE
2307,0.015501937828958035,2025-04-26 23:48:12.709800,2025-04-26 23:50:21.883623,0 days 00:02:09.173823,0.016363091190997416,208,3,4,48,0.2903869829742745,256,1,1,112,0.12525364077354506,64,3,1,128,0.10629612555308515,152,152.0,,2,2,0.0008230549073360866,0.6,/work3/arnaou/checkpoints/groupgat_Tc_trial_2307_best_state.pt,"{'learning_rate': 0.0008230549073360866, 'lr_reduce': 0.6}",TPESampler,COMPLETE
2308,0.02549070678651333,2025-04-26 23:48:49.832056,2025-04-26 23:50:41.400535,0 days 00:01:51.568479,0.04297892934170461,96,2,2,64,0.2972665190261951,128,4,3,128,0.25595620143116316,80,4,1,80,0.0599065878582117,256,88.0,,2,2,0.0009661716774439011,0.6,/work3/arnaou/checkpoints/groupgat_Tc_trial_2308_best_state.pt,"{'learning_rate': 0.0009661716774439011, 'lr_reduce': 0.6}",TPESampler,COMPLETE
2309,0.056387852877378464,2025-04-26 23:49:28.689800,2025-04-26 23:52:10.357200,0 days 00:02:41.667400,0.01955223420794544,112,3,2,48,0.20072658240194313,128,4,4,96,0.2663307257073909,112,3,1,96,0.06602876555383166,200,184.0,72.0,3,2,0.0001981238177385462,0.6,/work3/arnaou/checkpoints/groupgat_Tc_trial_2309_best_state.pt,"{'learning_rate': 0.0001981238177385462, 'lr_reduce': 0.6}",TPESampler,COMPLETE
2310,0.0268336720764637,2025-04-26 23:50:22.148496,2025-04-26 23:52:48.425965,0 days 00:02:26.277469,0.000877026559993711,208,4,3,32,0.28725355226316895,128,2,4,80,0.16350467822500728,96,4,3,48,0.08151578971655936,304,120.0,384.0,3,2,0.00047186038740194104,0.6,/work3/arnaou/checkpoints/groupgat_Tc_trial_2310_best_state.pt,"{'learning_rate': 0.00047186038740194104, 'lr_reduce': 0.6}",TPESampler,COMPLETE
2311,0.015689939260482788,2025-04-26 23:50:41.755875,2025-04-26 23:53:29.046635,0 days 00:02:47.290760,0.0029868128252919764,224,3,3,32,0.2042534796102156,208,2,4,128,0.10492966863399406,112,4,1,64,0.14358612217109415,120,72.0,152.0,3,2,0.0002801873526091523,0.6,/work3/arnaou/checkpoints/groupgat_Tc_trial_2311_best_state.pt,"{'learning_rate': 0.0002801873526091523, 'lr_reduce': 0.6}",TPESampler,COMPLETE
2312,0.02901512384414673,2025-04-26 23:52:10.600693,2025-04-26 23:53:52.260428,0 days 00:01:41.659735,0.09876205795034096,256,1,2,96,0.2534366783073871,208,4,1,48,0.04299262239222619,80,2,2,96,0.0992676164364453,368,152.0,312.0,3,1,0.0002618014562155774,0.6,/work3/arnaou/checkpoints/groupgat_Tc_trial_2312_best_state.pt,"{'learning_rate': 0.0002618014562155774, 'lr_reduce': 0.6}",TPESampler,COMPLETE
2313,0.018906502053141594,2025-04-26 23:52:48.836295,2025-04-26 23:54:23.835972,0 days 00:01:34.999677,0.0056814243986643125,224,4,2,48,0.2374157309905092,208,2,4,96,0.21985183155100782,112,4,2,48,0.0891438185776195,104,112.0,64.0,3,2,0.0007963552018613523,0.6,/work3/arnaou/checkpoints/groupgat_Tc_trial_2313_best_state.pt,"{'learning_rate': 0.0007963552018613523, 'lr_reduce': 0.6}",TPESampler,COMPLETE
2314,0.027434591203927994,2025-04-26 23:53:29.331341,2025-04-26 23:55:37.017260,0 days 00:02:07.685919,0.07159717985050104,240,3,2,48,0.292567534925138,96,2,3,96,0.06433608259513174,80,4,2,32,0.24984661986136836,264,200.0,296.0,3,2,0.00034618303791124767,0.6,/work3/arnaou/checkpoints/groupgat_Tc_trial_2314_best_state.pt,"{'learning_rate': 0.00034618303791124767, 'lr_reduce': 0.6}",TPESampler,COMPLETE
2315,0.02860589139163494,2025-04-26 23:53:52.529990,2025-04-26 23:55:25.449448,0 days 00:01:32.919458,0.25294433244870485,128,2,3,80,0.25017806334932635,64,2,3,64,0.06454499536468142,112,2,1,64,0.17417227027490373,360,,,1,2,0.008150257230443058,0.6,/work3/arnaou/checkpoints/groupgat_Tc_trial_2315_best_state.pt,"{'learning_rate': 0.008150257230443058, 'lr_reduce': 0.6}",TPESampler,COMPLETE
2316,0.02991308644413948,2025-04-26 23:54:24.070214,2025-04-26 23:57:03.208319,0 days 00:02:39.138105,0.23449610165612422,224,1,2,48,0.06740933620997012,96,1,4,32,0.17761074566202584,48,3,2,96,0.11717599509327854,104,144.0,352.0,3,2,0.00957549526461641,0.6,/work3/arnaou/checkpoints/groupgat_Tc_trial_2316_best_state.pt,"{'learning_rate': 0.00957549526461641, 'lr_reduce': 0.6}",TPESampler,COMPLETE
2317,0.029681997373700142,2025-04-26 23:55:25.966704,2025-04-26 23:58:03.891452,0 days 00:02:37.924748,0.1692148297802604,96,4,3,32,0.0906757484400144,112,4,4,48,0.1362596399620178,80,2,1,48,0.258102032732489,72,72.0,,2,2,0.0012501811487679196,0.6,/work3/arnaou/checkpoints/groupgat_Tc_trial_2317_best_state.pt,"{'learning_rate': 0.0012501811487679196, 'lr_reduce': 0.6}",TPESampler,COMPLETE
2318,0.022239016368985176,2025-04-26 23:55:37.345910,2025-04-26 23:58:05.822930,0 days 00:02:28.477020,0.04763467344381983,256,4,3,32,0.23471170293190902,64,2,3,128,0.19600624854370002,96,4,1,32,0.06037200668515598,288,112.0,112.0,3,2,0.0019417240480530946,0.6,/work3/arnaou/checkpoints/groupgat_Tc_trial_2318_best_state.pt,"{'learning_rate': 0.0019417240480530946, 'lr_reduce': 0.6}",TPESampler,COMPLETE
2319,0.026837144047021866,2025-04-26 23:57:03.469232,2025-04-27 00:01:26.761314,0 days 00:04:23.292082,0.14352981743716894,160,1,4,32,0.2497906145773685,128,3,2,112,0.18562341641034624,48,3,4,128,0.151139495629276,296,,,1,2,0.00395127494031257,0.6,/work3/arnaou/checkpoints/groupgat_Tc_trial_2319_best_state.pt,"{'learning_rate': 0.00395127494031257, 'lr_reduce': 0.6}",TPESampler,COMPLETE
2320,0.013955274596810341,2025-04-26 23:58:04.123600,2025-04-27 00:00:08.770031,0 days 00:02:04.646431,0.017528879998369943,240,3,1,32,0.29803755063464094,240,2,4,80,0.14913779699145774,80,3,1,48,0.15337562853219483,216,160.0,400.0,3,1,0.001962726418988541,0.6,/work3/arnaou/checkpoints/groupgat_Tc_trial_2320_best_state.pt,"{'learning_rate': 0.001962726418988541, 'lr_reduce': 0.6}",TPESampler,COMPLETE
2321,0.016724321991205215,2025-04-26 23:58:06.140647,2025-04-27 00:00:33.657516,0 days 00:02:27.516869,0.047775859588397036,160,3,4,80,0.12369943714027808,160,4,3,112,0.03504656838748339,48,3,1,128,0.05034331490775858,328,104.0,32.0,3,2,0.00040041367776238746,0.6,/work3/arnaou/checkpoints/groupgat_Tc_trial_2321_best_state.pt,"{'learning_rate': 0.00040041367776238746, 'lr_reduce': 0.6}",TPESampler,COMPLETE
2322,0.017705943435430527,2025-04-27 00:00:09.076585,2025-04-27 00:02:12.733854,0 days 00:02:03.657269,0.01573101182445041,208,4,2,48,0.00650819011822075,176,1,3,64,0.11123630587904461,64,2,3,128,0.19085409583392,336,264.0,,2,2,0.00099803376431487,0.6,/work3/arnaou/checkpoints/groupgat_Tc_trial_2322_best_state.pt,"{'learning_rate': 0.00099803376431487, 'lr_reduce': 0.6}",TPESampler,COMPLETE
2323,0.023519333451986313,2025-04-27 00:00:33.938767,2025-04-27 00:02:08.229886,0 days 00:01:34.291119,0.16761253563244863,112,1,4,80,0.22876854921017636,112,1,2,80,0.11036122646149243,96,4,4,128,0.19100399429622256,496,192.0,304.0,3,2,0.001699863514846355,0.6,/work3/arnaou/checkpoints/groupgat_Tc_trial_2323_best_state.pt,"{'learning_rate': 0.001699863514846355, 'lr_reduce': 0.6}",TPESampler,COMPLETE
2324,0.04719599336385727,2025-04-27 00:01:27.087341,2025-04-27 00:03:26.079039,0 days 00:01:58.991698,0.23292865364031085,96,4,3,112,0.13348033281304966,144,1,2,64,0.03624042579273408,112,4,1,96,0.2829023626762021,400,,,1,2,0.0019150041821795758,0.6,/work3/arnaou/checkpoints/groupgat_Tc_trial_2324_best_state.pt,"{'learning_rate': 0.0019150041821795758, 'lr_reduce': 0.6}",TPESampler,COMPLETE
2325,0.025807349011301994,2025-04-27 00:02:08.549297,2025-04-27 00:03:26.048215,0 days 00:01:17.498918,0.26647508305164436,80,3,3,64,0.2860159491453264,64,2,1,96,0.07659677443563155,48,2,3,96,0.1334500526632168,352,72.0,64.0,3,2,0.006271747105543513,0.6,/work3/arnaou/checkpoints/groupgat_Tc_trial_2325_best_state.pt,"{'learning_rate': 0.006271747105543513, 'lr_reduce': 0.6}",TPESampler,COMPLETE
2326,0.01488877460360527,2025-04-27 00:02:12.975562,2025-04-27 00:03:47.192664,0 days 00:01:34.217102,0.0141247891512398,192,4,4,48,0.0037309136479550357,240,1,3,96,0.26747174252151545,96,1,1,128,0.08616447872537207,128,136.0,344.0,3,1,0.001238128348119,0.6,/work3/arnaou/checkpoints/groupgat_Tc_trial_2326_best_state.pt,"{'learning_rate': 0.001238128348119, 'lr_reduce': 0.6}",TPESampler,COMPLETE
2327,0.016793636605143547,2025-04-27 00:03:26.231220,2025-04-27 00:05:05.909124,0 days 00:01:39.677904,0.05534893663644735,224,4,2,48,0.28366647556982294,80,2,3,128,0.058855582568812306,80,4,2,48,0.10409321040960037,272,112.0,,2,2,0.0009600408481237394,0.6,/work3/arnaou/checkpoints/groupgat_Tc_trial_2327_best_state.pt,"{'learning_rate': 0.0009600408481237394, 'lr_reduce': 0.6}",TPESampler,COMPLETE
2328,0.029376082122325897,2025-04-27 00:03:26.289946,2025-04-27 00:06:17.589436,0 days 00:02:51.299490,0.03611010005999426,160,4,4,80,0.14702539577459436,208,1,2,112,0.22601087487070118,96,4,1,128,0.1708059179322855,56,72.0,288.0,3,2,0.00010974149860027114,0.6,/work3/arnaou/checkpoints/groupgat_Tc_trial_2328_best_state.pt,"{'learning_rate': 0.00010974149860027114, 'lr_reduce': 0.6}",TPESampler,COMPLETE
