number,value,datetime_start,datetime_complete,duration,params_L1_dropout,params_L1_hidden_dim,params_L1_layers_atom,params_L1_layers_mol,params_L1_out_dim,params_L2_dropout,params_L2_hidden_dim,params_L2_layers_atom,params_L2_layers_mol,params_L2_out_dim,params_L3_dropout,params_L3_hidden_dim,params_L3_layers_atom,params_L3_layers_mol,params_L3_out_dim,params_final_dropout,params_mlp_dim_0,params_mlp_dim_1,params_mlp_dim_2,params_n_mlp_layers,params_num_heads,params_train_learning_rate,params_train_lr_reduce,user_attrs_best_state_dict_path,user_attrs_training_params,system_attrs_auto:sampler,state
158,0.04486124590039253,2025-04-25 15:06:48.710966,2025-04-25 15:07:42.268391,0 days 00:00:53.557425,0.08891190445878161,208,4,4,48,0.20001067192820107,224,2,4,32,0.2599284173469145,128,4,1,128,0.03688690643409402,248,368.0,176.0,3,2,0.0018032101923676127,0.6,/work3/arnaou/checkpoints/groupgat_Tc_trial_158_best_state.pt,"{'learning_rate': 0.0018032101923676127, 'lr_reduce': 0.6}",TPESampler,COMPLETE
159,0.0155575480312109,2025-04-25 15:07:42.480847,2025-04-25 15:10:01.191302,0 days 00:02:18.710455,0.057381023768910785,176,3,3,48,0.1682887797530578,256,2,3,128,0.1930654274508223,64,3,1,112,0.1455667540077652,104,384.0,160.0,3,2,0.0005928494269790741,0.6,/work3/arnaou/checkpoints/groupgat_Tc_trial_159_best_state.pt,"{'learning_rate': 0.0005928494269790741, 'lr_reduce': 0.6}",TPESampler,COMPLETE
160,0.058751530945301056,2025-04-25 15:07:45.531906,2025-04-25 15:09:26.383661,0 days 00:01:40.851755,0.04135829744073536,144,3,1,64,0.28557303014023244,256,1,4,112,0.2295577830090318,48,4,2,80,0.18859442735700277,304,416.0,200.0,3,1,0.0002791981731463648,0.6,/work3/arnaou/checkpoints/groupgat_Tc_trial_160_best_state.pt,"{'learning_rate': 0.0002791981731463648, 'lr_reduce': 0.6}",TPESampler,COMPLETE
161,0.024000540375709534,2025-04-25 15:07:46.322141,2025-04-25 15:09:59.591505,0 days 00:02:13.269364,0.029326952174437485,176,1,1,64,0.20419088532119023,80,2,3,96,0.07106055669876389,32,3,2,32,0.07860353246060983,504,440.0,136.0,3,2,0.0006200339890099912,0.6,/work3/arnaou/checkpoints/groupgat_Tc_trial_161_best_state.pt,"{'learning_rate': 0.0006200339890099912, 'lr_reduce': 0.6}",TPESampler,COMPLETE
162,0.020086973905563354,2025-04-25 15:09:26.576925,2025-04-25 15:11:22.489928,0 days 00:01:55.913003,0.033869755959795404,256,3,3,32,0.11957628976026963,176,3,4,32,0.19362213475415002,112,4,2,128,0.14871362447840028,256,408.0,112.0,3,2,0.004318935235582261,0.6,/work3/arnaou/checkpoints/groupgat_Tc_trial_162_best_state.pt,"{'learning_rate': 0.004318935235582261, 'lr_reduce': 0.6}",TPESampler,COMPLETE
163,0.015784977003932,2025-04-25 15:09:59.795728,2025-04-25 15:12:14.383780,0 days 00:02:14.588052,0.018852762350583883,192,2,2,48,0.14764285574582175,256,4,4,128,0.26065105772167074,112,4,1,128,0.06359458816277087,96,448.0,224.0,3,2,0.0019986653309653837,0.6,/work3/arnaou/checkpoints/groupgat_Tc_trial_163_best_state.pt,"{'learning_rate': 0.0019986653309653837, 'lr_reduce': 0.6}",TPESampler,COMPLETE
164,0.017299221828579903,2025-04-25 15:10:01.391956,2025-04-25 15:12:09.296688,0 days 00:02:07.904732,0.018204959525682178,128,4,3,32,0.057916985414856695,240,2,4,128,0.1812739189574523,48,3,2,112,0.15847478528269937,248,352.0,152.0,3,2,0.0006607191891238842,0.6,/work3/arnaou/checkpoints/groupgat_Tc_trial_164_best_state.pt,"{'learning_rate': 0.0006607191891238842, 'lr_reduce': 0.6}",TPESampler,COMPLETE
165,0.022835979238152504,2025-04-25 15:11:22.642137,2025-04-25 15:13:39.582760,0 days 00:02:16.940623,0.048866268610030156,112,1,1,112,0.09849098264069575,80,4,3,64,0.030148527241204856,32,2,1,64,0.08168779340709402,512,368.0,168.0,3,2,0.004239537772882233,0.6,/work3/arnaou/checkpoints/groupgat_Tc_trial_165_best_state.pt,"{'learning_rate': 0.004239537772882233, 'lr_reduce': 0.6}",TPESampler,COMPLETE
166,0.017011521384119987,2025-04-25 15:12:09.692307,2025-04-25 15:13:59.993246,0 days 00:01:50.300939,0.09128565291065766,112,4,4,32,0.020835363744776167,224,1,3,112,0.17651437895111569,64,4,2,96,0.11664282561804493,216,320.0,152.0,3,2,0.0009014672679743408,0.6,/work3/arnaou/checkpoints/groupgat_Tc_trial_166_best_state.pt,"{'learning_rate': 0.0009014672679743408, 'lr_reduce': 0.6}",TPESampler,COMPLETE
167,0.016315534710884094,2025-04-25 15:12:14.556074,2025-04-25 15:14:57.992637,0 days 00:02:43.436563,0.023670263897141254,176,2,1,32,0.10472710964884555,256,3,4,128,0.2615418189031213,64,4,1,128,0.09145101956326475,152,352.0,224.0,3,2,0.003396974642995349,0.6,/work3/arnaou/checkpoints/groupgat_Tc_trial_167_best_state.pt,"{'learning_rate': 0.003396974642995349, 'lr_reduce': 0.6}",TPESampler,COMPLETE
168,0.02022790163755417,2025-04-25 15:13:39.897415,2025-04-25 15:15:44.740961,0 days 00:02:04.843546,0.04703181531759914,224,4,3,48,0.11925589178579643,256,1,3,96,0.20567007024547548,80,3,2,112,0.09879493045557894,104,368.0,216.0,3,2,0.0003898891470486653,0.6,/work3/arnaou/checkpoints/groupgat_Tc_trial_168_best_state.pt,"{'learning_rate': 0.0003898891470486653, 'lr_reduce': 0.6}",TPESampler,COMPLETE
169,0.02100108563899994,2025-04-25 15:14:00.166864,2025-04-25 15:15:51.978543,0 days 00:01:51.811679,0.05953336604024847,144,3,3,48,0.06198367614651519,192,3,4,128,0.117380776575931,32,3,1,112,0.12496242730067492,280,280.0,160.0,3,2,0.0015351329749341861,0.6,/work3/arnaou/checkpoints/groupgat_Tc_trial_169_best_state.pt,"{'learning_rate': 0.0015351329749341861, 'lr_reduce': 0.6}",TPESampler,COMPLETE
170,0.018032267689704895,2025-04-25 15:14:58.137642,2025-04-25 15:17:09.646307,0 days 00:02:11.508665,0.030889048806365074,192,1,1,32,0.06479927579821065,256,2,4,112,0.2803310618889938,64,4,1,128,0.04255805880903955,136,296.0,240.0,3,2,0.004705422359307741,0.6,/work3/arnaou/checkpoints/groupgat_Tc_trial_170_best_state.pt,"{'learning_rate': 0.004705422359307741, 'lr_reduce': 0.6}",TPESampler,COMPLETE
171,0.022368287667632103,2025-04-25 15:15:44.911173,2025-04-25 15:18:35.066015,0 days 00:02:50.154842,0.0795358463215934,208,2,1,48,0.06667091453934577,208,4,3,112,0.2614719611524215,128,3,1,96,0.02585767299478379,96,296.0,232.0,3,2,0.002626193039992247,0.6,/work3/arnaou/checkpoints/groupgat_Tc_trial_171_best_state.pt,"{'learning_rate': 0.002626193039992247, 'lr_reduce': 0.6}",TPESampler,COMPLETE
172,0.01687587797641754,2025-04-25 15:15:52.235186,2025-04-25 15:18:29.972657,0 days 00:02:37.737471,0.0033471594648781,224,2,2,64,0.22545068045368333,240,4,4,128,0.2730991712043397,112,4,2,128,0.05904000092043346,104,336.0,,2,2,0.0013700109093093475,0.6,/work3/arnaou/checkpoints/groupgat_Tc_trial_172_best_state.pt,"{'learning_rate': 0.0013700109093093475, 'lr_reduce': 0.6}",TPESampler,COMPLETE
173,0.017771175131201744,2025-04-25 15:17:09.862384,2025-04-25 15:19:21.607247,0 days 00:02:11.744863,0.11039639119358063,128,3,4,32,0.041595963544738226,208,1,3,96,0.14872758143572407,64,3,2,80,0.09816144546725752,112,352.0,176.0,3,2,0.0005180997003070069,0.6,/work3/arnaou/checkpoints/groupgat_Tc_trial_173_best_state.pt,"{'learning_rate': 0.0005180997003070069, 'lr_reduce': 0.6}",TPESampler,COMPLETE
174,0.01773195154964924,2025-04-25 15:18:30.113388,2025-04-25 15:20:36.051626,0 days 00:02:05.938238,0.01748222074866726,176,3,3,64,0.14853876888923445,224,4,3,128,0.2906044705033209,96,4,1,128,0.05937176995641267,208,312.0,224.0,3,2,0.006212780448296949,0.6,/work3/arnaou/checkpoints/groupgat_Tc_trial_174_best_state.pt,"{'learning_rate': 0.006212780448296949, 'lr_reduce': 0.6}",TPESampler,COMPLETE
175,0.04561278223991394,2025-04-25 15:18:35.202355,2025-04-25 15:20:28.194352,0 days 00:01:52.991997,0.018280569059297834,192,1,2,48,0.2220077077302889,240,3,4,128,0.24127767448375548,112,3,3,96,0.04876126708163082,232,,,1,2,0.0005350245816494464,0.6,/work3/arnaou/checkpoints/groupgat_Tc_trial_175_best_state.pt,"{'learning_rate': 0.0005350245816494464, 'lr_reduce': 0.6}",TPESampler,COMPLETE
176,0.017521198838949203,2025-04-25 15:19:21.762304,2025-04-25 15:21:48.875589,0 days 00:02:27.113285,0.022802790016520313,144,3,2,48,0.17995252450922294,256,3,3,112,0.2256504617934463,96,4,2,112,0.18826448433343204,136,328.0,120.0,3,2,0.00034884588166226866,0.6,/work3/arnaou/checkpoints/groupgat_Tc_trial_176_best_state.pt,"{'learning_rate': 0.00034884588166226866, 'lr_reduce': 0.6}",TPESampler,COMPLETE
177,0.017490383237600327,2025-04-25 15:20:28.397134,2025-04-25 15:22:33.779322,0 days 00:02:05.382188,0.012376701459912813,208,2,2,64,0.18841872984100594,240,3,4,96,0.2858437554094532,112,4,1,128,0.0872640519190924,192,328.0,144.0,3,2,0.0007419650976249068,0.6,/work3/arnaou/checkpoints/groupgat_Tc_trial_177_best_state.pt,"{'learning_rate': 0.0007419650976249068, 'lr_reduce': 0.6}",TPESampler,COMPLETE
178,0.013572263531386852,2025-04-25 15:20:36.203939,2025-04-25 15:22:43.961715,0 days 00:02:07.757776,0.004397368259548177,160,3,2,32,0.10337063604617062,240,3,4,128,0.24683061194256858,64,4,1,80,0.12376679830796278,192,344.0,224.0,3,2,0.001886185646601781,0.6,/work3/arnaou/checkpoints/groupgat_Tc_trial_178_best_state.pt,"{'learning_rate': 0.001886185646601781, 'lr_reduce': 0.6}",TPESampler,COMPLETE
179,0.01347432006150484,2025-04-25 15:21:49.198135,2025-04-25 15:24:24.767421,0 days 00:02:35.569286,0.015126578458021733,144,2,2,32,0.07944185541709935,208,4,4,128,0.2604716211441379,112,4,1,128,0.11077567214588024,56,368.0,,2,2,0.0020189330324925734,0.6,/work3/arnaou/checkpoints/groupgat_Tc_trial_179_best_state.pt,"{'learning_rate': 0.0020189330324925734, 'lr_reduce': 0.6}",TPESampler,COMPLETE
180,0.018952427431941032,2025-04-25 15:22:34.010237,2025-04-25 15:25:49.768929,0 days 00:03:15.758692,0.0017050175350561032,176,3,1,64,0.22811977263609695,240,2,4,64,0.23304217017927448,48,3,2,128,0.19058333633350436,280,352.0,120.0,3,1,0.002426729256783898,0.6,/work3/arnaou/checkpoints/groupgat_Tc_trial_180_best_state.pt,"{'learning_rate': 0.002426729256783898, 'lr_reduce': 0.6}",TPESampler,COMPLETE
181,0.024962613359093666,2025-04-25 15:22:44.263133,2025-04-25 15:24:51.231779,0 days 00:02:06.968646,0.0833111289965281,208,2,1,64,0.1367162680264267,240,4,4,128,0.2779550696353652,96,4,2,96,0.02405852570468995,136,360.0,,2,2,0.0006013452076213137,0.6,/work3/arnaou/checkpoints/groupgat_Tc_trial_181_best_state.pt,"{'learning_rate': 0.0006013452076213137, 'lr_reduce': 0.6}",TPESampler,COMPLETE
182,0.02139226160943508,2025-04-25 15:24:25.001608,2025-04-25 15:26:31.221574,0 days 00:02:06.219966,0.045761722840730046,144,3,1,48,0.11016609190552859,256,3,4,112,0.19833903763303548,64,4,1,112,0.14775906817462858,208,288.0,272.0,3,2,0.006643855857567734,0.6,/work3/arnaou/checkpoints/groupgat_Tc_trial_182_best_state.pt,"{'learning_rate': 0.006643855857567734, 'lr_reduce': 0.6}",TPESampler,COMPLETE
183,0.02398012951016426,2025-04-25 15:24:51.370360,2025-04-25 15:27:28.657226,0 days 00:02:37.286866,0.010280124666513155,80,1,1,64,0.05037947223580909,160,4,4,112,0.17040073181263282,96,4,1,112,0.10975746506333832,112,368.0,240.0,3,2,0.0004784986506002666,0.6,/work3/arnaou/checkpoints/groupgat_Tc_trial_183_best_state.pt,"{'learning_rate': 0.0004784986506002666, 'lr_reduce': 0.6}",TPESampler,COMPLETE
184,0.01804269105195999,2025-04-25 15:25:50.058542,2025-04-25 15:28:06.964359,0 days 00:02:16.905817,0.03638934515658577,224,3,2,32,0.226155492105567,256,2,4,128,0.0007035591070302938,112,4,1,112,0.12355196471686626,104,376.0,248.0,3,2,0.0009179209985436364,0.6,/work3/arnaou/checkpoints/groupgat_Tc_trial_184_best_state.pt,"{'learning_rate': 0.0009179209985436364, 'lr_reduce': 0.6}",TPESampler,COMPLETE
185,0.02269284799695015,2025-04-25 15:26:31.378357,2025-04-25 15:28:38.546190,0 days 00:02:07.167833,0.02578254384322856,112,3,2,32,0.09878544067466398,208,4,4,112,0.2074882320920417,128,4,2,128,0.07821197886115774,48,400.0,,2,2,0.001854866933015576,0.6,/work3/arnaou/checkpoints/groupgat_Tc_trial_185_best_state.pt,"{'learning_rate': 0.001854866933015576, 'lr_reduce': 0.6}",TPESampler,COMPLETE
186,0.02333841845393181,2025-04-25 15:27:28.807301,2025-04-25 15:29:08.899538,0 days 00:01:40.092237,0.09863286012882273,192,1,3,64,0.2244935133046629,128,2,1,64,0.23619797878860738,80,1,2,64,0.041936858784369,200,344.0,,2,2,0.0027565362074059466,0.6,/work3/arnaou/checkpoints/groupgat_Tc_trial_186_best_state.pt,"{'learning_rate': 0.0027565362074059466, 'lr_reduce': 0.6}",TPESampler,COMPLETE
187,0.02266009710729122,2025-04-25 15:28:07.105770,2025-04-25 15:29:47.438147,0 days 00:01:40.332377,0.10111415245178032,176,2,1,80,0.03950540466014667,256,2,3,112,0.17910254504327539,112,4,1,128,0.11077480769786911,176,432.0,,2,1,0.0009860961570534866,0.6,/work3/arnaou/checkpoints/groupgat_Tc_trial_187_best_state.pt,"{'learning_rate': 0.0009860961570534866, 'lr_reduce': 0.6}",TPESampler,COMPLETE
188,0.020501354709267616,2025-04-25 15:28:38.758104,2025-04-25 15:31:09.481594,0 days 00:02:30.723490,0.059851040835868785,208,2,3,64,0.1989157659199414,224,4,3,128,0.2846169564957564,96,4,3,128,0.05436057646288382,32,424.0,,2,2,0.0010069818365905083,0.6,/work3/arnaou/checkpoints/groupgat_Tc_trial_188_best_state.pt,"{'learning_rate': 0.0010069818365905083, 'lr_reduce': 0.6}",TPESampler,COMPLETE
189,0.025818871334195137,2025-04-25 15:29:09.100322,2025-04-25 15:31:18.897567,0 days 00:02:09.797245,0.07289752448490452,128,2,3,32,0.24587411246698196,224,1,3,128,0.15949732334373412,64,3,1,128,0.10188807290124524,120,336.0,216.0,3,2,0.00031924877161858544,0.6,/work3/arnaou/checkpoints/groupgat_Tc_trial_189_best_state.pt,"{'learning_rate': 0.00031924877161858544, 'lr_reduce': 0.6}",TPESampler,COMPLETE
190,0.028422893956303596,2025-04-25 15:29:47.601297,2025-04-25 15:31:50.980458,0 days 00:02:03.379161,0.08854442883716025,256,3,2,48,0.214452943513492,224,2,3,112,0.20734436902303688,48,3,1,128,0.2534589561597694,168,448.0,,2,2,0.0007442359438045428,0.6,/work3/arnaou/checkpoints/groupgat_Tc_trial_190_best_state.pt,"{'learning_rate': 0.0007442359438045428, 'lr_reduce': 0.6}",TPESampler,COMPLETE
191,0.018840795382857323,2025-04-25 15:31:09.723843,2025-04-25 15:33:22.836586,0 days 00:02:13.112743,0.00619224958522418,240,2,1,32,0.13714431354504428,256,2,4,48,0.20608543023980114,80,3,2,128,0.14055516108817037,160,408.0,,2,2,0.0008439359240476033,0.6,/work3/arnaou/checkpoints/groupgat_Tc_trial_191_best_state.pt,"{'learning_rate': 0.0008439359240476033, 'lr_reduce': 0.6}",TPESampler,COMPLETE
192,0.01801401562988758,2025-04-25 15:31:19.101105,2025-04-25 15:33:10.376402,0 days 00:01:51.275297,0.07773677997384318,128,4,4,32,0.012979398726027106,224,1,4,128,0.23455724780367537,80,4,2,96,0.07526252801239991,176,480.0,208.0,3,2,0.0014911450530122265,0.6,/work3/arnaou/checkpoints/groupgat_Tc_trial_192_best_state.pt,"{'learning_rate': 0.0014911450530122265, 'lr_reduce': 0.6}",TPESampler,COMPLETE
193,0.018097154796123505,2025-04-25 15:31:51.146294,2025-04-25 15:34:18.279491,0 days 00:02:27.133197,0.0116866211888387,128,2,1,64,0.21480365721082573,256,4,4,128,0.2507125611102115,112,4,1,128,0.01912459670233229,120,344.0,144.0,3,2,0.004351310582357452,0.6,/work3/arnaou/checkpoints/groupgat_Tc_trial_193_best_state.pt,"{'learning_rate': 0.004351310582357452, 'lr_reduce': 0.6}",TPESampler,COMPLETE
194,0.019022202119231224,2025-04-25 15:33:10.553117,2025-04-25 15:35:12.463015,0 days 00:02:01.909898,0.07850951390058905,112,4,2,48,0.02922660335675251,192,1,4,112,0.21757552777978273,64,2,2,128,0.1780933552480915,232,336.0,104.0,3,2,0.0004611870287149839,0.6,/work3/arnaou/checkpoints/groupgat_Tc_trial_194_best_state.pt,"{'learning_rate': 0.0004611870287149839, 'lr_reduce': 0.6}",TPESampler,COMPLETE
195,0.013803496956825256,2025-04-25 15:33:22.997516,2025-04-25 15:35:53.305180,0 days 00:02:30.307664,0.010885839028238184,208,3,2,48,0.14719265620835936,240,3,4,128,0.1607187968198588,48,4,1,64,0.07475291599070141,88,368.0,184.0,3,2,0.0008439068370624109,0.6,/work3/arnaou/checkpoints/groupgat_Tc_trial_195_best_state.pt,"{'learning_rate': 0.0008439068370624109, 'lr_reduce': 0.6}",TPESampler,COMPLETE
196,0.020334815606474876,2025-04-25 15:34:18.476569,2025-04-25 15:36:58.829523,0 days 00:02:40.352954,0.003353077457391756,256,2,1,64,0.12481305252723726,240,2,2,96,0.21425253481684783,80,4,2,112,0.16270817315035077,40,,,1,1,0.002942259320620887,0.6,/work3/arnaou/checkpoints/groupgat_Tc_trial_196_best_state.pt,"{'learning_rate': 0.002942259320620887, 'lr_reduce': 0.6}",TPESampler,COMPLETE
197,0.027196703478693962,2025-04-25 15:35:12.617870,2025-04-25 15:36:49.802049,0 days 00:01:37.184179,0.10958808108706682,240,2,1,64,0.010364164494090687,256,1,2,112,0.17486708991734656,112,4,2,80,0.23262413371787827,88,,,1,1,0.0005902595803877363,0.6,/work3/arnaou/checkpoints/groupgat_Tc_trial_197_best_state.pt,"{'learning_rate': 0.0005902595803877363, 'lr_reduce': 0.6}",TPESampler,COMPLETE
198,0.0209128987044096,2025-04-25 15:35:53.513127,2025-04-25 15:37:47.600013,0 days 00:01:54.086886,0.07172280934512328,256,2,2,64,0.12434673763999116,256,3,2,112,0.22480722587643243,96,4,3,96,0.16716230626550174,104,384.0,208.0,3,1,0.0013193667375984632,0.6,/work3/arnaou/checkpoints/groupgat_Tc_trial_198_best_state.pt,"{'learning_rate': 0.0013193667375984632, 'lr_reduce': 0.6}",TPESampler,COMPLETE
199,0.014810176566243172,2025-04-25 15:36:49.975660,2025-04-25 15:38:13.878726,0 days 00:01:23.903066,0.00025095748367438483,208,2,1,80,0.06827733105182683,224,2,2,80,0.17551900384642635,128,4,1,96,0.15690259181187813,64,400.0,192.0,3,1,0.0006468406565033234,0.6,/work3/arnaou/checkpoints/groupgat_Tc_trial_199_best_state.pt,"{'learning_rate': 0.0006468406565033234, 'lr_reduce': 0.6}",TPESampler,COMPLETE
200,0.020271582528948784,2025-04-25 15:36:59.044957,2025-04-25 15:39:15.370693,0 days 00:02:16.325736,0.0062131966521283485,128,2,3,48,0.14314602875956892,256,3,2,128,0.26405378909285254,32,1,1,112,0.10138576297492724,32,424.0,,2,2,0.0004990971645414256,0.6,/work3/arnaou/checkpoints/groupgat_Tc_trial_200_best_state.pt,"{'learning_rate': 0.0004990971645414256, 'lr_reduce': 0.6}",TPESampler,COMPLETE
201,0.026835063472390175,2025-04-25 15:37:48.256634,2025-04-25 15:39:37.934938,0 days 00:01:49.678304,0.07223229829908981,192,2,3,80,0.1611975366351081,224,1,4,32,0.27747736586476224,96,4,1,112,0.08944631066015776,272,384.0,184.0,3,1,0.00017959771387656014,0.6,/work3/arnaou/checkpoints/groupgat_Tc_trial_201_best_state.pt,"{'learning_rate': 0.00017959771387656014, 'lr_reduce': 0.6}",TPESampler,COMPLETE
202,0.02334745042026043,2025-04-25 15:38:14.022108,2025-04-25 15:39:40.777112,0 days 00:01:26.755004,0.0390714727425496,176,2,1,48,0.0746926539104458,240,2,3,80,0.18402272686078355,128,4,1,80,0.15713599187391944,64,368.0,256.0,3,1,0.0006356885791862191,0.6,/work3/arnaou/checkpoints/groupgat_Tc_trial_202_best_state.pt,"{'learning_rate': 0.0006356885791862191, 'lr_reduce': 0.6}",TPESampler,COMPLETE
203,0.023626623675227165,2025-04-25 15:39:15.523761,2025-04-25 15:40:48.907344,0 days 00:01:33.383583,0.14757859918251237,128,4,4,32,0.013638056686382911,224,1,2,112,0.16574513348567887,48,4,1,96,0.14758366371120246,288,424.0,200.0,3,2,0.0021996292655186186,0.6,/work3/arnaou/checkpoints/groupgat_Tc_trial_203_best_state.pt,"{'learning_rate': 0.0021996292655186186, 'lr_reduce': 0.6}",TPESampler,COMPLETE
204,0.02272265963256359,2025-04-25 15:39:38.173581,2025-04-25 15:41:05.599423,0 days 00:01:27.425842,0.05261142544784084,240,2,1,128,0.003690839776582952,192,2,2,64,0.21807533399982856,112,3,1,80,0.13219690076673324,104,416.0,176.0,3,1,0.0006683349028634555,0.6,/work3/arnaou/checkpoints/groupgat_Tc_trial_204_best_state.pt,"{'learning_rate': 0.0006683349028634555, 'lr_reduce': 0.6}",TPESampler,COMPLETE
205,0.019549353048205376,2025-04-25 15:39:41.102170,2025-04-25 15:41:06.502030,0 days 00:01:25.399860,0.03964612795560554,112,3,1,64,0.260322516257764,208,2,4,48,0.173817464721514,48,3,1,96,0.03720192778420339,80,464.0,152.0,3,1,0.0017341205354849786,0.6,/work3/arnaou/checkpoints/groupgat_Tc_trial_205_best_state.pt,"{'learning_rate': 0.0017341205354849786, 'lr_reduce': 0.6}",TPESampler,COMPLETE
206,0.016178885474801064,2025-04-25 15:40:49.120985,2025-04-25 15:42:59.484413,0 days 00:02:10.363428,0.031395676282599316,192,4,2,80,0.056277442560984645,192,3,4,128,0.19196350764844478,32,3,1,64,0.034749460088763326,112,376.0,88.0,3,2,0.0004316134843363564,0.6,/work3/arnaou/checkpoints/groupgat_Tc_trial_206_best_state.pt,"{'learning_rate': 0.0004316134843363564, 'lr_reduce': 0.6}",TPESampler,COMPLETE
207,0.024438200518488884,2025-04-25 15:41:05.746054,2025-04-25 15:42:32.848808,0 days 00:01:27.102754,0.012975178625130654,208,1,3,32,0.003495537533437773,192,3,4,80,0.23792229939745238,112,4,1,128,0.1651165136379106,72,288.0,,2,2,0.002289310148724654,0.6,/work3/arnaou/checkpoints/groupgat_Tc_trial_207_best_state.pt,"{'learning_rate': 0.002289310148724654, 'lr_reduce': 0.6}",TPESampler,COMPLETE
208,0.02220470830798149,2025-04-25 15:41:06.658627,2025-04-25 15:43:28.537569,0 days 00:02:21.878942,0.06910710801005343,224,2,4,48,0.24322570554408365,176,3,4,64,0.2663877147675723,96,4,1,128,0.16343885780842538,200,448.0,,2,2,0.0023393920237775095,0.6,/work3/arnaou/checkpoints/groupgat_Tc_trial_208_best_state.pt,"{'learning_rate': 0.0023393920237775095, 'lr_reduce': 0.6}",TPESampler,COMPLETE
209,0.022306030616164207,2025-04-25 15:42:33.003508,2025-04-25 15:44:02.724572,0 days 00:01:29.721064,0.05637068035792559,256,1,2,32,0.16276343316139838,160,3,4,128,0.1474500585831522,48,4,1,80,0.09544870761598526,128,384.0,192.0,3,2,0.0030530024509263804,0.6,/work3/arnaou/checkpoints/groupgat_Tc_trial_209_best_state.pt,"{'learning_rate': 0.0030530024509263804, 'lr_reduce': 0.6}",TPESampler,COMPLETE
210,0.020944062620401382,2025-04-25 15:42:59.844164,2025-04-25 15:45:18.096319,0 days 00:02:18.252155,0.055228133290644695,160,4,3,64,0.034911698892356485,224,3,4,80,0.2251577598217815,48,2,1,64,0.09690843031528777,144,344.0,64.0,3,2,0.00017275129550022277,0.6,/work3/arnaou/checkpoints/groupgat_Tc_trial_210_best_state.pt,"{'learning_rate': 0.00017275129550022277, 'lr_reduce': 0.6}",TPESampler,COMPLETE
