number,value,datetime_start,datetime_complete,duration,params_L1_dropout,params_L1_hidden_dim,params_L1_layers_atom,params_L1_layers_mol,params_L1_out_dim,params_L2_dropout,params_L2_hidden_dim,params_L2_layers_atom,params_L2_layers_mol,params_L2_out_dim,params_L3_dropout,params_L3_hidden_dim,params_L3_layers_atom,params_L3_layers_mol,params_L3_out_dim,params_final_dropout,params_mlp_dim_0,params_mlp_dim_1,params_mlp_dim_2,params_n_mlp_layers,params_num_heads,params_train_learning_rate,params_train_lr_reduce,user_attrs_best_state_dict_path,user_attrs_training_params,system_attrs_auto:sampler,state
423,0.03747425973415375,2025-04-25 18:12:11.608294,2025-04-25 18:16:07.567489,0 days 00:03:55.959195,0.0394142703023019,160,3,2,80,0.15627947875517073,224,4,4,128,0.20984839430203975,64,4,2,96,0.1563840064872232,424,344.0,,2,2,0.0004523925938305044,0.6,/work3/arnaou/checkpoints/groupgat_Tc_trial_423_best_state.pt,"{'learning_rate': 0.0004523925938305044, 'lr_reduce': 0.6}",TPESampler,COMPLETE
424,0.021755848079919815,2025-04-25 18:14:13.957023,2025-04-25 18:16:53.088718,0 days 00:02:39.131695,0.10380696619951829,208,4,4,80,0.26768734894172425,224,3,3,128,0.16737057618722112,48,3,1,96,0.15151386402102554,72,192.0,,2,2,0.0017263606598591705,0.6,/work3/arnaou/checkpoints/groupgat_Tc_trial_424_best_state.pt,"{'learning_rate': 0.0017263606598591705, 'lr_reduce': 0.6}",TPESampler,COMPLETE
425,0.019983597099781036,2025-04-25 18:14:35.745895,2025-04-25 18:16:26.230754,0 days 00:01:50.484859,0.0028254963726871704,192,3,2,32,0.22708620280601913,192,2,4,128,0.16000875500598777,80,4,2,32,0.07764899603103219,184,272.0,,2,2,0.00046237823751480735,0.6,/work3/arnaou/checkpoints/groupgat_Tc_trial_425_best_state.pt,"{'learning_rate': 0.00046237823751480735, 'lr_reduce': 0.6}",TPESampler,COMPLETE
426,0.018484774976968765,2025-04-25 18:16:07.815613,2025-04-25 18:18:16.475824,0 days 00:02:08.660211,0.028534722760840632,176,4,1,48,0.05430379510696938,208,3,3,96,0.22412603811463366,48,4,3,48,0.05901445152872854,464,144.0,168.0,3,1,0.00036543494470731757,0.6,/work3/arnaou/checkpoints/groupgat_Tc_trial_426_best_state.pt,"{'learning_rate': 0.00036543494470731757, 'lr_reduce': 0.6}",TPESampler,COMPLETE
427,0.020900679752230644,2025-04-25 18:16:26.447296,2025-04-25 18:18:39.858087,0 days 00:02:13.410791,0.09403598274531458,144,3,2,32,0.1968127447936764,256,3,4,128,0.17186712982698202,48,4,1,80,0.21412203335301577,176,344.0,32.0,3,2,0.0005950350461939142,0.6,/work3/arnaou/checkpoints/groupgat_Tc_trial_427_best_state.pt,"{'learning_rate': 0.0005950350461939142, 'lr_reduce': 0.6}",TPESampler,COMPLETE
428,0.01813378930091858,2025-04-25 18:16:53.519757,2025-04-25 18:18:42.902879,0 days 00:01:49.383122,0.08077705257915306,224,3,2,32,0.24973664706450452,256,2,2,96,0.2801870408330567,80,4,1,128,0.12384711287651776,48,376.0,136.0,3,2,0.0013473283083173175,0.6,/work3/arnaou/checkpoints/groupgat_Tc_trial_428_best_state.pt,"{'learning_rate': 0.0013473283083173175, 'lr_reduce': 0.6}",TPESampler,COMPLETE
429,0.017553111538290977,2025-04-25 18:18:16.710356,2025-04-25 18:19:46.326549,0 days 00:01:29.616193,0.039107372001700766,224,3,2,32,0.11242508430404902,240,3,3,128,0.16278031934356854,64,4,1,64,0.03160900009385299,96,144.0,184.0,3,2,0.0013294347372259335,0.6,/work3/arnaou/checkpoints/groupgat_Tc_trial_429_best_state.pt,"{'learning_rate': 0.0013294347372259335, 'lr_reduce': 0.6}",TPESampler,COMPLETE
430,0.01978149078786373,2025-04-25 18:18:40.035605,2025-04-25 18:21:21.680865,0 days 00:02:41.645260,0.010718735368869936,176,3,2,48,0.14385650128659344,160,4,4,128,0.26945326960733584,32,4,2,64,0.14273301502639751,304,424.0,96.0,3,2,0.0004389922449507922,0.6,/work3/arnaou/checkpoints/groupgat_Tc_trial_430_best_state.pt,"{'learning_rate': 0.0004389922449507922, 'lr_reduce': 0.6}",TPESampler,COMPLETE
431,0.049739498645067215,2025-04-25 18:18:43.054749,2025-04-25 18:21:04.552132,0 days 00:02:21.497383,0.039104259511688576,128,3,2,32,0.0482632386792823,192,4,4,128,0.2986203193212414,128,3,1,128,0.1288291882633075,120,,,1,2,0.00697570806645481,0.6,/work3/arnaou/checkpoints/groupgat_Tc_trial_431_best_state.pt,"{'learning_rate': 0.00697570806645481, 'lr_reduce': 0.6}",TPESampler,COMPLETE
432,0.022452425211668015,2025-04-25 18:19:46.508441,2025-04-25 18:22:01.617562,0 days 00:02:15.109121,0.027607260662847223,208,4,4,48,0.1144108164180061,144,4,3,128,0.06810119790801342,96,3,1,112,0.02079980551243648,120,272.0,208.0,3,1,0.004140211185083014,0.6,/work3/arnaou/checkpoints/groupgat_Tc_trial_432_best_state.pt,"{'learning_rate': 0.004140211185083014, 'lr_reduce': 0.6}",TPESampler,COMPLETE
433,0.019570643082261086,2025-04-25 18:21:04.732884,2025-04-25 18:23:02.513208,0 days 00:01:57.780324,0.03192758393158596,240,2,3,64,0.1427375744463969,128,4,3,96,0.20564526897180804,48,4,2,128,0.07573517832915663,32,352.0,128.0,3,1,0.0008090693906825498,0.6,/work3/arnaou/checkpoints/groupgat_Tc_trial_433_best_state.pt,"{'learning_rate': 0.0008090693906825498, 'lr_reduce': 0.6}",TPESampler,COMPLETE
434,0.01658928021788597,2025-04-25 18:21:21.926935,2025-04-25 18:23:56.031450,0 days 00:02:34.104515,0.07434781635740481,208,3,3,64,0.14458047688600753,256,3,4,128,0.2904310330526306,80,4,1,48,0.21728976368278527,224,120.0,72.0,3,2,0.00027153030562970874,0.6,/work3/arnaou/checkpoints/groupgat_Tc_trial_434_best_state.pt,"{'learning_rate': 0.00027153030562970874, 'lr_reduce': 0.6}",TPESampler,COMPLETE
435,0.017907405272126198,2025-04-25 18:22:01.783597,2025-04-25 18:24:26.150739,0 days 00:02:24.367142,0.01397265753973708,224,4,2,48,0.08810481238820272,128,4,4,64,0.08442575516088391,48,4,3,48,0.17029269300017566,384,312.0,192.0,3,2,0.0023219604915314055,0.6,/work3/arnaou/checkpoints/groupgat_Tc_trial_435_best_state.pt,"{'learning_rate': 0.0023219604915314055, 'lr_reduce': 0.6}",TPESampler,COMPLETE
436,0.014616100117564201,2025-04-25 18:23:02.749974,2025-04-25 18:25:19.860362,0 days 00:02:17.110388,0.0341727367781611,128,2,3,48,0.12272272363503517,208,3,4,128,0.2944022380339407,96,3,1,128,0.13682075546658734,88,416.0,,2,2,0.002727399081970067,0.6,/work3/arnaou/checkpoints/groupgat_Tc_trial_436_best_state.pt,"{'learning_rate': 0.002727399081970067, 'lr_reduce': 0.6}",TPESampler,COMPLETE
437,0.023083830252289772,2025-04-25 18:23:56.242285,2025-04-25 18:26:08.783756,0 days 00:02:12.541471,0.10972917297779178,240,1,2,48,0.2911644032541888,240,2,4,64,0.21790997866281508,64,2,1,96,0.03962707467618181,32,360.0,152.0,3,1,0.002892422509923664,0.6,/work3/arnaou/checkpoints/groupgat_Tc_trial_437_best_state.pt,"{'learning_rate': 0.002892422509923664, 'lr_reduce': 0.6}",TPESampler,COMPLETE
438,0.024339187890291214,2025-04-25 18:24:26.363636,2025-04-25 18:25:33.697695,0 days 00:01:07.334059,0.026358072833780635,176,4,2,80,0.17880301728747716,256,4,4,128,0.13944271651863402,48,3,1,48,0.10122935041315415,104,224.0,32.0,3,2,0.0013321692438659923,0.6,/work3/arnaou/checkpoints/groupgat_Tc_trial_438_best_state.pt,"{'learning_rate': 0.0013321692438659923, 'lr_reduce': 0.6}",TPESampler,COMPLETE
439,0.02371542900800705,2025-04-25 18:25:20.115038,2025-04-25 18:27:36.169757,0 days 00:02:16.054719,0.08817850254208659,80,1,2,48,0.1946858519038769,240,3,4,96,0.28733299435200615,96,3,1,128,0.22043700104611474,32,464.0,,2,2,0.0006625773005256201,0.6,/work3/arnaou/checkpoints/groupgat_Tc_trial_439_best_state.pt,"{'learning_rate': 0.0006625773005256201, 'lr_reduce': 0.6}",TPESampler,COMPLETE
440,0.02741279825568199,2025-04-25 18:25:33.923803,2025-04-25 18:28:11.852469,0 days 00:02:37.928666,0.026355043233580695,96,2,2,64,0.11297942492236837,256,3,4,128,0.23740649140695141,96,3,1,128,0.1363549954944928,112,,,1,1,0.0021994586621255537,0.6,/work3/arnaou/checkpoints/groupgat_Tc_trial_440_best_state.pt,"{'learning_rate': 0.0021994586621255537, 'lr_reduce': 0.6}",TPESampler,COMPLETE
441,0.022543275728821754,2025-04-25 18:26:09.012144,2025-04-25 18:28:40.385387,0 days 00:02:31.373243,0.013062301567931731,80,2,3,64,0.21877994288784436,224,1,4,128,0.2761273013651146,96,4,1,112,0.13608554665791234,120,432.0,240.0,3,2,0.0034217206526979283,0.6,/work3/arnaou/checkpoints/groupgat_Tc_trial_441_best_state.pt,"{'learning_rate': 0.0034217206526979283, 'lr_reduce': 0.6}",TPESampler,COMPLETE
442,0.08560076355934143,2025-04-25 18:27:36.474169,2025-04-25 18:29:31.940072,0 days 00:01:55.465903,0.0961412820042271,224,3,1,64,0.24459773028371634,176,3,4,80,0.2646657797226417,32,3,4,48,0.12986434386436724,368,416.0,,2,2,0.0007791939509721908,0.6,/work3/arnaou/checkpoints/groupgat_Tc_trial_442_best_state.pt,"{'learning_rate': 0.0007791939509721908, 'lr_reduce': 0.6}",TPESampler,COMPLETE
443,0.0700957328081131,2025-04-25 18:28:12.037330,2025-04-25 18:30:03.059415,0 days 00:01:51.022085,0.06516539112446074,176,1,3,32,0.17233982792911107,192,2,3,112,0.2672220215843032,96,2,1,128,0.13757943765994385,216,504.0,,2,2,0.0050286385599196135,0.6,/work3/arnaou/checkpoints/groupgat_Tc_trial_443_best_state.pt,"{'learning_rate': 0.0050286385599196135, 'lr_reduce': 0.6}",TPESampler,COMPLETE
444,0.020134983584284782,2025-04-25 18:28:40.697812,2025-04-25 18:30:30.195585,0 days 00:01:49.497773,0.043004123373201336,96,1,3,48,0.07393316382973977,192,2,4,112,0.2138857482983636,80,3,2,112,0.09516943920758215,144,400.0,,2,2,0.0016865897099225232,0.6,/work3/arnaou/checkpoints/groupgat_Tc_trial_444_best_state.pt,"{'learning_rate': 0.0016865897099225232, 'lr_reduce': 0.6}",TPESampler,COMPLETE
445,0.01974281296133995,2025-04-25 18:29:32.163394,2025-04-25 18:31:32.692862,0 days 00:02:00.529468,0.03807114928534686,208,3,3,80,0.003938068090100208,96,4,4,96,0.08821674698771005,96,4,2,96,0.07021205708911735,136,400.0,424.0,3,1,0.0008319695490491694,0.6,/work3/arnaou/checkpoints/groupgat_Tc_trial_445_best_state.pt,"{'learning_rate': 0.0008319695490491694, 'lr_reduce': 0.6}",TPESampler,COMPLETE
446,0.016609743237495422,2025-04-25 18:30:03.249439,2025-04-25 18:32:54.560164,0 days 00:02:51.310725,0.04169170933235108,96,2,3,32,0.031834541243709824,192,4,4,128,0.29262891582202116,96,4,1,112,0.10910668876262944,72,440.0,80.0,3,2,0.0038386772695082915,0.6,/work3/arnaou/checkpoints/groupgat_Tc_trial_446_best_state.pt,"{'learning_rate': 0.0038386772695082915, 'lr_reduce': 0.6}",TPESampler,COMPLETE
447,0.026832226663827896,2025-04-25 18:30:30.383137,2025-04-25 18:32:19.532883,0 days 00:01:49.149746,0.04969781949987215,128,2,1,48,0.17864813630754928,208,3,2,48,0.19468130277026485,128,4,2,128,0.28924178358770036,240,360.0,224.0,3,1,0.0003513687032161178,0.6,/work3/arnaou/checkpoints/groupgat_Tc_trial_447_best_state.pt,"{'learning_rate': 0.0003513687032161178, 'lr_reduce': 0.6}",TPESampler,COMPLETE
448,0.017721399664878845,2025-04-25 18:31:32.995132,2025-04-25 18:33:38.051915,0 days 00:02:05.056783,0.035462337865150226,128,2,2,64,0.20902063039111485,176,4,4,128,0.2712715890486267,64,3,1,112,0.23728583717678092,240,400.0,,2,2,0.0020278689501982846,0.6,/work3/arnaou/checkpoints/groupgat_Tc_trial_448_best_state.pt,"{'learning_rate': 0.0020278689501982846, 'lr_reduce': 0.6}",TPESampler,COMPLETE
449,0.015759039670228958,2025-04-25 18:32:19.713294,2025-04-25 18:34:22.032659,0 days 00:02:02.319365,0.00991135790610954,176,3,1,96,0.1616969366414503,240,2,4,128,0.24828303466415474,48,4,1,32,0.1725301232177115,72,336.0,80.0,3,2,0.0029821818835371098,0.6,/work3/arnaou/checkpoints/groupgat_Tc_trial_449_best_state.pt,"{'learning_rate': 0.0029821818835371098, 'lr_reduce': 0.6}",TPESampler,COMPLETE
450,0.020999113097786903,2025-04-25 18:32:55.672134,2025-04-25 18:34:51.881488,0 days 00:01:56.209354,0.006358726028349351,208,2,1,128,0.06359860664814336,208,2,4,64,0.14723045588117034,128,4,1,64,0.2743444592660763,48,448.0,224.0,3,1,0.0003822502759116466,0.6,/work3/arnaou/checkpoints/groupgat_Tc_trial_450_best_state.pt,"{'learning_rate': 0.0003822502759116466, 'lr_reduce': 0.6}",TPESampler,COMPLETE
451,0.014574794098734856,2025-04-25 18:33:38.314607,2025-04-25 18:36:05.955654,0 days 00:02:27.641047,0.014686564545338496,256,4,1,64,0.14675171161668746,192,4,4,128,0.19250377075612848,64,4,1,48,0.06505325353191567,72,376.0,,2,2,0.0005937147048726159,0.6,/work3/arnaou/checkpoints/groupgat_Tc_trial_451_best_state.pt,"{'learning_rate': 0.0005937147048726159, 'lr_reduce': 0.6}",TPESampler,COMPLETE
452,0.022763611748814583,2025-04-25 18:34:22.301068,2025-04-25 18:36:04.172286,0 days 00:01:41.871218,0.03930455699018071,144,4,2,32,0.14149824892361376,80,4,4,128,0.19529427884516054,80,4,1,112,0.10506495819956724,120,296.0,32.0,3,1,0.0016460941411392998,0.6,/work3/arnaou/checkpoints/groupgat_Tc_trial_452_best_state.pt,"{'learning_rate': 0.0016460941411392998, 'lr_reduce': 0.6}",TPESampler,COMPLETE
453,0.018363868817687035,2025-04-25 18:34:52.106219,2025-04-25 18:36:57.492133,0 days 00:02:05.385914,0.015594022931285534,224,3,2,48,0.14270575242169517,256,3,4,112,0.1763342108221728,32,3,1,48,0.17782089001435092,40,400.0,120.0,3,2,0.0002925883238183802,0.6,/work3/arnaou/checkpoints/groupgat_Tc_trial_453_best_state.pt,"{'learning_rate': 0.0002925883238183802, 'lr_reduce': 0.6}",TPESampler,COMPLETE
454,0.018575754016637802,2025-04-25 18:36:04.382541,2025-04-25 18:38:17.798587,0 days 00:02:13.416046,0.07906247768039787,192,4,1,32,0.1589633075776724,192,2,3,80,0.20542834384646214,64,4,2,48,0.21836532381830928,328,344.0,88.0,3,2,0.0006521805717907284,0.6,/work3/arnaou/checkpoints/groupgat_Tc_trial_454_best_state.pt,"{'learning_rate': 0.0006521805717907284, 'lr_reduce': 0.6}",TPESampler,COMPLETE
455,0.023844361305236816,2025-04-25 18:36:06.183177,2025-04-25 18:38:35.231961,0 days 00:02:29.048784,0.03120000586161927,256,4,1,80,0.15919286595697316,176,4,4,112,0.21911070929610463,96,4,1,48,0.11324747631601016,72,360.0,,2,2,0.00024065706008477962,0.6,/work3/arnaou/checkpoints/groupgat_Tc_trial_455_best_state.pt,"{'learning_rate': 0.00024065706008477962, 'lr_reduce': 0.6}",TPESampler,COMPLETE
456,0.021928125992417336,2025-04-25 18:36:57.679898,2025-04-25 18:39:19.459554,0 days 00:02:21.779656,0.0061191321100770605,256,2,2,48,0.2724766812376361,224,2,3,112,0.11599901040628346,128,3,1,80,0.1519326026232218,240,368.0,280.0,3,2,0.0011909193086614897,0.6,/work3/arnaou/checkpoints/groupgat_Tc_trial_456_best_state.pt,"{'learning_rate': 0.0011909193086614897, 'lr_reduce': 0.6}",TPESampler,COMPLETE
457,0.016667243093252182,2025-04-25 18:38:18.089839,2025-04-25 18:40:47.678085,0 days 00:02:29.588246,0.003901765034198427,144,2,1,112,0.13281580705233478,160,2,1,64,0.29113574421465255,112,4,2,128,0.16432431303932116,312,344.0,256.0,3,2,0.0002741239495920332,0.6,/work3/arnaou/checkpoints/groupgat_Tc_trial_457_best_state.pt,"{'learning_rate': 0.0002741239495920332, 'lr_reduce': 0.6}",TPESampler,COMPLETE
458,0.016278233379125595,2025-04-25 18:38:35.410734,2025-04-25 18:40:42.845101,0 days 00:02:07.434367,0.048885078122305664,224,3,2,64,0.219827801233139,224,2,4,112,0.15017873305495302,64,4,1,80,0.16731297969630898,56,368.0,,2,2,0.0006573129481703631,0.6,/work3/arnaou/checkpoints/groupgat_Tc_trial_458_best_state.pt,"{'learning_rate': 0.0006573129481703631, 'lr_reduce': 0.6}",TPESampler,COMPLETE
459,0.021598665043711662,2025-04-25 18:39:19.630497,2025-04-25 18:41:21.589493,0 days 00:02:01.958996,0.01838352107095872,176,4,2,48,0.10577181804135041,192,3,4,80,0.24335402084119298,48,4,3,32,0.15726861360752564,368,304.0,504.0,3,2,0.0008292052090333433,0.6,/work3/arnaou/checkpoints/groupgat_Tc_trial_459_best_state.pt,"{'learning_rate': 0.0008292052090333433, 'lr_reduce': 0.6}",TPESampler,COMPLETE
460,0.02019704505801201,2025-04-25 18:40:43.076867,2025-04-25 18:43:05.406961,0 days 00:02:22.330094,0.07617735915544746,96,4,3,112,0.004319726953054034,128,3,4,112,0.2968727089810843,48,2,1,64,0.13091890607961304,280,392.0,208.0,3,2,0.0018953901553722496,0.6,/work3/arnaou/checkpoints/groupgat_Tc_trial_460_best_state.pt,"{'learning_rate': 0.0018953901553722496, 'lr_reduce': 0.6}",TPESampler,COMPLETE
461,0.017216620966792107,2025-04-25 18:40:47.869459,2025-04-25 18:42:44.786223,0 days 00:01:56.916764,0.057757229530695516,208,2,4,80,0.10952945659356941,96,3,4,112,0.07700731071437061,48,4,1,112,0.10527567220289061,48,256.0,,2,2,0.0015144665709167474,0.6,/work3/arnaou/checkpoints/groupgat_Tc_trial_461_best_state.pt,"{'learning_rate': 0.0015144665709167474, 'lr_reduce': 0.6}",TPESampler,COMPLETE
462,0.02008195035159588,2025-04-25 18:41:21.852903,2025-04-25 18:42:56.322296,0 days 00:01:34.469393,0.010407533722343734,240,4,1,48,0.11810660371353872,160,4,2,112,0.12875547421295852,64,4,1,48,0.09033232178904808,128,344.0,,2,2,0.004080950443784793,0.6,/work3/arnaou/checkpoints/groupgat_Tc_trial_462_best_state.pt,"{'learning_rate': 0.004080950443784793, 'lr_reduce': 0.6}",TPESampler,COMPLETE
463,0.03766897693276405,2025-04-25 18:42:45.432239,2025-04-25 18:44:23.802099,0 days 00:01:38.369860,0.07177078071321605,176,4,4,32,0.08980432203157711,176,4,4,96,0.0985497071661659,64,3,1,96,0.1594150114846828,88,384.0,376.0,3,1,0.0050707625438423005,0.6,/work3/arnaou/checkpoints/groupgat_Tc_trial_463_best_state.pt,"{'learning_rate': 0.0050707625438423005, 'lr_reduce': 0.6}",TPESampler,COMPLETE
464,0.02255060151219368,2025-04-25 18:42:56.660790,2025-04-25 18:47:07.568050,0 days 00:04:10.907260,0.04384913979304609,96,2,2,64,0.13165481769506598,240,4,1,128,0.25966515642091453,48,4,1,112,0.1816448700888095,168,312.0,208.0,3,2,0.0033768983964448285,0.6,/work3/arnaou/checkpoints/groupgat_Tc_trial_464_best_state.pt,"{'learning_rate': 0.0033768983964448285, 'lr_reduce': 0.6}",TPESampler,COMPLETE
465,0.013677671551704407,2025-04-25 18:43:06.027095,2025-04-25 18:44:55.323312,0 days 00:01:49.296217,0.058786622026733536,256,4,4,48,0.24802849061378962,208,1,4,112,0.20518280258420446,64,2,1,128,0.12236984532475695,64,392.0,32.0,3,2,0.0006773357459787436,0.6,/work3/arnaou/checkpoints/groupgat_Tc_trial_465_best_state.pt,"{'learning_rate': 0.0006773357459787436, 'lr_reduce': 0.6}",TPESampler,COMPLETE
466,0.02033115364611149,2025-04-25 18:44:24.026809,2025-04-25 18:46:32.486736,0 days 00:02:08.459927,0.16491529709434083,224,4,1,48,0.09783838336868836,208,4,4,128,0.14330692581592036,64,4,1,48,0.11430734293139913,136,320.0,,2,2,0.00073751867777149,0.6,/work3/arnaou/checkpoints/groupgat_Tc_trial_466_best_state.pt,"{'learning_rate': 0.00073751867777149, 'lr_reduce': 0.6}",TPESampler,COMPLETE
467,0.016835380345582962,2025-04-25 18:44:55.551079,2025-04-25 18:47:04.635532,0 days 00:02:09.084453,0.08693361499533454,224,3,3,64,0.10086119933774615,128,4,4,128,0.12506059477428422,80,4,1,112,0.09864409591984227,144,384.0,40.0,3,1,0.001024411233885444,0.6,/work3/arnaou/checkpoints/groupgat_Tc_trial_467_best_state.pt,"{'learning_rate': 0.001024411233885444, 'lr_reduce': 0.6}",TPESampler,COMPLETE
468,0.02375907637178898,2025-04-25 18:46:32.803487,2025-04-25 18:49:21.216556,0 days 00:02:48.413069,0.03089735222079711,208,4,1,64,0.1266066500585867,176,4,4,112,0.1857795891876452,64,4,1,48,0.07214261550421613,144,376.0,,2,2,0.0013322006105998755,0.6,/work3/arnaou/checkpoints/groupgat_Tc_trial_468_best_state.pt,"{'learning_rate': 0.0013322006105998755, 'lr_reduce': 0.6}",TPESampler,COMPLETE
469,0.03643912822008133,2025-04-25 18:47:04.807234,2025-04-25 18:49:51.846091,0 days 00:02:47.038857,0.09263442606023817,208,4,4,32,0.27790488097146887,224,2,4,96,0.15560794034855127,48,2,1,112,0.07774490972893736,64,376.0,312.0,3,1,0.000664813161546099,0.6,/work3/arnaou/checkpoints/groupgat_Tc_trial_469_best_state.pt,"{'learning_rate': 0.000664813161546099, 'lr_reduce': 0.6}",TPESampler,COMPLETE
470,0.014109021984040737,2025-04-25 18:47:07.757197,2025-04-25 18:48:53.419207,0 days 00:01:45.662010,0.03885928514617705,240,4,4,80,0.17939565297754098,240,2,3,112,0.1455792988219988,80,1,1,128,0.15476598871143496,64,368.0,32.0,3,2,0.0005658057287074036,0.6,/work3/arnaou/checkpoints/groupgat_Tc_trial_470_best_state.pt,"{'learning_rate': 0.0005658057287074036, 'lr_reduce': 0.6}",TPESampler,COMPLETE
471,0.018368791788816452,2025-04-25 18:48:53.881275,2025-04-25 18:51:22.646891,0 days 00:02:28.765616,0.08194743220436508,256,3,3,64,0.25504786881449587,192,1,4,128,0.2437395465394887,64,2,1,112,0.18881683306725666,56,400.0,32.0,3,2,0.000610359273968117,0.6,/work3/arnaou/checkpoints/groupgat_Tc_trial_471_best_state.pt,"{'learning_rate': 0.000610359273968117, 'lr_reduce': 0.6}",TPESampler,COMPLETE
472,0.04462694376707077,2025-04-25 18:49:21.509218,2025-04-25 18:52:11.324352,0 days 00:02:49.815134,0.06148934723569359,224,3,4,64,0.19943296980942693,208,3,3,48,0.11520506811111109,96,1,2,128,0.13515298949502044,48,392.0,232.0,3,2,0.00022272433477799384,0.6,/work3/arnaou/checkpoints/groupgat_Tc_trial_472_best_state.pt,"{'learning_rate': 0.00022272433477799384, 'lr_reduce': 0.6}",TPESampler,COMPLETE
473,0.019046012312173843,2025-04-25 18:49:52.026736,2025-04-25 18:52:01.451666,0 days 00:02:09.424930,0.07850264928666645,208,4,4,32,0.12272126385498222,256,1,3,128,0.12517897465786543,80,1,1,96,0.19416734401467362,120,376.0,,2,2,0.0007585545256532545,0.6,/work3/arnaou/checkpoints/groupgat_Tc_trial_473_best_state.pt,"{'learning_rate': 0.0007585545256532545, 'lr_reduce': 0.6}",TPESampler,COMPLETE
474,0.022381603717803955,2025-04-25 18:51:22.831891,2025-04-25 18:53:20.107262,0 days 00:01:57.275371,0.09128549054937138,208,2,1,112,0.16557979182379134,192,2,1,64,0.18543993629053607,128,4,1,112,0.1831267595912288,248,400.0,32.0,3,1,0.0009843311002326381,0.6,/work3/arnaou/checkpoints/groupgat_Tc_trial_474_best_state.pt,"{'learning_rate': 0.0009843311002326381, 'lr_reduce': 0.6}",TPESampler,COMPLETE
475,0.019214719533920288,2025-04-25 18:52:01.692234,2025-04-25 18:53:59.496145,0 days 00:01:57.803911,0.006533976269734171,256,3,3,64,0.18178120378432192,160,4,4,128,0.1513349188759561,32,3,1,48,0.03201729238552909,64,184.0,184.0,3,2,0.0037016482725445517,0.6,/work3/arnaou/checkpoints/groupgat_Tc_trial_475_best_state.pt,"{'learning_rate': 0.0037016482725445517, 'lr_reduce': 0.6}",TPESampler,COMPLETE
