number,value,datetime_start,datetime_complete,duration,params_L1_dropout,params_L1_hidden_dim,params_L1_layers_atom,params_L1_layers_mol,params_L1_out_dim,params_L2_dropout,params_L2_hidden_dim,params_L2_layers_atom,params_L2_layers_mol,params_L2_out_dim,params_L3_dropout,params_L3_hidden_dim,params_L3_layers_atom,params_L3_layers_mol,params_L3_out_dim,params_final_dropout,params_mlp_dim_0,params_mlp_dim_1,params_mlp_dim_2,params_n_mlp_layers,params_num_heads,params_train_learning_rate,params_train_lr_reduce,user_attrs_best_state_dict_path,user_attrs_training_params,system_attrs_auto:sampler,state
1852,0.01756620965898037,2025-04-26 11:10:08.237591,2025-04-26 11:11:40.197731,0 days 00:01:31.960140,0.06552638672029908,176,4,4,32,0.2997921177261387,256,1,1,128,0.11375990580761773,32,3,1,112,0.008760146320298326,104,368.0,,2,2,0.0009184136864594721,0.6,/work3/arnaou/checkpoints/groupgat_Tc_trial_1852_best_state.pt,"{'learning_rate': 0.0009184136864594721, 'lr_reduce': 0.6}",TPESampler,COMPLETE
1853,0.031383831053972244,2025-04-26 11:10:40.134005,2025-04-26 11:12:24.856502,0 days 00:01:44.722497,0.19686078901034892,96,4,2,96,0.13492463800500765,240,3,1,80,0.16995222256462178,80,4,4,64,0.0354620833822091,184,32.0,328.0,3,2,0.005479543581633825,0.6,/work3/arnaou/checkpoints/groupgat_Tc_trial_1853_best_state.pt,"{'learning_rate': 0.005479543581633825, 'lr_reduce': 0.6}",TPESampler,COMPLETE
1854,0.03443962708115578,2025-04-26 11:11:21.167063,2025-04-26 11:13:58.205727,0 days 00:02:37.038664,0.19560955867572238,96,1,2,48,0.18364908233355803,224,2,3,128,0.16152355186053632,64,4,1,48,0.2891284809430542,120,112.0,72.0,3,1,0.00022860747307830047,0.6,/work3/arnaou/checkpoints/groupgat_Tc_trial_1854_best_state.pt,"{'learning_rate': 0.00022860747307830047, 'lr_reduce': 0.6}",TPESampler,COMPLETE
1855,0.02027328871190548,2025-04-26 11:11:40.475801,2025-04-26 11:14:31.837515,0 days 00:02:51.361714,0.007277796969600329,208,3,2,32,0.24884875763575115,224,1,4,112,0.111664817543574,112,3,1,64,0.1918761418557456,136,512.0,256.0,3,2,0.0011560614732396323,0.6,/work3/arnaou/checkpoints/groupgat_Tc_trial_1855_best_state.pt,"{'learning_rate': 0.0011560614732396323, 'lr_reduce': 0.6}",TPESampler,COMPLETE
1856,0.014210094697773457,2025-04-26 11:12:25.128104,2025-04-26 11:14:51.744163,0 days 00:02:26.616059,0.02922719133962231,256,4,4,64,0.040314081407391185,128,1,3,112,0.2796323010659889,112,2,3,112,0.29448260803560156,96,176.0,152.0,3,1,0.00020739140586881191,0.6,/work3/arnaou/checkpoints/groupgat_Tc_trial_1856_best_state.pt,"{'learning_rate': 0.00020739140586881191, 'lr_reduce': 0.6}",TPESampler,COMPLETE
1857,0.01661285199224949,2025-04-26 11:13:58.539244,2025-04-26 11:16:12.602830,0 days 00:02:14.063586,0.043362858893275506,208,3,3,64,0.025596666952097225,176,1,3,128,0.2742246929380679,128,2,2,96,0.247438629540491,56,96.0,296.0,3,2,0.0004839604338928747,0.6,/work3/arnaou/checkpoints/groupgat_Tc_trial_1857_best_state.pt,"{'learning_rate': 0.0004839604338928747, 'lr_reduce': 0.6}",TPESampler,COMPLETE
1858,0.02756379544734955,2025-04-26 11:14:32.086438,2025-04-26 11:16:33.592969,0 days 00:02:01.506531,0.0552570161433711,112,1,3,32,0.055248255932210104,224,4,3,96,0.20672308333812126,112,3,1,112,0.08858985840522199,40,152.0,,2,2,0.004009004875150511,0.6,/work3/arnaou/checkpoints/groupgat_Tc_trial_1858_best_state.pt,"{'learning_rate': 0.004009004875150511, 'lr_reduce': 0.6}",TPESampler,COMPLETE
1859,0.042211271822452545,2025-04-26 11:14:51.915685,2025-04-26 11:16:56.509243,0 days 00:02:04.593558,0.0513857402650333,144,4,4,112,0.07934888459636973,240,2,3,32,0.032275441136360744,96,2,2,48,0.13789989140265935,128,,,1,1,0.00019222137261969895,0.6,/work3/arnaou/checkpoints/groupgat_Tc_trial_1859_best_state.pt,"{'learning_rate': 0.00019222137261969895, 'lr_reduce': 0.6}",TPESampler,COMPLETE
1860,0.020319875329732895,2025-04-26 11:16:12.908538,2025-04-26 11:18:21.950035,0 days 00:02:09.041497,0.1027394149880343,112,2,2,32,0.007857904934067267,208,4,4,112,0.22165878549122597,80,4,2,128,0.1469341025727462,56,72.0,,2,2,0.002054846104295907,0.6,/work3/arnaou/checkpoints/groupgat_Tc_trial_1860_best_state.pt,"{'learning_rate': 0.002054846104295907, 'lr_reduce': 0.6}",TPESampler,COMPLETE
1861,0.03171640262007713,2025-04-26 11:16:33.822741,2025-04-26 11:18:57.111951,0 days 00:02:23.289210,0.2384270703829594,160,2,4,112,0.17663079758666353,112,4,2,32,0.1896110633869698,96,1,1,64,0.10637204479184527,136,224.0,216.0,3,1,0.0011405320096217015,0.6,/work3/arnaou/checkpoints/groupgat_Tc_trial_1861_best_state.pt,"{'learning_rate': 0.0011405320096217015, 'lr_reduce': 0.6}",TPESampler,COMPLETE
1862,0.019620468840003014,2025-04-26 11:16:56.682068,2025-04-26 11:18:35.770734,0 days 00:01:39.088666,0.013829032911357468,256,3,3,48,0.175487220761626,240,1,4,96,0.1493120988088441,64,3,2,96,0.09121896012061934,192,408.0,,2,2,0.0013663415400811628,0.6,/work3/arnaou/checkpoints/groupgat_Tc_trial_1862_best_state.pt,"{'learning_rate': 0.0013663415400811628, 'lr_reduce': 0.6}",TPESampler,COMPLETE
1863,0.020854689180850983,2025-04-26 11:18:22.113262,2025-04-26 11:20:42.855761,0 days 00:02:20.742499,0.05729802220614423,112,3,4,32,0.08561490444863085,256,3,3,80,0.295714199870163,128,4,1,112,0.14772953763660562,216,128.0,104.0,3,2,0.0003611958736921997,0.6,/work3/arnaou/checkpoints/groupgat_Tc_trial_1863_best_state.pt,"{'learning_rate': 0.0003611958736921997, 'lr_reduce': 0.6}",TPESampler,COMPLETE
1864,0.013693485409021378,2025-04-26 11:18:36.089052,2025-04-26 11:20:29.984731,0 days 00:01:53.895679,0.022168080828658267,256,3,3,48,0.20174936957770373,144,2,4,128,0.10946013244271335,80,4,1,80,0.1593588625847836,152,328.0,368.0,3,2,0.0005253649000778027,0.6,/work3/arnaou/checkpoints/groupgat_Tc_trial_1864_best_state.pt,"{'learning_rate': 0.0005253649000778027, 'lr_reduce': 0.6}",TPESampler,COMPLETE
1865,0.017695974558591843,2025-04-26 11:18:57.351824,2025-04-26 11:20:36.658889,0 days 00:01:39.307065,0.030352819490661584,224,4,3,64,0.0386084542760064,128,4,3,32,0.18581815579947367,32,4,3,112,0.23031244140330015,288,64.0,432.0,3,1,0.0022084127867354106,0.6,/work3/arnaou/checkpoints/groupgat_Tc_trial_1865_best_state.pt,"{'learning_rate': 0.0022084127867354106, 'lr_reduce': 0.6}",TPESampler,COMPLETE
1866,0.019783804193139076,2025-04-26 11:20:30.173507,2025-04-26 11:21:44.537000,0 days 00:01:14.363493,0.08558435829200013,144,2,2,32,0.07473644820589975,208,4,4,128,0.2561821680885523,112,2,1,128,0.07833800718212561,56,104.0,64.0,3,2,0.001875127389480079,0.6,/work3/arnaou/checkpoints/groupgat_Tc_trial_1866_best_state.pt,"{'learning_rate': 0.001875127389480079, 'lr_reduce': 0.6}",TPESampler,COMPLETE
1867,0.017338396981358528,2025-04-26 11:20:37.031401,2025-04-26 11:22:26.627772,0 days 00:01:49.596371,0.12483059711155556,208,4,4,48,0.0294051778076622,192,1,3,128,0.19951514237198442,80,3,2,96,0.2825535319887946,32,168.0,264.0,3,2,0.0014226903771602847,0.6,/work3/arnaou/checkpoints/groupgat_Tc_trial_1867_best_state.pt,"{'learning_rate': 0.0014226903771602847, 'lr_reduce': 0.6}",TPESampler,COMPLETE
1868,0.02034333534538746,2025-04-26 11:20:43.129575,2025-04-26 11:23:03.831169,0 days 00:02:20.701594,0.17372295722927134,176,2,4,64,0.2022131509248256,208,2,1,96,0.1266215945746899,80,1,3,64,0.1684545844705213,448,104.0,192.0,3,2,0.002732267645972224,0.6,/work3/arnaou/checkpoints/groupgat_Tc_trial_1868_best_state.pt,"{'learning_rate': 0.002732267645972224, 'lr_reduce': 0.6}",TPESampler,COMPLETE
1869,0.01590535044670105,2025-04-26 11:21:44.785490,2025-04-26 11:23:34.498086,0 days 00:01:49.712596,0.05953048885846014,256,3,4,32,0.2278343622215746,192,2,3,96,0.13381275982258584,64,3,1,96,0.20254231710332,200,136.0,32.0,3,2,0.0007402095852463371,0.6,/work3/arnaou/checkpoints/groupgat_Tc_trial_1869_best_state.pt,"{'learning_rate': 0.0007402095852463371, 'lr_reduce': 0.6}",TPESampler,COMPLETE
1870,0.021953539922833443,2025-04-26 11:22:26.935292,2025-04-26 11:25:28.901283,0 days 00:03:01.965991,0.07834499511739659,176,2,4,80,0.2104409463342725,176,3,4,96,0.027007359919114828,32,4,2,96,0.04035820240688825,456,32.0,312.0,3,2,0.0006064484667803442,0.6,/work3/arnaou/checkpoints/groupgat_Tc_trial_1870_best_state.pt,"{'learning_rate': 0.0006064484667803442, 'lr_reduce': 0.6}",TPESampler,COMPLETE
1871,0.01354555506259203,2025-04-26 11:23:04.064474,2025-04-26 11:24:57.262131,0 days 00:01:53.197657,0.0021843854833711457,256,4,4,32,0.030715704501299144,160,1,3,112,0.19768604655691258,112,3,3,64,0.2632682263297693,72,72.0,112.0,3,2,0.0013219567954126914,0.6,/work3/arnaou/checkpoints/groupgat_Tc_trial_1871_best_state.pt,"{'learning_rate': 0.0013219567954126914, 'lr_reduce': 0.6}",TPESampler,COMPLETE
1872,0.08758141845464706,2025-04-26 11:23:34.724535,2025-04-26 11:27:20.677800,0 days 00:03:45.953265,0.06220884404172107,160,4,3,48,0.11162527786402085,96,4,4,128,0.11554279423068436,96,4,2,96,0.15671919399811696,56,376.0,240.0,3,1,0.0009590567311047746,0.6,/work3/arnaou/checkpoints/groupgat_Tc_trial_1872_best_state.pt,"{'learning_rate': 0.0009590567311047746, 'lr_reduce': 0.6}",TPESampler,COMPLETE
1873,0.0178089439868927,2025-04-26 11:24:57.493507,2025-04-26 11:27:11.086532,0 days 00:02:13.593025,0.02238603029218371,112,3,2,48,0.08465999688501691,240,4,4,128,0.2960264346412041,112,4,1,128,0.07934641520704963,104,184.0,,2,2,0.003038341593352929,0.6,/work3/arnaou/checkpoints/groupgat_Tc_trial_1873_best_state.pt,"{'learning_rate': 0.003038341593352929, 'lr_reduce': 0.6}",TPESampler,COMPLETE
1874,0.035255178809165955,2025-04-26 11:25:29.239401,2025-04-26 11:26:49.869981,0 days 00:01:20.630580,0.1604231424650068,224,3,2,96,0.12277058137015645,144,2,1,64,0.0017647303973898076,96,1,2,32,0.08219544858702463,368,128.0,288.0,3,1,0.006054663439965829,0.6,/work3/arnaou/checkpoints/groupgat_Tc_trial_1874_best_state.pt,"{'learning_rate': 0.006054663439965829, 'lr_reduce': 0.6}",TPESampler,COMPLETE
1875,0.02753661945462227,2025-04-26 11:26:50.086768,2025-04-26 11:28:43.153507,0 days 00:01:53.066739,0.09626072186189938,96,4,4,96,0.02917750758534398,96,1,2,96,0.07581637603149591,128,3,1,128,0.14485181012593437,88,440.0,344.0,3,2,0.0010837183851187858,0.6,/work3/arnaou/checkpoints/groupgat_Tc_trial_1875_best_state.pt,"{'learning_rate': 0.0010837183851187858, 'lr_reduce': 0.6}",TPESampler,COMPLETE
1876,0.03989216685295105,2025-04-26 11:27:11.411430,2025-04-26 11:29:43.857034,0 days 00:02:32.445604,0.23448422569111094,160,4,1,64,0.12450597129024185,96,2,3,80,0.009970715588759144,112,4,2,48,0.21696850521479064,288,80.0,,2,2,0.0008513177531984183,0.6,/work3/arnaou/checkpoints/groupgat_Tc_trial_1876_best_state.pt,"{'learning_rate': 0.0008513177531984183, 'lr_reduce': 0.6}",TPESampler,COMPLETE
1877,0.016463765874505043,2025-04-26 11:27:21.021406,2025-04-26 11:29:51.708319,0 days 00:02:30.686913,0.010828946910291766,256,4,4,64,0.14537413037055366,224,1,2,96,0.29972060080993895,80,2,3,64,0.2834711452286869,104,104.0,152.0,3,2,0.0001765474799663025,0.6,/work3/arnaou/checkpoints/groupgat_Tc_trial_1877_best_state.pt,"{'learning_rate': 0.0001765474799663025, 'lr_reduce': 0.6}",TPESampler,COMPLETE
1878,0.024700718000531197,2025-04-26 11:28:43.401873,2025-04-26 11:29:55.859776,0 days 00:01:12.457903,0.1420472178977183,64,4,3,80,0.18882866746971946,128,3,2,32,0.25266967822441827,96,4,2,112,0.0669294687144501,80,160.0,,2,1,0.0055455585140862275,0.6,/work3/arnaou/checkpoints/groupgat_Tc_trial_1878_best_state.pt,"{'learning_rate': 0.0055455585140862275, 'lr_reduce': 0.6}",TPESampler,COMPLETE
1879,0.03683536499738693,2025-04-26 11:29:44.202022,2025-04-26 11:31:24.491945,0 days 00:01:40.289923,0.15972166746273797,112,3,1,128,0.2732014805797304,80,2,3,32,0.16994979736093044,128,1,2,96,0.14636152512640233,48,,,1,2,0.0014094428922193758,0.6,/work3/arnaou/checkpoints/groupgat_Tc_trial_1879_best_state.pt,"{'learning_rate': 0.0014094428922193758, 'lr_reduce': 0.6}",TPESampler,COMPLETE
1880,0.035217780619859695,2025-04-26 11:29:51.975264,2025-04-26 11:31:39.402700,0 days 00:01:47.427436,0.2439036112861433,112,4,3,96,0.26792167749129886,64,3,1,32,0.25468861046585267,128,4,2,80,0.14396056282016287,496,72.0,240.0,3,2,0.0014986086800038167,0.6,/work3/arnaou/checkpoints/groupgat_Tc_trial_1880_best_state.pt,"{'learning_rate': 0.0014986086800038167, 'lr_reduce': 0.6}",TPESampler,COMPLETE
1881,0.030574481934309006,2025-04-26 11:29:56.183183,2025-04-26 11:31:58.072078,0 days 00:02:01.888895,0.09823414514640363,192,4,4,64,0.11695909462903797,224,1,1,96,0.02950172487567035,64,3,1,48,0.2563500273175453,184,,,1,2,0.0075561185463708805,0.6,/work3/arnaou/checkpoints/groupgat_Tc_trial_1881_best_state.pt,"{'learning_rate': 0.0075561185463708805, 'lr_reduce': 0.6}",TPESampler,COMPLETE
1882,0.01841258630156517,2025-04-26 11:31:24.682462,2025-04-26 11:33:36.305498,0 days 00:02:11.623036,0.030322496158602462,192,1,4,64,0.2542656812275236,224,3,4,128,0.03169881403212192,48,4,1,128,0.12592306690002503,512,288.0,32.0,3,2,0.0007147892922604231,0.6,/work3/arnaou/checkpoints/groupgat_Tc_trial_1882_best_state.pt,"{'learning_rate': 0.0007147892922604231, 'lr_reduce': 0.6}",TPESampler,COMPLETE
1883,0.014891020022332668,2025-04-26 11:31:39.789624,2025-04-26 11:34:01.146244,0 days 00:02:21.356620,0.09323504587195078,192,3,3,80,0.2694841191743233,192,3,3,128,0.20421508925912307,48,3,1,128,0.09794056540588925,304,128.0,104.0,3,2,0.0016510180039201105,0.6,/work3/arnaou/checkpoints/groupgat_Tc_trial_1883_best_state.pt,"{'learning_rate': 0.0016510180039201105, 'lr_reduce': 0.6}",TPESampler,COMPLETE
1884,0.025942765176296234,2025-04-26 11:31:58.245715,2025-04-26 11:33:53.112731,0 days 00:01:54.867016,0.18985910563350142,224,2,1,128,0.17718329098366056,96,4,4,112,0.28402326949930656,128,2,1,48,0.18568466262489677,408,,,1,2,0.003054836491453517,0.6,/work3/arnaou/checkpoints/groupgat_Tc_trial_1884_best_state.pt,"{'learning_rate': 0.003054836491453517, 'lr_reduce': 0.6}",TPESampler,COMPLETE
1885,0.017219144850969315,2025-04-26 11:33:36.549134,2025-04-26 11:35:51.848527,0 days 00:02:15.299393,0.009038076751355723,256,3,2,48,0.01781904726138956,208,2,3,128,0.25374279328525484,128,2,1,112,0.14765040935396206,64,216.0,280.0,3,2,0.0005046289960288484,0.6,/work3/arnaou/checkpoints/groupgat_Tc_trial_1885_best_state.pt,"{'learning_rate': 0.0005046289960288484, 'lr_reduce': 0.6}",TPESampler,COMPLETE
1886,0.020037440583109856,2025-04-26 11:33:53.296492,2025-04-26 11:35:53.860319,0 days 00:02:00.563827,0.0772108904257948,208,1,2,64,0.10547657563943724,176,1,2,112,0.008050381632111081,32,1,1,64,0.08293023116856695,64,32.0,72.0,3,1,0.00042302906854044817,0.6,/work3/arnaou/checkpoints/groupgat_Tc_trial_1886_best_state.pt,"{'learning_rate': 0.00042302906854044817, 'lr_reduce': 0.6}",TPESampler,COMPLETE
1887,0.017501555383205414,2025-04-26 11:34:01.489404,2025-04-26 11:35:52.268566,0 days 00:01:50.779162,0.003171160542737604,192,3,2,32,0.12813479298470012,224,4,4,128,0.1888771289660497,128,4,1,128,0.10663807836699685,56,96.0,,2,2,0.003997944784629276,0.6,/work3/arnaou/checkpoints/groupgat_Tc_trial_1887_best_state.pt,"{'learning_rate': 0.003997944784629276, 'lr_reduce': 0.6}",TPESampler,COMPLETE
1888,0.016230124980211258,2025-04-26 11:35:52.040767,2025-04-26 11:38:01.133958,0 days 00:02:09.093191,0.08916583378822632,240,4,3,80,0.09508674064808723,240,2,4,128,0.29846623976826364,128,1,2,112,0.28922138591656144,224,344.0,192.0,3,2,0.0002377841893480603,0.6,/work3/arnaou/checkpoints/groupgat_Tc_trial_1888_best_state.pt,"{'learning_rate': 0.0002377841893480603, 'lr_reduce': 0.6}",TPESampler,COMPLETE
1889,0.01630440726876259,2025-04-26 11:35:52.574677,2025-04-26 11:37:41.134544,0 days 00:01:48.559867,0.022021792604592017,128,4,3,48,0.07395812863517,128,3,2,48,0.19091104376603035,48,4,2,128,0.15529099016769987,168,152.0,,2,1,0.002060058916230209,0.6,/work3/arnaou/checkpoints/groupgat_Tc_trial_1889_best_state.pt,"{'learning_rate': 0.002060058916230209, 'lr_reduce': 0.6}",TPESampler,COMPLETE
1890,0.014422542415559292,2025-04-26 11:35:54.115941,2025-04-26 11:37:41.164900,0 days 00:01:47.048959,0.006304865336450827,224,4,3,32,0.07525821725164916,176,2,3,96,0.22415664844171024,96,1,3,128,0.07079811079481103,176,400.0,248.0,3,2,0.0009546670727528952,0.6,/work3/arnaou/checkpoints/groupgat_Tc_trial_1890_best_state.pt,"{'learning_rate': 0.0009546670727528952, 'lr_reduce': 0.6}",TPESampler,COMPLETE
1891,0.09461542218923569,2025-04-26 11:37:41.277451,2025-04-26 11:39:30.860068,0 days 00:01:49.582617,0.05324963306801141,176,2,3,112,0.27498898092749313,240,4,3,48,0.2186513615458315,112,3,2,64,0.0997283411818953,272,,,1,2,0.0002440684087798724,0.6,/work3/arnaou/checkpoints/groupgat_Tc_trial_1891_best_state.pt,"{'learning_rate': 0.0002440684087798724, 'lr_reduce': 0.6}",TPESampler,COMPLETE
1892,0.03329046443104744,2025-04-26 11:37:41.319152,2025-04-26 11:39:54.673528,0 days 00:02:13.354376,0.22006479375035676,160,1,3,48,0.06211349108507641,160,3,3,32,0.10943809015655945,128,2,2,80,0.19935501144978834,120,96.0,392.0,3,1,0.00024335571537724714,0.6,/work3/arnaou/checkpoints/groupgat_Tc_trial_1892_best_state.pt,"{'learning_rate': 0.00024335571537724714, 'lr_reduce': 0.6}",TPESampler,COMPLETE
1893,0.015784626826643944,2025-04-26 11:38:01.598391,2025-04-26 11:39:34.622859,0 days 00:01:33.024468,0.0914938199611422,160,4,4,80,0.0883576321484481,96,1,4,96,0.16672280410305862,128,4,1,128,0.22113059650005876,120,128.0,320.0,3,2,0.001103894328199594,0.6,/work3/arnaou/checkpoints/groupgat_Tc_trial_1893_best_state.pt,"{'learning_rate': 0.001103894328199594, 'lr_reduce': 0.6}",TPESampler,COMPLETE
1894,0.04450923204421997,2025-04-26 11:39:31.156876,2025-04-26 11:41:50.996195,0 days 00:02:19.839319,0.23791893954744958,208,1,3,32,0.1719011595513306,176,1,4,80,0.11058384907163513,112,3,4,48,0.23750141284226828,232,64.0,72.0,3,1,0.00021116131480636578,0.6,/work3/arnaou/checkpoints/groupgat_Tc_trial_1894_best_state.pt,"{'learning_rate': 0.00021116131480636578, 'lr_reduce': 0.6}",TPESampler,COMPLETE
1895,0.015277831815183163,2025-04-26 11:39:34.866270,2025-04-26 11:41:26.351265,0 days 00:01:51.484995,0.021844682952597644,160,4,4,48,0.24526358627326872,256,1,1,128,0.18576429554064444,80,3,1,128,0.026386226033197888,56,192.0,,2,2,0.000627960381411441,0.6,/work3/arnaou/checkpoints/groupgat_Tc_trial_1895_best_state.pt,"{'learning_rate': 0.000627960381411441, 'lr_reduce': 0.6}",TPESampler,COMPLETE
1896,0.01694200187921524,2025-04-26 11:39:55.028427,2025-04-26 11:41:54.504324,0 days 00:01:59.475897,0.008291749468625464,208,2,4,80,0.1441100139828254,240,1,1,80,0.09736772411175379,48,3,3,112,0.08838876248338157,168,472.0,,2,2,0.00044709390240319776,0.6,/work3/arnaou/checkpoints/groupgat_Tc_trial_1896_best_state.pt,"{'learning_rate': 0.00044709390240319776, 'lr_reduce': 0.6}",TPESampler,COMPLETE
1897,0.01711576245725155,2025-04-26 11:41:26.621192,2025-04-26 11:43:36.097565,0 days 00:02:09.476373,0.01574029220539526,240,4,4,64,0.018781653988823945,256,1,3,128,0.269684852448867,96,2,3,96,0.22578437375310156,40,128.0,280.0,3,2,0.00028750139996609763,0.6,/work3/arnaou/checkpoints/groupgat_Tc_trial_1897_best_state.pt,"{'learning_rate': 0.00028750139996609763, 'lr_reduce': 0.6}",TPESampler,COMPLETE
1898,0.021791065111756325,2025-04-26 11:41:51.194674,2025-04-26 11:45:18.681999,0 days 00:03:27.487325,0.02437855715458009,192,4,3,32,0.05626668867102712,224,2,3,96,0.2970924760437939,48,2,2,96,0.13948454264900673,128,64.0,,2,2,0.001899190247514978,0.6,/work3/arnaou/checkpoints/groupgat_Tc_trial_1898_best_state.pt,"{'learning_rate': 0.001899190247514978, 'lr_reduce': 0.6}",TPESampler,COMPLETE
1899,0.014973267912864685,2025-04-26 11:41:54.755234,2025-04-26 11:43:43.886983,0 days 00:01:49.131749,0.021520224028498618,128,4,3,80,0.28868566605900237,224,1,4,128,0.15585993921571484,48,2,1,80,0.09538263952467343,72,160.0,32.0,3,2,0.0011489322205040238,0.6,/work3/arnaou/checkpoints/groupgat_Tc_trial_1899_best_state.pt,"{'learning_rate': 0.0011489322205040238, 'lr_reduce': 0.6}",TPESampler,COMPLETE
1900,0.01673591509461403,2025-04-26 11:43:36.298064,2025-04-26 11:45:20.882937,0 days 00:01:44.584873,0.05531792519074859,256,1,1,48,0.13919778175251268,256,3,4,80,0.07339063226005085,64,3,4,112,0.1750852744204374,320,96.0,,2,2,0.004132054601774667,0.6,/work3/arnaou/checkpoints/groupgat_Tc_trial_1900_best_state.pt,"{'learning_rate': 0.004132054601774667, 'lr_reduce': 0.6}",TPESampler,COMPLETE
1901,0.02009900100529194,2025-04-26 11:43:44.177685,2025-04-26 11:45:46.653977,0 days 00:02:02.476292,0.09840021196162706,208,4,4,128,0.09644441326886433,64,2,3,80,0.1410132398400197,128,4,1,128,0.20526124317795386,112,408.0,224.0,3,2,0.0009418073659325681,0.6,/work3/arnaou/checkpoints/groupgat_Tc_trial_1901_best_state.pt,"{'learning_rate': 0.0009418073659325681, 'lr_reduce': 0.6}",TPESampler,COMPLETE
1902,0.04096786305308342,2025-04-26 11:45:18.887158,2025-04-26 11:47:03.543206,0 days 00:01:44.656048,0.0941379337097111,224,4,3,80,0.179460344256453,144,1,4,64,0.20062672942921111,32,2,3,112,0.27833122346304984,312,104.0,352.0,3,2,0.0002734367886395723,0.6,/work3/arnaou/checkpoints/groupgat_Tc_trial_1902_best_state.pt,"{'learning_rate': 0.0002734367886395723, 'lr_reduce': 0.6}",TPESampler,COMPLETE
1903,0.01811959780752659,2025-04-26 11:45:21.190201,2025-04-26 11:47:12.374077,0 days 00:01:51.183876,0.03350977383389886,208,3,3,32,0.22912076600881026,176,2,4,128,0.11504876639424712,128,4,1,48,0.2566569241908879,176,32.0,112.0,3,2,0.0009166457701963852,0.6,/work3/arnaou/checkpoints/groupgat_Tc_trial_1903_best_state.pt,"{'learning_rate': 0.0009166457701963852, 'lr_reduce': 0.6}",TPESampler,COMPLETE
1904,0.017611751332879066,2025-04-26 11:45:46.943913,2025-04-26 11:47:14.066117,0 days 00:01:27.122204,0.05411216720416173,208,4,4,64,0.1685812903116069,240,1,1,128,0.11214187663807729,80,2,1,96,0.10051348476780378,96,168.0,,2,1,0.0009281180396585764,0.6,/work3/arnaou/checkpoints/groupgat_Tc_trial_1904_best_state.pt,"{'learning_rate': 0.0009281180396585764, 'lr_reduce': 0.6}",TPESampler,COMPLETE
