number,value,datetime_start,datetime_complete,duration,params_L1_dropout,params_L1_hidden_dim,params_L1_layers_atom,params_L1_layers_mol,params_L1_out_dim,params_L2_dropout,params_L2_hidden_dim,params_L2_layers_atom,params_L2_layers_mol,params_L2_out_dim,params_L3_dropout,params_L3_hidden_dim,params_L3_layers_atom,params_L3_layers_mol,params_L3_out_dim,params_final_dropout,params_mlp_dim_0,params_mlp_dim_1,params_mlp_dim_2,params_n_mlp_layers,params_num_heads,params_train_learning_rate,params_train_lr_reduce,user_attrs_best_state_dict_path,user_attrs_training_params,system_attrs_auto:sampler,state
2382,0.015765970572829247,2025-04-27 00:42:06.293528,2025-04-27 00:44:14.065958,0 days 00:02:07.772430,0.057423474142619835,208,3,3,48,0.0196911377747418,208,2,3,112,0.2961358655541467,96,3,2,96,0.13115242156590548,48,216.0,104.0,3,2,0.0008380627636909981,0.6,/work3/arnaou/checkpoints/groupgat_Tc_trial_2382_best_state.pt,"{'learning_rate': 0.0008380627636909981, 'lr_reduce': 0.6}",TPESampler,COMPLETE
2383,0.023966550827026367,2025-04-27 00:42:33.711834,2025-04-27 00:44:19.299593,0 days 00:01:45.587759,0.2184377612547554,160,1,2,80,0.20777199796989962,208,4,1,128,0.11238251268529495,64,2,1,112,0.2403574883461157,336,200.0,256.0,3,1,0.0007018398054934619,0.6,/work3/arnaou/checkpoints/groupgat_Tc_trial_2383_best_state.pt,"{'learning_rate': 0.0007018398054934619, 'lr_reduce': 0.6}",TPESampler,COMPLETE
2384,0.016180993989109993,2025-04-27 00:42:42.280435,2025-04-27 00:44:50.536408,0 days 00:02:08.255973,0.0178672085769917,80,4,2,64,0.2893255621777919,208,3,3,96,0.1763164571765216,64,4,1,80,0.001067064961465798,80,216.0,,2,2,0.0009559590347526827,0.6,/work3/arnaou/checkpoints/groupgat_Tc_trial_2384_best_state.pt,"{'learning_rate': 0.0009559590347526827, 'lr_reduce': 0.6}",TPESampler,COMPLETE
2385,0.08540260046720505,2025-04-27 00:44:14.289873,2025-04-27 00:46:03.707536,0 days 00:01:49.417663,0.1402067064464549,192,1,4,112,0.11427513839769088,128,3,4,96,0.1371256426418576,32,3,2,80,0.25960593298985996,176,,,1,1,0.00023534978029775383,0.6,/work3/arnaou/checkpoints/groupgat_Tc_trial_2385_best_state.pt,"{'learning_rate': 0.00023534978029775383, 'lr_reduce': 0.6}",TPESampler,COMPLETE
2386,0.038801826536655426,2025-04-27 00:44:19.491894,2025-04-27 00:45:58.957950,0 days 00:01:39.466056,0.07044733998776462,160,4,1,128,0.17297491866748538,208,1,3,64,0.2579275486185017,96,1,3,112,0.11221621696526926,464,208.0,,2,2,0.0025989886296092423,0.6,/work3/arnaou/checkpoints/groupgat_Tc_trial_2386_best_state.pt,"{'learning_rate': 0.0025989886296092423, 'lr_reduce': 0.6}",TPESampler,COMPLETE
2387,0.06364160776138306,2025-04-27 00:44:50.965178,2025-04-27 00:46:36.395385,0 days 00:01:45.430207,0.03918673037000279,224,4,1,32,0.2762902163922791,64,2,4,112,0.1675797892749677,112,4,1,32,0.09789050054325668,288,248.0,336.0,3,2,0.0009638766127578847,0.6,/work3/arnaou/checkpoints/groupgat_Tc_trial_2387_best_state.pt,"{'learning_rate': 0.0009638766127578847, 'lr_reduce': 0.6}",TPESampler,COMPLETE
2388,0.01452578790485859,2025-04-27 00:45:59.305476,2025-04-27 00:48:08.232134,0 days 00:02:08.926658,0.0005951213052809885,192,3,2,32,0.281938437345463,128,2,4,96,0.18088042095837478,48,4,2,96,0.09933882089062837,64,200.0,,2,2,0.00040699237270288777,0.6,/work3/arnaou/checkpoints/groupgat_Tc_trial_2388_best_state.pt,"{'learning_rate': 0.00040699237270288777, 'lr_reduce': 0.6}",TPESampler,COMPLETE
2389,0.03630596771836281,2025-04-27 00:46:03.927390,2025-04-27 00:47:59.059544,0 days 00:01:55.132154,0.19003986011310553,208,4,3,96,0.1055648224040141,128,4,1,112,0.17907141784223488,128,3,4,48,0.17445577491909153,504,,,1,1,0.0018660927600672509,0.6,/work3/arnaou/checkpoints/groupgat_Tc_trial_2389_best_state.pt,"{'learning_rate': 0.0018660927600672509, 'lr_reduce': 0.6}",TPESampler,COMPLETE
2390,0.021363766863942146,2025-04-27 00:46:36.619656,2025-04-27 00:48:08.194378,0 days 00:01:31.574722,0.06884766613922916,256,3,3,48,0.2440328765043488,176,3,4,80,0.0854892154563921,96,4,1,112,0.1352938440913841,128,200.0,,2,2,0.003627623234216128,0.6,/work3/arnaou/checkpoints/groupgat_Tc_trial_2390_best_state.pt,"{'learning_rate': 0.003627623234216128, 'lr_reduce': 0.6}",TPESampler,COMPLETE
2391,0.014129137620329857,2025-04-27 00:47:59.286040,2025-04-27 00:50:53.088483,0 days 00:02:53.802443,0.0011172254034034976,208,4,4,48,0.10966434762252297,224,1,3,128,0.2950024318670812,96,3,1,112,0.21330802107749128,208,200.0,304.0,3,2,0.00024412945110033785,0.6,/work3/arnaou/checkpoints/groupgat_Tc_trial_2391_best_state.pt,"{'learning_rate': 0.00024412945110033785, 'lr_reduce': 0.6}",TPESampler,COMPLETE
2392,0.014679777435958385,2025-04-27 00:48:08.383001,2025-04-27 00:50:45.058641,0 days 00:02:36.675640,0.015027135143052091,240,2,3,48,0.02191652400819552,144,3,2,96,0.29457142944293857,112,4,3,112,0.1033507559364808,176,248.0,,2,1,0.000395544255982884,0.6,/work3/arnaou/checkpoints/groupgat_Tc_trial_2392_best_state.pt,"{'learning_rate': 0.000395544255982884, 'lr_reduce': 0.6}",TPESampler,COMPLETE
2393,0.022275665774941444,2025-04-27 00:48:08.468264,2025-04-27 00:50:47.850003,0 days 00:02:39.381739,0.11009557046772625,224,3,3,64,0.1529751574752957,128,1,4,96,0.06998420044169591,112,4,1,64,0.05301270897433884,40,,,1,2,0.004249935111529569,0.6,/work3/arnaou/checkpoints/groupgat_Tc_trial_2393_best_state.pt,"{'learning_rate': 0.004249935111529569, 'lr_reduce': 0.6}",TPESampler,COMPLETE
2394,0.03175122290849686,2025-04-27 00:50:45.295131,2025-04-27 00:52:51.141101,0 days 00:02:05.845970,0.04789211189638804,192,3,3,32,0.24995876636718956,240,1,4,64,0.13091978938571733,96,4,1,64,0.09447957635600684,48,184.0,,2,2,0.00019205255511764227,0.6,/work3/arnaou/checkpoints/groupgat_Tc_trial_2394_best_state.pt,"{'learning_rate': 0.00019205255511764227, 'lr_reduce': 0.6}",TPESampler,COMPLETE
2395,0.019380610436201096,2025-04-27 00:50:48.227244,2025-04-27 00:53:00.803623,0 days 00:02:12.576379,0.053432753416494616,160,3,3,48,0.13735877231339164,160,4,3,32,0.15062287950938688,80,4,3,128,0.16043896634627983,264,192.0,72.0,3,1,0.00047053195120746365,0.6,/work3/arnaou/checkpoints/groupgat_Tc_trial_2395_best_state.pt,"{'learning_rate': 0.00047053195120746365, 'lr_reduce': 0.6}",TPESampler,COMPLETE
2396,0.022727083414793015,2025-04-27 00:50:53.454858,2025-04-27 00:52:49.037814,0 days 00:01:55.582956,0.000446525379651291,208,2,1,32,0.28680524210313246,144,1,4,112,0.16156668538531269,112,4,1,80,0.13444389296344383,40,200.0,248.0,3,2,0.00028838715893845954,0.6,/work3/arnaou/checkpoints/groupgat_Tc_trial_2396_best_state.pt,"{'learning_rate': 0.00028838715893845954, 'lr_reduce': 0.6}",TPESampler,COMPLETE
2397,0.019615551456809044,2025-04-27 00:52:49.319214,2025-04-27 00:55:14.820004,0 days 00:02:25.500790,0.07643471032435246,208,3,2,32,0.2658915056394922,160,3,4,112,0.13220977921640842,96,4,2,96,0.11437775925101297,32,192.0,,2,2,0.0009771212626206059,0.6,/work3/arnaou/checkpoints/groupgat_Tc_trial_2397_best_state.pt,"{'learning_rate': 0.0009771212626206059, 'lr_reduce': 0.6}",TPESampler,COMPLETE
2398,0.05020603910088539,2025-04-27 00:52:51.464506,2025-04-27 00:54:39.466088,0 days 00:01:48.001582,0.285317013370638,144,3,1,48,0.15958601197589894,208,2,2,96,0.08045773036090362,32,3,4,112,0.05933274671878204,216,248.0,,2,1,0.0031715519258205898,0.6,/work3/arnaou/checkpoints/groupgat_Tc_trial_2398_best_state.pt,"{'learning_rate': 0.0031715519258205898, 'lr_reduce': 0.6}",TPESampler,COMPLETE
2399,0.021611150354146957,2025-04-27 00:53:01.238645,2025-04-27 00:55:03.078371,0 days 00:02:01.839726,0.20137539486576037,176,1,1,96,0.01269449806948525,176,3,4,64,0.19417224022298257,80,1,4,48,0.1381732614325475,472,200.0,368.0,3,2,0.005545921209491538,0.6,/work3/arnaou/checkpoints/groupgat_Tc_trial_2399_best_state.pt,"{'learning_rate': 0.005545921209491538, 'lr_reduce': 0.6}",TPESampler,COMPLETE
2400,0.01901599019765854,2025-04-27 00:54:39.743451,2025-04-27 00:56:24.017499,0 days 00:01:44.274048,0.01908894313665108,144,2,4,112,0.18227006358189657,64,2,2,96,0.29055449162079233,112,4,2,112,0.21725664993134694,32,184.0,296.0,3,2,0.0007736649867475695,0.6,/work3/arnaou/checkpoints/groupgat_Tc_trial_2400_best_state.pt,"{'learning_rate': 0.0007736649867475695, 'lr_reduce': 0.6}",TPESampler,COMPLETE
2401,0.023723870515823364,2025-04-27 00:55:03.415891,2025-04-27 00:56:38.502754,0 days 00:01:35.086863,0.02562621991612386,208,3,2,48,0.2691875900757166,176,1,4,112,0.15284908339508627,96,4,2,80,0.0936559612279986,104,176.0,,2,1,0.0018896973879897335,0.6,/work3/arnaou/checkpoints/groupgat_Tc_trial_2401_best_state.pt,"{'learning_rate': 0.0018896973879897335, 'lr_reduce': 0.6}",TPESampler,COMPLETE
2402,0.025658560916781425,2025-04-27 00:55:15.206005,2025-04-27 00:57:25.288393,0 days 00:02:10.082388,0.2881787643909584,160,2,1,96,0.05404555451734172,96,2,4,80,0.22400207155494004,64,1,2,80,0.07935896293654238,264,176.0,200.0,3,1,0.003240786996039595,0.6,/work3/arnaou/checkpoints/groupgat_Tc_trial_2402_best_state.pt,"{'learning_rate': 0.003240786996039595, 'lr_reduce': 0.6}",TPESampler,COMPLETE
2403,0.020244672894477844,2025-04-27 00:56:24.261934,2025-04-27 00:59:44.623429,0 days 00:03:20.361495,0.017336600202829115,256,3,2,48,0.1833053109673738,96,2,4,112,0.11663963287940493,64,4,2,32,0.10921904773431174,296,176.0,128.0,3,2,0.001074540439373142,0.6,/work3/arnaou/checkpoints/groupgat_Tc_trial_2403_best_state.pt,"{'learning_rate': 0.001074540439373142, 'lr_reduce': 0.6}",TPESampler,COMPLETE
2404,0.04304926469922066,2025-04-27 00:56:38.911447,2025-04-27 00:59:13.648987,0 days 00:02:34.737540,0.1509665632552183,240,3,4,128,0.09987382150931007,128,1,2,128,0.10941862327364041,128,4,1,48,0.12225932515023792,496,224.0,,2,2,0.00010654714200546675,0.6,/work3/arnaou/checkpoints/groupgat_Tc_trial_2404_best_state.pt,"{'learning_rate': 0.00010654714200546675, 'lr_reduce': 0.6}",TPESampler,COMPLETE
2405,0.02054985985159874,2025-04-27 00:57:25.788034,2025-04-27 00:58:55.456318,0 days 00:01:29.668284,0.01298018502188553,224,4,2,32,0.27539623841946126,128,1,4,112,0.14674549625558408,96,4,2,32,0.22333495182304625,280,160.0,256.0,3,1,0.00123068440538507,0.6,/work3/arnaou/checkpoints/groupgat_Tc_trial_2405_best_state.pt,"{'learning_rate': 0.00123068440538507, 'lr_reduce': 0.6}",TPESampler,COMPLETE
2406,0.033616989850997925,2025-04-27 00:58:55.792623,2025-04-27 01:01:12.681886,0 days 00:02:16.889263,0.021886517833859996,192,3,1,48,0.28123152041538435,160,3,4,112,0.10772721124855951,48,4,1,96,0.015178867386594137,264,280.0,,2,2,0.0007160075655984286,0.6,/work3/arnaou/checkpoints/groupgat_Tc_trial_2406_best_state.pt,"{'learning_rate': 0.0007160075655984286, 'lr_reduce': 0.6}",TPESampler,COMPLETE
2407,0.01404417771846056,2025-04-27 00:59:14.065676,2025-04-27 01:01:46.329544,0 days 00:02:32.263868,0.006456485149398586,256,3,2,32,0.26448370929827597,176,3,4,64,0.17219540300103917,96,4,1,80,0.2048927156878365,232,168.0,72.0,3,2,0.0011627182955783024,0.6,/work3/arnaou/checkpoints/groupgat_Tc_trial_2407_best_state.pt,"{'learning_rate': 0.0011627182955783024, 'lr_reduce': 0.6}",TPESampler,COMPLETE
2408,0.026647653430700302,2025-04-27 00:59:44.943783,2025-04-27 01:02:20.132219,0 days 00:02:35.188436,0.018435984415750055,256,3,2,48,0.222447264985385,176,2,4,80,0.2463438749562296,112,4,1,80,0.05756038203827492,72,,,1,2,0.00019065356411163337,0.6,/work3/arnaou/checkpoints/groupgat_Tc_trial_2408_best_state.pt,"{'learning_rate': 0.00019065356411163337, 'lr_reduce': 0.6}",TPESampler,COMPLETE
2409,0.02039504237473011,2025-04-27 01:01:12.938317,2025-04-27 01:03:07.219857,0 days 00:01:54.281540,0.009026246341109479,112,2,4,96,0.03573889932162434,112,2,3,80,0.20906435580820415,112,3,2,112,0.19130924936800203,64,168.0,312.0,3,2,0.0037549174899238163,0.6,/work3/arnaou/checkpoints/groupgat_Tc_trial_2409_best_state.pt,"{'learning_rate': 0.0037549174899238163, 'lr_reduce': 0.6}",TPESampler,COMPLETE
2410,0.018133455887436867,2025-04-27 01:01:46.903371,2025-04-27 01:03:47.724454,0 days 00:02:00.821083,0.017209713287997797,256,4,2,32,0.27419820743858636,160,2,4,96,0.11844008713415603,80,4,1,64,0.08402584766483676,184,216.0,,2,2,0.0020432125327131878,0.6,/work3/arnaou/checkpoints/groupgat_Tc_trial_2410_best_state.pt,"{'learning_rate': 0.0020432125327131878, 'lr_reduce': 0.6}",TPESampler,COMPLETE
2411,0.017355354502797127,2025-04-27 01:02:20.364525,2025-04-27 01:03:59.245233,0 days 00:01:38.880708,0.01383528845941568,176,2,2,48,0.294108672572595,144,3,4,128,0.13951278585174476,112,3,1,80,0.17972100320714962,96,152.0,,2,2,0.0011552262417623845,0.6,/work3/arnaou/checkpoints/groupgat_Tc_trial_2411_best_state.pt,"{'learning_rate': 0.0011552262417623845, 'lr_reduce': 0.6}",TPESampler,COMPLETE
2412,0.014420920051634312,2025-04-27 01:03:07.498368,2025-04-27 01:05:23.057488,0 days 00:02:15.559120,0.013040194056758268,224,3,4,64,0.11598346329116654,192,1,4,112,0.27679321598758116,128,2,2,96,0.2637543015357191,56,168.0,32.0,3,2,0.00023127891706119263,0.6,/work3/arnaou/checkpoints/groupgat_Tc_trial_2412_best_state.pt,"{'learning_rate': 0.00023127891706119263, 'lr_reduce': 0.6}",TPESampler,COMPLETE
2413,0.017735589295625687,2025-04-27 01:03:48.057612,2025-04-27 01:05:58.512203,0 days 00:02:10.454591,0.07258007539060436,256,4,4,48,0.012317519794851711,208,1,2,112,0.22526701266634294,128,3,2,80,0.24960079141062824,280,192.0,,2,2,0.0005872429978895979,0.6,/work3/arnaou/checkpoints/groupgat_Tc_trial_2413_best_state.pt,"{'learning_rate': 0.0005872429978895979, 'lr_reduce': 0.6}",TPESampler,COMPLETE
2414,0.023043934255838394,2025-04-27 01:03:59.668348,2025-04-27 01:06:00.061604,0 days 00:02:00.393256,0.20919159438376572,240,4,1,48,0.005404587502665287,96,1,2,64,0.27195681967754015,96,4,4,32,0.06258860901028919,328,240.0,376.0,3,1,0.00037705805903878866,0.6,/work3/arnaou/checkpoints/groupgat_Tc_trial_2414_best_state.pt,"{'learning_rate': 0.00037705805903878866, 'lr_reduce': 0.6}",TPESampler,COMPLETE
2415,0.13581110537052155,2025-04-27 01:05:23.272977,2025-04-27 01:07:46.228184,0 days 00:02:22.955207,0.10988090161603473,80,4,2,128,0.17180688635787628,80,2,3,112,0.03345845823518903,96,3,1,48,0.07330187371286562,288,152.0,,2,1,0.00027101483883896094,0.6,/work3/arnaou/checkpoints/groupgat_Tc_trial_2415_best_state.pt,"{'learning_rate': 0.00027101483883896094, 'lr_reduce': 0.6}",TPESampler,COMPLETE
2416,0.01989760436117649,2025-04-27 01:05:58.858377,2025-04-27 01:08:01.630774,0 days 00:02:02.772397,0.024100523418024166,192,4,2,32,0.20021439877532693,128,2,4,80,0.1617048471759123,112,4,2,48,0.1844354051819992,336,152.0,424.0,3,2,0.0008151600997300362,0.6,/work3/arnaou/checkpoints/groupgat_Tc_trial_2416_best_state.pt,"{'learning_rate': 0.0008151600997300362, 'lr_reduce': 0.6}",TPESampler,COMPLETE
2417,0.03048492968082428,2025-04-27 01:06:00.314361,2025-04-27 01:08:40.214167,0 days 00:02:39.899806,0.21516056132535372,144,1,1,32,0.2634228113270303,112,3,2,64,0.18596800316380566,80,4,3,128,0.273318183452541,40,184.0,272.0,3,2,0.0009907375962830652,0.6,/work3/arnaou/checkpoints/groupgat_Tc_trial_2417_best_state.pt,"{'learning_rate': 0.0009907375962830652, 'lr_reduce': 0.6}",TPESampler,COMPLETE
2418,0.061625365167856216,2025-04-27 01:07:46.530470,2025-04-27 01:09:49.239966,0 days 00:02:02.709496,0.03567355876396308,224,4,2,32,0.2195981391974836,208,1,3,112,0.14093800251449823,80,4,1,96,0.0797668096407428,32,,,1,2,0.0002805943006713814,0.6,/work3/arnaou/checkpoints/groupgat_Tc_trial_2418_best_state.pt,"{'learning_rate': 0.0002805943006713814, 'lr_reduce': 0.6}",TPESampler,COMPLETE
2419,0.021040230989456177,2025-04-27 01:08:02.068935,2025-04-27 01:10:36.604681,0 days 00:02:34.535746,0.04488254580481868,240,4,4,32,0.20334224729839875,192,1,3,128,0.2567793512556028,128,2,1,112,0.2515064905324025,120,152.0,336.0,3,2,0.0003015083636723616,0.6,/work3/arnaou/checkpoints/groupgat_Tc_trial_2419_best_state.pt,"{'learning_rate': 0.0003015083636723616, 'lr_reduce': 0.6}",TPESampler,COMPLETE
2420,0.018002180382609367,2025-04-27 01:08:40.518668,2025-04-27 01:10:46.827782,0 days 00:02:06.309114,0.010268485371460145,160,3,2,32,0.2560963795475407,128,4,4,96,0.17394553195733595,64,4,1,80,0.06504071275388465,304,144.0,,2,2,0.0028064749655495784,0.6,/work3/arnaou/checkpoints/groupgat_Tc_trial_2420_best_state.pt,"{'learning_rate': 0.0028064749655495784, 'lr_reduce': 0.6}",TPESampler,COMPLETE
2421,0.023012053221464157,2025-04-27 01:09:49.545315,2025-04-27 01:12:08.842683,0 days 00:02:19.297368,0.024599018263957363,160,3,1,32,0.216154003723404,176,1,4,96,0.12515970919577027,80,3,1,96,0.08847372143156892,104,224.0,,2,2,0.0005407841072303161,0.6,/work3/arnaou/checkpoints/groupgat_Tc_trial_2421_best_state.pt,"{'learning_rate': 0.0005407841072303161, 'lr_reduce': 0.6}",TPESampler,COMPLETE
2422,0.09327676147222519,2025-04-27 01:10:36.962768,2025-04-27 01:12:39.183390,0 days 00:02:02.220622,0.03403903151417764,144,4,1,128,0.28911994342214753,208,3,4,96,0.2535612996559319,128,2,4,96,0.10861193770858037,136,136.0,,2,1,0.0002855361338594797,0.6,/work3/arnaou/checkpoints/groupgat_Tc_trial_2422_best_state.pt,"{'learning_rate': 0.0002855361338594797, 'lr_reduce': 0.6}",TPESampler,COMPLETE
2423,0.0164693184196949,2025-04-27 01:10:47.216361,2025-04-27 01:13:07.683695,0 days 00:02:20.467334,0.07153448203893274,176,2,4,64,0.2070455500766649,224,4,4,112,0.007448184061036242,48,4,1,128,0.00010915570410896525,448,192.0,144.0,3,2,0.0009156590530085715,0.6,/work3/arnaou/checkpoints/groupgat_Tc_trial_2423_best_state.pt,"{'learning_rate': 0.0009156590530085715, 'lr_reduce': 0.6}",TPESampler,COMPLETE
2424,0.013118334114551544,2025-04-27 01:12:09.167746,2025-04-27 01:13:55.391934,0 days 00:01:46.224188,0.04152412107899997,256,4,4,128,0.2888152177564063,208,2,1,128,0.22481549047408694,64,3,2,128,0.04741384889851755,40,152.0,,2,2,0.001233926996149158,0.6,/work3/arnaou/checkpoints/groupgat_Tc_trial_2424_best_state.pt,"{'learning_rate': 0.001233926996149158, 'lr_reduce': 0.6}",TPESampler,COMPLETE
2425,0.013828327879309654,2025-04-27 01:12:39.450813,2025-04-27 01:14:54.103866,0 days 00:02:14.653053,0.00843756791731148,208,4,3,32,0.09063479626540319,112,4,3,128,0.18215031961456452,80,3,1,112,0.10117263120297934,40,136.0,216.0,3,2,0.0006674656277286227,0.6,/work3/arnaou/checkpoints/groupgat_Tc_trial_2425_best_state.pt,"{'learning_rate': 0.0006674656277286227, 'lr_reduce': 0.6}",TPESampler,COMPLETE
2426,0.02032788284122944,2025-04-27 01:13:08.112932,2025-04-27 01:15:31.171520,0 days 00:02:23.058588,0.07247690559984554,176,3,4,64,0.2179393210335275,160,4,4,112,0.09194163202505024,48,4,1,128,0.02977636702948707,416,184.0,80.0,3,2,0.003434974519715306,0.6,/work3/arnaou/checkpoints/groupgat_Tc_trial_2426_best_state.pt,"{'learning_rate': 0.003434974519715306, 'lr_reduce': 0.6}",TPESampler,COMPLETE
2427,0.029112502932548523,2025-04-27 01:13:55.818193,2025-04-27 01:16:38.442040,0 days 00:02:42.623847,0.07390282153348254,64,3,3,80,0.11245771255315883,160,2,4,32,0.07097141452994608,64,2,1,32,0.27122358043246364,40,,,1,2,0.004031004532339019,0.6,/work3/arnaou/checkpoints/groupgat_Tc_trial_2427_best_state.pt,"{'learning_rate': 0.004031004532339019, 'lr_reduce': 0.6}",TPESampler,COMPLETE
2428,0.018515387549996376,2025-04-27 01:14:54.338348,2025-04-27 01:17:17.199134,0 days 00:02:22.860786,0.06944549229778083,208,2,4,80,0.24809618716506227,224,1,2,64,0.26593953865086,64,2,3,128,0.03540929568523215,120,184.0,,2,2,0.0006830138534907506,0.6,/work3/arnaou/checkpoints/groupgat_Tc_trial_2428_best_state.pt,"{'learning_rate': 0.0006830138534907506, 'lr_reduce': 0.6}",TPESampler,COMPLETE
2429,0.01711619459092617,2025-04-27 01:15:31.558326,2025-04-27 01:17:26.374148,0 days 00:01:54.815822,0.09079983327539587,112,4,2,96,0.19385725911160837,144,4,1,128,0.19372058885064536,80,3,3,80,0.06645606862868611,200,,,1,1,0.002648646097843294,0.6,/work3/arnaou/checkpoints/groupgat_Tc_trial_2429_best_state.pt,"{'learning_rate': 0.002648646097843294, 'lr_reduce': 0.6}",TPESampler,COMPLETE
2430,0.020577047020196915,2025-04-27 01:16:38.781237,2025-04-27 01:19:09.432851,0 days 00:02:30.651614,0.0014972550743553078,208,4,3,32,0.2754594120678997,64,3,4,96,0.051985223558394064,80,4,1,32,0.07877222803218091,232,168.0,128.0,3,1,0.001909943451805836,0.6,/work3/arnaou/checkpoints/groupgat_Tc_trial_2430_best_state.pt,"{'learning_rate': 0.001909943451805836, 'lr_reduce': 0.6}",TPESampler,COMPLETE
2431,0.04470621049404144,2025-04-27 01:17:17.556672,2025-04-27 01:19:27.645547,0 days 00:02:10.088875,0.0028317991338425554,160,2,1,32,0.2955873158054308,160,4,3,80,0.22219027397808494,112,4,2,112,0.05278491656016177,248,160.0,,2,2,0.0007657696616372286,0.6,/work3/arnaou/checkpoints/groupgat_Tc_trial_2431_best_state.pt,"{'learning_rate': 0.0007657696616372286, 'lr_reduce': 0.6}",TPESampler,COMPLETE
2432,0.015493014827370644,2025-04-27 01:17:26.729111,2025-04-27 01:19:08.533197,0 days 00:01:41.804086,0.033975511606123485,256,4,3,128,0.28093490207063443,240,2,1,128,0.22295922845092844,80,2,2,128,0.019155812661284338,72,216.0,168.0,3,2,0.0007046059096795925,0.6,/work3/arnaou/checkpoints/groupgat_Tc_trial_2432_best_state.pt,"{'learning_rate': 0.0007046059096795925, 'lr_reduce': 0.6}",TPESampler,COMPLETE
2433,0.01941375620663166,2025-04-27 01:19:08.796028,2025-04-27 01:21:23.826272,0 days 00:02:15.030244,0.0353130199045362,256,3,4,112,0.2599137773202729,256,1,1,128,0.2555764379078614,48,3,3,96,0.022575558602097423,272,152.0,32.0,3,2,0.0002768169877053549,0.6,/work3/arnaou/checkpoints/groupgat_Tc_trial_2433_best_state.pt,"{'learning_rate': 0.0002768169877053549, 'lr_reduce': 0.6}",TPESampler,COMPLETE
2434,0.022470740601420403,2025-04-27 01:19:09.674793,2025-04-27 01:21:05.185236,0 days 00:01:55.510443,0.16290967500640247,64,2,1,48,0.043609659091710995,144,2,1,128,0.11342191106476165,32,3,4,48,0.06387839045151729,88,192.0,,2,2,0.004129484415469714,0.6,/work3/arnaou/checkpoints/groupgat_Tc_trial_2434_best_state.pt,"{'learning_rate': 0.004129484415469714, 'lr_reduce': 0.6}",TPESampler,COMPLETE
