number,value,datetime_start,datetime_complete,duration,params_L1_dropout,params_L1_hidden_dim,params_L1_layers_atom,params_L1_layers_mol,params_L1_out_dim,params_L2_dropout,params_L2_hidden_dim,params_L2_layers_atom,params_L2_layers_mol,params_L2_out_dim,params_L3_dropout,params_L3_hidden_dim,params_L3_layers_atom,params_L3_layers_mol,params_L3_out_dim,params_final_dropout,params_mlp_dim_0,params_mlp_dim_1,params_mlp_dim_2,params_n_mlp_layers,params_num_heads,params_train_learning_rate,params_train_lr_reduce,user_attrs_best_state_dict_path,user_attrs_training_params,system_attrs_auto:sampler,state
211,0.01674748584628105,2025-04-25 15:43:28.741906,2025-04-25 15:45:26.768583,0 days 00:01:58.026677,0.05709853461393338,224,3,1,48,0.14241628132917922,240,2,4,112,0.26131236844972555,96,4,1,112,0.12753738796859554,80,360.0,64.0,3,2,0.0013255827029710295,0.6,/work3/arnaou/checkpoints/groupgat_Tc_trial_211_best_state.pt,"{'learning_rate': 0.0013255827029710295, 'lr_reduce': 0.6}",TPESampler,COMPLETE
212,0.024312632158398628,2025-04-25 15:44:02.893695,2025-04-25 15:46:06.788073,0 days 00:02:03.894378,0.10627062282383228,192,3,3,48,0.12453377703163812,208,2,2,128,0.2308171974039578,48,3,1,96,0.1542152006087861,136,376.0,80.0,3,1,0.0002982683887116232,0.6,/work3/arnaou/checkpoints/groupgat_Tc_trial_212_best_state.pt,"{'learning_rate': 0.0002982683887116232, 'lr_reduce': 0.6}",TPESampler,COMPLETE
213,0.02282538078725338,2025-04-25 15:45:18.382578,2025-04-25 15:47:22.468181,0 days 00:02:04.085603,0.037721441471370964,224,4,3,32,0.12391229710364612,240,2,4,96,0.07863298692985665,48,4,1,64,0.05046670983985002,120,408.0,,2,1,0.00021666524886196315,0.6,/work3/arnaou/checkpoints/groupgat_Tc_trial_213_best_state.pt,"{'learning_rate': 0.00021666524886196315, 'lr_reduce': 0.6}",TPESampler,COMPLETE
214,0.015437677502632141,2025-04-25 15:45:26.922281,2025-04-25 15:47:27.152231,0 days 00:02:00.229950,0.09236856743833878,160,4,2,112,0.07024765114330425,96,4,4,112,0.22570562577367959,32,2,1,48,0.1052409936337541,56,328.0,56.0,3,2,0.0022006621347788334,0.6,/work3/arnaou/checkpoints/groupgat_Tc_trial_214_best_state.pt,"{'learning_rate': 0.0022006621347788334, 'lr_reduce': 0.6}",TPESampler,COMPLETE
215,0.017775919288396835,2025-04-25 15:46:06.988503,2025-04-25 15:48:03.990840,0 days 00:01:57.002337,0.004707736302538914,144,4,2,48,0.03466533693057754,160,3,4,112,0.19410415224501304,32,4,1,48,0.21222809232228926,72,328.0,,2,2,0.0012282495508713805,0.6,/work3/arnaou/checkpoints/groupgat_Tc_trial_215_best_state.pt,"{'learning_rate': 0.0012282495508713805, 'lr_reduce': 0.6}",TPESampler,COMPLETE
216,0.01671980880200863,2025-04-25 15:47:22.623457,2025-04-25 15:49:22.422790,0 days 00:01:59.799333,0.039223755539188,160,3,2,32,0.044312474844924836,240,3,3,112,0.2342677619299634,64,3,1,64,0.10664556726250779,120,368.0,48.0,3,2,0.0022086252559827225,0.6,/work3/arnaou/checkpoints/groupgat_Tc_trial_216_best_state.pt,"{'learning_rate': 0.0022086252559827225, 'lr_reduce': 0.6}",TPESampler,COMPLETE
217,0.02024775929749012,2025-04-25 15:47:27.371221,2025-04-25 15:49:38.723929,0 days 00:02:11.352708,0.13216719225393242,192,4,2,112,0.09776690631744045,96,4,4,128,0.23459838243676231,48,2,2,48,0.17324944467797476,160,280.0,32.0,3,2,0.0013073026794927624,0.6,/work3/arnaou/checkpoints/groupgat_Tc_trial_217_best_state.pt,"{'learning_rate': 0.0013073026794927624, 'lr_reduce': 0.6}",TPESampler,COMPLETE
218,0.03167789801955223,2025-04-25 15:48:04.474128,2025-04-25 15:50:08.877224,0 days 00:02:04.403096,0.07953054174726573,128,4,1,112,0.14471731927965054,96,4,3,128,0.20579818675535372,32,3,1,64,0.05775783635195575,168,328.0,,2,2,0.002067738584859203,0.6,/work3/arnaou/checkpoints/groupgat_Tc_trial_218_best_state.pt,"{'learning_rate': 0.002067738584859203, 'lr_reduce': 0.6}",TPESampler,COMPLETE
219,0.029110506176948547,2025-04-25 15:49:22.589143,2025-04-25 15:51:26.366869,0 days 00:02:03.777726,0.01776779170844201,192,3,3,80,0.2162935215457728,256,3,4,112,0.1785080871640558,96,4,1,48,0.03283552916833999,144,344.0,56.0,3,2,0.00011093095207924686,0.6,/work3/arnaou/checkpoints/groupgat_Tc_trial_219_best_state.pt,"{'learning_rate': 0.00011093095207924686, 'lr_reduce': 0.6}",TPESampler,COMPLETE
220,0.0157174039632082,2025-04-25 15:49:38.879356,2025-04-25 15:51:58.416000,0 days 00:02:19.536644,0.019698356090328665,144,2,2,48,0.003500977833603487,240,4,2,128,0.250446407960201,48,4,1,48,0.05872008034774652,232,328.0,40.0,3,2,0.002343020423198941,0.6,/work3/arnaou/checkpoints/groupgat_Tc_trial_220_best_state.pt,"{'learning_rate': 0.002343020423198941, 'lr_reduce': 0.6}",TPESampler,COMPLETE
221,0.029165206477046013,2025-04-25 15:50:09.022846,2025-04-25 15:53:41.067839,0 days 00:03:32.044993,0.08514208749244728,176,3,3,32,0.09476937799871357,224,2,3,128,0.24726180990955532,48,2,1,64,0.1096079342781605,168,336.0,40.0,3,2,0.00538358901640782,0.6,/work3/arnaou/checkpoints/groupgat_Tc_trial_221_best_state.pt,"{'learning_rate': 0.00538358901640782, 'lr_reduce': 0.6}",TPESampler,COMPLETE
222,0.015389477834105492,2025-04-25 15:51:26.545471,2025-04-25 15:53:41.992878,0 days 00:02:15.447407,0.053281103728363324,176,4,2,80,0.04102553169271629,192,3,4,128,0.06256376530804142,48,3,2,32,0.015333318841783457,128,352.0,72.0,3,2,0.0004513200015044302,0.6,/work3/arnaou/checkpoints/groupgat_Tc_trial_222_best_state.pt,"{'learning_rate': 0.0004513200015044302, 'lr_reduce': 0.6}",TPESampler,COMPLETE
223,0.026289500296115875,2025-04-25 15:51:58.613439,2025-04-25 15:53:33.774123,0 days 00:01:35.160684,0.02342871180825644,240,1,3,32,0.12228594088190589,256,4,4,128,0.19466995993821373,112,4,1,96,0.09508893798720208,184,296.0,32.0,3,2,0.0030914885046729674,0.6,/work3/arnaou/checkpoints/groupgat_Tc_trial_223_best_state.pt,"{'learning_rate': 0.0030914885046729674, 'lr_reduce': 0.6}",TPESampler,COMPLETE
224,0.026749202981591225,2025-04-25 15:53:34.028304,2025-04-25 15:56:41.185953,0 days 00:03:07.157649,0.02602035851369732,144,2,3,48,0.005109431445259578,240,3,3,112,0.231749480324087,32,4,1,64,0.023410367425294572,200,,,1,2,0.005654705089586324,0.6,/work3/arnaou/checkpoints/groupgat_Tc_trial_224_best_state.pt,"{'learning_rate': 0.005654705089586324, 'lr_reduce': 0.6}",TPESampler,COMPLETE
225,0.03174265846610069,2025-04-25 15:53:41.429335,2025-04-25 15:56:50.062778,0 days 00:03:08.633443,0.02858691831906352,112,2,2,32,0.013439138356228925,224,4,2,112,0.16529566271205282,48,4,2,32,0.07622058659340991,344,320.0,40.0,3,2,0.00540518437392916,0.6,/work3/arnaou/checkpoints/groupgat_Tc_trial_225_best_state.pt,"{'learning_rate': 0.00540518437392916, 'lr_reduce': 0.6}",TPESampler,COMPLETE
226,0.041207171976566315,2025-04-25 15:53:42.129735,2025-04-25 15:55:28.134660,0 days 00:01:46.004925,0.03100610951303301,96,1,2,48,0.042355366625099346,256,4,2,112,0.24220336216225688,64,3,1,32,0.07635744772102629,368,336.0,72.0,3,2,0.006071216038217542,0.6,/work3/arnaou/checkpoints/groupgat_Tc_trial_226_best_state.pt,"{'learning_rate': 0.006071216038217542, 'lr_reduce': 0.6}",TPESampler,COMPLETE
227,0.017000922933220863,2025-04-25 15:55:28.348031,2025-04-25 15:58:15.120993,0 days 00:02:46.772962,0.0003239719727523155,192,4,1,64,0.05510498828739611,160,4,4,112,0.13449102897598797,64,3,2,32,0.0030599802618730652,120,336.0,32.0,3,2,0.00015180958040935102,0.6,/work3/arnaou/checkpoints/groupgat_Tc_trial_227_best_state.pt,"{'learning_rate': 0.00015180958040935102, 'lr_reduce': 0.6}",TPESampler,COMPLETE
228,0.019411826506257057,2025-04-25 15:56:41.380085,2025-04-25 15:58:32.747758,0 days 00:01:51.367673,0.1438916244485893,208,4,2,112,0.09029846625985599,160,3,4,128,0.09125993089685899,64,3,3,64,0.02663199743502488,184,264.0,72.0,3,2,0.00041887969716140216,0.6,/work3/arnaou/checkpoints/groupgat_Tc_trial_228_best_state.pt,"{'learning_rate': 0.00041887969716140216, 'lr_reduce': 0.6}",TPESampler,COMPLETE
229,0.021026773378252983,2025-04-25 15:56:50.210586,2025-04-25 16:00:03.835250,0 days 00:03:13.624664,0.06807181090448033,96,4,2,80,0.12795271424923776,176,3,4,128,0.23871787167164837,32,3,2,48,0.022069412015201944,120,352.0,72.0,3,2,0.0005191597561960586,0.6,/work3/arnaou/checkpoints/groupgat_Tc_trial_229_best_state.pt,"{'learning_rate': 0.0005191597561960586, 'lr_reduce': 0.6}",TPESampler,COMPLETE
230,0.020640389993786812,2025-04-25 15:58:15.316998,2025-04-25 16:00:18.616529,0 days 00:02:03.299531,0.04915654124850432,224,4,1,80,0.04235437876275982,128,4,4,112,0.05006963186895731,96,4,1,32,0.11089268819909658,104,352.0,,2,2,0.0003097146621786806,0.6,/work3/arnaou/checkpoints/groupgat_Tc_trial_230_best_state.pt,"{'learning_rate': 0.0003097146621786806, 'lr_reduce': 0.6}",TPESampler,COMPLETE
231,0.018162988126277924,2025-04-25 15:58:32.896473,2025-04-25 16:01:09.314901,0 days 00:02:36.418428,0.08413905975682273,176,4,1,32,0.09465345698633285,240,4,3,96,0.2660945405125715,80,4,2,32,0.11397608172826584,160,376.0,40.0,3,2,0.0030248306176866155,0.6,/work3/arnaou/checkpoints/groupgat_Tc_trial_231_best_state.pt,"{'learning_rate': 0.0030248306176866155, 'lr_reduce': 0.6}",TPESampler,COMPLETE
232,0.019719580188393593,2025-04-25 16:00:04.026430,2025-04-25 16:02:16.241215,0 days 00:02:12.214785,0.05601869345334228,192,4,1,48,0.021305186730130557,192,3,4,128,0.10019926564751985,96,3,3,48,0.01637786772897596,232,360.0,32.0,3,2,0.0002861603776395662,0.6,/work3/arnaou/checkpoints/groupgat_Tc_trial_232_best_state.pt,"{'learning_rate': 0.0002861603776395662, 'lr_reduce': 0.6}",TPESampler,COMPLETE
233,0.019814182072877884,2025-04-25 16:00:18.857903,2025-04-25 16:02:44.342097,0 days 00:02:25.484194,0.011380178241696919,256,2,1,48,0.2360736343230226,240,4,4,96,0.24607634159984818,128,4,3,128,0.12381606377688724,112,312.0,,2,2,0.00393428844734535,0.6,/work3/arnaou/checkpoints/groupgat_Tc_trial_233_best_state.pt,"{'learning_rate': 0.00393428844734535, 'lr_reduce': 0.6}",TPESampler,COMPLETE
234,0.017805995419621468,2025-04-25 16:01:09.515572,2025-04-25 16:04:30.009655,0 days 00:03:20.494083,0.02346808190961444,144,4,2,96,0.020717543912505874,64,4,4,112,0.1821389275878219,32,1,1,48,0.12965104740461555,48,304.0,72.0,3,2,0.001585635767274291,0.6,/work3/arnaou/checkpoints/groupgat_Tc_trial_234_best_state.pt,"{'learning_rate': 0.001585635767274291, 'lr_reduce': 0.6}",TPESampler,COMPLETE
235,0.020756980404257774,2025-04-25 16:02:16.453181,2025-04-25 16:04:12.778332,0 days 00:01:56.325151,0.11695715962099643,192,4,1,80,0.09506239050950555,224,2,4,112,0.04478354722383943,48,4,1,48,0.013201372599292768,144,352.0,72.0,3,2,0.0005046446266406747,0.6,/work3/arnaou/checkpoints/groupgat_Tc_trial_235_best_state.pt,"{'learning_rate': 0.0005046446266406747, 'lr_reduce': 0.6}",TPESampler,COMPLETE
236,0.025713421404361725,2025-04-25 16:02:44.589423,2025-04-25 16:05:40.351239,0 days 00:02:55.761816,0.1193141195198427,192,3,1,32,0.2142650404455162,240,4,4,128,0.16881896526944223,32,4,1,48,0.07779539904719648,128,352.0,32.0,3,2,0.00047936956764393343,0.6,/work3/arnaou/checkpoints/groupgat_Tc_trial_236_best_state.pt,"{'learning_rate': 0.00047936956764393343, 'lr_reduce': 0.6}",TPESampler,COMPLETE
237,0.04431319609284401,2025-04-25 16:04:12.962280,2025-04-25 16:07:41.790607,0 days 00:03:28.828327,0.0024210156266650253,128,4,1,96,0.19433615300817783,160,4,4,112,0.11761752155952859,48,2,3,32,0.07129742214980177,120,304.0,88.0,3,2,0.00010122760439512605,0.6,/work3/arnaou/checkpoints/groupgat_Tc_trial_237_best_state.pt,"{'learning_rate': 0.00010122760439512605, 'lr_reduce': 0.6}",TPESampler,COMPLETE
238,0.018543289974331856,2025-04-25 16:04:30.176259,2025-04-25 16:06:48.030863,0 days 00:02:17.854604,0.01155362641958435,224,4,1,80,0.14185684519891184,208,3,4,48,0.2446824416849732,128,4,2,96,0.03824056444861941,200,376.0,88.0,3,2,0.0012063963570313643,0.6,/work3/arnaou/checkpoints/groupgat_Tc_trial_238_best_state.pt,"{'learning_rate': 0.0012063963570313643, 'lr_reduce': 0.6}",TPESampler,COMPLETE
239,0.024572450667619705,2025-04-25 16:05:40.572973,2025-04-25 16:08:01.595349,0 days 00:02:21.022376,0.08711354547628569,160,3,3,64,0.05993519521364414,176,3,4,96,0.037933433119819615,48,3,2,32,0.04285761532876306,304,360.0,,2,2,0.0006205393030680561,0.6,/work3/arnaou/checkpoints/groupgat_Tc_trial_239_best_state.pt,"{'learning_rate': 0.0006205393030680561, 'lr_reduce': 0.6}",TPESampler,COMPLETE
240,0.022586042061448097,2025-04-25 16:06:48.176123,2025-04-25 16:08:43.990869,0 days 00:01:55.814746,0.046382281217220246,160,4,2,80,0.05103938159070303,192,3,3,128,0.03326476154906586,32,3,2,32,0.0007848092977179848,48,376.0,88.0,3,2,0.0004496200443552879,0.6,/work3/arnaou/checkpoints/groupgat_Tc_trial_240_best_state.pt,"{'learning_rate': 0.0004496200443552879, 'lr_reduce': 0.6}",TPESampler,COMPLETE
241,0.01866760104894638,2025-04-25 16:07:41.938836,2025-04-25 16:10:01.796360,0 days 00:02:19.857524,0.01104722806591725,176,4,1,80,0.057645640481686404,224,3,3,128,0.2151180123985323,32,4,1,48,0.11106860105235634,80,296.0,32.0,3,2,0.00024204872370246357,0.6,/work3/arnaou/checkpoints/groupgat_Tc_trial_241_best_state.pt,"{'learning_rate': 0.00024204872370246357, 'lr_reduce': 0.6}",TPESampler,COMPLETE
242,0.021699998527765274,2025-04-25 16:08:01.895163,2025-04-25 16:11:00.745938,0 days 00:02:58.850775,0.04817962376482418,176,3,3,64,0.008498037633944265,256,3,2,112,0.16938738864722677,80,4,1,80,0.07584541577615167,64,384.0,104.0,3,2,0.0016561523522470051,0.6,/work3/arnaou/checkpoints/groupgat_Tc_trial_242_best_state.pt,"{'learning_rate': 0.0016561523522470051, 'lr_reduce': 0.6}",TPESampler,COMPLETE
243,0.02197369933128357,2025-04-25 16:08:44.150470,2025-04-25 16:11:45.389195,0 days 00:03:01.238725,0.024560326109473073,192,3,1,64,0.030750606393666387,160,4,4,96,0.09301878681102196,64,2,3,48,0.0075400055554830665,112,376.0,112.0,3,2,0.0001227992280590059,0.6,/work3/arnaou/checkpoints/groupgat_Tc_trial_243_best_state.pt,"{'learning_rate': 0.0001227992280590059, 'lr_reduce': 0.6}",TPESampler,COMPLETE
244,0.021102866157889366,2025-04-25 16:10:02.014545,2025-04-25 16:11:53.667626,0 days 00:01:51.653081,0.05482821559634329,208,1,2,96,0.08078386699064169,208,3,2,128,0.11475749849170686,32,2,1,80,0.002528207479494256,376,336.0,,2,2,0.0006340824782177656,0.6,/work3/arnaou/checkpoints/groupgat_Tc_trial_244_best_state.pt,"{'learning_rate': 0.0006340824782177656, 'lr_reduce': 0.6}",TPESampler,COMPLETE
245,0.018068382516503334,2025-04-25 16:11:00.891288,2025-04-25 16:12:49.570977,0 days 00:01:48.679689,0.029923024121563203,144,3,2,32,0.07631198619326945,240,3,3,112,0.2665830851889234,96,2,1,80,0.15988695044669343,72,384.0,112.0,3,2,0.000981194226555515,0.6,/work3/arnaou/checkpoints/groupgat_Tc_trial_245_best_state.pt,"{'learning_rate': 0.000981194226555515, 'lr_reduce': 0.6}",TPESampler,COMPLETE
246,0.01833954267203808,2025-04-25 16:11:45.612808,2025-04-25 16:13:48.108627,0 days 00:02:02.495819,0.04573925070333631,112,2,1,48,0.060128081827333806,224,3,2,128,0.23170155153632196,48,4,1,80,0.08126681051276158,224,376.0,32.0,3,1,0.0024845981152050714,0.6,/work3/arnaou/checkpoints/groupgat_Tc_trial_246_best_state.pt,"{'learning_rate': 0.0024845981152050714, 'lr_reduce': 0.6}",TPESampler,COMPLETE
247,0.015576351433992386,2025-04-25 16:11:53.873926,2025-04-25 16:13:52.674691,0 days 00:01:58.800765,0.06848748145564124,240,3,2,64,0.15601375718998636,256,3,4,96,0.13277902924717055,80,3,1,96,0.03572647561977789,40,320.0,248.0,3,2,0.0009194617510561762,0.6,/work3/arnaou/checkpoints/groupgat_Tc_trial_247_best_state.pt,"{'learning_rate': 0.0009194617510561762, 'lr_reduce': 0.6}",TPESampler,COMPLETE
248,0.0206086914986372,2025-04-25 16:12:49.854742,2025-04-25 16:14:47.861550,0 days 00:01:58.006808,0.07085014831896523,160,2,2,64,0.004621517287063716,208,4,2,128,0.26098795059493346,48,3,1,32,0.017397947102807065,104,392.0,128.0,3,2,0.003433669514708028,0.6,/work3/arnaou/checkpoints/groupgat_Tc_trial_248_best_state.pt,"{'learning_rate': 0.003433669514708028, 'lr_reduce': 0.6}",TPESampler,COMPLETE
249,0.056425344198942184,2025-04-25 16:13:48.368224,2025-04-25 16:15:40.730536,0 days 00:01:52.362312,0.17060937145712457,192,4,2,128,0.051483329776274414,128,4,4,64,0.25829498105842597,48,3,1,80,0.14755155259764235,64,504.0,200.0,3,2,0.005413273792882774,0.6,/work3/arnaou/checkpoints/groupgat_Tc_trial_249_best_state.pt,"{'learning_rate': 0.005413273792882774, 'lr_reduce': 0.6}",TPESampler,COMPLETE
250,0.025145580992102623,2025-04-25 16:13:52.869133,2025-04-25 16:16:00.508491,0 days 00:02:07.639358,0.03033842369704711,240,4,1,80,0.15480634314115238,192,1,3,112,0.27138209467058044,112,4,1,112,0.14842717972178146,168,264.0,280.0,3,2,0.0032011724497337654,0.6,/work3/arnaou/checkpoints/groupgat_Tc_trial_250_best_state.pt,"{'learning_rate': 0.0032011724497337654, 'lr_reduce': 0.6}",TPESampler,COMPLETE
251,0.0645512044429779,2025-04-25 16:14:48.009348,2025-04-25 16:17:23.212253,0 days 00:02:35.202905,0.03947820441682152,160,4,2,48,0.13543578696541494,144,4,4,112,0.17309612561841486,96,2,1,32,0.09519538750071085,216,304.0,304.0,3,2,0.00022643512101881314,0.6,/work3/arnaou/checkpoints/groupgat_Tc_trial_251_best_state.pt,"{'learning_rate': 0.00022643512101881314, 'lr_reduce': 0.6}",TPESampler,COMPLETE
252,0.03109186328947544,2025-04-25 16:15:40.895396,2025-04-25 16:18:37.321793,0 days 00:02:56.426397,0.10683401439411289,160,1,2,32,0.06149048568507684,176,3,4,128,0.2287906312485085,112,4,1,112,0.0849346180156618,32,320.0,,2,2,0.004486410490665767,0.6,/work3/arnaou/checkpoints/groupgat_Tc_trial_252_best_state.pt,"{'learning_rate': 0.004486410490665767, 'lr_reduce': 0.6}",TPESampler,COMPLETE
253,0.015400874428451061,2025-04-25 16:16:00.709631,2025-04-25 16:17:29.370525,0 days 00:01:28.660894,0.0006363374370707987,256,4,2,48,0.14489187139533286,176,3,4,128,0.13072801253725663,48,4,1,48,0.05252777852736788,64,120.0,240.0,3,2,0.000850374536261397,0.6,/work3/arnaou/checkpoints/groupgat_Tc_trial_253_best_state.pt,"{'learning_rate': 0.000850374536261397, 'lr_reduce': 0.6}",TPESampler,COMPLETE
254,0.015436987392604351,2025-04-25 16:17:23.410746,2025-04-25 16:19:27.934853,0 days 00:02:04.524107,0.019539280186213183,144,2,2,48,0.012806777108871362,256,4,1,128,0.2879338081872729,48,4,1,96,0.05261830979917448,296,320.0,88.0,3,2,0.0017348131755456392,0.6,/work3/arnaou/checkpoints/groupgat_Tc_trial_254_best_state.pt,"{'learning_rate': 0.0017348131755456392, 'lr_reduce': 0.6}",TPESampler,COMPLETE
255,0.028688712045550346,2025-04-25 16:17:29.531189,2025-04-25 16:20:58.370181,0 days 00:03:28.838992,0.04600212913362033,256,4,1,64,0.24835200130400703,96,3,4,128,0.22531650131591455,64,4,2,48,0.09895018435180943,120,96.0,264.0,3,1,0.0011820928578061749,0.6,/work3/arnaou/checkpoints/groupgat_Tc_trial_255_best_state.pt,"{'learning_rate': 0.0011820928578061749, 'lr_reduce': 0.6}",TPESampler,COMPLETE
256,0.018114421516656876,2025-04-25 16:18:37.495580,2025-04-25 16:20:59.692373,0 days 00:02:22.196793,0.02487230490758384,208,4,3,32,0.20501371261818488,176,4,4,128,0.09169392918814834,48,4,1,64,0.0512617388382223,240,120.0,256.0,3,2,0.00042640699863485737,0.6,/work3/arnaou/checkpoints/groupgat_Tc_trial_256_best_state.pt,"{'learning_rate': 0.00042640699863485737, 'lr_reduce': 0.6}",TPESampler,COMPLETE
257,0.016226308420300484,2025-04-25 16:19:28.237048,2025-04-25 16:21:26.847463,0 days 00:01:58.610415,0.09865436568974667,256,3,2,64,0.1367199200498736,256,2,4,128,0.1447874788877916,96,2,1,112,0.04784472896012662,136,136.0,,2,2,0.0030524808782136465,0.6,/work3/arnaou/checkpoints/groupgat_Tc_trial_257_best_state.pt,"{'learning_rate': 0.0030524808782136465, 'lr_reduce': 0.6}",TPESampler,COMPLETE
258,0.01807253807783127,2025-04-25 16:20:58.744565,2025-04-25 16:23:07.686636,0 days 00:02:08.942071,0.012899094547253943,128,2,3,64,0.021497937901223,192,3,1,128,0.22655514522973963,64,3,1,112,0.08402292994498575,352,136.0,256.0,3,2,0.003328116790040611,0.6,/work3/arnaou/checkpoints/groupgat_Tc_trial_258_best_state.pt,"{'learning_rate': 0.003328116790040611, 'lr_reduce': 0.6}",TPESampler,COMPLETE
259,0.01849130168557167,2025-04-25 16:20:59.821916,2025-04-25 16:23:52.155422,0 days 00:02:52.333506,0.01988323948283331,176,3,2,32,0.09876886025946235,240,3,3,128,0.2620054025384726,96,4,1,128,0.12634992313847124,80,448.0,248.0,3,2,0.001521903502956041,0.6,/work3/arnaou/checkpoints/groupgat_Tc_trial_259_best_state.pt,"{'learning_rate': 0.001521903502956041, 'lr_reduce': 0.6}",TPESampler,COMPLETE
260,0.01692238263785839,2025-04-25 16:21:26.995993,2025-04-25 16:23:08.437328,0 days 00:01:41.441335,0.05214527243540659,240,3,3,64,0.11113381466534064,256,3,4,96,0.06086912588567771,64,4,1,64,0.1471582914202271,40,152.0,112.0,3,2,0.0014718602647088793,0.6,/work3/arnaou/checkpoints/groupgat_Tc_trial_260_best_state.pt,"{'learning_rate': 0.0014718602647088793, 'lr_reduce': 0.6}",TPESampler,COMPLETE
261,0.02050270512700081,2025-04-25 16:23:07.908792,2025-04-25 16:25:25.240093,0 days 00:02:17.331301,0.019077443751492756,256,3,2,32,0.05970006763959569,256,3,4,112,0.1620541161965566,96,2,2,112,0.004341841775128731,120,112.0,,2,2,0.0021995541754684686,0.6,/work3/arnaou/checkpoints/groupgat_Tc_trial_261_best_state.pt,"{'learning_rate': 0.0021995541754684686, 'lr_reduce': 0.6}",TPESampler,COMPLETE
262,0.023841656744480133,2025-04-25 16:23:08.599061,2025-04-25 16:25:09.294218,0 days 00:02:00.695157,0.05790348199604561,256,2,1,48,0.1390066575987741,256,2,4,128,0.15951806382844494,96,2,1,112,0.019628591394312694,224,176.0,,2,2,0.0045140070246405305,0.6,/work3/arnaou/checkpoints/groupgat_Tc_trial_262_best_state.pt,"{'learning_rate': 0.0045140070246405305, 'lr_reduce': 0.6}",TPESampler,COMPLETE
263,0.01628713309764862,2025-04-25 16:23:52.326525,2025-04-25 16:25:54.678560,0 days 00:02:02.352035,0.012470300926679258,240,3,2,48,0.05780170984886783,144,3,4,128,0.16478658980761327,48,4,1,80,0.06545402051539002,120,152.0,112.0,3,2,0.00044938327012434713,0.6,/work3/arnaou/checkpoints/groupgat_Tc_trial_263_best_state.pt,"{'learning_rate': 0.00044938327012434713, 'lr_reduce': 0.6}",TPESampler,COMPLETE
