number,value,datetime_start,datetime_complete,duration,params_L1_dropout,params_L1_hidden_dim,params_L1_layers_atom,params_L1_layers_mol,params_L1_out_dim,params_L2_dropout,params_L2_hidden_dim,params_L2_layers_atom,params_L2_layers_mol,params_L2_out_dim,params_L3_dropout,params_L3_hidden_dim,params_L3_layers_atom,params_L3_layers_mol,params_L3_out_dim,params_final_dropout,params_mlp_dim_0,params_mlp_dim_1,params_mlp_dim_2,params_n_mlp_layers,params_num_heads,params_train_learning_rate,params_train_lr_reduce,user_attrs_best_state_dict_path,user_attrs_training_params,system_attrs_auto:sampler,state
1216,0.0204317569732666,2025-04-26 03:45:40.795705,2025-04-26 03:47:16.144207,0 days 00:01:35.348502,0.07457041265251368,240,4,2,32,0.017339185845720265,112,4,4,96,0.2292602371285986,96,4,1,80,0.12231338112966192,136,144.0,64.0,3,1,0.0015501797457471345,0.6,/work3/arnaou/checkpoints/groupgat_Tc_trial_1216_best_state.pt,"{'learning_rate': 0.0015501797457471345, 'lr_reduce': 0.6}",TPESampler,COMPLETE
1217,0.013676545582711697,2025-04-26 03:47:11.937967,2025-04-26 03:49:18.485564,0 days 00:02:06.547597,0.00937952003864019,128,4,3,48,0.06204991310553136,96,4,4,112,0.1677856635846316,48,4,1,112,0.0963811617142829,152,64.0,136.0,3,1,0.0006882559775708666,0.6,/work3/arnaou/checkpoints/groupgat_Tc_trial_1217_best_state.pt,"{'learning_rate': 0.0006882559775708666, 'lr_reduce': 0.6}",TPESampler,COMPLETE
1218,0.023109128698706627,2025-04-26 03:47:16.498629,2025-04-26 03:51:02.169401,0 days 00:03:45.670772,0.0208500490978811,128,3,4,80,0.030355497195121046,224,4,1,48,0.24501387983000844,128,3,3,112,0.24636162535865377,48,176.0,224.0,3,1,0.00010345431020643735,0.6,/work3/arnaou/checkpoints/groupgat_Tc_trial_1218_best_state.pt,"{'learning_rate': 0.00010345431020643735, 'lr_reduce': 0.6}",TPESampler,COMPLETE
1219,0.014451391994953156,2025-04-26 03:47:38.474744,2025-04-26 03:50:32.644420,0 days 00:02:54.169676,0.04881636578262852,208,3,4,64,0.28912939169176166,240,2,2,48,0.17491678909306105,48,1,1,112,0.04682409242198241,192,104.0,296.0,3,2,0.00047648058817515245,0.6,/work3/arnaou/checkpoints/groupgat_Tc_trial_1219_best_state.pt,"{'learning_rate': 0.00047648058817515245, 'lr_reduce': 0.6}",TPESampler,COMPLETE
1220,0.019815893843770027,2025-04-26 03:49:18.832971,2025-04-26 03:51:20.583639,0 days 00:02:01.750668,0.0006484463833013078,240,2,4,96,0.29633287732717845,192,1,1,112,0.16459885166987073,64,2,2,112,0.06998896216748536,40,64.0,128.0,3,2,0.00016246559833561793,0.6,/work3/arnaou/checkpoints/groupgat_Tc_trial_1220_best_state.pt,"{'learning_rate': 0.00016246559833561793, 'lr_reduce': 0.6}",TPESampler,COMPLETE
1221,0.01690821535885334,2025-04-26 03:50:32.914892,2025-04-26 03:52:15.017833,0 days 00:01:42.102941,0.018969317471894558,128,4,3,48,0.039437455786542217,112,3,4,112,0.27993685434760684,64,4,2,112,0.15308536992495714,160,40.0,144.0,3,1,0.0006483508021054808,0.6,/work3/arnaou/checkpoints/groupgat_Tc_trial_1221_best_state.pt,"{'learning_rate': 0.0006483508021054808, 'lr_reduce': 0.6}",TPESampler,COMPLETE
1222,0.01796766370534897,2025-04-26 03:51:02.445529,2025-04-26 03:53:25.176004,0 days 00:02:22.730475,0.018832065264666978,208,3,2,48,0.2507836884727551,192,1,4,96,0.14222364859211437,80,3,1,64,0.1265539798236116,176,32.0,136.0,3,2,0.0002800497105812779,0.6,/work3/arnaou/checkpoints/groupgat_Tc_trial_1222_best_state.pt,"{'learning_rate': 0.0002800497105812779, 'lr_reduce': 0.6}",TPESampler,COMPLETE
1223,0.020495183765888214,2025-04-26 03:51:20.843069,2025-04-26 03:53:13.915788,0 days 00:01:53.072719,0.040558900193411906,208,1,3,48,0.13020921204066666,64,2,3,96,0.28176035782959896,112,4,3,128,0.23181264700483256,200,104.0,152.0,3,2,0.0006201309108294529,0.6,/work3/arnaou/checkpoints/groupgat_Tc_trial_1223_best_state.pt,"{'learning_rate': 0.0006201309108294529, 'lr_reduce': 0.6}",TPESampler,COMPLETE
1224,0.02024824358522892,2025-04-26 03:52:15.259356,2025-04-26 03:53:45.242460,0 days 00:01:29.983104,0.08146734008138966,160,4,3,32,0.05009149442693088,128,4,4,112,0.10716879536989955,80,4,1,96,0.06926906669753953,208,184.0,128.0,3,1,0.001924872070595069,0.6,/work3/arnaou/checkpoints/groupgat_Tc_trial_1224_best_state.pt,"{'learning_rate': 0.001924872070595069, 'lr_reduce': 0.6}",TPESampler,COMPLETE
1225,0.01817440800368786,2025-04-26 03:53:14.277824,2025-04-26 03:56:04.935142,0 days 00:02:50.657318,0.0028681837478793035,80,3,2,48,0.06044816974062509,96,3,3,112,0.20223295791923668,32,3,1,80,0.13486175906699605,304,120.0,120.0,3,1,0.0005410668077709928,0.6,/work3/arnaou/checkpoints/groupgat_Tc_trial_1225_best_state.pt,"{'learning_rate': 0.0005410668077709928, 'lr_reduce': 0.6}",TPESampler,COMPLETE
1226,0.015630891546607018,2025-04-26 03:53:25.526549,2025-04-26 03:55:28.487713,0 days 00:02:02.961164,0.010088494884356071,240,4,4,48,0.08474487796892222,144,1,3,128,0.2799831932009077,128,1,3,32,0.2765296070330865,72,72.0,112.0,3,2,0.00045120329816686496,0.6,/work3/arnaou/checkpoints/groupgat_Tc_trial_1226_best_state.pt,"{'learning_rate': 0.00045120329816686496, 'lr_reduce': 0.6}",TPESampler,COMPLETE
1227,0.016448872163891792,2025-04-26 03:53:45.472990,2025-04-26 03:56:30.550417,0 days 00:02:45.077427,0.008511812847923685,256,4,4,96,0.29226828830753515,224,2,1,96,0.16336244515137519,48,1,2,128,0.05708482502414565,96,144.0,,2,2,0.0002037721964599447,0.6,/work3/arnaou/checkpoints/groupgat_Tc_trial_1227_best_state.pt,"{'learning_rate': 0.0002037721964599447, 'lr_reduce': 0.6}",TPESampler,COMPLETE
1228,0.017972450703382492,2025-04-26 03:55:28.870416,2025-04-26 03:57:11.915481,0 days 00:01:43.045065,0.05513673897085574,208,3,3,80,0.01035549983693228,240,4,1,32,0.26079036582311765,96,3,4,112,0.20325741379253182,120,72.0,,2,1,0.0005367927789048369,0.6,/work3/arnaou/checkpoints/groupgat_Tc_trial_1228_best_state.pt,"{'learning_rate': 0.0005367927789048369, 'lr_reduce': 0.6}",TPESampler,COMPLETE
1229,0.8003543615341187,2025-04-26 03:56:05.223742,2025-04-26 03:56:32.001531,0 days 00:00:26.777789,0.048809998619314426,64,3,4,48,0.0678863141642627,96,3,4,112,0.13582163540611672,64,3,1,112,0.13110391468002744,192,200.0,168.0,3,1,0.00032468063579298395,0.6,/work3/arnaou/checkpoints/groupgat_Tc_trial_1229_best_state.pt,"{'learning_rate': 0.00032468063579298395, 'lr_reduce': 0.6}",TPESampler,COMPLETE
1230,0.036888763308525085,2025-04-26 03:56:30.901898,2025-04-26 03:58:31.518737,0 days 00:02:00.616839,0.041838368210285845,112,3,3,64,0.046891036503253596,64,4,4,112,0.12246615736232494,32,4,2,128,0.231729335094958,144,136.0,112.0,3,1,0.00013448823783924953,0.6,/work3/arnaou/checkpoints/groupgat_Tc_trial_1230_best_state.pt,"{'learning_rate': 0.00013448823783924953, 'lr_reduce': 0.6}",TPESampler,COMPLETE
1231,0.027524877339601517,2025-04-26 03:56:32.208594,2025-04-26 03:58:43.101983,0 days 00:02:10.893389,0.017513478240522247,112,4,3,64,0.05683446756665815,64,4,3,112,0.19575910049282153,48,3,1,112,0.0650352344213117,32,96.0,80.0,3,1,0.0003585321643765301,0.6,/work3/arnaou/checkpoints/groupgat_Tc_trial_1231_best_state.pt,"{'learning_rate': 0.0003585321643765301, 'lr_reduce': 0.6}",TPESampler,COMPLETE
1232,0.01692214421927929,2025-04-26 03:57:12.142431,2025-04-26 03:59:44.917092,0 days 00:02:32.774661,0.0016276952329903754,208,4,2,32,0.11556175920058698,160,4,4,112,0.15685614975136059,48,4,2,112,0.009200848068379675,240,64.0,144.0,3,1,0.0005480923706136321,0.6,/work3/arnaou/checkpoints/groupgat_Tc_trial_1232_best_state.pt,"{'learning_rate': 0.0005480923706136321, 'lr_reduce': 0.6}",TPESampler,COMPLETE
1233,0.01510181650519371,2025-04-26 03:58:31.876424,2025-04-26 04:00:31.355137,0 days 00:01:59.478713,0.015169700264689286,240,4,2,32,0.26926092652485284,224,2,4,80,0.17061728934631945,80,4,1,80,0.1918784368602626,64,136.0,72.0,3,2,0.0012151874068518126,0.6,/work3/arnaou/checkpoints/groupgat_Tc_trial_1233_best_state.pt,"{'learning_rate': 0.0012151874068518126, 'lr_reduce': 0.6}",TPESampler,COMPLETE
1234,0.1200750321149826,2025-04-26 03:58:43.410517,2025-04-26 04:00:46.782692,0 days 00:02:03.372175,0.08519424628458985,240,4,2,80,0.1095140132397146,240,1,2,112,0.2996599447819685,80,1,1,64,0.011795556024679632,392,,,1,1,0.004692555459343798,0.6,/work3/arnaou/checkpoints/groupgat_Tc_trial_1234_best_state.pt,"{'learning_rate': 0.004692555459343798, 'lr_reduce': 0.6}",TPESampler,COMPLETE
1235,0.18115006387233734,2025-04-26 03:59:45.264060,2025-04-26 04:02:42.040224,0 days 00:02:56.776164,0.16418475003779046,256,2,1,64,0.19642706355302014,80,4,4,32,0.17150953452029183,80,4,2,80,0.21216428867421916,336,488.0,176.0,3,1,0.00023760298661376056,0.6,/work3/arnaou/checkpoints/groupgat_Tc_trial_1235_best_state.pt,"{'learning_rate': 0.00023760298661376056, 'lr_reduce': 0.6}",TPESampler,COMPLETE
1236,0.01340753585100174,2025-04-26 04:00:31.708645,2025-04-26 04:02:36.999872,0 days 00:02:05.291227,0.046130366014083726,160,4,4,96,0.07404959782559915,96,1,3,96,0.1779209423163926,128,4,1,128,0.2177757890112132,64,32.0,80.0,3,2,0.0010501751800550123,0.6,/work3/arnaou/checkpoints/groupgat_Tc_trial_1236_best_state.pt,"{'learning_rate': 0.0010501751800550123, 'lr_reduce': 0.6}",TPESampler,COMPLETE
1237,0.04334951564669609,2025-04-26 04:00:47.049970,2025-04-26 04:02:54.598074,0 days 00:02:07.548104,0.01887919669567497,96,4,4,80,0.12814434566363597,192,2,3,96,0.2759427421594922,128,4,3,128,0.26844055456777827,216,104.0,,2,2,0.00017017840978481453,0.6,/work3/arnaou/checkpoints/groupgat_Tc_trial_1237_best_state.pt,"{'learning_rate': 0.00017017840978481453, 'lr_reduce': 0.6}",TPESampler,COMPLETE
1238,0.0147244893014431,2025-04-26 04:02:37.295297,2025-04-26 04:05:28.251912,0 days 00:02:50.956615,0.0014441812256308327,192,3,3,48,0.05432302883857405,208,2,3,80,0.277483904273516,128,4,2,112,0.20934651047990502,200,32.0,104.0,3,2,0.0002505928024172051,0.6,/work3/arnaou/checkpoints/groupgat_Tc_trial_1238_best_state.pt,"{'learning_rate': 0.0002505928024172051, 'lr_reduce': 0.6}",TPESampler,COMPLETE
1239,0.019227774813771248,2025-04-26 04:02:44.591340,2025-04-26 04:05:04.557922,0 days 00:02:19.966582,0.012604932237078384,128,4,3,64,0.11560231029221357,64,2,3,96,0.19667022784152957,128,4,1,128,0.1730053327663529,104,56.0,80.0,3,2,0.0005223553892792076,0.6,/work3/arnaou/checkpoints/groupgat_Tc_trial_1239_best_state.pt,"{'learning_rate': 0.0005223553892792076, 'lr_reduce': 0.6}",TPESampler,COMPLETE
1240,0.018821237608790398,2025-04-26 04:02:55.453117,2025-04-26 04:04:36.019509,0 days 00:01:40.566392,0.056021401365906054,224,3,4,80,0.1233221885853481,64,1,2,96,0.24117009996967173,128,4,1,112,0.18867850588841514,64,32.0,80.0,3,2,0.0014898591559486946,0.6,/work3/arnaou/checkpoints/groupgat_Tc_trial_1240_best_state.pt,"{'learning_rate': 0.0014898591559486946, 'lr_reduce': 0.6}",TPESampler,COMPLETE
1241,0.0292892437428236,2025-04-26 04:04:36.240639,2025-04-26 04:06:46.634894,0 days 00:02:10.394255,0.022109192827092762,128,4,3,32,0.08734420412987447,80,3,4,112,0.1709999534991368,32,4,2,80,0.1172577259912345,48,40.0,112.0,3,1,0.00046607829646067115,0.6,/work3/arnaou/checkpoints/groupgat_Tc_trial_1241_best_state.pt,"{'learning_rate': 0.00046607829646067115, 'lr_reduce': 0.6}",TPESampler,COMPLETE
1242,0.02051663026213646,2025-04-26 04:05:04.858869,2025-04-26 04:06:59.027028,0 days 00:01:54.168159,0.036477600635279425,128,4,4,96,0.08518290798356352,80,1,3,96,0.22075414208061006,112,4,2,112,0.17251906024002514,48,56.0,96.0,3,1,0.0007801889452807607,0.6,/work3/arnaou/checkpoints/groupgat_Tc_trial_1242_best_state.pt,"{'learning_rate': 0.0007801889452807607, 'lr_reduce': 0.6}",TPESampler,COMPLETE
1243,0.014886348508298397,2025-04-26 04:05:28.584466,2025-04-26 04:06:54.273279,0 days 00:01:25.688813,0.0601009743131662,256,3,4,96,0.2825691332930968,208,2,1,80,0.15813049082602806,64,2,2,128,0.0005236018913145762,72,32.0,,2,2,0.0011864058103190117,0.6,/work3/arnaou/checkpoints/groupgat_Tc_trial_1243_best_state.pt,"{'learning_rate': 0.0011864058103190117, 'lr_reduce': 0.6}",TPESampler,COMPLETE
1244,0.017185039818286896,2025-04-26 04:06:46.909298,2025-04-26 04:08:07.112701,0 days 00:01:20.203403,0.03541741463533089,224,4,4,128,0.2869095287335501,256,2,3,128,0.12343527219718908,80,3,1,64,0.10965644714242333,80,40.0,,2,1,0.002260708419276692,0.6,/work3/arnaou/checkpoints/groupgat_Tc_trial_1244_best_state.pt,"{'learning_rate': 0.002260708419276692, 'lr_reduce': 0.6}",TPESampler,COMPLETE
1245,0.020235951989889145,2025-04-26 04:06:54.699288,2025-04-26 04:08:50.437371,0 days 00:01:55.738083,0.07443692133267212,160,2,2,32,0.10088016498718347,64,2,2,80,0.2388431853272568,112,2,3,128,0.20711311287464196,80,40.0,72.0,3,2,0.001182570970847806,0.6,/work3/arnaou/checkpoints/groupgat_Tc_trial_1245_best_state.pt,"{'learning_rate': 0.001182570970847806, 'lr_reduce': 0.6}",TPESampler,COMPLETE
1246,0.022536534816026688,2025-04-26 04:06:59.384569,2025-04-26 04:09:01.898454,0 days 00:02:02.513885,0.07490283550487382,160,4,4,96,0.006905176947354569,160,1,3,112,0.2331710270958625,112,4,2,112,0.27326348686751734,120,32.0,80.0,3,2,0.006639707748936106,0.6,/work3/arnaou/checkpoints/groupgat_Tc_trial_1246_best_state.pt,"{'learning_rate': 0.006639707748936106, 'lr_reduce': 0.6}",TPESampler,COMPLETE
1247,0.024327432736754417,2025-04-26 04:08:07.489150,2025-04-26 04:09:53.126820,0 days 00:01:45.637670,0.10759712773726848,192,3,4,80,0.035138685227803196,80,1,3,80,0.13596034846480332,128,4,2,112,0.22629396523252854,96,32.0,128.0,3,2,0.002630484335260398,0.6,/work3/arnaou/checkpoints/groupgat_Tc_trial_1247_best_state.pt,"{'learning_rate': 0.002630484335260398, 'lr_reduce': 0.6}",TPESampler,COMPLETE
1248,0.01782262697815895,2025-04-26 04:08:50.690836,2025-04-26 04:10:52.999493,0 days 00:02:02.308657,0.05677701713002539,176,4,4,96,0.11240061497069956,80,2,2,80,0.16541063516525048,112,3,2,128,0.2725296178022485,32,240.0,32.0,3,2,0.0006592543009026994,0.6,/work3/arnaou/checkpoints/groupgat_Tc_trial_1248_best_state.pt,"{'learning_rate': 0.0006592543009026994, 'lr_reduce': 0.6}",TPESampler,COMPLETE
1249,0.01444568857550621,2025-04-26 04:09:02.119191,2025-04-26 04:11:22.307947,0 days 00:02:20.188756,0.025138106392485107,160,4,4,112,0.07987165712598374,96,1,3,64,0.2078350718855093,128,4,1,128,0.2640629558537963,104,184.0,64.0,3,1,0.0018300137687459056,0.6,/work3/arnaou/checkpoints/groupgat_Tc_trial_1249_best_state.pt,"{'learning_rate': 0.0018300137687459056, 'lr_reduce': 0.6}",TPESampler,COMPLETE
1250,0.018911775201559067,2025-04-26 04:09:53.397959,2025-04-26 04:11:41.244933,0 days 00:01:47.846974,0.03220320116056062,176,3,4,96,0.2885707663313674,224,1,1,112,0.15775881606599626,64,3,2,112,0.06053099392153333,48,88.0,,2,2,0.0005279355958453507,0.6,/work3/arnaou/checkpoints/groupgat_Tc_trial_1250_best_state.pt,"{'learning_rate': 0.0005279355958453507, 'lr_reduce': 0.6}",TPESampler,COMPLETE
1251,0.015611821785569191,2025-04-26 04:10:53.314842,2025-04-26 04:12:21.207456,0 days 00:01:27.892614,0.043140288739882335,80,4,3,64,0.11884524225307946,128,4,4,112,0.14631320534966313,32,4,1,128,0.10717118073756483,120,168.0,112.0,3,1,0.001654181606418322,0.6,/work3/arnaou/checkpoints/groupgat_Tc_trial_1251_best_state.pt,"{'learning_rate': 0.001654181606418322, 'lr_reduce': 0.6}",TPESampler,COMPLETE
1252,0.01753844879567623,2025-04-26 04:11:22.637486,2025-04-26 04:13:00.049455,0 days 00:01:37.411969,0.017430278302729713,112,4,3,96,0.07890566599527127,128,2,3,96,0.17844507569977264,128,4,1,112,0.28785459807129826,248,432.0,32.0,3,2,0.0011919581024812085,0.6,/work3/arnaou/checkpoints/groupgat_Tc_trial_1252_best_state.pt,"{'learning_rate': 0.0011919581024812085, 'lr_reduce': 0.6}",TPESampler,COMPLETE
1253,0.027881890535354614,2025-04-26 04:11:41.594825,2025-04-26 04:13:25.922036,0 days 00:01:44.327211,0.04309481997521846,144,3,4,64,0.12057212739957379,80,4,4,128,0.11499946637894065,48,3,1,112,0.05294010002630413,240,216.0,136.0,3,1,0.0008336590355404653,0.6,/work3/arnaou/checkpoints/groupgat_Tc_trial_1253_best_state.pt,"{'learning_rate': 0.0008336590355404653, 'lr_reduce': 0.6}",TPESampler,COMPLETE
1254,0.024915657937526703,2025-04-26 04:12:21.552025,2025-04-26 04:14:19.101223,0 days 00:01:57.549198,0.039158591362204356,176,2,4,96,0.03684321620580479,240,2,1,64,0.24836183125719818,96,4,3,112,0.206574856287387,48,,,1,1,0.00019533432979699497,0.6,/work3/arnaou/checkpoints/groupgat_Tc_trial_1254_best_state.pt,"{'learning_rate': 0.00019533432979699497, 'lr_reduce': 0.6}",TPESampler,COMPLETE
1255,0.019371826201677322,2025-04-26 04:13:00.540835,2025-04-26 04:15:22.553255,0 days 00:02:22.012420,0.032800549750875624,160,3,2,64,0.05353013756658992,144,4,4,96,0.11221650117238746,64,4,1,128,0.10243395821102579,144,96.0,32.0,3,1,0.0002694565085783614,0.6,/work3/arnaou/checkpoints/groupgat_Tc_trial_1255_best_state.pt,"{'learning_rate': 0.0002694565085783614, 'lr_reduce': 0.6}",TPESampler,COMPLETE
1256,0.01971415802836418,2025-04-26 04:13:26.212655,2025-04-26 04:15:00.475905,0 days 00:01:34.263250,0.011819630406812838,256,1,3,64,0.1055853511185851,96,3,2,64,0.2559709212083626,112,4,2,128,0.1374187793982717,192,72.0,96.0,3,2,0.00041592782864881647,0.6,/work3/arnaou/checkpoints/groupgat_Tc_trial_1256_best_state.pt,"{'learning_rate': 0.00041592782864881647, 'lr_reduce': 0.6}",TPESampler,COMPLETE
1257,0.01719750463962555,2025-04-26 04:14:19.368855,2025-04-26 04:16:06.489369,0 days 00:01:47.120514,0.07565163750150972,240,4,4,32,0.030721602553452083,256,1,3,112,0.293907503187082,64,1,2,80,0.25230920793626865,128,160.0,,2,1,0.0013145156156830862,0.6,/work3/arnaou/checkpoints/groupgat_Tc_trial_1257_best_state.pt,"{'learning_rate': 0.0013145156156830862, 'lr_reduce': 0.6}",TPESampler,COMPLETE
1258,0.01908145658671856,2025-04-26 04:15:00.736514,2025-04-26 04:16:49.399175,0 days 00:01:48.662661,0.007496061787951577,144,3,4,96,0.11347319858526794,96,1,2,112,0.19429470247384256,128,4,1,128,0.25596734324518455,96,32.0,,2,2,0.001585442072741248,0.6,/work3/arnaou/checkpoints/groupgat_Tc_trial_1258_best_state.pt,"{'learning_rate': 0.001585442072741248, 'lr_reduce': 0.6}",TPESampler,COMPLETE
1259,0.017449060454964638,2025-04-26 04:15:22.830286,2025-04-26 04:17:28.445069,0 days 00:02:05.614783,0.030493223351217267,144,4,2,48,0.024606580675408794,64,3,4,112,0.1398538398918208,64,4,1,96,0.12109938915537181,208,432.0,72.0,3,1,0.0005357737021666484,0.6,/work3/arnaou/checkpoints/groupgat_Tc_trial_1259_best_state.pt,"{'learning_rate': 0.0005357737021666484, 'lr_reduce': 0.6}",TPESampler,COMPLETE
1260,0.020506711676716805,2025-04-26 04:16:06.806235,2025-04-26 04:17:43.885344,0 days 00:01:37.079109,0.054341524582533746,144,4,4,64,0.11165912759361046,144,1,2,80,0.10173229915776444,128,4,1,112,0.1320403561721569,112,136.0,152.0,3,2,0.0015565454223722378,0.6,/work3/arnaou/checkpoints/groupgat_Tc_trial_1260_best_state.pt,"{'learning_rate': 0.0015565454223722378, 'lr_reduce': 0.6}",TPESampler,COMPLETE
1261,0.01781364344060421,2025-04-26 04:16:49.764292,2025-04-26 04:18:55.762510,0 days 00:02:05.998218,0.028438213525459857,192,4,4,64,0.06939608641445263,128,1,3,112,0.17743089893727615,128,4,1,128,0.1607852290704913,96,96.0,72.0,3,2,0.0006732548206114415,0.6,/work3/arnaou/checkpoints/groupgat_Tc_trial_1261_best_state.pt,"{'learning_rate': 0.0006732548206114415, 'lr_reduce': 0.6}",TPESampler,COMPLETE
1262,0.01951894350349903,2025-04-26 04:17:28.767121,2025-04-26 04:18:46.264080,0 days 00:01:17.496959,0.019075048007310975,160,4,3,64,0.06406697830914265,80,4,4,112,0.1891843694067904,64,4,1,112,0.14535722348820282,56,32.0,,2,1,0.0016474126635877924,0.6,/work3/arnaou/checkpoints/groupgat_Tc_trial_1262_best_state.pt,"{'learning_rate': 0.0016474126635877924, 'lr_reduce': 0.6}",TPESampler,COMPLETE
1263,0.015477864071726799,2025-04-26 04:17:44.957265,2025-04-26 04:19:46.029495,0 days 00:02:01.072230,0.0045015479968597595,208,3,4,64,0.005339729605457144,240,3,2,64,0.2520487260272791,96,4,4,96,0.2712874587802266,80,176.0,128.0,3,1,0.0002581618724254673,0.6,/work3/arnaou/checkpoints/groupgat_Tc_trial_1263_best_state.pt,"{'learning_rate': 0.0002581618724254673, 'lr_reduce': 0.6}",TPESampler,COMPLETE
1264,0.021082671359181404,2025-04-26 04:18:46.497593,2025-04-26 04:20:34.749546,0 days 00:01:48.251953,0.07979518119448337,256,4,4,80,0.24250839198273078,240,3,3,112,0.13257957619183106,96,2,1,112,0.18435412812383087,192,80.0,,2,1,0.0017128967797453525,0.6,/work3/arnaou/checkpoints/groupgat_Tc_trial_1264_best_state.pt,"{'learning_rate': 0.0017128967797453525, 'lr_reduce': 0.6}",TPESampler,COMPLETE
1265,0.03272274136543274,2025-04-26 04:18:56.101752,2025-04-26 04:20:52.965270,0 days 00:01:56.863518,0.03519462278259375,112,4,2,64,0.09111023480465348,64,4,4,112,0.0192676744448268,48,4,2,128,0.05900708117468209,104,128.0,,2,1,0.0004526712166238745,0.6,/work3/arnaou/checkpoints/groupgat_Tc_trial_1265_best_state.pt,"{'learning_rate': 0.0004526712166238745, 'lr_reduce': 0.6}",TPESampler,COMPLETE
1266,0.02198612317442894,2025-04-26 04:19:46.274597,2025-04-26 04:21:56.947563,0 days 00:02:10.672966,0.03851863149004246,128,4,2,32,0.0945085276600505,96,4,2,96,0.15363910014136878,32,4,1,128,0.10578511237299769,328,80.0,,2,2,0.00038233417600005374,0.6,/work3/arnaou/checkpoints/groupgat_Tc_trial_1266_best_state.pt,"{'learning_rate': 0.00038233417600005374, 'lr_reduce': 0.6}",TPESampler,COMPLETE
1267,0.014496486634016037,2025-04-26 04:20:35.169784,2025-04-26 04:22:21.764087,0 days 00:01:46.594303,0.00016074483991020475,224,3,4,64,0.0934496392768129,224,3,2,96,0.2052756735416644,96,3,2,112,0.2781735945115921,232,400.0,72.0,3,2,0.0005805045122104779,0.6,/work3/arnaou/checkpoints/groupgat_Tc_trial_1267_best_state.pt,"{'learning_rate': 0.0005805045122104779, 'lr_reduce': 0.6}",TPESampler,COMPLETE
1268,0.025356106460094452,2025-04-26 04:20:53.230984,2025-04-26 04:22:56.006734,0 days 00:02:02.775750,0.13665429448453909,160,4,4,112,0.09249827042471134,112,1,4,96,0.1790443788712855,128,4,2,128,0.244743664643927,32,144.0,,2,2,0.0005305021228820376,0.6,/work3/arnaou/checkpoints/groupgat_Tc_trial_1268_best_state.pt,"{'learning_rate': 0.0005305021228820376, 'lr_reduce': 0.6}",TPESampler,COMPLETE
