number,value,datetime_start,datetime_complete,duration,params_L1_dropout,params_L1_hidden_dim,params_L1_layers_atom,params_L1_layers_mol,params_L1_out_dim,params_L2_dropout,params_L2_hidden_dim,params_L2_layers_atom,params_L2_layers_mol,params_L2_out_dim,params_L3_dropout,params_L3_hidden_dim,params_L3_layers_atom,params_L3_layers_mol,params_L3_out_dim,params_final_dropout,params_mlp_dim_0,params_mlp_dim_1,params_mlp_dim_2,params_n_mlp_layers,params_num_heads,params_train_learning_rate,params_train_lr_reduce,user_attrs_best_state_dict_path,user_attrs_training_params,system_attrs_auto:sampler,state
2223,0.08376782387495041,2025-04-26 22:43:32.693187,2025-04-26 22:45:23.916863,0 days 00:01:51.223676,0.21570514508956076,256,2,1,80,0.24577530787412494,112,3,4,32,0.18798753279526542,32,1,2,48,0.05113197209081757,168,,,1,1,0.0003010083625929757,0.6,/work3/arnaou/checkpoints/groupgat_Tc_trial_2223_best_state.pt,"{'learning_rate': 0.0003010083625929757, 'lr_reduce': 0.6}",TPESampler,COMPLETE
2224,0.017531467601656914,2025-04-26 22:45:23.298050,2025-04-26 22:47:43.633666,0 days 00:02:20.335616,0.003112125865257165,160,4,2,112,0.2485330168205972,176,3,1,32,0.2600185353120016,48,3,2,48,0.24945490660660272,240,144.0,,2,1,0.0012956869784016998,0.6,/work3/arnaou/checkpoints/groupgat_Tc_trial_2224_best_state.pt,"{'learning_rate': 0.0012956869784016998, 'lr_reduce': 0.6}",TPESampler,COMPLETE
2225,0.021480340510606766,2025-04-26 22:45:24.127930,2025-04-26 22:47:31.735182,0 days 00:02:07.607252,0.022964247687148834,128,2,4,64,0.2311027310162143,192,3,4,112,0.06242374045287176,48,4,2,128,0.0087830624021937,304,184.0,456.0,3,2,0.005405977627361168,0.6,/work3/arnaou/checkpoints/groupgat_Tc_trial_2225_best_state.pt,"{'learning_rate': 0.005405977627361168, 'lr_reduce': 0.6}",TPESampler,COMPLETE
2226,0.01509198546409607,2025-04-26 22:45:26.121042,2025-04-26 22:48:42.016190,0 days 00:03:15.895148,0.0009857567140113608,176,4,4,64,0.09588708321782749,192,1,3,128,0.2552495792437674,96,2,1,96,0.24259565492033983,248,136.0,328.0,3,2,0.0009780927362211978,0.6,/work3/arnaou/checkpoints/groupgat_Tc_trial_2226_best_state.pt,"{'learning_rate': 0.0009780927362211978, 'lr_reduce': 0.6}",TPESampler,COMPLETE
2227,0.015669124200940132,2025-04-26 22:47:32.030450,2025-04-26 22:50:15.229482,0 days 00:02:43.199032,0.04957845115647741,160,4,4,96,0.20299152301763473,208,4,4,128,0.06515871103162982,64,4,2,128,0.009156189817825684,344,144.0,392.0,3,2,0.0006328868806740784,0.6,/work3/arnaou/checkpoints/groupgat_Tc_trial_2227_best_state.pt,"{'learning_rate': 0.0006328868806740784, 'lr_reduce': 0.6}",TPESampler,COMPLETE
2228,0.012300106696784496,2025-04-26 22:47:43.897151,2025-04-26 22:50:40.493743,0 days 00:02:56.596592,0.0006956650471629661,224,4,2,32,0.29366173451830674,112,2,4,112,0.13823771805840618,80,4,2,32,0.15699793878701052,288,176.0,320.0,3,2,0.00103625475463966,0.6,/work3/arnaou/checkpoints/groupgat_Tc_trial_2228_best_state.pt,"{'learning_rate': 0.00103625475463966, 'lr_reduce': 0.6}",TPESampler,COMPLETE
2229,0.016800450161099434,2025-04-26 22:48:42.231727,2025-04-26 22:51:14.819645,0 days 00:02:32.587918,0.024897552357450288,128,2,1,32,0.2547642368919576,160,4,4,112,0.2181168012382441,48,4,1,128,0.05604280235207799,280,136.0,,2,2,0.0015519147441654935,0.6,/work3/arnaou/checkpoints/groupgat_Tc_trial_2229_best_state.pt,"{'learning_rate': 0.0015519147441654935, 'lr_reduce': 0.6}",TPESampler,COMPLETE
2230,0.02075273171067238,2025-04-26 22:50:15.713322,2025-04-26 22:51:45.878609,0 days 00:01:30.165287,0.0964056470698846,256,2,2,112,0.12826450672576492,160,1,1,32,0.044137713514251095,64,2,1,48,0.2315549719270068,120,200.0,384.0,3,1,0.0011752470300515267,0.6,/work3/arnaou/checkpoints/groupgat_Tc_trial_2230_best_state.pt,"{'learning_rate': 0.0011752470300515267, 'lr_reduce': 0.6}",TPESampler,COMPLETE
2231,0.02786187082529068,2025-04-26 22:50:40.823461,2025-04-26 22:53:43.203362,0 days 00:03:02.379901,0.27901663579438374,240,2,2,128,0.1057674860292889,80,2,4,48,0.10871504824854508,80,4,1,96,0.2722703917384237,200,208.0,376.0,3,2,0.0008327654343040015,0.6,/work3/arnaou/checkpoints/groupgat_Tc_trial_2231_best_state.pt,"{'learning_rate': 0.0008327654343040015, 'lr_reduce': 0.6}",TPESampler,COMPLETE
2232,0.016912437975406647,2025-04-26 22:51:16.010602,2025-04-26 22:53:28.732806,0 days 00:02:12.722204,0.014342835459228619,128,2,4,96,0.2104513966568369,256,4,4,128,0.04845791680585502,48,4,1,128,0.045562702931514584,424,256.0,352.0,3,2,0.002037382880040142,0.6,/work3/arnaou/checkpoints/groupgat_Tc_trial_2232_best_state.pt,"{'learning_rate': 0.002037382880040142, 'lr_reduce': 0.6}",TPESampler,COMPLETE
2233,0.04061238840222359,2025-04-26 22:51:46.110132,2025-04-26 22:54:02.788736,0 days 00:02:16.678604,0.27998548140858226,176,2,1,128,0.1641534287608148,240,3,1,112,0.18203044408495195,48,3,4,48,0.15804963109305,472,208.0,,2,1,0.0015358324524957475,0.6,/work3/arnaou/checkpoints/groupgat_Tc_trial_2233_best_state.pt,"{'learning_rate': 0.0015358324524957475, 'lr_reduce': 0.6}",TPESampler,COMPLETE
2234,0.025534115731716156,2025-04-26 22:53:29.065701,2025-04-26 22:56:19.504930,0 days 00:02:50.439229,0.09427031912241629,240,4,2,32,0.24789800764668835,112,2,4,128,0.18291226894535764,80,3,2,64,0.14377999502507868,280,248.0,352.0,3,2,0.0010662184724970394,0.6,/work3/arnaou/checkpoints/groupgat_Tc_trial_2234_best_state.pt,"{'learning_rate': 0.0010662184724970394, 'lr_reduce': 0.6}",TPESampler,COMPLETE
2235,0.017196262255311012,2025-04-26 22:53:43.490494,2025-04-26 22:55:27.660193,0 days 00:01:44.169699,0.020865679860879116,240,4,1,48,0.266416892787827,112,2,4,128,0.04951867250849232,112,4,3,48,0.04097841595879423,296,216.0,336.0,3,2,0.0031406938670237063,0.6,/work3/arnaou/checkpoints/groupgat_Tc_trial_2235_best_state.pt,"{'learning_rate': 0.0031406938670237063, 'lr_reduce': 0.6}",TPESampler,COMPLETE
2236,0.02245553769171238,2025-04-26 22:54:03.018323,2025-04-26 22:55:42.757049,0 days 00:01:39.738726,0.002525225799812552,176,4,2,32,0.26200040261285057,80,2,4,112,0.09749433074057383,80,3,2,32,0.17413468667131204,288,200.0,328.0,3,2,0.0019810015005633586,0.6,/work3/arnaou/checkpoints/groupgat_Tc_trial_2236_best_state.pt,"{'learning_rate': 0.0019810015005633586, 'lr_reduce': 0.6}",TPESampler,COMPLETE
2237,0.016328418627381325,2025-04-26 22:55:28.233196,2025-04-26 22:57:21.190572,0 days 00:01:52.957376,0.002909155671497944,144,3,4,96,0.23463965858697874,144,3,4,112,0.14755419172870046,48,3,2,128,0.09059760453576764,408,224.0,376.0,3,2,0.0008828755846924286,0.6,/work3/arnaou/checkpoints/groupgat_Tc_trial_2237_best_state.pt,"{'learning_rate': 0.0008828755846924286, 'lr_reduce': 0.6}",TPESampler,COMPLETE
2238,0.025161754339933395,2025-04-26 22:55:43.091949,2025-04-26 22:57:29.098550,0 days 00:01:46.006601,0.05082156861635204,240,3,3,32,0.2246690344358952,144,3,4,128,0.1567026361030894,48,4,2,32,0.14962399088638872,328,184.0,328.0,3,2,0.007358830210554856,0.6,/work3/arnaou/checkpoints/groupgat_Tc_trial_2238_best_state.pt,"{'learning_rate': 0.007358830210554856, 'lr_reduce': 0.6}",TPESampler,COMPLETE
2239,0.019361622631549835,2025-04-26 22:56:19.916178,2025-04-26 22:58:41.033296,0 days 00:02:21.117118,0.09899641489111322,128,3,4,64,0.05337635254790674,240,2,3,128,0.2838230471669567,128,4,2,112,0.23810836667087878,160,192.0,368.0,3,2,0.00038123343946221453,0.6,/work3/arnaou/checkpoints/groupgat_Tc_trial_2239_best_state.pt,"{'learning_rate': 0.00038123343946221453, 'lr_reduce': 0.6}",TPESampler,COMPLETE
2240,0.023460716009140015,2025-04-26 22:57:21.532970,2025-04-26 22:58:38.767440,0 days 00:01:17.234470,3.674521543969855e-05,128,3,4,80,0.24974644827409148,224,3,3,128,0.04093537029301009,32,4,1,128,0.010523453600739023,456,184.0,432.0,3,2,0.001475691850936843,0.6,/work3/arnaou/checkpoints/groupgat_Tc_trial_2240_best_state.pt,"{'learning_rate': 0.001475691850936843, 'lr_reduce': 0.6}",TPESampler,COMPLETE
2241,0.018779151141643524,2025-04-26 22:57:29.449686,2025-04-26 22:59:25.646261,0 days 00:01:56.196575,0.24303809305059376,208,2,2,112,0.22722181964172455,208,4,3,64,0.020436406230436688,80,4,1,112,0.03968043705786356,88,176.0,328.0,3,2,0.0044224015258965,0.6,/work3/arnaou/checkpoints/groupgat_Tc_trial_2241_best_state.pt,"{'learning_rate': 0.0044224015258965, 'lr_reduce': 0.6}",TPESampler,COMPLETE
2242,0.01627635583281517,2025-04-26 22:58:39.110584,2025-04-26 23:00:44.239239,0 days 00:02:05.128655,0.01892386936502159,192,4,2,80,0.2701928312048085,64,1,3,80,0.17817325884385782,64,4,2,48,0.1803169469056952,272,176.0,392.0,3,2,0.000711491677216937,0.6,/work3/arnaou/checkpoints/groupgat_Tc_trial_2242_best_state.pt,"{'learning_rate': 0.000711491677216937, 'lr_reduce': 0.6}",TPESampler,COMPLETE
2243,0.2627866268157959,2025-04-26 22:58:41.388381,2025-04-26 23:00:45.690534,0 days 00:02:04.302153,0.29345127892288286,224,3,4,128,0.2916093727073835,112,3,2,48,0.24221285760786243,48,3,2,48,0.012598881330176503,496,256.0,,2,1,0.00012854690771030425,0.6,/work3/arnaou/checkpoints/groupgat_Tc_trial_2243_best_state.pt,"{'learning_rate': 0.00012854690771030425, 'lr_reduce': 0.6}",TPESampler,COMPLETE
2244,0.019915493205189705,2025-04-26 22:59:25.971915,2025-04-26 23:01:45.476001,0 days 00:02:19.504086,0.01086482859003099,256,3,3,48,0.030493197067273797,112,3,4,80,0.1209756504422588,80,3,3,128,0.2030752784571536,288,168.0,328.0,3,2,0.00022086739402368423,0.6,/work3/arnaou/checkpoints/groupgat_Tc_trial_2244_best_state.pt,"{'learning_rate': 0.00022086739402368423, 'lr_reduce': 0.6}",TPESampler,COMPLETE
2245,0.045641977339982986,2025-04-26 23:00:44.490950,2025-04-26 23:03:13.597884,0 days 00:02:29.106934,0.19659640416141017,144,1,3,32,0.22137514631729271,256,3,2,32,0.09293773924624367,80,3,1,112,0.05225725655663789,400,216.0,,2,1,0.008385378356316838,0.6,/work3/arnaou/checkpoints/groupgat_Tc_trial_2245_best_state.pt,"{'learning_rate': 0.008385378356316838, 'lr_reduce': 0.6}",TPESampler,COMPLETE
2246,0.053700584918260574,2025-04-26 23:00:45.895673,2025-04-26 23:02:41.523344,0 days 00:01:55.627671,0.2201761504301274,256,3,3,128,0.13106755813808127,128,1,3,80,0.024649749718915454,64,1,2,96,0.21348072345899552,184,,,1,1,0.00036708391459777385,0.6,/work3/arnaou/checkpoints/groupgat_Tc_trial_2246_best_state.pt,"{'learning_rate': 0.00036708391459777385, 'lr_reduce': 0.6}",TPESampler,COMPLETE
2247,0.016790291294455528,2025-04-26 23:01:45.945037,2025-04-26 23:03:55.840726,0 days 00:02:09.895689,0.03759282451076309,256,4,1,32,0.29145042136004673,80,3,3,128,0.13325826450741057,96,4,1,48,0.24292840472374316,336,160.0,328.0,3,2,0.0024590161779231064,0.6,/work3/arnaou/checkpoints/groupgat_Tc_trial_2247_best_state.pt,"{'learning_rate': 0.0024590161779231064, 'lr_reduce': 0.6}",TPESampler,COMPLETE
2248,0.04278995841741562,2025-04-26 23:02:41.889528,2025-04-26 23:06:46.526536,0 days 00:04:04.637008,0.05936309922383046,240,4,3,48,0.2974076084372863,80,3,4,80,0.08356464922684617,48,4,2,32,0.20400834439721177,360,168.0,408.0,3,2,0.0010912718199595395,0.6,/work3/arnaou/checkpoints/groupgat_Tc_trial_2248_best_state.pt,"{'learning_rate': 0.0010912718199595395, 'lr_reduce': 0.6}",TPESampler,COMPLETE
2249,0.024996520951390266,2025-04-26 23:03:13.830807,2025-04-26 23:05:19.789066,0 days 00:02:05.958259,0.10203509875325864,208,4,3,48,0.2584782903893707,160,2,4,128,0.08258852547766214,80,4,3,48,0.21555939133503535,400,152.0,312.0,3,2,0.0006347820508933542,0.6,/work3/arnaou/checkpoints/groupgat_Tc_trial_2249_best_state.pt,"{'learning_rate': 0.0006347820508933542, 'lr_reduce': 0.6}",TPESampler,COMPLETE
2250,0.021910736337304115,2025-04-26 23:03:56.048253,2025-04-26 23:06:18.919185,0 days 00:02:22.870932,0.016936702420402943,192,3,2,32,0.2719335550211831,112,2,4,96,0.1424157028511601,80,4,3,64,0.23121285166059358,400,216.0,,2,2,0.0017182987952121674,0.6,/work3/arnaou/checkpoints/groupgat_Tc_trial_2250_best_state.pt,"{'learning_rate': 0.0017182987952121674, 'lr_reduce': 0.6}",TPESampler,COMPLETE
2251,0.020541256293654442,2025-04-26 23:05:20.117832,2025-04-26 23:07:11.059055,0 days 00:01:50.941223,0.022187900186006415,192,2,4,64,0.29714253122870143,160,1,1,96,0.15089926790535887,96,2,2,80,0.16370795731880117,152,152.0,,2,2,0.0019912525877159625,0.6,/work3/arnaou/checkpoints/groupgat_Tc_trial_2251_best_state.pt,"{'learning_rate': 0.0019912525877159625, 'lr_reduce': 0.6}",TPESampler,COMPLETE
2252,0.07495485246181488,2025-04-26 23:06:19.205625,2025-04-26 23:07:50.515779,0 days 00:01:31.310154,0.15326309222724793,192,2,4,128,0.2894598158065185,80,1,1,32,0.11480619910025602,64,3,4,128,0.15627207025018863,200,,,1,1,0.000172695755294487,0.6,/work3/arnaou/checkpoints/groupgat_Tc_trial_2252_best_state.pt,"{'learning_rate': 0.000172695755294487, 'lr_reduce': 0.6}",TPESampler,COMPLETE
2253,0.026314251124858856,2025-04-26 23:06:46.761972,2025-04-26 23:10:20.786049,0 days 00:03:34.024077,0.018532317776924326,208,3,1,32,0.2737044915164912,144,2,4,128,0.10158741147700995,80,3,1,32,0.11737363748270445,416,136.0,376.0,3,2,0.0031192545816916316,0.6,/work3/arnaou/checkpoints/groupgat_Tc_trial_2253_best_state.pt,"{'learning_rate': 0.0031192545816916316, 'lr_reduce': 0.6}",TPESampler,COMPLETE
2254,0.027681685984134674,2025-04-26 23:07:11.299369,2025-04-26 23:09:38.450159,0 days 00:02:27.150790,0.29536759929449574,176,3,2,112,0.03226647323926993,80,2,1,80,0.26256813027769393,48,4,4,112,0.17398647470519207,272,192.0,328.0,3,1,0.002947024558743873,0.6,/work3/arnaou/checkpoints/groupgat_Tc_trial_2254_best_state.pt,"{'learning_rate': 0.002947024558743873, 'lr_reduce': 0.6}",TPESampler,COMPLETE
2255,0.03957352787256241,2025-04-26 23:07:50.754577,2025-04-26 23:09:57.690673,0 days 00:02:06.936096,0.24699599247259313,112,4,2,128,0.14544661941052922,208,2,2,64,0.14866961348608435,64,4,1,32,0.048239526125098395,160,144.0,32.0,3,1,0.00013279021653553192,0.6,/work3/arnaou/checkpoints/groupgat_Tc_trial_2255_best_state.pt,"{'learning_rate': 0.00013279021653553192, 'lr_reduce': 0.6}",TPESampler,COMPLETE
2256,0.016246143728494644,2025-04-26 23:09:38.710357,2025-04-26 23:11:17.610515,0 days 00:01:38.900158,0.004299399468923413,144,4,4,48,0.27539689599759126,256,1,2,128,0.2032849002844195,64,2,1,112,0.025218537034632667,80,136.0,320.0,3,2,0.0018143213280960918,0.6,/work3/arnaou/checkpoints/groupgat_Tc_trial_2256_best_state.pt,"{'learning_rate': 0.0018143213280960918, 'lr_reduce': 0.6}",TPESampler,COMPLETE
2257,0.03354638069868088,2025-04-26 23:09:57.974778,2025-04-26 23:11:54.364499,0 days 00:01:56.389721,0.18159955504706732,240,4,2,32,0.2908529443602496,64,4,3,64,0.06441173684264401,96,2,4,128,0.18354664346356392,160,184.0,,2,2,0.006739537166357546,0.6,/work3/arnaou/checkpoints/groupgat_Tc_trial_2257_best_state.pt,"{'learning_rate': 0.006739537166357546, 'lr_reduce': 0.6}",TPESampler,COMPLETE
2258,0.03439293056726456,2025-04-26 23:10:21.007453,2025-04-26 23:12:35.138671,0 days 00:02:14.131218,0.037196501820203356,256,3,3,32,0.19819656678848424,176,1,4,128,0.2535681160888432,64,3,1,48,0.06160199644331395,272,240.0,,2,1,0.00026715175809298414,0.6,/work3/arnaou/checkpoints/groupgat_Tc_trial_2258_best_state.pt,"{'learning_rate': 0.00026715175809298414, 'lr_reduce': 0.6}",TPESampler,COMPLETE
2259,0.037265658378601074,2025-04-26 23:11:17.880125,2025-04-26 23:13:08.446413,0 days 00:01:50.566288,0.030437570999108116,208,3,2,48,0.2883373788021505,160,3,4,128,0.16320593395928826,48,4,2,32,0.2655323328453855,408,144.0,,2,1,0.0007975883806105987,0.6,/work3/arnaou/checkpoints/groupgat_Tc_trial_2259_best_state.pt,"{'learning_rate': 0.0007975883806105987, 'lr_reduce': 0.6}",TPESampler,COMPLETE
2260,0.013704951852560043,2025-04-26 23:11:54.698211,2025-04-26 23:14:12.364346,0 days 00:02:17.666135,0.0066047161426561595,144,4,4,96,0.024080303347691907,144,1,3,80,0.2032871239409606,128,4,2,128,0.08660952763024873,80,128.0,456.0,3,2,0.0006817263096186409,0.6,/work3/arnaou/checkpoints/groupgat_Tc_trial_2260_best_state.pt,"{'learning_rate': 0.0006817263096186409, 'lr_reduce': 0.6}",TPESampler,COMPLETE
2261,0.022600704804062843,2025-04-26 23:12:35.444271,2025-04-26 23:16:23.658956,0 days 00:03:48.214685,0.02380806862662005,208,4,3,64,0.28782876054369394,96,1,4,96,0.10862296561884928,80,3,1,32,0.18862192449131782,448,192.0,376.0,3,2,0.0006637515193797065,0.6,/work3/arnaou/checkpoints/groupgat_Tc_trial_2261_best_state.pt,"{'learning_rate': 0.0006637515193797065, 'lr_reduce': 0.6}",TPESampler,COMPLETE
2262,0.014456994831562042,2025-04-26 23:13:08.707403,2025-04-26 23:15:08.632983,0 days 00:01:59.925580,0.04721493797696994,192,4,1,32,0.20545353296377783,144,2,4,112,0.14754063592256086,64,4,2,48,0.17492721202530576,216,136.0,,2,2,0.0013373279771148844,0.6,/work3/arnaou/checkpoints/groupgat_Tc_trial_2262_best_state.pt,"{'learning_rate': 0.0013373279771148844, 'lr_reduce': 0.6}",TPESampler,COMPLETE
2263,0.013554968871176243,2025-04-26 23:14:12.690966,2025-04-26 23:16:29.720444,0 days 00:02:17.029478,0.01014543359754468,128,3,4,80,0.21795245477271769,176,4,4,96,0.03373612927991705,32,3,1,96,0.03307924921864475,512,176.0,320.0,3,2,0.0009552834505656064,0.6,/work3/arnaou/checkpoints/groupgat_Tc_trial_2263_best_state.pt,"{'learning_rate': 0.0009552834505656064, 'lr_reduce': 0.6}",TPESampler,COMPLETE
2264,0.8013664484024048,2025-04-26 23:15:08.961267,2025-04-26 23:15:33.143047,0 days 00:00:24.181780,0.062023663476981655,64,2,4,96,0.2414412242934509,192,4,4,128,0.140089705743775,32,4,2,128,0.013872097771632133,368,136.0,,2,2,0.00048586052858311886,0.6,/work3/arnaou/checkpoints/groupgat_Tc_trial_2264_best_state.pt,"{'learning_rate': 0.00048586052858311886, 'lr_reduce': 0.6}",TPESampler,COMPLETE
2265,0.017158247530460358,2025-04-26 23:15:33.412517,2025-04-26 23:17:38.626801,0 days 00:02:05.214284,0.03486199262223712,160,4,2,64,0.2996181195009189,80,2,4,96,0.15103854916432777,48,3,1,32,0.03055852507985765,312,120.0,32.0,3,2,0.000969379116706456,0.6,/work3/arnaou/checkpoints/groupgat_Tc_trial_2265_best_state.pt,"{'learning_rate': 0.000969379116706456, 'lr_reduce': 0.6}",TPESampler,COMPLETE
2266,0.11186295002698898,2025-04-26 23:16:23.908904,2025-04-26 23:18:11.572594,0 days 00:01:47.663690,0.0457506668673259,128,4,1,48,0.29653691035900365,80,4,4,112,0.19655030161452772,80,4,1,64,0.03128312648342872,96,,,1,2,0.00031316537362456907,0.6,/work3/arnaou/checkpoints/groupgat_Tc_trial_2266_best_state.pt,"{'learning_rate': 0.00031316537362456907, 'lr_reduce': 0.6}",TPESampler,COMPLETE
2267,0.0248100683093071,2025-04-26 23:16:29.995061,2025-04-26 23:18:02.848008,0 days 00:01:32.852947,0.0436032732176803,96,2,3,64,0.20091843269168388,192,4,3,112,0.0387394506108152,32,4,1,128,0.010068374032501392,352,168.0,304.0,3,2,0.002684344607160349,0.6,/work3/arnaou/checkpoints/groupgat_Tc_trial_2267_best_state.pt,"{'learning_rate': 0.002684344607160349, 'lr_reduce': 0.6}",TPESampler,COMPLETE
2268,0.023082301020622253,2025-04-26 23:17:38.939238,2025-04-26 23:20:05.939288,0 days 00:02:27.000050,0.0005923265711569523,160,2,4,64,0.10649133075704417,64,3,1,80,0.25790294425954974,96,4,3,112,0.1645753133304429,200,136.0,352.0,3,2,0.00042212884758142624,0.6,/work3/arnaou/checkpoints/groupgat_Tc_trial_2268_best_state.pt,"{'learning_rate': 0.00042212884758142624, 'lr_reduce': 0.6}",TPESampler,COMPLETE
2269,0.022269902750849724,2025-04-26 23:18:03.081203,2025-04-26 23:20:44.586616,0 days 00:02:41.505413,0.021742830007594638,224,4,4,112,0.2564422417240845,144,3,4,112,0.13253530346908135,32,4,1,128,0.08200615036713696,456,224.0,304.0,3,2,0.00476085360690365,0.6,/work3/arnaou/checkpoints/groupgat_Tc_trial_2269_best_state.pt,"{'learning_rate': 0.00476085360690365, 'lr_reduce': 0.6}",TPESampler,COMPLETE
2270,0.030664322897791862,2025-04-26 23:18:11.915324,2025-04-26 23:20:58.359471,0 days 00:02:46.444147,0.05839893937142976,144,3,4,128,0.1749282729176478,208,3,3,112,0.03896171253262178,48,4,1,128,0.12363892335527552,368,120.0,,2,2,0.0002891174445158156,0.6,/work3/arnaou/checkpoints/groupgat_Tc_trial_2270_best_state.pt,"{'learning_rate': 0.0002891174445158156, 'lr_reduce': 0.6}",TPESampler,COMPLETE
2271,0.016025830060243607,2025-04-26 23:20:06.253032,2025-04-26 23:22:20.910097,0 days 00:02:14.657065,0.009685450342276625,224,4,2,64,0.2846414826810779,160,2,4,112,0.11222370092744799,80,3,1,32,0.20617434299228718,288,176.0,416.0,3,2,0.0012291299000939573,0.6,/work3/arnaou/checkpoints/groupgat_Tc_trial_2271_best_state.pt,"{'learning_rate': 0.0012291299000939573, 'lr_reduce': 0.6}",TPESampler,COMPLETE
2272,0.11007067561149597,2025-04-26 23:20:44.964130,2025-04-26 23:24:16.112966,0 days 00:03:31.148836,0.23691894086007945,128,2,1,96,0.1268386410212573,96,2,3,112,0.1954546289341888,32,2,2,48,0.02030677189467489,40,120.0,,2,1,0.00014610235282929533,0.6,/work3/arnaou/checkpoints/groupgat_Tc_trial_2272_best_state.pt,"{'learning_rate': 0.00014610235282929533, 'lr_reduce': 0.6}",TPESampler,COMPLETE
2273,0.25351953506469727,2025-04-26 23:20:58.685028,2025-04-26 23:22:47.377740,0 days 00:01:48.692712,0.153177090966465,192,3,4,128,0.27386401226499657,96,4,3,48,0.15654707638579365,112,3,2,32,0.21483103286711724,336,,,1,1,0.00048345417037060507,0.6,/work3/arnaou/checkpoints/groupgat_Tc_trial_2273_best_state.pt,"{'learning_rate': 0.00048345417037060507, 'lr_reduce': 0.6}",TPESampler,COMPLETE
2274,0.032907407730817795,2025-04-26 23:22:21.211041,2025-04-26 23:25:09.589777,0 days 00:02:48.378736,0.10014404281554454,240,4,1,32,0.15017417942380232,224,2,1,48,0.1718622531844412,48,1,3,96,0.21608869389515006,152,,,1,1,0.0051353025446852505,0.6,/work3/arnaou/checkpoints/groupgat_Tc_trial_2274_best_state.pt,"{'learning_rate': 0.0051353025446852505, 'lr_reduce': 0.6}",TPESampler,COMPLETE
2275,0.019012492150068283,2025-04-26 23:22:47.626939,2025-04-26 23:26:36.851261,0 days 00:03:49.224322,0.004574256121869881,224,4,1,48,0.20928040186107222,80,1,3,112,0.12527000701872754,96,4,3,32,0.123875412659851,168,168.0,32.0,3,2,0.0016327680581598298,0.6,/work3/arnaou/checkpoints/groupgat_Tc_trial_2275_best_state.pt,"{'learning_rate': 0.0016327680581598298, 'lr_reduce': 0.6}",TPESampler,COMPLETE
