number,value,datetime_start,datetime_complete,duration,params_L1_dropout,params_L1_hidden_dim,params_L1_layers_atom,params_L1_layers_mol,params_L1_out_dim,params_L2_dropout,params_L2_hidden_dim,params_L2_layers_atom,params_L2_layers_mol,params_L2_out_dim,params_L3_dropout,params_L3_hidden_dim,params_L3_layers_atom,params_L3_layers_mol,params_L3_out_dim,params_final_dropout,params_mlp_dim_0,params_mlp_dim_1,params_mlp_dim_2,params_n_mlp_layers,params_num_heads,params_train_learning_rate,params_train_lr_reduce,user_attrs_best_state_dict_path,user_attrs_training_params,system_attrs_auto:sampler,state
2170,0.04683508351445198,2025-04-26 22:03:14.446424,2025-04-26 22:05:19.668738,0 days 00:02:05.222314,0.12315169031559751,224,4,1,112,0.25884170541985646,240,3,3,32,0.26580912725008676,32,4,2,48,0.09377318237575424,112,168.0,,2,2,0.00039801272212321555,0.6,/work3/arnaou/checkpoints/groupgat_Tc_trial_2170_best_state.pt,"{'learning_rate': 0.00039801272212321555, 'lr_reduce': 0.6}",TPESampler,COMPLETE
2171,0.05697690322995186,2025-04-26 22:03:17.977881,2025-04-26 22:06:11.439248,0 days 00:02:53.461367,0.025589978283460678,224,4,2,32,0.14216904039975994,64,3,4,128,0.1751542637104686,80,4,2,112,0.07390607184181039,112,88.0,280.0,3,1,0.0004063071255980679,0.6,/work3/arnaou/checkpoints/groupgat_Tc_trial_2171_best_state.pt,"{'learning_rate': 0.0004063071255980679, 'lr_reduce': 0.6}",TPESampler,COMPLETE
2172,0.023706750944256783,2025-04-26 22:03:54.050641,2025-04-26 22:06:17.497522,0 days 00:02:23.446881,0.10785357677886168,208,3,1,32,0.052397651351383204,112,4,1,96,0.22324709284127292,80,1,1,48,0.09558932101056022,424,,,1,1,0.0007436115141625468,0.6,/work3/arnaou/checkpoints/groupgat_Tc_trial_2172_best_state.pt,"{'learning_rate': 0.0007436115141625468, 'lr_reduce': 0.6}",TPESampler,COMPLETE
2173,0.016708005219697952,2025-04-26 22:05:20.029092,2025-04-26 22:06:49.496707,0 days 00:01:29.467615,0.005762156537724881,256,4,4,48,0.07859964455276988,192,1,3,96,0.26218634293495857,96,2,1,96,0.29097371315788684,32,128.0,376.0,3,1,0.0008720171031970583,0.6,/work3/arnaou/checkpoints/groupgat_Tc_trial_2173_best_state.pt,"{'learning_rate': 0.0008720171031970583, 'lr_reduce': 0.6}",TPESampler,COMPLETE
2174,0.015543508343398571,2025-04-26 22:06:11.658227,2025-04-26 22:08:54.874854,0 days 00:02:43.216627,0.002369915213846394,256,4,4,32,0.19375681004257064,160,2,4,112,0.2149790209436083,128,2,1,112,0.25250770870798955,184,192.0,312.0,3,2,0.0011743820873287,0.6,/work3/arnaou/checkpoints/groupgat_Tc_trial_2174_best_state.pt,"{'learning_rate': 0.0011743820873287, 'lr_reduce': 0.6}",TPESampler,COMPLETE
2175,0.05708489194512367,2025-04-26 22:06:17.796002,2025-04-26 22:09:29.412764,0 days 00:03:11.616762,0.14247457141490785,96,2,1,112,0.14440732351908372,224,1,3,112,0.0003753252881122937,48,4,2,112,0.295069908424751,352,88.0,232.0,3,2,0.00014349614492187995,0.6,/work3/arnaou/checkpoints/groupgat_Tc_trial_2175_best_state.pt,"{'learning_rate': 0.00014349614492187995, 'lr_reduce': 0.6}",TPESampler,COMPLETE
2176,0.07366611808538437,2025-04-26 22:06:49.778160,2025-04-26 22:09:06.058159,0 days 00:02:16.279999,0.04359339860662086,176,2,3,48,0.10805387634332018,64,3,3,96,0.2982629627565864,112,3,2,128,0.20622685000036117,160,136.0,448.0,3,2,0.00010524532885521191,0.6,/work3/arnaou/checkpoints/groupgat_Tc_trial_2176_best_state.pt,"{'learning_rate': 0.00010524532885521191, 'lr_reduce': 0.6}",TPESampler,COMPLETE
2177,0.22540885210037231,2025-04-26 22:08:55.124900,2025-04-26 22:11:10.329167,0 days 00:02:15.204267,0.24953930473244995,192,2,3,32,0.28212063321902436,144,4,3,128,0.21532827748212466,80,4,3,112,0.1716810447982521,216,88.0,,2,2,0.00016848203593061256,0.6,/work3/arnaou/checkpoints/groupgat_Tc_trial_2177_best_state.pt,"{'learning_rate': 0.00016848203593061256, 'lr_reduce': 0.6}",TPESampler,COMPLETE
2178,0.01582462713122368,2025-04-26 22:09:06.347545,2025-04-26 22:11:06.562003,0 days 00:02:00.214458,0.00801045916894088,160,4,2,96,0.10346727471577893,128,1,2,80,0.27094176509791124,96,4,2,128,0.08378594085782484,200,136.0,272.0,3,2,0.0009402936462394297,0.6,/work3/arnaou/checkpoints/groupgat_Tc_trial_2178_best_state.pt,"{'learning_rate': 0.0009402936462394297, 'lr_reduce': 0.6}",TPESampler,COMPLETE
2179,0.06169584020972252,2025-04-26 22:09:29.682284,2025-04-26 22:12:18.202383,0 days 00:02:48.520099,0.032952910481431466,208,4,3,64,0.1553863741974597,112,3,4,96,0.16469424786235856,112,3,4,128,0.23494172594571788,248,176.0,320.0,3,2,0.00014828549238537326,0.6,/work3/arnaou/checkpoints/groupgat_Tc_trial_2179_best_state.pt,"{'learning_rate': 0.00014828549238537326, 'lr_reduce': 0.6}",TPESampler,COMPLETE
2180,0.02081218920648098,2025-04-26 22:11:06.779949,2025-04-26 22:12:56.374883,0 days 00:01:49.594934,0.19316723224888055,96,4,4,96,0.2764417481138313,176,1,1,128,0.21056687144693714,128,4,1,32,0.031452322075299716,440,88.0,216.0,3,2,0.00048344980493078397,0.6,/work3/arnaou/checkpoints/groupgat_Tc_trial_2180_best_state.pt,"{'learning_rate': 0.00048344980493078397, 'lr_reduce': 0.6}",TPESampler,COMPLETE
2181,0.01598605141043663,2025-04-26 22:11:10.559570,2025-04-26 22:13:25.993425,0 days 00:02:15.433855,0.0536954468057611,208,4,4,112,0.07354616599140254,192,1,3,80,0.23541330072639144,112,2,2,128,0.0694161448378135,216,432.0,288.0,3,2,0.0006976283491451142,0.6,/work3/arnaou/checkpoints/groupgat_Tc_trial_2181_best_state.pt,"{'learning_rate': 0.0006976283491451142, 'lr_reduce': 0.6}",TPESampler,COMPLETE
2182,0.015528800897300243,2025-04-26 22:12:18.565168,2025-04-26 22:15:00.480330,0 days 00:02:41.915162,0.011799124289858104,176,4,3,32,0.28928535443632786,160,4,4,112,0.14692899909752283,48,4,1,128,0.0244918227773213,120,128.0,,2,2,0.0023051109818078017,0.6,/work3/arnaou/checkpoints/groupgat_Tc_trial_2182_best_state.pt,"{'learning_rate': 0.0023051109818078017, 'lr_reduce': 0.6}",TPESampler,COMPLETE
2183,0.020827163010835648,2025-04-26 22:12:56.607616,2025-04-26 22:15:11.753799,0 days 00:02:15.146183,0.030713779873760172,96,4,4,64,0.08458538101860398,144,1,2,48,0.10814141622199264,48,1,4,32,0.20715471270507646,424,160.0,352.0,3,1,0.0004309726370697882,0.6,/work3/arnaou/checkpoints/groupgat_Tc_trial_2183_best_state.pt,"{'learning_rate': 0.0004309726370697882, 'lr_reduce': 0.6}",TPESampler,COMPLETE
2184,0.024540461599826813,2025-04-26 22:13:26.362477,2025-04-26 22:15:10.160639,0 days 00:01:43.798162,0.03662910270217159,240,3,3,96,0.22411614662008916,192,1,1,96,0.2089957691509176,112,2,3,112,0.024538344258063317,96,,,1,2,0.0005524349330281214,0.6,/work3/arnaou/checkpoints/groupgat_Tc_trial_2184_best_state.pt,"{'learning_rate': 0.0005524349330281214, 'lr_reduce': 0.6}",TPESampler,COMPLETE
2185,0.026003751903772354,2025-04-26 22:15:00.912699,2025-04-26 22:16:34.578829,0 days 00:01:33.666130,0.09245397734714042,256,4,3,80,0.1774308277554004,240,1,4,128,0.26698968984078725,128,1,1,112,0.20071421538140433,136,216.0,256.0,3,1,0.00029929032654838915,0.6,/work3/arnaou/checkpoints/groupgat_Tc_trial_2185_best_state.pt,"{'learning_rate': 0.00029929032654838915, 'lr_reduce': 0.6}",TPESampler,COMPLETE
2186,0.022523410618305206,2025-04-26 22:15:10.558017,2025-04-26 22:17:20.148018,0 days 00:02:09.590001,0.06058773249562954,192,3,4,80,0.2516496774182541,224,3,3,128,0.05171686773733414,32,3,1,128,0.07335077148785887,432,88.0,200.0,3,1,0.0006015115960804658,0.6,/work3/arnaou/checkpoints/groupgat_Tc_trial_2186_best_state.pt,"{'learning_rate': 0.0006015115960804658, 'lr_reduce': 0.6}",TPESampler,COMPLETE
2187,0.03083597868680954,2025-04-26 22:15:12.116704,2025-04-26 22:16:49.540031,0 days 00:01:37.423327,0.16950384101236401,128,3,4,48,0.09238267033053293,128,1,1,48,0.2651632323335317,112,1,3,48,0.19766276777580816,192,128.0,,2,1,0.00014919782747988886,0.6,/work3/arnaou/checkpoints/groupgat_Tc_trial_2187_best_state.pt,"{'learning_rate': 0.00014919782747988886, 'lr_reduce': 0.6}",TPESampler,COMPLETE
2188,0.01680491305887699,2025-04-26 22:16:34.809683,2025-04-26 22:19:54.450764,0 days 00:03:19.641081,0.003078980706996926,144,4,4,112,0.06594027346149628,112,1,2,96,0.15135302677761214,112,4,1,128,0.0814487942942437,144,88.0,408.0,3,2,0.00014295331319977408,0.6,/work3/arnaou/checkpoints/groupgat_Tc_trial_2188_best_state.pt,"{'learning_rate': 0.00014295331319977408, 'lr_reduce': 0.6}",TPESampler,COMPLETE
2189,0.014082708396017551,2025-04-26 22:16:49.929606,2025-04-26 22:19:02.222990,0 days 00:02:12.293384,0.06378847077204512,176,4,4,112,0.05245989003310765,192,1,2,112,0.20058080631656336,112,3,2,112,0.16399415652181748,56,168.0,288.0,3,2,0.00041721045276643806,0.6,/work3/arnaou/checkpoints/groupgat_Tc_trial_2189_best_state.pt,"{'learning_rate': 0.00041721045276643806, 'lr_reduce': 0.6}",TPESampler,COMPLETE
2190,0.013844573870301247,2025-04-26 22:17:20.406546,2025-04-26 22:19:54.116253,0 days 00:02:33.709707,0.004900093483441496,256,4,3,32,0.03571584800040703,224,1,2,128,0.21105696465832585,80,2,1,112,0.19017855082713903,64,128.0,248.0,3,2,0.0006438286446521031,0.6,/work3/arnaou/checkpoints/groupgat_Tc_trial_2190_best_state.pt,"{'learning_rate': 0.0006438286446521031, 'lr_reduce': 0.6}",TPESampler,COMPLETE
2191,0.0804576575756073,2025-04-26 22:19:02.504876,2025-04-26 22:21:44.581810,0 days 00:02:42.076934,0.05470087928672532,192,2,2,32,0.27368550532254793,224,4,4,112,0.1672198740650747,64,4,1,80,0.041677452776624054,248,272.0,,2,2,0.0006761179000831623,0.6,/work3/arnaou/checkpoints/groupgat_Tc_trial_2191_best_state.pt,"{'learning_rate': 0.0006761179000831623, 'lr_reduce': 0.6}",TPESampler,COMPLETE
2192,0.01586725190281868,2025-04-26 22:19:54.389556,2025-04-26 22:22:04.623556,0 days 00:02:10.234000,0.019832627874825193,240,4,3,48,0.10000760404592678,160,2,4,80,0.2170955537866626,80,4,3,128,0.12613911855678386,424,80.0,304.0,3,2,0.00033570550154111994,0.6,/work3/arnaou/checkpoints/groupgat_Tc_trial_2192_best_state.pt,"{'learning_rate': 0.00033570550154111994, 'lr_reduce': 0.6}",TPESampler,COMPLETE
2193,0.09595301002264023,2025-04-26 22:19:54.676656,2025-04-26 22:20:47.841428,0 days 00:00:53.164772,0.2162347994285454,192,1,4,80,0.14196471209745104,64,2,4,64,0.032752625714770264,64,3,2,48,0.18452515103686465,352,128.0,360.0,3,2,0.0017383642858563534,0.6,/work3/arnaou/checkpoints/groupgat_Tc_trial_2193_best_state.pt,"{'learning_rate': 0.0017383642858563534, 'lr_reduce': 0.6}",TPESampler,COMPLETE
2194,0.049238599836826324,2025-04-26 22:20:48.219357,2025-04-26 22:22:48.333074,0 days 00:02:00.113717,0.028956949668359863,256,2,4,112,0.11119428408428006,64,2,4,32,0.04203901532316366,48,3,4,112,0.12134900708307592,80,,,1,1,0.00010187890954502315,0.6,/work3/arnaou/checkpoints/groupgat_Tc_trial_2194_best_state.pt,"{'learning_rate': 0.00010187890954502315, 'lr_reduce': 0.6}",TPESampler,COMPLETE
2195,0.018884098157286644,2025-04-26 22:21:44.953860,2025-04-26 22:24:22.235973,0 days 00:02:37.282113,0.05555403057583958,208,2,3,48,0.08380626562329394,160,3,2,128,0.22092582679947192,64,3,4,96,0.07820827885513608,256,200.0,240.0,3,2,0.00031502631171965556,0.6,/work3/arnaou/checkpoints/groupgat_Tc_trial_2195_best_state.pt,"{'learning_rate': 0.00031502631171965556, 'lr_reduce': 0.6}",TPESampler,COMPLETE
2196,0.019086219370365143,2025-04-26 22:22:04.856947,2025-04-26 22:24:58.405407,0 days 00:02:53.548460,0.030083960459725008,208,2,2,32,0.022744981807507888,64,2,2,64,0.22010261602699127,128,3,4,128,0.08078309004638988,128,88.0,192.0,3,2,0.0002445596144134782,0.6,/work3/arnaou/checkpoints/groupgat_Tc_trial_2196_best_state.pt,"{'learning_rate': 0.0002445596144134782, 'lr_reduce': 0.6}",TPESampler,COMPLETE
2197,0.012477747164666653,2025-04-26 22:22:48.604229,2025-04-26 22:25:08.910731,0 days 00:02:20.306502,0.04086530937624943,128,3,4,80,0.20283227689738875,208,4,4,128,0.061041193218191916,32,4,1,128,0.024085659653750775,400,152.0,328.0,3,2,0.0013441240954097187,0.6,/work3/arnaou/checkpoints/groupgat_Tc_trial_2197_best_state.pt,"{'learning_rate': 0.0013441240954097187, 'lr_reduce': 0.6}",TPESampler,COMPLETE
2198,0.01530594564974308,2025-04-26 22:24:22.476975,2025-04-26 22:27:00.178468,0 days 00:02:37.701493,0.041305701760347785,240,3,4,96,0.20943114048725597,160,1,1,80,0.11980726287910878,48,2,2,80,0.04262980231926325,40,120.0,,2,2,0.0007386873507770998,0.6,/work3/arnaou/checkpoints/groupgat_Tc_trial_2198_best_state.pt,"{'learning_rate': 0.0007386873507770998, 'lr_reduce': 0.6}",TPESampler,COMPLETE
2199,0.016901027411222458,2025-04-26 22:24:58.614995,2025-04-26 22:27:05.186984,0 days 00:02:06.571989,0.035173787627646495,144,4,4,64,0.16451060362947528,176,1,2,64,0.2678191302409923,96,3,2,96,0.14896158256855968,56,480.0,264.0,3,2,0.00030178223879309023,0.6,/work3/arnaou/checkpoints/groupgat_Tc_trial_2199_best_state.pt,"{'learning_rate': 0.00030178223879309023, 'lr_reduce': 0.6}",TPESampler,COMPLETE
2200,0.027278011664748192,2025-04-26 22:25:09.240908,2025-04-26 22:27:41.905072,0 days 00:02:32.664164,0.042869683232993186,208,1,3,128,0.07151888990204643,256,1,2,96,0.23166987806614214,128,2,4,128,0.2192118472285925,144,,,1,2,0.00025965618944896697,0.6,/work3/arnaou/checkpoints/groupgat_Tc_trial_2200_best_state.pt,"{'learning_rate': 0.00025965618944896697, 'lr_reduce': 0.6}",TPESampler,COMPLETE
2201,0.04383448138833046,2025-04-26 22:27:00.414965,2025-04-26 22:29:38.588332,0 days 00:02:38.173367,0.16744375436371636,224,3,4,112,0.09954538753318345,160,4,2,112,0.24849280734252693,80,2,2,80,0.12260881953026373,464,,,1,2,0.0012017856612847938,0.6,/work3/arnaou/checkpoints/groupgat_Tc_trial_2201_best_state.pt,"{'learning_rate': 0.0012017856612847938, 'lr_reduce': 0.6}",TPESampler,COMPLETE
2202,0.018513474613428116,2025-04-26 22:27:05.384294,2025-04-26 22:30:06.084834,0 days 00:03:00.700540,0.01032528955928649,112,3,3,96,0.16939538289344028,176,4,4,112,0.08868750561859703,48,4,3,96,0.012659951001880701,200,216.0,,2,2,0.0005613176508518521,0.6,/work3/arnaou/checkpoints/groupgat_Tc_trial_2202_best_state.pt,"{'learning_rate': 0.0005613176508518521, 'lr_reduce': 0.6}",TPESampler,COMPLETE
2203,0.02074494957923889,2025-04-26 22:27:42.117713,2025-04-26 22:29:31.283456,0 days 00:01:49.165743,0.0054268112747950705,240,1,4,32,0.03344104727740399,64,3,2,112,0.2853792900757314,128,4,3,112,0.17597844774449337,144,208.0,384.0,3,2,0.0012470950140655768,0.6,/work3/arnaou/checkpoints/groupgat_Tc_trial_2203_best_state.pt,"{'learning_rate': 0.0012470950140655768, 'lr_reduce': 0.6}",TPESampler,COMPLETE
2204,0.015834763646125793,2025-04-26 22:29:31.678558,2025-04-26 22:31:28.288465,0 days 00:01:56.609907,0.047975774950034716,224,3,4,32,0.08799466587986716,256,3,2,80,0.29644382930992885,96,3,2,128,0.24029366067815755,216,184.0,360.0,3,2,0.0011346179935676048,0.6,/work3/arnaou/checkpoints/groupgat_Tc_trial_2204_best_state.pt,"{'learning_rate': 0.0011346179935676048, 'lr_reduce': 0.6}",TPESampler,COMPLETE
2205,0.015079278498888016,2025-04-26 22:29:38.982397,2025-04-26 22:31:50.513951,0 days 00:02:11.531554,0.01854308293188698,208,4,4,64,0.22092442336525847,240,1,4,128,0.2907341053175371,128,1,2,128,0.2572586544676014,40,176.0,336.0,3,2,0.00036386275108795003,0.6,/work3/arnaou/checkpoints/groupgat_Tc_trial_2205_best_state.pt,"{'learning_rate': 0.00036386275108795003, 'lr_reduce': 0.6}",TPESampler,COMPLETE
2206,0.01745748706161976,2025-04-26 22:30:06.400669,2025-04-26 22:33:11.045141,0 days 00:03:04.644472,0.004576425725072801,176,2,3,32,0.01810661663692581,80,4,3,80,0.2815343639147607,96,4,3,112,0.1885060009706746,120,192.0,360.0,3,2,0.00025236214017768034,0.6,/work3/arnaou/checkpoints/groupgat_Tc_trial_2206_best_state.pt,"{'learning_rate': 0.00025236214017768034, 'lr_reduce': 0.6}",TPESampler,COMPLETE
2207,0.01794862560927868,2025-04-26 22:31:28.709506,2025-04-26 22:33:42.345382,0 days 00:02:13.635876,0.12185468422477111,80,3,4,80,0.2024050520502637,128,3,4,128,0.1019045847141563,32,4,1,128,0.05042011550579513,400,176.0,368.0,3,2,0.0019213611980303247,0.6,/work3/arnaou/checkpoints/groupgat_Tc_trial_2207_best_state.pt,"{'learning_rate': 0.0019213611980303247, 'lr_reduce': 0.6}",TPESampler,COMPLETE
2208,0.019192194566130638,2025-04-26 22:31:50.856503,2025-04-26 22:33:54.176220,0 days 00:02:03.319717,0.11298710426631436,144,3,4,64,0.20035957423046452,224,3,4,128,0.08415059658714068,32,4,1,128,0.03355847512790207,384,240.0,344.0,3,2,0.001952912151939837,0.6,/work3/arnaou/checkpoints/groupgat_Tc_trial_2208_best_state.pt,"{'learning_rate': 0.001952912151939837, 'lr_reduce': 0.6}",TPESampler,COMPLETE
2209,0.015581016428768635,2025-04-26 22:33:11.381056,2025-04-26 22:36:02.593979,0 days 00:02:51.212923,0.02195476013747931,208,3,4,32,0.074610227019906,192,3,4,64,0.26087377286910607,128,4,1,128,0.1740071962314945,40,176.0,,2,2,0.0004990989229671768,0.6,/work3/arnaou/checkpoints/groupgat_Tc_trial_2209_best_state.pt,"{'learning_rate': 0.0004990989229671768, 'lr_reduce': 0.6}",TPESampler,COMPLETE
2210,0.023725971579551697,2025-04-26 22:33:42.772052,2025-04-26 22:36:14.764184,0 days 00:02:31.992132,0.08298078163520053,64,3,4,112,0.22067300611385843,176,4,4,112,0.039244970698207024,48,4,2,112,0.05670819150789873,392,168.0,336.0,3,2,0.003173778791651106,0.6,/work3/arnaou/checkpoints/groupgat_Tc_trial_2210_best_state.pt,"{'learning_rate': 0.003173778791651106, 'lr_reduce': 0.6}",TPESampler,COMPLETE
2211,0.014937919564545155,2025-04-26 22:33:54.686622,2025-04-26 22:35:44.355998,0 days 00:01:49.669376,0.057551792955841966,96,2,4,64,0.08946155018859574,192,4,4,112,0.06919964862221088,32,3,1,128,0.012413794527005874,384,168.0,368.0,3,2,0.0020761078859791973,0.6,/work3/arnaou/checkpoints/groupgat_Tc_trial_2211_best_state.pt,"{'learning_rate': 0.0020761078859791973, 'lr_reduce': 0.6}",TPESampler,COMPLETE
2212,0.02116921730339527,2025-04-26 22:35:44.699544,2025-04-26 22:37:53.156266,0 days 00:02:08.456722,0.24412208194300766,96,1,2,112,0.2933755763732388,64,4,2,128,0.0895180978304182,112,1,1,96,0.2964266884396797,296,224.0,,2,1,0.00909006075299332,0.6,/work3/arnaou/checkpoints/groupgat_Tc_trial_2212_best_state.pt,"{'learning_rate': 0.00909006075299332, 'lr_reduce': 0.6}",TPESampler,COMPLETE
2213,0.03195377439260483,2025-04-26 22:36:02.949115,2025-04-26 22:37:54.690102,0 days 00:01:51.740987,0.12453224507558362,224,3,4,48,0.24433149616196048,64,2,1,48,0.23068269492354998,32,4,1,48,0.007750627631320922,400,168.0,,2,2,0.0004947132518589984,0.6,/work3/arnaou/checkpoints/groupgat_Tc_trial_2213_best_state.pt,"{'learning_rate': 0.0004947132518589984, 'lr_reduce': 0.6}",TPESampler,COMPLETE
2214,0.07307078689336777,2025-04-26 22:36:15.159517,2025-04-26 22:39:52.221390,0 days 00:03:37.061873,0.03695458624521288,96,4,3,48,0.05016385531578331,128,4,3,48,0.19134927345503444,48,4,3,128,0.12430991291486887,184,160.0,336.0,3,1,0.0002709104164531284,0.6,/work3/arnaou/checkpoints/groupgat_Tc_trial_2214_best_state.pt,"{'learning_rate': 0.0002709104164531284, 'lr_reduce': 0.6}",TPESampler,COMPLETE
2215,0.024492820724844933,2025-04-26 22:37:53.433100,2025-04-26 22:39:50.692214,0 days 00:01:57.259114,0.12018536878044692,240,2,4,64,0.021397573871790913,80,3,2,80,0.2933409141567628,112,4,3,112,0.1654452038739799,360,208.0,,2,2,0.0006672136674251974,0.6,/work3/arnaou/checkpoints/groupgat_Tc_trial_2215_best_state.pt,"{'learning_rate': 0.0006672136674251974, 'lr_reduce': 0.6}",TPESampler,COMPLETE
2216,0.015406349673867226,2025-04-26 22:37:54.914420,2025-04-26 22:40:04.364081,0 days 00:02:09.449661,0.012478209655113683,256,4,2,48,0.1253780120502456,112,2,4,80,0.23325724120331465,80,3,3,128,0.18103060600781304,312,160.0,408.0,3,2,0.0018046351410239136,0.6,/work3/arnaou/checkpoints/groupgat_Tc_trial_2216_best_state.pt,"{'learning_rate': 0.0018046351410239136, 'lr_reduce': 0.6}",TPESampler,COMPLETE
2217,0.017900070175528526,2025-04-26 22:39:51.070030,2025-04-26 22:42:23.642881,0 days 00:02:32.572851,0.06533277395747361,176,3,2,48,0.06011183431219933,176,4,4,32,0.16399618325669374,32,3,4,128,0.12114518409981669,280,160.0,336.0,3,1,0.0005467127043112143,0.6,/work3/arnaou/checkpoints/groupgat_Tc_trial_2217_best_state.pt,"{'learning_rate': 0.0005467127043112143, 'lr_reduce': 0.6}",TPESampler,COMPLETE
2218,0.0169947762042284,2025-04-26 22:39:52.392735,2025-04-26 22:43:05.716839,0 days 00:03:13.324104,0.04854692786036811,112,4,4,80,0.18988518938904156,208,4,4,112,0.14669084129398924,32,4,1,128,0.10244592266163767,384,152.0,408.0,3,2,0.0026447739136274714,0.6,/work3/arnaou/checkpoints/groupgat_Tc_trial_2218_best_state.pt,"{'learning_rate': 0.0026447739136274714, 'lr_reduce': 0.6}",TPESampler,COMPLETE
2219,0.0859081894159317,2025-04-26 22:40:04.724447,2025-04-26 22:42:07.360861,0 days 00:02:02.636414,0.10103212334420758,96,1,3,32,0.176307942487599,240,3,1,48,0.16551337337519556,80,2,1,48,0.22326406206421331,104,,,1,2,0.00010793655454604429,0.6,/work3/arnaou/checkpoints/groupgat_Tc_trial_2219_best_state.pt,"{'learning_rate': 0.00010793655454604429, 'lr_reduce': 0.6}",TPESampler,COMPLETE
2220,0.1514279544353485,2025-04-26 22:42:07.761906,2025-04-26 22:45:25.845217,0 days 00:03:18.083311,0.005204970391983872,112,3,3,80,0.1719532830079774,224,4,4,96,0.07311253618746333,32,4,1,128,0.004118144190835837,400,432.0,,2,2,0.0002834924597593989,0.6,/work3/arnaou/checkpoints/groupgat_Tc_trial_2220_best_state.pt,"{'learning_rate': 0.0002834924597593989, 'lr_reduce': 0.6}",TPESampler,COMPLETE
2221,0.016741206869482994,2025-04-26 22:42:23.981448,2025-04-26 22:45:22.991485,0 days 00:02:59.010037,0.018757634679742147,192,4,4,32,0.07291946126874442,256,1,3,128,0.2345111022747053,64,1,2,128,0.06146474653338402,112,224.0,328.0,3,2,0.002358573381654178,0.6,/work3/arnaou/checkpoints/groupgat_Tc_trial_2221_best_state.pt,"{'learning_rate': 0.002358573381654178, 'lr_reduce': 0.6}",TPESampler,COMPLETE
2222,0.7520623803138733,2025-04-26 22:43:06.009821,2025-04-26 22:43:32.467798,0 days 00:00:26.457977,0.1191624021219286,128,2,4,80,0.2824827871442482,208,3,4,112,0.09067853200938956,32,4,1,128,0.19276876308440846,440,,,1,2,0.0006303888743413862,0.6,/work3/arnaou/checkpoints/groupgat_Tc_trial_2222_best_state.pt,"{'learning_rate': 0.0006303888743413862, 'lr_reduce': 0.6}",TPESampler,COMPLETE
