number,value,datetime_start,datetime_complete,duration,params_L1_dropout,params_L1_hidden_dim,params_L1_layers_atom,params_L1_layers_mol,params_L1_out_dim,params_L2_dropout,params_L2_hidden_dim,params_L2_layers_atom,params_L2_layers_mol,params_L2_out_dim,params_L3_dropout,params_L3_hidden_dim,params_L3_layers_atom,params_L3_layers_mol,params_L3_out_dim,params_final_dropout,params_mlp_dim_0,params_mlp_dim_1,params_mlp_dim_2,params_n_mlp_layers,params_num_heads,params_train_learning_rate,params_train_lr_reduce,user_attrs_best_state_dict_path,user_attrs_training_params,system_attrs_auto:sampler,state
476,0.019537171348929405,2025-04-25 18:52:11.496452,2025-04-25 18:54:59.037661,0 days 00:02:47.541209,0.03897258829042216,256,3,2,32,0.26509117343146926,208,2,4,48,0.18424504816736192,80,4,1,48,0.18251319817428663,104,360.0,32.0,3,2,0.0014659198709098859,0.6,/work3/arnaou/checkpoints/groupgat_Tc_trial_476_best_state.pt,"{'learning_rate': 0.0014659198709098859, 'lr_reduce': 0.6}",TPESampler,COMPLETE
477,0.013736652210354805,2025-04-25 18:53:20.282189,2025-04-25 18:55:01.775005,0 days 00:01:41.492816,0.03627620865796727,192,4,4,80,0.29498221906781025,240,2,2,112,0.16738719807271932,80,2,1,128,0.10068632589717053,64,80.0,264.0,3,2,0.0010491256191957371,0.6,/work3/arnaou/checkpoints/groupgat_Tc_trial_477_best_state.pt,"{'learning_rate': 0.0010491256191957371, 'lr_reduce': 0.6}",TPESampler,COMPLETE
478,0.08809689432382584,2025-04-25 18:53:59.867988,2025-04-25 18:54:53.436152,0 days 00:00:53.568164,0.001197790449637505,240,3,2,64,0.10489342564402954,96,4,3,96,0.16967858374090017,64,3,3,96,0.10965096900546276,176,408.0,184.0,3,1,0.001637713146130973,0.6,/work3/arnaou/checkpoints/groupgat_Tc_trial_478_best_state.pt,"{'learning_rate': 0.001637713146130973, 'lr_reduce': 0.6}",TPESampler,COMPLETE
479,0.021437915042042732,2025-04-25 18:54:53.601055,2025-04-25 18:56:34.613196,0 days 00:01:41.012141,0.05744648675281698,96,2,1,128,0.08804584324546884,128,1,2,48,0.13656151779311562,128,4,3,128,0.19799410893465993,280,352.0,104.0,3,1,0.003549729734650962,0.6,/work3/arnaou/checkpoints/groupgat_Tc_trial_479_best_state.pt,"{'learning_rate': 0.003549729734650962, 'lr_reduce': 0.6}",TPESampler,COMPLETE
480,0.02235862798988819,2025-04-25 18:54:59.284238,2025-04-25 18:57:07.006182,0 days 00:02:07.721944,0.07707279963071986,240,4,1,48,0.08067723129916213,144,4,4,96,0.22196159743769805,48,4,1,32,0.26569557938259936,488,400.0,208.0,3,2,0.0009473045205840505,0.6,/work3/arnaou/checkpoints/groupgat_Tc_trial_480_best_state.pt,"{'learning_rate': 0.0009473045205840505, 'lr_reduce': 0.6}",TPESampler,COMPLETE
481,0.021581964567303658,2025-04-25 18:55:02.112109,2025-04-25 18:56:56.573856,0 days 00:01:54.461747,0.048395337402389285,192,4,4,80,0.23307666982598152,192,2,3,96,0.18520687517425705,48,1,2,112,0.11038547806271408,64,72.0,288.0,3,2,0.000590619286806534,0.6,/work3/arnaou/checkpoints/groupgat_Tc_trial_481_best_state.pt,"{'learning_rate': 0.000590619286806534, 'lr_reduce': 0.6}",TPESampler,COMPLETE
482,0.019239995628595352,2025-04-25 18:56:34.957208,2025-04-25 18:58:49.981111,0 days 00:02:15.023903,0.0782690744346531,208,4,4,80,0.2785894937759915,256,2,1,112,0.12159644068923699,96,2,2,112,0.15769140933211687,80,64.0,280.0,3,2,0.0027339545786980103,0.6,/work3/arnaou/checkpoints/groupgat_Tc_trial_482_best_state.pt,"{'learning_rate': 0.0027339545786980103, 'lr_reduce': 0.6}",TPESampler,COMPLETE
483,0.014935342594981194,2025-04-25 18:56:56.769345,2025-04-25 18:59:50.614617,0 days 00:02:53.845272,0.03471258816675974,144,3,3,32,0.09330815541715581,160,3,4,128,0.2957052782712971,96,2,1,128,0.09724603996037087,48,72.0,,2,2,0.0017369785077423292,0.6,/work3/arnaou/checkpoints/groupgat_Tc_trial_483_best_state.pt,"{'learning_rate': 0.0017369785077423292, 'lr_reduce': 0.6}",TPESampler,COMPLETE
484,0.016497641801834106,2025-04-25 18:57:07.189060,2025-04-25 18:59:23.648479,0 days 00:02:16.459419,0.030235190918434518,224,3,4,112,0.10768075778562042,256,2,3,112,0.05098898108143898,48,1,2,96,0.2167862504065112,48,104.0,272.0,3,2,0.0003853245480888456,0.6,/work3/arnaou/checkpoints/groupgat_Tc_trial_484_best_state.pt,"{'learning_rate': 0.0003853245480888456, 'lr_reduce': 0.6}",TPESampler,COMPLETE
485,0.020667126402258873,2025-04-25 18:58:50.229821,2025-04-25 19:01:41.469239,0 days 00:02:51.239418,0.03641944461336205,208,2,3,64,0.26922413180453586,256,4,4,96,0.223363953595332,32,4,1,80,0.138183412384497,152,72.0,264.0,3,2,0.0010149793283701029,0.6,/work3/arnaou/checkpoints/groupgat_Tc_trial_485_best_state.pt,"{'learning_rate': 0.0010149793283701029, 'lr_reduce': 0.6}",TPESampler,COMPLETE
486,0.01883072406053543,2025-04-25 18:59:23.878334,2025-04-25 19:01:44.063016,0 days 00:02:20.184682,0.03493656865660829,256,4,3,96,0.2748193639923384,240,2,2,112,0.16474151345701601,80,3,2,128,0.04604887259660499,64,136.0,248.0,3,2,0.0002230838899954073,0.6,/work3/arnaou/checkpoints/groupgat_Tc_trial_486_best_state.pt,"{'learning_rate': 0.0002230838899954073, 'lr_reduce': 0.6}",TPESampler,COMPLETE
487,0.049875758588314056,2025-04-25 18:59:50.888409,2025-04-25 19:00:58.889930,0 days 00:01:08.001521,0.0012934144809362627,256,4,1,64,0.09435022037210349,208,3,4,80,0.2869717066459253,32,4,2,48,0.10357259390657447,512,48.0,304.0,3,2,0.003812366989701031,0.6,/work3/arnaou/checkpoints/groupgat_Tc_trial_487_best_state.pt,"{'learning_rate': 0.003812366989701031, 'lr_reduce': 0.6}",TPESampler,COMPLETE
488,0.020523736253380775,2025-04-25 19:00:59.150806,2025-04-25 19:02:52.369479,0 days 00:01:53.218673,0.00882278799234992,176,2,1,64,0.13430740626820914,176,4,4,112,0.2614450294838635,96,4,1,128,0.14665303050315878,72,40.0,,2,2,0.004045332663381627,0.6,/work3/arnaou/checkpoints/groupgat_Tc_trial_488_best_state.pt,"{'learning_rate': 0.004045332663381627, 'lr_reduce': 0.6}",TPESampler,COMPLETE
489,0.026075847446918488,2025-04-25 19:01:41.703788,2025-04-25 19:03:31.834354,0 days 00:01:50.130566,0.14527878781577402,144,1,4,32,0.07940607824087471,112,4,3,128,0.28640173979479877,112,1,1,128,0.13799640590298323,80,88.0,,2,2,0.0008114103341672836,0.6,/work3/arnaou/checkpoints/groupgat_Tc_trial_489_best_state.pt,"{'learning_rate': 0.0008114103341672836, 'lr_reduce': 0.6}",TPESampler,COMPLETE
490,0.02022710256278515,2025-04-25 19:01:44.316161,2025-04-25 19:03:37.594764,0 days 00:01:53.278603,0.04360841599054706,240,3,1,96,0.032316334401499426,224,2,2,80,0.1632248403739589,128,4,1,112,0.13202207739456054,72,40.0,360.0,3,1,0.0001814293878469446,0.6,/work3/arnaou/checkpoints/groupgat_Tc_trial_490_best_state.pt,"{'learning_rate': 0.0001814293878469446, 'lr_reduce': 0.6}",TPESampler,COMPLETE
491,0.013348140753805637,2025-04-25 19:02:52.876880,2025-04-25 19:04:17.793763,0 days 00:01:24.916883,0.045003518770467724,208,4,4,80,0.2670569490927515,240,2,2,128,0.14368922381231847,96,2,1,112,0.08209947665755114,56,104.0,,2,1,0.001321726863655846,0.6,/work3/arnaou/checkpoints/groupgat_Tc_trial_491_best_state.pt,"{'learning_rate': 0.001321726863655846, 'lr_reduce': 0.6}",TPESampler,COMPLETE
492,0.01600011996924877,2025-04-25 19:03:32.102793,2025-04-25 19:05:23.248328,0 days 00:01:51.145535,0.10650407356658287,128,3,3,64,0.12380747747947791,176,4,4,128,0.28707532795877494,96,1,1,128,0.08105158072061702,120,64.0,,2,2,0.0028039421347834026,0.6,/work3/arnaou/checkpoints/groupgat_Tc_trial_492_best_state.pt,"{'learning_rate': 0.0028039421347834026, 'lr_reduce': 0.6}",TPESampler,COMPLETE
493,0.016416192054748535,2025-04-25 19:03:37.766577,2025-04-25 19:05:47.898754,0 days 00:02:10.132177,0.049412300408076267,240,4,4,96,0.1489141053375436,224,3,3,128,0.08498975119391097,96,2,1,128,0.1775966554650182,112,112.0,,2,2,0.0003031457895649323,0.6,/work3/arnaou/checkpoints/groupgat_Tc_trial_493_best_state.pt,"{'learning_rate': 0.0003031457895649323, 'lr_reduce': 0.6}",TPESampler,COMPLETE
494,0.015983853489160538,2025-04-25 19:04:17.971618,2025-04-25 19:06:39.625415,0 days 00:02:21.653797,0.06008104430780528,224,3,3,80,0.2595776694507299,224,2,2,112,0.08886685794271743,64,2,1,96,0.10938523179156213,112,88.0,,2,1,0.0010658501823792017,0.6,/work3/arnaou/checkpoints/groupgat_Tc_trial_494_best_state.pt,"{'learning_rate': 0.0010658501823792017, 'lr_reduce': 0.6}",TPESampler,COMPLETE
495,0.021381180733442307,2025-04-25 19:05:23.440399,2025-04-25 19:07:25.775932,0 days 00:02:02.335533,0.051547726082959655,176,2,1,112,0.14447865183767808,208,3,3,48,0.20805170978858104,128,4,2,128,0.17967488665649597,352,72.0,192.0,3,1,0.0003868462993039738,0.6,/work3/arnaou/checkpoints/groupgat_Tc_trial_495_best_state.pt,"{'learning_rate': 0.0003868462993039738, 'lr_reduce': 0.6}",TPESampler,COMPLETE
496,0.023534346371889114,2025-04-25 19:05:48.129348,2025-04-25 19:07:37.937164,0 days 00:01:49.807816,0.09735369125699898,176,4,4,80,0.27264188356917585,224,3,3,112,0.13180100326668936,96,2,2,128,0.0025317092984405987,136,,,1,1,0.0035906968487750845,0.6,/work3/arnaou/checkpoints/groupgat_Tc_trial_496_best_state.pt,"{'learning_rate': 0.0035906968487750845, 'lr_reduce': 0.6}",TPESampler,COMPLETE
497,0.018548794090747833,2025-04-25 19:06:39.843091,2025-04-25 19:08:38.659112,0 days 00:01:58.816021,0.03685322212623257,176,1,4,48,0.1081227585911077,192,2,4,128,0.24250754591532903,112,3,2,112,0.2979594476565215,80,96.0,,2,2,0.0022645406719995647,0.6,/work3/arnaou/checkpoints/groupgat_Tc_trial_497_best_state.pt,"{'learning_rate': 0.0022645406719995647, 'lr_reduce': 0.6}",TPESampler,COMPLETE
498,0.015412960201501846,2025-04-25 19:07:25.965126,2025-04-25 19:08:58.848137,0 days 00:01:32.883011,0.01710129923303168,240,4,3,96,0.27397130664111236,208,1,3,128,0.185675386892204,112,2,1,128,0.10923515542718926,56,112.0,,2,2,0.0011739919649126304,0.6,/work3/arnaou/checkpoints/groupgat_Tc_trial_498_best_state.pt,"{'learning_rate': 0.0011739919649126304, 'lr_reduce': 0.6}",TPESampler,COMPLETE
499,0.04444161057472229,2025-04-25 19:07:38.236796,2025-04-25 19:09:31.263252,0 days 00:01:53.026456,0.14975961652133396,80,3,2,96,0.25181257975078836,224,1,3,96,0.23644207077715843,32,3,4,64,0.2595625993638999,176,120.0,344.0,3,1,0.000606174471712518,0.6,/work3/arnaou/checkpoints/groupgat_Tc_trial_499_best_state.pt,"{'learning_rate': 0.000606174471712518, 'lr_reduce': 0.6}",TPESampler,COMPLETE
500,0.017627015709877014,2025-04-25 19:08:38.832413,2025-04-25 19:10:38.992138,0 days 00:02:00.159725,0.0751018517877067,160,3,3,32,0.06725682207069711,208,2,3,96,0.24836003002002072,128,1,1,112,0.023264581377762758,32,32.0,,2,2,0.0008438174088760129,0.6,/work3/arnaou/checkpoints/groupgat_Tc_trial_500_best_state.pt,"{'learning_rate': 0.0008438174088760129, 'lr_reduce': 0.6}",TPESampler,COMPLETE
501,0.019966663792729378,2025-04-25 19:08:59.071808,2025-04-25 19:10:49.839647,0 days 00:01:50.767839,0.0045619882600394235,192,3,2,32,0.12615126927119752,160,3,4,112,0.29907332433238715,80,2,1,112,0.10994833724863592,56,,,1,2,0.0012950487794008165,0.6,/work3/arnaou/checkpoints/groupgat_Tc_trial_501_best_state.pt,"{'learning_rate': 0.0012950487794008165, 'lr_reduce': 0.6}",TPESampler,COMPLETE
502,0.015950607135891914,2025-04-25 19:09:31.512440,2025-04-25 19:11:22.010784,0 days 00:01:50.498344,0.03730728185752648,240,4,4,80,0.15839404752135758,224,2,2,112,0.1346128131314366,112,1,1,112,0.17162238462147583,104,80.0,184.0,3,2,0.0006541089434624941,0.6,/work3/arnaou/checkpoints/groupgat_Tc_trial_502_best_state.pt,"{'learning_rate': 0.0006541089434624941, 'lr_reduce': 0.6}",TPESampler,COMPLETE
503,0.017528481781482697,2025-04-25 19:10:39.153543,2025-04-25 19:12:54.230954,0 days 00:02:15.077411,0.04811818706033423,112,3,2,32,0.10252353614912821,176,3,4,128,0.2674221464289825,80,3,2,128,0.1025733383470879,72,152.0,,2,2,0.0021372337021478525,0.6,/work3/arnaou/checkpoints/groupgat_Tc_trial_503_best_state.pt,"{'learning_rate': 0.0021372337021478525, 'lr_reduce': 0.6}",TPESampler,COMPLETE
504,0.015979208052158356,2025-04-25 19:10:50.043157,2025-04-25 19:12:58.031610,0 days 00:02:07.988453,0.06049113234146022,240,4,4,48,0.27870726141804375,224,2,3,128,0.2884916309856973,32,2,2,112,0.06200211494168904,32,80.0,224.0,3,2,0.0024697565060431497,0.6,/work3/arnaou/checkpoints/groupgat_Tc_trial_504_best_state.pt,"{'learning_rate': 0.0024697565060431497, 'lr_reduce': 0.6}",TPESampler,COMPLETE
505,0.023925812914967537,2025-04-25 19:11:22.235789,2025-04-25 19:13:09.779517,0 days 00:01:47.543728,0.11114554869045355,192,3,3,80,0.2954606941349734,256,2,2,128,0.09683122453417217,112,3,1,112,0.07696639411186913,88,112.0,,2,1,0.0006754374086170603,0.6,/work3/arnaou/checkpoints/groupgat_Tc_trial_505_best_state.pt,"{'learning_rate': 0.0006754374086170603, 'lr_reduce': 0.6}",TPESampler,COMPLETE
506,0.017723916098475456,2025-04-25 19:12:54.456263,2025-04-25 19:15:26.099270,0 days 00:02:31.643007,0.006550352222775703,112,2,4,48,0.16081853910975263,160,3,4,128,0.2893162877871024,80,4,1,128,0.06817952197933781,176,,,1,2,0.003107354053234682,0.6,/work3/arnaou/checkpoints/groupgat_Tc_trial_506_best_state.pt,"{'learning_rate': 0.003107354053234682, 'lr_reduce': 0.6}",TPESampler,COMPLETE
507,0.015959860756993294,2025-04-25 19:12:58.284605,2025-04-25 19:14:35.292290,0 days 00:01:37.007685,0.03306507127069014,208,3,4,96,0.29004255215783026,208,2,3,112,0.11749524978546616,80,2,1,128,0.0660664621231741,184,192.0,168.0,3,2,0.0007777610228212079,0.6,/work3/arnaou/checkpoints/groupgat_Tc_trial_507_best_state.pt,"{'learning_rate': 0.0007777610228212079, 'lr_reduce': 0.6}",TPESampler,COMPLETE
508,0.01921103522181511,2025-04-25 19:13:09.953904,2025-04-25 19:14:55.628590,0 days 00:01:45.674686,0.09065936958109358,128,2,3,64,0.12812251649192966,208,2,3,128,0.27597419854132843,112,2,1,128,0.19414375400532052,64,64.0,,2,2,0.0012950229841983173,0.6,/work3/arnaou/checkpoints/groupgat_Tc_trial_508_best_state.pt,"{'learning_rate': 0.0012950229841983173, 'lr_reduce': 0.6}",TPESampler,COMPLETE
509,0.017533568665385246,2025-04-25 19:14:35.626024,2025-04-25 19:16:20.226655,0 days 00:01:44.600631,0.06409571795771832,240,4,1,80,0.1866903967098626,256,4,3,128,0.15606752083478798,64,4,1,64,0.05378361579510825,64,128.0,,2,2,0.0010504621640240917,0.6,/work3/arnaou/checkpoints/groupgat_Tc_trial_509_best_state.pt,"{'learning_rate': 0.0010504621640240917, 'lr_reduce': 0.6}",TPESampler,COMPLETE
510,0.027466101571917534,2025-04-25 19:14:55.806844,2025-04-25 19:17:36.737934,0 days 00:02:40.931090,0.08943721108910868,176,3,2,80,0.19620679096028507,208,2,4,80,0.20279431640334752,32,2,4,112,0.2844721328149912,96,424.0,,2,1,0.0022180932260392103,0.6,/work3/arnaou/checkpoints/groupgat_Tc_trial_510_best_state.pt,"{'learning_rate': 0.0022180932260392103, 'lr_reduce': 0.6}",TPESampler,COMPLETE
511,0.019497279077768326,2025-04-25 19:15:26.377991,2025-04-25 19:16:44.069225,0 days 00:01:17.691234,0.05223154595286522,208,4,3,112,0.28256023456498136,256,3,1,112,0.1827632560759796,80,3,1,112,0.06389644327426602,96,80.0,,2,1,0.0016384486076910071,0.6,/work3/arnaou/checkpoints/groupgat_Tc_trial_511_best_state.pt,"{'learning_rate': 0.0016384486076910071, 'lr_reduce': 0.6}",TPESampler,COMPLETE
512,0.018317971378564835,2025-04-25 19:16:20.545181,2025-04-25 19:18:17.926397,0 days 00:01:57.381216,0.04638787545289747,224,4,3,32,0.2878526420907607,192,1,3,80,0.13955815416844805,112,4,1,80,0.09076255437224685,216,136.0,288.0,3,2,0.000839194797077587,0.6,/work3/arnaou/checkpoints/groupgat_Tc_trial_512_best_state.pt,"{'learning_rate': 0.000839194797077587, 'lr_reduce': 0.6}",TPESampler,COMPLETE
513,0.014844165183603764,2025-04-25 19:16:44.331122,2025-04-25 19:18:33.571609,0 days 00:01:49.240487,0.05849341078138976,224,4,4,80,0.2388543783218581,176,1,4,96,0.2233207223028089,80,3,1,128,0.09266592589410062,72,424.0,168.0,3,2,0.0006033207403032339,0.6,/work3/arnaou/checkpoints/groupgat_Tc_trial_513_best_state.pt,"{'learning_rate': 0.0006033207403032339, 'lr_reduce': 0.6}",TPESampler,COMPLETE
514,0.019487569108605385,2025-04-25 19:17:36.900083,2025-04-25 19:19:12.239614,0 days 00:01:35.339531,0.08872054484102052,240,3,4,64,0.2126763159423751,208,3,1,128,0.12047108393827462,112,1,1,128,0.055223182526364475,152,416.0,,2,1,0.0005852678349771154,0.6,/work3/arnaou/checkpoints/groupgat_Tc_trial_514_best_state.pt,"{'learning_rate': 0.0005852678349771154, 'lr_reduce': 0.6}",TPESampler,COMPLETE
515,0.015546681359410286,2025-04-25 19:18:18.264229,2025-04-25 19:20:26.552640,0 days 00:02:08.288411,0.029368523120498157,176,4,3,32,0.08679478045117862,240,3,4,128,0.24492955612143247,32,4,2,64,0.12066703695713403,168,200.0,232.0,3,2,0.0006778246069197116,0.6,/work3/arnaou/checkpoints/groupgat_Tc_trial_515_best_state.pt,"{'learning_rate': 0.0006778246069197116, 'lr_reduce': 0.6}",TPESampler,COMPLETE
516,0.022915462031960487,2025-04-25 19:18:33.802304,2025-04-25 19:21:06.371334,0 days 00:02:32.569030,0.0568456335930088,208,2,3,32,0.18903509495065646,240,1,3,128,0.19606998919826474,112,4,1,128,0.05939703890643141,80,,,1,2,0.001140924405011773,0.6,/work3/arnaou/checkpoints/groupgat_Tc_trial_516_best_state.pt,"{'learning_rate': 0.001140924405011773, 'lr_reduce': 0.6}",TPESampler,COMPLETE
517,0.018027693033218384,2025-04-25 19:19:12.414814,2025-04-25 19:20:53.332917,0 days 00:01:40.918103,0.033995618076406414,256,4,4,64,0.20576136795575084,160,1,4,96,0.22173200138216162,48,3,1,112,0.08691547041127906,176,440.0,168.0,3,2,0.0007891137718735634,0.6,/work3/arnaou/checkpoints/groupgat_Tc_trial_517_best_state.pt,"{'learning_rate': 0.0007891137718735634, 'lr_reduce': 0.6}",TPESampler,COMPLETE
518,0.02039848454296589,2025-04-25 19:20:26.898566,2025-04-25 19:22:21.199423,0 days 00:01:54.300857,0.09513746532472139,192,3,4,96,0.23519175893407437,144,1,4,96,0.12984166801772634,80,4,1,128,0.0916936281576909,72,424.0,160.0,3,2,0.0008889148421846326,0.6,/work3/arnaou/checkpoints/groupgat_Tc_trial_518_best_state.pt,"{'learning_rate': 0.0008889148421846326, 'lr_reduce': 0.6}",TPESampler,COMPLETE
519,0.024347731843590736,2025-04-25 19:20:53.625019,2025-04-25 19:22:50.840916,0 days 00:01:57.215897,0.014047271703301441,176,3,3,48,0.08612849587728033,64,4,4,112,0.23684703005738156,80,1,1,112,0.19017734860615906,144,424.0,,2,2,0.0033724546101886396,0.6,/work3/arnaou/checkpoints/groupgat_Tc_trial_519_best_state.pt,"{'learning_rate': 0.0033724546101886396, 'lr_reduce': 0.6}",TPESampler,COMPLETE
520,0.025247476994991302,2025-04-25 19:21:06.742810,2025-04-25 19:23:58.444586,0 days 00:02:51.701776,0.018411267789401723,240,4,4,64,0.19063173399457226,224,1,4,112,0.25112888866847394,64,2,2,128,0.16213489785611512,32,416.0,168.0,3,2,0.0001137561597940136,0.6,/work3/arnaou/checkpoints/groupgat_Tc_trial_520_best_state.pt,"{'learning_rate': 0.0001137561597940136, 'lr_reduce': 0.6}",TPESampler,COMPLETE
521,0.014047360979020596,2025-04-25 19:22:21.504559,2025-04-25 19:24:34.370283,0 days 00:02:12.865724,0.07377296686003823,240,4,4,64,0.21310633091613007,256,2,4,128,0.16444406219454805,64,3,2,112,0.13964823819274413,32,408.0,168.0,3,2,0.0009918559342726953,0.6,/work3/arnaou/checkpoints/groupgat_Tc_trial_521_best_state.pt,"{'learning_rate': 0.0009918559342726953, 'lr_reduce': 0.6}",TPESampler,COMPLETE
522,0.040007397532463074,2025-04-25 19:22:51.353961,2025-04-25 19:24:50.523846,0 days 00:01:59.169885,0.012357464881881025,208,4,4,96,0.2951252165597556,224,2,4,64,0.25510822910662945,96,3,1,112,0.05240758879812472,192,392.0,,2,2,0.00018294072415277977,0.6,/work3/arnaou/checkpoints/groupgat_Tc_trial_522_best_state.pt,"{'learning_rate': 0.00018294072415277977, 'lr_reduce': 0.6}",TPESampler,COMPLETE
523,0.027314962819218636,2025-04-25 19:23:58.641799,2025-04-25 19:26:23.541231,0 days 00:02:24.899432,0.07081054904060778,224,3,1,32,0.2894846220549832,176,3,4,80,0.06015628860239425,96,4,2,80,0.23801999106124547,360,384.0,208.0,3,2,0.000370090793177685,0.6,/work3/arnaou/checkpoints/groupgat_Tc_trial_523_best_state.pt,"{'learning_rate': 0.000370090793177685, 'lr_reduce': 0.6}",TPESampler,COMPLETE
524,0.03678348287940025,2025-04-25 19:24:34.585372,2025-04-25 19:26:38.972026,0 days 00:02:04.386654,0.19891105822936034,256,3,4,64,0.17492977965053003,256,2,4,128,0.13379821645576276,64,4,2,96,0.045506663258820704,112,448.0,184.0,3,1,0.00035139510140471715,0.6,/work3/arnaou/checkpoints/groupgat_Tc_trial_524_best_state.pt,"{'learning_rate': 0.00035139510140471715, 'lr_reduce': 0.6}",TPESampler,COMPLETE
525,0.019715609028935432,2025-04-25 19:24:50.833595,2025-04-25 19:27:03.208325,0 days 00:02:12.374730,0.010649957853456304,144,3,2,32,0.2541517235743086,240,3,4,112,0.10712705121332254,80,4,1,64,0.04031289050399864,72,408.0,,2,2,0.0003916374400391929,0.6,/work3/arnaou/checkpoints/groupgat_Tc_trial_525_best_state.pt,"{'learning_rate': 0.0003916374400391929, 'lr_reduce': 0.6}",TPESampler,COMPLETE
526,0.020568085834383965,2025-04-25 19:26:23.786327,2025-04-25 19:29:10.730331,0 days 00:02:46.944004,0.052455686576727376,256,4,4,64,0.21589398455077924,112,1,3,80,0.17608675344810926,80,2,1,128,0.17187452991280977,40,424.0,176.0,3,2,0.0028045462300575587,0.6,/work3/arnaou/checkpoints/groupgat_Tc_trial_526_best_state.pt,"{'learning_rate': 0.0028045462300575587, 'lr_reduce': 0.6}",TPESampler,COMPLETE
527,0.016633987426757812,2025-04-25 19:26:39.136311,2025-04-25 19:28:48.323241,0 days 00:02:09.186930,0.027010250198084066,176,3,1,64,0.27691756017137525,224,2,3,128,0.21633877352981098,112,4,1,112,0.07581092223432395,176,416.0,208.0,3,2,0.0004344593527750436,0.6,/work3/arnaou/checkpoints/groupgat_Tc_trial_527_best_state.pt,"{'learning_rate': 0.0004344593527750436, 'lr_reduce': 0.6}",TPESampler,COMPLETE
528,0.01567963883280754,2025-04-25 19:27:03.472983,2025-04-25 19:29:16.229184,0 days 00:02:12.756201,0.02612541259599887,240,4,1,48,0.05761948067094083,112,2,4,80,0.2640669247082988,48,3,2,48,0.12915339598539885,336,392.0,160.0,3,2,0.0004976394677905992,0.6,/work3/arnaou/checkpoints/groupgat_Tc_trial_528_best_state.pt,"{'learning_rate': 0.0004976394677905992, 'lr_reduce': 0.6}",TPESampler,COMPLETE
