number,value,datetime_start,datetime_complete,duration,params_L1_dropout,params_L1_hidden_dim,params_L1_layers_atom,params_L1_layers_mol,params_L1_out_dim,params_L2_dropout,params_L2_hidden_dim,params_L2_layers_atom,params_L2_layers_mol,params_L2_out_dim,params_L3_dropout,params_L3_hidden_dim,params_L3_layers_atom,params_L3_layers_mol,params_L3_out_dim,params_final_dropout,params_mlp_dim_0,params_mlp_dim_1,params_mlp_dim_2,params_n_mlp_layers,params_num_heads,params_train_learning_rate,params_train_lr_reduce,user_attrs_best_state_dict_path,user_attrs_training_params,system_attrs_auto:sampler,state
1799,0.015492171980440617,2025-04-26 10:35:05.088286,2025-04-26 10:37:12.755247,0 days 00:02:07.666961,0.00037409536372436797,192,2,4,48,0.2330918000914525,224,1,2,128,0.17306762850440313,64,3,1,128,0.02617627595854895,32,32.0,,2,2,0.0008868095665536327,0.6,/work3/arnaou/checkpoints/groupgat_Tc_trial_1799_best_state.pt,"{'learning_rate': 0.0008868095665536327, 'lr_reduce': 0.6}",TPESampler,COMPLETE
1800,0.03877885639667511,2025-04-26 10:35:43.113831,2025-04-26 10:37:18.879319,0 days 00:01:35.765488,0.04368844726562672,192,4,3,32,0.13918854552105897,96,3,4,32,0.1863359935573621,80,4,4,112,0.24741667391192007,304,168.0,216.0,3,1,0.0006852613099233323,0.6,/work3/arnaou/checkpoints/groupgat_Tc_trial_1800_best_state.pt,"{'learning_rate': 0.0006852613099233323, 'lr_reduce': 0.6}",TPESampler,COMPLETE
1801,0.018001757562160492,2025-04-26 10:36:16.750005,2025-04-26 10:38:07.570006,0 days 00:01:50.820001,0.026786066271942074,144,4,3,48,0.04031434371707018,160,4,4,32,0.23670516386873167,80,4,3,112,0.1377864050428875,288,344.0,,2,1,0.0010593861739400772,0.6,/work3/arnaou/checkpoints/groupgat_Tc_trial_1801_best_state.pt,"{'learning_rate': 0.0010593861739400772, 'lr_reduce': 0.6}",TPESampler,COMPLETE
1802,0.7611198425292969,2025-04-26 10:37:13.055329,2025-04-26 10:37:35.710495,0 days 00:00:22.655166,0.11346097627676713,96,1,4,64,0.13976799465741743,224,2,4,112,0.10230365451012172,96,4,3,32,0.1790258687351738,360,,,1,2,0.00018471499632023846,0.6,/work3/arnaou/checkpoints/groupgat_Tc_trial_1802_best_state.pt,"{'learning_rate': 0.00018471499632023846, 'lr_reduce': 0.6}",TPESampler,COMPLETE
1803,0.017297599464654922,2025-04-26 10:37:19.182165,2025-04-26 10:39:33.442291,0 days 00:02:14.260126,0.006495603527228727,240,4,4,80,0.26235600560745137,176,1,2,112,0.1520944878261927,64,2,2,112,0.045988361809096615,32,400.0,,2,2,0.0009697105487357784,0.6,/work3/arnaou/checkpoints/groupgat_Tc_trial_1803_best_state.pt,"{'learning_rate': 0.0009697105487357784, 'lr_reduce': 0.6}",TPESampler,COMPLETE
1804,0.019292110577225685,2025-04-26 10:37:36.010633,2025-04-26 10:40:36.748639,0 days 00:03:00.738006,0.00583379431187615,128,2,3,32,0.10949352964708686,176,4,4,128,0.27781857060198223,128,3,2,128,0.10002015097048744,72,112.0,,2,2,0.0005120327580573361,0.6,/work3/arnaou/checkpoints/groupgat_Tc_trial_1804_best_state.pt,"{'learning_rate': 0.0005120327580573361, 'lr_reduce': 0.6}",TPESampler,COMPLETE
1805,0.026010513305664062,2025-04-26 10:38:07.974551,2025-04-26 10:40:33.155246,0 days 00:02:25.180695,0.010348211351454667,240,2,2,32,0.2959811102252578,208,1,4,112,0.07137017108605201,80,4,2,80,0.12123150510966102,176,472.0,,2,2,0.0006747704813294571,0.6,/work3/arnaou/checkpoints/groupgat_Tc_trial_1805_best_state.pt,"{'learning_rate': 0.0006747704813294571, 'lr_reduce': 0.6}",TPESampler,COMPLETE
1806,0.018515557050704956,2025-04-26 10:39:33.653867,2025-04-26 10:41:39.269828,0 days 00:02:05.615961,0.018661293581508764,240,3,2,32,0.2786123071893105,240,3,4,128,0.09192015394239768,32,4,1,128,0.12697547211316007,216,64.0,112.0,3,2,0.0003882531581711701,0.6,/work3/arnaou/checkpoints/groupgat_Tc_trial_1806_best_state.pt,"{'learning_rate': 0.0003882531581711701, 'lr_reduce': 0.6}",TPESampler,COMPLETE
1807,0.018407098948955536,2025-04-26 10:40:33.367531,2025-04-26 10:43:03.532813,0 days 00:02:30.165282,0.025111273703935226,256,4,2,80,0.04972687278485227,208,2,3,128,0.22056540986784035,128,2,1,96,0.13315741156942254,128,224.0,64.0,3,2,0.0001140313516524572,0.6,/work3/arnaou/checkpoints/groupgat_Tc_trial_1807_best_state.pt,"{'learning_rate': 0.0001140313516524572, 'lr_reduce': 0.6}",TPESampler,COMPLETE
1808,0.034785348922014236,2025-04-26 10:40:37.173214,2025-04-26 10:42:27.795114,0 days 00:01:50.621900,0.2506675423740426,144,2,2,80,0.14745133327776536,96,1,1,32,0.2318668759198964,128,4,2,128,0.023029000388314708,344,,,1,1,0.0011124281357711592,0.6,/work3/arnaou/checkpoints/groupgat_Tc_trial_1808_best_state.pt,"{'learning_rate': 0.0011124281357711592, 'lr_reduce': 0.6}",TPESampler,COMPLETE
1809,0.02431727945804596,2025-04-26 10:41:39.606471,2025-04-26 10:43:12.562560,0 days 00:01:32.956089,0.17441947887654868,160,3,4,32,0.04940916089856499,128,2,4,96,0.2942195382568805,112,4,2,128,0.1916276457109333,304,128.0,280.0,3,2,0.002881206243245699,0.6,/work3/arnaou/checkpoints/groupgat_Tc_trial_1809_best_state.pt,"{'learning_rate': 0.002881206243245699, 'lr_reduce': 0.6}",TPESampler,COMPLETE
1810,0.04105706140398979,2025-04-26 10:42:27.978866,2025-04-26 10:44:20.353548,0 days 00:01:52.374682,0.2688820607844024,96,2,4,32,0.102559619724302,128,2,4,64,0.028869731809834112,112,1,2,48,0.0824325673852216,192,,,1,1,0.005856181726247083,0.6,/work3/arnaou/checkpoints/groupgat_Tc_trial_1810_best_state.pt,"{'learning_rate': 0.005856181726247083, 'lr_reduce': 0.6}",TPESampler,COMPLETE
1811,0.016981741413474083,2025-04-26 10:43:03.802493,2025-04-26 10:44:57.317802,0 days 00:01:53.515309,0.04085786702879035,192,4,4,80,0.07381821513641496,224,1,4,128,0.20060057281789173,128,1,1,96,0.2817922221112201,104,96.0,160.0,3,2,0.0013332103986454463,0.6,/work3/arnaou/checkpoints/groupgat_Tc_trial_1811_best_state.pt,"{'learning_rate': 0.0013332103986454463, 'lr_reduce': 0.6}",TPESampler,COMPLETE
1812,0.045746635645627975,2025-04-26 10:43:12.962128,2025-04-26 10:45:03.845001,0 days 00:01:50.882873,0.08282841650344562,160,3,2,48,0.17994371278959895,160,3,3,64,0.2849847451463152,80,2,4,48,0.2464110242617964,96,,,1,2,0.0031990462918825508,0.6,/work3/arnaou/checkpoints/groupgat_Tc_trial_1812_best_state.pt,"{'learning_rate': 0.0031990462918825508, 'lr_reduce': 0.6}",TPESampler,COMPLETE
1813,0.015375499613583088,2025-04-26 10:44:20.553821,2025-04-26 10:46:37.497923,0 days 00:02:16.944102,0.006302597677459899,176,3,4,32,0.13850455365155212,224,4,2,96,0.2202582836904441,96,4,2,112,0.26879984594404216,176,152.0,256.0,3,2,0.0008239635314871714,0.6,/work3/arnaou/checkpoints/groupgat_Tc_trial_1813_best_state.pt,"{'learning_rate': 0.0008239635314871714, 'lr_reduce': 0.6}",TPESampler,COMPLETE
1814,0.017515121027827263,2025-04-26 10:44:57.556011,2025-04-26 10:46:46.708342,0 days 00:01:49.152331,0.0002813349446559362,208,2,4,48,0.05262784837623347,256,3,2,96,0.1711850270067822,112,4,2,112,0.2434062410485555,128,32.0,104.0,3,2,0.0013283406094308492,0.6,/work3/arnaou/checkpoints/groupgat_Tc_trial_1814_best_state.pt,"{'learning_rate': 0.0013283406094308492, 'lr_reduce': 0.6}",TPESampler,COMPLETE
1815,0.016752589493989944,2025-04-26 10:45:04.445869,2025-04-26 10:47:01.635105,0 days 00:01:57.189236,0.029909722141442115,240,4,4,64,0.22381863627826853,224,1,4,128,0.23181066067763562,112,1,1,80,0.2724282162049306,48,96.0,328.0,3,2,0.0012733907609207898,0.6,/work3/arnaou/checkpoints/groupgat_Tc_trial_1815_best_state.pt,"{'learning_rate': 0.0012733907609207898, 'lr_reduce': 0.6}",TPESampler,COMPLETE
1816,0.017565112560987473,2025-04-26 10:46:37.743536,2025-04-26 10:48:29.333806,0 days 00:01:51.590270,0.049326441844932026,192,2,3,32,0.27761510009179685,192,2,4,112,0.2965619582176837,64,3,1,80,0.1926660257435306,280,192.0,32.0,3,2,0.0012030413914057355,0.6,/work3/arnaou/checkpoints/groupgat_Tc_trial_1816_best_state.pt,"{'learning_rate': 0.0012030413914057355, 'lr_reduce': 0.6}",TPESampler,COMPLETE
1817,0.02298104390501976,2025-04-26 10:46:46.974822,2025-04-26 10:49:03.519294,0 days 00:02:16.544472,0.014983816902695245,208,3,3,32,0.18799827213868103,144,3,4,128,0.01930791379783453,128,4,2,80,0.23708111031898257,240,416.0,,2,2,0.0006357805746501597,0.6,/work3/arnaou/checkpoints/groupgat_Tc_trial_1817_best_state.pt,"{'learning_rate': 0.0006357805746501597, 'lr_reduce': 0.6}",TPESampler,COMPLETE
1818,0.02267688326537609,2025-04-26 10:47:01.889180,2025-04-26 10:49:06.194373,0 days 00:02:04.305193,0.05600437426608078,176,2,2,64,0.15018245631333957,176,1,4,64,0.039943018518660015,80,1,2,112,0.18033207138641877,464,136.0,208.0,3,1,0.0040281533455541665,0.6,/work3/arnaou/checkpoints/groupgat_Tc_trial_1818_best_state.pt,"{'learning_rate': 0.0040281533455541665, 'lr_reduce': 0.6}",TPESampler,COMPLETE
1819,0.016990704461932182,2025-04-26 10:48:29.635829,2025-04-26 10:50:08.596381,0 days 00:01:38.960552,0.11861411202639942,192,3,4,112,0.19466524393537488,256,1,2,112,0.21971265579971186,48,3,3,128,0.008700838530928054,56,72.0,72.0,3,2,0.002389035574979738,0.6,/work3/arnaou/checkpoints/groupgat_Tc_trial_1819_best_state.pt,"{'learning_rate': 0.002389035574979738, 'lr_reduce': 0.6}",TPESampler,COMPLETE
1820,0.015157931484282017,2025-04-26 10:49:03.711702,2025-04-26 10:50:45.937637,0 days 00:01:42.225935,0.03652078499801456,256,3,4,32,0.10518303750681084,208,1,3,112,0.2646763710781745,112,2,1,96,0.2402478959903363,112,120.0,368.0,3,2,0.0005231075679790808,0.6,/work3/arnaou/checkpoints/groupgat_Tc_trial_1820_best_state.pt,"{'learning_rate': 0.0005231075679790808, 'lr_reduce': 0.6}",TPESampler,COMPLETE
1821,0.0165718887001276,2025-04-26 10:49:06.511262,2025-04-26 10:50:50.965883,0 days 00:01:44.454621,0.02125360759528438,224,3,4,80,0.26636276018423327,176,1,1,32,0.16073190785469538,64,1,2,96,0.03093513149976048,56,368.0,,2,2,0.00363960138422389,0.6,/work3/arnaou/checkpoints/groupgat_Tc_trial_1821_best_state.pt,"{'learning_rate': 0.00363960138422389, 'lr_reduce': 0.6}",TPESampler,COMPLETE
1822,0.024686701595783234,2025-04-26 10:50:08.833478,2025-04-26 10:51:59.732466,0 days 00:01:50.898988,0.08267365256688154,224,1,2,32,0.2613964364520094,176,2,4,128,0.0841982240861623,128,4,1,80,0.2510314919499698,144,64.0,288.0,3,2,0.0005002869812867071,0.6,/work3/arnaou/checkpoints/groupgat_Tc_trial_1822_best_state.pt,"{'learning_rate': 0.0005002869812867071, 'lr_reduce': 0.6}",TPESampler,COMPLETE
1823,0.020047130063176155,2025-04-26 10:50:46.139298,2025-04-26 10:52:14.739484,0 days 00:01:28.600186,0.23601633929270843,112,3,4,48,0.09507293759500055,112,4,3,32,0.27967936198322196,64,4,4,32,0.19986732186911363,328,168.0,248.0,3,2,0.0019080664608243111,0.6,/work3/arnaou/checkpoints/groupgat_Tc_trial_1823_best_state.pt,"{'learning_rate': 0.0019080664608243111, 'lr_reduce': 0.6}",TPESampler,COMPLETE
1824,0.021269960328936577,2025-04-26 10:50:51.238383,2025-04-26 10:52:29.442068,0 days 00:01:38.203685,0.07088176503636898,208,2,2,32,0.10788905193946588,96,3,1,96,0.25285794915177456,112,4,3,112,0.2099003573621896,120,104.0,112.0,3,2,0.0006376541461503637,0.6,/work3/arnaou/checkpoints/groupgat_Tc_trial_1824_best_state.pt,"{'learning_rate': 0.0006376541461503637, 'lr_reduce': 0.6}",TPESampler,COMPLETE
1825,0.04485445097088814,2025-04-26 10:51:59.909695,2025-04-26 10:53:54.047933,0 days 00:01:54.138238,0.16868192922482436,224,3,3,80,0.1367561924867183,80,1,2,96,0.2838207331891817,112,3,2,64,0.12562413459835178,104,,,1,2,0.006927889776254548,0.6,/work3/arnaou/checkpoints/groupgat_Tc_trial_1825_best_state.pt,"{'learning_rate': 0.006927889776254548, 'lr_reduce': 0.6}",TPESampler,COMPLETE
1826,0.023594409227371216,2025-04-26 10:52:15.042668,2025-04-26 10:54:11.369892,0 days 00:01:56.327224,0.05198255184479919,176,4,2,32,0.05027470743649855,144,4,3,128,0.19940915592123964,48,4,1,112,0.07151709397386316,144,144.0,312.0,3,1,0.004549719209148151,0.6,/work3/arnaou/checkpoints/groupgat_Tc_trial_1826_best_state.pt,"{'learning_rate': 0.004549719209148151, 'lr_reduce': 0.6}",TPESampler,COMPLETE
1827,0.02853965014219284,2025-04-26 10:52:29.668231,2025-04-26 10:54:53.672176,0 days 00:02:24.003945,0.10586059216385715,144,1,2,128,0.07872174182949863,80,1,2,32,0.2501151539417211,96,3,1,48,0.21365019104431776,232,,,1,2,0.00011517736478947369,0.6,/work3/arnaou/checkpoints/groupgat_Tc_trial_1827_best_state.pt,"{'learning_rate': 0.00011517736478947369, 'lr_reduce': 0.6}",TPESampler,COMPLETE
1828,0.03721145540475845,2025-04-26 10:53:54.245481,2025-04-26 10:56:09.227309,0 days 00:02:14.981828,0.1908758761350032,192,1,3,32,0.026871077639486624,64,3,3,128,0.012055733805443836,112,4,3,48,0.01607234930184187,480,,,1,2,0.0006585614315441923,0.6,/work3/arnaou/checkpoints/groupgat_Tc_trial_1828_best_state.pt,"{'learning_rate': 0.0006585614315441923, 'lr_reduce': 0.6}",TPESampler,COMPLETE
1829,0.024640118703246117,2025-04-26 10:54:11.580667,2025-04-26 10:55:19.586608,0 days 00:01:08.005941,0.1500338710335392,112,4,2,96,0.2654275197308952,128,2,4,96,0.23008408169046457,48,1,1,64,0.04949143714692304,352,64.0,,2,1,0.002355679198543969,0.6,/work3/arnaou/checkpoints/groupgat_Tc_trial_1829_best_state.pt,"{'learning_rate': 0.002355679198543969, 'lr_reduce': 0.6}",TPESampler,COMPLETE
1830,0.016771361231803894,2025-04-26 10:54:53.937304,2025-04-26 10:57:10.767711,0 days 00:02:16.830407,0.06440115245652663,160,4,2,32,0.08243449016457244,96,4,4,128,0.11590594795726178,32,3,1,80,0.13686349410170132,40,256.0,208.0,3,1,0.004357809699041248,0.6,/work3/arnaou/checkpoints/groupgat_Tc_trial_1830_best_state.pt,"{'learning_rate': 0.004357809699041248, 'lr_reduce': 0.6}",TPESampler,COMPLETE
1831,0.015328072011470795,2025-04-26 10:55:19.758417,2025-04-26 10:57:02.985476,0 days 00:01:43.227059,0.02907463292332685,160,3,4,64,0.057524709577901935,112,1,3,80,0.297557726561884,128,4,2,112,0.1717510506144998,184,104.0,32.0,3,2,0.0005735219204316957,0.6,/work3/arnaou/checkpoints/groupgat_Tc_trial_1831_best_state.pt,"{'learning_rate': 0.0005735219204316957, 'lr_reduce': 0.6}",TPESampler,COMPLETE
1832,0.14151650667190552,2025-04-26 10:56:09.431838,2025-04-26 10:57:07.437606,0 days 00:00:58.005768,0.07355381357675722,160,3,4,80,0.2491860112331272,208,3,4,128,0.19688497009081296,32,4,1,112,0.0013622191340795023,416,432.0,,2,2,0.001800736422410334,0.6,/work3/arnaou/checkpoints/groupgat_Tc_trial_1832_best_state.pt,"{'learning_rate': 0.001800736422410334, 'lr_reduce': 0.6}",TPESampler,COMPLETE
1833,0.015546051785349846,2025-04-26 10:57:03.197897,2025-04-26 10:59:14.403614,0 days 00:02:11.205717,0.032660468869522126,144,3,4,80,0.09939363589352315,112,1,1,128,0.21706064547473594,112,4,2,112,0.24130685748398145,40,160.0,256.0,3,2,0.0008809105896290571,0.6,/work3/arnaou/checkpoints/groupgat_Tc_trial_1833_best_state.pt,"{'learning_rate': 0.0008809105896290571, 'lr_reduce': 0.6}",TPESampler,COMPLETE
1834,0.0143323028460145,2025-04-26 10:57:07.840508,2025-04-26 10:59:07.259936,0 days 00:01:59.419428,0.014460479858739047,256,4,4,48,0.046201185663364695,256,1,2,128,0.19122541061653142,112,2,2,96,0.27063721112531686,72,336.0,72.0,3,2,0.000816381752538998,0.6,/work3/arnaou/checkpoints/groupgat_Tc_trial_1834_best_state.pt,"{'learning_rate': 0.000816381752538998, 'lr_reduce': 0.6}",TPESampler,COMPLETE
1835,0.01823454350233078,2025-04-26 10:57:11.148812,2025-04-26 10:59:30.970245,0 days 00:02:19.821433,0.1077983716088576,208,3,2,32,0.25586756096345387,192,2,4,128,0.11394492240300545,112,4,1,80,0.14712703383542272,32,64.0,152.0,3,2,0.0007667951536397767,0.6,/work3/arnaou/checkpoints/groupgat_Tc_trial_1835_best_state.pt,"{'learning_rate': 0.0007667951536397767, 'lr_reduce': 0.6}",TPESampler,COMPLETE
1836,0.016275601461529732,2025-04-26 10:59:07.519123,2025-04-26 11:01:20.423648,0 days 00:02:12.904525,0.011126816483770528,240,3,4,80,0.2497680293706276,240,1,1,96,0.14674497641026568,32,2,1,112,0.06217576725081742,32,120.0,,2,2,0.000934324443126928,0.6,/work3/arnaou/checkpoints/groupgat_Tc_trial_1836_best_state.pt,"{'learning_rate': 0.000934324443126928, 'lr_reduce': 0.6}",TPESampler,COMPLETE
1837,0.14525765180587769,2025-04-26 10:59:14.632973,2025-04-26 11:01:35.829208,0 days 00:02:21.196235,0.29251298903664147,192,2,1,96,0.19896777968181478,160,4,2,48,0.25380411778301326,128,3,4,48,0.23469412780494536,408,32.0,400.0,3,2,0.0001830132572193371,0.6,/work3/arnaou/checkpoints/groupgat_Tc_trial_1837_best_state.pt,"{'learning_rate': 0.0001830132572193371, 'lr_reduce': 0.6}",TPESampler,COMPLETE
1838,0.01743411086499691,2025-04-26 10:59:31.256426,2025-04-26 11:01:31.938857,0 days 00:02:00.682431,0.03757465334201629,176,4,3,48,0.15490336112801292,160,2,4,80,0.1465841958407012,80,3,3,128,0.20848997664470667,432,200.0,304.0,3,2,0.0005823922294242693,0.6,/work3/arnaou/checkpoints/groupgat_Tc_trial_1838_best_state.pt,"{'learning_rate': 0.0005823922294242693, 'lr_reduce': 0.6}",TPESampler,COMPLETE
1839,0.022184496745467186,2025-04-26 11:01:20.643708,2025-04-26 11:03:21.651089,0 days 00:02:01.007381,0.02758494966816977,240,4,4,80,0.04720689974631481,256,1,3,128,0.26480568144230376,112,1,1,112,0.10774549009370314,56,96.0,240.0,3,2,0.001443005213105533,0.6,/work3/arnaou/checkpoints/groupgat_Tc_trial_1839_best_state.pt,"{'learning_rate': 0.001443005213105533, 'lr_reduce': 0.6}",TPESampler,COMPLETE
1840,0.030025474727153778,2025-04-26 11:01:32.316216,2025-04-26 11:03:16.692917,0 days 00:01:44.376701,0.021762144258122965,144,1,3,48,0.15437818879452694,112,3,2,80,0.2883963072949593,112,4,3,96,0.13054066680139054,136,392.0,344.0,3,1,0.0005974816087204926,0.6,/work3/arnaou/checkpoints/groupgat_Tc_trial_1840_best_state.pt,"{'learning_rate': 0.0005974816087204926, 'lr_reduce': 0.6}",TPESampler,COMPLETE
1841,0.023487994447350502,2025-04-26 11:01:36.113808,2025-04-26 11:03:22.944629,0 days 00:01:46.830821,0.08354426559051366,128,3,3,64,0.03880818013916914,128,4,4,32,0.14138720372166996,80,4,2,128,0.2111507840396431,240,144.0,72.0,3,1,0.0006764997845152076,0.6,/work3/arnaou/checkpoints/groupgat_Tc_trial_1841_best_state.pt,"{'learning_rate': 0.0006764997845152076, 'lr_reduce': 0.6}",TPESampler,COMPLETE
1842,0.1583821028470993,2025-04-26 11:03:17.007768,2025-04-26 11:03:55.974340,0 days 00:00:38.966572,0.21791815244012133,256,1,1,32,0.28072224426020453,64,4,2,128,0.07279235387191679,32,4,2,48,0.215631012329648,208,104.0,,2,1,0.001507111173383154,0.6,/work3/arnaou/checkpoints/groupgat_Tc_trial_1842_best_state.pt,"{'learning_rate': 0.001507111173383154, 'lr_reduce': 0.6}",TPESampler,COMPLETE
1843,0.015414226800203323,2025-04-26 11:03:22.039736,2025-04-26 11:05:33.995891,0 days 00:02:11.956155,0.09305236011539647,160,2,4,48,0.04150437801562662,96,3,2,96,0.293037663285129,96,4,2,112,0.20049956219619483,40,64.0,272.0,3,2,0.0005074015237199275,0.6,/work3/arnaou/checkpoints/groupgat_Tc_trial_1843_best_state.pt,"{'learning_rate': 0.0005074015237199275, 'lr_reduce': 0.6}",TPESampler,COMPLETE
1844,0.024856779724359512,2025-04-26 11:03:23.272633,2025-04-26 11:06:42.018573,0 days 00:03:18.745940,0.004918959603571781,240,4,3,32,0.1617198324667569,192,1,4,112,0.29158623501152353,112,3,2,112,0.22187660438501605,152,184.0,192.0,3,2,0.00011008179054488504,0.6,/work3/arnaou/checkpoints/groupgat_Tc_trial_1844_best_state.pt,"{'learning_rate': 0.00011008179054488504, 'lr_reduce': 0.6}",TPESampler,COMPLETE
1845,0.1280575543642044,2025-04-26 11:03:56.251025,2025-04-26 11:06:59.552330,0 days 00:03:03.301305,0.03291734121104885,128,4,3,32,0.13206606839215795,160,4,4,32,0.17961686965499896,80,4,3,128,0.03856812509387403,288,136.0,104.0,3,1,0.00023297332534235815,0.6,/work3/arnaou/checkpoints/groupgat_Tc_trial_1845_best_state.pt,"{'learning_rate': 0.00023297332534235815, 'lr_reduce': 0.6}",TPESampler,COMPLETE
1846,0.019561482593417168,2025-04-26 11:05:34.223874,2025-04-26 11:08:07.275271,0 days 00:02:33.051397,0.0014230586299958602,256,3,2,64,0.29924031469123974,208,3,4,80,0.048044979164351145,80,4,1,32,0.14765994296415916,56,96.0,32.0,3,2,0.00025472807634642497,0.6,/work3/arnaou/checkpoints/groupgat_Tc_trial_1846_best_state.pt,"{'learning_rate': 0.00025472807634642497, 'lr_reduce': 0.6}",TPESampler,COMPLETE
1847,0.02995391935110092,2025-04-26 11:06:42.237704,2025-04-26 11:09:40.882878,0 days 00:02:58.645174,0.040455714793240394,192,2,2,32,0.08703096260361463,256,4,4,128,0.2965660820372466,128,3,1,128,0.02629037744321075,120,,,1,2,0.002439251877425185,0.6,/work3/arnaou/checkpoints/groupgat_Tc_trial_1847_best_state.pt,"{'learning_rate': 0.002439251877425185, 'lr_reduce': 0.6}",TPESampler,COMPLETE
1848,0.11552740633487701,2025-04-26 11:06:59.875850,2025-04-26 11:08:01.984911,0 days 00:01:02.109061,0.0101363219266241,256,3,2,32,0.28497952879359584,176,1,4,112,0.13499394189362945,80,4,1,96,0.20600806756450207,232,64.0,280.0,3,2,0.002012905507657915,0.6,/work3/arnaou/checkpoints/groupgat_Tc_trial_1848_best_state.pt,"{'learning_rate': 0.002012905507657915, 'lr_reduce': 0.6}",TPESampler,COMPLETE
1849,0.0169400405138731,2025-04-26 11:08:02.200782,2025-04-26 11:10:39.881454,0 days 00:02:37.680672,0.02746411968825644,208,4,3,32,0.058721915119870946,112,4,3,32,0.26776700351098004,80,4,2,128,0.16573751505028209,352,144.0,224.0,3,1,0.0004529481626217465,0.6,/work3/arnaou/checkpoints/groupgat_Tc_trial_1849_best_state.pt,"{'learning_rate': 0.0004529481626217465, 'lr_reduce': 0.6}",TPESampler,COMPLETE
1850,0.01669950783252716,2025-04-26 11:08:07.876095,2025-04-26 11:10:07.949063,0 days 00:02:00.072968,0.02499222983953997,208,4,4,112,0.24690539386102028,256,1,1,96,0.1818794410030448,64,1,2,96,0.08810316963827763,72,456.0,,2,2,0.0008835957849401016,0.6,/work3/arnaou/checkpoints/groupgat_Tc_trial_1850_best_state.pt,"{'learning_rate': 0.0008835957849401016, 'lr_reduce': 0.6}",TPESampler,COMPLETE
1851,0.031582631170749664,2025-04-26 11:09:41.092062,2025-04-26 11:11:20.965133,0 days 00:01:39.873071,0.14085803157518378,240,2,3,80,0.10529659651712114,144,1,1,64,0.03902042731350834,80,1,4,64,0.07864607818649766,280,,,1,2,0.00023983143578039566,0.6,/work3/arnaou/checkpoints/groupgat_Tc_trial_1851_best_state.pt,"{'learning_rate': 0.00023983143578039566, 'lr_reduce': 0.6}",TPESampler,COMPLETE
