number,value,datetime_start,datetime_complete,duration,params_L1_dropout,params_L1_hidden_dim,params_L1_layers_atom,params_L1_layers_mol,params_L1_out_dim,params_L2_dropout,params_L2_hidden_dim,params_L2_layers_atom,params_L2_layers_mol,params_L2_out_dim,params_L3_dropout,params_L3_hidden_dim,params_L3_layers_atom,params_L3_layers_mol,params_L3_out_dim,params_final_dropout,params_mlp_dim_0,params_mlp_dim_1,params_mlp_dim_2,params_n_mlp_layers,params_num_heads,params_train_learning_rate,params_train_lr_reduce,user_attrs_best_state_dict_path,user_attrs_training_params,system_attrs_auto:sampler,state
1006,0.014431782066822052,2025-04-26 01:10:21.430802,2025-04-26 01:12:20.293997,0 days 00:01:58.863195,0.00812692228769403,192,3,4,64,0.022149602267915985,256,3,1,48,0.24831016687341098,96,3,1,96,0.18838567108243204,112,32.0,312.0,3,1,0.0006679686560501572,0.6,/work3/arnaou/checkpoints/groupgat_Tc_trial_1006_best_state.pt,"{'learning_rate': 0.0006679686560501572, 'lr_reduce': 0.6}",TPESampler,COMPLETE
1007,0.02508288063108921,2025-04-26 01:11:19.177805,2025-04-26 01:13:14.580522,0 days 00:01:55.402717,0.025613243662761367,192,3,4,80,0.28968404042067264,208,1,1,112,0.1469001005622297,112,3,3,128,0.13521523415240697,72,,,1,2,0.003412174499906425,0.6,/work3/arnaou/checkpoints/groupgat_Tc_trial_1007_best_state.pt,"{'learning_rate': 0.003412174499906425, 'lr_reduce': 0.6}",TPESampler,COMPLETE
1008,0.017791079357266426,2025-04-26 01:11:54.543674,2025-04-26 01:13:48.710346,0 days 00:01:54.166672,0.046787165345783595,192,3,1,64,0.1589105992636593,224,2,4,96,0.2073556645175696,32,4,1,80,0.010022416951432966,96,120.0,232.0,3,2,0.0005150722934547687,0.6,/work3/arnaou/checkpoints/groupgat_Tc_trial_1008_best_state.pt,"{'learning_rate': 0.0005150722934547687, 'lr_reduce': 0.6}",TPESampler,COMPLETE
1009,0.015479213558137417,2025-04-26 01:12:20.598147,2025-04-26 01:14:19.829482,0 days 00:01:59.231335,0.008324215232495963,240,3,3,64,0.047306608555939066,112,2,4,112,0.25903806007743446,128,3,2,112,0.19070755511206003,144,80.0,360.0,3,2,0.0009243621712025549,0.6,/work3/arnaou/checkpoints/groupgat_Tc_trial_1009_best_state.pt,"{'learning_rate': 0.0009243621712025549, 'lr_reduce': 0.6}",TPESampler,COMPLETE
1010,0.023095322772860527,2025-04-26 01:13:14.873237,2025-04-26 01:14:59.717552,0 days 00:01:44.844315,0.008470819481138002,208,4,2,32,0.0768672875353272,128,4,4,80,0.051395646981382506,64,4,1,128,0.04016142903701165,88,184.0,272.0,3,1,0.006203929785555393,0.6,/work3/arnaou/checkpoints/groupgat_Tc_trial_1010_best_state.pt,"{'learning_rate': 0.006203929785555393, 'lr_reduce': 0.6}",TPESampler,COMPLETE
1011,0.015219942666590214,2025-04-26 01:13:49.007114,2025-04-26 01:15:57.568279,0 days 00:02:08.561165,0.0033062600960283677,192,4,4,48,0.14415238330856325,224,2,3,128,0.24881558153228314,128,2,1,96,0.28651313239047,40,112.0,296.0,3,2,0.001049147485832952,0.6,/work3/arnaou/checkpoints/groupgat_Tc_trial_1011_best_state.pt,"{'learning_rate': 0.001049147485832952, 'lr_reduce': 0.6}",TPESampler,COMPLETE
1012,0.021523483097553253,2025-04-26 01:14:20.092586,2025-04-26 01:16:15.521901,0 days 00:01:55.429315,0.13035387263476783,208,4,4,32,0.25968638077578066,192,1,4,112,0.2126125428804202,64,2,1,128,0.09280998755269348,72,320.0,224.0,3,2,0.0008585716462952321,0.6,/work3/arnaou/checkpoints/groupgat_Tc_trial_1012_best_state.pt,"{'learning_rate': 0.0008585716462952321, 'lr_reduce': 0.6}",TPESampler,COMPLETE
1013,0.01593834161758423,2025-04-26 01:14:59.990833,2025-04-26 01:18:18.778518,0 days 00:03:18.787685,0.009116092664823373,256,4,4,32,0.03495474507223538,208,3,3,112,0.2627124223713615,128,3,4,48,0.2702126235052779,64,248.0,272.0,3,2,0.00014753602600702323,0.6,/work3/arnaou/checkpoints/groupgat_Tc_trial_1013_best_state.pt,"{'learning_rate': 0.00014753602600702323, 'lr_reduce': 0.6}",TPESampler,COMPLETE
1014,0.016688141971826553,2025-04-26 01:15:57.906103,2025-04-26 01:17:38.841816,0 days 00:01:40.935713,0.032058555011127796,240,4,4,32,0.1908303066161454,256,1,1,128,0.24004285701997957,112,2,1,128,0.09576305793250298,56,152.0,336.0,3,1,0.0021305556198407544,0.6,/work3/arnaou/checkpoints/groupgat_Tc_trial_1014_best_state.pt,"{'learning_rate': 0.0021305556198407544, 'lr_reduce': 0.6}",TPESampler,COMPLETE
1015,0.015205499716103077,2025-04-26 01:16:15.808138,2025-04-26 01:18:54.385868,0 days 00:02:38.577730,0.030282381952991058,240,3,3,32,0.2936225358909566,160,3,4,96,0.22664736622152667,96,4,1,32,0.23800640614509727,104,80.0,432.0,3,2,0.0025694557582963927,0.6,/work3/arnaou/checkpoints/groupgat_Tc_trial_1015_best_state.pt,"{'learning_rate': 0.0025694557582963927, 'lr_reduce': 0.6}",TPESampler,COMPLETE
1016,0.015743521973490715,2025-04-26 01:17:39.156009,2025-04-26 01:19:40.928708,0 days 00:02:01.772699,0.007176546313698795,208,3,4,48,0.0028381852159043083,192,3,2,48,0.2696423449338991,64,3,3,128,0.2373080805302216,176,336.0,128.0,3,1,0.00019158388768408517,0.6,/work3/arnaou/checkpoints/groupgat_Tc_trial_1016_best_state.pt,"{'learning_rate': 0.00019158388768408517, 'lr_reduce': 0.6}",TPESampler,COMPLETE
1017,0.015923762694001198,2025-04-26 01:18:19.122005,2025-04-26 01:20:31.199046,0 days 00:02:12.077041,0.04623760433792476,224,3,4,32,0.19979609631637285,240,1,2,96,0.19396901365968458,112,1,1,128,0.15275175121911005,96,72.0,208.0,3,2,0.00034065343459451186,0.6,/work3/arnaou/checkpoints/groupgat_Tc_trial_1017_best_state.pt,"{'learning_rate': 0.00034065343459451186, 'lr_reduce': 0.6}",TPESampler,COMPLETE
1018,0.01845363900065422,2025-04-26 01:18:54.648204,2025-04-26 01:21:46.773396,0 days 00:02:52.125192,0.04892573971002536,208,4,3,80,0.228265035287201,256,1,2,112,0.12944937928853406,96,1,2,96,0.03297003458157707,72,136.0,,2,1,0.0029756995404422878,0.6,/work3/arnaou/checkpoints/groupgat_Tc_trial_1018_best_state.pt,"{'learning_rate': 0.0029756995404422878, 'lr_reduce': 0.6}",TPESampler,COMPLETE
1019,0.015237819403409958,2025-04-26 01:19:41.235261,2025-04-26 01:21:48.309096,0 days 00:02:07.073835,0.027379181258289503,256,3,4,48,0.026628958759475393,208,1,2,112,0.27258642834523744,128,2,2,80,0.29894757528031296,56,192.0,264.0,3,2,0.0009433654069197175,0.6,/work3/arnaou/checkpoints/groupgat_Tc_trial_1019_best_state.pt,"{'learning_rate': 0.0009433654069197175, 'lr_reduce': 0.6}",TPESampler,COMPLETE
1020,0.016136661171913147,2025-04-26 01:20:31.621336,2025-04-26 01:23:01.759789,0 days 00:02:30.138453,0.056846206524761286,256,4,4,48,0.08359712181001967,208,2,3,128,0.2674847910325584,80,2,4,48,0.1989799118532978,32,368.0,304.0,3,2,0.00041626925070137533,0.6,/work3/arnaou/checkpoints/groupgat_Tc_trial_1020_best_state.pt,"{'learning_rate': 0.00041626925070137533, 'lr_reduce': 0.6}",TPESampler,COMPLETE
1021,0.028039781376719475,2025-04-26 01:21:47.024002,2025-04-26 01:24:01.568671,0 days 00:02:14.544669,0.06391268405436754,208,4,4,32,0.12680901372800937,128,3,4,48,0.25373971843421456,112,4,2,128,0.2251795613642432,344,72.0,120.0,3,2,0.0003053641669792494,0.6,/work3/arnaou/checkpoints/groupgat_Tc_trial_1021_best_state.pt,"{'learning_rate': 0.0003053641669792494, 'lr_reduce': 0.6}",TPESampler,COMPLETE
1022,0.02933622896671295,2025-04-26 01:21:48.560659,2025-04-26 01:23:38.945129,0 days 00:01:50.384470,0.09163709901793617,240,2,4,112,0.17696321935453208,256,1,1,112,0.17034282227551653,48,1,2,112,0.012457000414984869,104,120.0,,2,2,0.00015508070230394938,0.6,/work3/arnaou/checkpoints/groupgat_Tc_trial_1022_best_state.pt,"{'learning_rate': 0.00015508070230394938, 'lr_reduce': 0.6}",TPESampler,COMPLETE
1023,0.015270757488906384,2025-04-26 01:23:01.987352,2025-04-26 01:25:20.378036,0 days 00:02:18.390684,0.04193616319376464,208,3,4,48,0.048735464085814494,256,3,1,64,0.23715509775432658,80,3,3,96,0.25404258213002223,104,160.0,224.0,3,1,0.0004125714796718901,0.6,/work3/arnaou/checkpoints/groupgat_Tc_trial_1023_best_state.pt,"{'learning_rate': 0.0004125714796718901, 'lr_reduce': 0.6}",TPESampler,COMPLETE
1024,0.017262926325201988,2025-04-26 01:23:39.226476,2025-04-26 01:25:47.922330,0 days 00:02:08.695854,0.04315520271883029,224,3,3,32,0.05169680821648791,96,4,4,128,0.11138540941930215,80,4,2,96,0.05233731409594591,128,32.0,384.0,3,1,0.003972279341979232,0.6,/work3/arnaou/checkpoints/groupgat_Tc_trial_1024_best_state.pt,"{'learning_rate': 0.003972279341979232, 'lr_reduce': 0.6}",TPESampler,COMPLETE
1025,0.02197074331343174,2025-04-26 01:24:01.835368,2025-04-26 01:25:43.334615,0 days 00:01:41.499247,0.024475191525922233,256,4,4,80,0.27486019684340407,192,3,1,112,0.12967038462431543,96,2,1,112,0.08415745743831027,96,344.0,,2,1,0.0010966763393807362,0.6,/work3/arnaou/checkpoints/groupgat_Tc_trial_1025_best_state.pt,"{'learning_rate': 0.0010966763393807362, 'lr_reduce': 0.6}",TPESampler,COMPLETE
1026,0.02095848135650158,2025-04-26 01:25:20.663452,2025-04-26 01:27:32.958382,0 days 00:02:12.294930,0.03804444296932484,256,3,3,32,0.20213350801011726,176,2,1,128,0.10448277388070513,96,2,1,128,0.16055593104981652,176,112.0,176.0,3,2,0.00013147357889031197,0.6,/work3/arnaou/checkpoints/groupgat_Tc_trial_1026_best_state.pt,"{'learning_rate': 0.00013147357889031197, 'lr_reduce': 0.6}",TPESampler,COMPLETE
1027,0.015305677428841591,2025-04-26 01:25:43.714866,2025-04-26 01:27:53.802472,0 days 00:02:10.087606,0.015465414007041546,240,4,4,80,0.10150254648055002,240,2,2,128,0.2324179705338505,128,2,3,32,0.2846957861379658,96,88.0,264.0,3,2,0.0004708802555020624,0.6,/work3/arnaou/checkpoints/groupgat_Tc_trial_1027_best_state.pt,"{'learning_rate': 0.0004708802555020624, 'lr_reduce': 0.6}",TPESampler,COMPLETE
1028,0.016946980729699135,2025-04-26 01:25:48.345531,2025-04-26 01:27:49.538205,0 days 00:02:01.192674,0.05394493817798163,176,4,4,80,0.23868684974518314,192,1,1,80,0.20904028654766363,48,2,2,128,0.1484055312542211,64,168.0,,2,2,0.0005164555291596409,0.6,/work3/arnaou/checkpoints/groupgat_Tc_trial_1028_best_state.pt,"{'learning_rate': 0.0005164555291596409, 'lr_reduce': 0.6}",TPESampler,COMPLETE
1029,0.025516074150800705,2025-04-26 01:27:33.221559,2025-04-26 01:31:16.482750,0 days 00:03:43.261191,0.016552669429091053,112,2,1,32,0.0665399425420694,176,4,4,128,0.25250692302909794,128,4,1,128,0.08088512900554208,72,,,1,2,0.0009497529880469365,0.6,/work3/arnaou/checkpoints/groupgat_Tc_trial_1029_best_state.pt,"{'learning_rate': 0.0009497529880469365, 'lr_reduce': 0.6}",TPESampler,COMPLETE
1030,0.01745208352804184,2025-04-26 01:27:50.990237,2025-04-26 01:30:26.355726,0 days 00:02:35.365489,0.008271596493328643,256,4,4,64,0.07548018070782661,208,1,4,112,0.18937494298420662,112,3,3,80,0.2876073103152691,40,376.0,320.0,3,2,0.000193239479858212,0.6,/work3/arnaou/checkpoints/groupgat_Tc_trial_1030_best_state.pt,"{'learning_rate': 0.000193239479858212, 'lr_reduce': 0.6}",TPESampler,COMPLETE
1031,0.02261701226234436,2025-04-26 01:27:54.409753,2025-04-26 01:29:58.637405,0 days 00:02:04.227652,0.013799896316004659,208,3,4,112,0.2815464015414624,208,1,1,96,0.10947542785079441,32,2,3,112,0.023137680350213276,80,,,1,2,0.0035540210267419737,0.6,/work3/arnaou/checkpoints/groupgat_Tc_trial_1031_best_state.pt,"{'learning_rate': 0.0035540210267419737, 'lr_reduce': 0.6}",TPESampler,COMPLETE
1032,0.021061275154352188,2025-04-26 01:29:58.888292,2025-04-26 01:32:06.973737,0 days 00:02:08.085445,0.009492775297011338,160,3,2,32,0.1671327117722326,240,2,4,112,0.18113314409686812,64,4,1,64,0.14058066267918545,136,120.0,,2,2,0.004513386925833109,0.6,/work3/arnaou/checkpoints/groupgat_Tc_trial_1032_best_state.pt,"{'learning_rate': 0.004513386925833109, 'lr_reduce': 0.6}",TPESampler,COMPLETE
1033,0.020434794947504997,2025-04-26 01:30:26.630335,2025-04-26 01:32:41.602707,0 days 00:02:14.972372,0.05517084015018134,208,3,4,64,0.018638192922823163,240,2,1,32,0.2272206973177755,96,4,3,128,0.16303669670842663,136,296.0,104.0,3,1,0.0033149536650665308,0.6,/work3/arnaou/checkpoints/groupgat_Tc_trial_1033_best_state.pt,"{'learning_rate': 0.0033149536650665308, 'lr_reduce': 0.6}",TPESampler,COMPLETE
1034,0.01817522570490837,2025-04-26 01:31:16.823124,2025-04-26 01:33:48.703680,0 days 00:02:31.880556,0.038150102599244576,192,4,3,80,0.27258582606219794,256,2,2,112,0.23640995606656806,48,4,1,112,0.1045873374668249,224,232.0,232.0,3,2,0.0006676495964698241,0.6,/work3/arnaou/checkpoints/groupgat_Tc_trial_1034_best_state.pt,"{'learning_rate': 0.0006676495964698241, 'lr_reduce': 0.6}",TPESampler,COMPLETE
1035,0.031615398824214935,2025-04-26 01:32:07.279966,2025-04-26 01:33:50.224593,0 days 00:01:42.944627,0.08056632690770629,144,4,1,48,0.04906700699285805,240,4,4,128,0.25533561850005604,32,3,1,96,0.09695261320835653,240,64.0,296.0,3,2,0.003853701936254321,0.6,/work3/arnaou/checkpoints/groupgat_Tc_trial_1035_best_state.pt,"{'learning_rate': 0.003853701936254321, 'lr_reduce': 0.6}",TPESampler,COMPLETE
1036,0.014202597551047802,2025-04-26 01:32:41.889943,2025-04-26 01:34:46.164761,0 days 00:02:04.274818,0.007616164258515173,176,3,4,96,0.25658490560244274,224,2,2,128,0.28680406019988103,80,2,1,128,0.022545872830991395,160,144.0,72.0,3,2,0.0004927535093453483,0.6,/work3/arnaou/checkpoints/groupgat_Tc_trial_1036_best_state.pt,"{'learning_rate': 0.0004927535093453483, 'lr_reduce': 0.6}",TPESampler,COMPLETE
1037,0.019912676885724068,2025-04-26 01:33:48.997102,2025-04-26 01:35:39.049273,0 days 00:01:50.052171,0.06653412452528407,176,4,4,96,0.2373555522119997,240,2,2,112,0.201496235463644,96,1,1,96,0.00709539736439968,96,96.0,,2,1,0.0008089152612716131,0.6,/work3/arnaou/checkpoints/groupgat_Tc_trial_1037_best_state.pt,"{'learning_rate': 0.0008089152612716131, 'lr_reduce': 0.6}",TPESampler,COMPLETE
1038,0.019627656787633896,2025-04-26 01:33:50.463449,2025-04-26 01:35:36.161391,0 days 00:01:45.697942,0.0033084007048713336,208,3,1,48,0.2007084076120677,240,2,4,128,0.20220146728131802,48,3,1,80,0.1122556257909832,136,32.0,192.0,3,2,0.0020810867787578527,0.6,/work3/arnaou/checkpoints/groupgat_Tc_trial_1038_best_state.pt,"{'learning_rate': 0.0020810867787578527, 'lr_reduce': 0.6}",TPESampler,COMPLETE
1039,0.016589781269431114,2025-04-26 01:34:46.416245,2025-04-26 01:37:08.761315,0 days 00:02:22.345070,0.007867734829310576,176,3,2,32,0.17235285775790082,240,4,4,128,0.1346066974904991,48,4,1,80,0.10960729059918223,96,352.0,,2,2,0.0010617010276961708,0.6,/work3/arnaou/checkpoints/groupgat_Tc_trial_1039_best_state.pt,"{'learning_rate': 0.0010617010276961708, 'lr_reduce': 0.6}",TPESampler,COMPLETE
1040,0.01974928379058838,2025-04-26 01:35:36.392020,2025-04-26 01:37:03.331922,0 days 00:01:26.939902,0.03019390336269776,176,3,3,96,0.02445409435621813,240,3,1,48,0.23603713657901906,96,4,3,112,0.25455374213394105,80,200.0,264.0,3,1,0.0011173544794305383,0.6,/work3/arnaou/checkpoints/groupgat_Tc_trial_1040_best_state.pt,"{'learning_rate': 0.0011173544794305383, 'lr_reduce': 0.6}",TPESampler,COMPLETE
1041,0.014785091392695904,2025-04-26 01:35:39.474705,2025-04-26 01:37:55.431519,0 days 00:02:15.956814,0.009267277527073353,208,3,3,48,0.22997617102273932,128,1,4,128,0.14557962270215277,112,2,1,80,0.16546678297636824,304,112.0,120.0,3,2,0.0005564681589549893,0.6,/work3/arnaou/checkpoints/groupgat_Tc_trial_1041_best_state.pt,"{'learning_rate': 0.0005564681589549893, 'lr_reduce': 0.6}",TPESampler,COMPLETE
1042,0.017481248825788498,2025-04-26 01:37:03.675722,2025-04-26 01:39:47.350181,0 days 00:02:43.674459,0.005569794488177107,208,3,3,64,0.008505517357226065,240,2,2,32,0.25778671080202786,112,3,3,64,0.21091712925359196,40,72.0,344.0,3,1,0.00034602565777093925,0.6,/work3/arnaou/checkpoints/groupgat_Tc_trial_1042_best_state.pt,"{'learning_rate': 0.00034602565777093925, 'lr_reduce': 0.6}",TPESampler,COMPLETE
1043,0.016360560432076454,2025-04-26 01:37:09.057807,2025-04-26 01:38:54.617973,0 days 00:01:45.560166,0.027042001225581577,224,4,4,64,0.29337179055471346,240,3,2,128,0.1388217048485317,112,2,1,128,0.08299563732115055,144,368.0,80.0,3,2,0.0010590837319625819,0.6,/work3/arnaou/checkpoints/groupgat_Tc_trial_1043_best_state.pt,"{'learning_rate': 0.0010590837319625819, 'lr_reduce': 0.6}",TPESampler,COMPLETE
1044,0.016276275739073753,2025-04-26 01:37:56.107155,2025-04-26 01:39:59.060423,0 days 00:02:02.953268,0.024643317854116935,256,4,3,48,0.21231480077232787,256,2,2,112,0.2203094358312866,96,2,4,64,0.23285370450356835,184,160.0,232.0,3,1,0.0004498102173938604,0.6,/work3/arnaou/checkpoints/groupgat_Tc_trial_1044_best_state.pt,"{'learning_rate': 0.0004498102173938604, 'lr_reduce': 0.6}",TPESampler,COMPLETE
1045,0.019676214084029198,2025-04-26 01:38:54.926028,2025-04-26 01:40:24.600924,0 days 00:01:29.674896,0.15522959387371096,192,3,4,112,0.2683650266428181,256,1,1,96,0.11545551563354528,32,2,1,96,0.04352715651196094,32,112.0,,2,2,0.001055823312382609,0.6,/work3/arnaou/checkpoints/groupgat_Tc_trial_1045_best_state.pt,"{'learning_rate': 0.001055823312382609, 'lr_reduce': 0.6}",TPESampler,COMPLETE
1046,0.013098815456032753,2025-04-26 01:39:47.598068,2025-04-26 01:41:50.287464,0 days 00:02:02.689396,0.019338262071770296,176,4,4,48,0.2978281062021107,256,1,2,128,0.17088552450630368,64,3,1,112,0.042824666401410166,48,72.0,,2,2,0.000768473654540386,0.6,/work3/arnaou/checkpoints/groupgat_Tc_trial_1046_best_state.pt,"{'learning_rate': 0.000768473654540386, 'lr_reduce': 0.6}",TPESampler,COMPLETE
1047,0.021639950573444366,2025-04-26 01:39:59.316277,2025-04-26 01:42:00.062369,0 days 00:02:00.746092,0.05180541259645956,256,3,4,64,0.17278131212260595,224,2,3,96,0.2946650794185895,112,1,3,32,0.19572649606039505,184,152.0,296.0,3,2,0.00035511537489450924,0.6,/work3/arnaou/checkpoints/groupgat_Tc_trial_1047_best_state.pt,"{'learning_rate': 0.00035511537489450924, 'lr_reduce': 0.6}",TPESampler,COMPLETE
1048,0.01765800453722477,2025-04-26 01:40:24.836273,2025-04-26 01:42:59.949763,0 days 00:02:35.113490,0.002801273167273492,176,3,2,64,0.09045175107477035,112,3,3,64,0.2752679292160229,112,4,3,128,0.1630009688629881,88,320.0,160.0,3,2,0.0013358228597562156,0.6,/work3/arnaou/checkpoints/groupgat_Tc_trial_1048_best_state.pt,"{'learning_rate': 0.0013358228597562156, 'lr_reduce': 0.6}",TPESampler,COMPLETE
1049,0.022596100345253944,2025-04-26 01:41:50.530405,2025-04-26 01:43:39.051228,0 days 00:01:48.520823,0.03915812367808612,224,3,3,32,0.2749058499718623,192,2,4,128,0.11039067889880577,96,4,1,32,0.18533166524702457,320,120.0,128.0,3,2,0.00042960975042370474,0.6,/work3/arnaou/checkpoints/groupgat_Tc_trial_1049_best_state.pt,"{'learning_rate': 0.00042960975042370474, 'lr_reduce': 0.6}",TPESampler,COMPLETE
1050,0.014587536454200745,2025-04-26 01:42:00.378176,2025-04-26 01:43:41.963790,0 days 00:01:41.585614,0.032790964532528,224,3,4,96,0.27157696763433803,224,1,1,112,0.16683713216637436,96,1,3,112,0.09268228396274275,48,376.0,,2,2,0.0011541688496592092,0.6,/work3/arnaou/checkpoints/groupgat_Tc_trial_1050_best_state.pt,"{'learning_rate': 0.0011541688496592092, 'lr_reduce': 0.6}",TPESampler,COMPLETE
1051,0.016609404236078262,2025-04-26 01:43:00.268496,2025-04-26 01:44:53.197600,0 days 00:01:52.929104,0.02318904639903857,192,3,4,48,0.0292155502211178,192,2,3,64,0.26601969875005793,128,4,2,96,0.17583853961777354,64,200.0,72.0,3,2,0.0005829829913492498,0.6,/work3/arnaou/checkpoints/groupgat_Tc_trial_1051_best_state.pt,"{'learning_rate': 0.0005829829913492498, 'lr_reduce': 0.6}",TPESampler,COMPLETE
1052,0.051188528537750244,2025-04-26 01:43:39.328206,2025-04-26 01:44:38.015126,0 days 00:00:58.686920,0.06505913975452655,224,4,2,112,0.2534657754937793,176,1,1,112,0.17669849845372168,64,2,2,112,0.04077607448440776,72,104.0,,2,2,0.002043622893647255,0.6,/work3/arnaou/checkpoints/groupgat_Tc_trial_1052_best_state.pt,"{'learning_rate': 0.002043622893647255, 'lr_reduce': 0.6}",TPESampler,COMPLETE
1053,0.015497860498726368,2025-04-26 01:43:42.347356,2025-04-26 01:45:13.546444,0 days 00:01:31.199088,0.09955095847206133,176,4,3,48,0.23813745327998964,240,1,2,112,0.15792949668372333,48,3,1,80,0.09562430309591083,56,160.0,,2,2,0.001120119173398154,0.6,/work3/arnaou/checkpoints/groupgat_Tc_trial_1053_best_state.pt,"{'learning_rate': 0.001120119173398154, 'lr_reduce': 0.6}",TPESampler,COMPLETE
1054,0.015284777618944645,2025-04-26 01:44:38.247837,2025-04-26 01:47:27.220872,0 days 00:02:48.973035,0.00028532134386986645,240,4,4,48,0.049688434625635186,224,3,1,32,0.2914228510620388,128,3,3,96,0.17215709520304423,96,80.0,176.0,3,1,0.0003457765693188546,0.6,/work3/arnaou/checkpoints/groupgat_Tc_trial_1054_best_state.pt,"{'learning_rate': 0.0003457765693188546, 'lr_reduce': 0.6}",TPESampler,COMPLETE
1055,0.018823105841875076,2025-04-26 01:44:53.454736,2025-04-26 01:47:22.155474,0 days 00:02:28.700738,0.0007737869786408041,176,2,3,48,0.19366289014182367,224,3,3,128,0.12157558802955301,32,3,1,48,0.08470855424618907,88,384.0,72.0,3,2,0.0017074666220255016,0.6,/work3/arnaou/checkpoints/groupgat_Tc_trial_1055_best_state.pt,"{'learning_rate': 0.0017074666220255016, 'lr_reduce': 0.6}",TPESampler,COMPLETE
1056,0.015377667732536793,2025-04-26 01:45:13.821802,2025-04-26 01:48:41.110408,0 days 00:03:27.288606,0.028323975548773056,224,3,4,64,0.19355735738066768,256,3,3,112,0.19891563258832712,80,2,2,64,0.17646569477936086,40,136.0,192.0,3,1,0.0002593135654807682,0.6,/work3/arnaou/checkpoints/groupgat_Tc_trial_1056_best_state.pt,"{'learning_rate': 0.0002593135654807682, 'lr_reduce': 0.6}",TPESampler,COMPLETE
1057,0.017614109441637993,2025-04-26 01:47:22.537027,2025-04-26 01:49:07.984798,0 days 00:01:45.447771,0.04167549924154332,224,4,4,32,0.2936202500711737,240,1,2,128,0.20631854085508375,80,3,1,64,0.11608120247053656,88,72.0,,2,2,0.0007137467207099687,0.6,/work3/arnaou/checkpoints/groupgat_Tc_trial_1057_best_state.pt,"{'learning_rate': 0.0007137467207099687, 'lr_reduce': 0.6}",TPESampler,COMPLETE
1058,0.01762629859149456,2025-04-26 01:47:27.544297,2025-04-26 01:49:30.925905,0 days 00:02:03.381608,0.032597041702392554,208,2,4,48,0.0075971666063246596,240,2,1,48,0.22379586244882332,96,3,3,128,0.19865418162024068,72,320.0,128.0,3,1,0.0003739307131782655,0.6,/work3/arnaou/checkpoints/groupgat_Tc_trial_1058_best_state.pt,"{'learning_rate': 0.0003739307131782655, 'lr_reduce': 0.6}",TPESampler,COMPLETE
