number,value,datetime_start,datetime_complete,duration,params_L1_dropout,params_L1_hidden_dim,params_L1_layers_atom,params_L1_layers_mol,params_L1_out_dim,params_L2_dropout,params_L2_hidden_dim,params_L2_layers_atom,params_L2_layers_mol,params_L2_out_dim,params_L3_dropout,params_L3_hidden_dim,params_L3_layers_atom,params_L3_layers_mol,params_L3_out_dim,params_final_dropout,params_mlp_dim_0,params_mlp_dim_1,params_mlp_dim_2,params_n_mlp_layers,params_num_heads,params_train_learning_rate,params_train_lr_reduce,user_attrs_best_state_dict_path,user_attrs_training_params,system_attrs_auto:sampler,state
1640,0.020033152773976326,2025-04-26 08:43:25.736549,2025-04-26 08:45:24.500444,0 days 00:01:58.763895,0.12745904501235522,96,2,4,112,0.28030641485662755,160,2,3,112,0.03737922849713268,32,4,2,112,0.0943698161061595,408,32.0,320.0,3,1,0.001687160979623539,0.6,/work3/arnaou/checkpoints/groupgat_Tc_trial_1640_best_state.pt,"{'learning_rate': 0.001687160979623539, 'lr_reduce': 0.6}",TPESampler,COMPLETE
1641,0.8061404228210449,2025-04-26 08:43:28.346131,2025-04-26 08:43:49.520608,0 days 00:00:21.174477,0.015903981682845635,96,3,4,64,0.07006589426199246,208,4,4,48,0.23269200661286019,80,4,2,128,0.14493289685286231,240,72.0,312.0,3,1,0.0008710302109068372,0.6,/work3/arnaou/checkpoints/groupgat_Tc_trial_1641_best_state.pt,"{'learning_rate': 0.0008710302109068372, 'lr_reduce': 0.6}",TPESampler,COMPLETE
1642,0.022870482876896858,2025-04-26 08:43:29.036878,2025-04-26 08:45:31.075982,0 days 00:02:02.039104,0.14639127558937173,144,4,4,48,0.2679569891400414,208,3,3,128,0.11286798858209046,32,4,2,128,0.058482174792706135,384,64.0,368.0,3,2,0.0016878981545035158,0.6,/work3/arnaou/checkpoints/groupgat_Tc_trial_1642_best_state.pt,"{'learning_rate': 0.0016878981545035158, 'lr_reduce': 0.6}",TPESampler,COMPLETE
1643,0.023847967386245728,2025-04-26 08:43:49.803192,2025-04-26 08:45:43.571722,0 days 00:01:53.768530,0.06933510876826904,176,4,4,32,0.2926735007520687,144,4,3,96,0.14502235157972007,32,4,1,96,0.039950424930296644,272,72.0,,2,2,0.0004930804582806672,0.6,/work3/arnaou/checkpoints/groupgat_Tc_trial_1643_best_state.pt,"{'learning_rate': 0.0004930804582806672, 'lr_reduce': 0.6}",TPESampler,COMPLETE
1644,0.021247537806630135,2025-04-26 08:45:24.733362,2025-04-26 08:47:09.480294,0 days 00:01:44.746932,0.04622303865360785,128,3,4,80,0.24372601309372624,160,4,4,112,0.012457426419321488,80,3,1,96,0.07498885448829372,424,64.0,312.0,3,2,0.0016642355279927847,0.6,/work3/arnaou/checkpoints/groupgat_Tc_trial_1644_best_state.pt,"{'learning_rate': 0.0016642355279927847, 'lr_reduce': 0.6}",TPESampler,COMPLETE
1645,0.021997513249516487,2025-04-26 08:45:31.333041,2025-04-26 08:47:23.354068,0 days 00:01:52.021027,0.11760668068758445,176,2,4,96,0.2390969300777227,176,3,4,128,0.09127664063992053,64,4,2,128,0.040186717444378114,296,32.0,392.0,3,1,0.0006028079067923489,0.6,/work3/arnaou/checkpoints/groupgat_Tc_trial_1645_best_state.pt,"{'learning_rate': 0.0006028079067923489, 'lr_reduce': 0.6}",TPESampler,COMPLETE
1646,0.03674241527915001,2025-04-26 08:45:43.935538,2025-04-26 08:47:52.768778,0 days 00:02:08.833240,0.03300270501156593,144,3,4,112,0.22522458628010314,208,2,3,112,0.0471416695467518,48,4,2,112,0.037177228736405665,512,80.0,304.0,3,2,0.006130937166040086,0.6,/work3/arnaou/checkpoints/groupgat_Tc_trial_1646_best_state.pt,"{'learning_rate': 0.006130937166040086, 'lr_reduce': 0.6}",TPESampler,COMPLETE
1647,0.019634755328297615,2025-04-26 08:47:09.832148,2025-04-26 08:49:13.710871,0 days 00:02:03.878723,0.0802664317310766,128,3,4,80,0.2895730652877759,192,3,3,112,0.1913988354614126,48,4,2,112,0.10074849394321747,512,80.0,296.0,3,2,0.00098385565172292,0.6,/work3/arnaou/checkpoints/groupgat_Tc_trial_1647_best_state.pt,"{'learning_rate': 0.00098385565172292, 'lr_reduce': 0.6}",TPESampler,COMPLETE
1648,0.023408910259604454,2025-04-26 08:47:23.660657,2025-04-26 08:49:31.309514,0 days 00:02:07.648857,0.11700253883250541,96,4,4,80,0.23168293444694613,224,2,4,128,0.14419762669282604,32,3,1,128,0.13548859645973949,352,64.0,296.0,3,2,0.0009476862360996538,0.6,/work3/arnaou/checkpoints/groupgat_Tc_trial_1648_best_state.pt,"{'learning_rate': 0.0009476862360996538, 'lr_reduce': 0.6}",TPESampler,COMPLETE
1649,0.08980024605989456,2025-04-26 08:47:53.454586,2025-04-26 08:49:49.085172,0 days 00:01:55.630586,0.28991542950111626,128,4,3,96,0.19968109138549878,160,4,2,32,0.07353346474206611,128,4,3,96,0.10165173914790265,224,,,1,2,0.00762596437160006,0.6,/work3/arnaou/checkpoints/groupgat_Tc_trial_1649_best_state.pt,"{'learning_rate': 0.00762596437160006, 'lr_reduce': 0.6}",TPESampler,COMPLETE
1650,0.0358898863196373,2025-04-26 08:49:14.016568,2025-04-26 08:50:44.045297,0 days 00:01:30.028729,0.2501584764640178,96,3,1,48,0.268305799740055,192,2,3,112,0.11691803686936975,48,2,4,64,0.19806536220963172,264,432.0,344.0,3,2,0.0014366951096889899,0.6,/work3/arnaou/checkpoints/groupgat_Tc_trial_1650_best_state.pt,"{'learning_rate': 0.0014366951096889899, 'lr_reduce': 0.6}",TPESampler,COMPLETE
1651,0.027387678623199463,2025-04-26 08:49:31.650649,2025-04-26 08:52:44.293757,0 days 00:03:12.643108,0.010151222835433517,112,3,2,64,0.1289046273429816,192,3,4,32,0.15470898220169937,64,4,3,128,0.23562298091923475,208,72.0,280.0,3,1,0.0005860320416271424,0.6,/work3/arnaou/checkpoints/groupgat_Tc_trial_1651_best_state.pt,"{'learning_rate': 0.0005860320416271424, 'lr_reduce': 0.6}",TPESampler,COMPLETE
1652,0.01569204218685627,2025-04-26 08:49:49.440408,2025-04-26 08:52:06.011286,0 days 00:02:16.570878,0.0356113754333912,176,3,4,48,0.030358358775243947,256,4,2,112,0.12023457208567497,128,4,3,128,0.29967168909469555,152,32.0,384.0,3,2,0.00037871455392459846,0.6,/work3/arnaou/checkpoints/groupgat_Tc_trial_1652_best_state.pt,"{'learning_rate': 0.00037871455392459846, 'lr_reduce': 0.6}",TPESampler,COMPLETE
1653,0.0192268006503582,2025-04-26 08:50:44.281798,2025-04-26 08:52:40.065250,0 days 00:01:55.783452,0.05227346977025409,96,3,4,80,0.17300242924684145,208,2,4,112,0.06574667656519118,48,4,1,128,0.053314646866123125,504,96.0,296.0,3,2,0.0005477453044421497,0.6,/work3/arnaou/checkpoints/groupgat_Tc_trial_1653_best_state.pt,"{'learning_rate': 0.0005477453044421497, 'lr_reduce': 0.6}",TPESampler,COMPLETE
1654,0.01486493181437254,2025-04-26 08:52:06.338895,2025-04-26 08:53:50.871897,0 days 00:01:44.533002,0.041713192896735876,208,3,3,64,0.16944379748500554,208,1,3,128,0.285268427993014,128,1,1,96,0.28847121762025935,72,96.0,280.0,3,2,0.0007684274689169091,0.6,/work3/arnaou/checkpoints/groupgat_Tc_trial_1654_best_state.pt,"{'learning_rate': 0.0007684274689169091, 'lr_reduce': 0.6}",TPESampler,COMPLETE
1655,0.01691749505698681,2025-04-26 08:52:40.344062,2025-04-26 08:54:58.411847,0 days 00:02:18.067785,0.01343057305590551,208,2,2,32,0.2945129421401924,208,4,4,128,0.11472212304419305,48,3,2,112,0.07752582752136812,392,64.0,344.0,3,2,0.0006296205718148262,0.6,/work3/arnaou/checkpoints/groupgat_Tc_trial_1655_best_state.pt,"{'learning_rate': 0.0006296205718148262, 'lr_reduce': 0.6}",TPESampler,COMPLETE
1656,0.015547812916338444,2025-04-26 08:52:44.726857,2025-04-26 08:55:24.360657,0 days 00:02:39.633800,0.011128322245589115,144,3,4,80,0.1456128510110885,240,2,4,112,0.10165888062260375,64,4,1,112,0.15799820274358248,392,96.0,256.0,3,2,0.001939115739718464,0.6,/work3/arnaou/checkpoints/groupgat_Tc_trial_1656_best_state.pt,"{'learning_rate': 0.001939115739718464, 'lr_reduce': 0.6}",TPESampler,COMPLETE
1657,0.020096348598599434,2025-04-26 08:53:51.156767,2025-04-26 08:56:17.543390,0 days 00:02:26.386623,0.02174650330359111,144,3,2,32,0.11930338193997672,192,4,3,96,0.2868912451807675,112,4,1,128,0.09776883414518255,64,416.0,,2,2,0.0019613286320209274,0.6,/work3/arnaou/checkpoints/groupgat_Tc_trial_1657_best_state.pt,"{'learning_rate': 0.0019613286320209274, 'lr_reduce': 0.6}",TPESampler,COMPLETE
1658,0.017589086666703224,2025-04-26 08:54:58.812242,2025-04-26 08:57:07.175611,0 days 00:02:08.363369,0.05299306856430487,176,3,4,48,0.012379913336582801,256,1,3,112,0.24929925259384716,96,2,2,128,0.054342016920372785,32,104.0,256.0,3,2,0.0010431838275914086,0.6,/work3/arnaou/checkpoints/groupgat_Tc_trial_1658_best_state.pt,"{'learning_rate': 0.0010431838275914086, 'lr_reduce': 0.6}",TPESampler,COMPLETE
1659,0.024868419393897057,2025-04-26 08:55:24.742506,2025-04-26 08:56:39.976621,0 days 00:01:15.234115,0.00883565179398572,192,3,3,48,0.26307675286788484,208,3,4,96,0.06630887917206581,32,4,1,96,0.1015527407351239,400,32.0,,2,2,0.0013177515911387747,0.6,/work3/arnaou/checkpoints/groupgat_Tc_trial_1659_best_state.pt,"{'learning_rate': 0.0013177515911387747, 'lr_reduce': 0.6}",TPESampler,COMPLETE
1660,0.019100753590464592,2025-04-26 08:56:17.855079,2025-04-26 08:58:47.632886,0 days 00:02:29.777807,0.003024641805113415,144,3,4,80,0.22064363997494024,160,4,3,128,0.0721606605233304,48,4,1,128,0.03568162745367229,424,112.0,,2,2,0.0025154781252183425,0.6,/work3/arnaou/checkpoints/groupgat_Tc_trial_1660_best_state.pt,"{'learning_rate': 0.0025154781252183425, 'lr_reduce': 0.6}",TPESampler,COMPLETE
1661,0.017394883558154106,2025-04-26 08:56:40.213356,2025-04-26 08:59:15.228324,0 days 00:02:35.014968,0.061736258540807665,160,4,4,80,0.2156750061834102,192,4,4,128,0.12922055867863377,32,4,1,112,0.07320399226049948,344,72.0,320.0,3,2,0.0007674495997182751,0.6,/work3/arnaou/checkpoints/groupgat_Tc_trial_1661_best_state.pt,"{'learning_rate': 0.0007674495997182751, 'lr_reduce': 0.6}",TPESampler,COMPLETE
1662,0.01616903766989708,2025-04-26 08:57:07.420841,2025-04-26 08:59:31.006907,0 days 00:02:23.586066,0.033291045547192276,112,3,4,128,0.28295673296092944,256,4,4,128,0.04929803319210296,32,4,1,96,0.06627848053985688,456,224.0,248.0,3,2,0.0011040232334822999,0.6,/work3/arnaou/checkpoints/groupgat_Tc_trial_1662_best_state.pt,"{'learning_rate': 0.0011040232334822999, 'lr_reduce': 0.6}",TPESampler,COMPLETE
1663,0.016670262441039085,2025-04-26 08:58:47.900577,2025-04-26 09:00:17.654244,0 days 00:01:29.753667,0.052669117309517156,192,4,4,112,0.027315168434690777,112,1,2,96,0.1346537375331896,128,4,1,112,0.2889739439940894,64,96.0,392.0,3,2,0.001475523934785639,0.6,/work3/arnaou/checkpoints/groupgat_Tc_trial_1663_best_state.pt,"{'learning_rate': 0.001475523934785639, 'lr_reduce': 0.6}",TPESampler,COMPLETE
1664,0.013677031733095646,2025-04-26 08:59:15.495032,2025-04-26 09:01:11.242370,0 days 00:01:55.747338,0.008209135791808382,224,2,4,80,0.2434867521393534,176,4,4,128,0.1745624949447575,48,4,1,128,0.07950689741437068,400,512.0,288.0,3,2,0.0014759549498115736,0.6,/work3/arnaou/checkpoints/groupgat_Tc_trial_1664_best_state.pt,"{'learning_rate': 0.0014759549498115736, 'lr_reduce': 0.6}",TPESampler,COMPLETE
1665,0.022981982678174973,2025-04-26 08:59:31.277794,2025-04-26 09:01:46.886655,0 days 00:02:15.608861,0.19765067595187294,176,4,4,128,0.010171157742574155,112,3,3,128,0.16075347019591438,32,1,4,112,0.15214126106273665,152,136.0,,2,2,0.00024964514908009484,0.6,/work3/arnaou/checkpoints/groupgat_Tc_trial_1665_best_state.pt,"{'learning_rate': 0.00024964514908009484, 'lr_reduce': 0.6}",TPESampler,COMPLETE
1666,0.01979503594338894,2025-04-26 09:00:17.900438,2025-04-26 09:02:12.341264,0 days 00:01:54.440826,0.017708020649332887,176,4,2,64,0.011736036630683414,112,4,4,48,0.21561319200174067,48,4,3,112,0.08600190825425562,240,72.0,240.0,3,1,0.0005654041987858996,0.6,/work3/arnaou/checkpoints/groupgat_Tc_trial_1666_best_state.pt,"{'learning_rate': 0.0005654041987858996, 'lr_reduce': 0.6}",TPESampler,COMPLETE
1667,0.02278873138129711,2025-04-26 09:01:11.585109,2025-04-26 09:03:03.078377,0 days 00:01:51.493268,0.013023260542291635,176,3,3,96,0.07383485484483482,144,4,3,32,0.17208850206529513,48,3,3,112,0.17164588501714553,248,408.0,336.0,3,1,0.0006061999026005101,0.6,/work3/arnaou/checkpoints/groupgat_Tc_trial_1667_best_state.pt,"{'learning_rate': 0.0006061999026005101, 'lr_reduce': 0.6}",TPESampler,COMPLETE
1668,0.09292596578598022,2025-04-26 09:01:47.342622,2025-04-26 09:04:36.797095,0 days 00:02:49.454473,0.0077735913443087515,160,3,3,80,0.22570996237172672,144,3,3,128,0.13362138051055455,32,3,1,128,0.028998867869966048,336,128.0,272.0,3,2,0.00017552250938833558,0.6,/work3/arnaou/checkpoints/groupgat_Tc_trial_1668_best_state.pt,"{'learning_rate': 0.00017552250938833558, 'lr_reduce': 0.6}",TPESampler,COMPLETE
1669,0.016531730070710182,2025-04-26 09:02:13.349750,2025-04-26 09:04:20.605947,0 days 00:02:07.256197,0.01053052999920054,192,3,3,64,0.23342997711946406,240,1,2,128,0.13165531339175965,96,3,1,112,0.023223556742569696,144,64.0,,2,2,0.0005396933933135605,0.6,/work3/arnaou/checkpoints/groupgat_Tc_trial_1669_best_state.pt,"{'learning_rate': 0.0005396933933135605, 'lr_reduce': 0.6}",TPESampler,COMPLETE
1670,0.017751241102814674,2025-04-26 09:03:03.546974,2025-04-26 09:04:49.268154,0 days 00:01:45.721180,0.05897057050685243,160,2,3,48,0.2556611796759294,208,3,3,128,0.11009196744867647,64,4,1,128,0.007653216196771888,384,120.0,304.0,3,2,0.0013457375547625172,0.6,/work3/arnaou/checkpoints/groupgat_Tc_trial_1670_best_state.pt,"{'learning_rate': 0.0013457375547625172, 'lr_reduce': 0.6}",TPESampler,COMPLETE
1671,0.021743085235357285,2025-04-26 09:04:20.844468,2025-04-26 09:06:42.100662,0 days 00:02:21.256194,0.14271087987647718,112,2,2,64,0.08442335141726337,208,3,4,128,0.25004015147384157,96,4,1,80,0.16868116762074029,32,200.0,,2,2,0.0014406397424984265,0.6,/work3/arnaou/checkpoints/groupgat_Tc_trial_1671_best_state.pt,"{'learning_rate': 0.0014406397424984265, 'lr_reduce': 0.6}",TPESampler,COMPLETE
1672,0.016251880675554276,2025-04-26 09:04:37.113102,2025-04-26 09:06:27.766173,0 days 00:01:50.653071,0.05945478827727563,240,4,4,64,0.05037402120772791,240,1,3,112,0.25835524635095597,80,3,1,96,0.1779676913627951,112,96.0,240.0,3,2,0.001469376854762133,0.6,/work3/arnaou/checkpoints/groupgat_Tc_trial_1672_best_state.pt,"{'learning_rate': 0.001469376854762133, 'lr_reduce': 0.6}",TPESampler,COMPLETE
1673,0.01459371019154787,2025-04-26 09:04:49.528672,2025-04-26 09:07:14.792034,0 days 00:02:25.263362,0.004962433334389747,240,4,4,32,0.0001001366062940226,208,2,3,128,0.2523749479926273,128,2,1,80,0.17039530949595963,128,32.0,368.0,3,2,0.00033758797365935017,0.6,/work3/arnaou/checkpoints/groupgat_Tc_trial_1673_best_state.pt,"{'learning_rate': 0.00033758797365935017, 'lr_reduce': 0.6}",TPESampler,COMPLETE
1674,0.023563336580991745,2025-04-26 09:06:28.103451,2025-04-26 09:08:22.869028,0 days 00:01:54.765577,0.021345539846015157,128,4,2,32,0.1749776879724935,128,4,4,32,0.22127992677728853,32,4,3,128,0.18472525730618136,304,160.0,280.0,3,1,0.0010170168394837307,0.6,/work3/arnaou/checkpoints/groupgat_Tc_trial_1674_best_state.pt,"{'learning_rate': 0.0010170168394837307, 'lr_reduce': 0.6}",TPESampler,COMPLETE
1675,0.031053056940436363,2025-04-26 09:06:42.459207,2025-04-26 09:08:49.741007,0 days 00:02:07.281800,0.18022460547515776,208,3,1,80,0.12500429176180272,64,2,3,112,0.10592679426164714,48,4,4,64,0.16655554276286058,240,440.0,216.0,3,2,0.009269944560549007,0.6,/work3/arnaou/checkpoints/groupgat_Tc_trial_1675_best_state.pt,"{'learning_rate': 0.009269944560549007, 'lr_reduce': 0.6}",TPESampler,COMPLETE
1676,0.02744937315583229,2025-04-26 09:07:15.071104,2025-04-26 09:09:25.326090,0 days 00:02:10.254986,0.16010716082909546,224,3,4,64,0.26272208899591437,208,2,4,128,0.040718558669123175,48,3,2,128,0.10420283541272106,448,104.0,424.0,3,2,0.00045971578742312554,0.6,/work3/arnaou/checkpoints/groupgat_Tc_trial_1676_best_state.pt,"{'learning_rate': 0.00045971578742312554, 'lr_reduce': 0.6}",TPESampler,COMPLETE
1677,0.043460406363010406,2025-04-26 09:08:23.192386,2025-04-26 09:10:46.396729,0 days 00:02:23.204343,0.047351985618149586,80,4,4,48,0.21957472987196225,208,2,1,112,0.06726577133129572,32,1,4,64,0.16219595456099098,424,,,1,2,0.0004263314648241416,0.6,/work3/arnaou/checkpoints/groupgat_Tc_trial_1677_best_state.pt,"{'learning_rate': 0.0004263314648241416, 'lr_reduce': 0.6}",TPESampler,COMPLETE
1678,0.02005874179303646,2025-04-26 09:08:50.129998,2025-04-26 09:10:41.272643,0 days 00:01:51.142645,0.08099646266327429,160,4,3,96,0.022909823952366563,112,1,3,112,0.1084605287716707,128,4,1,128,0.2235912031507751,112,64.0,,2,2,0.0006735074737331098,0.6,/work3/arnaou/checkpoints/groupgat_Tc_trial_1678_best_state.pt,"{'learning_rate': 0.0006735074737331098, 'lr_reduce': 0.6}",TPESampler,COMPLETE
1679,0.024557262659072876,2025-04-26 09:09:25.826783,2025-04-26 09:10:43.359177,0 days 00:01:17.532394,0.09460189596880036,144,2,4,80,0.20634375510578665,224,3,3,112,0.12114641847171549,64,4,1,128,0.0911838688226026,488,144.0,320.0,3,1,0.0011049828105412246,0.6,/work3/arnaou/checkpoints/groupgat_Tc_trial_1679_best_state.pt,"{'learning_rate': 0.0011049828105412246, 'lr_reduce': 0.6}",TPESampler,COMPLETE
1680,0.016443852335214615,2025-04-26 09:10:41.782852,2025-04-26 09:12:25.224516,0 days 00:01:43.441664,0.03922881953006051,208,3,3,128,0.24186401283437764,208,1,1,80,0.19637940348519042,64,2,2,112,0.09369605115390608,80,184.0,240.0,3,2,0.0006662053310290484,0.6,/work3/arnaou/checkpoints/groupgat_Tc_trial_1680_best_state.pt,"{'learning_rate': 0.0006662053310290484, 'lr_reduce': 0.6}",TPESampler,COMPLETE
1681,0.015061371959745884,2025-04-26 09:10:43.638170,2025-04-26 09:13:19.537863,0 days 00:02:35.899693,0.016611079762786567,160,4,4,64,0.26702385405676143,256,3,4,128,0.1020243791207047,64,4,1,96,0.0635374281713417,464,112.0,,2,2,0.0008529804111672979,0.6,/work3/arnaou/checkpoints/groupgat_Tc_trial_1681_best_state.pt,"{'learning_rate': 0.0008529804111672979, 'lr_reduce': 0.6}",TPESampler,COMPLETE
1682,0.026329660788178444,2025-04-26 09:10:46.628797,2025-04-26 09:13:04.149743,0 days 00:02:17.520946,0.060047320283820746,176,4,4,32,0.11603587208793974,96,4,4,32,0.16403901849030242,64,4,3,128,0.14260510126418158,136,64.0,272.0,3,1,0.0005759054135758114,0.6,/work3/arnaou/checkpoints/groupgat_Tc_trial_1682_best_state.pt,"{'learning_rate': 0.0005759054135758114, 'lr_reduce': 0.6}",TPESampler,COMPLETE
1683,0.4932568371295929,2025-04-26 09:12:25.526671,2025-04-26 09:13:04.150463,0 days 00:00:38.623792,0.26697830985933424,192,3,1,48,0.0028683864661013803,80,2,2,64,0.1405961769923915,96,4,3,32,0.10887430497378991,56,104.0,,2,2,0.0010736434868571488,0.6,/work3/arnaou/checkpoints/groupgat_Tc_trial_1683_best_state.pt,"{'learning_rate': 0.0010736434868571488, 'lr_reduce': 0.6}",TPESampler,COMPLETE
1684,0.01816168613731861,2025-04-26 09:13:04.391005,2025-04-26 09:14:49.689095,0 days 00:01:45.298090,0.06176326090430005,176,3,4,32,0.2717350805449921,224,3,4,96,0.13188707706303104,32,4,1,96,0.04796578209668921,272,152.0,344.0,3,2,0.0007657431225688154,0.6,/work3/arnaou/checkpoints/groupgat_Tc_trial_1684_best_state.pt,"{'learning_rate': 0.0007657431225688154, 'lr_reduce': 0.6}",TPESampler,COMPLETE
1685,0.01516390684992075,2025-04-26 09:13:04.439482,2025-04-26 09:14:52.973322,0 days 00:01:48.533840,0.013917751856261412,208,4,4,80,0.1901365640581348,256,1,4,128,0.23963416356206566,80,2,1,96,0.2878381213534981,64,400.0,232.0,3,2,0.0006792645774007569,0.6,/work3/arnaou/checkpoints/groupgat_Tc_trial_1685_best_state.pt,"{'learning_rate': 0.0006792645774007569, 'lr_reduce': 0.6}",TPESampler,COMPLETE
1686,0.016614658758044243,2025-04-26 09:13:19.835719,2025-04-26 09:16:05.673350,0 days 00:02:45.837631,0.011460971988641756,160,4,2,32,0.15857064894015394,160,4,4,128,0.0799449690948901,64,4,1,96,0.10890584617115763,120,72.0,280.0,3,1,0.0012699499164493962,0.6,/work3/arnaou/checkpoints/groupgat_Tc_trial_1686_best_state.pt,"{'learning_rate': 0.0012699499164493962, 'lr_reduce': 0.6}",TPESampler,COMPLETE
1687,0.2725686728954315,2025-04-26 09:14:49.996277,2025-04-26 09:17:13.193798,0 days 00:02:23.197521,0.2922846107561051,192,3,2,96,0.2409494608743557,96,1,4,128,0.14418463294623443,48,2,4,80,0.07416642445196371,248,,,1,1,0.0001556095519697123,0.6,/work3/arnaou/checkpoints/groupgat_Tc_trial_1687_best_state.pt,"{'learning_rate': 0.0001556095519697123, 'lr_reduce': 0.6}",TPESampler,COMPLETE
1688,0.018000932410359383,2025-04-26 09:14:53.345857,2025-04-26 09:16:59.423697,0 days 00:02:06.077840,0.00796421021960895,240,4,4,32,0.09747385677962436,208,2,3,96,0.27980392789866243,112,2,3,64,0.1946202277078959,64,128.0,304.0,3,2,0.00019650074280795719,0.6,/work3/arnaou/checkpoints/groupgat_Tc_trial_1688_best_state.pt,"{'learning_rate': 0.00019650074280795719, 'lr_reduce': 0.6}",TPESampler,COMPLETE
1689,0.01982562057673931,2025-04-26 09:16:06.155798,2025-04-26 09:17:59.528766,0 days 00:01:53.372968,0.09730278026692896,240,4,2,128,0.23239152189364345,112,4,3,80,0.03605138201054822,32,2,3,48,0.24458589252207014,48,176.0,240.0,3,2,0.0056221881067605485,0.6,/work3/arnaou/checkpoints/groupgat_Tc_trial_1689_best_state.pt,"{'learning_rate': 0.0056221881067605485, 'lr_reduce': 0.6}",TPESampler,COMPLETE
1690,0.01883384771645069,2025-04-26 09:16:59.735796,2025-04-26 09:19:35.360521,0 days 00:02:35.624725,0.013130111512189437,208,3,4,64,0.16182322876413327,224,3,4,128,0.09244271399537853,48,4,2,112,0.0574071284150105,480,104.0,376.0,3,1,0.006700018283847824,0.6,/work3/arnaou/checkpoints/groupgat_Tc_trial_1690_best_state.pt,"{'learning_rate': 0.006700018283847824, 'lr_reduce': 0.6}",TPESampler,COMPLETE
1691,0.018303370103240013,2025-04-26 09:17:13.478179,2025-04-26 09:19:19.251157,0 days 00:02:05.772978,0.008929400565824018,240,4,3,64,0.02454808586908296,224,2,3,112,0.25964085660574043,128,1,2,96,0.1562651021694288,32,64.0,,2,2,0.000539944560330798,0.6,/work3/arnaou/checkpoints/groupgat_Tc_trial_1691_best_state.pt,"{'learning_rate': 0.000539944560330798, 'lr_reduce': 0.6}",TPESampler,COMPLETE
1692,0.026481181383132935,2025-04-26 09:17:59.845577,2025-04-26 09:20:34.809986,0 days 00:02:34.964409,0.02173393193103431,256,3,4,48,0.165001318853025,256,3,4,96,0.29650326138934074,64,1,3,64,0.2418637546030294,104,472.0,216.0,3,2,0.0001035822077672337,0.6,/work3/arnaou/checkpoints/groupgat_Tc_trial_1692_best_state.pt,"{'learning_rate': 0.0001035822077672337, 'lr_reduce': 0.6}",TPESampler,COMPLETE
