number,value,datetime_start,datetime_complete,duration,params_L1_dropout,params_L1_hidden_dim,params_L1_layers_atom,params_L1_layers_mol,params_L1_out_dim,params_L2_dropout,params_L2_hidden_dim,params_L2_layers_atom,params_L2_layers_mol,params_L2_out_dim,params_L3_dropout,params_L3_hidden_dim,params_L3_layers_atom,params_L3_layers_mol,params_L3_out_dim,params_final_dropout,params_mlp_dim_0,params_mlp_dim_1,params_mlp_dim_2,params_n_mlp_layers,params_num_heads,params_train_learning_rate,params_train_lr_reduce,user_attrs_best_state_dict_path,user_attrs_training_params,system_attrs_auto:sampler,state
370,0.016435138881206512,2025-04-25 17:33:53.057226,2025-04-25 17:35:58.196761,0 days 00:02:05.139535,0.021021532714555122,208,3,2,48,0.1107984345109789,144,4,1,128,0.18727283291471156,80,3,2,96,0.1376736759684054,96,112.0,120.0,3,1,0.00022766735298615444,0.6,/work3/arnaou/checkpoints/groupgat_Tc_trial_370_best_state.pt,"{'learning_rate': 0.00022766735298615444, 'lr_reduce': 0.6}",TPESampler,COMPLETE
371,0.02410363033413887,2025-04-25 17:34:18.616519,2025-04-25 17:35:51.139332,0 days 00:01:32.522813,0.06977581728590204,192,2,2,32,0.09708750658926175,144,3,2,96,0.1730364481633919,112,4,2,96,0.0897592008392177,104,136.0,,2,1,0.0012474408438650879,0.6,/work3/arnaou/checkpoints/groupgat_Tc_trial_371_best_state.pt,"{'learning_rate': 0.0012474408438650879, 'lr_reduce': 0.6}",TPESampler,COMPLETE
372,0.018283704295754433,2025-04-25 17:34:56.782473,2025-04-25 17:37:17.766352,0 days 00:02:20.983879,0.0484576254048911,176,3,2,32,0.0818202856930397,224,4,2,96,0.24096264688768756,64,4,1,64,0.04041471685949655,312,96.0,160.0,3,2,0.007430350729119937,0.6,/work3/arnaou/checkpoints/groupgat_Tc_trial_372_best_state.pt,"{'learning_rate': 0.007430350729119937, 'lr_reduce': 0.6}",TPESampler,COMPLETE
373,0.021060660481452942,2025-04-25 17:35:51.290187,2025-04-25 17:38:03.227910,0 days 00:02:11.937723,0.0333404588997592,128,2,2,48,0.0413976949430946,256,4,1,112,0.26580305320685094,80,4,1,48,0.09799937565731456,280,136.0,136.0,3,2,0.00138927032848329,0.6,/work3/arnaou/checkpoints/groupgat_Tc_trial_373_best_state.pt,"{'learning_rate': 0.00138927032848329, 'lr_reduce': 0.6}",TPESampler,COMPLETE
374,0.032235149294137955,2025-04-25 17:35:58.385141,2025-04-25 17:37:47.203713,0 days 00:01:48.818572,0.12988544180720815,256,1,3,48,0.11848025408944876,64,4,4,128,0.12991559176611306,64,2,2,64,0.09864632749611126,96,96.0,,2,1,0.0008200856781133104,0.6,/work3/arnaou/checkpoints/groupgat_Tc_trial_374_best_state.pt,"{'learning_rate': 0.0008200856781133104, 'lr_reduce': 0.6}",TPESampler,COMPLETE
375,0.020126236602663994,2025-04-25 17:37:18.038933,2025-04-25 17:39:45.487033,0 days 00:02:27.448100,0.021306171469982114,160,2,1,48,0.17674047231923717,176,1,4,128,0.11268956560300311,64,4,2,80,0.09810351090997581,80,88.0,,2,2,0.00024261395095036978,0.6,/work3/arnaou/checkpoints/groupgat_Tc_trial_375_best_state.pt,"{'learning_rate': 0.00024261395095036978, 'lr_reduce': 0.6}",TPESampler,COMPLETE
376,0.020842446014285088,2025-04-25 17:37:47.829569,2025-04-25 17:40:09.488343,0 days 00:02:21.658774,0.08697175720046625,128,4,1,128,0.037055178946096626,80,4,4,80,0.27356666309615124,48,2,1,64,0.07045641615277995,136,152.0,,2,2,0.0007751192971751991,0.6,/work3/arnaou/checkpoints/groupgat_Tc_trial_376_best_state.pt,"{'learning_rate': 0.0007751192971751991, 'lr_reduce': 0.6}",TPESampler,COMPLETE
377,0.047776684165000916,2025-04-25 17:38:03.426357,2025-04-25 17:39:55.993062,0 days 00:01:52.566705,0.035945098732766814,240,3,3,48,0.06897573300490026,64,4,4,128,0.23161729208962192,64,4,2,48,0.16559644723965666,224,336.0,120.0,3,1,0.0007257644927274754,0.6,/work3/arnaou/checkpoints/groupgat_Tc_trial_377_best_state.pt,"{'learning_rate': 0.0007257644927274754, 'lr_reduce': 0.6}",TPESampler,COMPLETE
378,0.016857260838150978,2025-04-25 17:39:45.802268,2025-04-25 17:41:44.430202,0 days 00:01:58.627934,0.05357602536403842,80,3,2,32,0.007811228327027422,224,3,1,128,0.2856725556516942,48,4,1,64,0.06884432983148132,456,80.0,88.0,3,2,0.001259519588805385,0.6,/work3/arnaou/checkpoints/groupgat_Tc_trial_378_best_state.pt,"{'learning_rate': 0.001259519588805385, 'lr_reduce': 0.6}",TPESampler,COMPLETE
379,0.012621243484318256,2025-04-25 17:39:56.258105,2025-04-25 17:41:34.196017,0 days 00:01:37.937912,0.0050194809268146534,256,3,2,32,0.2856145363457888,192,2,4,96,0.14801267905173643,96,4,1,64,0.1460927681389304,120,128.0,160.0,3,2,0.0008863200447139351,0.6,/work3/arnaou/checkpoints/groupgat_Tc_trial_379_best_state.pt,"{'learning_rate': 0.0008863200447139351, 'lr_reduce': 0.6}",TPESampler,COMPLETE
380,0.01518746092915535,2025-04-25 17:40:09.704216,2025-04-25 17:43:30.590872,0 days 00:03:20.886656,0.05751927347137297,112,4,2,80,0.2227927853658475,240,2,3,96,0.24514349678338895,32,2,4,112,0.27042157315387483,176,264.0,80.0,3,1,0.002103366873544864,0.6,/work3/arnaou/checkpoints/groupgat_Tc_trial_380_best_state.pt,"{'learning_rate': 0.002103366873544864, 'lr_reduce': 0.6}",TPESampler,COMPLETE
381,0.04595585912466049,2025-04-25 17:41:34.507582,2025-04-25 17:43:37.958232,0 days 00:02:03.450650,0.06184147344533638,256,3,2,48,0.2785011274537623,176,3,4,80,0.19533124389251363,96,4,1,48,0.11034677206854274,192,136.0,168.0,3,2,0.0002740366267032434,0.6,/work3/arnaou/checkpoints/groupgat_Tc_trial_381_best_state.pt,"{'learning_rate': 0.0002740366267032434, 'lr_reduce': 0.6}",TPESampler,COMPLETE
382,0.02153826877474785,2025-04-25 17:41:44.695949,2025-04-25 17:44:33.124886,0 days 00:02:48.428937,0.011272135737361157,240,4,2,32,0.25670393095380956,208,2,4,112,0.2448222733310953,48,4,1,80,0.06480211693045787,104,152.0,,2,2,0.00028499791802420033,0.6,/work3/arnaou/checkpoints/groupgat_Tc_trial_382_best_state.pt,"{'learning_rate': 0.00028499791802420033, 'lr_reduce': 0.6}",TPESampler,COMPLETE
383,0.020803390070796013,2025-04-25 17:43:30.778061,2025-04-25 17:45:10.177898,0 days 00:01:39.399837,0.006152249763542983,192,1,2,48,0.033325527007975614,240,3,1,128,0.285566658277031,64,4,1,128,0.048377205179218154,88,256.0,136.0,3,2,0.0014448851758782492,0.6,/work3/arnaou/checkpoints/groupgat_Tc_trial_383_best_state.pt,"{'learning_rate': 0.0014448851758782492, 'lr_reduce': 0.6}",TPESampler,COMPLETE
384,0.03431179001927376,2025-04-25 17:43:38.109802,2025-04-25 17:45:32.559976,0 days 00:01:54.450174,0.06490434717629599,144,4,2,80,0.2734233952214844,128,1,4,112,0.2766162654130275,32,2,4,112,0.27706890645347604,216,216.0,,2,1,0.000873656029067899,0.6,/work3/arnaou/checkpoints/groupgat_Tc_trial_384_best_state.pt,"{'learning_rate': 0.000873656029067899, 'lr_reduce': 0.6}",TPESampler,COMPLETE
385,0.03359118476510048,2025-04-25 17:44:33.398200,2025-04-25 17:46:23.186856,0 days 00:01:49.788656,0.11474408649128881,64,4,2,48,0.1957883673850626,208,2,3,96,0.25046896923208467,32,2,4,112,0.253654671805902,160,240.0,160.0,3,1,0.004239915712677949,0.6,/work3/arnaou/checkpoints/groupgat_Tc_trial_385_best_state.pt,"{'learning_rate': 0.004239915712677949, 'lr_reduce': 0.6}",TPESampler,COMPLETE
386,0.022189529612660408,2025-04-25 17:45:10.442458,2025-04-25 17:46:40.362113,0 days 00:01:29.919655,0.09713489468272109,256,3,2,64,0.25108500235590475,160,1,3,96,0.11706253193918582,80,4,1,64,0.2022753967271856,56,256.0,152.0,3,2,0.002693726513774374,0.6,/work3/arnaou/checkpoints/groupgat_Tc_trial_386_best_state.pt,"{'learning_rate': 0.002693726513774374, 'lr_reduce': 0.6}",TPESampler,COMPLETE
387,0.022267553955316544,2025-04-25 17:45:32.867595,2025-04-25 17:47:21.162217,0 days 00:01:48.294622,0.08304850026228637,224,4,2,32,0.21815101040339055,192,2,3,128,0.11467958258961672,48,4,1,64,0.04765047924240231,120,160.0,128.0,3,2,0.00839810453443352,0.6,/work3/arnaou/checkpoints/groupgat_Tc_trial_387_best_state.pt,"{'learning_rate': 0.00839810453443352, 'lr_reduce': 0.6}",TPESampler,COMPLETE
388,0.01690657250583172,2025-04-25 17:46:23.462557,2025-04-25 17:48:57.291416,0 days 00:02:33.828859,0.022946452164207515,128,4,1,64,0.26559254689555384,256,2,3,128,0.2638229055457932,32,2,4,96,0.26375703019836716,320,152.0,184.0,3,1,0.001054286198495364,0.6,/work3/arnaou/checkpoints/groupgat_Tc_trial_388_best_state.pt,"{'learning_rate': 0.001054286198495364, 'lr_reduce': 0.6}",TPESampler,COMPLETE
389,0.018668359145522118,2025-04-25 17:46:40.580108,2025-04-25 17:49:57.706819,0 days 00:03:17.126711,0.04179370782019201,240,4,4,48,0.2020236952909668,208,2,2,96,0.16904415502050518,48,3,1,96,0.199344611613534,48,240.0,96.0,3,2,0.0014700412821551704,0.6,/work3/arnaou/checkpoints/groupgat_Tc_trial_389_best_state.pt,"{'learning_rate': 0.0014700412821551704, 'lr_reduce': 0.6}",TPESampler,COMPLETE
390,0.018562613055109978,2025-04-25 17:47:21.307580,2025-04-25 17:50:05.542019,0 days 00:02:44.234439,0.008843542096980093,128,4,2,112,0.20200078608567268,224,3,2,112,0.22955145418931344,48,3,4,128,0.2790128618780991,128,288.0,192.0,3,1,0.0005151946566120124,0.6,/work3/arnaou/checkpoints/groupgat_Tc_trial_390_best_state.pt,"{'learning_rate': 0.0005151946566120124, 'lr_reduce': 0.6}",TPESampler,COMPLETE
391,0.01845366321504116,2025-04-25 17:48:57.655632,2025-04-25 17:51:07.545845,0 days 00:02:09.890213,0.037047228392915216,240,4,2,80,0.16593676134740656,160,3,4,128,0.17914188064671516,32,4,2,32,0.13252727250912838,104,120.0,328.0,3,2,0.0002687866684102251,0.6,/work3/arnaou/checkpoints/groupgat_Tc_trial_391_best_state.pt,"{'learning_rate': 0.0002687866684102251, 'lr_reduce': 0.6}",TPESampler,COMPLETE
392,0.025036459788680077,2025-04-25 17:49:57.869806,2025-04-25 17:51:33.638833,0 days 00:01:35.769027,0.03475737585550846,144,1,1,96,0.2031187746078238,160,2,3,48,0.12391666727439705,112,3,2,112,0.16270284745755886,192,96.0,112.0,3,1,0.0007787580421129843,0.6,/work3/arnaou/checkpoints/groupgat_Tc_trial_392_best_state.pt,"{'learning_rate': 0.0007787580421129843, 'lr_reduce': 0.6}",TPESampler,COMPLETE
393,0.02377096749842167,2025-04-25 17:50:05.874915,2025-04-25 17:53:18.960652,0 days 00:03:13.085737,0.059912612775638835,80,4,1,80,0.27252373956641107,240,2,4,96,0.2909272819801922,64,3,4,128,0.2639382716422463,64,344.0,192.0,3,1,0.0018630282434129826,0.6,/work3/arnaou/checkpoints/groupgat_Tc_trial_393_best_state.pt,"{'learning_rate': 0.0018630282434129826, 'lr_reduce': 0.6}",TPESampler,COMPLETE
394,0.01574808731675148,2025-04-25 17:51:07.724314,2025-04-25 17:52:51.879625,0 days 00:01:44.155311,0.006721641778031988,240,3,2,64,0.24442216532363825,208,3,3,96,0.1524815371572814,96,4,3,64,0.13165063354954068,136,160.0,272.0,3,2,0.0010294985307504206,0.6,/work3/arnaou/checkpoints/groupgat_Tc_trial_394_best_state.pt,"{'learning_rate': 0.0010294985307504206, 'lr_reduce': 0.6}",TPESampler,COMPLETE
395,0.014093566685914993,2025-04-25 17:51:33.796263,2025-04-25 17:53:24.219498,0 days 00:01:50.423235,0.026262938675963146,176,3,2,32,0.12815083160729485,208,3,4,128,0.25409745293741404,48,4,2,64,0.15176058233481493,288,376.0,88.0,3,2,0.0009607614047621781,0.6,/work3/arnaou/checkpoints/groupgat_Tc_trial_395_best_state.pt,"{'learning_rate': 0.0009607614047621781, 'lr_reduce': 0.6}",TPESampler,COMPLETE
396,0.03321172297000885,2025-04-25 17:52:52.203962,2025-04-25 17:54:42.695402,0 days 00:01:50.491440,0.10834010641695996,192,4,4,32,0.24562230567666712,224,2,3,112,0.24417963476663834,80,2,1,128,0.17713328997053696,176,304.0,200.0,3,1,0.004142323155667876,0.6,/work3/arnaou/checkpoints/groupgat_Tc_trial_396_best_state.pt,"{'learning_rate': 0.004142323155667876, 'lr_reduce': 0.6}",TPESampler,COMPLETE
397,0.018075384199619293,2025-04-25 17:53:19.145811,2025-04-25 17:55:22.985074,0 days 00:02:03.839263,0.04105998693789453,112,4,2,96,0.14804626180545316,256,3,3,64,0.16225400599162632,32,2,3,112,0.29344253612743215,320,80.0,,2,1,0.0012028548481738323,0.6,/work3/arnaou/checkpoints/groupgat_Tc_trial_397_best_state.pt,"{'learning_rate': 0.0012028548481738323, 'lr_reduce': 0.6}",TPESampler,COMPLETE
398,0.01662159524857998,2025-04-25 17:53:24.424377,2025-04-25 17:56:33.402591,0 days 00:03:08.978214,0.011087815367411397,176,3,3,48,0.13571813241197442,256,2,4,96,0.1936450710516573,80,4,1,48,0.0719415297135978,280,384.0,104.0,3,1,0.0031119652867218875,0.6,/work3/arnaou/checkpoints/groupgat_Tc_trial_398_best_state.pt,"{'learning_rate': 0.0031119652867218875, 'lr_reduce': 0.6}",TPESampler,COMPLETE
399,0.016483096405863762,2025-04-25 17:54:42.886409,2025-04-25 17:56:28.622774,0 days 00:01:45.736365,0.08538340633961111,256,2,3,32,0.2802511181888556,192,2,4,96,0.24523122536830874,112,4,1,96,0.23505479802883672,112,384.0,96.0,3,2,0.001331472816343008,0.6,/work3/arnaou/checkpoints/groupgat_Tc_trial_399_best_state.pt,"{'learning_rate': 0.001331472816343008, 'lr_reduce': 0.6}",TPESampler,COMPLETE
400,0.034108903259038925,2025-04-25 17:55:23.296817,2025-04-25 17:57:13.006962,0 days 00:01:49.710145,0.14673194261892042,80,3,1,64,0.17402786185131108,256,2,4,80,0.2679946522752813,32,3,2,128,0.23800326840032318,264,376.0,,2,1,0.0010261390853668526,0.6,/work3/arnaou/checkpoints/groupgat_Tc_trial_400_best_state.pt,"{'learning_rate': 0.0010261390853668526, 'lr_reduce': 0.6}",TPESampler,COMPLETE
401,0.041462235152721405,2025-04-25 17:56:28.906800,2025-04-25 17:57:47.513046,0 days 00:01:18.606246,0.1098939397930744,208,4,4,32,0.0590345947996849,96,4,3,128,0.1721712665249822,64,2,1,128,0.11760108018004757,168,,,1,1,0.006224972589835811,0.6,/work3/arnaou/checkpoints/groupgat_Tc_trial_401_best_state.pt,"{'learning_rate': 0.006224972589835811, 'lr_reduce': 0.6}",TPESampler,COMPLETE
402,0.0172452162951231,2025-04-25 17:56:33.590199,2025-04-25 17:59:06.733813,0 days 00:02:33.143614,0.07361199572212013,224,2,4,80,0.286187088764755,256,1,4,48,0.2739574687722345,32,3,1,112,0.034548862766986516,104,352.0,88.0,3,1,0.0008014196325936157,0.6,/work3/arnaou/checkpoints/groupgat_Tc_trial_402_best_state.pt,"{'learning_rate': 0.0008014196325936157, 'lr_reduce': 0.6}",TPESampler,COMPLETE
403,0.014197626151144505,2025-04-25 17:57:13.196010,2025-04-25 17:59:15.129343,0 days 00:02:01.933333,0.03930966907608317,208,4,1,48,0.09068157599142342,176,3,4,96,0.25172869336192827,48,4,2,32,0.13999153304032885,384,392.0,80.0,3,2,0.0006665436132972003,0.6,/work3/arnaou/checkpoints/groupgat_Tc_trial_403_best_state.pt,"{'learning_rate': 0.0006665436132972003, 'lr_reduce': 0.6}",TPESampler,COMPLETE
404,0.056444279849529266,2025-04-25 17:57:48.182242,2025-04-25 18:00:06.091381,0 days 00:02:17.909139,0.15421007429869016,112,4,3,96,0.14683816144017442,256,1,3,96,0.26612026184536797,32,1,4,96,0.2619542246600675,272,328.0,144.0,3,1,0.003070208562828014,0.6,/work3/arnaou/checkpoints/groupgat_Tc_trial_404_best_state.pt,"{'learning_rate': 0.003070208562828014, 'lr_reduce': 0.6}",TPESampler,COMPLETE
405,0.027632135897874832,2025-04-25 17:59:06.985992,2025-04-25 18:01:02.824884,0 days 00:01:55.838892,0.09403788781622441,160,4,4,32,0.103716957239566,96,3,4,128,0.10440840804676661,80,3,1,80,0.04648540842127684,176,400.0,,2,1,0.0022825471366942265,0.6,/work3/arnaou/checkpoints/groupgat_Tc_trial_405_best_state.pt,"{'learning_rate': 0.0022825471366942265, 'lr_reduce': 0.6}",TPESampler,COMPLETE
406,0.018095238134264946,2025-04-25 17:59:15.295032,2025-04-25 18:02:16.138806,0 days 00:03:00.843774,0.07266813891539325,240,4,2,32,0.09159013404394348,224,3,3,128,0.2835985957307412,32,4,2,48,0.158798327316306,456,416.0,80.0,3,2,0.0006823044931845536,0.6,/work3/arnaou/checkpoints/groupgat_Tc_trial_406_best_state.pt,"{'learning_rate': 0.0006823044931845536, 'lr_reduce': 0.6}",TPESampler,COMPLETE
407,0.01705990359187126,2025-04-25 18:00:06.248158,2025-04-25 18:02:36.944974,0 days 00:02:30.696816,0.004753443780006569,176,2,1,32,0.07324382617995688,256,3,4,96,0.2167243573887434,64,4,2,80,0.21000307668530518,328,424.0,64.0,3,2,0.0011820380454096694,0.6,/work3/arnaou/checkpoints/groupgat_Tc_trial_407_best_state.pt,"{'learning_rate': 0.0011820380454096694, 'lr_reduce': 0.6}",TPESampler,COMPLETE
408,0.01590871810913086,2025-04-25 18:01:03.054540,2025-04-25 18:03:27.791792,0 days 00:02:24.737252,0.019329041611617036,144,3,2,48,0.08382832831941675,208,3,3,128,0.1948883317922433,48,3,3,48,0.1568230536821305,296,408.0,80.0,3,2,0.0010136187164835428,0.6,/work3/arnaou/checkpoints/groupgat_Tc_trial_408_best_state.pt,"{'learning_rate': 0.0010136187164835428, 'lr_reduce': 0.6}",TPESampler,COMPLETE
409,0.019696006551384926,2025-04-25 18:02:16.297549,2025-04-25 18:04:27.613245,0 days 00:02:11.315696,0.005250454489129619,256,3,2,32,0.2564933149724683,160,2,4,112,0.1762232755186194,80,3,1,80,0.09808361551472407,40,400.0,80.0,3,2,0.0011051852459769466,0.6,/work3/arnaou/checkpoints/groupgat_Tc_trial_409_best_state.pt,"{'learning_rate': 0.0011051852459769466, 'lr_reduce': 0.6}",TPESampler,COMPLETE
410,0.017094582319259644,2025-04-25 18:02:37.147149,2025-04-25 18:05:26.219897,0 days 00:02:49.072748,0.012863750856556706,160,2,2,32,0.06587787002279069,224,2,4,128,0.27389556186684955,48,4,2,64,0.10032777955618476,248,384.0,128.0,3,2,0.0022426024313852684,0.6,/work3/arnaou/checkpoints/groupgat_Tc_trial_410_best_state.pt,"{'learning_rate': 0.0022426024313852684, 'lr_reduce': 0.6}",TPESampler,COMPLETE
411,0.019105803221464157,2025-04-25 18:03:28.068698,2025-04-25 18:06:24.349028,0 days 00:02:56.280330,0.04098157997101863,144,1,1,48,0.07904295385491217,224,3,3,112,0.29265653638277367,80,4,2,112,0.1735223607406012,40,,,1,2,0.0014497130495815028,0.6,/work3/arnaou/checkpoints/groupgat_Tc_trial_411_best_state.pt,"{'learning_rate': 0.0014497130495815028, 'lr_reduce': 0.6}",TPESampler,COMPLETE
412,0.021126335486769676,2025-04-25 18:04:27.815986,2025-04-25 18:06:40.726180,0 days 00:02:12.910194,0.013872201543193324,128,4,3,112,0.2560048326729659,240,2,3,80,0.18652725424561872,48,1,4,96,0.27257386352632107,200,488.0,80.0,3,1,0.004199757347393996,0.6,/work3/arnaou/checkpoints/groupgat_Tc_trial_412_best_state.pt,"{'learning_rate': 0.004199757347393996, 'lr_reduce': 0.6}",TPESampler,COMPLETE
413,0.020235879346728325,2025-04-25 18:05:26.498027,2025-04-25 18:07:50.433602,0 days 00:02:23.935575,0.03523148957638478,112,2,2,64,0.23700173673119124,208,2,3,80,0.25526702552272135,48,2,4,128,0.2707595100704591,184,384.0,136.0,3,2,0.0008997655302708584,0.6,/work3/arnaou/checkpoints/groupgat_Tc_trial_413_best_state.pt,"{'learning_rate': 0.0008997655302708584, 'lr_reduce': 0.6}",TPESampler,COMPLETE
414,0.027388909831643105,2025-04-25 18:06:24.575939,2025-04-25 18:08:54.060461,0 days 00:02:29.484522,0.09618504366219188,240,3,1,64,0.024444685548883363,112,4,3,96,0.21798353695016753,32,4,2,32,0.12924574169201294,376,432.0,,2,2,0.0005936630991760061,0.6,/work3/arnaou/checkpoints/groupgat_Tc_trial_414_best_state.pt,"{'learning_rate': 0.0005936630991760061, 'lr_reduce': 0.6}",TPESampler,COMPLETE
415,0.0259214099496603,2025-04-25 18:06:40.975762,2025-04-25 18:08:23.479578,0 days 00:01:42.503816,0.07616794402535787,64,2,2,96,0.24986822411622658,240,2,4,64,0.2706206829628592,32,3,1,128,0.14241421106116492,272,368.0,64.0,3,1,0.0007077991409436196,0.6,/work3/arnaou/checkpoints/groupgat_Tc_trial_415_best_state.pt,"{'learning_rate': 0.0007077991409436196, 'lr_reduce': 0.6}",TPESampler,COMPLETE
416,0.019753582775592804,2025-04-25 18:07:50.787048,2025-04-25 18:09:46.865778,0 days 00:01:56.078730,0.00026027520081373145,256,1,1,112,0.11188067437323854,224,2,2,96,0.074585877486303,112,3,2,96,0.09187943398758629,72,184.0,112.0,3,2,0.00034149465083079786,0.6,/work3/arnaou/checkpoints/groupgat_Tc_trial_416_best_state.pt,"{'learning_rate': 0.00034149465083079786, 'lr_reduce': 0.6}",TPESampler,COMPLETE
417,0.0460442416369915,2025-04-25 18:08:23.648275,2025-04-25 18:10:06.757026,0 days 00:01:43.108751,0.11561081531972496,240,4,1,64,0.05171960813676945,240,2,4,80,0.18933131408909187,64,3,2,48,0.15699626909848236,384,376.0,,2,2,0.0012241935520121553,0.6,/work3/arnaou/checkpoints/groupgat_Tc_trial_417_best_state.pt,"{'learning_rate': 0.0012241935520121553, 'lr_reduce': 0.6}",TPESampler,COMPLETE
418,0.01790144480764866,2025-04-25 18:08:54.311085,2025-04-25 18:10:53.771930,0 days 00:01:59.460845,0.03786856158927406,224,4,2,32,0.2932568484570596,256,3,3,96,0.1809766966879272,96,4,1,64,0.0919947249254981,168,424.0,,2,2,0.0012299486886904023,0.6,/work3/arnaou/checkpoints/groupgat_Tc_trial_418_best_state.pt,"{'learning_rate': 0.0012299486886904023, 'lr_reduce': 0.6}",TPESampler,COMPLETE
419,0.015168028883635998,2025-04-25 18:09:47.192228,2025-04-25 18:12:08.285454,0 days 00:02:21.093226,0.024303384574069574,192,3,2,64,0.15016612170210275,256,3,4,128,0.2272774099105335,48,4,1,64,0.16771753404148,168,360.0,160.0,3,2,0.0005045104487627992,0.6,/work3/arnaou/checkpoints/groupgat_Tc_trial_419_best_state.pt,"{'learning_rate': 0.0005045104487627992, 'lr_reduce': 0.6}",TPESampler,COMPLETE
420,0.02187868021428585,2025-04-25 18:10:06.924480,2025-04-25 18:12:11.391162,0 days 00:02:04.466682,0.03335738440972548,224,4,1,64,0.1541497357422662,176,3,4,96,0.2231594780071567,64,4,1,32,0.08866382074872711,400,464.0,56.0,3,2,0.00020855580959370804,0.6,/work3/arnaou/checkpoints/groupgat_Tc_trial_420_best_state.pt,"{'learning_rate': 0.00020855580959370804, 'lr_reduce': 0.6}",TPESampler,COMPLETE
421,0.01712416484951973,2025-04-25 18:10:53.921922,2025-04-25 18:14:13.720386,0 days 00:03:19.798464,0.008038480912314856,144,3,3,48,0.11762131446121181,240,3,4,128,0.24078715324552324,64,4,1,96,0.0844816756363507,208,352.0,152.0,3,2,0.0020876030733438635,0.6,/work3/arnaou/checkpoints/groupgat_Tc_trial_421_best_state.pt,"{'learning_rate': 0.0020876030733438635, 'lr_reduce': 0.6}",TPESampler,COMPLETE
422,0.018101055175065994,2025-04-25 18:12:08.450868,2025-04-25 18:14:35.527370,0 days 00:02:27.076502,0.018304243041460104,256,3,1,80,0.12654976721003044,256,3,4,128,0.18633473720255764,64,4,1,64,0.19201395712082514,168,312.0,,2,1,0.00044616349673617554,0.6,/work3/arnaou/checkpoints/groupgat_Tc_trial_422_best_state.pt,"{'learning_rate': 0.00044616349673617554, 'lr_reduce': 0.6}",TPESampler,COMPLETE
