number,value,datetime_start,datetime_complete,duration,params_L1_dropout,params_L1_hidden_dim,params_L1_layers_atom,params_L1_layers_mol,params_L1_out_dim,params_L2_dropout,params_L2_hidden_dim,params_L2_layers_atom,params_L2_layers_mol,params_L2_out_dim,params_L3_dropout,params_L3_hidden_dim,params_L3_layers_atom,params_L3_layers_mol,params_L3_out_dim,params_final_dropout,params_mlp_dim_0,params_mlp_dim_1,params_mlp_dim_2,params_n_mlp_layers,params_num_heads,params_train_learning_rate,params_train_lr_reduce,user_attrs_best_state_dict_path,user_attrs_training_params,system_attrs_auto:sampler,state
2011,0.12072433531284332,2025-04-26 12:59:32.041173,2025-04-26 13:01:31.174245,0 days 00:01:59.133072,0.12134554851461503,96,4,1,64,0.23701691483812323,112,4,4,64,0.07262014098827664,48,1,1,48,0.16711753936472915,104,,,1,1,0.0005959400367546279,0.6,/work3/arnaou/checkpoints/groupgat_Tc_trial_2011_best_state.pt,"{'learning_rate': 0.0005959400367546279, 'lr_reduce': 0.6}",TPESampler,COMPLETE
2012,0.07029244303703308,2025-04-26 13:00:57.929925,2025-04-26 13:02:42.977546,0 days 00:01:45.047621,0.22582597240463675,224,3,1,128,0.09727604566886563,80,1,3,112,0.27492542240253043,96,2,2,96,0.02849772603263452,352,,,1,2,0.0001369722162107126,0.6,/work3/arnaou/checkpoints/groupgat_Tc_trial_2012_best_state.pt,"{'learning_rate': 0.0001369722162107126, 'lr_reduce': 0.6}",TPESampler,COMPLETE
2013,0.1032569408416748,2025-04-26 13:01:17.598743,2025-04-26 13:03:21.550013,0 days 00:02:03.951270,0.05890405892563584,144,1,1,96,0.29249093460874476,128,3,2,80,0.25853015974687776,128,3,3,128,0.13389290715890836,216,144.0,,2,1,0.00011928667910885026,0.6,/work3/arnaou/checkpoints/groupgat_Tc_trial_2013_best_state.pt,"{'learning_rate': 0.00011928667910885026, 'lr_reduce': 0.6}",TPESampler,COMPLETE
2014,0.021644776687026024,2025-04-26 13:01:31.449880,2025-04-26 13:03:36.330634,0 days 00:02:04.880754,0.08705441972301724,128,1,1,128,0.19180425231317433,80,1,1,48,0.22818676325542014,48,4,1,128,0.20372256837427333,176,200.0,408.0,3,2,0.0029890518560134038,0.6,/work3/arnaou/checkpoints/groupgat_Tc_trial_2014_best_state.pt,"{'learning_rate': 0.0029890518560134038, 'lr_reduce': 0.6}",TPESampler,COMPLETE
2015,0.018914975225925446,2025-04-26 13:02:43.742643,2025-04-26 13:04:33.547174,0 days 00:01:49.804531,0.06766199706095852,224,4,3,32,0.06266566264133094,96,3,4,128,0.14417340191634462,64,4,1,80,0.10915527522880333,120,152.0,472.0,3,1,0.0017060127109688906,0.6,/work3/arnaou/checkpoints/groupgat_Tc_trial_2015_best_state.pt,"{'learning_rate': 0.0017060127109688906, 'lr_reduce': 0.6}",TPESampler,COMPLETE
2016,0.025616489350795746,2025-04-26 13:03:21.747738,2025-04-26 13:05:40.778852,0 days 00:02:19.031114,0.26868394240793875,176,1,4,128,0.10249953184758231,208,4,3,80,0.002995654367523526,80,3,1,64,0.10580925906989008,264,,,1,1,0.0011817873572192614,0.6,/work3/arnaou/checkpoints/groupgat_Tc_trial_2016_best_state.pt,"{'learning_rate': 0.0011817873572192614, 'lr_reduce': 0.6}",TPESampler,COMPLETE
2017,0.024834193289279938,2025-04-26 13:03:36.717137,2025-04-26 13:05:41.769540,0 days 00:02:05.052403,0.0617068548901166,176,4,4,64,0.2259267912633932,176,1,4,128,0.2945077276213188,128,1,1,80,0.29967654681182115,136,152.0,432.0,3,2,0.0001402099498306234,0.6,/work3/arnaou/checkpoints/groupgat_Tc_trial_2017_best_state.pt,"{'learning_rate': 0.0001402099498306234, 'lr_reduce': 0.6}",TPESampler,COMPLETE
2018,0.01851639896631241,2025-04-26 13:04:33.785131,2025-04-26 13:07:33.364218,0 days 00:02:59.579087,0.0008170647554970279,192,2,3,48,0.2900570871472014,128,4,4,128,0.2550040276473524,64,4,1,128,0.08712151284917606,272,136.0,,2,2,0.0012179647253674692,0.6,/work3/arnaou/checkpoints/groupgat_Tc_trial_2018_best_state.pt,"{'learning_rate': 0.0012179647253674692, 'lr_reduce': 0.6}",TPESampler,COMPLETE
2019,0.018065055832266808,2025-04-26 13:05:41.012805,2025-04-26 13:07:24.351245,0 days 00:01:43.338440,0.01847754873916849,240,4,4,48,0.14665933381558283,176,2,4,48,0.24328328408134348,128,3,1,112,0.1578662804832876,64,216.0,424.0,3,2,0.0012477715181041151,0.6,/work3/arnaou/checkpoints/groupgat_Tc_trial_2019_best_state.pt,"{'learning_rate': 0.0012477715181041151, 'lr_reduce': 0.6}",TPESampler,COMPLETE
2020,0.017152732238173485,2025-04-26 13:05:41.961857,2025-04-26 13:07:48.377177,0 days 00:02:06.415320,0.0194911541126674,128,4,3,48,0.06753907866110172,128,4,4,48,0.26763109789611716,64,3,3,112,0.19251467934382607,192,152.0,408.0,3,2,0.0020798528688146223,0.6,/work3/arnaou/checkpoints/groupgat_Tc_trial_2020_best_state.pt,"{'learning_rate': 0.0020798528688146223, 'lr_reduce': 0.6}",TPESampler,COMPLETE
2021,0.020701320841908455,2025-04-26 13:07:24.633876,2025-04-26 13:09:39.768425,0 days 00:02:15.134549,0.01795739639616483,112,2,3,32,0.29182020927910635,128,4,4,112,0.2954435823144808,64,4,2,80,0.06541874300915673,88,136.0,360.0,3,2,0.0008007512574257303,0.6,/work3/arnaou/checkpoints/groupgat_Tc_trial_2021_best_state.pt,"{'learning_rate': 0.0008007512574257303, 'lr_reduce': 0.6}",TPESampler,COMPLETE
2022,0.02453775890171528,2025-04-26 13:07:33.596516,2025-04-26 13:09:46.508236,0 days 00:02:12.911720,0.07593534761266428,160,4,2,112,0.0299245622955258,112,3,1,128,0.041755837075326915,112,4,3,32,0.27182781449344223,40,184.0,,2,2,0.00014170165897009699,0.6,/work3/arnaou/checkpoints/groupgat_Tc_trial_2022_best_state.pt,"{'learning_rate': 0.00014170165897009699, 'lr_reduce': 0.6}",TPESampler,COMPLETE
2023,0.029182912781834602,2025-04-26 13:07:48.777769,2025-04-26 13:09:23.776994,0 days 00:01:34.999225,0.11062919976785689,64,3,1,128,0.1818035038603231,176,1,4,32,0.2885353058159348,32,1,3,80,0.16567036948224134,312,136.0,384.0,3,1,0.000779951408572554,0.6,/work3/arnaou/checkpoints/groupgat_Tc_trial_2023_best_state.pt,"{'learning_rate': 0.000779951408572554, 'lr_reduce': 0.6}",TPESampler,COMPLETE
2024,0.23016664385795593,2025-04-26 13:09:24.082907,2025-04-26 13:11:03.550015,0 days 00:01:39.467108,0.09610342881902983,112,2,1,80,0.2886004198154236,96,4,3,48,0.28586393936754895,96,1,3,48,0.23730128947197526,104,136.0,,2,1,0.00021371435491005728,0.6,/work3/arnaou/checkpoints/groupgat_Tc_trial_2024_best_state.pt,"{'learning_rate': 0.00021371435491005728, 'lr_reduce': 0.6}",TPESampler,COMPLETE
2025,0.07516229897737503,2025-04-26 13:09:40.010434,2025-04-26 13:11:49.136127,0 days 00:02:09.125693,0.19028966311312678,128,3,3,32,0.24793571285246868,80,2,3,80,0.1523051517806213,112,1,1,128,0.12519911983357604,296,200.0,,2,1,0.0009255952578128339,0.6,/work3/arnaou/checkpoints/groupgat_Tc_trial_2025_best_state.pt,"{'learning_rate': 0.0009255952578128339, 'lr_reduce': 0.6}",TPESampler,COMPLETE
2026,0.03729100525379181,2025-04-26 13:09:46.860278,2025-04-26 13:12:01.948634,0 days 00:02:15.088356,0.05442611254032484,176,3,2,32,0.2841360128043061,176,4,4,80,0.21362874714542238,64,4,1,112,0.02843549054439175,224,,,1,2,0.004414104906299642,0.6,/work3/arnaou/checkpoints/groupgat_Tc_trial_2026_best_state.pt,"{'learning_rate': 0.004414104906299642, 'lr_reduce': 0.6}",TPESampler,COMPLETE
2027,0.016558345407247543,2025-04-26 13:11:03.744656,2025-04-26 13:12:50.763441,0 days 00:01:47.018785,0.0435920008827002,192,3,4,96,0.277001689809091,256,2,1,128,0.07098249814487405,80,2,1,128,0.0899380954624612,96,248.0,,2,1,0.0006420968100549067,0.6,/work3/arnaou/checkpoints/groupgat_Tc_trial_2027_best_state.pt,"{'learning_rate': 0.0006420968100549067, 'lr_reduce': 0.6}",TPESampler,COMPLETE
2028,0.01578349433839321,2025-04-26 13:11:49.310507,2025-04-26 13:14:09.908654,0 days 00:02:20.598147,0.04281531181485822,192,3,4,32,0.10882006247163141,208,2,4,64,0.21769550139279112,112,4,1,128,0.2044114881114399,144,128.0,472.0,3,2,0.0012175933176631008,0.6,/work3/arnaou/checkpoints/groupgat_Tc_trial_2028_best_state.pt,"{'learning_rate': 0.0012175933176631008, 'lr_reduce': 0.6}",TPESampler,COMPLETE
2029,0.015253975056111813,2025-04-26 13:12:02.256222,2025-04-26 13:15:15.962600,0 days 00:03:13.706378,0.0008991766862783239,176,4,3,48,0.0862621615117885,176,4,4,64,0.06920158289564328,64,4,3,128,0.19624765174675476,184,128.0,408.0,3,1,0.0012177700034307422,0.6,/work3/arnaou/checkpoints/groupgat_Tc_trial_2029_best_state.pt,"{'learning_rate': 0.0012177700034307422, 'lr_reduce': 0.6}",TPESampler,COMPLETE
2030,0.0184464268386364,2025-04-26 13:12:51.428257,2025-04-26 13:14:55.114298,0 days 00:02:03.686041,0.06179721254818318,176,4,4,48,0.013344891225845174,176,1,3,128,0.2256560963855348,80,2,3,96,0.17680530586568088,56,184.0,512.0,3,2,0.0008285193240907585,0.6,/work3/arnaou/checkpoints/groupgat_Tc_trial_2030_best_state.pt,"{'learning_rate': 0.0008285193240907585, 'lr_reduce': 0.6}",TPESampler,COMPLETE
2031,0.02193317376077175,2025-04-26 13:14:10.171145,2025-04-26 13:17:31.841846,0 days 00:03:21.670701,0.029972814210834652,176,3,2,64,0.22930786246815732,160,3,4,128,0.13895936351417337,64,4,1,96,0.001187365851003562,40,128.0,,2,2,0.0024248836413962656,0.6,/work3/arnaou/checkpoints/groupgat_Tc_trial_2031_best_state.pt,"{'learning_rate': 0.0024248836413962656, 'lr_reduce': 0.6}",TPESampler,COMPLETE
2032,0.029311593621969223,2025-04-26 13:14:55.531574,2025-04-26 13:16:46.151529,0 days 00:01:50.619955,0.0968619625837898,160,4,3,32,0.2867295176381781,176,3,4,96,0.26736080511168103,32,3,2,96,0.019387297927905812,128,176.0,,2,2,0.002785996932799029,0.6,/work3/arnaou/checkpoints/groupgat_Tc_trial_2032_best_state.pt,"{'learning_rate': 0.002785996932799029, 'lr_reduce': 0.6}",TPESampler,COMPLETE
2033,0.021805379539728165,2025-04-26 13:15:16.130196,2025-04-26 13:18:14.887496,0 days 00:02:58.757300,0.0038646266715799456,208,3,4,64,0.026226822444631592,128,2,4,80,0.2161646582182403,80,3,3,128,0.2163025721078941,384,144.0,408.0,3,2,0.00014749448894246973,0.6,/work3/arnaou/checkpoints/groupgat_Tc_trial_2033_best_state.pt,"{'learning_rate': 0.00014749448894246973, 'lr_reduce': 0.6}",TPESampler,COMPLETE
2034,0.018648048862814903,2025-04-26 13:16:46.396111,2025-04-26 13:18:48.330351,0 days 00:02:01.934240,0.037894707123780014,192,4,3,48,0.010012074294019062,96,1,4,96,0.11559632821754137,96,3,2,128,0.18324182904957403,384,120.0,368.0,3,2,0.0007056208778953873,0.6,/work3/arnaou/checkpoints/groupgat_Tc_trial_2034_best_state.pt,"{'learning_rate': 0.0007056208778953873, 'lr_reduce': 0.6}",TPESampler,COMPLETE
2035,0.4274561405181885,2025-04-26 13:17:32.131796,2025-04-26 13:18:22.205281,0 days 00:00:50.073485,0.24316733004678218,176,3,3,128,0.044804099176596515,96,4,4,80,0.14549069363929856,80,2,3,96,0.09765384813783438,344,,,1,2,0.0017233622587096947,0.6,/work3/arnaou/checkpoints/groupgat_Tc_trial_2035_best_state.pt,"{'learning_rate': 0.0017233622587096947, 'lr_reduce': 0.6}",TPESampler,COMPLETE
2036,,2025-04-26 13:18:15.104804,,,0.0341648405443383,80,4,1,96,0.11076069410568312,208,4,3,64,0.10763543826401889,112,4,2,48,0.14658101656974887,312,,,1,2,0.0006533665683008931,0.6,/work3/arnaou/checkpoints/groupgat_Tc_trial_2036_best_state.pt,"{'learning_rate': 0.0006533665683008931, 'lr_reduce': 0.6}",TPESampler,RUNNING
2037,,2025-04-26 13:18:22.523258,,,0.0426333698134291,192,2,3,48,0.09962522482699337,192,2,4,64,0.22681180175319543,112,4,1,128,0.10075742714580746,88,128.0,440.0,3,2,0.0004452300417166349,0.6,/work3/arnaou/checkpoints/groupgat_Tc_trial_2037_best_state.pt,"{'learning_rate': 0.0004452300417166349, 'lr_reduce': 0.6}",TPESampler,RUNNING
2038,,2025-04-26 13:18:48.520856,,,0.01669698696969088,192,3,1,96,0.039489707618053996,112,2,4,48,0.023488179905112483,32,2,3,128,0.06291231769082609,480,,,1,1,0.0023415545656826093,0.6,/work3/arnaou/checkpoints/groupgat_Tc_trial_2038_best_state.pt,"{'learning_rate': 0.0023415545656826093, 'lr_reduce': 0.6}",TPESampler,RUNNING
2039,0.2650226950645447,2025-04-26 20:24:03.924458,2025-04-26 20:26:20.237823,0 days 00:02:16.313365,0.2952939575005276,256,3,3,32,0.20120382051279795,144,4,4,128,0.2554914919236317,32,3,3,80,0.0077768038801129535,336,,,1,1,0.000400122329608401,0.6,/work3/arnaou/checkpoints/groupgat_Tc_trial_2039_best_state.pt,"{'learning_rate': 0.000400122329608401, 'lr_reduce': 0.6}",TPESampler,COMPLETE
2040,0.016487108543515205,2025-04-26 20:24:04.208607,2025-04-26 20:25:53.926935,0 days 00:01:49.718328,0.03080256889006939,128,4,4,48,0.28240653691101253,208,1,2,96,0.10489133473030562,64,4,1,128,0.041536152708493354,48,168.0,,2,2,0.001272788493342151,0.6,/work3/arnaou/checkpoints/groupgat_Tc_trial_2040_best_state.pt,"{'learning_rate': 0.001272788493342151, 'lr_reduce': 0.6}",TPESampler,COMPLETE
2041,0.01753922738134861,2025-04-26 20:24:04.260307,2025-04-26 20:26:00.633773,0 days 00:01:56.373466,0.024292068936253894,176,2,1,32,0.2474040073809085,112,4,3,80,0.2625142092233976,48,4,1,80,0.10379472844670157,256,208.0,,2,2,0.0013183058200287978,0.6,/work3/arnaou/checkpoints/groupgat_Tc_trial_2041_best_state.pt,"{'learning_rate': 0.0013183058200287978, 'lr_reduce': 0.6}",TPESampler,COMPLETE
2042,0.025034822523593903,2025-04-26 20:25:54.252264,2025-04-26 20:27:48.375424,0 days 00:01:54.123160,0.248028394891537,240,3,1,80,0.023893824608748948,176,1,1,112,0.1971716215133134,48,1,2,96,0.00988695107130777,48,136.0,376.0,3,1,0.002297028811601285,0.6,/work3/arnaou/checkpoints/groupgat_Tc_trial_2042_best_state.pt,"{'learning_rate': 0.002297028811601285, 'lr_reduce': 0.6}",TPESampler,COMPLETE
2043,0.016853254288434982,2025-04-26 20:26:02.027628,2025-04-26 20:28:10.248516,0 days 00:02:08.220888,0.05228149927520802,192,3,4,32,0.06695884331294055,224,1,3,64,0.22872791590183764,128,3,1,128,0.16304234875377327,64,120.0,376.0,3,2,0.00017597842622479678,0.6,/work3/arnaou/checkpoints/groupgat_Tc_trial_2043_best_state.pt,"{'learning_rate': 0.00017597842622479678, 'lr_reduce': 0.6}",TPESampler,COMPLETE
2044,0.018079105764627457,2025-04-26 20:26:20.505435,2025-04-26 20:28:06.622505,0 days 00:01:46.117070,0.01180629473983516,176,3,3,32,0.2574162740058107,176,2,4,128,0.09761018895925849,80,4,2,64,0.2142996224387141,128,176.0,432.0,3,2,0.0007271408623745053,0.6,/work3/arnaou/checkpoints/groupgat_Tc_trial_2044_best_state.pt,"{'learning_rate': 0.0007271408623745053, 'lr_reduce': 0.6}",TPESampler,COMPLETE
2045,0.01845671236515045,2025-04-26 20:27:48.625681,2025-04-26 20:30:41.584825,0 days 00:02:52.959144,0.13742191362590264,176,3,4,80,0.1409757620131301,128,1,3,128,0.12164995617334065,48,4,1,128,0.10837345011285371,360,112.0,392.0,3,2,0.0007469721298592686,0.6,/work3/arnaou/checkpoints/groupgat_Tc_trial_2045_best_state.pt,"{'learning_rate': 0.0007469721298592686, 'lr_reduce': 0.6}",TPESampler,COMPLETE
2046,0.05781327188014984,2025-04-26 20:28:06.985533,2025-04-26 20:30:28.376341,0 days 00:02:21.390808,0.23849200667226206,160,3,4,64,0.09169177542771575,128,2,3,48,0.08934449775786982,48,3,1,96,0.07650746759441777,320,,,1,1,0.00023561476896626546,0.6,/work3/arnaou/checkpoints/groupgat_Tc_trial_2046_best_state.pt,"{'learning_rate': 0.00023561476896626546, 'lr_reduce': 0.6}",TPESampler,COMPLETE
2047,0.01752045750617981,2025-04-26 20:28:12.176971,2025-04-26 20:30:45.038087,0 days 00:02:32.861116,0.016102985546335956,256,3,3,32,0.16649925542315513,192,3,4,112,0.14510550740081635,48,4,1,112,0.15771527588126089,280,240.0,,2,2,0.00043852124512658666,0.6,/work3/arnaou/checkpoints/groupgat_Tc_trial_2047_best_state.pt,"{'learning_rate': 0.00043852124512658666, 'lr_reduce': 0.6}",TPESampler,COMPLETE
2048,0.014806165359914303,2025-04-26 20:30:28.554750,2025-04-26 20:33:18.271452,0 days 00:02:49.716702,0.030464455196310625,256,4,4,48,0.004121344505550233,240,1,3,112,0.24532765631288095,128,3,2,112,0.25150931084775624,72,120.0,72.0,3,1,0.000336631642946283,0.6,/work3/arnaou/checkpoints/groupgat_Tc_trial_2048_best_state.pt,"{'learning_rate': 0.000336631642946283, 'lr_reduce': 0.6}",TPESampler,COMPLETE
2049,0.022466788068413734,2025-04-26 20:30:41.944851,2025-04-26 20:33:51.405086,0 days 00:03:09.460235,0.1836773715754113,240,3,4,32,0.006119366164290346,144,3,4,112,0.14591567384764484,96,2,4,80,0.1791212799327717,216,,,1,2,0.000211195267147695,0.6,/work3/arnaou/checkpoints/groupgat_Tc_trial_2049_best_state.pt,"{'learning_rate': 0.000211195267147695, 'lr_reduce': 0.6}",TPESampler,COMPLETE
2050,0.017478253692388535,2025-04-26 20:30:45.789708,2025-04-26 20:33:33.421916,0 days 00:02:47.632208,0.010040981492797654,224,4,4,48,0.09546282968160719,176,2,4,80,0.23051229731873626,128,4,1,128,0.23825288864908295,48,176.0,96.0,3,2,0.0013230909141779311,0.6,/work3/arnaou/checkpoints/groupgat_Tc_trial_2050_best_state.pt,"{'learning_rate': 0.0013230909141779311, 'lr_reduce': 0.6}",TPESampler,COMPLETE
2051,0.015055040828883648,2025-04-26 20:33:18.503315,2025-04-26 20:35:35.976561,0 days 00:02:17.473246,0.0021401578709901413,176,4,3,32,0.11922426028397679,144,4,4,48,0.19470489416907616,80,3,2,96,0.19476610046257478,136,136.0,64.0,3,1,0.0006073026851666299,0.6,/work3/arnaou/checkpoints/groupgat_Tc_trial_2051_best_state.pt,"{'learning_rate': 0.0006073026851666299, 'lr_reduce': 0.6}",TPESampler,COMPLETE
2052,0.024207308888435364,2025-04-26 20:33:33.745928,2025-04-26 20:35:08.639905,0 days 00:01:34.893977,0.16463977587361786,80,2,2,32,0.23844653708701685,160,1,1,48,0.029655409020742846,64,1,4,64,0.04496670304112137,160,104.0,344.0,3,2,0.003490092699771391,0.6,/work3/arnaou/checkpoints/groupgat_Tc_trial_2052_best_state.pt,"{'learning_rate': 0.003490092699771391, 'lr_reduce': 0.6}",TPESampler,COMPLETE
2053,0.03056800737977028,2025-04-26 20:33:51.685335,2025-04-26 20:35:24.585331,0 days 00:01:32.899996,0.26838808749881504,208,4,1,48,0.012287684420307726,112,1,1,112,0.12647483930813835,96,4,2,80,0.08848210082611721,296,176.0,32.0,3,2,0.0002996150868860389,0.6,/work3/arnaou/checkpoints/groupgat_Tc_trial_2053_best_state.pt,"{'learning_rate': 0.0002996150868860389, 'lr_reduce': 0.6}",TPESampler,COMPLETE
2054,0.020263778045773506,2025-04-26 20:35:08.856180,2025-04-26 20:37:16.120112,0 days 00:02:07.263932,0.07397270937213665,160,4,3,32,0.06829784474329349,64,4,1,48,0.17687643606149647,96,1,2,32,0.22507531198475267,464,104.0,,2,2,0.000495234640822477,0.6,/work3/arnaou/checkpoints/groupgat_Tc_trial_2054_best_state.pt,"{'learning_rate': 0.000495234640822477, 'lr_reduce': 0.6}",TPESampler,COMPLETE
2055,0.01410115696489811,2025-04-26 20:35:24.899729,2025-04-26 20:37:43.433126,0 days 00:02:18.533397,0.007059740808053547,224,4,4,48,0.010643246593395198,208,1,3,128,0.2857972234057155,80,2,2,112,0.20977932621065112,136,152.0,480.0,3,2,0.001941826295225235,0.6,/work3/arnaou/checkpoints/groupgat_Tc_trial_2055_best_state.pt,"{'learning_rate': 0.001941826295225235, 'lr_reduce': 0.6}",TPESampler,COMPLETE
2056,0.07001698762178421,2025-04-26 20:35:36.262428,2025-04-26 20:37:23.680811,0 days 00:01:47.418383,0.16898716479449064,112,3,2,32,0.2977640082199016,144,4,4,112,0.2677173765323512,80,4,1,80,0.03866569004387374,248,112.0,,2,2,0.0009938720066379409,0.6,/work3/arnaou/checkpoints/groupgat_Tc_trial_2056_best_state.pt,"{'learning_rate': 0.0009938720066379409, 'lr_reduce': 0.6}",TPESampler,COMPLETE
2057,0.02325000800192356,2025-04-26 20:37:16.406478,2025-04-26 20:39:15.832737,0 days 00:01:59.426259,0.18004368448345,192,2,3,32,0.04945051964251147,128,4,3,32,0.20241259452182897,112,1,3,32,0.27323704951737227,64,200.0,,2,2,0.00655919916007107,0.6,/work3/arnaou/checkpoints/groupgat_Tc_trial_2057_best_state.pt,"{'learning_rate': 0.00655919916007107, 'lr_reduce': 0.6}",TPESampler,COMPLETE
2058,0.0184994675219059,2025-04-26 20:37:24.166141,2025-04-26 20:39:26.556396,0 days 00:02:02.390255,0.04091637942463004,176,3,2,48,0.2446518400860123,112,4,3,96,0.1787714655358005,64,4,1,80,0.046761160708607405,184,112.0,,2,2,0.00080025115425485,0.6,/work3/arnaou/checkpoints/groupgat_Tc_trial_2058_best_state.pt,"{'learning_rate': 0.00080025115425485, 'lr_reduce': 0.6}",TPESampler,COMPLETE
2059,0.020239772275090218,2025-04-26 20:37:43.686617,2025-04-26 20:39:14.261595,0 days 00:01:30.574978,0.028101206299935778,128,3,3,64,0.2811284755055533,144,3,4,128,0.1670336362899963,64,4,1,112,0.11322626146116374,96,160.0,104.0,3,2,0.0011455004587639633,0.6,/work3/arnaou/checkpoints/groupgat_Tc_trial_2059_best_state.pt,"{'learning_rate': 0.0011455004587639633, 'lr_reduce': 0.6}",TPESampler,COMPLETE
2060,0.01670115999877453,2025-04-26 20:39:14.540655,2025-04-26 20:40:59.028536,0 days 00:01:44.487881,0.030333456692259907,176,2,4,96,0.26335220419232647,208,3,3,128,0.047220821083056905,64,4,1,96,0.0025537742071041064,312,104.0,32.0,3,2,0.0017261498008634061,0.6,/work3/arnaou/checkpoints/groupgat_Tc_trial_2060_best_state.pt,"{'learning_rate': 0.0017261498008634061, 'lr_reduce': 0.6}",TPESampler,COMPLETE
2061,0.019394874572753906,2025-04-26 20:39:16.081864,2025-04-26 20:41:01.210489,0 days 00:01:45.128625,0.06096909517286042,144,3,4,80,0.09562856107685827,112,1,1,112,0.26021672981860067,96,4,2,96,0.08806975591703368,32,152.0,384.0,3,2,0.0024927439236469783,0.6,/work3/arnaou/checkpoints/groupgat_Tc_trial_2061_best_state.pt,"{'learning_rate': 0.0024927439236469783, 'lr_reduce': 0.6}",TPESampler,COMPLETE
2062,0.02414669096469879,2025-04-26 20:39:26.927927,2025-04-26 20:41:33.650534,0 days 00:02:06.722607,0.004113569731734594,128,3,4,64,0.03829537813770023,176,2,3,112,0.2878032587641929,112,4,1,128,0.14474372495841206,280,104.0,336.0,3,1,0.00024006059609642098,0.6,/work3/arnaou/checkpoints/groupgat_Tc_trial_2062_best_state.pt,"{'learning_rate': 0.00024006059609642098, 'lr_reduce': 0.6}",TPESampler,COMPLETE
2063,0.01538635604083538,2025-04-26 20:40:59.341210,2025-04-26 20:43:44.202086,0 days 00:02:44.860876,0.001333267270047487,224,3,4,48,0.07634475117616527,256,1,4,80,0.2575306743413952,128,4,1,128,0.2816868806267545,112,208.0,,2,2,0.0003122609686784063,0.6,/work3/arnaou/checkpoints/groupgat_Tc_trial_2063_best_state.pt,"{'learning_rate': 0.0003122609686784063, 'lr_reduce': 0.6}",TPESampler,COMPLETE
