number,value,datetime_start,datetime_complete,duration,params_L1_dropout,params_L1_hidden_dim,params_L1_layers_atom,params_L1_layers_mol,params_L1_out_dim,params_L2_dropout,params_L2_hidden_dim,params_L2_layers_atom,params_L2_layers_mol,params_L2_out_dim,params_L3_dropout,params_L3_hidden_dim,params_L3_layers_atom,params_L3_layers_mol,params_L3_out_dim,params_final_dropout,params_mlp_dim_0,params_mlp_dim_1,params_mlp_dim_2,params_n_mlp_layers,params_num_heads,params_train_learning_rate,params_train_lr_reduce,user_attrs_best_state_dict_path,user_attrs_training_params,system_attrs_auto:sampler,state
1112,0.01662549376487732,2025-04-26 02:31:32.779533,2025-04-26 02:34:03.258039,0 days 00:02:30.478506,0.04757373751103243,208,4,3,32,0.03481367196755354,208,2,3,128,0.1447605422671251,128,1,3,96,0.15991726339028864,88,328.0,464.0,3,2,0.00029403425927794773,0.6,/work3/arnaou/checkpoints/groupgat_Tc_trial_1112_best_state.pt,"{'learning_rate': 0.00029403425927794773, 'lr_reduce': 0.6}",TPESampler,COMPLETE
1113,0.0270369965583086,2025-04-26 02:32:29.112527,2025-04-26 02:35:03.045743,0 days 00:02:33.933216,0.07549415055935396,224,4,4,48,0.08418450806425604,224,2,3,112,0.21731065196088245,128,1,2,80,0.23777762098082544,112,328.0,456.0,3,1,0.00018124709252405,0.6,/work3/arnaou/checkpoints/groupgat_Tc_trial_1113_best_state.pt,"{'learning_rate': 0.00018124709252405, 'lr_reduce': 0.6}",TPESampler,COMPLETE
1114,0.016868937760591507,2025-04-26 02:32:41.057799,2025-04-26 02:35:22.395965,0 days 00:02:41.338166,0.05411786376709507,208,4,4,32,0.034808679004066784,256,1,3,96,0.18279785856328962,128,1,2,96,0.07841405761653787,40,112.0,432.0,3,1,0.0004621072835851828,0.6,/work3/arnaou/checkpoints/groupgat_Tc_trial_1114_best_state.pt,"{'learning_rate': 0.0004621072835851828, 'lr_reduce': 0.6}",TPESampler,COMPLETE
1115,0.01540709100663662,2025-04-26 02:34:03.675002,2025-04-26 02:36:28.310354,0 days 00:02:24.635352,0.011384336889981292,192,4,3,80,0.18818918829100803,256,1,4,96,0.25404686653303515,128,1,1,112,0.2965183740169111,64,64.0,344.0,3,2,0.0005928218004013561,0.6,/work3/arnaou/checkpoints/groupgat_Tc_trial_1115_best_state.pt,"{'learning_rate': 0.0005928218004013561, 'lr_reduce': 0.6}",TPESampler,COMPLETE
1116,0.02039935626089573,2025-04-26 02:35:03.274888,2025-04-26 02:37:29.595981,0 days 00:02:26.321093,0.07399023064287623,208,4,4,48,0.18462920509079223,256,1,2,128,0.2767507990634808,112,3,3,64,0.20816769557919398,248,144.0,464.0,3,2,0.00035956469796629044,0.6,/work3/arnaou/checkpoints/groupgat_Tc_trial_1116_best_state.pt,"{'learning_rate': 0.00035956469796629044, 'lr_reduce': 0.6}",TPESampler,COMPLETE
1117,0.017996376380324364,2025-04-26 02:35:22.616682,2025-04-26 02:37:36.296780,0 days 00:02:13.680098,0.05582376394914534,256,4,4,64,0.01607517709724705,256,2,3,128,0.11710891478964805,96,1,2,64,0.10935262939371682,88,360.0,512.0,3,1,0.00034694592594751965,0.6,/work3/arnaou/checkpoints/groupgat_Tc_trial_1117_best_state.pt,"{'learning_rate': 0.00034694592594751965, 'lr_reduce': 0.6}",TPESampler,COMPLETE
1118,0.01632159762084484,2025-04-26 02:36:28.665333,2025-04-26 02:38:25.015806,0 days 00:01:56.350473,0.021339801469562217,224,4,4,64,0.2660706438359506,256,2,2,128,0.14324998970643787,48,4,1,128,0.06967592070211541,88,72.0,,2,1,0.001033155023336839,0.6,/work3/arnaou/checkpoints/groupgat_Tc_trial_1118_best_state.pt,"{'learning_rate': 0.001033155023336839, 'lr_reduce': 0.6}",TPESampler,COMPLETE
1119,0.01831427402794361,2025-04-26 02:37:29.886493,2025-04-26 02:39:58.241971,0 days 00:02:28.355478,0.025450369106542504,144,2,4,48,0.014247183637271163,240,3,3,96,0.28730457426956624,112,4,2,128,0.23321835124758472,48,184.0,432.0,3,2,0.0007478659932290609,0.6,/work3/arnaou/checkpoints/groupgat_Tc_trial_1119_best_state.pt,"{'learning_rate': 0.0007478659932290609, 'lr_reduce': 0.6}",TPESampler,COMPLETE
1120,0.017658820375800133,2025-04-26 02:37:36.613064,2025-04-26 02:39:54.406660,0 days 00:02:17.793596,4.6892153006513476e-05,224,3,4,48,0.09516018199979101,208,2,3,128,0.19954504685709443,112,1,4,64,0.1564096975292376,248,112.0,,2,1,0.0002421382933330599,0.6,/work3/arnaou/checkpoints/groupgat_Tc_trial_1120_best_state.pt,"{'learning_rate': 0.0002421382933330599, 'lr_reduce': 0.6}",TPESampler,COMPLETE
1121,0.021737169474363327,2025-04-26 02:38:25.237914,2025-04-26 02:40:26.497123,0 days 00:02:01.259209,0.061346736012433865,240,4,2,32,0.05886836417752771,224,1,3,128,0.14149340999811394,112,1,3,80,0.23730378855721734,72,280.0,432.0,3,1,0.0013837750463405265,0.6,/work3/arnaou/checkpoints/groupgat_Tc_trial_1121_best_state.pt,"{'learning_rate': 0.0013837750463405265, 'lr_reduce': 0.6}",TPESampler,COMPLETE
1122,0.015839219093322754,2025-04-26 02:39:54.740652,2025-04-26 02:42:33.199060,0 days 00:02:38.458408,0.01636856506502869,240,3,4,64,0.04061485654197766,240,1,4,112,0.2119098147563761,128,2,1,80,0.2226361152629061,72,152.0,512.0,3,2,0.0006411871932766467,0.6,/work3/arnaou/checkpoints/groupgat_Tc_trial_1122_best_state.pt,"{'learning_rate': 0.0006411871932766467, 'lr_reduce': 0.6}",TPESampler,COMPLETE
1123,0.016782227903604507,2025-04-26 02:39:58.500149,2025-04-26 02:42:43.471051,0 days 00:02:44.970902,0.08109110112989373,144,3,3,96,0.11985420232302689,96,2,2,112,0.18065086117800916,96,4,1,112,0.23581121771450653,72,32.0,,2,2,0.001007494427316162,0.6,/work3/arnaou/checkpoints/groupgat_Tc_trial_1123_best_state.pt,"{'learning_rate': 0.001007494427316162, 'lr_reduce': 0.6}",TPESampler,COMPLETE
1124,0.020769670605659485,2025-04-26 02:40:26.965091,2025-04-26 02:42:31.761590,0 days 00:02:04.796499,0.04493933127536444,96,3,4,128,0.04896007192980594,176,1,2,64,0.2430125389213635,128,4,2,128,0.16557074790980875,128,360.0,496.0,3,2,0.0006834872297692493,0.6,/work3/arnaou/checkpoints/groupgat_Tc_trial_1124_best_state.pt,"{'learning_rate': 0.0006834872297692493, 'lr_reduce': 0.6}",TPESampler,COMPLETE
1125,0.01284137461334467,2025-04-26 02:42:32.297044,2025-04-26 02:44:42.740489,0 days 00:02:10.443445,0.020526450040063274,256,4,4,48,0.0383020736870967,224,1,3,128,0.22566052256654637,112,2,2,96,0.2843421326726669,32,96.0,400.0,3,2,0.0005344293638598711,0.6,/work3/arnaou/checkpoints/groupgat_Tc_trial_1125_best_state.pt,"{'learning_rate': 0.0005344293638598711, 'lr_reduce': 0.6}",TPESampler,COMPLETE
1126,0.018068252131342888,2025-04-26 02:42:33.443139,2025-04-26 02:44:52.071537,0 days 00:02:18.628398,0.0178237703676807,256,4,3,48,0.06799786053763596,256,1,4,112,0.19016887748468095,112,1,4,80,0.20559986612886963,192,128.0,416.0,3,1,0.0005077871992631423,0.6,/work3/arnaou/checkpoints/groupgat_Tc_trial_1126_best_state.pt,"{'learning_rate': 0.0005077871992631423, 'lr_reduce': 0.6}",TPESampler,COMPLETE
1127,0.015377242118120193,2025-04-26 02:42:44.399765,2025-04-26 02:45:31.567741,0 days 00:02:47.167976,0.002575839212103446,240,4,4,48,0.03702026664062505,256,1,3,128,0.15836643882734294,128,1,4,112,0.1352622391746641,168,80.0,472.0,3,1,0.0003680288493417171,0.6,/work3/arnaou/checkpoints/groupgat_Tc_trial_1127_best_state.pt,"{'learning_rate': 0.0003680288493417171, 'lr_reduce': 0.6}",TPESampler,COMPLETE
1128,0.01885068789124489,2025-04-26 02:44:43.085364,2025-04-26 02:46:39.021139,0 days 00:01:55.935775,0.0043758655656252875,160,4,3,48,0.11111055978478518,80,4,3,128,0.17849660193726874,48,4,1,80,0.14832269333748319,160,200.0,424.0,3,2,0.0026118605005443175,0.6,/work3/arnaou/checkpoints/groupgat_Tc_trial_1128_best_state.pt,"{'learning_rate': 0.0026118605005443175, 'lr_reduce': 0.6}",TPESampler,COMPLETE
1129,0.017398249357938766,2025-04-26 02:44:52.336919,2025-04-26 02:46:42.894054,0 days 00:01:50.557135,0.07584269828484994,192,3,4,32,0.04210982201761346,240,3,1,80,0.20169781176886664,128,3,2,128,0.20350117845443388,248,144.0,448.0,3,2,0.0005591774170738612,0.6,/work3/arnaou/checkpoints/groupgat_Tc_trial_1129_best_state.pt,"{'learning_rate': 0.0005591774170738612, 'lr_reduce': 0.6}",TPESampler,COMPLETE
1130,0.017829468473792076,2025-04-26 02:45:32.212333,2025-04-26 02:47:20.980103,0 days 00:01:48.767770,0.05510608099683151,144,3,4,64,0.27268350061939023,240,1,2,128,0.09788682530189662,64,2,1,96,0.06408058997247018,176,136.0,,2,2,0.0009554026172311133,0.6,/work3/arnaou/checkpoints/groupgat_Tc_trial_1130_best_state.pt,"{'learning_rate': 0.0009554026172311133, 'lr_reduce': 0.6}",TPESampler,COMPLETE
1131,0.029395660385489464,2025-04-26 02:46:39.315120,2025-04-26 02:49:21.069536,0 days 00:02:41.754416,0.03359551494257651,144,2,1,96,0.22504424921545518,240,2,2,48,0.2595073908601326,32,4,4,32,0.22074719400076043,512,128.0,368.0,3,2,0.005042655863032366,0.6,/work3/arnaou/checkpoints/groupgat_Tc_trial_1131_best_state.pt,"{'learning_rate': 0.005042655863032366, 'lr_reduce': 0.6}",TPESampler,COMPLETE
1132,0.02137315459549427,2025-04-26 02:46:43.258461,2025-04-26 02:48:41.587754,0 days 00:01:58.329293,0.0028909989296715035,208,1,1,80,0.09654793605921205,64,3,2,80,0.221844877000798,128,2,4,128,0.10212708945848979,160,152.0,456.0,3,2,0.00023215666989818469,0.6,/work3/arnaou/checkpoints/groupgat_Tc_trial_1132_best_state.pt,"{'learning_rate': 0.00023215666989818469, 'lr_reduce': 0.6}",TPESampler,COMPLETE
1133,0.015563460066914558,2025-04-26 02:47:21.246481,2025-04-26 02:49:19.705076,0 days 00:01:58.458595,0.00406156643610911,176,2,4,32,0.14999483901213334,160,1,4,96,0.26501110091738,128,4,2,128,0.20655379944769608,208,112.0,424.0,3,2,0.0002713963515231683,0.6,/work3/arnaou/checkpoints/groupgat_Tc_trial_1133_best_state.pt,"{'learning_rate': 0.0002713963515231683, 'lr_reduce': 0.6}",TPESampler,COMPLETE
1134,0.018857166171073914,2025-04-26 02:48:41.863777,2025-04-26 02:50:26.589201,0 days 00:01:44.725424,0.018863859986872636,256,4,3,48,0.014155443041314577,256,2,1,64,0.16714230620000609,96,4,3,112,0.24304631025835527,80,176.0,408.0,3,1,0.001070182147315249,0.6,/work3/arnaou/checkpoints/groupgat_Tc_trial_1134_best_state.pt,"{'learning_rate': 0.001070182147315249, 'lr_reduce': 0.6}",TPESampler,COMPLETE
1135,0.018063677474856377,2025-04-26 02:49:20.099293,2025-04-26 02:52:09.404673,0 days 00:02:49.305380,0.01625842170866542,256,4,4,32,0.1921614775938702,240,3,3,112,0.28374702226356635,112,3,3,80,0.19803657810638994,96,344.0,408.0,3,2,0.00018405403698310956,0.6,/work3/arnaou/checkpoints/groupgat_Tc_trial_1135_best_state.pt,"{'learning_rate': 0.00018405403698310956, 'lr_reduce': 0.6}",TPESampler,COMPLETE
1136,0.020676027983427048,2025-04-26 02:49:21.390648,2025-04-26 02:51:43.648484,0 days 00:02:22.257836,0.04725639574318107,224,4,4,48,0.061740471393463045,256,2,1,48,0.29942295917191614,80,3,3,96,0.1643917331617213,96,112.0,,2,2,0.00016751880719912223,0.6,/work3/arnaou/checkpoints/groupgat_Tc_trial_1136_best_state.pt,"{'learning_rate': 0.00016751880719912223, 'lr_reduce': 0.6}",TPESampler,COMPLETE
1137,0.018431810662150383,2025-04-26 02:50:26.983666,2025-04-26 02:52:02.446428,0 days 00:01:35.462762,0.04945657657791568,256,2,2,64,0.29887945606288335,240,1,3,112,0.19659548989189285,80,4,1,32,0.09277139627388609,160,392.0,448.0,3,2,0.0012412373250632186,0.6,/work3/arnaou/checkpoints/groupgat_Tc_trial_1137_best_state.pt,"{'learning_rate': 0.0012412373250632186, 'lr_reduce': 0.6}",TPESampler,COMPLETE
1138,0.023748094215989113,2025-04-26 02:51:43.973831,2025-04-26 02:53:35.431124,0 days 00:01:51.457293,0.008990393338848523,160,4,2,48,0.07208110240712758,112,4,4,112,0.2291408098422058,112,4,2,64,0.03618852218571736,72,112.0,400.0,3,1,0.0008547075387922149,0.6,/work3/arnaou/checkpoints/groupgat_Tc_trial_1138_best_state.pt,"{'learning_rate': 0.0008547075387922149, 'lr_reduce': 0.6}",TPESampler,COMPLETE
1139,0.016429400071501732,2025-04-26 02:52:02.727019,2025-04-26 02:54:24.226881,0 days 00:02:21.499862,0.014613557481754025,208,3,4,96,0.25197910320513767,256,2,1,112,0.2520104676498253,64,2,2,80,0.14076986740622388,104,168.0,,2,2,0.00043722030237582446,0.6,/work3/arnaou/checkpoints/groupgat_Tc_trial_1139_best_state.pt,"{'learning_rate': 0.00043722030237582446, 'lr_reduce': 0.6}",TPESampler,COMPLETE
1140,0.01896023191511631,2025-04-26 02:52:09.995509,2025-04-26 02:53:45.453368,0 days 00:01:35.457859,0.06432320298301128,256,4,4,48,0.05135226575995813,256,1,3,128,0.16157400469107283,128,1,3,80,0.1791726740169074,32,224.0,464.0,3,1,0.0013203460810200455,0.6,/work3/arnaou/checkpoints/groupgat_Tc_trial_1140_best_state.pt,"{'learning_rate': 0.0013203460810200455, 'lr_reduce': 0.6}",TPESampler,COMPLETE
1141,0.02179313823580742,2025-04-26 02:53:35.722080,2025-04-26 02:55:37.571334,0 days 00:02:01.849254,0.026947689340383784,208,4,4,64,0.0011957402579587106,224,1,3,128,0.20016990764938555,80,3,3,96,0.1893733831287879,32,328.0,,2,2,0.0026345701071595925,0.6,/work3/arnaou/checkpoints/groupgat_Tc_trial_1141_best_state.pt,"{'learning_rate': 0.0026345701071595925, 'lr_reduce': 0.6}",TPESampler,COMPLETE
1142,0.018802914768457413,2025-04-26 02:53:45.694345,2025-04-26 02:55:36.026030,0 days 00:01:50.331685,0.004547338522770459,112,1,2,32,0.1742620840967794,224,4,4,128,0.13644005206079296,96,4,1,112,0.10930133393531744,120,112.0,,2,2,0.0007881543181197957,0.6,/work3/arnaou/checkpoints/groupgat_Tc_trial_1142_best_state.pt,"{'learning_rate': 0.0007881543181197957, 'lr_reduce': 0.6}",TPESampler,COMPLETE
1143,0.022252313792705536,2025-04-26 02:54:24.459622,2025-04-26 02:56:21.467606,0 days 00:01:57.007984,0.01970979261501113,176,2,4,32,0.2674547345692645,144,2,4,112,0.09620500490655527,112,3,1,80,0.25993550386233166,160,384.0,392.0,3,2,0.0008829805499557632,0.6,/work3/arnaou/checkpoints/groupgat_Tc_trial_1143_best_state.pt,"{'learning_rate': 0.0008829805499557632, 'lr_reduce': 0.6}",TPESampler,COMPLETE
1144,0.021693667396903038,2025-04-26 02:55:36.334174,2025-04-26 02:57:48.821594,0 days 00:02:12.487420,0.07297675873334544,224,4,4,48,0.03808098044612267,240,1,3,128,0.22529969991140522,80,2,1,112,0.2810314118054923,88,456.0,,2,2,0.0001917365939965151,0.6,/work3/arnaou/checkpoints/groupgat_Tc_trial_1144_best_state.pt,"{'learning_rate': 0.0001917365939965151, 'lr_reduce': 0.6}",TPESampler,COMPLETE
1145,0.0180648323148489,2025-04-26 02:55:37.799559,2025-04-26 02:58:27.729865,0 days 00:02:49.930306,0.0008323251407218735,256,4,4,80,0.14260693514541628,240,1,4,112,0.28777726252579494,128,1,1,80,0.2907701606428977,144,160.0,352.0,3,2,0.00010498013325652173,0.6,/work3/arnaou/checkpoints/groupgat_Tc_trial_1145_best_state.pt,"{'learning_rate': 0.00010498013325652173, 'lr_reduce': 0.6}",TPESampler,COMPLETE
1146,0.021316323429346085,2025-04-26 02:56:21.822933,2025-04-26 02:58:13.797585,0 days 00:01:51.974652,0.10810199804109227,128,4,4,64,0.1302861071574261,256,1,4,112,0.2972288212856492,128,1,1,112,0.17586039637755713,80,104.0,,2,2,0.0006332937850839252,0.6,/work3/arnaou/checkpoints/groupgat_Tc_trial_1146_best_state.pt,"{'learning_rate': 0.0006332937850839252, 'lr_reduce': 0.6}",TPESampler,COMPLETE
1147,0.01538030058145523,2025-04-26 02:57:49.399899,2025-04-26 03:00:20.457747,0 days 00:02:31.057848,0.030831804149564053,256,3,4,64,0.04388271943471573,224,1,3,112,0.17496055816272368,128,2,3,112,0.2509977176566528,48,96.0,472.0,3,2,0.0008814207240412167,0.6,/work3/arnaou/checkpoints/groupgat_Tc_trial_1147_best_state.pt,"{'learning_rate': 0.0008814207240412167, 'lr_reduce': 0.6}",TPESampler,COMPLETE
1148,0.02478240802884102,2025-04-26 02:58:14.065221,2025-04-26 03:00:06.748961,0 days 00:01:52.683740,0.017201685115655525,224,2,3,64,0.2885308108418121,224,1,2,96,0.16905567623261009,64,1,2,80,0.028210309463785707,32,,,1,2,0.001800120938966299,0.6,/work3/arnaou/checkpoints/groupgat_Tc_trial_1148_best_state.pt,"{'learning_rate': 0.001800120938966299, 'lr_reduce': 0.6}",TPESampler,COMPLETE
1149,0.015722621232271194,2025-04-26 02:58:27.973997,2025-04-26 03:00:26.859027,0 days 00:01:58.885030,0.023229381721889097,128,3,2,32,0.07065114978579516,240,3,4,128,0.2854831351531035,48,4,1,112,0.17726710887538583,336,344.0,424.0,3,2,0.000972878576859651,0.6,/work3/arnaou/checkpoints/groupgat_Tc_trial_1149_best_state.pt,"{'learning_rate': 0.000972878576859651, 'lr_reduce': 0.6}",TPESampler,COMPLETE
1150,0.018446531146764755,2025-04-26 03:00:07.165413,2025-04-26 03:02:21.645666,0 days 00:02:14.480253,0.03571071790712184,240,3,2,32,0.29656828877667013,176,2,4,80,0.08386150311517904,96,4,2,64,0.14274336686693956,104,144.0,392.0,3,2,0.00213379262850574,0.6,/work3/arnaou/checkpoints/groupgat_Tc_trial_1150_best_state.pt,"{'learning_rate': 0.00213379262850574, 'lr_reduce': 0.6}",TPESampler,COMPLETE
1151,0.014976352453231812,2025-04-26 03:00:20.677535,2025-04-26 03:02:12.410458,0 days 00:01:51.732923,0.034561230335539636,224,3,4,64,0.1331691021306722,240,1,4,128,0.28332053931968715,128,1,1,64,0.2552087734494225,128,288.0,472.0,3,2,0.0008851336227373086,0.6,/work3/arnaou/checkpoints/groupgat_Tc_trial_1151_best_state.pt,"{'learning_rate': 0.0008851336227373086, 'lr_reduce': 0.6}",TPESampler,COMPLETE
1152,0.016006970778107643,2025-04-26 03:00:27.085524,2025-04-26 03:03:02.522204,0 days 00:02:35.436680,0.004977500580816598,240,4,4,48,0.1259059437830071,224,2,2,112,0.26750090872149607,96,2,3,80,0.1895757634790804,184,408.0,72.0,3,2,0.00024181932184728916,0.6,/work3/arnaou/checkpoints/groupgat_Tc_trial_1152_best_state.pt,"{'learning_rate': 0.00024181932184728916, 'lr_reduce': 0.6}",TPESampler,COMPLETE
1153,0.017538687214255333,2025-04-26 03:02:12.904426,2025-04-26 03:04:12.394787,0 days 00:01:59.490361,0.04399290763708751,224,4,4,32,0.09638000545979343,224,1,4,128,0.271568851229018,128,2,4,48,0.18728458382434238,152,176.0,,2,2,0.00039608188115166824,0.6,/work3/arnaou/checkpoints/groupgat_Tc_trial_1153_best_state.pt,"{'learning_rate': 0.00039608188115166824, 'lr_reduce': 0.6}",TPESampler,COMPLETE
1154,0.018729403614997864,2025-04-26 03:02:21.887743,2025-04-26 03:05:03.269193,0 days 00:02:41.381450,0.010006260603460432,256,2,4,64,0.007393123743970297,256,3,1,32,0.2787065580676012,80,4,3,112,0.2976842569805006,152,96.0,384.0,3,1,0.00013100257235334887,0.6,/work3/arnaou/checkpoints/groupgat_Tc_trial_1154_best_state.pt,"{'learning_rate': 0.00013100257235334887, 'lr_reduce': 0.6}",TPESampler,COMPLETE
1155,0.015069431625306606,2025-04-26 03:03:02.834914,2025-04-26 03:06:12.158300,0 days 00:03:09.323386,0.031623694182157325,240,4,4,32,0.008235843576032,176,1,4,112,0.28143598221725497,128,2,1,112,0.2967512659880956,40,136.0,384.0,3,2,0.00036883725970884623,0.6,/work3/arnaou/checkpoints/groupgat_Tc_trial_1155_best_state.pt,"{'learning_rate': 0.00036883725970884623, 'lr_reduce': 0.6}",TPESampler,COMPLETE
1156,0.025661490857601166,2025-04-26 03:04:12.778110,2025-04-26 03:06:35.006019,0 days 00:02:22.227909,0.09181337298887747,144,4,3,48,0.07961553212545919,256,1,4,128,0.23691378442286504,112,2,3,64,0.1793732642711331,112,368.0,400.0,3,2,0.00012739942935956482,0.6,/work3/arnaou/checkpoints/groupgat_Tc_trial_1156_best_state.pt,"{'learning_rate': 0.00012739942935956482, 'lr_reduce': 0.6}",TPESampler,COMPLETE
1157,0.014735352247953415,2025-04-26 03:05:03.551529,2025-04-26 03:07:21.878835,0 days 00:02:18.327306,0.022700054667174684,208,4,4,32,0.297182480115531,256,1,2,128,0.1354893532445758,80,4,2,112,0.07249812056801118,56,88.0,,2,2,0.0010390458079959479,0.6,/work3/arnaou/checkpoints/groupgat_Tc_trial_1157_best_state.pt,"{'learning_rate': 0.0010390458079959479, 'lr_reduce': 0.6}",TPESampler,COMPLETE
1158,0.01386141125112772,2025-04-26 03:06:12.446760,2025-04-26 03:08:26.234849,0 days 00:02:13.788089,0.011208186983354428,224,4,4,48,0.10109642952154207,256,1,3,128,0.27290646155029963,112,1,3,64,0.2832692492194567,184,232.0,32.0,3,2,0.00033619684809827615,0.6,/work3/arnaou/checkpoints/groupgat_Tc_trial_1158_best_state.pt,"{'learning_rate': 0.00033619684809827615, 'lr_reduce': 0.6}",TPESampler,COMPLETE
1159,0.01508816797286272,2025-04-26 03:06:35.280197,2025-04-26 03:08:49.078530,0 days 00:02:13.798333,0.025547830825290573,224,3,4,48,0.002684282944521896,256,4,2,48,0.29598834835895843,80,3,3,112,0.1416886303143695,104,440.0,32.0,3,1,0.0006781353477080571,0.6,/work3/arnaou/checkpoints/groupgat_Tc_trial_1159_best_state.pt,"{'learning_rate': 0.0006781353477080571, 'lr_reduce': 0.6}",TPESampler,COMPLETE
1160,0.014860146678984165,2025-04-26 03:07:22.220302,2025-04-26 03:09:37.198914,0 days 00:02:14.978612,0.01955695231599458,240,4,4,48,0.21170431942936319,160,2,2,128,0.26796341005216806,112,2,2,128,0.2697884368726985,88,144.0,32.0,3,2,0.0003618285257951045,0.6,/work3/arnaou/checkpoints/groupgat_Tc_trial_1160_best_state.pt,"{'learning_rate': 0.0003618285257951045, 'lr_reduce': 0.6}",TPESampler,COMPLETE
1161,0.01653345301747322,2025-04-26 03:08:26.574259,2025-04-26 03:10:52.391171,0 days 00:02:25.816912,0.02720775240774008,256,4,4,32,0.023498400948796013,240,2,2,112,0.20809498152281375,128,2,3,32,0.17656652264369677,120,88.0,376.0,3,1,0.00015402613257546456,0.6,/work3/arnaou/checkpoints/groupgat_Tc_trial_1161_best_state.pt,"{'learning_rate': 0.00015402613257546456, 'lr_reduce': 0.6}",TPESampler,COMPLETE
1162,0.019110508263111115,2025-04-26 03:08:49.362125,2025-04-26 03:10:49.259228,0 days 00:01:59.897103,0.048626843952607766,224,3,2,48,0.2935681284637846,176,3,4,96,0.15360910782309847,80,4,1,64,0.06406974826720774,264,184.0,448.0,3,2,0.0018121805940638127,0.6,/work3/arnaou/checkpoints/groupgat_Tc_trial_1162_best_state.pt,"{'learning_rate': 0.0018121805940638127, 'lr_reduce': 0.6}",TPESampler,COMPLETE
1163,0.014926483854651451,2025-04-26 03:09:37.475473,2025-04-26 03:11:55.060490,0 days 00:02:17.585017,0.041016959797003136,224,4,4,32,0.012884003993595336,160,1,4,128,0.21421591902363057,128,2,3,48,0.09660151907918478,80,344.0,504.0,3,1,0.0002819247300473621,0.6,/work3/arnaou/checkpoints/groupgat_Tc_trial_1163_best_state.pt,"{'learning_rate': 0.0002819247300473621, 'lr_reduce': 0.6}",TPESampler,COMPLETE
