number,value,datetime_start,datetime_complete,duration,params_L1_dropout,params_L1_hidden_dim,params_L1_layers_atom,params_L1_layers_mol,params_L1_out_dim,params_L2_dropout,params_L2_hidden_dim,params_L2_layers_atom,params_L2_layers_mol,params_L2_out_dim,params_L3_dropout,params_L3_hidden_dim,params_L3_layers_atom,params_L3_layers_mol,params_L3_out_dim,params_final_dropout,params_mlp_dim_0,params_mlp_dim_1,params_mlp_dim_2,params_n_mlp_layers,params_num_heads,params_train_learning_rate,params_train_lr_reduce,user_attrs_best_state_dict_path,user_attrs_training_params,system_attrs_auto:sampler,state
953,0.017676765099167824,2025-04-26 00:32:57.071952,2025-04-26 00:35:23.523092,0 days 00:02:26.451140,0.01915736225268236,256,2,1,64,0.08898452056678312,256,4,4,128,0.1505238661576504,64,4,2,48,0.131037637960988,64,216.0,336.0,3,2,0.0005821238612207512,0.6,/work3/arnaou/checkpoints/groupgat_Tc_trial_953_best_state.pt,"{'learning_rate': 0.0005821238612207512, 'lr_reduce': 0.6}",TPESampler,COMPLETE
954,0.019533012062311172,2025-04-26 00:33:51.354630,2025-04-26 00:35:58.469045,0 days 00:02:07.114415,0.029083787366212366,112,3,3,80,0.09543152301839028,128,2,2,112,0.29514003514214,96,3,2,96,0.16816982531483626,32,120.0,80.0,3,2,0.0011242338536431404,0.6,/work3/arnaou/checkpoints/groupgat_Tc_trial_954_best_state.pt,"{'learning_rate': 0.0011242338536431404, 'lr_reduce': 0.6}",TPESampler,COMPLETE
955,0.025422358885407448,2025-04-26 00:34:10.423783,2025-04-26 00:36:11.778251,0 days 00:02:01.354468,0.040990253537720484,176,4,3,64,0.05549908448511287,80,3,4,80,0.14790475451208132,48,4,1,96,0.08342108199886424,208,336.0,232.0,3,1,0.003435158201764482,0.6,/work3/arnaou/checkpoints/groupgat_Tc_trial_955_best_state.pt,"{'learning_rate': 0.003435158201764482, 'lr_reduce': 0.6}",TPESampler,COMPLETE
956,0.017929594963788986,2025-04-26 00:35:23.867870,2025-04-26 00:37:23.419882,0 days 00:01:59.552012,0.03933229289996333,192,4,4,32,0.07786150573592722,128,4,3,32,0.2343549721868708,96,4,2,128,0.2705093293086462,152,80.0,280.0,3,2,0.0007805809993701258,0.6,/work3/arnaou/checkpoints/groupgat_Tc_trial_956_best_state.pt,"{'learning_rate': 0.0007805809993701258, 'lr_reduce': 0.6}",TPESampler,COMPLETE
957,0.019255472347140312,2025-04-26 00:35:58.773843,2025-04-26 00:37:59.881701,0 days 00:02:01.107858,0.014659151134647665,224,2,3,32,0.010811020168994507,160,2,4,96,0.20887801701385877,128,4,1,80,0.1575565797436798,104,168.0,168.0,3,2,0.0006547152507180697,0.6,/work3/arnaou/checkpoints/groupgat_Tc_trial_957_best_state.pt,"{'learning_rate': 0.0006547152507180697, 'lr_reduce': 0.6}",TPESampler,COMPLETE
958,0.01848016493022442,2025-04-26 00:36:11.990675,2025-04-26 00:37:34.760602,0 days 00:01:22.769927,0.06068823687907663,176,3,2,64,0.1263989562960892,224,3,4,128,0.13346348454768125,32,4,2,96,0.062262845559720705,128,400.0,80.0,3,1,0.0033573654953623186,0.6,/work3/arnaou/checkpoints/groupgat_Tc_trial_958_best_state.pt,"{'learning_rate': 0.0033573654953623186, 'lr_reduce': 0.6}",TPESampler,COMPLETE
959,0.01631137728691101,2025-04-26 00:37:23.753747,2025-04-26 00:39:49.260661,0 days 00:02:25.506914,0.009790842125508813,160,2,4,48,0.009509761622798034,112,2,2,48,0.2513558431210951,112,4,3,128,0.22097309177140817,232,128.0,128.0,3,2,0.00038461518076337003,0.6,/work3/arnaou/checkpoints/groupgat_Tc_trial_959_best_state.pt,"{'learning_rate': 0.00038461518076337003, 'lr_reduce': 0.6}",TPESampler,COMPLETE
960,0.013262171298265457,2025-04-26 00:37:35.097324,2025-04-26 00:39:50.361722,0 days 00:02:15.264398,0.01667429816216613,224,3,4,96,0.2714737847815406,224,1,1,96,0.1741248396946897,64,2,2,112,0.06440842946625747,40,80.0,,2,2,0.0009346220552309104,0.6,/work3/arnaou/checkpoints/groupgat_Tc_trial_960_best_state.pt,"{'learning_rate': 0.0009346220552309104, 'lr_reduce': 0.6}",TPESampler,COMPLETE
961,0.028300782665610313,2025-04-26 00:38:00.144390,2025-04-26 00:40:55.321882,0 days 00:02:55.177492,0.02149285429580925,128,4,4,112,0.13215276520967034,128,1,2,112,0.19779874455592386,112,4,2,112,0.1581648075405316,32,360.0,224.0,3,2,0.0057234715937188665,0.6,/work3/arnaou/checkpoints/groupgat_Tc_trial_961_best_state.pt,"{'learning_rate': 0.0057234715937188665, 'lr_reduce': 0.6}",TPESampler,COMPLETE
962,0.013842247426509857,2025-04-26 00:39:49.625736,2025-04-26 00:41:49.001336,0 days 00:01:59.375600,0.027024940145742107,224,4,4,64,0.2859912694306355,240,2,2,128,0.18830005704025318,80,3,1,112,0.05171266492081454,96,64.0,312.0,3,2,0.000570675387116516,0.6,/work3/arnaou/checkpoints/groupgat_Tc_trial_962_best_state.pt,"{'learning_rate': 0.000570675387116516, 'lr_reduce': 0.6}",TPESampler,COMPLETE
963,0.018992846831679344,2025-04-26 00:39:50.667453,2025-04-26 00:41:53.712943,0 days 00:02:03.045490,0.03031731951538877,208,3,3,80,0.06569680142798794,240,3,1,32,0.2845725455429923,80,3,2,112,0.2298055969187502,136,72.0,72.0,3,1,0.0001725796891974272,0.6,/work3/arnaou/checkpoints/groupgat_Tc_trial_963_best_state.pt,"{'learning_rate': 0.0001725796891974272, 'lr_reduce': 0.6}",TPESampler,COMPLETE
964,0.016533982008695602,2025-04-26 00:40:55.643068,2025-04-26 00:42:31.616745,0 days 00:01:35.973677,0.06665897370756377,240,3,3,96,0.17221709421038295,208,2,1,96,0.2988209273249478,64,2,2,96,0.026320744979010234,32,80.0,,2,2,0.0012194980565452347,0.6,/work3/arnaou/checkpoints/groupgat_Tc_trial_964_best_state.pt,"{'learning_rate': 0.0012194980565452347, 'lr_reduce': 0.6}",TPESampler,COMPLETE
965,0.018647121265530586,2025-04-26 00:41:49.330364,2025-04-26 00:44:33.388568,0 days 00:02:44.058204,0.006936267235502386,224,2,3,96,0.26363346957816586,192,1,1,128,0.20703612263746474,48,2,3,112,0.11222249009560264,96,56.0,352.0,3,2,0.0014626522041327717,0.6,/work3/arnaou/checkpoints/groupgat_Tc_trial_965_best_state.pt,"{'learning_rate': 0.0014626522041327717, 'lr_reduce': 0.6}",TPESampler,COMPLETE
966,0.01613563299179077,2025-04-26 00:41:54.053699,2025-04-26 00:43:43.692658,0 days 00:01:49.638959,0.012590423646530246,256,3,3,96,0.20549856265691174,240,1,2,112,0.08295666684836256,48,3,1,112,0.07393297517166565,56,48.0,,2,2,0.0009281507754788838,0.6,/work3/arnaou/checkpoints/groupgat_Tc_trial_966_best_state.pt,"{'learning_rate': 0.0009281507754788838, 'lr_reduce': 0.6}",TPESampler,COMPLETE
967,0.0172389168292284,2025-04-26 00:42:31.866792,2025-04-26 00:44:55.241272,0 days 00:02:23.374480,0.003222208790944571,240,2,4,112,0.18303295660440524,224,1,1,96,0.1923758869515969,64,4,2,128,0.10476818643729652,80,40.0,,2,2,0.003008934298043081,0.6,/work3/arnaou/checkpoints/groupgat_Tc_trial_967_best_state.pt,"{'learning_rate': 0.003008934298043081, 'lr_reduce': 0.6}",TPESampler,COMPLETE
968,0.014006566256284714,2025-04-26 00:43:44.028138,2025-04-26 00:45:30.533013,0 days 00:01:46.504875,0.031520457908851676,224,3,4,96,0.2853235669536956,224,1,1,96,0.13027750869769256,48,1,3,80,0.0909757648319239,168,80.0,,2,2,0.0008220353879873829,0.6,/work3/arnaou/checkpoints/groupgat_Tc_trial_968_best_state.pt,"{'learning_rate': 0.0008220353879873829, 'lr_reduce': 0.6}",TPESampler,COMPLETE
969,0.014562846161425114,2025-04-26 00:44:34.159642,2025-04-26 00:46:27.232257,0 days 00:01:53.072615,0.022533845193963946,224,4,4,112,0.2464584530844169,224,2,1,128,0.09724589065265216,64,1,1,128,0.08937272565760776,48,40.0,328.0,3,2,0.0013901462000403526,0.6,/work3/arnaou/checkpoints/groupgat_Tc_trial_969_best_state.pt,"{'learning_rate': 0.0013901462000403526, 'lr_reduce': 0.6}",TPESampler,COMPLETE
970,0.017825143411755562,2025-04-26 00:44:55.544443,2025-04-26 00:47:48.461171,0 days 00:02:52.916728,0.031881954527131405,208,4,3,64,0.1296733534912815,176,3,4,64,0.27263072703604657,96,4,2,112,0.20641320239921315,328,112.0,320.0,3,2,0.0007701881552377441,0.6,/work3/arnaou/checkpoints/groupgat_Tc_trial_970_best_state.pt,"{'learning_rate': 0.0007701881552377441, 'lr_reduce': 0.6}",TPESampler,COMPLETE
971,0.017004914581775665,2025-04-26 00:45:30.809404,2025-04-26 00:47:21.766956,0 days 00:01:50.957552,0.049798858376754525,240,3,4,96,0.22212335141448808,256,1,2,112,0.1523584130569322,128,2,1,96,0.12899143880346137,96,88.0,,2,1,0.0006378215975022631,0.6,/work3/arnaou/checkpoints/groupgat_Tc_trial_971_best_state.pt,"{'learning_rate': 0.0006378215975022631, 'lr_reduce': 0.6}",TPESampler,COMPLETE
972,0.02133770100772381,2025-04-26 00:46:27.542518,2025-04-26 00:49:12.966508,0 days 00:02:45.423990,0.10308555827422908,208,4,3,32,0.18929385211178876,240,2,1,112,0.21118262654567108,64,3,1,112,0.014213529668373852,232,72.0,,2,2,0.00036976796270673325,0.6,/work3/arnaou/checkpoints/groupgat_Tc_trial_972_best_state.pt,"{'learning_rate': 0.00036976796270673325, 'lr_reduce': 0.6}",TPESampler,COMPLETE
973,0.019162381067872047,2025-04-26 00:47:22.039349,2025-04-26 00:49:23.580771,0 days 00:02:01.541422,0.025593826209074723,240,3,4,48,0.29542671334187043,144,3,4,96,0.07454339120031958,112,3,1,48,0.1289277039201479,224,32.0,296.0,3,2,0.00048584730254902573,0.6,/work3/arnaou/checkpoints/groupgat_Tc_trial_973_best_state.pt,"{'learning_rate': 0.00048584730254902573, 'lr_reduce': 0.6}",TPESampler,COMPLETE
974,0.01646474562585354,2025-04-26 00:47:49.058346,2025-04-26 00:50:00.071907,0 days 00:02:11.013561,0.0024077504032774446,240,3,4,64,0.03518849764769377,256,2,2,48,0.19285807882689815,80,3,4,96,0.13022012180533787,256,120.0,328.0,3,1,0.00042279980689978117,0.6,/work3/arnaou/checkpoints/groupgat_Tc_trial_974_best_state.pt,"{'learning_rate': 0.00042279980689978117, 'lr_reduce': 0.6}",TPESampler,COMPLETE
975,0.018244899809360504,2025-04-26 00:49:13.267973,2025-04-26 00:51:06.740166,0 days 00:01:53.472193,0.07740884753823453,240,4,4,80,0.024386044079647486,240,3,1,64,0.25325170561150506,80,2,3,112,0.18904641008995487,128,112.0,384.0,3,1,0.00023436432585775428,0.6,/work3/arnaou/checkpoints/groupgat_Tc_trial_975_best_state.pt,"{'learning_rate': 0.00023436432585775428, 'lr_reduce': 0.6}",TPESampler,COMPLETE
976,0.015367060899734497,2025-04-26 00:49:23.929170,2025-04-26 00:51:21.363693,0 days 00:01:57.434523,0.004670790682920409,224,4,4,48,0.12587459741074097,144,1,3,128,0.2652341118185378,96,2,2,80,0.2511490384480142,64,80.0,288.0,3,2,0.00031101613613753045,0.6,/work3/arnaou/checkpoints/groupgat_Tc_trial_976_best_state.pt,"{'learning_rate': 0.00031101613613753045, 'lr_reduce': 0.6}",TPESampler,COMPLETE
977,0.015452660620212555,2025-04-26 00:50:00.350106,2025-04-26 00:52:26.111820,0 days 00:02:25.761714,0.0021815096602690546,176,3,4,112,0.22416821413648402,224,2,1,80,0.22312372493469548,64,2,2,128,0.07857705519104607,48,,,1,2,0.0008408727267720707,0.6,/work3/arnaou/checkpoints/groupgat_Tc_trial_977_best_state.pt,"{'learning_rate': 0.0008408727267720707, 'lr_reduce': 0.6}",TPESampler,COMPLETE
978,0.018024081364274025,2025-04-26 00:51:07.069063,2025-04-26 00:52:42.023585,0 days 00:01:34.954522,0.047153008032243975,208,2,4,48,0.07843420869493728,176,1,4,80,0.2904190498712476,112,4,3,128,0.12223989345023448,216,160.0,344.0,3,2,0.0019275190807561836,0.6,/work3/arnaou/checkpoints/groupgat_Tc_trial_978_best_state.pt,"{'learning_rate': 0.0019275190807561836, 'lr_reduce': 0.6}",TPESampler,COMPLETE
979,0.015109562315046787,2025-04-26 00:51:21.617914,2025-04-26 00:53:27.657767,0 days 00:02:06.039853,0.06441763135938029,240,4,3,48,0.2781335290559099,240,2,2,96,0.17376760029617228,80,4,1,96,0.0462266490454339,96,32.0,256.0,3,2,0.0007000739927441775,0.6,/work3/arnaou/checkpoints/groupgat_Tc_trial_979_best_state.pt,"{'learning_rate': 0.0007000739927441775, 'lr_reduce': 0.6}",TPESampler,COMPLETE
980,0.17652174830436707,2025-04-26 00:52:26.369632,2025-04-26 00:53:05.578364,0 days 00:00:39.208732,0.03003013223618042,256,4,1,32,0.1942486183296489,144,3,4,80,0.1619015654971833,80,4,1,80,0.17725435518661492,112,96.0,312.0,3,1,0.0015934801262633641,0.6,/work3/arnaou/checkpoints/groupgat_Tc_trial_980_best_state.pt,"{'learning_rate': 0.0015934801262633641, 'lr_reduce': 0.6}",TPESampler,COMPLETE
981,0.017786547541618347,2025-04-26 00:52:42.542112,2025-04-26 00:54:50.187767,0 days 00:02:07.645655,0.08186390755157849,256,4,4,64,0.11823972928033452,208,2,3,128,0.20228006258212888,128,3,1,80,0.2781942823737179,56,136.0,272.0,3,1,0.00044093949672207206,0.6,/work3/arnaou/checkpoints/groupgat_Tc_trial_981_best_state.pt,"{'learning_rate': 0.00044093949672207206, 'lr_reduce': 0.6}",TPESampler,COMPLETE
982,0.023586595430970192,2025-04-26 00:53:05.852158,2025-04-26 00:55:19.581167,0 days 00:02:13.729009,0.03170141918125001,224,4,4,48,0.27408853495779817,240,2,3,128,0.17153958233804406,64,3,1,128,0.048036850220650094,96,96.0,288.0,3,2,0.00016472423712662944,0.6,/work3/arnaou/checkpoints/groupgat_Tc_trial_982_best_state.pt,"{'learning_rate': 0.00016472423712662944, 'lr_reduce': 0.6}",TPESampler,COMPLETE
983,0.01948460005223751,2025-04-26 00:53:27.981143,2025-04-26 00:55:14.977581,0 days 00:01:46.996438,0.06410879119261925,256,4,4,48,0.09332095898148651,192,1,3,128,0.25121943032293925,128,3,2,80,0.2448144268144396,56,200.0,392.0,3,2,0.0010591606067823843,0.6,/work3/arnaou/checkpoints/groupgat_Tc_trial_983_best_state.pt,"{'learning_rate': 0.0010591606067823843, 'lr_reduce': 0.6}",TPESampler,COMPLETE
984,0.015261667780578136,2025-04-26 00:54:50.423630,2025-04-26 00:57:10.571734,0 days 00:02:20.148104,0.01900416387698849,128,3,4,96,0.15416678775498693,224,1,1,112,0.12587373568450982,96,2,2,128,0.12818847822361631,112,256.0,240.0,3,2,0.000488888912925023,0.6,/work3/arnaou/checkpoints/groupgat_Tc_trial_984_best_state.pt,"{'learning_rate': 0.000488888912925023, 'lr_reduce': 0.6}",TPESampler,COMPLETE
985,0.014492158778011799,2025-04-26 00:55:15.266944,2025-04-26 00:57:50.163965,0 days 00:02:34.897021,0.00921927030903273,192,4,4,32,0.2830913599875491,208,3,4,128,0.07511075385574928,80,4,1,64,0.23147944060671216,160,144.0,344.0,3,2,0.0003012501696362168,0.6,/work3/arnaou/checkpoints/groupgat_Tc_trial_985_best_state.pt,"{'learning_rate': 0.0003012501696362168, 'lr_reduce': 0.6}",TPESampler,COMPLETE
986,0.016883861273527145,2025-04-26 00:55:19.949374,2025-04-26 00:57:12.796948,0 days 00:01:52.847574,0.002116196962352013,144,3,4,32,0.14197936401860378,224,3,2,64,0.20164545119301908,96,4,2,112,0.2506138565128331,96,80.0,280.0,3,2,0.0007676845464779491,0.6,/work3/arnaou/checkpoints/groupgat_Tc_trial_986_best_state.pt,"{'learning_rate': 0.0007676845464779491, 'lr_reduce': 0.6}",TPESampler,COMPLETE
987,0.01561022363603115,2025-04-26 00:57:10.854711,2025-04-26 00:59:11.265936,0 days 00:02:00.411225,0.021652953002915327,208,2,4,112,0.2525366766968952,176,1,1,96,0.2380877683738416,64,2,3,80,0.0016495957083689783,72,120.0,,2,2,0.0012174405230175394,0.6,/work3/arnaou/checkpoints/groupgat_Tc_trial_987_best_state.pt,"{'learning_rate': 0.0012174405230175394, 'lr_reduce': 0.6}",TPESampler,COMPLETE
988,0.016853317618370056,2025-04-26 00:57:13.107952,2025-04-26 00:59:04.372670,0 days 00:01:51.264718,0.08889790821755025,176,4,3,64,0.23431204992981988,176,2,2,128,0.1871451380548594,80,1,1,128,0.12064703550802551,64,168.0,184.0,3,2,0.0030636712819371178,0.6,/work3/arnaou/checkpoints/groupgat_Tc_trial_988_best_state.pt,"{'learning_rate': 0.0030636712819371178, 'lr_reduce': 0.6}",TPESampler,COMPLETE
989,0.013454526662826538,2025-04-26 00:57:50.678400,2025-04-26 01:01:04.543316,0 days 00:03:13.864916,0.0001655702222710699,256,4,4,48,0.13293985587357762,240,2,3,112,0.28362142994746836,96,2,3,64,0.24704251902675628,96,72.0,240.0,3,2,0.00020704332002518367,0.6,/work3/arnaou/checkpoints/groupgat_Tc_trial_989_best_state.pt,"{'learning_rate': 0.00020704332002518367, 'lr_reduce': 0.6}",TPESampler,COMPLETE
990,0.017971869558095932,2025-04-26 00:59:04.605306,2025-04-26 01:01:10.722327,0 days 00:02:06.117021,0.03662633020145878,176,2,2,48,0.07848642367535881,240,3,3,128,0.22185950876709987,64,4,1,64,0.11633588555298206,216,120.0,,2,2,0.0006132369154301803,0.6,/work3/arnaou/checkpoints/groupgat_Tc_trial_990_best_state.pt,"{'learning_rate': 0.0006132369154301803, 'lr_reduce': 0.6}",TPESampler,COMPLETE
991,0.021246355026960373,2025-04-26 00:59:11.494607,2025-04-26 01:00:55.308932,0 days 00:01:43.814325,0.008679834559408767,128,3,4,96,0.023047891676462283,112,1,1,96,0.24599328162099174,112,4,2,96,0.23421796747674778,152,64.0,320.0,3,1,0.0018933683678865223,0.6,/work3/arnaou/checkpoints/groupgat_Tc_trial_991_best_state.pt,"{'learning_rate': 0.0018933683678865223, 'lr_reduce': 0.6}",TPESampler,COMPLETE
992,0.025978364050388336,2025-04-26 01:00:55.716808,2025-04-26 01:02:48.608409,0 days 00:01:52.891601,0.042978893511629895,128,1,2,32,0.07316100768860562,128,4,3,64,0.29567214948371556,128,4,3,128,0.1848156225186242,208,160.0,272.0,3,2,0.0010368182070961411,0.6,/work3/arnaou/checkpoints/groupgat_Tc_trial_992_best_state.pt,"{'learning_rate': 0.0010368182070961411, 'lr_reduce': 0.6}",TPESampler,COMPLETE
993,0.01961643248796463,2025-04-26 01:01:04.858700,2025-04-26 01:03:06.308309,0 days 00:02:01.449609,0.04651713439699365,192,3,4,80,0.2700470109614694,192,3,2,112,0.2025980793510515,80,3,1,112,0.09896307131330548,104,64.0,264.0,3,2,0.0024142415128932952,0.6,/work3/arnaou/checkpoints/groupgat_Tc_trial_993_best_state.pt,"{'learning_rate': 0.0024142415128932952, 'lr_reduce': 0.6}",TPESampler,COMPLETE
994,0.023526187986135483,2025-04-26 01:01:11.010556,2025-04-26 01:04:12.899290,0 days 00:03:01.888734,0.014112779221596811,208,4,4,64,0.18590015477009803,224,1,3,96,0.2364704139834432,80,1,3,80,0.20261615236652541,184,32.0,,2,2,0.0001251271968506755,0.6,/work3/arnaou/checkpoints/groupgat_Tc_trial_994_best_state.pt,"{'learning_rate': 0.0001251271968506755, 'lr_reduce': 0.6}",TPESampler,COMPLETE
995,0.019180413335561752,2025-04-26 01:02:49.037728,2025-04-26 01:05:10.884332,0 days 00:02:21.846604,0.05630353630407056,224,1,3,64,0.2752870448398476,256,2,1,80,0.10610065719240774,80,1,3,96,0.0097259115597738,72,64.0,,2,2,0.00032504987060481307,0.6,/work3/arnaou/checkpoints/groupgat_Tc_trial_995_best_state.pt,"{'learning_rate': 0.00032504987060481307, 'lr_reduce': 0.6}",TPESampler,COMPLETE
996,0.014375903643667698,2025-04-26 01:03:06.806276,2025-04-26 01:05:20.202114,0 days 00:02:13.395838,0.006579931917027514,240,3,4,80,0.20328782965641623,256,3,1,96,0.27603624259004644,96,2,4,64,0.20068743301265493,32,64.0,256.0,3,2,0.0003139777780119506,0.6,/work3/arnaou/checkpoints/groupgat_Tc_trial_996_best_state.pt,"{'learning_rate': 0.0003139777780119506, 'lr_reduce': 0.6}",TPESampler,COMPLETE
997,0.019839728251099586,2025-04-26 01:04:13.127131,2025-04-26 01:06:22.176766,0 days 00:02:09.049635,0.057634489895546606,256,4,4,32,0.1497319394663769,208,2,3,96,0.2158415456917953,64,2,3,64,0.1559033367203322,200,40.0,296.0,3,2,0.00018286024954075296,0.6,/work3/arnaou/checkpoints/groupgat_Tc_trial_997_best_state.pt,"{'learning_rate': 0.00018286024954075296, 'lr_reduce': 0.6}",TPESampler,COMPLETE
998,0.015158494934439659,2025-04-26 01:05:11.141147,2025-04-26 01:07:36.831104,0 days 00:02:25.689957,0.03708142423805608,240,4,4,48,0.1292234826248761,208,1,2,112,0.19363099736385064,80,2,4,64,0.2910442227697738,72,96.0,240.0,3,2,0.00042662281493370134,0.6,/work3/arnaou/checkpoints/groupgat_Tc_trial_998_best_state.pt,"{'learning_rate': 0.00042662281493370134, 'lr_reduce': 0.6}",TPESampler,COMPLETE
999,0.017326831817626953,2025-04-26 01:05:20.557301,2025-04-26 01:08:08.545054,0 days 00:02:47.987753,0.041673392474814316,144,4,2,32,0.12165121783946344,112,4,4,96,0.12239935396594079,32,4,1,64,0.08633316300773629,248,296.0,344.0,3,1,0.00130281433080523,0.6,/work3/arnaou/checkpoints/groupgat_Tc_trial_999_best_state.pt,"{'learning_rate': 0.00130281433080523, 'lr_reduce': 0.6}",TPESampler,COMPLETE
1000,0.06382187455892563,2025-04-26 01:06:22.466330,2025-04-26 01:08:08.544392,0 days 00:01:46.078062,0.07103578849968434,240,4,4,80,0.25704008976899434,176,1,4,112,0.2318146997804898,48,2,2,128,0.09254569394228605,200,32.0,,2,1,0.00025022554817061813,0.6,/work3/arnaou/checkpoints/groupgat_Tc_trial_1000_best_state.pt,"{'learning_rate': 0.00025022554817061813, 'lr_reduce': 0.6}",TPESampler,COMPLETE
1001,0.014274632558226585,2025-04-26 01:07:37.204781,2025-04-26 01:09:23.695458,0 days 00:01:46.490677,0.0072739352744062465,256,4,4,64,0.2341626263671701,240,3,2,128,0.2255303371281627,96,3,1,96,0.12629094604406574,160,200.0,296.0,3,2,0.0009001796708010875,0.6,/work3/arnaou/checkpoints/groupgat_Tc_trial_1001_best_state.pt,"{'learning_rate': 0.0009001796708010875, 'lr_reduce': 0.6}",TPESampler,COMPLETE
1002,0.021948082372546196,2025-04-26 01:08:08.708160,2025-04-26 01:10:01.747453,0 days 00:01:53.039293,0.05767148592299025,256,3,2,48,0.2862098576782516,160,2,4,112,0.1469564106243003,96,4,1,64,0.20901439597004765,136,320.0,,2,2,0.000823273257402443,0.6,/work3/arnaou/checkpoints/groupgat_Tc_trial_1002_best_state.pt,"{'learning_rate': 0.000823273257402443, 'lr_reduce': 0.6}",TPESampler,COMPLETE
1003,0.01734803058207035,2025-04-26 01:08:08.765209,2025-04-26 01:10:21.143396,0 days 00:02:12.378187,0.026341186425475283,224,2,3,48,0.12329282260258775,160,3,2,80,0.2855781354048449,96,3,3,128,0.20087659540824043,88,104.0,248.0,3,2,0.0002796954337334654,0.6,/work3/arnaou/checkpoints/groupgat_Tc_trial_1003_best_state.pt,"{'learning_rate': 0.0002796954337334654, 'lr_reduce': 0.6}",TPESampler,COMPLETE
1004,0.022556904703378677,2025-04-26 01:09:23.945192,2025-04-26 01:11:18.871889,0 days 00:01:54.926697,0.013886811721088133,192,3,3,32,0.2606906089017324,160,2,4,128,0.0071812633503335055,96,4,1,96,0.119152106411994,264,88.0,296.0,3,2,0.00032615568247837396,0.6,/work3/arnaou/checkpoints/groupgat_Tc_trial_1004_best_state.pt,"{'learning_rate': 0.00032615568247837396, 'lr_reduce': 0.6}",TPESampler,COMPLETE
1005,0.01685570366680622,2025-04-26 01:10:02.040504,2025-04-26 01:11:54.210401,0 days 00:01:52.169897,0.0473883208137469,256,2,3,96,0.2472817260703248,208,1,2,64,0.17565537623229158,48,3,2,128,0.02807194079986379,120,144.0,240.0,3,2,0.000660186765753067,0.6,/work3/arnaou/checkpoints/groupgat_Tc_trial_1005_best_state.pt,"{'learning_rate': 0.000660186765753067, 'lr_reduce': 0.6}",TPESampler,COMPLETE
