number,value,datetime_start,datetime_complete,duration,params_L1_dropout,params_L1_hidden_dim,params_L1_layers_atom,params_L1_layers_mol,params_L1_out_dim,params_L2_dropout,params_L2_hidden_dim,params_L2_layers_atom,params_L2_layers_mol,params_L2_out_dim,params_L3_dropout,params_L3_hidden_dim,params_L3_layers_atom,params_L3_layers_mol,params_L3_out_dim,params_final_dropout,params_mlp_dim_0,params_mlp_dim_1,params_mlp_dim_2,params_n_mlp_layers,params_num_heads,params_train_learning_rate,params_train_lr_reduce,user_attrs_best_state_dict_path,user_attrs_training_params,system_attrs_auto:sampler,state
741,0.017889125272631645,2025-04-25 22:00:10.753538,2025-04-25 22:02:42.049329,0 days 00:02:31.295791,0.027101934774398987,176,2,3,32,0.06004869154267906,256,2,2,80,0.2440642907392552,96,4,2,128,0.26507306536421793,272,176.0,80.0,3,2,0.0003959472410344634,0.6,/work3/arnaou/checkpoints/groupgat_Tc_trial_741_best_state.pt,"{'learning_rate': 0.0003959472410344634, 'lr_reduce': 0.6}",TPESampler,COMPLETE
742,0.015419199131429195,2025-04-25 22:01:36.507316,2025-04-25 22:03:38.789518,0 days 00:02:02.282202,0.004304868180027236,240,4,4,64,0.17027008621684553,192,1,3,80,0.19796860242133732,64,2,3,112,0.1545823665502419,496,192.0,32.0,3,2,0.0005680181853126082,0.6,/work3/arnaou/checkpoints/groupgat_Tc_trial_742_best_state.pt,"{'learning_rate': 0.0005680181853126082, 'lr_reduce': 0.6}",TPESampler,COMPLETE
743,0.015538760460913181,2025-04-25 22:02:28.830743,2025-04-25 22:04:28.614250,0 days 00:01:59.783507,0.057283315967202666,144,3,4,64,0.08359496639038172,224,2,1,48,0.20123670281606315,96,3,3,96,0.2406518596476479,144,192.0,88.0,3,1,0.000667138967934757,0.6,/work3/arnaou/checkpoints/groupgat_Tc_trial_743_best_state.pt,"{'learning_rate': 0.000667138967934757, 'lr_reduce': 0.6}",TPESampler,COMPLETE
744,0.018761910498142242,2025-04-25 22:02:42.271275,2025-04-25 22:04:34.126036,0 days 00:01:51.854761,0.03188248041564869,144,3,4,48,0.03657997232262051,192,2,3,112,0.2764265166229984,128,4,3,112,0.2078862436289673,240,160.0,80.0,3,2,0.0013611301770247025,0.6,/work3/arnaou/checkpoints/groupgat_Tc_trial_744_best_state.pt,"{'learning_rate': 0.0013611301770247025, 'lr_reduce': 0.6}",TPESampler,COMPLETE
745,0.01246368046849966,2025-04-25 22:03:38.994667,2025-04-25 22:05:56.275757,0 days 00:02:17.281090,0.0036685907323861684,128,3,4,96,0.054515353820080464,112,1,2,96,0.23145528876456833,112,4,2,112,0.18094358113589623,32,168.0,32.0,3,2,0.001131874824612961,0.6,/work3/arnaou/checkpoints/groupgat_Tc_trial_745_best_state.pt,"{'learning_rate': 0.001131874824612961, 'lr_reduce': 0.6}",TPESampler,COMPLETE
746,0.022471118718385696,2025-04-25 22:04:28.842144,2025-04-25 22:06:25.562257,0 days 00:01:56.720113,0.03626531081125566,240,1,4,80,0.02826231752989063,160,3,4,80,0.2814435047987192,128,4,1,128,0.25655683398979195,96,160.0,88.0,3,2,0.0012091457065146953,0.6,/work3/arnaou/checkpoints/groupgat_Tc_trial_746_best_state.pt,"{'learning_rate': 0.0012091457065146953, 'lr_reduce': 0.6}",TPESampler,COMPLETE
747,0.016796261072158813,2025-04-25 22:04:34.378441,2025-04-25 22:06:09.886137,0 days 00:01:35.507696,0.015813019199240917,256,2,4,80,0.05260572221269848,240,3,1,48,0.29737528360347826,64,3,3,96,0.2554295234266706,96,136.0,,2,1,0.0013616515287521262,0.6,/work3/arnaou/checkpoints/groupgat_Tc_trial_747_best_state.pt,"{'learning_rate': 0.0013616515287521262, 'lr_reduce': 0.6}",TPESampler,COMPLETE
748,0.019079307094216347,2025-04-25 22:05:56.628608,2025-04-25 22:07:53.496342,0 days 00:01:56.867734,0.09750803223044957,96,4,4,48,0.03635202508923711,112,1,4,32,0.2991768952778471,112,4,1,96,0.297304403575702,392,200.0,,2,2,0.0006345321273273626,0.6,/work3/arnaou/checkpoints/groupgat_Tc_trial_748_best_state.pt,"{'learning_rate': 0.0006345321273273626, 'lr_reduce': 0.6}",TPESampler,COMPLETE
749,0.020254243165254593,2025-04-25 22:06:10.278980,2025-04-25 22:07:43.207469,0 days 00:01:32.928489,0.01864256187965627,144,2,4,64,0.0963646162039304,96,2,3,80,0.24085246266334137,96,4,1,112,0.18801482780689527,264,192.0,32.0,3,2,0.0011389965409160324,0.6,/work3/arnaou/checkpoints/groupgat_Tc_trial_749_best_state.pt,"{'learning_rate': 0.0011389965409160324, 'lr_reduce': 0.6}",TPESampler,COMPLETE
750,0.01583131030201912,2025-04-25 22:06:25.872845,2025-04-25 22:08:12.258286,0 days 00:01:46.385441,0.03967576033882553,144,4,4,80,0.05854302267701153,64,2,3,96,0.2987052552573494,112,4,2,112,0.203717906593263,104,184.0,104.0,3,2,0.002872862052907082,0.6,/work3/arnaou/checkpoints/groupgat_Tc_trial_750_best_state.pt,"{'learning_rate': 0.002872862052907082, 'lr_reduce': 0.6}",TPESampler,COMPLETE
751,0.017356907948851585,2025-04-25 22:07:43.570227,2025-04-25 22:09:30.481865,0 days 00:01:46.911638,0.02513190001881837,128,2,4,128,0.07429321722783958,112,2,1,128,0.2606448447669283,112,3,2,96,0.24675572274671245,64,176.0,80.0,3,2,0.0029056181428510543,0.6,/work3/arnaou/checkpoints/groupgat_Tc_trial_751_best_state.pt,"{'learning_rate': 0.0029056181428510543, 'lr_reduce': 0.6}",TPESampler,COMPLETE
752,0.018281659111380577,2025-04-25 22:07:54.062789,2025-04-25 22:09:54.897101,0 days 00:02:00.834312,0.03802789752768414,224,3,4,32,0.08045388189753473,208,4,2,80,0.20777986787845198,96,4,2,112,0.25159632488445105,32,144.0,,2,2,0.0004013951669372796,0.6,/work3/arnaou/checkpoints/groupgat_Tc_trial_752_best_state.pt,"{'learning_rate': 0.0004013951669372796, 'lr_reduce': 0.6}",TPESampler,COMPLETE
753,0.020454496145248413,2025-04-25 22:08:12.628512,2025-04-25 22:10:32.399558,0 days 00:02:19.771046,0.025646939768225734,128,3,3,32,0.18238803544235793,224,2,2,64,0.17406980043373624,112,2,3,128,0.19008372485973668,216,128.0,,2,2,0.00029316108156632846,0.6,/work3/arnaou/checkpoints/groupgat_Tc_trial_753_best_state.pt,"{'learning_rate': 0.00029316108156632846, 'lr_reduce': 0.6}",TPESampler,COMPLETE
754,0.019042765721678734,2025-04-25 22:09:30.819819,2025-04-25 22:11:26.496029,0 days 00:01:55.676210,0.08456219596338194,176,4,4,48,0.17089102991749552,224,1,4,112,0.26181400467335986,128,2,1,112,0.2792777572231973,168,152.0,32.0,3,2,0.0007103981181909356,0.6,/work3/arnaou/checkpoints/groupgat_Tc_trial_754_best_state.pt,"{'learning_rate': 0.0007103981181909356, 'lr_reduce': 0.6}",TPESampler,COMPLETE
755,0.016562078148126602,2025-04-25 22:09:55.182989,2025-04-25 22:11:50.518290,0 days 00:01:55.335301,0.0409598707909985,112,2,3,96,0.08155931642481569,176,1,2,80,0.278522043328326,112,4,1,112,0.23075251660914123,40,208.0,104.0,3,2,0.001719233439977777,0.6,/work3/arnaou/checkpoints/groupgat_Tc_trial_755_best_state.pt,"{'learning_rate': 0.001719233439977777, 'lr_reduce': 0.6}",TPESampler,COMPLETE
756,0.01705927588045597,2025-04-25 22:10:32.663194,2025-04-25 22:12:56.797858,0 days 00:02:24.134664,0.01688340227867504,208,2,2,48,0.044555078717157706,128,3,3,64,0.25711001230129005,128,4,2,112,0.21535282418163976,192,152.0,32.0,3,2,0.00022151376371618223,0.6,/work3/arnaou/checkpoints/groupgat_Tc_trial_756_best_state.pt,"{'learning_rate': 0.00022151376371618223, 'lr_reduce': 0.6}",TPESampler,COMPLETE
757,0.0193027351051569,2025-04-25 22:11:26.731492,2025-04-25 22:13:09.621487,0 days 00:01:42.889995,0.004030120519406209,144,2,3,48,0.09285355725437301,112,4,2,96,0.11827565947353746,112,3,2,112,0.22750514976538078,168,120.0,104.0,3,2,0.0016402961507286464,0.6,/work3/arnaou/checkpoints/groupgat_Tc_trial_757_best_state.pt,"{'learning_rate': 0.0016402961507286464, 'lr_reduce': 0.6}",TPESampler,COMPLETE
758,0.01727699488401413,2025-04-25 22:11:50.817068,2025-04-25 22:13:58.231026,0 days 00:02:07.413958,0.06811790660312447,192,4,2,32,0.07108530552280948,256,2,1,64,0.27168559864410835,80,2,2,128,0.27582506201854584,256,152.0,80.0,3,2,0.0005153984710349939,0.6,/work3/arnaou/checkpoints/groupgat_Tc_trial_758_best_state.pt,"{'learning_rate': 0.0005153984710349939, 'lr_reduce': 0.6}",TPESampler,COMPLETE
759,0.022320779040455818,2025-04-25 22:12:57.010514,2025-04-25 22:15:01.129897,0 days 00:02:04.119383,0.07699652572875845,128,4,4,32,0.09711803830107724,128,3,4,48,0.21607873182337217,112,4,2,128,0.2802522369430006,368,128.0,32.0,3,2,0.0003687473844698686,0.6,/work3/arnaou/checkpoints/groupgat_Tc_trial_759_best_state.pt,"{'learning_rate': 0.0003687473844698686, 'lr_reduce': 0.6}",TPESampler,COMPLETE
760,0.02509245090186596,2025-04-25 22:13:10.038736,2025-04-25 22:15:05.342908,0 days 00:01:55.304172,0.009419903753517984,144,3,3,32,0.04645476589137232,64,3,3,96,0.1613171426897386,112,4,4,128,0.20741486251824773,232,120.0,112.0,3,2,0.000549839210252769,0.6,/work3/arnaou/checkpoints/groupgat_Tc_trial_760_best_state.pt,"{'learning_rate': 0.000549839210252769, 'lr_reduce': 0.6}",TPESampler,COMPLETE
761,0.020948410034179688,2025-04-25 22:13:58.462439,2025-04-25 22:16:20.199268,0 days 00:02:21.736829,0.010167914662711452,128,3,4,32,0.11617716569124326,256,3,2,64,0.24167760705291189,64,1,1,128,0.25450236997191183,56,200.0,,2,2,0.0002386443154962448,0.6,/work3/arnaou/checkpoints/groupgat_Tc_trial_761_best_state.pt,"{'learning_rate': 0.0002386443154962448, 'lr_reduce': 0.6}",TPESampler,COMPLETE
762,0.015596053563058376,2025-04-25 22:15:01.331015,2025-04-25 22:17:19.305289,0 days 00:02:17.974274,0.012246953081576074,96,4,4,112,0.04929143509460732,144,1,2,96,0.15852427885227147,128,4,1,80,0.2113398277561631,136,160.0,128.0,3,2,0.0006389742833459803,0.6,/work3/arnaou/checkpoints/groupgat_Tc_trial_762_best_state.pt,"{'learning_rate': 0.0006389742833459803, 'lr_reduce': 0.6}",TPESampler,COMPLETE
763,0.017801497131586075,2025-04-25 22:15:05.578401,2025-04-25 22:17:24.233523,0 days 00:02:18.655122,0.0033925137212772825,240,4,3,64,0.07375959067128253,144,4,4,112,0.12198581446936177,32,4,1,80,0.15341209131668926,48,96.0,80.0,3,1,0.0026313696294821337,0.6,/work3/arnaou/checkpoints/groupgat_Tc_trial_763_best_state.pt,"{'learning_rate': 0.0026313696294821337, 'lr_reduce': 0.6}",TPESampler,COMPLETE
764,0.015792060643434525,2025-04-25 22:16:20.528496,2025-04-25 22:17:57.684582,0 days 00:01:37.156086,0.032549242362228226,176,3,3,32,0.12227552707609055,256,3,1,112,0.23340222157477453,112,4,2,112,0.28868564683195386,112,120.0,32.0,3,2,0.0010813662045965832,0.6,/work3/arnaou/checkpoints/groupgat_Tc_trial_764_best_state.pt,"{'learning_rate': 0.0010813662045965832, 'lr_reduce': 0.6}",TPESampler,COMPLETE
765,0.016048496589064598,2025-04-25 22:17:19.546819,2025-04-25 22:19:22.445758,0 days 00:02:02.898939,0.04465145362197638,176,2,3,64,0.09251252272115167,80,4,2,96,0.22755590600183434,96,4,3,128,0.2237970874110033,96,72.0,200.0,3,2,0.0005902257277573105,0.6,/work3/arnaou/checkpoints/groupgat_Tc_trial_765_best_state.pt,"{'learning_rate': 0.0005902257277573105, 'lr_reduce': 0.6}",TPESampler,COMPLETE
766,0.01598897948861122,2025-04-25 22:17:24.471619,2025-04-25 22:19:31.885097,0 days 00:02:07.413478,0.04684649694939613,208,1,3,32,0.02478170893035894,112,3,1,112,0.28299932977413544,128,4,3,112,0.13713266031227853,216,160.0,128.0,3,2,0.00023131770773835466,0.6,/work3/arnaou/checkpoints/groupgat_Tc_trial_766_best_state.pt,"{'learning_rate': 0.00023131770773835466, 'lr_reduce': 0.6}",TPESampler,COMPLETE
767,0.014331446960568428,2025-04-25 22:17:58.195562,2025-04-25 22:20:42.696312,0 days 00:02:44.500750,0.014956156334254485,176,3,4,80,0.06875549472818729,160,1,2,80,0.09338016346421563,96,4,2,112,0.19697036116138153,32,112.0,72.0,3,2,0.0005662357942458678,0.6,/work3/arnaou/checkpoints/groupgat_Tc_trial_767_best_state.pt,"{'learning_rate': 0.0005662357942458678, 'lr_reduce': 0.6}",TPESampler,COMPLETE
768,0.019379498437047005,2025-04-25 22:19:22.701003,2025-04-25 22:21:45.548162,0 days 00:02:22.847159,0.008455278302440174,240,4,2,32,0.061098700659748505,128,3,4,128,0.06541619728323467,80,4,1,96,0.08121889920194107,224,64.0,464.0,3,1,0.0011251265145885423,0.6,/work3/arnaou/checkpoints/groupgat_Tc_trial_768_best_state.pt,"{'learning_rate': 0.0011251265145885423, 'lr_reduce': 0.6}",TPESampler,COMPLETE
769,0.018168270587921143,2025-04-25 22:19:32.320147,2025-04-25 22:22:00.144111,0 days 00:02:27.823964,0.06714571802836346,160,4,4,112,0.0352476936091851,96,1,2,112,0.2846986060571006,96,4,2,96,0.20679662876298222,32,128.0,200.0,3,2,0.0007057420615744685,0.6,/work3/arnaou/checkpoints/groupgat_Tc_trial_769_best_state.pt,"{'learning_rate': 0.0007057420615744685, 'lr_reduce': 0.6}",TPESampler,COMPLETE
770,0.01679559051990509,2025-04-25 22:20:43.119005,2025-04-25 22:23:20.993553,0 days 00:02:37.874548,0.03329583599594933,240,2,4,96,0.056392746477233434,240,3,1,32,0.21490720934429763,112,4,2,112,0.16831269569063742,64,200.0,64.0,3,1,0.0003864679954728989,0.6,/work3/arnaou/checkpoints/groupgat_Tc_trial_770_best_state.pt,"{'learning_rate': 0.0003864679954728989, 'lr_reduce': 0.6}",TPESampler,COMPLETE
771,0.022549591958522797,2025-04-25 22:21:45.863048,2025-04-25 22:23:27.541453,0 days 00:01:41.678405,0.1491368212346639,176,2,3,32,0.12624230379018844,256,1,4,64,0.15093468638899743,80,2,2,128,0.2840192341910443,88,80.0,32.0,3,2,0.0006561319730322625,0.6,/work3/arnaou/checkpoints/groupgat_Tc_trial_771_best_state.pt,"{'learning_rate': 0.0006561319730322625, 'lr_reduce': 0.6}",TPESampler,COMPLETE
772,0.019448591396212578,2025-04-25 22:22:00.511758,2025-04-25 22:23:58.150777,0 days 00:01:57.639019,0.0156980435593548,96,2,3,128,0.027740138181458703,144,2,3,112,0.2645448309315979,80,3,3,96,0.09109099952995929,216,160.0,208.0,3,2,0.0025292478634839064,0.6,/work3/arnaou/checkpoints/groupgat_Tc_trial_772_best_state.pt,"{'learning_rate': 0.0025292478634839064, 'lr_reduce': 0.6}",TPESampler,COMPLETE
773,0.02065240405499935,2025-04-25 22:23:21.204163,2025-04-25 22:25:34.160900,0 days 00:02:12.956737,0.057497599021513274,192,3,4,80,0.02268821139159894,208,4,2,32,0.21927716674973688,96,4,3,128,0.23758957056082453,192,32.0,,2,1,0.0011282901725825215,0.6,/work3/arnaou/checkpoints/groupgat_Tc_trial_773_best_state.pt,"{'learning_rate': 0.0011282901725825215, 'lr_reduce': 0.6}",TPESampler,COMPLETE
774,0.021920494735240936,2025-04-25 22:23:27.737687,2025-04-25 22:25:05.302015,0 days 00:01:37.564328,0.10189221882608146,144,2,3,32,0.1291598465598336,240,1,1,64,0.18939701728189173,48,4,2,128,0.298063289575652,144,112.0,128.0,3,2,0.0015665514511203728,0.6,/work3/arnaou/checkpoints/groupgat_Tc_trial_774_best_state.pt,"{'learning_rate': 0.0015665514511203728, 'lr_reduce': 0.6}",TPESampler,COMPLETE
775,0.014786812476813793,2025-04-25 22:23:58.444329,2025-04-25 22:26:58.969818,0 days 00:03:00.525489,0.006338664106347206,192,4,3,80,0.05129814089225576,256,2,1,64,0.23704123540781755,80,4,2,80,0.19691028718528,88,112.0,80.0,3,2,0.000591591408260838,0.6,/work3/arnaou/checkpoints/groupgat_Tc_trial_775_best_state.pt,"{'learning_rate': 0.000591591408260838, 'lr_reduce': 0.6}",TPESampler,COMPLETE
776,0.031723350286483765,2025-04-25 22:25:05.604132,2025-04-25 22:27:59.384494,0 days 00:02:53.780362,0.06327884603398393,256,4,3,48,0.23299114452692746,128,1,4,80,0.1358945242149175,64,2,1,96,0.21931873350498965,32,176.0,208.0,3,2,0.00022538143392622793,0.6,/work3/arnaou/checkpoints/groupgat_Tc_trial_776_best_state.pt,"{'learning_rate': 0.00022538143392622793, 'lr_reduce': 0.6}",TPESampler,COMPLETE
777,0.020685063675045967,2025-04-25 22:25:34.359728,2025-04-25 22:27:43.491232,0 days 00:02:09.131504,0.1357668918449677,192,4,4,64,0.1267234137762868,224,3,4,128,0.24118884849040423,128,1,1,80,0.25134891962896666,32,80.0,144.0,3,2,0.0009529577737193333,0.6,/work3/arnaou/checkpoints/groupgat_Tc_trial_777_best_state.pt,"{'learning_rate': 0.0009529577737193333, 'lr_reduce': 0.6}",TPESampler,COMPLETE
778,0.018348312005400658,2025-04-25 22:26:59.226826,2025-04-25 22:29:03.110504,0 days 00:02:03.883678,0.04291786685713965,192,3,3,32,0.08578797143611605,208,3,1,32,0.24821460224916647,64,4,3,96,0.22755413768777158,184,128.0,32.0,3,1,0.0006455322945751592,0.6,/work3/arnaou/checkpoints/groupgat_Tc_trial_778_best_state.pt,"{'learning_rate': 0.0006455322945751592, 'lr_reduce': 0.6}",TPESampler,COMPLETE
779,0.02036246284842491,2025-04-25 22:27:43.858917,2025-04-25 22:29:43.092996,0 days 00:01:59.234079,0.07122916985211875,160,3,2,96,0.011155783377289452,160,2,2,96,0.287785903822521,112,4,3,128,0.18021102297349015,104,224.0,208.0,3,2,0.0007563449394994455,0.6,/work3/arnaou/checkpoints/groupgat_Tc_trial_779_best_state.pt,"{'learning_rate': 0.0007563449394994455, 'lr_reduce': 0.6}",TPESampler,COMPLETE
780,0.022583048790693283,2025-04-25 22:27:59.934748,2025-04-25 22:29:53.098102,0 days 00:01:53.163354,0.06170305707672179,208,1,3,64,0.0770944275414832,112,2,2,96,0.2995964546978063,96,4,4,128,0.18060635284802268,120,88.0,,2,2,0.0009162724178841765,0.6,/work3/arnaou/checkpoints/groupgat_Tc_trial_780_best_state.pt,"{'learning_rate': 0.0009162724178841765, 'lr_reduce': 0.6}",TPESampler,COMPLETE
781,0.021014660596847534,2025-04-25 22:29:03.456713,2025-04-25 22:31:23.717069,0 days 00:02:20.260356,0.006071076545487022,96,3,4,80,0.14102579396044146,96,2,1,128,0.2653092508790924,96,3,3,96,0.03830369582103932,48,160.0,,2,2,0.0004076913885791509,0.6,/work3/arnaou/checkpoints/groupgat_Tc_trial_781_best_state.pt,"{'learning_rate': 0.0004076913885791509, 'lr_reduce': 0.6}",TPESampler,COMPLETE
782,0.035701923072338104,2025-04-25 22:29:43.324269,2025-04-25 22:31:57.712677,0 days 00:02:14.388408,0.029614298245301426,112,3,3,48,0.023299475189833482,240,3,2,48,0.0760998377456891,64,3,2,128,0.1751402633017815,32,32.0,,2,2,0.0001103743614612459,0.6,/work3/arnaou/checkpoints/groupgat_Tc_trial_782_best_state.pt,"{'learning_rate': 0.0001103743614612459, 'lr_reduce': 0.6}",TPESampler,COMPLETE
783,0.017894282937049866,2025-04-25 22:29:53.416722,2025-04-25 22:31:51.273855,0 days 00:01:57.857133,0.03615651136393912,256,3,4,32,0.004478945483927253,144,3,4,128,0.19089898770571218,96,4,2,112,0.17081957963513145,168,120.0,80.0,3,2,0.0017133108531501282,0.6,/work3/arnaou/checkpoints/groupgat_Tc_trial_783_best_state.pt,"{'learning_rate': 0.0017133108531501282, 'lr_reduce': 0.6}",TPESampler,COMPLETE
784,0.026654034852981567,2025-04-25 22:31:24.042667,2025-04-25 22:33:36.165753,0 days 00:02:12.123086,0.09921099560463022,128,2,4,112,0.08041397284301106,64,1,2,96,0.2332294016480949,128,2,1,96,0.10273989248684308,80,80.0,32.0,3,2,0.001540641587902478,0.6,/work3/arnaou/checkpoints/groupgat_Tc_trial_784_best_state.pt,"{'learning_rate': 0.001540641587902478, 'lr_reduce': 0.6}",TPESampler,COMPLETE
785,0.015886003151535988,2025-04-25 22:31:51.875170,2025-04-25 22:33:38.311343,0 days 00:01:46.436173,0.014659458143437807,176,4,3,32,0.09542830966398458,256,3,2,32,0.26147504214556183,128,4,3,80,0.2067413704743088,144,152.0,,2,1,0.0004808777787540347,0.6,/work3/arnaou/checkpoints/groupgat_Tc_trial_785_best_state.pt,"{'learning_rate': 0.0004808777787540347, 'lr_reduce': 0.6}",TPESampler,COMPLETE
786,0.017197951674461365,2025-04-25 22:31:57.984962,2025-04-25 22:33:46.986310,0 days 00:01:49.001348,0.0643833017747768,112,3,4,112,0.057138098558239675,96,1,3,96,0.18808799448684424,112,3,3,128,0.16447449125456315,144,72.0,136.0,3,2,0.0008219922817079464,0.6,/work3/arnaou/checkpoints/groupgat_Tc_trial_786_best_state.pt,"{'learning_rate': 0.0008219922817079464, 'lr_reduce': 0.6}",TPESampler,COMPLETE
787,0.015232037752866745,2025-04-25 22:33:36.399850,2025-04-25 22:36:44.152505,0 days 00:03:07.752655,0.003904142134993481,176,4,4,64,0.10263276559937738,240,1,4,128,0.2679269521346014,112,1,1,96,0.2835404749317437,32,120.0,224.0,3,2,0.00029307135955834203,0.6,/work3/arnaou/checkpoints/groupgat_Tc_trial_787_best_state.pt,"{'learning_rate': 0.00029307135955834203, 'lr_reduce': 0.6}",TPESampler,COMPLETE
788,0.015748625621199608,2025-04-25 22:33:38.622964,2025-04-25 22:35:45.059097,0 days 00:02:06.436133,0.08892199941129394,176,4,2,48,0.1325640415521758,224,1,3,32,0.2044745386286226,64,3,2,128,0.2669316186465633,184,208.0,80.0,3,2,0.0008947533914815743,0.6,/work3/arnaou/checkpoints/groupgat_Tc_trial_788_best_state.pt,"{'learning_rate': 0.0008947533914815743, 'lr_reduce': 0.6}",TPESampler,COMPLETE
789,0.019976770505309105,2025-04-25 22:33:47.287407,2025-04-25 22:35:13.286316,0 days 00:01:25.998909,0.06540355474634767,176,3,4,32,0.21446414880002368,176,1,4,96,0.19324089389349675,96,4,1,48,0.1401810664121436,112,64.0,216.0,3,2,0.0015909449859916624,0.6,/work3/arnaou/checkpoints/groupgat_Tc_trial_789_best_state.pt,"{'learning_rate': 0.0015909449859916624, 'lr_reduce': 0.6}",TPESampler,COMPLETE
790,0.016356531530618668,2025-04-25 22:35:13.558131,2025-04-25 22:36:46.759299,0 days 00:01:33.201168,0.05692072691433388,176,2,4,80,0.049791081360457366,112,1,2,96,0.20821877542786318,128,4,2,80,0.1644082687897544,88,160.0,,2,2,0.0007897466539707262,0.6,/work3/arnaou/checkpoints/groupgat_Tc_trial_790_best_state.pt,"{'learning_rate': 0.0007897466539707262, 'lr_reduce': 0.6}",TPESampler,COMPLETE
791,0.026361718773841858,2025-04-25 22:35:45.357157,2025-04-25 22:38:15.982149,0 days 00:02:30.624992,0.049069881240963856,192,4,4,32,0.15383462221905256,192,3,4,32,0.1587255710934527,80,4,2,96,0.2380642851048632,176,112.0,80.0,3,2,0.00017395860977757687,0.6,/work3/arnaou/checkpoints/groupgat_Tc_trial_791_best_state.pt,"{'learning_rate': 0.00017395860977757687, 'lr_reduce': 0.6}",TPESampler,COMPLETE
792,0.014524747617542744,2025-04-25 22:36:44.422232,2025-04-25 22:38:56.288403,0 days 00:02:11.866171,0.023846729966058543,192,3,3,48,0.03346697401211864,224,4,1,64,0.2297305059269838,112,4,2,112,0.21649846132132816,256,112.0,136.0,3,1,0.00037097999107241555,0.6,/work3/arnaou/checkpoints/groupgat_Tc_trial_792_best_state.pt,"{'learning_rate': 0.00037097999107241555, 'lr_reduce': 0.6}",TPESampler,COMPLETE
793,0.020280200988054276,2025-04-25 22:36:47.042664,2025-04-25 22:38:53.088060,0 days 00:02:06.045396,0.0336482540222178,208,2,4,32,0.21306413848258776,192,3,4,112,0.09534772111932319,112,4,1,48,0.22958211123600097,72,64.0,32.0,3,1,0.0005105298336079289,0.6,/work3/arnaou/checkpoints/groupgat_Tc_trial_793_best_state.pt,"{'learning_rate': 0.0005105298336079289, 'lr_reduce': 0.6}",TPESampler,COMPLETE
