number,value,datetime_start,datetime_complete,duration,params_L1_dropout,params_L1_hidden_dim,params_L1_layers_atom,params_L1_layers_mol,params_L1_out_dim,params_L2_dropout,params_L2_hidden_dim,params_L2_layers_atom,params_L2_layers_mol,params_L2_out_dim,params_L3_dropout,params_L3_hidden_dim,params_L3_layers_atom,params_L3_layers_mol,params_L3_out_dim,params_final_dropout,params_mlp_dim_0,params_mlp_dim_1,params_mlp_dim_2,params_n_mlp_layers,params_num_heads,params_train_learning_rate,params_train_lr_reduce,user_attrs_best_state_dict_path,user_attrs_training_params,system_attrs_auto:sampler,state
582,0.03330855071544647,2025-04-25 20:04:47.037212,2025-04-25 20:06:45.450062,0 days 00:01:58.412850,0.11706251225135055,208,4,4,80,0.2971479632002559,240,1,1,128,0.11503558380766019,80,1,1,128,0.1813726351033071,32,336.0,392.0,3,2,0.0002671257714981426,0.6,/work3/arnaou/checkpoints/groupgat_Tc_trial_582_best_state.pt,"{'learning_rate': 0.0002671257714981426, 'lr_reduce': 0.6}",TPESampler,COMPLETE
583,0.01997973956167698,2025-04-25 20:05:51.332517,2025-04-25 20:08:08.920065,0 days 00:02:17.587548,0.0729358497117889,256,4,4,64,0.24326004696238918,224,1,4,96,0.13856838912979613,112,2,1,128,0.12383660629545241,88,336.0,328.0,3,2,0.0005269567113274345,0.6,/work3/arnaou/checkpoints/groupgat_Tc_trial_583_best_state.pt,"{'learning_rate': 0.0005269567113274345, 'lr_reduce': 0.6}",TPESampler,COMPLETE
584,0.019262762740254402,2025-04-25 20:06:26.361298,2025-04-25 20:08:31.482518,0 days 00:02:05.121220,0.09244335873279647,240,4,4,64,0.27350859560524104,208,1,4,96,0.07021200171571704,48,3,1,96,0.12028946281989517,88,72.0,336.0,3,2,0.00038659211990588557,0.6,/work3/arnaou/checkpoints/groupgat_Tc_trial_584_best_state.pt,"{'learning_rate': 0.00038659211990588557, 'lr_reduce': 0.6}",TPESampler,COMPLETE
585,0.017548592761158943,2025-04-25 20:06:45.623611,2025-04-25 20:09:08.506203,0 days 00:02:22.882592,0.004271681698297919,208,4,1,48,0.05003663731346403,112,3,4,128,0.23061844848572757,32,4,2,32,0.11560233050561838,424,352.0,408.0,3,2,0.000336923984523442,0.6,/work3/arnaou/checkpoints/groupgat_Tc_trial_585_best_state.pt,"{'learning_rate': 0.000336923984523442, 'lr_reduce': 0.6}",TPESampler,COMPLETE
586,0.02709541656076908,2025-04-25 20:08:09.093302,2025-04-25 20:10:16.728590,0 days 00:02:07.635288,0.09906400418206374,160,4,3,32,0.08147476430722836,144,2,4,128,0.2766645891882694,112,2,1,128,0.07643018349184849,88,,,1,2,0.000630050370740448,0.6,/work3/arnaou/checkpoints/groupgat_Tc_trial_586_best_state.pt,"{'learning_rate': 0.000630050370740448, 'lr_reduce': 0.6}",TPESampler,COMPLETE
587,0.03360998257994652,2025-04-25 20:08:31.677305,2025-04-25 20:09:57.402499,0 days 00:01:25.725194,0.06562556112263464,240,4,3,32,0.14560264241029647,80,4,4,128,0.07289786274683809,48,3,1,96,0.1546506707256144,184,128.0,320.0,3,1,0.008523369712584038,0.6,/work3/arnaou/checkpoints/groupgat_Tc_trial_587_best_state.pt,"{'learning_rate': 0.008523369712584038, 'lr_reduce': 0.6}",TPESampler,COMPLETE
588,0.0232208464294672,2025-04-25 20:09:08.732664,2025-04-25 20:11:04.383167,0 days 00:01:55.650503,0.04317699733786014,176,2,1,96,0.12560883256322314,176,1,2,32,0.1913184105849882,112,4,2,128,0.249946211172754,160,344.0,312.0,3,1,0.000794698315693396,0.6,/work3/arnaou/checkpoints/groupgat_Tc_trial_588_best_state.pt,"{'learning_rate': 0.000794698315693396, 'lr_reduce': 0.6}",TPESampler,COMPLETE
589,0.014508727006614208,2025-04-25 20:09:57.750462,2025-04-25 20:11:56.588400,0 days 00:01:58.837938,0.01771301796044763,240,4,3,32,0.19554743394029836,160,2,4,112,0.20363170027367705,64,1,1,128,0.09052744499337718,48,368.0,328.0,3,2,0.0008370942549635765,0.6,/work3/arnaou/checkpoints/groupgat_Tc_trial_589_best_state.pt,"{'learning_rate': 0.0008370942549635765, 'lr_reduce': 0.6}",TPESampler,COMPLETE
590,0.013784349896013737,2025-04-25 20:10:16.999379,2025-04-25 20:13:05.320958,0 days 00:02:48.321579,0.02161961544220153,256,3,4,32,0.2143529018166646,224,1,2,112,0.17364461659824273,128,2,1,128,0.1095406530526162,88,56.0,272.0,3,2,0.0004501762904145412,0.6,/work3/arnaou/checkpoints/groupgat_Tc_trial_590_best_state.pt,"{'learning_rate': 0.0004501762904145412, 'lr_reduce': 0.6}",TPESampler,COMPLETE
591,0.017884893342852592,2025-04-25 20:11:04.672533,2025-04-25 20:14:23.555940,0 days 00:03:18.883407,0.001297879127576387,256,3,1,48,0.14675615783363197,176,4,4,128,0.20155571348839346,64,4,2,48,0.07508752275620252,48,,,1,2,0.0009883035400512295,0.6,/work3/arnaou/checkpoints/groupgat_Tc_trial_591_best_state.pt,"{'learning_rate': 0.0009883035400512295, 'lr_reduce': 0.6}",TPESampler,COMPLETE
592,0.01866758055984974,2025-04-25 20:11:56.794720,2025-04-25 20:14:15.639903,0 days 00:02:18.845183,0.007399441567893408,176,2,2,48,0.07929292960434844,224,4,4,128,0.26914974485023857,96,4,1,128,0.12600455144884765,48,368.0,,2,2,0.0006782989056909177,0.6,/work3/arnaou/checkpoints/groupgat_Tc_trial_592_best_state.pt,"{'learning_rate': 0.0006782989056909177, 'lr_reduce': 0.6}",TPESampler,COMPLETE
593,0.019366128370165825,2025-04-25 20:13:05.603583,2025-04-25 20:15:03.206694,0 days 00:01:57.603111,0.047955811183273314,256,4,4,48,0.27706754552426915,240,1,1,80,0.16970606574957303,128,2,1,112,0.1142216171392648,176,360.0,296.0,3,2,0.00017424150553374177,0.6,/work3/arnaou/checkpoints/groupgat_Tc_trial_593_best_state.pt,"{'learning_rate': 0.00017424150553374177, 'lr_reduce': 0.6}",TPESampler,COMPLETE
594,0.036783941090106964,2025-04-25 20:14:15.802579,2025-04-25 20:16:42.827250,0 days 00:02:27.024671,0.02726642874594087,208,4,4,32,0.17774256375591793,144,2,4,128,0.25616538137192096,96,1,1,112,0.0829602414612208,32,384.0,288.0,3,2,0.0004903907481112325,0.6,/work3/arnaou/checkpoints/groupgat_Tc_trial_594_best_state.pt,"{'learning_rate': 0.0004903907481112325, 'lr_reduce': 0.6}",TPESampler,COMPLETE
595,0.021420760080218315,2025-04-25 20:14:23.790135,2025-04-25 20:16:20.761753,0 days 00:01:56.971618,0.07004964245017642,224,4,2,48,0.1218872117841321,144,2,4,112,0.2173551783351863,64,1,1,112,0.053638749289667456,40,320.0,288.0,3,2,0.002900681184560359,0.6,/work3/arnaou/checkpoints/groupgat_Tc_trial_595_best_state.pt,"{'learning_rate': 0.002900681184560359, 'lr_reduce': 0.6}",TPESampler,COMPLETE
596,0.013281979598104954,2025-04-25 20:15:03.436721,2025-04-25 20:17:23.836307,0 days 00:02:20.399586,0.004244039039815916,240,4,4,48,0.14495111651133513,192,1,3,128,0.27993754387300396,112,2,1,112,0.2454692185604356,128,376.0,264.0,3,2,0.0003565545623421962,0.6,/work3/arnaou/checkpoints/groupgat_Tc_trial_596_best_state.pt,"{'learning_rate': 0.0003565545623421962, 'lr_reduce': 0.6}",TPESampler,COMPLETE
597,0.013684210367500782,2025-04-25 20:16:20.938707,2025-04-25 20:18:31.341807,0 days 00:02:10.403100,0.0030584354583417066,176,4,3,32,0.062314877824419794,128,4,4,112,0.15219398246684268,80,4,1,64,0.09064397922926543,144,360.0,312.0,3,1,0.001205123814666294,0.6,/work3/arnaou/checkpoints/groupgat_Tc_trial_597_best_state.pt,"{'learning_rate': 0.001205123814666294, 'lr_reduce': 0.6}",TPESampler,COMPLETE
598,0.02911166287958622,2025-04-25 20:16:43.036939,2025-04-25 20:18:29.966421,0 days 00:01:46.929482,0.14143264571137987,224,3,3,48,0.03630224359453131,80,3,3,80,0.2448897652612421,112,3,2,112,0.17138009402268017,120,376.0,264.0,3,1,0.00044167305390439257,0.6,/work3/arnaou/checkpoints/groupgat_Tc_trial_598_best_state.pt,"{'learning_rate': 0.00044167305390439257, 'lr_reduce': 0.6}",TPESampler,COMPLETE
599,0.019028348848223686,2025-04-25 20:17:24.116756,2025-04-25 20:19:36.585383,0 days 00:02:12.468627,0.08402174044437488,224,4,4,32,0.11491341964288174,224,1,2,128,0.27991886494685414,128,2,1,112,0.2082826760097278,208,312.0,280.0,3,2,0.00017425514528340058,0.6,/work3/arnaou/checkpoints/groupgat_Tc_trial_599_best_state.pt,"{'learning_rate': 0.00017425514528340058, 'lr_reduce': 0.6}",TPESampler,COMPLETE
600,0.024022409692406654,2025-04-25 20:18:30.169705,2025-04-25 20:20:45.093270,0 days 00:02:14.923565,0.02139036612093295,256,2,4,64,0.2596584099391347,224,2,2,128,0.21274191241727275,112,2,2,112,0.21993638238417176,176,336.0,344.0,3,1,0.00018904034926071496,0.6,/work3/arnaou/checkpoints/groupgat_Tc_trial_600_best_state.pt,"{'learning_rate': 0.00018904034926071496, 'lr_reduce': 0.6}",TPESampler,COMPLETE
601,0.020122582092881203,2025-04-25 20:18:31.512659,2025-04-25 20:20:35.282694,0 days 00:02:03.770035,0.03397279905194349,256,2,4,48,0.21181628400915367,240,1,3,112,0.1229645527167414,128,2,2,112,0.12102606641033781,176,328.0,,2,2,0.0006826980195371465,0.6,/work3/arnaou/checkpoints/groupgat_Tc_trial_601_best_state.pt,"{'learning_rate': 0.0006826980195371465, 'lr_reduce': 0.6}",TPESampler,COMPLETE
602,0.027979956939816475,2025-04-25 20:19:36.802819,2025-04-25 20:22:11.332076,0 days 00:02:34.529257,0.1041001985956874,192,4,4,64,0.1543445751745781,192,2,3,112,0.21361772327581702,96,2,1,128,0.285842866086365,168,344.0,328.0,3,2,0.00021844924474901807,0.6,/work3/arnaou/checkpoints/groupgat_Tc_trial_602_best_state.pt,"{'learning_rate': 0.00021844924474901807, 'lr_reduce': 0.6}",TPESampler,COMPLETE
603,0.016324108466506004,2025-04-25 20:20:35.571361,2025-04-25 20:22:26.987438,0 days 00:01:51.416077,0.004804721691907484,240,3,4,64,0.10677332324614777,128,1,3,128,0.23144017216108376,112,2,1,112,0.22985987119978066,112,344.0,,2,2,0.00046048180113191043,0.6,/work3/arnaou/checkpoints/groupgat_Tc_trial_603_best_state.pt,"{'learning_rate': 0.00046048180113191043, 'lr_reduce': 0.6}",TPESampler,COMPLETE
604,0.03236733376979828,2025-04-25 20:20:45.474788,2025-04-25 20:22:53.074756,0 days 00:02:07.599968,0.021557219731196085,256,2,3,64,0.27720573636477275,240,2,4,64,0.22431199698371176,80,3,1,96,0.00430671943139449,32,352.0,312.0,3,1,0.0003231354113383459,0.6,/work3/arnaou/checkpoints/groupgat_Tc_trial_604_best_state.pt,"{'learning_rate': 0.0003231354113383459, 'lr_reduce': 0.6}",TPESampler,COMPLETE
605,0.01994599774479866,2025-04-25 20:22:11.630750,2025-04-25 20:24:05.423646,0 days 00:01:53.792896,0.04815192168025398,240,2,3,32,0.19431399817948988,208,1,2,112,0.14322872234704007,128,2,2,112,0.10422556395542351,72,304.0,312.0,3,2,0.00035315009568754626,0.6,/work3/arnaou/checkpoints/groupgat_Tc_trial_605_best_state.pt,"{'learning_rate': 0.00035315009568754626, 'lr_reduce': 0.6}",TPESampler,COMPLETE
606,0.02009737119078636,2025-04-25 20:22:27.278787,2025-04-25 20:24:15.621331,0 days 00:01:48.342544,0.011494099383904373,128,4,3,80,0.03706949200271657,144,4,4,96,0.24942291426692595,80,4,2,48,0.18746763105103548,160,360.0,,2,1,0.002604221407297151,0.6,/work3/arnaou/checkpoints/groupgat_Tc_trial_606_best_state.pt,"{'learning_rate': 0.002604221407297151, 'lr_reduce': 0.6}",TPESampler,COMPLETE
607,0.01582339219748974,2025-04-25 20:22:53.391081,2025-04-25 20:24:17.653009,0 days 00:01:24.261928,0.047432758602937226,240,3,4,48,0.23928180281654743,144,1,1,112,0.22879364521180906,128,3,1,128,0.11328582154571304,216,360.0,288.0,3,1,0.001819556813025645,0.6,/work3/arnaou/checkpoints/groupgat_Tc_trial_607_best_state.pt,"{'learning_rate': 0.001819556813025645, 'lr_reduce': 0.6}",TPESampler,COMPLETE
608,0.019780166447162628,2025-04-25 20:24:05.608547,2025-04-25 20:25:49.980761,0 days 00:01:44.372214,0.08962837725882483,208,3,3,32,0.012593977319724003,128,4,3,96,0.06827525129027003,80,4,2,48,0.11898001640784035,256,376.0,288.0,3,1,0.00045355281628262913,0.6,/work3/arnaou/checkpoints/groupgat_Tc_trial_608_best_state.pt,"{'learning_rate': 0.00045355281628262913, 'lr_reduce': 0.6}",TPESampler,COMPLETE
609,0.020359456539154053,2025-04-25 20:24:15.895210,2025-04-25 20:26:34.915765,0 days 00:02:19.020555,0.0222186663819912,192,4,3,32,0.02098510591564623,160,3,4,112,0.14096821307874607,96,3,2,96,0.0563098937439904,176,368.0,344.0,3,1,0.00031981175887505224,0.6,/work3/arnaou/checkpoints/groupgat_Tc_trial_609_best_state.pt,"{'learning_rate': 0.00031981175887505224, 'lr_reduce': 0.6}",TPESampler,COMPLETE
610,0.032291073352098465,2025-04-25 20:24:17.921534,2025-04-25 20:26:36.338043,0 days 00:02:18.416509,0.08655584907971721,112,3,3,48,0.09869878475285868,96,4,4,96,0.11499540377095642,96,4,1,64,0.11757814299071725,160,296.0,280.0,3,1,0.0005113948964285249,0.6,/work3/arnaou/checkpoints/groupgat_Tc_trial_610_best_state.pt,"{'learning_rate': 0.0005113948964285249, 'lr_reduce': 0.6}",TPESampler,COMPLETE
611,0.01737297885119915,2025-04-25 20:25:50.241145,2025-04-25 20:27:46.014722,0 days 00:01:55.773577,0.0025084257220063383,256,4,3,32,0.18144927238824476,208,2,3,96,0.2336779326112224,112,1,1,128,0.20459965983668463,40,192.0,280.0,3,1,0.0006402235178251886,0.6,/work3/arnaou/checkpoints/groupgat_Tc_trial_611_best_state.pt,"{'learning_rate': 0.0006402235178251886, 'lr_reduce': 0.6}",TPESampler,COMPLETE
612,0.02869367226958275,2025-04-25 20:26:35.187312,2025-04-25 20:29:01.227715,0 days 00:02:26.040403,0.015582239760606202,224,3,4,32,0.02023023895902687,176,4,3,96,0.19587458070308283,96,4,1,80,0.01620005684314714,208,376.0,352.0,3,1,0.007894377075556491,0.6,/work3/arnaou/checkpoints/groupgat_Tc_trial_612_best_state.pt,"{'learning_rate': 0.007894377075556491, 'lr_reduce': 0.6}",TPESampler,COMPLETE
613,0.015196622349321842,2025-04-25 20:26:36.529510,2025-04-25 20:28:26.976339,0 days 00:01:50.446829,0.04863589441601021,208,4,3,32,0.12759479046517447,208,2,3,112,0.27646794360752647,96,2,1,112,0.2965597134122974,200,328.0,272.0,3,2,0.0018866574168847578,0.6,/work3/arnaou/checkpoints/groupgat_Tc_trial_613_best_state.pt,"{'learning_rate': 0.0018866574168847578, 'lr_reduce': 0.6}",TPESampler,COMPLETE
614,0.01815796084702015,2025-04-25 20:27:46.486297,2025-04-25 20:29:32.679019,0 days 00:01:46.192722,0.07213571917441733,256,4,4,32,0.19127236334461029,192,1,3,112,0.24646353849769917,112,1,1,112,0.16190995526654728,64,376.0,,2,2,0.000763096960823651,0.6,/work3/arnaou/checkpoints/groupgat_Tc_trial_614_best_state.pt,"{'learning_rate': 0.000763096960823651, 'lr_reduce': 0.6}",TPESampler,COMPLETE
615,0.014296812936663628,2025-04-25 20:28:27.282888,2025-04-25 20:30:48.284321,0 days 00:02:21.001433,0.020968154668071455,240,4,3,48,0.1951882451392868,144,1,4,112,0.16694239795751856,64,1,2,112,0.14060042858324814,256,312.0,320.0,3,2,0.0006311275243868866,0.6,/work3/arnaou/checkpoints/groupgat_Tc_trial_615_best_state.pt,"{'learning_rate': 0.0006311275243868866, 'lr_reduce': 0.6}",TPESampler,COMPLETE
616,0.022956684231758118,2025-04-25 20:29:01.400868,2025-04-25 20:31:22.339204,0 days 00:02:20.938336,0.033510205275868024,144,4,4,32,0.011789174879430313,80,4,4,112,0.15156699836188006,96,4,2,64,0.13643662295778164,120,368.0,272.0,3,1,0.0007660623692694374,0.6,/work3/arnaou/checkpoints/groupgat_Tc_trial_616_best_state.pt,"{'learning_rate': 0.0007660623692694374, 'lr_reduce': 0.6}",TPESampler,COMPLETE
617,0.01796863228082657,2025-04-25 20:29:32.986533,2025-04-25 20:30:54.545134,0 days 00:01:21.558601,0.04111224604412187,240,4,3,32,0.18034470410470202,144,2,4,112,0.11683473911330915,64,2,1,112,0.12666200327511606,120,384.0,256.0,3,2,0.0012194110270691311,0.6,/work3/arnaou/checkpoints/groupgat_Tc_trial_617_best_state.pt,"{'learning_rate': 0.0012194110270691311, 'lr_reduce': 0.6}",TPESampler,COMPLETE
618,0.02047869935631752,2025-04-25 20:30:48.482168,2025-04-25 20:33:12.134250,0 days 00:02:23.652082,0.09196064078991867,256,4,2,32,0.2614616195030994,192,1,4,112,0.15284313920852916,64,1,3,80,0.16319499757456962,336,312.0,392.0,3,2,0.004774716023401153,0.6,/work3/arnaou/checkpoints/groupgat_Tc_trial_618_best_state.pt,"{'learning_rate': 0.004774716023401153, 'lr_reduce': 0.6}",TPESampler,COMPLETE
619,0.02206987328827381,2025-04-25 20:30:54.721769,2025-04-25 20:32:55.618052,0 days 00:02:00.896283,0.05341151479556767,240,4,3,32,0.28764128580725423,176,2,4,112,0.2602680610229628,64,1,1,128,0.14580631491572243,32,232.0,328.0,3,1,0.0017329049011502668,0.6,/work3/arnaou/checkpoints/groupgat_Tc_trial_619_best_state.pt,"{'learning_rate': 0.0017329049011502668, 'lr_reduce': 0.6}",TPESampler,COMPLETE
620,0.020781762897968292,2025-04-25 20:31:22.531528,2025-04-25 20:33:12.780541,0 days 00:01:50.249013,0.09296099854274623,240,4,3,80,0.16603572565696015,96,1,4,96,0.18066877495798467,80,1,2,112,0.14057395368053713,208,272.0,344.0,3,2,0.0004686855174984172,0.6,/work3/arnaou/checkpoints/groupgat_Tc_trial_620_best_state.pt,"{'learning_rate': 0.0004686855174984172, 'lr_reduce': 0.6}",TPESampler,COMPLETE
621,0.02141580358147621,2025-04-25 20:32:55.820266,2025-04-25 20:35:21.723696,0 days 00:02:25.903430,0.004234188035715975,224,4,4,80,0.1789924141549697,144,2,4,112,0.08098068834897966,80,2,3,112,0.142849936510179,216,176.0,328.0,3,2,0.00020846930185061105,0.6,/work3/arnaou/checkpoints/groupgat_Tc_trial_621_best_state.pt,"{'learning_rate': 0.00020846930185061105, 'lr_reduce': 0.6}",TPESampler,COMPLETE
622,0.016543375328183174,2025-04-25 20:33:12.338453,2025-04-25 20:35:33.802473,0 days 00:02:21.464020,0.010124078415041676,224,4,4,32,0.012407142767108047,144,4,3,96,0.13119940624412368,64,4,1,80,0.057863620556330105,144,312.0,328.0,3,1,0.0008527313214282373,0.6,/work3/arnaou/checkpoints/groupgat_Tc_trial_622_best_state.pt,"{'learning_rate': 0.0008527313214282373, 'lr_reduce': 0.6}",TPESampler,COMPLETE
623,0.01670895516872406,2025-04-25 20:33:13.028123,2025-04-25 20:35:00.215553,0 days 00:01:47.187430,0.06718826147910792,256,3,4,32,0.11340957726439757,224,1,2,80,0.0854388172071252,128,2,1,128,0.06103367589554475,80,288.0,304.0,3,2,0.00048188201054412383,0.6,/work3/arnaou/checkpoints/groupgat_Tc_trial_623_best_state.pt,"{'learning_rate': 0.00048188201054412383, 'lr_reduce': 0.6}",TPESampler,COMPLETE
624,0.014883015304803848,2025-04-25 20:35:00.404341,2025-04-25 20:38:23.490445,0 days 00:03:23.086104,0.01290443674522947,224,3,2,48,0.15353116536993833,176,2,3,128,0.2042354661800337,48,1,2,64,0.1765768928210653,336,392.0,376.0,3,2,0.00037969525365311955,0.6,/work3/arnaou/checkpoints/groupgat_Tc_trial_624_best_state.pt,"{'learning_rate': 0.00037969525365311955, 'lr_reduce': 0.6}",TPESampler,COMPLETE
625,0.03686067461967468,2025-04-25 20:35:22.025345,2025-04-25 20:37:23.131071,0 days 00:02:01.105726,0.09317935988926869,224,4,4,80,0.12959047492661918,144,4,4,112,0.18176588791700618,64,3,1,112,0.0019505125198311588,320,136.0,,2,2,0.0067593002633574645,0.6,/work3/arnaou/checkpoints/groupgat_Tc_trial_625_best_state.pt,"{'learning_rate': 0.0067593002633574645, 'lr_reduce': 0.6}",TPESampler,COMPLETE
626,0.02031775377690792,2025-04-25 20:35:33.970431,2025-04-25 20:37:31.264669,0 days 00:01:57.294238,0.0009578060369036358,160,3,3,32,0.03808128954305602,144,4,4,80,0.20566744535432163,80,4,1,64,0.07269959161503142,144,336.0,296.0,3,1,0.0016326362211713558,0.6,/work3/arnaou/checkpoints/groupgat_Tc_trial_626_best_state.pt,"{'learning_rate': 0.0016326362211713558, 'lr_reduce': 0.6}",TPESampler,COMPLETE
627,0.014954575337469578,2025-04-25 20:37:23.419413,2025-04-25 20:39:26.466552,0 days 00:02:03.047139,0.01560051669341744,240,2,3,32,0.2513277153996954,224,1,1,112,0.22474284392656493,128,2,1,112,0.13747088091253257,224,392.0,280.0,3,2,0.0016967271088920632,0.6,/work3/arnaou/checkpoints/groupgat_Tc_trial_627_best_state.pt,"{'learning_rate': 0.0016967271088920632, 'lr_reduce': 0.6}",TPESampler,COMPLETE
628,0.01924896240234375,2025-04-25 20:37:31.509818,2025-04-25 20:39:11.933523,0 days 00:01:40.423705,0.06789997584865326,176,4,4,64,0.26496410336547627,240,2,2,80,0.17340947643946364,96,3,1,128,0.022981452594125762,32,376.0,336.0,3,2,0.0012289064496694502,0.6,/work3/arnaou/checkpoints/groupgat_Tc_trial_628_best_state.pt,"{'learning_rate': 0.0012289064496694502, 'lr_reduce': 0.6}",TPESampler,COMPLETE
629,0.013045838102698326,2025-04-25 20:38:23.683299,2025-04-25 20:40:43.818493,0 days 00:02:20.135194,0.015460287918509386,256,4,4,48,0.07623391842845406,208,1,3,128,0.2589443811361298,128,2,2,80,0.26894400808274194,32,136.0,264.0,3,2,0.00034823314740799535,0.6,/work3/arnaou/checkpoints/groupgat_Tc_trial_629_best_state.pt,"{'learning_rate': 0.00034823314740799535, 'lr_reduce': 0.6}",TPESampler,COMPLETE
630,0.01825111173093319,2025-04-25 20:39:12.127124,2025-04-25 20:41:38.424813,0 days 00:02:26.297689,0.013790153686311417,144,4,4,64,0.2878155354295725,240,2,2,128,0.2727787551094107,64,1,1,128,0.15319877382848682,56,296.0,312.0,3,2,0.00026675047361434984,0.6,/work3/arnaou/checkpoints/groupgat_Tc_trial_630_best_state.pt,"{'learning_rate': 0.00026675047361434984, 'lr_reduce': 0.6}",TPESampler,COMPLETE
631,0.016145063564181328,2025-04-25 20:39:26.634848,2025-04-25 20:41:37.251170,0 days 00:02:10.616322,0.020978599606986593,240,3,4,32,0.1839213060015024,256,1,3,112,0.1729386702157241,128,3,1,128,0.17958650998402817,176,384.0,32.0,3,2,0.00030532524019090336,0.6,/work3/arnaou/checkpoints/groupgat_Tc_trial_631_best_state.pt,"{'learning_rate': 0.00030532524019090336, 'lr_reduce': 0.6}",TPESampler,COMPLETE
632,0.017696548253297806,2025-04-25 20:40:44.261417,2025-04-25 20:43:04.980140,0 days 00:02:20.718723,0.02903284173543329,224,4,2,48,0.21882527010445887,176,1,4,96,0.11393932765021635,64,1,2,128,0.08830959100664017,168,136.0,264.0,3,2,0.00045189026113319703,0.6,/work3/arnaou/checkpoints/groupgat_Tc_trial_632_best_state.pt,"{'learning_rate': 0.00045189026113319703, 'lr_reduce': 0.6}",TPESampler,COMPLETE
633,0.016031213104724884,2025-04-25 20:41:37.431145,2025-04-25 20:43:23.902436,0 days 00:01:46.471291,0.01201539230872438,224,3,4,32,0.04202491635625607,176,2,4,112,0.2165515215152893,128,2,2,80,0.26967871085041956,208,128.0,288.0,3,2,0.0009157296102421032,0.6,/work3/arnaou/checkpoints/groupgat_Tc_trial_633_best_state.pt,"{'learning_rate': 0.0009157296102421032, 'lr_reduce': 0.6}",TPESampler,COMPLETE
634,0.016856618225574493,2025-04-25 20:41:38.628621,2025-04-25 20:43:27.395414,0 days 00:01:48.766793,0.13267763454813863,144,3,3,32,0.1773743626454416,192,3,4,128,0.2382407101162784,64,4,3,64,0.16400072271886335,400,136.0,,2,2,0.0018414079638208976,0.6,/work3/arnaou/checkpoints/groupgat_Tc_trial_634_best_state.pt,"{'learning_rate': 0.0018414079638208976, 'lr_reduce': 0.6}",TPESampler,COMPLETE
