number,value,datetime_start,datetime_complete,duration,params_L1_dropout,params_L1_hidden_dim,params_L1_layers_atom,params_L1_layers_mol,params_L1_out_dim,params_L2_dropout,params_L2_hidden_dim,params_L2_layers_atom,params_L2_layers_mol,params_L2_out_dim,params_L3_dropout,params_L3_hidden_dim,params_L3_layers_atom,params_L3_layers_mol,params_L3_out_dim,params_final_dropout,params_mlp_dim_0,params_mlp_dim_1,params_mlp_dim_2,params_n_mlp_layers,params_num_heads,params_train_learning_rate,params_train_lr_reduce,user_attrs_best_state_dict_path,user_attrs_training_params,system_attrs_auto:sampler,state
2488,0.01690172590315342,2025-04-27 01:56:14.297748,2025-04-27 01:58:11.169853,0 days 00:01:56.872105,0.05675006277919736,208,2,3,32,0.019825261159267263,192,2,1,64,0.2414218747178854,112,4,2,128,0.2616059716102752,152,128.0,72.0,3,2,0.001286769453931287,0.6,/work3/arnaou/checkpoints/groupgat_Tc_trial_2488_best_state.pt,"{'learning_rate': 0.001286769453931287, 'lr_reduce': 0.6}",TPESampler,COMPLETE
2489,0.014610937796533108,2025-04-27 01:56:53.260237,2025-04-27 01:59:25.118774,0 days 00:02:31.858537,0.009445534753955091,192,4,4,32,0.2785213990611131,112,2,3,128,0.10527797645513427,96,4,1,112,0.2335489801623835,192,168.0,128.0,3,2,0.0007388441941251759,0.6,/work3/arnaou/checkpoints/groupgat_Tc_trial_2489_best_state.pt,"{'learning_rate': 0.0007388441941251759, 'lr_reduce': 0.6}",TPESampler,COMPLETE
2490,0.01355508528649807,2025-04-27 01:58:11.385200,2025-04-27 02:01:44.062491,0 days 00:03:32.677291,0.005801498397816264,208,4,4,96,0.0815375263514526,144,1,3,80,0.20276880746601472,112,3,3,128,0.15061035434887624,152,96.0,184.0,3,2,0.00047193965009312435,0.6,/work3/arnaou/checkpoints/groupgat_Tc_trial_2490_best_state.pt,"{'learning_rate': 0.00047193965009312435, 'lr_reduce': 0.6}",TPESampler,COMPLETE
2491,0.03660492226481438,2025-04-27 01:58:12.343448,2025-04-27 02:00:51.010547,0 days 00:02:38.667099,0.07894985888196729,112,4,3,128,0.20223218958735284,64,1,1,112,0.1926480881841626,112,2,1,80,0.03137728370688145,424,,,1,1,0.00012044200676883375,0.6,/work3/arnaou/checkpoints/groupgat_Tc_trial_2491_best_state.pt,"{'learning_rate': 0.00012044200676883375, 'lr_reduce': 0.6}",TPESampler,COMPLETE
2492,0.040802232921123505,2025-04-27 01:59:25.448861,2025-04-27 02:01:03.910654,0 days 00:01:38.461793,0.03779402925981819,176,4,1,80,0.191949546153561,128,1,4,48,0.04858730435034375,96,2,1,80,0.2871266802597086,296,,,1,2,0.007964445423432697,0.6,/work3/arnaou/checkpoints/groupgat_Tc_trial_2492_best_state.pt,"{'learning_rate': 0.007964445423432697, 'lr_reduce': 0.6}",TPESampler,COMPLETE
2493,0.016645489260554314,2025-04-27 02:00:51.289319,2025-04-27 02:02:41.525306,0 days 00:01:50.235987,0.01982809588497275,256,2,3,48,0.22399476656466916,192,1,4,128,0.15008365817366426,64,3,2,112,0.1076928621432165,312,64.0,96.0,3,2,0.0009305669712513416,0.6,/work3/arnaou/checkpoints/groupgat_Tc_trial_2493_best_state.pt,"{'learning_rate': 0.0009305669712513416, 'lr_reduce': 0.6}",TPESampler,COMPLETE
2494,0.014002198353409767,2025-04-27 02:01:04.382200,2025-04-27 02:03:06.475739,0 days 00:02:02.093539,0.0026965291697371163,256,4,4,128,0.20646091534435307,240,3,1,112,0.2443930723872185,48,3,1,112,0.11010066725074637,80,152.0,,2,2,0.0007020505498595885,0.6,/work3/arnaou/checkpoints/groupgat_Tc_trial_2494_best_state.pt,"{'learning_rate': 0.0007020505498595885, 'lr_reduce': 0.6}",TPESampler,COMPLETE
2495,0.03035948984324932,2025-04-27 02:01:44.475188,2025-04-27 02:04:02.808406,0 days 00:02:18.333218,0.2339082571150236,176,3,4,96,0.027139701889492426,208,2,2,32,0.10586570318517532,112,1,4,112,0.138932246448898,344,,,1,2,0.008533519382865428,0.6,/work3/arnaou/checkpoints/groupgat_Tc_trial_2495_best_state.pt,"{'learning_rate': 0.008533519382865428, 'lr_reduce': 0.6}",TPESampler,COMPLETE
2496,0.01788313314318657,2025-04-27 02:02:41.819837,2025-04-27 02:04:29.471588,0 days 00:01:47.651751,0.10354177891241201,256,4,4,112,0.2880318456776793,176,1,1,128,0.23805309908982822,64,2,1,128,0.00585895334029847,64,512.0,,2,2,0.000812760233968237,0.6,/work3/arnaou/checkpoints/groupgat_Tc_trial_2496_best_state.pt,"{'learning_rate': 0.000812760233968237, 'lr_reduce': 0.6}",TPESampler,COMPLETE
2497,0.025443004444241524,2025-04-27 02:03:06.816444,2025-04-27 02:04:39.340590,0 days 00:01:32.524146,0.0738320179993691,176,4,1,80,0.28731482793483776,240,1,2,64,0.011075276450934202,96,3,3,80,0.1243210871094775,440,240.0,,2,2,0.002404393300548924,0.6,/work3/arnaou/checkpoints/groupgat_Tc_trial_2497_best_state.pt,"{'learning_rate': 0.002404393300548924, 'lr_reduce': 0.6}",TPESampler,COMPLETE
2498,0.020501283928751945,2025-04-27 02:04:03.019114,2025-04-27 02:05:43.100335,0 days 00:01:40.081221,0.023357176397245577,224,3,4,96,0.26106689752895174,256,1,2,96,0.20146206674293404,64,3,2,112,0.05566311315936124,32,120.0,,2,2,0.002083807324955967,0.6,/work3/arnaou/checkpoints/groupgat_Tc_trial_2498_best_state.pt,"{'learning_rate': 0.002083807324955967, 'lr_reduce': 0.6}",TPESampler,COMPLETE
2499,0.014665210619568825,2025-04-27 02:04:29.746274,2025-04-27 02:05:49.484945,0 days 00:01:19.738671,0.013904754199699158,128,4,4,96,0.0721672097293691,160,1,2,96,0.29409017252827263,96,4,2,128,0.1320460616948459,144,184.0,,2,2,0.0009050726879184982,0.6,/work3/arnaou/checkpoints/groupgat_Tc_trial_2499_best_state.pt,"{'learning_rate': 0.0009050726879184982, 'lr_reduce': 0.6}",TPESampler,COMPLETE
