number,value,datetime_start,datetime_complete,duration,params_L1_dropout,params_L1_hidden_dim,params_L1_layers_atom,params_L1_layers_mol,params_L1_out_dim,params_L2_dropout,params_L2_hidden_dim,params_L2_layers_atom,params_L2_layers_mol,params_L2_out_dim,params_L3_dropout,params_L3_hidden_dim,params_L3_layers_atom,params_L3_layers_mol,params_L3_out_dim,params_final_dropout,params_mlp_dim_0,params_mlp_dim_1,params_mlp_dim_2,params_n_mlp_layers,params_num_heads,params_train_learning_rate,params_train_lr_reduce,user_attrs_best_state_dict_path,user_attrs_training_params,system_attrs_auto:sampler,state
1164,0.015711423009634018,2025-04-26 03:10:49.655187,2025-04-26 03:12:38.901603,0 days 00:01:49.246416,0.022324999170340795,256,3,4,64,0.2790775106717415,176,2,4,128,0.20073300128592628,64,2,2,112,0.1332872706523902,96,104.0,352.0,3,2,0.000556438279595036,0.6,/work3/arnaou/checkpoints/groupgat_Tc_trial_1164_best_state.pt,"{'learning_rate': 0.000556438279595036, 'lr_reduce': 0.6}",TPESampler,COMPLETE
1165,0.021522745490074158,2025-04-26 03:10:52.758474,2025-04-26 03:12:30.108416,0 days 00:01:37.349942,0.026335953444747318,192,4,2,48,0.049217820377323855,112,4,4,96,0.1209193169963092,80,3,1,64,0.07518953048837036,152,392.0,,2,1,0.001999155721210559,0.6,/work3/arnaou/checkpoints/groupgat_Tc_trial_1165_best_state.pt,"{'learning_rate': 0.001999155721210559, 'lr_reduce': 0.6}",TPESampler,COMPLETE
1166,0.018180960789322853,2025-04-26 03:11:55.337673,2025-04-26 03:13:25.380165,0 days 00:01:30.042492,0.06895284398645861,176,3,4,64,0.17371374595656808,240,4,2,112,0.1304735920420733,96,2,1,128,0.07136074400695049,48,136.0,,2,1,0.002488636579526256,0.6,/work3/arnaou/checkpoints/groupgat_Tc_trial_1166_best_state.pt,"{'learning_rate': 0.002488636579526256, 'lr_reduce': 0.6}",TPESampler,COMPLETE
1167,0.03736681491136551,2025-04-26 03:12:30.325421,2025-04-26 03:14:54.574879,0 days 00:02:24.249458,0.01470567333105407,224,3,2,48,0.14463593913113776,256,2,4,128,0.2175943047181254,80,4,1,112,0.15304142827938563,328,80.0,72.0,3,1,0.005957149306874173,0.6,/work3/arnaou/checkpoints/groupgat_Tc_trial_1167_best_state.pt,"{'learning_rate': 0.005957149306874173, 'lr_reduce': 0.6}",TPESampler,COMPLETE
1168,0.015257047489285469,2025-04-26 03:12:39.103436,2025-04-26 03:14:20.506770,0 days 00:01:41.403334,0.010788764175041207,176,4,4,64,0.011492387262652247,176,3,1,48,0.16821918945762404,112,4,3,112,0.23510218120793028,152,144.0,32.0,3,1,0.0008555031815941866,0.6,/work3/arnaou/checkpoints/groupgat_Tc_trial_1168_best_state.pt,"{'learning_rate': 0.0008555031815941866, 'lr_reduce': 0.6}",TPESampler,COMPLETE
1169,0.044754087924957275,2025-04-26 03:13:25.721346,2025-04-26 03:14:21.855693,0 days 00:00:56.134347,0.013580111827670695,208,4,4,48,0.2510862984842591,224,1,1,112,0.24882893913642606,64,2,1,96,0.03347500214215081,40,,,1,2,0.0015305649816846267,0.6,/work3/arnaou/checkpoints/groupgat_Tc_trial_1169_best_state.pt,"{'learning_rate': 0.0015305649816846267, 'lr_reduce': 0.6}",TPESampler,COMPLETE
1170,0.01868402771651745,2025-04-26 03:14:20.854024,2025-04-26 03:17:10.801990,0 days 00:02:49.947966,0.0035334443994639248,80,3,3,32,0.10974381703135774,208,2,3,128,0.22805981461130198,80,4,1,48,0.16718395930836905,184,312.0,336.0,3,2,0.0005042772392319528,0.6,/work3/arnaou/checkpoints/groupgat_Tc_trial_1170_best_state.pt,"{'learning_rate': 0.0005042772392319528, 'lr_reduce': 0.6}",TPESampler,COMPLETE
1171,0.01874581165611744,2025-04-26 03:14:22.068271,2025-04-26 03:16:03.606907,0 days 00:01:41.538636,0.016898476206112137,192,3,4,48,0.13997589946582445,112,4,4,48,0.19305510135504622,96,3,2,128,0.23712480604643826,296,200.0,408.0,3,2,0.0009390053315464414,0.6,/work3/arnaou/checkpoints/groupgat_Tc_trial_1171_best_state.pt,"{'learning_rate': 0.0009390053315464414, 'lr_reduce': 0.6}",TPESampler,COMPLETE
1172,0.026139870285987854,2025-04-26 03:14:54.801584,2025-04-26 03:16:25.595481,0 days 00:01:30.793897,0.02543149521077099,208,3,2,48,0.06235047844658611,256,3,4,112,0.2548158370357446,48,3,1,96,0.20970934632509963,176,80.0,80.0,3,2,0.005861691766091263,0.6,/work3/arnaou/checkpoints/groupgat_Tc_trial_1172_best_state.pt,"{'learning_rate': 0.005861691766091263, 'lr_reduce': 0.6}",TPESampler,COMPLETE
1173,0.014930332079529762,2025-04-26 03:16:03.979467,2025-04-26 03:18:23.370831,0 days 00:02:19.391364,0.06470552797672695,256,4,4,80,0.07225017333209521,208,1,3,128,0.20078981558794012,96,2,2,96,0.27379978543529226,40,400.0,312.0,3,2,0.00047012720435159075,0.6,/work3/arnaou/checkpoints/groupgat_Tc_trial_1173_best_state.pt,"{'learning_rate': 0.00047012720435159075, 'lr_reduce': 0.6}",TPESampler,COMPLETE
1174,0.017361067235469818,2025-04-26 03:16:25.825642,2025-04-26 03:18:36.410267,0 days 00:02:10.584625,0.04202333521024229,224,4,4,32,0.11190277411823357,96,4,4,112,0.11105792321128968,112,4,1,80,0.05190529512435608,72,120.0,120.0,3,1,0.0005430827517178691,0.6,/work3/arnaou/checkpoints/groupgat_Tc_trial_1174_best_state.pt,"{'learning_rate': 0.0005430827517178691, 'lr_reduce': 0.6}",TPESampler,COMPLETE
1175,0.019327864050865173,2025-04-26 03:17:11.487180,2025-04-26 03:19:52.415772,0 days 00:02:40.928592,0.059783911114229815,176,3,1,32,0.15469999676873375,192,3,4,128,0.27936024417791216,96,3,1,64,0.06526662930692964,176,352.0,72.0,3,2,0.0032224476235298014,0.6,/work3/arnaou/checkpoints/groupgat_Tc_trial_1175_best_state.pt,"{'learning_rate': 0.0032224476235298014, 'lr_reduce': 0.6}",TPESampler,COMPLETE
1176,0.014058592729270458,2025-04-26 03:18:23.686662,2025-04-26 03:20:21.524806,0 days 00:01:57.838144,0.022111675906153903,192,4,4,48,0.25708858792900074,240,1,2,96,0.13585871167855418,48,2,1,112,0.06617196727876945,80,80.0,,2,2,0.0007365742945219967,0.6,/work3/arnaou/checkpoints/groupgat_Tc_trial_1176_best_state.pt,"{'learning_rate': 0.0007365742945219967, 'lr_reduce': 0.6}",TPESampler,COMPLETE
1177,0.017839064821600914,2025-04-26 03:18:36.646218,2025-04-26 03:20:32.706366,0 days 00:01:56.060148,0.044593909377847615,240,3,2,48,0.024756400890176975,224,1,4,128,0.22093823762985684,80,2,2,96,0.2756645004150036,48,168.0,32.0,3,2,0.0012112613409752228,0.6,/work3/arnaou/checkpoints/groupgat_Tc_trial_1177_best_state.pt,"{'learning_rate': 0.0012112613409752228, 'lr_reduce': 0.6}",TPESampler,COMPLETE
1178,0.018271859735250473,2025-04-26 03:19:52.644691,2025-04-26 03:21:46.107185,0 days 00:01:53.462494,0.022568820596762525,224,3,4,32,0.08388154520213587,240,2,4,128,0.2179373492854878,128,1,3,80,0.1410920906508754,144,104.0,296.0,3,1,0.00017386737967086153,0.6,/work3/arnaou/checkpoints/groupgat_Tc_trial_1178_best_state.pt,"{'learning_rate': 0.00017386737967086153, 'lr_reduce': 0.6}",TPESampler,COMPLETE
1179,0.017567066475749016,2025-04-26 03:20:21.821032,2025-04-26 03:22:15.454790,0 days 00:01:53.633758,0.0131440284726264,160,2,3,64,0.036939629798371613,160,2,3,96,0.21525283762574637,128,4,2,128,0.1141483165864203,240,432.0,368.0,3,2,0.0008295317363099975,0.6,/work3/arnaou/checkpoints/groupgat_Tc_trial_1179_best_state.pt,"{'learning_rate': 0.0008295317363099975, 'lr_reduce': 0.6}",TPESampler,COMPLETE
1180,0.024473438039422035,2025-04-26 03:20:33.028152,2025-04-26 03:22:35.102171,0 days 00:02:02.074019,0.07459001028050093,240,3,3,112,0.29080696985066046,144,1,1,80,0.13074622355485835,64,3,1,112,0.08548430470507037,64,368.0,,2,2,0.00036063709273607205,0.6,/work3/arnaou/checkpoints/groupgat_Tc_trial_1180_best_state.pt,"{'learning_rate': 0.00036063709273607205, 'lr_reduce': 0.6}",TPESampler,COMPLETE
1181,0.0184119064360857,2025-04-26 03:21:46.407178,2025-04-26 03:24:11.060032,0 days 00:02:24.652854,0.021232077587328365,240,4,2,48,0.029783068635045637,256,1,3,96,0.23792920122683628,112,2,2,112,0.2843459395284202,104,288.0,512.0,3,2,0.0007209011303307463,0.6,/work3/arnaou/checkpoints/groupgat_Tc_trial_1181_best_state.pt,"{'learning_rate': 0.0007209011303307463, 'lr_reduce': 0.6}",TPESampler,COMPLETE
1182,0.014615502208471298,2025-04-26 03:22:15.762937,2025-04-26 03:24:28.529631,0 days 00:02:12.766694,0.009350889458466908,144,3,2,32,0.033196240595629395,160,4,4,112,0.0949964455776318,80,4,2,48,0.06924177641042387,88,144.0,120.0,3,1,0.0007011633390736106,0.6,/work3/arnaou/checkpoints/groupgat_Tc_trial_1182_best_state.pt,"{'learning_rate': 0.0007011633390736106, 'lr_reduce': 0.6}",TPESampler,COMPLETE
1183,0.016644401475787163,2025-04-26 03:22:35.376509,2025-04-26 03:24:07.271810,0 days 00:01:31.895301,0.037285295440588145,160,3,2,32,0.09225599109992141,224,3,4,128,0.21385905493532847,48,4,1,80,0.15944333454476775,168,64.0,296.0,3,1,0.0027768870800366882,0.6,/work3/arnaou/checkpoints/groupgat_Tc_trial_1183_best_state.pt,"{'learning_rate': 0.0027768870800366882, 'lr_reduce': 0.6}",TPESampler,COMPLETE
1184,0.026228656992316246,2025-04-26 03:24:07.554367,2025-04-26 03:27:00.541392,0 days 00:02:52.987025,0.006102994964513991,240,4,4,32,0.1557669601408162,240,2,3,112,0.25926997342555413,64,3,2,48,0.28443147292075543,168,184.0,104.0,3,2,0.000140170563882025,0.6,/work3/arnaou/checkpoints/groupgat_Tc_trial_1184_best_state.pt,"{'learning_rate': 0.000140170563882025, 'lr_reduce': 0.6}",TPESampler,COMPLETE
1185,0.052552442997694016,2025-04-26 03:24:11.360920,2025-04-26 03:25:35.036825,0 days 00:01:23.675905,0.013339726512257262,240,4,4,32,0.23550459813689748,80,4,4,128,0.20533559458041473,64,4,1,112,0.1073823479204581,184,112.0,32.0,3,1,0.0009458239280822069,0.6,/work3/arnaou/checkpoints/groupgat_Tc_trial_1185_best_state.pt,"{'learning_rate': 0.0009458239280822069, 'lr_reduce': 0.6}",TPESampler,COMPLETE
1186,0.013754371553659439,2025-04-26 03:24:28.754677,2025-04-26 03:26:25.141771,0 days 00:01:56.387094,0.02204247585689462,208,4,4,80,0.2559020261624651,224,1,2,96,0.195464241920102,64,2,1,128,0.10324391638150866,128,72.0,264.0,3,2,0.0006503680643668846,0.6,/work3/arnaou/checkpoints/groupgat_Tc_trial_1186_best_state.pt,"{'learning_rate': 0.0006503680643668846, 'lr_reduce': 0.6}",TPESampler,COMPLETE
1187,0.019871924072504044,2025-04-26 03:25:35.258132,2025-04-26 03:27:44.920527,0 days 00:02:09.662395,0.06424987298738803,256,4,3,64,0.20448974574184536,192,1,3,112,0.22351977100945503,48,2,1,128,0.12653052405878948,80,384.0,,2,2,0.0002744722162879131,0.6,/work3/arnaou/checkpoints/groupgat_Tc_trial_1187_best_state.pt,"{'learning_rate': 0.0002744722162879131, 'lr_reduce': 0.6}",TPESampler,COMPLETE
1188,0.021592171862721443,2025-04-26 03:26:25.883278,2025-04-26 03:28:36.525821,0 days 00:02:10.642543,0.10063031326310695,144,4,3,96,0.21686742090189404,256,1,2,112,0.11266670634572945,80,2,1,128,0.05257375225143783,168,64.0,264.0,3,2,0.00027427853968264285,0.6,/work3/arnaou/checkpoints/groupgat_Tc_trial_1188_best_state.pt,"{'learning_rate': 0.00027427853968264285, 'lr_reduce': 0.6}",TPESampler,COMPLETE
1189,0.01505119539797306,2025-04-26 03:27:00.899273,2025-04-26 03:28:40.010251,0 days 00:01:39.110978,0.05352749801846998,208,4,4,96,0.24801935343007156,240,2,1,128,0.09112924238007789,96,2,1,96,0.0493351484549623,328,64.0,,2,1,0.0010673020185297762,0.6,/work3/arnaou/checkpoints/groupgat_Tc_trial_1189_best_state.pt,"{'learning_rate': 0.0010673020185297762, 'lr_reduce': 0.6}",TPESampler,COMPLETE
1190,0.015080835670232773,2025-04-26 03:27:46.201306,2025-04-26 03:30:09.924079,0 days 00:02:23.722773,0.05453012339518998,192,3,4,48,0.16898273981743545,144,1,4,32,0.1493721802784849,96,4,1,128,0.27287490518882906,256,32.0,264.0,3,2,0.0002978172117330069,0.6,/work3/arnaou/checkpoints/groupgat_Tc_trial_1190_best_state.pt,"{'learning_rate': 0.0002978172117330069, 'lr_reduce': 0.6}",TPESampler,COMPLETE
1191,0.015012010000646114,2025-04-26 03:28:36.857112,2025-04-26 03:30:54.530663,0 days 00:02:17.673551,0.02889970418448092,256,4,4,64,0.16715099031475653,224,3,3,112,0.23738328307355516,96,2,2,48,0.23646943506380866,40,72.0,296.0,3,2,0.00022688811511654904,0.6,/work3/arnaou/checkpoints/groupgat_Tc_trial_1191_best_state.pt,"{'learning_rate': 0.00022688811511654904, 'lr_reduce': 0.6}",TPESampler,COMPLETE
1192,0.014622214250266552,2025-04-26 03:28:40.380420,2025-04-26 03:30:38.780354,0 days 00:01:58.399934,0.017026410662151357,224,4,4,80,0.1966535721796542,192,1,1,96,0.18428341792410904,64,2,1,128,0.11172713966958439,96,56.0,240.0,3,2,0.00047749274106150127,0.6,/work3/arnaou/checkpoints/groupgat_Tc_trial_1192_best_state.pt,"{'learning_rate': 0.00047749274106150127, 'lr_reduce': 0.6}",TPESampler,COMPLETE
1193,0.01718083955347538,2025-04-26 03:30:10.156728,2025-04-26 03:31:45.382068,0 days 00:01:35.225340,0.010340346401784675,160,2,2,32,0.2906088376353952,176,1,4,112,0.11991849648389565,96,3,1,48,0.13050780332989975,184,72.0,272.0,3,1,0.001252673347861321,0.6,/work3/arnaou/checkpoints/groupgat_Tc_trial_1193_best_state.pt,"{'learning_rate': 0.001252673347861321, 'lr_reduce': 0.6}",TPESampler,COMPLETE
1194,0.015480782836675644,2025-04-26 03:30:39.111388,2025-04-26 03:32:49.392048,0 days 00:02:10.280660,0.03540598557703421,192,3,4,96,0.28416625223081127,240,2,3,128,0.21864216788741553,80,2,1,112,0.11582885138169424,48,104.0,,2,1,0.0008300087235700041,0.6,/work3/arnaou/checkpoints/groupgat_Tc_trial_1194_best_state.pt,"{'learning_rate': 0.0008300087235700041, 'lr_reduce': 0.6}",TPESampler,COMPLETE
1195,0.03548742085695267,2025-04-26 03:30:54.832748,2025-04-26 03:33:09.748103,0 days 00:02:14.915355,0.21237936065882168,224,1,4,32,0.19473604786669077,256,4,4,128,0.028258382349456504,112,3,2,64,0.12694960956563042,304,72.0,320.0,3,2,0.00015645853383166957,0.6,/work3/arnaou/checkpoints/groupgat_Tc_trial_1195_best_state.pt,"{'learning_rate': 0.00015645853383166957, 'lr_reduce': 0.6}",TPESampler,COMPLETE
1196,0.01959642954170704,2025-04-26 03:31:45.684402,2025-04-26 03:33:53.101711,0 days 00:02:07.417309,0.09159422508459758,176,3,4,48,0.08065479500344859,96,2,4,32,0.2655362764312327,64,4,3,112,0.17620990116251656,208,96.0,240.0,3,2,0.0007997328014662074,0.6,/work3/arnaou/checkpoints/groupgat_Tc_trial_1196_best_state.pt,"{'learning_rate': 0.0007997328014662074, 'lr_reduce': 0.6}",TPESampler,COMPLETE
1197,0.014799267053604126,2025-04-26 03:32:50.310238,2025-04-26 03:35:54.720856,0 days 00:03:04.410618,0.03148877125693879,192,4,2,48,0.057568559547932364,256,4,4,112,0.25366259493610355,64,4,1,80,0.19220671305013265,184,32.0,288.0,3,2,0.0009714112348496951,0.6,/work3/arnaou/checkpoints/groupgat_Tc_trial_1197_best_state.pt,"{'learning_rate': 0.0009714112348496951, 'lr_reduce': 0.6}",TPESampler,COMPLETE
1198,0.015624855645000935,2025-04-26 03:33:09.965711,2025-04-26 03:35:37.291106,0 days 00:02:27.325395,0.0005126231902616712,192,3,4,96,0.294622838229943,256,1,2,64,0.28112913646426946,64,3,1,112,0.1103736939288529,104,112.0,240.0,3,2,0.0018146614452407327,0.6,/work3/arnaou/checkpoints/groupgat_Tc_trial_1198_best_state.pt,"{'learning_rate': 0.0018146614452407327, 'lr_reduce': 0.6}",TPESampler,COMPLETE
1199,0.014370091259479523,2025-04-26 03:33:53.639783,2025-04-26 03:35:46.255475,0 days 00:01:52.615692,0.007272892828930117,160,4,4,64,0.2945203703868935,256,2,2,128,0.19507250832053727,48,3,1,128,0.14048348898404223,48,112.0,,2,2,0.0012496305649822219,0.6,/work3/arnaou/checkpoints/groupgat_Tc_trial_1199_best_state.pt,"{'learning_rate': 0.0012496305649822219, 'lr_reduce': 0.6}",TPESampler,COMPLETE
1200,0.018517157062888145,2025-04-26 03:35:37.592855,2025-04-26 03:37:40.514256,0 days 00:02:02.921401,0.04146519823116741,192,4,3,32,0.21040999569939117,112,4,4,128,0.04697725253687321,80,4,1,128,0.07595188915268411,40,72.0,,2,1,0.0009592164631247149,0.6,/work3/arnaou/checkpoints/groupgat_Tc_trial_1200_best_state.pt,"{'learning_rate': 0.0009592164631247149, 'lr_reduce': 0.6}",TPESampler,COMPLETE
1201,0.017422551289200783,2025-04-26 03:35:46.571222,2025-04-26 03:37:27.109367,0 days 00:01:40.538145,0.08015491300084703,160,3,3,32,0.06127480334170468,256,4,4,128,0.2986970472165906,112,4,1,112,0.19343820918124874,64,128.0,,2,2,0.0018802020291611018,0.6,/work3/arnaou/checkpoints/groupgat_Tc_trial_1201_best_state.pt,"{'learning_rate': 0.0018802020291611018, 'lr_reduce': 0.6}",TPESampler,COMPLETE
1202,0.016826950013637543,2025-04-26 03:35:55.090296,2025-04-26 03:38:01.161441,0 days 00:02:06.071145,0.0760526180660462,144,4,4,80,0.2845966386034235,256,1,2,128,0.16777922831355535,48,3,1,112,0.03312996302596123,96,80.0,,2,2,0.0007676148406625798,0.6,/work3/arnaou/checkpoints/groupgat_Tc_trial_1202_best_state.pt,"{'learning_rate': 0.0007676148406625798, 'lr_reduce': 0.6}",TPESampler,COMPLETE
1203,0.01780245453119278,2025-04-26 03:37:27.492450,2025-04-26 03:39:40.927063,0 days 00:02:13.434613,0.014337418400170464,224,4,3,48,0.08123822108666488,224,1,3,128,0.29748081810694,112,2,3,80,0.23849502237797826,88,144.0,288.0,3,2,0.0012793505766200833,0.6,/work3/arnaou/checkpoints/groupgat_Tc_trial_1203_best_state.pt,"{'learning_rate': 0.0012793505766200833, 'lr_reduce': 0.6}",TPESampler,COMPLETE
1204,0.014537064358592033,2025-04-26 03:37:41.668304,2025-04-26 03:39:45.070161,0 days 00:02:03.401857,0.021657285064748687,192,4,4,96,0.2544740118886125,224,2,2,80,0.15857000173733188,80,2,1,128,0.13295525356970017,248,72.0,232.0,3,2,0.0011285941823961658,0.6,/work3/arnaou/checkpoints/groupgat_Tc_trial_1204_best_state.pt,"{'learning_rate': 0.0011285941823961658, 'lr_reduce': 0.6}",TPESampler,COMPLETE
1205,0.016265153884887695,2025-04-26 03:38:01.396303,2025-04-26 03:40:25.837206,0 days 00:02:24.440903,0.04040922508233902,112,4,2,32,0.061210891186415185,176,3,3,128,0.24722274525244742,96,4,1,96,0.1108877838807066,296,112.0,312.0,3,2,0.0020156573545280715,0.6,/work3/arnaou/checkpoints/groupgat_Tc_trial_1205_best_state.pt,"{'learning_rate': 0.0020156573545280715, 'lr_reduce': 0.6}",TPESampler,COMPLETE
1206,0.01850644312798977,2025-04-26 03:39:41.202248,2025-04-26 03:41:38.818284,0 days 00:01:57.616036,0.03336600285198101,208,4,4,112,0.2066820614403658,240,1,2,96,0.16294808025071578,80,2,1,128,0.11279658548773816,176,136.0,256.0,3,1,0.0003071038979865545,0.6,/work3/arnaou/checkpoints/groupgat_Tc_trial_1206_best_state.pt,"{'learning_rate': 0.0003071038979865545, 'lr_reduce': 0.6}",TPESampler,COMPLETE
1207,0.01495406124740839,2025-04-26 03:39:45.552681,2025-04-26 03:41:38.563363,0 days 00:01:53.010682,0.011307616071330285,160,3,2,48,0.12608305621622032,176,1,4,96,0.29056747593885546,80,4,1,80,0.13675903334404005,240,56.0,216.0,3,2,0.0012678297133552016,0.6,/work3/arnaou/checkpoints/groupgat_Tc_trial_1207_best_state.pt,"{'learning_rate': 0.0012678297133552016, 'lr_reduce': 0.6}",TPESampler,COMPLETE
1208,0.028363175690174103,2025-04-26 03:40:26.142954,2025-04-26 03:42:49.135379,0 days 00:02:22.992425,0.04763530397815195,224,4,4,48,0.06412322216046376,224,1,2,112,0.19466355306033212,112,2,2,80,0.21735404659901625,64,104.0,320.0,3,2,0.00010683475951854657,0.6,/work3/arnaou/checkpoints/groupgat_Tc_trial_1208_best_state.pt,"{'learning_rate': 0.00010683475951854657, 'lr_reduce': 0.6}",TPESampler,COMPLETE
1209,0.017238283529877663,2025-04-26 03:41:38.817615,2025-04-26 03:43:06.155340,0 days 00:01:27.337725,0.03216554700500912,176,4,4,80,0.29381038455911385,224,2,2,128,0.1259166090228023,112,2,2,112,0.11595706215029389,80,32.0,,2,1,0.0013625758946166676,0.6,/work3/arnaou/checkpoints/groupgat_Tc_trial_1209_best_state.pt,"{'learning_rate': 0.0013625758946166676, 'lr_reduce': 0.6}",TPESampler,COMPLETE
1210,0.017518607899546623,2025-04-26 03:41:39.051427,2025-04-26 03:43:50.962340,0 days 00:02:11.910913,0.042810561033666636,208,4,3,48,0.021700663836894576,160,4,4,128,0.12607816434284574,80,4,1,48,0.15991936795507694,192,160.0,272.0,3,1,0.0005777260348696507,0.6,/work3/arnaou/checkpoints/groupgat_Tc_trial_1210_best_state.pt,"{'learning_rate': 0.0005777260348696507, 'lr_reduce': 0.6}",TPESampler,COMPLETE
1211,0.015151646919548512,2025-04-26 03:42:49.820102,2025-04-26 03:45:34.439383,0 days 00:02:44.619281,0.0014192385723480949,224,3,3,32,0.2549455414808034,160,2,4,112,0.08691743514314093,112,4,1,80,0.20424984321572912,312,216.0,80.0,3,2,0.0004608581836156988,0.6,/work3/arnaou/checkpoints/groupgat_Tc_trial_1211_best_state.pt,"{'learning_rate': 0.0004608581836156988, 'lr_reduce': 0.6}",TPESampler,COMPLETE
1212,0.018272439017891884,2025-04-26 03:43:06.565190,2025-04-26 03:45:01.944788,0 days 00:01:55.379598,0.0070956641930908955,176,4,2,48,0.1490870624214542,176,4,4,112,0.06402150798489474,80,4,3,112,0.14592805419869467,144,104.0,208.0,3,1,0.0018800033018793192,0.6,/work3/arnaou/checkpoints/groupgat_Tc_trial_1212_best_state.pt,"{'learning_rate': 0.0018800033018793192, 'lr_reduce': 0.6}",TPESampler,COMPLETE
1213,0.02082083933055401,2025-04-26 03:43:51.294020,2025-04-26 03:45:40.455153,0 days 00:01:49.161133,0.08605140209359284,112,4,4,80,0.28486157593465133,176,1,2,96,0.1965534537216777,96,2,1,112,0.09524525925604957,152,72.0,264.0,3,2,0.0005605745680130008,0.6,/work3/arnaou/checkpoints/groupgat_Tc_trial_1213_best_state.pt,"{'learning_rate': 0.0005605745680130008, 'lr_reduce': 0.6}",TPESampler,COMPLETE
1214,0.016875823959708214,2025-04-26 03:45:02.217256,2025-04-26 03:47:11.615994,0 days 00:02:09.398738,0.009721634640071461,80,4,4,96,0.06394605911215247,112,1,3,96,0.21788989285485072,64,3,2,112,0.21882778379593076,120,160.0,344.0,3,2,0.0015524044136764898,0.6,/work3/arnaou/checkpoints/groupgat_Tc_trial_1214_best_state.pt,"{'learning_rate': 0.0015524044136764898, 'lr_reduce': 0.6}",TPESampler,COMPLETE
1215,0.038977622985839844,2025-04-26 03:45:34.897259,2025-04-26 03:47:38.119195,0 days 00:02:03.221936,0.06464917572651971,160,3,4,48,0.10411208298897835,80,3,4,32,0.25287296408185356,48,4,1,112,0.28357740824417677,376,112.0,,2,2,0.00044804117843062785,0.6,/work3/arnaou/checkpoints/groupgat_Tc_trial_1215_best_state.pt,"{'learning_rate': 0.00044804117843062785, 'lr_reduce': 0.6}",TPESampler,COMPLETE
