number,value,datetime_start,datetime_complete,duration,params_L1_dropout,params_L1_hidden_dim,params_L1_layers_atom,params_L1_layers_mol,params_L1_out_dim,params_L2_dropout,params_L2_hidden_dim,params_L2_layers_atom,params_L2_layers_mol,params_L2_out_dim,params_L3_dropout,params_L3_hidden_dim,params_L3_layers_atom,params_L3_layers_mol,params_L3_out_dim,params_final_dropout,params_mlp_dim_0,params_mlp_dim_1,params_mlp_dim_2,params_n_mlp_layers,params_num_heads,params_train_learning_rate,params_train_lr_reduce,user_attrs_best_state_dict_path,user_attrs_training_params,system_attrs_auto:sampler,state
794,0.0179572906345129,2025-04-25 22:38:16.305379,2025-04-25 22:40:10.037986,0 days 00:01:53.732607,0.08466499977946373,208,3,4,48,0.042783273123350424,256,3,1,32,0.2583691076743613,112,4,3,112,0.2616910442593263,112,168.0,248.0,3,1,0.0005933572724528454,0.6,/work3/arnaou/checkpoints/groupgat_Tc_trial_794_best_state.pt,"{'learning_rate': 0.0005933572724528454, 'lr_reduce': 0.6}",TPESampler,COMPLETE
795,0.021018993109464645,2025-04-25 22:38:53.334477,2025-04-25 22:40:53.951961,0 days 00:02:00.617484,0.07545382786187338,240,2,4,80,0.03156824498373019,96,3,4,128,0.25969014157763465,128,4,1,128,0.19567873826381257,72,120.0,,2,2,0.0009314103629594572,0.6,/work3/arnaou/checkpoints/groupgat_Tc_trial_795_best_state.pt,"{'learning_rate': 0.0009314103629594572, 'lr_reduce': 0.6}",TPESampler,COMPLETE
796,0.02004142664372921,2025-04-25 22:38:56.498454,2025-04-25 22:40:53.921611,0 days 00:01:57.423157,0.049737741583014174,160,4,4,32,0.07910081076254574,64,2,3,64,0.2345049424454228,96,4,2,128,0.12369618553878872,208,72.0,,2,2,0.0006639047301693934,0.6,/work3/arnaou/checkpoints/groupgat_Tc_trial_796_best_state.pt,"{'learning_rate': 0.0006639047301693934, 'lr_reduce': 0.6}",TPESampler,COMPLETE
797,0.0142314238473773,2025-04-25 22:40:10.242042,2025-04-25 22:43:22.825192,0 days 00:03:12.583150,0.005507218661477086,128,3,4,32,0.06323127701577197,128,1,4,80,0.2760086312510431,128,4,1,128,0.29113829631379384,144,176.0,,2,2,0.0004369077462229181,0.6,/work3/arnaou/checkpoints/groupgat_Tc_trial_797_best_state.pt,"{'learning_rate': 0.0004369077462229181, 'lr_reduce': 0.6}",TPESampler,COMPLETE
798,0.019488323479890823,2025-04-25 22:40:54.077885,2025-04-25 22:42:48.478582,0 days 00:01:54.400697,0.09732017198482538,192,4,3,32,0.0983462706442036,128,4,4,128,0.13613609615638156,112,4,1,48,0.0734887541001565,200,120.0,192.0,3,1,0.0012558259837589436,0.6,/work3/arnaou/checkpoints/groupgat_Tc_trial_798_best_state.pt,"{'learning_rate': 0.0012558259837589436, 'lr_reduce': 0.6}",TPESampler,COMPLETE
799,0.02473369613289833,2025-04-25 22:40:54.161509,2025-04-25 22:43:48.864824,0 days 00:02:54.703315,0.010811763508044303,224,4,3,112,0.2165775220059319,208,2,4,128,0.07530554374732916,48,3,3,128,0.14372654592797754,32,32.0,256.0,3,2,0.005632879628903557,0.6,/work3/arnaou/checkpoints/groupgat_Tc_trial_799_best_state.pt,"{'learning_rate': 0.005632879628903557, 'lr_reduce': 0.6}",TPESampler,COMPLETE
800,0.016841042786836624,2025-04-25 22:42:49.226091,2025-04-25 22:44:29.975901,0 days 00:01:40.749810,0.006047175131181935,208,4,4,48,0.22034627322093184,256,2,1,128,0.014786104575833153,112,3,2,64,0.10899410209652001,80,144.0,,2,1,0.0026245635316910943,0.6,/work3/arnaou/checkpoints/groupgat_Tc_trial_800_best_state.pt,"{'learning_rate': 0.0026245635316910943, 'lr_reduce': 0.6}",TPESampler,COMPLETE
801,0.015026319772005081,2025-04-25 22:43:23.118384,2025-04-25 22:45:45.729821,0 days 00:02:22.611437,0.013340119927489085,160,4,4,32,0.17429030288694908,256,2,2,48,0.2326052239004376,64,3,2,128,0.24574368262489502,160,96.0,88.0,3,2,0.00047470753260089594,0.6,/work3/arnaou/checkpoints/groupgat_Tc_trial_801_best_state.pt,"{'learning_rate': 0.00047470753260089594, 'lr_reduce': 0.6}",TPESampler,COMPLETE
802,0.018395856022834778,2025-04-25 22:43:49.149189,2025-04-25 22:45:46.962720,0 days 00:01:57.813531,0.00011490797545031864,176,1,4,32,0.027315103759881748,80,2,3,64,0.29662107293768314,112,3,3,96,0.10189113845168025,80,224.0,136.0,3,2,0.0008564087195993234,0.6,/work3/arnaou/checkpoints/groupgat_Tc_trial_802_best_state.pt,"{'learning_rate': 0.0008564087195993234, 'lr_reduce': 0.6}",TPESampler,COMPLETE
803,0.01404595747590065,2025-04-25 22:44:30.315445,2025-04-25 22:46:23.087345,0 days 00:01:52.771900,0.022478418520932273,176,3,1,32,0.0745100456322843,256,3,4,64,0.29079245045429397,48,4,1,96,0.05711834123100615,184,72.0,32.0,3,1,0.0005227935892440378,0.6,/work3/arnaou/checkpoints/groupgat_Tc_trial_803_best_state.pt,"{'learning_rate': 0.0005227935892440378, 'lr_reduce': 0.6}",TPESampler,COMPLETE
804,0.021875903010368347,2025-04-25 22:45:45.932616,2025-04-25 22:47:52.179517,0 days 00:02:06.246901,0.02725548011116772,256,4,4,80,0.2831803697531253,144,2,4,96,0.0768347954384826,64,2,1,128,0.20179798839563778,240,152.0,208.0,3,2,0.00033930178255461255,0.6,/work3/arnaou/checkpoints/groupgat_Tc_trial_804_best_state.pt,"{'learning_rate': 0.00033930178255461255, 'lr_reduce': 0.6}",TPESampler,COMPLETE
805,0.019584013149142265,2025-04-25 22:45:47.165125,2025-04-25 22:48:15.493921,0 days 00:02:28.328796,0.022158346462038462,224,3,4,32,0.26077674671899403,240,1,4,112,0.15229693175521447,48,1,1,128,0.11637689413358517,112,112.0,280.0,3,2,0.0003646951488819666,0.6,/work3/arnaou/checkpoints/groupgat_Tc_trial_805_best_state.pt,"{'learning_rate': 0.0003646951488819666, 'lr_reduce': 0.6}",TPESampler,COMPLETE
806,0.019524604082107544,2025-04-25 22:46:23.328400,2025-04-25 22:48:55.441477,0 days 00:02:32.113077,0.02910809604589162,208,3,1,48,0.12077489411757222,240,3,4,64,0.23317777012934793,32,4,2,80,0.0524038823510974,208,56.0,32.0,3,1,0.00044766680245528787,0.6,/work3/arnaou/checkpoints/groupgat_Tc_trial_806_best_state.pt,"{'learning_rate': 0.00044766680245528787, 'lr_reduce': 0.6}",TPESampler,COMPLETE
807,0.020319776609539986,2025-04-25 22:47:53.252200,2025-04-25 22:49:27.379456,0 days 00:01:34.127256,0.05008063607161016,144,4,4,32,0.1359431194528519,96,1,2,64,0.22414870065970183,128,4,1,128,0.22731391395260495,208,64.0,,2,2,0.0017582463955392066,0.6,/work3/arnaou/checkpoints/groupgat_Tc_trial_807_best_state.pt,"{'learning_rate': 0.0017582463955392066, 'lr_reduce': 0.6}",TPESampler,COMPLETE
808,0.017912881448864937,2025-04-25 22:48:15.836611,2025-04-25 22:49:44.381148,0 days 00:01:28.544537,0.12592537596067527,224,3,4,48,0.12500232241598552,256,3,3,48,0.2130271873585386,96,3,1,112,0.25306004669452564,120,64.0,32.0,3,2,0.000897964192188213,0.6,/work3/arnaou/checkpoints/groupgat_Tc_trial_808_best_state.pt,"{'learning_rate': 0.000897964192188213, 'lr_reduce': 0.6}",TPESampler,COMPLETE
809,0.017384730279445648,2025-04-25 22:48:55.657738,2025-04-25 22:50:50.604729,0 days 00:01:54.946991,0.03815531966289129,256,4,3,32,0.11795921152256436,208,1,3,112,0.20245038632443102,128,1,4,48,0.26648289235940564,64,40.0,32.0,3,2,0.0012069933135947226,0.6,/work3/arnaou/checkpoints/groupgat_Tc_trial_809_best_state.pt,"{'learning_rate': 0.0012069933135947226, 'lr_reduce': 0.6}",TPESampler,COMPLETE
810,0.015380452387034893,2025-04-25 22:49:27.624807,2025-04-25 22:51:12.153972,0 days 00:01:44.529165,0.024334580490212154,128,3,1,32,0.06920482639495101,256,3,3,48,0.2839118640372495,80,4,2,96,0.015750700437878545,144,80.0,64.0,3,1,0.0009121153075198926,0.6,/work3/arnaou/checkpoints/groupgat_Tc_trial_810_best_state.pt,"{'learning_rate': 0.0009121153075198926, 'lr_reduce': 0.6}",TPESampler,COMPLETE
811,0.03488185629248619,2025-04-25 22:49:44.571857,2025-04-25 22:52:16.574411,0 days 00:02:32.002554,0.01625958133123976,192,3,2,48,0.2622144616627922,208,1,4,128,0.07251587521804745,112,4,1,32,0.2691988054722618,176,80.0,32.0,3,2,0.00011969484745917584,0.6,/work3/arnaou/checkpoints/groupgat_Tc_trial_811_best_state.pt,"{'learning_rate': 0.00011969484745917584, 'lr_reduce': 0.6}",TPESampler,COMPLETE
812,0.017409276217222214,2025-04-25 22:50:50.827603,2025-04-25 22:53:12.038542,0 days 00:02:21.210939,0.02576532385318617,144,2,1,48,0.05650082609772397,240,2,3,80,0.28484919668217273,32,4,1,96,0.13098854177934194,176,32.0,72.0,3,1,0.000844465510176852,0.6,/work3/arnaou/checkpoints/groupgat_Tc_trial_812_best_state.pt,"{'learning_rate': 0.000844465510176852, 'lr_reduce': 0.6}",TPESampler,COMPLETE
813,0.019334951415657997,2025-04-25 22:51:12.574788,2025-04-25 22:53:13.437919,0 days 00:02:00.863131,0.00737489906935237,112,1,1,32,0.06827303336916239,208,4,4,112,0.27652021047646225,112,4,1,112,0.10213434030838804,88,112.0,,2,2,0.0036553690195977773,0.6,/work3/arnaou/checkpoints/groupgat_Tc_trial_813_best_state.pt,"{'learning_rate': 0.0036553690195977773, 'lr_reduce': 0.6}",TPESampler,COMPLETE
814,0.022661952301859856,2025-04-25 22:52:16.895586,2025-04-25 22:54:27.844145,0 days 00:02:10.948559,0.03620927870509545,176,3,4,112,0.0007638537150820787,112,1,1,96,0.18733506503325417,112,4,2,96,0.16494747268995316,80,96.0,72.0,3,2,0.008503047029225665,0.6,/work3/arnaou/checkpoints/groupgat_Tc_trial_814_best_state.pt,"{'learning_rate': 0.008503047029225665, 'lr_reduce': 0.6}",TPESampler,COMPLETE
815,0.018578432500362396,2025-04-25 22:53:12.251725,2025-04-25 22:55:51.839580,0 days 00:02:39.587855,0.018944960994575016,208,3,2,32,0.0866962753502127,240,3,2,48,0.17837419384281153,64,4,3,128,0.28085590887366346,104,104.0,,2,2,0.00015064219242735604,0.6,/work3/arnaou/checkpoints/groupgat_Tc_trial_815_best_state.pt,"{'learning_rate': 0.00015064219242735604, 'lr_reduce': 0.6}",TPESampler,COMPLETE
816,0.015542641282081604,2025-04-25 22:53:13.671154,2025-04-25 22:55:06.917507,0 days 00:01:53.246353,0.022584801369757032,208,4,3,48,0.10318165681652557,112,4,4,128,0.1493884209627732,64,3,1,96,0.14148043095256868,184,32.0,32.0,3,1,0.0010006353624141995,0.6,/work3/arnaou/checkpoints/groupgat_Tc_trial_816_best_state.pt,"{'learning_rate': 0.0010006353624141995, 'lr_reduce': 0.6}",TPESampler,COMPLETE
817,0.020251354202628136,2025-04-25 22:54:28.162444,2025-04-25 22:56:29.995021,0 days 00:02:01.832577,0.09510594068221762,144,3,2,64,0.06196220451676645,256,1,2,80,0.22659292774758663,64,3,3,128,0.17699495010595975,120,136.0,80.0,3,2,0.00052203552712749,0.6,/work3/arnaou/checkpoints/groupgat_Tc_trial_817_best_state.pt,"{'learning_rate': 0.00052203552712749, 'lr_reduce': 0.6}",TPESampler,COMPLETE
818,0.019522735849022865,2025-04-25 22:55:07.154967,2025-04-25 22:57:11.386926,0 days 00:02:04.231959,0.027696824737286563,224,3,1,64,0.26567478853688886,176,1,4,64,0.17466278439261312,128,3,1,48,0.1479015254383751,152,80.0,32.0,3,2,0.0017112297193063368,0.6,/work3/arnaou/checkpoints/groupgat_Tc_trial_818_best_state.pt,"{'learning_rate': 0.0017112297193063368, 'lr_reduce': 0.6}",TPESampler,COMPLETE
819,0.01865348592400551,2025-04-25 22:55:52.262004,2025-04-25 22:57:43.309630,0 days 00:01:51.047626,0.10134064077063856,160,3,2,32,0.08396239145333886,256,3,4,48,0.24139226124491542,32,4,1,128,0.0255597668243615,32,176.0,80.0,3,1,0.0008096424360116239,0.6,/work3/arnaou/checkpoints/groupgat_Tc_trial_819_best_state.pt,"{'learning_rate': 0.0008096424360116239, 'lr_reduce': 0.6}",TPESampler,COMPLETE
820,0.041680313646793365,2025-04-25 22:56:30.194496,2025-04-25 22:57:28.217427,0 days 00:00:58.022931,0.00014791934359418418,192,4,4,64,0.2880530994184469,192,3,2,80,0.13714865975409782,80,1,1,112,0.07630527923461515,104,88.0,,2,1,0.0035647754411975603,0.6,/work3/arnaou/checkpoints/groupgat_Tc_trial_820_best_state.pt,"{'learning_rate': 0.0035647754411975603, 'lr_reduce': 0.6}",TPESampler,COMPLETE
821,0.018186982721090317,2025-04-25 22:57:11.614126,2025-04-25 22:59:58.345121,0 days 00:02:46.730995,0.021513046567640658,224,4,4,48,0.0028444816195705297,208,3,1,80,0.2268193255400358,112,3,3,128,0.2743756098699454,64,136.0,32.0,3,2,0.003433943909610449,0.6,/work3/arnaou/checkpoints/groupgat_Tc_trial_821_best_state.pt,"{'learning_rate': 0.003433943909610449, 'lr_reduce': 0.6}",TPESampler,COMPLETE
822,0.016367098316550255,2025-04-25 22:57:28.474620,2025-04-25 22:59:18.941922,0 days 00:01:50.467302,0.009308159605115914,160,3,4,32,0.1505629888114205,256,2,2,80,0.13935772032151572,112,3,1,128,0.2553892174131973,136,96.0,80.0,3,2,0.0026110096009390273,0.6,/work3/arnaou/checkpoints/groupgat_Tc_trial_822_best_state.pt,"{'learning_rate': 0.0026110096009390273, 'lr_reduce': 0.6}",TPESampler,COMPLETE
823,0.015010290779173374,2025-04-25 22:57:44.217045,2025-04-25 22:59:22.359187,0 days 00:01:38.142142,0.05926902260620055,192,3,4,48,0.07170272031164365,208,3,2,80,0.2058112489882909,80,4,1,128,0.26415523367114463,288,176.0,280.0,3,2,0.0013979808601215552,0.6,/work3/arnaou/checkpoints/groupgat_Tc_trial_823_best_state.pt,"{'learning_rate': 0.0013979808601215552, 'lr_reduce': 0.6}",TPESampler,COMPLETE
824,0.014665537513792515,2025-04-25 22:59:19.168091,2025-04-25 23:01:44.504868,0 days 00:02:25.336777,0.01521849949348695,192,4,4,64,0.014308805873641658,176,3,4,128,0.22232251759324784,112,4,1,112,0.17996936695964327,176,72.0,32.0,3,2,0.0006227292305044499,0.6,/work3/arnaou/checkpoints/groupgat_Tc_trial_824_best_state.pt,"{'learning_rate': 0.0006227292305044499, 'lr_reduce': 0.6}",TPESampler,COMPLETE
825,0.01772518828511238,2025-04-25 22:59:22.582263,2025-04-25 23:01:44.006657,0 days 00:02:21.424394,0.029417231352861558,112,2,4,80,0.056693431506287195,96,1,2,96,0.25835345774569374,80,3,2,96,0.1534759014312994,72,136.0,288.0,3,2,0.00029616493176876546,0.6,/work3/arnaou/checkpoints/groupgat_Tc_trial_825_best_state.pt,"{'learning_rate': 0.00029616493176876546, 'lr_reduce': 0.6}",TPESampler,COMPLETE
826,0.014569631777703762,2025-04-25 22:59:58.737873,2025-04-25 23:01:48.675732,0 days 00:01:49.937859,0.004353325578487314,112,3,4,96,0.06432209690644151,96,2,2,80,0.2609687792190437,112,4,2,112,0.04835867642251193,80,32.0,88.0,3,2,0.0007423763700125576,0.6,/work3/arnaou/checkpoints/groupgat_Tc_trial_826_best_state.pt,"{'learning_rate': 0.0007423763700125576, 'lr_reduce': 0.6}",TPESampler,COMPLETE
827,0.02027750201523304,2025-04-25 23:01:44.219699,2025-04-25 23:03:27.688140,0 days 00:01:43.468441,0.017996127061630455,160,3,2,32,0.27645026383989674,176,2,3,96,0.19962358278977166,96,4,2,48,0.1987059738377297,136,112.0,264.0,3,2,0.0006234544264740858,0.6,/work3/arnaou/checkpoints/groupgat_Tc_trial_827_best_state.pt,"{'learning_rate': 0.0006234544264740858, 'lr_reduce': 0.6}",TPESampler,COMPLETE
828,0.01836433820426464,2025-04-25 23:01:44.805352,2025-04-25 23:04:18.165517,0 days 00:02:33.360165,0.09806322580994233,160,1,4,64,0.013965637839719838,208,4,2,64,0.25992018187934435,96,4,4,128,0.1501624453119581,192,192.0,32.0,3,2,0.0006533446648331759,0.6,/work3/arnaou/checkpoints/groupgat_Tc_trial_828_best_state.pt,"{'learning_rate': 0.0006533446648331759, 'lr_reduce': 0.6}",TPESampler,COMPLETE
829,0.01617804914712906,2025-04-25 23:01:48.895858,2025-04-25 23:04:10.359499,0 days 00:02:21.463641,0.08431382124081327,192,4,3,32,0.10664405157716553,160,4,3,128,0.16619693078646766,80,4,1,96,0.10358218394760393,88,80.0,280.0,3,1,0.0013744669619123102,0.6,/work3/arnaou/checkpoints/groupgat_Tc_trial_829_best_state.pt,"{'learning_rate': 0.0013744669619123102, 'lr_reduce': 0.6}",TPESampler,COMPLETE
830,0.019141407683491707,2025-04-25 23:03:27.972025,2025-04-25 23:05:12.581411,0 days 00:01:44.609386,0.045969867369125464,256,3,2,32,0.0250778715917995,192,2,4,48,0.27596035759631443,64,4,1,80,0.009269132839714075,168,144.0,,2,1,0.0006157414265263138,0.6,/work3/arnaou/checkpoints/groupgat_Tc_trial_830_best_state.pt,"{'learning_rate': 0.0006157414265263138, 'lr_reduce': 0.6}",TPESampler,COMPLETE
831,0.01771460473537445,2025-04-25 23:04:10.684615,2025-04-25 23:06:26.853445,0 days 00:02:16.168830,0.010941357543780334,192,4,3,80,0.11938648833148005,256,4,1,64,0.21366032260175993,80,3,3,112,0.08923409432307247,112,112.0,80.0,3,1,0.0008222857788960787,0.6,/work3/arnaou/checkpoints/groupgat_Tc_trial_831_best_state.pt,"{'learning_rate': 0.0008222857788960787, 'lr_reduce': 0.6}",TPESampler,COMPLETE
832,0.01764913648366928,2025-04-25 23:04:18.454354,2025-04-25 23:05:58.768666,0 days 00:01:40.314312,0.05029272237157302,112,3,4,96,0.10370422944151478,80,1,1,80,0.18748660073810658,112,4,2,96,0.16843010725871277,64,64.0,80.0,3,2,0.0011722265397388697,0.6,/work3/arnaou/checkpoints/groupgat_Tc_trial_832_best_state.pt,"{'learning_rate': 0.0011722265397388697, 'lr_reduce': 0.6}",TPESampler,COMPLETE
833,0.01571103185415268,2025-04-25 23:05:12.815195,2025-04-25 23:07:11.902802,0 days 00:01:59.087607,0.0271468867768431,192,4,4,48,0.009476476752178456,256,3,1,64,0.2906361659940707,96,4,4,128,0.12236836465023708,200,136.0,256.0,3,1,0.0005743107595404354,0.6,/work3/arnaou/checkpoints/groupgat_Tc_trial_833_best_state.pt,"{'learning_rate': 0.0005743107595404354, 'lr_reduce': 0.6}",TPESampler,COMPLETE
834,0.024047965183854103,2025-04-25 23:05:59.058595,2025-04-25 23:08:03.151313,0 days 00:02:04.092718,0.11160155586631225,144,3,2,32,0.04255846908462346,240,3,3,64,0.2662834088542376,48,4,1,64,0.032245887662192066,344,216.0,80.0,3,1,0.0006384286148984171,0.6,/work3/arnaou/checkpoints/groupgat_Tc_trial_834_best_state.pt,"{'learning_rate': 0.0006384286148984171, 'lr_reduce': 0.6}",TPESampler,COMPLETE
835,0.021109657362103462,2025-04-25 23:06:27.132370,2025-04-25 23:07:52.264216,0 days 00:01:25.131846,0.10623525216133528,128,2,3,32,0.11272077720288282,256,3,2,48,0.11101695131088163,80,2,2,128,0.21892240504651353,232,72.0,32.0,3,2,0.0009522865432762686,0.6,/work3/arnaou/checkpoints/groupgat_Tc_trial_835_best_state.pt,"{'learning_rate': 0.0009522865432762686, 'lr_reduce': 0.6}",TPESampler,COMPLETE
836,0.019014373421669006,2025-04-25 23:07:12.204574,2025-04-25 23:09:23.845054,0 days 00:02:11.640480,0.04938338296420842,192,3,1,64,0.08364715377349295,256,3,4,64,0.29807437087564975,64,3,1,112,0.01009172330637656,312,152.0,,2,2,0.0010519559271401644,0.6,/work3/arnaou/checkpoints/groupgat_Tc_trial_836_best_state.pt,"{'learning_rate': 0.0010519559271401644, 'lr_reduce': 0.6}",TPESampler,COMPLETE
837,0.01708732172846794,2025-04-25 23:07:53.702292,2025-04-25 23:09:59.923818,0 days 00:02:06.221526,0.05769813147008936,256,2,4,64,0.047351323844000086,192,3,4,128,0.2914290162973513,128,4,1,96,0.23894524954119467,208,104.0,432.0,3,2,0.0008361313537788859,0.6,/work3/arnaou/checkpoints/groupgat_Tc_trial_837_best_state.pt,"{'learning_rate': 0.0008361313537788859, 'lr_reduce': 0.6}",TPESampler,COMPLETE
838,0.017256708815693855,2025-04-25 23:08:03.345109,2025-04-25 23:10:08.684983,0 days 00:02:05.339874,0.042281316701474975,224,4,4,64,0.050360294725489814,224,1,3,112,0.2724311902011633,128,4,1,96,0.26020006292807224,96,80.0,240.0,3,2,0.0008283789442992293,0.6,/work3/arnaou/checkpoints/groupgat_Tc_trial_838_best_state.pt,"{'learning_rate': 0.0008283789442992293, 'lr_reduce': 0.6}",TPESampler,COMPLETE
839,0.016513027250766754,2025-04-25 23:09:24.124298,2025-04-25 23:11:25.680825,0 days 00:02:01.556527,0.023132017410376175,160,4,3,32,0.029718354463589308,80,1,3,48,0.25409375179869115,128,4,1,128,0.18681531381804092,304,176.0,312.0,3,2,0.00028190558086603224,0.6,/work3/arnaou/checkpoints/groupgat_Tc_trial_839_best_state.pt,"{'learning_rate': 0.00028190558086603224, 'lr_reduce': 0.6}",TPESampler,COMPLETE
840,0.021745938807725906,2025-04-25 23:10:00.274120,2025-04-25 23:11:44.296630,0 days 00:01:44.022510,0.042182737001309534,224,4,3,96,0.0066252059409692594,208,2,2,64,0.29888914390160315,112,4,3,112,0.2644271136419248,200,120.0,232.0,3,1,0.0008386399137614357,0.6,/work3/arnaou/checkpoints/groupgat_Tc_trial_840_best_state.pt,"{'learning_rate': 0.0008386399137614357, 'lr_reduce': 0.6}",TPESampler,COMPLETE
841,0.016407573595643044,2025-04-25 23:10:08.952154,2025-04-25 23:12:59.974729,0 days 00:02:51.022575,0.03514587163233689,128,4,3,48,0.05165294940533796,192,3,2,48,0.28391980140531625,96,4,2,112,0.25294235720054614,72,56.0,112.0,3,2,0.0016286954223520486,0.6,/work3/arnaou/checkpoints/groupgat_Tc_trial_841_best_state.pt,"{'learning_rate': 0.0016286954223520486, 'lr_reduce': 0.6}",TPESampler,COMPLETE
842,0.01611562818288803,2025-04-25 23:11:25.992212,2025-04-25 23:13:49.509416,0 days 00:02:23.517204,0.0014529359648849521,192,2,3,32,0.0669407687624399,256,3,2,48,0.09728658668413898,80,3,1,96,0.29582801130047265,120,120.0,32.0,3,2,0.00028476048286335835,0.6,/work3/arnaou/checkpoints/groupgat_Tc_trial_842_best_state.pt,"{'learning_rate': 0.00028476048286335835, 'lr_reduce': 0.6}",TPESampler,COMPLETE
843,0.022453300654888153,2025-04-25 23:11:44.501074,2025-04-25 23:12:44.722715,0 days 00:01:00.221641,0.024337838853701103,208,4,4,64,0.2984658373646424,208,2,2,96,0.12304806397351205,80,3,1,96,0.06660577936505548,32,168.0,296.0,3,1,0.001779792703489319,0.6,/work3/arnaou/checkpoints/groupgat_Tc_trial_843_best_state.pt,"{'learning_rate': 0.001779792703489319, 'lr_reduce': 0.6}",TPESampler,COMPLETE
844,0.019015774130821228,2025-04-25 23:12:45.864488,2025-04-25 23:15:11.256563,0 days 00:02:25.392075,0.04745919339651695,144,3,3,48,0.09083186197449891,240,2,1,64,0.2145561998486528,80,3,1,112,0.28847082007008384,144,64.0,240.0,3,2,0.0002925104717529741,0.6,/work3/arnaou/checkpoints/groupgat_Tc_trial_844_best_state.pt,"{'learning_rate': 0.0002925104717529741, 'lr_reduce': 0.6}",TPESampler,COMPLETE
845,0.018450740724802017,2025-04-25 23:13:00.244035,2025-04-25 23:15:11.911797,0 days 00:02:11.667762,0.07810759899191798,192,4,4,32,0.03432982148609482,256,2,2,80,0.26364499631717814,112,4,2,128,0.2943665824678995,112,32.0,72.0,3,2,0.00021237825255102476,0.6,/work3/arnaou/checkpoints/groupgat_Tc_trial_845_best_state.pt,"{'learning_rate': 0.00021237825255102476, 'lr_reduce': 0.6}",TPESampler,COMPLETE
846,0.022127125412225723,2025-04-25 23:13:49.784666,2025-04-25 23:16:41.351731,0 days 00:02:51.567065,0.047920982984644075,224,4,1,48,0.08991766144827229,208,3,4,64,0.26467235893724167,64,3,1,112,0.04121239505135454,184,232.0,304.0,3,1,0.00021299240124604313,0.6,/work3/arnaou/checkpoints/groupgat_Tc_trial_846_best_state.pt,"{'learning_rate': 0.00021299240124604313, 'lr_reduce': 0.6}",TPESampler,COMPLETE
