number,value,datetime_start,datetime_complete,duration,params_L1_dropout,params_L1_hidden_dim,params_L1_layers_atom,params_L1_layers_mol,params_L1_out_dim,params_L2_dropout,params_L2_hidden_dim,params_L2_layers_atom,params_L2_layers_mol,params_L2_out_dim,params_L3_dropout,params_L3_hidden_dim,params_L3_layers_atom,params_L3_layers_mol,params_L3_out_dim,params_final_dropout,params_mlp_dim_0,params_mlp_dim_1,params_mlp_dim_2,params_n_mlp_layers,params_num_heads,params_train_learning_rate,params_train_lr_reduce,user_attrs_best_state_dict_path,user_attrs_training_params,system_attrs_auto:sampler,state
1905,0.08676953613758087,2025-04-26 11:47:03.842977,2025-04-26 11:48:33.607669,0 days 00:01:29.764692,0.22684082800411287,96,2,1,112,0.1931062127483693,128,1,2,64,0.25649262341524126,128,1,4,112,0.2307088673824654,488,128.0,288.0,3,1,0.006167097261037215,0.6,/work3/arnaou/checkpoints/groupgat_Tc_trial_1905_best_state.pt,"{'learning_rate': 0.006167097261037215, 'lr_reduce': 0.6}",TPESampler,COMPLETE
1906,0.015086404047906399,2025-04-26 11:47:12.811853,2025-04-26 11:49:26.063102,0 days 00:02:13.251249,0.015661479897939645,144,3,4,48,0.1951272483769133,176,3,3,128,0.08152281930554958,48,3,1,96,0.03268704795440776,448,360.0,168.0,3,2,0.0007859352506772947,0.6,/work3/arnaou/checkpoints/groupgat_Tc_trial_1906_best_state.pt,"{'learning_rate': 0.0007859352506772947, 'lr_reduce': 0.6}",TPESampler,COMPLETE
1907,0.022679895162582397,2025-04-26 11:47:14.385931,2025-04-26 11:49:35.881449,0 days 00:02:21.495518,0.08478945820074073,256,4,4,48,0.09322068803087918,224,1,3,128,0.26937998631165067,112,3,3,112,0.2921710772269323,64,72.0,72.0,3,2,0.00018112345902448958,0.6,/work3/arnaou/checkpoints/groupgat_Tc_trial_1907_best_state.pt,"{'learning_rate': 0.00018112345902448958, 'lr_reduce': 0.6}",TPESampler,COMPLETE
1908,0.018866289407014847,2025-04-26 11:48:33.826633,2025-04-26 11:50:02.489900,0 days 00:01:28.663267,0.016986945177017005,208,4,3,96,0.28365517055076594,208,3,2,128,0.09134966565580216,96,2,1,96,0.12622910857640415,72,136.0,,2,1,0.0013690559314469102,0.6,/work3/arnaou/checkpoints/groupgat_Tc_trial_1908_best_state.pt,"{'learning_rate': 0.0013690559314469102, 'lr_reduce': 0.6}",TPESampler,COMPLETE
1909,0.05565579608082771,2025-04-26 11:49:26.245532,2025-04-26 11:52:02.764462,0 days 00:02:36.518930,0.25609890579753064,192,1,4,80,0.2083998258567628,208,1,1,48,0.08651329151497215,64,4,3,80,0.031111210121649385,240,,,1,2,0.00022463950553183393,0.6,/work3/arnaou/checkpoints/groupgat_Tc_trial_1909_best_state.pt,"{'learning_rate': 0.00022463950553183393, 'lr_reduce': 0.6}",TPESampler,COMPLETE
1910,0.016068637371063232,2025-04-26 11:49:36.216682,2025-04-26 11:51:25.728636,0 days 00:01:49.511954,0.08782860352468264,208,4,3,48,0.2919415270013271,240,2,2,128,0.10127515462370626,96,1,1,128,0.09669182856095773,120,96.0,,2,1,0.0008830755009040196,0.6,/work3/arnaou/checkpoints/groupgat_Tc_trial_1910_best_state.pt,"{'learning_rate': 0.0008830755009040196, 'lr_reduce': 0.6}",TPESampler,COMPLETE
1911,0.02308320254087448,2025-04-26 11:50:02.745892,2025-04-26 11:52:55.705408,0 days 00:02:52.959516,0.009417584373224663,256,3,2,48,0.2953952468519866,208,2,4,112,0.15805635196163503,96,4,2,64,0.13434289382546272,112,208.0,248.0,3,2,0.00018527995173510633,0.6,/work3/arnaou/checkpoints/groupgat_Tc_trial_1911_best_state.pt,"{'learning_rate': 0.00018527995173510633, 'lr_reduce': 0.6}",TPESampler,COMPLETE
1912,0.037151191383600235,2025-04-26 11:51:25.951167,2025-04-26 11:52:57.811035,0 days 00:01:31.859868,0.012690937302291483,208,3,1,64,0.2982605419155552,256,2,3,128,0.2863892949805772,128,1,4,112,0.04204466295188808,136,64.0,312.0,3,2,0.008760297399599814,0.6,/work3/arnaou/checkpoints/groupgat_Tc_trial_1912_best_state.pt,"{'learning_rate': 0.008760297399599814, 'lr_reduce': 0.6}",TPESampler,COMPLETE
1913,0.023996038362383842,2025-04-26 11:52:03.082665,2025-04-26 11:54:10.696364,0 days 00:02:07.613699,0.038249566984394065,240,2,1,32,0.28506957718653636,224,2,2,80,0.14332716496106282,64,3,1,80,0.13828072786323123,40,168.0,208.0,3,2,0.005527591033499523,0.6,/work3/arnaou/checkpoints/groupgat_Tc_trial_1913_best_state.pt,"{'learning_rate': 0.005527591033499523, 'lr_reduce': 0.6}",TPESampler,COMPLETE
1914,0.015410428866744041,2025-04-26 11:52:56.095021,2025-04-26 11:54:55.198339,0 days 00:01:59.103318,0.02770321363308642,80,4,4,64,0.28631214043104997,112,4,1,48,0.06765453759488115,32,4,4,64,0.134618785170062,288,312.0,72.0,3,2,0.0019736070562746534,0.6,/work3/arnaou/checkpoints/groupgat_Tc_trial_1914_best_state.pt,"{'learning_rate': 0.0019736070562746534, 'lr_reduce': 0.6}",TPESampler,COMPLETE
1915,0.016384169459342957,2025-04-26 11:52:58.119273,2025-04-26 11:54:51.292376,0 days 00:01:53.173103,0.02657813065625371,208,4,4,48,0.06177905413166974,208,1,3,128,0.25822957331853585,128,1,2,80,0.26516968338191427,120,120.0,264.0,3,2,0.0006894683134562196,0.6,/work3/arnaou/checkpoints/groupgat_Tc_trial_1915_best_state.pt,"{'learning_rate': 0.0006894683134562196, 'lr_reduce': 0.6}",TPESampler,COMPLETE
1916,0.015865448862314224,2025-04-26 11:54:10.997386,2025-04-26 11:56:16.946728,0 days 00:02:05.949342,0.02895116975690238,224,4,2,32,0.07627826681978189,144,2,3,128,0.16051083990364215,112,1,1,80,0.22787868047682572,216,424.0,416.0,3,2,0.000692934027163795,0.6,/work3/arnaou/checkpoints/groupgat_Tc_trial_1916_best_state.pt,"{'learning_rate': 0.000692934027163795, 'lr_reduce': 0.6}",TPESampler,COMPLETE
1917,0.026882287114858627,2025-04-26 11:54:51.495500,2025-04-26 11:56:38.521237,0 days 00:01:47.025737,0.20759890121668553,192,3,2,96,0.2855059063765373,128,3,2,48,0.16861105830995618,48,4,3,64,0.03893942228071785,400,64.0,,2,1,0.0016607400910857357,0.6,/work3/arnaou/checkpoints/groupgat_Tc_trial_1917_best_state.pt,"{'learning_rate': 0.0016607400910857357, 'lr_reduce': 0.6}",TPESampler,COMPLETE
1918,0.028663814067840576,2025-04-26 11:54:55.616505,2025-04-26 11:56:52.826263,0 days 00:01:57.209758,0.21384277627865705,112,4,4,112,0.03679018090236444,176,1,4,32,0.28690899376564516,48,4,2,112,0.004650381217416261,384,104.0,144.0,3,2,0.00018287803269379375,0.6,/work3/arnaou/checkpoints/groupgat_Tc_trial_1918_best_state.pt,"{'learning_rate': 0.00018287803269379375, 'lr_reduce': 0.6}",TPESampler,COMPLETE
1919,0.03154587745666504,2025-04-26 11:56:17.206199,2025-04-26 11:58:39.990370,0 days 00:02:22.784171,0.2404673363564333,208,4,4,32,0.2840661106194663,64,1,3,48,0.2894981443484762,112,1,3,112,0.0650549441177115,288,136.0,,2,2,0.0008592972192051768,0.6,/work3/arnaou/checkpoints/groupgat_Tc_trial_1919_best_state.pt,"{'learning_rate': 0.0008592972192051768, 'lr_reduce': 0.6}",TPESampler,COMPLETE
1920,0.02220834232866764,2025-04-26 11:56:38.702715,2025-04-26 11:58:09.761212,0 days 00:01:31.058497,0.06449618891096794,96,4,3,48,0.00706908490236377,112,1,1,96,0.23120199950649328,128,4,1,128,0.21870986971588133,32,32.0,224.0,3,2,0.0016769172492541297,0.6,/work3/arnaou/checkpoints/groupgat_Tc_trial_1920_best_state.pt,"{'learning_rate': 0.0016769172492541297, 'lr_reduce': 0.6}",TPESampler,COMPLETE
1921,0.04437846690416336,2025-04-26 11:56:53.085993,2025-04-26 11:58:45.746658,0 days 00:01:52.660665,0.2424923144121187,208,1,3,64,0.1283941971205129,112,1,2,96,0.07904201027338774,48,2,3,32,0.09761729452600698,40,376.0,,2,1,0.009525876100445804,0.6,/work3/arnaou/checkpoints/groupgat_Tc_trial_1921_best_state.pt,"{'learning_rate': 0.009525876100445804, 'lr_reduce': 0.6}",TPESampler,COMPLETE
1922,0.018143093213438988,2025-04-26 11:58:09.965428,2025-04-26 12:00:16.889669,0 days 00:02:06.924241,0.03561905685689959,240,4,3,48,0.00941543652818582,192,2,3,128,0.1937147527862068,128,2,2,112,0.17347415469986488,152,184.0,328.0,3,2,0.0003759576008260118,0.6,/work3/arnaou/checkpoints/groupgat_Tc_trial_1922_best_state.pt,"{'learning_rate': 0.0003759576008260118, 'lr_reduce': 0.6}",TPESampler,COMPLETE
1923,0.04442259296774864,2025-04-26 11:58:40.256903,2025-04-26 11:59:44.257922,0 days 00:01:04.001019,0.29636617082528693,64,4,2,64,0.019198247857387385,208,2,2,112,0.02074007611280898,96,3,2,32,0.16871787432077673,40,96.0,64.0,3,1,0.0042596020393109064,0.6,/work3/arnaou/checkpoints/groupgat_Tc_trial_1923_best_state.pt,"{'learning_rate': 0.0042596020393109064, 'lr_reduce': 0.6}",TPESampler,COMPLETE
1924,0.12433730810880661,2025-04-26 11:58:46.116690,2025-04-26 12:01:17.683244,0 days 00:02:31.566554,0.2536249997248224,208,1,4,48,0.22434383402793362,96,4,4,128,0.12799040359068437,96,4,2,64,0.14483935853870672,472,,,1,2,0.00042340622923534526,0.6,/work3/arnaou/checkpoints/groupgat_Tc_trial_1924_best_state.pt,"{'learning_rate': 0.00042340622923534526, 'lr_reduce': 0.6}",TPESampler,COMPLETE
1925,0.019639838486909866,2025-04-26 11:59:44.541202,2025-04-26 12:02:02.358006,0 days 00:02:17.816804,0.036787725597957927,208,4,3,64,0.0005921100258323916,240,1,3,112,0.25125482908977553,80,2,2,128,0.24977861254295325,72,144.0,32.0,3,2,0.00025945808046077103,0.6,/work3/arnaou/checkpoints/groupgat_Tc_trial_1925_best_state.pt,"{'learning_rate': 0.00025945808046077103, 'lr_reduce': 0.6}",TPESampler,COMPLETE
1926,0.019916703924536705,2025-04-26 12:00:17.084258,2025-04-26 12:03:41.644550,0 days 00:03:24.560292,0.18744686993755041,256,3,3,64,0.2169203917074119,128,4,4,32,0.23000767522771048,48,1,4,48,0.006034221419340929,264,72.0,,2,2,0.004981590889919742,0.6,/work3/arnaou/checkpoints/groupgat_Tc_trial_1926_best_state.pt,"{'learning_rate': 0.004981590889919742, 'lr_reduce': 0.6}",TPESampler,COMPLETE
1927,0.01737433858215809,2025-04-26 12:01:17.886535,2025-04-26 12:03:02.730653,0 days 00:01:44.844118,0.02419397553104176,192,2,3,32,0.08507280635871932,96,3,2,80,0.2674663643906917,96,4,3,128,0.1748550875358864,112,104.0,280.0,3,2,0.0015795269964656543,0.6,/work3/arnaou/checkpoints/groupgat_Tc_trial_1927_best_state.pt,"{'learning_rate': 0.0015795269964656543, 'lr_reduce': 0.6}",TPESampler,COMPLETE
1928,0.029825668781995773,2025-04-26 12:02:02.544023,2025-04-26 12:04:23.112169,0 days 00:02:20.568146,0.1415250253657844,80,1,1,48,0.14943085181760388,256,1,1,80,0.2767641843421463,96,2,4,96,0.2865540092385477,192,,,1,2,0.0005923142913124216,0.6,/work3/arnaou/checkpoints/groupgat_Tc_trial_1928_best_state.pt,"{'learning_rate': 0.0005923142913124216, 'lr_reduce': 0.6}",TPESampler,COMPLETE
1929,0.04232323169708252,2025-04-26 12:03:02.930838,2025-04-26 12:04:56.560975,0 days 00:01:53.630137,0.29296313473658114,256,1,2,64,0.10280810649160638,208,4,1,80,0.052898579959653094,128,3,2,128,0.20943349199291808,280,448.0,104.0,3,1,0.00022597696518949478,0.6,/work3/arnaou/checkpoints/groupgat_Tc_trial_1929_best_state.pt,"{'learning_rate': 0.00022597696518949478, 'lr_reduce': 0.6}",TPESampler,COMPLETE
1930,0.0645638182759285,2025-04-26 12:03:41.910244,2025-04-26 12:05:16.172589,0 days 00:01:34.262345,0.2609387104570352,256,1,3,80,0.27104171436852426,240,1,4,48,0.202955761356615,96,3,2,96,0.05933371892939483,168,232.0,,2,2,0.007338861528278071,0.6,/work3/arnaou/checkpoints/groupgat_Tc_trial_1930_best_state.pt,"{'learning_rate': 0.007338861528278071, 'lr_reduce': 0.6}",TPESampler,COMPLETE
1931,0.014856260269880295,2025-04-26 12:04:23.295480,2025-04-26 12:07:17.287263,0 days 00:02:53.991783,0.013096181145889068,192,4,4,64,0.04882554082995139,112,2,4,48,0.17194240278157785,96,3,4,96,0.18932579258758808,352,152.0,240.0,3,2,0.0007813115860423583,0.6,/work3/arnaou/checkpoints/groupgat_Tc_trial_1931_best_state.pt,"{'learning_rate': 0.0007813115860423583, 'lr_reduce': 0.6}",TPESampler,COMPLETE
1932,0.015902560204267502,2025-04-26 12:04:56.814931,2025-04-26 12:07:16.077611,0 days 00:02:19.262680,0.023707346523922198,240,3,4,64,0.050809849328993704,176,1,3,128,0.2673554857975117,48,2,1,128,0.24009657274748897,64,72.0,384.0,3,2,0.0011384049087064172,0.6,/work3/arnaou/checkpoints/groupgat_Tc_trial_1932_best_state.pt,"{'learning_rate': 0.0011384049087064172, 'lr_reduce': 0.6}",TPESampler,COMPLETE
1933,0.02906121499836445,2025-04-26 12:05:16.357297,2025-04-26 12:06:58.274178,0 days 00:01:41.916881,0.08599561436617077,80,2,3,48,0.2547142619966655,96,3,2,112,0.018044511424567894,112,1,4,112,0.007264809556998708,152,128.0,,2,2,0.0016589142221828531,0.6,/work3/arnaou/checkpoints/groupgat_Tc_trial_1933_best_state.pt,"{'learning_rate': 0.0016589142221828531, 'lr_reduce': 0.6}",TPESampler,COMPLETE
1934,0.017159409821033478,2025-04-26 12:06:58.500266,2025-04-26 12:09:45.331376,0 days 00:02:46.831110,0.0003256163569580039,240,4,3,32,0.07177501374613827,224,1,4,112,0.17761070650193087,96,2,2,96,0.2995563236010041,48,184.0,296.0,3,2,0.00035788652925485166,0.6,/work3/arnaou/checkpoints/groupgat_Tc_trial_1934_best_state.pt,"{'learning_rate': 0.00035788652925485166, 'lr_reduce': 0.6}",TPESampler,COMPLETE
1935,0.03317525237798691,2025-04-26 12:07:16.267702,2025-04-26 12:09:45.553025,0 days 00:02:29.285323,0.23700853373402225,192,1,2,112,0.02596893214208594,80,2,2,64,0.18811726943617527,112,1,2,128,0.2522121954771665,280,384.0,192.0,3,2,0.00010317885384471704,0.6,/work3/arnaou/checkpoints/groupgat_Tc_trial_1935_best_state.pt,"{'learning_rate': 0.00010317885384471704, 'lr_reduce': 0.6}",TPESampler,COMPLETE
1936,0.01603233441710472,2025-04-26 12:07:17.562316,2025-04-26 12:09:18.934067,0 days 00:02:01.371751,0.0037602731198164248,224,4,4,32,0.18668247492013762,160,1,2,128,0.2715263502737601,112,2,1,96,0.2610084414825511,152,64.0,72.0,3,2,0.0004846906282524031,0.6,/work3/arnaou/checkpoints/groupgat_Tc_trial_1936_best_state.pt,"{'learning_rate': 0.0004846906282524031, 'lr_reduce': 0.6}",TPESampler,COMPLETE
1937,0.017207585275173187,2025-04-26 12:09:19.128807,2025-04-26 12:10:47.237469,0 days 00:01:28.108662,0.004322966428208028,208,3,1,48,0.22465765973149215,160,2,3,96,0.15914417337337608,112,4,1,80,0.1520044108386683,176,328.0,344.0,3,2,0.0010700379674365424,0.6,/work3/arnaou/checkpoints/groupgat_Tc_trial_1937_best_state.pt,"{'learning_rate': 0.0010700379674365424, 'lr_reduce': 0.6}",TPESampler,COMPLETE
1938,0.03559558466076851,2025-04-26 12:09:45.569299,2025-04-26 12:13:33.614685,0 days 00:03:48.045386,0.18428182204050517,80,3,3,96,0.24062178429103842,240,4,1,48,0.1642275866901939,64,2,4,64,0.19101360589913208,208,104.0,,2,1,0.004393609531811736,0.6,/work3/arnaou/checkpoints/groupgat_Tc_trial_1938_best_state.pt,"{'learning_rate': 0.004393609531811736, 'lr_reduce': 0.6}",TPESampler,COMPLETE
1939,0.019836638122797012,2025-04-26 12:09:45.803691,2025-04-26 12:11:34.852806,0 days 00:01:49.049115,0.021772131706749208,160,3,1,32,0.02926641405262622,192,4,4,112,0.2664538272001825,112,3,1,128,0.12720505622826067,136,32.0,,2,1,0.0010442851719807613,0.6,/work3/arnaou/checkpoints/groupgat_Tc_trial_1939_best_state.pt,"{'learning_rate': 0.0010442851719807613, 'lr_reduce': 0.6}",TPESampler,COMPLETE
1940,0.10609045624732971,2025-04-26 12:10:47.413048,2025-04-26 12:12:20.321429,0 days 00:01:32.908381,0.2187753800494061,256,3,2,112,0.2592220200612352,144,3,2,80,0.19575198388098058,80,3,2,80,0.2147531951259951,264,,,1,2,0.00012462748215684135,0.6,/work3/arnaou/checkpoints/groupgat_Tc_trial_1940_best_state.pt,"{'learning_rate': 0.00012462748215684135, 'lr_reduce': 0.6}",TPESampler,COMPLETE
1941,0.06253279745578766,2025-04-26 12:11:35.072868,2025-04-26 12:12:20.794384,0 days 00:00:45.721516,0.19354260127462253,160,3,4,80,0.03887850776847673,128,2,2,112,0.10582598500365024,64,1,4,64,0.12958458283837326,168,128.0,272.0,3,2,0.003914085375483026,0.6,/work3/arnaou/checkpoints/groupgat_Tc_trial_1941_best_state.pt,"{'learning_rate': 0.003914085375483026, 'lr_reduce': 0.6}",TPESampler,COMPLETE
1942,0.014867336489260197,2025-04-26 12:12:20.612100,2025-04-26 12:14:43.076856,0 days 00:02:22.464756,0.018919546205954818,224,4,4,64,0.021123537092244914,240,1,2,128,0.2428870853936854,48,1,2,96,0.20770214568532458,72,160.0,120.0,3,2,0.001329226839156006,0.6,/work3/arnaou/checkpoints/groupgat_Tc_trial_1942_best_state.pt,"{'learning_rate': 0.001329226839156006, 'lr_reduce': 0.6}",TPESampler,COMPLETE
1943,0.10319466888904572,2025-04-26 12:12:21.066775,2025-04-26 12:14:17.581813,0 days 00:01:56.515038,0.2303567688474324,160,4,1,112,0.2856944810003583,64,1,2,32,0.05874543505266848,80,2,3,32,0.09497964691553035,448,,,1,1,0.0008280564042788085,0.6,/work3/arnaou/checkpoints/groupgat_Tc_trial_1943_best_state.pt,"{'learning_rate': 0.0008280564042788085, 'lr_reduce': 0.6}",TPESampler,COMPLETE
1944,0.7628690004348755,2025-04-26 12:13:33.863128,2025-04-26 12:13:56.000550,0 days 00:00:22.137422,0.2003773745173245,64,4,3,80,0.004328778473055683,176,4,3,112,0.0015691577179490213,112,3,3,112,0.17663846919752946,504,,,1,2,0.001130445598808507,0.6,/work3/arnaou/checkpoints/groupgat_Tc_trial_1944_best_state.pt,"{'learning_rate': 0.001130445598808507, 'lr_reduce': 0.6}",TPESampler,COMPLETE
1945,0.02480793185532093,2025-04-26 12:13:56.257478,2025-04-26 12:15:46.925844,0 days 00:01:50.668366,0.18481881010014822,112,2,2,80,0.043060475082440236,128,1,2,32,0.2798915546767124,32,3,3,48,0.21558151587691438,64,72.0,,2,2,0.003163097392131369,0.6,/work3/arnaou/checkpoints/groupgat_Tc_trial_1945_best_state.pt,"{'learning_rate': 0.003163097392131369, 'lr_reduce': 0.6}",TPESampler,COMPLETE
1946,0.021566933020949364,2025-04-26 12:14:17.856840,2025-04-26 12:17:01.755851,0 days 00:02:43.899011,0.020444861945493116,128,4,4,64,0.2679638750807622,192,2,3,128,0.09605454829972133,80,3,1,96,0.02428856897793601,48,104.0,,2,1,0.0002920449330702832,0.6,/work3/arnaou/checkpoints/groupgat_Tc_trial_1946_best_state.pt,"{'learning_rate': 0.0002920449330702832, 'lr_reduce': 0.6}",TPESampler,COMPLETE
1947,0.028234070166945457,2025-04-26 12:14:43.361686,2025-04-26 12:17:44.253565,0 days 00:03:00.891879,0.13979967428150333,256,2,4,112,0.1439876787603972,160,1,1,128,0.13622306303670872,80,2,3,96,0.11633254953476885,224,,,1,2,0.0031221902972394027,0.6,/work3/arnaou/checkpoints/groupgat_Tc_trial_1947_best_state.pt,"{'learning_rate': 0.0031221902972394027, 'lr_reduce': 0.6}",TPESampler,COMPLETE
1948,0.015038789249956608,2025-04-26 12:15:47.188459,2025-04-26 12:17:55.889896,0 days 00:02:08.701437,0.038001172339111655,256,4,4,32,0.017137506638053468,240,3,3,48,0.1896696895506328,96,4,2,128,0.2897794651740826,40,96.0,232.0,3,2,0.001009494371388987,0.6,/work3/arnaou/checkpoints/groupgat_Tc_trial_1948_best_state.pt,"{'learning_rate': 0.001009494371388987, 'lr_reduce': 0.6}",TPESampler,COMPLETE
1949,0.022076446563005447,2025-04-26 12:17:01.936877,2025-04-26 12:18:34.172000,0 days 00:01:32.235123,0.06292415091195823,128,4,2,48,0.05789127888335863,112,4,4,32,0.1620073557499168,80,4,3,112,0.2989561749179168,168,192.0,32.0,3,1,0.0021723058579990475,0.6,/work3/arnaou/checkpoints/groupgat_Tc_trial_1949_best_state.pt,"{'learning_rate': 0.0021723058579990475, 'lr_reduce': 0.6}",TPESampler,COMPLETE
1950,0.017408637329936028,2025-04-26 12:17:45.932443,2025-04-26 12:19:48.181830,0 days 00:02:02.249387,0.023840550627179408,144,4,2,32,0.013540637415263929,144,4,4,64,0.19680153711655612,96,4,3,128,0.20443552266494328,240,408.0,304.0,3,1,0.0003587475055072832,0.6,/work3/arnaou/checkpoints/groupgat_Tc_trial_1950_best_state.pt,"{'learning_rate': 0.0003587475055072832, 'lr_reduce': 0.6}",TPESampler,COMPLETE
1951,0.04436217620968819,2025-04-26 12:17:56.185555,2025-04-26 12:20:21.463353,0 days 00:02:25.277798,0.049515427511635665,144,2,4,112,0.07203379780851203,96,1,4,32,0.27343398953936227,128,3,2,80,0.024550888429542422,192,,,1,1,0.0003841482702660136,0.6,/work3/arnaou/checkpoints/groupgat_Tc_trial_1951_best_state.pt,"{'learning_rate': 0.0003841482702660136, 'lr_reduce': 0.6}",TPESampler,COMPLETE
1952,0.12597157061100006,2025-04-26 12:18:34.399785,2025-04-26 12:20:33.601315,0 days 00:01:59.201530,0.1691092153319536,240,4,4,96,0.20036125476366037,160,1,4,48,0.10703820397586053,48,3,3,32,0.12416657546211114,296,,,1,2,0.00012130675732509575,0.6,/work3/arnaou/checkpoints/groupgat_Tc_trial_1952_best_state.pt,"{'learning_rate': 0.00012130675732509575, 'lr_reduce': 0.6}",TPESampler,COMPLETE
1953,0.029455622658133507,2025-04-26 12:19:48.378899,2025-04-26 12:21:00.240244,0 days 00:01:11.861345,0.26152800813240806,160,3,2,128,0.19532672299997705,112,4,1,48,0.1253250113186326,48,2,3,128,0.15887804436453623,176,144.0,,2,1,0.00277050662630374,0.6,/work3/arnaou/checkpoints/groupgat_Tc_trial_1953_best_state.pt,"{'learning_rate': 0.00277050662630374, 'lr_reduce': 0.6}",TPESampler,COMPLETE
1954,0.01664595492184162,2025-04-26 12:20:21.782667,2025-04-26 12:22:04.327024,0 days 00:01:42.544357,0.053250895331323114,208,3,3,32,0.08478933696538712,112,2,4,64,0.16840898567410123,64,2,3,112,0.23073553246419126,304,264.0,176.0,3,2,0.002183153988047085,0.6,/work3/arnaou/checkpoints/groupgat_Tc_trial_1954_best_state.pt,"{'learning_rate': 0.002183153988047085, 'lr_reduce': 0.6}",TPESampler,COMPLETE
1955,0.016340039670467377,2025-04-26 12:20:33.877680,2025-04-26 12:22:39.284916,0 days 00:02:05.407236,0.11097171235450624,224,3,4,64,0.07568321903785306,208,2,3,96,0.22666024238925772,112,1,2,128,0.15779793306959622,48,64.0,256.0,3,2,0.0004097344670016586,0.6,/work3/arnaou/checkpoints/groupgat_Tc_trial_1955_best_state.pt,"{'learning_rate': 0.0004097344670016586, 'lr_reduce': 0.6}",TPESampler,COMPLETE
1956,0.018745457753539085,2025-04-26 12:21:00.452888,2025-04-26 12:22:57.171325,0 days 00:01:56.718437,0.033054169270875976,144,1,4,64,0.049476082531139436,112,4,1,96,0.2844412287876718,112,3,2,128,0.08059176116612339,128,360.0,72.0,3,2,0.0019306097277087698,0.6,/work3/arnaou/checkpoints/groupgat_Tc_trial_1956_best_state.pt,"{'learning_rate': 0.0019306097277087698, 'lr_reduce': 0.6}",TPESampler,COMPLETE
1957,0.08395050466060638,2025-04-26 12:22:04.622684,2025-04-26 12:23:34.804036,0 days 00:01:30.181352,0.2739308788117085,176,4,2,48,0.08458886678849181,224,2,4,64,0.25947643491090705,64,4,4,80,0.1743661888354842,344,,,1,1,0.004996102363255164,0.6,/work3/arnaou/checkpoints/groupgat_Tc_trial_1957_best_state.pt,"{'learning_rate': 0.004996102363255164, 'lr_reduce': 0.6}",TPESampler,COMPLETE
