number,value,datetime_start,datetime_complete,duration,params_L1_dropout,params_L1_hidden_dim,params_L1_layers_atom,params_L1_layers_mol,params_L1_out_dim,params_L2_dropout,params_L2_hidden_dim,params_L2_layers_atom,params_L2_layers_mol,params_L2_out_dim,params_L3_dropout,params_L3_hidden_dim,params_L3_layers_atom,params_L3_layers_mol,params_L3_out_dim,params_final_dropout,params_mlp_dim_0,params_mlp_dim_1,params_mlp_dim_2,params_n_mlp_layers,params_num_heads,params_train_learning_rate,params_train_lr_reduce,user_attrs_best_state_dict_path,user_attrs_training_params,system_attrs_auto:sampler,state
529,0.022060025483369827,2025-04-25 19:28:48.502359,2025-04-25 19:30:53.914893,0 days 00:02:05.412534,0.0814966755795006,224,3,4,64,0.2394446443376893,240,1,2,128,0.15064023065660212,80,2,1,128,0.08061767659316396,144,432.0,,2,1,0.0018896901138111021,0.6,/work3/arnaou/checkpoints/groupgat_Tc_trial_529_best_state.pt,"{'learning_rate': 0.0018896901138111021, 'lr_reduce': 0.6}",TPESampler,COMPLETE
530,0.07045936584472656,2025-04-25 19:29:11.071136,2025-04-25 19:31:31.075608,0 days 00:02:20.004472,0.18077475737824894,256,4,3,80,0.2982249036106747,128,1,4,64,0.285590381222473,128,3,1,128,0.03857635536888567,104,392.0,232.0,3,2,0.00023424585318522595,0.6,/work3/arnaou/checkpoints/groupgat_Tc_trial_530_best_state.pt,"{'learning_rate': 0.00023424585318522595, 'lr_reduce': 0.6}",TPESampler,COMPLETE
531,0.01648639887571335,2025-04-25 19:29:16.688505,2025-04-25 19:31:46.264480,0 days 00:02:29.575975,0.0807131407355681,224,4,4,64,0.16420903261093298,224,2,4,128,0.19097906679084745,48,4,2,112,0.14865941497977442,192,384.0,176.0,3,2,0.0005864523215890549,0.6,/work3/arnaou/checkpoints/groupgat_Tc_trial_531_best_state.pt,"{'learning_rate': 0.0005864523215890549, 'lr_reduce': 0.6}",TPESampler,COMPLETE
532,0.01888018660247326,2025-04-25 19:30:54.146114,2025-04-25 19:32:28.384777,0 days 00:01:34.238663,0.030950010098994483,112,4,4,96,0.26353453808683297,256,1,2,96,0.2042008755363297,80,2,1,128,0.09014771534654743,104,376.0,,2,2,0.0016765591409019876,0.6,/work3/arnaou/checkpoints/groupgat_Tc_trial_532_best_state.pt,"{'learning_rate': 0.0016765591409019876, 'lr_reduce': 0.6}",TPESampler,COMPLETE
533,0.03047947771847248,2025-04-25 19:31:31.243073,2025-04-25 19:32:38.682517,0 days 00:01:07.439444,0.11925957513085136,256,4,4,48,0.29411316943143506,240,1,3,112,0.27185907281679933,96,2,1,128,0.09243807348781038,224,432.0,,2,2,0.0011062986395455447,0.6,/work3/arnaou/checkpoints/groupgat_Tc_trial_533_best_state.pt,"{'learning_rate': 0.0011062986395455447, 'lr_reduce': 0.6}",TPESampler,COMPLETE
534,0.0334555059671402,2025-04-25 19:31:46.456350,2025-04-25 19:33:17.377672,0 days 00:01:30.921322,0.053817335923428175,208,4,4,64,0.18310521249687536,224,4,4,128,0.06815832596063773,64,2,1,80,0.02116884896036768,288,376.0,,2,1,0.003526460869921535,0.6,/work3/arnaou/checkpoints/groupgat_Tc_trial_534_best_state.pt,"{'learning_rate': 0.003526460869921535, 'lr_reduce': 0.6}",TPESampler,COMPLETE
535,0.04330844432115555,2025-04-25 19:32:28.622131,2025-04-25 19:34:34.788700,0 days 00:02:06.166569,0.055892921542255995,160,3,4,32,0.10275255973874405,160,3,4,128,0.28788160133322205,48,2,1,112,0.099438828698088,32,440.0,152.0,3,2,0.00029744616475489596,0.6,/work3/arnaou/checkpoints/groupgat_Tc_trial_535_best_state.pt,"{'learning_rate': 0.00029744616475489596, 'lr_reduce': 0.6}",TPESampler,COMPLETE
536,0.026792552322149277,2025-04-25 19:32:38.873457,2025-04-25 19:34:51.155194,0 days 00:02:12.281737,0.00209531620996848,240,4,3,48,0.11895649561499046,80,4,2,80,0.21295790786132424,96,4,2,96,0.06685744304964623,88,384.0,232.0,3,1,0.00025487044633320914,0.6,/work3/arnaou/checkpoints/groupgat_Tc_trial_536_best_state.pt,"{'learning_rate': 0.00025487044633320914, 'lr_reduce': 0.6}",TPESampler,COMPLETE
537,0.021895861253142357,2025-04-25 19:33:17.563557,2025-04-25 19:35:18.931672,0 days 00:02:01.368115,0.11663832425500523,240,4,4,96,0.251062687129861,256,1,4,112,0.03602397872257487,64,3,2,128,0.1271945395433402,80,368.0,,2,2,0.0005797020746492499,0.6,/work3/arnaou/checkpoints/groupgat_Tc_trial_537_best_state.pt,"{'learning_rate': 0.0005797020746492499, 'lr_reduce': 0.6}",TPESampler,COMPLETE
538,0.025999022647738457,2025-04-25 19:34:35.045192,2025-04-25 19:36:16.891064,0 days 00:01:41.845872,0.13843577390607711,224,4,4,96,0.21413751109619633,256,3,3,128,0.22745568957428927,80,1,2,128,0.23796385936438139,56,448.0,160.0,3,1,0.0008023856625109534,0.6,/work3/arnaou/checkpoints/groupgat_Tc_trial_538_best_state.pt,"{'learning_rate': 0.0008023856625109534, 'lr_reduce': 0.6}",TPESampler,COMPLETE
539,0.02010273188352585,2025-04-25 19:34:51.328827,2025-04-25 19:37:20.330064,0 days 00:02:29.001237,0.017413674813620064,160,1,3,64,0.21112583964275403,192,3,4,128,0.28022636172327153,80,3,1,112,0.14893992261852415,56,368.0,328.0,3,2,0.0031109712684793205,0.6,/work3/arnaou/checkpoints/groupgat_Tc_trial_539_best_state.pt,"{'learning_rate': 0.0031109712684793205, 'lr_reduce': 0.6}",TPESampler,COMPLETE
540,0.041203491389751434,2025-04-25 19:35:19.224181,2025-04-25 19:37:45.933002,0 days 00:02:26.708821,0.08891584226107996,176,3,1,96,0.1990509579709559,224,4,3,112,0.24664554049164839,48,3,1,64,0.25434204848115055,144,360.0,432.0,3,2,0.00021148570400064944,0.6,/work3/arnaou/checkpoints/groupgat_Tc_trial_540_best_state.pt,"{'learning_rate': 0.00021148570400064944, 'lr_reduce': 0.6}",TPESampler,COMPLETE
541,0.018322840332984924,2025-04-25 19:36:17.059629,2025-04-25 19:38:13.074436,0 days 00:01:56.014807,0.039901808993957025,256,4,4,64,0.1666322700854928,240,2,3,112,0.17603513011251046,80,3,3,96,0.18069374176542682,80,440.0,,2,2,0.0012920827436231502,0.6,/work3/arnaou/checkpoints/groupgat_Tc_trial_541_best_state.pt,"{'learning_rate': 0.0012920827436231502, 'lr_reduce': 0.6}",TPESampler,COMPLETE
542,0.028653191402554512,2025-04-25 19:37:20.556029,2025-04-25 19:39:00.914542,0 days 00:01:40.358513,0.06140280437613255,160,2,1,112,0.11989565267503785,256,2,2,80,0.18861917861339805,112,4,1,80,0.10359089447491529,32,408.0,224.0,3,1,0.0004015681502126204,0.6,/work3/arnaou/checkpoints/groupgat_Tc_trial_542_best_state.pt,"{'learning_rate': 0.0004015681502126204, 'lr_reduce': 0.6}",TPESampler,COMPLETE
543,0.016096048057079315,2025-04-25 19:37:46.161676,2025-04-25 19:39:19.391864,0 days 00:01:33.230188,0.09301221334773407,176,4,3,32,0.14500492981550564,176,4,3,112,0.27797091172047456,112,2,2,128,0.13161686259861036,64,48.0,160.0,3,2,0.0009605854668274431,0.6,/work3/arnaou/checkpoints/groupgat_Tc_trial_543_best_state.pt,"{'learning_rate': 0.0009605854668274431, 'lr_reduce': 0.6}",TPESampler,COMPLETE
544,0.07327098399400711,2025-04-25 19:38:13.249933,2025-04-25 19:40:15.861014,0 days 00:02:02.611081,0.09553528268939737,144,1,3,64,0.2633887866272614,256,1,4,64,0.16304493825090371,48,2,1,96,0.03839539459663319,32,360.0,272.0,3,1,0.00019598343436406728,0.6,/work3/arnaou/checkpoints/groupgat_Tc_trial_544_best_state.pt,"{'learning_rate': 0.00019598343436406728, 'lr_reduce': 0.6}",TPESampler,COMPLETE
545,0.015161563642323017,2025-04-25 19:39:01.123527,2025-04-25 19:40:42.838257,0 days 00:01:41.714730,0.0156979878062621,144,4,4,48,0.28635755761427656,208,3,1,128,0.18607628527534734,80,3,1,112,0.024280956330143683,40,408.0,144.0,3,2,0.0008063477010989683,0.6,/work3/arnaou/checkpoints/groupgat_Tc_trial_545_best_state.pt,"{'learning_rate': 0.0008063477010989683, 'lr_reduce': 0.6}",TPESampler,COMPLETE
546,0.017530467361211777,2025-04-25 19:39:19.713799,2025-04-25 19:42:01.628003,0 days 00:02:41.914204,0.012608420886337506,256,4,4,64,0.2790554040657492,240,2,2,128,0.1874121165440416,80,1,1,96,0.0577655068981803,96,344.0,,2,1,0.00036098654827149276,0.6,/work3/arnaou/checkpoints/groupgat_Tc_trial_546_best_state.pt,"{'learning_rate': 0.00036098654827149276, 'lr_reduce': 0.6}",TPESampler,COMPLETE
547,0.020271027460694313,2025-04-25 19:40:16.158897,2025-04-25 19:41:54.344132,0 days 00:01:38.185235,0.1495812367404412,160,3,4,64,0.22021102779627053,256,2,4,128,0.10483991759428712,80,2,2,112,0.16792025537597802,152,40.0,224.0,3,2,0.001040133141318153,0.6,/work3/arnaou/checkpoints/groupgat_Tc_trial_547_best_state.pt,"{'learning_rate': 0.001040133141318153, 'lr_reduce': 0.6}",TPESampler,COMPLETE
548,0.018857533112168312,2025-04-25 19:40:43.174622,2025-04-25 19:43:11.981048,0 days 00:02:28.806426,0.0388056961973829,112,2,3,32,0.07271812013918194,256,4,3,128,0.28773309589383284,112,4,1,112,0.06360929316305017,136,464.0,,2,2,0.0006305340228699373,0.6,/work3/arnaou/checkpoints/groupgat_Tc_trial_548_best_state.pt,"{'learning_rate': 0.0006305340228699373, 'lr_reduce': 0.6}",TPESampler,COMPLETE
549,0.01737513579428196,2025-04-25 19:41:54.522457,2025-04-25 19:44:01.933793,0 days 00:02:07.411336,0.03133801396281925,128,4,4,32,0.2751979270662624,256,3,1,112,0.1981242827922192,64,3,1,112,0.05821295744764453,48,424.0,136.0,3,2,0.0012796519447580033,0.6,/work3/arnaou/checkpoints/groupgat_Tc_trial_549_best_state.pt,"{'learning_rate': 0.0012796519447580033, 'lr_reduce': 0.6}",TPESampler,COMPLETE
550,0.018512943759560585,2025-04-25 19:42:01.820115,2025-04-25 19:44:28.446288,0 days 00:02:26.626173,0.010869580819901133,160,3,4,32,0.04190570545658984,160,3,4,128,0.2645204114424349,112,2,1,112,0.13437302701524417,104,432.0,,2,2,0.0031824665657255,0.6,/work3/arnaou/checkpoints/groupgat_Tc_trial_550_best_state.pt,"{'learning_rate': 0.0031824665657255, 'lr_reduce': 0.6}",TPESampler,COMPLETE
551,0.01744328811764717,2025-04-25 19:43:12.187062,2025-04-25 19:45:08.585901,0 days 00:01:56.398839,0.07959385611123615,256,4,3,80,0.23746771037740752,256,1,3,112,0.14581190509264125,64,1,2,128,0.14476312963904014,208,416.0,312.0,3,2,0.0004332992248384387,0.6,/work3/arnaou/checkpoints/groupgat_Tc_trial_551_best_state.pt,"{'learning_rate': 0.0004332992248384387, 'lr_reduce': 0.6}",TPESampler,COMPLETE
552,0.025331789627671242,2025-04-25 19:44:02.177154,2025-04-25 19:46:32.864085,0 days 00:02:30.686931,0.055537206526461005,144,3,4,32,0.29341172547719485,192,3,1,128,0.14808949377681793,96,3,2,80,0.03785210801389082,32,464.0,160.0,3,2,0.0002374587266636467,0.6,/work3/arnaou/checkpoints/groupgat_Tc_trial_552_best_state.pt,"{'learning_rate': 0.0002374587266636467, 'lr_reduce': 0.6}",TPESampler,COMPLETE
553,0.020719965919852257,2025-04-25 19:44:28.644958,2025-04-25 19:46:12.887591,0 days 00:01:44.242633,0.04451852440287034,96,2,4,64,0.21664371126711113,144,3,1,96,0.15343637352004846,96,3,1,96,0.03998701404688233,152,408.0,240.0,3,1,0.0027059141609047693,0.6,/work3/arnaou/checkpoints/groupgat_Tc_trial_553_best_state.pt,"{'learning_rate': 0.0027059141609047693, 'lr_reduce': 0.6}",TPESampler,COMPLETE
554,0.013885488733649254,2025-04-25 19:45:08.930270,2025-04-25 19:47:36.026770,0 days 00:02:27.096500,0.03815586167944142,256,4,4,48,0.2953954565804855,192,1,4,96,0.1349881916514512,64,2,1,128,0.19658802712052287,96,96.0,200.0,3,2,0.0005473033510030181,0.6,/work3/arnaou/checkpoints/groupgat_Tc_trial_554_best_state.pt,"{'learning_rate': 0.0005473033510030181, 'lr_reduce': 0.6}",TPESampler,COMPLETE
555,0.03756113722920418,2025-04-25 19:46:13.152961,2025-04-25 19:47:19.373404,0 days 00:01:06.220443,0.15959520394750495,256,4,4,32,0.22845735227641342,256,3,4,128,0.23562426520230448,96,4,2,128,0.19087398733490277,64,424.0,128.0,3,2,0.0020975361254611112,0.6,/work3/arnaou/checkpoints/groupgat_Tc_trial_555_best_state.pt,"{'learning_rate': 0.0020975361254611112, 'lr_reduce': 0.6}",TPESampler,COMPLETE
556,0.015192379243671894,2025-04-25 19:46:33.069000,2025-04-25 19:49:11.126251,0 days 00:02:38.057251,0.002361964741280841,240,4,2,32,0.24407584370309734,144,2,4,80,0.11348049547510046,112,4,1,48,0.1493048327566536,32,400.0,,2,2,0.00048748289052139455,0.6,/work3/arnaou/checkpoints/groupgat_Tc_trial_556_best_state.pt,"{'learning_rate': 0.00048748289052139455, 'lr_reduce': 0.6}",TPESampler,COMPLETE
557,0.01547195389866829,2025-04-25 19:47:19.588133,2025-04-25 19:49:55.394262,0 days 00:02:35.806129,0.0020639104447172374,208,3,4,80,0.23185962902166202,240,2,3,80,0.1473871961336776,80,1,1,128,0.1996754774230429,104,88.0,368.0,3,2,0.0005188216884766769,0.6,/work3/arnaou/checkpoints/groupgat_Tc_trial_557_best_state.pt,"{'learning_rate': 0.0005188216884766769, 'lr_reduce': 0.6}",TPESampler,COMPLETE
558,0.06079497188329697,2025-04-25 19:47:36.204102,2025-04-25 19:50:26.091931,0 days 00:02:49.887829,0.013828690349121967,112,3,2,80,0.24119229795885097,160,1,4,96,0.14021703536385724,64,3,1,32,0.08911321441855448,64,88.0,,2,2,0.0003441724476239729,0.6,/work3/arnaou/checkpoints/groupgat_Tc_trial_558_best_state.pt,"{'learning_rate': 0.0003441724476239729, 'lr_reduce': 0.6}",TPESampler,COMPLETE
559,0.023592082783579826,2025-04-25 19:49:11.323161,2025-04-25 19:50:41.722788,0 days 00:01:30.399627,0.08072268272349473,144,4,4,80,0.2247862843655386,224,2,2,112,0.15892983788609152,112,2,1,112,0.10637212598882798,48,128.0,,2,1,0.0007387966026083486,0.6,/work3/arnaou/checkpoints/groupgat_Tc_trial_559_best_state.pt,"{'learning_rate': 0.0007387966026083486, 'lr_reduce': 0.6}",TPESampler,COMPLETE
560,0.019483890384435654,2025-04-25 19:49:55.666838,2025-04-25 19:51:36.410824,0 days 00:01:40.743986,0.04704798013226821,96,2,3,32,0.1570391200360871,240,3,4,128,0.28733142837429176,128,4,1,112,0.13234940958107985,152,72.0,,2,2,0.005090220631208692,0.6,/work3/arnaou/checkpoints/groupgat_Tc_trial_560_best_state.pt,"{'learning_rate': 0.005090220631208692, 'lr_reduce': 0.6}",TPESampler,COMPLETE
561,0.01700923591852188,2025-04-25 19:50:26.377161,2025-04-25 19:52:40.269353,0 days 00:02:13.892192,0.07389490306231002,224,4,4,48,0.21551985894243664,208,1,3,64,0.09690520933248607,64,1,1,96,0.28082961811837026,280,128.0,240.0,3,2,0.001892137655360651,0.6,/work3/arnaou/checkpoints/groupgat_Tc_trial_561_best_state.pt,"{'learning_rate': 0.001892137655360651, 'lr_reduce': 0.6}",TPESampler,COMPLETE
562,0.021906983107328415,2025-04-25 19:50:41.884177,2025-04-25 19:52:26.009656,0 days 00:01:44.125479,0.09415720495591468,240,4,4,64,0.2879903493735068,208,1,4,80,0.2065136265191812,64,1,2,128,0.19403281619508908,128,80.0,216.0,3,2,0.0003918331603359993,0.6,/work3/arnaou/checkpoints/groupgat_Tc_trial_562_best_state.pt,"{'learning_rate': 0.0003918331603359993, 'lr_reduce': 0.6}",TPESampler,COMPLETE
563,0.022056331858038902,2025-04-25 19:51:36.582810,2025-04-25 19:54:09.531392,0 days 00:02:32.948582,0.1098052733592382,256,3,3,32,0.19667173125641702,224,1,3,96,0.16704574315436313,48,2,1,112,0.08919113005070171,32,32.0,280.0,3,2,0.0005810336959715304,0.6,/work3/arnaou/checkpoints/groupgat_Tc_trial_563_best_state.pt,"{'learning_rate': 0.0005810336959715304, 'lr_reduce': 0.6}",TPESampler,COMPLETE
564,0.02160346321761608,2025-04-25 19:52:26.221640,2025-04-25 19:54:54.958379,0 days 00:02:28.736739,0.01257662869978287,224,4,4,48,0.29290752351455307,208,1,4,80,0.22012642609473954,80,3,1,112,0.20372207236158435,168,128.0,,2,2,0.00020561072644365524,0.6,/work3/arnaou/checkpoints/groupgat_Tc_trial_564_best_state.pt,"{'learning_rate': 0.00020561072644365524, 'lr_reduce': 0.6}",TPESampler,COMPLETE
565,0.019375812262296677,2025-04-25 19:52:40.503519,2025-04-25 19:54:09.762642,0 days 00:01:29.259123,0.08295546420014874,240,4,4,64,0.07611253955546404,192,2,4,112,0.2038319061363412,48,1,1,112,0.12370020434316517,80,104.0,216.0,3,1,0.001509446378686337,0.6,/work3/arnaou/checkpoints/groupgat_Tc_trial_565_best_state.pt,"{'learning_rate': 0.001509446378686337, 'lr_reduce': 0.6}",TPESampler,COMPLETE
566,0.018391218036413193,2025-04-25 19:54:09.772235,2025-04-25 19:55:58.799001,0 days 00:01:49.026766,0.10881411229730703,240,4,4,64,0.1564108865906476,208,2,3,96,0.14144089727648998,64,3,2,128,0.11417883839037386,40,80.0,216.0,3,2,0.0007838069432066901,0.6,/work3/arnaou/checkpoints/groupgat_Tc_trial_566_best_state.pt,"{'learning_rate': 0.0007838069432066901, 'lr_reduce': 0.6}",TPESampler,COMPLETE
567,0.024425901472568512,2025-04-25 19:54:09.901753,2025-04-25 19:56:12.482923,0 days 00:02:02.581170,0.08664720510643877,240,4,4,48,0.24007480556870373,208,2,3,80,0.11368340446939129,48,2,1,128,0.21082538769024856,120,152.0,264.0,3,2,0.000417699185736765,0.6,/work3/arnaou/checkpoints/groupgat_Tc_trial_567_best_state.pt,"{'learning_rate': 0.000417699185736765, 'lr_reduce': 0.6}",TPESampler,COMPLETE
568,0.033513378351926804,2025-04-25 19:54:55.362172,2025-04-25 19:57:20.419769,0 days 00:02:25.057597,0.1071624924583447,224,4,3,32,0.29206585434835797,176,1,4,128,0.13480040455480094,80,2,1,128,0.20360865510192974,144,72.0,208.0,3,2,0.00019798002229137735,0.6,/work3/arnaou/checkpoints/groupgat_Tc_trial_568_best_state.pt,"{'learning_rate': 0.00019798002229137735, 'lr_reduce': 0.6}",TPESampler,COMPLETE
569,0.017305482178926468,2025-04-25 19:55:59.035761,2025-04-25 19:58:55.657290,0 days 00:02:56.621529,0.08735593399187329,192,4,4,96,0.16860671572364497,256,3,4,96,0.1359096481110027,80,1,1,128,0.13531132912073401,80,160.0,296.0,3,2,0.000584165776066239,0.6,/work3/arnaou/checkpoints/groupgat_Tc_trial_569_best_state.pt,"{'learning_rate': 0.000584165776066239, 'lr_reduce': 0.6}",TPESampler,COMPLETE
570,0.015506882220506668,2025-04-25 19:56:12.697811,2025-04-25 19:58:23.034703,0 days 00:02:10.336892,0.034565077649652214,224,4,4,32,0.2682665769540219,192,1,3,48,0.0847020285626561,96,2,2,128,0.21793655988185814,56,96.0,200.0,3,2,0.001026248669317273,0.6,/work3/arnaou/checkpoints/groupgat_Tc_trial_570_best_state.pt,"{'learning_rate': 0.001026248669317273, 'lr_reduce': 0.6}",TPESampler,COMPLETE
571,0.018335970118641853,2025-04-25 19:57:20.571212,2025-04-25 19:58:55.263571,0 days 00:01:34.692359,0.08018489657984347,208,4,4,48,0.2528063181272502,240,3,3,96,0.25860500557422006,80,3,1,64,0.1309354206783632,32,32.0,192.0,3,2,0.0010743790595813974,0.6,/work3/arnaou/checkpoints/groupgat_Tc_trial_571_best_state.pt,"{'learning_rate': 0.0010743790595813974, 'lr_reduce': 0.6}",TPESampler,COMPLETE
572,0.01681492105126381,2025-04-25 19:58:23.204953,2025-04-25 20:00:25.600130,0 days 00:02:02.395177,0.02214922066581352,256,4,4,64,0.1994448563669746,240,2,3,112,0.14770501520604812,48,1,1,128,0.08962125450733584,168,128.0,264.0,3,2,0.0015820916048794693,0.6,/work3/arnaou/checkpoints/groupgat_Tc_trial_572_best_state.pt,"{'learning_rate': 0.0015820916048794693, 'lr_reduce': 0.6}",TPESampler,COMPLETE
573,0.016897687688469887,2025-04-25 19:58:55.448900,2025-04-25 20:00:43.825828,0 days 00:01:48.376928,0.008321892137986887,192,4,4,112,0.27274328237226453,240,2,1,96,0.21391375133063076,80,1,1,96,0.13559231864680743,32,88.0,192.0,3,2,0.0026474511751047422,0.6,/work3/arnaou/checkpoints/groupgat_Tc_trial_573_best_state.pt,"{'learning_rate': 0.0026474511751047422, 'lr_reduce': 0.6}",TPESampler,COMPLETE
574,0.015219313092529774,2025-04-25 19:58:55.899902,2025-04-25 20:01:09.145918,0 days 00:02:13.246016,0.03206249671826642,224,4,3,64,0.26651507200609176,208,1,4,96,0.15178106560496746,48,3,1,128,0.2275649554222458,112,368.0,32.0,3,2,0.0007393240551121772,0.6,/work3/arnaou/checkpoints/groupgat_Tc_trial_574_best_state.pt,"{'learning_rate': 0.0007393240551121772, 'lr_reduce': 0.6}",TPESampler,COMPLETE
575,0.01774057373404503,2025-04-25 20:00:25.791415,2025-04-25 20:02:49.402160,0 days 00:02:23.610745,0.005571848499108409,160,4,1,32,0.1097659268980363,240,3,4,128,0.20274984986386685,64,4,1,48,0.11441660223611813,248,160.0,144.0,3,2,0.00177170996856544,0.6,/work3/arnaou/checkpoints/groupgat_Tc_trial_575_best_state.pt,"{'learning_rate': 0.00177170996856544, 'lr_reduce': 0.6}",TPESampler,COMPLETE
576,0.01439563650637865,2025-04-25 20:00:44.135380,2025-04-25 20:03:08.081283,0 days 00:02:23.945903,0.03233645939246661,256,4,4,32,0.2270319354104769,192,1,3,112,0.21402677290784694,96,2,1,128,0.18933898906220722,32,352.0,344.0,3,2,0.0005613944792102877,0.6,/work3/arnaou/checkpoints/groupgat_Tc_trial_576_best_state.pt,"{'learning_rate': 0.0005613944792102877, 'lr_reduce': 0.6}",TPESampler,COMPLETE
577,0.022105185315012932,2025-04-25 20:01:09.449285,2025-04-25 20:03:40.503311,0 days 00:02:31.054026,0.07186316738796929,176,4,1,32,0.04629223195453442,192,2,4,80,0.15832718454798556,32,4,1,32,0.11383352502218358,360,104.0,248.0,3,2,0.000581047103339946,0.6,/work3/arnaou/checkpoints/groupgat_Tc_trial_577_best_state.pt,"{'learning_rate': 0.000581047103339946, 'lr_reduce': 0.6}",TPESampler,COMPLETE
578,0.022395487874746323,2025-04-25 20:02:50.727301,2025-04-25 20:04:43.004884,0 days 00:01:52.277583,0.10627352939852633,96,1,3,32,0.17646932709813726,192,3,4,128,0.2823339794970843,96,2,1,128,0.13827189838587284,40,368.0,,2,2,0.0034215745441336263,0.6,/work3/arnaou/checkpoints/groupgat_Tc_trial_578_best_state.pt,"{'learning_rate': 0.0034215745441336263, 'lr_reduce': 0.6}",TPESampler,COMPLETE
579,0.02002505399286747,2025-04-25 20:03:08.285749,2025-04-25 20:04:46.682441,0 days 00:01:38.396692,0.012919822257610614,224,4,3,32,0.2692352249389701,192,1,3,112,0.2479385205276115,96,1,1,96,0.1584325524631835,96,328.0,368.0,3,2,0.002662654875893445,0.6,/work3/arnaou/checkpoints/groupgat_Tc_trial_579_best_state.pt,"{'learning_rate': 0.002662654875893445, 'lr_reduce': 0.6}",TPESampler,COMPLETE
580,0.04053033888339996,2025-04-25 20:03:40.692377,2025-04-25 20:05:51.131998,0 days 00:02:10.439621,0.05914842222092928,160,2,3,32,0.09484461214266718,208,2,4,112,0.29486847105213027,64,3,1,128,0.16526520682458484,120,,,1,2,0.0053438570591391515,0.6,/work3/arnaou/checkpoints/groupgat_Tc_trial_580_best_state.pt,"{'learning_rate': 0.0053438570591391515, 'lr_reduce': 0.6}",TPESampler,COMPLETE
581,0.023097561672329903,2025-04-25 20:04:43.265366,2025-04-25 20:06:26.173292,0 days 00:01:42.907926,0.07948965469134316,192,2,1,64,0.09335264684198671,176,2,2,32,0.15337053616904114,128,3,1,128,0.20971129006493944,320,336.0,360.0,3,1,0.0006302649965877526,0.6,/work3/arnaou/checkpoints/groupgat_Tc_trial_581_best_state.pt,"{'learning_rate': 0.0006302649965877526, 'lr_reduce': 0.6}",TPESampler,COMPLETE
