number,value,datetime_start,datetime_complete,duration,params_L1_dropout,params_L1_hidden_dim,params_L1_layers_atom,params_L1_layers_mol,params_L1_out_dim,params_L2_dropout,params_L2_hidden_dim,params_L2_layers_atom,params_L2_layers_mol,params_L2_out_dim,params_L3_dropout,params_L3_hidden_dim,params_L3_layers_atom,params_L3_layers_mol,params_L3_out_dim,params_final_dropout,params_mlp_dim_0,params_mlp_dim_1,params_mlp_dim_2,params_n_mlp_layers,params_num_heads,params_train_learning_rate,params_train_lr_reduce,user_attrs_best_state_dict_path,user_attrs_training_params,system_attrs_auto:sampler,state
1746,0.05193972960114479,2025-04-26 09:56:02.552079,2025-04-26 09:58:18.411798,0 days 00:02:15.859719,0.023254636402586612,192,2,2,48,0.10206206213834516,192,4,4,112,0.2637760722345961,96,4,2,128,0.08836820361116304,88,,,1,1,0.004394148712098881,0.6,/work3/arnaou/checkpoints/groupgat_Tc_trial_1746_best_state.pt,"{'learning_rate': 0.004394148712098881, 'lr_reduce': 0.6}",TPESampler,COMPLETE
1747,0.04126903414726257,2025-04-26 09:56:44.265900,2025-04-26 09:58:40.065864,0 days 00:01:55.799964,0.24581546194312476,256,2,2,48,0.04066772921598856,128,3,1,64,0.29311089711079286,48,2,4,48,0.2602830548349354,240,480.0,,2,1,0.00015904099730698566,0.6,/work3/arnaou/checkpoints/groupgat_Tc_trial_1747_best_state.pt,"{'learning_rate': 0.00015904099730698566, 'lr_reduce': 0.6}",TPESampler,COMPLETE
1748,0.021088600158691406,2025-04-26 09:57:24.777090,2025-04-26 09:59:50.814178,0 days 00:02:26.037088,0.09530242394085559,192,3,4,48,0.053045261826055845,144,4,3,128,0.29237202350766656,112,4,3,128,0.23212826510331305,192,112.0,,2,2,0.00026927513590132456,0.6,/work3/arnaou/checkpoints/groupgat_Tc_trial_1748_best_state.pt,"{'learning_rate': 0.00026927513590132456, 'lr_reduce': 0.6}",TPESampler,COMPLETE
1749,0.033510513603687286,2025-04-26 09:58:18.708824,2025-04-26 10:01:21.562693,0 days 00:03:02.853869,0.031745226573908346,192,4,2,32,0.09062795436120648,176,2,4,80,0.17978196674532504,80,3,3,128,0.28570114077365877,400,128.0,72.0,3,2,0.00012093787036536562,0.6,/work3/arnaou/checkpoints/groupgat_Tc_trial_1749_best_state.pt,"{'learning_rate': 0.00012093787036536562, 'lr_reduce': 0.6}",TPESampler,COMPLETE
1750,0.029594065621495247,2025-04-26 09:58:40.305706,2025-04-26 10:01:01.837097,0 days 00:02:21.531391,0.06999207987892138,160,4,3,48,0.020459946892073783,144,4,4,32,0.1693546761026736,64,2,3,128,0.21776475198299078,184,64.0,376.0,3,1,0.000180516911263773,0.6,/work3/arnaou/checkpoints/groupgat_Tc_trial_1750_best_state.pt,"{'learning_rate': 0.000180516911263773, 'lr_reduce': 0.6}",TPESampler,COMPLETE
1751,0.021393952891230583,2025-04-26 09:59:51.032196,2025-04-26 10:02:03.833202,0 days 00:02:12.801006,0.012691217376509474,128,2,4,112,0.1768410952714169,256,4,2,128,0.08497871838093249,48,4,3,128,0.016494233080449554,368,208.0,160.0,3,2,0.0005301714468953195,0.6,/work3/arnaou/checkpoints/groupgat_Tc_trial_1751_best_state.pt,"{'learning_rate': 0.0005301714468953195, 'lr_reduce': 0.6}",TPESampler,COMPLETE
1752,0.019341085106134415,2025-04-26 10:01:02.059225,2025-04-26 10:02:56.368249,0 days 00:01:54.309024,0.06243534153879364,224,4,4,48,0.28302395997170465,256,1,3,128,0.13625396685361393,64,3,1,128,0.029790815112290467,40,376.0,,2,2,0.0019872250998227417,0.6,/work3/arnaou/checkpoints/groupgat_Tc_trial_1752_best_state.pt,"{'learning_rate': 0.0019872250998227417, 'lr_reduce': 0.6}",TPESampler,COMPLETE
1753,0.020671594887971878,2025-04-26 10:01:21.814089,2025-04-26 10:05:06.809272,0 days 00:03:44.995183,0.048125131527178566,192,3,4,48,0.15833185345670317,240,2,3,128,0.10229321730866865,128,2,1,112,0.12797213599280277,32,104.0,,2,1,0.0018573089315464665,0.6,/work3/arnaou/checkpoints/groupgat_Tc_trial_1753_best_state.pt,"{'learning_rate': 0.0018573089315464665, 'lr_reduce': 0.6}",TPESampler,COMPLETE
1754,0.031207989901304245,2025-04-26 10:02:04.074599,2025-04-26 10:04:58.177344,0 days 00:02:54.102745,0.13171213793160896,256,1,1,48,0.20076522966304497,144,2,2,80,0.03410450023106863,112,3,2,48,0.2819687903333609,112,,,1,2,0.0004554797145952272,0.6,/work3/arnaou/checkpoints/groupgat_Tc_trial_1754_best_state.pt,"{'learning_rate': 0.0004554797145952272, 'lr_reduce': 0.6}",TPESampler,COMPLETE
1755,0.016881128773093224,2025-04-26 10:02:56.685917,2025-04-26 10:06:24.707242,0 days 00:03:28.021325,0.00308537469313871,256,4,2,80,0.012260324643924885,240,3,2,128,0.16722949884814986,128,3,1,128,0.12843122704190763,72,176.0,72.0,3,2,0.000231244949563076,0.6,/work3/arnaou/checkpoints/groupgat_Tc_trial_1755_best_state.pt,"{'learning_rate': 0.000231244949563076, 'lr_reduce': 0.6}",TPESampler,COMPLETE
1756,0.015683287754654884,2025-04-26 10:04:58.387691,2025-04-26 10:06:40.239157,0 days 00:01:41.851466,0.042134638649447026,240,3,4,96,0.2036369349923725,208,1,1,96,0.16224512253442006,64,2,1,128,0.07312117731208953,40,,,1,1,0.00048134737063309824,0.6,/work3/arnaou/checkpoints/groupgat_Tc_trial_1756_best_state.pt,"{'learning_rate': 0.00048134737063309824, 'lr_reduce': 0.6}",TPESampler,COMPLETE
1757,0.027458177879452705,2025-04-26 10:05:07.233068,2025-04-26 10:08:06.412916,0 days 00:02:59.179848,0.029617011516397708,128,4,3,64,0.07657980465852535,176,4,4,32,0.20816712641395904,64,4,3,112,0.22810157511917947,328,64.0,288.0,3,1,0.0004835459992586239,0.6,/work3/arnaou/checkpoints/groupgat_Tc_trial_1757_best_state.pt,"{'learning_rate': 0.0004835459992586239, 'lr_reduce': 0.6}",TPESampler,COMPLETE
1758,0.019060559570789337,2025-04-26 10:06:24.928738,2025-04-26 10:07:53.816259,0 days 00:01:28.887521,0.06974086240181315,160,3,3,48,0.2527175570028652,176,2,4,128,0.20977540251863513,48,4,2,96,0.04233247524666679,320,136.0,216.0,3,2,0.0014628946204938553,0.6,/work3/arnaou/checkpoints/groupgat_Tc_trial_1758_best_state.pt,"{'learning_rate': 0.0014628946204938553, 'lr_reduce': 0.6}",TPESampler,COMPLETE
1759,0.02822909690439701,2025-04-26 10:06:40.469546,2025-04-26 10:08:22.923256,0 days 00:01:42.453710,0.2382285069906772,192,1,2,128,0.08409592354732885,160,2,3,128,0.09429647013394019,128,2,4,32,0.1817803843207711,352,104.0,,2,2,0.0012111832633601798,0.6,/work3/arnaou/checkpoints/groupgat_Tc_trial_1759_best_state.pt,"{'learning_rate': 0.0012111832633601798, 'lr_reduce': 0.6}",TPESampler,COMPLETE
1760,0.56610506772995,2025-04-26 10:07:54.625160,2025-04-26 10:08:36.773594,0 days 00:00:42.148434,0.26864594159319966,224,4,2,80,0.010234121213402253,176,4,3,32,0.012494324764001752,48,1,4,112,0.2688310281860196,296,,,1,2,0.00119239641311286,0.6,/work3/arnaou/checkpoints/groupgat_Tc_trial_1760_best_state.pt,"{'learning_rate': 0.00119239641311286, 'lr_reduce': 0.6}",TPESampler,COMPLETE
1761,0.03600132837891579,2025-04-26 10:08:06.660942,2025-04-26 10:10:47.463842,0 days 00:02:40.802900,0.12363636895019643,80,2,2,64,0.09348563932365175,208,1,3,48,0.29116523285734186,96,1,1,80,0.21072797213128044,496,,,1,2,0.005306409660382318,0.6,/work3/arnaou/checkpoints/groupgat_Tc_trial_1761_best_state.pt,"{'learning_rate': 0.005306409660382318, 'lr_reduce': 0.6}",TPESampler,COMPLETE
1762,0.02561957575380802,2025-04-26 10:08:23.137352,2025-04-26 10:10:36.466495,0 days 00:02:13.329143,0.11298379868871894,224,4,4,64,0.2520659891730589,240,2,2,112,0.1742189604416069,112,2,1,112,0.04689084842742973,88,,,1,1,0.0015112472957020124,0.6,/work3/arnaou/checkpoints/groupgat_Tc_trial_1762_best_state.pt,"{'learning_rate': 0.0015112472957020124, 'lr_reduce': 0.6}",TPESampler,COMPLETE
1763,0.021671634167432785,2025-04-26 10:08:37.265262,2025-04-26 10:11:01.897559,0 days 00:02:24.632297,0.06389508981996629,144,2,1,32,0.12712413599411224,176,1,4,32,0.08210219787348715,80,4,4,64,0.039996872484199156,424,408.0,336.0,3,1,0.0059921512439545035,0.6,/work3/arnaou/checkpoints/groupgat_Tc_trial_1763_best_state.pt,"{'learning_rate': 0.0059921512439545035, 'lr_reduce': 0.6}",TPESampler,COMPLETE
1764,0.014212250709533691,2025-04-26 10:10:36.719775,2025-04-26 10:12:40.655505,0 days 00:02:03.935730,0.017197006845323177,192,4,4,48,0.03912014087018528,240,1,2,112,0.28252406873008296,96,2,2,96,0.2321980406437661,112,160.0,32.0,3,1,0.0003930496354800189,0.6,/work3/arnaou/checkpoints/groupgat_Tc_trial_1764_best_state.pt,"{'learning_rate': 0.0003930496354800189, 'lr_reduce': 0.6}",TPESampler,COMPLETE
1765,0.01646324060857296,2025-04-26 10:10:47.813952,2025-04-26 10:12:52.296037,0 days 00:02:04.482085,0.03360451954105853,224,4,3,32,0.07889416457760703,208,1,3,128,0.28384740160011734,96,1,2,96,0.2760968391249312,32,64.0,264.0,3,2,0.0003233078583419428,0.6,/work3/arnaou/checkpoints/groupgat_Tc_trial_1765_best_state.pt,"{'learning_rate': 0.0003233078583419428, 'lr_reduce': 0.6}",TPESampler,COMPLETE
1766,0.02863294817507267,2025-04-26 10:11:02.138021,2025-04-26 10:13:15.940810,0 days 00:02:13.802789,0.21228815412796567,96,3,2,32,0.018818573555696078,128,4,2,48,0.21937130258006154,112,4,1,32,0.05034910586900074,56,,,1,1,0.006580615348115301,0.6,/work3/arnaou/checkpoints/groupgat_Tc_trial_1766_best_state.pt,"{'learning_rate': 0.006580615348115301, 'lr_reduce': 0.6}",TPESampler,COMPLETE
1767,0.05371233820915222,2025-04-26 10:12:42.233152,2025-04-26 10:14:47.462505,0 days 00:02:05.229353,0.06128239851074495,192,3,4,80,0.2688732949641732,240,3,3,128,0.04060580447751015,128,1,1,112,0.06351062610385019,112,,,1,1,0.00031569633687446975,0.6,/work3/arnaou/checkpoints/groupgat_Tc_trial_1767_best_state.pt,"{'learning_rate': 0.00031569633687446975, 'lr_reduce': 0.6}",TPESampler,COMPLETE
1768,0.01504476647824049,2025-04-26 10:12:52.979019,2025-04-26 10:15:42.594777,0 days 00:02:49.615758,0.010363467652079569,96,4,4,32,0.1887423334619004,256,1,2,112,0.14498004371880072,64,3,1,128,0.08737385790970705,136,32.0,,2,2,0.0007386836219346188,0.6,/work3/arnaou/checkpoints/groupgat_Tc_trial_1768_best_state.pt,"{'learning_rate': 0.0007386836219346188, 'lr_reduce': 0.6}",TPESampler,COMPLETE
1769,0.0222803745418787,2025-04-26 10:13:16.130155,2025-04-26 10:15:36.110912,0 days 00:02:19.980757,0.05059193655712965,192,4,3,64,0.08838555127428292,192,2,4,48,0.1321054821217675,80,3,3,128,0.17212352713324658,416,96.0,72.0,3,2,0.00011847233928685194,0.6,/work3/arnaou/checkpoints/groupgat_Tc_trial_1769_best_state.pt,"{'learning_rate': 0.00011847233928685194, 'lr_reduce': 0.6}",TPESampler,COMPLETE
1770,0.05319923907518387,2025-04-26 10:14:47.633663,2025-04-26 10:17:05.422584,0 days 00:02:17.788921,0.2999477299123803,144,4,2,32,0.2158948037456204,256,2,2,80,0.2800337436792568,128,2,4,80,0.07698281163374841,296,120.0,,2,1,0.00015978328642440284,0.6,/work3/arnaou/checkpoints/groupgat_Tc_trial_1770_best_state.pt,"{'learning_rate': 0.00015978328642440284, 'lr_reduce': 0.6}",TPESampler,COMPLETE
1771,0.014894584193825722,2025-04-26 10:15:36.388699,2025-04-26 10:17:12.724091,0 days 00:01:36.335392,0.014992442593674916,208,4,4,64,0.209620974454716,224,3,2,128,0.18177829454347214,96,3,1,112,0.044515071359438885,272,152.0,,2,1,0.0013234004108458378,0.6,/work3/arnaou/checkpoints/groupgat_Tc_trial_1771_best_state.pt,"{'learning_rate': 0.0013234004108458378, 'lr_reduce': 0.6}",TPESampler,COMPLETE
1772,0.02034834399819374,2025-04-26 10:15:43.021758,2025-04-26 10:17:42.832351,0 days 00:01:59.810593,0.012506433673560635,64,3,4,64,0.15231340445038546,160,2,3,64,0.0010429165123271023,48,1,3,112,0.0789841595186,264,104.0,200.0,3,2,0.0006963119108914887,0.6,/work3/arnaou/checkpoints/groupgat_Tc_trial_1772_best_state.pt,"{'learning_rate': 0.0006963119108914887, 'lr_reduce': 0.6}",TPESampler,COMPLETE
1773,0.02336106076836586,2025-04-26 10:17:05.700529,2025-04-26 10:19:04.438564,0 days 00:01:58.738035,0.15624694684962548,256,2,4,48,0.08014471679577123,64,2,3,80,0.0004870076706789128,112,3,4,96,0.17365863986751684,200,248.0,296.0,3,2,0.0005529041471656205,0.6,/work3/arnaou/checkpoints/groupgat_Tc_trial_1773_best_state.pt,"{'learning_rate': 0.0005529041471656205, 'lr_reduce': 0.6}",TPESampler,COMPLETE
1774,0.20087069272994995,2025-04-26 10:17:13.009336,2025-04-26 10:18:53.711084,0 days 00:01:40.701748,0.22346129203706905,64,2,2,80,0.2580742450389797,208,3,4,80,0.006804457223056226,32,1,4,96,0.01102768118672176,448,,,1,2,0.00048648966411148916,0.6,/work3/arnaou/checkpoints/groupgat_Tc_trial_1774_best_state.pt,"{'learning_rate': 0.00048648966411148916, 'lr_reduce': 0.6}",TPESampler,COMPLETE
1775,0.013751965016126633,2025-04-26 10:17:44.510932,2025-04-26 10:19:44.471205,0 days 00:01:59.960273,0.025393235769945524,192,4,4,48,0.1428383621897576,208,1,4,112,0.29827120289716336,128,1,1,96,0.2478955848702274,96,360.0,,2,2,0.001195017199336673,0.6,/work3/arnaou/checkpoints/groupgat_Tc_trial_1775_best_state.pt,"{'learning_rate': 0.001195017199336673, 'lr_reduce': 0.6}",TPESampler,COMPLETE
1776,0.08837918937206268,2025-04-26 10:18:53.951440,2025-04-26 10:21:16.590523,0 days 00:02:22.639083,0.20231859824858386,224,4,2,96,0.26718490783156496,144,2,3,64,0.054932533346013515,128,2,4,80,0.0857077907860443,312,424.0,,2,2,0.0003885091839197626,0.6,/work3/arnaou/checkpoints/groupgat_Tc_trial_1776_best_state.pt,"{'learning_rate': 0.0003885091839197626, 'lr_reduce': 0.6}",TPESampler,COMPLETE
1777,0.020092511549592018,2025-04-26 10:19:04.747661,2025-04-26 10:21:23.308753,0 days 00:02:18.561092,0.006343110736225945,240,4,2,48,0.0783460127996342,192,2,3,96,0.22209140641980255,128,2,1,112,0.18890837572708105,32,64.0,,2,2,0.0001206312213831298,0.6,/work3/arnaou/checkpoints/groupgat_Tc_trial_1777_best_state.pt,"{'learning_rate': 0.0001206312213831298, 'lr_reduce': 0.6}",TPESampler,COMPLETE
1778,0.015163019299507141,2025-04-26 10:19:44.699714,2025-04-26 10:21:28.024780,0 days 00:01:43.325066,0.019135122634278745,240,4,4,96,0.2440231258375016,240,2,2,96,0.1346320347603101,112,2,1,128,0.04582094644454028,32,184.0,,2,1,0.0017946578160584128,0.6,/work3/arnaou/checkpoints/groupgat_Tc_trial_1778_best_state.pt,"{'learning_rate': 0.0017946578160584128, 'lr_reduce': 0.6}",TPESampler,COMPLETE
1779,0.03479239344596863,2025-04-26 10:21:16.789165,2025-04-26 10:23:33.472764,0 days 00:02:16.683599,0.19552064058878338,112,4,3,64,0.0795181936738627,224,1,4,64,0.12042286637126459,96,2,3,112,0.007919436205512165,400,,,1,2,0.0005926644312774424,0.6,/work3/arnaou/checkpoints/groupgat_Tc_trial_1779_best_state.pt,"{'learning_rate': 0.0005926644312774424, 'lr_reduce': 0.6}",TPESampler,COMPLETE
1780,0.020050503313541412,2025-04-26 10:21:23.611134,2025-04-26 10:24:14.768609,0 days 00:02:51.157475,0.021706718142698637,256,4,3,32,0.18877470821788905,208,4,4,128,0.20017304995652313,32,4,2,112,0.0040262393189029605,384,128.0,,2,2,0.0015625317727365506,0.6,/work3/arnaou/checkpoints/groupgat_Tc_trial_1780_best_state.pt,"{'learning_rate': 0.0015625317727365506, 'lr_reduce': 0.6}",TPESampler,COMPLETE
1781,0.04011734202504158,2025-04-26 10:21:28.325699,2025-04-26 10:23:57.219355,0 days 00:02:28.893656,0.19694376893759336,64,1,4,80,0.18759485581066113,192,2,4,64,0.2899798903681532,80,2,3,96,0.2910398589776912,136,96.0,,2,1,0.0039542584940299545,0.6,/work3/arnaou/checkpoints/groupgat_Tc_trial_1781_best_state.pt,"{'learning_rate': 0.0039542584940299545, 'lr_reduce': 0.6}",TPESampler,COMPLETE
1782,0.029742222279310226,2025-04-26 10:23:33.647984,2025-04-26 10:25:41.329998,0 days 00:02:07.682014,0.11295230926634552,160,2,3,48,0.018864598670668725,96,2,4,32,0.14638717898631504,64,4,4,48,0.08889280755405755,496,32.0,248.0,3,2,0.00018674632875700714,0.6,/work3/arnaou/checkpoints/groupgat_Tc_trial_1782_best_state.pt,"{'learning_rate': 0.00018674632875700714, 'lr_reduce': 0.6}",TPESampler,COMPLETE
1783,0.021981263533234596,2025-04-26 10:23:57.506841,2025-04-26 10:26:16.544750,0 days 00:02:19.037909,0.0685861831864406,64,1,3,128,0.029248299699463215,80,3,2,48,0.08566417263927975,32,2,3,48,0.0026727655618091206,248,144.0,112.0,3,2,0.0005802614908551395,0.6,/work3/arnaou/checkpoints/groupgat_Tc_trial_1783_best_state.pt,"{'learning_rate': 0.0005802614908551395, 'lr_reduce': 0.6}",TPESampler,COMPLETE
1784,0.02096422016620636,2025-04-26 10:24:15.063577,2025-04-26 10:25:54.677860,0 days 00:01:39.614283,0.0019415080355825159,160,2,2,32,0.05436975034922596,192,4,4,96,0.29470798927109637,80,4,1,128,0.07323473349488774,112,72.0,,2,2,0.004308141182650654,0.6,/work3/arnaou/checkpoints/groupgat_Tc_trial_1784_best_state.pt,"{'learning_rate': 0.004308141182650654, 'lr_reduce': 0.6}",TPESampler,COMPLETE
1785,0.019391275942325592,2025-04-26 10:25:41.576317,2025-04-26 10:27:44.601059,0 days 00:02:03.024742,0.011531954839247767,208,1,3,48,0.03001678529863245,112,3,2,64,0.2612505490399642,112,4,3,128,0.17962804556851575,208,448.0,360.0,3,2,0.0004754293643081714,0.6,/work3/arnaou/checkpoints/groupgat_Tc_trial_1785_best_state.pt,"{'learning_rate': 0.0004754293643081714, 'lr_reduce': 0.6}",TPESampler,COMPLETE
1786,0.018876876682043076,2025-04-26 10:25:55.053788,2025-04-26 10:28:34.447039,0 days 00:02:39.393251,0.03759461457532886,240,3,2,64,0.2779932517657437,208,2,4,96,0.1335582183854113,112,4,1,96,0.15953245851381506,192,160.0,64.0,3,2,0.00038039772394612504,0.6,/work3/arnaou/checkpoints/groupgat_Tc_trial_1786_best_state.pt,"{'learning_rate': 0.00038039772394612504, 'lr_reduce': 0.6}",TPESampler,COMPLETE
1787,0.01716678775846958,2025-04-26 10:26:16.780327,2025-04-26 10:29:15.043216,0 days 00:02:58.262889,0.022321086708545154,176,3,4,32,0.07134904943617776,224,3,3,80,0.1782152090132339,64,4,2,128,0.25414786293221636,112,96.0,296.0,3,2,0.00026569336571196023,0.6,/work3/arnaou/checkpoints/groupgat_Tc_trial_1787_best_state.pt,"{'learning_rate': 0.00026569336571196023, 'lr_reduce': 0.6}",TPESampler,COMPLETE
1788,0.018899809569120407,2025-04-26 10:27:45.355355,2025-04-26 10:30:00.396640,0 days 00:02:15.041285,0.03977419414022403,176,4,4,48,0.07485537633670417,240,2,4,128,0.2992141568350006,112,4,2,128,0.08275273093584709,112,208.0,160.0,3,2,0.0002084352297723841,0.6,/work3/arnaou/checkpoints/groupgat_Tc_trial_1788_best_state.pt,"{'learning_rate': 0.0002084352297723841, 'lr_reduce': 0.6}",TPESampler,COMPLETE
1789,0.03242778778076172,2025-04-26 10:28:34.638774,2025-04-26 10:30:58.754660,0 days 00:02:24.115886,0.16255373939325773,176,1,2,48,0.19036733239043666,80,1,2,48,0.22900685284538175,64,1,3,112,0.28203182785442243,160,,,1,1,0.007836061291600386,0.6,/work3/arnaou/checkpoints/groupgat_Tc_trial_1789_best_state.pt,"{'learning_rate': 0.007836061291600386, 'lr_reduce': 0.6}",TPESampler,COMPLETE
1790,0.016638053581118584,2025-04-26 10:29:15.309568,2025-04-26 10:31:04.035787,0 days 00:01:48.726219,0.046444213673870416,256,3,4,48,0.14935862505231357,176,2,4,96,0.17710104436814786,64,4,1,96,0.17083501541139104,160,128.0,232.0,3,1,0.0011874383582995763,0.6,/work3/arnaou/checkpoints/groupgat_Tc_trial_1790_best_state.pt,"{'learning_rate': 0.0011874383582995763, 'lr_reduce': 0.6}",TPESampler,COMPLETE
1791,0.8173530101776123,2025-04-26 10:30:00.600114,2025-04-26 10:30:21.731126,0 days 00:00:21.131012,0.11446672060461682,64,4,4,32,0.1759489706433627,96,4,1,48,0.20362140171288418,32,2,2,48,0.255518047650379,456,376.0,264.0,3,1,0.00012861281306794214,0.6,/work3/arnaou/checkpoints/groupgat_Tc_trial_1791_best_state.pt,"{'learning_rate': 0.00012861281306794214, 'lr_reduce': 0.6}",TPESampler,COMPLETE
1792,0.014760583639144897,2025-04-26 10:30:21.947132,2025-04-26 10:32:15.182242,0 days 00:01:53.235110,0.007705511674784241,160,4,4,80,0.2537254736551261,160,3,4,128,0.021447405148667373,48,4,2,128,0.1377181323762224,424,72.0,32.0,3,2,0.0007796664045783918,0.6,/work3/arnaou/checkpoints/groupgat_Tc_trial_1792_best_state.pt,"{'learning_rate': 0.0007796664045783918, 'lr_reduce': 0.6}",TPESampler,COMPLETE
1793,0.017114846035838127,2025-04-26 10:30:59.051314,2025-04-26 10:33:26.416083,0 days 00:02:27.364769,0.039850041409024275,144,4,4,80,0.1663783389840387,224,3,4,128,0.005219459855212966,80,4,1,112,0.06221696678553807,440,128.0,424.0,3,2,0.0017885806701097861,0.6,/work3/arnaou/checkpoints/groupgat_Tc_trial_1793_best_state.pt,"{'learning_rate': 0.0017885806701097861, 'lr_reduce': 0.6}",TPESampler,COMPLETE
1794,0.10606347024440765,2025-04-26 10:31:04.320821,2025-04-26 10:35:04.824695,0 days 00:04:00.503874,0.1777874467563983,96,4,4,128,0.20537909065570303,128,3,4,64,0.24178311831252663,112,4,3,64,0.002326071360344212,128,96.0,,2,2,0.00014835766227003455,0.6,/work3/arnaou/checkpoints/groupgat_Tc_trial_1794_best_state.pt,"{'learning_rate': 0.00014835766227003455, 'lr_reduce': 0.6}",TPESampler,COMPLETE
1795,0.01518390141427517,2025-04-26 10:32:15.390953,2025-04-26 10:34:12.990662,0 days 00:01:57.599709,0.011577921794555758,96,3,4,96,0.0785274908878037,112,1,2,80,0.17701074614299359,96,4,1,112,0.11968907756539293,32,176.0,320.0,3,2,0.0008399781379047883,0.6,/work3/arnaou/checkpoints/groupgat_Tc_trial_1795_best_state.pt,"{'learning_rate': 0.0008399781379047883, 'lr_reduce': 0.6}",TPESampler,COMPLETE
1796,0.07465378195047379,2025-04-26 10:33:26.650120,2025-04-26 10:34:27.418361,0 days 00:01:00.768241,0.2563118848704876,208,4,1,64,0.29119846635888014,256,4,3,32,0.20116883921742554,80,3,4,48,0.06978230266455716,416,88.0,,2,1,0.0017925029162824944,0.6,/work3/arnaou/checkpoints/groupgat_Tc_trial_1796_best_state.pt,"{'learning_rate': 0.0017925029162824944, 'lr_reduce': 0.6}",TPESampler,COMPLETE
1797,0.02016649767756462,2025-04-26 10:34:13.222020,2025-04-26 10:36:16.561534,0 days 00:02:03.339514,0.0018549577269493245,160,1,3,32,0.005119841430098193,176,4,2,32,0.08289252072893921,128,2,3,112,0.11594671266835924,328,136.0,,2,1,0.00023694483215227667,0.6,/work3/arnaou/checkpoints/groupgat_Tc_trial_1797_best_state.pt,"{'learning_rate': 0.00023694483215227667, 'lr_reduce': 0.6}",TPESampler,COMPLETE
1798,0.0264121163636446,2025-04-26 10:34:27.690072,2025-04-26 10:35:42.918579,0 days 00:01:15.228507,0.06044490243098537,128,1,3,80,0.19832938841057374,160,4,1,128,0.20947675909916652,48,3,4,32,0.08883819762813236,96,72.0,,2,1,0.003918568935398055,0.6,/work3/arnaou/checkpoints/groupgat_Tc_trial_1798_best_state.pt,"{'learning_rate': 0.003918568935398055, 'lr_reduce': 0.6}",TPESampler,COMPLETE
