number,value,datetime_start,datetime_complete,duration,params_L1_dropout,params_L1_hidden_dim,params_L1_layers_atom,params_L1_layers_mol,params_L1_out_dim,params_L2_dropout,params_L2_hidden_dim,params_L2_layers_atom,params_L2_layers_mol,params_L2_out_dim,params_L3_dropout,params_L3_hidden_dim,params_L3_layers_atom,params_L3_layers_mol,params_L3_out_dim,params_final_dropout,params_mlp_dim_0,params_mlp_dim_1,params_mlp_dim_2,params_n_mlp_layers,params_num_heads,params_train_learning_rate,params_train_lr_reduce,user_attrs_best_state_dict_path,user_attrs_training_params,system_attrs_auto:sampler,state
1269,0.01937752403318882,2025-04-26 04:21:57.226303,2025-04-26 04:23:56.706688,0 days 00:01:59.480385,0.02915776005057824,192,4,4,48,0.2932672038468655,240,1,2,128,0.20748190747753759,64,3,1,96,0.04059811968490662,96,32.0,,2,2,0.0006923171454673769,0.6,/work3/arnaou/checkpoints/groupgat_Tc_trial_1269_best_state.pt,"{'learning_rate': 0.0006923171454673769, 'lr_reduce': 0.6}",TPESampler,COMPLETE
1270,0.01480752695351839,2025-04-26 04:22:22.039553,2025-04-26 04:24:04.924490,0 days 00:01:42.884937,0.03270210336494657,240,4,4,64,0.173663541576899,256,1,2,112,0.2799559658345849,128,2,2,64,0.15548086924327462,80,192.0,32.0,3,2,0.0007065529713477946,0.6,/work3/arnaou/checkpoints/groupgat_Tc_trial_1270_best_state.pt,"{'learning_rate': 0.0007065529713477946, 'lr_reduce': 0.6}",TPESampler,COMPLETE
1271,0.019871581345796585,2025-04-26 04:22:56.406305,2025-04-26 04:24:28.865524,0 days 00:01:32.459219,0.027602874471501605,192,3,4,96,0.0019330877511197775,64,1,3,128,0.13227362334487303,112,3,1,128,0.21331527091980199,80,104.0,160.0,3,2,0.0035714162189151998,0.6,/work3/arnaou/checkpoints/groupgat_Tc_trial_1271_best_state.pt,"{'learning_rate': 0.0035714162189151998, 'lr_reduce': 0.6}",TPESampler,COMPLETE
1272,0.016402442008256912,2025-04-26 04:23:56.987730,2025-04-26 04:25:51.799707,0 days 00:01:54.811977,0.014973866721888664,224,3,3,32,0.17378775082650888,160,3,2,128,0.15057874414877664,96,4,1,48,0.18654856849923865,216,136.0,72.0,3,2,0.001103856859482025,0.6,/work3/arnaou/checkpoints/groupgat_Tc_trial_1272_best_state.pt,"{'learning_rate': 0.001103856859482025, 'lr_reduce': 0.6}",TPESampler,COMPLETE
1273,0.016900280490517616,2025-04-26 04:24:05.198415,2025-04-26 04:25:59.033126,0 days 00:01:53.834711,0.007955574963042115,256,4,4,48,0.04315930759420666,256,1,4,112,0.27520583452062175,112,3,2,96,0.29356296504284374,112,464.0,112.0,3,2,0.0007384317215613865,0.6,/work3/arnaou/checkpoints/groupgat_Tc_trial_1273_best_state.pt,"{'learning_rate': 0.0007384317215613865, 'lr_reduce': 0.6}",TPESampler,COMPLETE
1274,0.013816844671964645,2025-04-26 04:24:29.168158,2025-04-26 04:26:08.911910,0 days 00:01:39.743752,0.039540957248047126,144,3,4,32,0.0457931768000777,208,3,2,80,0.2237250536300659,96,4,2,128,0.19628495062047846,136,80.0,32.0,3,2,0.0017918686617742964,0.6,/work3/arnaou/checkpoints/groupgat_Tc_trial_1274_best_state.pt,"{'learning_rate': 0.0017918686617742964, 'lr_reduce': 0.6}",TPESampler,COMPLETE
1275,0.02609226107597351,2025-04-26 04:25:52.120647,2025-04-26 04:29:35.842774,0 days 00:03:43.722127,0.008576271445385773,192,4,3,32,0.13968450053299306,160,4,4,112,0.18266459739723623,48,4,1,128,0.0865919163886095,176,232.0,,2,1,0.004274838125585035,0.6,/work3/arnaou/checkpoints/groupgat_Tc_trial_1275_best_state.pt,"{'learning_rate': 0.004274838125585035, 'lr_reduce': 0.6}",TPESampler,COMPLETE
1276,0.020651577040553093,2025-04-26 04:25:59.349297,2025-04-26 04:28:10.891430,0 days 00:02:11.542133,0.024883791725014648,256,3,2,32,0.2372118821218019,240,2,3,112,0.15036641482682708,112,4,2,48,0.16012009861768794,48,408.0,,2,1,0.0011522047046314044,0.6,/work3/arnaou/checkpoints/groupgat_Tc_trial_1276_best_state.pt,"{'learning_rate': 0.0011522047046314044, 'lr_reduce': 0.6}",TPESampler,COMPLETE
1277,0.020576419308781624,2025-04-26 04:26:09.425168,2025-04-26 04:27:43.502503,0 days 00:01:34.077335,0.1217692190479781,224,4,4,32,0.049128137188060306,256,1,2,128,0.18327523889297512,128,2,1,80,0.2955770612867589,128,104.0,160.0,3,2,0.0007299159485198814,0.6,/work3/arnaou/checkpoints/groupgat_Tc_trial_1277_best_state.pt,"{'learning_rate': 0.0007299159485198814, 'lr_reduce': 0.6}",TPESampler,COMPLETE
1278,0.015866680070757866,2025-04-26 04:27:45.038928,2025-04-26 04:29:46.014489,0 days 00:02:00.975561,0.01855371040358019,128,4,4,96,0.11944077150499785,64,1,3,80,0.12735750924406256,112,3,1,96,0.21197183381966547,72,168.0,72.0,3,2,0.0006013186216564001,0.6,/work3/arnaou/checkpoints/groupgat_Tc_trial_1278_best_state.pt,"{'learning_rate': 0.0006013186216564001, 'lr_reduce': 0.6}",TPESampler,COMPLETE
1279,0.024556830525398254,2025-04-26 04:28:11.237232,2025-04-26 04:29:35.540524,0 days 00:01:24.303292,0.29915636651608735,256,1,1,80,0.09941735157403206,208,4,3,128,0.015867111533757666,64,2,3,48,0.2654176759277912,440,72.0,,2,1,0.002040933869033046,0.6,/work3/arnaou/checkpoints/groupgat_Tc_trial_1279_best_state.pt,"{'learning_rate': 0.002040933869033046, 'lr_reduce': 0.6}",TPESampler,COMPLETE
1280,0.03922966122627258,2025-04-26 04:29:35.777415,2025-04-26 04:30:30.574138,0 days 00:00:54.796723,0.0073118474387589075,256,4,3,64,0.2335109977446676,224,1,4,96,0.245570540136598,80,2,1,128,0.10171511801374616,32,136.0,128.0,3,2,0.0014831174732032398,0.6,/work3/arnaou/checkpoints/groupgat_Tc_trial_1280_best_state.pt,"{'learning_rate': 0.0014831174732032398, 'lr_reduce': 0.6}",TPESampler,COMPLETE
1281,0.01592429354786873,2025-04-26 04:29:36.249592,2025-04-26 04:32:08.663664,0 days 00:02:32.414072,0.0015420931009080211,224,3,4,32,0.08063971672037354,112,4,4,112,0.07507414964336896,64,4,1,128,0.14387763141334986,168,72.0,72.0,3,2,0.0016154122459998105,0.6,/work3/arnaou/checkpoints/groupgat_Tc_trial_1281_best_state.pt,"{'learning_rate': 0.0016154122459998105, 'lr_reduce': 0.6}",TPESampler,COMPLETE
1282,0.02188931405544281,2025-04-26 04:29:46.337931,2025-04-26 04:31:56.305226,0 days 00:02:09.967295,0.030792859386866253,192,1,4,128,0.027402482326756558,240,2,1,32,0.053310456330439696,48,2,2,112,0.15155467058648742,336,32.0,,2,2,0.00023173883774121686,0.6,/work3/arnaou/checkpoints/groupgat_Tc_trial_1282_best_state.pt,"{'learning_rate': 0.00023173883774121686, 'lr_reduce': 0.6}",TPESampler,COMPLETE
1283,0.019435495138168335,2025-04-26 04:30:30.864129,2025-04-26 04:32:27.536215,0 days 00:01:56.672086,0.165902151619313,112,1,1,48,0.044694400930002494,240,4,4,128,0.23189855641350823,128,3,2,128,0.11717337758428613,56,392.0,,2,2,0.001767797676899226,0.6,/work3/arnaou/checkpoints/groupgat_Tc_trial_1283_best_state.pt,"{'learning_rate': 0.001767797676899226, 'lr_reduce': 0.6}",TPESampler,COMPLETE
1284,0.017597869038581848,2025-04-26 04:31:56.543835,2025-04-26 04:33:42.462099,0 days 00:01:45.918264,0.03901322591020917,144,4,3,32,0.059433226711402797,80,4,4,128,0.1773189944046731,32,4,1,128,0.13030690129002515,272,120.0,,2,1,0.0017839407406695076,0.6,/work3/arnaou/checkpoints/groupgat_Tc_trial_1284_best_state.pt,"{'learning_rate': 0.0017839407406695076, 'lr_reduce': 0.6}",TPESampler,COMPLETE
1285,0.014371818862855434,2025-04-26 04:32:08.968797,2025-04-26 04:34:05.268631,0 days 00:01:56.299834,0.037662975648073596,176,4,3,96,0.06167323533864123,64,2,3,128,0.21418906643276875,112,4,1,128,0.2698703758808696,104,184.0,168.0,3,2,0.0014537219275187873,0.6,/work3/arnaou/checkpoints/groupgat_Tc_trial_1285_best_state.pt,"{'learning_rate': 0.0014537219275187873, 'lr_reduce': 0.6}",TPESampler,COMPLETE
1286,0.02202479913830757,2025-04-26 04:32:27.856721,2025-04-26 04:34:24.481392,0 days 00:01:56.624671,0.045456207637758095,128,3,2,32,0.08455526925445339,208,4,3,128,0.15167066393798315,128,4,1,128,0.005325845045359892,264,104.0,,2,1,0.003105681165142186,0.6,/work3/arnaou/checkpoints/groupgat_Tc_trial_1286_best_state.pt,"{'learning_rate': 0.003105681165142186, 'lr_reduce': 0.6}",TPESampler,COMPLETE
1287,0.024812646210193634,2025-04-26 04:33:42.836660,2025-04-26 04:35:50.993306,0 days 00:02:08.156646,0.10171659002921692,256,4,4,64,0.1454569724664405,208,1,4,128,0.2828028932834698,80,3,2,96,0.2288854708454496,344,152.0,,2,2,0.00030607909517953657,0.6,/work3/arnaou/checkpoints/groupgat_Tc_trial_1287_best_state.pt,"{'learning_rate': 0.00030607909517953657, 'lr_reduce': 0.6}",TPESampler,COMPLETE
1288,0.0207203458994627,2025-04-26 04:34:05.570124,2025-04-26 04:35:49.144598,0 days 00:01:43.574474,0.13072344390324706,224,4,4,80,0.252194982286541,160,2,2,128,0.1734723273845053,80,3,1,112,0.050954762192872705,144,,,1,1,0.00046459932506357583,0.6,/work3/arnaou/checkpoints/groupgat_Tc_trial_1288_best_state.pt,"{'learning_rate': 0.00046459932506357583, 'lr_reduce': 0.6}",TPESampler,COMPLETE
1289,0.019883638247847557,2025-04-26 04:34:24.744884,2025-04-26 04:36:30.655945,0 days 00:02:05.911061,0.05251661170482021,176,4,4,32,0.12257602480880908,112,3,4,48,0.22077098035377798,80,3,3,128,0.28124356018775576,200,72.0,112.0,3,2,0.00040056152955073737,0.6,/work3/arnaou/checkpoints/groupgat_Tc_trial_1289_best_state.pt,"{'learning_rate': 0.00040056152955073737, 'lr_reduce': 0.6}",TPESampler,COMPLETE
1290,0.014245356433093548,2025-04-26 04:35:49.477048,2025-04-26 04:37:36.663316,0 days 00:01:47.186268,0.0002810976730539712,208,2,4,32,0.04897800686488494,96,2,2,80,0.23261799778855421,112,4,3,128,0.16365603290583325,120,352.0,,2,2,0.0005278643329956842,0.6,/work3/arnaou/checkpoints/groupgat_Tc_trial_1290_best_state.pt,"{'learning_rate': 0.0005278643329956842, 'lr_reduce': 0.6}",TPESampler,COMPLETE
1291,0.020673196762800217,2025-04-26 04:35:51.344935,2025-04-26 04:37:03.056181,0 days 00:01:11.711246,0.19289978762613116,240,2,4,96,0.21972133662099808,224,3,2,32,0.032206837268760946,128,3,3,48,0.08939018032673451,144,112.0,,2,1,0.003921630548169029,0.6,/work3/arnaou/checkpoints/groupgat_Tc_trial_1291_best_state.pt,"{'learning_rate': 0.003921630548169029, 'lr_reduce': 0.6}",TPESampler,COMPLETE
1292,0.10922399163246155,2025-04-26 04:36:30.996714,2025-04-26 04:38:13.319651,0 days 00:01:42.322937,0.29979662052604944,224,3,2,64,0.29761948276627037,224,1,2,128,0.02034563585718352,32,2,2,96,0.020112425779125642,368,72.0,,2,2,0.0005023945405331468,0.6,/work3/arnaou/checkpoints/groupgat_Tc_trial_1292_best_state.pt,"{'learning_rate': 0.0005023945405331468, 'lr_reduce': 0.6}",TPESampler,COMPLETE
1293,0.027598127722740173,2025-04-26 04:37:03.384430,2025-04-26 04:38:47.154571,0 days 00:01:43.770141,0.2694654322608143,144,4,4,96,0.09910396862061036,80,1,2,64,0.18247213429333392,112,4,1,128,0.22502113268241808,192,416.0,64.0,3,2,0.0006116810126412454,0.6,/work3/arnaou/checkpoints/groupgat_Tc_trial_1293_best_state.pt,"{'learning_rate': 0.0006116810126412454, 'lr_reduce': 0.6}",TPESampler,COMPLETE
1294,0.019360581412911415,2025-04-26 04:37:36.947826,2025-04-26 04:39:21.327602,0 days 00:01:44.379776,0.022624535278547853,112,4,4,48,0.2830972070585932,224,1,1,128,0.10781175957507128,80,3,1,128,0.031134305177478908,136,200.0,,2,1,0.001479702216259024,0.6,/work3/arnaou/checkpoints/groupgat_Tc_trial_1294_best_state.pt,"{'learning_rate': 0.001479702216259024, 'lr_reduce': 0.6}",TPESampler,COMPLETE
1295,0.4699122905731201,2025-04-26 04:38:13.658288,2025-04-26 04:38:46.985636,0 days 00:00:33.327348,0.19644817574331455,240,4,1,80,0.16589514753913714,176,3,2,80,0.12811079918948606,128,2,4,80,0.22196174697873772,144,,,1,1,0.006294140221042729,0.6,/work3/arnaou/checkpoints/groupgat_Tc_trial_1295_best_state.pt,"{'learning_rate': 0.006294140221042729, 'lr_reduce': 0.6}",TPESampler,COMPLETE
1296,0.01797568053007126,2025-04-26 04:38:47.236429,2025-04-26 04:40:47.932892,0 days 00:02:00.696463,0.007190282582069478,144,3,3,32,0.024458849716347833,96,4,3,112,0.14198717004018754,80,4,1,96,0.10498201091630044,56,144.0,32.0,3,1,0.0005465764508438596,0.6,/work3/arnaou/checkpoints/groupgat_Tc_trial_1296_best_state.pt,"{'learning_rate': 0.0005465764508438596, 'lr_reduce': 0.6}",TPESampler,COMPLETE
1297,0.017255745828151703,2025-04-26 04:38:47.399483,2025-04-26 04:40:50.288671,0 days 00:02:02.889188,0.011331576260895457,192,3,3,32,0.2031837676180684,128,3,4,128,0.11110742178411266,96,4,1,64,0.2291966094989369,128,376.0,104.0,3,2,0.00030968870205225256,0.6,/work3/arnaou/checkpoints/groupgat_Tc_trial_1297_best_state.pt,"{'learning_rate': 0.00030968870205225256, 'lr_reduce': 0.6}",TPESampler,COMPLETE
1298,0.8328143358230591,2025-04-26 04:39:21.680559,2025-04-26 04:39:43.690987,0 days 00:00:22.010428,0.16143627127391727,64,1,1,128,0.2578319481452157,128,4,3,128,0.1382843986144544,48,4,2,32,0.24811597917855216,512,32.0,,2,1,0.00011242261617426797,0.6,/work3/arnaou/checkpoints/groupgat_Tc_trial_1298_best_state.pt,"{'learning_rate': 0.00011242261617426797, 'lr_reduce': 0.6}",TPESampler,COMPLETE
1299,0.025779470801353455,2025-04-26 04:39:43.981747,2025-04-26 04:41:05.131674,0 days 00:01:21.149927,0.043063137775776875,144,3,4,48,0.0020528440657356373,176,2,3,80,0.2994665564072889,128,3,2,128,0.1761834540398583,80,104.0,168.0,3,2,0.0037348201433218186,0.6,/work3/arnaou/checkpoints/groupgat_Tc_trial_1299_best_state.pt,"{'learning_rate': 0.0037348201433218186, 'lr_reduce': 0.6}",TPESampler,COMPLETE
1300,0.015195048414170742,2025-04-26 04:40:48.175672,2025-04-26 04:43:18.409401,0 days 00:02:30.233729,0.006221332507203097,192,4,4,48,0.05614173026444436,128,2,3,64,0.1374217398948061,112,3,2,96,0.2552044867868136,216,152.0,32.0,3,2,0.0003521883407699011,0.6,/work3/arnaou/checkpoints/groupgat_Tc_trial_1300_best_state.pt,"{'learning_rate': 0.0003521883407699011, 'lr_reduce': 0.6}",TPESampler,COMPLETE
1301,0.022595293819904327,2025-04-26 04:40:50.603384,2025-04-26 04:42:49.935214,0 days 00:01:59.331830,0.029858520829028797,192,2,4,48,0.2317244958015249,192,3,4,128,0.04224499668664383,96,4,2,64,0.17113943727302725,264,80.0,104.0,3,2,0.00198861128609477,0.6,/work3/arnaou/checkpoints/groupgat_Tc_trial_1301_best_state.pt,"{'learning_rate': 0.00198861128609477, 'lr_reduce': 0.6}",TPESampler,COMPLETE
1302,0.02343703806400299,2025-04-26 04:41:05.368715,2025-04-26 04:43:29.426550,0 days 00:02:24.057835,0.01531134896353453,128,2,2,32,0.11682802107565529,240,4,4,128,0.20667244464096635,112,3,1,128,0.15543552254824483,216,320.0,,2,2,0.0038895249645324024,0.6,/work3/arnaou/checkpoints/groupgat_Tc_trial_1302_best_state.pt,"{'learning_rate': 0.0038895249645324024, 'lr_reduce': 0.6}",TPESampler,COMPLETE
1303,0.015243184752762318,2025-04-26 04:42:50.700268,2025-04-26 04:45:23.884563,0 days 00:02:33.184295,0.003446962800043545,96,4,2,48,0.01925587886819801,128,4,4,112,0.1719055902379757,48,4,2,128,0.10521045630417612,128,120.0,72.0,3,1,0.0010885817314185788,0.6,/work3/arnaou/checkpoints/groupgat_Tc_trial_1303_best_state.pt,"{'learning_rate': 0.0010885817314185788, 'lr_reduce': 0.6}",TPESampler,COMPLETE
1304,0.0270172618329525,2025-04-26 04:43:18.750076,2025-04-26 04:45:32.955900,0 days 00:02:14.205824,0.07353736810198985,256,3,1,32,0.26317522300139073,176,2,4,96,0.19322973434943752,96,4,1,64,0.09038703990915617,144,232.0,176.0,3,2,0.0007644618550745294,0.6,/work3/arnaou/checkpoints/groupgat_Tc_trial_1304_best_state.pt,"{'learning_rate': 0.0007644618550745294, 'lr_reduce': 0.6}",TPESampler,COMPLETE
1305,0.016570916399359703,2025-04-26 04:43:29.797350,2025-04-26 04:45:03.530725,0 days 00:01:33.733375,0.051920766668199045,192,3,4,64,0.21635226383336137,224,1,4,112,0.25686210511592045,128,1,1,96,0.27632036484506756,112,72.0,120.0,3,2,0.001010974610418559,0.6,/work3/arnaou/checkpoints/groupgat_Tc_trial_1305_best_state.pt,"{'learning_rate': 0.001010974610418559, 'lr_reduce': 0.6}",TPESampler,COMPLETE
1306,0.027286486700177193,2025-04-26 04:45:03.794137,2025-04-26 04:46:56.636960,0 days 00:01:52.842823,0.2654374538152079,128,3,4,32,0.2986346126176456,192,3,3,64,0.16902003648822075,112,1,2,32,0.16474893540181765,288,,,1,1,0.0009242179735523216,0.6,/work3/arnaou/checkpoints/groupgat_Tc_trial_1306_best_state.pt,"{'learning_rate': 0.0009242179735523216, 'lr_reduce': 0.6}",TPESampler,COMPLETE
1307,0.012810383923351765,2025-04-26 04:45:24.237044,2025-04-26 04:47:25.644465,0 days 00:02:01.407421,0.0011688141191002113,256,4,3,48,0.03766934898775463,208,2,3,128,0.2169041556409458,128,2,1,96,0.17828257277022275,104,448.0,72.0,3,2,0.0002662983203398775,0.6,/work3/arnaou/checkpoints/groupgat_Tc_trial_1307_best_state.pt,"{'learning_rate': 0.0002662983203398775, 'lr_reduce': 0.6}",TPESampler,COMPLETE
1308,0.01891811564564705,2025-04-26 04:45:33.197798,2025-04-26 04:47:25.707318,0 days 00:01:52.509520,0.002689335010381634,224,2,4,80,0.13657532235463266,80,3,2,80,0.26131394332756575,112,4,4,128,0.19004242849523928,144,184.0,360.0,3,1,0.00043457826269426405,0.6,/work3/arnaou/checkpoints/groupgat_Tc_trial_1308_best_state.pt,"{'learning_rate': 0.00043457826269426405, 'lr_reduce': 0.6}",TPESampler,COMPLETE
1309,0.016389263793826103,2025-04-26 04:46:56.869053,2025-04-26 04:48:48.428379,0 days 00:01:51.559326,0.009812379368091123,160,3,4,112,0.10073199233132565,144,1,3,112,0.24619667196713385,96,4,3,96,0.10739725708375857,40,392.0,32.0,3,2,0.0013926510844325052,0.6,/work3/arnaou/checkpoints/groupgat_Tc_trial_1309_best_state.pt,"{'learning_rate': 0.0013926510844325052, 'lr_reduce': 0.6}",TPESampler,COMPLETE
1310,0.023447586223483086,2025-04-26 04:47:25.799305,2025-04-26 04:49:40.933526,0 days 00:02:15.134221,0.11092372963026742,256,4,3,48,0.11018733078416285,208,3,3,112,0.1752419999205645,128,2,1,128,0.14360555460628677,160,472.0,72.0,3,2,0.0002809431107885563,0.6,/work3/arnaou/checkpoints/groupgat_Tc_trial_1310_best_state.pt,"{'learning_rate': 0.0002809431107885563, 'lr_reduce': 0.6}",TPESampler,COMPLETE
1311,0.01668458618223667,2025-04-26 04:47:25.941953,2025-04-26 04:49:34.555964,0 days 00:02:08.614011,0.016966355131715304,224,4,3,64,0.04910949705491252,208,1,3,128,0.16663409232052495,112,2,1,96,0.18029951121760437,200,456.0,80.0,3,2,0.00018786469668955575,0.6,/work3/arnaou/checkpoints/groupgat_Tc_trial_1311_best_state.pt,"{'learning_rate': 0.00018786469668955575, 'lr_reduce': 0.6}",TPESampler,COMPLETE
1312,0.015164530836045742,2025-04-26 04:48:48.798090,2025-04-26 04:50:41.968193,0 days 00:01:53.170103,0.01430279501766036,208,3,4,64,0.10854961542094602,240,3,1,32,0.14025921048860784,80,4,3,96,0.10876804045678493,88,504.0,80.0,3,1,0.0005047385472148087,0.6,/work3/arnaou/checkpoints/groupgat_Tc_trial_1312_best_state.pt,"{'learning_rate': 0.0005047385472148087, 'lr_reduce': 0.6}",TPESampler,COMPLETE
1313,0.017216075211763382,2025-04-26 04:49:34.827384,2025-04-26 04:51:05.733557,0 days 00:01:30.906173,0.015267789232604962,240,3,3,96,0.21574300235683241,256,1,1,80,0.2126781456646646,48,2,2,96,0.03772447346177162,88,424.0,,2,1,0.0011715254487947916,0.6,/work3/arnaou/checkpoints/groupgat_Tc_trial_1313_best_state.pt,"{'learning_rate': 0.0011715254487947916, 'lr_reduce': 0.6}",TPESampler,COMPLETE
1314,0.016767388209700584,2025-04-26 04:49:41.169390,2025-04-26 04:52:17.073399,0 days 00:02:35.904009,0.018026330557776693,240,3,2,32,0.03183154819277683,192,2,3,128,0.0999967858266529,112,2,1,64,0.21824947893927735,192,440.0,112.0,3,1,0.00010371322893064322,0.6,/work3/arnaou/checkpoints/groupgat_Tc_trial_1314_best_state.pt,"{'learning_rate': 0.00010371322893064322, 'lr_reduce': 0.6}",TPESampler,COMPLETE
1315,0.01796739734709263,2025-04-26 04:50:42.223062,2025-04-26 04:52:16.610066,0 days 00:01:34.387004,0.03833586944941958,240,4,4,64,0.1357382310906137,240,1,3,112,0.2763064877743376,96,3,3,48,0.2020934180768041,136,488.0,80.0,3,2,0.0011422061612831533,0.6,/work3/arnaou/checkpoints/groupgat_Tc_trial_1315_best_state.pt,"{'learning_rate': 0.0011422061612831533, 'lr_reduce': 0.6}",TPESampler,COMPLETE
1316,0.015512170270085335,2025-04-26 04:51:05.996119,2025-04-26 04:53:22.575406,0 days 00:02:16.579287,0.08395555014788882,256,4,3,48,0.08929157944608491,160,3,3,128,0.1288195258872838,128,2,1,80,0.18159933612874885,32,464.0,32.0,3,2,0.0002814007733581484,0.6,/work3/arnaou/checkpoints/groupgat_Tc_trial_1316_best_state.pt,"{'learning_rate': 0.0002814007733581484, 'lr_reduce': 0.6}",TPESampler,COMPLETE
1317,0.022494498640298843,2025-04-26 04:52:16.841131,2025-04-26 04:54:11.383853,0 days 00:01:54.542722,0.02018581759966382,144,4,4,96,0.05358970257189427,128,2,3,64,0.20343366531257237,128,4,2,128,0.2113578955315159,64,456.0,112.0,3,2,0.0009128806474734504,0.6,/work3/arnaou/checkpoints/groupgat_Tc_trial_1317_best_state.pt,"{'learning_rate': 0.0009128806474734504, 'lr_reduce': 0.6}",TPESampler,COMPLETE
1318,0.017606820911169052,2025-04-26 04:52:17.440638,2025-04-26 04:55:04.035068,0 days 00:02:46.594430,0.00478601107171526,256,4,3,64,0.05172263815479845,176,2,3,128,0.18777686253204373,128,2,1,80,0.2287840789616083,56,416.0,80.0,3,2,0.00016984671147208069,0.6,/work3/arnaou/checkpoints/groupgat_Tc_trial_1318_best_state.pt,"{'learning_rate': 0.00016984671147208069, 'lr_reduce': 0.6}",TPESampler,COMPLETE
1319,0.019863946363329887,2025-04-26 04:53:22.827190,2025-04-26 04:55:39.779937,0 days 00:02:16.952747,0.07302508460550172,176,4,4,96,0.020945644396416704,64,2,2,112,0.15764283234613707,128,4,1,80,0.14538824285623608,64,432.0,120.0,3,2,0.0016007134548379053,0.6,/work3/arnaou/checkpoints/groupgat_Tc_trial_1319_best_state.pt,"{'learning_rate': 0.0016007134548379053, 'lr_reduce': 0.6}",TPESampler,COMPLETE
1320,0.016915684565901756,2025-04-26 04:54:11.658382,2025-04-26 04:56:44.973479,0 days 00:02:33.315097,0.01408805357105989,256,4,4,64,0.17086504353191406,176,1,3,112,0.25901609833888484,112,2,1,128,0.23197635464899502,120,32.0,72.0,3,2,0.00021786271132525378,0.6,/work3/arnaou/checkpoints/groupgat_Tc_trial_1320_best_state.pt,"{'learning_rate': 0.00021786271132525378, 'lr_reduce': 0.6}",TPESampler,COMPLETE
1321,0.01521866675466299,2025-04-26 04:55:04.334623,2025-04-26 04:57:23.447261,0 days 00:02:19.112638,0.024381668089461954,128,4,4,32,0.07262696177561206,112,4,4,128,0.13817413038191642,64,4,1,112,0.13187245911878132,56,504.0,32.0,3,2,0.0014980120055803918,0.6,/work3/arnaou/checkpoints/groupgat_Tc_trial_1321_best_state.pt,"{'learning_rate': 0.0014980120055803918, 'lr_reduce': 0.6}",TPESampler,COMPLETE
