number,value,datetime_start,datetime_complete,duration,params_L1_dropout,params_L1_hidden_dim,params_L1_layers_atom,params_L1_layers_mol,params_L1_out_dim,params_L2_dropout,params_L2_hidden_dim,params_L2_layers_atom,params_L2_layers_mol,params_L2_out_dim,params_L3_dropout,params_L3_hidden_dim,params_L3_layers_atom,params_L3_layers_mol,params_L3_out_dim,params_final_dropout,params_mlp_dim_0,params_mlp_dim_1,params_mlp_dim_2,params_n_mlp_layers,params_num_heads,params_train_learning_rate,params_train_lr_reduce,user_attrs_best_state_dict_path,user_attrs_training_params,system_attrs_auto:sampler,state
1958,0.02598634921014309,2025-04-26 12:22:39.547481,2025-04-26 12:24:34.421651,0 days 00:01:54.874170,0.2451810892112309,112,1,4,96,0.10646231918395868,240,3,4,32,0.048434023165436185,64,2,4,64,0.2620484899838176,136,128.0,112.0,3,2,0.0069422934892700424,0.6,/work3/arnaou/checkpoints/groupgat_Tc_trial_1958_best_state.pt,"{'learning_rate': 0.0069422934892700424, 'lr_reduce': 0.6}",TPESampler,COMPLETE
1959,0.017958445474505424,2025-04-26 12:22:57.498396,2025-04-26 12:24:53.723027,0 days 00:01:56.224631,0.06459127471150503,240,4,4,80,0.09585849743288893,256,2,2,128,0.27627911751765843,112,2,1,128,0.1737279130742645,64,32.0,360.0,3,1,0.00020753108085392797,0.6,/work3/arnaou/checkpoints/groupgat_Tc_trial_1959_best_state.pt,"{'learning_rate': 0.00020753108085392797, 'lr_reduce': 0.6}",TPESampler,COMPLETE
1960,0.0315219946205616,2025-04-26 12:23:35.042182,2025-04-26 12:25:02.317480,0 days 00:01:27.275298,0.1805476493952556,128,4,4,112,0.13723314436663384,80,3,1,96,0.11784740657891316,32,2,1,112,0.11540664665763528,152,96.0,296.0,3,1,0.00057236791864218,0.6,/work3/arnaou/checkpoints/groupgat_Tc_trial_1960_best_state.pt,"{'learning_rate': 0.00057236791864218, 'lr_reduce': 0.6}",TPESampler,COMPLETE
1961,0.1465107798576355,2025-04-26 12:24:34.732998,2025-04-26 12:26:30.533632,0 days 00:01:55.800634,0.28857105645360265,208,4,3,96,0.09110132368500354,208,3,4,80,0.23537613272441577,112,2,2,48,0.1295839528938325,248,,,1,1,0.0003034740036722026,0.6,/work3/arnaou/checkpoints/groupgat_Tc_trial_1961_best_state.pt,"{'learning_rate': 0.0003034740036722026, 'lr_reduce': 0.6}",TPESampler,COMPLETE
1962,0.0169239304959774,2025-04-26 12:24:54.036314,2025-04-26 12:27:06.452357,0 days 00:02:12.416043,0.008435772783589375,192,2,4,32,0.0674632464591591,224,3,2,80,0.26688925737952063,128,4,1,128,0.2684611299669118,272,488.0,216.0,3,2,0.0002667979824156553,0.6,/work3/arnaou/checkpoints/groupgat_Tc_trial_1962_best_state.pt,"{'learning_rate': 0.0002667979824156553, 'lr_reduce': 0.6}",TPESampler,COMPLETE
1963,0.012743153609335423,2025-04-26 12:25:02.618720,2025-04-26 12:27:07.673882,0 days 00:02:05.055162,0.007554056091994662,144,3,2,32,0.2980715908161544,144,4,4,112,0.20407513139665062,64,4,1,96,0.005721836898898852,208,168.0,,2,2,0.0014991613840923332,0.6,/work3/arnaou/checkpoints/groupgat_Tc_trial_1963_best_state.pt,"{'learning_rate': 0.0014991613840923332, 'lr_reduce': 0.6}",TPESampler,COMPLETE
1964,0.020793307572603226,2025-04-26 12:26:30.759079,2025-04-26 12:27:59.497580,0 days 00:01:28.738501,0.03267641080707877,144,3,3,96,0.05091834377697145,144,1,2,96,0.22065952298760316,112,3,2,112,0.20337948209150766,32,104.0,32.0,3,2,0.001609790364349549,0.6,/work3/arnaou/checkpoints/groupgat_Tc_trial_1964_best_state.pt,"{'learning_rate': 0.001609790364349549, 'lr_reduce': 0.6}",TPESampler,COMPLETE
1965,0.013999368995428085,2025-04-26 12:27:06.660581,2025-04-26 12:29:18.587586,0 days 00:02:11.927005,0.010355746062396275,208,2,2,64,0.2783975898815102,224,3,4,128,0.1918930458087744,48,4,1,128,0.08933826318375229,280,176.0,264.0,3,2,0.0011350252624017653,0.6,/work3/arnaou/checkpoints/groupgat_Tc_trial_1965_best_state.pt,"{'learning_rate': 0.0011350252624017653, 'lr_reduce': 0.6}",TPESampler,COMPLETE
1966,0.017861058935523033,2025-04-26 12:27:07.876619,2025-04-26 12:29:25.556768,0 days 00:02:17.680149,0.057459783679969914,128,2,3,32,0.2670698575673184,128,4,3,128,0.22516011634036476,32,3,2,80,0.0002821013440204856,144,192.0,,2,2,0.003485008367498563,0.6,/work3/arnaou/checkpoints/groupgat_Tc_trial_1966_best_state.pt,"{'learning_rate': 0.003485008367498563, 'lr_reduce': 0.6}",TPESampler,COMPLETE
1967,0.039159759879112244,2025-04-26 12:27:59.682815,2025-04-26 12:29:16.926152,0 days 00:01:17.243337,0.27314469325701557,176,4,2,112,0.11687281122512364,96,2,1,64,0.1726315664102961,80,2,4,32,0.17891214421875676,32,,,1,1,0.000399793850920475,0.6,/work3/arnaou/checkpoints/groupgat_Tc_trial_1967_best_state.pt,"{'learning_rate': 0.000399793850920475, 'lr_reduce': 0.6}",TPESampler,COMPLETE
1968,0.018837744370102882,2025-04-26 12:29:17.247679,2025-04-26 12:31:49.309905,0 days 00:02:32.062226,0.1673926493853762,144,1,2,128,0.17515516858903818,144,2,3,112,0.12235805387446859,32,3,3,32,0.17905579826950407,104,200.0,152.0,3,1,0.005184504017528819,0.6,/work3/arnaou/checkpoints/groupgat_Tc_trial_1968_best_state.pt,"{'learning_rate': 0.005184504017528819, 'lr_reduce': 0.6}",TPESampler,COMPLETE
1969,0.020722558721899986,2025-04-26 12:29:18.785283,2025-04-26 12:30:48.528499,0 days 00:01:29.743216,0.05133595958914294,96,2,3,48,0.265120627684994,144,4,4,112,0.1836382807695595,64,4,1,112,0.06121831423752277,104,240.0,,2,1,0.003350942203211671,0.6,/work3/arnaou/checkpoints/groupgat_Tc_trial_1969_best_state.pt,"{'learning_rate': 0.003350942203211671, 'lr_reduce': 0.6}",TPESampler,COMPLETE
1970,0.01979418843984604,2025-04-26 12:29:25.863275,2025-04-26 12:31:19.301502,0 days 00:01:53.438227,0.08413328942658976,192,3,1,48,0.26342425686665316,144,4,4,128,0.21514040229827527,80,4,1,96,0.023957030736934413,200,224.0,,2,2,0.003060407914314203,0.6,/work3/arnaou/checkpoints/groupgat_Tc_trial_1970_best_state.pt,"{'learning_rate': 0.003060407914314203, 'lr_reduce': 0.6}",TPESampler,COMPLETE
1971,0.017703598365187645,2025-04-26 12:30:48.722985,2025-04-26 12:32:34.636679,0 days 00:01:45.913694,0.05621742187521728,240,3,4,32,0.09491074972980876,160,2,2,96,0.2163022911497333,128,4,1,128,0.22144862335394278,160,224.0,72.0,3,2,0.0007720688050269336,0.6,/work3/arnaou/checkpoints/groupgat_Tc_trial_1971_best_state.pt,"{'learning_rate': 0.0007720688050269336, 'lr_reduce': 0.6}",TPESampler,COMPLETE
1972,0.054485857486724854,2025-04-26 12:31:19.635076,2025-04-26 12:33:13.009048,0 days 00:01:53.373972,0.0815081589650442,144,3,3,32,0.2508477929398748,128,3,4,112,0.2156715066306769,64,4,2,96,0.03584390151533996,280,192.0,,2,2,0.0007019058735484065,0.6,/work3/arnaou/checkpoints/groupgat_Tc_trial_1972_best_state.pt,"{'learning_rate': 0.0007019058735484065, 'lr_reduce': 0.6}",TPESampler,COMPLETE
1973,0.0368320606648922,2025-04-26 12:31:49.490261,2025-04-26 12:34:53.473460,0 days 00:03:03.983199,0.05634477316456182,176,3,1,48,0.22185987706658167,144,4,3,112,0.19967805454305412,48,3,1,96,0.011606947035825205,488,,,1,2,0.0019402082208693355,0.6,/work3/arnaou/checkpoints/groupgat_Tc_trial_1973_best_state.pt,"{'learning_rate': 0.0019402082208693355, 'lr_reduce': 0.6}",TPESampler,COMPLETE
1974,0.018038038164377213,2025-04-26 12:32:34.843432,2025-04-26 12:34:57.905779,0 days 00:02:23.062347,0.03125376594948669,256,4,3,48,0.14683418832937198,224,1,3,112,0.24139576887895214,80,2,1,112,0.2466539182553195,256,176.0,320.0,3,2,0.00020419161703469113,0.6,/work3/arnaou/checkpoints/groupgat_Tc_trial_1974_best_state.pt,"{'learning_rate': 0.00020419161703469113, 'lr_reduce': 0.6}",TPESampler,COMPLETE
1975,0.020579181611537933,2025-04-26 12:33:13.243849,2025-04-26 12:35:12.678410,0 days 00:01:59.434561,0.10479076313098479,256,2,4,112,0.29066292494425267,176,1,1,112,0.21827933315266834,64,2,2,96,0.09856207952212506,32,176.0,,2,2,0.0013628742889354652,0.6,/work3/arnaou/checkpoints/groupgat_Tc_trial_1975_best_state.pt,"{'learning_rate': 0.0013628742889354652, 'lr_reduce': 0.6}",TPESampler,COMPLETE
1976,0.016428377479314804,2025-04-26 12:34:53.750035,2025-04-26 12:37:00.220464,0 days 00:02:06.470429,0.0029452879409406357,256,4,3,48,0.01381067576471538,208,2,4,112,0.14452319516236542,96,2,1,80,0.12431128941574124,136,208.0,232.0,3,2,0.0016391347495148905,0.6,/work3/arnaou/checkpoints/groupgat_Tc_trial_1976_best_state.pt,"{'learning_rate': 0.0016391347495148905, 'lr_reduce': 0.6}",TPESampler,COMPLETE
1977,0.01912020705640316,2025-04-26 12:34:58.164124,2025-04-26 12:37:02.622318,0 days 00:02:04.458194,0.05222417897933313,144,4,3,80,0.13825041734501103,112,3,4,48,0.18250601928459464,64,4,3,112,0.1763279154364949,224,168.0,264.0,3,1,0.000522934789155415,0.6,/work3/arnaou/checkpoints/groupgat_Tc_trial_1977_best_state.pt,"{'learning_rate': 0.000522934789155415, 'lr_reduce': 0.6}",TPESampler,COMPLETE
1978,0.036417774856090546,2025-04-26 12:35:12.878934,2025-04-26 12:37:53.941967,0 days 00:02:41.063033,0.018257562464773322,96,3,2,32,0.2506994396204424,176,4,4,96,0.17209819344373606,64,3,1,96,0.06426959494826306,224,160.0,,2,2,0.0011957534607577418,0.6,/work3/arnaou/checkpoints/groupgat_Tc_trial_1978_best_state.pt,"{'learning_rate': 0.0011957534607577418, 'lr_reduce': 0.6}",TPESampler,COMPLETE
1979,0.01991168037056923,2025-04-26 12:37:00.497825,2025-04-26 12:38:57.305409,0 days 00:01:56.807584,0.01112451761527738,144,2,1,32,0.2652057611848363,112,3,3,112,0.24668999952492834,80,4,1,128,0.05282211856696882,88,,,1,2,0.0011699689134427812,0.6,/work3/arnaou/checkpoints/groupgat_Tc_trial_1979_best_state.pt,"{'learning_rate': 0.0011699689134427812, 'lr_reduce': 0.6}",TPESampler,COMPLETE
1980,0.016524137929081917,2025-04-26 12:37:02.798876,2025-04-26 12:39:22.023321,0 days 00:02:19.224445,0.011608587734340807,240,4,3,48,0.031227205681735995,144,2,3,128,0.24745916705763393,112,1,1,112,0.1622985766160075,200,200.0,72.0,3,2,0.00014084843068909585,0.6,/work3/arnaou/checkpoints/groupgat_Tc_trial_1980_best_state.pt,"{'learning_rate': 0.00014084843068909585, 'lr_reduce': 0.6}",TPESampler,COMPLETE
1981,0.012460358440876007,2025-04-26 12:37:54.411510,2025-04-26 12:40:02.082019,0 days 00:02:07.670509,0.022707985929625127,208,3,4,32,0.07637201455362207,208,2,4,80,0.2473350735202745,128,4,1,128,0.20223716269944816,40,160.0,432.0,3,2,0.000656002109990729,0.6,/work3/arnaou/checkpoints/groupgat_Tc_trial_1981_best_state.pt,"{'learning_rate': 0.000656002109990729, 'lr_reduce': 0.6}",TPESampler,COMPLETE
1982,0.03191788122057915,2025-04-26 12:38:57.705145,2025-04-26 12:42:27.585578,0 days 00:03:29.880433,0.023517925366247187,128,3,2,48,0.29740070519169465,192,4,4,128,0.22152666844487653,64,4,2,96,0.08570722252083326,328,144.0,,2,1,0.005439366702436277,0.6,/work3/arnaou/checkpoints/groupgat_Tc_trial_1982_best_state.pt,"{'learning_rate': 0.005439366702436277, 'lr_reduce': 0.6}",TPESampler,COMPLETE
1983,0.028233898803591728,2025-04-26 12:39:22.204082,2025-04-26 12:41:15.545817,0 days 00:01:53.341735,0.24694006425628034,128,3,2,112,0.015567872368520641,224,3,3,32,0.06318532698070371,96,1,1,112,0.023384206335557794,360,160.0,200.0,3,1,0.0005979343471067991,0.6,/work3/arnaou/checkpoints/groupgat_Tc_trial_1983_best_state.pt,"{'learning_rate': 0.0005979343471067991, 'lr_reduce': 0.6}",TPESampler,COMPLETE
1984,0.015401988290250301,2025-04-26 12:40:02.418132,2025-04-26 12:42:07.057043,0 days 00:02:04.638911,0.010714665456857342,256,2,1,112,0.13614534100175577,128,3,3,80,0.261895427184409,112,3,2,32,0.06493514563373921,200,192.0,408.0,3,2,0.001338650255595761,0.6,/work3/arnaou/checkpoints/groupgat_Tc_trial_1984_best_state.pt,"{'learning_rate': 0.001338650255595761, 'lr_reduce': 0.6}",TPESampler,COMPLETE
1985,0.02034023590385914,2025-04-26 12:41:15.727788,2025-04-26 12:43:03.228376,0 days 00:01:47.500588,0.06725988418529977,112,2,1,32,0.2978943312013199,64,3,3,96,0.14958175057043455,80,3,2,96,0.005599783351289557,288,224.0,,2,2,0.0022256057420751963,0.6,/work3/arnaou/checkpoints/groupgat_Tc_trial_1985_best_state.pt,"{'learning_rate': 0.0022256057420751963, 'lr_reduce': 0.6}",TPESampler,COMPLETE
1986,0.01607184298336506,2025-04-26 12:42:07.285196,2025-04-26 12:44:02.847789,0 days 00:01:55.562593,0.015297651508493035,256,3,4,48,0.24999993037482185,144,2,4,96,0.18911546031341026,80,4,1,80,0.20733131531973825,320,216.0,448.0,3,2,0.002257078812834709,0.6,/work3/arnaou/checkpoints/groupgat_Tc_trial_1986_best_state.pt,"{'learning_rate': 0.002257078812834709, 'lr_reduce': 0.6}",TPESampler,COMPLETE
1987,0.03780398517847061,2025-04-26 12:42:27.825616,2025-04-26 12:45:15.123214,0 days 00:02:47.297598,0.0008334243859334598,176,3,2,48,0.2096993133191728,160,4,4,112,0.19059590791807207,64,3,2,96,0.02966227410394652,144,,,1,2,0.0005395567909660544,0.6,/work3/arnaou/checkpoints/groupgat_Tc_trial_1987_best_state.pt,"{'learning_rate': 0.0005395567909660544, 'lr_reduce': 0.6}",TPESampler,COMPLETE
1988,0.016556328162550926,2025-04-26 12:43:03.405645,2025-04-26 12:45:11.023860,0 days 00:02:07.618215,0.03442912774778191,176,2,4,32,0.07541195029364124,208,1,4,80,0.2180869123852015,128,3,2,128,0.18206577195897586,104,200.0,,2,2,0.0006603198485767412,0.6,/work3/arnaou/checkpoints/groupgat_Tc_trial_1988_best_state.pt,"{'learning_rate': 0.0006603198485767412, 'lr_reduce': 0.6}",TPESampler,COMPLETE
1989,0.019150385633111,2025-04-26 12:44:03.075990,2025-04-26 12:46:05.827552,0 days 00:02:02.751562,0.02689483146072151,208,4,2,32,0.037448842087235285,112,3,4,64,0.1452282678742298,112,3,3,128,0.2281612751350212,328,192.0,432.0,3,2,0.0008921778513086954,0.6,/work3/arnaou/checkpoints/groupgat_Tc_trial_1989_best_state.pt,"{'learning_rate': 0.0008921778513086954, 'lr_reduce': 0.6}",TPESampler,COMPLETE
1990,0.02314804494380951,2025-04-26 12:45:11.213395,2025-04-26 12:47:25.239067,0 days 00:02:14.025672,0.0008257454801799732,256,4,4,32,0.1647771454575741,160,1,2,128,0.27782404692315354,112,4,1,112,0.18179466150480622,264,184.0,,2,2,0.0001330924912082665,0.6,/work3/arnaou/checkpoints/groupgat_Tc_trial_1990_best_state.pt,"{'learning_rate': 0.0001330924912082665, 'lr_reduce': 0.6}",TPESampler,COMPLETE
1991,0.015893837437033653,2025-04-26 12:45:15.399324,2025-04-26 12:47:26.465685,0 days 00:02:11.066361,0.0491021799953964,256,3,4,128,0.22178287455748005,256,1,2,80,0.17857505102951884,64,3,3,80,0.09521479023530321,72,176.0,,2,2,0.00044274002321308207,0.6,/work3/arnaou/checkpoints/groupgat_Tc_trial_1991_best_state.pt,"{'learning_rate': 0.00044274002321308207, 'lr_reduce': 0.6}",TPESampler,COMPLETE
1992,0.01880762353539467,2025-04-26 12:46:06.118066,2025-04-26 12:48:01.996413,0 days 00:01:55.878347,0.056615057148031445,208,3,4,32,0.06919044256700031,224,1,4,96,0.24380690367078736,128,3,1,128,0.20492594433340738,104,240.0,472.0,3,2,0.0013979497475272902,0.6,/work3/arnaou/checkpoints/groupgat_Tc_trial_1992_best_state.pt,"{'learning_rate': 0.0013979497475272902, 'lr_reduce': 0.6}",TPESampler,COMPLETE
1993,0.027168482542037964,2025-04-26 12:47:25.430394,2025-04-26 12:49:42.135948,0 days 00:02:16.705554,0.28984761043580626,144,1,2,48,0.12214969535868268,224,4,3,112,0.11023696587250217,128,2,4,64,0.24701936360813476,176,,,1,1,0.0011306958681436827,0.6,/work3/arnaou/checkpoints/groupgat_Tc_trial_1993_best_state.pt,"{'learning_rate': 0.0011306958681436827, 'lr_reduce': 0.6}",TPESampler,COMPLETE
1994,0.018952876329421997,2025-04-26 12:47:26.641862,2025-04-26 12:49:25.269490,0 days 00:01:58.627628,0.006739337652388554,128,3,4,32,0.01587249382760412,192,2,3,64,0.2843266051777641,112,4,1,128,0.23350226013388092,152,168.0,448.0,3,2,0.0008649917539706613,0.6,/work3/arnaou/checkpoints/groupgat_Tc_trial_1994_best_state.pt,"{'learning_rate': 0.0008649917539706613, 'lr_reduce': 0.6}",TPESampler,COMPLETE
1995,0.03248060494661331,2025-04-26 12:48:02.230729,2025-04-26 12:50:41.188820,0 days 00:02:38.958091,0.04163530410779767,80,3,2,48,0.29544432249143937,144,4,4,112,0.1647701306114183,48,4,1,112,0.01620133141946621,184,,,1,2,0.002206475526385603,0.6,/work3/arnaou/checkpoints/groupgat_Tc_trial_1995_best_state.pt,"{'learning_rate': 0.002206475526385603, 'lr_reduce': 0.6}",TPESampler,COMPLETE
1996,0.020972346886992455,2025-04-26 12:49:25.595265,2025-04-26 12:51:09.767384,0 days 00:01:44.172119,0.004235829663169294,192,3,3,80,0.29558913840598866,128,4,3,64,0.1530344448772999,112,1,3,96,0.2161585594350278,480,168.0,432.0,3,2,0.00837797740179638,0.6,/work3/arnaou/checkpoints/groupgat_Tc_trial_1996_best_state.pt,"{'learning_rate': 0.00837797740179638, 'lr_reduce': 0.6}",TPESampler,COMPLETE
1997,0.019195636734366417,2025-04-26 12:49:42.355291,2025-04-26 12:51:57.766952,0 days 00:02:15.411661,0.027443355543404914,128,3,2,32,0.23145483662615224,144,4,4,112,0.12718178804117247,80,4,1,80,0.0021000171714319776,272,,,1,1,0.0013187124125337284,0.6,/work3/arnaou/checkpoints/groupgat_Tc_trial_1997_best_state.pt,"{'learning_rate': 0.0013187124125337284, 'lr_reduce': 0.6}",TPESampler,COMPLETE
1998,0.036505378782749176,2025-04-26 12:50:41.464131,2025-04-26 12:52:43.472666,0 days 00:02:02.008535,0.03638750544239206,128,3,2,32,0.2237311283679443,96,4,3,128,0.2016276783259272,32,4,1,96,0.069504558785,248,168.0,432.0,3,2,0.0008573631518091571,0.6,/work3/arnaou/checkpoints/groupgat_Tc_trial_1998_best_state.pt,"{'learning_rate': 0.0008573631518091571, 'lr_reduce': 0.6}",TPESampler,COMPLETE
1999,0.021035805344581604,2025-04-26 12:51:10.027252,2025-04-26 12:52:55.931595,0 days 00:01:45.904343,0.05641047291389013,128,2,3,32,0.28802931531008824,144,4,3,96,0.16936570617495494,64,3,1,112,0.010775990161943557,280,160.0,,2,2,0.0023062178775626998,0.6,/work3/arnaou/checkpoints/groupgat_Tc_trial_1999_best_state.pt,"{'learning_rate': 0.0023062178775626998, 'lr_reduce': 0.6}",TPESampler,COMPLETE
2000,0.01481168158352375,2025-04-26 12:51:57.961122,2025-04-26 12:53:55.411487,0 days 00:01:57.450365,0.0024278259222705436,144,2,1,48,0.27499369821481745,144,4,3,128,0.14013890354440023,48,3,1,112,0.08319855299299743,104,208.0,,2,2,0.0028759582749778097,0.6,/work3/arnaou/checkpoints/groupgat_Tc_trial_2000_best_state.pt,"{'learning_rate': 0.0028759582749778097, 'lr_reduce': 0.6}",TPESampler,COMPLETE
2001,0.0235561802983284,2025-04-26 12:52:43.729701,2025-04-26 12:54:56.955858,0 days 00:02:13.226157,0.037778726128431986,144,4,1,32,0.22357928114235703,128,4,4,112,0.22073898402243164,80,4,1,112,0.0668049177058209,272,160.0,,2,2,0.001150781897720247,0.6,/work3/arnaou/checkpoints/groupgat_Tc_trial_2001_best_state.pt,"{'learning_rate': 0.001150781897720247, 'lr_reduce': 0.6}",TPESampler,COMPLETE
2002,0.025299545377492905,2025-04-26 12:52:56.474292,2025-04-26 12:55:51.149859,0 days 00:02:54.675567,0.056282695203511604,96,2,4,112,0.036057725875144636,224,4,1,96,0.004859476692984532,96,4,2,64,0.0508246164270902,184,,,1,2,0.00015950128780696374,0.6,/work3/arnaou/checkpoints/groupgat_Tc_trial_2002_best_state.pt,"{'learning_rate': 0.00015950128780696374, 'lr_reduce': 0.6}",TPESampler,COMPLETE
2003,0.031400956213474274,2025-04-26 12:53:55.625227,2025-04-26 12:56:21.261367,0 days 00:02:25.636140,0.08192937072266593,96,4,2,32,0.2530412481070596,112,4,4,112,0.19224249233880397,32,4,1,80,0.005566428780013984,320,160.0,,2,2,0.006666877216548579,0.6,/work3/arnaou/checkpoints/groupgat_Tc_trial_2003_best_state.pt,"{'learning_rate': 0.006666877216548579, 'lr_reduce': 0.6}",TPESampler,COMPLETE
2004,0.02375558577477932,2025-04-26 12:54:57.197112,2025-04-26 12:57:06.105971,0 days 00:02:08.908859,0.060484248653474196,240,3,4,32,0.07406068371178852,240,1,4,96,0.23293624526964263,96,4,1,128,0.1564657277758582,56,232.0,456.0,3,2,0.00031054716859768735,0.6,/work3/arnaou/checkpoints/groupgat_Tc_trial_2004_best_state.pt,"{'learning_rate': 0.00031054716859768735, 'lr_reduce': 0.6}",TPESampler,COMPLETE
2005,0.015445999801158905,2025-04-26 12:55:51.417238,2025-04-26 12:58:32.292727,0 days 00:02:40.875489,0.007762821397486009,176,3,3,32,0.2922559702002305,144,3,3,96,0.17737808206326833,80,4,1,112,0.010096590400620359,216,176.0,472.0,3,2,0.0009198376262310595,0.6,/work3/arnaou/checkpoints/groupgat_Tc_trial_2005_best_state.pt,"{'learning_rate': 0.0009198376262310595, 'lr_reduce': 0.6}",TPESampler,COMPLETE
2006,0.022021988406777382,2025-04-26 12:56:21.565298,2025-04-26 12:58:16.813486,0 days 00:01:55.248188,0.07362852294629789,208,2,4,48,0.1630393115085106,240,3,4,80,0.2620475524398734,128,4,1,112,0.12602826259999708,48,152.0,480.0,3,2,0.0002421932585133871,0.6,/work3/arnaou/checkpoints/groupgat_Tc_trial_2006_best_state.pt,"{'learning_rate': 0.0002421932585133871, 'lr_reduce': 0.6}",TPESampler,COMPLETE
2007,0.015877846628427505,2025-04-26 12:57:06.352603,2025-04-26 12:59:31.731451,0 days 00:02:25.378848,0.1552086877585052,144,2,4,80,0.23640685060729885,240,4,4,112,0.11966343245737321,48,3,1,128,0.0323528848938016,368,160.0,448.0,3,2,0.0011177987803570857,0.6,/work3/arnaou/checkpoints/groupgat_Tc_trial_2007_best_state.pt,"{'learning_rate': 0.0011177987803570857, 'lr_reduce': 0.6}",TPESampler,COMPLETE
2008,0.016197603195905685,2025-04-26 12:58:17.032931,2025-04-26 13:00:57.743200,0 days 00:02:40.710269,0.032809720139144814,160,3,2,32,0.27718210612744676,160,3,3,96,0.19645672464294742,96,4,1,80,0.017175540190282182,112,136.0,,2,2,0.0029577435287014317,0.6,/work3/arnaou/checkpoints/groupgat_Tc_trial_2008_best_state.pt,"{'learning_rate': 0.0029577435287014317, 'lr_reduce': 0.6}",TPESampler,COMPLETE
2009,0.1421198546886444,2025-04-26 12:58:32.617881,2025-04-26 12:59:24.656508,0 days 00:00:52.038627,0.05033754023066021,160,3,2,64,0.290972536548231,144,4,4,128,0.24962227908645965,48,4,1,80,0.014551081420830819,328,144.0,,2,2,0.002653796056069841,0.6,/work3/arnaou/checkpoints/groupgat_Tc_trial_2009_best_state.pt,"{'learning_rate': 0.002653796056069841, 'lr_reduce': 0.6}",TPESampler,COMPLETE
2010,0.015695365145802498,2025-04-26 12:59:24.916610,2025-04-26 13:01:17.409612,0 days 00:01:52.493002,0.024624355337199224,256,4,4,48,0.14522389433453958,208,2,2,128,0.23418379922323423,112,2,2,80,0.23975019771340944,88,200.0,408.0,3,2,0.000334986265950776,0.6,/work3/arnaou/checkpoints/groupgat_Tc_trial_2010_best_state.pt,"{'learning_rate': 0.000334986265950776, 'lr_reduce': 0.6}",TPESampler,COMPLETE
