number,value,datetime_start,datetime_complete,duration,params_L1_dropout,params_L1_hidden_dim,params_L1_layers_atom,params_L1_layers_mol,params_L1_out_dim,params_L2_dropout,params_L2_hidden_dim,params_L2_layers_atom,params_L2_layers_mol,params_L2_out_dim,params_L3_dropout,params_L3_hidden_dim,params_L3_layers_atom,params_L3_layers_mol,params_L3_out_dim,params_final_dropout,params_mlp_dim_0,params_mlp_dim_1,params_mlp_dim_2,params_n_mlp_layers,params_num_heads,params_train_learning_rate,params_train_lr_reduce,user_attrs_best_state_dict_path,user_attrs_training_params,system_attrs_auto:sampler,state
1481,0.02569563128054142,2025-04-26 06:50:57.229467,2025-04-26 06:52:42.878166,0 days 00:01:45.648699,0.010707627973448272,240,4,2,48,0.1368898850418957,128,2,3,80,0.23399181555316584,64,3,3,128,0.2423075120780409,480,432.0,264.0,3,1,0.00035381712373639426,0.6,/work3/arnaou/checkpoints/groupgat_Tc_trial_1481_best_state.pt,"{'learning_rate': 0.00035381712373639426, 'lr_reduce': 0.6}",TPESampler,COMPLETE
1482,0.02473251335322857,2025-04-26 06:52:06.633020,2025-04-26 06:54:28.157040,0 days 00:02:21.524020,0.05103439862971556,176,3,4,32,0.0614371900478299,96,3,2,80,0.2938563902611447,112,3,4,128,0.22307468170149636,56,96.0,240.0,3,2,0.00019315839379550645,0.6,/work3/arnaou/checkpoints/groupgat_Tc_trial_1482_best_state.pt,"{'learning_rate': 0.00019315839379550645, 'lr_reduce': 0.6}",TPESampler,COMPLETE
1483,0.014609909616410732,2025-04-26 06:52:43.342124,2025-04-26 06:54:52.078844,0 days 00:02:08.736720,0.0177392676262973,240,3,2,48,0.023686467200530557,128,2,2,80,0.27934206040122034,112,4,3,80,0.1022666932877426,136,72.0,328.0,3,2,0.0001891054181996547,0.6,/work3/arnaou/checkpoints/groupgat_Tc_trial_1483_best_state.pt,"{'learning_rate': 0.0001891054181996547, 'lr_reduce': 0.6}",TPESampler,COMPLETE
1484,0.030320286750793457,2025-04-26 06:53:16.723084,2025-04-26 06:55:17.825745,0 days 00:02:01.102661,0.2466420795465813,160,4,2,48,0.225911850055687,144,4,2,80,0.21502900516262619,64,3,1,80,0.2845675787291412,432,160.0,,2,1,0.0022472109051523462,0.6,/work3/arnaou/checkpoints/groupgat_Tc_trial_1484_best_state.pt,"{'learning_rate': 0.0022472109051523462, 'lr_reduce': 0.6}",TPESampler,COMPLETE
1485,0.023882601410150528,2025-04-26 06:54:28.615842,2025-04-26 06:56:37.229458,0 days 00:02:08.613616,0.16294942103511786,128,4,4,48,0.00024541060980828866,64,4,4,64,0.2641226401307552,112,1,1,64,0.0708619753355237,208,216.0,208.0,3,2,0.0015221044829528737,0.6,/work3/arnaou/checkpoints/groupgat_Tc_trial_1485_best_state.pt,"{'learning_rate': 0.0015221044829528737, 'lr_reduce': 0.6}",TPESampler,COMPLETE
1486,0.0286545529961586,2025-04-26 06:54:52.430107,2025-04-26 06:56:37.164181,0 days 00:01:44.734074,0.08071015278919583,224,4,4,64,0.231411426461058,192,2,2,128,0.04092509211704019,80,2,1,96,0.055119345223567776,40,128.0,288.0,3,1,0.00019028741715145048,0.6,/work3/arnaou/checkpoints/groupgat_Tc_trial_1486_best_state.pt,"{'learning_rate': 0.00019028741715145048, 'lr_reduce': 0.6}",TPESampler,COMPLETE
1487,0.025716330856084824,2025-04-26 06:55:18.080687,2025-04-26 06:57:29.682006,0 days 00:02:11.601319,0.2715121793482487,64,4,1,32,0.2177533123458085,96,2,1,32,0.24176744337869152,96,2,4,32,0.002209621062164324,432,64.0,200.0,3,2,0.005321466945638544,0.6,/work3/arnaou/checkpoints/groupgat_Tc_trial_1487_best_state.pt,"{'learning_rate': 0.005321466945638544, 'lr_reduce': 0.6}",TPESampler,COMPLETE
1488,0.02423706278204918,2025-04-26 06:56:37.384036,2025-04-26 06:58:55.154437,0 days 00:02:17.770401,0.016304090553279686,176,3,2,32,0.16462505517014697,64,2,3,80,0.2549860973263149,80,4,3,128,0.15663640828797404,368,416.0,256.0,3,2,0.0003122693167000731,0.6,/work3/arnaou/checkpoints/groupgat_Tc_trial_1488_best_state.pt,"{'learning_rate': 0.0003122693167000731, 'lr_reduce': 0.6}",TPESampler,COMPLETE
1489,0.024742834270000458,2025-04-26 06:56:37.453232,2025-04-26 06:59:36.251237,0 days 00:02:58.798005,0.0333975828889819,256,4,4,32,0.10055944175014997,240,3,3,80,0.22441366895378131,112,1,4,64,0.25291502410208955,152,104.0,256.0,3,2,0.00014090290118341705,0.6,/work3/arnaou/checkpoints/groupgat_Tc_trial_1489_best_state.pt,"{'learning_rate': 0.00014090290118341705, 'lr_reduce': 0.6}",TPESampler,COMPLETE
1490,0.02463054656982422,2025-04-26 06:57:29.994018,2025-04-26 06:59:35.749592,0 days 00:02:05.755574,0.2666506542037913,112,2,2,112,0.06877851612394359,208,1,2,64,0.07056083330619124,96,2,4,64,0.04021827071375979,504,152.0,400.0,3,1,0.0003945729204398713,0.6,/work3/arnaou/checkpoints/groupgat_Tc_trial_1490_best_state.pt,"{'learning_rate': 0.0003945729204398713, 'lr_reduce': 0.6}",TPESampler,COMPLETE
1491,0.10652682185173035,2025-04-26 06:58:55.532986,2025-04-26 07:00:39.230357,0 days 00:01:43.697371,0.20927926372088082,80,2,4,112,0.2984283547286128,208,1,3,128,0.27058713268777035,32,2,1,64,0.2563187613336367,344,,,1,2,0.0003011209026332451,0.6,/work3/arnaou/checkpoints/groupgat_Tc_trial_1491_best_state.pt,"{'learning_rate': 0.0003011209026332451, 'lr_reduce': 0.6}",TPESampler,COMPLETE
1492,0.02991996519267559,2025-04-26 06:59:35.976789,2025-04-26 07:01:35.619047,0 days 00:01:59.642258,0.12010654144735436,192,2,3,112,0.12588784741343573,240,1,3,112,0.2472548040842522,80,1,4,112,0.1739251795797569,248,,,1,2,0.004232776376431365,0.6,/work3/arnaou/checkpoints/groupgat_Tc_trial_1492_best_state.pt,"{'learning_rate': 0.004232776376431365, 'lr_reduce': 0.6}",TPESampler,COMPLETE
1493,0.015582825057208538,2025-04-26 06:59:36.555359,2025-04-26 07:02:01.961669,0 days 00:02:25.406310,0.023197387762600347,224,4,4,32,0.17947765913989513,256,2,2,80,0.26100320127038773,80,1,3,64,0.2672624802277913,32,72.0,304.0,3,1,0.000156937566184271,0.6,/work3/arnaou/checkpoints/groupgat_Tc_trial_1493_best_state.pt,"{'learning_rate': 0.000156937566184271, 'lr_reduce': 0.6}",TPESampler,COMPLETE
1494,0.026195378974080086,2025-04-26 07:00:39.579740,2025-04-26 07:02:41.544958,0 days 00:02:01.965218,0.010816502390175826,224,3,4,64,0.2857750915231581,240,2,4,112,0.18465951325060298,64,4,1,80,0.09294967855844685,296,512.0,,2,2,0.00024839528801368543,0.6,/work3/arnaou/checkpoints/groupgat_Tc_trial_1494_best_state.pt,"{'learning_rate': 0.00024839528801368543, 'lr_reduce': 0.6}",TPESampler,COMPLETE
1495,0.015569470822811127,2025-04-26 07:01:35.966646,2025-04-26 07:03:44.768621,0 days 00:02:08.801975,0.010526002799791741,176,4,4,48,0.11105901953797724,96,3,4,64,0.1831336839433783,96,4,2,128,0.23605159038384843,400,128.0,200.0,3,2,0.000812126575769278,0.6,/work3/arnaou/checkpoints/groupgat_Tc_trial_1495_best_state.pt,"{'learning_rate': 0.000812126575769278, 'lr_reduce': 0.6}",TPESampler,COMPLETE
1496,0.021324345842003822,2025-04-26 07:02:02.519738,2025-04-26 07:04:16.174875,0 days 00:02:13.655137,0.03964073207779091,192,3,3,48,0.05204727337570163,112,3,2,80,0.28960404290847636,112,4,3,128,0.12286371293593283,240,176.0,336.0,3,2,0.0005096771940818072,0.6,/work3/arnaou/checkpoints/groupgat_Tc_trial_1496_best_state.pt,"{'learning_rate': 0.0005096771940818072, 'lr_reduce': 0.6}",TPESampler,COMPLETE
1497,0.12885789573192596,2025-04-26 07:02:42.156566,2025-04-26 07:05:10.771570,0 days 00:02:28.615004,0.038292400544911794,144,4,3,48,0.29480139763519636,256,1,3,112,0.15459828925115798,80,3,1,112,0.14464245329137243,48,,,1,2,0.0001829793684092302,0.6,/work3/arnaou/checkpoints/groupgat_Tc_trial_1497_best_state.pt,"{'learning_rate': 0.0001829793684092302, 'lr_reduce': 0.6}",TPESampler,COMPLETE
1498,0.014858029782772064,2025-04-26 07:03:45.220009,2025-04-26 07:06:36.259762,0 days 00:02:51.039753,0.03210720955682714,240,3,4,48,0.20157375970925004,224,1,4,128,0.09330611421719315,32,4,1,80,0.10056628886825902,264,32.0,256.0,3,2,0.0012173964728937584,0.6,/work3/arnaou/checkpoints/groupgat_Tc_trial_1498_best_state.pt,"{'learning_rate': 0.0012173964728937584, 'lr_reduce': 0.6}",TPESampler,COMPLETE
1499,0.09452773630619049,2025-04-26 07:04:16.564769,2025-04-26 07:06:35.923607,0 days 00:02:19.358838,0.2028454318242748,96,2,1,96,0.25430094553573157,208,1,1,112,0.05407305774515661,96,2,1,48,0.07351997827898807,360,,,1,2,0.0004103536911213444,0.6,/work3/arnaou/checkpoints/groupgat_Tc_trial_1499_best_state.pt,"{'learning_rate': 0.0004103536911213444, 'lr_reduce': 0.6}",TPESampler,COMPLETE
1500,0.01640121452510357,2025-04-26 07:05:11.015874,2025-04-26 07:07:37.842384,0 days 00:02:26.826510,0.017137883923439238,256,4,4,48,0.04282567691118177,192,1,4,48,0.1519664712560508,96,3,2,128,0.21726501529528103,328,96.0,200.0,3,2,0.0012405363752989898,0.6,/work3/arnaou/checkpoints/groupgat_Tc_trial_1500_best_state.pt,"{'learning_rate': 0.0012405363752989898, 'lr_reduce': 0.6}",TPESampler,COMPLETE
1501,0.053665194660425186,2025-04-26 07:06:36.160432,2025-04-26 07:09:09.932265,0 days 00:02:33.771833,0.2767788721416816,112,2,4,64,0.054222360833781125,192,3,3,32,0.29892543657059645,32,2,1,80,0.24487091487071178,128,136.0,,2,1,0.00032749068235081604,0.6,/work3/arnaou/checkpoints/groupgat_Tc_trial_1501_best_state.pt,"{'learning_rate': 0.00032749068235081604, 'lr_reduce': 0.6}",TPESampler,COMPLETE
1502,0.039794571697711945,2025-04-26 07:06:36.482410,2025-04-26 07:09:01.050502,0 days 00:02:24.568092,0.05496453708866696,208,4,2,64,0.0722789232846187,112,2,4,80,0.1828674538490104,80,3,3,112,0.1680309448904639,376,72.0,288.0,3,2,0.00015573915942360621,0.6,/work3/arnaou/checkpoints/groupgat_Tc_trial_1502_best_state.pt,"{'learning_rate': 0.00015573915942360621, 'lr_reduce': 0.6}",TPESampler,COMPLETE
1503,0.019308777526021004,2025-04-26 07:07:38.320382,2025-04-26 07:09:28.868435,0 days 00:01:50.548053,0.005546891518781599,192,1,3,48,0.030659036557194014,224,1,3,64,0.11643902626528005,32,2,4,32,0.261806608300574,136,200.0,,2,1,0.0008296018976604542,0.6,/work3/arnaou/checkpoints/groupgat_Tc_trial_1503_best_state.pt,"{'learning_rate': 0.0008296018976604542, 'lr_reduce': 0.6}",TPESampler,COMPLETE
1504,0.016615455970168114,2025-04-26 07:09:01.357999,2025-04-26 07:11:13.995861,0 days 00:02:12.637862,0.06948127648814827,240,3,4,48,0.24486331411076312,192,3,4,96,0.1808050464833143,48,4,2,80,0.13379387880222784,352,400.0,376.0,3,2,0.0012562796615222754,0.6,/work3/arnaou/checkpoints/groupgat_Tc_trial_1504_best_state.pt,"{'learning_rate': 0.0012562796615222754, 'lr_reduce': 0.6}",TPESampler,COMPLETE
1505,0.015719657763838768,2025-04-26 07:09:10.206591,2025-04-26 07:11:49.163479,0 days 00:02:38.956888,0.06166300259063376,256,2,3,48,0.23308298245769868,144,3,4,96,0.23861105914000907,48,3,2,80,0.18433702166328367,136,112.0,240.0,3,2,0.0005857806778439076,0.6,/work3/arnaou/checkpoints/groupgat_Tc_trial_1505_best_state.pt,"{'learning_rate': 0.0005857806778439076, 'lr_reduce': 0.6}",TPESampler,COMPLETE
1506,0.016881903633475304,2025-04-26 07:09:29.091812,2025-04-26 07:12:08.923105,0 days 00:02:39.831293,0.03117450654192393,256,4,2,48,0.16243508561456407,240,1,2,128,0.2504474025478688,80,2,2,64,0.21942854177451518,88,64.0,288.0,3,2,0.00018013470124846634,0.6,/work3/arnaou/checkpoints/groupgat_Tc_trial_1506_best_state.pt,"{'learning_rate': 0.00018013470124846634, 'lr_reduce': 0.6}",TPESampler,COMPLETE
1507,0.014979977160692215,2025-04-26 07:11:14.279681,2025-04-26 07:14:24.245596,0 days 00:03:09.965915,0.00700678835526369,256,4,3,32,0.08173538066167477,208,3,2,112,0.21629906402028998,128,2,2,80,0.1638366758993999,80,152.0,192.0,3,2,0.0009699202426892328,0.6,/work3/arnaou/checkpoints/groupgat_Tc_trial_1507_best_state.pt,"{'learning_rate': 0.0009699202426892328, 'lr_reduce': 0.6}",TPESampler,COMPLETE
1508,0.015881115570664406,2025-04-26 07:11:49.457553,2025-04-26 07:14:03.499573,0 days 00:02:14.042020,0.026682282215112887,208,4,2,32,0.07678697983002566,80,4,4,112,0.14737986685864396,48,3,1,96,0.04319524650505555,136,104.0,240.0,3,1,0.000832375945560624,0.6,/work3/arnaou/checkpoints/groupgat_Tc_trial_1508_best_state.pt,"{'learning_rate': 0.000832375945560624, 'lr_reduce': 0.6}",TPESampler,COMPLETE
1509,0.018522463738918304,2025-04-26 07:12:09.507472,2025-04-26 07:14:01.915919,0 days 00:01:52.408447,0.04665362412556838,192,4,4,48,0.18069841029316872,160,2,4,32,0.1434807745528775,112,4,3,112,0.2499663525209279,304,304.0,344.0,3,2,0.0008139086998753642,0.6,/work3/arnaou/checkpoints/groupgat_Tc_trial_1509_best_state.pt,"{'learning_rate': 0.0008139086998753642, 'lr_reduce': 0.6}",TPESampler,COMPLETE
1510,0.016194382682442665,2025-04-26 07:14:02.221998,2025-04-26 07:16:05.456597,0 days 00:02:03.234599,0.013622005136303648,240,3,3,64,0.09848276485221676,160,2,4,96,0.1557212319224821,96,3,3,112,0.14087454304943053,360,32.0,280.0,3,1,0.0006422695308089646,0.6,/work3/arnaou/checkpoints/groupgat_Tc_trial_1510_best_state.pt,"{'learning_rate': 0.0006422695308089646, 'lr_reduce': 0.6}",TPESampler,COMPLETE
1511,0.013674438931047916,2025-04-26 07:14:03.825298,2025-04-26 07:15:53.334740,0 days 00:01:49.509442,0.0051819115254361225,256,4,3,48,0.10931077941596312,224,2,3,128,0.2961821137962675,128,2,1,112,0.18417678498417284,208,152.0,224.0,3,2,0.0004519235177883102,0.6,/work3/arnaou/checkpoints/groupgat_Tc_trial_1511_best_state.pt,"{'learning_rate': 0.0004519235177883102, 'lr_reduce': 0.6}",TPESampler,COMPLETE
1512,0.017745304852724075,2025-04-26 07:14:24.573201,2025-04-26 07:16:20.926852,0 days 00:01:56.353651,0.048111486584361166,208,4,3,80,0.11087745643172456,112,2,3,48,0.1094280054529971,96,3,3,128,0.19963961754174708,296,464.0,192.0,3,2,0.0007960483966090506,0.6,/work3/arnaou/checkpoints/groupgat_Tc_trial_1512_best_state.pt,"{'learning_rate': 0.0007960483966090506, 'lr_reduce': 0.6}",TPESampler,COMPLETE
1513,0.017941590398550034,2025-04-26 07:15:53.634533,2025-04-26 07:17:33.834033,0 days 00:01:40.199500,0.03427826869753345,240,4,2,32,0.2895751118626629,128,3,3,128,0.27677408860576536,80,3,1,96,0.20760074940123585,304,104.0,312.0,3,2,0.0021747723198055446,0.6,/work3/arnaou/checkpoints/groupgat_Tc_trial_1513_best_state.pt,"{'learning_rate': 0.0021747723198055446, 'lr_reduce': 0.6}",TPESampler,COMPLETE
1514,0.017872320488095284,2025-04-26 07:16:05.766538,2025-04-26 07:18:03.689096,0 days 00:01:57.922558,0.030955283274610106,112,3,4,96,0.004686621782439761,96,1,2,112,0.2571945373759369,112,4,2,112,0.15918742706413186,88,400.0,,2,2,0.00068315077534874,0.6,/work3/arnaou/checkpoints/groupgat_Tc_trial_1514_best_state.pt,"{'learning_rate': 0.00068315077534874, 'lr_reduce': 0.6}",TPESampler,COMPLETE
1515,0.015241417102515697,2025-04-26 07:16:21.253004,2025-04-26 07:18:06.407171,0 days 00:01:45.154167,0.01785378415613018,224,3,3,64,0.28447847607194054,144,2,3,128,0.19793925571654356,48,4,1,80,0.1952509740043777,216,72.0,224.0,3,2,0.0004659250165938875,0.6,/work3/arnaou/checkpoints/groupgat_Tc_trial_1515_best_state.pt,"{'learning_rate': 0.0004659250165938875, 'lr_reduce': 0.6}",TPESampler,COMPLETE
1516,0.030131734907627106,2025-04-26 07:17:34.119083,2025-04-26 07:19:51.218818,0 days 00:02:17.099735,0.16653915709842484,64,1,2,32,0.1451412660412737,256,4,3,96,0.11983515184466507,112,4,4,48,0.005151708310617287,192,,,1,2,0.0010761429691821382,0.6,/work3/arnaou/checkpoints/groupgat_Tc_trial_1516_best_state.pt,"{'learning_rate': 0.0010761429691821382, 'lr_reduce': 0.6}",TPESampler,COMPLETE
1517,0.024907153099775314,2025-04-26 07:18:03.980891,2025-04-26 07:19:36.227990,0 days 00:01:32.247099,0.07797454743416377,160,2,3,32,0.05284388460558431,240,3,4,128,0.2997762356997944,112,4,2,112,0.0634979593335881,32,192.0,,2,2,0.003698542637672014,0.6,/work3/arnaou/checkpoints/groupgat_Tc_trial_1517_best_state.pt,"{'learning_rate': 0.003698542637672014, 'lr_reduce': 0.6}",TPESampler,COMPLETE
1518,0.018290581181645393,2025-04-26 07:18:06.678923,2025-04-26 07:19:51.169151,0 days 00:01:44.490228,0.034022355042169806,256,4,4,64,0.05206632133579518,208,1,3,80,0.20031205984646225,96,1,1,112,0.08596500037209587,56,136.0,264.0,3,2,0.0008739383087251221,0.6,/work3/arnaou/checkpoints/groupgat_Tc_trial_1518_best_state.pt,"{'learning_rate': 0.0008739383087251221, 'lr_reduce': 0.6}",TPESampler,COMPLETE
1519,0.015427614562213421,2025-04-26 07:19:36.466841,2025-04-26 07:21:15.295714,0 days 00:01:38.828873,0.10113282897036413,240,3,2,32,0.2693457246135872,160,2,4,96,0.1030606585463703,32,4,1,128,0.1128605145024332,272,72.0,32.0,3,2,0.000683532201663824,0.6,/work3/arnaou/checkpoints/groupgat_Tc_trial_1519_best_state.pt,"{'learning_rate': 0.000683532201663824, 'lr_reduce': 0.6}",TPESampler,COMPLETE
1520,0.024050449952483177,2025-04-26 07:19:51.377529,2025-04-26 07:22:25.273288,0 days 00:02:33.895759,0.06353917904574566,192,3,3,32,0.24324676869606277,224,3,3,96,0.14933501899985802,48,4,2,112,0.1798683007218333,312,112.0,392.0,3,2,0.00013552562202125796,0.6,/work3/arnaou/checkpoints/groupgat_Tc_trial_1520_best_state.pt,"{'learning_rate': 0.00013552562202125796, 'lr_reduce': 0.6}",TPESampler,COMPLETE
1521,0.019180938601493835,2025-04-26 07:19:51.434603,2025-04-26 07:22:24.543944,0 days 00:02:33.109341,0.02220578686646798,240,3,3,32,0.2338405356084286,208,2,4,80,0.15816501321701676,64,3,2,96,0.23538825612140726,328,360.0,264.0,3,2,0.00039739821717590723,0.6,/work3/arnaou/checkpoints/groupgat_Tc_trial_1521_best_state.pt,"{'learning_rate': 0.00039739821717590723, 'lr_reduce': 0.6}",TPESampler,COMPLETE
1522,0.018943440169095993,2025-04-26 07:21:15.607741,2025-04-26 07:22:50.262880,0 days 00:01:34.655139,0.02404039284065944,208,4,4,96,0.1375054950993856,112,1,3,112,0.19246815511198168,128,4,2,112,0.2667091831511259,216,248.0,184.0,3,2,0.0020397539721025725,0.6,/work3/arnaou/checkpoints/groupgat_Tc_trial_1522_best_state.pt,"{'learning_rate': 0.0020397539721025725, 'lr_reduce': 0.6}",TPESampler,COMPLETE
1523,0.01699620857834816,2025-04-26 07:22:24.789869,2025-04-26 07:24:23.374916,0 days 00:01:58.585047,0.01769958276422366,240,4,3,32,0.12684395312419552,128,2,4,48,0.138730915279511,96,2,4,128,0.17401569578012036,352,160.0,,2,2,0.0006837747281549164,0.6,/work3/arnaou/checkpoints/groupgat_Tc_trial_1523_best_state.pt,"{'learning_rate': 0.0006837747281549164, 'lr_reduce': 0.6}",TPESampler,COMPLETE
1524,0.015136361122131348,2025-04-26 07:22:25.606682,2025-04-26 07:25:03.255490,0 days 00:02:37.648808,0.00326660860586895,256,4,2,48,0.15221610067545843,176,2,3,96,0.2865172470824358,112,2,4,96,0.23684796483259946,88,104.0,32.0,3,2,0.00026624684507784194,0.6,/work3/arnaou/checkpoints/groupgat_Tc_trial_1524_best_state.pt,"{'learning_rate': 0.00026624684507784194, 'lr_reduce': 0.6}",TPESampler,COMPLETE
1525,0.06060381606221199,2025-04-26 07:22:50.581465,2025-04-26 07:24:05.616666,0 days 00:01:15.035201,0.07213869591248734,224,4,3,80,0.09062553504912291,128,3,4,64,0.17996045943421066,48,4,3,128,0.17328903380002714,416,64.0,320.0,3,2,0.0029604774886958754,0.6,/work3/arnaou/checkpoints/groupgat_Tc_trial_1525_best_state.pt,"{'learning_rate': 0.0029604774886958754, 'lr_reduce': 0.6}",TPESampler,COMPLETE
1526,0.025677703320980072,2025-04-26 07:24:05.924343,2025-04-26 07:25:40.749866,0 days 00:01:34.825523,0.20279754829786825,240,2,3,48,0.27974531466532104,176,2,4,96,0.12899433713569156,112,3,4,96,0.2005166293939832,328,32.0,240.0,3,1,0.003998254392708402,0.6,/work3/arnaou/checkpoints/groupgat_Tc_trial_1526_best_state.pt,"{'learning_rate': 0.003998254392708402, 'lr_reduce': 0.6}",TPESampler,COMPLETE
1527,0.023377250880002975,2025-04-26 07:24:23.644075,2025-04-26 07:25:58.220039,0 days 00:01:34.575964,0.09890018003885254,224,4,4,80,0.2512444506715605,208,2,3,128,0.08979436485134136,64,2,2,80,0.10782176767363333,48,,,1,1,0.0015638600311101752,0.6,/work3/arnaou/checkpoints/groupgat_Tc_trial_1527_best_state.pt,"{'learning_rate': 0.0015638600311101752, 'lr_reduce': 0.6}",TPESampler,COMPLETE
1528,0.020815309137105942,2025-04-26 07:25:03.690368,2025-04-26 07:26:41.499821,0 days 00:01:37.809453,0.2070666796763982,256,1,3,112,0.2812636001510702,176,3,4,96,0.0170713215616487,48,1,3,64,0.04604122318427842,200,136.0,,2,2,0.004520050845328152,0.6,/work3/arnaou/checkpoints/groupgat_Tc_trial_1528_best_state.pt,"{'learning_rate': 0.004520050845328152, 'lr_reduce': 0.6}",TPESampler,COMPLETE
1529,0.08261634409427643,2025-04-26 07:25:41.023665,2025-04-26 07:28:33.339749,0 days 00:02:52.316084,0.2771671093284041,256,1,4,64,0.16210480028899224,224,2,2,32,0.22070816742589075,32,2,2,96,0.2849651662709002,496,424.0,,2,2,0.006912679973558846,0.6,/work3/arnaou/checkpoints/groupgat_Tc_trial_1529_best_state.pt,"{'learning_rate': 0.006912679973558846, 'lr_reduce': 0.6}",TPESampler,COMPLETE
1530,0.01526002585887909,2025-04-26 07:25:58.515941,2025-04-26 07:27:55.669350,0 days 00:01:57.153409,0.010896126266002004,208,4,3,32,0.10466681263203073,128,2,4,64,0.1582078747387884,96,3,2,128,0.24168953433274581,408,96.0,,2,2,0.0004901087417172259,0.6,/work3/arnaou/checkpoints/groupgat_Tc_trial_1530_best_state.pt,"{'learning_rate': 0.0004901087417172259, 'lr_reduce': 0.6}",TPESampler,COMPLETE
1531,0.024367855861783028,2025-04-26 07:26:41.830826,2025-04-26 07:29:18.436486,0 days 00:02:36.605660,0.047798371877946,256,2,3,48,0.23683276921555257,208,2,4,112,0.1746285798387262,64,4,2,80,0.17122575520629207,232,192.0,280.0,3,2,0.00039523654660732124,0.6,/work3/arnaou/checkpoints/groupgat_Tc_trial_1531_best_state.pt,"{'learning_rate': 0.00039523654660732124, 'lr_reduce': 0.6}",TPESampler,COMPLETE
1532,0.05586070194840431,2025-04-26 07:27:55.907557,2025-04-26 07:29:46.612298,0 days 00:01:50.704741,0.25491863453232316,96,3,1,112,0.18595663518009092,224,1,2,80,0.06517575798382419,96,1,1,48,0.195636454689677,48,,,1,2,0.00010815913183714409,0.6,/work3/arnaou/checkpoints/groupgat_Tc_trial_1532_best_state.pt,"{'learning_rate': 0.00010815913183714409, 'lr_reduce': 0.6}",TPESampler,COMPLETE
1533,0.016231518238782883,2025-04-26 07:28:33.620259,2025-04-26 07:30:31.016284,0 days 00:01:57.396025,0.022054952838536035,256,4,3,48,0.07171419158978344,144,3,3,80,0.22195115793724152,64,2,4,112,0.16301757542394166,368,144.0,344.0,3,2,0.0010706668590918234,0.6,/work3/arnaou/checkpoints/groupgat_Tc_trial_1533_best_state.pt,"{'learning_rate': 0.0010706668590918234, 'lr_reduce': 0.6}",TPESampler,COMPLETE
