number,value,datetime_start,datetime_complete,duration,params_L1_dropout,params_L1_hidden_dim,params_L1_layers_atom,params_L1_layers_mol,params_L1_out_dim,params_L2_dropout,params_L2_hidden_dim,params_L2_layers_atom,params_L2_layers_mol,params_L2_out_dim,params_L3_dropout,params_L3_hidden_dim,params_L3_layers_atom,params_L3_layers_mol,params_L3_out_dim,params_final_dropout,params_mlp_dim_0,params_mlp_dim_1,params_mlp_dim_2,params_n_mlp_layers,params_num_heads,params_train_learning_rate,params_train_lr_reduce,user_attrs_best_state_dict_path,user_attrs_training_params,system_attrs_auto:sampler,state
105,0.018871618434786797,2025-04-25 14:31:55.384721,2025-04-25 14:33:23.082476,0 days 00:01:27.697755,0.08499132792203429,160,1,1,128,0.1204123630178538,192,3,1,64,0.27059434938177424,32,1,2,112,0.08521646986991951,416,424.0,128.0,3,2,0.002823209217776426,0.6,/work3/arnaou/checkpoints/groupgat_Tc_trial_105_best_state.pt,"{'learning_rate': 0.002823209217776426, 'lr_reduce': 0.6}",TPESampler,COMPLETE
106,0.020927827805280685,2025-04-25 14:31:56.425816,2025-04-25 14:33:22.143960,0 days 00:01:25.718144,0.0623191772575338,240,2,2,64,0.2573756699144333,96,4,1,112,0.1981071152243906,64,2,2,80,0.03856554832675329,264,456.0,32.0,3,2,0.0013594230788938342,0.6,/work3/arnaou/checkpoints/groupgat_Tc_trial_106_best_state.pt,"{'learning_rate': 0.0013594230788938342, 'lr_reduce': 0.6}",TPESampler,COMPLETE
107,0.021829865872859955,2025-04-25 14:32:41.397342,2025-04-25 14:34:32.668362,0 days 00:01:51.271020,0.12459565497841715,192,1,2,128,0.06142124062787194,80,3,3,64,0.22718760504716504,96,1,2,80,0.09397295525311185,392,368.0,200.0,3,2,0.0048200606441822095,0.6,/work3/arnaou/checkpoints/groupgat_Tc_trial_107_best_state.pt,"{'learning_rate': 0.0048200606441822095, 'lr_reduce': 0.6}",TPESampler,COMPLETE
108,0.016556674614548683,2025-04-25 14:33:22.568747,2025-04-25 14:35:25.899810,0 days 00:02:03.331063,0.036727472071235334,208,3,1,64,0.1418423673153838,256,3,4,112,0.27056219492396905,112,4,1,128,0.18461289351347848,88,448.0,128.0,3,2,0.0007261896266246763,0.6,/work3/arnaou/checkpoints/groupgat_Tc_trial_108_best_state.pt,"{'learning_rate': 0.0007261896266246763, 'lr_reduce': 0.6}",TPESampler,COMPLETE
109,0.024652231484651566,2025-04-25 14:33:23.241478,2025-04-25 14:34:48.910776,0 days 00:01:25.669298,0.04663831170226851,144,2,1,96,0.14911865532802554,208,1,4,128,0.24620996721043648,128,3,1,112,0.2023899527718823,40,464.0,232.0,3,1,0.0016585808240951736,0.6,/work3/arnaou/checkpoints/groupgat_Tc_trial_109_best_state.pt,"{'learning_rate': 0.0016585808240951736, 'lr_reduce': 0.6}",TPESampler,COMPLETE
110,0.021729731932282448,2025-04-25 14:34:32.849764,2025-04-25 14:36:26.235696,0 days 00:01:53.385932,0.018241496135460424,240,1,2,96,0.1262569228288696,176,2,1,80,0.22221985504222116,32,2,3,128,0.07340850576242974,424,,,1,1,0.0008214325760887803,0.6,/work3/arnaou/checkpoints/groupgat_Tc_trial_110_best_state.pt,"{'learning_rate': 0.0008214325760887803, 'lr_reduce': 0.6}",TPESampler,COMPLETE
111,0.039660099893808365,2025-04-25 14:34:49.060468,2025-04-25 14:38:23.412616,0 days 00:03:34.352148,0.09547411794003963,112,1,1,48,0.17469916661169582,256,3,2,32,0.18271070126982278,32,1,3,112,0.1139580994914049,376,,,1,2,0.007424176841212098,0.6,/work3/arnaou/checkpoints/groupgat_Tc_trial_111_best_state.pt,"{'learning_rate': 0.007424176841212098, 'lr_reduce': 0.6}",TPESampler,COMPLETE
112,0.028782222419977188,2025-04-25 14:35:26.128782,2025-04-25 14:37:45.702018,0 days 00:02:19.573236,0.06145425949994317,224,3,1,64,0.10354019741335652,256,3,4,112,0.27412067265958384,128,3,1,112,0.17471769991332536,128,512.0,96.0,3,2,0.0001293618791311281,0.6,/work3/arnaou/checkpoints/groupgat_Tc_trial_112_best_state.pt,"{'learning_rate': 0.0001293618791311281, 'lr_reduce': 0.6}",TPESampler,COMPLETE
113,0.023912839591503143,2025-04-25 14:36:26.378969,2025-04-25 14:39:01.851240,0 days 00:02:35.472271,0.01502451654574471,224,4,1,96,0.15690515215883644,208,2,3,96,0.2445579121586736,32,2,1,112,0.06615579642707059,48,424.0,,2,1,0.00018893237757154792,0.6,/work3/arnaou/checkpoints/groupgat_Tc_trial_113_best_state.pt,"{'learning_rate': 0.00018893237757154792, 'lr_reduce': 0.6}",TPESampler,COMPLETE
114,0.022544680163264275,2025-04-25 14:37:46.161890,2025-04-25 14:39:40.391958,0 days 00:01:54.230068,0.11768843918098902,208,3,1,80,0.17167349915851765,208,4,4,112,0.15434057162889198,96,4,1,128,0.16596831071170745,144,416.0,136.0,3,2,0.0007638107139375793,0.6,/work3/arnaou/checkpoints/groupgat_Tc_trial_114_best_state.pt,"{'learning_rate': 0.0007638107139375793, 'lr_reduce': 0.6}",TPESampler,COMPLETE
115,0.022050246596336365,2025-04-25 14:38:23.703145,2025-04-25 14:40:17.029662,0 days 00:01:53.326517,0.16685294211017543,240,1,1,128,0.08355864923251209,80,4,2,96,0.19296582882485933,64,2,2,64,0.04599544087485763,448,440.0,,2,1,0.002060677722479966,0.6,/work3/arnaou/checkpoints/groupgat_Tc_trial_115_best_state.pt,"{'learning_rate': 0.002060677722479966, 'lr_reduce': 0.6}",TPESampler,COMPLETE
116,0.01834818348288536,2025-04-25 14:39:01.997344,2025-04-25 14:40:33.133282,0 days 00:01:31.135938,0.06048115609920905,192,4,1,64,0.10923643941298491,240,2,2,80,0.1475120600775109,112,4,2,80,0.13769230916042607,72,352.0,,2,1,0.0006209360564776969,0.6,/work3/arnaou/checkpoints/groupgat_Tc_trial_116_best_state.pt,"{'learning_rate': 0.0006209360564776969, 'lr_reduce': 0.6}",TPESampler,COMPLETE
117,0.018306026235222816,2025-04-25 14:39:40.605204,2025-04-25 14:43:18.570373,0 days 00:03:37.965169,0.029175203055131434,112,1,1,48,0.0933069001580811,240,1,3,112,0.2087394065722982,80,4,1,112,0.26642394868415387,240,464.0,160.0,3,1,0.0021832835860015323,0.6,/work3/arnaou/checkpoints/groupgat_Tc_trial_117_best_state.pt,"{'learning_rate': 0.0021832835860015323, 'lr_reduce': 0.6}",TPESampler,COMPLETE
118,0.024698112159967422,2025-04-25 14:40:17.234936,2025-04-25 14:42:44.694325,0 days 00:02:27.459389,0.003415252010090272,96,2,1,48,0.2159963510110548,192,1,4,112,0.29927172983779315,64,4,1,112,0.05365171294813323,184,424.0,,2,1,0.00019522544952374233,0.6,/work3/arnaou/checkpoints/groupgat_Tc_trial_118_best_state.pt,"{'learning_rate': 0.00019522544952374233, 'lr_reduce': 0.6}",TPESampler,COMPLETE
119,0.01806289702653885,2025-04-25 14:40:33.400397,2025-04-25 14:42:04.221169,0 days 00:01:30.820772,0.0660749065272579,144,4,2,96,0.22648369505035487,256,1,4,80,0.22134741404883745,32,3,1,128,0.15414871951730105,176,472.0,136.0,3,1,0.0009975006712971554,0.6,/work3/arnaou/checkpoints/groupgat_Tc_trial_119_best_state.pt,"{'learning_rate': 0.0009975006712971554, 'lr_reduce': 0.6}",TPESampler,COMPLETE
120,0.02129635028541088,2025-04-25 14:42:04.430604,2025-04-25 14:44:34.180939,0 days 00:02:29.750335,0.04381882490846456,128,4,4,112,0.16843864712062623,256,1,4,80,0.20691491091950434,48,3,2,128,0.12227741179358459,280,496.0,88.0,3,2,0.00022598787298557034,0.6,/work3/arnaou/checkpoints/groupgat_Tc_trial_120_best_state.pt,"{'learning_rate': 0.00022598787298557034, 'lr_reduce': 0.6}",TPESampler,COMPLETE
121,0.058548618108034134,2025-04-25 14:42:45.530360,2025-04-25 14:43:49.721850,0 days 00:01:04.191490,0.11600892480913123,176,4,2,96,0.23417211643606264,176,1,4,112,0.18012209407795832,32,3,1,80,0.10364527367017864,176,512.0,208.0,3,1,0.001105683450294318,0.6,/work3/arnaou/checkpoints/groupgat_Tc_trial_121_best_state.pt,"{'learning_rate': 0.001105683450294318, 'lr_reduce': 0.6}",TPESampler,COMPLETE
122,0.015466393902897835,2025-04-25 14:43:18.803367,2025-04-25 14:45:04.044464,0 days 00:01:45.241097,0.02918524206353671,144,3,1,80,0.25885971019042425,256,2,4,80,0.23238964684313798,32,3,1,128,0.12318678802171908,144,472.0,48.0,3,1,0.0016225521136707234,0.6,/work3/arnaou/checkpoints/groupgat_Tc_trial_122_best_state.pt,"{'learning_rate': 0.0016225521136707234, 'lr_reduce': 0.6}",TPESampler,COMPLETE
123,0.020608607679605484,2025-04-25 14:43:49.907579,2025-04-25 14:45:24.745812,0 days 00:01:34.838233,0.04936187955280458,176,2,3,80,0.21751267194840346,240,3,1,48,0.1803772764153717,32,1,2,128,0.06096458104229892,256,408.0,,2,2,0.0009001287057350375,0.6,/work3/arnaou/checkpoints/groupgat_Tc_trial_123_best_state.pt,"{'learning_rate': 0.0009001287057350375, 'lr_reduce': 0.6}",TPESampler,COMPLETE
124,0.017249274998903275,2025-04-25 14:44:34.455617,2025-04-25 14:46:39.046027,0 days 00:02:04.590410,0.07818797474951573,128,1,1,128,0.07163074711030645,128,3,3,96,0.06268871884847502,48,1,2,48,0.08802435946390356,512,424.0,144.0,3,2,0.0027520438716926634,0.6,/work3/arnaou/checkpoints/groupgat_Tc_trial_124_best_state.pt,"{'learning_rate': 0.0027520438716926634, 'lr_reduce': 0.6}",TPESampler,COMPLETE
125,0.019843854010105133,2025-04-25 14:45:04.332784,2025-04-25 14:47:30.243849,0 days 00:02:25.911065,0.017345357310104618,240,4,1,112,0.17052407125970265,240,3,4,128,0.2986269974787011,128,4,1,96,0.2591176730444098,104,480.0,,2,2,0.001553349995305521,0.6,/work3/arnaou/checkpoints/groupgat_Tc_trial_125_best_state.pt,"{'learning_rate': 0.001553349995305521, 'lr_reduce': 0.6}",TPESampler,COMPLETE
126,0.02300506830215454,2025-04-25 14:45:24.905252,2025-04-25 14:47:08.011765,0 days 00:01:43.106513,0.0647490026122198,112,4,2,112,0.1762116025592271,240,2,4,64,0.14344139886154145,32,2,1,128,0.17916343425414652,120,472.0,32.0,3,1,0.0007494067024519832,0.6,/work3/arnaou/checkpoints/groupgat_Tc_trial_126_best_state.pt,"{'learning_rate': 0.0007494067024519832, 'lr_reduce': 0.6}",TPESampler,COMPLETE
127,0.031141027808189392,2025-04-25 14:46:39.205236,2025-04-25 14:48:39.060661,0 days 00:01:59.855425,0.07731638842306102,80,2,1,96,0.10589423660164865,80,3,3,112,0.1756006421073037,80,1,2,32,0.12545918742313636,488,456.0,96.0,3,1,0.0013670799733553043,0.6,/work3/arnaou/checkpoints/groupgat_Tc_trial_127_best_state.pt,"{'learning_rate': 0.0013670799733553043, 'lr_reduce': 0.6}",TPESampler,COMPLETE
128,0.023141497746109962,2025-04-25 14:47:08.164966,2025-04-25 14:49:38.478737,0 days 00:02:30.313771,0.11308869242260644,128,2,1,96,0.26742929367137686,256,3,4,96,0.15848983072910044,48,3,1,128,0.09886201027964477,192,456.0,,2,1,0.0010587939628233121,0.6,/work3/arnaou/checkpoints/groupgat_Tc_trial_128_best_state.pt,"{'learning_rate': 0.0010587939628233121, 'lr_reduce': 0.6}",TPESampler,COMPLETE
129,0.023646492511034012,2025-04-25 14:47:30.500510,2025-04-25 14:48:57.772749,0 days 00:01:27.272239,0.10831020729447435,64,1,1,128,0.10652703288141503,128,2,4,80,0.09049594495821067,48,1,2,64,0.09608635438564524,480,440.0,32.0,3,2,0.0038216497631433856,0.6,/work3/arnaou/checkpoints/groupgat_Tc_trial_129_best_state.pt,"{'learning_rate': 0.0038216497631433856, 'lr_reduce': 0.6}",TPESampler,COMPLETE
130,0.015518568456172943,2025-04-25 14:48:39.317073,2025-04-25 14:50:58.583183,0 days 00:02:19.266110,0.017598268681927702,128,3,1,80,0.2259765355521339,256,2,4,80,0.26991687879523574,32,3,2,128,0.19638568611797333,192,448.0,128.0,3,1,0.001337572068938883,0.6,/work3/arnaou/checkpoints/groupgat_Tc_trial_130_best_state.pt,"{'learning_rate': 0.001337572068938883, 'lr_reduce': 0.6}",TPESampler,COMPLETE
131,0.02636352740228176,2025-04-25 14:48:58.079971,2025-04-25 14:51:10.424026,0 days 00:02:12.344055,0.017393191762779925,144,4,2,96,0.06819194108053361,208,1,4,128,0.23054706252900425,64,3,2,96,0.09121216147966726,152,,,1,1,0.0014013434694994892,0.6,/work3/arnaou/checkpoints/groupgat_Tc_trial_131_best_state.pt,"{'learning_rate': 0.0014013434694994892, 'lr_reduce': 0.6}",TPESampler,COMPLETE
132,0.020637596026062965,2025-04-25 14:49:38.736062,2025-04-25 14:52:22.973332,0 days 00:02:44.237270,0.051786120008571634,144,1,2,128,0.15435560092470665,176,4,3,80,0.10307784197531866,96,1,3,32,0.12568798327251918,416,512.0,128.0,3,2,0.0028523847053749255,0.6,/work3/arnaou/checkpoints/groupgat_Tc_trial_132_best_state.pt,"{'learning_rate': 0.0028523847053749255, 'lr_reduce': 0.6}",TPESampler,COMPLETE
133,0.018641872331500053,2025-04-25 14:50:58.803728,2025-04-25 14:53:19.104434,0 days 00:02:20.300706,0.019847312079582825,160,2,1,48,0.26358060583432497,256,3,3,80,0.2947320096772682,32,2,1,112,0.25036238670214583,192,424.0,136.0,3,1,0.0004940709052823864,0.6,/work3/arnaou/checkpoints/groupgat_Tc_trial_133_best_state.pt,"{'learning_rate': 0.0004940709052823864, 'lr_reduce': 0.6}",TPESampler,COMPLETE
134,0.043059803545475006,2025-04-25 14:51:10.684730,2025-04-25 14:53:14.763794,0 days 00:02:04.079064,0.030901933182624217,96,3,2,112,0.25099594888507354,224,2,4,96,0.2748056529601083,32,4,2,128,0.2307063213205473,176,440.0,,2,1,0.004005445838318371,0.6,/work3/arnaou/checkpoints/groupgat_Tc_trial_134_best_state.pt,"{'learning_rate': 0.004005445838318371, 'lr_reduce': 0.6}",TPESampler,COMPLETE
135,0.03306591138243675,2025-04-25 14:52:23.242819,2025-04-25 14:53:43.228591,0 days 00:01:19.985772,0.1489290840586197,192,4,2,112,0.1785293574350376,224,1,3,64,0.29518981275695655,48,4,1,112,0.161049270591598,152,448.0,104.0,3,1,0.005555716051996593,0.6,/work3/arnaou/checkpoints/groupgat_Tc_trial_135_best_state.pt,"{'learning_rate': 0.005555716051996593, 'lr_reduce': 0.6}",TPESampler,COMPLETE
136,0.019684553146362305,2025-04-25 14:53:14.992171,2025-04-25 14:55:07.099883,0 days 00:01:52.107712,0.008688072485227124,64,1,2,96,0.12209637588668892,240,2,1,80,0.22660629679603642,32,1,2,112,0.22526258390734433,216,456.0,152.0,3,2,0.0006707322718802357,0.6,/work3/arnaou/checkpoints/groupgat_Tc_trial_136_best_state.pt,"{'learning_rate': 0.0006707322718802357, 'lr_reduce': 0.6}",TPESampler,COMPLETE
137,0.01661861129105091,2025-04-25 14:53:19.266041,2025-04-25 14:55:45.667684,0 days 00:02:26.401643,0.016061577431323783,224,3,1,48,0.11328056474600326,224,2,4,48,0.2883223107056539,112,4,1,128,0.08217836412988652,104,408.0,,2,2,0.001353981574426772,0.6,/work3/arnaou/checkpoints/groupgat_Tc_trial_137_best_state.pt,"{'learning_rate': 0.001353981574426772, 'lr_reduce': 0.6}",TPESampler,COMPLETE
138,0.021601900458335876,2025-04-25 14:53:43.445433,2025-04-25 14:55:27.019043,0 days 00:01:43.573610,0.005562888158829077,224,4,1,80,0.29999546153303996,256,3,4,80,0.23502393310897118,32,3,2,128,0.13404485638457844,72,480.0,96.0,3,1,0.003740738436013556,0.6,/work3/arnaou/checkpoints/groupgat_Tc_trial_138_best_state.pt,"{'learning_rate': 0.003740738436013556, 'lr_reduce': 0.6}",TPESampler,COMPLETE
139,0.017264166846871376,2025-04-25 14:55:07.300643,2025-04-25 14:56:46.070366,0 days 00:01:38.769723,0.027902892779947293,144,3,1,80,0.2817007206973368,256,1,4,96,0.2559699350133795,48,4,2,96,0.128528986271384,272,440.0,160.0,3,1,0.0008908687082114292,0.6,/work3/arnaou/checkpoints/groupgat_Tc_trial_139_best_state.pt,"{'learning_rate': 0.0008908687082114292, 'lr_reduce': 0.6}",TPESampler,COMPLETE
140,0.023140298202633858,2025-04-25 14:55:27.177465,2025-04-25 14:58:05.715636,0 days 00:02:38.538171,0.010175083989713517,160,4,1,80,0.09204288429601387,240,2,3,80,0.2911030709439392,64,3,3,128,0.17986736334115794,192,472.0,,2,2,0.000142331743001927,0.6,/work3/arnaou/checkpoints/groupgat_Tc_trial_140_best_state.pt,"{'learning_rate': 0.000142331743001927, 'lr_reduce': 0.6}",TPESampler,COMPLETE
141,0.09179015457630157,2025-04-25 14:55:45.963451,2025-04-25 14:57:40.117023,0 days 00:01:54.153572,0.18456689517388306,240,4,1,64,0.15875176530167404,240,2,4,64,0.2551560570479848,96,3,2,112,0.07246824023232665,320,352.0,,2,2,0.0009707933062958852,0.6,/work3/arnaou/checkpoints/groupgat_Tc_trial_141_best_state.pt,"{'learning_rate': 0.0009707933062958852, 'lr_reduce': 0.6}",TPESampler,COMPLETE
142,0.023657584562897682,2025-04-25 14:56:46.205043,2025-04-25 14:59:00.743568,0 days 00:02:14.538525,0.07949584391037967,224,4,1,32,0.018414262776757673,176,3,4,32,0.24655646164227984,96,4,2,128,0.11270132760261505,112,392.0,,2,2,0.00029635606678971726,0.6,/work3/arnaou/checkpoints/groupgat_Tc_trial_142_best_state.pt,"{'learning_rate': 0.00029635606678971726, 'lr_reduce': 0.6}",TPESampler,COMPLETE
143,0.018630944192409515,2025-04-25 14:57:40.301559,2025-04-25 14:58:48.066639,0 days 00:01:07.765080,0.040708138526418025,160,4,2,80,0.21379365550917023,240,1,4,112,0.2937605061782984,32,4,3,96,0.1204576181171159,352,392.0,176.0,3,1,0.0014685135965936934,0.6,/work3/arnaou/checkpoints/groupgat_Tc_trial_143_best_state.pt,"{'learning_rate': 0.0014685135965936934, 'lr_reduce': 0.6}",TPESampler,COMPLETE
144,0.02292284555733204,2025-04-25 14:58:06.011696,2025-04-25 14:59:55.473609,0 days 00:01:49.461913,0.10555824860698731,144,1,3,96,0.11312719773958341,144,3,1,112,0.26081613414372373,32,1,2,128,0.030146469731081316,264,400.0,,2,2,0.00194066124655279,0.6,/work3/arnaou/checkpoints/groupgat_Tc_trial_144_best_state.pt,"{'learning_rate': 0.00194066124655279, 'lr_reduce': 0.6}",TPESampler,COMPLETE
145,0.019516877830028534,2025-04-25 14:58:48.343306,2025-04-25 15:00:54.361937,0 days 00:02:06.018631,0.005799100305130289,64,3,1,64,0.17965146523372066,256,2,3,80,0.26306320044894216,48,2,2,112,0.16126220312752598,152,408.0,48.0,3,1,0.0016243622441917405,0.6,/work3/arnaou/checkpoints/groupgat_Tc_trial_145_best_state.pt,"{'learning_rate': 0.0016243622441917405, 'lr_reduce': 0.6}",TPESampler,COMPLETE
146,0.015119516290724277,2025-04-25 14:59:00.996196,2025-04-25 15:00:46.517574,0 days 00:01:45.521378,0.050522030192230664,192,3,2,48,0.20661265554876224,240,2,3,112,0.2089863650254994,96,4,1,128,0.11931004223776824,64,416.0,176.0,3,2,0.000730703710790502,0.6,/work3/arnaou/checkpoints/groupgat_Tc_trial_146_best_state.pt,"{'learning_rate': 0.000730703710790502, 'lr_reduce': 0.6}",TPESampler,COMPLETE
147,0.022331537678837776,2025-04-25 14:59:55.727133,2025-04-25 15:01:33.978258,0 days 00:01:38.251125,0.02804418261573026,192,3,1,48,0.06248974578209117,224,1,4,80,0.28380467188118613,112,4,1,112,0.0765589523214062,136,424.0,,2,2,0.001136570746133831,0.6,/work3/arnaou/checkpoints/groupgat_Tc_trial_147_best_state.pt,"{'learning_rate': 0.001136570746133831, 'lr_reduce': 0.6}",TPESampler,COMPLETE
148,0.018124882131814957,2025-04-25 15:00:46.674879,2025-04-25 15:02:17.858178,0 days 00:01:31.183299,0.022529517605446896,112,2,1,80,0.048373583268091935,176,3,1,32,0.2530117547281677,64,1,1,112,0.13583895974166096,288,416.0,,2,2,0.0017205365096058464,0.6,/work3/arnaou/checkpoints/groupgat_Tc_trial_148_best_state.pt,"{'learning_rate': 0.0017205365096058464, 'lr_reduce': 0.6}",TPESampler,COMPLETE
149,0.020051132887601852,2025-04-25 15:00:54.614619,2025-04-25 15:02:41.427789,0 days 00:01:46.813170,0.09829416758641991,192,3,1,64,0.22123980574189742,256,2,2,112,0.20749360313599755,112,4,2,112,0.1303819838818474,64,456.0,184.0,3,2,0.002242739888525354,0.6,/work3/arnaou/checkpoints/groupgat_Tc_trial_149_best_state.pt,"{'learning_rate': 0.002242739888525354, 'lr_reduce': 0.6}",TPESampler,COMPLETE
150,0.02516377530992031,2025-04-25 15:01:34.242152,2025-04-25 15:03:51.813423,0 days 00:02:17.571271,0.1117114251269625,176,2,1,96,0.04178535632055025,112,4,3,80,0.011342690177069799,32,1,3,48,0.17689822811178724,496,320.0,176.0,3,1,0.0018880387256206839,0.6,/work3/arnaou/checkpoints/groupgat_Tc_trial_150_best_state.pt,"{'learning_rate': 0.0018880387256206839, 'lr_reduce': 0.6}",TPESampler,COMPLETE
151,0.01745251752436161,2025-04-25 15:02:18.065928,2025-04-25 15:03:57.847928,0 days 00:01:39.782000,0.030396779155897287,160,1,1,96,0.13612293572152961,144,3,3,96,0.09734880856694428,32,2,2,48,0.09704134345773212,464,400.0,168.0,3,2,0.001255970271778775,0.6,/work3/arnaou/checkpoints/groupgat_Tc_trial_151_best_state.pt,"{'learning_rate': 0.001255970271778775, 'lr_reduce': 0.6}",TPESampler,COMPLETE
152,0.027819227427244186,2025-04-25 15:02:41.713022,2025-04-25 15:04:34.844708,0 days 00:01:53.131686,0.10391520120183108,176,3,2,48,0.2784646197244386,176,3,3,112,0.20516057932208276,96,3,1,128,0.03410865744183102,56,152.0,,2,2,0.0005542627546009855,0.6,/work3/arnaou/checkpoints/groupgat_Tc_trial_152_best_state.pt,"{'learning_rate': 0.0005542627546009855, 'lr_reduce': 0.6}",TPESampler,COMPLETE
153,0.026440085843205452,2025-04-25 15:03:52.018491,2025-04-25 15:05:52.510136,0 days 00:02:00.491645,0.02210895443162422,240,3,1,80,0.12745196358827748,192,3,4,32,0.25723022811376217,96,4,1,128,0.05542866658493849,48,,,1,2,0.004333200080118356,0.6,/work3/arnaou/checkpoints/groupgat_Tc_trial_153_best_state.pt,"{'learning_rate': 0.004333200080118356, 'lr_reduce': 0.6}",TPESampler,COMPLETE
154,0.017196059226989746,2025-04-25 15:03:58.191343,2025-04-25 15:05:26.965662,0 days 00:01:28.774319,0.09183031631685695,240,3,3,48,0.1803602589643561,192,2,4,32,0.28709938842735017,112,4,1,128,0.11627535165741122,224,368.0,184.0,3,2,0.001432830254987462,0.6,/work3/arnaou/checkpoints/groupgat_Tc_trial_154_best_state.pt,"{'learning_rate': 0.001432830254987462, 'lr_reduce': 0.6}",TPESampler,COMPLETE
155,0.02296379953622818,2025-04-25 15:04:35.042736,2025-04-25 15:06:48.544862,0 days 00:02:13.502126,0.005440654305777438,128,1,1,96,0.2058270677043816,208,3,3,112,0.07137868731045444,48,3,1,64,0.13137807330429216,360,392.0,,2,2,0.003678202273884321,0.6,/work3/arnaou/checkpoints/groupgat_Tc_trial_155_best_state.pt,"{'learning_rate': 0.003678202273884321, 'lr_reduce': 0.6}",TPESampler,COMPLETE
156,0.02448211796581745,2025-04-25 15:05:27.161934,2025-04-25 15:07:45.232817,0 days 00:02:18.070883,0.08030486752814897,208,3,2,32,0.19472079642360443,224,1,4,32,0.24834072252650966,128,4,2,128,0.12673801899759818,280,320.0,192.0,3,1,0.005854325666620922,0.6,/work3/arnaou/checkpoints/groupgat_Tc_trial_156_best_state.pt,"{'learning_rate': 0.005854325666620922, 'lr_reduce': 0.6}",TPESampler,COMPLETE
157,0.023589780554175377,2025-04-25 15:05:52.747672,2025-04-25 15:07:46.061419,0 days 00:01:53.313747,0.07163397175729473,208,3,3,64,0.1697386081353226,96,2,3,64,0.2669479059958612,128,4,1,112,0.0844645616352335,208,360.0,176.0,3,2,0.0005176626630565458,0.6,/work3/arnaou/checkpoints/groupgat_Tc_trial_157_best_state.pt,"{'learning_rate': 0.0005176626630565458, 'lr_reduce': 0.6}",TPESampler,COMPLETE
