number,value,datetime_start,datetime_complete,duration,params_L1_dropout,params_L1_hidden_dim,params_L1_layers_atom,params_L1_layers_mol,params_L1_out_dim,params_L2_dropout,params_L2_hidden_dim,params_L2_layers_atom,params_L2_layers_mol,params_L2_out_dim,params_L3_dropout,params_L3_hidden_dim,params_L3_layers_atom,params_L3_layers_mol,params_L3_out_dim,params_final_dropout,params_mlp_dim_0,params_mlp_dim_1,params_mlp_dim_2,params_n_mlp_layers,params_num_heads,params_train_learning_rate,params_train_lr_reduce,user_attrs_best_state_dict_path,user_attrs_training_params,system_attrs_auto:sampler,state
2117,0.019052943214774132,2025-04-26 21:23:14.855848,2025-04-26 21:25:23.963130,0 days 00:02:09.107282,0.08659782155132915,144,3,4,96,0.14472212559351516,64,4,1,48,0.0029805208262745353,48,4,2,128,0.24473137743589402,440,112.0,296.0,3,2,0.0011070283784034567,0.6,/work3/arnaou/checkpoints/groupgat_Tc_trial_2117_best_state.pt,"{'learning_rate': 0.0011070283784034567, 'lr_reduce': 0.6}",TPESampler,COMPLETE
2118,0.015238425694406033,2025-04-26 21:23:59.638909,2025-04-26 21:26:23.027695,0 days 00:02:23.388786,0.043316628352394256,256,4,2,32,0.0876505598447564,128,2,4,32,0.12231255569417585,32,3,3,128,0.2613289828911863,328,160.0,296.0,3,2,0.0005059366418336526,0.6,/work3/arnaou/checkpoints/groupgat_Tc_trial_2118_best_state.pt,"{'learning_rate': 0.0005059366418336526, 'lr_reduce': 0.6}",TPESampler,COMPLETE
2119,0.039140261709690094,2025-04-26 21:24:18.888035,2025-04-26 21:26:30.553524,0 days 00:02:11.665489,0.11786656627094752,112,1,4,80,0.14623592668695312,208,2,3,128,0.044379937833666325,32,1,4,48,0.05898415742647574,184,120.0,352.0,3,2,0.00011874435729533245,0.6,/work3/arnaou/checkpoints/groupgat_Tc_trial_2119_best_state.pt,"{'learning_rate': 0.00011874435729533245, 'lr_reduce': 0.6}",TPESampler,COMPLETE
2120,0.018497729673981667,2025-04-26 21:25:24.794461,2025-04-26 21:27:09.677261,0 days 00:01:44.882800,0.025379082248485795,64,3,4,80,0.03515272290562597,160,1,2,112,0.23837282924027572,112,4,2,128,0.1977299982745661,56,104.0,288.0,3,2,0.0025214932406699237,0.6,/work3/arnaou/checkpoints/groupgat_Tc_trial_2120_best_state.pt,"{'learning_rate': 0.0025214932406699237, 'lr_reduce': 0.6}",TPESampler,COMPLETE
2121,0.05474230647087097,2025-04-26 21:26:23.297931,2025-04-26 21:28:24.247215,0 days 00:02:00.949284,0.00498263175219249,96,4,4,80,0.01775457868936922,128,1,4,80,0.2978770049431387,48,4,4,32,0.2342100932499049,304,160.0,272.0,3,2,0.00010395903360171473,0.6,/work3/arnaou/checkpoints/groupgat_Tc_trial_2121_best_state.pt,"{'learning_rate': 0.00010395903360171473, 'lr_reduce': 0.6}",TPESampler,COMPLETE
2122,0.017821786925196648,2025-04-26 21:26:31.050353,2025-04-26 21:28:35.478887,0 days 00:02:04.428534,0.005657998742064974,176,2,4,112,0.11616520818483564,176,1,1,112,0.1459719889852001,128,4,3,112,0.11719688811117884,160,200.0,368.0,3,2,0.0016050123139722129,0.6,/work3/arnaou/checkpoints/groupgat_Tc_trial_2122_best_state.pt,"{'learning_rate': 0.0016050123139722129, 'lr_reduce': 0.6}",TPESampler,COMPLETE
2123,0.016042878851294518,2025-04-26 21:27:09.859890,2025-04-26 21:28:45.012183,0 days 00:01:35.152293,0.019198265433434954,192,3,4,96,0.0750504297901859,192,1,1,96,0.2608968200700617,96,3,3,128,0.11876738418115049,136,104.0,320.0,3,2,0.0011819719891291824,0.6,/work3/arnaou/checkpoints/groupgat_Tc_trial_2123_best_state.pt,"{'learning_rate': 0.0011819719891291824, 'lr_reduce': 0.6}",TPESampler,COMPLETE
2124,0.09339489042758942,2025-04-26 21:28:24.527734,2025-04-26 21:30:39.701629,0 days 00:02:15.173895,0.2661535143112166,64,3,1,80,0.13583395476736002,208,3,4,112,0.2909982231887346,96,4,4,96,0.13740138392759862,264,,,1,2,0.000446621848431618,0.6,/work3/arnaou/checkpoints/groupgat_Tc_trial_2124_best_state.pt,"{'learning_rate': 0.000446621848431618, 'lr_reduce': 0.6}",TPESampler,COMPLETE
2125,0.01837160624563694,2025-04-26 21:28:35.847904,2025-04-26 21:30:39.728075,0 days 00:02:03.880171,0.006261286985206248,192,3,4,80,0.09560320823294519,176,1,3,64,0.23036445108049344,128,3,3,128,0.11486620841161274,152,152.0,,2,2,0.0004941515517573864,0.6,/work3/arnaou/checkpoints/groupgat_Tc_trial_2125_best_state.pt,"{'learning_rate': 0.0004941515517573864, 'lr_reduce': 0.6}",TPESampler,COMPLETE
2126,0.02697761543095112,2025-04-26 21:28:45.497369,2025-04-26 21:31:48.394791,0 days 00:03:02.897422,0.0042909482325952175,160,4,4,80,0.06759324868822368,160,2,2,112,0.1632991333637065,128,3,3,128,0.09606005863843411,144,104.0,,2,2,0.00019641331510237246,0.6,/work3/arnaou/checkpoints/groupgat_Tc_trial_2126_best_state.pt,"{'learning_rate': 0.00019641331510237246, 'lr_reduce': 0.6}",TPESampler,COMPLETE
2127,0.020769067108631134,2025-04-26 21:30:39.868782,2025-04-26 21:32:09.053823,0 days 00:01:29.185041,0.03506439560146712,192,4,4,80,0.14905101441681293,224,3,4,128,0.08962275929593087,48,3,1,128,0.10702357197119312,432,144.0,272.0,3,2,0.0018669707785077755,0.6,/work3/arnaou/checkpoints/groupgat_Tc_trial_2127_best_state.pt,"{'learning_rate': 0.0018669707785077755, 'lr_reduce': 0.6}",TPESampler,COMPLETE
2128,0.10873443633317947,2025-04-26 21:30:39.923603,2025-04-26 21:33:07.076055,0 days 00:02:27.152452,0.22308585389484645,192,1,3,32,0.25600256182469067,64,1,4,96,0.27911534078736255,64,1,4,128,0.17389913354275113,168,248.0,,2,1,0.00029403371353393915,0.6,/work3/arnaou/checkpoints/groupgat_Tc_trial_2128_best_state.pt,"{'learning_rate': 0.00029403371353393915, 'lr_reduce': 0.6}",TPESampler,COMPLETE
2129,0.013912420719861984,2025-04-26 21:31:48.715045,2025-04-26 21:34:40.387707,0 days 00:02:51.672662,0.011008755915348768,224,4,3,64,0.051795249368545966,96,2,4,64,0.11569192808358086,96,4,3,128,0.2317325667127146,504,112.0,288.0,3,2,0.00031905660672652207,0.6,/work3/arnaou/checkpoints/groupgat_Tc_trial_2129_best_state.pt,"{'learning_rate': 0.00031905660672652207, 'lr_reduce': 0.6}",TPESampler,COMPLETE
2130,0.022024307399988174,2025-04-26 21:32:09.315558,2025-04-26 21:34:33.669971,0 days 00:02:24.354413,0.0840328405684923,176,2,2,32,0.2576775315315377,112,3,2,96,0.13296071216687375,32,1,2,32,0.14087025389424856,432,192.0,,2,2,0.00606331562149859,0.6,/work3/arnaou/checkpoints/groupgat_Tc_trial_2130_best_state.pt,"{'learning_rate': 0.00606331562149859, 'lr_reduce': 0.6}",TPESampler,COMPLETE
2131,0.02180223912000656,2025-04-26 21:33:07.395517,2025-04-26 21:35:13.278962,0 days 00:02:05.883445,0.026820038032444957,144,3,4,80,0.04029338498315398,144,1,2,48,0.253291229025657,128,4,1,96,0.13837913983291047,120,144.0,368.0,3,2,0.0038763838201076946,0.6,/work3/arnaou/checkpoints/groupgat_Tc_trial_2131_best_state.pt,"{'learning_rate': 0.0038763838201076946, 'lr_reduce': 0.6}",TPESampler,COMPLETE
2132,0.01644667610526085,2025-04-26 21:34:33.927776,2025-04-26 21:37:54.146145,0 days 00:03:20.218369,0.00610694861343487,208,4,3,32,0.13953262756686435,112,1,3,112,0.26979755287188584,128,1,1,128,0.21369639467388776,48,104.0,328.0,3,2,0.0008771813739979631,0.6,/work3/arnaou/checkpoints/groupgat_Tc_trial_2132_best_state.pt,"{'learning_rate': 0.0008771813739979631, 'lr_reduce': 0.6}",TPESampler,COMPLETE
2133,0.01623659022152424,2025-04-26 21:34:40.757574,2025-04-26 21:37:49.425148,0 days 00:03:08.667574,0.0017439911852389146,160,3,3,96,0.04169182517881759,144,1,3,96,0.2046289252405475,96,3,3,112,0.11951553701849167,256,96.0,264.0,3,2,0.00012061067413608357,0.6,/work3/arnaou/checkpoints/groupgat_Tc_trial_2133_best_state.pt,"{'learning_rate': 0.00012061067413608357, 'lr_reduce': 0.6}",TPESampler,COMPLETE
2134,0.019714174792170525,2025-04-26 21:35:13.766384,2025-04-26 21:38:02.328359,0 days 00:02:48.561975,0.0042619331639805035,208,4,4,32,0.09117522617461879,128,2,4,80,0.15366755371322657,80,2,3,128,0.14207453549253918,216,168.0,264.0,3,2,0.00021388675527627074,0.6,/work3/arnaou/checkpoints/groupgat_Tc_trial_2134_best_state.pt,"{'learning_rate': 0.00021388675527627074, 'lr_reduce': 0.6}",TPESampler,COMPLETE
2135,0.032333437353372574,2025-04-26 21:37:49.841838,2025-04-26 21:39:49.756614,0 days 00:01:59.914776,0.15890802959126918,80,1,2,32,0.17163025516230862,112,4,1,32,0.06326970358337841,128,4,2,48,0.16192404545179737,336,128.0,,2,1,0.009102208220106472,0.6,/work3/arnaou/checkpoints/groupgat_Tc_trial_2135_best_state.pt,"{'learning_rate': 0.009102208220106472, 'lr_reduce': 0.6}",TPESampler,COMPLETE
2136,0.02480453811585903,2025-04-26 21:37:54.350569,2025-04-26 21:40:25.048969,0 days 00:02:30.698400,0.032240130653231294,160,4,3,96,0.0936992198463807,160,1,1,112,0.29576264919223283,112,3,1,112,0.04699582242578017,88,456.0,312.0,3,2,0.00010905755393771136,0.6,/work3/arnaou/checkpoints/groupgat_Tc_trial_2136_best_state.pt,"{'learning_rate': 0.00010905755393771136, 'lr_reduce': 0.6}",TPESampler,COMPLETE
2137,0.01935206912457943,2025-04-26 21:38:02.647608,2025-04-26 21:39:47.613180,0 days 00:01:44.965572,0.08390429791750517,144,4,3,80,0.07448015944696369,192,1,2,128,0.278647602367012,80,3,2,128,0.13762538235314276,48,200.0,264.0,3,2,0.0005069425407960578,0.6,/work3/arnaou/checkpoints/groupgat_Tc_trial_2137_best_state.pt,"{'learning_rate': 0.0005069425407960578, 'lr_reduce': 0.6}",TPESampler,COMPLETE
2138,0.022283310070633888,2025-04-26 21:39:47.933095,2025-04-26 21:41:50.737205,0 days 00:02:02.804110,0.08282185225146642,128,4,3,80,0.032376111115964674,112,1,3,112,0.2318955583854461,112,3,2,112,0.057341536072810714,80,96.0,376.0,3,2,0.0005096986782369056,0.6,/work3/arnaou/checkpoints/groupgat_Tc_trial_2138_best_state.pt,"{'learning_rate': 0.0005096986782369056, 'lr_reduce': 0.6}",TPESampler,COMPLETE
2139,0.5195597410202026,2025-04-26 21:39:49.992346,2025-04-26 21:40:29.101557,0 days 00:00:39.109211,0.23876876161567842,240,4,1,64,0.04348980740970526,192,3,3,128,0.27187659292175304,112,1,3,48,0.06657405339138613,416,,,1,1,0.0009423927837575409,0.6,/work3/arnaou/checkpoints/groupgat_Tc_trial_2139_best_state.pt,"{'learning_rate': 0.0009423927837575409, 'lr_reduce': 0.6}",TPESampler,COMPLETE
2140,0.020482905209064484,2025-04-26 21:40:25.290413,2025-04-26 21:42:29.675468,0 days 00:02:04.385055,0.04073382924768691,192,4,4,64,0.08633338081551888,128,1,2,80,0.25047627951767965,128,3,2,112,0.13413082891757858,104,152.0,320.0,3,1,0.00015728187375177812,0.6,/work3/arnaou/checkpoints/groupgat_Tc_trial_2140_best_state.pt,"{'learning_rate': 0.00015728187375177812, 'lr_reduce': 0.6}",TPESampler,COMPLETE
2141,0.020054437220096588,2025-04-26 21:40:29.493651,2025-04-26 21:42:14.703857,0 days 00:01:45.210206,0.02086811571548749,160,3,2,32,0.24245020701134898,128,4,4,112,0.2100650378878441,64,4,1,96,0.0045115382651533,128,104.0,,2,2,0.001910084550311831,0.6,/work3/arnaou/checkpoints/groupgat_Tc_trial_2141_best_state.pt,"{'learning_rate': 0.001910084550311831, 'lr_reduce': 0.6}",TPESampler,COMPLETE
2142,0.04190254211425781,2025-04-26 21:41:51.024867,2025-04-26 21:43:37.810063,0 days 00:01:46.785196,0.16586495655804193,224,4,3,32,0.2282634299671452,224,2,4,128,0.13366469214259658,64,4,2,112,1.3493432573091768e-05,360,152.0,272.0,3,2,0.000427817058986491,0.6,/work3/arnaou/checkpoints/groupgat_Tc_trial_2142_best_state.pt,"{'learning_rate': 0.000427817058986491, 'lr_reduce': 0.6}",TPESampler,COMPLETE
2143,0.015304413624107838,2025-04-26 21:42:15.147738,2025-04-26 21:44:38.051238,0 days 00:02:22.903500,0.006097655128423204,176,4,4,32,0.07260408139165697,192,2,4,96,0.26806011537423424,96,3,1,112,0.20395239610760504,32,96.0,,2,2,0.0017384026196521133,0.6,/work3/arnaou/checkpoints/groupgat_Tc_trial_2143_best_state.pt,"{'learning_rate': 0.0017384026196521133, 'lr_reduce': 0.6}",TPESampler,COMPLETE
2144,0.016063140705227852,2025-04-26 21:42:29.928260,2025-04-26 21:44:57.807800,0 days 00:02:27.879540,0.052899528962515194,208,2,3,80,0.19384451061801106,208,3,4,128,0.0848554555138128,48,4,1,128,0.01829533660555343,480,136.0,440.0,3,2,0.003807421490813096,0.6,/work3/arnaou/checkpoints/groupgat_Tc_trial_2144_best_state.pt,"{'learning_rate': 0.003807421490813096, 'lr_reduce': 0.6}",TPESampler,COMPLETE
2145,0.019657444208860397,2025-04-26 21:43:38.052786,2025-04-26 21:46:28.012097,0 days 00:02:49.959311,0.07630468809747708,144,4,4,128,0.00996700892598671,144,2,2,80,0.24738061252566054,128,3,2,128,0.10826194775511773,176,192.0,248.0,3,2,0.0002533202337859574,0.6,/work3/arnaou/checkpoints/groupgat_Tc_trial_2145_best_state.pt,"{'learning_rate': 0.0002533202337859574, 'lr_reduce': 0.6}",TPESampler,COMPLETE
2146,0.061444129794836044,2025-04-26 21:44:38.366571,2025-04-26 21:47:17.274588,0 days 00:02:38.908017,0.2989689583709871,176,3,4,64,0.02832823295032906,192,3,4,112,0.18378777224053178,64,1,1,128,0.26309505067310557,328,,,1,2,0.004594032946255895,0.6,/work3/arnaou/checkpoints/groupgat_Tc_trial_2146_best_state.pt,"{'learning_rate': 0.004594032946255895, 'lr_reduce': 0.6}",TPESampler,COMPLETE
2147,0.7388357520103455,2025-04-26 21:44:58.236964,2025-04-26 21:45:20.807064,0 days 00:00:22.570100,0.0863651681192909,112,4,4,96,0.14794246597645494,208,1,2,48,0.07922537755196396,48,3,4,64,0.033718616775191196,240,,,1,1,0.00461626785058403,0.6,/work3/arnaou/checkpoints/groupgat_Tc_trial_2147_best_state.pt,"{'learning_rate': 0.00461626785058403, 'lr_reduce': 0.6}",TPESampler,COMPLETE
2148,0.0499778687953949,2025-04-26 21:45:21.066384,2025-04-26 21:47:18.773216,0 days 00:01:57.706832,0.24505655067390675,192,3,1,112,0.2880491100888578,160,4,4,48,0.1512891600004052,48,3,2,32,0.24792903726383936,144,,,1,2,0.008888376516310999,0.6,/work3/arnaou/checkpoints/groupgat_Tc_trial_2148_best_state.pt,"{'learning_rate': 0.008888376516310999, 'lr_reduce': 0.6}",TPESampler,COMPLETE
2149,0.025930574163794518,2025-04-26 21:46:28.219372,2025-04-26 21:48:59.883028,0 days 00:02:31.663656,0.025860275798161865,176,4,3,48,0.27959122136778786,256,1,3,112,0.24426972832174182,64,4,2,80,0.015857273645158616,48,,,1,2,0.001056250393758666,0.6,/work3/arnaou/checkpoints/groupgat_Tc_trial_2149_best_state.pt,"{'learning_rate': 0.001056250393758666, 'lr_reduce': 0.6}",TPESampler,COMPLETE
2150,0.01566586084663868,2025-04-26 21:47:17.506354,2025-04-26 21:49:37.894503,0 days 00:02:20.388149,0.024448477434688715,160,4,4,32,0.06327977482089149,192,2,4,96,0.2776255393043827,112,4,1,128,0.18266038825009454,136,96.0,304.0,3,2,0.00022093596655701106,0.6,/work3/arnaou/checkpoints/groupgat_Tc_trial_2150_best_state.pt,"{'learning_rate': 0.00022093596655701106, 'lr_reduce': 0.6}",TPESampler,COMPLETE
2151,0.014379485510289669,2025-04-26 21:47:19.019229,2025-04-26 21:49:26.263258,0 days 00:02:07.244029,0.04670206778219019,176,4,4,80,0.16314377176919143,256,1,4,112,0.21872945585552275,128,1,1,64,0.2967639615007036,96,136.0,248.0,3,2,0.0008042755942152662,0.6,/work3/arnaou/checkpoints/groupgat_Tc_trial_2151_best_state.pt,"{'learning_rate': 0.0008042755942152662, 'lr_reduce': 0.6}",TPESampler,COMPLETE
2152,0.01907326467335224,2025-04-26 21:49:00.111490,2025-04-26 21:51:21.621336,0 days 00:02:21.509846,0.022316585906008657,176,3,4,32,0.08681169523661705,160,3,4,32,0.25973609812032117,48,4,2,112,0.18140463213011163,160,96.0,384.0,3,1,0.00027545424549682763,0.6,/work3/arnaou/checkpoints/groupgat_Tc_trial_2152_best_state.pt,"{'learning_rate': 0.00027545424549682763, 'lr_reduce': 0.6}",TPESampler,COMPLETE
2153,0.020962299779057503,2025-04-26 21:49:26.632436,2025-04-26 21:51:43.887581,0 days 00:02:17.255145,0.0787337229699745,144,4,4,96,0.040396128034485404,128,1,2,96,0.19002847727192784,112,3,3,112,0.12827358184999152,104,176.0,344.0,3,2,0.00041171611881785227,0.6,/work3/arnaou/checkpoints/groupgat_Tc_trial_2153_best_state.pt,"{'learning_rate': 0.00041171611881785227, 'lr_reduce': 0.6}",TPESampler,COMPLETE
2154,0.0403621569275856,2025-04-26 21:49:38.184374,2025-04-26 21:51:33.495304,0 days 00:01:55.310930,0.09675407432043086,208,2,3,32,0.25034224896018487,128,3,4,128,0.12476847925415217,112,4,1,48,0.11257717127546989,192,472.0,288.0,3,2,0.0003944233134974811,0.6,/work3/arnaou/checkpoints/groupgat_Tc_trial_2154_best_state.pt,"{'learning_rate': 0.0003944233134974811, 'lr_reduce': 0.6}",TPESampler,COMPLETE
2155,0.022035330533981323,2025-04-26 21:51:21.847499,2025-04-26 21:54:56.091876,0 days 00:03:34.244377,0.04035045383081205,192,2,4,112,0.2995842018088085,208,1,1,96,0.1723511667336858,32,1,2,112,0.15459561827691026,56,248.0,,2,2,0.0014418099743900299,0.6,/work3/arnaou/checkpoints/groupgat_Tc_trial_2155_best_state.pt,"{'learning_rate': 0.0014418099743900299, 'lr_reduce': 0.6}",TPESampler,COMPLETE
2156,0.018373996019363403,2025-04-26 21:51:33.852770,2025-04-26 21:54:16.359740,0 days 00:02:42.506970,0.03548009160293648,176,4,3,112,0.050201646323976834,128,1,2,80,0.28450338268240855,112,3,3,128,0.09293597642905414,32,128.0,240.0,3,2,0.00022796939063964266,0.6,/work3/arnaou/checkpoints/groupgat_Tc_trial_2156_best_state.pt,"{'learning_rate': 0.00022796939063964266, 'lr_reduce': 0.6}",TPESampler,COMPLETE
2157,0.018058277666568756,2025-04-26 21:51:44.716757,2025-04-26 21:54:03.957729,0 days 00:02:19.240972,0.029716690528757875,144,4,2,128,0.11720675959239019,208,3,3,80,0.15175816804659717,32,4,1,128,0.09353920144844882,360,88.0,,2,2,0.0013990885036347005,0.6,/work3/arnaou/checkpoints/groupgat_Tc_trial_2157_best_state.pt,"{'learning_rate': 0.0013990885036347005, 'lr_reduce': 0.6}",TPESampler,COMPLETE
2158,0.06239033117890358,2025-04-26 21:54:04.238330,2025-04-26 21:56:23.261797,0 days 00:02:19.023467,0.24084238723627904,176,3,3,48,0.2368967882536136,160,4,4,128,0.08223915386926399,96,4,1,96,0.2995249558869082,328,,,1,2,0.006834146697035477,0.6,/work3/arnaou/checkpoints/groupgat_Tc_trial_2158_best_state.pt,"{'learning_rate': 0.006834146697035477, 'lr_reduce': 0.6}",TPESampler,COMPLETE
2159,0.02570139616727829,2025-04-26 21:54:16.774700,2025-04-26 21:56:00.530535,0 days 00:01:43.755835,0.1879405571320976,176,1,2,112,0.08924038596835601,64,3,1,80,0.027401553881304413,128,1,3,64,0.07147566249134193,56,,,1,2,0.003626825446910956,0.6,/work3/arnaou/checkpoints/groupgat_Tc_trial_2159_best_state.pt,"{'learning_rate': 0.003626825446910956, 'lr_reduce': 0.6}",TPESampler,COMPLETE
2160,0.01446494460105896,2025-04-26 21:54:56.598496,2025-04-26 21:57:14.219365,0 days 00:02:17.620869,0.019507609563511937,160,4,4,128,0.031574790995152126,144,1,2,112,0.2624425044272508,80,2,2,112,0.06855592207554698,168,160.0,320.0,3,2,0.00037677283036523625,0.6,/work3/arnaou/checkpoints/groupgat_Tc_trial_2160_best_state.pt,"{'learning_rate': 0.00037677283036523625, 'lr_reduce': 0.6}",TPESampler,COMPLETE
2161,0.014089973643422127,2025-04-26 21:56:00.960784,2025-04-26 21:58:42.596208,0 days 00:02:41.635424,0.0019938012723187265,208,3,4,48,0.02485149277322879,208,2,4,80,0.1675788925064092,128,4,1,128,0.19326878305962658,168,96.0,272.0,3,2,0.0006876962772343384,0.6,/work3/arnaou/checkpoints/groupgat_Tc_trial_2161_best_state.pt,"{'learning_rate': 0.0006876962772343384, 'lr_reduce': 0.6}",TPESampler,COMPLETE
2162,0.025632107630372047,2025-04-26 21:56:23.615729,2025-04-26 21:59:11.622388,0 days 00:02:48.006659,0.021256084167991893,128,4,3,48,0.24175241103294945,160,3,3,80,0.23839169645448643,64,4,2,96,0.007030516977056818,264,136.0,,2,2,0.002552466880336839,0.6,/work3/arnaou/checkpoints/groupgat_Tc_trial_2162_best_state.pt,"{'learning_rate': 0.002552466880336839, 'lr_reduce': 0.6}",TPESampler,COMPLETE
2163,0.01696050353348255,2025-04-26 21:57:14.447929,2025-04-26 21:59:25.967163,0 days 00:02:11.519234,0.04923215807534427,176,3,4,96,0.1308301062417841,144,2,2,96,0.22435436570228573,112,2,2,112,0.08997884088080986,120,192.0,232.0,3,2,0.0004439555585504388,0.6,/work3/arnaou/checkpoints/groupgat_Tc_trial_2163_best_state.pt,"{'learning_rate': 0.0004439555585504388, 'lr_reduce': 0.6}",TPESampler,COMPLETE
2164,0.015847081318497658,2025-04-26 21:58:43.018661,2025-04-26 22:01:09.636827,0 days 00:02:26.618166,0.0010030251201978459,240,4,4,64,0.04085278251571713,224,1,2,128,0.26648182968290485,112,1,3,128,0.09644969988396868,40,440.0,288.0,3,2,0.0012232061038618745,0.6,/work3/arnaou/checkpoints/groupgat_Tc_trial_2164_best_state.pt,"{'learning_rate': 0.0012232061038618745, 'lr_reduce': 0.6}",TPESampler,COMPLETE
2165,0.02196497470140457,2025-04-26 21:59:11.963166,2025-04-26 22:01:14.642527,0 days 00:02:02.679361,0.13168988610383375,128,4,3,80,0.004009984891790913,80,3,1,96,0.2420709600143825,64,1,4,112,0.12616422907475236,408,128.0,,2,1,0.0016744191479984968,0.6,/work3/arnaou/checkpoints/groupgat_Tc_trial_2165_best_state.pt,"{'learning_rate': 0.0016744191479984968, 'lr_reduce': 0.6}",TPESampler,COMPLETE
2166,0.01773129403591156,2025-04-26 21:59:26.639119,2025-04-26 22:01:19.758384,0 days 00:01:53.119265,0.017121642366714096,96,3,4,96,0.059118731409101836,128,1,2,96,0.28162242847900204,112,4,3,128,0.15755427978967904,88,88.0,416.0,3,1,0.001134041427254741,0.6,/work3/arnaou/checkpoints/groupgat_Tc_trial_2166_best_state.pt,"{'learning_rate': 0.001134041427254741, 'lr_reduce': 0.6}",TPESampler,COMPLETE
2167,0.016881564632058144,2025-04-26 22:01:09.969221,2025-04-26 22:03:14.190270,0 days 00:02:04.221049,0.005523471419381471,256,3,4,32,0.2239893979602571,192,1,4,128,0.16203725024720528,96,4,2,96,0.07101333641099539,120,152.0,336.0,3,2,0.0009548073992766968,0.6,/work3/arnaou/checkpoints/groupgat_Tc_trial_2167_best_state.pt,"{'learning_rate': 0.0009548073992766968, 'lr_reduce': 0.6}",TPESampler,COMPLETE
2168,0.05282258987426758,2025-04-26 22:01:15.008011,2025-04-26 22:03:53.715711,0 days 00:02:38.707700,0.2639435196248685,256,1,2,112,0.17560243988761998,96,2,1,96,0.012368908968541231,32,4,3,80,0.08405752267535214,232,224.0,232.0,3,2,0.00032445282870688374,0.6,/work3/arnaou/checkpoints/groupgat_Tc_trial_2168_best_state.pt,"{'learning_rate': 0.00032445282870688374, 'lr_reduce': 0.6}",TPESampler,COMPLETE
2169,0.01875169575214386,2025-04-26 22:01:20.120561,2025-04-26 22:03:17.700782,0 days 00:01:57.580221,0.010072786464060419,144,4,3,128,0.1214782781124897,128,1,2,128,0.1375660417714219,112,4,3,128,0.059063784184501145,88,96.0,512.0,3,2,0.0009300297853165233,0.6,/work3/arnaou/checkpoints/groupgat_Tc_trial_2169_best_state.pt,"{'learning_rate': 0.0009300297853165233, 'lr_reduce': 0.6}",TPESampler,COMPLETE
