number,value,datetime_start,datetime_complete,duration,params_L1_dropout,params_L1_hidden_dim,params_L1_layers_atom,params_L1_layers_mol,params_L1_out_dim,params_L2_dropout,params_L2_hidden_dim,params_L2_layers_atom,params_L2_layers_mol,params_L2_out_dim,params_L3_dropout,params_L3_hidden_dim,params_L3_layers_atom,params_L3_layers_mol,params_L3_out_dim,params_final_dropout,params_mlp_dim_0,params_mlp_dim_1,params_mlp_dim_2,params_n_mlp_layers,params_num_heads,params_train_learning_rate,params_train_lr_reduce,user_attrs_best_state_dict_path,user_attrs_training_params,system_attrs_auto:sampler,state
1322,0.0292089581489563,2025-04-26 04:55:40.022937,2025-04-26 04:57:39.542535,0 days 00:01:59.519598,0.10307759546756451,96,1,3,128,0.05518883466049375,224,1,3,64,0.060010518662915194,48,2,3,96,0.01535827376284063,96,440.0,,2,1,0.0002021636421115823,0.6,/work3/arnaou/checkpoints/groupgat_Tc_trial_1322_best_state.pt,"{'learning_rate': 0.0002021636421115823, 'lr_reduce': 0.6}",TPESampler,COMPLETE
1323,0.05229051783680916,2025-04-26 04:56:45.232993,2025-04-26 04:58:46.876783,0 days 00:02:01.643790,0.08149107140958839,256,4,2,48,0.021984088213677554,192,3,3,128,0.29073864921001613,128,2,1,80,0.1381352294528822,264,472.0,,2,1,0.0001625506720107818,0.6,/work3/arnaou/checkpoints/groupgat_Tc_trial_1323_best_state.pt,"{'learning_rate': 0.0001625506720107818, 'lr_reduce': 0.6}",TPESampler,COMPLETE
1324,0.017020350322127342,2025-04-26 04:57:23.768581,2025-04-26 05:00:54.544297,0 days 00:03:30.775716,0.004873143310627099,224,4,3,96,0.17477142949692995,224,2,3,80,0.2945078741558644,80,2,3,48,0.24028111957607623,128,464.0,136.0,3,2,0.000289084826914907,0.6,/work3/arnaou/checkpoints/groupgat_Tc_trial_1324_best_state.pt,"{'learning_rate': 0.000289084826914907, 'lr_reduce': 0.6}",TPESampler,COMPLETE
1325,0.01699450984597206,2025-04-26 04:57:40.003481,2025-04-26 04:59:31.575415,0 days 00:01:51.571934,0.0435542968344574,240,2,2,32,0.26453387860918764,256,3,4,96,0.16901043587987494,128,4,2,80,0.0690087661618283,128,488.0,72.0,3,2,0.0013688541249924227,0.6,/work3/arnaou/checkpoints/groupgat_Tc_trial_1325_best_state.pt,"{'learning_rate': 0.0013688541249924227, 'lr_reduce': 0.6}",TPESampler,COMPLETE
1326,0.023102497681975365,2025-04-26 04:58:47.234593,2025-04-26 05:00:41.848958,0 days 00:01:54.614365,0.09506725942636997,224,4,2,32,0.03854633533918037,256,2,2,128,0.18243636858127835,96,3,1,112,0.1776017737167562,48,136.0,72.0,3,1,0.00026280468325513606,0.6,/work3/arnaou/checkpoints/groupgat_Tc_trial_1326_best_state.pt,"{'learning_rate': 0.00026280468325513606, 'lr_reduce': 0.6}",TPESampler,COMPLETE
1327,0.015347108244895935,2025-04-26 04:59:31.912592,2025-04-26 05:02:16.823480,0 days 00:02:44.910888,0.07315498326898077,256,4,4,48,0.01803349912752905,192,1,4,128,0.23497824377872062,112,1,2,64,0.2775897461252749,104,512.0,136.0,3,2,0.00022509408423607944,0.6,/work3/arnaou/checkpoints/groupgat_Tc_trial_1327_best_state.pt,"{'learning_rate': 0.00022509408423607944, 'lr_reduce': 0.6}",TPESampler,COMPLETE
1328,0.017763173207640648,2025-04-26 05:00:42.134098,2025-04-26 05:02:41.704973,0 days 00:01:59.570875,0.07495251148498244,160,2,4,48,0.02929960302243902,160,2,4,96,0.298858973384887,128,4,2,128,0.2079366763688858,104,456.0,,2,2,0.0007511744677222055,0.6,/work3/arnaou/checkpoints/groupgat_Tc_trial_1328_best_state.pt,"{'learning_rate': 0.0007511744677222055, 'lr_reduce': 0.6}",TPESampler,COMPLETE
1329,0.05809829384088516,2025-04-26 05:00:54.840614,2025-04-26 05:03:15.808042,0 days 00:02:20.967428,0.13074964358224928,144,2,3,32,0.23176977209647298,176,1,1,32,0.1645451433909937,112,3,3,128,0.09236102914352746,480,88.0,112.0,3,1,0.00012406091089786473,0.6,/work3/arnaou/checkpoints/groupgat_Tc_trial_1329_best_state.pt,"{'learning_rate': 0.00012406091089786473, 'lr_reduce': 0.6}",TPESampler,COMPLETE
1330,0.01814192533493042,2025-04-26 05:02:17.151667,2025-04-26 05:04:52.840242,0 days 00:02:35.688575,0.016383474664334517,96,4,4,32,0.0047427265473031985,96,3,3,112,0.12436357591397439,48,4,1,128,0.024545812588667892,168,160.0,168.0,3,1,0.001039961850884467,0.6,/work3/arnaou/checkpoints/groupgat_Tc_trial_1330_best_state.pt,"{'learning_rate': 0.001039961850884467, 'lr_reduce': 0.6}",TPESampler,COMPLETE
1331,0.04730367287993431,2025-04-26 05:02:43.089319,2025-04-26 05:04:45.664370,0 days 00:02:02.575051,0.05646330171922401,160,2,3,80,0.13412950042404362,240,4,4,80,0.238524548317428,112,4,1,112,0.10706687909382566,216,,,1,2,0.0032901418049722706,0.6,/work3/arnaou/checkpoints/groupgat_Tc_trial_1331_best_state.pt,"{'learning_rate': 0.0032901418049722706, 'lr_reduce': 0.6}",TPESampler,COMPLETE
1332,0.02066837064921856,2025-04-26 05:03:16.250531,2025-04-26 05:04:57.645102,0 days 00:01:41.394571,0.12994258284849847,96,4,4,112,0.10006456779667296,112,1,2,96,0.24369041747219236,128,3,1,112,0.16816699941594432,72,112.0,72.0,3,2,0.0018057749709058134,0.6,/work3/arnaou/checkpoints/groupgat_Tc_trial_1332_best_state.pt,"{'learning_rate': 0.0018057749709058134, 'lr_reduce': 0.6}",TPESampler,COMPLETE
1333,0.016503380611538887,2025-04-26 05:04:46.133303,2025-04-26 05:07:26.049562,0 days 00:02:39.916259,0.0008662028910401858,240,4,3,48,0.04469781845331342,224,2,2,128,0.1918271194483259,96,2,1,112,0.22789207195263633,168,440.0,,2,2,0.0002592083546749911,0.6,/work3/arnaou/checkpoints/groupgat_Tc_trial_1333_best_state.pt,"{'learning_rate': 0.0002592083546749911, 'lr_reduce': 0.6}",TPESampler,COMPLETE
1334,0.03453453630208969,2025-04-26 05:04:53.197266,2025-04-26 05:06:57.162686,0 days 00:02:03.965420,0.23895244419842526,160,1,1,80,0.004201788111353633,240,3,1,96,0.2269067926812124,48,1,1,128,0.12205130935660599,280,72.0,32.0,3,1,0.0001499177942901,0.6,/work3/arnaou/checkpoints/groupgat_Tc_trial_1334_best_state.pt,"{'learning_rate': 0.0001499177942901, 'lr_reduce': 0.6}",TPESampler,COMPLETE
1335,0.01909906603395939,2025-04-26 05:04:57.968911,2025-04-26 05:06:50.480310,0 days 00:01:52.511399,0.13474313324222856,256,4,4,64,0.13867180317664085,224,1,4,128,0.24485954212158903,64,1,1,112,0.1272601786345947,208,136.0,176.0,3,2,0.0006513743734251052,0.6,/work3/arnaou/checkpoints/groupgat_Tc_trial_1335_best_state.pt,"{'learning_rate': 0.0006513743734251052, 'lr_reduce': 0.6}",TPESampler,COMPLETE
1336,0.013643725775182247,2025-04-26 05:06:50.764429,2025-04-26 05:09:08.961536,0 days 00:02:18.197107,0.010148950540059497,144,3,4,32,0.02148419369250381,240,3,2,96,0.21070528213591316,64,4,2,128,0.24926988774684072,240,72.0,32.0,3,2,0.0007796373583062656,0.6,/work3/arnaou/checkpoints/groupgat_Tc_trial_1336_best_state.pt,"{'learning_rate': 0.0007796373583062656, 'lr_reduce': 0.6}",TPESampler,COMPLETE
1337,0.021104566752910614,2025-04-26 05:06:57.416689,2025-04-26 05:08:48.524266,0 days 00:01:51.107577,0.016126204536154064,240,4,4,32,0.05582888726949984,240,1,3,128,0.17377366231791783,96,2,2,96,0.27128049947522886,168,176.0,104.0,3,2,0.003973872035150757,0.6,/work3/arnaou/checkpoints/groupgat_Tc_trial_1337_best_state.pt,"{'learning_rate': 0.003973872035150757, 'lr_reduce': 0.6}",TPESampler,COMPLETE
1338,0.012856543064117432,2025-04-26 05:07:26.289135,2025-04-26 05:09:28.907596,0 days 00:02:02.618461,0.001668312428213383,224,4,4,48,0.025050850129061032,224,1,3,112,0.26442752360793453,80,2,2,112,0.216900578075631,40,112.0,80.0,3,2,0.0008297988983825766,0.6,/work3/arnaou/checkpoints/groupgat_Tc_trial_1338_best_state.pt,"{'learning_rate': 0.0008297988983825766, 'lr_reduce': 0.6}",TPESampler,COMPLETE
1339,0.014915764331817627,2025-04-26 05:08:48.771556,2025-04-26 05:10:48.472176,0 days 00:01:59.700620,0.03915942112016059,144,3,3,48,0.09498913344082668,80,4,4,112,0.19539686951752178,48,4,1,96,0.1305980058701421,128,32.0,192.0,3,1,0.0008785331932182974,0.6,/work3/arnaou/checkpoints/groupgat_Tc_trial_1339_best_state.pt,"{'learning_rate': 0.0008785331932182974, 'lr_reduce': 0.6}",TPESampler,COMPLETE
1340,0.01991220936179161,2025-04-26 05:09:09.305268,2025-04-26 05:11:06.046633,0 days 00:01:56.741365,0.055188335882696865,128,3,4,128,0.07231228037489178,112,1,3,112,0.12504779761361512,112,4,1,128,0.2815457792560146,120,64.0,32.0,3,2,0.00030183263800915005,0.6,/work3/arnaou/checkpoints/groupgat_Tc_trial_1340_best_state.pt,"{'learning_rate': 0.00030183263800915005, 'lr_reduce': 0.6}",TPESampler,COMPLETE
1341,0.02029949054121971,2025-04-26 05:09:29.248234,2025-04-26 05:11:16.460365,0 days 00:01:47.212131,0.04495410202183986,176,3,4,80,0.03920901788209289,240,2,1,32,0.24475917878117176,48,4,4,112,0.17874906353570869,56,112.0,64.0,3,1,0.0005306073814189094,0.6,/work3/arnaou/checkpoints/groupgat_Tc_trial_1341_best_state.pt,"{'learning_rate': 0.0005306073814189094, 'lr_reduce': 0.6}",TPESampler,COMPLETE
1342,0.013941040262579918,2025-04-26 05:10:48.845190,2025-04-26 05:12:57.490145,0 days 00:02:08.644955,0.009646296781848859,160,4,4,64,0.0520458539125292,192,1,4,112,0.23503576151507383,64,1,3,112,0.18966568399807643,88,120.0,,2,2,0.0020586278558284835,0.6,/work3/arnaou/checkpoints/groupgat_Tc_trial_1342_best_state.pt,"{'learning_rate': 0.0020586278558284835, 'lr_reduce': 0.6}",TPESampler,COMPLETE
1343,0.01898316480219364,2025-04-26 05:11:06.439772,2025-04-26 05:14:15.616745,0 days 00:03:09.176973,0.07195579312738208,160,3,4,48,0.034476276880852606,192,3,2,112,0.2341596043449993,96,4,1,128,0.24232278045661673,288,136.0,64.0,3,2,0.00016257781507578677,0.6,/work3/arnaou/checkpoints/groupgat_Tc_trial_1343_best_state.pt,"{'learning_rate': 0.00016257781507578677, 'lr_reduce': 0.6}",TPESampler,COMPLETE
1344,0.011930341832339764,2025-04-26 05:11:16.676428,2025-04-26 05:13:18.129554,0 days 00:02:01.453126,0.0061524017250957795,224,4,4,48,0.019861037610725465,224,1,3,112,0.2564078517674902,96,1,2,128,0.1362557685894096,40,120.0,64.0,3,2,0.0008723594247525094,0.6,/work3/arnaou/checkpoints/groupgat_Tc_trial_1344_best_state.pt,"{'learning_rate': 0.0008723594247525094, 'lr_reduce': 0.6}",TPESampler,COMPLETE
1345,0.014193876646459103,2025-04-26 05:12:57.822291,2025-04-26 05:15:37.034614,0 days 00:02:39.212323,0.015449726997133609,256,4,3,32,0.03781589900457351,224,3,4,128,0.22932901404716702,112,2,1,96,0.21290622006391585,48,104.0,72.0,3,2,0.00022142012209000128,0.6,/work3/arnaou/checkpoints/groupgat_Tc_trial_1345_best_state.pt,"{'learning_rate': 0.00022142012209000128, 'lr_reduce': 0.6}",TPESampler,COMPLETE
1346,0.019601883366703987,2025-04-26 05:13:18.372904,2025-04-26 05:15:21.823598,0 days 00:02:03.450694,0.10243527414089254,240,4,4,80,0.10490938157752021,240,1,3,128,0.2997116227210714,128,1,1,96,0.2971121036247447,32,160.0,,2,2,0.0004328354892645102,0.6,/work3/arnaou/checkpoints/groupgat_Tc_trial_1346_best_state.pt,"{'learning_rate': 0.0004328354892645102, 'lr_reduce': 0.6}",TPESampler,COMPLETE
1347,0.014843028970062733,2025-04-26 05:14:16.032487,2025-04-26 05:16:05.798623,0 days 00:01:49.766136,0.07804781769073295,192,3,3,64,0.027998746882751273,208,1,3,112,0.28572076017021664,96,1,3,128,0.07822834437949626,96,144.0,88.0,3,2,0.0008407542609676704,0.6,/work3/arnaou/checkpoints/groupgat_Tc_trial_1347_best_state.pt,"{'learning_rate': 0.0008407542609676704, 'lr_reduce': 0.6}",TPESampler,COMPLETE
1348,0.020824424922466278,2025-04-26 05:15:22.070174,2025-04-26 05:17:12.231897,0 days 00:01:50.161723,0.11803907518630917,176,4,3,96,0.09892812897143038,112,1,3,80,0.19965093244389484,112,3,1,112,0.20425320447163145,40,160.0,72.0,3,2,0.0010091176791556416,0.6,/work3/arnaou/checkpoints/groupgat_Tc_trial_1348_best_state.pt,"{'learning_rate': 0.0010091176791556416, 'lr_reduce': 0.6}",TPESampler,COMPLETE
1349,0.01770011894404888,2025-04-26 05:15:37.347895,2025-04-26 05:18:58.413998,0 days 00:03:21.066103,0.02665808678336614,192,4,4,32,0.009019047683980621,208,1,3,128,0.17101350905997598,32,1,2,112,0.1560389110455198,40,184.0,104.0,3,2,0.00038269594270578904,0.6,/work3/arnaou/checkpoints/groupgat_Tc_trial_1349_best_state.pt,"{'learning_rate': 0.00038269594270578904, 'lr_reduce': 0.6}",TPESampler,COMPLETE
1350,0.031117336824536324,2025-04-26 05:16:06.090651,2025-04-26 05:19:07.438516,0 days 00:03:01.347865,0.048345685003305716,256,3,4,96,0.29193864962488847,240,1,1,80,0.20418373255249808,64,2,2,112,0.15818366213933774,48,,,1,2,0.0006589725903623845,0.6,/work3/arnaou/checkpoints/groupgat_Tc_trial_1350_best_state.pt,"{'learning_rate': 0.0006589725903623845, 'lr_reduce': 0.6}",TPESampler,COMPLETE
1351,0.017130352556705475,2025-04-26 05:17:12.450860,2025-04-26 05:19:11.049621,0 days 00:01:58.598761,0.06450979480583371,256,4,3,48,0.03779580328042208,224,2,2,128,0.2864996015513611,80,1,2,112,0.0793062993260105,80,152.0,104.0,3,2,0.0007570187705027054,0.6,/work3/arnaou/checkpoints/groupgat_Tc_trial_1351_best_state.pt,"{'learning_rate': 0.0007570187705027054, 'lr_reduce': 0.6}",TPESampler,COMPLETE
1352,0.015808405354619026,2025-04-26 05:18:58.660035,2025-04-26 05:21:14.696869,0 days 00:02:16.036834,0.017090449223282785,144,4,4,32,0.13561936241975323,160,2,4,48,0.20873785958701915,96,4,2,128,0.1985716406022845,160,128.0,80.0,3,2,0.00042323501460124534,0.6,/work3/arnaou/checkpoints/groupgat_Tc_trial_1352_best_state.pt,"{'learning_rate': 0.00042323501460124534, 'lr_reduce': 0.6}",TPESampler,COMPLETE
1353,0.01608685404062271,2025-04-26 05:19:07.822632,2025-04-26 05:21:03.091014,0 days 00:01:55.268382,0.025843346772756227,192,4,3,32,0.06752710651443093,176,1,3,96,0.2190609896775482,64,2,2,96,0.23827203848543252,120,144.0,104.0,3,2,0.0010385049870592273,0.6,/work3/arnaou/checkpoints/groupgat_Tc_trial_1353_best_state.pt,"{'learning_rate': 0.0010385049870592273, 'lr_reduce': 0.6}",TPESampler,COMPLETE
1354,0.014943092130124569,2025-04-26 05:19:11.281674,2025-04-26 05:21:03.091649,0 days 00:01:51.809975,0.025194261690400163,208,4,4,48,0.044629418312753896,256,2,2,80,0.282475593023729,112,1,3,112,0.10537268964270498,88,184.0,88.0,3,2,0.0010383115728358988,0.6,/work3/arnaou/checkpoints/groupgat_Tc_trial_1354_best_state.pt,"{'learning_rate': 0.0010383115728358988, 'lr_reduce': 0.6}",TPESampler,COMPLETE
1355,0.018588460981845856,2025-04-26 05:21:03.296556,2025-04-26 05:22:52.865259,0 days 00:01:49.568703,0.10753911896309623,192,3,3,64,0.23403286792833233,112,1,4,128,0.10070796754464574,96,4,1,64,0.1744144985048348,184,144.0,104.0,3,2,0.001568496772661018,0.6,/work3/arnaou/checkpoints/groupgat_Tc_trial_1355_best_state.pt,"{'learning_rate': 0.001568496772661018, 'lr_reduce': 0.6}",TPESampler,COMPLETE
1356,0.01625022292137146,2025-04-26 05:21:03.356227,2025-04-26 05:23:07.533775,0 days 00:02:04.177548,0.07999496783353964,192,4,4,64,0.019461172402540996,176,1,3,128,0.27507672659219645,80,2,3,128,0.2581389760477004,48,120.0,,2,2,0.0008439059625394492,0.6,/work3/arnaou/checkpoints/groupgat_Tc_trial_1356_best_state.pt,"{'learning_rate': 0.0008439059625394492, 'lr_reduce': 0.6}",TPESampler,COMPLETE
1357,0.017692187801003456,2025-04-26 05:21:14.986360,2025-04-26 05:23:12.305228,0 days 00:01:57.318868,0.06396681595191758,256,4,4,32,0.0006203399644343598,240,1,3,112,0.2944289244000862,96,1,2,128,0.12298160069403002,48,120.0,64.0,3,2,0.0007826712143767336,0.6,/work3/arnaou/checkpoints/groupgat_Tc_trial_1357_best_state.pt,"{'learning_rate': 0.0007826712143767336, 'lr_reduce': 0.6}",TPESampler,COMPLETE
1358,0.031490664929151535,2025-04-26 05:22:54.202530,2025-04-26 05:24:29.412418,0 days 00:01:35.209888,0.141975732916489,144,2,4,128,0.0751050529106604,224,2,1,128,0.019425113483948764,32,2,3,64,0.21410952969612806,352,,,1,1,0.0007110602189724995,0.6,/work3/arnaou/checkpoints/groupgat_Tc_trial_1358_best_state.pt,"{'learning_rate': 0.0007110602189724995, 'lr_reduce': 0.6}",TPESampler,COMPLETE
1359,0.01865316368639469,2025-04-26 05:23:07.846001,2025-04-26 05:25:01.732405,0 days 00:01:53.886404,0.012371329578608268,224,4,4,64,0.011553526322853459,224,1,3,128,0.2602527994532301,64,3,2,96,0.22248505244485128,48,192.0,72.0,3,1,0.002199862513795149,0.6,/work3/arnaou/checkpoints/groupgat_Tc_trial_1359_best_state.pt,"{'learning_rate': 0.002199862513795149, 'lr_reduce': 0.6}",TPESampler,COMPLETE
1360,0.018086690455675125,2025-04-26 05:23:12.615874,2025-04-26 05:25:24.706088,0 days 00:02:12.090214,0.02093045915803842,256,4,2,48,0.03344967156286111,192,2,3,112,0.20319266257564433,96,3,1,96,0.10724007031393103,80,120.0,,2,2,0.0007485461089163743,0.6,/work3/arnaou/checkpoints/groupgat_Tc_trial_1360_best_state.pt,"{'learning_rate': 0.0007485461089163743, 'lr_reduce': 0.6}",TPESampler,COMPLETE
1361,0.013945112936198711,2025-04-26 05:24:29.698012,2025-04-26 05:26:46.125785,0 days 00:02:16.427773,0.018995361219667568,192,3,3,80,0.003956614599064712,112,1,3,96,0.1145094566343173,128,4,1,112,0.2940469661932478,112,160.0,112.0,3,2,0.00031611627985294395,0.6,/work3/arnaou/checkpoints/groupgat_Tc_trial_1361_best_state.pt,"{'learning_rate': 0.00031611627985294395, 'lr_reduce': 0.6}",TPESampler,COMPLETE
1362,0.01778028905391693,2025-04-26 05:25:01.971855,2025-04-26 05:27:01.134033,0 days 00:01:59.162178,0.028601839834660678,192,4,3,48,0.009990379559284553,224,1,3,96,0.2299468312092132,64,1,1,128,0.15493067761425122,48,208.0,64.0,3,2,0.000602067991226339,0.6,/work3/arnaou/checkpoints/groupgat_Tc_trial_1362_best_state.pt,"{'learning_rate': 0.000602067991226339, 'lr_reduce': 0.6}",TPESampler,COMPLETE
1363,0.017343176528811455,2025-04-26 05:25:25.054192,2025-04-26 05:27:38.648253,0 days 00:02:13.594061,0.011023960280604256,192,3,2,48,0.14033353484548816,256,3,4,128,0.2384128763877308,80,4,1,96,0.14788796933795167,232,112.0,112.0,3,2,0.003090988136287557,0.6,/work3/arnaou/checkpoints/groupgat_Tc_trial_1363_best_state.pt,"{'learning_rate': 0.003090988136287557, 'lr_reduce': 0.6}",TPESampler,COMPLETE
1364,0.02002367004752159,2025-04-26 05:26:46.470207,2025-04-26 05:28:46.272610,0 days 00:01:59.802403,0.05062051409373141,224,1,3,48,0.016044292466559626,112,4,2,64,0.29958070707761897,112,3,4,96,0.11934701513361726,240,112.0,96.0,3,2,0.000441100618497415,0.6,/work3/arnaou/checkpoints/groupgat_Tc_trial_1364_best_state.pt,"{'learning_rate': 0.000441100618497415, 'lr_reduce': 0.6}",TPESampler,COMPLETE
1365,0.015813173726201057,2025-04-26 05:27:01.371702,2025-04-26 05:29:41.095720,0 days 00:02:39.724018,0.022548214646389314,208,4,4,48,0.09696947180091489,240,1,3,64,0.21975808602388197,64,3,3,112,0.23199394301506213,88,160.0,32.0,3,2,0.002121207426853201,0.6,/work3/arnaou/checkpoints/groupgat_Tc_trial_1365_best_state.pt,"{'learning_rate': 0.002121207426853201, 'lr_reduce': 0.6}",TPESampler,COMPLETE
1366,0.016514291986823082,2025-04-26 05:27:38.921362,2025-04-26 05:29:45.802705,0 days 00:02:06.881343,0.09108953432299392,144,4,4,64,0.002319050204979089,208,1,3,96,0.27638136660493146,80,3,1,96,0.22928384296218096,64,120.0,,2,2,0.0015994922188786842,0.6,/work3/arnaou/checkpoints/groupgat_Tc_trial_1366_best_state.pt,"{'learning_rate': 0.0015994922188786842, 'lr_reduce': 0.6}",TPESampler,COMPLETE
1367,0.0231085866689682,2025-04-26 05:28:46.502571,2025-04-26 05:30:36.632147,0 days 00:01:50.129576,0.052883415828830424,176,4,4,32,0.03976146970347358,160,1,4,80,0.2389281455143596,112,1,1,112,0.1832316098231777,40,104.0,64.0,3,1,0.0029179629599092685,0.6,/work3/arnaou/checkpoints/groupgat_Tc_trial_1367_best_state.pt,"{'learning_rate': 0.0029179629599092685, 'lr_reduce': 0.6}",TPESampler,COMPLETE
1368,0.1570023000240326,2025-04-26 05:29:41.453331,2025-04-26 05:32:06.272962,0 days 00:02:24.819631,0.08272050213740854,112,4,3,32,0.22399452102513884,192,3,4,80,0.13788265941950315,96,4,4,48,0.0216876706134346,472,,,1,1,0.00042092290489434414,0.6,/work3/arnaou/checkpoints/groupgat_Tc_trial_1368_best_state.pt,"{'learning_rate': 0.00042092290489434414, 'lr_reduce': 0.6}",TPESampler,COMPLETE
1369,0.01749645359814167,2025-04-26 05:29:46.118776,2025-04-26 05:32:04.440953,0 days 00:02:18.322177,0.060716739443233095,176,4,4,32,0.022515748748520456,176,4,4,80,0.2490072899919342,80,4,2,112,0.2601109175939331,296,168.0,200.0,3,2,0.00035199556225322517,0.6,/work3/arnaou/checkpoints/groupgat_Tc_trial_1369_best_state.pt,"{'learning_rate': 0.00035199556225322517, 'lr_reduce': 0.6}",TPESampler,COMPLETE
1370,0.08787804841995239,2025-04-26 05:30:36.985798,2025-04-26 05:32:25.035565,0 days 00:01:48.049767,0.11274665886432385,96,2,4,32,0.17382119930361903,64,3,2,96,0.11640845466482216,32,2,4,32,0.07661106200382793,240,216.0,,2,1,0.000688952432401401,0.6,/work3/arnaou/checkpoints/groupgat_Tc_trial_1370_best_state.pt,"{'learning_rate': 0.000688952432401401, 'lr_reduce': 0.6}",TPESampler,COMPLETE
1371,0.014633654616773129,2025-04-26 05:32:04.947049,2025-04-26 05:34:18.266975,0 days 00:02:13.319926,0.026592069105168266,192,4,4,80,0.0056995228404390745,256,2,3,112,0.25807879950669466,64,1,3,112,0.1020330557604457,64,104.0,72.0,3,2,0.0007267711921514343,0.6,/work3/arnaou/checkpoints/groupgat_Tc_trial_1371_best_state.pt,"{'learning_rate': 0.0007267711921514343, 'lr_reduce': 0.6}",TPESampler,COMPLETE
1372,0.023077119141817093,2025-04-26 05:32:06.532431,2025-04-26 05:33:43.237557,0 days 00:01:36.705126,0.09059013559044804,112,3,4,96,0.1057496930024537,96,1,3,96,0.168653161307641,96,4,1,128,0.226940177470547,120,144.0,128.0,3,2,0.0019636557998193816,0.6,/work3/arnaou/checkpoints/groupgat_Tc_trial_1372_best_state.pt,"{'learning_rate': 0.0019636557998193816, 'lr_reduce': 0.6}",TPESampler,COMPLETE
1373,0.014917858876287937,2025-04-26 05:32:25.392450,2025-04-26 05:35:56.511749,0 days 00:03:31.119299,0.029481258114086542,208,3,3,80,0.027216368611793065,112,3,2,48,0.2784381756188979,96,4,3,128,0.22040235524635338,64,104.0,208.0,3,2,0.00017056760873488625,0.6,/work3/arnaou/checkpoints/groupgat_Tc_trial_1373_best_state.pt,"{'learning_rate': 0.00017056760873488625, 'lr_reduce': 0.6}",TPESampler,COMPLETE
1374,0.01939842849969864,2025-04-26 05:33:43.525891,2025-04-26 05:36:07.079377,0 days 00:02:23.553486,0.03980330492809192,192,4,4,48,0.1557729727747839,208,2,3,128,0.2655572447092832,80,2,3,64,0.2563656395787156,80,160.0,72.0,3,2,0.00018559874841801472,0.6,/work3/arnaou/checkpoints/groupgat_Tc_trial_1374_best_state.pt,"{'learning_rate': 0.00018559874841801472, 'lr_reduce': 0.6}",TPESampler,COMPLETE
