number,value,datetime_start,datetime_complete,duration,params_L1_dropout,params_L1_hidden_dim,params_L1_layers_atom,params_L1_layers_mol,params_L1_out_dim,params_L2_dropout,params_L2_hidden_dim,params_L2_layers_atom,params_L2_layers_mol,params_L2_out_dim,params_L3_dropout,params_L3_hidden_dim,params_L3_layers_atom,params_L3_layers_mol,params_L3_out_dim,params_final_dropout,params_mlp_dim_0,params_mlp_dim_1,params_mlp_dim_2,params_n_mlp_layers,params_num_heads,params_train_learning_rate,params_train_lr_reduce,user_attrs_best_state_dict_path,user_attrs_training_params,system_attrs_auto:sampler,state
847,0.018108859658241272,2025-04-25 23:15:11.504718,2025-04-25 23:17:15.874651,0 days 00:02:04.369933,0.05783696192529204,160,4,4,80,0.29577298088200654,240,3,2,128,0.15462126621304834,96,2,1,128,0.19502001819019066,136,112.0,504.0,3,2,0.0004715938349584912,0.6,/work3/arnaou/checkpoints/groupgat_Tc_trial_847_best_state.pt,"{'learning_rate': 0.0004715938349584912, 'lr_reduce': 0.6}",TPESampler,COMPLETE
848,0.03074408695101738,2025-04-25 23:15:12.188614,2025-04-25 23:17:31.973675,0 days 00:02:19.785061,0.15004632813517763,224,2,1,32,0.028762539996552226,80,3,3,96,0.2897602045037491,128,4,4,128,0.1446990170931917,256,112.0,112.0,3,2,0.0005542753373968388,0.6,/work3/arnaou/checkpoints/groupgat_Tc_trial_848_best_state.pt,"{'learning_rate': 0.0005542753373968388, 'lr_reduce': 0.6}",TPESampler,COMPLETE
849,0.017816253006458282,2025-04-25 23:16:41.555769,2025-04-25 23:18:47.693454,0 days 00:02:06.137685,0.035399780780977885,160,4,4,32,0.021261974258100492,80,2,3,80,0.1244245932371813,112,3,1,80,0.2384405861057847,240,,,1,2,0.0012550041976508441,0.6,/work3/arnaou/checkpoints/groupgat_Tc_trial_849_best_state.pt,"{'learning_rate': 0.0012550041976508441, 'lr_reduce': 0.6}",TPESampler,COMPLETE
850,0.023905368521809578,2025-04-25 23:17:16.303836,2025-04-25 23:19:22.036833,0 days 00:02:05.732997,0.0305828781460354,144,3,1,32,0.012926543035426591,256,2,4,80,0.24299823833834994,64,3,1,80,0.06186948272992737,192,152.0,,2,1,0.00028867608840298196,0.6,/work3/arnaou/checkpoints/groupgat_Tc_trial_850_best_state.pt,"{'learning_rate': 0.00028867608840298196, 'lr_reduce': 0.6}",TPESampler,COMPLETE
851,0.014437882229685783,2025-04-25 23:17:32.286419,2025-04-25 23:19:16.645338,0 days 00:01:44.358919,0.014060668279335605,176,4,2,48,0.164251010549253,256,2,2,64,0.2993432010707712,96,3,2,112,0.27879668348406034,56,80.0,,2,2,0.0010918728163053322,0.6,/work3/arnaou/checkpoints/groupgat_Tc_trial_851_best_state.pt,"{'learning_rate': 0.0010918728163053322, 'lr_reduce': 0.6}",TPESampler,COMPLETE
852,0.016365986317396164,2025-04-25 23:18:47.984875,2025-04-25 23:20:28.486490,0 days 00:01:40.501615,0.06497300276613568,224,4,4,80,0.2528274162955704,256,1,4,128,0.29885416537900006,128,1,3,80,0.2555648825801991,56,176.0,368.0,3,2,0.0008321867982581142,0.6,/work3/arnaou/checkpoints/groupgat_Tc_trial_852_best_state.pt,"{'learning_rate': 0.0008321867982581142, 'lr_reduce': 0.6}",TPESampler,COMPLETE
853,0.01866544596850872,2025-04-25 23:19:16.873764,2025-04-25 23:20:53.329992,0 days 00:01:36.456228,0.03540552944484277,160,3,3,96,0.2772736946168495,240,2,2,96,0.16905844041752008,64,2,1,128,0.07658372228088454,112,104.0,32.0,3,2,0.0036972169306509406,0.6,/work3/arnaou/checkpoints/groupgat_Tc_trial_853_best_state.pt,"{'learning_rate': 0.0036972169306509406, 'lr_reduce': 0.6}",TPESampler,COMPLETE
854,0.02285844273865223,2025-04-25 23:19:22.293083,2025-04-25 23:21:37.882370,0 days 00:02:15.589287,0.042031633302302716,128,3,1,32,0.12339184068691247,224,4,4,64,0.26344158681925545,64,4,1,128,0.10063026132647995,336,32.0,,2,1,0.0004285576154747417,0.6,/work3/arnaou/checkpoints/groupgat_Tc_trial_854_best_state.pt,"{'learning_rate': 0.0004285576154747417, 'lr_reduce': 0.6}",TPESampler,COMPLETE
855,0.022355729714035988,2025-04-25 23:20:28.839972,2025-04-25 23:22:10.455472,0 days 00:01:41.615500,0.09479690728378419,240,4,4,32,0.227957361590832,224,1,2,128,0.17328342652310677,128,3,1,96,0.08826827614260915,48,136.0,,2,2,0.00036907568351219277,0.6,/work3/arnaou/checkpoints/groupgat_Tc_trial_855_best_state.pt,"{'learning_rate': 0.00036907568351219277, 'lr_reduce': 0.6}",TPESampler,COMPLETE
856,0.015370833687484264,2025-04-25 23:20:53.551850,2025-04-25 23:23:05.919853,0 days 00:02:12.368003,0.027703493999273406,192,2,3,64,0.04853050491959608,240,3,1,64,0.18128884644890358,112,4,4,112,0.1753557637741938,152,80.0,256.0,3,1,0.0015531274241398422,0.6,/work3/arnaou/checkpoints/groupgat_Tc_trial_856_best_state.pt,"{'learning_rate': 0.0015531274241398422, 'lr_reduce': 0.6}",TPESampler,COMPLETE
857,0.018783535808324814,2025-04-25 23:21:38.113127,2025-04-25 23:23:16.630828,0 days 00:01:38.517701,0.03383886095007199,192,4,4,32,0.04414452995319709,192,3,3,64,0.21667522966333863,112,3,3,128,0.20458904198286942,264,192.0,72.0,3,2,0.0009197502554593839,0.6,/work3/arnaou/checkpoints/groupgat_Tc_trial_857_best_state.pt,"{'learning_rate': 0.0009197502554593839, 'lr_reduce': 0.6}",TPESampler,COMPLETE
858,0.01774747669696808,2025-04-25 23:22:10.737414,2025-04-25 23:24:30.040844,0 days 00:02:19.303430,0.014986759006882726,208,2,1,48,0.06970321486110943,224,4,4,64,0.28357596701226195,64,4,1,64,0.06733388259026296,160,112.0,216.0,3,1,0.0004796519156443126,0.6,/work3/arnaou/checkpoints/groupgat_Tc_trial_858_best_state.pt,"{'learning_rate': 0.0004796519156443126, 'lr_reduce': 0.6}",TPESampler,COMPLETE
859,0.0172469150274992,2025-04-25 23:23:06.207006,2025-04-25 23:25:44.427996,0 days 00:02:38.220990,0.028484767517629597,176,4,4,48,0.16370670233922371,208,1,3,128,0.26636429613886714,112,2,3,96,0.2470810881592441,40,152.0,128.0,3,1,0.0005506808194094473,0.6,/work3/arnaou/checkpoints/groupgat_Tc_trial_859_best_state.pt,"{'learning_rate': 0.0005506808194094473, 'lr_reduce': 0.6}",TPESampler,COMPLETE
860,0.018969133496284485,2025-04-25 23:23:16.982650,2025-04-25 23:25:34.412606,0 days 00:02:17.429956,0.08714221712858765,192,4,4,32,0.08507907953581743,64,4,3,112,0.16192869497995452,48,4,1,128,0.06353586992900773,48,64.0,288.0,3,1,0.001031355961014443,0.6,/work3/arnaou/checkpoints/groupgat_Tc_trial_860_best_state.pt,"{'learning_rate': 0.001031355961014443, 'lr_reduce': 0.6}",TPESampler,COMPLETE
861,0.0422983318567276,2025-04-25 23:24:30.304771,2025-04-25 23:27:28.695855,0 days 00:02:58.391084,0.08355864478439777,144,3,2,32,0.008829603765571223,256,4,4,128,0.16414851781343537,96,4,1,112,0.17773085938072575,128,,,1,2,0.0024580113354423544,0.6,/work3/arnaou/checkpoints/groupgat_Tc_trial_861_best_state.pt,"{'learning_rate': 0.0024580113354423544, 'lr_reduce': 0.6}",TPESampler,COMPLETE
862,0.021008269861340523,2025-04-25 23:25:34.627082,2025-04-25 23:27:29.503521,0 days 00:01:54.876439,0.02566478671503783,224,4,4,32,0.0860116430549205,144,1,3,48,0.28629800835735264,128,3,2,128,0.2460025340088805,120,,,1,2,0.0013349228543946157,0.6,/work3/arnaou/checkpoints/groupgat_Tc_trial_862_best_state.pt,"{'learning_rate': 0.0013349228543946157, 'lr_reduce': 0.6}",TPESampler,COMPLETE
863,0.04208141937851906,2025-04-25 23:25:44.655774,2025-04-25 23:28:03.031332,0 days 00:02:18.375558,0.10927697675467257,208,3,4,48,0.22835065128062512,112,2,3,96,0.04922325101252651,112,4,1,80,0.2145638971381561,176,112.0,32.0,3,2,0.0002093418883608631,0.6,/work3/arnaou/checkpoints/groupgat_Tc_trial_863_best_state.pt,"{'learning_rate': 0.0002093418883608631, 'lr_reduce': 0.6}",TPESampler,COMPLETE
864,0.01816868782043457,2025-04-25 23:27:28.990228,2025-04-25 23:29:53.772910,0 days 00:02:24.782682,0.06717031199387831,160,3,4,48,0.034318722776969596,240,3,1,96,0.22167146184566705,64,4,2,112,0.21279193495374044,80,72.0,80.0,3,1,0.0004292948482264167,0.6,/work3/arnaou/checkpoints/groupgat_Tc_trial_864_best_state.pt,"{'learning_rate': 0.0004292948482264167, 'lr_reduce': 0.6}",TPESampler,COMPLETE
865,0.01644166186451912,2025-04-25 23:27:29.731839,2025-04-25 23:29:54.243451,0 days 00:02:24.511612,0.02325162576459929,208,3,4,64,0.07348139331022206,224,2,2,96,0.28802997289018123,128,3,2,128,0.19097153872512418,88,152.0,,2,2,0.0002765381865642885,0.6,/work3/arnaou/checkpoints/groupgat_Tc_trial_865_best_state.pt,"{'learning_rate': 0.0002765381865642885, 'lr_reduce': 0.6}",TPESampler,COMPLETE
866,0.019211307168006897,2025-04-25 23:28:03.281951,2025-04-25 23:30:01.400125,0 days 00:01:58.118174,0.0068227243961409825,192,4,3,32,0.17739464957344953,112,4,3,32,0.20076068224294225,128,4,3,128,0.22242091099004463,376,224.0,,2,2,0.00136237898106443,0.6,/work3/arnaou/checkpoints/groupgat_Tc_trial_866_best_state.pt,"{'learning_rate': 0.00136237898106443, 'lr_reduce': 0.6}",TPESampler,COMPLETE
867,0.014380753971636295,2025-04-25 23:29:54.017627,2025-04-25 23:32:06.139498,0 days 00:02:12.121871,0.015252712217698767,224,3,4,32,0.10280226585182348,176,3,2,96,0.26122195802866904,128,3,1,128,0.09989534534084099,288,96.0,344.0,3,2,0.00129061969136125,0.6,/work3/arnaou/checkpoints/groupgat_Tc_trial_867_best_state.pt,"{'learning_rate': 0.00129061969136125, 'lr_reduce': 0.6}",TPESampler,COMPLETE
868,0.017183572053909302,2025-04-25 23:29:54.506483,2025-04-25 23:31:29.194972,0 days 00:01:34.688489,0.044620014182957246,256,3,4,48,0.29779868124305714,192,1,4,96,0.12914780909587711,48,2,1,128,0.18748395490103065,104,32.0,,2,2,0.0014853401973866846,0.6,/work3/arnaou/checkpoints/groupgat_Tc_trial_868_best_state.pt,"{'learning_rate': 0.0014853401973866846, 'lr_reduce': 0.6}",TPESampler,COMPLETE
869,0.015951788052916527,2025-04-25 23:30:01.652862,2025-04-25 23:31:31.856824,0 days 00:01:30.203962,0.022497627365853284,224,4,3,32,0.0730348010918983,128,3,4,32,0.21776794486935128,96,4,2,128,0.28050741151252134,408,128.0,208.0,3,2,0.0014161686687011639,0.6,/work3/arnaou/checkpoints/groupgat_Tc_trial_869_best_state.pt,"{'learning_rate': 0.0014161686687011639, 'lr_reduce': 0.6}",TPESampler,COMPLETE
870,0.01447355467826128,2025-04-25 23:31:29.440168,2025-04-25 23:33:58.100045,0 days 00:02:28.659877,0.022437267916811603,176,2,4,64,0.024243966168413466,112,2,3,128,0.2338919419846379,128,4,2,128,0.2433296400178627,144,80.0,280.0,3,2,0.0008941787741530002,0.6,/work3/arnaou/checkpoints/groupgat_Tc_trial_870_best_state.pt,"{'learning_rate': 0.0008941787741530002, 'lr_reduce': 0.6}",TPESampler,COMPLETE
871,0.0188205074518919,2025-04-25 23:31:32.240054,2025-04-25 23:33:36.038633,0 days 00:02:03.798579,0.019097426233082318,224,4,4,48,0.10181519981799117,144,1,3,112,0.27872554773673924,112,2,1,128,0.13748453359360763,168,184.0,120.0,3,2,0.00022443280521032132,0.6,/work3/arnaou/checkpoints/groupgat_Tc_trial_871_best_state.pt,"{'learning_rate': 0.00022443280521032132, 'lr_reduce': 0.6}",TPESampler,COMPLETE
872,0.04771334305405617,2025-04-25 23:32:06.362175,2025-04-25 23:33:59.346771,0 days 00:01:52.984596,0.11318643627809905,256,4,2,48,0.08997505186258749,224,1,3,128,0.25116564665231356,128,2,2,96,0.2769800879756626,32,,,1,2,0.00011173442602225384,0.6,/work3/arnaou/checkpoints/groupgat_Tc_trial_872_best_state.pt,"{'learning_rate': 0.00011173442602225384, 'lr_reduce': 0.6}",TPESampler,COMPLETE
873,0.018146643415093422,2025-04-25 23:33:36.276631,2025-04-25 23:35:02.088112,0 days 00:01:25.811481,0.05534222728150875,192,4,4,64,0.28611529336305674,256,2,2,128,0.17582768631205753,80,2,1,112,0.11347575458077577,80,136.0,,2,1,0.0032026315835118335,0.6,/work3/arnaou/checkpoints/groupgat_Tc_trial_873_best_state.pt,"{'learning_rate': 0.0032026315835118335, 'lr_reduce': 0.6}",TPESampler,COMPLETE
874,0.020003678277134895,2025-04-25 23:33:58.482372,2025-04-25 23:35:47.835604,0 days 00:01:49.353232,0.048932163078518866,128,3,1,48,0.08702156749779713,224,2,3,64,0.24355423565092998,48,4,1,128,0.006115623256633791,272,88.0,32.0,3,1,0.00044037926486877315,0.6,/work3/arnaou/checkpoints/groupgat_Tc_trial_874_best_state.pt,"{'learning_rate': 0.00044037926486877315, 'lr_reduce': 0.6}",TPESampler,COMPLETE
875,0.028899656608700752,2025-04-25 23:33:59.639464,2025-04-25 23:36:20.702943,0 days 00:02:21.063479,0.027652984811600726,144,2,4,48,0.12283369023207552,192,3,3,80,0.21370098810395116,64,4,2,128,0.2829048256471629,184,144.0,240.0,3,1,0.00028726885063632166,0.6,/work3/arnaou/checkpoints/groupgat_Tc_trial_875_best_state.pt,"{'learning_rate': 0.00028726885063632166, 'lr_reduce': 0.6}",TPESampler,COMPLETE
876,0.02390041947364807,2025-04-25 23:35:02.340077,2025-04-25 23:36:55.705374,0 days 00:01:53.365297,0.028272345169171972,112,4,2,64,0.004347710259276223,128,4,4,128,0.007361554152451877,96,3,1,32,0.0884204999870779,104,72.0,,2,1,0.004659542826069632,0.6,/work3/arnaou/checkpoints/groupgat_Tc_trial_876_best_state.pt,"{'learning_rate': 0.004659542826069632, 'lr_reduce': 0.6}",TPESampler,COMPLETE
877,0.01425522193312645,2025-04-25 23:35:48.160792,2025-04-25 23:38:01.912455,0 days 00:02:13.751663,0.005613632064735456,224,4,4,48,0.09812525475851339,256,3,2,96,0.29443658189425675,64,3,2,112,0.21826975443613011,72,128.0,72.0,3,2,0.0006681513492682357,0.6,/work3/arnaou/checkpoints/groupgat_Tc_trial_877_best_state.pt,"{'learning_rate': 0.0006681513492682357, 'lr_reduce': 0.6}",TPESampler,COMPLETE
878,0.02112770266830921,2025-04-25 23:36:21.068674,2025-04-25 23:38:08.842229,0 days 00:01:47.773555,0.08968649746171309,256,3,3,32,0.29914761498874387,224,1,2,128,0.08666836546305824,128,2,1,128,0.0707155064082056,128,96.0,312.0,3,2,0.0008031475637238637,0.6,/work3/arnaou/checkpoints/groupgat_Tc_trial_878_best_state.pt,"{'learning_rate': 0.0008031475637238637, 'lr_reduce': 0.6}",TPESampler,COMPLETE
879,0.016815848648548126,2025-04-25 23:36:55.998687,2025-04-25 23:39:35.031728,0 days 00:02:39.033041,7.069506588492074e-05,256,3,3,48,0.259344063248688,160,2,4,64,0.1987141164544585,112,4,2,96,0.1364925500997539,88,192.0,184.0,3,2,0.0003909077272110269,0.6,/work3/arnaou/checkpoints/groupgat_Tc_trial_879_best_state.pt,"{'learning_rate': 0.0003909077272110269, 'lr_reduce': 0.6}",TPESampler,COMPLETE
880,0.02452610619366169,2025-04-25 23:38:02.234681,2025-04-25 23:39:55.088568,0 days 00:01:52.853887,0.04433663495154058,224,4,4,80,0.27933018385981423,144,2,2,112,0.10114042561232742,112,2,2,128,0.12730489289385644,48,,,1,1,0.000163235675288139,0.6,/work3/arnaou/checkpoints/groupgat_Tc_trial_880_best_state.pt,"{'learning_rate': 0.000163235675288139, 'lr_reduce': 0.6}",TPESampler,COMPLETE
881,0.018450772389769554,2025-04-25 23:38:09.138526,2025-04-25 23:40:51.843199,0 days 00:02:42.704673,0.003984384770041888,224,3,4,64,0.08948218194159904,96,4,4,112,0.18986871107212255,128,4,1,112,0.21065988219607223,72,32.0,80.0,3,2,0.0009698738798486034,0.6,/work3/arnaou/checkpoints/groupgat_Tc_trial_881_best_state.pt,"{'learning_rate': 0.0009698738798486034, 'lr_reduce': 0.6}",TPESampler,COMPLETE
882,0.022811803966760635,2025-04-25 23:39:35.254229,2025-04-25 23:41:07.921320,0 days 00:01:32.667091,0.08394530450904174,176,4,4,32,0.24586900188952224,96,2,4,32,0.21826665848042928,80,4,1,112,0.28834645567457556,144,104.0,248.0,3,2,0.003156970987748797,0.6,/work3/arnaou/checkpoints/groupgat_Tc_trial_882_best_state.pt,"{'learning_rate': 0.003156970987748797, 'lr_reduce': 0.6}",TPESampler,COMPLETE
883,0.018312793225049973,2025-04-25 23:39:55.300695,2025-04-25 23:41:45.529254,0 days 00:01:50.228559,0.08771706967914014,144,4,1,48,0.043804362174702786,224,1,4,48,0.28536960405800893,64,4,1,80,0.1664483211094927,232,160.0,32.0,3,1,0.00043091375254701765,0.6,/work3/arnaou/checkpoints/groupgat_Tc_trial_883_best_state.pt,"{'learning_rate': 0.00043091375254701765, 'lr_reduce': 0.6}",TPESampler,COMPLETE
884,0.016143830493092537,2025-04-25 23:40:52.100499,2025-04-25 23:43:12.038987,0 days 00:02:19.938488,0.001730582337106155,176,3,2,48,0.15030294069352407,128,2,4,128,0.12596463891644577,96,4,1,64,0.2795820919016577,192,64.0,280.0,3,2,0.0007887171136693444,0.6,/work3/arnaou/checkpoints/groupgat_Tc_trial_884_best_state.pt,"{'learning_rate': 0.0007887171136693444, 'lr_reduce': 0.6}",TPESampler,COMPLETE
885,0.015713095664978027,2025-04-25 23:41:08.254413,2025-04-25 23:43:24.368313,0 days 00:02:16.113900,0.011115202465257266,256,4,4,32,0.07380936268297336,224,1,4,112,0.2680266134037543,112,2,1,64,0.2597181930022831,120,120.0,,2,2,0.00016591590767120896,0.6,/work3/arnaou/checkpoints/groupgat_Tc_trial_885_best_state.pt,"{'learning_rate': 0.00016591590767120896, 'lr_reduce': 0.6}",TPESampler,COMPLETE
886,0.01531925518065691,2025-04-25 23:41:45.801263,2025-04-25 23:44:40.329477,0 days 00:02:54.528214,0.0024319579040387325,256,3,1,32,0.2931562326638414,224,3,4,128,0.1640276631174651,96,4,1,48,0.1787140164480233,168,160.0,128.0,3,2,0.0013397894087708022,0.6,/work3/arnaou/checkpoints/groupgat_Tc_trial_886_best_state.pt,"{'learning_rate': 0.0013397894087708022, 'lr_reduce': 0.6}",TPESampler,COMPLETE
887,0.018632672727108,2025-04-25 23:43:12.266513,2025-04-25 23:45:50.640324,0 days 00:02:38.373811,0.04394977075227022,208,2,4,80,0.015137814322226361,192,2,3,112,0.23270773769002456,128,4,1,128,0.15600840504963073,32,72.0,352.0,3,2,0.0033373358957285238,0.6,/work3/arnaou/checkpoints/groupgat_Tc_trial_887_best_state.pt,"{'learning_rate': 0.0033373358957285238, 'lr_reduce': 0.6}",TPESampler,COMPLETE
888,0.01949230767786503,2025-04-25 23:43:24.650796,2025-04-25 23:45:20.238286,0 days 00:01:55.587490,0.025535618749342234,144,4,3,32,0.013036982973699152,144,4,3,128,0.1408237617178104,64,3,1,64,0.12298225550457194,224,240.0,,2,1,0.00333071776965344,0.6,/work3/arnaou/checkpoints/groupgat_Tc_trial_888_best_state.pt,"{'learning_rate': 0.00333071776965344, 'lr_reduce': 0.6}",TPESampler,COMPLETE
889,0.014745572581887245,2025-04-25 23:44:40.674502,2025-04-25 23:46:59.364872,0 days 00:02:18.690370,0.06437543729725426,256,3,4,80,0.18190187473085745,224,2,4,128,0.26938259229468126,128,2,2,112,0.2873226468711716,56,112.0,208.0,3,2,0.00045471289113035795,0.6,/work3/arnaou/checkpoints/groupgat_Tc_trial_889_best_state.pt,"{'learning_rate': 0.00045471289113035795, 'lr_reduce': 0.6}",TPESampler,COMPLETE
890,0.015716802328824997,2025-04-25 23:45:20.509295,2025-04-25 23:47:30.136841,0 days 00:02:09.627546,0.009785556757065692,192,3,4,32,0.18109923643955783,128,3,3,64,0.22339137931184463,80,4,2,96,0.21655891146402353,272,32.0,80.0,3,2,0.000562476803319773,0.6,/work3/arnaou/checkpoints/groupgat_Tc_trial_890_best_state.pt,"{'learning_rate': 0.000562476803319773, 'lr_reduce': 0.6}",TPESampler,COMPLETE
891,0.0185204166918993,2025-04-25 23:45:50.999157,2025-04-25 23:49:00.826755,0 days 00:03:09.827598,0.010187827180292295,256,3,4,64,0.24709007348429293,176,2,1,112,0.18917787802716104,112,2,2,128,0.11288122209558518,80,184.0,,2,2,0.0003935880594293617,0.6,/work3/arnaou/checkpoints/groupgat_Tc_trial_891_best_state.pt,"{'learning_rate': 0.0003935880594293617, 'lr_reduce': 0.6}",TPESampler,COMPLETE
892,0.0237946268171072,2025-04-25 23:46:59.604197,2025-04-25 23:48:57.997655,0 days 00:01:58.393458,0.0327361742701468,176,2,3,32,0.010578341180627122,112,3,2,96,0.279946314697568,128,4,4,112,0.1389173216550937,56,104.0,296.0,3,2,0.0008836214576049151,0.6,/work3/arnaou/checkpoints/groupgat_Tc_trial_892_best_state.pt,"{'learning_rate': 0.0008836214576049151, 'lr_reduce': 0.6}",TPESampler,COMPLETE
893,0.02207363396883011,2025-04-25 23:47:30.343926,2025-04-25 23:51:10.725564,0 days 00:03:40.381638,0.10588457349886712,144,3,4,32,0.01898709329983988,208,4,2,48,0.19510626165197023,96,4,2,112,0.2706386123466051,136,144.0,248.0,3,2,0.00015426406122718523,0.6,/work3/arnaou/checkpoints/groupgat_Tc_trial_893_best_state.pt,"{'learning_rate': 0.00015426406122718523, 'lr_reduce': 0.6}",TPESampler,COMPLETE
894,0.014156162738800049,2025-04-25 23:48:58.271653,2025-04-25 23:52:43.453386,0 days 00:03:45.181733,0.03257236810664274,176,3,4,96,0.09418799525946608,176,2,4,96,0.28543111391607046,96,4,2,128,0.20851500387108743,128,88.0,72.0,3,2,0.000392876341756313,0.6,/work3/arnaou/checkpoints/groupgat_Tc_trial_894_best_state.pt,"{'learning_rate': 0.000392876341756313, 'lr_reduce': 0.6}",TPESampler,COMPLETE
895,0.014403825625777245,2025-04-25 23:49:01.123890,2025-04-25 23:51:17.741928,0 days 00:02:16.618038,0.09406536078935222,256,4,3,64,0.05236061205022169,160,1,4,112,0.23698856895543358,96,2,2,96,0.18774603330558826,56,64.0,160.0,3,2,0.0003258861802092076,0.6,/work3/arnaou/checkpoints/groupgat_Tc_trial_895_best_state.pt,"{'learning_rate': 0.0003258861802092076, 'lr_reduce': 0.6}",TPESampler,COMPLETE
896,0.01725827157497406,2025-04-25 23:51:10.953625,2025-04-25 23:53:40.247468,0 days 00:02:29.293843,0.024749277593580872,240,4,1,48,0.030215254177845305,240,2,3,80,0.2897353821856289,32,3,2,128,0.0014071221508279094,152,144.0,32.0,3,1,0.002159146109645726,0.6,/work3/arnaou/checkpoints/groupgat_Tc_trial_896_best_state.pt,"{'learning_rate': 0.002159146109645726, 'lr_reduce': 0.6}",TPESampler,COMPLETE
897,0.017246538773179054,2025-04-25 23:51:18.088428,2025-04-25 23:53:05.696962,0 days 00:01:47.608534,0.04115821767267237,240,3,3,64,0.02942854507262773,64,3,1,80,0.2863287098516094,96,3,4,112,0.19351575556070816,120,104.0,208.0,3,2,0.0006157602852137746,0.6,/work3/arnaou/checkpoints/groupgat_Tc_trial_897_best_state.pt,"{'learning_rate': 0.0006157602852137746, 'lr_reduce': 0.6}",TPESampler,COMPLETE
898,0.021396949887275696,2025-04-25 23:52:43.831949,2025-04-25 23:54:49.146652,0 days 00:02:05.314703,0.004523484182941633,192,2,4,64,0.08015237308707378,256,4,1,48,0.24512299983600275,80,4,2,128,0.13332040511380955,240,368.0,304.0,3,1,0.0015550167675097814,0.6,/work3/arnaou/checkpoints/groupgat_Tc_trial_898_best_state.pt,"{'learning_rate': 0.0015550167675097814, 'lr_reduce': 0.6}",TPESampler,COMPLETE
899,0.01549121830612421,2025-04-25 23:53:05.979986,2025-04-25 23:55:08.643784,0 days 00:02:02.663798,0.024959166818233132,240,4,4,32,0.18316442498218835,256,2,2,128,0.11034029375529333,128,2,2,112,0.10642170957675394,112,192.0,80.0,3,2,0.00034900058473722216,0.6,/work3/arnaou/checkpoints/groupgat_Tc_trial_899_best_state.pt,"{'learning_rate': 0.00034900058473722216, 'lr_reduce': 0.6}",TPESampler,COMPLETE
