number,value,datetime_start,datetime_complete,duration,params_L1_dropout,params_L1_hidden_dim,params_L1_layers_atom,params_L1_layers_mol,params_L1_out_dim,params_L2_dropout,params_L2_hidden_dim,params_L2_layers_atom,params_L2_layers_mol,params_L2_out_dim,params_L3_dropout,params_L3_hidden_dim,params_L3_layers_atom,params_L3_layers_mol,params_L3_out_dim,params_final_dropout,params_mlp_dim_0,params_mlp_dim_1,params_mlp_dim_2,params_n_mlp_layers,params_num_heads,params_train_learning_rate,params_train_lr_reduce,user_attrs_best_state_dict_path,user_attrs_training_params,system_attrs_auto:sampler,state
1428,0.021564960479736328,2025-04-26 06:12:37.093389,2025-04-26 06:14:00.435063,0 days 00:01:23.341674,0.157227171652097,224,1,4,32,0.2149898730521646,240,1,3,32,0.10282224570043338,32,1,4,32,0.12007312410404063,72,96.0,272.0,3,1,0.003669810701921332,0.6,/work3/arnaou/checkpoints/groupgat_Tc_trial_1428_best_state.pt,"{'learning_rate': 0.003669810701921332, 'lr_reduce': 0.6}",TPESampler,COMPLETE
1429,0.013297177851200104,2025-04-26 06:14:00.658128,2025-04-26 06:16:10.448163,0 days 00:02:09.790035,0.01665167380207411,224,4,3,48,0.06976431538384067,128,2,4,64,0.18083839381763753,80,3,3,128,0.20645384059514846,376,144.0,256.0,3,2,0.0003901236695466308,0.6,/work3/arnaou/checkpoints/groupgat_Tc_trial_1429_best_state.pt,"{'learning_rate': 0.0003901236695466308, 'lr_reduce': 0.6}",TPESampler,COMPLETE
1430,0.01815539412200451,2025-04-26 06:14:34.084096,2025-04-26 06:16:36.693276,0 days 00:02:02.609180,0.024864442127837547,224,2,4,64,0.03624047357430603,224,3,1,32,0.2865733164708209,128,3,3,112,0.2217828305346312,96,104.0,,2,1,0.00029637791067264267,0.6,/work3/arnaou/checkpoints/groupgat_Tc_trial_1430_best_state.pt,"{'learning_rate': 0.00029637791067264267, 'lr_reduce': 0.6}",TPESampler,COMPLETE
1431,0.015463807620108128,2025-04-26 06:14:54.038668,2025-04-26 06:16:49.477502,0 days 00:01:55.438834,0.04105347990586178,128,2,1,32,0.1435027000040718,240,3,4,128,0.2991832988654465,80,4,1,64,0.2568964206967176,152,72.0,208.0,3,2,0.0027198944960247105,0.6,/work3/arnaou/checkpoints/groupgat_Tc_trial_1431_best_state.pt,"{'learning_rate': 0.0027198944960247105, 'lr_reduce': 0.6}",TPESampler,COMPLETE
1432,0.046606313437223434,2025-04-26 06:16:10.775120,2025-04-26 06:18:17.916949,0 days 00:02:07.141829,0.1500624865761357,160,3,1,80,0.020272386856110602,128,4,1,112,0.07381625445156192,48,2,4,64,0.22402527556223506,48,,,1,1,0.00021963251341798902,0.6,/work3/arnaou/checkpoints/groupgat_Tc_trial_1432_best_state.pt,"{'learning_rate': 0.00021963251341798902, 'lr_reduce': 0.6}",TPESampler,COMPLETE
1433,0.10165313631296158,2025-04-26 06:16:36.939316,2025-04-26 06:18:56.355914,0 days 00:02:19.416598,0.23867246475370274,256,2,4,48,0.1943811327617738,192,3,4,64,0.02835597047305473,48,4,3,48,0.26684379709192263,200,136.0,,2,2,0.00013919080749654202,0.6,/work3/arnaou/checkpoints/groupgat_Tc_trial_1433_best_state.pt,"{'learning_rate': 0.00013919080749654202, 'lr_reduce': 0.6}",TPESampler,COMPLETE
1434,0.01556800864636898,2025-04-26 06:16:49.851438,2025-04-26 06:18:58.008504,0 days 00:02:08.157066,0.044206717180816216,160,3,4,80,0.07296617204885936,208,3,3,80,0.2869831644845608,128,4,2,128,0.24614273273764642,288,88.0,272.0,3,2,0.0007990999115841476,0.6,/work3/arnaou/checkpoints/groupgat_Tc_trial_1434_best_state.pt,"{'learning_rate': 0.0007990999115841476, 'lr_reduce': 0.6}",TPESampler,COMPLETE
1435,0.015556021593511105,2025-04-26 06:18:18.208944,2025-04-26 06:21:39.563153,0 days 00:03:21.354209,0.0025882828870508537,224,4,2,64,0.0068159737538054654,128,2,4,64,0.2378692802300151,64,2,1,112,0.22267198338703134,440,72.0,,2,2,0.00023985436849555458,0.6,/work3/arnaou/checkpoints/groupgat_Tc_trial_1435_best_state.pt,"{'learning_rate': 0.00023985436849555458, 'lr_reduce': 0.6}",TPESampler,COMPLETE
1436,0.02394111640751362,2025-04-26 06:18:56.667528,2025-04-26 06:21:42.372089,0 days 00:02:45.704561,0.08347914138285391,256,3,4,32,0.2467927131330647,224,2,4,96,0.09895227668377761,64,4,1,96,0.18776739143291793,296,128.0,,2,2,0.0021993169224037786,0.6,/work3/arnaou/checkpoints/groupgat_Tc_trial_1436_best_state.pt,"{'learning_rate': 0.0021993169224037786, 'lr_reduce': 0.6}",TPESampler,COMPLETE
1437,0.021405741572380066,2025-04-26 06:18:58.327239,2025-04-26 06:20:54.589636,0 days 00:01:56.262397,0.041454573319613004,240,4,3,48,0.147386132323605,144,2,4,96,0.12140417272589828,32,4,2,80,0.21995016150446126,192,32.0,272.0,3,2,0.0008433103925332305,0.6,/work3/arnaou/checkpoints/groupgat_Tc_trial_1437_best_state.pt,"{'learning_rate': 0.0008433103925332305, 'lr_reduce': 0.6}",TPESampler,COMPLETE
1438,0.023179857060313225,2025-04-26 06:20:54.958868,2025-04-26 06:23:11.688915,0 days 00:02:16.730047,0.05016470349443389,256,4,2,48,0.11227398732849356,144,1,4,48,0.17357430265167753,96,4,3,112,0.2156055371765844,312,152.0,256.0,3,2,0.00024064542898247405,0.6,/work3/arnaou/checkpoints/groupgat_Tc_trial_1438_best_state.pt,"{'learning_rate': 0.00024064542898247405, 'lr_reduce': 0.6}",TPESampler,COMPLETE
1439,0.016419099643826485,2025-04-26 06:21:39.919159,2025-04-26 06:23:24.613407,0 days 00:01:44.694248,0.044361886704814224,96,2,4,96,0.015386389468445852,96,1,2,80,0.26996798092280727,128,3,1,128,0.18365613963612437,160,64.0,280.0,3,2,0.0018902154034749446,0.6,/work3/arnaou/checkpoints/groupgat_Tc_trial_1439_best_state.pt,"{'learning_rate': 0.0018902154034749446, 'lr_reduce': 0.6}",TPESampler,COMPLETE
1440,0.02942175790667534,2025-04-26 06:21:42.595972,2025-04-26 06:24:10.445059,0 days 00:02:27.849087,0.09965659821937863,192,4,2,32,0.02940664410675435,128,2,3,48,0.10871479928015879,80,3,3,128,0.26743719778231584,480,120.0,240.0,3,1,0.00035191946551198813,0.6,/work3/arnaou/checkpoints/groupgat_Tc_trial_1440_best_state.pt,"{'learning_rate': 0.00035191946551198813, 'lr_reduce': 0.6}",TPESampler,COMPLETE
1441,0.016139278188347816,2025-04-26 06:23:12.030585,2025-04-26 06:25:22.067403,0 days 00:02:10.036818,0.06744072439193378,240,4,4,64,0.0406325061872082,144,2,4,64,0.1812804223953143,64,3,3,112,0.28633029055098563,504,104.0,280.0,3,2,0.00040358320562695085,0.6,/work3/arnaou/checkpoints/groupgat_Tc_trial_1441_best_state.pt,"{'learning_rate': 0.00040358320562695085, 'lr_reduce': 0.6}",TPESampler,COMPLETE
1442,0.016310416162014008,2025-04-26 06:23:24.995481,2025-04-26 06:25:25.207599,0 days 00:02:00.212118,0.06026165065581886,224,3,3,32,0.08670392754402566,112,2,3,96,0.20439690897544754,80,2,2,128,0.2753485039607929,464,72.0,312.0,3,2,0.0005211283524436615,0.6,/work3/arnaou/checkpoints/groupgat_Tc_trial_1442_best_state.pt,"{'learning_rate': 0.0005211283524436615, 'lr_reduce': 0.6}",TPESampler,COMPLETE
1443,0.018957264721393585,2025-04-26 06:24:10.679211,2025-04-26 06:26:50.174980,0 days 00:02:39.495769,0.029375621438899945,240,3,2,64,0.08340386870830309,192,2,3,80,0.09115410912546885,64,4,3,128,0.23795445514150143,432,168.0,240.0,3,2,0.00036571489429380736,0.6,/work3/arnaou/checkpoints/groupgat_Tc_trial_1443_best_state.pt,"{'learning_rate': 0.00036571489429380736, 'lr_reduce': 0.6}",TPESampler,COMPLETE
1444,0.020304258912801743,2025-04-26 06:25:22.410763,2025-04-26 06:27:40.822410,0 days 00:02:18.411647,0.11531454139697657,224,4,3,80,0.05290458394470028,224,2,4,80,0.23834001428504586,80,3,3,112,0.16425593719272966,408,128.0,248.0,3,2,0.00042362351364941107,0.6,/work3/arnaou/checkpoints/groupgat_Tc_trial_1444_best_state.pt,"{'learning_rate': 0.00042362351364941107, 'lr_reduce': 0.6}",TPESampler,COMPLETE
1445,0.017048045992851257,2025-04-26 06:25:25.633084,2025-04-26 06:27:47.087591,0 days 00:02:21.454507,0.030974077372123557,256,4,3,64,0.14599913903326436,144,3,4,112,0.29643883255924003,96,2,3,64,0.21020033385325027,208,64.0,,2,2,0.000492034316006481,0.6,/work3/arnaou/checkpoints/groupgat_Tc_trial_1445_best_state.pt,"{'learning_rate': 0.000492034316006481, 'lr_reduce': 0.6}",TPESampler,COMPLETE
1446,0.0353386327624321,2025-04-26 06:26:50.477802,2025-04-26 06:28:51.242800,0 days 00:02:00.764998,0.07984034446556679,256,4,3,48,0.16805270333977976,112,3,4,112,0.19617163624759787,48,3,1,80,0.09487624236946236,400,176.0,304.0,3,2,0.00048681969221566856,0.6,/work3/arnaou/checkpoints/groupgat_Tc_trial_1446_best_state.pt,"{'learning_rate': 0.00048681969221566856, 'lr_reduce': 0.6}",TPESampler,COMPLETE
1447,0.019807089120149612,2025-04-26 06:27:41.223440,2025-04-26 06:29:19.655769,0 days 00:01:38.432329,0.036591426661264,224,2,2,48,0.29635949541846773,192,2,3,112,0.2291957868072901,80,4,1,96,0.08560370329761063,360,120.0,224.0,3,2,0.0004749639015022277,0.6,/work3/arnaou/checkpoints/groupgat_Tc_trial_1447_best_state.pt,"{'learning_rate': 0.0004749639015022277, 'lr_reduce': 0.6}",TPESampler,COMPLETE
1448,0.023411480709910393,2025-04-26 06:27:47.645321,2025-04-26 06:29:41.214765,0 days 00:01:53.569444,0.2568211484068699,112,3,4,80,0.11548778990219258,96,2,1,96,0.21616823898574106,112,2,4,96,0.25813212715315437,104,104.0,,2,1,0.0010577262574696376,0.6,/work3/arnaou/checkpoints/groupgat_Tc_trial_1448_best_state.pt,"{'learning_rate': 0.0010577262574696376, 'lr_reduce': 0.6}",TPESampler,COMPLETE
1449,0.01730486750602722,2025-04-26 06:28:51.557751,2025-04-26 06:30:41.791843,0 days 00:01:50.234092,0.014818726221344355,176,4,2,32,0.057240185720336165,144,2,4,80,0.2162291369110694,112,2,3,128,0.09033151660188508,368,32.0,,2,1,0.00046916922885139944,0.6,/work3/arnaou/checkpoints/groupgat_Tc_trial_1449_best_state.pt,"{'learning_rate': 0.00046916922885139944, 'lr_reduce': 0.6}",TPESampler,COMPLETE
1450,0.01715448871254921,2025-04-26 06:29:19.903972,2025-04-26 06:31:53.552599,0 days 00:02:33.648627,0.012156954450005386,208,4,3,48,0.1228112947979323,80,4,4,128,0.16733349866547528,80,4,1,96,0.07788936669828665,96,152.0,280.0,3,1,0.004604689749987627,0.6,/work3/arnaou/checkpoints/groupgat_Tc_trial_1450_best_state.pt,"{'learning_rate': 0.004604689749987627, 'lr_reduce': 0.6}",TPESampler,COMPLETE
1451,0.03316681087017059,2025-04-26 06:29:41.533922,2025-04-26 06:31:33.050809,0 days 00:01:51.516887,0.09164273928146668,80,4,1,128,0.19290391104783977,112,1,4,128,0.13757604581151045,80,3,4,128,0.1602999385815349,152,,,1,2,0.002076709054810151,0.6,/work3/arnaou/checkpoints/groupgat_Tc_trial_1451_best_state.pt,"{'learning_rate': 0.002076709054810151, 'lr_reduce': 0.6}",TPESampler,COMPLETE
1452,0.015401204116642475,2025-04-26 06:30:42.037151,2025-04-26 06:34:00.075448,0 days 00:03:18.038297,0.03503000243018609,256,4,4,64,0.031120912623030215,192,3,3,128,0.21779092369143624,128,2,1,112,0.18887329037346223,104,72.0,240.0,3,2,0.0011928564934756386,0.6,/work3/arnaou/checkpoints/groupgat_Tc_trial_1452_best_state.pt,"{'learning_rate': 0.0011928564934756386, 'lr_reduce': 0.6}",TPESampler,COMPLETE
1453,0.020384658128023148,2025-04-26 06:31:33.340751,2025-04-26 06:33:22.920148,0 days 00:01:49.579397,0.07783519413205767,224,4,4,64,0.10742662565798494,128,1,4,80,0.1386483227642614,96,2,3,96,0.17764665349327105,368,104.0,344.0,3,2,0.0013873929030293565,0.6,/work3/arnaou/checkpoints/groupgat_Tc_trial_1453_best_state.pt,"{'learning_rate': 0.0013873929030293565, 'lr_reduce': 0.6}",TPESampler,COMPLETE
1454,0.03716656565666199,2025-04-26 06:31:53.792689,2025-04-26 06:34:14.176217,0 days 00:02:20.383528,0.0031872071633818107,208,3,3,48,0.12644352570599932,96,3,4,48,0.1491368571666618,64,3,3,128,0.2826095972267751,464,184.0,280.0,3,2,0.0002503890625188123,0.6,/work3/arnaou/checkpoints/groupgat_Tc_trial_1454_best_state.pt,"{'learning_rate': 0.0002503890625188123, 'lr_reduce': 0.6}",TPESampler,COMPLETE
1455,0.017922841012477875,2025-04-26 06:33:23.192506,2025-04-26 06:35:20.523520,0 days 00:01:57.331014,0.025438366079796746,208,3,1,48,0.1493256825366208,96,2,4,32,0.11688991377700211,80,2,3,112,0.19052671821545047,312,144.0,224.0,3,2,0.00043825559090385793,0.6,/work3/arnaou/checkpoints/groupgat_Tc_trial_1455_best_state.pt,"{'learning_rate': 0.00043825559090385793, 'lr_reduce': 0.6}",TPESampler,COMPLETE
1456,0.015676284208893776,2025-04-26 06:34:00.374521,2025-04-26 06:36:03.195883,0 days 00:02:02.821362,0.005248888909715508,224,4,3,32,0.29619967433830235,208,2,4,96,0.18784753582930794,48,3,1,112,0.1776689695265246,320,72.0,,2,1,0.001061280425718856,0.6,/work3/arnaou/checkpoints/groupgat_Tc_trial_1456_best_state.pt,"{'learning_rate': 0.001061280425718856, 'lr_reduce': 0.6}",TPESampler,COMPLETE
1457,0.016576183959841728,2025-04-26 06:34:14.528428,2025-04-26 06:37:04.334408,0 days 00:02:49.805980,0.0047852719112233075,192,4,3,64,0.08385172363500686,144,1,2,64,0.19013839884851277,48,4,2,128,0.19055937955053331,504,472.0,,2,2,0.0009090658366495254,0.6,/work3/arnaou/checkpoints/groupgat_Tc_trial_1457_best_state.pt,"{'learning_rate': 0.0009090658366495254, 'lr_reduce': 0.6}",TPESampler,COMPLETE
1458,0.0253603495657444,2025-04-26 06:35:21.013467,2025-04-26 06:37:35.951000,0 days 00:02:14.937533,0.04198454726114988,208,4,3,48,0.051510844110026065,128,3,4,80,0.1688918952293574,48,3,4,128,0.21398260812846917,296,104.0,,2,2,0.00015551837464565575,0.6,/work3/arnaou/checkpoints/groupgat_Tc_trial_1458_best_state.pt,"{'learning_rate': 0.00015551837464565575, 'lr_reduce': 0.6}",TPESampler,COMPLETE
1459,0.019194304943084717,2025-04-26 06:36:03.432337,2025-04-26 06:38:40.534720,0 days 00:02:37.102383,0.06633037995710636,160,3,4,32,0.29908901681709965,256,1,1,128,0.1723308886319729,96,2,1,128,0.07521155660256314,104,144.0,312.0,3,2,0.0005978117216381657,0.6,/work3/arnaou/checkpoints/groupgat_Tc_trial_1459_best_state.pt,"{'learning_rate': 0.0005978117216381657, 'lr_reduce': 0.6}",TPESampler,COMPLETE
1460,0.015366742387413979,2025-04-26 06:37:04.668252,2025-04-26 06:39:53.527103,0 days 00:02:48.858851,0.02018756967881189,224,4,2,48,0.042183542932380476,80,1,3,64,0.16520116593789702,80,3,3,96,0.1437105101367001,400,64.0,224.0,3,2,0.0006327692540789494,0.6,/work3/arnaou/checkpoints/groupgat_Tc_trial_1460_best_state.pt,"{'learning_rate': 0.0006327692540789494, 'lr_reduce': 0.6}",TPESampler,COMPLETE
1461,0.020217210054397583,2025-04-26 06:37:36.275198,2025-04-26 06:39:06.403668,0 days 00:01:30.128470,0.007332069840859516,256,4,4,64,0.03209327215682199,160,1,3,128,0.24554826798654122,96,1,2,96,0.043382279549271485,144,104.0,,2,2,0.0014654810155845428,0.6,/work3/arnaou/checkpoints/groupgat_Tc_trial_1461_best_state.pt,"{'learning_rate': 0.0014654810155845428, 'lr_reduce': 0.6}",TPESampler,COMPLETE
1462,0.016885852441191673,2025-04-26 06:38:40.875923,2025-04-26 06:40:59.346707,0 days 00:02:18.470784,0.026764171774853202,208,3,4,48,0.05615586354015978,144,1,4,64,0.04003519902140379,48,2,4,128,0.1902917083809875,344,224.0,272.0,3,2,0.00031420641687174137,0.6,/work3/arnaou/checkpoints/groupgat_Tc_trial_1462_best_state.pt,"{'learning_rate': 0.00031420641687174137, 'lr_reduce': 0.6}",TPESampler,COMPLETE
1463,0.016529830172657967,2025-04-26 06:39:06.629054,2025-04-26 06:40:56.759494,0 days 00:01:50.130440,0.022039123514096058,144,4,4,48,0.007854760557449807,240,1,3,112,0.2514891261325558,80,3,2,112,0.2628230913067072,112,152.0,224.0,3,2,0.000708126888202585,0.6,/work3/arnaou/checkpoints/groupgat_Tc_trial_1463_best_state.pt,"{'learning_rate': 0.000708126888202585, 'lr_reduce': 0.6}",TPESampler,COMPLETE
1464,0.024963537231087685,2025-04-26 06:39:53.812097,2025-04-26 06:43:18.026018,0 days 00:03:24.213921,0.026052708334312693,208,4,4,64,0.016567254910093365,208,1,4,128,0.28760060889654887,112,1,2,128,0.15449838083315412,64,104.0,328.0,3,2,0.0036337995951461113,0.6,/work3/arnaou/checkpoints/groupgat_Tc_trial_1464_best_state.pt,"{'learning_rate': 0.0036337995951461113, 'lr_reduce': 0.6}",TPESampler,COMPLETE
1465,0.029197290539741516,2025-04-26 06:40:57.050011,2025-04-26 06:43:03.670477,0 days 00:02:06.620466,0.09375316564511009,176,4,2,48,0.11673778341981711,160,2,4,48,0.19884874537105135,96,2,4,112,0.22533249211096534,304,184.0,272.0,3,2,0.00023782034935707408,0.6,/work3/arnaou/checkpoints/groupgat_Tc_trial_1465_best_state.pt,"{'learning_rate': 0.00023782034935707408, 'lr_reduce': 0.6}",TPESampler,COMPLETE
1466,0.018708525225520134,2025-04-26 06:40:59.577661,2025-04-26 06:43:03.712827,0 days 00:02:04.135166,0.07481146696935927,224,3,3,32,0.06215207047115259,128,2,3,48,0.15653445719042608,80,3,4,128,0.15435833107007266,336,64.0,208.0,3,2,0.00023976449050500681,0.6,/work3/arnaou/checkpoints/groupgat_Tc_trial_1466_best_state.pt,"{'learning_rate': 0.00023976449050500681, 'lr_reduce': 0.6}",TPESampler,COMPLETE
1467,0.017577309161424637,2025-04-26 06:43:03.875790,2025-04-26 06:44:27.670795,0 days 00:01:23.795005,0.035460389172673565,224,3,3,64,0.29057498427608097,208,1,4,96,0.15198428240098755,96,4,1,32,0.19410870578745168,40,32.0,264.0,3,2,0.0009490822843278556,0.6,/work3/arnaou/checkpoints/groupgat_Tc_trial_1467_best_state.pt,"{'learning_rate': 0.0009490822843278556, 'lr_reduce': 0.6}",TPESampler,COMPLETE
1468,0.015901541337370872,2025-04-26 06:43:03.928266,2025-04-26 06:44:53.292359,0 days 00:01:49.364093,0.007390433157432014,112,3,4,96,0.0834260626037032,128,1,3,112,0.18683202274461153,128,4,2,112,0.21988825233192907,80,32.0,304.0,3,2,0.0011954640679495223,0.6,/work3/arnaou/checkpoints/groupgat_Tc_trial_1468_best_state.pt,"{'learning_rate': 0.0011954640679495223, 'lr_reduce': 0.6}",TPESampler,COMPLETE
1469,0.01881375163793564,2025-04-26 06:43:18.256124,2025-04-26 06:45:24.224657,0 days 00:02:05.968533,0.06171622347702189,160,4,3,48,0.2662474498076604,192,2,4,128,0.17107951336664368,128,4,1,48,0.18685682914996538,64,136.0,224.0,3,2,0.0005323667143952945,0.6,/work3/arnaou/checkpoints/groupgat_Tc_trial_1469_best_state.pt,"{'learning_rate': 0.0005323667143952945, 'lr_reduce': 0.6}",TPESampler,COMPLETE
1470,0.015950288623571396,2025-04-26 06:44:27.946127,2025-04-26 06:45:54.535300,0 days 00:01:26.589173,0.07339870727738744,160,3,3,112,0.046178770736525585,112,1,4,64,0.210371218328526,128,4,1,128,0.08276775268504777,184,440.0,256.0,3,2,0.0019231791440253649,0.6,/work3/arnaou/checkpoints/groupgat_Tc_trial_1470_best_state.pt,"{'learning_rate': 0.0019231791440253649, 'lr_reduce': 0.6}",TPESampler,COMPLETE
1471,0.01517842523753643,2025-04-26 06:44:53.517833,2025-04-26 06:46:54.389954,0 days 00:02:00.872121,0.053877369220961494,224,4,4,48,0.08325228642557386,144,1,4,64,0.2552541466540928,64,3,3,128,0.1748195835880988,400,112.0,360.0,3,2,0.0004541193125565297,0.6,/work3/arnaou/checkpoints/groupgat_Tc_trial_1471_best_state.pt,"{'learning_rate': 0.0004541193125565297, 'lr_reduce': 0.6}",TPESampler,COMPLETE
1472,0.015137869864702225,2025-04-26 06:45:24.505910,2025-04-26 06:47:33.463348,0 days 00:02:08.957438,0.030461658450061345,256,4,4,48,0.1271146889034403,240,1,2,112,0.28902054176222824,96,2,2,64,0.27066906401595825,376,88.0,208.0,3,2,0.00021470936581798291,0.6,/work3/arnaou/checkpoints/groupgat_Tc_trial_1472_best_state.pt,"{'learning_rate': 0.00021470936581798291, 'lr_reduce': 0.6}",TPESampler,COMPLETE
1473,0.09595039486885071,2025-04-26 06:45:54.876934,2025-04-26 06:46:59.606528,0 days 00:01:04.729594,0.02423347310785714,144,3,3,64,0.2447859795575282,256,1,2,128,0.20393039097944746,80,2,1,128,0.06133616822444203,56,,,1,2,0.000992526748273379,0.6,/work3/arnaou/checkpoints/groupgat_Tc_trial_1473_best_state.pt,"{'learning_rate': 0.000992526748273379, 'lr_reduce': 0.6}",TPESampler,COMPLETE
1474,0.020206982269883156,2025-04-26 06:46:54.652675,2025-04-26 06:49:06.215001,0 days 00:02:11.562326,0.07080988503355928,176,2,2,80,0.01127601406120228,128,4,2,96,0.2821156461103677,128,4,3,128,0.206914440520907,184,168.0,,2,2,0.00028176209952010366,0.6,/work3/arnaou/checkpoints/groupgat_Tc_trial_1474_best_state.pt,"{'learning_rate': 0.00028176209952010366, 'lr_reduce': 0.6}",TPESampler,COMPLETE
1475,0.019351940602064133,2025-04-26 06:46:59.882278,2025-04-26 06:49:00.900002,0 days 00:02:01.017724,0.018929745672604234,208,4,3,32,0.05588697501240677,128,2,4,80,0.11946281036682524,32,3,1,128,0.1408051935269613,360,128.0,296.0,3,2,0.00037774365823888966,0.6,/work3/arnaou/checkpoints/groupgat_Tc_trial_1475_best_state.pt,"{'learning_rate': 0.00037774365823888966, 'lr_reduce': 0.6}",TPESampler,COMPLETE
1476,0.0216250941157341,2025-04-26 06:47:33.693716,2025-04-26 06:50:03.915812,0 days 00:02:30.222096,0.01394883352558805,256,2,2,32,0.017261525464593565,128,3,2,48,0.2692998741928126,96,4,2,128,0.2841271641075954,48,72.0,376.0,3,1,0.002503404015485405,0.6,/work3/arnaou/checkpoints/groupgat_Tc_trial_1476_best_state.pt,"{'learning_rate': 0.002503404015485405, 'lr_reduce': 0.6}",TPESampler,COMPLETE
1477,0.019435860216617584,2025-04-26 06:49:01.142849,2025-04-26 06:50:56.873790,0 days 00:01:55.730941,0.02725291294209553,224,3,4,32,0.11818649797685689,176,2,4,48,0.27002688998525354,80,3,2,112,0.28987623392189643,280,136.0,,2,2,0.0005335891950108398,0.6,/work3/arnaou/checkpoints/groupgat_Tc_trial_1477_best_state.pt,"{'learning_rate': 0.0005335891950108398, 'lr_reduce': 0.6}",TPESampler,COMPLETE
1478,0.019557908177375793,2025-04-26 06:49:06.489654,2025-04-26 06:50:53.405024,0 days 00:01:46.915370,0.004771307249896561,240,2,3,32,0.2283155593869652,144,2,3,112,0.10847561710093677,32,4,1,80,0.11107727033256433,200,184.0,256.0,3,2,0.0006704746790315876,0.6,/work3/arnaou/checkpoints/groupgat_Tc_trial_1478_best_state.pt,"{'learning_rate': 0.0006704746790315876, 'lr_reduce': 0.6}",TPESampler,COMPLETE
1479,0.04160412400960922,2025-04-26 06:50:04.155199,2025-04-26 06:52:06.293930,0 days 00:02:02.138731,0.07044986495397518,256,3,3,80,0.25368145853253227,240,1,4,112,0.12941187363398263,80,4,3,96,0.14365225247782043,248,104.0,312.0,3,1,0.00011761428780374835,0.6,/work3/arnaou/checkpoints/groupgat_Tc_trial_1479_best_state.pt,"{'learning_rate': 0.00011761428780374835, 'lr_reduce': 0.6}",TPESampler,COMPLETE
1480,0.019657626748085022,2025-04-26 06:50:53.773025,2025-04-26 06:53:16.397734,0 days 00:02:22.624709,0.007717803509890314,160,2,1,48,0.05935017005656082,224,3,4,128,0.22926942178418308,128,4,1,128,0.14098715738692053,32,264.0,208.0,3,2,0.0037061728033744557,0.6,/work3/arnaou/checkpoints/groupgat_Tc_trial_1480_best_state.pt,"{'learning_rate': 0.0037061728033744557, 'lr_reduce': 0.6}",TPESampler,COMPLETE
