number,value,datetime_start,datetime_complete,duration,params_L1_dropout,params_L1_hidden_dim,params_L1_layers_atom,params_L1_layers_mol,params_L1_out_dim,params_L2_dropout,params_L2_hidden_dim,params_L2_layers_atom,params_L2_layers_mol,params_L2_out_dim,params_L3_dropout,params_L3_hidden_dim,params_L3_layers_atom,params_L3_layers_mol,params_L3_out_dim,params_final_dropout,params_mlp_dim_0,params_mlp_dim_1,params_mlp_dim_2,params_n_mlp_layers,params_num_heads,params_train_learning_rate,params_train_lr_reduce,user_attrs_best_state_dict_path,user_attrs_training_params,system_attrs_auto:sampler,state
267,0.016833292320370674,2025-04-24 23:26:51.862530,2025-04-24 23:30:54.703713,0 days 00:04:02.841183,0.06108455440170399,192,1,2,64,0.05573950277658814,160,2,1,96,0.10280678434138692,96,1,1,80,0.04698464073173533,136,,,1,2,0.005013083506275686,0.6,/work3/arnaou/checkpoints/groupgat_Vc_trial_267_best_state.pt,"{'learning_rate': 0.005013083506275686, 'lr_reduce': 0.6}",TPESampler,COMPLETE
268,0.013890842907130718,2025-04-24 23:28:49.386345,2025-04-24 23:32:10.111100,0 days 00:03:20.724755,0.08934605952048971,224,4,3,80,0.16248247604437585,112,4,4,48,0.1471420175345325,48,1,2,112,0.13889033511438648,112,120.0,,2,2,0.008420110907329368,0.6,/work3/arnaou/checkpoints/groupgat_Vc_trial_268_best_state.pt,"{'learning_rate': 0.008420110907329368, 'lr_reduce': 0.6}",TPESampler,COMPLETE
269,0.012171912007033825,2025-04-24 23:29:28.764204,2025-04-24 23:31:59.367498,0 days 00:02:30.603294,0.03843977174281185,96,3,2,80,0.10542812303314725,80,4,2,96,0.21096924697309824,48,2,1,64,0.20576131699577083,80,,,1,2,0.00687437233884101,0.6,/work3/arnaou/checkpoints/groupgat_Vc_trial_269_best_state.pt,"{'learning_rate': 0.00687437233884101, 'lr_reduce': 0.6}",TPESampler,COMPLETE
270,0.012760135345160961,2025-04-24 23:30:54.968190,2025-04-24 23:32:18.510237,0 days 00:01:23.542047,0.2083734649931132,256,2,2,48,0.09243399776219713,112,2,2,96,0.28673323465070366,80,4,2,80,0.12327687028311743,408,272.0,344.0,3,1,0.005349517440245258,0.6,/work3/arnaou/checkpoints/groupgat_Vc_trial_270_best_state.pt,"{'learning_rate': 0.005349517440245258, 'lr_reduce': 0.6}",TPESampler,COMPLETE
271,0.02608601748943329,2025-04-24 23:31:59.572487,2025-04-24 23:32:51.518342,0 days 00:00:51.945855,0.05921189359048992,256,3,2,96,0.1173356678042944,80,4,2,32,0.26272479611423116,48,1,2,128,0.1660946552995437,184,280.0,,2,2,0.0019758184583845316,0.6,/work3/arnaou/checkpoints/groupgat_Vc_trial_271_best_state.pt,"{'learning_rate': 0.0019758184583845316, 'lr_reduce': 0.6}",TPESampler,COMPLETE
272,0.012453095987439156,2025-04-24 23:32:10.350503,2025-04-24 23:33:41.497123,0 days 00:01:31.146620,0.14085116759996044,240,1,1,32,0.05906750341894391,128,2,2,48,0.23667223458833028,64,4,4,80,0.1887933010976643,160,248.0,,2,2,0.005641927848900593,0.6,/work3/arnaou/checkpoints/groupgat_Vc_trial_272_best_state.pt,"{'learning_rate': 0.005641927848900593, 'lr_reduce': 0.6}",TPESampler,COMPLETE
273,0.01651436649262905,2025-04-24 23:32:18.748650,2025-04-24 23:33:12.934108,0 days 00:00:54.185458,0.006478540424781401,256,1,1,48,0.09680953512431859,112,2,1,32,0.16837317816039213,48,1,3,112,0.13450363172058122,80,480.0,,2,2,0.002271052913030163,0.6,/work3/arnaou/checkpoints/groupgat_Vc_trial_273_best_state.pt,"{'learning_rate': 0.002271052913030163, 'lr_reduce': 0.6}",TPESampler,COMPLETE
274,0.009378871880471706,2025-04-24 23:32:51.724501,2025-04-24 23:34:13.778935,0 days 00:01:22.054434,0.021584271791923768,160,4,2,112,0.014263325344637489,144,4,1,32,0.2825155057255353,48,1,2,128,0.05208156931176979,144,480.0,304.0,3,2,0.0032709204386581993,0.6,/work3/arnaou/checkpoints/groupgat_Vc_trial_274_best_state.pt,"{'learning_rate': 0.0032709204386581993, 'lr_reduce': 0.6}",TPESampler,COMPLETE
275,0.011364240199327469,2025-04-24 23:33:13.083986,2025-04-24 23:34:31.532699,0 days 00:01:18.448713,0.14121822164017664,208,1,1,48,0.002588113830082152,160,1,2,80,0.2821812379228418,80,4,1,96,0.17671101796701155,312,40.0,128.0,3,2,0.0049227227320491765,0.6,/work3/arnaou/checkpoints/groupgat_Vc_trial_275_best_state.pt,"{'learning_rate': 0.0049227227320491765, 'lr_reduce': 0.6}",TPESampler,COMPLETE
276,0.017071368172764778,2025-04-24 23:33:41.691398,2025-04-24 23:34:47.868317,0 days 00:01:06.176919,0.12005449289761082,128,4,3,80,0.029655564977207765,224,4,1,32,0.22267214309348538,32,2,1,112,0.05401324815978168,152,472.0,312.0,3,2,0.002073125859952277,0.6,/work3/arnaou/checkpoints/groupgat_Vc_trial_276_best_state.pt,"{'learning_rate': 0.002073125859952277, 'lr_reduce': 0.6}",TPESampler,COMPLETE
277,0.02539690211415291,2025-04-24 23:34:14.157870,2025-04-24 23:35:15.101273,0 days 00:01:00.943403,0.018214860958671985,176,3,1,96,0.05771242457424082,176,4,1,32,0.26690700078046947,32,1,3,96,0.10639367589141414,304,480.0,328.0,3,2,0.0014108632105714032,0.6,/work3/arnaou/checkpoints/groupgat_Vc_trial_277_best_state.pt,"{'learning_rate': 0.0014108632105714032, 'lr_reduce': 0.6}",TPESampler,COMPLETE
278,0.012173141352832317,2025-04-24 23:34:31.976033,2025-04-24 23:35:35.858739,0 days 00:01:03.882706,0.11845460218337531,128,3,4,80,0.16276040190981697,144,4,1,32,0.20414078937308577,64,2,1,112,0.17298365276164612,136,480.0,,2,2,0.0022808679920804055,0.6,/work3/arnaou/checkpoints/groupgat_Vc_trial_278_best_state.pt,"{'learning_rate': 0.0022808679920804055, 'lr_reduce': 0.6}",TPESampler,COMPLETE
279,0.012702608481049538,2025-04-24 23:34:48.044940,2025-04-24 23:36:20.213241,0 days 00:01:32.168301,0.030883199640406755,128,3,1,96,0.04185934900862881,112,4,1,32,0.2677950016276322,48,1,2,128,0.13099486564398696,104,480.0,296.0,3,1,0.004075604768060646,0.6,/work3/arnaou/checkpoints/groupgat_Vc_trial_279_best_state.pt,"{'learning_rate': 0.004075604768060646, 'lr_reduce': 0.6}",TPESampler,COMPLETE
280,0.00998624600470066,2025-04-24 23:35:15.265801,2025-04-24 23:36:46.416255,0 days 00:01:31.150454,0.09830034589655048,128,3,2,128,0.022304476057157067,144,4,1,48,0.2340391534388887,48,2,2,128,0.03558731973311931,224,472.0,272.0,3,2,0.002995381794253016,0.6,/work3/arnaou/checkpoints/groupgat_Vc_trial_280_best_state.pt,"{'learning_rate': 0.002995381794253016, 'lr_reduce': 0.6}",TPESampler,COMPLETE
281,0.01564367115497589,2025-04-24 23:35:36.119979,2025-04-24 23:36:26.760507,0 days 00:00:50.640528,0.03599841255526852,160,4,2,96,0.027758898112513773,160,4,1,48,0.18909835638605949,32,1,1,128,0.0994370141882,56,472.0,360.0,3,2,0.0023951975671064707,0.6,/work3/arnaou/checkpoints/groupgat_Vc_trial_281_best_state.pt,"{'learning_rate': 0.0023951975671064707, 'lr_reduce': 0.6}",TPESampler,COMPLETE
282,0.01035342551767826,2025-04-24 23:36:20.419882,2025-04-24 23:37:24.640665,0 days 00:01:04.220783,0.10648333854937495,240,1,2,64,0.04044996715296826,64,1,2,96,0.2752786529735029,96,3,3,80,0.08963536831337071,376,512.0,272.0,3,1,0.0031988265280533633,0.6,/work3/arnaou/checkpoints/groupgat_Vc_trial_282_best_state.pt,"{'learning_rate': 0.0031988265280533633, 'lr_reduce': 0.6}",TPESampler,COMPLETE
283,0.01751643978059292,2025-04-24 23:36:27.534064,2025-04-24 23:38:15.539719,0 days 00:01:48.005655,0.06362386742393725,240,4,1,112,0.2417939330709621,144,4,2,48,0.2385038067675184,80,1,2,80,0.21643974646679526,120,456.0,,2,1,0.007055696713435396,0.6,/work3/arnaou/checkpoints/groupgat_Vc_trial_283_best_state.pt,"{'learning_rate': 0.007055696713435396, 'lr_reduce': 0.6}",TPESampler,COMPLETE
284,0.019603807479143143,2025-04-24 23:36:46.636926,2025-04-24 23:39:54.480991,0 days 00:03:07.844065,0.0951452308167479,64,3,2,128,0.011444630847887738,176,4,1,48,0.2152723154322494,32,3,2,128,0.005190211085160056,248,472.0,,2,2,0.006532761674527931,0.6,/work3/arnaou/checkpoints/groupgat_Vc_trial_284_best_state.pt,"{'learning_rate': 0.006532761674527931, 'lr_reduce': 0.6}",TPESampler,COMPLETE
285,0.04907607287168503,2025-04-24 23:37:24.894859,2025-04-24 23:38:45.212963,0 days 00:01:20.318104,0.0517228869087685,208,3,3,48,0.13900193505032132,64,4,1,32,0.2830322517460827,32,2,2,80,0.19562207642531948,304,512.0,304.0,3,2,0.0016660880669203183,0.6,/work3/arnaou/checkpoints/groupgat_Vc_trial_285_best_state.pt,"{'learning_rate': 0.0016660880669203183, 'lr_reduce': 0.6}",TPESampler,COMPLETE
286,0.024874109774827957,2025-04-24 23:38:15.688502,2025-04-24 23:39:07.565135,0 days 00:00:51.876633,0.040046357379363594,112,3,3,64,0.16767967650982002,80,4,1,96,0.26356778080070165,32,1,3,48,0.060479391594199794,48,,,1,2,0.002103060766863681,0.6,/work3/arnaou/checkpoints/groupgat_Vc_trial_286_best_state.pt,"{'learning_rate': 0.002103060766863681, 'lr_reduce': 0.6}",TPESampler,COMPLETE
287,0.0378432497382164,2025-04-24 23:38:45.363876,2025-04-24 23:39:43.942701,0 days 00:00:58.578825,0.09085798260984435,176,3,3,128,0.026340675268520155,112,3,2,48,0.20589530604586365,32,2,2,112,0.055094106699524636,304,512.0,296.0,3,2,0.0024682259431622507,0.6,/work3/arnaou/checkpoints/groupgat_Vc_trial_287_best_state.pt,"{'learning_rate': 0.0024682259431622507, 'lr_reduce': 0.6}",TPESampler,COMPLETE
288,0.014939450658857822,2025-04-24 23:39:07.765838,2025-04-24 23:40:44.365176,0 days 00:01:36.599338,0.07510442026678109,256,1,3,48,0.07136647508236035,80,2,3,96,0.28281665058570615,112,3,3,80,0.04796554104936057,152,512.0,304.0,3,1,0.007160733286066656,0.6,/work3/arnaou/checkpoints/groupgat_Vc_trial_288_best_state.pt,"{'learning_rate': 0.007160733286066656, 'lr_reduce': 0.6}",TPESampler,COMPLETE
289,0.011758162640035152,2025-04-24 23:39:44.097375,2025-04-24 23:40:45.937700,0 days 00:01:01.840325,0.013838516691365169,224,1,1,80,0.09615096284652835,64,1,1,80,0.2580767673149122,96,2,3,80,0.03562818902756091,200,464.0,280.0,3,2,0.0028127150454333207,0.6,/work3/arnaou/checkpoints/groupgat_Vc_trial_289_best_state.pt,"{'learning_rate': 0.0028127150454333207, 'lr_reduce': 0.6}",TPESampler,COMPLETE
290,0.013648368418216705,2025-04-24 23:39:54.684097,2025-04-24 23:41:55.678598,0 days 00:02:00.994501,0.06705305604785908,224,2,2,64,0.0509402782569206,96,1,2,96,0.21254924557831054,80,3,3,80,0.14954717425611846,288,472.0,384.0,3,1,0.0007003566259731681,0.6,/work3/arnaou/checkpoints/groupgat_Vc_trial_290_best_state.pt,"{'learning_rate': 0.0007003566259731681, 'lr_reduce': 0.6}",TPESampler,COMPLETE
291,0.015304440632462502,2025-04-24 23:40:44.533325,2025-04-24 23:42:17.508640,0 days 00:01:32.975315,0.00498143884247358,208,3,2,64,0.011000269808777732,112,1,2,112,0.21053826909298407,32,1,2,96,0.003156858273131044,144,464.0,,2,2,0.003546372710130932,0.6,/work3/arnaou/checkpoints/groupgat_Vc_trial_291_best_state.pt,"{'learning_rate': 0.003546372710130932, 'lr_reduce': 0.6}",TPESampler,COMPLETE
292,0.009904207661747932,2025-04-24 23:40:46.155579,2025-04-24 23:42:52.947334,0 days 00:02:06.791755,0.0793131306817148,256,3,2,32,0.22798215558355348,112,3,2,80,0.27727079951882916,96,2,4,80,0.07578919859784997,128,424.0,,2,2,0.0020816292530126904,0.6,/work3/arnaou/checkpoints/groupgat_Vc_trial_292_best_state.pt,"{'learning_rate': 0.0020816292530126904, 'lr_reduce': 0.6}",TPESampler,COMPLETE
293,0.18594145774841309,2025-04-24 23:41:55.837179,2025-04-24 23:42:53.776626,0 days 00:00:57.939447,0.116309422768362,192,1,2,96,0.12101298517645306,80,1,2,128,0.27365947056989454,96,3,3,80,0.01868922410948287,456,480.0,288.0,3,1,0.0010321243605268557,0.6,/work3/arnaou/checkpoints/groupgat_Vc_trial_293_best_state.pt,"{'learning_rate': 0.0010321243605268557, 'lr_reduce': 0.6}",TPESampler,COMPLETE
294,0.01068110577762127,2025-04-24 23:42:17.678394,2025-04-24 23:44:01.282549,0 days 00:01:43.604155,0.04726832756863859,112,2,1,64,0.18274831280423404,80,4,2,80,0.141909675050088,48,1,3,96,0.12301596414838656,168,,,1,2,0.001676573792369125,0.6,/work3/arnaou/checkpoints/groupgat_Vc_trial_294_best_state.pt,"{'learning_rate': 0.001676573792369125, 'lr_reduce': 0.6}",TPESampler,COMPLETE
295,0.009871055372059345,2025-04-24 23:42:53.111014,2025-04-24 23:44:14.664303,0 days 00:01:21.553289,0.07454355730025314,160,3,1,128,0.08830165290760808,112,4,1,32,0.2057110820885818,96,2,3,96,0.007666862234793081,200,400.0,384.0,3,2,0.004906834465762645,0.6,/work3/arnaou/checkpoints/groupgat_Vc_trial_295_best_state.pt,"{'learning_rate': 0.004906834465762645, 'lr_reduce': 0.6}",TPESampler,COMPLETE
296,0.014317439869046211,2025-04-24 23:42:54.036572,2025-04-24 23:44:14.631907,0 days 00:01:20.595335,0.08375977872192841,240,3,1,32,0.24305756400328654,96,3,2,80,0.18229121313464025,112,2,4,64,0.0675956356880615,136,416.0,352.0,3,2,0.0033739749403848486,0.6,/work3/arnaou/checkpoints/groupgat_Vc_trial_296_best_state.pt,"{'learning_rate': 0.0033739749403848486, 'lr_reduce': 0.6}",TPESampler,COMPLETE
297,0.014907114207744598,2025-04-24 23:44:01.434134,2025-04-24 23:47:15.174138,0 days 00:03:13.740004,0.10966659145514632,224,4,2,48,0.12701423317074004,96,3,2,80,0.26606253513550887,64,3,4,96,0.051041341125727877,240,408.0,,2,2,0.0010778573907043293,0.6,/work3/arnaou/checkpoints/groupgat_Vc_trial_297_best_state.pt,"{'learning_rate': 0.0010778573907043293, 'lr_reduce': 0.6}",TPESampler,COMPLETE
298,0.01282373908907175,2025-04-24 23:44:14.726311,2025-04-24 23:46:21.153472,0 days 00:02:06.427161,0.18087355357366428,192,3,1,128,0.133505064724582,64,4,2,48,0.17063391959472926,80,1,2,80,0.026192969387604254,200,384.0,408.0,3,2,0.003999145774926406,0.6,/work3/arnaou/checkpoints/groupgat_Vc_trial_298_best_state.pt,"{'learning_rate': 0.003999145774926406, 'lr_reduce': 0.6}",TPESampler,COMPLETE
299,0.014401829801499844,2025-04-24 23:44:14.770803,2025-04-24 23:47:18.604468,0 days 00:03:03.833665,0.015714275326759352,144,3,1,64,0.22208893248043488,64,4,2,32,0.1998089050425068,80,1,3,96,0.2892686931881499,48,384.0,,2,2,0.0010639314607827125,0.6,/work3/arnaou/checkpoints/groupgat_Vc_trial_299_best_state.pt,"{'learning_rate': 0.0010639314607827125, 'lr_reduce': 0.6}",TPESampler,COMPLETE
300,0.010913578793406487,2025-04-24 23:46:21.305832,2025-04-24 23:47:56.944590,0 days 00:01:35.638758,0.09400510981093282,160,2,1,128,0.07388761884247252,112,3,2,48,0.043363934431484535,96,2,4,112,0.017768170238882372,152,408.0,392.0,3,2,0.006251403929919257,0.6,/work3/arnaou/checkpoints/groupgat_Vc_trial_300_best_state.pt,"{'learning_rate': 0.006251403929919257, 'lr_reduce': 0.6}",TPESampler,COMPLETE
301,0.014109302312135696,2025-04-24 23:47:15.420419,2025-04-24 23:49:13.433325,0 days 00:01:58.012906,0.08731893206302346,128,3,1,128,0.06464891892147061,112,4,1,64,0.1883800686484237,48,2,3,96,0.04923000974251422,128,416.0,360.0,3,2,0.005271723218333656,0.6,/work3/arnaou/checkpoints/groupgat_Vc_trial_301_best_state.pt,"{'learning_rate': 0.005271723218333656, 'lr_reduce': 0.6}",TPESampler,COMPLETE
302,0.027549676597118378,2025-04-24 23:47:18.745894,2025-04-24 23:48:18.536961,0 days 00:00:59.791067,0.08439513741150426,176,3,3,96,0.20417198726392544,144,4,3,64,0.2562343459051165,96,3,1,112,0.15842800618094424,48,424.0,360.0,3,2,0.0015915619109011145,0.6,/work3/arnaou/checkpoints/groupgat_Vc_trial_302_best_state.pt,"{'learning_rate': 0.0015915619109011145, 'lr_reduce': 0.6}",TPESampler,COMPLETE
303,0.049527235329151154,2025-04-24 23:47:57.186893,2025-04-24 23:48:48.179066,0 days 00:00:50.992173,0.05321136652977752,192,4,2,112,0.0021528017581669886,80,4,1,32,0.1897847089351317,48,1,3,128,0.041564099296437486,224,416.0,320.0,3,2,0.0015081110952352677,0.6,/work3/arnaou/checkpoints/groupgat_Vc_trial_303_best_state.pt,"{'learning_rate': 0.0015081110952352677, 'lr_reduce': 0.6}",TPESampler,COMPLETE
304,0.016049649566411972,2025-04-24 23:48:18.749028,2025-04-24 23:50:05.202529,0 days 00:01:46.453501,0.002910897350075131,160,4,2,128,0.13183354863013064,160,4,2,32,0.19940013495969722,96,1,4,96,0.03436661944207711,280,432.0,272.0,3,2,0.007161690504851675,0.6,/work3/arnaou/checkpoints/groupgat_Vc_trial_304_best_state.pt,"{'learning_rate': 0.007161690504851675, 'lr_reduce': 0.6}",TPESampler,COMPLETE
305,0.03265485540032387,2025-04-24 23:48:48.542094,2025-04-24 23:50:03.531392,0 days 00:01:14.989298,0.09192831912430964,240,2,3,48,0.24446006817926913,96,2,2,64,0.2518719488236077,96,3,4,96,0.04787355279979047,248,344.0,,2,2,0.0011840746747374242,0.6,/work3/arnaou/checkpoints/groupgat_Vc_trial_305_best_state.pt,"{'learning_rate': 0.0011840746747374242, 'lr_reduce': 0.6}",TPESampler,COMPLETE
306,0.016714785248041153,2025-04-24 23:49:13.664559,2025-04-24 23:50:30.059189,0 days 00:01:16.394630,0.014678168688194606,240,2,3,48,0.05491191233291327,144,2,1,64,0.09791709824784459,48,1,2,80,0.00047908717505479315,192,440.0,,2,2,0.0011670271563741827,0.6,/work3/arnaou/checkpoints/groupgat_Vc_trial_306_best_state.pt,"{'learning_rate': 0.0011670271563741827, 'lr_reduce': 0.6}",TPESampler,COMPLETE
307,0.015414435416460037,2025-04-24 23:50:03.769820,2025-04-24 23:51:42.953031,0 days 00:01:39.183211,0.10352840949983239,160,2,2,112,0.12332420463584012,128,4,1,48,0.2116010983034712,112,1,3,96,0.041228082717703465,144,440.0,376.0,3,2,0.009588159821643787,0.6,/work3/arnaou/checkpoints/groupgat_Vc_trial_307_best_state.pt,"{'learning_rate': 0.009588159821643787, 'lr_reduce': 0.6}",TPESampler,COMPLETE
308,0.011326729319989681,2025-04-24 23:50:05.433164,2025-04-24 23:51:42.953703,0 days 00:01:37.520539,0.11545882629540459,240,3,1,32,0.028646209573085363,64,2,1,64,0.13343919153947376,32,2,1,96,0.027372844205800273,328,368.0,,2,2,0.001960976868806944,0.6,/work3/arnaou/checkpoints/groupgat_Vc_trial_308_best_state.pt,"{'learning_rate': 0.001960976868806944, 'lr_reduce': 0.6}",TPESampler,COMPLETE
309,0.016977248713374138,2025-04-24 23:50:30.697859,2025-04-24 23:51:29.987843,0 days 00:00:59.289984,0.03417544957796859,240,4,1,80,0.22294612698905444,64,4,2,48,0.2876273344001094,80,1,2,112,0.10958425412808495,40,448.0,,2,2,0.0025634334587783087,0.6,/work3/arnaou/checkpoints/groupgat_Vc_trial_309_best_state.pt,"{'learning_rate': 0.0025634334587783087, 'lr_reduce': 0.6}",TPESampler,COMPLETE
310,0.013260141015052795,2025-04-24 23:51:30.221019,2025-04-24 23:53:45.023918,0 days 00:02:14.802899,0.05723238713170123,208,3,2,48,0.19970034409079934,208,2,1,64,0.2997530822974385,96,2,4,64,0.005579735993401461,40,456.0,,2,2,0.002785423124295324,0.6,/work3/arnaou/checkpoints/groupgat_Vc_trial_310_best_state.pt,"{'learning_rate': 0.002785423124295324, 'lr_reduce': 0.6}",TPESampler,COMPLETE
311,0.04037219285964966,2025-04-24 23:51:43.060041,2025-04-24 23:53:37.413330,0 days 00:01:54.353289,0.025459494691505068,160,3,3,128,0.044225715526454636,160,4,1,32,0.26246523575813047,48,2,2,128,0.0456525400630252,192,408.0,,2,1,0.0018231501522966544,0.6,/work3/arnaou/checkpoints/groupgat_Vc_trial_311_best_state.pt,"{'learning_rate': 0.0018231501522966544, 'lr_reduce': 0.6}",TPESampler,COMPLETE
312,0.012187621556222439,2025-04-24 23:51:43.102042,2025-04-24 23:54:44.306885,0 days 00:03:01.204843,0.11880978136115758,240,1,2,32,0.236266178361561,112,4,2,80,0.29904920881061936,96,2,3,96,0.05655941099292307,112,,,1,2,0.005909165358187386,0.6,/work3/arnaou/checkpoints/groupgat_Vc_trial_312_best_state.pt,"{'learning_rate': 0.005909165358187386, 'lr_reduce': 0.6}",TPESampler,COMPLETE
313,0.0126968277618289,2025-04-24 23:53:39.365644,2025-04-24 23:55:03.047290,0 days 00:01:23.681646,0.02914892527750415,192,1,2,32,0.018709974748853227,128,3,1,96,0.1412452690300751,80,1,2,112,0.09736412562519359,160,464.0,,2,2,0.003421029506028689,0.6,/work3/arnaou/checkpoints/groupgat_Vc_trial_313_best_state.pt,"{'learning_rate': 0.003421029506028689, 'lr_reduce': 0.6}",TPESampler,COMPLETE
314,0.01598871313035488,2025-04-24 23:53:45.327618,2025-04-24 23:55:55.200301,0 days 00:02:09.872683,0.09189553700062798,240,3,1,96,0.2533744954991197,112,4,2,32,0.16634501385767922,48,1,1,128,0.20558834373867113,96,,,1,2,0.00834082436585833,0.6,/work3/arnaou/checkpoints/groupgat_Vc_trial_314_best_state.pt,"{'learning_rate': 0.00834082436585833, 'lr_reduce': 0.6}",TPESampler,COMPLETE
315,0.059351589530706406,2025-04-24 23:54:44.511546,2025-04-24 23:55:28.002108,0 days 00:00:43.490562,0.1173182537406514,160,1,2,64,0.049378896996311164,112,3,1,48,0.1748282528250903,48,1,1,96,0.08199373696052804,48,392.0,,2,2,0.0009848409630723435,0.6,/work3/arnaou/checkpoints/groupgat_Vc_trial_315_best_state.pt,"{'learning_rate': 0.0009848409630723435, 'lr_reduce': 0.6}",TPESampler,COMPLETE
316,0.016847051680088043,2025-04-24 23:55:03.204919,2025-04-24 23:56:15.467334,0 days 00:01:12.262415,0.049828533154757715,256,3,2,32,0.2163126965282591,128,3,2,112,0.2585784368404875,80,2,3,64,0.1554659252040445,128,464.0,,2,2,0.005911768877466616,0.6,/work3/arnaou/checkpoints/groupgat_Vc_trial_316_best_state.pt,"{'learning_rate': 0.005911768877466616, 'lr_reduce': 0.6}",TPESampler,COMPLETE
317,0.01584511436522007,2025-04-24 23:55:28.207819,2025-04-24 23:56:32.989552,0 days 00:01:04.781733,0.044140966399689924,192,3,2,32,0.14867708814113076,112,3,1,64,0.215501839875969,32,1,3,64,0.2233172549027103,72,,,1,1,0.004793744528895294,0.6,/work3/arnaou/checkpoints/groupgat_Vc_trial_317_best_state.pt,"{'learning_rate': 0.004793744528895294, 'lr_reduce': 0.6}",TPESampler,COMPLETE
318,0.00965588353574276,2025-04-24 23:55:55.523024,2025-04-24 23:57:26.048268,0 days 00:01:30.525244,0.015892269898419152,192,3,4,64,0.011610640267163193,128,3,3,64,0.28554462652932583,80,3,4,64,0.2064257087843911,224,464.0,,2,2,0.005220714832346558,0.6,/work3/arnaou/checkpoints/groupgat_Vc_trial_318_best_state.pt,"{'learning_rate': 0.005220714832346558, 'lr_reduce': 0.6}",TPESampler,COMPLETE
319,0.013433343730866909,2025-04-24 23:56:15.632965,2025-04-24 23:57:40.301520,0 days 00:01:24.668555,0.008669840844099417,240,1,2,48,0.10124330614844468,112,3,1,32,0.08722061420148562,48,3,2,128,0.030576928870765845,64,,,1,2,0.007208498865599646,0.6,/work3/arnaou/checkpoints/groupgat_Vc_trial_319_best_state.pt,"{'learning_rate': 0.007208498865599646, 'lr_reduce': 0.6}",TPESampler,COMPLETE
