number,value,datetime_start,datetime_complete,duration,params_L1_dropout,params_L1_hidden_dim,params_L1_layers_atom,params_L1_layers_mol,params_L1_out_dim,params_L2_dropout,params_L2_hidden_dim,params_L2_layers_atom,params_L2_layers_mol,params_L2_out_dim,params_L3_dropout,params_L3_hidden_dim,params_L3_layers_atom,params_L3_layers_mol,params_L3_out_dim,params_final_dropout,params_mlp_dim_0,params_mlp_dim_1,params_mlp_dim_2,params_n_mlp_layers,params_num_heads,params_train_learning_rate,params_train_lr_reduce,user_attrs_best_state_dict_path,user_attrs_training_params,system_attrs_auto:sampler,state
373,0.014564062468707561,2025-04-25 16:44:48.319421,2025-04-25 16:46:14.251858,0 days 00:01:25.932437,0.06970470736458942,224,2,4,80,0.13266321279852036,112,3,2,48,0.1372537818404091,96,1,4,80,0.23643543146333595,64,,,1,1,0.0070862605551295366,0.6,/work3/arnaou/checkpoints/groupgat_Vc_trial_373_best_state.pt,"{'learning_rate': 0.0070862605551295366, 'lr_reduce': 0.6}",TPESampler,COMPLETE
374,0.020094191655516624,2025-04-25 16:45:49.810011,2025-04-25 16:47:03.320188,0 days 00:01:13.510177,0.027573787571870814,240,1,1,48,0.22536677420871404,192,3,2,32,0.10680446029009523,80,1,1,128,0.09503797073830081,32,328.0,,2,2,0.004265100538234217,0.6,/work3/arnaou/checkpoints/groupgat_Vc_trial_374_best_state.pt,"{'learning_rate': 0.004265100538234217, 'lr_reduce': 0.6}",TPESampler,COMPLETE
375,0.03032512776553631,2025-04-25 16:45:50.749394,2025-04-25 16:46:35.599992,0 days 00:00:44.850598,0.05870324406460961,256,3,3,48,0.25484197656630453,144,4,4,80,0.2831420235281071,112,2,3,112,0.05189362464564239,144,512.0,,2,2,0.0011881807771959324,0.6,/work3/arnaou/checkpoints/groupgat_Vc_trial_375_best_state.pt,"{'learning_rate': 0.0011881807771959324, 'lr_reduce': 0.6}",TPESampler,COMPLETE
376,0.010576030239462852,2025-04-25 16:46:14.552243,2025-04-25 16:48:07.056181,0 days 00:01:52.503938,0.1296265718561109,128,3,2,128,0.07793877573633608,192,2,2,48,0.25170344418230023,48,1,4,128,0.2467428143382468,272,512.0,392.0,3,2,0.0030492299131069773,0.6,/work3/arnaou/checkpoints/groupgat_Vc_trial_376_best_state.pt,"{'learning_rate': 0.0030492299131069773, 'lr_reduce': 0.6}",TPESampler,COMPLETE
377,0.01646577939391136,2025-04-25 16:46:35.798600,2025-04-25 16:48:20.673271,0 days 00:01:44.874671,0.1192117483855311,224,4,4,80,0.07725812676730162,176,2,3,48,0.2899726547684236,32,1,2,48,0.21452379636406327,344,352.0,352.0,3,2,0.0006894905504638113,0.6,/work3/arnaou/checkpoints/groupgat_Vc_trial_377_best_state.pt,"{'learning_rate': 0.0006894905504638113, 'lr_reduce': 0.6}",TPESampler,COMPLETE
378,0.012965360656380653,2025-04-25 16:47:03.568296,2025-04-25 16:48:16.962796,0 days 00:01:13.394500,0.16991216440907092,192,3,4,32,0.14310594000086585,160,4,3,96,0.255805371988952,112,2,4,112,0.05264440085932858,200,472.0,,2,2,0.0036804008477831596,0.6,/work3/arnaou/checkpoints/groupgat_Vc_trial_378_best_state.pt,"{'learning_rate': 0.0036804008477831596, 'lr_reduce': 0.6}",TPESampler,COMPLETE
379,0.011900529265403748,2025-04-25 16:48:07.276674,2025-04-25 16:49:27.481137,0 days 00:01:20.204463,0.0094507534636816,192,3,2,48,0.2238396241184429,192,3,4,96,0.28971241383607893,112,2,4,112,0.1597229967523184,80,464.0,,2,2,0.009240577980271706,0.6,/work3/arnaou/checkpoints/groupgat_Vc_trial_379_best_state.pt,"{'learning_rate': 0.009240577980271706, 'lr_reduce': 0.6}",TPESampler,COMPLETE
380,0.0475894920527935,2025-04-25 16:48:17.162261,2025-04-25 16:48:49.723862,0 days 00:00:32.561601,0.05614652369796233,192,2,4,64,0.15338435063076797,112,3,3,48,0.18050993036369556,112,1,4,112,0.2868562018816477,152,376.0,,2,1,0.0018593110928950525,0.6,/work3/arnaou/checkpoints/groupgat_Vc_trial_380_best_state.pt,"{'learning_rate': 0.0018593110928950525, 'lr_reduce': 0.6}",TPESampler,COMPLETE
381,0.011392640881240368,2025-04-25 16:48:20.974863,2025-04-25 16:49:03.783766,0 days 00:00:42.808903,0.05655646268738525,240,2,4,64,0.22769709852832287,80,3,2,64,0.2166475436494546,128,2,4,64,0.22092350352010237,64,360.0,,2,1,0.0024429387082331414,0.6,/work3/arnaou/checkpoints/groupgat_Vc_trial_381_best_state.pt,"{'learning_rate': 0.0024429387082331414, 'lr_reduce': 0.6}",TPESampler,COMPLETE
382,0.013430616818368435,2025-04-25 16:48:50.073395,2025-04-25 16:49:59.474935,0 days 00:01:09.401540,0.0013257824872590336,160,3,2,48,0.1309586344650443,160,4,1,32,0.13836818452764874,64,2,4,96,0.2909729220466874,64,512.0,,2,2,0.0051368636042194585,0.6,/work3/arnaou/checkpoints/groupgat_Vc_trial_382_best_state.pt,"{'learning_rate': 0.0051368636042194585, 'lr_reduce': 0.6}",TPESampler,COMPLETE
383,0.011110586114227772,2025-04-25 16:49:04.043308,2025-04-25 16:50:22.812265,0 days 00:01:18.768957,0.010508310877823075,192,2,2,80,0.1396988820218483,128,1,1,80,0.043336927165987596,48,2,2,96,0.0644703356289088,304,448.0,,2,2,0.003450061200452122,0.6,/work3/arnaou/checkpoints/groupgat_Vc_trial_383_best_state.pt,"{'learning_rate': 0.003450061200452122, 'lr_reduce': 0.6}",TPESampler,COMPLETE
384,0.016331253573298454,2025-04-25 16:49:27.896221,2025-04-25 16:50:54.415797,0 days 00:01:26.519576,0.07329961453260177,240,4,3,80,0.13378705934523105,96,4,3,32,0.2799102653524621,96,1,3,112,0.29838649831618796,144,424.0,,2,2,0.006842005862618501,0.6,/work3/arnaou/checkpoints/groupgat_Vc_trial_384_best_state.pt,"{'learning_rate': 0.006842005862618501, 'lr_reduce': 0.6}",TPESampler,COMPLETE
385,0.31953251361846924,2025-04-25 16:49:59.670746,2025-04-25 16:50:39.195820,0 days 00:00:39.525074,0.22910880269481637,160,3,1,128,0.025559947082748953,144,4,2,48,0.2766805646329708,80,2,3,128,0.00011533428611698593,272,464.0,328.0,3,1,0.0010236214193108416,0.6,/work3/arnaou/checkpoints/groupgat_Vc_trial_385_best_state.pt,"{'learning_rate': 0.0010236214193108416, 'lr_reduce': 0.6}",TPESampler,COMPLETE
386,0.012411391362547874,2025-04-25 16:50:22.959499,2025-04-25 16:51:13.287506,0 days 00:00:50.328007,0.04121271095922958,224,2,1,64,0.038436419983146626,96,3,1,96,0.1759429934514192,48,1,1,80,0.18206239694468,80,384.0,,2,2,0.0024002634441302718,0.6,/work3/arnaou/checkpoints/groupgat_Vc_trial_386_best_state.pt,"{'learning_rate': 0.0024002634441302718, 'lr_reduce': 0.6}",TPESampler,COMPLETE
387,0.01155643817037344,2025-04-25 16:50:39.355647,2025-04-25 16:52:08.567091,0 days 00:01:29.211444,0.05689957023759383,240,3,4,32,0.12129200291831711,160,4,4,80,0.20572673018804125,112,2,4,128,0.08031447168302341,72,472.0,,2,2,0.004040809354494771,0.6,/work3/arnaou/checkpoints/groupgat_Vc_trial_387_best_state.pt,"{'learning_rate': 0.004040809354494771, 'lr_reduce': 0.6}",TPESampler,COMPLETE
388,0.3782151937484741,2025-04-25 16:50:54.649632,2025-04-25 16:51:26.774249,0 days 00:00:32.124617,0.12544809774209492,208,4,4,32,0.07259171220529245,176,4,2,32,0.17682371205793235,32,2,3,32,0.15254701245190938,128,416.0,504.0,3,2,0.0009795794088146522,0.6,/work3/arnaou/checkpoints/groupgat_Vc_trial_388_best_state.pt,"{'learning_rate': 0.0009795794088146522, 'lr_reduce': 0.6}",TPESampler,COMPLETE
389,0.053299520164728165,2025-04-25 16:51:13.427941,2025-04-25 16:51:54.469640,0 days 00:00:41.041699,0.07640696165418413,240,3,2,32,0.22152984471738274,96,3,1,96,0.25865316236992836,96,2,4,80,0.08045641467999859,56,464.0,,2,2,0.0011522596032528302,0.6,/work3/arnaou/checkpoints/groupgat_Vc_trial_389_best_state.pt,"{'learning_rate': 0.0011522596032528302, 'lr_reduce': 0.6}",TPESampler,COMPLETE
390,0.014296322129666805,2025-04-25 16:51:27.049901,2025-04-25 16:52:08.779509,0 days 00:00:41.729608,0.002431028917034575,240,2,2,32,0.09745027018646867,176,2,2,80,0.09686768690618155,32,3,2,128,0.11182549534611877,88,512.0,,2,1,0.0026731033342980207,0.6,/work3/arnaou/checkpoints/groupgat_Vc_trial_390_best_state.pt,"{'learning_rate': 0.0026731033342980207, 'lr_reduce': 0.6}",TPESampler,COMPLETE
391,0.012286986224353313,2025-04-25 16:51:54.705042,2025-04-25 16:53:00.947806,0 days 00:01:06.242764,0.020809725746573884,128,2,4,80,0.027731290549192465,112,2,4,96,0.2472345505073932,64,4,4,96,0.2875193831851791,312,360.0,,2,2,0.004091660533934631,0.6,/work3/arnaou/checkpoints/groupgat_Vc_trial_391_best_state.pt,"{'learning_rate': 0.004091660533934631, 'lr_reduce': 0.6}",TPESampler,COMPLETE
392,0.0122828409075737,2025-04-25 16:52:08.728040,2025-04-25 16:53:01.965269,0 days 00:00:53.237229,0.06440087579571442,256,3,2,32,0.2593593392212829,128,4,2,64,0.2933473657941036,96,2,3,80,0.06951650775036637,280,416.0,,2,2,0.0016327349488199354,0.6,/work3/arnaou/checkpoints/groupgat_Vc_trial_392_best_state.pt,"{'learning_rate': 0.0016327349488199354, 'lr_reduce': 0.6}",TPESampler,COMPLETE
393,0.03003590926527977,2025-04-25 16:52:08.992402,2025-04-25 16:53:31.311220,0 days 00:01:22.318818,0.004153056909558785,96,2,4,48,0.09689015386427371,176,2,3,112,0.21972317445769013,64,2,4,80,0.29576488185780003,440,,,1,2,0.008690289414834029,0.6,/work3/arnaou/checkpoints/groupgat_Vc_trial_393_best_state.pt,"{'learning_rate': 0.008690289414834029, 'lr_reduce': 0.6}",TPESampler,COMPLETE
394,0.18180711567401886,2025-04-25 16:53:01.111194,2025-04-25 16:53:33.512475,0 days 00:00:32.401281,0.09826228824008201,256,2,2,80,0.11816547159573976,80,2,2,32,0.21311957078010121,32,1,4,64,0.140652463661927,248,456.0,,2,2,0.000822316239799828,0.6,/work3/arnaou/checkpoints/groupgat_Vc_trial_394_best_state.pt,"{'learning_rate': 0.000822316239799828, 'lr_reduce': 0.6}",TPESampler,COMPLETE
395,0.012051953934133053,2025-04-25 16:53:02.138738,2025-04-25 16:54:28.285892,0 days 00:01:26.147154,0.01883158154444369,208,1,3,32,0.17428815646616286,96,3,1,32,0.0975260977032421,32,2,4,96,0.18556133887703427,336,416.0,,2,2,0.0057074550288924684,0.6,/work3/arnaou/checkpoints/groupgat_Vc_trial_395_best_state.pt,"{'learning_rate': 0.0057074550288924684, 'lr_reduce': 0.6}",TPESampler,COMPLETE
396,0.01337092649191618,2025-04-25 16:53:31.472034,2025-04-25 16:54:47.210129,0 days 00:01:15.738095,0.12335334972072765,64,3,1,112,0.1492115746720968,160,4,1,48,0.20008247916055305,128,3,3,64,0.025613884690191765,288,472.0,360.0,3,2,0.001610180914083275,0.6,/work3/arnaou/checkpoints/groupgat_Vc_trial_396_best_state.pt,"{'learning_rate': 0.001610180914083275, 'lr_reduce': 0.6}",TPESampler,COMPLETE
397,0.009745909832417965,2025-04-25 16:53:34.117410,2025-04-25 16:55:07.275032,0 days 00:01:33.157622,0.009767499696023196,112,4,3,48,0.07698279405774425,128,4,2,96,0.20628797860836612,32,1,3,80,0.21935313595475514,104,376.0,,2,2,0.005743022065014337,0.6,/work3/arnaou/checkpoints/groupgat_Vc_trial_397_best_state.pt,"{'learning_rate': 0.005743022065014337, 'lr_reduce': 0.6}",TPESampler,COMPLETE
398,0.01257958821952343,2025-04-25 16:54:28.545281,2025-04-25 16:55:39.865857,0 days 00:01:11.320576,0.010083238054171016,256,4,3,32,0.22608425893424303,176,4,4,128,0.2795775820775502,112,2,4,112,0.02474198194245293,96,512.0,,2,2,0.0020546754422039936,0.6,/work3/arnaou/checkpoints/groupgat_Vc_trial_398_best_state.pt,"{'learning_rate': 0.0020546754422039936, 'lr_reduce': 0.6}",TPESampler,COMPLETE
399,0.0191035233438015,2025-04-25 16:54:47.359604,2025-04-25 16:55:41.407585,0 days 00:00:54.047981,0.022137830946930705,256,4,3,64,0.08950318025038594,96,4,2,48,0.2337240214423753,32,1,2,48,0.2077056943075114,128,432.0,312.0,3,2,0.002461905485839312,0.6,/work3/arnaou/checkpoints/groupgat_Vc_trial_399_best_state.pt,"{'learning_rate': 0.002461905485839312, 'lr_reduce': 0.6}",TPESampler,COMPLETE
400,0.028108207508921623,2025-04-25 16:55:07.496046,2025-04-25 16:59:23.029791,0 days 00:04:15.533745,0.06405139494647732,80,4,4,80,0.08266366004741557,192,4,2,112,0.19790804285375566,32,2,2,112,0.2410390155424698,144,,,1,2,0.007604265144130042,0.6,/work3/arnaou/checkpoints/groupgat_Vc_trial_400_best_state.pt,"{'learning_rate': 0.007604265144130042, 'lr_reduce': 0.6}",TPESampler,COMPLETE
401,0.00912504456937313,2025-04-25 16:55:40.122461,2025-04-25 16:56:44.125926,0 days 00:01:04.003465,0.01749156501172507,128,4,2,64,0.07703350117431168,160,4,2,96,0.17372235452344048,32,1,4,80,0.17890315930852826,96,352.0,,2,2,0.005160805625439266,0.6,/work3/arnaou/checkpoints/groupgat_Vc_trial_401_best_state.pt,"{'learning_rate': 0.005160805625439266, 'lr_reduce': 0.6}",TPESampler,COMPLETE
402,0.012438013218343258,2025-04-25 16:55:41.636726,2025-04-25 16:56:52.661639,0 days 00:01:11.024913,0.0408611236537353,128,4,3,64,0.20173930971984835,64,3,3,32,0.19268470300497315,112,3,1,64,0.24813110592128138,176,,,1,2,0.005738946398464799,0.6,/work3/arnaou/checkpoints/groupgat_Vc_trial_402_best_state.pt,"{'learning_rate': 0.005738946398464799, 'lr_reduce': 0.6}",TPESampler,COMPLETE
403,0.017964916303753853,2025-04-25 16:56:44.289298,2025-04-25 16:58:08.311700,0 days 00:01:24.022402,0.04286483046920868,64,4,1,64,0.12224977367065235,176,4,3,96,0.1744305111729392,32,2,4,96,0.20832752912629818,112,320.0,,2,2,0.005448368606025034,0.6,/work3/arnaou/checkpoints/groupgat_Vc_trial_403_best_state.pt,"{'learning_rate': 0.005448368606025034, 'lr_reduce': 0.6}",TPESampler,COMPLETE
404,0.013942517340183258,2025-04-25 16:56:52.959037,2025-04-25 16:57:40.998415,0 days 00:00:48.039378,0.1727650270977335,112,4,3,32,0.12078527507974401,192,4,2,112,0.10949537343835752,32,1,4,80,0.09304180518187749,104,352.0,,2,2,0.002724097378599591,0.6,/work3/arnaou/checkpoints/groupgat_Vc_trial_404_best_state.pt,"{'learning_rate': 0.002724097378599591, 'lr_reduce': 0.6}",TPESampler,COMPLETE
405,0.009827909991145134,2025-04-25 16:57:41.292539,2025-04-25 16:58:51.755447,0 days 00:01:10.462908,0.024410306325660363,128,3,2,32,0.183232709567847,144,4,3,80,0.23434717853473563,48,1,3,80,0.23428550123545303,64,,,1,2,0.003659533374124173,0.6,/work3/arnaou/checkpoints/groupgat_Vc_trial_405_best_state.pt,"{'learning_rate': 0.003659533374124173, 'lr_reduce': 0.6}",TPESampler,COMPLETE
406,0.5188295841217041,2025-04-25 16:58:08.764644,2025-04-25 16:58:47.007687,0 days 00:00:38.243043,0.010346893714793515,80,3,2,112,0.06487822582892769,144,4,3,112,0.172699963969425,32,2,4,32,0.10390716710572818,152,312.0,400.0,3,1,0.00478536929488261,0.6,/work3/arnaou/checkpoints/groupgat_Vc_trial_406_best_state.pt,"{'learning_rate': 0.00478536929488261, 'lr_reduce': 0.6}",TPESampler,COMPLETE
407,0.016190964728593826,2025-04-25 16:58:47.235621,2025-04-25 17:00:04.850749,0 days 00:01:17.615128,0.07772788522290762,96,3,3,64,0.14822270949106836,160,4,2,112,0.10171209611578938,48,1,4,64,0.21013050537856376,48,336.0,,2,2,0.00995350886241071,0.6,/work3/arnaou/checkpoints/groupgat_Vc_trial_407_best_state.pt,"{'learning_rate': 0.00995350886241071, 'lr_reduce': 0.6}",TPESampler,COMPLETE
408,0.10067682713270187,2025-04-25 16:58:51.913637,2025-04-25 17:00:52.535502,0 days 00:02:00.621865,0.0065972734039194715,96,2,1,48,0.2253696896312234,192,4,3,80,0.27557339481930515,64,1,3,128,0.20676609159758483,112,,,1,2,0.007364560165853233,0.6,/work3/arnaou/checkpoints/groupgat_Vc_trial_408_best_state.pt,"{'learning_rate': 0.007364560165853233, 'lr_reduce': 0.6}",TPESampler,COMPLETE
409,0.01459493488073349,2025-04-25 16:59:23.309790,2025-04-25 17:01:13.296974,0 days 00:01:49.987184,0.01258299788387782,240,3,4,48,0.11738055910937496,128,2,2,32,0.22977179024732924,48,1,2,48,0.202560416422165,384,344.0,432.0,3,2,0.0008118972741859332,0.6,/work3/arnaou/checkpoints/groupgat_Vc_trial_409_best_state.pt,"{'learning_rate': 0.0008118972741859332, 'lr_reduce': 0.6}",TPESampler,COMPLETE
410,0.008713195100426674,2025-04-25 17:00:05.056924,2025-04-25 17:01:12.340993,0 days 00:01:07.284069,0.01691614624129716,128,4,3,64,0.06855454652784927,112,4,1,96,0.23996739545862997,32,2,4,80,0.27600888042493793,56,80.0,,2,2,0.006536105989160527,0.6,/work3/arnaou/checkpoints/groupgat_Vc_trial_410_best_state.pt,"{'learning_rate': 0.006536105989160527, 'lr_reduce': 0.6}",TPESampler,COMPLETE
411,0.018070096150040627,2025-04-25 17:00:53.179361,2025-04-25 17:02:15.730071,0 days 00:01:22.550710,0.014490358805433234,176,2,3,32,0.1244892905080493,160,4,4,80,0.235279746469932,32,2,4,80,0.2928108187445941,64,,,1,2,0.0014370728710776607,0.6,/work3/arnaou/checkpoints/groupgat_Vc_trial_411_best_state.pt,"{'learning_rate': 0.0014370728710776607, 'lr_reduce': 0.6}",TPESampler,COMPLETE
412,0.011345943436026573,2025-04-25 17:01:12.573904,2025-04-25 17:02:16.693952,0 days 00:01:04.120048,0.02672957289653474,112,4,4,32,0.03992115545237527,112,3,2,112,0.2413303836056983,32,1,3,96,0.23435769634944292,88,120.0,,2,2,0.003857132911730006,0.6,/work3/arnaou/checkpoints/groupgat_Vc_trial_412_best_state.pt,"{'learning_rate': 0.003857132911730006, 'lr_reduce': 0.6}",TPESampler,COMPLETE
413,0.01899910159409046,2025-04-25 17:01:13.480967,2025-04-25 17:02:58.637450,0 days 00:01:45.156483,0.012539562608555075,112,3,3,32,0.00994079612626124,112,3,2,64,0.16394143887436322,32,1,4,48,0.23221554466244876,152,112.0,,2,2,0.0015394197998963115,0.6,/work3/arnaou/checkpoints/groupgat_Vc_trial_413_best_state.pt,"{'learning_rate': 0.0015394197998963115, 'lr_reduce': 0.6}",TPESampler,COMPLETE
414,0.010878308676183224,2025-04-25 17:02:15.920747,2025-04-25 17:03:10.783713,0 days 00:00:54.862966,0.06444474396703172,176,4,2,80,0.015068638759138712,192,4,3,80,0.10313066059166777,32,2,4,80,0.10840978341339634,72,48.0,,2,2,0.0028636096080266386,0.6,/work3/arnaou/checkpoints/groupgat_Vc_trial_414_best_state.pt,"{'learning_rate': 0.0028636096080266386, 'lr_reduce': 0.6}",TPESampler,COMPLETE
415,0.01719762571156025,2025-04-25 17:02:16.864132,2025-04-25 17:03:30.936210,0 days 00:01:14.072078,0.04103525433461462,96,3,3,32,0.010753563517017894,160,4,1,80,0.2569857346618778,48,2,4,96,0.2906582924223658,88,96.0,,2,2,0.008430400841595288,0.6,/work3/arnaou/checkpoints/groupgat_Vc_trial_415_best_state.pt,"{'learning_rate': 0.008430400841595288, 'lr_reduce': 0.6}",TPESampler,COMPLETE
416,0.010953269898891449,2025-04-25 17:02:58.890565,2025-04-25 17:04:23.429214,0 days 00:01:24.538649,0.0029908548256019855,144,3,3,96,0.04437885247945228,128,4,1,112,0.25134680988405733,32,3,4,112,0.26299325733257295,72,80.0,,2,2,0.007105576119331226,0.6,/work3/arnaou/checkpoints/groupgat_Vc_trial_416_best_state.pt,"{'learning_rate': 0.007105576119331226, 'lr_reduce': 0.6}",TPESampler,COMPLETE
417,0.013566802255809307,2025-04-25 17:03:11.104069,2025-04-25 17:04:26.443495,0 days 00:01:15.339426,0.008509824883579948,160,2,2,64,0.2264371771297574,112,4,4,64,0.17155474454610603,64,1,2,64,0.2897043333996133,32,,,1,2,0.007266327522175623,0.6,/work3/arnaou/checkpoints/groupgat_Vc_trial_417_best_state.pt,"{'learning_rate': 0.007266327522175623, 'lr_reduce': 0.6}",TPESampler,COMPLETE
418,0.010116316378116608,2025-04-25 17:03:31.168356,2025-04-25 17:04:59.743670,0 days 00:01:28.575314,0.0056190270544169,192,4,4,80,0.12714569685278498,208,4,3,48,0.20837673166996,32,1,1,64,0.19332603522469083,184,80.0,376.0,3,2,0.0009563299698673218,0.6,/work3/arnaou/checkpoints/groupgat_Vc_trial_418_best_state.pt,"{'learning_rate': 0.0009563299698673218, 'lr_reduce': 0.6}",TPESampler,COMPLETE
419,0.07338105887174606,2025-04-25 17:04:23.736088,2025-04-25 17:07:25.820803,0 days 00:03:02.084715,0.010563324478340873,176,4,2,48,0.017610554419658662,192,4,3,96,0.25000917313049426,80,1,3,80,0.21590625028993335,192,32.0,,2,2,0.009975201820164134,0.6,/work3/arnaou/checkpoints/groupgat_Vc_trial_419_best_state.pt,"{'learning_rate': 0.009975201820164134, 'lr_reduce': 0.6}",TPESampler,COMPLETE
420,0.011496366001665592,2025-04-25 17:04:26.846649,2025-04-25 17:06:58.392491,0 days 00:02:31.545842,0.020249311247905688,96,4,2,48,0.13831573305386394,80,4,3,96,0.19890076610276936,48,1,2,48,0.22981681467840567,120,,,1,2,0.0014630472793813998,0.6,/work3/arnaou/checkpoints/groupgat_Vc_trial_420_best_state.pt,"{'learning_rate': 0.0014630472793813998, 'lr_reduce': 0.6}",TPESampler,COMPLETE
421,0.013778278604149818,2025-04-25 17:04:59.908086,2025-04-25 17:05:58.617962,0 days 00:00:58.709876,0.050229837639820675,112,3,4,80,0.035760296332211436,112,3,1,80,0.24816593253994784,64,3,4,80,0.29609885067279584,368,352.0,,2,2,0.004079781783394528,0.6,/work3/arnaou/checkpoints/groupgat_Vc_trial_421_best_state.pt,"{'learning_rate': 0.004079781783394528, 'lr_reduce': 0.6}",TPESampler,COMPLETE
422,0.013192238286137581,2025-04-25 17:05:58.793051,2025-04-25 17:06:58.132548,0 days 00:00:59.339497,0.1257042020181613,192,3,2,32,0.17983109039868878,192,4,1,48,0.25869587368328517,32,1,2,80,0.2334268770006219,120,368.0,344.0,3,2,0.00346002573413116,0.6,/work3/arnaou/checkpoints/groupgat_Vc_trial_422_best_state.pt,"{'learning_rate': 0.00346002573413116, 'lr_reduce': 0.6}",TPESampler,COMPLETE
423,0.016872087493538857,2025-04-25 17:06:58.312673,2025-04-25 17:07:50.374570,0 days 00:00:52.061897,0.00720164228323214,160,1,4,32,0.08078748252425208,192,3,2,112,0.24593302173498388,64,3,4,80,0.29428390650254765,408,96.0,408.0,3,2,0.0025219157303943258,0.6,/work3/arnaou/checkpoints/groupgat_Vc_trial_423_best_state.pt,"{'learning_rate': 0.0025219157303943258, 'lr_reduce': 0.6}",TPESampler,COMPLETE
424,0.013143838383257389,2025-04-25 17:06:58.648607,2025-04-25 17:07:45.607106,0 days 00:00:46.958499,0.07769053450013073,144,4,2,48,0.06344076139781893,160,4,1,128,0.23995577416063402,32,1,2,80,0.14233015250532627,288,360.0,,2,1,0.0036081175830083786,0.6,/work3/arnaou/checkpoints/groupgat_Vc_trial_424_best_state.pt,"{'learning_rate': 0.0036081175830083786, 'lr_reduce': 0.6}",TPESampler,COMPLETE
425,0.013967319391667843,2025-04-25 17:07:25.986823,2025-04-25 17:08:30.829175,0 days 00:01:04.842352,0.0021100383748831955,224,1,1,32,0.25065114361287993,112,3,1,48,0.16159716399319154,48,1,2,112,0.04180944921080594,152,376.0,312.0,3,2,0.004438057158850576,0.6,/work3/arnaou/checkpoints/groupgat_Vc_trial_425_best_state.pt,"{'learning_rate': 0.004438057158850576, 'lr_reduce': 0.6}",TPESampler,COMPLETE
426,0.011329056695103645,2025-04-25 17:07:45.899183,2025-04-25 17:09:10.908730,0 days 00:01:25.009547,0.038365492833832435,128,4,3,64,0.08488475651644949,144,3,2,48,0.18474000735640353,32,2,3,80,0.18968375579529,104,392.0,,2,2,0.008415075014905666,0.6,/work3/arnaou/checkpoints/groupgat_Vc_trial_426_best_state.pt,"{'learning_rate': 0.008415075014905666, 'lr_reduce': 0.6}",TPESampler,COMPLETE
