number,value,datetime_start,datetime_complete,duration,params_L1_dropout,params_L1_hidden_dim,params_L1_layers_atom,params_L1_layers_mol,params_L1_out_dim,params_L2_dropout,params_L2_hidden_dim,params_L2_layers_atom,params_L2_layers_mol,params_L2_out_dim,params_L3_dropout,params_L3_hidden_dim,params_L3_layers_atom,params_L3_layers_mol,params_L3_out_dim,params_final_dropout,params_mlp_dim_0,params_mlp_dim_1,params_mlp_dim_2,params_n_mlp_layers,params_num_heads,params_train_learning_rate,params_train_lr_reduce,user_attrs_best_state_dict_path,user_attrs_training_params,system_attrs_auto:sampler,state
2123,0.015465800650417805,2025-04-26 05:34:25.118531,2025-04-26 05:36:53.761615,0 days 00:02:28.643084,0.046666255826374334,144,3,4,80,0.009045047497396753,80,4,2,96,0.2922173868942432,64,2,2,48,0.26892518668576176,96,,,1,2,0.007202400333435132,0.6,/work3/arnaou/checkpoints/groupgat_Vc_trial_2123_best_state.pt,"{'learning_rate': 0.007202400333435132, 'lr_reduce': 0.6}",TPESampler,COMPLETE
2124,0.01791832223534584,2025-04-26 05:34:47.727328,2025-04-26 05:36:51.442611,0 days 00:02:03.715283,0.08836493106412308,208,4,3,32,0.07838607086757728,224,2,1,80,0.13348139688312785,32,1,3,80,0.27883493647889224,128,448.0,,2,2,0.007563803587157902,0.6,/work3/arnaou/checkpoints/groupgat_Vc_trial_2124_best_state.pt,"{'learning_rate': 0.007563803587157902, 'lr_reduce': 0.6}",TPESampler,COMPLETE
2125,0.12057821452617645,2025-04-26 05:34:52.469819,2025-04-26 05:38:21.858687,0 days 00:03:29.388868,0.05289710089230722,80,2,3,112,0.2947206471265348,96,2,4,96,0.07595700745349492,64,4,4,64,0.17743454946743262,256,152.0,200.0,3,2,0.00012369660360746424,0.6,/work3/arnaou/checkpoints/groupgat_Vc_trial_2125_best_state.pt,"{'learning_rate': 0.00012369660360746424, 'lr_reduce': 0.6}",TPESampler,COMPLETE
2126,0.09340065717697144,2025-04-26 05:36:52.338488,2025-04-26 05:40:02.489525,0 days 00:03:10.151037,0.02737536714018783,192,1,3,32,0.15075030264145883,64,1,3,32,0.08657969272584315,96,2,4,80,0.1291625519302282,344,512.0,,2,2,0.00013997506883952135,0.6,/work3/arnaou/checkpoints/groupgat_Vc_trial_2126_best_state.pt,"{'learning_rate': 0.00013997506883952135, 'lr_reduce': 0.6}",TPESampler,COMPLETE
2127,0.015329320915043354,2025-04-26 05:36:54.739719,2025-04-26 05:39:17.582201,0 days 00:02:22.842482,0.0759567066014914,80,2,2,80,0.04753449488354752,240,1,1,128,0.17087264913409667,32,4,2,32,0.20396989969645735,216,456.0,192.0,3,1,0.00015363073339504863,0.6,/work3/arnaou/checkpoints/groupgat_Vc_trial_2127_best_state.pt,"{'learning_rate': 0.00015363073339504863, 'lr_reduce': 0.6}",TPESampler,COMPLETE
2128,0.012867371551692486,2025-04-26 05:38:24.739279,2025-04-26 05:40:27.950011,0 days 00:02:03.210732,0.06934576566837479,176,3,2,112,0.24788614250877417,144,4,1,80,0.2938317001844213,96,4,1,128,0.08751368270055987,232,512.0,,2,1,0.0007721334171784924,0.6,/work3/arnaou/checkpoints/groupgat_Vc_trial_2128_best_state.pt,"{'learning_rate': 0.0007721334171784924, 'lr_reduce': 0.6}",TPESampler,COMPLETE
2129,0.01313170325011015,2025-04-26 05:39:20.320736,2025-04-26 05:40:32.286563,0 days 00:01:11.965827,0.060208410770488906,208,4,2,32,0.15537016077345017,256,3,2,64,0.19871053198154648,32,1,3,128,0.21239358603681108,168,272.0,,2,2,0.0016909386979159465,0.6,/work3/arnaou/checkpoints/groupgat_Vc_trial_2129_best_state.pt,"{'learning_rate': 0.0016909386979159465, 'lr_reduce': 0.6}",TPESampler,COMPLETE
2130,0.015408151783049107,2025-04-26 05:40:05.202197,2025-04-26 05:43:50.476274,0 days 00:03:45.274077,0.01653646688163765,240,4,2,48,0.12354497219207886,256,1,2,32,0.09047286274453614,32,1,2,112,0.2234331709538554,240,72.0,,2,2,0.00014058277942816214,0.6,/work3/arnaou/checkpoints/groupgat_Vc_trial_2130_best_state.pt,"{'learning_rate': 0.00014058277942816214, 'lr_reduce': 0.6}",TPESampler,COMPLETE
2131,0.012674889527261257,2025-04-26 05:40:31.219874,2025-04-26 05:43:04.264029,0 days 00:02:33.044155,0.037153892823743956,144,2,3,32,0.23396385370652978,176,1,3,64,0.07175773424089728,128,4,4,96,0.13114277788863704,168,,,1,2,0.0006125864576983198,0.6,/work3/arnaou/checkpoints/groupgat_Vc_trial_2131_best_state.pt,"{'learning_rate': 0.0006125864576983198, 'lr_reduce': 0.6}",TPESampler,COMPLETE
2132,0.011686242185533047,2025-04-26 05:40:35.227167,2025-04-26 05:42:42.376422,0 days 00:02:07.149255,0.05562737440841174,240,4,4,48,0.045897489285646784,64,4,1,48,0.2443488431478748,48,1,4,80,0.18620685912735346,136,208.0,224.0,3,2,0.004440900157908538,0.6,/work3/arnaou/checkpoints/groupgat_Vc_trial_2132_best_state.pt,"{'learning_rate': 0.004440900157908538, 'lr_reduce': 0.6}",TPESampler,COMPLETE
2133,0.18722692131996155,2025-04-26 05:42:45.409030,2025-04-26 05:43:53.787968,0 days 00:01:08.378938,0.06218616370726246,160,3,3,64,0.015036380246232772,128,3,2,112,0.2307424526872801,32,4,1,48,0.23103114658411358,344,,,1,1,0.003937332957054704,0.6,/work3/arnaou/checkpoints/groupgat_Vc_trial_2133_best_state.pt,"{'learning_rate': 0.003937332957054704, 'lr_reduce': 0.6}",TPESampler,COMPLETE
2134,0.010966239497065544,2025-04-26 05:43:07.375672,2025-04-26 05:45:02.513053,0 days 00:01:55.137381,0.062158555922293066,208,2,2,48,0.11344620368910535,144,2,1,128,0.23908415380492387,48,3,3,128,0.10928844594364295,320,336.0,136.0,3,2,0.004425057695138772,0.6,/work3/arnaou/checkpoints/groupgat_Vc_trial_2134_best_state.pt,"{'learning_rate': 0.004425057695138772, 'lr_reduce': 0.6}",TPESampler,COMPLETE
2135,0.01626300811767578,2025-04-26 05:43:53.015246,2025-04-26 05:45:14.894986,0 days 00:01:21.879740,0.009115812820617127,192,4,3,64,0.17033265125874722,240,2,1,32,0.08132512607477033,32,2,1,112,0.21249646467560243,280,448.0,,2,2,0.0014481268022897588,0.6,/work3/arnaou/checkpoints/groupgat_Vc_trial_2135_best_state.pt,"{'learning_rate': 0.0014481268022897588, 'lr_reduce': 0.6}",TPESampler,COMPLETE
2136,0.022267764434218407,2025-04-26 05:43:56.382211,2025-04-26 05:46:29.457461,0 days 00:02:33.075250,0.2369431432300206,80,3,3,128,0.00046260423791960603,112,2,4,80,0.12406548605472881,48,2,1,128,0.148354354538296,248,,,1,2,0.00021228491960325547,0.6,/work3/arnaou/checkpoints/groupgat_Vc_trial_2136_best_state.pt,"{'learning_rate': 0.00021228491960325547, 'lr_reduce': 0.6}",TPESampler,COMPLETE
2137,0.009786142036318779,2025-04-26 05:45:05.663562,2025-04-26 05:46:51.437399,0 days 00:01:45.773837,0.007379986475973033,192,4,3,64,0.07903672297666801,224,2,2,32,0.16301950524511774,32,1,3,96,0.1933385371044507,296,352.0,,2,2,0.0030936919041841555,0.6,/work3/arnaou/checkpoints/groupgat_Vc_trial_2137_best_state.pt,"{'learning_rate': 0.0030936919041841555, 'lr_reduce': 0.6}",TPESampler,COMPLETE
2138,0.008918480016291142,2025-04-26 05:45:18.064871,2025-04-26 05:46:36.199148,0 days 00:01:18.134277,0.00463220251503044,208,2,2,80,0.09440587794242815,96,4,3,96,0.16066900894201055,48,2,2,96,0.05561839388994911,240,448.0,232.0,3,2,0.006263547706544104,0.6,/work3/arnaou/checkpoints/groupgat_Vc_trial_2138_best_state.pt,"{'learning_rate': 0.006263547706544104, 'lr_reduce': 0.6}",TPESampler,COMPLETE
2139,0.020899610593914986,2025-04-26 05:46:31.832317,2025-04-26 05:47:43.122078,0 days 00:01:11.289761,0.08787896341524687,80,1,2,32,0.18123597399780103,176,3,2,128,0.12458915974661544,96,2,2,128,0.27879741325806606,160,472.0,,2,1,0.0021826837337997687,0.6,/work3/arnaou/checkpoints/groupgat_Vc_trial_2139_best_state.pt,"{'learning_rate': 0.0021826837337997687, 'lr_reduce': 0.6}",TPESampler,COMPLETE
2140,0.012431236915290356,2025-04-26 05:46:39.040060,2025-04-26 05:48:04.260275,0 days 00:01:25.220215,0.058756619171084365,240,4,3,64,0.0890268618979185,224,1,1,32,0.15809393496858043,32,1,2,112,0.23880922985838826,184,464.0,224.0,3,2,0.0016649949133978788,0.6,/work3/arnaou/checkpoints/groupgat_Vc_trial_2140_best_state.pt,"{'learning_rate': 0.0016649949133978788, 'lr_reduce': 0.6}",TPESampler,COMPLETE
2141,0.012957814149558544,2025-04-26 05:46:54.089569,2025-04-26 05:48:34.910439,0 days 00:01:40.820870,0.010988961650445096,240,2,1,64,0.057128734615474776,112,4,4,64,0.27655856130105105,32,1,2,96,0.021932887045135824,160,472.0,216.0,3,2,0.0081339379272184,0.6,/work3/arnaou/checkpoints/groupgat_Vc_trial_2141_best_state.pt,"{'learning_rate': 0.0081339379272184, 'lr_reduce': 0.6}",TPESampler,COMPLETE
2142,0.012958400882780552,2025-04-26 05:47:45.895094,2025-04-26 05:49:51.554214,0 days 00:02:05.659120,0.022486284012248666,224,3,2,48,0.03433899548187918,80,4,4,96,0.11277220062927709,80,3,2,96,0.006736602923547254,256,488.0,224.0,3,2,0.0033549620989817555,0.6,/work3/arnaou/checkpoints/groupgat_Vc_trial_2142_best_state.pt,"{'learning_rate': 0.0033549620989817555, 'lr_reduce': 0.6}",TPESampler,COMPLETE
2143,0.012755285017192364,2025-04-26 05:48:06.738890,2025-04-26 05:50:42.021720,0 days 00:02:35.282830,0.04069861928111977,144,3,3,112,0.07010104164235854,128,4,4,64,0.15995358575510035,48,2,2,96,0.03757598005491512,208,512.0,200.0,3,2,0.0015494091686953347,0.6,/work3/arnaou/checkpoints/groupgat_Vc_trial_2143_best_state.pt,"{'learning_rate': 0.0015494091686953347, 'lr_reduce': 0.6}",TPESampler,COMPLETE
2144,0.012022171169519424,2025-04-26 05:48:37.423117,2025-04-26 05:50:22.925357,0 days 00:01:45.502240,0.04070352277045037,240,4,3,32,0.14972943881403117,256,2,2,80,0.10215162980274436,48,1,2,112,0.2701689513363794,248,472.0,232.0,3,2,0.006597177966661035,0.6,/work3/arnaou/checkpoints/groupgat_Vc_trial_2144_best_state.pt,"{'learning_rate': 0.006597177966661035, 'lr_reduce': 0.6}",TPESampler,COMPLETE
2145,0.010094131343066692,2025-04-26 05:49:54.065012,2025-04-26 05:51:57.886624,0 days 00:02:03.821612,0.09125791864213163,176,2,1,64,0.0893088772300483,112,4,3,80,0.13639279261045054,48,2,2,80,0.09149470104180576,288,456.0,,2,2,0.00228722754859372,0.6,/work3/arnaou/checkpoints/groupgat_Vc_trial_2145_best_state.pt,"{'learning_rate': 0.00228722754859372, 'lr_reduce': 0.6}",TPESampler,COMPLETE
2146,0.09831194579601288,2025-04-26 05:50:25.690949,2025-04-26 05:51:28.152507,0 days 00:01:02.461558,0.037347655249582154,160,2,2,112,0.1726085384823186,80,3,3,96,0.16092825032474722,48,2,2,96,0.07068543157061345,128,480.0,240.0,3,2,0.0016092801303972943,0.6,/work3/arnaou/checkpoints/groupgat_Vc_trial_2146_best_state.pt,"{'learning_rate': 0.0016092801303972943, 'lr_reduce': 0.6}",TPESampler,COMPLETE
2147,0.009093222208321095,2025-04-26 05:50:45.106371,2025-04-26 05:52:42.363415,0 days 00:01:57.257044,0.015589213271997252,176,2,2,80,0.17872904367845682,128,4,4,64,0.14011038177927118,48,2,2,96,0.052574810733415606,296,456.0,,2,2,0.006970856221833727,0.6,/work3/arnaou/checkpoints/groupgat_Vc_trial_2147_best_state.pt,"{'learning_rate': 0.006970856221833727, 'lr_reduce': 0.6}",TPESampler,COMPLETE
2148,0.013396495953202248,2025-04-26 05:51:31.455401,2025-04-26 05:53:12.791466,0 days 00:01:41.336065,0.06716287203356615,176,2,2,80,0.08194074627278888,96,4,2,80,0.10970593817139587,48,3,2,112,0.09832209592900149,264,448.0,176.0,3,2,0.005340318615567805,0.6,/work3/arnaou/checkpoints/groupgat_Vc_trial_2148_best_state.pt,"{'learning_rate': 0.005340318615567805, 'lr_reduce': 0.6}",TPESampler,COMPLETE
2149,0.013139442540705204,2025-04-26 05:52:00.907172,2025-04-26 05:53:24.588985,0 days 00:01:23.681813,0.026547028400662573,240,3,3,64,0.18489377317962094,240,3,2,32,0.14756231380290735,32,1,1,128,0.24111948078472428,112,448.0,,2,2,0.0018876185907699971,0.6,/work3/arnaou/checkpoints/groupgat_Vc_trial_2149_best_state.pt,"{'learning_rate': 0.0018876185907699971, 'lr_reduce': 0.6}",TPESampler,COMPLETE
2150,0.01088644191622734,2025-04-26 05:52:44.953023,2025-04-26 05:54:56.372804,0 days 00:02:11.419781,0.06404151253703133,240,2,1,80,0.08284014713004517,80,3,3,112,0.16496471854737277,48,1,2,112,0.04014412726459066,216,472.0,,2,2,0.00663116527229981,0.6,/work3/arnaou/checkpoints/groupgat_Vc_trial_2150_best_state.pt,"{'learning_rate': 0.00663116527229981, 'lr_reduce': 0.6}",TPESampler,COMPLETE
2151,0.011780427768826485,2025-04-26 05:53:15.095541,2025-04-26 05:54:40.876281,0 days 00:01:25.780740,0.0012285117192329434,192,3,2,96,0.11493058856351651,112,4,3,96,0.12952502792063939,32,1,1,96,0.053700910660161645,240,480.0,232.0,3,2,0.003286642244929559,0.6,/work3/arnaou/checkpoints/groupgat_Vc_trial_2151_best_state.pt,"{'learning_rate': 0.003286642244929559, 'lr_reduce': 0.6}",TPESampler,COMPLETE
2152,0.009067309089004993,2025-04-26 05:53:27.556133,2025-04-26 05:55:01.237807,0 days 00:01:33.681674,0.016499483909584542,256,3,2,96,0.1700352140293521,128,3,2,80,0.23833688523333527,112,1,1,128,0.2647285503403884,144,440.0,184.0,3,2,0.0029518818909917404,0.6,/work3/arnaou/checkpoints/groupgat_Vc_trial_2152_best_state.pt,"{'learning_rate': 0.0029518818909917404, 'lr_reduce': 0.6}",TPESampler,COMPLETE
2153,0.012330450117588043,2025-04-26 05:54:43.526218,2025-04-26 05:56:30.006411,0 days 00:01:46.480193,0.020933792159140714,208,1,3,112,0.13051733386066644,112,3,1,128,0.12912657319883625,48,4,3,96,0.16711813746565446,360,512.0,240.0,3,2,0.005814686039003411,0.6,/work3/arnaou/checkpoints/groupgat_Vc_trial_2153_best_state.pt,"{'learning_rate': 0.005814686039003411, 'lr_reduce': 0.6}",TPESampler,COMPLETE
2154,0.016438424587249756,2025-04-26 05:54:59.237524,2025-04-26 05:57:14.477336,0 days 00:02:15.239812,0.2804957492910445,128,2,4,64,0.04375899038204634,208,2,3,32,0.10822349389975124,64,3,4,32,0.11352132248653307,272,,,1,1,0.0009228452124076565,0.6,/work3/arnaou/checkpoints/groupgat_Vc_trial_2154_best_state.pt,"{'learning_rate': 0.0009228452124076565, 'lr_reduce': 0.6}",TPESampler,COMPLETE
2155,1.101852297782898,2025-04-26 05:55:04.093749,2025-04-26 05:55:41.014523,0 days 00:00:36.920774,0.01182119031434949,208,1,1,80,0.08822748666150888,144,4,2,96,0.1498373391247294,32,2,3,80,0.057569892071332625,176,448.0,240.0,3,2,0.004607939981703798,0.6,/work3/arnaou/checkpoints/groupgat_Vc_trial_2155_best_state.pt,"{'learning_rate': 0.004607939981703798, 'lr_reduce': 0.6}",TPESampler,COMPLETE
2156,0.0223025381565094,2025-04-26 05:55:43.512383,2025-04-26 05:58:05.931147,0 days 00:02:22.418764,0.046590865302794465,240,4,2,32,0.11198766347746726,208,2,3,48,0.14184904672845852,32,1,4,96,0.2792977435135358,48,,,1,2,0.007488693129485651,0.6,/work3/arnaou/checkpoints/groupgat_Vc_trial_2156_best_state.pt,"{'learning_rate': 0.007488693129485651, 'lr_reduce': 0.6}",TPESampler,COMPLETE
2157,0.01758425496518612,2025-04-26 05:56:32.635063,2025-04-26 05:57:37.846785,0 days 00:01:05.211722,0.019965758693228634,224,1,3,80,0.08169230231982076,64,4,2,96,0.16228861187134863,32,2,1,96,0.08566324722146801,240,512.0,184.0,3,2,0.0021297953420671874,0.6,/work3/arnaou/checkpoints/groupgat_Vc_trial_2157_best_state.pt,"{'learning_rate': 0.0021297953420671874, 'lr_reduce': 0.6}",TPESampler,COMPLETE
2158,0.012453334406018257,2025-04-26 05:57:17.206039,2025-04-26 05:59:03.094830,0 days 00:01:45.888791,0.07658209857775089,224,3,3,80,0.02759632394149298,144,4,2,32,0.1818383960141875,32,1,2,112,0.12868059036280122,128,440.0,248.0,3,2,0.007830901294646269,0.6,/work3/arnaou/checkpoints/groupgat_Vc_trial_2158_best_state.pt,"{'learning_rate': 0.007830901294646269, 'lr_reduce': 0.6}",TPESampler,COMPLETE
2159,0.01636376604437828,2025-04-26 05:57:39.922866,2025-04-26 05:59:38.501919,0 days 00:01:58.579053,0.000980423455581747,240,4,2,32,0.1545067732572936,240,3,2,64,0.1834987421534616,48,1,2,96,0.2724185261917509,200,,,1,2,0.004934678222389405,0.6,/work3/arnaou/checkpoints/groupgat_Vc_trial_2159_best_state.pt,"{'learning_rate': 0.004934678222389405, 'lr_reduce': 0.6}",TPESampler,COMPLETE
2160,0.018045371398329735,2025-04-26 05:58:08.437563,2025-04-26 06:01:24.624588,0 days 00:03:16.187025,0.1836199314325476,80,2,4,96,0.15773079140700003,176,1,1,32,0.28300721002494894,112,2,1,32,0.10466314036958266,352,432.0,192.0,3,2,0.009183606182834717,0.6,/work3/arnaou/checkpoints/groupgat_Vc_trial_2160_best_state.pt,"{'learning_rate': 0.009183606182834717, 'lr_reduce': 0.6}",TPESampler,COMPLETE
2161,0.01794145628809929,2025-04-26 05:59:05.829430,2025-04-26 06:01:23.076058,0 days 00:02:17.246628,0.2553457127983378,192,2,3,128,0.009487946643553125,240,1,1,32,0.15161872269869164,112,1,4,32,0.25427137301484837,40,248.0,248.0,3,2,0.00023656085913358816,0.6,/work3/arnaou/checkpoints/groupgat_Vc_trial_2161_best_state.pt,"{'learning_rate': 0.00023656085913358816, 'lr_reduce': 0.6}",TPESampler,COMPLETE
2162,0.01499424409121275,2025-04-26 05:59:41.136794,2025-04-26 06:01:55.239330,0 days 00:02:14.102536,0.013442867144170501,192,4,3,48,0.050241036460897726,224,1,3,48,0.016339223878614736,96,2,4,80,0.2869868851117105,56,440.0,,2,2,0.005379282019941415,0.6,/work3/arnaou/checkpoints/groupgat_Vc_trial_2162_best_state.pt,"{'learning_rate': 0.005379282019941415, 'lr_reduce': 0.6}",TPESampler,COMPLETE
2163,0.011130740866065025,2025-04-26 06:01:23.647324,2025-04-26 06:02:52.618136,0 days 00:01:28.970812,0.07794902291461683,144,4,4,96,0.01912331623016114,64,3,2,48,0.2451409820371127,112,1,2,48,0.2362143848545254,160,472.0,152.0,3,2,0.00583000723661899,0.6,/work3/arnaou/checkpoints/groupgat_Vc_trial_2163_best_state.pt,"{'learning_rate': 0.00583000723661899, 'lr_reduce': 0.6}",TPESampler,COMPLETE
2164,0.014004428870975971,2025-04-26 06:01:25.488446,2025-04-26 06:03:06.538591,0 days 00:01:41.050145,0.07145193693590059,240,2,2,96,0.10150153929063423,96,3,3,96,0.0967053414162305,64,2,1,80,0.00034291150855271513,160,424.0,208.0,3,2,0.008062396183786673,0.6,/work3/arnaou/checkpoints/groupgat_Vc_trial_2164_best_state.pt,"{'learning_rate': 0.008062396183786673, 'lr_reduce': 0.6}",TPESampler,COMPLETE
2165,0.22201767563819885,2025-04-26 06:01:56.809071,2025-04-26 06:04:50.331716,0 days 00:02:53.522645,0.2597721931638758,96,1,4,128,0.24495478926463676,128,3,3,32,0.2856002050648935,80,2,3,128,0.29509062706066863,256,,,1,1,0.0002919524016962681,0.6,/work3/arnaou/checkpoints/groupgat_Vc_trial_2165_best_state.pt,"{'learning_rate': 0.0002919524016962681, 'lr_reduce': 0.6}",TPESampler,COMPLETE
2166,0.020442437380552292,2025-04-26 06:02:55.676504,2025-04-26 06:05:23.264100,0 days 00:02:27.587596,0.2836374736030885,80,4,4,128,0.08948875828779557,128,3,4,80,0.2936655082522247,96,1,1,128,0.12595229178811324,424,136.0,,2,2,0.0011483211793216768,0.6,/work3/arnaou/checkpoints/groupgat_Vc_trial_2166_best_state.pt,"{'learning_rate': 0.0011483211793216768, 'lr_reduce': 0.6}",TPESampler,COMPLETE
2167,0.01142587698996067,2025-04-26 06:03:09.293512,2025-04-26 06:04:54.417054,0 days 00:01:45.123542,0.07509759939191252,208,4,4,80,0.08221558411389818,80,4,2,48,0.2969310387093227,112,2,3,48,0.25168296334126145,104,480.0,248.0,3,2,0.003974913295986374,0.6,/work3/arnaou/checkpoints/groupgat_Vc_trial_2167_best_state.pt,"{'learning_rate': 0.003974913295986374, 'lr_reduce': 0.6}",TPESampler,COMPLETE
2168,0.010970303788781166,2025-04-26 06:04:52.878673,2025-04-26 06:06:26.329008,0 days 00:01:33.450335,0.03730361104325041,224,3,2,96,0.15063515276231187,240,2,1,48,0.06522485843111125,48,1,3,128,0.2801855313782641,176,432.0,,2,2,0.0022267674233323776,0.6,/work3/arnaou/checkpoints/groupgat_Vc_trial_2168_best_state.pt,"{'learning_rate': 0.0022267674233323776, 'lr_reduce': 0.6}",TPESampler,COMPLETE
2169,0.01725599355995655,2025-04-26 06:04:57.057218,2025-04-26 06:06:49.651806,0 days 00:01:52.594588,0.08614739273514452,240,3,3,112,0.003566746453660223,112,1,2,112,0.2379169841288824,64,3,2,112,0.07566341751607109,64,200.0,96.0,3,2,0.008633462883288008,0.6,/work3/arnaou/checkpoints/groupgat_Vc_trial_2169_best_state.pt,"{'learning_rate': 0.008633462883288008, 'lr_reduce': 0.6}",TPESampler,COMPLETE
2170,0.016353502869606018,2025-04-26 06:05:25.312450,2025-04-26 06:08:46.274298,0 days 00:03:20.961848,0.0069034828248936125,144,4,4,80,0.09441112588919548,256,2,4,32,0.024456886084910055,64,3,3,80,0.251502300462758,280,512.0,184.0,3,2,0.0009405584800723552,0.6,/work3/arnaou/checkpoints/groupgat_Vc_trial_2170_best_state.pt,"{'learning_rate': 0.0009405584800723552, 'lr_reduce': 0.6}",TPESampler,COMPLETE
2171,0.017328469082713127,2025-04-26 06:06:29.237678,2025-04-26 06:09:56.719385,0 days 00:03:27.481707,0.18183709092777833,176,3,3,32,0.0015526551130785149,160,4,1,80,0.05850466850769096,112,1,3,128,0.1234406439412819,256,256.0,256.0,3,2,0.0006445844822884972,0.6,/work3/arnaou/checkpoints/groupgat_Vc_trial_2171_best_state.pt,"{'learning_rate': 0.0006445844822884972, 'lr_reduce': 0.6}",TPESampler,COMPLETE
2172,0.009904581122100353,2025-04-26 06:06:52.327968,2025-04-26 06:08:42.945111,0 days 00:01:50.617143,0.01965181668304057,224,1,2,80,0.21645639969954372,144,4,3,96,0.09015718328913123,48,3,2,96,0.041886719350217025,224,432.0,144.0,3,2,0.007361898721868249,0.6,/work3/arnaou/checkpoints/groupgat_Vc_trial_2172_best_state.pt,"{'learning_rate': 0.007361898721868249, 'lr_reduce': 0.6}",TPESampler,COMPLETE
2173,0.01279484760016203,2025-04-26 06:08:45.651708,2025-04-26 06:10:06.570167,0 days 00:01:20.918459,0.009220391750006673,192,2,1,48,0.08819077330222687,112,3,4,112,0.15593914699833195,48,3,1,80,0.06480001562177082,256,80.0,208.0,3,2,0.004025148265407234,0.6,/work3/arnaou/checkpoints/groupgat_Vc_trial_2173_best_state.pt,"{'learning_rate': 0.004025148265407234, 'lr_reduce': 0.6}",TPESampler,COMPLETE
2174,0.009909522719681263,2025-04-26 06:08:48.750991,2025-04-26 06:10:40.451649,0 days 00:01:51.700658,0.07910684998147016,224,4,3,64,0.024668570131732775,144,4,1,32,0.25012352239055174,48,1,4,96,0.22091899642222995,104,424.0,264.0,3,2,0.005157286491079545,0.6,/work3/arnaou/checkpoints/groupgat_Vc_trial_2174_best_state.pt,"{'learning_rate': 0.005157286491079545, 'lr_reduce': 0.6}",TPESampler,COMPLETE
2175,0.012345824390649796,2025-04-26 06:09:58.942824,2025-04-26 06:11:14.637075,0 days 00:01:15.694251,0.057651769193304225,256,2,3,64,0.13911603025057256,256,2,2,48,0.13730030673955018,48,1,2,96,0.211383553205707,112,472.0,,2,1,0.0037944767439527455,0.6,/work3/arnaou/checkpoints/groupgat_Vc_trial_2175_best_state.pt,"{'learning_rate': 0.0037944767439527455, 'lr_reduce': 0.6}",TPESampler,COMPLETE
