number,value,datetime_start,datetime_complete,duration,params_L1_dropout,params_L1_hidden_dim,params_L1_layers_atom,params_L1_layers_mol,params_L1_out_dim,params_L2_dropout,params_L2_hidden_dim,params_L2_layers_atom,params_L2_layers_mol,params_L2_out_dim,params_L3_dropout,params_L3_hidden_dim,params_L3_layers_atom,params_L3_layers_mol,params_L3_out_dim,params_final_dropout,params_mlp_dim_0,params_mlp_dim_1,params_mlp_dim_2,params_n_mlp_layers,params_num_heads,params_train_learning_rate,params_train_lr_reduce,user_attrs_best_state_dict_path,user_attrs_training_params,system_attrs_auto:sampler,state
1064,0.012064952403306961,2025-04-25 21:26:58.126425,2025-04-25 21:28:08.623495,0 days 00:01:10.497070,0.08600953893998996,192,4,4,80,0.1125273351662983,224,2,3,32,0.09845555742128057,32,3,3,80,0.2975050602867568,136,424.0,,2,2,0.004988535282206978,0.6,/work3/arnaou/checkpoints/groupgat_Vc_trial_1064_best_state.pt,"{'learning_rate': 0.004988535282206978, 'lr_reduce': 0.6}",TPESampler,COMPLETE
1065,0.018987001851201057,2025-04-25 21:28:08.922150,2025-04-25 21:28:56.713109,0 days 00:00:47.790959,0.06240115161721031,240,4,3,32,0.16276551651117596,208,2,3,32,0.15556885866107742,32,2,3,80,0.26753081956058844,200,376.0,176.0,3,1,0.0028928510963620426,0.6,/work3/arnaou/checkpoints/groupgat_Vc_trial_1065_best_state.pt,"{'learning_rate': 0.0028928510963620426, 'lr_reduce': 0.6}",TPESampler,COMPLETE
1066,0.014821664430201054,2025-04-25 21:28:10.204206,2025-04-25 21:30:01.575818,0 days 00:01:51.371612,0.0325639745675968,80,4,2,80,0.14669872190077277,192,4,2,112,0.17177675367274586,32,1,4,48,0.15025941589568317,40,424.0,,2,2,0.0013340609992793222,0.6,/work3/arnaou/checkpoints/groupgat_Vc_trial_1066_best_state.pt,"{'learning_rate': 0.0013340609992793222, 'lr_reduce': 0.6}",TPESampler,COMPLETE
1067,0.011522214859724045,2025-04-25 21:28:22.315018,2025-04-25 21:29:33.671210,0 days 00:01:11.356192,0.14983592871489063,224,1,2,64,0.0023161052114646337,160,2,2,96,0.2134707564375236,112,4,4,64,0.17096721877088109,184,432.0,368.0,3,2,0.003949787529457041,0.6,/work3/arnaou/checkpoints/groupgat_Vc_trial_1067_best_state.pt,"{'learning_rate': 0.003949787529457041, 'lr_reduce': 0.6}",TPESampler,COMPLETE
1068,0.014320630580186844,2025-04-25 21:28:56.998775,2025-04-25 21:30:25.074225,0 days 00:01:28.075450,0.14597947283967672,112,4,3,48,0.09663847017831616,96,4,1,96,0.27585178092927753,32,3,4,80,0.1767635562560963,80,376.0,,2,2,0.0012477965770458584,0.6,/work3/arnaou/checkpoints/groupgat_Vc_trial_1068_best_state.pt,"{'learning_rate': 0.0012477965770458584, 'lr_reduce': 0.6}",TPESampler,COMPLETE
1069,0.014561902731657028,2025-04-25 21:29:33.965007,2025-04-25 21:30:45.087440,0 days 00:01:11.122433,0.06658302363704341,208,3,4,32,0.14439004709964165,240,3,2,32,0.08291399170582599,32,3,2,96,0.27479276506156536,152,328.0,,2,2,0.00653468116345361,0.6,/work3/arnaou/checkpoints/groupgat_Vc_trial_1069_best_state.pt,"{'learning_rate': 0.00653468116345361, 'lr_reduce': 0.6}",TPESampler,COMPLETE
1070,0.009700546972453594,2025-04-25 21:30:01.843133,2025-04-25 21:31:13.171713,0 days 00:01:11.328580,0.014788049218062867,160,4,3,64,0.04260264309125989,224,2,1,64,0.2953684791135438,64,2,2,128,0.11645534407647162,48,432.0,120.0,3,2,0.004983389025674853,0.6,/work3/arnaou/checkpoints/groupgat_Vc_trial_1070_best_state.pt,"{'learning_rate': 0.004983389025674853, 'lr_reduce': 0.6}",TPESampler,COMPLETE
1071,0.011166226118803024,2025-04-25 21:30:25.397544,2025-04-25 21:31:45.574444,0 days 00:01:20.176900,0.10934462727918631,256,4,4,64,0.10782228041160706,256,2,1,32,0.07124892412518426,48,3,4,112,0.2776194667107683,88,432.0,,2,2,0.002803311795360343,0.6,/work3/arnaou/checkpoints/groupgat_Vc_trial_1071_best_state.pt,"{'learning_rate': 0.002803311795360343, 'lr_reduce': 0.6}",TPESampler,COMPLETE
1072,0.013026274740695953,2025-04-25 21:30:45.442401,2025-04-25 21:32:01.634696,0 days 00:01:16.192295,0.05839854254142619,192,4,4,48,0.09156275651712746,240,2,2,32,0.11897098648921932,32,2,4,96,0.2640745145062367,304,384.0,,2,2,0.0006980464874600221,0.6,/work3/arnaou/checkpoints/groupgat_Vc_trial_1072_best_state.pt,"{'learning_rate': 0.0006980464874600221, 'lr_reduce': 0.6}",TPESampler,COMPLETE
1073,0.013308963738381863,2025-04-25 21:31:13.490627,2025-04-25 21:32:31.022719,0 days 00:01:17.532092,0.02663440049391743,176,4,3,48,0.008358766835455726,176,4,3,48,0.042921140114017015,80,1,3,112,0.06695931047015824,224,424.0,,2,2,0.004209253805463855,0.6,/work3/arnaou/checkpoints/groupgat_Vc_trial_1073_best_state.pt,"{'learning_rate': 0.004209253805463855, 'lr_reduce': 0.6}",TPESampler,COMPLETE
1074,0.012413677759468555,2025-04-25 21:31:45.778197,2025-04-25 21:33:08.512889,0 days 00:01:22.734692,0.03973958109016897,176,4,3,128,0.07973460039504712,176,2,1,64,0.2211236389433297,96,2,3,112,0.15684330806696292,48,440.0,456.0,3,2,0.004931809053986072,0.6,/work3/arnaou/checkpoints/groupgat_Vc_trial_1074_best_state.pt,"{'learning_rate': 0.004931809053986072, 'lr_reduce': 0.6}",TPESampler,COMPLETE
1075,0.04248543828725815,2025-04-25 21:32:01.916381,2025-04-25 21:32:39.377093,0 days 00:00:37.460712,0.09049892500118387,208,3,2,64,0.21321512376590207,80,4,1,48,0.22532881476796618,80,3,4,64,0.12111238193471693,48,384.0,,2,2,0.0012744940708546264,0.6,/work3/arnaou/checkpoints/groupgat_Vc_trial_1075_best_state.pt,"{'learning_rate': 0.0012744940708546264, 'lr_reduce': 0.6}",TPESampler,COMPLETE
1076,0.00951857678592205,2025-04-25 21:32:31.353423,2025-04-25 21:33:35.672297,0 days 00:01:04.318874,0.02245116643265753,240,3,2,32,0.15373144754206353,112,4,1,48,0.2524648157387316,64,1,4,64,0.1236407364643591,32,448.0,,2,2,0.0022706852052652945,0.6,/work3/arnaou/checkpoints/groupgat_Vc_trial_1076_best_state.pt,"{'learning_rate': 0.0022706852052652945, 'lr_reduce': 0.6}",TPESampler,COMPLETE
1077,0.014013499021530151,2025-04-25 21:32:39.695174,2025-04-25 21:34:14.126041,0 days 00:01:34.430867,0.0015473197118386732,256,1,1,48,0.10840931647369084,128,3,1,48,0.05667415502548813,96,1,2,128,0.16885361840356844,72,,,1,2,0.004163644888685084,0.6,/work3/arnaou/checkpoints/groupgat_Vc_trial_1077_best_state.pt,"{'learning_rate': 0.004163644888685084, 'lr_reduce': 0.6}",TPESampler,COMPLETE
1078,0.01122275274246931,2025-04-25 21:33:08.721735,2025-04-25 21:35:32.805768,0 days 00:02:24.084033,0.04090846615970421,176,4,3,32,0.035131247165281154,96,4,1,64,0.2007956689857638,96,1,2,112,0.10279626320819621,48,448.0,200.0,3,2,0.0022625579047645347,0.6,/work3/arnaou/checkpoints/groupgat_Vc_trial_1078_best_state.pt,"{'learning_rate': 0.0022625579047645347, 'lr_reduce': 0.6}",TPESampler,COMPLETE
1079,0.02177678979933262,2025-04-25 21:33:36.022026,2025-04-25 21:34:53.690818,0 days 00:01:17.668792,0.05831772105110729,256,4,4,32,0.1651474305030076,176,4,2,32,0.2127335992656956,64,3,2,112,0.19352316432359817,192,392.0,,2,1,0.00420599196639752,0.6,/work3/arnaou/checkpoints/groupgat_Vc_trial_1079_best_state.pt,"{'learning_rate': 0.00420599196639752, 'lr_reduce': 0.6}",TPESampler,COMPLETE
1080,0.02176406793296337,2025-04-25 21:34:14.365176,2025-04-25 21:35:25.826878,0 days 00:01:11.461702,0.03387879259978499,176,3,3,112,0.038595428785471654,192,3,1,80,0.12300986740858644,64,3,3,96,0.07860100771306715,56,344.0,368.0,3,2,0.0053690669449028595,0.6,/work3/arnaou/checkpoints/groupgat_Vc_trial_1080_best_state.pt,"{'learning_rate': 0.0053690669449028595, 'lr_reduce': 0.6}",TPESampler,COMPLETE
1081,0.010365580208599567,2025-04-25 21:34:53.952819,2025-04-25 21:35:55.778447,0 days 00:01:01.825628,0.027044929515048007,128,4,2,112,0.03641545263371671,144,4,1,80,0.24113285581199428,64,4,3,128,0.08047616645009317,80,464.0,344.0,3,2,0.004190179219154527,0.6,/work3/arnaou/checkpoints/groupgat_Vc_trial_1081_best_state.pt,"{'learning_rate': 0.004190179219154527, 'lr_reduce': 0.6}",TPESampler,COMPLETE
1082,0.011984742246568203,2025-04-25 21:35:26.056484,2025-04-25 21:36:23.561493,0 days 00:00:57.505009,0.04650816941215255,144,3,2,112,0.02914992373238663,208,2,2,64,0.2338854973995128,80,2,3,112,0.024233327966639157,96,104.0,208.0,3,2,0.004643387942123191,0.6,/work3/arnaou/checkpoints/groupgat_Vc_trial_1082_best_state.pt,"{'learning_rate': 0.004643387942123191, 'lr_reduce': 0.6}",TPESampler,COMPLETE
1083,0.01050570234656334,2025-04-25 21:35:33.086768,2025-04-25 21:36:36.858588,0 days 00:01:03.771820,0.16989253751678718,144,2,4,48,0.10801016708306574,160,4,1,80,0.20456723452911238,48,4,4,96,0.24304379892342087,56,440.0,344.0,3,2,0.0022613596809609197,0.6,/work3/arnaou/checkpoints/groupgat_Vc_trial_1083_best_state.pt,"{'learning_rate': 0.0022613596809609197, 'lr_reduce': 0.6}",TPESampler,COMPLETE
1084,0.011963916011154652,2025-04-25 21:35:56.076131,2025-04-25 21:37:12.830163,0 days 00:01:16.754032,0.07761268680710251,112,4,3,48,0.1214885820952766,112,4,1,80,0.24625410714407622,48,3,4,128,0.29405606585341654,96,400.0,152.0,3,2,0.004659545741409921,0.6,/work3/arnaou/checkpoints/groupgat_Vc_trial_1084_best_state.pt,"{'learning_rate': 0.004659545741409921, 'lr_reduce': 0.6}",TPESampler,COMPLETE
1085,0.011909520253539085,2025-04-25 21:36:23.776353,2025-04-25 21:37:44.110181,0 days 00:01:20.333828,0.08121725650516054,256,4,4,48,0.1155936077053525,224,2,3,32,0.06117652371350473,32,3,1,96,0.2656961142612799,104,456.0,,2,2,0.0007756655804951824,0.6,/work3/arnaou/checkpoints/groupgat_Vc_trial_1085_best_state.pt,"{'learning_rate': 0.0007756655804951824, 'lr_reduce': 0.6}",TPESampler,COMPLETE
1086,0.010829276405274868,2025-04-25 21:36:37.191183,2025-04-25 21:37:30.206543,0 days 00:00:53.015360,0.0862045150585723,224,3,4,64,0.1272815579768,144,2,1,32,0.2835741720004234,32,3,3,128,0.22091295033623848,112,472.0,424.0,3,1,0.002200395103790727,0.6,/work3/arnaou/checkpoints/groupgat_Vc_trial_1086_best_state.pt,"{'learning_rate': 0.002200395103790727, 'lr_reduce': 0.6}",TPESampler,COMPLETE
1087,0.011547244153916836,2025-04-25 21:37:13.048297,2025-04-25 21:38:55.936588,0 days 00:01:42.888291,0.10039948126819338,240,4,2,48,0.1786334992767783,240,2,3,32,0.1131767405467546,48,1,1,96,0.21019722463451956,200,328.0,,2,2,0.004705121704700528,0.6,/work3/arnaou/checkpoints/groupgat_Vc_trial_1087_best_state.pt,"{'learning_rate': 0.004705121704700528, 'lr_reduce': 0.6}",TPESampler,COMPLETE
1088,0.02087237313389778,2025-04-25 21:37:30.520401,2025-04-25 21:39:43.462757,0 days 00:02:12.942356,0.03488261365994355,256,4,4,64,0.1002162028554507,208,2,1,32,0.09473068104476513,48,2,3,80,0.24655336735475358,200,400.0,,2,2,0.006038451966231945,0.6,/work3/arnaou/checkpoints/groupgat_Vc_trial_1088_best_state.pt,"{'learning_rate': 0.006038451966231945, 'lr_reduce': 0.6}",TPESampler,COMPLETE
1089,0.014360602013766766,2025-04-25 21:37:44.480348,2025-04-25 21:38:55.747851,0 days 00:01:11.267503,0.06374521692148902,112,3,2,48,0.1355160752540185,96,3,1,96,0.2570585993063382,32,1,4,96,0.29872662307474296,120,32.0,,2,2,0.008464345074229992,0.6,/work3/arnaou/checkpoints/groupgat_Vc_trial_1089_best_state.pt,"{'learning_rate': 0.008464345074229992, 'lr_reduce': 0.6}",TPESampler,COMPLETE
1090,0.01364170666784048,2025-04-25 21:38:55.962780,2025-04-25 21:40:05.306803,0 days 00:01:09.344023,0.11789664312171028,256,4,3,64,0.13585156390224712,176,4,1,32,0.21522579215131563,32,2,2,96,0.2866462111319309,208,472.0,232.0,3,2,0.0033541373111357835,0.6,/work3/arnaou/checkpoints/groupgat_Vc_trial_1090_best_state.pt,"{'learning_rate': 0.0033541373111357835, 'lr_reduce': 0.6}",TPESampler,COMPLETE
1091,0.010177620686590672,2025-04-25 21:38:56.155358,2025-04-25 21:40:04.313842,0 days 00:01:08.158484,0.04408183502424713,144,4,3,48,0.12359267063807064,96,4,1,96,0.277363369711162,32,2,3,64,0.26863416332528106,64,432.0,328.0,3,2,0.006007782288417412,0.6,/work3/arnaou/checkpoints/groupgat_Vc_trial_1091_best_state.pt,"{'learning_rate': 0.006007782288417412, 'lr_reduce': 0.6}",TPESampler,COMPLETE
1092,0.08497592061758041,2025-04-25 21:39:43.748651,2025-04-25 21:40:25.736336,0 days 00:00:41.987685,0.036422622619992844,192,3,1,48,0.041040687935608264,96,4,1,32,0.19142627615106025,96,1,4,96,0.05484722932325485,160,376.0,256.0,3,2,0.0009904465172681373,0.6,/work3/arnaou/checkpoints/groupgat_Vc_trial_1092_best_state.pt,"{'learning_rate': 0.0009904465172681373, 'lr_reduce': 0.6}",TPESampler,COMPLETE
1093,0.013536336831748486,2025-04-25 21:40:04.620003,2025-04-25 21:41:39.193432,0 days 00:01:34.573429,0.1537439505774892,160,4,2,96,0.1407038046969283,112,4,1,64,0.2993653671083944,32,3,3,96,0.15799831838165032,120,472.0,384.0,3,2,0.0044098213060063925,0.6,/work3/arnaou/checkpoints/groupgat_Vc_trial_1093_best_state.pt,"{'learning_rate': 0.0044098213060063925, 'lr_reduce': 0.6}",TPESampler,COMPLETE
1094,0.014081529341638088,2025-04-25 21:40:05.546241,2025-04-25 21:41:20.435052,0 days 00:01:14.888811,0.01647723749715808,224,4,3,48,0.14519408980591134,224,2,3,32,0.12153009042947654,48,2,1,80,0.28699254590048606,176,424.0,104.0,3,1,0.005251375580067477,0.6,/work3/arnaou/checkpoints/groupgat_Vc_trial_1094_best_state.pt,"{'learning_rate': 0.005251375580067477, 'lr_reduce': 0.6}",TPESampler,COMPLETE
1095,0.012603258714079857,2025-04-25 21:40:25.976051,2025-04-25 21:41:58.574593,0 days 00:01:32.598542,0.03771641590227929,224,3,4,80,0.20199575052925028,256,2,3,32,0.056536050361997554,32,2,3,128,0.23081596558764958,184,,,1,2,0.0026965570734413242,0.6,/work3/arnaou/checkpoints/groupgat_Vc_trial_1095_best_state.pt,"{'learning_rate': 0.0026965570734413242, 'lr_reduce': 0.6}",TPESampler,COMPLETE
1096,0.010263890027999878,2025-04-25 21:41:21.031332,2025-04-25 21:42:48.678205,0 days 00:01:27.646873,0.05970050737436058,128,4,2,128,0.0967896116212204,160,4,2,80,0.1466874510663994,64,2,2,128,0.11604778367055549,112,472.0,304.0,3,2,0.00422490248797688,0.6,/work3/arnaou/checkpoints/groupgat_Vc_trial_1096_best_state.pt,"{'learning_rate': 0.00422490248797688, 'lr_reduce': 0.6}",TPESampler,COMPLETE
1097,0.011296875774860382,2025-04-25 21:41:39.747118,2025-04-25 21:43:03.253185,0 days 00:01:23.506067,0.07946221134770504,224,4,2,32,0.0051801157462853025,144,4,2,64,0.044933555568282005,80,2,3,112,0.014878768793212926,136,392.0,184.0,3,2,0.007005886144288973,0.6,/work3/arnaou/checkpoints/groupgat_Vc_trial_1097_best_state.pt,"{'learning_rate': 0.007005886144288973, 'lr_reduce': 0.6}",TPESampler,COMPLETE
1098,0.013777203857898712,2025-04-25 21:41:58.936291,2025-04-25 21:43:22.765439,0 days 00:01:23.829148,0.01624902087416736,176,3,1,96,0.06454368559242402,208,3,1,48,0.16507978832530074,96,2,3,128,0.06105601958681248,104,344.0,352.0,3,2,0.007554522234479944,0.6,/work3/arnaou/checkpoints/groupgat_Vc_trial_1098_best_state.pt,"{'learning_rate': 0.007554522234479944, 'lr_reduce': 0.6}",TPESampler,COMPLETE
1099,0.015618941746652126,2025-04-25 21:42:48.970086,2025-04-25 21:43:50.708280,0 days 00:01:01.738194,0.09118921256223805,160,4,2,48,0.06681000473885391,176,3,2,96,0.29159850102434537,32,3,3,112,0.2677906489950074,64,424.0,,2,2,0.004939366900713893,0.6,/work3/arnaou/checkpoints/groupgat_Vc_trial_1099_best_state.pt,"{'learning_rate': 0.004939366900713893, 'lr_reduce': 0.6}",TPESampler,COMPLETE
1100,0.009949134662747383,2025-04-25 21:43:03.519554,2025-04-25 21:44:14.430911,0 days 00:01:10.911357,0.0326724806822025,240,4,2,64,0.06906271094652869,176,2,1,80,0.23115987947341143,64,1,1,128,0.26838878237922137,208,472.0,256.0,3,2,0.003268450202724538,0.6,/work3/arnaou/checkpoints/groupgat_Vc_trial_1100_best_state.pt,"{'learning_rate': 0.003268450202724538, 'lr_reduce': 0.6}",TPESampler,COMPLETE
1101,0.015270774252712727,2025-04-25 21:43:23.225362,2025-04-25 21:44:46.682955,0 days 00:01:23.457593,0.016266377890235804,112,4,3,112,0.022287021984780442,176,2,1,48,0.10023389338672285,48,2,2,128,0.1523045867731925,160,424.0,216.0,3,2,0.009171456679220081,0.6,/work3/arnaou/checkpoints/groupgat_Vc_trial_1101_best_state.pt,"{'learning_rate': 0.009171456679220081, 'lr_reduce': 0.6}",TPESampler,COMPLETE
1102,0.012205319479107857,2025-04-25 21:43:50.966106,2025-04-25 21:45:19.567203,0 days 00:01:28.601097,0.04733219897573211,96,4,1,112,0.04654088427130106,128,3,2,64,0.11575392343341472,96,2,4,128,0.05409382601034768,152,480.0,304.0,3,2,0.004581559516818835,0.6,/work3/arnaou/checkpoints/groupgat_Vc_trial_1102_best_state.pt,"{'learning_rate': 0.004581559516818835, 'lr_reduce': 0.6}",TPESampler,COMPLETE
1103,0.015535995364189148,2025-04-25 21:44:14.711425,2025-04-25 21:45:59.382816,0 days 00:01:44.671391,0.09716965295364446,240,3,2,96,0.07207316371115605,144,4,2,64,0.24437902104164494,96,1,2,128,0.013517634687609636,272,384.0,,2,2,0.005593442950674095,0.6,/work3/arnaou/checkpoints/groupgat_Vc_trial_1103_best_state.pt,"{'learning_rate': 0.005593442950674095, 'lr_reduce': 0.6}",TPESampler,COMPLETE
1104,0.01101077813655138,2025-04-25 21:44:46.984112,2025-04-25 21:45:43.603025,0 days 00:00:56.618913,0.0253756455992558,208,3,4,80,0.19246592132914675,96,3,1,48,0.22056413127818186,96,2,3,80,0.13136663907540458,128,512.0,,2,2,0.0024014290258078936,0.6,/work3/arnaou/checkpoints/groupgat_Vc_trial_1104_best_state.pt,"{'learning_rate': 0.0024014290258078936, 'lr_reduce': 0.6}",TPESampler,COMPLETE
1105,0.012607642449438572,2025-04-25 21:45:19.883759,2025-04-25 21:46:17.398424,0 days 00:00:57.514665,0.040889332816724584,256,4,4,80,0.06097960735483953,208,2,2,32,0.10072619559416648,32,4,3,80,0.28938537304729717,152,440.0,,2,2,0.0015965607324959362,0.6,/work3/arnaou/checkpoints/groupgat_Vc_trial_1105_best_state.pt,"{'learning_rate': 0.0015965607324959362, 'lr_reduce': 0.6}",TPESampler,COMPLETE
1106,0.013145281933248043,2025-04-25 21:45:43.927815,2025-04-25 21:46:56.442553,0 days 00:01:12.514738,0.08631962070242233,256,1,4,80,0.038630162698712014,80,3,1,48,0.2912200175640014,80,1,4,96,0.15510808794399053,192,328.0,,2,2,0.0021524364628741762,0.6,/work3/arnaou/checkpoints/groupgat_Vc_trial_1106_best_state.pt,"{'learning_rate': 0.0021524364628741762, 'lr_reduce': 0.6}",TPESampler,COMPLETE
1107,0.013620804995298386,2025-04-25 21:45:59.705777,2025-04-25 21:46:53.528952,0 days 00:00:53.823175,0.05898444392776821,224,4,2,64,0.11016019206535617,192,2,2,32,0.25429267732971345,64,2,2,112,0.29647134967323036,192,440.0,416.0,3,1,0.0037047099003479377,0.6,/work3/arnaou/checkpoints/groupgat_Vc_trial_1107_best_state.pt,"{'learning_rate': 0.0037047099003479377, 'lr_reduce': 0.6}",TPESampler,COMPLETE
1108,0.10394924879074097,2025-04-25 21:46:17.685093,2025-04-25 21:46:50.780191,0 days 00:00:33.095098,0.018367763165734102,256,3,2,112,0.10343361694800957,240,3,2,80,0.25259901802944845,48,1,2,112,0.2981276017114716,48,392.0,344.0,3,1,0.0009277038678549284,0.6,/work3/arnaou/checkpoints/groupgat_Vc_trial_1108_best_state.pt,"{'learning_rate': 0.0009277038678549284, 'lr_reduce': 0.6}",TPESampler,COMPLETE
1109,0.015835875645279884,2025-04-25 21:46:51.018960,2025-04-25 21:49:07.869260,0 days 00:02:16.850300,0.0604618756117835,144,4,3,48,0.11282610050216478,128,4,1,64,0.2331503084262204,48,2,4,96,0.27174887391106173,32,,,1,2,0.001460196966581722,0.6,/work3/arnaou/checkpoints/groupgat_Vc_trial_1109_best_state.pt,"{'learning_rate': 0.001460196966581722, 'lr_reduce': 0.6}",TPESampler,COMPLETE
1110,0.014445059932768345,2025-04-25 21:46:53.798912,2025-04-25 21:48:08.572638,0 days 00:01:14.773726,0.0372748631152541,80,1,2,80,0.04379423342956698,96,4,3,96,0.16138114746412732,32,1,4,96,0.15647917131745598,96,480.0,,2,2,0.007034318755506169,0.6,/work3/arnaou/checkpoints/groupgat_Vc_trial_1110_best_state.pt,"{'learning_rate': 0.007034318755506169, 'lr_reduce': 0.6}",TPESampler,COMPLETE
1111,0.012958522886037827,2025-04-25 21:46:56.683246,2025-04-25 21:48:11.867574,0 days 00:01:15.184328,0.084805464681989,208,3,3,64,0.16404405713380513,128,4,2,32,0.15032254804341802,96,1,3,96,0.26338697227836727,184,440.0,,2,2,0.005637288421635121,0.6,/work3/arnaou/checkpoints/groupgat_Vc_trial_1111_best_state.pt,"{'learning_rate': 0.005637288421635121, 'lr_reduce': 0.6}",TPESampler,COMPLETE
1112,0.011135769076645374,2025-04-25 21:48:08.852137,2025-04-25 21:49:07.868567,0 days 00:00:59.016430,0.08741213914230082,224,4,2,32,0.09552166055029382,112,4,1,32,0.19715844039282504,96,1,2,80,0.0760580176174008,48,480.0,152.0,3,2,0.0052770214773826835,0.6,/work3/arnaou/checkpoints/groupgat_Vc_trial_1112_best_state.pt,"{'learning_rate': 0.0052770214773826835, 'lr_reduce': 0.6}",TPESampler,COMPLETE
1113,0.010314498096704483,2025-04-25 21:48:12.131318,2025-04-25 21:49:33.578422,0 days 00:01:21.447104,0.040785885453110404,224,4,2,32,0.11799563877730967,64,4,1,32,0.10044615014825575,64,2,4,96,0.03680159159287934,152,96.0,232.0,3,2,0.005039378736891548,0.6,/work3/arnaou/checkpoints/groupgat_Vc_trial_1113_best_state.pt,"{'learning_rate': 0.005039378736891548, 'lr_reduce': 0.6}",TPESampler,COMPLETE
1114,0.012176299467682838,2025-04-25 21:49:08.044417,2025-04-25 21:50:06.328996,0 days 00:00:58.284579,0.02511524597340323,112,3,2,48,0.03733327397963463,112,4,2,80,0.15290330022033025,32,1,4,112,0.16895973962374958,80,400.0,,2,2,0.006962250869228604,0.6,/work3/arnaou/checkpoints/groupgat_Vc_trial_1114_best_state.pt,"{'learning_rate': 0.006962250869228604, 'lr_reduce': 0.6}",TPESampler,COMPLETE
1115,0.014582321047782898,2025-04-25 21:49:08.092382,2025-04-25 21:50:04.797319,0 days 00:00:56.704937,0.010567318914797681,208,4,4,32,0.10982132860174186,176,4,1,64,0.2841406754052778,64,4,3,128,0.22627302076658487,120,440.0,288.0,3,1,0.009203712725970049,0.6,/work3/arnaou/checkpoints/groupgat_Vc_trial_1115_best_state.pt,"{'learning_rate': 0.009203712725970049, 'lr_reduce': 0.6}",TPESampler,COMPLETE
1116,0.013096025213599205,2025-04-25 21:49:33.887933,2025-04-25 21:50:44.993020,0 days 00:01:11.105087,0.036744446169090506,160,4,2,128,0.0971126116705194,160,2,1,96,0.2097585551558535,96,2,2,112,0.09927219149893361,352,152.0,384.0,3,2,0.001028922331610399,0.6,/work3/arnaou/checkpoints/groupgat_Vc_trial_1116_best_state.pt,"{'learning_rate': 0.001028922331610399, 'lr_reduce': 0.6}",TPESampler,COMPLETE
