number,value,datetime_start,datetime_complete,duration,params_L1_dropout,params_L1_hidden_dim,params_L1_layers_atom,params_L1_layers_mol,params_L1_out_dim,params_L2_dropout,params_L2_hidden_dim,params_L2_layers_atom,params_L2_layers_mol,params_L2_out_dim,params_L3_dropout,params_L3_hidden_dim,params_L3_layers_atom,params_L3_layers_mol,params_L3_out_dim,params_final_dropout,params_mlp_dim_0,params_mlp_dim_1,params_mlp_dim_2,params_n_mlp_layers,params_num_heads,params_train_learning_rate,params_train_lr_reduce,user_attrs_best_state_dict_path,user_attrs_training_params,system_attrs_auto:sampler,state
1911,0.011118760332465172,2025-04-26 03:25:19.301015,2025-04-26 03:26:32.776753,0 days 00:01:13.475738,0.007725332323690624,224,3,2,96,0.11750665188695197,176,3,1,64,0.15204658964789539,64,1,1,128,0.2510956934205052,208,280.0,80.0,3,1,0.0087735302010328,0.6,/work3/arnaou/checkpoints/groupgat_Vc_trial_1911_best_state.pt,"{'learning_rate': 0.0087735302010328, 'lr_reduce': 0.6}",TPESampler,COMPLETE
1912,0.07646412402391434,2025-04-26 03:25:23.843932,2025-04-26 03:27:13.891109,0 days 00:01:50.047177,0.19866235093464163,144,2,3,96,0.279980165796442,144,1,1,48,0.14167260833248205,128,2,4,32,0.02312341151714767,136,,,1,2,0.009900474574668998,0.6,/work3/arnaou/checkpoints/groupgat_Vc_trial_1912_best_state.pt,"{'learning_rate': 0.009900474574668998, 'lr_reduce': 0.6}",TPESampler,COMPLETE
1913,0.01220964826643467,2025-04-26 03:26:04.745638,2025-04-26 03:27:07.748326,0 days 00:01:03.002688,0.050773652135534655,64,4,4,48,0.03539591559112955,96,4,1,96,0.22297005172590345,32,1,4,96,0.2761429785988669,104,336.0,,2,2,0.0063497286180451825,0.6,/work3/arnaou/checkpoints/groupgat_Vc_trial_1913_best_state.pt,"{'learning_rate': 0.0063497286180451825, 'lr_reduce': 0.6}",TPESampler,COMPLETE
1914,0.010883498936891556,2025-04-26 03:26:34.719525,2025-04-26 03:27:33.160946,0 days 00:00:58.441421,0.031124811621328956,160,4,3,48,0.09735712563597601,128,4,1,32,0.1950158412103504,48,1,2,96,0.2736002328817364,208,464.0,232.0,3,2,0.0030064449009989257,0.6,/work3/arnaou/checkpoints/groupgat_Vc_trial_1914_best_state.pt,"{'learning_rate': 0.0030064449009989257, 'lr_reduce': 0.6}",TPESampler,COMPLETE
1915,0.01503878552466631,2025-04-26 03:27:08.884780,2025-04-26 03:28:18.878150,0 days 00:01:09.993370,0.28820593205004336,112,2,3,96,0.0657019208424676,160,4,2,96,0.2637364881195647,48,4,3,112,0.03445190927836431,104,,,1,2,0.002285052202277903,0.6,/work3/arnaou/checkpoints/groupgat_Vc_trial_1915_best_state.pt,"{'learning_rate': 0.002285052202277903, 'lr_reduce': 0.6}",TPESampler,COMPLETE
1916,0.01225198246538639,2025-04-26 03:27:15.388656,2025-04-26 03:29:14.032821,0 days 00:01:58.644165,0.029186594778189735,224,4,3,64,0.10674884266378261,96,3,2,64,0.1504066849130949,80,2,4,80,0.27343893438649647,224,400.0,,2,2,0.004187090516614931,0.6,/work3/arnaou/checkpoints/groupgat_Vc_trial_1916_best_state.pt,"{'learning_rate': 0.004187090516614931, 'lr_reduce': 0.6}",TPESampler,COMPLETE
1917,0.01251259446144104,2025-04-26 03:27:34.954350,2025-04-26 03:29:17.387343,0 days 00:01:42.432993,0.034548285036683196,192,3,3,96,0.08336646380818886,80,3,1,96,0.17951319770523885,80,3,3,128,0.05867825563761195,88,368.0,320.0,3,2,0.0036079163729399125,0.6,/work3/arnaou/checkpoints/groupgat_Vc_trial_1917_best_state.pt,"{'learning_rate': 0.0036079163729399125, 'lr_reduce': 0.6}",TPESampler,COMPLETE
1918,0.018585696816444397,2025-04-26 03:28:21.322698,2025-04-26 03:31:16.470925,0 days 00:02:55.148227,0.002371192412701943,208,3,4,80,0.07423748019209662,240,3,3,32,0.05683380491957568,64,2,3,96,0.2947979870055596,88,416.0,,2,2,0.0004477396177277536,0.6,/work3/arnaou/checkpoints/groupgat_Vc_trial_1918_best_state.pt,"{'learning_rate': 0.0004477396177277536, 'lr_reduce': 0.6}",TPESampler,COMPLETE
1919,0.08179126679897308,2025-04-26 03:29:16.428430,2025-04-26 03:31:14.946132,0 days 00:01:58.517702,0.24781181934500435,240,3,3,112,0.24323551360749146,144,1,4,64,0.2519685588970457,32,3,4,96,0.15977124122563952,360,456.0,184.0,3,2,0.0002253976142240042,0.6,/work3/arnaou/checkpoints/groupgat_Vc_trial_1919_best_state.pt,"{'learning_rate': 0.0002253976142240042, 'lr_reduce': 0.6}",TPESampler,COMPLETE
1920,0.05167517811059952,2025-04-26 03:29:19.963711,2025-04-26 03:32:20.328970,0 days 00:03:00.365259,0.02370801942042733,128,1,4,48,0.22670443754699476,192,3,4,80,0.023947903262133863,32,3,2,32,0.08948922477846816,48,320.0,256.0,3,1,0.0001930155998099592,0.6,/work3/arnaou/checkpoints/groupgat_Vc_trial_1920_best_state.pt,"{'learning_rate': 0.0001930155998099592, 'lr_reduce': 0.6}",TPESampler,COMPLETE
1921,0.045293986797332764,2025-04-26 03:31:16.914048,2025-04-26 03:34:46.828211,0 days 00:03:29.914163,0.1958124457612339,80,1,3,48,0.08666325815345301,64,1,3,48,0.2089798336259084,64,4,4,128,0.19236855348183113,72,240.0,,2,2,0.00010595202538477794,0.6,/work3/arnaou/checkpoints/groupgat_Vc_trial_1921_best_state.pt,"{'learning_rate': 0.00010595202538477794, 'lr_reduce': 0.6}",TPESampler,COMPLETE
1922,0.015108061954379082,2025-04-26 03:31:18.580007,2025-04-26 03:32:53.867276,0 days 00:01:35.287269,0.18664845919269485,256,4,3,32,0.0541301715697744,64,3,1,64,0.2558052169806655,32,2,1,96,0.1969345051550611,168,64.0,,2,2,0.0077153318400328035,0.6,/work3/arnaou/checkpoints/groupgat_Vc_trial_1922_best_state.pt,"{'learning_rate': 0.0077153318400328035, 'lr_reduce': 0.6}",TPESampler,COMPLETE
1923,0.03398238494992256,2025-04-26 03:32:23.206068,2025-04-26 03:34:20.786021,0 days 00:01:57.579953,0.15151002306157518,96,2,1,112,0.040755774950781656,256,3,1,112,0.10442406807231569,80,4,1,32,0.2539051256213085,144,,,1,1,0.0002985243949797893,0.6,/work3/arnaou/checkpoints/groupgat_Vc_trial_1923_best_state.pt,"{'learning_rate': 0.0002985243949797893, 'lr_reduce': 0.6}",TPESampler,COMPLETE
1924,0.01642801985144615,2025-04-26 03:32:55.973433,2025-04-26 03:34:21.097844,0 days 00:01:25.124411,0.20039556710002032,144,1,3,96,0.04697693621544073,192,3,2,48,0.010554487285172887,96,1,4,80,0.20365769964629726,112,,,1,1,0.0031912678850210415,0.6,/work3/arnaou/checkpoints/groupgat_Vc_trial_1924_best_state.pt,"{'learning_rate': 0.0031912678850210415, 'lr_reduce': 0.6}",TPESampler,COMPLETE
1925,0.013130429200828075,2025-04-26 03:34:23.103903,2025-04-26 03:37:19.712995,0 days 00:02:56.609092,0.19731191320839891,224,4,2,112,0.07275698091315098,256,4,1,96,0.16515996753803816,96,4,4,80,0.23342192383253563,120,376.0,352.0,3,1,0.0013739305069331417,0.6,/work3/arnaou/checkpoints/groupgat_Vc_trial_1925_best_state.pt,"{'learning_rate': 0.0013739305069331417, 'lr_reduce': 0.6}",TPESampler,COMPLETE
1926,0.016721121966838837,2025-04-26 03:34:23.647022,2025-04-26 03:35:52.624862,0 days 00:01:28.977840,0.010694361913217282,240,4,2,32,0.14900902368888974,112,1,2,32,0.28313024642170415,64,2,2,96,0.24284452068799497,288,416.0,288.0,3,1,0.0018455503999512271,0.6,/work3/arnaou/checkpoints/groupgat_Vc_trial_1926_best_state.pt,"{'learning_rate': 0.0018455503999512271, 'lr_reduce': 0.6}",TPESampler,COMPLETE
1927,0.010498018935322762,2025-04-26 03:34:48.771343,2025-04-26 03:36:35.831452,0 days 00:01:47.060109,0.02103140037259841,80,4,3,48,0.012196260844206747,160,4,1,112,0.19900016027079376,32,2,4,80,0.28307947393304805,88,456.0,216.0,3,2,0.007358915821786609,0.6,/work3/arnaou/checkpoints/groupgat_Vc_trial_1927_best_state.pt,"{'learning_rate': 0.007358915821786609, 'lr_reduce': 0.6}",TPESampler,COMPLETE
1928,0.01613938808441162,2025-04-26 03:35:53.159619,2025-04-26 03:37:46.162627,0 days 00:01:53.003008,0.05264649019910028,224,2,4,96,0.008498388996159994,96,2,2,80,0.22313738850561704,96,2,3,64,0.19960424429160317,280,352.0,136.0,3,1,0.0042030108015446346,0.6,/work3/arnaou/checkpoints/groupgat_Vc_trial_1928_best_state.pt,"{'learning_rate': 0.0042030108015446346, 'lr_reduce': 0.6}",TPESampler,COMPLETE
1929,0.010142696090042591,2025-04-26 03:36:38.446300,2025-04-26 03:38:11.991460,0 days 00:01:33.545160,0.06383834348109932,256,2,4,48,0.2234260988898964,128,4,1,64,0.21399413740696482,64,3,2,80,0.24148329001338514,192,272.0,440.0,3,2,0.0032981783479686306,0.6,/work3/arnaou/checkpoints/groupgat_Vc_trial_1929_best_state.pt,"{'learning_rate': 0.0032981783479686306, 'lr_reduce': 0.6}",TPESampler,COMPLETE
1930,0.010213390924036503,2025-04-26 03:37:22.160081,2025-04-26 03:39:00.537988,0 days 00:01:38.377907,0.057373637008295654,160,1,2,96,0.06063594564967288,96,3,3,112,0.21954905703313876,48,2,2,128,0.12882728468507776,184,104.0,,2,2,0.007838933564941745,0.6,/work3/arnaou/checkpoints/groupgat_Vc_trial_1930_best_state.pt,"{'learning_rate': 0.007838933564941745, 'lr_reduce': 0.6}",TPESampler,COMPLETE
1931,0.04444844275712967,2025-04-26 03:37:48.555528,2025-04-26 03:38:46.593517,0 days 00:00:58.037989,0.14779709609977043,224,4,3,32,0.03097302705989162,64,3,2,48,0.23106048788363803,32,2,1,96,0.16391005240512765,296,416.0,256.0,3,2,0.0025285723751426194,0.6,/work3/arnaou/checkpoints/groupgat_Vc_trial_1931_best_state.pt,"{'learning_rate': 0.0025285723751426194, 'lr_reduce': 0.6}",TPESampler,COMPLETE
1932,0.010162437334656715,2025-04-26 03:38:14.502480,2025-04-26 03:39:48.576051,0 days 00:01:34.073571,0.1020129386047826,192,3,4,48,0.0527761656745827,64,3,3,48,0.26338537629753034,64,1,2,32,0.19277604665706988,144,,,1,2,0.0025448320536806887,0.6,/work3/arnaou/checkpoints/groupgat_Vc_trial_1932_best_state.pt,"{'learning_rate': 0.0025448320536806887, 'lr_reduce': 0.6}",TPESampler,COMPLETE
1933,0.010730372741818428,2025-04-26 03:38:48.943436,2025-04-26 03:40:26.918149,0 days 00:01:37.974713,0.12160247169537408,160,4,2,128,0.014893705893197426,176,3,1,64,0.19508402604545827,96,1,4,128,0.028997150910408317,112,464.0,336.0,3,2,0.005830508733625861,0.6,/work3/arnaou/checkpoints/groupgat_Vc_trial_1933_best_state.pt,"{'learning_rate': 0.005830508733625861, 'lr_reduce': 0.6}",TPESampler,COMPLETE
1934,0.010642282664775848,2025-04-26 03:39:03.436840,2025-04-26 03:40:33.208381,0 days 00:01:29.771541,0.03352348263072147,208,4,4,48,0.025948375865077658,176,3,2,32,0.2348537568487907,80,3,3,128,0.2737410107377371,168,384.0,184.0,3,1,0.003868640856620798,0.6,/work3/arnaou/checkpoints/groupgat_Vc_trial_1934_best_state.pt,"{'learning_rate': 0.003868640856620798, 'lr_reduce': 0.6}",TPESampler,COMPLETE
1935,0.016641926020383835,2025-04-26 03:39:51.395197,2025-04-26 03:42:09.378603,0 days 00:02:17.983406,0.07912855363740248,176,4,1,128,0.03274603937966113,256,4,3,128,0.2823796449791039,96,2,2,32,0.16611558269794963,168,312.0,296.0,3,1,0.00034323029006069744,0.6,/work3/arnaou/checkpoints/groupgat_Vc_trial_1935_best_state.pt,"{'learning_rate': 0.00034323029006069744, 'lr_reduce': 0.6}",TPESampler,COMPLETE
1936,0.010067809373140335,2025-04-26 03:40:27.597231,2025-04-26 03:41:13.111164,0 days 00:00:45.513933,0.0368156670488359,176,2,3,80,0.09633738915009968,176,4,1,96,0.29444466056849444,48,1,2,128,0.29855960256112274,88,200.0,384.0,3,1,0.0022605426875254952,0.6,/work3/arnaou/checkpoints/groupgat_Vc_trial_1936_best_state.pt,"{'learning_rate': 0.0022605426875254952, 'lr_reduce': 0.6}",TPESampler,COMPLETE
1937,0.018909288570284843,2025-04-26 03:40:34.665502,2025-04-26 03:41:20.387396,0 days 00:00:45.721894,0.08104155386562636,256,4,2,32,0.14694578497443597,192,1,3,80,0.19301490348255812,64,2,2,112,0.23396374840397927,272,424.0,480.0,3,2,0.0015208869792048417,0.6,/work3/arnaou/checkpoints/groupgat_Vc_trial_1937_best_state.pt,"{'learning_rate': 0.0015208869792048417, 'lr_reduce': 0.6}",TPESampler,COMPLETE
1938,0.026521777734160423,2025-04-26 03:41:14.376731,2025-04-26 03:43:44.962785,0 days 00:02:30.586054,0.011242294325195384,192,2,3,112,0.07239367004685021,64,1,3,48,0.21602095293800438,32,1,4,128,0.08054811155606358,464,,,1,1,0.000291171012221453,0.6,/work3/arnaou/checkpoints/groupgat_Vc_trial_1938_best_state.pt,"{'learning_rate': 0.000291171012221453, 'lr_reduce': 0.6}",TPESampler,COMPLETE
1939,0.12156383693218231,2025-04-26 03:41:22.688457,2025-04-26 03:44:31.067852,0 days 00:03:08.379395,0.2945740393036727,96,3,4,64,0.23629558741094586,112,1,3,48,0.26024429203476374,80,2,4,80,0.24983437707141334,104,472.0,224.0,3,2,0.00011524755369745714,0.6,/work3/arnaou/checkpoints/groupgat_Vc_trial_1939_best_state.pt,"{'learning_rate': 0.00011524755369745714, 'lr_reduce': 0.6}",TPESampler,COMPLETE
1940,0.01163596473634243,2025-04-26 03:42:12.499681,2025-04-26 03:43:49.533861,0 days 00:01:37.034180,0.03830127809044816,256,3,4,80,0.09878348361164471,144,4,1,80,0.2224307915423446,32,2,2,96,0.21576951959623586,120,352.0,280.0,3,2,0.002939391495773239,0.6,/work3/arnaou/checkpoints/groupgat_Vc_trial_1940_best_state.pt,"{'learning_rate': 0.002939391495773239, 'lr_reduce': 0.6}",TPESampler,COMPLETE
1941,0.04651340842247009,2025-04-26 03:43:46.876303,2025-04-26 03:45:59.652588,0 days 00:02:12.776285,0.055651275364305655,224,4,3,96,0.1518300542993234,224,4,4,96,0.029856237813318323,96,2,4,48,0.24135733400066678,456,,,1,1,0.000860187755796182,0.6,/work3/arnaou/checkpoints/groupgat_Vc_trial_1941_best_state.pt,"{'learning_rate': 0.000860187755796182, 'lr_reduce': 0.6}",TPESampler,COMPLETE
1942,0.01199096255004406,2025-04-26 03:43:51.427554,2025-04-26 03:45:24.880224,0 days 00:01:33.452670,0.029022317979392993,176,4,4,64,0.00902688903192931,256,1,4,32,0.028553755272912654,64,3,2,80,0.26515640587852046,216,416.0,,2,1,0.0032032404875571687,0.6,/work3/arnaou/checkpoints/groupgat_Vc_trial_1942_best_state.pt,"{'learning_rate': 0.0032032404875571687, 'lr_reduce': 0.6}",TPESampler,COMPLETE
1943,0.014242253266274929,2025-04-26 03:44:34.091261,2025-04-26 03:46:16.570438,0 days 00:01:42.479177,0.0381595203559599,256,4,4,48,0.16020723159600098,112,4,2,64,0.23738106363582143,48,2,2,80,0.129191322382068,88,280.0,344.0,3,2,0.0043967191328901116,0.6,/work3/arnaou/checkpoints/groupgat_Vc_trial_1943_best_state.pt,"{'learning_rate': 0.0043967191328901116, 'lr_reduce': 0.6}",TPESampler,COMPLETE
1944,0.013884720392525196,2025-04-26 03:45:26.334710,2025-04-26 03:47:51.882421,0 days 00:02:25.547711,0.09771267012910395,256,3,3,96,0.006894556318078391,64,3,3,64,0.29922338123649705,64,1,3,32,0.19393192841147922,160,,,1,2,0.004524333851340505,0.6,/work3/arnaou/checkpoints/groupgat_Vc_trial_1944_best_state.pt,"{'learning_rate': 0.004524333851340505, 'lr_reduce': 0.6}",TPESampler,COMPLETE
1945,0.03694179654121399,2025-04-26 03:46:02.302317,2025-04-26 03:47:19.156642,0 days 00:01:16.854325,0.07594118768176598,80,4,4,64,0.04483653758135474,176,4,2,96,0.11944160578818402,32,1,3,96,0.28055388446046076,40,376.0,,2,2,0.007982324228500001,0.6,/work3/arnaou/checkpoints/groupgat_Vc_trial_1945_best_state.pt,"{'learning_rate': 0.007982324228500001, 'lr_reduce': 0.6}",TPESampler,COMPLETE
1946,0.04989100620150566,2025-04-26 03:46:19.430557,2025-04-26 03:47:25.562320,0 days 00:01:06.131763,0.11180303698667354,256,2,1,32,0.08988215990703495,80,2,1,32,0.0689606688715817,112,1,3,80,0.15005462308298625,408,464.0,72.0,3,2,0.0011234481543070697,0.6,/work3/arnaou/checkpoints/groupgat_Vc_trial_1946_best_state.pt,"{'learning_rate': 0.0011234481543070697, 'lr_reduce': 0.6}",TPESampler,COMPLETE
1947,0.011720514856278896,2025-04-26 03:47:20.864662,2025-04-26 03:48:26.029914,0 days 00:01:05.165252,0.1085776725924222,240,4,3,64,0.09215733080143554,208,1,4,32,0.14083070902314443,64,2,2,64,0.2529650779081504,296,224.0,152.0,3,1,0.001611693210736961,0.6,/work3/arnaou/checkpoints/groupgat_Vc_trial_1947_best_state.pt,"{'learning_rate': 0.001611693210736961, 'lr_reduce': 0.6}",TPESampler,COMPLETE
1948,0.012297440320253372,2025-04-26 03:47:26.265571,2025-04-26 03:49:16.532157,0 days 00:01:50.266586,0.13833765363183695,192,2,1,64,0.009021950343567103,112,3,1,32,0.10665232140081524,80,1,4,128,0.02860977103250338,224,320.0,,2,2,0.0062592179100055285,0.6,/work3/arnaou/checkpoints/groupgat_Vc_trial_1948_best_state.pt,"{'learning_rate': 0.0062592179100055285, 'lr_reduce': 0.6}",TPESampler,COMPLETE
1949,0.020662756636738777,2025-04-26 03:47:53.021717,2025-04-26 03:49:19.705597,0 days 00:01:26.683880,0.16599240516462607,208,1,1,96,0.2613235454787727,192,3,4,96,0.008549792194225636,64,3,4,128,0.20370154893847495,344,,,1,2,0.006078658915266377,0.6,/work3/arnaou/checkpoints/groupgat_Vc_trial_1949_best_state.pt,"{'learning_rate': 0.006078658915266377, 'lr_reduce': 0.6}",TPESampler,COMPLETE
1950,0.02670077234506607,2025-04-26 03:48:26.844663,2025-04-26 03:50:40.042018,0 days 00:02:13.197355,0.10253865542227653,96,3,4,64,0.24887884682770064,192,1,3,96,0.28832415969033565,32,3,3,112,0.09257043442512417,280,416.0,240.0,3,2,0.0003141644399662854,0.6,/work3/arnaou/checkpoints/groupgat_Vc_trial_1950_best_state.pt,"{'learning_rate': 0.0003141644399662854, 'lr_reduce': 0.6}",TPESampler,COMPLETE
1951,0.014883384108543396,2025-04-26 03:49:19.244964,2025-04-26 03:52:08.069260,0 days 00:02:48.824296,0.2999316366450079,160,4,3,32,0.2692991859256393,192,2,3,80,0.12322387215920078,96,3,2,64,0.1483640630455573,240,144.0,312.0,3,1,0.0009467913008723446,0.6,/work3/arnaou/checkpoints/groupgat_Vc_trial_1951_best_state.pt,"{'learning_rate': 0.0009467913008723446, 'lr_reduce': 0.6}",TPESampler,COMPLETE
1952,0.010377106256783009,2025-04-26 03:49:22.916079,2025-04-26 03:50:46.099268,0 days 00:01:23.183189,0.06018975792377086,192,3,2,32,0.2516389766137542,128,4,1,32,0.13347835764918248,32,1,2,96,0.17753240298362766,296,376.0,400.0,3,2,0.002562776756987735,0.6,/work3/arnaou/checkpoints/groupgat_Vc_trial_1952_best_state.pt,"{'learning_rate': 0.002562776756987735, 'lr_reduce': 0.6}",TPESampler,COMPLETE
1953,0.03114556521177292,2025-04-26 03:50:42.563283,2025-04-26 03:52:43.973942,0 days 00:02:01.410659,0.2654322261938291,64,3,4,128,0.10102861902530019,240,1,1,96,0.17775930841458476,48,1,3,32,0.03954192398082167,288,,,1,1,0.0001071292859307776,0.6,/work3/arnaou/checkpoints/groupgat_Vc_trial_1953_best_state.pt,"{'learning_rate': 0.0001071292859307776, 'lr_reduce': 0.6}",TPESampler,COMPLETE
1954,0.011576379649341106,2025-04-26 03:50:48.932379,2025-04-26 03:52:31.038181,0 days 00:01:42.105802,0.011541350262130653,240,4,4,64,0.01985878730304831,256,2,1,32,0.09477358777678355,32,2,4,80,0.2561868744951506,72,456.0,,2,2,0.00573901657902786,0.6,/work3/arnaou/checkpoints/groupgat_Vc_trial_1954_best_state.pt,"{'learning_rate': 0.00573901657902786, 'lr_reduce': 0.6}",TPESampler,COMPLETE
1955,0.010599658824503422,2025-04-26 03:52:08.707250,2025-04-26 03:53:47.157786,0 days 00:01:38.450536,0.020880827517728677,208,3,4,64,0.029652141922539794,64,4,2,80,0.2714624670931655,64,1,4,64,0.274260784674214,280,416.0,,2,2,0.003720137333896035,0.6,/work3/arnaou/checkpoints/groupgat_Vc_trial_1955_best_state.pt,"{'learning_rate': 0.003720137333896035, 'lr_reduce': 0.6}",TPESampler,COMPLETE
1956,0.014083567075431347,2025-04-26 03:52:33.505585,2025-04-26 03:54:35.608862,0 days 00:02:02.103277,0.13598653430921995,192,4,4,96,0.11118909355362962,80,4,1,48,0.21722102812551947,96,1,4,48,0.2165323456312319,72,256.0,200.0,3,2,0.008363907523894733,0.6,/work3/arnaou/checkpoints/groupgat_Vc_trial_1956_best_state.pt,"{'learning_rate': 0.008363907523894733, 'lr_reduce': 0.6}",TPESampler,COMPLETE
1957,0.015032483264803886,2025-04-26 03:52:46.527748,2025-04-26 03:54:45.497948,0 days 00:01:58.970200,0.06531306665839806,208,3,2,32,0.14180821838600247,96,4,1,80,0.14084597036500185,112,1,3,128,0.012958691843382395,200,472.0,264.0,3,2,0.005348747621721733,0.6,/work3/arnaou/checkpoints/groupgat_Vc_trial_1957_best_state.pt,"{'learning_rate': 0.005348747621721733, 'lr_reduce': 0.6}",TPESampler,COMPLETE
1958,0.017898816615343094,2025-04-26 03:53:50.165605,2025-04-26 03:55:57.696752,0 days 00:02:07.531147,0.04321450670925364,80,3,2,96,0.05795468986405036,192,2,1,64,0.24920148368491385,48,2,3,112,0.14134665406514563,32,360.0,112.0,3,2,0.0010451407123421735,0.6,/work3/arnaou/checkpoints/groupgat_Vc_trial_1958_best_state.pt,"{'learning_rate': 0.0010451407123421735, 'lr_reduce': 0.6}",TPESampler,COMPLETE
1959,0.014677518978714943,2025-04-26 03:54:38.055075,2025-04-26 03:57:20.743724,0 days 00:02:42.688649,0.10723070165678783,176,3,2,32,0.03253610896905806,112,4,1,64,0.15377471164697457,80,2,3,128,0.023554515139842937,160,328.0,368.0,3,2,0.0016392052116268225,0.6,/work3/arnaou/checkpoints/groupgat_Vc_trial_1959_best_state.pt,"{'learning_rate': 0.0016392052116268225, 'lr_reduce': 0.6}",TPESampler,COMPLETE
1960,0.011859877966344357,2025-04-26 03:54:48.384250,2025-04-26 03:55:47.966724,0 days 00:00:59.582474,0.19407516225348503,64,1,2,32,0.1360750928056498,128,4,4,80,0.017847495991635598,96,2,3,48,0.012033264351550998,136,416.0,,2,1,0.00813440744213943,0.6,/work3/arnaou/checkpoints/groupgat_Vc_trial_1960_best_state.pt,"{'learning_rate': 0.00813440744213943, 'lr_reduce': 0.6}",TPESampler,COMPLETE
1961,0.011718996800482273,2025-04-26 03:55:48.502902,2025-04-26 03:57:22.749198,0 days 00:01:34.246296,0.03545226144989677,256,4,3,48,0.11337716525354338,112,3,1,32,0.18544524905520118,32,1,2,96,0.25546421496498656,160,384.0,,2,2,0.0015705732761221935,0.6,/work3/arnaou/checkpoints/groupgat_Vc_trial_1961_best_state.pt,"{'learning_rate': 0.0015705732761221935, 'lr_reduce': 0.6}",TPESampler,COMPLETE
1962,0.15039868652820587,2025-04-26 03:55:59.134415,2025-04-26 03:58:50.319351,0 days 00:02:51.184936,0.1532599433408924,192,2,3,32,0.2979902949799348,256,2,4,32,0.24629729500681619,96,1,1,32,0.2309845689401946,376,472.0,296.0,3,1,0.00010050082430905163,0.6,/work3/arnaou/checkpoints/groupgat_Vc_trial_1962_best_state.pt,"{'learning_rate': 0.00010050082430905163, 'lr_reduce': 0.6}",TPESampler,COMPLETE
1963,0.016998743638396263,2025-04-26 03:57:23.866957,2025-04-26 04:00:17.552228,0 days 00:02:53.685271,0.023784025435897166,160,3,3,80,0.023855970008079236,208,2,2,80,0.03356006948295073,96,4,1,96,0.13772306244834745,344,,,1,2,0.0008206474609624178,0.6,/work3/arnaou/checkpoints/groupgat_Vc_trial_1963_best_state.pt,"{'learning_rate': 0.0008206474609624178, 'lr_reduce': 0.6}",TPESampler,COMPLETE
