number,value,datetime_start,datetime_complete,duration,params_L1_dropout,params_L1_hidden_dim,params_L1_layers_atom,params_L1_layers_mol,params_L1_out_dim,params_L2_dropout,params_L2_hidden_dim,params_L2_layers_atom,params_L2_layers_mol,params_L2_out_dim,params_L3_dropout,params_L3_hidden_dim,params_L3_layers_atom,params_L3_layers_mol,params_L3_out_dim,params_final_dropout,params_mlp_dim_0,params_mlp_dim_1,params_mlp_dim_2,params_n_mlp_layers,params_num_heads,params_train_learning_rate,params_train_lr_reduce,user_attrs_best_state_dict_path,user_attrs_training_params,system_attrs_auto:sampler,state
1487,0.014266205951571465,2025-04-26 00:18:43.846202,2025-04-26 00:19:59.596568,0 days 00:01:15.750366,0.10000177668762747,192,2,1,96,0.046682930310470404,80,2,1,48,0.037251160172751076,80,1,4,96,0.18833759730129696,232,280.0,408.0,3,2,0.0025801029049178285,0.6,/work3/arnaou/checkpoints/groupgat_Vc_trial_1487_best_state.pt,"{'learning_rate': 0.0025801029049178285, 'lr_reduce': 0.6}",TPESampler,COMPLETE
1488,0.01851917803287506,2025-04-26 00:19:09.201948,2025-04-26 00:20:29.390479,0 days 00:01:20.188531,0.2103455250067855,176,4,1,64,0.2821586520872936,144,1,4,96,0.29380258489986744,48,1,1,128,0.1450692818012605,40,400.0,,2,2,0.0008186263331695029,0.6,/work3/arnaou/checkpoints/groupgat_Vc_trial_1488_best_state.pt,"{'learning_rate': 0.0008186263331695029, 'lr_reduce': 0.6}",TPESampler,COMPLETE
1489,0.010005306452512741,2025-04-26 00:19:17.261310,2025-04-26 00:20:33.633395,0 days 00:01:16.372085,0.009371708748179016,208,2,2,96,0.11259060278668678,96,4,2,48,0.2159964876042168,64,3,3,96,0.05128717890351745,272,424.0,320.0,3,2,0.0073446602493790715,0.6,/work3/arnaou/checkpoints/groupgat_Vc_trial_1489_best_state.pt,"{'learning_rate': 0.0073446602493790715, 'lr_reduce': 0.6}",TPESampler,COMPLETE
1490,0.010850994847714901,2025-04-26 00:20:00.043431,2025-04-26 00:22:05.972446,0 days 00:02:05.929015,0.02098330122901844,240,1,2,112,0.08765778071962975,128,4,2,112,0.18377732302314054,80,2,2,128,0.15137363941755416,288,360.0,264.0,3,2,0.005461027913977284,0.6,/work3/arnaou/checkpoints/groupgat_Vc_trial_1490_best_state.pt,"{'learning_rate': 0.005461027913977284, 'lr_reduce': 0.6}",TPESampler,COMPLETE
1491,0.013102722354233265,2025-04-26 00:20:29.665703,2025-04-26 00:22:05.074540,0 days 00:01:35.408837,0.049138170019892236,128,4,2,64,0.15678240458574333,240,4,3,64,0.23149089301312845,48,2,4,48,0.2158753721428916,136,312.0,208.0,3,2,0.005343673376214101,0.6,/work3/arnaou/checkpoints/groupgat_Vc_trial_1491_best_state.pt,"{'learning_rate': 0.005343673376214101, 'lr_reduce': 0.6}",TPESampler,COMPLETE
1492,0.01537297759205103,2025-04-26 00:20:33.992659,2025-04-26 00:21:46.010855,0 days 00:01:12.018196,0.19526125233576486,240,4,2,96,0.037386379041631536,64,2,2,48,0.23265940098501328,32,3,3,96,0.12511523834435137,96,256.0,312.0,3,2,0.00780678970899618,0.6,/work3/arnaou/checkpoints/groupgat_Vc_trial_1492_best_state.pt,"{'learning_rate': 0.00780678970899618, 'lr_reduce': 0.6}",TPESampler,COMPLETE
1493,0.010221628472208977,2025-04-26 00:21:46.364417,2025-04-26 00:22:40.748070,0 days 00:00:54.383653,0.08592227488378801,160,1,2,96,0.17738342580745714,96,3,2,128,0.2174135066337563,32,3,3,112,0.12136091893415218,448,424.0,384.0,3,2,0.0028618902863399302,0.6,/work3/arnaou/checkpoints/groupgat_Vc_trial_1493_best_state.pt,"{'learning_rate': 0.0028618902863399302, 'lr_reduce': 0.6}",TPESampler,COMPLETE
1494,0.02292247675359249,2025-04-26 00:22:05.493087,2025-04-26 00:23:34.713885,0 days 00:01:29.220798,0.17942852939565573,128,3,1,64,0.14778820500062134,128,3,4,48,0.13053847412764047,32,1,3,128,0.27222655940137885,368,,,1,1,0.0012996250201727341,0.6,/work3/arnaou/checkpoints/groupgat_Vc_trial_1494_best_state.pt,"{'learning_rate': 0.0012996250201727341, 'lr_reduce': 0.6}",TPESampler,COMPLETE
1495,0.011749719269573689,2025-04-26 00:22:06.284277,2025-04-26 00:23:32.418938,0 days 00:01:26.134661,0.10819749369748943,240,3,1,80,0.05873146314029139,144,2,1,32,0.08951026145292645,64,1,4,128,0.13693069244271366,288,184.0,264.0,3,2,0.0020918028351461604,0.6,/work3/arnaou/checkpoints/groupgat_Vc_trial_1495_best_state.pt,"{'learning_rate': 0.0020918028351461604, 'lr_reduce': 0.6}",TPESampler,COMPLETE
1496,0.01302662305533886,2025-04-26 00:22:41.204019,2025-04-26 00:24:05.680886,0 days 00:01:24.476867,0.07368119697094834,192,3,1,48,0.03713820922089821,112,1,2,64,0.026510784159891367,96,1,4,96,0.13721124662391548,344,384.0,176.0,3,2,0.0025593339758066672,0.6,/work3/arnaou/checkpoints/groupgat_Vc_trial_1496_best_state.pt,"{'learning_rate': 0.0025593339758066672, 'lr_reduce': 0.6}",TPESampler,COMPLETE
1497,0.0200978834182024,2025-04-26 00:23:32.720603,2025-04-26 00:24:32.640534,0 days 00:00:59.919931,0.00046536561938700927,256,4,3,64,0.008614967382086402,80,3,1,32,0.2786142800316671,32,2,3,80,0.12753766574132505,176,416.0,344.0,3,2,0.001624826684148472,0.6,/work3/arnaou/checkpoints/groupgat_Vc_trial_1497_best_state.pt,"{'learning_rate': 0.001624826684148472, 'lr_reduce': 0.6}",TPESampler,COMPLETE
1498,0.014692037366330624,2025-04-26 00:23:35.027965,2025-04-26 00:25:05.859753,0 days 00:01:30.831788,0.00803196995744207,240,4,1,32,0.034704914802299126,64,1,1,48,0.13717980041468436,80,1,3,96,0.09127881271872507,488,360.0,240.0,3,2,0.003956905548650152,0.6,/work3/arnaou/checkpoints/groupgat_Vc_trial_1498_best_state.pt,"{'learning_rate': 0.003956905548650152, 'lr_reduce': 0.6}",TPESampler,COMPLETE
1499,0.03243425861001015,2025-04-26 00:24:06.236796,2025-04-26 00:25:39.340935,0 days 00:01:33.104139,0.23906354509290806,208,3,2,32,0.07875196329728527,176,4,1,80,0.19416522313914836,112,3,2,80,0.22985567058237785,96,,,1,1,0.00046761704509092045,0.6,/work3/arnaou/checkpoints/groupgat_Vc_trial_1499_best_state.pt,"{'learning_rate': 0.00046761704509092045, 'lr_reduce': 0.6}",TPESampler,COMPLETE
1500,0.015485205687582493,2025-04-26 00:24:33.058346,2025-04-26 00:26:40.126950,0 days 00:02:07.068604,0.024428049126306896,192,3,2,64,0.15749907451696357,80,2,2,32,0.21559082029301485,96,1,4,96,0.29638518489032306,232,432.0,,2,2,0.0007552940171493464,0.6,/work3/arnaou/checkpoints/groupgat_Vc_trial_1500_best_state.pt,"{'learning_rate': 0.0007552940171493464, 'lr_reduce': 0.6}",TPESampler,COMPLETE
1501,0.0263957716524601,2025-04-26 00:25:06.158691,2025-04-26 00:26:16.448156,0 days 00:01:10.289465,0.18470824258662646,80,4,3,80,0.13593848104170836,176,4,3,64,0.0738975141071796,80,1,2,112,0.2961444143429244,184,320.0,448.0,3,1,0.00542216308125848,0.6,/work3/arnaou/checkpoints/groupgat_Vc_trial_1501_best_state.pt,"{'learning_rate': 0.00542216308125848, 'lr_reduce': 0.6}",TPESampler,COMPLETE
1502,0.012383315712213516,2025-04-26 00:25:39.653421,2025-04-26 00:27:10.244178,0 days 00:01:30.590757,0.031172329547806472,224,4,1,80,0.023226085273448244,64,2,1,32,0.1510212854170166,48,2,4,96,0.11969849803189592,320,256.0,,2,2,0.001599484281497123,0.6,/work3/arnaou/checkpoints/groupgat_Vc_trial_1502_best_state.pt,"{'learning_rate': 0.001599484281497123, 'lr_reduce': 0.6}",TPESampler,COMPLETE
1503,0.010257001966238022,2025-04-26 00:26:16.754158,2025-04-26 00:27:29.134230,0 days 00:01:12.380072,0.03222514062203534,208,1,2,80,0.18296447491627593,96,3,1,96,0.25239515251599925,32,4,3,128,0.17034756845918814,456,384.0,72.0,3,2,0.004164898041062539,0.6,/work3/arnaou/checkpoints/groupgat_Vc_trial_1503_best_state.pt,"{'learning_rate': 0.004164898041062539, 'lr_reduce': 0.6}",TPESampler,COMPLETE
1504,0.011608384549617767,2025-04-26 00:26:40.485548,2025-04-26 00:27:35.214059,0 days 00:00:54.728511,0.016224098028999524,224,3,2,112,0.031954900398284074,112,3,2,96,0.26725055208290543,64,3,4,128,0.15016953614396475,104,72.0,,2,2,0.00213253182427885,0.6,/work3/arnaou/checkpoints/groupgat_Vc_trial_1504_best_state.pt,"{'learning_rate': 0.00213253182427885, 'lr_reduce': 0.6}",TPESampler,COMPLETE
1505,0.1860334873199463,2025-04-26 00:27:10.544179,2025-04-26 00:27:43.939814,0 days 00:00:33.395635,0.03994549038429514,208,2,2,96,0.059979942523171195,144,4,3,112,0.1678843169571272,48,2,3,128,0.13756117443432336,264,416.0,280.0,3,2,0.0007724022814609115,0.6,/work3/arnaou/checkpoints/groupgat_Vc_trial_1505_best_state.pt,"{'learning_rate': 0.0007724022814609115, 'lr_reduce': 0.6}",TPESampler,COMPLETE
1506,0.009597664698958397,2025-04-26 00:27:29.437623,2025-04-26 00:28:45.449271,0 days 00:01:16.011648,0.016315884907656054,256,2,1,96,0.03221876462289304,160,3,3,128,0.12317360696717937,64,2,3,128,0.12991395405106118,152,328.0,,2,2,0.008847336957159774,0.6,/work3/arnaou/checkpoints/groupgat_Vc_trial_1506_best_state.pt,"{'learning_rate': 0.008847336957159774, 'lr_reduce': 0.6}",TPESampler,COMPLETE
1507,0.010735373944044113,2025-04-26 00:27:35.544503,2025-04-26 00:28:41.749504,0 days 00:01:06.205001,0.04087146828139841,176,3,2,32,0.005413263949089296,112,4,1,64,0.03448065501964777,80,1,3,128,0.00014902909090813363,136,424.0,328.0,3,2,0.00755536673972204,0.6,/work3/arnaou/checkpoints/groupgat_Vc_trial_1507_best_state.pt,"{'learning_rate': 0.00755536673972204, 'lr_reduce': 0.6}",TPESampler,COMPLETE
1508,0.01441541500389576,2025-04-26 00:27:44.415660,2025-04-26 00:28:35.120773,0 days 00:00:50.705113,0.04937558787488716,176,4,3,64,0.07045214999588097,144,2,1,32,0.17232746156696824,48,2,2,112,0.24521087298736094,224,432.0,208.0,3,1,0.004228296017587157,0.6,/work3/arnaou/checkpoints/groupgat_Vc_trial_1508_best_state.pt,"{'learning_rate': 0.004228296017587157, 'lr_reduce': 0.6}",TPESampler,COMPLETE
1509,0.01282493770122528,2025-04-26 00:28:35.651724,2025-04-26 00:29:57.084533,0 days 00:01:21.432809,0.16252118491705445,176,4,2,64,0.04422293411852768,112,4,1,32,0.27535156448596615,32,1,2,80,0.09151760920067141,48,128.0,136.0,3,2,0.007563720921426186,0.6,/work3/arnaou/checkpoints/groupgat_Vc_trial_1509_best_state.pt,"{'learning_rate': 0.007563720921426186, 'lr_reduce': 0.6}",TPESampler,COMPLETE
1510,0.014085590839385986,2025-04-26 00:28:42.132473,2025-04-26 00:30:31.155440,0 days 00:01:49.022967,0.030631931981283157,256,3,4,64,0.16376693522587824,144,4,1,48,0.2887924809860013,32,3,3,64,0.14657164392054764,64,224.0,400.0,3,2,0.0007222578222581641,0.6,/work3/arnaou/checkpoints/groupgat_Vc_trial_1510_best_state.pt,"{'learning_rate': 0.0007222578222581641, 'lr_reduce': 0.6}",TPESampler,COMPLETE
1511,0.0183796938508749,2025-04-26 00:28:45.767409,2025-04-26 00:30:05.564621,0 days 00:01:19.797212,0.17936061009521984,64,4,4,32,0.06636874940117789,144,1,1,112,0.21793148788640013,32,4,1,80,0.07994757112711394,240,376.0,,2,1,0.0012092384118554062,0.6,/work3/arnaou/checkpoints/groupgat_Vc_trial_1511_best_state.pt,"{'learning_rate': 0.0012092384118554062, 'lr_reduce': 0.6}",TPESampler,COMPLETE
1512,0.017213124781847,2025-04-26 00:29:57.404700,2025-04-26 00:31:00.579349,0 days 00:01:03.174649,0.02342938449623407,256,3,4,96,0.14386765164031431,176,3,1,80,0.28607021792883397,96,2,1,112,0.2594887451930054,112,304.0,304.0,3,2,0.004883945633037542,0.6,/work3/arnaou/checkpoints/groupgat_Vc_trial_1512_best_state.pt,"{'learning_rate': 0.004883945633037542, 'lr_reduce': 0.6}",TPESampler,COMPLETE
1513,0.011118127964437008,2025-04-26 00:30:05.926628,2025-04-26 00:31:13.410594,0 days 00:01:07.483966,0.01306284561979118,192,1,2,96,0.18249666668057826,96,4,1,112,0.22182932237268513,48,3,3,80,0.05953967007854624,376,440.0,,2,2,0.0038770881169060893,0.6,/work3/arnaou/checkpoints/groupgat_Vc_trial_1513_best_state.pt,"{'learning_rate': 0.0038770881169060893, 'lr_reduce': 0.6}",TPESampler,COMPLETE
1514,0.07376380264759064,2025-04-26 00:30:31.583807,2025-04-26 00:32:17.079618,0 days 00:01:45.495811,0.16478679258210205,128,2,3,112,0.04430657219488646,176,3,4,112,0.056627267639964465,32,2,3,32,0.2474388535347586,424,,,1,1,0.0003940917447059552,0.6,/work3/arnaou/checkpoints/groupgat_Vc_trial_1514_best_state.pt,"{'learning_rate': 0.0003940917447059552, 'lr_reduce': 0.6}",TPESampler,COMPLETE
1515,0.012489558197557926,2025-04-26 00:31:00.885391,2025-04-26 00:31:59.330436,0 days 00:00:58.445045,0.01617433009162441,256,3,1,80,0.09088528489922103,144,1,1,32,0.12294337161301974,64,3,4,96,0.11066157065672821,224,368.0,32.0,3,2,0.002155682749190313,0.6,/work3/arnaou/checkpoints/groupgat_Vc_trial_1515_best_state.pt,"{'learning_rate': 0.002155682749190313, 'lr_reduce': 0.6}",TPESampler,COMPLETE
1516,0.0333356074988842,2025-04-26 00:31:13.752624,2025-04-26 00:32:50.411504,0 days 00:01:36.658880,0.10778702721790957,112,1,3,64,0.0703162126251117,176,1,4,112,0.08593987170675253,112,2,4,48,0.16895998526083122,64,264.0,,2,1,0.00022882281649994014,0.6,/work3/arnaou/checkpoints/groupgat_Vc_trial_1516_best_state.pt,"{'learning_rate': 0.00022882281649994014, 'lr_reduce': 0.6}",TPESampler,COMPLETE
1517,0.014219935052096844,2025-04-26 00:31:59.720046,2025-04-26 00:32:59.554166,0 days 00:00:59.834120,0.245265558525295,192,4,2,64,0.14229308171531002,128,4,1,48,0.29492464558633646,32,3,4,80,0.26911442396202667,112,432.0,,2,2,0.004842490445369407,0.6,/work3/arnaou/checkpoints/groupgat_Vc_trial_1517_best_state.pt,"{'learning_rate': 0.004842490445369407, 'lr_reduce': 0.6}",TPESampler,COMPLETE
1518,0.021837929263710976,2025-04-26 00:32:17.466687,2025-04-26 00:33:41.475405,0 days 00:01:24.008718,0.03925421099371733,240,4,3,48,0.03379238187934713,256,2,1,32,0.1714824891253089,32,4,3,80,0.271322372793357,136,,,1,2,0.002845051580521407,0.6,/work3/arnaou/checkpoints/groupgat_Vc_trial_1518_best_state.pt,"{'learning_rate': 0.002845051580521407, 'lr_reduce': 0.6}",TPESampler,COMPLETE
1519,0.015628119930624962,2025-04-26 00:32:50.828447,2025-04-26 00:34:10.505707,0 days 00:01:19.677260,0.09604674204935107,192,2,1,80,0.01560327312980695,96,3,1,48,0.11212284002008273,48,1,4,128,0.09248318161301095,104,360.0,248.0,3,2,0.006305752122079538,0.6,/work3/arnaou/checkpoints/groupgat_Vc_trial_1519_best_state.pt,"{'learning_rate': 0.006305752122079538, 'lr_reduce': 0.6}",TPESampler,COMPLETE
1520,0.013149645179510117,2025-04-26 00:32:59.927016,2025-04-26 00:34:42.686208,0 days 00:01:42.759192,0.052798603761955096,208,3,3,80,0.04631673640740547,128,2,3,80,0.2830313199419597,64,2,3,128,0.032755195399590396,208,440.0,368.0,3,2,0.004436813693936613,0.6,/work3/arnaou/checkpoints/groupgat_Vc_trial_1520_best_state.pt,"{'learning_rate': 0.004436813693936613, 'lr_reduce': 0.6}",TPESampler,COMPLETE
1521,0.01229188684374094,2025-04-26 00:33:41.874374,2025-04-26 00:34:43.904853,0 days 00:01:02.030479,0.04618502043746129,176,3,2,128,0.11081863126756697,192,3,1,48,0.14883964500122193,48,2,3,128,0.14191160651029588,88,296.0,280.0,3,2,0.003191563466732374,0.6,/work3/arnaou/checkpoints/groupgat_Vc_trial_1521_best_state.pt,"{'learning_rate': 0.003191563466732374, 'lr_reduce': 0.6}",TPESampler,COMPLETE
1522,0.012683169916272163,2025-04-26 00:34:10.765854,2025-04-26 00:35:28.713451,0 days 00:01:17.947597,0.07667645057462381,224,2,4,64,0.13785085812917675,224,3,1,32,0.12139342020551883,48,1,1,48,0.22992575376896812,128,392.0,176.0,3,2,0.0006802309554891663,0.6,/work3/arnaou/checkpoints/groupgat_Vc_trial_1522_best_state.pt,"{'learning_rate': 0.0006802309554891663, 'lr_reduce': 0.6}",TPESampler,COMPLETE
1523,0.01429203525185585,2025-04-26 00:34:43.012487,2025-04-26 00:35:52.963877,0 days 00:01:09.951390,0.049978200110473096,224,4,4,32,0.008522663256252963,160,2,1,64,0.23493939847083212,80,3,2,128,0.20752527404401272,128,192.0,328.0,3,1,0.0008705578748671121,0.6,/work3/arnaou/checkpoints/groupgat_Vc_trial_1523_best_state.pt,"{'learning_rate': 0.0008705578748671121, 'lr_reduce': 0.6}",TPESampler,COMPLETE
1524,0.03155946731567383,2025-04-26 00:34:44.209030,2025-04-26 00:35:30.837988,0 days 00:00:46.628958,0.16902990832725806,256,4,4,48,0.013670896944428006,96,3,1,32,0.2604538467951561,48,3,2,112,0.21253851497459222,88,440.0,216.0,3,2,0.0021936962856007503,0.6,/work3/arnaou/checkpoints/groupgat_Vc_trial_1524_best_state.pt,"{'learning_rate': 0.0021936962856007503, 'lr_reduce': 0.6}",TPESampler,COMPLETE
1525,0.017201269045472145,2025-04-26 00:35:29.040948,2025-04-26 00:37:09.280525,0 days 00:01:40.239577,0.02593991969368601,256,3,2,128,0.013728565307357842,112,2,3,64,0.26413034673328695,64,1,3,128,0.09259916582802472,216,344.0,264.0,3,2,0.00558966313977944,0.6,/work3/arnaou/checkpoints/groupgat_Vc_trial_1525_best_state.pt,"{'learning_rate': 0.00558966313977944, 'lr_reduce': 0.6}",TPESampler,COMPLETE
1526,0.011453254148364067,2025-04-26 00:35:31.064951,2025-04-26 00:36:44.716055,0 days 00:01:13.651104,0.001867725755711461,96,3,3,80,0.047163810071180354,224,4,4,96,0.12806059802662453,32,1,4,64,0.1506569734270317,32,400.0,,2,2,0.0034879501759553636,0.6,/work3/arnaou/checkpoints/groupgat_Vc_trial_1526_best_state.pt,"{'learning_rate': 0.0034879501759553636, 'lr_reduce': 0.6}",TPESampler,COMPLETE
1527,0.010929114185273647,2025-04-26 00:35:53.306153,2025-04-26 00:37:21.155849,0 days 00:01:27.849696,0.07655458107551741,224,4,3,32,0.06121669045459909,64,2,3,32,0.23998020457616256,32,2,1,96,0.1402246995661822,232,440.0,,2,2,0.007203411284719941,0.6,/work3/arnaou/checkpoints/groupgat_Vc_trial_1527_best_state.pt,"{'learning_rate': 0.007203411284719941, 'lr_reduce': 0.6}",TPESampler,COMPLETE
1528,0.019807348027825356,2025-04-26 00:36:45.138809,2025-04-26 00:38:40.904515,0 days 00:01:55.765706,0.2609831336938734,96,1,2,64,0.055607757187389736,240,3,4,128,0.04145909726101356,96,4,3,112,0.16137826872417013,120,264.0,,2,2,0.00017655568861153388,0.6,/work3/arnaou/checkpoints/groupgat_Vc_trial_1528_best_state.pt,"{'learning_rate': 0.00017655568861153388, 'lr_reduce': 0.6}",TPESampler,COMPLETE
1529,0.010727564804255962,2025-04-26 00:37:09.674739,2025-04-26 00:38:11.178019,0 days 00:01:01.503280,0.05846068150332241,240,3,1,64,0.024004366986601293,112,2,1,32,0.07836871123431749,48,2,3,112,0.18304061186792095,216,152.0,368.0,3,2,0.0026879516463450353,0.6,/work3/arnaou/checkpoints/groupgat_Vc_trial_1529_best_state.pt,"{'learning_rate': 0.0026879516463450353, 'lr_reduce': 0.6}",TPESampler,COMPLETE
1530,0.13165444135665894,2025-04-26 00:37:21.607091,2025-04-26 00:39:02.477766,0 days 00:01:40.870675,0.27581277924418246,80,1,1,64,0.13030770229714014,144,2,4,32,0.1698879424995855,128,3,4,80,0.09110185044008057,184,336.0,448.0,3,1,0.0002883467384111192,0.6,/work3/arnaou/checkpoints/groupgat_Vc_trial_1530_best_state.pt,"{'learning_rate': 0.0002883467384111192, 'lr_reduce': 0.6}",TPESampler,COMPLETE
1531,0.017230575904250145,2025-04-26 00:38:11.509020,2025-04-26 00:39:47.473146,0 days 00:01:35.964126,0.11493083856098307,240,4,3,48,0.06579149105239344,64,3,2,80,0.2922972793980527,32,2,2,96,0.114987477075205,272,400.0,328.0,3,2,0.005642428522060611,0.6,/work3/arnaou/checkpoints/groupgat_Vc_trial_1531_best_state.pt,"{'learning_rate': 0.005642428522060611, 'lr_reduce': 0.6}",TPESampler,COMPLETE
1532,0.021772446110844612,2025-04-26 00:38:41.253272,2025-04-26 00:39:54.614443,0 days 00:01:13.361171,0.06077868516303182,256,3,4,64,0.06142819489586494,240,2,2,32,0.1317602358551357,64,3,3,96,0.29975482173338297,104,,,1,1,0.003132862931554819,0.6,/work3/arnaou/checkpoints/groupgat_Vc_trial_1532_best_state.pt,"{'learning_rate': 0.003132862931554819, 'lr_reduce': 0.6}",TPESampler,COMPLETE
1533,0.023022769019007683,2025-04-26 00:39:02.832294,2025-04-26 00:39:53.169639,0 days 00:00:50.337345,0.12781075828909363,240,4,3,32,0.053195953133165774,64,3,2,48,0.19819624909198058,48,3,1,112,0.10444545452841351,112,440.0,232.0,3,2,0.0028426533095713413,0.6,/work3/arnaou/checkpoints/groupgat_Vc_trial_1533_best_state.pt,"{'learning_rate': 0.0028426533095713413, 'lr_reduce': 0.6}",TPESampler,COMPLETE
1534,0.010469673201441765,2025-04-26 00:39:47.808308,2025-04-26 00:40:42.768257,0 days 00:00:54.959949,0.0051056431500202636,208,2,3,112,0.012061036078036873,80,4,2,80,0.263557615807145,64,2,3,128,0.09285730195107614,104,368.0,288.0,3,2,0.003955370902683544,0.6,/work3/arnaou/checkpoints/groupgat_Vc_trial_1534_best_state.pt,"{'learning_rate': 0.003955370902683544, 'lr_reduce': 0.6}",TPESampler,COMPLETE
1535,0.013409116305410862,2025-04-26 00:39:53.517330,2025-04-26 00:41:03.459366,0 days 00:01:09.942036,0.050589580281105787,224,3,3,32,0.03675743037459543,96,4,2,32,0.09670329328819977,112,1,3,96,0.0676956387332078,232,224.0,176.0,3,2,0.009272745894979298,0.6,/work3/arnaou/checkpoints/groupgat_Vc_trial_1535_best_state.pt,"{'learning_rate': 0.009272745894979298, 'lr_reduce': 0.6}",TPESampler,COMPLETE
1536,0.04554322361946106,2025-04-26 00:39:54.894982,2025-04-26 00:41:14.535328,0 days 00:01:19.640346,0.05833689407755498,240,4,3,32,0.12474039860865221,240,2,3,32,0.0877483731283405,32,2,2,96,0.24406422305014602,216,440.0,392.0,3,1,0.009758677461106459,0.6,/work3/arnaou/checkpoints/groupgat_Vc_trial_1536_best_state.pt,"{'learning_rate': 0.009758677461106459, 'lr_reduce': 0.6}",TPESampler,COMPLETE
1537,0.012491090223193169,2025-04-26 00:40:43.163320,2025-04-26 00:42:14.036223,0 days 00:01:30.872903,0.2205918086146141,256,4,3,64,0.050275225031717066,80,3,1,64,0.12692285175939028,32,2,2,112,0.21780440118097555,296,304.0,,2,2,0.004455449236286954,0.6,/work3/arnaou/checkpoints/groupgat_Vc_trial_1537_best_state.pt,"{'learning_rate': 0.004455449236286954, 'lr_reduce': 0.6}",TPESampler,COMPLETE
1538,0.016265610232949257,2025-04-26 00:41:03.869231,2025-04-26 00:41:51.439107,0 days 00:00:47.569876,0.0005665016929133626,256,1,1,112,0.05697253027134659,64,4,2,80,0.20166753915686436,80,2,3,128,0.008077173453900605,200,96.0,296.0,3,2,0.006589028128092146,0.6,/work3/arnaou/checkpoints/groupgat_Vc_trial_1538_best_state.pt,"{'learning_rate': 0.006589028128092146, 'lr_reduce': 0.6}",TPESampler,COMPLETE
1539,0.01129511371254921,2025-04-26 00:41:14.867355,2025-04-26 00:42:36.959600,0 days 00:01:22.092245,0.08629229721909323,224,4,2,64,0.03252745527778764,128,4,2,32,0.24993301585621736,32,1,3,64,0.2081834692601848,104,400.0,232.0,3,2,0.0031655301826644246,0.6,/work3/arnaou/checkpoints/groupgat_Vc_trial_1539_best_state.pt,"{'learning_rate': 0.0031655301826644246, 'lr_reduce': 0.6}",TPESampler,COMPLETE
