number,value,datetime_start,datetime_complete,duration,params_L1_dropout,params_L1_hidden_dim,params_L1_layers_atom,params_L1_layers_mol,params_L1_out_dim,params_L2_dropout,params_L2_hidden_dim,params_L2_layers_atom,params_L2_layers_mol,params_L2_out_dim,params_L3_dropout,params_L3_hidden_dim,params_L3_layers_atom,params_L3_layers_mol,params_L3_out_dim,params_final_dropout,params_mlp_dim_0,params_mlp_dim_1,params_mlp_dim_2,params_n_mlp_layers,params_num_heads,params_train_learning_rate,params_train_lr_reduce,user_attrs_best_state_dict_path,user_attrs_training_params,system_attrs_auto:sampler,state
1699,0.024562673643231392,2025-04-26 01:49:12.515549,2025-04-26 01:51:42.384204,0 days 00:02:29.868655,0.08284568555264936,240,3,4,96,0.11516793879813186,80,4,3,64,0.13358365164518166,96,1,4,64,0.2417366900100605,184,384.0,,2,2,0.0005396737377108752,0.6,/work3/arnaou/checkpoints/groupgat_Vc_trial_1699_best_state.pt,"{'learning_rate': 0.0005396737377108752, 'lr_reduce': 0.6}",TPESampler,COMPLETE
1700,0.012022320181131363,2025-04-26 01:49:48.011923,2025-04-26 01:51:15.931388,0 days 00:01:27.919465,0.044522824658163124,240,4,4,112,0.07639052168945337,80,3,2,64,0.18800990437566312,96,1,3,48,0.2677427727933999,224,256.0,,2,2,0.004349859045155574,0.6,/work3/arnaou/checkpoints/groupgat_Vc_trial_1700_best_state.pt,"{'learning_rate': 0.004349859045155574, 'lr_reduce': 0.6}",TPESampler,COMPLETE
1701,0.020755842328071594,2025-04-26 01:49:54.096442,2025-04-26 01:51:32.319700,0 days 00:01:38.223258,0.019149748363632764,240,3,2,80,0.19398892775313342,256,2,3,32,0.020049775846380527,64,1,3,64,0.25345960773921394,272,480.0,,2,2,0.003659027816081727,0.6,/work3/arnaou/checkpoints/groupgat_Vc_trial_1701_best_state.pt,"{'learning_rate': 0.003659027816081727, 'lr_reduce': 0.6}",TPESampler,COMPLETE
1702,0.027337320148944855,2025-04-26 01:51:16.495956,2025-04-26 01:51:49.192924,0 days 00:00:32.696968,0.03591337055767367,240,4,4,80,0.033273431692438946,192,2,1,48,0.285277332154593,64,2,2,112,0.2562528816507182,176,512.0,328.0,3,1,0.002328583538640957,0.6,/work3/arnaou/checkpoints/groupgat_Vc_trial_1702_best_state.pt,"{'learning_rate': 0.002328583538640957, 'lr_reduce': 0.6}",TPESampler,COMPLETE
1703,0.021966751664876938,2025-04-26 01:51:32.661625,2025-04-26 01:53:16.123251,0 days 00:01:43.461626,0.012150756142323318,160,3,1,80,0.07120667972862299,128,4,2,64,0.22503556889573814,96,1,2,128,0.06218287324137229,152,152.0,,2,2,0.007036919314373953,0.6,/work3/arnaou/checkpoints/groupgat_Vc_trial_1703_best_state.pt,"{'learning_rate': 0.007036919314373953, 'lr_reduce': 0.6}",TPESampler,COMPLETE
1704,0.016467271372675896,2025-04-26 01:51:42.796840,2025-04-26 01:52:55.827675,0 days 00:01:13.030835,0.0834309978584939,256,4,3,32,0.06412216907052315,96,4,3,48,0.2643663663534141,48,1,2,128,0.27397647035531103,200,416.0,256.0,3,1,0.0038170186921040743,0.6,/work3/arnaou/checkpoints/groupgat_Vc_trial_1704_best_state.pt,"{'learning_rate': 0.0038170186921040743, 'lr_reduce': 0.6}",TPESampler,COMPLETE
1705,0.012945534661412239,2025-04-26 01:51:49.487091,2025-04-26 01:52:54.473609,0 days 00:01:04.986518,0.06067448895735267,256,3,4,64,0.2011455385177173,112,4,1,32,0.2413324005372618,32,1,3,96,0.1711638716118823,288,368.0,184.0,3,2,0.003160359624980614,0.6,/work3/arnaou/checkpoints/groupgat_Vc_trial_1705_best_state.pt,"{'learning_rate': 0.003160359624980614, 'lr_reduce': 0.6}",TPESampler,COMPLETE
1706,0.009365078993141651,2025-04-26 01:52:55.038341,2025-04-26 01:53:59.172609,0 days 00:01:04.134268,0.00509971331027231,208,2,3,64,0.22384124188841698,128,4,2,80,0.25961366046167594,80,1,2,128,0.2968831786532055,80,448.0,288.0,3,2,0.0059219189653788125,0.6,/work3/arnaou/checkpoints/groupgat_Vc_trial_1706_best_state.pt,"{'learning_rate': 0.0059219189653788125, 'lr_reduce': 0.6}",TPESampler,COMPLETE
1707,0.012693759985268116,2025-04-26 01:52:57.030212,2025-04-26 01:54:17.884379,0 days 00:01:20.854167,0.038931694831341616,192,2,4,64,0.0269643345493003,64,3,3,32,0.21327377582766394,64,1,3,64,0.1508038001304614,176,320.0,,2,2,0.006877618737153343,0.6,/work3/arnaou/checkpoints/groupgat_Vc_trial_1707_best_state.pt,"{'learning_rate': 0.006877618737153343, 'lr_reduce': 0.6}",TPESampler,COMPLETE
1708,0.014502344653010368,2025-04-26 01:53:16.451473,2025-04-26 01:54:33.435726,0 days 00:01:16.984253,0.002079291480782494,240,3,4,80,0.039202463502931675,64,2,3,80,0.22091190905368918,112,1,4,48,0.28343427691280776,248,,,1,2,0.0025491977652291288,0.6,/work3/arnaou/checkpoints/groupgat_Vc_trial_1708_best_state.pt,"{'learning_rate': 0.0025491977652291288, 'lr_reduce': 0.6}",TPESampler,COMPLETE
1709,0.03420993313193321,2025-04-26 01:53:59.486869,2025-04-26 01:55:40.582208,0 days 00:01:41.095339,0.2672364652036576,128,2,1,112,0.29317122276311625,112,4,4,80,0.2636402086189975,128,4,4,64,0.15458520572953352,144,408.0,,2,2,0.0009092445481007294,0.6,/work3/arnaou/checkpoints/groupgat_Vc_trial_1709_best_state.pt,"{'learning_rate': 0.0009092445481007294, 'lr_reduce': 0.6}",TPESampler,COMPLETE
1710,0.23453141748905182,2025-04-26 01:54:18.200231,2025-04-26 01:54:58.616280,0 days 00:00:40.416049,0.15711261191501152,240,3,4,96,0.009970217945945345,80,3,3,80,0.2168979731603213,80,1,3,48,0.25829969601535585,264,448.0,408.0,3,2,0.0007227120446155548,0.6,/work3/arnaou/checkpoints/groupgat_Vc_trial_1710_best_state.pt,"{'learning_rate': 0.0007227120446155548, 'lr_reduce': 0.6}",TPESampler,COMPLETE
1711,0.012109948322176933,2025-04-26 01:54:33.850970,2025-04-26 01:56:29.249153,0 days 00:01:55.398183,0.14906331151930965,224,2,4,112,0.0019037811171054506,64,3,3,80,0.1873616385964429,64,1,4,48,0.2142216249815709,280,272.0,,2,2,0.007613542691741472,0.6,/work3/arnaou/checkpoints/groupgat_Vc_trial_1711_best_state.pt,"{'learning_rate': 0.007613542691741472, 'lr_reduce': 0.6}",TPESampler,COMPLETE
1712,0.013971015810966492,2025-04-26 01:54:58.901006,2025-04-26 01:56:28.844143,0 days 00:01:29.943137,0.013541106288542255,192,3,4,32,0.0974990376943483,208,2,4,64,0.0633551464406052,80,1,2,112,0.2666974657585958,264,344.0,,2,2,0.009428407499091056,0.6,/work3/arnaou/checkpoints/groupgat_Vc_trial_1712_best_state.pt,"{'learning_rate': 0.009428407499091056, 'lr_reduce': 0.6}",TPESampler,COMPLETE
1713,0.010939992032945156,2025-04-26 01:55:40.955920,2025-04-26 01:56:56.213612,0 days 00:01:15.257692,0.08982491197597939,256,3,4,80,0.10712599665674993,160,4,1,64,0.250127546171526,64,3,3,80,0.25171455873586557,32,400.0,224.0,3,2,0.003068985877070057,0.6,/work3/arnaou/checkpoints/groupgat_Vc_trial_1713_best_state.pt,"{'learning_rate': 0.003068985877070057, 'lr_reduce': 0.6}",TPESampler,COMPLETE
1714,0.0843127891421318,2025-04-26 01:56:29.168713,2025-04-26 01:57:12.428277,0 days 00:00:43.259564,0.08387019897994508,208,3,4,112,0.09175063670298832,64,4,3,48,0.28424332890015414,64,1,3,64,0.19381846146720855,144,,,1,2,0.001823138253390972,0.6,/work3/arnaou/checkpoints/groupgat_Vc_trial_1714_best_state.pt,"{'learning_rate': 0.001823138253390972, 'lr_reduce': 0.6}",TPESampler,COMPLETE
1715,0.012403558008372784,2025-04-26 01:56:29.615593,2025-04-26 01:57:30.096331,0 days 00:01:00.480738,0.020096963978143444,128,4,2,32,0.03360350628672178,176,4,1,64,0.03064991128063626,112,1,3,96,0.06686962982601606,168,472.0,344.0,3,1,0.003618805862658211,0.6,/work3/arnaou/checkpoints/groupgat_Vc_trial_1715_best_state.pt,"{'learning_rate': 0.003618805862658211, 'lr_reduce': 0.6}",TPESampler,COMPLETE
1716,0.010601415298879147,2025-04-26 01:56:56.521744,2025-04-26 01:58:54.635350,0 days 00:01:58.113606,0.15701254686555927,256,3,4,80,0.04674830938823805,112,4,3,80,0.19155749573034772,80,2,2,48,0.28426132119309694,352,,,1,2,0.003314142310197422,0.6,/work3/arnaou/checkpoints/groupgat_Vc_trial_1716_best_state.pt,"{'learning_rate': 0.003314142310197422, 'lr_reduce': 0.6}",TPESampler,COMPLETE
1717,0.017198596149683,2025-04-26 01:57:12.795524,2025-04-26 01:57:55.898512,0 days 00:00:43.102988,0.0855661661654564,176,4,1,48,0.0019341422012386475,112,3,1,48,0.13025753595012418,112,1,2,128,0.07897105164467602,48,224.0,272.0,3,1,0.003930321359767581,0.6,/work3/arnaou/checkpoints/groupgat_Vc_trial_1717_best_state.pt,"{'learning_rate': 0.003930321359767581, 'lr_reduce': 0.6}",TPESampler,COMPLETE
1718,0.016382282599806786,2025-04-26 01:57:30.447029,2025-04-26 01:58:48.779113,0 days 00:01:18.332084,0.05026943523372066,240,3,3,96,0.0034050300591902463,128,3,4,32,0.2174805908191719,80,1,3,32,0.27709519966357765,424,368.0,,2,2,0.00631530357745571,0.6,/work3/arnaou/checkpoints/groupgat_Vc_trial_1718_best_state.pt,"{'learning_rate': 0.00631530357745571, 'lr_reduce': 0.6}",TPESampler,COMPLETE
1719,0.034140314906835556,2025-04-26 01:57:56.287821,2025-04-26 01:58:46.751929,0 days 00:00:50.464108,0.027199362823807614,192,4,4,96,0.09253740955268262,64,4,3,48,0.278762203504029,80,1,3,64,0.22016630135671544,40,80.0,168.0,3,2,0.0014550334327580038,0.6,/work3/arnaou/checkpoints/groupgat_Vc_trial_1719_best_state.pt,"{'learning_rate': 0.0014550334327580038, 'lr_reduce': 0.6}",TPESampler,COMPLETE
1720,0.011163783259689808,2025-04-26 01:58:47.080764,2025-04-26 02:00:08.682187,0 days 00:01:21.601423,0.008235823238911607,160,4,3,32,0.08190159651065439,64,4,1,80,0.25446272178104606,32,2,3,80,0.219143595194232,32,,,1,2,0.008339313205371453,0.6,/work3/arnaou/checkpoints/groupgat_Vc_trial_1720_best_state.pt,"{'learning_rate': 0.008339313205371453, 'lr_reduce': 0.6}",TPESampler,COMPLETE
1721,0.009917430579662323,2025-04-26 01:58:49.294097,2025-04-26 02:00:06.310188,0 days 00:01:17.016091,0.06498929524591697,240,4,1,112,0.03396686506879064,80,3,2,80,0.21518019473091338,96,2,4,128,0.14772420976881107,48,432.0,312.0,3,2,0.003304495978935202,0.6,/work3/arnaou/checkpoints/groupgat_Vc_trial_1721_best_state.pt,"{'learning_rate': 0.003304495978935202, 'lr_reduce': 0.6}",TPESampler,COMPLETE
1722,0.019162863492965698,2025-04-26 01:58:54.949817,2025-04-26 02:00:17.749312,0 days 00:01:22.799495,0.0880897866465863,256,4,2,96,0.1603847692330267,192,1,2,32,0.16989690077673641,32,3,2,64,0.2978474721694822,208,296.0,456.0,3,1,0.005006599461493111,0.6,/work3/arnaou/checkpoints/groupgat_Vc_trial_1722_best_state.pt,"{'learning_rate': 0.005006599461493111, 'lr_reduce': 0.6}",TPESampler,COMPLETE
1723,0.011821725405752659,2025-04-26 02:00:06.853338,2025-04-26 02:01:27.178394,0 days 00:01:20.325056,0.02204346162908083,224,4,2,64,0.05053462920182,80,4,1,32,0.24731610077485255,32,2,3,80,0.2149086704261694,168,408.0,376.0,3,1,0.006413505039216265,0.6,/work3/arnaou/checkpoints/groupgat_Vc_trial_1723_best_state.pt,"{'learning_rate': 0.006413505039216265, 'lr_reduce': 0.6}",TPESampler,COMPLETE
1724,0.017139453440904617,2025-04-26 02:00:09.595376,2025-04-26 02:01:36.556198,0 days 00:01:26.960822,0.004081933223674283,208,1,4,48,0.29136131685658445,96,2,2,112,0.052090530514619024,32,2,4,64,0.1567259428747439,200,,,1,2,0.005944230450625891,0.6,/work3/arnaou/checkpoints/groupgat_Vc_trial_1724_best_state.pt,"{'learning_rate': 0.005944230450625891, 'lr_reduce': 0.6}",TPESampler,COMPLETE
1725,0.014322598464787006,2025-04-26 02:00:18.299092,2025-04-26 02:02:25.957583,0 days 00:02:07.658491,0.006501521073750106,208,4,4,64,0.0964769060868608,64,3,1,48,0.25770066289770915,112,1,2,64,0.2744065727427823,200,488.0,240.0,3,2,0.0008877458984672408,0.6,/work3/arnaou/checkpoints/groupgat_Vc_trial_1725_best_state.pt,"{'learning_rate': 0.0008877458984672408, 'lr_reduce': 0.6}",TPESampler,COMPLETE
1726,0.011551559902727604,2025-04-26 02:01:27.588091,2025-04-26 02:02:27.837219,0 days 00:01:00.249128,0.11189454506343588,128,4,2,128,0.07776697883030786,144,2,1,32,0.26749212925853727,80,1,3,96,0.08508206477909455,192,376.0,120.0,3,2,0.003642069338666426,0.6,/work3/arnaou/checkpoints/groupgat_Vc_trial_1726_best_state.pt,"{'learning_rate': 0.003642069338666426, 'lr_reduce': 0.6}",TPESampler,COMPLETE
1727,0.010672666132450104,2025-04-26 02:01:37.040807,2025-04-26 02:02:35.826779,0 days 00:00:58.785972,0.06628058140170125,208,4,3,80,0.22754105811988934,80,3,2,32,0.24072608975584348,96,1,3,48,0.19554959182779158,80,512.0,320.0,3,1,0.0033991150831936584,0.6,/work3/arnaou/checkpoints/groupgat_Vc_trial_1727_best_state.pt,"{'learning_rate': 0.0033991150831936584, 'lr_reduce': 0.6}",TPESampler,COMPLETE
1728,0.021267449483275414,2025-04-26 02:02:26.332123,2025-04-26 02:03:04.357397,0 days 00:00:38.025274,0.20355928100092624,240,2,3,112,0.14776892278767476,208,2,4,64,0.19465729108088334,112,3,4,32,0.051163344514335365,328,328.0,,2,1,0.0015921954396626715,0.6,/work3/arnaou/checkpoints/groupgat_Vc_trial_1728_best_state.pt,"{'learning_rate': 0.0015921954396626715, 'lr_reduce': 0.6}",TPESampler,COMPLETE
1729,0.012956969439983368,2025-04-26 02:02:28.085970,2025-04-26 02:04:02.977522,0 days 00:01:34.891552,0.06175829607153839,208,4,3,64,0.020210564601347937,112,4,1,32,0.24211600744325495,48,2,3,80,0.2089223442594228,280,448.0,,2,2,0.009836661467912814,0.6,/work3/arnaou/checkpoints/groupgat_Vc_trial_1729_best_state.pt,"{'learning_rate': 0.009836661467912814, 'lr_reduce': 0.6}",TPESampler,COMPLETE
1730,0.011877229437232018,2025-04-26 02:02:36.118068,2025-04-26 02:04:16.749852,0 days 00:01:40.631784,0.007156210480726909,112,4,4,64,0.02582366025733015,64,4,2,64,0.14334396620972795,32,2,4,96,0.23516655747446844,96,264.0,,2,2,0.000958606675040176,0.6,/work3/arnaou/checkpoints/groupgat_Vc_trial_1730_best_state.pt,"{'learning_rate': 0.000958606675040176, 'lr_reduce': 0.6}",TPESampler,COMPLETE
1731,0.013312106020748615,2025-04-26 02:03:04.719284,2025-04-26 02:04:32.949181,0 days 00:01:28.229897,0.15855818178299186,208,4,4,64,0.004814038499396218,96,3,3,48,0.26571147622612445,64,1,4,48,0.2694271962966965,264,176.0,,2,2,0.0076286771372799,0.6,/work3/arnaou/checkpoints/groupgat_Vc_trial_1731_best_state.pt,"{'learning_rate': 0.0076286771372799, 'lr_reduce': 0.6}",TPESampler,COMPLETE
1732,0.018662208691239357,2025-04-26 02:04:03.282470,2025-04-26 02:04:42.314740,0 days 00:00:39.032270,0.07243629371501623,208,4,3,80,0.0877796568354409,144,4,1,32,0.2018134174449196,32,1,3,112,0.2235852663221634,120,408.0,216.0,3,2,0.00244562181887962,0.6,/work3/arnaou/checkpoints/groupgat_Vc_trial_1732_best_state.pt,"{'learning_rate': 0.00244562181887962, 'lr_reduce': 0.6}",TPESampler,COMPLETE
1733,0.016606511548161507,2025-04-26 02:04:17.111343,2025-04-26 02:06:33.646812,0 days 00:02:16.535469,0.1441088389621099,64,4,1,64,0.06072775861735295,192,2,2,32,0.1613832753756864,80,3,4,64,0.23222315021398288,504,448.0,264.0,3,2,0.0011902959172295894,0.6,/work3/arnaou/checkpoints/groupgat_Vc_trial_1733_best_state.pt,"{'learning_rate': 0.0011902959172295894, 'lr_reduce': 0.6}",TPESampler,COMPLETE
1734,0.018904564902186394,2025-04-26 02:04:33.249648,2025-04-26 02:06:09.348318,0 days 00:01:36.098670,0.15189830595980958,160,3,4,80,0.020771738307891432,80,2,4,80,0.20582483154078826,80,1,3,48,0.17696837096195087,248,32.0,,2,2,0.0024945410099883065,0.6,/work3/arnaou/checkpoints/groupgat_Vc_trial_1734_best_state.pt,"{'learning_rate': 0.0024945410099883065, 'lr_reduce': 0.6}",TPESampler,COMPLETE
1735,0.02400587499141693,2025-04-26 02:04:42.663363,2025-04-26 02:06:45.348556,0 days 00:02:02.685193,0.28835095870617033,80,4,3,80,0.2130097180853852,144,1,3,128,0.05423794422722064,112,4,1,96,0.04945402865679738,112,,,1,2,0.0008949070155371419,0.6,/work3/arnaou/checkpoints/groupgat_Vc_trial_1735_best_state.pt,"{'learning_rate': 0.0008949070155371419, 'lr_reduce': 0.6}",TPESampler,COMPLETE
1736,0.016782192513346672,2025-04-26 02:06:09.702573,2025-04-26 02:08:10.199288,0 days 00:02:00.496715,0.047238493532501716,208,4,4,96,0.08373403353834974,256,2,4,32,0.08582408453007599,64,1,2,80,0.2902084632276185,248,368.0,,2,2,0.004506104212869568,0.6,/work3/arnaou/checkpoints/groupgat_Vc_trial_1736_best_state.pt,"{'learning_rate': 0.004506104212869568, 'lr_reduce': 0.6}",TPESampler,COMPLETE
1737,0.017236558720469475,2025-04-26 02:06:33.964164,2025-04-26 02:08:12.989679,0 days 00:01:39.025515,0.05514232413934693,80,2,1,64,0.07107420127044277,144,3,1,96,0.17295641046934357,32,4,3,32,0.23503461649884627,408,408.0,360.0,3,2,0.000445198675037332,0.6,/work3/arnaou/checkpoints/groupgat_Vc_trial_1737_best_state.pt,"{'learning_rate': 0.000445198675037332, 'lr_reduce': 0.6}",TPESampler,COMPLETE
1738,0.03580666333436966,2025-04-26 02:06:45.691648,2025-04-26 02:07:25.558911,0 days 00:00:39.867263,0.13878476036580034,208,3,4,80,0.060763181867034756,64,3,3,64,0.2717642177988586,96,1,3,80,0.25227766229213905,296,328.0,,2,2,0.0017976245263363303,0.6,/work3/arnaou/checkpoints/groupgat_Vc_trial_1738_best_state.pt,"{'learning_rate': 0.0017976245263363303, 'lr_reduce': 0.6}",TPESampler,COMPLETE
1739,0.011748624965548515,2025-04-26 02:07:25.871435,2025-04-26 02:08:28.667713,0 days 00:01:02.796278,0.028452443830422558,208,3,3,80,0.014330671295321878,64,2,3,64,0.20726979478375823,96,1,2,48,0.28908836765477075,120,480.0,,2,2,0.007147073212166179,0.6,/work3/arnaou/checkpoints/groupgat_Vc_trial_1739_best_state.pt,"{'learning_rate': 0.007147073212166179, 'lr_reduce': 0.6}",TPESampler,COMPLETE
1740,0.040135085582733154,2025-04-26 02:08:10.479205,2025-04-26 02:08:44.588435,0 days 00:00:34.109230,0.13324752615192753,224,1,3,80,0.15924176120553943,112,4,1,112,0.28514856694123586,32,3,4,112,0.1524894835111997,384,440.0,184.0,3,1,0.0014629570256776607,0.6,/work3/arnaou/checkpoints/groupgat_Vc_trial_1740_best_state.pt,"{'learning_rate': 0.0014629570256776607, 'lr_reduce': 0.6}",TPESampler,COMPLETE
1741,0.012440943159162998,2025-04-26 02:08:13.254405,2025-04-26 02:09:16.343355,0 days 00:01:03.088950,0.04701880771600398,240,3,4,80,0.07056020427459925,64,3,3,64,0.2110691728925485,64,1,4,32,0.24553835267050353,304,232.0,72.0,3,2,0.004124398132146878,0.6,/work3/arnaou/checkpoints/groupgat_Vc_trial_1741_best_state.pt,"{'learning_rate': 0.004124398132146878, 'lr_reduce': 0.6}",TPESampler,COMPLETE
1742,0.010986682958900928,2025-04-26 02:08:29.003730,2025-04-26 02:09:35.426295,0 days 00:01:06.422565,0.030972908836958725,224,3,1,112,0.007621403184471321,128,3,2,64,0.2333035289958881,96,3,3,128,0.05452988253650589,200,112.0,296.0,3,2,0.00600670935132423,0.6,/work3/arnaou/checkpoints/groupgat_Vc_trial_1742_best_state.pt,"{'learning_rate': 0.00600670935132423, 'lr_reduce': 0.6}",TPESampler,COMPLETE
1743,0.00961857009679079,2025-04-26 02:08:44.903020,2025-04-26 02:10:01.120755,0 days 00:01:16.217735,0.017272157016257908,128,4,2,96,0.132572681717196,160,3,1,48,0.21931722033609655,80,3,4,128,0.057204674454282824,120,368.0,392.0,3,2,0.0053172693649197545,0.6,/work3/arnaou/checkpoints/groupgat_Vc_trial_1743_best_state.pt,"{'learning_rate': 0.0053172693649197545, 'lr_reduce': 0.6}",TPESampler,COMPLETE
1744,0.01256305631250143,2025-04-26 02:09:16.740812,2025-04-26 02:10:40.098711,0 days 00:01:23.357899,0.04043058152157843,144,1,2,48,0.1384768836070056,64,4,1,128,0.1471323139500179,32,2,2,112,0.1700898268879462,472,512.0,256.0,3,2,0.008552279093748038,0.6,/work3/arnaou/checkpoints/groupgat_Vc_trial_1744_best_state.pt,"{'learning_rate': 0.008552279093748038, 'lr_reduce': 0.6}",TPESampler,COMPLETE
1745,0.012186767533421516,2025-04-26 02:09:35.701111,2025-04-26 02:11:46.832243,0 days 00:02:11.131132,0.20982136261191264,144,1,3,128,0.2128912182128409,240,4,3,96,0.21345200166320746,32,3,2,128,0.0905992475065561,376,280.0,,2,2,0.003453400098046632,0.6,/work3/arnaou/checkpoints/groupgat_Vc_trial_1745_best_state.pt,"{'learning_rate': 0.003453400098046632, 'lr_reduce': 0.6}",TPESampler,COMPLETE
1746,0.05578702688217163,2025-04-26 02:10:01.644255,2025-04-26 02:11:31.731545,0 days 00:01:30.087290,0.282792292598828,224,1,1,64,0.13627844019948063,192,3,2,96,0.14232299302230156,80,2,3,96,0.04368209390414303,152,,,1,1,0.00010943734929448933,0.6,/work3/arnaou/checkpoints/groupgat_Vc_trial_1746_best_state.pt,"{'learning_rate': 0.00010943734929448933, 'lr_reduce': 0.6}",TPESampler,COMPLETE
1747,0.014262288808822632,2025-04-26 02:10:40.449199,2025-04-26 02:11:55.866683,0 days 00:01:15.417484,0.05290696646340372,240,4,4,112,0.11443006124706825,256,3,3,32,0.00017998061699643977,32,2,2,64,0.28943653441032663,200,408.0,,2,2,0.002601282599732666,0.6,/work3/arnaou/checkpoints/groupgat_Vc_trial_1747_best_state.pt,"{'learning_rate': 0.002601282599732666, 'lr_reduce': 0.6}",TPESampler,COMPLETE
1748,0.01750231347978115,2025-04-26 02:11:32.630779,2025-04-26 02:12:41.432705,0 days 00:01:08.801926,0.05939785471057577,192,3,4,80,0.07759265404275244,256,3,3,32,0.02044886689540438,96,2,4,96,0.26200875172748217,384,448.0,,2,2,0.0026801705892922118,0.6,/work3/arnaou/checkpoints/groupgat_Vc_trial_1748_best_state.pt,"{'learning_rate': 0.0026801705892922118, 'lr_reduce': 0.6}",TPESampler,COMPLETE
1749,0.010810972191393375,2025-04-26 02:11:47.081114,2025-04-26 02:13:24.916116,0 days 00:01:37.835002,0.13194833599709763,224,2,4,64,0.011588809380299572,112,3,3,80,0.2721206740996075,64,1,3,64,0.22481110183041147,280,360.0,,2,2,0.003324180048719443,0.6,/work3/arnaou/checkpoints/groupgat_Vc_trial_1749_best_state.pt,"{'learning_rate': 0.003324180048719443, 'lr_reduce': 0.6}",TPESampler,COMPLETE
1750,0.013950507156550884,2025-04-26 02:11:56.188743,2025-04-26 02:13:42.227404,0 days 00:01:46.038661,0.08893921808667647,224,2,4,48,0.005801834606807776,80,3,2,64,0.27986595262553443,96,1,4,32,0.2704040374491428,216,304.0,,2,2,0.007915175668427329,0.6,/work3/arnaou/checkpoints/groupgat_Vc_trial_1750_best_state.pt,"{'learning_rate': 0.007915175668427329, 'lr_reduce': 0.6}",TPESampler,COMPLETE
1751,0.0130453547462821,2025-04-26 02:12:41.829880,2025-04-26 02:13:50.204346,0 days 00:01:08.374466,0.006591159847072476,256,4,4,64,0.0869164174493944,256,2,3,32,0.05545634596039111,64,2,3,96,0.2514369136823334,248,472.0,,2,2,0.0020608955318217053,0.6,/work3/arnaou/checkpoints/groupgat_Vc_trial_1751_best_state.pt,"{'learning_rate': 0.0020608955318217053, 'lr_reduce': 0.6}",TPESampler,COMPLETE
