number,value,datetime_start,datetime_complete,duration,params_L1_dropout,params_L1_hidden_dim,params_L1_layers_atom,params_L1_layers_mol,params_L1_out_dim,params_L2_dropout,params_L2_hidden_dim,params_L2_layers_atom,params_L2_layers_mol,params_L2_out_dim,params_L3_dropout,params_L3_hidden_dim,params_L3_layers_atom,params_L3_layers_mol,params_L3_out_dim,params_final_dropout,params_mlp_dim_0,params_mlp_dim_1,params_mlp_dim_2,params_n_mlp_layers,params_num_heads,params_train_learning_rate,params_train_lr_reduce,user_attrs_best_state_dict_path,user_attrs_training_params,system_attrs_auto:sampler,state
587,0.010393369011580944,2025-04-25 18:17:42.978697,2025-04-25 18:18:58.073570,0 days 00:01:15.094873,0.025856176640602795,176,4,2,80,0.16268374073694764,192,3,1,64,0.157084242184551,32,1,4,96,0.15199000961918108,152,256.0,304.0,3,2,0.0050881784010308306,0.6,/work3/arnaou/checkpoints/groupgat_Vc_trial_587_best_state.pt,"{'learning_rate': 0.0050881784010308306, 'lr_reduce': 0.6}",TPESampler,COMPLETE
588,0.01234516967087984,2025-04-25 18:17:48.380894,2025-04-25 18:19:03.773284,0 days 00:01:15.392390,0.01974457146407312,160,4,3,80,0.020758435195786067,160,1,3,48,0.19258437219921892,64,1,4,48,0.2344880722971988,128,232.0,312.0,3,2,0.009436656198932396,0.6,/work3/arnaou/checkpoints/groupgat_Vc_trial_588_best_state.pt,"{'learning_rate': 0.009436656198932396, 'lr_reduce': 0.6}",TPESampler,COMPLETE
589,0.01316685602068901,2025-04-25 18:17:54.400481,2025-04-25 18:19:09.423876,0 days 00:01:15.023395,0.006064179673659424,112,3,3,96,0.15283884810718226,96,2,3,80,0.1998161186382199,128,1,1,48,0.2706369914586804,240,,,1,2,0.002886266287407761,0.6,/work3/arnaou/checkpoints/groupgat_Vc_trial_589_best_state.pt,"{'learning_rate': 0.002886266287407761, 'lr_reduce': 0.6}",TPESampler,COMPLETE
590,0.013909491710364819,2025-04-25 18:18:58.381334,2025-04-25 18:20:51.289283,0 days 00:01:52.907949,0.07451750734460644,128,4,2,80,0.005783063172786998,240,3,2,112,0.2406330900410704,32,1,4,80,0.2189158316281254,120,256.0,,2,2,0.006131290114199014,0.6,/work3/arnaou/checkpoints/groupgat_Vc_trial_590_best_state.pt,"{'learning_rate': 0.006131290114199014, 'lr_reduce': 0.6}",TPESampler,COMPLETE
591,0.01007335539907217,2025-04-25 18:19:03.974414,2025-04-25 18:20:01.458859,0 days 00:00:57.484445,0.0930751792458224,192,1,1,64,0.1687628723943987,80,3,1,32,0.022559935759439834,128,1,1,128,0.09697353667369094,56,288.0,,2,2,0.0029026950474445134,0.6,/work3/arnaou/checkpoints/groupgat_Vc_trial_591_best_state.pt,"{'learning_rate': 0.0029026950474445134, 'lr_reduce': 0.6}",TPESampler,COMPLETE
592,0.016158850863575935,2025-04-25 18:19:09.846879,2025-04-25 18:20:26.351184,0 days 00:01:16.504305,0.0899200937256199,256,4,2,32,0.2796988254402013,176,4,3,96,0.24380198749590484,128,3,4,96,0.12458200709514192,296,184.0,208.0,3,2,0.003813182621417908,0.6,/work3/arnaou/checkpoints/groupgat_Vc_trial_592_best_state.pt,"{'learning_rate': 0.003813182621417908, 'lr_reduce': 0.6}",TPESampler,COMPLETE
593,0.011310702189803123,2025-04-25 18:20:01.683683,2025-04-25 18:21:11.083086,0 days 00:01:09.399403,0.044650744501349926,224,2,4,96,0.030530532516769945,176,3,2,32,0.29589594271754677,64,1,4,32,0.1655710522685511,40,272.0,312.0,3,2,0.004705674072423709,0.6,/work3/arnaou/checkpoints/groupgat_Vc_trial_593_best_state.pt,"{'learning_rate': 0.004705674072423709, 'lr_reduce': 0.6}",TPESampler,COMPLETE
594,0.012566917575895786,2025-04-25 18:20:26.647118,2025-04-25 18:21:53.017959,0 days 00:01:26.370841,0.07353166773383144,176,3,4,32,0.05029672729457474,192,3,2,32,0.21231665434649924,64,1,3,32,0.2310485328263429,336,312.0,256.0,3,2,0.009720220777097326,0.6,/work3/arnaou/checkpoints/groupgat_Vc_trial_594_best_state.pt,"{'learning_rate': 0.009720220777097326, 'lr_reduce': 0.6}",TPESampler,COMPLETE
595,0.011006612330675125,2025-04-25 18:20:51.544527,2025-04-25 18:21:38.680272,0 days 00:00:47.135745,0.042072542092651696,208,1,1,48,0.17287469700370442,80,3,1,32,0.034597935779769565,64,1,1,128,0.03368498123814602,40,320.0,,2,2,0.003262300950922943,0.6,/work3/arnaou/checkpoints/groupgat_Vc_trial_595_best_state.pt,"{'learning_rate': 0.003262300950922943, 'lr_reduce': 0.6}",TPESampler,COMPLETE
596,0.013660138472914696,2025-04-25 18:21:11.274234,2025-04-25 18:22:07.078160,0 days 00:00:55.803926,0.018744496356911892,192,4,2,64,0.1822235453227869,128,4,1,32,0.2945137889237136,32,1,2,96,0.2959900981048811,192,64.0,328.0,3,2,0.002051874434753678,0.6,/work3/arnaou/checkpoints/groupgat_Vc_trial_596_best_state.pt,"{'learning_rate': 0.002051874434753678, 'lr_reduce': 0.6}",TPESampler,COMPLETE
597,0.01668713614344597,2025-04-25 18:21:38.884192,2025-04-25 18:22:28.624453,0 days 00:00:49.740261,0.03031009087660141,160,3,2,80,0.2065569700736773,64,4,2,64,0.25060552341765313,32,1,2,96,0.1791782081294881,144,,,1,2,0.001983247390824306,0.6,/work3/arnaou/checkpoints/groupgat_Vc_trial_597_best_state.pt,"{'learning_rate': 0.001983247390824306, 'lr_reduce': 0.6}",TPESampler,COMPLETE
598,0.025029905140399933,2025-04-25 18:21:53.253126,2025-04-25 18:23:06.981701,0 days 00:01:13.728575,0.13176347071881928,256,2,3,32,0.25151688720124016,128,2,4,80,0.2651973576039775,128,3,3,64,0.17481466010865365,192,,,1,2,0.0038971984078339838,0.6,/work3/arnaou/checkpoints/groupgat_Vc_trial_598_best_state.pt,"{'learning_rate': 0.0038971984078339838, 'lr_reduce': 0.6}",TPESampler,COMPLETE
599,0.011816353537142277,2025-04-25 18:22:07.320001,2025-04-25 18:23:00.734733,0 days 00:00:53.414732,0.028606978102320907,256,1,1,48,0.1553191591568835,112,4,1,48,0.04339494130991169,96,1,2,128,0.17287090069636057,64,320.0,256.0,3,2,0.004302228840276679,0.6,/work3/arnaou/checkpoints/groupgat_Vc_trial_599_best_state.pt,"{'learning_rate': 0.004302228840276679, 'lr_reduce': 0.6}",TPESampler,COMPLETE
600,0.012664424255490303,2025-04-25 18:22:28.937704,2025-04-25 18:23:55.035999,0 days 00:01:26.098295,0.10988363448423945,256,2,2,48,0.23808209391716198,64,4,1,32,0.2274894117301026,48,1,3,64,0.07653745249916,64,80.0,,2,2,0.0008662239493496421,0.6,/work3/arnaou/checkpoints/groupgat_Vc_trial_600_best_state.pt,"{'learning_rate': 0.0008662239493496421, 'lr_reduce': 0.6}",TPESampler,COMPLETE
601,0.009396811947226524,2025-04-25 18:23:00.980690,2025-04-25 18:24:01.572198,0 days 00:01:00.591508,0.01231806874932114,176,4,2,96,0.008815895219374988,112,4,1,32,0.25287470784633276,80,1,1,128,0.052447466865799264,112,264.0,328.0,3,2,0.005041807418099139,0.6,/work3/arnaou/checkpoints/groupgat_Vc_trial_601_best_state.pt,"{'learning_rate': 0.005041807418099139, 'lr_reduce': 0.6}",TPESampler,COMPLETE
602,0.04469076916575432,2025-04-25 18:23:07.270833,2025-04-25 18:23:46.500177,0 days 00:00:39.229344,0.024950915404029633,256,1,2,48,0.1390754240322204,64,2,1,80,0.08839194460739593,96,2,1,128,0.11912364850432712,96,512.0,,2,2,0.0008562776278434492,0.6,/work3/arnaou/checkpoints/groupgat_Vc_trial_602_best_state.pt,"{'learning_rate': 0.0008562776278434492, 'lr_reduce': 0.6}",TPESampler,COMPLETE
603,0.011336074210703373,2025-04-25 18:23:46.713172,2025-04-25 18:24:31.083553,0 days 00:00:44.370381,0.13984120215963555,176,3,4,80,0.040708851444745286,192,2,1,48,0.2805592155330559,32,1,2,48,0.20183430126659044,120,360.0,184.0,3,2,0.0030886352191028484,0.6,/work3/arnaou/checkpoints/groupgat_Vc_trial_603_best_state.pt,"{'learning_rate': 0.0030886352191028484, 'lr_reduce': 0.6}",TPESampler,COMPLETE
604,0.012018664740025997,2025-04-25 18:23:55.331246,2025-04-25 18:24:52.096997,0 days 00:00:56.765751,0.018209458632294416,192,1,1,48,0.06942930730663692,64,3,2,64,0.037887941020482534,112,1,1,96,0.062000960026458565,112,416.0,272.0,3,2,0.005333467521551641,0.6,/work3/arnaou/checkpoints/groupgat_Vc_trial_604_best_state.pt,"{'learning_rate': 0.005333467521551641, 'lr_reduce': 0.6}",TPESampler,COMPLETE
605,0.010999985970556736,2025-04-25 18:24:02.039697,2025-04-25 18:24:59.892901,0 days 00:00:57.853204,0.11383304236842806,160,3,4,80,0.02711246456728577,208,2,2,32,0.27142123451486666,48,2,4,48,0.19866933308076185,336,240.0,344.0,3,2,0.0015965667466635285,0.6,/work3/arnaou/checkpoints/groupgat_Vc_trial_605_best_state.pt,"{'learning_rate': 0.0015965667466635285, 'lr_reduce': 0.6}",TPESampler,COMPLETE
606,0.02905280515551567,2025-04-25 18:24:31.391629,2025-04-25 18:25:56.743943,0 days 00:01:25.352314,0.12228797822064649,224,3,4,48,0.28526044901207953,160,4,4,80,0.19093161833209268,128,2,4,128,0.09461981693684583,256,288.0,,2,2,0.006509687132924425,0.6,/work3/arnaou/checkpoints/groupgat_Vc_trial_606_best_state.pt,"{'learning_rate': 0.006509687132924425, 'lr_reduce': 0.6}",TPESampler,COMPLETE
607,0.01367179024964571,2025-04-25 18:24:52.375714,2025-04-25 18:26:23.706249,0 days 00:01:31.330535,0.020933254257200058,176,4,3,96,0.0692291011509007,96,3,1,48,0.16113378297465114,96,2,2,128,0.0656872620151819,128,272.0,336.0,3,2,0.005358590053132226,0.6,/work3/arnaou/checkpoints/groupgat_Vc_trial_607_best_state.pt,"{'learning_rate': 0.005358590053132226, 'lr_reduce': 0.6}",TPESampler,COMPLETE
608,0.012373585253953934,2025-04-25 18:25:00.157925,2025-04-25 18:26:23.773129,0 days 00:01:23.615204,0.1217002264478439,240,3,4,48,0.0807871131308642,240,1,2,48,0.20027054950920956,48,1,3,48,0.2016618447919852,200,208.0,328.0,3,2,0.00538554513654888,0.6,/work3/arnaou/checkpoints/groupgat_Vc_trial_608_best_state.pt,"{'learning_rate': 0.00538554513654888, 'lr_reduce': 0.6}",TPESampler,COMPLETE
609,0.011898854747414589,2025-04-25 18:25:56.978765,2025-04-25 18:27:41.989764,0 days 00:01:45.010999,0.028597476482501893,128,4,3,128,0.03413275961945867,128,4,1,32,0.29755631859936543,48,1,3,128,0.037000304225619465,264,256.0,320.0,3,2,0.001284694883040047,0.6,/work3/arnaou/checkpoints/groupgat_Vc_trial_609_best_state.pt,"{'learning_rate': 0.001284694883040047, 'lr_reduce': 0.6}",TPESampler,COMPLETE
610,0.012440546415746212,2025-04-25 18:26:23.861838,2025-04-25 18:27:18.598624,0 days 00:00:54.736786,0.09597321600230324,112,2,3,64,0.10624860756326851,160,2,2,32,0.20317832225855603,32,1,4,64,0.22419685168518916,224,232.0,344.0,3,2,0.006982983376610305,0.6,/work3/arnaou/checkpoints/groupgat_Vc_trial_610_best_state.pt,"{'learning_rate': 0.006982983376610305, 'lr_reduce': 0.6}",TPESampler,COMPLETE
611,0.0140481386333704,2025-04-25 18:26:23.932599,2025-04-25 18:27:31.029938,0 days 00:01:07.097339,0.1827845822167809,256,3,4,32,0.06902723968828398,128,1,1,48,0.23951742748351426,48,1,3,32,0.10494495700150108,280,224.0,280.0,3,2,0.0012608782116097913,0.6,/work3/arnaou/checkpoints/groupgat_Vc_trial_611_best_state.pt,"{'learning_rate': 0.0012608782116097913, 'lr_reduce': 0.6}",TPESampler,COMPLETE
612,0.016299016773700714,2025-04-25 18:27:18.924078,2025-04-25 18:29:08.744049,0 days 00:01:49.819971,6.357666137496443e-05,256,1,1,32,0.016918672818820063,112,3,1,32,0.08597704205552173,96,1,1,128,0.08713830914707005,128,,,1,2,0.000657672201286275,0.6,/work3/arnaou/checkpoints/groupgat_Vc_trial_612_best_state.pt,"{'learning_rate': 0.000657672201286275, 'lr_reduce': 0.6}",TPESampler,COMPLETE
613,0.011965567246079445,2025-04-25 18:27:31.268870,2025-04-25 18:28:51.142751,0 days 00:01:19.873881,0.024185116020694508,192,4,2,96,0.02547500077924766,112,4,1,48,0.22892751092766217,96,1,1,96,0.0031633033069699973,160,288.0,336.0,3,2,0.002996891723788561,0.6,/work3/arnaou/checkpoints/groupgat_Vc_trial_613_best_state.pt,"{'learning_rate': 0.002996891723788561, 'lr_reduce': 0.6}",TPESampler,COMPLETE
614,0.011334425769746304,2025-04-25 18:27:42.277123,2025-04-25 18:28:33.446424,0 days 00:00:51.169301,0.01333220635142879,224,2,2,64,0.20049268888742763,64,3,2,48,0.10049501182226722,64,1,4,64,0.24990269923305805,32,320.0,,2,2,0.0017621205050112425,0.6,/work3/arnaou/checkpoints/groupgat_Vc_trial_614_best_state.pt,"{'learning_rate': 0.0017621205050112425, 'lr_reduce': 0.6}",TPESampler,COMPLETE
615,0.027814768254756927,2025-04-25 18:28:33.635109,2025-04-25 18:29:51.126451,0 days 00:01:17.491342,0.05004005313429025,240,3,4,64,0.10008549644304811,224,3,1,48,0.2540055025204132,32,1,3,32,0.18957499744210662,176,344.0,272.0,3,2,0.009448149085436688,0.6,/work3/arnaou/checkpoints/groupgat_Vc_trial_615_best_state.pt,"{'learning_rate': 0.009448149085436688, 'lr_reduce': 0.6}",TPESampler,COMPLETE
616,0.008588322438299656,2025-04-25 18:28:51.338967,2025-04-25 18:30:11.345014,0 days 00:01:20.006047,0.05009352268816487,176,4,2,96,0.04596069697189499,128,4,1,48,0.24383844862014015,80,1,2,128,0.061987930174610545,168,256.0,352.0,3,2,0.007732637132325446,0.6,/work3/arnaou/checkpoints/groupgat_Vc_trial_616_best_state.pt,"{'learning_rate': 0.007732637132325446, 'lr_reduce': 0.6}",TPESampler,COMPLETE
617,0.013623627834022045,2025-04-25 18:29:09.027645,2025-04-25 18:30:27.298974,0 days 00:01:18.271329,0.07211933975761858,128,3,2,32,0.2294636356093629,96,4,2,112,0.2816836950769338,32,1,1,64,0.21001027575877587,64,,,1,2,0.002292326812928734,0.6,/work3/arnaou/checkpoints/groupgat_Vc_trial_617_best_state.pt,"{'learning_rate': 0.002292326812928734, 'lr_reduce': 0.6}",TPESampler,COMPLETE
618,0.012418080121278763,2025-04-25 18:29:51.354063,2025-04-25 18:30:47.154066,0 days 00:00:55.800003,0.09890241362138767,128,4,3,64,0.09323379220994127,160,4,1,80,0.23856817651285758,32,1,3,80,0.25688814481631833,80,272.0,,2,2,0.004789658296625328,0.6,/work3/arnaou/checkpoints/groupgat_Vc_trial_618_best_state.pt,"{'learning_rate': 0.004789658296625328, 'lr_reduce': 0.6}",TPESampler,COMPLETE
619,0.011981104500591755,2025-04-25 18:30:11.595490,2025-04-25 18:30:57.523591,0 days 00:00:45.928101,0.043528792157252395,256,2,2,32,0.21316170193386894,160,4,3,96,0.21113026052638545,128,1,3,112,0.12948543721643718,104,256.0,,2,2,0.0021357726522686173,0.6,/work3/arnaou/checkpoints/groupgat_Vc_trial_619_best_state.pt,"{'learning_rate': 0.0021357726522686173, 'lr_reduce': 0.6}",TPESampler,COMPLETE
620,0.014035763218998909,2025-04-25 18:30:27.537564,2025-04-25 18:31:21.193451,0 days 00:00:53.655887,0.22635465407285477,208,3,4,48,0.09993347668194882,160,1,2,32,0.2799014068327502,32,1,1,32,0.25925106794310704,80,216.0,384.0,3,2,0.002981540326534814,0.6,/work3/arnaou/checkpoints/groupgat_Vc_trial_620_best_state.pt,"{'learning_rate': 0.002981540326534814, 'lr_reduce': 0.6}",TPESampler,COMPLETE
621,0.013843082822859287,2025-04-25 18:30:47.403085,2025-04-25 18:31:40.289915,0 days 00:00:52.886830,0.013287036915539625,80,2,2,32,0.18808787304710445,64,4,1,64,0.24309470207230796,48,1,1,64,0.21956807478797652,120,,,1,2,0.00554156515668195,0.6,/work3/arnaou/checkpoints/groupgat_Vc_trial_621_best_state.pt,"{'learning_rate': 0.00554156515668195, 'lr_reduce': 0.6}",TPESampler,COMPLETE
622,0.02816888317465782,2025-04-25 18:30:57.767042,2025-04-25 18:31:57.883003,0 days 00:01:00.115961,0.01116499117422481,112,2,3,80,0.19065646972874561,96,3,4,32,0.27830398858532224,128,2,3,48,0.2564320578804257,176,,,1,2,0.004102598998041145,0.6,/work3/arnaou/checkpoints/groupgat_Vc_trial_622_best_state.pt,"{'learning_rate': 0.004102598998041145, 'lr_reduce': 0.6}",TPESampler,COMPLETE
623,0.013277976773679256,2025-04-25 18:31:21.432380,2025-04-25 18:32:07.729766,0 days 00:00:46.297386,0.027247155141190346,240,1,1,48,0.08753456852392767,64,3,1,48,0.033935912086963956,80,2,1,112,0.12501958201225266,112,184.0,,2,1,0.0023420959670470863,0.6,/work3/arnaou/checkpoints/groupgat_Vc_trial_623_best_state.pt,"{'learning_rate': 0.0023420959670470863, 'lr_reduce': 0.6}",TPESampler,COMPLETE
624,0.02287108451128006,2025-04-25 18:31:40.549031,2025-04-25 18:32:21.989719,0 days 00:00:41.440688,0.1941742705475517,176,3,2,80,0.1115696058455577,112,3,2,64,0.26503091256646144,80,1,2,128,0.0160964204371892,104,240.0,376.0,3,2,0.003097373822502605,0.6,/work3/arnaou/checkpoints/groupgat_Vc_trial_624_best_state.pt,"{'learning_rate': 0.003097373822502605, 'lr_reduce': 0.6}",TPESampler,COMPLETE
625,0.013839074410498142,2025-04-25 18:31:58.129715,2025-04-25 18:33:09.120729,0 days 00:01:10.991014,0.01640298454966219,96,4,1,48,0.11579025156596752,192,3,1,80,0.133138342234584,48,1,3,64,0.17059001698506743,232,272.0,,2,2,0.006667772534249271,0.6,/work3/arnaou/checkpoints/groupgat_Vc_trial_625_best_state.pt,"{'learning_rate': 0.006667772534249271, 'lr_reduce': 0.6}",TPESampler,COMPLETE
626,0.010896936058998108,2025-04-25 18:32:07.901284,2025-04-25 18:33:16.776285,0 days 00:01:08.875001,0.05318395566012972,256,1,2,32,0.09391406647191523,128,3,1,96,0.29467508859975755,32,3,4,128,0.19527186396752666,192,232.0,352.0,3,2,0.005247554262940095,0.6,/work3/arnaou/checkpoints/groupgat_Vc_trial_626_best_state.pt,"{'learning_rate': 0.005247554262940095, 'lr_reduce': 0.6}",TPESampler,COMPLETE
627,0.01117786392569542,2025-04-25 18:32:22.191705,2025-04-25 18:33:26.795497,0 days 00:01:04.603792,0.11633966641694071,240,1,1,48,0.05853821467367357,80,3,1,48,0.012852253121997732,96,2,1,112,0.07719372560725088,80,288.0,,2,2,0.007488437298223953,0.6,/work3/arnaou/checkpoints/groupgat_Vc_trial_627_best_state.pt,"{'learning_rate': 0.007488437298223953, 'lr_reduce': 0.6}",TPESampler,COMPLETE
628,0.010184390470385551,2025-04-25 18:33:09.393311,2025-04-25 18:34:07.111153,0 days 00:00:57.717842,0.06099649331158793,160,3,1,112,0.12230827587200377,80,3,1,32,0.1934718193317569,80,1,1,128,0.03439831075601829,176,320.0,320.0,3,2,0.003562378806592536,0.6,/work3/arnaou/checkpoints/groupgat_Vc_trial_628_best_state.pt,"{'learning_rate': 0.003562378806592536, 'lr_reduce': 0.6}",TPESampler,COMPLETE
629,0.012629981152713299,2025-04-25 18:33:16.999376,2025-04-25 18:34:29.019746,0 days 00:01:12.020370,0.17793565743808037,240,2,1,32,0.23779594626273287,144,3,4,96,0.26437674036097925,128,2,3,80,0.15089291885288303,32,,,1,2,0.006653744332696954,0.6,/work3/arnaou/checkpoints/groupgat_Vc_trial_629_best_state.pt,"{'learning_rate': 0.006653744332696954, 'lr_reduce': 0.6}",TPESampler,COMPLETE
630,0.013044111430644989,2025-04-25 18:33:26.966615,2025-04-25 18:34:51.081822,0 days 00:01:24.115207,0.015257556978173626,176,3,2,32,0.09244479962802639,144,4,2,112,0.0662653618426678,32,2,3,80,0.21678078475748358,136,256.0,368.0,3,2,0.0029242678451149714,0.6,/work3/arnaou/checkpoints/groupgat_Vc_trial_630_best_state.pt,"{'learning_rate': 0.0029242678451149714, 'lr_reduce': 0.6}",TPESampler,COMPLETE
631,0.016374103724956512,2025-04-25 18:34:07.415578,2025-04-25 18:34:46.714696,0 days 00:00:39.299118,0.0382913709763563,160,2,4,96,0.11250052750136191,208,1,1,32,0.23291849544851562,80,1,2,32,0.19551735734938408,160,136.0,304.0,3,1,0.0038398248060608213,0.6,/work3/arnaou/checkpoints/groupgat_Vc_trial_631_best_state.pt,"{'learning_rate': 0.0038398248060608213, 'lr_reduce': 0.6}",TPESampler,COMPLETE
632,0.011610619723796844,2025-04-25 18:34:29.326615,2025-04-25 18:35:47.481772,0 days 00:01:18.155157,0.10206915441132056,192,2,3,32,0.15084512571160988,96,4,3,112,0.21406822146800347,128,4,2,96,0.17286338232289322,56,,,1,2,0.003930205424533465,0.6,/work3/arnaou/checkpoints/groupgat_Vc_trial_632_best_state.pt,"{'learning_rate': 0.003930205424533465, 'lr_reduce': 0.6}",TPESampler,COMPLETE
633,0.01163540594279766,2025-04-25 18:34:46.912497,2025-04-25 18:36:03.910497,0 days 00:01:16.998000,0.07536737142083773,240,4,3,80,0.1606643105829675,192,3,1,32,0.20896169653297972,80,2,2,64,0.23714916275996462,96,200.0,376.0,3,2,0.002282630848344801,0.6,/work3/arnaou/checkpoints/groupgat_Vc_trial_633_best_state.pt,"{'learning_rate': 0.002282630848344801, 'lr_reduce': 0.6}",TPESampler,COMPLETE
634,0.009760003536939621,2025-04-25 18:34:51.259113,2025-04-25 18:35:53.360725,0 days 00:01:02.101612,0.09854897217116342,224,3,3,32,0.16771350029713764,144,3,1,32,0.13739733001119733,32,1,2,32,0.18516416918459874,344,264.0,304.0,3,2,0.0031161631960442146,0.6,/work3/arnaou/checkpoints/groupgat_Vc_trial_634_best_state.pt,"{'learning_rate': 0.0031161631960442146, 'lr_reduce': 0.6}",TPESampler,COMPLETE
635,0.014324833638966084,2025-04-25 18:35:47.749293,2025-04-25 18:36:40.669117,0 days 00:00:52.919824,0.03471552416200488,96,3,4,64,0.0981530103077552,192,3,3,32,0.2720366788821105,32,1,2,32,0.13714627284574332,168,504.0,336.0,3,2,0.0024107765011093982,0.6,/work3/arnaou/checkpoints/groupgat_Vc_trial_635_best_state.pt,"{'learning_rate': 0.0024107765011093982, 'lr_reduce': 0.6}",TPESampler,COMPLETE
636,0.017622435465455055,2025-04-25 18:35:53.573414,2025-04-25 18:37:13.636293,0 days 00:01:20.062879,0.1993033423183349,208,2,2,48,0.18995365955524038,144,3,1,32,0.14185289456586403,32,1,3,64,0.1930427048982487,312,256.0,,2,2,0.008409434862014408,0.6,/work3/arnaou/checkpoints/groupgat_Vc_trial_636_best_state.pt,"{'learning_rate': 0.008409434862014408, 'lr_reduce': 0.6}",TPESampler,COMPLETE
637,0.0233120396733284,2025-04-25 18:36:04.159152,2025-04-25 18:37:27.857315,0 days 00:01:23.698163,0.04860503357458047,240,1,4,48,0.16782584599185754,112,4,4,96,0.20095741753957277,112,2,3,80,0.07435352692077916,48,,,1,2,0.009961929797517925,0.6,/work3/arnaou/checkpoints/groupgat_Vc_trial_637_best_state.pt,"{'learning_rate': 0.009961929797517925, 'lr_reduce': 0.6}",TPESampler,COMPLETE
638,0.011271994560956955,2025-04-25 18:36:40.989607,2025-04-25 18:37:51.364869,0 days 00:01:10.375262,0.18068948090812742,240,3,3,32,0.2806515910985715,160,4,1,32,0.14184938121764185,48,2,2,32,0.21940488826959337,464,264.0,288.0,3,2,0.0044991267621264245,0.6,/work3/arnaou/checkpoints/groupgat_Vc_trial_638_best_state.pt,"{'learning_rate': 0.0044991267621264245, 'lr_reduce': 0.6}",TPESampler,COMPLETE
639,0.0173856932669878,2025-04-25 18:37:13.816512,2025-04-25 18:38:10.355073,0 days 00:00:56.538561,0.20054524218512712,240,2,4,32,0.07809914332581391,128,1,1,48,0.2340888557959332,48,3,2,32,0.2010010427306007,120,264.0,296.0,3,2,0.005216246655162365,0.6,/work3/arnaou/checkpoints/groupgat_Vc_trial_639_best_state.pt,"{'learning_rate': 0.005216246655162365, 'lr_reduce': 0.6}",TPESampler,COMPLETE
