number,value,datetime_start,datetime_complete,duration,params_L1_dropout,params_L1_hidden_dim,params_L1_layers_atom,params_L1_layers_mol,params_L1_out_dim,params_L2_dropout,params_L2_hidden_dim,params_L2_layers_atom,params_L2_layers_mol,params_L2_out_dim,params_L3_dropout,params_L3_hidden_dim,params_L3_layers_atom,params_L3_layers_mol,params_L3_out_dim,params_final_dropout,params_mlp_dim_0,params_mlp_dim_1,params_mlp_dim_2,params_n_mlp_layers,params_num_heads,params_train_learning_rate,params_train_lr_reduce,user_attrs_best_state_dict_path,user_attrs_training_params,system_attrs_auto:sampler,state
1381,0.017069535329937935,2025-04-25 23:34:32.277113,2025-04-25 23:35:41.818465,0 days 00:01:09.541352,0.1639979459036918,208,1,2,80,0.1435645783583687,96,2,3,96,0.2173866628002791,32,2,4,112,0.1774565562105879,320,352.0,72.0,3,2,0.0059872568868001306,0.6,/work3/arnaou/checkpoints/groupgat_Vc_trial_1381_best_state.pt,"{'learning_rate': 0.0059872568868001306, 'lr_reduce': 0.6}",TPESampler,COMPLETE
1382,0.013339909724891186,2025-04-25 23:34:45.170408,2025-04-25 23:36:30.204966,0 days 00:01:45.034558,0.016492378605981108,240,3,2,112,0.009545011541906841,144,3,2,128,0.27260079064093057,64,1,3,128,0.06091163628384749,64,360.0,312.0,3,2,0.005562387107441202,0.6,/work3/arnaou/checkpoints/groupgat_Vc_trial_1382_best_state.pt,"{'learning_rate': 0.005562387107441202, 'lr_reduce': 0.6}",TPESampler,COMPLETE
1383,0.012757768854498863,2025-04-25 23:35:42.123585,2025-04-25 23:37:14.289918,0 days 00:01:32.166333,0.030852049737941437,208,2,2,96,0.10763797791223081,80,4,1,112,0.15153968786606295,64,2,2,112,0.018656553518601543,272,,,1,2,0.006171416189896141,0.6,/work3/arnaou/checkpoints/groupgat_Vc_trial_1383_best_state.pt,"{'learning_rate': 0.006171416189896141, 'lr_reduce': 0.6}",TPESampler,COMPLETE
1384,0.008661122061312199,2025-04-25 23:35:53.836139,2025-04-25 23:37:02.798556,0 days 00:01:08.962417,0.12618127341992105,256,4,3,48,0.013190860797546932,64,3,2,48,0.26876561940548793,32,2,2,112,0.15531601916013774,240,160.0,200.0,3,2,0.0048040137600638385,0.6,/work3/arnaou/checkpoints/groupgat_Vc_trial_1384_best_state.pt,"{'learning_rate': 0.0048040137600638385, 'lr_reduce': 0.6}",TPESampler,COMPLETE
1385,0.012306463904678822,2025-04-25 23:36:30.703445,2025-04-25 23:38:01.904333,0 days 00:01:31.200888,0.026560785410983154,240,4,3,64,0.13085401540576996,144,3,1,32,0.28066486338683927,64,3,4,96,0.2403833825829459,232,264.0,320.0,3,1,0.005624187256180788,0.6,/work3/arnaou/checkpoints/groupgat_Vc_trial_1385_best_state.pt,"{'learning_rate': 0.005624187256180788, 'lr_reduce': 0.6}",TPESampler,COMPLETE
1386,0.013511204160749912,2025-04-25 23:37:03.134898,2025-04-25 23:37:54.810757,0 days 00:00:51.675859,0.10907107165301339,224,1,3,80,0.17446298116828657,112,3,1,96,0.14726093086726574,64,3,2,112,0.15356254393053825,288,176.0,168.0,3,2,0.004139515322027862,0.6,/work3/arnaou/checkpoints/groupgat_Vc_trial_1386_best_state.pt,"{'learning_rate': 0.004139515322027862, 'lr_reduce': 0.6}",TPESampler,COMPLETE
1387,0.0296468585729599,2025-04-25 23:37:14.594081,2025-04-25 23:37:51.122167,0 days 00:00:36.528086,0.2154152683108958,208,4,4,32,0.005873408159134982,64,4,3,48,0.2720841693936091,48,2,2,96,0.09725180285544027,160,184.0,176.0,3,2,0.002057685110259179,0.6,/work3/arnaou/checkpoints/groupgat_Vc_trial_1387_best_state.pt,"{'learning_rate': 0.002057685110259179, 'lr_reduce': 0.6}",TPESampler,COMPLETE
1388,0.010044255293905735,2025-04-25 23:37:51.748273,2025-04-25 23:38:47.890643,0 days 00:00:56.142370,0.03277189727083452,224,2,2,96,0.11586038784840663,144,4,2,64,0.16285322339508024,64,2,2,128,0.1275307619286993,56,176.0,192.0,3,2,0.004625035085142005,0.6,/work3/arnaou/checkpoints/groupgat_Vc_trial_1388_best_state.pt,"{'learning_rate': 0.004625035085142005, 'lr_reduce': 0.6}",TPESampler,COMPLETE
1389,0.009881322272121906,2025-04-25 23:37:55.357825,2025-04-25 23:38:58.731924,0 days 00:01:03.374099,0.08870897346705063,240,1,2,80,0.06563133810352641,64,2,2,96,0.14596190157661287,32,3,2,128,0.09431467040154186,368,200.0,,2,2,0.005422970111633223,0.6,/work3/arnaou/checkpoints/groupgat_Vc_trial_1389_best_state.pt,"{'learning_rate': 0.005422970111633223, 'lr_reduce': 0.6}",TPESampler,COMPLETE
1390,0.012180487625300884,2025-04-25 23:38:02.431434,2025-04-25 23:38:55.632587,0 days 00:00:53.201153,0.1468052196564565,112,2,1,32,0.029411555407392508,128,3,1,32,0.09195073991455882,48,1,4,128,0.013252741778292713,264,208.0,200.0,3,2,0.004846368903567325,0.6,/work3/arnaou/checkpoints/groupgat_Vc_trial_1390_best_state.pt,"{'learning_rate': 0.004846368903567325, 'lr_reduce': 0.6}",TPESampler,COMPLETE
1391,0.011505445465445518,2025-04-25 23:38:48.366984,2025-04-25 23:39:55.976796,0 days 00:01:07.609812,0.06337250898894206,240,4,3,48,0.006137981128024558,96,2,1,32,0.29908315372208993,48,2,1,112,0.18458011960571363,288,96.0,152.0,3,2,0.001862791314672784,0.6,/work3/arnaou/checkpoints/groupgat_Vc_trial_1391_best_state.pt,"{'learning_rate': 0.001862791314672784, 'lr_reduce': 0.6}",TPESampler,COMPLETE
1392,0.01603909395635128,2025-04-25 23:38:56.178021,2025-04-25 23:40:08.946417,0 days 00:01:12.768396,0.1704269457211852,240,3,4,48,0.056500514218477904,80,3,2,32,0.26203277533448743,32,2,2,96,0.1686472928577812,272,200.0,208.0,3,2,0.0056061885515276645,0.6,/work3/arnaou/checkpoints/groupgat_Vc_trial_1392_best_state.pt,"{'learning_rate': 0.0056061885515276645, 'lr_reduce': 0.6}",TPESampler,COMPLETE
1393,0.013977255672216415,2025-04-25 23:38:59.086733,2025-04-25 23:39:41.694168,0 days 00:00:42.607435,0.013963430524417383,256,1,2,112,0.043836779030292955,96,4,1,112,0.15324117072413262,48,2,3,112,0.135863167838277,400,168.0,,2,1,0.002589106828297326,0.6,/work3/arnaou/checkpoints/groupgat_Vc_trial_1393_best_state.pt,"{'learning_rate': 0.002589106828297326, 'lr_reduce': 0.6}",TPESampler,COMPLETE
1394,0.011807835660874844,2025-04-25 23:39:41.988893,2025-04-25 23:40:41.954155,0 days 00:00:59.965262,0.049224120302260754,256,3,4,48,0.19287177774125788,128,2,2,32,0.12185387759304189,96,1,3,80,0.23502165290236596,40,,,1,2,0.0025770872756514813,0.6,/work3/arnaou/checkpoints/groupgat_Vc_trial_1394_best_state.pt,"{'learning_rate': 0.0025770872756514813, 'lr_reduce': 0.6}",TPESampler,COMPLETE
1395,0.013291501440107822,2025-04-25 23:39:56.446074,2025-04-25 23:41:33.661126,0 days 00:01:37.215052,0.07779931094735205,256,4,3,64,0.08094297227659406,64,3,2,48,0.2617741239531266,48,2,2,128,0.16880235421300105,368,96.0,216.0,3,2,0.003609787070251778,0.6,/work3/arnaou/checkpoints/groupgat_Vc_trial_1395_best_state.pt,"{'learning_rate': 0.003609787070251778, 'lr_reduce': 0.6}",TPESampler,COMPLETE
1396,0.012212926521897316,2025-04-25 23:40:09.530950,2025-04-25 23:41:28.731942,0 days 00:01:19.200992,0.1182366499453472,160,4,3,48,0.02858424220812225,80,2,2,48,0.23219535031290195,32,2,2,112,0.11915871019501587,288,136.0,136.0,3,2,0.006897217009605415,0.6,/work3/arnaou/checkpoints/groupgat_Vc_trial_1396_best_state.pt,"{'learning_rate': 0.006897217009605415, 'lr_reduce': 0.6}",TPESampler,COMPLETE
1397,0.010791492648422718,2025-04-25 23:40:42.506759,2025-04-25 23:41:55.372391,0 days 00:01:12.865632,0.09047995414634061,240,4,2,64,0.03941661409855926,96,4,1,64,0.2900259989802039,32,1,3,112,0.2505971146300465,120,200.0,224.0,3,2,0.005267473101201131,0.6,/work3/arnaou/checkpoints/groupgat_Vc_trial_1397_best_state.pt,"{'learning_rate': 0.005267473101201131, 'lr_reduce': 0.6}",TPESampler,COMPLETE
1398,0.01221512071788311,2025-04-25 23:41:29.046153,2025-04-25 23:43:05.384743,0 days 00:01:36.338590,0.2814753154200792,64,2,4,96,0.1345231676996491,112,3,1,48,0.06967465695749687,32,4,1,64,0.16284999694898503,232,248.0,224.0,3,2,0.006524895387717653,0.6,/work3/arnaou/checkpoints/groupgat_Vc_trial_1398_best_state.pt,"{'learning_rate': 0.006524895387717653, 'lr_reduce': 0.6}",TPESampler,COMPLETE
1399,0.012093368917703629,2025-04-25 23:41:34.012110,2025-04-25 23:42:27.919989,0 days 00:00:53.907879,0.12563063625537269,256,3,1,112,0.08821665544129836,96,1,1,32,0.11957575540867495,80,1,3,112,0.13994240945675382,256,128.0,160.0,3,2,0.002932185490283558,0.6,/work3/arnaou/checkpoints/groupgat_Vc_trial_1399_best_state.pt,"{'learning_rate': 0.002932185490283558, 'lr_reduce': 0.6}",TPESampler,COMPLETE
1400,0.015651842579245567,2025-04-25 23:41:55.780004,2025-04-25 23:42:48.338202,0 days 00:00:52.558198,0.027146376211470383,256,1,2,64,0.17971707408387377,128,4,1,112,0.19991130232628065,32,2,4,128,0.08613216736623168,280,104.0,248.0,3,2,0.004052939215352997,0.6,/work3/arnaou/checkpoints/groupgat_Vc_trial_1400_best_state.pt,"{'learning_rate': 0.004052939215352997, 'lr_reduce': 0.6}",TPESampler,COMPLETE
1401,0.011664521880447865,2025-04-25 23:42:28.554512,2025-04-25 23:43:46.065466,0 days 00:01:17.510954,0.03641770327122561,208,4,2,48,0.1718095897451542,160,4,2,32,0.29081619111659035,48,2,3,80,0.1839190292739854,128,104.0,184.0,3,2,0.006312932290245452,0.6,/work3/arnaou/checkpoints/groupgat_Vc_trial_1401_best_state.pt,"{'learning_rate': 0.006312932290245452, 'lr_reduce': 0.6}",TPESampler,COMPLETE
1402,0.010231079533696175,2025-04-25 23:42:48.917198,2025-04-25 23:44:22.651187,0 days 00:01:33.733989,0.13826351509189866,256,2,1,64,0.00028265114612324727,64,2,1,32,0.11853328756835749,64,2,4,128,0.1372860507051284,192,128.0,,2,2,0.00269603485072242,0.6,/work3/arnaou/checkpoints/groupgat_Vc_trial_1402_best_state.pt,"{'learning_rate': 0.00269603485072242, 'lr_reduce': 0.6}",TPESampler,COMPLETE
1403,0.014523487538099289,2025-04-25 23:43:05.731716,2025-04-25 23:44:44.675121,0 days 00:01:38.943405,0.06488409939562921,192,1,2,48,0.09412235362593395,96,3,1,80,0.1436348301582674,32,3,3,96,0.1581936546244027,312,144.0,,2,2,0.0014715100034257014,0.6,/work3/arnaou/checkpoints/groupgat_Vc_trial_1403_best_state.pt,"{'learning_rate': 0.0014715100034257014, 'lr_reduce': 0.6}",TPESampler,COMPLETE
1404,0.011538010090589523,2025-04-25 23:43:46.537531,2025-04-25 23:45:05.415829,0 days 00:01:18.878298,0.020287192368273154,224,3,2,80,0.08647621085240761,64,4,2,96,0.17743807556720084,80,2,2,128,0.1383492114457037,280,152.0,248.0,3,2,0.00294403699987384,0.6,/work3/arnaou/checkpoints/groupgat_Vc_trial_1404_best_state.pt,"{'learning_rate': 0.00294403699987384, 'lr_reduce': 0.6}",TPESampler,COMPLETE
1405,0.013762334361672401,2025-04-25 23:44:23.196106,2025-04-25 23:46:24.336175,0 days 00:02:01.140069,0.08018408715509345,256,4,3,48,0.03110754936465919,112,4,1,48,0.29943333427915747,32,1,3,112,0.13618022881283554,168,32.0,112.0,3,2,0.00921901794896163,0.6,/work3/arnaou/checkpoints/groupgat_Vc_trial_1405_best_state.pt,"{'learning_rate': 0.00921901794896163, 'lr_reduce': 0.6}",TPESampler,COMPLETE
1406,0.010191467590630054,2025-04-25 23:44:45.152006,2025-04-25 23:45:58.466256,0 days 00:01:13.314250,0.057689740181925867,208,1,2,112,0.10249694100852955,144,4,1,96,0.14840714954594925,32,3,3,96,0.10750857421199417,472,184.0,256.0,3,2,0.0015418457699563927,0.6,/work3/arnaou/checkpoints/groupgat_Vc_trial_1406_best_state.pt,"{'learning_rate': 0.0015418457699563927, 'lr_reduce': 0.6}",TPESampler,COMPLETE
1407,0.009740432724356651,2025-04-25 23:45:05.888138,2025-04-25 23:46:18.557816,0 days 00:01:12.669678,0.04330544198598983,208,3,2,96,0.1225653748338264,128,4,2,64,0.11951020882250363,64,3,3,128,0.08149500034100315,400,160.0,208.0,3,1,0.005606989003970149,0.6,/work3/arnaou/checkpoints/groupgat_Vc_trial_1407_best_state.pt,"{'learning_rate': 0.005606989003970149, 'lr_reduce': 0.6}",TPESampler,COMPLETE
1408,0.010979797691106796,2025-04-25 23:45:59.096354,2025-04-25 23:47:09.947993,0 days 00:01:10.851639,0.052757542353415975,240,2,1,96,0.02249797801583632,96,3,2,80,0.2960291224654369,48,1,2,128,0.11772048423128414,168,240.0,280.0,3,2,0.0055943582505699856,0.6,/work3/arnaou/checkpoints/groupgat_Vc_trial_1408_best_state.pt,"{'learning_rate': 0.0055943582505699856, 'lr_reduce': 0.6}",TPESampler,COMPLETE
1409,0.02017279528081417,2025-04-25 23:46:19.203854,2025-04-25 23:48:01.680364,0 days 00:01:42.476510,0.18948401788792052,240,4,2,80,0.04794782491241141,64,3,2,48,0.2775659423450027,32,2,1,128,0.100879349531594,200,296.0,,2,2,0.0010827595811580607,0.6,/work3/arnaou/checkpoints/groupgat_Vc_trial_1409_best_state.pt,"{'learning_rate': 0.0010827595811580607, 'lr_reduce': 0.6}",TPESampler,COMPLETE
1410,0.012377386912703514,2025-04-25 23:46:24.911097,2025-04-25 23:47:44.573864,0 days 00:01:19.662767,0.15380481504284252,208,4,2,32,0.010559904992394849,64,3,2,64,0.27651864656810343,32,3,2,96,0.23309509690934593,224,168.0,192.0,3,2,0.006766046503837528,0.6,/work3/arnaou/checkpoints/groupgat_Vc_trial_1410_best_state.pt,"{'learning_rate': 0.006766046503837528, 'lr_reduce': 0.6}",TPESampler,COMPLETE
1411,0.010824223980307579,2025-04-25 23:47:10.574878,2025-04-25 23:48:27.165591,0 days 00:01:16.590713,0.038233834800592115,256,4,1,96,0.08672078743671688,80,3,3,96,0.18671403475135653,48,2,4,128,0.08362754637838915,168,248.0,296.0,3,2,0.00952913924744694,0.6,/work3/arnaou/checkpoints/groupgat_Vc_trial_1411_best_state.pt,"{'learning_rate': 0.00952913924744694, 'lr_reduce': 0.6}",TPESampler,COMPLETE
1412,0.010992028750479221,2025-04-25 23:47:45.365944,2025-04-25 23:49:15.873832,0 days 00:01:30.507888,0.030889530425422754,144,2,2,96,0.07079756448705589,176,4,1,96,0.19863787567309407,96,3,3,128,0.13884234610723356,344,160.0,240.0,3,2,0.007009840142698281,0.6,/work3/arnaou/checkpoints/groupgat_Vc_trial_1412_best_state.pt,"{'learning_rate': 0.007009840142698281, 'lr_reduce': 0.6}",TPESampler,COMPLETE
1413,0.012937703169882298,2025-04-25 23:48:02.011731,2025-04-25 23:49:41.861236,0 days 00:01:39.849505,0.011431402840092347,256,4,3,32,0.07922595442444454,256,2,3,32,0.06846837797663174,32,3,3,96,0.27634054779893524,304,296.0,,2,2,0.008166498508022861,0.6,/work3/arnaou/checkpoints/groupgat_Vc_trial_1413_best_state.pt,"{'learning_rate': 0.008166498508022861, 'lr_reduce': 0.6}",TPESampler,COMPLETE
1414,0.012080550193786621,2025-04-25 23:48:27.660418,2025-04-25 23:49:54.578345,0 days 00:01:26.917927,0.10145491568484155,256,4,2,64,0.013426487252676977,80,2,3,64,0.2483216494409891,32,2,3,96,0.10490126811786349,352,216.0,320.0,3,2,0.00941216497522815,0.6,/work3/arnaou/checkpoints/groupgat_Vc_trial_1414_best_state.pt,"{'learning_rate': 0.00941216497522815, 'lr_reduce': 0.6}",TPESampler,COMPLETE
1415,0.14246734976768494,2025-04-25 23:49:16.882011,2025-04-25 23:49:52.873142,0 days 00:00:35.991131,0.12928746037509511,176,2,2,112,0.1631316382754596,96,4,1,112,0.219520578584678,32,2,2,112,0.11529093028763981,328,304.0,272.0,3,2,0.0009525468639437378,0.6,/work3/arnaou/checkpoints/groupgat_Vc_trial_1415_best_state.pt,"{'learning_rate': 0.0009525468639437378, 'lr_reduce': 0.6}",TPESampler,COMPLETE
1416,0.009955198504030704,2025-04-25 23:49:42.463891,2025-04-25 23:51:20.798589,0 days 00:01:38.334698,0.0675020713543735,208,2,2,96,0.02386546973276331,80,4,2,96,0.12211458172365364,48,1,2,128,0.017027445546553097,144,288.0,136.0,3,2,0.00369470629060626,0.6,/work3/arnaou/checkpoints/groupgat_Vc_trial_1416_best_state.pt,"{'learning_rate': 0.00369470629060626, 'lr_reduce': 0.6}",TPESampler,COMPLETE
1417,0.011621536687016487,2025-04-25 23:49:53.329033,2025-04-25 23:50:49.038151,0 days 00:00:55.709118,0.0020472807694285264,256,3,3,112,0.027334834818710702,176,3,3,128,0.19947502390260197,64,3,2,128,0.1984319373987689,176,352.0,224.0,3,2,0.005992088187032542,0.6,/work3/arnaou/checkpoints/groupgat_Vc_trial_1417_best_state.pt,"{'learning_rate': 0.005992088187032542, 'lr_reduce': 0.6}",TPESampler,COMPLETE
1418,0.024180738255381584,2025-04-25 23:49:54.994556,2025-04-25 23:51:30.857899,0 days 00:01:35.863343,0.11648993224078447,176,1,2,80,0.14903996541831444,128,3,2,128,0.1909059787022111,32,3,4,96,0.039589319287440514,392,240.0,328.0,3,1,0.00759922263720381,0.6,/work3/arnaou/checkpoints/groupgat_Vc_trial_1418_best_state.pt,"{'learning_rate': 0.00759922263720381, 'lr_reduce': 0.6}",TPESampler,COMPLETE
1419,0.012564258649945259,2025-04-25 23:50:49.600612,2025-04-25 23:51:50.827322,0 days 00:01:01.226710,0.0015005800000661394,224,4,3,112,0.048268471132040955,112,3,2,112,0.06266670089176365,48,1,3,96,0.14570191018614687,112,320.0,272.0,3,2,0.006240285838996611,0.6,/work3/arnaou/checkpoints/groupgat_Vc_trial_1419_best_state.pt,"{'learning_rate': 0.006240285838996611, 'lr_reduce': 0.6}",TPESampler,COMPLETE
1420,0.013590971939265728,2025-04-25 23:51:21.350784,2025-04-25 23:52:19.026294,0 days 00:00:57.675510,0.19227119053329741,240,1,4,64,0.24811560653178288,256,4,1,80,0.07854746195796267,48,3,4,80,0.07784844190636242,256,136.0,184.0,3,2,0.0006947502885397101,0.6,/work3/arnaou/checkpoints/groupgat_Vc_trial_1420_best_state.pt,"{'learning_rate': 0.0006947502885397101, 'lr_reduce': 0.6}",TPESampler,COMPLETE
1421,0.011487490497529507,2025-04-25 23:51:31.189770,2025-04-25 23:52:59.291358,0 days 00:01:28.101588,0.07517805249981784,240,1,2,48,0.2054234621676169,112,4,1,112,0.19542066416601925,48,4,3,112,0.16187253269625748,344,256.0,344.0,3,2,0.003570648034094128,0.6,/work3/arnaou/checkpoints/groupgat_Vc_trial_1421_best_state.pt,"{'learning_rate': 0.003570648034094128, 'lr_reduce': 0.6}",TPESampler,COMPLETE
1422,0.028606683015823364,2025-04-25 23:51:51.115774,2025-04-25 23:53:35.450180,0 days 00:01:44.334406,0.2915200909719286,80,2,2,64,0.025981920104455866,80,1,3,128,0.01691307854684604,112,3,1,80,0.20889360100388898,48,,,1,1,0.00013938431935045555,0.6,/work3/arnaou/checkpoints/groupgat_Vc_trial_1422_best_state.pt,"{'learning_rate': 0.00013938431935045555, 'lr_reduce': 0.6}",TPESampler,COMPLETE
1423,0.013192226178944111,2025-04-25 23:52:19.455229,2025-04-25 23:54:02.555573,0 days 00:01:43.100344,0.25963768711816076,256,4,3,96,0.03671293387974448,64,4,1,48,0.2995772093619945,48,2,2,112,0.1476485691798439,312,360.0,72.0,3,2,0.0032751586668105593,0.6,/work3/arnaou/checkpoints/groupgat_Vc_trial_1423_best_state.pt,"{'learning_rate': 0.0032751586668105593, 'lr_reduce': 0.6}",TPESampler,COMPLETE
1424,0.010590696707367897,2025-04-25 23:52:59.569688,2025-04-25 23:54:07.595038,0 days 00:01:08.025350,0.1262678988810975,160,2,1,64,0.11751635148457368,96,3,1,48,0.11856301252341322,96,1,4,128,0.08527408655464111,256,312.0,240.0,3,2,0.0036480859901246226,0.6,/work3/arnaou/checkpoints/groupgat_Vc_trial_1424_best_state.pt,"{'learning_rate': 0.0036480859901246226, 'lr_reduce': 0.6}",TPESampler,COMPLETE
1425,0.011117108166217804,2025-04-25 23:53:35.898549,2025-04-25 23:54:35.599133,0 days 00:00:59.700584,0.035280611188305916,256,4,3,48,0.05759027304345682,64,2,2,80,0.2502299045785586,32,1,1,112,0.13468859349740178,208,360.0,312.0,3,2,0.0030372081519137997,0.6,/work3/arnaou/checkpoints/groupgat_Vc_trial_1425_best_state.pt,"{'learning_rate': 0.0030372081519137997, 'lr_reduce': 0.6}",TPESampler,COMPLETE
1426,0.011179786175489426,2025-04-25 23:54:02.975844,2025-04-25 23:55:12.912444,0 days 00:01:09.936600,0.050138157802412826,208,1,2,80,0.18525953418500718,112,1,1,112,0.19285712711293862,32,3,3,112,0.006487982198315187,424,64.0,288.0,3,2,0.008603528024592072,0.6,/work3/arnaou/checkpoints/groupgat_Vc_trial_1426_best_state.pt,"{'learning_rate': 0.008603528024592072, 'lr_reduce': 0.6}",TPESampler,COMPLETE
1427,0.02468758076429367,2025-04-25 23:54:08.069136,2025-04-25 23:55:33.706493,0 days 00:01:25.637357,0.21884494341651223,96,1,1,128,0.12801735240118467,208,1,2,48,0.21038112815496482,48,1,3,128,0.2662147962728496,456,128.0,,2,2,0.0002269246474270545,0.6,/work3/arnaou/checkpoints/groupgat_Vc_trial_1427_best_state.pt,"{'learning_rate': 0.0002269246474270545, 'lr_reduce': 0.6}",TPESampler,COMPLETE
1428,0.01048143021762371,2025-04-25 23:54:35.970727,2025-04-25 23:55:50.713261,0 days 00:01:14.742534,0.08747010248487362,144,2,1,32,0.037686049530938376,96,4,1,32,0.085757968673234,80,1,4,128,0.11612454684014928,176,360.0,360.0,3,2,0.005226615713568296,0.6,/work3/arnaou/checkpoints/groupgat_Vc_trial_1428_best_state.pt,"{'learning_rate': 0.005226615713568296, 'lr_reduce': 0.6}",TPESampler,COMPLETE
1429,0.08925667405128479,2025-04-25 23:55:13.367638,2025-04-25 23:55:51.031174,0 days 00:00:37.663536,0.0926839337608073,240,1,2,80,0.243156879405365,112,3,1,80,0.24536073892407018,32,3,4,112,0.08456796621629281,368,296.0,184.0,3,2,0.0007319383332786946,0.6,/work3/arnaou/checkpoints/groupgat_Vc_trial_1429_best_state.pt,"{'learning_rate': 0.0007319383332786946, 'lr_reduce': 0.6}",TPESampler,COMPLETE
1430,0.012079115025699139,2025-04-25 23:55:34.217908,2025-04-25 23:57:02.810318,0 days 00:01:28.592410,0.021484659955519406,256,4,3,80,0.16653389872008806,240,2,3,48,0.1291967310183806,32,2,2,80,0.2744637734963849,304,368.0,,2,1,0.006319779717981795,0.6,/work3/arnaou/checkpoints/groupgat_Vc_trial_1430_best_state.pt,"{'learning_rate': 0.006319779717981795, 'lr_reduce': 0.6}",TPESampler,COMPLETE
1431,0.04572807624936104,2025-04-25 23:55:51.133709,2025-04-25 23:57:40.031040,0 days 00:01:48.897331,0.047669937695107995,112,3,4,128,0.18605004091953056,160,4,2,32,0.2335559262555189,64,4,1,48,0.09131032126629515,240,216.0,,2,1,0.0003547054854425206,0.6,/work3/arnaou/checkpoints/groupgat_Vc_trial_1431_best_state.pt,"{'learning_rate': 0.0003547054854425206, 'lr_reduce': 0.6}",TPESampler,COMPLETE
1432,0.009722383692860603,2025-04-25 23:55:51.348033,2025-04-25 23:57:02.406900,0 days 00:01:11.058867,0.08184228881359476,256,3,4,32,0.02041487164391046,64,3,1,48,0.24328784482008559,32,3,2,112,0.12496496663698096,192,272.0,,2,2,0.00421286561702983,0.6,/work3/arnaou/checkpoints/groupgat_Vc_trial_1432_best_state.pt,"{'learning_rate': 0.00421286561702983, 'lr_reduce': 0.6}",TPESampler,COMPLETE
1433,0.015873797237873077,2025-04-25 23:57:02.711837,2025-04-25 23:59:00.304024,0 days 00:01:57.592187,0.1280370312072528,128,4,2,80,0.23856241170981915,176,3,4,64,0.19252082064743972,32,2,3,128,0.07392244300252322,408,320.0,,2,2,0.0072608983691325275,0.6,/work3/arnaou/checkpoints/groupgat_Vc_trial_1433_best_state.pt,"{'learning_rate': 0.0072608983691325275, 'lr_reduce': 0.6}",TPESampler,COMPLETE
