number,value,datetime_start,datetime_complete,duration,params_L1_dropout,params_L1_hidden_dim,params_L1_layers_atom,params_L1_layers_mol,params_L1_out_dim,params_L2_dropout,params_L2_hidden_dim,params_L2_layers_atom,params_L2_layers_mol,params_L2_out_dim,params_L3_dropout,params_L3_hidden_dim,params_L3_layers_atom,params_L3_layers_mol,params_L3_out_dim,params_final_dropout,params_mlp_dim_0,params_mlp_dim_1,params_mlp_dim_2,params_n_mlp_layers,params_num_heads,params_train_learning_rate,params_train_lr_reduce,user_attrs_best_state_dict_path,user_attrs_training_params,system_attrs_auto:sampler,state
106,0.024387210607528687,2025-04-24 21:51:27.326322,2025-04-24 21:53:43.147827,0 days 00:02:15.821505,0.1331917640583762,256,3,4,80,0.19724124057257011,240,1,2,32,0.18659946471659644,128,2,4,112,0.297548816548142,192,456.0,,2,2,0.005619696818483199,0.6,/work3/arnaou/checkpoints/groupgat_Vc_trial_106_best_state.pt,"{'learning_rate': 0.005619696818483199, 'lr_reduce': 0.6}",TPESampler,COMPLETE
107,0.02574765495955944,2025-04-24 21:51:51.205852,2025-04-24 21:53:20.706517,0 days 00:01:29.500665,0.1033161138286357,224,3,4,32,0.11776579669778503,192,3,2,48,0.13593066496494904,96,2,3,32,0.2462514840628568,152,392.0,,2,2,0.0015723747372434174,0.6,/work3/arnaou/checkpoints/groupgat_Vc_trial_107_best_state.pt,"{'learning_rate': 0.0015723747372434174, 'lr_reduce': 0.6}",TPESampler,COMPLETE
108,0.02045004814863205,2025-04-24 21:53:20.853829,2025-04-24 21:54:58.155809,0 days 00:01:37.301980,0.12998107981278026,176,4,3,96,0.2634916986911672,80,3,2,80,0.19709059181436167,128,3,4,32,0.2584876216136735,352,504.0,,2,1,0.004839082889091621,0.6,/work3/arnaou/checkpoints/groupgat_Vc_trial_108_best_state.pt,"{'learning_rate': 0.004839082889091621, 'lr_reduce': 0.6}",TPESampler,COMPLETE
109,0.01545537170022726,2025-04-24 21:53:26.252821,2025-04-24 21:54:50.613657,0 days 00:01:24.360836,0.09143035453083977,256,3,3,48,0.1406086047805337,224,2,2,80,0.10712111084603007,96,3,4,96,0.2408169396364515,296,448.0,,2,2,0.0010674680367212766,0.6,/work3/arnaou/checkpoints/groupgat_Vc_trial_109_best_state.pt,"{'learning_rate': 0.0010674680367212766, 'lr_reduce': 0.6}",TPESampler,COMPLETE
110,0.01678885519504547,2025-04-24 21:53:43.385140,2025-04-24 21:55:32.978124,0 days 00:01:49.592984,0.1332219430310231,192,4,1,48,0.1499087052651061,80,3,2,48,0.13445710267727273,96,3,4,48,0.21555072346777482,32,504.0,,2,2,0.005291692535308977,0.6,/work3/arnaou/checkpoints/groupgat_Vc_trial_110_best_state.pt,"{'learning_rate': 0.005291692535308977, 'lr_reduce': 0.6}",TPESampler,COMPLETE
111,0.017136752605438232,2025-04-24 21:54:50.767515,2025-04-24 21:56:31.683810,0 days 00:01:40.916295,0.17362606975352302,96,3,4,112,0.24824957048214114,80,4,1,64,0.11703132955160686,112,4,3,64,0.2628764363355483,512,392.0,,2,1,0.0017505483801367773,0.6,/work3/arnaou/checkpoints/groupgat_Vc_trial_111_best_state.pt,"{'learning_rate': 0.0017505483801367773, 'lr_reduce': 0.6}",TPESampler,COMPLETE
112,0.015802914276719093,2025-04-24 21:54:58.335222,2025-04-24 21:57:30.486061,0 days 00:02:32.150839,0.08941192895762717,192,4,3,32,0.07864170709740267,144,4,3,32,0.21613094192244167,112,1,4,64,0.2180405411215834,112,128.0,,2,2,0.006808881936124446,0.6,/work3/arnaou/checkpoints/groupgat_Vc_trial_112_best_state.pt,"{'learning_rate': 0.006808881936124446, 'lr_reduce': 0.6}",TPESampler,COMPLETE
113,0.016443096101284027,2025-04-24 21:55:33.171459,2025-04-24 21:56:47.537169,0 days 00:01:14.365710,0.10600409991815532,192,4,2,32,0.09152158212860037,144,3,2,32,0.23003453785663905,80,3,4,32,0.2968861256724074,40,512.0,,2,2,0.0017323640370303468,0.6,/work3/arnaou/checkpoints/groupgat_Vc_trial_113_best_state.pt,"{'learning_rate': 0.0017323640370303468, 'lr_reduce': 0.6}",TPESampler,COMPLETE
114,0.01865442842245102,2025-04-24 21:56:31.843898,2025-04-24 21:58:06.271666,0 days 00:01:34.427768,0.007800777740027781,176,3,2,64,0.1429340047734576,64,3,3,32,0.1271616532463623,96,3,1,32,0.21143044379468376,248,,,1,2,0.002908800026864365,0.6,/work3/arnaou/checkpoints/groupgat_Vc_trial_114_best_state.pt,"{'learning_rate': 0.002908800026864365, 'lr_reduce': 0.6}",TPESampler,COMPLETE
115,0.033564493060112,2025-04-24 21:56:47.740841,2025-04-24 21:58:27.864924,0 days 00:01:40.124083,0.22418850402223475,96,4,4,80,0.2672712876306372,112,4,2,96,0.29039104214485406,128,2,3,32,0.1825915763222189,176,512.0,,2,2,0.006872294167081897,0.6,/work3/arnaou/checkpoints/groupgat_Vc_trial_115_best_state.pt,"{'learning_rate': 0.006872294167081897, 'lr_reduce': 0.6}",TPESampler,COMPLETE
116,0.013919948600232601,2025-04-24 21:57:30.886210,2025-04-24 21:58:32.540407,0 days 00:01:01.654197,0.20420513416530012,256,3,2,96,0.17159315244501627,144,2,1,48,0.17146039217897613,112,1,4,112,0.29572495602872695,264,512.0,384.0,3,2,0.0023137500401279234,0.6,/work3/arnaou/checkpoints/groupgat_Vc_trial_116_best_state.pt,"{'learning_rate': 0.0023137500401279234, 'lr_reduce': 0.6}",TPESampler,COMPLETE
117,0.01415534783154726,2025-04-24 21:58:06.429711,2025-04-24 21:59:43.324462,0 days 00:01:36.894751,0.031149631952370763,80,4,4,48,0.183255217143389,64,2,1,96,0.2777215120175699,128,4,4,32,0.22376585773532862,328,448.0,,2,2,0.002225630493621059,0.6,/work3/arnaou/checkpoints/groupgat_Vc_trial_117_best_state.pt,"{'learning_rate': 0.002225630493621059, 'lr_reduce': 0.6}",TPESampler,COMPLETE
118,0.012813706882297993,2025-04-24 21:58:28.147411,2025-04-24 21:59:59.252640,0 days 00:01:31.105229,0.07655123191980984,112,4,4,80,0.2037927004637018,96,3,1,80,0.29769833975202487,112,2,4,48,0.27025756693059727,216,,,1,2,0.004267268274411605,0.6,/work3/arnaou/checkpoints/groupgat_Vc_trial_118_best_state.pt,"{'learning_rate': 0.004267268274411605, 'lr_reduce': 0.6}",TPESampler,COMPLETE
119,0.022366777062416077,2025-04-24 21:58:32.703194,2025-04-24 21:59:52.464524,0 days 00:01:19.761330,0.006601076554987215,192,4,3,64,0.14261794188292173,80,2,2,48,0.23023878684300714,112,1,3,96,0.29615147580547463,192,,,1,2,0.006926705305104065,0.6,/work3/arnaou/checkpoints/groupgat_Vc_trial_119_best_state.pt,"{'learning_rate': 0.006926705305104065, 'lr_reduce': 0.6}",TPESampler,COMPLETE
120,0.01667606271803379,2025-04-24 21:59:43.523802,2025-04-24 22:01:42.952640,0 days 00:01:59.428838,0.15957164787284966,240,3,1,64,0.2234144255699003,160,3,4,32,0.17927951774382322,48,3,4,64,0.29870772419116254,56,448.0,,2,2,0.007587130212899164,0.6,/work3/arnaou/checkpoints/groupgat_Vc_trial_120_best_state.pt,"{'learning_rate': 0.007587130212899164, 'lr_reduce': 0.6}",TPESampler,COMPLETE
121,0.057274363934993744,2025-04-24 21:59:52.619642,2025-04-24 22:00:56.700301,0 days 00:01:04.080659,0.0538767655362695,128,4,4,80,0.2838217901025928,64,4,2,80,0.26183233211553447,96,1,4,64,0.29164243126745787,328,456.0,208.0,3,2,0.0021551106485953957,0.6,/work3/arnaou/checkpoints/groupgat_Vc_trial_121_best_state.pt,"{'learning_rate': 0.0021551106485953957, 'lr_reduce': 0.6}",TPESampler,COMPLETE
122,0.013797177001833916,2025-04-24 21:59:59.514347,2025-04-24 22:01:31.658980,0 days 00:01:32.144633,0.13973060897860912,160,4,3,48,0.02337812965871628,176,2,2,64,0.2552539753520133,112,4,4,80,0.2858065995617719,360,504.0,104.0,3,2,0.0025471366999647834,0.6,/work3/arnaou/checkpoints/groupgat_Vc_trial_122_best_state.pt,"{'learning_rate': 0.0025471366999647834, 'lr_reduce': 0.6}",TPESampler,COMPLETE
123,0.01695137657225132,2025-04-24 22:00:57.036488,2025-04-24 22:03:45.927971,0 days 00:02:48.891483,0.15030730057725297,144,3,4,80,0.13007672058008968,112,4,1,96,0.261344925972884,128,3,4,96,0.21604354711003082,312,432.0,,2,2,0.001194507808850082,0.6,/work3/arnaou/checkpoints/groupgat_Vc_trial_123_best_state.pt,"{'learning_rate': 0.001194507808850082, 'lr_reduce': 0.6}",TPESampler,COMPLETE
124,0.014407661743462086,2025-04-24 22:01:31.809482,2025-04-24 22:03:38.455533,0 days 00:02:06.646051,0.058230663630568655,112,4,4,112,0.08409425775167659,64,4,1,112,0.1910128512065607,128,3,4,96,0.17904319322765408,120,432.0,408.0,3,2,0.004812143289773273,0.6,/work3/arnaou/checkpoints/groupgat_Vc_trial_124_best_state.pt,"{'learning_rate': 0.004812143289773273, 'lr_reduce': 0.6}",TPESampler,COMPLETE
125,0.012109745293855667,2025-04-24 22:01:43.133664,2025-04-24 22:03:58.733406,0 days 00:02:15.599742,0.012938527319538845,112,4,3,64,0.1443099966293679,80,3,3,32,0.21690553817269426,128,2,3,48,0.23762507750577877,240,,,1,2,0.002244909727371363,0.6,/work3/arnaou/checkpoints/groupgat_Vc_trial_125_best_state.pt,"{'learning_rate': 0.002244909727371363, 'lr_reduce': 0.6}",TPESampler,COMPLETE
126,0.01741010881960392,2025-04-24 22:03:38.645392,2025-04-24 22:05:21.805854,0 days 00:01:43.160462,0.09930209831152217,112,3,3,80,0.0893181184797685,64,4,2,80,0.24268910119024642,128,3,3,48,0.17505546673896738,264,440.0,,2,2,0.005018703035454109,0.6,/work3/arnaou/checkpoints/groupgat_Vc_trial_126_best_state.pt,"{'learning_rate': 0.005018703035454109, 'lr_reduce': 0.6}",TPESampler,COMPLETE
127,0.011904745362699032,2025-04-24 22:03:46.142361,2025-04-24 22:05:34.795606,0 days 00:01:48.653245,0.13538101919965267,240,3,2,32,0.12302520343124172,64,2,4,32,0.15333962240670734,80,1,4,48,0.16091486602618454,144,512.0,,2,2,0.0041513620844115424,0.6,/work3/arnaou/checkpoints/groupgat_Vc_trial_127_best_state.pt,"{'learning_rate': 0.0041513620844115424, 'lr_reduce': 0.6}",TPESampler,COMPLETE
128,0.012105012312531471,2025-04-24 22:03:58.929609,2025-04-24 22:05:24.124603,0 days 00:01:25.194994,0.10236009961791867,80,4,3,32,0.22872850049651558,80,4,2,32,0.2751578441813406,32,2,1,96,0.279327489619253,400,,,1,2,0.0021462876739283205,0.6,/work3/arnaou/checkpoints/groupgat_Vc_trial_128_best_state.pt,"{'learning_rate': 0.0021462876739283205, 'lr_reduce': 0.6}",TPESampler,COMPLETE
129,0.032732971012592316,2025-04-24 22:05:22.026790,2025-04-24 22:09:34.356422,0 days 00:04:12.329632,0.0899835920258629,96,4,4,64,0.11549902240042577,128,3,1,64,0.21264996696637725,128,3,4,64,0.11402324316179265,160,384.0,,2,2,0.009408044148338048,0.6,/work3/arnaou/checkpoints/groupgat_Vc_trial_129_best_state.pt,"{'learning_rate': 0.009408044148338048, 'lr_reduce': 0.6}",TPESampler,COMPLETE
130,0.01620698720216751,2025-04-24 22:05:24.339801,2025-04-24 22:07:19.892867,0 days 00:01:55.553066,0.24405820391764188,240,3,3,96,0.01046960302992037,192,2,2,32,0.21188066688971363,128,1,4,96,0.2689616003939683,320,456.0,,2,2,0.0018083720042950484,0.6,/work3/arnaou/checkpoints/groupgat_Vc_trial_130_best_state.pt,"{'learning_rate': 0.0018083720042950484, 'lr_reduce': 0.6}",TPESampler,COMPLETE
131,0.01364089734852314,2025-04-24 22:05:34.950865,2025-04-24 22:07:26.105746,0 days 00:01:51.154881,0.13179505483632473,240,4,2,112,0.06649746202488738,192,2,3,96,0.2159874224848439,112,1,4,128,0.22164830275712918,184,448.0,296.0,3,1,0.002203148547813613,0.6,/work3/arnaou/checkpoints/groupgat_Vc_trial_131_best_state.pt,"{'learning_rate': 0.002203148547813613, 'lr_reduce': 0.6}",TPESampler,COMPLETE
132,0.016537047922611237,2025-04-24 22:07:20.068471,2025-04-24 22:09:40.838317,0 days 00:02:20.769846,0.08173580102351041,240,4,2,32,0.10210656071055539,144,2,4,48,0.22561161354345938,96,3,4,32,0.258593357350822,152,,,1,2,0.005973013085323677,0.6,/work3/arnaou/checkpoints/groupgat_Vc_trial_132_best_state.pt,"{'learning_rate': 0.005973013085323677, 'lr_reduce': 0.6}",TPESampler,COMPLETE
133,0.01480828132480383,2025-04-24 22:07:26.349473,2025-04-24 22:08:33.231238,0 days 00:01:06.881765,0.013215211744304838,192,2,3,80,0.05634285766983828,144,2,1,80,0.20192380878310148,64,4,4,64,0.28842282355962545,152,512.0,,2,2,0.0016821225567125568,0.6,/work3/arnaou/checkpoints/groupgat_Vc_trial_133_best_state.pt,"{'learning_rate': 0.0016821225567125568, 'lr_reduce': 0.6}",TPESampler,COMPLETE
134,0.010297903791069984,2025-04-24 22:08:33.472689,2025-04-24 22:10:47.274153,0 days 00:02:13.801464,0.08949402105432924,240,1,3,32,0.00835024297685157,112,2,2,64,0.22265103302245734,96,3,4,80,0.2810358299693897,288,512.0,,2,2,0.0059874448570254885,0.6,/work3/arnaou/checkpoints/groupgat_Vc_trial_134_best_state.pt,"{'learning_rate': 0.0059874448570254885, 'lr_reduce': 0.6}",TPESampler,COMPLETE
135,0.015780804678797722,2025-04-24 22:09:34.571228,2025-04-24 22:11:02.040500,0 days 00:01:27.469272,0.1540216610587214,144,4,4,96,0.1341773436749451,64,4,2,96,0.29599696626403227,128,3,4,64,0.16124211846009442,176,,,1,2,0.007029533108796871,0.6,/work3/arnaou/checkpoints/groupgat_Vc_trial_135_best_state.pt,"{'learning_rate': 0.007029533108796871, 'lr_reduce': 0.6}",TPESampler,COMPLETE
136,0.010306483134627342,2025-04-24 22:09:41.556703,2025-04-24 22:10:53.457684,0 days 00:01:11.900981,0.11342320178870646,112,3,3,48,0.28146221094590124,64,3,3,48,0.17530801331591328,64,2,1,64,0.28340216513698907,272,,,1,2,0.0036521092370776086,0.6,/work3/arnaou/checkpoints/groupgat_Vc_trial_136_best_state.pt,"{'learning_rate': 0.0036521092370776086, 'lr_reduce': 0.6}",TPESampler,COMPLETE
137,0.013870268128812313,2025-04-24 22:10:47.517832,2025-04-24 22:13:20.351240,0 days 00:02:32.833408,0.060233163705410445,192,1,2,32,0.003443785909509501,80,2,2,48,0.23749208211013795,64,2,4,112,0.285510300379639,344,512.0,,2,2,0.003005663795023809,0.6,/work3/arnaou/checkpoints/groupgat_Vc_trial_137_best_state.pt,"{'learning_rate': 0.003005663795023809, 'lr_reduce': 0.6}",TPESampler,COMPLETE
138,0.013163931667804718,2025-04-24 22:10:53.607407,2025-04-24 22:13:25.129009,0 days 00:02:31.521602,0.009964289071860241,224,1,4,32,0.04488413281033102,128,1,2,80,0.13898799222907393,96,3,4,64,0.23858720014055426,360,,,1,2,0.005419898455293815,0.6,/work3/arnaou/checkpoints/groupgat_Vc_trial_138_best_state.pt,"{'learning_rate': 0.005419898455293815, 'lr_reduce': 0.6}",TPESampler,COMPLETE
139,0.020327406004071236,2025-04-24 22:11:02.226676,2025-04-24 22:14:22.396129,0 days 00:03:20.169453,0.1676724304807282,112,3,3,32,0.2694029057258586,64,3,3,80,0.21809420008200425,48,1,2,48,0.25727522498284155,208,,,1,2,0.009624349306373485,0.6,/work3/arnaou/checkpoints/groupgat_Vc_trial_139_best_state.pt,"{'learning_rate': 0.009624349306373485, 'lr_reduce': 0.6}",TPESampler,COMPLETE
140,0.02060455083847046,2025-04-24 22:13:20.563071,2025-04-24 22:15:08.196614,0 days 00:01:47.633543,0.024671381324757772,176,4,4,48,0.1869666749491004,96,2,2,80,0.2600428693909319,96,3,3,96,0.23081392097018744,176,512.0,,2,1,0.009014784159058197,0.6,/work3/arnaou/checkpoints/groupgat_Vc_trial_140_best_state.pt,"{'learning_rate': 0.009014784159058197, 'lr_reduce': 0.6}",TPESampler,COMPLETE
141,0.011635733768343925,2025-04-24 22:13:25.272207,2025-04-24 22:14:51.550089,0 days 00:01:26.277882,0.14437987192744087,208,1,2,32,0.08016771190832121,80,3,2,80,0.11648662427022256,128,4,4,64,0.28340279849621897,256,328.0,,2,1,0.004241140105397444,0.6,/work3/arnaou/checkpoints/groupgat_Vc_trial_141_best_state.pt,"{'learning_rate': 0.004241140105397444, 'lr_reduce': 0.6}",TPESampler,COMPLETE
142,0.009204666130244732,2025-04-24 22:14:22.570726,2025-04-24 22:15:54.884886,0 days 00:01:32.314160,0.12454725613579946,256,1,2,32,0.0019390248129147799,144,2,2,64,0.2613778109065216,80,4,4,96,0.21822271512305452,248,512.0,320.0,3,2,0.006619340371141629,0.6,/work3/arnaou/checkpoints/groupgat_Vc_trial_142_best_state.pt,"{'learning_rate': 0.006619340371141629, 'lr_reduce': 0.6}",TPESampler,COMPLETE
143,0.01895705610513687,2025-04-24 22:14:51.718574,2025-04-24 22:15:54.994583,0 days 00:01:03.276009,0.03061736202135147,160,2,4,80,0.0026067052523021383,96,3,1,32,0.20163839961697666,96,1,2,64,0.27311362327637095,80,432.0,,2,2,0.0022532177019946695,0.6,/work3/arnaou/checkpoints/groupgat_Vc_trial_143_best_state.pt,"{'learning_rate': 0.0022532177019946695, 'lr_reduce': 0.6}",TPESampler,COMPLETE
144,0.013600537553429604,2025-04-24 22:15:08.343079,2025-04-24 22:17:45.768703,0 days 00:02:37.425624,0.014396201924067329,208,3,3,80,0.04254465753880067,160,2,3,96,0.2828626222738812,64,3,4,48,0.22786685019168226,376,448.0,,2,2,0.0014549560951895083,0.6,/work3/arnaou/checkpoints/groupgat_Vc_trial_144_best_state.pt,"{'learning_rate': 0.0014549560951895083, 'lr_reduce': 0.6}",TPESampler,COMPLETE
145,0.018059715628623962,2025-04-24 22:15:55.086909,2025-04-24 22:17:44.273255,0 days 00:01:49.186346,0.179327256991649,224,2,3,48,0.0757168348161152,144,2,1,48,0.27565983884130746,112,4,4,96,0.18027911071342134,320,504.0,328.0,3,2,0.0041757990765417885,0.6,/work3/arnaou/checkpoints/groupgat_Vc_trial_145_best_state.pt,"{'learning_rate': 0.0041757990765417885, 'lr_reduce': 0.6}",TPESampler,COMPLETE
146,0.015481407754123211,2025-04-24 22:15:55.142879,2025-04-24 22:18:45.297136,0 days 00:02:50.154257,0.1600501810956938,256,4,1,112,0.07108234613198156,192,1,3,48,0.2696179408199532,128,1,4,80,0.28383249380652303,224,512.0,328.0,3,2,0.004216660012489385,0.6,/work3/arnaou/checkpoints/groupgat_Vc_trial_146_best_state.pt,"{'learning_rate': 0.004216660012489385, 'lr_reduce': 0.6}",TPESampler,COMPLETE
147,0.013697942718863487,2025-04-24 22:17:44.488930,2025-04-24 22:18:43.707958,0 days 00:00:59.219028,0.04130999436304163,256,3,3,64,0.15128886530496186,112,3,1,48,0.21080268285266524,96,1,2,96,0.2576171052110119,224,512.0,,2,2,0.0022508146706522276,0.6,/work3/arnaou/checkpoints/groupgat_Vc_trial_147_best_state.pt,"{'learning_rate': 0.0022508146706522276, 'lr_reduce': 0.6}",TPESampler,COMPLETE
148,0.01331611443310976,2025-04-24 22:17:46.004392,2025-04-24 22:19:08.985534,0 days 00:01:22.981142,0.037898666158993136,256,1,3,32,0.026142963740726534,128,1,2,64,0.21862979855606657,80,4,4,96,0.21994243108851588,184,512.0,248.0,3,2,0.0025014302912251306,0.6,/work3/arnaou/checkpoints/groupgat_Vc_trial_148_best_state.pt,"{'learning_rate': 0.0025014302912251306, 'lr_reduce': 0.6}",TPESampler,COMPLETE
149,0.011235730722546577,2025-04-24 22:18:43.895513,2025-04-24 22:19:48.125324,0 days 00:01:04.229811,0.15025429083482977,128,3,4,64,0.26292862945538953,112,3,4,32,0.12993693422049582,64,1,1,32,0.2110160036605826,232,,,1,1,0.0021157175564862313,0.6,/work3/arnaou/checkpoints/groupgat_Vc_trial_149_best_state.pt,"{'learning_rate': 0.0021157175564862313, 'lr_reduce': 0.6}",TPESampler,COMPLETE
150,0.01270692516118288,2025-04-24 22:18:45.538323,2025-04-24 22:19:41.930728,0 days 00:00:56.392405,0.013546108408999516,128,3,3,48,0.2763566077543458,64,2,3,64,0.1660195218622029,64,2,1,96,0.2610270213712037,304,,,1,1,0.003219906090285919,0.6,/work3/arnaou/checkpoints/groupgat_Vc_trial_150_best_state.pt,"{'learning_rate': 0.003219906090285919, 'lr_reduce': 0.6}",TPESampler,COMPLETE
151,0.013447368517518044,2025-04-24 22:19:09.177908,2025-04-24 22:20:09.798012,0 days 00:01:00.620104,0.1554572751142069,240,1,1,48,0.03228863272429366,144,2,3,80,0.2803851412907284,80,3,4,112,0.23701247338447737,168,384.0,416.0,3,2,0.0019099111016275003,0.6,/work3/arnaou/checkpoints/groupgat_Vc_trial_151_best_state.pt,"{'learning_rate': 0.0019099111016275003, 'lr_reduce': 0.6}",TPESampler,COMPLETE
152,0.009411308914422989,2025-04-24 22:19:42.095123,2025-04-24 22:21:22.022585,0 days 00:01:39.927462,0.01982412402024843,128,2,4,64,0.024561223214305716,160,3,3,96,0.22964496866554204,80,3,4,96,0.2919918539781434,328,456.0,,2,2,0.005093848681522903,0.6,/work3/arnaou/checkpoints/groupgat_Vc_trial_152_best_state.pt,"{'learning_rate': 0.005093848681522903, 'lr_reduce': 0.6}",TPESampler,COMPLETE
153,0.01589195244014263,2025-04-24 22:19:48.326647,2025-04-24 22:21:04.539973,0 days 00:01:16.213326,0.059777068134541395,256,1,1,48,0.026662297420035494,176,2,2,64,0.21567414660213033,80,4,4,112,0.2646146885884546,312,440.0,288.0,3,2,0.0058871925805920305,0.6,/work3/arnaou/checkpoints/groupgat_Vc_trial_153_best_state.pt,"{'learning_rate': 0.0058871925805920305, 'lr_reduce': 0.6}",TPESampler,COMPLETE
154,0.013949846848845482,2025-04-24 22:20:09.958952,2025-04-24 22:21:47.906623,0 days 00:01:37.947671,0.0477500490152512,144,2,2,64,0.15681998162612,80,4,2,32,0.28091165624848613,112,3,2,80,0.21663898806478749,216,,,1,2,0.007902086989713954,0.6,/work3/arnaou/checkpoints/groupgat_Vc_trial_154_best_state.pt,"{'learning_rate': 0.007902086989713954, 'lr_reduce': 0.6}",TPESampler,COMPLETE
155,0.09493836760520935,2025-04-24 22:21:04.820184,2025-04-24 22:22:01.160628,0 days 00:00:56.340444,0.07446707950900486,112,4,3,64,0.24851046208404917,64,4,3,64,0.07518108692148508,64,2,2,48,0.2921404312992923,320,,,1,2,0.0018066362689153253,0.6,/work3/arnaou/checkpoints/groupgat_Vc_trial_155_best_state.pt,"{'learning_rate': 0.0018066362689153253, 'lr_reduce': 0.6}",TPESampler,COMPLETE
156,0.016861513257026672,2025-04-24 22:21:22.275484,2025-04-24 22:23:12.556664,0 days 00:01:50.281180,0.027129242605275963,112,3,4,112,0.06475663982810796,240,4,4,112,0.22134819823704335,80,3,4,112,0.23898854099302155,368,,,1,2,0.001802939626995273,0.6,/work3/arnaou/checkpoints/groupgat_Vc_trial_156_best_state.pt,"{'learning_rate': 0.001802939626995273, 'lr_reduce': 0.6}",TPESampler,COMPLETE
157,0.01378963328897953,2025-04-24 22:21:48.058193,2025-04-24 22:22:52.688082,0 days 00:01:04.629889,0.21878846955465553,128,2,4,48,0.22354539523610584,64,4,3,32,0.12727357227830965,80,2,1,80,0.28780483802364165,168,,,1,2,0.003920362003025191,0.6,/work3/arnaou/checkpoints/groupgat_Vc_trial_157_best_state.pt,"{'learning_rate': 0.003920362003025191, 'lr_reduce': 0.6}",TPESampler,COMPLETE
158,0.013516774401068687,2025-04-24 22:22:01.320485,2025-04-24 22:23:42.756567,0 days 00:01:41.436082,0.051385411715485746,128,2,4,80,0.16969220202481128,96,4,3,48,0.1243719324312105,112,1,2,48,0.2335261482949714,224,,,1,2,0.0062390305725897365,0.6,/work3/arnaou/checkpoints/groupgat_Vc_trial_158_best_state.pt,"{'learning_rate': 0.0062390305725897365, 'lr_reduce': 0.6}",TPESampler,COMPLETE
159,0.015641018748283386,2025-04-24 22:22:52.873678,2025-04-24 22:24:43.607971,0 days 00:01:50.734293,0.09139498223395519,112,3,2,96,0.046516579524626234,144,3,2,64,0.23053167189134705,128,4,3,96,0.29194104997543135,128,456.0,200.0,3,2,0.002593600208859489,0.6,/work3/arnaou/checkpoints/groupgat_Vc_trial_159_best_state.pt,"{'learning_rate': 0.002593600208859489, 'lr_reduce': 0.6}",TPESampler,COMPLETE
