number,value,datetime_start,datetime_complete,duration,params_L1_dropout,params_L1_hidden_dim,params_L1_layers_atom,params_L1_layers_mol,params_L1_out_dim,params_L2_dropout,params_L2_hidden_dim,params_L2_layers_atom,params_L2_layers_mol,params_L2_out_dim,params_L3_dropout,params_L3_hidden_dim,params_L3_layers_atom,params_L3_layers_mol,params_L3_out_dim,params_final_dropout,params_mlp_dim_0,params_mlp_dim_1,params_mlp_dim_2,params_n_mlp_layers,params_num_heads,params_train_learning_rate,params_train_lr_reduce,user_attrs_best_state_dict_path,user_attrs_training_params,system_attrs_auto:sampler,state
1805,0.013184543699026108,2025-04-26 02:36:15.360236,2025-04-26 02:37:13.013476,0 days 00:00:57.653240,0.06936796116941679,208,4,3,48,0.07003139390551938,128,4,1,80,0.012902186135575859,96,1,3,112,0.0698025272289242,128,424.0,496.0,3,2,0.003245807845390285,0.6,/work3/arnaou/checkpoints/groupgat_Vc_trial_1805_best_state.pt,"{'learning_rate': 0.003245807845390285, 'lr_reduce': 0.6}",TPESampler,COMPLETE
1806,0.020247207954525948,2025-04-26 02:37:13.360331,2025-04-26 02:38:48.390589,0 days 00:01:35.030258,0.10490703625870432,240,4,2,96,0.028487966436444058,240,1,2,32,0.03475223090341567,48,2,2,64,0.22436256964084025,184,408.0,,2,2,0.004398960734875442,0.6,/work3/arnaou/checkpoints/groupgat_Vc_trial_1806_best_state.pt,"{'learning_rate': 0.004398960734875442, 'lr_reduce': 0.6}",TPESampler,COMPLETE
1807,0.0111937765032053,2025-04-26 02:37:33.080819,2025-04-26 02:38:48.300414,0 days 00:01:15.219595,0.04806945237860062,256,4,3,48,0.1421457581557106,224,2,2,48,0.06897524918058291,32,2,2,48,0.29259145711587015,200,264.0,248.0,3,1,0.004995789857168188,0.6,/work3/arnaou/checkpoints/groupgat_Vc_trial_1807_best_state.pt,"{'learning_rate': 0.004995789857168188, 'lr_reduce': 0.6}",TPESampler,COMPLETE
1808,0.012186014093458652,2025-04-26 02:37:56.363357,2025-04-26 02:39:02.213464,0 days 00:01:05.850107,0.006017262808045522,176,4,4,96,0.045129470817551164,144,4,1,64,0.26111333719392604,112,1,3,112,0.07690101560400187,208,336.0,112.0,3,2,0.0035670941844816485,0.6,/work3/arnaou/checkpoints/groupgat_Vc_trial_1808_best_state.pt,"{'learning_rate': 0.0035670941844816485, 'lr_reduce': 0.6}",TPESampler,COMPLETE
1809,0.012729001231491566,2025-04-26 02:38:48.459849,2025-04-26 02:40:07.736899,0 days 00:01:19.277050,0.02976071807753069,144,4,4,48,0.05006761936581538,160,4,1,128,0.14703208186492234,32,1,4,96,0.24654501264901485,144,384.0,200.0,3,2,0.005497706475744669,0.6,/work3/arnaou/checkpoints/groupgat_Vc_trial_1809_best_state.pt,"{'learning_rate': 0.005497706475744669, 'lr_reduce': 0.6}",TPESampler,COMPLETE
1810,0.01038152165710926,2025-04-26 02:38:48.586285,2025-04-26 02:39:45.421475,0 days 00:00:56.835190,0.12285521670447834,192,1,2,80,0.1781275410189045,112,3,2,128,0.12463246326004516,32,3,4,128,0.271271695959193,296,416.0,256.0,3,2,0.00199382542247537,0.6,/work3/arnaou/checkpoints/groupgat_Vc_trial_1810_best_state.pt,"{'learning_rate': 0.00199382542247537, 'lr_reduce': 0.6}",TPESampler,COMPLETE
1811,0.013856451958417892,2025-04-26 02:39:02.498685,2025-04-26 02:40:30.001755,0 days 00:01:27.503070,0.10906739178541461,192,3,1,64,0.1115595738924095,80,2,1,32,0.06267284768610487,64,2,4,96,0.16290850796589462,216,304.0,152.0,3,2,0.0022580782713380455,0.6,/work3/arnaou/checkpoints/groupgat_Vc_trial_1811_best_state.pt,"{'learning_rate': 0.0022580782713380455, 'lr_reduce': 0.6}",TPESampler,COMPLETE
1812,0.011208336800336838,2025-04-26 02:39:45.890539,2025-04-26 02:40:53.491164,0 days 00:01:07.600625,0.1688447434969665,224,1,2,96,0.14225304530008673,96,2,2,112,0.17332326056778719,64,2,3,128,0.07772315887320086,432,248.0,264.0,3,2,0.0013948604889708904,0.6,/work3/arnaou/checkpoints/groupgat_Vc_trial_1812_best_state.pt,"{'learning_rate': 0.0013948604889708904, 'lr_reduce': 0.6}",TPESampler,COMPLETE
1813,0.010100181214511395,2025-04-26 02:40:08.089132,2025-04-26 02:40:59.436209,0 days 00:00:51.347077,0.054024650530314036,240,3,4,32,0.1487531510594938,144,3,1,32,0.21333163384900924,80,4,3,112,0.22224103421351463,160,376.0,208.0,3,1,0.0019430374447816732,0.6,/work3/arnaou/checkpoints/groupgat_Vc_trial_1813_best_state.pt,"{'learning_rate': 0.0019430374447816732, 'lr_reduce': 0.6}",TPESampler,COMPLETE
1814,0.01397240161895752,2025-04-26 02:40:30.324272,2025-04-26 02:41:44.825410,0 days 00:01:14.501138,0.03363640748401662,256,4,4,48,0.11369960860150598,64,3,2,32,0.25796662094621164,80,1,3,48,0.20795664180883963,48,424.0,264.0,3,2,0.0030079654675918464,0.6,/work3/arnaou/checkpoints/groupgat_Vc_trial_1814_best_state.pt,"{'learning_rate': 0.0030079654675918464, 'lr_reduce': 0.6}",TPESampler,COMPLETE
1815,0.013258691877126694,2025-04-26 02:40:53.884253,2025-04-26 02:41:54.056058,0 days 00:01:00.171805,0.03791794060149724,80,4,4,64,0.000993350193967655,144,4,2,96,0.2685313464766842,48,1,3,80,0.25636637857103045,168,352.0,,2,2,0.006851733939014989,0.6,/work3/arnaou/checkpoints/groupgat_Vc_trial_1815_best_state.pt,"{'learning_rate': 0.006851733939014989, 'lr_reduce': 0.6}",TPESampler,COMPLETE
1816,0.15273751318454742,2025-04-26 02:40:59.722612,2025-04-26 02:41:40.168011,0 days 00:00:40.445399,0.03433702620123593,240,3,3,80,0.034979749094409394,80,3,3,80,0.22091158630749103,80,1,2,64,0.1746887547990233,288,,,1,2,0.0015208856192104438,0.6,/work3/arnaou/checkpoints/groupgat_Vc_trial_1816_best_state.pt,"{'learning_rate': 0.0015208856192104438, 'lr_reduce': 0.6}",TPESampler,COMPLETE
1817,0.015121233649551868,2025-04-26 02:41:40.413631,2025-04-26 02:43:18.726310,0 days 00:01:38.312679,0.01364858961475715,224,3,2,112,0.04677074617046552,96,3,2,80,0.13165405008863498,48,2,3,128,0.16128992981127166,176,424.0,216.0,3,2,0.005764776163853831,0.6,/work3/arnaou/checkpoints/groupgat_Vc_trial_1817_best_state.pt,"{'learning_rate': 0.005764776163853831, 'lr_reduce': 0.6}",TPESampler,COMPLETE
1818,1.395513653755188,2025-04-26 02:41:45.089128,2025-04-26 02:42:03.404535,0 days 00:00:18.315407,0.1137538291318667,208,4,3,64,0.08990344531713035,256,2,3,32,0.13850973586360124,32,3,2,96,0.24930110335722724,392,168.0,32.0,3,1,0.00677997592768551,0.6,/work3/arnaou/checkpoints/groupgat_Vc_trial_1818_best_state.pt,"{'learning_rate': 0.00677997592768551, 'lr_reduce': 0.6}",TPESampler,COMPLETE
1819,0.013219102285802364,2025-04-26 02:41:54.433471,2025-04-26 02:44:11.397460,0 days 00:02:16.963989,0.015511480674742813,208,4,3,64,0.21527923830118803,176,4,1,32,0.2573362832344963,48,1,2,96,0.13690952318975813,184,312.0,,2,2,0.0005987552116309511,0.6,/work3/arnaou/checkpoints/groupgat_Vc_trial_1819_best_state.pt,"{'learning_rate': 0.0005987552116309511, 'lr_reduce': 0.6}",TPESampler,COMPLETE
1820,0.027127034962177277,2025-04-26 02:42:03.738719,2025-04-26 02:43:25.307397,0 days 00:01:21.568678,0.2989771514375299,128,2,1,64,0.25685156587794955,208,4,4,48,0.023071854628093358,96,4,4,48,0.23166602487092725,120,,,1,1,0.003526891187667719,0.6,/work3/arnaou/checkpoints/groupgat_Vc_trial_1820_best_state.pt,"{'learning_rate': 0.003526891187667719, 'lr_reduce': 0.6}",TPESampler,COMPLETE
1821,0.012884479016065598,2025-04-26 02:43:19.259314,2025-04-26 02:44:48.164323,0 days 00:01:28.905009,0.10182546019456037,256,4,4,80,0.0032605463341194713,112,3,1,80,0.28849641537965376,96,1,3,32,0.17414683152131769,48,376.0,,2,2,0.007312177937486577,0.6,/work3/arnaou/checkpoints/groupgat_Vc_trial_1821_best_state.pt,"{'learning_rate': 0.007312177937486577, 'lr_reduce': 0.6}",TPESampler,COMPLETE
1822,0.018277112394571304,2025-04-26 02:43:25.539988,2025-04-26 02:44:12.375214,0 days 00:00:46.835226,0.06536807994279567,96,4,4,48,0.005145982941419406,96,4,1,128,0.21073618536125754,64,1,3,80,0.2853967841212283,80,424.0,,2,2,0.0034513781459956376,0.6,/work3/arnaou/checkpoints/groupgat_Vc_trial_1822_best_state.pt,"{'learning_rate': 0.0034513781459956376, 'lr_reduce': 0.6}",TPESampler,COMPLETE
1823,0.021048370748758316,2025-04-26 02:44:12.756486,2025-04-26 02:45:50.047003,0 days 00:01:37.290517,0.1409340789830082,160,3,3,128,0.002623224385366385,144,2,2,96,0.24357063677524182,32,2,4,32,0.046738361072098084,288,256.0,160.0,3,1,0.0002002414149955664,0.6,/work3/arnaou/checkpoints/groupgat_Vc_trial_1823_best_state.pt,"{'learning_rate': 0.0002002414149955664, 'lr_reduce': 0.6}",TPESampler,COMPLETE
1824,0.010934436693787575,2025-04-26 02:44:12.958888,2025-04-26 02:45:16.286353,0 days 00:01:03.327465,0.09247040594586067,144,4,4,48,0.0017223513088188772,96,4,1,112,0.19050435147199185,32,1,4,96,0.24808771381975508,56,72.0,96.0,3,2,0.008925740789532295,0.6,/work3/arnaou/checkpoints/groupgat_Vc_trial_1824_best_state.pt,"{'learning_rate': 0.008925740789532295, 'lr_reduce': 0.6}",TPESampler,COMPLETE
1825,0.021785415709018707,2025-04-26 02:44:48.543499,2025-04-26 02:45:59.777771,0 days 00:01:11.234272,0.19896396060719457,64,4,2,112,0.16308954514439114,112,4,1,112,0.23154682899272525,48,2,1,32,0.23613659966259504,456,,,1,2,0.008769949189550206,0.6,/work3/arnaou/checkpoints/groupgat_Vc_trial_1825_best_state.pt,"{'learning_rate': 0.008769949189550206, 'lr_reduce': 0.6}",TPESampler,COMPLETE
1826,0.01233692653477192,2025-04-26 02:45:16.604228,2025-04-26 02:46:46.641352,0 days 00:01:30.037124,0.14019303932242422,256,4,3,32,0.07600724523902454,64,3,3,32,0.26737901176844864,32,1,3,128,0.10728967439571363,264,368.0,272.0,3,2,0.0031183612887738014,0.6,/work3/arnaou/checkpoints/groupgat_Vc_trial_1826_best_state.pt,"{'learning_rate': 0.0031183612887738014, 'lr_reduce': 0.6}",TPESampler,COMPLETE
1827,0.01910729706287384,2025-04-26 02:45:50.436046,2025-04-26 02:48:46.641719,0 days 00:02:56.205673,0.05868371944584039,96,1,1,96,0.14755356157627847,160,4,1,48,0.06387120339247926,128,3,2,32,0.14526462135325816,264,424.0,,2,2,0.00010568334367986729,0.6,/work3/arnaou/checkpoints/groupgat_Vc_trial_1827_best_state.pt,"{'learning_rate': 0.00010568334367986729, 'lr_reduce': 0.6}",TPESampler,COMPLETE
1828,0.07825668156147003,2025-04-26 02:46:00.159243,2025-04-26 02:47:40.913377,0 days 00:01:40.754134,0.26137483508185533,224,1,1,32,0.27002464767723316,160,1,3,128,0.1416301382930334,128,3,1,112,0.011608738092940413,48,,,1,2,0.00030321467969368914,0.6,/work3/arnaou/checkpoints/groupgat_Vc_trial_1828_best_state.pt,"{'learning_rate': 0.00030321467969368914, 'lr_reduce': 0.6}",TPESampler,COMPLETE
1829,0.012107312679290771,2025-04-26 02:46:46.981595,2025-04-26 02:48:41.037219,0 days 00:01:54.055624,0.003687626209299657,128,3,4,80,0.06893245272865522,112,3,2,32,0.29331827156788814,96,1,3,64,0.2913074398191792,136,320.0,208.0,3,2,0.0023989682150134055,0.6,/work3/arnaou/checkpoints/groupgat_Vc_trial_1829_best_state.pt,"{'learning_rate': 0.0023989682150134055, 'lr_reduce': 0.6}",TPESampler,COMPLETE
1830,0.012905529700219631,2025-04-26 02:47:41.267981,2025-04-26 02:48:31.006397,0 days 00:00:49.738416,0.03960158043560721,256,2,1,96,0.13519813939741437,144,3,1,96,0.27483059535694704,96,1,3,128,0.268327592394369,320,392.0,296.0,3,2,0.0013790812296835407,0.6,/work3/arnaou/checkpoints/groupgat_Vc_trial_1830_best_state.pt,"{'learning_rate': 0.0013790812296835407, 'lr_reduce': 0.6}",TPESampler,COMPLETE
1831,0.01846814528107643,2025-04-26 02:48:31.319851,2025-04-26 02:49:21.345941,0 days 00:00:50.026090,0.1693266703126552,80,3,2,96,0.23342941899626835,224,4,4,48,0.2349396388653397,48,4,1,80,0.28047942252684344,496,200.0,,2,1,0.0029624911676253292,0.6,/work3/arnaou/checkpoints/groupgat_Vc_trial_1831_best_state.pt,"{'learning_rate': 0.0029624911676253292, 'lr_reduce': 0.6}",TPESampler,COMPLETE
1832,0.05833776295185089,2025-04-26 02:48:41.328751,2025-04-26 02:50:47.040845,0 days 00:02:05.712094,0.11827902010178429,208,4,4,128,0.0829487214144681,176,4,4,32,0.2884163612868068,80,4,3,96,0.14164309554124038,416,288.0,240.0,3,2,0.00016843500396709318,0.6,/work3/arnaou/checkpoints/groupgat_Vc_trial_1832_best_state.pt,"{'learning_rate': 0.00016843500396709318, 'lr_reduce': 0.6}",TPESampler,COMPLETE
1833,0.012534521520137787,2025-04-26 02:48:47.016321,2025-04-26 02:50:24.751728,0 days 00:01:37.735407,0.009166587177197795,112,4,4,64,0.07073308850468821,128,3,1,112,0.196084811628277,48,1,4,80,0.29021678336714657,40,440.0,,2,2,0.0027723042543207864,0.6,/work3/arnaou/checkpoints/groupgat_Vc_trial_1833_best_state.pt,"{'learning_rate': 0.0027723042543207864, 'lr_reduce': 0.6}",TPESampler,COMPLETE
1834,0.014937294647097588,2025-04-26 02:49:21.666486,2025-04-26 02:50:41.808941,0 days 00:01:20.142455,0.1615699939116523,112,2,3,112,0.001495529502755777,240,1,1,112,0.19228205805525833,48,4,2,112,0.018976488174823586,208,360.0,288.0,3,2,0.000601391648579504,0.6,/work3/arnaou/checkpoints/groupgat_Vc_trial_1834_best_state.pt,"{'learning_rate': 0.000601391648579504, 'lr_reduce': 0.6}",TPESampler,COMPLETE
1835,0.01772485114634037,2025-04-26 02:50:25.095647,2025-04-26 02:51:43.139414,0 days 00:01:18.043767,0.13706818287505765,144,2,2,80,0.12528666948871345,96,4,2,32,0.06607613760485495,64,1,4,96,0.046161407498411605,328,416.0,184.0,3,2,0.008593840480401772,0.6,/work3/arnaou/checkpoints/groupgat_Vc_trial_1835_best_state.pt,"{'learning_rate': 0.008593840480401772, 'lr_reduce': 0.6}",TPESampler,COMPLETE
1836,0.13983656466007233,2025-04-26 02:50:42.139528,2025-04-26 02:52:54.137521,0 days 00:02:11.997993,0.12462905212593435,80,2,3,80,0.2217108983691355,64,1,2,48,0.14063170018883897,80,1,2,80,0.29999530837521804,40,128.0,,2,1,0.0001106782674074629,0.6,/work3/arnaou/checkpoints/groupgat_Vc_trial_1836_best_state.pt,"{'learning_rate': 0.0001106782674074629, 'lr_reduce': 0.6}",TPESampler,COMPLETE
1837,0.014801427721977234,2025-04-26 02:50:47.430460,2025-04-26 02:52:10.392398,0 days 00:01:22.961938,0.03883332962654285,208,4,4,48,0.10970812925335675,192,2,2,32,0.16779637974598113,80,2,2,80,0.2821638835913849,160,440.0,448.0,3,1,0.0088684461194231,0.6,/work3/arnaou/checkpoints/groupgat_Vc_trial_1837_best_state.pt,"{'learning_rate': 0.0088684461194231, 'lr_reduce': 0.6}",TPESampler,COMPLETE
1838,0.013625910505652428,2025-04-26 02:51:43.495514,2025-04-26 02:52:31.276649,0 days 00:00:47.781135,0.2532070540796463,256,2,1,48,0.12378253646982071,192,4,2,128,0.036599962453619225,128,3,3,96,0.003976883386931113,424,336.0,240.0,3,1,0.002924431824614914,0.6,/work3/arnaou/checkpoints/groupgat_Vc_trial_1838_best_state.pt,"{'learning_rate': 0.002924431824614914, 'lr_reduce': 0.6}",TPESampler,COMPLETE
1839,0.10538662225008011,2025-04-26 02:52:10.750001,2025-04-26 02:53:35.465427,0 days 00:01:24.715426,0.13105400326530603,240,2,3,80,0.29950721568769645,240,1,3,96,0.21123005019845018,112,1,1,32,0.13606898059139008,336,,,1,2,0.00013381795662521063,0.6,/work3/arnaou/checkpoints/groupgat_Vc_trial_1839_best_state.pt,"{'learning_rate': 0.00013381795662521063, 'lr_reduce': 0.6}",TPESampler,COMPLETE
1840,0.018208911642432213,2025-04-26 02:52:31.606767,2025-04-26 02:54:16.539331,0 days 00:01:44.932564,0.07377599271272516,208,4,4,80,0.12721756663888548,240,1,3,80,0.03283010043838591,48,3,3,112,0.28428821800453563,176,384.0,,2,2,0.004287592913978028,0.6,/work3/arnaou/checkpoints/groupgat_Vc_trial_1840_best_state.pt,"{'learning_rate': 0.004287592913978028, 'lr_reduce': 0.6}",TPESampler,COMPLETE
1841,0.010775362141430378,2025-04-26 02:52:54.654933,2025-04-26 02:53:45.385548,0 days 00:00:50.730615,0.03448434384954989,224,1,2,80,0.19043129258409824,96,2,1,112,0.19654000610669523,32,4,3,112,0.1058604541197902,360,240.0,,2,2,0.0014312429388222232,0.6,/work3/arnaou/checkpoints/groupgat_Vc_trial_1841_best_state.pt,"{'learning_rate': 0.0014312429388222232, 'lr_reduce': 0.6}",TPESampler,COMPLETE
1842,0.014400489628314972,2025-04-26 02:53:35.767475,2025-04-26 02:56:18.810726,0 days 00:02:43.043251,0.1380511099989865,128,1,4,128,0.22297778905332216,240,3,4,128,0.18269314642157,112,2,1,32,0.061773630563041526,464,432.0,296.0,3,2,0.0006442760599685991,0.6,/work3/arnaou/checkpoints/groupgat_Vc_trial_1842_best_state.pt,"{'learning_rate': 0.0006442760599685991, 'lr_reduce': 0.6}",TPESampler,COMPLETE
1843,0.013465710915625095,2025-04-26 02:53:45.628033,2025-04-26 02:55:35.323403,0 days 00:01:49.695370,0.1229321054260596,160,3,4,96,0.035842387208251565,64,3,3,64,0.22468584030947852,96,1,3,32,0.2320355263707789,208,,,1,2,0.002889384770895678,0.6,/work3/arnaou/checkpoints/groupgat_Vc_trial_1843_best_state.pt,"{'learning_rate': 0.002889384770895678, 'lr_reduce': 0.6}",TPESampler,COMPLETE
1844,0.08532897382974625,2025-04-26 02:54:16.887109,2025-04-26 02:54:57.679415,0 days 00:00:40.792306,0.04923656683170222,256,4,4,96,0.07359163096575862,64,3,1,64,0.2988491176198549,96,1,4,64,0.19466366333789842,112,392.0,120.0,3,2,0.0009246555082086217,0.6,/work3/arnaou/checkpoints/groupgat_Vc_trial_1844_best_state.pt,"{'learning_rate': 0.0009246555082086217, 'lr_reduce': 0.6}",TPESampler,COMPLETE
1845,0.010503783822059631,2025-04-26 02:54:57.985966,2025-04-26 02:55:51.664545,0 days 00:00:53.678579,0.010568838933569146,176,4,3,48,0.1614078564454141,144,4,1,32,0.23185686563591543,32,1,2,64,0.198464995980706,248,288.0,,2,2,0.002184786401591869,0.6,/work3/arnaou/checkpoints/groupgat_Vc_trial_1845_best_state.pt,"{'learning_rate': 0.002184786401591869, 'lr_reduce': 0.6}",TPESampler,COMPLETE
1846,0.015526228584349155,2025-04-26 02:55:35.577575,2025-04-26 02:57:07.314016,0 days 00:01:31.736441,0.13842610799297594,192,3,2,80,0.007833728854054308,144,4,2,112,0.15167532898932665,64,3,3,128,0.03836822942593622,48,336.0,160.0,3,2,0.0098049082130078,0.6,/work3/arnaou/checkpoints/groupgat_Vc_trial_1846_best_state.pt,"{'learning_rate': 0.0098049082130078, 'lr_reduce': 0.6}",TPESampler,COMPLETE
1847,0.01155528612434864,2025-04-26 02:55:52.009455,2025-04-26 02:56:58.458254,0 days 00:01:06.448799,0.07299195032280567,208,3,2,64,0.18227030238703726,192,4,1,48,0.23342649584624106,80,1,2,128,0.28414524803601926,152,440.0,264.0,3,2,0.0035698074702163753,0.6,/work3/arnaou/checkpoints/groupgat_Vc_trial_1847_best_state.pt,"{'learning_rate': 0.0035698074702163753, 'lr_reduce': 0.6}",TPESampler,COMPLETE
1848,0.011324964463710785,2025-04-26 02:56:19.139966,2025-04-26 02:57:46.052868,0 days 00:01:26.912902,0.11035674836556175,176,2,2,80,0.16201339623939645,96,3,1,96,0.20774913625763497,32,3,4,96,0.1381437028371323,424,384.0,208.0,3,2,0.002079574071069644,0.6,/work3/arnaou/checkpoints/groupgat_Vc_trial_1848_best_state.pt,"{'learning_rate': 0.002079574071069644, 'lr_reduce': 0.6}",TPESampler,COMPLETE
1849,0.010384883731603622,2025-04-26 02:56:58.760942,2025-04-26 02:58:07.518933,0 days 00:01:08.757991,0.06440599675416667,192,3,4,32,0.1745516342716153,112,2,2,32,0.2908774795520701,112,1,3,64,0.2911348402552822,112,440.0,,2,2,0.005992801284949713,0.6,/work3/arnaou/checkpoints/groupgat_Vc_trial_1849_best_state.pt,"{'learning_rate': 0.005992801284949713, 'lr_reduce': 0.6}",TPESampler,COMPLETE
1850,0.014147588051855564,2025-04-26 02:57:07.604930,2025-04-26 02:58:40.575211,0 days 00:01:32.970281,0.03031197195882285,224,3,3,96,0.007620504470139115,80,4,1,32,0.23458236102194452,32,2,2,112,0.10835932397620479,240,360.0,320.0,3,2,0.009140661018178396,0.6,/work3/arnaou/checkpoints/groupgat_Vc_trial_1850_best_state.pt,"{'learning_rate': 0.009140661018178396, 'lr_reduce': 0.6}",TPESampler,COMPLETE
1851,0.015990450978279114,2025-04-26 02:57:46.340875,2025-04-26 02:59:00.026941,0 days 00:01:13.686066,0.16548847926155505,176,3,4,112,0.08006468368054452,80,2,3,48,0.20850739237936097,80,2,4,64,0.27132880359649336,72,280.0,,2,2,0.0031143108303349396,0.6,/work3/arnaou/checkpoints/groupgat_Vc_trial_1851_best_state.pt,"{'learning_rate': 0.0031143108303349396, 'lr_reduce': 0.6}",TPESampler,COMPLETE
1852,0.010306280106306076,2025-04-26 02:58:07.815049,2025-04-26 02:58:54.545185,0 days 00:00:46.730136,0.07686773695771153,176,1,2,112,0.12438270212854162,96,2,1,96,0.20990477254568796,48,3,2,96,0.12158152370048962,296,408.0,256.0,3,2,0.002114689183417455,0.6,/work3/arnaou/checkpoints/groupgat_Vc_trial_1852_best_state.pt,"{'learning_rate': 0.002114689183417455, 'lr_reduce': 0.6}",TPESampler,COMPLETE
1853,0.06033219397068024,2025-04-26 02:58:40.898584,2025-04-26 02:59:16.342117,0 days 00:00:35.443533,0.0896813217194224,160,4,3,80,0.17932248402316445,64,3,3,32,0.2755276928588868,96,1,3,96,0.15277965296097407,80,216.0,304.0,3,2,0.0023796876509237504,0.6,/work3/arnaou/checkpoints/groupgat_Vc_trial_1853_best_state.pt,"{'learning_rate': 0.0023796876509237504, 'lr_reduce': 0.6}",TPESampler,COMPLETE
1854,0.012584558688104153,2025-04-26 02:58:54.855872,2025-04-26 02:59:54.824059,0 days 00:00:59.968187,0.07648699275038784,192,3,1,96,0.04555910982768634,80,3,3,80,0.19656611255159123,64,2,3,112,0.05374674758916058,56,328.0,200.0,3,2,0.005569951160577949,0.6,/work3/arnaou/checkpoints/groupgat_Vc_trial_1854_best_state.pt,"{'learning_rate': 0.005569951160577949, 'lr_reduce': 0.6}",TPESampler,COMPLETE
1855,0.03453485295176506,2025-04-26 02:59:00.370000,2025-04-26 02:59:45.658084,0 days 00:00:45.288084,0.20938850130266,256,4,3,48,0.03661544459444207,96,3,2,32,0.2886862705563115,32,1,2,112,0.19843391883926934,312,432.0,72.0,3,2,0.0023861677741193717,0.6,/work3/arnaou/checkpoints/groupgat_Vc_trial_1855_best_state.pt,"{'learning_rate': 0.0023861677741193717, 'lr_reduce': 0.6}",TPESampler,COMPLETE
1856,0.021912282332777977,2025-04-26 02:59:16.625202,2025-04-26 03:00:42.492499,0 days 00:01:25.867297,0.0015249015493441175,160,4,4,32,0.10125404524648274,240,3,3,32,0.05244282054628175,96,1,3,96,0.2821817102846143,32,,,1,2,0.0016943739196976742,0.6,/work3/arnaou/checkpoints/groupgat_Vc_trial_1856_best_state.pt,"{'learning_rate': 0.0016943739196976742, 'lr_reduce': 0.6}",TPESampler,COMPLETE
1857,0.010987257584929466,2025-04-26 02:59:45.956035,2025-04-26 03:00:45.240362,0 days 00:00:59.284327,0.04919532521695312,224,4,4,64,0.07178021343950194,192,4,1,48,0.23992956185691577,64,3,3,128,0.19268546068994874,144,384.0,,2,1,0.0013301221131389472,0.6,/work3/arnaou/checkpoints/groupgat_Vc_trial_1857_best_state.pt,"{'learning_rate': 0.0013301221131389472, 'lr_reduce': 0.6}",TPESampler,COMPLETE
