number,value,datetime_start,datetime_complete,duration,params_L1_dropout,params_L1_hidden_dim,params_L1_layers_atom,params_L1_layers_mol,params_L1_out_dim,params_L2_dropout,params_L2_hidden_dim,params_L2_layers_atom,params_L2_layers_mol,params_L2_out_dim,params_L3_dropout,params_L3_hidden_dim,params_L3_layers_atom,params_L3_layers_mol,params_L3_out_dim,params_final_dropout,params_mlp_dim_0,params_mlp_dim_1,params_mlp_dim_2,params_n_mlp_layers,params_num_heads,params_train_learning_rate,params_train_lr_reduce,user_attrs_best_state_dict_path,user_attrs_training_params,system_attrs_auto:sampler,state
2229,0.013807623647153378,2025-04-26 06:39:23.158202,2025-04-26 06:42:45.613258,0 days 00:03:22.455056,0.028084461614988745,208,3,1,64,0.057055905164301715,80,3,2,32,0.004634186347454439,64,1,4,112,0.12918981906467877,296,88.0,160.0,3,2,0.0011361948898269488,0.6,/work3/arnaou/checkpoints/groupgat_Vc_trial_2229_best_state.pt,"{'learning_rate': 0.0011361948898269488, 'lr_reduce': 0.6}",TPESampler,COMPLETE
2230,0.013845792040228844,2025-04-26 06:39:23.994479,2025-04-26 06:41:09.376515,0 days 00:01:45.382036,0.056817149808659935,240,3,2,32,0.011777095975278436,96,4,1,64,0.12173952457299364,112,1,3,96,0.17745160773075325,216,40.0,168.0,3,2,0.005528606114249769,0.6,/work3/arnaou/checkpoints/groupgat_Vc_trial_2230_best_state.pt,"{'learning_rate': 0.005528606114249769, 'lr_reduce': 0.6}",TPESampler,COMPLETE
2231,0.011379857547581196,2025-04-26 06:40:47.474668,2025-04-26 06:42:20.246051,0 days 00:01:32.771383,0.025647758074547028,208,1,2,64,0.1876707613827545,128,4,2,32,0.12507137826643877,32,3,1,80,0.08155490557349011,272,64.0,152.0,3,2,0.005909842075189091,0.6,/work3/arnaou/checkpoints/groupgat_Vc_trial_2231_best_state.pt,"{'learning_rate': 0.005909842075189091, 'lr_reduce': 0.6}",TPESampler,COMPLETE
2232,0.009947176091372967,2025-04-26 06:41:12.029232,2025-04-26 06:42:28.416663,0 days 00:01:16.387431,0.1142239938889488,208,1,2,80,0.11370023143137648,144,4,4,48,0.21298563686102426,48,3,2,32,0.055520245095367,160,32.0,168.0,3,2,0.00473762790763362,0.6,/work3/arnaou/checkpoints/groupgat_Vc_trial_2232_best_state.pt,"{'learning_rate': 0.00473762790763362, 'lr_reduce': 0.6}",TPESampler,COMPLETE
2233,0.010887566022574902,2025-04-26 06:42:22.757489,2025-04-26 06:43:49.644737,0 days 00:01:26.887248,0.028017875048764972,176,2,2,32,0.2465161194396422,144,4,4,32,0.14337574608020584,32,2,3,48,0.00042815138005070086,80,32.0,168.0,3,2,0.004158835635268838,0.6,/work3/arnaou/checkpoints/groupgat_Vc_trial_2233_best_state.pt,"{'learning_rate': 0.004158835635268838, 'lr_reduce': 0.6}",TPESampler,COMPLETE
2234,0.01085947547107935,2025-04-26 06:42:31.266568,2025-04-26 06:43:44.663473,0 days 00:01:13.396905,0.06887891461814491,160,2,2,64,0.11994225663811066,64,3,3,32,0.1491906406563001,48,4,1,48,0.006863460563136959,184,32.0,176.0,3,2,0.003731104090048405,0.6,/work3/arnaou/checkpoints/groupgat_Vc_trial_2234_best_state.pt,"{'learning_rate': 0.003731104090048405, 'lr_reduce': 0.6}",TPESampler,COMPLETE
2235,0.01118876039981842,2025-04-26 06:42:48.647192,2025-04-26 06:45:14.514359,0 days 00:02:25.867167,0.02994630229749007,192,4,4,64,0.008572571039055482,240,2,3,80,0.016683967828135526,96,2,2,128,0.23993414136601818,168,56.0,,2,2,0.0007289940905024467,0.6,/work3/arnaou/checkpoints/groupgat_Vc_trial_2235_best_state.pt,"{'learning_rate': 0.0007289940905024467, 'lr_reduce': 0.6}",TPESampler,COMPLETE
2236,0.013037373311817646,2025-04-26 06:43:47.133205,2025-04-26 06:45:00.522120,0 days 00:01:13.388915,0.04297739499404708,144,1,2,64,0.14325806807567132,96,4,3,96,0.18464553773864945,64,3,1,80,0.03827454204056454,448,40.0,176.0,3,2,0.0037112151647298534,0.6,/work3/arnaou/checkpoints/groupgat_Vc_trial_2236_best_state.pt,"{'learning_rate': 0.0037112151647298534, 'lr_reduce': 0.6}",TPESampler,COMPLETE
2237,0.017151065170764923,2025-04-26 06:43:52.060485,2025-04-26 06:45:49.194618,0 days 00:01:57.134133,0.20096655728869187,144,1,4,32,0.19799048885233417,112,2,2,32,0.022772288280235364,96,2,2,32,0.2115178874892528,144,,,1,2,0.007083068426013156,0.6,/work3/arnaou/checkpoints/groupgat_Vc_trial_2237_best_state.pt,"{'learning_rate': 0.007083068426013156, 'lr_reduce': 0.6}",TPESampler,COMPLETE
2238,0.14368624985218048,2025-04-26 06:45:03.435262,2025-04-26 06:45:45.670932,0 days 00:00:42.235670,0.07398937644388082,224,1,2,96,0.2464130559067074,64,4,3,64,0.18696137165041646,32,2,1,48,0.1360367146268448,400,56.0,,2,2,0.0005526235503250895,0.6,/work3/arnaou/checkpoints/groupgat_Vc_trial_2238_best_state.pt,"{'learning_rate': 0.0005526235503250895, 'lr_reduce': 0.6}",TPESampler,COMPLETE
2239,0.010770544409751892,2025-04-26 06:45:14.830085,2025-04-26 06:46:16.473994,0 days 00:01:01.643909,0.027878172825811988,192,1,2,80,0.16266018497273954,64,4,4,48,0.21806813622123694,32,3,2,64,0.05822686690455608,192,72.0,144.0,3,2,0.006257034616709701,0.6,/work3/arnaou/checkpoints/groupgat_Vc_trial_2239_best_state.pt,"{'learning_rate': 0.006257034616709701, 'lr_reduce': 0.6}",TPESampler,COMPLETE
2240,0.010926634073257446,2025-04-26 06:45:46.025026,2025-04-26 06:46:44.410498,0 days 00:00:58.385472,0.03457076375061116,112,1,3,48,0.19603600494034473,80,3,4,96,0.17762191108860045,32,1,1,80,0.07175265833039221,280,32.0,120.0,3,2,0.0025930673049684013,0.6,/work3/arnaou/checkpoints/groupgat_Vc_trial_2240_best_state.pt,"{'learning_rate': 0.0025930673049684013, 'lr_reduce': 0.6}",TPESampler,COMPLETE
2241,0.010366784408688545,2025-04-26 06:45:49.433371,2025-04-26 06:47:03.094555,0 days 00:01:13.661184,0.10126881179530099,256,4,3,64,0.010409182780417012,80,4,1,48,0.2668982299692388,32,2,2,96,0.18545341788349767,344,32.0,184.0,3,2,0.005852269944834271,0.6,/work3/arnaou/checkpoints/groupgat_Vc_trial_2241_best_state.pt,"{'learning_rate': 0.005852269944834271, 'lr_reduce': 0.6}",TPESampler,COMPLETE
2242,0.027172086760401726,2025-04-26 06:46:16.796528,2025-04-26 06:47:30.899379,0 days 00:01:14.102851,0.10825507893071154,96,2,3,80,0.16446479178820372,176,1,1,64,0.0470913987772536,112,2,1,32,0.07144223397940345,40,,,1,1,0.007021931751134521,0.6,/work3/arnaou/checkpoints/groupgat_Vc_trial_2242_best_state.pt,"{'learning_rate': 0.007021931751134521, 'lr_reduce': 0.6}",TPESampler,COMPLETE
2243,0.00900194700807333,2025-04-26 06:46:44.808901,2025-04-26 06:47:48.345181,0 days 00:01:03.536280,0.048969023317011896,192,2,2,64,0.21315729628239322,96,4,4,32,0.11241726100902746,32,3,2,80,0.01522074340354369,256,40.0,192.0,3,2,0.0026687027173910344,0.6,/work3/arnaou/checkpoints/groupgat_Vc_trial_2243_best_state.pt,"{'learning_rate': 0.0026687027173910344, 'lr_reduce': 0.6}",TPESampler,COMPLETE
2244,0.01378564815968275,2025-04-26 06:47:03.461775,2025-04-26 06:47:40.007953,0 days 00:00:36.546178,0.1405887914895444,256,2,2,128,0.28435143671013585,192,1,1,48,0.06533382720448729,112,1,3,48,0.027461804450439636,120,32.0,192.0,3,1,0.0028878675986168004,0.6,/work3/arnaou/checkpoints/groupgat_Vc_trial_2244_best_state.pt,"{'learning_rate': 0.0028878675986168004, 'lr_reduce': 0.6}",TPESampler,COMPLETE
2245,0.013524158857762814,2025-04-26 06:47:31.215823,2025-04-26 06:48:25.802243,0 days 00:00:54.586420,0.14542859911609005,240,1,1,48,0.2586837896040596,96,3,4,32,0.05025850573823237,32,4,2,64,0.03762245213749466,128,40.0,128.0,3,2,0.00394327922674277,0.6,/work3/arnaou/checkpoints/groupgat_Vc_trial_2245_best_state.pt,"{'learning_rate': 0.00394327922674277, 'lr_reduce': 0.6}",TPESampler,COMPLETE
2246,0.012903053313493729,2025-04-26 06:47:40.289058,2025-04-26 06:48:40.084487,0 days 00:00:59.795429,0.013572769879022091,208,1,2,80,0.06448104975569777,112,3,4,128,0.14164028608803914,32,1,2,80,0.12710726064494976,88,96.0,184.0,3,2,0.006681194972031056,0.6,/work3/arnaou/checkpoints/groupgat_Vc_trial_2246_best_state.pt,"{'learning_rate': 0.006681194972031056, 'lr_reduce': 0.6}",TPESampler,COMPLETE
2247,0.010092847980558872,2025-04-26 06:47:48.656174,2025-04-26 06:48:47.205071,0 days 00:00:58.548897,0.049503835429794134,208,1,2,48,0.24394368572205877,96,4,3,64,0.285412826927199,48,3,1,96,0.10015139739727245,160,32.0,200.0,3,2,0.002297372308796117,0.6,/work3/arnaou/checkpoints/groupgat_Vc_trial_2247_best_state.pt,"{'learning_rate': 0.002297372308796117, 'lr_reduce': 0.6}",TPESampler,COMPLETE
2248,0.013507921248674393,2025-04-26 06:48:26.154858,2025-04-26 06:49:12.584477,0 days 00:00:46.429619,0.0375936219938339,240,1,2,64,0.17331884328198577,96,3,4,64,0.11932098586369928,48,2,2,48,0.006020283768218879,216,88.0,152.0,3,2,0.0012061372786576461,0.6,/work3/arnaou/checkpoints/groupgat_Vc_trial_2248_best_state.pt,"{'learning_rate': 0.0012061372786576461, 'lr_reduce': 0.6}",TPESampler,COMPLETE
2249,0.01329814549535513,2025-04-26 06:48:40.390065,2025-04-26 06:49:48.896650,0 days 00:01:08.506585,0.12714727673677803,80,4,4,32,0.233779685571824,240,3,3,32,0.1184537357983399,96,3,3,64,0.12597659555725305,504,80.0,104.0,3,1,0.0009280439489785301,0.6,/work3/arnaou/checkpoints/groupgat_Vc_trial_2249_best_state.pt,"{'learning_rate': 0.0009280439489785301, 'lr_reduce': 0.6}",TPESampler,COMPLETE
2250,0.01004746276885271,2025-04-26 06:48:47.493051,2025-04-26 06:49:48.205954,0 days 00:01:00.712903,0.07682587870039831,160,1,2,64,0.19440422883820277,112,4,3,112,0.2374764035048532,48,2,1,64,0.15577196990107367,360,120.0,208.0,3,2,0.0068259614703612,0.6,/work3/arnaou/checkpoints/groupgat_Vc_trial_2250_best_state.pt,"{'learning_rate': 0.0068259614703612, 'lr_reduce': 0.6}",TPESampler,COMPLETE
2251,0.012809032574295998,2025-04-26 06:49:12.980090,2025-04-26 06:50:15.570462,0 days 00:01:02.590372,0.031718544915824376,240,1,2,64,0.13135445042669164,64,3,4,32,0.15124926407839617,48,2,2,64,0.021637271509315964,144,80.0,,2,2,0.008548066371457531,0.6,/work3/arnaou/checkpoints/groupgat_Vc_trial_2251_best_state.pt,"{'learning_rate': 0.008548066371457531, 'lr_reduce': 0.6}",TPESampler,COMPLETE
2252,0.015540899708867073,2025-04-26 06:49:48.516495,2025-04-26 06:51:22.549602,0 days 00:01:34.033107,0.06814877612228465,176,4,2,32,0.004686613327707261,176,3,1,96,0.0012140044914490458,96,1,3,112,0.06670384831774968,248,48.0,200.0,3,2,0.0057778135371084685,0.6,/work3/arnaou/checkpoints/groupgat_Vc_trial_2252_best_state.pt,"{'learning_rate': 0.0057778135371084685, 'lr_reduce': 0.6}",TPESampler,COMPLETE
2253,0.013115571811795235,2025-04-26 06:49:49.309828,2025-04-26 06:50:41.518116,0 days 00:00:52.208288,0.07682031621869564,208,3,4,48,0.11227572160651814,112,2,1,48,0.24473090485842058,64,4,3,64,0.2924611651408403,208,72.0,,2,1,0.004255111070347731,0.6,/work3/arnaou/checkpoints/groupgat_Vc_trial_2253_best_state.pt,"{'learning_rate': 0.004255111070347731, 'lr_reduce': 0.6}",TPESampler,COMPLETE
2254,1.8069090843200684,2025-04-26 06:50:15.879473,2025-04-26 06:50:36.529393,0 days 00:00:20.649920,0.2973388838191561,64,3,3,128,0.07959731414380779,176,3,4,48,0.1001663520564186,128,2,4,80,0.12037425414369463,72,104.0,,2,1,0.00020000699868543204,0.6,/work3/arnaou/checkpoints/groupgat_Vc_trial_2254_best_state.pt,"{'learning_rate': 0.00020000699868543204, 'lr_reduce': 0.6}",TPESampler,COMPLETE
2255,0.08339277654886246,2025-04-26 06:50:36.892399,2025-04-26 06:52:59.033143,0 days 00:02:22.140744,0.009850320272682928,112,2,4,128,0.27999160136744444,128,2,3,64,0.20976307869498298,80,2,1,64,0.25192597488678375,304,88.0,152.0,3,2,0.00010727706994519828,0.6,/work3/arnaou/checkpoints/groupgat_Vc_trial_2255_best_state.pt,"{'learning_rate': 0.00010727706994519828, 'lr_reduce': 0.6}",TPESampler,COMPLETE
2256,0.0110712219029665,2025-04-26 06:50:41.856055,2025-04-26 06:51:51.159103,0 days 00:01:09.303048,0.07912840200629356,224,4,4,32,0.12683754004656117,160,3,1,32,0.2931673738593881,64,3,3,112,0.2548145268511405,112,40.0,,2,1,0.003049283673437074,0.6,/work3/arnaou/checkpoints/groupgat_Vc_trial_2256_best_state.pt,"{'learning_rate': 0.003049283673437074, 'lr_reduce': 0.6}",TPESampler,COMPLETE
2257,0.012963914312422276,2025-04-26 06:51:22.902873,2025-04-26 06:52:31.446198,0 days 00:01:08.543325,0.05844921680535051,192,1,1,64,0.22853506913878419,112,3,4,64,0.2183036528488893,48,2,1,48,0.16549399712208246,200,32.0,208.0,3,2,0.007054347924908276,0.6,/work3/arnaou/checkpoints/groupgat_Vc_trial_2257_best_state.pt,"{'learning_rate': 0.007054347924908276, 'lr_reduce': 0.6}",TPESampler,COMPLETE
2258,0.016803838312625885,2025-04-26 06:51:51.439473,2025-04-26 06:53:09.929183,0 days 00:01:18.489710,0.11212438697875052,80,1,1,128,0.22742396709681967,224,2,2,64,0.206032129188042,96,2,3,64,0.12724578151654684,304,,,1,2,0.000613882429657478,0.6,/work3/arnaou/checkpoints/groupgat_Vc_trial_2258_best_state.pt,"{'learning_rate': 0.000613882429657478, 'lr_reduce': 0.6}",TPESampler,COMPLETE
2259,0.010729915462434292,2025-04-26 06:52:31.766111,2025-04-26 06:53:20.975422,0 days 00:00:49.209311,0.025064033895936186,176,1,2,64,0.1755192867046974,80,4,4,80,0.07180244248106406,64,2,1,80,0.004882691754205415,248,32.0,224.0,3,1,0.007014057993406959,0.6,/work3/arnaou/checkpoints/groupgat_Vc_trial_2259_best_state.pt,"{'learning_rate': 0.007014057993406959, 'lr_reduce': 0.6}",TPESampler,COMPLETE
2260,0.011008043773472309,2025-04-26 06:52:59.338702,2025-04-26 06:54:01.486103,0 days 00:01:02.147401,0.0442283353819075,144,1,1,32,0.13530534372107783,64,4,3,112,0.08891857134620983,48,2,2,48,0.05431381363330626,384,88.0,136.0,3,2,0.004439824575504724,0.6,/work3/arnaou/checkpoints/groupgat_Vc_trial_2260_best_state.pt,"{'learning_rate': 0.004439824575504724, 'lr_reduce': 0.6}",TPESampler,COMPLETE
2261,0.007607398554682732,2025-04-26 06:53:10.204282,2025-04-26 06:53:56.222490,0 days 00:00:46.018208,0.09837687621990793,192,1,2,32,0.146201492615392,96,4,4,80,0.2166311908608676,64,1,2,64,0.14110562013278088,272,56.0,192.0,3,1,0.004202335690719088,0.6,/work3/arnaou/checkpoints/groupgat_Vc_trial_2261_best_state.pt,"{'learning_rate': 0.004202335690719088, 'lr_reduce': 0.6}",TPESampler,COMPLETE
2262,0.06641850620508194,2025-04-26 06:53:21.248221,2025-04-26 06:55:05.345037,0 days 00:01:44.096816,0.2213531122103371,256,1,2,96,0.17015407641240804,112,2,4,128,0.14559947514824062,80,4,4,32,0.138020186077532,344,,,1,1,0.0006904418943332778,0.6,/work3/arnaou/checkpoints/groupgat_Vc_trial_2262_best_state.pt,"{'learning_rate': 0.0006904418943332778, 'lr_reduce': 0.6}",TPESampler,COMPLETE
2263,0.01706153154373169,2025-04-26 06:53:56.465442,2025-04-26 06:55:12.082837,0 days 00:01:15.617395,0.12565024572108166,128,1,2,48,0.09123483543855643,128,4,4,80,0.2821010131045917,64,2,2,48,0.007406658015964296,152,,,1,1,0.0051761590720477086,0.6,/work3/arnaou/checkpoints/groupgat_Vc_trial_2263_best_state.pt,"{'learning_rate': 0.0051761590720477086, 'lr_reduce': 0.6}",TPESampler,COMPLETE
2264,0.022235272452235222,2025-04-26 06:54:01.829056,2025-04-26 06:54:40.705111,0 days 00:00:38.876055,0.12532107201124845,128,2,2,32,0.12348446346554601,112,4,4,80,0.17861126824805237,64,3,1,80,0.14749572755320367,232,72.0,112.0,3,1,0.0018164863088143332,0.6,/work3/arnaou/checkpoints/groupgat_Vc_trial_2264_best_state.pt,"{'learning_rate': 0.0018164863088143332, 'lr_reduce': 0.6}",TPESampler,COMPLETE
2265,0.010789468884468079,2025-04-26 06:54:41.007963,2025-04-26 06:55:25.076657,0 days 00:00:44.068694,0.004918979269541726,208,1,1,48,0.16218660180712133,64,4,4,96,0.11849418924357458,48,1,1,64,0.07481092229816524,384,64.0,152.0,3,2,0.004270572736499184,0.6,/work3/arnaou/checkpoints/groupgat_Vc_trial_2265_best_state.pt,"{'learning_rate': 0.004270572736499184, 'lr_reduce': 0.6}",TPESampler,COMPLETE
2266,0.023386875167489052,2025-04-26 06:55:05.751710,2025-04-26 06:56:34.407229,0 days 00:01:28.655519,0.18053717088903568,176,2,2,48,0.09362508558774515,128,3,3,48,0.18558585330710742,80,1,2,64,0.12343217301634274,320,88.0,176.0,3,1,0.007898920452167965,0.6,/work3/arnaou/checkpoints/groupgat_Vc_trial_2266_best_state.pt,"{'learning_rate': 0.007898920452167965, 'lr_reduce': 0.6}",TPESampler,COMPLETE
2267,0.016672497615218163,2025-04-26 06:55:12.401768,2025-04-26 06:55:47.851874,0 days 00:00:35.450106,0.110781105717976,128,2,2,32,0.12361270115994157,128,4,4,96,0.19476007049030059,48,1,2,48,0.20357902547857298,112,56.0,168.0,3,1,0.00555643046562132,0.6,/work3/arnaou/checkpoints/groupgat_Vc_trial_2267_best_state.pt,"{'learning_rate': 0.00555643046562132, 'lr_reduce': 0.6}",TPESampler,COMPLETE
2268,0.011408522725105286,2025-04-26 06:55:25.416792,2025-04-26 06:56:08.739663,0 days 00:00:43.322871,0.11719240178985976,176,1,2,48,0.19119103675502527,96,4,4,64,0.23022160610901812,80,1,1,64,0.1596422925477763,296,40.0,104.0,3,1,0.001616114960880509,0.6,/work3/arnaou/checkpoints/groupgat_Vc_trial_2268_best_state.pt,"{'learning_rate': 0.001616114960880509, 'lr_reduce': 0.6}",TPESampler,COMPLETE
2269,0.01130111888051033,2025-04-26 06:55:48.216200,2025-04-26 06:56:38.943566,0 days 00:00:50.727366,9.69993010770144e-05,208,3,4,80,0.15271117481676647,80,4,2,64,0.2505395054029368,64,2,3,80,0.24766215732087854,64,112.0,,2,2,0.00575163264175202,0.6,/work3/arnaou/checkpoints/groupgat_Vc_trial_2269_best_state.pt,"{'learning_rate': 0.00575163264175202, 'lr_reduce': 0.6}",TPESampler,COMPLETE
2270,0.013263444416224957,2025-04-26 06:56:09.083904,2025-04-26 06:57:26.890435,0 days 00:01:17.806531,0.15618562133217861,224,1,2,32,0.211415965178993,160,4,4,48,0.17002463230025738,48,2,3,48,0.11835885850393221,320,72.0,168.0,3,1,0.0066751447376596626,0.6,/work3/arnaou/checkpoints/groupgat_Vc_trial_2270_best_state.pt,"{'learning_rate': 0.0066751447376596626, 'lr_reduce': 0.6}",TPESampler,COMPLETE
2271,0.009912515990436077,2025-04-26 06:56:34.974959,2025-04-26 06:57:31.499411,0 days 00:00:56.524452,0.07904835969829313,176,1,2,48,0.1656532964121592,64,4,4,32,0.12369984595197689,48,4,1,80,0.10000111716888731,120,64.0,136.0,3,2,0.00374044914620072,0.6,/work3/arnaou/checkpoints/groupgat_Vc_trial_2271_best_state.pt,"{'learning_rate': 0.00374044914620072, 'lr_reduce': 0.6}",TPESampler,COMPLETE
2272,0.012504570186138153,2025-04-26 06:56:39.204577,2025-04-26 06:58:18.758893,0 days 00:01:39.554316,0.24353812508787331,128,3,2,64,0.021346054679863252,256,1,4,64,0.24448450339974387,80,4,3,48,0.26598901864933167,264,,,1,2,0.0005330966928787157,0.6,/work3/arnaou/checkpoints/groupgat_Vc_trial_2272_best_state.pt,"{'learning_rate': 0.0005330966928787157, 'lr_reduce': 0.6}",TPESampler,COMPLETE
2273,0.053924936801195145,2025-04-26 06:57:27.190402,2025-04-26 06:58:10.296133,0 days 00:00:43.105731,0.12845971758619618,256,1,2,80,0.14190615859985448,64,4,4,80,0.15147164272397806,32,3,3,96,0.0834420733027641,176,32.0,176.0,3,2,0.0007070325625072647,0.6,/work3/arnaou/checkpoints/groupgat_Vc_trial_2273_best_state.pt,"{'learning_rate': 0.0007070325625072647, 'lr_reduce': 0.6}",TPESampler,COMPLETE
2274,0.024980202317237854,2025-04-26 06:57:31.872018,2025-04-26 06:58:20.596291,0 days 00:00:48.724273,0.041105573168404554,96,2,2,48,0.07559708203363452,80,3,4,96,0.19277103110165786,48,1,2,48,0.1381172050413841,368,72.0,,2,1,0.00729507114535588,0.6,/work3/arnaou/checkpoints/groupgat_Vc_trial_2274_best_state.pt,"{'learning_rate': 0.00729507114535588, 'lr_reduce': 0.6}",TPESampler,COMPLETE
2275,0.037389229983091354,2025-04-26 06:58:10.626786,2025-04-26 06:59:14.711400,0 days 00:01:04.084614,0.08663683218582116,208,1,3,32,0.09025027119360662,112,4,4,80,0.2802237090353934,64,1,2,96,0.1172561976038964,440,88.0,,2,1,0.0063002889678110165,0.6,/work3/arnaou/checkpoints/groupgat_Vc_trial_2275_best_state.pt,"{'learning_rate': 0.0063002889678110165, 'lr_reduce': 0.6}",TPESampler,COMPLETE
2276,0.00827292911708355,2025-04-26 06:58:19.019962,2025-04-26 06:59:29.304433,0 days 00:01:10.284471,0.0706004971314766,240,3,1,48,0.09014633667639753,64,3,1,64,0.11993179164098505,64,1,3,96,0.16224795433453604,216,56.0,64.0,3,2,0.0023806678652096075,0.6,/work3/arnaou/checkpoints/groupgat_Vc_trial_2276_best_state.pt,"{'learning_rate': 0.0023806678652096075, 'lr_reduce': 0.6}",TPESampler,COMPLETE
2277,0.009693264029920101,2025-04-26 06:58:20.951854,2025-04-26 06:59:15.855571,0 days 00:00:54.903717,0.05052309682920073,176,1,3,48,0.158531960032602,176,4,4,48,0.2692569820080682,48,1,3,64,0.10259837824012782,264,32.0,,2,1,0.003040340524414862,0.6,/work3/arnaou/checkpoints/groupgat_Vc_trial_2277_best_state.pt,"{'learning_rate': 0.003040340524414862, 'lr_reduce': 0.6}",TPESampler,COMPLETE
2278,0.01778186298906803,2025-04-26 06:59:15.088077,2025-04-26 07:00:50.864783,0 days 00:01:35.776706,0.039552368615067855,208,4,4,64,0.06402937014239395,240,2,3,32,0.0016422789856058752,80,1,3,96,0.27752014786628343,232,104.0,,2,2,0.007254524631737243,0.6,/work3/arnaou/checkpoints/groupgat_Vc_trial_2278_best_state.pt,"{'learning_rate': 0.007254524631737243, 'lr_reduce': 0.6}",TPESampler,COMPLETE
2279,0.2616409957408905,2025-04-26 06:59:16.114355,2025-04-26 07:01:14.042794,0 days 00:01:57.928439,0.09189206958607449,64,1,3,112,0.2065970560496369,160,1,4,48,0.19535704838071855,48,1,4,112,0.25119277813539237,448,,,1,1,0.0001918366209325355,0.6,/work3/arnaou/checkpoints/groupgat_Vc_trial_2279_best_state.pt,"{'learning_rate': 0.0001918366209325355, 'lr_reduce': 0.6}",TPESampler,COMPLETE
2280,0.01600801572203636,2025-04-26 06:59:29.627642,2025-04-26 07:00:24.033576,0 days 00:00:54.405934,0.16114998231245398,256,1,2,48,0.19442887248564183,112,4,4,64,0.22422154881493833,64,1,3,96,0.15753712822078977,176,32.0,48.0,3,1,0.0006118518863956246,0.6,/work3/arnaou/checkpoints/groupgat_Vc_trial_2280_best_state.pt,"{'learning_rate': 0.0006118518863956246, 'lr_reduce': 0.6}",TPESampler,COMPLETE
2281,0.03798484429717064,2025-04-26 07:00:24.349723,2025-04-26 07:01:10.658595,0 days 00:00:46.308872,0.11698344534455547,208,4,1,48,0.09304827518909829,64,4,1,48,0.11778791634826659,64,2,3,96,0.08969449963274255,240,72.0,48.0,3,2,0.0011497747289419735,0.6,/work3/arnaou/checkpoints/groupgat_Vc_trial_2281_best_state.pt,"{'learning_rate': 0.0011497747289419735, 'lr_reduce': 0.6}",TPESampler,COMPLETE
