number,value,datetime_start,datetime_complete,duration,params_L1_dropout,params_L1_hidden_dim,params_L1_layers_atom,params_L1_layers_mol,params_L1_out_dim,params_L2_dropout,params_L2_hidden_dim,params_L2_layers_atom,params_L2_layers_mol,params_L2_out_dim,params_L3_dropout,params_L3_hidden_dim,params_L3_layers_atom,params_L3_layers_mol,params_L3_out_dim,params_final_dropout,params_mlp_dim_0,params_mlp_dim_1,params_mlp_dim_2,params_n_mlp_layers,params_num_heads,params_train_learning_rate,params_train_lr_reduce,user_attrs_best_state_dict_path,user_attrs_training_params,system_attrs_auto:sampler,state
2017,0.015752023085951805,2025-04-26 04:29:18.238945,2025-04-26 04:30:40.859067,0 days 00:01:22.620122,0.025640238372882228,256,4,4,32,0.09837839774924247,144,3,1,64,0.23528773363488875,64,2,2,112,0.2514461756012392,112,344.0,160.0,3,1,0.004579646516222653,0.6,/work3/arnaou/checkpoints/groupgat_Vc_trial_2017_best_state.pt,"{'learning_rate': 0.004579646516222653, 'lr_reduce': 0.6}",TPESampler,COMPLETE
2018,0.010150582529604435,2025-04-26 04:29:41.758431,2025-04-26 04:31:10.258961,0 days 00:01:28.500530,0.05352913055074915,256,3,3,96,0.1564065127091309,112,4,1,32,0.1900705292682605,64,1,2,80,0.26496397174034386,136,440.0,376.0,3,2,0.0030826208272715875,0.6,/work3/arnaou/checkpoints/groupgat_Vc_trial_2018_best_state.pt,"{'learning_rate': 0.0030826208272715875, 'lr_reduce': 0.6}",TPESampler,COMPLETE
2019,0.21047073602676392,2025-04-26 04:29:43.271055,2025-04-26 04:32:13.268242,0 days 00:02:29.997187,0.2849543777630587,256,1,1,112,0.2545318459557045,160,4,4,112,0.06779268154562297,32,3,1,96,0.03851750950765173,168,400.0,,2,1,0.0003849740226722655,0.6,/work3/arnaou/checkpoints/groupgat_Vc_trial_2019_best_state.pt,"{'learning_rate': 0.0003849740226722655, 'lr_reduce': 0.6}",TPESampler,COMPLETE
2020,0.04663652554154396,2025-04-26 04:30:42.554081,2025-04-26 04:35:36.671092,0 days 00:04:54.117011,0.006283687519044012,64,4,3,96,0.17143182227649395,160,3,1,96,0.2848381912468474,80,4,2,80,0.2505936838277159,400,120.0,,2,1,0.00010219777579288907,0.6,/work3/arnaou/checkpoints/groupgat_Vc_trial_2020_best_state.pt,"{'learning_rate': 0.00010219777579288907, 'lr_reduce': 0.6}",TPESampler,COMPLETE
2021,0.030470510944724083,2025-04-26 04:31:11.730687,2025-04-26 04:33:00.629369,0 days 00:01:48.898682,0.12839088988080216,256,4,2,48,0.11211972068546332,256,2,2,32,0.1704046150085041,32,2,2,96,0.2583331850861625,96,304.0,,2,1,0.005511849983217179,0.6,/work3/arnaou/checkpoints/groupgat_Vc_trial_2021_best_state.pt,"{'learning_rate': 0.005511849983217179, 'lr_reduce': 0.6}",TPESampler,COMPLETE
2022,0.03939979523420334,2025-04-26 04:32:16.278866,2025-04-26 04:33:25.545244,0 days 00:01:09.266378,0.03924648527989972,208,4,1,48,0.021550889794712126,80,4,1,96,0.07182911692176047,96,1,3,96,0.028622303454698142,152,368.0,216.0,3,2,0.0015321266149696498,0.6,/work3/arnaou/checkpoints/groupgat_Vc_trial_2022_best_state.pt,"{'learning_rate': 0.0015321266149696498, 'lr_reduce': 0.6}",TPESampler,COMPLETE
2023,0.026155639439821243,2025-04-26 04:33:03.112512,2025-04-26 04:34:43.268362,0 days 00:01:40.155850,0.08988465896981086,240,4,4,112,0.0897212049441378,256,2,2,64,0.0039292192789449,64,2,2,96,0.27520273978174303,280,,,1,2,0.0066468824763964325,0.6,/work3/arnaou/checkpoints/groupgat_Vc_trial_2023_best_state.pt,"{'learning_rate': 0.0066468824763964325, 'lr_reduce': 0.6}",TPESampler,COMPLETE
2024,0.015275098383426666,2025-04-26 04:33:27.847985,2025-04-26 04:34:58.859166,0 days 00:01:31.011181,0.0530003390255587,224,1,1,96,0.1587167992489728,64,3,2,128,0.11325095464064142,80,1,2,112,0.09552764126138064,176,184.0,320.0,3,2,0.0020863203361791162,0.6,/work3/arnaou/checkpoints/groupgat_Vc_trial_2024_best_state.pt,"{'learning_rate': 0.0020863203361791162, 'lr_reduce': 0.6}",TPESampler,COMPLETE
2025,0.05881910026073456,2025-04-26 04:34:45.677895,2025-04-26 04:36:36.746332,0 days 00:01:51.068437,0.0005902648714090353,240,3,4,48,0.2403724405237671,256,1,3,32,0.0007511886603713547,128,3,3,112,0.19875815915159212,464,480.0,256.0,3,1,0.008973843280490121,0.6,/work3/arnaou/checkpoints/groupgat_Vc_trial_2025_best_state.pt,"{'learning_rate': 0.008973843280490121, 'lr_reduce': 0.6}",TPESampler,COMPLETE
2026,0.04389822483062744,2025-04-26 04:35:01.665791,2025-04-26 04:37:46.336321,0 days 00:02:44.670530,0.0928814730473661,240,4,4,48,0.2087507581089402,80,1,4,48,0.26566335237539723,112,2,1,112,0.22232634848019672,408,416.0,,2,1,0.0005574465021171151,0.6,/work3/arnaou/checkpoints/groupgat_Vc_trial_2026_best_state.pt,"{'learning_rate': 0.0005574465021171151, 'lr_reduce': 0.6}",TPESampler,COMPLETE
2027,0.013856790028512478,2025-04-26 04:35:37.219206,2025-04-26 04:36:48.330096,0 days 00:01:11.110890,0.004020283119956836,176,4,4,64,0.17735503409244807,80,4,1,32,0.24898605715173894,32,1,2,112,0.12520572439638314,144,240.0,72.0,3,1,0.007104930569924286,0.6,/work3/arnaou/checkpoints/groupgat_Vc_trial_2027_best_state.pt,"{'learning_rate': 0.007104930569924286, 'lr_reduce': 0.6}",TPESampler,COMPLETE
2028,0.011526311747729778,2025-04-26 04:36:37.417565,2025-04-26 04:38:01.272844,0 days 00:01:23.855279,0.05079020990515604,176,4,2,96,0.06931793508953836,160,3,2,80,0.25501758017468895,80,2,3,128,0.10148689013740413,80,432.0,352.0,3,2,0.007633251660710608,0.6,/work3/arnaou/checkpoints/groupgat_Vc_trial_2028_best_state.pt,"{'learning_rate': 0.007633251660710608, 'lr_reduce': 0.6}",TPESampler,COMPLETE
2029,0.045332565903663635,2025-04-26 04:36:50.769830,2025-04-26 04:39:32.370620,0 days 00:02:41.600790,0.17010999660061585,224,4,1,128,0.13283907358996042,224,1,3,48,0.21702087236309492,96,3,4,32,0.23391587959554191,504,,,1,2,0.0036391175256038836,0.6,/work3/arnaou/checkpoints/groupgat_Vc_trial_2029_best_state.pt,"{'learning_rate': 0.0036391175256038836, 'lr_reduce': 0.6}",TPESampler,COMPLETE
2030,0.013963746838271618,2025-04-26 04:37:49.099438,2025-04-26 04:39:42.492579,0 days 00:01:53.393141,0.2802204900281612,192,1,4,32,0.061768130540274,176,1,3,48,0.1018869385212374,128,3,3,48,0.2202257065548092,440,368.0,,2,1,0.0010902401813156954,0.6,/work3/arnaou/checkpoints/groupgat_Vc_trial_2030_best_state.pt,"{'learning_rate': 0.0010902401813156954, 'lr_reduce': 0.6}",TPESampler,COMPLETE
2031,0.015673285350203514,2025-04-26 04:38:04.357127,2025-04-26 04:40:42.480731,0 days 00:02:38.123604,0.09563443721211774,224,3,2,80,0.15204220501938914,224,3,2,80,0.04104601666618894,128,2,3,112,0.13459159683550245,496,,,1,2,0.0003650690325688982,0.6,/work3/arnaou/checkpoints/groupgat_Vc_trial_2031_best_state.pt,"{'learning_rate': 0.0003650690325688982, 'lr_reduce': 0.6}",TPESampler,COMPLETE
2032,0.010963140986859798,2025-04-26 04:39:34.400923,2025-04-26 04:41:37.722018,0 days 00:02:03.321095,0.03660542762641771,240,2,4,112,0.005468812641011486,112,3,3,64,0.16563396646358797,64,2,2,48,0.24527442980656775,160,448.0,,2,2,0.007247083251486192,0.6,/work3/arnaou/checkpoints/groupgat_Vc_trial_2032_best_state.pt,"{'learning_rate': 0.007247083251486192, 'lr_reduce': 0.6}",TPESampler,COMPLETE
2033,0.011348018422722816,2025-04-26 04:39:43.629076,2025-04-26 04:41:24.023137,0 days 00:01:40.394061,0.04152983942814248,192,3,4,80,0.15504845998135006,112,2,1,48,0.29735682077941233,96,1,4,80,0.2439668523048067,72,312.0,184.0,3,2,0.006180418434520282,0.6,/work3/arnaou/checkpoints/groupgat_Vc_trial_2033_best_state.pt,"{'learning_rate': 0.006180418434520282, 'lr_reduce': 0.6}",TPESampler,COMPLETE
2034,0.009822872467339039,2025-04-26 04:40:45.170344,2025-04-26 04:42:39.921332,0 days 00:01:54.750988,0.011143438430974754,192,3,3,32,0.08542491585051135,96,4,1,64,0.15370922542825374,80,1,3,128,0.07250382611508377,344,384.0,280.0,3,2,0.003940880500439718,0.6,/work3/arnaou/checkpoints/groupgat_Vc_trial_2034_best_state.pt,"{'learning_rate': 0.003940880500439718, 'lr_reduce': 0.6}",TPESampler,COMPLETE
2035,0.031260572373867035,2025-04-26 04:41:26.501002,2025-04-26 04:43:15.949415,0 days 00:01:49.448413,0.1999439858984597,192,4,4,96,0.04140666762904899,240,2,2,112,0.2066261183831952,128,3,1,48,0.19049986533230145,464,472.0,,2,2,0.006188700675632766,0.6,/work3/arnaou/checkpoints/groupgat_Vc_trial_2035_best_state.pt,"{'learning_rate': 0.006188700675632766, 'lr_reduce': 0.6}",TPESampler,COMPLETE
2036,0.01486921589821577,2025-04-26 04:41:40.384854,2025-04-26 04:43:19.335646,0 days 00:01:38.950792,0.14352525717697073,240,2,1,64,0.22298261478434295,208,1,1,96,0.02817005679574773,128,1,3,32,0.0728469702386549,320,408.0,,2,2,0.0007638375636927262,0.6,/work3/arnaou/checkpoints/groupgat_Vc_trial_2036_best_state.pt,"{'learning_rate': 0.0007638375636927262, 'lr_reduce': 0.6}",TPESampler,COMPLETE
2037,0.035813190042972565,2025-04-26 04:42:42.358297,2025-04-26 04:44:10.907471,0 days 00:01:28.549174,0.15552286823090622,208,2,3,112,0.20253027147561964,192,2,2,128,0.26739779703037536,64,1,1,32,0.21913427122579557,176,352.0,408.0,3,1,0.009892204428108549,0.6,/work3/arnaou/checkpoints/groupgat_Vc_trial_2037_best_state.pt,"{'learning_rate': 0.009892204428108549, 'lr_reduce': 0.6}",TPESampler,COMPLETE
2038,0.013733051717281342,2025-04-26 04:43:18.778589,2025-04-26 04:45:11.129511,0 days 00:01:52.350922,0.0992272125442555,176,4,4,64,0.07584516589125127,256,2,3,32,0.05711417117269454,80,1,3,64,0.296941077967388,296,,,1,2,0.000782840706739116,0.6,/work3/arnaou/checkpoints/groupgat_Vc_trial_2038_best_state.pt,"{'learning_rate': 0.000782840706739116, 'lr_reduce': 0.6}",TPESampler,COMPLETE
2039,0.01341946329921484,2025-04-26 04:43:22.014432,2025-04-26 04:45:11.134983,0 days 00:01:49.120551,0.11293472995965717,256,4,3,64,0.020524309875190896,64,3,3,32,0.2739733398325942,32,2,3,112,0.20274418739508906,240,264.0,232.0,3,2,0.006575913183678322,0.6,/work3/arnaou/checkpoints/groupgat_Vc_trial_2039_best_state.pt,"{'learning_rate': 0.006575913183678322, 'lr_reduce': 0.6}",TPESampler,COMPLETE
2040,0.018668068572878838,2025-04-26 04:44:13.370254,2025-04-26 04:46:40.108022,0 days 00:02:26.737768,0.034217572068569624,208,1,2,112,0.12346887184143933,208,1,4,64,0.15163523477722085,32,2,1,48,0.28425812652928917,88,440.0,,2,1,0.0004338411181131383,0.6,/work3/arnaou/checkpoints/groupgat_Vc_trial_2040_best_state.pt,"{'learning_rate': 0.0004338411181131383, 'lr_reduce': 0.6}",TPESampler,COMPLETE
2041,0.012357566505670547,2025-04-26 04:45:13.139674,2025-04-26 04:47:05.276294,0 days 00:01:52.136620,0.0037354007314108137,256,3,2,96,0.15122962636395626,144,4,1,80,0.23728953652934082,80,2,2,128,0.24729102880237872,128,328.0,,2,2,0.003881438472349892,0.6,/work3/arnaou/checkpoints/groupgat_Vc_trial_2041_best_state.pt,"{'learning_rate': 0.003881438472349892, 'lr_reduce': 0.6}",TPESampler,COMPLETE
2042,0.11647841334342957,2025-04-26 04:45:14.145284,2025-04-26 04:46:09.945903,0 days 00:00:55.800619,0.00598198430456897,160,4,3,112,0.18042659435719138,64,3,1,80,0.29439360403557535,128,2,4,80,0.26574974597756185,176,408.0,328.0,3,2,0.004810347481260368,0.6,/work3/arnaou/checkpoints/groupgat_Vc_trial_2042_best_state.pt,"{'learning_rate': 0.004810347481260368, 'lr_reduce': 0.6}",TPESampler,COMPLETE
2043,0.01771746575832367,2025-04-26 04:46:13.082408,2025-04-26 04:48:23.152937,0 days 00:02:10.070529,0.1327572269533781,240,2,1,112,0.0986104093053283,224,2,2,64,0.2808181599224244,96,1,1,112,0.2875928861186681,232,,,1,1,0.00044811618376502027,0.6,/work3/arnaou/checkpoints/groupgat_Vc_trial_2043_best_state.pt,"{'learning_rate': 0.00044811618376502027, 'lr_reduce': 0.6}",TPESampler,COMPLETE
2044,0.014274273999035358,2025-04-26 04:46:42.647250,2025-04-26 04:48:29.877166,0 days 00:01:47.229916,0.008534493011761436,128,2,2,80,0.07598335238220374,96,3,3,64,0.18476507484509255,48,3,2,112,0.2398841064057208,256,472.0,136.0,3,2,0.008524307828459133,0.6,/work3/arnaou/checkpoints/groupgat_Vc_trial_2044_best_state.pt,"{'learning_rate': 0.008524307828459133, 'lr_reduce': 0.6}",TPESampler,COMPLETE
2045,0.07938674837350845,2025-04-26 04:47:07.741720,2025-04-26 04:48:20.066599,0 days 00:01:12.324879,0.014378117408098065,208,3,4,96,0.018521158889636628,80,3,2,80,0.2809936855814616,64,1,3,32,0.25177182285329613,120,376.0,,2,2,0.0013300887225806712,0.6,/work3/arnaou/checkpoints/groupgat_Vc_trial_2045_best_state.pt,"{'learning_rate': 0.0013300887225806712, 'lr_reduce': 0.6}",TPESampler,COMPLETE
2046,0.014210257679224014,2025-04-26 04:48:22.301452,2025-04-26 04:50:43.119463,0 days 00:02:20.818011,0.11784644443003398,176,1,3,80,0.2876482749924708,160,2,3,112,0.07898164716811844,32,3,3,48,0.05189982944211903,136,,,1,1,0.0004553780210183548,0.6,/work3/arnaou/checkpoints/groupgat_Vc_trial_2046_best_state.pt,"{'learning_rate': 0.0004553780210183548, 'lr_reduce': 0.6}",TPESampler,COMPLETE
2047,0.009410342201590538,2025-04-26 04:48:24.580199,2025-04-26 04:49:47.713724,0 days 00:01:23.133525,0.05008641562583561,160,2,1,80,0.1441187942214459,80,4,2,64,0.11559443439828579,48,2,3,112,0.09803163926787911,272,304.0,288.0,3,2,0.002814735602714421,0.6,/work3/arnaou/checkpoints/groupgat_Vc_trial_2047_best_state.pt,"{'learning_rate': 0.002814735602714421, 'lr_reduce': 0.6}",TPESampler,COMPLETE
2048,0.029301151633262634,2025-04-26 04:48:32.266911,2025-04-26 04:51:29.517862,0 days 00:02:57.250951,0.15772907862758365,192,4,1,96,0.05611874305759065,208,1,4,80,0.20243661291665774,80,1,3,64,0.13118955319431458,224,480.0,,2,2,0.00015867546091070172,0.6,/work3/arnaou/checkpoints/groupgat_Vc_trial_2048_best_state.pt,"{'learning_rate': 0.00015867546091070172, 'lr_reduce': 0.6}",TPESampler,COMPLETE
2049,0.06230003386735916,2025-04-26 04:49:50.153072,2025-04-26 04:52:11.153169,0 days 00:02:21.000097,0.23257065773388808,176,4,3,112,0.19299083858810248,256,1,4,64,0.06450273691908978,112,2,2,128,0.01129230546379345,80,408.0,200.0,3,2,0.00022916070953750352,0.6,/work3/arnaou/checkpoints/groupgat_Vc_trial_2049_best_state.pt,"{'learning_rate': 0.00022916070953750352, 'lr_reduce': 0.6}",TPESampler,COMPLETE
2050,0.009560889564454556,2025-04-26 04:50:45.887128,2025-04-26 04:52:03.371495,0 days 00:01:17.484367,0.08008638599710872,240,1,2,96,0.16429039197220038,128,3,1,112,0.13753346511310044,32,3,3,128,0.14809610962951833,464,208.0,360.0,3,1,0.004618487994973379,0.6,/work3/arnaou/checkpoints/groupgat_Vc_trial_2050_best_state.pt,"{'learning_rate': 0.004618487994973379, 'lr_reduce': 0.6}",TPESampler,COMPLETE
2051,0.009600299410521984,2025-04-26 04:51:32.815971,2025-04-26 04:53:22.620633,0 days 00:01:49.804662,0.03887885844816853,176,4,2,48,0.12887344109368934,160,1,3,32,0.10954323532787856,32,2,2,96,0.22655633393911948,192,88.0,248.0,3,2,0.005823621498487698,0.6,/work3/arnaou/checkpoints/groupgat_Vc_trial_2051_best_state.pt,"{'learning_rate': 0.005823621498487698, 'lr_reduce': 0.6}",TPESampler,COMPLETE
2052,0.013423651456832886,2025-04-26 04:52:04.377871,2025-04-26 04:52:59.831472,0 days 00:00:55.453601,0.03192492263455028,208,2,2,80,0.06415473896023617,96,4,2,80,0.19234062475903851,80,2,1,128,0.05023405980531854,256,448.0,312.0,3,2,0.001503624607285861,0.6,/work3/arnaou/checkpoints/groupgat_Vc_trial_2052_best_state.pt,"{'learning_rate': 0.001503624607285861, 'lr_reduce': 0.6}",TPESampler,COMPLETE
2053,0.011319343000650406,2025-04-26 04:52:11.977105,2025-04-26 04:54:26.949119,0 days 00:02:14.972014,0.07249667971285738,208,4,3,64,0.04382091602369456,128,3,2,64,0.21446680737162183,80,1,3,64,0.24895315817658312,96,352.0,,2,2,0.0063381962439888785,0.6,/work3/arnaou/checkpoints/groupgat_Vc_trial_2053_best_state.pt,"{'learning_rate': 0.0063381962439888785, 'lr_reduce': 0.6}",TPESampler,COMPLETE
2054,0.010821960866451263,2025-04-26 04:53:02.227011,2025-04-26 04:54:32.766377,0 days 00:01:30.539366,0.02375457545284885,224,3,3,80,0.10390322136738504,144,1,2,32,0.23154732418101998,48,2,2,80,0.2879509442866014,224,400.0,424.0,3,1,0.0023134069393095607,0.6,/work3/arnaou/checkpoints/groupgat_Vc_trial_2054_best_state.pt,"{'learning_rate': 0.0023134069393095607, 'lr_reduce': 0.6}",TPESampler,COMPLETE
2055,0.020895451307296753,2025-04-26 04:53:25.940504,2025-04-26 04:55:58.083018,0 days 00:02:32.142514,0.1616718330103491,64,2,1,80,0.03385259862030371,160,3,4,80,0.2215037693070994,128,2,3,48,0.29693759074636206,384,264.0,,2,1,0.002265977489644347,0.6,/work3/arnaou/checkpoints/groupgat_Vc_trial_2055_best_state.pt,"{'learning_rate': 0.002265977489644347, 'lr_reduce': 0.6}",TPESampler,COMPLETE
2056,0.015614527277648449,2025-04-26 04:54:29.407746,2025-04-26 04:57:31.183424,0 days 00:03:01.775678,0.0784933161061065,128,4,2,80,0.26446748243808543,256,3,4,128,0.15299419610852177,64,4,2,32,0.0918646195976647,120,440.0,,2,2,0.0005486135081706657,0.6,/work3/arnaou/checkpoints/groupgat_Vc_trial_2056_best_state.pt,"{'learning_rate': 0.0005486135081706657, 'lr_reduce': 0.6}",TPESampler,COMPLETE
2057,0.011147218756377697,2025-04-26 04:54:35.509949,2025-04-26 04:55:47.922963,0 days 00:01:12.413014,0.06843687002418891,176,1,1,80,0.14732565139411144,64,4,1,112,0.20520065991164033,32,3,3,112,0.06736157934593576,384,352.0,152.0,3,2,0.0032765430293300083,0.6,/work3/arnaou/checkpoints/groupgat_Vc_trial_2057_best_state.pt,"{'learning_rate': 0.0032765430293300083, 'lr_reduce': 0.6}",TPESampler,COMPLETE
2058,0.011338900774717331,2025-04-26 04:55:50.548945,2025-04-26 04:57:14.839551,0 days 00:01:24.290606,0.044587673709093806,208,4,1,32,0.25186851983034514,112,3,2,128,0.17590353156170524,64,4,3,64,0.10399981021172658,328,400.0,224.0,3,2,0.002297735435737266,0.6,/work3/arnaou/checkpoints/groupgat_Vc_trial_2058_best_state.pt,"{'learning_rate': 0.002297735435737266, 'lr_reduce': 0.6}",TPESampler,COMPLETE
2059,0.01078864000737667,2025-04-26 04:56:01.185380,2025-04-26 04:57:46.480489,0 days 00:01:45.295109,0.006789795841138289,176,3,2,64,0.1843022564653188,96,4,3,32,0.24284569350585417,96,1,4,96,0.22721212844495556,72,488.0,,2,2,0.009958196060666915,0.6,/work3/arnaou/checkpoints/groupgat_Vc_trial_2059_best_state.pt,"{'learning_rate': 0.009958196060666915, 'lr_reduce': 0.6}",TPESampler,COMPLETE
2060,0.017408205196261406,2025-04-26 04:57:17.223821,2025-04-26 04:58:50.538897,0 days 00:01:33.315076,0.034507257354282644,208,4,3,80,0.15930032432904884,80,3,2,48,0.27262943050195904,112,1,3,80,0.20138566738188474,40,296.0,288.0,3,2,0.006748444815085583,0.6,/work3/arnaou/checkpoints/groupgat_Vc_trial_2060_best_state.pt,"{'learning_rate': 0.006748444815085583, 'lr_reduce': 0.6}",TPESampler,COMPLETE
2061,0.012826161459088326,2025-04-26 04:57:34.575411,2025-04-26 04:59:06.468316,0 days 00:01:31.892905,0.18938120087224297,224,3,1,96,0.25392223758685295,96,4,4,32,0.06848461855300089,96,3,4,80,0.11983056372322332,320,,,1,2,0.0016355729549365863,0.6,/work3/arnaou/checkpoints/groupgat_Vc_trial_2061_best_state.pt,"{'learning_rate': 0.0016355729549365863, 'lr_reduce': 0.6}",TPESampler,COMPLETE
2062,0.01878494769334793,2025-04-26 04:57:49.866032,2025-04-26 04:59:03.322154,0 days 00:01:13.456122,0.0013546295955313876,176,1,3,96,0.10267231454634895,96,4,2,80,0.20232538503761752,64,2,4,128,0.09770613957206824,312,168.0,368.0,3,2,0.002420585586417286,0.6,/work3/arnaou/checkpoints/groupgat_Vc_trial_2062_best_state.pt,"{'learning_rate': 0.002420585586417286, 'lr_reduce': 0.6}",TPESampler,COMPLETE
2063,0.01457199640572071,2025-04-26 04:58:52.972861,2025-04-26 05:01:00.493992,0 days 00:02:07.521131,0.012927598232828574,144,4,4,80,0.03745955778110929,64,2,1,48,0.29813431374443694,96,1,3,80,0.2401059563470474,72,432.0,192.0,3,2,0.0010975652532599308,0.6,/work3/arnaou/checkpoints/groupgat_Vc_trial_2063_best_state.pt,"{'learning_rate': 0.0010975652532599308, 'lr_reduce': 0.6}",TPESampler,COMPLETE
2064,1.056841492652893,2025-04-26 04:59:06.064696,2025-04-26 04:59:43.424839,0 days 00:00:37.360143,0.07879842517044719,176,3,1,112,0.04929410457900037,128,4,1,64,0.2602790725492279,64,1,2,128,0.07229269972902218,144,376.0,256.0,3,2,0.0071834899585051125,0.6,/work3/arnaou/checkpoints/groupgat_Vc_trial_2064_best_state.pt,"{'learning_rate': 0.0071834899585051125, 'lr_reduce': 0.6}",TPESampler,COMPLETE
2065,0.15158770978450775,2025-04-26 04:59:09.137458,2025-04-26 05:00:10.903363,0 days 00:01:01.765905,0.10191103102130798,192,4,3,80,0.0006082575660176504,64,3,3,64,0.2978283711736727,96,1,4,80,0.22601304548353957,48,480.0,96.0,3,2,0.0018886238005526837,0.6,/work3/arnaou/checkpoints/groupgat_Vc_trial_2065_best_state.pt,"{'learning_rate': 0.0018886238005526837, 'lr_reduce': 0.6}",TPESampler,COMPLETE
2066,0.205602765083313,2025-04-26 04:59:45.551395,2025-04-26 05:01:47.257419,0 days 00:02:01.706024,0.2793559586924312,80,2,1,128,0.27672210679924447,160,3,3,64,0.0867825953234546,112,4,1,128,0.15679893447969048,256,,,1,1,0.00036319536371600005,0.6,/work3/arnaou/checkpoints/groupgat_Vc_trial_2066_best_state.pt,"{'learning_rate': 0.00036319536371600005, 'lr_reduce': 0.6}",TPESampler,COMPLETE
2067,0.01653020642697811,2025-04-26 05:00:13.545042,2025-04-26 05:01:32.399331,0 days 00:01:18.854289,0.15730578000101217,240,4,3,48,0.03135220263087217,64,2,2,48,0.2347469298068493,32,2,1,128,0.11661643350683372,232,232.0,328.0,3,2,0.006114462997361293,0.6,/work3/arnaou/checkpoints/groupgat_Vc_trial_2067_best_state.pt,"{'learning_rate': 0.006114462997361293, 'lr_reduce': 0.6}",TPESampler,COMPLETE
2068,0.011912393383681774,2025-04-26 05:01:02.157583,2025-04-26 05:02:22.629349,0 days 00:01:20.471766,0.04587863253637378,256,4,4,64,0.22409782762642458,224,2,3,32,0.06609169873289689,32,2,2,80,0.2646433346050933,184,344.0,264.0,3,1,0.00313781922979195,0.6,/work3/arnaou/checkpoints/groupgat_Vc_trial_2068_best_state.pt,"{'learning_rate': 0.00313781922979195, 'lr_reduce': 0.6}",TPESampler,COMPLETE
2069,0.01482510007917881,2025-04-26 05:01:35.143332,2025-04-26 05:03:18.017297,0 days 00:01:42.873965,0.053337276817008214,144,4,2,64,0.18640657008384903,96,3,1,128,0.2443663938922286,48,2,3,80,0.29969072898666166,80,,,1,2,0.006685922600760103,0.6,/work3/arnaou/checkpoints/groupgat_Vc_trial_2069_best_state.pt,"{'learning_rate': 0.006685922600760103, 'lr_reduce': 0.6}",TPESampler,COMPLETE
