number,value,datetime_start,datetime_complete,duration,params_L1_dropout,params_L1_hidden_dim,params_L1_layers_atom,params_L1_layers_mol,params_L1_out_dim,params_L2_dropout,params_L2_hidden_dim,params_L2_layers_atom,params_L2_layers_mol,params_L2_out_dim,params_L3_dropout,params_L3_hidden_dim,params_L3_layers_atom,params_L3_layers_mol,params_L3_out_dim,params_final_dropout,params_mlp_dim_0,params_mlp_dim_1,params_mlp_dim_2,params_n_mlp_layers,params_num_heads,params_train_learning_rate,params_train_lr_reduce,user_attrs_best_state_dict_path,user_attrs_training_params,system_attrs_auto:sampler,state
2070,0.01665562577545643,2025-04-26 05:01:50.359968,2025-04-26 05:03:22.768231,0 days 00:01:32.408263,0.01990722206159235,128,4,4,80,0.04481328041804231,96,4,1,96,0.15619319006072957,48,1,4,96,0.2042993340345194,104,440.0,,2,2,0.0066558203951943605,0.6,/work3/arnaou/checkpoints/groupgat_Vc_trial_2070_best_state.pt,"{'learning_rate': 0.0066558203951943605, 'lr_reduce': 0.6}",TPESampler,COMPLETE
2071,0.015113148838281631,2025-04-26 05:02:25.054983,2025-04-26 05:05:09.131865,0 days 00:02:44.076882,0.04860271119840989,160,4,4,80,0.16088142715795256,64,3,2,32,0.26591585493902636,96,1,3,64,0.22861533634346204,144,400.0,,2,2,0.0011699399411944085,0.6,/work3/arnaou/checkpoints/groupgat_Vc_trial_2071_best_state.pt,"{'learning_rate': 0.0011699399411944085, 'lr_reduce': 0.6}",TPESampler,COMPLETE
2072,0.014934875071048737,2025-04-26 05:03:20.626167,2025-04-26 05:04:57.597506,0 days 00:01:36.971339,0.039379132592339425,240,3,2,64,0.06684155775623594,128,2,1,80,0.06575493343996928,64,1,4,128,0.13675968340069092,240,296.0,,2,2,0.0034181902062564344,0.6,/work3/arnaou/checkpoints/groupgat_Vc_trial_2072_best_state.pt,"{'learning_rate': 0.0034181902062564344, 'lr_reduce': 0.6}",TPESampler,COMPLETE
2073,0.013454047031700611,2025-04-26 05:03:25.330789,2025-04-26 05:04:38.975072,0 days 00:01:13.644283,0.004136882132307374,240,4,4,48,0.09950831284144675,208,3,2,32,0.17360745611533768,48,2,2,112,0.2826394484669043,208,440.0,368.0,3,1,0.0024736475139089165,0.6,/work3/arnaou/checkpoints/groupgat_Vc_trial_2073_best_state.pt,"{'learning_rate': 0.0024736475139089165, 'lr_reduce': 0.6}",TPESampler,COMPLETE
2074,0.06367611885070801,2025-04-26 05:04:39.522542,2025-04-26 05:05:18.472550,0 days 00:00:38.950008,0.03362292163048941,208,3,1,32,0.07539147510630109,80,2,2,32,0.13976372173179624,48,1,4,96,0.17459853764377542,248,136.0,216.0,3,1,0.0019394720905542772,0.6,/work3/arnaou/checkpoints/groupgat_Vc_trial_2074_best_state.pt,"{'learning_rate': 0.0019394720905542772, 'lr_reduce': 0.6}",TPESampler,COMPLETE
2075,0.025629986077547073,2025-04-26 05:04:59.541596,2025-04-26 05:06:50.607961,0 days 00:01:51.066365,0.19952350002766955,224,1,3,96,0.10616468248020133,224,1,4,48,0.05280338702099685,128,1,2,80,0.17571484699967058,88,384.0,456.0,3,2,0.0006265078115109584,0.6,/work3/arnaou/checkpoints/groupgat_Vc_trial_2075_best_state.pt,"{'learning_rate': 0.0006265078115109584, 'lr_reduce': 0.6}",TPESampler,COMPLETE
2076,0.04747717082500458,2025-04-26 05:05:11.792019,2025-04-26 05:07:29.193455,0 days 00:02:17.401436,0.26330295713403945,208,2,1,128,0.27748577525383034,80,2,2,80,0.17737783060983217,80,3,2,64,0.00868528745807795,40,32.0,312.0,3,1,0.00010537051903035018,0.6,/work3/arnaou/checkpoints/groupgat_Vc_trial_2076_best_state.pt,"{'learning_rate': 0.00010537051903035018, 'lr_reduce': 0.6}",TPESampler,COMPLETE
2077,0.014913934282958508,2025-04-26 05:05:21.423408,2025-04-26 05:07:21.332806,0 days 00:01:59.909398,0.23273416703479163,160,1,1,48,0.2845795509284645,224,1,2,112,0.22621665091884002,80,2,2,112,0.2926172177398999,136,328.0,,2,2,0.00036935048323534747,0.6,/work3/arnaou/checkpoints/groupgat_Vc_trial_2077_best_state.pt,"{'learning_rate': 0.00036935048323534747, 'lr_reduce': 0.6}",TPESampler,COMPLETE
2078,0.02784249745309353,2025-04-26 05:06:53.403015,2025-04-26 05:09:13.365323,0 days 00:02:19.962308,0.06824445292806872,192,4,1,64,0.019286873459041454,96,3,3,80,0.013265364783779349,128,4,2,128,0.016279872553653096,456,416.0,,2,1,0.0005548557599413228,0.6,/work3/arnaou/checkpoints/groupgat_Vc_trial_2078_best_state.pt,"{'learning_rate': 0.0005548557599413228, 'lr_reduce': 0.6}",TPESampler,COMPLETE
2079,0.017134329304099083,2025-04-26 05:07:23.847963,2025-04-26 05:09:18.448553,0 days 00:01:54.600590,0.06139446518698241,128,4,3,48,0.01953601652229659,128,4,1,96,0.29416368233086476,32,2,4,80,0.2397015115159411,48,480.0,,2,2,0.007461061155133198,0.6,/work3/arnaou/checkpoints/groupgat_Vc_trial_2079_best_state.pt,"{'learning_rate': 0.007461061155133198, 'lr_reduce': 0.6}",TPESampler,COMPLETE
2080,0.051996950060129166,2025-04-26 05:07:31.666844,2025-04-26 05:09:44.429365,0 days 00:02:12.762521,0.23947501916251157,256,1,4,128,0.15490429534515412,128,1,3,128,0.22885198994509384,80,3,1,80,0.18111751947527388,312,,,1,2,0.0005911420656935276,0.6,/work3/arnaou/checkpoints/groupgat_Vc_trial_2080_best_state.pt,"{'learning_rate': 0.0005911420656935276, 'lr_reduce': 0.6}",TPESampler,COMPLETE
2081,0.0166486669331789,2025-04-26 05:09:15.594799,2025-04-26 05:11:24.702750,0 days 00:02:09.107951,0.19193116180646866,208,4,1,128,0.2052953660687524,240,4,1,48,0.05232598175730438,64,2,3,128,0.13073295355270478,240,,,1,2,0.00537700586434291,0.6,/work3/arnaou/checkpoints/groupgat_Vc_trial_2081_best_state.pt,"{'learning_rate': 0.00537700586434291, 'lr_reduce': 0.6}",TPESampler,COMPLETE
2082,0.01433581206947565,2025-04-26 05:09:21.096848,2025-04-26 05:11:04.905538,0 days 00:01:43.808690,0.059526407129496195,240,3,1,128,0.05801073191037184,144,3,2,80,0.2557910482961179,48,2,3,128,0.03419976642577116,104,368.0,160.0,3,1,0.007758845675435707,0.6,/work3/arnaou/checkpoints/groupgat_Vc_trial_2082_best_state.pt,"{'learning_rate': 0.007758845675435707, 'lr_reduce': 0.6}",TPESampler,COMPLETE
2083,0.01773989573121071,2025-04-26 05:09:47.342266,2025-04-26 05:11:28.924855,0 days 00:01:41.582589,0.1424939562648821,240,4,3,48,0.09732892802098086,96,4,1,48,0.18553301270980302,48,2,2,96,0.17615935681340283,192,280.0,272.0,3,2,0.009418416275567512,0.6,/work3/arnaou/checkpoints/groupgat_Vc_trial_2083_best_state.pt,"{'learning_rate': 0.009418416275567512, 'lr_reduce': 0.6}",TPESampler,COMPLETE
2084,0.022264668717980385,2025-04-26 05:11:07.055378,2025-04-26 05:13:26.750601,0 days 00:02:19.695223,0.24649652647746573,192,2,3,128,0.26761819675461274,160,2,3,112,0.2686325383764719,128,1,2,112,0.14669372288846722,360,240.0,,2,1,0.008189955270317975,0.6,/work3/arnaou/checkpoints/groupgat_Vc_trial_2084_best_state.pt,"{'learning_rate': 0.008189955270317975, 'lr_reduce': 0.6}",TPESampler,COMPLETE
2085,0.011773313395678997,2025-04-26 05:11:27.532402,2025-04-26 05:13:44.559385,0 days 00:02:17.026983,0.06607044804332508,192,3,4,80,0.003015046379392786,96,3,3,64,0.2199377178750187,96,1,3,48,0.28349401095868076,176,448.0,,2,2,0.0006666360000572603,0.6,/work3/arnaou/checkpoints/groupgat_Vc_trial_2085_best_state.pt,"{'learning_rate': 0.0006666360000572603, 'lr_reduce': 0.6}",TPESampler,COMPLETE
2086,0.011616678908467293,2025-04-26 05:11:31.328418,2025-04-26 05:12:41.651563,0 days 00:01:10.323145,0.042340137188294207,176,4,3,48,0.09227322360543916,96,3,2,48,0.2849823478737921,80,1,3,64,0.19901452881066428,96,408.0,400.0,3,2,0.0030416262871252094,0.6,/work3/arnaou/checkpoints/groupgat_Vc_trial_2086_best_state.pt,"{'learning_rate': 0.0030416262871252094, 'lr_reduce': 0.6}",TPESampler,COMPLETE
2087,0.013140465132892132,2025-04-26 05:12:44.732910,2025-04-26 05:14:44.771449,0 days 00:02:00.038539,0.015553420630760914,80,3,3,64,0.014789592529477395,128,3,1,128,0.13703621509448105,32,1,4,80,0.28404826576605424,232,,,1,2,0.004318443868407737,0.6,/work3/arnaou/checkpoints/groupgat_Vc_trial_2087_best_state.pt,"{'learning_rate': 0.004318443868407737, 'lr_reduce': 0.6}",TPESampler,COMPLETE
2088,0.023971576243638992,2025-04-26 05:13:29.124212,2025-04-26 05:16:13.404832,0 days 00:02:44.280620,0.07688064295806853,80,3,2,112,0.14651990909818602,224,1,1,128,0.013336536454346154,48,1,1,32,0.2964199578664727,272,336.0,,2,2,0.0051043718365499325,0.6,/work3/arnaou/checkpoints/groupgat_Vc_trial_2088_best_state.pt,"{'learning_rate': 0.0051043718365499325, 'lr_reduce': 0.6}",TPESampler,COMPLETE
2089,0.01287162397056818,2025-04-26 05:13:47.285606,2025-04-26 05:15:09.177247,0 days 00:01:21.891641,0.17806120810126674,240,1,2,96,0.09187674336132864,208,4,1,32,0.035009329419956645,112,4,1,32,0.25591395333270944,224,480.0,,2,1,0.003857287397716528,0.6,/work3/arnaou/checkpoints/groupgat_Vc_trial_2089_best_state.pt,"{'learning_rate': 0.003857287397716528, 'lr_reduce': 0.6}",TPESampler,COMPLETE
2090,0.01123662106692791,2025-04-26 05:14:47.230470,2025-04-26 05:17:25.065480,0 days 00:02:37.835010,0.023532417063835236,208,4,2,96,0.011189814859257824,96,4,2,64,0.2546752837715975,80,1,3,128,0.055719588680356716,240,384.0,,2,2,0.005241806480550727,0.6,/work3/arnaou/checkpoints/groupgat_Vc_trial_2090_best_state.pt,"{'learning_rate': 0.005241806480550727, 'lr_reduce': 0.6}",TPESampler,COMPLETE
2091,0.021915359422564507,2025-04-26 05:15:11.928457,2025-04-26 05:17:11.587714,0 days 00:01:59.659257,0.2571420513353635,240,2,2,128,0.2882792556672814,128,1,2,96,0.06508898112144536,128,4,3,80,0.18473714977258282,408,,,1,1,0.0007689153104284183,0.6,/work3/arnaou/checkpoints/groupgat_Vc_trial_2091_best_state.pt,"{'learning_rate': 0.0007689153104284183, 'lr_reduce': 0.6}",TPESampler,COMPLETE
2092,0.010734569281339645,2025-04-26 05:16:16.202433,2025-04-26 05:17:32.065601,0 days 00:01:15.863168,0.11649801937908177,240,1,2,64,0.18032062865156295,96,3,1,128,0.20879061221881443,48,3,3,96,0.03398130388477803,384,440.0,216.0,3,2,0.0018997006385427547,0.6,/work3/arnaou/checkpoints/groupgat_Vc_trial_2092_best_state.pt,"{'learning_rate': 0.0018997006385427547, 'lr_reduce': 0.6}",TPESampler,COMPLETE
2093,0.013783029280602932,2025-04-26 05:17:14.418301,2025-04-26 05:19:40.262342,0 days 00:02:25.844041,0.05332614736047428,112,2,2,64,0.011539661283058333,192,1,3,112,0.258088754772211,96,2,1,80,0.05552935622775759,448,,,1,1,0.0003107692111229675,0.6,/work3/arnaou/checkpoints/groupgat_Vc_trial_2093_best_state.pt,"{'learning_rate': 0.0003107692111229675, 'lr_reduce': 0.6}",TPESampler,COMPLETE
2094,0.015642981976270676,2025-04-26 05:17:27.684198,2025-04-26 05:19:25.834494,0 days 00:01:58.150296,0.13796411436061404,224,3,3,64,0.07744915920591106,176,4,1,64,0.23269279711227112,64,2,2,112,0.16992522956158404,152,104.0,328.0,3,2,0.000923394576803599,0.6,/work3/arnaou/checkpoints/groupgat_Vc_trial_2094_best_state.pt,"{'learning_rate': 0.000923394576803599, 'lr_reduce': 0.6}",TPESampler,COMPLETE
2095,0.09733166545629501,2025-04-26 05:17:34.368489,2025-04-26 05:19:28.625320,0 days 00:01:54.256831,0.24263374920422043,192,4,1,96,0.24950324196121917,80,2,1,80,0.19660468615459653,32,3,1,96,0.1873751221603959,496,400.0,,2,1,0.0002967254263018002,0.6,/work3/arnaou/checkpoints/groupgat_Vc_trial_2095_best_state.pt,"{'learning_rate': 0.0002967254263018002, 'lr_reduce': 0.6}",TPESampler,COMPLETE
2096,0.010071632452309132,2025-04-26 05:19:27.923722,2025-04-26 05:21:00.678226,0 days 00:01:32.754504,0.07991971146211885,192,3,4,80,0.06180168438596316,256,2,2,32,0.013746000899546479,64,2,3,80,0.26484789311662654,280,320.0,,2,2,0.0029685712602008393,0.6,/work3/arnaou/checkpoints/groupgat_Vc_trial_2096_best_state.pt,"{'learning_rate': 0.0029685712602008393, 'lr_reduce': 0.6}",TPESampler,COMPLETE
2097,0.010734782554209232,2025-04-26 05:19:30.577815,2025-04-26 05:20:39.717072,0 days 00:01:09.139257,0.2674016830353544,224,2,4,80,0.2870502162256453,192,1,3,48,0.17845068961978788,112,2,1,128,0.034674173297460684,448,192.0,128.0,3,1,0.001758852250940002,0.6,/work3/arnaou/checkpoints/groupgat_Vc_trial_2097_best_state.pt,"{'learning_rate': 0.001758852250940002, 'lr_reduce': 0.6}",TPESampler,COMPLETE
2098,0.009043199941515923,2025-04-26 05:19:44.065269,2025-04-26 05:21:45.715123,0 days 00:02:01.649854,0.022037745757484704,240,4,3,48,0.1575861582790697,256,2,2,48,0.12073633224947587,32,1,2,112,0.25721794470724824,160,480.0,,2,2,0.004090949900138999,0.6,/work3/arnaou/checkpoints/groupgat_Vc_trial_2098_best_state.pt,"{'learning_rate': 0.004090949900138999, 'lr_reduce': 0.6}",TPESampler,COMPLETE
2099,0.014360402710735798,2025-04-26 05:20:42.002129,2025-04-26 05:22:41.801485,0 days 00:01:59.799356,0.04578674394686381,208,4,2,80,0.0065457152510983024,192,3,1,32,0.26439241811848563,96,1,3,80,0.021174162634949784,176,368.0,256.0,3,2,0.009812336661315773,0.6,/work3/arnaou/checkpoints/groupgat_Vc_trial_2099_best_state.pt,"{'learning_rate': 0.009812336661315773, 'lr_reduce': 0.6}",TPESampler,COMPLETE
2100,0.060242146253585815,2025-04-26 05:21:03.554411,2025-04-26 05:22:05.806640,0 days 00:01:02.252229,0.03992897863607639,176,2,2,32,0.05607765072987962,96,4,1,64,0.12938008562489528,112,1,3,96,0.019951201179796662,248,440.0,184.0,3,2,0.001216843676838878,0.6,/work3/arnaou/checkpoints/groupgat_Vc_trial_2100_best_state.pt,"{'learning_rate': 0.001216843676838878, 'lr_reduce': 0.6}",TPESampler,COMPLETE
2101,0.014339042827486992,2025-04-26 05:21:48.296265,2025-04-26 05:23:02.399882,0 days 00:01:14.103617,0.010095123192170619,192,4,2,32,0.1742008470315881,240,2,2,80,0.04754999909563608,32,1,3,112,0.2584559699864194,128,496.0,,2,2,0.0013516642787501127,0.6,/work3/arnaou/checkpoints/groupgat_Vc_trial_2101_best_state.pt,"{'learning_rate': 0.0013516642787501127, 'lr_reduce': 0.6}",TPESampler,COMPLETE
2102,0.01133591216057539,2025-04-26 05:22:09.137816,2025-04-26 05:23:15.630474,0 days 00:01:06.492658,0.12063465488815395,224,1,2,80,0.1331960389529281,96,3,2,112,0.21619169785908166,48,3,3,128,0.09881643948879544,320,512.0,,2,2,0.002164680950343234,0.6,/work3/arnaou/checkpoints/groupgat_Vc_trial_2102_best_state.pt,"{'learning_rate': 0.002164680950343234, 'lr_reduce': 0.6}",TPESampler,COMPLETE
2103,0.011128407903015614,2025-04-26 05:22:42.357648,2025-04-26 05:24:04.077571,0 days 00:01:21.719923,0.05965573320284911,192,4,4,48,0.08208126536429874,208,3,1,32,0.17112330158292882,80,3,3,96,0.1960760526146413,296,504.0,152.0,3,2,0.0028873713352675634,0.6,/work3/arnaou/checkpoints/groupgat_Vc_trial_2103_best_state.pt,"{'learning_rate': 0.0028873713352675634, 'lr_reduce': 0.6}",TPESampler,COMPLETE
2104,0.011570291593670845,2025-04-26 05:23:02.953281,2025-04-26 05:24:04.286922,0 days 00:01:01.333641,0.0072899293374312415,160,4,3,48,0.09567806599778311,64,4,1,96,0.18967646570387142,64,2,4,64,0.2662980862787731,88,488.0,,2,2,0.003867672207952951,0.6,/work3/arnaou/checkpoints/groupgat_Vc_trial_2104_best_state.pt,"{'learning_rate': 0.003867672207952951, 'lr_reduce': 0.6}",TPESampler,COMPLETE
2105,0.01761210709810257,2025-04-26 05:23:17.521956,2025-04-26 05:25:40.780724,0 days 00:02:23.258768,0.16317232967067924,96,3,3,96,0.25743769606328487,256,3,1,128,0.13893740194499216,32,1,3,112,0.13306516572965,424,488.0,,2,2,0.00750912742539973,0.6,/work3/arnaou/checkpoints/groupgat_Vc_trial_2105_best_state.pt,"{'learning_rate': 0.00750912742539973, 'lr_reduce': 0.6}",TPESampler,COMPLETE
2106,0.010715346783399582,2025-04-26 05:24:06.180071,2025-04-26 05:25:43.166371,0 days 00:01:36.986300,0.005235149655818748,224,4,3,112,0.07278680747661634,256,3,3,48,0.021994940330076786,80,2,3,112,0.28935165600419593,200,504.0,,2,2,0.0019641259964584164,0.6,/work3/arnaou/checkpoints/groupgat_Vc_trial_2106_best_state.pt,"{'learning_rate': 0.0019641259964584164, 'lr_reduce': 0.6}",TPESampler,COMPLETE
2107,0.010804492048919201,2025-04-26 05:24:06.640050,2025-04-26 05:25:19.764700,0 days 00:01:13.124650,0.06282772393240181,208,4,3,80,0.2775270108951423,176,2,1,48,0.14927708098078507,32,1,2,112,0.23678412225549134,120,480.0,,2,2,0.002361464561987924,0.6,/work3/arnaou/checkpoints/groupgat_Vc_trial_2107_best_state.pt,"{'learning_rate': 0.002361464561987924, 'lr_reduce': 0.6}",TPESampler,COMPLETE
2108,0.1705227792263031,2025-04-26 05:25:22.556041,2025-04-26 05:27:27.335557,0 days 00:02:04.779516,0.16831557278594228,64,4,2,32,0.24589498749246355,160,2,3,64,0.15309760922190346,128,2,2,96,0.19350888379411707,208,,,1,1,0.00010745411362116824,0.6,/work3/arnaou/checkpoints/groupgat_Vc_trial_2108_best_state.pt,"{'learning_rate': 0.00010745411362116824, 'lr_reduce': 0.6}",TPESampler,COMPLETE
2109,0.01744333654642105,2025-04-26 05:25:43.592306,2025-04-26 05:27:53.712080,0 days 00:02:10.119774,0.15771013593055294,256,4,4,80,0.18995673694285367,240,2,2,48,0.04161606037374958,48,1,2,96,0.27341849172168364,64,488.0,,2,2,0.006018406288154457,0.6,/work3/arnaou/checkpoints/groupgat_Vc_trial_2109_best_state.pt,"{'learning_rate': 0.006018406288154457, 'lr_reduce': 0.6}",TPESampler,COMPLETE
2110,0.013151083141565323,2025-04-26 05:25:45.540925,2025-04-26 05:27:26.929073,0 days 00:01:41.388148,0.04030777087605248,240,4,3,32,0.2352490575113862,256,1,1,64,0.13305012773692257,32,1,2,112,0.2380127289606769,200,504.0,,2,2,0.00248978012916373,0.6,/work3/arnaou/checkpoints/groupgat_Vc_trial_2110_best_state.pt,"{'learning_rate': 0.00248978012916373, 'lr_reduce': 0.6}",TPESampler,COMPLETE
2111,0.011272331699728966,2025-04-26 05:27:27.787736,2025-04-26 05:29:12.948775,0 days 00:01:45.161039,0.10978953633705715,240,4,3,48,0.13830605735822213,240,3,2,48,0.09048106236237766,48,1,3,128,0.24612852348673114,128,480.0,56.0,3,2,0.002643651506627712,0.6,/work3/arnaou/checkpoints/groupgat_Vc_trial_2111_best_state.pt,"{'learning_rate': 0.002643651506627712, 'lr_reduce': 0.6}",TPESampler,COMPLETE
2112,0.01795468106865883,2025-04-26 05:27:28.438474,2025-04-26 05:28:32.594822,0 days 00:01:04.156348,0.005337492201595937,224,2,1,64,0.009207607024338422,160,3,1,112,0.24106275468940086,80,2,3,128,0.1525659886355911,168,512.0,168.0,3,2,0.005089287066231179,0.6,/work3/arnaou/checkpoints/groupgat_Vc_trial_2112_best_state.pt,"{'learning_rate': 0.005089287066231179, 'lr_reduce': 0.6}",TPESampler,COMPLETE
2113,0.010455437935888767,2025-04-26 05:27:56.086076,2025-04-26 05:29:42.822279,0 days 00:01:46.736203,0.014449052458648543,208,4,3,48,0.24887120921425576,256,2,2,48,0.17628420478861062,80,1,2,96,0.2862035658724529,224,480.0,,2,2,0.0027365070261451915,0.6,/work3/arnaou/checkpoints/groupgat_Vc_trial_2113_best_state.pt,"{'learning_rate': 0.0027365070261451915, 'lr_reduce': 0.6}",TPESampler,COMPLETE
2114,0.012138210237026215,2025-04-26 05:28:35.519100,2025-04-26 05:30:28.192317,0 days 00:01:52.673217,0.07890042758998812,224,4,3,64,0.16701056612507453,256,2,3,48,0.19435642341527853,32,1,2,96,0.2625832818007974,144,264.0,,2,2,0.0038522235757120996,0.6,/work3/arnaou/checkpoints/groupgat_Vc_trial_2114_best_state.pt,"{'learning_rate': 0.0038522235757120996, 'lr_reduce': 0.6}",TPESampler,COMPLETE
2115,0.02235020324587822,2025-04-26 05:29:16.227932,2025-04-26 05:31:29.117600,0 days 00:02:12.889668,0.2799167546858502,96,3,1,112,0.10823890116348989,80,4,2,128,0.15176494762962608,48,1,3,128,0.2687338983436035,176,464.0,,2,2,0.0016053701794693017,0.6,/work3/arnaou/checkpoints/groupgat_Vc_trial_2115_best_state.pt,"{'learning_rate': 0.0016053701794693017, 'lr_reduce': 0.6}",TPESampler,COMPLETE
2116,0.015243959613144398,2025-04-26 05:29:45.582021,2025-04-26 05:31:35.589146,0 days 00:01:50.007125,0.0561277835358805,208,4,4,48,0.17486700660374896,256,2,2,48,0.16161706861525119,32,1,2,128,0.1684099973252702,96,472.0,,2,2,0.007133672152307386,0.6,/work3/arnaou/checkpoints/groupgat_Vc_trial_2116_best_state.pt,"{'learning_rate': 0.007133672152307386, 'lr_reduce': 0.6}",TPESampler,COMPLETE
2117,0.014093090780079365,2025-04-26 05:30:30.756321,2025-04-26 05:31:54.800395,0 days 00:01:24.044074,0.007901912961028943,256,4,4,32,0.13193150553818872,208,3,2,48,0.019848114252672078,48,1,2,112,0.2242153217221941,296,,,1,2,0.007813368987508371,0.6,/work3/arnaou/checkpoints/groupgat_Vc_trial_2117_best_state.pt,"{'learning_rate': 0.007813368987508371, 'lr_reduce': 0.6}",TPESampler,COMPLETE
2118,0.018613429740071297,2025-04-26 05:31:31.049559,2025-04-26 05:33:25.084527,0 days 00:01:54.034968,0.27727971583549127,128,2,4,80,0.004153723778046792,144,1,1,112,0.06980667670122523,128,2,2,32,0.19758976224336305,336,,,1,1,0.0001865212113986455,0.6,/work3/arnaou/checkpoints/groupgat_Vc_trial_2118_best_state.pt,"{'learning_rate': 0.0001865212113986455, 'lr_reduce': 0.6}",TPESampler,COMPLETE
2119,0.012149234302341938,2025-04-26 05:31:37.731936,2025-04-26 05:32:56.294621,0 days 00:01:18.562685,0.03525644331526275,144,4,3,112,0.03619563716683299,144,3,1,64,0.1585889827359081,80,2,3,112,0.0846933538270372,216,232.0,104.0,3,2,0.003042353578074565,0.6,/work3/arnaou/checkpoints/groupgat_Vc_trial_2119_best_state.pt,"{'learning_rate': 0.003042353578074565, 'lr_reduce': 0.6}",TPESampler,COMPLETE
2120,0.026011545211076736,2025-04-26 05:31:57.057536,2025-04-26 05:34:22.389349,0 days 00:02:25.331813,0.2844999278716086,144,4,4,64,0.15152452690714355,144,1,3,64,0.0584293452635094,96,3,2,80,0.058174976107530876,496,312.0,,2,1,0.00443724996239748,0.6,/work3/arnaou/checkpoints/groupgat_Vc_trial_2120_best_state.pt,"{'learning_rate': 0.00443724996239748, 'lr_reduce': 0.6}",TPESampler,COMPLETE
2121,0.010931504890322685,2025-04-26 05:32:58.958360,2025-04-26 05:34:45.375706,0 days 00:01:46.417346,0.016627199127992362,240,3,2,48,0.08852876146175004,208,2,2,32,0.11194314439875731,32,2,1,96,0.28446619906554665,120,456.0,,2,2,0.0031085256099554837,0.6,/work3/arnaou/checkpoints/groupgat_Vc_trial_2121_best_state.pt,"{'learning_rate': 0.0031085256099554837, 'lr_reduce': 0.6}",TPESampler,COMPLETE
2122,0.010489572770893574,2025-04-26 05:33:28.057777,2025-04-26 05:34:50.025666,0 days 00:01:21.967889,0.012793407893555861,128,4,2,80,0.07932908209238781,144,4,1,32,0.2255502497474977,80,1,3,128,0.00875341527068818,88,296.0,,2,2,0.006411604282336963,0.6,/work3/arnaou/checkpoints/groupgat_Vc_trial_2122_best_state.pt,"{'learning_rate': 0.006411604282336963, 'lr_reduce': 0.6}",TPESampler,COMPLETE
