number,value,datetime_start,datetime_complete,duration,params_L1_dropout,params_L1_hidden_dim,params_L1_layers_atom,params_L1_layers_mol,params_L1_out_dim,params_L2_dropout,params_L2_hidden_dim,params_L2_layers_atom,params_L2_layers_mol,params_L2_out_dim,params_L3_dropout,params_L3_hidden_dim,params_L3_layers_atom,params_L3_layers_mol,params_L3_out_dim,params_final_dropout,params_mlp_dim_0,params_mlp_dim_1,params_mlp_dim_2,params_n_mlp_layers,params_num_heads,params_train_learning_rate,params_train_lr_reduce,user_attrs_best_state_dict_path,user_attrs_training_params,system_attrs_auto:sampler,state
1223,0.012458090670406818,2025-04-25 22:31:26.701623,2025-04-25 22:32:31.661286,0 days 00:01:04.959663,0.110852543293549,192,2,1,32,0.05361134001907718,96,3,1,32,0.07708845382021323,80,1,4,96,0.02432539879866326,120,424.0,400.0,3,2,0.00819800504344265,0.6,/work3/arnaou/checkpoints/groupgat_Vc_trial_1223_best_state.pt,"{'learning_rate': 0.00819800504344265, 'lr_reduce': 0.6}",TPESampler,COMPLETE
1224,0.013077965006232262,2025-04-25 22:31:39.494756,2025-04-25 22:32:36.615272,0 days 00:00:57.120516,0.04042600273587159,240,1,2,48,0.015902103010050475,112,2,2,48,0.2456905923515567,112,4,4,112,0.2601801567369,344,120.0,472.0,3,2,0.004732047470483856,0.6,/work3/arnaou/checkpoints/groupgat_Vc_trial_1224_best_state.pt,"{'learning_rate': 0.004732047470483856, 'lr_reduce': 0.6}",TPESampler,COMPLETE
1225,0.014408276416361332,2025-04-25 22:31:48.554956,2025-04-25 22:32:45.722991,0 days 00:00:57.168035,0.06772906991459625,128,3,4,80,0.15615797407111887,80,3,2,32,0.2687482635828418,128,2,2,80,0.25996332350596263,80,,,1,2,0.006834045868245579,0.6,/work3/arnaou/checkpoints/groupgat_Vc_trial_1225_best_state.pt,"{'learning_rate': 0.006834045868245579, 'lr_reduce': 0.6}",TPESampler,COMPLETE
1226,0.00973205454647541,2025-04-25 22:32:31.913212,2025-04-25 22:33:41.062670,0 days 00:01:09.149458,0.11425957202669232,208,1,2,64,0.0842834231369039,128,2,1,64,0.16556133736293233,48,1,4,112,0.07290041297723393,240,384.0,,2,2,0.004028535135387122,0.6,/work3/arnaou/checkpoints/groupgat_Vc_trial_1226_best_state.pt,"{'learning_rate': 0.004028535135387122, 'lr_reduce': 0.6}",TPESampler,COMPLETE
1227,0.027488254010677338,2025-04-25 22:32:36.932561,2025-04-25 22:35:13.009047,0 days 00:02:36.076486,0.019818980455499714,112,4,2,128,0.031530013169546886,144,3,2,48,0.21077155513227602,80,2,4,96,0.1111463394564672,32,432.0,376.0,3,2,0.004536344971118702,0.6,/work3/arnaou/checkpoints/groupgat_Vc_trial_1227_best_state.pt,"{'learning_rate': 0.004536344971118702, 'lr_reduce': 0.6}",TPESampler,COMPLETE
1228,0.012309185229241848,2025-04-25 22:32:46.013728,2025-04-25 22:33:39.854473,0 days 00:00:53.840745,0.20814098690571237,128,2,1,80,0.06194252045272536,144,2,1,32,0.11786208051290566,64,1,4,112,0.06860172464459928,232,312.0,368.0,3,2,0.003285853344960695,0.6,/work3/arnaou/checkpoints/groupgat_Vc_trial_1228_best_state.pt,"{'learning_rate': 0.003285853344960695, 'lr_reduce': 0.6}",TPESampler,COMPLETE
1229,0.018628021702170372,2025-04-25 22:33:40.120129,2025-04-25 22:34:44.554373,0 days 00:01:04.434244,0.06624275622510058,144,2,2,32,0.042070288176460933,80,4,2,80,0.1759661322557775,96,1,3,128,0.049253497352828295,48,432.0,448.0,3,2,0.00783650700918166,0.6,/work3/arnaou/checkpoints/groupgat_Vc_trial_1229_best_state.pt,"{'learning_rate': 0.00783650700918166, 'lr_reduce': 0.6}",TPESampler,COMPLETE
1230,0.05633503571152687,2025-04-25 22:33:41.282050,2025-04-25 22:34:24.401635,0 days 00:00:43.119585,0.08202554885738,160,4,2,48,0.02016397722262468,64,4,2,48,0.0009639030918742152,112,1,4,112,0.0042480298135572775,64,512.0,352.0,3,2,0.0019612150767844986,0.6,/work3/arnaou/checkpoints/groupgat_Vc_trial_1230_best_state.pt,"{'learning_rate': 0.0019612150767844986, 'lr_reduce': 0.6}",TPESampler,COMPLETE
1231,0.013199126347899437,2025-04-25 22:34:24.716802,2025-04-25 22:35:33.905954,0 days 00:01:09.189152,0.13466948018766584,208,1,1,80,0.009466175573645746,144,2,1,32,0.13446292107318267,48,2,4,96,0.026284011745914444,304,384.0,328.0,3,2,0.004496573141273577,0.6,/work3/arnaou/checkpoints/groupgat_Vc_trial_1231_best_state.pt,"{'learning_rate': 0.004496573141273577, 'lr_reduce': 0.6}",TPESampler,COMPLETE
1232,0.01097122486680746,2025-04-25 22:34:44.851645,2025-04-25 22:36:09.665897,0 days 00:01:24.814252,0.07468194953877685,256,3,4,80,0.1770980467039851,176,4,2,96,0.22689073559440556,64,1,2,80,0.24140253437554618,56,440.0,392.0,3,2,0.007075058374082297,0.6,/work3/arnaou/checkpoints/groupgat_Vc_trial_1232_best_state.pt,"{'learning_rate': 0.007075058374082297, 'lr_reduce': 0.6}",TPESampler,COMPLETE
1233,0.014420049265027046,2025-04-25 22:35:13.321544,2025-04-25 22:36:19.660989,0 days 00:01:06.339445,0.0092319968840757,224,3,1,48,0.08360153328196827,96,4,1,32,0.17226971053340717,112,1,3,112,0.03038986390107198,328,448.0,200.0,3,2,0.007639476212202287,0.6,/work3/arnaou/checkpoints/groupgat_Vc_trial_1233_best_state.pt,"{'learning_rate': 0.007639476212202287, 'lr_reduce': 0.6}",TPESampler,COMPLETE
1234,0.023396722972393036,2025-04-25 22:35:34.253485,2025-04-25 22:36:44.696011,0 days 00:01:10.442526,0.00812928045796655,176,1,4,48,0.17163307863154287,160,4,1,32,0.20100005225539028,80,1,4,96,0.12081977752524187,208,,,1,2,0.008493080176782379,0.6,/work3/arnaou/checkpoints/groupgat_Vc_trial_1234_best_state.pt,"{'learning_rate': 0.008493080176782379, 'lr_reduce': 0.6}",TPESampler,COMPLETE
1235,0.019214699044823647,2025-04-25 22:36:09.992728,2025-04-25 22:37:26.730228,0 days 00:01:16.737500,0.016782019200304445,96,3,3,64,0.2384489483351346,64,2,2,48,0.28845393914636214,96,3,2,48,0.22844889367868593,232,,,1,2,0.005160622755984274,0.6,/work3/arnaou/checkpoints/groupgat_Vc_trial_1235_best_state.pt,"{'learning_rate': 0.005160622755984274, 'lr_reduce': 0.6}",TPESampler,COMPLETE
1236,0.012474441900849342,2025-04-25 22:36:19.926493,2025-04-25 22:37:39.289372,0 days 00:01:19.362879,0.03881514818404927,208,3,3,32,0.23025039725087704,240,2,3,32,0.0654996993840847,48,2,2,96,0.22251360833863806,424,352.0,344.0,3,2,0.0034823721481934385,0.6,/work3/arnaou/checkpoints/groupgat_Vc_trial_1236_best_state.pt,"{'learning_rate': 0.0034823721481934385, 'lr_reduce': 0.6}",TPESampler,COMPLETE
1237,0.014563420787453651,2025-04-25 22:36:44.988348,2025-04-25 22:38:02.742560,0 days 00:01:17.754212,0.09108501269922399,192,2,2,64,0.024840112653239776,128,3,1,48,0.21603118838255103,64,2,4,112,0.14153804948437684,136,472.0,264.0,3,2,0.00557651720165149,0.6,/work3/arnaou/checkpoints/groupgat_Vc_trial_1237_best_state.pt,"{'learning_rate': 0.00557651720165149, 'lr_reduce': 0.6}",TPESampler,COMPLETE
1238,0.02236291766166687,2025-04-25 22:37:27.026464,2025-04-25 22:38:32.178665,0 days 00:01:05.152201,0.2938529148142173,208,3,4,128,0.17386053722865172,208,4,4,80,0.17415431319823868,32,4,1,80,0.15781591333489803,424,400.0,424.0,3,1,0.004473481002643578,0.6,/work3/arnaou/checkpoints/groupgat_Vc_trial_1238_best_state.pt,"{'learning_rate': 0.004473481002643578, 'lr_reduce': 0.6}",TPESampler,COMPLETE
1239,0.012305961921811104,2025-04-25 22:37:39.527205,2025-04-25 22:38:32.421487,0 days 00:00:52.894282,0.014166213196218516,256,3,3,96,0.18877357478538961,160,2,1,96,0.2618544973003568,48,1,1,112,0.2871390424586641,200,480.0,312.0,3,2,0.002827153281651384,0.6,/work3/arnaou/checkpoints/groupgat_Vc_trial_1239_best_state.pt,"{'learning_rate': 0.002827153281651384, 'lr_reduce': 0.6}",TPESampler,COMPLETE
1240,0.010483495891094208,2025-04-25 22:38:03.048816,2025-04-25 22:39:11.401496,0 days 00:01:08.352680,0.0009303338214016396,208,4,4,64,0.07427685403543884,144,2,1,64,0.26666574995616393,32,3,3,96,0.22895509582701526,272,416.0,136.0,3,1,0.0054537917280877805,0.6,/work3/arnaou/checkpoints/groupgat_Vc_trial_1240_best_state.pt,"{'learning_rate': 0.0054537917280877805, 'lr_reduce': 0.6}",TPESampler,COMPLETE
1241,0.010892714373767376,2025-04-25 22:38:32.502743,2025-04-25 22:39:24.490710,0 days 00:00:51.987967,0.004146043480155907,192,3,3,80,0.19621196365812266,112,3,1,32,0.28170783028003904,96,1,2,80,0.2296894086326166,48,,,1,2,0.004542076863788626,0.6,/work3/arnaou/checkpoints/groupgat_Vc_trial_1241_best_state.pt,"{'learning_rate': 0.004542076863788626, 'lr_reduce': 0.6}",TPESampler,COMPLETE
1242,0.013253748416900635,2025-04-25 22:38:32.690096,2025-04-25 22:39:37.662870,0 days 00:01:04.972774,0.06348653970177755,208,3,3,112,0.015105548883789427,144,3,1,48,0.16069323868435265,64,1,2,128,0.03162100424099571,264,512.0,232.0,3,2,0.007524768993007029,0.6,/work3/arnaou/checkpoints/groupgat_Vc_trial_1242_best_state.pt,"{'learning_rate': 0.007524768993007029, 'lr_reduce': 0.6}",TPESampler,COMPLETE
1243,0.04977301508188248,2025-04-25 22:39:11.719848,2025-04-25 22:40:08.463931,0 days 00:00:56.744083,0.0038327868194197017,176,4,3,64,0.04747166510781023,144,3,1,32,0.21802806246762524,64,3,3,128,0.10897091911950302,160,440.0,376.0,3,2,0.008010719026234483,0.6,/work3/arnaou/checkpoints/groupgat_Vc_trial_1243_best_state.pt,"{'learning_rate': 0.008010719026234483, 'lr_reduce': 0.6}",TPESampler,COMPLETE
1244,0.010362299159169197,2025-04-25 22:39:24.842068,2025-04-25 22:40:22.990130,0 days 00:00:58.148062,0.023926168560346205,224,4,4,48,0.09607364614691032,256,2,4,32,0.033984313197906346,32,4,4,96,0.2958842446890863,80,208.0,,2,2,0.0016812153728768698,0.6,/work3/arnaou/checkpoints/groupgat_Vc_trial_1244_best_state.pt,"{'learning_rate': 0.0016812153728768698, 'lr_reduce': 0.6}",TPESampler,COMPLETE
1245,0.014837090857326984,2025-04-25 22:39:37.935108,2025-04-25 22:41:14.703046,0 days 00:01:36.767938,0.2682888978873986,112,2,2,112,0.08035203254064043,192,4,2,128,0.08289130437378955,80,2,2,80,0.1985111517973208,264,,,1,2,0.0006108483458760571,0.6,/work3/arnaou/checkpoints/groupgat_Vc_trial_1245_best_state.pt,"{'learning_rate': 0.0006108483458760571, 'lr_reduce': 0.6}",TPESampler,COMPLETE
1246,0.01661897823214531,2025-04-25 22:40:08.803057,2025-04-25 22:41:22.543294,0 days 00:01:13.740237,0.09660272239682202,256,4,4,80,0.02625822185504026,192,3,1,32,0.223231316734285,80,4,2,96,0.2222462262933851,200,72.0,,2,1,0.008858992625201689,0.6,/work3/arnaou/checkpoints/groupgat_Vc_trial_1246_best_state.pt,"{'learning_rate': 0.008858992625201689, 'lr_reduce': 0.6}",TPESampler,COMPLETE
1247,0.013284139335155487,2025-04-25 22:40:23.311260,2025-04-25 22:41:10.484727,0 days 00:00:47.173467,0.03925571989156075,208,4,3,80,0.1092165517976817,160,3,1,48,0.26749288683761174,32,1,2,96,0.14746807597297706,176,368.0,,2,1,0.0021174876286723728,0.6,/work3/arnaou/checkpoints/groupgat_Vc_trial_1247_best_state.pt,"{'learning_rate': 0.0021174876286723728, 'lr_reduce': 0.6}",TPESampler,COMPLETE
1248,0.014571314677596092,2025-04-25 22:41:10.841907,2025-04-25 22:42:08.678458,0 days 00:00:57.836551,0.02061100227024823,192,2,1,80,0.03975905431224668,112,2,1,48,0.1630108213760085,80,1,4,64,0.08708482748299012,320,472.0,312.0,3,2,0.0020823478416275806,0.6,/work3/arnaou/checkpoints/groupgat_Vc_trial_1248_best_state.pt,"{'learning_rate': 0.0020823478416275806, 'lr_reduce': 0.6}",TPESampler,COMPLETE
1249,0.013153097592294216,2025-04-25 22:41:15.071370,2025-04-25 22:42:25.984592,0 days 00:01:10.913222,0.0043780107925394315,240,4,3,64,0.08751948573772268,192,3,1,48,0.2415767015479048,48,2,2,80,0.29294916052287506,304,408.0,256.0,3,1,0.004665897433047825,0.6,/work3/arnaou/checkpoints/groupgat_Vc_trial_1249_best_state.pt,"{'learning_rate': 0.004665897433047825, 'lr_reduce': 0.6}",TPESampler,COMPLETE
1250,0.061279136687517166,2025-04-25 22:41:22.929663,2025-04-25 22:42:05.138589,0 days 00:00:42.208926,0.10111210477337224,240,4,1,48,0.045494306874329225,80,4,3,48,0.17823893753117812,112,1,1,80,0.024597921346156418,80,312.0,192.0,3,2,0.0011128828577953614,0.6,/work3/arnaou/checkpoints/groupgat_Vc_trial_1250_best_state.pt,"{'learning_rate': 0.0011128828577953614, 'lr_reduce': 0.6}",TPESampler,COMPLETE
1251,0.009508770890533924,2025-04-25 22:42:05.410746,2025-04-25 22:43:22.871706,0 days 00:01:17.460960,0.036667439461200185,208,4,3,96,0.09731071500591071,144,4,1,32,0.21365754937256698,48,1,2,96,0.20801998069389796,208,440.0,,2,2,0.004033476125539224,0.6,/work3/arnaou/checkpoints/groupgat_Vc_trial_1251_best_state.pt,"{'learning_rate': 0.004033476125539224, 'lr_reduce': 0.6}",TPESampler,COMPLETE
1252,0.017055420204997063,2025-04-25 22:42:09.049533,2025-04-25 22:45:30.152278,0 days 00:03:21.102745,0.033598634629398105,240,4,3,48,0.22298139504808348,240,1,2,32,0.08114055837486124,64,3,3,80,0.28000948884664173,248,376.0,,2,2,0.00942921727976465,0.6,/work3/arnaou/checkpoints/groupgat_Vc_trial_1252_best_state.pt,"{'learning_rate': 0.00942921727976465, 'lr_reduce': 0.6}",TPESampler,COMPLETE
1253,0.012872068211436272,2025-04-25 22:42:26.322509,2025-04-25 22:43:39.987640,0 days 00:01:13.665131,0.02358295984139208,192,4,3,64,0.08272682721253573,224,2,1,32,0.12180249783786787,32,3,3,112,0.19581422871298987,112,,,1,2,0.007492599679794142,0.6,/work3/arnaou/checkpoints/groupgat_Vc_trial_1253_best_state.pt,"{'learning_rate': 0.007492599679794142, 'lr_reduce': 0.6}",TPESampler,COMPLETE
1254,0.010750416666269302,2025-04-25 22:43:23.228111,2025-04-25 22:44:32.033181,0 days 00:01:08.805070,0.033158587310202534,224,3,4,48,0.083797085503963,224,1,2,48,0.23603236793237634,48,1,1,32,0.21173522325556865,136,472.0,368.0,3,2,0.003204018567378334,0.6,/work3/arnaou/checkpoints/groupgat_Vc_trial_1254_best_state.pt,"{'learning_rate': 0.003204018567378334, 'lr_reduce': 0.6}",TPESampler,COMPLETE
1255,0.01610657200217247,2025-04-25 22:43:40.294993,2025-04-25 22:44:33.354727,0 days 00:00:53.059734,0.01954418464770826,256,4,3,32,0.12104112223474622,64,4,3,32,0.20826017486422427,112,1,2,128,0.12006359074238418,112,432.0,288.0,3,2,0.00239019923888395,0.6,/work3/arnaou/checkpoints/groupgat_Vc_trial_1255_best_state.pt,"{'learning_rate': 0.00239019923888395, 'lr_reduce': 0.6}",TPESampler,COMPLETE
1256,0.014272390864789486,2025-04-25 22:44:32.351040,2025-04-25 22:45:42.870364,0 days 00:01:10.519324,0.1246184415799376,192,1,1,48,0.031242655868714032,96,3,1,48,0.12480858587700015,48,1,4,80,0.07947167712000273,224,512.0,72.0,3,2,0.009597454347277986,0.6,/work3/arnaou/checkpoints/groupgat_Vc_trial_1256_best_state.pt,"{'learning_rate': 0.009597454347277986, 'lr_reduce': 0.6}",TPESampler,COMPLETE
1257,1.1915168762207031,2025-04-25 22:44:33.673809,2025-04-25 22:44:52.129845,0 days 00:00:18.456036,0.0043766760438387065,160,4,4,64,0.08544809018084193,176,4,4,80,0.25222233512162134,32,2,4,112,0.16229499555424795,184,,,1,1,0.004923565653289099,0.6,/work3/arnaou/checkpoints/groupgat_Vc_trial_1257_best_state.pt,"{'learning_rate': 0.004923565653289099, 'lr_reduce': 0.6}",TPESampler,COMPLETE
1258,0.01428979355841875,2025-04-25 22:44:52.454243,2025-04-25 22:45:42.544637,0 days 00:00:50.090394,0.053248639118073884,240,3,3,64,0.14747277763875133,240,3,2,32,0.10433206548689408,32,1,2,64,0.29576951364368304,312,400.0,408.0,3,1,0.002616938365244522,0.6,/work3/arnaou/checkpoints/groupgat_Vc_trial_1258_best_state.pt,"{'learning_rate': 0.002616938365244522, 'lr_reduce': 0.6}",TPESampler,COMPLETE
1259,0.011363742873072624,2025-04-25 22:45:30.518137,2025-04-25 22:46:41.239573,0 days 00:01:10.721436,0.07603325792725102,176,4,2,32,0.002664288197577222,144,3,1,64,0.12691717014649018,96,1,4,112,0.03810904846616177,48,464.0,328.0,3,2,0.00168020666791105,0.6,/work3/arnaou/checkpoints/groupgat_Vc_trial_1259_best_state.pt,"{'learning_rate': 0.00168020666791105, 'lr_reduce': 0.6}",TPESampler,COMPLETE
1260,0.016007792204618454,2025-04-25 22:45:42.826091,2025-04-25 22:46:49.313297,0 days 00:01:06.487206,0.14825499171031709,160,2,1,32,0.05709770067999602,96,3,2,48,0.2601514123127968,64,1,4,96,0.04111258073243923,336,352.0,240.0,3,2,0.006934283523272325,0.6,/work3/arnaou/checkpoints/groupgat_Vc_trial_1260_best_state.pt,"{'learning_rate': 0.006934283523272325, 'lr_reduce': 0.6}",TPESampler,COMPLETE
1261,0.00975548941642046,2025-04-25 22:45:43.074681,2025-04-25 22:47:20.283499,0 days 00:01:37.208818,0.0774296389223069,256,2,4,80,0.10058553066284551,80,2,1,32,0.26361688230594277,64,1,4,64,0.2525444031818695,152,,,1,2,0.004049598599679205,0.6,/work3/arnaou/checkpoints/groupgat_Vc_trial_1261_best_state.pt,"{'learning_rate': 0.004049598599679205, 'lr_reduce': 0.6}",TPESampler,COMPLETE
1262,0.013228926807641983,2025-04-25 22:46:41.536227,2025-04-25 22:47:40.503639,0 days 00:00:58.967412,0.11100545666038998,208,2,1,48,0.012104065535826138,96,3,1,32,0.16222097845194633,48,2,3,128,0.0933458020053852,216,432.0,160.0,3,1,0.008225285386370358,0.6,/work3/arnaou/checkpoints/groupgat_Vc_trial_1262_best_state.pt,"{'learning_rate': 0.008225285386370358, 'lr_reduce': 0.6}",TPESampler,COMPLETE
1263,0.03719508647918701,2025-04-25 22:46:49.708909,2025-04-25 22:48:06.314994,0 days 00:01:16.606085,0.21078526136529813,144,4,3,64,0.047577861177557315,192,4,1,64,0.2764928401398084,48,2,4,112,0.23237814731730508,192,472.0,,2,1,0.008092943269561375,0.6,/work3/arnaou/checkpoints/groupgat_Vc_trial_1263_best_state.pt,"{'learning_rate': 0.008092943269561375, 'lr_reduce': 0.6}",TPESampler,COMPLETE
1264,0.1038806363940239,2025-04-25 22:47:20.673599,2025-04-25 22:49:30.520699,0 days 00:02:09.847100,0.17226164055933968,208,2,3,64,0.29219677398773264,160,3,4,96,0.06644027118468372,112,2,3,112,0.24336421942703296,72,,,1,2,0.00019310820017452417,0.6,/work3/arnaou/checkpoints/groupgat_Vc_trial_1264_best_state.pt,"{'learning_rate': 0.00019310820017452417, 'lr_reduce': 0.6}",TPESampler,COMPLETE
1265,0.01250865962356329,2025-04-25 22:47:40.776937,2025-04-25 22:49:16.387268,0 days 00:01:35.610331,0.04022867756555734,224,4,4,64,0.0444217939474845,208,1,2,32,0.08599144352717832,48,2,3,112,0.2664176423744833,112,400.0,,2,2,0.0016110523409887895,0.6,/work3/arnaou/checkpoints/groupgat_Vc_trial_1265_best_state.pt,"{'learning_rate': 0.0016110523409887895, 'lr_reduce': 0.6}",TPESampler,COMPLETE
1266,0.009746013209223747,2025-04-25 22:48:06.643309,2025-04-25 22:49:14.213146,0 days 00:01:07.569837,0.018853303011923,128,4,2,64,0.14107053789132182,144,4,3,96,0.10235374830775276,48,1,3,80,0.19072837995753034,72,512.0,,2,1,0.00948582393032282,0.6,/work3/arnaou/checkpoints/groupgat_Vc_trial_1266_best_state.pt,"{'learning_rate': 0.00948582393032282, 'lr_reduce': 0.6}",TPESampler,COMPLETE
1267,0.0162535198032856,2025-04-25 22:49:14.491019,2025-04-25 22:50:21.778866,0 days 00:01:07.287847,0.023942765655911614,192,4,2,32,0.05266101814986239,80,4,1,32,0.21932230452003462,96,1,2,128,0.04051603092120751,56,440.0,,2,2,0.004050620680032527,0.6,/work3/arnaou/checkpoints/groupgat_Vc_trial_1267_best_state.pt,"{'learning_rate': 0.004050620680032527, 'lr_reduce': 0.6}",TPESampler,COMPLETE
1268,0.0182793028652668,2025-04-25 22:49:16.707503,2025-04-25 22:50:39.291414,0 days 00:01:22.583911,0.014044371448964556,224,3,4,64,0.12463649056640388,240,2,2,48,0.14710010022623515,32,3,3,96,0.28346988504942666,120,376.0,,2,2,0.006833495289387226,0.6,/work3/arnaou/checkpoints/groupgat_Vc_trial_1268_best_state.pt,"{'learning_rate': 0.006833495289387226, 'lr_reduce': 0.6}",TPESampler,COMPLETE
1269,0.010518716648221016,2025-04-25 22:49:30.810544,2025-04-25 22:50:42.266249,0 days 00:01:11.455705,0.04030289238005552,208,4,2,80,0.16871225375758372,112,4,1,48,0.2141429557436933,32,1,2,64,0.22446573655340943,224,136.0,368.0,3,2,0.0024387704359500376,0.6,/work3/arnaou/checkpoints/groupgat_Vc_trial_1269_best_state.pt,"{'learning_rate': 0.0024387704359500376, 'lr_reduce': 0.6}",TPESampler,COMPLETE
1270,0.01239050179719925,2025-04-25 22:50:22.061196,2025-04-25 22:51:38.804712,0 days 00:01:16.743516,0.07934495687510779,256,4,2,32,0.1824051566858506,256,2,4,48,0.09546771803006569,32,3,1,96,0.19772781705816983,304,472.0,448.0,3,1,0.005134465138639344,0.6,/work3/arnaou/checkpoints/groupgat_Vc_trial_1270_best_state.pt,"{'learning_rate': 0.005134465138639344, 'lr_reduce': 0.6}",TPESampler,COMPLETE
1271,0.010703908279538155,2025-04-25 22:50:39.621276,2025-04-25 22:51:49.819553,0 days 00:01:10.198277,0.16450952086459558,176,3,2,48,0.09064795035269528,128,4,1,48,0.18287441763847942,80,1,4,128,0.03668564383050193,224,408.0,280.0,3,2,0.005309712183649791,0.6,/work3/arnaou/checkpoints/groupgat_Vc_trial_1271_best_state.pt,"{'learning_rate': 0.005309712183649791, 'lr_reduce': 0.6}",TPESampler,COMPLETE
1272,0.013238542713224888,2025-04-25 22:50:42.574584,2025-04-25 22:51:30.333606,0 days 00:00:47.759022,0.04323935259894979,208,3,3,48,0.10191028183414455,80,3,2,32,0.19700761657934246,128,1,3,64,0.19514323009723258,40,440.0,,2,2,0.0028569565982040383,0.6,/work3/arnaou/checkpoints/groupgat_Vc_trial_1272_best_state.pt,"{'learning_rate': 0.0028569565982040383, 'lr_reduce': 0.6}",TPESampler,COMPLETE
1273,0.010992977768182755,2025-04-25 22:51:30.675768,2025-04-25 22:52:41.246022,0 days 00:01:10.570254,0.0021896381212466887,144,4,3,32,0.1585256878698371,96,4,1,80,0.1577586958426345,32,1,4,96,0.1590379611772934,56,320.0,,2,2,0.007369160414920882,0.6,/work3/arnaou/checkpoints/groupgat_Vc_trial_1273_best_state.pt,"{'learning_rate': 0.007369160414920882, 'lr_reduce': 0.6}",TPESampler,COMPLETE
1274,0.01149121392518282,2025-04-25 22:51:39.065489,2025-04-25 22:53:06.207100,0 days 00:01:27.141611,0.04230885247573092,240,2,4,80,0.19282544359854248,128,4,1,64,0.2735984586686109,48,2,3,128,0.15845174772671328,88,480.0,336.0,3,2,0.006262884651356679,0.6,/work3/arnaou/checkpoints/groupgat_Vc_trial_1274_best_state.pt,"{'learning_rate': 0.006262884651356679, 'lr_reduce': 0.6}",TPESampler,COMPLETE
1275,0.012705419212579727,2025-04-25 22:51:50.173308,2025-04-25 22:52:55.140987,0 days 00:01:04.967679,0.06331736343118038,192,2,1,32,0.060097180839310316,144,3,1,32,0.15077241520948045,48,2,4,112,0.08767828174958167,288,408.0,208.0,3,2,0.00529541451505282,0.6,/work3/arnaou/checkpoints/groupgat_Vc_trial_1275_best_state.pt,"{'learning_rate': 0.00529541451505282, 'lr_reduce': 0.6}",TPESampler,COMPLETE
