number,value,datetime_start,datetime_complete,duration,params_L1_dropout,params_L1_hidden_dim,params_L1_layers_atom,params_L1_layers_mol,params_L1_out_dim,params_L2_dropout,params_L2_hidden_dim,params_L2_layers_atom,params_L2_layers_mol,params_L2_out_dim,params_L3_dropout,params_L3_hidden_dim,params_L3_layers_atom,params_L3_layers_mol,params_L3_out_dim,params_final_dropout,params_mlp_dim_0,params_mlp_dim_1,params_mlp_dim_2,params_n_mlp_layers,params_num_heads,params_train_learning_rate,params_train_lr_reduce,user_attrs_best_state_dict_path,user_attrs_training_params,system_attrs_auto:sampler,state
1858,0.009103805758059025,2025-04-26 02:59:55.188650,2025-04-26 03:00:48.595602,0 days 00:00:53.406952,0.17929167231119775,160,1,4,96,0.19753665858514652,96,2,4,80,0.24222610472920159,80,1,4,64,0.04497903750159893,472,440.0,248.0,3,2,0.00291921359815073,0.6,/work3/arnaou/checkpoints/groupgat_Vc_trial_1858_best_state.pt,"{'learning_rate': 0.00291921359815073, 'lr_reduce': 0.6}",TPESampler,COMPLETE
1859,0.01216037105768919,2025-04-26 03:00:42.824805,2025-04-26 03:02:24.439690,0 days 00:01:41.614885,0.027293633135916207,144,3,4,112,0.06980268154008348,128,2,1,64,0.01841215346589975,80,1,4,80,0.19748170500540813,216,,,1,1,0.00019639085954753537,0.6,/work3/arnaou/checkpoints/groupgat_Vc_trial_1859_best_state.pt,"{'learning_rate': 0.00019639085954753537, 'lr_reduce': 0.6}",TPESampler,COMPLETE
1860,0.010772078298032284,2025-04-26 03:00:46.393811,2025-04-26 03:02:14.921075,0 days 00:01:28.527264,0.11150195087119157,256,3,1,48,0.06828300662659612,80,4,2,64,0.24017713532706694,32,2,2,128,0.08130277382939655,192,168.0,152.0,3,2,0.0034396692555927083,0.6,/work3/arnaou/checkpoints/groupgat_Vc_trial_1860_best_state.pt,"{'learning_rate': 0.0034396692555927083, 'lr_reduce': 0.6}",TPESampler,COMPLETE
1861,0.011032606475055218,2025-04-26 03:00:48.908015,2025-04-26 03:01:59.501096,0 days 00:01:10.593081,0.02119342252345347,144,4,1,112,0.11686415783105128,192,2,2,64,0.17496221540322687,80,2,2,128,0.07911063331888277,32,352.0,,2,2,0.0035329520193415087,0.6,/work3/arnaou/checkpoints/groupgat_Vc_trial_1861_best_state.pt,"{'learning_rate': 0.0035329520193415087, 'lr_reduce': 0.6}",TPESampler,COMPLETE
1862,0.023680048063397408,2025-04-26 03:01:59.855398,2025-04-26 03:03:22.671843,0 days 00:01:22.816445,0.05898944142056027,240,2,2,32,0.21440020668280443,192,1,4,48,0.22935472217538952,48,2,2,112,0.2819199873924619,344,400.0,,2,1,0.007300578753137533,0.6,/work3/arnaou/checkpoints/groupgat_Vc_trial_1862_best_state.pt,"{'learning_rate': 0.007300578753137533, 'lr_reduce': 0.6}",TPESampler,COMPLETE
1863,0.011372992768883705,2025-04-26 03:02:15.264747,2025-04-26 03:03:19.743170,0 days 00:01:04.478423,0.10612062858638129,176,3,4,80,0.09980444394194331,64,3,3,32,0.17510132252596272,80,1,3,64,0.29188541405086516,232,56.0,,2,2,0.005010890274894495,0.6,/work3/arnaou/checkpoints/groupgat_Vc_trial_1863_best_state.pt,"{'learning_rate': 0.005010890274894495, 'lr_reduce': 0.6}",TPESampler,COMPLETE
1864,0.029782578349113464,2025-04-26 03:02:24.739435,2025-04-26 03:04:02.269829,0 days 00:01:37.530394,0.14017848799639906,224,2,2,48,0.0827774285155473,80,2,1,128,0.263714880866647,128,4,4,48,0.17005382167581498,360,248.0,,2,1,0.00015518960919888995,0.6,/work3/arnaou/checkpoints/groupgat_Vc_trial_1864_best_state.pt,"{'learning_rate': 0.00015518960919888995, 'lr_reduce': 0.6}",TPESampler,COMPLETE
1865,0.012359119020402431,2025-04-26 03:03:20.082290,2025-04-26 03:06:02.954183,0 days 00:02:42.871893,0.13196455237210117,128,1,2,64,0.18674423128179382,128,1,1,48,0.25004491274316676,80,4,2,48,0.23336831721366486,80,,,1,2,0.0003180657852905975,0.6,/work3/arnaou/checkpoints/groupgat_Vc_trial_1865_best_state.pt,"{'learning_rate': 0.0003180657852905975, 'lr_reduce': 0.6}",TPESampler,COMPLETE
1866,0.013077747076749802,2025-04-26 03:03:23.155058,2025-04-26 03:04:14.890540,0 days 00:00:51.735482,0.09573211659612638,208,4,4,64,0.054038523259623945,176,2,3,32,0.04685737139481601,64,2,4,96,0.27397765248273437,264,120.0,432.0,3,2,0.0023665611873928405,0.6,/work3/arnaou/checkpoints/groupgat_Vc_trial_1866_best_state.pt,"{'learning_rate': 0.0023665611873928405, 'lr_reduce': 0.6}",TPESampler,COMPLETE
1867,0.010903049260377884,2025-04-26 03:04:02.552396,2025-04-26 03:04:42.399755,0 days 00:00:39.847359,0.08640596078518639,160,4,1,128,0.0822035728462175,192,3,1,32,0.2096483391938542,96,2,3,128,0.14593410131708187,56,296.0,320.0,3,1,0.0029743390446198333,0.6,/work3/arnaou/checkpoints/groupgat_Vc_trial_1867_best_state.pt,"{'learning_rate': 0.0029743390446198333, 'lr_reduce': 0.6}",TPESampler,COMPLETE
1868,0.07705210894346237,2025-04-26 03:04:15.220729,2025-04-26 03:04:55.500190,0 days 00:00:40.279461,0.036997479669288055,208,3,4,96,0.037515673442546395,64,4,3,64,0.20780664456304862,96,2,3,64,0.18878283879448554,184,448.0,,2,2,0.002365978042865606,0.6,/work3/arnaou/checkpoints/groupgat_Vc_trial_1868_best_state.pt,"{'learning_rate': 0.002365978042865606, 'lr_reduce': 0.6}",TPESampler,COMPLETE
1869,0.013238074257969856,2025-04-26 03:04:42.691704,2025-04-26 03:05:54.534301,0 days 00:01:11.842597,0.20704167234688914,192,2,1,80,0.04482794376521395,96,3,1,32,0.12652087743775065,96,1,4,80,0.10105056704752857,208,392.0,256.0,3,2,0.005944318437238129,0.6,/work3/arnaou/checkpoints/groupgat_Vc_trial_1869_best_state.pt,"{'learning_rate': 0.005944318437238129, 'lr_reduce': 0.6}",TPESampler,COMPLETE
1870,0.019087355583906174,2025-04-26 03:04:55.792403,2025-04-26 03:07:00.436420,0 days 00:02:04.644017,0.01770855264872717,80,3,2,80,0.16137769411764782,240,2,4,48,0.27916325021825,128,2,4,48,0.08457138119328766,120,344.0,200.0,3,2,0.00026341656991406726,0.6,/work3/arnaou/checkpoints/groupgat_Vc_trial_1870_best_state.pt,"{'learning_rate': 0.00026341656991406726, 'lr_reduce': 0.6}",TPESampler,COMPLETE
1871,0.00922162551432848,2025-04-26 03:05:54.874498,2025-04-26 03:07:22.163039,0 days 00:01:27.288541,0.013875444312543023,64,4,4,80,0.021466922235469928,128,3,1,112,0.18943166419007493,32,2,3,80,0.14408285247355274,184,440.0,,2,2,0.00870082610885028,0.6,/work3/arnaou/checkpoints/groupgat_Vc_trial_1871_best_state.pt,"{'learning_rate': 0.00870082610885028, 'lr_reduce': 0.6}",TPESampler,COMPLETE
1872,0.04302186518907547,2025-04-26 03:06:03.775474,2025-04-26 03:07:26.105389,0 days 00:01:22.329915,0.24656203285716893,240,1,3,64,0.25493980516788173,128,2,3,112,0.2285202709629025,80,1,1,80,0.1359174207408308,120,400.0,296.0,3,1,0.000206280352862496,0.6,/work3/arnaou/checkpoints/groupgat_Vc_trial_1872_best_state.pt,"{'learning_rate': 0.000206280352862496, 'lr_reduce': 0.6}",TPESampler,COMPLETE
1873,0.012391443364322186,2025-04-26 03:07:00.870335,2025-04-26 03:08:51.703757,0 days 00:01:50.833422,0.003514770550271124,192,3,3,96,0.07979499783015026,160,4,1,32,0.13255174533925582,32,1,2,96,0.2900989234211668,264,448.0,376.0,3,2,0.001344178071705819,0.6,/work3/arnaou/checkpoints/groupgat_Vc_trial_1873_best_state.pt,"{'learning_rate': 0.001344178071705819, 'lr_reduce': 0.6}",TPESampler,COMPLETE
1874,0.11095994710922241,2025-04-26 03:07:22.542726,2025-04-26 03:09:07.657831,0 days 00:01:45.115105,0.12938475024468377,64,3,3,80,0.1629850257077666,240,3,3,128,0.24507732871168575,96,1,1,64,0.16109243010930602,240,312.0,,2,2,0.00010332052561456064,0.6,/work3/arnaou/checkpoints/groupgat_Vc_trial_1874_best_state.pt,"{'learning_rate': 0.00010332052561456064, 'lr_reduce': 0.6}",TPESampler,COMPLETE
1875,0.13713380694389343,2025-04-26 03:07:26.632203,2025-04-26 03:08:58.160847,0 days 00:01:31.528644,0.02171085835976313,192,4,2,48,0.005647632743469378,144,4,3,48,0.17636250071390328,96,1,2,128,0.054481417799734755,32,368.0,224.0,3,2,0.007417579253339076,0.6,/work3/arnaou/checkpoints/groupgat_Vc_trial_1875_best_state.pt,"{'learning_rate': 0.007417579253339076, 'lr_reduce': 0.6}",TPESampler,COMPLETE
1876,0.025722593069076538,2025-04-26 03:08:52.071014,2025-04-26 03:10:53.497194,0 days 00:02:01.426180,0.022245776204714206,240,4,3,80,0.09547464133863724,256,2,2,32,0.09797970339224488,32,3,2,96,0.28587424158736147,128,,,1,2,0.005845687021052206,0.6,/work3/arnaou/checkpoints/groupgat_Vc_trial_1876_best_state.pt,"{'learning_rate': 0.005845687021052206, 'lr_reduce': 0.6}",TPESampler,COMPLETE
1877,0.030937572941184044,2025-04-26 03:08:58.508770,2025-04-26 03:09:39.494432,0 days 00:00:40.985662,0.10284879135491115,160,2,2,64,0.046914055183390355,96,3,1,32,0.13824195800329087,64,1,4,96,0.07323353055279269,280,256.0,128.0,3,2,0.002143489048147324,0.6,/work3/arnaou/checkpoints/groupgat_Vc_trial_1877_best_state.pt,"{'learning_rate': 0.002143489048147324, 'lr_reduce': 0.6}",TPESampler,COMPLETE
1878,0.013998270966112614,2025-04-26 03:09:08.077310,2025-04-26 03:10:40.110075,0 days 00:01:32.032765,0.0028880518430923,224,4,4,80,0.11647119017080834,80,4,2,48,0.2653376915620348,112,1,2,32,0.289584591911588,184,416.0,336.0,3,2,0.005466336741541319,0.6,/work3/arnaou/checkpoints/groupgat_Vc_trial_1878_best_state.pt,"{'learning_rate': 0.005466336741541319, 'lr_reduce': 0.6}",TPESampler,COMPLETE
1879,0.01790464110672474,2025-04-26 03:09:39.784985,2025-04-26 03:11:11.017140,0 days 00:01:31.232155,0.10770677325702693,128,1,3,112,0.18180650102068988,208,3,2,112,0.02900933269345292,48,3,4,32,0.09378126767961911,256,448.0,,2,2,0.008776069045631147,0.6,/work3/arnaou/checkpoints/groupgat_Vc_trial_1879_best_state.pt,"{'learning_rate': 0.008776069045631147, 'lr_reduce': 0.6}",TPESampler,COMPLETE
1880,0.013845093548297882,2025-04-26 03:10:40.484081,2025-04-26 03:11:30.567405,0 days 00:00:50.083324,0.022208552912269062,176,4,4,96,0.08619468250348608,96,2,3,32,0.29267763259212426,64,1,2,80,0.1612798879805827,168,376.0,,2,2,0.002764073071327645,0.6,/work3/arnaou/checkpoints/groupgat_Vc_trial_1880_best_state.pt,"{'learning_rate': 0.002764073071327645, 'lr_reduce': 0.6}",TPESampler,COMPLETE
1881,0.012308533303439617,2025-04-26 03:10:53.799059,2025-04-26 03:11:52.911715,0 days 00:00:59.112656,0.09310894127192372,240,4,4,64,0.02008846310463945,240,3,2,48,0.07128027574377363,48,1,2,80,0.268967358549681,256,312.0,,2,2,0.0022678336631685525,0.6,/work3/arnaou/checkpoints/groupgat_Vc_trial_1881_best_state.pt,"{'learning_rate': 0.0022678336631685525, 'lr_reduce': 0.6}",TPESampler,COMPLETE
1882,0.012773502618074417,2025-04-26 03:11:11.382320,2025-04-26 03:12:21.067244,0 days 00:01:09.684924,0.03596129369453781,128,4,3,80,0.03402425173392269,112,4,1,96,0.2141168425605289,32,2,4,96,0.2640099330213876,56,184.0,,2,2,0.0073659159445126875,0.6,/work3/arnaou/checkpoints/groupgat_Vc_trial_1882_best_state.pt,"{'learning_rate': 0.0073659159445126875, 'lr_reduce': 0.6}",TPESampler,COMPLETE
1883,0.01351720280945301,2025-04-26 03:11:30.889999,2025-04-26 03:12:40.604375,0 days 00:01:09.714376,0.10308124666286288,160,1,2,80,0.15935327100963861,64,2,1,112,0.18422164819649894,32,3,3,128,0.10114485007641873,280,400.0,280.0,3,2,0.0064609907450906,0.6,/work3/arnaou/checkpoints/groupgat_Vc_trial_1883_best_state.pt,"{'learning_rate': 0.0064609907450906, 'lr_reduce': 0.6}",TPESampler,COMPLETE
1884,0.012358666397631168,2025-04-26 03:11:53.373165,2025-04-26 03:12:44.788751,0 days 00:00:51.415586,0.0009625224584581225,192,3,3,48,0.08740515489283941,64,4,1,32,0.28698095852249766,96,1,4,64,0.24881809989403003,192,440.0,,2,2,0.003149261876874107,0.6,/work3/arnaou/checkpoints/groupgat_Vc_trial_1884_best_state.pt,"{'learning_rate': 0.003149261876874107, 'lr_reduce': 0.6}",TPESampler,COMPLETE
1885,1.7880111932754517,2025-04-26 03:12:21.431607,2025-04-26 03:12:40.715361,0 days 00:00:19.283754,0.24620378648818764,64,2,2,32,0.19351741898200628,80,3,3,48,0.25678306667241924,128,1,4,32,0.2185297442820446,144,368.0,160.0,3,1,0.00013513928114101682,0.6,/work3/arnaou/checkpoints/groupgat_Vc_trial_1885_best_state.pt,"{'learning_rate': 0.00013513928114101682, 'lr_reduce': 0.6}",TPESampler,COMPLETE
1886,0.014298823662102222,2025-04-26 03:12:40.795913,2025-04-26 03:14:43.651108,0 days 00:02:02.855195,0.10479493172248616,256,4,3,48,0.02747677336328313,80,4,3,32,0.14395489330140127,48,2,1,96,0.16583512160023162,352,336.0,232.0,3,2,0.0057169785622600685,0.6,/work3/arnaou/checkpoints/groupgat_Vc_trial_1886_best_state.pt,"{'learning_rate': 0.0057169785622600685, 'lr_reduce': 0.6}",TPESampler,COMPLETE
1887,0.06634833663702011,2025-04-26 03:12:40.880874,2025-04-26 03:13:23.587663,0 days 00:00:42.706789,0.03829540445933344,256,3,3,32,0.10870083675730974,160,4,1,32,0.2586229781264311,32,1,3,80,0.2566614557191773,296,264.0,384.0,3,2,0.0010955692870019075,0.6,/work3/arnaou/checkpoints/groupgat_Vc_trial_1887_best_state.pt,"{'learning_rate': 0.0010955692870019075, 'lr_reduce': 0.6}",TPESampler,COMPLETE
1888,0.015073563903570175,2025-04-26 03:12:45.266712,2025-04-26 03:13:52.140185,0 days 00:01:06.873473,0.011944654547881031,208,4,1,64,0.056386040458079364,80,2,1,32,0.08356308350912649,64,1,4,128,0.19364178383635772,248,448.0,304.0,3,2,0.003793337735911211,0.6,/work3/arnaou/checkpoints/groupgat_Vc_trial_1888_best_state.pt,"{'learning_rate': 0.003793337735911211, 'lr_reduce': 0.6}",TPESampler,COMPLETE
1889,0.011729080229997635,2025-04-26 03:13:23.883083,2025-04-26 03:15:49.266880,0 days 00:02:25.383797,0.0100194892166128,208,2,3,64,0.05932967514403669,128,3,2,128,0.16849525601006818,64,2,2,128,0.15782472302402467,352,88.0,344.0,3,2,0.00566372604472102,0.6,/work3/arnaou/checkpoints/groupgat_Vc_trial_1889_best_state.pt,"{'learning_rate': 0.00566372604472102, 'lr_reduce': 0.6}",TPESampler,COMPLETE
1890,0.011658411473035812,2025-04-26 03:13:52.438435,2025-04-26 03:15:31.227082,0 days 00:01:38.788647,0.008115074156194849,256,4,4,32,0.0904798502226601,160,3,1,32,0.28096858003738523,32,3,3,128,0.18673570812011372,256,400.0,192.0,3,1,0.00764024205899861,0.6,/work3/arnaou/checkpoints/groupgat_Vc_trial_1890_best_state.pt,"{'learning_rate': 0.00764024205899861, 'lr_reduce': 0.6}",TPESampler,COMPLETE
1891,0.0250234417617321,2025-04-26 03:14:44.292116,2025-04-26 03:16:07.447680,0 days 00:01:23.155564,0.193016019191852,64,3,1,48,0.12712711658056744,160,1,3,32,0.02569825646437779,112,4,2,96,0.11017116488032216,128,456.0,272.0,3,1,0.0008722717085081472,0.6,/work3/arnaou/checkpoints/groupgat_Vc_trial_1891_best_state.pt,"{'learning_rate': 0.0008722717085081472, 'lr_reduce': 0.6}",TPESampler,COMPLETE
1892,0.013758617453277111,2025-04-26 03:15:31.548695,2025-04-26 03:16:20.067139,0 days 00:00:48.518444,0.08280281907300135,256,4,4,32,0.04807792334735346,192,3,1,32,0.18735593774086268,32,3,1,112,0.2972463836229187,216,408.0,424.0,3,1,0.004150689235529595,0.6,/work3/arnaou/checkpoints/groupgat_Vc_trial_1892_best_state.pt,"{'learning_rate': 0.004150689235529595, 'lr_reduce': 0.6}",TPESampler,COMPLETE
1893,0.013101205229759216,2025-04-26 03:15:49.671100,2025-04-26 03:17:12.040604,0 days 00:01:22.369504,0.035239434238141076,208,3,2,48,0.014395561048011646,64,4,2,32,0.1931637122966196,96,1,2,112,0.048814696021609295,248,208.0,224.0,3,2,0.006874480354201025,0.6,/work3/arnaou/checkpoints/groupgat_Vc_trial_1893_best_state.pt,"{'learning_rate': 0.006874480354201025, 'lr_reduce': 0.6}",TPESampler,COMPLETE
1894,0.01674664579331875,2025-04-26 03:16:08.016823,2025-04-26 03:17:13.893896,0 days 00:01:05.877073,0.11845200986863755,192,2,1,32,0.005029443582389097,128,2,1,32,0.08712628911140108,64,1,4,112,0.06287281108373913,304,336.0,112.0,3,2,0.008950958295885431,0.6,/work3/arnaou/checkpoints/groupgat_Vc_trial_1894_best_state.pt,"{'learning_rate': 0.008950958295885431, 'lr_reduce': 0.6}",TPESampler,COMPLETE
1895,0.01364203728735447,2025-04-26 03:16:20.575407,2025-04-26 03:17:50.761597,0 days 00:01:30.186190,0.03660654876523972,240,4,4,64,0.11048695342728608,208,2,3,96,0.0314769224428217,80,3,2,80,0.09186432572015019,392,,,1,1,0.005749874809211867,0.6,/work3/arnaou/checkpoints/groupgat_Vc_trial_1895_best_state.pt,"{'learning_rate': 0.005749874809211867, 'lr_reduce': 0.6}",TPESampler,COMPLETE
1896,0.017369059845805168,2025-04-26 03:17:12.506956,2025-04-26 03:19:07.724648,0 days 00:01:55.217692,0.23888864437645502,144,4,4,80,0.005726469620620456,224,3,4,32,0.11878065635803205,128,2,1,128,0.28171845621111735,208,288.0,,2,2,0.0009376212324346372,0.6,/work3/arnaou/checkpoints/groupgat_Vc_trial_1896_best_state.pt,"{'learning_rate': 0.0009376212324346372, 'lr_reduce': 0.6}",TPESampler,COMPLETE
1897,0.012120752595365047,2025-04-26 03:17:14.412258,2025-04-26 03:18:46.875693,0 days 00:01:32.463435,0.01339421755135396,256,4,4,80,0.16156311414486751,240,1,2,32,0.19242606086763514,48,3,3,96,0.29262865904267205,104,368.0,,2,2,0.001199582526849495,0.6,/work3/arnaou/checkpoints/groupgat_Vc_trial_1897_best_state.pt,"{'learning_rate': 0.001199582526849495, 'lr_reduce': 0.6}",TPESampler,COMPLETE
1898,0.012498819269239902,2025-04-26 03:17:51.429096,2025-04-26 03:19:02.088535,0 days 00:01:10.659439,0.0041871312272223245,192,4,4,112,0.03552924414621102,256,1,3,32,0.03611268767569423,96,1,4,64,0.172579404121407,160,448.0,,2,2,0.002732571100509691,0.6,/work3/arnaou/checkpoints/groupgat_Vc_trial_1898_best_state.pt,"{'learning_rate': 0.002732571100509691, 'lr_reduce': 0.6}",TPESampler,COMPLETE
1899,0.011522510088980198,2025-04-26 03:18:47.443247,2025-04-26 03:20:05.770489,0 days 00:01:18.327242,0.07859657378975259,64,3,3,64,0.04781233945197382,112,4,1,112,0.29461155670130423,32,1,4,80,0.23887134319696582,96,400.0,320.0,3,2,0.008351126998800546,0.6,/work3/arnaou/checkpoints/groupgat_Vc_trial_1899_best_state.pt,"{'learning_rate': 0.008351126998800546, 'lr_reduce': 0.6}",TPESampler,COMPLETE
1900,0.02194109931588173,2025-04-26 03:19:02.688606,2025-04-26 03:20:34.970120,0 days 00:01:32.281514,0.2303661214967564,224,4,1,96,0.056227949934257074,96,4,1,112,0.04494343411612835,48,4,3,96,0.020395448855764164,208,232.0,264.0,3,1,0.00014416224696473654,0.6,/work3/arnaou/checkpoints/groupgat_Vc_trial_1900_best_state.pt,"{'learning_rate': 0.00014416224696473654, 'lr_reduce': 0.6}",TPESampler,COMPLETE
1901,0.018528252840042114,2025-04-26 03:19:08.393717,2025-04-26 03:20:40.522542,0 days 00:01:32.128825,0.10314296530701435,80,4,2,64,0.10680881022953034,224,3,4,32,0.013048298888915538,48,3,3,48,0.24596612708163496,360,,,1,2,0.0038055147275918217,0.6,/work3/arnaou/checkpoints/groupgat_Vc_trial_1901_best_state.pt,"{'learning_rate': 0.0038055147275918217, 'lr_reduce': 0.6}",TPESampler,COMPLETE
1902,0.028900334611535072,2025-04-26 03:20:06.353610,2025-04-26 03:22:19.597413,0 days 00:02:13.243803,0.020516376087806515,192,1,4,112,0.23223888732871967,208,3,1,64,0.14753723746774247,48,1,3,128,0.21149938913442515,352,,,1,2,0.00012339878634231444,0.6,/work3/arnaou/checkpoints/groupgat_Vc_trial_1902_best_state.pt,"{'learning_rate': 0.00012339878634231444, 'lr_reduce': 0.6}",TPESampler,COMPLETE
1903,0.015154288150370121,2025-04-26 03:20:35.511068,2025-04-26 03:22:18.655238,0 days 00:01:43.144170,0.022548821948213935,224,4,3,64,0.012636535555916109,176,2,3,48,0.24083636665000496,32,1,2,112,0.24662748568985807,88,448.0,176.0,3,1,0.009643866516319577,0.6,/work3/arnaou/checkpoints/groupgat_Vc_trial_1903_best_state.pt,"{'learning_rate': 0.009643866516319577, 'lr_reduce': 0.6}",TPESampler,COMPLETE
1904,0.014506408013403416,2025-04-26 03:20:41.085805,2025-04-26 03:22:55.647949,0 days 00:02:14.562144,0.06366785415564807,208,3,2,128,0.0867134842506072,112,4,1,128,0.11056471843861701,64,3,1,48,0.06124238305548542,352,144.0,,2,2,0.000321660771172729,0.6,/work3/arnaou/checkpoints/groupgat_Vc_trial_1904_best_state.pt,"{'learning_rate': 0.000321660771172729, 'lr_reduce': 0.6}",TPESampler,COMPLETE
1905,0.01173266489058733,2025-04-26 03:22:19.202661,2025-04-26 03:23:44.407481,0 days 00:01:25.204820,0.01766728815380241,224,4,4,80,0.18081205001504352,256,2,4,32,0.029291100527223758,80,3,1,96,0.2945014194460236,192,352.0,,2,2,0.003187723614977631,0.6,/work3/arnaou/checkpoints/groupgat_Vc_trial_1905_best_state.pt,"{'learning_rate': 0.003187723614977631, 'lr_reduce': 0.6}",TPESampler,COMPLETE
1906,0.010539754293859005,2025-04-26 03:22:20.002457,2025-04-26 03:23:58.480354,0 days 00:01:38.477897,0.026722432516922686,192,4,2,64,0.08074806594987868,128,4,1,32,0.266593729033842,32,1,3,96,0.13533259770787476,152,408.0,400.0,3,2,0.004181198382340628,0.6,/work3/arnaou/checkpoints/groupgat_Vc_trial_1906_best_state.pt,"{'learning_rate': 0.004181198382340628, 'lr_reduce': 0.6}",TPESampler,COMPLETE
1907,0.01667458564043045,2025-04-26 03:22:56.208213,2025-04-26 03:24:41.165183,0 days 00:01:44.956970,0.08393013651477825,224,4,4,112,0.01745547802057527,64,2,3,48,0.27822709127064327,32,1,4,48,0.22717118201122355,112,304.0,,2,2,0.003005907415817116,0.6,/work3/arnaou/checkpoints/groupgat_Vc_trial_1907_best_state.pt,"{'learning_rate': 0.003005907415817116, 'lr_reduce': 0.6}",TPESampler,COMPLETE
1908,0.013154729269444942,2025-04-26 03:23:46.200168,2025-04-26 03:25:16.413706,0 days 00:01:30.213538,0.027319884391813792,256,1,2,128,0.06803460044655375,128,3,3,96,0.2928522251379868,32,2,4,112,0.15450208607987792,112,456.0,,2,2,0.007812531617338091,0.6,/work3/arnaou/checkpoints/groupgat_Vc_trial_1908_best_state.pt,"{'learning_rate': 0.007812531617338091, 'lr_reduce': 0.6}",TPESampler,COMPLETE
1909,0.011265936307609081,2025-04-26 03:24:00.149834,2025-04-26 03:25:23.381387,0 days 00:01:23.231553,0.06027197920975244,208,4,3,96,0.14376943551836296,160,3,1,32,0.24766869546480053,32,2,2,96,0.20714786357009904,360,376.0,360.0,3,2,0.0035953260602905736,0.6,/work3/arnaou/checkpoints/groupgat_Vc_trial_1909_best_state.pt,"{'learning_rate': 0.0035953260602905736, 'lr_reduce': 0.6}",TPESampler,COMPLETE
1910,0.011622708290815353,2025-04-26 03:24:41.746682,2025-04-26 03:26:03.311257,0 days 00:01:21.564575,0.019903327839507927,240,4,2,112,0.027759004579156227,144,3,2,96,0.0977749511064514,80,1,3,128,0.03149716281464651,88,416.0,288.0,3,2,0.0019487048109619002,0.6,/work3/arnaou/checkpoints/groupgat_Vc_trial_1910_best_state.pt,"{'learning_rate': 0.0019487048109619002, 'lr_reduce': 0.6}",TPESampler,COMPLETE
