number,value,datetime_start,datetime_complete,duration,params_L1_dropout,params_L1_hidden_dim,params_L1_layers_atom,params_L1_layers_mol,params_L1_out_dim,params_L2_dropout,params_L2_hidden_dim,params_L2_layers_atom,params_L2_layers_mol,params_L2_out_dim,params_L3_dropout,params_L3_hidden_dim,params_L3_layers_atom,params_L3_layers_mol,params_L3_out_dim,params_final_dropout,params_mlp_dim_0,params_mlp_dim_1,params_mlp_dim_2,params_n_mlp_layers,params_num_heads,params_train_learning_rate,params_train_lr_reduce,user_attrs_best_state_dict_path,user_attrs_training_params,system_attrs_auto:sampler,state
693,0.014167791232466698,2025-04-25 19:00:12.293326,2025-04-25 19:01:23.722963,0 days 00:01:11.429637,0.004103724385532305,160,4,2,96,0.05010535364201794,96,4,1,32,0.2569572879897983,80,1,1,128,0.02373636422817757,224,280.0,248.0,3,2,0.00922511686333883,0.6,/work3/arnaou/checkpoints/groupgat_Vc_trial_693_best_state.pt,"{'learning_rate': 0.00922511686333883, 'lr_reduce': 0.6}",TPESampler,COMPLETE
694,0.011987325735390186,2025-04-25 19:00:30.261144,2025-04-25 19:01:42.237303,0 days 00:01:11.976159,0.053976338811207,112,3,3,48,0.17733223491225653,64,4,3,32,0.23731442631423105,112,1,2,48,0.22770487607532458,48,,,1,2,0.006331314345766199,0.6,/work3/arnaou/checkpoints/groupgat_Vc_trial_694_best_state.pt,"{'learning_rate': 0.006331314345766199, 'lr_reduce': 0.6}",TPESampler,COMPLETE
695,0.011668449267745018,2025-04-25 19:00:42.256669,2025-04-25 19:01:35.363421,0 days 00:00:53.106752,0.06089390008987306,64,4,1,32,0.08126242276615735,176,2,3,32,0.28446338351401546,112,2,2,64,0.2860898815883135,160,,,1,2,0.003910878361141496,0.6,/work3/arnaou/checkpoints/groupgat_Vc_trial_695_best_state.pt,"{'learning_rate': 0.003910878361141496, 'lr_reduce': 0.6}",TPESampler,COMPLETE
696,0.021386699751019478,2025-04-25 19:01:24.244778,2025-04-25 19:02:37.301447,0 days 00:01:13.056669,0.035751501106488975,176,4,3,48,0.040286020113664306,256,1,1,48,0.23107312227366472,64,1,4,32,0.21113730683527612,200,456.0,,2,1,0.005817885815628096,0.6,/work3/arnaou/checkpoints/groupgat_Vc_trial_696_best_state.pt,"{'learning_rate': 0.005817885815628096, 'lr_reduce': 0.6}",TPESampler,COMPLETE
697,0.010082172229886055,2025-04-25 19:01:35.689075,2025-04-25 19:02:22.596476,0 days 00:00:46.907401,0.033061505632428524,144,3,2,64,0.06957473921638793,64,3,3,80,0.16603656385625043,32,2,2,64,0.1824116845593779,80,,,1,2,0.0029325300712315545,0.6,/work3/arnaou/checkpoints/groupgat_Vc_trial_697_best_state.pt,"{'learning_rate': 0.0029325300712315545, 'lr_reduce': 0.6}",TPESampler,COMPLETE
698,0.015367682091891766,2025-04-25 19:01:42.469812,2025-04-25 19:03:13.530153,0 days 00:01:31.060341,0.006463160625695184,224,3,1,64,0.08122782052753852,80,2,2,48,0.007573663509091527,80,1,1,112,0.07714295350013077,40,352.0,,2,2,0.0076830804880499756,0.6,/work3/arnaou/checkpoints/groupgat_Vc_trial_698_best_state.pt,"{'learning_rate': 0.0076830804880499756, 'lr_reduce': 0.6}",TPESampler,COMPLETE
699,0.009747269563376904,2025-04-25 19:02:23.384651,2025-04-25 19:04:01.827190,0 days 00:01:38.442539,0.052582877658462424,176,4,4,96,0.05638288777999164,208,2,1,32,0.22873437289967205,80,1,3,32,0.2379408691832659,176,424.0,344.0,3,2,0.008477961496501707,0.6,/work3/arnaou/checkpoints/groupgat_Vc_trial_699_best_state.pt,"{'learning_rate': 0.008477961496501707, 'lr_reduce': 0.6}",TPESampler,COMPLETE
700,0.022386759519577026,2025-04-25 19:02:37.554514,2025-04-25 19:03:35.047050,0 days 00:00:57.492536,0.04995540092329598,256,4,4,48,0.1459975842716542,128,3,1,32,0.19703419486712903,48,1,2,48,0.20667198026426017,272,464.0,280.0,3,2,0.0084819732385797,0.6,/work3/arnaou/checkpoints/groupgat_Vc_trial_700_best_state.pt,"{'learning_rate': 0.0084819732385797, 'lr_reduce': 0.6}",TPESampler,COMPLETE
701,0.012854166328907013,2025-04-25 19:03:13.750058,2025-04-25 19:04:27.891640,0 days 00:01:14.141582,0.07769954165267337,192,2,3,32,0.06805138625059896,224,2,2,32,0.22345005922542754,80,1,2,32,0.23169329683730663,152,312.0,88.0,3,2,0.0009665067341134766,0.6,/work3/arnaou/checkpoints/groupgat_Vc_trial_701_best_state.pt,"{'learning_rate': 0.0009665067341134766, 'lr_reduce': 0.6}",TPESampler,COMPLETE
702,0.013733324594795704,2025-04-25 19:03:35.294622,2025-04-25 19:04:57.578509,0 days 00:01:22.283887,0.14465110184549243,256,1,1,64,0.05321996374626035,112,2,2,64,0.27395003127280937,80,4,4,64,0.17373852493098557,456,240.0,384.0,3,2,0.008393484744352166,0.6,/work3/arnaou/checkpoints/groupgat_Vc_trial_702_best_state.pt,"{'learning_rate': 0.008393484744352166, 'lr_reduce': 0.6}",TPESampler,COMPLETE
703,0.009937011636793613,2025-04-25 19:04:02.033274,2025-04-25 19:04:59.993340,0 days 00:00:57.960066,0.013158590924705102,192,3,3,48,0.08164193216012403,96,3,2,32,0.2663685949187061,96,1,3,96,0.282954826221547,104,400.0,,2,2,0.002687791618329927,0.6,/work3/arnaou/checkpoints/groupgat_Vc_trial_703_best_state.pt,"{'learning_rate': 0.002687791618329927, 'lr_reduce': 0.6}",TPESampler,COMPLETE
704,0.015053417533636093,2025-04-25 19:04:28.079261,2025-04-25 19:05:48.688459,0 days 00:01:20.609198,0.11373973603753831,192,4,3,112,0.09699613934160643,224,3,1,32,0.2485285970311112,80,1,4,48,0.2882732368119234,216,408.0,432.0,3,2,0.005659564366218176,0.6,/work3/arnaou/checkpoints/groupgat_Vc_trial_704_best_state.pt,"{'learning_rate': 0.005659564366218176, 'lr_reduce': 0.6}",TPESampler,COMPLETE
705,0.01688174530863762,2025-04-25 19:04:57.801402,2025-04-25 19:05:46.641431,0 days 00:00:48.840029,0.06979732767028761,160,3,4,112,0.09072183481606919,256,1,1,32,0.2659380028782156,64,1,3,32,0.26531812166112206,192,416.0,360.0,3,2,0.001919678759488344,0.6,/work3/arnaou/checkpoints/groupgat_Vc_trial_705_best_state.pt,"{'learning_rate': 0.001919678759488344, 'lr_reduce': 0.6}",TPESampler,COMPLETE
706,0.014159838669002056,2025-04-25 19:05:00.252484,2025-04-25 19:06:00.984122,0 days 00:01:00.731638,0.037763698312462124,240,3,1,48,0.20171918751523876,96,3,1,32,0.2825168562857623,64,1,4,48,0.07997826718385442,80,,,1,2,0.002768510934455762,0.6,/work3/arnaou/checkpoints/groupgat_Vc_trial_706_best_state.pt,"{'learning_rate': 0.002768510934455762, 'lr_reduce': 0.6}",TPESampler,COMPLETE
707,0.01196281984448433,2025-04-25 19:05:46.892724,2025-04-25 19:06:41.353786,0 days 00:00:54.461062,0.026418079575509873,224,1,1,48,0.08927163758712096,112,3,1,80,0.007131759067837827,96,1,1,128,0.03424501177384388,104,,,1,2,0.005288669839666068,0.6,/work3/arnaou/checkpoints/groupgat_Vc_trial_707_best_state.pt,"{'learning_rate': 0.005288669839666068, 'lr_reduce': 0.6}",TPESampler,COMPLETE
708,0.01029486209154129,2025-04-25 19:05:49.409523,2025-04-25 19:07:19.350088,0 days 00:01:29.940565,0.03996828604619727,208,3,4,48,0.04062123395316293,224,2,1,32,0.2164502858788567,48,1,2,48,0.16132962282407548,216,432.0,392.0,3,2,0.002565823904926054,0.6,/work3/arnaou/checkpoints/groupgat_Vc_trial_708_best_state.pt,"{'learning_rate': 0.002565823904926054, 'lr_reduce': 0.6}",TPESampler,COMPLETE
709,0.030834035947918892,2025-04-25 19:06:01.248588,2025-04-25 19:07:41.401798,0 days 00:01:40.153210,0.08581950165632052,240,3,3,48,0.20996923302339862,128,3,4,80,0.2844359114378734,112,1,4,128,0.07492300925766508,168,,,1,2,0.007310487003512755,0.6,/work3/arnaou/checkpoints/groupgat_Vc_trial_709_best_state.pt,"{'learning_rate': 0.007310487003512755, 'lr_reduce': 0.6}",TPESampler,COMPLETE
710,0.028430337086319923,2025-04-25 19:06:41.542059,2025-04-25 19:07:49.403448,0 days 00:01:07.861389,0.021964680702797147,128,2,4,64,0.031127989390549112,112,4,2,96,0.20312251623160985,80,3,4,112,0.27215636489058787,272,440.0,352.0,3,2,0.007282243279589264,0.6,/work3/arnaou/checkpoints/groupgat_Vc_trial_710_best_state.pt,"{'learning_rate': 0.007282243279589264, 'lr_reduce': 0.6}",TPESampler,COMPLETE
711,0.05361422896385193,2025-04-25 19:07:19.533332,2025-04-25 19:08:02.654129,0 days 00:00:43.120797,0.015865728296854106,176,4,2,112,0.05158686502387402,144,4,1,48,0.23914958644515044,64,1,2,128,0.04068876799484959,128,384.0,352.0,3,1,0.0016855328231704053,0.6,/work3/arnaou/checkpoints/groupgat_Vc_trial_711_best_state.pt,"{'learning_rate': 0.0016855328231704053, 'lr_reduce': 0.6}",TPESampler,COMPLETE
712,0.04161720722913742,2025-04-25 19:07:42.310173,2025-04-25 19:08:24.368525,0 days 00:00:42.058352,0.028853825244455362,64,2,4,96,0.10116666315674076,224,2,2,80,0.2753663100069646,64,2,4,112,0.29961623670592874,320,472.0,448.0,3,1,0.004230394937764845,0.6,/work3/arnaou/checkpoints/groupgat_Vc_trial_712_best_state.pt,"{'learning_rate': 0.004230394937764845, 'lr_reduce': 0.6}",TPESampler,COMPLETE
713,0.023129595443606377,2025-04-25 19:07:49.944283,2025-04-25 19:08:53.651607,0 days 00:01:03.707324,0.038772781651477184,192,3,2,80,0.1055668003030908,256,2,2,32,0.14861313391650186,96,1,3,64,0.24161626066261135,232,424.0,336.0,3,2,0.009127997247071506,0.6,/work3/arnaou/checkpoints/groupgat_Vc_trial_713_best_state.pt,"{'learning_rate': 0.009127997247071506, 'lr_reduce': 0.6}",TPESampler,COMPLETE
714,0.009270316921174526,2025-04-25 19:08:02.923804,2025-04-25 19:09:17.457624,0 days 00:01:14.533820,0.013910571053851038,192,4,2,80,0.03839931593437798,144,3,1,32,0.24350240766173664,80,2,2,128,0.09884464529293492,72,464.0,384.0,3,2,0.005957840229035356,0.6,/work3/arnaou/checkpoints/groupgat_Vc_trial_714_best_state.pt,"{'learning_rate': 0.005957840229035356, 'lr_reduce': 0.6}",TPESampler,COMPLETE
715,0.01569860242307186,2025-04-25 19:08:24.876631,2025-04-25 19:09:07.735326,0 days 00:00:42.858695,0.04001517515569454,112,3,3,48,0.08788092189931081,64,4,2,96,0.18304210567147386,32,1,3,64,0.26238364076182563,136,384.0,,2,2,0.002824469589712886,0.6,/work3/arnaou/checkpoints/groupgat_Vc_trial_715_best_state.pt,"{'learning_rate': 0.002824469589712886, 'lr_reduce': 0.6}",TPESampler,COMPLETE
716,0.013071423396468163,2025-04-25 19:08:53.892368,2025-04-25 19:10:01.135757,0 days 00:01:07.243389,0.04548067156510098,208,3,4,48,0.17905996930150134,240,2,2,32,0.22814526573373806,32,1,2,32,0.245206206702551,136,456.0,320.0,3,2,0.0026395921846258798,0.6,/work3/arnaou/checkpoints/groupgat_Vc_trial_716_best_state.pt,"{'learning_rate': 0.0026395921846258798, 'lr_reduce': 0.6}",TPESampler,COMPLETE
717,0.01605580560863018,2025-04-25 19:09:08.003091,2025-04-25 19:10:39.202867,0 days 00:01:31.199776,0.12096721188504483,256,2,1,32,0.04050830673937341,112,1,2,80,0.22750875944145443,112,4,4,112,0.19246642255756866,296,512.0,328.0,3,2,0.00654839902020235,0.6,/work3/arnaou/checkpoints/groupgat_Vc_trial_717_best_state.pt,"{'learning_rate': 0.00654839902020235, 'lr_reduce': 0.6}",TPESampler,COMPLETE
718,0.012115631252527237,2025-04-25 19:09:17.709324,2025-04-25 19:10:30.197130,0 days 00:01:12.487806,0.06431815568254937,192,3,2,48,0.03213745462371288,112,3,1,48,0.2820677597299602,80,2,2,112,0.025390112927303435,88,480.0,456.0,3,2,0.0054129012798890255,0.6,/work3/arnaou/checkpoints/groupgat_Vc_trial_718_best_state.pt,"{'learning_rate': 0.0054129012798890255, 'lr_reduce': 0.6}",TPESampler,COMPLETE
719,0.012484357692301273,2025-04-25 19:10:01.371265,2025-04-25 19:11:17.191622,0 days 00:01:15.820357,0.023666515636631816,160,2,3,64,0.096811129932305,128,3,3,80,0.22920754978455474,96,3,4,96,0.2747807487808479,440,472.0,,2,2,0.0032115171366329017,0.6,/work3/arnaou/checkpoints/groupgat_Vc_trial_719_best_state.pt,"{'learning_rate': 0.0032115171366329017, 'lr_reduce': 0.6}",TPESampler,COMPLETE
720,0.012162571772933006,2025-04-25 19:10:30.376022,2025-04-25 19:11:43.141221,0 days 00:01:12.765199,0.1585859597241281,176,3,3,48,0.15358899379967256,112,4,4,64,0.29770496711825556,128,3,3,80,0.13081987869763118,72,,,1,2,0.003924884976424147,0.6,/work3/arnaou/checkpoints/groupgat_Vc_trial_720_best_state.pt,"{'learning_rate': 0.003924884976424147, 'lr_reduce': 0.6}",TPESampler,COMPLETE
721,0.032637711614370346,2025-04-25 19:10:39.496872,2025-04-25 19:11:24.989134,0 days 00:00:45.492262,0.013783889641812463,240,3,2,64,0.02173938960434951,144,3,1,48,0.21566219958184507,96,2,1,128,0.19203948469369786,72,512.0,408.0,3,2,0.005628939244148601,0.6,/work3/arnaou/checkpoints/groupgat_Vc_trial_721_best_state.pt,"{'learning_rate': 0.005628939244148601, 'lr_reduce': 0.6}",TPESampler,COMPLETE
722,0.03088773600757122,2025-04-25 19:11:17.784458,2025-04-25 19:11:55.804734,0 days 00:00:38.020276,0.04995554389284322,256,2,2,32,0.21685064015899844,128,3,1,48,0.24660046287044143,80,1,3,64,0.19458241513879904,32,472.0,,2,2,0.0009606882469414506,0.6,/work3/arnaou/checkpoints/groupgat_Vc_trial_722_best_state.pt,"{'learning_rate': 0.0009606882469414506, 'lr_reduce': 0.6}",TPESampler,COMPLETE
723,0.015810849145054817,2025-04-25 19:11:25.344682,2025-04-25 19:12:23.302303,0 days 00:00:57.957621,0.0635654293460329,128,4,2,80,0.022112899130643918,96,4,2,80,0.14402355482965484,48,2,4,80,0.11741166722766173,136,,,1,2,0.003080585046162794,0.6,/work3/arnaou/checkpoints/groupgat_Vc_trial_723_best_state.pt,"{'learning_rate': 0.003080585046162794, 'lr_reduce': 0.6}",TPESampler,COMPLETE
724,0.015058629214763641,2025-04-25 19:11:43.517409,2025-04-25 19:13:54.478471,0 days 00:02:10.961062,0.06486922514208343,208,4,2,80,0.1070179564681054,160,4,1,32,0.20860574868826892,64,1,2,128,0.07219932541746242,144,472.0,448.0,3,2,0.008488501066611566,0.6,/work3/arnaou/checkpoints/groupgat_Vc_trial_724_best_state.pt,"{'learning_rate': 0.008488501066611566, 'lr_reduce': 0.6}",TPESampler,COMPLETE
725,0.01088722050189972,2025-04-25 19:11:56.068389,2025-04-25 19:12:51.799223,0 days 00:00:55.730834,0.028713199066414067,240,1,1,32,0.192563350061576,80,3,2,80,0.08607940074370665,96,1,1,128,0.07617520163483799,152,472.0,40.0,3,2,0.003539791034713771,0.6,/work3/arnaou/checkpoints/groupgat_Vc_trial_725_best_state.pt,"{'learning_rate': 0.003539791034713771, 'lr_reduce': 0.6}",TPESampler,COMPLETE
726,0.015187912620604038,2025-04-25 19:12:23.569416,2025-04-25 19:13:32.494523,0 days 00:01:08.925107,0.00901821188945151,208,2,2,32,0.1664331371558896,128,4,2,48,0.2838992984508852,64,1,4,80,0.07138333947416775,56,440.0,,2,2,0.0021660045399495686,0.6,/work3/arnaou/checkpoints/groupgat_Vc_trial_726_best_state.pt,"{'learning_rate': 0.0021660045399495686, 'lr_reduce': 0.6}",TPESampler,COMPLETE
727,0.01755470223724842,2025-04-25 19:12:51.991561,2025-04-25 19:13:56.012514,0 days 00:01:04.020953,0.012083551614565088,240,1,1,32,0.05314896176628793,80,3,1,48,0.03198561163416554,64,1,1,96,0.07976539096065595,80,512.0,,2,2,0.0016715848000619785,0.6,/work3/arnaou/checkpoints/groupgat_Vc_trial_727_best_state.pt,"{'learning_rate': 0.0016715848000619785, 'lr_reduce': 0.6}",TPESampler,COMPLETE
728,0.012127049267292023,2025-04-25 19:13:32.803734,2025-04-25 19:14:56.223031,0 days 00:01:23.419297,0.04670102936907343,176,4,1,80,0.07718123229235423,144,3,1,64,0.288831341245033,96,1,3,128,0.05126379245606383,176,464.0,392.0,3,2,0.006072173091489782,0.6,/work3/arnaou/checkpoints/groupgat_Vc_trial_728_best_state.pt,"{'learning_rate': 0.006072173091489782, 'lr_reduce': 0.6}",TPESampler,COMPLETE
729,0.01227131113409996,2025-04-25 19:13:54.780515,2025-04-25 19:14:54.542177,0 days 00:00:59.761662,0.16620753756382078,224,2,4,64,0.0467113103657094,96,1,2,64,0.18873912652443292,48,1,2,32,0.17527978327690238,184,432.0,400.0,3,2,0.0036386103019148542,0.6,/work3/arnaou/checkpoints/groupgat_Vc_trial_729_best_state.pt,"{'learning_rate': 0.0036386103019148542, 'lr_reduce': 0.6}",TPESampler,COMPLETE
730,0.008825171738862991,2025-04-25 19:13:56.172618,2025-04-25 19:15:00.349199,0 days 00:01:04.176581,0.026537807706136646,256,3,4,64,0.1358589738001588,144,4,1,48,0.23904163337085912,48,2,2,96,0.20646975549572974,136,512.0,168.0,3,2,0.0029649944358738733,0.6,/work3/arnaou/checkpoints/groupgat_Vc_trial_730_best_state.pt,"{'learning_rate': 0.0029649944358738733, 'lr_reduce': 0.6}",TPESampler,COMPLETE
731,0.014581401832401752,2025-04-25 19:14:55.093311,2025-04-25 19:17:22.475704,0 days 00:02:27.382393,0.04389570748756019,208,4,4,48,0.20113736804109061,176,3,1,48,0.25032870987272804,48,1,2,96,0.1326241761536327,472,392.0,,2,2,0.0006916888465721743,0.6,/work3/arnaou/checkpoints/groupgat_Vc_trial_731_best_state.pt,"{'learning_rate': 0.0006916888465721743, 'lr_reduce': 0.6}",TPESampler,COMPLETE
732,0.011683721095323563,2025-04-25 19:14:56.435454,2025-04-25 19:16:16.376390,0 days 00:01:19.940936,0.03737719016758205,192,4,4,48,0.13709156203571232,112,3,2,48,0.17891904977422798,32,1,2,80,0.2049627176199174,312,456.0,400.0,3,1,0.0015820140478008608,0.6,/work3/arnaou/checkpoints/groupgat_Vc_trial_732_best_state.pt,"{'learning_rate': 0.0015820140478008608, 'lr_reduce': 0.6}",TPESampler,COMPLETE
733,0.01979648694396019,2025-04-25 19:15:00.716059,2025-04-25 19:15:53.391633,0 days 00:00:52.675574,0.0321287390148955,256,4,4,32,0.1669926639024801,224,4,1,48,0.24414969509031267,80,2,2,128,0.20394972129344208,112,504.0,168.0,3,2,0.0015993207967172445,0.6,/work3/arnaou/checkpoints/groupgat_Vc_trial_733_best_state.pt,"{'learning_rate': 0.0015993207967172445, 'lr_reduce': 0.6}",TPESampler,COMPLETE
734,0.01085896510630846,2025-04-25 19:15:53.672806,2025-04-25 19:17:25.358064,0 days 00:01:31.685258,0.0671689087132456,256,4,4,64,0.11741954406358529,144,4,1,80,0.2488014093694919,32,3,3,80,0.2748657216808845,336,488.0,152.0,3,2,0.0019347378881456037,0.6,/work3/arnaou/checkpoints/groupgat_Vc_trial_734_best_state.pt,"{'learning_rate': 0.0019347378881456037, 'lr_reduce': 0.6}",TPESampler,COMPLETE
735,0.011089981533586979,2025-04-25 19:16:16.633491,2025-04-25 19:17:21.344184,0 days 00:01:04.710693,0.06086074089909191,192,1,2,48,0.0069442357234434276,96,2,3,80,0.23895902807810923,80,4,4,96,0.153396606123886,304,496.0,208.0,3,2,0.004261760715241208,0.6,/work3/arnaou/checkpoints/groupgat_Vc_trial_735_best_state.pt,"{'learning_rate': 0.004261760715241208, 'lr_reduce': 0.6}",TPESampler,COMPLETE
736,0.011326756328344345,2025-04-25 19:17:21.591298,2025-04-25 19:18:18.288210,0 days 00:00:56.696912,0.06032453496045053,240,2,3,32,0.27086620207425327,160,4,1,48,0.26769420432738095,48,2,2,128,0.2083727341450245,176,512.0,136.0,3,1,0.004444487742213391,0.6,/work3/arnaou/checkpoints/groupgat_Vc_trial_736_best_state.pt,"{'learning_rate': 0.004444487742213391, 'lr_reduce': 0.6}",TPESampler,COMPLETE
737,0.052057892084121704,2025-04-25 19:17:22.698187,2025-04-25 19:18:00.812444,0 days 00:00:38.114257,0.05003749197739956,144,3,2,96,0.009017778258060301,112,4,2,48,0.1599703509688636,80,2,1,128,0.06473448559261104,40,480.0,136.0,3,2,0.0020271711513684437,0.6,/work3/arnaou/checkpoints/groupgat_Vc_trial_737_best_state.pt,"{'learning_rate': 0.0020271711513684437, 'lr_reduce': 0.6}",TPESampler,COMPLETE
738,0.010549982078373432,2025-04-25 19:17:25.610033,2025-04-25 19:18:21.759593,0 days 00:00:56.149560,0.008239381683212067,256,1,2,32,0.1741324226061565,96,3,2,32,0.10363478443507003,64,1,1,112,0.14027620308872535,96,512.0,120.0,3,2,0.004509084291629365,0.6,/work3/arnaou/checkpoints/groupgat_Vc_trial_738_best_state.pt,"{'learning_rate': 0.004509084291629365, 'lr_reduce': 0.6}",TPESampler,COMPLETE
739,0.09891185909509659,2025-04-25 19:18:01.059573,2025-04-25 19:18:38.331445,0 days 00:00:37.271872,0.08310381128176476,240,4,3,32,0.2188504820169095,176,4,4,96,0.27727603367248677,128,1,4,96,0.17716042501642526,128,512.0,,2,2,0.0012621752891250613,0.6,/work3/arnaou/checkpoints/groupgat_Vc_trial_739_best_state.pt,"{'learning_rate': 0.0012621752891250613, 'lr_reduce': 0.6}",TPESampler,COMPLETE
740,0.02682626061141491,2025-04-25 19:18:18.468227,2025-04-25 19:20:23.662277,0 days 00:02:05.194050,0.043369963794256776,80,3,4,48,0.14654328788080617,64,4,2,64,0.19310959990140697,32,1,2,64,0.1588349583561139,96,,,1,1,0.0009362461635412101,0.6,/work3/arnaou/checkpoints/groupgat_Vc_trial_740_best_state.pt,"{'learning_rate': 0.0009362461635412101, 'lr_reduce': 0.6}",TPESampler,COMPLETE
741,0.022838648408651352,2025-04-25 19:18:21.964937,2025-04-25 19:19:49.784449,0 days 00:01:27.819512,0.07156535598881011,144,4,2,64,0.004074240528931045,160,3,1,32,0.19067210761246753,96,2,3,112,0.14814959506676184,176,480.0,176.0,3,2,0.006602279952919482,0.6,/work3/arnaou/checkpoints/groupgat_Vc_trial_741_best_state.pt,"{'learning_rate': 0.006602279952919482, 'lr_reduce': 0.6}",TPESampler,COMPLETE
742,0.010451995767652988,2025-04-25 19:18:38.659946,2025-04-25 19:20:06.987027,0 days 00:01:28.327081,0.04122519125886279,208,3,3,112,0.11683248022482375,144,3,1,32,0.24251128320248347,64,2,3,112,0.037932172735024236,88,472.0,184.0,3,2,0.004831202328658221,0.6,/work3/arnaou/checkpoints/groupgat_Vc_trial_742_best_state.pt,"{'learning_rate': 0.004831202328658221, 'lr_reduce': 0.6}",TPESampler,COMPLETE
743,0.009806224144995213,2025-04-25 19:19:49.979462,2025-04-25 19:20:53.068374,0 days 00:01:03.088912,0.03927501442467933,176,4,3,80,0.1270340256640052,192,4,1,32,0.23462141455710323,64,4,2,128,0.1870895918492716,80,512.0,208.0,3,2,0.004453413269441319,0.6,/work3/arnaou/checkpoints/groupgat_Vc_trial_743_best_state.pt,"{'learning_rate': 0.004453413269441319, 'lr_reduce': 0.6}",TPESampler,COMPLETE
744,0.01802026480436325,2025-04-25 19:20:07.465848,2025-04-25 19:21:07.447814,0 days 00:00:59.981966,0.0662295055442671,160,3,3,48,0.014095144357761796,144,3,3,48,0.2564838836870057,48,3,4,48,0.14944204135665506,128,512.0,,2,2,0.0021910869530315552,0.6,/work3/arnaou/checkpoints/groupgat_Vc_trial_744_best_state.pt,"{'learning_rate': 0.0021910869530315552, 'lr_reduce': 0.6}",TPESampler,COMPLETE
745,0.03147509694099426,2025-04-25 19:20:23.990528,2025-04-25 19:21:07.341956,0 days 00:00:43.351428,0.039731694062220387,256,2,4,64,0.13013990812804643,96,4,2,80,0.26380273935403564,32,2,3,96,0.19750684053431283,160,456.0,232.0,3,2,0.0014479213734808795,0.6,/work3/arnaou/checkpoints/groupgat_Vc_trial_745_best_state.pt,"{'learning_rate': 0.0014479213734808795, 'lr_reduce': 0.6}",TPESampler,COMPLETE
