number,value,datetime_start,datetime_complete,duration,params_L1_dropout,params_L1_hidden_dim,params_L1_layers_atom,params_L1_layers_mol,params_L1_out_dim,params_L2_dropout,params_L2_hidden_dim,params_L2_layers_atom,params_L2_layers_mol,params_L2_out_dim,params_L3_dropout,params_L3_hidden_dim,params_L3_layers_atom,params_L3_layers_mol,params_L3_out_dim,params_final_dropout,params_mlp_dim_0,params_mlp_dim_1,params_mlp_dim_2,params_n_mlp_layers,params_num_heads,params_train_learning_rate,params_train_lr_reduce,user_attrs_best_state_dict_path,user_attrs_training_params,system_attrs_auto:sampler,state
1329,0.014444827102124691,2025-04-25 23:14:40.535382,2025-04-25 23:15:36.196663,0 days 00:00:55.661281,0.023691918699382496,256,4,4,32,0.07193968787054193,192,3,1,32,0.2964718041867199,48,4,2,96,0.15186181614157368,112,296.0,328.0,3,1,0.004209558526710613,0.6,/work3/arnaou/checkpoints/groupgat_Vc_trial_1329_best_state.pt,"{'learning_rate': 0.004209558526710613, 'lr_reduce': 0.6}",TPESampler,COMPLETE
1330,0.014123668894171715,2025-04-25 23:14:51.488473,2025-04-25 23:16:04.453450,0 days 00:01:12.964977,0.018238672066753246,192,3,2,64,0.013765733259354825,80,2,1,48,0.024170960236247124,112,1,3,128,0.20997323917214122,256,328.0,272.0,3,2,0.0030991035621793913,0.6,/work3/arnaou/checkpoints/groupgat_Vc_trial_1330_best_state.pt,"{'learning_rate': 0.0030991035621793913, 'lr_reduce': 0.6}",TPESampler,COMPLETE
1331,0.018284808844327927,2025-04-25 23:15:36.561521,2025-04-25 23:16:35.064790,0 days 00:00:58.503269,0.014604241807078592,240,3,3,48,0.038123180135354325,128,3,1,48,0.044693442335090594,112,2,3,112,0.049568229930649375,296,272.0,320.0,3,2,0.007444359638808762,0.6,/work3/arnaou/checkpoints/groupgat_Vc_trial_1331_best_state.pt,"{'learning_rate': 0.007444359638808762, 'lr_reduce': 0.6}",TPESampler,COMPLETE
1332,0.008929608389735222,2025-04-25 23:16:04.773220,2025-04-25 23:17:20.633158,0 days 00:01:15.859938,0.01268570930426241,208,2,2,96,0.07794173108312652,96,4,2,96,0.17266054051304058,64,2,2,128,0.10671017498400767,272,336.0,272.0,3,2,0.003754329909290438,0.6,/work3/arnaou/checkpoints/groupgat_Vc_trial_1332_best_state.pt,"{'learning_rate': 0.003754329909290438, 'lr_reduce': 0.6}",TPESampler,COMPLETE
1333,0.016657816246151924,2025-04-25 23:16:23.330222,2025-04-25 23:18:17.477908,0 days 00:01:54.147686,0.13538021531423372,240,3,2,80,0.034657088294033536,64,3,2,64,0.05764899817134253,48,1,4,128,0.18481224557206274,304,248.0,,2,2,0.0007855076946258592,0.6,/work3/arnaou/checkpoints/groupgat_Vc_trial_1333_best_state.pt,"{'learning_rate': 0.0007855076946258592, 'lr_reduce': 0.6}",TPESampler,COMPLETE
1334,0.021637680009007454,2025-04-25 23:16:35.608450,2025-04-25 23:17:20.774399,0 days 00:00:45.165949,0.042559498908243426,224,3,3,48,0.003064658086501592,112,4,2,48,0.17086858152915602,32,2,3,96,0.09725328310986535,120,328.0,336.0,3,2,0.002012882219066396,0.6,/work3/arnaou/checkpoints/groupgat_Vc_trial_1334_best_state.pt,"{'learning_rate': 0.002012882219066396, 'lr_reduce': 0.6}",TPESampler,COMPLETE
1335,0.016212858259677887,2025-04-25 23:17:20.933771,2025-04-25 23:18:49.762004,0 days 00:01:28.828233,0.014821582786933143,144,3,2,112,0.07757701727181378,64,3,2,112,0.10824045695763718,96,2,2,112,0.19271094642416658,352,328.0,256.0,3,2,0.006126175613104911,0.6,/work3/arnaou/checkpoints/groupgat_Vc_trial_1335_best_state.pt,"{'learning_rate': 0.006126175613104911, 'lr_reduce': 0.6}",TPESampler,COMPLETE
1336,0.014156193472445011,2025-04-25 23:17:21.011120,2025-04-25 23:18:40.711521,0 days 00:01:19.700401,0.08606344537413951,80,4,2,64,0.01273067684541361,144,3,1,128,0.19241021627265045,32,2,3,64,0.21246336778601196,128,328.0,,2,2,0.007131109770437111,0.6,/work3/arnaou/checkpoints/groupgat_Vc_trial_1336_best_state.pt,"{'learning_rate': 0.007131109770437111, 'lr_reduce': 0.6}",TPESampler,COMPLETE
1337,0.014257499016821384,2025-04-25 23:18:17.985866,2025-04-25 23:19:22.526064,0 days 00:01:04.540198,0.08283420787374601,192,2,1,112,0.05893206707789178,112,3,2,112,0.1839377506557598,64,2,4,96,0.09421220457643986,200,296.0,256.0,3,2,0.006309374060124884,0.6,/work3/arnaou/checkpoints/groupgat_Vc_trial_1337_best_state.pt,"{'learning_rate': 0.006309374060124884, 'lr_reduce': 0.6}",TPESampler,COMPLETE
1338,0.011355394497513771,2025-04-25 23:18:41.086013,2025-04-25 23:19:34.518736,0 days 00:00:53.432723,0.08443089272900993,208,2,2,96,0.02180410852262394,112,3,2,112,0.15184000617106203,80,2,2,112,0.11232847369274054,248,336.0,264.0,3,2,0.0031081750397182984,0.6,/work3/arnaou/checkpoints/groupgat_Vc_trial_1338_best_state.pt,"{'learning_rate': 0.0031081750397182984, 'lr_reduce': 0.6}",TPESampler,COMPLETE
1339,0.011942317709326744,2025-04-25 23:18:50.144582,2025-04-25 23:20:03.867963,0 days 00:01:13.723381,0.03620133202590719,224,3,2,96,0.02369284689202915,112,3,2,128,0.27146358141766636,32,3,4,112,0.021442502383344067,128,296.0,264.0,3,2,0.0037581071865856425,0.6,/work3/arnaou/checkpoints/groupgat_Vc_trial_1339_best_state.pt,"{'learning_rate': 0.0037581071865856425, 'lr_reduce': 0.6}",TPESampler,COMPLETE
1340,0.013467414304614067,2025-04-25 23:19:22.834926,2025-04-25 23:20:25.442841,0 days 00:01:02.607915,0.029200878449398088,192,3,2,80,0.09154802563611848,96,4,2,112,0.22715385572687996,64,2,2,128,0.044029027101838134,272,344.0,272.0,3,2,0.004536072010283359,0.6,/work3/arnaou/checkpoints/groupgat_Vc_trial_1340_best_state.pt,"{'learning_rate': 0.004536072010283359, 'lr_reduce': 0.6}",TPESampler,COMPLETE
1341,0.025868725031614304,2025-04-25 23:19:34.832089,2025-04-25 23:20:16.831307,0 days 00:00:41.999218,0.008103138642219856,208,2,2,128,0.04473591817055488,112,3,3,80,0.21764384736886924,48,1,2,96,0.08030882139286347,352,336.0,240.0,3,1,0.001889561729921854,0.6,/work3/arnaou/checkpoints/groupgat_Vc_trial_1341_best_state.pt,"{'learning_rate': 0.001889561729921854, 'lr_reduce': 0.6}",TPESampler,COMPLETE
1342,0.025309937074780464,2025-04-25 23:20:04.336955,2025-04-25 23:20:40.935802,0 days 00:00:36.598847,0.042544223658870506,128,1,2,48,0.06017362066440257,96,4,3,96,0.2092373689893272,32,2,1,128,0.10643388485338852,240,304.0,280.0,3,2,0.002015205276007201,0.6,/work3/arnaou/checkpoints/groupgat_Vc_trial_1342_best_state.pt,"{'learning_rate': 0.002015205276007201, 'lr_reduce': 0.6}",TPESampler,COMPLETE
1343,0.013674963265657425,2025-04-25 23:20:17.212581,2025-04-25 23:21:08.001606,0 days 00:00:50.789025,0.07774281182400575,160,2,2,112,0.12932670929187945,96,4,2,96,0.15333737093444522,64,1,1,128,0.0560322364996676,336,328.0,280.0,3,2,0.006544856418886816,0.6,/work3/arnaou/checkpoints/groupgat_Vc_trial_1343_best_state.pt,"{'learning_rate': 0.006544856418886816, 'lr_reduce': 0.6}",TPESampler,COMPLETE
1344,0.00846230611205101,2025-04-25 23:20:25.880726,2025-04-25 23:21:11.560396,0 days 00:00:45.679670,0.07870136108255327,208,1,2,80,0.16305546902749177,96,3,1,112,0.19753417907270882,32,3,3,112,0.11673192073677564,368,256.0,232.0,3,2,0.0028521886418443085,0.6,/work3/arnaou/checkpoints/groupgat_Vc_trial_1344_best_state.pt,"{'learning_rate': 0.0028521886418443085, 'lr_reduce': 0.6}",TPESampler,COMPLETE
1345,0.010060870088636875,2025-04-25 23:20:41.458830,2025-04-25 23:21:58.566182,0 days 00:01:17.107352,0.04583290460837855,224,3,1,128,0.015865726049811256,96,1,2,96,0.23034298300223738,80,2,3,96,0.07958940469388176,64,288.0,296.0,3,2,0.006498488520407878,0.6,/work3/arnaou/checkpoints/groupgat_Vc_trial_1345_best_state.pt,"{'learning_rate': 0.006498488520407878, 'lr_reduce': 0.6}",TPESampler,COMPLETE
1346,0.06774326413869858,2025-04-25 23:21:08.297624,2025-04-25 23:21:53.901641,0 days 00:00:45.604017,0.020529562558052994,192,2,3,80,0.1438297555886146,128,4,3,96,0.15394409683249446,64,3,2,96,0.11805272004731016,280,336.0,,2,2,0.001157836236502952,0.6,/work3/arnaou/checkpoints/groupgat_Vc_trial_1346_best_state.pt,"{'learning_rate': 0.001157836236502952, 'lr_reduce': 0.6}",TPESampler,COMPLETE
1347,0.009495523758232594,2025-04-25 23:21:11.797642,2025-04-25 23:22:13.650870,0 days 00:01:01.853228,0.015858311095589713,128,2,3,80,0.046179724662018355,96,3,1,112,0.2288260251790565,48,3,2,112,0.09773439571280326,360,240.0,,2,2,0.002894001826174159,0.6,/work3/arnaou/checkpoints/groupgat_Vc_trial_1347_best_state.pt,"{'learning_rate': 0.002894001826174159, 'lr_reduce': 0.6}",TPESampler,COMPLETE
1348,0.01117284968495369,2025-04-25 23:21:54.640595,2025-04-25 23:23:02.765355,0 days 00:01:08.124760,0.08642878209465478,160,1,1,48,0.25479660535216364,80,2,2,112,0.19925715245630238,32,2,3,80,0.05565877482537778,416,224.0,224.0,3,2,0.003977360621554054,0.6,/work3/arnaou/checkpoints/groupgat_Vc_trial_1348_best_state.pt,"{'learning_rate': 0.003977360621554054, 'lr_reduce': 0.6}",TPESampler,COMPLETE
1349,0.016669563949108124,2025-04-25 23:21:59.066348,2025-04-25 23:22:58.217867,0 days 00:00:59.151519,0.017758381047231216,240,2,3,128,0.1027005437625186,96,3,2,96,0.2638724390732623,96,2,3,112,0.19015338355344372,224,192.0,232.0,3,2,0.006413786704897154,0.6,/work3/arnaou/checkpoints/groupgat_Vc_trial_1349_best_state.pt,"{'learning_rate': 0.006413786704897154, 'lr_reduce': 0.6}",TPESampler,COMPLETE
1350,0.010184153914451599,2025-04-25 23:22:14.122800,2025-04-25 23:23:16.320248,0 days 00:01:02.197448,0.11819529048673671,224,1,1,80,0.05984103639114852,96,3,1,112,0.2335226880739696,48,3,3,96,0.12512463692797018,352,240.0,216.0,3,2,0.0028709701209981967,0.6,/work3/arnaou/checkpoints/groupgat_Vc_trial_1350_best_state.pt,"{'learning_rate': 0.0028709701209981967, 'lr_reduce': 0.6}",TPESampler,COMPLETE
1351,0.01579795591533184,2025-04-25 23:22:58.765912,2025-04-25 23:23:55.825075,0 days 00:00:57.059163,0.04979877539189078,208,2,2,80,0.15310770003863802,160,2,2,96,0.16157179879899372,32,2,3,64,0.07610835785595808,416,264.0,184.0,3,2,0.0031934854975602203,0.6,/work3/arnaou/checkpoints/groupgat_Vc_trial_1351_best_state.pt,"{'learning_rate': 0.0031934854975602203, 'lr_reduce': 0.6}",TPESampler,COMPLETE
1352,0.013764137402176857,2025-04-25 23:23:03.125962,2025-04-25 23:24:19.176567,0 days 00:01:16.050605,0.1009814634354748,208,2,3,112,0.0043155750541268075,160,3,2,128,0.23690957854168035,80,2,3,128,0.06367727385408758,184,232.0,216.0,3,2,0.005547790547527826,0.6,/work3/arnaou/checkpoints/groupgat_Vc_trial_1352_best_state.pt,"{'learning_rate': 0.005547790547527826, 'lr_reduce': 0.6}",TPESampler,COMPLETE
1353,0.00984104536473751,2025-04-25 23:23:16.636576,2025-04-25 23:24:26.895642,0 days 00:01:10.259066,0.03523282302273748,208,2,2,48,0.10301620031690256,112,3,1,128,0.14566946169512016,48,2,4,96,0.16102966540744298,272,248.0,248.0,3,1,0.004231672976374672,0.6,/work3/arnaou/checkpoints/groupgat_Vc_trial_1353_best_state.pt,"{'learning_rate': 0.004231672976374672, 'lr_reduce': 0.6}",TPESampler,COMPLETE
1354,0.012390928342938423,2025-04-25 23:23:56.380478,2025-04-25 23:25:28.621724,0 days 00:01:32.241246,0.042146066081267586,224,2,3,128,0.10711559756355965,80,4,1,80,0.172135233066662,64,1,2,128,0.10867597806175909,392,264.0,224.0,3,2,0.002086602437820803,0.6,/work3/arnaou/checkpoints/groupgat_Vc_trial_1354_best_state.pt,"{'learning_rate': 0.002086602437820803, 'lr_reduce': 0.6}",TPESampler,COMPLETE
1355,0.012256897985935211,2025-04-25 23:24:19.643840,2025-04-25 23:25:31.914589,0 days 00:01:12.270749,0.07473824683735769,224,2,1,80,0.19520113439594505,96,4,2,112,0.11992505807155587,64,3,3,112,0.1820084361916361,448,272.0,216.0,3,2,0.004107277397672123,0.6,/work3/arnaou/checkpoints/groupgat_Vc_trial_1355_best_state.pt,"{'learning_rate': 0.004107277397672123, 'lr_reduce': 0.6}",TPESampler,COMPLETE
1356,0.011600098572671413,2025-04-25 23:24:27.371456,2025-04-25 23:25:51.503221,0 days 00:01:24.131765,0.0797379811777223,240,4,2,48,0.003556637077631916,112,4,1,32,0.28156375955408075,32,2,4,112,0.08363634589262964,296,288.0,232.0,3,2,0.003437795594520539,0.6,/work3/arnaou/checkpoints/groupgat_Vc_trial_1356_best_state.pt,"{'learning_rate': 0.003437795594520539, 'lr_reduce': 0.6}",TPESampler,COMPLETE
1357,0.011984444223344326,2025-04-25 23:25:29.088691,2025-04-25 23:26:47.169033,0 days 00:01:18.080342,0.10088960898468899,256,3,2,112,0.009836001892329372,112,3,1,112,0.1258120698659067,80,3,4,128,0.08771629492608324,168,280.0,168.0,3,2,0.006494429863007151,0.6,/work3/arnaou/checkpoints/groupgat_Vc_trial_1357_best_state.pt,"{'learning_rate': 0.006494429863007151, 'lr_reduce': 0.6}",TPESampler,COMPLETE
1358,0.011226963251829147,2025-04-25 23:25:32.433925,2025-04-25 23:26:57.413726,0 days 00:01:24.979801,0.060165370664440686,256,3,2,32,0.11270189073341622,96,1,2,48,0.10120137843085264,96,2,4,128,0.09166878309388865,280,272.0,240.0,3,2,0.004309345275992045,0.6,/work3/arnaou/checkpoints/groupgat_Vc_trial_1358_best_state.pt,"{'learning_rate': 0.004309345275992045, 'lr_reduce': 0.6}",TPESampler,COMPLETE
1359,0.01087963953614235,2025-04-25 23:25:52.103020,2025-04-25 23:27:39.742224,0 days 00:01:47.639204,0.12441584789948738,256,2,2,128,0.05451272565927595,96,3,3,112,0.1668188653287475,80,3,3,128,0.1528197030907183,120,208.0,248.0,3,2,0.003116541801226765,0.6,/work3/arnaou/checkpoints/groupgat_Vc_trial_1359_best_state.pt,"{'learning_rate': 0.003116541801226765, 'lr_reduce': 0.6}",TPESampler,COMPLETE
1360,0.09743813425302505,2025-04-25 23:26:47.715051,2025-04-25 23:27:23.388674,0 days 00:00:35.673623,0.048316678346214045,208,1,2,80,0.21088085516305233,112,3,2,112,0.16804439955296996,32,4,3,80,0.0379903514634405,368,312.0,176.0,3,2,0.0010301760002577546,0.6,/work3/arnaou/checkpoints/groupgat_Vc_trial_1360_best_state.pt,"{'learning_rate': 0.0010301760002577546, 'lr_reduce': 0.6}",TPESampler,COMPLETE
1361,0.013718207366764545,2025-04-25 23:26:57.813952,2025-04-25 23:28:42.320956,0 days 00:01:44.507004,0.11001099730732902,224,1,1,48,0.07878761331770091,112,3,1,32,0.04906607358718551,80,2,4,112,0.1942949251224975,264,240.0,272.0,3,2,0.0006938931291800913,0.6,/work3/arnaou/checkpoints/groupgat_Vc_trial_1361_best_state.pt,"{'learning_rate': 0.0006938931291800913, 'lr_reduce': 0.6}",TPESampler,COMPLETE
1362,0.012884585186839104,2025-04-25 23:27:23.680835,2025-04-25 23:28:15.257379,0 days 00:00:51.576544,0.1465482276591235,160,2,3,80,0.15756205794166317,80,3,1,80,0.19882816893636926,48,3,3,128,0.100550393781809,384,336.0,,2,1,0.0034352907754852118,0.6,/work3/arnaou/checkpoints/groupgat_Vc_trial_1362_best_state.pt,"{'learning_rate': 0.0034352907754852118, 'lr_reduce': 0.6}",TPESampler,COMPLETE
1363,0.013496355153620243,2025-04-25 23:27:40.298901,2025-04-25 23:28:43.840775,0 days 00:01:03.541874,0.026631797206184964,208,2,3,80,0.0019893023087064476,80,4,2,80,0.08019680948177407,48,2,2,128,0.17336591322325934,320,288.0,,2,2,0.004707046145861185,0.6,/work3/arnaou/checkpoints/groupgat_Vc_trial_1363_best_state.pt,"{'learning_rate': 0.004707046145861185, 'lr_reduce': 0.6}",TPESampler,COMPLETE
1364,0.009224751964211464,2025-04-25 23:28:15.513751,2025-04-25 23:29:09.809876,0 days 00:00:54.296125,0.12216669119312809,208,1,2,64,0.14690308352924927,160,3,2,96,0.23699788127806054,32,2,2,112,0.14086408431320174,472,192.0,248.0,3,2,0.0024377596836334266,0.6,/work3/arnaou/checkpoints/groupgat_Vc_trial_1364_best_state.pt,"{'learning_rate': 0.0024377596836334266, 'lr_reduce': 0.6}",TPESampler,COMPLETE
1365,0.03636309131979942,2025-04-25 23:28:42.660359,2025-04-25 23:29:20.264625,0 days 00:00:37.604266,0.06356613383920312,144,1,2,48,0.15154681714292242,64,2,2,112,0.09613995834711161,64,3,4,128,0.07798191282141098,256,328.0,200.0,3,2,0.0016725263259456116,0.6,/work3/arnaou/checkpoints/groupgat_Vc_trial_1365_best_state.pt,"{'learning_rate': 0.0016725263259456116, 'lr_reduce': 0.6}",TPESampler,COMPLETE
1366,0.021439004689455032,2025-04-25 23:28:44.137678,2025-04-25 23:30:24.213609,0 days 00:01:40.075931,0.01644553214499524,176,4,2,128,0.021641080829755466,112,2,3,80,0.2999734893024938,48,3,4,112,0.1252357589118175,200,344.0,272.0,3,2,0.009042853595051768,0.6,/work3/arnaou/checkpoints/groupgat_Vc_trial_1366_best_state.pt,"{'learning_rate': 0.009042853595051768, 'lr_reduce': 0.6}",TPESampler,COMPLETE
1367,0.01026062946766615,2025-04-25 23:29:10.280869,2025-04-25 23:30:15.461440,0 days 00:01:05.180571,0.1369350284907767,256,2,1,64,0.019908373522774647,144,4,1,32,0.09949752043735056,64,1,4,128,0.07509076592438034,280,256.0,104.0,3,2,0.0029309400723980853,0.6,/work3/arnaou/checkpoints/groupgat_Vc_trial_1367_best_state.pt,"{'learning_rate': 0.0029309400723980853, 'lr_reduce': 0.6}",TPESampler,COMPLETE
1368,0.010515490546822548,2025-04-25 23:29:20.679624,2025-04-25 23:30:19.146878,0 days 00:00:58.467254,0.018504691714777234,224,2,1,96,0.2343503332382933,144,2,1,112,0.12194307377248408,32,3,4,112,0.14190545449849679,360,168.0,288.0,3,2,0.0025994422802764973,0.6,/work3/arnaou/checkpoints/groupgat_Vc_trial_1368_best_state.pt,"{'learning_rate': 0.0025994422802764973, 'lr_reduce': 0.6}",TPESampler,COMPLETE
1369,0.013492793776094913,2025-04-25 23:30:15.704432,2025-04-25 23:32:15.046063,0 days 00:01:59.341631,0.071653423748217,208,2,2,64,0.09740049107775954,112,3,1,96,0.12336728962714373,64,3,3,112,0.06408007161259077,328,344.0,32.0,3,2,0.0010253702534969214,0.6,/work3/arnaou/checkpoints/groupgat_Vc_trial_1369_best_state.pt,"{'learning_rate': 0.0010253702534969214, 'lr_reduce': 0.6}",TPESampler,COMPLETE
1370,0.011113004758954048,2025-04-25 23:30:19.705788,2025-04-25 23:31:42.410913,0 days 00:01:22.705125,0.03143839819665829,208,3,2,128,0.03541233023996608,64,3,2,96,0.2664720505305644,80,2,2,112,0.13945516834438831,112,296.0,224.0,3,2,0.006558958614048172,0.6,/work3/arnaou/checkpoints/groupgat_Vc_trial_1370_best_state.pt,"{'learning_rate': 0.006558958614048172, 'lr_reduce': 0.6}",TPESampler,COMPLETE
1371,0.011635806411504745,2025-04-25 23:30:24.593533,2025-04-25 23:31:38.381504,0 days 00:01:13.787971,0.025569810828672976,240,2,1,80,0.11216040037000263,112,2,1,48,0.0074032771946157885,80,1,3,128,0.16036333734681418,352,352.0,144.0,3,1,0.0012286909918021915,0.6,/work3/arnaou/checkpoints/groupgat_Vc_trial_1371_best_state.pt,"{'learning_rate': 0.0012286909918021915, 'lr_reduce': 0.6}",TPESampler,COMPLETE
1372,0.015259572304785252,2025-04-25 23:31:38.906665,2025-04-25 23:32:51.870481,0 days 00:01:12.963816,0.048603043000195814,240,4,1,80,0.07294166011337551,96,2,1,32,0.11690159490119312,64,1,3,80,0.24054845979437567,280,344.0,288.0,3,2,0.0015247172903801493,0.6,/work3/arnaou/checkpoints/groupgat_Vc_trial_1372_best_state.pt,"{'learning_rate': 0.0015247172903801493, 'lr_reduce': 0.6}",TPESampler,COMPLETE
1373,0.015836508944630623,2025-04-25 23:31:42.918627,2025-04-25 23:32:49.829522,0 days 00:01:06.910895,0.0005982142799594026,224,1,3,96,0.13924538861301267,80,4,2,96,0.24205668027188273,96,1,1,128,0.04834496707583513,280,240.0,200.0,3,2,0.002199282739210575,0.6,/work3/arnaou/checkpoints/groupgat_Vc_trial_1373_best_state.pt,"{'learning_rate': 0.002199282739210575, 'lr_reduce': 0.6}",TPESampler,COMPLETE
1374,0.011545348912477493,2025-04-25 23:32:15.367818,2025-04-25 23:33:35.680361,0 days 00:01:20.312543,0.03673350636875237,240,1,2,112,0.17695352420058477,64,3,2,96,0.23071285979363593,64,3,3,128,0.10100135570159523,392,344.0,256.0,3,2,0.004687615702618593,0.6,/work3/arnaou/checkpoints/groupgat_Vc_trial_1374_best_state.pt,"{'learning_rate': 0.004687615702618593, 'lr_reduce': 0.6}",TPESampler,COMPLETE
1375,0.011824962683022022,2025-04-25 23:32:50.394807,2025-04-25 23:33:37.559428,0 days 00:00:47.164621,0.08403534087425546,224,4,3,80,0.002671826290444799,144,4,1,32,0.15374163340637398,32,1,4,112,0.17290996454866708,264,288.0,304.0,3,2,0.0021155929068852977,0.6,/work3/arnaou/checkpoints/groupgat_Vc_trial_1375_best_state.pt,"{'learning_rate': 0.0021155929068852977, 'lr_reduce': 0.6}",TPESampler,COMPLETE
1376,0.014552031643688679,2025-04-25 23:32:52.245377,2025-04-25 23:33:38.720848,0 days 00:00:46.475471,0.09596324890846003,256,3,2,64,0.06339214195082532,96,2,1,48,0.05330862040148101,80,1,4,96,0.14762093944029472,200,296.0,240.0,3,1,0.002967167204192943,0.6,/work3/arnaou/checkpoints/groupgat_Vc_trial_1376_best_state.pt,"{'learning_rate': 0.002967167204192943, 'lr_reduce': 0.6}",TPESampler,COMPLETE
1377,0.08803900331258774,2025-04-25 23:33:35.980481,2025-04-25 23:34:12.867883,0 days 00:00:36.887402,0.11388649771245293,224,3,1,64,0.11436632899961152,64,1,2,32,0.0604645947210318,64,2,4,112,0.052194054346660176,232,352.0,304.0,3,2,0.0008881166066704834,0.6,/work3/arnaou/checkpoints/groupgat_Vc_trial_1377_best_state.pt,"{'learning_rate': 0.0008881166066704834, 'lr_reduce': 0.6}",TPESampler,COMPLETE
1378,0.010427400469779968,2025-04-25 23:33:37.768815,2025-04-25 23:34:44.835557,0 days 00:01:07.066742,0.10194923779162841,208,3,1,48,0.06946095830567449,96,3,1,32,0.04709213733839621,48,1,4,128,0.13878232897537832,272,360.0,280.0,3,2,0.009796769814488444,0.6,/work3/arnaou/checkpoints/groupgat_Vc_trial_1378_best_state.pt,"{'learning_rate': 0.009796769814488444, 'lr_reduce': 0.6}",TPESampler,COMPLETE
1379,0.011308472603559494,2025-04-25 23:33:39.164645,2025-04-25 23:34:31.807262,0 days 00:00:52.642617,0.04430383561667889,160,1,1,80,0.2636850859194387,64,3,1,112,0.14599282603472896,48,4,3,112,0.12030849777576516,312,232.0,176.0,3,2,0.0020602172345651486,0.6,/work3/arnaou/checkpoints/groupgat_Vc_trial_1379_best_state.pt,"{'learning_rate': 0.0020602172345651486, 'lr_reduce': 0.6}",TPESampler,COMPLETE
1380,0.01828165166079998,2025-04-25 23:34:13.355710,2025-04-25 23:35:53.119585,0 days 00:01:39.763875,0.04682205793613324,208,2,2,64,0.21581931019619838,64,3,1,96,0.29275346334711905,48,2,3,80,0.16653303664149374,384,296.0,248.0,3,1,0.0009203312303916953,0.6,/work3/arnaou/checkpoints/groupgat_Vc_trial_1380_best_state.pt,"{'learning_rate': 0.0009203312303916953, 'lr_reduce': 0.6}",TPESampler,COMPLETE
