number,value,datetime_start,datetime_complete,duration,params_L1_dropout,params_L1_hidden_dim,params_L1_layers_atom,params_L1_layers_mol,params_L1_out_dim,params_L2_dropout,params_L2_hidden_dim,params_L2_layers_atom,params_L2_layers_mol,params_L2_out_dim,params_L3_dropout,params_L3_hidden_dim,params_L3_layers_atom,params_L3_layers_mol,params_L3_out_dim,params_final_dropout,params_mlp_dim_0,params_mlp_dim_1,params_mlp_dim_2,params_n_mlp_layers,params_num_heads,params_train_learning_rate,params_train_lr_reduce,user_attrs_best_state_dict_path,user_attrs_training_params,system_attrs_auto:sampler,state
1540,0.014102106913924217,2025-04-26 00:41:51.796740,2025-04-26 00:42:49.013272,0 days 00:00:57.216532,0.0394772359997273,96,3,2,96,0.0714884753739113,160,3,2,80,0.2008917738847366,64,2,3,128,0.08035179227915745,256,456.0,128.0,3,2,0.00984106004489472,0.6,/work3/arnaou/checkpoints/groupgat_Vc_trial_1540_best_state.pt,"{'learning_rate': 0.00984106004489472, 'lr_reduce': 0.6}",TPESampler,COMPLETE
1541,0.11587817966938019,2025-04-26 00:42:14.381811,2025-04-26 00:45:08.101031,0 days 00:02:53.719220,0.06539744351355502,112,4,2,80,0.26288719987978715,96,3,3,32,0.2889769014927499,80,3,3,64,0.17266224568898064,504,288.0,328.0,3,2,0.00034209169353843815,0.6,/work3/arnaou/checkpoints/groupgat_Vc_trial_1541_best_state.pt,"{'learning_rate': 0.00034209169353843815, 'lr_reduce': 0.6}",TPESampler,COMPLETE
1542,1.8487523794174194,2025-04-26 00:42:37.285080,2025-04-26 00:43:01.814811,0 days 00:00:24.529731,0.06487908535113283,80,4,4,128,0.0772776533644549,208,4,3,128,0.08267756347111019,96,4,2,96,0.29581152084346124,136,400.0,264.0,3,2,0.00029916976549673204,0.6,/work3/arnaou/checkpoints/groupgat_Vc_trial_1542_best_state.pt,"{'learning_rate': 0.00029916976549673204, 'lr_reduce': 0.6}",TPESampler,COMPLETE
1543,0.011790907010436058,2025-04-26 00:42:49.404512,2025-04-26 00:43:55.895761,0 days 00:01:06.491249,0.06750606312132318,240,3,3,96,0.06926630870361482,64,3,3,128,0.19012170450440347,80,2,3,128,0.1193586771977456,64,344.0,360.0,3,2,0.008143780469572565,0.6,/work3/arnaou/checkpoints/groupgat_Vc_trial_1543_best_state.pt,"{'learning_rate': 0.008143780469572565, 'lr_reduce': 0.6}",TPESampler,COMPLETE
1544,0.013076634146273136,2025-04-26 00:43:02.163338,2025-04-26 00:44:16.539419,0 days 00:01:14.376081,0.09786393813750446,192,2,2,80,0.08016655838861397,96,3,1,32,0.18854778403488112,80,2,3,80,0.24961673838289894,112,456.0,,2,2,0.00628048642779555,0.6,/work3/arnaou/checkpoints/groupgat_Vc_trial_1544_best_state.pt,"{'learning_rate': 0.00628048642779555, 'lr_reduce': 0.6}",TPESampler,COMPLETE
1545,0.015077821910381317,2025-04-26 00:43:56.237115,2025-04-26 00:44:54.738117,0 days 00:00:58.501002,0.0898608745802884,192,4,4,80,0.05163271356663117,240,2,2,32,0.18279439523932547,32,1,2,32,0.18827022489656084,272,448.0,,2,2,0.0024219868236937774,0.6,/work3/arnaou/checkpoints/groupgat_Vc_trial_1545_best_state.pt,"{'learning_rate': 0.0024219868236937774, 'lr_reduce': 0.6}",TPESampler,COMPLETE
1546,0.0161381084471941,2025-04-26 00:44:16.852783,2025-04-26 00:45:46.033563,0 days 00:01:29.180780,0.1530738782379228,160,3,4,48,0.03207551655630128,144,4,1,32,0.14716778735560365,32,1,2,80,0.24951242124526193,184,368.0,200.0,3,2,0.0068824885685168,0.6,/work3/arnaou/checkpoints/groupgat_Vc_trial_1546_best_state.pt,"{'learning_rate': 0.0068824885685168, 'lr_reduce': 0.6}",TPESampler,COMPLETE
1547,0.0112953195348382,2025-04-26 00:44:55.040808,2025-04-26 00:45:41.922642,0 days 00:00:46.881834,0.13103268521911873,256,4,4,48,0.04838464836598478,224,2,3,48,0.2229334499921011,48,1,2,32,0.16349475500414545,144,248.0,304.0,3,2,0.0017121764824561494,0.6,/work3/arnaou/checkpoints/groupgat_Vc_trial_1547_best_state.pt,"{'learning_rate': 0.0017121764824561494, 'lr_reduce': 0.6}",TPESampler,COMPLETE
1548,0.020609460771083832,2025-04-26 00:45:08.457373,2025-04-26 00:46:22.309880,0 days 00:01:13.852507,0.02299791556166913,240,4,4,64,0.07482424502984318,256,2,2,48,0.09320958788435191,32,3,3,96,0.2764663802010948,288,,,1,2,0.0022258011530257877,0.6,/work3/arnaou/checkpoints/groupgat_Vc_trial_1548_best_state.pt,"{'learning_rate': 0.0022258011530257877, 'lr_reduce': 0.6}",TPESampler,COMPLETE
1549,0.015182159841060638,2025-04-26 00:45:42.259062,2025-04-26 00:47:01.915587,0 days 00:01:19.656525,0.18524086913548893,256,3,2,64,0.016139996168603798,80,2,2,48,0.2829064784113238,48,2,3,112,0.14133334793283275,256,408.0,408.0,3,2,0.004996588914870158,0.6,/work3/arnaou/checkpoints/groupgat_Vc_trial_1549_best_state.pt,"{'learning_rate': 0.004996588914870158, 'lr_reduce': 0.6}",TPESampler,COMPLETE
1550,0.01343653816729784,2025-04-26 00:45:46.443137,2025-04-26 00:47:33.762769,0 days 00:01:47.319632,0.009813390703913759,240,3,2,64,0.0896820393396805,64,2,1,32,0.019622736713988252,80,2,4,128,0.14853365989775613,288,472.0,240.0,3,2,0.0008143611392094454,0.6,/work3/arnaou/checkpoints/groupgat_Vc_trial_1550_best_state.pt,"{'learning_rate': 0.0008143611392094454, 'lr_reduce': 0.6}",TPESampler,COMPLETE
1551,0.015552564524114132,2025-04-26 00:46:22.701381,2025-04-26 00:48:16.860749,0 days 00:01:54.159368,0.035531735672970494,112,1,3,112,0.024997983018061137,224,1,2,64,0.19341855661827523,96,1,2,80,0.11712743586774704,456,328.0,344.0,3,2,0.000327993069891302,0.6,/work3/arnaou/checkpoints/groupgat_Vc_trial_1551_best_state.pt,"{'learning_rate': 0.000327993069891302, 'lr_reduce': 0.6}",TPESampler,COMPLETE
1552,0.015429696999490261,2025-04-26 00:47:02.212766,2025-04-26 00:48:05.440963,0 days 00:01:03.228197,0.00233265424960054,208,2,4,64,0.12615933048259678,80,3,3,48,0.23359045306078402,112,1,3,96,0.25189653096029574,200,416.0,,2,2,0.003028136672814698,0.6,/work3/arnaou/checkpoints/groupgat_Vc_trial_1552_best_state.pt,"{'learning_rate': 0.003028136672814698, 'lr_reduce': 0.6}",TPESampler,COMPLETE
1553,0.009195346385240555,2025-04-26 00:47:34.612068,2025-04-26 00:48:39.619837,0 days 00:01:05.007769,0.10451874334840634,224,2,2,64,0.14961435582869065,176,4,2,96,0.0737404671069071,64,1,1,128,0.09959444563843567,264,472.0,160.0,3,2,0.0014385118896239118,0.6,/work3/arnaou/checkpoints/groupgat_Vc_trial_1553_best_state.pt,"{'learning_rate': 0.0014385118896239118, 'lr_reduce': 0.6}",TPESampler,COMPLETE
1554,0.12318315356969833,2025-04-26 00:48:05.776124,2025-04-26 00:48:43.973288,0 days 00:00:38.197164,0.07421797554528395,192,4,3,64,0.02031897135638168,128,4,2,32,0.28920270548540505,48,2,4,112,0.2759645154429503,216,376.0,,2,2,0.0014880786731066695,0.6,/work3/arnaou/checkpoints/groupgat_Vc_trial_1554_best_state.pt,"{'learning_rate': 0.0014880786731066695, 'lr_reduce': 0.6}",TPESampler,COMPLETE
1555,0.013039929792284966,2025-04-26 00:48:17.208019,2025-04-26 00:49:00.734669,0 days 00:00:43.526650,0.1583037565503024,224,1,2,64,0.1706294992294395,64,4,1,112,0.2350869434620952,48,3,2,96,0.11830356635353058,472,152.0,,2,2,0.001987059628328394,0.6,/work3/arnaou/checkpoints/groupgat_Vc_trial_1555_best_state.pt,"{'learning_rate': 0.001987059628328394, 'lr_reduce': 0.6}",TPESampler,COMPLETE
1556,0.01380210928618908,2025-04-26 00:48:39.968054,2025-04-26 00:49:37.115273,0 days 00:00:57.147219,0.08987459714477117,128,3,3,48,0.11341454596581932,112,3,2,80,0.2586518572388741,64,3,3,64,0.261174104159523,160,272.0,,2,1,0.0027117492380455506,0.6,/work3/arnaou/checkpoints/groupgat_Vc_trial_1556_best_state.pt,"{'learning_rate': 0.0027117492380455506, 'lr_reduce': 0.6}",TPESampler,COMPLETE
1557,0.031286075711250305,2025-04-26 00:48:44.387943,2025-04-26 00:50:14.558739,0 days 00:01:30.170796,0.06483537992201234,208,4,2,96,0.061090512781463366,128,4,1,64,0.20032311092341043,80,1,2,96,0.09446226274244218,176,440.0,280.0,3,2,0.00774601474309354,0.6,/work3/arnaou/checkpoints/groupgat_Vc_trial_1557_best_state.pt,"{'learning_rate': 0.00774601474309354, 'lr_reduce': 0.6}",TPESampler,COMPLETE
1558,0.05074422061443329,2025-04-26 00:49:01.029065,2025-04-26 00:49:44.375225,0 days 00:00:43.346160,0.10760955292260656,256,4,2,48,0.11865603612674647,64,3,1,32,0.12980368937434056,32,1,4,128,0.2058915483402365,336,200.0,88.0,3,2,0.0010374123854983036,0.6,/work3/arnaou/checkpoints/groupgat_Vc_trial_1558_best_state.pt,"{'learning_rate': 0.0010374123854983036, 'lr_reduce': 0.6}",TPESampler,COMPLETE
1559,0.010652577504515648,2025-04-26 00:49:37.429957,2025-04-26 00:50:37.315164,0 days 00:00:59.885207,0.024165717031109167,176,2,3,112,0.09344705859154022,96,4,2,80,0.18968790162983665,32,3,1,128,0.10206423436108801,344,320.0,216.0,3,2,0.003540693158111413,0.6,/work3/arnaou/checkpoints/groupgat_Vc_trial_1559_best_state.pt,"{'learning_rate': 0.003540693158111413, 'lr_reduce': 0.6}",TPESampler,COMPLETE
1560,0.011208170093595982,2025-04-26 00:49:44.659379,2025-04-26 00:50:56.790851,0 days 00:01:12.131472,0.023126457934661164,144,4,2,112,0.10548709074281104,160,4,1,64,0.2587527990229821,80,2,3,112,0.14638263744974708,192,64.0,368.0,3,2,0.008727318933585823,0.6,/work3/arnaou/checkpoints/groupgat_Vc_trial_1560_best_state.pt,"{'learning_rate': 0.008727318933585823, 'lr_reduce': 0.6}",TPESampler,COMPLETE
1561,0.01374626811593771,2025-04-26 00:50:14.932030,2025-04-26 00:50:55.680077,0 days 00:00:40.748047,0.07082941806245426,224,4,4,48,0.1272771118250577,112,3,1,48,0.2844896034209476,64,3,3,128,0.254768579464938,272,480.0,296.0,3,1,0.0034050714595878985,0.6,/work3/arnaou/checkpoints/groupgat_Vc_trial_1561_best_state.pt,"{'learning_rate': 0.0034050714595878985, 'lr_reduce': 0.6}",TPESampler,COMPLETE
1562,0.010762209072709084,2025-04-26 00:50:37.688862,2025-04-26 00:51:47.408276,0 days 00:01:09.719414,0.08181176734032883,256,3,4,48,0.06360018967480989,224,3,2,48,0.1942837201277736,32,2,3,32,0.26317153512337665,136,376.0,432.0,3,2,0.003576635671182584,0.6,/work3/arnaou/checkpoints/groupgat_Vc_trial_1562_best_state.pt,"{'learning_rate': 0.003576635671182584, 'lr_reduce': 0.6}",TPESampler,COMPLETE
1563,0.023525822907686234,2025-04-26 00:50:55.967230,2025-04-26 00:51:40.551214,0 days 00:00:44.583984,0.04410704055162963,160,4,2,48,0.008286401061801596,192,4,1,32,0.005229486640787219,96,1,3,112,0.022825964294084268,104,424.0,248.0,3,2,0.0019056773874819655,0.6,/work3/arnaou/checkpoints/groupgat_Vc_trial_1563_best_state.pt,"{'learning_rate': 0.0019056773874819655, 'lr_reduce': 0.6}",TPESampler,COMPLETE
1564,0.041365113109350204,2025-04-26 00:50:57.106828,2025-04-26 00:52:40.602471,0 days 00:01:43.495643,0.1540358957268478,80,4,1,48,0.05020407588101686,128,2,4,80,0.06129479263927762,80,1,2,80,0.19896992063000704,496,408.0,,2,1,0.0007062097723725176,0.6,/work3/arnaou/checkpoints/groupgat_Vc_trial_1564_best_state.pt,"{'learning_rate': 0.0007062097723725176, 'lr_reduce': 0.6}",TPESampler,COMPLETE
1565,0.012198070995509624,2025-04-26 00:51:40.871272,2025-04-26 00:52:47.572823,0 days 00:01:06.701551,0.10645477344806713,240,3,1,48,0.1103525634245207,96,1,1,32,0.0037162802007414397,48,1,4,128,0.19492406878015342,272,480.0,328.0,3,2,0.0025663049199269286,0.6,/work3/arnaou/checkpoints/groupgat_Vc_trial_1565_best_state.pt,"{'learning_rate': 0.0025663049199269286, 'lr_reduce': 0.6}",TPESampler,COMPLETE
1566,0.03984971344470978,2025-04-26 00:51:47.732509,2025-04-26 00:53:08.565273,0 days 00:01:20.832764,0.26486921191524326,64,4,3,96,0.18458946185888178,256,2,1,32,0.18309293911348906,128,3,3,80,0.16549438805955458,440,296.0,,2,1,0.00038796637700162513,0.6,/work3/arnaou/checkpoints/groupgat_Vc_trial_1566_best_state.pt,"{'learning_rate': 0.00038796637700162513, 'lr_reduce': 0.6}",TPESampler,COMPLETE
1567,0.016970600932836533,2025-04-26 00:52:40.932915,2025-04-26 00:53:25.641461,0 days 00:00:44.708546,0.09851118647286729,112,4,2,80,0.0580386724099583,176,3,2,80,0.16630285837407852,32,1,4,48,0.19222806458928784,128,360.0,,2,1,0.0038030729103861773,0.6,/work3/arnaou/checkpoints/groupgat_Vc_trial_1567_best_state.pt,"{'learning_rate': 0.0038030729103861773, 'lr_reduce': 0.6}",TPESampler,COMPLETE
1568,0.011196582578122616,2025-04-26 00:52:48.008878,2025-04-26 00:54:01.227122,0 days 00:01:13.218244,0.12074221072994876,176,1,3,80,0.0419294591336315,96,3,1,112,0.12844120714879484,32,4,3,112,0.20774462447794867,248,440.0,208.0,3,2,0.004343264494454451,0.6,/work3/arnaou/checkpoints/groupgat_Vc_trial_1568_best_state.pt,"{'learning_rate': 0.004343264494454451, 'lr_reduce': 0.6}",TPESampler,COMPLETE
1569,0.018228137865662575,2025-04-26 00:53:08.937420,2025-04-26 00:53:56.595829,0 days 00:00:47.658409,0.020007408403541024,224,4,3,32,0.020840049852976272,160,4,1,48,0.22709408256815083,32,2,3,112,0.2500031724756074,136,224.0,272.0,3,2,0.001984686967249507,0.6,/work3/arnaou/checkpoints/groupgat_Vc_trial_1569_best_state.pt,"{'learning_rate': 0.001984686967249507, 'lr_reduce': 0.6}",TPESampler,COMPLETE
1570,0.008416223339736462,2025-04-26 00:53:25.928481,2025-04-26 00:54:37.080756,0 days 00:01:11.152275,0.024821952565972985,192,4,4,80,0.10336799574095402,64,3,2,48,0.29952842176968764,96,1,3,64,0.2214236335009954,72,400.0,152.0,3,2,0.0030492347574586384,0.6,/work3/arnaou/checkpoints/groupgat_Vc_trial_1570_best_state.pt,"{'learning_rate': 0.0030492347574586384, 'lr_reduce': 0.6}",TPESampler,COMPLETE
1571,0.011775693856179714,2025-04-26 00:53:56.978983,2025-04-26 00:54:49.429843,0 days 00:00:52.450860,0.06365244777305834,208,3,3,48,0.12731382584648976,96,3,1,32,0.21964726357980716,48,1,2,80,0.12511079622705495,200,480.0,376.0,3,2,0.003357197726694728,0.6,/work3/arnaou/checkpoints/groupgat_Vc_trial_1571_best_state.pt,"{'learning_rate': 0.003357197726694728, 'lr_reduce': 0.6}",TPESampler,COMPLETE
1572,0.014227465726435184,2025-04-26 00:54:01.593931,2025-04-26 00:56:00.652960,0 days 00:01:59.059029,0.20071358245239526,128,3,4,128,0.2582848767422764,112,3,1,112,0.2579691046392958,64,4,2,80,0.06206859486034812,96,336.0,,2,1,0.0019830183601818496,0.6,/work3/arnaou/checkpoints/groupgat_Vc_trial_1572_best_state.pt,"{'learning_rate': 0.0019830183601818496, 'lr_reduce': 0.6}",TPESampler,COMPLETE
1573,0.018456244841217995,2025-04-26 00:54:37.455557,2025-04-26 00:56:15.122532,0 days 00:01:37.666975,0.1431096670919435,224,4,4,80,0.03678665806556194,64,3,2,80,0.17580913753621163,32,1,3,128,0.19497838277814245,208,368.0,144.0,3,2,0.009736933006640235,0.6,/work3/arnaou/checkpoints/groupgat_Vc_trial_1573_best_state.pt,"{'learning_rate': 0.009736933006640235, 'lr_reduce': 0.6}",TPESampler,COMPLETE
1574,0.017577191814780235,2025-04-26 00:54:49.709005,2025-04-26 00:55:40.744562,0 days 00:00:51.035557,0.1341686977933853,256,4,3,64,0.006715448648248571,64,4,2,48,0.21606431089509148,32,1,3,96,0.19922699755517378,248,368.0,,2,2,0.0027928683222856188,0.6,/work3/arnaou/checkpoints/groupgat_Vc_trial_1574_best_state.pt,"{'learning_rate': 0.0027928683222856188, 'lr_reduce': 0.6}",TPESampler,COMPLETE
1575,0.011639983393251896,2025-04-26 00:55:41.083077,2025-04-26 00:56:53.380208,0 days 00:01:12.297131,0.0477147832767606,256,2,3,112,0.03422782747970765,64,2,2,96,0.24704411222678227,48,1,3,128,0.0690182592452423,152,368.0,104.0,3,1,0.00931309853718364,0.6,/work3/arnaou/checkpoints/groupgat_Vc_trial_1575_best_state.pt,"{'learning_rate': 0.00931309853718364, 'lr_reduce': 0.6}",TPESampler,COMPLETE
1576,0.0193057619035244,2025-04-26 00:56:01.014522,2025-04-26 00:57:22.558248,0 days 00:01:21.543726,0.026068109704620937,208,4,4,80,0.06764918768938641,96,2,2,32,0.2320112585710694,112,1,3,64,0.2514816084017187,40,384.0,96.0,3,2,0.008163920971856885,0.6,/work3/arnaou/checkpoints/groupgat_Vc_trial_1576_best_state.pt,"{'learning_rate': 0.008163920971856885, 'lr_reduce': 0.6}",TPESampler,COMPLETE
1577,0.012781679630279541,2025-04-26 00:56:15.452699,2025-04-26 00:57:35.425298,0 days 00:01:19.972599,0.12479788876559014,240,3,4,48,0.00629465323096096,112,4,3,32,0.25212724006555287,48,3,2,128,0.039878309188067784,272,336.0,136.0,3,2,0.008690180515549342,0.6,/work3/arnaou/checkpoints/groupgat_Vc_trial_1577_best_state.pt,"{'learning_rate': 0.008690180515549342, 'lr_reduce': 0.6}",TPESampler,COMPLETE
1578,0.025313176214694977,2025-04-26 00:56:53.803064,2025-04-26 00:58:02.976632,0 days 00:01:09.173568,0.03676192916511765,256,3,3,64,0.07297578679143976,208,1,3,48,0.08512462910545102,32,2,2,80,0.29571076958022974,384,392.0,136.0,3,1,0.007168629116920229,0.6,/work3/arnaou/checkpoints/groupgat_Vc_trial_1578_best_state.pt,"{'learning_rate': 0.007168629116920229, 'lr_reduce': 0.6}",TPESampler,COMPLETE
1579,0.015250112861394882,2025-04-26 00:57:22.894854,2025-04-26 00:58:19.447408,0 days 00:00:56.552554,0.297998903874106,112,2,4,96,0.2861204057037121,144,4,3,96,0.23193465615558723,80,2,1,80,0.0007706070400241571,320,304.0,,2,1,0.003529734427408607,0.6,/work3/arnaou/checkpoints/groupgat_Vc_trial_1579_best_state.pt,"{'learning_rate': 0.003529734427408607, 'lr_reduce': 0.6}",TPESampler,COMPLETE
1580,0.01171070896089077,2025-04-26 00:57:35.756861,2025-04-26 00:58:53.384159,0 days 00:01:17.627298,0.0026413211477860424,192,3,3,64,0.07528144966530823,112,4,2,48,0.2545418949735496,80,1,2,64,0.16124093678883739,32,392.0,152.0,3,2,0.0035218991279814464,0.6,/work3/arnaou/checkpoints/groupgat_Vc_trial_1580_best_state.pt,"{'learning_rate': 0.0035218991279814464, 'lr_reduce': 0.6}",TPESampler,COMPLETE
1581,0.013229180127382278,2025-04-26 00:58:03.347995,2025-04-26 00:59:12.359121,0 days 00:01:09.011126,0.1052085012806233,256,4,3,32,0.056768695645017304,112,2,2,48,0.24415847357408949,32,2,2,112,0.16090119280263002,264,336.0,152.0,3,2,0.0044820126438190515,0.6,/work3/arnaou/checkpoints/groupgat_Vc_trial_1581_best_state.pt,"{'learning_rate': 0.0044820126438190515, 'lr_reduce': 0.6}",TPESampler,COMPLETE
1582,0.03561285138130188,2025-04-26 00:58:19.728093,2025-04-26 00:59:02.143231,0 days 00:00:42.415138,0.15576210508632765,192,4,4,80,0.10501102476667201,64,4,2,48,0.2772093322481582,112,2,3,80,0.1950387078773741,56,392.0,176.0,3,2,0.00119312974294053,0.6,/work3/arnaou/checkpoints/groupgat_Vc_trial_1582_best_state.pt,"{'learning_rate': 0.00119312974294053, 'lr_reduce': 0.6}",TPESampler,COMPLETE
1583,0.01189390942454338,2025-04-26 00:58:53.821050,2025-04-26 01:00:32.485783,0 days 00:01:38.664733,0.04215498423000293,256,3,2,128,0.10277373512051381,128,3,1,112,0.19429305294776344,32,2,3,112,0.10881117497288514,168,272.0,128.0,3,1,0.0013792486743555818,0.6,/work3/arnaou/checkpoints/groupgat_Vc_trial_1583_best_state.pt,"{'learning_rate': 0.0013792486743555818, 'lr_reduce': 0.6}",TPESampler,COMPLETE
1584,0.0963539406657219,2025-04-26 00:59:02.458987,2025-04-26 01:00:44.073249,0 days 00:01:41.614262,0.07372133020499086,208,4,1,80,0.2089862491463884,64,2,4,112,0.10319536603356382,32,3,4,96,0.11338008033835059,224,352.0,176.0,3,1,0.0001603177503511334,0.6,/work3/arnaou/checkpoints/groupgat_Vc_trial_1584_best_state.pt,"{'learning_rate': 0.0001603177503511334, 'lr_reduce': 0.6}",TPESampler,COMPLETE
1585,0.01187724620103836,2025-04-26 00:59:12.715143,2025-04-26 01:00:36.044812,0 days 00:01:23.329669,0.05812973654833316,256,4,4,48,0.05617594091220014,224,2,2,48,0.12158178071325776,32,3,3,112,0.29698798267290943,160,392.0,176.0,3,2,0.004882570763781875,0.6,/work3/arnaou/checkpoints/groupgat_Vc_trial_1585_best_state.pt,"{'learning_rate': 0.004882570763781875, 'lr_reduce': 0.6}",TPESampler,COMPLETE
1586,0.010256747715175152,2025-04-26 01:00:32.815551,2025-04-26 01:01:51.606721,0 days 00:01:18.791170,0.0323571760587714,160,3,4,80,0.09842526060546429,80,3,3,48,0.2875953558457554,96,2,3,48,0.16668140624550248,96,320.0,184.0,3,2,0.003831686733353547,0.6,/work3/arnaou/checkpoints/groupgat_Vc_trial_1586_best_state.pt,"{'learning_rate': 0.003831686733353547, 'lr_reduce': 0.6}",TPESampler,COMPLETE
1587,0.014785469509661198,2025-04-26 01:00:36.404548,2025-04-26 01:01:32.781878,0 days 00:00:56.377330,0.08611134396182629,224,4,4,96,0.19007627190983148,256,2,2,32,0.20802007401061878,32,2,2,128,0.25960975915244955,48,128.0,,2,2,0.0011666971572331293,0.6,/work3/arnaou/checkpoints/groupgat_Vc_trial_1587_best_state.pt,"{'learning_rate': 0.0011666971572331293, 'lr_reduce': 0.6}",TPESampler,COMPLETE
1588,0.17990536987781525,2025-04-26 01:00:44.521461,2025-04-26 01:01:23.401728,0 days 00:00:38.880267,0.03755371454796598,208,4,1,80,0.07270879174406594,144,3,4,128,0.18634302349585183,64,4,1,48,0.07563362530447228,480,408.0,,2,1,0.0013744151769609647,0.6,/work3/arnaou/checkpoints/groupgat_Vc_trial_1588_best_state.pt,"{'learning_rate': 0.0013744151769609647, 'lr_reduce': 0.6}",TPESampler,COMPLETE
1589,0.025110701099038124,2025-04-26 01:01:23.730022,2025-04-26 01:02:27.271158,0 days 00:01:03.541136,0.22459115722014367,160,2,3,48,0.13577716460435094,240,3,2,48,0.2945975692353604,96,3,3,96,0.18576902084601982,408,,,1,1,0.0026529245349670148,0.6,/work3/arnaou/checkpoints/groupgat_Vc_trial_1589_best_state.pt,"{'learning_rate': 0.0026529245349670148, 'lr_reduce': 0.6}",TPESampler,COMPLETE
1590,0.013094686903059483,2025-04-26 01:01:33.127816,2025-04-26 01:03:07.773204,0 days 00:01:34.645388,0.056069997052236434,160,2,1,80,0.021434620449319743,144,3,2,32,0.16813254682325737,96,1,4,112,0.05045027890160111,296,248.0,120.0,3,2,0.007835709412183365,0.6,/work3/arnaou/checkpoints/groupgat_Vc_trial_1590_best_state.pt,"{'learning_rate': 0.007835709412183365, 'lr_reduce': 0.6}",TPESampler,COMPLETE
1591,0.010922501794993877,2025-04-26 01:01:52.018863,2025-04-26 01:03:23.783410,0 days 00:01:31.764547,0.09306452374932624,240,4,4,80,0.07252963352960565,80,3,1,32,0.275705961100709,32,1,2,96,0.13715035395990124,144,400.0,80.0,3,2,0.0024419737643064216,0.6,/work3/arnaou/checkpoints/groupgat_Vc_trial_1591_best_state.pt,"{'learning_rate': 0.0024419737643064216, 'lr_reduce': 0.6}",TPESampler,COMPLETE
1592,0.011682420037686825,2025-04-26 01:02:27.684023,2025-04-26 01:03:48.725208,0 days 00:01:21.041185,0.1727132732078542,224,1,1,96,0.22481442092452553,256,2,1,112,0.09127509913280199,80,1,1,64,0.21032298173677497,312,352.0,192.0,3,2,0.00018833131543227676,0.6,/work3/arnaou/checkpoints/groupgat_Vc_trial_1592_best_state.pt,"{'learning_rate': 0.00018833131543227676, 'lr_reduce': 0.6}",TPESampler,COMPLETE
