number,value,datetime_start,datetime_complete,duration,params_L1_dropout,params_L1_hidden_dim,params_L1_layers_atom,params_L1_layers_mol,params_L1_out_dim,params_L2_dropout,params_L2_hidden_dim,params_L2_layers_atom,params_L2_layers_mol,params_L2_out_dim,params_L3_dropout,params_L3_hidden_dim,params_L3_layers_atom,params_L3_layers_mol,params_L3_out_dim,params_final_dropout,params_mlp_dim_0,params_mlp_dim_1,params_mlp_dim_2,params_n_mlp_layers,params_num_heads,params_train_learning_rate,params_train_lr_reduce,user_attrs_best_state_dict_path,user_attrs_training_params,system_attrs_auto:sampler,state
1170,0.009976411238312721,2025-04-25 22:10:31.247358,2025-04-25 22:11:46.943860,0 days 00:01:15.696502,0.02649534743197985,240,4,4,48,0.15407896192944087,144,4,1,32,0.21100069566440996,64,3,4,96,0.21096993597715713,64,472.0,264.0,3,1,0.004220927121975052,0.6,/work3/arnaou/checkpoints/groupgat_Vc_trial_1170_best_state.pt,"{'learning_rate': 0.004220927121975052, 'lr_reduce': 0.6}",TPESampler,COMPLETE
1171,0.03133251518011093,2025-04-25 22:11:15.839803,2025-04-25 22:12:01.897301,0 days 00:00:46.057498,0.13170414556440213,240,3,3,48,0.18882089743168867,96,4,1,80,0.23833705500089986,48,1,4,64,0.0713977707993903,48,,,1,2,0.0015014974731806013,0.6,/work3/arnaou/checkpoints/groupgat_Vc_trial_1171_best_state.pt,"{'learning_rate': 0.0015014974731806013, 'lr_reduce': 0.6}",TPESampler,COMPLETE
1172,0.012614183127880096,2025-04-25 22:11:28.100426,2025-04-25 22:12:25.226550,0 days 00:00:57.126124,0.014972127565069635,240,3,4,48,0.15791065306680982,192,4,1,48,0.24253700325662675,48,2,2,96,0.23181083389491897,168,424.0,336.0,3,2,0.0032089988381892205,0.6,/work3/arnaou/checkpoints/groupgat_Vc_trial_1172_best_state.pt,"{'learning_rate': 0.0032089988381892205, 'lr_reduce': 0.6}",TPESampler,COMPLETE
1173,0.013198143802583218,2025-04-25 22:11:47.191663,2025-04-25 22:13:06.614276,0 days 00:01:19.422613,0.05734352475321278,240,3,4,80,0.18518214189275134,160,4,1,80,0.1377595814280496,80,3,1,112,0.20074767830973156,152,360.0,208.0,3,2,0.0059825459702271865,0.6,/work3/arnaou/checkpoints/groupgat_Vc_trial_1173_best_state.pt,"{'learning_rate': 0.0059825459702271865, 'lr_reduce': 0.6}",TPESampler,COMPLETE
1174,0.019318215548992157,2025-04-25 22:12:02.236043,2025-04-25 22:13:19.785177,0 days 00:01:17.549134,0.1190157938428432,240,2,2,32,0.03859803723229581,160,2,2,80,0.21162998354172557,80,4,3,112,0.20491861772892767,144,440.0,376.0,3,2,0.008613656099944326,0.6,/work3/arnaou/checkpoints/groupgat_Vc_trial_1174_best_state.pt,"{'learning_rate': 0.008613656099944326, 'lr_reduce': 0.6}",TPESampler,COMPLETE
1175,0.010764079168438911,2025-04-25 22:12:25.633044,2025-04-25 22:13:21.565565,0 days 00:00:55.932521,0.04273907667740796,192,3,1,64,0.04939038811498732,176,4,1,32,0.24298313505362926,96,2,2,128,0.10425958632446426,152,472.0,304.0,3,1,0.0036996300006199878,0.6,/work3/arnaou/checkpoints/groupgat_Vc_trial_1175_best_state.pt,"{'learning_rate': 0.0036996300006199878, 'lr_reduce': 0.6}",TPESampler,COMPLETE
1176,0.028522882610559464,2025-04-25 22:13:06.916487,2025-04-25 22:14:03.915849,0 days 00:00:56.999362,0.004832937070101705,240,3,4,80,0.03562518980824081,240,2,2,32,0.018638097708303103,32,3,4,32,0.29811914050985583,40,320.0,,2,2,0.00951673407117611,0.6,/work3/arnaou/checkpoints/groupgat_Vc_trial_1176_best_state.pt,"{'learning_rate': 0.00951673407117611, 'lr_reduce': 0.6}",TPESampler,COMPLETE
1177,0.014661174267530441,2025-04-25 22:13:20.038716,2025-04-25 22:14:24.103357,0 days 00:01:04.064641,0.0017216454179267535,144,3,1,80,0.12171120869710954,160,4,1,96,0.07089907699829118,48,1,4,96,0.2354228969697452,208,512.0,,2,2,0.003314523917373501,0.6,/work3/arnaou/checkpoints/groupgat_Vc_trial_1177_best_state.pt,"{'learning_rate': 0.003314523917373501, 'lr_reduce': 0.6}",TPESampler,COMPLETE
1178,0.015466888435184956,2025-04-25 22:13:21.839118,2025-04-25 22:14:41.601101,0 days 00:01:19.761983,0.08726223977585085,192,4,2,64,0.050506736473968715,64,4,1,48,0.24713578038797934,96,1,3,112,0.08565589266447862,288,400.0,448.0,3,2,0.007002814095358314,0.6,/work3/arnaou/checkpoints/groupgat_Vc_trial_1178_best_state.pt,"{'learning_rate': 0.007002814095358314, 'lr_reduce': 0.6}",TPESampler,COMPLETE
1179,0.012247106991708279,2025-04-25 22:14:04.248341,2025-04-25 22:15:11.267701,0 days 00:01:07.019360,0.007983051095802569,64,3,1,48,0.10293459770365475,112,4,2,48,0.19059899862678564,48,1,4,64,0.1673954434351732,56,448.0,,2,1,0.008305319571004853,0.6,/work3/arnaou/checkpoints/groupgat_Vc_trial_1179_best_state.pt,"{'learning_rate': 0.008305319571004853, 'lr_reduce': 0.6}",TPESampler,COMPLETE
1180,0.015072351321578026,2025-04-25 22:14:24.379568,2025-04-25 22:16:24.744120,0 days 00:02:00.364552,0.010816114629820845,176,4,4,96,0.0974629365440841,192,4,1,32,0.17030738913895352,80,1,4,128,0.13966378786746514,104,400.0,152.0,3,2,0.004963028633248574,0.6,/work3/arnaou/checkpoints/groupgat_Vc_trial_1180_best_state.pt,"{'learning_rate': 0.004963028633248574, 'lr_reduce': 0.6}",TPESampler,COMPLETE
1181,0.012905868701636791,2025-04-25 22:14:41.874788,2025-04-25 22:15:58.122326,0 days 00:01:16.247538,0.06996605999793903,112,4,3,96,0.07951886804376998,64,3,1,112,0.2940136443992511,32,2,4,64,0.27517646267566853,48,480.0,,2,2,0.006873860581213083,0.6,/work3/arnaou/checkpoints/groupgat_Vc_trial_1181_best_state.pt,"{'learning_rate': 0.006873860581213083, 'lr_reduce': 0.6}",TPESampler,COMPLETE
1182,0.01454554870724678,2025-04-25 22:15:11.787621,2025-04-25 22:16:22.169220,0 days 00:01:10.381599,0.047776856262827086,224,4,4,32,0.10849083430988068,144,2,3,32,0.1572475850046452,64,2,1,112,0.24890513278902165,160,184.0,248.0,3,1,0.0009994804219984573,0.6,/work3/arnaou/checkpoints/groupgat_Vc_trial_1182_best_state.pt,"{'learning_rate': 0.0009994804219984573, 'lr_reduce': 0.6}",TPESampler,COMPLETE
1183,0.010421894490718842,2025-04-25 22:15:58.386781,2025-04-25 22:16:59.887528,0 days 00:01:01.500747,0.009866110776296264,256,3,4,80,0.1201670387748682,256,2,1,48,0.04972699474029734,32,3,3,96,0.25592498677279474,200,432.0,,2,2,0.002706509600079199,0.6,/work3/arnaou/checkpoints/groupgat_Vc_trial_1183_best_state.pt,"{'learning_rate': 0.002706509600079199, 'lr_reduce': 0.6}",TPESampler,COMPLETE
1184,0.011680456809699535,2025-04-25 22:16:22.451560,2025-04-25 22:17:11.785801,0 days 00:00:49.334241,0.05982297955338062,208,2,3,48,0.156727258104016,64,3,2,32,0.20265113512142052,96,1,4,80,0.2707288976486414,120,376.0,336.0,3,2,0.0036140690028787477,0.6,/work3/arnaou/checkpoints/groupgat_Vc_trial_1184_best_state.pt,"{'learning_rate': 0.0036140690028787477, 'lr_reduce': 0.6}",TPESampler,COMPLETE
1185,0.02684500813484192,2025-04-25 22:16:24.962131,2025-04-25 22:17:21.802185,0 days 00:00:56.840054,0.18438997031585963,176,3,4,64,0.1455805915251533,80,4,1,80,0.2527224988801419,48,2,4,112,0.2933525448778548,256,,,1,1,0.0076069353394746875,0.6,/work3/arnaou/checkpoints/groupgat_Vc_trial_1185_best_state.pt,"{'learning_rate': 0.0076069353394746875, 'lr_reduce': 0.6}",TPESampler,COMPLETE
1186,0.013555562123656273,2025-04-25 22:17:00.218039,2025-04-25 22:18:31.129932,0 days 00:01:30.911893,0.18711599174578297,224,1,2,32,0.01717875042726232,160,2,2,64,0.2897036021193401,96,3,4,80,0.22966661111567938,296,480.0,280.0,3,2,0.0005438409756744175,0.6,/work3/arnaou/checkpoints/groupgat_Vc_trial_1186_best_state.pt,"{'learning_rate': 0.0005438409756744175, 'lr_reduce': 0.6}",TPESampler,COMPLETE
1187,0.011124292388558388,2025-04-25 22:17:12.136794,2025-04-25 22:18:07.758781,0 days 00:00:55.621987,0.014457883180134926,176,4,1,48,0.004281203286295595,160,3,1,64,0.020285511622958868,80,2,2,128,0.05186082296223958,144,432.0,368.0,3,2,0.0021145812008277988,0.6,/work3/arnaou/checkpoints/groupgat_Vc_trial_1187_best_state.pt,"{'learning_rate': 0.0021145812008277988, 'lr_reduce': 0.6}",TPESampler,COMPLETE
1188,0.015790292993187904,2025-04-25 22:17:22.087734,2025-04-25 22:18:28.934950,0 days 00:01:06.847216,0.018098976586623655,144,4,3,32,0.2130284616440617,64,2,4,32,0.284350772620392,128,2,2,64,0.25878399295126076,272,,,1,2,0.003899219361854553,0.6,/work3/arnaou/checkpoints/groupgat_Vc_trial_1188_best_state.pt,"{'learning_rate': 0.003899219361854553, 'lr_reduce': 0.6}",TPESampler,COMPLETE
1189,0.014084246009588242,2025-04-25 22:18:08.047165,2025-04-25 22:19:09.338442,0 days 00:01:01.291277,0.014544748057287109,256,4,3,48,0.16031178860412001,128,2,2,48,0.16107150328285327,80,3,3,112,0.2823546981159944,248,472.0,216.0,3,1,0.0029856294829879652,0.6,/work3/arnaou/checkpoints/groupgat_Vc_trial_1189_best_state.pt,"{'learning_rate': 0.0029856294829879652, 'lr_reduce': 0.6}",TPESampler,COMPLETE
1190,0.012744971551001072,2025-04-25 22:18:29.294797,2025-04-25 22:19:35.210556,0 days 00:01:05.915759,0.003449605937582781,224,4,3,32,0.09691329374869041,192,2,3,32,0.23553093012861415,32,1,2,112,0.2735370652084058,456,304.0,400.0,3,1,0.002948920472833417,0.6,/work3/arnaou/checkpoints/groupgat_Vc_trial_1190_best_state.pt,"{'learning_rate': 0.002948920472833417, 'lr_reduce': 0.6}",TPESampler,COMPLETE
1191,0.013437476009130478,2025-04-25 22:18:31.465550,2025-04-25 22:20:05.286879,0 days 00:01:33.821329,0.07378491313510138,176,4,1,64,0.08056574905661092,192,4,2,128,0.14483309450469348,48,1,3,80,0.16238158757894444,32,392.0,288.0,3,2,0.005567548857160212,0.6,/work3/arnaou/checkpoints/groupgat_Vc_trial_1191_best_state.pt,"{'learning_rate': 0.005567548857160212, 'lr_reduce': 0.6}",TPESampler,COMPLETE
1192,0.017542269080877304,2025-04-25 22:19:09.680506,2025-04-25 22:20:00.022414,0 days 00:00:50.341908,0.13024940905378737,160,4,3,48,0.17555106365191103,112,4,1,80,0.25582078384078333,32,4,4,96,0.22995018711086396,56,512.0,,2,2,0.002591502999505604,0.6,/work3/arnaou/checkpoints/groupgat_Vc_trial_1192_best_state.pt,"{'learning_rate': 0.002591502999505604, 'lr_reduce': 0.6}",TPESampler,COMPLETE
1193,0.015136493369936943,2025-04-25 22:19:35.493320,2025-04-25 22:20:40.490901,0 days 00:01:04.997581,0.21890245387219248,240,1,3,96,0.06368084696944629,128,1,1,64,0.22094096015169074,32,1,1,64,0.2412757209444734,496,,,1,1,0.0007822263871143105,0.6,/work3/arnaou/checkpoints/groupgat_Vc_trial_1193_best_state.pt,"{'learning_rate': 0.0007822263871143105, 'lr_reduce': 0.6}",TPESampler,COMPLETE
1194,0.11171132326126099,2025-04-25 22:20:00.387610,2025-04-25 22:21:31.204369,0 days 00:01:30.816759,0.2581860243402551,144,1,1,48,0.2269762273437806,96,3,3,96,0.16298344802249762,48,2,2,112,0.21643605397832166,400,424.0,168.0,3,1,0.00028366401586848484,0.6,/work3/arnaou/checkpoints/groupgat_Vc_trial_1194_best_state.pt,"{'learning_rate': 0.00028366401586848484, 'lr_reduce': 0.6}",TPESampler,COMPLETE
1195,0.03548286482691765,2025-04-25 22:20:05.829883,2025-04-25 22:21:28.930656,0 days 00:01:23.100773,0.07133004105946564,160,4,4,48,0.1038152461409202,144,4,1,96,0.29254986940114064,32,2,4,128,0.1514287691836923,32,360.0,,2,2,0.007942971547658457,0.6,/work3/arnaou/checkpoints/groupgat_Vc_trial_1195_best_state.pt,"{'learning_rate': 0.007942971547658457, 'lr_reduce': 0.6}",TPESampler,COMPLETE
1196,0.010702223517000675,2025-04-25 22:20:40.789067,2025-04-25 22:21:41.558167,0 days 00:01:00.769100,0.07805673150056183,224,2,3,80,0.16951586590848824,128,3,1,48,0.2068299325617111,64,1,4,96,0.20872154048852443,272,56.0,328.0,3,2,0.0034085482356633495,0.6,/work3/arnaou/checkpoints/groupgat_Vc_trial_1196_best_state.pt,"{'learning_rate': 0.0034085482356633495, 'lr_reduce': 0.6}",TPESampler,COMPLETE
1197,0.01257670670747757,2025-04-25 22:21:29.203526,2025-04-25 22:22:15.528066,0 days 00:00:46.324540,0.1484584815700475,192,2,4,48,0.12306724583310788,208,3,2,48,0.19149499694142058,32,2,2,32,0.1736618603454576,32,440.0,,2,2,0.0030036503453505334,0.6,/work3/arnaou/checkpoints/groupgat_Vc_trial_1197_best_state.pt,"{'learning_rate': 0.0030036503453505334, 'lr_reduce': 0.6}",TPESampler,COMPLETE
1198,0.009986169636249542,2025-04-25 22:21:31.537395,2025-04-25 22:23:13.868196,0 days 00:01:42.330801,0.006951423495178811,112,4,2,112,0.010540178799544539,176,4,1,64,0.1811065007652493,64,2,3,128,0.11469884370666664,56,464.0,,2,2,0.006618172270528888,0.6,/work3/arnaou/checkpoints/groupgat_Vc_trial_1198_best_state.pt,"{'learning_rate': 0.006618172270528888, 'lr_reduce': 0.6}",TPESampler,COMPLETE
1199,0.01242739986628294,2025-04-25 22:21:41.888596,2025-04-25 22:22:46.558261,0 days 00:01:04.669665,0.0598958740469928,192,3,2,80,0.16640063023758314,80,3,3,48,0.2660100245352407,128,1,4,80,0.19630264660216878,80,,,1,2,0.002442981330031631,0.6,/work3/arnaou/checkpoints/groupgat_Vc_trial_1199_best_state.pt,"{'learning_rate': 0.002442981330031631, 'lr_reduce': 0.6}",TPESampler,COMPLETE
1200,0.024003051221370697,2025-04-25 22:22:15.829022,2025-04-25 22:23:46.154096,0 days 00:01:30.325074,0.21111621417067475,160,1,3,48,0.29667381287549516,256,2,1,48,0.1453022880372096,96,2,2,32,0.19228091478357004,328,400.0,,2,2,0.0065532785380578605,0.6,/work3/arnaou/checkpoints/groupgat_Vc_trial_1200_best_state.pt,"{'learning_rate': 0.0065532785380578605, 'lr_reduce': 0.6}",TPESampler,COMPLETE
1201,0.015122795477509499,2025-04-25 22:22:46.947752,2025-04-25 22:23:44.228289,0 days 00:00:57.280537,0.04031559480466135,176,3,4,32,0.06890874941420029,240,2,2,32,0.15994445562117462,32,1,2,112,0.29785406748170234,160,512.0,264.0,3,1,0.004411580606943156,0.6,/work3/arnaou/checkpoints/groupgat_Vc_trial_1201_best_state.pt,"{'learning_rate': 0.004411580606943156, 'lr_reduce': 0.6}",TPESampler,COMPLETE
1202,0.010823589749634266,2025-04-25 22:23:14.335668,2025-04-25 22:24:25.665493,0 days 00:01:11.329825,0.020946499596296478,256,3,4,32,0.09803530362341717,160,1,2,32,0.2027893316378685,32,2,2,112,0.2796617116210846,216,440.0,232.0,3,1,0.008182223012733796,0.6,/work3/arnaou/checkpoints/groupgat_Vc_trial_1202_best_state.pt,"{'learning_rate': 0.008182223012733796, 'lr_reduce': 0.6}",TPESampler,COMPLETE
1203,0.012375925667583942,2025-04-25 22:23:44.522517,2025-04-25 22:25:01.232620,0 days 00:01:16.710103,0.0068191487737711875,160,3,4,64,0.15729359585152805,80,3,3,32,0.23967550027804393,80,1,2,48,0.1735902059190848,312,,,1,2,0.002465965384100442,0.6,/work3/arnaou/checkpoints/groupgat_Vc_trial_1203_best_state.pt,"{'learning_rate': 0.002465965384100442, 'lr_reduce': 0.6}",TPESampler,COMPLETE
1204,0.011316724121570587,2025-04-25 22:23:46.523419,2025-04-25 22:25:00.637683,0 days 00:01:14.114264,0.11984847556977758,256,1,3,32,0.022406742151552604,112,3,2,96,0.28604039619251154,48,4,4,64,0.20404056037295568,240,464.0,88.0,3,2,0.005682703926484929,0.6,/work3/arnaou/checkpoints/groupgat_Vc_trial_1204_best_state.pt,"{'learning_rate': 0.005682703926484929, 'lr_reduce': 0.6}",TPESampler,COMPLETE
1205,0.01292465254664421,2025-04-25 22:24:25.935791,2025-04-25 22:25:38.283651,0 days 00:01:12.347860,0.05721984634203999,256,2,4,48,0.0749645898072496,256,2,2,32,0.28695037347155966,32,1,2,32,0.20166189203369284,120,360.0,360.0,3,2,0.0007557723772440481,0.6,/work3/arnaou/checkpoints/groupgat_Vc_trial_1205_best_state.pt,"{'learning_rate': 0.0007557723772440481, 'lr_reduce': 0.6}",TPESampler,COMPLETE
1206,0.008563615381717682,2025-04-25 22:25:00.905222,2025-04-25 22:26:03.446627,0 days 00:01:02.541405,0.10473870491360211,176,2,1,48,0.03202246641384771,112,3,1,32,0.12022727795074171,64,1,4,112,0.06683558379447535,224,408.0,408.0,3,2,0.008579675420629936,0.6,/work3/arnaou/checkpoints/groupgat_Vc_trial_1206_best_state.pt,"{'learning_rate': 0.008579675420629936, 'lr_reduce': 0.6}",TPESampler,COMPLETE
1207,0.013826663605868816,2025-04-25 22:25:01.544821,2025-04-25 22:26:25.457799,0 days 00:01:23.912978,0.06131670687076795,144,4,2,128,0.10786084732149365,128,2,1,80,0.1779681837812885,64,2,3,128,0.07140740846926902,48,480.0,304.0,3,2,0.008862878848746916,0.6,/work3/arnaou/checkpoints/groupgat_Vc_trial_1207_best_state.pt,"{'learning_rate': 0.008862878848746916, 'lr_reduce': 0.6}",TPESampler,COMPLETE
1208,0.023317866027355194,2025-04-25 22:25:38.579260,2025-04-25 22:26:23.719884,0 days 00:00:45.140624,0.13966689384770206,224,3,4,112,0.05778226687870698,128,1,4,80,0.1205059941201186,48,3,1,96,0.10206020426874468,352,440.0,,2,1,0.003233801789851122,0.6,/work3/arnaou/checkpoints/groupgat_Vc_trial_1208_best_state.pt,"{'learning_rate': 0.003233801789851122, 'lr_reduce': 0.6}",TPESampler,COMPLETE
1209,0.013178855180740356,2025-04-25 22:26:04.799080,2025-04-25 22:27:32.336667,0 days 00:01:27.537587,0.2176057312041269,192,2,1,32,0.06803444592785832,144,4,2,64,0.14361592857375932,48,1,3,96,0.08365288248597537,296,352.0,512.0,3,2,0.003216436917677314,0.6,/work3/arnaou/checkpoints/groupgat_Vc_trial_1209_best_state.pt,"{'learning_rate': 0.003216436917677314, 'lr_reduce': 0.6}",TPESampler,COMPLETE
1210,0.023798106238245964,2025-04-25 22:26:24.074808,2025-04-25 22:27:47.367811,0 days 00:01:23.293003,0.16145885094739834,144,3,2,80,0.01960341502102107,176,4,1,64,0.23235557032987708,80,1,2,112,0.05963714723694294,272,360.0,432.0,3,2,0.008372452277536224,0.6,/work3/arnaou/checkpoints/groupgat_Vc_trial_1210_best_state.pt,"{'learning_rate': 0.008372452277536224, 'lr_reduce': 0.6}",TPESampler,COMPLETE
1211,0.017994266003370285,2025-04-25 22:26:25.738831,2025-04-25 22:27:23.169712,0 days 00:00:57.430881,0.00637115069954047,192,4,1,64,0.03187988136726929,64,4,1,32,0.1941923767325557,112,2,2,128,0.12206813974302307,160,392.0,456.0,3,2,0.003162691997930175,0.6,/work3/arnaou/checkpoints/groupgat_Vc_trial_1211_best_state.pt,"{'learning_rate': 0.003162691997930175, 'lr_reduce': 0.6}",TPESampler,COMPLETE
1212,0.01365036703646183,2025-04-25 22:27:23.456723,2025-04-25 22:29:30.664905,0 days 00:02:07.208182,0.08450626591835565,256,4,3,64,0.03522897456304268,96,3,2,32,0.13502382462997248,112,2,3,112,0.09527818303336953,88,304.0,416.0,3,2,0.0004657729901480197,0.6,/work3/arnaou/checkpoints/groupgat_Vc_trial_1212_best_state.pt,"{'learning_rate': 0.0004657729901480197, 'lr_reduce': 0.6}",TPESampler,COMPLETE
1213,0.027077633887529373,2025-04-25 22:27:32.667074,2025-04-25 22:28:08.964837,0 days 00:00:36.297763,0.10314432435375936,240,4,2,32,0.0486901480517447,64,4,2,64,0.20859708809443045,112,1,2,128,0.021295897886068324,208,384.0,,2,2,0.001533467930955826,0.6,/work3/arnaou/checkpoints/groupgat_Vc_trial_1213_best_state.pt,"{'learning_rate': 0.001533467930955826, 'lr_reduce': 0.6}",TPESampler,COMPLETE
1214,0.01252579502761364,2025-04-25 22:27:48.453411,2025-04-25 22:29:20.558189,0 days 00:01:32.104778,0.08007280677778267,160,4,3,32,0.05560777635757086,144,4,1,48,0.24494456411306215,48,3,4,96,0.1981687586128353,128,392.0,,2,2,0.005544347826309752,0.6,/work3/arnaou/checkpoints/groupgat_Vc_trial_1214_best_state.pt,"{'learning_rate': 0.005544347826309752, 'lr_reduce': 0.6}",TPESampler,COMPLETE
1215,1.013393759727478,2025-04-25 22:28:09.279877,2025-04-25 22:28:30.163099,0 days 00:00:20.883222,0.059308064305424395,256,4,3,48,0.051868338450059566,208,4,1,32,0.24805720296570866,80,2,4,128,0.2276065338087289,304,344.0,456.0,3,1,0.009057081769309762,0.6,/work3/arnaou/checkpoints/groupgat_Vc_trial_1215_best_state.pt,"{'learning_rate': 0.009057081769309762, 'lr_reduce': 0.6}",TPESampler,COMPLETE
1216,0.010531986132264137,2025-04-25 22:28:30.445766,2025-04-25 22:29:34.712104,0 days 00:01:04.266338,0.09003351782722312,128,1,1,80,0.0935994397230934,128,3,1,32,0.15725466835097668,48,1,3,128,0.04482736404536049,136,400.0,416.0,3,2,0.003972530032605011,0.6,/work3/arnaou/checkpoints/groupgat_Vc_trial_1216_best_state.pt,"{'learning_rate': 0.003972530032605011, 'lr_reduce': 0.6}",TPESampler,COMPLETE
1217,0.011836115270853043,2025-04-25 22:29:20.807155,2025-04-25 22:30:34.656683,0 days 00:01:13.849528,0.1058584973153237,144,2,1,48,0.06078236919645294,112,2,1,48,0.06895711939493954,64,2,4,112,0.10197861647983245,256,400.0,416.0,3,2,0.008979617733464654,0.6,/work3/arnaou/checkpoints/groupgat_Vc_trial_1217_best_state.pt,"{'learning_rate': 0.008979617733464654, 'lr_reduce': 0.6}",TPESampler,COMPLETE
1218,0.025467857718467712,2025-04-25 22:29:30.911582,2025-04-25 22:30:35.629095,0 days 00:01:04.717513,0.1746770072843309,256,3,4,32,0.1061852950371416,192,3,1,32,0.24484381497194915,48,4,3,96,0.12979592961098715,272,344.0,400.0,3,1,0.007066710301989198,0.6,/work3/arnaou/checkpoints/groupgat_Vc_trial_1218_best_state.pt,"{'learning_rate': 0.007066710301989198, 'lr_reduce': 0.6}",TPESampler,COMPLETE
1219,0.012938632629811764,2025-04-25 22:29:35.009200,2025-04-25 22:30:56.414537,0 days 00:01:21.405337,0.06577687749363506,160,2,1,64,0.002470853203185377,80,3,2,32,0.08432884257250833,48,2,3,128,0.0271683727162864,248,400.0,,2,2,0.0082904141832689,0.6,/work3/arnaou/checkpoints/groupgat_Vc_trial_1219_best_state.pt,"{'learning_rate': 0.0082904141832689, 'lr_reduce': 0.6}",TPESampler,COMPLETE
1220,0.01180754229426384,2025-04-25 22:30:34.884339,2025-04-25 22:31:48.279800,0 days 00:01:13.395461,0.05836631635790182,208,3,4,48,0.07410089850897664,240,2,3,96,0.24845156228612514,32,1,2,32,0.24278480269910677,200,408.0,,2,2,0.003965139738728699,0.6,/work3/arnaou/checkpoints/groupgat_Vc_trial_1220_best_state.pt,"{'learning_rate': 0.003965139738728699, 'lr_reduce': 0.6}",TPESampler,COMPLETE
1221,0.04022824391722679,2025-04-25 22:30:35.862659,2025-04-25 22:31:26.394056,0 days 00:00:50.531397,0.14544044971747333,208,3,2,48,0.04056091480605319,96,3,1,48,0.11822920607622509,64,1,4,80,0.049168507713455795,224,416.0,400.0,3,1,0.008807821903387256,0.6,/work3/arnaou/checkpoints/groupgat_Vc_trial_1221_best_state.pt,"{'learning_rate': 0.008807821903387256, 'lr_reduce': 0.6}",TPESampler,COMPLETE
1222,0.0134202241897583,2025-04-25 22:30:56.739146,2025-04-25 22:31:39.220545,0 days 00:00:42.481399,0.0006095421877275464,256,3,3,80,0.1601982927005393,176,3,1,112,0.2788782169669787,80,2,2,112,0.2527581524928271,40,352.0,360.0,3,1,0.002954150597172806,0.6,/work3/arnaou/checkpoints/groupgat_Vc_trial_1222_best_state.pt,"{'learning_rate': 0.002954150597172806, 'lr_reduce': 0.6}",TPESampler,COMPLETE
