number,value,datetime_start,datetime_complete,duration,params_L1_dropout,params_L1_hidden_dim,params_L1_layers_atom,params_L1_layers_mol,params_L1_out_dim,params_L2_dropout,params_L2_hidden_dim,params_L2_layers_atom,params_L2_layers_mol,params_L2_out_dim,params_L3_dropout,params_L3_hidden_dim,params_L3_layers_atom,params_L3_layers_mol,params_L3_out_dim,params_final_dropout,params_mlp_dim_0,params_mlp_dim_1,params_mlp_dim_2,params_n_mlp_layers,params_num_heads,params_train_learning_rate,params_train_lr_reduce,user_attrs_best_state_dict_path,user_attrs_training_params,system_attrs_auto:sampler,state
746,1.7889653444290161,2025-04-25 19:20:53.269878,2025-04-25 19:21:28.467068,0 days 00:00:35.197190,0.011100762895219732,208,4,2,128,0.10911390953693524,96,4,1,32,0.285530798095837,80,1,3,112,0.11227597441219983,32,456.0,248.0,3,2,0.00948050674936512,0.6,/work3/arnaou/checkpoints/groupgat_Vc_trial_746_best_state.pt,"{'learning_rate': 0.00948050674936512, 'lr_reduce': 0.6}",TPESampler,COMPLETE
747,0.032151415944099426,2025-04-25 19:21:07.515900,2025-04-25 19:22:07.791752,0 days 00:01:00.275852,0.05438779468599336,128,4,3,64,0.026939825024199386,224,2,3,32,0.2829045268381274,32,1,3,32,0.2597101991310252,104,464.0,272.0,3,1,0.00648013587746591,0.6,/work3/arnaou/checkpoints/groupgat_Vc_trial_747_best_state.pt,"{'learning_rate': 0.00648013587746591, 'lr_reduce': 0.6}",TPESampler,COMPLETE
748,0.010246525518596172,2025-04-25 19:21:07.636174,2025-04-25 19:22:25.163116,0 days 00:01:17.526942,0.023168225927907758,144,4,2,80,0.04769597155114083,128,4,1,96,0.2677317351927455,48,2,4,80,0.2678562873151366,56,512.0,,2,2,0.005644142195696628,0.6,/work3/arnaou/checkpoints/groupgat_Vc_trial_748_best_state.pt,"{'learning_rate': 0.005644142195696628, 'lr_reduce': 0.6}",TPESampler,COMPLETE
749,0.014482548460364342,2025-04-25 19:21:28.739243,2025-04-25 19:22:27.253189,0 days 00:00:58.513946,0.055136015501041136,112,4,2,64,0.06536257607446294,160,4,2,112,0.11395938297865937,48,1,3,64,0.18207055609895512,104,,,1,1,0.0016897876912029166,0.6,/work3/arnaou/checkpoints/groupgat_Vc_trial_749_best_state.pt,"{'learning_rate': 0.0016897876912029166, 'lr_reduce': 0.6}",TPESampler,COMPLETE
750,0.016237929463386536,2025-04-25 19:22:08.010029,2025-04-25 19:23:37.818729,0 days 00:01:29.808700,0.06642089545138846,240,3,4,80,0.0769112531566166,112,2,4,80,0.2496906378200917,96,3,3,48,0.21606010816086235,288,440.0,,2,2,0.004589679060016852,0.6,/work3/arnaou/checkpoints/groupgat_Vc_trial_750_best_state.pt,"{'learning_rate': 0.004589679060016852, 'lr_reduce': 0.6}",TPESampler,COMPLETE
751,0.010538136586546898,2025-04-25 19:22:25.544544,2025-04-25 19:23:26.026437,0 days 00:01:00.481893,0.10069513142990047,224,2,4,48,0.11829620758053075,176,4,1,32,0.2410833122295547,64,2,1,96,0.21750977719073333,56,512.0,128.0,3,2,0.0035302635670148245,0.6,/work3/arnaou/checkpoints/groupgat_Vc_trial_751_best_state.pt,"{'learning_rate': 0.0035302635670148245, 'lr_reduce': 0.6}",TPESampler,COMPLETE
752,0.008588232100009918,2025-04-25 19:22:27.472570,2025-04-25 19:23:56.854622,0 days 00:01:29.382052,0.01224770841334695,192,4,2,48,0.002690301511057737,80,4,1,32,0.1891438337367182,96,1,2,128,0.05053820866920003,96,456.0,368.0,3,2,0.006563205022098438,0.6,/work3/arnaou/checkpoints/groupgat_Vc_trial_752_best_state.pt,"{'learning_rate': 0.006563205022098438, 'lr_reduce': 0.6}",TPESampler,COMPLETE
753,0.010046426206827164,2025-04-25 19:23:26.214054,2025-04-25 19:24:35.633550,0 days 00:01:09.419496,0.02767718212518521,160,3,3,64,0.21179479423985634,64,4,3,48,0.2950787783774858,112,2,2,64,0.2980371213483239,328,,,1,2,0.005325813321663313,0.6,/work3/arnaou/checkpoints/groupgat_Vc_trial_753_best_state.pt,"{'learning_rate': 0.005325813321663313, 'lr_reduce': 0.6}",TPESampler,COMPLETE
754,0.023705923929810524,2025-04-25 19:23:38.084646,2025-04-25 19:24:50.036639,0 days 00:01:11.951993,0.0013422514631942963,208,4,2,80,0.1414928619680385,176,3,1,48,0.20598048315850423,96,3,2,128,0.12393276776698478,32,440.0,296.0,3,1,0.0090096134119813,0.6,/work3/arnaou/checkpoints/groupgat_Vc_trial_754_best_state.pt,"{'learning_rate': 0.0090096134119813, 'lr_reduce': 0.6}",TPESampler,COMPLETE
755,0.013605118729174137,2025-04-25 19:23:57.160235,2025-04-25 19:25:12.580806,0 days 00:01:15.420571,0.06537496668262527,256,2,3,112,0.13810468486509975,80,4,2,48,0.25054108341426223,48,3,1,128,0.275840593170149,184,456.0,336.0,3,2,0.003952225590567654,0.6,/work3/arnaou/checkpoints/groupgat_Vc_trial_755_best_state.pt,"{'learning_rate': 0.003952225590567654, 'lr_reduce': 0.6}",TPESampler,COMPLETE
756,0.009349309839308262,2025-04-25 19:24:35.985580,2025-04-25 19:25:59.805766,0 days 00:01:23.820186,0.07808037216549243,256,4,2,32,0.06478794701917671,96,4,2,32,0.16687035362871444,112,1,2,112,0.03884872874670322,64,456.0,240.0,3,2,0.0020881716860542904,0.6,/work3/arnaou/checkpoints/groupgat_Vc_trial_756_best_state.pt,"{'learning_rate': 0.0020881716860542904, 'lr_reduce': 0.6}",TPESampler,COMPLETE
757,0.013976091518998146,2025-04-25 19:24:50.282654,2025-04-25 19:26:26.694720,0 days 00:01:36.412066,0.001274791960749375,208,4,2,32,0.015067801060440316,96,3,3,48,0.1902949464053286,96,1,3,112,0.13156176476102202,64,464.0,,2,2,0.007752129217349403,0.6,/work3/arnaou/checkpoints/groupgat_Vc_trial_757_best_state.pt,"{'learning_rate': 0.007752129217349403, 'lr_reduce': 0.6}",TPESampler,COMPLETE
758,1.0294591188430786,2025-04-25 19:25:13.063626,2025-04-25 19:25:34.666614,0 days 00:00:21.602988,0.01612554785282442,144,3,4,32,0.015377934840625303,128,4,4,80,0.2676563959164457,96,3,4,64,0.07689075305108733,288,464.0,,2,2,0.006874465273670975,0.6,/work3/arnaou/checkpoints/groupgat_Vc_trial_758_best_state.pt,"{'learning_rate': 0.006874465273670975, 'lr_reduce': 0.6}",TPESampler,COMPLETE
759,0.012579812668263912,2025-04-25 19:25:35.305658,2025-04-25 19:26:44.308141,0 days 00:01:09.002483,0.0070215286970834925,208,4,2,48,0.0017937164128959259,112,4,1,64,0.2157051561509485,128,1,3,128,0.05497163004655461,208,512.0,,2,1,0.007751871933090134,0.6,/work3/arnaou/checkpoints/groupgat_Vc_trial_759_best_state.pt,"{'learning_rate': 0.007751871933090134, 'lr_reduce': 0.6}",TPESampler,COMPLETE
760,0.011904614977538586,2025-04-25 19:26:00.031257,2025-04-25 19:27:11.449814,0 days 00:01:11.418557,0.006007070768323047,96,3,2,64,0.24695822222241043,80,4,2,64,0.08147315485000037,64,1,2,64,0.15278417307671377,80,,,1,2,0.004231792158022085,0.6,/work3/arnaou/checkpoints/groupgat_Vc_trial_760_best_state.pt,"{'learning_rate': 0.004231792158022085, 'lr_reduce': 0.6}",TPESampler,COMPLETE
761,0.01657697930932045,2025-04-25 19:26:26.929488,2025-04-25 19:27:11.200565,0 days 00:00:44.271077,0.02768911906434221,256,1,1,80,0.029913610776197128,112,3,1,48,0.13892170680072374,128,1,1,128,0.05161614854091243,48,472.0,,2,2,0.0057120148745838486,0.6,/work3/arnaou/checkpoints/groupgat_Vc_trial_761_best_state.pt,"{'learning_rate': 0.0057120148745838486, 'lr_reduce': 0.6}",TPESampler,COMPLETE
762,0.011746802367269993,2025-04-25 19:26:44.629054,2025-04-25 19:28:32.862451,0 days 00:01:48.233397,0.006965061729032363,128,4,2,48,0.038043430282311795,80,3,1,80,0.18251605109024757,80,1,2,128,0.11429874899372641,272,464.0,192.0,3,2,0.0020508240264004167,0.6,/work3/arnaou/checkpoints/groupgat_Vc_trial_762_best_state.pt,"{'learning_rate': 0.0020508240264004167, 'lr_reduce': 0.6}",TPESampler,COMPLETE
763,0.047466669231653214,2025-04-25 19:27:11.397075,2025-04-25 19:27:59.804670,0 days 00:00:48.407595,0.02491041344434238,240,4,1,48,0.05355596971153777,64,4,2,48,0.07306509678541118,128,2,1,128,0.024623282946945074,80,512.0,216.0,3,2,0.0021845032157327086,0.6,/work3/arnaou/checkpoints/groupgat_Vc_trial_763_best_state.pt,"{'learning_rate': 0.0021845032157327086, 'lr_reduce': 0.6}",TPESampler,COMPLETE
764,0.0094579653814435,2025-04-25 19:27:11.784566,2025-04-25 19:28:46.176369,0 days 00:01:34.391803,0.008518204017709152,224,4,4,48,0.09759092309584606,112,3,1,48,0.29827954768808357,64,2,2,96,0.2061582699872823,160,456.0,224.0,3,2,0.005130261175426102,0.6,/work3/arnaou/checkpoints/groupgat_Vc_trial_764_best_state.pt,"{'learning_rate': 0.005130261175426102, 'lr_reduce': 0.6}",TPESampler,COMPLETE
765,0.013853240758180618,2025-04-25 19:28:00.050211,2025-04-25 19:29:33.753618,0 days 00:01:33.703407,0.030479643545084475,256,4,2,32,0.034633565678358486,96,4,1,32,0.14755535624063051,80,2,3,128,0.061837931238954355,120,464.0,248.0,3,1,0.00423357160201323,0.6,/work3/arnaou/checkpoints/groupgat_Vc_trial_765_best_state.pt,"{'learning_rate': 0.00423357160201323, 'lr_reduce': 0.6}",TPESampler,COMPLETE
766,0.01359594613313675,2025-04-25 19:28:33.224753,2025-04-25 19:29:48.648286,0 days 00:01:15.423533,0.009627915575856025,256,2,1,32,0.09077098814616383,64,3,2,32,0.05232093693647225,64,1,2,128,0.09672717033067263,112,440.0,,2,2,0.006202484471083591,0.6,/work3/arnaou/checkpoints/groupgat_Vc_trial_766_best_state.pt,"{'learning_rate': 0.006202484471083591, 'lr_reduce': 0.6}",TPESampler,COMPLETE
767,0.02644583024084568,2025-04-25 19:28:46.516265,2025-04-25 19:29:35.812345,0 days 00:00:49.296080,0.09830087746361288,256,3,2,32,0.006036324044478694,112,4,2,32,0.17900686470601865,112,1,2,112,0.07045592796075167,128,432.0,200.0,3,2,0.0018644443918179022,0.6,/work3/arnaou/checkpoints/groupgat_Vc_trial_767_best_state.pt,"{'learning_rate': 0.0018644443918179022, 'lr_reduce': 0.6}",TPESampler,COMPLETE
768,0.012926550582051277,2025-04-25 19:29:34.011231,2025-04-25 19:31:05.608657,0 days 00:01:31.597426,0.11034758569873754,208,4,1,48,0.14108632941380078,96,3,2,48,0.1792040649927711,128,1,3,112,0.11262188000074205,48,464.0,192.0,3,2,0.0016345528592655997,0.6,/work3/arnaou/checkpoints/groupgat_Vc_trial_768_best_state.pt,"{'learning_rate': 0.0016345528592655997, 'lr_reduce': 0.6}",TPESampler,COMPLETE
769,0.013819053769111633,2025-04-25 19:29:36.044583,2025-04-25 19:30:55.990328,0 days 00:01:19.945745,0.03139735469121081,224,4,4,80,0.10641084246395088,128,3,1,48,0.2049707333280469,32,2,2,96,0.163757590705707,136,512.0,232.0,3,2,0.00827734142248914,0.6,/work3/arnaou/checkpoints/groupgat_Vc_trial_769_best_state.pt,"{'learning_rate': 0.00827734142248914, 'lr_reduce': 0.6}",TPESampler,COMPLETE
770,0.012003033421933651,2025-04-25 19:29:48.838247,2025-04-25 19:31:07.376778,0 days 00:01:18.538531,0.1253676049807592,224,4,4,64,0.13983894657609552,80,2,1,64,0.2987837115003123,32,2,1,96,0.18782088331155103,200,448.0,168.0,3,2,0.0016489736372086363,0.6,/work3/arnaou/checkpoints/groupgat_Vc_trial_770_best_state.pt,"{'learning_rate': 0.0016489736372086363, 'lr_reduce': 0.6}",TPESampler,COMPLETE
771,0.010941604152321815,2025-04-25 19:30:56.177390,2025-04-25 19:32:14.974751,0 days 00:01:18.797361,0.006920255039305849,256,3,4,48,0.09952268232069879,112,3,1,80,0.27889256025042025,32,2,1,80,0.24684858693790906,264,432.0,,2,2,0.004021561966484683,0.6,/work3/arnaou/checkpoints/groupgat_Vc_trial_771_best_state.pt,"{'learning_rate': 0.004021561966484683, 'lr_reduce': 0.6}",TPESampler,COMPLETE
772,0.009772349148988724,2025-04-25 19:31:05.907636,2025-04-25 19:32:20.561373,0 days 00:01:14.653737,0.13668422466040053,224,4,2,32,0.08417231348527084,96,3,3,64,0.13941249292580188,128,1,2,112,0.037526709606814576,104,464.0,216.0,3,2,0.0037012096949186274,0.6,/work3/arnaou/checkpoints/groupgat_Vc_trial_772_best_state.pt,"{'learning_rate': 0.0037012096949186274, 'lr_reduce': 0.6}",TPESampler,COMPLETE
773,0.007978130131959915,2025-04-25 19:31:07.610695,2025-04-25 19:32:25.642584,0 days 00:01:18.031889,0.038545077178698026,208,3,2,32,0.044070562774873596,96,4,1,48,0.10896939817703001,96,1,3,112,0.017801656184310087,208,432.0,248.0,3,2,0.006175596979885812,0.6,/work3/arnaou/checkpoints/groupgat_Vc_trial_773_best_state.pt,"{'learning_rate': 0.006175596979885812, 'lr_reduce': 0.6}",TPESampler,COMPLETE
774,0.010805548168718815,2025-04-25 19:32:15.169471,2025-04-25 19:33:37.615926,0 days 00:01:22.446455,0.0752279083463898,224,4,3,48,0.09120478195101993,64,4,2,32,0.1373351736229388,128,1,2,112,0.012553879179862119,160,512.0,256.0,3,2,0.004415397144765631,0.6,/work3/arnaou/checkpoints/groupgat_Vc_trial_774_best_state.pt,"{'learning_rate': 0.004415397144765631, 'lr_reduce': 0.6}",TPESampler,COMPLETE
775,0.014220986515283585,2025-04-25 19:32:21.228421,2025-04-25 19:33:12.192883,0 days 00:00:50.964462,0.04333946990133912,224,3,4,32,0.06233155856614435,128,4,1,64,0.29507880241893175,32,3,1,80,0.07423794534304187,120,472.0,256.0,3,2,0.0021906380332435524,0.6,/work3/arnaou/checkpoints/groupgat_Vc_trial_775_best_state.pt,"{'learning_rate': 0.0021906380332435524, 'lr_reduce': 0.6}",TPESampler,COMPLETE
776,0.008673044852912426,2025-04-25 19:32:25.825554,2025-04-25 19:33:24.871367,0 days 00:00:59.045813,0.027314046900048308,256,3,3,80,0.1379647380208359,160,3,1,80,0.26198540263331227,64,1,2,128,0.29122076329321994,136,416.0,224.0,3,2,0.0033674238368580026,0.6,/work3/arnaou/checkpoints/groupgat_Vc_trial_776_best_state.pt,"{'learning_rate': 0.0033674238368580026, 'lr_reduce': 0.6}",TPESampler,COMPLETE
777,0.01456090621650219,2025-04-25 19:33:12.431597,2025-04-25 19:34:28.342471,0 days 00:01:15.910874,0.005434706139869752,160,4,1,64,0.038522295679931366,80,4,1,48,0.10490027294064466,64,1,2,112,0.001517943819636769,96,416.0,224.0,3,2,0.002581148244502415,0.6,/work3/arnaou/checkpoints/groupgat_Vc_trial_777_best_state.pt,"{'learning_rate': 0.002581148244502415, 'lr_reduce': 0.6}",TPESampler,COMPLETE
778,0.011177819222211838,2025-04-25 19:33:25.115979,2025-04-25 19:34:23.384034,0 days 00:00:58.268055,0.05708699231532589,224,3,3,96,0.19364005453853148,160,2,1,80,0.2817285309306078,32,1,3,128,0.20462335793151992,232,408.0,192.0,3,2,0.0022032650143949005,0.6,/work3/arnaou/checkpoints/groupgat_Vc_trial_778_best_state.pt,"{'learning_rate': 0.0022032650143949005, 'lr_reduce': 0.6}",TPESampler,COMPLETE
779,0.013886514119803905,2025-04-25 19:33:37.927763,2025-04-25 19:35:03.264892,0 days 00:01:25.337129,0.04570000398261129,192,4,1,64,0.026896831221528875,64,4,2,32,0.28241060873070084,96,1,2,96,0.04828557683283895,88,416.0,216.0,3,2,0.005439630898232036,0.6,/work3/arnaou/checkpoints/groupgat_Vc_trial_779_best_state.pt,"{'learning_rate': 0.005439630898232036, 'lr_reduce': 0.6}",TPESampler,COMPLETE
780,0.012314089573919773,2025-04-25 19:34:23.717656,2025-04-25 19:36:06.975372,0 days 00:01:43.257716,0.002417725588642807,208,3,2,80,0.013878716649729977,144,2,1,48,0.20825159702752438,64,3,2,128,0.06053643362506036,32,408.0,,2,2,0.0051895161939479175,0.6,/work3/arnaou/checkpoints/groupgat_Vc_trial_780_best_state.pt,"{'learning_rate': 0.0051895161939479175, 'lr_reduce': 0.6}",TPESampler,COMPLETE
781,0.012624019756913185,2025-04-25 19:34:28.559754,2025-04-25 19:35:51.068093,0 days 00:01:22.508339,0.05028146057476182,208,4,2,32,0.03321154282733567,96,4,2,48,0.19045084686956065,80,1,1,128,0.12724394736391975,104,416.0,176.0,3,2,0.009818352828920565,0.6,/work3/arnaou/checkpoints/groupgat_Vc_trial_781_best_state.pt,"{'learning_rate': 0.009818352828920565, 'lr_reduce': 0.6}",TPESampler,COMPLETE
782,0.013372533954679966,2025-04-25 19:35:03.514809,2025-04-25 19:35:58.584188,0 days 00:00:55.069379,0.06639940074434754,160,3,4,64,0.06246838736044723,160,1,3,32,0.18412405248625274,48,2,2,32,0.1997684747126396,152,144.0,224.0,3,2,0.004624204564091208,0.6,/work3/arnaou/checkpoints/groupgat_Vc_trial_782_best_state.pt,"{'learning_rate': 0.004624204564091208, 'lr_reduce': 0.6}",TPESampler,COMPLETE
783,0.012495695613324642,2025-04-25 19:35:51.313680,2025-04-25 19:36:55.609134,0 days 00:01:04.295454,0.029764736537013014,160,2,2,32,0.019227812736727374,64,3,2,48,0.12016819671485683,96,2,2,128,0.024954176089372296,264,416.0,160.0,3,2,0.008001619511934802,0.6,/work3/arnaou/checkpoints/groupgat_Vc_trial_783_best_state.pt,"{'learning_rate': 0.008001619511934802, 'lr_reduce': 0.6}",TPESampler,COMPLETE
784,0.010375138372182846,2025-04-25 19:35:58.794301,2025-04-25 19:36:57.153597,0 days 00:00:58.359296,0.023206412356487068,208,2,4,32,0.07183550661948056,80,4,1,64,0.257903701168987,64,2,2,128,0.2299684601807592,72,424.0,224.0,3,1,0.0037926829554170986,0.6,/work3/arnaou/checkpoints/groupgat_Vc_trial_784_best_state.pt,"{'learning_rate': 0.0037926829554170986, 'lr_reduce': 0.6}",TPESampler,COMPLETE
785,0.011560251004993916,2025-04-25 19:36:07.182202,2025-04-25 19:37:32.035284,0 days 00:01:24.853082,0.017402929984154648,192,3,2,32,0.10484545431132994,112,3,1,48,0.047232397902963866,80,1,4,112,0.030927952425216267,352,512.0,240.0,3,2,0.00384261206369781,0.6,/work3/arnaou/checkpoints/groupgat_Vc_trial_785_best_state.pt,"{'learning_rate': 0.00384261206369781, 'lr_reduce': 0.6}",TPESampler,COMPLETE
786,0.014987768605351448,2025-04-25 19:36:55.917760,2025-04-25 19:37:45.518325,0 days 00:00:49.600565,0.06017776080655289,240,3,2,112,0.06802447350881731,192,4,1,80,0.22564495300103488,64,2,2,128,0.29055551458662365,296,432.0,248.0,3,2,0.0016636087472712438,0.6,/work3/arnaou/checkpoints/groupgat_Vc_trial_786_best_state.pt,"{'learning_rate': 0.0016636087472712438, 'lr_reduce': 0.6}",TPESampler,COMPLETE
787,0.010241554118692875,2025-04-25 19:36:57.386381,2025-04-25 19:37:57.969785,0 days 00:01:00.583404,0.002605813894562198,208,4,4,96,0.053697567719768836,112,3,1,48,0.27726333816442333,64,3,2,112,0.29825135131873665,88,472.0,256.0,3,2,0.0031517863087125084,0.6,/work3/arnaou/checkpoints/groupgat_Vc_trial_787_best_state.pt,"{'learning_rate': 0.0031517863087125084, 'lr_reduce': 0.6}",TPESampler,COMPLETE
788,0.011622318997979164,2025-04-25 19:37:32.328913,2025-04-25 19:38:46.624856,0 days 00:01:14.295943,0.02937236365253996,208,4,2,32,0.058481348374584824,112,4,1,48,0.16609684601309457,128,2,1,96,0.03691334762301054,192,400.0,,2,2,0.008304928576331576,0.6,/work3/arnaou/checkpoints/groupgat_Vc_trial_788_best_state.pt,"{'learning_rate': 0.008304928576331576, 'lr_reduce': 0.6}",TPESampler,COMPLETE
789,0.011267069727182388,2025-04-25 19:37:45.762505,2025-04-25 19:38:47.581844,0 days 00:01:01.819339,0.014417779944604466,256,4,4,48,0.21720843339211804,80,3,2,64,0.26479932111958193,96,2,1,64,0.2013841032229687,168,472.0,168.0,3,2,0.006974853701104745,0.6,/work3/arnaou/checkpoints/groupgat_Vc_trial_789_best_state.pt,"{'learning_rate': 0.006974853701104745, 'lr_reduce': 0.6}",TPESampler,COMPLETE
790,0.01121094636619091,2025-04-25 19:37:58.286211,2025-04-25 19:38:49.556389,0 days 00:00:51.270178,0.02046454475723135,192,2,2,32,0.07876548897214738,64,4,2,32,0.09183688111540947,112,1,3,64,0.030877546706784584,128,512.0,264.0,3,2,0.0028627946617027886,0.6,/work3/arnaou/checkpoints/groupgat_Vc_trial_790_best_state.pt,"{'learning_rate': 0.0028627946617027886, 'lr_reduce': 0.6}",TPESampler,COMPLETE
791,0.012504352256655693,2025-04-25 19:38:46.837051,2025-04-25 19:40:11.788345,0 days 00:01:24.951294,0.07845406632476448,208,2,3,64,0.10969384942340706,160,4,1,96,0.24522724343259633,80,1,2,96,0.24691242027872476,256,424.0,200.0,3,2,0.0075229163074668716,0.6,/work3/arnaou/checkpoints/groupgat_Vc_trial_791_best_state.pt,"{'learning_rate': 0.0075229163074668716, 'lr_reduce': 0.6}",TPESampler,COMPLETE
792,0.014572160318493843,2025-04-25 19:38:47.813152,2025-04-25 19:40:05.743000,0 days 00:01:17.929848,0.016484945256536064,240,3,2,80,0.008917297672807141,64,4,1,48,0.16226455265868275,64,1,3,128,0.11142965544125882,168,472.0,272.0,3,2,0.009185138399725574,0.6,/work3/arnaou/checkpoints/groupgat_Vc_trial_792_best_state.pt,"{'learning_rate': 0.009185138399725574, 'lr_reduce': 0.6}",TPESampler,COMPLETE
793,0.03717852383852005,2025-04-25 19:38:49.797809,2025-04-25 19:39:47.985704,0 days 00:00:58.187895,0.013831005984187995,224,3,2,48,0.15138602057281458,208,3,2,96,0.26786655579818475,48,2,2,112,0.2329334607069175,56,392.0,272.0,3,2,0.00918225191699656,0.6,/work3/arnaou/checkpoints/groupgat_Vc_trial_793_best_state.pt,"{'learning_rate': 0.00918225191699656, 'lr_reduce': 0.6}",TPESampler,COMPLETE
794,0.008846134878695011,2025-04-25 19:39:48.238038,2025-04-25 19:41:05.221932,0 days 00:01:16.983894,0.02965143848511942,240,4,4,48,0.10666888285095029,160,3,1,32,0.266499138528847,64,3,3,112,0.2298564311902488,200,440.0,208.0,3,1,0.004411480552266529,0.6,/work3/arnaou/checkpoints/groupgat_Vc_trial_794_best_state.pt,"{'learning_rate': 0.004411480552266529, 'lr_reduce': 0.6}",TPESampler,COMPLETE
795,0.008882992900907993,2025-04-25 19:40:06.035739,2025-04-25 19:41:12.847062,0 days 00:01:06.811323,0.047136237027794195,176,4,2,32,0.0009184407850744772,144,4,1,64,0.016384258017268963,96,1,3,112,0.025927064938121632,152,472.0,280.0,3,2,0.0033667724156574703,0.6,/work3/arnaou/checkpoints/groupgat_Vc_trial_795_best_state.pt,"{'learning_rate': 0.0033667724156574703, 'lr_reduce': 0.6}",TPESampler,COMPLETE
796,0.014958103187382221,2025-04-25 19:40:12.175280,2025-04-25 19:42:22.522046,0 days 00:02:10.346766,0.04089138461623247,224,4,4,32,0.12383632611811844,144,4,1,80,0.24402230556620527,48,3,1,64,0.24345340941367571,48,512.0,120.0,3,2,0.007701037876910794,0.6,/work3/arnaou/checkpoints/groupgat_Vc_trial_796_best_state.pt,"{'learning_rate': 0.007701037876910794, 'lr_reduce': 0.6}",TPESampler,COMPLETE
797,0.012656118720769882,2025-04-25 19:41:05.473096,2025-04-25 19:42:02.911879,0 days 00:00:57.438783,0.006744018225867808,176,3,2,64,0.005373172223260715,96,4,1,32,0.11904057233834422,112,1,2,128,0.0332598245813364,112,440.0,168.0,3,2,0.0027751365008196072,0.6,/work3/arnaou/checkpoints/groupgat_Vc_trial_797_best_state.pt,"{'learning_rate': 0.0027751365008196072, 'lr_reduce': 0.6}",TPESampler,COMPLETE
798,0.015474614687263966,2025-04-25 19:41:13.083253,2025-04-25 19:42:02.910482,0 days 00:00:49.827229,0.045784529547544306,128,4,1,48,0.07164675672323947,176,3,1,64,0.01473867966338895,96,2,3,112,0.021159195320302457,320,464.0,,2,1,0.003121575863413785,0.6,/work3/arnaou/checkpoints/groupgat_Vc_trial_798_best_state.pt,"{'learning_rate': 0.003121575863413785, 'lr_reduce': 0.6}",TPESampler,COMPLETE
