number,value,datetime_start,datetime_complete,duration,params_L1_dropout,params_L1_hidden_dim,params_L1_layers_atom,params_L1_layers_mol,params_L1_out_dim,params_L2_dropout,params_L2_hidden_dim,params_L2_layers_atom,params_L2_layers_mol,params_L2_out_dim,params_L3_dropout,params_L3_hidden_dim,params_L3_layers_atom,params_L3_layers_mol,params_L3_out_dim,params_final_dropout,params_mlp_dim_0,params_mlp_dim_1,params_mlp_dim_2,params_n_mlp_layers,params_num_heads,params_train_learning_rate,params_train_lr_reduce,user_attrs_best_state_dict_path,user_attrs_training_params,system_attrs_auto:sampler,state
2494,0.03181097283959389,2025-04-26 08:24:11.242081,2025-04-26 08:25:37.791824,0 days 00:01:26.549743,0.2191640743505368,112,1,2,32,0.28996023059256626,256,1,1,96,0.26850385696916923,64,4,4,112,0.14217550136108625,240,,,1,2,0.008113778172884441,0.6,/work3/arnaou/checkpoints/groupgat_Vc_trial_2494_best_state.pt,"{'learning_rate': 0.008113778172884441, 'lr_reduce': 0.6}",TPESampler,COMPLETE
2495,0.011442093178629875,2025-04-26 08:25:22.107188,2025-04-26 08:26:30.207812,0 days 00:01:08.100624,0.08758281315701652,192,4,3,32,0.03732059538975581,112,3,1,32,0.206779726449401,32,1,3,96,0.12955793774795946,248,440.0,128.0,3,2,0.004540186313619165,0.6,/work3/arnaou/checkpoints/groupgat_Vc_trial_2495_best_state.pt,"{'learning_rate': 0.004540186313619165, 'lr_reduce': 0.6}",TPESampler,COMPLETE
2496,0.008885846473276615,2025-04-26 08:25:31.627211,2025-04-26 08:26:44.160231,0 days 00:01:12.533020,0.041753713756499576,208,4,4,32,0.08344161787474583,80,2,1,32,0.17198058709017766,96,2,2,128,0.12229621362798379,48,96.0,208.0,3,2,0.0025493480690259663,0.6,/work3/arnaou/checkpoints/groupgat_Vc_trial_2496_best_state.pt,"{'learning_rate': 0.0025493480690259663, 'lr_reduce': 0.6}",TPESampler,COMPLETE
2497,0.15371261537075043,2025-04-26 08:25:38.114966,2025-04-26 08:26:09.470570,0 days 00:00:31.355604,0.1046278155942631,192,1,2,32,0.11158240683957654,80,3,4,112,0.22798884003918074,64,1,2,64,0.18007320639580765,88,32.0,256.0,3,1,0.0013868518692980657,0.6,/work3/arnaou/checkpoints/groupgat_Vc_trial_2497_best_state.pt,"{'learning_rate': 0.0013868518692980657, 'lr_reduce': 0.6}",TPESampler,COMPLETE
2498,0.016049634665250778,2025-04-26 08:26:09.765807,2025-04-26 08:27:19.629475,0 days 00:01:09.863668,0.036662118552473755,208,4,2,48,0.19770456256781402,96,3,1,32,0.29679787275985986,112,1,3,32,0.24986833106351827,104,,,1,2,0.0010545181016402688,0.6,/work3/arnaou/checkpoints/groupgat_Vc_trial_2498_best_state.pt,"{'learning_rate': 0.0010545181016402688, 'lr_reduce': 0.6}",TPESampler,COMPLETE
2499,0.01043815165758133,2025-04-26 08:26:30.527945,2025-04-26 08:27:16.924153,0 days 00:00:46.396208,0.07852210266467846,224,1,2,48,0.10944531556465953,80,4,3,80,0.18762231188463116,80,1,1,48,0.03711027314479333,344,232.0,160.0,3,1,0.005435279869098449,0.6,/work3/arnaou/checkpoints/groupgat_Vc_trial_2499_best_state.pt,"{'learning_rate': 0.005435279869098449, 'lr_reduce': 0.6}",TPESampler,COMPLETE
