number,value,datetime_start,datetime_complete,duration,params_L1_dropout,params_L1_hidden_dim,params_L1_layers_atom,params_L1_layers_mol,params_L1_out_dim,params_L2_dropout,params_L2_hidden_dim,params_L2_layers_atom,params_L2_layers_mol,params_L2_out_dim,params_L3_dropout,params_L3_hidden_dim,params_L3_layers_atom,params_L3_layers_mol,params_L3_out_dim,params_final_dropout,params_mlp_dim_0,params_mlp_dim_1,params_mlp_dim_2,params_n_mlp_layers,params_num_heads,params_train_learning_rate,params_train_lr_reduce,user_attrs_best_state_dict_path,user_attrs_training_params,system_attrs_auto:sampler,state
905,0.011813211254775524,2025-04-25 20:24:03.291476,2025-04-25 20:25:10.547485,0 days 00:01:07.256009,0.007465656778468346,144,3,3,80,0.09937125671746724,192,4,1,48,0.06077546823512014,80,2,2,96,0.11396840686817762,240,472.0,256.0,3,2,0.003315501700716159,0.6,/work3/arnaou/checkpoints/groupgat_Vc_trial_905_best_state.pt,"{'learning_rate': 0.003315501700716159, 'lr_reduce': 0.6}",TPESampler,COMPLETE
906,0.021863194182515144,2025-04-25 20:24:08.024007,2025-04-25 20:25:14.931985,0 days 00:01:06.907978,0.10731617321278347,256,1,2,32,0.05964025862073588,144,1,2,48,0.21849450706786158,96,3,4,80,0.1438062810506246,352,376.0,,2,1,0.007666936782928936,0.6,/work3/arnaou/checkpoints/groupgat_Vc_trial_906_best_state.pt,"{'learning_rate': 0.007666936782928936, 'lr_reduce': 0.6}",TPESampler,COMPLETE
907,0.012703757733106613,2025-04-25 20:25:10.846053,2025-04-25 20:26:04.234964,0 days 00:00:53.388911,0.0340120448858824,256,2,2,80,0.17820052678328233,96,4,2,64,0.046766448889351456,112,1,1,128,0.08536370080850009,56,472.0,,2,2,0.004710967204468737,0.6,/work3/arnaou/checkpoints/groupgat_Vc_trial_907_best_state.pt,"{'learning_rate': 0.004710967204468737, 'lr_reduce': 0.6}",TPESampler,COMPLETE
908,0.011334242299199104,2025-04-25 20:25:11.743359,2025-04-25 20:26:11.571629,0 days 00:00:59.828270,0.05657653996126588,160,4,3,112,0.03758414979152827,176,3,1,32,0.26171862093868775,32,1,2,96,0.010807053846017427,144,424.0,360.0,3,2,0.00286576673333331,0.6,/work3/arnaou/checkpoints/groupgat_Vc_trial_908_best_state.pt,"{'learning_rate': 0.00286576673333331, 'lr_reduce': 0.6}",TPESampler,COMPLETE
909,0.013697974383831024,2025-04-25 20:25:15.119537,2025-04-25 20:26:22.780138,0 days 00:01:07.660601,0.03408139526134202,208,3,3,32,0.08954171392531271,144,3,1,32,0.2705157432158387,48,3,3,112,0.2851128776354558,320,144.0,136.0,3,1,0.009513852629043727,0.6,/work3/arnaou/checkpoints/groupgat_Vc_trial_909_best_state.pt,"{'learning_rate': 0.009513852629043727, 'lr_reduce': 0.6}",TPESampler,COMPLETE
910,0.022494425997138023,2025-04-25 20:26:04.470272,2025-04-25 20:27:24.554927,0 days 00:01:20.084655,0.11243039524529075,224,3,3,48,0.012095455038835148,176,4,2,80,0.05727596981382636,96,1,1,96,0.0013850207181573676,184,512.0,,2,1,0.0006019396983624545,0.6,/work3/arnaou/checkpoints/groupgat_Vc_trial_910_best_state.pt,"{'learning_rate': 0.0006019396983624545, 'lr_reduce': 0.6}",TPESampler,COMPLETE
911,0.02969367429614067,2025-04-25 20:26:11.826472,2025-04-25 20:26:49.799053,0 days 00:00:37.972581,0.15949321447079906,192,4,2,32,0.02608879685955106,160,4,1,32,0.05438757877660502,96,1,2,96,0.00484572723584259,152,432.0,312.0,3,2,0.002291171685916618,0.6,/work3/arnaou/checkpoints/groupgat_Vc_trial_911_best_state.pt,"{'learning_rate': 0.002291171685916618, 'lr_reduce': 0.6}",TPESampler,COMPLETE
912,0.011100535281002522,2025-04-25 20:26:23.076762,2025-04-25 20:27:35.372252,0 days 00:01:12.295490,0.043745659945628554,256,3,3,96,0.22112412365513096,224,3,1,64,0.19081996203579732,64,1,2,112,0.27235266996528423,224,464.0,248.0,3,2,0.004921338949021838,0.6,/work3/arnaou/checkpoints/groupgat_Vc_trial_912_best_state.pt,"{'learning_rate': 0.004921338949021838, 'lr_reduce': 0.6}",TPESampler,COMPLETE
913,0.15934503078460693,2025-04-25 20:26:50.076650,2025-04-25 20:28:20.511591,0 days 00:01:30.434941,0.023536997322268126,192,4,1,80,0.000761326562358916,192,3,1,48,0.23772844077171673,96,3,2,96,0.1531056042758785,48,368.0,376.0,3,2,0.008043362896432236,0.6,/work3/arnaou/checkpoints/groupgat_Vc_trial_913_best_state.pt,"{'learning_rate': 0.008043362896432236, 'lr_reduce': 0.6}",TPESampler,COMPLETE
914,0.02388450875878334,2025-04-25 20:27:24.791023,2025-04-25 20:29:09.029638,0 days 00:01:44.238615,0.00035896338868243727,192,4,4,64,0.1373278632443821,176,1,2,48,0.25789199399305796,48,2,1,128,0.2819926636188276,128,472.0,312.0,3,1,0.005325727044169634,0.6,/work3/arnaou/checkpoints/groupgat_Vc_trial_914_best_state.pt,"{'learning_rate': 0.005325727044169634, 'lr_reduce': 0.6}",TPESampler,COMPLETE
915,0.055031731724739075,2025-04-25 20:27:35.701424,2025-04-25 20:29:13.442197,0 days 00:01:37.740773,0.0735534834475652,256,4,3,32,0.15603568852915417,80,3,2,48,0.18473877128922803,96,1,2,128,0.056074253056837574,112,424.0,176.0,3,2,0.000318769830583226,0.6,/work3/arnaou/checkpoints/groupgat_Vc_trial_915_best_state.pt,"{'learning_rate': 0.000318769830583226, 'lr_reduce': 0.6}",TPESampler,COMPLETE
916,0.017574291676282883,2025-04-25 20:28:20.791639,2025-04-25 20:29:18.153487,0 days 00:00:57.361848,0.013749362830356916,208,4,4,32,0.09103312179016115,144,3,1,32,0.2976316790174434,48,1,4,128,0.17708595409342937,112,480.0,240.0,3,1,0.0060412431603383224,0.6,/work3/arnaou/checkpoints/groupgat_Vc_trial_916_best_state.pt,"{'learning_rate': 0.0060412431603383224, 'lr_reduce': 0.6}",TPESampler,COMPLETE
917,0.015512588433921337,2025-04-25 20:29:09.275748,2025-04-25 20:29:55.623191,0 days 00:00:46.347443,0.09313773828486144,144,4,1,32,0.09194006192254375,144,4,1,64,0.04103994330728143,96,2,4,96,0.051452977071963016,48,424.0,296.0,3,2,0.002220705502524554,0.6,/work3/arnaou/checkpoints/groupgat_Vc_trial_917_best_state.pt,"{'learning_rate': 0.002220705502524554, 'lr_reduce': 0.6}",TPESampler,COMPLETE
918,0.012245506048202515,2025-04-25 20:29:13.884443,2025-04-25 20:30:11.999621,0 days 00:00:58.115178,0.0028809878802067345,240,4,3,32,0.07110407807576957,192,2,2,48,0.19544599368384605,64,1,2,80,0.29405763273019003,176,512.0,,2,1,0.00318965138927225,0.6,/work3/arnaou/checkpoints/groupgat_Vc_trial_918_best_state.pt,"{'learning_rate': 0.00318965138927225, 'lr_reduce': 0.6}",TPESampler,COMPLETE
919,0.011424604803323746,2025-04-25 20:29:18.478246,2025-04-25 20:30:26.724056,0 days 00:01:08.245810,0.05377312007901131,208,3,2,64,0.08340006037780182,96,4,2,48,0.07839318702433203,112,1,4,128,0.05104193510583821,272,384.0,416.0,3,2,0.003047468433796793,0.6,/work3/arnaou/checkpoints/groupgat_Vc_trial_919_best_state.pt,"{'learning_rate': 0.003047468433796793, 'lr_reduce': 0.6}",TPESampler,COMPLETE
920,0.012751871719956398,2025-04-25 20:29:55.960047,2025-04-25 20:31:14.101621,0 days 00:01:18.141574,0.023270491267561786,256,2,4,128,0.12835338513920463,64,2,3,32,0.2714542990114391,80,1,4,80,0.18650291497359803,208,472.0,,2,2,0.003686680888966785,0.6,/work3/arnaou/checkpoints/groupgat_Vc_trial_920_best_state.pt,"{'learning_rate': 0.003686680888966785, 'lr_reduce': 0.6}",TPESampler,COMPLETE
921,0.01439389307051897,2025-04-25 20:30:12.278171,2025-04-25 20:31:13.065092,0 days 00:01:00.786921,0.07947638009746473,240,4,3,64,0.11659921938302809,112,2,1,32,0.2150801509636299,48,3,2,80,0.26525954204979,344,200.0,344.0,3,1,0.0027272733141480384,0.6,/work3/arnaou/checkpoints/groupgat_Vc_trial_921_best_state.pt,"{'learning_rate': 0.0027272733141480384, 'lr_reduce': 0.6}",TPESampler,COMPLETE
922,0.009480364620685577,2025-04-25 20:30:27.122874,2025-04-25 20:31:19.412207,0 days 00:00:52.289333,0.08223246377237727,128,1,4,80,0.11813106842742505,128,3,1,32,0.28385169346739614,96,2,4,96,0.1715834644403411,168,432.0,,2,2,0.0028512066922780953,0.6,/work3/arnaou/checkpoints/groupgat_Vc_trial_922_best_state.pt,"{'learning_rate': 0.0028512066922780953, 'lr_reduce': 0.6}",TPESampler,COMPLETE
923,0.17396126687526703,2025-04-25 20:31:13.329721,2025-04-25 20:31:44.596775,0 days 00:00:31.267054,0.03154359617458401,256,4,3,80,0.19232490398912036,144,3,2,80,0.2649556985571108,64,2,2,128,0.27399980825551684,240,512.0,248.0,3,2,0.0031777962579778514,0.6,/work3/arnaou/checkpoints/groupgat_Vc_trial_923_best_state.pt,"{'learning_rate': 0.0031777962579778514, 'lr_reduce': 0.6}",TPESampler,COMPLETE
924,0.008072677068412304,2025-04-25 20:31:14.310850,2025-04-25 20:32:43.703386,0 days 00:01:29.392536,0.04368095705755411,256,4,3,48,0.13851494161045752,224,2,3,32,0.12226624073755823,32,2,2,80,0.27395494075177074,240,432.0,80.0,3,1,0.0055672126491311275,0.6,/work3/arnaou/checkpoints/groupgat_Vc_trial_924_best_state.pt,"{'learning_rate': 0.0055672126491311275, 'lr_reduce': 0.6}",TPESampler,COMPLETE
925,0.00993630476295948,2025-04-25 20:31:19.675218,2025-04-25 20:32:10.336472,0 days 00:00:50.661254,0.10662797645125952,240,4,2,32,0.11498963271422984,176,2,2,32,0.28817287327090996,48,3,1,128,0.2655425782071917,80,360.0,184.0,3,1,0.0022623933437858628,0.6,/work3/arnaou/checkpoints/groupgat_Vc_trial_925_best_state.pt,"{'learning_rate': 0.0022623933437858628, 'lr_reduce': 0.6}",TPESampler,COMPLETE
926,0.009994582273066044,2025-04-25 20:31:44.892065,2025-04-25 20:32:52.593715,0 days 00:01:07.701650,0.0089787151599474,144,3,3,64,0.15372924384004139,128,2,2,48,0.2152127871535994,96,1,4,64,0.23276438513138809,176,472.0,,2,2,0.003599933184324764,0.6,/work3/arnaou/checkpoints/groupgat_Vc_trial_926_best_state.pt,"{'learning_rate': 0.003599933184324764, 'lr_reduce': 0.6}",TPESampler,COMPLETE
927,0.010127974674105644,2025-04-25 20:32:10.615129,2025-04-25 20:33:24.578006,0 days 00:01:13.962877,0.03703170498972152,224,4,3,64,0.10671942079618978,144,2,1,32,0.24117770372784042,80,1,3,128,0.08986238134291166,104,432.0,304.0,3,2,0.0028809804926744624,0.6,/work3/arnaou/checkpoints/groupgat_Vc_trial_927_best_state.pt,"{'learning_rate': 0.0028809804926744624, 'lr_reduce': 0.6}",TPESampler,COMPLETE
928,0.016023792326450348,2025-04-25 20:32:44.032962,2025-04-25 20:33:54.330149,0 days 00:01:10.297187,0.10501602365023804,256,3,3,48,0.1864080271328366,224,2,3,48,0.09243878930812038,64,2,3,80,0.2379680264880648,224,408.0,32.0,3,1,0.005643548213836391,0.6,/work3/arnaou/checkpoints/groupgat_Vc_trial_928_best_state.pt,"{'learning_rate': 0.005643548213836391, 'lr_reduce': 0.6}",TPESampler,COMPLETE
929,0.012495620176196098,2025-04-25 20:32:52.847314,2025-04-25 20:34:08.422027,0 days 00:01:15.574713,0.11506277316052374,256,1,2,32,0.00617616087117002,192,2,3,48,0.2267345223130182,80,4,3,80,0.20492613250754232,216,400.0,,2,2,0.003547454184474316,0.6,/work3/arnaou/checkpoints/groupgat_Vc_trial_929_best_state.pt,"{'learning_rate': 0.003547454184474316, 'lr_reduce': 0.6}",TPESampler,COMPLETE
930,0.01406274363398552,2025-04-25 20:33:24.792946,2025-04-25 20:34:57.166551,0 days 00:01:32.373605,0.028540046929733574,208,3,4,80,0.13040213485574434,80,4,2,32,0.2014261960211555,96,1,2,64,0.2546331165004958,128,,,1,2,0.0014289734975002752,0.6,/work3/arnaou/checkpoints/groupgat_Vc_trial_930_best_state.pt,"{'learning_rate': 0.0014289734975002752, 'lr_reduce': 0.6}",TPESampler,COMPLETE
931,0.013068651780486107,2025-04-25 20:33:54.599373,2025-04-25 20:35:06.506619,0 days 00:01:11.907246,0.0007283438744075561,208,4,2,48,0.06625519463857435,64,4,1,64,0.1875664435608127,128,1,3,112,0.033851729054124015,88,432.0,64.0,3,2,0.0060443502667819,0.6,/work3/arnaou/checkpoints/groupgat_Vc_trial_931_best_state.pt,"{'learning_rate': 0.0060443502667819, 'lr_reduce': 0.6}",TPESampler,COMPLETE
932,0.0227244570851326,2025-04-25 20:34:08.656792,2025-04-25 20:35:14.195464,0 days 00:01:05.538672,0.07883896388489833,256,4,1,32,0.1381267920118039,208,1,2,32,0.11396713666257244,32,2,2,96,0.22380830707284627,416,432.0,96.0,3,1,0.0038879738141587693,0.6,/work3/arnaou/checkpoints/groupgat_Vc_trial_932_best_state.pt,"{'learning_rate': 0.0038879738141587693, 'lr_reduce': 0.6}",TPESampler,COMPLETE
933,0.01045842096209526,2025-04-25 20:34:57.507277,2025-04-25 20:35:51.468258,0 days 00:00:53.960981,0.034247375600729414,128,2,3,80,0.20415280682637688,64,3,3,48,0.2766039956721085,96,2,1,48,0.24049395701680673,104,432.0,,2,2,0.003637646225245135,0.6,/work3/arnaou/checkpoints/groupgat_Vc_trial_933_best_state.pt,"{'learning_rate': 0.003637646225245135, 'lr_reduce': 0.6}",TPESampler,COMPLETE
934,0.010595222935080528,2025-04-25 20:35:06.725263,2025-04-25 20:35:58.701015,0 days 00:00:51.975752,0.14639340339454474,240,2,4,80,0.11412049337699304,80,4,1,32,0.28747572163348284,80,2,3,64,0.28180327103665104,128,464.0,,2,2,0.0029130828961696055,0.6,/work3/arnaou/checkpoints/groupgat_Vc_trial_934_best_state.pt,"{'learning_rate': 0.0029130828961696055, 'lr_reduce': 0.6}",TPESampler,COMPLETE
935,0.013016093522310257,2025-04-25 20:35:14.428253,2025-04-25 20:36:58.219849,0 days 00:01:43.791596,0.0794072632820695,224,4,3,96,0.15804851568940248,208,2,4,48,0.18357369327141462,48,2,3,64,0.2734963697981803,208,400.0,72.0,3,2,0.009998300276047757,0.6,/work3/arnaou/checkpoints/groupgat_Vc_trial_935_best_state.pt,"{'learning_rate': 0.009998300276047757, 'lr_reduce': 0.6}",TPESampler,COMPLETE
936,0.01046292670071125,2025-04-25 20:35:51.732871,2025-04-25 20:36:49.432269,0 days 00:00:57.699398,0.01528400263362922,240,4,3,48,0.06445050950460655,160,3,2,32,0.03821855860608876,48,1,2,112,0.2679303931489141,176,472.0,144.0,3,1,0.0043697989375329135,0.6,/work3/arnaou/checkpoints/groupgat_Vc_trial_936_best_state.pt,"{'learning_rate': 0.0043697989375329135, 'lr_reduce': 0.6}",TPESampler,COMPLETE
937,0.012097636237740517,2025-04-25 20:35:59.007543,2025-04-25 20:37:08.386645,0 days 00:01:09.379102,0.06111947706897702,192,4,4,64,0.08654502663077138,144,4,1,48,0.019771236136766915,80,1,1,112,0.09911945135232797,176,384.0,48.0,3,1,0.0018874817505546628,0.6,/work3/arnaou/checkpoints/groupgat_Vc_trial_937_best_state.pt,"{'learning_rate': 0.0018874817505546628, 'lr_reduce': 0.6}",TPESampler,COMPLETE
938,0.016783591359853745,2025-04-25 20:36:49.697676,2025-04-25 20:38:09.877733,0 days 00:01:20.180057,0.08593701222064956,240,4,4,64,0.07738040617275557,208,3,3,32,0.14187118541941668,64,2,2,80,0.2157031105264256,344,440.0,,2,1,0.004290652088391839,0.6,/work3/arnaou/checkpoints/groupgat_Vc_trial_938_best_state.pt,"{'learning_rate': 0.004290652088391839, 'lr_reduce': 0.6}",TPESampler,COMPLETE
939,0.011071175336837769,2025-04-25 20:36:58.494831,2025-04-25 20:38:26.483216,0 days 00:01:27.988385,0.021228671965364376,144,3,2,128,0.03046515358834924,160,4,1,32,0.23332825944133412,32,1,2,128,0.041299425750409305,88,472.0,,2,2,0.007707055397263972,0.6,/work3/arnaou/checkpoints/groupgat_Vc_trial_939_best_state.pt,"{'learning_rate': 0.007707055397263972, 'lr_reduce': 0.6}",TPESampler,COMPLETE
940,0.012875117361545563,2025-04-25 20:37:08.592817,2025-04-25 20:38:41.133760,0 days 00:01:32.540943,0.058702371631215146,192,3,3,32,0.07661941193520516,128,4,1,32,0.060782663848259914,128,3,3,96,0.16018950551000455,144,392.0,88.0,3,2,0.007077454235362487,0.6,/work3/arnaou/checkpoints/groupgat_Vc_trial_940_best_state.pt,"{'learning_rate': 0.007077454235362487, 'lr_reduce': 0.6}",TPESampler,COMPLETE
941,0.011833741329610348,2025-04-25 20:38:10.223473,2025-04-25 20:39:21.297787,0 days 00:01:11.074314,0.05155975354432147,208,3,1,32,0.025737840607424047,80,4,1,64,0.045526585090999105,96,2,3,112,0.019032440286025656,256,472.0,104.0,3,2,0.006758543527353082,0.6,/work3/arnaou/checkpoints/groupgat_Vc_trial_941_best_state.pt,"{'learning_rate': 0.006758543527353082, 'lr_reduce': 0.6}",TPESampler,COMPLETE
942,0.014011841267347336,2025-04-25 20:38:26.704332,2025-04-25 20:40:21.193835,0 days 00:01:54.489503,0.04203267259146199,224,4,1,32,0.1516396292756981,96,4,2,32,0.14927304626791726,112,1,2,112,0.005999035975695684,168,432.0,88.0,3,2,0.001557937139282058,0.6,/work3/arnaou/checkpoints/groupgat_Vc_trial_942_best_state.pt,"{'learning_rate': 0.001557937139282058, 'lr_reduce': 0.6}",TPESampler,COMPLETE
943,1.0907354354858398,2025-04-25 20:38:41.372991,2025-04-25 20:39:01.554404,0 days 00:00:20.181413,0.04600917786966698,256,4,2,80,0.09264323371122093,240,3,3,32,0.1425847333605948,32,2,3,96,0.22459386026056197,216,472.0,96.0,3,1,0.009895827730309215,0.6,/work3/arnaou/checkpoints/groupgat_Vc_trial_943_best_state.pt,"{'learning_rate': 0.009895827730309215, 'lr_reduce': 0.6}",TPESampler,COMPLETE
944,1.641008973121643,2025-04-25 20:39:01.789852,2025-04-25 20:39:19.171982,0 days 00:00:17.382130,0.04675376306782753,256,4,3,64,0.1569555468292947,224,2,4,32,0.21027435053898075,32,2,3,80,0.2783710236112317,304,512.0,48.0,3,1,0.002848492171826604,0.6,/work3/arnaou/checkpoints/groupgat_Vc_trial_944_best_state.pt,"{'learning_rate': 0.002848492171826604, 'lr_reduce': 0.6}",TPESampler,COMPLETE
945,0.013677669689059258,2025-04-25 20:39:19.389969,2025-04-25 20:40:21.116379,0 days 00:01:01.726410,0.1135186373800471,256,3,2,80,0.11902130066926879,160,3,1,112,0.251683635920716,64,1,2,128,0.23960075926529817,120,432.0,128.0,3,2,0.0031924685524453507,0.6,/work3/arnaou/checkpoints/groupgat_Vc_trial_945_best_state.pt,"{'learning_rate': 0.0031924685524453507, 'lr_reduce': 0.6}",TPESampler,COMPLETE
946,0.015454882755875587,2025-04-25 20:39:21.601905,2025-04-25 20:40:31.517945,0 days 00:01:09.916040,0.03645699013567274,176,3,3,48,0.07530453163066674,64,3,3,32,0.2627894133532775,112,2,1,64,0.19045267056632031,192,,,1,2,0.004631023072619126,0.6,/work3/arnaou/checkpoints/groupgat_Vc_trial_946_best_state.pt,"{'learning_rate': 0.004631023072619126, 'lr_reduce': 0.6}",TPESampler,COMPLETE
947,1.3120023012161255,2025-04-25 20:40:21.263301,2025-04-25 20:40:40.688839,0 days 00:00:19.425538,0.017181294105959987,160,4,3,80,0.10590943515749979,112,3,3,96,0.14098442354444427,32,2,4,64,0.21413774029101512,32,376.0,208.0,3,2,0.006748853514291287,0.6,/work3/arnaou/checkpoints/groupgat_Vc_trial_947_best_state.pt,"{'learning_rate': 0.006748853514291287, 'lr_reduce': 0.6}",TPESampler,COMPLETE
948,0.012264571152627468,2025-04-25 20:40:21.352158,2025-04-25 20:41:38.892339,0 days 00:01:17.540181,0.029442994320485822,128,4,3,48,0.040797399210060786,64,3,2,32,0.20084895726949753,80,1,2,128,0.07717901547101703,88,432.0,168.0,3,2,0.007893392353969627,0.6,/work3/arnaou/checkpoints/groupgat_Vc_trial_948_best_state.pt,"{'learning_rate': 0.007893392353969627, 'lr_reduce': 0.6}",TPESampler,COMPLETE
949,0.010566368699073792,2025-04-25 20:40:31.816189,2025-04-25 20:41:24.133563,0 days 00:00:52.317374,0.11232194999571757,256,3,4,64,0.23618866417545187,144,4,1,80,0.20341141255901024,64,3,2,112,0.19486759083554492,32,88.0,,2,2,0.000985514065249204,0.6,/work3/arnaou/checkpoints/groupgat_Vc_trial_949_best_state.pt,"{'learning_rate': 0.000985514065249204, 'lr_reduce': 0.6}",TPESampler,COMPLETE
950,0.010516936890780926,2025-04-25 20:40:41.045074,2025-04-25 20:41:59.902178,0 days 00:01:18.857104,0.004573412854445073,160,4,3,64,0.03439284766103057,96,4,1,64,0.25823520375974046,32,2,4,64,0.2854161765652576,160,512.0,,2,2,0.0050815017248632376,0.6,/work3/arnaou/checkpoints/groupgat_Vc_trial_950_best_state.pt,"{'learning_rate': 0.0050815017248632376, 'lr_reduce': 0.6}",TPESampler,COMPLETE
951,0.01160414144396782,2025-04-25 20:41:24.641994,2025-04-25 20:42:50.808537,0 days 00:01:26.166543,0.06724343033509023,208,4,2,64,0.18187691178661183,176,4,1,48,0.1963161582513518,32,1,1,64,0.22138973476756638,336,472.0,128.0,3,2,0.000982810287036948,0.6,/work3/arnaou/checkpoints/groupgat_Vc_trial_951_best_state.pt,"{'learning_rate': 0.000982810287036948, 'lr_reduce': 0.6}",TPESampler,COMPLETE
952,0.012091577984392643,2025-04-25 20:41:39.138703,2025-04-25 20:42:46.545125,0 days 00:01:07.406422,0.006234752225611394,224,4,4,48,0.19008548836310615,144,3,3,32,0.2578976304220496,96,2,3,96,0.2909099086533328,200,392.0,,2,2,0.0016378084925780176,0.6,/work3/arnaou/checkpoints/groupgat_Vc_trial_952_best_state.pt,"{'learning_rate': 0.0016378084925780176, 'lr_reduce': 0.6}",TPESampler,COMPLETE
953,0.017553705722093582,2025-04-25 20:42:00.126404,2025-04-25 20:43:23.237518,0 days 00:01:23.111114,0.09521283527156213,240,4,3,48,0.12055584643737173,144,2,3,48,0.0724248445459159,48,2,2,64,0.2291763622222279,336,440.0,216.0,3,1,0.005042994376756206,0.6,/work3/arnaou/checkpoints/groupgat_Vc_trial_953_best_state.pt,"{'learning_rate': 0.005042994376756206, 'lr_reduce': 0.6}",TPESampler,COMPLETE
954,0.013685045763850212,2025-04-25 20:42:46.869473,2025-04-25 20:43:38.004887,0 days 00:00:51.135414,0.05353555024452786,208,4,4,64,0.21109085502215252,240,2,2,32,0.14527152966686246,32,2,2,64,0.256412865309057,216,472.0,,2,1,0.0026220365904452494,0.6,/work3/arnaou/checkpoints/groupgat_Vc_trial_954_best_state.pt,"{'learning_rate': 0.0026220365904452494, 'lr_reduce': 0.6}",TPESampler,COMPLETE
955,0.01218756940215826,2025-04-25 20:42:51.149254,2025-04-25 20:43:36.776579,0 days 00:00:45.627325,0.01969197848591831,240,1,2,48,0.14618507239790896,80,3,1,48,0.017857129833976873,96,1,1,96,0.1032523272753775,232,,,1,2,0.0034222350803153833,0.6,/work3/arnaou/checkpoints/groupgat_Vc_trial_955_best_state.pt,"{'learning_rate': 0.0034222350803153833, 'lr_reduce': 0.6}",TPESampler,COMPLETE
956,0.011863297782838345,2025-04-25 20:43:23.482362,2025-04-25 20:44:31.787076,0 days 00:01:08.304714,0.005888548150028358,224,2,4,80,0.2227244840717032,64,3,1,32,0.23508739872275253,80,1,4,112,0.2540331957164621,200,424.0,,2,2,0.0023047897780294415,0.6,/work3/arnaou/checkpoints/groupgat_Vc_trial_956_best_state.pt,"{'learning_rate': 0.0023047897780294415, 'lr_reduce': 0.6}",TPESampler,COMPLETE
957,0.014630631543695927,2025-04-25 20:43:37.090569,2025-04-25 20:44:23.376572,0 days 00:00:46.286003,0.04846462902388321,224,2,4,64,0.10323110623287028,80,2,1,32,0.2591268071939157,96,1,4,80,0.12177254108199335,352,472.0,,2,1,0.0016056479191827646,0.6,/work3/arnaou/checkpoints/groupgat_Vc_trial_957_best_state.pt,"{'learning_rate': 0.0016056479191827646, 'lr_reduce': 0.6}",TPESampler,COMPLETE
