number,value,datetime_start,datetime_complete,duration,params_L1_dropout,params_L1_hidden_dim,params_L1_layers_atom,params_L1_layers_mol,params_L1_out_dim,params_L2_dropout,params_L2_hidden_dim,params_L2_layers_atom,params_L2_layers_mol,params_L2_out_dim,params_L3_dropout,params_L3_hidden_dim,params_L3_layers_atom,params_L3_layers_mol,params_L3_out_dim,params_final_dropout,params_mlp_dim_0,params_mlp_dim_1,params_mlp_dim_2,params_n_mlp_layers,params_num_heads,params_train_learning_rate,params_train_lr_reduce,user_attrs_best_state_dict_path,user_attrs_training_params,system_attrs_auto:sampler,state
852,0.012321225367486477,2025-04-25 20:02:10.016105,2025-04-25 20:03:28.260632,0 days 00:01:18.244527,0.07101044603023787,176,4,3,32,0.0017067719124761252,64,3,1,64,0.053564812724560554,96,1,3,112,0.031530490707796704,216,384.0,112.0,3,2,0.007424855952512989,0.6,/work3/arnaou/checkpoints/groupgat_Vc_trial_852_best_state.pt,"{'learning_rate': 0.007424855952512989, 'lr_reduce': 0.6}",TPESampler,COMPLETE
853,0.012205380946397781,2025-04-25 20:02:58.796077,2025-04-25 20:04:28.383772,0 days 00:01:29.587695,0.1674891628380541,160,2,2,48,0.09867514808485721,160,4,4,112,0.2968475538640731,128,2,3,128,0.1325026794338447,32,,,1,2,0.0031794527971960897,0.6,/work3/arnaou/checkpoints/groupgat_Vc_trial_853_best_state.pt,"{'learning_rate': 0.0031794527971960897, 'lr_reduce': 0.6}",TPESampler,COMPLETE
854,0.011211761273443699,2025-04-25 20:03:09.630120,2025-04-25 20:04:06.330841,0 days 00:00:56.700721,0.00508967964277588,224,4,4,32,0.18047515899561523,112,3,1,48,0.2851669417518571,80,1,2,96,0.2299302518424058,128,432.0,384.0,3,2,0.005457658022716002,0.6,/work3/arnaou/checkpoints/groupgat_Vc_trial_854_best_state.pt,"{'learning_rate': 0.005457658022716002, 'lr_reduce': 0.6}",TPESampler,COMPLETE
855,0.009329382330179214,2025-04-25 20:03:28.449338,2025-04-25 20:04:44.097559,0 days 00:01:15.648221,0.03522014501805186,224,2,4,80,0.13340582683186578,96,3,1,32,0.2738046300665546,80,1,4,96,0.18936948436212242,232,472.0,,2,2,0.003688298866038539,0.6,/work3/arnaou/checkpoints/groupgat_Vc_trial_855_best_state.pt,"{'learning_rate': 0.003688298866038539, 'lr_reduce': 0.6}",TPESampler,COMPLETE
856,0.017770953476428986,2025-04-25 20:04:06.551281,2025-04-25 20:04:52.610256,0 days 00:00:46.058975,0.024298241295509643,256,3,3,80,0.033987281459944646,176,4,1,32,0.21658893059532577,64,3,3,96,0.2595931613416719,168,472.0,208.0,3,1,0.0034277849642799477,0.6,/work3/arnaou/checkpoints/groupgat_Vc_trial_856_best_state.pt,"{'learning_rate': 0.0034277849642799477, 'lr_reduce': 0.6}",TPESampler,COMPLETE
857,0.0228294488042593,2025-04-25 20:04:29.290794,2025-04-25 20:05:47.064807,0 days 00:01:17.774013,0.15230042983371098,256,2,4,64,0.18300808717023964,192,4,4,80,0.29487314101134765,112,3,4,64,0.05775847188832574,96,,,1,2,0.004359901434877413,0.6,/work3/arnaou/checkpoints/groupgat_Vc_trial_857_best_state.pt,"{'learning_rate': 0.004359901434877413, 'lr_reduce': 0.6}",TPESampler,COMPLETE
858,0.01318873930722475,2025-04-25 20:04:44.296532,2025-04-25 20:05:49.480089,0 days 00:01:05.183557,0.021833728639458115,224,1,4,80,0.15811790347713062,64,3,1,48,0.18529492729796043,48,1,4,80,0.20977425545985165,328,,,1,2,0.004105950540612852,0.6,/work3/arnaou/checkpoints/groupgat_Vc_trial_858_best_state.pt,"{'learning_rate': 0.004105950540612852, 'lr_reduce': 0.6}",TPESampler,COMPLETE
859,0.015291593968868256,2025-04-25 20:04:52.900427,2025-04-25 20:07:18.631190,0 days 00:02:25.730763,0.0023736744956170397,256,4,2,32,0.22576517582653466,96,4,1,64,0.21517375991564547,32,2,4,80,0.09806235008409991,88,480.0,512.0,3,2,0.0008483330354278876,0.6,/work3/arnaou/checkpoints/groupgat_Vc_trial_859_best_state.pt,"{'learning_rate': 0.0008483330354278876, 'lr_reduce': 0.6}",TPESampler,COMPLETE
860,0.024105539545416832,2025-04-25 20:05:47.317836,2025-04-25 20:07:57.643681,0 days 00:02:10.325845,0.03571173931789524,176,3,3,112,0.11845791078790167,144,2,3,32,0.1691897388179608,96,2,3,96,0.2764749911133198,160,480.0,,2,2,0.00042064059288673397,0.6,/work3/arnaou/checkpoints/groupgat_Vc_trial_860_best_state.pt,"{'learning_rate': 0.00042064059288673397, 'lr_reduce': 0.6}",TPESampler,COMPLETE
861,0.011671257205307484,2025-04-25 20:05:49.764035,2025-04-25 20:07:08.944788,0 days 00:01:19.180753,0.03319331948066766,192,3,3,96,0.18667653351867633,96,3,2,48,0.2844603546762744,80,2,4,112,0.2143498781341837,232,104.0,,2,2,0.005097138240069298,0.6,/work3/arnaou/checkpoints/groupgat_Vc_trial_861_best_state.pt,"{'learning_rate': 0.005097138240069298, 'lr_reduce': 0.6}",TPESampler,COMPLETE
862,0.010225336998701096,2025-04-25 20:07:09.206320,2025-04-25 20:08:26.263359,0 days 00:01:17.057039,0.004326278023201799,144,4,2,64,0.04150173646549236,176,4,2,80,0.14052010907448845,32,1,4,80,0.12219331006053902,192,512.0,,2,2,0.0033060881493662594,0.6,/work3/arnaou/checkpoints/groupgat_Vc_trial_862_best_state.pt,"{'learning_rate': 0.0033060881493662594, 'lr_reduce': 0.6}",TPESampler,COMPLETE
863,0.11175009608268738,2025-04-25 20:07:18.944790,2025-04-25 20:07:57.585616,0 days 00:00:38.640826,0.16970496855597006,208,1,2,80,0.010525110047218823,160,2,1,48,0.2887682975843186,80,4,4,112,0.22218563334341854,104,512.0,344.0,3,1,0.00847562569150082,0.6,/work3/arnaou/checkpoints/groupgat_Vc_trial_863_best_state.pt,"{'learning_rate': 0.00847562569150082, 'lr_reduce': 0.6}",TPESampler,COMPLETE
864,0.3158658742904663,2025-04-25 20:07:57.703869,2025-04-25 20:08:38.661383,0 days 00:00:40.957514,0.008059057261652406,128,2,4,64,0.033179892629568865,128,4,4,64,0.25462269714743163,80,3,3,96,0.268823581131353,336,440.0,,2,2,0.0013643675551319005,0.6,/work3/arnaou/checkpoints/groupgat_Vc_trial_864_best_state.pt,"{'learning_rate': 0.0013643675551319005, 'lr_reduce': 0.6}",TPESampler,COMPLETE
865,0.01303486991673708,2025-04-25 20:07:57.821246,2025-04-25 20:09:21.977226,0 days 00:01:24.155980,0.03871708282791554,80,3,3,48,0.1535639232590062,80,3,2,48,0.21319514867519365,112,2,2,48,0.29482056061946943,200,,,1,1,0.0011349481516638239,0.6,/work3/arnaou/checkpoints/groupgat_Vc_trial_865_best_state.pt,"{'learning_rate': 0.0011349481516638239, 'lr_reduce': 0.6}",TPESampler,COMPLETE
866,0.015848640352487564,2025-04-25 20:08:26.465687,2025-04-25 20:09:53.426745,0 days 00:01:26.961058,0.025631960063919455,224,2,3,80,0.05063307267387565,112,3,1,32,0.25090842563435245,96,1,4,96,0.2403037333045671,200,424.0,,2,2,0.0013186866207874186,0.6,/work3/arnaou/checkpoints/groupgat_Vc_trial_866_best_state.pt,"{'learning_rate': 0.0013186866207874186, 'lr_reduce': 0.6}",TPESampler,COMPLETE
867,0.015797797590494156,2025-04-25 20:08:38.939542,2025-04-25 20:10:37.915919,0 days 00:01:58.976377,0.09077838399101587,176,4,3,48,0.17403540336425005,176,4,1,64,0.07025096522341487,96,1,1,112,0.04272124513615931,64,168.0,,2,2,0.00043007879124860816,0.6,/work3/arnaou/checkpoints/groupgat_Vc_trial_867_best_state.pt,"{'learning_rate': 0.00043007879124860816, 'lr_reduce': 0.6}",TPESampler,COMPLETE
868,0.010821685194969177,2025-04-25 20:09:22.226183,2025-04-25 20:10:13.574672,0 days 00:00:51.348489,0.07540921528243458,240,4,4,48,0.11744268800232627,176,3,1,32,0.2907531617524391,96,2,3,96,0.25166096870899707,224,480.0,416.0,3,1,0.0030122990989269694,0.6,/work3/arnaou/checkpoints/groupgat_Vc_trial_868_best_state.pt,"{'learning_rate': 0.0030122990989269694, 'lr_reduce': 0.6}",TPESampler,COMPLETE
869,0.01107079815119505,2025-04-25 20:09:53.717371,2025-04-25 20:11:12.551571,0 days 00:01:18.834200,0.0020187985700169594,224,4,2,80,0.027772573723518067,128,4,1,32,0.20686064065868398,112,2,3,128,0.08818014894875156,32,392.0,344.0,3,2,0.005324602015176737,0.6,/work3/arnaou/checkpoints/groupgat_Vc_trial_869_best_state.pt,"{'learning_rate': 0.005324602015176737, 'lr_reduce': 0.6}",TPESampler,COMPLETE
870,0.01078333705663681,2025-04-25 20:10:13.927184,2025-04-25 20:11:34.074710,0 days 00:01:20.147526,0.03437744247939597,208,2,4,96,0.07615090071683389,96,4,1,32,0.22635023884323408,96,1,4,96,0.1693734640022243,312,512.0,,2,2,0.006154471248590691,0.6,/work3/arnaou/checkpoints/groupgat_Vc_trial_870_best_state.pt,"{'learning_rate': 0.006154471248590691, 'lr_reduce': 0.6}",TPESampler,COMPLETE
871,0.009095217101275921,2025-04-25 20:10:38.114844,2025-04-25 20:11:35.767181,0 days 00:00:57.652337,0.009286447532233084,240,4,3,48,0.09810101851298633,176,2,2,32,0.2117797563754336,48,2,2,96,0.2918676048020594,240,432.0,320.0,3,1,0.004723096106459865,0.6,/work3/arnaou/checkpoints/groupgat_Vc_trial_871_best_state.pt,"{'learning_rate': 0.004723096106459865, 'lr_reduce': 0.6}",TPESampler,COMPLETE
872,0.014095351099967957,2025-04-25 20:11:12.780072,2025-04-25 20:12:19.701926,0 days 00:01:06.921854,0.00021472783229213588,256,2,4,96,0.20520788108696328,176,4,1,96,0.29688273878185334,48,1,2,128,0.23980997617165145,144,472.0,,2,2,0.003446916827917406,0.6,/work3/arnaou/checkpoints/groupgat_Vc_trial_872_best_state.pt,"{'learning_rate': 0.003446916827917406, 'lr_reduce': 0.6}",TPESampler,COMPLETE
873,0.012511571869254112,2025-04-25 20:11:34.500858,2025-04-25 20:12:53.063575,0 days 00:01:18.562717,0.160769340479609,176,4,2,64,0.027626085674855406,160,3,3,80,0.03232360835327217,112,1,3,112,0.02148157642613105,272,376.0,328.0,3,2,0.00321179837041116,0.6,/work3/arnaou/checkpoints/groupgat_Vc_trial_873_best_state.pt,"{'learning_rate': 0.00321179837041116, 'lr_reduce': 0.6}",TPESampler,COMPLETE
874,0.013761923648416996,2025-04-25 20:11:36.049897,2025-04-25 20:13:27.492238,0 days 00:01:51.442341,0.006310775658154993,240,3,1,48,0.1804956388258825,96,4,1,48,0.26778166327657005,64,1,4,96,0.11641273291635522,120,384.0,,2,2,0.0011154242661281972,0.6,/work3/arnaou/checkpoints/groupgat_Vc_trial_874_best_state.pt,"{'learning_rate': 0.0011154242661281972, 'lr_reduce': 0.6}",TPESampler,COMPLETE
875,0.01455898117274046,2025-04-25 20:12:19.927302,2025-04-25 20:13:18.216796,0 days 00:00:58.289494,0.052605889377155955,128,4,2,128,0.03447409850432779,64,4,1,64,0.22527488553049763,64,1,2,128,0.11133410923208512,112,424.0,312.0,3,2,0.004861958781276753,0.6,/work3/arnaou/checkpoints/groupgat_Vc_trial_875_best_state.pt,"{'learning_rate': 0.004861958781276753, 'lr_reduce': 0.6}",TPESampler,COMPLETE
876,0.019324054941534996,2025-04-25 20:12:53.390632,2025-04-25 20:14:18.332722,0 days 00:01:24.942090,0.11274417811732504,208,2,4,32,0.23898625518434186,176,4,4,64,0.21305362358650848,128,2,3,80,0.16355109211224772,72,,,1,2,0.004673130521920728,0.6,/work3/arnaou/checkpoints/groupgat_Vc_trial_876_best_state.pt,"{'learning_rate': 0.004673130521920728, 'lr_reduce': 0.6}",TPESampler,COMPLETE
877,0.019131017848849297,2025-04-25 20:13:18.501701,2025-04-25 20:14:37.775677,0 days 00:01:19.273976,0.09081361492388229,208,4,2,48,0.0728678400294385,208,3,2,64,0.12710900367845485,64,2,2,112,0.293948318186473,208,424.0,,2,1,0.0060069518504917594,0.6,/work3/arnaou/checkpoints/groupgat_Vc_trial_877_best_state.pt,"{'learning_rate': 0.0060069518504917594, 'lr_reduce': 0.6}",TPESampler,COMPLETE
878,0.02474040538072586,2025-04-25 20:13:27.757209,2025-04-25 20:14:38.665598,0 days 00:01:10.908389,0.11290903378652838,256,2,3,32,0.17029834016307144,112,4,4,96,0.26330445603619645,128,2,2,96,0.14497814769727713,64,,,1,2,0.007483099632432143,0.6,/work3/arnaou/checkpoints/groupgat_Vc_trial_878_best_state.pt,"{'learning_rate': 0.007483099632432143, 'lr_reduce': 0.6}",TPESampler,COMPLETE
879,0.01223508920520544,2025-04-25 20:14:18.533775,2025-04-25 20:15:34.768066,0 days 00:01:16.234291,0.005099594269977646,256,3,2,64,0.04833581428894858,144,1,1,48,0.20987604971940813,32,2,2,112,0.2846071982581596,272,376.0,368.0,3,1,0.0020438114825785435,0.6,/work3/arnaou/checkpoints/groupgat_Vc_trial_879_best_state.pt,"{'learning_rate': 0.0020438114825785435, 'lr_reduce': 0.6}",TPESampler,COMPLETE
880,0.01619035005569458,2025-04-25 20:14:38.591698,2025-04-25 20:15:26.527880,0 days 00:00:47.936182,0.03008272395008205,160,4,2,32,0.02105359136874247,176,4,1,32,0.10270854834457971,96,1,3,80,0.00788238345489108,280,432.0,312.0,3,2,0.0018195518283597861,0.6,/work3/arnaou/checkpoints/groupgat_Vc_trial_880_best_state.pt,"{'learning_rate': 0.0018195518283597861, 'lr_reduce': 0.6}",TPESampler,COMPLETE
881,0.017141856253147125,2025-04-25 20:14:38.978624,2025-04-25 20:15:36.463053,0 days 00:00:57.484429,0.007272431760402333,256,4,3,64,0.048233945674671576,192,2,3,48,0.2711427579208953,96,1,2,128,0.21737657228204968,208,448.0,296.0,3,1,0.006569218542350383,0.6,/work3/arnaou/checkpoints/groupgat_Vc_trial_881_best_state.pt,"{'learning_rate': 0.006569218542350383, 'lr_reduce': 0.6}",TPESampler,COMPLETE
882,0.015969691798090935,2025-04-25 20:15:26.854589,2025-04-25 20:16:20.405180,0 days 00:00:53.550591,0.00010674788883147102,208,4,3,64,0.14854990306613525,144,4,1,96,0.24589221436020053,64,1,2,128,0.1870155429994731,112,384.0,376.0,3,2,0.0035103141435379667,0.6,/work3/arnaou/checkpoints/groupgat_Vc_trial_882_best_state.pt,"{'learning_rate': 0.0035103141435379667, 'lr_reduce': 0.6}",TPESampler,COMPLETE
883,0.011103477329015732,2025-04-25 20:15:35.002249,2025-04-25 20:16:41.523874,0 days 00:01:06.521625,0.011874013800218035,208,3,4,80,0.11578202380729972,192,2,3,64,0.11694485631841373,48,1,1,80,0.2644523990642806,120,432.0,320.0,3,1,0.0038414228748583036,0.6,/work3/arnaou/checkpoints/groupgat_Vc_trial_883_best_state.pt,"{'learning_rate': 0.0038414228748583036, 'lr_reduce': 0.6}",TPESampler,COMPLETE
884,0.011076640337705612,2025-04-25 20:15:36.791971,2025-04-25 20:16:43.216855,0 days 00:01:06.424884,0.05123455651956148,96,4,3,64,0.04093939134476345,64,4,1,64,0.2383339440155488,48,1,4,48,0.1973540087040115,32,464.0,,2,2,0.00855181523572966,0.6,/work3/arnaou/checkpoints/groupgat_Vc_trial_884_best_state.pt,"{'learning_rate': 0.00855181523572966, 'lr_reduce': 0.6}",TPESampler,COMPLETE
885,0.01907745935022831,2025-04-25 20:16:20.646746,2025-04-25 20:17:29.300192,0 days 00:01:08.653446,0.03667735782761868,256,3,2,32,0.021738358861674575,112,3,2,64,0.15318124606153502,64,1,4,112,0.022031555974915143,232,512.0,304.0,3,2,0.006140048725307803,0.6,/work3/arnaou/checkpoints/groupgat_Vc_trial_885_best_state.pt,"{'learning_rate': 0.006140048725307803, 'lr_reduce': 0.6}",TPESampler,COMPLETE
886,0.02313138358294964,2025-04-25 20:16:41.770273,2025-04-25 20:17:45.856865,0 days 00:01:04.086592,0.1108397833104184,240,4,2,48,0.09349916045495998,144,4,3,32,0.15210450275794093,112,1,3,112,0.05788549848548073,128,424.0,376.0,3,1,0.0022463170108419305,0.6,/work3/arnaou/checkpoints/groupgat_Vc_trial_886_best_state.pt,"{'learning_rate': 0.0022463170108419305, 'lr_reduce': 0.6}",TPESampler,COMPLETE
887,0.013559317216277122,2025-04-25 20:16:43.502476,2025-04-25 20:17:40.800692,0 days 00:00:57.298216,0.06285175113047052,224,4,3,80,0.07836996289829729,176,2,2,48,0.23595722009588635,32,3,1,112,0.25165649567627774,264,472.0,,2,1,0.00555553163101948,0.6,/work3/arnaou/checkpoints/groupgat_Vc_trial_887_best_state.pt,"{'learning_rate': 0.00555553163101948, 'lr_reduce': 0.6}",TPESampler,COMPLETE
888,0.02080400288105011,2025-04-25 20:17:29.577887,2025-04-25 20:18:30.856770,0 days 00:01:01.278883,0.03400519887200301,224,4,4,64,0.1437787334649771,176,2,1,64,0.11216156122201357,48,2,3,64,0.2799422999095068,224,384.0,288.0,3,1,0.006777008864743002,0.6,/work3/arnaou/checkpoints/groupgat_Vc_trial_888_best_state.pt,"{'learning_rate': 0.006777008864743002, 'lr_reduce': 0.6}",TPESampler,COMPLETE
889,0.011208855547010899,2025-04-25 20:17:41.124261,2025-04-25 20:18:45.881384,0 days 00:01:04.757123,0.04784170156800248,208,4,2,96,0.0549987073548414,112,4,1,48,0.27853070284507897,80,1,1,128,0.14306693389418118,72,472.0,344.0,3,2,0.0021549706033279605,0.6,/work3/arnaou/checkpoints/groupgat_Vc_trial_889_best_state.pt,"{'learning_rate': 0.0021549706033279605, 'lr_reduce': 0.6}",TPESampler,COMPLETE
890,0.01222514733672142,2025-04-25 20:17:46.062073,2025-04-25 20:18:57.399600,0 days 00:01:11.337527,0.09397448272019826,240,1,4,64,0.14851447208744648,176,2,1,32,0.2879430875877914,64,2,3,80,0.17757459975594714,256,424.0,,2,2,0.003201957170552739,0.6,/work3/arnaou/checkpoints/groupgat_Vc_trial_890_best_state.pt,"{'learning_rate': 0.003201957170552739, 'lr_reduce': 0.6}",TPESampler,COMPLETE
891,0.013318714685738087,2025-04-25 20:18:31.153159,2025-04-25 20:19:42.721831,0 days 00:01:11.568672,0.11870159479757628,112,3,2,64,0.03838672337862163,160,4,1,96,0.03921250762396786,96,2,3,112,0.08546834930796987,160,512.0,280.0,3,2,0.004190175237448837,0.6,/work3/arnaou/checkpoints/groupgat_Vc_trial_891_best_state.pt,"{'learning_rate': 0.004190175237448837, 'lr_reduce': 0.6}",TPESampler,COMPLETE
892,0.010124838910996914,2025-04-25 20:18:46.169160,2025-04-25 20:20:46.850470,0 days 00:02:00.681310,0.03995981823751975,256,3,3,64,0.22006542659462036,112,3,1,80,0.27966479761379204,48,1,2,128,0.2948071882955536,136,440.0,400.0,3,2,0.0010939959761678763,0.6,/work3/arnaou/checkpoints/groupgat_Vc_trial_892_best_state.pt,"{'learning_rate': 0.0010939959761678763, 'lr_reduce': 0.6}",TPESampler,COMPLETE
893,0.014505255967378616,2025-04-25 20:18:57.708840,2025-04-25 20:20:06.428794,0 days 00:01:08.719954,0.0039431071964504925,192,3,2,48,0.0681834583603475,240,3,2,32,0.2908611607094145,64,2,2,80,0.2712558139146489,296,472.0,336.0,3,1,0.008537795115218306,0.6,/work3/arnaou/checkpoints/groupgat_Vc_trial_893_best_state.pt,"{'learning_rate': 0.008537795115218306, 'lr_reduce': 0.6}",TPESampler,COMPLETE
894,0.011343259364366531,2025-04-25 20:19:43.116441,2025-04-25 20:20:47.973024,0 days 00:01:04.856583,0.02173611401825077,240,4,3,32,0.17840528277610793,144,3,2,48,0.1639437311404254,48,2,1,96,0.2662654668290048,280,376.0,264.0,3,1,0.006403767016923801,0.6,/work3/arnaou/checkpoints/groupgat_Vc_trial_894_best_state.pt,"{'learning_rate': 0.006403767016923801, 'lr_reduce': 0.6}",TPESampler,COMPLETE
895,0.012061531655490398,2025-04-25 20:20:06.678266,2025-04-25 20:21:03.182461,0 days 00:00:56.504195,0.008111907514676633,208,4,3,48,0.11027447429977069,192,1,2,64,0.19714007874102468,48,2,2,80,0.2386254725902226,344,432.0,,2,1,0.0025888232043015966,0.6,/work3/arnaou/checkpoints/groupgat_Vc_trial_895_best_state.pt,"{'learning_rate': 0.0025888232043015966, 'lr_reduce': 0.6}",TPESampler,COMPLETE
896,0.015740051865577698,2025-04-25 20:20:47.140157,2025-04-25 20:21:50.301482,0 days 00:01:03.161325,0.09977126812980916,144,4,4,64,0.09823294935280573,208,4,2,48,0.13186945760178506,96,1,1,80,0.031598623889279885,88,88.0,344.0,3,2,0.001465080221912866,0.6,/work3/arnaou/checkpoints/groupgat_Vc_trial_896_best_state.pt,"{'learning_rate': 0.001465080221912866, 'lr_reduce': 0.6}",TPESampler,COMPLETE
897,0.01521788164973259,2025-04-25 20:20:48.162249,2025-04-25 20:21:54.642294,0 days 00:01:06.480045,0.05937353759490575,192,4,4,48,0.1188262631374925,224,4,1,32,0.2790067375868474,64,4,3,96,0.28528827948325136,168,472.0,,2,1,0.0036525560427078854,0.6,/work3/arnaou/checkpoints/groupgat_Vc_trial_897_best_state.pt,"{'learning_rate': 0.0036525560427078854, 'lr_reduce': 0.6}",TPESampler,COMPLETE
898,0.010765641927719116,2025-04-25 20:21:03.378655,2025-04-25 20:22:11.411772,0 days 00:01:08.033117,0.04959409197819481,160,3,3,96,0.12550644286057044,144,3,2,32,0.2443911360701424,128,2,2,64,0.27626314840762656,128,392.0,,2,2,0.0026623439229740897,0.6,/work3/arnaou/checkpoints/groupgat_Vc_trial_898_best_state.pt,"{'learning_rate': 0.0026623439229740897, 'lr_reduce': 0.6}",TPESampler,COMPLETE
899,0.02008841000497341,2025-04-25 20:21:50.601565,2025-04-25 20:22:39.921291,0 days 00:00:49.319726,0.0033221928849991936,176,2,4,80,0.1154725343983028,128,3,1,64,0.2388735196555078,64,1,3,112,0.14077133639019573,208,512.0,,2,2,0.0021941420391137553,0.6,/work3/arnaou/checkpoints/groupgat_Vc_trial_899_best_state.pt,"{'learning_rate': 0.0021941420391137553, 'lr_reduce': 0.6}",TPESampler,COMPLETE
900,0.009836635552346706,2025-04-25 20:21:54.892962,2025-04-25 20:23:03.519264,0 days 00:01:08.626302,0.015840409010349662,160,2,3,80,0.0876849743583943,80,4,3,48,0.21566999681255675,128,3,2,64,0.20912872693335627,48,,,1,2,0.003563225913249117,0.6,/work3/arnaou/checkpoints/groupgat_Vc_trial_900_best_state.pt,"{'learning_rate': 0.003563225913249117, 'lr_reduce': 0.6}",TPESampler,COMPLETE
901,0.012759457342326641,2025-04-25 20:22:11.654705,2025-04-25 20:24:07.821626,0 days 00:01:56.166921,0.056741494915986464,128,2,3,32,0.16139574954087643,64,4,1,96,0.1898112475519895,32,1,2,64,0.19714887962372407,104,,,1,2,0.0014200354710282817,0.6,/work3/arnaou/checkpoints/groupgat_Vc_trial_901_best_state.pt,"{'learning_rate': 0.0014200354710282817, 'lr_reduce': 0.6}",TPESampler,COMPLETE
902,0.011868983507156372,2025-04-25 20:22:40.215682,2025-04-25 20:23:44.427024,0 days 00:01:04.211342,0.1325250625791476,240,1,2,32,0.018941459022261478,144,3,1,48,0.25128015866642,96,4,3,96,0.2815616567410613,104,432.0,280.0,3,2,0.0045042107343917104,0.6,/work3/arnaou/checkpoints/groupgat_Vc_trial_902_best_state.pt,"{'learning_rate': 0.0045042107343917104, 'lr_reduce': 0.6}",TPESampler,COMPLETE
903,0.010080350562930107,2025-04-25 20:23:04.046194,2025-04-25 20:24:02.897268,0 days 00:00:58.851074,0.12461664050723818,224,4,2,80,0.10165726108480501,192,4,2,64,0.07098343257962092,80,2,2,112,0.08783133454241535,136,472.0,424.0,3,2,0.0029131079564159047,0.6,/work3/arnaou/checkpoints/groupgat_Vc_trial_903_best_state.pt,"{'learning_rate': 0.0029131079564159047, 'lr_reduce': 0.6}",TPESampler,COMPLETE
904,0.01835312508046627,2025-04-25 20:23:44.692311,2025-04-25 20:25:11.502194,0 days 00:01:26.809883,0.05132673219205871,240,2,4,64,0.1607941012730696,80,3,1,64,0.2927530650399927,96,1,4,112,0.19259523650900212,288,416.0,,2,2,0.0072089942674627445,0.6,/work3/arnaou/checkpoints/groupgat_Vc_trial_904_best_state.pt,"{'learning_rate': 0.0072089942674627445, 'lr_reduce': 0.6}",TPESampler,COMPLETE
