number,value,datetime_start,datetime_complete,duration,params_L1_dropout,params_L1_hidden_dim,params_L1_layers_atom,params_L1_layers_mol,params_L1_out_dim,params_L2_dropout,params_L2_hidden_dim,params_L2_layers_atom,params_L2_layers_mol,params_L2_out_dim,params_L3_dropout,params_L3_hidden_dim,params_L3_layers_atom,params_L3_layers_mol,params_L3_out_dim,params_final_dropout,params_mlp_dim_0,params_mlp_dim_1,params_mlp_dim_2,params_n_mlp_layers,params_num_heads,params_train_learning_rate,params_train_lr_reduce,user_attrs_best_state_dict_path,user_attrs_training_params,system_attrs_auto:sampler,state
214,0.009610721841454506,2025-04-24 22:58:54.992849,2025-04-24 23:00:55.948711,0 days 00:02:00.955862,0.004669878936938189,256,2,1,48,0.18415170532365963,128,3,1,48,0.13419252253466651,32,1,3,128,0.04058491866790298,88,456.0,,2,2,0.003026424033215107,0.6,/work3/arnaou/checkpoints/groupgat_Vc_trial_214_best_state.pt,"{'learning_rate': 0.003026424033215107, 'lr_reduce': 0.6}",TPESampler,COMPLETE
215,0.014947725459933281,2025-04-24 22:59:29.953718,2025-04-24 23:01:45.612135,0 days 00:02:15.658417,0.04936158394353722,128,2,4,32,0.022345501095536624,144,2,3,96,0.15130484632597885,80,4,4,96,0.2697952421988363,288,456.0,,2,1,0.007742541772425153,0.6,/work3/arnaou/checkpoints/groupgat_Vc_trial_215_best_state.pt,"{'learning_rate': 0.007742541772425153, 'lr_reduce': 0.6}",TPESampler,COMPLETE
216,0.010984794236719608,2025-04-24 23:00:14.847334,2025-04-24 23:01:44.231409,0 days 00:01:29.384075,0.05966704399563988,144,4,4,32,0.16533766029308808,128,3,2,32,0.21143021310356686,64,1,2,80,0.1537424426175287,168,400.0,304.0,3,2,0.0010673633731088233,0.6,/work3/arnaou/checkpoints/groupgat_Vc_trial_216_best_state.pt,"{'learning_rate': 0.0010673633731088233, 'lr_reduce': 0.6}",TPESampler,COMPLETE
217,0.010747428983449936,2025-04-24 23:00:56.256551,2025-04-24 23:01:56.194408,0 days 00:00:59.937857,0.02611785959764689,192,2,1,48,0.13802643553622274,80,3,1,48,0.0807439528350608,32,1,3,128,0.0042498533650952575,160,416.0,,2,2,0.0032143068122140487,0.6,/work3/arnaou/checkpoints/groupgat_Vc_trial_217_best_state.pt,"{'learning_rate': 0.0032143068122140487, 'lr_reduce': 0.6}",TPESampler,COMPLETE
218,0.013467145152390003,2025-04-24 23:01:44.420871,2025-04-24 23:03:25.475550,0 days 00:01:41.054679,0.08668556336933565,256,4,4,32,0.11078628165034649,96,3,1,48,0.09397658500563656,32,2,1,96,0.19549106143335093,328,416.0,296.0,3,2,0.006253382622158788,0.6,/work3/arnaou/checkpoints/groupgat_Vc_trial_218_best_state.pt,"{'learning_rate': 0.006253382622158788, 'lr_reduce': 0.6}",TPESampler,COMPLETE
219,0.014998739585280418,2025-04-24 23:01:45.832426,2025-04-24 23:03:23.603803,0 days 00:01:37.771377,0.049155812647591855,256,4,3,96,0.25506694101093486,80,4,1,48,0.1995684037595365,48,1,2,80,0.2491406673245194,360,424.0,256.0,3,2,0.0057825188112871516,0.6,/work3/arnaou/checkpoints/groupgat_Vc_trial_219_best_state.pt,"{'learning_rate': 0.0057825188112871516, 'lr_reduce': 0.6}",TPESampler,COMPLETE
220,0.022435694932937622,2025-04-24 23:01:56.752904,2025-04-24 23:03:06.690297,0 days 00:01:09.937393,0.06751482018994276,224,2,1,32,0.1986981748677369,144,4,2,32,0.1316969554407817,48,1,3,128,0.07878558411334868,200,384.0,,2,2,0.0015729986455096877,0.6,/work3/arnaou/checkpoints/groupgat_Vc_trial_220_best_state.pt,"{'learning_rate': 0.0015729986455096877, 'lr_reduce': 0.6}",TPESampler,COMPLETE
221,0.010008402168750763,2025-04-24 23:03:06.830697,2025-04-24 23:04:19.844856,0 days 00:01:13.014159,0.01971913836808824,240,2,2,48,0.09935652678200398,128,2,1,80,0.11063252046351879,32,2,2,96,0.036597105528610514,144,408.0,,2,2,0.0025187491720216086,0.6,/work3/arnaou/checkpoints/groupgat_Vc_trial_221_best_state.pt,"{'learning_rate': 0.0025187491720216086, 'lr_reduce': 0.6}",TPESampler,COMPLETE
222,0.019479582086205482,2025-04-24 23:03:23.753822,2025-04-24 23:05:27.858255,0 days 00:02:04.104433,0.0439747155354166,144,3,4,96,0.18524456329501268,112,3,2,112,0.2417166028687655,128,4,2,48,0.2240970915187715,408,432.0,336.0,3,1,0.007111981787651249,0.6,/work3/arnaou/checkpoints/groupgat_Vc_trial_222_best_state.pt,"{'learning_rate': 0.007111981787651249, 'lr_reduce': 0.6}",TPESampler,COMPLETE
223,0.010563833639025688,2025-04-24 23:03:25.722781,2025-04-24 23:05:29.457308,0 days 00:02:03.734527,0.05488623833742601,224,4,3,80,0.09024258828567705,160,4,1,48,0.295954240467429,48,2,1,112,0.1265912993519519,192,432.0,224.0,3,2,0.006742106868631941,0.6,/work3/arnaou/checkpoints/groupgat_Vc_trial_223_best_state.pt,"{'learning_rate': 0.006742106868631941, 'lr_reduce': 0.6}",TPESampler,COMPLETE
224,0.016079893335700035,2025-04-24 23:04:37.713879,2025-04-24 23:05:34.035195,0 days 00:00:56.321316,0.056028819997251025,144,3,2,48,0.03204208292043047,144,2,1,48,0.15649902563679388,48,2,3,128,0.04580460388349388,112,344.0,,2,2,0.002707063376137701,0.6,/work3/arnaou/checkpoints/groupgat_Vc_trial_224_best_state.pt,"{'learning_rate': 0.002707063376137701, 'lr_reduce': 0.6}",TPESampler,COMPLETE
225,0.009806412272155285,2025-04-24 23:05:28.007521,2025-04-24 23:07:30.707427,0 days 00:02:02.699906,0.006380680850140424,256,1,1,32,0.14859470609306946,128,3,1,64,0.13149688769859022,48,1,2,112,0.03542608053516891,48,408.0,,2,2,0.005231936562355336,0.6,/work3/arnaou/checkpoints/groupgat_Vc_trial_225_best_state.pt,"{'learning_rate': 0.005231936562355336, 'lr_reduce': 0.6}",TPESampler,COMPLETE
226,0.014908078126609325,2025-04-24 23:05:29.619924,2025-04-24 23:07:30.556206,0 days 00:02:00.936282,0.11313664158604551,240,4,4,32,0.15572342176779155,176,3,1,48,0.16786724653467028,48,1,3,80,0.13183211791742694,264,392.0,216.0,3,2,0.004826619889790921,0.6,/work3/arnaou/checkpoints/groupgat_Vc_trial_226_best_state.pt,"{'learning_rate': 0.004826619889790921, 'lr_reduce': 0.6}",TPESampler,COMPLETE
227,0.011886019259691238,2025-04-24 23:05:34.216690,2025-04-24 23:07:22.861731,0 days 00:01:48.645041,0.04022904817317686,192,1,1,80,0.1220628766572573,80,4,1,32,0.0269312975232021,32,2,3,112,0.020478829271071117,200,408.0,216.0,3,2,0.003705327680093199,0.6,/work3/arnaou/checkpoints/groupgat_Vc_trial_227_best_state.pt,"{'learning_rate': 0.003705327680093199, 'lr_reduce': 0.6}",TPESampler,COMPLETE
228,0.010639166459441185,2025-04-24 23:07:23.118262,2025-04-24 23:09:14.216834,0 days 00:01:51.098572,0.07000207905320699,224,3,2,64,0.1478575270380289,144,3,1,64,0.13803410215102485,48,1,3,128,0.03698131275630593,120,424.0,,2,2,0.0047556183296411855,0.6,/work3/arnaou/checkpoints/groupgat_Vc_trial_228_best_state.pt,"{'learning_rate': 0.0047556183296411855, 'lr_reduce': 0.6}",TPESampler,COMPLETE
229,0.011008366011083126,2025-04-24 23:07:30.789558,2025-04-24 23:09:04.500693,0 days 00:01:33.711135,0.039832471923439354,176,4,4,64,0.2281050965752669,192,3,1,32,0.14525359951778258,48,2,2,48,0.20443767361601692,400,376.0,232.0,3,2,0.003402443057650847,0.6,/work3/arnaou/checkpoints/groupgat_Vc_trial_229_best_state.pt,"{'learning_rate': 0.003402443057650847, 'lr_reduce': 0.6}",TPESampler,COMPLETE
230,0.010252473875880241,2025-04-24 23:07:30.877450,2025-04-24 23:09:10.342822,0 days 00:01:39.465372,0.06667461626962291,160,3,3,96,0.12813269247895978,128,4,1,48,0.2950826415714693,80,2,1,112,0.13144041108370844,192,440.0,240.0,3,2,0.00395767948518829,0.6,/work3/arnaou/checkpoints/groupgat_Vc_trial_230_best_state.pt,"{'learning_rate': 0.00395767948518829, 'lr_reduce': 0.6}",TPESampler,COMPLETE
231,0.014909714460372925,2025-04-24 23:09:04.747851,2025-04-24 23:10:25.612594,0 days 00:01:20.864743,0.12100975535510584,224,2,2,32,0.16179397136628632,144,2,1,80,0.058628108187031444,48,2,2,96,0.006390861376208583,144,440.0,,2,2,0.0008474053883600432,0.6,/work3/arnaou/checkpoints/groupgat_Vc_trial_231_best_state.pt,"{'learning_rate': 0.0008474053883600432, 'lr_reduce': 0.6}",TPESampler,COMPLETE
232,0.014818917959928513,2025-04-24 23:09:10.549327,2025-04-24 23:10:00.490841,0 days 00:00:49.941514,0.02827104255782631,160,2,3,80,0.0954954907373923,160,4,1,32,0.2554905453570733,112,3,1,112,0.13976452093065994,56,352.0,,2,1,0.0019340874827107647,0.6,/work3/arnaou/checkpoints/groupgat_Vc_trial_232_best_state.pt,"{'learning_rate': 0.0019340874827107647, 'lr_reduce': 0.6}",TPESampler,COMPLETE
233,0.011758904904127121,2025-04-24 23:09:14.407349,2025-04-24 23:11:35.875668,0 days 00:02:21.468319,0.04027169201048354,224,3,1,48,0.08730221651018015,160,3,2,64,0.09007930594250345,80,1,3,128,0.010464708677960847,72,416.0,,2,2,0.008726719153108738,0.6,/work3/arnaou/checkpoints/groupgat_Vc_trial_233_best_state.pt,"{'learning_rate': 0.008726719153108738, 'lr_reduce': 0.6}",TPESampler,COMPLETE
234,0.010950560681521893,2025-04-24 23:10:00.707284,2025-04-24 23:11:35.629718,0 days 00:01:34.922434,0.03418527794200238,224,4,3,80,0.12743976148376587,144,4,1,48,0.29722071523382637,48,3,1,96,0.09772789607305848,208,416.0,,2,2,0.006524347252511314,0.6,/work3/arnaou/checkpoints/groupgat_Vc_trial_234_best_state.pt,"{'learning_rate': 0.006524347252511314, 'lr_reduce': 0.6}",TPESampler,COMPLETE
235,0.0735573098063469,2025-04-24 23:10:25.763454,2025-04-24 23:14:10.276787,0 days 00:03:44.513333,0.07685212529067859,240,1,1,64,0.15870137225022896,112,3,1,64,0.24445900168239723,32,1,4,112,0.11876150076203734,32,432.0,248.0,3,1,0.007230927546500245,0.6,/work3/arnaou/checkpoints/groupgat_Vc_trial_235_best_state.pt,"{'learning_rate': 0.007230927546500245, 'lr_reduce': 0.6}",TPESampler,COMPLETE
236,0.012317470274865627,2025-04-24 23:11:35.838916,2025-04-24 23:13:30.056490,0 days 00:01:54.217574,0.0012981645395354893,256,1,1,48,0.16973517219035514,176,2,1,64,0.16911727537551652,96,1,2,112,0.10859142957151846,64,440.0,,2,1,0.003143151451371243,0.6,/work3/arnaou/checkpoints/groupgat_Vc_trial_236_best_state.pt,"{'learning_rate': 0.003143151451371243, 'lr_reduce': 0.6}",TPESampler,COMPLETE
237,0.013866464607417583,2025-04-24 23:11:36.006072,2025-04-24 23:13:47.382330,0 days 00:02:11.376258,0.032140765997074765,256,3,1,64,0.2428280790578775,144,3,2,64,0.09015149956024038,32,1,1,112,0.03705432916679389,120,376.0,,2,2,0.009677074132168463,0.6,/work3/arnaou/checkpoints/groupgat_Vc_trial_237_best_state.pt,"{'learning_rate': 0.009677074132168463, 'lr_reduce': 0.6}",TPESampler,COMPLETE
238,0.009905428625643253,2025-04-24 23:13:30.265872,2025-04-24 23:14:41.620896,0 days 00:01:11.355024,0.03442814004473731,208,1,2,48,0.05826692223462079,112,3,1,80,0.16338457844856535,64,1,1,80,0.1194015503730842,144,448.0,,2,2,0.0030592879775438665,0.6,/work3/arnaou/checkpoints/groupgat_Vc_trial_238_best_state.pt,"{'learning_rate': 0.0030592879775438665, 'lr_reduce': 0.6}",TPESampler,COMPLETE
239,0.15552489459514618,2025-04-24 23:13:47.566221,2025-04-24 23:14:27.691911,0 days 00:00:40.125690,0.09151342651138963,192,2,3,96,0.047674152829773817,112,4,1,48,0.2870755551357519,80,1,1,128,0.2436708752377469,168,456.0,192.0,3,2,0.0007750034644460426,0.6,/work3/arnaou/checkpoints/groupgat_Vc_trial_239_best_state.pt,"{'learning_rate': 0.0007750034644460426, 'lr_reduce': 0.6}",TPESampler,COMPLETE
240,0.016869589686393738,2025-04-24 23:14:10.501867,2025-04-24 23:15:46.978352,0 days 00:01:36.476485,0.16120108149992618,240,3,1,80,0.008720301359580102,144,2,3,64,0.2188560592207445,128,1,4,96,0.2948444267628209,360,392.0,280.0,3,2,0.0011062555569199117,0.6,/work3/arnaou/checkpoints/groupgat_Vc_trial_240_best_state.pt,"{'learning_rate': 0.0011062555569199117, 'lr_reduce': 0.6}",TPESampler,COMPLETE
241,0.014067010954022408,2025-04-24 23:14:27.890405,2025-04-24 23:15:36.306084,0 days 00:01:08.415679,0.01765738449853856,240,1,1,48,0.29022723422532404,128,2,1,64,0.1750939392445386,48,2,2,112,0.07915447940127349,168,448.0,,2,2,0.0008246423517505959,0.6,/work3/arnaou/checkpoints/groupgat_Vc_trial_241_best_state.pt,"{'learning_rate': 0.0008246423517505959, 'lr_reduce': 0.6}",TPESampler,COMPLETE
242,0.020952625200152397,2025-04-24 23:14:41.762831,2025-04-24 23:15:41.817846,0 days 00:01:00.055015,0.04686239053678366,144,3,3,80,0.0551624562721274,64,4,1,64,0.23389013183350643,80,2,1,64,0.09066363359373071,344,456.0,272.0,3,2,0.0028580330883755272,0.6,/work3/arnaou/checkpoints/groupgat_Vc_trial_242_best_state.pt,"{'learning_rate': 0.0028580330883755272, 'lr_reduce': 0.6}",TPESampler,COMPLETE
243,0.01543340552598238,2025-04-24 23:15:36.495893,2025-04-24 23:17:41.249803,0 days 00:02:04.753910,0.05964782673079749,240,1,2,64,0.08726004762042237,144,3,1,48,0.0789387206164518,80,1,1,48,0.16508018240111424,144,448.0,,2,2,0.0012459944097318594,0.6,/work3/arnaou/checkpoints/groupgat_Vc_trial_243_best_state.pt,"{'learning_rate': 0.0012459944097318594, 'lr_reduce': 0.6}",TPESampler,COMPLETE
244,0.013675006106495857,2025-04-24 23:15:41.966691,2025-04-24 23:18:46.041214,0 days 00:03:04.074523,0.07254176453915659,224,4,3,80,0.03354347420183998,144,4,1,64,0.24445755788928536,64,1,2,96,0.07664034978109642,328,448.0,184.0,3,2,0.008259265750457863,0.6,/work3/arnaou/checkpoints/groupgat_Vc_trial_244_best_state.pt,"{'learning_rate': 0.008259265750457863, 'lr_reduce': 0.6}",TPESampler,COMPLETE
245,0.012824267148971558,2025-04-24 23:15:47.207881,2025-04-24 23:17:39.870835,0 days 00:01:52.662954,0.011815562369876506,224,1,3,32,0.03147488639126635,112,2,2,96,0.2048014043011609,64,2,1,80,0.15102703062916834,80,392.0,,2,2,0.002623510944602277,0.6,/work3/arnaou/checkpoints/groupgat_Vc_trial_245_best_state.pt,"{'learning_rate': 0.002623510944602277, 'lr_reduce': 0.6}",TPESampler,COMPLETE
246,0.01844017580151558,2025-04-24 23:17:40.066733,2025-04-24 23:19:20.835309,0 days 00:01:40.768576,0.024503070420121092,128,3,3,112,0.12586431188378264,128,4,1,80,0.2930187443282064,80,2,1,112,0.1540558269921491,240,456.0,320.0,3,2,0.007186281850876274,0.6,/work3/arnaou/checkpoints/groupgat_Vc_trial_246_best_state.pt,"{'learning_rate': 0.007186281850876274, 'lr_reduce': 0.6}",TPESampler,COMPLETE
247,0.010910877957940102,2025-04-24 23:17:41.393766,2025-04-24 23:18:40.434295,0 days 00:00:59.040529,0.04810126424373284,256,1,1,32,0.147358716011798,80,4,1,96,0.15852108906915008,48,1,2,112,0.09426025093182606,72,64.0,,2,2,0.0034964052409775237,0.6,/work3/arnaou/checkpoints/groupgat_Vc_trial_247_best_state.pt,"{'learning_rate': 0.0034964052409775237, 'lr_reduce': 0.6}",TPESampler,COMPLETE
248,0.012460856698453426,2025-04-24 23:18:40.662853,2025-04-24 23:20:19.292752,0 days 00:01:38.629899,0.03354804516510202,240,2,1,80,0.28745660758419905,128,3,1,32,0.15871400088109405,48,1,3,128,0.07713459285686206,72,464.0,,2,2,0.005923357467110234,0.6,/work3/arnaou/checkpoints/groupgat_Vc_trial_248_best_state.pt,"{'learning_rate': 0.005923357467110234, 'lr_reduce': 0.6}",TPESampler,COMPLETE
249,0.020532483235001564,2025-04-24 23:18:46.210414,2025-04-24 23:19:56.552901,0 days 00:01:10.342487,0.03632280467529708,240,2,2,64,0.2407562756394621,112,4,1,80,0.25145572840900077,32,1,4,64,0.1857537290264855,40,32.0,,2,2,0.0010041479015553603,0.6,/work3/arnaou/checkpoints/groupgat_Vc_trial_249_best_state.pt,"{'learning_rate': 0.0010041479015553603, 'lr_reduce': 0.6}",TPESampler,COMPLETE
250,0.01068015955388546,2025-04-24 23:19:21.036909,2025-04-24 23:20:51.336655,0 days 00:01:30.299746,0.04192960385598725,144,1,2,32,0.07421630710787985,176,4,1,64,0.21490456558564683,80,2,1,80,0.15910499861168076,200,392.0,,2,2,0.0048748709775627945,0.6,/work3/arnaou/checkpoints/groupgat_Vc_trial_250_best_state.pt,"{'learning_rate': 0.0048748709775627945, 'lr_reduce': 0.6}",TPESampler,COMPLETE
251,0.019578633829951286,2025-04-24 23:19:56.791299,2025-04-24 23:21:42.202205,0 days 00:01:45.410906,0.06805070850073579,240,1,1,32,0.15684264698386835,160,2,1,80,0.13675406932710008,32,1,2,96,0.03824578988561295,32,456.0,,2,2,0.008631037308490606,0.6,/work3/arnaou/checkpoints/groupgat_Vc_trial_251_best_state.pt,"{'learning_rate': 0.008631037308490606, 'lr_reduce': 0.6}",TPESampler,COMPLETE
252,0.010426945984363556,2025-04-24 23:20:19.464999,2025-04-24 23:21:21.320069,0 days 00:01:01.855070,0.008451063662889197,160,4,2,96,0.04230159183748771,208,4,1,32,0.20171335333698306,32,1,1,128,0.09831180455757715,48,264.0,224.0,3,2,0.0032313088901189248,0.6,/work3/arnaou/checkpoints/groupgat_Vc_trial_252_best_state.pt,"{'learning_rate': 0.0032313088901189248, 'lr_reduce': 0.6}",TPESampler,COMPLETE
253,0.011418436653912067,2025-04-24 23:20:51.577843,2025-04-24 23:22:06.106260,0 days 00:01:14.528417,0.004485453471962289,208,4,2,48,0.23444539453142005,80,4,1,80,0.1319315928884154,80,2,3,128,0.08894022316691319,88,384.0,,2,2,0.001868413610426919,0.6,/work3/arnaou/checkpoints/groupgat_Vc_trial_253_best_state.pt,"{'learning_rate': 0.001868413610426919, 'lr_reduce': 0.6}",TPESampler,COMPLETE
254,0.014941593632102013,2025-04-24 23:21:21.487643,2025-04-24 23:22:46.606739,0 days 00:01:25.119096,0.05771265506602803,176,4,2,128,0.04702338576825249,256,4,2,48,0.26123607979554314,64,1,1,128,0.09310090770924126,80,208.0,200.0,3,2,0.0037270842166305484,0.6,/work3/arnaou/checkpoints/groupgat_Vc_trial_254_best_state.pt,"{'learning_rate': 0.0037270842166305484, 'lr_reduce': 0.6}",TPESampler,COMPLETE
255,0.01828823983669281,2025-04-24 23:21:42.352577,2025-04-24 23:23:29.426431,0 days 00:01:47.073854,0.05894299527099061,96,3,2,32,0.0010292259308211649,144,2,4,96,0.2842537368994096,128,4,3,48,0.27508081610400514,128,296.0,,2,2,0.002056852257342487,0.6,/work3/arnaou/checkpoints/groupgat_Vc_trial_255_best_state.pt,"{'learning_rate': 0.002056852257342487, 'lr_reduce': 0.6}",TPESampler,COMPLETE
256,0.01744794100522995,2025-04-24 23:22:06.338535,2025-04-24 23:23:06.258700,0 days 00:00:59.920165,0.0368106105147113,80,4,1,80,0.048780085739670534,224,3,2,32,0.13992804442094864,32,2,1,96,0.058731004164298,128,176.0,232.0,3,2,0.0029272060964742074,0.6,/work3/arnaou/checkpoints/groupgat_Vc_trial_256_best_state.pt,"{'learning_rate': 0.0029272060964742074, 'lr_reduce': 0.6}",TPESampler,COMPLETE
257,0.009386376477777958,2025-04-24 23:22:46.773598,2025-04-24 23:23:46.588986,0 days 00:00:59.815388,0.030332226158233274,128,3,2,48,0.162298491848204,64,4,2,80,0.20683941879350545,32,1,2,64,0.20852753118631268,56,,,1,2,0.0028044937995365207,0.6,/work3/arnaou/checkpoints/groupgat_Vc_trial_257_best_state.pt,"{'learning_rate': 0.0028044937995365207, 'lr_reduce': 0.6}",TPESampler,COMPLETE
258,0.012519722804427147,2025-04-24 23:23:06.412846,2025-04-24 23:24:03.342317,0 days 00:00:56.929471,0.03294043483674278,256,2,2,64,0.16367906114722025,144,3,2,48,0.15093034535981145,32,3,4,112,0.1120060891749918,160,256.0,,2,2,0.002398973251648138,0.6,/work3/arnaou/checkpoints/groupgat_Vc_trial_258_best_state.pt,"{'learning_rate': 0.002398973251648138, 'lr_reduce': 0.6}",TPESampler,COMPLETE
259,0.0200284942984581,2025-04-24 23:23:29.600758,2025-04-24 23:24:57.578753,0 days 00:01:27.977995,0.020466927529200776,192,4,3,32,0.15778478467038717,128,3,1,48,0.21296239316348844,64,2,2,64,0.23010503048112801,368,296.0,248.0,3,2,0.0071508805166395255,0.6,/work3/arnaou/checkpoints/groupgat_Vc_trial_259_best_state.pt,"{'learning_rate': 0.0071508805166395255, 'lr_reduce': 0.6}",TPESampler,COMPLETE
260,0.013849690556526184,2025-04-24 23:23:46.734925,2025-04-24 23:25:07.074624,0 days 00:01:20.339699,0.009838750134667316,128,4,1,64,0.18040790951751376,96,3,2,96,0.20757172081667602,32,1,2,64,0.19113167769082698,120,,,1,1,0.0017521718402239105,0.6,/work3/arnaou/checkpoints/groupgat_Vc_trial_260_best_state.pt,"{'learning_rate': 0.0017521718402239105, 'lr_reduce': 0.6}",TPESampler,COMPLETE
261,0.0105152428150177,2025-04-24 23:24:03.537803,2025-04-24 23:25:08.336314,0 days 00:01:04.798511,0.1365987847539379,256,1,1,48,0.013030979600671079,112,1,2,96,0.2683517381698487,96,4,2,80,0.12632035626378846,360,224.0,176.0,3,1,0.005948347089166816,0.6,/work3/arnaou/checkpoints/groupgat_Vc_trial_261_best_state.pt,"{'learning_rate': 0.005948347089166816, 'lr_reduce': 0.6}",TPESampler,COMPLETE
262,0.013803418725728989,2025-04-24 23:24:57.836411,2025-04-24 23:26:37.157264,0 days 00:01:39.320853,0.0620673155210353,176,3,3,32,0.22638202230416316,80,4,1,64,0.21748539562297903,48,1,2,48,0.23454309905377826,88,,,1,2,0.002402665713278424,0.6,/work3/arnaou/checkpoints/groupgat_Vc_trial_262_best_state.pt,"{'learning_rate': 0.002402665713278424, 'lr_reduce': 0.6}",TPESampler,COMPLETE
263,0.010301516391336918,2025-04-24 23:25:07.271517,2025-04-24 23:26:51.639390,0 days 00:01:44.367873,0.06772535522464156,256,4,2,80,0.16616356554011474,96,4,2,32,0.22357768608827175,48,1,2,112,0.15974029945470813,72,480.0,,2,2,0.00395402530172846,0.6,/work3/arnaou/checkpoints/groupgat_Vc_trial_263_best_state.pt,"{'learning_rate': 0.00395402530172846, 'lr_reduce': 0.6}",TPESampler,COMPLETE
264,0.011075947433710098,2025-04-24 23:25:08.621087,2025-04-24 23:26:20.558273,0 days 00:01:11.937186,0.035078338665105235,240,2,1,64,0.04909888701253096,96,2,1,96,0.20381976938293236,80,4,1,96,0.07866653888937025,424,224.0,176.0,3,1,0.0025548595461077025,0.6,/work3/arnaou/checkpoints/groupgat_Vc_trial_264_best_state.pt,"{'learning_rate': 0.0025548595461077025, 'lr_reduce': 0.6}",TPESampler,COMPLETE
265,0.013220743276178837,2025-04-24 23:26:20.779819,2025-04-24 23:29:28.578891,0 days 00:03:07.799072,0.21210951396129868,240,2,2,48,0.0009030579681267002,144,3,1,64,0.28255500401425504,64,3,4,112,0.22552509145838295,320,216.0,136.0,3,2,0.0048195297064164595,0.6,/work3/arnaou/checkpoints/groupgat_Vc_trial_265_best_state.pt,"{'learning_rate': 0.0048195297064164595, 'lr_reduce': 0.6}",TPESampler,COMPLETE
266,0.014017337001860142,2025-04-24 23:26:37.298351,2025-04-24 23:28:48.854980,0 days 00:02:11.556629,0.0717998190512926,208,1,1,32,0.05760968760060595,160,1,1,96,0.2548157360511208,96,3,3,32,0.0823601157929712,168,208.0,184.0,3,1,0.001621741812662495,0.6,/work3/arnaou/checkpoints/groupgat_Vc_trial_266_best_state.pt,"{'learning_rate': 0.001621741812662495, 'lr_reduce': 0.6}",TPESampler,COMPLETE
