number,value,datetime_start,datetime_complete,duration,params_L1_dropout,params_L1_hidden_dim,params_L1_layers_atom,params_L1_layers_mol,params_L1_out_dim,params_L2_dropout,params_L2_hidden_dim,params_L2_layers_atom,params_L2_layers_mol,params_L2_out_dim,params_L3_dropout,params_L3_hidden_dim,params_L3_layers_atom,params_L3_layers_mol,params_L3_out_dim,params_final_dropout,params_mlp_dim_0,params_mlp_dim_1,params_mlp_dim_2,params_n_mlp_layers,params_num_heads,params_train_learning_rate,params_train_lr_reduce,user_attrs_best_state_dict_path,user_attrs_training_params,system_attrs_auto:sampler,state
799,0.018681086599826813,2025-04-25 19:42:03.573512,2025-04-25 19:42:50.946194,0 days 00:00:47.372682,0.030974467609245267,224,4,4,80,0.10100637152911612,160,3,2,96,0.25278952421678286,64,1,2,112,0.28208799732042467,232,464.0,224.0,3,1,0.0021842961544555777,0.6,/work3/arnaou/checkpoints/groupgat_Vc_trial_799_best_state.pt,"{'learning_rate': 0.0021842961544555777, 'lr_reduce': 0.6}",TPESampler,COMPLETE
800,0.02074241265654564,2025-04-25 19:42:03.635136,2025-04-25 19:43:38.104166,0 days 00:01:34.469030,0.02454706241785204,144,4,1,32,0.03103569379629806,160,4,1,48,0.01646952677945205,128,1,3,128,0.06681657088085671,200,464.0,192.0,3,2,0.007558481211510339,0.6,/work3/arnaou/checkpoints/groupgat_Vc_trial_800_best_state.pt,"{'learning_rate': 0.007558481211510339, 'lr_reduce': 0.6}",TPESampler,COMPLETE
801,0.011105976998806,2025-04-25 19:42:22.887285,2025-04-25 19:43:27.912623,0 days 00:01:05.025338,0.026729320634968072,208,4,4,48,0.0744625289745621,128,3,2,32,0.2458541594191167,32,4,4,96,0.21289997509349506,216,464.0,208.0,3,1,0.002490416868697903,0.6,/work3/arnaou/checkpoints/groupgat_Vc_trial_801_best_state.pt,"{'learning_rate': 0.002490416868697903, 'lr_reduce': 0.6}",TPESampler,COMPLETE
802,0.01627315953373909,2025-04-25 19:42:51.377216,2025-04-25 19:43:29.450322,0 days 00:00:38.073106,0.030118695121791196,192,4,4,80,0.1869182756614285,160,2,1,32,0.20101547158442729,80,2,4,112,0.2456193135980758,184,440.0,216.0,3,1,0.002668686934296242,0.6,/work3/arnaou/checkpoints/groupgat_Vc_trial_802_best_state.pt,"{'learning_rate': 0.002668686934296242, 'lr_reduce': 0.6}",TPESampler,COMPLETE
803,0.013510099612176418,2025-04-25 19:43:28.181833,2025-04-25 19:44:25.885236,0 days 00:00:57.703403,0.014796246593160416,256,3,1,48,0.21424755471030144,80,3,1,64,0.23346321781624413,80,1,4,96,0.1234233750073159,88,472.0,,2,1,0.006296335008691328,0.6,/work3/arnaou/checkpoints/groupgat_Vc_trial_803_best_state.pt,"{'learning_rate': 0.006296335008691328, 'lr_reduce': 0.6}",TPESampler,COMPLETE
804,0.012573136016726494,2025-04-25 19:43:29.729254,2025-04-25 19:44:22.051590,0 days 00:00:52.322336,0.008916432926840162,208,3,2,32,0.01794872921756592,176,4,1,80,0.024399081580448883,112,1,3,112,0.018426184241930193,96,440.0,168.0,3,2,0.004541086151443503,0.6,/work3/arnaou/checkpoints/groupgat_Vc_trial_804_best_state.pt,"{'learning_rate': 0.004541086151443503, 'lr_reduce': 0.6}",TPESampler,COMPLETE
805,0.07567169517278671,2025-04-25 19:43:38.400802,2025-04-25 19:44:17.666687,0 days 00:00:39.265885,0.03550108407146475,240,4,2,32,0.2912429130443993,96,4,1,64,0.28439633694547156,80,1,4,96,0.16630712851229607,32,,,1,2,0.0009173852906781098,0.6,/work3/arnaou/checkpoints/groupgat_Vc_trial_805_best_state.pt,"{'learning_rate': 0.0009173852906781098, 'lr_reduce': 0.6}",TPESampler,COMPLETE
806,0.015140971168875694,2025-04-25 19:44:17.913386,2025-04-25 19:45:40.765435,0 days 00:01:22.852049,0.15034352496884446,240,3,2,32,0.014666774782765783,112,4,1,64,0.05504353184075097,80,1,3,128,0.03140996859362301,224,464.0,,2,2,0.009568678781513325,0.6,/work3/arnaou/checkpoints/groupgat_Vc_trial_806_best_state.pt,"{'learning_rate': 0.009568678781513325, 'lr_reduce': 0.6}",TPESampler,COMPLETE
807,0.012148203328251839,2025-04-25 19:44:22.309576,2025-04-25 19:45:25.281522,0 days 00:01:02.971946,0.06498648428316507,160,3,4,48,0.07518021353213392,96,4,1,80,0.02655753001039758,64,3,3,128,0.06184200140537262,104,512.0,240.0,3,2,0.005067690101298213,0.6,/work3/arnaou/checkpoints/groupgat_Vc_trial_807_best_state.pt,"{'learning_rate': 0.005067690101298213, 'lr_reduce': 0.6}",TPESampler,COMPLETE
808,0.019089149311184883,2025-04-25 19:44:26.130995,2025-04-25 19:45:21.757839,0 days 00:00:55.626844,0.04339046142297141,208,4,4,64,0.09879341346794569,160,3,1,64,0.2730432834474955,80,2,1,96,0.17441398038775474,80,440.0,,2,2,0.004988383316328669,0.6,/work3/arnaou/checkpoints/groupgat_Vc_trial_808_best_state.pt,"{'learning_rate': 0.004988383316328669, 'lr_reduce': 0.6}",TPESampler,COMPLETE
809,0.020116237923502922,2025-04-25 19:45:22.021856,2025-04-25 19:46:09.465162,0 days 00:00:47.443306,0.016383885853581685,224,2,3,80,0.10875153744150823,128,3,1,64,0.17586451990607707,32,1,1,128,0.2031914058140167,56,472.0,256.0,3,2,0.0025518243785125068,0.6,/work3/arnaou/checkpoints/groupgat_Vc_trial_809_best_state.pt,"{'learning_rate': 0.0025518243785125068, 'lr_reduce': 0.6}",TPESampler,COMPLETE
810,0.009389272890985012,2025-04-25 19:45:25.565150,2025-04-25 19:46:50.094807,0 days 00:01:24.529657,0.07541308641201719,176,4,3,48,0.07547615175156747,176,4,1,48,0.09351871446879123,80,1,2,96,0.03403905569273777,128,432.0,208.0,3,2,0.001534734172962387,0.6,/work3/arnaou/checkpoints/groupgat_Vc_trial_810_best_state.pt,"{'learning_rate': 0.001534734172962387, 'lr_reduce': 0.6}",TPESampler,COMPLETE
811,0.016345908865332603,2025-04-25 19:45:41.072184,2025-04-25 19:46:56.908934,0 days 00:01:15.836750,0.10433856325528013,256,4,2,32,0.0919927999255318,192,3,1,32,0.03428705760307066,112,1,4,96,0.019030624696900894,72,512.0,288.0,3,2,0.00404095954842226,0.6,/work3/arnaou/checkpoints/groupgat_Vc_trial_811_best_state.pt,"{'learning_rate': 0.00404095954842226, 'lr_reduce': 0.6}",TPESampler,COMPLETE
812,0.014551003463566303,2025-04-25 19:46:09.753733,2025-04-25 19:47:05.003481,0 days 00:00:55.249748,0.021233772553806637,256,4,4,32,0.10053259168485415,160,3,1,48,0.240896428898334,80,4,2,128,0.2587095111672603,320,464.0,264.0,3,1,0.005117180168448937,0.6,/work3/arnaou/checkpoints/groupgat_Vc_trial_812_best_state.pt,"{'learning_rate': 0.005117180168448937, 'lr_reduce': 0.6}",TPESampler,COMPLETE
813,0.011737938039004803,2025-04-25 19:46:50.405846,2025-04-25 19:47:41.080166,0 days 00:00:50.674320,0.04076144120803608,240,3,3,96,0.15479867029118577,176,2,1,96,0.2193165907142857,80,1,2,128,0.2732882165192795,120,408.0,,2,2,0.001844360303344793,0.6,/work3/arnaou/checkpoints/groupgat_Vc_trial_813_best_state.pt,"{'learning_rate': 0.001844360303344793, 'lr_reduce': 0.6}",TPESampler,COMPLETE
814,0.011306177824735641,2025-04-25 19:46:57.171214,2025-04-25 19:47:57.793013,0 days 00:01:00.621799,0.04434017214639738,192,3,2,112,0.1366991149234419,160,3,1,64,0.2695540268566898,64,2,3,112,0.27254525758193443,128,408.0,152.0,3,2,0.005438912591198887,0.6,/work3/arnaou/checkpoints/groupgat_Vc_trial_814_best_state.pt,"{'learning_rate': 0.005438912591198887, 'lr_reduce': 0.6}",TPESampler,COMPLETE
815,0.01216654758900404,2025-04-25 19:47:05.288690,2025-04-25 19:48:02.594113,0 days 00:00:57.305423,0.09909584117914123,208,4,4,64,0.0425273013569981,128,4,1,48,0.05562425538751829,64,1,3,80,0.040790845530605364,152,416.0,176.0,3,2,0.003853513766082947,0.6,/work3/arnaou/checkpoints/groupgat_Vc_trial_815_best_state.pt,"{'learning_rate': 0.003853513766082947, 'lr_reduce': 0.6}",TPESampler,COMPLETE
816,0.012139634229242802,2025-04-25 19:47:41.270855,2025-04-25 19:48:44.161020,0 days 00:01:02.890165,0.08190961466435547,208,3,4,64,0.03725925584707305,112,3,2,32,0.29234798088736996,96,2,2,64,0.21321003805980493,264,440.0,192.0,3,2,0.0074097763863590505,0.6,/work3/arnaou/checkpoints/groupgat_Vc_trial_816_best_state.pt,"{'learning_rate': 0.0074097763863590505, 'lr_reduce': 0.6}",TPESampler,COMPLETE
817,0.012520316056907177,2025-04-25 19:47:58.092065,2025-04-25 19:49:25.120507,0 days 00:01:27.028442,0.04363971439348854,208,3,3,48,0.07379442269762465,224,4,1,48,0.0390368264013423,80,2,2,64,0.005139734987512502,112,408.0,200.0,3,2,0.0012541707465030137,0.6,/work3/arnaou/checkpoints/groupgat_Vc_trial_817_best_state.pt,"{'learning_rate': 0.0012541707465030137, 'lr_reduce': 0.6}",TPESampler,COMPLETE
818,0.0191735178232193,2025-04-25 19:48:02.982797,2025-04-25 19:48:44.289592,0 days 00:00:41.306795,0.1701709425963417,192,4,4,32,0.11388296398771222,144,3,1,48,0.224342613066239,32,2,3,128,0.18213663752677162,160,408.0,104.0,3,1,0.004573362820636411,0.6,/work3/arnaou/checkpoints/groupgat_Vc_trial_818_best_state.pt,"{'learning_rate': 0.004573362820636411, 'lr_reduce': 0.6}",TPESampler,COMPLETE
819,0.02066536620259285,2025-04-25 19:48:44.337001,2025-04-25 19:50:19.375108,0 days 00:01:35.038107,0.03626993427731348,224,4,3,48,0.008800224040688268,160,2,1,32,0.16887409877221626,80,3,3,96,0.25256395286993033,48,424.0,208.0,3,1,0.009754648370301126,0.6,/work3/arnaou/checkpoints/groupgat_Vc_trial_819_best_state.pt,"{'learning_rate': 0.009754648370301126, 'lr_reduce': 0.6}",TPESampler,COMPLETE
820,0.014861861243844032,2025-04-25 19:48:44.558948,2025-04-25 19:50:04.085421,0 days 00:01:19.526473,0.11777995706195507,240,4,2,32,0.09482126820869671,64,4,1,64,0.23854664495724373,96,2,1,96,0.022132590802370775,56,432.0,160.0,3,2,0.0011309876079956516,0.6,/work3/arnaou/checkpoints/groupgat_Vc_trial_820_best_state.pt,"{'learning_rate': 0.0011309876079956516, 'lr_reduce': 0.6}",TPESampler,COMPLETE
821,0.01180895883589983,2025-04-25 19:49:25.363165,2025-04-25 19:50:21.093016,0 days 00:00:55.729851,0.15275496557563756,144,3,3,48,0.12292402592666253,160,4,1,32,0.105570922184691,96,1,2,96,0.09824198199036703,168,424.0,216.0,3,2,0.0015641493275922913,0.6,/work3/arnaou/checkpoints/groupgat_Vc_trial_821_best_state.pt,"{'learning_rate': 0.0015641493275922913, 'lr_reduce': 0.6}",TPESampler,COMPLETE
822,0.030826464295387268,2025-04-25 19:50:04.430093,2025-04-25 19:52:05.924033,0 days 00:02:01.493940,0.11933905546541339,256,4,4,48,0.1398244872855676,192,4,2,32,0.24323754165465272,32,2,3,80,0.2505075047804619,144,424.0,216.0,3,1,0.006966343377299443,0.6,/work3/arnaou/checkpoints/groupgat_Vc_trial_822_best_state.pt,"{'learning_rate': 0.006966343377299443, 'lr_reduce': 0.6}",TPESampler,COMPLETE
823,0.012330605648458004,2025-04-25 19:50:19.567561,2025-04-25 19:53:02.054178,0 days 00:02:42.486617,0.006274683065197392,160,4,2,32,0.03740484867182001,128,3,1,96,0.036549809772869736,96,2,3,80,0.020814141199076718,248,440.0,224.0,3,2,0.0006835436476554599,0.6,/work3/arnaou/checkpoints/groupgat_Vc_trial_823_best_state.pt,"{'learning_rate': 0.0006835436476554599, 'lr_reduce': 0.6}",TPESampler,COMPLETE
824,0.014554133638739586,2025-04-25 19:50:21.289555,2025-04-25 19:51:12.649954,0 days 00:00:51.360399,0.0153946526188689,240,3,4,80,0.0849690782786685,144,3,1,96,0.20101076112504496,64,1,3,96,0.29078569607682525,136,440.0,152.0,3,2,0.0019352014230208411,0.6,/work3/arnaou/checkpoints/groupgat_Vc_trial_824_best_state.pt,"{'learning_rate': 0.0019352014230208411, 'lr_reduce': 0.6}",TPESampler,COMPLETE
825,0.013007938861846924,2025-04-25 19:51:12.964637,2025-04-25 19:51:59.079808,0 days 00:00:46.115171,0.07851780070613965,256,3,4,64,0.09309590146262504,144,2,1,48,0.27957637385715844,64,2,3,112,0.15867801723590003,328,448.0,216.0,3,1,0.0023328320928077666,0.6,/work3/arnaou/checkpoints/groupgat_Vc_trial_825_best_state.pt,"{'learning_rate': 0.0023328320928077666, 'lr_reduce': 0.6}",TPESampler,COMPLETE
826,0.011468089185655117,2025-04-25 19:51:59.273896,2025-04-25 19:53:18.166190,0 days 00:01:18.892294,0.03773109641899673,240,2,2,32,0.08342587511074812,112,4,1,64,0.13844937301243715,96,1,3,96,0.04565415330194762,184,400.0,240.0,3,2,0.004701111583334105,0.6,/work3/arnaou/checkpoints/groupgat_Vc_trial_826_best_state.pt,"{'learning_rate': 0.004701111583334105, 'lr_reduce': 0.6}",TPESampler,COMPLETE
827,0.01686062105000019,2025-04-25 19:52:06.161468,2025-04-25 19:53:15.119100,0 days 00:01:08.957632,0.0944700244139606,160,4,3,48,0.0550434823870294,176,4,1,32,0.10956315051776495,64,1,3,112,0.12277336378877547,80,464.0,256.0,3,1,0.0007174962173661728,0.6,/work3/arnaou/checkpoints/groupgat_Vc_trial_827_best_state.pt,"{'learning_rate': 0.0007174962173661728, 'lr_reduce': 0.6}",TPESampler,COMPLETE
828,0.009703823365271091,2025-04-25 19:53:02.363958,2025-04-25 19:54:02.814399,0 days 00:01:00.450441,0.038254135479624765,256,3,4,32,0.0625616417106051,112,2,1,48,0.2907307600545373,64,3,2,96,0.1836739678591559,176,112.0,176.0,3,2,0.008170121462874817,0.6,/work3/arnaou/checkpoints/groupgat_Vc_trial_828_best_state.pt,"{'learning_rate': 0.008170121462874817, 'lr_reduce': 0.6}",TPESampler,COMPLETE
829,0.07905489951372147,2025-04-25 19:53:15.414324,2025-04-25 19:53:51.311026,0 days 00:00:35.896702,0.06053203388515306,160,3,2,32,0.020755508793890577,128,3,1,48,0.025187782482441134,96,1,3,112,0.019552017587260384,176,464.0,304.0,3,2,0.0011334824373190006,0.6,/work3/arnaou/checkpoints/groupgat_Vc_trial_829_best_state.pt,"{'learning_rate': 0.0011334824373190006, 'lr_reduce': 0.6}",TPESampler,COMPLETE
830,0.018832135945558548,2025-04-25 19:53:18.514519,2025-04-25 19:54:30.774971,0 days 00:01:12.260452,0.02615672439412521,192,4,2,48,0.04858909663325389,96,4,1,32,0.24303535704281076,112,1,1,128,0.03133592340175043,112,400.0,240.0,3,2,0.009604695666164247,0.6,/work3/arnaou/checkpoints/groupgat_Vc_trial_830_best_state.pt,"{'learning_rate': 0.009604695666164247, 'lr_reduce': 0.6}",TPESampler,COMPLETE
831,0.012762288562953472,2025-04-25 19:53:51.486161,2025-04-25 19:54:38.080594,0 days 00:00:46.594433,0.051323685652118214,160,4,3,64,0.06680353901320293,176,4,1,80,0.1269218649393757,64,1,2,80,0.02570579441187889,200,464.0,,2,2,0.002244684381474942,0.6,/work3/arnaou/checkpoints/groupgat_Vc_trial_831_best_state.pt,"{'learning_rate': 0.002244684381474942, 'lr_reduce': 0.6}",TPESampler,COMPLETE
832,0.010999632999300957,2025-04-25 19:54:03.051569,2025-04-25 19:55:33.544554,0 days 00:01:30.492985,0.07324613914027797,256,3,3,80,0.1700647939157733,128,2,1,64,0.28616132009240003,80,1,2,128,0.20204742381645868,120,424.0,352.0,3,2,0.009989953290871963,0.6,/work3/arnaou/checkpoints/groupgat_Vc_trial_832_best_state.pt,"{'learning_rate': 0.009989953290871963, 'lr_reduce': 0.6}",TPESampler,COMPLETE
833,0.012486623600125313,2025-04-25 19:54:31.001680,2025-04-25 19:55:40.858552,0 days 00:01:09.856872,0.013214010517616259,224,4,3,32,0.018482749212984265,96,4,2,32,0.2396173495961519,80,1,3,112,0.009420613112213518,104,472.0,280.0,3,2,0.0050694864353027815,0.6,/work3/arnaou/checkpoints/groupgat_Vc_trial_833_best_state.pt,"{'learning_rate': 0.0050694864353027815, 'lr_reduce': 0.6}",TPESampler,COMPLETE
834,0.017214147374033928,2025-04-25 19:54:38.331429,2025-04-25 19:55:23.073130,0 days 00:00:44.741701,0.1446025950525053,144,4,3,32,0.01730074232878477,144,3,1,32,0.1449335492170926,80,2,2,96,0.02742982914625859,104,392.0,,2,2,0.0027923021500862845,0.6,/work3/arnaou/checkpoints/groupgat_Vc_trial_834_best_state.pt,"{'learning_rate': 0.0027923021500862845, 'lr_reduce': 0.6}",TPESampler,COMPLETE
835,0.013358106836676598,2025-04-25 19:55:23.567732,2025-04-25 19:56:04.363021,0 days 00:00:40.795289,0.11703984932996578,224,3,3,80,0.15155973395493882,64,3,2,96,0.18765440734333433,64,1,1,112,0.2961682473351692,160,472.0,152.0,3,2,0.0028648121573006126,0.6,/work3/arnaou/checkpoints/groupgat_Vc_trial_835_best_state.pt,"{'learning_rate': 0.0028648121573006126, 'lr_reduce': 0.6}",TPESampler,COMPLETE
836,0.012799934484064579,2025-04-25 19:55:33.727942,2025-04-25 19:56:43.838291,0 days 00:01:10.110349,0.030740458337857286,160,4,2,80,0.005577377280625871,128,2,2,32,0.27906009973797774,64,2,2,128,0.14346916634782214,120,432.0,208.0,3,2,0.005166124420511737,0.6,/work3/arnaou/checkpoints/groupgat_Vc_trial_836_best_state.pt,"{'learning_rate': 0.005166124420511737, 'lr_reduce': 0.6}",TPESampler,COMPLETE
837,0.015131337568163872,2025-04-25 19:55:41.127077,2025-04-25 19:56:32.945431,0 days 00:00:51.818354,0.005543151247624518,224,2,3,64,0.16553160484112933,208,2,1,80,0.291653344188256,64,1,2,128,0.2807990612026822,64,472.0,376.0,3,2,0.0023147041530105364,0.6,/work3/arnaou/checkpoints/groupgat_Vc_trial_837_best_state.pt,"{'learning_rate': 0.0023147041530105364, 'lr_reduce': 0.6}",TPESampler,COMPLETE
838,0.013999740593135357,2025-04-25 19:56:04.611803,2025-04-25 19:58:07.107672,0 days 00:02:02.495869,0.06957886833745762,208,3,4,32,0.09896207981521486,160,4,2,64,0.16680262271308405,80,1,3,80,0.01416983071268824,104,408.0,296.0,3,2,0.0008453054274657755,0.6,/work3/arnaou/checkpoints/groupgat_Vc_trial_838_best_state.pt,"{'learning_rate': 0.0008453054274657755, 'lr_reduce': 0.6}",TPESampler,COMPLETE
839,0.017073554918169975,2025-04-25 19:56:33.140141,2025-04-25 19:58:41.248247,0 days 00:02:08.108106,0.014755238935496328,240,3,4,96,0.09749017926267409,144,4,2,32,0.24853378372918802,64,1,2,112,0.22358934002676467,72,472.0,224.0,3,2,0.0007758576382483423,0.6,/work3/arnaou/checkpoints/groupgat_Vc_trial_839_best_state.pt,"{'learning_rate': 0.0007758576382483423, 'lr_reduce': 0.6}",TPESampler,COMPLETE
840,0.010246219113469124,2025-04-25 19:56:44.031080,2025-04-25 19:57:33.452237,0 days 00:00:49.421157,0.07816349958241857,144,3,1,48,0.15978415763675316,64,4,2,96,0.1709550847579241,32,1,2,96,0.25043038777940985,40,,,1,2,0.003925150018088861,0.6,/work3/arnaou/checkpoints/groupgat_Vc_trial_840_best_state.pt,"{'learning_rate': 0.003925150018088861, 'lr_reduce': 0.6}",TPESampler,COMPLETE
841,0.018759259954094887,2025-04-25 19:57:33.631794,2025-04-25 19:59:23.444614,0 days 00:01:49.812820,0.051698479114700796,208,4,3,64,0.07151932751523117,160,4,2,32,0.1285827232515811,96,1,2,96,0.10403685119890156,192,392.0,344.0,3,2,0.0003926753883473308,0.6,/work3/arnaou/checkpoints/groupgat_Vc_trial_841_best_state.pt,"{'learning_rate': 0.0003926753883473308, 'lr_reduce': 0.6}",TPESampler,COMPLETE
842,0.01061386987566948,2025-04-25 19:58:07.314232,2025-04-25 19:59:12.796365,0 days 00:01:05.482133,0.06400769356084927,208,4,2,32,0.01519131057101357,128,4,1,80,0.015795827652807373,80,2,2,112,0.038231076429266875,192,464.0,256.0,3,1,0.006620854684268177,0.6,/work3/arnaou/checkpoints/groupgat_Vc_trial_842_best_state.pt,"{'learning_rate': 0.006620854684268177, 'lr_reduce': 0.6}",TPESampler,COMPLETE
843,0.03655782714486122,2025-04-25 19:58:41.569489,2025-04-25 19:59:57.055103,0 days 00:01:15.485614,0.041637267022166274,256,4,4,48,0.13110454335445912,240,2,1,32,0.18911692849472633,64,3,3,128,0.21918308743785458,152,432.0,312.0,3,1,0.007860081871399175,0.6,/work3/arnaou/checkpoints/groupgat_Vc_trial_843_best_state.pt,"{'learning_rate': 0.007860081871399175, 'lr_reduce': 0.6}",TPESampler,COMPLETE
844,0.012404154054820538,2025-04-25 19:59:13.320854,2025-04-25 20:00:17.920198,0 days 00:01:04.599344,0.021515400598196156,224,3,4,48,0.14095635067791518,176,4,1,32,0.22515948683855463,80,2,3,80,0.27297955151720116,120,472.0,184.0,3,2,0.0068260239363906496,0.6,/work3/arnaou/checkpoints/groupgat_Vc_trial_844_best_state.pt,"{'learning_rate': 0.0068260239363906496, 'lr_reduce': 0.6}",TPESampler,COMPLETE
845,0.012592367827892303,2025-04-25 19:59:23.701510,2025-04-25 20:00:57.856322,0 days 00:01:34.154812,0.05663072600904497,160,4,3,32,0.01565505217386534,112,4,2,64,0.1128201197824345,128,1,3,128,0.05540457933572651,136,424.0,,2,2,0.0009415105185116673,0.6,/work3/arnaou/checkpoints/groupgat_Vc_trial_845_best_state.pt,"{'learning_rate': 0.0009415105185116673, 'lr_reduce': 0.6}",TPESampler,COMPLETE
846,0.011388123966753483,2025-04-25 19:59:57.312338,2025-04-25 20:00:58.665313,0 days 00:01:01.352975,0.03108371762551629,160,4,2,32,0.02777237532975523,112,3,2,96,0.03465345618802913,96,1,2,112,0.06528430860729893,120,472.0,,2,2,0.0032635252270740464,0.6,/work3/arnaou/checkpoints/groupgat_Vc_trial_846_best_state.pt,"{'learning_rate': 0.0032635252270740464, 'lr_reduce': 0.6}",TPESampler,COMPLETE
847,0.010113286785781384,2025-04-25 20:00:18.249614,2025-04-25 20:01:38.825075,0 days 00:01:20.575461,0.04929831414684635,208,3,4,64,0.10365123589421434,128,4,1,48,0.19916558270442494,32,2,2,112,0.21455021699054252,240,384.0,368.0,3,2,0.0018504940292491637,0.6,/work3/arnaou/checkpoints/groupgat_Vc_trial_847_best_state.pt,"{'learning_rate': 0.0018504940292491637, 'lr_reduce': 0.6}",TPESampler,COMPLETE
848,0.010735765099525452,2025-04-25 20:00:58.125389,2025-04-25 20:01:58.626993,0 days 00:01:00.501604,0.08846243280557683,256,4,4,32,0.09594256181936481,208,2,1,64,0.2848915248024221,48,3,4,112,0.2787378863882134,160,480.0,256.0,3,1,0.001175908364233882,0.6,/work3/arnaou/checkpoints/groupgat_Vc_trial_848_best_state.pt,"{'learning_rate': 0.001175908364233882, 'lr_reduce': 0.6}",TPESampler,COMPLETE
849,0.013393250294029713,2025-04-25 20:00:58.942838,2025-04-25 20:02:09.592286,0 days 00:01:10.649448,0.10097525329089126,160,4,3,48,0.09956947008103806,80,3,3,32,0.25497975927751176,112,2,3,80,0.2077121228228848,344,,,1,1,0.004893216914894555,0.6,/work3/arnaou/checkpoints/groupgat_Vc_trial_849_best_state.pt,"{'learning_rate': 0.004893216914894555, 'lr_reduce': 0.6}",TPESampler,COMPLETE
850,0.013823743909597397,2025-04-25 20:01:39.062825,2025-04-25 20:03:08.810247,0 days 00:01:29.747422,0.042423053744070224,224,4,4,64,0.13454549861268497,128,4,2,48,0.2235198543903711,80,3,4,112,0.1677260942161467,288,432.0,296.0,3,1,0.0036610169847995752,0.6,/work3/arnaou/checkpoints/groupgat_Vc_trial_850_best_state.pt,"{'learning_rate': 0.0036610169847995752, 'lr_reduce': 0.6}",TPESampler,COMPLETE
851,0.01216120459139347,2025-04-25 20:01:58.873101,2025-04-25 20:02:58.594505,0 days 00:00:59.721404,0.012915592791842984,240,3,2,48,0.12543232099906682,112,4,3,48,0.2559141418117597,112,1,2,128,0.026565346945694866,56,512.0,,2,2,0.0015156825522459037,0.6,/work3/arnaou/checkpoints/groupgat_Vc_trial_851_best_state.pt,"{'learning_rate': 0.0015156825522459037, 'lr_reduce': 0.6}",TPESampler,COMPLETE
