number,value,datetime_start,datetime_complete,duration,params_L1_dropout,params_L1_hidden_dim,params_L1_layers_atom,params_L1_layers_mol,params_L1_out_dim,params_L2_dropout,params_L2_hidden_dim,params_L2_layers_atom,params_L2_layers_mol,params_L2_out_dim,params_L3_dropout,params_L3_hidden_dim,params_L3_layers_atom,params_L3_layers_mol,params_L3_out_dim,params_final_dropout,params_mlp_dim_0,params_mlp_dim_1,params_mlp_dim_2,params_n_mlp_layers,params_num_heads,params_train_learning_rate,params_train_lr_reduce,user_attrs_best_state_dict_path,user_attrs_training_params,system_attrs_auto:sampler,state
2176,0.010962693020701408,2025-04-26 06:10:07.850238,2025-04-26 06:11:25.009828,0 days 00:01:17.159590,0.009248906781739766,176,2,2,128,0.09358284640095252,160,4,2,80,0.1721861477628679,80,2,2,128,0.003972844957904509,328,280.0,64.0,3,2,0.0053201657123985455,0.6,/work3/arnaou/checkpoints/groupgat_Vc_trial_2176_best_state.pt,"{'learning_rate': 0.0053201657123985455, 'lr_reduce': 0.6}",TPESampler,COMPLETE
2177,0.011180517263710499,2025-04-26 06:10:41.771749,2025-04-26 06:12:44.633214,0 days 00:02:02.861465,0.019525140108448788,208,2,1,112,0.11428652090260832,96,3,2,80,0.15601977051622654,64,2,2,112,0.06709569534717344,256,424.0,264.0,3,2,0.004030892795124446,0.6,/work3/arnaou/checkpoints/groupgat_Vc_trial_2177_best_state.pt,"{'learning_rate': 0.004030892795124446, 'lr_reduce': 0.6}",TPESampler,COMPLETE
2178,0.021011903882026672,2025-04-26 06:11:16.786484,2025-04-26 06:13:54.861622,0 days 00:02:38.075138,0.08436464070566488,176,4,2,80,0.004714177515575904,112,3,1,80,0.013723157028696042,96,1,2,112,0.004421787707623762,72,416.0,200.0,3,2,0.009173653126601166,0.6,/work3/arnaou/checkpoints/groupgat_Vc_trial_2178_best_state.pt,"{'learning_rate': 0.009173653126601166, 'lr_reduce': 0.6}",TPESampler,COMPLETE
2179,0.02267044596374035,2025-04-26 06:11:27.812556,2025-04-26 06:13:18.562947,0 days 00:01:50.750391,0.0036320481024453358,224,4,3,32,0.16228591117441105,224,1,2,48,0.17302577989005385,48,1,1,96,0.23787098127394918,232,,,1,2,0.005343096716356229,0.6,/work3/arnaou/checkpoints/groupgat_Vc_trial_2179_best_state.pt,"{'learning_rate': 0.005343096716356229, 'lr_reduce': 0.6}",TPESampler,COMPLETE
2180,0.012869521975517273,2025-04-26 06:12:47.619925,2025-04-26 06:14:26.673042,0 days 00:01:39.053117,0.019245248196235368,224,2,1,80,0.1238139292480657,80,4,2,128,0.12191904067468029,48,3,2,112,0.030055452804393448,280,480.0,128.0,3,2,0.008474788417057736,0.6,/work3/arnaou/checkpoints/groupgat_Vc_trial_2180_best_state.pt,"{'learning_rate': 0.008474788417057736, 'lr_reduce': 0.6}",TPESampler,COMPLETE
2181,0.015165288932621479,2025-04-26 06:13:21.125246,2025-04-26 06:14:58.075889,0 days 00:01:36.950643,0.10507380799406879,224,4,3,128,0.013933764988852683,112,3,3,112,0.2911654015852416,64,1,3,128,0.16766955339209197,192,224.0,,2,2,0.006138825485013626,0.6,/work3/arnaou/checkpoints/groupgat_Vc_trial_2181_best_state.pt,"{'learning_rate': 0.006138825485013626, 'lr_reduce': 0.6}",TPESampler,COMPLETE
2182,0.013423735275864601,2025-04-26 06:13:58.191461,2025-04-26 06:16:06.648996,0 days 00:02:08.457535,0.02262417742138049,80,4,4,64,0.07136985080987507,112,4,1,112,0.20568903998052498,32,2,3,80,0.1886812222573208,72,456.0,,2,2,0.0012854267493925637,0.6,/work3/arnaou/checkpoints/groupgat_Vc_trial_2182_best_state.pt,"{'learning_rate': 0.0012854267493925637, 'lr_reduce': 0.6}",TPESampler,COMPLETE
2183,0.014841284602880478,2025-04-26 06:14:28.745302,2025-04-26 06:16:32.132513,0 days 00:02:03.387211,0.19501362789413174,192,2,2,48,0.08694816344437217,144,3,1,32,0.06372620698238647,64,2,4,128,0.09745010718099345,208,416.0,232.0,3,2,0.007650434371637122,0.6,/work3/arnaou/checkpoints/groupgat_Vc_trial_2183_best_state.pt,"{'learning_rate': 0.007650434371637122, 'lr_reduce': 0.6}",TPESampler,COMPLETE
2184,0.9747058749198914,2025-04-26 06:15:00.626021,2025-04-26 06:15:31.753028,0 days 00:00:31.127007,0.008399179145070063,208,2,4,64,0.1376655267224859,144,4,4,112,0.151365791343938,32,2,2,96,0.09353695132608154,328,512.0,272.0,3,2,0.007964123591075145,0.6,/work3/arnaou/checkpoints/groupgat_Vc_trial_2184_best_state.pt,"{'learning_rate': 0.007964123591075145, 'lr_reduce': 0.6}",TPESampler,COMPLETE
2185,0.014678098261356354,2025-04-26 06:15:33.594939,2025-04-26 06:17:14.972454,0 days 00:01:41.377515,0.11403103538438782,256,4,1,64,0.00012611817043804707,96,2,2,64,0.05769354614729355,64,1,3,80,0.18003785998230679,256,288.0,216.0,3,2,0.009814665543655482,0.6,/work3/arnaou/checkpoints/groupgat_Vc_trial_2185_best_state.pt,"{'learning_rate': 0.009814665543655482, 'lr_reduce': 0.6}",TPESampler,COMPLETE
2186,0.01782350428402424,2025-04-26 06:16:09.102826,2025-04-26 06:17:42.522078,0 days 00:01:33.419252,0.12142664804290482,208,2,2,64,0.11102846494879512,144,4,3,112,0.2211132193476656,64,2,1,80,0.0862039845794417,232,120.0,168.0,3,2,0.008041484337304249,0.6,/work3/arnaou/checkpoints/groupgat_Vc_trial_2186_best_state.pt,"{'learning_rate': 0.008041484337304249, 'lr_reduce': 0.6}",TPESampler,COMPLETE
2187,0.06285209953784943,2025-04-26 06:16:34.127731,2025-04-26 06:19:52.883876,0 days 00:03:18.756145,0.006465496766370593,96,1,3,128,0.18180254444259814,160,4,1,128,0.06965242476649527,112,1,1,64,0.015177733780394415,328,456.0,,2,1,0.00015345949136428072,0.6,/work3/arnaou/checkpoints/groupgat_Vc_trial_2187_best_state.pt,"{'learning_rate': 0.00015345949136428072, 'lr_reduce': 0.6}",TPESampler,COMPLETE
2188,0.012727468274533749,2025-04-26 06:17:17.467094,2025-04-26 06:18:46.877537,0 days 00:01:29.410443,0.0128834141413508,240,4,3,48,0.14986975381398512,208,1,2,48,0.0731550417023716,32,2,2,96,0.26187603065432064,112,184.0,272.0,3,2,0.0052441782084646695,0.6,/work3/arnaou/checkpoints/groupgat_Vc_trial_2188_best_state.pt,"{'learning_rate': 0.0052441782084646695, 'lr_reduce': 0.6}",TPESampler,COMPLETE
2189,0.014661088585853577,2025-04-26 06:17:45.271847,2025-04-26 06:19:45.412714,0 days 00:02:00.140867,0.05849713619493739,160,1,1,80,0.14697016183411063,64,3,4,80,0.16634080668828738,64,2,2,96,0.10018293291115773,440,408.0,176.0,3,2,0.005615025405759547,0.6,/work3/arnaou/checkpoints/groupgat_Vc_trial_2189_best_state.pt,"{'learning_rate': 0.005615025405759547, 'lr_reduce': 0.6}",TPESampler,COMPLETE
2190,0.008807680569589138,2025-04-26 06:18:49.268549,2025-04-26 06:20:14.011735,0 days 00:01:24.743186,0.02716403933040958,160,1,2,64,0.1614599340870635,64,4,3,80,0.15550474127747904,48,2,1,64,0.06278763918537252,304,456.0,256.0,3,2,0.006408212108058085,0.6,/work3/arnaou/checkpoints/groupgat_Vc_trial_2190_best_state.pt,"{'learning_rate': 0.006408212108058085, 'lr_reduce': 0.6}",TPESampler,COMPLETE
2191,0.011327242478728294,2025-04-26 06:19:47.805078,2025-04-26 06:21:06.551375,0 days 00:01:18.746297,0.04154336574815844,208,3,2,48,0.17073944101172567,144,4,3,96,0.2685449464799457,32,3,3,80,0.11905823955977987,232,248.0,208.0,3,2,0.0021688868116363797,0.6,/work3/arnaou/checkpoints/groupgat_Vc_trial_2191_best_state.pt,"{'learning_rate': 0.0021688868116363797, 'lr_reduce': 0.6}",TPESampler,COMPLETE
2192,0.020158136263489723,2025-04-26 06:19:55.852050,2025-04-26 06:21:49.563206,0 days 00:01:53.711156,0.13682257932508482,80,1,3,48,0.11273155630983067,240,1,1,48,0.22255251757125133,64,2,3,96,0.18623656273228165,192,408.0,,2,1,0.0007317101841943026,0.6,/work3/arnaou/checkpoints/groupgat_Vc_trial_2192_best_state.pt,"{'learning_rate': 0.0007317101841943026, 'lr_reduce': 0.6}",TPESampler,COMPLETE
2193,0.0151278181001544,2025-04-26 06:20:16.181566,2025-04-26 06:22:29.488740,0 days 00:02:13.307174,0.23547840198169634,240,1,1,80,0.12452956469334918,112,4,2,80,0.22364675796064581,64,1,1,32,0.26270535661788175,512,416.0,,2,2,0.0038586493021742344,0.6,/work3/arnaou/checkpoints/groupgat_Vc_trial_2193_best_state.pt,"{'learning_rate': 0.0038586493021742344, 'lr_reduce': 0.6}",TPESampler,COMPLETE
2194,0.016162393614649773,2025-04-26 06:21:08.815007,2025-04-26 06:22:17.442244,0 days 00:01:08.627237,0.25994973305989144,128,3,4,128,0.25897394327804696,160,4,3,128,0.20031730603586076,64,2,1,128,0.2425418752972382,112,408.0,,2,1,0.004985629986423104,0.6,/work3/arnaou/checkpoints/groupgat_Vc_trial_2194_best_state.pt,"{'learning_rate': 0.004985629986423104, 'lr_reduce': 0.6}",TPESampler,COMPLETE
2195,0.010488046333193779,2025-04-26 06:21:51.389085,2025-04-26 06:23:24.807841,0 days 00:01:33.418756,0.03329035819189187,160,2,3,32,0.18509456472628608,96,3,2,96,0.1229156499005011,48,2,1,64,0.12092333805122958,376,408.0,256.0,3,2,0.004609824890240447,0.6,/work3/arnaou/checkpoints/groupgat_Vc_trial_2195_best_state.pt,"{'learning_rate': 0.004609824890240447, 'lr_reduce': 0.6}",TPESampler,COMPLETE
2196,0.017681365832686424,2025-04-26 06:22:19.746516,2025-04-26 06:23:33.557873,0 days 00:01:13.811357,0.03970904547022976,208,1,1,64,0.18213546383101387,64,3,2,80,0.12586586366211786,64,1,2,64,0.09308494137947645,296,432.0,264.0,3,2,0.002071585039889734,0.6,/work3/arnaou/checkpoints/groupgat_Vc_trial_2196_best_state.pt,"{'learning_rate': 0.002071585039889734, 'lr_reduce': 0.6}",TPESampler,COMPLETE
2197,0.010375245474278927,2025-04-26 06:22:32.210642,2025-04-26 06:23:55.238874,0 days 00:01:23.028232,0.10766643635672739,192,2,2,48,0.13683191116052315,64,4,2,64,0.15894464601659594,48,3,1,32,0.11771901568897866,240,384.0,264.0,3,2,0.003839200428792758,0.6,/work3/arnaou/checkpoints/groupgat_Vc_trial_2197_best_state.pt,"{'learning_rate': 0.003839200428792758, 'lr_reduce': 0.6}",TPESampler,COMPLETE
2198,0.01828608289361,2025-04-26 06:23:27.375414,2025-04-26 06:25:20.378499,0 days 00:01:53.003085,0.083840675400039,128,2,1,128,0.2843101600259572,208,3,3,64,0.06358818991235711,112,1,1,32,0.12511534585827913,184,296.0,240.0,3,1,0.0006819544063414842,0.6,/work3/arnaou/checkpoints/groupgat_Vc_trial_2198_best_state.pt,"{'learning_rate': 0.0006819544063414842, 'lr_reduce': 0.6}",TPESampler,COMPLETE
2199,0.012727750465273857,2025-04-26 06:23:36.717000,2025-04-26 06:25:11.176112,0 days 00:01:34.459112,0.03480981827023014,240,3,3,80,0.11845359105750475,128,4,4,80,0.2769996691461488,64,3,2,80,0.051616718580104796,264,440.0,264.0,3,2,0.006323610953226673,0.6,/work3/arnaou/checkpoints/groupgat_Vc_trial_2199_best_state.pt,"{'learning_rate': 0.006323610953226673, 'lr_reduce': 0.6}",TPESampler,COMPLETE
2200,0.012064121663570404,2025-04-26 06:23:57.463085,2025-04-26 06:25:34.508521,0 days 00:01:37.045436,0.11452059816736403,208,3,2,64,0.0660770243169996,112,4,4,80,0.15523902621979482,48,2,4,96,0.023629621639689853,256,400.0,232.0,3,2,0.002777666863794902,0.6,/work3/arnaou/checkpoints/groupgat_Vc_trial_2200_best_state.pt,"{'learning_rate': 0.002777666863794902, 'lr_reduce': 0.6}",TPESampler,COMPLETE
2201,0.010478189215064049,2025-04-26 06:25:13.166366,2025-04-26 06:26:49.253077,0 days 00:01:36.086711,0.017645564602278275,176,1,1,128,0.13425835722795598,64,4,3,112,0.05400517846112152,64,1,4,48,0.07510774095791063,368,440.0,272.0,3,2,0.008282144563857721,0.6,/work3/arnaou/checkpoints/groupgat_Vc_trial_2201_best_state.pt,"{'learning_rate': 0.008282144563857721, 'lr_reduce': 0.6}",TPESampler,COMPLETE
2202,0.012403963133692741,2025-04-26 06:25:22.322292,2025-04-26 06:26:32.594727,0 days 00:01:10.272435,0.04736688615064126,80,2,2,80,0.189452516153248,80,4,3,80,0.17934941711024757,32,3,1,32,0.025947998186880226,320,384.0,280.0,3,2,0.0035954277729015054,0.6,/work3/arnaou/checkpoints/groupgat_Vc_trial_2202_best_state.pt,"{'learning_rate': 0.0035954277729015054, 'lr_reduce': 0.6}",TPESampler,COMPLETE
2203,0.1337241530418396,2025-04-26 06:25:36.802218,2025-04-26 06:27:53.626568,0 days 00:02:16.824350,0.10921467433308306,80,4,3,112,0.2783601052326079,256,3,3,112,0.026145632425871854,96,1,1,48,0.2127026193676303,96,,,1,2,0.000158484062976512,0.6,/work3/arnaou/checkpoints/groupgat_Vc_trial_2203_best_state.pt,"{'learning_rate': 0.000158484062976512, 'lr_reduce': 0.6}",TPESampler,COMPLETE
2204,0.014677558094263077,2025-04-26 06:26:35.226540,2025-04-26 06:28:37.512890,0 days 00:02:02.286350,0.21927449926791598,160,1,4,80,0.22551771442789606,112,3,1,80,0.009553248339070036,64,1,1,128,0.14414882390493164,264,,,1,2,0.0004550092241309896,0.6,/work3/arnaou/checkpoints/groupgat_Vc_trial_2204_best_state.pt,"{'learning_rate': 0.0004550092241309896, 'lr_reduce': 0.6}",TPESampler,COMPLETE
2205,0.016337132081389427,2025-04-26 06:26:51.874423,2025-04-26 06:27:52.906547,0 days 00:01:01.032124,0.13599134749168537,160,1,2,80,0.15490560453670338,96,4,3,64,0.015749662159940808,80,4,2,48,0.07794693638996836,304,320.0,,2,2,0.002601548397240002,0.6,/work3/arnaou/checkpoints/groupgat_Vc_trial_2205_best_state.pt,"{'learning_rate': 0.002601548397240002, 'lr_reduce': 0.6}",TPESampler,COMPLETE
2206,0.010819156654179096,2025-04-26 06:27:54.994134,2025-04-26 06:29:19.325772,0 days 00:01:24.331638,0.0661272230520469,160,1,3,64,0.14147156823826662,64,4,4,96,0.13276651074312273,64,1,2,64,0.09095995326667528,120,240.0,,2,2,0.0031455339561315063,0.6,/work3/arnaou/checkpoints/groupgat_Vc_trial_2206_best_state.pt,"{'learning_rate': 0.0031455339561315063, 'lr_reduce': 0.6}",TPESampler,COMPLETE
2207,0.7360967993736267,2025-04-26 06:27:56.866896,2025-04-26 06:28:35.040112,0 days 00:00:38.173216,0.04408027954416392,208,1,2,64,0.08187833250840305,96,3,4,96,0.20795166559560307,48,3,2,32,0.12758969216551286,280,432.0,232.0,3,2,0.009981560536820729,0.6,/work3/arnaou/checkpoints/groupgat_Vc_trial_2207_best_state.pt,"{'learning_rate': 0.009981560536820729, 'lr_reduce': 0.6}",TPESampler,COMPLETE
2208,0.008560802787542343,2025-04-26 06:28:36.937919,2025-04-26 06:29:55.982725,0 days 00:01:19.044806,0.051520252918263815,192,1,2,64,0.17543798572893307,80,4,4,32,0.179408163614639,32,3,2,64,0.03453674456512565,184,32.0,216.0,3,2,0.004718790436684363,0.6,/work3/arnaou/checkpoints/groupgat_Vc_trial_2208_best_state.pt,"{'learning_rate': 0.004718790436684363, 'lr_reduce': 0.6}",TPESampler,COMPLETE
2209,0.014463445171713829,2025-04-26 06:28:39.536524,2025-04-26 06:30:54.986351,0 days 00:02:15.449827,0.012662666562920656,160,1,3,48,0.09115229267668314,64,4,2,96,0.2518785622513099,80,1,1,32,0.20192982404201104,304,376.0,,2,2,0.006644982526717539,0.6,/work3/arnaou/checkpoints/groupgat_Vc_trial_2209_best_state.pt,"{'learning_rate': 0.006644982526717539, 'lr_reduce': 0.6}",TPESampler,COMPLETE
2210,0.012071051634848118,2025-04-26 06:29:22.255944,2025-04-26 06:31:10.620208,0 days 00:01:48.364264,0.09827208538184315,112,2,4,80,0.09342556132139113,176,4,2,32,0.001877475598848155,48,4,2,80,0.014259030699470376,80,,,1,2,0.005583510302239893,0.6,/work3/arnaou/checkpoints/groupgat_Vc_trial_2210_best_state.pt,"{'learning_rate': 0.005583510302239893, 'lr_reduce': 0.6}",TPESampler,COMPLETE
2211,0.011452559381723404,2025-04-26 06:29:58.426660,2025-04-26 06:31:16.923185,0 days 00:01:18.496525,0.11316649463859446,224,1,2,48,0.1735149921461476,80,3,4,64,0.23937823748876402,64,3,3,80,0.08617687045080297,248,88.0,200.0,3,2,0.00438741507661878,0.6,/work3/arnaou/checkpoints/groupgat_Vc_trial_2211_best_state.pt,"{'learning_rate': 0.00438741507661878, 'lr_reduce': 0.6}",TPESampler,COMPLETE
2212,0.012521566823124886,2025-04-26 06:30:57.384120,2025-04-26 06:32:57.028529,0 days 00:01:59.644409,0.05333172665093054,160,1,2,32,0.14883038556112543,112,4,3,32,0.14018012357785106,32,2,2,64,0.02678275254068825,416,48.0,208.0,3,2,0.0015376132017680718,0.6,/work3/arnaou/checkpoints/groupgat_Vc_trial_2212_best_state.pt,"{'learning_rate': 0.0015376132017680718, 'lr_reduce': 0.6}",TPESampler,COMPLETE
2213,0.012244324199855328,2025-04-26 06:31:13.242896,2025-04-26 06:33:41.643869,0 days 00:02:28.400973,0.049485505063259896,208,2,2,80,0.16912937042902992,80,4,3,48,0.11066627738783778,32,4,2,80,0.08824432696889895,40,80.0,,2,2,0.00230552601946723,0.6,/work3/arnaou/checkpoints/groupgat_Vc_trial_2213_best_state.pt,"{'learning_rate': 0.00230552601946723, 'lr_reduce': 0.6}",TPESampler,COMPLETE
2214,0.010238029062747955,2025-04-26 06:31:19.316844,2025-04-26 06:33:01.486367,0 days 00:01:42.169523,0.12316605506395165,144,1,4,64,0.12484953719021724,128,3,4,32,0.10212748295719253,32,3,2,64,0.010623213563747225,192,96.0,,2,2,0.007383394577583868,0.6,/work3/arnaou/checkpoints/groupgat_Vc_trial_2214_best_state.pt,"{'learning_rate': 0.007383394577583868, 'lr_reduce': 0.6}",TPESampler,COMPLETE
2215,0.013806902803480625,2025-04-26 06:32:59.177471,2025-04-26 06:34:15.488641,0 days 00:01:16.311170,0.003989301430969726,224,2,1,80,0.21337605956843275,96,4,4,32,0.22609781366082382,32,2,3,48,0.03712736387857376,240,48.0,208.0,3,2,0.007383178606263963,0.6,/work3/arnaou/checkpoints/groupgat_Vc_trial_2215_best_state.pt,"{'learning_rate': 0.007383178606263963, 'lr_reduce': 0.6}",TPESampler,COMPLETE
2216,0.009787843562662601,2025-04-26 06:33:03.469206,2025-04-26 06:34:32.375384,0 days 00:01:28.906178,0.05991856893728807,208,2,1,64,0.17251587803331786,96,3,3,32,0.20250037927445197,32,3,3,48,0.009811637981087942,192,72.0,232.0,3,2,0.002518026445231139,0.6,/work3/arnaou/checkpoints/groupgat_Vc_trial_2216_best_state.pt,"{'learning_rate': 0.002518026445231139, 'lr_reduce': 0.6}",TPESampler,COMPLETE
2217,0.014346688985824585,2025-04-26 06:33:44.547330,2025-04-26 06:35:32.188321,0 days 00:01:47.640991,0.08698091125461149,176,4,2,32,0.05244430515885483,112,4,2,64,0.0085762262717024,112,1,2,96,0.10540489263799419,144,72.0,216.0,3,2,0.0012875263915798974,0.6,/work3/arnaou/checkpoints/groupgat_Vc_trial_2217_best_state.pt,"{'learning_rate': 0.0012875263915798974, 'lr_reduce': 0.6}",TPESampler,COMPLETE
2218,0.01082388125360012,2025-04-26 06:34:17.716094,2025-04-26 06:35:35.006611,0 days 00:01:17.290517,0.019239333839450604,128,1,2,64,0.17642007172885996,112,4,4,32,0.17961974352424998,48,4,2,64,0.1039499036471128,264,56.0,184.0,3,2,0.0025772411600768364,0.6,/work3/arnaou/checkpoints/groupgat_Vc_trial_2218_best_state.pt,"{'learning_rate': 0.0025772411600768364, 'lr_reduce': 0.6}",TPESampler,COMPLETE
2219,1.2614741325378418,2025-04-26 06:34:34.051618,2025-04-26 06:35:04.727151,0 days 00:00:30.675533,0.1261737306585452,112,1,3,80,0.12600858842005275,128,4,2,64,0.16495999346878662,32,1,1,80,0.025966263739296738,400,40.0,,2,2,0.008800529589983412,0.6,/work3/arnaou/checkpoints/groupgat_Vc_trial_2219_best_state.pt,"{'learning_rate': 0.008800529589983412, 'lr_reduce': 0.6}",TPESampler,COMPLETE
2220,0.014829662628471851,2025-04-26 06:35:07.507438,2025-04-26 06:36:33.294148,0 days 00:01:25.786710,0.0260527242916206,128,2,2,80,0.1834085948125999,80,3,2,48,0.24162316474755996,64,2,2,48,0.020977260566550415,240,40.0,232.0,3,2,0.008849139934596479,0.6,/work3/arnaou/checkpoints/groupgat_Vc_trial_2220_best_state.pt,"{'learning_rate': 0.008849139934596479, 'lr_reduce': 0.6}",TPESampler,COMPLETE
2221,0.011436370201408863,2025-04-26 06:35:34.076296,2025-04-26 06:36:46.157890,0 days 00:01:12.081594,0.0012472610740953821,208,1,2,80,0.10211923575054917,112,4,3,64,0.20849556275625414,32,1,2,64,0.10709949953417913,312,96.0,224.0,3,2,0.002939504826538494,0.6,/work3/arnaou/checkpoints/groupgat_Vc_trial_2221_best_state.pt,"{'learning_rate': 0.002939504826538494, 'lr_reduce': 0.6}",TPESampler,COMPLETE
2222,0.014129516668617725,2025-04-26 06:35:36.447891,2025-04-26 06:37:07.413587,0 days 00:01:30.965696,0.08588567238324007,176,1,2,64,0.22137202238530912,80,4,4,80,0.17417995254103144,48,2,1,80,0.06838454397231417,408,152.0,,2,2,0.009543738742528198,0.6,/work3/arnaou/checkpoints/groupgat_Vc_trial_2222_best_state.pt,"{'learning_rate': 0.009543738742528198, 'lr_reduce': 0.6}",TPESampler,COMPLETE
2223,0.008881758898496628,2025-04-26 06:36:35.085127,2025-04-26 06:38:22.770714,0 days 00:01:47.685587,0.02352850749639339,240,3,2,48,0.049424530257302625,64,4,1,48,0.11902416137156603,96,1,3,112,0.09297881382968623,248,48.0,176.0,3,2,0.007344350813214724,0.6,/work3/arnaou/checkpoints/groupgat_Vc_trial_2223_best_state.pt,"{'learning_rate': 0.007344350813214724, 'lr_reduce': 0.6}",TPESampler,COMPLETE
2224,0.013994328677654266,2025-04-26 06:36:48.284914,2025-04-26 06:38:22.289506,0 days 00:01:34.004592,0.09745321551836376,192,1,1,32,0.162326329560151,80,4,4,32,0.2091208641910839,64,2,3,64,0.05204793793037678,32,136.0,264.0,3,1,0.005865043669028957,0.6,/work3/arnaou/checkpoints/groupgat_Vc_trial_2224_best_state.pt,"{'learning_rate': 0.005865043669028957, 'lr_reduce': 0.6}",TPESampler,COMPLETE
2225,0.01035427488386631,2025-04-26 06:37:09.584614,2025-04-26 06:38:12.672692,0 days 00:01:03.088078,0.07336335160411005,160,1,3,48,0.14314939743197186,96,4,3,96,0.18475784935177542,64,3,1,64,0.02572608069214133,160,64.0,224.0,3,2,0.0027232838533030523,0.6,/work3/arnaou/checkpoints/groupgat_Vc_trial_2225_best_state.pt,"{'learning_rate': 0.0027232838533030523, 'lr_reduce': 0.6}",TPESampler,COMPLETE
2226,0.010347625240683556,2025-04-26 06:38:15.022059,2025-04-26 06:39:21.493709,0 days 00:01:06.471650,0.0193613398001378,96,1,3,80,0.10070138378487276,112,3,4,80,0.16183027595385988,64,2,1,64,0.12048458578416868,272,64.0,152.0,3,2,0.003147328555555642,0.6,/work3/arnaou/checkpoints/groupgat_Vc_trial_2226_best_state.pt,"{'learning_rate': 0.003147328555555642, 'lr_reduce': 0.6}",TPESampler,COMPLETE
2227,0.02320769429206848,2025-04-26 06:38:25.208419,2025-04-26 06:40:44.954525,0 days 00:02:19.746106,0.29670616146138634,80,1,4,128,0.16146962903290976,240,3,1,64,0.003100811847934759,128,1,1,32,0.011928934073696468,216,32.0,,2,1,0.00017581415478960135,0.6,/work3/arnaou/checkpoints/groupgat_Vc_trial_2227_best_state.pt,"{'learning_rate': 0.00017581415478960135, 'lr_reduce': 0.6}",TPESampler,COMPLETE
2228,0.08112897723913193,2025-04-26 06:38:25.889412,2025-04-26 06:39:22.350725,0 days 00:00:56.461313,0.08423557095455653,144,1,1,48,0.014454505176963034,64,4,4,96,0.23183531455443598,48,2,1,48,0.11875620579104759,368,32.0,128.0,3,2,0.0008905213919388972,0.6,/work3/arnaou/checkpoints/groupgat_Vc_trial_2228_best_state.pt,"{'learning_rate': 0.0008905213919388972, 'lr_reduce': 0.6}",TPESampler,COMPLETE
