number,value,datetime_start,datetime_complete,duration,params_L1_dropout,params_L1_hidden_dim,params_L1_layers_atom,params_L1_layers_mol,params_L1_out_dim,params_L2_dropout,params_L2_hidden_dim,params_L2_layers_atom,params_L2_layers_mol,params_L2_out_dim,params_L3_dropout,params_L3_hidden_dim,params_L3_layers_atom,params_L3_layers_mol,params_L3_out_dim,params_final_dropout,params_mlp_dim_0,params_mlp_dim_1,params_mlp_dim_2,params_n_mlp_layers,params_num_heads,params_train_learning_rate,params_train_lr_reduce,user_attrs_best_state_dict_path,user_attrs_training_params,system_attrs_auto:sampler,state
0,0.011084086261689663,2025-04-24 20:47:15.733735,2025-04-24 20:49:46.711880,0 days 00:02:30.978145,0.09790293709621731,128,4,4,64,0.231221382503764,80,3,1,96,0.2810661090763514,128,2,4,48,0.2517929626808741,240,512.0,,2,2,0.0034622033304023627,0.6,/work3/arnaou/checkpoints/groupgat_Vc_trial_0_best_state.pt,"{'learning_rate': 0.0034622033304023627, 'lr_reduce': 0.6}",RandomSampler,COMPLETE
1,0.013903443701565266,2025-04-24 20:47:15.741775,2025-04-24 20:49:58.183712,0 days 00:02:42.441937,0.05894827463309209,176,4,3,80,0.08165794026439895,208,4,2,48,0.052294254680201886,96,3,3,80,0.16299920357652872,328,184.0,376.0,3,1,0.009549928510974337,0.6,/work3/arnaou/checkpoints/groupgat_Vc_trial_1_best_state.pt,"{'learning_rate': 0.009549928510974337, 'lr_reduce': 0.6}",RandomSampler,COMPLETE
2,0.03185221552848816,2025-04-24 20:47:15.791028,2025-04-24 20:49:37.010489,0 days 00:02:21.219461,0.17054732141354653,64,1,1,48,0.11330865218044088,208,3,2,96,0.06712955190637063,128,1,3,64,0.05062471385167315,344,,,1,1,0.0004602532631540414,0.6,/work3/arnaou/checkpoints/groupgat_Vc_trial_2_best_state.pt,"{'learning_rate': 0.0004602532631540414, 'lr_reduce': 0.6}",RandomSampler,COMPLETE
3,0.018356185406446457,2025-04-24 20:49:37.165929,2025-04-24 20:52:18.348113,0 days 00:02:41.182184,0.2724736812876937,112,1,3,80,0.04062011373160732,112,4,1,112,0.1147565973498876,80,3,1,48,0.11213757895676825,192,336.0,472.0,3,1,0.00016961503748861027,0.6,/work3/arnaou/checkpoints/groupgat_Vc_trial_3_best_state.pt,"{'learning_rate': 0.00016961503748861027, 'lr_reduce': 0.6}",GPSampler,COMPLETE
4,0.03695497289299965,2025-04-24 20:49:46.916343,2025-04-24 20:52:51.369099,0 days 00:03:04.452756,0.0630419398082634,176,3,4,64,0.25069214236758836,208,1,2,80,0.12035930061295802,32,2,2,48,0.18485621928015752,272,376.0,,2,1,0.00012892348224901573,0.6,/work3/arnaou/checkpoints/groupgat_Vc_trial_4_best_state.pt,"{'learning_rate': 0.00012892348224901573, 'lr_reduce': 0.6}",TPESampler,COMPLETE
5,0.028458837419748306,2025-04-24 20:49:58.360000,2025-04-24 20:52:18.579122,0 days 00:02:20.219122,0.2771845333439778,176,2,2,96,0.24404261539044841,80,3,3,48,0.09369465019314908,112,2,1,32,0.02396166640939883,464,144.0,240.0,3,1,0.008989730261433989,0.6,/work3/arnaou/checkpoints/groupgat_Vc_trial_5_best_state.pt,"{'learning_rate': 0.008989730261433989, 'lr_reduce': 0.6}",TPESampler,COMPLETE
6,0.026399314403533936,2025-04-24 20:52:18.508471,2025-04-24 20:55:02.860868,0 days 00:02:44.352397,0.04247310876224162,80,2,4,80,0.22751939446407501,192,3,2,112,0.1362647580660629,80,1,4,64,0.03224851109348723,152,192.0,88.0,3,2,0.00020923374841254832,0.6,/work3/arnaou/checkpoints/groupgat_Vc_trial_6_best_state.pt,"{'learning_rate': 0.00020923374841254832, 'lr_reduce': 0.6}",TPESampler,COMPLETE
7,0.015822799876332283,2025-04-24 20:52:18.740828,2025-04-24 20:54:07.996231,0 days 00:01:49.255403,0.10001980554329716,192,2,4,32,0.04790396908363618,224,4,3,96,0.2663950460179235,128,1,1,112,0.06091156760246019,256,496.0,,2,2,0.00537049855233334,0.6,/work3/arnaou/checkpoints/groupgat_Vc_trial_7_best_state.pt,"{'learning_rate': 0.00537049855233334, 'lr_reduce': 0.6}",TPESampler,COMPLETE
8,0.05088000372052193,2025-04-24 20:52:51.602670,2025-04-24 20:54:47.547532,0 days 00:01:55.944862,0.10212125119254085,160,1,2,96,0.2765709906022855,112,1,4,112,0.12367377984412589,112,1,2,32,0.16155675252513796,224,400.0,384.0,3,1,0.00042551957375256484,0.6,/work3/arnaou/checkpoints/groupgat_Vc_trial_8_best_state.pt,"{'learning_rate': 0.00042551957375256484, 'lr_reduce': 0.6}",TPESampler,COMPLETE
9,0.04982041195034981,2025-04-24 20:54:08.253073,2025-04-24 20:56:42.618118,0 days 00:02:34.365045,0.24446207572334083,208,4,1,32,0.19678239668799055,240,3,4,96,0.14151464493754026,112,3,1,80,0.2520139084972869,248,,,1,2,0.007757319374881455,0.6,/work3/arnaou/checkpoints/groupgat_Vc_trial_9_best_state.pt,"{'learning_rate': 0.007757319374881455, 'lr_reduce': 0.6}",TPESampler,COMPLETE
10,0.06819891184568405,2025-04-24 20:54:47.880470,2025-04-24 20:56:46.015593,0 days 00:01:58.135123,0.2077455354785169,64,2,2,112,0.2608219223702228,112,1,3,96,0.12011510642633107,96,1,4,80,0.16229378217387297,512,,,1,2,0.0007924695230482708,0.6,/work3/arnaou/checkpoints/groupgat_Vc_trial_10_best_state.pt,"{'learning_rate': 0.0007924695230482708, 'lr_reduce': 0.6}",TPESampler,COMPLETE
11,0.020038660615682602,2025-04-24 20:55:03.156418,2025-04-24 20:56:25.540458,0 days 00:01:22.384040,0.08524071730535245,96,2,3,112,0.16140564111573413,224,2,4,128,0.2138672321989359,112,4,2,128,0.04345330473705965,104,488.0,,2,2,0.005852614529123246,0.6,/work3/arnaou/checkpoints/groupgat_Vc_trial_11_best_state.pt,"{'learning_rate': 0.005852614529123246, 'lr_reduce': 0.6}",TPESampler,COMPLETE
12,0.03138114511966705,2025-04-24 20:56:25.774420,2025-04-24 20:57:35.854438,0 days 00:01:10.080018,0.08525581167740845,96,4,4,48,0.24651566684927442,128,3,1,96,0.29037283669855884,96,2,3,32,0.17315091584225878,328,512.0,,2,2,0.007057991730779745,0.6,/work3/arnaou/checkpoints/groupgat_Vc_trial_12_best_state.pt,"{'learning_rate': 0.007057991730779745, 'lr_reduce': 0.6}",TPESampler,COMPLETE
13,0.024632161483168602,2025-04-24 20:56:42.855887,2025-04-24 20:58:32.161673,0 days 00:01:49.305786,0.1303430854503811,128,4,2,64,0.06223667223491525,192,4,2,80,0.057152671760415996,112,2,4,96,0.12886392099538208,384,48.0,,2,1,0.006374375616054723,0.6,/work3/arnaou/checkpoints/groupgat_Vc_trial_13_best_state.pt,"{'learning_rate': 0.006374375616054723, 'lr_reduce': 0.6}",TPESampler,COMPLETE
14,0.01644827611744404,2025-04-24 20:56:46.160672,2025-04-24 20:58:08.978403,0 days 00:01:22.817731,0.013892875246374309,208,3,3,64,0.16176865437089016,160,3,1,64,0.08078728219549369,112,2,3,64,0.1254430835991738,144,224.0,320.0,3,1,0.007593836668870363,0.6,/work3/arnaou/checkpoints/groupgat_Vc_trial_14_best_state.pt,"{'learning_rate': 0.007593836668870363, 'lr_reduce': 0.6}",TPESampler,COMPLETE
15,0.01729353703558445,2025-04-24 20:57:36.038722,2025-04-24 20:59:07.216225,0 days 00:01:31.177503,0.1270151147617668,240,3,3,112,0.06410439276728967,240,4,1,32,0.02952894731091445,80,3,3,64,0.16638469645251347,416,288.0,504.0,3,1,0.008767767442625734,0.6,/work3/arnaou/checkpoints/groupgat_Vc_trial_15_best_state.pt,"{'learning_rate': 0.008767767442625734, 'lr_reduce': 0.6}",TPESampler,COMPLETE
16,0.01129059586673975,2025-04-24 20:58:09.332812,2025-04-24 20:59:52.290207,0 days 00:01:42.957395,0.04909021735026352,192,4,3,64,0.019499822288368482,128,4,2,64,0.1080510683713136,32,3,3,64,0.07062889844896646,432,112.0,184.0,3,2,0.006154951066770125,0.6,/work3/arnaou/checkpoints/groupgat_Vc_trial_16_best_state.pt,"{'learning_rate': 0.006154951066770125, 'lr_reduce': 0.6}",TPESampler,COMPLETE
17,0.022362614050507545,2025-04-24 20:58:32.324829,2025-04-24 21:00:24.623279,0 days 00:01:52.298450,0.05891219633924586,208,4,4,112,0.27986905191825984,96,2,2,96,0.2890679783252917,128,3,3,48,0.17916965983228628,256,256.0,,2,2,0.0007872733316602917,0.6,/work3/arnaou/checkpoints/groupgat_Vc_trial_17_best_state.pt,"{'learning_rate': 0.0007872733316602917, 'lr_reduce': 0.6}",TPESampler,COMPLETE
18,0.010702461004257202,2025-04-24 20:59:07.484445,2025-04-24 21:00:44.059301,0 days 00:01:36.574856,0.02237467094903975,208,4,3,32,0.14218117769892794,64,2,2,64,0.2838867294559992,96,2,4,80,0.2864211228464121,120,400.0,,2,2,0.004796450993528194,0.6,/work3/arnaou/checkpoints/groupgat_Vc_trial_18_best_state.pt,"{'learning_rate': 0.004796450993528194, 'lr_reduce': 0.6}",TPESampler,COMPLETE
19,0.011503621004521847,2025-04-24 20:59:52.535937,2025-04-24 21:02:04.222398,0 days 00:02:11.686461,0.15564245494527884,144,4,4,80,0.03964199571166,176,3,2,32,0.15935229066733503,48,4,3,80,0.036566491412488016,424,48.0,168.0,3,2,0.0072207491125975305,0.6,/work3/arnaou/checkpoints/groupgat_Vc_trial_19_best_state.pt,"{'learning_rate': 0.0072207491125975305, 'lr_reduce': 0.6}",TPESampler,COMPLETE
20,0.016866665333509445,2025-04-24 21:00:24.943240,2025-04-24 21:02:59.628220,0 days 00:02:34.684980,0.18360120040848005,160,4,4,48,0.07639985550580153,64,4,1,96,0.17704789924505246,128,2,2,48,0.2811719490965236,128,,,1,2,0.0012786993083269138,0.6,/work3/arnaou/checkpoints/groupgat_Vc_trial_20_best_state.pt,"{'learning_rate': 0.0012786993083269138, 'lr_reduce': 0.6}",TPESampler,COMPLETE
21,0.008342311717569828,2025-04-24 21:00:44.267923,2025-04-24 21:02:14.298044,0 days 00:01:30.030121,0.017065827519626948,208,3,3,64,0.1317590265953203,96,3,2,32,0.23833092371468603,96,1,3,80,0.26892388540611223,128,400.0,,2,2,0.003608769845140884,0.6,/work3/arnaou/checkpoints/groupgat_Vc_trial_21_best_state.pt,"{'learning_rate': 0.003608769845140884, 'lr_reduce': 0.6}",TPESampler,COMPLETE
22,0.03337555751204491,2025-04-24 21:02:04.433825,2025-04-24 21:02:57.240225,0 days 00:00:52.806400,0.005251799929075401,160,4,3,32,0.20022017772417133,96,4,2,80,0.2785484475326638,112,2,4,32,0.2628803556341251,56,416.0,48.0,3,2,0.008473546791407134,0.6,/work3/arnaou/checkpoints/groupgat_Vc_trial_22_best_state.pt,"{'learning_rate': 0.008473546791407134, 'lr_reduce': 0.6}",TPESampler,COMPLETE
23,0.011889148503541946,2025-04-24 21:02:14.456828,2025-04-24 21:04:08.037387,0 days 00:01:53.580559,0.07725527523626591,224,3,3,32,0.2286036747198134,128,3,2,32,0.26578454437544546,96,2,3,96,0.2688561002580681,240,,,1,1,0.0031268769645346325,0.6,/work3/arnaou/checkpoints/groupgat_Vc_trial_23_best_state.pt,"{'learning_rate': 0.0031268769645346325, 'lr_reduce': 0.6}",TPESampler,COMPLETE
24,0.12400909513235092,2025-04-24 21:02:57.484850,2025-04-24 21:04:22.366702,0 days 00:01:24.881852,0.07879406893226591,176,4,3,64,0.16666627638687934,64,3,3,32,0.1293167735387154,112,1,3,112,0.19783070737834857,72,400.0,,2,2,0.0011458617166068283,0.6,/work3/arnaou/checkpoints/groupgat_Vc_trial_24_best_state.pt,"{'learning_rate': 0.0011458617166068283, 'lr_reduce': 0.6}",TPESampler,COMPLETE
25,0.020082630217075348,2025-04-24 21:02:59.866505,2025-04-24 21:06:10.336071,0 days 00:03:10.469566,0.03258353955878138,208,4,2,32,0.21922051799368353,80,1,1,64,0.216722299209719,128,3,4,96,0.2934841698307577,144,432.0,,2,2,0.005311075405459789,0.6,/work3/arnaou/checkpoints/groupgat_Vc_trial_25_best_state.pt,"{'learning_rate': 0.005311075405459789, 'lr_reduce': 0.6}",TPESampler,COMPLETE
26,0.00995856337249279,2025-04-24 21:04:08.275358,2025-04-24 21:06:46.589224,0 days 00:02:38.313866,0.011528929776555258,192,3,3,64,0.03201886135523613,160,2,2,80,0.2802131311424271,96,3,4,80,0.2716193241451373,264,512.0,,2,2,0.0035990328500287425,0.6,/work3/arnaou/checkpoints/groupgat_Vc_trial_26_best_state.pt,"{'learning_rate': 0.0035990328500287425, 'lr_reduce': 0.6}",TPESampler,COMPLETE
27,0.013748248107731342,2025-04-24 21:04:22.562106,2025-04-24 21:06:12.158087,0 days 00:01:49.595981,0.0032075798388920673,224,2,3,80,0.14282237369995643,144,3,3,64,0.26045112209358384,64,1,3,128,0.27593053932786027,168,352.0,264.0,3,2,0.003955157285458219,0.6,/work3/arnaou/checkpoints/groupgat_Vc_trial_27_best_state.pt,"{'learning_rate': 0.003955157285458219, 'lr_reduce': 0.6}",TPESampler,COMPLETE
28,0.017354154959321022,2025-04-24 21:06:10.493252,2025-04-24 21:07:30.738006,0 days 00:01:20.244754,0.14119699115051632,128,3,3,80,0.24026292595966214,112,3,2,96,0.2331656071302261,112,2,4,112,0.24771408111069715,184,416.0,32.0,3,2,0.0038434331585523213,0.6,/work3/arnaou/checkpoints/groupgat_Vc_trial_28_best_state.pt,"{'learning_rate': 0.0038434331585523213, 'lr_reduce': 0.6}",TPESampler,COMPLETE
29,0.010988381691277027,2025-04-24 21:06:12.343773,2025-04-24 21:07:34.383651,0 days 00:01:22.039878,0.05590137482587275,256,3,3,32,0.14768021417568694,96,3,3,48,0.2006334040595564,96,2,4,64,0.21888179549817588,88,512.0,,2,2,0.004226750231800138,0.6,/work3/arnaou/checkpoints/groupgat_Vc_trial_29_best_state.pt,"{'learning_rate': 0.004226750231800138, 'lr_reduce': 0.6}",TPESampler,COMPLETE
30,0.018140483647584915,2025-04-24 21:06:46.764833,2025-04-24 21:08:29.043520,0 days 00:01:42.278687,0.07467865183885421,160,3,3,48,0.05103082292734111,144,1,2,112,0.2731188036472025,96,3,4,80,0.19333305622084096,344,336.0,,2,2,0.008161184259111201,0.6,/work3/arnaou/checkpoints/groupgat_Vc_trial_30_best_state.pt,"{'learning_rate': 0.008161184259111201, 'lr_reduce': 0.6}",TPESampler,COMPLETE
31,0.025992905721068382,2025-04-24 21:07:30.950387,2025-04-24 21:09:24.863909,0 days 00:01:53.913522,0.0843238118654932,240,4,4,64,0.10529106786764018,64,2,1,32,0.20122167080380932,80,1,3,80,0.23683278605113378,192,416.0,,2,2,0.007843873665587541,0.6,/work3/arnaou/checkpoints/groupgat_Vc_trial_31_best_state.pt,"{'learning_rate': 0.007843873665587541, 'lr_reduce': 0.6}",TPESampler,COMPLETE
32,0.01538759097456932,2025-04-24 21:07:34.863306,2025-04-24 21:09:02.344057,0 days 00:01:27.480751,0.023649214424116136,176,3,4,48,0.01961355211390481,224,3,2,64,0.2704557806154854,64,4,4,80,0.28703451828151166,368,416.0,,2,1,0.0031939854698371816,0.6,/work3/arnaou/checkpoints/groupgat_Vc_trial_32_best_state.pt,"{'learning_rate': 0.0031939854698371816, 'lr_reduce': 0.6}",TPESampler,COMPLETE
33,0.017201334238052368,2025-04-24 21:08:29.228262,2025-04-24 21:10:26.398033,0 days 00:01:57.169771,0.07215945820628802,224,2,2,32,0.08538887070870922,96,3,3,48,0.2457323041981591,80,3,4,80,0.12124890037826072,120,512.0,,2,2,0.004712912623401777,0.6,/work3/arnaou/checkpoints/groupgat_Vc_trial_33_best_state.pt,"{'learning_rate': 0.004712912623401777, 'lr_reduce': 0.6}",TPESampler,COMPLETE
34,0.013732043094933033,2025-04-24 21:09:02.648146,2025-04-24 21:11:09.940682,0 days 00:02:07.292536,0.13608981352623875,240,4,4,48,0.16095411545569277,96,4,4,48,0.21999091077181285,96,2,3,48,0.16042281788103785,200,496.0,,2,2,0.0035766789833716955,0.6,/work3/arnaou/checkpoints/groupgat_Vc_trial_34_best_state.pt,"{'learning_rate': 0.0035766789833716955, 'lr_reduce': 0.6}",TPESampler,COMPLETE
35,0.011271052062511444,2025-04-24 21:09:25.028828,2025-04-24 21:10:49.617545,0 days 00:01:24.588717,0.02164560278226839,176,2,3,80,0.012686440357498087,112,3,1,80,0.18797151319373215,80,4,4,64,0.2728081129016858,168,512.0,,2,2,0.0022626250742193705,0.6,/work3/arnaou/checkpoints/groupgat_Vc_trial_35_best_state.pt,"{'learning_rate': 0.0022626250742193705, 'lr_reduce': 0.6}",TPESampler,COMPLETE
36,0.01057655829936266,2025-04-24 21:10:26.608104,2025-04-24 21:11:23.905633,0 days 00:00:57.297529,0.08746530178300951,256,3,3,80,0.07613065313289762,208,2,2,48,0.18423051015044822,112,2,4,96,0.2968627051119628,248,512.0,,2,2,0.0015440377985697748,0.6,/work3/arnaou/checkpoints/groupgat_Vc_trial_36_best_state.pt,"{'learning_rate': 0.0015440377985697748, 'lr_reduce': 0.6}",TPESampler,COMPLETE
37,0.009313603863120079,2025-04-24 21:10:49.895224,2025-04-24 21:12:09.044982,0 days 00:01:19.149758,0.005046978142927627,128,3,3,64,0.15861855716958984,64,3,3,32,0.2479416556855781,112,2,2,64,0.24368720320339549,200,,,1,2,0.004349436673894386,0.6,/work3/arnaou/checkpoints/groupgat_Vc_trial_37_best_state.pt,"{'learning_rate': 0.004349436673894386, 'lr_reduce': 0.6}",TPESampler,COMPLETE
38,0.01021431665867567,2025-04-24 21:11:10.110348,2025-04-24 21:12:42.391004,0 days 00:01:32.280656,0.05594772005401263,160,3,2,64,0.01993168633163497,160,2,3,80,0.27973541654439443,112,4,3,80,0.2809642995493275,152,440.0,328.0,3,2,0.002394096417709157,0.6,/work3/arnaou/checkpoints/groupgat_Vc_trial_38_best_state.pt,"{'learning_rate': 0.002394096417709157, 'lr_reduce': 0.6}",TPESampler,COMPLETE
39,0.016453789547085762,2025-04-24 21:11:24.072808,2025-04-24 21:13:05.955581,0 days 00:01:41.882773,0.010007655510200816,256,3,4,80,0.08102980678713423,192,3,2,32,0.19065210260246762,112,1,4,112,0.2920005449058225,312,512.0,,2,2,0.001082544207719041,0.6,/work3/arnaou/checkpoints/groupgat_Vc_trial_39_best_state.pt,"{'learning_rate': 0.001082544207719041, 'lr_reduce': 0.6}",TPESampler,COMPLETE
40,0.013586870394647121,2025-04-24 21:12:09.404291,2025-04-24 21:13:51.748501,0 days 00:01:42.344210,0.08591821419920369,96,2,2,64,0.1947722493127092,64,2,4,32,0.219433432767851,128,2,2,64,0.23943800375327992,208,,,1,2,0.007492871386822675,0.6,/work3/arnaou/checkpoints/groupgat_Vc_trial_40_best_state.pt,"{'learning_rate': 0.007492871386822675, 'lr_reduce': 0.6}",TPESampler,COMPLETE
41,0.013566402718424797,2025-04-24 21:12:42.661296,2025-04-24 21:13:57.038976,0 days 00:01:14.377680,0.08479644206407047,160,2,2,96,0.05466970184866303,160,3,3,64,0.292051380025933,128,4,2,80,0.188217931391692,248,320.0,328.0,3,2,0.00641605340525092,0.6,/work3/arnaou/checkpoints/groupgat_Vc_trial_41_best_state.pt,"{'learning_rate': 0.00641605340525092, 'lr_reduce': 0.6}",TPESampler,COMPLETE
42,0.3356500566005707,2025-04-24 21:13:06.115949,2025-04-24 21:13:56.180298,0 days 00:00:50.064349,0.013266264739005412,96,3,4,48,0.1699718390593394,64,4,3,64,0.2924074133725102,112,1,1,80,0.27365498326041776,112,,,1,2,0.0016532624677716844,0.6,/work3/arnaou/checkpoints/groupgat_Vc_trial_42_best_state.pt,"{'learning_rate': 0.0016532624677716844, 'lr_reduce': 0.6}",TPESampler,COMPLETE
43,0.9600897431373596,2025-04-24 21:13:51.977337,2025-04-24 21:14:16.647568,0 days 00:00:24.670231,0.046787166113010065,224,3,3,80,0.02330290059080171,176,1,4,96,0.2557161688393978,80,3,3,96,0.2923464826858491,48,448.0,408.0,3,2,0.007036394182242617,0.6,/work3/arnaou/checkpoints/groupgat_Vc_trial_43_best_state.pt,"{'learning_rate': 0.007036394182242617, 'lr_reduce': 0.6}",TPESampler,COMPLETE
44,0.011573027819395065,2025-04-24 21:13:56.332324,2025-04-24 21:16:00.553811,0 days 00:02:04.221487,0.0888335555857877,128,3,3,32,0.011432128567015731,144,2,3,64,0.17637933441698628,112,3,1,48,0.24866453078150705,128,440.0,264.0,3,2,0.0012421360084798809,0.6,/work3/arnaou/checkpoints/groupgat_Vc_trial_44_best_state.pt,"{'learning_rate': 0.0012421360084798809, 'lr_reduce': 0.6}",TPESampler,COMPLETE
45,0.013292812742292881,2025-04-24 21:13:57.259648,2025-04-24 21:15:55.444280,0 days 00:01:58.184632,0.0869484311028316,256,2,2,112,0.07659878884412809,256,2,2,32,0.11195975349885019,112,3,4,96,0.2870013251873745,344,512.0,,2,2,0.0032748296824499125,0.6,/work3/arnaou/checkpoints/groupgat_Vc_trial_45_best_state.pt,"{'learning_rate': 0.0032748296824499125, 'lr_reduce': 0.6}",TPESampler,COMPLETE
46,0.018431391566991806,2025-04-24 21:14:16.845449,2025-04-24 21:16:37.835667,0 days 00:02:20.990218,0.17490571478010575,240,3,3,64,0.016386548829601978,192,2,2,48,0.11490337403975241,128,2,4,80,0.2878682951225747,200,,,1,2,0.00044427473863441956,0.6,/work3/arnaou/checkpoints/groupgat_Vc_trial_46_best_state.pt,"{'learning_rate': 0.00044427473863441956, 'lr_reduce': 0.6}",TPESampler,COMPLETE
47,0.011947453953325748,2025-04-24 21:15:55.708084,2025-04-24 21:17:19.540286,0 days 00:01:23.832202,0.003009041639194937,128,4,2,80,0.04495580850301353,176,2,2,96,0.24672274581416756,96,4,3,64,0.25369972820873027,72,440.0,512.0,3,2,0.0032153901309732876,0.6,/work3/arnaou/checkpoints/groupgat_Vc_trial_47_best_state.pt,"{'learning_rate': 0.0032153901309732876, 'lr_reduce': 0.6}",TPESampler,COMPLETE
48,0.02771240472793579,2025-04-24 21:16:00.713453,2025-04-24 21:17:34.347626,0 days 00:01:33.634173,0.011017298218102597,64,4,4,32,0.11690672271748603,96,3,4,32,0.1826873691838592,112,3,3,64,0.2809315643903557,336,,,1,2,0.009086685287997718,0.6,/work3/arnaou/checkpoints/groupgat_Vc_trial_48_best_state.pt,"{'learning_rate': 0.009086685287997718, 'lr_reduce': 0.6}",TPESampler,COMPLETE
49,0.017991608008742332,2025-04-24 21:16:38.059873,2025-04-24 21:19:38.988843,0 days 00:03:00.928970,0.1897433685081105,160,3,2,80,0.03678378772509816,128,2,3,64,0.2541104826428456,80,3,3,96,0.2619370298354309,216,440.0,,2,2,0.001090059891392508,0.6,/work3/arnaou/checkpoints/groupgat_Vc_trial_49_best_state.pt,"{'learning_rate': 0.001090059891392508, 'lr_reduce': 0.6}",TPESampler,COMPLETE
50,0.013244712725281715,2025-04-24 21:17:19.761492,2025-04-24 21:18:50.733268,0 days 00:01:30.971776,0.012366252041328104,96,3,3,96,0.09349841771754493,64,2,2,48,0.28228834738614783,112,2,2,80,0.21981701980947368,296,,,1,2,0.004873372712240671,0.6,/work3/arnaou/checkpoints/groupgat_Vc_trial_50_best_state.pt,"{'learning_rate': 0.004873372712240671, 'lr_reduce': 0.6}",TPESampler,COMPLETE
51,0.012388582341372967,2025-04-24 21:17:34.735336,2025-04-24 21:19:06.746088,0 days 00:01:32.010752,0.14050405962701096,256,2,3,64,0.12581945022332702,144,1,2,48,0.17645673912760504,112,3,3,112,0.2335408210090037,112,512.0,160.0,3,2,0.0015844629226561306,0.6,/work3/arnaou/checkpoints/groupgat_Vc_trial_51_best_state.pt,"{'learning_rate': 0.0015844629226561306, 'lr_reduce': 0.6}",TPESampler,COMPLETE
