number,value,datetime_start,datetime_complete,duration,params_L1_dropout,params_L1_hidden_dim,params_L1_layers_atom,params_L1_layers_mol,params_L1_out_dim,params_L2_dropout,params_L2_hidden_dim,params_L2_layers_atom,params_L2_layers_mol,params_L2_out_dim,params_L3_dropout,params_L3_hidden_dim,params_L3_layers_atom,params_L3_layers_mol,params_L3_out_dim,params_final_dropout,params_mlp_dim_0,params_mlp_dim_1,params_mlp_dim_2,params_n_mlp_layers,params_num_heads,params_train_learning_rate,params_train_lr_reduce,user_attrs_best_state_dict_path,user_attrs_training_params,system_attrs_auto:sampler,state
1011,0.01574213244020939,2025-04-25 21:04:54.097878,2025-04-25 21:06:45.552198,0 days 00:01:51.454320,0.041345276409976955,256,2,3,32,0.15349860019984626,80,4,1,48,0.2590753837017159,48,1,4,96,0.09620858976172002,72,472.0,,2,2,0.00878591628029956,0.6,/work3/arnaou/checkpoints/groupgat_Vc_trial_1011_best_state.pt,"{'learning_rate': 0.00878591628029956, 'lr_reduce': 0.6}",TPESampler,COMPLETE
1012,0.020298756659030914,2025-04-25 21:05:12.699688,2025-04-25 21:06:55.495630,0 days 00:01:42.795942,0.0972013410051224,176,4,2,96,0.02735247410735702,144,3,2,32,0.2680053952510025,96,2,2,128,0.051770508252002426,48,512.0,424.0,3,2,0.00733774925162568,0.6,/work3/arnaou/checkpoints/groupgat_Vc_trial_1012_best_state.pt,"{'learning_rate': 0.00733774925162568, 'lr_reduce': 0.6}",TPESampler,COMPLETE
1013,0.06879010051488876,2025-04-25 21:05:45.701555,2025-04-25 21:06:37.527963,0 days 00:00:51.826408,0.023846042797215194,144,3,2,96,0.0567148392362379,64,4,2,80,0.10883707561939121,48,1,4,112,0.216569582770287,168,344.0,,2,2,0.0019011461122138325,0.6,/work3/arnaou/checkpoints/groupgat_Vc_trial_1013_best_state.pt,"{'learning_rate': 0.0019011461122138325, 'lr_reduce': 0.6}",TPESampler,COMPLETE
1014,0.01534387469291687,2025-04-25 21:06:37.786544,2025-04-25 21:07:40.476878,0 days 00:01:02.690334,0.011134803889412893,240,4,2,48,0.010427404985418678,160,2,2,32,0.13120391728167546,48,2,1,96,0.25758744808262757,344,64.0,128.0,3,1,0.005301242633681875,0.6,/work3/arnaou/checkpoints/groupgat_Vc_trial_1014_best_state.pt,"{'learning_rate': 0.005301242633681875, 'lr_reduce': 0.6}",TPESampler,COMPLETE
1015,0.013109886087477207,2025-04-25 21:06:45.811551,2025-04-25 21:07:40.783472,0 days 00:00:54.971921,0.03381982705643419,256,2,3,80,0.09385124748538176,144,3,1,64,0.2962140610664205,48,1,2,128,0.28788859648907494,144,408.0,256.0,3,2,0.004843245439624617,0.6,/work3/arnaou/checkpoints/groupgat_Vc_trial_1015_best_state.pt,"{'learning_rate': 0.004843245439624617, 'lr_reduce': 0.6}",TPESampler,COMPLETE
1016,0.010802793316543102,2025-04-25 21:06:55.845832,2025-04-25 21:08:24.553968,0 days 00:01:28.708136,0.1493407691393204,208,1,2,48,0.055311220906681,160,2,1,48,0.27468710281987474,80,4,4,80,0.18320397620467932,192,440.0,336.0,3,2,0.004640850614619313,0.6,/work3/arnaou/checkpoints/groupgat_Vc_trial_1016_best_state.pt,"{'learning_rate': 0.004640850614619313, 'lr_reduce': 0.6}",TPESampler,COMPLETE
1017,0.011793079786002636,2025-04-25 21:07:40.736227,2025-04-25 21:08:38.903833,0 days 00:00:58.167606,0.26989570288050724,256,1,4,64,0.008397175008557661,176,2,1,80,0.1684025838891684,32,2,2,128,0.10486423918463031,88,,,1,1,0.002211630040557417,0.6,/work3/arnaou/checkpoints/groupgat_Vc_trial_1017_best_state.pt,"{'learning_rate': 0.002211630040557417, 'lr_reduce': 0.6}",TPESampler,COMPLETE
1018,0.02264721319079399,2025-04-25 21:07:40.980627,2025-04-25 21:08:32.648896,0 days 00:00:51.668269,0.07449585712102802,256,4,2,32,0.03946165320485686,80,3,1,48,0.09686137574844693,80,1,2,96,0.0584292990600542,72,512.0,384.0,3,2,0.0019575322009049143,0.6,/work3/arnaou/checkpoints/groupgat_Vc_trial_1018_best_state.pt,"{'learning_rate': 0.0019575322009049143, 'lr_reduce': 0.6}",TPESampler,COMPLETE
1019,0.0154388677328825,2025-04-25 21:08:24.855919,2025-04-25 21:09:14.681290,0 days 00:00:49.825371,0.0616055257928914,256,4,4,64,0.02840011934053084,176,3,1,32,0.2909687441791713,80,4,4,128,0.12385366258453746,256,448.0,256.0,3,2,0.0017399622333889042,0.6,/work3/arnaou/checkpoints/groupgat_Vc_trial_1019_best_state.pt,"{'learning_rate': 0.0017399622333889042, 'lr_reduce': 0.6}",TPESampler,COMPLETE
1020,0.015533199533820152,2025-04-25 21:08:32.909174,2025-04-25 21:09:57.002321,0 days 00:01:24.093147,0.012275343088204892,208,4,3,64,0.15600024400312593,96,4,2,32,0.18498024154132311,32,1,2,96,0.2542355534815974,272,392.0,304.0,3,2,0.004142245826720283,0.6,/work3/arnaou/checkpoints/groupgat_Vc_trial_1020_best_state.pt,"{'learning_rate': 0.004142245826720283, 'lr_reduce': 0.6}",TPESampler,COMPLETE
1021,0.018037432804703712,2025-04-25 21:08:39.084373,2025-04-25 21:09:17.164268,0 days 00:00:38.079895,0.04696394393510804,256,3,2,48,0.1297372421683624,144,4,2,32,0.2678398847975208,64,3,3,128,0.19578155770686612,104,472.0,232.0,3,1,0.002642718988847763,0.6,/work3/arnaou/checkpoints/groupgat_Vc_trial_1021_best_state.pt,"{'learning_rate': 0.002642718988847763, 'lr_reduce': 0.6}",TPESampler,COMPLETE
1022,0.014587056823074818,2025-04-25 21:09:14.937108,2025-04-25 21:10:11.651139,0 days 00:00:56.714031,0.10245778645548251,256,3,3,64,0.10155507917002764,256,1,3,48,0.11088378340798152,32,2,1,80,0.19151937274378472,264,432.0,360.0,3,1,0.0034130472634519215,0.6,/work3/arnaou/checkpoints/groupgat_Vc_trial_1022_best_state.pt,"{'learning_rate': 0.0034130472634519215, 'lr_reduce': 0.6}",TPESampler,COMPLETE
1023,0.011064939200878143,2025-04-25 21:09:17.400124,2025-04-25 21:10:01.549960,0 days 00:00:44.149836,0.038126797704300705,256,4,3,32,0.05429042341325921,224,2,2,32,0.2184834677446627,64,3,2,96,0.2599458358447414,272,352.0,152.0,3,1,0.002155707763130133,0.6,/work3/arnaou/checkpoints/groupgat_Vc_trial_1023_best_state.pt,"{'learning_rate': 0.002155707763130133, 'lr_reduce': 0.6}",TPESampler,COMPLETE
1024,0.015650225803256035,2025-04-25 21:09:57.252516,2025-04-25 21:11:19.137713,0 days 00:01:21.885197,0.11366741642869962,256,4,1,32,0.06964213824324891,112,4,1,32,0.13533442808533727,112,2,2,128,0.056643644305191115,72,472.0,312.0,3,2,0.004698364892205216,0.6,/work3/arnaou/checkpoints/groupgat_Vc_trial_1024_best_state.pt,"{'learning_rate': 0.004698364892205216, 'lr_reduce': 0.6}",TPESampler,COMPLETE
1025,0.017622509971261024,2025-04-25 21:10:01.782339,2025-04-25 21:11:06.843096,0 days 00:01:05.060757,0.009306167294949517,112,3,1,48,0.05873543910274398,144,4,2,112,0.17435334121344262,32,2,4,96,0.17454218404571417,40,,,1,1,0.009411241223697785,0.6,/work3/arnaou/checkpoints/groupgat_Vc_trial_1025_best_state.pt,"{'learning_rate': 0.009411241223697785, 'lr_reduce': 0.6}",TPESampler,COMPLETE
1026,0.01356533169746399,2025-04-25 21:10:12.120439,2025-04-25 21:11:43.331255,0 days 00:01:31.210816,0.06394232936579522,256,3,3,48,0.09482685765329647,144,2,2,32,0.2315926706286899,48,1,2,80,0.29681047943283567,152,408.0,72.0,3,1,0.005341756269453799,0.6,/work3/arnaou/checkpoints/groupgat_Vc_trial_1026_best_state.pt,"{'learning_rate': 0.005341756269453799, 'lr_reduce': 0.6}",TPESampler,COMPLETE
1027,0.010452911257743835,2025-04-25 21:11:07.120174,2025-04-25 21:12:15.666797,0 days 00:01:08.546623,0.011974531516278914,208,4,2,112,0.009815012276601018,160,4,2,32,0.27288083377801775,32,2,2,128,0.09388541911230433,144,512.0,248.0,3,2,0.0018939459827238183,0.6,/work3/arnaou/checkpoints/groupgat_Vc_trial_1027_best_state.pt,"{'learning_rate': 0.0018939459827238183, 'lr_reduce': 0.6}",TPESampler,COMPLETE
1028,0.009131921455264091,2025-04-25 21:11:19.370660,2025-04-25 21:12:36.284174,0 days 00:01:16.913514,0.1115434565462847,160,4,3,48,0.11269003521582241,128,4,1,80,0.25970228496611575,32,3,4,96,0.23728678928465952,104,432.0,,2,2,0.005435916992296671,0.6,/work3/arnaou/checkpoints/groupgat_Vc_trial_1028_best_state.pt,"{'learning_rate': 0.005435916992296671, 'lr_reduce': 0.6}",TPESampler,COMPLETE
1029,0.013393614441156387,2025-04-25 21:11:43.613663,2025-04-25 21:12:36.557173,0 days 00:00:52.943510,0.004742143849595407,144,3,2,64,0.20844859184082748,64,3,3,48,0.24562118737522587,128,2,1,64,0.2056713123733608,112,,,1,2,0.0015537810635399922,0.6,/work3/arnaou/checkpoints/groupgat_Vc_trial_1029_best_state.pt,"{'learning_rate': 0.0015537810635399922, 'lr_reduce': 0.6}",TPESampler,COMPLETE
1030,0.017725875601172447,2025-04-25 21:12:15.924954,2025-04-25 21:13:38.852740,0 days 00:01:22.927786,0.06892549054749987,208,4,3,80,0.12561006744398265,112,4,1,32,0.29349539279204073,48,1,2,48,0.2576637195997468,224,472.0,432.0,3,2,0.007529261466447575,0.6,/work3/arnaou/checkpoints/groupgat_Vc_trial_1030_best_state.pt,"{'learning_rate': 0.007529261466447575, 'lr_reduce': 0.6}",TPESampler,COMPLETE
1031,0.011820427142083645,2025-04-25 21:12:36.522814,2025-04-25 21:14:06.991021,0 days 00:01:30.468207,0.11323199973057009,144,4,4,64,0.16520295857327844,128,4,1,80,0.2929011298228609,64,4,4,112,0.17998634070846387,152,408.0,,2,2,0.006802016155231608,0.6,/work3/arnaou/checkpoints/groupgat_Vc_trial_1031_best_state.pt,"{'learning_rate': 0.006802016155231608, 'lr_reduce': 0.6}",TPESampler,COMPLETE
1032,0.013197634369134903,2025-04-25 21:12:36.832129,2025-04-25 21:14:16.921313,0 days 00:01:40.089184,0.11139093001639457,144,4,3,48,0.09950447922647196,64,4,1,80,0.17791947117304516,32,4,4,80,0.27239091085972034,192,432.0,,2,2,0.003202559297955467,0.6,/work3/arnaou/checkpoints/groupgat_Vc_trial_1032_best_state.pt,"{'learning_rate': 0.003202559297955467, 'lr_reduce': 0.6}",TPESampler,COMPLETE
1033,0.03339151293039322,2025-04-25 21:13:39.051577,2025-04-25 21:14:20.260364,0 days 00:00:41.208787,0.0007078424471292036,112,3,3,80,0.027638062515778362,112,3,1,64,0.2300705956235396,48,1,4,112,0.1574113420042459,72,400.0,,2,2,0.0076111212253178245,0.6,/work3/arnaou/checkpoints/groupgat_Vc_trial_1033_best_state.pt,"{'learning_rate': 0.0076111212253178245, 'lr_reduce': 0.6}",TPESampler,COMPLETE
1034,0.011712978594005108,2025-04-25 21:14:07.344863,2025-04-25 21:15:52.817022,0 days 00:01:45.472159,0.1856946714498458,144,4,2,48,0.11773258994385737,64,3,1,80,0.2793128198880138,64,3,4,112,0.1955448987281673,96,440.0,,2,2,0.007769682268283349,0.6,/work3/arnaou/checkpoints/groupgat_Vc_trial_1034_best_state.pt,"{'learning_rate': 0.007769682268283349, 'lr_reduce': 0.6}",TPESampler,COMPLETE
1035,0.01862548105418682,2025-04-25 21:14:17.176112,2025-04-25 21:15:39.214317,0 days 00:01:22.038205,0.09048674056685885,112,3,3,64,0.07089815069448274,128,4,3,96,0.09946367471846895,48,2,4,112,0.07557843139796057,40,432.0,312.0,3,2,0.009861960699664636,0.6,/work3/arnaou/checkpoints/groupgat_Vc_trial_1035_best_state.pt,"{'learning_rate': 0.009861960699664636, 'lr_reduce': 0.6}",TPESampler,COMPLETE
1036,0.00907958298921585,2025-04-25 21:14:20.496223,2025-04-25 21:15:22.015359,0 days 00:01:01.519136,0.0156134426038821,144,4,2,112,0.05381010888124943,160,3,1,64,0.19830534172356604,80,2,3,128,0.10119391278417544,80,384.0,376.0,3,2,0.006647667600710101,0.6,/work3/arnaou/checkpoints/groupgat_Vc_trial_1036_best_state.pt,"{'learning_rate': 0.006647667600710101, 'lr_reduce': 0.6}",TPESampler,COMPLETE
1037,0.01233444269746542,2025-04-25 21:15:22.265824,2025-04-25 21:17:04.407764,0 days 00:01:42.141940,0.09119985626456092,192,3,4,64,0.2205758201359444,128,4,1,96,0.19679120996838256,32,2,4,128,0.2455557657209228,96,360.0,,2,2,0.0022521613642072923,0.6,/work3/arnaou/checkpoints/groupgat_Vc_trial_1037_best_state.pt,"{'learning_rate': 0.0022521613642072923, 'lr_reduce': 0.6}",TPESampler,COMPLETE
1038,0.022374209016561508,2025-04-25 21:15:39.495003,2025-04-25 21:16:56.616806,0 days 00:01:17.121803,0.1460772435963258,208,4,3,32,0.061203499189563075,128,3,1,80,0.23242618805001342,48,4,4,96,0.2463374158178152,120,336.0,408.0,3,2,0.007801035113772917,0.6,/work3/arnaou/checkpoints/groupgat_Vc_trial_1038_best_state.pt,"{'learning_rate': 0.007801035113772917, 'lr_reduce': 0.6}",TPESampler,COMPLETE
1039,0.01318705640733242,2025-04-25 21:15:53.136720,2025-04-25 21:17:15.641427,0 days 00:01:22.504707,0.11587351106395394,208,4,3,32,0.0822027844198708,128,4,1,80,0.26954815757668926,32,3,3,64,0.17687742916692653,128,360.0,,2,2,0.004563149464137684,0.6,/work3/arnaou/checkpoints/groupgat_Vc_trial_1039_best_state.pt,"{'learning_rate': 0.004563149464137684, 'lr_reduce': 0.6}",TPESampler,COMPLETE
1040,0.01753491535782814,2025-04-25 21:16:57.353493,2025-04-25 21:19:05.959699,0 days 00:02:08.606206,0.08053020104501872,176,4,3,32,0.11521669643793016,160,4,1,112,0.18087946335388005,48,2,4,96,0.20275534643141913,160,384.0,,2,2,0.00621057000862873,0.6,/work3/arnaou/checkpoints/groupgat_Vc_trial_1040_best_state.pt,"{'learning_rate': 0.00621057000862873, 'lr_reduce': 0.6}",TPESampler,COMPLETE
1041,0.013011755421757698,2025-04-25 21:17:04.638647,2025-04-25 21:18:12.318835,0 days 00:01:07.680188,0.06362193238347916,192,4,3,64,0.1682498593873623,240,2,4,32,0.09604276464502501,64,4,1,96,0.2588192680934239,200,352.0,392.0,3,1,0.004345100271026781,0.6,/work3/arnaou/checkpoints/groupgat_Vc_trial_1041_best_state.pt,"{'learning_rate': 0.004345100271026781, 'lr_reduce': 0.6}",TPESampler,COMPLETE
1042,0.00864635780453682,2025-04-25 21:17:15.988567,2025-04-25 21:19:04.312385,0 days 00:01:48.323818,0.017558607808637338,256,4,4,64,0.0938965219050448,256,2,2,32,0.09735017944067868,32,3,3,96,0.28331580615090773,136,384.0,,2,2,0.0036933339374699806,0.6,/work3/arnaou/checkpoints/groupgat_Vc_trial_1042_best_state.pt,"{'learning_rate': 0.0036933339374699806, 'lr_reduce': 0.6}",TPESampler,COMPLETE
1043,0.011147972196340561,2025-04-25 21:18:12.575645,2025-04-25 21:19:36.891675,0 days 00:01:24.316030,0.008092709587807148,208,1,2,32,0.08295851673769286,96,3,2,32,0.03241824576131548,112,1,1,128,0.07489401716536234,168,400.0,,2,2,0.00919839462078144,0.6,/work3/arnaou/checkpoints/groupgat_Vc_trial_1043_best_state.pt,"{'learning_rate': 0.00919839462078144, 'lr_reduce': 0.6}",TPESampler,COMPLETE
1044,0.011526314541697502,2025-04-25 21:19:04.603796,2025-04-25 21:19:54.724384,0 days 00:00:50.120588,0.03349542625939538,192,3,4,80,0.08779833449083099,256,2,2,48,0.04204975660228775,64,3,3,80,0.2474188339257714,88,360.0,,2,2,0.0016750625283653002,0.6,/work3/arnaou/checkpoints/groupgat_Vc_trial_1044_best_state.pt,"{'learning_rate': 0.0016750625283653002, 'lr_reduce': 0.6}",TPESampler,COMPLETE
1045,0.016534000635147095,2025-04-25 21:19:06.280830,2025-04-25 21:20:17.634275,0 days 00:01:11.353445,0.014348347831709107,160,4,1,112,0.026574480429127544,128,3,1,48,0.26423514293354344,80,2,4,128,0.19120697004124207,192,352.0,464.0,3,2,0.00654412728947951,0.6,/work3/arnaou/checkpoints/groupgat_Vc_trial_1045_best_state.pt,"{'learning_rate': 0.00654412728947951, 'lr_reduce': 0.6}",TPESampler,COMPLETE
1046,0.015015633776783943,2025-04-25 21:19:37.137679,2025-04-25 21:20:29.996118,0 days 00:00:52.858439,0.00029699488785034714,112,4,2,64,0.14158337319020275,144,3,3,96,0.16818335983779792,32,1,4,80,0.29107850902460797,128,336.0,,2,2,0.003279996761950891,0.6,/work3/arnaou/checkpoints/groupgat_Vc_trial_1046_best_state.pt,"{'learning_rate': 0.003279996761950891, 'lr_reduce': 0.6}",TPESampler,COMPLETE
1047,0.01239257026463747,2025-04-25 21:19:54.981814,2025-04-25 21:21:45.786449,0 days 00:01:50.804635,0.041725479490084205,224,4,4,96,0.1470523344114016,240,1,2,32,0.034439327145130885,64,4,2,96,0.2776739650872196,128,376.0,416.0,3,2,0.00710563047755486,0.6,/work3/arnaou/checkpoints/groupgat_Vc_trial_1047_best_state.pt,"{'learning_rate': 0.00710563047755486, 'lr_reduce': 0.6}",TPESampler,COMPLETE
1048,1.2238013744354248,2025-04-25 21:20:17.881469,2025-04-25 21:20:37.860415,0 days 00:00:19.978946,0.09519966002664233,192,4,3,48,0.13474296750608317,224,2,1,48,0.01261292006296233,48,3,2,112,0.27794628704478935,312,,,1,2,0.004177912063169739,0.6,/work3/arnaou/checkpoints/groupgat_Vc_trial_1048_best_state.pt,"{'learning_rate': 0.004177912063169739, 'lr_reduce': 0.6}",TPESampler,COMPLETE
1049,0.010504083707928658,2025-04-25 21:20:30.380625,2025-04-25 21:21:33.572917,0 days 00:01:03.192292,0.04284636331782913,160,3,1,112,0.11382136358981026,160,3,2,80,0.21369614580666765,80,3,3,128,0.16187251986101853,104,368.0,416.0,3,2,0.0024276505611245808,0.6,/work3/arnaou/checkpoints/groupgat_Vc_trial_1049_best_state.pt,"{'learning_rate': 0.0024276505611245808, 'lr_reduce': 0.6}",TPESampler,COMPLETE
1050,0.012169582769274712,2025-04-25 21:20:38.432647,2025-04-25 21:22:08.839241,0 days 00:01:30.406594,0.05850068930853253,224,4,4,64,0.09395441304602334,240,3,1,48,0.09277470113186548,48,4,3,80,0.28066179698668303,216,392.0,,2,2,0.006258306498081096,0.6,/work3/arnaou/checkpoints/groupgat_Vc_trial_1050_best_state.pt,"{'learning_rate': 0.006258306498081096, 'lr_reduce': 0.6}",TPESampler,COMPLETE
1051,0.014142041094601154,2025-04-25 21:21:33.786644,2025-04-25 21:22:39.117197,0 days 00:01:05.330553,0.005192106496564784,64,4,1,32,0.020460538887750665,128,4,1,96,0.055688942089108066,80,1,3,112,0.037779173111316094,112,384.0,400.0,3,2,0.0021071009659660938,0.6,/work3/arnaou/checkpoints/groupgat_Vc_trial_1051_best_state.pt,"{'learning_rate': 0.0021071009659660938, 'lr_reduce': 0.6}",TPESampler,COMPLETE
1052,0.013031785376369953,2025-04-25 21:21:45.992317,2025-04-25 21:24:19.375091,0 days 00:02:33.382774,0.0028236973612964927,192,4,4,64,0.08902408113454562,240,2,1,32,0.14132626592271427,32,4,3,128,0.2519282508707943,160,384.0,,2,2,0.000743517846131984,0.6,/work3/arnaou/checkpoints/groupgat_Vc_trial_1052_best_state.pt,"{'learning_rate': 0.000743517846131984, 'lr_reduce': 0.6}",TPESampler,COMPLETE
1053,0.02110271155834198,2025-04-25 21:22:09.097045,2025-04-25 21:23:27.291021,0 days 00:01:18.193976,0.1085972106524642,240,4,2,64,0.1053855789338676,208,2,3,64,0.09750801723423665,32,3,2,96,0.2968690956938058,192,344.0,376.0,3,1,0.005545035887029285,0.6,/work3/arnaou/checkpoints/groupgat_Vc_trial_1053_best_state.pt,"{'learning_rate': 0.005545035887029285, 'lr_reduce': 0.6}",TPESampler,COMPLETE
1054,0.012884866446256638,2025-04-25 21:22:39.403649,2025-04-25 21:24:09.705520,0 days 00:01:30.301871,0.1364118306847602,240,3,3,80,0.06401101986779459,144,4,1,96,0.2731173051046267,32,3,4,112,0.2974519696328984,112,392.0,,2,2,0.005008221092429481,0.6,/work3/arnaou/checkpoints/groupgat_Vc_trial_1054_best_state.pt,"{'learning_rate': 0.005008221092429481, 'lr_reduce': 0.6}",TPESampler,COMPLETE
1055,0.02977263554930687,2025-04-25 21:23:27.530391,2025-04-25 21:25:51.472722,0 days 00:02:23.942331,0.034488323709973734,256,4,4,64,0.062211378973045725,224,2,2,32,0.2137536411753474,48,2,2,80,0.21440783015519163,224,400.0,32.0,3,1,0.008366267591412072,0.6,/work3/arnaou/checkpoints/groupgat_Vc_trial_1055_best_state.pt,"{'learning_rate': 0.008366267591412072, 'lr_reduce': 0.6}",TPESampler,COMPLETE
1056,0.014438081532716751,2025-04-25 21:24:10.020259,2025-04-25 21:25:05.218456,0 days 00:00:55.198197,0.004728818458044815,224,4,3,64,0.10803550001153346,240,2,3,32,0.09432406356774627,32,3,2,112,0.16690856477894228,136,336.0,368.0,3,2,0.001873842582984972,0.6,/work3/arnaou/checkpoints/groupgat_Vc_trial_1056_best_state.pt,"{'learning_rate': 0.001873842582984972, 'lr_reduce': 0.6}",TPESampler,COMPLETE
1057,0.043677907437086105,2025-04-25 21:24:19.716099,2025-04-25 21:25:07.190075,0 days 00:00:47.473976,0.009420845291034659,256,3,4,80,0.11073972885512776,96,3,1,48,0.2717443490175583,80,1,4,80,0.19819503800782148,328,400.0,,2,2,0.0009577593327055329,0.6,/work3/arnaou/checkpoints/groupgat_Vc_trial_1057_best_state.pt,"{'learning_rate': 0.0009577593327055329, 'lr_reduce': 0.6}",TPESampler,COMPLETE
1058,0.021406667307019234,2025-04-25 21:25:05.436126,2025-04-25 21:26:47.057247,0 days 00:01:41.621121,0.028612156141386763,256,3,3,80,0.03369839267416885,256,3,1,32,0.06182293619376382,32,3,4,112,0.2592488510979984,224,400.0,,2,2,0.005306538145135389,0.6,/work3/arnaou/checkpoints/groupgat_Vc_trial_1058_best_state.pt,"{'learning_rate': 0.005306538145135389, 'lr_reduce': 0.6}",TPESampler,COMPLETE
1059,0.1419999599456787,2025-04-25 21:25:07.453202,2025-04-25 21:25:38.227758,0 days 00:00:30.774556,0.07167687745429349,64,2,3,48,0.007833387102160708,96,4,2,80,0.15005634015026084,32,2,3,96,0.1728362627390698,48,400.0,,2,1,0.0039503894696718694,0.6,/work3/arnaou/checkpoints/groupgat_Vc_trial_1059_best_state.pt,"{'learning_rate': 0.0039503894696718694, 'lr_reduce': 0.6}",TPESampler,COMPLETE
1060,0.013669122010469437,2025-04-25 21:25:38.513972,2025-04-25 21:26:57.912188,0 days 00:01:19.398216,0.05301343632269205,144,4,3,128,0.06705192494595058,176,3,1,64,0.22401010243715558,112,3,2,128,0.0870586399187998,104,416.0,,2,2,0.0062613819088258235,0.6,/work3/arnaou/checkpoints/groupgat_Vc_trial_1060_best_state.pt,"{'learning_rate': 0.0062613819088258235, 'lr_reduce': 0.6}",TPESampler,COMPLETE
1061,0.010457872413098812,2025-04-25 21:25:51.762385,2025-04-25 21:26:41.897752,0 days 00:00:50.135367,0.0561498347713409,240,4,3,80,0.2161971042562281,80,4,1,32,0.2973556750431891,64,1,4,112,0.09079462433572233,56,344.0,,2,2,0.003184813460452817,0.6,/work3/arnaou/checkpoints/groupgat_Vc_trial_1061_best_state.pt,"{'learning_rate': 0.003184813460452817, 'lr_reduce': 0.6}",TPESampler,COMPLETE
1062,0.018106216564774513,2025-04-25 21:26:42.160184,2025-04-25 21:28:09.960883,0 days 00:01:27.800699,0.14204066274259142,256,1,2,32,0.0008238750260262421,96,3,2,32,0.27223301772792446,32,4,3,128,0.17010824321814738,312,416.0,368.0,3,2,0.00920050508896522,0.6,/work3/arnaou/checkpoints/groupgat_Vc_trial_1062_best_state.pt,"{'learning_rate': 0.00920050508896522, 'lr_reduce': 0.6}",TPESampler,COMPLETE
1063,0.01300079096108675,2025-04-25 21:26:47.308444,2025-04-25 21:28:22.026825,0 days 00:01:34.718381,0.1074995864916019,128,4,3,48,0.13232877228505066,176,4,1,32,0.2503861397214583,32,3,4,96,0.254306963923451,136,,,1,2,0.006150768303494819,0.6,/work3/arnaou/checkpoints/groupgat_Vc_trial_1063_best_state.pt,"{'learning_rate': 0.006150768303494819, 'lr_reduce': 0.6}",TPESampler,COMPLETE
