number,value,datetime_start,datetime_complete,duration,params_L1_dropout,params_L1_hidden_dim,params_L1_layers_atom,params_L1_layers_mol,params_L1_out_dim,params_L2_dropout,params_L2_hidden_dim,params_L2_layers_atom,params_L2_layers_mol,params_L2_out_dim,params_L3_dropout,params_L3_hidden_dim,params_L3_layers_atom,params_L3_layers_mol,params_L3_out_dim,params_final_dropout,params_mlp_dim_0,params_mlp_dim_1,params_mlp_dim_2,params_n_mlp_layers,params_num_heads,params_train_learning_rate,params_train_lr_reduce,user_attrs_best_state_dict_path,user_attrs_training_params,system_attrs_auto:sampler,state
640,0.04822356998920441,2025-04-25 18:37:28.185583,2025-04-25 18:38:34.684889,0 days 00:01:06.499306,0.030476822539653836,192,3,3,64,0.007808809856649669,160,2,3,64,0.2717283854916813,64,3,3,96,0.14657727651391933,360,192.0,,2,2,0.009988748362128258,0.6,/work3/arnaou/checkpoints/groupgat_Vc_trial_640_best_state.pt,"{'learning_rate': 0.009988748362128258, 'lr_reduce': 0.6}",TPESampler,COMPLETE
641,0.011229018680751324,2025-04-25 18:37:51.790008,2025-04-25 18:39:55.571133,0 days 00:02:03.781125,0.12273294997600312,176,3,3,32,0.15083027475692373,80,4,1,32,0.10057516705889645,48,2,2,32,0.2790647960877519,264,288.0,280.0,3,2,0.001887238516708911,0.6,/work3/arnaou/checkpoints/groupgat_Vc_trial_641_best_state.pt,"{'learning_rate': 0.001887238516708911, 'lr_reduce': 0.6}",TPESampler,COMPLETE
642,0.010877787135541439,2025-04-25 18:38:10.573188,2025-04-25 18:39:19.185860,0 days 00:01:08.612672,0.01721895986368549,176,4,2,112,0.006926849268428785,96,4,2,32,0.24618562283372394,96,1,2,112,0.13940957168897145,248,280.0,328.0,3,2,0.008296789941277215,0.6,/work3/arnaou/checkpoints/groupgat_Vc_trial_642_best_state.pt,"{'learning_rate': 0.008296789941277215, 'lr_reduce': 0.6}",TPESampler,COMPLETE
643,0.0126300398260355,2025-04-25 18:38:35.185206,2025-04-25 18:39:38.375490,0 days 00:01:03.190284,0.159650726352879,192,3,3,48,0.24371340815909492,176,4,3,128,0.24861683405793145,128,2,2,80,0.17167333484344216,136,,,1,2,0.002107445965632606,0.6,/work3/arnaou/checkpoints/groupgat_Vc_trial_643_best_state.pt,"{'learning_rate': 0.002107445965632606, 'lr_reduce': 0.6}",TPESampler,COMPLETE
644,0.011770469136536121,2025-04-25 18:39:19.680269,2025-04-25 18:40:14.447862,0 days 00:00:54.767593,0.018346391820632614,144,4,2,64,0.11887474736975767,96,4,1,48,0.27118664650006624,80,1,1,128,0.0786734657626329,56,248.0,264.0,3,2,0.004934681135113175,0.6,/work3/arnaou/checkpoints/groupgat_Vc_trial_644_best_state.pt,"{'learning_rate': 0.004934681135113175, 'lr_reduce': 0.6}",TPESampler,COMPLETE
645,0.011155839078128338,2025-04-25 18:39:38.569367,2025-04-25 18:40:54.163292,0 days 00:01:15.593925,0.010090715427016249,128,2,4,64,0.05722500485101614,176,1,2,32,0.2317018174224253,64,1,3,48,0.19669740205688088,136,320.0,,2,2,0.004251069793368591,0.6,/work3/arnaou/checkpoints/groupgat_Vc_trial_645_best_state.pt,"{'learning_rate': 0.004251069793368591, 'lr_reduce': 0.6}",TPESampler,COMPLETE
646,0.012871298007667065,2025-04-25 18:39:55.861035,2025-04-25 18:41:15.472185,0 days 00:01:19.611150,0.12472396533754371,224,1,3,32,0.024265433596114064,176,2,2,80,0.2566666961986559,80,4,4,112,0.23771706108845353,304,216.0,344.0,3,2,0.006923298287122889,0.6,/work3/arnaou/checkpoints/groupgat_Vc_trial_646_best_state.pt,"{'learning_rate': 0.006923298287122889, 'lr_reduce': 0.6}",TPESampler,COMPLETE
647,0.012752937152981758,2025-04-25 18:40:14.915704,2025-04-25 18:43:23.349452,0 days 00:03:08.433748,0.016921922131932936,112,4,2,64,0.027013961791658443,192,4,2,80,0.2517975649551905,32,1,3,64,0.18120433174711095,64,,,1,2,0.0016493156365438126,0.6,/work3/arnaou/checkpoints/groupgat_Vc_trial_647_best_state.pt,"{'learning_rate': 0.0016493156365438126, 'lr_reduce': 0.6}",TPESampler,COMPLETE
648,0.011814974248409271,2025-04-25 18:40:54.629765,2025-04-25 18:41:36.131459,0 days 00:00:41.501694,0.06398676153505392,176,3,2,64,0.186028677445276,128,3,1,64,0.12209021154481486,32,1,2,48,0.1975527878830263,368,312.0,304.0,3,1,0.00245660028309964,0.6,/work3/arnaou/checkpoints/groupgat_Vc_trial_648_best_state.pt,"{'learning_rate': 0.00245660028309964, 'lr_reduce': 0.6}",TPESampler,COMPLETE
649,0.011865310370922089,2025-04-25 18:41:15.746751,2025-04-25 18:42:29.067633,0 days 00:01:13.320882,0.036989400907645416,176,3,2,80,0.10378842550381011,112,2,2,48,0.24973490276363633,96,1,2,64,0.29323821591756294,240,264.0,384.0,3,2,0.0030174903840689713,0.6,/work3/arnaou/checkpoints/groupgat_Vc_trial_649_best_state.pt,"{'learning_rate': 0.0030174903840689713, 'lr_reduce': 0.6}",TPESampler,COMPLETE
650,0.012571054510772228,2025-04-25 18:41:36.384377,2025-04-25 18:42:42.691060,0 days 00:01:06.306683,0.011583373007070935,160,4,2,112,0.03275277578949145,160,4,1,64,0.28235740523414704,80,1,1,112,0.034674709170842796,56,304.0,240.0,3,2,0.007692667598469815,0.6,/work3/arnaou/checkpoints/groupgat_Vc_trial_650_best_state.pt,"{'learning_rate': 0.007692667598469815, 'lr_reduce': 0.6}",TPESampler,COMPLETE
651,0.010780168697237968,2025-04-25 18:42:29.311915,2025-04-25 18:43:19.664906,0 days 00:00:50.352991,0.06909014517259672,240,3,3,32,0.24457156364090066,176,4,4,96,0.1943118625979048,80,3,4,128,0.1740319349331033,136,224.0,,2,2,0.0025759414696488805,0.6,/work3/arnaou/checkpoints/groupgat_Vc_trial_651_best_state.pt,"{'learning_rate': 0.0025759414696488805, 'lr_reduce': 0.6}",TPESampler,COMPLETE
652,0.013985694386065006,2025-04-25 18:42:42.886782,2025-04-25 18:44:17.716374,0 days 00:01:34.829592,0.031529267390729254,208,3,4,48,0.05693375952346174,128,4,2,80,0.2892512068155603,64,3,3,64,0.16637131304393632,224,512.0,,2,2,0.009745514776911863,0.6,/work3/arnaou/checkpoints/groupgat_Vc_trial_652_best_state.pt,"{'learning_rate': 0.009745514776911863, 'lr_reduce': 0.6}",TPESampler,COMPLETE
653,0.033281922340393066,2025-04-25 18:43:19.891038,2025-04-25 18:44:16.248841,0 days 00:00:56.357803,0.04080689070974772,128,4,4,48,0.1848946964600575,128,3,2,96,0.22282561274777157,48,1,2,48,0.2186542196161121,160,464.0,,2,1,0.007781673960411271,0.6,/work3/arnaou/checkpoints/groupgat_Vc_trial_653_best_state.pt,"{'learning_rate': 0.007781673960411271, 'lr_reduce': 0.6}",TPESampler,COMPLETE
654,0.013535200618207455,2025-04-25 18:43:23.609317,2025-04-25 18:44:43.072342,0 days 00:01:19.463025,0.034485391551593726,256,3,3,32,0.2309347466323252,144,4,3,80,0.2871462342731308,128,3,4,96,0.11501251995795764,136,304.0,,2,1,0.005633050880896328,0.6,/work3/arnaou/checkpoints/groupgat_Vc_trial_654_best_state.pt,"{'learning_rate': 0.005633050880896328, 'lr_reduce': 0.6}",TPESampler,COMPLETE
655,0.011982541531324387,2025-04-25 18:44:16.444905,2025-04-25 18:45:31.416912,0 days 00:01:14.972007,0.07937222296944715,256,2,4,32,0.03647349954263356,224,3,3,32,0.2032374336382487,48,1,2,32,0.15355252591957314,144,472.0,320.0,3,2,0.004107006772337817,0.6,/work3/arnaou/checkpoints/groupgat_Vc_trial_655_best_state.pt,"{'learning_rate': 0.004107006772337817, 'lr_reduce': 0.6}",TPESampler,COMPLETE
656,0.009986153803765774,2025-04-25 18:44:17.949519,2025-04-25 18:46:12.732015,0 days 00:01:54.782496,0.14315315591207037,208,3,3,32,0.20977850088975966,112,2,1,48,0.15591825199343104,48,1,2,64,0.2309009608291268,344,512.0,288.0,3,2,0.0012625226487106215,0.6,/work3/arnaou/checkpoints/groupgat_Vc_trial_656_best_state.pt,"{'learning_rate': 0.0012625226487106215, 'lr_reduce': 0.6}",TPESampler,COMPLETE
657,0.011876179836690426,2025-04-25 18:44:43.280095,2025-04-25 18:46:36.903863,0 days 00:01:53.623768,0.03607113704343294,96,4,2,32,0.2742936263155169,96,4,1,96,0.10031486772495561,48,1,1,128,0.19319768225798006,136,,,1,2,0.0019353851944659173,0.6,/work3/arnaou/checkpoints/groupgat_Vc_trial_657_best_state.pt,"{'learning_rate': 0.0019353851944659173, 'lr_reduce': 0.6}",TPESampler,COMPLETE
658,0.01025516726076603,2025-04-25 18:45:31.600495,2025-04-25 18:47:01.935134,0 days 00:01:30.334639,0.08984493955638635,240,3,4,64,0.13572157558604403,176,4,1,32,0.09011883941419241,32,1,3,32,0.19867238820228714,384,432.0,392.0,3,2,0.0071710277547100045,0.6,/work3/arnaou/checkpoints/groupgat_Vc_trial_658_best_state.pt,"{'learning_rate': 0.0071710277547100045, 'lr_reduce': 0.6}",TPESampler,COMPLETE
659,0.013252027332782745,2025-04-25 18:46:12.970837,2025-04-25 18:47:09.163920,0 days 00:00:56.193083,0.07422295596239073,208,4,1,96,0.022030175693252288,64,4,1,32,0.21742609033803567,48,2,1,112,0.12326886117929249,136,352.0,336.0,3,2,0.0034394246730130155,0.6,/work3/arnaou/checkpoints/groupgat_Vc_trial_659_best_state.pt,"{'learning_rate': 0.0034394246730130155, 'lr_reduce': 0.6}",TPESampler,COMPLETE
660,0.017424890771508217,2025-04-25 18:46:37.158066,2025-04-25 18:48:22.562244,0 days 00:01:45.404178,0.10254853078400732,128,1,4,64,0.1008090161523792,160,3,4,128,0.2818872099141248,96,4,4,64,0.2809184028044772,432,432.0,,2,1,0.001505063413263676,0.6,/work3/arnaou/checkpoints/groupgat_Vc_trial_660_best_state.pt,"{'learning_rate': 0.001505063413263676, 'lr_reduce': 0.6}",TPESampler,COMPLETE
661,0.011838224716484547,2025-04-25 18:47:02.125962,2025-04-25 18:47:48.433003,0 days 00:00:46.307041,0.15854208052289126,256,3,3,32,0.13695119309520465,80,4,2,48,0.18977568291750774,32,1,3,48,0.11997926327132205,280,272.0,248.0,3,2,0.003609393942844531,0.6,/work3/arnaou/checkpoints/groupgat_Vc_trial_661_best_state.pt,"{'learning_rate': 0.003609393942844531, 'lr_reduce': 0.6}",TPESampler,COMPLETE
662,0.011515366844832897,2025-04-25 18:47:09.412280,2025-04-25 18:48:32.434305,0 days 00:01:23.022025,0.014018305770010928,208,4,4,32,0.1231242749401556,160,4,2,32,0.21180987808968244,32,1,3,32,0.1911447021451812,232,512.0,328.0,3,2,0.001647202672295432,0.6,/work3/arnaou/checkpoints/groupgat_Vc_trial_662_best_state.pt,"{'learning_rate': 0.001647202672295432, 'lr_reduce': 0.6}",TPESampler,COMPLETE
663,0.011889180168509483,2025-04-25 18:47:48.778715,2025-04-25 18:48:44.360592,0 days 00:00:55.581877,0.01904375653146444,176,4,4,64,0.19063042431422278,128,3,1,32,0.16673317743994914,48,1,1,64,0.22894028165430325,376,432.0,272.0,3,2,0.006700653769235211,0.6,/work3/arnaou/checkpoints/groupgat_Vc_trial_663_best_state.pt,"{'learning_rate': 0.006700653769235211, 'lr_reduce': 0.6}",TPESampler,COMPLETE
664,0.018442867323756218,2025-04-25 18:48:22.745871,2025-04-25 18:49:43.609933,0 days 00:01:20.864062,0.03953045771540604,144,3,4,32,0.19431944399152243,80,3,4,64,0.28207008873446143,112,3,2,80,0.22441995330113332,312,,,1,2,0.005563806259680286,0.6,/work3/arnaou/checkpoints/groupgat_Vc_trial_664_best_state.pt,"{'learning_rate': 0.005563806259680286, 'lr_reduce': 0.6}",TPESampler,COMPLETE
665,0.012788400053977966,2025-04-25 18:48:32.685254,2025-04-25 18:49:58.941602,0 days 00:01:26.256348,0.044661411063904116,144,3,2,112,0.004286612313473395,176,4,3,32,0.2558740795702531,64,1,3,112,0.012610784661876928,144,344.0,400.0,3,2,0.00913827147798626,0.6,/work3/arnaou/checkpoints/groupgat_Vc_trial_665_best_state.pt,"{'learning_rate': 0.00913827147798626, 'lr_reduce': 0.6}",TPESampler,COMPLETE
666,0.015625635161995888,2025-04-25 18:48:44.921419,2025-04-25 18:49:54.041199,0 days 00:01:09.119780,0.029946649395947114,176,3,4,64,0.08574528716890997,128,4,3,64,0.2667334304887319,96,4,4,64,0.2729462981012351,200,464.0,,2,2,0.008668938641954196,0.6,/work3/arnaou/checkpoints/groupgat_Vc_trial_666_best_state.pt,"{'learning_rate': 0.008668938641954196, 'lr_reduce': 0.6}",TPESampler,COMPLETE
667,0.058393694460392,2025-04-25 18:49:44.132959,2025-04-25 18:50:27.691910,0 days 00:00:43.558951,0.06697823182188571,112,3,2,80,0.023161487124097373,80,4,2,80,0.22679103306756768,64,3,4,64,0.24190999792851328,48,408.0,336.0,3,2,0.0029917277010301883,0.6,/work3/arnaou/checkpoints/groupgat_Vc_trial_667_best_state.pt,"{'learning_rate': 0.0029917277010301883, 'lr_reduce': 0.6}",TPESampler,COMPLETE
668,0.01816467195749283,2025-04-25 18:49:54.281130,2025-04-25 18:51:10.784356,0 days 00:01:16.503226,0.020638251494149367,176,1,4,32,0.008965562858535552,144,2,2,48,0.2942051696260011,32,1,3,48,0.21171223253508759,216,472.0,248.0,3,2,0.0058999444134738765,0.6,/work3/arnaou/checkpoints/groupgat_Vc_trial_668_best_state.pt,"{'learning_rate': 0.0058999444134738765, 'lr_reduce': 0.6}",TPESampler,COMPLETE
669,0.012867959216237068,2025-04-25 18:49:59.221988,2025-04-25 18:51:07.573118,0 days 00:01:08.351130,0.029332070929207768,224,3,2,128,0.0187465362354072,96,3,2,32,0.2608165329314777,80,1,1,128,0.07704738942542756,88,296.0,304.0,3,2,0.004251932771726908,0.6,/work3/arnaou/checkpoints/groupgat_Vc_trial_669_best_state.pt,"{'learning_rate': 0.004251932771726908, 'lr_reduce': 0.6}",TPESampler,COMPLETE
670,0.01250817347317934,2025-04-25 18:50:27.904230,2025-04-25 18:51:59.908144,0 days 00:01:32.003914,0.1091825369299173,256,3,2,64,0.17166980534816006,160,4,1,80,0.22234190008872595,64,2,4,80,0.14253450914843424,56,216.0,,2,2,0.006611822405146025,0.6,/work3/arnaou/checkpoints/groupgat_Vc_trial_670_best_state.pt,"{'learning_rate': 0.006611822405146025, 'lr_reduce': 0.6}",TPESampler,COMPLETE
671,0.011626050807535648,2025-04-25 18:51:07.789581,2025-04-25 18:52:08.389904,0 days 00:01:00.600323,0.009893836145226917,256,3,3,64,0.186787253785873,240,3,2,32,0.19432767811428245,48,1,2,32,0.245998161357273,88,376.0,,2,2,0.001779289694559671,0.6,/work3/arnaou/checkpoints/groupgat_Vc_trial_671_best_state.pt,"{'learning_rate': 0.001779289694559671, 'lr_reduce': 0.6}",TPESampler,COMPLETE
672,0.011515962891280651,2025-04-25 18:51:10.978177,2025-04-25 18:52:39.084490,0 days 00:01:28.106313,0.026602992858907132,208,1,3,32,0.2702137672816398,208,4,4,80,0.2715710113470191,128,3,4,64,0.05341745232997827,232,512.0,,2,2,0.006219776467126407,0.6,/work3/arnaou/checkpoints/groupgat_Vc_trial_672_best_state.pt,"{'learning_rate': 0.006219776467126407, 'lr_reduce': 0.6}",TPESampler,COMPLETE
673,0.01152282115072012,2025-04-25 18:52:00.079469,2025-04-25 18:52:51.236580,0 days 00:00:51.157111,0.016230590606081695,224,4,2,32,0.11715279622906823,80,3,3,32,0.2891849616782898,96,1,3,80,0.26719300775399335,120,432.0,376.0,3,1,0.002882969404371145,0.6,/work3/arnaou/checkpoints/groupgat_Vc_trial_673_best_state.pt,"{'learning_rate': 0.002882969404371145, 'lr_reduce': 0.6}",TPESampler,COMPLETE
674,0.012173379771411419,2025-04-25 18:52:08.622804,2025-04-25 18:53:22.735432,0 days 00:01:14.112628,0.08010037679726667,224,3,2,48,0.1445975939992996,160,3,2,32,0.05463747237849077,32,1,2,32,0.2846896282938272,448,472.0,296.0,3,2,0.005098999280857312,0.6,/work3/arnaou/checkpoints/groupgat_Vc_trial_674_best_state.pt,"{'learning_rate': 0.005098999280857312, 'lr_reduce': 0.6}",TPESampler,COMPLETE
675,0.014367781579494476,2025-04-25 18:52:39.339149,2025-04-25 18:54:08.575252,0 days 00:01:29.236103,0.18467337531044975,192,3,3,32,0.19058920704276983,64,2,1,48,0.10664773476982273,32,1,2,32,0.19101574508873936,400,328.0,208.0,3,2,0.009428184031795645,0.6,/work3/arnaou/checkpoints/groupgat_Vc_trial_675_best_state.pt,"{'learning_rate': 0.009428184031795645, 'lr_reduce': 0.6}",TPESampler,COMPLETE
676,0.014809639193117619,2025-04-25 18:52:51.587137,2025-04-25 18:53:46.921427,0 days 00:00:55.334290,0.019380176188169007,80,4,2,48,0.12407501201143344,128,3,2,80,0.21467803352843667,32,1,3,96,0.19234259371044993,120,424.0,432.0,3,2,0.0034516284704070627,0.6,/work3/arnaou/checkpoints/groupgat_Vc_trial_676_best_state.pt,"{'learning_rate': 0.0034516284704070627, 'lr_reduce': 0.6}",TPESampler,COMPLETE
677,0.011294958181679249,2025-04-25 18:53:22.994747,2025-04-25 18:55:01.980880,0 days 00:01:38.986133,0.043979469276067606,256,3,4,32,0.27832929924621236,176,2,1,48,0.11762089212704915,32,1,2,48,0.15143315779253438,296,464.0,344.0,3,2,0.007848948543284488,0.6,/work3/arnaou/checkpoints/groupgat_Vc_trial_677_best_state.pt,"{'learning_rate': 0.007848948543284488, 'lr_reduce': 0.6}",TPESampler,COMPLETE
678,0.013235114514827728,2025-04-25 18:53:47.149740,2025-04-25 18:55:44.003434,0 days 00:01:56.853694,0.026110350873392627,144,4,3,64,0.006787258396274254,224,4,2,128,0.15004469970417006,48,1,4,112,0.13202443870563524,176,,,1,2,0.0014015638518641356,0.6,/work3/arnaou/checkpoints/groupgat_Vc_trial_678_best_state.pt,"{'learning_rate': 0.0014015638518641356, 'lr_reduce': 0.6}",TPESampler,COMPLETE
679,0.010124480351805687,2025-04-25 18:54:08.772872,2025-04-25 18:55:11.820595,0 days 00:01:03.047723,0.027145417763980592,112,3,3,80,0.17291955231152012,64,3,3,32,0.1790190873963595,112,2,2,80,0.17862713372974054,232,,,1,2,0.0041739547971480365,0.6,/work3/arnaou/checkpoints/groupgat_Vc_trial_679_best_state.pt,"{'learning_rate': 0.0041739547971480365, 'lr_reduce': 0.6}",TPESampler,COMPLETE
680,0.011302693746984005,2025-04-25 18:55:02.193447,2025-04-25 18:56:29.247421,0 days 00:01:27.053974,0.00736211815501662,160,3,3,48,0.07393994962884196,160,4,1,96,0.20353711130514343,32,1,4,32,0.1413077255162725,104,376.0,,2,2,0.007898135146833775,0.6,/work3/arnaou/checkpoints/groupgat_Vc_trial_680_best_state.pt,"{'learning_rate': 0.007898135146833775, 'lr_reduce': 0.6}",TPESampler,COMPLETE
681,0.030344432219862938,2025-04-25 18:55:12.213349,2025-04-25 18:55:58.399012,0 days 00:00:46.185663,0.10718144946541888,256,3,3,32,0.1816706706178811,80,4,1,64,0.298659775079101,96,1,4,80,0.18193889905445237,72,240.0,280.0,3,2,0.0013091503828222095,0.6,/work3/arnaou/checkpoints/groupgat_Vc_trial_681_best_state.pt,"{'learning_rate': 0.0013091503828222095, 'lr_reduce': 0.6}",TPESampler,COMPLETE
682,0.010134845972061157,2025-04-25 18:55:44.299103,2025-04-25 18:57:00.601581,0 days 00:01:16.302478,0.08858145890340852,224,4,3,80,0.23240694195566874,160,4,2,48,0.17516310165247717,32,1,2,96,0.21596327800598664,168,512.0,360.0,3,2,0.002918758077930954,0.6,/work3/arnaou/checkpoints/groupgat_Vc_trial_682_best_state.pt,"{'learning_rate': 0.002918758077930954, 'lr_reduce': 0.6}",TPESampler,COMPLETE
683,0.012005106545984745,2025-04-25 18:55:58.660763,2025-04-25 18:57:09.120048,0 days 00:01:10.459285,0.031171977520843674,192,3,4,80,0.018738395503838573,176,2,2,64,0.1510707432546604,32,1,4,32,0.17392517790146056,272,416.0,296.0,3,1,0.003041687409559706,0.6,/work3/arnaou/checkpoints/groupgat_Vc_trial_683_best_state.pt,"{'learning_rate': 0.003041687409559706, 'lr_reduce': 0.6}",TPESampler,COMPLETE
684,0.014516337774693966,2025-04-25 18:56:29.446811,2025-04-25 18:57:53.563427,0 days 00:01:24.116616,0.14653413556759554,160,3,3,80,0.050814798825722,208,3,2,96,0.19520895652505763,80,3,4,128,0.23817110276929454,280,280.0,,2,2,0.007338107673084246,0.6,/work3/arnaou/checkpoints/groupgat_Vc_trial_684_best_state.pt,"{'learning_rate': 0.007338107673084246, 'lr_reduce': 0.6}",TPESampler,COMPLETE
685,0.011960888281464577,2025-04-25 18:57:02.715559,2025-04-25 18:58:20.069119,0 days 00:01:17.353560,0.11986180075637677,240,4,3,32,0.16421490937733135,128,2,1,64,0.13328342948283098,32,1,1,32,0.20314020895849452,304,464.0,224.0,3,2,0.004653490357796962,0.6,/work3/arnaou/checkpoints/groupgat_Vc_trial_685_best_state.pt,"{'learning_rate': 0.004653490357796962, 'lr_reduce': 0.6}",TPESampler,COMPLETE
686,0.016744982451200485,2025-04-25 18:57:09.381506,2025-04-25 18:58:05.426401,0 days 00:00:56.044895,0.20335067658509637,240,4,4,48,0.022075186380046283,160,1,1,64,0.21887290502628282,32,1,1,48,0.13778873789137247,144,344.0,352.0,3,2,0.0023037657020701877,0.6,/work3/arnaou/checkpoints/groupgat_Vc_trial_686_best_state.pt,"{'learning_rate': 0.0023037657020701877, 'lr_reduce': 0.6}",TPESampler,COMPLETE
687,0.01832047663629055,2025-04-25 18:57:53.844454,2025-04-25 18:59:08.902660,0 days 00:01:15.058206,0.07135115598971749,256,4,4,48,0.04518527545091625,240,2,1,32,0.19067665766365408,48,1,1,32,0.22583113891349849,96,424.0,,2,2,0.005068457578767859,0.6,/work3/arnaou/checkpoints/groupgat_Vc_trial_687_best_state.pt,"{'learning_rate': 0.005068457578767859, 'lr_reduce': 0.6}",TPESampler,COMPLETE
688,0.05910838395357132,2025-04-25 18:58:05.632493,2025-04-25 18:58:59.823225,0 days 00:00:54.190732,0.12575728337925463,160,4,3,96,0.07273201927344863,176,4,1,32,0.28659783641813,96,1,2,128,0.10361589011823368,200,472.0,288.0,3,2,0.009001925156101646,0.6,/work3/arnaou/checkpoints/groupgat_Vc_trial_688_best_state.pt,"{'learning_rate': 0.009001925156101646, 'lr_reduce': 0.6}",TPESampler,COMPLETE
689,0.02068338915705681,2025-04-25 18:58:20.296158,2025-04-25 18:59:55.677788,0 days 00:01:35.381630,0.08881725070303503,256,2,3,32,0.21457076116028273,224,4,4,112,0.21442773478963453,128,2,3,64,0.12999724022363465,56,,,1,2,0.007308779574568694,0.6,/work3/arnaou/checkpoints/groupgat_Vc_trial_689_best_state.pt,"{'learning_rate': 0.007308779574568694, 'lr_reduce': 0.6}",TPESampler,COMPLETE
690,0.010395250283181667,2025-04-25 18:59:00.080450,2025-04-25 19:00:12.028545,0 days 00:01:11.948095,0.023036110776971645,96,4,2,96,0.06577534557598767,144,4,1,32,0.2984807338394866,64,2,2,128,0.08694734046745128,152,176.0,408.0,3,2,0.005244539947974758,0.6,/work3/arnaou/checkpoints/groupgat_Vc_trial_690_best_state.pt,"{'learning_rate': 0.005244539947974758, 'lr_reduce': 0.6}",TPESampler,COMPLETE
691,0.015895748510956764,2025-04-25 18:59:09.205718,2025-04-25 19:00:42.020475,0 days 00:01:32.814757,0.12219821285449674,112,3,2,80,0.1851496357847441,64,3,2,80,0.2066225739319604,32,2,2,64,0.22549446249782662,56,392.0,,2,2,0.0013997881212806569,0.6,/work3/arnaou/checkpoints/groupgat_Vc_trial_691_best_state.pt,"{'learning_rate': 0.0013997881212806569, 'lr_reduce': 0.6}",TPESampler,COMPLETE
692,0.10721875727176666,2025-04-25 18:59:55.937142,2025-04-25 19:00:30.056911,0 days 00:00:34.119769,0.12434977794233135,256,3,3,48,0.16491899130642848,160,3,1,48,0.1511042854942393,32,1,2,32,0.21554909671514916,424,512.0,328.0,3,2,0.0008319961000286063,0.6,/work3/arnaou/checkpoints/groupgat_Vc_trial_692_best_state.pt,"{'learning_rate': 0.0008319961000286063, 'lr_reduce': 0.6}",TPESampler,COMPLETE
