number,value,datetime_start,datetime_complete,duration,params_L1_dropout,params_L1_hidden_dim,params_L1_layers_atom,params_L1_layers_mol,params_L1_out_dim,params_L2_dropout,params_L2_hidden_dim,params_L2_layers_atom,params_L2_layers_mol,params_L2_out_dim,params_L3_dropout,params_L3_hidden_dim,params_L3_layers_atom,params_L3_layers_mol,params_L3_out_dim,params_final_dropout,params_mlp_dim_0,params_mlp_dim_1,params_mlp_dim_2,params_n_mlp_layers,params_num_heads,params_train_learning_rate,params_train_lr_reduce,user_attrs_best_state_dict_path,user_attrs_training_params,system_attrs_auto:sampler,state
1434,0.022328561171889305,2025-04-25 23:57:03.198091,2025-04-25 23:59:27.924856,0 days 00:02:24.726765,0.2572707269584219,128,2,2,128,0.1181634410991354,160,4,4,96,0.14780735620304736,48,3,3,32,0.2797092511324647,96,376.0,240.0,3,1,0.001339871093217778,0.6,/work3/arnaou/checkpoints/groupgat_Vc_trial_1434_best_state.pt,"{'learning_rate': 0.001339871093217778, 'lr_reduce': 0.6}",TPESampler,COMPLETE
1435,0.019182898104190826,2025-04-25 23:57:40.532313,2025-04-25 23:59:36.373018,0 days 00:01:55.840705,0.0025136984604610824,256,2,3,112,0.17735558409406754,80,4,1,96,0.21063726026013502,64,3,3,128,0.012723796268416895,72,256.0,144.0,3,2,0.0006816306136591223,0.6,/work3/arnaou/checkpoints/groupgat_Vc_trial_1435_best_state.pt,"{'learning_rate': 0.0006816306136591223, 'lr_reduce': 0.6}",TPESampler,COMPLETE
1436,0.01264001801609993,2025-04-25 23:59:00.865432,2025-04-26 00:00:22.969221,0 days 00:01:22.103789,0.004777824014348526,144,3,4,80,0.1865009207524655,144,4,2,112,0.2921112585639457,48,2,4,80,0.2767154225402218,112,,,1,2,0.008867483317241803,0.6,/work3/arnaou/checkpoints/groupgat_Vc_trial_1436_best_state.pt,"{'learning_rate': 0.008867483317241803, 'lr_reduce': 0.6}",TPESampler,COMPLETE
1437,0.012298591434955597,2025-04-25 23:59:28.249493,2025-04-26 00:01:10.289123,0 days 00:01:42.039630,0.12007499784214266,256,4,3,32,0.0029921512102537642,96,3,3,48,0.17889940319574135,32,3,3,112,0.16430126383267216,224,368.0,336.0,3,2,0.0022987606627260337,0.6,/work3/arnaou/checkpoints/groupgat_Vc_trial_1437_best_state.pt,"{'learning_rate': 0.0022987606627260337, 'lr_reduce': 0.6}",TPESampler,COMPLETE
1438,0.030754784122109413,2025-04-25 23:59:36.653598,2025-04-26 00:00:26.581433,0 days 00:00:49.927835,0.03731465749827279,240,3,1,80,0.08679153428731996,80,3,2,32,0.12242967857530984,48,1,4,128,0.04932531813413979,328,376.0,264.0,3,2,0.002175536524102841,0.6,/work3/arnaou/checkpoints/groupgat_Vc_trial_1438_best_state.pt,"{'learning_rate': 0.002175536524102841, 'lr_reduce': 0.6}",TPESampler,COMPLETE
1439,0.013567947782576084,2025-04-26 00:00:23.270041,2025-04-26 00:01:24.031968,0 days 00:01:00.761927,0.049704018559579496,128,1,1,80,0.18178173677865392,80,3,1,128,0.27175811745171813,64,2,3,112,0.10502770999796372,408,216.0,216.0,3,2,0.0048220866284351864,0.6,/work3/arnaou/checkpoints/groupgat_Vc_trial_1439_best_state.pt,"{'learning_rate': 0.0048220866284351864, 'lr_reduce': 0.6}",TPESampler,COMPLETE
1440,0.016524650156497955,2025-04-26 00:00:26.897070,2025-04-26 00:01:33.890395,0 days 00:01:06.993325,0.07813554575462928,224,3,3,64,0.04694463495012041,128,4,2,48,0.20352686187147073,48,1,4,80,0.1811178120982169,168,312.0,312.0,3,1,0.008369686164497767,0.6,/work3/arnaou/checkpoints/groupgat_Vc_trial_1440_best_state.pt,"{'learning_rate': 0.008369686164497767, 'lr_reduce': 0.6}",TPESampler,COMPLETE
1441,0.011466870084404945,2025-04-26 00:01:10.806209,2025-04-26 00:02:14.265099,0 days 00:01:03.458890,0.14016420602492652,208,2,3,64,0.11007972944502656,96,3,1,128,0.21811143212079262,32,4,2,96,0.08428912010921231,384,152.0,376.0,3,2,0.006630547951486316,0.6,/work3/arnaou/checkpoints/groupgat_Vc_trial_1441_best_state.pt,"{'learning_rate': 0.006630547951486316, 'lr_reduce': 0.6}",TPESampler,COMPLETE
1442,0.014089217409491539,2025-04-26 00:01:24.348603,2025-04-26 00:02:30.871995,0 days 00:01:06.523392,0.01944237633577548,256,2,2,96,0.015299683405166907,144,2,2,80,0.12019827180885173,64,2,3,96,0.1077126587611486,112,376.0,288.0,3,2,0.007873330785686366,0.6,/work3/arnaou/checkpoints/groupgat_Vc_trial_1442_best_state.pt,"{'learning_rate': 0.007873330785686366, 'lr_reduce': 0.6}",TPESampler,COMPLETE
1443,0.01254330389201641,2025-04-26 00:01:34.226249,2025-04-26 00:02:22.036606,0 days 00:00:47.810357,0.05085996900116732,224,3,4,96,0.15218622213497907,128,2,1,80,0.2533025858160637,80,1,3,128,0.2805395668698051,120,72.0,208.0,3,2,0.001986984888067771,0.6,/work3/arnaou/checkpoints/groupgat_Vc_trial_1443_best_state.pt,"{'learning_rate': 0.001986984888067771, 'lr_reduce': 0.6}",TPESampler,COMPLETE
1444,0.015912504866719246,2025-04-26 00:02:14.754147,2025-04-26 00:04:06.959541,0 days 00:01:52.205394,0.009620340725688101,240,4,4,48,0.16997724465891406,192,2,2,32,0.21053531792796137,48,2,3,112,0.2587747937654711,392,272.0,352.0,3,2,0.00948907375773356,0.6,/work3/arnaou/checkpoints/groupgat_Vc_trial_1444_best_state.pt,"{'learning_rate': 0.00948907375773356, 'lr_reduce': 0.6}",TPESampler,COMPLETE
1445,0.03617657721042633,2025-04-26 00:02:22.484664,2025-04-26 00:03:05.694558,0 days 00:00:43.209894,0.035900738433922066,208,1,2,112,0.06350229852353714,80,4,3,96,0.15180512196639384,80,3,2,128,0.1818431993952646,400,376.0,,2,2,0.0013135214820918983,0.6,/work3/arnaou/checkpoints/groupgat_Vc_trial_1445_best_state.pt,"{'learning_rate': 0.0013135214820918983, 'lr_reduce': 0.6}",TPESampler,COMPLETE
1446,0.009686430916190147,2025-04-26 00:02:31.356711,2025-04-26 00:03:34.590772,0 days 00:01:03.234061,0.013813050337187022,240,3,4,32,0.062155753572740904,208,2,2,48,0.11532201851804308,48,1,2,48,0.20237620211665452,144,328.0,264.0,3,2,0.002538650822092458,0.6,/work3/arnaou/checkpoints/groupgat_Vc_trial_1446_best_state.pt,"{'learning_rate': 0.002538650822092458, 'lr_reduce': 0.6}",TPESampler,COMPLETE
1447,0.013018268160521984,2025-04-26 00:03:05.936823,2025-04-26 00:03:57.061706,0 days 00:00:51.124883,0.049911402541978615,160,4,1,48,0.0029476234044229664,144,4,1,64,0.019636465311344255,64,1,3,80,0.04288325737646856,80,272.0,120.0,3,2,0.002976492877108369,0.6,/work3/arnaou/checkpoints/groupgat_Vc_trial_1447_best_state.pt,"{'learning_rate': 0.002976492877108369, 'lr_reduce': 0.6}",TPESampler,COMPLETE
1448,0.019735582172870636,2025-04-26 00:03:35.165032,2025-04-26 00:04:58.949506,0 days 00:01:23.784474,0.08985997421592032,256,3,4,32,0.29376201979990235,144,3,4,32,0.13730328699405311,64,3,1,64,0.08181489726889732,440,384.0,,2,1,0.0005751172107144452,0.6,/work3/arnaou/checkpoints/groupgat_Vc_trial_1448_best_state.pt,"{'learning_rate': 0.0005751172107144452, 'lr_reduce': 0.6}",TPESampler,COMPLETE
1449,0.010285013355314732,2025-04-26 00:03:57.376987,2025-04-26 00:05:08.986189,0 days 00:01:11.609202,0.044671218964216136,208,3,1,48,0.04319062698028121,144,2,2,48,0.09215444161409536,48,1,4,64,0.13629956759620404,272,328.0,312.0,3,2,0.00433093598048843,0.6,/work3/arnaou/checkpoints/groupgat_Vc_trial_1449_best_state.pt,"{'learning_rate': 0.00433093598048843, 'lr_reduce': 0.6}",TPESampler,COMPLETE
1450,0.012505165301263332,2025-04-26 00:04:07.311416,2025-04-26 00:05:17.293455,0 days 00:01:09.982039,0.017742619436465924,128,4,3,48,0.047050117475814085,128,3,2,112,0.21416236208357092,32,2,4,80,0.28853813467017586,88,392.0,,2,2,0.008873515231255525,0.6,/work3/arnaou/checkpoints/groupgat_Vc_trial_1450_best_state.pt,"{'learning_rate': 0.008873515231255525, 'lr_reduce': 0.6}",TPESampler,COMPLETE
1451,0.014761428348720074,2025-04-26 00:04:59.451722,2025-04-26 00:05:45.729173,0 days 00:00:46.277451,0.041684153192287826,256,4,4,48,0.1330830129418528,256,3,2,32,0.1003892661183321,48,3,3,96,0.2833594965768349,32,232.0,,2,2,0.001878553892566953,0.6,/work3/arnaou/checkpoints/groupgat_Vc_trial_1451_best_state.pt,"{'learning_rate': 0.001878553892566953, 'lr_reduce': 0.6}",TPESampler,COMPLETE
1452,0.02497246116399765,2025-04-26 00:05:09.480382,2025-04-26 00:05:47.803571,0 days 00:00:38.323189,0.012467716926645313,208,4,3,80,0.04898643761083059,96,4,1,64,0.2389119247043961,32,1,3,112,0.2331053673783625,280,384.0,176.0,3,1,0.002512848281365873,0.6,/work3/arnaou/checkpoints/groupgat_Vc_trial_1452_best_state.pt,"{'learning_rate': 0.002512848281365873, 'lr_reduce': 0.6}",TPESampler,COMPLETE
1453,0.011579125188291073,2025-04-26 00:05:17.916057,2025-04-26 00:06:17.068190,0 days 00:00:59.152133,0.014064821157142242,224,4,4,32,0.17143011742253295,176,3,2,48,0.2580439336758575,80,3,4,128,0.22541133283957207,248,320.0,240.0,3,1,0.0029763311180424495,0.6,/work3/arnaou/checkpoints/groupgat_Vc_trial_1453_best_state.pt,"{'learning_rate': 0.0029763311180424495, 'lr_reduce': 0.6}",TPESampler,COMPLETE
1454,0.05911736935377121,2025-04-26 00:05:46.242134,2025-04-26 00:06:21.227889,0 days 00:00:34.985755,0.161216817085806,208,2,2,48,0.02466859666418318,64,2,3,32,0.2940136376083613,48,1,2,128,0.18455314723520408,328,120.0,400.0,3,2,0.0018068997012137442,0.6,/work3/arnaou/checkpoints/groupgat_Vc_trial_1454_best_state.pt,"{'learning_rate': 0.0018068997012137442, 'lr_reduce': 0.6}",TPESampler,COMPLETE
1455,0.01032995618879795,2025-04-26 00:05:48.267291,2025-04-26 00:06:53.877619,0 days 00:01:05.610328,0.031243952357604975,160,2,1,112,0.07157211308057841,80,2,2,128,0.23550040485750182,32,2,2,128,0.08109574120358976,152,392.0,280.0,3,1,0.007411784830821642,0.6,/work3/arnaou/checkpoints/groupgat_Vc_trial_1455_best_state.pt,"{'learning_rate': 0.007411784830821642, 'lr_reduce': 0.6}",TPESampler,COMPLETE
1456,0.01013632956892252,2025-04-26 00:06:17.358506,2025-04-26 00:07:37.050414,0 days 00:01:19.691908,0.19072579009302043,240,3,3,48,0.02353390174686402,96,2,2,48,0.28473661572695286,32,1,1,112,0.12173333332495269,160,352.0,352.0,3,2,0.0027105377150604005,0.6,/work3/arnaou/checkpoints/groupgat_Vc_trial_1456_best_state.pt,"{'learning_rate': 0.0027105377150604005, 'lr_reduce': 0.6}",TPESampler,COMPLETE
1457,0.017270825803279877,2025-04-26 00:06:21.580461,2025-04-26 00:07:46.835432,0 days 00:01:25.254971,0.051182525583685634,192,1,3,80,0.1630097973763826,80,3,1,128,0.1679883943880419,32,2,3,112,0.12070139925447752,408,216.0,200.0,3,2,0.0008822845046166206,0.6,/work3/arnaou/checkpoints/groupgat_Vc_trial_1457_best_state.pt,"{'learning_rate': 0.0008822845046166206, 'lr_reduce': 0.6}",TPESampler,COMPLETE
1458,0.010716588236391544,2025-04-26 00:06:54.126357,2025-04-26 00:07:49.887377,0 days 00:00:55.761020,0.04356860879071009,208,2,1,96,0.07458248898147535,112,4,2,96,0.14597638964702744,80,2,2,128,0.1573966116681842,344,272.0,304.0,3,1,0.004694489348980977,0.6,/work3/arnaou/checkpoints/groupgat_Vc_trial_1458_best_state.pt,"{'learning_rate': 0.004694489348980977, 'lr_reduce': 0.6}",TPESampler,COMPLETE
1459,0.009900098666548729,2025-04-26 00:07:37.381748,2025-04-26 00:08:59.720107,0 days 00:01:22.338359,0.10335817108785054,256,3,4,64,0.024175731630864297,192,3,2,80,0.2336583574780229,32,2,2,96,0.16820047289723286,208,168.0,,2,2,0.0019114848924320549,0.6,/work3/arnaou/checkpoints/groupgat_Vc_trial_1459_best_state.pt,"{'learning_rate': 0.0019114848924320549, 'lr_reduce': 0.6}",TPESampler,COMPLETE
1460,0.010902844369411469,2025-04-26 00:07:47.344004,2025-04-26 00:09:09.759276,0 days 00:01:22.415272,0.0872993356901059,192,4,2,112,0.041817357857524995,96,4,1,80,0.26974297485682386,80,2,3,128,0.004251522576522587,120,392.0,80.0,3,2,0.007229002893822674,0.6,/work3/arnaou/checkpoints/groupgat_Vc_trial_1460_best_state.pt,"{'learning_rate': 0.007229002893822674, 'lr_reduce': 0.6}",TPESampler,COMPLETE
1461,0.01471724547445774,2025-04-26 00:07:50.351237,2025-04-26 00:10:03.544852,0 days 00:02:13.193615,0.011135160182435131,256,4,3,48,0.07460573815553004,240,2,3,64,0.11954863088957499,32,2,2,48,0.2886643066411693,56,320.0,,2,2,0.00592194937832856,0.6,/work3/arnaou/checkpoints/groupgat_Vc_trial_1461_best_state.pt,"{'learning_rate': 0.00592194937832856, 'lr_reduce': 0.6}",TPESampler,COMPLETE
1462,0.010858463123440742,2025-04-26 00:09:00.018077,2025-04-26 00:10:10.733731,0 days 00:01:10.715654,0.10159194972873066,208,4,1,80,0.057419856215014345,96,3,1,64,0.09908641937420018,64,1,4,112,0.1504455298583411,336,392.0,240.0,3,2,0.002981929816978689,0.6,/work3/arnaou/checkpoints/groupgat_Vc_trial_1462_best_state.pt,"{'learning_rate': 0.002981929816978689, 'lr_reduce': 0.6}",TPESampler,COMPLETE
1463,0.08744965493679047,2025-04-26 00:09:10.034567,2025-04-26 00:09:53.632576,0 days 00:00:43.598009,0.025144542528594414,256,4,4,96,0.10683894814859128,128,4,1,64,0.29001056535887043,80,2,2,64,0.10237204707280399,152,400.0,360.0,3,2,0.000988291494937895,0.6,/work3/arnaou/checkpoints/groupgat_Vc_trial_1463_best_state.pt,"{'learning_rate': 0.000988291494937895, 'lr_reduce': 0.6}",TPESampler,COMPLETE
1464,0.024297332391142845,2025-04-26 00:09:53.985410,2025-04-26 00:11:20.982194,0 days 00:01:26.996784,0.12627549000817484,160,1,1,32,0.23232025062679917,256,1,2,48,0.15009435298788443,96,3,1,48,0.18893946007101914,472,280.0,,2,2,0.00023367945192348112,0.6,/work3/arnaou/checkpoints/groupgat_Vc_trial_1464_best_state.pt,"{'learning_rate': 0.00023367945192348112, 'lr_reduce': 0.6}",TPESampler,COMPLETE
1465,0.014503107406198978,2025-04-26 00:10:03.899272,2025-04-26 00:11:30.592297,0 days 00:01:26.693025,0.014468893307675895,240,3,2,112,0.02070435325182226,96,3,2,128,0.22443779835636168,80,2,3,96,0.09966979785150458,264,344.0,280.0,3,2,0.009384188187305886,0.6,/work3/arnaou/checkpoints/groupgat_Vc_trial_1465_best_state.pt,"{'learning_rate': 0.009384188187305886, 'lr_reduce': 0.6}",TPESampler,COMPLETE
1466,0.014070024713873863,2025-04-26 00:10:11.034617,2025-04-26 00:11:30.251970,0 days 00:01:19.217353,0.10966038523272256,208,1,2,48,0.09863184659573432,128,2,1,112,0.1606300184048851,32,3,4,112,0.13383125413597782,480,32.0,160.0,3,1,0.0012097525076464949,0.6,/work3/arnaou/checkpoints/groupgat_Vc_trial_1466_best_state.pt,"{'learning_rate': 0.0012097525076464949, 'lr_reduce': 0.6}",TPESampler,COMPLETE
1467,0.01181123498827219,2025-04-26 00:11:21.969350,2025-04-26 00:12:14.615060,0 days 00:00:52.645710,0.0838706509426625,240,2,2,80,0.16478503986938978,80,3,1,96,0.18969815432234313,32,3,2,128,0.1392474689710354,272,392.0,424.0,3,2,0.002441089188756259,0.6,/work3/arnaou/checkpoints/groupgat_Vc_trial_1467_best_state.pt,"{'learning_rate': 0.002441089188756259, 'lr_reduce': 0.6}",TPESampler,COMPLETE
1468,0.01320011168718338,2025-04-26 00:11:30.518000,2025-04-26 00:13:32.252479,0 days 00:02:01.734479,0.2158697704137577,240,4,4,32,0.03202341223940511,80,3,1,64,0.2551700970100578,64,2,2,128,0.04302123504730239,232,88.0,336.0,3,2,0.009264588495060027,0.6,/work3/arnaou/checkpoints/groupgat_Vc_trial_1468_best_state.pt,"{'learning_rate': 0.009264588495060027, 'lr_reduce': 0.6}",TPESampler,COMPLETE
1469,0.021789900958538055,2025-04-26 00:11:30.878458,2025-04-26 00:12:08.343477,0 days 00:00:37.465019,0.05457387802208435,240,2,4,64,0.1484400711446151,160,4,2,64,0.2902367251174516,48,1,2,80,0.11008672394840432,152,296.0,240.0,3,1,0.0015949404761175425,0.6,/work3/arnaou/checkpoints/groupgat_Vc_trial_1469_best_state.pt,"{'learning_rate': 0.0015949404761175425, 'lr_reduce': 0.6}",TPESampler,COMPLETE
1470,0.010692666284739971,2025-04-26 00:12:08.631522,2025-04-26 00:13:11.878863,0 days 00:01:03.247341,0.02816868772228059,240,2,4,48,0.06778387371726328,256,2,2,48,0.16544064405839357,32,1,2,32,0.24466191003760043,280,352.0,296.0,3,2,0.00299168607288308,0.6,/work3/arnaou/checkpoints/groupgat_Vc_trial_1470_best_state.pt,"{'learning_rate': 0.00299168607288308, 'lr_reduce': 0.6}",TPESampler,COMPLETE
1471,0.15636210143566132,2025-04-26 00:12:15.105717,2025-04-26 00:14:14.481023,0 days 00:01:59.375306,0.05991152087134459,176,3,2,96,0.15094755407922417,80,3,3,32,0.07298923646481184,64,3,4,96,0.14113983269017746,368,400.0,,2,2,0.00013622251079010346,0.6,/work3/arnaou/checkpoints/groupgat_Vc_trial_1471_best_state.pt,"{'learning_rate': 0.00013622251079010346, 'lr_reduce': 0.6}",TPESampler,COMPLETE
1472,0.013158968649804592,2025-04-26 00:13:12.148932,2025-04-26 00:14:21.342622,0 days 00:01:09.193690,0.07865199712426307,240,4,3,48,0.09249572461690656,224,3,3,64,0.18454487723194699,32,2,2,64,0.29333163446227484,264,232.0,488.0,3,1,0.006542539065124803,0.6,/work3/arnaou/checkpoints/groupgat_Vc_trial_1472_best_state.pt,"{'learning_rate': 0.006542539065124803, 'lr_reduce': 0.6}",TPESampler,COMPLETE
1473,0.01636599190533161,2025-04-26 00:13:32.531334,2025-04-26 00:14:17.102100,0 days 00:00:44.570766,0.06131281758482501,208,1,2,112,0.05647144991824496,80,4,1,80,0.1850929216376198,64,2,2,128,0.16381105018337555,264,360.0,384.0,3,2,0.0026371982282387676,0.6,/work3/arnaou/checkpoints/groupgat_Vc_trial_1473_best_state.pt,"{'learning_rate': 0.0026371982282387676, 'lr_reduce': 0.6}",TPESampler,COMPLETE
1474,0.024454817175865173,2025-04-26 00:14:14.833734,2025-04-26 00:14:54.667926,0 days 00:00:39.834192,0.12355211743031025,208,3,3,48,0.04652483200199552,64,3,3,80,0.26565622441315895,64,1,3,112,0.22444013534653734,56,416.0,240.0,3,2,0.0023573132320357467,0.6,/work3/arnaou/checkpoints/groupgat_Vc_trial_1474_best_state.pt,"{'learning_rate': 0.0023573132320357467, 'lr_reduce': 0.6}",TPESampler,COMPLETE
1475,0.013723274692893028,2025-04-26 00:14:17.409937,2025-04-26 00:15:21.799703,0 days 00:01:04.389766,0.0018763718147378344,192,4,3,48,0.0994239424391205,64,3,2,32,0.20572808679074528,32,1,4,112,0.15541183731375877,56,264.0,184.0,3,2,0.006989538892850064,0.6,/work3/arnaou/checkpoints/groupgat_Vc_trial_1475_best_state.pt,"{'learning_rate': 0.006989538892850064, 'lr_reduce': 0.6}",TPESampler,COMPLETE
1476,0.010120801627635956,2025-04-26 00:14:21.645952,2025-04-26 00:15:35.992036,0 days 00:01:14.346084,0.04116698981064739,144,4,3,32,0.1021562625763569,128,4,1,80,0.02801129734711337,80,1,3,128,0.12288793743578522,160,176.0,336.0,3,2,0.004651395954494084,0.6,/work3/arnaou/checkpoints/groupgat_Vc_trial_1476_best_state.pt,"{'learning_rate': 0.004651395954494084, 'lr_reduce': 0.6}",TPESampler,COMPLETE
1477,0.012843973934650421,2025-04-26 00:14:55.017691,2025-04-26 00:16:09.044465,0 days 00:01:14.026774,0.012385193611220749,192,3,2,128,0.011867276400201694,160,4,2,80,0.2144616085915927,96,1,4,96,0.10548028371252488,176,408.0,264.0,3,1,0.00997984115433111,0.6,/work3/arnaou/checkpoints/groupgat_Vc_trial_1477_best_state.pt,"{'learning_rate': 0.00997984115433111, 'lr_reduce': 0.6}",TPESampler,COMPLETE
1478,0.015838103368878365,2025-04-26 00:15:22.173430,2025-04-26 00:16:10.288019,0 days 00:00:48.114589,0.022614741877071354,256,3,4,80,0.1065803624445342,112,4,1,32,0.2714602066183095,64,2,1,112,0.19264129117912043,208,320.0,,2,2,0.0019316456681705905,0.6,/work3/arnaou/checkpoints/groupgat_Vc_trial_1478_best_state.pt,"{'learning_rate': 0.0019316456681705905, 'lr_reduce': 0.6}",TPESampler,COMPLETE
1479,0.01496830303221941,2025-04-26 00:15:36.348488,2025-04-26 00:16:47.201715,0 days 00:01:10.853227,0.03328170319454139,176,4,1,128,0.031945261242259146,208,3,1,80,0.21221607609792886,80,2,2,96,0.11168392961094861,176,400.0,304.0,3,2,0.007169525924786344,0.6,/work3/arnaou/checkpoints/groupgat_Vc_trial_1479_best_state.pt,"{'learning_rate': 0.007169525924786344, 'lr_reduce': 0.6}",TPESampler,COMPLETE
1480,0.020736446604132652,2025-04-26 00:16:09.353965,2025-04-26 00:16:53.069583,0 days 00:00:43.715618,0.12336579107473745,256,3,3,48,0.015155722287654412,64,4,2,80,0.24577482546247686,32,2,2,80,0.17899468141948152,280,360.0,216.0,3,2,0.0016547354637373264,0.6,/work3/arnaou/checkpoints/groupgat_Vc_trial_1480_best_state.pt,"{'learning_rate': 0.0016547354637373264, 'lr_reduce': 0.6}",TPESampler,COMPLETE
1481,0.013239274732768536,2025-04-26 00:16:10.565020,2025-04-26 00:18:02.285634,0 days 00:01:51.720614,0.17102763083019307,224,4,4,80,0.00694161512251415,64,4,2,64,0.2832795416414648,32,2,1,112,0.12889092902626803,208,408.0,376.0,3,2,0.004437476973945642,0.6,/work3/arnaou/checkpoints/groupgat_Vc_trial_1481_best_state.pt,"{'learning_rate': 0.004437476973945642, 'lr_reduce': 0.6}",TPESampler,COMPLETE
1482,0.02031710557639599,2025-04-26 00:16:47.499254,2025-04-26 00:18:12.799741,0 days 00:01:25.300487,0.005446435426443009,224,3,1,128,0.06310646869541209,128,4,1,96,0.20550917626242599,64,2,3,112,0.128679374633661,32,304.0,104.0,3,2,0.009442172394870172,0.6,/work3/arnaou/checkpoints/groupgat_Vc_trial_1482_best_state.pt,"{'learning_rate': 0.009442172394870172, 'lr_reduce': 0.6}",TPESampler,COMPLETE
1483,0.017453892156481743,2025-04-26 00:16:53.489598,2025-04-26 00:18:24.813287,0 days 00:01:31.323689,0.006465812467760408,208,4,3,32,0.04964937882232337,160,4,2,80,0.009632905113942807,80,1,3,96,0.005456822670526874,184,224.0,280.0,3,2,0.0015364360138117128,0.6,/work3/arnaou/checkpoints/groupgat_Vc_trial_1483_best_state.pt,"{'learning_rate': 0.0015364360138117128, 'lr_reduce': 0.6}",TPESampler,COMPLETE
1484,0.014528236351907253,2025-04-26 00:18:02.750304,2025-04-26 00:18:43.522250,0 days 00:00:40.771946,0.013239615301122765,192,1,2,96,0.08578760431974046,96,4,2,128,0.19439503388377766,64,4,2,112,0.11813765155066104,240,112.0,344.0,3,1,0.003995079452646758,0.6,/work3/arnaou/checkpoints/groupgat_Vc_trial_1484_best_state.pt,"{'learning_rate': 0.003995079452646758, 'lr_reduce': 0.6}",TPESampler,COMPLETE
1485,0.011083350516855717,2025-04-26 00:18:13.161333,2025-04-26 00:19:08.865531,0 days 00:00:55.704198,0.012032510856261351,128,3,3,96,0.11229620138658758,144,3,2,96,0.1928339476334642,112,1,3,128,0.0582744648358056,128,408.0,216.0,3,2,0.002884205017978415,0.6,/work3/arnaou/checkpoints/groupgat_Vc_trial_1485_best_state.pt,"{'learning_rate': 0.002884205017978415, 'lr_reduce': 0.6}",TPESampler,COMPLETE
1486,0.012120656669139862,2025-04-26 00:18:25.101863,2025-04-26 00:19:16.928501,0 days 00:00:51.826638,0.19180024458413142,160,1,2,96,0.1334849429449699,64,2,1,96,0.12331633872595521,32,3,4,80,0.1506547785400547,376,344.0,144.0,3,2,0.00273487642197273,0.6,/work3/arnaou/checkpoints/groupgat_Vc_trial_1486_best_state.pt,"{'learning_rate': 0.00273487642197273, 'lr_reduce': 0.6}",TPESampler,COMPLETE
