number,value,datetime_start,datetime_complete,duration,params_L1_dropout,params_L1_hidden_dim,params_L1_layers_atom,params_L1_layers_mol,params_L1_out_dim,params_L2_dropout,params_L2_hidden_dim,params_L2_layers_atom,params_L2_layers_mol,params_L2_out_dim,params_L3_dropout,params_L3_hidden_dim,params_L3_layers_atom,params_L3_layers_mol,params_L3_out_dim,params_final_dropout,params_mlp_dim_0,params_mlp_dim_1,params_mlp_dim_2,params_n_mlp_layers,params_num_heads,params_train_learning_rate,params_train_lr_reduce,user_attrs_best_state_dict_path,user_attrs_training_params,system_attrs_auto:sampler,state
958,0.009706778451800346,2025-04-25 20:43:38.285003,2025-04-25 20:44:21.565365,0 days 00:00:43.280362,0.10445476420829328,208,4,2,48,0.21992397598439084,208,2,2,32,0.22073481631359906,48,3,3,128,0.26571856569812163,336,376.0,168.0,3,1,0.0017391407408769597,0.6,/work3/arnaou/checkpoints/groupgat_Vc_trial_958_best_state.pt,"{'learning_rate': 0.0017391407408769597, 'lr_reduce': 0.6}",TPESampler,COMPLETE
959,0.017293451353907585,2025-04-25 20:44:22.466484,2025-04-25 20:45:23.426061,0 days 00:01:00.959577,0.061295527767162204,96,3,1,64,0.1705911298121568,80,3,1,96,0.2186365942525574,64,1,3,48,0.16184444246885432,144,,,1,2,0.008010280709314232,0.6,/work3/arnaou/checkpoints/groupgat_Vc_trial_959_best_state.pt,"{'learning_rate': 0.008010280709314232, 'lr_reduce': 0.6}",TPESampler,COMPLETE
960,0.010420302860438824,2025-04-25 20:44:23.636549,2025-04-25 20:45:30.794972,0 days 00:01:07.158423,0.020409326104629498,208,3,3,48,0.06985655598481856,128,1,3,32,0.22551124943089781,48,2,3,112,0.24977339747540234,304,512.0,240.0,3,2,0.002592746058247661,0.6,/work3/arnaou/checkpoints/groupgat_Vc_trial_960_best_state.pt,"{'learning_rate': 0.002592746058247661, 'lr_reduce': 0.6}",TPESampler,COMPLETE
961,0.021958449855446815,2025-04-25 20:44:31.992620,2025-04-25 20:45:29.897278,0 days 00:00:57.904658,0.13397230242445685,208,1,4,112,0.14951206634162448,112,2,1,32,0.26241432667812825,96,1,4,64,0.17280798962929086,360,432.0,,2,2,0.005239210511349419,0.6,/work3/arnaou/checkpoints/groupgat_Vc_trial_961_best_state.pt,"{'learning_rate': 0.005239210511349419, 'lr_reduce': 0.6}",TPESampler,COMPLETE
962,0.011574520729482174,2025-04-25 20:45:23.631142,2025-04-25 20:46:17.808824,0 days 00:00:54.177682,0.0032017822729349457,256,3,3,32,0.17152930082875667,224,1,3,32,0.009265104267608626,32,1,2,80,0.15060689675248506,184,472.0,256.0,3,1,0.0023163005005211873,0.6,/work3/arnaou/checkpoints/groupgat_Vc_trial_962_best_state.pt,"{'learning_rate': 0.0023163005005211873, 'lr_reduce': 0.6}",TPESampler,COMPLETE
963,0.013185424730181694,2025-04-25 20:45:30.214045,2025-04-25 20:46:25.776135,0 days 00:00:55.562090,0.0037951036244621983,208,3,3,64,0.14357341166232535,144,2,3,64,0.14837120585072525,32,2,3,96,0.2764156897269378,216,400.0,448.0,3,1,0.001987462218197718,0.6,/work3/arnaou/checkpoints/groupgat_Vc_trial_963_best_state.pt,"{'learning_rate': 0.001987462218197718, 'lr_reduce': 0.6}",TPESampler,COMPLETE
964,0.012637597508728504,2025-04-25 20:45:30.980457,2025-04-25 20:46:41.595457,0 days 00:01:10.615000,0.0008168702129326653,224,4,4,48,0.05437032469582169,112,2,3,32,0.16332185415030434,112,1,2,64,0.2435563151517096,64,440.0,192.0,3,2,0.003227879186031765,0.6,/work3/arnaou/checkpoints/groupgat_Vc_trial_964_best_state.pt,"{'learning_rate': 0.003227879186031765, 'lr_reduce': 0.6}",TPESampler,COMPLETE
965,0.01690521463751793,2025-04-25 20:46:18.152600,2025-04-25 20:48:10.911988,0 days 00:01:52.759388,0.13574255384755707,192,4,3,32,0.041020491730174496,224,4,1,64,0.08405741296862479,96,2,1,128,0.09209811291858337,48,512.0,120.0,3,2,0.000593862987739403,0.6,/work3/arnaou/checkpoints/groupgat_Vc_trial_965_best_state.pt,"{'learning_rate': 0.000593862987739403, 'lr_reduce': 0.6}",TPESampler,COMPLETE
966,0.013856727629899979,2025-04-25 20:46:26.078133,2025-04-25 20:47:44.641763,0 days 00:01:18.563630,0.02853626285929238,160,2,2,32,0.014786338924471735,128,4,1,32,0.11944985248669722,96,1,3,128,0.009498401266088762,352,464.0,,2,2,0.007747118374132941,0.6,/work3/arnaou/checkpoints/groupgat_Vc_trial_966_best_state.pt,"{'learning_rate': 0.007747118374132941, 'lr_reduce': 0.6}",TPESampler,COMPLETE
967,0.012779478915035725,2025-04-25 20:46:41.839023,2025-04-25 20:47:54.958323,0 days 00:01:13.119300,0.010825351321997023,208,4,2,48,0.010161810558916632,96,4,1,48,0.1531880182610795,80,1,2,128,0.041462487542223994,152,360.0,256.0,3,2,0.009526198520940811,0.6,/work3/arnaou/checkpoints/groupgat_Vc_trial_967_best_state.pt,"{'learning_rate': 0.009526198520940811, 'lr_reduce': 0.6}",TPESampler,COMPLETE
968,0.012214100919663906,2025-04-25 20:47:44.833803,2025-04-25 20:49:03.052954,0 days 00:01:18.219151,0.13676721626879182,240,3,2,32,0.2202743060175073,96,4,1,32,0.215128786441813,48,1,4,80,0.10573715937210884,112,424.0,400.0,3,2,0.008199755864391277,0.6,/work3/arnaou/checkpoints/groupgat_Vc_trial_968_best_state.pt,"{'learning_rate': 0.008199755864391277, 'lr_reduce': 0.6}",TPESampler,COMPLETE
969,0.012273564003407955,2025-04-25 20:47:55.382367,2025-04-25 20:48:54.823038,0 days 00:00:59.440671,0.010210724772918851,144,3,3,48,0.03680101901336308,176,4,1,32,0.04158946394860576,64,1,4,96,0.14622880891412174,120,472.0,208.0,3,2,0.005170074071176278,0.6,/work3/arnaou/checkpoints/groupgat_Vc_trial_969_best_state.pt,"{'learning_rate': 0.005170074071176278, 'lr_reduce': 0.6}",TPESampler,COMPLETE
970,0.009190507233142853,2025-04-25 20:48:11.144582,2025-04-25 20:49:19.002163,0 days 00:01:07.857581,0.001959104837379367,112,3,2,64,0.06669706526610523,128,4,2,80,0.15154421754414085,32,1,4,96,0.15908990743424992,56,400.0,,2,2,0.008725604227169233,0.6,/work3/arnaou/checkpoints/groupgat_Vc_trial_970_best_state.pt,"{'learning_rate': 0.008725604227169233, 'lr_reduce': 0.6}",TPESampler,COMPLETE
971,0.1968485414981842,2025-04-25 20:48:55.133211,2025-04-25 20:49:34.480779,0 days 00:00:39.347568,0.2169326310028528,192,4,2,48,0.07722603668796353,64,4,2,32,0.14963015604181465,112,1,2,128,0.0020911034645662296,56,472.0,272.0,3,2,0.0008537105555979028,0.6,/work3/arnaou/checkpoints/groupgat_Vc_trial_971_best_state.pt,"{'learning_rate': 0.0008537105555979028, 'lr_reduce': 0.6}",TPESampler,COMPLETE
972,0.016105467453598976,2025-04-25 20:49:03.546126,2025-04-25 20:50:07.681671,0 days 00:01:04.135545,0.04239312036885064,240,4,3,48,0.14058431068710597,160,2,3,32,0.13788672581056627,32,1,2,48,0.22639966317329974,184,432.0,376.0,3,1,0.00483288311596714,0.6,/work3/arnaou/checkpoints/groupgat_Vc_trial_972_best_state.pt,"{'learning_rate': 0.00483288311596714, 'lr_reduce': 0.6}",TPESampler,COMPLETE
973,0.014515096321702003,2025-04-25 20:49:19.293391,2025-04-25 20:50:22.130792,0 days 00:01:02.837401,0.06054990803036622,96,3,2,64,0.08958570382529005,144,4,2,80,0.0711031358226765,32,1,4,64,0.14672876738715462,80,400.0,,2,2,0.005183182663053459,0.6,/work3/arnaou/checkpoints/groupgat_Vc_trial_973_best_state.pt,"{'learning_rate': 0.005183182663053459, 'lr_reduce': 0.6}",TPESampler,COMPLETE
974,0.014284363016486168,2025-04-25 20:49:34.751633,2025-04-25 20:50:39.951256,0 days 00:01:05.199623,0.08649487690427926,192,2,1,32,0.03045950102341459,128,3,2,64,0.2983275189991538,64,4,4,64,0.22690944344692027,248,368.0,344.0,3,2,0.005862212402101266,0.6,/work3/arnaou/checkpoints/groupgat_Vc_trial_974_best_state.pt,"{'learning_rate': 0.005862212402101266, 'lr_reduce': 0.6}",TPESampler,COMPLETE
975,0.016113396733999252,2025-04-25 20:50:07.946229,2025-04-25 20:51:43.008474,0 days 00:01:35.062245,0.036166674097047796,224,1,1,80,0.05305797397128416,64,2,2,48,0.03372835496012972,96,1,1,128,0.17198209771332254,152,360.0,,2,2,0.005795948799632513,0.6,/work3/arnaou/checkpoints/groupgat_Vc_trial_975_best_state.pt,"{'learning_rate': 0.005795948799632513, 'lr_reduce': 0.6}",TPESampler,COMPLETE
976,0.013150079175829887,2025-04-25 20:50:22.407205,2025-04-25 20:51:33.164861,0 days 00:01:10.757656,0.0019144626190049849,256,4,2,64,0.13987274971876537,224,2,3,32,0.12121318394608316,64,2,2,48,0.26647965588253203,256,360.0,408.0,3,1,0.006475763998667718,0.6,/work3/arnaou/checkpoints/groupgat_Vc_trial_976_best_state.pt,"{'learning_rate': 0.006475763998667718, 'lr_reduce': 0.6}",TPESampler,COMPLETE
977,0.01039426214993,2025-04-25 20:50:40.333742,2025-04-25 20:52:15.992889,0 days 00:01:35.659147,0.017495880260622647,176,2,2,48,0.09971249174974989,160,3,2,112,0.16769412817107127,48,1,4,96,0.13944985318968503,104,,,1,2,0.006218503988047311,0.6,/work3/arnaou/checkpoints/groupgat_Vc_trial_977_best_state.pt,"{'learning_rate': 0.006218503988047311, 'lr_reduce': 0.6}",TPESampler,COMPLETE
978,0.009555711410939693,2025-04-25 20:51:33.456240,2025-04-25 20:52:40.071075,0 days 00:01:06.614835,0.09442589264149834,224,3,2,48,0.19475650581784676,80,4,1,64,0.2086438588683604,80,1,3,96,0.08914115102201188,40,384.0,,2,2,0.003856095974437205,0.6,/work3/arnaou/checkpoints/groupgat_Vc_trial_978_best_state.pt,"{'learning_rate': 0.003856095974437205, 'lr_reduce': 0.6}",TPESampler,COMPLETE
979,0.010574305430054665,2025-04-25 20:51:43.315819,2025-04-25 20:52:50.770446,0 days 00:01:07.454627,0.03282046388089139,256,2,4,96,0.18345480753391424,160,4,2,48,0.23788300032148893,48,3,2,96,0.16553249418754676,224,80.0,312.0,3,2,0.0032401025312087956,0.6,/work3/arnaou/checkpoints/groupgat_Vc_trial_979_best_state.pt,"{'learning_rate': 0.0032401025312087956, 'lr_reduce': 0.6}",TPESampler,COMPLETE
980,0.009572476148605347,2025-04-25 20:52:16.253194,2025-04-25 20:53:25.539657,0 days 00:01:09.286463,0.011812265894800484,240,3,3,64,0.18210600492832885,144,4,1,48,0.2609981995898315,32,2,1,80,0.23415814486705197,112,392.0,80.0,3,2,0.0025279502051671946,0.6,/work3/arnaou/checkpoints/groupgat_Vc_trial_980_best_state.pt,"{'learning_rate': 0.0025279502051671946, 'lr_reduce': 0.6}",TPESampler,COMPLETE
981,0.02028101682662964,2025-04-25 20:52:40.339277,2025-04-25 20:54:18.570550,0 days 00:01:38.231273,0.06445413882967041,176,3,3,48,0.09995541773544842,112,3,3,32,0.18065429424217455,80,2,3,64,0.2715572035445641,112,424.0,,2,2,0.007871240940307585,0.6,/work3/arnaou/checkpoints/groupgat_Vc_trial_981_best_state.pt,"{'learning_rate': 0.007871240940307585, 'lr_reduce': 0.6}",TPESampler,COMPLETE
982,0.012897555716335773,2025-04-25 20:52:51.077065,2025-04-25 20:53:49.619551,0 days 00:00:58.542486,0.05007767443495027,128,2,2,80,0.001567689375786177,112,3,2,64,0.23700989993775362,32,1,4,96,0.21053760916616346,136,512.0,40.0,3,1,0.005131741141764369,0.6,/work3/arnaou/checkpoints/groupgat_Vc_trial_982_best_state.pt,"{'learning_rate': 0.005131741141764369, 'lr_reduce': 0.6}",TPESampler,COMPLETE
983,0.0975087508559227,2025-04-25 20:53:26.732142,2025-04-25 20:54:00.517614,0 days 00:00:33.785472,0.1126218969819939,240,4,2,48,0.15248943225931944,144,3,3,32,0.12970688965054805,80,1,1,112,0.04276722507320584,48,512.0,376.0,3,2,0.0010428391015129713,0.6,/work3/arnaou/checkpoints/groupgat_Vc_trial_983_best_state.pt,"{'learning_rate': 0.0010428391015129713, 'lr_reduce': 0.6}",TPESampler,COMPLETE
984,0.020156094804406166,2025-04-25 20:53:49.893377,2025-04-25 20:55:01.415678,0 days 00:01:11.522301,0.04006858956964246,192,4,4,64,0.21576096450499435,208,3,4,32,0.04766542800983409,32,2,2,96,0.2258686485340233,224,368.0,312.0,3,1,0.009017815932901862,0.6,/work3/arnaou/checkpoints/groupgat_Vc_trial_984_best_state.pt,"{'learning_rate': 0.009017815932901862, 'lr_reduce': 0.6}",TPESampler,COMPLETE
985,0.011212863028049469,2025-04-25 20:54:01.313416,2025-04-25 20:55:03.498630,0 days 00:01:02.185214,0.040306277978840024,192,4,2,48,0.025899091334293578,128,4,1,64,0.0485469779350741,96,1,3,128,0.017527636316059962,280,472.0,472.0,3,2,0.0026464070620282045,0.6,/work3/arnaou/checkpoints/groupgat_Vc_trial_985_best_state.pt,"{'learning_rate': 0.0026464070620282045, 'lr_reduce': 0.6}",TPESampler,COMPLETE
986,0.01519685797393322,2025-04-25 20:54:18.814032,2025-04-25 20:55:44.442436,0 days 00:01:25.628404,0.044425847633725465,112,3,2,48,0.03798507526417354,144,4,1,64,0.16618489669492034,32,2,4,96,0.21321718624796365,88,408.0,,2,2,0.006604442067969486,0.6,/work3/arnaou/checkpoints/groupgat_Vc_trial_986_best_state.pt,"{'learning_rate': 0.006604442067969486, 'lr_reduce': 0.6}",TPESampler,COMPLETE
987,0.01880166493356228,2025-04-25 20:55:01.647761,2025-04-25 20:56:38.116260,0 days 00:01:36.468499,0.013488247462682072,128,4,2,48,0.03946103183781945,192,4,2,96,0.22788728968762123,48,1,4,96,0.1340499765901826,40,440.0,,2,2,0.0069425729637802224,0.6,/work3/arnaou/checkpoints/groupgat_Vc_trial_987_best_state.pt,"{'learning_rate': 0.0069425729637802224, 'lr_reduce': 0.6}",TPESampler,COMPLETE
988,0.015595164149999619,2025-04-25 20:55:03.734121,2025-04-25 20:56:14.740953,0 days 00:01:11.006832,0.09507358554383899,176,4,4,32,0.11572810110626774,64,3,1,32,0.25882555996226553,80,3,3,112,0.16495858178880818,152,472.0,296.0,3,1,0.0081704552147277,0.6,/work3/arnaou/checkpoints/groupgat_Vc_trial_988_best_state.pt,"{'learning_rate': 0.0081704552147277, 'lr_reduce': 0.6}",TPESampler,COMPLETE
989,0.012787756510078907,2025-04-25 20:55:44.635299,2025-04-25 20:56:57.189335,0 days 00:01:12.554036,0.019000633947555835,256,2,3,64,0.08218878961281001,240,1,2,32,0.23696435116979891,48,1,2,48,0.22979573476860393,72,128.0,360.0,3,2,0.007880084064110135,0.6,/work3/arnaou/checkpoints/groupgat_Vc_trial_989_best_state.pt,"{'learning_rate': 0.007880084064110135, 'lr_reduce': 0.6}",TPESampler,COMPLETE
990,0.011763347312808037,2025-04-25 20:56:15.009059,2025-04-25 20:57:07.173982,0 days 00:00:52.164923,0.00730767534609604,160,4,2,64,0.07678074275870544,208,3,1,80,0.03219184327224345,48,1,3,112,0.01653690699941066,32,408.0,288.0,3,2,0.003151667425906897,0.6,/work3/arnaou/checkpoints/groupgat_Vc_trial_990_best_state.pt,"{'learning_rate': 0.003151667425906897, 'lr_reduce': 0.6}",TPESampler,COMPLETE
991,0.02491878531873226,2025-04-25 20:56:38.441870,2025-04-25 20:58:00.814370,0 days 00:01:22.372500,0.11951666066908145,224,1,3,32,0.21508089114325768,192,3,4,64,0.19779048205603877,128,1,2,64,0.022809793067111617,72,,,1,1,0.005785678615958414,0.6,/work3/arnaou/checkpoints/groupgat_Vc_trial_991_best_state.pt,"{'learning_rate': 0.005785678615958414, 'lr_reduce': 0.6}",TPESampler,COMPLETE
992,0.010252065025269985,2025-04-25 20:56:57.438403,2025-04-25 20:57:53.651819,0 days 00:00:56.213416,0.03121120621377957,208,4,2,80,0.1953597267725916,64,3,2,32,0.21062903730552085,48,2,3,64,0.24051490176433546,176,480.0,352.0,3,2,0.002518997152588741,0.6,/work3/arnaou/checkpoints/groupgat_Vc_trial_992_best_state.pt,"{'learning_rate': 0.002518997152588741, 'lr_reduce': 0.6}",TPESampler,COMPLETE
993,0.015247324481606483,2025-04-25 20:57:07.548693,2025-04-25 20:58:46.360101,0 days 00:01:38.811408,0.03188064684406026,256,2,4,64,0.1718934432934727,144,2,2,32,0.2870874405856785,112,1,3,96,0.17974576214584564,232,344.0,,2,2,0.0009563797987944746,0.6,/work3/arnaou/checkpoints/groupgat_Vc_trial_993_best_state.pt,"{'learning_rate': 0.0009563797987944746, 'lr_reduce': 0.6}",TPESampler,COMPLETE
994,0.012566101737320423,2025-04-25 20:57:54.019448,2025-04-25 20:59:02.599217,0 days 00:01:08.579769,0.0054641428745618534,144,3,3,64,0.07872551334107893,96,4,1,112,0.12071891492418232,48,2,4,64,0.2853352817867125,32,,,1,2,0.0071642960856897675,0.6,/work3/arnaou/checkpoints/groupgat_Vc_trial_994_best_state.pt,"{'learning_rate': 0.0071642960856897675, 'lr_reduce': 0.6}",TPESampler,COMPLETE
995,0.010731454007327557,2025-04-25 20:58:01.137246,2025-04-25 20:58:51.614632,0 days 00:00:50.477386,0.01937187076326755,208,4,3,80,0.1872820617182099,112,4,2,48,0.2658811890871337,48,1,2,64,0.14466010336282437,304,432.0,288.0,3,2,0.001523883644355799,0.6,/work3/arnaou/checkpoints/groupgat_Vc_trial_995_best_state.pt,"{'learning_rate': 0.001523883644355799, 'lr_reduce': 0.6}",TPESampler,COMPLETE
996,0.014110345393419266,2025-04-25 20:58:46.648196,2025-04-25 20:59:50.573468,0 days 00:01:03.925272,0.0342098386277228,80,3,3,32,0.12134152981150996,144,3,3,80,0.19617865613368723,32,1,4,80,0.13639185151711727,72,512.0,,2,2,0.00449684294463115,0.6,/work3/arnaou/checkpoints/groupgat_Vc_trial_996_best_state.pt,"{'learning_rate': 0.00449684294463115, 'lr_reduce': 0.6}",TPESampler,COMPLETE
997,0.012112298049032688,2025-04-25 20:58:51.946021,2025-04-25 20:59:53.811995,0 days 00:01:01.865974,0.07091063150984654,192,4,4,32,0.043776182178916934,224,1,3,48,0.08266912243142835,48,2,3,80,0.2540513977697565,272,440.0,400.0,3,1,0.00450118890162866,0.6,/work3/arnaou/checkpoints/groupgat_Vc_trial_997_best_state.pt,"{'learning_rate': 0.00450118890162866, 'lr_reduce': 0.6}",TPESampler,COMPLETE
998,0.017109571024775505,2025-04-25 20:59:02.828387,2025-04-25 20:59:52.755721,0 days 00:00:49.927334,0.05325492706719072,256,3,4,80,0.14107944151809337,112,2,1,32,0.20365322433873173,64,1,4,112,0.12109825295045323,224,472.0,,2,2,0.0017104154925381481,0.6,/work3/arnaou/checkpoints/groupgat_Vc_trial_998_best_state.pt,"{'learning_rate': 0.0017104154925381481, 'lr_reduce': 0.6}",TPESampler,COMPLETE
999,0.009414534084498882,2025-04-25 20:59:50.824033,2025-04-25 21:01:04.044109,0 days 00:01:13.220076,0.027939539344456123,256,4,3,32,0.111122352039622,176,4,2,48,0.16998800115564144,128,1,2,96,0.0001473184108448239,40,400.0,,2,2,0.0051647168107070915,0.6,/work3/arnaou/checkpoints/groupgat_Vc_trial_999_best_state.pt,"{'learning_rate': 0.0051647168107070915, 'lr_reduce': 0.6}",TPESampler,COMPLETE
1000,0.01888837292790413,2025-04-25 20:59:52.956229,2025-04-25 21:01:09.442229,0 days 00:01:16.486000,0.016034319765515604,112,1,3,64,0.08687217630219139,144,4,3,48,0.050757173288335636,32,1,4,96,0.16796305172986256,40,472.0,,2,2,0.008760396138498246,0.6,/work3/arnaou/checkpoints/groupgat_Vc_trial_1000_best_state.pt,"{'learning_rate': 0.008760396138498246, 'lr_reduce': 0.6}",TPESampler,COMPLETE
1001,0.019718337804079056,2025-04-25 20:59:54.003153,2025-04-25 21:01:50.842823,0 days 00:01:56.839670,0.05505347177368475,256,3,3,64,0.12450898291612852,192,1,2,32,0.23426767924443131,32,1,2,48,0.17869409257718652,336,360.0,,2,2,0.004871709340271861,0.6,/work3/arnaou/checkpoints/groupgat_Vc_trial_1001_best_state.pt,"{'learning_rate': 0.004871709340271861, 'lr_reduce': 0.6}",TPESampler,COMPLETE
1002,0.019414173439145088,2025-04-25 21:01:04.313579,2025-04-25 21:02:55.134592,0 days 00:01:50.821013,0.034528975477794197,112,3,3,64,0.16680540211407308,160,3,3,32,0.2911769586497952,112,3,1,64,0.17555832748409517,208,,,1,2,0.0038414097928393914,0.6,/work3/arnaou/checkpoints/groupgat_Vc_trial_1002_best_state.pt,"{'learning_rate': 0.0038414097928393914, 'lr_reduce': 0.6}",TPESampler,COMPLETE
1003,0.015648653730750084,2025-04-25 21:01:09.676031,2025-04-25 21:02:11.112277,0 days 00:01:01.436246,0.09078494391373292,256,3,4,64,0.11677381176213916,112,3,4,32,0.22586942922495507,64,3,2,96,0.2728193487641151,232,432.0,328.0,3,1,0.0070619576403399675,0.6,/work3/arnaou/checkpoints/groupgat_Vc_trial_1003_best_state.pt,"{'learning_rate': 0.0070619576403399675, 'lr_reduce': 0.6}",TPESampler,COMPLETE
1004,0.013530248776078224,2025-04-25 21:01:51.107151,2025-04-25 21:03:20.492329,0 days 00:01:29.385178,0.009965939024555594,256,3,3,64,0.09562099693953452,160,3,2,48,0.25890800166638606,96,1,3,128,0.2977294451615239,112,512.0,272.0,3,2,0.0011521377931752081,0.6,/work3/arnaou/checkpoints/groupgat_Vc_trial_1004_best_state.pt,"{'learning_rate': 0.0011521377931752081, 'lr_reduce': 0.6}",TPESampler,COMPLETE
1005,0.022522849962115288,2025-04-25 21:02:11.342235,2025-04-25 21:03:41.549764,0 days 00:01:30.207529,0.025110606619603373,80,3,2,48,0.12137515762834619,128,3,1,80,0.18127888769400557,48,1,3,96,0.07846058739490604,72,440.0,,2,2,0.00712937978908311,0.6,/work3/arnaou/checkpoints/groupgat_Vc_trial_1005_best_state.pt,"{'learning_rate': 0.00712937978908311, 'lr_reduce': 0.6}",TPESampler,COMPLETE
1006,0.04476029425859451,2025-04-25 21:02:55.434730,2025-04-25 21:03:38.013403,0 days 00:00:42.578673,0.01210737588622593,256,4,4,80,0.21142504314399435,192,3,1,48,0.28433474534947073,48,3,3,128,0.18954136209642236,232,392.0,344.0,3,1,0.00805855124185324,0.6,/work3/arnaou/checkpoints/groupgat_Vc_trial_1006_best_state.pt,"{'learning_rate': 0.00805855124185324, 'lr_reduce': 0.6}",TPESampler,COMPLETE
1007,0.018620306625962257,2025-04-25 21:03:20.723751,2025-04-25 21:05:12.404079,0 days 00:01:51.680328,0.030963854820623693,64,4,2,64,0.031833980651303266,80,3,2,96,0.08318070254739568,32,1,4,112,0.14195159173250593,48,472.0,,2,2,0.007811276778526299,0.6,/work3/arnaou/checkpoints/groupgat_Vc_trial_1007_best_state.pt,"{'learning_rate': 0.007811276778526299, 'lr_reduce': 0.6}",TPESampler,COMPLETE
1008,0.01928883045911789,2025-04-25 21:03:38.295803,2025-04-25 21:04:49.163499,0 days 00:01:10.867696,0.22193684535970018,208,1,2,32,0.01580106120109304,112,2,2,64,0.25553393484418857,112,4,4,96,0.13425388138604769,376,472.0,,2,2,0.005814196537122655,0.6,/work3/arnaou/checkpoints/groupgat_Vc_trial_1008_best_state.pt,"{'learning_rate': 0.005814196537122655, 'lr_reduce': 0.6}",TPESampler,COMPLETE
1009,0.012468027882277966,2025-04-25 21:03:41.742315,2025-04-25 21:04:53.859201,0 days 00:01:12.116886,0.192335144723298,256,1,3,48,0.06568476676324907,112,2,3,48,0.27861091306456864,80,4,4,96,0.2340508745394769,144,400.0,272.0,3,2,0.006835763967298785,0.6,/work3/arnaou/checkpoints/groupgat_Vc_trial_1009_best_state.pt,"{'learning_rate': 0.006835763967298785, 'lr_reduce': 0.6}",TPESampler,COMPLETE
1010,0.010890749283134937,2025-04-25 21:04:49.473091,2025-04-25 21:05:45.416535,0 days 00:00:55.943444,0.022230568541351154,240,1,1,64,0.19377165062148882,112,3,1,48,0.013083823394517666,112,1,1,128,0.1050881000352726,104,440.0,,2,1,0.004821321733800913,0.6,/work3/arnaou/checkpoints/groupgat_Vc_trial_1010_best_state.pt,"{'learning_rate': 0.004821321733800913, 'lr_reduce': 0.6}",TPESampler,COMPLETE
