number,value,datetime_start,datetime_complete,duration,params_L1_dropout,params_L1_hidden_dim,params_L1_layers_atom,params_L1_layers_mol,params_L1_out_dim,params_L2_dropout,params_L2_hidden_dim,params_L2_layers_atom,params_L2_layers_mol,params_L2_out_dim,params_L3_dropout,params_L3_hidden_dim,params_L3_layers_atom,params_L3_layers_mol,params_L3_out_dim,params_final_dropout,params_mlp_dim_0,params_mlp_dim_1,params_mlp_dim_2,params_n_mlp_layers,params_num_heads,params_train_learning_rate,params_train_lr_reduce,user_attrs_best_state_dict_path,user_attrs_training_params,system_attrs_auto:sampler,state
427,0.016669493168592453,2025-04-25 17:07:50.679954,2025-04-25 17:09:16.509690,0 days 00:01:25.829736,0.01912275522568016,160,3,1,112,0.11076084083228788,96,4,1,32,0.08852119075381834,80,1,2,80,0.029457042365736288,120,408.0,312.0,3,2,0.0015669181683075155,0.6,/work3/arnaou/checkpoints/groupgat_Vc_trial_427_best_state.pt,"{'learning_rate': 0.0015669181683075155, 'lr_reduce': 0.6}",TPESampler,COMPLETE
428,0.03187083452939987,2025-04-25 17:08:30.994735,2025-04-25 17:09:43.297819,0 days 00:01:12.303084,0.05851583766147997,144,4,2,48,0.0620495592795131,112,3,3,112,0.22142476451277973,32,1,4,80,0.13392817504100213,176,400.0,,2,1,0.008295775137252834,0.6,/work3/arnaou/checkpoints/groupgat_Vc_trial_428_best_state.pt,"{'learning_rate': 0.008295775137252834, 'lr_reduce': 0.6}",TPESampler,COMPLETE
429,0.014164087362587452,2025-04-25 17:09:11.166129,2025-04-25 17:10:12.825966,0 days 00:01:01.659837,0.028616559090023575,80,4,3,64,0.07541958205819767,144,4,3,112,0.18751372658902185,48,1,2,80,0.15525066854226416,72,152.0,,2,2,0.003044522040305111,0.6,/work3/arnaou/checkpoints/groupgat_Vc_trial_429_best_state.pt,"{'learning_rate': 0.003044522040305111, 'lr_reduce': 0.6}",TPESampler,COMPLETE
430,0.015392481349408627,2025-04-25 17:09:16.756963,2025-04-25 17:10:32.040547,0 days 00:01:15.283584,0.05124869486970321,192,4,2,96,0.004026134276090571,112,3,1,48,0.29572346410647193,32,1,2,128,0.04895954559597657,136,320.0,,2,2,0.0047496460411619555,0.6,/work3/arnaou/checkpoints/groupgat_Vc_trial_430_best_state.pt,"{'learning_rate': 0.0047496460411619555, 'lr_reduce': 0.6}",TPESampler,COMPLETE
431,0.013963280245661736,2025-04-25 17:09:43.503544,2025-04-25 17:12:10.337500,0 days 00:02:26.833956,0.011043289739927272,256,2,1,32,0.13456169498770856,128,3,2,48,0.17111218443474557,32,2,3,112,0.04889668163248396,56,424.0,384.0,3,2,0.0006655102649262416,0.6,/work3/arnaou/checkpoints/groupgat_Vc_trial_431_best_state.pt,"{'learning_rate': 0.0006655102649262416, 'lr_reduce': 0.6}",TPESampler,COMPLETE
432,0.011559725739061832,2025-04-25 17:10:13.031443,2025-04-25 17:11:11.196922,0 days 00:00:58.165479,0.0827556636087341,224,3,4,96,0.11038861290687485,112,3,2,48,0.2433411694363401,128,2,4,96,0.20250083778178932,128,424.0,304.0,3,1,0.005205239334082668,0.6,/work3/arnaou/checkpoints/groupgat_Vc_trial_432_best_state.pt,"{'learning_rate': 0.005205239334082668, 'lr_reduce': 0.6}",TPESampler,COMPLETE
433,0.013900835067033768,2025-04-25 17:10:32.346131,2025-04-25 17:11:49.364144,0 days 00:01:17.018013,0.054377661931721805,160,2,1,128,0.1416294578027349,128,4,1,32,0.221100030472072,128,2,3,112,0.028272943670759654,336,440.0,,2,2,0.0039595210903206795,0.6,/work3/arnaou/checkpoints/groupgat_Vc_trial_433_best_state.pt,"{'learning_rate': 0.0039595210903206795, 'lr_reduce': 0.6}",TPESampler,COMPLETE
434,0.014676743187010288,2025-04-25 17:11:11.370614,2025-04-25 17:12:45.054156,0 days 00:01:33.683542,0.16400052653477704,240,4,4,32,0.060186938955582525,176,3,2,32,0.27796663362135576,48,1,1,32,0.18419316628631907,376,80.0,,2,2,0.00789982336890619,0.6,/work3/arnaou/checkpoints/groupgat_Vc_trial_434_best_state.pt,"{'learning_rate': 0.00789982336890619, 'lr_reduce': 0.6}",TPESampler,COMPLETE
435,0.020971952006220818,2025-04-25 17:11:49.592746,2025-04-25 17:13:26.055650,0 days 00:01:36.462904,0.07263834401135794,128,4,2,48,0.23138144936103075,144,3,3,80,0.21113736977564496,48,2,3,112,0.2530962866520876,144,,,1,2,0.006486053282734022,0.6,/work3/arnaou/checkpoints/groupgat_Vc_trial_435_best_state.pt,"{'learning_rate': 0.006486053282734022, 'lr_reduce': 0.6}",TPESampler,COMPLETE
436,0.011864973232150078,2025-04-25 17:12:10.633903,2025-04-25 17:14:03.569871,0 days 00:01:52.935968,0.034061652620038144,128,4,4,32,0.06548667018523274,112,3,3,64,0.2807185037643803,48,4,3,48,0.13739609592515106,376,376.0,304.0,3,2,0.0011394377576578562,0.6,/work3/arnaou/checkpoints/groupgat_Vc_trial_436_best_state.pt,"{'learning_rate': 0.0011394377576578562, 'lr_reduce': 0.6}",TPESampler,COMPLETE
437,0.011886666528880596,2025-04-25 17:12:45.231771,2025-04-25 17:13:46.289510,0 days 00:01:01.057739,0.09268561992578607,144,4,3,96,0.038334064621785416,128,4,1,80,0.14149597738362163,32,1,4,64,0.2868759906950902,136,,,1,2,0.005186307671596008,0.6,/work3/arnaou/checkpoints/groupgat_Vc_trial_437_best_state.pt,"{'learning_rate': 0.005186307671596008, 'lr_reduce': 0.6}",TPESampler,COMPLETE
438,0.011740721762180328,2025-04-25 17:13:26.315419,2025-04-25 17:14:37.141078,0 days 00:01:10.825659,0.03485735568956277,192,4,3,32,0.1014295616101909,144,4,2,96,0.17872239617237773,32,1,4,64,0.25212217836364753,304,456.0,,2,2,0.005581201778715234,0.6,/work3/arnaou/checkpoints/groupgat_Vc_trial_438_best_state.pt,"{'learning_rate': 0.005581201778715234, 'lr_reduce': 0.6}",TPESampler,COMPLETE
439,0.013319553807377815,2025-04-25 17:13:46.459165,2025-04-25 17:14:40.760905,0 days 00:00:54.301740,0.047721838972358675,80,3,2,32,0.23988559613231086,128,4,2,64,0.21078638456192308,48,1,3,64,0.26545528233779914,168,,,1,2,0.004300114021922224,0.6,/work3/arnaou/checkpoints/groupgat_Vc_trial_439_best_state.pt,"{'learning_rate': 0.004300114021922224, 'lr_reduce': 0.6}",TPESampler,COMPLETE
440,0.02398195117712021,2025-04-25 17:14:03.807774,2025-04-25 17:15:32.156480,0 days 00:01:28.348706,0.007318614007781677,128,2,4,80,0.02992956257668008,160,4,3,96,0.26931589398906103,80,3,4,96,0.271374847668992,256,,,1,2,0.008534823020814613,0.6,/work3/arnaou/checkpoints/groupgat_Vc_trial_440_best_state.pt,"{'learning_rate': 0.008534823020814613, 'lr_reduce': 0.6}",TPESampler,COMPLETE
441,0.013056044466793537,2025-04-25 17:14:37.305808,2025-04-25 17:15:55.663228,0 days 00:01:18.357420,0.0012177547866165442,144,4,1,32,0.13835603136070335,144,4,4,112,0.23099620874904672,48,1,3,96,0.25795007530392944,168,,,1,2,0.002699666575018134,0.6,/work3/arnaou/checkpoints/groupgat_Vc_trial_441_best_state.pt,"{'learning_rate': 0.002699666575018134, 'lr_reduce': 0.6}",TPESampler,COMPLETE
442,0.014625105075538158,2025-04-25 17:14:41.017494,2025-04-25 17:15:33.826737,0 days 00:00:52.809243,0.0027954530342179577,176,2,2,32,0.12456795225886075,64,2,1,32,0.18457838117041458,112,1,1,64,0.09997682516591253,168,,,1,2,0.003961562826493124,0.6,/work3/arnaou/checkpoints/groupgat_Vc_trial_442_best_state.pt,"{'learning_rate': 0.003961562826493124, 'lr_reduce': 0.6}",TPESampler,COMPLETE
443,0.011301488615572453,2025-04-25 17:15:32.389412,2025-04-25 17:17:45.890954,0 days 00:02:13.501542,0.074818475984966,176,4,3,48,0.1230177272024816,64,3,1,112,0.2761803483468478,32,2,4,80,0.24439092890095002,176,400.0,,2,2,0.0023679078323750337,0.6,/work3/arnaou/checkpoints/groupgat_Vc_trial_443_best_state.pt,"{'learning_rate': 0.0023679078323750337, 'lr_reduce': 0.6}",TPESampler,COMPLETE
444,0.012746899388730526,2025-04-25 17:15:34.058984,2025-04-25 17:16:41.799444,0 days 00:01:07.740460,0.03443462907220462,96,4,3,96,0.10279702882334679,144,3,1,80,0.25620554820510566,64,1,4,80,0.2578422289572767,72,32.0,,2,2,0.008064769247795785,0.6,/work3/arnaou/checkpoints/groupgat_Vc_trial_444_best_state.pt,"{'learning_rate': 0.008064769247795785, 'lr_reduce': 0.6}",TPESampler,COMPLETE
445,0.012514477595686913,2025-04-25 17:15:55.874590,2025-04-25 17:17:36.904284,0 days 00:01:41.029694,0.02833497470030055,160,4,3,48,0.06381493982259862,128,4,1,96,0.18063603916766557,32,1,4,80,0.27770359135744693,96,456.0,448.0,3,1,0.00633195101045903,0.6,/work3/arnaou/checkpoints/groupgat_Vc_trial_445_best_state.pt,"{'learning_rate': 0.00633195101045903, 'lr_reduce': 0.6}",TPESampler,COMPLETE
446,0.014909477904438972,2025-04-25 17:16:42.167709,2025-04-25 17:18:50.573081,0 days 00:02:08.405372,0.012906457417635686,192,3,2,80,0.17795778862801506,160,4,3,64,0.21496727277255506,48,1,3,64,0.29175345294713173,136,368.0,352.0,3,2,0.0008320019407678852,0.6,/work3/arnaou/checkpoints/groupgat_Vc_trial_446_best_state.pt,"{'learning_rate': 0.0008320019407678852, 'lr_reduce': 0.6}",TPESampler,COMPLETE
447,0.01391654647886753,2025-04-25 17:17:37.133056,2025-04-25 17:19:03.595330,0 days 00:01:26.462274,0.04606606903601525,144,4,1,80,0.10396592485075729,144,4,2,112,0.19091259940082,32,1,4,64,0.1881842546019696,200,456.0,,2,2,0.008959194356657194,0.6,/work3/arnaou/checkpoints/groupgat_Vc_trial_447_best_state.pt,"{'learning_rate': 0.008959194356657194, 'lr_reduce': 0.6}",TPESampler,COMPLETE
448,0.012003296054899693,2025-04-25 17:17:46.107273,2025-04-25 17:18:59.955226,0 days 00:01:13.847953,0.015450931122390621,64,4,3,48,0.07668959984757713,64,4,1,128,0.2964093420835306,48,2,4,80,0.26086572548868303,40,416.0,,2,2,0.0068485547068759456,0.6,/work3/arnaou/checkpoints/groupgat_Vc_trial_448_best_state.pt,"{'learning_rate': 0.0068485547068759456, 'lr_reduce': 0.6}",TPESampler,COMPLETE
449,0.011000274680554867,2025-04-25 17:18:50.735994,2025-04-25 17:20:06.876442,0 days 00:01:16.140448,0.0005248364055253987,256,3,3,32,0.11406124906152434,112,4,1,48,0.2589101459534816,64,1,4,64,0.051929151334681095,136,328.0,,2,1,0.0007106254159706978,0.6,/work3/arnaou/checkpoints/groupgat_Vc_trial_449_best_state.pt,"{'learning_rate': 0.0007106254159706978, 'lr_reduce': 0.6}",TPESampler,COMPLETE
450,0.012395388446748257,2025-04-25 17:19:00.140618,2025-04-25 17:20:20.349973,0 days 00:01:20.209355,0.22298856949456602,192,3,2,80,0.08012796839105057,192,2,3,48,0.19153578097570997,96,1,4,112,0.26758133800645384,192,464.0,272.0,3,2,0.007042354335196152,0.6,/work3/arnaou/checkpoints/groupgat_Vc_trial_450_best_state.pt,"{'learning_rate': 0.007042354335196152, 'lr_reduce': 0.6}",TPESampler,COMPLETE
451,0.029039477929472923,2025-04-25 17:19:03.856716,2025-04-25 17:20:52.905310,0 days 00:01:49.048594,0.034173152559440985,224,3,2,48,0.11787782936277462,64,4,2,48,0.2560690632350152,32,1,3,112,0.2861389021472443,72,408.0,,2,2,0.0004946446469475074,0.6,/work3/arnaou/checkpoints/groupgat_Vc_trial_451_best_state.pt,"{'learning_rate': 0.0004946446469475074, 'lr_reduce': 0.6}",TPESampler,COMPLETE
452,0.012064559385180473,2025-04-25 17:20:07.137423,2025-04-25 17:22:18.089204,0 days 00:02:10.951781,0.027826934021990494,112,3,2,64,0.09853017128460362,128,4,2,96,0.2065585608587906,32,1,4,112,0.13961459886318775,72,472.0,,2,2,0.001664874852253035,0.6,/work3/arnaou/checkpoints/groupgat_Vc_trial_452_best_state.pt,"{'learning_rate': 0.001664874852253035, 'lr_reduce': 0.6}",TPESampler,COMPLETE
453,0.011735876090824604,2025-04-25 17:20:20.567046,2025-04-25 17:21:28.229469,0 days 00:01:07.662423,0.02681993439802836,224,4,4,64,0.17660660293763839,176,3,2,48,0.1983002960304502,32,1,1,48,0.14493568837753132,416,384.0,376.0,3,2,0.0066240897281069945,0.6,/work3/arnaou/checkpoints/groupgat_Vc_trial_453_best_state.pt,"{'learning_rate': 0.0066240897281069945, 'lr_reduce': 0.6}",TPESampler,COMPLETE
454,0.012311187572777271,2025-04-25 17:20:53.096844,2025-04-25 17:21:44.036731,0 days 00:00:50.939887,0.07239708945668528,112,4,2,48,0.1354560336172888,144,4,3,48,0.19370934818936714,32,1,3,96,0.26476802644463593,48,,,1,2,0.003274493917576327,0.6,/work3/arnaou/checkpoints/groupgat_Vc_trial_454_best_state.pt,"{'learning_rate': 0.003274493917576327, 'lr_reduce': 0.6}",TPESampler,COMPLETE
455,0.009386804886162281,2025-04-25 17:21:28.606478,2025-04-25 17:22:48.593137,0 days 00:01:19.986659,0.13051365292148526,224,2,3,32,0.19557486036307029,176,4,4,96,0.2626177442141974,128,2,3,80,0.1306646932106561,72,,,1,2,0.006620337095598771,0.6,/work3/arnaou/checkpoints/groupgat_Vc_trial_455_best_state.pt,"{'learning_rate': 0.006620337095598771, 'lr_reduce': 0.6}",TPESampler,COMPLETE
456,0.010544699616730213,2025-04-25 17:21:44.192393,2025-04-25 17:22:41.020075,0 days 00:00:56.827682,0.0010165322945381514,176,4,3,80,0.23026998352828146,144,3,1,48,0.24453381123113546,32,2,1,80,0.2151521180719,248,472.0,,2,2,0.0028905283387864115,0.6,/work3/arnaou/checkpoints/groupgat_Vc_trial_456_best_state.pt,"{'learning_rate': 0.0028905283387864115, 'lr_reduce': 0.6}",TPESampler,COMPLETE
457,0.017437031492590904,2025-04-25 17:22:18.365956,2025-04-25 17:24:45.808547,0 days 00:02:27.442591,0.01922002965493696,208,3,3,48,0.14549110103597046,112,2,2,48,0.14046092851787167,32,1,4,80,0.2982427043837864,72,432.0,288.0,3,2,0.0005687262665766299,0.6,/work3/arnaou/checkpoints/groupgat_Vc_trial_457_best_state.pt,"{'learning_rate': 0.0005687262665766299, 'lr_reduce': 0.6}",TPESampler,COMPLETE
458,0.009986048564314842,2025-04-25 17:22:41.406902,2025-04-25 17:24:21.337434,0 days 00:01:39.930532,0.025432958476499117,176,4,3,64,0.1058194294889509,144,4,2,96,0.27375631657527144,32,3,4,48,0.2953066875247733,48,512.0,,2,2,0.0015925187836060796,0.6,/work3/arnaou/checkpoints/groupgat_Vc_trial_458_best_state.pt,"{'learning_rate': 0.0015925187836060796, 'lr_reduce': 0.6}",TPESampler,COMPLETE
459,0.015388935804367065,2025-04-25 17:22:48.859004,2025-04-25 17:23:42.512898,0 days 00:00:53.653894,0.05939173733038006,96,2,3,32,0.10518839542739705,112,2,2,80,0.22772999211682127,32,1,2,64,0.2683895485959769,64,,,1,2,0.0020761988420833506,0.6,/work3/arnaou/checkpoints/groupgat_Vc_trial_459_best_state.pt,"{'learning_rate': 0.0020761988420833506, 'lr_reduce': 0.6}",TPESampler,COMPLETE
460,0.014874277636408806,2025-04-25 17:23:42.692575,2025-04-25 17:24:47.954846,0 days 00:01:05.262271,0.03315896096213443,96,4,3,64,0.07999927139426534,144,4,2,96,0.16176835847610263,48,1,4,96,0.19571689999035985,184,80.0,,2,2,0.00788962543438095,0.6,/work3/arnaou/checkpoints/groupgat_Vc_trial_460_best_state.pt,"{'learning_rate': 0.00788962543438095, 'lr_reduce': 0.6}",TPESampler,COMPLETE
461,0.01153312437236309,2025-04-25 17:24:21.622071,2025-04-25 17:25:25.417621,0 days 00:01:03.795550,0.12138537762364843,176,1,2,48,0.185415164569297,176,4,4,64,0.19986771856681315,112,2,3,80,0.08476459068686079,56,480.0,,2,2,0.004197172728279127,0.6,/work3/arnaou/checkpoints/groupgat_Vc_trial_461_best_state.pt,"{'learning_rate': 0.004197172728279127, 'lr_reduce': 0.6}",TPESampler,COMPLETE
462,0.15155209600925446,2025-04-25 17:24:45.978912,2025-04-25 17:25:53.522071,0 days 00:01:07.543159,0.10134897928003181,208,3,3,48,0.190822246177885,208,4,4,96,0.2119970064232397,128,3,4,80,0.17600380115117167,48,,,1,2,0.005279635760205269,0.6,/work3/arnaou/checkpoints/groupgat_Vc_trial_462_best_state.pt,"{'learning_rate': 0.005279635760205269, 'lr_reduce': 0.6}",TPESampler,COMPLETE
463,0.011055663228034973,2025-04-25 17:24:48.217319,2025-04-25 17:26:03.249244,0 days 00:01:15.031925,0.14289203946182472,208,3,3,64,0.25708447634838133,96,2,1,32,0.1909822957411145,48,1,2,32,0.1873518779363972,184,320.0,248.0,3,2,0.0041996775884071335,0.6,/work3/arnaou/checkpoints/groupgat_Vc_trial_463_best_state.pt,"{'learning_rate': 0.0041996775884071335, 'lr_reduce': 0.6}",TPESampler,COMPLETE
464,0.014119945466518402,2025-04-25 17:25:25.589287,2025-04-25 17:26:19.986887,0 days 00:00:54.397600,0.021905422538221784,80,3,4,48,0.002686032045276003,208,3,3,96,0.18782971414443672,64,3,4,80,0.27548852485334,344,512.0,,2,2,0.0021392693781585558,0.6,/work3/arnaou/checkpoints/groupgat_Vc_trial_464_best_state.pt,"{'learning_rate': 0.0021392693781585558, 'lr_reduce': 0.6}",TPESampler,COMPLETE
465,0.0703492984175682,2025-04-25 17:25:53.756659,2025-04-25 17:26:32.076471,0 days 00:00:38.319812,0.042505953190551046,224,3,2,32,0.22914092724445742,64,4,2,32,0.124243060166852,48,2,2,96,0.2961703788590591,72,464.0,,2,2,0.0008852230739855785,0.6,/work3/arnaou/checkpoints/groupgat_Vc_trial_465_best_state.pt,"{'learning_rate': 0.0008852230739855785, 'lr_reduce': 0.6}",TPESampler,COMPLETE
466,0.01301183644682169,2025-04-25 17:26:03.707464,2025-04-25 17:27:23.362333,0 days 00:01:19.654869,0.021756785864232048,112,4,2,96,0.11365800603613513,208,4,1,80,0.20473960896995316,64,1,4,64,0.039336832079181594,48,456.0,,2,2,0.008411765769604602,0.6,/work3/arnaou/checkpoints/groupgat_Vc_trial_466_best_state.pt,"{'learning_rate': 0.008411765769604602, 'lr_reduce': 0.6}",TPESampler,COMPLETE
467,0.012258980423212051,2025-04-25 17:26:20.422507,2025-04-25 17:27:23.267181,0 days 00:01:02.844674,0.1842766183280875,176,1,3,32,0.21082814681320283,160,3,4,112,0.25962946867136005,112,3,3,80,0.09818478170627856,104,,,1,2,0.002416558150593376,0.6,/work3/arnaou/checkpoints/groupgat_Vc_trial_467_best_state.pt,"{'learning_rate': 0.002416558150593376, 'lr_reduce': 0.6}",TPESampler,COMPLETE
468,0.01906558871269226,2025-04-25 17:26:32.327747,2025-04-25 17:27:58.772747,0 days 00:01:26.445000,0.04419631661793662,240,3,4,80,0.10008580991256227,112,3,2,32,0.1971410162766163,96,1,3,80,0.2874379435334721,240,136.0,,2,1,0.0067177967050037445,0.6,/work3/arnaou/checkpoints/groupgat_Vc_trial_468_best_state.pt,"{'learning_rate': 0.0067177967050037445, 'lr_reduce': 0.6}",TPESampler,COMPLETE
469,0.01840727962553501,2025-04-25 17:27:23.411824,2025-04-25 17:28:59.469508,0 days 00:01:36.057684,0.17043869104653322,224,2,2,32,0.24266022767825443,208,4,3,64,0.2699564886771719,96,2,2,32,0.12694829530864649,72,,,1,2,0.0070846165369731085,0.6,/work3/arnaou/checkpoints/groupgat_Vc_trial_469_best_state.pt,"{'learning_rate': 0.0070846165369731085, 'lr_reduce': 0.6}",TPESampler,COMPLETE
470,0.012250176630914211,2025-04-25 17:27:23.513283,2025-04-25 17:28:45.082503,0 days 00:01:21.569220,0.005540020995726511,240,4,3,80,0.014412563258243697,128,3,3,64,0.2844851192972277,64,4,4,96,0.1762293967132262,96,424.0,,2,2,0.002886112850325797,0.6,/work3/arnaou/checkpoints/groupgat_Vc_trial_470_best_state.pt,"{'learning_rate': 0.002886112850325797, 'lr_reduce': 0.6}",TPESampler,COMPLETE
471,0.011496429331600666,2025-04-25 17:27:58.989547,2025-04-25 17:29:19.731199,0 days 00:01:20.741652,0.10495115580674806,224,3,2,48,0.2564320475391034,192,4,2,48,0.29877205436510407,48,1,4,96,0.05540161404268898,104,472.0,264.0,3,2,0.00369471378307662,0.6,/work3/arnaou/checkpoints/groupgat_Vc_trial_471_best_state.pt,"{'learning_rate': 0.00369471378307662, 'lr_reduce': 0.6}",TPESampler,COMPLETE
472,0.023631328716874123,2025-04-25 17:28:45.266227,2025-04-25 17:30:08.856602,0 days 00:01:23.590375,0.131012233231971,240,2,3,48,0.1811369798263374,192,4,4,96,0.23779833360368732,96,2,2,80,0.13081397053158644,112,,,1,2,0.007194143624685586,0.6,/work3/arnaou/checkpoints/groupgat_Vc_trial_472_best_state.pt,"{'learning_rate': 0.007194143624685586, 'lr_reduce': 0.6}",TPESampler,COMPLETE
473,0.012464750558137894,2025-04-25 17:28:59.652772,2025-04-25 17:29:51.366335,0 days 00:00:51.713563,0.023931870917155863,224,2,2,48,0.05315168360379058,128,3,2,48,0.25624930549752156,96,1,3,48,0.24206976049913762,216,32.0,,2,2,0.002890715325443309,0.6,/work3/arnaou/checkpoints/groupgat_Vc_trial_473_best_state.pt,"{'learning_rate': 0.002890715325443309, 'lr_reduce': 0.6}",TPESampler,COMPLETE
474,0.016412800177931786,2025-04-25 17:29:19.898483,2025-04-25 17:31:02.156742,0 days 00:01:42.258259,0.023173924804938455,112,3,4,48,0.1255650713819872,80,3,2,32,0.2906101085438334,80,2,2,64,0.23276452317389612,216,,,1,2,0.009809276189042744,0.6,/work3/arnaou/checkpoints/groupgat_Vc_trial_474_best_state.pt,"{'learning_rate': 0.009809276189042744, 'lr_reduce': 0.6}",TPESampler,COMPLETE
475,0.014951135031878948,2025-04-25 17:29:51.757518,2025-04-25 17:30:50.742293,0 days 00:00:58.984775,0.04170661313970389,112,2,3,48,0.2195532721731733,160,4,4,80,0.24102434981084828,32,1,3,80,0.24128037458255455,64,,,1,2,0.006511445150248214,0.6,/work3/arnaou/checkpoints/groupgat_Vc_trial_475_best_state.pt,"{'learning_rate': 0.006511445150248214, 'lr_reduce': 0.6}",TPESampler,COMPLETE
476,0.014629439450800419,2025-04-25 17:30:09.029180,2025-04-25 17:31:39.862170,0 days 00:01:30.832990,0.1526690295967809,256,1,3,48,0.004270821197490122,128,3,2,48,0.1733803645587388,80,4,4,96,0.1841418561713715,320,368.0,280.0,3,2,0.00805037554201669,0.6,/work3/arnaou/checkpoints/groupgat_Vc_trial_476_best_state.pt,"{'learning_rate': 0.00805037554201669, 'lr_reduce': 0.6}",TPESampler,COMPLETE
477,0.016361970454454422,2025-04-25 17:30:50.965682,2025-04-25 17:31:59.967711,0 days 00:01:09.002029,0.04796500400073603,176,3,4,48,0.14266400417471875,160,1,2,32,0.07977608492333745,96,1,2,64,0.1734909529142522,376,512.0,224.0,3,2,0.006299311951446232,0.6,/work3/arnaou/checkpoints/groupgat_Vc_trial_477_best_state.pt,"{'learning_rate': 0.006299311951446232, 'lr_reduce': 0.6}",TPESampler,COMPLETE
478,0.012866045348346233,2025-04-25 17:31:02.375969,2025-04-25 17:32:02.851138,0 days 00:01:00.475169,0.01120783874656698,224,3,2,96,0.025260167228861152,64,2,2,48,0.19476645827157593,112,1,3,80,0.2338987398461687,40,424.0,,2,2,0.006974830447574626,0.6,/work3/arnaou/checkpoints/groupgat_Vc_trial_478_best_state.pt,"{'learning_rate': 0.006974830447574626, 'lr_reduce': 0.6}",TPESampler,COMPLETE
479,0.013198761269450188,2025-04-25 17:31:40.087325,2025-04-25 17:32:51.092783,0 days 00:01:11.005458,0.041326364649409565,144,4,2,32,0.12998945667929102,64,3,2,80,0.2506100888112431,32,1,2,64,0.1100437026460251,72,,,1,2,0.0021656905697020916,0.6,/work3/arnaou/checkpoints/groupgat_Vc_trial_479_best_state.pt,"{'learning_rate': 0.0021656905697020916, 'lr_reduce': 0.6}",TPESampler,COMPLETE
480,0.010906519368290901,2025-04-25 17:32:00.204079,2025-04-25 17:32:50.225922,0 days 00:00:50.021843,0.023931456393853304,160,4,3,32,0.18738779058602834,128,4,4,64,0.2621740819628971,80,1,3,48,0.18597087716121158,80,304.0,,2,2,0.0025944236786334925,0.6,/work3/arnaou/checkpoints/groupgat_Vc_trial_480_best_state.pt,"{'learning_rate': 0.0025944236786334925, 'lr_reduce': 0.6}",TPESampler,COMPLETE
