number,value,datetime_start,datetime_complete,duration,params_L1_dropout,params_L1_hidden_dim,params_L1_layers_atom,params_L1_layers_mol,params_L1_out_dim,params_L2_dropout,params_L2_hidden_dim,params_L2_layers_atom,params_L2_layers_mol,params_L2_out_dim,params_L3_dropout,params_L3_hidden_dim,params_L3_layers_atom,params_L3_layers_mol,params_L3_out_dim,params_final_dropout,params_mlp_dim_0,params_mlp_dim_1,params_mlp_dim_2,params_n_mlp_layers,params_num_heads,params_train_learning_rate,params_train_lr_reduce,user_attrs_best_state_dict_path,user_attrs_training_params,system_attrs_auto:sampler,state
534,0.010761636309325695,2025-04-25 17:54:00.600990,2025-04-25 17:54:43.643112,0 days 00:00:43.042122,0.09733228843882595,256,2,4,32,0.09810092205604093,192,2,1,48,0.19868443986430948,48,2,2,64,0.22280829036920038,272,504.0,312.0,3,1,0.001826106651614132,0.6,/work3/arnaou/checkpoints/groupgat_Vc_trial_534_best_state.pt,"{'learning_rate': 0.001826106651614132, 'lr_reduce': 0.6}",TPESampler,COMPLETE
535,0.012311194092035294,2025-04-25 17:54:19.581470,2025-04-25 17:55:32.147634,0 days 00:01:12.566164,0.10282474871785735,192,4,2,64,0.023149084899209693,80,4,1,96,0.17922348240282004,48,2,4,112,0.2357743516081636,48,472.0,,2,2,0.003993173645335534,0.6,/work3/arnaou/checkpoints/groupgat_Vc_trial_535_best_state.pt,"{'learning_rate': 0.003993173645335534, 'lr_reduce': 0.6}",TPESampler,COMPLETE
536,0.011752608232200146,2025-04-25 17:54:26.663149,2025-04-25 17:55:56.153850,0 days 00:01:29.490701,0.030505836663797775,176,4,3,48,0.23640367893277636,96,4,1,32,0.1955951748282676,64,1,2,96,0.2731101359039891,80,512.0,400.0,3,2,0.0047009977491075695,0.6,/work3/arnaou/checkpoints/groupgat_Vc_trial_536_best_state.pt,"{'learning_rate': 0.0047009977491075695, 'lr_reduce': 0.6}",TPESampler,COMPLETE
537,0.013570127077400684,2025-04-25 17:54:43.808558,2025-04-25 17:55:57.223961,0 days 00:01:13.415403,0.03984881972103753,208,3,1,96,0.08189735737901947,144,3,2,48,0.20398995229737205,96,3,2,96,0.00016497310727898486,168,80.0,320.0,3,2,0.004866422129634327,0.6,/work3/arnaou/checkpoints/groupgat_Vc_trial_537_best_state.pt,"{'learning_rate': 0.004866422129634327, 'lr_reduce': 0.6}",TPESampler,COMPLETE
538,0.011191228404641151,2025-04-25 17:55:32.325857,2025-04-25 17:56:34.897487,0 days 00:01:02.571630,0.08221454895335048,224,4,4,64,0.05314227707363932,224,3,2,48,0.1912630545973544,32,2,1,32,0.2800242579751054,264,472.0,304.0,3,2,0.002933257948113736,0.6,/work3/arnaou/checkpoints/groupgat_Vc_trial_538_best_state.pt,"{'learning_rate': 0.002933257948113736, 'lr_reduce': 0.6}",TPESampler,COMPLETE
539,0.015865568071603775,2025-04-25 17:55:56.374173,2025-04-25 17:57:19.025556,0 days 00:01:22.651383,0.05409947797056807,240,2,1,64,0.22049077597329425,112,3,1,64,0.09932455517739885,32,2,3,112,0.02660665345121469,96,464.0,,2,2,0.0006647038357826368,0.6,/work3/arnaou/checkpoints/groupgat_Vc_trial_539_best_state.pt,"{'learning_rate': 0.0006647038357826368, 'lr_reduce': 0.6}",TPESampler,COMPLETE
540,0.010917099192738533,2025-04-25 17:55:57.491631,2025-04-25 17:57:14.903512,0 days 00:01:17.411881,0.006590627371322846,160,4,2,48,0.13288370990936316,80,4,4,48,0.22786031070454793,112,2,1,80,0.2726866892168748,272,,,1,2,0.002419749686457423,0.6,/work3/arnaou/checkpoints/groupgat_Vc_trial_540_best_state.pt,"{'learning_rate': 0.002419749686457423, 'lr_reduce': 0.6}",TPESampler,COMPLETE
541,0.00972156971693039,2025-04-25 17:56:35.347927,2025-04-25 17:57:30.991471,0 days 00:00:55.643544,0.18014401664929564,240,3,4,32,0.08844315289938182,144,1,2,48,0.22061259202248898,32,1,2,32,0.20130058489024139,160,336.0,384.0,3,2,0.002332196497394025,0.6,/work3/arnaou/checkpoints/groupgat_Vc_trial_541_best_state.pt,"{'learning_rate': 0.002332196497394025, 'lr_reduce': 0.6}",TPESampler,COMPLETE
542,0.018502868711948395,2025-04-25 17:57:15.180955,2025-04-25 17:57:59.882477,0 days 00:00:44.701522,0.119216853609802,128,2,2,64,0.14347270312587349,80,4,2,64,0.22202114019230051,64,1,1,96,0.2517858119951301,48,,,1,2,0.0014049840007026111,0.6,/work3/arnaou/checkpoints/groupgat_Vc_trial_542_best_state.pt,"{'learning_rate': 0.0014049840007026111, 'lr_reduce': 0.6}",TPESampler,COMPLETE
543,0.011405915953218937,2025-04-25 17:57:19.249398,2025-04-25 17:58:15.774377,0 days 00:00:56.524979,0.0039013705875195204,192,4,4,48,0.1540060900423569,128,2,1,32,0.16096337446297046,80,1,2,32,0.14864319489764113,256,464.0,288.0,3,1,0.005110645893006785,0.6,/work3/arnaou/checkpoints/groupgat_Vc_trial_543_best_state.pt,"{'learning_rate': 0.005110645893006785, 'lr_reduce': 0.6}",TPESampler,COMPLETE
544,0.014090703800320625,2025-04-25 17:57:31.269245,2025-04-25 17:59:05.201849,0 days 00:01:33.932604,0.057485185435025864,240,2,4,48,0.09865143724880567,224,2,3,32,0.17008628196659537,32,1,3,48,0.1896369370031575,256,312.0,,2,2,0.0011693534971303427,0.6,/work3/arnaou/checkpoints/groupgat_Vc_trial_544_best_state.pt,"{'learning_rate': 0.0011693534971303427, 'lr_reduce': 0.6}",TPESampler,COMPLETE
545,0.013523646630346775,2025-04-25 17:58:00.058152,2025-04-25 17:59:13.883539,0 days 00:01:13.825387,0.23226814845020935,240,4,3,32,0.037045717413619166,96,1,2,32,0.17280831378572367,48,1,2,32,0.29185461530925433,136,288.0,416.0,3,2,0.0030412823965807302,0.6,/work3/arnaou/checkpoints/groupgat_Vc_trial_545_best_state.pt,"{'learning_rate': 0.0030412823965807302, 'lr_reduce': 0.6}",TPESampler,COMPLETE
546,0.015527772717177868,2025-04-25 17:58:16.051649,2025-04-25 17:59:32.978838,0 days 00:01:16.927189,0.047379781591556855,240,4,4,48,0.1145125692873882,256,1,2,32,0.10823503925253403,32,1,3,32,0.2090962391081346,80,320.0,424.0,3,2,0.0013501030113710576,0.6,/work3/arnaou/checkpoints/groupgat_Vc_trial_546_best_state.pt,"{'learning_rate': 0.0013501030113710576, 'lr_reduce': 0.6}",TPESampler,COMPLETE
547,0.02093023806810379,2025-04-25 17:59:05.418370,2025-04-25 18:00:13.407779,0 days 00:01:07.989409,0.2794506614889977,208,3,4,32,0.04894771494748356,224,2,2,80,0.13613324039444868,48,1,2,32,0.24892958996096118,280,472.0,376.0,3,2,0.004627973979437934,0.6,/work3/arnaou/checkpoints/groupgat_Vc_trial_547_best_state.pt,"{'learning_rate': 0.004627973979437934, 'lr_reduce': 0.6}",TPESampler,COMPLETE
548,0.01462953258305788,2025-04-25 17:59:14.119031,2025-04-25 18:00:13.010111,0 days 00:00:58.891080,0.2391626658873346,256,3,4,32,0.1473003793341487,176,1,3,32,0.1931065886034411,48,2,2,32,0.14107139263260263,144,504.0,384.0,3,2,0.0013557900297542687,0.6,/work3/arnaou/checkpoints/groupgat_Vc_trial_548_best_state.pt,"{'learning_rate': 0.0013557900297542687, 'lr_reduce': 0.6}",TPESampler,COMPLETE
549,0.01643420197069645,2025-04-25 17:59:33.296224,2025-04-25 18:01:04.528293,0 days 00:01:31.232069,0.17586770200775081,208,3,4,48,0.10372101427730156,160,1,1,32,0.19893732027862937,32,1,2,48,0.2206581368464712,232,512.0,368.0,3,2,0.00039023361267723786,0.6,/work3/arnaou/checkpoints/groupgat_Vc_trial_549_best_state.pt,"{'learning_rate': 0.00039023361267723786, 'lr_reduce': 0.6}",TPESampler,COMPLETE
550,0.014563069678843021,2025-04-25 18:00:13.188961,2025-04-25 18:00:58.222658,0 days 00:00:45.033697,0.047747309672739574,224,4,3,48,0.1999732608976589,144,3,2,32,0.07848328971068853,64,1,2,64,0.15688952323924119,272,80.0,448.0,3,2,0.001891529365964082,0.6,/work3/arnaou/checkpoints/groupgat_Vc_trial_550_best_state.pt,"{'learning_rate': 0.001891529365964082, 'lr_reduce': 0.6}",TPESampler,COMPLETE
551,0.01076318696141243,2025-04-25 18:00:13.648968,2025-04-25 18:01:41.318642,0 days 00:01:27.669674,0.1382003759498584,240,3,3,32,0.044359089869371655,176,1,2,48,0.19640502343709687,48,1,2,48,0.23235792479062178,56,312.0,,2,2,0.0029449601341732896,0.6,/work3/arnaou/checkpoints/groupgat_Vc_trial_551_best_state.pt,"{'learning_rate': 0.0029449601341732896, 'lr_reduce': 0.6}",TPESampler,COMPLETE
552,0.015705201774835587,2025-04-25 18:00:58.408587,2025-04-25 18:03:42.344803,0 days 00:02:43.936216,0.006817872718973153,144,4,3,64,0.1639791169648515,160,4,1,32,0.20633938503023064,32,2,2,80,0.2262177029705504,72,448.0,360.0,3,2,0.0007639251549150539,0.6,/work3/arnaou/checkpoints/groupgat_Vc_trial_552_best_state.pt,"{'learning_rate': 0.0007639251549150539, 'lr_reduce': 0.6}",TPESampler,COMPLETE
553,0.018403561785817146,2025-04-25 18:01:04.901512,2025-04-25 18:02:12.732210,0 days 00:01:07.830698,0.031685797231842366,96,4,2,48,0.1887255005788933,192,4,3,80,0.29533760055293123,32,1,4,96,0.17448016121097762,80,,,1,2,0.002012500735925715,0.6,/work3/arnaou/checkpoints/groupgat_Vc_trial_553_best_state.pt,"{'learning_rate': 0.002012500735925715, 'lr_reduce': 0.6}",TPESampler,COMPLETE
554,0.021136734634637833,2025-04-25 18:01:41.491878,2025-04-25 18:03:29.152211,0 days 00:01:47.660333,0.13501710792941893,192,3,2,32,0.14027844430521513,128,4,3,96,0.2809072078508853,48,2,4,80,0.15970213781354559,64,,,1,2,0.005425544893926586,0.6,/work3/arnaou/checkpoints/groupgat_Vc_trial_554_best_state.pt,"{'learning_rate': 0.005425544893926586, 'lr_reduce': 0.6}",TPESampler,COMPLETE
555,0.09807087481021881,2025-04-25 18:02:12.969919,2025-04-25 18:02:46.166232,0 days 00:00:33.196313,0.17021007441322614,224,3,4,32,0.05639127034805952,112,1,3,80,0.23269277875238673,48,1,3,32,0.167087541620843,32,448.0,344.0,3,2,0.0014604134025192972,0.6,/work3/arnaou/checkpoints/groupgat_Vc_trial_555_best_state.pt,"{'learning_rate': 0.0014604134025192972, 'lr_reduce': 0.6}",TPESampler,COMPLETE
556,0.01440359279513359,2025-04-25 18:02:46.520164,2025-04-25 18:05:16.771828,0 days 00:02:30.251664,0.029070737894903054,128,4,1,128,0.021850224040812518,128,4,2,32,0.2914971619010081,32,1,1,128,0.023330676301356164,40,352.0,408.0,3,2,0.0013445762758951872,0.6,/work3/arnaou/checkpoints/groupgat_Vc_trial_556_best_state.pt,"{'learning_rate': 0.0013445762758951872, 'lr_reduce': 0.6}",TPESampler,COMPLETE
557,0.014264416880905628,2025-04-25 18:03:29.440070,2025-04-25 18:04:48.617086,0 days 00:01:19.177016,0.015026028620625959,208,2,1,32,0.21599194915149633,144,2,1,32,0.19227405363738195,64,2,2,128,0.020729817774010142,176,,,1,2,0.006394581317380535,0.6,/work3/arnaou/checkpoints/groupgat_Vc_trial_557_best_state.pt,"{'learning_rate': 0.006394581317380535, 'lr_reduce': 0.6}",TPESampler,COMPLETE
558,0.010271016508340836,2025-04-25 18:03:42.631069,2025-04-25 18:05:44.104040,0 days 00:02:01.472971,0.08864693553950562,256,3,4,32,0.2555753595559557,224,4,4,96,0.19525350819898646,80,2,3,96,0.11077951605023556,88,432.0,320.0,3,2,0.005866478624965841,0.6,/work3/arnaou/checkpoints/groupgat_Vc_trial_558_best_state.pt,"{'learning_rate': 0.005866478624965841, 'lr_reduce': 0.6}",TPESampler,COMPLETE
559,0.011350706219673157,2025-04-25 18:04:48.892468,2025-04-25 18:06:03.485260,0 days 00:01:14.592792,0.15801287135161438,256,2,3,48,0.2036566250273096,224,2,4,112,0.29570284294136734,128,1,3,80,0.20264550285415564,168,512.0,,2,2,0.004514917089438688,0.6,/work3/arnaou/checkpoints/groupgat_Vc_trial_559_best_state.pt,"{'learning_rate': 0.004514917089438688, 'lr_reduce': 0.6}",TPESampler,COMPLETE
560,0.013314320705831051,2025-04-25 18:05:17.042253,2025-04-25 18:06:28.949568,0 days 00:01:11.907315,0.0637402575667337,192,3,4,48,0.19759118202329934,160,3,1,32,0.28430172513268226,32,1,2,48,0.12927225998202385,184,32.0,336.0,3,2,0.0007269984886761408,0.6,/work3/arnaou/checkpoints/groupgat_Vc_trial_560_best_state.pt,"{'learning_rate': 0.0007269984886761408, 'lr_reduce': 0.6}",TPESampler,COMPLETE
561,0.010875427164137363,2025-04-25 18:05:44.356429,2025-04-25 18:07:50.253587,0 days 00:02:05.897158,0.011476239598290026,208,2,2,32,0.2019778298604859,112,4,3,32,0.25653142933872936,32,1,3,96,0.278575613567079,128,376.0,,2,2,0.007538402920121278,0.6,/work3/arnaou/checkpoints/groupgat_Vc_trial_561_best_state.pt,"{'learning_rate': 0.007538402920121278, 'lr_reduce': 0.6}",TPESampler,COMPLETE
562,0.014565926045179367,2025-04-25 18:06:03.671958,2025-04-25 18:07:04.154387,0 days 00:01:00.482429,0.015620957390668124,160,3,3,64,0.17089861212070237,96,4,2,64,0.27111911710097,96,1,3,64,0.27536453782200815,64,456.0,,2,2,0.0019929551659422133,0.6,/work3/arnaou/checkpoints/groupgat_Vc_trial_562_best_state.pt,"{'learning_rate': 0.0019929551659422133, 'lr_reduce': 0.6}",TPESampler,COMPLETE
563,0.014153770171105862,2025-04-25 18:06:29.146909,2025-04-25 18:07:40.470594,0 days 00:01:11.323685,0.13552785195352812,256,4,4,32,0.1266921645626487,96,2,3,64,0.2708642857718563,48,1,2,32,0.23406915228001676,200,424.0,272.0,3,2,0.005203930399000982,0.6,/work3/arnaou/checkpoints/groupgat_Vc_trial_563_best_state.pt,"{'learning_rate': 0.005203930399000982, 'lr_reduce': 0.6}",TPESampler,COMPLETE
564,0.011758414097130299,2025-04-25 18:07:04.409753,2025-04-25 18:08:50.175099,0 days 00:01:45.765346,0.03657421306502706,208,4,4,64,0.0018706343874654342,176,4,2,96,0.20583008830988447,64,4,4,64,0.16399124581025717,240,512.0,,2,2,0.0036762075915527867,0.6,/work3/arnaou/checkpoints/groupgat_Vc_trial_564_best_state.pt,"{'learning_rate': 0.0036762075915527867, 'lr_reduce': 0.6}",TPESampler,COMPLETE
565,0.012323487550020218,2025-04-25 18:07:40.645329,2025-04-25 18:09:27.991460,0 days 00:01:47.346131,0.0217399528369407,256,3,3,64,0.19203098080372796,80,3,2,48,0.23483053938511544,112,1,3,64,0.25461559541108747,176,344.0,,2,2,0.008979524418785714,0.6,/work3/arnaou/checkpoints/groupgat_Vc_trial_565_best_state.pt,"{'learning_rate': 0.008979524418785714, 'lr_reduce': 0.6}",TPESampler,COMPLETE
566,0.02746156044304371,2025-04-25 18:07:50.438318,2025-04-25 18:09:12.121726,0 days 00:01:21.683408,0.05780660115931334,208,1,1,48,0.1939850105930481,176,2,1,32,0.2139716159479352,48,1,1,128,0.0668076220952947,56,456.0,440.0,3,2,0.009550319160260794,0.6,/work3/arnaou/checkpoints/groupgat_Vc_trial_566_best_state.pt,"{'learning_rate': 0.009550319160260794, 'lr_reduce': 0.6}",TPESampler,COMPLETE
567,0.01393213216215372,2025-04-25 18:08:50.382821,2025-04-25 18:10:01.510609,0 days 00:01:11.127788,0.1301287302108704,256,1,2,32,0.05088964239174147,144,2,3,48,0.2559199747221223,64,3,3,112,0.2879575601109036,336,400.0,368.0,3,2,0.004311316326263877,0.6,/work3/arnaou/checkpoints/groupgat_Vc_trial_567_best_state.pt,"{'learning_rate': 0.004311316326263877, 'lr_reduce': 0.6}",TPESampler,COMPLETE
568,0.02172437123954296,2025-04-25 18:09:12.333119,2025-04-25 18:11:04.245541,0 days 00:01:51.912422,0.01826021976704511,224,2,2,32,0.06518351489310195,64,2,2,96,8.296193607095631e-05,112,1,1,112,0.027831820853724674,40,,,1,2,0.0006055994963766102,0.6,/work3/arnaou/checkpoints/groupgat_Vc_trial_568_best_state.pt,"{'learning_rate': 0.0006055994963766102, 'lr_reduce': 0.6}",TPESampler,COMPLETE
569,0.01401483453810215,2025-04-25 18:09:28.237887,2025-04-25 18:11:02.754296,0 days 00:01:34.516409,0.0484736213975318,144,3,1,32,0.17688846658216312,128,4,4,48,0.24928961335007357,64,1,2,64,0.20946907654259067,160,,,1,2,0.003294061462659019,0.6,/work3/arnaou/checkpoints/groupgat_Vc_trial_569_best_state.pt,"{'learning_rate': 0.003294061462659019, 'lr_reduce': 0.6}",TPESampler,COMPLETE
570,0.009839908219873905,2025-04-25 18:10:01.789189,2025-04-25 18:12:13.773343,0 days 00:02:11.984154,0.11382065147693339,208,3,2,112,0.11788134050064253,64,4,1,32,0.1573898917091008,96,2,4,80,0.011213803742037745,184,464.0,288.0,3,2,0.0026702935911850248,0.6,/work3/arnaou/checkpoints/groupgat_Vc_trial_570_best_state.pt,"{'learning_rate': 0.0026702935911850248, 'lr_reduce': 0.6}",TPESampler,COMPLETE
571,0.015509892255067825,2025-04-25 18:11:02.987402,2025-04-25 18:12:29.892373,0 days 00:01:26.904971,0.03431017422726817,208,4,4,48,0.002522930248228439,128,2,3,80,0.25601177696764665,64,3,4,48,0.23051423322686773,120,,,1,2,0.004888255391984049,0.6,/work3/arnaou/checkpoints/groupgat_Vc_trial_571_best_state.pt,"{'learning_rate': 0.004888255391984049, 'lr_reduce': 0.6}",TPESampler,COMPLETE
572,0.012993625365197659,2025-04-25 18:11:04.501123,2025-04-25 18:11:47.952563,0 days 00:00:43.451440,0.009673486438884132,224,1,1,48,0.15319234221919129,80,2,1,48,0.04205633639260048,32,2,1,80,0.06113892830477095,32,384.0,,2,2,0.005294129222849486,0.6,/work3/arnaou/checkpoints/groupgat_Vc_trial_572_best_state.pt,"{'learning_rate': 0.005294129222849486, 'lr_reduce': 0.6}",TPESampler,COMPLETE
573,0.009353485889732838,2025-04-25 18:11:48.206448,2025-04-25 18:12:39.900935,0 days 00:00:51.694487,0.022881657643182486,240,1,1,48,0.11600865251714432,80,3,1,48,0.032517187565787704,96,1,1,128,0.09113472789348447,64,456.0,,2,2,0.004787926735325325,0.6,/work3/arnaou/checkpoints/groupgat_Vc_trial_573_best_state.pt,"{'learning_rate': 0.004787926735325325, 'lr_reduce': 0.6}",TPESampler,COMPLETE
574,0.011922932229936123,2025-04-25 18:12:13.948767,2025-04-25 18:13:10.261160,0 days 00:00:56.312393,0.029412468002414968,256,2,3,48,0.05924806659261787,176,3,2,48,0.22941891348060475,48,1,1,64,0.16746394636082124,160,512.0,240.0,3,2,0.002604046558420247,0.6,/work3/arnaou/checkpoints/groupgat_Vc_trial_574_best_state.pt,"{'learning_rate': 0.002604046558420247, 'lr_reduce': 0.6}",TPESampler,COMPLETE
575,0.011442494578659534,2025-04-25 18:12:30.161285,2025-04-25 18:15:02.790586,0 days 00:02:32.629301,0.02360905509316579,176,4,4,64,0.188760402405465,112,4,2,48,0.21290646539909514,32,1,4,64,0.22938827674435971,240,464.0,248.0,3,2,0.001186854481196616,0.6,/work3/arnaou/checkpoints/groupgat_Vc_trial_575_best_state.pt,"{'learning_rate': 0.001186854481196616, 'lr_reduce': 0.6}",TPESampler,COMPLETE
576,0.012679209001362324,2025-04-25 18:12:40.161125,2025-04-25 18:13:57.639728,0 days 00:01:17.478603,0.03829883709513566,256,1,1,48,0.24313567312095397,80,2,2,48,0.028360503832338353,96,2,1,128,0.06848141784672182,88,464.0,,2,2,0.009564403945970442,0.6,/work3/arnaou/checkpoints/groupgat_Vc_trial_576_best_state.pt,"{'learning_rate': 0.009564403945970442, 'lr_reduce': 0.6}",TPESampler,COMPLETE
577,0.018121516332030296,2025-04-25 18:13:10.572350,2025-04-25 18:14:47.210876,0 days 00:01:36.638526,0.0550321183579721,256,4,3,32,0.11750185194780899,192,2,1,32,0.2636279137039852,80,1,1,80,0.16403775458462524,280,512.0,272.0,3,2,0.007508140096780248,0.6,/work3/arnaou/checkpoints/groupgat_Vc_trial_577_best_state.pt,"{'learning_rate': 0.007508140096780248, 'lr_reduce': 0.6}",TPESampler,COMPLETE
578,0.02002786658704281,2025-04-25 18:13:57.925548,2025-04-25 18:14:40.047629,0 days 00:00:42.122081,0.10656708457511156,208,2,3,112,0.19209421991982678,64,4,1,32,0.19285949324103485,64,2,4,64,0.007990184031559378,288,472.0,280.0,3,2,0.0017539712262119376,0.6,/work3/arnaou/checkpoints/groupgat_Vc_trial_578_best_state.pt,"{'learning_rate': 0.0017539712262119376, 'lr_reduce': 0.6}",TPESampler,COMPLETE
579,0.010207612998783588,2025-04-25 18:14:40.334756,2025-04-25 18:15:31.882769,0 days 00:00:51.548013,0.10556453883365209,240,3,1,80,0.16407561482509253,64,4,1,32,0.1842527464828268,80,2,4,96,0.02153796459162763,184,128.0,,2,2,0.003315187349313568,0.6,/work3/arnaou/checkpoints/groupgat_Vc_trial_579_best_state.pt,"{'learning_rate': 0.003315187349313568, 'lr_reduce': 0.6}",TPESampler,COMPLETE
580,0.010576732456684113,2025-04-25 18:14:47.501858,2025-04-25 18:15:59.707350,0 days 00:01:12.205492,0.05454136283232096,208,4,4,32,0.13638283356896602,128,2,2,32,0.20372364525629555,32,1,3,64,0.20074196848407777,136,472.0,200.0,3,2,0.0034877998125192383,0.6,/work3/arnaou/checkpoints/groupgat_Vc_trial_580_best_state.pt,"{'learning_rate': 0.0034877998125192383, 'lr_reduce': 0.6}",TPESampler,COMPLETE
581,0.011543870903551579,2025-04-25 18:15:03.165414,2025-04-25 18:16:30.973472,0 days 00:01:27.808058,0.0030633934993319093,160,3,3,64,0.020743756231151718,208,4,1,96,0.20275372464488184,48,1,2,96,0.17967215470280745,72,464.0,,2,2,0.005581329764873923,0.6,/work3/arnaou/checkpoints/groupgat_Vc_trial_581_best_state.pt,"{'learning_rate': 0.005581329764873923, 'lr_reduce': 0.6}",TPESampler,COMPLETE
582,0.009496588259935379,2025-04-25 18:15:32.202713,2025-04-25 18:16:43.593600,0 days 00:01:11.390887,0.03897148041054849,176,3,4,64,0.06674287907106427,192,2,2,32,0.23558978372134778,48,1,3,32,0.20195714895766875,168,272.0,288.0,3,2,0.0047516870465378605,0.6,/work3/arnaou/checkpoints/groupgat_Vc_trial_582_best_state.pt,"{'learning_rate': 0.0047516870465378605, 'lr_reduce': 0.6}",TPESampler,COMPLETE
583,0.01594470627605915,2025-04-25 18:15:59.944542,2025-04-25 18:16:58.142647,0 days 00:00:58.198105,0.0009110276383390917,240,3,3,32,0.17400203801437028,112,4,4,112,0.27059983862136405,128,2,3,80,0.15117898098450877,184,456.0,288.0,3,2,0.0019331944306908238,0.6,/work3/arnaou/checkpoints/groupgat_Vc_trial_583_best_state.pt,"{'learning_rate': 0.0019331944306908238, 'lr_reduce': 0.6}",TPESampler,COMPLETE
584,0.017162911593914032,2025-04-25 18:16:31.324307,2025-04-25 18:17:42.747182,0 days 00:01:11.422875,0.11632978810830794,224,4,4,32,0.14803125817402166,224,2,3,32,0.2170247268330929,48,1,1,48,0.18879572233354666,192,464.0,296.0,3,2,0.003130539605303568,0.6,/work3/arnaou/checkpoints/groupgat_Vc_trial_584_best_state.pt,"{'learning_rate': 0.003130539605303568, 'lr_reduce': 0.6}",TPESampler,COMPLETE
585,0.010239173658192158,2025-04-25 18:16:43.832818,2025-04-25 18:17:53.929090,0 days 00:01:10.096272,0.10278213717803412,224,4,4,64,0.08359700967594252,176,1,2,32,0.21861977866314392,80,1,3,32,0.06639651996704002,224,264.0,232.0,3,2,0.006676003764272767,0.6,/work3/arnaou/checkpoints/groupgat_Vc_trial_585_best_state.pt,"{'learning_rate': 0.006676003764272767, 'lr_reduce': 0.6}",TPESampler,COMPLETE
586,0.013495756313204765,2025-04-25 18:16:58.430597,2025-04-25 18:17:48.069949,0 days 00:00:49.639352,0.0148947935980532,224,1,1,48,0.05561208993964631,96,3,1,80,0.08681614856827657,48,2,1,112,0.03891287241658825,40,296.0,,2,2,0.003905971220667932,0.6,/work3/arnaou/checkpoints/groupgat_Vc_trial_586_best_state.pt,"{'learning_rate': 0.003905971220667932, 'lr_reduce': 0.6}",TPESampler,COMPLETE
