number,value,datetime_start,datetime_complete,duration,params_L1_dropout,params_L1_hidden_dim,params_L1_layers_atom,params_L1_layers_mol,params_L1_out_dim,params_L2_dropout,params_L2_hidden_dim,params_L2_layers_atom,params_L2_layers_mol,params_L2_out_dim,params_L3_dropout,params_L3_hidden_dim,params_L3_layers_atom,params_L3_layers_mol,params_L3_out_dim,params_final_dropout,params_mlp_dim_0,params_mlp_dim_1,params_mlp_dim_2,params_n_mlp_layers,params_num_heads,params_train_learning_rate,params_train_lr_reduce,user_attrs_best_state_dict_path,user_attrs_training_params,system_attrs_auto:sampler,state
2441,0.014218190684914589,2025-04-26 08:03:02.583332,2025-04-26 08:05:03.227372,0 days 00:02:00.644040,0.024426138956695806,240,3,1,48,0.11920769658230462,64,4,1,32,0.1499574940671568,64,1,3,80,0.2185710502466844,144,32.0,512.0,3,2,0.000797450717284317,0.6,/work3/arnaou/checkpoints/groupgat_Vc_trial_2441_best_state.pt,"{'learning_rate': 0.000797450717284317, 'lr_reduce': 0.6}",TPESampler,COMPLETE
2442,0.015515589155256748,2025-04-26 08:03:43.914656,2025-04-26 08:04:39.082470,0 days 00:00:55.167814,0.09496010035661932,256,3,1,64,0.021985131901237576,64,2,1,80,0.05536165763848043,80,2,3,96,0.15022747097259725,56,104.0,120.0,3,2,0.0028127483781368824,0.6,/work3/arnaou/checkpoints/groupgat_Vc_trial_2442_best_state.pt,"{'learning_rate': 0.0028127483781368824, 'lr_reduce': 0.6}",TPESampler,COMPLETE
2443,0.050129469484090805,2025-04-26 08:04:19.133657,2025-04-26 08:06:30.915484,0 days 00:02:11.781827,0.279689594259831,96,3,4,32,0.25484108634833325,176,2,1,48,0.09007704979441367,80,2,4,128,0.23693359824772914,416,,,1,2,0.009204506472414201,0.6,/work3/arnaou/checkpoints/groupgat_Vc_trial_2443_best_state.pt,"{'learning_rate': 0.009204506472414201, 'lr_reduce': 0.6}",TPESampler,COMPLETE
2444,0.011095770634710789,2025-04-26 08:04:39.468891,2025-04-26 08:05:37.385995,0 days 00:00:57.917104,0.011162089106883627,256,3,3,48,0.07736567979680131,128,4,1,32,0.15302582560177913,96,1,3,80,0.09025900199545309,336,32.0,216.0,3,1,0.003989320477459217,0.6,/work3/arnaou/checkpoints/groupgat_Vc_trial_2444_best_state.pt,"{'learning_rate': 0.003989320477459217, 'lr_reduce': 0.6}",TPESampler,COMPLETE
2445,0.016450997442007065,2025-04-26 08:05:03.493089,2025-04-26 08:06:30.362534,0 days 00:01:26.869445,0.09443642654367528,80,1,1,64,0.08701612012472333,240,1,4,80,0.28285460391880635,64,1,4,128,0.10275340915217548,320,136.0,,2,2,0.0005520354906158409,0.6,/work3/arnaou/checkpoints/groupgat_Vc_trial_2445_best_state.pt,"{'learning_rate': 0.0005520354906158409, 'lr_reduce': 0.6}",TPESampler,COMPLETE
2446,0.021670574322342873,2025-04-26 08:05:37.769615,2025-04-26 08:06:28.941515,0 days 00:00:51.171900,0.09480083458173179,240,4,3,48,0.1906072364392128,144,4,2,32,0.26599926355212744,48,1,2,64,0.17168589654645305,224,200.0,72.0,3,2,0.0021002627985963656,0.6,/work3/arnaou/checkpoints/groupgat_Vc_trial_2446_best_state.pt,"{'learning_rate': 0.0021002627985963656, 'lr_reduce': 0.6}",TPESampler,COMPLETE
2447,0.01680365577340126,2025-04-26 08:06:29.245505,2025-04-26 08:07:39.639949,0 days 00:01:10.394444,0.11409116529989635,112,2,2,96,0.14185189934008174,240,4,1,80,0.2582528260431444,96,1,2,80,0.0028999179750452964,240,72.0,,2,1,0.0003868755812667141,0.6,/work3/arnaou/checkpoints/groupgat_Vc_trial_2447_best_state.pt,"{'learning_rate': 0.0003868755812667141, 'lr_reduce': 0.6}",TPESampler,COMPLETE
2448,0.013840677216649055,2025-04-26 08:06:30.694974,2025-04-26 08:07:19.617472,0 days 00:00:48.922498,0.02518555664001121,80,4,3,48,0.09885614944142304,80,2,2,32,0.22671526898226618,112,1,2,96,0.014067720046384267,56,104.0,,2,2,0.003338300614659484,0.6,/work3/arnaou/checkpoints/groupgat_Vc_trial_2448_best_state.pt,"{'learning_rate': 0.003338300614659484, 'lr_reduce': 0.6}",TPESampler,COMPLETE
2449,0.015233253128826618,2025-04-26 08:06:32.319248,2025-04-26 08:07:10.201363,0 days 00:00:37.882115,0.09499627021420053,208,2,3,48,0.10645541709396217,64,4,4,112,0.27106732741096806,80,1,2,48,0.2629395866753865,336,72.0,168.0,3,1,0.0033277951283308136,0.6,/work3/arnaou/checkpoints/groupgat_Vc_trial_2449_best_state.pt,"{'learning_rate': 0.0033277951283308136, 'lr_reduce': 0.6}",TPESampler,COMPLETE
2450,0.010786580853164196,2025-04-26 08:07:10.542531,2025-04-26 08:08:13.506288,0 days 00:01:02.963757,0.006800523201112508,256,2,3,80,0.03999875862707856,112,3,1,48,0.17958090458450843,128,1,3,128,0.05620518900535403,304,32.0,232.0,3,2,0.0051180827511534506,0.6,/work3/arnaou/checkpoints/groupgat_Vc_trial_2450_best_state.pt,"{'learning_rate': 0.0051180827511534506, 'lr_reduce': 0.6}",TPESampler,COMPLETE
2451,0.12973953783512115,2025-04-26 08:07:20.454304,2025-04-26 08:07:54.748510,0 days 00:00:34.294206,0.12520870157170802,192,3,3,64,0.026980956426887744,80,3,1,48,0.23619874368051777,112,1,3,128,0.066182523061286,32,192.0,232.0,3,2,0.0010448348986166988,0.6,/work3/arnaou/checkpoints/groupgat_Vc_trial_2451_best_state.pt,"{'learning_rate': 0.0010448348986166988, 'lr_reduce': 0.6}",TPESampler,COMPLETE
2452,0.010671595111489296,2025-04-26 08:07:39.997066,2025-04-26 08:08:40.265783,0 days 00:01:00.268717,0.045970587146429,240,2,2,32,0.06812358098329663,80,4,1,32,0.13714576593504418,80,1,3,128,0.0018883487765763707,216,96.0,160.0,3,2,0.00789078511993779,0.6,/work3/arnaou/checkpoints/groupgat_Vc_trial_2452_best_state.pt,"{'learning_rate': 0.00789078511993779, 'lr_reduce': 0.6}",TPESampler,COMPLETE
2453,0.009673970751464367,2025-04-26 08:07:55.136087,2025-04-26 08:08:59.695131,0 days 00:01:04.559044,0.15177176688330513,240,2,1,48,0.16687642359421273,64,3,1,64,0.11120775560324422,80,2,3,96,0.2328202896796643,280,64.0,472.0,3,2,0.0036539569051630056,0.6,/work3/arnaou/checkpoints/groupgat_Vc_trial_2453_best_state.pt,"{'learning_rate': 0.0036539569051630056, 'lr_reduce': 0.6}",TPESampler,COMPLETE
2454,0.011101403273642063,2025-04-26 08:08:13.836010,2025-04-26 08:09:03.187870,0 days 00:00:49.351860,0.05784295550813481,128,1,1,64,0.1565407701561986,96,4,2,112,0.1952858214723903,64,1,1,64,0.009442136706136847,168,112.0,120.0,3,2,0.005596035202505032,0.6,/work3/arnaou/checkpoints/groupgat_Vc_trial_2454_best_state.pt,"{'learning_rate': 0.005596035202505032, 'lr_reduce': 0.6}",TPESampler,COMPLETE
2455,0.013537917286157608,2025-04-26 08:08:40.627362,2025-04-26 08:09:51.361779,0 days 00:01:10.734417,0.11369264120027048,224,4,2,96,0.06395160304927054,128,4,1,48,0.22559117975864823,80,1,3,128,0.05419614665272232,232,144.0,200.0,3,2,0.0029182078080788884,0.6,/work3/arnaou/checkpoints/groupgat_Vc_trial_2455_best_state.pt,"{'learning_rate': 0.0029182078080788884, 'lr_reduce': 0.6}",TPESampler,COMPLETE
2456,0.055927492678165436,2025-04-26 08:09:00.035832,2025-04-26 08:09:30.651755,0 days 00:00:30.615923,0.13117403323282367,256,2,2,48,0.04557382410447644,80,2,2,64,0.12687098494247137,64,1,1,80,0.19179667911489798,152,72.0,224.0,3,1,0.001561287539425311,0.6,/work3/arnaou/checkpoints/groupgat_Vc_trial_2456_best_state.pt,"{'learning_rate': 0.001561287539425311, 'lr_reduce': 0.6}",TPESampler,COMPLETE
2457,0.009193976409733295,2025-04-26 08:09:03.563961,2025-04-26 08:09:57.358093,0 days 00:00:53.794132,0.04709873235766546,256,4,2,48,0.1274974897420925,80,4,1,48,0.07212537066696104,80,1,3,128,0.08778263375017885,272,64.0,168.0,3,2,0.0034255838209994996,0.6,/work3/arnaou/checkpoints/groupgat_Vc_trial_2457_best_state.pt,"{'learning_rate': 0.0034255838209994996, 'lr_reduce': 0.6}",TPESampler,COMPLETE
2458,0.017202431336045265,2025-04-26 08:09:31.022428,2025-04-26 08:10:18.212052,0 days 00:00:47.189624,0.06626202020957789,176,4,4,48,0.08600010765080061,80,3,2,48,0.2746978354021785,112,1,2,128,0.01898919286759926,128,192.0,240.0,3,2,0.0027146811539514133,0.6,/work3/arnaou/checkpoints/groupgat_Vc_trial_2458_best_state.pt,"{'learning_rate': 0.0027146811539514133, 'lr_reduce': 0.6}",TPESampler,COMPLETE
2459,0.00987409707158804,2025-04-26 08:09:51.622018,2025-04-26 08:10:47.440019,0 days 00:00:55.818001,0.026325582988111055,192,1,2,48,0.09086436868387762,128,3,4,32,0.15890357857860984,32,3,3,80,0.022810899594933185,72,32.0,96.0,3,2,0.003202469230339125,0.6,/work3/arnaou/checkpoints/groupgat_Vc_trial_2459_best_state.pt,"{'learning_rate': 0.003202469230339125, 'lr_reduce': 0.6}",TPESampler,COMPLETE
2460,0.017387138679623604,2025-04-26 08:09:57.664879,2025-04-26 08:11:00.042179,0 days 00:01:02.377300,0.12902930391487463,144,4,2,80,0.006729257945225102,96,2,1,48,0.24273051563546094,64,1,2,128,0.03176811232296982,160,120.0,184.0,3,2,0.00682843824497572,0.6,/work3/arnaou/checkpoints/groupgat_Vc_trial_2460_best_state.pt,"{'learning_rate': 0.00682843824497572, 'lr_reduce': 0.6}",TPESampler,COMPLETE
2461,0.015460417605936527,2025-04-26 08:10:18.559899,2025-04-26 08:11:07.853327,0 days 00:00:49.293428,0.022496096076648504,224,4,3,48,0.060404179896030315,112,2,1,48,0.24562435775620714,80,4,3,112,0.16065020386560988,256,64.0,,2,1,0.0023103822370676226,0.6,/work3/arnaou/checkpoints/groupgat_Vc_trial_2461_best_state.pt,"{'learning_rate': 0.0023103822370676226, 'lr_reduce': 0.6}",TPESampler,COMPLETE
2462,0.01534526888281107,2025-04-26 08:10:47.713895,2025-04-26 08:12:28.363950,0 days 00:01:40.650055,0.012010701913161797,240,3,4,48,0.12473153979071676,160,3,1,32,0.2079008328095404,48,3,2,96,0.24826795018033787,200,144.0,240.0,3,2,0.0003900486279909701,0.6,/work3/arnaou/checkpoints/groupgat_Vc_trial_2462_best_state.pt,"{'learning_rate': 0.0003900486279909701, 'lr_reduce': 0.6}",TPESampler,COMPLETE
2463,0.010166728869080544,2025-04-26 08:11:00.479615,2025-04-26 08:11:45.920754,0 days 00:00:45.441139,0.11553375520761794,192,1,3,64,0.03324944918881023,144,4,4,80,0.23766817268047968,64,1,3,80,0.21536113711487265,144,72.0,56.0,3,1,0.006560364404334116,0.6,/work3/arnaou/checkpoints/groupgat_Vc_trial_2463_best_state.pt,"{'learning_rate': 0.006560364404334116, 'lr_reduce': 0.6}",TPESampler,COMPLETE
2464,0.017335791140794754,2025-04-26 08:11:08.171703,2025-04-26 08:12:10.597762,0 days 00:01:02.426059,0.20066995021098905,192,3,4,80,0.12082861305565284,128,3,2,128,0.03477180091435951,128,2,2,64,0.2721719987772153,360,72.0,144.0,3,1,0.009481778202620758,0.6,/work3/arnaou/checkpoints/groupgat_Vc_trial_2464_best_state.pt,"{'learning_rate': 0.009481778202620758, 'lr_reduce': 0.6}",TPESampler,COMPLETE
2465,0.011180910281836987,2025-04-26 08:11:46.195417,2025-04-26 08:13:42.026838,0 days 00:01:55.831421,0.042989856846745986,208,4,3,64,0.14891559011876487,160,3,1,32,0.21725899023545836,64,3,2,112,0.2214376778549854,176,32.0,200.0,3,1,0.0029211498276382046,0.6,/work3/arnaou/checkpoints/groupgat_Vc_trial_2465_best_state.pt,"{'learning_rate': 0.0029211498276382046, 'lr_reduce': 0.6}",TPESampler,COMPLETE
2466,0.011409235186874866,2025-04-26 08:12:10.962078,2025-04-26 08:13:31.389243,0 days 00:01:20.427165,0.09172532300902703,192,1,1,32,0.15685696098102442,144,4,4,32,0.21796838059680063,32,3,2,64,0.13177184056014726,176,96.0,248.0,3,2,0.003183633693703343,0.6,/work3/arnaou/checkpoints/groupgat_Vc_trial_2466_best_state.pt,"{'learning_rate': 0.003183633693703343, 'lr_reduce': 0.6}",TPESampler,COMPLETE
2467,0.013420496135950089,2025-04-26 08:12:28.718015,2025-04-26 08:13:32.783051,0 days 00:01:04.065036,0.2517252408281977,112,1,4,96,0.2507049275709434,64,2,1,32,0.23753272969389877,80,2,1,112,0.2774636095179266,288,216.0,104.0,3,2,0.009026749509059621,0.6,/work3/arnaou/checkpoints/groupgat_Vc_trial_2467_best_state.pt,"{'learning_rate': 0.009026749509059621, 'lr_reduce': 0.6}",TPESampler,COMPLETE
2468,0.012860745191574097,2025-04-26 08:13:31.717663,2025-04-26 08:14:20.827387,0 days 00:00:49.109724,0.0371631313277357,224,1,2,64,0.1414910198141865,144,4,3,32,0.1630578223972491,32,3,1,48,0.04688933915327283,80,208.0,,2,2,0.002634848227882573,0.6,/work3/arnaou/checkpoints/groupgat_Vc_trial_2468_best_state.pt,"{'learning_rate': 0.002634848227882573, 'lr_reduce': 0.6}",TPESampler,COMPLETE
2469,0.014258555136620998,2025-04-26 08:13:33.110778,2025-04-26 08:15:11.297753,0 days 00:01:38.186975,0.04473071682593309,256,3,1,48,0.004804590073183276,80,3,1,64,0.03240177968604813,64,1,2,112,0.22690423365051907,280,136.0,176.0,3,2,0.0010245102340745687,0.6,/work3/arnaou/checkpoints/groupgat_Vc_trial_2469_best_state.pt,"{'learning_rate': 0.0010245102340745687, 'lr_reduce': 0.6}",TPESampler,COMPLETE
2470,0.015578116290271282,2025-04-26 08:13:42.375243,2025-04-26 08:15:41.445652,0 days 00:01:59.070409,0.004003989913375916,240,1,1,128,0.027876236646556224,208,3,3,64,0.2978543307076494,64,4,2,80,0.15614899498402018,80,,,1,2,0.0004048277318689297,0.6,/work3/arnaou/checkpoints/groupgat_Vc_trial_2470_best_state.pt,"{'learning_rate': 0.0004048277318689297, 'lr_reduce': 0.6}",TPESampler,COMPLETE
2471,0.013182677328586578,2025-04-26 08:14:21.132225,2025-04-26 08:16:01.956204,0 days 00:01:40.823979,0.08234654705264435,160,3,3,64,0.006496643966440793,80,4,2,32,0.19920560324409647,112,1,2,96,2.9090716590164656e-05,80,80.0,248.0,3,1,0.0031049217938387526,0.6,/work3/arnaou/checkpoints/groupgat_Vc_trial_2471_best_state.pt,"{'learning_rate': 0.0031049217938387526, 'lr_reduce': 0.6}",TPESampler,COMPLETE
2472,0.013992133550345898,2025-04-26 08:15:11.597064,2025-04-26 08:16:28.305518,0 days 00:01:16.708454,0.12980166650776903,160,3,1,64,0.04215574816832342,96,3,1,48,0.1316941237292859,32,2,4,80,0.06664065355222067,192,104.0,200.0,3,2,0.007943197089037471,0.6,/work3/arnaou/checkpoints/groupgat_Vc_trial_2472_best_state.pt,"{'learning_rate': 0.007943197089037471, 'lr_reduce': 0.6}",TPESampler,COMPLETE
2473,0.05295780673623085,2025-04-26 08:15:41.789737,2025-04-26 08:16:55.710895,0 days 00:01:13.921158,0.24939387860572543,128,2,1,112,0.1045101505788574,256,2,1,96,0.12518407847272223,80,2,2,112,0.27917185907326425,64,,,1,1,0.0041577258224340915,0.6,/work3/arnaou/checkpoints/groupgat_Vc_trial_2473_best_state.pt,"{'learning_rate': 0.0041577258224340915, 'lr_reduce': 0.6}",TPESampler,COMPLETE
2474,0.04887959733605385,2025-04-26 08:16:02.274448,2025-04-26 08:17:25.755323,0 days 00:01:23.480875,0.04442700447331404,240,3,3,48,0.1811491549776547,64,2,2,32,0.23003226458653425,80,1,2,64,0.2572414861295246,176,,,1,1,0.001033574668938129,0.6,/work3/arnaou/checkpoints/groupgat_Vc_trial_2474_best_state.pt,"{'learning_rate': 0.001033574668938129, 'lr_reduce': 0.6}",TPESampler,COMPLETE
2475,0.01503621693700552,2025-04-26 08:16:28.621439,2025-04-26 08:17:09.577486,0 days 00:00:40.956047,0.05189162004474996,112,1,2,32,0.24335733449550556,64,4,3,32,0.08429151051360743,48,2,1,80,0.1207007393279185,208,400.0,128.0,3,2,0.0022092473963080295,0.6,/work3/arnaou/checkpoints/groupgat_Vc_trial_2475_best_state.pt,"{'learning_rate': 0.0022092473963080295, 'lr_reduce': 0.6}",TPESampler,COMPLETE
2476,0.011537906713783741,2025-04-26 08:16:56.932049,2025-04-26 08:18:01.421687,0 days 00:01:04.489638,0.00046794879458669086,208,4,4,80,0.06679325907634626,192,3,2,32,0.029947219390576374,32,3,3,112,0.2720205555290561,128,32.0,,2,2,0.005586810720380506,0.6,/work3/arnaou/checkpoints/groupgat_Vc_trial_2476_best_state.pt,"{'learning_rate': 0.005586810720380506, 'lr_reduce': 0.6}",TPESampler,COMPLETE
2477,0.019333332777023315,2025-04-26 08:17:09.870090,2025-04-26 08:18:35.060682,0 days 00:01:25.190592,0.05209676835804451,240,2,4,80,0.20794966630656408,224,1,1,64,0.11095042748097403,64,3,3,96,0.009594062196155884,456,32.0,240.0,3,1,0.00032409972942611305,0.6,/work3/arnaou/checkpoints/groupgat_Vc_trial_2477_best_state.pt,"{'learning_rate': 0.00032409972942611305, 'lr_reduce': 0.6}",TPESampler,COMPLETE
2478,0.010889725759625435,2025-04-26 08:17:26.120398,2025-04-26 08:18:33.802267,0 days 00:01:07.681869,0.028032891633126594,176,4,4,64,0.05304328318522463,80,3,1,32,0.17478181548402918,128,1,2,96,0.01975015244809031,80,168.0,160.0,3,2,0.0031275500079536935,0.6,/work3/arnaou/checkpoints/groupgat_Vc_trial_2478_best_state.pt,"{'learning_rate': 0.0031275500079536935, 'lr_reduce': 0.6}",TPESampler,COMPLETE
2479,0.010648418217897415,2025-04-26 08:18:01.807449,2025-04-26 08:19:07.707224,0 days 00:01:05.899775,0.13055010209470547,144,3,3,48,0.058288877903698494,80,3,1,32,0.2082088637555095,80,1,2,112,0.019917334645654837,144,416.0,208.0,3,2,0.004383247950363992,0.6,/work3/arnaou/checkpoints/groupgat_Vc_trial_2479_best_state.pt,"{'learning_rate': 0.004383247950363992, 'lr_reduce': 0.6}",TPESampler,COMPLETE
2480,0.014101830311119556,2025-04-26 08:18:34.435264,2025-04-26 08:20:43.353782,0 days 00:02:08.918518,0.06017541993283032,256,4,4,64,0.1775299599310195,240,2,3,48,0.11041587309503983,32,4,3,96,0.18635816363557667,160,,,1,2,0.0037015003251644274,0.6,/work3/arnaou/checkpoints/groupgat_Vc_trial_2480_best_state.pt,"{'learning_rate': 0.0037015003251644274, 'lr_reduce': 0.6}",TPESampler,COMPLETE
2481,0.017541058361530304,2025-04-26 08:18:35.362245,2025-04-26 08:20:00.719547,0 days 00:01:25.357302,0.14913667466969865,240,3,1,48,0.056976006629500364,80,4,1,64,0.09883078274786603,64,1,3,112,0.1537077584259928,264,72.0,,2,2,0.002130444330623582,0.6,/work3/arnaou/checkpoints/groupgat_Vc_trial_2481_best_state.pt,"{'learning_rate': 0.002130444330623582, 'lr_reduce': 0.6}",TPESampler,COMPLETE
2482,0.020703766494989395,2025-04-26 08:19:07.969059,2025-04-26 08:20:31.225628,0 days 00:01:23.256569,0.2540479822150449,64,3,3,32,0.09117580299031762,240,3,2,32,0.29312536925225996,112,3,3,32,0.09474543951779707,128,,,1,1,0.003334486181454468,0.6,/work3/arnaou/checkpoints/groupgat_Vc_trial_2482_best_state.pt,"{'learning_rate': 0.003334486181454468, 'lr_reduce': 0.6}",TPESampler,COMPLETE
2483,0.014589715749025345,2025-04-26 08:20:00.981810,2025-04-26 08:20:35.692192,0 days 00:00:34.710382,0.156366548442268,240,1,2,48,0.12889635987859982,96,3,4,96,0.24308700327212457,48,1,2,48,0.17581220532222053,416,224.0,72.0,3,1,0.0025670522187076212,0.6,/work3/arnaou/checkpoints/groupgat_Vc_trial_2483_best_state.pt,"{'learning_rate': 0.0025670522187076212, 'lr_reduce': 0.6}",TPESampler,COMPLETE
2484,0.012214154936373234,2025-04-26 08:20:31.615473,2025-04-26 08:22:05.072594,0 days 00:01:33.457121,0.0791678771644234,224,4,3,96,0.01110097022425464,80,4,1,64,0.22444420551717464,64,1,3,112,0.16760543330004388,168,400.0,256.0,3,2,0.0029120737172162207,0.6,/work3/arnaou/checkpoints/groupgat_Vc_trial_2484_best_state.pt,"{'learning_rate': 0.0029120737172162207, 'lr_reduce': 0.6}",TPESampler,COMPLETE
2485,0.02642480842769146,2025-04-26 08:20:36.016338,2025-04-26 08:21:22.909844,0 days 00:00:46.893506,0.24659689164141557,112,2,1,80,0.2585531256063476,176,3,2,64,0.2844331571386166,48,4,3,80,0.04176791820438226,144,408.0,160.0,3,1,0.000878205568910587,0.6,/work3/arnaou/checkpoints/groupgat_Vc_trial_2485_best_state.pt,"{'learning_rate': 0.000878205568910587, 'lr_reduce': 0.6}",TPESampler,COMPLETE
2486,0.029230356216430664,2025-04-26 08:20:43.672892,2025-04-26 08:22:02.021263,0 days 00:01:18.348371,0.26168435665758766,144,1,2,32,0.09427015906827219,224,2,2,64,0.15874593832859013,32,4,2,96,0.046841700951850807,440,96.0,456.0,3,1,0.00019517981643648184,0.6,/work3/arnaou/checkpoints/groupgat_Vc_trial_2486_best_state.pt,"{'learning_rate': 0.00019517981643648184, 'lr_reduce': 0.6}",TPESampler,COMPLETE
2487,0.011103165335953236,2025-04-26 08:21:23.202438,2025-04-26 08:22:39.095756,0 days 00:01:15.893318,0.10710067901573588,240,3,1,32,0.10658447427048262,64,2,1,64,0.13909894839869522,48,1,3,80,0.12905265924531534,320,64.0,200.0,3,2,0.007018881219541689,0.6,/work3/arnaou/checkpoints/groupgat_Vc_trial_2487_best_state.pt,"{'learning_rate': 0.007018881219541689, 'lr_reduce': 0.6}",TPESampler,COMPLETE
2488,0.019757863134145737,2025-04-26 08:22:02.357083,2025-04-26 08:22:44.381750,0 days 00:00:42.024667,0.09118590192005509,256,3,4,80,0.012325712797459459,64,3,4,48,0.17071908141662295,96,1,3,48,0.2560135142915052,168,136.0,,2,2,0.0026890210663645313,0.6,/work3/arnaou/checkpoints/groupgat_Vc_trial_2488_best_state.pt,"{'learning_rate': 0.0026890210663645313, 'lr_reduce': 0.6}",TPESampler,COMPLETE
2489,0.018417006358504295,2025-04-26 08:22:05.697020,2025-04-26 08:23:50.919377,0 days 00:01:45.222357,0.004938785776028125,256,3,3,128,0.10333639305832845,256,2,3,32,0.016126321636826813,64,1,3,96,0.20084757024910188,384,,,1,2,0.0022562530516133743,0.6,/work3/arnaou/checkpoints/groupgat_Vc_trial_2489_best_state.pt,"{'learning_rate': 0.0022562530516133743, 'lr_reduce': 0.6}",TPESampler,COMPLETE
2490,0.0322575718164444,2025-04-26 08:22:39.464842,2025-04-26 08:24:10.741477,0 days 00:01:31.276635,0.022817331659654244,128,3,4,96,0.19192332247431723,176,1,4,48,0.015942909475050865,48,2,2,80,0.007379238285735529,128,416.0,32.0,3,1,0.000475681648198844,0.6,/work3/arnaou/checkpoints/groupgat_Vc_trial_2490_best_state.pt,"{'learning_rate': 0.000475681648198844, 'lr_reduce': 0.6}",TPESampler,COMPLETE
2491,0.010253933258354664,2025-04-26 08:22:44.818323,2025-04-26 08:23:55.844490,0 days 00:01:11.026167,0.03903174084768917,256,4,2,32,0.049543478418700986,80,4,1,32,0.06193234754486255,112,1,3,128,0.018219272833272012,224,400.0,256.0,3,2,0.00399513577817958,0.6,/work3/arnaou/checkpoints/groupgat_Vc_trial_2491_best_state.pt,"{'learning_rate': 0.00399513577817958, 'lr_reduce': 0.6}",TPESampler,COMPLETE
2492,0.01298275962471962,2025-04-26 08:23:51.210511,2025-04-26 08:25:21.773547,0 days 00:01:30.563036,0.03794170005590254,128,2,2,32,0.21140118357585735,176,4,4,112,0.16737005779926997,80,4,2,64,0.10392854265590748,448,,,1,1,0.004588668649193103,0.6,/work3/arnaou/checkpoints/groupgat_Vc_trial_2492_best_state.pt,"{'learning_rate': 0.004588668649193103, 'lr_reduce': 0.6}",TPESampler,COMPLETE
2493,0.02247477136552334,2025-04-26 08:23:56.131327,2025-04-26 08:25:31.329214,0 days 00:01:35.197887,0.29293044800131085,176,2,2,64,0.024260310804691654,144,1,3,64,0.2718174201300887,96,2,1,64,0.03494575750684467,336,,,1,2,0.0002445956377974603,0.6,/work3/arnaou/checkpoints/groupgat_Vc_trial_2493_best_state.pt,"{'learning_rate': 0.0002445956377974603, 'lr_reduce': 0.6}",TPESampler,COMPLETE
