number,value,datetime_start,datetime_complete,duration,params_L1_dropout,params_L1_hidden_dim,params_L1_layers_atom,params_L1_layers_mol,params_L1_out_dim,params_L2_dropout,params_L2_hidden_dim,params_L2_layers_atom,params_L2_layers_mol,params_L2_out_dim,params_L3_dropout,params_L3_hidden_dim,params_L3_layers_atom,params_L3_layers_mol,params_L3_out_dim,params_final_dropout,params_mlp_dim_0,params_mlp_dim_1,params_mlp_dim_2,params_n_mlp_layers,params_num_heads,params_train_learning_rate,params_train_lr_reduce,user_attrs_best_state_dict_path,user_attrs_training_params,system_attrs_auto:sampler,state
1964,0.013089671730995178,2025-04-26 03:57:26.169215,2025-04-26 03:59:15.778090,0 days 00:01:49.608875,0.1288368897379834,256,1,1,64,0.07886972124727055,208,2,4,112,0.24755174680034178,112,4,3,112,0.1418071182008269,512,,,1,1,0.006317992935212583,0.6,/work3/arnaou/checkpoints/groupgat_Vc_trial_1964_best_state.pt,"{'learning_rate': 0.006317992935212583, 'lr_reduce': 0.6}",TPESampler,COMPLETE
1965,0.027355534955859184,2025-04-26 03:58:52.526287,2025-04-26 04:00:47.125003,0 days 00:01:54.598716,0.20800407192705284,96,2,1,48,0.07612051425064893,176,3,4,96,0.06307374088038231,112,2,4,48,0.21533109681810064,496,,,1,2,0.00648042389772259,0.6,/work3/arnaou/checkpoints/groupgat_Vc_trial_1965_best_state.pt,"{'learning_rate': 0.00648042389772259, 'lr_reduce': 0.6}",TPESampler,COMPLETE
1966,0.01255765650421381,2025-04-26 03:59:17.617850,2025-04-26 04:00:18.027038,0 days 00:01:00.409188,0.12093700409278627,192,1,3,128,0.26876029607283564,192,1,2,48,0.18001778719844036,64,1,2,128,0.12481200003512659,104,296.0,224.0,3,1,0.0018054503721150262,0.6,/work3/arnaou/checkpoints/groupgat_Vc_trial_1966_best_state.pt,"{'learning_rate': 0.0018054503721150262, 'lr_reduce': 0.6}",TPESampler,COMPLETE
1967,0.013234789483249187,2025-04-26 04:00:20.106089,2025-04-26 04:03:14.671183,0 days 00:02:54.565094,0.03313009294793798,240,4,4,80,0.22876825031753184,144,4,2,32,0.29324107735285787,32,3,2,112,0.24564393477889315,128,176.0,336.0,3,2,0.0007080104175389279,0.6,/work3/arnaou/checkpoints/groupgat_Vc_trial_1967_best_state.pt,"{'learning_rate': 0.0007080104175389279, 'lr_reduce': 0.6}",TPESampler,COMPLETE
1968,0.023406045511364937,2025-04-26 04:00:20.681291,2025-04-26 04:04:41.956357,0 days 00:04:21.275066,0.001641001131655724,208,2,3,96,0.05629434620666708,96,2,3,64,0.15493209340111297,96,2,2,128,0.05857618532911296,232,432.0,160.0,3,2,0.0008889400646793069,0.6,/work3/arnaou/checkpoints/groupgat_Vc_trial_1968_best_state.pt,"{'learning_rate': 0.0008889400646793069, 'lr_reduce': 0.6}",TPESampler,COMPLETE
1969,0.03128179535269737,2025-04-26 04:00:50.524997,2025-04-26 04:03:19.751834,0 days 00:02:29.226837,0.10132024760895453,112,2,3,112,0.25074213100439496,192,2,4,48,0.010995278580134826,96,2,4,80,0.027012927761845815,432,392.0,,2,2,0.004782512337857468,0.6,/work3/arnaou/checkpoints/groupgat_Vc_trial_1969_best_state.pt,"{'learning_rate': 0.004782512337857468, 'lr_reduce': 0.6}",TPESampler,COMPLETE
1970,0.01324787363409996,2025-04-26 04:03:17.017160,2025-04-26 04:04:35.842044,0 days 00:01:18.824884,0.03601948197462186,208,1,3,112,0.22609736729269875,80,3,1,96,0.13685006314704928,32,3,4,96,0.07508370121651614,192,344.0,280.0,3,2,0.00277781282860337,0.6,/work3/arnaou/checkpoints/groupgat_Vc_trial_1970_best_state.pt,"{'learning_rate': 0.00277781282860337, 'lr_reduce': 0.6}",TPESampler,COMPLETE
1971,0.01858358457684517,2025-04-26 04:03:22.489607,2025-04-26 04:05:11.459162,0 days 00:01:48.969555,0.24256609184857347,176,1,2,128,0.2280240851633396,208,3,2,128,0.0513574831349409,32,1,3,128,0.15772635813699717,120,440.0,,2,2,0.00027431195844062337,0.6,/work3/arnaou/checkpoints/groupgat_Vc_trial_1971_best_state.pt,"{'learning_rate': 0.00027431195844062337, 'lr_reduce': 0.6}",TPESampler,COMPLETE
1972,0.11891975998878479,2025-04-26 04:04:39.462011,2025-04-26 04:05:32.786269,0 days 00:00:53.324258,0.08212941228379048,240,3,1,64,0.07855236460128427,80,2,1,32,0.10886969825035286,48,1,4,128,0.12588696457341828,160,248.0,240.0,3,2,0.0008119461767401809,0.6,/work3/arnaou/checkpoints/groupgat_Vc_trial_1972_best_state.pt,"{'learning_rate': 0.0008119461767401809, 'lr_reduce': 0.6}",TPESampler,COMPLETE
1973,0.013190070167183876,2025-04-26 04:04:44.684617,2025-04-26 04:06:31.318015,0 days 00:01:46.633398,0.0023037587177572004,240,3,2,96,0.07717723491476378,96,4,2,96,0.06480004863715914,64,3,1,128,0.02189571553068545,320,400.0,416.0,3,2,0.0019603662416491073,0.6,/work3/arnaou/checkpoints/groupgat_Vc_trial_1973_best_state.pt,"{'learning_rate': 0.0019603662416491073, 'lr_reduce': 0.6}",TPESampler,COMPLETE
1974,0.02378096617758274,2025-04-26 04:05:13.580068,2025-04-26 04:06:21.208410,0 days 00:01:07.628342,0.09786366568857227,240,2,1,32,0.002408960833721552,192,1,4,112,0.026669763622658757,64,2,1,128,0.16187187176816029,224,32.0,192.0,3,2,0.0034518592221045408,0.6,/work3/arnaou/checkpoints/groupgat_Vc_trial_1974_best_state.pt,"{'learning_rate': 0.0034518592221045408, 'lr_reduce': 0.6}",TPESampler,COMPLETE
1975,0.012797902338206768,2025-04-26 04:05:35.653609,2025-04-26 04:06:56.033928,0 days 00:01:20.380319,0.0019014702212172812,224,4,2,48,0.02770350053205357,64,4,1,32,0.22323393344471965,80,1,1,128,0.054948642575808886,200,480.0,304.0,3,2,0.004629643145150581,0.6,/work3/arnaou/checkpoints/groupgat_Vc_trial_1975_best_state.pt,"{'learning_rate': 0.004629643145150581, 'lr_reduce': 0.6}",TPESampler,COMPLETE
1976,0.012206768617033958,2025-04-26 04:06:23.874174,2025-04-26 04:07:52.373135,0 days 00:01:28.498961,0.006569704208982195,128,3,3,112,0.04485668440021336,144,3,1,64,0.2289096584924575,80,3,3,128,0.16972151654630416,64,112.0,344.0,3,1,0.005557002599851638,0.6,/work3/arnaou/checkpoints/groupgat_Vc_trial_1976_best_state.pt,"{'learning_rate': 0.005557002599851638, 'lr_reduce': 0.6}",TPESampler,COMPLETE
1977,0.012379499152302742,2025-04-26 04:06:34.499319,2025-04-26 04:08:26.483844,0 days 00:01:51.984525,0.03023171789517427,240,4,3,48,0.15172964539534542,208,2,2,32,0.24329787021622834,48,2,2,112,0.19462166297624048,280,296.0,248.0,3,1,0.0004927001021048875,0.6,/work3/arnaou/checkpoints/groupgat_Vc_trial_1977_best_state.pt,"{'learning_rate': 0.0004927001021048875, 'lr_reduce': 0.6}",TPESampler,COMPLETE
1978,0.01351881492882967,2025-04-26 04:06:58.619093,2025-04-26 04:08:12.839076,0 days 00:01:14.219983,0.020279354151615515,224,4,2,48,0.0018038010300608213,128,4,1,48,0.06764731515373776,128,1,3,80,0.03033843126101254,80,344.0,160.0,3,2,0.002321875129393869,0.6,/work3/arnaou/checkpoints/groupgat_Vc_trial_1978_best_state.pt,"{'learning_rate': 0.002321875129393869, 'lr_reduce': 0.6}",TPESampler,COMPLETE
1979,0.292598158121109,2025-04-26 04:07:54.889880,2025-04-26 04:10:22.467239,0 days 00:02:27.577359,0.2056589443338489,176,2,4,112,0.2907531380792407,112,3,3,128,0.13571810844843318,128,3,3,128,0.024282607600319583,224,432.0,,2,1,0.00010829009722225747,0.6,/work3/arnaou/checkpoints/groupgat_Vc_trial_1979_best_state.pt,"{'learning_rate': 0.00010829009722225747, 'lr_reduce': 0.6}",TPESampler,COMPLETE
1980,0.010361923836171627,2025-04-26 04:08:14.138644,2025-04-26 04:09:38.459712,0 days 00:01:24.321068,0.07076094994644491,144,4,1,32,0.0538245669780104,96,3,1,32,0.16723141434300276,96,2,1,128,0.06429744065134842,64,376.0,32.0,3,2,0.004074856646644255,0.6,/work3/arnaou/checkpoints/groupgat_Vc_trial_1980_best_state.pt,"{'learning_rate': 0.004074856646644255, 'lr_reduce': 0.6}",TPESampler,COMPLETE
1981,0.01555188000202179,2025-04-26 04:08:28.533213,2025-04-26 04:10:21.920742,0 days 00:01:53.387529,0.21546211613827448,240,1,3,128,0.21215209653765035,176,2,4,32,0.18356787980166733,64,1,1,96,0.2095508071528154,72,472.0,,2,2,0.004937595202077234,0.6,/work3/arnaou/checkpoints/groupgat_Vc_trial_1981_best_state.pt,"{'learning_rate': 0.004937595202077234, 'lr_reduce': 0.6}",TPESampler,COMPLETE
1982,0.010491110384464264,2025-04-26 04:09:40.790335,2025-04-26 04:11:05.216984,0 days 00:01:24.426649,0.12117954387855966,256,2,4,80,0.24419650093447653,80,4,1,32,0.17903836366074521,32,2,1,64,0.15438140443007006,160,416.0,208.0,3,1,0.002063925306992394,0.6,/work3/arnaou/checkpoints/groupgat_Vc_trial_1982_best_state.pt,"{'learning_rate': 0.002063925306992394, 'lr_reduce': 0.6}",TPESampler,COMPLETE
1983,0.01406796369701624,2025-04-26 04:10:24.467062,2025-04-26 04:12:13.917207,0 days 00:01:49.450145,0.08563374093657361,192,2,2,64,0.15408526665899958,160,3,2,32,0.25517762668853333,96,2,2,80,0.26050760703145587,104,272.0,,2,1,0.0006528379375722742,0.6,/work3/arnaou/checkpoints/groupgat_Vc_trial_1983_best_state.pt,"{'learning_rate': 0.0006528379375722742, 'lr_reduce': 0.6}",TPESampler,COMPLETE
1984,0.011400442570447922,2025-04-26 04:10:25.034478,2025-04-26 04:12:02.133064,0 days 00:01:37.098586,0.05775977795256365,192,2,2,48,0.017305127870630217,64,3,1,48,0.15204266664817673,48,1,4,128,0.06934408069042516,288,368.0,384.0,3,2,0.008043361609773246,0.6,/work3/arnaou/checkpoints/groupgat_Vc_trial_1984_best_state.pt,"{'learning_rate': 0.008043361609773246, 'lr_reduce': 0.6}",TPESampler,COMPLETE
1985,0.01656983233988285,2025-04-26 04:11:07.407280,2025-04-26 04:12:27.125346,0 days 00:01:19.718066,0.019944024966419432,64,4,4,32,0.029177257781666594,144,3,1,96,0.2629171563506674,32,2,4,80,0.1835859641975598,32,440.0,,2,2,0.007342942797769454,0.6,/work3/arnaou/checkpoints/groupgat_Vc_trial_1985_best_state.pt,"{'learning_rate': 0.007342942797769454, 'lr_reduce': 0.6}",TPESampler,COMPLETE
1986,0.010896713472902775,2025-04-26 04:12:04.960349,2025-04-26 04:13:50.744305,0 days 00:01:45.783956,0.014046733973229183,224,3,4,64,0.01006362756704928,96,2,3,96,0.27115571143428313,64,1,3,48,0.25164397315661496,248,320.0,,2,2,0.005015781688860432,0.6,/work3/arnaou/checkpoints/groupgat_Vc_trial_1986_best_state.pt,"{'learning_rate': 0.005015781688860432, 'lr_reduce': 0.6}",TPESampler,COMPLETE
1987,0.009220884181559086,2025-04-26 04:12:17.425899,2025-04-26 04:13:41.630360,0 days 00:01:24.204461,0.06010178495241579,224,3,4,64,0.11113139490420523,112,4,1,32,0.23550993763065275,32,2,2,64,0.1872236485564629,160,392.0,312.0,3,2,0.003562353039709418,0.6,/work3/arnaou/checkpoints/groupgat_Vc_trial_1987_best_state.pt,"{'learning_rate': 0.003562353039709418, 'lr_reduce': 0.6}",TPESampler,COMPLETE
1988,0.010755197145044804,2025-04-26 04:12:28.510692,2025-04-26 04:14:02.516075,0 days 00:01:34.005383,0.07623946177153716,128,1,2,112,0.12173566099408195,96,2,3,32,0.18356915698144882,32,4,1,32,0.18073813850344522,464,216.0,112.0,3,1,0.003636255894554292,0.6,/work3/arnaou/checkpoints/groupgat_Vc_trial_1988_best_state.pt,"{'learning_rate': 0.003636255894554292, 'lr_reduce': 0.6}",TPESampler,COMPLETE
1989,0.012282740324735641,2025-04-26 04:13:44.883998,2025-04-26 04:16:13.835055,0 days 00:02:28.951057,0.026968951249112003,256,4,2,48,0.0417140186207702,176,4,2,48,0.28369763416634997,64,1,2,96,0.21807569259375292,384,480.0,264.0,3,2,0.005998843576133978,0.6,/work3/arnaou/checkpoints/groupgat_Vc_trial_1989_best_state.pt,"{'learning_rate': 0.005998843576133978, 'lr_reduce': 0.6}",TPESampler,COMPLETE
1990,0.3278757929801941,2025-04-26 04:13:52.594001,2025-04-26 04:16:31.173302,0 days 00:02:38.579301,0.08732667788515622,256,3,4,32,0.17885814021818813,64,4,4,128,0.1955337190325876,128,2,1,48,0.28011376294788154,240,,,1,1,0.0001357925695631855,0.6,/work3/arnaou/checkpoints/groupgat_Vc_trial_1990_best_state.pt,"{'learning_rate': 0.0001357925695631855, 'lr_reduce': 0.6}",TPESampler,COMPLETE
1991,0.02237471006810665,2025-04-26 04:14:05.322549,2025-04-26 04:15:47.319714,0 days 00:01:41.997165,0.14436056232402453,144,4,4,80,0.11802450805059361,128,4,2,96,0.21687539535606234,64,2,4,64,0.2879772506557653,40,432.0,,2,2,0.009653380819062906,0.6,/work3/arnaou/checkpoints/groupgat_Vc_trial_1991_best_state.pt,"{'learning_rate': 0.009653380819062906, 'lr_reduce': 0.6}",TPESampler,COMPLETE
1992,0.03032173216342926,2025-04-26 04:15:49.922753,2025-04-26 04:16:56.509327,0 days 00:01:06.586574,0.09969863771516631,208,3,4,64,0.01794581467917339,64,3,3,80,0.22628457413197434,64,2,3,32,0.21086174665480423,152,336.0,,2,2,0.0035486069224669545,0.6,/work3/arnaou/checkpoints/groupgat_Vc_trial_1992_best_state.pt,"{'learning_rate': 0.0035486069224669545, 'lr_reduce': 0.6}",TPESampler,COMPLETE
1993,0.009720787405967712,2025-04-26 04:16:16.625457,2025-04-26 04:17:42.869843,0 days 00:01:26.244386,0.03957663249430172,256,2,3,64,0.15969537937140255,160,3,2,80,0.19887482463774872,64,1,2,128,0.24946039384531446,184,392.0,352.0,3,2,0.003728228529825802,0.6,/work3/arnaou/checkpoints/groupgat_Vc_trial_1993_best_state.pt,"{'learning_rate': 0.003728228529825802, 'lr_reduce': 0.6}",TPESampler,COMPLETE
1994,0.012620754539966583,2025-04-26 04:16:33.915572,2025-04-26 04:18:41.249521,0 days 00:02:07.333949,0.06541670050117167,224,3,2,128,0.012671852598383567,160,4,3,96,0.1690021043224935,96,2,3,128,0.09460048479931737,88,448.0,224.0,3,2,0.007754501338804147,0.6,/work3/arnaou/checkpoints/groupgat_Vc_trial_1994_best_state.pt,"{'learning_rate': 0.007754501338804147, 'lr_reduce': 0.6}",TPESampler,COMPLETE
1995,0.018315084278583527,2025-04-26 04:16:59.347321,2025-04-26 04:18:29.014335,0 days 00:01:29.667014,0.23224074189684832,192,3,1,48,0.07122285927581647,96,1,2,32,0.2994168545090866,128,2,2,128,0.07769709299431081,152,,,1,1,0.006511021135912312,0.6,/work3/arnaou/checkpoints/groupgat_Vc_trial_1995_best_state.pt,"{'learning_rate': 0.006511021135912312, 'lr_reduce': 0.6}",TPESampler,COMPLETE
1996,0.010575475171208382,2025-04-26 04:17:45.688308,2025-04-26 04:19:05.450835,0 days 00:01:19.762527,0.01381602402752354,160,1,2,64,0.15819794068087345,80,4,2,80,0.06618981462958054,80,2,2,128,0.08356002416075163,416,272.0,,2,2,0.003093245778200226,0.6,/work3/arnaou/checkpoints/groupgat_Vc_trial_1996_best_state.pt,"{'learning_rate': 0.003093245778200226, 'lr_reduce': 0.6}",TPESampler,COMPLETE
1997,0.014242147095501423,2025-04-26 04:18:31.681019,2025-04-26 04:19:43.448491,0 days 00:01:11.767472,0.030903607200719944,144,4,3,112,0.12043817982481116,240,2,1,80,0.171155538751948,32,1,3,128,0.027313049316759347,136,376.0,,2,1,0.006110745515597076,0.6,/work3/arnaou/checkpoints/groupgat_Vc_trial_1997_best_state.pt,"{'learning_rate': 0.006110745515597076, 'lr_reduce': 0.6}",TPESampler,COMPLETE
1998,0.0130429333075881,2025-04-26 04:18:44.437818,2025-04-26 04:19:55.565877,0 days 00:01:11.128059,0.05224586538957005,208,4,2,80,0.047035647417752915,64,4,1,32,0.1649751950144717,80,1,2,112,0.019290811997942088,48,480.0,280.0,3,2,0.0038908666381064763,0.6,/work3/arnaou/checkpoints/groupgat_Vc_trial_1998_best_state.pt,"{'learning_rate': 0.0038908666381064763, 'lr_reduce': 0.6}",TPESampler,COMPLETE
1999,0.049967262893915176,2025-04-26 04:19:06.358430,2025-04-26 04:21:14.032540,0 days 00:02:07.674110,0.056105702185800355,144,1,2,96,0.19375078247815514,176,3,2,64,0.20891300550478178,64,4,2,96,0.24366885241217096,424,416.0,176.0,3,1,0.00023330103027789574,0.6,/work3/arnaou/checkpoints/groupgat_Vc_trial_1999_best_state.pt,"{'learning_rate': 0.00023330103027789574, 'lr_reduce': 0.6}",TPESampler,COMPLETE
2000,0.03128678351640701,2025-04-26 04:19:44.745073,2025-04-26 04:20:33.093870,0 days 00:00:48.348797,0.115142167019211,240,3,2,48,0.07328340239367127,80,4,1,48,0.12981901090744807,96,1,4,112,0.04002939240491793,112,160.0,512.0,3,2,0.0023084763636925377,0.6,/work3/arnaou/checkpoints/groupgat_Vc_trial_2000_best_state.pt,"{'learning_rate': 0.0023084763636925377, 'lr_reduce': 0.6}",TPESampler,COMPLETE
2001,0.01878199353814125,2025-04-26 04:19:56.441639,2025-04-26 04:23:04.199005,0 days 00:03:07.757366,0.21340754916861282,80,4,4,112,0.05369454155554315,256,2,3,64,0.02255924722170588,64,1,1,80,0.19677945570897015,192,,,1,2,0.0004105079601280344,0.6,/work3/arnaou/checkpoints/groupgat_Vc_trial_2001_best_state.pt,"{'learning_rate': 0.0004105079601280344, 'lr_reduce': 0.6}",TPESampler,COMPLETE
2002,0.011954449117183685,2025-04-26 04:20:35.205369,2025-04-26 04:22:08.652800,0 days 00:01:33.447431,0.052710473103556366,240,3,3,48,0.21165611768144635,208,4,1,96,0.261025959169873,64,1,1,128,0.295367347151553,256,328.0,,2,2,0.002597192789992398,0.6,/work3/arnaou/checkpoints/groupgat_Vc_trial_2002_best_state.pt,"{'learning_rate': 0.002597192789992398, 'lr_reduce': 0.6}",TPESampler,COMPLETE
2003,0.02179449051618576,2025-04-26 04:21:16.770357,2025-04-26 04:22:40.710183,0 days 00:01:23.939826,0.005283677874218112,256,4,2,64,0.19179584497794144,224,2,2,32,0.19326480306748367,32,1,1,96,0.2730570653809566,208,440.0,448.0,3,1,0.00253373887598464,0.6,/work3/arnaou/checkpoints/groupgat_Vc_trial_2003_best_state.pt,"{'learning_rate': 0.00253373887598464, 'lr_reduce': 0.6}",TPESampler,COMPLETE
2004,0.011611675843596458,2025-04-26 04:22:11.397118,2025-04-26 04:23:58.678167,0 days 00:01:47.281049,0.03116061599811519,256,3,1,80,0.033741020426218855,96,2,1,32,0.06367456965341609,80,1,4,112,0.19030999435888915,368,376.0,312.0,3,2,0.0037140869779689893,0.6,/work3/arnaou/checkpoints/groupgat_Vc_trial_2004_best_state.pt,"{'learning_rate': 0.0037140869779689893, 'lr_reduce': 0.6}",TPESampler,COMPLETE
2005,0.01030562724918127,2025-04-26 04:22:43.755604,2025-04-26 04:24:02.105827,0 days 00:01:18.350223,0.0379121182662476,128,4,2,32,0.04752376304558879,176,4,1,80,0.08366508016193906,80,1,4,128,0.04397854399603188,168,224.0,248.0,3,2,0.004155066108151112,0.6,/work3/arnaou/checkpoints/groupgat_Vc_trial_2005_best_state.pt,"{'learning_rate': 0.004155066108151112, 'lr_reduce': 0.6}",TPESampler,COMPLETE
2006,0.032446593046188354,2025-04-26 04:23:06.646244,2025-04-26 04:25:45.687188,0 days 00:02:39.040944,0.14571017158487617,112,2,3,128,0.0902805211358472,64,4,3,32,0.24398555074295675,80,4,2,96,0.048430992851486915,168,480.0,,2,2,0.0006923123716896094,0.6,/work3/arnaou/checkpoints/groupgat_Vc_trial_2006_best_state.pt,"{'learning_rate': 0.0006923123716896094, 'lr_reduce': 0.6}",TPESampler,COMPLETE
2007,0.02009899541735649,2025-04-26 04:24:01.485879,2025-04-26 04:26:24.068562,0 days 00:02:22.582683,0.26658031230901097,80,4,3,48,0.2041676892724131,192,2,3,32,0.12586294761413452,32,3,3,128,0.051477993610804434,512,72.0,392.0,3,2,0.001309277538673958,0.6,/work3/arnaou/checkpoints/groupgat_Vc_trial_2007_best_state.pt,"{'learning_rate': 0.001309277538673958, 'lr_reduce': 0.6}",TPESampler,COMPLETE
2008,0.10366982966661453,2025-04-26 04:24:04.963935,2025-04-26 04:25:10.187159,0 days 00:01:05.223224,0.14451146692524236,224,4,2,32,0.0038950912804580663,96,3,2,48,0.2528055888693581,32,1,2,112,0.08917839615283699,208,296.0,328.0,3,1,0.0027523691998952815,0.6,/work3/arnaou/checkpoints/groupgat_Vc_trial_2008_best_state.pt,"{'learning_rate': 0.0027523691998952815, 'lr_reduce': 0.6}",TPESampler,COMPLETE
2009,0.009943677112460136,2025-04-26 04:25:14.387141,2025-04-26 04:26:40.747133,0 days 00:01:26.359992,0.05615934695307333,256,4,3,96,0.002280114402400127,240,2,3,64,0.012451552403601383,80,3,3,96,0.2865356798859151,320,408.0,,2,1,0.0017119392302393172,0.6,/work3/arnaou/checkpoints/groupgat_Vc_trial_2009_best_state.pt,"{'learning_rate': 0.0017119392302393172, 'lr_reduce': 0.6}",TPESampler,COMPLETE
2010,0.04466727375984192,2025-04-26 04:25:48.624375,2025-04-26 04:26:51.306228,0 days 00:01:02.681853,0.11212054057053611,256,4,1,128,0.11215617377922513,224,1,1,80,0.26534519685453195,128,4,1,128,0.20202470389164728,328,352.0,208.0,3,1,0.005559570901855635,0.6,/work3/arnaou/checkpoints/groupgat_Vc_trial_2010_best_state.pt,"{'learning_rate': 0.005559570901855635, 'lr_reduce': 0.6}",TPESampler,COMPLETE
2011,0.13405467569828033,2025-04-26 04:26:26.763375,2025-04-26 04:27:19.610448,0 days 00:00:52.847073,0.15565672770185635,96,1,3,96,0.03347834963043381,128,4,4,96,0.220575466747437,64,2,3,96,0.09070814985572787,488,,,1,2,0.0013372237391005967,0.6,/work3/arnaou/checkpoints/groupgat_Vc_trial_2011_best_state.pt,"{'learning_rate': 0.0013372237391005967, 'lr_reduce': 0.6}",TPESampler,COMPLETE
2012,0.011505392380058765,2025-04-26 04:26:41.746082,2025-04-26 04:27:45.650115,0 days 00:01:03.904033,0.062391064648588866,160,4,2,80,0.01432459082107597,144,4,1,64,0.26165639099247723,80,1,2,128,0.17779245098561874,160,440.0,264.0,3,2,0.005202891360158313,0.6,/work3/arnaou/checkpoints/groupgat_Vc_trial_2012_best_state.pt,"{'learning_rate': 0.005202891360158313, 'lr_reduce': 0.6}",TPESampler,COMPLETE
2013,0.02374798245728016,2025-04-26 04:26:52.215548,2025-04-26 04:27:54.146710,0 days 00:01:01.931162,0.01888999571575197,256,4,4,80,0.0745051908472402,208,2,1,32,0.08386515788919968,32,3,1,80,0.2846335621304059,352,400.0,112.0,3,1,0.0015151301702128344,0.6,/work3/arnaou/checkpoints/groupgat_Vc_trial_2013_best_state.pt,"{'learning_rate': 0.0015151301702128344, 'lr_reduce': 0.6}",TPESampler,COMPLETE
2014,0.02716458961367607,2025-04-26 04:27:21.145096,2025-04-26 04:29:39.220635,0 days 00:02:18.075539,0.04063953006828913,160,4,2,128,0.008111313809484037,176,3,1,64,0.18507220358368343,80,2,2,128,0.11527162888842095,32,480.0,288.0,3,2,0.008502199663022701,0.6,/work3/arnaou/checkpoints/groupgat_Vc_trial_2014_best_state.pt,"{'learning_rate': 0.008502199663022701, 'lr_reduce': 0.6}",TPESampler,COMPLETE
2015,0.010819990187883377,2025-04-26 04:27:47.908340,2025-04-26 04:29:15.876532,0 days 00:01:27.968192,0.11035433168479439,128,4,4,128,0.1398784251742579,208,1,4,112,0.11914364554423404,112,2,4,32,0.03285923175933493,144,264.0,,2,2,0.0040930973048691754,0.6,/work3/arnaou/checkpoints/groupgat_Vc_trial_2015_best_state.pt,"{'learning_rate': 0.0040930973048691754, 'lr_reduce': 0.6}",TPESampler,COMPLETE
2016,0.014079803600907326,2025-04-26 04:27:56.174697,2025-04-26 04:29:40.723912,0 days 00:01:44.549215,0.03539868952721744,80,4,4,80,0.042942742302175166,192,3,1,128,0.2816940368040273,32,2,4,48,0.2442365981259914,104,,,1,2,0.004173549718732401,0.6,/work3/arnaou/checkpoints/groupgat_Vc_trial_2016_best_state.pt,"{'learning_rate': 0.004173549718732401, 'lr_reduce': 0.6}",TPESampler,COMPLETE
