number,value,datetime_start,datetime_complete,duration,params_L1_dropout,params_L1_hidden_dim,params_L1_layers_atom,params_L1_layers_mol,params_L1_out_dim,params_L2_dropout,params_L2_hidden_dim,params_L2_layers_atom,params_L2_layers_mol,params_L2_out_dim,params_L3_dropout,params_L3_hidden_dim,params_L3_layers_atom,params_L3_layers_mol,params_L3_out_dim,params_final_dropout,params_mlp_dim_0,params_mlp_dim_1,params_mlp_dim_2,params_n_mlp_layers,params_num_heads,params_train_learning_rate,params_train_lr_reduce,user_attrs_best_state_dict_path,user_attrs_training_params,system_attrs_auto:sampler,state
1276,0.011074425652623177,2025-04-25 22:52:42.224931,2025-04-25 22:53:51.746402,0 days 00:01:09.521471,0.03129563507280235,224,4,4,48,0.12405384373911213,256,1,2,32,0.055151483224308434,32,3,3,80,0.23865099269296158,136,472.0,,2,2,0.0031565119579007143,0.6,/work3/arnaou/checkpoints/groupgat_Vc_trial_1276_best_state.pt,"{'learning_rate': 0.0031565119579007143, 'lr_reduce': 0.6}",TPESampler,COMPLETE
1277,0.013439059257507324,2025-04-25 22:52:55.559858,2025-04-25 22:53:54.632457,0 days 00:00:59.072599,0.008490541531634338,256,3,4,64,0.1379078658413245,128,4,1,48,0.21251433368781986,48,1,2,112,0.2489616287073218,72,360.0,256.0,3,2,0.002142324665495168,0.6,/work3/arnaou/checkpoints/groupgat_Vc_trial_1277_best_state.pt,"{'learning_rate': 0.002142324665495168, 'lr_reduce': 0.6}",TPESampler,COMPLETE
1278,0.03357450291514397,2025-04-25 22:53:06.550956,2025-04-25 22:54:26.828059,0 days 00:01:20.277103,0.259829344667389,96,2,2,128,0.08521062305224446,112,1,4,96,0.14078491055106154,112,1,4,112,0.2108370676531986,280,,,1,1,0.009256145242342022,0.6,/work3/arnaou/checkpoints/groupgat_Vc_trial_1278_best_state.pt,"{'learning_rate': 0.009256145242342022, 'lr_reduce': 0.6}",TPESampler,COMPLETE
1279,0.015172741375863552,2025-04-25 22:53:52.010840,2025-04-25 22:54:47.299634,0 days 00:00:55.288794,0.02745199220353512,240,4,3,80,0.0950964633968288,192,3,3,32,0.10969849710086631,32,2,4,96,0.26735202201645336,144,512.0,,2,2,0.0016314555099636173,0.6,/work3/arnaou/checkpoints/groupgat_Vc_trial_1279_best_state.pt,"{'learning_rate': 0.0016314555099636173, 'lr_reduce': 0.6}",TPESampler,COMPLETE
1280,0.0112644387409091,2025-04-25 22:53:55.066193,2025-04-25 22:55:27.147915,0 days 00:01:32.081722,0.06413242625537784,192,4,2,32,0.030500573878176226,112,3,1,80,0.02525082706185226,80,1,4,96,0.14061669978278535,216,432.0,376.0,3,2,0.0017799625570784781,0.6,/work3/arnaou/checkpoints/groupgat_Vc_trial_1280_best_state.pt,"{'learning_rate': 0.0017799625570784781, 'lr_reduce': 0.6}",TPESampler,COMPLETE
1281,0.012346304021775723,2025-04-25 22:54:27.380291,2025-04-25 22:55:55.424512,0 days 00:01:28.044221,0.13239910885901088,224,3,3,80,0.17717408659346648,128,3,1,80,0.21237932598792877,64,1,3,128,0.2999252211515549,112,72.0,120.0,3,2,0.006615589173887856,0.6,/work3/arnaou/checkpoints/groupgat_Vc_trial_1281_best_state.pt,"{'learning_rate': 0.006615589173887856, 'lr_reduce': 0.6}",TPESampler,COMPLETE
1282,0.014528644271194935,2025-04-25 22:54:47.650926,2025-04-25 22:55:57.426964,0 days 00:01:09.776038,0.020326725249050354,240,3,2,80,0.2332702460430235,80,4,2,48,0.21487210644959626,32,2,4,64,0.11308387160889484,48,440.0,,2,2,0.003941550065823802,0.6,/work3/arnaou/checkpoints/groupgat_Vc_trial_1282_best_state.pt,"{'learning_rate': 0.003941550065823802, 'lr_reduce': 0.6}",TPESampler,COMPLETE
1283,0.008899210020899773,2025-04-25 22:55:27.455669,2025-04-25 22:56:30.416102,0 days 00:01:02.960433,0.06148855273454108,240,3,1,64,0.06721338150203202,96,2,1,32,0.06756630962921534,64,1,4,112,0.14745422983478662,272,288.0,312.0,3,2,0.0025824292190290096,0.6,/work3/arnaou/checkpoints/groupgat_Vc_trial_1283_best_state.pt,"{'learning_rate': 0.0025824292190290096, 'lr_reduce': 0.6}",TPESampler,COMPLETE
1284,0.013017997145652771,2025-04-25 22:55:55.775666,2025-04-25 22:57:16.628143,0 days 00:01:20.852477,0.05819577022807346,192,3,3,48,0.031950747827806644,128,2,1,64,0.1902205395524332,128,1,2,96,0.0013512436875924676,296,384.0,200.0,3,2,0.0065718777395956515,0.6,/work3/arnaou/checkpoints/groupgat_Vc_trial_1284_best_state.pt,"{'learning_rate': 0.0065718777395956515, 'lr_reduce': 0.6}",TPESampler,COMPLETE
1285,0.1487518846988678,2025-04-25 22:55:57.884618,2025-04-25 22:57:13.728053,0 days 00:01:15.843435,0.021514884161829697,144,4,2,80,0.11300866160011042,160,3,2,96,0.15776802171794252,32,2,3,80,0.14642038365864227,104,,,1,2,0.004583930218657578,0.6,/work3/arnaou/checkpoints/groupgat_Vc_trial_1285_best_state.pt,"{'learning_rate': 0.004583930218657578, 'lr_reduce': 0.6}",TPESampler,COMPLETE
1286,0.012637807056307793,2025-04-25 22:56:30.747325,2025-04-25 22:57:24.005175,0 days 00:00:53.257850,0.007206669140154142,112,3,3,64,0.16133173229708805,64,3,3,32,0.2577964244982099,96,1,2,80,0.22848266838798012,288,264.0,,2,2,0.003093864148971162,0.6,/work3/arnaou/checkpoints/groupgat_Vc_trial_1286_best_state.pt,"{'learning_rate': 0.003093864148971162, 'lr_reduce': 0.6}",TPESampler,COMPLETE
1287,0.014842449687421322,2025-04-25 22:57:13.965772,2025-04-25 22:58:09.760249,0 days 00:00:55.794477,0.133630771315015,224,4,1,80,0.04315762377114705,144,1,2,48,0.11283647650391486,64,1,4,112,0.18962319282399076,264,272.0,328.0,3,2,0.0012398512079866543,0.6,/work3/arnaou/checkpoints/groupgat_Vc_trial_1287_best_state.pt,"{'learning_rate': 0.0012398512079866543, 'lr_reduce': 0.6}",TPESampler,COMPLETE
1288,0.010689198039472103,2025-04-25 22:57:16.962928,2025-04-25 22:58:18.670655,0 days 00:01:01.707727,0.024539092031780348,208,4,3,80,0.2037718243210152,128,2,3,32,0.20806321219233442,64,2,2,80,0.2730321187834029,296,288.0,328.0,3,1,0.005255304809309686,0.6,/work3/arnaou/checkpoints/groupgat_Vc_trial_1288_best_state.pt,"{'learning_rate': 0.005255304809309686, 'lr_reduce': 0.6}",TPESampler,COMPLETE
1289,0.008277036249637604,2025-04-25 22:57:24.266846,2025-04-25 22:59:13.077729,0 days 00:01:48.810883,0.056257955283811466,224,4,3,64,0.026390147239655687,112,4,1,32,0.2527920233699802,32,1,3,96,0.17102606027174552,168,272.0,312.0,3,2,0.005329310977440817,0.6,/work3/arnaou/checkpoints/groupgat_Vc_trial_1289_best_state.pt,"{'learning_rate': 0.005329310977440817, 'lr_reduce': 0.6}",TPESampler,COMPLETE
1290,0.012791261076927185,2025-04-25 22:58:10.034627,2025-04-25 22:59:06.922402,0 days 00:00:56.887775,0.05337273306121813,256,4,2,64,0.17039851169461678,80,3,1,32,0.0024053831091297856,64,1,4,96,0.1283774079648823,248,296.0,368.0,3,2,0.004400116062585523,0.6,/work3/arnaou/checkpoints/groupgat_Vc_trial_1290_best_state.pt,"{'learning_rate': 0.004400116062585523, 'lr_reduce': 0.6}",TPESampler,COMPLETE
1291,0.02729015052318573,2025-04-25 22:58:18.988213,2025-04-25 22:59:16.887357,0 days 00:00:57.899144,0.07216110360228463,192,1,4,64,0.050214061221676584,112,2,1,128,0.011848406602071593,64,2,1,32,0.1385329614835933,56,,,1,1,0.0012003848354463266,0.6,/work3/arnaou/checkpoints/groupgat_Vc_trial_1291_best_state.pt,"{'learning_rate': 0.0012003848354463266, 'lr_reduce': 0.6}",TPESampler,COMPLETE
1292,0.012056168168783188,2025-04-25 22:59:07.273208,2025-04-25 23:00:19.846032,0 days 00:01:12.572824,0.10792339144790716,208,3,2,32,0.0389196702333596,128,2,1,48,0.025826939067246424,32,1,3,128,0.10996967923890313,304,224.0,352.0,3,2,0.0029988403307055754,0.6,/work3/arnaou/checkpoints/groupgat_Vc_trial_1292_best_state.pt,"{'learning_rate': 0.0029988403307055754, 'lr_reduce': 0.6}",TPESampler,COMPLETE
1293,0.021458173170685768,2025-04-25 22:59:13.350365,2025-04-25 23:00:21.047213,0 days 00:01:07.696848,0.0041600365467514035,256,4,3,32,0.058902871087447115,160,2,3,32,0.2596924606553454,48,2,2,80,0.29551575243693456,304,272.0,312.0,3,1,0.007276898516858089,0.6,/work3/arnaou/checkpoints/groupgat_Vc_trial_1293_best_state.pt,"{'learning_rate': 0.007276898516858089, 'lr_reduce': 0.6}",TPESampler,COMPLETE
1294,0.01817423477768898,2025-04-25 22:59:17.138838,2025-04-25 23:00:51.208282,0 days 00:01:34.069444,0.11847991571863675,176,4,3,80,0.1288895200480115,128,4,2,64,0.26911146403703223,32,3,3,112,0.23491413166822525,184,248.0,,2,2,0.008328838853968358,0.6,/work3/arnaou/checkpoints/groupgat_Vc_trial_1294_best_state.pt,"{'learning_rate': 0.008328838853968358, 'lr_reduce': 0.6}",TPESampler,COMPLETE
1295,0.013281600549817085,2025-04-25 23:00:20.189474,2025-04-25 23:01:29.439419,0 days 00:01:09.249945,0.03754917158860657,240,3,1,48,0.12463076134577103,176,2,1,32,0.10543223127394713,64,1,4,112,0.1171158911518595,280,224.0,,2,2,0.0034785656389651042,0.6,/work3/arnaou/checkpoints/groupgat_Vc_trial_1295_best_state.pt,"{'learning_rate': 0.0034785656389651042, 'lr_reduce': 0.6}",TPESampler,COMPLETE
1296,0.013833289034664631,2025-04-25 23:00:21.345497,2025-04-25 23:02:17.359534,0 days 00:01:56.014037,0.020735099352825602,240,2,2,64,0.054351199269151385,96,1,1,32,0.02945061613432097,48,1,3,96,0.17425945118787006,360,280.0,312.0,3,2,0.0012239139324572207,0.6,/work3/arnaou/checkpoints/groupgat_Vc_trial_1296_best_state.pt,"{'learning_rate': 0.0012239139324572207, 'lr_reduce': 0.6}",TPESampler,COMPLETE
1297,0.013385839760303497,2025-04-25 23:00:51.567088,2025-04-25 23:02:36.482530,0 days 00:01:44.915442,0.0008101501506235214,112,2,3,48,0.1148695826591172,80,2,3,48,0.21788749877331984,128,2,3,64,0.25578220235423393,440,,,1,2,0.0014594849943526116,0.6,/work3/arnaou/checkpoints/groupgat_Vc_trial_1297_best_state.pt,"{'learning_rate': 0.0014594849943526116, 'lr_reduce': 0.6}",TPESampler,COMPLETE
1298,0.01285974495112896,2025-04-25 23:01:29.827873,2025-04-25 23:02:37.544825,0 days 00:01:07.716952,0.1479735477899305,224,4,3,80,0.07551443258198137,64,4,1,32,0.25650530254571174,32,1,4,96,0.20493500658715863,72,264.0,312.0,3,2,0.004737858175753507,0.6,/work3/arnaou/checkpoints/groupgat_Vc_trial_1298_best_state.pt,"{'learning_rate': 0.004737858175753507, 'lr_reduce': 0.6}",TPESampler,COMPLETE
1299,0.015762070193886757,2025-04-25 23:02:17.647356,2025-04-25 23:03:47.755693,0 days 00:01:30.108337,0.004091129989822809,144,4,2,64,0.0075073602375601315,64,4,1,48,0.166375169112287,112,1,2,112,0.04310412199375042,128,240.0,328.0,3,2,0.008962796871525666,0.6,/work3/arnaou/checkpoints/groupgat_Vc_trial_1299_best_state.pt,"{'learning_rate': 0.008962796871525666, 'lr_reduce': 0.6}",TPESampler,COMPLETE
1300,0.01699031889438629,2025-04-25 23:02:36.839665,2025-04-25 23:03:20.198038,0 days 00:00:43.358373,0.013369105698099154,208,3,1,64,0.2943960185166073,240,2,1,96,0.1525547930991037,48,3,4,96,0.2714430793832643,104,,,1,1,0.0010784790942236768,0.6,/work3/arnaou/checkpoints/groupgat_Vc_trial_1300_best_state.pt,"{'learning_rate': 0.0010784790942236768, 'lr_reduce': 0.6}",TPESampler,COMPLETE
1301,0.013760603964328766,2025-04-25 23:02:37.826255,2025-04-25 23:04:34.226474,0 days 00:01:56.400219,0.026350083916882254,256,3,1,80,0.0753734397224804,64,2,1,80,0.02368361740920629,80,1,3,96,0.061768632482189306,352,240.0,312.0,3,2,0.0007617739365552066,0.6,/work3/arnaou/checkpoints/groupgat_Vc_trial_1301_best_state.pt,"{'learning_rate': 0.0007617739365552066, 'lr_reduce': 0.6}",TPESampler,COMPLETE
1302,0.012386097572743893,2025-04-25 23:03:20.504161,2025-04-25 23:04:31.057763,0 days 00:01:10.553602,0.07794969710149932,192,3,1,48,0.0535367040034703,112,1,1,32,0.10571214101087714,64,1,4,112,0.20817851611065358,104,280.0,352.0,3,2,0.0027913596491698275,0.6,/work3/arnaou/checkpoints/groupgat_Vc_trial_1302_best_state.pt,"{'learning_rate': 0.0027913596491698275, 'lr_reduce': 0.6}",TPESampler,COMPLETE
1303,0.01244531199336052,2025-04-25 23:03:48.101779,2025-04-25 23:05:05.412312,0 days 00:01:17.310533,0.07382835916761092,208,3,3,96,0.049677228059994194,128,4,1,32,0.20870931226576667,48,2,3,64,0.15451014932444648,192,288.0,296.0,3,2,0.002730923801340437,0.6,/work3/arnaou/checkpoints/groupgat_Vc_trial_1303_best_state.pt,"{'learning_rate': 0.002730923801340437, 'lr_reduce': 0.6}",TPESampler,COMPLETE
1304,0.012138696387410164,2025-04-25 23:04:31.449767,2025-04-25 23:05:28.803506,0 days 00:00:57.353739,0.12294786404953897,224,2,1,112,0.09205630980918074,112,1,2,48,0.027517031124443293,48,2,3,128,0.15184276806950586,352,320.0,352.0,3,2,0.0033124683516722155,0.6,/work3/arnaou/checkpoints/groupgat_Vc_trial_1304_best_state.pt,"{'learning_rate': 0.0033124683516722155, 'lr_reduce': 0.6}",TPESampler,COMPLETE
1305,0.01483143400400877,2025-04-25 23:04:35.078204,2025-04-25 23:05:18.370891,0 days 00:00:43.292687,0.11660545190651125,144,1,1,48,0.022029801587338756,112,3,1,32,0.1592005597781623,80,1,4,112,0.136284855718725,288,288.0,,2,2,0.0032684697277710313,0.6,/work3/arnaou/checkpoints/groupgat_Vc_trial_1305_best_state.pt,"{'learning_rate': 0.0032684697277710313, 'lr_reduce': 0.6}",TPESampler,COMPLETE
1306,0.01772768422961235,2025-04-25 23:05:05.704272,2025-04-25 23:06:04.808891,0 days 00:00:59.104619,0.09804742874121372,256,4,2,32,0.061086690362609206,240,1,4,32,0.05667243924686535,32,1,3,96,0.2995097798851813,256,200.0,312.0,3,1,0.0054862542718284385,0.6,/work3/arnaou/checkpoints/groupgat_Vc_trial_1306_best_state.pt,"{'learning_rate': 0.0054862542718284385, 'lr_reduce': 0.6}",TPESampler,COMPLETE
1307,0.011372631415724754,2025-04-25 23:05:18.668726,2025-04-25 23:06:38.018904,0 days 00:01:19.350178,0.04828408417476215,176,4,2,64,0.0930906616251911,112,4,1,32,0.17747172668196956,32,1,2,128,0.19149927788799978,144,256.0,392.0,3,2,0.0059536565371379165,0.6,/work3/arnaou/checkpoints/groupgat_Vc_trial_1307_best_state.pt,"{'learning_rate': 0.0059536565371379165, 'lr_reduce': 0.6}",TPESampler,COMPLETE
1308,0.01388541329652071,2025-04-25 23:05:29.155910,2025-04-25 23:06:40.678576,0 days 00:01:11.522666,0.034638656731823814,192,3,2,80,0.006213337933666092,80,3,2,32,0.24543814573663772,32,1,3,96,0.18658161537746729,232,264.0,296.0,3,2,0.004068108590442702,0.6,/work3/arnaou/checkpoints/groupgat_Vc_trial_1308_best_state.pt,"{'learning_rate': 0.004068108590442702, 'lr_reduce': 0.6}",TPESampler,COMPLETE
1309,0.010523288510739803,2025-04-25 23:06:05.185353,2025-04-25 23:07:05.268973,0 days 00:01:00.083620,0.05448495380050884,240,3,1,80,0.0442358815879612,96,2,1,48,0.01230976150409712,48,1,4,112,0.08049822638397075,176,280.0,352.0,3,2,0.0032521599290446053,0.6,/work3/arnaou/checkpoints/groupgat_Vc_trial_1309_best_state.pt,"{'learning_rate': 0.0032521599290446053, 'lr_reduce': 0.6}",TPESampler,COMPLETE
1310,0.014308051206171513,2025-04-25 23:06:38.538153,2025-04-25 23:08:42.749828,0 days 00:02:04.211675,0.008115748943117262,224,3,3,64,0.17008058231977274,96,3,3,32,0.23887439938755523,80,1,3,80,0.17706483680778148,128,304.0,,2,2,0.0016694328777641454,0.6,/work3/arnaou/checkpoints/groupgat_Vc_trial_1310_best_state.pt,"{'learning_rate': 0.0016694328777641454, 'lr_reduce': 0.6}",TPESampler,COMPLETE
1311,0.013467084616422653,2025-04-25 23:06:40.957450,2025-04-25 23:07:50.607778,0 days 00:01:09.650328,0.0007232036434616559,176,3,2,32,0.020423323378969058,64,4,2,32,0.16603255299392855,80,1,2,112,0.07551083358638822,120,232.0,296.0,3,1,0.007353284417575183,0.6,/work3/arnaou/checkpoints/groupgat_Vc_trial_1311_best_state.pt,"{'learning_rate': 0.007353284417575183, 'lr_reduce': 0.6}",TPESampler,COMPLETE
1312,0.01650112308561802,2025-04-25 23:07:05.681147,2025-04-25 23:09:15.353231,0 days 00:02:09.672084,0.07893654999855297,176,4,2,64,0.03337896690373855,144,4,2,48,0.20259289970762123,32,1,3,80,0.15053765031050897,264,272.0,384.0,3,2,0.00992642336892184,0.6,/work3/arnaou/checkpoints/groupgat_Vc_trial_1312_best_state.pt,"{'learning_rate': 0.00992642336892184, 'lr_reduce': 0.6}",TPESampler,COMPLETE
1313,0.009320469573140144,2025-04-25 23:07:50.931142,2025-04-25 23:09:17.377786,0 days 00:01:26.446644,0.04295486101273574,192,4,4,64,0.023576089282862603,128,4,1,48,0.27771468796016624,48,1,3,96,0.1447161686076538,160,296.0,344.0,3,2,0.005135301592727969,0.6,/work3/arnaou/checkpoints/groupgat_Vc_trial_1313_best_state.pt,"{'learning_rate': 0.005135301592727969, 'lr_reduce': 0.6}",TPESampler,COMPLETE
1314,0.011211082339286804,2025-04-25 23:08:43.053451,2025-04-25 23:09:31.956221,0 days 00:00:48.902770,0.018266109167716035,240,4,3,48,0.0904685302447768,208,2,3,64,0.13103692370767742,32,3,2,80,0.25030927041266055,192,312.0,,2,1,0.0013231668729195144,0.6,/work3/arnaou/checkpoints/groupgat_Vc_trial_1314_best_state.pt,"{'learning_rate': 0.0013231668729195144, 'lr_reduce': 0.6}",TPESampler,COMPLETE
1315,0.01189376786351204,2025-04-25 23:09:15.689738,2025-04-25 23:10:02.163460,0 days 00:00:46.473722,0.09071692417062399,224,3,1,32,0.07137575143050379,96,2,2,64,0.07993352589348697,96,1,3,128,0.2034619115363888,272,328.0,304.0,3,1,0.0034232336607849328,0.6,/work3/arnaou/checkpoints/groupgat_Vc_trial_1315_best_state.pt,"{'learning_rate': 0.0034232336607849328, 'lr_reduce': 0.6}",TPESampler,COMPLETE
1316,0.009890723042190075,2025-04-25 23:09:17.752683,2025-04-25 23:10:50.036696,0 days 00:01:32.284013,0.009965651920940934,208,4,3,64,0.07975740981844832,112,4,2,48,0.25288652157163594,32,1,4,96,0.11214300587773611,296,216.0,,2,2,0.00566703203525664,0.6,/work3/arnaou/checkpoints/groupgat_Vc_trial_1316_best_state.pt,"{'learning_rate': 0.00566703203525664, 'lr_reduce': 0.6}",TPESampler,COMPLETE
1317,0.011313159018754959,2025-04-25 23:09:32.328731,2025-04-25 23:10:44.270766,0 days 00:01:11.942035,0.0002802733687757436,256,4,3,80,0.031574049662922876,128,3,1,32,0.23871465809279585,48,1,3,96,0.2562663657233567,128,304.0,416.0,3,2,0.005147486416066101,0.6,/work3/arnaou/checkpoints/groupgat_Vc_trial_1317_best_state.pt,"{'learning_rate': 0.005147486416066101, 'lr_reduce': 0.6}",TPESampler,COMPLETE
1318,0.0134047856554389,2025-04-25 23:10:02.555474,2025-04-25 23:11:06.471986,0 days 00:01:03.916512,0.03754527308018185,144,2,2,80,0.04562878434821116,160,3,2,80,0.21795749190717922,32,2,4,80,0.05684391292836857,88,248.0,,2,2,0.008303075462859608,0.6,/work3/arnaou/checkpoints/groupgat_Vc_trial_1318_best_state.pt,"{'learning_rate': 0.008303075462859608, 'lr_reduce': 0.6}",TPESampler,COMPLETE
1319,0.008678375743329525,2025-04-25 23:10:44.610167,2025-04-25 23:11:50.958951,0 days 00:01:06.348784,0.032510194655931524,240,3,2,112,0.019204381746594345,112,3,2,96,0.22566157095564163,64,2,3,128,0.09479562918118273,128,320.0,280.0,3,2,0.008167742317546915,0.6,/work3/arnaou/checkpoints/groupgat_Vc_trial_1319_best_state.pt,"{'learning_rate': 0.008167742317546915, 'lr_reduce': 0.6}",TPESampler,COMPLETE
1320,0.014849724248051643,2025-04-25 23:10:50.400266,2025-04-25 23:12:06.367198,0 days 00:01:15.966932,0.12387135518321593,224,2,4,48,0.0906714334579497,192,2,2,48,0.21647637988849613,32,1,2,32,0.29610212145661574,192,312.0,,2,2,0.0032338208267859462,0.6,/work3/arnaou/checkpoints/groupgat_Vc_trial_1320_best_state.pt,"{'learning_rate': 0.0032338208267859462, 'lr_reduce': 0.6}",TPESampler,COMPLETE
1321,0.012735606171190739,2025-04-25 23:11:06.753940,2025-04-25 23:12:14.916717,0 days 00:01:08.162777,0.1419385873752537,224,3,4,80,0.13980720175016154,176,4,1,80,0.2895770684040857,48,1,1,128,0.2988826581874144,104,200.0,344.0,3,2,0.008356773919368376,0.6,/work3/arnaou/checkpoints/groupgat_Vc_trial_1321_best_state.pt,"{'learning_rate': 0.008356773919368376, 'lr_reduce': 0.6}",TPESampler,COMPLETE
1322,0.010878590866923332,2025-04-25 23:11:51.278732,2025-04-25 23:13:23.851082,0 days 00:01:32.572350,0.047809433774691726,208,3,3,112,0.018823680528128384,128,4,2,96,0.1978133909945364,48,3,3,96,0.09629166811644921,248,312.0,264.0,3,2,0.0025301101015524864,0.6,/work3/arnaou/checkpoints/groupgat_Vc_trial_1322_best_state.pt,"{'learning_rate': 0.0025301101015524864, 'lr_reduce': 0.6}",TPESampler,COMPLETE
1323,0.013204886578023434,2025-04-25 23:12:06.632792,2025-04-25 23:13:08.106933,0 days 00:01:01.474141,0.07171884863122194,256,3,2,96,0.06616495993062373,144,3,1,80,0.28920541015820145,64,2,4,112,0.09533103185836823,168,304.0,280.0,3,2,0.0033968748722074628,0.6,/work3/arnaou/checkpoints/groupgat_Vc_trial_1323_best_state.pt,"{'learning_rate': 0.0033968748722074628, 'lr_reduce': 0.6}",TPESampler,COMPLETE
1324,0.06551945209503174,2025-04-25 23:12:15.313286,2025-04-25 23:12:48.250337,0 days 00:00:32.937051,0.11485333452533324,256,2,2,96,0.10062363696151987,176,3,2,96,0.2299801985319712,80,3,1,112,0.10781667813656719,184,304.0,272.0,3,2,0.00481679026327498,0.6,/work3/arnaou/checkpoints/groupgat_Vc_trial_1324_best_state.pt,"{'learning_rate': 0.00481679026327498, 'lr_reduce': 0.6}",TPESampler,COMPLETE
1325,0.015584627166390419,2025-04-25 23:12:48.607475,2025-04-25 23:14:24.047750,0 days 00:01:35.440275,0.013847352109803056,224,2,1,80,0.09830227325893098,96,2,2,32,0.09710629408794888,32,1,4,112,0.2239568853156511,232,296.0,296.0,3,2,0.0009302459521155886,0.6,/work3/arnaou/checkpoints/groupgat_Vc_trial_1325_best_state.pt,"{'learning_rate': 0.0009302459521155886, 'lr_reduce': 0.6}",TPESampler,COMPLETE
1326,0.019409634172916412,2025-04-25 23:13:08.420098,2025-04-25 23:14:51.119347,0 days 00:01:42.699249,0.12856736778171912,208,1,1,128,0.05468252019278526,128,1,4,96,0.2330119476162243,80,2,1,64,0.07806591337144768,344,328.0,,2,1,0.0006779489350748964,0.6,/work3/arnaou/checkpoints/groupgat_Vc_trial_1326_best_state.pt,"{'learning_rate': 0.0006779489350748964, 'lr_reduce': 0.6}",TPESampler,COMPLETE
1327,0.011282872408628464,2025-04-25 23:13:24.210764,2025-04-25 23:14:40.149431,0 days 00:01:15.938667,0.08575754829823098,256,4,2,112,0.018525667356873995,160,3,2,96,0.22332016608813812,64,2,2,128,0.08634590583197393,144,248.0,280.0,3,2,0.0059029760341138965,0.6,/work3/arnaou/checkpoints/groupgat_Vc_trial_1327_best_state.pt,"{'learning_rate': 0.0059029760341138965, 'lr_reduce': 0.6}",TPESampler,COMPLETE
1328,0.02487758733332157,2025-04-25 23:14:24.401377,2025-04-25 23:16:23.022653,0 days 00:01:58.621276,0.06366732959553514,240,3,1,128,0.11661017624626428,64,3,2,96,0.24111820078944662,80,2,3,96,0.18337773325482548,120,336.0,288.0,3,1,0.007732933602244866,0.6,/work3/arnaou/checkpoints/groupgat_Vc_trial_1328_best_state.pt,"{'learning_rate': 0.007732933602244866, 'lr_reduce': 0.6}",TPESampler,COMPLETE
