number,value,datetime_start,datetime_complete,duration,params_L1_dropout,params_L1_hidden_dim,params_L1_layers_atom,params_L1_layers_mol,params_L1_out_dim,params_L2_dropout,params_L2_hidden_dim,params_L2_layers_atom,params_L2_layers_mol,params_L2_out_dim,params_L3_dropout,params_L3_hidden_dim,params_L3_layers_atom,params_L3_layers_mol,params_L3_out_dim,params_final_dropout,params_mlp_dim_0,params_mlp_dim_1,params_mlp_dim_2,params_n_mlp_layers,params_num_heads,params_train_learning_rate,params_train_lr_reduce,user_attrs_best_state_dict_path,user_attrs_training_params,system_attrs_auto:sampler,state
2282,0.010301664471626282,2025-04-26 07:00:51.233558,2025-04-26 07:01:42.445427,0 days 00:00:51.211869,0.008295765808114981,208,3,2,32,0.16365038734341253,240,2,3,64,0.16113706829930302,32,2,2,64,0.13226769842783953,232,32.0,32.0,3,1,0.007358783277313328,0.6,/work3/arnaou/checkpoints/groupgat_Vc_trial_2282_best_state.pt,"{'learning_rate': 0.007358783277313328, 'lr_reduce': 0.6}",TPESampler,COMPLETE
2283,0.014435524120926857,2025-04-26 07:01:11.047239,2025-04-26 07:02:33.538185,0 days 00:01:22.490946,0.08266037625351001,256,1,2,32,0.06499238205341483,96,4,3,64,0.1463628429384109,64,2,1,96,0.13079507624294218,376,80.0,72.0,3,2,0.005635808401184286,0.6,/work3/arnaou/checkpoints/groupgat_Vc_trial_2283_best_state.pt,"{'learning_rate': 0.005635808401184286, 'lr_reduce': 0.6}",TPESampler,COMPLETE
2284,0.011592837050557137,2025-04-26 07:01:14.415099,2025-04-26 07:02:09.470836,0 days 00:00:55.055737,0.119870434163136,224,3,1,48,0.03346684616001035,80,4,2,80,0.12095949431200935,64,1,2,80,0.11258987671439694,224,72.0,64.0,3,2,0.003695768444667772,0.6,/work3/arnaou/checkpoints/groupgat_Vc_trial_2284_best_state.pt,"{'learning_rate': 0.003695768444667772, 'lr_reduce': 0.6}",TPESampler,COMPLETE
2285,0.011149564757943153,2025-04-26 07:01:42.828132,2025-04-26 07:02:37.533644,0 days 00:00:54.705512,0.05849191862876036,256,3,2,32,0.06683064043725538,96,3,1,64,0.08769958640921481,96,1,2,112,0.07827662970630134,320,88.0,40.0,3,2,0.004116243381737363,0.6,/work3/arnaou/checkpoints/groupgat_Vc_trial_2285_best_state.pt,"{'learning_rate': 0.004116243381737363, 'lr_reduce': 0.6}",TPESampler,COMPLETE
2286,0.012072564102709293,2025-04-26 07:02:09.822908,2025-04-26 07:03:13.171279,0 days 00:01:03.348371,0.04243866809462264,208,1,1,48,0.15599634221198508,128,3,3,64,0.1949748769713302,96,2,1,48,0.2013605098489803,384,32.0,96.0,3,1,0.007196529222813521,0.6,/work3/arnaou/checkpoints/groupgat_Vc_trial_2286_best_state.pt,"{'learning_rate': 0.007196529222813521, 'lr_reduce': 0.6}",TPESampler,COMPLETE
2287,0.012249985709786415,2025-04-26 07:02:33.851715,2025-04-26 07:03:30.468906,0 days 00:00:56.617191,0.09722940379126299,240,3,4,96,0.009948382218425957,64,3,3,64,0.28341111261956314,64,1,2,64,0.286005611332703,352,72.0,,2,2,0.003017121111391043,0.6,/work3/arnaou/checkpoints/groupgat_Vc_trial_2287_best_state.pt,"{'learning_rate': 0.003017121111391043, 'lr_reduce': 0.6}",TPESampler,COMPLETE
2288,0.02945866622030735,2025-04-26 07:02:37.804501,2025-04-26 07:04:52.214706,0 days 00:02:14.410205,0.030562467626546977,240,4,4,80,0.054135748971321715,240,1,3,32,0.06962586773578502,64,3,4,96,0.2837077293905495,264,,,1,2,0.00562016176247978,0.6,/work3/arnaou/checkpoints/groupgat_Vc_trial_2288_best_state.pt,"{'learning_rate': 0.00562016176247978, 'lr_reduce': 0.6}",TPESampler,COMPLETE
2289,0.01790393516421318,2025-04-26 07:03:13.513484,2025-04-26 07:03:57.669593,0 days 00:00:44.156109,0.060472084647839305,224,2,2,48,0.13299655648688463,96,4,4,64,0.18135358515942585,32,1,1,80,0.10906586631708726,240,32.0,96.0,3,1,0.0029288873884431954,0.6,/work3/arnaou/checkpoints/groupgat_Vc_trial_2289_best_state.pt,"{'learning_rate': 0.0029288873884431954, 'lr_reduce': 0.6}",TPESampler,COMPLETE
2290,0.012358364649116993,2025-04-26 07:03:30.778144,2025-04-26 07:04:13.024671,0 days 00:00:42.246527,0.05354245035667391,176,1,2,32,0.22873361498997785,144,4,4,128,0.2560503209960072,80,1,2,48,0.09104611793394814,344,96.0,80.0,3,1,0.002276265999705236,0.6,/work3/arnaou/checkpoints/groupgat_Vc_trial_2290_best_state.pt,"{'learning_rate': 0.002276265999705236, 'lr_reduce': 0.6}",TPESampler,COMPLETE
2291,0.009741630405187607,2025-04-26 07:03:58.235136,2025-04-26 07:04:57.936709,0 days 00:00:59.701573,0.10405066788099536,208,1,3,32,0.2081265512407571,112,4,4,80,0.1582636560505232,48,1,2,64,0.20848519539868843,256,72.0,48.0,3,1,0.003044248480048521,0.6,/work3/arnaou/checkpoints/groupgat_Vc_trial_2291_best_state.pt,"{'learning_rate': 0.003044248480048521, 'lr_reduce': 0.6}",TPESampler,COMPLETE
2292,0.011219623498618603,2025-04-26 07:04:13.807469,2025-04-26 07:05:13.624959,0 days 00:00:59.817490,0.006537076397273359,160,1,2,64,0.16232570692135712,96,3,3,80,0.20183420696190926,80,3,1,64,0.1342580795546804,272,32.0,,2,2,0.007038831991934177,0.6,/work3/arnaou/checkpoints/groupgat_Vc_trial_2292_best_state.pt,"{'learning_rate': 0.007038831991934177, 'lr_reduce': 0.6}",TPESampler,COMPLETE
2293,0.01092669740319252,2025-04-26 07:04:52.562687,2025-04-26 07:06:04.673184,0 days 00:01:12.110497,0.04253583411449361,224,1,3,32,0.1714854100636144,64,4,4,80,0.26856709928790146,48,1,2,48,0.11979702189682619,240,112.0,,2,1,0.00634019326824042,0.6,/work3/arnaou/checkpoints/groupgat_Vc_trial_2293_best_state.pt,"{'learning_rate': 0.00634019326824042, 'lr_reduce': 0.6}",TPESampler,COMPLETE
2294,0.01189104188233614,2025-04-26 07:04:58.270362,2025-04-26 07:05:53.659288,0 days 00:00:55.388926,0.0950085658193571,224,3,1,32,0.12950158754592941,80,3,1,64,0.1472307898004628,96,1,3,96,0.14444617991011763,256,80.0,72.0,3,1,0.009211485115159193,0.6,/work3/arnaou/checkpoints/groupgat_Vc_trial_2294_best_state.pt,"{'learning_rate': 0.009211485115159193, 'lr_reduce': 0.6}",TPESampler,COMPLETE
2295,0.011302017606794834,2025-04-26 07:05:13.996604,2025-04-26 07:06:36.931332,0 days 00:01:22.934728,0.09117669381635884,192,3,1,32,0.04622035109793501,80,2,1,96,0.09267367750227995,48,1,3,128,0.20583243385518044,208,32.0,72.0,3,2,0.0015383255504117582,0.6,/work3/arnaou/checkpoints/groupgat_Vc_trial_2295_best_state.pt,"{'learning_rate': 0.0015383255504117582, 'lr_reduce': 0.6}",TPESampler,COMPLETE
2296,0.01116382610052824,2025-04-26 07:05:54.034450,2025-04-26 07:06:48.667698,0 days 00:00:54.633248,0.06292588185613307,224,2,2,48,0.05991042505153731,80,4,1,32,0.04890494739621258,64,1,3,80,0.1370909724522918,344,80.0,48.0,3,2,0.0030659040344420594,0.6,/work3/arnaou/checkpoints/groupgat_Vc_trial_2296_best_state.pt,"{'learning_rate': 0.0030659040344420594, 'lr_reduce': 0.6}",TPESampler,COMPLETE
2297,0.013695013709366322,2025-04-26 07:06:05.019195,2025-04-26 07:07:05.993713,0 days 00:01:00.974518,0.008241805566679021,112,2,1,80,0.1702137050438067,80,4,3,64,0.0624648988252967,48,2,1,64,0.03868422347064525,424,104.0,64.0,3,2,0.0066310923107499265,0.6,/work3/arnaou/checkpoints/groupgat_Vc_trial_2297_best_state.pt,"{'learning_rate': 0.0066310923107499265, 'lr_reduce': 0.6}",TPESampler,COMPLETE
2298,0.015681207180023193,2025-04-26 07:06:37.250716,2025-04-26 07:07:31.532307,0 days 00:00:54.281591,0.03118014487025952,240,2,2,64,0.18701281245037987,64,4,4,32,0.20644317588502997,64,4,2,48,0.055318479517112884,256,72.0,104.0,3,1,0.007603361878629479,0.6,/work3/arnaou/checkpoints/groupgat_Vc_trial_2298_best_state.pt,"{'learning_rate': 0.007603361878629479, 'lr_reduce': 0.6}",TPESampler,COMPLETE
2299,0.013866730965673923,2025-04-26 07:06:48.913412,2025-04-26 07:07:43.596933,0 days 00:00:54.683521,0.0750217803433558,256,3,1,80,0.094346786709,64,3,2,80,0.10964300360375846,32,1,3,80,0.09593740019600354,192,112.0,32.0,3,2,0.001206708905217511,0.6,/work3/arnaou/checkpoints/groupgat_Vc_trial_2299_best_state.pt,"{'learning_rate': 0.001206708905217511, 'lr_reduce': 0.6}",TPESampler,COMPLETE
2300,0.011215759441256523,2025-04-26 07:07:06.513606,2025-04-26 07:08:09.361597,0 days 00:01:02.847991,0.08930937025091143,256,1,1,64,0.13273728144552155,80,4,1,96,0.06725743354215125,64,1,4,112,0.14588781760875352,216,56.0,176.0,3,2,0.0023241849847535413,0.6,/work3/arnaou/checkpoints/groupgat_Vc_trial_2300_best_state.pt,"{'learning_rate': 0.0023241849847535413, 'lr_reduce': 0.6}",TPESampler,COMPLETE
2301,0.022515365853905678,2025-04-26 07:07:31.845999,2025-04-26 07:09:04.037640,0 days 00:01:32.191641,0.1417315504293766,160,4,2,128,0.0053745589443990605,80,1,4,128,0.0652517069398169,96,4,4,112,0.22563220083119614,296,112.0,,2,2,0.0018163289024027496,0.6,/work3/arnaou/checkpoints/groupgat_Vc_trial_2301_best_state.pt,"{'learning_rate': 0.0018163289024027496, 'lr_reduce': 0.6}",TPESampler,COMPLETE
2302,0.015652555972337723,2025-04-26 07:07:43.912414,2025-04-26 07:08:49.972744,0 days 00:01:06.060330,0.08915803542532827,176,1,1,48,0.10693457511332644,96,4,4,112,0.2708836791265228,64,2,2,48,0.1302896894488579,272,56.0,120.0,3,1,0.002332197376704091,0.6,/work3/arnaou/checkpoints/groupgat_Vc_trial_2302_best_state.pt,"{'learning_rate': 0.002332197376704091, 'lr_reduce': 0.6}",TPESampler,COMPLETE
2303,0.011009521782398224,2025-04-26 07:08:09.693887,2025-04-26 07:09:06.373406,0 days 00:00:56.679519,0.15429950675123302,208,1,4,64,0.1964305751596604,128,4,4,32,0.1935533086409606,32,4,3,96,0.028878907062718267,200,72.0,96.0,3,2,0.005196556172720016,0.6,/work3/arnaou/checkpoints/groupgat_Vc_trial_2303_best_state.pt,"{'learning_rate': 0.005196556172720016, 'lr_reduce': 0.6}",TPESampler,COMPLETE
2304,0.03527100384235382,2025-04-26 07:08:50.279363,2025-04-26 07:10:20.446454,0 days 00:01:30.167091,0.16415332018801304,96,4,2,32,0.2872097716583454,224,4,2,128,0.20426626708888249,48,4,4,32,0.28961845946600423,224,32.0,112.0,3,1,0.0002016229160177887,0.6,/work3/arnaou/checkpoints/groupgat_Vc_trial_2304_best_state.pt,"{'learning_rate': 0.0002016229160177887, 'lr_reduce': 0.6}",TPESampler,COMPLETE
2305,0.01082733366638422,2025-04-26 07:09:04.395409,2025-04-26 07:10:05.611677,0 days 00:01:01.216268,0.07283525429614718,208,4,2,48,0.03355979962354197,80,4,1,32,0.27723509439111466,96,1,3,112,0.038827391179925556,80,112.0,96.0,3,1,0.009989016602645442,0.6,/work3/arnaou/checkpoints/groupgat_Vc_trial_2305_best_state.pt,"{'learning_rate': 0.009989016602645442, 'lr_reduce': 0.6}",TPESampler,COMPLETE
2306,0.014920667745172977,2025-04-26 07:09:06.754901,2025-04-26 07:10:17.420129,0 days 00:01:10.665228,0.1403966517957249,240,4,1,32,0.1587563532286108,64,2,1,32,0.12759971850191656,96,1,2,80,0.23085300930393848,200,88.0,32.0,3,2,0.00477076451924866,0.6,/work3/arnaou/checkpoints/groupgat_Vc_trial_2306_best_state.pt,"{'learning_rate': 0.00477076451924866, 'lr_reduce': 0.6}",TPESampler,COMPLETE
2307,0.011319642886519432,2025-04-26 07:10:05.917121,2025-04-26 07:11:44.575223,0 days 00:01:38.658102,0.07734122927067097,160,2,2,64,0.26472738258654355,80,4,4,32,0.21019479957440135,48,3,1,32,0.07700430420464807,152,80.0,88.0,3,2,0.0021365883354168393,0.6,/work3/arnaou/checkpoints/groupgat_Vc_trial_2307_best_state.pt,"{'learning_rate': 0.0021365883354168393, 'lr_reduce': 0.6}",TPESampler,COMPLETE
2308,0.02793610468506813,2025-04-26 07:10:17.766273,2025-04-26 07:11:28.861946,0 days 00:01:11.095673,0.05514871156058136,160,1,2,32,0.11688015671572258,256,3,3,80,0.11192903296086346,64,3,4,128,0.2174929231476591,464,,,1,1,0.008627705892097931,0.6,/work3/arnaou/checkpoints/groupgat_Vc_trial_2308_best_state.pt,"{'learning_rate': 0.008627705892097931, 'lr_reduce': 0.6}",TPESampler,COMPLETE
2309,0.030000874772667885,2025-04-26 07:10:20.738963,2025-04-26 07:11:09.316645,0 days 00:00:48.577682,0.02395404540334955,240,4,1,64,0.1385446328334498,64,4,1,48,0.08885606049419505,112,1,3,96,0.1227428899422097,296,32.0,128.0,3,2,0.00142114538513121,0.6,/work3/arnaou/checkpoints/groupgat_Vc_trial_2309_best_state.pt,"{'learning_rate': 0.00142114538513121, 'lr_reduce': 0.6}",TPESampler,COMPLETE
2310,0.020933134481310844,2025-04-26 07:11:09.644565,2025-04-26 07:12:22.778102,0 days 00:01:13.133537,0.14628978072496338,208,2,1,64,0.21976854969644863,64,4,4,32,0.14473482593158868,32,2,1,80,0.03459407040524899,168,64.0,136.0,3,2,0.007535642175009584,0.6,/work3/arnaou/checkpoints/groupgat_Vc_trial_2310_best_state.pt,"{'learning_rate': 0.007535642175009584, 'lr_reduce': 0.6}",TPESampler,COMPLETE
2311,0.015044692903757095,2025-04-26 07:11:29.222923,2025-04-26 07:12:37.726874,0 days 00:01:08.503951,0.10005883634179841,192,1,2,32,0.16556834191865943,128,3,3,80,0.17100110170704785,48,1,2,48,0.12992232977106524,224,144.0,,2,1,0.005777859587334975,0.6,/work3/arnaou/checkpoints/groupgat_Vc_trial_2311_best_state.pt,"{'learning_rate': 0.005777859587334975, 'lr_reduce': 0.6}",TPESampler,COMPLETE
2312,0.010363324545323849,2025-04-26 07:11:44.863542,2025-04-26 07:12:49.609895,0 days 00:01:04.746353,0.12171537923328173,224,1,1,32,0.14065289246023374,64,4,4,80,0.2642322632550295,64,2,2,80,0.15140476208595793,240,32.0,96.0,3,1,0.005378660198763863,0.6,/work3/arnaou/checkpoints/groupgat_Vc_trial_2312_best_state.pt,"{'learning_rate': 0.005378660198763863, 'lr_reduce': 0.6}",TPESampler,COMPLETE
2313,0.015313707292079926,2025-04-26 07:12:23.138608,2025-04-26 07:13:18.199407,0 days 00:00:55.060799,0.01718884156921582,208,3,3,80,0.0989398175719561,64,4,1,48,0.11036845611020499,96,1,3,112,0.18890133239448806,392,120.0,32.0,3,1,0.008901362972068602,0.6,/work3/arnaou/checkpoints/groupgat_Vc_trial_2313_best_state.pt,"{'learning_rate': 0.008901362972068602, 'lr_reduce': 0.6}",TPESampler,COMPLETE
2314,0.020568693056702614,2025-04-26 07:12:38.046097,2025-04-26 07:13:23.748389,0 days 00:00:45.702292,0.02608249712446848,256,2,1,32,0.07473649867499578,80,3,1,48,0.07685377045924736,64,2,3,96,0.10649000064185524,224,64.0,144.0,3,2,0.0009992183423629328,0.6,/work3/arnaou/checkpoints/groupgat_Vc_trial_2314_best_state.pt,"{'learning_rate': 0.0009992183423629328, 'lr_reduce': 0.6}",TPESampler,COMPLETE
2315,0.012003663927316666,2025-04-26 07:12:50.024895,2025-04-26 07:13:58.518862,0 days 00:01:08.493967,0.020419464993802774,224,1,2,48,0.14781127012438927,96,4,4,32,0.13650084541142837,32,3,3,32,0.08777401350418107,176,72.0,144.0,3,2,0.00666110388844265,0.6,/work3/arnaou/checkpoints/groupgat_Vc_trial_2315_best_state.pt,"{'learning_rate': 0.00666110388844265, 'lr_reduce': 0.6}",TPESampler,COMPLETE
2316,0.01161366980522871,2025-04-26 07:13:18.521161,2025-04-26 07:14:33.671230,0 days 00:01:15.150069,0.038877289789403004,256,3,2,96,0.0439687732216293,128,3,2,96,0.20459073450711457,80,2,3,128,0.049575581692109835,64,88.0,192.0,3,2,0.007513516139604465,0.6,/work3/arnaou/checkpoints/groupgat_Vc_trial_2316_best_state.pt,"{'learning_rate': 0.007513516139604465, 'lr_reduce': 0.6}",TPESampler,COMPLETE
2317,0.010230924934148788,2025-04-26 07:13:24.085001,2025-04-26 07:14:23.847834,0 days 00:00:59.762833,0.023547908740412835,144,2,1,48,0.2517688262250949,80,4,4,96,0.21667973976427973,48,3,2,64,0.022407431585613043,304,64.0,72.0,3,2,0.0024992329339813017,0.6,/work3/arnaou/checkpoints/groupgat_Vc_trial_2317_best_state.pt,"{'learning_rate': 0.0024992329339813017, 'lr_reduce': 0.6}",TPESampler,COMPLETE
2318,0.07487110793590546,2025-04-26 07:13:58.825430,2025-04-26 07:15:49.119070,0 days 00:01:50.293640,0.03484465878352955,176,4,4,64,0.16502256770864362,256,2,2,80,0.01589468793759849,96,4,3,32,0.23990573172194835,464,,,1,1,0.0001873893989283718,0.6,/work3/arnaou/checkpoints/groupgat_Vc_trial_2318_best_state.pt,"{'learning_rate': 0.0001873893989283718, 'lr_reduce': 0.6}",TPESampler,COMPLETE
2319,0.010673150420188904,2025-04-26 07:14:24.174909,2025-04-26 07:15:40.401766,0 days 00:01:16.226857,0.03782596479350394,240,3,1,64,0.10486887394200857,64,3,1,96,0.14168772952023628,80,1,3,80,0.15292023678482589,264,32.0,192.0,3,2,0.004954323746671785,0.6,/work3/arnaou/checkpoints/groupgat_Vc_trial_2319_best_state.pt,"{'learning_rate': 0.004954323746671785, 'lr_reduce': 0.6}",TPESampler,COMPLETE
2320,0.010559335350990295,2025-04-26 07:14:33.984441,2025-04-26 07:15:34.424117,0 days 00:01:00.439676,0.007270517196631784,176,3,3,64,0.06329299728286607,128,3,1,96,0.272985654955039,64,1,2,112,0.2591237676008675,152,112.0,152.0,3,2,0.0014962992223475512,0.6,/work3/arnaou/checkpoints/groupgat_Vc_trial_2320_best_state.pt,"{'learning_rate': 0.0014962992223475512, 'lr_reduce': 0.6}",TPESampler,COMPLETE
2321,0.01367797888815403,2025-04-26 07:15:34.788747,2025-04-26 07:16:30.514251,0 days 00:00:55.725504,0.05860384910459646,176,1,3,32,0.11054814927604056,64,4,4,64,0.23468016415950962,64,2,1,64,0.18206844657337845,336,64.0,192.0,3,1,0.005849458049886598,0.6,/work3/arnaou/checkpoints/groupgat_Vc_trial_2321_best_state.pt,"{'learning_rate': 0.005849458049886598, 'lr_reduce': 0.6}",TPESampler,COMPLETE
2322,0.03224825859069824,2025-04-26 07:15:40.707341,2025-04-26 07:16:44.813252,0 days 00:01:04.105911,0.17589887545310415,240,4,2,64,0.10796856011751832,192,1,3,64,0.09577162450985371,112,1,3,32,0.1711887871151735,408,,,1,1,0.000979412711551891,0.6,/work3/arnaou/checkpoints/groupgat_Vc_trial_2322_best_state.pt,"{'learning_rate': 0.000979412711551891, 'lr_reduce': 0.6}",TPESampler,COMPLETE
2323,0.01329837553203106,2025-04-26 07:15:49.431396,2025-04-26 07:16:52.023586,0 days 00:01:02.592190,0.034395659288897755,224,2,2,48,0.07553640933146114,64,4,2,48,0.0931384241268887,96,1,3,128,0.09435727614762243,240,32.0,120.0,3,1,0.009197206933823669,0.6,/work3/arnaou/checkpoints/groupgat_Vc_trial_2323_best_state.pt,"{'learning_rate': 0.009197206933823669, 'lr_reduce': 0.6}",TPESampler,COMPLETE
2324,0.15045271813869476,2025-04-26 07:16:30.869067,2025-04-26 07:18:10.025172,0 days 00:01:39.156105,0.2140259665313807,160,3,4,96,0.11957002944815552,112,2,2,32,0.1611854901553871,96,1,4,96,0.22649850624541829,392,,,1,1,0.00011086514529934096,0.6,/work3/arnaou/checkpoints/groupgat_Vc_trial_2324_best_state.pt,"{'learning_rate': 0.00011086514529934096, 'lr_reduce': 0.6}",TPESampler,COMPLETE
2325,0.009470049291849136,2025-04-26 07:16:45.156138,2025-04-26 07:17:52.821849,0 days 00:01:07.665711,0.0814581005518601,176,1,2,96,0.18576704861989737,96,4,2,48,0.14070525666808772,48,3,1,32,0.015723711452780224,392,120.0,184.0,3,2,0.00669849225500585,0.6,/work3/arnaou/checkpoints/groupgat_Vc_trial_2325_best_state.pt,"{'learning_rate': 0.00669849225500585, 'lr_reduce': 0.6}",TPESampler,COMPLETE
2326,0.009089117869734764,2025-04-26 07:16:52.337639,2025-04-26 07:18:02.258643,0 days 00:01:09.921004,0.09731840150803979,240,1,3,96,0.17114204468089472,80,3,1,112,0.18787605269882193,32,2,2,96,0.08081623798225057,392,32.0,200.0,3,2,0.007131944239240422,0.6,/work3/arnaou/checkpoints/groupgat_Vc_trial_2326_best_state.pt,"{'learning_rate': 0.007131944239240422, 'lr_reduce': 0.6}",TPESampler,COMPLETE
2327,0.01090027205646038,2025-04-26 07:17:53.181284,2025-04-26 07:19:33.696923,0 days 00:01:40.515639,0.03394682096891834,208,3,1,32,0.02228448734247645,80,4,2,32,0.09147508394454903,112,1,3,112,0.14243455549234335,312,96.0,,2,2,0.00790858029724243,0.6,/work3/arnaou/checkpoints/groupgat_Vc_trial_2327_best_state.pt,"{'learning_rate': 0.00790858029724243, 'lr_reduce': 0.6}",TPESampler,COMPLETE
2328,0.01163883414119482,2025-04-26 07:18:02.612027,2025-04-26 07:19:08.409752,0 days 00:01:05.797725,0.041546336511251405,256,3,3,64,0.05786806374135317,256,4,2,32,0.27347113440840265,32,1,3,96,0.16464184596584383,88,64.0,88.0,3,2,0.001695519043550138,0.6,/work3/arnaou/checkpoints/groupgat_Vc_trial_2328_best_state.pt,"{'learning_rate': 0.001695519043550138, 'lr_reduce': 0.6}",TPESampler,COMPLETE
2329,0.012395113706588745,2025-04-26 07:18:10.433492,2025-04-26 07:19:18.464801,0 days 00:01:08.031309,0.11589805466919803,224,1,2,32,0.18433180787403464,128,3,4,80,0.2978997640159565,32,1,3,80,0.051782750134512834,344,32.0,144.0,3,1,0.004566390127557077,0.6,/work3/arnaou/checkpoints/groupgat_Vc_trial_2329_best_state.pt,"{'learning_rate': 0.004566390127557077, 'lr_reduce': 0.6}",TPESampler,COMPLETE
2330,0.013827838003635406,2025-04-26 07:19:08.729521,2025-04-26 07:20:22.912002,0 days 00:01:14.182481,0.10621558230987489,192,2,2,32,0.12285490367775947,80,3,3,112,0.1548648520180168,96,2,2,64,0.11624083872415758,232,88.0,200.0,3,1,0.009593727388886133,0.6,/work3/arnaou/checkpoints/groupgat_Vc_trial_2330_best_state.pt,"{'learning_rate': 0.009593727388886133, 'lr_reduce': 0.6}",TPESampler,COMPLETE
2331,0.016268912702798843,2025-04-26 07:19:18.791141,2025-04-26 07:20:39.208439,0 days 00:01:20.417298,0.24304016114671267,176,2,3,32,0.06808876380788749,240,4,2,80,0.1466303323476249,80,4,4,48,0.042600890705270705,136,104.0,216.0,3,2,0.0074934217424925354,0.6,/work3/arnaou/checkpoints/groupgat_Vc_trial_2331_best_state.pt,"{'learning_rate': 0.0074934217424925354, 'lr_reduce': 0.6}",TPESampler,COMPLETE
2332,0.01091531291604042,2025-04-26 07:19:33.975102,2025-04-26 07:20:28.387204,0 days 00:00:54.412102,0.0791610504655527,160,1,2,48,0.17813167475529543,96,4,3,32,0.18745194360917836,32,3,1,64,0.01394021951303,88,136.0,152.0,3,1,0.0024803211968805272,0.6,/work3/arnaou/checkpoints/groupgat_Vc_trial_2332_best_state.pt,"{'learning_rate': 0.0024803211968805272, 'lr_reduce': 0.6}",TPESampler,COMPLETE
2333,0.018945828080177307,2025-04-26 07:20:23.214939,2025-04-26 07:22:10.385807,0 days 00:01:47.170868,0.0609468096401053,176,1,3,32,0.2086131206631897,80,3,4,64,0.1860656512086315,80,1,3,64,0.09369818270583444,296,104.0,208.0,3,2,0.001227477751530419,0.6,/work3/arnaou/checkpoints/groupgat_Vc_trial_2333_best_state.pt,"{'learning_rate': 0.001227477751530419, 'lr_reduce': 0.6}",TPESampler,COMPLETE
2334,0.020497530698776245,2025-04-26 07:20:28.731211,2025-04-26 07:21:24.676560,0 days 00:00:55.945349,0.14209430219933472,256,3,1,48,0.13072007548349393,112,3,1,80,0.1760667631649319,64,2,2,80,0.18166264345659583,176,32.0,,2,2,0.0013028002701183424,0.6,/work3/arnaou/checkpoints/groupgat_Vc_trial_2334_best_state.pt,"{'learning_rate': 0.0013028002701183424, 'lr_reduce': 0.6}",TPESampler,COMPLETE
