number,value,datetime_start,datetime_complete,duration,params_L1_dropout,params_L1_hidden_dim,params_L1_layers_atom,params_L1_layers_mol,params_L1_out_dim,params_L2_dropout,params_L2_hidden_dim,params_L2_layers_atom,params_L2_layers_mol,params_L2_out_dim,params_L3_dropout,params_L3_hidden_dim,params_L3_layers_atom,params_L3_layers_mol,params_L3_out_dim,params_final_dropout,params_mlp_dim_0,params_mlp_dim_1,params_mlp_dim_2,params_n_mlp_layers,params_num_heads,params_train_learning_rate,params_train_lr_reduce,user_attrs_best_state_dict_path,user_attrs_training_params,system_attrs_auto:sampler,state
481,0.011431995779275894,2025-04-25 17:32:03.088399,2025-04-25 17:33:06.844146,0 days 00:01:03.755747,0.01476269293150365,240,2,1,32,0.1706184715792259,160,3,2,32,0.1375275140572634,48,1,4,128,0.003428455343786531,40,424.0,,2,2,0.005555738940296987,0.6,/work3/arnaou/checkpoints/groupgat_Vc_trial_481_best_state.pt,"{'learning_rate': 0.005555738940296987, 'lr_reduce': 0.6}",TPESampler,COMPLETE
482,0.014383327215909958,2025-04-25 17:32:50.492067,2025-04-25 17:33:30.071388,0 days 00:00:39.579321,0.08897288621701434,80,2,1,32,0.20937444207615702,64,4,3,96,0.12951396689908684,32,1,1,64,0.134130739942803,48,,,1,2,0.0026079155547630967,0.6,/work3/arnaou/checkpoints/groupgat_Vc_trial_482_best_state.pt,"{'learning_rate': 0.0026079155547630967, 'lr_reduce': 0.6}",TPESampler,COMPLETE
483,0.013572879135608673,2025-04-25 17:32:51.304487,2025-04-25 17:33:52.617315,0 days 00:01:01.312828,0.04813524758408906,128,2,1,32,0.24665519796052704,208,3,3,112,0.20004664962511473,64,1,3,64,0.2723924537417399,72,,,1,2,0.0020790659964979585,0.6,/work3/arnaou/checkpoints/groupgat_Vc_trial_483_best_state.pt,"{'learning_rate': 0.0020790659964979585, 'lr_reduce': 0.6}",TPESampler,COMPLETE
484,0.01775897480547428,2025-04-25 17:33:07.096775,2025-04-25 17:34:58.959711,0 days 00:01:51.862936,0.19981494580240083,192,1,3,32,0.18228522530153116,240,4,4,80,0.27754623602944395,128,2,3,80,0.15038199838920985,72,,,1,2,0.003195178571617045,0.6,/work3/arnaou/checkpoints/groupgat_Vc_trial_484_best_state.pt,"{'learning_rate': 0.003195178571617045, 'lr_reduce': 0.6}",TPESampler,COMPLETE
485,0.01589064858853817,2025-04-25 17:33:30.233348,2025-04-25 17:34:34.628080,0 days 00:01:04.394732,0.005271906784390627,176,3,4,112,0.006396455422885891,96,4,3,64,0.21987105617987934,80,4,4,32,0.2648344266851016,128,464.0,,2,2,0.004097760434190314,0.6,/work3/arnaou/checkpoints/groupgat_Vc_trial_485_best_state.pt,"{'learning_rate': 0.004097760434190314, 'lr_reduce': 0.6}",TPESampler,COMPLETE
486,0.015051868744194508,2025-04-25 17:33:52.939920,2025-04-25 17:35:13.027233,0 days 00:01:20.087313,0.1234722680803312,224,2,4,48,0.1384638837322452,144,4,3,112,0.2697345859896662,128,1,4,80,0.13562069595288914,96,,,1,2,0.003316218268657847,0.6,/work3/arnaou/checkpoints/groupgat_Vc_trial_486_best_state.pt,"{'learning_rate': 0.003316218268657847, 'lr_reduce': 0.6}",TPESampler,COMPLETE
487,0.011199402622878551,2025-04-25 17:34:34.999679,2025-04-25 17:35:43.439430,0 days 00:01:08.439751,0.006853078698978301,208,2,3,64,0.14245365777135438,128,3,1,64,0.15328462821494326,96,1,4,96,0.24139452056014862,136,368.0,304.0,3,1,0.006690518847440878,0.6,/work3/arnaou/checkpoints/groupgat_Vc_trial_487_best_state.pt,"{'learning_rate': 0.006690518847440878, 'lr_reduce': 0.6}",TPESampler,COMPLETE
488,0.010538704693317413,2025-04-25 17:34:59.208074,2025-04-25 17:35:52.193802,0 days 00:00:52.985728,0.04512963193608714,240,4,2,32,0.20445158651140832,96,3,2,48,0.19818084308890008,64,1,4,80,0.16455025102614398,88,464.0,,2,2,0.0025262331566312498,0.6,/work3/arnaou/checkpoints/groupgat_Vc_trial_488_best_state.pt,"{'learning_rate': 0.0025262331566312498, 'lr_reduce': 0.6}",TPESampler,COMPLETE
489,0.06171998009085655,2025-04-25 17:35:13.231040,2025-04-25 17:35:56.898810,0 days 00:00:43.667770,0.028567466885832376,224,2,2,32,0.08443653330776052,96,4,4,48,0.0965548971056287,32,1,3,112,0.2841623958207392,48,416.0,312.0,3,2,0.0030828297371591745,0.6,/work3/arnaou/checkpoints/groupgat_Vc_trial_489_best_state.pt,"{'learning_rate': 0.0030828297371591745, 'lr_reduce': 0.6}",TPESampler,COMPLETE
490,0.016109853982925415,2025-04-25 17:35:43.612330,2025-04-25 17:37:01.196605,0 days 00:01:17.584275,0.05060074421755908,192,4,2,80,0.019304848523595812,144,4,1,32,0.29731664173231337,48,1,3,128,0.016674103431918795,72,512.0,232.0,3,2,0.001831522116106148,0.6,/work3/arnaou/checkpoints/groupgat_Vc_trial_490_best_state.pt,"{'learning_rate': 0.001831522116106148, 'lr_reduce': 0.6}",TPESampler,COMPLETE
491,0.009524200111627579,2025-04-25 17:35:52.441552,2025-04-25 17:36:33.397672,0 days 00:00:40.956120,0.014695892086501523,256,1,1,32,0.11567880958603075,64,3,1,48,0.05867178853470725,64,1,1,128,0.059247139154015686,48,368.0,,2,2,0.0053670085611922606,0.6,/work3/arnaou/checkpoints/groupgat_Vc_trial_491_best_state.pt,"{'learning_rate': 0.0053670085611922606, 'lr_reduce': 0.6}",TPESampler,COMPLETE
492,0.013641285710036755,2025-04-25 17:35:57.394170,2025-04-25 17:36:47.581848,0 days 00:00:50.187678,0.023528070350141064,240,1,3,32,0.24473915897314066,144,4,1,48,0.039176613736225635,32,1,2,112,0.039501120896599115,32,96.0,,2,2,0.0014632333823395756,0.6,/work3/arnaou/checkpoints/groupgat_Vc_trial_492_best_state.pt,"{'learning_rate': 0.0014632333823395756, 'lr_reduce': 0.6}",TPESampler,COMPLETE
493,0.014162235893309116,2025-04-25 17:36:33.631123,2025-04-25 17:37:52.249318,0 days 00:01:18.618195,0.04700020944676958,240,2,1,32,0.12955709922492828,80,4,1,48,0.09995471880328047,96,2,2,112,0.170204256518996,48,,,1,2,0.0020520420641300966,0.6,/work3/arnaou/checkpoints/groupgat_Vc_trial_493_best_state.pt,"{'learning_rate': 0.0020520420641300966, 'lr_reduce': 0.6}",TPESampler,COMPLETE
494,0.05481477454304695,2025-04-25 17:36:47.753375,2025-04-25 17:37:29.713722,0 days 00:00:41.960347,0.08751762767134152,240,2,1,48,0.13421602264175317,96,3,2,64,0.005494427011974556,64,2,2,128,0.0908816516667206,32,320.0,312.0,3,2,0.002202659714837528,0.6,/work3/arnaou/checkpoints/groupgat_Vc_trial_494_best_state.pt,"{'learning_rate': 0.002202659714837528, 'lr_reduce': 0.6}",TPESampler,COMPLETE
495,0.024540821090340614,2025-04-25 17:37:01.476836,2025-04-25 17:38:57.281917,0 days 00:01:55.805081,0.0006786609656070745,192,3,4,48,0.06943120850336051,96,2,3,48,0.18066830363904035,80,4,4,96,0.25114305289246536,232,352.0,264.0,3,2,0.00915779591278946,0.6,/work3/arnaou/checkpoints/groupgat_Vc_trial_495_best_state.pt,"{'learning_rate': 0.00915779591278946, 'lr_reduce': 0.6}",TPESampler,COMPLETE
496,0.013054821640253067,2025-04-25 17:37:29.869520,2025-04-25 17:38:45.506426,0 days 00:01:15.636906,0.1302200247396535,256,1,2,48,0.07818718619826409,192,1,2,48,0.28400822113351964,112,4,3,128,0.17931307061290674,248,336.0,336.0,3,2,0.007974622480100352,0.6,/work3/arnaou/checkpoints/groupgat_Vc_trial_496_best_state.pt,"{'learning_rate': 0.007974622480100352, 'lr_reduce': 0.6}",TPESampler,COMPLETE
497,0.018638892099261284,2025-04-25 17:37:52.643909,2025-04-25 17:39:22.290145,0 days 00:01:29.646236,0.17194374360544917,256,3,2,32,0.19887116474259436,128,3,4,80,0.17467952397507513,80,2,4,96,0.04379016224358282,48,,,1,2,0.0034238145673978642,0.6,/work3/arnaou/checkpoints/groupgat_Vc_trial_497_best_state.pt,"{'learning_rate': 0.0034238145673978642, 'lr_reduce': 0.6}",TPESampler,COMPLETE
498,0.012905457057058811,2025-04-25 17:38:45.682682,2025-04-25 17:39:41.566955,0 days 00:00:55.884273,0.015569378237552516,240,2,1,64,0.13075582619054002,144,3,1,64,0.2070637863377448,32,1,3,128,0.029738798097630935,72,360.0,,2,2,0.002903235017007552,0.6,/work3/arnaou/checkpoints/groupgat_Vc_trial_498_best_state.pt,"{'learning_rate': 0.002903235017007552, 'lr_reduce': 0.6}",TPESampler,COMPLETE
499,0.013369191437959671,2025-04-25 17:38:57.671683,2025-04-25 17:40:09.700852,0 days 00:01:12.029169,0.004960760210548323,208,3,4,80,0.010282829190892639,96,2,1,48,0.26734731307660725,80,3,4,48,0.1844405624910091,112,376.0,,2,2,0.0023221402730287453,0.6,/work3/arnaou/checkpoints/groupgat_Vc_trial_499_best_state.pt,"{'learning_rate': 0.0023221402730287453, 'lr_reduce': 0.6}",TPESampler,COMPLETE
500,0.013183464296162128,2025-04-25 17:39:22.539062,2025-04-25 17:40:39.703212,0 days 00:01:17.164150,0.1075721939166183,240,1,1,48,0.052510983244180985,80,2,2,80,0.28474700205069997,96,4,4,96,0.2313844227409958,104,368.0,216.0,3,2,0.008592247098936879,0.6,/work3/arnaou/checkpoints/groupgat_Vc_trial_500_best_state.pt,"{'learning_rate': 0.008592247098936879, 'lr_reduce': 0.6}",TPESampler,COMPLETE
501,0.01901840604841709,2025-04-25 17:39:41.736276,2025-04-25 17:41:01.834713,0 days 00:01:20.098437,0.04547096076275709,160,3,2,112,0.11018480618463167,112,4,1,32,0.07757387016275513,112,3,3,96,0.046594479470839334,288,384.0,336.0,3,2,0.009123387928522526,0.6,/work3/arnaou/checkpoints/groupgat_Vc_trial_501_best_state.pt,"{'learning_rate': 0.009123387928522526, 'lr_reduce': 0.6}",TPESampler,COMPLETE
502,0.014919141307473183,2025-04-25 17:40:09.960443,2025-04-25 17:40:45.197622,0 days 00:00:35.237179,0.09348269009631854,192,1,2,64,0.17414413505389775,80,2,1,32,0.04984181148659748,64,1,1,128,0.08723585638488665,136,392.0,,2,2,0.0015196881518271825,0.6,/work3/arnaou/checkpoints/groupgat_Vc_trial_502_best_state.pt,"{'learning_rate': 0.0015196881518271825, 'lr_reduce': 0.6}",TPESampler,COMPLETE
503,0.015977302566170692,2025-04-25 17:40:39.898368,2025-04-25 17:41:30.692872,0 days 00:00:50.794504,5.848925915656264e-05,192,4,1,128,0.015272455542804528,160,4,1,32,0.21715159639841097,48,1,1,128,0.06944480732132921,296,312.0,280.0,3,2,0.0022213915612902366,0.6,/work3/arnaou/checkpoints/groupgat_Vc_trial_503_best_state.pt,"{'learning_rate': 0.0022213915612902366, 'lr_reduce': 0.6}",TPESampler,COMPLETE
504,0.011869266629219055,2025-04-25 17:40:45.396804,2025-04-25 17:41:50.726138,0 days 00:01:05.329334,0.07163928838000841,256,2,2,32,0.12425298773309797,64,2,1,48,0.10625918505285292,48,1,1,128,0.035022512525378954,144,416.0,,2,2,0.0024131750501963562,0.6,/work3/arnaou/checkpoints/groupgat_Vc_trial_504_best_state.pt,"{'learning_rate': 0.0024131750501963562, 'lr_reduce': 0.6}",TPESampler,COMPLETE
505,0.011410531587898731,2025-04-25 17:41:02.120707,2025-04-25 17:41:58.101800,0 days 00:00:55.981093,0.0007605056872357803,256,1,1,64,0.05795590958785557,80,3,2,64,0.08041320797582957,48,1,1,112,0.12899780191859903,216,416.0,,2,2,0.007674276026672937,0.6,/work3/arnaou/checkpoints/groupgat_Vc_trial_505_best_state.pt,"{'learning_rate': 0.007674276026672937, 'lr_reduce': 0.6}",TPESampler,COMPLETE
506,0.016930578276515007,2025-04-25 17:41:30.948710,2025-04-25 17:42:14.202335,0 days 00:00:43.253625,0.015175182276287027,256,1,1,32,0.06276706528629081,192,2,2,32,0.24072004868203195,80,1,1,128,0.04710971855481319,184,464.0,,2,2,0.0025381271367069386,0.6,/work3/arnaou/checkpoints/groupgat_Vc_trial_506_best_state.pt,"{'learning_rate': 0.0025381271367069386, 'lr_reduce': 0.6}",TPESampler,COMPLETE
507,0.02467314526438713,2025-04-25 17:41:50.989576,2025-04-25 17:42:47.450772,0 days 00:00:56.461196,0.05199149109884892,208,2,4,80,0.11122812196634305,176,4,1,48,0.25950076366271224,128,1,4,80,0.25150252755940083,160,72.0,,2,1,0.0075627677198173504,0.6,/work3/arnaou/checkpoints/groupgat_Vc_trial_507_best_state.pt,"{'learning_rate': 0.0075627677198173504, 'lr_reduce': 0.6}",TPESampler,COMPLETE
508,0.012273140251636505,2025-04-25 17:41:58.384187,2025-04-25 17:43:18.850179,0 days 00:01:20.465992,0.059239509430317076,256,1,2,32,0.1575763163616778,96,4,1,64,0.10771966212729997,80,1,1,96,0.03840756569764637,72,360.0,,2,2,0.009161496850766379,0.6,/work3/arnaou/checkpoints/groupgat_Vc_trial_508_best_state.pt,"{'learning_rate': 0.009161496850766379, 'lr_reduce': 0.6}",TPESampler,COMPLETE
509,0.01162298396229744,2025-04-25 17:42:14.488084,2025-04-25 17:43:17.394591,0 days 00:01:02.906507,0.08457208517977709,192,4,4,64,0.13500804263945104,160,4,1,48,0.17059251297589653,64,1,2,64,0.17296362064312285,320,432.0,344.0,3,2,0.004952699430344433,0.6,/work3/arnaou/checkpoints/groupgat_Vc_trial_509_best_state.pt,"{'learning_rate': 0.004952699430344433, 'lr_reduce': 0.6}",TPESampler,COMPLETE
510,0.010902807116508484,2025-04-25 17:42:47.742912,2025-04-25 17:43:36.380562,0 days 00:00:48.637650,0.06035627661621415,256,1,4,112,0.2199285654511634,144,3,2,64,0.18589939514060488,80,1,4,80,0.23909460561669196,80,512.0,,2,2,0.0019052792380248595,0.6,/work3/arnaou/checkpoints/groupgat_Vc_trial_510_best_state.pt,"{'learning_rate': 0.0019052792380248595, 'lr_reduce': 0.6}",TPESampler,COMPLETE
511,0.011847984045743942,2025-04-25 17:43:17.934223,2025-04-25 17:44:53.991099,0 days 00:01:36.056876,0.0225210375540627,112,2,3,64,0.06466429403463606,80,2,3,32,0.19379346327458744,112,2,2,48,0.20449349120956142,176,384.0,,2,2,0.0027064077212164794,0.6,/work3/arnaou/checkpoints/groupgat_Vc_trial_511_best_state.pt,"{'learning_rate': 0.0027064077212164794, 'lr_reduce': 0.6}",TPESampler,COMPLETE
512,0.011067423038184643,2025-04-25 17:43:19.387883,2025-04-25 17:44:22.088328,0 days 00:01:02.700445,0.01692924042197996,128,2,4,64,0.061119567677793474,160,3,4,112,0.15136355240087712,96,2,4,96,0.25090785932979454,240,464.0,96.0,3,2,0.003750749640925783,0.6,/work3/arnaou/checkpoints/groupgat_Vc_trial_512_best_state.pt,"{'learning_rate': 0.003750749640925783, 'lr_reduce': 0.6}",TPESampler,COMPLETE
513,0.013786589726805687,2025-04-25 17:43:36.656137,2025-04-25 17:44:32.986205,0 days 00:00:56.330068,0.001642658493874757,96,4,3,64,0.12058705492408306,128,4,1,96,0.2123001127803934,32,3,4,80,0.29197358021013065,56,296.0,,2,2,0.004508321198144679,0.6,/work3/arnaou/checkpoints/groupgat_Vc_trial_513_best_state.pt,"{'learning_rate': 0.004508321198144679, 'lr_reduce': 0.6}",TPESampler,COMPLETE
514,0.011925335973501205,2025-04-25 17:44:22.375096,2025-04-25 17:45:13.997233,0 days 00:00:51.622137,0.04762193551870026,240,1,2,32,0.00546596482678445,80,3,1,32,0.09135526605908509,64,1,2,128,0.12338434587840444,32,416.0,264.0,3,2,0.004764716675813188,0.6,/work3/arnaou/checkpoints/groupgat_Vc_trial_514_best_state.pt,"{'learning_rate': 0.004764716675813188, 'lr_reduce': 0.6}",TPESampler,COMPLETE
515,0.01521090418100357,2025-04-25 17:44:33.243764,2025-04-25 17:45:34.935310,0 days 00:01:01.691546,0.061797759631517304,208,3,2,48,0.22693791990997586,80,2,3,64,0.2775111063597981,112,1,4,112,0.020614771495361617,200,464.0,,2,2,0.0018827133977387532,0.6,/work3/arnaou/checkpoints/groupgat_Vc_trial_515_best_state.pt,"{'learning_rate': 0.0018827133977387532, 'lr_reduce': 0.6}",TPESampler,COMPLETE
516,0.016294101253151894,2025-04-25 17:44:54.192617,2025-04-25 17:47:15.609218,0 days 00:02:21.416601,0.07623519508626223,144,2,1,112,0.10498445076843585,144,4,1,32,0.2274074313002939,96,2,4,64,0.025077285866204863,128,384.0,216.0,3,2,0.0006485076984331092,0.6,/work3/arnaou/checkpoints/groupgat_Vc_trial_516_best_state.pt,"{'learning_rate': 0.0006485076984331092, 'lr_reduce': 0.6}",TPESampler,COMPLETE
517,0.013046163134276867,2025-04-25 17:45:14.197126,2025-04-25 17:47:08.236125,0 days 00:01:54.038999,0.1535521272342894,224,4,2,32,0.18986453215848767,224,4,4,128,0.23426376830569245,96,2,3,112,0.19711583247423886,152,432.0,352.0,3,2,0.0011295123743677198,0.6,/work3/arnaou/checkpoints/groupgat_Vc_trial_517_best_state.pt,"{'learning_rate': 0.0011295123743677198, 'lr_reduce': 0.6}",TPESampler,COMPLETE
518,0.01010980922728777,2025-04-25 17:45:35.211176,2025-04-25 17:46:46.909915,0 days 00:01:11.698739,0.041302323066451006,256,3,2,80,0.15701042416556094,128,3,1,48,0.28517731300559845,80,1,4,64,0.09097345840991986,56,480.0,512.0,3,2,0.0022541977293715604,0.6,/work3/arnaou/checkpoints/groupgat_Vc_trial_518_best_state.pt,"{'learning_rate': 0.0022541977293715604, 'lr_reduce': 0.6}",TPESampler,COMPLETE
519,0.02147427201271057,2025-04-25 17:46:47.345004,2025-04-25 17:47:52.285877,0 days 00:01:04.940873,0.007556454057695634,128,2,2,48,0.13680493799571142,96,4,2,80,0.2970554129159121,32,1,3,48,0.21885408523185862,80,,,1,2,0.0012132273910649754,0.6,/work3/arnaou/checkpoints/groupgat_Vc_trial_519_best_state.pt,"{'learning_rate': 0.0012132273910649754, 'lr_reduce': 0.6}",TPESampler,COMPLETE
520,1.1882282495498657,2025-04-25 17:47:08.498457,2025-04-25 17:52:29.682178,0 days 00:05:21.183721,0.05752802149050708,64,2,3,80,0.008284368398802335,160,4,3,128,0.25912462814096077,64,3,3,96,0.21393040066264907,488,32.0,,2,1,0.0066613971909544045,0.6,/work3/arnaou/checkpoints/groupgat_Vc_trial_520_best_state.pt,"{'learning_rate': 0.0066613971909544045, 'lr_reduce': 0.6}",TPESampler,COMPLETE
521,0.011897160671651363,2025-04-25 17:47:15.918748,2025-04-25 17:48:18.131394,0 days 00:01:02.212646,0.07855227636752789,240,2,3,48,0.15006465928046234,176,4,4,112,0.28098243982642285,96,2,4,128,0.0744486739726702,216,352.0,,2,2,0.0027150361133939627,0.6,/work3/arnaou/checkpoints/groupgat_Vc_trial_521_best_state.pt,"{'learning_rate': 0.0027150361133939627, 'lr_reduce': 0.6}",TPESampler,COMPLETE
522,0.019285740330815315,2025-04-25 17:47:52.522383,2025-04-25 17:48:40.900052,0 days 00:00:48.377669,0.15278213817702407,176,4,1,128,0.06352073699358024,128,4,1,32,0.1554019332454394,96,2,3,112,0.031091130518240175,48,408.0,,2,2,0.0023081085341935923,0.6,/work3/arnaou/checkpoints/groupgat_Vc_trial_522_best_state.pt,"{'learning_rate': 0.0023081085341935923, 'lr_reduce': 0.6}",TPESampler,COMPLETE
523,0.01350751705467701,2025-04-25 17:48:18.360324,2025-04-25 17:49:59.048419,0 days 00:01:40.688095,0.060706747515236206,256,4,2,32,0.17758576399167963,128,2,3,96,0.252726976275419,96,1,4,48,0.014538924128258593,240,,,1,2,0.001052194370091452,0.6,/work3/arnaou/checkpoints/groupgat_Vc_trial_523_best_state.pt,"{'learning_rate': 0.001052194370091452, 'lr_reduce': 0.6}",TPESampler,COMPLETE
524,0.011571857146918774,2025-04-25 17:48:41.124943,2025-04-25 17:49:39.636747,0 days 00:00:58.511804,0.05463290195580067,192,2,3,64,0.1564933850514617,112,2,2,48,0.23225432191920536,80,1,3,96,0.2875658551358592,32,144.0,,2,2,0.005659671156411454,0.6,/work3/arnaou/checkpoints/groupgat_Vc_trial_524_best_state.pt,"{'learning_rate': 0.005659671156411454, 'lr_reduce': 0.6}",TPESampler,COMPLETE
525,0.012029497884213924,2025-04-25 17:49:39.871199,2025-04-25 17:50:50.619738,0 days 00:01:10.748539,0.06400733439870389,176,3,3,96,0.1877616763513591,64,3,4,32,0.2590740654607606,96,2,2,64,0.21398308956865553,80,,,1,2,0.0034638143857449832,0.6,/work3/arnaou/checkpoints/groupgat_Vc_trial_525_best_state.pt,"{'learning_rate': 0.0034638143857449832, 'lr_reduce': 0.6}",TPESampler,COMPLETE
526,0.012667104601860046,2025-04-25 17:49:59.330739,2025-04-25 17:51:11.139719,0 days 00:01:11.808980,0.1628980000494883,256,1,2,32,0.016095336632379845,256,2,2,48,0.2807815459573781,96,3,4,80,0.2717174339273252,376,480.0,280.0,3,2,0.005108333799184554,0.6,/work3/arnaou/checkpoints/groupgat_Vc_trial_526_best_state.pt,"{'learning_rate': 0.005108333799184554, 'lr_reduce': 0.6}",TPESampler,COMPLETE
527,0.012143022380769253,2025-04-25 17:50:50.845721,2025-04-25 17:52:06.034204,0 days 00:01:15.188483,0.032344277866819426,128,4,2,32,0.07613520639683254,112,4,2,96,0.24124405857015682,64,1,3,64,0.18989060417016562,40,424.0,,2,2,0.006905056769269828,0.6,/work3/arnaou/checkpoints/groupgat_Vc_trial_527_best_state.pt,"{'learning_rate': 0.006905056769269828, 'lr_reduce': 0.6}",TPESampler,COMPLETE
528,0.009115517139434814,2025-04-25 17:51:11.404221,2025-04-25 17:52:30.645026,0 days 00:01:19.240805,0.057325118520945954,240,3,4,48,0.08638596998531325,224,2,2,32,0.20473307439291505,32,1,2,32,0.20942057484911325,184,512.0,352.0,3,2,0.0028343363595008746,0.6,/work3/arnaou/checkpoints/groupgat_Vc_trial_528_best_state.pt,"{'learning_rate': 0.0028343363595008746, 'lr_reduce': 0.6}",TPESampler,COMPLETE
529,0.04175608605146408,2025-04-25 17:52:06.271117,2025-04-25 17:53:05.171447,0 days 00:00:58.900330,0.10482419459402106,256,3,3,32,0.2708066441040863,192,4,4,48,0.24245709952298672,112,1,4,96,0.07849820139740242,48,,,1,2,0.005262884860151419,0.6,/work3/arnaou/checkpoints/groupgat_Vc_trial_529_best_state.pt,"{'learning_rate': 0.005262884860151419, 'lr_reduce': 0.6}",TPESampler,COMPLETE
530,0.013889670372009277,2025-04-25 17:52:29.902936,2025-04-25 17:54:00.318538,0 days 00:01:30.415602,0.09060706853919781,240,2,1,32,0.1631885327440382,80,3,1,48,0.05745326033878783,48,2,1,112,0.12126602980747905,136,512.0,,2,2,0.008646831420030122,0.6,/work3/arnaou/checkpoints/groupgat_Vc_trial_530_best_state.pt,"{'learning_rate': 0.008646831420030122, 'lr_reduce': 0.6}",TPESampler,COMPLETE
531,0.02480410784482956,2025-04-25 17:52:30.813310,2025-04-25 17:53:19.001273,0 days 00:00:48.187963,0.049222308364791,240,4,4,32,0.009733030611786,192,1,2,32,0.27012837548420154,32,1,2,48,0.28362056432947647,200,512.0,376.0,3,2,0.0013804438554554396,0.6,/work3/arnaou/checkpoints/groupgat_Vc_trial_531_best_state.pt,"{'learning_rate': 0.0013804438554554396, 'lr_reduce': 0.6}",TPESampler,COMPLETE
532,0.012011907994747162,2025-04-25 17:53:05.448030,2025-04-25 17:54:26.408382,0 days 00:01:20.960352,0.1768368375014473,256,3,2,48,0.07380155805407251,208,2,1,32,0.15833054846237782,32,2,2,32,0.1252361448597321,176,504.0,360.0,3,2,0.00279347406195003,0.6,/work3/arnaou/checkpoints/groupgat_Vc_trial_532_best_state.pt,"{'learning_rate': 0.00279347406195003, 'lr_reduce': 0.6}",TPESampler,COMPLETE
533,0.0154671436175704,2025-04-25 17:53:19.268036,2025-04-25 17:54:19.349262,0 days 00:01:00.081226,0.029396270296258836,192,2,4,64,0.030134638489777557,256,1,3,48,0.20813687136567274,64,2,2,48,0.14664785400303093,272,512.0,352.0,3,2,0.002398582902305897,0.6,/work3/arnaou/checkpoints/groupgat_Vc_trial_533_best_state.pt,"{'learning_rate': 0.002398582902305897, 'lr_reduce': 0.6}",TPESampler,COMPLETE
