number,value,datetime_start,datetime_complete,duration,params_L1_dropout,params_L1_hidden_dim,params_L1_layers_atom,params_L1_layers_mol,params_L1_out_dim,params_L2_dropout,params_L2_hidden_dim,params_L2_layers_atom,params_L2_layers_mol,params_L2_out_dim,params_L3_dropout,params_L3_hidden_dim,params_L3_layers_atom,params_L3_layers_mol,params_L3_out_dim,params_final_dropout,params_mlp_dim_0,params_mlp_dim_1,params_mlp_dim_2,params_n_mlp_layers,params_num_heads,params_train_learning_rate,params_train_lr_reduce,user_attrs_best_state_dict_path,user_attrs_training_params,system_attrs_auto:sampler,state
160,1.0142745971679688,2025-04-24 22:23:12.811178,2025-04-24 22:23:31.761583,0 days 00:00:18.950405,0.05546381899014536,256,3,4,32,0.17150657130231575,96,3,4,32,0.2603875127795907,96,3,3,80,0.15512186753734164,40,456.0,344.0,3,2,0.006645830859136294,0.6,/work3/arnaou/checkpoints/groupgat_Vc_trial_160_best_state.pt,"{'learning_rate': 0.006645830859136294, 'lr_reduce': 0.6}",TPESampler,COMPLETE
161,0.025132734328508377,2025-04-24 22:23:31.963834,2025-04-24 22:25:32.677292,0 days 00:02:00.713458,0.12364786473593116,80,2,4,32,0.024856501344916352,128,4,3,80,0.29751051666116074,96,3,4,80,0.23557713836550742,496,512.0,,2,2,0.0006959240068171629,0.6,/work3/arnaou/checkpoints/groupgat_Vc_trial_161_best_state.pt,"{'learning_rate': 0.0006959240068171629, 'lr_reduce': 0.6}",TPESampler,COMPLETE
162,0.013988891616463661,2025-04-24 22:23:43.030511,2025-04-24 22:25:37.933325,0 days 00:01:54.902814,0.006230521892117421,80,2,4,48,0.05721089918309473,160,3,2,96,0.2548247682377608,80,3,4,112,0.25380443501592853,168,392.0,,2,2,0.002296044872837206,0.6,/work3/arnaou/checkpoints/groupgat_Vc_trial_162_best_state.pt,"{'learning_rate': 0.002296044872837206, 'lr_reduce': 0.6}",TPESampler,COMPLETE
163,0.01953050307929516,2025-04-24 22:24:43.774707,2025-04-24 22:26:04.157290,0 days 00:01:20.382583,0.08260354604843147,128,2,3,80,0.06295715405316851,128,3,3,80,0.17825889478617757,96,3,4,80,0.20704101086784593,352,440.0,,2,2,0.005607887971015089,0.6,/work3/arnaou/checkpoints/groupgat_Vc_trial_163_best_state.pt,"{'learning_rate': 0.005607887971015089, 'lr_reduce': 0.6}",TPESampler,COMPLETE
164,0.011857363395392895,2025-04-24 22:25:32.890796,2025-04-24 22:27:44.793858,0 days 00:02:11.903062,0.0518485574384069,144,1,4,48,0.04668009212941768,96,4,4,96,0.2966865073451206,32,2,4,80,0.29441189152863256,272,448.0,,2,2,0.008707000787504355,0.6,/work3/arnaou/checkpoints/groupgat_Vc_trial_164_best_state.pt,"{'learning_rate': 0.008707000787504355, 'lr_reduce': 0.6}",TPESampler,COMPLETE
165,0.014328189194202423,2025-04-24 22:25:38.298741,2025-04-24 22:29:00.603668,0 days 00:03:22.304927,0.034385790979361314,160,3,3,48,0.07769485061158493,144,2,2,96,0.2646994756025831,112,2,4,112,0.28590279202545543,360,456.0,,2,2,0.0011530494540537425,0.6,/work3/arnaou/checkpoints/groupgat_Vc_trial_165_best_state.pt,"{'learning_rate': 0.0011530494540537425, 'lr_reduce': 0.6}",TPESampler,COMPLETE
166,0.01729607954621315,2025-04-24 22:26:04.399722,2025-04-24 22:28:12.336681,0 days 00:02:07.936959,0.08503194905907227,112,4,3,96,0.24426720968895027,96,3,1,112,0.198450792866653,128,3,3,96,0.1969379421896703,344,512.0,,2,2,0.005460662276799699,0.6,/work3/arnaou/checkpoints/groupgat_Vc_trial_166_best_state.pt,"{'learning_rate': 0.005460662276799699, 'lr_reduce': 0.6}",TPESampler,COMPLETE
167,0.009140846319496632,2025-04-24 22:27:45.166921,2025-04-24 22:29:05.905348,0 days 00:01:20.738427,0.04711990560527282,256,3,2,48,0.19068058994197573,96,4,1,48,0.2547485060020598,64,1,4,80,0.12699197083294506,56,448.0,,2,2,0.002303153644488515,0.6,/work3/arnaou/checkpoints/groupgat_Vc_trial_167_best_state.pt,"{'learning_rate': 0.002303153644488515, 'lr_reduce': 0.6}",TPESampler,COMPLETE
168,0.01694163866341114,2025-04-24 22:28:12.531560,2025-04-24 22:30:02.487705,0 days 00:01:49.956145,0.11454031005643713,256,4,4,48,0.0663243045209257,208,3,1,80,0.14656009411969054,112,1,4,96,0.27460724825692834,200,400.0,456.0,3,2,0.001201191398328723,0.6,/work3/arnaou/checkpoints/groupgat_Vc_trial_168_best_state.pt,"{'learning_rate': 0.001201191398328723, 'lr_reduce': 0.6}",TPESampler,COMPLETE
169,0.01723271794617176,2025-04-24 22:29:00.918085,2025-04-24 22:31:36.066026,0 days 00:02:35.147941,0.15052635977202208,240,1,3,48,0.05577530496881303,112,2,2,32,0.2609897471642635,80,3,3,64,0.2647321095039582,272,464.0,,2,2,0.005453299406090857,0.6,/work3/arnaou/checkpoints/groupgat_Vc_trial_169_best_state.pt,"{'learning_rate': 0.005453299406090857, 'lr_reduce': 0.6}",TPESampler,COMPLETE
170,0.010548567399382591,2025-04-24 22:29:06.076150,2025-04-24 22:30:29.399127,0 days 00:01:23.322977,0.022751279718427424,256,3,2,64,0.16508172608230962,112,4,1,32,0.17887002582075506,32,1,3,80,0.17293510506454424,56,40.0,,2,2,0.002068700121726563,0.6,/work3/arnaou/checkpoints/groupgat_Vc_trial_170_best_state.pt,"{'learning_rate': 0.002068700121726563, 'lr_reduce': 0.6}",TPESampler,COMPLETE
171,0.2633128762245178,2025-04-24 22:30:02.652992,2025-04-24 22:30:59.206225,0 days 00:00:56.553233,0.1509918521680398,256,3,2,80,0.07360820182673332,192,3,3,48,0.14379113270586635,96,3,4,80,0.29912320738334136,280,384.0,248.0,3,2,0.0005918774377232822,0.6,/work3/arnaou/checkpoints/groupgat_Vc_trial_171_best_state.pt,"{'learning_rate': 0.0005918774377232822, 'lr_reduce': 0.6}",TPESampler,COMPLETE
172,0.01356846746057272,2025-04-24 22:30:29.555090,2025-04-24 22:32:50.033362,0 days 00:02:20.478272,0.09656370244467549,160,2,2,80,0.17184650843604332,112,3,2,32,0.2502567752472497,48,2,3,112,0.09897586246179824,176,72.0,,2,2,0.0018440733814876714,0.6,/work3/arnaou/checkpoints/groupgat_Vc_trial_172_best_state.pt,"{'learning_rate': 0.0018440733814876714, 'lr_reduce': 0.6}",TPESampler,COMPLETE
173,0.017126066610217094,2025-04-24 22:30:59.419856,2025-04-24 22:33:47.789511,0 days 00:02:48.369655,0.061019206333992715,256,3,1,48,0.1235302296059448,112,4,1,48,0.21825174446515808,48,1,3,80,0.12311474146335077,128,40.0,,2,2,0.0003303999937670777,0.6,/work3/arnaou/checkpoints/groupgat_Vc_trial_173_best_state.pt,"{'learning_rate': 0.0003303999937670777, 'lr_reduce': 0.6}",TPESampler,COMPLETE
174,0.018724849447607994,2025-04-24 22:31:36.257115,2025-04-24 22:34:21.406383,0 days 00:02:45.149268,0.14961863279835716,64,2,2,48,0.18350138955790435,144,3,3,32,0.18637992507295442,64,2,1,80,0.2768424570504408,416,,,1,2,0.00337931187280437,0.6,/work3/arnaou/checkpoints/groupgat_Vc_trial_174_best_state.pt,"{'learning_rate': 0.00337931187280437, 'lr_reduce': 0.6}",TPESampler,COMPLETE
175,0.011440832167863846,2025-04-24 22:32:50.204229,2025-04-24 22:34:26.597597,0 days 00:01:36.393368,0.028205285719183747,224,3,2,80,0.1541688351987699,112,4,1,48,0.1445525562411561,48,2,2,48,0.0763134694132125,200,464.0,,2,2,0.004653075762477701,0.6,/work3/arnaou/checkpoints/groupgat_Vc_trial_175_best_state.pt,"{'learning_rate': 0.004653075762477701, 'lr_reduce': 0.6}",TPESampler,COMPLETE
176,0.014970128424465656,2025-04-24 22:33:48.004268,2025-04-24 22:34:42.821341,0 days 00:00:54.817073,0.05960454274468331,112,2,3,64,0.04031085069949148,160,2,3,96,0.2972227239646279,64,3,2,96,0.2945022678479057,312,48.0,,2,2,0.0024945312189533805,0.6,/work3/arnaou/checkpoints/groupgat_Vc_trial_176_best_state.pt,"{'learning_rate': 0.0024945312189533805, 'lr_reduce': 0.6}",TPESampler,COMPLETE
177,0.009784185327589512,2025-04-24 22:34:21.712791,2025-04-24 22:35:48.054203,0 days 00:01:26.341412,0.007612427494586516,208,3,2,48,0.17324824695008834,96,4,2,48,0.1817027843569069,48,1,3,80,0.2975368826156904,48,40.0,,2,2,0.0013576768163764284,0.6,/work3/arnaou/checkpoints/groupgat_Vc_trial_177_best_state.pt,"{'learning_rate': 0.0013576768163764284, 'lr_reduce': 0.6}",TPESampler,COMPLETE
178,0.019723771139979362,2025-04-24 22:34:26.755979,2025-04-24 22:35:52.184784,0 days 00:01:25.428805,0.09112033684509889,112,4,2,112,0.25042939966788585,112,4,1,96,0.24301247963461078,112,4,3,48,0.2933586832666041,472,,,1,1,0.007850986612519817,0.6,/work3/arnaou/checkpoints/groupgat_Vc_trial_178_best_state.pt,"{'learning_rate': 0.007850986612519817, 'lr_reduce': 0.6}",TPESampler,COMPLETE
179,0.013338491320610046,2025-04-24 22:34:43.235276,2025-04-24 22:36:07.731961,0 days 00:01:24.496685,0.045061832698058385,240,3,2,48,0.16411704469838628,64,4,1,32,0.2832272802522681,64,1,4,80,0.15252524812776536,192,512.0,,2,2,0.00406383500637364,0.6,/work3/arnaou/checkpoints/groupgat_Vc_trial_179_best_state.pt,"{'learning_rate': 0.00406383500637364, 'lr_reduce': 0.6}",TPESampler,COMPLETE
180,0.014583568088710308,2025-04-24 22:35:48.248675,2025-04-24 22:40:45.029312,0 days 00:04:56.780637,0.07795828537705476,224,4,3,64,0.1315580632617262,176,4,2,32,0.15072160220800515,48,1,4,64,0.2412341256229198,56,40.0,,2,2,0.0005806222064713481,0.6,/work3/arnaou/checkpoints/groupgat_Vc_trial_180_best_state.pt,"{'learning_rate': 0.0005806222064713481, 'lr_reduce': 0.6}",TPESampler,COMPLETE
181,0.02244386076927185,2025-04-24 22:35:52.362293,2025-04-24 22:42:10.022210,0 days 00:06:17.659917,0.042998919125906726,176,4,2,64,0.24506175161011795,112,3,1,80,0.14299795340321253,48,1,2,64,0.27247442423758295,72,40.0,,2,2,0.00015634248569121862,0.6,/work3/arnaou/checkpoints/groupgat_Vc_trial_181_best_state.pt,"{'learning_rate': 0.00015634248569121862, 'lr_reduce': 0.6}",TPESampler,COMPLETE
182,0.010132202878594398,2025-04-24 22:36:07.962329,2025-04-24 22:39:44.268638,0 days 00:03:36.306309,0.03412864145801514,192,3,2,32,0.17924771447841908,96,4,1,64,0.20360205376782964,32,1,2,48,0.24854795123106507,40,,,1,2,0.0038205413940660326,0.6,/work3/arnaou/checkpoints/groupgat_Vc_trial_182_best_state.pt,"{'learning_rate': 0.0038205413940660326, 'lr_reduce': 0.6}",TPESampler,COMPLETE
183,0.013302912935614586,2025-04-24 22:39:44.466281,2025-04-24 22:42:04.454967,0 days 00:02:19.988686,0.052432917981732455,240,1,3,48,0.007721649142342416,96,3,2,80,0.19630162970259007,96,3,4,96,0.29916776513689547,280,392.0,,2,2,0.007503400301538242,0.6,/work3/arnaou/checkpoints/groupgat_Vc_trial_183_best_state.pt,"{'learning_rate': 0.007503400301538242, 'lr_reduce': 0.6}",TPESampler,COMPLETE
184,0.01429630909115076,2025-04-24 22:40:45.337750,2025-04-24 22:41:38.416643,0 days 00:00:53.078893,0.044466217451023915,208,2,3,96,0.14435239990094823,176,3,1,64,0.10745808633603549,32,1,3,96,0.19800444083185706,32,32.0,,2,2,0.0034086798160944177,0.6,/work3/arnaou/checkpoints/groupgat_Vc_trial_184_best_state.pt,"{'learning_rate': 0.0034086798160944177, 'lr_reduce': 0.6}",TPESampler,COMPLETE
185,0.015167453326284885,2025-04-24 22:41:38.723239,2025-04-24 22:42:49.390655,0 days 00:01:10.667416,0.06353673330925565,176,2,2,32,0.19678264347731808,112,3,1,48,0.10803979132223346,48,1,3,32,0.19853336479371747,40,,,1,2,0.004712432314303841,0.6,/work3/arnaou/checkpoints/groupgat_Vc_trial_185_best_state.pt,"{'learning_rate': 0.004712432314303841, 'lr_reduce': 0.6}",TPESampler,COMPLETE
186,0.016970880329608917,2025-04-24 22:42:04.747475,2025-04-24 22:43:44.456453,0 days 00:01:39.708978,0.03369869724078694,240,2,2,80,0.242499515474709,160,4,1,32,0.10643329621156186,32,1,2,64,0.2552553708632311,104,,,1,2,0.0008922576802423118,0.6,/work3/arnaou/checkpoints/groupgat_Vc_trial_186_best_state.pt,"{'learning_rate': 0.0008922576802423118, 'lr_reduce': 0.6}",TPESampler,COMPLETE
187,0.014537821523845196,2025-04-24 22:42:10.243517,2025-04-24 22:44:14.872071,0 days 00:02:04.628554,0.12408960825405951,208,3,3,48,0.016987685461367835,160,3,3,96,0.27661450759039735,112,4,3,80,0.21320873824419867,112,96.0,144.0,3,2,0.0013044906220614765,0.6,/work3/arnaou/checkpoints/groupgat_Vc_trial_187_best_state.pt,"{'learning_rate': 0.0013044906220614765, 'lr_reduce': 0.6}",TPESampler,COMPLETE
188,0.013917367905378342,2025-04-24 22:42:49.599502,2025-04-24 22:44:01.977508,0 days 00:01:12.378006,0.01693027173789718,128,2,4,48,0.07217490263660845,208,3,4,96,0.23075053752817162,96,4,4,128,0.26207673753049526,464,112.0,56.0,3,2,0.0018815023082769265,0.6,/work3/arnaou/checkpoints/groupgat_Vc_trial_188_best_state.pt,"{'learning_rate': 0.0018815023082769265, 'lr_reduce': 0.6}",TPESampler,COMPLETE
189,0.01817578263580799,2025-04-24 22:43:44.615196,2025-04-24 22:44:32.551470,0 days 00:00:47.936274,0.0865614746223578,224,3,2,64,0.16196002151442127,64,4,2,64,0.15928368371061125,48,2,3,96,0.2921814202868216,32,,,1,2,0.0021297965012301687,0.6,/work3/arnaou/checkpoints/groupgat_Vc_trial_189_best_state.pt,"{'learning_rate': 0.0021297965012301687, 'lr_reduce': 0.6}",TPESampler,COMPLETE
190,0.015619125217199326,2025-04-24 22:44:02.195828,2025-04-24 22:45:28.485725,0 days 00:01:26.289897,0.041659336961367185,176,4,2,48,0.20152427813588603,176,4,1,64,0.2630434004651777,48,1,1,64,0.28195879165746746,32,,,1,2,0.004636726669231899,0.6,/work3/arnaou/checkpoints/groupgat_Vc_trial_190_best_state.pt,"{'learning_rate': 0.004636726669231899, 'lr_reduce': 0.6}",TPESampler,COMPLETE
191,0.014388032257556915,2025-04-24 22:44:15.168432,2025-04-24 22:46:36.300622,0 days 00:02:21.132190,0.07364579224691675,192,3,4,48,0.06464792806029328,160,4,4,96,0.21093892545349277,80,3,4,96,0.26055988347993564,312,104.0,,2,2,0.005438148392905617,0.6,/work3/arnaou/checkpoints/groupgat_Vc_trial_191_best_state.pt,"{'learning_rate': 0.005438148392905617, 'lr_reduce': 0.6}",TPESampler,COMPLETE
192,0.013407408259809017,2025-04-24 22:44:32.766860,2025-04-24 22:46:18.411358,0 days 00:01:45.644498,0.05541272921273921,240,3,2,64,0.1421132079344565,64,3,1,64,0.26819336657916115,48,2,1,48,0.20512050664417156,72,,,1,2,0.006964019427499269,0.6,/work3/arnaou/checkpoints/groupgat_Vc_trial_192_best_state.pt,"{'learning_rate': 0.006964019427499269, 'lr_reduce': 0.6}",TPESampler,COMPLETE
193,0.01818878762423992,2025-04-24 22:45:28.739478,2025-04-24 22:47:36.250623,0 days 00:02:07.511145,0.12766474546323903,144,3,3,80,0.2866500679565478,96,3,3,64,0.156601031251847,48,3,1,48,0.27511450868335996,264,,,1,2,0.006759020737589674,0.6,/work3/arnaou/checkpoints/groupgat_Vc_trial_193_best_state.pt,"{'learning_rate': 0.006759020737589674, 'lr_reduce': 0.6}",TPESampler,COMPLETE
194,0.011665240861475468,2025-04-24 22:46:18.588353,2025-04-24 22:47:33.143709,0 days 00:01:14.555356,0.04975640642803874,192,4,1,64,0.27080141257399626,112,4,1,48,0.19725617657121747,32,1,3,48,0.27084879087628183,88,32.0,,2,2,0.0020892909502042414,0.6,/work3/arnaou/checkpoints/groupgat_Vc_trial_194_best_state.pt,"{'learning_rate': 0.0020892909502042414, 'lr_reduce': 0.6}",TPESampler,COMPLETE
195,0.011872213333845139,2025-04-24 22:46:36.535709,2025-04-24 22:48:18.738830,0 days 00:01:42.203121,0.12998948407854763,256,3,1,64,0.09772598201080125,96,4,1,32,0.14137177862961778,48,2,3,96,0.20263031288811673,152,464.0,352.0,3,2,0.005716728534991305,0.6,/work3/arnaou/checkpoints/groupgat_Vc_trial_195_best_state.pt,"{'learning_rate': 0.005716728534991305, 'lr_reduce': 0.6}",TPESampler,COMPLETE
196,0.016272105276584625,2025-04-24 22:47:33.368363,2025-04-24 22:49:56.257299,0 days 00:02:22.888936,0.17329537077129759,240,1,3,48,0.025583065899924103,144,1,3,80,0.1648893863300111,80,3,4,128,0.12217598342621257,328,464.0,,2,1,0.005045492233700032,0.6,/work3/arnaou/checkpoints/groupgat_Vc_trial_196_best_state.pt,"{'learning_rate': 0.005045492233700032, 'lr_reduce': 0.6}",TPESampler,COMPLETE
197,0.01546414289623499,2025-04-24 22:47:36.500283,2025-04-24 22:50:15.107397,0 days 00:02:38.607114,0.06878264909825195,160,1,4,80,0.015954946110042063,192,2,3,112,0.17326344906180408,112,3,4,112,0.2720520760872199,304,464.0,,2,2,0.0037593207403674267,0.6,/work3/arnaou/checkpoints/groupgat_Vc_trial_197_best_state.pt,"{'learning_rate': 0.0037593207403674267, 'lr_reduce': 0.6}",TPESampler,COMPLETE
198,0.017237870022654533,2025-04-24 22:48:18.953860,2025-04-24 22:50:40.666021,0 days 00:02:21.712161,0.1436719130090137,256,4,2,64,0.08049850988341078,208,1,2,48,0.21098733201531483,112,2,3,128,0.27003111561032744,264,512.0,,2,2,0.0008770131790106739,0.6,/work3/arnaou/checkpoints/groupgat_Vc_trial_198_best_state.pt,"{'learning_rate': 0.0008770131790106739, 'lr_reduce': 0.6}",TPESampler,COMPLETE
199,0.010050002485513687,2025-04-24 22:49:56.476765,2025-04-24 22:50:52.985910,0 days 00:00:56.509145,0.03958590433380532,256,2,2,64,0.18119272679529808,96,3,1,32,0.1759933008247879,32,1,4,112,0.1232582423992967,112,400.0,,2,2,0.0023174262607495175,0.6,/work3/arnaou/checkpoints/groupgat_Vc_trial_199_best_state.pt,"{'learning_rate': 0.0023174262607495175, 'lr_reduce': 0.6}",TPESampler,COMPLETE
200,0.011900585144758224,2025-04-24 22:50:15.296586,2025-04-24 22:51:54.941719,0 days 00:01:39.645133,0.054626511308959,224,4,3,32,0.16256890469793073,128,4,2,32,0.17823495176309057,32,1,2,48,0.25541010776395545,48,,,1,2,0.0019814103571630074,0.6,/work3/arnaou/checkpoints/groupgat_Vc_trial_200_best_state.pt,"{'learning_rate': 0.0019814103571630074, 'lr_reduce': 0.6}",TPESampler,COMPLETE
201,0.016116896644234657,2025-04-24 22:50:40.802350,2025-04-24 22:52:21.663509,0 days 00:01:40.861159,0.07169120938543015,208,3,2,48,0.21970104799949217,112,4,1,32,0.17966840579213805,96,1,4,48,0.0809412893157668,56,512.0,,2,2,0.0029999148692290306,0.6,/work3/arnaou/checkpoints/groupgat_Vc_trial_201_best_state.pt,"{'learning_rate': 0.0029999148692290306, 'lr_reduce': 0.6}",TPESampler,COMPLETE
202,0.01703517884016037,2025-04-24 22:50:53.176282,2025-04-24 22:54:38.330386,0 days 00:03:45.154104,0.1162856312097512,256,1,4,64,0.22882131599878452,64,3,1,64,0.1592955469440175,48,2,4,128,0.16518827427044216,160,336.0,,2,2,0.000630850994111192,0.6,/work3/arnaou/checkpoints/groupgat_Vc_trial_202_best_state.pt,"{'learning_rate': 0.000630850994111192, 'lr_reduce': 0.6}",TPESampler,COMPLETE
203,0.012789113447070122,2025-04-24 22:51:55.139454,2025-04-24 22:53:33.428158,0 days 00:01:38.288704,0.11369373994336501,224,2,3,48,0.19250296048870244,96,2,1,32,0.1953508025598725,32,1,4,128,0.13449311190751798,56,,,1,2,0.0027659042425187863,0.6,/work3/arnaou/checkpoints/groupgat_Vc_trial_203_best_state.pt,"{'learning_rate': 0.0027659042425187863, 'lr_reduce': 0.6}",TPESampler,COMPLETE
204,0.013348826207220554,2025-04-24 22:52:21.800022,2025-04-24 22:54:26.877099,0 days 00:02:05.077077,0.07102290074078228,240,1,3,96,0.23188685676166787,112,4,2,32,0.20630700193198892,32,1,4,96,0.09221085342510717,64,392.0,,2,2,0.0012219013968340125,0.6,/work3/arnaou/checkpoints/groupgat_Vc_trial_204_best_state.pt,"{'learning_rate': 0.0012219013968340125, 'lr_reduce': 0.6}",TPESampler,COMPLETE
205,0.02645626850426197,2025-04-24 22:53:33.807456,2025-04-24 22:55:05.264631,0 days 00:01:31.457175,0.01774373017754491,64,1,4,64,0.004851263932733354,208,3,2,64,0.14442879751932058,80,4,3,112,0.2910898965342517,400,392.0,,2,2,0.00822629413387293,0.6,/work3/arnaou/checkpoints/groupgat_Vc_trial_205_best_state.pt,"{'learning_rate': 0.00822629413387293, 'lr_reduce': 0.6}",TPESampler,COMPLETE
206,0.013457664288580418,2025-04-24 22:54:27.020135,2025-04-24 22:56:15.365438,0 days 00:01:48.345303,0.0245850425882466,176,3,2,48,0.09129424153310652,112,4,2,48,0.17240860575554728,48,1,3,96,0.2871855805499984,56,416.0,,2,1,0.0005376149151128473,0.6,/work3/arnaou/checkpoints/groupgat_Vc_trial_206_best_state.pt,"{'learning_rate': 0.0005376149151128473, 'lr_reduce': 0.6}",TPESampler,COMPLETE
207,0.013970517553389072,2025-04-24 22:54:38.479001,2025-04-24 22:56:16.627211,0 days 00:01:38.148210,0.06689618969197404,224,4,2,64,0.07716893670366134,176,3,3,32,0.14370133036738192,112,4,3,64,0.1629225270129214,48,440.0,,2,2,0.003013239521338584,0.6,/work3/arnaou/checkpoints/groupgat_Vc_trial_207_best_state.pt,"{'learning_rate': 0.003013239521338584, 'lr_reduce': 0.6}",TPESampler,COMPLETE
208,0.00838102214038372,2025-04-24 22:55:05.457311,2025-04-24 22:56:20.263153,0 days 00:01:14.805842,0.01587525023617954,208,4,3,64,0.14969608425127018,128,4,1,32,0.22264142573037746,32,1,2,80,0.22413076646523739,216,448.0,264.0,3,2,0.003189396091862731,0.6,/work3/arnaou/checkpoints/groupgat_Vc_trial_208_best_state.pt,"{'learning_rate': 0.003189396091862731, 'lr_reduce': 0.6}",TPESampler,COMPLETE
209,0.11103113740682602,2025-04-24 22:56:15.532888,2025-04-24 22:58:24.441347,0 days 00:02:08.908459,0.17804414970101307,128,4,4,48,0.16976514911468826,64,3,1,128,0.18734789022750634,128,2,4,32,0.26613661498897156,104,392.0,456.0,3,1,0.0004128324932709861,0.6,/work3/arnaou/checkpoints/groupgat_Vc_trial_209_best_state.pt,"{'learning_rate': 0.0004128324932709861, 'lr_reduce': 0.6}",TPESampler,COMPLETE
210,0.015579917468130589,2025-04-24 22:56:16.820971,2025-04-24 22:58:23.961728,0 days 00:02:07.140757,0.17243854692419155,176,1,3,32,0.0014470782620211351,176,2,3,64,0.2536088918481359,96,4,4,96,0.17680645885394478,168,512.0,176.0,3,2,0.009608841014051982,0.6,/work3/arnaou/checkpoints/groupgat_Vc_trial_210_best_state.pt,"{'learning_rate': 0.009608841014051982, 'lr_reduce': 0.6}",TPESampler,COMPLETE
211,0.013978655450046062,2025-04-24 22:56:20.557837,2025-04-24 22:58:54.750750,0 days 00:02:34.192913,0.07531610473335998,240,4,3,64,0.1245354918250317,160,4,2,48,0.1929047464258994,48,1,2,96,0.28378626110650873,272,424.0,280.0,3,2,0.0006879676446034885,0.6,/work3/arnaou/checkpoints/groupgat_Vc_trial_211_best_state.pt,"{'learning_rate': 0.0006879676446034885, 'lr_reduce': 0.6}",TPESampler,COMPLETE
212,0.009583977051079273,2025-04-24 22:58:24.241563,2025-04-24 23:00:14.660529,0 days 00:01:50.418966,0.04263551776689396,208,4,4,48,0.15875709228121954,144,3,1,32,0.18023411118139943,48,1,2,64,0.18399016176907326,320,448.0,288.0,3,2,0.00480241177697385,0.6,/work3/arnaou/checkpoints/groupgat_Vc_trial_212_best_state.pt,"{'learning_rate': 0.00480241177697385, 'lr_reduce': 0.6}",TPESampler,COMPLETE
213,0.018039513379335403,2025-04-24 22:58:24.617117,2025-04-24 22:59:29.733000,0 days 00:01:05.115883,0.012864928692896545,176,4,3,64,0.07466030615261283,80,3,1,64,0.24601277053637133,32,1,1,80,0.2557180079297934,112,456.0,280.0,3,2,0.0025788966476895164,0.6,/work3/arnaou/checkpoints/groupgat_Vc_trial_213_best_state.pt,"{'learning_rate': 0.0025788966476895164, 'lr_reduce': 0.6}",TPESampler,COMPLETE
