number,value,datetime_start,datetime_complete,duration,params_L1_dropout,params_L1_hidden_dim,params_L1_layers_atom,params_L1_layers_mol,params_L1_out_dim,params_L2_dropout,params_L2_hidden_dim,params_L2_layers_atom,params_L2_layers_mol,params_L2_out_dim,params_L3_dropout,params_L3_hidden_dim,params_L3_layers_atom,params_L3_layers_mol,params_L3_out_dim,params_final_dropout,params_mlp_dim_0,params_mlp_dim_1,params_mlp_dim_2,params_n_mlp_layers,params_num_heads,params_train_learning_rate,params_train_lr_reduce,user_attrs_best_state_dict_path,user_attrs_training_params,system_attrs_auto:sampler,state
1752,0.015941891819238663,2025-04-26 02:13:25.214093,2025-04-26 02:15:18.041910,0 days 00:01:52.827817,0.08150564911432434,208,3,4,80,0.005970603300064522,128,3,4,48,0.26207471575688224,80,1,3,64,0.26286435124706586,120,,,1,1,0.0039397649048913555,0.6,/work3/arnaou/checkpoints/groupgat_Vc_trial_1752_best_state.pt,"{'learning_rate': 0.0039397649048913555, 'lr_reduce': 0.6}",TPESampler,COMPLETE
1753,0.016116773709654808,2025-04-26 02:13:42.606390,2025-04-26 02:14:43.867573,0 days 00:01:01.261183,0.007652659916789274,176,3,2,64,0.1290061340637417,96,3,2,32,0.27940505543868777,80,1,4,80,0.28438091002652544,184,,,1,1,0.004395956020831394,0.6,/work3/arnaou/checkpoints/groupgat_Vc_trial_1753_best_state.pt,"{'learning_rate': 0.004395956020831394, 'lr_reduce': 0.6}",TPESampler,COMPLETE
1754,0.010748516768217087,2025-04-26 02:13:50.552723,2025-04-26 02:15:40.744676,0 days 00:01:50.191953,0.09362240125673973,256,4,3,64,0.18966600882716875,224,2,4,48,0.07952885191766337,32,2,1,64,0.27991822249385945,352,408.0,336.0,3,2,0.00621341782115044,0.6,/work3/arnaou/checkpoints/groupgat_Vc_trial_1754_best_state.pt,"{'learning_rate': 0.00621341782115044, 'lr_reduce': 0.6}",TPESampler,COMPLETE
1755,0.019401710480451584,2025-04-26 02:14:44.755092,2025-04-26 02:16:10.657503,0 days 00:01:25.902411,0.23951021683853507,96,2,4,48,0.05101100177950482,224,3,3,64,0.11493837793247447,64,2,1,80,0.15006008308541224,512,208.0,192.0,3,1,0.00478000621636911,0.6,/work3/arnaou/checkpoints/groupgat_Vc_trial_1755_best_state.pt,"{'learning_rate': 0.00478000621636911, 'lr_reduce': 0.6}",TPESampler,COMPLETE
1756,0.015597343444824219,2025-04-26 02:15:18.415367,2025-04-26 02:16:39.601675,0 days 00:01:21.186308,0.044897743922041364,208,3,1,128,0.1061435766118011,144,2,3,48,0.04315252377676518,64,4,1,48,0.008799856428713865,88,,,1,2,0.0029539266564678527,0.6,/work3/arnaou/checkpoints/groupgat_Vc_trial_1756_best_state.pt,"{'learning_rate': 0.0029539266564678527, 'lr_reduce': 0.6}",TPESampler,COMPLETE
1757,0.014241463504731655,2025-04-26 02:15:41.110761,2025-04-26 02:16:38.986433,0 days 00:00:57.875672,1.124329555807907e-05,224,4,3,80,0.11832616450534475,128,4,1,32,0.15775743291322658,64,1,2,64,0.1393246243271782,144,440.0,288.0,3,2,0.004401860089258683,0.6,/work3/arnaou/checkpoints/groupgat_Vc_trial_1757_best_state.pt,"{'learning_rate': 0.004401860089258683, 'lr_reduce': 0.6}",TPESampler,COMPLETE
1758,0.012449204921722412,2025-04-26 02:16:10.943525,2025-04-26 02:17:02.542690,0 days 00:00:51.599165,0.038575448190161496,224,3,4,96,0.11720383807486559,192,1,3,32,0.007829109219622118,80,2,3,80,0.26806407517023395,224,376.0,,2,2,0.0018048421545920111,0.6,/work3/arnaou/checkpoints/groupgat_Vc_trial_1758_best_state.pt,"{'learning_rate': 0.0018048421545920111, 'lr_reduce': 0.6}",TPESampler,COMPLETE
1759,0.01789082959294319,2025-04-26 02:16:39.308478,2025-04-26 02:17:48.955217,0 days 00:01:09.646739,0.1105890538395026,192,3,1,48,0.01901090724888605,128,2,2,48,0.15878933808838475,80,1,4,96,0.11511517299648374,288,320.0,232.0,3,2,0.007866311877056501,0.6,/work3/arnaou/checkpoints/groupgat_Vc_trial_1759_best_state.pt,"{'learning_rate': 0.007866311877056501, 'lr_reduce': 0.6}",TPESampler,COMPLETE
1760,0.009725309908390045,2025-04-26 02:16:39.959258,2025-04-26 02:17:44.645708,0 days 00:01:04.686450,0.037610110626493214,208,2,2,96,0.12804178085740345,128,4,2,112,0.1469335565984705,32,2,2,128,0.12789108539604477,224,408.0,424.0,3,2,0.0038785340335273344,0.6,/work3/arnaou/checkpoints/groupgat_Vc_trial_1760_best_state.pt,"{'learning_rate': 0.0038785340335273344, 'lr_reduce': 0.6}",TPESampler,COMPLETE
1761,0.016945596784353256,2025-04-26 02:17:02.894828,2025-04-26 02:18:31.166489,0 days 00:01:28.271661,0.0595128823993914,256,4,3,96,0.1382867602627424,256,1,2,32,0.15003696851586826,32,3,3,128,0.28020831780060274,328,472.0,,2,2,0.0029570677133013996,0.6,/work3/arnaou/checkpoints/groupgat_Vc_trial_1761_best_state.pt,"{'learning_rate': 0.0029570677133013996, 'lr_reduce': 0.6}",TPESampler,COMPLETE
1762,0.01055342797189951,2025-04-26 02:17:44.990998,2025-04-26 02:18:45.240415,0 days 00:01:00.249417,0.02862053773396923,144,2,2,80,0.1281977290111591,80,4,1,96,0.1606387136050831,80,2,1,112,0.09311472873189512,200,256.0,136.0,3,2,0.003048392409958006,0.6,/work3/arnaou/checkpoints/groupgat_Vc_trial_1762_best_state.pt,"{'learning_rate': 0.003048392409958006, 'lr_reduce': 0.6}",TPESampler,COMPLETE
1763,0.010940752923488617,2025-04-26 02:17:49.333615,2025-04-26 02:18:47.163842,0 days 00:00:57.830227,0.10998740279502543,224,4,4,80,0.11960063249718245,96,2,1,80,0.2549179628989253,80,1,2,64,0.24484949486953675,88,144.0,336.0,3,2,0.0043753356294012604,0.6,/work3/arnaou/checkpoints/groupgat_Vc_trial_1763_best_state.pt,"{'learning_rate': 0.0043753356294012604, 'lr_reduce': 0.6}",TPESampler,COMPLETE
1764,0.015548549592494965,2025-04-26 02:18:31.432767,2025-04-26 02:19:54.672289,0 days 00:01:23.239522,0.01651505770738096,176,3,4,80,0.0674970013959323,224,2,3,32,0.1107461555582997,64,2,3,64,0.1301547474519801,344,360.0,,2,2,0.005305463662574099,0.6,/work3/arnaou/checkpoints/groupgat_Vc_trial_1764_best_state.pt,"{'learning_rate': 0.005305463662574099, 'lr_reduce': 0.6}",TPESampler,COMPLETE
1765,0.02612224780023098,2025-04-26 02:18:45.628370,2025-04-26 02:20:21.232599,0 days 00:01:35.604229,0.05012096821732803,224,4,4,96,0.033797547426183266,96,3,4,80,0.2423760664650843,96,1,3,32,0.25871693358540154,200,480.0,,2,2,0.008601485147774392,0.6,/work3/arnaou/checkpoints/groupgat_Vc_trial_1765_best_state.pt,"{'learning_rate': 0.008601485147774392, 'lr_reduce': 0.6}",TPESampler,COMPLETE
1766,0.018294915556907654,2025-04-26 02:18:47.481097,2025-04-26 02:20:15.349516,0 days 00:01:27.868419,0.10727939212395082,256,4,4,64,0.04079250143354854,96,3,2,48,0.24932763399415855,48,3,4,128,0.16386876412314494,264,424.0,,2,2,0.008532567610310706,0.6,/work3/arnaou/checkpoints/groupgat_Vc_trial_1766_best_state.pt,"{'learning_rate': 0.008532567610310706, 'lr_reduce': 0.6}",TPESampler,COMPLETE
1767,0.04601479321718216,2025-04-26 02:19:54.901517,2025-04-26 02:21:17.219159,0 days 00:01:22.317642,0.17707111966078395,64,4,2,96,0.2353562754692638,144,2,1,128,0.18902928574769853,48,3,3,112,0.16475721069997545,336,512.0,280.0,3,1,0.00029708033310997756,0.6,/work3/arnaou/checkpoints/groupgat_Vc_trial_1767_best_state.pt,"{'learning_rate': 0.00029708033310997756, 'lr_reduce': 0.6}",TPESampler,COMPLETE
1768,0.012275679036974907,2025-04-26 02:20:15.871801,2025-04-26 02:22:19.805113,0 days 00:02:03.933312,0.004115586728681481,112,2,2,80,0.019781112065663964,240,2,1,96,0.12978190236156031,64,2,2,48,0.015590130006294417,336,336.0,,2,2,0.0002501894639991551,0.6,/work3/arnaou/checkpoints/groupgat_Vc_trial_1768_best_state.pt,"{'learning_rate': 0.0002501894639991551, 'lr_reduce': 0.6}",TPESampler,COMPLETE
1769,0.012615259736776352,2025-04-26 02:20:21.561577,2025-04-26 02:21:32.806162,0 days 00:01:11.244585,0.012556660370531384,224,3,4,96,0.13476832326080573,64,2,2,32,0.2649161083303834,96,1,3,48,0.2297003941740511,184,400.0,376.0,3,2,0.0037984108249567326,0.6,/work3/arnaou/checkpoints/groupgat_Vc_trial_1769_best_state.pt,"{'learning_rate': 0.0037984108249567326, 'lr_reduce': 0.6}",TPESampler,COMPLETE
1770,0.0091899074614048,2025-04-26 02:21:17.569818,2025-04-26 02:22:07.107443,0 days 00:00:49.537625,0.10452049428019121,176,1,2,64,0.21060805329492388,160,2,1,112,0.25280560284681586,32,3,3,112,0.04501035138500423,296,288.0,192.0,3,2,0.001916888845507879,0.6,/work3/arnaou/checkpoints/groupgat_Vc_trial_1770_best_state.pt,"{'learning_rate': 0.001916888845507879, 'lr_reduce': 0.6}",TPESampler,COMPLETE
1771,0.014457648620009422,2025-04-26 02:21:33.137552,2025-04-26 02:24:25.965962,0 days 00:02:52.828410,0.0014565441577775139,224,1,1,112,0.10790621779530281,128,4,1,96,0.16810197315198644,48,2,2,128,0.023129781358003296,336,440.0,248.0,3,2,0.0007818350045520198,0.6,/work3/arnaou/checkpoints/groupgat_Vc_trial_1771_best_state.pt,"{'learning_rate': 0.0007818350045520198, 'lr_reduce': 0.6}",TPESampler,COMPLETE
1772,0.010421856306493282,2025-04-26 02:22:07.470171,2025-04-26 02:22:56.670374,0 days 00:00:49.200203,0.09000242209058476,240,4,4,48,0.13017514173538788,224,2,3,48,0.10850411599097898,32,1,2,112,0.28911500486944625,320,376.0,328.0,3,1,0.0014270877039000303,0.6,/work3/arnaou/checkpoints/groupgat_Vc_trial_1772_best_state.pt,"{'learning_rate': 0.0014270877039000303, 'lr_reduce': 0.6}",TPESampler,COMPLETE
1773,0.01651853136718273,2025-04-26 02:22:20.140111,2025-04-26 02:23:04.943632,0 days 00:00:44.803521,0.0974068008305204,256,1,2,64,0.17301896445176226,64,3,2,96,0.16120711090367892,32,2,3,80,0.10863331222517913,400,448.0,296.0,3,2,0.001733471646965876,0.6,/work3/arnaou/checkpoints/groupgat_Vc_trial_1773_best_state.pt,"{'learning_rate': 0.001733471646965876, 'lr_reduce': 0.6}",TPESampler,COMPLETE
1774,0.009033177979290485,2025-04-26 02:22:56.983742,2025-04-26 02:24:14.686603,0 days 00:01:17.702861,0.032239053110042125,96,4,4,64,0.013208980076423966,112,4,1,112,0.2195142010631098,32,1,4,80,0.26559049449389416,40,400.0,,2,2,0.007831796465720095,0.6,/work3/arnaou/checkpoints/groupgat_Vc_trial_1774_best_state.pt,"{'learning_rate': 0.007831796465720095, 'lr_reduce': 0.6}",TPESampler,COMPLETE
1775,0.011877771466970444,2025-04-26 02:23:05.250044,2025-04-26 02:24:48.300261,0 days 00:01:43.050217,0.027777240485549318,240,4,4,80,0.09139221262637817,256,2,2,48,0.12999083758301042,48,2,3,80,0.26873525528145586,72,208.0,160.0,3,2,0.008623588784267333,0.6,/work3/arnaou/checkpoints/groupgat_Vc_trial_1775_best_state.pt,"{'learning_rate': 0.008623588784267333, 'lr_reduce': 0.6}",TPESampler,COMPLETE
1776,0.011080479249358177,2025-04-26 02:24:14.970185,2025-04-26 02:25:18.487514,0 days 00:01:03.517329,0.0647070114907904,64,4,4,80,0.029717618969778058,96,4,2,96,0.25590158071626645,48,1,4,80,0.1754416248196436,56,,,1,1,0.007322015336364217,0.6,/work3/arnaou/checkpoints/groupgat_Vc_trial_1776_best_state.pt,"{'learning_rate': 0.007322015336364217, 'lr_reduce': 0.6}",TPESampler,COMPLETE
1777,0.012773659080266953,2025-04-26 02:24:26.488300,2025-04-26 02:26:01.849942,0 days 00:01:35.361642,0.13525591688922486,240,3,4,128,0.009323098119257866,80,2,3,64,0.26102668683595187,112,2,2,80,0.22624325267203965,192,376.0,,2,2,0.004547655375452282,0.6,/work3/arnaou/checkpoints/groupgat_Vc_trial_1777_best_state.pt,"{'learning_rate': 0.004547655375452282, 'lr_reduce': 0.6}",TPESampler,COMPLETE
1778,0.01605587638914585,2025-04-26 02:24:48.747741,2025-04-26 02:25:49.073362,0 days 00:01:00.325621,0.012935104483677788,112,3,3,80,0.021071215225541,144,4,1,80,0.20452158452559954,48,1,3,80,0.2909579079160615,32,384.0,,2,2,0.0032369206495336256,0.6,/work3/arnaou/checkpoints/groupgat_Vc_trial_1778_best_state.pt,"{'learning_rate': 0.0032369206495336256, 'lr_reduce': 0.6}",TPESampler,COMPLETE
1779,0.010350639931857586,2025-04-26 02:25:18.801135,2025-04-26 02:26:40.893922,0 days 00:01:22.092787,0.04909722093835108,240,2,2,64,0.05581986619491676,96,4,2,128,0.06994326101372579,80,1,1,112,0.1356693067437683,376,368.0,64.0,3,2,0.006844367768814577,0.6,/work3/arnaou/checkpoints/groupgat_Vc_trial_1779_best_state.pt,"{'learning_rate': 0.006844367768814577, 'lr_reduce': 0.6}",TPESampler,COMPLETE
1780,0.10362785309553146,2025-04-26 02:25:49.473434,2025-04-26 02:27:13.516740,0 days 00:01:24.043306,0.1776765580590446,112,1,2,32,0.25892169460436465,64,1,4,112,0.25066584656697816,128,4,3,128,0.2408174551998699,56,,,1,1,0.0005033165616942161,0.6,/work3/arnaou/checkpoints/groupgat_Vc_trial_1780_best_state.pt,"{'learning_rate': 0.0005033165616942161, 'lr_reduce': 0.6}",TPESampler,COMPLETE
1781,0.009907186962664127,2025-04-26 02:26:02.228110,2025-04-26 02:27:17.462029,0 days 00:01:15.233919,0.08081120348988091,160,4,4,80,0.02334548583308036,96,3,2,112,0.17733058810010266,32,1,4,64,0.27383128515548844,224,392.0,,2,2,0.00556507983545569,0.6,/work3/arnaou/checkpoints/groupgat_Vc_trial_1781_best_state.pt,"{'learning_rate': 0.00556507983545569, 'lr_reduce': 0.6}",TPESampler,COMPLETE
1782,0.015612690709531307,2025-04-26 02:26:41.215094,2025-04-26 02:28:01.220828,0 days 00:01:20.005734,0.13673257749530804,80,1,1,32,0.02325398800603104,256,3,3,64,0.08350386238526836,48,4,3,48,0.12462395466564516,432,,,1,2,0.0020493712301416665,0.6,/work3/arnaou/checkpoints/groupgat_Vc_trial_1782_best_state.pt,"{'learning_rate': 0.0020493712301416665, 'lr_reduce': 0.6}",TPESampler,COMPLETE
1783,0.011450428515672684,2025-04-26 02:27:13.841593,2025-04-26 02:28:28.161188,0 days 00:01:14.319595,0.07345444296694237,128,4,3,96,0.006919786895830681,64,4,1,112,0.2428860243193285,32,1,4,80,0.1783233171591011,56,352.0,,2,2,0.009492230855209406,0.6,/work3/arnaou/checkpoints/groupgat_Vc_trial_1783_best_state.pt,"{'learning_rate': 0.009492230855209406, 'lr_reduce': 0.6}",TPESampler,COMPLETE
1784,0.01434699259698391,2025-04-26 02:27:17.745668,2025-04-26 02:29:08.757702,0 days 00:01:51.012034,0.0591025731843568,64,4,3,32,0.013550473035272756,128,4,1,96,0.18737920984670206,48,1,4,48,0.20189519406863304,112,,,1,2,0.0031272117891438488,0.6,/work3/arnaou/checkpoints/groupgat_Vc_trial_1784_best_state.pt,"{'learning_rate': 0.0031272117891438488, 'lr_reduce': 0.6}",TPESampler,COMPLETE
1785,0.01500015053898096,2025-04-26 02:28:01.527681,2025-04-26 02:29:28.257773,0 days 00:01:26.730092,0.13192214136499775,96,3,4,80,0.03540019821681048,128,4,1,112,0.22997211436072068,32,1,4,64,0.20528383733825722,120,400.0,,2,2,0.005401616358016219,0.6,/work3/arnaou/checkpoints/groupgat_Vc_trial_1785_best_state.pt,"{'learning_rate': 0.005401616358016219, 'lr_reduce': 0.6}",TPESampler,COMPLETE
1786,0.011427524499595165,2025-04-26 02:28:28.538366,2025-04-26 02:29:31.747895,0 days 00:01:03.209529,0.05953028722472199,144,2,2,48,0.019650147166147644,144,2,1,48,0.17239343315157246,64,1,2,64,0.030818021010204782,104,384.0,216.0,3,2,0.009591228572859715,0.6,/work3/arnaou/checkpoints/groupgat_Vc_trial_1786_best_state.pt,"{'learning_rate': 0.009591228572859715, 'lr_reduce': 0.6}",TPESampler,COMPLETE
1787,0.011192542500793934,2025-04-26 02:29:09.105693,2025-04-26 02:30:32.057198,0 days 00:01:22.951505,0.02375312503707607,192,4,3,80,0.07760388149223658,64,4,3,48,0.2795670606419229,96,1,3,48,0.25365362556090637,368,336.0,,2,2,0.005271109826045283,0.6,/work3/arnaou/checkpoints/groupgat_Vc_trial_1787_best_state.pt,"{'learning_rate': 0.005271109826045283, 'lr_reduce': 0.6}",TPESampler,COMPLETE
1788,0.017896311357617378,2025-04-26 02:29:28.625602,2025-04-26 02:30:36.786519,0 days 00:01:08.160917,0.002103345098363702,64,3,4,80,0.13804946868740264,96,4,1,128,0.24646461369628442,32,1,4,64,0.2941983815622501,104,,,1,2,0.008386376871076181,0.6,/work3/arnaou/checkpoints/groupgat_Vc_trial_1788_best_state.pt,"{'learning_rate': 0.008386376871076181, 'lr_reduce': 0.6}",TPESampler,COMPLETE
1789,0.107631616294384,2025-04-26 02:29:32.041093,2025-04-26 02:30:05.895969,0 days 00:00:33.854876,0.08999270188494334,160,2,3,64,0.015626951395563,64,3,2,80,0.166508479034701,96,1,3,48,0.22084547705739638,128,400.0,,2,2,0.0016292264053319049,0.6,/work3/arnaou/checkpoints/groupgat_Vc_trial_1789_best_state.pt,"{'learning_rate': 0.0016292264053319049, 'lr_reduce': 0.6}",TPESampler,COMPLETE
1790,0.012489601038396358,2025-04-26 02:30:06.217983,2025-04-26 02:31:05.831751,0 days 00:00:59.613768,0.021262090033607555,176,4,4,80,0.021929669351701486,112,3,3,96,0.29091268414343024,128,1,3,64,0.2553158548690693,96,344.0,120.0,3,2,0.002873142982870642,0.6,/work3/arnaou/checkpoints/groupgat_Vc_trial_1790_best_state.pt,"{'learning_rate': 0.002873142982870642, 'lr_reduce': 0.6}",TPESampler,COMPLETE
1791,0.012414878234267235,2025-04-26 02:30:32.358911,2025-04-26 02:31:27.152600,0 days 00:00:54.793689,0.009086447108143648,128,3,4,64,0.022569246380577952,96,4,1,128,0.24014414555684738,32,2,4,80,0.2516541215704403,88,408.0,,2,1,0.0056600340432330625,0.6,/work3/arnaou/checkpoints/groupgat_Vc_trial_1791_best_state.pt,"{'learning_rate': 0.0056600340432330625, 'lr_reduce': 0.6}",TPESampler,COMPLETE
1792,0.014814886264503002,2025-04-26 02:30:37.195368,2025-04-26 02:31:51.265962,0 days 00:01:14.070594,0.12236479848633373,192,2,1,48,0.04003407892586767,80,2,1,32,0.22570206409399501,80,1,4,128,0.05188267144176059,80,408.0,184.0,3,2,0.009629778594693696,0.6,/work3/arnaou/checkpoints/groupgat_Vc_trial_1792_best_state.pt,"{'learning_rate': 0.009629778594693696, 'lr_reduce': 0.6}",TPESampler,COMPLETE
1793,0.017323892563581467,2025-04-26 02:31:06.188998,2025-04-26 02:31:59.113061,0 days 00:00:52.924063,0.0822430948731654,80,4,4,48,0.005830350120850866,144,4,1,128,0.10851558213226753,32,1,4,80,0.24196116343034008,80,,,1,1,0.0021877646613224886,0.6,/work3/arnaou/checkpoints/groupgat_Vc_trial_1793_best_state.pt,"{'learning_rate': 0.0021877646613224886, 'lr_reduce': 0.6}",TPESampler,COMPLETE
1794,0.012506666593253613,2025-04-26 02:31:27.515052,2025-04-26 02:32:43.588937,0 days 00:01:16.073885,0.04465940484253637,80,4,4,48,0.051357329862369475,96,4,1,112,0.2301000213263083,32,1,3,32,0.23037853580937567,56,360.0,,2,2,0.0074899977107593515,0.6,/work3/arnaou/checkpoints/groupgat_Vc_trial_1794_best_state.pt,"{'learning_rate': 0.0074899977107593515, 'lr_reduce': 0.6}",TPESampler,COMPLETE
1795,0.019175736233592033,2025-04-26 02:31:51.686595,2025-04-26 02:32:38.225178,0 days 00:00:46.538583,0.0320527080412768,240,4,4,80,0.14683360519649966,80,2,2,64,0.2908715520602301,96,1,3,64,0.11636727995295597,48,408.0,232.0,3,2,0.002201882603645114,0.6,/work3/arnaou/checkpoints/groupgat_Vc_trial_1795_best_state.pt,"{'learning_rate': 0.002201882603645114, 'lr_reduce': 0.6}",TPESampler,COMPLETE
1796,0.012848067097365856,2025-04-26 02:31:59.466718,2025-04-26 02:33:31.663930,0 days 00:01:32.197212,0.002316352650062893,176,2,1,96,0.19819752609686814,112,2,2,80,0.24113014870449845,80,2,2,112,0.10412713823651017,264,320.0,,2,2,0.006645070885126983,0.6,/work3/arnaou/checkpoints/groupgat_Vc_trial_1796_best_state.pt,"{'learning_rate': 0.006645070885126983, 'lr_reduce': 0.6}",TPESampler,COMPLETE
1797,0.014648201875388622,2025-04-26 02:32:38.500889,2025-04-26 02:33:31.275722,0 days 00:00:52.774833,0.013500088413937187,256,4,4,32,0.11529322172550469,240,3,4,32,0.09003193506085613,48,2,2,64,0.21589132489767782,392,376.0,224.0,3,1,0.003967313962927959,0.6,/work3/arnaou/checkpoints/groupgat_Vc_trial_1797_best_state.pt,"{'learning_rate': 0.003967313962927959, 'lr_reduce': 0.6}",TPESampler,COMPLETE
1798,0.06128248572349548,2025-04-26 02:32:43.963992,2025-04-26 02:34:07.266656,0 days 00:01:23.302664,0.2957565310988103,240,4,1,48,0.2608239116764373,192,4,1,112,0.08113986555008879,96,3,3,80,0.23489938087645995,424,408.0,,2,1,0.00027163170449436285,0.6,/work3/arnaou/checkpoints/groupgat_Vc_trial_1798_best_state.pt,"{'learning_rate': 0.00027163170449436285, 'lr_reduce': 0.6}",TPESampler,COMPLETE
1799,0.011936645954847336,2025-04-26 02:33:31.557616,2025-04-26 02:35:47.748515,0 days 00:02:16.190899,0.06847994423361506,128,4,4,96,0.0800873633460766,112,4,1,96,0.22842730686703433,32,1,4,96,0.28796006130935325,32,344.0,,2,2,0.0032358782166193806,0.6,/work3/arnaou/checkpoints/groupgat_Vc_trial_1799_best_state.pt,"{'learning_rate': 0.0032358782166193806, 'lr_reduce': 0.6}",TPESampler,COMPLETE
1800,0.03342055529356003,2025-04-26 02:33:32.110609,2025-04-26 02:35:15.002260,0 days 00:01:42.891651,0.16281420879834954,256,1,2,128,0.11204507262434249,128,1,3,128,0.16760930493663717,96,2,1,96,0.1967023325267949,32,416.0,,2,1,0.00011734845719286469,0.6,/work3/arnaou/checkpoints/groupgat_Vc_trial_1800_best_state.pt,"{'learning_rate': 0.00011734845719286469, 'lr_reduce': 0.6}",TPESampler,COMPLETE
1801,0.01640569046139717,2025-04-26 02:34:07.614753,2025-04-26 02:35:27.388334,0 days 00:01:19.773581,0.05118261723317384,208,4,2,48,0.01961849619728718,80,3,1,32,0.13460843289322305,112,1,3,128,0.11640439708445333,136,296.0,160.0,3,2,0.007429944627487728,0.6,/work3/arnaou/checkpoints/groupgat_Vc_trial_1801_best_state.pt,"{'learning_rate': 0.007429944627487728, 'lr_reduce': 0.6}",TPESampler,COMPLETE
1802,0.011938665062189102,2025-04-26 02:35:15.301922,2025-04-26 02:36:15.024205,0 days 00:00:59.722283,0.035010373339042625,160,3,4,80,0.00489736403547468,96,4,1,80,0.24634810572639718,32,3,4,48,0.2126808216057861,40,96.0,,2,2,0.004157599979010972,0.6,/work3/arnaou/checkpoints/groupgat_Vc_trial_1802_best_state.pt,"{'learning_rate': 0.004157599979010972, 'lr_reduce': 0.6}",TPESampler,COMPLETE
1803,0.015062381513416767,2025-04-26 02:35:27.787241,2025-04-26 02:37:56.051883,0 days 00:02:28.264642,0.0036712082937615242,176,4,4,128,0.05792627535278146,224,1,2,32,0.02217325777049737,48,3,3,96,0.28043687993660904,352,,,1,2,0.0031563585378117935,0.6,/work3/arnaou/checkpoints/groupgat_Vc_trial_1803_best_state.pt,"{'learning_rate': 0.0031563585378117935, 'lr_reduce': 0.6}",TPESampler,COMPLETE
1804,0.011855440214276314,2025-04-26 02:35:47.988097,2025-04-26 02:37:32.544621,0 days 00:01:44.556524,0.05634947047283607,192,4,4,80,0.07093921872491854,256,2,3,80,0.09404454149953698,80,2,4,96,0.2944441459527854,192,368.0,,2,2,0.00033274985701396367,0.6,/work3/arnaou/checkpoints/groupgat_Vc_trial_1804_best_state.pt,"{'learning_rate': 0.00033274985701396367, 'lr_reduce': 0.6}",TPESampler,COMPLETE
