number,value,datetime_start,datetime_complete,duration,params_L1_dropout,params_L1_hidden_dim,params_L1_layers_atom,params_L1_layers_mol,params_L1_out_dim,params_L2_dropout,params_L2_hidden_dim,params_L2_layers_atom,params_L2_layers_mol,params_L2_out_dim,params_L3_dropout,params_L3_hidden_dim,params_L3_layers_atom,params_L3_layers_mol,params_L3_out_dim,params_final_dropout,params_mlp_dim_0,params_mlp_dim_1,params_mlp_dim_2,params_n_mlp_layers,params_num_heads,params_train_learning_rate,params_train_lr_reduce,user_attrs_best_state_dict_path,user_attrs_training_params,system_attrs_auto:sampler,state
320,0.08384822309017181,2025-04-24 23:56:33.165733,2025-04-24 23:57:25.526983,0 days 00:00:52.361250,0.014426486365638348,144,2,3,80,0.2416297540631016,64,4,3,112,0.20987295642113218,32,1,2,48,0.220642094492874,152,,,1,2,0.0019503730436006416,0.6,/work3/arnaou/checkpoints/groupgat_Vc_trial_320_best_state.pt,"{'learning_rate': 0.0019503730436006416, 'lr_reduce': 0.6}",TPESampler,COMPLETE
321,0.015969987958669662,2025-04-24 23:57:25.706770,2025-04-24 23:58:27.952182,0 days 00:01:02.245412,0.055649118342411444,176,4,3,64,0.11245959695239338,128,4,1,32,0.2034466913721085,64,1,2,64,0.27125076132357123,200,400.0,272.0,3,1,0.007056559125128549,0.6,/work3/arnaou/checkpoints/groupgat_Vc_trial_321_best_state.pt,"{'learning_rate': 0.007056559125128549, 'lr_reduce': 0.6}",TPESampler,COMPLETE
322,0.010820501483976841,2025-04-24 23:57:26.254763,2025-04-25 00:00:02.138643,0 days 00:02:35.883880,0.03801550477292038,176,3,3,80,0.07446557027411232,96,3,3,48,0.26235338646717066,80,4,4,80,0.1464600529229343,288,,,1,2,0.005898123570115191,0.6,/work3/arnaou/checkpoints/groupgat_Vc_trial_322_best_state.pt,"{'learning_rate': 0.005898123570115191, 'lr_reduce': 0.6}",TPESampler,COMPLETE
323,0.014234445057809353,2025-04-24 23:57:40.555215,2025-04-25 00:00:36.088664,0 days 00:02:55.533449,0.031372156173229186,208,2,4,80,0.020270490428734893,112,3,3,64,0.27943807178251356,48,2,4,64,0.21551744208197676,208,,,1,2,0.009021120590124145,0.6,/work3/arnaou/checkpoints/groupgat_Vc_trial_323_best_state.pt,"{'learning_rate': 0.009021120590124145, 'lr_reduce': 0.6}",TPESampler,COMPLETE
324,0.015456522814929485,2025-04-24 23:58:37.581912,2025-04-25 00:00:09.377318,0 days 00:01:31.795406,0.033522332678313074,128,4,2,96,0.04928481425113719,176,3,1,48,0.2829073667580453,80,1,2,112,0.03438887096844862,136,432.0,,2,2,0.002741735749260421,0.6,/work3/arnaou/checkpoints/groupgat_Vc_trial_324_best_state.pt,"{'learning_rate': 0.002741735749260421, 'lr_reduce': 0.6}",TPESampler,COMPLETE
325,0.01100113708525896,2025-04-25 00:00:02.406696,2025-04-25 00:01:18.142265,0 days 00:01:15.735569,0.055554600845723,224,2,4,64,0.01041615166494337,160,3,3,48,0.20905401835235515,96,3,4,48,0.20506103975279297,320,352.0,464.0,3,2,0.0040755577947007675,0.6,/work3/arnaou/checkpoints/groupgat_Vc_trial_325_best_state.pt,"{'learning_rate': 0.0040755577947007675, 'lr_reduce': 0.6}",TPESampler,COMPLETE
326,0.014890816994011402,2025-04-25 00:00:09.575844,2025-04-25 00:01:48.354923,0 days 00:01:38.779079,0.11050508291322265,128,3,1,32,0.041761367697616084,80,4,2,80,0.21128366461802936,32,1,2,64,0.26628631177488366,136,,,1,2,0.002178970103016214,0.6,/work3/arnaou/checkpoints/groupgat_Vc_trial_326_best_state.pt,"{'learning_rate': 0.002178970103016214, 'lr_reduce': 0.6}",TPESampler,COMPLETE
327,0.7859087586402893,2025-04-25 00:00:36.358339,2025-04-25 00:01:17.250670,0 days 00:00:40.892331,0.12592415688207453,224,1,4,32,0.026787631319956116,176,2,3,64,0.2746660110928479,112,2,4,80,0.25483889354855466,288,424.0,,2,2,0.009783496295713663,0.6,/work3/arnaou/checkpoints/groupgat_Vc_trial_327_best_state.pt,"{'learning_rate': 0.009783496295713663, 'lr_reduce': 0.6}",TPESampler,COMPLETE
328,0.011358595453202724,2025-04-25 00:01:17.410808,2025-04-25 00:02:16.726905,0 days 00:00:59.316097,0.07222923278496354,224,3,4,32,0.04462877501641099,112,3,3,64,0.29188785304494874,96,3,4,48,0.22541917074079573,208,464.0,,2,2,0.0021280239668263717,0.6,/work3/arnaou/checkpoints/groupgat_Vc_trial_328_best_state.pt,"{'learning_rate': 0.0021280239668263717, 'lr_reduce': 0.6}",TPESampler,COMPLETE
329,0.011049973778426647,2025-04-25 00:01:18.338500,2025-04-25 00:02:59.469089,0 days 00:01:41.130589,0.12619833149463705,256,3,3,32,0.17660751143460474,96,3,1,64,0.29010694737153986,80,2,4,64,0.04265869002752446,224,512.0,,2,2,0.004919656672633061,0.6,/work3/arnaou/checkpoints/groupgat_Vc_trial_329_best_state.pt,"{'learning_rate': 0.004919656672633061, 'lr_reduce': 0.6}",TPESampler,COMPLETE
330,0.15552599728107452,2025-04-25 00:01:48.523018,2025-04-25 00:02:44.696814,0 days 00:00:56.173796,0.07096440196790052,256,3,1,64,0.21808729030311616,80,2,1,48,0.23076649906349328,48,2,4,128,0.03854096434483752,48,416.0,312.0,3,2,0.0006876201652433555,0.6,/work3/arnaou/checkpoints/groupgat_Vc_trial_330_best_state.pt,"{'learning_rate': 0.0006876201652433555, 'lr_reduce': 0.6}",TPESampler,COMPLETE
331,0.013065313920378685,2025-04-25 00:02:16.897345,2025-04-25 00:06:08.081090,0 days 00:03:51.183745,0.014594126219482117,112,2,3,64,0.1366506693805432,80,3,3,32,0.27807608246463905,112,2,2,112,0.2874315726206742,152,,,1,2,0.0018609820153468828,0.6,/work3/arnaou/checkpoints/groupgat_Vc_trial_331_best_state.pt,"{'learning_rate': 0.0018609820153468828, 'lr_reduce': 0.6}",TPESampler,COMPLETE
332,0.010295351035892963,2025-04-25 00:02:44.865496,2025-04-25 00:04:49.954657,0 days 00:02:05.089161,0.015163992572826811,192,3,2,96,0.011566097339389056,160,2,2,96,0.273264290242951,80,2,3,96,0.2441331613516341,272,456.0,,2,2,0.002827636052889152,0.6,/work3/arnaou/checkpoints/groupgat_Vc_trial_332_best_state.pt,"{'learning_rate': 0.002827636052889152, 'lr_reduce': 0.6}",TPESampler,COMPLETE
333,0.01328887790441513,2025-04-25 00:02:59.677862,2025-04-25 00:09:24.581925,0 days 00:06:24.904063,0.014097681752887788,160,3,2,80,0.021095565690309872,112,2,2,80,0.24312456826207104,128,4,2,80,0.2370474882648284,256,408.0,256.0,3,2,0.0003623895447946268,0.6,/work3/arnaou/checkpoints/groupgat_Vc_trial_333_best_state.pt,"{'learning_rate': 0.0003623895447946268, 'lr_reduce': 0.6}",TPESampler,COMPLETE
334,0.011659642681479454,2025-04-25 00:04:50.158998,2025-04-25 00:06:30.295194,0 days 00:01:40.136196,0.031112490249933667,208,3,2,32,0.25622314118668343,112,4,3,32,0.1297527655023172,48,1,2,96,0.28254524571879813,320,424.0,,2,2,0.002820313837550001,0.6,/work3/arnaou/checkpoints/groupgat_Vc_trial_334_best_state.pt,"{'learning_rate': 0.002820313837550001, 'lr_reduce': 0.6}",TPESampler,COMPLETE
335,0.011702962219715118,2025-04-25 00:06:08.312298,2025-04-25 00:08:07.127239,0 days 00:01:58.814941,0.07511286337181822,160,3,2,128,0.048785198026289466,160,3,1,128,0.28126523727316904,32,2,4,112,0.13946359581452977,208,440.0,,2,2,0.0026361413327395367,0.6,/work3/arnaou/checkpoints/groupgat_Vc_trial_335_best_state.pt,"{'learning_rate': 0.0026361413327395367, 'lr_reduce': 0.6}",TPESampler,COMPLETE
336,0.017398912459611893,2025-04-25 00:06:30.505256,2025-04-25 00:07:54.368697,0 days 00:01:23.863441,0.01150341225133241,144,4,2,128,0.039411724908376994,208,4,1,32,0.2846602014891668,64,2,3,128,0.09812306952766042,144,352.0,352.0,3,2,0.0025156541843953553,0.6,/work3/arnaou/checkpoints/groupgat_Vc_trial_336_best_state.pt,"{'learning_rate': 0.0025156541843953553, 'lr_reduce': 0.6}",TPESampler,COMPLETE
337,0.010247102938592434,2025-04-25 00:07:54.737566,2025-04-25 00:09:39.915452,0 days 00:01:45.177886,0.13819908449066653,240,2,2,32,0.042091253515267345,144,2,2,64,0.21810298654892,64,4,4,96,0.173849599840375,240,448.0,248.0,3,2,0.0025690713470801945,0.6,/work3/arnaou/checkpoints/groupgat_Vc_trial_337_best_state.pt,"{'learning_rate': 0.0025690713470801945, 'lr_reduce': 0.6}",TPESampler,COMPLETE
338,0.012172412127256393,2025-04-25 00:08:07.324349,2025-04-25 00:09:32.563658,0 days 00:01:25.239309,0.014296360739633956,176,1,3,48,0.165434886613888,128,1,3,80,0.1815136913485637,48,2,2,128,0.021120691341324875,128,,,1,2,0.0022083791818306004,0.6,/work3/arnaou/checkpoints/groupgat_Vc_trial_338_best_state.pt,"{'learning_rate': 0.0022083791818306004, 'lr_reduce': 0.6}",TPESampler,COMPLETE
339,0.01054344605654478,2025-04-25 00:09:24.790266,2025-04-25 00:11:04.609341,0 days 00:01:39.819075,0.06431222039777489,160,3,3,64,0.1322317663007978,112,3,1,32,0.2778758062886782,128,2,2,112,0.14127116547161359,264,392.0,320.0,3,2,0.0035951357137213114,0.6,/work3/arnaou/checkpoints/groupgat_Vc_trial_339_best_state.pt,"{'learning_rate': 0.0035951357137213114, 'lr_reduce': 0.6}",TPESampler,COMPLETE
340,0.01588159054517746,2025-04-25 00:09:32.733730,2025-04-25 00:12:33.832590,0 days 00:03:01.098860,0.016985967285449103,160,4,3,128,0.04788427212229479,80,4,2,32,0.2641917730389334,48,1,2,96,0.11139876670984464,120,456.0,240.0,3,2,0.0022199247217052015,0.6,/work3/arnaou/checkpoints/groupgat_Vc_trial_340_best_state.pt,"{'learning_rate': 0.0022199247217052015, 'lr_reduce': 0.6}",TPESampler,COMPLETE
341,0.01090987864881754,2025-04-25 00:09:40.108501,2025-04-25 00:11:02.088828,0 days 00:01:21.980327,0.1295825270348801,160,2,2,128,0.05145684162505047,192,4,1,48,0.1735405994689551,80,2,1,128,0.03936883165741064,216,408.0,240.0,3,2,0.0022198170774609884,0.6,/work3/arnaou/checkpoints/groupgat_Vc_trial_341_best_state.pt,"{'learning_rate': 0.0022198170774609884, 'lr_reduce': 0.6}",TPESampler,COMPLETE
342,0.012559013441205025,2025-04-25 00:11:02.554707,2025-04-25 00:13:36.402134,0 days 00:02:33.847427,0.013488542219522143,208,3,2,128,0.10462101998669246,80,3,1,32,0.255751891614456,96,2,2,80,0.037695088185532646,288,448.0,,2,2,0.001171426732463702,0.6,/work3/arnaou/checkpoints/groupgat_Vc_trial_342_best_state.pt,"{'learning_rate': 0.001171426732463702, 'lr_reduce': 0.6}",TPESampler,COMPLETE
343,0.016604606062173843,2025-04-25 00:11:04.790708,2025-04-25 00:13:04.587192,0 days 00:01:59.796484,0.13287815927856236,224,2,2,32,0.19858838036377607,96,2,2,96,0.26703800495790053,96,1,3,96,0.06313970816876743,80,368.0,,2,2,0.0005070769499263373,0.6,/work3/arnaou/checkpoints/groupgat_Vc_trial_343_best_state.pt,"{'learning_rate': 0.0005070769499263373, 'lr_reduce': 0.6}",TPESampler,COMPLETE
344,0.009860333986580372,2025-04-25 00:12:34.076939,2025-04-25 00:15:00.412649,0 days 00:02:26.335710,0.024682711009692156,256,2,1,32,0.17356300804513053,176,3,1,32,0.184950596603215,64,1,1,128,0.04608426776591401,112,456.0,,2,2,0.007631796498461176,0.6,/work3/arnaou/checkpoints/groupgat_Vc_trial_344_best_state.pt,"{'learning_rate': 0.007631796498461176, 'lr_reduce': 0.6}",TPESampler,COMPLETE
345,0.010060153901576996,2025-04-25 00:13:04.804900,2025-04-25 00:14:40.707398,0 days 00:01:35.902498,0.1355070807837337,240,2,2,112,0.0689360293509719,176,2,2,32,0.2735549614614834,128,2,4,128,0.2996349891836618,232,424.0,240.0,3,2,0.0021217911945491646,0.6,/work3/arnaou/checkpoints/groupgat_Vc_trial_345_best_state.pt,"{'learning_rate': 0.0021217911945491646, 'lr_reduce': 0.6}",TPESampler,COMPLETE
346,0.0138772027567029,2025-04-25 00:13:36.553369,2025-04-25 00:15:42.948031,0 days 00:02:06.394662,0.0070954827958900814,112,2,3,32,0.1147957311283962,64,4,3,48,0.19322747371237964,64,2,2,48,0.2514122620412241,192,464.0,,2,2,0.005663858595557146,0.6,/work3/arnaou/checkpoints/groupgat_Vc_trial_346_best_state.pt,"{'learning_rate': 0.005663858595557146, 'lr_reduce': 0.6}",TPESampler,COMPLETE
347,0.012273088097572327,2025-04-25 00:14:40.895668,2025-04-25 00:16:12.192703,0 days 00:01:31.297035,0.06697129536935019,256,2,1,128,0.08267503633641834,176,1,2,48,0.2807761692335269,128,2,3,128,0.2440931019157755,256,392.0,248.0,3,2,0.005428378446314467,0.6,/work3/arnaou/checkpoints/groupgat_Vc_trial_347_best_state.pt,"{'learning_rate': 0.005428378446314467, 'lr_reduce': 0.6}",TPESampler,COMPLETE
348,0.009933521039783955,2025-04-25 00:15:00.577127,2025-04-25 00:16:20.355013,0 days 00:01:19.777886,0.17594283457893628,176,2,2,112,0.0894849115227069,160,2,2,32,0.20123172935247458,112,1,4,112,0.2823924208762401,232,408.0,400.0,3,2,0.004637603681422761,0.6,/work3/arnaou/checkpoints/groupgat_Vc_trial_348_best_state.pt,"{'learning_rate': 0.004637603681422761, 'lr_reduce': 0.6}",TPESampler,COMPLETE
349,0.016605965793132782,2025-04-25 00:15:43.245518,2025-04-25 00:17:48.274088,0 days 00:02:05.028570,0.025602151942440206,256,1,1,32,0.17243149522483123,112,3,2,64,0.14426984203765808,48,1,2,112,0.007420111413257449,176,,,1,2,0.006610347732345294,0.6,/work3/arnaou/checkpoints/groupgat_Vc_trial_349_best_state.pt,"{'learning_rate': 0.006610347732345294, 'lr_reduce': 0.6}",TPESampler,COMPLETE
350,0.019261891022324562,2025-04-25 00:16:12.350090,2025-04-25 00:18:52.028093,0 days 00:02:39.678003,0.06857987716058078,240,3,1,32,0.21591942047456697,192,3,2,48,0.21901645392052035,64,2,1,128,0.03339043909978809,32,464.0,,2,2,0.006295777652177904,0.6,/work3/arnaou/checkpoints/groupgat_Vc_trial_350_best_state.pt,"{'learning_rate': 0.006295777652177904, 'lr_reduce': 0.6}",TPESampler,COMPLETE
351,0.01623482257127762,2025-04-25 00:16:20.561256,2025-04-25 00:19:08.246773,0 days 00:02:47.685517,0.263908366395625,224,1,2,112,0.10862843417583737,144,2,2,48,0.19699798353796746,112,2,3,112,0.29603617828570383,264,368.0,440.0,3,2,0.0073829382253563555,0.6,/work3/arnaou/checkpoints/groupgat_Vc_trial_351_best_state.pt,"{'learning_rate': 0.0073829382253563555, 'lr_reduce': 0.6}",TPESampler,COMPLETE
352,0.015055561438202858,2025-04-25 00:17:48.497079,2025-04-25 00:18:56.010674,0 days 00:01:07.513595,0.034053252474612924,176,3,2,32,0.15702545705421878,128,4,3,80,0.24557024785379417,48,3,2,96,0.2937623537016334,136,352.0,424.0,3,2,0.0022218068544230052,0.6,/work3/arnaou/checkpoints/groupgat_Vc_trial_352_best_state.pt,"{'learning_rate': 0.0022218068544230052, 'lr_reduce': 0.6}",TPESampler,COMPLETE
353,0.022480115294456482,2025-04-25 00:18:52.174793,2025-04-25 00:20:52.362791,0 days 00:02:00.187998,0.21570818907396014,128,2,2,96,0.07341292753284444,80,2,2,32,0.19331426673439947,96,1,4,112,0.25811770808298523,176,400.0,408.0,3,2,0.009227099853438182,0.6,/work3/arnaou/checkpoints/groupgat_Vc_trial_353_best_state.pt,"{'learning_rate': 0.009227099853438182, 'lr_reduce': 0.6}",TPESampler,COMPLETE
354,0.016711877658963203,2025-04-25 00:18:56.201946,2025-04-25 00:20:33.714252,0 days 00:01:37.512306,0.1603299032049756,256,1,1,32,0.10059906065647593,208,2,1,32,0.1813990109900395,48,2,1,128,0.06053579725475472,184,408.0,,2,2,0.007963337983120345,0.6,/work3/arnaou/checkpoints/groupgat_Vc_trial_354_best_state.pt,"{'learning_rate': 0.007963337983120345, 'lr_reduce': 0.6}",TPESampler,COMPLETE
355,0.010709386318922043,2025-04-25 00:19:08.386805,2025-04-25 00:19:59.174406,0 days 00:00:50.787601,0.04765477352685094,240,2,1,48,0.1407378037230829,144,4,1,32,0.16478705755726802,32,1,1,128,0.07820711347222112,40,416.0,,2,2,0.003494050216403256,0.6,/work3/arnaou/checkpoints/groupgat_Vc_trial_355_best_state.pt,"{'learning_rate': 0.003494050216403256, 'lr_reduce': 0.6}",TPESampler,COMPLETE
356,0.016159145161509514,2025-04-25 00:19:59.456401,2025-04-25 00:21:27.565600,0 days 00:01:28.109199,0.08819792867702625,224,3,3,96,0.08568047030443451,160,2,3,80,0.19309239612839538,128,1,3,112,0.27707828508027904,336,464.0,408.0,3,2,0.0026010293863714465,0.6,/work3/arnaou/checkpoints/groupgat_Vc_trial_356_best_state.pt,"{'learning_rate': 0.0026010293863714465, 'lr_reduce': 0.6}",TPESampler,COMPLETE
357,0.0123978890478611,2025-04-25 00:20:33.905433,2025-04-25 00:22:09.821450,0 days 00:01:35.916017,0.23835191402100658,256,2,2,112,0.12161319376982635,224,2,2,32,0.2544400408859957,112,2,4,128,0.2059043047915325,144,408.0,472.0,3,2,0.002658104909072071,0.6,/work3/arnaou/checkpoints/groupgat_Vc_trial_357_best_state.pt,"{'learning_rate': 0.002658104909072071, 'lr_reduce': 0.6}",TPESampler,COMPLETE
358,0.014121443033218384,2025-04-25 00:20:52.657452,2025-04-25 00:22:46.756873,0 days 00:01:54.099421,0.0082305576074591,240,2,2,48,0.22400680498885678,256,2,1,48,0.24063578628971888,96,1,1,128,0.09377374054766432,208,472.0,,2,2,0.0074291704710341445,0.6,/work3/arnaou/checkpoints/groupgat_Vc_trial_358_best_state.pt,"{'learning_rate': 0.0074291704710341445, 'lr_reduce': 0.6}",TPESampler,COMPLETE
359,0.01377083733677864,2025-04-25 00:21:27.725912,2025-04-25 00:23:18.608312,0 days 00:01:50.882400,0.03520223492871967,128,3,2,128,0.13365587767131307,96,4,1,32,0.2388593546212578,80,4,4,80,0.032090419534974754,232,472.0,,2,2,0.00423597490775195,0.6,/work3/arnaou/checkpoints/groupgat_Vc_trial_359_best_state.pt,"{'learning_rate': 0.00423597490775195, 'lr_reduce': 0.6}",TPESampler,COMPLETE
360,0.025836441665887833,2025-04-25 00:22:10.018056,2025-04-25 00:26:33.624059,0 days 00:04:23.606003,0.07235591686171115,144,2,2,96,0.1063231243347825,160,1,2,64,0.11894749951041635,128,1,4,112,0.2909603419386763,136,344.0,360.0,3,2,0.009946778834156223,0.6,/work3/arnaou/checkpoints/groupgat_Vc_trial_360_best_state.pt,"{'learning_rate': 0.009946778834156223, 'lr_reduce': 0.6}",TPESampler,COMPLETE
361,0.011986562982201576,2025-04-25 00:22:46.955068,2025-04-25 00:26:31.602485,0 days 00:03:44.647417,0.01810469006280351,256,3,1,32,0.1251471857208661,192,3,1,32,0.1611494689737652,80,1,2,112,0.0789524733770407,64,408.0,,2,2,0.006602821978398886,0.6,/work3/arnaou/checkpoints/groupgat_Vc_trial_361_best_state.pt,"{'learning_rate': 0.006602821978398886, 'lr_reduce': 0.6}",TPESampler,COMPLETE
362,0.014848723076283932,2025-04-25 00:23:18.814133,2025-04-25 00:26:57.328608,0 days 00:03:38.514475,0.026694719513079647,192,1,1,48,0.04886680219254511,64,3,1,64,0.15706985950934654,80,2,1,80,0.13401098791983618,208,472.0,40.0,3,2,0.0011019860418364984,0.6,/work3/arnaou/checkpoints/groupgat_Vc_trial_362_best_state.pt,"{'learning_rate': 0.0011019860418364984, 'lr_reduce': 0.6}",TPESampler,COMPLETE
363,0.013822491280734539,2025-04-25 00:26:31.794256,2025-04-25 00:27:55.265102,0 days 00:01:23.470846,8.25576282196816e-05,160,3,4,80,0.0014275807555512894,144,3,3,48,0.26301515371511913,96,2,4,80,0.21180549282869537,208,408.0,,2,2,0.005169904255594769,0.6,/work3/arnaou/checkpoints/groupgat_Vc_trial_363_best_state.pt,"{'learning_rate': 0.005169904255594769, 'lr_reduce': 0.6}",TPESampler,COMPLETE
364,0.031131481751799583,2025-04-25 00:26:33.981276,2025-04-25 00:27:50.982818,0 days 00:01:17.001542,0.05956904089386042,144,3,1,96,0.0130304133157947,112,3,1,48,0.2333523126810275,112,2,4,96,0.0091147610703931,216,480.0,160.0,3,2,0.008310852165013476,0.6,/work3/arnaou/checkpoints/groupgat_Vc_trial_364_best_state.pt,"{'learning_rate': 0.008310852165013476, 'lr_reduce': 0.6}",TPESampler,COMPLETE
365,0.01490100473165512,2025-04-25 00:26:57.466540,2025-04-25 00:28:34.118696,0 days 00:01:36.652156,0.19153687579174394,144,2,2,128,0.10384287561979226,208,2,2,32,0.19893254687265596,128,1,3,96,0.2878272491313199,152,416.0,328.0,3,2,0.005305401062343599,0.6,/work3/arnaou/checkpoints/groupgat_Vc_trial_365_best_state.pt,"{'learning_rate': 0.005305401062343599, 'lr_reduce': 0.6}",TPESampler,COMPLETE
366,0.009480287320911884,2025-04-25 00:27:51.166766,2025-04-25 00:28:58.125636,0 days 00:01:06.958870,0.04350478812482979,224,4,4,48,0.09462416244142374,160,3,2,32,0.228895462413882,32,1,2,48,0.2069904465057566,248,512.0,296.0,3,2,0.0018987927063399738,0.6,/work3/arnaou/checkpoints/groupgat_Vc_trial_366_best_state.pt,"{'learning_rate': 0.0018987927063399738, 'lr_reduce': 0.6}",TPESampler,COMPLETE
367,0.009692652150988579,2025-04-25 00:27:55.536901,2025-04-25 00:29:03.962655,0 days 00:01:08.425754,0.06307682798994095,256,3,3,32,0.22166074639621236,160,4,4,96,0.26416943929088427,112,2,4,112,0.08526473621841085,112,432.0,,2,2,0.002894252162006099,0.6,/work3/arnaou/checkpoints/groupgat_Vc_trial_367_best_state.pt,"{'learning_rate': 0.002894252162006099, 'lr_reduce': 0.6}",TPESampler,COMPLETE
368,0.009877209551632404,2025-04-25 00:28:34.285852,2025-04-25 00:29:42.366296,0 days 00:01:08.080444,0.032769937972838024,224,2,4,80,0.1433584538283035,112,3,2,48,0.18619993938396656,112,1,4,80,0.2750191717391244,96,368.0,,2,1,0.004975157019202806,0.6,/work3/arnaou/checkpoints/groupgat_Vc_trial_368_best_state.pt,"{'learning_rate': 0.004975157019202806, 'lr_reduce': 0.6}",TPESampler,COMPLETE
369,0.012593450956046581,2025-04-25 00:28:58.306193,2025-04-25 00:29:54.038648,0 days 00:00:55.732455,0.007526697362582636,192,4,3,48,0.04675594709680614,144,3,1,32,0.19328146094739576,32,1,2,64,0.1781401191496807,288,512.0,312.0,3,2,0.0025007114663827584,0.6,/work3/arnaou/checkpoints/groupgat_Vc_trial_369_best_state.pt,"{'learning_rate': 0.0025007114663827584, 'lr_reduce': 0.6}",TPESampler,COMPLETE
370,,2025-04-25 00:29:04.159866,2025-04-25 00:29:38.452061,0 days 00:00:34.292195,0.09518463783441873,192,4,2,64,0.24546328054532426,144,4,4,96,0.18313627939914445,128,2,4,96,0.11408557136990936,224,,,1,2,0.0029085901986248617,0.6,/work3/arnaou/checkpoints/groupgat_Vc_trial_370_best_state.pt,"{'learning_rate': 0.0029085901986248617, 'lr_reduce': 0.6}",TPESampler,FAIL
371,0.016694597899913788,2025-04-25 16:44:48.259342,2025-04-25 16:45:49.583675,0 days 00:01:01.324333,0.10474789065066945,208,3,3,112,0.17313877611240472,112,2,2,48,0.13975965830802856,112,1,4,80,0.15512853855331854,104,,,1,1,0.004506986043393237,0.6,/work3/arnaou/checkpoints/groupgat_Vc_trial_371_best_state.pt,"{'learning_rate': 0.004506986043393237, 'lr_reduce': 0.6}",TPESampler,COMPLETE
372,0.014518978074193,2025-04-25 16:44:48.266241,2025-04-25 16:45:50.551298,0 days 00:01:02.285057,0.07046630396208968,240,1,2,64,0.13224628852414663,160,3,1,80,0.19022009423560984,48,1,1,64,0.09032909741136853,216,512.0,,2,1,0.005947404141552098,0.6,/work3/arnaou/checkpoints/groupgat_Vc_trial_372_best_state.pt,"{'learning_rate': 0.005947404141552098, 'lr_reduce': 0.6}",TPESampler,COMPLETE
