number,value,datetime_start,datetime_complete,duration,params_L1_dropout,params_L1_hidden_dim,params_L1_layers_atom,params_L1_layers_mol,params_L1_out_dim,params_L2_dropout,params_L2_hidden_dim,params_L2_layers_atom,params_L2_layers_mol,params_L2_out_dim,params_L3_dropout,params_L3_hidden_dim,params_L3_layers_atom,params_L3_layers_mol,params_L3_out_dim,params_final_dropout,params_mlp_dim_0,params_mlp_dim_1,params_mlp_dim_2,params_n_mlp_layers,params_num_heads,params_train_learning_rate,params_train_lr_reduce,user_attrs_best_state_dict_path,user_attrs_training_params,system_attrs_auto:sampler,state
1117,0.09187792241573334,2025-04-25 21:50:05.061014,2025-04-25 21:50:44.014445,0 days 00:00:38.953431,0.03657941242810818,256,4,1,48,0.02308477736611089,96,4,2,32,0.21997090460379448,80,1,2,128,0.07949442162297125,120,512.0,280.0,3,2,0.0010857207695051285,0.6,/work3/arnaou/checkpoints/groupgat_Vc_trial_1117_best_state.pt,"{'learning_rate': 0.0010857207695051285, 'lr_reduce': 0.6}",TPESampler,COMPLETE
1118,0.011559654958546162,2025-04-25 21:50:06.556594,2025-04-25 21:51:20.888339,0 days 00:01:14.331745,0.01889672294825108,224,4,3,112,0.1362799706785323,96,4,1,96,0.2789863126381672,48,1,1,128,0.2988918696362199,168,360.0,488.0,3,2,0.004744108914231663,0.6,/work3/arnaou/checkpoints/groupgat_Vc_trial_1118_best_state.pt,"{'learning_rate': 0.004744108914231663, 'lr_reduce': 0.6}",TPESampler,COMPLETE
1119,0.010806511156260967,2025-04-25 21:50:44.281036,2025-04-25 21:51:47.380962,0 days 00:01:03.099926,0.016198565932460746,240,4,3,32,0.15108067203237413,208,3,3,48,0.22165188426139537,32,4,3,112,0.25115199101588764,104,432.0,,2,2,0.001964194333891894,0.6,/work3/arnaou/checkpoints/groupgat_Vc_trial_1119_best_state.pt,"{'learning_rate': 0.001964194333891894, 'lr_reduce': 0.6}",TPESampler,COMPLETE
1120,0.014282279647886753,2025-04-25 21:50:45.248206,2025-04-25 21:52:27.370214,0 days 00:01:42.122008,0.048899465909562505,128,4,2,96,0.02323399669167479,176,3,1,80,0.15064583309833135,80,2,3,128,0.1603360389806459,176,400.0,,2,2,0.001813795985698289,0.6,/work3/arnaou/checkpoints/groupgat_Vc_trial_1120_best_state.pt,"{'learning_rate': 0.001813795985698289, 'lr_reduce': 0.6}",TPESampler,COMPLETE
1121,0.012814713642001152,2025-04-25 21:51:21.164963,2025-04-25 21:52:18.864174,0 days 00:00:57.699211,0.0805191818778275,240,4,2,80,0.15115845292218047,128,2,1,32,0.2214486023514857,64,1,4,96,0.2820855169141384,104,480.0,,2,2,0.002520941659228818,0.6,/work3/arnaou/checkpoints/groupgat_Vc_trial_1121_best_state.pt,"{'learning_rate': 0.002520941659228818, 'lr_reduce': 0.6}",TPESampler,COMPLETE
1122,0.011604778468608856,2025-04-25 21:51:47.672370,2025-04-25 21:52:59.069272,0 days 00:01:11.396902,0.004021869830204727,128,4,2,96,0.05242943692144184,128,4,1,80,0.14055497559024252,96,1,3,112,0.16732338931902857,112,472.0,104.0,3,2,0.005270255327057781,0.6,/work3/arnaou/checkpoints/groupgat_Vc_trial_1122_best_state.pt,"{'learning_rate': 0.005270255327057781, 'lr_reduce': 0.6}",TPESampler,COMPLETE
1123,0.010863181203603745,2025-04-25 21:52:19.135076,2025-04-25 21:53:12.664046,0 days 00:00:53.528970,0.10684595451798093,160,3,2,48,0.012823613973069787,208,4,1,64,0.015739536434151102,80,1,4,128,0.00685513778196754,128,440.0,,2,2,0.0017947736358319656,0.6,/work3/arnaou/checkpoints/groupgat_Vc_trial_1123_best_state.pt,"{'learning_rate': 0.0017947736358319656, 'lr_reduce': 0.6}",TPESampler,COMPLETE
1124,0.015290027484297752,2025-04-25 21:52:27.663002,2025-04-25 21:53:20.223951,0 days 00:00:52.560949,0.012040799576296316,208,3,3,48,0.03942331227167691,240,2,2,32,0.1147013034668326,32,2,3,80,0.20127515846513694,32,360.0,,2,2,0.0019571505375019743,0.6,/work3/arnaou/checkpoints/groupgat_Vc_trial_1124_best_state.pt,"{'learning_rate': 0.0019571505375019743, 'lr_reduce': 0.6}",TPESampler,COMPLETE
1125,1.3207643032073975,2025-04-25 21:52:59.414381,2025-04-25 21:53:18.240386,0 days 00:00:18.826005,0.0028139005876144205,144,3,2,80,0.10078784303625646,112,4,2,96,0.1859795664101863,32,1,4,96,0.13394092126469098,40,512.0,344.0,3,2,0.007441290166371795,0.6,/work3/arnaou/checkpoints/groupgat_Vc_trial_1125_best_state.pt,"{'learning_rate': 0.007441290166371795, 'lr_reduce': 0.6}",TPESampler,COMPLETE
1126,0.02485182136297226,2025-04-25 21:53:12.965665,2025-04-25 21:54:42.788823,0 days 00:01:29.823158,0.034630892674962846,240,4,4,32,0.042387092540588166,256,2,2,48,0.07076458952266285,48,3,2,112,0.26906394153497876,120,408.0,,2,2,0.009200348914720997,0.6,/work3/arnaou/checkpoints/groupgat_Vc_trial_1126_best_state.pt,"{'learning_rate': 0.009200348914720997, 'lr_reduce': 0.6}",TPESampler,COMPLETE
1127,0.011836042627692223,2025-04-25 21:53:18.582387,2025-04-25 21:54:31.567525,0 days 00:01:12.985138,0.024155098842626975,128,4,1,96,0.024038438781163365,208,4,3,64,0.11468924720112905,32,2,2,64,0.292672084859246,128,448.0,,2,1,0.0049687620884909375,0.6,/work3/arnaou/checkpoints/groupgat_Vc_trial_1127_best_state.pt,"{'learning_rate': 0.0049687620884909375, 'lr_reduce': 0.6}",TPESampler,COMPLETE
1128,0.05342872440814972,2025-04-25 21:53:20.519425,2025-04-25 21:54:09.118275,0 days 00:00:48.598850,0.028324311505544417,192,3,3,48,0.09412256653326273,144,4,1,64,0.1589925335309798,48,4,4,128,0.19369039999521362,144,472.0,,2,2,0.0014062763356973065,0.6,/work3/arnaou/checkpoints/groupgat_Vc_trial_1128_best_state.pt,"{'learning_rate': 0.0014062763356973065, 'lr_reduce': 0.6}",TPESampler,COMPLETE
1129,0.011428337544202805,2025-04-25 21:54:09.390698,2025-04-25 21:55:13.517295,0 days 00:01:04.126597,0.015030851560959922,144,4,3,128,0.09804790344333399,112,3,2,48,0.20071657016561498,48,3,4,128,0.09499441755969378,72,328.0,,2,2,0.0032799729955632646,0.6,/work3/arnaou/checkpoints/groupgat_Vc_trial_1129_best_state.pt,"{'learning_rate': 0.0032799729955632646, 'lr_reduce': 0.6}",TPESampler,COMPLETE
1130,0.01514571625739336,2025-04-25 21:54:31.802848,2025-04-25 21:55:09.724510,0 days 00:00:37.921662,0.011931528036094832,256,3,4,48,0.06959758671360311,112,4,1,32,0.2817254388831621,96,3,2,96,0.14741749310705402,264,408.0,200.0,3,1,0.0023606483485670024,0.6,/work3/arnaou/checkpoints/groupgat_Vc_trial_1130_best_state.pt,"{'learning_rate': 0.0023606483485670024, 'lr_reduce': 0.6}",TPESampler,COMPLETE
1131,0.019322898238897324,2025-04-25 21:54:43.106882,2025-04-25 21:56:46.431806,0 days 00:02:03.324924,0.09399309295486649,224,2,4,80,0.11766293547752989,112,2,2,32,0.29479721417310534,80,1,4,112,0.12723475768967416,240,,,1,2,0.00903453251390346,0.6,/work3/arnaou/checkpoints/groupgat_Vc_trial_1131_best_state.pt,"{'learning_rate': 0.00903453251390346, 'lr_reduce': 0.6}",TPESampler,COMPLETE
1132,0.014792459085583687,2025-04-25 21:55:09.993101,2025-04-25 21:56:23.999801,0 days 00:01:14.006700,0.11041310269411128,192,4,2,128,0.05842548227806651,128,4,1,80,0.18259646022686357,80,1,2,128,0.05054451978757071,160,472.0,,2,2,0.009407689218386943,0.6,/work3/arnaou/checkpoints/groupgat_Vc_trial_1132_best_state.pt,"{'learning_rate': 0.009407689218386943, 'lr_reduce': 0.6}",TPESampler,COMPLETE
1133,0.09668927639722824,2025-04-25 21:55:13.959796,2025-04-25 21:55:55.688695,0 days 00:00:41.728899,0.031027872285130716,256,4,4,80,0.02079195883440039,64,4,1,48,0.1607939108727786,96,2,2,128,0.005130776299944927,40,384.0,,2,2,0.001430143492496642,0.6,/work3/arnaou/checkpoints/groupgat_Vc_trial_1133_best_state.pt,"{'learning_rate': 0.001430143492496642, 'lr_reduce': 0.6}",TPESampler,COMPLETE
1134,0.039826445281505585,2025-04-25 21:55:55.992984,2025-04-25 21:56:35.551583,0 days 00:00:39.558599,0.016672436935231606,240,4,4,48,0.12203904482465197,176,3,1,48,0.23331528661521944,32,2,3,128,0.28799931259653916,184,432.0,,2,1,0.006287795348795273,0.6,/work3/arnaou/checkpoints/groupgat_Vc_trial_1134_best_state.pt,"{'learning_rate': 0.006287795348795273, 'lr_reduce': 0.6}",TPESampler,COMPLETE
1135,0.013657248578965664,2025-04-25 21:56:24.327537,2025-04-25 21:57:23.276561,0 days 00:00:58.949024,0.035682464593556965,240,4,4,48,0.04775612506765195,96,2,2,48,0.20675703766109185,64,1,3,112,0.29594259025474334,360,512.0,392.0,3,1,0.004421477248730159,0.6,/work3/arnaou/checkpoints/groupgat_Vc_trial_1135_best_state.pt,"{'learning_rate': 0.004421477248730159, 'lr_reduce': 0.6}",TPESampler,COMPLETE
1136,0.015218178741633892,2025-04-25 21:56:35.892112,2025-04-25 21:58:06.714280,0 days 00:01:30.822168,0.12179525104997112,160,4,3,32,0.14354528711650033,160,4,1,96,0.2938018010699634,32,3,4,80,0.291642293299747,112,440.0,,2,2,0.00871987181909341,0.6,/work3/arnaou/checkpoints/groupgat_Vc_trial_1136_best_state.pt,"{'learning_rate': 0.00871987181909341, 'lr_reduce': 0.6}",TPESampler,COMPLETE
1137,0.015819445252418518,2025-04-25 21:56:46.724061,2025-04-25 21:57:54.585559,0 days 00:01:07.861498,0.0063639908440538025,256,2,4,32,0.13839701544820882,208,4,1,48,0.19926781890215362,32,3,2,80,0.12101924720286761,152,384.0,272.0,3,2,0.004446126828247504,0.6,/work3/arnaou/checkpoints/groupgat_Vc_trial_1137_best_state.pt,"{'learning_rate': 0.004446126828247504, 'lr_reduce': 0.6}",TPESampler,COMPLETE
1138,0.009928938001394272,2025-04-25 21:57:23.572604,2025-04-25 21:58:27.703006,0 days 00:01:04.130402,0.05053977825656775,240,4,4,32,0.1669411594021242,128,2,1,32,0.18840674732280743,80,2,3,128,0.1493766484610867,296,472.0,336.0,3,1,0.005426356499434319,0.6,/work3/arnaou/checkpoints/groupgat_Vc_trial_1138_best_state.pt,"{'learning_rate': 0.005426356499434319, 'lr_reduce': 0.6}",TPESampler,COMPLETE
1139,0.012278568930923939,2025-04-25 21:57:54.828321,2025-04-25 21:59:23.772242,0 days 00:01:28.943921,0.06240028763522386,208,4,1,32,0.040470843617012246,192,4,1,80,0.1131634415025968,96,1,3,96,0.11012339297130609,256,64.0,176.0,3,2,0.0039962636802256726,0.6,/work3/arnaou/checkpoints/groupgat_Vc_trial_1139_best_state.pt,"{'learning_rate': 0.0039962636802256726, 'lr_reduce': 0.6}",TPESampler,COMPLETE
1140,0.00995370652526617,2025-04-25 21:58:07.005699,2025-04-25 21:59:27.019485,0 days 00:01:20.013786,0.07728741281624953,224,3,4,80,0.13743826358324762,128,4,2,32,0.28722580389321056,48,1,3,80,0.21856387296339685,264,424.0,,2,2,0.003627736560224174,0.6,/work3/arnaou/checkpoints/groupgat_Vc_trial_1140_best_state.pt,"{'learning_rate': 0.003627736560224174, 'lr_reduce': 0.6}",TPESampler,COMPLETE
1141,0.013132091611623764,2025-04-25 21:58:28.022182,2025-04-25 21:59:28.219797,0 days 00:01:00.197615,0.05459208733917551,160,4,3,32,0.021696190504554465,176,4,1,48,0.013035812709454296,128,1,1,112,0.06279148143525588,96,472.0,240.0,3,2,0.005881004211411113,0.6,/work3/arnaou/checkpoints/groupgat_Vc_trial_1141_best_state.pt,"{'learning_rate': 0.005881004211411113, 'lr_reduce': 0.6}",TPESampler,COMPLETE
1142,0.012033210135996342,2025-04-25 21:59:24.081247,2025-04-25 22:00:18.384224,0 days 00:00:54.302977,0.04231593760115807,256,1,4,48,0.11927878650020507,112,3,1,32,0.2868787802169429,80,1,3,80,0.23997016577740696,368,328.0,80.0,3,2,0.003236438123897043,0.6,/work3/arnaou/checkpoints/groupgat_Vc_trial_1142_best_state.pt,"{'learning_rate': 0.003236438123897043, 'lr_reduce': 0.6}",TPESampler,COMPLETE
1143,0.014197585172951221,2025-04-25 21:59:27.275700,2025-04-25 22:00:38.326649,0 days 00:01:11.050949,0.0715701240574181,112,4,3,64,0.08725462122894889,96,4,1,96,0.20355276157466842,48,2,4,96,0.272584072792415,160,392.0,,2,2,0.008408805660268859,0.6,/work3/arnaou/checkpoints/groupgat_Vc_trial_1143_best_state.pt,"{'learning_rate': 0.008408805660268859, 'lr_reduce': 0.6}",TPESampler,COMPLETE
1144,0.010790546424686909,2025-04-25 21:59:28.509056,2025-04-25 22:00:55.363582,0 days 00:01:26.854526,0.07851764009222978,208,3,3,48,0.17511213340958687,128,3,1,64,0.2636554274829137,32,3,4,112,0.21824762130478273,88,512.0,,2,2,0.006250579726835771,0.6,/work3/arnaou/checkpoints/groupgat_Vc_trial_1144_best_state.pt,"{'learning_rate': 0.006250579726835771, 'lr_reduce': 0.6}",TPESampler,COMPLETE
1145,0.08218235522508621,2025-04-25 22:00:18.709036,2025-04-25 22:01:41.991539,0 days 00:01:23.282503,0.03722763039808319,64,4,1,128,0.1339821461001924,192,2,1,32,0.16778427836951804,64,2,3,128,0.13544050636649765,56,440.0,312.0,3,2,0.009746260268259567,0.6,/work3/arnaou/checkpoints/groupgat_Vc_trial_1145_best_state.pt,"{'learning_rate': 0.009746260268259567, 'lr_reduce': 0.6}",TPESampler,COMPLETE
1146,0.027129199355840683,2025-04-25 22:00:38.648592,2025-04-25 22:02:45.773692,0 days 00:02:07.125100,0.11872939236923828,256,4,4,80,0.10893376528331679,224,4,3,32,0.09867745665678157,32,3,3,112,0.29473693399739453,176,,,1,2,0.006745942342522484,0.6,/work3/arnaou/checkpoints/groupgat_Vc_trial_1146_best_state.pt,"{'learning_rate': 0.006745942342522484, 'lr_reduce': 0.6}",TPESampler,COMPLETE
1147,0.014462241902947426,2025-04-25 22:00:55.780097,2025-04-25 22:01:53.475941,0 days 00:00:57.695844,0.075627647541239,224,3,3,48,0.09093823353574379,240,2,2,32,0.21153604122342695,32,2,2,32,0.23333664736184365,248,472.0,432.0,3,2,0.0017893737534817196,0.6,/work3/arnaou/checkpoints/groupgat_Vc_trial_1147_best_state.pt,"{'learning_rate': 0.0017893737534817196, 'lr_reduce': 0.6}",TPESampler,COMPLETE
1148,0.013863852247595787,2025-04-25 22:01:42.411824,2025-04-25 22:03:12.878463,0 days 00:01:30.466639,0.035507254791231846,144,4,4,80,0.029773630526197158,176,4,2,96,0.2479855918381962,32,2,4,64,0.2767990346992179,32,368.0,376.0,3,2,0.00544618085023712,0.6,/work3/arnaou/checkpoints/groupgat_Vc_trial_1148_best_state.pt,"{'learning_rate': 0.00544618085023712, 'lr_reduce': 0.6}",TPESampler,COMPLETE
1149,0.014153742231428623,2025-04-25 22:01:53.902066,2025-04-25 22:02:57.543039,0 days 00:01:03.640973,0.10610391345817738,224,2,4,112,0.12232563722626277,64,3,1,32,0.2867465680686187,80,1,4,80,0.23300071325468502,240,432.0,232.0,3,2,0.007132890483728758,0.6,/work3/arnaou/checkpoints/groupgat_Vc_trial_1149_best_state.pt,"{'learning_rate': 0.007132890483728758, 'lr_reduce': 0.6}",TPESampler,COMPLETE
1150,0.014947958290576935,2025-04-25 22:02:46.222266,2025-04-25 22:04:05.494984,0 days 00:01:19.272718,0.07508257222751566,64,3,3,64,0.16569779004141896,64,2,4,32,0.2498206288856428,80,2,3,96,0.2631612526034061,264,,,1,2,0.007039194729183664,0.6,/work3/arnaou/checkpoints/groupgat_Vc_trial_1150_best_state.pt,"{'learning_rate': 0.007039194729183664, 'lr_reduce': 0.6}",TPESampler,COMPLETE
1151,0.012839946895837784,2025-04-25 22:02:57.779942,2025-04-25 22:04:09.976802,0 days 00:01:12.196860,0.03151059590367061,240,3,3,80,0.15191246736809913,160,4,1,96,0.20677269115076413,80,1,2,112,0.2913826664232366,160,408.0,288.0,3,2,0.0012124570907085359,0.6,/work3/arnaou/checkpoints/groupgat_Vc_trial_1151_best_state.pt,"{'learning_rate': 0.0012124570907085359, 'lr_reduce': 0.6}",TPESampler,COMPLETE
1152,0.015330856665968895,2025-04-25 22:03:13.276030,2025-04-25 22:04:03.301170,0 days 00:00:50.025140,0.12975539520589777,256,2,2,80,0.05561252647381055,144,2,3,64,0.29209675547987235,96,3,4,112,0.16713251184442496,272,472.0,152.0,3,1,0.004396823122330069,0.6,/work3/arnaou/checkpoints/groupgat_Vc_trial_1152_best_state.pt,"{'learning_rate': 0.004396823122330069, 'lr_reduce': 0.6}",TPESampler,COMPLETE
1153,0.01580362394452095,2025-04-25 22:04:03.571798,2025-04-25 22:05:05.615354,0 days 00:01:02.043556,0.031445344660164576,192,4,3,64,0.12695681989185814,128,2,3,32,0.2296992196276788,32,3,2,96,0.2720412824296537,72,440.0,336.0,3,1,0.00399515355934819,0.6,/work3/arnaou/checkpoints/groupgat_Vc_trial_1153_best_state.pt,"{'learning_rate': 0.00399515355934819, 'lr_reduce': 0.6}",TPESampler,COMPLETE
1154,0.020532764494419098,2025-04-25 22:04:05.772369,2025-04-25 22:05:40.334355,0 days 00:01:34.561986,0.13616071066467053,128,4,1,96,0.1672798137371812,144,1,1,32,0.12916781948227005,64,1,2,128,0.2279424919060868,472,368.0,240.0,3,2,0.0001093183694644481,0.6,/work3/arnaou/checkpoints/groupgat_Vc_trial_1154_best_state.pt,"{'learning_rate': 0.0001093183694644481, 'lr_reduce': 0.6}",TPESampler,COMPLETE
1155,0.013032661750912666,2025-04-25 22:04:10.255201,2025-04-25 22:05:04.147356,0 days 00:00:53.892155,0.04570343246727611,240,3,3,112,0.06574978809102539,224,3,1,80,0.2881264707311418,80,1,2,128,0.25456790108255845,176,512.0,384.0,3,2,0.0016461481790390929,0.6,/work3/arnaou/checkpoints/groupgat_Vc_trial_1155_best_state.pt,"{'learning_rate': 0.0016461481790390929, 'lr_reduce': 0.6}",TPESampler,COMPLETE
1156,0.011947344988584518,2025-04-25 22:05:04.454417,2025-04-25 22:05:53.576221,0 days 00:00:49.121804,0.18451914108186454,240,1,2,32,0.008099259859357385,96,1,3,64,0.2781854854490426,80,4,3,112,0.16096876330948165,304,424.0,320.0,3,2,0.0026369814181526636,0.6,/work3/arnaou/checkpoints/groupgat_Vc_trial_1156_best_state.pt,"{'learning_rate': 0.0026369814181526636, 'lr_reduce': 0.6}",TPESampler,COMPLETE
1157,0.017690373584628105,2025-04-25 22:05:05.896303,2025-04-25 22:07:28.973216,0 days 00:02:23.076913,0.16024005299480387,112,1,4,80,0.0850706069427833,240,2,3,112,0.04212746065676999,32,1,2,128,0.08928538401515017,112,472.0,192.0,3,2,0.00011118107372701552,0.6,/work3/arnaou/checkpoints/groupgat_Vc_trial_1157_best_state.pt,"{'learning_rate': 0.00011118107372701552, 'lr_reduce': 0.6}",TPESampler,COMPLETE
1158,1.2591888904571533,2025-04-25 22:05:40.704581,2025-04-25 22:06:00.441724,0 days 00:00:19.737143,0.07258381893629373,256,1,1,32,0.026022816472354257,160,1,2,64,0.2991946746929474,80,4,4,80,0.11295045116949409,200,328.0,32.0,3,2,0.005862214919145627,0.6,/work3/arnaou/checkpoints/groupgat_Vc_trial_1158_best_state.pt,"{'learning_rate': 0.005862214919145627, 'lr_reduce': 0.6}",TPESampler,COMPLETE
1159,0.012695468962192535,2025-04-25 22:05:53.944633,2025-04-25 22:08:27.107899,0 days 00:02:33.163266,0.05055634420902025,240,3,4,64,0.14026689707163656,256,1,3,64,0.12858919271581928,32,4,2,96,0.28399338001783075,56,,,1,2,0.005369174501391552,0.6,/work3/arnaou/checkpoints/groupgat_Vc_trial_1159_best_state.pt,"{'learning_rate': 0.005369174501391552, 'lr_reduce': 0.6}",TPESampler,COMPLETE
1160,0.011263979598879814,2025-04-25 22:06:00.725870,2025-04-25 22:07:19.183250,0 days 00:01:18.457380,0.13743845044400377,240,1,2,64,0.030151465355301194,192,2,2,80,0.2300990811791746,48,4,4,80,0.25032672329187744,216,400.0,272.0,3,2,0.008300473025759618,0.6,/work3/arnaou/checkpoints/groupgat_Vc_trial_1160_best_state.pt,"{'learning_rate': 0.008300473025759618, 'lr_reduce': 0.6}",TPESampler,COMPLETE
1161,0.012518459931015968,2025-04-25 22:07:19.450744,2025-04-25 22:08:57.558956,0 days 00:01:38.108212,0.029967515237935567,160,4,3,32,0.020953991345015525,160,4,1,64,0.010096399728244835,96,2,3,96,0.07601455335425472,128,472.0,,2,2,0.003986908472466817,0.6,/work3/arnaou/checkpoints/groupgat_Vc_trial_1161_best_state.pt,"{'learning_rate': 0.003986908472466817, 'lr_reduce': 0.6}",TPESampler,COMPLETE
1162,0.014023298397660255,2025-04-25 22:07:29.220681,2025-04-25 22:08:48.218141,0 days 00:01:18.997460,0.06868349702149201,144,4,2,96,0.1426500631526526,144,3,1,48,0.20147625729367885,80,2,2,128,0.12827091974564375,96,432.0,368.0,3,2,0.009260218575373057,0.6,/work3/arnaou/checkpoints/groupgat_Vc_trial_1162_best_state.pt,"{'learning_rate': 0.009260218575373057, 'lr_reduce': 0.6}",TPESampler,COMPLETE
1163,0.0203972477465868,2025-04-25 22:08:27.684053,2025-04-25 22:09:28.038922,0 days 00:01:00.354869,0.041323915855664486,224,3,2,48,0.11667801049115634,128,4,1,32,0.08389771380853413,112,1,3,112,0.04671568315190269,144,512.0,304.0,3,2,0.00998011727698421,0.6,/work3/arnaou/checkpoints/groupgat_Vc_trial_1163_best_state.pt,"{'learning_rate': 0.00998011727698421, 'lr_reduce': 0.6}",TPESampler,COMPLETE
1164,0.013432078994810581,2025-04-25 22:08:48.534657,2025-04-25 22:09:52.220015,0 days 00:01:03.685358,0.06005079722494395,256,4,2,32,0.03301106573032179,112,2,3,32,0.2253701974882649,128,2,2,112,0.013802017881023351,112,376.0,424.0,3,2,0.002049663357833046,0.6,/work3/arnaou/checkpoints/groupgat_Vc_trial_1164_best_state.pt,"{'learning_rate': 0.002049663357833046, 'lr_reduce': 0.6}",TPESampler,COMPLETE
1165,0.011636381968855858,2025-04-25 22:08:58.205926,2025-04-25 22:10:04.134673,0 days 00:01:05.928747,0.02103013503544346,224,2,4,64,0.02376860394522176,112,4,1,32,0.24151172029512155,32,2,3,96,0.23285164890311788,48,112.0,,2,2,0.005183977308346936,0.6,/work3/arnaou/checkpoints/groupgat_Vc_trial_1165_best_state.pt,"{'learning_rate': 0.005183977308346936, 'lr_reduce': 0.6}",TPESampler,COMPLETE
1166,0.013962803408503532,2025-04-25 22:09:28.332212,2025-04-25 22:10:30.888412,0 days 00:01:02.556200,0.1381231703754152,240,1,1,32,0.06472531039039735,128,2,1,96,0.28401338124977027,80,4,4,96,0.2662060702758684,376,440.0,208.0,3,2,0.007095787253226683,0.6,/work3/arnaou/checkpoints/groupgat_Vc_trial_1166_best_state.pt,"{'learning_rate': 0.007095787253226683, 'lr_reduce': 0.6}",TPESampler,COMPLETE
1167,0.013766739517450333,2025-04-25 22:09:52.555315,2025-04-25 22:11:27.797477,0 days 00:01:35.242162,0.028002359874392264,256,4,3,80,0.04822162923796426,256,2,3,48,0.1312805120509343,48,4,4,112,0.24955242357403543,48,480.0,,2,2,0.00521044400732614,0.6,/work3/arnaou/checkpoints/groupgat_Vc_trial_1167_best_state.pt,"{'learning_rate': 0.00521044400732614, 'lr_reduce': 0.6}",TPESampler,COMPLETE
1168,1.0006850957870483,2025-04-25 22:10:04.408464,2025-04-25 22:10:25.321401,0 days 00:00:20.912937,0.034982597548835676,96,3,4,48,0.12457624590099994,64,2,3,32,0.13969766873659276,112,1,2,48,0.2719287328208896,136,,,1,2,0.009357128138991106,0.6,/work3/arnaou/checkpoints/groupgat_Vc_trial_1168_best_state.pt,"{'learning_rate': 0.009357128138991106, 'lr_reduce': 0.6}",TPESampler,COMPLETE
1169,0.020156553015112877,2025-04-25 22:10:25.658445,2025-04-25 22:11:15.537455,0 days 00:00:49.879010,0.039164593488962327,160,4,3,48,0.027510862656684426,224,2,2,32,0.27121822082134095,32,2,2,112,0.2896861982780493,256,400.0,112.0,3,2,0.00204613929603357,0.6,/work3/arnaou/checkpoints/groupgat_Vc_trial_1169_best_state.pt,"{'learning_rate': 0.00204613929603357, 'lr_reduce': 0.6}",TPESampler,COMPLETE
