number,value,datetime_start,datetime_complete,duration,params_depth,params_edge_hidden_dim,params_mlp_dim_00,params_mlp_dim_01,params_mlp_dim_02,params_mlp_dim_03,params_mlp_n_layers,params_node_hidden_dim,params_rep_dropout,params_train_learning_rate,params_train_lr_reduce,user_attrs_best_state_dict_path,user_attrs_training_params,system_attrs_auto:sampler,state
748,1.8580976724624634,2025-04-26 14:22:21.090954,2025-04-26 14:22:25.294795,0 days 00:00:04.203841,4,50,124,146.0,247.0,,3,94,0.02928800436996759,0.0003866531200853215,0.6,/work3/arnaou/checkpoints/megnet_Vc_trial_748_best_state.pt,"{'learning_rate': 0.0003866531200853215, 'lr_reduce': 0.6}",TPESampler,COMPLETE
749,1.7454642057418823,2025-04-26 14:22:25.507496,2025-04-26 14:22:31.349510,0 days 00:00:05.842014,2,101,326,314.0,320.0,437.0,4,56,0.24047782795019002,0.00442075407686929,0.6,/work3/arnaou/checkpoints/megnet_Vc_trial_749_best_state.pt,"{'learning_rate': 0.00442075407686929, 'lr_reduce': 0.6}",TPESampler,COMPLETE
750,0.1540871411561966,2025-04-26 14:22:25.820077,2025-04-26 14:22:57.581341,0 days 00:00:31.761264,1,79,344,476.0,205.0,472.0,4,75,0.23376622266197603,0.0007340971960389404,0.6,/work3/arnaou/checkpoints/megnet_Vc_trial_750_best_state.pt,"{'learning_rate': 0.0007340971960389404, 'lr_reduce': 0.6}",TPESampler,COMPLETE
751,0.25964784622192383,2025-04-26 14:22:31.716622,2025-04-26 14:23:04.985059,0 days 00:00:33.268437,1,83,362,255.0,90.0,392.0,4,55,0.19522647468145496,0.0007151992665527615,0.6,/work3/arnaou/checkpoints/megnet_Vc_trial_751_best_state.pt,"{'learning_rate': 0.0007151992665527615, 'lr_reduce': 0.6}",TPESampler,COMPLETE
752,0.3343908488750458,2025-04-26 14:22:50.995856,2025-04-26 14:23:21.262977,0 days 00:00:30.267121,1,124,451,484.0,267.0,315.0,4,61,0.1859710273266337,0.001596218883637245,0.6,/work3/arnaou/checkpoints/megnet_Vc_trial_752_best_state.pt,"{'learning_rate': 0.001596218883637245, 'lr_reduce': 0.6}",TPESampler,COMPLETE
753,1.8551182746887207,2025-04-26 14:22:57.876342,2025-04-26 14:23:02.863455,0 days 00:00:04.987113,3,81,98,,,,1,90,0.05529657382847636,0.00022229850047882896,0.6,/work3/arnaou/checkpoints/megnet_Vc_trial_753_best_state.pt,"{'learning_rate': 0.00022229850047882896, 'lr_reduce': 0.6}",TPESampler,COMPLETE
754,0.28312307596206665,2025-04-26 14:23:03.134857,2025-04-26 14:23:31.528733,0 days 00:00:28.393876,2,113,395,471.0,,,2,62,0.12226805151511799,0.006670358154947014,0.6,/work3/arnaou/checkpoints/megnet_Vc_trial_754_best_state.pt,"{'learning_rate': 0.006670358154947014, 'lr_reduce': 0.6}",TPESampler,COMPLETE
755,1.854834794998169,2025-04-26 14:23:05.253635,2025-04-26 14:23:09.873478,0 days 00:00:04.619843,1,88,437,213.0,187.0,470.0,4,34,0.1769231253090816,0.00042853341941079433,0.6,/work3/arnaou/checkpoints/megnet_Vc_trial_755_best_state.pt,"{'learning_rate': 0.00042853341941079433, 'lr_reduce': 0.6}",TPESampler,COMPLETE
756,1.8134262561798096,2025-04-26 14:23:10.141584,2025-04-26 14:23:14.030463,0 days 00:00:03.888879,1,54,296,481.0,,,2,52,0.12811220689721825,0.0016438645453796569,0.6,/work3/arnaou/checkpoints/megnet_Vc_trial_756_best_state.pt,"{'learning_rate': 0.0016438645453796569, 'lr_reduce': 0.6}",TPESampler,COMPLETE
757,1.8526264429092407,2025-04-26 14:23:14.295868,2025-04-26 14:23:18.124835,0 days 00:00:03.828967,3,53,246,332.0,113.0,424.0,4,38,0.006528706784999394,0.00013766285119346672,0.6,/work3/arnaou/checkpoints/megnet_Vc_trial_757_best_state.pt,"{'learning_rate': 0.00013766285119346672, 'lr_reduce': 0.6}",TPESampler,COMPLETE
758,0.21240116655826569,2025-04-26 14:23:18.351500,2025-04-26 14:23:41.212773,0 days 00:00:22.861273,1,121,245,511.0,189.0,508.0,4,40,0.2341370610006146,0.004160464575983098,0.6,/work3/arnaou/checkpoints/megnet_Vc_trial_758_best_state.pt,"{'learning_rate': 0.004160464575983098, 'lr_reduce': 0.6}",TPESampler,COMPLETE
759,0.22147785127162933,2025-04-26 14:23:21.466459,2025-04-26 14:23:50.472372,0 days 00:00:29.005913,1,108,397,254.0,269.0,435.0,4,65,0.13820700595335506,0.001829968569380199,0.6,/work3/arnaou/checkpoints/megnet_Vc_trial_759_best_state.pt,"{'learning_rate': 0.001829968569380199, 'lr_reduce': 0.6}",TPESampler,COMPLETE
760,0.32162168622016907,2025-04-26 14:23:31.728718,2025-04-26 14:23:47.562615,0 days 00:00:15.833897,1,91,210,468.0,139.0,469.0,4,77,0.2180388496406581,0.0015153040153752882,0.6,/work3/arnaou/checkpoints/megnet_Vc_trial_760_best_state.pt,"{'learning_rate': 0.0015153040153752882, 'lr_reduce': 0.6}",TPESampler,COMPLETE
761,0.16167880594730377,2025-04-26 14:23:41.430540,2025-04-26 14:24:11.054629,0 days 00:00:29.624089,1,74,410,473.0,210.0,,3,58,0.18178635643428218,0.0009289717722040361,0.6,/work3/arnaou/checkpoints/megnet_Vc_trial_761_best_state.pt,"{'learning_rate': 0.0009289717722040361, 'lr_reduce': 0.6}",TPESampler,COMPLETE
762,1.8660331964492798,2025-04-26 14:23:47.764845,2025-04-26 14:23:51.122911,0 days 00:00:03.358066,2,88,474,321.0,91.0,511.0,4,71,0.23791655749855564,0.0004165350908962214,0.6,/work3/arnaou/checkpoints/megnet_Vc_trial_762_best_state.pt,"{'learning_rate': 0.0004165350908962214, 'lr_reduce': 0.6}",TPESampler,COMPLETE
763,0.5687698125839233,2025-04-26 14:23:50.675491,2025-04-26 14:24:22.399531,0 days 00:00:31.724040,3,123,242,188.0,,,2,52,0.08556250803511661,0.009414238540550212,0.6,/work3/arnaou/checkpoints/megnet_Vc_trial_763_best_state.pt,"{'learning_rate': 0.009414238540550212, 'lr_reduce': 0.6}",TPESampler,COMPLETE
764,0.4286079406738281,2025-04-26 14:23:51.359966,2025-04-26 14:24:10.211868,0 days 00:00:18.851902,1,91,284,445.0,,,2,64,0.07975620733861671,0.009599389026222028,0.6,/work3/arnaou/checkpoints/megnet_Vc_trial_764_best_state.pt,"{'learning_rate': 0.009599389026222028, 'lr_reduce': 0.6}",TPESampler,COMPLETE
765,1.8077409267425537,2025-04-26 14:24:10.415215,2025-04-26 14:24:15.156510,0 days 00:00:04.741295,2,104,292,510.0,,,2,36,0.11782219185673705,0.00814392597821746,0.6,/work3/arnaou/checkpoints/megnet_Vc_trial_765_best_state.pt,"{'learning_rate': 0.00814392597821746, 'lr_reduce': 0.6}",TPESampler,COMPLETE
766,0.3086344003677368,2025-04-26 14:24:11.309369,2025-04-26 14:24:43.576411,0 days 00:00:32.267042,1,69,95,445.0,164.0,386.0,4,95,0.0866127981533973,0.0008979933918751217,0.6,/work3/arnaou/checkpoints/megnet_Vc_trial_766_best_state.pt,"{'learning_rate': 0.0008979933918751217, 'lr_reduce': 0.6}",TPESampler,COMPLETE
767,1.8560478687286377,2025-04-26 14:24:15.368638,2025-04-26 14:24:19.813444,0 days 00:00:04.444806,1,55,472,253.0,325.0,,3,84,0.21883086764567522,0.0003551455409959813,0.6,/work3/arnaou/checkpoints/megnet_Vc_trial_767_best_state.pt,"{'learning_rate': 0.0003551455409959813, 'lr_reduce': 0.6}",TPESampler,COMPLETE
768,0.5936154127120972,2025-04-26 14:24:20.035672,2025-04-26 14:24:33.095582,0 days 00:00:13.059910,1,69,348,470.0,223.0,435.0,4,71,0.16323765226820164,0.001469324746941911,0.6,/work3/arnaou/checkpoints/megnet_Vc_trial_768_best_state.pt,"{'learning_rate': 0.001469324746941911, 'lr_reduce': 0.6}",TPESampler,COMPLETE
769,0.17335599660873413,2025-04-26 14:24:22.594800,2025-04-26 14:24:56.989400,0 days 00:00:34.394600,1,42,371,328.0,138.0,466.0,4,83,0.1343591057799348,0.0013998641761392076,0.6,/work3/arnaou/checkpoints/megnet_Vc_trial_769_best_state.pt,"{'learning_rate': 0.0013998641761392076, 'lr_reduce': 0.6}",TPESampler,COMPLETE
770,1.8549892902374268,2025-04-26 14:24:33.278970,2025-04-26 14:24:36.974183,0 days 00:00:03.695213,1,113,158,,,,1,59,0.0641805832724547,0.0002504021295629373,0.6,/work3/arnaou/checkpoints/megnet_Vc_trial_770_best_state.pt,"{'learning_rate': 0.0002504021295629373, 'lr_reduce': 0.6}",TPESampler,COMPLETE
771,0.12739799916744232,2025-04-26 14:24:37.191723,2025-04-26 14:25:21.843040,0 days 00:00:44.651317,1,62,265,448.0,278.0,,3,80,0.24606025653255797,0.0005313884818406007,0.6,/work3/arnaou/checkpoints/megnet_Vc_trial_771_best_state.pt,"{'learning_rate': 0.0005313884818406007, 'lr_reduce': 0.6}",TPESampler,COMPLETE
772,1.4575482606887817,2025-04-26 14:24:43.790673,2025-04-26 14:25:05.281035,0 days 00:00:21.490362,2,106,407,512.0,194.0,408.0,4,38,0.17615831502887735,0.0005127222613453672,0.6,/work3/arnaou/checkpoints/megnet_Vc_trial_772_best_state.pt,"{'learning_rate': 0.0005127222613453672, 'lr_reduce': 0.6}",TPESampler,COMPLETE
773,1.8572553396224976,2025-04-26 14:24:57.411248,2025-04-26 14:25:03.875175,0 days 00:00:06.463927,2,65,244,437.0,65.0,468.0,4,55,0.22432635826476421,0.0010933121264448476,0.6,/work3/arnaou/checkpoints/megnet_Vc_trial_773_best_state.pt,"{'learning_rate': 0.0010933121264448476, 'lr_reduce': 0.6}",TPESampler,COMPLETE
774,0.21487228572368622,2025-04-26 14:25:04.146373,2025-04-26 14:25:57.175758,0 days 00:00:53.029385,1,52,395,470.0,136.0,432.0,4,94,0.17898365825016585,0.0005842733349027352,0.6,/work3/arnaou/checkpoints/megnet_Vc_trial_774_best_state.pt,"{'learning_rate': 0.0005842733349027352, 'lr_reduce': 0.6}",TPESampler,COMPLETE
775,0.24069909751415253,2025-04-26 14:25:05.522511,2025-04-26 14:26:02.418349,0 days 00:00:56.895838,1,81,499,267.0,245.0,,3,37,0.24214373693314317,0.0016484491270119734,0.6,/work3/arnaou/checkpoints/megnet_Vc_trial_775_best_state.pt,"{'learning_rate': 0.0016484491270119734, 'lr_reduce': 0.6}",TPESampler,COMPLETE
776,0.1640981286764145,2025-04-26 14:25:22.526177,2025-04-26 14:26:12.872704,0 days 00:00:50.346527,1,53,280,453.0,311.0,,3,78,0.24375408269774443,0.0004666132113068709,0.6,/work3/arnaou/checkpoints/megnet_Vc_trial_776_best_state.pt,"{'learning_rate': 0.0004666132113068709, 'lr_reduce': 0.6}",TPESampler,COMPLETE
777,0.24508661031723022,2025-04-26 14:25:57.383412,2025-04-26 14:26:28.875447,0 days 00:00:31.492035,1,49,189,,,,1,76,0.23576047288092014,0.002335826995472249,0.6,/work3/arnaou/checkpoints/megnet_Vc_trial_777_best_state.pt,"{'learning_rate': 0.002335826995472249, 'lr_reduce': 0.6}",TPESampler,COMPLETE
778,0.15052174031734467,2025-04-26 14:26:02.651662,2025-04-26 14:26:33.624807,0 days 00:00:30.973145,1,61,248,454.0,315.0,,3,78,0.2374027386187519,0.0006875079689205523,0.6,/work3/arnaou/checkpoints/megnet_Vc_trial_778_best_state.pt,"{'learning_rate': 0.0006875079689205523, 'lr_reduce': 0.6}",TPESampler,COMPLETE
779,1.8487071990966797,2025-04-26 14:26:13.062125,2025-04-26 14:26:16.238270,0 days 00:00:03.176145,1,61,274,472.0,,,2,94,0.1834877767851132,0.00035748289467645787,0.6,/work3/arnaou/checkpoints/megnet_Vc_trial_779_best_state.pt,"{'learning_rate': 0.00035748289467645787, 'lr_reduce': 0.6}",TPESampler,COMPLETE
780,1.7908687591552734,2025-04-26 14:26:16.419687,2025-04-26 14:26:20.869705,0 days 00:00:04.450018,2,121,275,,,,1,62,0.13340142331529045,0.0025853854666017294,0.6,/work3/arnaou/checkpoints/megnet_Vc_trial_780_best_state.pt,"{'learning_rate': 0.0025853854666017294, 'lr_reduce': 0.6}",TPESampler,COMPLETE
781,1.8631263971328735,2025-04-26 14:26:21.061555,2025-04-26 14:26:25.730404,0 days 00:00:04.668849,1,49,146,433.0,295.0,,3,73,0.23381442430229546,0.00010701292126209806,0.6,/work3/arnaou/checkpoints/megnet_Vc_trial_781_best_state.pt,"{'learning_rate': 0.00010701292126209806, 'lr_reduce': 0.6}",TPESampler,COMPLETE
782,1.8019546270370483,2025-04-26 14:26:25.974082,2025-04-26 14:26:30.110341,0 days 00:00:04.136259,2,83,495,474.0,355.0,,3,64,0.2382708036978335,0.001318651090022773,0.6,/work3/arnaou/checkpoints/megnet_Vc_trial_782_best_state.pt,"{'learning_rate': 0.001318651090022773, 'lr_reduce': 0.6}",TPESampler,COMPLETE
783,0.0967743992805481,2025-04-26 14:26:29.078339,2025-04-26 14:26:59.652352,0 days 00:00:30.574013,1,70,290,435.0,300.0,363.0,4,45,0.24912191369440906,0.0011284345867053236,0.6,/work3/arnaou/checkpoints/megnet_Vc_trial_783_best_state.pt,"{'learning_rate': 0.0011284345867053236, 'lr_reduce': 0.6}",TPESampler,COMPLETE
784,0.2983490526676178,2025-04-26 14:26:30.733305,2025-04-26 14:26:50.091714,0 days 00:00:19.358409,1,92,398,473.0,313.0,509.0,4,46,0.16369176240982458,0.0031167414751818064,0.6,/work3/arnaou/checkpoints/megnet_Vc_trial_784_best_state.pt,"{'learning_rate': 0.0031167414751818064, 'lr_reduce': 0.6}",TPESampler,COMPLETE
785,1.858217477798462,2025-04-26 14:26:33.805857,2025-04-26 14:26:37.726915,0 days 00:00:03.921058,2,53,312,512.0,279.0,,3,64,0.23783190130261786,0.0002690320172654732,0.6,/work3/arnaou/checkpoints/megnet_Vc_trial_785_best_state.pt,"{'learning_rate': 0.0002690320172654732, 'lr_reduce': 0.6}",TPESampler,COMPLETE
786,1.8591489791870117,2025-04-26 14:26:37.956219,2025-04-26 14:26:41.786175,0 days 00:00:03.829956,1,96,392,454.0,279.0,433.0,4,44,0.1703788644864765,0.0005310660495333899,0.6,/work3/arnaou/checkpoints/megnet_Vc_trial_786_best_state.pt,"{'learning_rate': 0.0005310660495333899, 'lr_reduce': 0.6}",TPESampler,COMPLETE
787,1.859275221824646,2025-04-26 14:26:42.241551,2025-04-26 14:26:46.131752,0 days 00:00:03.890201,2,89,506,446.0,110.0,466.0,4,123,0.02386596600637364,0.0003225726261683113,0.6,/work3/arnaou/checkpoints/megnet_Vc_trial_787_best_state.pt,"{'learning_rate': 0.0003225726261683113, 'lr_reduce': 0.6}",TPESampler,COMPLETE
788,1.7843674421310425,2025-04-26 14:26:46.320482,2025-04-26 14:26:50.234314,0 days 00:00:03.913832,2,101,187,433.0,271.0,395.0,4,119,0.06974379772818963,0.0065573781597849145,0.6,/work3/arnaou/checkpoints/megnet_Vc_trial_788_best_state.pt,"{'learning_rate': 0.0065573781597849145, 'lr_reduce': 0.6}",TPESampler,COMPLETE
789,0.23492904007434845,2025-04-26 14:26:50.267186,2025-04-26 14:27:13.778902,0 days 00:00:23.511716,1,58,392,210.0,119.0,460.0,4,106,0.1996850192443814,0.0019595334815233397,0.6,/work3/arnaou/checkpoints/megnet_Vc_trial_789_best_state.pt,"{'learning_rate': 0.0019595334815233397, 'lr_reduce': 0.6}",TPESampler,COMPLETE
790,1.8667452335357666,2025-04-26 14:26:50.428692,2025-04-26 14:26:54.978933,0 days 00:00:04.550241,1,87,350,435.0,377.0,,3,87,0.197013053665498,0.00016740064442573256,0.6,/work3/arnaou/checkpoints/megnet_Vc_trial_790_best_state.pt,"{'learning_rate': 0.00016740064442573256, 'lr_reduce': 0.6}",TPESampler,COMPLETE
791,1.8638898134231567,2025-04-26 14:26:55.390431,2025-04-26 14:26:59.465571,0 days 00:00:04.075140,2,81,209,476.0,159.0,,3,84,0.24157076421268833,0.00035942053702017523,0.6,/work3/arnaou/checkpoints/megnet_Vc_trial_791_best_state.pt,"{'learning_rate': 0.00035942053702017523, 'lr_reduce': 0.6}",TPESampler,COMPLETE
792,0.2904603183269501,2025-04-26 14:26:59.699512,2025-04-26 14:27:16.228781,0 days 00:00:16.529269,1,67,192,421.0,308.0,,3,100,0.24401563897690548,0.0007426923298998859,0.6,/work3/arnaou/checkpoints/megnet_Vc_trial_792_best_state.pt,"{'learning_rate': 0.0007426923298998859, 'lr_reduce': 0.6}",TPESampler,COMPLETE
793,0.3425576686859131,2025-04-26 14:26:59.861678,2025-04-26 14:27:30.003428,0 days 00:00:30.141750,1,76,301,420.0,358.0,348.0,4,56,0.23523201472141722,0.0010071238613915518,0.6,/work3/arnaou/checkpoints/megnet_Vc_trial_793_best_state.pt,"{'learning_rate': 0.0010071238613915518, 'lr_reduce': 0.6}",TPESampler,COMPLETE
794,1.853444218635559,2025-04-26 14:27:13.992894,2025-04-26 14:27:17.946646,0 days 00:00:03.953752,3,57,465,421.0,321.0,317.0,4,59,0.17308374952054606,0.0003395985241017148,0.6,/work3/arnaou/checkpoints/megnet_Vc_trial_794_best_state.pt,"{'learning_rate': 0.0003395985241017148, 'lr_reduce': 0.6}",TPESampler,COMPLETE
795,1.8460553884506226,2025-04-26 14:27:16.480446,2025-04-26 14:27:20.433391,0 days 00:00:03.952945,2,56,296,414.0,312.0,,3,87,0.2221013662531446,0.0009055760817919034,0.6,/work3/arnaou/checkpoints/megnet_Vc_trial_795_best_state.pt,"{'learning_rate': 0.0009055760817919034, 'lr_reduce': 0.6}",TPESampler,COMPLETE
796,1.8563969135284424,2025-04-26 14:27:18.168997,2025-04-26 14:27:22.001297,0 days 00:00:03.832300,1,66,294,426.0,296.0,332.0,4,56,0.22573686442093094,0.0005361664647431251,0.6,/work3/arnaou/checkpoints/megnet_Vc_trial_796_best_state.pt,"{'learning_rate': 0.0005361664647431251, 'lr_reduce': 0.6}",TPESampler,COMPLETE
797,1.786055088043213,2025-04-26 14:27:20.645765,2025-04-26 14:27:24.555144,0 days 00:00:03.909379,3,115,503,246.0,,,2,103,0.22067544023735028,0.0038167107280072847,0.6,/work3/arnaou/checkpoints/megnet_Vc_trial_797_best_state.pt,"{'learning_rate': 0.0038167107280072847, 'lr_reduce': 0.6}",TPESampler,COMPLETE
798,1.4105521440505981,2025-04-26 14:27:22.202306,2025-04-26 14:27:30.993005,0 days 00:00:08.790699,2,46,325,418.0,282.0,336.0,4,59,0.14673029813170244,0.001273945430356048,0.6,/work3/arnaou/checkpoints/megnet_Vc_trial_798_best_state.pt,"{'learning_rate': 0.001273945430356048, 'lr_reduce': 0.6}",TPESampler,COMPLETE
799,0.16698968410491943,2025-04-26 14:27:24.802000,2025-04-26 14:27:54.032248,0 days 00:00:29.230248,1,127,481,475.0,338.0,352.0,4,77,0.1425222511229069,0.0008763007688312565,0.6,/work3/arnaou/checkpoints/megnet_Vc_trial_799_best_state.pt,"{'learning_rate': 0.0008763007688312565, 'lr_reduce': 0.6}",TPESampler,COMPLETE
800,1.8359349966049194,2025-04-26 14:27:30.188476,2025-04-26 14:27:33.770617,0 days 00:00:03.582141,1,83,328,511.0,265.0,279.0,4,42,0.2308612482551936,0.001668037152073363,0.6,/work3/arnaou/checkpoints/megnet_Vc_trial_800_best_state.pt,"{'learning_rate': 0.001668037152073363, 'lr_reduce': 0.6}",TPESampler,COMPLETE
801,1.8606477975845337,2025-04-26 14:27:31.232740,2025-04-26 14:27:35.220503,0 days 00:00:03.987763,2,43,452,431.0,272.0,359.0,4,78,0.13163971033918515,0.00036218225021508905,0.6,/work3/arnaou/checkpoints/megnet_Vc_trial_801_best_state.pt,"{'learning_rate': 0.00036218225021508905, 'lr_reduce': 0.6}",TPESampler,COMPLETE
802,1.8629860877990723,2025-04-26 14:27:33.989184,2025-04-26 14:27:37.602395,0 days 00:00:03.613211,1,65,180,199.0,282.0,,3,79,0.2400029074268695,0.0002740842080973281,0.6,/work3/arnaou/checkpoints/megnet_Vc_trial_802_best_state.pt,"{'learning_rate': 0.0002740842080973281, 'lr_reduce': 0.6}",TPESampler,COMPLETE
803,1.8088830709457397,2025-04-26 14:27:35.415527,2025-04-26 14:27:39.290828,0 days 00:00:03.875301,1,109,407,,,,1,34,0.10202189037031743,0.0019726137194540083,0.6,/work3/arnaou/checkpoints/megnet_Vc_trial_803_best_state.pt,"{'learning_rate': 0.0019726137194540083, 'lr_reduce': 0.6}",TPESampler,COMPLETE
804,1.8622204065322876,2025-04-26 14:27:37.813105,2025-04-26 14:27:41.974449,0 days 00:00:04.161344,2,61,232,402.0,331.0,384.0,4,67,0.24940160572624925,0.0002988971096724681,0.6,/work3/arnaou/checkpoints/megnet_Vc_trial_804_best_state.pt,"{'learning_rate': 0.0002988971096724681, 'lr_reduce': 0.6}",TPESampler,COMPLETE
805,0.4322151839733124,2025-04-26 14:27:39.492108,2025-04-26 14:28:06.728844,0 days 00:00:27.236736,1,108,390,469.0,259.0,388.0,4,34,0.15688878756307018,0.0011189164277352612,0.6,/work3/arnaou/checkpoints/megnet_Vc_trial_805_best_state.pt,"{'learning_rate': 0.0011189164277352612, 'lr_reduce': 0.6}",TPESampler,COMPLETE
806,1.856123447418213,2025-04-26 14:27:42.302689,2025-04-26 14:27:46.897042,0 days 00:00:04.594353,1,114,181,124.0,244.0,393.0,4,57,0.23288818210933035,0.00043403876350312133,0.6,/work3/arnaou/checkpoints/megnet_Vc_trial_806_best_state.pt,"{'learning_rate': 0.00043403876350312133, 'lr_reduce': 0.6}",TPESampler,COMPLETE
807,0.32219892740249634,2025-04-26 14:27:47.180798,2025-04-26 14:28:10.793551,0 days 00:00:23.612753,2,69,327,440.0,341.0,414.0,4,93,0.16470198877512915,0.0004799761178802667,0.6,/work3/arnaou/checkpoints/megnet_Vc_trial_807_best_state.pt,"{'learning_rate': 0.0004799761178802667, 'lr_reduce': 0.6}",TPESampler,COMPLETE
808,1.7875945568084717,2025-04-26 14:27:54.868333,2025-04-26 14:27:59.552798,0 days 00:00:04.684465,3,59,469,,,,1,95,0.06404339760168366,0.002006770730930896,0.6,/work3/arnaou/checkpoints/megnet_Vc_trial_808_best_state.pt,"{'learning_rate': 0.002006770730930896, 'lr_reduce': 0.6}",TPESampler,COMPLETE
809,0.2309657782316208,2025-04-26 14:27:59.756391,2025-04-26 14:28:23.099769,0 days 00:00:23.343378,1,56,224,251.0,,,2,89,0.24639975447292176,0.0007706175686929406,0.6,/work3/arnaou/checkpoints/megnet_Vc_trial_809_best_state.pt,"{'learning_rate': 0.0007706175686929406, 'lr_reduce': 0.6}",TPESampler,COMPLETE
810,0.14548680186271667,2025-04-26 14:28:06.930885,2025-04-26 14:28:42.739244,0 days 00:00:35.808359,1,65,301,400.0,299.0,470.0,4,37,0.20962100320447744,0.0013215753517372402,0.6,/work3/arnaou/checkpoints/megnet_Vc_trial_810_best_state.pt,"{'learning_rate': 0.0013215753517372402, 'lr_reduce': 0.6}",TPESampler,COMPLETE
811,1.8329979181289673,2025-04-26 14:28:10.997010,2025-04-26 14:28:14.652274,0 days 00:00:03.655264,1,101,444,511.0,249.0,511.0,4,39,0.16483082922481176,0.0014184732874877367,0.6,/work3/arnaou/checkpoints/megnet_Vc_trial_811_best_state.pt,"{'learning_rate': 0.0014184732874877367, 'lr_reduce': 0.6}",TPESampler,COMPLETE
812,0.12805487215518951,2025-04-26 14:28:14.862781,2025-04-26 14:28:50.346340,0 days 00:00:35.483559,1,59,265,435.0,280.0,422.0,4,62,0.24442039854603542,0.0012237008455306961,0.6,/work3/arnaou/checkpoints/megnet_Vc_trial_812_best_state.pt,"{'learning_rate': 0.0012237008455306961, 'lr_reduce': 0.6}",TPESampler,COMPLETE
813,0.4133101999759674,2025-04-26 14:28:23.320547,2025-04-26 14:30:01.721485,0 days 00:01:38.400938,1,74,260,475.0,221.0,,3,95,0.23786036017655665,0.00037840870153573483,0.6,/work3/arnaou/checkpoints/megnet_Vc_trial_813_best_state.pt,"{'learning_rate': 0.00037840870153573483, 'lr_reduce': 0.6}",TPESampler,COMPLETE
814,1.862166166305542,2025-04-26 14:28:42.941390,2025-04-26 14:28:46.972329,0 days 00:00:04.030939,1,80,468,405.0,203.0,432.0,4,63,0.18839256680488842,0.00024160704666091284,0.6,/work3/arnaou/checkpoints/megnet_Vc_trial_814_best_state.pt,"{'learning_rate': 0.00024160704666091284, 'lr_reduce': 0.6}",TPESampler,COMPLETE
815,1.8610920906066895,2025-04-26 14:28:47.163040,2025-04-26 14:28:51.382848,0 days 00:00:04.219808,2,64,402,468.0,249.0,377.0,4,41,0.19857742287540672,0.0008571406609570999,0.6,/work3/arnaou/checkpoints/megnet_Vc_trial_815_best_state.pt,"{'learning_rate': 0.0008571406609570999, 'lr_reduce': 0.6}",TPESampler,COMPLETE
