number,value,datetime_start,datetime_complete,duration,params_depth,params_edge_hidden_dim,params_mlp_dim_00,params_mlp_dim_01,params_mlp_dim_02,params_mlp_dim_03,params_mlp_n_layers,params_node_hidden_dim,params_rep_dropout,params_train_learning_rate,params_train_lr_reduce,user_attrs_best_state_dict_path,user_attrs_training_params,system_attrs_auto:sampler,state
544,1.8243663311004639,2025-04-26 14:07:11.016232,2025-04-26 14:07:15.017941,0 days 00:00:04.001709,1,91,349,321.0,154.0,,3,46,0.2425402026169182,0.0018167813556727098,0.6,/work3/arnaou/checkpoints/megnet_Vc_trial_544_best_state.pt,"{'learning_rate': 0.0018167813556727098, 'lr_reduce': 0.6}",TPESampler,COMPLETE
545,1.841896653175354,2025-04-26 14:07:11.210583,2025-04-26 14:07:14.915649,0 days 00:00:03.705066,1,126,312,383.0,,,2,44,0.11610101304839388,0.004658031315352515,0.6,/work3/arnaou/checkpoints/megnet_Vc_trial_545_best_state.pt,"{'learning_rate': 0.004658031315352515, 'lr_reduce': 0.6}",TPESampler,COMPLETE
546,1.8027642965316772,2025-04-26 14:07:15.089940,2025-04-26 14:07:18.775907,0 days 00:00:03.685967,3,104,227,,,,1,43,0.09885899833317424,0.0017044113937166178,0.6,/work3/arnaou/checkpoints/megnet_Vc_trial_546_best_state.pt,"{'learning_rate': 0.0017044113937166178, 'lr_reduce': 0.6}",TPESampler,COMPLETE
547,0.15833206474781036,2025-04-26 14:07:15.251033,2025-04-26 14:07:44.463450,0 days 00:00:29.212417,1,75,249,423.0,104.0,,3,56,0.17425357200334113,0.0007043940041362401,0.6,/work3/arnaou/checkpoints/megnet_Vc_trial_547_best_state.pt,"{'learning_rate': 0.0007043940041362401, 'lr_reduce': 0.6}",TPESampler,COMPLETE
548,0.23504067957401276,2025-04-26 14:07:18.951535,2025-04-26 14:07:47.423063,0 days 00:00:28.471528,1,112,103,391.0,394.0,460.0,4,45,0.0564318973198443,0.0003066851804316196,0.6,/work3/arnaou/checkpoints/megnet_Vc_trial_548_best_state.pt,"{'learning_rate': 0.0003066851804316196, 'lr_reduce': 0.6}",TPESampler,COMPLETE
549,1.7115570306777954,2025-04-26 14:07:30.465500,2025-04-26 14:07:36.230561,0 days 00:00:05.765061,2,123,148,434.0,161.0,,3,47,0.13353149769747924,0.004517795252802348,0.6,/work3/arnaou/checkpoints/megnet_Vc_trial_549_best_state.pt,"{'learning_rate': 0.004517795252802348, 'lr_reduce': 0.6}",TPESampler,COMPLETE
550,1.8035600185394287,2025-04-26 14:07:36.436680,2025-04-26 14:07:40.263862,0 days 00:00:03.827182,1,78,218,344.0,,,2,51,0.24479637526725234,0.0020390140410017042,0.6,/work3/arnaou/checkpoints/megnet_Vc_trial_550_best_state.pt,"{'learning_rate': 0.0020390140410017042, 'lr_reduce': 0.6}",TPESampler,COMPLETE
551,0.16244660317897797,2025-04-26 14:07:40.458132,2025-04-26 14:08:15.288240,0 days 00:00:34.830108,2,81,494,511.0,155.0,435.0,4,77,0.19683635865954777,0.0004651810892365456,0.6,/work3/arnaou/checkpoints/megnet_Vc_trial_551_best_state.pt,"{'learning_rate': 0.0004651810892365456, 'lr_reduce': 0.6}",TPESampler,COMPLETE
552,0.22498849034309387,2025-04-26 14:07:44.728236,2025-04-26 14:08:13.693877,0 days 00:00:28.965641,1,94,387,425.0,271.0,471.0,4,82,0.09864432262789838,0.0003981903741323982,0.6,/work3/arnaou/checkpoints/megnet_Vc_trial_552_best_state.pt,"{'learning_rate': 0.0003981903741323982, 'lr_reduce': 0.6}",TPESampler,COMPLETE
553,1.853519082069397,2025-04-26 14:07:47.664854,2025-04-26 14:07:52.128650,0 days 00:00:04.463796,1,73,267,469.0,107.0,,3,50,0.2385751163191794,0.00040552524024671174,0.6,/work3/arnaou/checkpoints/megnet_Vc_trial_553_best_state.pt,"{'learning_rate': 0.00040552524024671174, 'lr_reduce': 0.6}",TPESampler,COMPLETE
554,0.2212963104248047,2025-04-26 14:07:52.348379,2025-04-26 14:08:22.786168,0 days 00:00:30.437789,1,69,406,381.0,170.0,509.0,4,99,0.19629243659210557,0.00041232980978064994,0.6,/work3/arnaou/checkpoints/megnet_Vc_trial_554_best_state.pt,"{'learning_rate': 0.00041232980978064994, 'lr_reduce': 0.6}",TPESampler,COMPLETE
555,1.8141796588897705,2025-04-26 14:08:13.900098,2025-04-26 14:08:18.865124,0 days 00:00:04.965026,4,58,428,426.0,102.0,371.0,4,125,0.18205163157132198,0.006632696805385243,0.6,/work3/arnaou/checkpoints/megnet_Vc_trial_555_best_state.pt,"{'learning_rate': 0.006632696805385243, 'lr_reduce': 0.6}",TPESampler,COMPLETE
556,0.28878089785575867,2025-04-26 14:08:15.493854,2025-04-26 14:08:33.816583,0 days 00:00:18.322729,1,110,360,113.0,229.0,,3,71,0.24535306005455432,0.0012719786255014273,0.6,/work3/arnaou/checkpoints/megnet_Vc_trial_556_best_state.pt,"{'learning_rate': 0.0012719786255014273, 'lr_reduce': 0.6}",TPESampler,COMPLETE
557,0.35630542039871216,2025-04-26 14:08:19.054178,2025-04-26 14:08:46.585207,0 days 00:00:27.531029,1,83,393,356.0,329.0,93.0,4,34,0.19359656283829021,0.002440140595409839,0.6,/work3/arnaou/checkpoints/megnet_Vc_trial_557_best_state.pt,"{'learning_rate': 0.002440140595409839, 'lr_reduce': 0.6}",TPESampler,COMPLETE
558,0.5823296904563904,2025-04-26 14:08:22.985122,2025-04-26 14:08:32.744261,0 days 00:00:09.759139,1,95,297,474.0,155.0,435.0,4,59,0.24572604676228132,0.0012292281463856024,0.6,/work3/arnaou/checkpoints/megnet_Vc_trial_558_best_state.pt,"{'learning_rate': 0.0012292281463856024, 'lr_reduce': 0.6}",TPESampler,COMPLETE
559,1.8569403886795044,2025-04-26 14:08:32.918623,2025-04-26 14:08:36.205534,0 days 00:00:03.286911,1,66,136,398.0,200.0,466.0,4,68,0.18846526010528802,0.0002825751174119812,0.6,/work3/arnaou/checkpoints/megnet_Vc_trial_559_best_state.pt,"{'learning_rate': 0.0002825751174119812, 'lr_reduce': 0.6}",TPESampler,COMPLETE
560,1.8597379922866821,2025-04-26 14:08:34.014594,2025-04-26 14:08:37.447703,0 days 00:00:03.433109,1,74,419,466.0,100.0,415.0,4,57,0.23994828486972403,0.0004785570164054674,0.6,/work3/arnaou/checkpoints/megnet_Vc_trial_560_best_state.pt,"{'learning_rate': 0.0004785570164054674, 'lr_reduce': 0.6}",TPESampler,COMPLETE
561,1.858210563659668,2025-04-26 14:08:36.405079,2025-04-26 14:08:39.937987,0 days 00:00:03.532908,1,94,501,512.0,149.0,509.0,4,96,0.2092897195087946,0.00035935437544899946,0.6,/work3/arnaou/checkpoints/megnet_Vc_trial_561_best_state.pt,"{'learning_rate': 0.00035935437544899946, 'lr_reduce': 0.6}",TPESampler,COMPLETE
562,1.8549530506134033,2025-04-26 14:08:37.658777,2025-04-26 14:08:41.069060,0 days 00:00:03.410283,1,72,337,402.0,245.0,,3,69,0.23799426938771262,0.00041810301105076937,0.6,/work3/arnaou/checkpoints/megnet_Vc_trial_562_best_state.pt,"{'learning_rate': 0.00041810301105076937, 'lr_reduce': 0.6}",TPESampler,COMPLETE
563,0.5633805394172668,2025-04-26 14:08:40.138040,2025-04-26 14:09:12.937667,0 days 00:00:32.799627,1,80,308,331.0,181.0,460.0,4,59,0.10644017656416838,0.0006680774747502875,0.6,/work3/arnaou/checkpoints/megnet_Vc_trial_563_best_state.pt,"{'learning_rate': 0.0006680774747502875, 'lr_reduce': 0.6}",TPESampler,COMPLETE
564,0.21858711540699005,2025-04-26 14:08:41.295311,2025-04-26 14:09:12.793955,0 days 00:00:31.498644,2,69,403,423.0,125.0,413.0,4,97,0.09063986281212591,0.0008677290745835266,0.6,/work3/arnaou/checkpoints/megnet_Vc_trial_564_best_state.pt,"{'learning_rate': 0.0008677290745835266, 'lr_reduce': 0.6}",TPESampler,COMPLETE
565,0.4363580346107483,2025-04-26 14:08:46.786373,2025-04-26 14:09:16.229114,0 days 00:00:29.442741,2,87,168,373.0,65.0,466.0,4,53,0.2005815216646671,0.0013845393520326237,0.6,/work3/arnaou/checkpoints/megnet_Vc_trial_565_best_state.pt,"{'learning_rate': 0.0013845393520326237, 'lr_reduce': 0.6}",TPESampler,COMPLETE
566,1.857938289642334,2025-04-26 14:09:13.010569,2025-04-26 14:09:17.463444,0 days 00:00:04.452875,3,58,195,466.0,194.0,510.0,4,110,0.18446064445239307,0.0001978623560694094,0.6,/work3/arnaou/checkpoints/megnet_Vc_trial_566_best_state.pt,"{'learning_rate': 0.0001978623560694094, 'lr_reduce': 0.6}",TPESampler,COMPLETE
567,1.8663594722747803,2025-04-26 14:09:13.223457,2025-04-26 14:09:17.595907,0 days 00:00:04.372450,1,58,481,432.0,148.0,423.0,4,54,0.23912009028308948,0.0001102697640564367,0.6,/work3/arnaou/checkpoints/megnet_Vc_trial_567_best_state.pt,"{'learning_rate': 0.0001102697640564367, 'lr_reduce': 0.6}",TPESampler,COMPLETE
568,1.8606886863708496,2025-04-26 14:09:16.429703,2025-04-26 14:09:19.826407,0 days 00:00:03.396704,1,83,77,382.0,276.0,319.0,4,49,0.15480952730574998,0.0004774175175611758,0.6,/work3/arnaou/checkpoints/megnet_Vc_trial_568_best_state.pt,"{'learning_rate': 0.0004774175175611758, 'lr_reduce': 0.6}",TPESampler,COMPLETE
569,0.16400246322155,2025-04-26 14:09:17.649132,2025-04-26 14:09:46.630411,0 days 00:00:28.981279,1,69,229,472.0,120.0,467.0,4,72,0.23053880205572105,0.0008842613733424043,0.6,/work3/arnaou/checkpoints/megnet_Vc_trial_569_best_state.pt,"{'learning_rate': 0.0008842613733424043, 'lr_reduce': 0.6}",TPESampler,COMPLETE
570,0.15285450220108032,2025-04-26 14:09:17.799380,2025-04-26 14:09:40.385233,0 days 00:00:22.585853,1,67,508,422.0,210.0,388.0,4,82,0.18193501770922488,0.0009030087668332515,0.6,/work3/arnaou/checkpoints/megnet_Vc_trial_570_best_state.pt,"{'learning_rate': 0.0009030087668332515, 'lr_reduce': 0.6}",TPESampler,COMPLETE
571,0.19284312427043915,2025-04-26 14:09:20.048764,2025-04-26 14:09:40.307478,0 days 00:00:20.258714,1,86,322,363.0,162.0,,3,73,0.20455857766678207,0.0007250113287637155,0.6,/work3/arnaou/checkpoints/megnet_Vc_trial_571_best_state.pt,"{'learning_rate': 0.0007250113287637155, 'lr_reduce': 0.6}",TPESampler,COMPLETE
572,1.8470629453659058,2025-04-26 14:09:40.502928,2025-04-26 14:09:44.595030,0 days 00:00:04.092102,1,66,144,509.0,114.0,512.0,4,34,0.15061388760238315,0.0022821307909780854,0.6,/work3/arnaou/checkpoints/megnet_Vc_trial_572_best_state.pt,"{'learning_rate': 0.0022821307909780854, 'lr_reduce': 0.6}",TPESampler,COMPLETE
573,1.7954368591308594,2025-04-26 14:09:40.564046,2025-04-26 14:09:44.558203,0 days 00:00:03.994157,3,115,70,431.0,232.0,457.0,4,51,0.24700761550144756,0.007318651637973124,0.6,/work3/arnaou/checkpoints/megnet_Vc_trial_573_best_state.pt,"{'learning_rate': 0.007318651637973124, 'lr_reduce': 0.6}",TPESampler,COMPLETE
574,0.2533799707889557,2025-04-26 14:09:44.863433,2025-04-26 14:10:05.381965,0 days 00:00:20.518532,1,94,330,390.0,167.0,,3,74,0.167420068846641,0.0032727625577274183,0.6,/work3/arnaou/checkpoints/megnet_Vc_trial_574_best_state.pt,"{'learning_rate': 0.0032727625577274183, 'lr_reduce': 0.6}",TPESampler,COMPLETE
575,0.2833297848701477,2025-04-26 14:09:44.915323,2025-04-26 14:10:07.148209,0 days 00:00:22.232886,1,96,239,330.0,161.0,,3,56,0.24677442184795526,0.005131214839126992,0.6,/work3/arnaou/checkpoints/megnet_Vc_trial_575_best_state.pt,"{'learning_rate': 0.005131214839126992, 'lr_reduce': 0.6}",TPESampler,COMPLETE
576,0.13238447904586792,2025-04-26 14:09:46.846938,2025-04-26 14:10:16.966730,0 days 00:00:30.119792,1,100,300,447.0,316.0,430.0,4,34,0.24384479349299049,0.0012203400394744798,0.6,/work3/arnaou/checkpoints/megnet_Vc_trial_576_best_state.pt,"{'learning_rate': 0.0012203400394744798, 'lr_reduce': 0.6}",TPESampler,COMPLETE
577,0.5084361433982849,2025-04-26 14:10:05.638946,2025-04-26 14:10:18.460192,0 days 00:00:12.821246,1,94,424,512.0,100.0,467.0,4,60,0.18496811278070346,0.0014141149194927065,0.6,/work3/arnaou/checkpoints/megnet_Vc_trial_577_best_state.pt,"{'learning_rate': 0.0014141149194927065, 'lr_reduce': 0.6}",TPESampler,COMPLETE
578,1.8059457540512085,2025-04-26 14:10:07.363453,2025-04-26 14:10:11.151808,0 days 00:00:03.788355,2,127,85,,,,1,80,0.023292572220702162,0.0013087616053237905,0.6,/work3/arnaou/checkpoints/megnet_Vc_trial_578_best_state.pt,"{'learning_rate': 0.0013087616053237905, 'lr_reduce': 0.6}",TPESampler,COMPLETE
579,1.8323355913162231,2025-04-26 14:10:11.372164,2025-04-26 14:10:15.156983,0 days 00:00:03.784819,2,88,359,375.0,215.0,512.0,4,56,0.18944206319637621,0.0020788304360270576,0.6,/work3/arnaou/checkpoints/megnet_Vc_trial_579_best_state.pt,"{'learning_rate': 0.0020788304360270576, 'lr_reduce': 0.6}",TPESampler,COMPLETE
580,0.17555874586105347,2025-04-26 14:10:15.400318,2025-04-26 14:10:45.800664,0 days 00:00:30.400346,1,74,314,466.0,129.0,,3,37,0.24804022988055235,0.0009116137449115696,0.6,/work3/arnaou/checkpoints/megnet_Vc_trial_580_best_state.pt,"{'learning_rate': 0.0009116137449115696, 'lr_reduce': 0.6}",TPESampler,COMPLETE
581,1.7878520488739014,2025-04-26 14:10:17.178194,2025-04-26 14:10:20.708929,0 days 00:00:03.530735,1,88,265,467.0,352.0,399.0,4,35,0.23015042104400296,0.0029421976786320144,0.6,/work3/arnaou/checkpoints/megnet_Vc_trial_581_best_state.pt,"{'learning_rate': 0.0029421976786320144, 'lr_reduce': 0.6}",TPESampler,COMPLETE
582,1.866471290588379,2025-04-26 14:10:18.697831,2025-04-26 14:10:23.249811,0 days 00:00:04.551980,2,91,475,466.0,294.0,422.0,4,41,0.24648528863142555,0.00021020829983360036,0.6,/work3/arnaou/checkpoints/megnet_Vc_trial_582_best_state.pt,"{'learning_rate': 0.00021020829983360036, 'lr_reduce': 0.6}",TPESampler,COMPLETE
583,1.8270225524902344,2025-04-26 14:10:20.901229,2025-04-26 14:10:24.330253,0 days 00:00:03.429024,1,102,210,470.0,274.0,437.0,4,50,0.24463926286387805,0.001497088892997204,0.6,/work3/arnaou/checkpoints/megnet_Vc_trial_583_best_state.pt,"{'learning_rate': 0.001497088892997204, 'lr_reduce': 0.6}",TPESampler,COMPLETE
584,0.16710947453975677,2025-04-26 14:10:23.449235,2025-04-26 14:10:45.681341,0 days 00:00:22.232106,1,75,499,454.0,387.0,387.0,4,58,0.24593896753194056,0.0006672535910072539,0.6,/work3/arnaou/checkpoints/megnet_Vc_trial_584_best_state.pt,"{'learning_rate': 0.0006672535910072539, 'lr_reduce': 0.6}",TPESampler,COMPLETE
585,0.16720758378505707,2025-04-26 14:10:24.576620,2025-04-26 14:10:57.603205,0 days 00:00:33.026585,1,82,429,436.0,361.0,440.0,4,70,0.19088391765945148,0.0004233004689237955,0.6,/work3/arnaou/checkpoints/megnet_Vc_trial_585_best_state.pt,"{'learning_rate': 0.0004233004689237955, 'lr_reduce': 0.6}",TPESampler,COMPLETE
586,1.8411377668380737,2025-04-26 14:10:45.885967,2025-04-26 14:10:49.855623,0 days 00:00:03.969656,2,104,270,473.0,311.0,451.0,4,41,0.24714651884307207,0.001683103666151687,0.6,/work3/arnaou/checkpoints/megnet_Vc_trial_586_best_state.pt,"{'learning_rate': 0.001683103666151687, 'lr_reduce': 0.6}",TPESampler,COMPLETE
587,0.1628294736146927,2025-04-26 14:10:45.966125,2025-04-26 14:11:14.915828,0 days 00:00:28.949703,1,70,343,431.0,307.0,427.0,4,60,0.2263150617854252,0.0008384389706038575,0.6,/work3/arnaou/checkpoints/megnet_Vc_trial_587_best_state.pt,"{'learning_rate': 0.0008384389706038575, 'lr_reduce': 0.6}",TPESampler,COMPLETE
588,1.854712963104248,2025-04-26 14:10:50.064887,2025-04-26 14:10:53.848619,0 days 00:00:03.783732,1,98,214,479.0,316.0,466.0,4,80,0.20867745885168568,0.00043296437071829757,0.6,/work3/arnaou/checkpoints/megnet_Vc_trial_588_best_state.pt,"{'learning_rate': 0.00043296437071829757, 'lr_reduce': 0.6}",TPESampler,COMPLETE
589,1.8572731018066406,2025-04-26 14:10:54.052625,2025-04-26 14:10:57.668876,0 days 00:00:03.616251,2,89,251,510.0,306.0,363.0,4,56,0.24708450644038546,0.0003080026263198471,0.6,/work3/arnaou/checkpoints/megnet_Vc_trial_589_best_state.pt,"{'learning_rate': 0.0003080026263198471, 'lr_reduce': 0.6}",TPESampler,COMPLETE
590,0.11747970432043076,2025-04-26 14:10:57.758601,2025-04-26 14:11:26.514650,0 days 00:00:28.756049,1,91,277,432.0,89.0,465.0,4,46,0.24572593774177479,0.0007330933476650245,0.6,/work3/arnaou/checkpoints/megnet_Vc_trial_590_best_state.pt,"{'learning_rate': 0.0007330933476650245, 'lr_reduce': 0.6}",TPESampler,COMPLETE
591,0.16727536916732788,2025-04-26 14:10:57.843825,2025-04-26 14:11:27.078405,0 days 00:00:29.234580,1,85,311,427.0,126.0,419.0,4,40,0.22947046840753274,0.0010440837394891096,0.6,/work3/arnaou/checkpoints/megnet_Vc_trial_591_best_state.pt,"{'learning_rate': 0.0010440837394891096, 'lr_reduce': 0.6}",TPESampler,COMPLETE
592,1.835257887840271,2025-04-26 14:11:15.153807,2025-04-26 14:11:18.846528,0 days 00:00:03.692721,2,83,426,317.0,365.0,,3,42,0.24334844071760428,0.0010721025737770347,0.6,/work3/arnaou/checkpoints/megnet_Vc_trial_592_best_state.pt,"{'learning_rate': 0.0010721025737770347, 'lr_reduce': 0.6}",TPESampler,COMPLETE
593,1.7835166454315186,2025-04-26 14:11:19.074478,2025-04-26 14:11:22.919790,0 days 00:00:03.845312,4,37,429,,,,1,103,0.22053718770542752,0.00599767677193521,0.6,/work3/arnaou/checkpoints/megnet_Vc_trial_593_best_state.pt,"{'learning_rate': 0.00599767677193521, 'lr_reduce': 0.6}",TPESampler,COMPLETE
594,1.8623932600021362,2025-04-26 14:11:23.128819,2025-04-26 14:11:27.070626,0 days 00:00:03.941807,1,60,402,415.0,327.0,462.0,4,78,0.17068505632198772,0.00023882365272121295,0.6,/work3/arnaou/checkpoints/megnet_Vc_trial_594_best_state.pt,"{'learning_rate': 0.00023882365272121295, 'lr_reduce': 0.6}",TPESampler,COMPLETE
595,1.865339994430542,2025-04-26 14:11:26.698058,2025-04-26 14:11:30.847296,0 days 00:00:04.149238,1,98,283,473.0,104.0,478.0,4,45,0.23373390966477836,0.0003714057320048715,0.6,/work3/arnaou/checkpoints/megnet_Vc_trial_595_best_state.pt,"{'learning_rate': 0.0003714057320048715, 'lr_reduce': 0.6}",TPESampler,COMPLETE
596,1.778844952583313,2025-04-26 14:11:27.280047,2025-04-26 14:11:33.194546,0 days 00:00:05.914499,2,127,358,510.0,,,2,53,0.0990803268035513,0.003436320997821941,0.6,/work3/arnaou/checkpoints/megnet_Vc_trial_596_best_state.pt,"{'learning_rate': 0.003436320997821941, 'lr_reduce': 0.6}",TPESampler,COMPLETE
597,0.2426212728023529,2025-04-26 14:11:27.339120,2025-04-26 14:11:49.198109,0 days 00:00:21.858989,1,96,266,443.0,142.0,477.0,4,40,0.22331925389686527,0.0010820489686852548,0.6,/work3/arnaou/checkpoints/megnet_Vc_trial_597_best_state.pt,"{'learning_rate': 0.0010820489686852548, 'lr_reduce': 0.6}",TPESampler,COMPLETE
598,1.8596142530441284,2025-04-26 14:11:31.048961,2025-04-26 14:11:34.761041,0 days 00:00:03.712080,1,101,261,440.0,68.0,476.0,4,43,0.244316310263917,0.0007436406413073898,0.6,/work3/arnaou/checkpoints/megnet_Vc_trial_598_best_state.pt,"{'learning_rate': 0.0007436406413073898, 'lr_reduce': 0.6}",TPESampler,COMPLETE
599,0.33890989422798157,2025-04-26 14:11:33.423394,2025-04-26 14:11:51.060330,0 days 00:00:17.636936,1,90,345,215.0,148.0,475.0,4,61,0.2049791532759677,0.0013041284165799213,0.6,/work3/arnaou/checkpoints/megnet_Vc_trial_599_best_state.pt,"{'learning_rate': 0.0013041284165799213, 'lr_reduce': 0.6}",TPESampler,COMPLETE
600,0.1962224841117859,2025-04-26 14:11:34.973369,2025-04-26 14:12:05.461568,0 days 00:00:30.488199,2,75,383,471.0,145.0,509.0,4,65,0.20253305204675792,0.0010732298263454547,0.6,/work3/arnaou/checkpoints/megnet_Vc_trial_600_best_state.pt,"{'learning_rate': 0.0010732298263454547, 'lr_reduce': 0.6}",TPESampler,COMPLETE
601,1.860673189163208,2025-04-26 14:11:49.429999,2025-04-26 14:11:52.970590,0 days 00:00:03.540591,2,86,370,387.0,107.0,469.0,4,55,0.24639436650459529,0.000919658686058992,0.6,/work3/arnaou/checkpoints/megnet_Vc_trial_601_best_state.pt,"{'learning_rate': 0.000919658686058992, 'lr_reduce': 0.6}",TPESampler,COMPLETE
602,1.7992596626281738,2025-04-26 14:11:51.270699,2025-04-26 14:11:55.131995,0 days 00:00:03.861296,2,107,298,425.0,275.0,,3,52,0.15298127893496927,0.008022123170367839,0.6,/work3/arnaou/checkpoints/megnet_Vc_trial_602_best_state.pt,"{'learning_rate': 0.008022123170367839, 'lr_reduce': 0.6}",TPESampler,COMPLETE
603,1.8637700080871582,2025-04-26 14:11:53.177510,2025-04-26 14:11:57.451465,0 days 00:00:04.273955,1,81,262,473.0,170.0,509.0,4,34,0.23556732071605577,0.00021524434808920458,0.6,/work3/arnaou/checkpoints/megnet_Vc_trial_603_best_state.pt,"{'learning_rate': 0.00021524434808920458, 'lr_reduce': 0.6}",TPESampler,COMPLETE
604,1.8270765542984009,2025-04-26 14:11:55.357013,2025-04-26 14:11:59.806435,0 days 00:00:04.449422,4,36,318,,,,1,69,0.19205048130344135,0.00012475513638436219,0.6,/work3/arnaou/checkpoints/megnet_Vc_trial_604_best_state.pt,"{'learning_rate': 0.00012475513638436219, 'lr_reduce': 0.6}",TPESampler,COMPLETE
605,0.35731229186058044,2025-04-26 14:11:57.661541,2025-04-26 14:12:10.916245,0 days 00:00:13.254704,1,74,456,361.0,132.0,443.0,4,64,0.1682905633112797,0.0007177319570353833,0.6,/work3/arnaou/checkpoints/megnet_Vc_trial_605_best_state.pt,"{'learning_rate': 0.0007177319570353833, 'lr_reduce': 0.6}",TPESampler,COMPLETE
606,1.8458218574523926,2025-04-26 14:12:00.053318,2025-04-26 14:12:03.779654,0 days 00:00:03.726336,4,104,510,416.0,328.0,,3,46,0.23400416964666584,0.00048484644398860227,0.6,/work3/arnaou/checkpoints/megnet_Vc_trial_606_best_state.pt,"{'learning_rate': 0.00048484644398860227, 'lr_reduce': 0.6}",TPESampler,COMPLETE
607,0.11644043773412704,2025-04-26 14:12:03.985982,2025-04-26 14:12:34.025625,0 days 00:00:30.039643,1,91,296,474.0,181.0,464.0,4,56,0.14417111500891305,0.0011522221209791864,0.6,/work3/arnaou/checkpoints/megnet_Vc_trial_607_best_state.pt,"{'learning_rate': 0.0011522221209791864, 'lr_reduce': 0.6}",TPESampler,COMPLETE
608,1.848783254623413,2025-04-26 14:12:05.661693,2025-04-26 14:12:09.155526,0 days 00:00:03.493833,2,106,345,512.0,99.0,,3,33,0.2246435773587914,0.0004154766566003519,0.6,/work3/arnaou/checkpoints/megnet_Vc_trial_608_best_state.pt,"{'learning_rate': 0.0004154766566003519, 'lr_reduce': 0.6}",TPESampler,COMPLETE
609,1.8193894624710083,2025-04-26 14:12:09.371447,2025-04-26 14:12:13.359334,0 days 00:00:03.987887,2,64,113,385.0,162.0,,3,67,0.13588465637463962,0.0016562867786576608,0.6,/work3/arnaou/checkpoints/megnet_Vc_trial_609_best_state.pt,"{'learning_rate': 0.0016562867786576608, 'lr_reduce': 0.6}",TPESampler,COMPLETE
610,0.21655498445034027,2025-04-26 14:12:11.167628,2025-04-26 14:12:35.963349,0 days 00:00:24.795721,1,103,297,433.0,246.0,,3,44,0.2071266183941609,0.0012699321111311794,0.6,/work3/arnaou/checkpoints/megnet_Vc_trial_610_best_state.pt,"{'learning_rate': 0.0012699321111311794, 'lr_reduce': 0.6}",TPESampler,COMPLETE
611,0.2638009488582611,2025-04-26 14:12:13.651148,2025-04-26 14:12:37.195055,0 days 00:00:23.543907,1,72,500,306.0,131.0,511.0,4,71,0.22302851247619046,0.0018399641806959544,0.6,/work3/arnaou/checkpoints/megnet_Vc_trial_611_best_state.pt,"{'learning_rate': 0.0018399641806959544, 'lr_reduce': 0.6}",TPESampler,COMPLETE
