number,value,datetime_start,datetime_complete,duration,params_depth,params_edge_hidden_dim,params_mlp_dim_00,params_mlp_dim_01,params_mlp_dim_02,params_mlp_dim_03,params_mlp_n_layers,params_node_hidden_dim,params_rep_dropout,params_train_learning_rate,params_train_lr_reduce,user_attrs_best_state_dict_path,user_attrs_training_params,system_attrs_auto:sampler,state
1020,0.8085371851921082,2025-04-26 14:47:40.881318,2025-04-26 14:48:16.913158,0 days 00:00:36.031840,1,101,355,451.0,115.0,,3,70,0.24530376616398653,0.00024902197667453713,0.6,/work3/arnaou/checkpoints/megnet_Vc_trial_1020_best_state.pt,"{'learning_rate': 0.00024902197667453713, 'lr_reduce': 0.6}",TPESampler,COMPLETE
1021,0.2658200263977051,2025-04-26 14:47:50.073088,2025-04-26 14:48:12.706679,0 days 00:00:22.633591,1,87,199,400.0,,,2,115,0.14468519719378373,0.0018603207571229851,0.6,/work3/arnaou/checkpoints/megnet_Vc_trial_1021_best_state.pt,"{'learning_rate': 0.0018603207571229851, 'lr_reduce': 0.6}",TPESampler,COMPLETE
1022,1.3973280191421509,2025-04-26 14:47:58.080886,2025-04-26 14:48:06.875236,0 days 00:00:08.794350,2,38,487,470.0,413.0,427.0,4,59,0.14016934657162367,0.0011042016571499208,0.6,/work3/arnaou/checkpoints/megnet_Vc_trial_1022_best_state.pt,"{'learning_rate': 0.0011042016571499208, 'lr_reduce': 0.6}",TPESampler,COMPLETE
1023,1.7506732940673828,2025-04-26 14:48:07.112738,2025-04-26 14:48:13.538487,0 days 00:00:06.425749,4,124,349,342.0,296.0,509.0,4,53,0.19334020494581908,0.00413593627811395,0.6,/work3/arnaou/checkpoints/megnet_Vc_trial_1023_best_state.pt,"{'learning_rate': 0.00413593627811395, 'lr_reduce': 0.6}",TPESampler,COMPLETE
1024,0.2460290789604187,2025-04-26 14:48:12.927917,2025-04-26 14:48:48.137604,0 days 00:00:35.209687,2,92,300,429.0,164.0,367.0,4,58,0.1955052432262987,0.0007943796967176602,0.6,/work3/arnaou/checkpoints/megnet_Vc_trial_1024_best_state.pt,"{'learning_rate': 0.0007943796967176602, 'lr_reduce': 0.6}",TPESampler,COMPLETE
1025,1.7883166074752808,2025-04-26 14:48:13.714825,2025-04-26 14:48:17.280782,0 days 00:00:03.565957,1,97,300,472.0,354.0,,3,35,0.2407312555659334,0.0016936081879957248,0.6,/work3/arnaou/checkpoints/megnet_Vc_trial_1025_best_state.pt,"{'learning_rate': 0.0016936081879957248, 'lr_reduce': 0.6}",TPESampler,COMPLETE
1026,1.804969310760498,2025-04-26 14:48:17.131865,2025-04-26 14:48:20.983920,0 days 00:00:03.852055,4,97,168,403.0,,,2,111,0.016228147941356463,0.001128922429001439,0.6,/work3/arnaou/checkpoints/megnet_Vc_trial_1026_best_state.pt,"{'learning_rate': 0.001128922429001439, 'lr_reduce': 0.6}",TPESampler,COMPLETE
1027,1.8271206617355347,2025-04-26 14:48:17.525232,2025-04-26 14:48:21.108408,0 days 00:00:03.583176,1,70,158,476.0,258.0,,3,56,0.202304550387735,0.0015790107360907873,0.6,/work3/arnaou/checkpoints/megnet_Vc_trial_1027_best_state.pt,"{'learning_rate': 0.0015790107360907873, 'lr_reduce': 0.6}",TPESampler,COMPLETE
1028,0.23766666650772095,2025-04-26 14:48:21.172691,2025-04-26 14:48:51.472768,0 days 00:00:30.300077,1,121,184,511.0,,,2,61,0.10981789314907348,0.0022234594766739712,0.6,/work3/arnaou/checkpoints/megnet_Vc_trial_1028_best_state.pt,"{'learning_rate': 0.0022234594766739712, 'lr_reduce': 0.6}",TPESampler,COMPLETE
1029,0.2201533019542694,2025-04-26 14:48:21.333400,2025-04-26 14:48:53.594750,0 days 00:00:32.261350,1,59,395,437.0,213.0,471.0,4,72,0.12925020070348425,0.0005129081109578846,0.6,/work3/arnaou/checkpoints/megnet_Vc_trial_1029_best_state.pt,"{'learning_rate': 0.0005129081109578846, 'lr_reduce': 0.6}",TPESampler,COMPLETE
1030,0.16940836608409882,2025-04-26 14:48:48.374361,2025-04-26 14:49:15.336806,0 days 00:00:26.962445,1,113,264,360.0,118.0,426.0,4,61,0.24979103545018053,0.0012937791919735294,0.6,/work3/arnaou/checkpoints/megnet_Vc_trial_1030_best_state.pt,"{'learning_rate': 0.0012937791919735294, 'lr_reduce': 0.6}",TPESampler,COMPLETE
1031,0.21779176592826843,2025-04-26 14:48:51.705355,2025-04-26 14:49:20.666018,0 days 00:00:28.960663,1,100,426,438.0,301.0,512.0,4,34,0.1864059542667072,0.0007733720928765297,0.6,/work3/arnaou/checkpoints/megnet_Vc_trial_1031_best_state.pt,"{'learning_rate': 0.0007733720928765297, 'lr_reduce': 0.6}",TPESampler,COMPLETE
1032,0.15219520032405853,2025-04-26 14:48:53.828517,2025-04-26 14:49:22.942660,0 days 00:00:29.114143,1,64,337,161.0,167.0,511.0,4,71,0.1969963366048271,0.0009319423344780279,0.6,/work3/arnaou/checkpoints/megnet_Vc_trial_1032_best_state.pt,"{'learning_rate': 0.0009319423344780279, 'lr_reduce': 0.6}",TPESampler,COMPLETE
1033,0.26147451996803284,2025-04-26 14:49:15.580449,2025-04-26 14:49:49.231192,0 days 00:00:33.650743,1,74,238,474.0,264.0,,3,66,0.21730938658542107,0.0003999416290344648,0.6,/work3/arnaou/checkpoints/megnet_Vc_trial_1033_best_state.pt,"{'learning_rate': 0.0003999416290344648, 'lr_reduce': 0.6}",TPESampler,COMPLETE
1034,1.5053194761276245,2025-04-26 14:49:20.917675,2025-04-26 14:49:27.880456,0 days 00:00:06.962781,2,122,304,,,,1,41,0.12142590188589723,0.008418980700558397,0.6,/work3/arnaou/checkpoints/megnet_Vc_trial_1034_best_state.pt,"{'learning_rate': 0.008418980700558397, 'lr_reduce': 0.6}",TPESampler,COMPLETE
1035,0.14993268251419067,2025-04-26 14:49:23.154982,2025-04-26 14:49:55.628406,0 days 00:00:32.473424,1,78,367,401.0,319.0,,3,48,0.20818876248491414,0.0019191255226128812,0.6,/work3/arnaou/checkpoints/megnet_Vc_trial_1035_best_state.pt,"{'learning_rate': 0.0019191255226128812, 'lr_reduce': 0.6}",TPESampler,COMPLETE
1036,1.8118243217468262,2025-04-26 14:49:28.090120,2025-04-26 14:49:33.924674,0 days 00:00:05.834554,3,127,316,477.0,67.0,,3,63,0.1175216108274866,0.006724647512279896,0.6,/work3/arnaou/checkpoints/megnet_Vc_trial_1036_best_state.pt,"{'learning_rate': 0.006724647512279896, 'lr_reduce': 0.6}",TPESampler,COMPLETE
1037,1.8590201139450073,2025-04-26 14:49:34.140245,2025-04-26 14:49:38.474291,0 days 00:00:04.334046,1,72,504,441.0,212.0,,3,61,0.23634504379680882,0.00028823058859752483,0.6,/work3/arnaou/checkpoints/megnet_Vc_trial_1037_best_state.pt,"{'learning_rate': 0.00028823058859752483, 'lr_reduce': 0.6}",TPESampler,COMPLETE
1038,1.8667011260986328,2025-04-26 14:49:38.716926,2025-04-26 14:49:42.296877,0 days 00:00:03.579951,1,58,491,382.0,137.0,440.0,4,106,0.0975076257329212,0.0002132625706148528,0.6,/work3/arnaou/checkpoints/megnet_Vc_trial_1038_best_state.pt,"{'learning_rate': 0.0002132625706148528, 'lr_reduce': 0.6}",TPESampler,COMPLETE
1039,1.8306753635406494,2025-04-26 14:49:42.530298,2025-04-26 14:49:46.070839,0 days 00:00:03.540541,2,72,377,510.0,261.0,394.0,4,60,0.16703928507233834,0.0015762293381086545,0.6,/work3/arnaou/checkpoints/megnet_Vc_trial_1039_best_state.pt,"{'learning_rate': 0.0015762293381086545, 'lr_reduce': 0.6}",TPESampler,COMPLETE
1040,0.4854743182659149,2025-04-26 14:49:46.290804,2025-04-26 14:50:00.687660,0 days 00:00:14.396856,1,100,430,436.0,368.0,,3,51,0.19131286434423087,0.001808706600778265,0.6,/work3/arnaou/checkpoints/megnet_Vc_trial_1040_best_state.pt,"{'learning_rate': 0.001808706600778265, 'lr_reduce': 0.6}",TPESampler,COMPLETE
1041,1.8301671743392944,2025-04-26 14:49:49.588556,2025-04-26 14:49:53.432718,0 days 00:00:03.844162,1,78,278,475.0,174.0,468.0,4,32,0.24949437653208092,0.0018314201643486725,0.6,/work3/arnaou/checkpoints/megnet_Vc_trial_1041_best_state.pt,"{'learning_rate': 0.0018314201643486725, 'lr_reduce': 0.6}",TPESampler,COMPLETE
1042,0.17462311685085297,2025-04-26 14:49:53.654643,2025-04-26 14:50:21.237180,0 days 00:00:27.582537,1,92,266,406.0,309.0,467.0,4,70,0.14514655332026977,0.00229017605401641,0.6,/work3/arnaou/checkpoints/megnet_Vc_trial_1042_best_state.pt,"{'learning_rate': 0.00229017605401641, 'lr_reduce': 0.6}",TPESampler,COMPLETE
1043,0.49608495831489563,2025-04-26 14:49:55.841596,2025-04-26 14:50:22.589437,0 days 00:00:26.747841,1,79,306,441.0,110.0,306.0,4,71,0.19340644127358206,0.0006161675072259063,0.6,/work3/arnaou/checkpoints/megnet_Vc_trial_1043_best_state.pt,"{'learning_rate': 0.0006161675072259063, 'lr_reduce': 0.6}",TPESampler,COMPLETE
1044,0.4003617763519287,2025-04-26 14:50:00.899741,2025-04-26 14:50:21.160724,0 days 00:00:20.260983,2,56,278,362.0,225.0,423.0,4,85,0.246517460133515,0.0012993722363737906,0.6,/work3/arnaou/checkpoints/megnet_Vc_trial_1044_best_state.pt,"{'learning_rate': 0.0012993722363737906, 'lr_reduce': 0.6}",TPESampler,COMPLETE
1045,0.20643602311611176,2025-04-26 14:50:21.328004,2025-04-26 14:50:55.019669,0 days 00:00:33.691665,2,92,400,511.0,271.0,472.0,4,45,0.20470448111203748,0.001799731777442477,0.6,/work3/arnaou/checkpoints/megnet_Vc_trial_1045_best_state.pt,"{'learning_rate': 0.001799731777442477, 'lr_reduce': 0.6}",TPESampler,COMPLETE
1046,1.8374112844467163,2025-04-26 14:50:21.396757,2025-04-26 14:50:25.123330,0 days 00:00:03.726573,4,73,496,,,,1,45,0.08345163957034771,0.00028046448766382796,0.6,/work3/arnaou/checkpoints/megnet_Vc_trial_1046_best_state.pt,"{'learning_rate': 0.00028046448766382796, 'lr_reduce': 0.6}",TPESampler,COMPLETE
1047,0.4331267476081848,2025-04-26 14:50:22.840875,2025-04-26 14:51:00.006164,0 days 00:00:37.165289,2,100,398,472.0,175.0,372.0,4,63,0.2111217733873183,0.0007118354910282049,0.6,/work3/arnaou/checkpoints/megnet_Vc_trial_1047_best_state.pt,"{'learning_rate': 0.0007118354910282049, 'lr_reduce': 0.6}",TPESampler,COMPLETE
1048,1.8489164113998413,2025-04-26 14:50:25.326095,2025-04-26 14:50:31.062044,0 days 00:00:05.735949,1,121,68,,,,1,73,0.24975997832025393,0.0001903311293151392,0.6,/work3/arnaou/checkpoints/megnet_Vc_trial_1048_best_state.pt,"{'learning_rate': 0.0001903311293151392, 'lr_reduce': 0.6}",TPESampler,COMPLETE
1049,1.8468648195266724,2025-04-26 14:50:31.305233,2025-04-26 14:50:37.920901,0 days 00:00:06.615668,4,73,316,402.0,,,2,101,0.02505626701320099,0.0025770185710719436,0.6,/work3/arnaou/checkpoints/megnet_Vc_trial_1049_best_state.pt,"{'learning_rate': 0.0025770185710719436, 'lr_reduce': 0.6}",TPESampler,COMPLETE
1050,0.15789256989955902,2025-04-26 14:50:38.384691,2025-04-26 14:51:08.589710,0 days 00:00:30.205019,1,98,367,437.0,324.0,,3,100,0.24986339292126744,0.0004044312546407702,0.6,/work3/arnaou/checkpoints/megnet_Vc_trial_1050_best_state.pt,"{'learning_rate': 0.0004044312546407702, 'lr_reduce': 0.6}",TPESampler,COMPLETE
1051,0.18207143247127533,2025-04-26 14:50:55.253504,2025-04-26 14:51:16.895111,0 days 00:00:21.641607,1,57,267,473.0,132.0,472.0,4,53,0.19673931115006,0.0017995338989656904,0.6,/work3/arnaou/checkpoints/megnet_Vc_trial_1051_best_state.pt,"{'learning_rate': 0.0017995338989656904, 'lr_reduce': 0.6}",TPESampler,COMPLETE
1052,1.83812415599823,2025-04-26 14:51:00.259073,2025-04-26 14:51:04.177680,0 days 00:00:03.918607,4,64,358,338.0,233.0,,3,35,0.19803357411870917,0.0016394021444151832,0.6,/work3/arnaou/checkpoints/megnet_Vc_trial_1052_best_state.pt,"{'learning_rate': 0.0016394021444151832, 'lr_reduce': 0.6}",TPESampler,COMPLETE
1053,1.8395110368728638,2025-04-26 14:51:04.389620,2025-04-26 14:51:08.210138,0 days 00:00:03.820518,2,101,423,429.0,283.0,510.0,4,34,0.14625722510284883,0.0013550271435439595,0.6,/work3/arnaou/checkpoints/megnet_Vc_trial_1053_best_state.pt,"{'learning_rate': 0.0013550271435439595, 'lr_reduce': 0.6}",TPESampler,COMPLETE
1054,1.1013457775115967,2025-04-26 14:51:08.430031,2025-04-26 14:51:42.396312,0 days 00:00:33.966281,4,114,314,510.0,101.0,425.0,4,88,0.2423350111371066,0.0014826762041216682,0.6,/work3/arnaou/checkpoints/megnet_Vc_trial_1054_best_state.pt,"{'learning_rate': 0.0014826762041216682, 'lr_reduce': 0.6}",TPESampler,COMPLETE
1055,0.29292410612106323,2025-04-26 14:51:08.817302,2025-04-26 14:51:32.415817,0 days 00:00:23.598515,1,35,163,,,,1,58,0.048258035999891064,0.004929603742809517,0.6,/work3/arnaou/checkpoints/megnet_Vc_trial_1055_best_state.pt,"{'learning_rate': 0.004929603742809517, 'lr_reduce': 0.6}",TPESampler,COMPLETE
1056,0.15935774147510529,2025-04-26 14:51:17.139359,2025-04-26 14:51:39.387147,0 days 00:00:22.247788,1,71,420,395.0,190.0,511.0,4,71,0.2174243911646873,0.0007759179608583178,0.6,/work3/arnaou/checkpoints/megnet_Vc_trial_1056_best_state.pt,"{'learning_rate': 0.0007759179608583178, 'lr_reduce': 0.6}",TPESampler,COMPLETE
1057,1.8513723611831665,2025-04-26 14:51:32.653152,2025-04-26 14:51:36.150491,0 days 00:00:03.497339,1,84,458,465.0,358.0,429.0,4,65,0.24073491041304587,0.0007052700306933718,0.6,/work3/arnaou/checkpoints/megnet_Vc_trial_1057_best_state.pt,"{'learning_rate': 0.0007052700306933718, 'lr_reduce': 0.6}",TPESampler,COMPLETE
1058,0.41547107696533203,2025-04-26 14:51:36.355386,2025-04-26 14:52:17.295732,0 days 00:00:40.940346,4,39,430,203.0,242.0,,3,61,0.06862869239385337,0.004235886368949868,0.6,/work3/arnaou/checkpoints/megnet_Vc_trial_1058_best_state.pt,"{'learning_rate': 0.004235886368949868, 'lr_reduce': 0.6}",TPESampler,COMPLETE
1059,0.2043178826570511,2025-04-26 14:51:39.626834,2025-04-26 14:52:14.418975,0 days 00:00:34.792141,1,114,450,435.0,151.0,471.0,4,52,0.20609263831843314,0.0011399137329962691,0.6,/work3/arnaou/checkpoints/megnet_Vc_trial_1059_best_state.pt,"{'learning_rate': 0.0011399137329962691, 'lr_reduce': 0.6}",TPESampler,COMPLETE
1060,1.860965371131897,2025-04-26 14:51:42.617100,2025-04-26 14:51:47.251707,0 days 00:00:04.634607,1,113,270,479.0,,,2,102,0.005513989853165646,0.00015458253716789548,0.6,/work3/arnaou/checkpoints/megnet_Vc_trial_1060_best_state.pt,"{'learning_rate': 0.00015458253716789548, 'lr_reduce': 0.6}",TPESampler,COMPLETE
1061,0.2591056823730469,2025-04-26 14:51:47.490859,2025-04-26 14:52:10.403546,0 days 00:00:22.912687,1,93,349,411.0,305.0,,3,57,0.24018546484279263,0.0009697860091104416,0.6,/work3/arnaou/checkpoints/megnet_Vc_trial_1061_best_state.pt,"{'learning_rate': 0.0009697860091104416, 'lr_reduce': 0.6}",TPESampler,COMPLETE
1062,1.7923939228057861,2025-04-26 14:52:10.674178,2025-04-26 14:52:14.848189,0 days 00:00:04.174011,1,125,289,,,,1,61,0.05962529037552367,0.009125880741024885,0.6,/work3/arnaou/checkpoints/megnet_Vc_trial_1062_best_state.pt,"{'learning_rate': 0.009125880741024885, 'lr_reduce': 0.6}",TPESampler,COMPLETE
1063,0.12217019498348236,2025-04-26 14:52:14.653697,2025-04-26 14:52:41.051405,0 days 00:00:26.397708,1,87,507,366.0,211.0,394.0,4,50,0.24102278208206096,0.0013787138720193998,0.6,/work3/arnaou/checkpoints/megnet_Vc_trial_1063_best_state.pt,"{'learning_rate': 0.0013787138720193998, 'lr_reduce': 0.6}",TPESampler,COMPLETE
1064,0.22621455788612366,2025-04-26 14:52:15.248930,2025-04-26 14:52:50.108628,0 days 00:00:34.859698,2,61,439,475.0,266.0,512.0,4,69,0.18852420251711977,0.0005608077401221883,0.6,/work3/arnaou/checkpoints/megnet_Vc_trial_1064_best_state.pt,"{'learning_rate': 0.0005608077401221883, 'lr_reduce': 0.6}",TPESampler,COMPLETE
1065,0.19475018978118896,2025-04-26 14:52:17.525847,2025-04-26 14:52:49.193612,0 days 00:00:31.667765,1,80,407,432.0,115.0,441.0,4,97,0.15430262954039992,0.0007889944837478961,0.6,/work3/arnaou/checkpoints/megnet_Vc_trial_1065_best_state.pt,"{'learning_rate': 0.0007889944837478961, 'lr_reduce': 0.6}",TPESampler,COMPLETE
1066,0.35423246026039124,2025-04-26 14:52:41.333654,2025-04-26 14:52:58.538319,0 days 00:00:17.204665,1,52,316,332.0,201.0,,3,58,0.24251661513349174,0.0007801501288701926,0.6,/work3/arnaou/checkpoints/megnet_Vc_trial_1066_best_state.pt,"{'learning_rate': 0.0007801501288701926, 'lr_reduce': 0.6}",TPESampler,COMPLETE
1067,1.8503645658493042,2025-04-26 14:52:49.437097,2025-04-26 14:52:55.146463,0 days 00:00:05.709366,4,107,491,329.0,,,2,104,0.19379417454913506,0.00035561234167184945,0.6,/work3/arnaou/checkpoints/megnet_Vc_trial_1067_best_state.pt,"{'learning_rate': 0.00035561234167184945, 'lr_reduce': 0.6}",TPESampler,COMPLETE
1068,1.847015619277954,2025-04-26 14:52:51.019121,2025-04-26 14:52:55.123549,0 days 00:00:04.104428,2,74,502,345.0,212.0,382.0,4,32,0.20375397308460505,0.0019112202274120832,0.6,/work3/arnaou/checkpoints/megnet_Vc_trial_1068_best_state.pt,"{'learning_rate': 0.0019112202274120832, 'lr_reduce': 0.6}",TPESampler,COMPLETE
1069,0.1326504796743393,2025-04-26 14:52:55.288251,2025-04-26 14:53:26.643760,0 days 00:00:31.355509,1,101,297,367.0,191.0,330.0,4,75,0.20275112862519504,0.001509067502296714,0.6,/work3/arnaou/checkpoints/megnet_Vc_trial_1069_best_state.pt,"{'learning_rate': 0.001509067502296714, 'lr_reduce': 0.6}",TPESampler,COMPLETE
1070,0.21682798862457275,2025-04-26 14:52:55.346344,2025-04-26 14:53:30.736942,0 days 00:00:35.390598,2,93,411,328.0,197.0,382.0,4,76,0.23216515339220212,0.0020860483655274196,0.6,/work3/arnaou/checkpoints/megnet_Vc_trial_1070_best_state.pt,"{'learning_rate': 0.0020860483655274196, 'lr_reduce': 0.6}",TPESampler,COMPLETE
1071,1.8539403676986694,2025-04-26 14:52:58.814316,2025-04-26 14:53:02.703689,0 days 00:00:03.889373,1,82,450,356.0,214.0,346.0,4,43,0.22698666296232436,0.001945178214508355,0.6,/work3/arnaou/checkpoints/megnet_Vc_trial_1071_best_state.pt,"{'learning_rate': 0.001945178214508355, 'lr_reduce': 0.6}",TPESampler,COMPLETE
1072,0.23947173357009888,2025-04-26 14:53:02.931295,2025-04-26 14:53:35.979706,0 days 00:00:33.048411,1,85,419,353.0,167.0,363.0,4,63,0.19693727952572562,0.001749637572587812,0.6,/work3/arnaou/checkpoints/megnet_Vc_trial_1072_best_state.pt,"{'learning_rate': 0.001749637572587812, 'lr_reduce': 0.6}",TPESampler,COMPLETE
1073,0.17711593210697174,2025-04-26 14:53:26.837121,2025-04-26 14:53:56.705340,0 days 00:00:29.868219,1,83,505,359.0,222.0,398.0,4,49,0.1623656676037114,0.0006827204871689683,0.6,/work3/arnaou/checkpoints/megnet_Vc_trial_1073_best_state.pt,"{'learning_rate': 0.0006827204871689683, 'lr_reduce': 0.6}",TPESampler,COMPLETE
1074,1.862708568572998,2025-04-26 14:53:30.979598,2025-04-26 14:53:34.898793,0 days 00:00:03.919195,1,78,418,314.0,179.0,332.0,4,66,0.18601269040040447,0.0005341063675464081,0.6,/work3/arnaou/checkpoints/megnet_Vc_trial_1074_best_state.pt,"{'learning_rate': 0.0005341063675464081, 'lr_reduce': 0.6}",TPESampler,COMPLETE
1075,1.8354851007461548,2025-04-26 14:53:35.133117,2025-04-26 14:53:38.714496,0 days 00:00:03.581379,1,82,478,375.0,221.0,,3,49,0.19664882403834877,0.001287875136752064,0.6,/work3/arnaou/checkpoints/megnet_Vc_trial_1075_best_state.pt,"{'learning_rate': 0.001287875136752064, 'lr_reduce': 0.6}",TPESampler,COMPLETE
1076,0.14495177567005157,2025-04-26 14:53:36.242145,2025-04-26 14:54:08.594394,0 days 00:00:32.352249,1,99,428,364.0,174.0,390.0,4,75,0.19551991210486844,0.0004707402059328754,0.6,/work3/arnaou/checkpoints/megnet_Vc_trial_1076_best_state.pt,"{'learning_rate': 0.0004707402059328754, 'lr_reduce': 0.6}",TPESampler,COMPLETE
1077,1.853482961654663,2025-04-26 14:53:38.944357,2025-04-26 14:53:42.353416,0 days 00:00:03.409059,1,79,404,381.0,231.0,511.0,4,51,0.20220491687079806,0.0006833164405606559,0.6,/work3/arnaou/checkpoints/megnet_Vc_trial_1077_best_state.pt,"{'learning_rate': 0.0006833164405606559, 'lr_reduce': 0.6}",TPESampler,COMPLETE
1078,0.2552470266819,2025-04-26 14:53:42.594150,2025-04-26 14:54:17.151911,0 days 00:00:34.557761,2,63,505,303.0,136.0,459.0,4,52,0.2393595409833918,0.001234147053574383,0.6,/work3/arnaou/checkpoints/megnet_Vc_trial_1078_best_state.pt,"{'learning_rate': 0.001234147053574383, 'lr_reduce': 0.6}",TPESampler,COMPLETE
1079,0.1482187956571579,2025-04-26 14:53:56.922507,2025-04-26 14:54:27.353174,0 days 00:00:30.430667,1,85,500,381.0,168.0,,3,64,0.2358977353057226,0.000726704631738315,0.6,/work3/arnaou/checkpoints/megnet_Vc_trial_1079_best_state.pt,"{'learning_rate': 0.000726704631738315, 'lr_reduce': 0.6}",TPESampler,COMPLETE
1080,1.8278039693832397,2025-04-26 14:54:08.837056,2025-04-26 14:54:12.493688,0 days 00:00:03.656632,3,51,385,393.0,241.0,,3,65,0.21506014694469683,0.000891435368313576,0.6,/work3/arnaou/checkpoints/megnet_Vc_trial_1080_best_state.pt,"{'learning_rate': 0.000891435368313576, 'lr_reduce': 0.6}",TPESampler,COMPLETE
1081,1.7400211095809937,2025-04-26 14:54:12.736468,2025-04-26 14:54:18.805286,0 days 00:00:06.068818,4,114,76,,,,1,84,0.04852591266028,0.007784104979874462,0.6,/work3/arnaou/checkpoints/megnet_Vc_trial_1081_best_state.pt,"{'learning_rate': 0.007784104979874462, 'lr_reduce': 0.6}",TPESampler,COMPLETE
1082,0.2620953619480133,2025-04-26 14:54:17.389806,2025-04-26 14:54:49.777950,0 days 00:00:32.388144,1,80,447,383.0,203.0,401.0,4,50,0.24744314432959538,0.0020098999654955597,0.6,/work3/arnaou/checkpoints/megnet_Vc_trial_1082_best_state.pt,"{'learning_rate': 0.0020098999654955597, 'lr_reduce': 0.6}",TPESampler,COMPLETE
1083,1.8653755187988281,2025-04-26 14:54:19.036085,2025-04-26 14:54:23.036466,0 days 00:00:04.000381,1,81,365,217.0,146.0,463.0,4,59,0.24953595663397712,0.0002961663273080561,0.6,/work3/arnaou/checkpoints/megnet_Vc_trial_1083_best_state.pt,"{'learning_rate': 0.0002961663273080561, 'lr_reduce': 0.6}",TPESampler,COMPLETE
1084,0.1865336000919342,2025-04-26 14:54:23.237224,2025-04-26 14:54:45.432362,0 days 00:00:22.195138,1,42,421,384.0,237.0,475.0,4,86,0.07040207439497201,0.0062989574553696595,0.6,/work3/arnaou/checkpoints/megnet_Vc_trial_1084_best_state.pt,"{'learning_rate': 0.0062989574553696595, 'lr_reduce': 0.6}",TPESampler,COMPLETE
1085,0.14549532532691956,2025-04-26 14:54:27.574428,2025-04-26 14:54:58.831944,0 days 00:00:31.257516,1,88,502,401.0,89.0,426.0,4,75,0.19871726032279557,0.0008705769565943428,0.6,/work3/arnaou/checkpoints/megnet_Vc_trial_1085_best_state.pt,"{'learning_rate': 0.0008705769565943428, 'lr_reduce': 0.6}",TPESampler,COMPLETE
1086,0.46748870611190796,2025-04-26 14:54:45.647837,2025-04-26 14:55:45.952299,0 days 00:01:00.304462,1,91,465,330.0,152.0,468.0,4,47,0.24847128903553833,0.001221435448481998,0.6,/work3/arnaou/checkpoints/megnet_Vc_trial_1086_best_state.pt,"{'learning_rate': 0.001221435448481998, 'lr_reduce': 0.6}",TPESampler,COMPLETE
1087,0.4208828806877136,2025-04-26 14:54:50.012830,2025-04-26 14:55:09.538481,0 days 00:00:19.525651,1,82,401,511.0,199.0,234.0,4,52,0.1724577897978959,0.0010259875636639529,0.6,/work3/arnaou/checkpoints/megnet_Vc_trial_1087_best_state.pt,"{'learning_rate': 0.0010259875636639529, 'lr_reduce': 0.6}",TPESampler,COMPLETE
