number,value,datetime_start,datetime_complete,duration,params_depth,params_edge_hidden_dim,params_mlp_dim_00,params_mlp_dim_01,params_mlp_dim_02,params_mlp_dim_03,params_mlp_n_layers,params_node_hidden_dim,params_rep_dropout,params_train_learning_rate,params_train_lr_reduce,user_attrs_best_state_dict_path,user_attrs_training_params,system_attrs_auto:sampler,state
2439,0.36900490522384644,2025-04-26 17:13:39.335459,2025-04-26 17:13:56.030565,0 days 00:00:16.695106,1,49,465,272.0,352.0,246.0,4,85,0.1613927181802651,0.0014566168809385664,0.6,/work3/arnaou/checkpoints/megnet_Vc_trial_2439_best_state.pt,"{'learning_rate': 0.0014566168809385664, 'lr_reduce': 0.6}",TPESampler,COMPLETE
2440,0.3250960111618042,2025-04-26 17:13:41.518334,2025-04-26 17:14:16.966815,0 days 00:00:35.448481,1,119,500,336.0,267.0,352.0,4,74,0.17483774356683873,0.0004848990950139151,0.6,/work3/arnaou/checkpoints/megnet_Vc_trial_2440_best_state.pt,"{'learning_rate': 0.0004848990950139151, 'lr_reduce': 0.6}",TPESampler,COMPLETE
2441,0.5321856737136841,2025-04-26 17:13:51.968078,2025-04-26 17:14:13.095725,0 days 00:00:21.127647,3,81,220,225.0,308.0,,3,115,0.04962907161624541,0.0041184339136496615,0.6,/work3/arnaou/checkpoints/megnet_Vc_trial_2441_best_state.pt,"{'learning_rate': 0.0041184339136496615, 'lr_reduce': 0.6}",TPESampler,COMPLETE
2442,0.18836206197738647,2025-04-26 17:13:56.294501,2025-04-26 17:14:33.068331,0 days 00:00:36.773830,2,82,363,386.0,265.0,365.0,4,89,0.1699530674498872,0.0027876530101939067,0.6,/work3/arnaou/checkpoints/megnet_Vc_trial_2442_best_state.pt,"{'learning_rate': 0.0027876530101939067, 'lr_reduce': 0.6}",TPESampler,COMPLETE
2443,1.4939064979553223,2025-04-26 17:14:13.355016,2025-04-26 17:14:24.292297,0 days 00:00:10.937281,3,126,304,287.0,317.0,,3,100,0.030461007931665923,0.003824203951589988,0.6,/work3/arnaou/checkpoints/megnet_Vc_trial_2443_best_state.pt,"{'learning_rate': 0.003824203951589988, 'lr_reduce': 0.6}",TPESampler,COMPLETE
2444,1.843619704246521,2025-04-26 17:14:17.213562,2025-04-26 17:14:21.613465,0 days 00:00:04.399903,2,110,107,251.0,,,2,94,0.24402810826159904,0.0003321479755676218,0.6,/work3/arnaou/checkpoints/megnet_Vc_trial_2444_best_state.pt,"{'learning_rate': 0.0003321479755676218, 'lr_reduce': 0.6}",TPESampler,COMPLETE
2445,1.8535809516906738,2025-04-26 17:14:21.871063,2025-04-26 17:14:28.675531,0 days 00:00:06.804468,2,89,386,333.0,400.0,141.0,4,72,0.1496945926038453,0.000255611489981973,0.6,/work3/arnaou/checkpoints/megnet_Vc_trial_2445_best_state.pt,"{'learning_rate': 0.000255611489981973, 'lr_reduce': 0.6}",TPESampler,COMPLETE
2446,0.24105140566825867,2025-04-26 17:14:24.534403,2025-04-26 17:14:58.699197,0 days 00:00:34.164794,1,101,414,421.0,352.0,268.0,4,72,0.08031298895071085,0.000584132371325193,0.6,/work3/arnaou/checkpoints/megnet_Vc_trial_2446_best_state.pt,"{'learning_rate': 0.000584132371325193, 'lr_reduce': 0.6}",TPESampler,COMPLETE
2447,0.1856846660375595,2025-04-26 17:14:29.144650,2025-04-26 17:15:03.600049,0 days 00:00:34.455399,1,113,471,251.0,268.0,363.0,4,54,0.1357967807629959,0.0007672864805148787,0.6,/work3/arnaou/checkpoints/megnet_Vc_trial_2447_best_state.pt,"{'learning_rate': 0.0007672864805148787, 'lr_reduce': 0.6}",TPESampler,COMPLETE
2448,1.8101518154144287,2025-04-26 17:14:33.331328,2025-04-26 17:14:37.144367,0 days 00:00:03.813039,1,70,429,374.0,324.0,,3,69,0.2311205651339253,0.0018078349354147755,0.6,/work3/arnaou/checkpoints/megnet_Vc_trial_2448_best_state.pt,"{'learning_rate': 0.0018078349354147755, 'lr_reduce': 0.6}",TPESampler,COMPLETE
2449,1.8194990158081055,2025-04-26 17:14:37.392497,2025-04-26 17:14:42.240169,0 days 00:00:04.847672,3,41,416,232.0,296.0,324.0,4,83,0.023967709934561265,0.0019940302686610157,0.6,/work3/arnaou/checkpoints/megnet_Vc_trial_2449_best_state.pt,"{'learning_rate': 0.0019940302686610157, 'lr_reduce': 0.6}",TPESampler,COMPLETE
2450,0.36875295639038086,2025-04-26 17:14:42.525074,2025-04-26 17:15:17.574682,0 days 00:00:35.049608,1,90,424,302.0,285.0,206.0,4,77,0.2024871192938099,0.00046096031572108367,0.6,/work3/arnaou/checkpoints/megnet_Vc_trial_2450_best_state.pt,"{'learning_rate': 0.00046096031572108367, 'lr_reduce': 0.6}",TPESampler,COMPLETE
2451,0.2854766249656677,2025-04-26 17:14:58.961649,2025-04-26 17:15:41.451937,0 days 00:00:42.490288,2,67,466,419.0,253.0,375.0,4,74,0.24638332083601647,0.0009973269687143854,0.6,/work3/arnaou/checkpoints/megnet_Vc_trial_2451_best_state.pt,"{'learning_rate': 0.0009973269687143854, 'lr_reduce': 0.6}",TPESampler,COMPLETE
2452,0.20725269615650177,2025-04-26 17:15:03.862287,2025-04-26 17:15:32.999320,0 days 00:00:29.137033,1,72,455,277.0,346.0,380.0,4,62,0.16045970843717494,0.0009754207244489742,0.6,/work3/arnaou/checkpoints/megnet_Vc_trial_2452_best_state.pt,"{'learning_rate': 0.0009754207244489742, 'lr_reduce': 0.6}",TPESampler,COMPLETE
2453,1.4130686521530151,2025-04-26 17:15:17.851247,2025-04-26 17:15:35.974236,0 days 00:00:18.122989,3,33,200,236.0,309.0,,3,44,0.10294773678398494,0.0014454726584917693,0.6,/work3/arnaou/checkpoints/megnet_Vc_trial_2453_best_state.pt,"{'learning_rate': 0.0014454726584917693, 'lr_reduce': 0.6}",TPESampler,COMPLETE
2454,0.4036395847797394,2025-04-26 17:15:33.263296,2025-04-26 17:16:06.378389,0 days 00:00:33.115093,1,91,416,319.0,254.0,357.0,4,51,0.16942622960433634,0.0011823954888024886,0.6,/work3/arnaou/checkpoints/megnet_Vc_trial_2454_best_state.pt,"{'learning_rate': 0.0011823954888024886, 'lr_reduce': 0.6}",TPESampler,COMPLETE
2455,0.3617381155490875,2025-04-26 17:15:36.702999,2025-04-26 17:16:11.944428,0 days 00:00:35.241429,1,66,421,388.0,376.0,376.0,4,86,0.24199630796017427,0.003364126833935688,0.6,/work3/arnaou/checkpoints/megnet_Vc_trial_2455_best_state.pt,"{'learning_rate': 0.003364126833935688, 'lr_reduce': 0.6}",TPESampler,COMPLETE
2456,0.31938812136650085,2025-04-26 17:15:43.043981,2025-04-26 17:16:20.713551,0 days 00:00:37.669570,2,123,499,430.0,295.0,311.0,4,93,0.17735563888125988,0.0008793088347839256,0.6,/work3/arnaou/checkpoints/megnet_Vc_trial_2456_best_state.pt,"{'learning_rate': 0.0008793088347839256, 'lr_reduce': 0.6}",TPESampler,COMPLETE
2457,1.269126296043396,2025-04-26 17:16:06.674166,2025-04-26 17:16:13.763451,0 days 00:00:07.089285,1,92,379,345.0,269.0,370.0,4,69,0.15230908623693293,0.0012724679606099726,0.6,/work3/arnaou/checkpoints/megnet_Vc_trial_2457_best_state.pt,"{'learning_rate': 0.0012724679606099726, 'lr_reduce': 0.6}",TPESampler,COMPLETE
2458,0.5057674050331116,2025-04-26 17:16:12.216773,2025-04-26 17:16:27.054589,0 days 00:00:14.837816,1,86,470,276.0,330.0,377.0,4,60,0.15426085182079374,0.0004345893359024108,0.6,/work3/arnaou/checkpoints/megnet_Vc_trial_2458_best_state.pt,"{'learning_rate': 0.0004345893359024108, 'lr_reduce': 0.6}",TPESampler,COMPLETE
2459,0.1760459989309311,2025-04-26 17:16:14.051360,2025-04-26 17:16:43.763079,0 days 00:00:29.711719,1,106,450,239.0,255.0,318.0,4,76,0.14011382080007684,0.0012025815643553304,0.6,/work3/arnaou/checkpoints/megnet_Vc_trial_2459_best_state.pt,"{'learning_rate': 0.0012025815643553304, 'lr_reduce': 0.6}",TPESampler,COMPLETE
2460,1.7837882041931152,2025-04-26 17:16:21.012444,2025-04-26 17:16:24.827606,0 days 00:00:03.815162,1,95,417,378.0,350.0,,3,78,0.2442004711300702,0.003189369982754598,0.6,/work3/arnaou/checkpoints/megnet_Vc_trial_2460_best_state.pt,"{'learning_rate': 0.003189369982754598, 'lr_reduce': 0.6}",TPESampler,COMPLETE
2461,1.7840261459350586,2025-04-26 17:16:25.098320,2025-04-26 17:16:28.914735,0 days 00:00:03.816415,1,94,510,416.0,302.0,,3,72,0.21815099280375827,0.0024939293076935904,0.6,/work3/arnaou/checkpoints/megnet_Vc_trial_2461_best_state.pt,"{'learning_rate': 0.0024939293076935904, 'lr_reduce': 0.6}",TPESampler,COMPLETE
2462,0.30636101961135864,2025-04-26 17:16:27.306262,2025-04-26 17:16:59.364993,0 days 00:00:32.058731,1,103,431,224.0,263.0,,3,81,0.19580796864856187,0.0005460318992446634,0.6,/work3/arnaou/checkpoints/megnet_Vc_trial_2462_best_state.pt,"{'learning_rate': 0.0005460318992446634, 'lr_reduce': 0.6}",TPESampler,COMPLETE
2463,1.8566128015518188,2025-04-26 17:16:29.173262,2025-04-26 17:16:33.922678,0 days 00:00:04.749416,2,90,510,282.0,309.0,389.0,4,63,0.13031822013644748,0.00045014383469196807,0.6,/work3/arnaou/checkpoints/megnet_Vc_trial_2463_best_state.pt,"{'learning_rate': 0.00045014383469196807, 'lr_reduce': 0.6}",TPESampler,COMPLETE
2464,0.20456565916538239,2025-04-26 17:16:34.195456,2025-04-26 17:17:03.192606,0 days 00:00:28.997150,1,111,476,318.0,370.0,387.0,4,81,0.18362515579003164,0.0014291505574860303,0.6,/work3/arnaou/checkpoints/megnet_Vc_trial_2464_best_state.pt,"{'learning_rate': 0.0014291505574860303, 'lr_reduce': 0.6}",TPESampler,COMPLETE
2465,1.8580107688903809,2025-04-26 17:16:44.047330,2025-04-26 17:16:47.935689,0 days 00:00:03.888359,2,57,215,433.0,258.0,,3,58,0.19263816367174819,0.0004917027803603603,0.6,/work3/arnaou/checkpoints/megnet_Vc_trial_2465_best_state.pt,"{'learning_rate': 0.0004917027803603603, 'lr_reduce': 0.6}",TPESampler,COMPLETE
2466,0.3039214313030243,2025-04-26 17:16:48.186841,2025-04-26 17:17:21.396596,0 days 00:00:33.209755,1,105,449,273.0,324.0,280.0,4,63,0.1588867381870026,0.0007721434519967553,0.6,/work3/arnaou/checkpoints/megnet_Vc_trial_2466_best_state.pt,"{'learning_rate': 0.0007721434519967553, 'lr_reduce': 0.6}",TPESampler,COMPLETE
2467,0.21946874260902405,2025-04-26 17:16:59.611495,2025-04-26 17:17:30.733713,0 days 00:00:31.122218,2,75,418,355.0,288.0,349.0,4,82,0.1872101315050511,0.0008065616165673836,0.6,/work3/arnaou/checkpoints/megnet_Vc_trial_2467_best_state.pt,"{'learning_rate': 0.0008065616165673836, 'lr_reduce': 0.6}",TPESampler,COMPLETE
2468,0.22585035860538483,2025-04-26 17:17:03.451266,2025-04-26 17:17:26.158080,0 days 00:00:22.706814,1,76,402,221.0,413.0,396.0,4,71,0.10506120517235042,0.0005347909798455516,0.6,/work3/arnaou/checkpoints/megnet_Vc_trial_2468_best_state.pt,"{'learning_rate': 0.0005347909798455516, 'lr_reduce': 0.6}",TPESampler,COMPLETE
2469,0.11261381953954697,2025-04-26 17:17:21.611048,2025-04-26 17:17:55.172893,0 days 00:00:33.561845,1,52,237,406.0,347.0,,3,55,0.22356708230461722,0.0019562576370594064,0.6,/work3/arnaou/checkpoints/megnet_Vc_trial_2469_best_state.pt,"{'learning_rate': 0.0019562576370594064, 'lr_reduce': 0.6}",TPESampler,COMPLETE
2470,0.4192034602165222,2025-04-26 17:17:26.387131,2025-04-26 17:17:39.375106,0 days 00:00:12.987975,1,66,494,311.0,244.0,345.0,4,72,0.2474947896389995,0.001075181471643776,0.6,/work3/arnaou/checkpoints/megnet_Vc_trial_2470_best_state.pt,"{'learning_rate': 0.001075181471643776, 'lr_reduce': 0.6}",TPESampler,COMPLETE
2471,1.8450922966003418,2025-04-26 17:17:31.003863,2025-04-26 17:17:35.007441,0 days 00:00:04.003578,3,126,360,,,,1,100,0.14762295930082775,0.00011119748251288564,0.6,/work3/arnaou/checkpoints/megnet_Vc_trial_2471_best_state.pt,"{'learning_rate': 0.00011119748251288564, 'lr_reduce': 0.6}",TPESampler,COMPLETE
2472,1.8600865602493286,2025-04-26 17:17:35.261660,2025-04-26 17:17:39.680454,0 days 00:00:04.418794,1,84,346,440.0,296.0,,3,66,0.1976746777272112,0.00037527225099481993,0.6,/work3/arnaou/checkpoints/megnet_Vc_trial_2472_best_state.pt,"{'learning_rate': 0.00037527225099481993, 'lr_reduce': 0.6}",TPESampler,COMPLETE
2473,1.400048017501831,2025-04-26 17:17:39.639203,2025-04-26 17:17:46.300268,0 days 00:00:06.661065,1,56,225,228.0,251.0,,3,108,0.11871645904322956,0.0030308049449773644,0.6,/work3/arnaou/checkpoints/megnet_Vc_trial_2473_best_state.pt,"{'learning_rate': 0.0030308049449773644, 'lr_reduce': 0.6}",TPESampler,COMPLETE
2474,1.7826097011566162,2025-04-26 17:17:39.991732,2025-04-26 17:17:45.334499,0 days 00:00:05.342767,4,37,273,,,,1,63,0.05173343088813237,0.003523951606515758,0.6,/work3/arnaou/checkpoints/megnet_Vc_trial_2474_best_state.pt,"{'learning_rate': 0.003523951606515758, 'lr_reduce': 0.6}",TPESampler,COMPLETE
2475,1.8228449821472168,2025-04-26 17:17:45.693329,2025-04-26 17:17:50.296897,0 days 00:00:04.603568,1,78,508,375.0,332.0,394.0,4,64,0.1900027348804626,0.002262134331991295,0.6,/work3/arnaou/checkpoints/megnet_Vc_trial_2475_best_state.pt,"{'learning_rate': 0.002262134331991295, 'lr_reduce': 0.6}",TPESampler,COMPLETE
2476,0.3470546305179596,2025-04-26 17:17:46.596710,2025-04-26 17:18:04.825556,0 days 00:00:18.228846,1,71,378,267.0,302.0,396.0,4,70,0.24636504091778924,0.0021152457099418267,0.6,/work3/arnaou/checkpoints/megnet_Vc_trial_2476_best_state.pt,"{'learning_rate': 0.0021152457099418267, 'lr_reduce': 0.6}",TPESampler,COMPLETE
2477,1.7847362756729126,2025-04-26 17:17:50.663576,2025-04-26 17:17:56.095978,0 days 00:00:05.432402,4,42,236,,,,1,109,0.17572220666932814,0.0008140090978891805,0.6,/work3/arnaou/checkpoints/megnet_Vc_trial_2477_best_state.pt,"{'learning_rate': 0.0008140090978891805, 'lr_reduce': 0.6}",TPESampler,COMPLETE
2478,0.42698365449905396,2025-04-26 17:17:55.432903,2025-04-26 17:18:28.133434,0 days 00:00:32.700531,1,97,512,347.0,470.0,,3,62,0.21469606409206107,0.00052571405507319,0.6,/work3/arnaou/checkpoints/megnet_Vc_trial_2478_best_state.pt,"{'learning_rate': 0.00052571405507319, 'lr_reduce': 0.6}",TPESampler,COMPLETE
2479,0.12272276729345322,2025-04-26 17:17:56.419436,2025-04-26 17:18:28.192831,0 days 00:00:31.773395,1,80,509,390.0,372.0,213.0,4,79,0.20038321181381336,0.00037361802128536766,0.6,/work3/arnaou/checkpoints/megnet_Vc_trial_2479_best_state.pt,"{'learning_rate': 0.00037361802128536766, 'lr_reduce': 0.6}",TPESampler,COMPLETE
2480,0.1896384209394455,2025-04-26 17:18:05.218810,2025-04-26 17:18:39.799238,0 days 00:00:34.580428,1,56,208,352.0,356.0,261.0,4,38,0.18090077102584676,0.0009049030226968526,0.6,/work3/arnaou/checkpoints/megnet_Vc_trial_2480_best_state.pt,"{'learning_rate': 0.0009049030226968526, 'lr_reduce': 0.6}",TPESampler,COMPLETE
2481,1.4344420433044434,2025-04-26 17:18:28.340487,2025-04-26 17:18:48.394784,0 days 00:00:20.054297,2,107,446,367.0,376.0,322.0,4,66,0.1470580635258918,0.00021156718739195473,0.6,/work3/arnaou/checkpoints/megnet_Vc_trial_2481_best_state.pt,"{'learning_rate': 0.00021156718739195473, 'lr_reduce': 0.6}",TPESampler,COMPLETE
2482,1.4957231283187866,2025-04-26 17:18:28.407318,2025-04-26 17:18:39.973784,0 days 00:00:11.566466,2,98,379,317.0,375.0,,3,59,0.22328726010106434,0.0007378353565009361,0.6,/work3/arnaou/checkpoints/megnet_Vc_trial_2482_best_state.pt,"{'learning_rate': 0.0007378353565009361, 'lr_reduce': 0.6}",TPESampler,COMPLETE
2483,1.8024704456329346,2025-04-26 17:18:40.007088,2025-04-26 17:18:43.718415,0 days 00:00:03.711327,1,125,108,,,,1,77,0.1290121448473411,0.0008754290325532312,0.6,/work3/arnaou/checkpoints/megnet_Vc_trial_2483_best_state.pt,"{'learning_rate': 0.0008754290325532312, 'lr_reduce': 0.6}",TPESampler,COMPLETE
2484,0.25443127751350403,2025-04-26 17:18:40.252846,2025-04-26 17:19:15.944518,0 days 00:00:35.691672,4,60,343,394.0,342.0,397.0,4,35,0.026728140426607178,0.002463654371083205,0.6,/work3/arnaou/checkpoints/megnet_Vc_trial_2484_best_state.pt,"{'learning_rate': 0.002463654371083205, 'lr_reduce': 0.6}",TPESampler,COMPLETE
2485,1.835577368736267,2025-04-26 17:18:44.004071,2025-04-26 17:18:48.413065,0 days 00:00:04.408994,2,97,370,,,,1,87,0.17138540492227966,0.00026280561707438016,0.6,/work3/arnaou/checkpoints/megnet_Vc_trial_2485_best_state.pt,"{'learning_rate': 0.00026280561707438016, 'lr_reduce': 0.6}",TPESampler,COMPLETE
2486,1.8240710496902466,2025-04-26 17:18:48.580117,2025-04-26 17:18:52.634265,0 days 00:00:04.054148,1,41,214,269.0,378.0,,3,40,0.22876684587775734,0.00214537650572339,0.6,/work3/arnaou/checkpoints/megnet_Vc_trial_2486_best_state.pt,"{'learning_rate': 0.00214537650572339, 'lr_reduce': 0.6}",TPESampler,COMPLETE
2487,0.12329547107219696,2025-04-26 17:18:48.637582,2025-04-26 17:19:16.110631,0 days 00:00:27.473049,1,52,257,293.0,,,2,48,0.24851951814208822,0.0031173062551017316,0.6,/work3/arnaou/checkpoints/megnet_Vc_trial_2487_best_state.pt,"{'learning_rate': 0.0031173062551017316, 'lr_reduce': 0.6}",TPESampler,COMPLETE
2488,0.2357833832502365,2025-04-26 17:18:52.919585,2025-04-26 17:19:24.401976,0 days 00:00:31.482391,1,103,394,222.0,399.0,357.0,4,65,0.19969824532130004,0.0006051899318594365,0.6,/work3/arnaou/checkpoints/megnet_Vc_trial_2488_best_state.pt,"{'learning_rate': 0.0006051899318594365, 'lr_reduce': 0.6}",TPESampler,COMPLETE
2489,0.44274666905403137,2025-04-26 17:19:16.166922,2025-04-26 17:19:29.846506,0 days 00:00:13.679584,1,38,427,385.0,246.0,410.0,4,83,0.23126014357617156,0.002759666781476543,0.6,/work3/arnaou/checkpoints/megnet_Vc_trial_2489_best_state.pt,"{'learning_rate': 0.002759666781476543, 'lr_reduce': 0.6}",TPESampler,COMPLETE
2490,1.8596758842468262,2025-04-26 17:19:16.340730,2025-04-26 17:19:20.961437,0 days 00:00:04.620707,1,69,415,350.0,411.0,404.0,4,50,0.18702941821188607,0.0005318391328415479,0.6,/work3/arnaou/checkpoints/megnet_Vc_trial_2490_best_state.pt,"{'learning_rate': 0.0005318391328415479, 'lr_reduce': 0.6}",TPESampler,COMPLETE
2491,0.4627659320831299,2025-04-26 17:19:21.216015,2025-04-26 17:19:33.262919,0 days 00:00:12.046904,1,97,402,227.0,348.0,321.0,4,86,0.1735119505770144,0.0012713645926313141,0.6,/work3/arnaou/checkpoints/megnet_Vc_trial_2491_best_state.pt,"{'learning_rate': 0.0012713645926313141, 'lr_reduce': 0.6}",TPESampler,COMPLETE
2492,1.8665194511413574,2025-04-26 17:19:24.681704,2025-04-26 17:19:28.391901,0 days 00:00:03.710197,1,81,501,324.0,245.0,364.0,4,76,0.19184096832094305,0.0005771054588135026,0.6,/work3/arnaou/checkpoints/megnet_Vc_trial_2492_best_state.pt,"{'learning_rate': 0.0005771054588135026, 'lr_reduce': 0.6}",TPESampler,COMPLETE
2493,1.8106684684753418,2025-04-26 17:19:28.654891,2025-04-26 17:19:32.680853,0 days 00:00:04.025962,3,46,225,288.0,,,2,127,0.1572723717413705,0.002382482255884359,0.6,/work3/arnaou/checkpoints/megnet_Vc_trial_2493_best_state.pt,"{'learning_rate': 0.002382482255884359, 'lr_reduce': 0.6}",TPESampler,COMPLETE
2494,0.2443850189447403,2025-04-26 17:19:30.095292,2025-04-26 17:19:55.397033,0 days 00:00:25.301741,1,105,396,403.0,334.0,393.0,4,52,0.24543373854155986,0.0036375568419090743,0.6,/work3/arnaou/checkpoints/megnet_Vc_trial_2494_best_state.pt,"{'learning_rate': 0.0036375568419090743, 'lr_reduce': 0.6}",TPESampler,COMPLETE
2495,0.19849541783332825,2025-04-26 17:19:32.997087,2025-04-26 17:19:57.486835,0 days 00:00:24.489748,1,52,288,241.0,280.0,,3,37,0.18743632219984768,0.0019288214464945157,0.6,/work3/arnaou/checkpoints/megnet_Vc_trial_2495_best_state.pt,"{'learning_rate': 0.0019288214464945157, 'lr_reduce': 0.6}",TPESampler,COMPLETE
2496,1.7839711904525757,2025-04-26 17:19:33.563561,2025-04-26 17:19:36.944063,0 days 00:00:03.380502,1,68,90,,,,1,96,0.051525991701815765,0.0015758388763157803,0.6,/work3/arnaou/checkpoints/megnet_Vc_trial_2496_best_state.pt,"{'learning_rate': 0.0015758388763157803, 'lr_reduce': 0.6}",TPESampler,COMPLETE
2497,1.8682831525802612,2025-04-26 17:19:37.219275,2025-04-26 17:19:42.108897,0 days 00:00:04.889622,1,80,348,257.0,388.0,406.0,4,73,0.24447239920389913,0.0001922536082445011,0.6,/work3/arnaou/checkpoints/megnet_Vc_trial_2497_best_state.pt,"{'learning_rate': 0.0001922536082445011, 'lr_reduce': 0.6}",TPESampler,COMPLETE
2498,1.8592506647109985,2025-04-26 17:19:42.354487,2025-04-26 17:19:46.627810,0 days 00:00:04.273323,4,41,272,378.0,286.0,,3,120,0.029552539060554994,0.00036972442630239355,0.6,/work3/arnaou/checkpoints/megnet_Vc_trial_2498_best_state.pt,"{'learning_rate': 0.00036972442630239355, 'lr_reduce': 0.6}",TPESampler,COMPLETE
2499,1.8367615938186646,2025-04-26 17:19:47.502869,2025-04-26 17:19:54.339422,0 days 00:00:06.836553,1,47,124,300.0,341.0,,3,34,0.20515535057797135,0.001168123949474656,0.6,/work3/arnaou/checkpoints/megnet_Vc_trial_2499_best_state.pt,"{'learning_rate': 0.001168123949474656, 'lr_reduce': 0.6}",TPESampler,COMPLETE
