number,value,datetime_start,datetime_complete,duration,params_depth,params_edge_hidden_dim,params_mlp_dim_00,params_mlp_dim_01,params_mlp_dim_02,params_mlp_dim_03,params_mlp_n_layers,params_node_hidden_dim,params_rep_dropout,params_train_learning_rate,params_train_lr_reduce,user_attrs_best_state_dict_path,user_attrs_training_params,system_attrs_auto:sampler,state
1223,0.15813088417053223,2025-04-26 15:09:37.342519,2025-04-26 15:10:06.594977,0 days 00:00:29.252458,1,58,276,99.0,102.0,,3,33,0.20090912163232294,0.0010689967318584146,0.6,/work3/arnaou/checkpoints/megnet_Vc_trial_1223_best_state.pt,"{'learning_rate': 0.0010689967318584146, 'lr_reduce': 0.6}",TPESampler,COMPLETE
1224,1.416022777557373,2025-04-26 15:09:50.321336,2025-04-26 15:10:00.827924,0 days 00:00:10.506588,4,41,383,145.0,68.0,475.0,4,115,0.0008543892396021269,0.003349336394367455,0.6,/work3/arnaou/checkpoints/megnet_Vc_trial_1224_best_state.pt,"{'learning_rate': 0.003349336394367455, 'lr_reduce': 0.6}",TPESampler,COMPLETE
1225,1.8514500856399536,2025-04-26 15:10:01.048697,2025-04-26 15:10:05.142686,0 days 00:00:04.093989,1,70,307,201.0,157.0,,3,62,0.2435528475058009,0.0004043780697336717,0.6,/work3/arnaou/checkpoints/megnet_Vc_trial_1225_best_state.pt,"{'learning_rate': 0.0004043780697336717, 'lr_reduce': 0.6}",TPESampler,COMPLETE
1226,0.2221529185771942,2025-04-26 15:10:01.216393,2025-04-26 15:10:24.859574,0 days 00:00:23.643181,1,71,255,111.0,123.0,433.0,4,54,0.24519662775993048,0.0009590988760390176,0.6,/work3/arnaou/checkpoints/megnet_Vc_trial_1226_best_state.pt,"{'learning_rate': 0.0009590988760390176, 'lr_reduce': 0.6}",TPESampler,COMPLETE
1227,0.5455202460289001,2025-04-26 15:10:05.378688,2025-04-26 15:10:19.631845,0 days 00:00:14.253157,1,101,436,169.0,157.0,363.0,4,87,0.15854828000717297,0.0013211810036504415,0.6,/work3/arnaou/checkpoints/megnet_Vc_trial_1227_best_state.pt,"{'learning_rate': 0.0013211810036504415, 'lr_reduce': 0.6}",TPESampler,COMPLETE
1228,1.8547708988189697,2025-04-26 15:10:07.112640,2025-04-26 15:10:13.571172,0 days 00:00:06.458532,1,70,383,91.0,122.0,474.0,4,60,0.2254396606470102,0.0006587496835881567,0.6,/work3/arnaou/checkpoints/megnet_Vc_trial_1228_best_state.pt,"{'learning_rate': 0.0006587496835881567, 'lr_reduce': 0.6}",TPESampler,COMPLETE
1229,0.34134408831596375,2025-04-26 15:10:13.820634,2025-04-26 15:10:30.076913,0 days 00:00:16.256279,1,64,219,153.0,64.0,,3,64,0.23435270450834886,0.001141784128600253,0.6,/work3/arnaou/checkpoints/megnet_Vc_trial_1229_best_state.pt,"{'learning_rate': 0.001141784128600253, 'lr_reduce': 0.6}",TPESampler,COMPLETE
1230,1.8314309120178223,2025-04-26 15:10:19.875467,2025-04-26 15:10:23.192734,0 days 00:00:03.317267,1,64,442,211.0,154.0,,3,47,0.2498955703103981,0.0015859596870083403,0.6,/work3/arnaou/checkpoints/megnet_Vc_trial_1230_best_state.pt,"{'learning_rate': 0.0015859596870083403, 'lr_reduce': 0.6}",TPESampler,COMPLETE
1231,1.6822320222854614,2025-04-26 15:10:23.417167,2025-04-26 15:10:29.303958,0 days 00:00:05.886791,2,125,246,137.0,,,2,121,0.038333775961997635,0.00664260187716634,0.6,/work3/arnaou/checkpoints/megnet_Vc_trial_1231_best_state.pt,"{'learning_rate': 0.00664260187716634, 'lr_reduce': 0.6}",TPESampler,COMPLETE
1232,0.2744830846786499,2025-04-26 15:10:25.099744,2025-04-26 15:10:53.658570,0 days 00:00:28.558826,1,115,384,177.0,116.0,475.0,4,59,0.23202559373021897,0.00097721951780698,0.6,/work3/arnaou/checkpoints/megnet_Vc_trial_1232_best_state.pt,"{'learning_rate': 0.00097721951780698, 'lr_reduce': 0.6}",TPESampler,COMPLETE
1233,1.862810492515564,2025-04-26 15:10:29.517392,2025-04-26 15:10:34.355751,0 days 00:00:04.838359,2,109,415,194.0,,,2,37,0.09795986984683572,0.0001201573017335729,0.6,/work3/arnaou/checkpoints/megnet_Vc_trial_1233_best_state.pt,"{'learning_rate': 0.0001201573017335729, 'lr_reduce': 0.6}",TPESampler,COMPLETE
1234,0.553399384021759,2025-04-26 15:10:30.337658,2025-04-26 15:10:46.025936,0 days 00:00:15.688278,2,59,504,67.0,175.0,417.0,4,118,0.18108847795492508,0.00079931238346218,0.6,/work3/arnaou/checkpoints/megnet_Vc_trial_1234_best_state.pt,"{'learning_rate': 0.00079931238346218, 'lr_reduce': 0.6}",TPESampler,COMPLETE
1235,1.8624213933944702,2025-04-26 15:10:34.819660,2025-04-26 15:10:39.125961,0 days 00:00:04.306301,2,47,261,174.0,104.0,432.0,4,44,0.2365828052449042,0.0008952869043436458,0.6,/work3/arnaou/checkpoints/megnet_Vc_trial_1235_best_state.pt,"{'learning_rate': 0.0008952869043436458, 'lr_reduce': 0.6}",TPESampler,COMPLETE
1236,1.209591031074524,2025-04-26 15:10:39.372187,2025-04-26 15:10:48.633536,0 days 00:00:09.261349,2,95,438,139.0,165.0,479.0,4,76,0.23814747288437582,0.0008232066807594843,0.6,/work3/arnaou/checkpoints/megnet_Vc_trial_1236_best_state.pt,"{'learning_rate': 0.0008232066807594843, 'lr_reduce': 0.6}",TPESampler,COMPLETE
1237,1.8570406436920166,2025-04-26 15:10:46.276562,2025-04-26 15:10:49.895603,0 days 00:00:03.619041,1,42,392,126.0,124.0,384.0,4,37,0.2261759776374447,0.0010582239323012675,0.6,/work3/arnaou/checkpoints/megnet_Vc_trial_1237_best_state.pt,"{'learning_rate': 0.0010582239323012675, 'lr_reduce': 0.6}",TPESampler,COMPLETE
1238,0.2392696589231491,2025-04-26 15:10:48.904869,2025-04-26 15:11:11.748391,0 days 00:00:22.843522,1,64,226,106.0,,,2,63,0.184456014535318,0.002171810682125079,0.6,/work3/arnaou/checkpoints/megnet_Vc_trial_1238_best_state.pt,"{'learning_rate': 0.002171810682125079, 'lr_reduce': 0.6}",TPESampler,COMPLETE
1239,1.8677363395690918,2025-04-26 15:10:50.179629,2025-04-26 15:10:53.372063,0 days 00:00:03.192434,2,59,296,,,,1,41,0.23858291763948625,0.00010473877733941476,0.6,/work3/arnaou/checkpoints/megnet_Vc_trial_1239_best_state.pt,"{'learning_rate': 0.00010473877733941476, 'lr_reduce': 0.6}",TPESampler,COMPLETE
1240,0.3600364923477173,2025-04-26 15:10:53.603871,2025-04-26 15:11:09.674588,0 days 00:00:16.070717,1,61,510,189.0,166.0,311.0,4,55,0.23693827638406637,0.00152669817616177,0.6,/work3/arnaou/checkpoints/megnet_Vc_trial_1240_best_state.pt,"{'learning_rate': 0.00152669817616177, 'lr_reduce': 0.6}",TPESampler,COMPLETE
1241,0.19912414252758026,2025-04-26 15:10:53.986324,2025-04-26 15:11:19.848084,0 days 00:00:25.861760,1,68,202,224.0,122.0,,3,83,0.24880281386748374,0.0006233028898664396,0.6,/work3/arnaou/checkpoints/megnet_Vc_trial_1241_best_state.pt,"{'learning_rate': 0.0006233028898664396, 'lr_reduce': 0.6}",TPESampler,COMPLETE
1242,1.8085734844207764,2025-04-26 15:11:09.913538,2025-04-26 15:11:14.022371,0 days 00:00:04.108833,2,83,506,,,,1,79,0.2344814129841965,0.0018330909639269876,0.6,/work3/arnaou/checkpoints/megnet_Vc_trial_1242_best_state.pt,"{'learning_rate': 0.0018330909639269876, 'lr_reduce': 0.6}",TPESampler,COMPLETE
1243,1.7771605253219604,2025-04-26 15:11:11.987791,2025-04-26 15:11:17.154133,0 days 00:00:05.166342,2,122,103,512.0,103.0,476.0,4,112,0.08788533420015235,0.0009282940250892892,0.6,/work3/arnaou/checkpoints/megnet_Vc_trial_1243_best_state.pt,"{'learning_rate': 0.0009282940250892892, 'lr_reduce': 0.6}",TPESampler,COMPLETE
1244,0.21699009835720062,2025-04-26 15:11:14.269710,2025-04-26 15:11:42.333852,0 days 00:00:28.064142,2,102,494,150.0,168.0,,3,38,0.23456999744481638,0.002153161663311828,0.6,/work3/arnaou/checkpoints/megnet_Vc_trial_1244_best_state.pt,"{'learning_rate': 0.002153161663311828, 'lr_reduce': 0.6}",TPESampler,COMPLETE
1245,0.6234585642814636,2025-04-26 15:11:17.393851,2025-04-26 15:11:35.310092,0 days 00:00:17.916241,2,83,441,120.0,67.0,430.0,4,38,0.24586597640314078,0.0009486146248998491,0.6,/work3/arnaou/checkpoints/megnet_Vc_trial_1245_best_state.pt,"{'learning_rate': 0.0009486146248998491, 'lr_reduce': 0.6}",TPESampler,COMPLETE
1246,1.0736089944839478,2025-04-26 15:11:20.102750,2025-04-26 15:11:54.192807,0 days 00:00:34.090057,1,72,494,64.0,124.0,479.0,4,65,0.18173418927639695,0.0008007844131817288,0.6,/work3/arnaou/checkpoints/megnet_Vc_trial_1246_best_state.pt,"{'learning_rate': 0.0008007844131817288, 'lr_reduce': 0.6}",TPESampler,COMPLETE
1247,0.26840686798095703,2025-04-26 15:11:35.547782,2025-04-26 15:11:54.906771,0 days 00:00:19.358989,1,75,490,166.0,160.0,379.0,4,90,0.24742397212222791,0.0019428965426533781,0.6,/work3/arnaou/checkpoints/megnet_Vc_trial_1247_best_state.pt,"{'learning_rate': 0.0019428965426533781, 'lr_reduce': 0.6}",TPESampler,COMPLETE
1248,1.8259975910186768,2025-04-26 15:11:42.597288,2025-04-26 15:11:46.272682,0 days 00:00:03.675394,1,64,336,217.0,120.0,437.0,4,49,0.24982628025681938,0.0018658424803004853,0.6,/work3/arnaou/checkpoints/megnet_Vc_trial_1248_best_state.pt,"{'learning_rate': 0.0018658424803004853, 'lr_reduce': 0.6}",TPESampler,COMPLETE
1249,0.1193671002984047,2025-04-26 15:11:46.519703,2025-04-26 15:12:15.675949,0 days 00:00:29.156246,1,100,464,509.0,174.0,484.0,4,65,0.2488048481689802,0.0008144256557044367,0.6,/work3/arnaou/checkpoints/megnet_Vc_trial_1249_best_state.pt,"{'learning_rate': 0.0008144256557044367, 'lr_reduce': 0.6}",TPESampler,COMPLETE
1250,0.16254496574401855,2025-04-26 15:11:54.470385,2025-04-26 15:12:25.854045,0 days 00:00:31.383660,1,56,482,490.0,95.0,,3,70,0.1847778062296898,0.000798578991889781,0.6,/work3/arnaou/checkpoints/megnet_Vc_trial_1250_best_state.pt,"{'learning_rate': 0.000798578991889781, 'lr_reduce': 0.6}",TPESampler,COMPLETE
1251,1.8683077096939087,2025-04-26 15:11:55.206661,2025-04-26 15:12:00.167226,0 days 00:00:04.960565,2,123,237,489.0,163.0,403.0,4,107,0.15022934351133455,0.00011303726670854718,0.6,/work3/arnaou/checkpoints/megnet_Vc_trial_1251_best_state.pt,"{'learning_rate': 0.00011303726670854718, 'lr_reduce': 0.6}",TPESampler,COMPLETE
1252,1.866998314857483,2025-04-26 15:12:00.399676,2025-04-26 15:12:03.943500,0 days 00:00:03.543824,1,83,374,512.0,124.0,439.0,4,62,0.14674240625116408,0.0002226309716086431,0.6,/work3/arnaou/checkpoints/megnet_Vc_trial_1252_best_state.pt,"{'learning_rate': 0.0002226309716086431, 'lr_reduce': 0.6}",TPESampler,COMPLETE
1253,0.2580034136772156,2025-04-26 15:12:04.173116,2025-04-26 15:12:28.042632,0 days 00:00:23.869516,1,35,457,161.0,68.0,510.0,4,104,0.18197662930832675,0.000616744211691268,0.6,/work3/arnaou/checkpoints/megnet_Vc_trial_1253_best_state.pt,"{'learning_rate': 0.000616744211691268, 'lr_reduce': 0.6}",TPESampler,COMPLETE
1254,0.24272751808166504,2025-04-26 15:12:16.082994,2025-04-26 15:12:46.551084,0 days 00:00:30.468090,1,41,456,509.0,176.0,,3,100,0.12380958034436527,0.0005935482538161126,0.6,/work3/arnaou/checkpoints/megnet_Vc_trial_1254_best_state.pt,"{'learning_rate': 0.0005935482538161126, 'lr_reduce': 0.6}",TPESampler,COMPLETE
1255,0.21778014302253723,2025-04-26 15:12:26.088847,2025-04-26 15:12:53.451999,0 days 00:00:27.363152,1,84,459,508.0,180.0,424.0,4,53,0.24773626524976766,0.0004728605801448375,0.6,/work3/arnaou/checkpoints/megnet_Vc_trial_1255_best_state.pt,"{'learning_rate': 0.0004728605801448375, 'lr_reduce': 0.6}",TPESampler,COMPLETE
1256,0.2401677370071411,2025-04-26 15:12:28.279423,2025-04-26 15:12:50.732000,0 days 00:00:22.452577,1,118,466,510.0,175.0,,3,77,0.21978684635383988,0.0014686023140025157,0.6,/work3/arnaou/checkpoints/megnet_Vc_trial_1256_best_state.pt,"{'learning_rate': 0.0014686023140025157, 'lr_reduce': 0.6}",TPESampler,COMPLETE
1257,0.1664460450410843,2025-04-26 15:12:46.812976,2025-04-26 15:13:18.971040,0 days 00:00:32.158064,1,57,408,484.0,173.0,448.0,4,49,0.20566672249330348,0.0008273500000587727,0.6,/work3/arnaou/checkpoints/megnet_Vc_trial_1257_best_state.pt,"{'learning_rate': 0.0008273500000587727, 'lr_reduce': 0.6}",TPESampler,COMPLETE
1258,0.39194756746292114,2025-04-26 15:12:50.974070,2025-04-26 15:13:07.046361,0 days 00:00:16.072291,1,98,414,217.0,169.0,343.0,4,64,0.2308586293758393,0.000964374253243875,0.6,/work3/arnaou/checkpoints/megnet_Vc_trial_1258_best_state.pt,"{'learning_rate': 0.000964374253243875, 'lr_reduce': 0.6}",TPESampler,COMPLETE
1259,1.8611335754394531,2025-04-26 15:12:53.733399,2025-04-26 15:12:58.731665,0 days 00:00:04.998266,1,108,448,108.0,145.0,394.0,4,53,0.19750832422635833,0.000294699866628294,0.6,/work3/arnaou/checkpoints/megnet_Vc_trial_1259_best_state.pt,"{'learning_rate': 0.000294699866628294, 'lr_reduce': 0.6}",TPESampler,COMPLETE
1260,1.8056789636611938,2025-04-26 15:12:59.056500,2025-04-26 15:13:03.722823,0 days 00:00:04.666323,3,86,233,204.0,176.0,,3,38,0.04183181240054426,0.005303263938197152,0.6,/work3/arnaou/checkpoints/megnet_Vc_trial_1260_best_state.pt,"{'learning_rate': 0.005303263938197152, 'lr_reduce': 0.6}",TPESampler,COMPLETE
1261,1.7875782251358032,2025-04-26 15:13:03.944069,2025-04-26 15:13:07.589496,0 days 00:00:03.645427,1,112,508,509.0,130.0,443.0,4,72,0.17178230292333432,0.002496341366964245,0.6,/work3/arnaou/checkpoints/megnet_Vc_trial_1261_best_state.pt,"{'learning_rate': 0.002496341366964245, 'lr_reduce': 0.6}",TPESampler,COMPLETE
1262,1.8466873168945312,2025-04-26 15:13:07.345058,2025-04-26 15:13:11.079970,0 days 00:00:03.734912,2,82,477,482.0,134.0,466.0,4,62,0.2402381892535308,0.0017375437834936435,0.6,/work3/arnaou/checkpoints/megnet_Vc_trial_1262_best_state.pt,"{'learning_rate': 0.0017375437834936435, 'lr_reduce': 0.6}",TPESampler,COMPLETE
1263,0.44624388217926025,2025-04-26 15:13:07.844535,2025-04-26 15:13:19.321681,0 days 00:00:11.477146,1,53,230,126.0,160.0,,3,52,0.23323079827137722,0.0009713245525542289,0.6,/work3/arnaou/checkpoints/megnet_Vc_trial_1263_best_state.pt,"{'learning_rate': 0.0009713245525542289, 'lr_reduce': 0.6}",TPESampler,COMPLETE
1264,1.5753767490386963,2025-04-26 15:13:11.306041,2025-04-26 15:13:17.384997,0 days 00:00:06.078956,3,125,374,481.0,,,2,36,0.11967682179796078,0.008070559192220616,0.6,/work3/arnaou/checkpoints/megnet_Vc_trial_1264_best_state.pt,"{'learning_rate': 0.008070559192220616, 'lr_reduce': 0.6}",TPESampler,COMPLETE
1265,0.13286612927913666,2025-04-26 15:13:17.628120,2025-04-26 15:13:47.873864,0 days 00:00:30.245744,1,82,474,512.0,170.0,398.0,4,60,0.19509129192736616,0.0014182528053686163,0.6,/work3/arnaou/checkpoints/megnet_Vc_trial_1265_best_state.pt,"{'learning_rate': 0.0014182528053686163, 'lr_reduce': 0.6}",TPESampler,COMPLETE
1266,1.454038143157959,2025-04-26 15:13:19.251993,2025-04-26 15:13:30.613692,0 days 00:00:11.361699,2,124,405,509.0,126.0,438.0,4,45,0.24416157170598374,0.0009552569162646669,0.6,/work3/arnaou/checkpoints/megnet_Vc_trial_1266_best_state.pt,"{'learning_rate': 0.0009552569162646669, 'lr_reduce': 0.6}",TPESampler,COMPLETE
1267,0.6719760894775391,2025-04-26 15:13:19.588171,2025-04-26 15:13:35.399115,0 days 00:00:15.810944,2,66,170,163.0,126.0,,3,67,0.22132832931629487,0.0014749946602164053,0.6,/work3/arnaou/checkpoints/megnet_Vc_trial_1267_best_state.pt,"{'learning_rate': 0.0014749946602164053, 'lr_reduce': 0.6}",TPESampler,COMPLETE
1268,1.8664942979812622,2025-04-26 15:13:30.845317,2025-04-26 15:13:37.475685,0 days 00:00:06.630368,1,74,257,202.0,171.0,,3,66,0.23643135169619087,0.00014684164008179989,0.6,/work3/arnaou/checkpoints/megnet_Vc_trial_1268_best_state.pt,"{'learning_rate': 0.00014684164008179989, 'lr_reduce': 0.6}",TPESampler,COMPLETE
1269,1.856913447380066,2025-04-26 15:13:35.622183,2025-04-26 15:13:39.648073,0 days 00:00:04.025890,1,71,483,510.0,104.0,471.0,4,45,0.1920552880535354,0.0009440049683887516,0.6,/work3/arnaou/checkpoints/megnet_Vc_trial_1269_best_state.pt,"{'learning_rate': 0.0009440049683887516, 'lr_reduce': 0.6}",TPESampler,COMPLETE
1270,1.8333805799484253,2025-04-26 15:13:37.725030,2025-04-26 15:13:41.415468,0 days 00:00:03.690438,2,51,255,473.0,177.0,,3,56,0.23320982927863076,0.0018149677403124552,0.6,/work3/arnaou/checkpoints/megnet_Vc_trial_1270_best_state.pt,"{'learning_rate': 0.0018149677403124552, 'lr_reduce': 0.6}",TPESampler,COMPLETE
1271,0.20236407220363617,2025-04-26 15:13:39.883311,2025-04-26 15:14:07.420468,0 days 00:00:27.537157,1,37,253,511.0,184.0,,3,78,0.23382650257804727,0.0014985235760082661,0.6,/work3/arnaou/checkpoints/megnet_Vc_trial_1271_best_state.pt,"{'learning_rate': 0.0014985235760082661, 'lr_reduce': 0.6}",TPESampler,COMPLETE
1272,0.2341286540031433,2025-04-26 15:13:41.679269,2025-04-26 15:14:09.326677,0 days 00:00:27.647408,1,54,369,111.0,65.0,354.0,4,94,0.12336839269093539,0.003367943324030611,0.6,/work3/arnaou/checkpoints/megnet_Vc_trial_1272_best_state.pt,"{'learning_rate': 0.003367943324030611, 'lr_reduce': 0.6}",TPESampler,COMPLETE
1273,0.18768712878227234,2025-04-26 15:13:48.118305,2025-04-26 15:14:16.354495,0 days 00:00:28.236190,1,49,160,475.0,133.0,436.0,4,74,0.23705337241676477,0.0012065177073250304,0.6,/work3/arnaou/checkpoints/megnet_Vc_trial_1273_best_state.pt,"{'learning_rate': 0.0012065177073250304, 'lr_reduce': 0.6}",TPESampler,COMPLETE
1274,0.1437360942363739,2025-04-26 15:14:07.672388,2025-04-26 15:14:39.723871,0 days 00:00:32.051483,2,67,409,468.0,126.0,475.0,4,50,0.24056581098937868,0.000672218480815687,0.6,/work3/arnaou/checkpoints/megnet_Vc_trial_1274_best_state.pt,"{'learning_rate': 0.000672218480815687, 'lr_reduce': 0.6}",TPESampler,COMPLETE
1275,0.3916502594947815,2025-04-26 15:14:09.564741,2025-04-26 15:14:25.748379,0 days 00:00:16.183638,1,91,462,138.0,180.0,390.0,4,78,0.22387266499793507,0.0011910346230029625,0.6,/work3/arnaou/checkpoints/megnet_Vc_trial_1275_best_state.pt,"{'learning_rate': 0.0011910346230029625, 'lr_reduce': 0.6}",TPESampler,COMPLETE
1276,0.394083708524704,2025-04-26 15:14:16.588584,2025-04-26 15:14:28.939663,0 days 00:00:12.351079,1,68,506,213.0,106.0,,3,62,0.2064787057914115,0.00390918689887608,0.6,/work3/arnaou/checkpoints/megnet_Vc_trial_1276_best_state.pt,"{'learning_rate': 0.00390918689887608, 'lr_reduce': 0.6}",TPESampler,COMPLETE
1277,1.8596035242080688,2025-04-26 15:14:25.987143,2025-04-26 15:14:29.942352,0 days 00:00:03.955209,1,91,436,459.0,145.0,473.0,4,66,0.2217278224840941,0.0004849530841610688,0.6,/work3/arnaou/checkpoints/megnet_Vc_trial_1277_best_state.pt,"{'learning_rate': 0.0004849530841610688, 'lr_reduce': 0.6}",TPESampler,COMPLETE
1278,1.8527930974960327,2025-04-26 15:14:29.176135,2025-04-26 15:14:33.341808,0 days 00:00:04.165673,1,87,512,472.0,185.0,431.0,4,33,0.23833094977796399,0.0013597870926012122,0.6,/work3/arnaou/checkpoints/megnet_Vc_trial_1278_best_state.pt,"{'learning_rate': 0.0013597870926012122, 'lr_reduce': 0.6}",TPESampler,COMPLETE
1279,1.8184266090393066,2025-04-26 15:14:30.227631,2025-04-26 15:14:34.014700,0 days 00:00:03.787069,2,35,459,466.0,103.0,,3,50,0.23357640991092238,0.0020111103016657687,0.6,/work3/arnaou/checkpoints/megnet_Vc_trial_1279_best_state.pt,"{'learning_rate': 0.0020111103016657687, 'lr_reduce': 0.6}",TPESampler,COMPLETE
1280,1.8534704446792603,2025-04-26 15:14:33.599154,2025-04-26 15:14:37.324736,0 days 00:00:03.725582,1,72,391,167.0,405.0,470.0,4,48,0.18795473477393954,0.0013849068989825635,0.6,/work3/arnaou/checkpoints/megnet_Vc_trial_1280_best_state.pt,"{'learning_rate': 0.0013849068989825635, 'lr_reduce': 0.6}",TPESampler,COMPLETE
1281,0.26880723237991333,2025-04-26 15:14:34.241692,2025-04-26 15:15:04.469301,0 days 00:00:30.227609,1,68,253,460.0,133.0,413.0,4,45,0.24331560307429295,0.0011796018279832754,0.6,/work3/arnaou/checkpoints/megnet_Vc_trial_1281_best_state.pt,"{'learning_rate': 0.0011796018279832754, 'lr_reduce': 0.6}",TPESampler,COMPLETE
1282,0.3903455138206482,2025-04-26 15:14:37.588475,2025-04-26 15:15:05.490923,0 days 00:00:27.902448,1,67,395,345.0,183.0,,3,90,0.16848076944464357,0.0021770360123423895,0.6,/work3/arnaou/checkpoints/megnet_Vc_trial_1282_best_state.pt,"{'learning_rate': 0.0021770360123423895, 'lr_reduce': 0.6}",TPESampler,COMPLETE
1283,0.4885447919368744,2025-04-26 15:14:39.938542,2025-04-26 15:15:10.414630,0 days 00:00:30.476088,2,110,511,226.0,91.0,,3,70,0.2409474778829931,0.0008872814332229756,0.6,/work3/arnaou/checkpoints/megnet_Vc_trial_1283_best_state.pt,"{'learning_rate': 0.0008872814332229756, 'lr_reduce': 0.6}",TPESampler,COMPLETE
1284,0.2707669734954834,2025-04-26 15:15:04.722122,2025-04-26 15:15:25.721879,0 days 00:00:20.999757,1,69,291,108.0,188.0,,3,52,0.19303227891687597,0.004043459575293728,0.6,/work3/arnaou/checkpoints/megnet_Vc_trial_1284_best_state.pt,"{'learning_rate': 0.004043459575293728, 'lr_reduce': 0.6}",TPESampler,COMPLETE
1285,1.8594138622283936,2025-04-26 15:15:05.755717,2025-04-26 15:15:09.981596,0 days 00:00:04.225879,1,84,444,512.0,137.0,,3,81,0.13775815894731613,0.0003837429083623427,0.6,/work3/arnaou/checkpoints/megnet_Vc_trial_1285_best_state.pt,"{'learning_rate': 0.0003837429083623427, 'lr_reduce': 0.6}",TPESampler,COMPLETE
1286,1.865148663520813,2025-04-26 15:15:10.195681,2025-04-26 15:15:13.392564,0 days 00:00:03.196883,1,61,489,448.0,143.0,,3,45,0.17850826119032032,0.0003444175510856036,0.6,/work3/arnaou/checkpoints/megnet_Vc_trial_1286_best_state.pt,"{'learning_rate': 0.0003444175510856036, 'lr_reduce': 0.6}",TPESampler,COMPLETE
1287,1.673079252243042,2025-04-26 15:15:10.642294,2025-04-26 15:15:16.864259,0 days 00:00:06.221965,4,84,93,472.0,64.0,,3,34,0.11261709672076649,0.001950574790877282,0.6,/work3/arnaou/checkpoints/megnet_Vc_trial_1287_best_state.pt,"{'learning_rate': 0.001950574790877282, 'lr_reduce': 0.6}",TPESampler,COMPLETE
1288,1.6508742570877075,2025-04-26 15:15:13.655490,2025-04-26 15:15:20.633378,0 days 00:00:06.977888,4,116,91,445.0,190.0,478.0,4,103,0.09697726057807679,0.0030458642604222685,0.6,/work3/arnaou/checkpoints/megnet_Vc_trial_1288_best_state.pt,"{'learning_rate': 0.0030458642604222685, 'lr_reduce': 0.6}",TPESampler,COMPLETE
1289,0.3703916668891907,2025-04-26 15:15:17.104632,2025-04-26 15:15:32.307410,0 days 00:00:15.202778,1,48,403,509.0,134.0,389.0,4,72,0.17660042350939406,0.001268187339328672,0.6,/work3/arnaou/checkpoints/megnet_Vc_trial_1289_best_state.pt,"{'learning_rate': 0.001268187339328672, 'lr_reduce': 0.6}",TPESampler,COMPLETE
1290,0.21295708417892456,2025-04-26 15:15:20.895214,2025-04-26 15:15:51.110398,0 days 00:00:30.215184,1,77,422,160.0,103.0,,3,77,0.2067353537972548,0.0004792996033016489,0.6,/work3/arnaou/checkpoints/megnet_Vc_trial_1290_best_state.pt,"{'learning_rate': 0.0004792996033016489, 'lr_reduce': 0.6}",TPESampler,COMPLETE
