number,value,datetime_start,datetime_complete,duration,params_depth,params_edge_hidden_dim,params_mlp_dim_00,params_mlp_dim_01,params_mlp_dim_02,params_mlp_dim_03,params_mlp_n_layers,params_node_hidden_dim,params_rep_dropout,params_train_learning_rate,params_train_lr_reduce,user_attrs_best_state_dict_path,user_attrs_training_params,system_attrs_auto:sampler,state
1965,1.8618978261947632,2025-04-26 16:24:06.109597,2025-04-26 16:24:09.891320,0 days 00:00:03.781723,2,84,407,471.0,268.0,471.0,4,58,0.23200202525553754,0.0005044729943982822,0.6,/work3/arnaou/checkpoints/megnet_Vc_trial_1965_best_state.pt,"{'learning_rate': 0.0005044729943982822, 'lr_reduce': 0.6}",TPESampler,COMPLETE
1966,1.85038161277771,2025-04-26 16:24:07.005893,2025-04-26 16:24:10.324720,0 days 00:00:03.318827,1,58,276,274.0,,,2,46,0.24106672302211588,0.0008471437365008749,0.6,/work3/arnaou/checkpoints/megnet_Vc_trial_1966_best_state.pt,"{'learning_rate': 0.0008471437365008749, 'lr_reduce': 0.6}",TPESampler,COMPLETE
1967,1.8610361814498901,2025-04-26 16:24:10.166586,2025-04-26 16:24:14.575249,0 days 00:00:04.408663,3,83,145,411.0,158.0,,3,67,0.03931684557806375,0.00016228528785745296,0.6,/work3/arnaou/checkpoints/megnet_Vc_trial_1967_best_state.pt,"{'learning_rate': 0.00016228528785745296, 'lr_reduce': 0.6}",TPESampler,COMPLETE
1968,1.7833523750305176,2025-04-26 16:24:10.589288,2025-04-26 16:24:14.493978,0 days 00:00:03.904690,1,52,437,338.0,227.0,433.0,4,32,0.20519660077227966,0.003518340991853617,0.6,/work3/arnaou/checkpoints/megnet_Vc_trial_1968_best_state.pt,"{'learning_rate': 0.003518340991853617, 'lr_reduce': 0.6}",TPESampler,COMPLETE
1969,0.3343677222728729,2025-04-26 16:24:14.695449,2025-04-26 16:24:29.573706,0 days 00:00:14.878257,1,73,457,216.0,113.0,476.0,4,91,0.11828653518058915,0.0010965012476577287,0.6,/work3/arnaou/checkpoints/megnet_Vc_trial_1969_best_state.pt,"{'learning_rate': 0.0010965012476577287, 'lr_reduce': 0.6}",TPESampler,COMPLETE
1970,0.14892904460430145,2025-04-26 16:24:14.845595,2025-04-26 16:24:45.789112,0 days 00:00:30.943517,1,79,321,383.0,192.0,475.0,4,52,0.2453117137242081,0.0018697043879212988,0.6,/work3/arnaou/checkpoints/megnet_Vc_trial_1970_best_state.pt,"{'learning_rate': 0.0018697043879212988, 'lr_reduce': 0.6}",TPESampler,COMPLETE
1971,1.8607667684555054,2025-04-26 16:24:26.298270,2025-04-26 16:24:30.233765,0 days 00:00:03.935495,2,92,489,245.0,247.0,417.0,4,57,0.17146156316362726,0.0004843643209324777,0.6,/work3/arnaou/checkpoints/megnet_Vc_trial_1971_best_state.pt,"{'learning_rate': 0.0004843643209324777, 'lr_reduce': 0.6}",TPESampler,COMPLETE
1972,0.39472997188568115,2025-04-26 16:24:29.788711,2025-04-26 16:24:56.809919,0 days 00:00:27.021208,1,121,108,,,,1,115,0.2232823840684485,0.006329277016803699,0.6,/work3/arnaou/checkpoints/megnet_Vc_trial_1972_best_state.pt,"{'learning_rate': 0.006329277016803699, 'lr_reduce': 0.6}",TPESampler,COMPLETE
1973,1.8319536447525024,2025-04-26 16:24:30.502662,2025-04-26 16:24:34.663096,0 days 00:00:04.160434,2,66,412,192.0,250.0,415.0,4,63,0.1841022205635658,0.0017573034517637288,0.6,/work3/arnaou/checkpoints/megnet_Vc_trial_1973_best_state.pt,"{'learning_rate': 0.0017573034517637288, 'lr_reduce': 0.6}",TPESampler,COMPLETE
1974,1.861628532409668,2025-04-26 16:24:34.924013,2025-04-26 16:24:40.185369,0 days 00:00:05.261356,2,79,451,206.0,240.0,420.0,4,46,0.246671111538998,0.000592107664085173,0.6,/work3/arnaou/checkpoints/megnet_Vc_trial_1974_best_state.pt,"{'learning_rate': 0.000592107664085173, 'lr_reduce': 0.6}",TPESampler,COMPLETE
1975,0.5248473882675171,2025-04-26 16:24:40.482443,2025-04-26 16:25:16.632848,0 days 00:00:36.150405,3,92,475,229.0,227.0,420.0,4,49,0.1723070658630752,0.0011813038536011395,0.6,/work3/arnaou/checkpoints/megnet_Vc_trial_1975_best_state.pt,"{'learning_rate': 0.0011813038536011395, 'lr_reduce': 0.6}",TPESampler,COMPLETE
1976,1.4221144914627075,2025-04-26 16:24:46.057917,2025-04-26 16:24:56.954005,0 days 00:00:10.896088,2,69,431,228.0,224.0,417.0,4,54,0.1718025859198437,0.0008165002531813153,0.6,/work3/arnaou/checkpoints/megnet_Vc_trial_1976_best_state.pt,"{'learning_rate': 0.0008165002531813153, 'lr_reduce': 0.6}",TPESampler,COMPLETE
1977,0.11134489625692368,2025-04-26 16:24:57.033401,2025-04-26 16:25:26.867848,0 days 00:00:29.834447,1,73,472,215.0,236.0,441.0,4,66,0.24990023243652076,0.0007550734129122419,0.6,/work3/arnaou/checkpoints/megnet_Vc_trial_1977_best_state.pt,"{'learning_rate': 0.0007550734129122419, 'lr_reduce': 0.6}",TPESampler,COMPLETE
1978,0.393871933221817,2025-04-26 16:24:57.202964,2025-04-26 16:25:11.056328,0 days 00:00:13.853364,1,70,437,208.0,226.0,,3,52,0.2020843278081043,0.0011623408352913046,0.6,/work3/arnaou/checkpoints/megnet_Vc_trial_1978_best_state.pt,"{'learning_rate': 0.0011623408352913046, 'lr_reduce': 0.6}",TPESampler,COMPLETE
1979,0.18997082114219666,2025-04-26 16:25:11.285350,2025-04-26 16:25:38.372874,0 days 00:00:27.087524,1,77,393,249.0,277.0,420.0,4,67,0.21062231388734082,0.001974431860078933,0.6,/work3/arnaou/checkpoints/megnet_Vc_trial_1979_best_state.pt,"{'learning_rate': 0.001974431860078933, 'lr_reduce': 0.6}",TPESampler,COMPLETE
1980,1.4047702550888062,2025-04-26 16:25:16.898144,2025-04-26 16:25:26.808245,0 days 00:00:09.910101,2,70,443,211.0,216.0,235.0,4,50,0.2093446693600024,0.0005963067176434214,0.6,/work3/arnaou/checkpoints/megnet_Vc_trial_1980_best_state.pt,"{'learning_rate': 0.0005963067176434214, 'lr_reduce': 0.6}",TPESampler,COMPLETE
1981,0.2401917427778244,2025-04-26 16:25:27.032026,2025-04-26 16:26:00.524033,0 days 00:00:33.492007,2,75,418,247.0,275.0,,3,63,0.20124334156340426,0.0009347642195846047,0.6,/work3/arnaou/checkpoints/megnet_Vc_trial_1981_best_state.pt,"{'learning_rate': 0.0009347642195846047, 'lr_reduce': 0.6}",TPESampler,COMPLETE
1982,1.0235872268676758,2025-04-26 16:25:27.097977,2025-04-26 16:26:05.149523,0 days 00:00:38.051546,4,101,331,234.0,256.0,,3,106,0.023670297658216433,0.0005525187949995535,0.6,/work3/arnaou/checkpoints/megnet_Vc_trial_1982_best_state.pt,"{'learning_rate': 0.0005525187949995535, 'lr_reduce': 0.6}",TPESampler,COMPLETE
1983,0.39562511444091797,2025-04-26 16:25:38.628894,2025-04-26 16:25:53.892324,0 days 00:00:15.263430,1,66,455,234.0,250.0,437.0,4,75,0.1989914758946944,0.0014229787529064597,0.6,/work3/arnaou/checkpoints/megnet_Vc_trial_1983_best_state.pt,"{'learning_rate': 0.0014229787529064597, 'lr_reduce': 0.6}",TPESampler,COMPLETE
1984,1.874812364578247,2025-04-26 16:25:54.137317,2025-04-26 16:25:58.239749,0 days 00:00:04.102432,4,105,165,,,,1,87,0.17737267240601207,0.00012164519819673254,0.6,/work3/arnaou/checkpoints/megnet_Vc_trial_1984_best_state.pt,"{'learning_rate': 0.00012164519819673254, 'lr_reduce': 0.6}",TPESampler,COMPLETE
1985,0.27144965529441833,2025-04-26 16:25:58.483754,2025-04-26 16:26:28.913252,0 days 00:00:30.429498,1,115,206,213.0,275.0,,3,38,0.11557797298611694,0.0009021493377904001,0.6,/work3/arnaou/checkpoints/megnet_Vc_trial_1985_best_state.pt,"{'learning_rate': 0.0009021493377904001, 'lr_reduce': 0.6}",TPESampler,COMPLETE
1986,1.8191334009170532,2025-04-26 16:26:00.771714,2025-04-26 16:26:05.860220,0 days 00:00:05.088506,3,67,325,211.0,264.0,,3,93,0.10119893911925372,0.00857828984261526,0.6,/work3/arnaou/checkpoints/megnet_Vc_trial_1986_best_state.pt,"{'learning_rate': 0.00857828984261526, 'lr_reduce': 0.6}",TPESampler,COMPLETE
1987,0.36202022433280945,2025-04-26 16:26:05.394989,2025-04-26 16:26:37.930338,0 days 00:00:32.535349,1,83,504,223.0,260.0,,3,85,0.20142998265255244,0.00027826859079543663,0.6,/work3/arnaou/checkpoints/megnet_Vc_trial_1987_best_state.pt,"{'learning_rate': 0.00027826859079543663, 'lr_reduce': 0.6}",TPESampler,COMPLETE
1988,0.4201981723308563,2025-04-26 16:26:06.106033,2025-04-26 16:26:36.158203,0 days 00:00:30.052170,1,38,234,209.0,239.0,,3,124,0.007403442642303387,0.00043986848642442005,0.6,/work3/arnaou/checkpoints/megnet_Vc_trial_1988_best_state.pt,"{'learning_rate': 0.00043986848642442005, 'lr_reduce': 0.6}",TPESampler,COMPLETE
1989,1.8047864437103271,2025-04-26 16:26:29.192237,2025-04-26 16:26:33.926376,0 days 00:00:04.734139,4,87,256,,,,1,69,0.17398372040157112,0.0034108511233440306,0.6,/work3/arnaou/checkpoints/megnet_Vc_trial_1989_best_state.pt,"{'learning_rate': 0.0034108511233440306, 'lr_reduce': 0.6}",TPESampler,COMPLETE
1990,1.791272521018982,2025-04-26 16:26:34.181761,2025-04-26 16:26:38.062323,0 days 00:00:03.880562,3,111,119,202.0,,,2,105,0.02610618212990143,0.004543260646012333,0.6,/work3/arnaou/checkpoints/megnet_Vc_trial_1990_best_state.pt,"{'learning_rate': 0.004543260646012333, 'lr_reduce': 0.6}",TPESampler,COMPLETE
1991,1.7826745510101318,2025-04-26 16:26:36.394758,2025-04-26 16:26:40.373035,0 days 00:00:03.978277,4,86,509,,,,1,75,0.23646352433811776,0.003790387299004005,0.6,/work3/arnaou/checkpoints/megnet_Vc_trial_1991_best_state.pt,"{'learning_rate': 0.003790387299004005, 'lr_reduce': 0.6}",TPESampler,COMPLETE
1992,0.3118307292461395,2025-04-26 16:26:38.293218,2025-04-26 16:26:55.617239,0 days 00:00:17.324021,1,89,399,245.0,234.0,,3,79,0.22538967055908138,0.0012668249571330754,0.6,/work3/arnaou/checkpoints/megnet_Vc_trial_1992_best_state.pt,"{'learning_rate': 0.0012668249571330754, 'lr_reduce': 0.6}",TPESampler,COMPLETE
1993,0.2520805895328522,2025-04-26 16:26:38.443239,2025-04-26 16:27:06.142945,0 days 00:00:27.699706,1,44,477,254.0,280.0,415.0,4,76,0.20475074112454833,0.000772596495376064,0.6,/work3/arnaou/checkpoints/megnet_Vc_trial_1993_best_state.pt,"{'learning_rate': 0.000772596495376064, 'lr_reduce': 0.6}",TPESampler,COMPLETE
1994,0.2561803162097931,2025-04-26 16:26:40.601396,2025-04-26 16:27:12.787482,0 days 00:00:32.186086,1,72,442,253.0,237.0,481.0,4,59,0.20672058179479225,0.0005144741397195531,0.6,/work3/arnaou/checkpoints/megnet_Vc_trial_1994_best_state.pt,"{'learning_rate': 0.0005144741397195531, 'lr_reduce': 0.6}",TPESampler,COMPLETE
1995,1.8612028360366821,2025-04-26 16:26:55.861836,2025-04-26 16:27:00.516959,0 days 00:00:04.655123,1,79,375,209.0,267.0,438.0,4,65,0.24141983563791403,0.0007320414487825945,0.6,/work3/arnaou/checkpoints/megnet_Vc_trial_1995_best_state.pt,"{'learning_rate': 0.0007320414487825945, 'lr_reduce': 0.6}",TPESampler,COMPLETE
1996,1.8603180646896362,2025-04-26 16:27:00.824168,2025-04-26 16:27:04.897262,0 days 00:00:04.073094,1,68,476,213.0,229.0,472.0,4,41,0.24621626704275437,0.0006572685883995786,0.6,/work3/arnaou/checkpoints/megnet_Vc_trial_1996_best_state.pt,"{'learning_rate': 0.0006572685883995786, 'lr_reduce': 0.6}",TPESampler,COMPLETE
1997,0.3808009922504425,2025-04-26 16:27:05.308619,2025-04-26 16:27:21.131959,0 days 00:00:15.823340,1,92,365,215.0,271.0,473.0,4,67,0.1625501325732871,0.003595435372906536,0.6,/work3/arnaou/checkpoints/megnet_Vc_trial_1997_best_state.pt,"{'learning_rate': 0.003595435372906536, 'lr_reduce': 0.6}",TPESampler,COMPLETE
1998,1.6471073627471924,2025-04-26 16:27:06.401347,2025-04-26 16:27:12.864780,0 days 00:00:06.463433,2,128,467,240.0,,,2,100,0.08307555449646611,0.00702623512924028,0.6,/work3/arnaou/checkpoints/megnet_Vc_trial_1998_best_state.pt,"{'learning_rate': 0.00702623512924028, 'lr_reduce': 0.6}",TPESampler,COMPLETE
1999,1.7848864793777466,2025-04-26 16:27:12.952406,2025-04-26 16:27:16.873559,0 days 00:00:03.921153,4,42,69,258.0,,,2,35,0.1807621250251993,0.009009773534165705,0.6,/work3/arnaou/checkpoints/megnet_Vc_trial_1999_best_state.pt,"{'learning_rate': 0.009009773534165705, 'lr_reduce': 0.6}",TPESampler,COMPLETE
2000,0.3020881712436676,2025-04-26 16:27:13.053018,2025-04-26 16:27:29.106794,0 days 00:00:16.053776,1,81,483,261.0,234.0,512.0,4,64,0.24655342127133176,0.0011860853254992748,0.6,/work3/arnaou/checkpoints/megnet_Vc_trial_2000_best_state.pt,"{'learning_rate': 0.0011860853254992748, 'lr_reduce': 0.6}",TPESampler,COMPLETE
2001,0.4303305447101593,2025-04-26 16:27:17.083129,2025-04-26 16:27:31.529002,0 days 00:00:14.445873,1,70,455,201.0,281.0,442.0,4,65,0.21901930754844945,0.0017188622555318954,0.6,/work3/arnaou/checkpoints/megnet_Vc_trial_2001_best_state.pt,"{'learning_rate': 0.0017188622555318954, 'lr_reduce': 0.6}",TPESampler,COMPLETE
2002,1.695764422416687,2025-04-26 16:27:21.362169,2025-04-26 16:27:26.768568,0 days 00:00:05.406399,2,79,199,216.0,,,2,90,0.025679984931505084,0.009088796734954283,0.6,/work3/arnaou/checkpoints/megnet_Vc_trial_2002_best_state.pt,"{'learning_rate': 0.009088796734954283, 'lr_reduce': 0.6}",TPESampler,COMPLETE
2003,0.46590733528137207,2025-04-26 16:27:26.988120,2025-04-26 16:27:40.759614,0 days 00:00:13.771494,1,68,498,202.0,218.0,407.0,4,41,0.21799300953739215,0.0010578410304373299,0.6,/work3/arnaou/checkpoints/megnet_Vc_trial_2003_best_state.pt,"{'learning_rate': 0.0010578410304373299, 'lr_reduce': 0.6}",TPESampler,COMPLETE
2004,0.10179679095745087,2025-04-26 16:27:29.355216,2025-04-26 16:28:01.779230,0 days 00:00:32.424014,1,81,416,270.0,242.0,482.0,4,54,0.2421622689847411,0.0008689964139371612,0.6,/work3/arnaou/checkpoints/megnet_Vc_trial_2004_best_state.pt,"{'learning_rate': 0.0008689964139371612, 'lr_reduce': 0.6}",TPESampler,COMPLETE
2005,0.3514736294746399,2025-04-26 16:27:31.758119,2025-04-26 16:27:55.471723,0 days 00:00:23.713604,1,73,487,275.0,238.0,512.0,4,61,0.19785291772168995,0.0011363130907060589,0.6,/work3/arnaou/checkpoints/megnet_Vc_trial_2005_best_state.pt,"{'learning_rate': 0.0011363130907060589, 'lr_reduce': 0.6}",TPESampler,COMPLETE
2006,0.18539495766162872,2025-04-26 16:27:41.078364,2025-04-26 16:28:14.677767,0 days 00:00:33.599403,1,78,454,201.0,215.0,,3,53,0.22629733951768363,0.0005938613211189228,0.6,/work3/arnaou/checkpoints/megnet_Vc_trial_2006_best_state.pt,"{'learning_rate': 0.0005938613211189228, 'lr_reduce': 0.6}",TPESampler,COMPLETE
2007,1.8381203413009644,2025-04-26 16:27:55.873514,2025-04-26 16:27:59.690370,0 days 00:00:03.816856,2,96,505,226.0,277.0,,3,86,0.16995644627607634,0.0008528807146971658,0.6,/work3/arnaou/checkpoints/megnet_Vc_trial_2007_best_state.pt,"{'learning_rate': 0.0008528807146971658, 'lr_reduce': 0.6}",TPESampler,COMPLETE
2008,1.8093382120132446,2025-04-26 16:27:59.957349,2025-04-26 16:28:04.810388,0 days 00:00:04.853039,3,59,497,265.0,,,2,75,0.09793397581768169,0.0059436967419495106,0.6,/work3/arnaou/checkpoints/megnet_Vc_trial_2008_best_state.pt,"{'learning_rate': 0.0059436967419495106, 'lr_reduce': 0.6}",TPESampler,COMPLETE
2009,0.22243553400039673,2025-04-26 16:28:02.030369,2025-04-26 16:28:33.893828,0 days 00:00:31.863459,1,92,511,279.0,282.0,512.0,4,73,0.24587554532583725,0.0005238843040781736,0.6,/work3/arnaou/checkpoints/megnet_Vc_trial_2009_best_state.pt,"{'learning_rate': 0.0005238843040781736, 'lr_reduce': 0.6}",TPESampler,COMPLETE
2010,0.20267018675804138,2025-04-26 16:28:05.037874,2025-04-26 16:28:32.146286,0 days 00:00:27.108412,1,86,439,283.0,270.0,,3,63,0.24149242082499403,0.0011700540676563794,0.6,/work3/arnaou/checkpoints/megnet_Vc_trial_2010_best_state.pt,"{'learning_rate': 0.0011700540676563794, 'lr_reduce': 0.6}",TPESampler,COMPLETE
2011,0.2631204426288605,2025-04-26 16:28:14.953578,2025-04-26 16:28:47.108721,0 days 00:00:32.155143,1,67,432,274.0,275.0,479.0,4,63,0.20863783865222352,0.0006293507385643412,0.6,/work3/arnaou/checkpoints/megnet_Vc_trial_2011_best_state.pt,"{'learning_rate': 0.0006293507385643412, 'lr_reduce': 0.6}",TPESampler,COMPLETE
2012,1.8539748191833496,2025-04-26 16:28:32.418151,2025-04-26 16:28:36.746890,0 days 00:00:04.328739,1,73,466,260.0,263.0,477.0,4,32,0.23335207575630418,0.0009932138793295338,0.6,/work3/arnaou/checkpoints/megnet_Vc_trial_2012_best_state.pt,"{'learning_rate': 0.0009932138793295338, 'lr_reduce': 0.6}",TPESampler,COMPLETE
2013,1.8142623901367188,2025-04-26 16:28:34.159462,2025-04-26 16:28:38.199335,0 days 00:00:04.039873,1,61,508,275.0,244.0,511.0,4,58,0.24293831637122526,0.002330289806924077,0.6,/work3/arnaou/checkpoints/megnet_Vc_trial_2013_best_state.pt,"{'learning_rate': 0.002330289806924077, 'lr_reduce': 0.6}",TPESampler,COMPLETE
2014,0.13387034833431244,2025-04-26 16:28:37.001227,2025-04-26 16:29:09.561232,0 days 00:00:32.560005,1,66,500,285.0,253.0,,3,63,0.15306975205552298,0.00048269490816309885,0.6,/work3/arnaou/checkpoints/megnet_Vc_trial_2014_best_state.pt,"{'learning_rate': 0.00048269490816309885, 'lr_reduce': 0.6}",TPESampler,COMPLETE
2015,1.8311896324157715,2025-04-26 16:28:38.882196,2025-04-26 16:28:42.635985,0 days 00:00:03.753789,2,91,71,,,,1,96,0.13277823839854308,0.00029836169003092267,0.6,/work3/arnaou/checkpoints/megnet_Vc_trial_2015_best_state.pt,"{'learning_rate': 0.00029836169003092267, 'lr_reduce': 0.6}",TPESampler,COMPLETE
2016,0.1632375568151474,2025-04-26 16:28:42.896238,2025-04-26 16:29:08.196611,0 days 00:00:25.300373,1,63,381,235.0,280.0,,3,53,0.24176375624144772,0.0006417999564529137,0.6,/work3/arnaou/checkpoints/megnet_Vc_trial_2016_best_state.pt,"{'learning_rate': 0.0006417999564529137, 'lr_reduce': 0.6}",TPESampler,COMPLETE
2017,0.14142873883247375,2025-04-26 16:28:47.392081,2025-04-26 16:29:16.781347,0 days 00:00:29.389266,1,60,512,243.0,253.0,512.0,4,79,0.20832094592184297,0.001355724407067109,0.6,/work3/arnaou/checkpoints/megnet_Vc_trial_2017_best_state.pt,"{'learning_rate': 0.001355724407067109, 'lr_reduce': 0.6}",TPESampler,COMPLETE
2018,1.8532792329788208,2025-04-26 16:29:08.612435,2025-04-26 16:29:12.474571,0 days 00:00:03.862136,1,89,417,286.0,288.0,473.0,4,55,0.24731172451094052,0.0005139768212609013,0.6,/work3/arnaou/checkpoints/megnet_Vc_trial_2018_best_state.pt,"{'learning_rate': 0.0005139768212609013, 'lr_reduce': 0.6}",TPESampler,COMPLETE
2019,0.11353981494903564,2025-04-26 16:29:09.985252,2025-04-26 16:29:43.961099,0 days 00:00:33.975847,1,75,397,248.0,241.0,476.0,4,59,0.22557903416990704,0.0009367050817471275,0.6,/work3/arnaou/checkpoints/megnet_Vc_trial_2019_best_state.pt,"{'learning_rate': 0.0009367050817471275, 'lr_reduce': 0.6}",TPESampler,COMPLETE
2020,0.3859139084815979,2025-04-26 16:29:12.771919,2025-04-26 16:29:34.317902,0 days 00:00:21.545983,1,85,373,259.0,244.0,449.0,4,76,0.2455592633945878,0.0009045317847109121,0.6,/work3/arnaou/checkpoints/megnet_Vc_trial_2020_best_state.pt,"{'learning_rate': 0.0009045317847109121, 'lr_reduce': 0.6}",TPESampler,COMPLETE
2021,1.8491300344467163,2025-04-26 16:29:17.353298,2025-04-26 16:29:23.285216,0 days 00:00:05.931918,1,86,473,268.0,281.0,475.0,4,52,0.2132292768998036,0.0008246639034367806,0.6,/work3/arnaou/checkpoints/megnet_Vc_trial_2021_best_state.pt,"{'learning_rate': 0.0008246639034367806, 'lr_reduce': 0.6}",TPESampler,COMPLETE
2022,1.7891157865524292,2025-04-26 16:29:23.514470,2025-04-26 16:29:27.693643,0 days 00:00:04.179173,4,36,423,294.0,,,2,68,0.24675743556869836,0.005198851362188995,0.6,/work3/arnaou/checkpoints/megnet_Vc_trial_2022_best_state.pt,"{'learning_rate': 0.005198851362188995, 'lr_reduce': 0.6}",TPESampler,COMPLETE
2023,1.8389123678207397,2025-04-26 16:29:27.955092,2025-04-26 16:29:31.558718,0 days 00:00:03.603626,1,93,440,228.0,236.0,511.0,4,57,0.21329599942975982,0.0009486113804742315,0.6,/work3/arnaou/checkpoints/megnet_Vc_trial_2023_best_state.pt,"{'learning_rate': 0.0009486113804742315, 'lr_reduce': 0.6}",TPESampler,COMPLETE
2024,0.18831413984298706,2025-04-26 16:29:31.793958,2025-04-26 16:30:02.284539,0 days 00:00:30.490581,1,77,461,248.0,285.0,440.0,4,66,0.18636609496765194,0.000805547870486888,0.6,/work3/arnaou/checkpoints/megnet_Vc_trial_2024_best_state.pt,"{'learning_rate': 0.000805547870486888, 'lr_reduce': 0.6}",TPESampler,COMPLETE
2025,1.8597217798233032,2025-04-26 16:29:34.692146,2025-04-26 16:29:43.012597,0 days 00:00:08.320451,2,84,438,,,,1,53,0.18420336087153005,0.00013678514929046408,0.6,/work3/arnaou/checkpoints/megnet_Vc_trial_2025_best_state.pt,"{'learning_rate': 0.00013678514929046408, 'lr_reduce': 0.6}",TPESampler,COMPLETE
2026,1.8547066450119019,2025-04-26 16:29:43.270172,2025-04-26 16:29:47.425425,0 days 00:00:04.155253,1,34,125,297.0,295.0,,3,126,0.09628516972388296,0.0003356911877843751,0.6,/work3/arnaou/checkpoints/megnet_Vc_trial_2026_best_state.pt,"{'learning_rate': 0.0003356911877843751, 'lr_reduce': 0.6}",TPESampler,COMPLETE
2027,1.8666458129882812,2025-04-26 16:29:44.204099,2025-04-26 16:29:51.117922,0 days 00:00:06.913823,2,83,475,270.0,257.0,,3,67,0.23063948012830426,0.00023050322642116495,0.6,/work3/arnaou/checkpoints/megnet_Vc_trial_2027_best_state.pt,"{'learning_rate': 0.00023050322642116495, 'lr_reduce': 0.6}",TPESampler,COMPLETE
2028,1.8625800609588623,2025-04-26 16:29:47.666813,2025-04-26 16:29:52.090123,0 days 00:00:04.423310,1,81,388,236.0,286.0,408.0,4,68,0.21581004681952093,0.00040572010429114054,0.6,/work3/arnaou/checkpoints/megnet_Vc_trial_2028_best_state.pt,"{'learning_rate': 0.00040572010429114054, 'lr_reduce': 0.6}",TPESampler,COMPLETE
2029,0.3833775818347931,2025-04-26 16:29:51.347717,2025-04-26 16:30:12.607105,0 days 00:00:21.259388,1,77,361,246.0,249.0,424.0,4,67,0.20242442212954373,0.0007701681476581607,0.6,/work3/arnaou/checkpoints/megnet_Vc_trial_2029_best_state.pt,"{'learning_rate': 0.0007701681476581607, 'lr_reduce': 0.6}",TPESampler,COMPLETE
2030,0.1619984358549118,2025-04-26 16:29:52.347559,2025-04-26 16:30:22.208185,0 days 00:00:29.860626,1,78,420,241.0,283.0,442.0,4,65,0.24200420825105962,0.0017353873979253274,0.6,/work3/arnaou/checkpoints/megnet_Vc_trial_2030_best_state.pt,"{'learning_rate': 0.0017353873979253274, 'lr_reduce': 0.6}",TPESampler,COMPLETE
2031,0.4454652965068817,2025-04-26 16:30:02.525359,2025-04-26 16:30:14.468510,0 days 00:00:11.943151,1,71,495,251.0,241.0,410.0,4,72,0.2473796646646851,0.0007520441247445668,0.6,/work3/arnaou/checkpoints/megnet_Vc_trial_2031_best_state.pt,"{'learning_rate': 0.0007520441247445668, 'lr_reduce': 0.6}",TPESampler,COMPLETE
2032,0.11225178092718124,2025-04-26 16:30:12.833047,2025-04-26 16:30:44.436562,0 days 00:00:31.603515,1,74,388,227.0,292.0,447.0,4,62,0.17662425959538178,0.0012111831708805987,0.6,/work3/arnaou/checkpoints/megnet_Vc_trial_2032_best_state.pt,"{'learning_rate': 0.0012111831708805987, 'lr_reduce': 0.6}",TPESampler,COMPLETE
