number,value,datetime_start,datetime_complete,duration,params_depth,params_edge_hidden_dim,params_mlp_dim_00,params_mlp_dim_01,params_mlp_dim_02,params_mlp_dim_03,params_mlp_n_layers,params_node_hidden_dim,params_rep_dropout,params_train_learning_rate,params_train_lr_reduce,user_attrs_best_state_dict_path,user_attrs_training_params,system_attrs_auto:sampler,state
1898,1.8623467683792114,2025-04-26 16:18:42.471920,2025-04-26 16:18:46.497740,0 days 00:00:04.025820,1,70,171,352.0,130.0,,3,56,0.23484250878861865,0.0003344453495562702,0.6,/work3/arnaou/checkpoints/megnet_Vc_trial_1898_best_state.pt,"{'learning_rate': 0.0003344453495562702, 'lr_reduce': 0.6}",TPESampler,COMPLETE
1899,1.8539607524871826,2025-04-26 16:18:42.804984,2025-04-26 16:18:46.594914,0 days 00:00:03.789930,1,76,371,293.0,179.0,450.0,4,51,0.14184884392745337,0.000780803492664064,0.6,/work3/arnaou/checkpoints/megnet_Vc_trial_1899_best_state.pt,"{'learning_rate': 0.000780803492664064, 'lr_reduce': 0.6}",TPESampler,COMPLETE
1900,1.8586980104446411,2025-04-26 16:18:46.671787,2025-04-26 16:18:50.876381,0 days 00:00:04.204594,1,87,447,374.0,243.0,512.0,4,48,0.1973233253771129,0.0004836290397950156,0.6,/work3/arnaou/checkpoints/megnet_Vc_trial_1900_best_state.pt,"{'learning_rate': 0.0004836290397950156, 'lr_reduce': 0.6}",TPESampler,COMPLETE
1901,0.1761988252401352,2025-04-26 16:18:46.742351,2025-04-26 16:19:07.476043,0 days 00:00:20.733692,1,60,358,417.0,132.0,,3,52,0.19759850211976512,0.0007596476117578906,0.6,/work3/arnaou/checkpoints/megnet_Vc_trial_1901_best_state.pt,"{'learning_rate': 0.0007596476117578906, 'lr_reduce': 0.6}",TPESampler,COMPLETE
1902,0.11741749942302704,2025-04-26 16:18:51.110827,2025-04-26 16:19:21.997605,0 days 00:00:30.886778,2,77,440,469.0,185.0,443.0,4,41,0.20041589152220016,0.0007415392471596978,0.6,/work3/arnaou/checkpoints/megnet_Vc_trial_1902_best_state.pt,"{'learning_rate': 0.0007415392471596978, 'lr_reduce': 0.6}",TPESampler,COMPLETE
1903,1.8391563892364502,2025-04-26 16:18:57.442357,2025-04-26 16:19:01.669415,0 days 00:00:04.227058,1,76,491,380.0,227.0,474.0,4,33,0.19117463231153115,0.0013370486921491264,0.6,/work3/arnaou/checkpoints/megnet_Vc_trial_1903_best_state.pt,"{'learning_rate': 0.0013370486921491264, 'lr_reduce': 0.6}",TPESampler,COMPLETE
1904,1.8393338918685913,2025-04-26 16:19:01.959425,2025-04-26 16:19:05.877066,0 days 00:00:03.917641,1,84,347,332.0,129.0,477.0,4,52,0.166915896126749,0.0018537512796629309,0.6,/work3/arnaou/checkpoints/megnet_Vc_trial_1904_best_state.pt,"{'learning_rate': 0.0018537512796629309, 'lr_reduce': 0.6}",TPESampler,COMPLETE
1905,1.7825927734375,2025-04-26 16:19:06.116321,2025-04-26 16:19:09.879427,0 days 00:00:03.763106,1,67,371,447.0,176.0,,3,63,0.17117579401213093,0.002231237170379457,0.6,/work3/arnaou/checkpoints/megnet_Vc_trial_1905_best_state.pt,"{'learning_rate': 0.002231237170379457, 'lr_reduce': 0.6}",TPESampler,COMPLETE
1906,0.307754248380661,2025-04-26 16:19:07.714420,2025-04-26 16:19:22.846181,0 days 00:00:15.131761,1,84,364,429.0,246.0,512.0,4,68,0.16904998127421433,0.0005771663189582119,0.6,/work3/arnaou/checkpoints/megnet_Vc_trial_1906_best_state.pt,"{'learning_rate': 0.0005771663189582119, 'lr_reduce': 0.6}",TPESampler,COMPLETE
1907,1.8592866659164429,2025-04-26 16:19:10.146900,2025-04-26 16:19:14.132028,0 days 00:00:03.985128,1,94,189,236.0,163.0,512.0,4,53,0.24935826858942964,0.00036594683022942343,0.6,/work3/arnaou/checkpoints/megnet_Vc_trial_1907_best_state.pt,"{'learning_rate': 0.00036594683022942343, 'lr_reduce': 0.6}",TPESampler,COMPLETE
1908,0.22577331960201263,2025-04-26 16:19:14.376164,2025-04-26 16:19:44.455441,0 days 00:00:30.079277,2,53,382,380.0,125.0,,3,70,0.16072478083786257,0.0017008805128729558,0.6,/work3/arnaou/checkpoints/megnet_Vc_trial_1908_best_state.pt,"{'learning_rate': 0.0017008805128729558, 'lr_reduce': 0.6}",TPESampler,COMPLETE
1909,1.8489025831222534,2025-04-26 16:19:22.230377,2025-04-26 16:19:26.188707,0 days 00:00:03.958330,2,71,441,426.0,220.0,,3,55,0.2455536584726986,0.0012415982227134755,0.6,/work3/arnaou/checkpoints/megnet_Vc_trial_1909_best_state.pt,"{'learning_rate': 0.0012415982227134755, 'lr_reduce': 0.6}",TPESampler,COMPLETE
1910,0.38260418176651,2025-04-26 16:19:23.082062,2025-04-26 16:19:43.806933,0 days 00:00:20.724871,2,74,429,421.0,209.0,456.0,4,36,0.208591865832365,0.0010381604940937626,0.6,/work3/arnaou/checkpoints/megnet_Vc_trial_1910_best_state.pt,"{'learning_rate': 0.0010381604940937626, 'lr_reduce': 0.6}",TPESampler,COMPLETE
1911,0.20663370192050934,2025-04-26 16:19:26.441424,2025-04-26 16:19:56.374091,0 days 00:00:29.932667,1,80,225,430.0,205.0,445.0,4,33,0.2133335290353101,0.0006184505862407195,0.6,/work3/arnaou/checkpoints/megnet_Vc_trial_1911_best_state.pt,"{'learning_rate': 0.0006184505862407195, 'lr_reduce': 0.6}",TPESampler,COMPLETE
1912,0.37137794494628906,2025-04-26 16:19:44.166798,2025-04-26 16:20:00.147057,0 days 00:00:15.980259,1,81,207,449.0,223.0,442.0,4,45,0.24324657389405924,0.0017645727067615085,0.6,/work3/arnaou/checkpoints/megnet_Vc_trial_1912_best_state.pt,"{'learning_rate': 0.0017645727067615085, 'lr_reduce': 0.6}",TPESampler,COMPLETE
1913,0.19724786281585693,2025-04-26 16:19:44.698824,2025-04-26 16:20:15.007647,0 days 00:00:30.308823,1,64,493,401.0,207.0,,3,58,0.24282279518533018,0.0010244377671978315,0.6,/work3/arnaou/checkpoints/megnet_Vc_trial_1913_best_state.pt,"{'learning_rate': 0.0010244377671978315, 'lr_reduce': 0.6}",TPESampler,COMPLETE
1914,0.1837967485189438,2025-04-26 16:19:56.629315,2025-04-26 16:20:25.406024,0 days 00:00:28.776709,2,90,307,378.0,255.0,,3,53,0.237900251544519,0.0007520401302163185,0.6,/work3/arnaou/checkpoints/megnet_Vc_trial_1914_best_state.pt,"{'learning_rate': 0.0007520401302163185, 'lr_reduce': 0.6}",TPESampler,COMPLETE
1915,1.8475064039230347,2025-04-26 16:20:00.555640,2025-04-26 16:20:05.433516,0 days 00:00:04.877876,3,91,187,,,,1,34,0.11810591358813982,0.0003043300281605316,0.6,/work3/arnaou/checkpoints/megnet_Vc_trial_1915_best_state.pt,"{'learning_rate': 0.0003043300281605316, 'lr_reduce': 0.6}",TPESampler,COMPLETE
1916,1.3934648036956787,2025-04-26 16:20:05.659413,2025-04-26 16:20:28.360574,0 days 00:00:22.701161,2,62,382,445.0,192.0,512.0,4,38,0.21725796626820978,0.0009416189169240793,0.6,/work3/arnaou/checkpoints/megnet_Vc_trial_1916_best_state.pt,"{'learning_rate': 0.0009416189169240793, 'lr_reduce': 0.6}",TPESampler,COMPLETE
1917,1.8618621826171875,2025-04-26 16:20:15.374639,2025-04-26 16:20:20.597286,0 days 00:00:05.222647,2,86,399,405.0,197.0,478.0,4,42,0.19496368819871476,0.0005411864248565766,0.6,/work3/arnaou/checkpoints/megnet_Vc_trial_1917_best_state.pt,"{'learning_rate': 0.0005411864248565766, 'lr_reduce': 0.6}",TPESampler,COMPLETE
1918,1.8516627550125122,2025-04-26 16:20:20.866857,2025-04-26 16:20:25.007565,0 days 00:00:04.140708,1,92,482,446.0,225.0,,3,40,0.2116790784542753,0.0007233632707515204,0.6,/work3/arnaou/checkpoints/megnet_Vc_trial_1918_best_state.pt,"{'learning_rate': 0.0007233632707515204, 'lr_reduce': 0.6}",TPESampler,COMPLETE
1919,1.8580294847488403,2025-04-26 16:20:25.312435,2025-04-26 16:20:29.227418,0 days 00:00:03.914983,3,74,361,281.0,256.0,440.0,4,44,0.22509110751091063,0.0005515937489196166,0.6,/work3/arnaou/checkpoints/megnet_Vc_trial_1919_best_state.pt,"{'learning_rate': 0.0005515937489196166, 'lr_reduce': 0.6}",TPESampler,COMPLETE
1920,1.8619846105575562,2025-04-26 16:20:25.748157,2025-04-26 16:20:30.089221,0 days 00:00:04.341064,2,82,311,404.0,182.0,476.0,4,59,0.23786617515178818,0.0004812190179446935,0.6,/work3/arnaou/checkpoints/megnet_Vc_trial_1920_best_state.pt,"{'learning_rate': 0.0004812190179446935, 'lr_reduce': 0.6}",TPESampler,COMPLETE
1921,1.4756009578704834,2025-04-26 16:20:28.619819,2025-04-26 16:20:40.243048,0 days 00:00:11.623229,2,83,500,330.0,256.0,444.0,4,34,0.20781819779146382,0.0006635829213439661,0.6,/work3/arnaou/checkpoints/megnet_Vc_trial_1921_best_state.pt,"{'learning_rate': 0.0006635829213439661, 'lr_reduce': 0.6}",TPESampler,COMPLETE
1922,0.14910587668418884,2025-04-26 16:20:29.482063,2025-04-26 16:20:55.589932,0 days 00:00:26.107869,1,61,188,457.0,,,2,47,0.2167591195476183,0.0006496025977972862,0.6,/work3/arnaou/checkpoints/megnet_Vc_trial_1922_best_state.pt,"{'learning_rate': 0.0006496025977972862, 'lr_reduce': 0.6}",TPESampler,COMPLETE
1923,0.16151978075504303,2025-04-26 16:20:30.336982,2025-04-26 16:21:01.292806,0 days 00:00:30.955824,1,89,251,417.0,190.0,512.0,4,45,0.22964916827920767,0.0009486505514872118,0.6,/work3/arnaou/checkpoints/megnet_Vc_trial_1923_best_state.pt,"{'learning_rate': 0.0009486505514872118, 'lr_reduce': 0.6}",TPESampler,COMPLETE
1924,1.8646349906921387,2025-04-26 16:20:40.516252,2025-04-26 16:20:46.356089,0 days 00:00:05.839837,2,64,484,373.0,219.0,442.0,4,43,0.19252914520476175,0.000449664928525893,0.6,/work3/arnaou/checkpoints/megnet_Vc_trial_1924_best_state.pt,"{'learning_rate': 0.000449664928525893, 'lr_reduce': 0.6}",TPESampler,COMPLETE
1925,0.18094505369663239,2025-04-26 16:20:46.611863,2025-04-26 16:21:19.919608,0 days 00:00:33.307745,2,62,503,450.0,185.0,477.0,4,54,0.17066935770674777,0.0007137373994403329,0.6,/work3/arnaou/checkpoints/megnet_Vc_trial_1925_best_state.pt,"{'learning_rate': 0.0007137373994403329, 'lr_reduce': 0.6}",TPESampler,COMPLETE
1926,0.33005446195602417,2025-04-26 16:20:55.820362,2025-04-26 16:21:12.700361,0 days 00:00:16.879999,1,90,266,237.0,259.0,478.0,4,46,0.11718631497498352,0.00173859236493065,0.6,/work3/arnaou/checkpoints/megnet_Vc_trial_1926_best_state.pt,"{'learning_rate': 0.00173859236493065, 'lr_reduce': 0.6}",TPESampler,COMPLETE
1927,0.16497278213500977,2025-04-26 16:21:01.710604,2025-04-26 16:21:32.332238,0 days 00:00:30.621634,1,78,425,306.0,180.0,443.0,4,51,0.19268478434355493,0.0017699941678371207,0.6,/work3/arnaou/checkpoints/megnet_Vc_trial_1927_best_state.pt,"{'learning_rate': 0.0017699941678371207, 'lr_reduce': 0.6}",TPESampler,COMPLETE
1928,0.4177202582359314,2025-04-26 16:21:13.010194,2025-04-26 16:21:28.687479,0 days 00:00:15.677285,1,124,394,380.0,215.0,478.0,4,79,0.24979198839073372,0.0005163017942773769,0.6,/work3/arnaou/checkpoints/megnet_Vc_trial_1928_best_state.pt,"{'learning_rate': 0.0005163017942773769, 'lr_reduce': 0.6}",TPESampler,COMPLETE
1929,1.8349100351333618,2025-04-26 16:21:20.300417,2025-04-26 16:21:23.975726,0 days 00:00:03.675309,1,95,497,427.0,243.0,,3,60,0.17969214191301336,0.0007219255182644197,0.6,/work3/arnaou/checkpoints/megnet_Vc_trial_1929_best_state.pt,"{'learning_rate': 0.0007219255182644197, 'lr_reduce': 0.6}",TPESampler,COMPLETE
1930,1.7944161891937256,2025-04-26 16:21:24.281781,2025-04-26 16:21:28.763809,0 days 00:00:04.482028,2,70,423,349.0,174.0,480.0,4,33,0.1849479593417263,0.003049823810371189,0.6,/work3/arnaou/checkpoints/megnet_Vc_trial_1930_best_state.pt,"{'learning_rate': 0.003049823810371189, 'lr_reduce': 0.6}",TPESampler,COMPLETE
1931,1.831213355064392,2025-04-26 16:21:28.897097,2025-04-26 16:21:32.869543,0 days 00:00:03.972446,2,73,283,449.0,176.0,,3,39,0.24098658752780008,0.0014308274589702296,0.6,/work3/arnaou/checkpoints/megnet_Vc_trial_1931_best_state.pt,"{'learning_rate': 0.0014308274589702296, 'lr_reduce': 0.6}",TPESampler,COMPLETE
1932,0.26697713136672974,2025-04-26 16:21:29.014670,2025-04-26 16:22:03.145112,0 days 00:00:34.130442,2,92,391,410.0,247.0,439.0,4,54,0.2069985105630622,0.0008249914571891227,0.6,/work3/arnaou/checkpoints/megnet_Vc_trial_1932_best_state.pt,"{'learning_rate': 0.0008249914571891227, 'lr_reduce': 0.6}",TPESampler,COMPLETE
1933,0.27801528573036194,2025-04-26 16:21:32.596619,2025-04-26 16:21:53.967971,0 days 00:00:21.371352,1,63,426,230.0,207.0,,3,73,0.17865484245435417,0.000868958506145327,0.6,/work3/arnaou/checkpoints/megnet_Vc_trial_1933_best_state.pt,"{'learning_rate': 0.000868958506145327, 'lr_reduce': 0.6}",TPESampler,COMPLETE
1934,0.11927298456430435,2025-04-26 16:21:33.259483,2025-04-26 16:22:03.458350,0 days 00:00:30.198867,1,63,261,465.0,183.0,,3,59,0.19750756024739544,0.0006842050832222708,0.6,/work3/arnaou/checkpoints/megnet_Vc_trial_1934_best_state.pt,"{'learning_rate': 0.0006842050832222708, 'lr_reduce': 0.6}",TPESampler,COMPLETE
1935,1.8470934629440308,2025-04-26 16:21:54.369350,2025-04-26 16:21:58.173854,0 days 00:00:03.804504,2,70,497,290.0,266.0,511.0,4,45,0.16951166333175083,0.0012135804257017882,0.6,/work3/arnaou/checkpoints/megnet_Vc_trial_1935_best_state.pt,"{'learning_rate': 0.0012135804257017882, 'lr_reduce': 0.6}",TPESampler,COMPLETE
1936,1.4366964101791382,2025-04-26 16:21:58.424305,2025-04-26 16:22:06.931004,0 days 00:00:08.506699,2,76,503,407.0,167.0,439.0,4,68,0.2349347938048943,0.0007020393162837217,0.6,/work3/arnaou/checkpoints/megnet_Vc_trial_1936_best_state.pt,"{'learning_rate': 0.0007020393162837217, 'lr_reduce': 0.6}",TPESampler,COMPLETE
1937,1.8382072448730469,2025-04-26 16:22:03.399473,2025-04-26 16:22:06.983168,0 days 00:00:03.583695,1,84,230,352.0,,,2,55,0.2404306887252312,0.0007245980266221308,0.6,/work3/arnaou/checkpoints/megnet_Vc_trial_1937_best_state.pt,"{'learning_rate': 0.0007245980266221308, 'lr_reduce': 0.6}",TPESampler,COMPLETE
1938,1.8244671821594238,2025-04-26 16:22:03.695146,2025-04-26 16:22:07.533265,0 days 00:00:03.838119,2,96,458,463.0,221.0,477.0,4,50,0.1960045511431641,0.002138946966684883,0.6,/work3/arnaou/checkpoints/megnet_Vc_trial_1938_best_state.pt,"{'learning_rate': 0.002138946966684883, 'lr_reduce': 0.6}",TPESampler,COMPLETE
1939,1.787497639656067,2025-04-26 16:22:07.146266,2025-04-26 16:22:11.586859,0 days 00:00:04.440593,1,59,181,378.0,,,2,71,0.18602292569020248,0.009611208043379277,0.6,/work3/arnaou/checkpoints/megnet_Vc_trial_1939_best_state.pt,"{'learning_rate': 0.009611208043379277, 'lr_reduce': 0.6}",TPESampler,COMPLETE
1940,0.2601163387298584,2025-04-26 16:22:07.191053,2025-04-26 16:22:27.832612,0 days 00:00:20.641559,1,85,511,378.0,267.0,480.0,4,83,0.16251973056933583,0.0010857084694796482,0.6,/work3/arnaou/checkpoints/megnet_Vc_trial_1940_best_state.pt,"{'learning_rate': 0.0010857084694796482, 'lr_reduce': 0.6}",TPESampler,COMPLETE
1941,1.4373317956924438,2025-04-26 16:22:07.803992,2025-04-26 16:22:16.904435,0 days 00:00:09.100443,2,86,497,266.0,164.0,439.0,4,56,0.24926829014939814,0.001555844376303249,0.6,/work3/arnaou/checkpoints/megnet_Vc_trial_1941_best_state.pt,"{'learning_rate': 0.001555844376303249, 'lr_reduce': 0.6}",TPESampler,COMPLETE
1942,1.8646374940872192,2025-04-26 16:22:11.815874,2025-04-26 16:22:16.045639,0 days 00:00:04.229765,2,75,453,422.0,221.0,511.0,4,35,0.16111533547382892,0.00025942390745496854,0.6,/work3/arnaou/checkpoints/megnet_Vc_trial_1942_best_state.pt,"{'learning_rate': 0.00025942390745496854, 'lr_reduce': 0.6}",TPESampler,COMPLETE
1943,0.2923034131526947,2025-04-26 16:22:16.285012,2025-04-26 16:22:39.473833,0 days 00:00:23.188821,1,72,199,462.0,161.0,,3,62,0.21029382673640828,0.0016010782609332007,0.6,/work3/arnaou/checkpoints/megnet_Vc_trial_1943_best_state.pt,"{'learning_rate': 0.0016010782609332007, 'lr_reduce': 0.6}",TPESampler,COMPLETE
1944,1.858078956604004,2025-04-26 16:22:17.130689,2025-04-26 16:22:21.119547,0 days 00:00:03.988858,1,84,415,323.0,203.0,441.0,4,35,0.20157358228880703,0.0009276741261548942,0.6,/work3/arnaou/checkpoints/megnet_Vc_trial_1944_best_state.pt,"{'learning_rate': 0.0009276741261548942, 'lr_reduce': 0.6}",TPESampler,COMPLETE
1945,1.787007451057434,2025-04-26 16:22:21.347204,2025-04-26 16:22:24.783259,0 days 00:00:03.436055,2,38,129,,,,1,73,0.011190770147636614,0.0009880459365490457,0.6,/work3/arnaou/checkpoints/megnet_Vc_trial_1945_best_state.pt,"{'learning_rate': 0.0009880459365490457, 'lr_reduce': 0.6}",TPESampler,COMPLETE
1946,1.8297396898269653,2025-04-26 16:22:25.003319,2025-04-26 16:22:28.542398,0 days 00:00:03.539079,2,82,495,437.0,261.0,,3,59,0.15674970221277168,0.0010726049011569945,0.6,/work3/arnaou/checkpoints/megnet_Vc_trial_1946_best_state.pt,"{'learning_rate': 0.0010726049011569945, 'lr_reduce': 0.6}",TPESampler,COMPLETE
1947,1.8645217418670654,2025-04-26 16:22:28.080750,2025-04-26 16:22:32.648444,0 days 00:00:04.567694,1,65,402,413.0,151.0,477.0,4,32,0.22595368647988776,0.0005364676500719027,0.6,/work3/arnaou/checkpoints/megnet_Vc_trial_1947_best_state.pt,"{'learning_rate': 0.0005364676500719027, 'lr_reduce': 0.6}",TPESampler,COMPLETE
1948,0.4076472222805023,2025-04-26 16:22:28.795753,2025-04-26 16:23:01.086983,0 days 00:00:32.291230,2,79,372,236.0,219.0,511.0,4,34,0.22775277089671936,0.0008832573371357076,0.6,/work3/arnaou/checkpoints/megnet_Vc_trial_1948_best_state.pt,"{'learning_rate': 0.0008832573371357076, 'lr_reduce': 0.6}",TPESampler,COMPLETE
1949,1.4221417903900146,2025-04-26 16:22:32.868216,2025-04-26 16:22:45.237471,0 days 00:00:12.369255,3,39,456,466.0,130.0,443.0,4,82,0.052589709166054904,0.0003706216488455341,0.6,/work3/arnaou/checkpoints/megnet_Vc_trial_1949_best_state.pt,"{'learning_rate': 0.0003706216488455341, 'lr_reduce': 0.6}",TPESampler,COMPLETE
1950,1.841469407081604,2025-04-26 16:22:39.757098,2025-04-26 16:22:44.101710,0 days 00:00:04.344612,1,45,354,376.0,,,2,73,0.17680573081702664,0.0005715673989797613,0.6,/work3/arnaou/checkpoints/megnet_Vc_trial_1950_best_state.pt,"{'learning_rate': 0.0005715673989797613, 'lr_reduce': 0.6}",TPESampler,COMPLETE
1951,0.21889695525169373,2025-04-26 16:22:44.442692,2025-04-26 16:23:20.078528,0 days 00:00:35.635836,1,101,345,335.0,190.0,512.0,4,65,0.2493961100248231,0.0005522525499206303,0.6,/work3/arnaou/checkpoints/megnet_Vc_trial_1951_best_state.pt,"{'learning_rate': 0.0005522525499206303, 'lr_reduce': 0.6}",TPESampler,COMPLETE
1952,1.8646647930145264,2025-04-26 16:22:45.678098,2025-04-26 16:22:52.284339,0 days 00:00:06.606241,2,103,483,407.0,266.0,475.0,4,44,0.19830946125493615,0.0003135394841351318,0.6,/work3/arnaou/checkpoints/megnet_Vc_trial_1952_best_state.pt,"{'learning_rate': 0.0003135394841351318, 'lr_reduce': 0.6}",TPESampler,COMPLETE
1953,0.3527146875858307,2025-04-26 16:22:52.548624,2025-04-26 16:23:16.460083,0 days 00:00:23.911459,1,112,148,453.0,163.0,,3,43,0.24408395143355852,0.0009209122860480342,0.6,/work3/arnaou/checkpoints/megnet_Vc_trial_1953_best_state.pt,"{'learning_rate': 0.0009209122860480342, 'lr_reduce': 0.6}",TPESampler,COMPLETE
1954,0.9036821126937866,2025-04-26 16:23:01.489029,2025-04-26 16:23:14.104060,0 days 00:00:12.615031,2,65,429,218.0,202.0,435.0,4,34,0.13928189416536746,0.001078953234781772,0.6,/work3/arnaou/checkpoints/megnet_Vc_trial_1954_best_state.pt,"{'learning_rate': 0.001078953234781772, 'lr_reduce': 0.6}",TPESampler,COMPLETE
1955,0.22627650201320648,2025-04-26 16:23:14.341503,2025-04-26 16:23:36.858656,0 days 00:00:22.517153,1,70,426,417.0,120.0,469.0,4,54,0.20674829985612192,0.001385451145688129,0.6,/work3/arnaou/checkpoints/megnet_Vc_trial_1955_best_state.pt,"{'learning_rate': 0.001385451145688129, 'lr_reduce': 0.6}",TPESampler,COMPLETE
1956,0.22865718603134155,2025-04-26 16:23:16.699428,2025-04-26 16:23:49.745244,0 days 00:00:33.045816,3,78,427,277.0,236.0,146.0,4,34,0.2190307945473048,0.001182643791208104,0.6,/work3/arnaou/checkpoints/megnet_Vc_trial_1956_best_state.pt,"{'learning_rate': 0.001182643791208104, 'lr_reduce': 0.6}",TPESampler,COMPLETE
1957,0.14290829002857208,2025-04-26 16:23:20.342897,2025-04-26 16:23:51.121493,0 days 00:00:30.778596,1,74,419,463.0,159.0,,3,32,0.17752040050351717,0.0007069443940452241,0.6,/work3/arnaou/checkpoints/megnet_Vc_trial_1957_best_state.pt,"{'learning_rate': 0.0007069443940452241, 'lr_reduce': 0.6}",TPESampler,COMPLETE
1958,0.1727004051208496,2025-04-26 16:23:37.090988,2025-04-26 16:24:05.868314,0 days 00:00:28.777326,1,76,299,374.0,270.0,,3,52,0.24011705486504656,0.0013799583121370921,0.6,/work3/arnaou/checkpoints/megnet_Vc_trial_1958_best_state.pt,"{'learning_rate': 0.0013799583121370921, 'lr_reduce': 0.6}",TPESampler,COMPLETE
1959,1.8617515563964844,2025-04-26 16:23:50.003129,2025-04-26 16:23:54.052184,0 days 00:00:04.049055,1,82,422,409.0,125.0,512.0,4,62,0.209512306453049,0.0005369650211987395,0.6,/work3/arnaou/checkpoints/megnet_Vc_trial_1959_best_state.pt,"{'learning_rate': 0.0005369650211987395, 'lr_reduce': 0.6}",TPESampler,COMPLETE
1960,1.8562177419662476,2025-04-26 16:23:51.375685,2025-04-26 16:23:55.457578,0 days 00:00:04.081893,1,79,357,327.0,197.0,434.0,4,54,0.20234378372039247,0.0005423792216186327,0.6,/work3/arnaou/checkpoints/megnet_Vc_trial_1960_best_state.pt,"{'learning_rate': 0.0005423792216186327, 'lr_reduce': 0.6}",TPESampler,COMPLETE
1961,1.8525581359863281,2025-04-26 16:23:54.304384,2025-04-26 16:23:57.979312,0 days 00:00:03.674928,2,80,411,439.0,162.0,476.0,4,36,0.23108235907824948,0.0002386244314537007,0.6,/work3/arnaou/checkpoints/megnet_Vc_trial_1961_best_state.pt,"{'learning_rate': 0.0002386244314537007, 'lr_reduce': 0.6}",TPESampler,COMPLETE
1962,0.10514961183071136,2025-04-26 16:23:55.781670,2025-04-26 16:24:26.037266,0 days 00:00:30.255596,1,76,439,220.0,224.0,436.0,4,54,0.2152409197570225,0.0008138331540484709,0.6,/work3/arnaou/checkpoints/megnet_Vc_trial_1962_best_state.pt,"{'learning_rate': 0.0008138331540484709, 'lr_reduce': 0.6}",TPESampler,COMPLETE
1963,1.8637440204620361,2025-04-26 16:23:58.237518,2025-04-26 16:24:02.272065,0 days 00:00:04.034547,1,79,241,373.0,189.0,,3,49,0.18973479529944437,0.00019898951727406736,0.6,/work3/arnaou/checkpoints/megnet_Vc_trial_1963_best_state.pt,"{'learning_rate': 0.00019898951727406736, 'lr_reduce': 0.6}",TPESampler,COMPLETE
1964,1.854032039642334,2025-04-26 16:24:02.528118,2025-04-26 16:24:06.734534,0 days 00:00:04.206416,1,73,482,450.0,115.0,512.0,4,62,0.24669229824219469,0.0004071072066449053,0.6,/work3/arnaou/checkpoints/megnet_Vc_trial_1964_best_state.pt,"{'learning_rate': 0.0004071072066449053, 'lr_reduce': 0.6}",TPESampler,COMPLETE
