number,value,datetime_start,datetime_complete,duration,params_depth,params_edge_hidden_dim,params_mlp_dim_00,params_mlp_dim_01,params_mlp_dim_02,params_mlp_dim_03,params_mlp_n_layers,params_node_hidden_dim,params_rep_dropout,params_train_learning_rate,params_train_lr_reduce,user_attrs_best_state_dict_path,user_attrs_training_params,system_attrs_auto:sampler,state
884,0.183904767036438,2025-04-26 14:36:48.115370,2025-04-26 14:37:20.821544,0 days 00:00:32.706174,1,71,408,507.0,284.0,500.0,4,82,0.22789213600658623,0.0004121787056959977,0.6,/work3/arnaou/checkpoints/megnet_Vc_trial_884_best_state.pt,"{'learning_rate': 0.0004121787056959977, 'lr_reduce': 0.6}",TPESampler,COMPLETE
885,0.7355502247810364,2025-04-26 14:36:49.454977,2025-04-26 14:36:59.094579,0 days 00:00:09.639602,1,79,419,508.0,271.0,506.0,4,69,0.24179581707306916,0.0011484383381780373,0.6,/work3/arnaou/checkpoints/megnet_Vc_trial_885_best_state.pt,"{'learning_rate': 0.0011484383381780373, 'lr_reduce': 0.6}",TPESampler,COMPLETE
886,0.13712261617183685,2025-04-26 14:36:50.015971,2025-04-26 14:37:18.636914,0 days 00:00:28.620943,1,102,448,510.0,290.0,505.0,4,88,0.24087986227610897,0.001123655505833023,0.6,/work3/arnaou/checkpoints/megnet_Vc_trial_886_best_state.pt,"{'learning_rate': 0.001123655505833023, 'lr_reduce': 0.6}",TPESampler,COMPLETE
887,1.1732385158538818,2025-04-26 14:36:59.305845,2025-04-26 14:37:12.173905,0 days 00:00:12.868060,1,89,429,478.0,294.0,495.0,4,82,0.21897014516425653,0.0004340627242241275,0.6,/work3/arnaou/checkpoints/megnet_Vc_trial_887_best_state.pt,"{'learning_rate': 0.0004340627242241275, 'lr_reduce': 0.6}",TPESampler,COMPLETE
888,1.795491337776184,2025-04-26 14:37:12.393481,2025-04-26 14:37:16.816100,0 days 00:00:04.422619,4,68,273,,,,1,118,0.16537422143767308,0.005255902237224026,0.6,/work3/arnaou/checkpoints/megnet_Vc_trial_888_best_state.pt,"{'learning_rate': 0.005255902237224026, 'lr_reduce': 0.6}",TPESampler,COMPLETE
889,0.290704607963562,2025-04-26 14:37:17.015680,2025-04-26 14:37:33.342578,0 days 00:00:16.326898,1,108,382,478.0,279.0,495.0,4,76,0.2440362564265761,0.0005701969570791484,0.6,/work3/arnaou/checkpoints/megnet_Vc_trial_889_best_state.pt,"{'learning_rate': 0.0005701969570791484, 'lr_reduce': 0.6}",TPESampler,COMPLETE
890,1.815731406211853,2025-04-26 14:37:18.899463,2025-04-26 14:37:22.453531,0 days 00:00:03.554068,1,121,382,510.0,316.0,,3,47,0.1509507510074709,0.0010121857332787063,0.6,/work3/arnaou/checkpoints/megnet_Vc_trial_890_best_state.pt,"{'learning_rate': 0.0010121857332787063, 'lr_reduce': 0.6}",TPESampler,COMPLETE
891,0.1836022287607193,2025-04-26 14:37:21.106025,2025-04-26 14:37:52.563386,0 days 00:00:31.457361,1,93,365,479.0,260.0,508.0,4,59,0.23554102235706847,0.0005714892594644809,0.6,/work3/arnaou/checkpoints/megnet_Vc_trial_891_best_state.pt,"{'learning_rate': 0.0005714892594644809, 'lr_reduce': 0.6}",TPESampler,COMPLETE
892,0.233565092086792,2025-04-26 14:37:22.648200,2025-04-26 14:37:49.157074,0 days 00:00:26.508874,1,100,348,512.0,278.0,509.0,4,68,0.24973592345244278,0.0012403962015092203,0.6,/work3/arnaou/checkpoints/megnet_Vc_trial_892_best_state.pt,"{'learning_rate': 0.0012403962015092203, 'lr_reduce': 0.6}",TPESampler,COMPLETE
893,1.806304931640625,2025-04-26 14:37:33.557997,2025-04-26 14:37:36.871857,0 days 00:00:03.313860,1,70,305,474.0,354.0,,3,83,0.22821102195111448,0.0010777627018523884,0.6,/work3/arnaou/checkpoints/megnet_Vc_trial_893_best_state.pt,"{'learning_rate': 0.0010777627018523884, 'lr_reduce': 0.6}",TPESampler,COMPLETE
894,0.1603756695985794,2025-04-26 14:37:37.109688,2025-04-26 14:38:09.483719,0 days 00:00:32.374031,1,88,385,467.0,254.0,508.0,4,73,0.23225293889075205,0.0005698140413538655,0.6,/work3/arnaou/checkpoints/megnet_Vc_trial_894_best_state.pt,"{'learning_rate': 0.0005698140413538655, 'lr_reduce': 0.6}",TPESampler,COMPLETE
895,1.8221925497055054,2025-04-26 14:37:49.408114,2025-04-26 14:37:53.346123,0 days 00:00:03.938009,2,108,380,466.0,309.0,475.0,4,47,0.19611724141675646,0.0017535668204797597,0.6,/work3/arnaou/checkpoints/megnet_Vc_trial_895_best_state.pt,"{'learning_rate': 0.0017535668204797597, 'lr_reduce': 0.6}",TPESampler,COMPLETE
896,1.8155499696731567,2025-04-26 14:37:52.790855,2025-04-26 14:37:56.942607,0 days 00:00:04.151752,4,56,64,474.0,286.0,,3,117,0.14555788181284707,0.0016676200740398735,0.6,/work3/arnaou/checkpoints/megnet_Vc_trial_896_best_state.pt,"{'learning_rate': 0.0016676200740398735, 'lr_reduce': 0.6}",TPESampler,COMPLETE
897,0.13528653979301453,2025-04-26 14:37:53.875767,2025-04-26 14:38:18.598723,0 days 00:00:24.722956,1,75,287,477.0,258.0,,3,47,0.1993675759903024,0.0014542361848912115,0.6,/work3/arnaou/checkpoints/megnet_Vc_trial_897_best_state.pt,"{'learning_rate': 0.0014542361848912115, 'lr_reduce': 0.6}",TPESampler,COMPLETE
898,0.26370033621788025,2025-04-26 14:37:57.305093,2025-04-26 14:38:23.023656,0 days 00:00:25.718563,1,54,158,468.0,253.0,,3,64,0.2470479691661023,0.0016874264260411773,0.6,/work3/arnaou/checkpoints/megnet_Vc_trial_898_best_state.pt,"{'learning_rate': 0.0016874264260411773, 'lr_reduce': 0.6}",TPESampler,COMPLETE
899,1.8596234321594238,2025-04-26 14:38:09.715342,2025-04-26 14:38:13.327441,0 days 00:00:03.612099,1,96,422,509.0,347.0,,3,67,0.22920097538237447,0.0004947030579841387,0.6,/work3/arnaou/checkpoints/megnet_Vc_trial_899_best_state.pt,"{'learning_rate': 0.0004947030579841387, 'lr_reduce': 0.6}",TPESampler,COMPLETE
900,0.21035167574882507,2025-04-26 14:38:13.553473,2025-04-26 14:38:30.636843,0 days 00:00:17.083370,1,124,371,466.0,309.0,511.0,4,70,0.18710153312924785,0.0005849976444203096,0.6,/work3/arnaou/checkpoints/megnet_Vc_trial_900_best_state.pt,"{'learning_rate': 0.0005849976444203096, 'lr_reduce': 0.6}",TPESampler,COMPLETE
901,0.22290630638599396,2025-04-26 14:38:18.820387,2025-04-26 14:38:47.122068,0 days 00:00:28.301681,1,94,398,466.0,266.0,,3,62,0.21031901021657068,0.0009608216099945443,0.6,/work3/arnaou/checkpoints/megnet_Vc_trial_901_best_state.pt,"{'learning_rate': 0.0009608216099945443, 'lr_reduce': 0.6}",TPESampler,COMPLETE
902,1.7837368249893188,2025-04-26 14:38:23.223412,2025-04-26 14:38:27.225834,0 days 00:00:04.002422,3,36,135,,,,1,125,0.015746992322939385,0.005947445838828229,0.6,/work3/arnaou/checkpoints/megnet_Vc_trial_902_best_state.pt,"{'learning_rate': 0.005947445838828229, 'lr_reduce': 0.6}",TPESampler,COMPLETE
903,1.8603062629699707,2025-04-26 14:38:27.449776,2025-04-26 14:38:30.892804,0 days 00:00:03.443028,1,70,502,455.0,254.0,512.0,4,64,0.2175315833860383,0.0004398251252152902,0.6,/work3/arnaou/checkpoints/megnet_Vc_trial_903_best_state.pt,"{'learning_rate': 0.0004398251252152902, 'lr_reduce': 0.6}",TPESampler,COMPLETE
904,0.39243996143341064,2025-04-26 14:38:30.850606,2025-04-26 14:39:01.128429,0 days 00:00:30.277823,1,96,336,456.0,323.0,83.0,4,78,0.22175988565199367,0.0006602081657175021,0.6,/work3/arnaou/checkpoints/megnet_Vc_trial_904_best_state.pt,"{'learning_rate': 0.0006602081657175021, 'lr_reduce': 0.6}",TPESampler,COMPLETE
905,1.8584444522857666,2025-04-26 14:38:31.099681,2025-04-26 14:38:35.844221,0 days 00:00:04.744540,2,32,403,512.0,250.0,472.0,4,126,0.031871301885277925,0.00018370202705103356,0.6,/work3/arnaou/checkpoints/megnet_Vc_trial_905_best_state.pt,"{'learning_rate': 0.00018370202705103356, 'lr_reduce': 0.6}",TPESampler,COMPLETE
906,1.7860256433486938,2025-04-26 14:38:36.079347,2025-04-26 14:38:40.740334,0 days 00:00:04.660987,4,70,356,510.0,,,2,43,0.2138884277854968,0.009848963427951643,0.6,/work3/arnaou/checkpoints/megnet_Vc_trial_906_best_state.pt,"{'learning_rate': 0.009848963427951643, 'lr_reduce': 0.6}",TPESampler,COMPLETE
907,1.795103907585144,2025-04-26 14:38:40.964925,2025-04-26 14:38:44.563460,0 days 00:00:03.598535,2,65,279,453.0,302.0,,3,77,0.23981897333697427,0.0026357774873848544,0.6,/work3/arnaou/checkpoints/megnet_Vc_trial_907_best_state.pt,"{'learning_rate': 0.0026357774873848544, 'lr_reduce': 0.6}",TPESampler,COMPLETE
908,0.2809552848339081,2025-04-26 14:38:44.779290,2025-04-26 14:39:01.022590,0 days 00:00:16.243300,1,97,180,512.0,250.0,,3,79,0.0037530307917790773,0.0014258563396254505,0.6,/work3/arnaou/checkpoints/megnet_Vc_trial_908_best_state.pt,"{'learning_rate': 0.0014258563396254505, 'lr_reduce': 0.6}",TPESampler,COMPLETE
909,0.22362005710601807,2025-04-26 14:38:47.358655,2025-04-26 14:39:08.048194,0 days 00:00:20.689539,1,101,407,451.0,71.0,511.0,4,66,0.18554768746396205,0.0019877666749265237,0.6,/work3/arnaou/checkpoints/megnet_Vc_trial_909_best_state.pt,"{'learning_rate': 0.0019877666749265237, 'lr_reduce': 0.6}",TPESampler,COMPLETE
910,0.44422388076782227,2025-04-26 14:39:01.213634,2025-04-26 14:39:17.860062,0 days 00:00:16.646428,2,40,382,306.0,306.0,473.0,4,59,0.16052889553847022,0.0006298189287487285,0.6,/work3/arnaou/checkpoints/megnet_Vc_trial_910_best_state.pt,"{'learning_rate': 0.0006298189287487285, 'lr_reduce': 0.6}",TPESampler,COMPLETE
911,0.5615586638450623,2025-04-26 14:39:01.360376,2025-04-26 14:39:11.537416,0 days 00:00:10.177040,1,85,371,446.0,362.0,172.0,4,64,0.20912125122628117,0.0014517325883077758,0.6,/work3/arnaou/checkpoints/megnet_Vc_trial_911_best_state.pt,"{'learning_rate': 0.0014517325883077758, 'lr_reduce': 0.6}",TPESampler,COMPLETE
912,0.21922869980335236,2025-04-26 14:39:08.271124,2025-04-26 14:39:32.870143,0 days 00:00:24.599019,2,94,432,449.0,244.0,460.0,4,91,0.1677612868113711,0.0010928310622387448,0.6,/work3/arnaou/checkpoints/megnet_Vc_trial_912_best_state.pt,"{'learning_rate': 0.0010928310622387448, 'lr_reduce': 0.6}",TPESampler,COMPLETE
913,0.4804655909538269,2025-04-26 14:39:11.733845,2025-04-26 14:39:44.373702,0 days 00:00:32.639857,1,102,338,471.0,283.0,471.0,4,60,0.1771813786309671,0.0007434775894679444,0.6,/work3/arnaou/checkpoints/megnet_Vc_trial_913_best_state.pt,"{'learning_rate': 0.0007434775894679444, 'lr_reduce': 0.6}",TPESampler,COMPLETE
914,1.8580975532531738,2025-04-26 14:39:18.070158,2025-04-26 14:39:23.386384,0 days 00:00:05.316226,1,76,392,447.0,230.0,,3,50,0.24927950834893348,0.0005140074668328972,0.6,/work3/arnaou/checkpoints/megnet_Vc_trial_914_best_state.pt,"{'learning_rate': 0.0005140074668328972, 'lr_reduce': 0.6}",TPESampler,COMPLETE
915,0.42542359232902527,2025-04-26 14:39:23.607291,2025-04-26 14:39:42.097381,0 days 00:00:18.490090,2,107,242,476.0,,,2,74,0.11202433937464033,0.003952358806075567,0.6,/work3/arnaou/checkpoints/megnet_Vc_trial_915_best_state.pt,"{'learning_rate': 0.003952358806075567, 'lr_reduce': 0.6}",TPESampler,COMPLETE
916,1.858087182044983,2025-04-26 14:39:33.077752,2025-04-26 14:39:38.335868,0 days 00:00:05.258116,2,115,326,157.0,318.0,,3,63,0.21871739504201257,0.00010690872833359363,0.6,/work3/arnaou/checkpoints/megnet_Vc_trial_916_best_state.pt,"{'learning_rate': 0.00010690872833359363, 'lr_reduce': 0.6}",TPESampler,COMPLETE
917,1.8597859144210815,2025-04-26 14:39:38.556449,2025-04-26 14:39:42.372320,0 days 00:00:03.815871,1,113,293,294.0,245.0,512.0,4,58,0.23691366456523041,0.0004176652303029827,0.6,/work3/arnaou/checkpoints/megnet_Vc_trial_917_best_state.pt,"{'learning_rate': 0.0004176652303029827, 'lr_reduce': 0.6}",TPESampler,COMPLETE
918,0.1762014925479889,2025-04-26 14:39:42.340478,2025-04-26 14:40:12.300314,0 days 00:00:29.959836,1,105,356,511.0,282.0,458.0,4,61,0.18896980675551844,0.002051849290148987,0.6,/work3/arnaou/checkpoints/megnet_Vc_trial_918_best_state.pt,"{'learning_rate': 0.002051849290148987, 'lr_reduce': 0.6}",TPESampler,COMPLETE
919,1.8668065071105957,2025-04-26 14:39:42.608081,2025-04-26 14:39:47.013156,0 days 00:00:04.405075,2,82,388,435.0,240.0,463.0,4,57,0.22547810495100076,0.0001638298447562443,0.6,/work3/arnaou/checkpoints/megnet_Vc_trial_919_best_state.pt,"{'learning_rate': 0.0001638298447562443, 'lr_reduce': 0.6}",TPESampler,COMPLETE
920,0.2793988287448883,2025-04-26 14:39:44.583006,2025-04-26 14:40:15.313585,0 days 00:00:30.730579,1,92,378,439.0,333.0,512.0,4,53,0.16596814216504485,0.0006690823829131227,0.6,/work3/arnaou/checkpoints/megnet_Vc_trial_920_best_state.pt,"{'learning_rate': 0.0006690823829131227, 'lr_reduce': 0.6}",TPESampler,COMPLETE
921,0.6290469169616699,2025-04-26 14:39:47.225616,2025-04-26 14:40:18.439021,0 days 00:00:31.213405,1,95,198,478.0,91.0,462.0,4,35,0.24717978831915516,0.0004967108218647306,0.6,/work3/arnaou/checkpoints/megnet_Vc_trial_921_best_state.pt,"{'learning_rate': 0.0004967108218647306, 'lr_reduce': 0.6}",TPESampler,COMPLETE
922,0.12080565094947815,2025-04-26 14:40:12.546041,2025-04-26 14:40:41.095601,0 days 00:00:28.549560,1,112,435,438.0,289.0,460.0,4,58,0.1858619681665223,0.001172447374167056,0.6,/work3/arnaou/checkpoints/megnet_Vc_trial_922_best_state.pt,"{'learning_rate': 0.001172447374167056, 'lr_reduce': 0.6}",TPESampler,COMPLETE
923,1.853456974029541,2025-04-26 14:40:15.546562,2025-04-26 14:40:19.391091,0 days 00:00:03.844529,1,80,405,211.0,68.0,456.0,4,66,0.23415414029799592,0.0005244490477134423,0.6,/work3/arnaou/checkpoints/megnet_Vc_trial_923_best_state.pt,"{'learning_rate': 0.0005244490477134423, 'lr_reduce': 0.6}",TPESampler,COMPLETE
924,1.8528428077697754,2025-04-26 14:40:18.637992,2025-04-26 14:40:22.331155,0 days 00:00:03.693163,2,63,345,469.0,231.0,461.0,4,61,0.24074952112258918,0.0008884361849354188,0.6,/work3/arnaou/checkpoints/megnet_Vc_trial_924_best_state.pt,"{'learning_rate': 0.0008884361849354188, 'lr_reduce': 0.6}",TPESampler,COMPLETE
925,1.7883293628692627,2025-04-26 14:40:19.595211,2025-04-26 14:40:23.204831,0 days 00:00:03.609620,1,108,294,314.0,274.0,461.0,4,37,0.23254157637367762,0.0024530200313854825,0.6,/work3/arnaou/checkpoints/megnet_Vc_trial_925_best_state.pt,"{'learning_rate': 0.0024530200313854825, 'lr_reduce': 0.6}",TPESampler,COMPLETE
926,1.839345097541809,2025-04-26 14:40:22.533262,2025-04-26 14:40:26.344376,0 days 00:00:03.811114,3,120,123,478.0,367.0,510.0,4,51,0.006822793514694309,0.00013094201117925828,0.6,/work3/arnaou/checkpoints/megnet_Vc_trial_926_best_state.pt,"{'learning_rate': 0.00013094201117925828, 'lr_reduce': 0.6}",TPESampler,COMPLETE
927,1.8559099435806274,2025-04-26 14:40:23.425812,2025-04-26 14:40:26.961678,0 days 00:00:03.535866,1,39,266,432.0,233.0,443.0,4,78,0.24744422270986918,0.0005168131273223915,0.6,/work3/arnaou/checkpoints/megnet_Vc_trial_927_best_state.pt,"{'learning_rate': 0.0005168131273223915, 'lr_reduce': 0.6}",TPESampler,COMPLETE
928,0.3545851409435272,2025-04-26 14:40:26.591283,2025-04-26 14:40:41.510957,0 days 00:00:14.919674,1,86,247,477.0,107.0,287.0,4,51,0.24669770271733024,0.0030134572176314825,0.6,/work3/arnaou/checkpoints/megnet_Vc_trial_928_best_state.pt,"{'learning_rate': 0.0030134572176314825, 'lr_reduce': 0.6}",TPESampler,COMPLETE
929,1.416674256324768,2025-04-26 14:40:27.164792,2025-04-26 14:40:34.466667,0 days 00:00:07.301875,2,72,482,512.0,310.0,,3,49,0.18823613426875616,0.0006793743841572191,0.6,/work3/arnaou/checkpoints/megnet_Vc_trial_929_best_state.pt,"{'learning_rate': 0.0006793743841572191, 'lr_reduce': 0.6}",TPESampler,COMPLETE
930,1.8440234661102295,2025-04-26 14:40:34.685874,2025-04-26 14:40:39.272674,0 days 00:00:04.586800,4,47,436,435.0,,,2,109,0.12267170080998176,0.002041937849960674,0.6,/work3/arnaou/checkpoints/megnet_Vc_trial_930_best_state.pt,"{'learning_rate': 0.002041937849960674, 'lr_reduce': 0.6}",TPESampler,COMPLETE
931,1.8555347919464111,2025-04-26 14:40:39.480711,2025-04-26 14:40:43.207228,0 days 00:00:03.726517,2,40,491,261.0,232.0,464.0,4,41,0.21046098794339674,0.0004017086545978683,0.6,/work3/arnaou/checkpoints/megnet_Vc_trial_931_best_state.pt,"{'learning_rate': 0.0004017086545978683, 'lr_reduce': 0.6}",TPESampler,COMPLETE
932,1.7893644571304321,2025-04-26 14:40:41.325494,2025-04-26 14:40:45.148989,0 days 00:00:03.823495,1,128,333,473.0,,,2,55,0.19049837587423707,0.009081609753985663,0.6,/work3/arnaou/checkpoints/megnet_Vc_trial_932_best_state.pt,"{'learning_rate': 0.009081609753985663, 'lr_reduce': 0.6}",TPESampler,COMPLETE
933,0.36058691143989563,2025-04-26 14:40:41.719603,2025-04-26 14:40:55.815030,0 days 00:00:14.095427,1,73,411,443.0,332.0,471.0,4,94,0.18196292131881392,0.0021720840594821418,0.6,/work3/arnaou/checkpoints/megnet_Vc_trial_933_best_state.pt,"{'learning_rate': 0.0021720840594821418, 'lr_reduce': 0.6}",TPESampler,COMPLETE
934,1.7849533557891846,2025-04-26 14:40:43.417554,2025-04-26 14:40:47.563222,0 days 00:00:04.145668,4,120,329,,,,1,88,0.0402495052722977,0.0009471121090926655,0.6,/work3/arnaou/checkpoints/megnet_Vc_trial_934_best_state.pt,"{'learning_rate': 0.0009471121090926655, 'lr_reduce': 0.6}",TPESampler,COMPLETE
935,0.15980125963687897,2025-04-26 14:40:45.380715,2025-04-26 14:41:17.011604,0 days 00:00:31.630889,1,106,472,474.0,318.0,512.0,4,42,0.1276495014633071,0.0014229925934555127,0.6,/work3/arnaou/checkpoints/megnet_Vc_trial_935_best_state.pt,"{'learning_rate': 0.0014229925934555127, 'lr_reduce': 0.6}",TPESampler,COMPLETE
936,0.4652065336704254,2025-04-26 14:40:47.765862,2025-04-26 14:41:10.548396,0 days 00:00:22.782534,1,122,444,442.0,299.0,463.0,4,44,0.16273631110041542,0.0007238959288596513,0.6,/work3/arnaou/checkpoints/megnet_Vc_trial_936_best_state.pt,"{'learning_rate': 0.0007238959288596513, 'lr_reduce': 0.6}",TPESampler,COMPLETE
937,1.838240146636963,2025-04-26 14:40:56.044647,2025-04-26 14:40:59.365919,0 days 00:00:03.321272,1,124,497,509.0,333.0,,3,61,0.20136381816960308,0.000467650130512002,0.6,/work3/arnaou/checkpoints/megnet_Vc_trial_937_best_state.pt,"{'learning_rate': 0.000467650130512002, 'lr_reduce': 0.6}",TPESampler,COMPLETE
938,1.856334924697876,2025-04-26 14:40:59.578586,2025-04-26 14:41:04.468257,0 days 00:00:04.889671,1,59,236,449.0,292.0,467.0,4,54,0.24216185798799222,0.000618263315472679,0.6,/work3/arnaou/checkpoints/megnet_Vc_trial_938_best_state.pt,"{'learning_rate': 0.000618263315472679, 'lr_reduce': 0.6}",TPESampler,COMPLETE
939,0.15081316232681274,2025-04-26 14:41:04.771988,2025-04-26 14:41:34.014720,0 days 00:00:29.242732,1,111,358,481.0,297.0,510.0,4,44,0.1516520432066404,0.0009686526226898146,0.6,/work3/arnaou/checkpoints/megnet_Vc_trial_939_best_state.pt,"{'learning_rate': 0.0009686526226898146, 'lr_reduce': 0.6}",TPESampler,COMPLETE
940,0.4681716859340668,2025-04-26 14:41:10.768496,2025-04-26 14:41:36.694182,0 days 00:00:25.925686,2,79,487,511.0,381.0,437.0,4,54,0.24099383943351918,0.0007575565264521324,0.6,/work3/arnaou/checkpoints/megnet_Vc_trial_940_best_state.pt,"{'learning_rate': 0.0007575565264521324, 'lr_reduce': 0.6}",TPESampler,COMPLETE
941,0.34987393021583557,2025-04-26 14:41:17.243285,2025-04-26 14:41:42.586324,0 days 00:00:25.343039,1,89,460,432.0,276.0,512.0,4,52,0.15300513252623527,0.0015857722638469819,0.6,/work3/arnaou/checkpoints/megnet_Vc_trial_941_best_state.pt,"{'learning_rate': 0.0015857722638469819, 'lr_reduce': 0.6}",TPESampler,COMPLETE
942,1.2458508014678955,2025-04-26 14:41:34.230685,2025-04-26 14:41:40.696259,0 days 00:00:06.465574,1,78,447,193.0,97.0,441.0,4,49,0.21055760715650979,0.0020773946408305455,0.6,/work3/arnaou/checkpoints/megnet_Vc_trial_942_best_state.pt,"{'learning_rate': 0.0020773946408305455, 'lr_reduce': 0.6}",TPESampler,COMPLETE
943,0.36996206641197205,2025-04-26 14:41:36.922360,2025-04-26 14:42:07.139145,0 days 00:00:30.216785,3,107,160,,,,1,68,0.2476377691240301,0.008849313214188373,0.6,/work3/arnaou/checkpoints/megnet_Vc_trial_943_best_state.pt,"{'learning_rate': 0.008849313214188373, 'lr_reduce': 0.6}",TPESampler,COMPLETE
944,1.8175519704818726,2025-04-26 14:41:40.934297,2025-04-26 14:41:44.724774,0 days 00:00:03.790477,2,84,279,434.0,352.0,462.0,4,68,0.22211522751068685,0.0017669510038383293,0.6,/work3/arnaou/checkpoints/megnet_Vc_trial_944_best_state.pt,"{'learning_rate': 0.0017669510038383293, 'lr_reduce': 0.6}",TPESampler,COMPLETE
945,0.3790667653083801,2025-04-26 14:41:42.802086,2025-04-26 14:42:04.315546,0 days 00:00:21.513460,1,105,487,511.0,297.0,470.0,4,68,0.2191961469715839,0.004787903858331498,0.6,/work3/arnaou/checkpoints/megnet_Vc_trial_945_best_state.pt,"{'learning_rate': 0.004787903858331498, 'lr_reduce': 0.6}",TPESampler,COMPLETE
946,0.2233922928571701,2025-04-26 14:41:44.931050,2025-04-26 14:42:08.445511,0 days 00:00:23.514461,1,59,298,265.0,120.0,,3,57,0.24926215245515002,0.0021366246835568176,0.6,/work3/arnaou/checkpoints/megnet_Vc_trial_946_best_state.pt,"{'learning_rate': 0.0021366246835568176, 'lr_reduce': 0.6}",TPESampler,COMPLETE
947,1.8020988702774048,2025-04-26 14:42:04.533825,2025-04-26 14:42:08.132886,0 days 00:00:03.599061,1,115,378,438.0,271.0,431.0,4,54,0.15014103859322506,0.0024865445285645817,0.6,/work3/arnaou/checkpoints/megnet_Vc_trial_947_best_state.pt,"{'learning_rate': 0.0024865445285645817, 'lr_reduce': 0.6}",TPESampler,COMPLETE
948,0.2001301497220993,2025-04-26 14:42:07.358574,2025-04-26 14:42:36.020783,0 days 00:00:28.662209,1,51,305,474.0,129.0,470.0,4,51,0.24733098125300174,0.002764621158029847,0.6,/work3/arnaou/checkpoints/megnet_Vc_trial_948_best_state.pt,"{'learning_rate': 0.002764621158029847, 'lr_reduce': 0.6}",TPESampler,COMPLETE
949,0.11277816444635391,2025-04-26 14:42:08.363953,2025-04-26 14:42:39.197509,0 days 00:00:30.833556,1,66,232,420.0,328.0,,3,60,0.21788680355657375,0.0015416301070788057,0.6,/work3/arnaou/checkpoints/megnet_Vc_trial_949_best_state.pt,"{'learning_rate': 0.0015416301070788057, 'lr_reduce': 0.6}",TPESampler,COMPLETE
950,0.18587099015712738,2025-04-26 14:42:08.700674,2025-04-26 14:42:40.747792,0 days 00:00:32.047118,2,91,369,512.0,284.0,429.0,4,93,0.23611076091023878,0.0008280760628534973,0.6,/work3/arnaou/checkpoints/megnet_Vc_trial_950_best_state.pt,"{'learning_rate': 0.0008280760628534973, 'lr_reduce': 0.6}",TPESampler,COMPLETE
951,0.2336726039648056,2025-04-26 14:42:36.253763,2025-04-26 14:43:11.029316,0 days 00:00:34.775553,1,125,466,470.0,129.0,512.0,4,64,0.15995633927169087,0.0015595019281134318,0.6,/work3/arnaou/checkpoints/megnet_Vc_trial_951_best_state.pt,"{'learning_rate': 0.0015595019281134318, 'lr_reduce': 0.6}",TPESampler,COMPLETE
