number,value,datetime_start,datetime_complete,duration,params_depth,params_edge_hidden_dim,params_mlp_dim_00,params_mlp_dim_01,params_mlp_dim_02,params_mlp_dim_03,params_mlp_n_layers,params_node_hidden_dim,params_rep_dropout,params_train_learning_rate,params_train_lr_reduce,user_attrs_best_state_dict_path,user_attrs_training_params,system_attrs_auto:sampler,state
1493,0.5993529558181763,2025-04-26 15:37:30.346776,2025-04-26 15:37:42.379777,0 days 00:00:12.033001,1,111,261,119.0,184.0,,3,69,0.12068206917978228,0.0018379389348337784,0.6,/work3/arnaou/checkpoints/megnet_Vc_trial_1493_best_state.pt,"{'learning_rate': 0.0018379389348337784, 'lr_reduce': 0.6}",TPESampler,COMPLETE
1494,1.7916638851165771,2025-04-26 15:37:42.336292,2025-04-26 15:37:46.159085,0 days 00:00:03.822793,3,83,223,,,,1,77,0.009877382966377912,0.0009216062875614221,0.6,/work3/arnaou/checkpoints/megnet_Vc_trial_1494_best_state.pt,"{'learning_rate': 0.0009216062875614221, 'lr_reduce': 0.6}",TPESampler,COMPLETE
1495,1.8646831512451172,2025-04-26 15:37:42.630343,2025-04-26 15:37:47.187539,0 days 00:00:04.557196,2,87,401,218.0,132.0,438.0,4,55,0.21014401311950934,0.0005774931318377216,0.6,/work3/arnaou/checkpoints/megnet_Vc_trial_1495_best_state.pt,"{'learning_rate': 0.0005774931318377216, 'lr_reduce': 0.6}",TPESampler,COMPLETE
1496,0.11593196541070938,2025-04-26 15:37:42.685629,2025-04-26 15:38:14.830138,0 days 00:00:32.144509,1,96,409,224.0,129.0,441.0,4,74,0.24501169796759867,0.0005485340368275949,0.6,/work3/arnaou/checkpoints/megnet_Vc_trial_1496_best_state.pt,"{'learning_rate': 0.0005485340368275949, 'lr_reduce': 0.6}",TPESampler,COMPLETE
1497,0.11484391242265701,2025-04-26 15:37:46.833353,2025-04-26 15:38:18.588813,0 days 00:00:31.755460,1,66,403,68.0,91.0,512.0,4,59,0.17869529713002386,0.0007462804171285693,0.6,/work3/arnaou/checkpoints/megnet_Vc_trial_1497_best_state.pt,"{'learning_rate': 0.0007462804171285693, 'lr_reduce': 0.6}",TPESampler,COMPLETE
1498,0.1898682713508606,2025-04-26 15:37:47.516786,2025-04-26 15:38:14.528553,0 days 00:00:27.011767,1,109,411,133.0,196.0,,3,67,0.19671054479321998,0.003640598676028696,0.6,/work3/arnaou/checkpoints/megnet_Vc_trial_1498_best_state.pt,"{'learning_rate': 0.003640598676028696, 'lr_reduce': 0.6}",TPESampler,COMPLETE
1499,0.38058820366859436,2025-04-26 15:38:14.773003,2025-04-26 15:38:30.461391,0 days 00:00:15.688388,1,67,483,216.0,98.0,442.0,4,49,0.23807221066231865,0.0006932442162429034,0.6,/work3/arnaou/checkpoints/megnet_Vc_trial_1499_best_state.pt,"{'learning_rate': 0.0006932442162429034, 'lr_reduce': 0.6}",TPESampler,COMPLETE
1500,1.8607465028762817,2025-04-26 15:38:15.149400,2025-04-26 15:38:20.248794,0 days 00:00:05.099394,2,75,501,233.0,142.0,,3,37,0.24621386804975365,0.000393665578322309,0.6,/work3/arnaou/checkpoints/megnet_Vc_trial_1500_best_state.pt,"{'learning_rate': 0.000393665578322309, 'lr_reduce': 0.6}",TPESampler,COMPLETE
1501,1.8611764907836914,2025-04-26 15:38:18.799901,2025-04-26 15:38:23.017916,0 days 00:00:04.218015,1,63,392,66.0,76.0,504.0,4,66,0.14362691060330013,0.00037721208590612144,0.6,/work3/arnaou/checkpoints/megnet_Vc_trial_1501_best_state.pt,"{'learning_rate': 0.00037721208590612144, 'lr_reduce': 0.6}",TPESampler,COMPLETE
1502,1.8665746450424194,2025-04-26 15:38:20.482219,2025-04-26 15:38:28.033359,0 days 00:00:07.551140,1,98,323,88.0,73.0,510.0,4,67,0.1929590044351896,0.0003536176903459486,0.6,/work3/arnaou/checkpoints/megnet_Vc_trial_1502_best_state.pt,"{'learning_rate': 0.0003536176903459486, 'lr_reduce': 0.6}",TPESampler,COMPLETE
1503,0.44346991181373596,2025-04-26 15:38:23.245727,2025-04-26 15:38:40.540043,0 days 00:00:17.294316,1,115,364,93.0,85.0,509.0,4,83,0.20791409730408159,0.0008800690905379022,0.6,/work3/arnaou/checkpoints/megnet_Vc_trial_1503_best_state.pt,"{'learning_rate': 0.0008800690905379022, 'lr_reduce': 0.6}",TPESampler,COMPLETE
1504,0.39217737317085266,2025-04-26 15:38:28.267961,2025-04-26 15:38:56.782830,0 days 00:00:28.514869,1,69,404,226.0,72.0,509.0,4,59,0.1721849162097743,0.003761589805469303,0.6,/work3/arnaou/checkpoints/megnet_Vc_trial_1504_best_state.pt,"{'learning_rate': 0.003761589805469303, 'lr_reduce': 0.6}",TPESampler,COMPLETE
1505,0.22480550408363342,2025-04-26 15:38:30.684118,2025-04-26 15:38:52.147055,0 days 00:00:21.462937,1,77,420,80.0,64.0,510.0,4,83,0.22173164553289548,0.0008712719784195311,0.6,/work3/arnaou/checkpoints/megnet_Vc_trial_1505_best_state.pt,"{'learning_rate': 0.0008712719784195311, 'lr_reduce': 0.6}",TPESampler,COMPLETE
1506,1.8507602214813232,2025-04-26 15:38:40.774081,2025-04-26 15:38:44.247539,0 days 00:00:03.473458,1,106,422,70.0,104.0,478.0,4,72,0.21822829012374823,0.00036269450087256244,0.6,/work3/arnaou/checkpoints/megnet_Vc_trial_1506_best_state.pt,"{'learning_rate': 0.00036269450087256244, 'lr_reduce': 0.6}",TPESampler,COMPLETE
1507,1.8565658330917358,2025-04-26 15:38:44.483853,2025-04-26 15:38:49.041444,0 days 00:00:04.557591,1,100,482,230.0,95.0,512.0,4,81,0.22710012480615488,0.0002263036937602095,0.6,/work3/arnaou/checkpoints/megnet_Vc_trial_1507_best_state.pt,"{'learning_rate': 0.0002263036937602095, 'lr_reduce': 0.6}",TPESampler,COMPLETE
1508,0.24758917093276978,2025-04-26 15:38:49.264997,2025-04-26 15:39:16.494775,0 days 00:00:27.229778,1,54,392,71.0,64.0,512.0,4,81,0.1391769106186651,0.001889157686896124,0.6,/work3/arnaou/checkpoints/megnet_Vc_trial_1508_best_state.pt,"{'learning_rate': 0.001889157686896124, 'lr_reduce': 0.6}",TPESampler,COMPLETE
1509,1.863330364227295,2025-04-26 15:38:52.390738,2025-04-26 15:38:56.149366,0 days 00:00:03.758628,2,97,405,246.0,338.0,,3,61,0.20720491959276027,0.00027995413093275505,0.6,/work3/arnaou/checkpoints/megnet_Vc_trial_1509_best_state.pt,"{'learning_rate': 0.00027995413093275505, 'lr_reduce': 0.6}",TPESampler,COMPLETE
1510,1.8541390895843506,2025-04-26 15:38:56.360757,2025-04-26 15:39:00.824124,0 days 00:00:04.463367,4,64,285,66.0,211.0,476.0,4,58,0.0013237447112145473,0.00047160102416071264,0.6,/work3/arnaou/checkpoints/megnet_Vc_trial_1510_best_state.pt,"{'learning_rate': 0.00047160102416071264, 'lr_reduce': 0.6}",TPESampler,COMPLETE
1511,1.865696907043457,2025-04-26 15:38:57.015756,2025-04-26 15:39:01.109615,0 days 00:00:04.093859,4,54,256,97.0,111.0,476.0,4,48,0.24522214491548522,0.00046173742777387913,0.6,/work3/arnaou/checkpoints/megnet_Vc_trial_1511_best_state.pt,"{'learning_rate': 0.00046173742777387913, 'lr_reduce': 0.6}",TPESampler,COMPLETE
1512,1.867568016052246,2025-04-26 15:39:01.061446,2025-04-26 15:39:04.973295,0 days 00:00:03.911849,1,93,340,248.0,132.0,474.0,4,82,0.22043674162406068,0.0002557170303782149,0.6,/work3/arnaou/checkpoints/megnet_Vc_trial_1512_best_state.pt,"{'learning_rate': 0.0002557170303782149, 'lr_reduce': 0.6}",TPESampler,COMPLETE
1513,1.852665662765503,2025-04-26 15:39:01.370342,2025-04-26 15:39:05.022818,0 days 00:00:03.652476,2,48,99,85.0,,,2,37,0.057996471248051906,0.0007144271531286426,0.6,/work3/arnaou/checkpoints/megnet_Vc_trial_1513_best_state.pt,"{'learning_rate': 0.0007144271531286426, 'lr_reduce': 0.6}",TPESampler,COMPLETE
1514,0.13761582970619202,2025-04-26 15:39:05.116803,2025-04-26 15:39:28.374543,0 days 00:00:23.257740,1,77,405,84.0,206.0,474.0,4,66,0.14867638219900645,0.0014612583748702412,0.6,/work3/arnaou/checkpoints/megnet_Vc_trial_1514_best_state.pt,"{'learning_rate': 0.0014612583748702412, 'lr_reduce': 0.6}",TPESampler,COMPLETE
1515,1.4402904510498047,2025-04-26 15:39:05.212016,2025-04-26 15:39:14.922052,0 days 00:00:09.710036,2,89,452,216.0,101.0,472.0,4,80,0.2456130971500781,0.0005524983878506224,0.6,/work3/arnaou/checkpoints/megnet_Vc_trial_1515_best_state.pt,"{'learning_rate': 0.0005524983878506224, 'lr_reduce': 0.6}",TPESampler,COMPLETE
1516,1.8368265628814697,2025-04-26 15:39:15.159219,2025-04-26 15:39:18.636196,0 days 00:00:03.476977,1,88,263,82.0,172.0,,3,54,0.13128198641406408,0.0007673804583867197,0.6,/work3/arnaou/checkpoints/megnet_Vc_trial_1516_best_state.pt,"{'learning_rate': 0.0007673804583867197, 'lr_reduce': 0.6}",TPESampler,COMPLETE
1517,1.8590670824050903,2025-04-26 15:39:16.715488,2025-04-26 15:39:20.352621,0 days 00:00:03.637133,2,53,316,78.0,220.0,,3,100,0.020758067253727586,0.0002423265665873244,0.6,/work3/arnaou/checkpoints/megnet_Vc_trial_1517_best_state.pt,"{'learning_rate': 0.0002423265665873244, 'lr_reduce': 0.6}",TPESampler,COMPLETE
1518,1.8614922761917114,2025-04-26 15:39:18.879214,2025-04-26 15:39:22.442167,0 days 00:00:03.562953,1,73,432,67.0,359.0,480.0,4,35,0.12248138082570699,0.00041345644171827966,0.6,/work3/arnaou/checkpoints/megnet_Vc_trial_1518_best_state.pt,"{'learning_rate': 0.00041345644171827966, 'lr_reduce': 0.6}",TPESampler,COMPLETE
1519,0.14048275351524353,2025-04-26 15:39:20.548509,2025-04-26 15:39:46.438415,0 days 00:00:25.889906,1,100,457,278.0,142.0,481.0,4,63,0.21946854577697475,0.0005860156498792717,0.6,/work3/arnaou/checkpoints/megnet_Vc_trial_1519_best_state.pt,"{'learning_rate': 0.0005860156498792717, 'lr_reduce': 0.6}",TPESampler,COMPLETE
1520,1.8636378049850464,2025-04-26 15:39:22.655565,2025-04-26 15:39:27.345425,0 days 00:00:04.689860,1,94,416,247.0,99.0,511.0,4,81,0.22194535778333802,0.00041070029204360014,0.6,/work3/arnaou/checkpoints/megnet_Vc_trial_1520_best_state.pt,"{'learning_rate': 0.00041070029204360014, 'lr_reduce': 0.6}",TPESampler,COMPLETE
1521,1.8381524085998535,2025-04-26 15:39:27.578572,2025-04-26 15:39:31.118171,0 days 00:00:03.539599,1,114,420,97.0,455.0,511.0,4,55,0.2046367812255505,0.0009569772271204454,0.6,/work3/arnaou/checkpoints/megnet_Vc_trial_1521_best_state.pt,"{'learning_rate': 0.0009569772271204454, 'lr_reduce': 0.6}",TPESampler,COMPLETE
1522,1.8575443029403687,2025-04-26 15:39:28.593434,2025-04-26 15:39:32.025157,0 days 00:00:03.431723,1,94,359,240.0,166.0,472.0,4,35,0.23083780196339948,0.00033685315774342934,0.6,/work3/arnaou/checkpoints/megnet_Vc_trial_1522_best_state.pt,"{'learning_rate': 0.00033685315774342934, 'lr_reduce': 0.6}",TPESampler,COMPLETE
1523,0.15853895246982574,2025-04-26 15:39:31.373788,2025-04-26 15:39:57.262679,0 days 00:00:25.888891,1,90,228,71.0,214.0,471.0,4,62,0.2458751248174691,0.0007139759117534443,0.6,/work3/arnaou/checkpoints/megnet_Vc_trial_1523_best_state.pt,"{'learning_rate': 0.0007139759117534443, 'lr_reduce': 0.6}",TPESampler,COMPLETE
1524,0.19861993193626404,2025-04-26 15:39:32.239735,2025-04-26 15:39:58.236581,0 days 00:00:25.996846,1,93,388,210.0,122.0,474.0,4,59,0.21252531080856343,0.0005137364717861458,0.6,/work3/arnaou/checkpoints/megnet_Vc_trial_1524_best_state.pt,"{'learning_rate': 0.0005137364717861458, 'lr_reduce': 0.6}",TPESampler,COMPLETE
1525,0.4745061993598938,2025-04-26 15:39:46.727667,2025-04-26 15:39:59.528060,0 days 00:00:12.800393,1,115,512,109.0,324.0,511.0,4,127,0.22800033668026828,0.0009107918103568789,0.6,/work3/arnaou/checkpoints/megnet_Vc_trial_1525_best_state.pt,"{'learning_rate': 0.0009107918103568789, 'lr_reduce': 0.6}",TPESampler,COMPLETE
1526,0.322369784116745,2025-04-26 15:39:57.529875,2025-04-26 15:40:19.226712,0 days 00:00:21.696837,1,86,276,276.0,68.0,,3,128,0.0010397581384861132,0.000727203920461202,0.6,/work3/arnaou/checkpoints/megnet_Vc_trial_1526_best_state.pt,"{'learning_rate': 0.000727203920461202, 'lr_reduce': 0.6}",TPESampler,COMPLETE
1527,1.8561347723007202,2025-04-26 15:39:58.479685,2025-04-26 15:40:02.319059,0 days 00:00:03.839374,1,77,511,199.0,165.0,447.0,4,65,0.1743565378838848,0.00026544776201260187,0.6,/work3/arnaou/checkpoints/megnet_Vc_trial_1527_best_state.pt,"{'learning_rate': 0.00026544776201260187, 'lr_reduce': 0.6}",TPESampler,COMPLETE
1528,0.22820770740509033,2025-04-26 15:39:59.766895,2025-04-26 15:40:22.367720,0 days 00:00:22.600825,1,61,438,242.0,129.0,512.0,4,34,0.24155923530685133,0.0011927966881802347,0.6,/work3/arnaou/checkpoints/megnet_Vc_trial_1528_best_state.pt,"{'learning_rate': 0.0011927966881802347, 'lr_reduce': 0.6}",TPESampler,COMPLETE
1529,1.8017951250076294,2025-04-26 15:40:02.557396,2025-04-26 15:40:06.300777,0 days 00:00:03.743381,2,55,470,273.0,64.0,,3,62,0.03100219912899696,0.0028645631445677394,0.6,/work3/arnaou/checkpoints/megnet_Vc_trial_1529_best_state.pt,"{'learning_rate': 0.0028645631445677394, 'lr_reduce': 0.6}",TPESampler,COMPLETE
1530,0.23157694935798645,2025-04-26 15:40:06.539656,2025-04-26 15:40:26.727049,0 days 00:00:20.187393,1,96,444,199.0,233.0,458.0,4,72,0.2382633924437974,0.0005357077037027846,0.6,/work3/arnaou/checkpoints/megnet_Vc_trial_1530_best_state.pt,"{'learning_rate': 0.0005357077037027846, 'lr_reduce': 0.6}",TPESampler,COMPLETE
1531,1.8453686237335205,2025-04-26 15:40:19.469894,2025-04-26 15:40:23.529623,0 days 00:00:04.059729,2,51,380,73.0,414.0,471.0,4,53,0.20081634256550598,0.0011501884670703417,0.6,/work3/arnaou/checkpoints/megnet_Vc_trial_1531_best_state.pt,"{'learning_rate': 0.0011501884670703417, 'lr_reduce': 0.6}",TPESampler,COMPLETE
1532,0.5014253854751587,2025-04-26 15:40:22.599861,2025-04-26 15:40:34.390560,0 days 00:00:11.790699,1,120,405,65.0,177.0,,3,84,0.24119866454693775,0.0007883186871949159,0.6,/work3/arnaou/checkpoints/megnet_Vc_trial_1532_best_state.pt,"{'learning_rate': 0.0007883186871949159, 'lr_reduce': 0.6}",TPESampler,COMPLETE
1533,0.6738499999046326,2025-04-26 15:40:23.774230,2025-04-26 15:40:58.300933,0 days 00:00:34.526703,1,106,466,114.0,125.0,,3,83,0.2430308428390957,0.0010272665368155755,0.6,/work3/arnaou/checkpoints/megnet_Vc_trial_1533_best_state.pt,"{'learning_rate': 0.0010272665368155755, 'lr_reduce': 0.6}",TPESampler,COMPLETE
1534,1.8574870824813843,2025-04-26 15:40:27.029196,2025-04-26 15:40:30.943008,0 days 00:00:03.913812,1,78,462,120.0,208.0,512.0,4,69,0.19372876391822802,0.0003172976421514422,0.6,/work3/arnaou/checkpoints/megnet_Vc_trial_1534_best_state.pt,"{'learning_rate': 0.0003172976421514422, 'lr_reduce': 0.6}",TPESampler,COMPLETE
1535,0.5539583563804626,2025-04-26 15:40:31.154497,2025-04-26 15:41:04.670702,0 days 00:00:33.516205,2,113,364,193.0,316.0,444.0,4,77,0.19990286794522288,0.0024874420017507288,0.6,/work3/arnaou/checkpoints/megnet_Vc_trial_1535_best_state.pt,"{'learning_rate': 0.0024874420017507288, 'lr_reduce': 0.6}",TPESampler,COMPLETE
1536,1.868610143661499,2025-04-26 15:40:34.649673,2025-04-26 15:40:39.430757,0 days 00:00:04.781084,1,126,376,119.0,159.0,155.0,4,74,0.22106413220809204,0.00010539361676554654,0.6,/work3/arnaou/checkpoints/megnet_Vc_trial_1536_best_state.pt,"{'learning_rate': 0.00010539361676554654, 'lr_reduce': 0.6}",TPESampler,COMPLETE
1537,0.13192597031593323,2025-04-26 15:40:39.669131,2025-04-26 15:41:09.379124,0 days 00:00:29.709993,1,62,402,227.0,252.0,473.0,4,59,0.19132373862877255,0.0006635259072925553,0.6,/work3/arnaou/checkpoints/megnet_Vc_trial_1537_best_state.pt,"{'learning_rate': 0.0006635259072925553, 'lr_reduce': 0.6}",TPESampler,COMPLETE
1538,0.28209197521209717,2025-04-26 15:40:58.525458,2025-04-26 15:41:25.628758,0 days 00:00:27.103300,1,87,478,260.0,98.0,474.0,4,75,0.24950625385617362,0.00041653221811506263,0.6,/work3/arnaou/checkpoints/megnet_Vc_trial_1538_best_state.pt,"{'learning_rate': 0.00041653221811506263, 'lr_reduce': 0.6}",TPESampler,COMPLETE
1539,1.8603839874267578,2025-04-26 15:41:04.922079,2025-04-26 15:41:09.855429,0 days 00:00:04.933350,4,97,233,182.0,162.0,511.0,4,42,0.01990557407387336,0.00021487450762797572,0.6,/work3/arnaou/checkpoints/megnet_Vc_trial_1539_best_state.pt,"{'learning_rate': 0.00021487450762797572, 'lr_reduce': 0.6}",TPESampler,COMPLETE
1540,0.25394973158836365,2025-04-26 15:41:09.616958,2025-04-26 15:41:44.480304,0 days 00:00:34.863346,2,88,428,270.0,121.0,,3,63,0.2300767120487893,0.0004971582113516788,0.6,/work3/arnaou/checkpoints/megnet_Vc_trial_1540_best_state.pt,"{'learning_rate': 0.0004971582113516788, 'lr_reduce': 0.6}",TPESampler,COMPLETE
1541,0.11896391212940216,2025-04-26 15:41:10.122689,2025-04-26 15:41:41.624110,0 days 00:00:31.501421,1,78,512,127.0,299.0,443.0,4,73,0.2353949557338084,0.0010762836939836426,0.6,/work3/arnaou/checkpoints/megnet_Vc_trial_1541_best_state.pt,"{'learning_rate': 0.0010762836939836426, 'lr_reduce': 0.6}",TPESampler,COMPLETE
1542,0.24007590115070343,2025-04-26 15:41:25.874165,2025-04-26 15:41:54.438336,0 days 00:00:28.564171,1,41,335,113.0,209.0,444.0,4,80,0.1829333622752886,0.0006411038652762592,0.6,/work3/arnaou/checkpoints/megnet_Vc_trial_1542_best_state.pt,"{'learning_rate': 0.0006411038652762592, 'lr_reduce': 0.6}",TPESampler,COMPLETE
1543,1.8509382009506226,2025-04-26 15:41:41.864214,2025-04-26 15:41:45.838719,0 days 00:00:03.974505,4,73,102,123.0,321.0,,3,99,0.06057794672728728,0.00010436592601059308,0.6,/work3/arnaou/checkpoints/megnet_Vc_trial_1543_best_state.pt,"{'learning_rate': 0.00010436592601059308, 'lr_reduce': 0.6}",TPESampler,COMPLETE
1544,0.09558489173650742,2025-04-26 15:41:44.708220,2025-04-26 15:42:14.389664,0 days 00:00:29.681444,1,88,497,118.0,305.0,424.0,4,85,0.24929581458696862,0.0011281847060766275,0.6,/work3/arnaou/checkpoints/megnet_Vc_trial_1544_best_state.pt,"{'learning_rate': 0.0011281847060766275, 'lr_reduce': 0.6}",TPESampler,COMPLETE
1545,1.7838871479034424,2025-04-26 15:41:46.151443,2025-04-26 15:41:50.649463,0 days 00:00:04.498020,1,107,394,156.0,354.0,426.0,4,45,0.17872841828443836,0.004541908286652183,0.6,/work3/arnaou/checkpoints/megnet_Vc_trial_1545_best_state.pt,"{'learning_rate': 0.004541908286652183, 'lr_reduce': 0.6}",TPESampler,COMPLETE
1546,0.1896231472492218,2025-04-26 15:41:50.911810,2025-04-26 15:42:20.853695,0 days 00:00:29.941885,1,46,479,67.0,303.0,427.0,4,91,0.09305527475261603,0.0015530136083322162,0.6,/work3/arnaou/checkpoints/megnet_Vc_trial_1546_best_state.pt,"{'learning_rate': 0.0015530136083322162, 'lr_reduce': 0.6}",TPESampler,COMPLETE
1547,0.31174302101135254,2025-04-26 15:41:54.690560,2025-04-26 15:42:18.009372,0 days 00:00:23.318812,1,70,370,115.0,301.0,428.0,4,74,0.07583369922796854,0.002228731814509523,0.6,/work3/arnaou/checkpoints/megnet_Vc_trial_1547_best_state.pt,"{'learning_rate': 0.002228731814509523, 'lr_reduce': 0.6}",TPESampler,COMPLETE
1548,0.11829037964344025,2025-04-26 15:42:14.677903,2025-04-26 15:42:43.474480,0 days 00:00:28.796577,1,88,452,123.0,351.0,407.0,4,90,0.2337463240130891,0.0007267618593268318,0.6,/work3/arnaou/checkpoints/megnet_Vc_trial_1548_best_state.pt,"{'learning_rate': 0.0007267618593268318, 'lr_reduce': 0.6}",TPESampler,COMPLETE
1549,0.18544907867908478,2025-04-26 15:42:18.276917,2025-04-26 15:42:48.075451,0 days 00:00:29.798534,1,85,383,109.0,345.0,408.0,4,79,0.1589892614220813,0.0005602832909678569,0.6,/work3/arnaou/checkpoints/megnet_Vc_trial_1549_best_state.pt,"{'learning_rate': 0.0005602832909678569, 'lr_reduce': 0.6}",TPESampler,COMPLETE
1550,0.5392652750015259,2025-04-26 15:42:21.143486,2025-04-26 15:42:32.379456,0 days 00:00:11.235970,1,82,441,112.0,320.0,412.0,4,79,0.19022515111383495,0.0023230049825992555,0.6,/work3/arnaou/checkpoints/megnet_Vc_trial_1550_best_state.pt,"{'learning_rate': 0.0023230049825992555, 'lr_reduce': 0.6}",TPESampler,COMPLETE
1551,1.797841191291809,2025-04-26 15:42:32.613854,2025-04-26 15:42:36.402185,0 days 00:00:03.788331,1,91,470,107.0,314.0,420.0,4,81,0.2362949976544584,0.004201425694519173,0.6,/work3/arnaou/checkpoints/megnet_Vc_trial_1551_best_state.pt,"{'learning_rate': 0.004201425694519173, 'lr_reduce': 0.6}",TPESampler,COMPLETE
1552,0.27472954988479614,2025-04-26 15:42:36.659831,2025-04-26 15:42:55.364891,0 days 00:00:18.705060,1,86,444,67.0,378.0,430.0,4,88,0.2476654821439867,0.0008864150578733988,0.6,/work3/arnaou/checkpoints/megnet_Vc_trial_1552_best_state.pt,"{'learning_rate': 0.0008864150578733988, 'lr_reduce': 0.6}",TPESampler,COMPLETE
1553,1.860687494277954,2025-04-26 15:42:43.919120,2025-04-26 15:42:48.237924,0 days 00:00:04.318804,1,75,508,109.0,336.0,358.0,4,97,0.23804221107747578,0.0004316999657428944,0.6,/work3/arnaou/checkpoints/megnet_Vc_trial_1553_best_state.pt,"{'learning_rate': 0.0004316999657428944, 'lr_reduce': 0.6}",TPESampler,COMPLETE
1554,0.19479681551456451,2025-04-26 15:42:48.310599,2025-04-26 15:43:20.286811,0 days 00:00:31.976212,1,83,485,97.0,304.0,360.0,4,98,0.24681701715952045,0.0012742290886886755,0.6,/work3/arnaou/checkpoints/megnet_Vc_trial_1554_best_state.pt,"{'learning_rate': 0.0012742290886886755, 'lr_reduce': 0.6}",TPESampler,COMPLETE
1555,1.8214458227157593,2025-04-26 15:42:48.482551,2025-04-26 15:42:53.445144,0 days 00:00:04.962593,2,118,305,115.0,,,2,120,0.13279709788321578,0.0011075178962862927,0.6,/work3/arnaou/checkpoints/megnet_Vc_trial_1555_best_state.pt,"{'learning_rate': 0.0011075178962862927, 'lr_reduce': 0.6}",TPESampler,COMPLETE
1556,1.7956335544586182,2025-04-26 15:42:53.669734,2025-04-26 15:42:57.706022,0 days 00:00:04.036288,1,105,452,157.0,347.0,385.0,4,77,0.21253229063995036,0.0016169613325736991,0.6,/work3/arnaou/checkpoints/megnet_Vc_trial_1556_best_state.pt,"{'learning_rate': 0.0016169613325736991, 'lr_reduce': 0.6}",TPESampler,COMPLETE
1557,0.21095158159732819,2025-04-26 15:42:55.600005,2025-04-26 15:43:27.486483,0 days 00:00:31.886478,2,82,502,108.0,373.0,391.0,4,89,0.20151234703032195,0.000854370553439421,0.6,/work3/arnaou/checkpoints/megnet_Vc_trial_1557_best_state.pt,"{'learning_rate': 0.000854370553439421, 'lr_reduce': 0.6}",TPESampler,COMPLETE
1558,0.18501219153404236,2025-04-26 15:42:57.968866,2025-04-26 15:43:29.254619,0 days 00:00:31.285753,1,102,427,143.0,403.0,392.0,4,97,0.22491175213907796,0.0002464076687373092,0.6,/work3/arnaou/checkpoints/megnet_Vc_trial_1558_best_state.pt,"{'learning_rate': 0.0002464076687373092, 'lr_reduce': 0.6}",TPESampler,COMPLETE
1559,1.8412543535232544,2025-04-26 15:43:20.536549,2025-04-26 15:43:24.122678,0 days 00:00:03.586129,1,73,500,64.0,340.0,396.0,4,75,0.227869014525306,0.0008461637260507952,0.6,/work3/arnaou/checkpoints/megnet_Vc_trial_1559_best_state.pt,"{'learning_rate': 0.0008461637260507952, 'lr_reduce': 0.6}",TPESampler,COMPLETE
