number,value,datetime_start,datetime_complete,duration,params_depth,params_edge_hidden_dim,params_mlp_dim_00,params_mlp_dim_01,params_mlp_dim_02,params_mlp_dim_03,params_mlp_n_layers,params_node_hidden_dim,params_rep_dropout,params_train_learning_rate,params_train_lr_reduce,user_attrs_best_state_dict_path,user_attrs_training_params,system_attrs_auto:sampler,state
1830,1.8641151189804077,2025-04-26 16:12:04.164806,2025-04-26 16:12:08.584225,0 days 00:00:04.419419,1,99,442,456.0,233.0,448.0,4,41,0.179281546429219,0.00031494337707060834,0.6,/work3/arnaou/checkpoints/megnet_Vc_trial_1830_best_state.pt,"{'learning_rate': 0.00031494337707060834, 'lr_reduce': 0.6}",TPESampler,COMPLETE
1831,1.791813611984253,2025-04-26 16:12:05.911454,2025-04-26 16:12:10.086571,0 days 00:00:04.175117,1,64,383,,,,1,122,0.11828361488570413,0.0007005419576730248,0.6,/work3/arnaou/checkpoints/megnet_Vc_trial_1831_best_state.pt,"{'learning_rate': 0.0007005419576730248, 'lr_reduce': 0.6}",TPESampler,COMPLETE
1832,0.5579133629798889,2025-04-26 16:12:07.690779,2025-04-26 16:12:32.701266,0 days 00:00:25.010487,4,73,127,287.0,150.0,,3,44,0.220152784812445,0.0035702047075054973,0.6,/work3/arnaou/checkpoints/megnet_Vc_trial_1832_best_state.pt,"{'learning_rate': 0.0035702047075054973, 'lr_reduce': 0.6}",TPESampler,COMPLETE
1833,1.7907977104187012,2025-04-26 16:12:08.794343,2025-04-26 16:12:12.720931,0 days 00:00:03.926588,2,79,181,,,,1,42,0.13814140667067432,0.0015074975745671161,0.6,/work3/arnaou/checkpoints/megnet_Vc_trial_1833_best_state.pt,"{'learning_rate': 0.0015074975745671161, 'lr_reduce': 0.6}",TPESampler,COMPLETE
1834,0.5800995826721191,2025-04-26 16:12:10.379385,2025-04-26 16:12:20.770519,0 days 00:00:10.391134,1,83,389,417.0,194.0,512.0,4,91,0.15590046902763238,0.006077632039049354,0.6,/work3/arnaou/checkpoints/megnet_Vc_trial_1834_best_state.pt,"{'learning_rate': 0.006077632039049354, 'lr_reduce': 0.6}",TPESampler,COMPLETE
1835,0.21175065636634827,2025-04-26 16:12:13.124723,2025-04-26 16:12:41.968366,0 days 00:00:28.843643,1,85,183,447.0,251.0,,3,73,0.19592580032298648,0.000742811051059233,0.6,/work3/arnaou/checkpoints/megnet_Vc_trial_1835_best_state.pt,"{'learning_rate': 0.000742811051059233, 'lr_reduce': 0.6}",TPESampler,COMPLETE
1836,0.15421511232852936,2025-04-26 16:12:21.002607,2025-04-26 16:12:52.840268,0 days 00:00:31.837661,1,80,423,402.0,160.0,512.0,4,57,0.1474780162725875,0.0005299136357026049,0.6,/work3/arnaou/checkpoints/megnet_Vc_trial_1836_best_state.pt,"{'learning_rate': 0.0005299136357026049, 'lr_reduce': 0.6}",TPESampler,COMPLETE
1837,0.2690049111843109,2025-04-26 16:12:32.996263,2025-04-26 16:13:10.255775,0 days 00:00:37.259512,2,76,505,335.0,143.0,453.0,4,90,0.2441149411832743,0.0010128150559909348,0.6,/work3/arnaou/checkpoints/megnet_Vc_trial_1837_best_state.pt,"{'learning_rate': 0.0010128150559909348, 'lr_reduce': 0.6}",TPESampler,COMPLETE
1838,0.241596981883049,2025-04-26 16:12:42.369974,2025-04-26 16:13:20.385295,0 days 00:00:38.015321,1,103,491,440.0,238.0,474.0,4,79,0.17074523865266927,0.00041973043601687267,0.6,/work3/arnaou/checkpoints/megnet_Vc_trial_1838_best_state.pt,"{'learning_rate': 0.00041973043601687267, 'lr_reduce': 0.6}",TPESampler,COMPLETE
1839,1.0933587551116943,2025-04-26 16:12:53.121802,2025-04-26 16:13:31.051470,0 days 00:00:37.929668,3,71,94,383.0,196.0,454.0,4,86,0.1755559382240066,0.0024103103065195694,0.6,/work3/arnaou/checkpoints/megnet_Vc_trial_1839_best_state.pt,"{'learning_rate': 0.0024103103065195694, 'lr_reduce': 0.6}",TPESampler,COMPLETE
1840,1.8014271259307861,2025-04-26 16:13:10.524300,2025-04-26 16:13:15.434477,0 days 00:00:04.910177,3,118,218,268.0,,,2,117,0.17660058369259626,0.004443318226511777,0.6,/work3/arnaou/checkpoints/megnet_Vc_trial_1840_best_state.pt,"{'learning_rate': 0.004443318226511777, 'lr_reduce': 0.6}",TPESampler,COMPLETE
1841,1.8605141639709473,2025-04-26 16:13:15.717458,2025-04-26 16:13:22.553197,0 days 00:00:06.835739,1,62,143,412.0,138.0,70.0,4,127,0.12571987344406133,0.00016312579402650331,0.6,/work3/arnaou/checkpoints/megnet_Vc_trial_1841_best_state.pt,"{'learning_rate': 0.00016312579402650331, 'lr_reduce': 0.6}",TPESampler,COMPLETE
1842,0.27523794770240784,2025-04-26 16:13:20.625454,2025-04-26 16:13:45.796573,0 days 00:00:25.171119,1,77,312,369.0,189.0,512.0,4,54,0.24732009936455435,0.0008947048274103698,0.6,/work3/arnaou/checkpoints/megnet_Vc_trial_1842_best_state.pt,"{'learning_rate': 0.0008947048274103698, 'lr_reduce': 0.6}",TPESampler,COMPLETE
1843,0.25411391258239746,2025-04-26 16:13:22.908129,2025-04-26 16:13:39.207322,0 days 00:00:16.299193,1,84,506,448.0,259.0,446.0,4,108,0.1735598889053947,0.0011417737090763805,0.6,/work3/arnaou/checkpoints/megnet_Vc_trial_1843_best_state.pt,"{'learning_rate': 0.0011417737090763805, 'lr_reduce': 0.6}",TPESampler,COMPLETE
1844,0.470234751701355,2025-04-26 16:13:31.287511,2025-04-26 16:14:05.195572,0 days 00:00:33.908061,2,77,289,445.0,145.0,473.0,4,58,0.1437502163609438,0.0008616479073538582,0.6,/work3/arnaou/checkpoints/megnet_Vc_trial_1844_best_state.pt,"{'learning_rate': 0.0008616479073538582, 'lr_reduce': 0.6}",TPESampler,COMPLETE
1845,0.40459495782852173,2025-04-26 16:13:39.459020,2025-04-26 16:13:54.807569,0 days 00:00:15.348549,1,73,478,309.0,205.0,512.0,4,102,0.22873508333544554,0.0008648391885389191,0.6,/work3/arnaou/checkpoints/megnet_Vc_trial_1845_best_state.pt,"{'learning_rate': 0.0008648391885389191, 'lr_reduce': 0.6}",TPESampler,COMPLETE
1846,1.8669090270996094,2025-04-26 16:13:46.056940,2025-04-26 16:13:55.299447,0 days 00:00:09.242507,1,76,94,409.0,,,2,78,0.05505719613603485,0.0001286707706919895,0.6,/work3/arnaou/checkpoints/megnet_Vc_trial_1846_best_state.pt,"{'learning_rate': 0.0001286707706919895, 'lr_reduce': 0.6}",TPESampler,COMPLETE
1847,1.8637250661849976,2025-04-26 16:13:55.044491,2025-04-26 16:13:59.476255,0 days 00:00:04.431764,1,77,305,364.0,242.0,,3,47,0.22231096881338164,0.0005055967069664656,0.6,/work3/arnaou/checkpoints/megnet_Vc_trial_1847_best_state.pt,"{'learning_rate': 0.0005055967069664656, 'lr_reduce': 0.6}",TPESampler,COMPLETE
1848,1.8086860179901123,2025-04-26 16:13:55.636181,2025-04-26 16:13:59.755446,0 days 00:00:04.119265,1,90,374,457.0,148.0,440.0,4,50,0.21554928967510917,0.0022588668731991367,0.6,/work3/arnaou/checkpoints/megnet_Vc_trial_1848_best_state.pt,"{'learning_rate': 0.0022588668731991367, 'lr_reduce': 0.6}",TPESampler,COMPLETE
1849,0.3248623311519623,2025-04-26 16:13:59.781792,2025-04-26 16:14:31.554273,0 days 00:00:31.772481,1,103,265,412.0,246.0,445.0,4,69,0.24780005359359009,0.00028552091551894396,0.6,/work3/arnaou/checkpoints/megnet_Vc_trial_1849_best_state.pt,"{'learning_rate': 0.00028552091551894396, 'lr_reduce': 0.6}",TPESampler,COMPLETE
1850,0.1633022129535675,2025-04-26 16:13:59.981306,2025-04-26 16:14:33.391322,0 days 00:00:33.410016,1,97,431,454.0,181.0,473.0,4,93,0.24681675793460633,0.0004290009443453685,0.6,/work3/arnaou/checkpoints/megnet_Vc_trial_1850_best_state.pt,"{'learning_rate': 0.0004290009443453685, 'lr_reduce': 0.6}",TPESampler,COMPLETE
1851,0.13767553865909576,2025-04-26 16:14:05.453163,2025-04-26 16:14:34.441984,0 days 00:00:28.988821,1,83,297,372.0,199.0,,3,60,0.22076169926381967,0.0006386819620650314,0.6,/work3/arnaou/checkpoints/megnet_Vc_trial_1851_best_state.pt,"{'learning_rate': 0.0006386819620650314, 'lr_reduce': 0.6}",TPESampler,COMPLETE
1852,1.8501145839691162,2025-04-26 16:14:31.790730,2025-04-26 16:14:35.617350,0 days 00:00:03.826620,2,71,386,246.0,140.0,475.0,4,79,0.14798960755103577,0.000540292691933446,0.6,/work3/arnaou/checkpoints/megnet_Vc_trial_1852_best_state.pt,"{'learning_rate': 0.000540292691933446, 'lr_reduce': 0.6}",TPESampler,COMPLETE
1853,1.8676440715789795,2025-04-26 16:14:33.639892,2025-04-26 16:14:37.831414,0 days 00:00:04.191522,1,66,278,334.0,170.0,512.0,4,55,0.18721472445624712,0.00020643211854394267,0.6,/work3/arnaou/checkpoints/megnet_Vc_trial_1853_best_state.pt,"{'learning_rate': 0.00020643211854394267, 'lr_reduce': 0.6}",TPESampler,COMPLETE
1854,1.85219144821167,2025-04-26 16:14:34.713022,2025-04-26 16:14:38.280036,0 days 00:00:03.567014,2,75,452,422.0,233.0,,3,79,0.1504908560512307,0.0006264891195367645,0.6,/work3/arnaou/checkpoints/megnet_Vc_trial_1854_best_state.pt,"{'learning_rate': 0.0006264891195367645, 'lr_reduce': 0.6}",TPESampler,COMPLETE
1855,1.8345324993133545,2025-04-26 16:14:35.879565,2025-04-26 16:14:39.859791,0 days 00:00:03.980226,1,73,324,406.0,,,2,63,0.20797828512213173,0.0008379391731271378,0.6,/work3/arnaou/checkpoints/megnet_Vc_trial_1855_best_state.pt,"{'learning_rate': 0.0008379391731271378, 'lr_reduce': 0.6}",TPESampler,COMPLETE
1856,0.5333152413368225,2025-04-26 16:14:38.067342,2025-04-26 16:15:11.697461,0 days 00:00:33.630119,1,78,499,457.0,139.0,442.0,4,99,0.24599116504441682,0.0007129655324536184,0.6,/work3/arnaou/checkpoints/megnet_Vc_trial_1856_best_state.pt,"{'learning_rate': 0.0007129655324536184, 'lr_reduce': 0.6}",TPESampler,COMPLETE
1857,0.18987102806568146,2025-04-26 16:14:38.546941,2025-04-26 16:15:11.155882,0 days 00:00:32.608941,1,101,180,351.0,195.0,468.0,4,54,0.19650328803945763,0.0005642024462969721,0.6,/work3/arnaou/checkpoints/megnet_Vc_trial_1857_best_state.pt,"{'learning_rate': 0.0005642024462969721, 'lr_reduce': 0.6}",TPESampler,COMPLETE
1858,1.8582998514175415,2025-04-26 16:14:40.133183,2025-04-26 16:14:44.414220,0 days 00:00:04.281037,1,120,349,381.0,253.0,,3,32,0.175933589026273,0.00040969976610840856,0.6,/work3/arnaou/checkpoints/megnet_Vc_trial_1858_best_state.pt,"{'learning_rate': 0.00040969976610840856, 'lr_reduce': 0.6}",TPESampler,COMPLETE
1859,0.2877230644226074,2025-04-26 16:14:44.656496,2025-04-26 16:15:09.886828,0 days 00:00:25.230332,1,102,457,457.0,140.0,478.0,4,73,0.19113262771059708,0.0008950935637703418,0.6,/work3/arnaou/checkpoints/megnet_Vc_trial_1859_best_state.pt,"{'learning_rate': 0.0008950935637703418, 'lr_reduce': 0.6}",TPESampler,COMPLETE
1860,0.1470317393541336,2025-04-26 16:15:10.143951,2025-04-26 16:15:42.059087,0 days 00:00:31.915136,1,76,415,405.0,207.0,439.0,4,79,0.18368245306055542,0.0005912763998904756,0.6,/work3/arnaou/checkpoints/megnet_Vc_trial_1860_best_state.pt,"{'learning_rate': 0.0005912763998904756, 'lr_reduce': 0.6}",TPESampler,COMPLETE
1861,0.11018162965774536,2025-04-26 16:15:11.625332,2025-04-26 16:15:40.794909,0 days 00:00:29.169577,1,72,421,299.0,175.0,478.0,4,67,0.18728651353914932,0.0008541146326338702,0.6,/work3/arnaou/checkpoints/megnet_Vc_trial_1861_best_state.pt,"{'learning_rate': 0.0008541146326338702, 'lr_reduce': 0.6}",TPESampler,COMPLETE
1862,0.2096923142671585,2025-04-26 16:15:12.404753,2025-04-26 16:15:33.231475,0 days 00:00:20.826722,1,88,371,457.0,251.0,,3,57,0.2484262730871972,0.0005167074215304875,0.6,/work3/arnaou/checkpoints/megnet_Vc_trial_1862_best_state.pt,"{'learning_rate': 0.0005167074215304875, 'lr_reduce': 0.6}",TPESampler,COMPLETE
1863,0.2058010995388031,2025-04-26 16:15:33.473538,2025-04-26 16:16:06.109255,0 days 00:00:32.635717,1,98,391,406.0,141.0,512.0,4,55,0.20369747955620676,0.00028785759968237714,0.6,/work3/arnaou/checkpoints/megnet_Vc_trial_1863_best_state.pt,"{'learning_rate': 0.00028785759968237714, 'lr_reduce': 0.6}",TPESampler,COMPLETE
1864,0.5848518013954163,2025-04-26 16:15:41.060737,2025-04-26 16:16:04.116943,0 days 00:00:23.056206,1,91,268,284.0,187.0,476.0,4,56,0.18873786858256084,0.0007180013778009161,0.6,/work3/arnaou/checkpoints/megnet_Vc_trial_1864_best_state.pt,"{'learning_rate': 0.0007180013778009161, 'lr_reduce': 0.6}",TPESampler,COMPLETE
1865,0.1454097479581833,2025-04-26 16:15:42.332646,2025-04-26 16:16:11.549976,0 days 00:00:29.217330,1,71,360,307.0,180.0,478.0,4,82,0.128913327038884,0.001792782924294634,0.6,/work3/arnaou/checkpoints/megnet_Vc_trial_1865_best_state.pt,"{'learning_rate': 0.001792782924294634, 'lr_reduce': 0.6}",TPESampler,COMPLETE
1866,0.144230917096138,2025-04-26 16:16:04.371546,2025-04-26 16:16:33.484689,0 days 00:00:29.113143,1,64,412,275.0,172.0,468.0,4,68,0.15569397258621032,0.0011129348771852124,0.6,/work3/arnaou/checkpoints/megnet_Vc_trial_1866_best_state.pt,"{'learning_rate': 0.0011129348771852124, 'lr_reduce': 0.6}",TPESampler,COMPLETE
1867,1.826655626296997,2025-04-26 16:16:06.360576,2025-04-26 16:16:10.359033,0 days 00:00:03.998457,1,80,423,326.0,175.0,,3,33,0.23551123428091544,0.0033540569383414807,0.6,/work3/arnaou/checkpoints/megnet_Vc_trial_1867_best_state.pt,"{'learning_rate': 0.0033540569383414807, 'lr_reduce': 0.6}",TPESampler,COMPLETE
1868,1.8205608129501343,2025-04-26 16:16:10.593529,2025-04-26 16:16:14.596128,0 days 00:00:04.002599,2,53,310,301.0,,,2,48,0.20227392101450192,0.0024644863996288314,0.6,/work3/arnaou/checkpoints/megnet_Vc_trial_1868_best_state.pt,"{'learning_rate': 0.0024644863996288314, 'lr_reduce': 0.6}",TPESampler,COMPLETE
1869,0.12621939182281494,2025-04-26 16:16:11.826105,2025-04-26 16:16:42.000839,0 days 00:00:30.174734,1,85,399,270.0,170.0,,3,76,0.15416270012647798,0.0018355235514671425,0.6,/work3/arnaou/checkpoints/megnet_Vc_trial_1869_best_state.pt,"{'learning_rate': 0.0018355235514671425, 'lr_reduce': 0.6}",TPESampler,COMPLETE
1870,0.41554296016693115,2025-04-26 16:16:14.827610,2025-04-26 16:16:37.540822,0 days 00:00:22.713212,1,59,439,251.0,202.0,512.0,4,86,0.19798110638198224,0.0010766179788294092,0.6,/work3/arnaou/checkpoints/megnet_Vc_trial_1870_best_state.pt,"{'learning_rate': 0.0010766179788294092, 'lr_reduce': 0.6}",TPESampler,COMPLETE
1871,0.2917485237121582,2025-04-26 16:16:33.723885,2025-04-26 16:17:05.862111,0 days 00:00:32.138226,1,59,269,297.0,148.0,,3,66,0.21167005334172753,0.0018578442913905846,0.6,/work3/arnaou/checkpoints/megnet_Vc_trial_1871_best_state.pt,"{'learning_rate': 0.0018578442913905846, 'lr_reduce': 0.6}",TPESampler,COMPLETE
1872,0.32587888836860657,2025-04-26 16:16:37.760689,2025-04-26 16:16:54.316524,0 days 00:00:16.555835,1,68,456,279.0,210.0,479.0,4,81,0.18770994510880903,0.0005301283329283176,0.6,/work3/arnaou/checkpoints/megnet_Vc_trial_1872_best_state.pt,"{'learning_rate': 0.0005301283329283176, 'lr_reduce': 0.6}",TPESampler,COMPLETE
1873,0.21760030090808868,2025-04-26 16:16:42.296433,2025-04-26 16:17:16.687028,0 days 00:00:34.390595,1,89,512,301.0,158.0,484.0,4,64,0.18687280778083343,0.0011557971080495113,0.6,/work3/arnaou/checkpoints/megnet_Vc_trial_1873_best_state.pt,"{'learning_rate': 0.0011557971080495113, 'lr_reduce': 0.6}",TPESampler,COMPLETE
1874,1.8606486320495605,2025-04-26 16:16:54.571210,2025-04-26 16:16:58.555192,0 days 00:00:03.983982,1,57,408,325.0,143.0,475.0,4,78,0.17771611241040008,0.0005921171753223666,0.6,/work3/arnaou/checkpoints/megnet_Vc_trial_1874_best_state.pt,"{'learning_rate': 0.0005921171753223666, 'lr_reduce': 0.6}",TPESampler,COMPLETE
1875,1.8540219068527222,2025-04-26 16:16:58.856091,2025-04-26 16:17:04.302639,0 days 00:00:05.446548,4,54,70,300.0,199.0,,3,68,0.14897692498948295,0.0008863728286118889,0.6,/work3/arnaou/checkpoints/megnet_Vc_trial_1875_best_state.pt,"{'learning_rate': 0.0008863728286118889, 'lr_reduce': 0.6}",TPESampler,COMPLETE
1876,1.8587663173675537,2025-04-26 16:17:04.755943,2025-04-26 16:17:11.215403,0 days 00:00:06.459460,2,40,175,269.0,138.0,,3,48,0.17672074131891338,0.0015225626841749126,0.6,/work3/arnaou/checkpoints/megnet_Vc_trial_1876_best_state.pt,"{'learning_rate': 0.0015225626841749126, 'lr_reduce': 0.6}",TPESampler,COMPLETE
1877,1.8078765869140625,2025-04-26 16:17:06.381113,2025-04-26 16:17:11.922772,0 days 00:00:05.541659,4,54,507,,,,1,35,0.04422310871172769,0.004018005940572722,0.6,/work3/arnaou/checkpoints/megnet_Vc_trial_1877_best_state.pt,"{'learning_rate': 0.004018005940572722, 'lr_reduce': 0.6}",TPESampler,COMPLETE
1878,0.22131602466106415,2025-04-26 16:17:11.565676,2025-04-26 16:17:39.012444,0 days 00:00:27.446768,1,87,410,316.0,208.0,512.0,4,43,0.1784809721166075,0.0006436201430692897,0.6,/work3/arnaou/checkpoints/megnet_Vc_trial_1878_best_state.pt,"{'learning_rate': 0.0006436201430692897, 'lr_reduce': 0.6}",TPESampler,COMPLETE
1879,0.27962130308151245,2025-04-26 16:17:12.216363,2025-04-26 16:17:43.279997,0 days 00:00:31.063634,1,85,500,319.0,,,2,115,0.07637585699736138,0.005675994258872639,0.6,/work3/arnaou/checkpoints/megnet_Vc_trial_1879_best_state.pt,"{'learning_rate': 0.005675994258872639, 'lr_reduce': 0.6}",TPESampler,COMPLETE
1880,1.8606071472167969,2025-04-26 16:17:17.088303,2025-04-26 16:17:21.498250,0 days 00:00:04.409947,4,36,401,261.0,169.0,477.0,4,112,0.06090598857673418,0.0003488380062463144,0.6,/work3/arnaou/checkpoints/megnet_Vc_trial_1880_best_state.pt,"{'learning_rate': 0.0003488380062463144, 'lr_reduce': 0.6}",TPESampler,COMPLETE
1881,1.7953623533248901,2025-04-26 16:17:21.757267,2025-04-26 16:17:25.850055,0 days 00:00:04.092788,2,104,344,,,,1,92,0.011515296028971833,0.000587832234655813,0.6,/work3/arnaou/checkpoints/megnet_Vc_trial_1881_best_state.pt,"{'learning_rate': 0.000587832234655813, 'lr_reduce': 0.6}",TPESampler,COMPLETE
1882,1.7841191291809082,2025-04-26 16:17:26.113701,2025-04-26 16:17:30.200240,0 days 00:00:04.086539,2,102,428,295.0,132.0,511.0,4,115,0.11103750160626752,0.00823618785514793,0.6,/work3/arnaou/checkpoints/megnet_Vc_trial_1882_best_state.pt,"{'learning_rate': 0.00823618785514793, 'lr_reduce': 0.6}",TPESampler,COMPLETE
1883,0.31332752108573914,2025-04-26 16:17:30.454705,2025-04-26 16:17:50.138758,0 days 00:00:19.684053,1,66,456,339.0,205.0,476.0,4,56,0.17599296362841324,0.0006648926614186821,0.6,/work3/arnaou/checkpoints/megnet_Vc_trial_1883_best_state.pt,"{'learning_rate': 0.0006648926614186821, 'lr_reduce': 0.6}",TPESampler,COMPLETE
1884,1.525320053100586,2025-04-26 16:17:39.259071,2025-04-26 16:17:46.993915,0 days 00:00:07.734844,2,64,488,252.0,174.0,447.0,4,69,0.14709303301852164,0.0016315935087798876,0.6,/work3/arnaou/checkpoints/megnet_Vc_trial_1884_best_state.pt,"{'learning_rate': 0.0016315935087798876, 'lr_reduce': 0.6}",TPESampler,COMPLETE
1885,1.8092060089111328,2025-04-26 16:17:43.599374,2025-04-26 16:17:48.006304,0 days 00:00:04.406930,2,49,94,,,,1,67,0.11574210126139056,0.002083647821289884,0.6,/work3/arnaou/checkpoints/megnet_Vc_trial_1885_best_state.pt,"{'learning_rate': 0.002083647821289884, 'lr_reduce': 0.6}",TPESampler,COMPLETE
1886,0.43264102935791016,2025-04-26 16:17:47.260101,2025-04-26 16:18:19.016096,0 days 00:00:31.755995,2,104,279,251.0,225.0,512.0,4,44,0.23619058141460358,0.0004132635364716065,0.6,/work3/arnaou/checkpoints/megnet_Vc_trial_1886_best_state.pt,"{'learning_rate': 0.0004132635364716065, 'lr_reduce': 0.6}",TPESampler,COMPLETE
1887,1.821020245552063,2025-04-26 16:17:48.670485,2025-04-26 16:17:53.877331,0 days 00:00:05.206846,3,127,131,,,,1,56,0.0841646805543405,0.0005331002493517897,0.6,/work3/arnaou/checkpoints/megnet_Vc_trial_1887_best_state.pt,"{'learning_rate': 0.0005331002493517897, 'lr_reduce': 0.6}",TPESampler,COMPLETE
1888,1.8483721017837524,2025-04-26 16:17:50.520950,2025-04-26 16:17:55.952215,0 days 00:00:05.431265,1,107,336,,,,1,62,0.09054370826697831,0.0001447725629447029,0.6,/work3/arnaou/checkpoints/megnet_Vc_trial_1888_best_state.pt,"{'learning_rate': 0.0001447725629447029, 'lr_reduce': 0.6}",TPESampler,COMPLETE
1889,0.8282142877578735,2025-04-26 16:17:54.093609,2025-04-26 16:18:27.159982,0 days 00:00:33.066373,1,76,215,336.0,129.0,,3,34,0.22418007993627057,0.0006693480824683282,0.6,/work3/arnaou/checkpoints/megnet_Vc_trial_1889_best_state.pt,"{'learning_rate': 0.0006693480824683282, 'lr_reduce': 0.6}",TPESampler,COMPLETE
1890,0.29618874192237854,2025-04-26 16:17:56.198718,2025-04-26 16:18:27.381326,0 days 00:00:31.182608,2,87,86,297.0,165.0,,3,48,0.059152204953990095,0.0022782634736984585,0.6,/work3/arnaou/checkpoints/megnet_Vc_trial_1890_best_state.pt,"{'learning_rate': 0.0022782634736984585, 'lr_reduce': 0.6}",TPESampler,COMPLETE
1891,1.787979245185852,2025-04-26 16:18:19.231597,2025-04-26 16:18:22.617927,0 days 00:00:03.386330,1,82,238,343.0,,,2,66,0.2175231465026568,0.0019599140619895304,0.6,/work3/arnaou/checkpoints/megnet_Vc_trial_1891_best_state.pt,"{'learning_rate': 0.0019599140619895304, 'lr_reduce': 0.6}",TPESampler,COMPLETE
1892,1.7896486520767212,2025-04-26 16:18:22.846520,2025-04-26 16:18:28.193734,0 days 00:00:05.347214,4,43,409,352.0,225.0,473.0,4,37,0.13627113340643981,0.006602762700051043,0.6,/work3/arnaou/checkpoints/megnet_Vc_trial_1892_best_state.pt,"{'learning_rate': 0.006602762700051043, 'lr_reduce': 0.6}",TPESampler,COMPLETE
1893,0.33987849950790405,2025-04-26 16:18:27.420204,2025-04-26 16:18:42.214719,0 days 00:00:14.794515,1,64,487,263.0,128.0,479.0,4,79,0.0637991841046967,0.000938543087697444,0.6,/work3/arnaou/checkpoints/megnet_Vc_trial_1893_best_state.pt,"{'learning_rate': 0.000938543087697444, 'lr_reduce': 0.6}",TPESampler,COMPLETE
1894,1.8344866037368774,2025-04-26 16:18:27.581244,2025-04-26 16:18:33.238269,0 days 00:00:05.657025,4,110,362,,,,1,37,0.13956412496256998,0.0001247360244781139,0.6,/work3/arnaou/checkpoints/megnet_Vc_trial_1894_best_state.pt,"{'learning_rate': 0.0001247360244781139, 'lr_reduce': 0.6}",TPESampler,COMPLETE
1895,1.0505549907684326,2025-04-26 16:18:28.458189,2025-04-26 16:18:57.204996,0 days 00:00:28.746807,4,123,388,315.0,174.0,444.0,4,119,0.06276366532364219,0.0006443713847323167,0.6,/work3/arnaou/checkpoints/megnet_Vc_trial_1895_best_state.pt,"{'learning_rate': 0.0006443713847323167, 'lr_reduce': 0.6}",TPESampler,COMPLETE
1896,1.832126259803772,2025-04-26 16:18:33.501264,2025-04-26 16:18:37.513496,0 days 00:00:04.012232,2,82,342,368.0,210.0,475.0,4,61,0.19370264921027402,0.001549314798485996,0.6,/work3/arnaou/checkpoints/megnet_Vc_trial_1896_best_state.pt,"{'learning_rate': 0.001549314798485996, 'lr_reduce': 0.6}",TPESampler,COMPLETE
1897,1.8480335474014282,2025-04-26 16:18:37.779898,2025-04-26 16:18:42.534168,0 days 00:00:04.754270,4,40,495,237.0,,,2,69,0.13481046053281975,0.00012283180103554088,0.6,/work3/arnaou/checkpoints/megnet_Vc_trial_1897_best_state.pt,"{'learning_rate': 0.00012283180103554088, 'lr_reduce': 0.6}",TPESampler,COMPLETE
