number,value,datetime_start,datetime_complete,duration,params_depth,params_edge_hidden_dim,params_mlp_dim_00,params_mlp_dim_01,params_mlp_dim_02,params_mlp_dim_03,params_mlp_n_layers,params_node_hidden_dim,params_rep_dropout,params_train_learning_rate,params_train_lr_reduce,user_attrs_best_state_dict_path,user_attrs_training_params,system_attrs_auto:sampler,state
680,1.8572500944137573,2025-04-26 14:17:33.416494,2025-04-26 14:17:37.272811,0 days 00:00:03.856317,1,52,300,467.0,213.0,,3,43,0.1001653630822806,0.000425343273718279,0.6,/work3/arnaou/checkpoints/megnet_Vc_trial_680_best_state.pt,"{'learning_rate': 0.000425343273718279, 'lr_reduce': 0.6}",TPESampler,COMPLETE
681,1.8634315729141235,2025-04-26 14:17:35.588738,2025-04-26 14:17:39.035179,0 days 00:00:03.446441,2,87,225,161.0,152.0,473.0,4,36,0.2287204143375229,0.0006873714610479613,0.6,/work3/arnaou/checkpoints/megnet_Vc_trial_681_best_state.pt,"{'learning_rate': 0.0006873714610479613, 'lr_reduce': 0.6}",TPESampler,COMPLETE
682,1.8162535429000854,2025-04-26 14:17:37.491591,2025-04-26 14:17:41.105890,0 days 00:00:03.614299,4,52,320,321.0,305.0,,3,78,0.1442552236093777,0.001514022254371384,0.6,/work3/arnaou/checkpoints/megnet_Vc_trial_682_best_state.pt,"{'learning_rate': 0.001514022254371384, 'lr_reduce': 0.6}",TPESampler,COMPLETE
683,1.470315933227539,2025-04-26 14:17:39.233450,2025-04-26 14:17:46.348160,0 days 00:00:07.114710,2,86,358,511.0,152.0,510.0,4,68,0.06265594541004843,0.0008506559122864912,0.6,/work3/arnaou/checkpoints/megnet_Vc_trial_683_best_state.pt,"{'learning_rate': 0.0008506559122864912, 'lr_reduce': 0.6}",TPESampler,COMPLETE
684,0.39566218852996826,2025-04-26 14:17:41.287888,2025-04-26 14:17:59.840128,0 days 00:00:18.552240,2,66,333,430.0,219.0,422.0,4,52,0.2446787201057695,0.0036566499989556253,0.6,/work3/arnaou/checkpoints/megnet_Vc_trial_684_best_state.pt,"{'learning_rate': 0.0036566499989556253, 'lr_reduce': 0.6}",TPESampler,COMPLETE
685,1.843595027923584,2025-04-26 14:17:46.417063,2025-04-26 14:17:50.518491,0 days 00:00:04.101428,1,106,466,245.0,192.0,381.0,4,39,0.1703336718645388,0.00025966255493766545,0.6,/work3/arnaou/checkpoints/megnet_Vc_trial_685_best_state.pt,"{'learning_rate': 0.00025966255493766545, 'lr_reduce': 0.6}",TPESampler,COMPLETE
686,0.2535295784473419,2025-04-26 14:17:46.603353,2025-04-26 14:18:16.303980,0 days 00:00:29.700627,1,107,432,227.0,191.0,419.0,4,49,0.20578030098897915,0.0006753397750689405,0.6,/work3/arnaou/checkpoints/megnet_Vc_trial_686_best_state.pt,"{'learning_rate': 0.0006753397750689405, 'lr_reduce': 0.6}",TPESampler,COMPLETE
687,0.3710578382015228,2025-04-26 14:17:50.762089,2025-04-26 14:18:07.482341,0 days 00:00:16.720252,1,101,380,278.0,253.0,427.0,4,33,0.22927170181778012,0.0014091260287917458,0.6,/work3/arnaou/checkpoints/megnet_Vc_trial_687_best_state.pt,"{'learning_rate': 0.0014091260287917458, 'lr_reduce': 0.6}",TPESampler,COMPLETE
688,0.15249624848365784,2025-04-26 14:18:00.066333,2025-04-26 14:18:27.742907,0 days 00:00:27.676574,1,61,424,244.0,164.0,381.0,4,100,0.10867605908475116,0.001050902185366897,0.6,/work3/arnaou/checkpoints/megnet_Vc_trial_688_best_state.pt,"{'learning_rate': 0.001050902185366897, 'lr_reduce': 0.6}",TPESampler,COMPLETE
689,0.213073268532753,2025-04-26 14:18:07.681367,2025-04-26 14:18:25.010581,0 days 00:00:17.329214,1,45,151,293.0,238.0,,3,81,0.09733132733439172,0.0005304040900783798,0.6,/work3/arnaou/checkpoints/megnet_Vc_trial_689_best_state.pt,"{'learning_rate': 0.0005304040900783798, 'lr_reduce': 0.6}",TPESampler,COMPLETE
690,0.13551706075668335,2025-04-26 14:18:16.493872,2025-04-26 14:18:45.251588,0 days 00:00:28.757716,1,86,446,247.0,189.0,437.0,4,41,0.20806734184138015,0.0008204127329920109,0.6,/work3/arnaou/checkpoints/megnet_Vc_trial_690_best_state.pt,"{'learning_rate': 0.0008204127329920109, 'lr_reduce': 0.6}",TPESampler,COMPLETE
691,0.21091745793819427,2025-04-26 14:18:25.254929,2025-04-26 14:18:51.095861,0 days 00:00:25.840932,1,92,449,238.0,340.0,,3,40,0.1785992465239885,0.0008748506874368108,0.6,/work3/arnaou/checkpoints/megnet_Vc_trial_691_best_state.pt,"{'learning_rate': 0.0008748506874368108, 'lr_reduce': 0.6}",TPESampler,COMPLETE
692,1.8598278760910034,2025-04-26 14:18:28.036352,2025-04-26 14:18:32.154530,0 days 00:00:04.118178,2,67,401,245.0,131.0,442.0,4,66,0.18461316321829885,0.00037992738767215177,0.6,/work3/arnaou/checkpoints/megnet_Vc_trial_692_best_state.pt,"{'learning_rate': 0.00037992738767215177, 'lr_reduce': 0.6}",TPESampler,COMPLETE
693,0.34232601523399353,2025-04-26 14:18:32.338046,2025-04-26 14:18:58.062117,0 days 00:00:25.724071,1,74,412,224.0,290.0,466.0,4,34,0.0427581491415403,0.0009540178712596499,0.6,/work3/arnaou/checkpoints/megnet_Vc_trial_693_best_state.pt,"{'learning_rate': 0.0009540178712596499, 'lr_reduce': 0.6}",TPESampler,COMPLETE
694,1.8581175804138184,2025-04-26 14:18:45.466400,2025-04-26 14:18:48.742358,0 days 00:00:03.275958,1,108,439,196.0,219.0,,3,39,0.13247298113436762,0.000510389160904955,0.6,/work3/arnaou/checkpoints/megnet_Vc_trial_694_best_state.pt,"{'learning_rate': 0.000510389160904955, 'lr_reduce': 0.6}",TPESampler,COMPLETE
695,0.616355299949646,2025-04-26 14:18:48.946453,2025-04-26 14:19:05.353554,0 days 00:00:16.407101,2,91,459,264.0,211.0,379.0,4,48,0.2092571106465081,0.0008165769413027111,0.6,/work3/arnaou/checkpoints/megnet_Vc_trial_695_best_state.pt,"{'learning_rate': 0.0008165769413027111, 'lr_reduce': 0.6}",TPESampler,COMPLETE
696,0.2677992880344391,2025-04-26 14:18:51.304399,2025-04-26 14:19:20.237301,0 days 00:00:28.932902,1,82,197,246.0,210.0,,3,76,0.21490668854126213,0.004829465830608655,0.6,/work3/arnaou/checkpoints/megnet_Vc_trial_696_best_state.pt,"{'learning_rate': 0.004829465830608655, 'lr_reduce': 0.6}",TPESampler,COMPLETE
697,1.85706627368927,2025-04-26 14:18:58.267107,2025-04-26 14:19:02.752232,0 days 00:00:04.485125,2,76,486,213.0,261.0,412.0,4,34,0.21277118351804722,0.00044659862877488506,0.6,/work3/arnaou/checkpoints/megnet_Vc_trial_697_best_state.pt,"{'learning_rate': 0.00044659862877488506, 'lr_reduce': 0.6}",TPESampler,COMPLETE
698,1.8556631803512573,2025-04-26 14:19:02.964003,2025-04-26 14:19:06.487905,0 days 00:00:03.523902,4,71,120,225.0,,,2,45,0.033992864036556186,0.0005126354717883342,0.6,/work3/arnaou/checkpoints/megnet_Vc_trial_698_best_state.pt,"{'learning_rate': 0.0005126354717883342, 'lr_reduce': 0.6}",TPESampler,COMPLETE
699,1.4273797273635864,2025-04-26 14:19:05.545953,2025-04-26 14:19:12.666529,0 days 00:00:07.120576,2,79,435,195.0,182.0,409.0,4,42,0.14536885290924184,0.0016784017776778218,0.6,/work3/arnaou/checkpoints/megnet_Vc_trial_699_best_state.pt,"{'learning_rate': 0.0016784017776778218, 'lr_reduce': 0.6}",TPESampler,COMPLETE
700,1.8350485563278198,2025-04-26 14:19:06.734156,2025-04-26 14:19:10.614174,0 days 00:00:03.880018,3,119,100,,,,1,71,0.15304576244743903,0.00020399529343413997,0.6,/work3/arnaou/checkpoints/megnet_Vc_trial_700_best_state.pt,"{'learning_rate': 0.00020399529343413997, 'lr_reduce': 0.6}",TPESampler,COMPLETE
701,0.45181408524513245,2025-04-26 14:19:10.816401,2025-04-26 14:19:29.517303,0 days 00:00:18.700902,1,89,369,237.0,200.0,424.0,4,42,0.17180742585208278,0.001107521946557992,0.6,/work3/arnaou/checkpoints/megnet_Vc_trial_701_best_state.pt,"{'learning_rate': 0.001107521946557992, 'lr_reduce': 0.6}",TPESampler,COMPLETE
702,0.1323973536491394,2025-04-26 14:19:12.877902,2025-04-26 14:19:38.798177,0 days 00:00:25.920275,1,116,417,266.0,239.0,433.0,4,54,0.16035268903978894,0.0011083695368280988,0.6,/work3/arnaou/checkpoints/megnet_Vc_trial_702_best_state.pt,"{'learning_rate': 0.0011083695368280988, 'lr_reduce': 0.6}",TPESampler,COMPLETE
703,0.3924287259578705,2025-04-26 14:19:20.462796,2025-04-26 14:19:33.432377,0 days 00:00:12.969581,1,95,488,203.0,187.0,368.0,4,55,0.1858068368096572,0.0008753258407573033,0.6,/work3/arnaou/checkpoints/megnet_Vc_trial_703_best_state.pt,"{'learning_rate': 0.0008753258407573033, 'lr_reduce': 0.6}",TPESampler,COMPLETE
704,0.7643149495124817,2025-04-26 14:19:29.736981,2025-04-26 14:19:39.914339,0 days 00:00:10.177358,1,82,407,304.0,181.0,438.0,4,32,0.15863125994883626,0.0012152431829840344,0.6,/work3/arnaou/checkpoints/megnet_Vc_trial_704_best_state.pt,"{'learning_rate': 0.0012152431829840344, 'lr_reduce': 0.6}",TPESampler,COMPLETE
705,0.19581995904445648,2025-04-26 14:19:33.675506,2025-04-26 14:19:55.388070,0 days 00:00:21.712564,1,106,347,241.0,252.0,442.0,4,45,0.19580495350883687,0.0012562411273091577,0.6,/work3/arnaou/checkpoints/megnet_Vc_trial_705_best_state.pt,"{'learning_rate': 0.0012562411273091577, 'lr_reduce': 0.6}",TPESampler,COMPLETE
706,1.8562324047088623,2025-04-26 14:19:39.002103,2025-04-26 14:19:42.818488,0 days 00:00:03.816385,1,77,421,262.0,275.0,307.0,4,44,0.2158690961872917,0.0005532790148923876,0.6,/work3/arnaou/checkpoints/megnet_Vc_trial_706_best_state.pt,"{'learning_rate': 0.0005532790148923876, 'lr_reduce': 0.6}",TPESampler,COMPLETE
707,0.13080216944217682,2025-04-26 14:19:40.137916,2025-04-26 14:20:10.224070,0 days 00:00:30.086154,1,91,419,271.0,266.0,380.0,4,44,0.1683336770639627,0.0009548593371198554,0.6,/work3/arnaou/checkpoints/megnet_Vc_trial_707_best_state.pt,"{'learning_rate': 0.0009548593371198554, 'lr_reduce': 0.6}",TPESampler,COMPLETE
708,0.526326060295105,2025-04-26 14:19:43.029994,2025-04-26 14:19:55.666023,0 days 00:00:12.636029,1,111,458,288.0,257.0,417.0,4,52,0.14910804952766274,0.0006102071394108462,0.6,/work3/arnaou/checkpoints/megnet_Vc_trial_708_best_state.pt,"{'learning_rate': 0.0006102071394108462, 'lr_reduce': 0.6}",TPESampler,COMPLETE
709,0.4831675589084625,2025-04-26 14:19:55.612582,2025-04-26 14:20:28.461957,0 days 00:00:32.849375,2,109,421,279.0,249.0,,3,56,0.1510971513304138,0.001831121723242899,0.6,/work3/arnaou/checkpoints/megnet_Vc_trial_709_best_state.pt,"{'learning_rate': 0.001831121723242899, 'lr_reduce': 0.6}",TPESampler,COMPLETE
710,1.8090873956680298,2025-04-26 14:19:55.916776,2025-04-26 14:19:59.688531,0 days 00:00:03.771755,2,109,489,260.0,236.0,434.0,4,59,0.07636015427163438,0.002240020472171862,0.6,/work3/arnaou/checkpoints/megnet_Vc_trial_710_best_state.pt,"{'learning_rate': 0.002240020472171862, 'lr_reduce': 0.6}",TPESampler,COMPLETE
711,0.2345133125782013,2025-04-26 14:19:59.898942,2025-04-26 14:20:23.567322,0 days 00:00:23.668380,1,76,210,273.0,305.0,,3,90,0.11815619438456938,0.0005005094435980872,0.6,/work3/arnaou/checkpoints/megnet_Vc_trial_711_best_state.pt,"{'learning_rate': 0.0005005094435980872, 'lr_reduce': 0.6}",TPESampler,COMPLETE
712,0.4753706157207489,2025-04-26 14:20:10.440271,2025-04-26 14:20:22.131160,0 days 00:00:11.690889,1,77,390,281.0,292.0,,3,77,0.24965721382372374,0.0010815884561500267,0.6,/work3/arnaou/checkpoints/megnet_Vc_trial_712_best_state.pt,"{'learning_rate': 0.0010815884561500267, 'lr_reduce': 0.6}",TPESampler,COMPLETE
713,0.2952521741390228,2025-04-26 14:20:22.339884,2025-04-26 14:20:52.224294,0 days 00:00:29.884410,2,101,334,260.0,296.0,349.0,4,42,0.16589398136636693,0.0015559529372574244,0.6,/work3/arnaou/checkpoints/megnet_Vc_trial_713_best_state.pt,"{'learning_rate': 0.0015559529372574244, 'lr_reduce': 0.6}",TPESampler,COMPLETE
714,1.7832074165344238,2025-04-26 14:20:23.774760,2025-04-26 14:20:27.322615,0 days 00:00:03.547855,1,112,156,247.0,272.0,,3,39,0.00846058680681075,0.009757935075123155,0.6,/work3/arnaou/checkpoints/megnet_Vc_trial_714_best_state.pt,"{'learning_rate': 0.009757935075123155, 'lr_reduce': 0.6}",TPESampler,COMPLETE
715,0.27856945991516113,2025-04-26 14:20:27.548214,2025-04-26 14:20:44.590000,0 days 00:00:17.041786,1,92,432,250.0,271.0,354.0,4,54,0.13501846276258733,0.0008135279554206719,0.6,/work3/arnaou/checkpoints/megnet_Vc_trial_715_best_state.pt,"{'learning_rate': 0.0008135279554206719, 'lr_reduce': 0.6}",TPESampler,COMPLETE
716,1.8340235948562622,2025-04-26 14:20:28.720800,2025-04-26 14:20:32.937746,0 days 00:00:04.216946,4,123,426,,,,1,80,0.12494161241739836,0.0002593243516630232,0.6,/work3/arnaou/checkpoints/megnet_Vc_trial_716_best_state.pt,"{'learning_rate': 0.0002593243516630232, 'lr_reduce': 0.6}",TPESampler,COMPLETE
717,0.5255476236343384,2025-04-26 14:20:33.137666,2025-04-26 14:20:56.360397,0 days 00:00:23.222731,1,113,427,198.0,255.0,332.0,4,34,0.18481161947902036,0.0008905118716520472,0.6,/work3/arnaou/checkpoints/megnet_Vc_trial_717_best_state.pt,"{'learning_rate': 0.0008905118716520472, 'lr_reduce': 0.6}",TPESampler,COMPLETE
718,0.3634246289730072,2025-04-26 14:20:44.811964,2025-04-26 14:20:59.440899,0 days 00:00:14.628935,1,92,443,279.0,338.0,387.0,4,48,0.11464566570503713,0.0018167236654793178,0.6,/work3/arnaou/checkpoints/megnet_Vc_trial_718_best_state.pt,"{'learning_rate': 0.0018167236654793178, 'lr_reduce': 0.6}",TPESampler,COMPLETE
719,0.20103804767131805,2025-04-26 14:20:52.456547,2025-04-26 14:21:13.794679,0 days 00:00:21.338132,1,93,481,297.0,236.0,363.0,4,47,0.20964642205295178,0.00082781121987227,0.6,/work3/arnaou/checkpoints/megnet_Vc_trial_719_best_state.pt,"{'learning_rate': 0.00082781121987227, 'lr_reduce': 0.6}",TPESampler,COMPLETE
720,1.8226982355117798,2025-04-26 14:20:56.606312,2025-04-26 14:21:00.231192,0 days 00:00:03.624880,3,114,278,,,,1,110,0.09220033792424816,0.0002987599674710847,0.6,/work3/arnaou/checkpoints/megnet_Vc_trial_720_best_state.pt,"{'learning_rate': 0.0002987599674710847, 'lr_reduce': 0.6}",TPESampler,COMPLETE
721,0.4046255648136139,2025-04-26 14:20:59.624215,2025-04-26 14:21:13.682485,0 days 00:00:14.058270,1,85,441,267.0,297.0,364.0,4,39,0.2098246431532338,0.0014568520486537735,0.6,/work3/arnaou/checkpoints/megnet_Vc_trial_721_best_state.pt,"{'learning_rate': 0.0014568520486537735, 'lr_reduce': 0.6}",TPESampler,COMPLETE
722,0.499254435300827,2025-04-26 14:21:00.456807,2025-04-26 14:21:32.745815,0 days 00:00:32.289008,2,117,392,277.0,255.0,389.0,4,35,0.12376954477123703,0.0010402195820741742,0.6,/work3/arnaou/checkpoints/megnet_Vc_trial_722_best_state.pt,"{'learning_rate': 0.0010402195820741742, 'lr_reduce': 0.6}",TPESampler,COMPLETE
723,1.8621668815612793,2025-04-26 14:21:13.900764,2025-04-26 14:21:17.995109,0 days 00:00:04.094345,1,84,355,216.0,243.0,,3,32,0.12640475292355663,0.000414428755243734,0.6,/work3/arnaou/checkpoints/megnet_Vc_trial_723_best_state.pt,"{'learning_rate': 0.000414428755243734, 'lr_reduce': 0.6}",TPESampler,COMPLETE
724,1.8674861192703247,2025-04-26 14:21:13.984489,2025-04-26 14:21:18.924031,0 days 00:00:04.939542,3,43,467,284.0,363.0,391.0,4,42,0.1137455361394087,0.00014965813963283898,0.6,/work3/arnaou/checkpoints/megnet_Vc_trial_724_best_state.pt,"{'learning_rate': 0.00014965813963283898, 'lr_reduce': 0.6}",TPESampler,COMPLETE
725,1.8564448356628418,2025-04-26 14:21:18.194110,2025-04-26 14:21:22.304547,0 days 00:00:04.110437,3,127,489,222.0,294.0,,3,69,0.006755420156363989,0.0003541514467997101,0.6,/work3/arnaou/checkpoints/megnet_Vc_trial_725_best_state.pt,"{'learning_rate': 0.0003541514467997101, 'lr_reduce': 0.6}",TPESampler,COMPLETE
726,1.8169574737548828,2025-04-26 14:21:19.180228,2025-04-26 14:21:23.105054,0 days 00:00:03.924826,4,121,447,164.0,,,2,116,0.12748003249389686,0.001453805498011903,0.6,/work3/arnaou/checkpoints/megnet_Vc_trial_726_best_state.pt,"{'learning_rate': 0.001453805498011903, 'lr_reduce': 0.6}",TPESampler,COMPLETE
727,1.8616398572921753,2025-04-26 14:21:22.529118,2025-04-26 14:21:26.480629,0 days 00:00:03.951511,1,96,451,275.0,237.0,399.0,4,36,0.24770224663972903,0.00043036947314395414,0.6,/work3/arnaou/checkpoints/megnet_Vc_trial_727_best_state.pt,"{'learning_rate': 0.00043036947314395414, 'lr_reduce': 0.6}",TPESampler,COMPLETE
728,1.4587676525115967,2025-04-26 14:21:23.297919,2025-04-26 14:21:32.501858,0 days 00:00:09.203939,2,74,315,247.0,235.0,,3,51,0.14313026268889817,0.0006177963747825214,0.6,/work3/arnaou/checkpoints/megnet_Vc_trial_728_best_state.pt,"{'learning_rate': 0.0006177963747825214, 'lr_reduce': 0.6}",TPESampler,COMPLETE
729,1.7892462015151978,2025-04-26 14:21:26.691495,2025-04-26 14:21:30.630775,0 days 00:00:03.939280,1,118,194,,,,1,99,0.08038895082494199,0.007108977456787568,0.6,/work3/arnaou/checkpoints/megnet_Vc_trial_729_best_state.pt,"{'learning_rate': 0.007108977456787568, 'lr_reduce': 0.6}",TPESampler,COMPLETE
730,1.442711591720581,2025-04-26 14:21:30.807993,2025-04-26 14:21:39.554594,0 days 00:00:08.746601,4,96,492,218.0,302.0,507.0,4,50,0.08785486881576737,0.0048338886516874555,0.6,/work3/arnaou/checkpoints/megnet_Vc_trial_730_best_state.pt,"{'learning_rate': 0.0048338886516874555, 'lr_reduce': 0.6}",TPESampler,COMPLETE
731,1.783058762550354,2025-04-26 14:21:32.698350,2025-04-26 14:21:36.596306,0 days 00:00:03.897956,3,120,220,293.0,,,2,64,0.15624524961244488,0.0015857260586492436,0.6,/work3/arnaou/checkpoints/megnet_Vc_trial_731_best_state.pt,"{'learning_rate': 0.0015857260586492436, 'lr_reduce': 0.6}",TPESampler,COMPLETE
732,1.7801499366760254,2025-04-26 14:21:32.919974,2025-04-26 14:21:37.939184,0 days 00:00:05.019210,4,126,140,301.0,233.0,428.0,4,124,0.19683449657265414,0.003416390713304329,0.6,/work3/arnaou/checkpoints/megnet_Vc_trial_732_best_state.pt,"{'learning_rate': 0.003416390713304329, 'lr_reduce': 0.6}",TPESampler,COMPLETE
733,1.8531289100646973,2025-04-26 14:21:36.810509,2025-04-26 14:21:40.140851,0 days 00:00:03.330342,1,106,401,229.0,65.0,510.0,4,58,0.1806809099573494,0.0010358574860561479,0.6,/work3/arnaou/checkpoints/megnet_Vc_trial_733_best_state.pt,"{'learning_rate': 0.0010358574860561479, 'lr_reduce': 0.6}",TPESampler,COMPLETE
734,1.8572189807891846,2025-04-26 14:21:38.137655,2025-04-26 14:21:43.308124,0 days 00:00:05.170469,2,67,82,243.0,218.0,,3,37,0.10980741593175855,0.00010740152550075432,0.6,/work3/arnaou/checkpoints/megnet_Vc_trial_734_best_state.pt,"{'learning_rate': 0.00010740152550075432, 'lr_reduce': 0.6}",TPESampler,COMPLETE
735,0.471682608127594,2025-04-26 14:21:39.747557,2025-04-26 14:21:57.678010,0 days 00:00:17.930453,1,128,422,296.0,349.0,428.0,4,43,0.12495866629316621,0.0006102828314588606,0.6,/work3/arnaou/checkpoints/megnet_Vc_trial_735_best_state.pt,"{'learning_rate': 0.0006102828314588606, 'lr_reduce': 0.6}",TPESampler,COMPLETE
736,1.862450122833252,2025-04-26 14:21:40.379436,2025-04-26 14:21:44.781354,0 days 00:00:04.401918,2,128,425,192.0,265.0,,3,73,0.14993182752110953,0.00023970966723995118,0.6,/work3/arnaou/checkpoints/megnet_Vc_trial_736_best_state.pt,"{'learning_rate': 0.00023970966723995118, 'lr_reduce': 0.6}",TPESampler,COMPLETE
737,1.8605631589889526,2025-04-26 14:21:43.533939,2025-04-26 14:21:48.142939,0 days 00:00:04.609000,2,103,275,228.0,211.0,467.0,4,73,0.20950869728410865,0.0005766720794013659,0.6,/work3/arnaou/checkpoints/megnet_Vc_trial_737_best_state.pt,"{'learning_rate': 0.0005766720794013659, 'lr_reduce': 0.6}",TPESampler,COMPLETE
738,1.4430269002914429,2025-04-26 14:21:44.974179,2025-04-26 14:21:52.281255,0 days 00:00:07.307076,2,97,414,510.0,315.0,134.0,4,64,0.1684675394491109,0.0005606210633637519,0.6,/work3/arnaou/checkpoints/megnet_Vc_trial_738_best_state.pt,"{'learning_rate': 0.0005606210633637519, 'lr_reduce': 0.6}",TPESampler,COMPLETE
739,1.4151556491851807,2025-04-26 14:21:48.357639,2025-04-26 14:22:18.850894,0 days 00:00:30.493255,4,94,125,297.0,225.0,387.0,4,99,0.04779491172927666,0.000809504651306874,0.6,/work3/arnaou/checkpoints/megnet_Vc_trial_739_best_state.pt,"{'learning_rate': 0.000809504651306874, 'lr_reduce': 0.6}",TPESampler,COMPLETE
740,0.2947833240032196,2025-04-26 14:21:52.487765,2025-04-26 14:22:16.927657,0 days 00:00:24.439892,1,94,477,294.0,279.0,468.0,4,32,0.18742985985896723,0.001003817782743296,0.6,/work3/arnaou/checkpoints/megnet_Vc_trial_740_best_state.pt,"{'learning_rate': 0.001003817782743296, 'lr_reduce': 0.6}",TPESampler,COMPLETE
741,1.8529441356658936,2025-04-26 14:21:57.899470,2025-04-26 14:22:01.810672,0 days 00:00:03.911202,1,100,483,66.0,392.0,435.0,4,32,0.11488689203016653,0.0004837137193254006,0.6,/work3/arnaou/checkpoints/megnet_Vc_trial_741_best_state.pt,"{'learning_rate': 0.0004837137193254006, 'lr_reduce': 0.6}",TPESampler,COMPLETE
742,1.784419059753418,2025-04-26 14:22:02.061610,2025-04-26 14:22:06.657130,0 days 00:00:04.595520,2,96,510,510.0,228.0,510.0,4,57,0.17431292555225963,0.0023498853090689518,0.6,/work3/arnaou/checkpoints/megnet_Vc_trial_742_best_state.pt,"{'learning_rate': 0.0023498853090689518, 'lr_reduce': 0.6}",TPESampler,COMPLETE
743,1.7154654264450073,2025-04-26 14:22:06.912653,2025-04-26 14:22:14.306455,0 days 00:00:07.393802,3,125,361,,,,1,71,0.15595721117784114,0.003931434072269637,0.6,/work3/arnaou/checkpoints/megnet_Vc_trial_743_best_state.pt,"{'learning_rate': 0.003931434072269637, 'lr_reduce': 0.6}",TPESampler,COMPLETE
744,1.5768965482711792,2025-04-26 14:22:14.516355,2025-04-26 14:22:20.456445,0 days 00:00:05.940090,2,121,417,259.0,207.0,398.0,4,53,0.18182713120141383,0.0010651777441115172,0.6,/work3/arnaou/checkpoints/megnet_Vc_trial_744_best_state.pt,"{'learning_rate': 0.0010651777441115172, 'lr_reduce': 0.6}",TPESampler,COMPLETE
745,1.8075530529022217,2025-04-26 14:22:17.136391,2025-04-26 14:22:20.913818,0 days 00:00:03.777427,3,58,462,,,,1,55,0.16570090347903094,0.0008914808688031732,0.6,/work3/arnaou/checkpoints/megnet_Vc_trial_745_best_state.pt,"{'learning_rate': 0.0008914808688031732, 'lr_reduce': 0.6}",TPESampler,COMPLETE
746,0.1948002129793167,2025-04-26 14:22:19.060332,2025-04-26 14:22:50.722200,0 days 00:00:31.661868,1,112,404,512.0,98.0,460.0,4,69,0.1556416365705315,0.0005021174722678226,0.6,/work3/arnaou/checkpoints/megnet_Vc_trial_746_best_state.pt,"{'learning_rate': 0.0005021174722678226, 'lr_reduce': 0.6}",TPESampler,COMPLETE
747,1.8406568765640259,2025-04-26 14:22:20.640346,2025-04-26 14:22:25.580637,0 days 00:00:04.940291,4,54,64,,,,1,113,0.07456971009022527,0.00010476285020920425,0.6,/work3/arnaou/checkpoints/megnet_Vc_trial_747_best_state.pt,"{'learning_rate': 0.00010476285020920425, 'lr_reduce': 0.6}",TPESampler,COMPLETE
