number,value,datetime_start,datetime_complete,duration,params_depth,params_edge_hidden_dim,params_mlp_dim_00,params_mlp_dim_01,params_mlp_dim_02,params_mlp_dim_03,params_mlp_n_layers,params_node_hidden_dim,params_rep_dropout,params_train_learning_rate,params_train_lr_reduce,user_attrs_best_state_dict_path,user_attrs_training_params,system_attrs_auto:sampler,state
1762,0.22491955757141113,2025-04-26 16:05:12.479066,2025-04-26 16:05:30.670191,0 days 00:00:18.191125,1,84,416,150.0,96.0,441.0,4,68,0.24201452994240574,0.0014501967873428337,0.6,/work3/arnaou/checkpoints/megnet_Vc_trial_1762_best_state.pt,"{'learning_rate': 0.0014501967873428337, 'lr_reduce': 0.6}",TPESampler,COMPLETE
1763,0.6317869424819946,2025-04-26 16:05:27.328032,2025-04-26 16:05:47.140808,0 days 00:00:19.812776,1,73,435,137.0,212.0,,3,98,0.2153564606497226,0.0006536115569376931,0.6,/work3/arnaou/checkpoints/megnet_Vc_trial_1763_best_state.pt,"{'learning_rate': 0.0006536115569376931, 'lr_reduce': 0.6}",TPESampler,COMPLETE
1764,0.2772844135761261,2025-04-26 16:05:27.403939,2025-04-26 16:05:55.624833,0 days 00:00:28.220894,1,60,505,168.0,236.0,479.0,4,90,0.20946320798835905,0.002233353813549666,0.6,/work3/arnaou/checkpoints/megnet_Vc_trial_1764_best_state.pt,"{'learning_rate': 0.002233353813549666, 'lr_reduce': 0.6}",TPESampler,COMPLETE
1765,0.6257097125053406,2025-04-26 16:05:30.965871,2025-04-26 16:05:43.923749,0 days 00:00:12.957878,1,69,453,139.0,215.0,476.0,4,100,0.22047179336672335,0.001542024601687257,0.6,/work3/arnaou/checkpoints/megnet_Vc_trial_1765_best_state.pt,"{'learning_rate': 0.001542024601687257, 'lr_reduce': 0.6}",TPESampler,COMPLETE
1766,0.46560797095298767,2025-04-26 16:05:44.144603,2025-04-26 16:05:56.763798,0 days 00:00:12.619195,1,90,477,138.0,204.0,478.0,4,74,0.19896796050213386,0.0014374344146573543,0.6,/work3/arnaou/checkpoints/megnet_Vc_trial_1766_best_state.pt,"{'learning_rate': 0.0014374344146573543, 'lr_reduce': 0.6}",TPESampler,COMPLETE
1767,0.4485512673854828,2025-04-26 16:05:47.360078,2025-04-26 16:06:06.437930,0 days 00:00:19.077852,1,89,501,165.0,207.0,,3,103,0.22669772958750553,0.001012737368730563,0.6,/work3/arnaou/checkpoints/megnet_Vc_trial_1767_best_state.pt,"{'learning_rate': 0.001012737368730563, 'lr_reduce': 0.6}",TPESampler,COMPLETE
1768,0.11194288730621338,2025-04-26 16:05:55.835462,2025-04-26 16:06:29.052624,0 days 00:00:33.217162,1,85,462,420.0,199.0,477.0,4,75,0.18810199885442194,0.0006196616101670458,0.6,/work3/arnaou/checkpoints/megnet_Vc_trial_1768_best_state.pt,"{'learning_rate': 0.0006196616101670458, 'lr_reduce': 0.6}",TPESampler,COMPLETE
1769,0.17801669239997864,2025-04-26 16:05:57.025158,2025-04-26 16:06:31.189409,0 days 00:00:34.164251,2,94,507,126.0,235.0,512.0,4,81,0.21243689967407808,0.001274102958870549,0.6,/work3/arnaou/checkpoints/megnet_Vc_trial_1769_best_state.pt,"{'learning_rate': 0.001274102958870549, 'lr_reduce': 0.6}",TPESampler,COMPLETE
1770,0.3316260576248169,2025-04-26 16:06:07.166486,2025-04-26 16:06:23.229051,0 days 00:00:16.062565,1,76,410,188.0,221.0,511.0,4,61,0.19304718001602222,0.001059696248044272,0.6,/work3/arnaou/checkpoints/megnet_Vc_trial_1770_best_state.pt,"{'learning_rate': 0.001059696248044272, 'lr_reduce': 0.6}",TPESampler,COMPLETE
1771,0.5062622427940369,2025-04-26 16:06:23.494900,2025-04-26 16:06:58.280595,0 days 00:00:34.785695,1,80,414,433.0,192.0,476.0,4,89,0.2294350757587179,0.0018641074212170773,0.6,/work3/arnaou/checkpoints/megnet_Vc_trial_1771_best_state.pt,"{'learning_rate': 0.0018641074212170773, 'lr_reduce': 0.6}",TPESampler,COMPLETE
1772,0.532410204410553,2025-04-26 16:06:29.296107,2025-04-26 16:07:04.037416,0 days 00:00:34.741309,1,74,461,413.0,196.0,477.0,4,89,0.19199402719593822,0.0009722448675040212,0.6,/work3/arnaou/checkpoints/megnet_Vc_trial_1772_best_state.pt,"{'learning_rate': 0.0009722448675040212, 'lr_reduce': 0.6}",TPESampler,COMPLETE
1773,0.17844177782535553,2025-04-26 16:06:31.420776,2025-04-26 16:07:05.124440,0 days 00:00:33.703664,1,68,441,403.0,196.0,,3,105,0.15720865529711173,0.0004450974059923318,0.6,/work3/arnaou/checkpoints/megnet_Vc_trial_1773_best_state.pt,"{'learning_rate': 0.0004450974059923318, 'lr_reduce': 0.6}",TPESampler,COMPLETE
1774,0.4697854220867157,2025-04-26 16:06:58.555676,2025-04-26 16:07:31.454863,0 days 00:00:32.899187,1,83,429,425.0,209.0,512.0,4,84,0.17459341127992264,0.0009021236512337793,0.6,/work3/arnaou/checkpoints/megnet_Vc_trial_1774_best_state.pt,"{'learning_rate': 0.0009021236512337793, 'lr_reduce': 0.6}",TPESampler,COMPLETE
1775,1.8665919303894043,2025-04-26 16:07:04.291029,2025-04-26 16:07:08.682711,0 days 00:00:04.391682,1,94,418,432.0,174.0,478.0,4,62,0.154225412065861,0.0002566489053232532,0.6,/work3/arnaou/checkpoints/megnet_Vc_trial_1775_best_state.pt,"{'learning_rate': 0.0002566489053232532, 'lr_reduce': 0.6}",TPESampler,COMPLETE
1776,1.8585983514785767,2025-04-26 16:07:05.352662,2025-04-26 16:07:09.485724,0 days 00:00:04.133062,3,65,272,394.0,,,2,66,0.04368447468915884,0.0001380159334447166,0.6,/work3/arnaou/checkpoints/megnet_Vc_trial_1776_best_state.pt,"{'learning_rate': 0.0001380159334447166, 'lr_reduce': 0.6}",TPESampler,COMPLETE
1777,0.21962061524391174,2025-04-26 16:07:08.901775,2025-04-26 16:07:43.277503,0 days 00:00:34.375728,1,79,445,433.0,191.0,511.0,4,80,0.10850877925711937,0.0003420372080907015,0.6,/work3/arnaou/checkpoints/megnet_Vc_trial_1777_best_state.pt,"{'learning_rate': 0.0003420372080907015, 'lr_reduce': 0.6}",TPESampler,COMPLETE
1778,0.16009804606437683,2025-04-26 16:07:09.773404,2025-04-26 16:07:36.624232,0 days 00:00:26.850828,1,73,469,385.0,199.0,470.0,4,74,0.140012749056386,0.0006092797471900553,0.6,/work3/arnaou/checkpoints/megnet_Vc_trial_1778_best_state.pt,"{'learning_rate': 0.0006092797471900553, 'lr_reduce': 0.6}",TPESampler,COMPLETE
1779,0.24886053800582886,2025-04-26 16:07:31.694344,2025-04-26 16:08:05.460875,0 days 00:00:33.766531,1,91,395,380.0,191.0,512.0,4,85,0.2027092625437573,0.0006818378417518243,0.6,/work3/arnaou/checkpoints/megnet_Vc_trial_1779_best_state.pt,"{'learning_rate': 0.0006818378417518243, 'lr_reduce': 0.6}",TPESampler,COMPLETE
1780,1.4071589708328247,2025-04-26 16:07:36.883436,2025-04-26 16:07:53.371962,0 days 00:00:16.488526,2,82,426,437.0,199.0,477.0,4,69,0.1904736989821769,0.0003875403554111019,0.6,/work3/arnaou/checkpoints/megnet_Vc_trial_1780_best_state.pt,"{'learning_rate': 0.0003875403554111019, 'lr_reduce': 0.6}",TPESampler,COMPLETE
1781,0.46019062399864197,2025-04-26 16:07:44.326645,2025-04-26 16:08:02.996861,0 days 00:00:18.670216,1,78,460,418.0,192.0,512.0,4,112,0.19473454899469567,0.0005112787900891621,0.6,/work3/arnaou/checkpoints/megnet_Vc_trial_1781_best_state.pt,"{'learning_rate': 0.0005112787900891621, 'lr_reduce': 0.6}",TPESampler,COMPLETE
1782,1.8549517393112183,2025-04-26 16:07:53.639551,2025-04-26 16:07:58.751350,0 days 00:00:05.111799,3,107,347,,,,1,109,0.009446935555015828,0.000110258330256042,0.6,/work3/arnaou/checkpoints/megnet_Vc_trial_1782_best_state.pt,"{'learning_rate': 0.000110258330256042, 'lr_reduce': 0.6}",TPESampler,COMPLETE
1783,0.274511456489563,2025-04-26 16:07:59.078090,2025-04-26 16:08:28.435832,0 days 00:00:29.357742,1,63,508,390.0,221.0,478.0,4,113,0.21122331171001638,0.0013644136357652999,0.6,/work3/arnaou/checkpoints/megnet_Vc_trial_1783_best_state.pt,"{'learning_rate': 0.0013644136357652999, 'lr_reduce': 0.6}",TPESampler,COMPLETE
1784,0.3158471882343292,2025-04-26 16:08:03.217587,2025-04-26 16:08:31.215996,0 days 00:00:27.998409,1,92,324,439.0,172.0,472.0,4,56,0.059402319053200286,0.0010067105248221697,0.6,/work3/arnaou/checkpoints/megnet_Vc_trial_1784_best_state.pt,"{'learning_rate': 0.0010067105248221697, 'lr_reduce': 0.6}",TPESampler,COMPLETE
1785,0.2241591513156891,2025-04-26 16:08:05.765296,2025-04-26 16:08:36.435341,0 days 00:00:30.670045,1,81,444,360.0,226.0,512.0,4,91,0.2423719830502452,0.0014231946056816947,0.6,/work3/arnaou/checkpoints/megnet_Vc_trial_1785_best_state.pt,"{'learning_rate': 0.0014231946056816947, 'lr_reduce': 0.6}",TPESampler,COMPLETE
1786,0.1215280219912529,2025-04-26 16:08:28.695447,2025-04-26 16:08:56.001918,0 days 00:00:27.306471,1,78,403,427.0,178.0,475.0,4,32,0.21226398290952206,0.0007343670167096002,0.6,/work3/arnaou/checkpoints/megnet_Vc_trial_1786_best_state.pt,"{'learning_rate': 0.0007343670167096002, 'lr_reduce': 0.6}",TPESampler,COMPLETE
1787,0.11050524562597275,2025-04-26 16:08:31.471915,2025-04-26 16:09:00.995525,0 days 00:00:29.523610,1,78,295,393.0,176.0,,3,52,0.23698502873110494,0.0007290360598622154,0.6,/work3/arnaou/checkpoints/megnet_Vc_trial_1787_best_state.pt,"{'learning_rate': 0.0007290360598622154, 'lr_reduce': 0.6}",TPESampler,COMPLETE
1788,0.5420911908149719,2025-04-26 16:08:36.668054,2025-04-26 16:08:50.459022,0 days 00:00:13.790968,1,94,467,440.0,225.0,474.0,4,97,0.22579508790216846,0.001155115563297902,0.6,/work3/arnaou/checkpoints/megnet_Vc_trial_1788_best_state.pt,"{'learning_rate': 0.001155115563297902, 'lr_reduce': 0.6}",TPESampler,COMPLETE
1789,0.38024279475212097,2025-04-26 16:08:50.708700,2025-04-26 16:09:04.970468,0 days 00:00:14.261768,1,92,511,351.0,161.0,512.0,4,75,0.14787306485504964,0.0016611252173635415,0.6,/work3/arnaou/checkpoints/megnet_Vc_trial_1789_best_state.pt,"{'learning_rate': 0.0016611252173635415, 'lr_reduce': 0.6}",TPESampler,COMPLETE
1790,0.25967371463775635,2025-04-26 16:08:56.255781,2025-04-26 16:09:28.514371,0 days 00:00:32.258590,1,71,308,405.0,220.0,185.0,4,75,0.1454855491153375,0.0005277991503168537,0.6,/work3/arnaou/checkpoints/megnet_Vc_trial_1790_best_state.pt,"{'learning_rate': 0.0005277991503168537, 'lr_reduce': 0.6}",TPESampler,COMPLETE
1791,1.8613613843917847,2025-04-26 16:09:01.405653,2025-04-26 16:09:04.885852,0 days 00:00:03.480199,1,85,264,387.0,188.0,,3,62,0.2247969092312397,0.00032236600963389257,0.6,/work3/arnaou/checkpoints/megnet_Vc_trial_1791_best_state.pt,"{'learning_rate': 0.00032236600963389257, 'lr_reduce': 0.6}",TPESampler,COMPLETE
1792,1.8565341234207153,2025-04-26 16:09:05.083119,2025-04-26 16:09:09.547245,0 days 00:00:04.464126,1,38,423,369.0,192.0,,3,50,0.05012625695534634,0.00015311509435285216,0.6,/work3/arnaou/checkpoints/megnet_Vc_trial_1792_best_state.pt,"{'learning_rate': 0.00015311509435285216, 'lr_reduce': 0.6}",TPESampler,COMPLETE
1793,0.20146404206752777,2025-04-26 16:09:05.154343,2025-04-26 16:09:23.232641,0 days 00:00:18.078298,1,76,331,372.0,186.0,,3,54,0.24768800522480808,0.005000016799991713,0.6,/work3/arnaou/checkpoints/megnet_Vc_trial_1793_best_state.pt,"{'learning_rate': 0.005000016799991713, 'lr_reduce': 0.6}",TPESampler,COMPLETE
1794,1.8359203338623047,2025-04-26 16:09:09.802392,2025-04-26 16:09:13.832421,0 days 00:00:04.030029,3,77,208,390.0,199.0,,3,86,0.05058557791211929,0.0013351819392447407,0.6,/work3/arnaou/checkpoints/megnet_Vc_trial_1794_best_state.pt,"{'learning_rate': 0.0013351819392447407, 'lr_reduce': 0.6}",TPESampler,COMPLETE
1795,1.86571204662323,2025-04-26 16:09:14.040340,2025-04-26 16:09:18.672987,0 days 00:00:04.632647,4,47,124,357.0,,,2,60,0.13017584111751362,0.0001003214331953758,0.6,/work3/arnaou/checkpoints/megnet_Vc_trial_1795_best_state.pt,"{'learning_rate': 0.0001003214331953758, 'lr_reduce': 0.6}",TPESampler,COMPLETE
1796,0.31979984045028687,2025-04-26 16:09:18.903009,2025-04-26 16:09:53.372852,0 days 00:00:34.469843,1,77,508,405.0,188.0,476.0,4,113,0.2010556194266236,0.0020546544306682987,0.6,/work3/arnaou/checkpoints/megnet_Vc_trial_1796_best_state.pt,"{'learning_rate': 0.0020546544306682987, 'lr_reduce': 0.6}",TPESampler,COMPLETE
1797,0.17489826679229736,2025-04-26 16:09:23.492133,2025-04-26 16:09:57.912514,0 days 00:00:34.420381,1,74,338,344.0,221.0,,3,45,0.22812527591610418,0.0007812848721280948,0.6,/work3/arnaou/checkpoints/megnet_Vc_trial_1797_best_state.pt,"{'learning_rate': 0.0007812848721280948, 'lr_reduce': 0.6}",TPESampler,COMPLETE
1798,1.8521620035171509,2025-04-26 16:09:28.737823,2025-04-26 16:09:32.845224,0 days 00:00:04.107401,3,109,279,399.0,178.0,,3,66,0.05429381969007449,0.00011180400314751923,0.6,/work3/arnaou/checkpoints/megnet_Vc_trial_1798_best_state.pt,"{'learning_rate': 0.00011180400314751923, 'lr_reduce': 0.6}",TPESampler,COMPLETE
1799,1.8502568006515503,2025-04-26 16:09:33.108927,2025-04-26 16:09:37.246484,0 days 00:00:04.137557,2,96,265,391.0,221.0,,3,36,0.23316349256996735,0.0006820588377025527,0.6,/work3/arnaou/checkpoints/megnet_Vc_trial_1799_best_state.pt,"{'learning_rate': 0.0006820588377025527, 'lr_reduce': 0.6}",TPESampler,COMPLETE
1800,1.8019615411758423,2025-04-26 16:09:37.532377,2025-04-26 16:09:45.654775,0 days 00:00:08.122398,4,109,189,428.0,173.0,476.0,4,35,0.060647056569003904,0.004408568461610676,0.6,/work3/arnaou/checkpoints/megnet_Vc_trial_1800_best_state.pt,"{'learning_rate': 0.004408568461610676, 'lr_reduce': 0.6}",TPESampler,COMPLETE
1801,1.4601995944976807,2025-04-26 16:09:45.920570,2025-04-26 16:09:53.924269,0 days 00:00:08.003699,2,76,413,406.0,174.0,473.0,4,96,0.1542384633157337,0.0010596980937158682,0.6,/work3/arnaou/checkpoints/megnet_Vc_trial_1801_best_state.pt,"{'learning_rate': 0.0010596980937158682, 'lr_reduce': 0.6}",TPESampler,COMPLETE
1802,1.861093521118164,2025-04-26 16:09:53.641143,2025-04-26 16:09:58.198230,0 days 00:00:04.557087,1,55,292,345.0,215.0,,3,36,0.24626380112305468,0.0002815873108347172,0.6,/work3/arnaou/checkpoints/megnet_Vc_trial_1802_best_state.pt,"{'learning_rate': 0.0002815873108347172, 'lr_reduce': 0.6}",TPESampler,COMPLETE
1803,0.37940713763237,2025-04-26 16:09:54.189808,2025-04-26 16:10:10.497478,0 days 00:00:16.307670,1,76,285,375.0,167.0,,3,65,0.2384573763504265,0.001227092177772598,0.6,/work3/arnaou/checkpoints/megnet_Vc_trial_1803_best_state.pt,"{'learning_rate': 0.001227092177772598, 'lr_reduce': 0.6}",TPESampler,COMPLETE
1804,1.857546091079712,2025-04-26 16:09:58.159337,2025-04-26 16:10:01.745357,0 days 00:00:03.586020,1,82,378,430.0,233.0,,3,78,0.23363286893401128,0.000330332076960223,0.6,/work3/arnaou/checkpoints/megnet_Vc_trial_1804_best_state.pt,"{'learning_rate': 0.000330332076960223, 'lr_reduce': 0.6}",TPESampler,COMPLETE
1805,1.817674994468689,2025-04-26 16:09:58.543403,2025-04-26 16:10:02.455608,0 days 00:00:03.912205,1,74,249,435.0,174.0,,3,49,0.21806358465621878,0.0018328503022708715,0.6,/work3/arnaou/checkpoints/megnet_Vc_trial_1805_best_state.pt,"{'learning_rate': 0.0018328503022708715, 'lr_reduce': 0.6}",TPESampler,COMPLETE
1806,0.20545797049999237,2025-04-26 16:10:01.989466,2025-04-26 16:10:28.487231,0 days 00:00:26.497765,1,99,306,317.0,229.0,,3,48,0.18074368939796093,0.001433635102004785,0.6,/work3/arnaou/checkpoints/megnet_Vc_trial_1806_best_state.pt,"{'learning_rate': 0.001433635102004785, 'lr_reduce': 0.6}",TPESampler,COMPLETE
1807,1.8411855697631836,2025-04-26 16:10:02.809450,2025-04-26 16:10:06.558536,0 days 00:00:03.749086,2,82,296,383.0,167.0,,3,52,0.17211522493254894,0.0009345416124471588,0.6,/work3/arnaou/checkpoints/megnet_Vc_trial_1807_best_state.pt,"{'learning_rate': 0.0009345416124471588, 'lr_reduce': 0.6}",TPESampler,COMPLETE
1808,0.4307771623134613,2025-04-26 16:10:06.784112,2025-04-26 16:10:33.492024,0 days 00:00:26.707912,2,66,175,436.0,225.0,,3,39,0.23799595798986542,0.0009354633676645201,0.6,/work3/arnaou/checkpoints/megnet_Vc_trial_1808_best_state.pt,"{'learning_rate': 0.0009354633676645201, 'lr_reduce': 0.6}",TPESampler,COMPLETE
1809,0.15400688350200653,2025-04-26 16:10:10.757508,2025-04-26 16:10:40.702166,0 days 00:00:29.944658,1,93,305,400.0,190.0,,3,34,0.22392791741573112,0.0006923849006712984,0.6,/work3/arnaou/checkpoints/megnet_Vc_trial_1809_best_state.pt,"{'learning_rate': 0.0006923849006712984, 'lr_reduce': 0.6}",TPESampler,COMPLETE
1810,0.6903140544891357,2025-04-26 16:10:28.747939,2025-04-26 16:10:39.079932,0 days 00:00:10.331993,1,86,424,354.0,157.0,473.0,4,64,0.1795166398238106,0.0008792926309401924,0.6,/work3/arnaou/checkpoints/megnet_Vc_trial_1810_best_state.pt,"{'learning_rate': 0.0008792926309401924, 'lr_reduce': 0.6}",TPESampler,COMPLETE
1811,1.7908483743667603,2025-04-26 16:10:33.725034,2025-04-26 16:10:37.894042,0 days 00:00:04.169008,4,41,198,,,,1,106,0.11773289384820042,0.0032838518027210307,0.6,/work3/arnaou/checkpoints/megnet_Vc_trial_1811_best_state.pt,"{'learning_rate': 0.0032838518027210307, 'lr_reduce': 0.6}",TPESampler,COMPLETE
1812,0.15842372179031372,2025-04-26 16:10:38.153018,2025-04-26 16:11:09.510512,0 days 00:00:31.357494,1,65,247,440.0,222.0,,3,49,0.22790101055614223,0.0008554276515989508,0.6,/work3/arnaou/checkpoints/megnet_Vc_trial_1812_best_state.pt,"{'learning_rate': 0.0008554276515989508, 'lr_reduce': 0.6}",TPESampler,COMPLETE
1813,1.8034557104110718,2025-04-26 16:10:39.337152,2025-04-26 16:10:44.015162,0 days 00:00:04.678010,4,113,97,,,,1,71,0.015186202700327167,0.001039742873926557,0.6,/work3/arnaou/checkpoints/megnet_Vc_trial_1813_best_state.pt,"{'learning_rate': 0.001039742873926557, 'lr_reduce': 0.6}",TPESampler,COMPLETE
1814,0.25455644726753235,2025-04-26 16:10:41.018773,2025-04-26 16:11:05.446075,0 days 00:00:24.427302,1,54,463,404.0,162.0,478.0,4,90,0.13765048120166654,0.0008207853486033764,0.6,/work3/arnaou/checkpoints/megnet_Vc_trial_1814_best_state.pt,"{'learning_rate': 0.0008207853486033764, 'lr_reduce': 0.6}",TPESampler,COMPLETE
1815,1.2103135585784912,2025-04-26 16:10:44.252761,2025-04-26 16:10:52.464555,0 days 00:00:08.211794,1,71,305,336.0,200.0,,3,62,0.24584995951432898,0.0006099486961297719,0.6,/work3/arnaou/checkpoints/megnet_Vc_trial_1815_best_state.pt,"{'learning_rate': 0.0006099486961297719, 'lr_reduce': 0.6}",TPESampler,COMPLETE
1816,1.8617385625839233,2025-04-26 16:10:52.761483,2025-04-26 16:10:56.325229,0 days 00:00:03.563746,1,72,265,442.0,,,2,53,0.22285985917903442,0.00024743957937291543,0.6,/work3/arnaou/checkpoints/megnet_Vc_trial_1816_best_state.pt,"{'learning_rate': 0.00024743957937291543, 'lr_reduce': 0.6}",TPESampler,COMPLETE
1817,0.22322432696819305,2025-04-26 16:10:56.601207,2025-04-26 16:11:27.467294,0 days 00:00:30.866087,1,96,343,392.0,161.0,,3,72,0.17235270703400404,0.00046659055789683785,0.6,/work3/arnaou/checkpoints/megnet_Vc_trial_1817_best_state.pt,"{'learning_rate': 0.00046659055789683785, 'lr_reduce': 0.6}",TPESampler,COMPLETE
1818,0.23855063319206238,2025-04-26 16:11:05.852018,2025-04-26 16:11:36.914663,0 days 00:00:31.062645,1,96,71,442.0,,,2,39,0.09194152702852665,0.00047875092721886745,0.6,/work3/arnaou/checkpoints/megnet_Vc_trial_1818_best_state.pt,"{'learning_rate': 0.00047875092721886745, 'lr_reduce': 0.6}",TPESampler,COMPLETE
1819,1.835484266281128,2025-04-26 16:11:09.763414,2025-04-26 16:11:13.579035,0 days 00:00:03.815621,2,78,409,,,,1,33,0.036110590028218786,0.00036321734250799553,0.6,/work3/arnaou/checkpoints/megnet_Vc_trial_1819_best_state.pt,"{'learning_rate': 0.00036321734250799553, 'lr_reduce': 0.6}",TPESampler,COMPLETE
1820,1.8553876876831055,2025-04-26 16:11:13.840401,2025-04-26 16:11:17.360419,0 days 00:00:03.520018,1,102,191,366.0,231.0,,3,50,0.11021811572898843,0.00010815655485170997,0.6,/work3/arnaou/checkpoints/megnet_Vc_trial_1820_best_state.pt,"{'learning_rate': 0.00010815655485170997, 'lr_reduce': 0.6}",TPESampler,COMPLETE
1821,0.19955120980739594,2025-04-26 16:11:17.604891,2025-04-26 16:11:49.833151,0 days 00:00:32.228260,2,86,503,406.0,154.0,477.0,4,106,0.23746172356884407,0.0013066709893037364,0.6,/work3/arnaou/checkpoints/megnet_Vc_trial_1821_best_state.pt,"{'learning_rate': 0.0013066709893037364, 'lr_reduce': 0.6}",TPESampler,COMPLETE
1822,1.8597488403320312,2025-04-26 16:11:27.698134,2025-04-26 16:11:32.268477,0 days 00:00:04.570343,1,82,366,316.0,247.0,510.0,4,84,0.1972157349085957,0.00018857260420175896,0.6,/work3/arnaou/checkpoints/megnet_Vc_trial_1822_best_state.pt,"{'learning_rate': 0.00018857260420175896, 'lr_reduce': 0.6}",TPESampler,COMPLETE
1823,0.26664233207702637,2025-04-26 16:11:32.568578,2025-04-26 16:11:52.796193,0 days 00:00:20.227615,1,91,490,448.0,193.0,458.0,4,91,0.21490487871376576,0.0008950568897255824,0.6,/work3/arnaou/checkpoints/megnet_Vc_trial_1823_best_state.pt,"{'learning_rate': 0.0008950568897255824, 'lr_reduce': 0.6}",TPESampler,COMPLETE
1824,0.18781115114688873,2025-04-26 16:11:37.156301,2025-04-26 16:12:03.929266,0 days 00:00:26.772965,1,77,458,382.0,156.0,511.0,4,117,0.249107033471314,0.0012257201058090967,0.6,/work3/arnaou/checkpoints/megnet_Vc_trial_1824_best_state.pt,"{'learning_rate': 0.0012257201058090967, 'lr_reduce': 0.6}",TPESampler,COMPLETE
1825,1.8589496612548828,2025-04-26 16:11:50.077571,2025-04-26 16:11:54.153476,0 days 00:00:04.075905,2,77,472,396.0,197.0,451.0,4,117,0.22796378302967835,0.00021676286808265495,0.6,/work3/arnaou/checkpoints/megnet_Vc_trial_1825_best_state.pt,"{'learning_rate': 0.00021676286808265495, 'lr_reduce': 0.6}",TPESampler,COMPLETE
1826,1.8436658382415771,2025-04-26 16:11:53.083869,2025-04-26 16:11:56.878586,0 days 00:00:03.794717,1,86,256,447.0,233.0,,3,48,0.24702207714404395,0.0006194394335480588,0.6,/work3/arnaou/checkpoints/megnet_Vc_trial_1826_best_state.pt,"{'learning_rate': 0.0006194394335480588, 'lr_reduce': 0.6}",TPESampler,COMPLETE
1827,0.5712958574295044,2025-04-26 16:11:54.394074,2025-04-26 16:12:07.455108,0 days 00:00:13.061034,1,86,481,344.0,152.0,,3,97,0.14747874283598605,0.0009265989732277675,0.6,/work3/arnaou/checkpoints/megnet_Vc_trial_1827_best_state.pt,"{'learning_rate': 0.0009265989732277675, 'lr_reduce': 0.6}",TPESampler,COMPLETE
1828,1.8615491390228271,2025-04-26 16:11:57.142223,2025-04-26 16:12:01.344864,0 days 00:00:04.202641,1,61,446,417.0,195.0,476.0,4,77,0.19748366069736073,0.0004420920520385437,0.6,/work3/arnaou/checkpoints/megnet_Vc_trial_1828_best_state.pt,"{'learning_rate': 0.0004420920520385437, 'lr_reduce': 0.6}",TPESampler,COMPLETE
1829,1.8048360347747803,2025-04-26 16:12:01.607995,2025-04-26 16:12:05.648425,0 days 00:00:04.040430,1,99,261,369.0,,,2,102,0.1304812593396875,0.009664608574288802,0.6,/work3/arnaou/checkpoints/megnet_Vc_trial_1829_best_state.pt,"{'learning_rate': 0.009664608574288802, 'lr_reduce': 0.6}",TPESampler,COMPLETE
