number,value,datetime_start,datetime_complete,duration,params_depth,params_edge_hidden_dim,params_mlp_dim_00,params_mlp_dim_01,params_mlp_dim_02,params_mlp_dim_03,params_mlp_n_layers,params_node_hidden_dim,params_rep_dropout,params_train_learning_rate,params_train_lr_reduce,user_attrs_best_state_dict_path,user_attrs_training_params,system_attrs_auto:sampler,state
408,1.8135656118392944,2025-04-26 13:54:59.532964,2025-04-26 13:55:03.460965,0 days 00:00:03.928001,4,103,128,,,,1,119,0.20239394668604013,0.002674503730579092,0.6,/work3/arnaou/checkpoints/megnet_Vc_trial_408_best_state.pt,"{'learning_rate': 0.002674503730579092, 'lr_reduce': 0.6}",TPESampler,COMPLETE
409,1.8585200309753418,2025-04-26 13:55:00.271466,2025-04-26 13:55:04.130141,0 days 00:00:03.858675,1,81,460,414.0,103.0,512.0,4,61,0.23280619249839915,0.0002958898328803764,0.6,/work3/arnaou/checkpoints/megnet_Vc_trial_409_best_state.pt,"{'learning_rate': 0.0002958898328803764, 'lr_reduce': 0.6}",TPESampler,COMPLETE
410,0.2015351951122284,2025-04-26 13:55:03.642294,2025-04-26 13:55:31.269606,0 days 00:00:27.627312,1,67,486,512.0,198.0,419.0,4,61,0.13957623575858202,0.0005037178765844229,0.6,/work3/arnaou/checkpoints/megnet_Vc_trial_410_best_state.pt,"{'learning_rate': 0.0005037178765844229, 'lr_reduce': 0.6}",TPESampler,COMPLETE
411,0.2577817738056183,2025-04-26 13:55:04.307560,2025-04-26 13:55:24.951286,0 days 00:00:20.643726,1,51,454,362.0,145.0,511.0,4,68,0.1275160241420582,0.0016121107917405463,0.6,/work3/arnaou/checkpoints/megnet_Vc_trial_411_best_state.pt,"{'learning_rate': 0.0016121107917405463, 'lr_reduce': 0.6}",TPESampler,COMPLETE
412,1.86305832862854,2025-04-26 13:55:25.217672,2025-04-26 13:55:28.712327,0 days 00:00:03.494655,2,88,266,466.0,102.0,134.0,4,35,0.12597037041893083,0.00044955687065694155,0.6,/work3/arnaou/checkpoints/megnet_Vc_trial_412_best_state.pt,"{'learning_rate': 0.00044955687065694155, 'lr_reduce': 0.6}",TPESampler,COMPLETE
413,1.8567745685577393,2025-04-26 13:55:26.422612,2025-04-26 13:55:29.828789,0 days 00:00:03.406177,1,80,258,456.0,148.0,427.0,4,36,0.21692665106088382,0.0007520483869040791,0.6,/work3/arnaou/checkpoints/megnet_Vc_trial_413_best_state.pt,"{'learning_rate': 0.0007520483869040791, 'lr_reduce': 0.6}",TPESampler,COMPLETE
414,0.14158116281032562,2025-04-26 13:55:28.906808,2025-04-26 13:55:57.128457,0 days 00:00:28.221649,1,94,354,457.0,157.0,450.0,4,40,0.22025060565357746,0.0008618979828357165,0.6,/work3/arnaou/checkpoints/megnet_Vc_trial_414_best_state.pt,"{'learning_rate': 0.0008618979828357165, 'lr_reduce': 0.6}",TPESampler,COMPLETE
415,1.7830454111099243,2025-04-26 13:55:30.096026,2025-04-26 13:55:33.604962,0 days 00:00:03.508936,4,33,273,,,,1,121,0.023372369074861288,0.0009669791635631745,0.6,/work3/arnaou/checkpoints/megnet_Vc_trial_415_best_state.pt,"{'learning_rate': 0.0009669791635631745, 'lr_reduce': 0.6}",TPESampler,COMPLETE
416,1.8668992519378662,2025-04-26 13:55:31.436567,2025-04-26 13:55:34.531901,0 days 00:00:03.095334,1,94,298,434.0,78.0,461.0,4,52,0.23214029044513737,0.0003957877739192106,0.6,/work3/arnaou/checkpoints/megnet_Vc_trial_416_best_state.pt,"{'learning_rate': 0.0003957877739192106, 'lr_reduce': 0.6}",TPESampler,COMPLETE
417,1.8491761684417725,2025-04-26 13:55:33.790777,2025-04-26 13:55:37.488388,0 days 00:00:03.697611,2,68,254,470.0,154.0,462.0,4,35,0.19395679107206854,0.00011914324936995549,0.6,/work3/arnaou/checkpoints/megnet_Vc_trial_417_best_state.pt,"{'learning_rate': 0.00011914324936995549, 'lr_reduce': 0.6}",TPESampler,COMPLETE
418,0.5606945753097534,2025-04-26 13:55:34.739987,2025-04-26 13:55:52.861915,0 days 00:00:18.121928,1,44,153,422.0,125.0,407.0,4,94,0.09635524218481117,0.001913604808224423,0.6,/work3/arnaou/checkpoints/megnet_Vc_trial_418_best_state.pt,"{'learning_rate': 0.001913604808224423, 'lr_reduce': 0.6}",TPESampler,COMPLETE
419,1.862183928489685,2025-04-26 13:55:37.666477,2025-04-26 13:55:41.464177,0 days 00:00:03.797700,1,89,390,512.0,140.0,465.0,4,39,0.1794156609019759,0.00028974211224986663,0.6,/work3/arnaou/checkpoints/megnet_Vc_trial_419_best_state.pt,"{'learning_rate': 0.00028974211224986663, 'lr_reduce': 0.6}",TPESampler,COMPLETE
420,1.8541392087936401,2025-04-26 13:55:41.646436,2025-04-26 13:55:45.519902,0 days 00:00:03.873466,1,107,289,462.0,66.0,508.0,4,32,0.1813232192694394,0.0004598269741192155,0.6,/work3/arnaou/checkpoints/megnet_Vc_trial_420_best_state.pt,"{'learning_rate': 0.0004598269741192155, 'lr_reduce': 0.6}",TPESampler,COMPLETE
421,1.8619390726089478,2025-04-26 13:55:45.713506,2025-04-26 13:55:48.949045,0 days 00:00:03.235539,1,39,467,409.0,187.0,407.0,4,37,0.15582592712174867,0.00012127902712847574,0.6,/work3/arnaou/checkpoints/megnet_Vc_trial_421_best_state.pt,"{'learning_rate': 0.00012127902712847574, 'lr_reduce': 0.6}",TPESampler,COMPLETE
422,0.288958877325058,2025-04-26 13:55:49.113473,2025-04-26 13:56:20.138220,0 days 00:00:31.024747,1,68,343,467.0,121.0,462.0,4,72,0.23328378084488077,0.0004210284718789127,0.6,/work3/arnaou/checkpoints/megnet_Vc_trial_422_best_state.pt,"{'learning_rate': 0.0004210284718789127, 'lr_reduce': 0.6}",TPESampler,COMPLETE
423,0.2517217993736267,2025-04-26 13:55:53.055115,2025-04-26 13:56:13.511446,0 days 00:00:20.456331,1,123,466,389.0,363.0,464.0,4,91,0.04105837975314916,0.0008633895721931694,0.6,/work3/arnaou/checkpoints/megnet_Vc_trial_423_best_state.pt,"{'learning_rate': 0.0008633895721931694, 'lr_reduce': 0.6}",TPESampler,COMPLETE
424,0.9055082201957703,2025-04-26 13:55:57.355503,2025-04-26 13:56:05.282753,0 days 00:00:07.927250,1,94,285,427.0,165.0,508.0,4,46,0.20440665725515567,0.002147808938124943,0.6,/work3/arnaou/checkpoints/megnet_Vc_trial_424_best_state.pt,"{'learning_rate': 0.002147808938124943, 'lr_reduce': 0.6}",TPESampler,COMPLETE
425,1.8581713438034058,2025-04-26 13:56:05.479162,2025-04-26 13:56:10.700120,0 days 00:00:05.220958,1,78,355,459.0,166.0,,3,43,0.228893076400575,0.0002812248838428666,0.6,/work3/arnaou/checkpoints/megnet_Vc_trial_425_best_state.pt,"{'learning_rate': 0.0002812248838428666, 'lr_reduce': 0.6}",TPESampler,COMPLETE
426,0.14015907049179077,2025-04-26 13:56:10.879055,2025-04-26 13:56:37.056991,0 days 00:00:26.177936,1,88,306,381.0,171.0,449.0,4,64,0.11245970760979568,0.0006039192432598595,0.6,/work3/arnaou/checkpoints/megnet_Vc_trial_426_best_state.pt,"{'learning_rate': 0.0006039192432598595, 'lr_reduce': 0.6}",TPESampler,COMPLETE
427,0.267235666513443,2025-04-26 13:56:13.684402,2025-04-26 13:56:33.450362,0 days 00:00:19.765960,1,68,422,473.0,131.0,512.0,4,43,0.2213575599136694,0.0007518833722218396,0.6,/work3/arnaou/checkpoints/megnet_Vc_trial_427_best_state.pt,"{'learning_rate': 0.0007518833722218396, 'lr_reduce': 0.6}",TPESampler,COMPLETE
428,1.328418493270874,2025-04-26 13:56:20.326256,2025-04-26 13:56:26.368138,0 days 00:00:06.041882,1,81,465,423.0,204.0,453.0,4,107,0.09859604063290774,0.0027515651091219533,0.6,/work3/arnaou/checkpoints/megnet_Vc_trial_428_best_state.pt,"{'learning_rate': 0.0027515651091219533, 'lr_reduce': 0.6}",TPESampler,COMPLETE
429,1.8621830940246582,2025-04-26 13:56:26.578976,2025-04-26 13:56:31.172989,0 days 00:00:04.594013,1,91,317,461.0,129.0,453.0,4,54,0.16801007120786887,0.00018393231788174145,0.6,/work3/arnaou/checkpoints/megnet_Vc_trial_429_best_state.pt,"{'learning_rate': 0.00018393231788174145, 'lr_reduce': 0.6}",TPESampler,COMPLETE
430,0.4676511287689209,2025-04-26 13:56:31.359815,2025-04-26 13:56:53.996470,0 days 00:00:22.636655,1,109,392,332.0,153.0,408.0,4,47,0.24877713980270544,0.0005638783401084622,0.6,/work3/arnaou/checkpoints/megnet_Vc_trial_430_best_state.pt,"{'learning_rate': 0.0005638783401084622, 'lr_reduce': 0.6}",TPESampler,COMPLETE
431,0.20563407242298126,2025-04-26 13:56:33.648882,2025-04-26 13:57:02.118469,0 days 00:00:28.469587,1,58,370,422.0,114.0,,3,82,0.13568236175281484,0.0006253669575869618,0.6,/work3/arnaou/checkpoints/megnet_Vc_trial_431_best_state.pt,"{'learning_rate': 0.0006253669575869618, 'lr_reduce': 0.6}",TPESampler,COMPLETE
432,0.6596738696098328,2025-04-26 13:56:37.267764,2025-04-26 13:56:48.675725,0 days 00:00:11.407961,1,87,323,365.0,161.0,448.0,4,55,0.11609726883608172,0.0006547603063579177,0.6,/work3/arnaou/checkpoints/megnet_Vc_trial_432_best_state.pt,"{'learning_rate': 0.0006547603063579177, 'lr_reduce': 0.6}",TPESampler,COMPLETE
433,1.0522339344024658,2025-04-26 13:56:48.893468,2025-04-26 13:57:23.467036,0 days 00:00:34.573568,2,101,266,350.0,154.0,457.0,4,57,0.15625968290485726,0.0008904530301740305,0.6,/work3/arnaou/checkpoints/megnet_Vc_trial_433_best_state.pt,"{'learning_rate': 0.0008904530301740305, 'lr_reduce': 0.6}",TPESampler,COMPLETE
434,1.8605247735977173,2025-04-26 13:56:54.173986,2025-04-26 13:56:57.747077,0 days 00:00:03.573091,1,64,170,367.0,117.0,459.0,4,34,0.1731755370162237,0.000623395853290236,0.6,/work3/arnaou/checkpoints/megnet_Vc_trial_434_best_state.pt,"{'learning_rate': 0.000623395853290236, 'lr_reduce': 0.6}",TPESampler,COMPLETE
435,1.8521431684494019,2025-04-26 13:56:57.929174,2025-04-26 13:57:01.715071,0 days 00:00:03.785897,2,73,426,378.0,64.0,,3,69,0.1733542089189084,0.0006115765850764136,0.6,/work3/arnaou/checkpoints/megnet_Vc_trial_435_best_state.pt,"{'learning_rate': 0.0006115765850764136, 'lr_reduce': 0.6}",TPESampler,COMPLETE
436,1.8499183654785156,2025-04-26 13:57:01.904381,2025-04-26 13:57:05.451580,0 days 00:00:03.547199,1,72,311,391.0,167.0,402.0,4,36,0.17387529253589218,0.00017371681027748763,0.6,/work3/arnaou/checkpoints/megnet_Vc_trial_436_best_state.pt,"{'learning_rate': 0.00017371681027748763, 'lr_reduce': 0.6}",TPESampler,COMPLETE
437,1.4582881927490234,2025-04-26 13:57:02.339431,2025-04-26 13:57:20.041509,0 days 00:00:17.702078,4,97,124,304.0,112.0,465.0,4,59,0.19438023138317853,0.0003030368439429387,0.6,/work3/arnaou/checkpoints/megnet_Vc_trial_437_best_state.pt,"{'learning_rate': 0.0003030368439429387, 'lr_reduce': 0.6}",TPESampler,COMPLETE
438,1.4206228256225586,2025-04-26 13:57:05.642875,2025-04-26 13:57:17.393886,0 days 00:00:11.751011,2,86,161,512.0,181.0,511.0,4,92,0.08728202132683029,0.00034693684081400653,0.6,/work3/arnaou/checkpoints/megnet_Vc_trial_438_best_state.pt,"{'learning_rate': 0.00034693684081400653, 'lr_reduce': 0.6}",TPESampler,COMPLETE
439,1.464297890663147,2025-04-26 13:57:17.601372,2025-04-26 13:57:46.794161,0 days 00:00:29.192789,3,122,264,386.0,142.0,,3,43,0.08595696085233186,0.0009640673309487522,0.6,/work3/arnaou/checkpoints/megnet_Vc_trial_439_best_state.pt,"{'learning_rate': 0.0009640673309487522, 'lr_reduce': 0.6}",TPESampler,COMPLETE
440,1.838571548461914,2025-04-26 13:57:20.228342,2025-04-26 13:57:23.436492,0 days 00:00:03.208150,1,70,382,512.0,108.0,,3,60,0.23808590008189362,0.0010904982259676147,0.6,/work3/arnaou/checkpoints/megnet_Vc_trial_440_best_state.pt,"{'learning_rate': 0.0010904982259676147, 'lr_reduce': 0.6}",TPESampler,COMPLETE
441,0.13510040938854218,2025-04-26 13:57:23.582287,2025-04-26 13:57:55.249764,0 days 00:00:31.667477,1,82,330,414.0,199.0,427.0,4,47,0.23349041492833097,0.001118130925266289,0.6,/work3/arnaou/checkpoints/megnet_Vc_trial_441_best_state.pt,"{'learning_rate': 0.001118130925266289, 'lr_reduce': 0.6}",TPESampler,COMPLETE
442,1.8546360731124878,2025-04-26 13:57:23.628986,2025-04-26 13:57:34.769922,0 days 00:00:11.140936,1,95,505,388.0,184.0,,3,52,0.24151707884158277,0.00039792120930117695,0.6,/work3/arnaou/checkpoints/megnet_Vc_trial_442_best_state.pt,"{'learning_rate': 0.00039792120930117695, 'lr_reduce': 0.6}",TPESampler,COMPLETE
443,1.8388465642929077,2025-04-26 13:57:34.952034,2025-04-26 13:57:38.382530,0 days 00:00:03.430496,1,62,481,477.0,123.0,465.0,4,65,0.17732223575877548,0.0009397348108443516,0.6,/work3/arnaou/checkpoints/megnet_Vc_trial_443_best_state.pt,"{'learning_rate': 0.0009397348108443516, 'lr_reduce': 0.6}",TPESampler,COMPLETE
444,1.4321520328521729,2025-04-26 13:57:38.612067,2025-04-26 13:57:50.805193,0 days 00:00:12.193126,4,80,503,325.0,148.0,463.0,4,55,0.055613946199113806,0.0004515089101010683,0.6,/work3/arnaou/checkpoints/megnet_Vc_trial_444_best_state.pt,"{'learning_rate': 0.0004515089101010683, 'lr_reduce': 0.6}",TPESampler,COMPLETE
445,0.6168829798698425,2025-04-26 13:57:47.030753,2025-04-26 13:58:02.529916,0 days 00:00:15.499163,1,104,215,419.0,99.0,410.0,4,85,0.12551127474967516,0.0007258759612642053,0.6,/work3/arnaou/checkpoints/megnet_Vc_trial_445_best_state.pt,"{'learning_rate': 0.0007258759612642053, 'lr_reduce': 0.6}",TPESampler,COMPLETE
446,1.8423283100128174,2025-04-26 13:57:51.176816,2025-04-26 13:57:55.953402,0 days 00:00:04.776586,2,97,163,468.0,,,2,42,0.01028278351890155,0.000997403083023483,0.6,/work3/arnaou/checkpoints/megnet_Vc_trial_446_best_state.pt,"{'learning_rate': 0.000997403083023483, 'lr_reduce': 0.6}",TPESampler,COMPLETE
447,0.1684369295835495,2025-04-26 13:57:55.500018,2025-04-26 13:58:28.608668,0 days 00:00:33.108650,1,91,309,364.0,188.0,411.0,4,55,0.2052629730210703,0.0012909312271714535,0.6,/work3/arnaou/checkpoints/megnet_Vc_trial_447_best_state.pt,"{'learning_rate': 0.0012909312271714535, 'lr_reduce': 0.6}",TPESampler,COMPLETE
448,0.18007421493530273,2025-04-26 13:57:56.544365,2025-04-26 13:58:24.807865,0 days 00:00:28.263500,1,74,329,391.0,159.0,385.0,4,53,0.1949388080820648,0.0006932249660721392,0.6,/work3/arnaou/checkpoints/megnet_Vc_trial_448_best_state.pt,"{'learning_rate': 0.0006932249660721392, 'lr_reduce': 0.6}",TPESampler,COMPLETE
449,0.24820175766944885,2025-04-26 13:58:02.988926,2025-04-26 13:58:37.607947,0 days 00:00:34.619021,2,90,357,402.0,173.0,,3,64,0.11039243297945603,0.0005185555388570666,0.6,/work3/arnaou/checkpoints/megnet_Vc_trial_449_best_state.pt,"{'learning_rate': 0.0005185555388570666, 'lr_reduce': 0.6}",TPESampler,COMPLETE
450,0.4056433439254761,2025-04-26 13:58:24.996757,2025-04-26 13:59:05.435035,0 days 00:00:40.438278,2,121,368,400.0,,,2,35,0.1670711607607449,0.0029961640957161004,0.6,/work3/arnaou/checkpoints/megnet_Vc_trial_450_best_state.pt,"{'learning_rate': 0.0029961640957161004, 'lr_reduce': 0.6}",TPESampler,COMPLETE
451,1.8624531030654907,2025-04-26 13:58:28.785345,2025-04-26 13:58:33.265758,0 days 00:00:04.480413,1,81,316,414.0,105.0,416.0,4,41,0.20292177285227195,0.0008271501253830091,0.6,/work3/arnaou/checkpoints/megnet_Vc_trial_451_best_state.pt,"{'learning_rate': 0.0008271501253830091, 'lr_reduce': 0.6}",TPESampler,COMPLETE
452,0.3092333674430847,2025-04-26 13:58:33.447583,2025-04-26 13:59:15.456051,0 days 00:00:42.008468,1,98,335,359.0,150.0,416.0,4,60,0.035179746135837936,0.0002452691029926354,0.6,/work3/arnaou/checkpoints/megnet_Vc_trial_452_best_state.pt,"{'learning_rate': 0.0002452691029926354, 'lr_reduce': 0.6}",TPESampler,COMPLETE
453,1.8336623907089233,2025-04-26 13:58:37.806749,2025-04-26 13:58:42.169084,0 days 00:00:04.362335,1,66,329,403.0,66.0,430.0,4,34,0.2320934468266862,0.0020301491598564963,0.6,/work3/arnaou/checkpoints/megnet_Vc_trial_453_best_state.pt,"{'learning_rate': 0.0020301491598564963, 'lr_reduce': 0.6}",TPESampler,COMPLETE
454,1.802286148071289,2025-04-26 13:58:42.378141,2025-04-26 13:58:49.793297,0 days 00:00:07.415156,4,106,503,,,,1,48,0.17974209945035607,0.000562210413254173,0.6,/work3/arnaou/checkpoints/megnet_Vc_trial_454_best_state.pt,"{'learning_rate': 0.000562210413254173, 'lr_reduce': 0.6}",TPESampler,COMPLETE
455,0.1530030220746994,2025-04-26 13:58:50.043652,2025-04-26 13:59:29.251292,0 days 00:00:39.207640,1,72,503,421.0,201.0,,3,89,0.13178879487013712,0.0013152851090764855,0.6,/work3/arnaou/checkpoints/megnet_Vc_trial_455_best_state.pt,"{'learning_rate': 0.0013152851090764855, 'lr_reduce': 0.6}",TPESampler,COMPLETE
456,1.8603034019470215,2025-04-26 13:59:05.927380,2025-04-26 13:59:10.714067,0 days 00:00:04.786687,3,42,384,418.0,138.0,447.0,4,51,0.1971591427271018,0.0001633828228698897,0.6,/work3/arnaou/checkpoints/megnet_Vc_trial_456_best_state.pt,"{'learning_rate': 0.0001633828228698897, 'lr_reduce': 0.6}",TPESampler,COMPLETE
457,0.36892709136009216,2025-04-26 13:59:10.908618,2025-04-26 13:59:28.360662,0 days 00:00:17.452044,1,100,388,292.0,122.0,449.0,4,49,0.23760010334966675,0.001810389053164976,0.6,/work3/arnaou/checkpoints/megnet_Vc_trial_457_best_state.pt,"{'learning_rate': 0.001810389053164976, 'lr_reduce': 0.6}",TPESampler,COMPLETE
458,0.20889857411384583,2025-04-26 13:59:15.637194,2025-04-26 13:59:50.390622,0 days 00:00:34.753428,1,84,288,363.0,191.0,356.0,4,55,0.2381724166835284,0.0013196148932606048,0.6,/work3/arnaou/checkpoints/megnet_Vc_trial_458_best_state.pt,"{'learning_rate': 0.0013196148932606048, 'lr_reduce': 0.6}",TPESampler,COMPLETE
459,0.29322975873947144,2025-04-26 13:59:28.661152,2025-04-26 14:00:05.199237,0 days 00:00:36.538085,1,95,371,430.0,226.0,,3,46,0.18521686914641478,0.0009479435838838758,0.6,/work3/arnaou/checkpoints/megnet_Vc_trial_459_best_state.pt,"{'learning_rate': 0.0009479435838838758, 'lr_reduce': 0.6}",TPESampler,COMPLETE
460,0.3227284848690033,2025-04-26 13:59:29.532077,2025-04-26 14:00:06.236865,0 days 00:00:36.704788,1,81,235,435.0,215.0,460.0,4,61,0.15841063969259542,0.0006295412152900444,0.6,/work3/arnaou/checkpoints/megnet_Vc_trial_460_best_state.pt,"{'learning_rate': 0.0006295412152900444, 'lr_reduce': 0.6}",TPESampler,COMPLETE
461,0.1818428486585617,2025-04-26 13:59:50.592074,2025-04-26 14:00:25.481504,0 days 00:00:34.889430,1,78,440,439.0,202.0,422.0,4,79,0.17240970550870577,0.0008755285547982697,0.6,/work3/arnaou/checkpoints/megnet_Vc_trial_461_best_state.pt,"{'learning_rate': 0.0008755285547982697, 'lr_reduce': 0.6}",TPESampler,COMPLETE
462,1.8002547025680542,2025-04-26 14:00:05.420284,2025-04-26 14:00:10.753388,0 days 00:00:05.333104,2,80,435,377.0,,,2,109,0.14903427995136295,0.0020959394217450024,0.6,/work3/arnaou/checkpoints/megnet_Vc_trial_462_best_state.pt,"{'learning_rate': 0.0020959394217450024, 'lr_reduce': 0.6}",TPESampler,COMPLETE
463,1.8405776023864746,2025-04-26 14:00:06.455566,2025-04-26 14:00:11.193158,0 days 00:00:04.737592,2,45,441,436.0,200.0,463.0,4,39,0.21591287688312638,0.0018063797954165782,0.6,/work3/arnaou/checkpoints/megnet_Vc_trial_463_best_state.pt,"{'learning_rate': 0.0018063797954165782, 'lr_reduce': 0.6}",TPESampler,COMPLETE
464,0.2682669162750244,2025-04-26 14:00:10.945574,2025-04-26 14:00:30.694558,0 days 00:00:19.748984,1,75,478,333.0,199.0,,3,100,0.10659607248987363,0.0008411923352794377,0.6,/work3/arnaou/checkpoints/megnet_Vc_trial_464_best_state.pt,"{'learning_rate': 0.0008411923352794377, 'lr_reduce': 0.6}",TPESampler,COMPLETE
465,0.27676352858543396,2025-04-26 14:00:11.372801,2025-04-26 14:00:44.221982,0 days 00:00:32.849181,1,104,244,461.0,178.0,468.0,4,67,0.09826963769047395,0.0003427095384781549,0.6,/work3/arnaou/checkpoints/megnet_Vc_trial_465_best_state.pt,"{'learning_rate': 0.0003427095384781549, 'lr_reduce': 0.6}",TPESampler,COMPLETE
466,1.4346693754196167,2025-04-26 14:00:25.681710,2025-04-26 14:00:32.038792,0 days 00:00:06.357082,2,56,406,382.0,170.0,408.0,4,100,0.16040533101288354,0.0031651442495079455,0.6,/work3/arnaou/checkpoints/megnet_Vc_trial_466_best_state.pt,"{'learning_rate': 0.0031651442495079455, 'lr_reduce': 0.6}",TPESampler,COMPLETE
467,0.19083379209041595,2025-04-26 14:00:30.876121,2025-04-26 14:01:04.850457,0 days 00:00:33.974336,1,82,251,432.0,232.0,475.0,4,80,0.10159127636483455,0.0003335952177232622,0.6,/work3/arnaou/checkpoints/megnet_Vc_trial_467_best_state.pt,"{'learning_rate': 0.0003335952177232622, 'lr_reduce': 0.6}",TPESampler,COMPLETE
468,1.7853829860687256,2025-04-26 14:00:32.244750,2025-04-26 14:00:36.106467,0 days 00:00:03.861717,1,58,486,473.0,,,2,115,0.14888707668426554,0.003859733381175776,0.6,/work3/arnaou/checkpoints/megnet_Vc_trial_468_best_state.pt,"{'learning_rate': 0.003859733381175776, 'lr_reduce': 0.6}",TPESampler,COMPLETE
469,0.38607552647590637,2025-04-26 14:00:36.297671,2025-04-26 14:00:53.849313,0 days 00:00:17.551642,1,63,114,387.0,,,2,120,0.015591358526181487,0.004954215514662673,0.6,/work3/arnaou/checkpoints/megnet_Vc_trial_469_best_state.pt,"{'learning_rate': 0.004954215514662673, 'lr_reduce': 0.6}",TPESampler,COMPLETE
470,1.4387049674987793,2025-04-26 14:00:44.443601,2025-04-26 14:00:54.091828,0 days 00:00:09.648227,4,54,81,436.0,162.0,512.0,4,58,0.08478564232295926,0.0035786902053498663,0.6,/work3/arnaou/checkpoints/megnet_Vc_trial_470_best_state.pt,"{'learning_rate': 0.0035786902053498663, 'lr_reduce': 0.6}",TPESampler,COMPLETE
471,1.3893660306930542,2025-04-26 14:00:54.043474,2025-04-26 14:01:03.940066,0 days 00:00:09.896592,4,110,487,470.0,161.0,418.0,4,107,0.17705323562311537,0.00443805554810402,0.6,/work3/arnaou/checkpoints/megnet_Vc_trial_471_best_state.pt,"{'learning_rate': 0.00443805554810402, 'lr_reduce': 0.6}",TPESampler,COMPLETE
472,0.20444355905056,2025-04-26 14:00:54.365349,2025-04-26 14:01:16.647550,0 days 00:00:22.282201,1,74,226,412.0,218.0,,3,94,0.0646416261104339,0.0007654677341216992,0.6,/work3/arnaou/checkpoints/megnet_Vc_trial_472_best_state.pt,"{'learning_rate': 0.0007654677341216992, 'lr_reduce': 0.6}",TPESampler,COMPLETE
473,0.48856163024902344,2025-04-26 14:01:04.228561,2025-04-26 14:01:37.470372,0 days 00:00:33.241811,2,45,414,347.0,152.0,,3,101,0.06233810202361788,0.0028892209060413484,0.6,/work3/arnaou/checkpoints/megnet_Vc_trial_473_best_state.pt,"{'learning_rate': 0.0028892209060413484, 'lr_reduce': 0.6}",TPESampler,COMPLETE
474,0.1744723916053772,2025-04-26 14:01:05.074818,2025-04-26 14:01:34.434559,0 days 00:00:29.359741,1,98,366,271.0,154.0,465.0,4,40,0.21258570890336584,0.0006605454739517365,0.6,/work3/arnaou/checkpoints/megnet_Vc_trial_474_best_state.pt,"{'learning_rate': 0.0006605454739517365, 'lr_reduce': 0.6}",TPESampler,COMPLETE
475,1.3920361995697021,2025-04-26 14:01:16.851783,2025-04-26 14:01:53.528403,0 days 00:00:36.676620,2,74,323,470.0,330.0,471.0,4,47,0.23205782874331232,0.0006545476137107722,0.6,/work3/arnaou/checkpoints/megnet_Vc_trial_475_best_state.pt,"{'learning_rate': 0.0006545476137107722, 'lr_reduce': 0.6}",TPESampler,COMPLETE
