number,value,datetime_start,datetime_complete,duration,params_depth,params_edge_hidden_dim,params_mlp_dim_00,params_mlp_dim_01,params_mlp_dim_02,params_mlp_dim_03,params_mlp_n_layers,params_node_hidden_dim,params_rep_dropout,params_train_learning_rate,params_train_lr_reduce,user_attrs_best_state_dict_path,user_attrs_training_params,system_attrs_auto:sampler,state
2168,0.18634095788002014,2025-04-26 16:46:02.247920,2025-04-26 16:46:24.927955,0 days 00:00:22.680035,1,70,511,315.0,315.0,,3,81,0.1615363903247931,0.0007807495303162879,0.6,/work3/arnaou/checkpoints/megnet_Vc_trial_2168_best_state.pt,"{'learning_rate': 0.0007807495303162879, 'lr_reduce': 0.6}",TPESampler,COMPLETE
2169,0.2410155087709427,2025-04-26 16:46:02.429258,2025-04-26 16:46:29.217756,0 days 00:00:26.788498,1,74,409,339.0,287.0,437.0,4,72,0.14188635380752843,0.001398453372946469,0.6,/work3/arnaou/checkpoints/megnet_Vc_trial_2169_best_state.pt,"{'learning_rate': 0.001398453372946469, 'lr_reduce': 0.6}",TPESampler,COMPLETE
2170,0.22098876535892487,2025-04-26 16:46:05.455713,2025-04-26 16:46:35.227848,0 days 00:00:29.772135,1,85,422,271.0,280.0,480.0,4,49,0.2450415403730155,0.0013502164651016883,0.6,/work3/arnaou/checkpoints/megnet_Vc_trial_2170_best_state.pt,"{'learning_rate': 0.0013502164651016883, 'lr_reduce': 0.6}",TPESampler,COMPLETE
2171,0.28640636801719666,2025-04-26 16:46:25.205894,2025-04-26 16:47:00.996877,0 days 00:00:35.790983,2,77,449,240.0,240.0,404.0,4,69,0.20517832876581332,0.0006291375489856088,0.6,/work3/arnaou/checkpoints/megnet_Vc_trial_2171_best_state.pt,"{'learning_rate': 0.0006291375489856088, 'lr_reduce': 0.6}",TPESampler,COMPLETE
2172,0.3298906683921814,2025-04-26 16:46:29.489776,2025-04-26 16:47:04.577679,0 days 00:00:35.087903,1,71,412,215.0,355.0,477.0,4,71,0.22004801558505127,0.0012260176814688187,0.6,/work3/arnaou/checkpoints/megnet_Vc_trial_2172_best_state.pt,"{'learning_rate': 0.0012260176814688187, 'lr_reduce': 0.6}",TPESampler,COMPLETE
2173,1.288440227508545,2025-04-26 16:46:35.479429,2025-04-26 16:46:42.873023,0 days 00:00:07.393594,1,80,512,299.0,239.0,445.0,4,72,0.22495298116917795,0.0006044624583365318,0.6,/work3/arnaou/checkpoints/megnet_Vc_trial_2173_best_state.pt,"{'learning_rate': 0.0006044624583365318, 'lr_reduce': 0.6}",TPESampler,COMPLETE
2174,0.1566963940858841,2025-04-26 16:46:43.112941,2025-04-26 16:47:15.116592,0 days 00:00:32.003651,1,85,501,256.0,313.0,,3,59,0.24177785469183463,0.0011427681693350262,0.6,/work3/arnaou/checkpoints/megnet_Vc_trial_2174_best_state.pt,"{'learning_rate': 0.0011427681693350262, 'lr_reduce': 0.6}",TPESampler,COMPLETE
2175,1.851767659187317,2025-04-26 16:47:01.995567,2025-04-26 16:47:05.763161,0 days 00:00:03.767594,1,85,377,330.0,281.0,373.0,4,53,0.22498731630152033,0.0007751321408823,0.6,/work3/arnaou/checkpoints/megnet_Vc_trial_2175_best_state.pt,"{'learning_rate': 0.0007751321408823, 'lr_reduce': 0.6}",TPESampler,COMPLETE
2176,1.2296169996261597,2025-04-26 16:47:04.826437,2025-04-26 16:47:13.526845,0 days 00:00:08.700408,2,54,493,213.0,236.0,,3,96,0.14463919133342126,0.0019321420973686066,0.6,/work3/arnaou/checkpoints/megnet_Vc_trial_2176_best_state.pt,"{'learning_rate': 0.0019321420973686066, 'lr_reduce': 0.6}",TPESampler,COMPLETE
2177,1.3370612859725952,2025-04-26 16:47:06.004501,2025-04-26 16:47:13.124979,0 days 00:00:07.120478,2,75,351,,,,1,66,0.20238721267858936,0.009293088015483725,0.6,/work3/arnaou/checkpoints/megnet_Vc_trial_2177_best_state.pt,"{'learning_rate': 0.009293088015483725, 'lr_reduce': 0.6}",TPESampler,COMPLETE
2178,0.22674356400966644,2025-04-26 16:47:13.379716,2025-04-26 16:47:39.146221,0 days 00:00:25.766505,1,46,400,290.0,324.0,,3,84,0.16037182073308967,0.001183262207061342,0.6,/work3/arnaou/checkpoints/megnet_Vc_trial_2178_best_state.pt,"{'learning_rate': 0.001183262207061342, 'lr_reduce': 0.6}",TPESampler,COMPLETE
2179,0.21431629359722137,2025-04-26 16:47:13.829186,2025-04-26 16:47:38.796992,0 days 00:00:24.967806,1,56,421,268.0,269.0,476.0,4,76,0.24593522778931243,0.0013942240179897138,0.6,/work3/arnaou/checkpoints/megnet_Vc_trial_2179_best_state.pt,"{'learning_rate': 0.0013942240179897138, 'lr_reduce': 0.6}",TPESampler,COMPLETE
2180,1.8625695705413818,2025-04-26 16:47:15.393418,2025-04-26 16:47:20.526928,0 days 00:00:05.133510,1,68,390,345.0,242.0,,3,65,0.2422589394201323,0.00032168988817249595,0.6,/work3/arnaou/checkpoints/megnet_Vc_trial_2180_best_state.pt,"{'learning_rate': 0.00032168988817249595, 'lr_reduce': 0.6}",TPESampler,COMPLETE
2181,0.10590121895074844,2025-04-26 16:47:20.785549,2025-04-26 16:47:55.249987,0 days 00:00:34.464438,1,76,433,218.0,302.0,413.0,4,48,0.2074399424538653,0.0009682610885052825,0.6,/work3/arnaou/checkpoints/megnet_Vc_trial_2181_best_state.pt,"{'learning_rate': 0.0009682610885052825, 'lr_reduce': 0.6}",TPESampler,COMPLETE
2182,1.8606750965118408,2025-04-26 16:47:39.099295,2025-04-26 16:47:43.852353,0 days 00:00:04.753058,1,88,500,211.0,337.0,442.0,4,66,0.19789731663986035,0.0003961609111625648,0.6,/work3/arnaou/checkpoints/megnet_Vc_trial_2182_best_state.pt,"{'learning_rate': 0.0003961609111625648, 'lr_reduce': 0.6}",TPESampler,COMPLETE
2183,1.8620989322662354,2025-04-26 16:47:39.421318,2025-04-26 16:47:43.821691,0 days 00:00:04.400373,1,67,312,264.0,228.0,478.0,4,85,0.19121802010525035,0.00039017239607476553,0.6,/work3/arnaou/checkpoints/megnet_Vc_trial_2183_best_state.pt,"{'learning_rate': 0.00039017239607476553, 'lr_reduce': 0.6}",TPESampler,COMPLETE
2184,0.21874769032001495,2025-04-26 16:47:44.036111,2025-04-26 16:48:16.675570,0 days 00:00:32.639459,1,57,449,346.0,359.0,480.0,4,74,0.2480659534368594,0.0007258159473512367,0.6,/work3/arnaou/checkpoints/megnet_Vc_trial_2184_best_state.pt,"{'learning_rate': 0.0007258159473512367, 'lr_reduce': 0.6}",TPESampler,COMPLETE
2185,1.0185027122497559,2025-04-26 16:47:44.314755,2025-04-26 16:47:56.026180,0 days 00:00:11.711425,4,78,282,,,,1,37,0.12127082791835175,0.008396763138511473,0.6,/work3/arnaou/checkpoints/megnet_Vc_trial_2185_best_state.pt,"{'learning_rate': 0.008396763138511473, 'lr_reduce': 0.6}",TPESampler,COMPLETE
2186,0.5165743231773376,2025-04-26 16:47:55.487127,2025-04-26 16:48:12.426221,0 days 00:00:16.939094,3,118,67,206.0,308.0,,3,86,0.21401443907954634,0.007924673409788181,0.6,/work3/arnaou/checkpoints/megnet_Vc_trial_2186_best_state.pt,"{'learning_rate': 0.007924673409788181, 'lr_reduce': 0.6}",TPESampler,COMPLETE
2187,1.846016764640808,2025-04-26 16:47:56.332673,2025-04-26 16:48:00.974306,0 days 00:00:04.641633,2,51,410,219.0,324.0,363.0,4,79,0.159966236597092,0.0011175045168495597,0.6,/work3/arnaou/checkpoints/megnet_Vc_trial_2187_best_state.pt,"{'learning_rate': 0.0011175045168495597, 'lr_reduce': 0.6}",TPESampler,COMPLETE
2188,0.19920822978019714,2025-04-26 16:48:01.337061,2025-04-26 16:48:28.615395,0 days 00:00:27.278334,1,70,232,228.0,310.0,,3,64,0.2338122807231111,0.0005868236135838162,0.6,/work3/arnaou/checkpoints/megnet_Vc_trial_2188_best_state.pt,"{'learning_rate': 0.0005868236135838162, 'lr_reduce': 0.6}",TPESampler,COMPLETE
2189,1.8074854612350464,2025-04-26 16:48:12.689223,2025-04-26 16:48:16.621630,0 days 00:00:03.932407,1,68,314,220.0,296.0,381.0,4,33,0.23705245341882797,0.0044656639253365625,0.6,/work3/arnaou/checkpoints/megnet_Vc_trial_2189_best_state.pt,"{'learning_rate': 0.0044656639253365625, 'lr_reduce': 0.6}",TPESampler,COMPLETE
2190,0.12628118693828583,2025-04-26 16:48:16.812215,2025-04-26 16:48:48.810329,0 days 00:00:31.998114,1,64,466,191.0,292.0,400.0,4,66,0.2442784586606805,0.000726447592685612,0.6,/work3/arnaou/checkpoints/megnet_Vc_trial_2190_best_state.pt,"{'learning_rate': 0.000726447592685612, 'lr_reduce': 0.6}",TPESampler,COMPLETE
2191,1.8448411226272583,2025-04-26 16:48:16.909799,2025-04-26 16:48:21.141869,0 days 00:00:04.232070,1,66,213,215.0,,,2,32,0.1493654318925579,0.0016183202984672153,0.6,/work3/arnaou/checkpoints/megnet_Vc_trial_2191_best_state.pt,"{'learning_rate': 0.0016183202984672153, 'lr_reduce': 0.6}",TPESampler,COMPLETE
2192,1.8615708351135254,2025-04-26 16:48:21.345496,2025-04-26 16:48:24.920639,0 days 00:00:03.575143,1,36,271,243.0,342.0,,3,49,0.17151936094011988,0.00038487669785086496,0.6,/work3/arnaou/checkpoints/megnet_Vc_trial_2192_best_state.pt,"{'learning_rate': 0.00038487669785086496, 'lr_reduce': 0.6}",TPESampler,COMPLETE
2193,0.23740039765834808,2025-04-26 16:48:25.195679,2025-04-26 16:48:59.019454,0 days 00:00:33.823775,2,74,449,200.0,290.0,,3,63,0.24348092506359198,0.0007219741488735126,0.6,/work3/arnaou/checkpoints/megnet_Vc_trial_2193_best_state.pt,"{'learning_rate': 0.0007219741488735126, 'lr_reduce': 0.6}",TPESampler,COMPLETE
2194,0.16311326622962952,2025-04-26 16:48:28.902169,2025-04-26 16:49:02.292804,0 days 00:00:33.390635,1,83,444,244.0,320.0,390.0,4,46,0.24955564024437432,0.0004619064909210707,0.6,/work3/arnaou/checkpoints/megnet_Vc_trial_2194_best_state.pt,"{'learning_rate': 0.0004619064909210707, 'lr_reduce': 0.6}",TPESampler,COMPLETE
2195,0.3529227674007416,2025-04-26 16:48:49.083382,2025-04-26 16:49:19.346784,0 days 00:00:30.263402,1,77,424,188.0,358.0,363.0,4,55,0.19861370616798985,0.0020562098708560377,0.6,/work3/arnaou/checkpoints/megnet_Vc_trial_2195_best_state.pt,"{'learning_rate': 0.0020562098708560377, 'lr_reduce': 0.6}",TPESampler,COMPLETE
2196,1.8547189235687256,2025-04-26 16:48:59.264908,2025-04-26 16:49:04.635903,0 days 00:00:05.370995,2,78,291,242.0,,,2,52,0.24248636209509553,0.00024212874897549657,0.6,/work3/arnaou/checkpoints/megnet_Vc_trial_2196_best_state.pt,"{'learning_rate': 0.00024212874897549657, 'lr_reduce': 0.6}",TPESampler,COMPLETE
2197,0.16975153982639313,2025-04-26 16:49:02.546900,2025-04-26 16:49:34.056597,0 days 00:00:31.509697,1,79,405,244.0,285.0,402.0,4,63,0.22310378928543403,0.0009143490119250683,0.6,/work3/arnaou/checkpoints/megnet_Vc_trial_2197_best_state.pt,"{'learning_rate': 0.0009143490119250683, 'lr_reduce': 0.6}",TPESampler,COMPLETE
2198,0.14890824258327484,2025-04-26 16:49:04.873003,2025-04-26 16:49:34.448249,0 days 00:00:29.575246,1,71,148,234.0,274.0,,3,55,0.22830977578686448,0.0010245800306966269,0.6,/work3/arnaou/checkpoints/megnet_Vc_trial_2198_best_state.pt,"{'learning_rate': 0.0010245800306966269, 'lr_reduce': 0.6}",TPESampler,COMPLETE
2199,0.19522137939929962,2025-04-26 16:49:19.576505,2025-04-26 16:49:50.378840,0 days 00:00:30.802335,2,92,486,214.0,318.0,323.0,4,59,0.2030834660137102,0.000830542668569118,0.6,/work3/arnaou/checkpoints/megnet_Vc_trial_2199_best_state.pt,"{'learning_rate': 0.000830542668569118, 'lr_reduce': 0.6}",TPESampler,COMPLETE
2200,0.2959897816181183,2025-04-26 16:49:34.302941,2025-04-26 16:49:51.179446,0 days 00:00:16.876505,1,68,384,194.0,278.0,401.0,4,70,0.20635064621716825,0.0009523322103804667,0.6,/work3/arnaou/checkpoints/megnet_Vc_trial_2200_best_state.pt,"{'learning_rate': 0.0009523322103804667, 'lr_reduce': 0.6}",TPESampler,COMPLETE
2201,1.7849987745285034,2025-04-26 16:49:34.691658,2025-04-26 16:49:39.188327,0 days 00:00:04.496669,4,59,212,,,,1,111,0.03819238761041621,0.00875868204939345,0.6,/work3/arnaou/checkpoints/megnet_Vc_trial_2201_best_state.pt,"{'learning_rate': 0.00875868204939345, 'lr_reduce': 0.6}",TPESampler,COMPLETE
2202,0.3013669550418854,2025-04-26 16:49:39.447151,2025-04-26 16:50:06.325857,0 days 00:00:26.878706,1,89,443,271.0,347.0,404.0,4,58,0.23721886468440345,0.0008282510368131237,0.6,/work3/arnaou/checkpoints/megnet_Vc_trial_2202_best_state.pt,"{'learning_rate': 0.0008282510368131237, 'lr_reduce': 0.6}",TPESampler,COMPLETE
2203,0.4355141520500183,2025-04-26 16:49:50.631127,2025-04-26 16:50:29.361493,0 days 00:00:38.730366,1,76,442,205.0,311.0,407.0,4,53,0.21276499349462316,0.0004148258499285803,0.6,/work3/arnaou/checkpoints/megnet_Vc_trial_2203_best_state.pt,"{'learning_rate': 0.0004148258499285803, 'lr_reduce': 0.6}",TPESampler,COMPLETE
2204,1.8367396593093872,2025-04-26 16:49:51.411291,2025-04-26 16:49:55.448544,0 days 00:00:04.037253,2,72,418,270.0,263.0,352.0,4,56,0.2233691108875673,0.0016212830132292105,0.6,/work3/arnaou/checkpoints/megnet_Vc_trial_2204_best_state.pt,"{'learning_rate': 0.0016212830132292105, 'lr_reduce': 0.6}",TPESampler,COMPLETE
2205,0.30433452129364014,2025-04-26 16:49:55.688525,2025-04-26 16:50:31.489044,0 days 00:00:35.800519,1,88,419,211.0,280.0,414.0,4,65,0.2191197052883843,0.0007619849189699972,0.6,/work3/arnaou/checkpoints/megnet_Vc_trial_2205_best_state.pt,"{'learning_rate': 0.0007619849189699972, 'lr_reduce': 0.6}",TPESampler,COMPLETE
2206,1.8623614311218262,2025-04-26 16:50:06.578086,2025-04-26 16:50:14.663176,0 days 00:00:08.085090,4,36,503,182.0,359.0,410.0,4,44,0.2434768872306708,0.000596656763133355,0.6,/work3/arnaou/checkpoints/megnet_Vc_trial_2206_best_state.pt,"{'learning_rate': 0.000596656763133355, 'lr_reduce': 0.6}",TPESampler,COMPLETE
2207,0.3039843440055847,2025-04-26 16:50:14.905656,2025-04-26 16:50:50.994071,0 days 00:00:36.088415,1,76,442,244.0,312.0,,3,52,0.2487980468889137,0.000982630027042506,0.6,/work3/arnaou/checkpoints/megnet_Vc_trial_2207_best_state.pt,"{'learning_rate': 0.000982630027042506, 'lr_reduce': 0.6}",TPESampler,COMPLETE
2208,0.2587013244628906,2025-04-26 16:50:29.603917,2025-04-26 16:50:53.630323,0 days 00:00:24.026406,1,127,117,288.0,266.0,375.0,4,80,0.06125662057360015,0.0005068430257077494,0.6,/work3/arnaou/checkpoints/megnet_Vc_trial_2208_best_state.pt,"{'learning_rate': 0.0005068430257077494, 'lr_reduce': 0.6}",TPESampler,COMPLETE
2209,1.8229178190231323,2025-04-26 16:50:31.731960,2025-04-26 16:50:36.181184,0 days 00:00:04.449224,2,66,223,181.0,320.0,,3,49,0.2484997743954214,0.0029719892329448027,0.6,/work3/arnaou/checkpoints/megnet_Vc_trial_2209_best_state.pt,"{'learning_rate': 0.0029719892329448027, 'lr_reduce': 0.6}",TPESampler,COMPLETE
2210,1.8514600992202759,2025-04-26 16:50:36.402964,2025-04-26 16:50:41.130997,0 days 00:00:04.728033,2,45,189,,,,1,105,0.20687181559399992,0.00023301370811650642,0.6,/work3/arnaou/checkpoints/megnet_Vc_trial_2210_best_state.pt,"{'learning_rate': 0.00023301370811650642, 'lr_reduce': 0.6}",TPESampler,COMPLETE
2211,0.3722827732563019,2025-04-26 16:50:41.391936,2025-04-26 16:51:20.332111,0 days 00:00:38.940175,1,80,451,258.0,240.0,418.0,4,49,0.20074093285980216,0.000827031434549638,0.6,/work3/arnaou/checkpoints/megnet_Vc_trial_2211_best_state.pt,"{'learning_rate': 0.000827031434549638, 'lr_reduce': 0.6}",TPESampler,COMPLETE
2212,0.19665183126926422,2025-04-26 16:50:51.238268,2025-04-26 16:51:21.159349,0 days 00:00:29.921081,1,83,260,227.0,272.0,,3,55,0.19458494351365083,0.0007552190264055879,0.6,/work3/arnaou/checkpoints/megnet_Vc_trial_2212_best_state.pt,"{'learning_rate': 0.0007552190264055879, 'lr_reduce': 0.6}",TPESampler,COMPLETE
2213,1.7948652505874634,2025-04-26 16:50:53.919983,2025-04-26 16:50:58.063479,0 days 00:00:04.143496,1,86,366,301.0,355.0,340.0,4,63,0.21223679931941547,0.0017707097895995184,0.6,/work3/arnaou/checkpoints/megnet_Vc_trial_2213_best_state.pt,"{'learning_rate': 0.0017707097895995184, 'lr_reduce': 0.6}",TPESampler,COMPLETE
2214,1.8577884435653687,2025-04-26 16:50:58.291228,2025-04-26 16:51:02.452624,0 days 00:00:04.161396,1,83,327,258.0,235.0,,3,47,0.24810682556816788,0.00044643715863917086,0.6,/work3/arnaou/checkpoints/megnet_Vc_trial_2214_best_state.pt,"{'learning_rate': 0.00044643715863917086, 'lr_reduce': 0.6}",TPESampler,COMPLETE
2215,0.20312266051769257,2025-04-26 16:51:02.692192,2025-04-26 16:51:34.072602,0 days 00:00:31.380410,1,70,382,193.0,301.0,419.0,4,50,0.12215567715264852,0.0017209158103469104,0.6,/work3/arnaou/checkpoints/megnet_Vc_trial_2215_best_state.pt,"{'learning_rate': 0.0017209158103469104, 'lr_reduce': 0.6}",TPESampler,COMPLETE
2216,0.29312291741371155,2025-04-26 16:51:20.590107,2025-04-26 16:51:35.926853,0 days 00:00:15.336746,1,83,511,193.0,271.0,373.0,4,51,0.1739602401815611,0.0010234601416772011,0.6,/work3/arnaou/checkpoints/megnet_Vc_trial_2216_best_state.pt,"{'learning_rate': 0.0010234601416772011, 'lr_reduce': 0.6}",TPESampler,COMPLETE
2217,0.4579809904098511,2025-04-26 16:51:21.428022,2025-04-26 16:51:52.505353,0 days 00:00:31.077331,1,40,251,284.0,323.0,418.0,4,108,0.02813365194134912,0.0023311837499119894,0.6,/work3/arnaou/checkpoints/megnet_Vc_trial_2217_best_state.pt,"{'learning_rate': 0.0023311837499119894, 'lr_reduce': 0.6}",TPESampler,COMPLETE
2218,0.32252511382102966,2025-04-26 16:51:34.356081,2025-04-26 16:51:50.570527,0 days 00:00:16.214446,1,67,198,235.0,232.0,,3,50,0.24313490857869122,0.0023147369545038596,0.6,/work3/arnaou/checkpoints/megnet_Vc_trial_2218_best_state.pt,"{'learning_rate': 0.0023147369545038596, 'lr_reduce': 0.6}",TPESampler,COMPLETE
2219,1.8618929386138916,2025-04-26 16:51:36.187974,2025-04-26 16:51:40.519925,0 days 00:00:04.331951,1,62,511,341.0,282.0,424.0,4,54,0.19922889379153336,0.0003547086464374068,0.6,/work3/arnaou/checkpoints/megnet_Vc_trial_2219_best_state.pt,"{'learning_rate': 0.0003547086464374068, 'lr_reduce': 0.6}",TPESampler,COMPLETE
2220,0.23578272759914398,2025-04-26 16:51:40.740943,2025-04-26 16:52:09.396655,0 days 00:00:28.655712,1,89,359,187.0,325.0,,3,50,0.2493610918946206,0.0013335391458904834,0.6,/work3/arnaou/checkpoints/megnet_Vc_trial_2220_best_state.pt,"{'learning_rate': 0.0013335391458904834, 'lr_reduce': 0.6}",TPESampler,COMPLETE
2221,1.4856880903244019,2025-04-26 16:51:50.816854,2025-04-26 16:52:01.039034,0 days 00:00:10.222180,4,87,325,223.0,365.0,,3,120,0.10292140871746726,0.0010151084334786371,0.6,/work3/arnaou/checkpoints/megnet_Vc_trial_2221_best_state.pt,"{'learning_rate': 0.0010151084334786371, 'lr_reduce': 0.6}",TPESampler,COMPLETE
2222,0.19530293345451355,2025-04-26 16:51:52.892905,2025-04-26 16:52:23.986892,0 days 00:00:31.093987,1,64,403,291.0,239.0,,3,111,0.11154260711928668,0.002163257408416009,0.6,/work3/arnaou/checkpoints/megnet_Vc_trial_2222_best_state.pt,"{'learning_rate': 0.002163257408416009, 'lr_reduce': 0.6}",TPESampler,COMPLETE
2223,0.1383146345615387,2025-04-26 16:52:01.627801,2025-04-26 16:52:31.987474,0 days 00:00:30.359673,1,87,445,312.0,271.0,423.0,4,53,0.24369233263587126,0.0009419227413079985,0.6,/work3/arnaou/checkpoints/megnet_Vc_trial_2223_best_state.pt,"{'learning_rate': 0.0009419227413079985, 'lr_reduce': 0.6}",TPESampler,COMPLETE
2224,0.7163403034210205,2025-04-26 16:52:09.744969,2025-04-26 16:52:19.269340,0 days 00:00:09.524371,1,85,506,245.0,299.0,365.0,4,73,0.24230936087337587,0.0010814426485744374,0.6,/work3/arnaou/checkpoints/megnet_Vc_trial_2224_best_state.pt,"{'learning_rate': 0.0010814426485744374, 'lr_reduce': 0.6}",TPESampler,COMPLETE
2225,1.8563024997711182,2025-04-26 16:52:19.509317,2025-04-26 16:52:24.290358,0 days 00:00:04.781041,4,116,477,186.0,,,2,123,0.07853658704402704,0.00018324274748649245,0.6,/work3/arnaou/checkpoints/megnet_Vc_trial_2225_best_state.pt,"{'learning_rate': 0.00018324274748649245, 'lr_reduce': 0.6}",TPESampler,COMPLETE
2226,1.3380900621414185,2025-04-26 16:52:24.233186,2025-04-26 16:52:31.485724,0 days 00:00:07.252538,1,81,398,263.0,244.0,426.0,4,61,0.19631676850330382,0.0007825506800802717,0.6,/work3/arnaou/checkpoints/megnet_Vc_trial_2226_best_state.pt,"{'learning_rate': 0.0007825506800802717, 'lr_reduce': 0.6}",TPESampler,COMPLETE
2227,0.15981638431549072,2025-04-26 16:52:24.553347,2025-04-26 16:52:57.976054,0 days 00:00:33.422707,1,87,389,341.0,323.0,,3,75,0.24399544950234178,0.0006946815344818279,0.6,/work3/arnaou/checkpoints/megnet_Vc_trial_2227_best_state.pt,"{'learning_rate': 0.0006946815344818279, 'lr_reduce': 0.6}",TPESampler,COMPLETE
2228,1.8561054468154907,2025-04-26 16:52:31.725666,2025-04-26 16:52:35.819250,0 days 00:00:04.093584,2,47,337,221.0,242.0,,3,49,0.24589229337713003,0.0005098664654995526,0.6,/work3/arnaou/checkpoints/megnet_Vc_trial_2228_best_state.pt,"{'learning_rate': 0.0005098664654995526, 'lr_reduce': 0.6}",TPESampler,COMPLETE
2229,1.8575708866119385,2025-04-26 16:52:32.274722,2025-04-26 16:52:37.068670,0 days 00:00:04.793948,2,100,458,308.0,360.0,271.0,4,69,0.21855961267238683,0.0001994223159949735,0.6,/work3/arnaou/checkpoints/megnet_Vc_trial_2229_best_state.pt,"{'learning_rate': 0.0001994223159949735, 'lr_reduce': 0.6}",TPESampler,COMPLETE
2230,0.12759654223918915,2025-04-26 16:52:36.057253,2025-04-26 16:53:06.849636,0 days 00:00:30.792383,1,73,510,181.0,281.0,430.0,4,56,0.23507121076133872,0.0010195716271376154,0.6,/work3/arnaou/checkpoints/megnet_Vc_trial_2230_best_state.pt,"{'learning_rate': 0.0010195716271376154, 'lr_reduce': 0.6}",TPESampler,COMPLETE
2231,0.21035431325435638,2025-04-26 16:52:37.367753,2025-04-26 16:53:10.847627,0 days 00:00:33.479874,1,79,333,246.0,300.0,384.0,4,55,0.24559318704599598,0.0009709720280142659,0.6,/work3/arnaou/checkpoints/megnet_Vc_trial_2231_best_state.pt,"{'learning_rate': 0.0009709720280142659, 'lr_reduce': 0.6}",TPESampler,COMPLETE
2232,0.20132018625736237,2025-04-26 16:52:58.248000,2025-04-26 16:53:25.403771,0 days 00:00:27.155771,1,99,400,280.0,223.0,317.0,4,66,0.17091734326472613,0.001304932108032881,0.6,/work3/arnaou/checkpoints/megnet_Vc_trial_2232_best_state.pt,"{'learning_rate': 0.001304932108032881, 'lr_reduce': 0.6}",TPESampler,COMPLETE
2233,0.20197707414627075,2025-04-26 16:53:07.091106,2025-04-26 16:53:27.290531,0 days 00:00:20.199425,1,73,437,219.0,224.0,442.0,4,71,0.24939420905968693,0.0005700755998097191,0.6,/work3/arnaou/checkpoints/megnet_Vc_trial_2233_best_state.pt,"{'learning_rate': 0.0005700755998097191, 'lr_reduce': 0.6}",TPESampler,COMPLETE
2234,0.20213031768798828,2025-04-26 16:53:11.103887,2025-04-26 16:53:43.108357,0 days 00:00:32.004470,2,81,476,348.0,270.0,434.0,4,70,0.24853831515504088,0.00120007730210707,0.6,/work3/arnaou/checkpoints/megnet_Vc_trial_2234_best_state.pt,"{'learning_rate': 0.00120007730210707, 'lr_reduce': 0.6}",TPESampler,COMPLETE
2235,1.8570977449417114,2025-04-26 16:53:25.639219,2025-04-26 16:53:30.029898,0 days 00:00:04.390679,2,51,177,,,,1,86,0.10984043288940984,0.0002573125968126205,0.6,/work3/arnaou/checkpoints/megnet_Vc_trial_2235_best_state.pt,"{'learning_rate': 0.0002573125968126205, 'lr_reduce': 0.6}",TPESampler,COMPLETE
