number,value,datetime_start,datetime_complete,duration,params_depth,params_edge_hidden_dim,params_mlp_dim_00,params_mlp_dim_01,params_mlp_dim_02,params_mlp_dim_03,params_mlp_n_layers,params_node_hidden_dim,params_rep_dropout,params_train_learning_rate,params_train_lr_reduce,user_attrs_best_state_dict_path,user_attrs_training_params,system_attrs_auto:sampler,state
1426,1.8251277208328247,2025-04-26 15:32:11.592560,2025-04-26 15:32:15.163816,0 days 00:00:03.571256,1,72,407,166.0,150.0,473.0,4,35,0.20809330879579568,0.0021596536064757955,0.6,/work3/arnaou/checkpoints/megnet_Vc_trial_1426_best_state.pt,"{'learning_rate': 0.0021596536064757955, 'lr_reduce': 0.6}",TPESampler,COMPLETE
1427,0.1151936873793602,2025-04-26 15:32:12.415831,2025-04-26 15:32:43.621367,0 days 00:00:31.205536,1,65,443,153.0,96.0,509.0,4,35,0.2109225372163927,0.0009480379782450502,0.6,/work3/arnaou/checkpoints/megnet_Vc_trial_1427_best_state.pt,"{'learning_rate': 0.0009480379782450502, 'lr_reduce': 0.6}",TPESampler,COMPLETE
1428,1.8555775880813599,2025-04-26 15:32:15.426717,2025-04-26 15:32:19.126382,0 days 00:00:03.699665,1,86,503,88.0,166.0,476.0,4,86,0.24717688162951637,0.0004165107339738721,0.6,/work3/arnaou/checkpoints/megnet_Vc_trial_1428_best_state.pt,"{'learning_rate': 0.0004165107339738721, 'lr_reduce': 0.6}",TPESampler,COMPLETE
1429,1.8630508184432983,2025-04-26 15:32:19.200835,2025-04-26 15:32:23.776196,0 days 00:00:04.575361,1,59,438,134.0,195.0,510.0,4,39,0.18846205063587268,0.00035557331556791737,0.6,/work3/arnaou/checkpoints/megnet_Vc_trial_1429_best_state.pt,"{'learning_rate': 0.00035557331556791737, 'lr_reduce': 0.6}",TPESampler,COMPLETE
1430,0.551200270652771,2025-04-26 15:32:19.405103,2025-04-26 15:32:29.360779,0 days 00:00:09.955676,1,50,489,119.0,184.0,509.0,4,111,0.13669219727867063,0.0018196730315319474,0.6,/work3/arnaou/checkpoints/megnet_Vc_trial_1430_best_state.pt,"{'learning_rate': 0.0018196730315319474, 'lr_reduce': 0.6}",TPESampler,COMPLETE
1431,1.860283613204956,2025-04-26 15:32:24.038149,2025-04-26 15:32:27.938450,0 days 00:00:03.900301,1,50,420,163.0,176.0,510.0,4,39,0.18038907657428865,0.0008387305320353579,0.6,/work3/arnaou/checkpoints/megnet_Vc_trial_1431_best_state.pt,"{'learning_rate': 0.0008387305320353579, 'lr_reduce': 0.6}",TPESampler,COMPLETE
1432,0.1495937705039978,2025-04-26 15:32:28.176213,2025-04-26 15:32:58.923008,0 days 00:00:30.746795,1,51,392,135.0,187.0,477.0,4,56,0.1895610819622641,0.0010048873647533223,0.6,/work3/arnaou/checkpoints/megnet_Vc_trial_1432_best_state.pt,"{'learning_rate': 0.0010048873647533223, 'lr_reduce': 0.6}",TPESampler,COMPLETE
1433,0.43434569239616394,2025-04-26 15:32:29.613945,2025-04-26 15:32:46.999958,0 days 00:00:17.386013,1,72,369,136.0,186.0,512.0,4,43,0.22318669642514316,0.0009650258086616054,0.6,/work3/arnaou/checkpoints/megnet_Vc_trial_1433_best_state.pt,"{'learning_rate': 0.0009650258086616054, 'lr_reduce': 0.6}",TPESampler,COMPLETE
1434,1.8555629253387451,2025-04-26 15:32:44.046610,2025-04-26 15:32:49.175777,0 days 00:00:05.129167,1,47,404,155.0,86.0,512.0,4,36,0.23031763601210944,0.0013027038251414188,0.6,/work3/arnaou/checkpoints/megnet_Vc_trial_1434_best_state.pt,"{'learning_rate': 0.0013027038251414188, 'lr_reduce': 0.6}",TPESampler,COMPLETE
1435,1.8530083894729614,2025-04-26 15:32:47.267829,2025-04-26 15:32:51.262597,0 days 00:00:03.994768,1,64,447,158.0,64.0,510.0,4,32,0.18344772396685632,0.0012501388693286083,0.6,/work3/arnaou/checkpoints/megnet_Vc_trial_1435_best_state.pt,"{'learning_rate': 0.0012501388693286083, 'lr_reduce': 0.6}",TPESampler,COMPLETE
1436,0.17068864405155182,2025-04-26 15:32:49.414296,2025-04-26 15:33:19.484761,0 days 00:00:30.070465,1,58,353,163.0,71.0,484.0,4,33,0.2471982731334984,0.0009767247971355154,0.6,/work3/arnaou/checkpoints/megnet_Vc_trial_1436_best_state.pt,"{'learning_rate': 0.0009767247971355154, 'lr_reduce': 0.6}",TPESampler,COMPLETE
1437,0.3668842911720276,2025-04-26 15:32:51.513264,2025-04-26 15:33:07.850504,0 days 00:00:16.337240,1,61,413,96.0,64.0,507.0,4,45,0.17001853865617034,0.0011355726475097614,0.6,/work3/arnaou/checkpoints/megnet_Vc_trial_1437_best_state.pt,"{'learning_rate': 0.0011355726475097614, 'lr_reduce': 0.6}",TPESampler,COMPLETE
1438,1.85103440284729,2025-04-26 15:32:59.174495,2025-04-26 15:33:03.085178,0 days 00:00:03.910683,2,74,383,141.0,102.0,510.0,4,36,0.19855777898123836,0.0012448184068871429,0.6,/work3/arnaou/checkpoints/megnet_Vc_trial_1438_best_state.pt,"{'learning_rate': 0.0012448184068871429, 'lr_reduce': 0.6}",TPESampler,COMPLETE
1439,1.438270092010498,2025-04-26 15:33:03.302628,2025-04-26 15:33:23.781367,0 days 00:00:20.478739,2,69,417,184.0,108.0,480.0,4,37,0.18534828995971794,0.0003827886416550365,0.6,/work3/arnaou/checkpoints/megnet_Vc_trial_1439_best_state.pt,"{'learning_rate': 0.0003827886416550365, 'lr_reduce': 0.6}",TPESampler,COMPLETE
1440,1.865334153175354,2025-04-26 15:33:08.096532,2025-04-26 15:33:11.736775,0 days 00:00:03.640243,1,50,405,112.0,103.0,479.0,4,44,0.24094413464768358,0.0007080944862018543,0.6,/work3/arnaou/checkpoints/megnet_Vc_trial_1440_best_state.pt,"{'learning_rate': 0.0007080944862018543, 'lr_reduce': 0.6}",TPESampler,COMPLETE
1441,1.8401416540145874,2025-04-26 15:33:12.049999,2025-04-26 15:33:15.967138,0 days 00:00:03.917139,4,63,184,158.0,,,2,32,0.165946870155933,0.0009591647972775716,0.6,/work3/arnaou/checkpoints/megnet_Vc_trial_1441_best_state.pt,"{'learning_rate': 0.0009591647972775716, 'lr_reduce': 0.6}",TPESampler,COMPLETE
1442,0.14249378442764282,2025-04-26 15:33:16.224681,2025-04-26 15:33:49.315314,0 days 00:00:33.090633,1,68,475,179.0,126.0,471.0,4,42,0.17878172367697107,0.0009053318481167753,0.6,/work3/arnaou/checkpoints/megnet_Vc_trial_1442_best_state.pt,"{'learning_rate': 0.0009053318481167753, 'lr_reduce': 0.6}",TPESampler,COMPLETE
1443,1.7119444608688354,2025-04-26 15:33:19.748109,2025-04-26 15:33:57.840274,0 days 00:00:38.092165,1,117,204,129.0,,,2,81,0.1730469402111291,0.00023513020848837647,0.6,/work3/arnaou/checkpoints/megnet_Vc_trial_1443_best_state.pt,"{'learning_rate': 0.00023513020848837647, 'lr_reduce': 0.6}",TPESampler,COMPLETE
1444,0.4449228346347809,2025-04-26 15:33:24.223579,2025-04-26 15:33:41.729585,0 days 00:00:17.506006,1,61,461,136.0,101.0,472.0,4,39,0.1796010599653799,0.001046788682460018,0.6,/work3/arnaou/checkpoints/megnet_Vc_trial_1444_best_state.pt,"{'learning_rate': 0.001046788682460018, 'lr_reduce': 0.6}",TPESampler,COMPLETE
1445,0.7118969559669495,2025-04-26 15:33:41.962274,2025-04-26 15:33:52.069215,0 days 00:00:10.106941,1,57,434,93.0,66.0,507.0,4,69,0.19478910523751877,0.002185929333031758,0.6,/work3/arnaou/checkpoints/megnet_Vc_trial_1445_best_state.pt,"{'learning_rate': 0.002185929333031758, 'lr_reduce': 0.6}",TPESampler,COMPLETE
1446,0.16965989768505096,2025-04-26 15:33:49.584462,2025-04-26 15:34:09.653820,0 days 00:00:20.069358,1,63,393,181.0,129.0,512.0,4,41,0.17459355702609908,0.0013299759367036994,0.6,/work3/arnaou/checkpoints/megnet_Vc_trial_1446_best_state.pt,"{'learning_rate': 0.0013299759367036994, 'lr_reduce': 0.6}",TPESampler,COMPLETE
1447,1.8212143182754517,2025-04-26 15:33:52.449987,2025-04-26 15:33:56.113545,0 days 00:00:03.663558,1,58,438,169.0,131.0,478.0,4,41,0.2496356921954215,0.0022660693934098927,0.6,/work3/arnaou/checkpoints/megnet_Vc_trial_1447_best_state.pt,"{'learning_rate': 0.0022660693934098927, 'lr_reduce': 0.6}",TPESampler,COMPLETE
1448,1.8625849485397339,2025-04-26 15:33:56.355658,2025-04-26 15:34:01.415369,0 days 00:00:05.059711,4,115,488,134.0,105.0,471.0,4,115,0.1351761024283157,0.00037084522051999454,0.6,/work3/arnaou/checkpoints/megnet_Vc_trial_1448_best_state.pt,"{'learning_rate': 0.00037084522051999454, 'lr_reduce': 0.6}",TPESampler,COMPLETE
1449,1.8628212213516235,2025-04-26 15:33:58.082008,2025-04-26 15:34:02.081547,0 days 00:00:03.999539,1,76,489,124.0,143.0,472.0,4,33,0.19711229216190398,0.0005731888946899853,0.6,/work3/arnaou/checkpoints/megnet_Vc_trial_1449_best_state.pt,"{'learning_rate': 0.0005731888946899853, 'lr_reduce': 0.6}",TPESampler,COMPLETE
1450,1.7846088409423828,2025-04-26 15:34:01.638085,2025-04-26 15:34:05.649642,0 days 00:00:04.011557,3,123,363,,,,1,39,0.24859645766950908,0.0018421376043835451,0.6,/work3/arnaou/checkpoints/megnet_Vc_trial_1450_best_state.pt,"{'learning_rate': 0.0018421376043835451, 'lr_reduce': 0.6}",TPESampler,COMPLETE
1451,1.8635194301605225,2025-04-26 15:34:02.336094,2025-04-26 15:34:06.328465,0 days 00:00:03.992371,2,49,71,178.0,64.0,,3,66,0.00639061244698072,0.0005942744985000324,0.6,/work3/arnaou/checkpoints/megnet_Vc_trial_1451_best_state.pt,"{'learning_rate': 0.0005942744985000324, 'lr_reduce': 0.6}",TPESampler,COMPLETE
1452,0.356522798538208,2025-04-26 15:34:05.871522,2025-04-26 15:34:22.624247,0 days 00:00:16.752725,1,46,417,110.0,132.0,476.0,4,59,0.24896835679585824,0.0031387657092698507,0.6,/work3/arnaou/checkpoints/megnet_Vc_trial_1452_best_state.pt,"{'learning_rate': 0.0031387657092698507, 'lr_reduce': 0.6}",TPESampler,COMPLETE
1453,1.8235094547271729,2025-04-26 15:34:06.558698,2025-04-26 15:34:10.069771,0 days 00:00:03.511073,1,52,369,157.0,140.0,509.0,4,32,0.21111000343554018,0.0026224200794456665,0.6,/work3/arnaou/checkpoints/megnet_Vc_trial_1453_best_state.pt,"{'learning_rate': 0.0026224200794456665, 'lr_reduce': 0.6}",TPESampler,COMPLETE
1454,1.8617109060287476,2025-04-26 15:34:09.873611,2025-04-26 15:34:16.116791,0 days 00:00:06.243180,1,99,278,102.0,109.0,,3,47,0.24000310619877072,0.00026294683482348715,0.6,/work3/arnaou/checkpoints/megnet_Vc_trial_1454_best_state.pt,"{'learning_rate': 0.00026294683482348715, 'lr_reduce': 0.6}",TPESampler,COMPLETE
1455,0.1573152244091034,2025-04-26 15:34:10.332802,2025-04-26 15:34:40.196399,0 days 00:00:29.863597,1,79,403,178.0,141.0,467.0,4,39,0.24955100623520396,0.0010344553263537688,0.6,/work3/arnaou/checkpoints/megnet_Vc_trial_1455_best_state.pt,"{'learning_rate': 0.0010344553263537688, 'lr_reduce': 0.6}",TPESampler,COMPLETE
1456,0.46666470170021057,2025-04-26 15:34:16.301907,2025-04-26 15:34:49.518402,0 days 00:00:33.216495,1,47,472,132.0,100.0,,3,48,0.20677912506157492,0.0005881729693217004,0.6,/work3/arnaou/checkpoints/megnet_Vc_trial_1456_best_state.pt,"{'learning_rate': 0.0005881729693217004, 'lr_reduce': 0.6}",TPESampler,COMPLETE
1457,0.18808169662952423,2025-04-26 15:34:22.848427,2025-04-26 15:34:42.915982,0 days 00:00:20.067555,1,47,442,184.0,152.0,469.0,4,57,0.23398281998064746,0.0014002009493557209,0.6,/work3/arnaou/checkpoints/megnet_Vc_trial_1457_best_state.pt,"{'learning_rate': 0.0014002009493557209, 'lr_reduce': 0.6}",TPESampler,COMPLETE
1458,1.8346288204193115,2025-04-26 15:34:40.522716,2025-04-26 15:34:44.159513,0 days 00:00:03.636797,2,76,350,76.0,97.0,,3,35,0.21285438395247847,0.00030214283095446765,0.6,/work3/arnaou/checkpoints/megnet_Vc_trial_1458_best_state.pt,"{'learning_rate': 0.00030214283095446765, 'lr_reduce': 0.6}",TPESampler,COMPLETE
1459,0.4671138525009155,2025-04-26 15:34:43.129366,2025-04-26 15:35:03.255415,0 days 00:00:20.126049,1,61,432,144.0,154.0,512.0,4,42,0.23063106042875012,0.0010710717480935715,0.6,/work3/arnaou/checkpoints/megnet_Vc_trial_1459_best_state.pt,"{'learning_rate': 0.0010710717480935715, 'lr_reduce': 0.6}",TPESampler,COMPLETE
1460,1.849501609802246,2025-04-26 15:34:44.379381,2025-04-26 15:34:47.917782,0 days 00:00:03.538401,1,56,445,68.0,159.0,511.0,4,37,0.224620038938871,0.0011212403968173922,0.6,/work3/arnaou/checkpoints/megnet_Vc_trial_1460_best_state.pt,"{'learning_rate': 0.0011212403968173922, 'lr_reduce': 0.6}",TPESampler,COMPLETE
1461,1.863375186920166,2025-04-26 15:34:48.142490,2025-04-26 15:34:51.870780,0 days 00:00:03.728290,1,59,494,146.0,98.0,454.0,4,56,0.21291506737563806,0.00048194256176159754,0.6,/work3/arnaou/checkpoints/megnet_Vc_trial_1461_best_state.pt,"{'learning_rate': 0.00048194256176159754, 'lr_reduce': 0.6}",TPESampler,COMPLETE
1462,0.35857483744621277,2025-04-26 15:34:49.764091,2025-04-26 15:35:16.216197,0 days 00:00:26.452106,1,116,119,166.0,135.0,511.0,4,59,0.10352511074873155,0.00864016523668628,0.6,/work3/arnaou/checkpoints/megnet_Vc_trial_1462_best_state.pt,"{'learning_rate': 0.00864016523668628, 'lr_reduce': 0.6}",TPESampler,COMPLETE
1463,1.8563603162765503,2025-04-26 15:34:52.169795,2025-04-26 15:34:56.944630,0 days 00:00:04.774835,2,57,495,194.0,64.0,,3,36,0.20252804308011058,0.0008524736916858838,0.6,/work3/arnaou/checkpoints/megnet_Vc_trial_1463_best_state.pt,"{'learning_rate': 0.0008524736916858838, 'lr_reduce': 0.6}",TPESampler,COMPLETE
1464,0.15658345818519592,2025-04-26 15:34:57.189924,2025-04-26 15:35:26.931646,0 days 00:00:29.741722,1,73,374,98.0,170.0,455.0,4,32,0.18430099768976732,0.0011386978535999955,0.6,/work3/arnaou/checkpoints/megnet_Vc_trial_1464_best_state.pt,"{'learning_rate': 0.0011386978535999955, 'lr_reduce': 0.6}",TPESampler,COMPLETE
1465,0.1983622908592224,2025-04-26 15:35:03.499337,2025-04-26 15:35:23.423198,0 days 00:00:19.923861,1,72,298,153.0,121.0,458.0,4,32,0.19670507385626065,0.0014106342846203549,0.6,/work3/arnaou/checkpoints/megnet_Vc_trial_1465_best_state.pt,"{'learning_rate': 0.0014106342846203549, 'lr_reduce': 0.6}",TPESampler,COMPLETE
1466,0.15746912360191345,2025-04-26 15:35:16.445265,2025-04-26 15:35:47.646221,0 days 00:00:31.200956,1,71,386,193.0,151.0,469.0,4,43,0.24599471124726108,0.0006388489259727498,0.6,/work3/arnaou/checkpoints/megnet_Vc_trial_1466_best_state.pt,"{'learning_rate': 0.0006388489259727498, 'lr_reduce': 0.6}",TPESampler,COMPLETE
1467,1.8570932149887085,2025-04-26 15:35:23.642581,2025-04-26 15:35:27.328323,0 days 00:00:03.685742,1,63,447,127.0,105.0,,3,57,0.19482428362319087,0.000603580439949575,0.6,/work3/arnaou/checkpoints/megnet_Vc_trial_1467_best_state.pt,"{'learning_rate': 0.000603580439949575, 'lr_reduce': 0.6}",TPESampler,COMPLETE
1468,1.8397228717803955,2025-04-26 15:35:27.153522,2025-04-26 15:35:31.314263,0 days 00:00:04.160741,2,120,477,,,,1,45,0.02683456680378185,0.00011856449277983748,0.6,/work3/arnaou/checkpoints/megnet_Vc_trial_1468_best_state.pt,"{'learning_rate': 0.00011856449277983748, 'lr_reduce': 0.6}",TPESampler,COMPLETE
1469,0.2990546226501465,2025-04-26 15:35:27.596401,2025-04-26 15:35:43.088101,0 days 00:00:15.491700,1,64,319,128.0,171.0,470.0,4,43,0.15808850106067623,0.0008896583679293966,0.6,/work3/arnaou/checkpoints/megnet_Vc_trial_1469_best_state.pt,"{'learning_rate': 0.0008896583679293966, 'lr_reduce': 0.6}",TPESampler,COMPLETE
1470,1.8424073457717896,2025-04-26 15:35:31.564080,2025-04-26 15:35:36.262271,0 days 00:00:04.698191,1,80,105,,,,1,34,0.20338611383357008,0.00011430072935153786,0.6,/work3/arnaou/checkpoints/megnet_Vc_trial_1470_best_state.pt,"{'learning_rate': 0.00011430072935153786, 'lr_reduce': 0.6}",TPESampler,COMPLETE
1471,1.8418973684310913,2025-04-26 15:35:36.480921,2025-04-26 15:35:39.934534,0 days 00:00:03.453613,1,84,173,,,,1,127,0.144358941103492,0.00023630379732185908,0.6,/work3/arnaou/checkpoints/megnet_Vc_trial_1471_best_state.pt,"{'learning_rate': 0.00023630379732185908, 'lr_reduce': 0.6}",TPESampler,COMPLETE
1472,0.12808091938495636,2025-04-26 15:35:40.163411,2025-04-26 15:36:11.070552,0 days 00:00:30.907141,2,56,509,186.0,128.0,447.0,4,37,0.2110176468433675,0.0013020896418040097,0.6,/work3/arnaou/checkpoints/megnet_Vc_trial_1472_best_state.pt,"{'learning_rate': 0.0013020896418040097, 'lr_reduce': 0.6}",TPESampler,COMPLETE
1473,0.42269402742385864,2025-04-26 15:35:43.298756,2025-04-26 15:36:03.586427,0 days 00:00:20.287671,1,56,491,112.0,161.0,,3,35,0.2193691299007738,0.0015287812057470228,0.6,/work3/arnaou/checkpoints/megnet_Vc_trial_1473_best_state.pt,"{'learning_rate': 0.0015287812057470228, 'lr_reduce': 0.6}",TPESampler,COMPLETE
1474,1.8604447841644287,2025-04-26 15:35:48.021007,2025-04-26 15:35:51.815799,0 days 00:00:03.794792,3,124,292,65.0,99.0,,3,94,0.06882841781456824,0.000319774412687496,0.6,/work3/arnaou/checkpoints/megnet_Vc_trial_1474_best_state.pt,"{'learning_rate': 0.000319774412687496, 'lr_reduce': 0.6}",TPESampler,COMPLETE
1475,1.8641226291656494,2025-04-26 15:35:52.095230,2025-04-26 15:35:55.507333,0 days 00:00:03.412103,1,78,355,139.0,174.0,512.0,4,41,0.17511816455563806,0.00034007475301435757,0.6,/work3/arnaou/checkpoints/megnet_Vc_trial_1475_best_state.pt,"{'learning_rate': 0.00034007475301435757, 'lr_reduce': 0.6}",TPESampler,COMPLETE
1476,1.8655089139938354,2025-04-26 15:35:55.722780,2025-04-26 15:35:59.982478,0 days 00:00:04.259698,1,65,423,180.0,129.0,512.0,4,41,0.20584107514765154,0.00041251640410729963,0.6,/work3/arnaou/checkpoints/megnet_Vc_trial_1476_best_state.pt,"{'learning_rate': 0.00041251640410729963, 'lr_reduce': 0.6}",TPESampler,COMPLETE
1477,0.3274056315422058,2025-04-26 15:36:00.215233,2025-04-26 15:36:16.870231,0 days 00:00:16.654998,1,45,305,152.0,92.0,,3,36,0.2317033818219002,0.0011262698048107914,0.6,/work3/arnaou/checkpoints/megnet_Vc_trial_1477_best_state.pt,"{'learning_rate': 0.0011262698048107914, 'lr_reduce': 0.6}",TPESampler,COMPLETE
1478,0.1321714222431183,2025-04-26 15:36:03.798379,2025-04-26 15:36:33.123642,0 days 00:00:29.325263,1,86,207,195.0,170.0,512.0,4,51,0.0977872127028938,0.000702472813668242,0.6,/work3/arnaou/checkpoints/megnet_Vc_trial_1478_best_state.pt,"{'learning_rate': 0.000702472813668242, 'lr_reduce': 0.6}",TPESampler,COMPLETE
1479,1.8585256338119507,2025-04-26 15:36:11.312904,2025-04-26 15:36:16.390717,0 days 00:00:05.077813,1,86,442,124.0,130.0,443.0,4,71,0.2121925282315363,0.00015115829582091288,0.6,/work3/arnaou/checkpoints/megnet_Vc_trial_1479_best_state.pt,"{'learning_rate': 0.00015115829582091288, 'lr_reduce': 0.6}",TPESampler,COMPLETE
1480,1.8624686002731323,2025-04-26 15:36:16.638775,2025-04-26 15:36:21.193851,0 days 00:00:04.555076,1,69,363,100.0,185.0,449.0,4,53,0.1798471450584478,0.0004922328051362635,0.6,/work3/arnaou/checkpoints/megnet_Vc_trial_1480_best_state.pt,"{'learning_rate': 0.0004922328051362635, 'lr_reduce': 0.6}",TPESampler,COMPLETE
1481,0.16531626880168915,2025-04-26 15:36:17.111748,2025-04-26 15:36:46.845100,0 days 00:00:29.733352,1,52,500,154.0,105.0,471.0,4,38,0.21391160472928122,0.0009476537442799957,0.6,/work3/arnaou/checkpoints/megnet_Vc_trial_1481_best_state.pt,"{'learning_rate': 0.0009476537442799957, 'lr_reduce': 0.6}",TPESampler,COMPLETE
1482,0.19661346077919006,2025-04-26 15:36:21.404085,2025-04-26 15:36:53.578109,0 days 00:00:32.174024,1,93,303,130.0,386.0,472.0,4,51,0.1974427328023526,0.0006183105718444928,0.6,/work3/arnaou/checkpoints/megnet_Vc_trial_1482_best_state.pt,"{'learning_rate': 0.0006183105718444928, 'lr_reduce': 0.6}",TPESampler,COMPLETE
1483,0.9734161496162415,2025-04-26 15:36:33.377403,2025-04-26 15:37:10.703302,0 days 00:00:37.325899,2,61,401,186.0,66.0,442.0,4,87,0.17972449830554746,0.0007588062352821824,0.6,/work3/arnaou/checkpoints/megnet_Vc_trial_1483_best_state.pt,"{'learning_rate': 0.0007588062352821824, 'lr_reduce': 0.6}",TPESampler,COMPLETE
1484,1.850374460220337,2025-04-26 15:36:47.085255,2025-04-26 15:36:50.557397,0 days 00:00:03.472142,1,95,355,143.0,,,2,106,0.10104514332737605,0.00022626386229173632,0.6,/work3/arnaou/checkpoints/megnet_Vc_trial_1484_best_state.pt,"{'learning_rate': 0.00022626386229173632, 'lr_reduce': 0.6}",TPESampler,COMPLETE
1485,0.4603640139102936,2025-04-26 15:36:50.780581,2025-04-26 15:37:04.888185,0 days 00:00:14.107604,1,75,412,105.0,153.0,512.0,4,39,0.22352442172494089,0.0024581092109036483,0.6,/work3/arnaou/checkpoints/megnet_Vc_trial_1485_best_state.pt,"{'learning_rate': 0.0024581092109036483, 'lr_reduce': 0.6}",TPESampler,COMPLETE
1486,0.17754314839839935,2025-04-26 15:36:53.846358,2025-04-26 15:37:25.309298,0 days 00:00:31.462940,2,105,245,201.0,193.0,444.0,4,57,0.23886951930785535,0.0008559052347269923,0.6,/work3/arnaou/checkpoints/megnet_Vc_trial_1486_best_state.pt,"{'learning_rate': 0.0008559052347269923, 'lr_reduce': 0.6}",TPESampler,COMPLETE
1487,1.8629255294799805,2025-04-26 15:37:05.111864,2025-04-26 15:37:09.060590,0 days 00:00:03.948726,1,75,294,159.0,123.0,474.0,4,46,0.21888503675242987,0.0005121089262229699,0.6,/work3/arnaou/checkpoints/megnet_Vc_trial_1487_best_state.pt,"{'learning_rate': 0.0005121089262229699, 'lr_reduce': 0.6}",TPESampler,COMPLETE
1488,0.39460495114326477,2025-04-26 15:37:09.298467,2025-04-26 15:37:42.117145,0 days 00:00:32.818678,2,115,382,95.0,162.0,,3,71,0.20623603064894752,0.0009443312701354774,0.6,/work3/arnaou/checkpoints/megnet_Vc_trial_1488_best_state.pt,"{'learning_rate': 0.0009443312701354774, 'lr_reduce': 0.6}",TPESampler,COMPLETE
1489,0.5207546949386597,2025-04-26 15:37:10.975751,2025-04-26 15:37:21.395851,0 days 00:00:10.420100,1,68,395,205.0,198.0,473.0,4,50,0.2486963750554457,0.001586742059919689,0.6,/work3/arnaou/checkpoints/megnet_Vc_trial_1489_best_state.pt,"{'learning_rate': 0.001586742059919689, 'lr_reduce': 0.6}",TPESampler,COMPLETE
1490,1.8498538732528687,2025-04-26 15:37:21.630395,2025-04-26 15:37:25.526623,0 days 00:00:03.896228,1,86,466,134.0,101.0,,3,78,0.24509335389115347,0.00048096896238957045,0.6,/work3/arnaou/checkpoints/megnet_Vc_trial_1490_best_state.pt,"{'learning_rate': 0.00048096896238957045, 'lr_reduce': 0.6}",TPESampler,COMPLETE
1491,0.334195077419281,2025-04-26 15:37:25.555654,2025-04-26 15:37:42.383115,0 days 00:00:16.827461,1,48,399,159.0,144.0,512.0,4,32,0.14863879248286166,0.0034549793549242956,0.6,/work3/arnaou/checkpoints/megnet_Vc_trial_1491_best_state.pt,"{'learning_rate': 0.0034549793549242956, 'lr_reduce': 0.6}",TPESampler,COMPLETE
1492,1.8647133111953735,2025-04-26 15:37:25.770952,2025-04-26 15:37:30.099788,0 days 00:00:04.328836,1,105,394,177.0,356.0,,3,54,0.18746257248144782,0.0003685764486253481,0.6,/work3/arnaou/checkpoints/megnet_Vc_trial_1492_best_state.pt,"{'learning_rate': 0.0003685764486253481, 'lr_reduce': 0.6}",TPESampler,COMPLETE
