number,value,datetime_start,datetime_complete,duration,params_depth,params_edge_hidden_dim,params_mlp_dim_00,params_mlp_dim_01,params_mlp_dim_02,params_mlp_dim_03,params_mlp_n_layers,params_node_hidden_dim,params_rep_dropout,params_train_learning_rate,params_train_lr_reduce,user_attrs_best_state_dict_path,user_attrs_training_params,system_attrs_auto:sampler,state
340,1.8598734140396118,2025-04-26 13:49:14.804252,2025-04-26 13:49:18.184322,0 days 00:00:03.380070,2,54,427,376.0,120.0,418.0,4,59,0.1327236663248535,0.0007780438904217151,0.6,/work3/arnaou/checkpoints/megnet_Vc_trial_340_best_state.pt,"{'learning_rate': 0.0007780438904217151, 'lr_reduce': 0.6}",TPESampler,COMPLETE
341,0.2348952442407608,2025-04-26 13:49:18.373142,2025-04-26 13:49:53.142694,0 days 00:00:34.769552,1,103,472,405.0,429.0,,3,77,0.15835053825765846,0.0005637378625962775,0.6,/work3/arnaou/checkpoints/megnet_Vc_trial_341_best_state.pt,"{'learning_rate': 0.0005637378625962775, 'lr_reduce': 0.6}",TPESampler,COMPLETE
342,0.2276104837656021,2025-04-26 13:49:23.231325,2025-04-26 13:49:57.420028,0 days 00:00:34.188703,1,72,99,235.0,,,2,82,0.13472028919201084,0.0003835528652815827,0.6,/work3/arnaou/checkpoints/megnet_Vc_trial_342_best_state.pt,"{'learning_rate': 0.0003835528652815827, 'lr_reduce': 0.6}",TPESampler,COMPLETE
343,1.8597309589385986,2025-04-26 13:49:47.564563,2025-04-26 13:49:52.264369,0 days 00:00:04.699806,2,88,453,400.0,,,2,113,0.016425510798351528,0.0001278903052824928,0.6,/work3/arnaou/checkpoints/megnet_Vc_trial_343_best_state.pt,"{'learning_rate': 0.0001278903052824928, 'lr_reduce': 0.6}",TPESampler,COMPLETE
344,0.33204472064971924,2025-04-26 13:49:52.439108,2025-04-26 13:50:16.327034,0 days 00:00:23.887926,1,87,254,410.0,112.0,471.0,4,55,0.22979736913311352,0.0007450339800073953,0.6,/work3/arnaou/checkpoints/megnet_Vc_trial_344_best_state.pt,"{'learning_rate': 0.0007450339800073953, 'lr_reduce': 0.6}",TPESampler,COMPLETE
345,0.4562250077724457,2025-04-26 13:49:53.371539,2025-04-26 13:50:15.368302,0 days 00:00:21.996763,3,63,346,321.0,133.0,,3,57,0.02240310906983667,0.009999453234716564,0.6,/work3/arnaou/checkpoints/megnet_Vc_trial_345_best_state.pt,"{'learning_rate': 0.009999453234716564, 'lr_reduce': 0.6}",TPESampler,COMPLETE
346,1.854966640472412,2025-04-26 13:49:57.632120,2025-04-26 13:50:01.491098,0 days 00:00:03.858978,3,38,454,415.0,135.0,507.0,4,36,0.17592536124761005,0.0014894735316581377,0.6,/work3/arnaou/checkpoints/megnet_Vc_trial_346_best_state.pt,"{'learning_rate': 0.0014894735316581377, 'lr_reduce': 0.6}",TPESampler,COMPLETE
347,0.14996404945850372,2025-04-26 13:50:01.714514,2025-04-26 13:50:30.550817,0 days 00:00:28.836303,1,71,116,420.0,87.0,416.0,4,55,0.1532373056174185,0.0005747691134774471,0.6,/work3/arnaou/checkpoints/megnet_Vc_trial_347_best_state.pt,"{'learning_rate': 0.0005747691134774471, 'lr_reduce': 0.6}",TPESampler,COMPLETE
348,1.8360545635223389,2025-04-26 13:50:15.540899,2025-04-26 13:50:18.776532,0 days 00:00:03.235633,1,36,502,358.0,146.0,466.0,4,42,0.1623290604447712,0.0025183435976381912,0.6,/work3/arnaou/checkpoints/megnet_Vc_trial_348_best_state.pt,"{'learning_rate': 0.0025183435976381912, 'lr_reduce': 0.6}",TPESampler,COMPLETE
349,0.1765286773443222,2025-04-26 13:50:16.518153,2025-04-26 13:50:38.929288,0 days 00:00:22.411135,1,87,501,414.0,458.0,511.0,4,52,0.1407700070799844,0.0008428284306169534,0.6,/work3/arnaou/checkpoints/megnet_Vc_trial_349_best_state.pt,"{'learning_rate': 0.0008428284306169534, 'lr_reduce': 0.6}",TPESampler,COMPLETE
350,1.851100206375122,2025-04-26 13:50:18.951935,2025-04-26 13:50:22.476819,0 days 00:00:03.524884,1,43,260,226.0,147.0,,3,103,0.11539684915731954,0.00047648249707267276,0.6,/work3/arnaou/checkpoints/megnet_Vc_trial_350_best_state.pt,"{'learning_rate': 0.00047648249707267276, 'lr_reduce': 0.6}",TPESampler,COMPLETE
351,1.8546817302703857,2025-04-26 13:50:22.685572,2025-04-26 13:50:26.121206,0 days 00:00:03.435634,1,65,457,429.0,75.0,420.0,4,70,0.2007223599198788,0.0005033117386613003,0.6,/work3/arnaou/checkpoints/megnet_Vc_trial_351_best_state.pt,"{'learning_rate': 0.0005033117386613003, 'lr_reduce': 0.6}",TPESampler,COMPLETE
352,1.8535159826278687,2025-04-26 13:50:26.297717,2025-04-26 13:50:29.708236,0 days 00:00:03.410519,1,103,434,431.0,153.0,,3,70,0.21223071730523435,0.000466212622974985,0.6,/work3/arnaou/checkpoints/megnet_Vc_trial_352_best_state.pt,"{'learning_rate': 0.000466212622974985, 'lr_reduce': 0.6}",TPESampler,COMPLETE
353,1.487871527671814,2025-04-26 13:50:29.877777,2025-04-26 13:50:36.852192,0 days 00:00:06.974415,4,95,358,164.0,,,2,41,0.08432177109083773,0.003261785843540478,0.6,/work3/arnaou/checkpoints/megnet_Vc_trial_353_best_state.pt,"{'learning_rate': 0.003261785843540478, 'lr_reduce': 0.6}",TPESampler,COMPLETE
354,1.8606643676757812,2025-04-26 13:50:30.775011,2025-04-26 13:50:34.373598,0 days 00:00:03.598587,1,58,415,512.0,94.0,427.0,4,49,0.1315271224633765,0.0006245625446042107,0.6,/work3/arnaou/checkpoints/megnet_Vc_trial_354_best_state.pt,"{'learning_rate': 0.0006245625446042107, 'lr_reduce': 0.6}",TPESampler,COMPLETE
355,0.37311244010925293,2025-04-26 13:50:34.531463,2025-04-26 13:50:54.887727,0 days 00:00:20.356264,1,57,209,424.0,73.0,456.0,4,36,0.2424497995723356,0.007923098938622735,0.6,/work3/arnaou/checkpoints/megnet_Vc_trial_355_best_state.pt,"{'learning_rate': 0.007923098938622735, 'lr_reduce': 0.6}",TPESampler,COMPLETE
356,1.8662686347961426,2025-04-26 13:50:37.033624,2025-04-26 13:50:43.584001,0 days 00:00:06.550377,4,69,353,364.0,94.0,,3,125,0.1765931282048248,0.000228028131668946,0.6,/work3/arnaou/checkpoints/megnet_Vc_trial_356_best_state.pt,"{'learning_rate': 0.000228028131668946, 'lr_reduce': 0.6}",TPESampler,COMPLETE
357,1.8575736284255981,2025-04-26 13:50:39.112838,2025-04-26 13:50:43.020557,0 days 00:00:03.907719,1,77,96,457.0,71.0,459.0,4,59,0.13264938556877442,0.00027587349551638025,0.6,/work3/arnaou/checkpoints/megnet_Vc_trial_357_best_state.pt,"{'learning_rate': 0.00027587349551638025, 'lr_reduce': 0.6}",TPESampler,COMPLETE
358,1.8573908805847168,2025-04-26 13:50:43.343189,2025-04-26 13:50:46.817607,0 days 00:00:03.474418,2,74,78,428.0,108.0,421.0,4,44,0.09294225275001124,0.000981296104353075,0.6,/work3/arnaou/checkpoints/megnet_Vc_trial_358_best_state.pt,"{'learning_rate': 0.000981296104353075, 'lr_reduce': 0.6}",TPESampler,COMPLETE
359,1.8621219396591187,2025-04-26 13:50:43.823786,2025-04-26 13:50:46.868396,0 days 00:00:03.044610,1,52,425,466.0,314.0,468.0,4,52,0.23304109672442389,0.0005297421009138606,0.6,/work3/arnaou/checkpoints/megnet_Vc_trial_359_best_state.pt,"{'learning_rate': 0.0005297421009138606, 'lr_reduce': 0.6}",TPESampler,COMPLETE
360,0.11059295386075974,2025-04-26 13:50:46.970746,2025-04-26 13:51:16.264134,0 days 00:00:29.293388,1,62,430,385.0,115.0,512.0,4,89,0.15171189690899442,0.0011029247735741398,0.6,/work3/arnaou/checkpoints/megnet_Vc_trial_360_best_state.pt,"{'learning_rate': 0.0011029247735741398, 'lr_reduce': 0.6}",TPESampler,COMPLETE
361,0.17345762252807617,2025-04-26 13:50:47.048343,2025-04-26 13:51:16.272758,0 days 00:00:29.224415,1,61,122,272.0,262.0,,3,67,0.10080692020895937,0.0004467300242851549,0.6,/work3/arnaou/checkpoints/megnet_Vc_trial_361_best_state.pt,"{'learning_rate': 0.0004467300242851549, 'lr_reduce': 0.6}",TPESampler,COMPLETE
362,0.3830329477787018,2025-04-26 13:50:55.096919,2025-04-26 13:51:27.968827,0 days 00:00:32.871908,3,99,273,467.0,70.0,414.0,4,128,0.16242100923918407,0.0017031503308503108,0.6,/work3/arnaou/checkpoints/megnet_Vc_trial_362_best_state.pt,"{'learning_rate': 0.0017031503308503108, 'lr_reduce': 0.6}",TPESampler,COMPLETE
363,1.8582124710083008,2025-04-26 13:51:16.416109,2025-04-26 13:51:20.200843,0 days 00:00:03.784734,4,68,377,369.0,107.0,,3,68,0.20671804149189804,0.00018028948908455794,0.6,/work3/arnaou/checkpoints/megnet_Vc_trial_363_best_state.pt,"{'learning_rate': 0.00018028948908455794, 'lr_reduce': 0.6}",TPESampler,COMPLETE
364,0.20480509102344513,2025-04-26 13:51:16.455883,2025-04-26 13:51:45.956115,0 days 00:00:29.500232,2,63,204,343.0,106.0,508.0,4,52,0.16059840320251811,0.0004442891495399964,0.6,/work3/arnaou/checkpoints/megnet_Vc_trial_364_best_state.pt,"{'learning_rate': 0.0004442891495399964, 'lr_reduce': 0.6}",TPESampler,COMPLETE
365,0.4775075316429138,2025-04-26 13:51:20.362863,2025-04-26 13:51:31.994059,0 days 00:00:11.631196,1,68,341,383.0,121.0,461.0,4,96,0.1303777536329948,0.0016920776697087172,0.6,/work3/arnaou/checkpoints/megnet_Vc_trial_365_best_state.pt,"{'learning_rate': 0.0016920776697087172, 'lr_reduce': 0.6}",TPESampler,COMPLETE
366,0.12490680068731308,2025-04-26 13:51:28.150647,2025-04-26 13:51:56.200892,0 days 00:00:28.050245,1,77,462,372.0,130.0,457.0,4,55,0.23781396129845322,0.0008982526665132572,0.6,/work3/arnaou/checkpoints/megnet_Vc_trial_366_best_state.pt,"{'learning_rate': 0.0008982526665132572, 'lr_reduce': 0.6}",TPESampler,COMPLETE
367,0.456986665725708,2025-04-26 13:51:32.170411,2025-04-26 13:51:44.189147,0 days 00:00:12.018736,1,71,418,390.0,133.0,418.0,4,82,0.13748345086038483,0.0008362035116910551,0.6,/work3/arnaou/checkpoints/megnet_Vc_trial_367_best_state.pt,"{'learning_rate': 0.0008362035116910551, 'lr_reduce': 0.6}",TPESampler,COMPLETE
368,0.3283800482749939,2025-04-26 13:51:44.420042,2025-04-26 13:51:59.180608,0 days 00:00:14.760566,1,50,475,512.0,126.0,470.0,4,97,0.14267187028560172,0.0009783001702409486,0.6,/work3/arnaou/checkpoints/megnet_Vc_trial_368_best_state.pt,"{'learning_rate': 0.0009783001702409486, 'lr_reduce': 0.6}",TPESampler,COMPLETE
369,0.17184455692768097,2025-04-26 13:51:46.125353,2025-04-26 13:52:14.632804,0 days 00:00:28.507451,1,69,114,410.0,64.0,503.0,4,55,0.16439316435825072,0.0006659662773264169,0.6,/work3/arnaou/checkpoints/megnet_Vc_trial_369_best_state.pt,"{'learning_rate': 0.0006659662773264169, 'lr_reduce': 0.6}",TPESampler,COMPLETE
370,1.846353530883789,2025-04-26 13:51:56.419923,2025-04-26 13:51:59.788244,0 days 00:00:03.368321,1,90,452,343.0,,,2,86,0.2262957939889128,0.00035437628644377375,0.6,/work3/arnaou/checkpoints/megnet_Vc_trial_370_best_state.pt,"{'learning_rate': 0.00035437628644377375, 'lr_reduce': 0.6}",TPESampler,COMPLETE
371,0.19828160107135773,2025-04-26 13:51:59.364811,2025-04-26 13:52:21.992484,0 days 00:00:22.627673,1,81,510,319.0,139.0,512.0,4,60,0.19567654427470776,0.0008254520345131385,0.6,/work3/arnaou/checkpoints/megnet_Vc_trial_371_best_state.pt,"{'learning_rate': 0.0008254520345131385, 'lr_reduce': 0.6}",TPESampler,COMPLETE
372,0.4401574432849884,2025-04-26 13:51:59.990530,2025-04-26 13:52:30.777750,0 days 00:00:30.787220,1,85,427,347.0,142.0,427.0,4,117,0.17826837185905836,0.0011320826978097817,0.6,/work3/arnaou/checkpoints/megnet_Vc_trial_372_best_state.pt,"{'learning_rate': 0.0011320826978097817, 'lr_reduce': 0.6}",TPESampler,COMPLETE
373,1.8581113815307617,2025-04-26 13:52:14.828711,2025-04-26 13:52:19.234135,0 days 00:00:04.405424,1,67,200,379.0,117.0,,3,106,0.16476725890422872,0.00016132577266265026,0.6,/work3/arnaou/checkpoints/megnet_Vc_trial_373_best_state.pt,"{'learning_rate': 0.00016132577266265026, 'lr_reduce': 0.6}",TPESampler,COMPLETE
374,1.450089693069458,2025-04-26 13:52:19.450297,2025-04-26 13:52:28.702882,0 days 00:00:09.252585,4,119,214,366.0,148.0,,3,121,0.05669332477357769,0.0004855918339353378,0.6,/work3/arnaou/checkpoints/megnet_Vc_trial_374_best_state.pt,"{'learning_rate': 0.0004855918339353378, 'lr_reduce': 0.6}",TPESampler,COMPLETE
375,1.8359209299087524,2025-04-26 13:52:22.280462,2025-04-26 13:52:25.633086,0 days 00:00:03.352624,1,100,464,383.0,,,2,46,0.16143186733580597,0.00034615208370152186,0.6,/work3/arnaou/checkpoints/megnet_Vc_trial_375_best_state.pt,"{'learning_rate': 0.00034615208370152186, 'lr_reduce': 0.6}",TPESampler,COMPLETE
376,0.2038135528564453,2025-04-26 13:52:25.824738,2025-04-26 13:52:53.780574,0 days 00:00:27.955836,1,60,408,205.0,109.0,459.0,4,62,0.19092073561075715,0.001241681052203268,0.6,/work3/arnaou/checkpoints/megnet_Vc_trial_376_best_state.pt,"{'learning_rate': 0.001241681052203268, 'lr_reduce': 0.6}",TPESampler,COMPLETE
377,0.24636414647102356,2025-04-26 13:52:28.882565,2025-04-26 13:52:48.453436,0 days 00:00:19.570871,1,48,165,376.0,150.0,,3,46,0.14651782513612502,0.0007249993644499053,0.6,/work3/arnaou/checkpoints/megnet_Vc_trial_377_best_state.pt,"{'learning_rate': 0.0007249993644499053, 'lr_reduce': 0.6}",TPESampler,COMPLETE
378,1.851473093032837,2025-04-26 13:52:30.973214,2025-04-26 13:52:35.236460,0 days 00:00:04.263246,2,85,469,293.0,104.0,,3,53,0.17469228405173862,0.00023295826311160403,0.6,/work3/arnaou/checkpoints/megnet_Vc_trial_378_best_state.pt,"{'learning_rate': 0.00023295826311160403, 'lr_reduce': 0.6}",TPESampler,COMPLETE
379,0.14421246945858002,2025-04-26 13:52:35.416985,2025-04-26 13:53:09.474480,0 days 00:00:34.057495,1,87,245,403.0,156.0,463.0,4,40,0.15244067504864672,0.0009954937745720047,0.6,/work3/arnaou/checkpoints/megnet_Vc_trial_379_best_state.pt,"{'learning_rate': 0.0009954937745720047, 'lr_reduce': 0.6}",TPESampler,COMPLETE
380,1.802937626838684,2025-04-26 13:52:48.819942,2025-04-26 13:52:53.682239,0 days 00:00:04.862297,3,96,183,409.0,148.0,398.0,4,70,0.09198387750980343,0.007371756123748724,0.6,/work3/arnaou/checkpoints/megnet_Vc_trial_380_best_state.pt,"{'learning_rate': 0.007371756123748724, 'lr_reduce': 0.6}",TPESampler,COMPLETE
381,1.7912278175354004,2025-04-26 13:52:53.841644,2025-04-26 13:52:58.073060,0 days 00:00:04.231416,1,112,297,511.0,,,2,100,0.21995023373728345,0.005963355938226834,0.6,/work3/arnaou/checkpoints/megnet_Vc_trial_381_best_state.pt,"{'learning_rate': 0.005963355938226834, 'lr_reduce': 0.6}",TPESampler,COMPLETE
382,0.2526112198829651,2025-04-26 13:52:53.989210,2025-04-26 13:53:28.143411,0 days 00:00:34.154201,2,67,465,409.0,99.0,468.0,4,82,0.1688914039670578,0.0009709863499716494,0.6,/work3/arnaou/checkpoints/megnet_Vc_trial_382_best_state.pt,"{'learning_rate': 0.0009709863499716494, 'lr_reduce': 0.6}",TPESampler,COMPLETE
383,0.7233196496963501,2025-04-26 13:52:58.317600,2025-04-26 13:53:06.780749,0 days 00:00:08.463149,1,93,458,374.0,173.0,416.0,4,72,0.24214111045776043,0.0010515938294757767,0.6,/work3/arnaou/checkpoints/megnet_Vc_trial_383_best_state.pt,"{'learning_rate': 0.0010515938294757767, 'lr_reduce': 0.6}",TPESampler,COMPLETE
384,0.8888686895370483,2025-04-26 13:53:06.986068,2025-04-26 13:53:39.772609,0 days 00:00:32.786541,2,79,318,246.0,105.0,,3,47,0.21767638281580864,0.0011231365838322372,0.6,/work3/arnaou/checkpoints/megnet_Vc_trial_384_best_state.pt,"{'learning_rate': 0.0011231365838322372, 'lr_reduce': 0.6}",TPESampler,COMPLETE
385,1.8580961227416992,2025-04-26 13:53:09.676322,2025-04-26 13:53:13.165784,0 days 00:00:03.489462,2,103,325,425.0,192.0,468.0,4,38,0.2197682926809983,0.0007849544641604563,0.6,/work3/arnaou/checkpoints/megnet_Vc_trial_385_best_state.pt,"{'learning_rate': 0.0007849544641604563, 'lr_reduce': 0.6}",TPESampler,COMPLETE
386,1.813705325126648,2025-04-26 13:53:13.356483,2025-04-26 13:53:17.083629,0 days 00:00:03.727146,4,117,340,,,,1,87,0.21506157937133635,0.00060392508150448,0.6,/work3/arnaou/checkpoints/megnet_Vc_trial_386_best_state.pt,"{'learning_rate': 0.00060392508150448, 'lr_reduce': 0.6}",TPESampler,COMPLETE
387,1.3095036745071411,2025-04-26 13:53:17.290936,2025-04-26 13:53:23.376304,0 days 00:00:06.085368,1,79,221,467.0,169.0,471.0,4,60,0.1362241412373638,0.0017077932474621762,0.6,/work3/arnaou/checkpoints/megnet_Vc_trial_387_best_state.pt,"{'learning_rate': 0.0017077932474621762, 'lr_reduce': 0.6}",TPESampler,COMPLETE
388,1.8557872772216797,2025-04-26 13:53:23.562917,2025-04-26 13:53:27.135956,0 days 00:00:03.573039,2,122,335,512.0,167.0,469.0,4,41,0.12069083241869323,0.00011166774350968821,0.6,/work3/arnaou/checkpoints/megnet_Vc_trial_388_best_state.pt,"{'learning_rate': 0.00011166774350968821, 'lr_reduce': 0.6}",TPESampler,COMPLETE
389,0.1537848860025406,2025-04-26 13:53:27.330317,2025-04-26 13:53:56.460565,0 days 00:00:29.130248,1,80,306,423.0,168.0,511.0,4,40,0.18569304963947575,0.00044967695516081213,0.6,/work3/arnaou/checkpoints/megnet_Vc_trial_389_best_state.pt,"{'learning_rate': 0.00044967695516081213, 'lr_reduce': 0.6}",TPESampler,COMPLETE
390,0.4339105188846588,2025-04-26 13:53:28.365744,2025-04-26 13:53:52.052746,0 days 00:00:23.687002,2,95,254,177.0,68.0,416.0,4,49,0.1270299374330688,0.0024311921416231607,0.6,/work3/arnaou/checkpoints/megnet_Vc_trial_390_best_state.pt,"{'learning_rate': 0.0024311921416231607, 'lr_reduce': 0.6}",TPESampler,COMPLETE
391,1.4462296962738037,2025-04-26 13:53:39.977038,2025-04-26 13:54:14.889796,0 days 00:00:34.912758,4,74,317,432.0,150.0,462.0,4,119,0.06815241477666228,0.00038787551099260205,0.6,/work3/arnaou/checkpoints/megnet_Vc_trial_391_best_state.pt,"{'learning_rate': 0.00038787551099260205, 'lr_reduce': 0.6}",TPESampler,COMPLETE
392,0.17153893411159515,2025-04-26 13:53:52.239972,2025-04-26 13:54:21.839415,0 days 00:00:29.599443,1,78,483,341.0,293.0,463.0,4,66,0.1850170363534579,0.0014100827731889382,0.6,/work3/arnaou/checkpoints/megnet_Vc_trial_392_best_state.pt,"{'learning_rate': 0.0014100827731889382, 'lr_reduce': 0.6}",TPESampler,COMPLETE
393,0.20276734232902527,2025-04-26 13:53:56.837508,2025-04-26 13:54:17.752167,0 days 00:00:20.914659,1,90,202,406.0,168.0,508.0,4,41,0.17845220053795058,0.0005178370470461624,0.6,/work3/arnaou/checkpoints/megnet_Vc_trial_393_best_state.pt,"{'learning_rate': 0.0005178370470461624, 'lr_reduce': 0.6}",TPESampler,COMPLETE
394,0.357162743806839,2025-04-26 13:54:15.080735,2025-04-26 13:54:33.261653,0 days 00:00:18.180918,1,82,121,394.0,162.0,,3,48,0.14604719193275037,0.0011376411817272673,0.6,/work3/arnaou/checkpoints/megnet_Vc_trial_394_best_state.pt,"{'learning_rate': 0.0011376411817272673, 'lr_reduce': 0.6}",TPESampler,COMPLETE
395,1.4618984460830688,2025-04-26 13:54:17.964583,2025-04-26 13:54:31.155053,0 days 00:00:13.190470,4,128,219,414.0,149.0,,3,81,0.16965528135120606,0.0022834373883034126,0.6,/work3/arnaou/checkpoints/megnet_Vc_trial_395_best_state.pt,"{'learning_rate': 0.0022834373883034126, 'lr_reduce': 0.6}",TPESampler,COMPLETE
396,0.19481158256530762,2025-04-26 13:54:22.023894,2025-04-26 13:54:53.067860,0 days 00:00:31.043966,2,79,355,426.0,117.0,509.0,4,34,0.1795951778394687,0.0007881682609003137,0.6,/work3/arnaou/checkpoints/megnet_Vc_trial_396_best_state.pt,"{'learning_rate': 0.0007881682609003137, 'lr_reduce': 0.6}",TPESampler,COMPLETE
397,0.39575210213661194,2025-04-26 13:54:31.343296,2025-04-26 13:54:56.419194,0 days 00:00:25.075898,1,90,246,368.0,184.0,506.0,4,37,0.14196894691302303,0.0010407319208570209,0.6,/work3/arnaou/checkpoints/megnet_Vc_trial_397_best_state.pt,"{'learning_rate': 0.0010407319208570209, 'lr_reduce': 0.6}",TPESampler,COMPLETE
398,1.8619129657745361,2025-04-26 13:54:33.479792,2025-04-26 13:54:37.217853,0 days 00:00:03.738061,1,76,469,426.0,,,2,65,0.2209325482874659,0.00013689069694689115,0.6,/work3/arnaou/checkpoints/megnet_Vc_trial_398_best_state.pt,"{'learning_rate': 0.00013689069694689115, 'lr_reduce': 0.6}",TPESampler,COMPLETE
399,1.8573431968688965,2025-04-26 13:54:37.402465,2025-04-26 13:54:41.210079,0 days 00:00:03.807614,3,67,210,423.0,,,2,106,0.1228869720267906,0.0003596721072110776,0.6,/work3/arnaou/checkpoints/megnet_Vc_trial_399_best_state.pt,"{'learning_rate': 0.0003596721072110776, 'lr_reduce': 0.6}",TPESampler,COMPLETE
400,1.8539358377456665,2025-04-26 13:54:41.424542,2025-04-26 13:54:45.009357,0 days 00:00:03.584815,1,95,277,314.0,120.0,,3,39,0.23303449456655032,0.0005292849890574767,0.6,/work3/arnaou/checkpoints/megnet_Vc_trial_400_best_state.pt,"{'learning_rate': 0.0005292849890574767, 'lr_reduce': 0.6}",TPESampler,COMPLETE
401,1.8576655387878418,2025-04-26 13:54:45.181902,2025-04-26 13:54:48.810769,0 days 00:00:03.628867,2,68,511,370.0,179.0,503.0,4,34,0.12282357452759977,0.0005179627351364743,0.6,/work3/arnaou/checkpoints/megnet_Vc_trial_401_best_state.pt,"{'learning_rate': 0.0005179627351364743, 'lr_reduce': 0.6}",TPESampler,COMPLETE
402,1.8007326126098633,2025-04-26 13:54:49.011946,2025-04-26 13:54:52.385071,0 days 00:00:03.373125,4,78,422,,,,1,78,0.039592421010810064,0.0005018637486756344,0.6,/work3/arnaou/checkpoints/megnet_Vc_trial_402_best_state.pt,"{'learning_rate': 0.0005018637486756344, 'lr_reduce': 0.6}",TPESampler,COMPLETE
403,1.8190028667449951,2025-04-26 13:54:52.582425,2025-04-26 13:54:55.962421,0 days 00:00:03.379996,4,35,198,,,,1,70,0.0797190015113583,0.0007466663582620095,0.6,/work3/arnaou/checkpoints/megnet_Vc_trial_403_best_state.pt,"{'learning_rate': 0.0007466663582620095, 'lr_reduce': 0.6}",TPESampler,COMPLETE
404,1.8578588962554932,2025-04-26 13:54:53.397740,2025-04-26 13:54:57.260795,0 days 00:00:03.863055,1,77,349,461.0,115.0,,3,59,0.17995717599869104,0.000534175181257867,0.6,/work3/arnaou/checkpoints/megnet_Vc_trial_404_best_state.pt,"{'learning_rate': 0.000534175181257867, 'lr_reduce': 0.6}",TPESampler,COMPLETE
405,1.8409373760223389,2025-04-26 13:54:56.373065,2025-04-26 13:54:59.353850,0 days 00:00:02.980785,2,42,318,,,,1,90,0.009920986451465719,0.00012210331413569305,0.6,/work3/arnaou/checkpoints/megnet_Vc_trial_405_best_state.pt,"{'learning_rate': 0.00012210331413569305, 'lr_reduce': 0.6}",TPESampler,COMPLETE
406,1.7842836380004883,2025-04-26 13:54:56.686092,2025-04-26 13:54:59.913623,0 days 00:00:03.227531,1,110,467,,,,1,96,0.030524362587319026,0.002498082851858997,0.6,/work3/arnaou/checkpoints/megnet_Vc_trial_406_best_state.pt,"{'learning_rate': 0.002498082851858997, 'lr_reduce': 0.6}",TPESampler,COMPLETE
407,0.15811271965503693,2025-04-26 13:54:57.447480,2025-04-26 13:55:26.200377,0 days 00:00:28.752897,1,94,326,458.0,164.0,458.0,4,40,0.18989966334064065,0.000524380340506792,0.6,/work3/arnaou/checkpoints/megnet_Vc_trial_407_best_state.pt,"{'learning_rate': 0.000524380340506792, 'lr_reduce': 0.6}",TPESampler,COMPLETE
