number,value,datetime_start,datetime_complete,duration,params_depth,params_edge_hidden_dim,params_mlp_dim_00,params_mlp_dim_01,params_mlp_dim_02,params_mlp_dim_03,params_mlp_n_layers,params_node_hidden_dim,params_rep_dropout,params_train_learning_rate,params_train_lr_reduce,user_attrs_best_state_dict_path,user_attrs_training_params,system_attrs_auto:sampler,state
2100,0.14967162907123566,2025-04-26 16:38:35.416616,2025-04-26 16:39:05.835833,0 days 00:00:30.419217,1,72,453,301.0,258.0,,3,68,0.19458768275824304,0.0009158335960519498,0.6,/work3/arnaou/checkpoints/megnet_Vc_trial_2100_best_state.pt,"{'learning_rate': 0.0009158335960519498, 'lr_reduce': 0.6}",TPESampler,COMPLETE
2101,0.16863934695720673,2025-04-26 16:38:46.393650,2025-04-26 16:39:19.668751,0 days 00:00:33.275101,1,78,470,252.0,253.0,453.0,4,44,0.24879986420426792,0.0004925379908939574,0.6,/work3/arnaou/checkpoints/megnet_Vc_trial_2101_best_state.pt,"{'learning_rate': 0.0004925379908939574, 'lr_reduce': 0.6}",TPESampler,COMPLETE
2102,1.845104455947876,2025-04-26 16:38:54.636078,2025-04-26 16:38:58.369595,0 days 00:00:03.733517,1,70,462,196.0,307.0,120.0,4,58,0.2383529714067462,0.001017162181492954,0.6,/work3/arnaou/checkpoints/megnet_Vc_trial_2102_best_state.pt,"{'learning_rate': 0.001017162181492954, 'lr_reduce': 0.6}",TPESampler,COMPLETE
2103,1.8593333959579468,2025-04-26 16:38:58.586507,2025-04-26 16:39:02.855995,0 days 00:00:04.269488,1,44,441,303.0,260.0,,3,35,0.14401374408902287,0.00047448459952033133,0.6,/work3/arnaou/checkpoints/megnet_Vc_trial_2103_best_state.pt,"{'learning_rate': 0.00047448459952033133, 'lr_reduce': 0.6}",TPESampler,COMPLETE
2104,0.16097429394721985,2025-04-26 16:39:03.120971,2025-04-26 16:39:36.307287,0 days 00:00:33.186316,1,64,381,264.0,336.0,404.0,4,68,0.16855036278095467,0.000790251446483941,0.6,/work3/arnaou/checkpoints/megnet_Vc_trial_2104_best_state.pt,"{'learning_rate': 0.000790251446483941, 'lr_reduce': 0.6}",TPESampler,COMPLETE
2105,0.3733349144458771,2025-04-26 16:39:06.075652,2025-04-26 16:39:32.259091,0 days 00:00:26.183439,1,83,389,184.0,289.0,478.0,4,66,0.24482017973779727,0.0014992012525122742,0.6,/work3/arnaou/checkpoints/megnet_Vc_trial_2105_best_state.pt,"{'learning_rate': 0.0014992012525122742, 'lr_reduce': 0.6}",TPESampler,COMPLETE
2106,0.37270912528038025,2025-04-26 16:39:19.945405,2025-04-26 16:39:34.523815,0 days 00:00:14.578410,1,92,392,229.0,263.0,474.0,4,38,0.23080830498335683,0.0021121185985021255,0.6,/work3/arnaou/checkpoints/megnet_Vc_trial_2106_best_state.pt,"{'learning_rate': 0.0021121185985021255, 'lr_reduce': 0.6}",TPESampler,COMPLETE
2107,0.18311448395252228,2025-04-26 16:39:32.524369,2025-04-26 16:40:04.801982,0 days 00:00:32.277613,1,85,435,265.0,336.0,441.0,4,46,0.2291258766093988,0.0008769140890626816,0.6,/work3/arnaou/checkpoints/megnet_Vc_trial_2107_best_state.pt,"{'learning_rate': 0.0008769140890626816, 'lr_reduce': 0.6}",TPESampler,COMPLETE
2108,0.36441609263420105,2025-04-26 16:39:34.777671,2025-04-26 16:39:48.781718,0 days 00:00:14.004047,1,94,396,225.0,255.0,270.0,4,61,0.2100195642551818,0.0018550637622617885,0.6,/work3/arnaou/checkpoints/megnet_Vc_trial_2108_best_state.pt,"{'learning_rate': 0.0018550637622617885, 'lr_reduce': 0.6}",TPESampler,COMPLETE
2109,0.2034894824028015,2025-04-26 16:39:36.566434,2025-04-26 16:40:01.233561,0 days 00:00:24.667127,1,92,409,185.0,314.0,359.0,4,55,0.2092085792046007,0.0006198955393822583,0.6,/work3/arnaou/checkpoints/megnet_Vc_trial_2109_best_state.pt,"{'learning_rate': 0.0006198955393822583, 'lr_reduce': 0.6}",TPESampler,COMPLETE
2110,0.13407261669635773,2025-04-26 16:39:49.076563,2025-04-26 16:40:20.028450,0 days 00:00:30.951887,1,81,406,272.0,255.0,408.0,4,53,0.24106822502756997,0.0008761927159073265,0.6,/work3/arnaou/checkpoints/megnet_Vc_trial_2110_best_state.pt,"{'learning_rate': 0.0008761927159073265, 'lr_reduce': 0.6}",TPESampler,COMPLETE
2111,0.13975867629051208,2025-04-26 16:40:01.492518,2025-04-26 16:40:30.436480,0 days 00:00:28.943962,1,83,482,311.0,296.0,480.0,4,54,0.21210838500508883,0.0007264656403982485,0.6,/work3/arnaou/checkpoints/megnet_Vc_trial_2111_best_state.pt,"{'learning_rate': 0.0007264656403982485, 'lr_reduce': 0.6}",TPESampler,COMPLETE
2112,0.12408259510993958,2025-04-26 16:40:05.054874,2025-04-26 16:40:36.994178,0 days 00:00:31.939304,1,79,353,183.0,342.0,444.0,4,51,0.20671805558176404,0.001360650927710461,0.6,/work3/arnaou/checkpoints/megnet_Vc_trial_2112_best_state.pt,"{'learning_rate': 0.001360650927710461, 'lr_reduce': 0.6}",TPESampler,COMPLETE
2113,0.6694268584251404,2025-04-26 16:40:20.262411,2025-04-26 16:40:36.973837,0 days 00:00:16.711426,2,86,399,217.0,250.0,192.0,4,58,0.1270397045265853,0.001541765887238469,0.6,/work3/arnaou/checkpoints/megnet_Vc_trial_2113_best_state.pt,"{'learning_rate': 0.001541765887238469, 'lr_reduce': 0.6}",TPESampler,COMPLETE
2114,0.11225412040948868,2025-04-26 16:40:30.711816,2025-04-26 16:41:03.353285,0 days 00:00:32.641469,1,72,384,300.0,302.0,476.0,4,71,0.20303878918419502,0.0008253122419338558,0.6,/work3/arnaou/checkpoints/megnet_Vc_trial_2114_best_state.pt,"{'learning_rate': 0.0008253122419338558, 'lr_reduce': 0.6}",TPESampler,COMPLETE
2115,0.23321205377578735,2025-04-26 16:40:37.141272,2025-04-26 16:41:10.840443,0 days 00:00:33.699171,1,80,376,228.0,254.0,407.0,4,47,0.18088962864497993,0.0012565400383096337,0.6,/work3/arnaou/checkpoints/megnet_Vc_trial_2115_best_state.pt,"{'learning_rate': 0.0012565400383096337, 'lr_reduce': 0.6}",TPESampler,COMPLETE
2116,0.17070116102695465,2025-04-26 16:40:37.203987,2025-04-26 16:41:09.703563,0 days 00:00:32.499576,1,66,406,180.0,270.0,406.0,4,54,0.21821083436468583,0.0007748882015121624,0.6,/work3/arnaou/checkpoints/megnet_Vc_trial_2116_best_state.pt,"{'learning_rate': 0.0007748882015121624, 'lr_reduce': 0.6}",TPESampler,COMPLETE
2117,0.23223623633384705,2025-04-26 16:41:03.675046,2025-04-26 16:41:24.338917,0 days 00:00:20.663871,1,72,311,303.0,313.0,,3,78,0.21650660917733808,0.0015298330394847195,0.6,/work3/arnaou/checkpoints/megnet_Vc_trial_2117_best_state.pt,"{'learning_rate': 0.0015298330394847195, 'lr_reduce': 0.6}",TPESampler,COMPLETE
2118,0.37948206067085266,2025-04-26 16:41:09.952581,2025-04-26 16:41:25.900084,0 days 00:00:15.947503,1,64,350,308.0,316.0,438.0,4,85,0.18702627428899848,0.0009225732436526821,0.6,/work3/arnaou/checkpoints/megnet_Vc_trial_2118_best_state.pt,"{'learning_rate': 0.0009225732436526821, 'lr_reduce': 0.6}",TPESampler,COMPLETE
2119,1.809450626373291,2025-04-26 16:41:11.112656,2025-04-26 16:41:15.943820,0 days 00:00:04.831164,3,116,330,,,,1,55,0.015645735926014787,0.0013849453197262924,0.6,/work3/arnaou/checkpoints/megnet_Vc_trial_2119_best_state.pt,"{'learning_rate': 0.0013849453197262924, 'lr_reduce': 0.6}",TPESampler,COMPLETE
2120,0.3300420939922333,2025-04-26 16:41:16.212101,2025-04-26 16:41:41.072732,0 days 00:00:24.860631,1,68,365,277.0,307.0,440.0,4,62,0.22809213971004566,0.0010801315644228288,0.6,/work3/arnaou/checkpoints/megnet_Vc_trial_2120_best_state.pt,"{'learning_rate': 0.0010801315644228288, 'lr_reduce': 0.6}",TPESampler,COMPLETE
2121,1.8587803840637207,2025-04-26 16:41:24.573908,2025-04-26 16:41:29.038078,0 days 00:00:04.464170,2,69,399,297.0,347.0,439.0,4,70,0.19803980796724774,0.00029116146728436215,0.6,/work3/arnaou/checkpoints/megnet_Vc_trial_2121_best_state.pt,"{'learning_rate': 0.00029116146728436215, 'lr_reduce': 0.6}",TPESampler,COMPLETE
2122,0.2427997887134552,2025-04-26 16:41:26.204917,2025-04-26 16:41:55.781539,0 days 00:00:29.576622,2,83,429,318.0,295.0,377.0,4,59,0.19598464322360692,0.001976847595969692,0.6,/work3/arnaou/checkpoints/megnet_Vc_trial_2122_best_state.pt,"{'learning_rate': 0.001976847595969692, 'lr_reduce': 0.6}",TPESampler,COMPLETE
2123,1.8219026327133179,2025-04-26 16:41:29.303132,2025-04-26 16:41:33.721826,0 days 00:00:04.418694,2,84,412,322.0,302.0,435.0,4,74,0.19109865995508069,0.0015902709516276965,0.6,/work3/arnaou/checkpoints/megnet_Vc_trial_2123_best_state.pt,"{'learning_rate': 0.0015902709516276965, 'lr_reduce': 0.6}",TPESampler,COMPLETE
2124,0.2638549506664276,2025-04-26 16:41:33.974350,2025-04-26 16:41:56.871432,0 days 00:00:22.897082,1,63,332,305.0,342.0,447.0,4,72,0.1690733537900009,0.0021325598085061514,0.6,/work3/arnaou/checkpoints/megnet_Vc_trial_2124_best_state.pt,"{'learning_rate': 0.0021325598085061514, 'lr_reduce': 0.6}",TPESampler,COMPLETE
2125,1.8033658266067505,2025-04-26 16:41:41.364054,2025-04-26 16:41:46.240819,0 days 00:00:04.876765,2,95,77,,,,1,54,0.08452074548271546,0.0018980866897451351,0.6,/work3/arnaou/checkpoints/megnet_Vc_trial_2125_best_state.pt,"{'learning_rate': 0.0018980866897451351, 'lr_reduce': 0.6}",TPESampler,COMPLETE
2126,1.8624941110610962,2025-04-26 16:41:46.488860,2025-04-26 16:41:52.816451,0 days 00:00:06.327591,1,65,387,317.0,299.0,328.0,4,76,0.1944673375777419,0.0006004978206500945,0.6,/work3/arnaou/checkpoints/megnet_Vc_trial_2126_best_state.pt,"{'learning_rate': 0.0006004978206500945, 'lr_reduce': 0.6}",TPESampler,COMPLETE
2127,0.4174465537071228,2025-04-26 16:41:53.071179,2025-04-26 16:42:20.549611,0 days 00:00:27.478432,1,83,400,284.0,337.0,399.0,4,64,0.15802665799927512,0.0007708482561186316,0.6,/work3/arnaou/checkpoints/megnet_Vc_trial_2127_best_state.pt,"{'learning_rate': 0.0007708482561186316, 'lr_reduce': 0.6}",TPESampler,COMPLETE
2128,0.26688912510871887,2025-04-26 16:41:56.023162,2025-04-26 16:42:18.162636,0 days 00:00:22.139474,1,64,329,272.0,277.0,450.0,4,81,0.20595286100109128,0.0014508998707309577,0.6,/work3/arnaou/checkpoints/megnet_Vc_trial_2128_best_state.pt,"{'learning_rate': 0.0014508998707309577, 'lr_reduce': 0.6}",TPESampler,COMPLETE
2129,0.3358627259731293,2025-04-26 16:41:57.172625,2025-04-26 16:42:30.458155,0 days 00:00:33.285530,1,56,379,295.0,301.0,404.0,4,95,0.15302645846834015,0.0005528003492872347,0.6,/work3/arnaou/checkpoints/megnet_Vc_trial_2129_best_state.pt,"{'learning_rate': 0.0005528003492872347, 'lr_reduce': 0.6}",TPESampler,COMPLETE
2130,1.450473666191101,2025-04-26 16:42:18.440725,2025-04-26 16:42:30.612535,0 days 00:00:12.171810,3,91,162,321.0,345.0,451.0,4,103,0.12715561992856098,0.0014383117832836346,0.6,/work3/arnaou/checkpoints/megnet_Vc_trial_2130_best_state.pt,"{'learning_rate': 0.0014383117832836346, 'lr_reduce': 0.6}",TPESampler,COMPLETE
2131,1.8614022731781006,2025-04-26 16:42:20.806626,2025-04-26 16:42:25.301963,0 days 00:00:04.495337,2,68,294,271.0,296.0,366.0,4,45,0.18015257407032867,0.0006280526198294608,0.6,/work3/arnaou/checkpoints/megnet_Vc_trial_2131_best_state.pt,"{'learning_rate': 0.0006280526198294608, 'lr_reduce': 0.6}",TPESampler,COMPLETE
2132,1.7852317094802856,2025-04-26 16:42:25.640732,2025-04-26 16:42:31.838869,0 days 00:00:06.198137,2,91,472,,,,1,111,0.14889435931693268,0.009708824254948924,0.6,/work3/arnaou/checkpoints/megnet_Vc_trial_2132_best_state.pt,"{'learning_rate': 0.009708824254948924, 'lr_reduce': 0.6}",TPESampler,COMPLETE
2133,1.3872579336166382,2025-04-26 16:42:30.682734,2025-04-26 16:42:36.623061,0 days 00:00:05.940327,1,67,376,311.0,343.0,474.0,4,107,0.15329893476903828,0.0020671912520729653,0.6,/work3/arnaou/checkpoints/megnet_Vc_trial_2133_best_state.pt,"{'learning_rate': 0.0020671912520729653, 'lr_reduce': 0.6}",TPESampler,COMPLETE
2134,1.8636577129364014,2025-04-26 16:42:30.904670,2025-04-26 16:42:35.800384,0 days 00:00:04.895714,1,92,486,259.0,265.0,,3,60,0.21898491663662928,0.0003263198379344145,0.6,/work3/arnaou/checkpoints/megnet_Vc_trial_2134_best_state.pt,"{'learning_rate': 0.0003263198379344145, 'lr_reduce': 0.6}",TPESampler,COMPLETE
2135,0.14120487868785858,2025-04-26 16:42:32.163504,2025-04-26 16:43:01.290295,0 days 00:00:29.126791,1,76,426,270.0,296.0,,3,71,0.19885238990283183,0.0009236448963954853,0.6,/work3/arnaou/checkpoints/megnet_Vc_trial_2135_best_state.pt,"{'learning_rate': 0.0009236448963954853, 'lr_reduce': 0.6}",TPESampler,COMPLETE
2136,1.783278465270996,2025-04-26 16:42:36.032993,2025-04-26 16:42:40.027350,0 days 00:00:03.994357,3,111,501,,,,1,56,0.009265299202666777,0.0012867454081058568,0.6,/work3/arnaou/checkpoints/megnet_Vc_trial_2136_best_state.pt,"{'learning_rate': 0.0012867454081058568, 'lr_reduce': 0.6}",TPESampler,COMPLETE
2137,0.2308763861656189,2025-04-26 16:42:36.967538,2025-04-26 16:43:04.046014,0 days 00:00:27.078476,2,78,420,322.0,262.0,469.0,4,59,0.19013177190336503,0.000981340897566044,0.6,/work3/arnaou/checkpoints/megnet_Vc_trial_2137_best_state.pt,"{'learning_rate': 0.000981340897566044, 'lr_reduce': 0.6}",TPESampler,COMPLETE
2138,0.4587933421134949,2025-04-26 16:42:40.264703,2025-04-26 16:43:13.542849,0 days 00:00:33.278146,1,62,267,271.0,,,2,56,0.23479929700755856,0.0029627688764962234,0.6,/work3/arnaou/checkpoints/megnet_Vc_trial_2138_best_state.pt,"{'learning_rate': 0.0029627688764962234, 'lr_reduce': 0.6}",TPESampler,COMPLETE
2139,0.36184340715408325,2025-04-26 16:43:01.557267,2025-04-26 16:43:17.704849,0 days 00:00:16.147582,1,75,462,325.0,324.0,417.0,4,82,0.24394558172995157,0.001081908702357135,0.6,/work3/arnaou/checkpoints/megnet_Vc_trial_2139_best_state.pt,"{'learning_rate': 0.001081908702357135, 'lr_reduce': 0.6}",TPESampler,COMPLETE
2140,1.8623496294021606,2025-04-26 16:43:04.580904,2025-04-26 16:43:09.693701,0 days 00:00:05.112797,2,71,451,266.0,261.0,471.0,4,68,0.24172221185947815,0.0004661072776692861,0.6,/work3/arnaou/checkpoints/megnet_Vc_trial_2140_best_state.pt,"{'learning_rate': 0.0004661072776692861, 'lr_reduce': 0.6}",TPESampler,COMPLETE
2141,1.805898666381836,2025-04-26 16:43:09.952417,2025-04-26 16:43:13.373694,0 days 00:00:03.421277,1,94,69,,,,1,126,0.041129910045549056,0.0005707432200605792,0.6,/work3/arnaou/checkpoints/megnet_Vc_trial_2141_best_state.pt,"{'learning_rate': 0.0005707432200605792, 'lr_reduce': 0.6}",TPESampler,COMPLETE
2142,0.22432279586791992,2025-04-26 16:43:13.648494,2025-04-26 16:43:40.864076,0 days 00:00:27.215582,1,66,410,311.0,298.0,442.0,4,57,0.24954944543329613,0.001721920980148546,0.6,/work3/arnaou/checkpoints/megnet_Vc_trial_2142_best_state.pt,"{'learning_rate': 0.001721920980148546, 'lr_reduce': 0.6}",TPESampler,COMPLETE
2143,1.8223685026168823,2025-04-26 16:43:13.834915,2025-04-26 16:43:18.052374,0 days 00:00:04.217459,1,83,439,306.0,299.0,442.0,4,55,0.17134399435732175,0.0015594476195773706,0.6,/work3/arnaou/checkpoints/megnet_Vc_trial_2143_best_state.pt,"{'learning_rate': 0.0015594476195773706, 'lr_reduce': 0.6}",TPESampler,COMPLETE
2144,0.18939562141895294,2025-04-26 16:43:17.955025,2025-04-26 16:43:45.735725,0 days 00:00:27.780700,1,60,363,268.0,357.0,,3,68,0.2380341000233289,0.001176401763454126,0.6,/work3/arnaou/checkpoints/megnet_Vc_trial_2144_best_state.pt,"{'learning_rate': 0.001176401763454126, 'lr_reduce': 0.6}",TPESampler,COMPLETE
2145,0.3462740480899811,2025-04-26 16:43:18.385787,2025-04-26 16:43:33.740305,0 days 00:00:15.354518,1,60,502,246.0,251.0,367.0,4,83,0.2487784467472671,0.001417700591049605,0.6,/work3/arnaou/checkpoints/megnet_Vc_trial_2145_best_state.pt,"{'learning_rate': 0.001417700591049605, 'lr_reduce': 0.6}",TPESampler,COMPLETE
2146,1.4099805355072021,2025-04-26 16:43:33.998544,2025-04-26 16:43:42.189129,0 days 00:00:08.190585,2,68,345,253.0,340.0,,3,72,0.18334644466646913,0.0010872863690957317,0.6,/work3/arnaou/checkpoints/megnet_Vc_trial_2146_best_state.pt,"{'learning_rate': 0.0010872863690957317, 'lr_reduce': 0.6}",TPESampler,COMPLETE
2147,1.8602548837661743,2025-04-26 16:43:41.135134,2025-04-26 16:43:44.863019,0 days 00:00:03.727885,1,82,315,305.0,254.0,,3,47,0.18640688762624544,0.00047839861924117,0.6,/work3/arnaou/checkpoints/megnet_Vc_trial_2147_best_state.pt,"{'learning_rate': 0.00047839861924117, 'lr_reduce': 0.6}",TPESampler,COMPLETE
2148,1.8505748510360718,2025-04-26 16:43:42.525286,2025-04-26 16:43:46.941435,0 days 00:00:04.416149,2,67,335,241.0,311.0,472.0,4,53,0.17138808558314753,0.0010780929345860196,0.6,/work3/arnaou/checkpoints/megnet_Vc_trial_2148_best_state.pt,"{'learning_rate': 0.0010780929345860196, 'lr_reduce': 0.6}",TPESampler,COMPLETE
2149,1.8549997806549072,2025-04-26 16:43:45.101390,2025-04-26 16:43:49.109556,0 days 00:00:04.008166,1,79,440,328.0,245.0,,3,54,0.22643857358093794,0.000555655301133174,0.6,/work3/arnaou/checkpoints/megnet_Vc_trial_2149_best_state.pt,"{'learning_rate': 0.000555655301133174, 'lr_reduce': 0.6}",TPESampler,COMPLETE
2150,1.8572040796279907,2025-04-26 16:43:45.958174,2025-04-26 16:43:50.985205,0 days 00:00:05.027031,1,110,276,280.0,286.0,,3,104,0.03469411891702254,0.009471540807439945,0.6,/work3/arnaou/checkpoints/megnet_Vc_trial_2150_best_state.pt,"{'learning_rate': 0.009471540807439945, 'lr_reduce': 0.6}",TPESampler,COMPLETE
2151,0.6312770247459412,2025-04-26 16:43:47.219947,2025-04-26 16:44:24.944363,0 days 00:00:37.724416,1,97,404,240.0,334.0,408.0,4,66,0.24906424350270903,0.0022141383931614544,0.6,/work3/arnaou/checkpoints/megnet_Vc_trial_2151_best_state.pt,"{'learning_rate': 0.0022141383931614544, 'lr_reduce': 0.6}",TPESampler,COMPLETE
2152,0.3715907037258148,2025-04-26 16:43:49.364536,2025-04-26 16:44:18.003897,0 days 00:00:28.639361,1,53,241,282.0,247.0,,3,52,0.1878137735763723,0.0017209090575021184,0.6,/work3/arnaou/checkpoints/megnet_Vc_trial_2152_best_state.pt,"{'learning_rate': 0.0017209090575021184, 'lr_reduce': 0.6}",TPESampler,COMPLETE
2153,0.36248454451560974,2025-04-26 16:43:51.258696,2025-04-26 16:44:28.758076,0 days 00:00:37.499380,1,70,375,323.0,277.0,474.0,4,56,0.24541756801340708,0.0012657530221315534,0.6,/work3/arnaou/checkpoints/megnet_Vc_trial_2153_best_state.pt,"{'learning_rate': 0.0012657530221315534, 'lr_reduce': 0.6}",TPESampler,COMPLETE
2154,0.12887312471866608,2025-04-26 16:44:18.248689,2025-04-26 16:44:47.047357,0 days 00:00:28.798668,1,79,453,245.0,249.0,409.0,4,64,0.16550837656017373,0.0021802449362372796,0.6,/work3/arnaou/checkpoints/megnet_Vc_trial_2154_best_state.pt,"{'learning_rate': 0.0021802449362372796, 'lr_reduce': 0.6}",TPESampler,COMPLETE
2155,0.368976891040802,2025-04-26 16:44:25.198017,2025-04-26 16:44:49.502483,0 days 00:00:24.304466,2,52,175,233.0,306.0,,3,57,0.23421026385407537,0.0006500135190663859,0.6,/work3/arnaou/checkpoints/megnet_Vc_trial_2155_best_state.pt,"{'learning_rate': 0.0006500135190663859, 'lr_reduce': 0.6}",TPESampler,COMPLETE
2156,1.8597674369812012,2025-04-26 16:44:29.002844,2025-04-26 16:44:33.398469,0 days 00:00:04.395625,1,74,422,334.0,347.0,478.0,4,45,0.22014040203833096,0.0001916518464014266,0.6,/work3/arnaou/checkpoints/megnet_Vc_trial_2156_best_state.pt,"{'learning_rate': 0.0001916518464014266, 'lr_reduce': 0.6}",TPESampler,COMPLETE
2157,0.14075128734111786,2025-04-26 16:44:33.635142,2025-04-26 16:45:03.056663,0 days 00:00:29.421521,1,88,340,292.0,284.0,,3,63,0.1778351511303187,0.0008535117877124281,0.6,/work3/arnaou/checkpoints/megnet_Vc_trial_2157_best_state.pt,"{'learning_rate': 0.0008535117877124281, 'lr_reduce': 0.6}",TPESampler,COMPLETE
2158,0.2349219024181366,2025-04-26 16:44:47.318473,2025-04-26 16:45:21.238147,0 days 00:00:33.919674,2,68,352,229.0,319.0,,3,78,0.20724781974218529,0.0004952094905021143,0.6,/work3/arnaou/checkpoints/megnet_Vc_trial_2158_best_state.pt,"{'learning_rate': 0.0004952094905021143, 'lr_reduce': 0.6}",TPESampler,COMPLETE
2159,1.8507946729660034,2025-04-26 16:44:49.743600,2025-04-26 16:44:54.286727,0 days 00:00:04.543127,2,76,198,282.0,243.0,,3,68,0.2371540820236277,0.0007556811385374141,0.6,/work3/arnaou/checkpoints/megnet_Vc_trial_2159_best_state.pt,"{'learning_rate': 0.0007556811385374141, 'lr_reduce': 0.6}",TPESampler,COMPLETE
2160,0.14322736859321594,2025-04-26 16:44:54.540180,2025-04-26 16:45:26.416736,0 days 00:00:31.876556,1,76,396,328.0,284.0,331.0,4,68,0.22024650590852773,0.0006860967251161535,0.6,/work3/arnaou/checkpoints/megnet_Vc_trial_2160_best_state.pt,"{'learning_rate': 0.0006860967251161535, 'lr_reduce': 0.6}",TPESampler,COMPLETE
2161,0.13113243877887726,2025-04-26 16:45:03.308292,2025-04-26 16:45:33.942595,0 days 00:00:30.634303,1,55,448,234.0,243.0,475.0,4,61,0.17290322362015761,0.0011135141193185222,0.6,/work3/arnaou/checkpoints/megnet_Vc_trial_2161_best_state.pt,"{'learning_rate': 0.0011135141193185222, 'lr_reduce': 0.6}",TPESampler,COMPLETE
2162,0.27183791995048523,2025-04-26 16:45:21.493589,2025-04-26 16:45:39.797104,0 days 00:00:18.303515,1,84,391,276.0,339.0,440.0,4,80,0.1718358699757851,0.0008776174685669413,0.6,/work3/arnaou/checkpoints/megnet_Vc_trial_2162_best_state.pt,"{'learning_rate': 0.0008776174685669413, 'lr_reduce': 0.6}",TPESampler,COMPLETE
2163,1.8542402982711792,2025-04-26 16:45:26.664873,2025-04-26 16:45:30.118324,0 days 00:00:03.453451,1,68,259,337.0,247.0,,3,33,0.24986046492197536,0.000683675860419245,0.6,/work3/arnaou/checkpoints/megnet_Vc_trial_2163_best_state.pt,"{'learning_rate': 0.000683675860419245, 'lr_reduce': 0.6}",TPESampler,COMPLETE
2164,0.13078247010707855,2025-04-26 16:45:30.350879,2025-04-26 16:46:02.057868,0 days 00:00:31.706989,1,74,382,225.0,288.0,381.0,4,59,0.1622411971076162,0.0008723628939990614,0.6,/work3/arnaou/checkpoints/megnet_Vc_trial_2164_best_state.pt,"{'learning_rate': 0.0008723628939990614, 'lr_reduce': 0.6}",TPESampler,COMPLETE
2165,0.23199023306369781,2025-04-26 16:45:34.203916,2025-04-26 16:46:05.181218,0 days 00:00:30.977302,1,68,293,262.0,360.0,,3,67,0.19674261096304319,0.0010699892258601083,0.6,/work3/arnaou/checkpoints/megnet_Vc_trial_2165_best_state.pt,"{'learning_rate': 0.0010699892258601083, 'lr_reduce': 0.6}",TPESampler,COMPLETE
2166,0.21350999176502228,2025-04-26 16:45:40.040974,2025-04-26 16:45:58.335852,0 days 00:00:18.294878,1,81,507,218.0,239.0,476.0,4,56,0.20333652636840546,0.0014449872704908324,0.6,/work3/arnaou/checkpoints/megnet_Vc_trial_2166_best_state.pt,"{'learning_rate': 0.0014449872704908324, 'lr_reduce': 0.6}",TPESampler,COMPLETE
2167,1.79045832157135,2025-04-26 16:45:58.602311,2025-04-26 16:46:02.182734,0 days 00:00:03.580423,2,38,181,,,,1,33,0.15705769278009402,0.0024292064902037606,0.6,/work3/arnaou/checkpoints/megnet_Vc_trial_2167_best_state.pt,"{'learning_rate': 0.0024292064902037606, 'lr_reduce': 0.6}",TPESampler,COMPLETE
