number,value,datetime_start,datetime_complete,duration,params_depth,params_edge_hidden_dim,params_mlp_dim_00,params_mlp_dim_01,params_mlp_dim_02,params_mlp_dim_03,params_mlp_n_layers,params_node_hidden_dim,params_rep_dropout,params_train_learning_rate,params_train_lr_reduce,user_attrs_best_state_dict_path,user_attrs_training_params,system_attrs_auto:sampler,state
612,1.4839931726455688,2025-04-26 14:12:34.228911,2025-04-26 14:12:43.373725,0 days 00:00:09.144814,3,65,215,,,,1,41,0.04093838718508197,0.004747715722185302,0.6,/work3/arnaou/checkpoints/megnet_Vc_trial_612_best_state.pt,"{'learning_rate': 0.004747715722185302, 'lr_reduce': 0.6}",TPESampler,COMPLETE
613,0.2637996971607208,2025-04-26 14:12:36.167047,2025-04-26 14:13:07.902567,0 days 00:00:31.735520,1,97,318,512.0,198.0,447.0,4,45,0.22122474691483895,0.0008584429251088538,0.6,/work3/arnaou/checkpoints/megnet_Vc_trial_613_best_state.pt,"{'learning_rate': 0.0008584429251088538, 'lr_reduce': 0.6}",TPESampler,COMPLETE
614,0.2971005141735077,2025-04-26 14:12:37.416714,2025-04-26 14:13:07.373677,0 days 00:00:29.956963,1,99,226,469.0,217.0,458.0,4,61,0.13390497849199254,0.0010937072264327612,0.6,/work3/arnaou/checkpoints/megnet_Vc_trial_614_best_state.pt,"{'learning_rate': 0.0010937072264327612, 'lr_reduce': 0.6}",TPESampler,COMPLETE
615,0.3002760708332062,2025-04-26 14:12:43.639772,2025-04-26 14:13:04.243503,0 days 00:00:20.603731,1,36,74,471.0,196.0,,3,83,0.07167670418637705,0.0014612206072801316,0.6,/work3/arnaou/checkpoints/megnet_Vc_trial_615_best_state.pt,"{'learning_rate': 0.0014612206072801316, 'lr_reduce': 0.6}",TPESampler,COMPLETE
616,1.78920578956604,2025-04-26 14:13:04.523380,2025-04-26 14:13:08.750708,0 days 00:00:04.227328,2,128,463,472.0,190.0,,3,45,0.07928100622488121,0.00726590435874697,0.6,/work3/arnaou/checkpoints/megnet_Vc_trial_616_best_state.pt,"{'learning_rate': 0.00726590435874697, 'lr_reduce': 0.6}",TPESampler,COMPLETE
617,0.17532894015312195,2025-04-26 14:13:07.611474,2025-04-26 14:13:38.940221,0 days 00:00:31.328747,1,44,206,475.0,178.0,,3,78,0.17805261051385585,0.000351169348404041,0.6,/work3/arnaou/checkpoints/megnet_Vc_trial_617_best_state.pt,"{'learning_rate': 0.000351169348404041, 'lr_reduce': 0.6}",TPESampler,COMPLETE
618,0.4448327422142029,2025-04-26 14:13:08.124712,2025-04-26 14:13:34.263261,0 days 00:00:26.138549,1,96,300,470.0,238.0,461.0,4,48,0.1159932397219805,0.001485356920720233,0.6,/work3/arnaou/checkpoints/megnet_Vc_trial_618_best_state.pt,"{'learning_rate': 0.001485356920720233, 'lr_reduce': 0.6}",TPESampler,COMPLETE
619,1.7548727989196777,2025-04-26 14:13:09.023563,2025-04-26 14:13:14.864529,0 days 00:00:05.840966,3,119,304,,,,1,32,0.13102973067239518,0.005174588628875509,0.6,/work3/arnaou/checkpoints/megnet_Vc_trial_619_best_state.pt,"{'learning_rate': 0.005174588628875509, 'lr_reduce': 0.6}",TPESampler,COMPLETE
620,1.8293710947036743,2025-04-26 14:13:15.069643,2025-04-26 14:13:18.659290,0 days 00:00:03.589647,2,98,261,471.0,276.0,,3,36,0.15147916157657967,0.0009283133165217244,0.6,/work3/arnaou/checkpoints/megnet_Vc_trial_620_best_state.pt,"{'learning_rate': 0.0009283133165217244, 'lr_reduce': 0.6}",TPESampler,COMPLETE
621,0.6180568337440491,2025-04-26 14:13:18.871565,2025-04-26 14:13:29.838660,0 days 00:00:10.967095,1,75,324,510.0,189.0,429.0,4,57,0.13556516734519297,0.002751880099696982,0.6,/work3/arnaou/checkpoints/megnet_Vc_trial_621_best_state.pt,"{'learning_rate': 0.002751880099696982, 'lr_reduce': 0.6}",TPESampler,COMPLETE
622,1.8245172500610352,2025-04-26 14:13:30.081013,2025-04-26 14:13:34.194135,0 days 00:00:04.113122,4,126,429,441.0,,,2,39,0.03130647670445544,0.0012114012600030627,0.6,/work3/arnaou/checkpoints/megnet_Vc_trial_622_best_state.pt,"{'learning_rate': 0.0012114012600030627, 'lr_reduce': 0.6}",TPESampler,COMPLETE
623,1.4475317001342773,2025-04-26 14:13:34.353689,2025-04-26 14:13:43.620221,0 days 00:00:09.266532,2,82,455,440.0,171.0,468.0,4,52,0.1685243968269979,0.0005515627610842005,0.6,/work3/arnaou/checkpoints/megnet_Vc_trial_623_best_state.pt,"{'learning_rate': 0.0005515627610842005, 'lr_reduce': 0.6}",TPESampler,COMPLETE
624,0.475415974855423,2025-04-26 14:13:34.416115,2025-04-26 14:13:47.029259,0 days 00:00:12.613144,1,90,399,455.0,165.0,465.0,4,71,0.12622123256173923,0.0012570665778517279,0.6,/work3/arnaou/checkpoints/megnet_Vc_trial_624_best_state.pt,"{'learning_rate': 0.0012570665778517279, 'lr_reduce': 0.6}",TPESampler,COMPLETE
625,0.16240309178829193,2025-04-26 14:13:39.211002,2025-04-26 14:14:08.197305,0 days 00:00:28.986303,1,79,234,477.0,248.0,420.0,4,50,0.2296637300448568,0.0005411314263492324,0.6,/work3/arnaou/checkpoints/megnet_Vc_trial_625_best_state.pt,"{'learning_rate': 0.0005411314263492324, 'lr_reduce': 0.6}",TPESampler,COMPLETE
626,1.7875726222991943,2025-04-26 14:13:43.834928,2025-04-26 14:13:47.202146,0 days 00:00:03.367218,1,88,230,509.0,330.0,,3,47,0.13228318841955672,0.0018444375457659843,0.6,/work3/arnaou/checkpoints/megnet_Vc_trial_626_best_state.pt,"{'learning_rate': 0.0018444375457659843, 'lr_reduce': 0.6}",TPESampler,COMPLETE
627,1.7820181846618652,2025-04-26 14:13:47.242259,2025-04-26 14:13:50.480633,0 days 00:00:03.238374,2,128,308,437.0,,,2,36,0.09821453705557842,0.0015231871867807064,0.6,/work3/arnaou/checkpoints/megnet_Vc_trial_627_best_state.pt,"{'learning_rate': 0.0015231871867807064, 'lr_reduce': 0.6}",TPESampler,COMPLETE
628,1.7856687307357788,2025-04-26 14:13:47.466611,2025-04-26 14:13:51.328746,0 days 00:00:03.862135,2,32,244,422.0,188.0,511.0,4,50,0.22371229300159748,0.009661506524178349,0.6,/work3/arnaou/checkpoints/megnet_Vc_trial_628_best_state.pt,"{'learning_rate': 0.009661506524178349, 'lr_reduce': 0.6}",TPESampler,COMPLETE
629,0.3641195297241211,2025-04-26 14:13:50.686543,2025-04-26 14:14:05.505723,0 days 00:00:14.819180,1,92,112,430.0,,,2,70,0.19800293957447326,0.00307522468181037,0.6,/work3/arnaou/checkpoints/megnet_Vc_trial_629_best_state.pt,"{'learning_rate': 0.00307522468181037, 'lr_reduce': 0.6}",TPESampler,COMPLETE
630,1.8557851314544678,2025-04-26 14:13:51.553949,2025-04-26 14:13:55.201349,0 days 00:00:03.647400,1,99,278,472.0,145.0,467.0,4,50,0.14195935117262182,0.0005776671918993627,0.6,/work3/arnaou/checkpoints/megnet_Vc_trial_630_best_state.pt,"{'learning_rate': 0.0005776671918993627, 'lr_reduce': 0.6}",TPESampler,COMPLETE
631,0.13547755777835846,2025-04-26 14:13:55.419712,2025-04-26 14:14:22.792096,0 days 00:00:27.372384,1,74,319,409.0,243.0,,3,42,0.11129368289322161,0.0006820293339693224,0.6,/work3/arnaou/checkpoints/megnet_Vc_trial_631_best_state.pt,"{'learning_rate': 0.0006820293339693224, 'lr_reduce': 0.6}",TPESampler,COMPLETE
632,1.8529102802276611,2025-04-26 14:14:05.724981,2025-04-26 14:14:09.663866,0 days 00:00:03.938885,1,49,232,512.0,,,2,67,0.07976840738392554,0.00042125025884781847,0.6,/work3/arnaou/checkpoints/megnet_Vc_trial_632_best_state.pt,"{'learning_rate': 0.00042125025884781847, 'lr_reduce': 0.6}",TPESampler,COMPLETE
633,0.4443919062614441,2025-04-26 14:14:08.406946,2025-04-26 14:14:23.712883,0 days 00:00:15.305937,1,104,172,434.0,106.0,423.0,4,40,0.1532369545327463,0.0016414988905312533,0.6,/work3/arnaou/checkpoints/megnet_Vc_trial_633_best_state.pt,"{'learning_rate': 0.0016414988905312533, 'lr_reduce': 0.6}",TPESampler,COMPLETE
634,0.23062105476856232,2025-04-26 14:14:09.849875,2025-04-26 14:14:35.330906,0 days 00:00:25.481031,1,73,392,185.0,198.0,471.0,4,54,0.24163641639656747,0.0015372186678117845,0.6,/work3/arnaou/checkpoints/megnet_Vc_trial_634_best_state.pt,"{'learning_rate': 0.0015372186678117845, 'lr_reduce': 0.6}",TPESampler,COMPLETE
635,1.8058775663375854,2025-04-26 14:14:23.004338,2025-04-26 14:14:26.242643,0 days 00:00:03.238305,1,74,356,434.0,292.0,,3,48,0.10219261220870134,0.0013462085810140203,0.6,/work3/arnaou/checkpoints/megnet_Vc_trial_635_best_state.pt,"{'learning_rate': 0.0013462085810140203, 'lr_reduce': 0.6}",TPESampler,COMPLETE
636,1.8588142395019531,2025-04-26 14:14:23.972502,2025-04-26 14:14:27.776846,0 days 00:00:03.804344,1,76,478,439.0,248.0,420.0,4,84,0.23851234169087843,0.00027464950710514696,0.6,/work3/arnaou/checkpoints/megnet_Vc_trial_636_best_state.pt,"{'learning_rate': 0.00027464950710514696, 'lr_reduce': 0.6}",TPESampler,COMPLETE
637,1.8017982244491577,2025-04-26 14:14:26.427800,2025-04-26 14:14:29.670105,0 days 00:00:03.242305,2,81,288,468.0,273.0,,3,42,0.08316749189018155,0.001606909327750801,0.6,/work3/arnaou/checkpoints/megnet_Vc_trial_637_best_state.pt,"{'learning_rate': 0.001606909327750801, 'lr_reduce': 0.6}",TPESampler,COMPLETE
638,0.25701504945755005,2025-04-26 14:14:27.973227,2025-04-26 14:14:58.256657,0 days 00:00:30.283430,1,70,269,409.0,353.0,,3,46,0.07626293652483092,0.0008077992299305777,0.6,/work3/arnaou/checkpoints/megnet_Vc_trial_638_best_state.pt,"{'learning_rate': 0.0008077992299305777, 'lr_reduce': 0.6}",TPESampler,COMPLETE
639,1.8391222953796387,2025-04-26 14:14:29.881609,2025-04-26 14:14:33.281239,0 days 00:00:03.399630,2,79,246,512.0,65.0,473.0,4,39,0.17314289653847437,0.0019605003736275065,0.6,/work3/arnaou/checkpoints/megnet_Vc_trial_639_best_state.pt,"{'learning_rate': 0.0019605003736275065, 'lr_reduce': 0.6}",TPESampler,COMPLETE
640,1.8607144355773926,2025-04-26 14:14:33.491493,2025-04-26 14:14:37.880910,0 days 00:00:04.389417,1,54,233,424.0,,,2,54,0.22416603884832098,0.00024751529207558525,0.6,/work3/arnaou/checkpoints/megnet_Vc_trial_640_best_state.pt,"{'learning_rate': 0.00024751529207558525, 'lr_reduce': 0.6}",TPESampler,COMPLETE
641,0.24752745032310486,2025-04-26 14:14:35.690410,2025-04-26 14:14:53.132633,0 days 00:00:17.442223,1,71,474,463.0,139.0,512.0,4,59,0.19860448318603355,0.0006931109952730222,0.6,/work3/arnaou/checkpoints/megnet_Vc_trial_641_best_state.pt,"{'learning_rate': 0.0006931109952730222, 'lr_reduce': 0.6}",TPESampler,COMPLETE
642,0.16415132582187653,2025-04-26 14:14:38.079248,2025-04-26 14:15:03.562523,0 days 00:00:25.483275,1,98,301,412.0,139.0,425.0,4,77,0.1307734488543092,0.0010640673052494682,0.6,/work3/arnaou/checkpoints/megnet_Vc_trial_642_best_state.pt,"{'learning_rate': 0.0010640673052494682, 'lr_reduce': 0.6}",TPESampler,COMPLETE
643,1.8609999418258667,2025-04-26 14:14:53.343583,2025-04-26 14:14:56.945283,0 days 00:00:03.601700,1,86,283,243.0,288.0,469.0,4,44,0.2442881579237547,0.0007285378669733343,0.6,/work3/arnaou/checkpoints/megnet_Vc_trial_643_best_state.pt,"{'learning_rate': 0.0007285378669733343, 'lr_reduce': 0.6}",TPESampler,COMPLETE
644,0.35360485315322876,2025-04-26 14:14:57.153447,2025-04-26 14:15:15.970624,0 days 00:00:18.817177,1,114,287,472.0,104.0,418.0,4,49,0.19308686744285541,0.0012632433126982267,0.6,/work3/arnaou/checkpoints/megnet_Vc_trial_644_best_state.pt,"{'learning_rate': 0.0012632433126982267, 'lr_reduce': 0.6}",TPESampler,COMPLETE
645,0.23794853687286377,2025-04-26 14:14:58.486650,2025-04-26 14:15:28.128860,0 days 00:00:29.642210,1,76,336,413.0,245.0,,3,65,0.10387478287133671,0.0004746757160952433,0.6,/work3/arnaou/checkpoints/megnet_Vc_trial_645_best_state.pt,"{'learning_rate': 0.0004746757160952433, 'lr_reduce': 0.6}",TPESampler,COMPLETE
646,1.8623677492141724,2025-04-26 14:15:03.781290,2025-04-26 14:15:08.476516,0 days 00:00:04.695226,2,70,335,465.0,166.0,475.0,4,110,0.07141802794886011,0.00011079848907203449,0.6,/work3/arnaou/checkpoints/megnet_Vc_trial_646_best_state.pt,"{'learning_rate': 0.00011079848907203449, 'lr_reduce': 0.6}",TPESampler,COMPLETE
647,1.426562786102295,2025-04-26 14:15:08.678156,2025-04-26 14:15:15.674480,0 days 00:00:06.996324,2,60,331,401.0,151.0,385.0,4,71,0.09829886660282446,0.0005715962684331032,0.6,/work3/arnaou/checkpoints/megnet_Vc_trial_647_best_state.pt,"{'learning_rate': 0.0005715962684331032, 'lr_reduce': 0.6}",TPESampler,COMPLETE
648,0.2506134510040283,2025-04-26 14:15:15.919763,2025-04-26 14:15:33.123541,0 days 00:00:17.203778,1,66,304,473.0,104.0,472.0,4,35,0.10043523859420163,0.0018979466842099452,0.6,/work3/arnaou/checkpoints/megnet_Vc_trial_648_best_state.pt,"{'learning_rate': 0.0018979466842099452, 'lr_reduce': 0.6}",TPESampler,COMPLETE
649,1.8318367004394531,2025-04-26 14:15:16.184907,2025-04-26 14:15:19.589122,0 days 00:00:03.404215,1,82,261,,,,1,46,0.12504260681504065,0.00039670511271909417,0.6,/work3/arnaou/checkpoints/megnet_Vc_trial_649_best_state.pt,"{'learning_rate': 0.00039670511271909417, 'lr_reduce': 0.6}",TPESampler,COMPLETE
650,0.13036875426769257,2025-04-26 14:15:19.812182,2025-04-26 14:15:46.531536,0 days 00:00:26.719354,1,99,413,395.0,206.0,433.0,4,39,0.17743461338685868,0.001026160466962312,0.6,/work3/arnaou/checkpoints/megnet_Vc_trial_650_best_state.pt,"{'learning_rate': 0.001026160466962312, 'lr_reduce': 0.6}",TPESampler,COMPLETE
651,1.8562406301498413,2025-04-26 14:15:28.327130,2025-04-26 14:15:32.243706,0 days 00:00:03.916576,4,37,474,512.0,324.0,,3,127,0.22656124853818232,0.0003184782783103063,0.6,/work3/arnaou/checkpoints/megnet_Vc_trial_651_best_state.pt,"{'learning_rate': 0.0003184782783103063, 'lr_reduce': 0.6}",TPESampler,COMPLETE
652,1.497973918914795,2025-04-26 14:15:32.428756,2025-04-26 14:15:39.765457,0 days 00:00:07.336701,2,128,226,440.0,,,2,46,0.15932829243146096,0.007780160021619118,0.6,/work3/arnaou/checkpoints/megnet_Vc_trial_652_best_state.pt,"{'learning_rate': 0.007780160021619118, 'lr_reduce': 0.6}",TPESampler,COMPLETE
653,0.37562018632888794,2025-04-26 14:15:33.363954,2025-04-26 14:16:00.690479,0 days 00:00:27.326525,1,109,339,400.0,155.0,471.0,4,37,0.2439532257024627,0.0009400175572227983,0.6,/work3/arnaou/checkpoints/megnet_Vc_trial_653_best_state.pt,"{'learning_rate': 0.0009400175572227983, 'lr_reduce': 0.6}",TPESampler,COMPLETE
654,1.8630332946777344,2025-04-26 14:15:39.959010,2025-04-26 14:15:43.780358,0 days 00:00:03.821348,2,75,362,469.0,267.0,,3,48,0.052459385914651366,0.00027279137036829033,0.6,/work3/arnaou/checkpoints/megnet_Vc_trial_654_best_state.pt,"{'learning_rate': 0.00027279137036829033, 'lr_reduce': 0.6}",TPESampler,COMPLETE
655,1.80003023147583,2025-04-26 14:15:43.978690,2025-04-26 14:15:47.563245,0 days 00:00:03.584555,3,70,132,,,,1,120,0.08956013131055392,0.0021170849556187317,0.6,/work3/arnaou/checkpoints/megnet_Vc_trial_655_best_state.pt,"{'learning_rate': 0.0021170849556187317, 'lr_reduce': 0.6}",TPESampler,COMPLETE
656,1.7965019941329956,2025-04-26 14:15:46.765981,2025-04-26 14:15:50.122491,0 days 00:00:03.356510,1,118,191,,,,1,119,0.051406904685859595,0.000562881164302942,0.6,/work3/arnaou/checkpoints/megnet_Vc_trial_656_best_state.pt,"{'learning_rate': 0.000562881164302942, 'lr_reduce': 0.6}",TPESampler,COMPLETE
657,1.8516381978988647,2025-04-26 14:15:47.840685,2025-04-26 14:15:51.518524,0 days 00:00:03.677839,1,65,398,384.0,242.0,,3,45,0.16778255454121682,0.0003853999439773084,0.6,/work3/arnaou/checkpoints/megnet_Vc_trial_657_best_state.pt,"{'learning_rate': 0.0003853999439773084, 'lr_reduce': 0.6}",TPESampler,COMPLETE
658,1.8264938592910767,2025-04-26 14:15:50.322959,2025-04-26 14:15:54.019471,0 days 00:00:03.696512,1,91,235,391.0,218.0,378.0,4,49,0.17782682078609902,0.0018907104911459495,0.6,/work3/arnaou/checkpoints/megnet_Vc_trial_658_best_state.pt,"{'learning_rate': 0.0018907104911459495, 'lr_reduce': 0.6}",TPESampler,COMPLETE
659,1.8402398824691772,2025-04-26 14:15:51.783854,2025-04-26 14:15:55.185619,0 days 00:00:03.401765,1,78,308,512.0,214.0,409.0,4,41,0.16638397793362322,0.0020991310990087983,0.6,/work3/arnaou/checkpoints/megnet_Vc_trial_659_best_state.pt,"{'learning_rate': 0.0020991310990087983, 'lr_reduce': 0.6}",TPESampler,COMPLETE
660,0.6328736543655396,2025-04-26 14:15:54.226298,2025-04-26 14:16:06.663090,0 days 00:00:12.436792,1,82,468,435.0,215.0,413.0,4,47,0.18019577231980005,0.0009630555615803713,0.6,/work3/arnaou/checkpoints/megnet_Vc_trial_660_best_state.pt,"{'learning_rate': 0.0009630555615803713, 'lr_reduce': 0.6}",TPESampler,COMPLETE
661,0.6210669875144958,2025-04-26 14:15:55.401092,2025-04-26 14:16:27.146876,0 days 00:00:31.745784,1,79,223,363.0,215.0,,3,33,0.12754832000221875,0.0004673005296221317,0.6,/work3/arnaou/checkpoints/megnet_Vc_trial_661_best_state.pt,"{'learning_rate': 0.0004673005296221317, 'lr_reduce': 0.6}",TPESampler,COMPLETE
662,0.23582106828689575,2025-04-26 14:16:00.910541,2025-04-26 14:16:28.713546,0 days 00:00:27.803005,1,103,348,438.0,206.0,417.0,4,50,0.14556242230468633,0.001775768691976031,0.6,/work3/arnaou/checkpoints/megnet_Vc_trial_662_best_state.pt,"{'learning_rate': 0.001775768691976031, 'lr_reduce': 0.6}",TPESampler,COMPLETE
663,1.836764931678772,2025-04-26 14:16:06.876826,2025-04-26 14:16:10.547511,0 days 00:00:03.670685,1,76,396,474.0,,,2,33,0.10487434571696244,0.0008227725878837913,0.6,/work3/arnaou/checkpoints/megnet_Vc_trial_663_best_state.pt,"{'learning_rate': 0.0008227725878837913, 'lr_reduce': 0.6}",TPESampler,COMPLETE
664,0.17094898223876953,2025-04-26 14:16:10.767348,2025-04-26 14:16:40.337509,0 days 00:00:29.570161,1,95,322,398.0,261.0,424.0,4,33,0.15643227721115308,0.0006843507449124561,0.6,/work3/arnaou/checkpoints/megnet_Vc_trial_664_best_state.pt,"{'learning_rate': 0.0006843507449124561, 'lr_reduce': 0.6}",TPESampler,COMPLETE
665,1.817082405090332,2025-04-26 14:16:27.353128,2025-04-26 14:16:31.628534,0 days 00:00:04.275406,4,36,301,,,,1,69,0.1818620736697385,0.002507034377021158,0.6,/work3/arnaou/checkpoints/megnet_Vc_trial_665_best_state.pt,"{'learning_rate': 0.002507034377021158, 'lr_reduce': 0.6}",TPESampler,COMPLETE
666,1.8599294424057007,2025-04-26 14:16:28.904802,2025-04-26 14:16:33.510155,0 days 00:00:04.605353,4,101,429,466.0,199.0,,3,74,0.14713252235468555,0.000307409885412004,0.6,/work3/arnaou/checkpoints/megnet_Vc_trial_666_best_state.pt,"{'learning_rate': 0.000307409885412004, 'lr_reduce': 0.6}",TPESampler,COMPLETE
667,1.8466461896896362,2025-04-26 14:16:31.813238,2025-04-26 14:16:35.149539,0 days 00:00:03.336301,1,98,336,426.0,386.0,,3,43,0.0859837445985218,0.000566592742596405,0.6,/work3/arnaou/checkpoints/megnet_Vc_trial_667_best_state.pt,"{'learning_rate': 0.000566592742596405, 'lr_reduce': 0.6}",TPESampler,COMPLETE
668,1.8655776977539062,2025-04-26 14:16:33.730193,2025-04-26 14:16:36.894239,0 days 00:00:03.164046,1,72,386,368.0,180.0,,3,43,0.09053746558179168,0.0003386433375938413,0.6,/work3/arnaou/checkpoints/megnet_Vc_trial_668_best_state.pt,"{'learning_rate': 0.0003386433375938413, 'lr_reduce': 0.6}",TPESampler,COMPLETE
669,1.8359613418579102,2025-04-26 14:16:35.338420,2025-04-26 14:16:39.178151,0 days 00:00:03.839731,2,56,399,478.0,183.0,,3,34,0.10490307330165301,0.0011973578619475188,0.6,/work3/arnaou/checkpoints/megnet_Vc_trial_669_best_state.pt,"{'learning_rate': 0.0011973578619475188, 'lr_reduce': 0.6}",TPESampler,COMPLETE
670,0.2561085522174835,2025-04-26 14:16:37.091888,2025-04-26 14:17:08.753229,0 days 00:00:31.661341,1,81,269,403.0,270.0,223.0,4,71,0.1420690811578446,0.0009902044486144335,0.6,/work3/arnaou/checkpoints/megnet_Vc_trial_670_best_state.pt,"{'learning_rate': 0.0009902044486144335, 'lr_reduce': 0.6}",TPESampler,COMPLETE
671,1.8408745527267456,2025-04-26 14:16:39.378858,2025-04-26 14:16:44.230637,0 days 00:00:04.851779,1,108,411,432.0,230.0,,3,38,0.2277290472854767,0.0010162425151375072,0.6,/work3/arnaou/checkpoints/megnet_Vc_trial_671_best_state.pt,"{'learning_rate': 0.0010162425151375072, 'lr_reduce': 0.6}",TPESampler,COMPLETE
672,0.26882293820381165,2025-04-26 14:16:40.589527,2025-04-26 14:17:09.356938,0 days 00:00:28.767411,1,96,89,510.0,183.0,,3,80,0.10460967457290667,0.003082345271723292,0.6,/work3/arnaou/checkpoints/megnet_Vc_trial_672_best_state.pt,"{'learning_rate': 0.003082345271723292, 'lr_reduce': 0.6}",TPESampler,COMPLETE
673,0.4478660225868225,2025-04-26 14:16:45.244845,2025-04-26 14:17:13.050404,0 days 00:00:27.805559,1,73,398,,,,1,46,0.1459835660863659,0.009043759045913174,0.6,/work3/arnaou/checkpoints/megnet_Vc_trial_673_best_state.pt,"{'learning_rate': 0.009043759045913174, 'lr_reduce': 0.6}",TPESampler,COMPLETE
674,1.8571951389312744,2025-04-26 14:17:08.975515,2025-04-26 14:17:12.978304,0 days 00:00:04.002789,2,45,412,350.0,316.0,,3,48,0.18447937082836793,0.0006087359075986146,0.6,/work3/arnaou/checkpoints/megnet_Vc_trial_674_best_state.pt,"{'learning_rate': 0.0006087359075986146, 'lr_reduce': 0.6}",TPESampler,COMPLETE
675,0.2077050656080246,2025-04-26 14:17:09.669305,2025-04-26 14:17:29.723307,0 days 00:00:20.054002,1,71,358,439.0,179.0,434.0,4,66,0.17489053489058612,0.0005845643606727606,0.6,/work3/arnaou/checkpoints/megnet_Vc_trial_675_best_state.pt,"{'learning_rate': 0.0005845643606727606, 'lr_reduce': 0.6}",TPESampler,COMPLETE
676,0.34841617941856384,2025-04-26 14:17:13.133294,2025-04-26 14:17:35.387494,0 days 00:00:22.254200,1,95,317,391.0,249.0,356.0,4,36,0.2446120082660596,0.0013094748219385256,0.6,/work3/arnaou/checkpoints/megnet_Vc_trial_676_best_state.pt,"{'learning_rate': 0.0013094748219385256, 'lr_reduce': 0.6}",TPESampler,COMPLETE
677,1.8579590320587158,2025-04-26 14:17:13.264906,2025-04-26 14:17:16.970306,0 days 00:00:03.705400,3,50,506,466.0,,,2,122,0.07420207817272902,0.00014537683819784583,0.6,/work3/arnaou/checkpoints/megnet_Vc_trial_677_best_state.pt,"{'learning_rate': 0.00014537683819784583, 'lr_reduce': 0.6}",TPESampler,COMPLETE
678,0.11586099117994308,2025-04-26 14:17:17.162483,2025-04-26 14:17:46.200643,0 days 00:00:29.038160,1,97,419,247.0,171.0,438.0,4,38,0.18918638033424998,0.0007153859773880912,0.6,/work3/arnaou/checkpoints/megnet_Vc_trial_678_best_state.pt,"{'learning_rate': 0.0007153859773880912, 'lr_reduce': 0.6}",TPESampler,COMPLETE
679,1.820242166519165,2025-04-26 14:17:29.935810,2025-04-26 14:17:33.190896,0 days 00:00:03.255086,2,62,259,401.0,,,2,65,0.10820798170525939,0.0008535963783224996,0.6,/work3/arnaou/checkpoints/megnet_Vc_trial_679_best_state.pt,"{'learning_rate': 0.0008535963783224996, 'lr_reduce': 0.6}",TPESampler,COMPLETE
