number,value,datetime_start,datetime_complete,duration,params_depth,params_edge_hidden_dim,params_mlp_dim_00,params_mlp_dim_01,params_mlp_dim_02,params_mlp_dim_03,params_mlp_n_layers,params_node_hidden_dim,params_rep_dropout,params_train_learning_rate,params_train_lr_reduce,user_attrs_best_state_dict_path,user_attrs_training_params,system_attrs_auto:sampler,state
204,1.8373669385910034,2025-04-26 13:38:40.655495,2025-04-26 13:38:44.144471,0 days 00:00:03.488976,1,32,234,510.0,,,2,37,0.007401043650371392,0.0008150551177847819,0.6,/work3/arnaou/checkpoints/megnet_Vc_trial_204_best_state.pt,"{'learning_rate': 0.0008150551177847819, 'lr_reduce': 0.6}",TPESampler,COMPLETE
205,1.8629839420318604,2025-04-26 13:38:44.340638,2025-04-26 13:38:52.364330,0 days 00:00:08.023692,3,117,352,,,,1,56,0.18459949526407438,0.00012968760491708574,0.6,/work3/arnaou/checkpoints/megnet_Vc_trial_205_best_state.pt,"{'learning_rate': 0.00012968760491708574, 'lr_reduce': 0.6}",TPESampler,COMPLETE
206,1.443179965019226,2025-04-26 13:38:52.550812,2025-04-26 13:39:03.283292,0 days 00:00:10.732480,3,69,395,512.0,170.0,395.0,4,40,0.16704687087319117,0.0007463617584985746,0.6,/work3/arnaou/checkpoints/megnet_Vc_trial_206_best_state.pt,"{'learning_rate': 0.0007463617584985746, 'lr_reduce': 0.6}",TPESampler,COMPLETE
207,1.8353644609451294,2025-04-26 13:38:53.226828,2025-04-26 13:38:56.965044,0 days 00:00:03.738216,1,72,441,469.0,165.0,,3,46,0.1809369457864738,0.001583187190009849,0.6,/work3/arnaou/checkpoints/megnet_Vc_trial_207_best_state.pt,"{'learning_rate': 0.001583187190009849, 'lr_reduce': 0.6}",TPESampler,COMPLETE
208,0.23088552057743073,2025-04-26 13:38:57.174232,2025-04-26 13:39:28.862008,0 days 00:00:31.687776,1,66,284,504.0,228.0,400.0,4,74,0.12565667064583436,0.003405982258798725,0.6,/work3/arnaou/checkpoints/megnet_Vc_trial_208_best_state.pt,"{'learning_rate': 0.003405982258798725, 'lr_reduce': 0.6}",TPESampler,COMPLETE
209,0.21036504209041595,2025-04-26 13:39:00.183950,2025-04-26 13:39:23.120889,0 days 00:00:22.936939,1,80,455,454.0,500.0,411.0,4,74,0.14233763849488806,0.0009633114538895828,0.6,/work3/arnaou/checkpoints/megnet_Vc_trial_209_best_state.pt,"{'learning_rate': 0.0009633114538895828, 'lr_reduce': 0.6}",TPESampler,COMPLETE
210,0.2192586362361908,2025-04-26 13:39:03.501635,2025-04-26 13:39:31.173324,0 days 00:00:27.671689,1,68,390,439.0,444.0,423.0,4,71,0.19027355119838682,0.001075502110138009,0.6,/work3/arnaou/checkpoints/megnet_Vc_trial_210_best_state.pt,"{'learning_rate': 0.001075502110138009, 'lr_reduce': 0.6}",TPESampler,COMPLETE
211,1.841306209564209,2025-04-26 13:39:23.637065,2025-04-26 13:39:27.320495,0 days 00:00:03.683430,1,51,485,452.0,493.0,434.0,4,40,0.1470996409855647,0.001115229114815904,0.6,/work3/arnaou/checkpoints/megnet_Vc_trial_211_best_state.pt,"{'learning_rate': 0.001115229114815904, 'lr_reduce': 0.6}",TPESampler,COMPLETE
212,1.8343346118927002,2025-04-26 13:39:27.482416,2025-04-26 13:39:30.649973,0 days 00:00:03.167557,1,36,489,448.0,445.0,,3,57,0.11765444879342501,0.0024510249123756173,0.6,/work3/arnaou/checkpoints/megnet_Vc_trial_212_best_state.pt,"{'learning_rate': 0.0024510249123756173, 'lr_reduce': 0.6}",TPESampler,COMPLETE
213,1.8584502935409546,2025-04-26 13:39:29.063057,2025-04-26 13:39:32.395726,0 days 00:00:03.332669,2,68,370,508.0,167.0,448.0,4,61,0.14758245056821515,0.00022985212058240076,0.6,/work3/arnaou/checkpoints/megnet_Vc_trial_213_best_state.pt,"{'learning_rate': 0.00022985212058240076, 'lr_reduce': 0.6}",TPESampler,COMPLETE
214,1.8598721027374268,2025-04-26 13:39:30.819255,2025-04-26 13:39:35.145660,0 days 00:00:04.326405,4,36,338,469.0,234.0,,3,107,0.08477757064025401,0.00010655030274526424,0.6,/work3/arnaou/checkpoints/megnet_Vc_trial_214_best_state.pt,"{'learning_rate': 0.00010655030274526424, 'lr_reduce': 0.6}",TPESampler,COMPLETE
215,0.24088187515735626,2025-04-26 13:39:31.351500,2025-04-26 13:39:52.455554,0 days 00:00:21.104054,1,126,349,509.0,129.0,,3,64,0.12967535296230998,0.002104091327060978,0.6,/work3/arnaou/checkpoints/megnet_Vc_trial_215_best_state.pt,"{'learning_rate': 0.002104091327060978, 'lr_reduce': 0.6}",TPESampler,COMPLETE
216,1.7836014032363892,2025-04-26 13:39:32.589609,2025-04-26 13:39:36.519090,0 days 00:00:03.929481,1,43,453,463.0,218.0,469.0,4,50,0.18886625277193658,0.005387529902952211,0.6,/work3/arnaou/checkpoints/megnet_Vc_trial_216_best_state.pt,"{'learning_rate': 0.005387529902952211, 'lr_reduce': 0.6}",TPESampler,COMPLETE
217,1.8114114999771118,2025-04-26 13:39:35.319379,2025-04-26 13:39:38.462942,0 days 00:00:03.143563,1,50,383,459.0,261.0,455.0,4,53,0.14706417837878888,0.002005253254453595,0.6,/work3/arnaou/checkpoints/megnet_Vc_trial_217_best_state.pt,"{'learning_rate': 0.002005253254453595, 'lr_reduce': 0.6}",TPESampler,COMPLETE
218,0.368316650390625,2025-04-26 13:39:36.697391,2025-04-26 13:40:07.430479,0 days 00:00:30.733088,2,125,336,,,,1,63,0.08441141472470959,0.004316146287252409,0.6,/work3/arnaou/checkpoints/megnet_Vc_trial_218_best_state.pt,"{'learning_rate': 0.004316146287252409, 'lr_reduce': 0.6}",TPESampler,COMPLETE
219,0.16586105525493622,2025-04-26 13:39:38.788768,2025-04-26 13:40:06.778428,0 days 00:00:27.989660,1,74,449,200.0,191.0,467.0,4,61,0.21895839079641702,0.0008606352991379241,0.6,/work3/arnaou/checkpoints/megnet_Vc_trial_219_best_state.pt,"{'learning_rate': 0.0008606352991379241, 'lr_reduce': 0.6}",TPESampler,COMPLETE
220,0.17546166479587555,2025-04-26 13:39:52.658921,2025-04-26 13:40:15.047579,0 days 00:00:22.388658,1,57,242,460.0,127.0,360.0,4,53,0.2456227626904537,0.001333217106724683,0.6,/work3/arnaou/checkpoints/megnet_Vc_trial_220_best_state.pt,"{'learning_rate': 0.001333217106724683, 'lr_reduce': 0.6}",TPESampler,COMPLETE
221,1.7858442068099976,2025-04-26 13:40:07.089362,2025-04-26 13:40:11.602347,0 days 00:00:04.512985,4,39,491,209.0,178.0,,3,113,0.055461812779507486,0.009316905769818163,0.6,/work3/arnaou/checkpoints/megnet_Vc_trial_221_best_state.pt,"{'learning_rate': 0.009316905769818163, 'lr_reduce': 0.6}",TPESampler,COMPLETE
222,0.4090123176574707,2025-04-26 13:40:07.596394,2025-04-26 13:40:22.330796,0 days 00:00:14.734402,1,95,342,174.0,247.0,445.0,4,69,0.20227351478967723,0.0025188969930902525,0.6,/work3/arnaou/checkpoints/megnet_Vc_trial_222_best_state.pt,"{'learning_rate': 0.0025188969930902525, 'lr_reduce': 0.6}",TPESampler,COMPLETE
223,1.363950490951538,2025-04-26 13:40:11.797914,2025-04-26 13:40:18.345797,0 days 00:00:06.547883,1,92,497,236.0,189.0,509.0,4,56,0.18924104648277906,0.0006908803703190437,0.6,/work3/arnaou/checkpoints/megnet_Vc_trial_223_best_state.pt,"{'learning_rate': 0.0006908803703190437, 'lr_reduce': 0.6}",TPESampler,COMPLETE
224,0.40664729475975037,2025-04-26 13:40:15.263304,2025-04-26 13:40:34.954669,0 days 00:00:19.691365,1,121,319,168.0,114.0,341.0,4,75,0.18595046099871454,0.002817798945130035,0.6,/work3/arnaou/checkpoints/megnet_Vc_trial_224_best_state.pt,"{'learning_rate': 0.002817798945130035, 'lr_reduce': 0.6}",TPESampler,COMPLETE
225,1.8617013692855835,2025-04-26 13:40:18.526168,2025-04-26 13:40:22.203389,0 days 00:00:03.677221,1,35,186,419.0,106.0,353.0,4,64,0.24143195363383277,0.00042178127124172307,0.6,/work3/arnaou/checkpoints/megnet_Vc_trial_225_best_state.pt,"{'learning_rate': 0.00042178127124172307, 'lr_reduce': 0.6}",TPESampler,COMPLETE
226,1.7890892028808594,2025-04-26 13:40:22.389896,2025-04-26 13:40:25.994813,0 days 00:00:03.604917,3,41,124,223.0,130.0,,3,118,0.10752616660688469,0.006742532577775474,0.6,/work3/arnaou/checkpoints/megnet_Vc_trial_226_best_state.pt,"{'learning_rate': 0.006742532577775474, 'lr_reduce': 0.6}",TPESampler,COMPLETE
227,1.5355277061462402,2025-04-26 13:40:22.512962,2025-04-26 13:40:31.172148,0 days 00:00:08.659186,2,116,216,443.0,135.0,375.0,4,65,0.19517704524963725,0.0029639030957717806,0.6,/work3/arnaou/checkpoints/megnet_Vc_trial_227_best_state.pt,"{'learning_rate': 0.0029639030957717806, 'lr_reduce': 0.6}",TPESampler,COMPLETE
228,0.5902780890464783,2025-04-26 13:40:26.166508,2025-04-26 13:40:38.345198,0 days 00:00:12.178690,1,108,509,449.0,176.0,,3,42,0.2380440253557183,0.004918649793819891,0.6,/work3/arnaou/checkpoints/megnet_Vc_trial_228_best_state.pt,"{'learning_rate': 0.004918649793819891, 'lr_reduce': 0.6}",TPESampler,COMPLETE
229,1.8456608057022095,2025-04-26 13:40:31.364660,2025-04-26 13:40:34.890867,0 days 00:00:03.526207,2,73,402,452.0,257.0,395.0,4,77,0.23602915756956333,0.00033152389854564264,0.6,/work3/arnaou/checkpoints/megnet_Vc_trial_229_best_state.pt,"{'learning_rate': 0.00033152389854564264, 'lr_reduce': 0.6}",TPESampler,COMPLETE
230,0.17626376450061798,2025-04-26 13:40:35.032927,2025-04-26 13:41:02.823676,0 days 00:00:27.790749,1,47,246,401.0,177.0,452.0,4,62,0.2184914631272139,0.0025792809366950143,0.6,/work3/arnaou/checkpoints/megnet_Vc_trial_230_best_state.pt,"{'learning_rate': 0.0025792809366950143, 'lr_reduce': 0.6}",TPESampler,COMPLETE
231,0.17007316648960114,2025-04-26 13:40:35.094948,2025-04-26 13:41:03.358843,0 days 00:00:28.263895,1,123,473,462.0,476.0,452.0,4,36,0.19729738109970785,0.0022236648852583794,0.6,/work3/arnaou/checkpoints/megnet_Vc_trial_231_best_state.pt,"{'learning_rate': 0.0022236648852583794, 'lr_reduce': 0.6}",TPESampler,COMPLETE
232,0.2534281313419342,2025-04-26 13:40:38.620540,2025-04-26 13:40:59.035320,0 days 00:00:20.414780,1,66,416,457.0,112.0,453.0,4,77,0.2400499403979563,0.0019864727507129636,0.6,/work3/arnaou/checkpoints/megnet_Vc_trial_232_best_state.pt,"{'learning_rate': 0.0019864727507129636, 'lr_reduce': 0.6}",TPESampler,COMPLETE
233,0.2418110966682434,2025-04-26 13:40:59.203482,2025-04-26 13:41:17.431830,0 days 00:00:18.228348,1,86,326,498.0,206.0,503.0,4,37,0.2477161861556042,0.0010020566392193449,0.6,/work3/arnaou/checkpoints/megnet_Vc_trial_233_best_state.pt,"{'learning_rate': 0.0010020566392193449, 'lr_reduce': 0.6}",TPESampler,COMPLETE
234,1.4632374048233032,2025-04-26 13:41:02.999430,2025-04-26 13:41:13.735459,0 days 00:00:10.736029,4,92,160,424.0,478.0,432.0,4,88,0.2378785761081359,0.0019663785409210384,0.6,/work3/arnaou/checkpoints/megnet_Vc_trial_234_best_state.pt,"{'learning_rate': 0.0019663785409210384, 'lr_reduce': 0.6}",TPESampler,COMPLETE
235,1.7947871685028076,2025-04-26 13:41:03.615582,2025-04-26 13:41:07.334432,0 days 00:00:03.718850,2,38,234,459.0,467.0,416.0,4,84,0.2414636478618362,0.00511579067407773,0.6,/work3/arnaou/checkpoints/megnet_Vc_trial_235_best_state.pt,"{'learning_rate': 0.00511579067407773, 'lr_reduce': 0.6}",TPESampler,COMPLETE
236,0.22326231002807617,2025-04-26 13:41:07.526020,2025-04-26 13:41:36.942430,0 days 00:00:29.416410,1,121,494,469.0,502.0,439.0,4,40,0.23083732102075988,0.0009477933085792756,0.6,/work3/arnaou/checkpoints/megnet_Vc_trial_236_best_state.pt,"{'learning_rate': 0.0009477933085792756, 'lr_reduce': 0.6}",TPESampler,COMPLETE
237,0.8064847588539124,2025-04-26 13:41:13.917418,2025-04-26 13:41:23.444311,0 days 00:00:09.526893,1,110,474,395.0,165.0,74.0,4,52,0.1781915771473361,0.00248318502000243,0.6,/work3/arnaou/checkpoints/megnet_Vc_trial_237_best_state.pt,"{'learning_rate': 0.00248318502000243, 'lr_reduce': 0.6}",TPESampler,COMPLETE
238,0.34286436438560486,2025-04-26 13:41:17.645192,2025-04-26 13:41:39.766582,0 days 00:00:22.121390,1,46,185,190.0,417.0,443.0,4,64,0.19803860546626606,0.0021154498660462704,0.6,/work3/arnaou/checkpoints/megnet_Vc_trial_238_best_state.pt,"{'learning_rate': 0.0021154498660462704, 'lr_reduce': 0.6}",TPESampler,COMPLETE
239,0.6339642405509949,2025-04-26 13:41:23.695668,2025-04-26 13:41:33.017812,0 days 00:00:09.322144,1,66,202,465.0,174.0,378.0,4,63,0.23401936913899174,0.002150062150894764,0.6,/work3/arnaou/checkpoints/megnet_Vc_trial_239_best_state.pt,"{'learning_rate': 0.002150062150894764, 'lr_reduce': 0.6}",TPESampler,COMPLETE
240,0.2400607019662857,2025-04-26 13:41:33.210838,2025-04-26 13:41:52.961120,0 days 00:00:19.750282,1,58,311,510.0,175.0,446.0,4,52,0.19830543867681957,0.0012082973851890559,0.6,/work3/arnaou/checkpoints/megnet_Vc_trial_240_best_state.pt,"{'learning_rate': 0.0012082973851890559, 'lr_reduce': 0.6}",TPESampler,COMPLETE
241,0.2785004675388336,2025-04-26 13:41:37.147799,2025-04-26 13:42:02.559286,0 days 00:00:25.411487,1,33,464,415.0,205.0,455.0,4,63,0.1663463506946827,0.0008476236764110096,0.6,/work3/arnaou/checkpoints/megnet_Vc_trial_241_best_state.pt,"{'learning_rate': 0.0008476236764110096, 'lr_reduce': 0.6}",TPESampler,COMPLETE
242,1.832651972770691,2025-04-26 13:41:39.942926,2025-04-26 13:41:43.311142,0 days 00:00:03.368216,1,64,446,458.0,450.0,456.0,4,46,0.19083116408378104,0.001055666212678483,0.6,/work3/arnaou/checkpoints/megnet_Vc_trial_242_best_state.pt,"{'learning_rate': 0.001055666212678483, 'lr_reduce': 0.6}",TPESampler,COMPLETE
243,1.867128610610962,2025-04-26 13:41:43.516922,2025-04-26 13:41:48.013513,0 days 00:00:04.496591,4,36,461,,,,1,78,0.06898014255582666,0.00011461925003164497,0.6,/work3/arnaou/checkpoints/megnet_Vc_trial_243_best_state.pt,"{'learning_rate': 0.00011461925003164497, 'lr_reduce': 0.6}",TPESampler,COMPLETE
244,0.38476991653442383,2025-04-26 13:41:48.189594,2025-04-26 13:42:02.786972,0 days 00:00:14.597378,1,61,243,362.0,288.0,,3,51,0.23085973578583607,0.002963591883104672,0.6,/work3/arnaou/checkpoints/megnet_Vc_trial_244_best_state.pt,"{'learning_rate': 0.002963591883104672, 'lr_reduce': 0.6}",TPESampler,COMPLETE
245,1.7845754623413086,2025-04-26 13:41:53.131585,2025-04-26 13:41:57.429896,0 days 00:00:04.298311,4,99,223,,,,1,113,0.008493738365708908,0.0047428037264456635,0.6,/work3/arnaou/checkpoints/megnet_Vc_trial_245_best_state.pt,"{'learning_rate': 0.0047428037264456635, 'lr_reduce': 0.6}",TPESampler,COMPLETE
246,1.8537709712982178,2025-04-26 13:41:57.643626,2025-04-26 13:42:00.962752,0 days 00:00:03.319126,2,78,456,387.0,230.0,473.0,4,55,0.21595933062532807,0.0008721051460146439,0.6,/work3/arnaou/checkpoints/megnet_Vc_trial_246_best_state.pt,"{'learning_rate': 0.0008721051460146439, 'lr_reduce': 0.6}",TPESampler,COMPLETE
247,0.41811856627464294,2025-04-26 13:42:01.137851,2025-04-26 13:42:23.335012,0 days 00:00:22.197161,1,76,258,406.0,132.0,,3,65,0.14279551829906542,0.0023732846385498257,0.6,/work3/arnaou/checkpoints/megnet_Vc_trial_247_best_state.pt,"{'learning_rate': 0.0023732846385498257, 'lr_reduce': 0.6}",TPESampler,COMPLETE
248,0.3472904562950134,2025-04-26 13:42:02.744331,2025-04-26 13:42:17.957805,0 days 00:00:15.213474,1,69,510,412.0,245.0,510.0,4,80,0.24165857231538324,0.0008004208470523897,0.6,/work3/arnaou/checkpoints/megnet_Vc_trial_248_best_state.pt,"{'learning_rate': 0.0008004208470523897, 'lr_reduce': 0.6}",TPESampler,COMPLETE
249,0.41930511593818665,2025-04-26 13:42:02.981912,2025-04-26 13:42:23.335724,0 days 00:00:20.353812,1,36,68,,,,1,94,0.1450194761976597,0.0013096116555863506,0.6,/work3/arnaou/checkpoints/megnet_Vc_trial_249_best_state.pt,"{'learning_rate': 0.0013096116555863506, 'lr_reduce': 0.6}",TPESampler,COMPLETE
250,1.8461604118347168,2025-04-26 13:42:18.142738,2025-04-26 13:42:21.209222,0 days 00:00:03.066484,2,97,132,,,,1,41,0.24853451472661167,0.00024289236375056857,0.6,/work3/arnaou/checkpoints/megnet_Vc_trial_250_best_state.pt,"{'learning_rate': 0.00024289236375056857, 'lr_reduce': 0.6}",TPESampler,COMPLETE
251,0.3773132562637329,2025-04-26 13:42:21.393924,2025-04-26 13:42:35.908707,0 days 00:00:14.514783,1,53,307,462.0,169.0,469.0,4,69,0.2331177029554242,0.0028994592533952432,0.6,/work3/arnaou/checkpoints/megnet_Vc_trial_251_best_state.pt,"{'learning_rate': 0.0028994592533952432, 'lr_reduce': 0.6}",TPESampler,COMPLETE
252,1.7840659618377686,2025-04-26 13:42:23.474709,2025-04-26 13:42:27.758458,0 days 00:00:04.283749,1,125,287,462.0,294.0,466.0,4,62,0.15317563311331195,0.006812771917378539,0.6,/work3/arnaou/checkpoints/megnet_Vc_trial_252_best_state.pt,"{'learning_rate': 0.006812771917378539, 'lr_reduce': 0.6}",TPESampler,COMPLETE
253,0.5183839201927185,2025-04-26 13:42:23.504511,2025-04-26 13:42:51.494634,0 days 00:00:27.990123,1,111,467,260.0,219.0,385.0,4,32,0.1099978647561955,0.0035370471468469536,0.6,/work3/arnaou/checkpoints/megnet_Vc_trial_253_best_state.pt,"{'learning_rate': 0.0035370471468469536, 'lr_reduce': 0.6}",TPESampler,COMPLETE
254,0.1858031153678894,2025-04-26 13:42:27.942199,2025-04-26 13:42:46.782184,0 days 00:00:18.839985,1,54,167,406.0,116.0,511.0,4,48,0.2286910622142654,0.0017922048978079638,0.6,/work3/arnaou/checkpoints/megnet_Vc_trial_254_best_state.pt,"{'learning_rate': 0.0017922048978079638, 'lr_reduce': 0.6}",TPESampler,COMPLETE
255,0.3136849105358124,2025-04-26 13:42:36.094785,2025-04-26 13:42:56.075362,0 days 00:00:19.980577,1,122,335,511.0,177.0,,3,97,0.2013070236417711,0.0030482001616591887,0.6,/work3/arnaou/checkpoints/megnet_Vc_trial_255_best_state.pt,"{'learning_rate': 0.0030482001616591887, 'lr_reduce': 0.6}",TPESampler,COMPLETE
256,1.862877368927002,2025-04-26 13:42:47.104550,2025-04-26 13:42:52.258529,0 days 00:00:05.153979,2,89,303,417.0,,,2,32,0.027683113703739992,0.00013951617472095018,0.6,/work3/arnaou/checkpoints/megnet_Vc_trial_256_best_state.pt,"{'learning_rate': 0.00013951617472095018, 'lr_reduce': 0.6}",TPESampler,COMPLETE
257,0.15675508975982666,2025-04-26 13:42:51.984579,2025-04-26 13:43:21.428648,0 days 00:00:29.444069,1,42,503,467.0,103.0,468.0,4,46,0.21025001367096008,0.0015818060444711276,0.6,/work3/arnaou/checkpoints/megnet_Vc_trial_257_best_state.pt,"{'learning_rate': 0.0015818060444711276, 'lr_reduce': 0.6}",TPESampler,COMPLETE
258,1.8410927057266235,2025-04-26 13:42:52.470249,2025-04-26 13:42:56.245214,0 days 00:00:03.774965,1,49,188,461.0,102.0,,3,51,0.2314910534679474,0.0008367117928366244,0.6,/work3/arnaou/checkpoints/megnet_Vc_trial_258_best_state.pt,"{'learning_rate': 0.0008367117928366244, 'lr_reduce': 0.6}",TPESampler,COMPLETE
259,0.31938475370407104,2025-04-26 13:42:56.341201,2025-04-26 13:43:21.575504,0 days 00:00:25.234303,1,122,442,332.0,112.0,383.0,4,35,0.20110438127963812,0.001979732814362016,0.6,/work3/arnaou/checkpoints/megnet_Vc_trial_259_best_state.pt,"{'learning_rate': 0.001979732814362016, 'lr_reduce': 0.6}",TPESampler,COMPLETE
260,1.8392449617385864,2025-04-26 13:42:56.630324,2025-04-26 13:43:01.364334,0 days 00:00:04.734010,4,47,106,,,,1,101,0.16851757051480487,0.0006499041475029924,0.6,/work3/arnaou/checkpoints/megnet_Vc_trial_260_best_state.pt,"{'learning_rate': 0.0006499041475029924, 'lr_reduce': 0.6}",TPESampler,COMPLETE
261,1.848032832145691,2025-04-26 13:43:01.519767,2025-04-26 13:43:05.758258,0 days 00:00:04.238491,2,110,176,412.0,142.0,,3,67,0.14301265073043629,0.00022107373811813848,0.6,/work3/arnaou/checkpoints/megnet_Vc_trial_261_best_state.pt,"{'learning_rate': 0.00022107373811813848, 'lr_reduce': 0.6}",TPESampler,COMPLETE
262,1.81035315990448,2025-04-26 13:43:05.945208,2025-04-26 13:43:10.819749,0 days 00:00:04.874541,2,54,186,467.0,161.0,474.0,4,51,0.24027168174305363,0.005610950906209983,0.6,/work3/arnaou/checkpoints/megnet_Vc_trial_262_best_state.pt,"{'learning_rate': 0.005610950906209983, 'lr_reduce': 0.6}",TPESampler,COMPLETE
263,1.821310043334961,2025-04-26 13:43:11.003840,2025-04-26 13:43:14.416159,0 days 00:00:03.412319,1,56,348,506.0,,,2,54,0.22851198544871648,0.0010503205220074063,0.6,/work3/arnaou/checkpoints/megnet_Vc_trial_263_best_state.pt,"{'learning_rate': 0.0010503205220074063, 'lr_reduce': 0.6}",TPESampler,COMPLETE
264,1.8611223697662354,2025-04-26 13:43:14.587135,2025-04-26 13:43:19.312808,0 days 00:00:04.725673,4,33,106,413.0,208.0,,3,45,0.07151453867536817,0.0001264240056611044,0.6,/work3/arnaou/checkpoints/megnet_Vc_trial_264_best_state.pt,"{'learning_rate': 0.0001264240056611044, 'lr_reduce': 0.6}",TPESampler,COMPLETE
265,0.5581943392753601,2025-04-26 13:43:19.501627,2025-04-26 13:43:40.051888,0 days 00:00:20.550261,2,116,299,203.0,,,2,52,0.12067428287403487,0.002520387579272889,0.6,/work3/arnaou/checkpoints/megnet_Vc_trial_265_best_state.pt,"{'learning_rate': 0.002520387579272889, 'lr_reduce': 0.6}",TPESampler,COMPLETE
266,1.8554664850234985,2025-04-26 13:43:21.584449,2025-04-26 13:43:25.161713,0 days 00:00:03.577264,1,52,412,439.0,112.0,,3,66,0.21855329126858827,0.0005272728420677892,0.6,/work3/arnaou/checkpoints/megnet_Vc_trial_266_best_state.pt,"{'learning_rate': 0.0005272728420677892, 'lr_reduce': 0.6}",TPESampler,COMPLETE
267,1.848943829536438,2025-04-26 13:43:21.739740,2025-04-26 13:43:25.211866,0 days 00:00:03.472126,1,40,505,446.0,190.0,511.0,4,39,0.2425749870007981,0.0014816242179757225,0.6,/work3/arnaou/checkpoints/megnet_Vc_trial_267_best_state.pt,"{'learning_rate': 0.0014816242179757225, 'lr_reduce': 0.6}",TPESampler,COMPLETE
268,1.8478357791900635,2025-04-26 13:43:25.282299,2025-04-26 13:43:28.936877,0 days 00:00:03.654578,2,59,129,444.0,486.0,473.0,4,37,0.2283888367574517,0.0020461209407281198,0.6,/work3/arnaou/checkpoints/megnet_Vc_trial_268_best_state.pt,"{'learning_rate': 0.0020461209407281198, 'lr_reduce': 0.6}",TPESampler,COMPLETE
269,1.4825985431671143,2025-04-26 13:43:25.338132,2025-04-26 13:43:30.098098,0 days 00:00:04.759966,1,61,267,,,,1,120,0.21057618854118257,0.006519718464043867,0.6,/work3/arnaou/checkpoints/megnet_Vc_trial_269_best_state.pt,"{'learning_rate': 0.006519718464043867, 'lr_reduce': 0.6}",TPESampler,COMPLETE
270,0.1421424150466919,2025-04-26 13:43:29.112489,2025-04-26 13:43:54.975660,0 days 00:00:25.863171,1,68,491,395.0,149.0,475.0,4,69,0.1770238944230609,0.001302700556536163,0.6,/work3/arnaou/checkpoints/megnet_Vc_trial_270_best_state.pt,"{'learning_rate': 0.001302700556536163, 'lr_reduce': 0.6}",TPESampler,COMPLETE
271,0.19855274260044098,2025-04-26 13:43:30.318078,2025-04-26 13:43:58.417259,0 days 00:00:28.099181,1,75,316,460.0,234.0,512.0,4,65,0.1904916679695533,0.0003515566734644529,0.6,/work3/arnaou/checkpoints/megnet_Vc_trial_271_best_state.pt,"{'learning_rate': 0.0003515566734644529, 'lr_reduce': 0.6}",TPESampler,COMPLETE
