number,value,datetime_start,datetime_complete,duration,params_depth,params_edge_hidden_dim,params_mlp_dim_00,params_mlp_dim_01,params_mlp_dim_02,params_mlp_dim_03,params_mlp_n_layers,params_node_hidden_dim,params_rep_dropout,params_train_learning_rate,params_train_lr_reduce,user_attrs_best_state_dict_path,user_attrs_training_params,system_attrs_auto:sampler,state
476,1.8322885036468506,2025-04-26 14:01:34.667872,2025-04-26 14:01:39.202451,0 days 00:00:04.534579,1,60,151,510.0,,,2,74,0.06215729328337159,0.0013021455248279608,0.6,/work3/arnaou/checkpoints/megnet_Vc_trial_476_best_state.pt,"{'learning_rate': 0.0013021455248279608, 'lr_reduce': 0.6}",TPESampler,COMPLETE
477,0.41560354828834534,2025-04-26 14:01:37.664494,2025-04-26 14:01:52.025805,0 days 00:00:14.361311,1,73,508,414.0,145.0,,3,98,0.18580058303407374,0.0017341938255283802,0.6,/work3/arnaou/checkpoints/megnet_Vc_trial_477_best_state.pt,"{'learning_rate': 0.0017341938255283802, 'lr_reduce': 0.6}",TPESampler,COMPLETE
478,0.1548486053943634,2025-04-26 14:01:39.383821,2025-04-26 14:02:08.629777,0 days 00:00:29.245956,1,88,340,379.0,212.0,,3,42,0.20573960188200022,0.0008007916161403251,0.6,/work3/arnaou/checkpoints/megnet_Vc_trial_478_best_state.pt,"{'learning_rate': 0.0008007916161403251, 'lr_reduce': 0.6}",TPESampler,COMPLETE
479,1.797196388244629,2025-04-26 14:01:52.226566,2025-04-26 14:01:55.298555,0 days 00:00:03.071989,1,39,207,440.0,144.0,414.0,4,33,0.18835452014006798,0.004047514631463985,0.6,/work3/arnaou/checkpoints/megnet_Vc_trial_479_best_state.pt,"{'learning_rate': 0.004047514631463985, 'lr_reduce': 0.6}",TPESampler,COMPLETE
480,1.8030332326889038,2025-04-26 14:01:53.720500,2025-04-26 14:01:56.807342,0 days 00:00:03.086842,1,84,295,,,,1,112,0.025503026350848917,0.0009434756159009281,0.6,/work3/arnaou/checkpoints/megnet_Vc_trial_480_best_state.pt,"{'learning_rate': 0.0009434756159009281, 'lr_reduce': 0.6}",TPESampler,COMPLETE
481,0.5616713762283325,2025-04-26 14:01:55.479954,2025-04-26 14:02:13.475615,0 days 00:00:17.995661,1,70,474,511.0,254.0,509.0,4,72,0.12874172794124056,0.0015782290395829478,0.6,/work3/arnaou/checkpoints/megnet_Vc_trial_481_best_state.pt,"{'learning_rate': 0.0015782290395829478, 'lr_reduce': 0.6}",TPESampler,COMPLETE
482,1.8671432733535767,2025-04-26 14:01:57.075060,2025-04-26 14:02:01.601535,0 days 00:00:04.526475,2,81,67,417.0,183.0,457.0,4,37,0.1914480860228812,0.0003388380116023849,0.6,/work3/arnaou/checkpoints/megnet_Vc_trial_482_best_state.pt,"{'learning_rate': 0.0003388380116023849, 'lr_reduce': 0.6}",TPESampler,COMPLETE
483,0.4142403304576874,2025-04-26 14:02:01.793134,2025-04-26 14:02:37.579395,0 days 00:00:35.786261,3,69,506,459.0,118.0,,3,109,0.1326171950879906,0.0008601407071630257,0.6,/work3/arnaou/checkpoints/megnet_Vc_trial_483_best_state.pt,"{'learning_rate': 0.0008601407071630257, 'lr_reduce': 0.6}",TPESampler,COMPLETE
484,1.5749019384384155,2025-04-26 14:02:08.853244,2025-04-26 14:02:13.867337,0 days 00:00:05.014093,3,123,80,,,,1,113,0.1330214878472279,0.009256843760891182,0.6,/work3/arnaou/checkpoints/megnet_Vc_trial_484_best_state.pt,"{'learning_rate': 0.009256843760891182, 'lr_reduce': 0.6}",TPESampler,COMPLETE
485,0.1765553504228592,2025-04-26 14:02:13.666736,2025-04-26 14:02:44.630915,0 days 00:00:30.964179,1,89,394,344.0,256.0,380.0,4,59,0.1905476757997012,0.0006686723258478873,0.6,/work3/arnaou/checkpoints/megnet_Vc_trial_485_best_state.pt,"{'learning_rate': 0.0006686723258478873, 'lr_reduce': 0.6}",TPESampler,COMPLETE
486,0.4590180516242981,2025-04-26 14:02:14.159751,2025-04-26 14:02:35.498288,0 days 00:00:21.338537,1,58,442,354.0,230.0,509.0,4,84,0.18506465605857017,0.0012585870498414368,0.6,/work3/arnaou/checkpoints/megnet_Vc_trial_486_best_state.pt,"{'learning_rate': 0.0012585870498414368, 'lr_reduce': 0.6}",TPESampler,COMPLETE
487,0.14781635999679565,2025-04-26 14:02:35.705590,2025-04-26 14:03:04.437786,0 days 00:00:28.732196,1,95,312,373.0,220.0,,3,65,0.2034900858989462,0.0015850384958884798,0.6,/work3/arnaou/checkpoints/megnet_Vc_trial_487_best_state.pt,"{'learning_rate': 0.0015850384958884798, 'lr_reduce': 0.6}",TPESampler,COMPLETE
488,0.5753445625305176,2025-04-26 14:02:37.804272,2025-04-26 14:03:05.171080,0 days 00:00:27.366808,1,50,494,336.0,298.0,372.0,4,60,0.2373067658322184,0.003799389688977299,0.6,/work3/arnaou/checkpoints/megnet_Vc_trial_488_best_state.pt,"{'learning_rate': 0.003799389688977299, 'lr_reduce': 0.6}",TPESampler,COMPLETE
489,0.253185898065567,2025-04-26 14:02:44.884115,2025-04-26 14:03:11.266661,0 days 00:00:26.382546,1,85,400,372.0,210.0,459.0,4,38,0.24455192933805692,0.0008584806793348336,0.6,/work3/arnaou/checkpoints/megnet_Vc_trial_489_best_state.pt,"{'learning_rate': 0.0008584806793348336, 'lr_reduce': 0.6}",TPESampler,COMPLETE
490,1.8621399402618408,2025-04-26 14:03:04.637350,2025-04-26 14:03:08.417761,0 days 00:00:03.780411,4,124,383,374.0,260.0,,3,105,0.2033083346855002,0.00010818793297608201,0.6,/work3/arnaou/checkpoints/megnet_Vc_trial_490_best_state.pt,"{'learning_rate': 0.00010818793297608201, 'lr_reduce': 0.6}",TPESampler,COMPLETE
491,0.40392976999282837,2025-04-26 14:03:05.517079,2025-04-26 14:03:20.161912,0 days 00:00:14.644833,1,57,510,373.0,235.0,,3,91,0.11093108842640634,0.002281037920022311,0.6,/work3/arnaou/checkpoints/megnet_Vc_trial_491_best_state.pt,"{'learning_rate': 0.002281037920022311, 'lr_reduce': 0.6}",TPESampler,COMPLETE
492,1.7936700582504272,2025-04-26 14:03:08.649328,2025-04-26 14:03:12.373819,0 days 00:00:03.724491,3,116,313,378.0,,,2,76,0.10582036337281098,0.0061863748287310505,0.6,/work3/arnaou/checkpoints/megnet_Vc_trial_492_best_state.pt,"{'learning_rate': 0.0061863748287310505, 'lr_reduce': 0.6}",TPESampler,COMPLETE
493,0.20750129222869873,2025-04-26 14:03:11.499333,2025-04-26 14:03:37.651826,0 days 00:00:26.152493,1,104,241,381.0,235.0,389.0,4,54,0.08500055661300024,0.0011428658443426232,0.6,/work3/arnaou/checkpoints/megnet_Vc_trial_493_best_state.pt,"{'learning_rate': 0.0011428658443426232, 'lr_reduce': 0.6}",TPESampler,COMPLETE
494,1.8209339380264282,2025-04-26 14:03:12.556148,2025-04-26 14:03:15.897576,0 days 00:00:03.341428,2,92,323,379.0,,,2,79,0.2419920466784149,0.0012069364858839794,0.6,/work3/arnaou/checkpoints/megnet_Vc_trial_494_best_state.pt,"{'learning_rate': 0.0012069364858839794, 'lr_reduce': 0.6}",TPESampler,COMPLETE
495,1.7856957912445068,2025-04-26 14:03:16.088494,2025-04-26 14:03:19.180447,0 days 00:00:03.091953,1,89,440,388.0,,,2,77,0.16186081001062444,0.0016429788963456108,0.6,/work3/arnaou/checkpoints/megnet_Vc_trial_495_best_state.pt,"{'learning_rate': 0.0016429788963456108, 'lr_reduce': 0.6}",TPESampler,COMPLETE
496,1.7865879535675049,2025-04-26 14:03:19.385246,2025-04-26 14:03:23.227408,0 days 00:00:03.842162,3,119,131,389.0,,,2,38,0.026880381903408163,0.0059135261051433815,0.6,/work3/arnaou/checkpoints/megnet_Vc_trial_496_best_state.pt,"{'learning_rate': 0.0059135261051433815, 'lr_reduce': 0.6}",TPESampler,COMPLETE
497,1.8547158241271973,2025-04-26 14:03:20.404809,2025-04-26 14:03:23.434720,0 days 00:00:03.029911,1,90,286,398.0,,,2,52,0.20724075975946318,0.000491634528690738,0.6,/work3/arnaou/checkpoints/megnet_Vc_trial_497_best_state.pt,"{'learning_rate': 0.000491634528690738, 'lr_reduce': 0.6}",TPESampler,COMPLETE
498,0.15156683325767517,2025-04-26 14:03:23.404913,2025-04-26 14:03:49.057792,0 days 00:00:25.652879,1,78,231,403.0,212.0,,3,45,0.24182777188671453,0.0012123740261627345,0.6,/work3/arnaou/checkpoints/megnet_Vc_trial_498_best_state.pt,"{'learning_rate': 0.0012123740261627345, 'lr_reduce': 0.6}",TPESampler,COMPLETE
499,0.13798335194587708,2025-04-26 14:03:23.660479,2025-04-26 14:03:52.222952,0 days 00:00:28.562473,1,94,225,361.0,224.0,,3,66,0.2219004305107139,0.0019549645159915603,0.6,/work3/arnaou/checkpoints/megnet_Vc_trial_499_best_state.pt,"{'learning_rate': 0.0019549645159915603, 'lr_reduce': 0.6}",TPESampler,COMPLETE
500,1.8485020399093628,2025-04-26 14:03:37.833918,2025-04-26 14:03:41.346027,0 days 00:00:03.512109,1,86,306,415.0,277.0,,3,49,0.24338299457533635,0.0010145590394516578,0.6,/work3/arnaou/checkpoints/megnet_Vc_trial_500_best_state.pt,"{'learning_rate': 0.0010145590394516578, 'lr_reduce': 0.6}",TPESampler,COMPLETE
501,0.3325037956237793,2025-04-26 14:03:41.535887,2025-04-26 14:04:10.967400,0 days 00:00:29.431513,1,70,192,418.0,207.0,265.0,4,57,0.0675647947094063,0.0008243257207980093,0.6,/work3/arnaou/checkpoints/megnet_Vc_trial_501_best_state.pt,"{'learning_rate': 0.0008243257207980093, 'lr_reduce': 0.6}",TPESampler,COMPLETE
502,0.21355079114437103,2025-04-26 14:03:49.393001,2025-04-26 14:04:18.279095,0 days 00:00:28.886094,1,106,290,375.0,235.0,,3,64,0.22373755294403483,0.0006548819350778049,0.6,/work3/arnaou/checkpoints/megnet_Vc_trial_502_best_state.pt,"{'learning_rate': 0.0006548819350778049, 'lr_reduce': 0.6}",TPESampler,COMPLETE
503,0.2155619114637375,2025-04-26 14:03:52.429738,2025-04-26 14:04:14.451879,0 days 00:00:22.022141,1,92,101,352.0,245.0,347.0,4,61,0.19585966056996212,0.004246777601222151,0.6,/work3/arnaou/checkpoints/megnet_Vc_trial_503_best_state.pt,"{'learning_rate': 0.004246777601222151, 'lr_reduce': 0.6}",TPESampler,COMPLETE
504,0.2973957657814026,2025-04-26 14:04:11.173760,2025-04-26 14:04:34.059595,0 days 00:00:22.885835,1,77,249,343.0,222.0,,3,32,0.2195576216234642,0.0026178977240881723,0.6,/work3/arnaou/checkpoints/megnet_Vc_trial_504_best_state.pt,"{'learning_rate': 0.0026178977240881723, 'lr_reduce': 0.6}",TPESampler,COMPLETE
505,0.17385078966617584,2025-04-26 14:04:14.648049,2025-04-26 14:04:39.373021,0 days 00:00:24.724972,1,78,288,345.0,238.0,,3,65,0.21644924267508395,0.002623042287613666,0.6,/work3/arnaou/checkpoints/megnet_Vc_trial_505_best_state.pt,"{'learning_rate': 0.002623042287613666, 'lr_reduce': 0.6}",TPESampler,COMPLETE
506,0.21402643620967865,2025-04-26 14:04:18.496567,2025-04-26 14:04:38.810209,0 days 00:00:20.313642,1,104,254,394.0,201.0,,3,56,0.17613529625255345,0.001308588418756257,0.6,/work3/arnaou/checkpoints/megnet_Vc_trial_506_best_state.pt,"{'learning_rate': 0.001308588418756257, 'lr_reduce': 0.6}",TPESampler,COMPLETE
507,0.34964296221733093,2025-04-26 14:04:34.280935,2025-04-26 14:05:05.475820,0 days 00:00:31.194885,2,92,229,396.0,215.0,,3,87,0.23320149663463188,0.0015766146865790378,0.6,/work3/arnaou/checkpoints/megnet_Vc_trial_507_best_state.pt,"{'learning_rate': 0.0015766146865790378, 'lr_reduce': 0.6}",TPESampler,COMPLETE
508,0.42315179109573364,2025-04-26 14:04:39.012401,2025-04-26 14:04:55.789314,0 days 00:00:16.776913,2,103,201,346.0,295.0,,3,45,0.22120960246665844,0.0010200328267523408,0.6,/work3/arnaou/checkpoints/megnet_Vc_trial_508_best_state.pt,"{'learning_rate': 0.0010200328267523408, 'lr_reduce': 0.6}",TPESampler,COMPLETE
509,0.13169439136981964,2025-04-26 14:04:39.644842,2025-04-26 14:05:07.344905,0 days 00:00:27.700063,1,85,306,404.0,202.0,,3,59,0.22517841939490613,0.0013135039971831723,0.6,/work3/arnaou/checkpoints/megnet_Vc_trial_509_best_state.pt,"{'learning_rate': 0.0013135039971831723, 'lr_reduce': 0.6}",TPESampler,COMPLETE
510,1.7830722332000732,2025-04-26 14:04:55.984935,2025-04-26 14:04:59.710316,0 days 00:00:03.725381,2,78,505,410.0,207.0,,3,95,0.09108092173310676,0.0023631161033763077,0.6,/work3/arnaou/checkpoints/megnet_Vc_trial_510_best_state.pt,"{'learning_rate': 0.0023631161033763077, 'lr_reduce': 0.6}",TPESampler,COMPLETE
511,0.49424996972084045,2025-04-26 14:04:59.912299,2025-04-26 14:05:12.105839,0 days 00:00:12.193540,1,92,243,356.0,195.0,,3,55,0.2005911138732954,0.002528032178851518,0.6,/work3/arnaou/checkpoints/megnet_Vc_trial_511_best_state.pt,"{'learning_rate': 0.002528032178851518, 'lr_reduce': 0.6}",TPESampler,COMPLETE
512,1.8007320165634155,2025-04-26 14:05:05.668253,2025-04-26 14:05:09.300087,0 days 00:00:03.631834,1,93,106,,,,1,43,0.02419910298408265,0.008144937827918775,0.6,/work3/arnaou/checkpoints/megnet_Vc_trial_512_best_state.pt,"{'learning_rate': 0.008144937827918775, 'lr_reduce': 0.6}",TPESampler,COMPLETE
513,0.48744985461235046,2025-04-26 14:05:07.552086,2025-04-26 14:05:46.053657,0 days 00:00:38.501571,1,103,218,382.0,,,2,65,0.16712739209616875,0.003712055086238871,0.6,/work3/arnaou/checkpoints/megnet_Vc_trial_513_best_state.pt,"{'learning_rate': 0.003712055086238871, 'lr_reduce': 0.6}",TPESampler,COMPLETE
514,1.8534382581710815,2025-04-26 14:05:09.463721,2025-04-26 14:05:13.998224,0 days 00:00:04.534503,1,76,325,387.0,267.0,361.0,4,61,0.20613989604040805,0.0019297925997431434,0.6,/work3/arnaou/checkpoints/megnet_Vc_trial_514_best_state.pt,"{'learning_rate': 0.0019297925997431434, 'lr_reduce': 0.6}",TPESampler,COMPLETE
515,0.20803271234035492,2025-04-26 14:05:12.327199,2025-04-26 14:05:37.332683,0 days 00:00:25.005484,1,77,308,333.0,258.0,,3,55,0.24483258571669275,0.0017559410904201878,0.6,/work3/arnaou/checkpoints/megnet_Vc_trial_515_best_state.pt,"{'learning_rate': 0.0017559410904201878, 'lr_reduce': 0.6}",TPESampler,COMPLETE
516,1.8386788368225098,2025-04-26 14:05:14.176700,2025-04-26 14:05:23.106808,0 days 00:00:08.930108,1,74,175,406.0,212.0,,3,35,0.2346343975498855,0.001542474316042896,0.6,/work3/arnaou/checkpoints/megnet_Vc_trial_516_best_state.pt,"{'learning_rate': 0.001542474316042896, 'lr_reduce': 0.6}",TPESampler,COMPLETE
517,1.8103678226470947,2025-04-26 14:05:23.279462,2025-04-26 14:05:27.388380,0 days 00:00:04.108918,3,77,110,,,,1,67,0.1731232853492225,0.002348942004323113,0.6,/work3/arnaou/checkpoints/megnet_Vc_trial_517_best_state.pt,"{'learning_rate': 0.002348942004323113, 'lr_reduce': 0.6}",TPESampler,COMPLETE
518,1.8117932081222534,2025-04-26 14:05:27.575926,2025-04-26 14:05:31.270107,0 days 00:00:03.694181,1,96,271,412.0,222.0,,3,71,0.19776529226866602,0.001236842131276223,0.6,/work3/arnaou/checkpoints/megnet_Vc_trial_518_best_state.pt,"{'learning_rate': 0.001236842131276223, 'lr_reduce': 0.6}",TPESampler,COMPLETE
519,0.4896562993526459,2025-04-26 14:05:31.461554,2025-04-26 14:05:43.061800,0 days 00:00:11.600246,1,106,173,348.0,203.0,,3,83,0.21348551757171333,0.0019357528430746288,0.6,/work3/arnaou/checkpoints/megnet_Vc_trial_519_best_state.pt,"{'learning_rate': 0.0019357528430746288, 'lr_reduce': 0.6}",TPESampler,COMPLETE
520,1.8395570516586304,2025-04-26 14:05:37.529653,2025-04-26 14:05:41.336754,0 days 00:00:03.807101,1,41,98,417.0,243.0,,3,33,0.205745079624166,0.002741667465842682,0.6,/work3/arnaou/checkpoints/megnet_Vc_trial_520_best_state.pt,"{'learning_rate': 0.002741667465842682, 'lr_reduce': 0.6}",TPESampler,COMPLETE
521,1.833362340927124,2025-04-26 14:05:41.551685,2025-04-26 14:05:45.154942,0 days 00:00:03.603257,2,94,339,512.0,189.0,,3,64,0.20294352211513925,0.0019254300067888632,0.6,/work3/arnaou/checkpoints/megnet_Vc_trial_521_best_state.pt,"{'learning_rate': 0.0019254300067888632, 'lr_reduce': 0.6}",TPESampler,COMPLETE
522,0.10785649716854095,2025-04-26 14:05:43.408926,2025-04-26 14:06:12.979506,0 days 00:00:29.570580,1,69,257,419.0,332.0,,3,62,0.2359666354383395,0.0006775202891781867,0.6,/work3/arnaou/checkpoints/megnet_Vc_trial_522_best_state.pt,"{'learning_rate': 0.0006775202891781867, 'lr_reduce': 0.6}",TPESampler,COMPLETE
523,1.8074140548706055,2025-04-26 14:05:45.353145,2025-04-26 14:05:48.773638,0 days 00:00:03.420493,2,70,149,377.0,,,2,63,0.23954618429940325,0.005102179970252383,0.6,/work3/arnaou/checkpoints/megnet_Vc_trial_523_best_state.pt,"{'learning_rate': 0.005102179970252383, 'lr_reduce': 0.6}",TPESampler,COMPLETE
524,0.34815719723701477,2025-04-26 14:05:46.251420,2025-04-26 14:06:08.124459,0 days 00:00:21.873039,1,93,369,427.0,193.0,,3,70,0.08217673319434993,0.0015149263585897785,0.6,/work3/arnaou/checkpoints/megnet_Vc_trial_524_best_state.pt,"{'learning_rate': 0.0015149263585897785, 'lr_reduce': 0.6}",TPESampler,COMPLETE
525,1.8665235042572021,2025-04-26 14:05:48.978062,2025-04-26 14:05:53.914444,0 days 00:00:04.936382,4,119,155,332.0,,,2,103,0.22551457190342641,0.00021429591235374684,0.6,/work3/arnaou/checkpoints/megnet_Vc_trial_525_best_state.pt,"{'learning_rate': 0.00021429591235374684, 'lr_reduce': 0.6}",TPESampler,COMPLETE
526,1.8252973556518555,2025-04-26 14:05:54.124732,2025-04-26 14:05:57.528751,0 days 00:00:03.404019,1,46,208,430.0,183.0,403.0,4,32,0.2146698841032544,0.0025662814378844003,0.6,/work3/arnaou/checkpoints/megnet_Vc_trial_526_best_state.pt,"{'learning_rate': 0.0025662814378844003, 'lr_reduce': 0.6}",TPESampler,COMPLETE
527,0.33574357628822327,2025-04-26 14:05:57.725023,2025-04-26 14:06:12.082224,0 days 00:00:14.357201,1,80,445,377.0,260.0,410.0,4,54,0.24248728502488917,0.0010420031383394908,0.6,/work3/arnaou/checkpoints/megnet_Vc_trial_527_best_state.pt,"{'learning_rate': 0.0010420031383394908, 'lr_reduce': 0.6}",TPESampler,COMPLETE
528,1.818349838256836,2025-04-26 14:06:08.311315,2025-04-26 14:06:11.716688,0 days 00:00:03.405373,3,119,356,469.0,,,2,53,0.11299540626069435,0.0032612814953529566,0.6,/work3/arnaou/checkpoints/megnet_Vc_trial_528_best_state.pt,"{'learning_rate': 0.0032612814953529566, 'lr_reduce': 0.6}",TPESampler,COMPLETE
529,1.8641018867492676,2025-04-26 14:06:11.914712,2025-04-26 14:06:16.265269,0 days 00:00:04.350557,3,121,184,376.0,180.0,412.0,4,93,0.012591252086468274,0.00016791446708159513,0.6,/work3/arnaou/checkpoints/megnet_Vc_trial_529_best_state.pt,"{'learning_rate': 0.00016791446708159513, 'lr_reduce': 0.6}",TPESampler,COMPLETE
530,1.8217087984085083,2025-04-26 14:06:12.307530,2025-04-26 14:06:16.010435,0 days 00:00:03.702905,2,117,317,512.0,,,2,70,0.11244921721458742,0.0009511767910166564,0.6,/work3/arnaou/checkpoints/megnet_Vc_trial_530_best_state.pt,"{'learning_rate': 0.0009511767910166564, 'lr_reduce': 0.6}",TPESampler,COMPLETE
531,0.19157856702804565,2025-04-26 14:06:13.190356,2025-04-26 14:06:38.825375,0 days 00:00:25.635019,1,56,291,430.0,353.0,,3,61,0.24615212843781545,0.0008847340467684471,0.6,/work3/arnaou/checkpoints/megnet_Vc_trial_531_best_state.pt,"{'learning_rate': 0.0008847340467684471, 'lr_reduce': 0.6}",TPESampler,COMPLETE
532,1.4651535749435425,2025-04-26 14:06:16.231717,2025-04-26 14:06:30.338700,0 days 00:00:14.106983,4,119,94,390.0,332.0,417.0,4,125,0.16548589912476802,0.00038922104488042005,0.6,/work3/arnaou/checkpoints/megnet_Vc_trial_532_best_state.pt,"{'learning_rate': 0.00038922104488042005, 'lr_reduce': 0.6}",TPESampler,COMPLETE
533,1.8377430438995361,2025-04-26 14:06:16.502775,2025-04-26 14:06:20.379792,0 days 00:00:03.877017,2,71,204,467.0,362.0,,3,64,0.22669728192165772,0.0007610169813874859,0.6,/work3/arnaou/checkpoints/megnet_Vc_trial_533_best_state.pt,"{'learning_rate': 0.0007610169813874859, 'lr_reduce': 0.6}",TPESampler,COMPLETE
534,0.331474244594574,2025-04-26 14:06:20.599754,2025-04-26 14:06:35.096442,0 days 00:00:14.496688,1,91,164,419.0,304.0,,3,63,0.24941385425548854,0.0010059734446670003,0.6,/work3/arnaou/checkpoints/megnet_Vc_trial_534_best_state.pt,"{'learning_rate': 0.0010059734446670003, 'lr_reduce': 0.6}",TPESampler,COMPLETE
535,1.4664440155029297,2025-04-26 14:06:30.554298,2025-04-26 14:06:38.868758,0 days 00:00:08.314460,2,38,319,341.0,328.0,428.0,4,38,0.13547478100294774,0.0005502641567353806,0.6,/work3/arnaou/checkpoints/megnet_Vc_trial_535_best_state.pt,"{'learning_rate': 0.0005502641567353806, 'lr_reduce': 0.6}",TPESampler,COMPLETE
536,1.783095359802246,2025-04-26 14:06:35.315769,2025-04-26 14:06:38.765236,0 days 00:00:03.449467,2,93,250,434.0,304.0,,3,58,0.24130741478103604,0.002290692391231825,0.6,/work3/arnaou/checkpoints/megnet_Vc_trial_536_best_state.pt,"{'learning_rate': 0.002290692391231825, 'lr_reduce': 0.6}",TPESampler,COMPLETE
537,0.1988486349582672,2025-04-26 14:06:38.911142,2025-04-26 14:07:02.253205,0 days 00:00:23.342063,1,76,189,378.0,313.0,,3,51,0.21886315960733096,0.0009528467717027455,0.6,/work3/arnaou/checkpoints/megnet_Vc_trial_537_best_state.pt,"{'learning_rate': 0.0009528467717027455, 'lr_reduce': 0.6}",TPESampler,COMPLETE
538,0.4251101315021515,2025-04-26 14:06:38.948946,2025-04-26 14:07:02.948259,0 days 00:00:23.999313,1,111,375,474.0,360.0,427.0,4,52,0.10452489985449365,0.0009075214921226223,0.6,/work3/arnaou/checkpoints/megnet_Vc_trial_538_best_state.pt,"{'learning_rate': 0.0009075214921226223, 'lr_reduce': 0.6}",TPESampler,COMPLETE
539,0.25223803520202637,2025-04-26 14:06:38.997718,2025-04-26 14:07:07.095071,0 days 00:00:28.097353,1,50,94,511.0,128.0,,3,101,0.1521029955836124,0.0006662209599937883,0.6,/work3/arnaou/checkpoints/megnet_Vc_trial_539_best_state.pt,"{'learning_rate': 0.0006662209599937883, 'lr_reduce': 0.6}",TPESampler,COMPLETE
540,0.22720867395401,2025-04-26 14:07:02.477343,2025-04-26 14:07:30.255378,0 days 00:00:27.778035,1,81,295,425.0,118.0,,3,89,0.238291304785492,0.0027460947346397246,0.6,/work3/arnaou/checkpoints/megnet_Vc_trial_540_best_state.pt,"{'learning_rate': 0.0027460947346397246, 'lr_reduce': 0.6}",TPESampler,COMPLETE
541,1.8649916648864746,2025-04-26 14:07:03.135508,2025-04-26 14:07:07.070924,0 days 00:00:03.935416,2,53,394,383.0,276.0,188.0,4,44,0.18071246662088208,0.0004593327901165159,0.6,/work3/arnaou/checkpoints/megnet_Vc_trial_541_best_state.pt,"{'learning_rate': 0.0004593327901165159, 'lr_reduce': 0.6}",TPESampler,COMPLETE
542,1.8486692905426025,2025-04-26 14:07:07.224216,2025-04-26 14:07:10.834869,0 days 00:00:03.610653,1,85,270,467.0,,,2,69,0.2432365019275462,0.00040302839793168347,0.6,/work3/arnaou/checkpoints/megnet_Vc_trial_542_best_state.pt,"{'learning_rate': 0.00040302839793168347, 'lr_reduce': 0.6}",TPESampler,COMPLETE
543,1.8441165685653687,2025-04-26 14:07:07.258978,2025-04-26 14:07:10.952523,0 days 00:00:03.693545,1,75,241,460.0,127.0,,3,63,0.23183678657055573,0.0007683979826458104,0.6,/work3/arnaou/checkpoints/megnet_Vc_trial_543_best_state.pt,"{'learning_rate': 0.0007683979826458104, 'lr_reduce': 0.6}",TPESampler,COMPLETE
