number,value,datetime_start,datetime_complete,duration,params_depth,params_edge_hidden_dim,params_mlp_dim_00,params_mlp_dim_01,params_mlp_dim_02,params_mlp_dim_03,params_mlp_n_layers,params_node_hidden_dim,params_rep_dropout,params_train_learning_rate,params_train_lr_reduce,user_attrs_best_state_dict_path,user_attrs_training_params,system_attrs_auto:sampler,state
136,0.46458688378334045,2025-04-26 13:33:45.330065,2025-04-26 13:34:13.026190,0 days 00:00:27.696125,1,103,386,372.0,404.0,506.0,4,63,0.1921199556262736,0.006535556551966187,0.6,/work3/arnaou/checkpoints/megnet_Vc_trial_136_best_state.pt,"{'learning_rate': 0.006535556551966187, 'lr_reduce': 0.6}",TPESampler,COMPLETE
137,1.862006425857544,2025-04-26 13:33:54.238438,2025-04-26 13:33:58.095191,0 days 00:00:03.856753,2,49,383,448.0,279.0,502.0,4,33,0.23156915511224624,0.0005973464584768923,0.6,/work3/arnaou/checkpoints/megnet_Vc_trial_137_best_state.pt,"{'learning_rate': 0.0005973464584768923, 'lr_reduce': 0.6}",TPESampler,COMPLETE
138,1.8005671501159668,2025-04-26 13:33:58.274628,2025-04-26 13:34:01.799422,0 days 00:00:03.524794,1,90,365,446.0,194.0,511.0,4,47,0.24117602068627783,0.002593092161181383,0.6,/work3/arnaou/checkpoints/megnet_Vc_trial_138_best_state.pt,"{'learning_rate': 0.002593092161181383, 'lr_reduce': 0.6}",TPESampler,COMPLETE
139,0.32779738306999207,2025-04-26 13:34:01.984318,2025-04-26 13:34:30.591524,0 days 00:00:28.607206,1,123,216,447.0,141.0,,3,81,0.13566924695760024,0.005249730294600991,0.6,/work3/arnaou/checkpoints/megnet_Vc_trial_139_best_state.pt,"{'learning_rate': 0.005249730294600991, 'lr_reduce': 0.6}",TPESampler,COMPLETE
140,1.795886516571045,2025-04-26 13:34:13.218300,2025-04-26 13:34:16.402034,0 days 00:00:03.183734,1,126,413,449.0,,,2,96,0.18067214423463412,0.0017210080495007904,0.6,/work3/arnaou/checkpoints/megnet_Vc_trial_140_best_state.pt,"{'learning_rate': 0.0017210080495007904, 'lr_reduce': 0.6}",TPESampler,COMPLETE
141,1.7984510660171509,2025-04-26 13:34:14.274203,2025-04-26 13:34:17.444877,0 days 00:00:03.170674,1,91,318,369.0,,,2,62,0.23254921256424674,0.0020495609501500847,0.6,/work3/arnaou/checkpoints/megnet_Vc_trial_141_best_state.pt,"{'learning_rate': 0.0020495609501500847, 'lr_reduce': 0.6}",TPESampler,COMPLETE
142,0.3378307819366455,2025-04-26 13:34:16.574015,2025-04-26 13:34:39.586737,0 days 00:00:23.012722,2,82,319,239.0,277.0,440.0,4,64,0.2139757462554807,0.0008658510608764496,0.6,/work3/arnaou/checkpoints/megnet_Vc_trial_142_best_state.pt,"{'learning_rate': 0.0008658510608764496, 'lr_reduce': 0.6}",TPESampler,COMPLETE
143,0.409322053194046,2025-04-26 13:34:17.646578,2025-04-26 13:34:30.570585,0 days 00:00:12.924007,1,110,249,408.0,345.0,511.0,4,101,0.22233599086936764,0.003159859572443098,0.6,/work3/arnaou/checkpoints/megnet_Vc_trial_143_best_state.pt,"{'learning_rate': 0.003159859572443098, 'lr_reduce': 0.6}",TPESampler,COMPLETE
144,0.22458907961845398,2025-04-26 13:34:30.715206,2025-04-26 13:34:59.847334,0 days 00:00:29.132128,1,102,234,435.0,330.0,451.0,4,63,0.22990889981352494,0.002128150289899739,0.6,/work3/arnaou/checkpoints/megnet_Vc_trial_144_best_state.pt,"{'learning_rate': 0.002128150289899739, 'lr_reduce': 0.6}",TPESampler,COMPLETE
145,1.7980543375015259,2025-04-26 13:34:30.743337,2025-04-26 13:34:33.964443,0 days 00:00:03.221106,1,77,310,440.0,,,2,91,0.1538499774978681,0.001044051137059419,0.6,/work3/arnaou/checkpoints/megnet_Vc_trial_145_best_state.pt,"{'learning_rate': 0.001044051137059419, 'lr_reduce': 0.6}",TPESampler,COMPLETE
146,1.7917143106460571,2025-04-26 13:34:34.136690,2025-04-26 13:34:38.218300,0 days 00:00:04.081610,3,127,296,370.0,300.0,,3,35,0.14126481577221128,0.004910263535561126,0.6,/work3/arnaou/checkpoints/megnet_Vc_trial_146_best_state.pt,"{'learning_rate': 0.004910263535561126, 'lr_reduce': 0.6}",TPESampler,COMPLETE
147,0.17028066515922546,2025-04-26 13:34:38.391785,2025-04-26 13:35:07.505170,0 days 00:00:29.113385,1,124,280,451.0,227.0,509.0,4,67,0.1887794246753357,0.0033956335176915766,0.6,/work3/arnaou/checkpoints/megnet_Vc_trial_147_best_state.pt,"{'learning_rate': 0.0033956335176915766, 'lr_reduce': 0.6}",TPESampler,COMPLETE
148,0.2715059220790863,2025-04-26 13:34:39.771612,2025-04-26 13:35:01.386663,0 days 00:00:21.615051,1,126,265,401.0,292.0,444.0,4,50,0.13604707628046167,0.0015372560547620988,0.6,/work3/arnaou/checkpoints/megnet_Vc_trial_148_best_state.pt,"{'learning_rate': 0.0015372560547620988, 'lr_reduce': 0.6}",TPESampler,COMPLETE
149,1.8216866254806519,2025-04-26 13:35:00.049741,2025-04-26 13:35:03.520453,0 days 00:00:03.470712,1,126,393,463.0,148.0,508.0,4,57,0.1560371801879428,0.005946708070912049,0.6,/work3/arnaou/checkpoints/megnet_Vc_trial_149_best_state.pt,"{'learning_rate': 0.005946708070912049, 'lr_reduce': 0.6}",TPESampler,COMPLETE
150,1.6935590505599976,2025-04-26 13:35:01.569778,2025-04-26 13:35:06.849060,0 days 00:00:05.279282,2,125,328,449.0,201.0,,3,73,0.1946814354775838,0.002169214726808379,0.6,/work3/arnaou/checkpoints/megnet_Vc_trial_150_best_state.pt,"{'learning_rate': 0.002169214726808379, 'lr_reduce': 0.6}",TPESampler,COMPLETE
151,1.8367825746536255,2025-04-26 13:35:03.700223,2025-04-26 13:35:06.997839,0 days 00:00:03.297616,1,84,393,403.0,273.0,145.0,4,77,0.14937774919223432,0.00027210339312635926,0.6,/work3/arnaou/checkpoints/megnet_Vc_trial_151_best_state.pt,"{'learning_rate': 0.00027210339312635926, 'lr_reduce': 0.6}",TPESampler,COMPLETE
152,1.8253666162490845,2025-04-26 13:35:07.025402,2025-04-26 13:35:10.358505,0 days 00:00:03.333103,1,55,500,512.0,,,2,86,0.17470229606659743,0.0011528027780086107,0.6,/work3/arnaou/checkpoints/megnet_Vc_trial_152_best_state.pt,"{'learning_rate': 0.0011528027780086107, 'lr_reduce': 0.6}",TPESampler,COMPLETE
153,1.8128758668899536,2025-04-26 13:35:07.188031,2025-04-26 13:35:10.443883,0 days 00:00:03.255852,2,80,295,458.0,218.0,,3,86,0.17533977050657068,0.0013703865095169958,0.6,/work3/arnaou/checkpoints/megnet_Vc_trial_153_best_state.pt,"{'learning_rate': 0.0013703865095169958, 'lr_reduce': 0.6}",TPESampler,COMPLETE
154,0.5436841249465942,2025-04-26 13:35:07.779514,2025-04-26 13:35:37.209187,0 days 00:00:29.429673,1,123,266,436.0,221.0,510.0,4,78,0.17080198588931456,0.006438066338712885,0.6,/work3/arnaou/checkpoints/megnet_Vc_trial_154_best_state.pt,"{'learning_rate': 0.006438066338712885, 'lr_reduce': 0.6}",TPESampler,COMPLETE
155,0.21003510057926178,2025-04-26 13:35:10.501016,2025-04-26 13:35:37.686938,0 days 00:00:27.185922,1,114,372,456.0,211.0,,3,103,0.2443452046315248,0.0011512757284991922,0.6,/work3/arnaou/checkpoints/megnet_Vc_trial_155_best_state.pt,"{'learning_rate': 0.0011512757284991922, 'lr_reduce': 0.6}",TPESampler,COMPLETE
156,1.8530892133712769,2025-04-26 13:35:10.645051,2025-04-26 13:35:13.940345,0 days 00:00:03.295294,1,128,375,,,,1,123,0.21901730210676476,0.0001653062320957853,0.6,/work3/arnaou/checkpoints/megnet_Vc_trial_156_best_state.pt,"{'learning_rate': 0.0001653062320957853, 'lr_reduce': 0.6}",TPESampler,COMPLETE
157,1.8616878986358643,2025-04-26 13:35:14.107187,2025-04-26 13:35:18.143338,0 days 00:00:04.036151,1,65,278,385.0,256.0,,3,46,0.23731313511999144,0.0004231697088695341,0.6,/work3/arnaou/checkpoints/megnet_Vc_trial_157_best_state.pt,"{'learning_rate': 0.0004231697088695341, 'lr_reduce': 0.6}",TPESampler,COMPLETE
158,1.489890694618225,2025-04-26 13:35:18.291195,2025-04-26 13:35:28.885748,0 days 00:00:10.594553,4,116,459,208.0,141.0,,3,105,0.059834693196399114,0.0003471867872288835,0.6,/work3/arnaou/checkpoints/megnet_Vc_trial_158_best_state.pt,"{'learning_rate': 0.0003471867872288835, 'lr_reduce': 0.6}",TPESampler,COMPLETE
159,1.8442302942276,2025-04-26 13:35:29.081824,2025-04-26 13:35:32.518660,0 days 00:00:03.436836,1,123,224,462.0,205.0,,3,46,0.2242424334902844,0.0012953532898466896,0.6,/work3/arnaou/checkpoints/megnet_Vc_trial_159_best_state.pt,"{'learning_rate': 0.0012953532898466896, 'lr_reduce': 0.6}",TPESampler,COMPLETE
160,1.7854863405227661,2025-04-26 13:35:32.695661,2025-04-26 13:35:36.307203,0 days 00:00:03.611542,1,120,330,455.0,333.0,507.0,4,88,0.18638967717959762,0.0032242512779458907,0.6,/work3/arnaou/checkpoints/megnet_Vc_trial_160_best_state.pt,"{'learning_rate': 0.0032242512779458907, 'lr_reduce': 0.6}",TPESampler,COMPLETE
161,1.7987197637557983,2025-04-26 13:35:36.480188,2025-04-26 13:35:39.607070,0 days 00:00:03.126882,2,120,444,,,,1,42,0.12334545385788806,0.006759219443832732,0.6,/work3/arnaou/checkpoints/megnet_Vc_trial_161_best_state.pt,"{'learning_rate': 0.006759219443832732, 'lr_reduce': 0.6}",TPESampler,COMPLETE
162,1.7908365726470947,2025-04-26 13:35:37.408175,2025-04-26 13:35:40.671721,0 days 00:00:03.263546,2,54,384,508.0,208.0,444.0,4,48,0.17256010085465873,0.0040406942780470785,0.6,/work3/arnaou/checkpoints/megnet_Vc_trial_162_best_state.pt,"{'learning_rate': 0.0040406942780470785, 'lr_reduce': 0.6}",TPESampler,COMPLETE
163,0.16341328620910645,2025-04-26 13:35:37.834485,2025-04-26 13:36:05.426116,0 days 00:00:27.591631,1,53,494,495.0,225.0,508.0,4,52,0.1607064889241439,0.0009494625099292372,0.6,/work3/arnaou/checkpoints/megnet_Vc_trial_163_best_state.pt,"{'learning_rate': 0.0009494625099292372, 'lr_reduce': 0.6}",TPESampler,COMPLETE
164,1.827510952949524,2025-04-26 13:35:39.795678,2025-04-26 13:35:43.000327,0 days 00:00:03.204649,2,72,450,493.0,244.0,,3,98,0.21304923399308742,0.0009414097931275937,0.6,/work3/arnaou/checkpoints/megnet_Vc_trial_164_best_state.pt,"{'learning_rate': 0.0009414097931275937, 'lr_reduce': 0.6}",TPESampler,COMPLETE
165,1.8442320823669434,2025-04-26 13:35:40.851054,2025-04-26 13:35:44.318922,0 days 00:00:03.467868,2,46,456,464.0,170.0,,3,71,0.1587435230058572,0.0008143881013221876,0.6,/work3/arnaou/checkpoints/megnet_Vc_trial_165_best_state.pt,"{'learning_rate': 0.0008143881013221876, 'lr_reduce': 0.6}",TPESampler,COMPLETE
166,0.13394518196582794,2025-04-26 13:35:43.172290,2025-04-26 13:36:12.150542,0 days 00:00:28.978252,1,92,292,411.0,247.0,438.0,4,45,0.22952180164018213,0.0006130291239367836,0.6,/work3/arnaou/checkpoints/megnet_Vc_trial_166_best_state.pt,"{'learning_rate': 0.0006130291239367836, 'lr_reduce': 0.6}",TPESampler,COMPLETE
167,1.8155288696289062,2025-04-26 13:35:44.499339,2025-04-26 13:35:47.412168,0 days 00:00:02.912829,1,45,381,509.0,,,2,66,0.14026458040470258,0.0024371278219998947,0.6,/work3/arnaou/checkpoints/megnet_Vc_trial_167_best_state.pt,"{'learning_rate': 0.0024371278219998947, 'lr_reduce': 0.6}",TPESampler,COMPLETE
168,1.1520507335662842,2025-04-26 13:35:47.611419,2025-04-26 13:36:17.413939,0 days 00:00:29.802520,4,64,79,449.0,,,2,79,0.009523724436628717,0.0030264383110755635,0.6,/work3/arnaou/checkpoints/megnet_Vc_trial_168_best_state.pt,"{'learning_rate': 0.0030264383110755635, 'lr_reduce': 0.6}",TPESampler,COMPLETE
169,0.24606920778751373,2025-04-26 13:36:05.603741,2025-04-26 13:36:25.120391,0 days 00:00:19.516650,1,49,473,347.0,259.0,512.0,4,73,0.15344773451386545,0.0008701816947381379,0.6,/work3/arnaou/checkpoints/megnet_Vc_trial_169_best_state.pt,"{'learning_rate': 0.0008701816947381379, 'lr_reduce': 0.6}",TPESampler,COMPLETE
170,1.8528538942337036,2025-04-26 13:36:12.358416,2025-04-26 13:36:16.261373,0 days 00:00:03.902957,2,57,512,391.0,232.0,413.0,4,45,0.1722899092642878,0.001496805298160662,0.6,/work3/arnaou/checkpoints/megnet_Vc_trial_170_best_state.pt,"{'learning_rate': 0.001496805298160662, 'lr_reduce': 0.6}",TPESampler,COMPLETE
171,1.8611884117126465,2025-04-26 13:36:16.457856,2025-04-26 13:36:20.232303,0 days 00:00:03.774447,1,51,425,409.0,217.0,443.0,4,43,0.16431563172385205,0.0005323986971251799,0.6,/work3/arnaou/checkpoints/megnet_Vc_trial_171_best_state.pt,"{'learning_rate': 0.0005323986971251799, 'lr_reduce': 0.6}",TPESampler,COMPLETE
172,0.1811848282814026,2025-04-26 13:36:17.609067,2025-04-26 13:36:50.089832,0 days 00:00:32.480765,2,50,360,512.0,245.0,451.0,4,73,0.2043729258597281,0.0006862452447486365,0.6,/work3/arnaou/checkpoints/megnet_Vc_trial_172_best_state.pt,"{'learning_rate': 0.0006862452447486365, 'lr_reduce': 0.6}",TPESampler,COMPLETE
173,0.21165268123149872,2025-04-26 13:36:20.404470,2025-04-26 13:36:51.670645,0 days 00:00:31.266175,1,100,283,413.0,283.0,512.0,4,49,0.20728722106492947,0.00082069268036694,0.6,/work3/arnaou/checkpoints/megnet_Vc_trial_173_best_state.pt,"{'learning_rate': 0.00082069268036694, 'lr_reduce': 0.6}",TPESampler,COMPLETE
174,1.8409852981567383,2025-04-26 13:36:25.518575,2025-04-26 13:36:29.483031,0 days 00:00:03.964456,1,46,492,,,,1,51,0.03370119870208452,0.000161327173465276,0.6,/work3/arnaou/checkpoints/megnet_Vc_trial_174_best_state.pt,"{'learning_rate': 0.000161327173465276, 'lr_reduce': 0.6}",TPESampler,COMPLETE
175,1.8681648969650269,2025-04-26 13:36:29.682429,2025-04-26 13:36:33.229766,0 days 00:00:03.547337,1,115,295,420.0,190.0,458.0,4,34,0.24594092206774743,0.000332955259404367,0.6,/work3/arnaou/checkpoints/megnet_Vc_trial_175_best_state.pt,"{'learning_rate': 0.000332955259404367, 'lr_reduce': 0.6}",TPESampler,COMPLETE
176,0.2969295382499695,2025-04-26 13:36:33.403142,2025-04-26 13:36:51.435092,0 days 00:00:18.031950,1,61,354,444.0,281.0,,3,80,0.20261947132056957,0.0033073591284927375,0.6,/work3/arnaou/checkpoints/megnet_Vc_trial_176_best_state.pt,"{'learning_rate': 0.0033073591284927375, 'lr_reduce': 0.6}",TPESampler,COMPLETE
177,1.8497190475463867,2025-04-26 13:36:50.280978,2025-04-26 13:36:53.703180,0 days 00:00:03.422202,2,63,331,505.0,236.0,383.0,4,67,0.1888715834119991,0.0011407732287484072,0.6,/work3/arnaou/checkpoints/megnet_Vc_trial_177_best_state.pt,"{'learning_rate': 0.0011407732287484072, 'lr_reduce': 0.6}",TPESampler,COMPLETE
178,0.3277217149734497,2025-04-26 13:36:51.624006,2025-04-26 13:37:07.093213,0 days 00:00:15.469207,1,77,310,504.0,229.0,439.0,4,58,0.18517088869113021,0.0012324010537586446,0.6,/work3/arnaou/checkpoints/megnet_Vc_trial_178_best_state.pt,"{'learning_rate': 0.0012324010537586446, 'lr_reduce': 0.6}",TPESampler,COMPLETE
179,0.12120117247104645,2025-04-26 13:36:51.871536,2025-04-26 13:37:19.565525,0 days 00:00:27.693989,1,75,300,509.0,133.0,444.0,4,58,0.21976244497613368,0.0009143593923625502,0.6,/work3/arnaou/checkpoints/megnet_Vc_trial_179_best_state.pt,"{'learning_rate': 0.0009143593923625502, 'lr_reduce': 0.6}",TPESampler,COMPLETE
180,1.864566445350647,2025-04-26 13:36:53.875285,2025-04-26 13:36:58.126653,0 days 00:00:04.251368,1,77,295,510.0,242.0,454.0,4,52,0.24651306096359474,0.00040209464734294555,0.6,/work3/arnaou/checkpoints/megnet_Vc_trial_180_best_state.pt,"{'learning_rate': 0.00040209464734294555, 'lr_reduce': 0.6}",TPESampler,COMPLETE
181,1.8024249076843262,2025-04-26 13:36:58.299774,2025-04-26 13:37:02.596249,0 days 00:00:04.296475,3,126,397,467.0,,,2,83,0.05938356080952087,0.003023434867721302,0.6,/work3/arnaou/checkpoints/megnet_Vc_trial_181_best_state.pt,"{'learning_rate': 0.003023434867721302, 'lr_reduce': 0.6}",TPESampler,COMPLETE
182,1.8562943935394287,2025-04-26 13:37:02.825862,2025-04-26 13:37:06.633470,0 days 00:00:03.807608,2,35,313,461.0,196.0,,3,77,0.15626024719206671,0.00047615629424981547,0.6,/work3/arnaou/checkpoints/megnet_Vc_trial_182_best_state.pt,"{'learning_rate': 0.00047615629424981547, 'lr_reduce': 0.6}",TPESampler,COMPLETE
183,0.24422726035118103,2025-04-26 13:37:06.806246,2025-04-26 13:37:24.932875,0 days 00:00:18.126629,1,123,396,384.0,285.0,,3,80,0.21238464150741948,0.0026418805825689892,0.6,/work3/arnaou/checkpoints/megnet_Vc_trial_183_best_state.pt,"{'learning_rate': 0.0026418805825689892, 'lr_reduce': 0.6}",TPESampler,COMPLETE
184,0.2359304577112198,2025-04-26 13:37:07.285259,2025-04-26 13:37:32.020555,0 days 00:00:24.735296,1,128,230,436.0,260.0,509.0,4,89,0.16693261315143557,0.0016768884059656204,0.6,/work3/arnaou/checkpoints/megnet_Vc_trial_184_best_state.pt,"{'learning_rate': 0.0016768884059656204, 'lr_reduce': 0.6}",TPESampler,COMPLETE
185,1.4185007810592651,2025-04-26 13:37:19.986880,2025-04-26 13:37:59.110041,0 days 00:00:39.123161,2,52,373,512.0,116.0,374.0,4,84,0.20382858921924155,0.00035071366864182724,0.6,/work3/arnaou/checkpoints/megnet_Vc_trial_185_best_state.pt,"{'learning_rate': 0.00035071366864182724, 'lr_reduce': 0.6}",TPESampler,COMPLETE
186,1.812286376953125,2025-04-26 13:37:25.105756,2025-04-26 13:37:28.813729,0 days 00:00:03.707973,2,89,280,504.0,,,2,33,0.19160758983732565,0.001478888862283461,0.6,/work3/arnaou/checkpoints/megnet_Vc_trial_186_best_state.pt,"{'learning_rate': 0.001478888862283461, 'lr_reduce': 0.6}",TPESampler,COMPLETE
187,0.11808685958385468,2025-04-26 13:37:29.004123,2025-04-26 13:38:01.763568,0 days 00:00:32.759445,1,76,419,511.0,140.0,431.0,4,69,0.19266351979861132,0.0004995447156492888,0.6,/work3/arnaou/checkpoints/megnet_Vc_trial_187_best_state.pt,"{'learning_rate': 0.0004995447156492888, 'lr_reduce': 0.6}",TPESampler,COMPLETE
188,1.785032033920288,2025-04-26 13:37:32.213561,2025-04-26 13:37:35.749104,0 days 00:00:03.535543,1,105,346,512.0,130.0,,3,41,0.24303593501351595,0.008914182279395126,0.6,/work3/arnaou/checkpoints/megnet_Vc_trial_188_best_state.pt,"{'learning_rate': 0.008914182279395126, 'lr_reduce': 0.6}",TPESampler,COMPLETE
189,1.8499257564544678,2025-04-26 13:37:35.922650,2025-04-26 13:37:39.552857,0 days 00:00:03.630207,3,74,132,205.0,,,2,90,0.23250101150593983,0.0001345535247878036,0.6,/work3/arnaou/checkpoints/megnet_Vc_trial_189_best_state.pt,"{'learning_rate': 0.0001345535247878036, 'lr_reduce': 0.6}",TPESampler,COMPLETE
190,1.815190076828003,2025-04-26 13:37:39.958849,2025-04-26 13:37:43.461521,0 days 00:00:03.502672,2,65,228,473.0,,,2,74,0.23702432471229345,0.0009194166967741639,0.6,/work3/arnaou/checkpoints/megnet_Vc_trial_190_best_state.pt,"{'learning_rate': 0.0009194166967741639, 'lr_reduce': 0.6}",TPESampler,COMPLETE
191,0.5923442244529724,2025-04-26 13:37:43.835890,2025-04-26 13:38:04.865833,0 days 00:00:21.029943,2,45,347,458.0,172.0,440.0,4,54,0.21533404514525636,0.0006145832969422423,0.6,/work3/arnaou/checkpoints/megnet_Vc_trial_191_best_state.pt,"{'learning_rate': 0.0006145832969422423, 'lr_reduce': 0.6}",TPESampler,COMPLETE
192,0.3907160460948944,2025-04-26 13:37:59.346386,2025-04-26 13:38:27.391315,0 days 00:00:28.044929,1,88,217,271.0,178.0,,3,48,0.2195542261744388,0.0011902727575020023,0.6,/work3/arnaou/checkpoints/megnet_Vc_trial_192_best_state.pt,"{'learning_rate': 0.0011902727575020023, 'lr_reduce': 0.6}",TPESampler,COMPLETE
193,0.18934957683086395,2025-04-26 13:38:02.118543,2025-04-26 13:38:23.615211,0 days 00:00:21.496668,1,66,425,508.0,107.0,410.0,4,52,0.23008428525451122,0.001478470611040509,0.6,/work3/arnaou/checkpoints/megnet_Vc_trial_193_best_state.pt,"{'learning_rate': 0.001478470611040509, 'lr_reduce': 0.6}",TPESampler,COMPLETE
194,1.8654006719589233,2025-04-26 13:38:05.050711,2025-04-26 13:38:08.830801,0 days 00:00:03.780090,4,81,270,502.0,124.0,,3,70,0.05448697742158415,0.00016786982830902254,0.6,/work3/arnaou/checkpoints/megnet_Vc_trial_194_best_state.pt,"{'learning_rate': 0.00016786982830902254, 'lr_reduce': 0.6}",TPESampler,COMPLETE
195,1.8452470302581787,2025-04-26 13:38:09.010296,2025-04-26 13:38:12.138266,0 days 00:00:03.127970,1,91,334,508.0,129.0,,3,59,0.24427099419635015,0.0007482246208238012,0.6,/work3/arnaou/checkpoints/megnet_Vc_trial_195_best_state.pt,"{'learning_rate': 0.0007482246208238012, 'lr_reduce': 0.6}",TPESampler,COMPLETE
196,0.13486269116401672,2025-04-26 13:38:12.340410,2025-04-26 13:38:40.455642,0 days 00:00:28.115232,1,73,452,511.0,165.0,425.0,4,65,0.1782258155856902,0.0009873108367220065,0.6,/work3/arnaou/checkpoints/megnet_Vc_trial_196_best_state.pt,"{'learning_rate': 0.0009873108367220065, 'lr_reduce': 0.6}",TPESampler,COMPLETE
197,1.85457181930542,2025-04-26 13:38:23.799401,2025-04-26 13:38:27.343631,0 days 00:00:03.544230,2,46,384,510.0,133.0,382.0,4,79,0.22312421601897728,0.001069505011375293,0.6,/work3/arnaou/checkpoints/megnet_Vc_trial_197_best_state.pt,"{'learning_rate': 0.001069505011375293, 'lr_reduce': 0.6}",TPESampler,COMPLETE
198,1.8351266384124756,2025-04-26 13:38:27.512919,2025-04-26 13:38:31.103037,0 days 00:00:03.590118,4,115,85,,,,1,76,0.04589290357994047,0.00010183492146306532,0.6,/work3/arnaou/checkpoints/megnet_Vc_trial_198_best_state.pt,"{'learning_rate': 0.00010183492146306532, 'lr_reduce': 0.6}",TPESampler,COMPLETE
199,1.8182708024978638,2025-04-26 13:38:27.573008,2025-04-26 13:38:31.047468,0 days 00:00:03.474460,1,69,509,508.0,143.0,397.0,4,47,0.2457995961109515,0.0025776768279067814,0.6,/work3/arnaou/checkpoints/megnet_Vc_trial_199_best_state.pt,"{'learning_rate': 0.0025776768279067814, 'lr_reduce': 0.6}",TPESampler,COMPLETE
200,1.840836524963379,2025-04-26 13:38:31.181334,2025-04-26 13:38:34.706417,0 days 00:00:03.525083,1,40,500,470.0,203.0,,3,37,0.19868451181831912,0.0006575565705516323,0.6,/work3/arnaou/checkpoints/megnet_Vc_trial_200_best_state.pt,"{'learning_rate': 0.0006575565705516323, 'lr_reduce': 0.6}",TPESampler,COMPLETE
201,0.16470010578632355,2025-04-26 13:38:31.243242,2025-04-26 13:38:59.960446,0 days 00:00:28.717204,1,46,492,461.0,477.0,436.0,4,49,0.16585043204347258,0.0014251318243280262,0.6,/work3/arnaou/checkpoints/megnet_Vc_trial_201_best_state.pt,"{'learning_rate': 0.0014251318243280262, 'lr_reduce': 0.6}",TPESampler,COMPLETE
202,1.8545281887054443,2025-04-26 13:38:34.896527,2025-04-26 13:38:38.502225,0 days 00:00:03.605698,1,91,382,506.0,187.0,445.0,4,58,0.23611267585123616,0.0005966674973851531,0.6,/work3/arnaou/checkpoints/megnet_Vc_trial_202_best_state.pt,"{'learning_rate': 0.0005966674973851531, 'lr_reduce': 0.6}",TPESampler,COMPLETE
203,0.39322513341903687,2025-04-26 13:38:38.672354,2025-04-26 13:38:53.038261,0 days 00:00:14.365907,1,77,368,459.0,124.0,452.0,4,57,0.22112581166955877,0.001683626718246058,0.6,/work3/arnaou/checkpoints/megnet_Vc_trial_203_best_state.pt,"{'learning_rate': 0.001683626718246058, 'lr_reduce': 0.6}",TPESampler,COMPLETE
