number,value,datetime_start,datetime_complete,duration,params_depth,params_edge_hidden_dim,params_mlp_dim_00,params_mlp_dim_01,params_mlp_dim_02,params_mlp_dim_03,params_mlp_n_layers,params_node_hidden_dim,params_rep_dropout,params_train_learning_rate,params_train_lr_reduce,user_attrs_best_state_dict_path,user_attrs_training_params,system_attrs_auto:sampler,state
1560,1.8275558948516846,2025-04-26 15:43:24.353330,2025-04-26 15:43:27.880405,0 days 00:00:03.527075,2,82,499,66.0,374.0,322.0,4,78,0.22834966665684964,0.002406852039374385,0.6,/work3/arnaou/checkpoints/megnet_Vc_trial_1560_best_state.pt,"{'learning_rate': 0.002406852039374385, 'lr_reduce': 0.6}",TPESampler,COMPLETE
1561,0.25471580028533936,2025-04-26 15:43:27.716342,2025-04-26 15:44:01.272528,0 days 00:00:33.556186,1,85,442,134.0,390.0,404.0,4,74,0.23496923781395374,0.0011760930910392885,0.6,/work3/arnaou/checkpoints/megnet_Vc_trial_1561_best_state.pt,"{'learning_rate': 0.0011760930910392885, 'lr_reduce': 0.6}",TPESampler,COMPLETE
1562,0.36962664127349854,2025-04-26 15:43:28.213717,2025-04-26 15:43:48.895435,0 days 00:00:20.681718,1,70,503,123.0,365.0,403.0,4,79,0.21711420028670692,0.006643499552966341,0.6,/work3/arnaou/checkpoints/megnet_Vc_trial_1562_best_state.pt,"{'learning_rate': 0.006643499552966341, 'lr_reduce': 0.6}",TPESampler,COMPLETE
1563,1.4757243394851685,2025-04-26 15:43:29.498243,2025-04-26 15:43:39.631108,0 days 00:00:10.132865,4,79,416,137.0,418.0,407.0,4,86,0.2262964534261336,0.0006035342580831653,0.6,/work3/arnaou/checkpoints/megnet_Vc_trial_1563_best_state.pt,"{'learning_rate': 0.0006035342580831653, 'lr_reduce': 0.6}",TPESampler,COMPLETE
1564,0.4533488154411316,2025-04-26 15:43:39.872031,2025-04-26 15:44:05.167041,0 days 00:00:25.295010,2,82,82,97.0,279.0,,3,125,0.1543931222738827,0.0006887291211216322,0.6,/work3/arnaou/checkpoints/megnet_Vc_trial_1564_best_state.pt,"{'learning_rate': 0.0006887291211216322, 'lr_reduce': 0.6}",TPESampler,COMPLETE
1565,1.786415696144104,2025-04-26 15:43:49.130476,2025-04-26 15:43:53.951171,0 days 00:00:04.820695,3,82,455,135.0,337.0,,3,35,0.1278733820666697,0.009294812281575398,0.6,/work3/arnaou/checkpoints/megnet_Vc_trial_1565_best_state.pt,"{'learning_rate': 0.009294812281575398, 'lr_reduce': 0.6}",TPESampler,COMPLETE
1566,0.5923428535461426,2025-04-26 15:43:54.477607,2025-04-26 15:44:09.296097,0 days 00:00:14.818490,1,98,456,153.0,361.0,412.0,4,80,0.24774139855987823,0.0016686493852272157,0.6,/work3/arnaou/checkpoints/megnet_Vc_trial_1566_best_state.pt,"{'learning_rate': 0.0016686493852272157, 'lr_reduce': 0.6}",TPESampler,COMPLETE
1567,0.26416462659835815,2025-04-26 15:44:01.571503,2025-04-26 15:44:27.417378,0 days 00:00:25.845875,2,114,404,129.0,348.0,365.0,4,116,0.22402613838099036,0.0027162713682773883,0.6,/work3/arnaou/checkpoints/megnet_Vc_trial_1567_best_state.pt,"{'learning_rate': 0.0027162713682773883, 'lr_reduce': 0.6}",TPESampler,COMPLETE
1568,0.13054931163787842,2025-04-26 15:44:05.392271,2025-04-26 15:44:37.025928,0 days 00:00:31.633657,1,93,464,102.0,404.0,421.0,4,98,0.22174583321310823,0.0007883289058400062,0.6,/work3/arnaou/checkpoints/megnet_Vc_trial_1568_best_state.pt,"{'learning_rate': 0.0007883289058400062, 'lr_reduce': 0.6}",TPESampler,COMPLETE
1569,0.11934450268745422,2025-04-26 15:44:09.540220,2025-04-26 15:44:39.425655,0 days 00:00:29.885435,1,105,353,67.0,375.0,423.0,4,106,0.16842119811246606,0.0006236383586829023,0.6,/work3/arnaou/checkpoints/megnet_Vc_trial_1569_best_state.pt,"{'learning_rate': 0.0006236383586829023, 'lr_reduce': 0.6}",TPESampler,COMPLETE
1570,1.7851676940917969,2025-04-26 15:44:27.656470,2025-04-26 15:44:31.519714,0 days 00:00:03.863244,2,79,486,166.0,327.0,294.0,4,109,0.20863650283761864,0.003734571500755266,0.6,/work3/arnaou/checkpoints/megnet_Vc_trial_1570_best_state.pt,"{'learning_rate': 0.003734571500755266, 'lr_reduce': 0.6}",TPESampler,COMPLETE
1571,1.863427758216858,2025-04-26 15:44:31.745018,2025-04-26 15:44:36.303000,0 days 00:00:04.557982,1,110,422,109.0,332.0,429.0,4,56,0.24660786566219853,0.000321784766114174,0.6,/work3/arnaou/checkpoints/megnet_Vc_trial_1571_best_state.pt,"{'learning_rate': 0.000321784766114174, 'lr_reduce': 0.6}",TPESampler,COMPLETE
1572,0.6491237878799438,2025-04-26 15:44:36.557521,2025-04-26 15:44:53.525586,0 days 00:00:16.968065,2,110,449,160.0,303.0,366.0,4,94,0.24693486124761632,0.0011206308335604998,0.6,/work3/arnaou/checkpoints/megnet_Vc_trial_1572_best_state.pt,"{'learning_rate': 0.0011206308335604998, 'lr_reduce': 0.6}",TPESampler,COMPLETE
1573,0.22119253873825073,2025-04-26 15:44:37.230730,2025-04-26 15:45:08.880154,0 days 00:00:31.649424,1,58,432,97.0,363.0,411.0,4,120,0.24098657335610338,0.0006939123164225701,0.6,/work3/arnaou/checkpoints/megnet_Vc_trial_1573_best_state.pt,"{'learning_rate': 0.0006939123164225701, 'lr_reduce': 0.6}",TPESampler,COMPLETE
1574,0.22560882568359375,2025-04-26 15:44:39.737406,2025-04-26 15:45:04.192103,0 days 00:00:24.454697,1,83,449,77.0,373.0,372.0,4,81,0.20399058553325758,0.001590461444488937,0.6,/work3/arnaou/checkpoints/megnet_Vc_trial_1574_best_state.pt,"{'learning_rate': 0.001590461444488937, 'lr_reduce': 0.6}",TPESampler,COMPLETE
1575,0.541104793548584,2025-04-26 15:44:53.781229,2025-04-26 15:45:05.667740,0 days 00:00:11.886511,1,108,390,64.0,373.0,372.0,4,105,0.22848548471615196,0.0011061863202714206,0.6,/work3/arnaou/checkpoints/megnet_Vc_trial_1575_best_state.pt,"{'learning_rate': 0.0011061863202714206, 'lr_reduce': 0.6}",TPESampler,COMPLETE
1576,1.858048439025879,2025-04-26 15:45:04.444540,2025-04-26 15:45:08.599634,0 days 00:00:04.155094,1,112,355,65.0,429.0,397.0,4,111,0.17418590214417462,0.0002915182055746152,0.6,/work3/arnaou/checkpoints/megnet_Vc_trial_1576_best_state.pt,"{'learning_rate': 0.0002915182055746152, 'lr_reduce': 0.6}",TPESampler,COMPLETE
1577,0.5834532976150513,2025-04-26 15:45:06.008976,2025-04-26 15:45:17.889316,0 days 00:00:11.880340,1,108,273,66.0,372.0,395.0,4,100,0.2022929569182167,0.000694522609890757,0.6,/work3/arnaou/checkpoints/megnet_Vc_trial_1577_best_state.pt,"{'learning_rate': 0.000694522609890757, 'lr_reduce': 0.6}",TPESampler,COMPLETE
1578,0.23482808470726013,2025-04-26 15:45:08.830941,2025-04-26 15:45:35.541082,0 days 00:00:26.710141,1,108,475,68.0,375.0,330.0,4,94,0.2487903369626859,0.0004471484620944468,0.6,/work3/arnaou/checkpoints/megnet_Vc_trial_1578_best_state.pt,"{'learning_rate': 0.0004471484620944468, 'lr_reduce': 0.6}",TPESampler,COMPLETE
1579,1.8212732076644897,2025-04-26 15:45:09.115300,2025-04-26 15:45:15.451253,0 days 00:00:06.335953,4,56,83,86.0,431.0,,3,88,0.1935718133528083,0.006564725874377673,0.6,/work3/arnaou/checkpoints/megnet_Vc_trial_1579_best_state.pt,"{'learning_rate': 0.006564725874377673, 'lr_reduce': 0.6}",TPESampler,COMPLETE
1580,0.274394154548645,2025-04-26 15:45:15.681591,2025-04-26 15:45:35.460478,0 days 00:00:19.778887,1,109,352,72.0,392.0,423.0,4,117,0.16213292325312262,0.0009504944512838395,0.6,/work3/arnaou/checkpoints/megnet_Vc_trial_1580_best_state.pt,"{'learning_rate': 0.0009504944512838395, 'lr_reduce': 0.6}",TPESampler,COMPLETE
1581,0.18989057838916779,2025-04-26 15:45:18.109452,2025-04-26 15:45:37.737144,0 days 00:00:19.627692,1,107,277,66.0,336.0,413.0,4,103,0.15238474333562793,0.0006445260823474486,0.6,/work3/arnaou/checkpoints/megnet_Vc_trial_1581_best_state.pt,"{'learning_rate': 0.0006445260823474486, 'lr_reduce': 0.6}",TPESampler,COMPLETE
1582,0.28259745240211487,2025-04-26 15:45:35.641095,2025-04-26 15:46:07.219079,0 days 00:00:31.577984,2,82,386,105.0,430.0,,3,85,0.19855622131109835,0.0013560999308123802,0.6,/work3/arnaou/checkpoints/megnet_Vc_trial_1582_best_state.pt,"{'learning_rate': 0.0013560999308123802, 'lr_reduce': 0.6}",TPESampler,COMPLETE
1583,0.16209614276885986,2025-04-26 15:45:35.752811,2025-04-26 15:46:01.204421,0 days 00:00:25.451610,1,92,449,65.0,389.0,431.0,4,89,0.24793745363058553,0.0010596880383146646,0.6,/work3/arnaou/checkpoints/megnet_Vc_trial_1583_best_state.pt,"{'learning_rate': 0.0010596880383146646, 'lr_reduce': 0.6}",TPESampler,COMPLETE
1584,0.3936890959739685,2025-04-26 15:45:37.988433,2025-04-26 15:46:08.240490,0 days 00:00:30.252057,1,98,297,103.0,368.0,411.0,4,128,0.17018332901671396,0.0005388478554681239,0.6,/work3/arnaou/checkpoints/megnet_Vc_trial_1584_best_state.pt,"{'learning_rate': 0.0005388478554681239, 'lr_reduce': 0.6}",TPESampler,COMPLETE
1585,1.8630014657974243,2025-04-26 15:46:01.464130,2025-04-26 15:46:05.068957,0 days 00:00:03.604827,1,86,344,67.0,349.0,372.0,4,106,0.18915341830253232,0.0003492782059629748,0.6,/work3/arnaou/checkpoints/megnet_Vc_trial_1585_best_state.pt,"{'learning_rate': 0.0003492782059629748, 'lr_reduce': 0.6}",TPESampler,COMPLETE
1586,1.8655996322631836,2025-04-26 15:46:05.297974,2025-04-26 15:46:09.678560,0 days 00:00:04.380586,2,102,357,104.0,418.0,422.0,4,98,0.15950989065288593,0.0002721378896754289,0.6,/work3/arnaou/checkpoints/megnet_Vc_trial_1586_best_state.pt,"{'learning_rate': 0.0002721378896754289, 'lr_reduce': 0.6}",TPESampler,COMPLETE
1587,0.4141755700111389,2025-04-26 15:46:07.470199,2025-04-26 15:46:21.886705,0 days 00:00:14.416506,1,115,404,95.0,364.0,,3,127,0.09608822092136786,0.0004196526928975905,0.6,/work3/arnaou/checkpoints/megnet_Vc_trial_1587_best_state.pt,"{'learning_rate': 0.0004196526928975905, 'lr_reduce': 0.6}",TPESampler,COMPLETE
1588,0.20118878781795502,2025-04-26 15:46:08.516163,2025-04-26 15:46:37.870510,0 days 00:00:29.354347,1,86,453,70.0,380.0,430.0,4,85,0.22320351623637646,0.0008019227636678133,0.6,/work3/arnaou/checkpoints/megnet_Vc_trial_1588_best_state.pt,"{'learning_rate': 0.0008019227636678133, 'lr_reduce': 0.6}",TPESampler,COMPLETE
1589,0.27785220742225647,2025-04-26 15:46:09.934968,2025-04-26 15:46:25.123467,0 days 00:00:15.188499,1,79,443,104.0,342.0,431.0,4,124,0.14100420098984806,0.000678226073895452,0.6,/work3/arnaou/checkpoints/megnet_Vc_trial_1589_best_state.pt,"{'learning_rate': 0.000678226073895452, 'lr_reduce': 0.6}",TPESampler,COMPLETE
1590,0.4482274055480957,2025-04-26 15:46:22.117995,2025-04-26 15:46:58.323113,0 days 00:00:36.205118,1,96,381,64.0,310.0,,3,116,0.1578337487828228,0.0008174990082422927,0.6,/work3/arnaou/checkpoints/megnet_Vc_trial_1590_best_state.pt,"{'learning_rate': 0.0008174990082422927, 'lr_reduce': 0.6}",TPESampler,COMPLETE
1591,0.5427435636520386,2025-04-26 15:46:25.365568,2025-04-26 15:46:52.602552,0 days 00:00:27.236984,1,120,402,120.0,389.0,354.0,4,92,0.15472490411738404,0.0006260828820965508,0.6,/work3/arnaou/checkpoints/megnet_Vc_trial_1591_best_state.pt,"{'learning_rate': 0.0006260828820965508, 'lr_reduce': 0.6}",TPESampler,COMPLETE
1592,0.5152280926704407,2025-04-26 15:46:38.151667,2025-04-26 15:46:52.016019,0 days 00:00:13.864352,1,103,507,66.0,315.0,432.0,4,79,0.22855136239851054,0.0010336199142817017,0.6,/work3/arnaou/checkpoints/megnet_Vc_trial_1592_best_state.pt,"{'learning_rate': 0.0010336199142817017, 'lr_reduce': 0.6}",TPESampler,COMPLETE
1593,1.5348222255706787,2025-04-26 15:46:52.264468,2025-04-26 15:47:01.172035,0 days 00:00:08.907567,2,99,400,183.0,303.0,,3,83,0.2498354352954864,0.00045547371383945854,0.6,/work3/arnaou/checkpoints/megnet_Vc_trial_1593_best_state.pt,"{'learning_rate': 0.00045547371383945854, 'lr_reduce': 0.6}",TPESampler,COMPLETE
1594,0.3145514726638794,2025-04-26 15:46:52.899342,2025-04-26 15:47:27.671659,0 days 00:00:34.772317,1,102,458,109.0,397.0,,3,91,0.21642483103245136,0.0005854237734735887,0.6,/work3/arnaou/checkpoints/megnet_Vc_trial_1594_best_state.pt,"{'learning_rate': 0.0005854237734735887, 'lr_reduce': 0.6}",TPESampler,COMPLETE
1595,0.1040656566619873,2025-04-26 15:46:58.583220,2025-04-26 15:47:32.400857,0 days 00:00:33.817637,1,84,485,138.0,357.0,390.0,4,81,0.24582607515911586,0.000916642603930988,0.6,/work3/arnaou/checkpoints/megnet_Vc_trial_1595_best_state.pt,"{'learning_rate': 0.000916642603930988, 'lr_reduce': 0.6}",TPESampler,COMPLETE
1596,1.4654678106307983,2025-04-26 15:47:01.402315,2025-04-26 15:47:12.488077,0 days 00:00:11.085762,4,123,152,118.0,322.0,436.0,4,48,0.12577879031602396,0.000937330390999861,0.6,/work3/arnaou/checkpoints/megnet_Vc_trial_1596_best_state.pt,"{'learning_rate': 0.000937330390999861, 'lr_reduce': 0.6}",TPESampler,COMPLETE
1597,0.2620684504508972,2025-04-26 15:47:12.829567,2025-04-26 15:47:45.283770,0 days 00:00:32.454203,2,115,248,185.0,324.0,215.0,4,110,0.16694293809415592,0.000783149541863104,0.6,/work3/arnaou/checkpoints/megnet_Vc_trial_1597_best_state.pt,"{'learning_rate': 0.000783149541863104, 'lr_reduce': 0.6}",TPESampler,COMPLETE
1598,0.3950043320655823,2025-04-26 15:47:27.895005,2025-04-26 15:47:56.021058,0 days 00:00:28.126053,1,115,365,150.0,414.0,437.0,4,98,0.16561453815410937,0.000487077151093057,0.6,/work3/arnaou/checkpoints/megnet_Vc_trial_1598_best_state.pt,"{'learning_rate': 0.000487077151093057, 'lr_reduce': 0.6}",TPESampler,COMPLETE
1599,0.16699424386024475,2025-04-26 15:47:32.645594,2025-04-26 15:48:00.713348,0 days 00:00:28.067754,1,90,379,143.0,401.0,372.0,4,109,0.19858839641237666,0.0006580560958079705,0.6,/work3/arnaou/checkpoints/megnet_Vc_trial_1599_best_state.pt,"{'learning_rate': 0.0006580560958079705, 'lr_reduce': 0.6}",TPESampler,COMPLETE
1600,0.2204183042049408,2025-04-26 15:47:45.625124,2025-04-26 15:48:09.652752,0 days 00:00:24.027628,1,83,477,155.0,359.0,345.0,4,90,0.20590349362929578,0.0007689482623959053,0.6,/work3/arnaou/checkpoints/megnet_Vc_trial_1600_best_state.pt,"{'learning_rate': 0.0007689482623959053, 'lr_reduce': 0.6}",TPESampler,COMPLETE
1601,0.22504200041294098,2025-04-26 15:47:56.261204,2025-04-26 15:48:28.350515,0 days 00:00:32.089311,2,93,462,122.0,355.0,,3,92,0.23259002182005092,0.0021169141838629224,0.6,/work3/arnaou/checkpoints/megnet_Vc_trial_1601_best_state.pt,"{'learning_rate': 0.0021169141838629224, 'lr_reduce': 0.6}",TPESampler,COMPLETE
1602,0.13539278507232666,2025-04-26 15:48:00.951875,2025-04-26 15:48:31.243273,0 days 00:00:30.291398,1,78,507,152.0,364.0,314.0,4,84,0.19695848029780916,0.0012503144683384305,0.6,/work3/arnaou/checkpoints/megnet_Vc_trial_1602_best_state.pt,"{'learning_rate': 0.0012503144683384305, 'lr_reduce': 0.6}",TPESampler,COMPLETE
1603,0.2820011377334595,2025-04-26 15:48:09.909504,2025-04-26 15:48:42.020992,0 days 00:00:32.111488,2,95,411,116.0,390.0,383.0,4,108,0.18766251593154318,0.0005123705156505847,0.6,/work3/arnaou/checkpoints/megnet_Vc_trial_1603_best_state.pt,"{'learning_rate': 0.0005123705156505847, 'lr_reduce': 0.6}",TPESampler,COMPLETE
1604,1.8330512046813965,2025-04-26 15:48:28.588233,2025-04-26 15:48:32.818364,0 days 00:00:04.230131,2,62,322,167.0,358.0,382.0,4,123,0.1672684834125115,0.0017577188701315275,0.6,/work3/arnaou/checkpoints/megnet_Vc_trial_1604_best_state.pt,"{'learning_rate': 0.0017577188701315275, 'lr_reduce': 0.6}",TPESampler,COMPLETE
1605,0.2229759395122528,2025-04-26 15:48:31.471565,2025-04-26 15:49:05.084409,0 days 00:00:33.612844,1,72,485,111.0,383.0,333.0,4,86,0.2464951087426972,0.0006438329833771349,0.6,/work3/arnaou/checkpoints/megnet_Vc_trial_1605_best_state.pt,"{'learning_rate': 0.0006438329833771349, 'lr_reduce': 0.6}",TPESampler,COMPLETE
1606,0.440423846244812,2025-04-26 15:48:33.067664,2025-04-26 15:49:04.202080,0 days 00:00:31.134416,1,85,294,190.0,467.0,382.0,4,107,0.1537781003763308,0.000855298233054807,0.6,/work3/arnaou/checkpoints/megnet_Vc_trial_1606_best_state.pt,"{'learning_rate': 0.000855298233054807, 'lr_reduce': 0.6}",TPESampler,COMPLETE
1607,1.8535029888153076,2025-04-26 15:48:42.285650,2025-04-26 15:48:46.084432,0 days 00:00:03.798782,1,93,459,144.0,351.0,362.0,4,92,0.15573834549258478,0.00047869987753918907,0.6,/work3/arnaou/checkpoints/megnet_Vc_trial_1607_best_state.pt,"{'learning_rate': 0.00047869987753918907, 'lr_reduce': 0.6}",TPESampler,COMPLETE
1608,1.8246479034423828,2025-04-26 15:48:46.332740,2025-04-26 15:48:50.400639,0 days 00:00:04.067899,4,44,87,101.0,,,2,126,0.04058967297720498,0.0009258904199403291,0.6,/work3/arnaou/checkpoints/megnet_Vc_trial_1608_best_state.pt,"{'learning_rate': 0.0009258904199403291, 'lr_reduce': 0.6}",TPESampler,COMPLETE
1609,0.35760512948036194,2025-04-26 15:48:50.712529,2025-04-26 15:49:11.466634,0 days 00:00:20.754105,1,108,364,143.0,341.0,386.0,4,101,0.18813598335559856,0.0019321794500047537,0.6,/work3/arnaou/checkpoints/megnet_Vc_trial_1609_best_state.pt,"{'learning_rate': 0.0019321794500047537, 'lr_reduce': 0.6}",TPESampler,COMPLETE
1610,1.8619632720947266,2025-04-26 15:49:04.468159,2025-04-26 15:49:09.416407,0 days 00:00:04.948248,1,90,368,105.0,396.0,380.0,4,123,0.09986068363962534,0.00019912259504121973,0.6,/work3/arnaou/checkpoints/megnet_Vc_trial_1610_best_state.pt,"{'learning_rate': 0.00019912259504121973, 'lr_reduce': 0.6}",TPESampler,COMPLETE
1611,1.3392280340194702,2025-04-26 15:49:05.366404,2025-04-26 15:49:13.246767,0 days 00:00:07.880363,2,84,439,192.0,336.0,401.0,4,100,0.2456762969690479,0.0011768780730317789,0.6,/work3/arnaou/checkpoints/megnet_Vc_trial_1611_best_state.pt,"{'learning_rate': 0.0011768780730317789, 'lr_reduce': 0.6}",TPESampler,COMPLETE
1612,0.3018438518047333,2025-04-26 15:49:09.656785,2025-04-26 15:49:27.225125,0 days 00:00:17.568340,1,98,357,149.0,319.0,354.0,4,91,0.22827099559389463,0.0006740428779456715,0.6,/work3/arnaou/checkpoints/megnet_Vc_trial_1612_best_state.pt,"{'learning_rate': 0.0006740428779456715, 'lr_reduce': 0.6}",TPESampler,COMPLETE
1613,1.4721790552139282,2025-04-26 15:49:11.734685,2025-04-26 15:49:21.848506,0 days 00:00:10.113821,2,44,409,102.0,344.0,416.0,4,102,0.12680869599399644,0.0007708980482160338,0.6,/work3/arnaou/checkpoints/megnet_Vc_trial_1613_best_state.pt,"{'learning_rate': 0.0007708980482160338, 'lr_reduce': 0.6}",TPESampler,COMPLETE
1614,1.8671807050704956,2025-04-26 15:49:13.462856,2025-04-26 15:49:18.521293,0 days 00:00:05.058437,3,123,144,208.0,401.0,400.0,4,100,0.2206737141984429,0.0001954649511640635,0.6,/work3/arnaou/checkpoints/megnet_Vc_trial_1614_best_state.pt,"{'learning_rate': 0.0001954649511640635, 'lr_reduce': 0.6}",TPESampler,COMPLETE
1615,1.854328989982605,2025-04-26 15:49:18.761807,2025-04-26 15:49:22.511613,0 days 00:00:03.749806,1,99,446,138.0,310.0,399.0,4,78,0.24717045699554335,0.0005455831202224749,0.6,/work3/arnaou/checkpoints/megnet_Vc_trial_1615_best_state.pt,"{'learning_rate': 0.0005455831202224749, 'lr_reduce': 0.6}",TPESampler,COMPLETE
1616,0.38575923442840576,2025-04-26 15:49:22.068736,2025-04-26 15:49:36.314628,0 days 00:00:14.245892,1,63,408,175.0,354.0,356.0,4,84,0.21962400971587612,0.0015759016951988377,0.6,/work3/arnaou/checkpoints/megnet_Vc_trial_1616_best_state.pt,"{'learning_rate': 0.0015759016951988377, 'lr_reduce': 0.6}",TPESampler,COMPLETE
1617,0.14500753581523895,2025-04-26 15:49:22.780119,2025-04-26 15:49:43.789697,0 days 00:00:21.009578,1,87,464,106.0,317.0,,3,87,0.22973602875235383,0.0009216560979113026,0.6,/work3/arnaou/checkpoints/megnet_Vc_trial_1617_best_state.pt,"{'learning_rate': 0.0009216560979113026, 'lr_reduce': 0.6}",TPESampler,COMPLETE
1618,0.456739217042923,2025-04-26 15:49:27.491794,2025-04-26 15:49:40.008285,0 days 00:00:12.516491,1,83,492,145.0,296.0,409.0,4,99,0.1944233287591754,0.0016066313575918397,0.6,/work3/arnaou/checkpoints/megnet_Vc_trial_1618_best_state.pt,"{'learning_rate': 0.0016066313575918397, 'lr_reduce': 0.6}",TPESampler,COMPLETE
1619,1.6699780225753784,2025-04-26 15:49:36.527784,2025-04-26 15:49:44.515552,0 days 00:00:07.987768,4,51,316,105.0,374.0,,3,100,0.2428386041261013,0.0020315238728837014,0.6,/work3/arnaou/checkpoints/megnet_Vc_trial_1619_best_state.pt,"{'learning_rate': 0.0020315238728837014, 'lr_reduce': 0.6}",TPESampler,COMPLETE
1620,0.30998313426971436,2025-04-26 15:49:40.260388,2025-04-26 15:49:59.882494,0 days 00:00:19.622106,1,82,497,65.0,448.0,,3,78,0.24940320952302086,0.0007472523022301037,0.6,/work3/arnaou/checkpoints/megnet_Vc_trial_1620_best_state.pt,"{'learning_rate': 0.0007472523022301037, 'lr_reduce': 0.6}",TPESampler,COMPLETE
1621,0.33345383405685425,2025-04-26 15:49:44.170620,2025-04-26 15:50:01.564310,0 days 00:00:17.393690,1,99,468,171.0,344.0,308.0,4,115,0.1522726761832475,0.000290752223291296,0.6,/work3/arnaou/checkpoints/megnet_Vc_trial_1621_best_state.pt,"{'learning_rate': 0.000290752223291296, 'lr_reduce': 0.6}",TPESampler,COMPLETE
1622,1.8198686838150024,2025-04-26 15:49:44.769083,2025-04-26 15:49:48.810101,0 days 00:00:04.041018,3,59,240,212.0,,,2,46,0.11419333889458375,0.004709273018691278,0.6,/work3/arnaou/checkpoints/megnet_Vc_trial_1622_best_state.pt,"{'learning_rate': 0.004709273018691278, 'lr_reduce': 0.6}",TPESampler,COMPLETE
1623,0.15565906465053558,2025-04-26 15:49:49.055060,2025-04-26 15:50:25.676887,0 days 00:00:36.621827,2,79,435,64.0,291.0,406.0,4,74,0.1866229686581799,0.0012329694058478158,0.6,/work3/arnaou/checkpoints/megnet_Vc_trial_1623_best_state.pt,"{'learning_rate': 0.0012329694058478158, 'lr_reduce': 0.6}",TPESampler,COMPLETE
1624,0.6501662135124207,2025-04-26 15:50:00.152718,2025-04-26 15:50:10.934299,0 days 00:00:10.781581,1,75,477,125.0,402.0,436.0,4,92,0.22660572925281178,0.0016227507279709924,0.6,/work3/arnaou/checkpoints/megnet_Vc_trial_1624_best_state.pt,"{'learning_rate': 0.0016227507279709924, 'lr_reduce': 0.6}",TPESampler,COMPLETE
1625,0.3146856427192688,2025-04-26 15:50:01.845541,2025-04-26 15:50:25.002490,0 days 00:00:23.156949,1,36,254,162.0,310.0,,3,104,0.1680081395471416,0.00811542923003787,0.6,/work3/arnaou/checkpoints/megnet_Vc_trial_1625_best_state.pt,"{'learning_rate': 0.00811542923003787, 'lr_reduce': 0.6}",TPESampler,COMPLETE
1626,0.48384493589401245,2025-04-26 15:50:11.190487,2025-04-26 15:50:26.137710,0 days 00:00:14.947223,1,92,445,243.0,291.0,,3,112,0.24474178220127155,0.001328360951280685,0.6,/work3/arnaou/checkpoints/megnet_Vc_trial_1626_best_state.pt,"{'learning_rate': 0.001328360951280685, 'lr_reduce': 0.6}",TPESampler,COMPLETE
