number,value,datetime_start,datetime_complete,duration,params_depth,params_edge_hidden_dim,params_mlp_dim_00,params_mlp_dim_01,params_mlp_dim_02,params_mlp_dim_03,params_mlp_n_layers,params_node_hidden_dim,params_rep_dropout,params_train_learning_rate,params_train_lr_reduce,user_attrs_best_state_dict_path,user_attrs_training_params,system_attrs_auto:sampler,state
1627,0.32915785908699036,2025-04-26 15:50:25.261408,2025-04-26 15:50:45.345506,0 days 00:00:20.084098,1,67,499,113.0,350.0,429.0,4,91,0.23157376441182975,0.0011454416547234713,0.6,/work3/arnaou/checkpoints/megnet_Vc_trial_1627_best_state.pt,"{'learning_rate': 0.0011454416547234713, 'lr_reduce': 0.6}",TPESampler,COMPLETE
1628,0.4840657114982605,2025-04-26 15:50:25.894959,2025-04-26 15:50:53.629447,0 days 00:00:27.734488,1,70,399,188.0,331.0,,3,78,0.12375715235422587,0.0009317528160173453,0.6,/work3/arnaou/checkpoints/megnet_Vc_trial_1628_best_state.pt,"{'learning_rate': 0.0009317528160173453, 'lr_reduce': 0.6}",TPESampler,COMPLETE
1629,0.29916825890541077,2025-04-26 15:50:26.446945,2025-04-26 15:51:15.720966,0 days 00:00:49.274021,1,74,475,136.0,283.0,,3,94,0.22245607862714975,0.0012677541272844977,0.6,/work3/arnaou/checkpoints/megnet_Vc_trial_1629_best_state.pt,"{'learning_rate': 0.0012677541272844977, 'lr_reduce': 0.6}",TPESampler,COMPLETE
1630,1.8033943176269531,2025-04-26 15:50:46.436347,2025-04-26 15:50:54.142400,0 days 00:00:07.706053,2,81,488,278.0,380.0,,3,74,0.23846328126781371,0.0017720638402570824,0.6,/work3/arnaou/checkpoints/megnet_Vc_trial_1630_best_state.pt,"{'learning_rate': 0.0017720638402570824, 'lr_reduce': 0.6}",TPESampler,COMPLETE
1631,0.12879851460456848,2025-04-26 15:50:53.872777,2025-04-26 15:51:37.814359,0 days 00:00:43.941582,1,100,426,101.0,289.0,344.0,4,103,0.20941004142017292,0.0017907666932413199,0.6,/work3/arnaou/checkpoints/megnet_Vc_trial_1631_best_state.pt,"{'learning_rate': 0.0017907666932413199, 'lr_reduce': 0.6}",TPESampler,COMPLETE
1632,0.26780638098716736,2025-04-26 15:50:54.418418,2025-04-26 15:51:25.912736,0 days 00:00:31.494318,1,99,502,65.0,333.0,390.0,4,83,0.24849528885588115,0.001457017038384042,0.6,/work3/arnaou/checkpoints/megnet_Vc_trial_1632_best_state.pt,"{'learning_rate': 0.001457017038384042, 'lr_reduce': 0.6}",TPESampler,COMPLETE
1633,0.28410694003105164,2025-04-26 15:51:15.992268,2025-04-26 15:51:44.966565,0 days 00:00:28.974297,1,109,467,155.0,277.0,,3,118,0.18970289105175414,0.0004712847348821136,0.6,/work3/arnaou/checkpoints/megnet_Vc_trial_1633_best_state.pt,"{'learning_rate': 0.0004712847348821136, 'lr_reduce': 0.6}",TPESampler,COMPLETE
1634,1.8591060638427734,2025-04-26 15:51:26.120329,2025-04-26 15:51:32.805826,0 days 00:00:06.685497,2,111,352,132.0,344.0,428.0,4,107,0.20853780024709434,0.00034150542673585377,0.6,/work3/arnaou/checkpoints/megnet_Vc_trial_1634_best_state.pt,"{'learning_rate': 0.00034150542673585377, 'lr_reduce': 0.6}",TPESampler,COMPLETE
1635,1.3284528255462646,2025-04-26 15:51:33.032516,2025-04-26 15:52:24.225017,0 days 00:00:51.192501,2,117,258,228.0,285.0,431.0,4,60,0.0005216840263142508,0.0006866292805969848,0.6,/work3/arnaou/checkpoints/megnet_Vc_trial_1635_best_state.pt,"{'learning_rate': 0.0006866292805969848, 'lr_reduce': 0.6}",TPESampler,COMPLETE
1636,1.8573706150054932,2025-04-26 15:51:38.035487,2025-04-26 15:51:41.842632,0 days 00:00:03.807145,1,101,347,103.0,427.0,,3,106,0.1773754379188394,0.00030032229492708173,0.6,/work3/arnaou/checkpoints/megnet_Vc_trial_1636_best_state.pt,"{'learning_rate': 0.00030032229492708173, 'lr_reduce': 0.6}",TPESampler,COMPLETE
1637,0.3812844455242157,2025-04-26 15:51:42.060273,2025-04-26 15:51:59.490212,0 days 00:00:17.429939,1,98,325,181.0,375.0,380.0,4,88,0.1466469848315144,0.0006451399780401436,0.6,/work3/arnaou/checkpoints/megnet_Vc_trial_1637_best_state.pt,"{'learning_rate': 0.0006451399780401436, 'lr_reduce': 0.6}",TPESampler,COMPLETE
1638,0.17255549132823944,2025-04-26 15:51:45.206500,2025-04-26 15:52:32.625784,0 days 00:00:47.419284,2,61,498,144.0,300.0,435.0,4,83,0.20886851031918582,0.002101009855219556,0.6,/work3/arnaou/checkpoints/megnet_Vc_trial_1638_best_state.pt,"{'learning_rate': 0.002101009855219556, 'lr_reduce': 0.6}",TPESampler,COMPLETE
1639,1.7826045751571655,2025-04-26 15:51:59.728935,2025-04-26 15:52:05.779051,0 days 00:00:06.050116,3,120,313,273.0,316.0,439.0,4,122,0.10499844954980896,0.003866098333268775,0.6,/work3/arnaou/checkpoints/megnet_Vc_trial_1639_best_state.pt,"{'learning_rate': 0.003866098333268775, 'lr_reduce': 0.6}",TPESampler,COMPLETE
1640,1.8466852903366089,2025-04-26 15:52:06.023928,2025-04-26 15:52:13.208225,0 days 00:00:07.184297,4,83,470,104.0,,,2,90,0.15533268331804692,0.00013532199081703648,0.6,/work3/arnaou/checkpoints/megnet_Vc_trial_1640_best_state.pt,"{'learning_rate': 0.00013532199081703648, 'lr_reduce': 0.6}",TPESampler,COMPLETE
1641,0.17066650092601776,2025-04-26 15:52:13.509071,2025-04-26 15:53:00.296369,0 days 00:00:46.787298,1,78,488,187.0,274.0,,3,101,0.2445691602450017,0.00021256558875569164,0.6,/work3/arnaou/checkpoints/megnet_Vc_trial_1641_best_state.pt,"{'learning_rate': 0.00021256558875569164, 'lr_reduce': 0.6}",TPESampler,COMPLETE
1642,0.17547428607940674,2025-04-26 15:52:24.485399,2025-04-26 15:53:06.982587,0 days 00:00:42.497188,1,80,465,103.0,335.0,440.0,4,88,0.19948662254101726,0.00038611922751873224,0.6,/work3/arnaou/checkpoints/megnet_Vc_trial_1642_best_state.pt,"{'learning_rate': 0.00038611922751873224, 'lr_reduce': 0.6}",TPESampler,COMPLETE
1643,1.4746381044387817,2025-04-26 15:52:33.088158,2025-04-26 15:52:43.757275,0 days 00:00:10.669117,3,92,66,206.0,378.0,,3,68,0.1282413396633744,0.0007523927486064453,0.6,/work3/arnaou/checkpoints/megnet_Vc_trial_1643_best_state.pt,"{'learning_rate': 0.0007523927486064453, 'lr_reduce': 0.6}",TPESampler,COMPLETE
1644,0.3996068239212036,2025-04-26 15:52:44.035349,2025-04-26 15:53:05.389510,0 days 00:00:21.354161,1,83,512,160.0,265.0,399.0,4,85,0.23642578484854315,0.0012641643130406062,0.6,/work3/arnaou/checkpoints/megnet_Vc_trial_1644_best_state.pt,"{'learning_rate': 0.0012641643130406062, 'lr_reduce': 0.6}",TPESampler,COMPLETE
1645,0.23294538259506226,2025-04-26 15:53:00.525621,2025-04-26 15:53:34.914106,0 days 00:00:34.388485,1,95,404,67.0,334.0,109.0,4,73,0.19338171644055108,0.001022183307592696,0.6,/work3/arnaou/checkpoints/megnet_Vc_trial_1645_best_state.pt,"{'learning_rate': 0.001022183307592696, 'lr_reduce': 0.6}",TPESampler,COMPLETE
1646,0.5292105078697205,2025-04-26 15:53:05.620755,2025-04-26 15:53:34.344094,0 days 00:00:28.723339,1,61,481,64.0,273.0,,3,69,0.23293561933540038,0.0012823142249297694,0.6,/work3/arnaou/checkpoints/megnet_Vc_trial_1646_best_state.pt,"{'learning_rate': 0.0012823142249297694, 'lr_reduce': 0.6}",TPESampler,COMPLETE
1647,1.5638521909713745,2025-04-26 15:53:07.317656,2025-04-26 15:53:18.802028,0 days 00:00:11.484372,2,92,506,116.0,413.0,336.0,4,91,0.2279941464794806,0.0008384215843765426,0.6,/work3/arnaou/checkpoints/megnet_Vc_trial_1647_best_state.pt,"{'learning_rate': 0.0008384215843765426, 'lr_reduce': 0.6}",TPESampler,COMPLETE
1648,0.125896617770195,2025-04-26 15:53:19.031671,2025-04-26 15:54:04.950078,0 days 00:00:45.918407,1,76,414,134.0,350.0,442.0,4,79,0.24679540080169388,0.0006815952004465155,0.6,/work3/arnaou/checkpoints/megnet_Vc_trial_1648_best_state.pt,"{'learning_rate': 0.0006815952004465155, 'lr_reduce': 0.6}",TPESampler,COMPLETE
1649,1.8444656133651733,2025-04-26 15:53:34.587701,2025-04-26 15:53:43.762959,0 days 00:00:09.175258,1,67,504,233.0,312.0,387.0,4,43,0.23160203529784706,0.002464554056161284,0.6,/work3/arnaou/checkpoints/megnet_Vc_trial_1649_best_state.pt,"{'learning_rate': 0.002464554056161284, 'lr_reduce': 0.6}",TPESampler,COMPLETE
1650,1.7863318920135498,2025-04-26 15:53:35.900222,2025-04-26 15:53:45.293607,0 days 00:00:09.393385,1,99,512,286.0,264.0,,3,95,0.21424379515641767,0.001763609827847711,0.6,/work3/arnaou/checkpoints/megnet_Vc_trial_1650_best_state.pt,"{'learning_rate': 0.001763609827847711, 'lr_reduce': 0.6}",TPESampler,COMPLETE
1651,0.24530325829982758,2025-04-26 15:53:44.578498,2025-04-26 15:54:07.201968,0 days 00:00:22.623470,1,64,491,158.0,366.0,442.0,4,68,0.22619362751456415,0.0022585120022639194,0.6,/work3/arnaou/checkpoints/megnet_Vc_trial_1651_best_state.pt,"{'learning_rate': 0.0022585120022639194, 'lr_reduce': 0.6}",TPESampler,COMPLETE
1652,0.1393180936574936,2025-04-26 15:53:45.817699,2025-04-26 15:54:20.485734,0 days 00:00:34.668035,1,81,498,134.0,305.0,441.0,4,79,0.2449161199128729,0.001411903325605986,0.6,/work3/arnaou/checkpoints/megnet_Vc_trial_1652_best_state.pt,"{'learning_rate': 0.001411903325605986, 'lr_reduce': 0.6}",TPESampler,COMPLETE
1653,0.2748315632343292,2025-04-26 15:54:05.188912,2025-04-26 15:54:40.387163,0 days 00:00:35.198251,2,108,336,201.0,264.0,247.0,4,113,0.09593538916525972,0.00037804295726604864,0.6,/work3/arnaou/checkpoints/megnet_Vc_trial_1653_best_state.pt,"{'learning_rate': 0.00037804295726604864, 'lr_reduce': 0.6}",TPESampler,COMPLETE
1654,1.7954506874084473,2025-04-26 15:54:07.427534,2025-04-26 15:54:11.896879,0 days 00:00:04.469345,3,64,367,,,,1,128,0.056629456366274006,0.0006753654526195053,0.6,/work3/arnaou/checkpoints/megnet_Vc_trial_1654_best_state.pt,"{'learning_rate': 0.0006753654526195053, 'lr_reduce': 0.6}",TPESampler,COMPLETE
1655,0.25510069727897644,2025-04-26 15:54:12.127074,2025-04-26 15:54:44.026847,0 days 00:00:31.899773,1,110,315,106.0,310.0,,3,112,0.18876262186877033,0.0010366649641480208,0.6,/work3/arnaou/checkpoints/megnet_Vc_trial_1655_best_state.pt,"{'learning_rate': 0.0010366649641480208, 'lr_reduce': 0.6}",TPESampler,COMPLETE
1656,0.2139841765165329,2025-04-26 15:54:20.694936,2025-04-26 15:54:49.023675,0 days 00:00:28.328739,1,58,361,64.0,394.0,442.0,4,75,0.17801673555466344,0.0006359500752694351,0.6,/work3/arnaou/checkpoints/megnet_Vc_trial_1656_best_state.pt,"{'learning_rate': 0.0006359500752694351, 'lr_reduce': 0.6}",TPESampler,COMPLETE
1657,1.8565397262573242,2025-04-26 15:54:40.780860,2025-04-26 15:54:44.669257,0 days 00:00:03.888397,2,93,195,170.0,334.0,,3,58,0.20288429611156777,0.0004679736541427115,0.6,/work3/arnaou/checkpoints/megnet_Vc_trial_1657_best_state.pt,"{'learning_rate': 0.0004679736541427115, 'lr_reduce': 0.6}",TPESampler,COMPLETE
1658,0.2565085291862488,2025-04-26 15:54:44.269093,2025-04-26 15:55:19.017627,0 days 00:00:34.748534,1,117,224,103.0,263.0,,3,116,0.12767714082442874,0.0003555628796323062,0.6,/work3/arnaou/checkpoints/megnet_Vc_trial_1658_best_state.pt,"{'learning_rate': 0.0003555628796323062, 'lr_reduce': 0.6}",TPESampler,COMPLETE
1659,0.1329321712255478,2025-04-26 15:54:44.931586,2025-04-26 15:55:16.205966,0 days 00:00:31.274380,1,75,496,160.0,349.0,,3,62,0.19701653127783558,0.0018033969805623961,0.6,/work3/arnaou/checkpoints/megnet_Vc_trial_1659_best_state.pt,"{'learning_rate': 0.0018033969805623961, 'lr_reduce': 0.6}",TPESampler,COMPLETE
1660,0.38437145948410034,2025-04-26 15:54:49.294241,2025-04-26 15:55:06.166922,0 days 00:00:16.872681,1,114,210,290.0,293.0,369.0,4,126,0.20171432015845203,0.0013781365687121462,0.6,/work3/arnaou/checkpoints/megnet_Vc_trial_1660_best_state.pt,"{'learning_rate': 0.0013781365687121462, 'lr_reduce': 0.6}",TPESampler,COMPLETE
1661,1.4508613348007202,2025-04-26 15:55:06.424252,2025-04-26 15:55:25.848306,0 days 00:00:19.424054,4,124,474,134.0,266.0,398.0,4,75,0.24378401125798668,0.0009016171489922512,0.6,/work3/arnaou/checkpoints/megnet_Vc_trial_1661_best_state.pt,"{'learning_rate': 0.0009016171489922512, 'lr_reduce': 0.6}",TPESampler,COMPLETE
1662,0.2303902804851532,2025-04-26 15:55:16.480476,2025-04-26 15:55:38.916997,0 days 00:00:22.436521,1,92,436,104.0,375.0,444.0,4,92,0.20545527827462962,0.0005383995981180864,0.6,/work3/arnaou/checkpoints/megnet_Vc_trial_1662_best_state.pt,"{'learning_rate': 0.0005383995981180864, 'lr_reduce': 0.6}",TPESampler,COMPLETE
1663,1.8344225883483887,2025-04-26 15:55:19.302464,2025-04-26 15:55:22.930213,0 days 00:00:03.627749,1,70,302,172.0,,,2,49,0.20615533296771915,0.0006937475616689678,0.6,/work3/arnaou/checkpoints/megnet_Vc_trial_1663_best_state.pt,"{'learning_rate': 0.0006937475616689678, 'lr_reduce': 0.6}",TPESampler,COMPLETE
1664,0.32533612847328186,2025-04-26 15:55:23.227845,2025-04-26 15:55:42.632954,0 days 00:00:19.405109,1,89,397,210.0,318.0,450.0,4,78,0.2162323214979457,0.002446141749145523,0.6,/work3/arnaou/checkpoints/megnet_Vc_trial_1664_best_state.pt,"{'learning_rate': 0.002446141749145523, 'lr_reduce': 0.6}",TPESampler,COMPLETE
1665,0.15957245230674744,2025-04-26 15:55:26.111163,2025-04-26 15:55:57.187122,0 days 00:00:31.075959,1,80,456,240.0,344.0,398.0,4,72,0.24327457340071584,0.0016904913935759944,0.6,/work3/arnaou/checkpoints/megnet_Vc_trial_1665_best_state.pt,"{'learning_rate': 0.0016904913935759944, 'lr_reduce': 0.6}",TPESampler,COMPLETE
1666,1.3719029426574707,2025-04-26 15:55:39.158773,2025-04-26 15:55:55.429062,0 days 00:00:16.270289,2,85,419,139.0,265.0,460.0,4,94,0.2186619162638752,0.00036394529659294423,0.6,/work3/arnaou/checkpoints/megnet_Vc_trial_1666_best_state.pt,"{'learning_rate': 0.00036394529659294423, 'lr_reduce': 0.6}",TPESampler,COMPLETE
1667,1.8208900690078735,2025-04-26 15:55:42.881468,2025-04-26 15:55:46.525174,0 days 00:00:03.643706,1,93,253,103.0,468.0,464.0,4,61,0.14438570019999702,0.0013971117489822184,0.6,/work3/arnaou/checkpoints/megnet_Vc_trial_1667_best_state.pt,"{'learning_rate': 0.0013971117489822184, 'lr_reduce': 0.6}",TPESampler,COMPLETE
1668,1.858126163482666,2025-04-26 15:55:46.782716,2025-04-26 15:55:50.989267,0 days 00:00:04.206551,2,90,373,142.0,303.0,400.0,4,81,0.24635909169801673,0.0005129093946667744,0.6,/work3/arnaou/checkpoints/megnet_Vc_trial_1668_best_state.pt,"{'learning_rate': 0.0005129093946667744, 'lr_reduce': 0.6}",TPESampler,COMPLETE
1669,0.2656789720058441,2025-04-26 15:55:51.247143,2025-04-26 15:56:17.088463,0 days 00:00:25.841320,2,111,381,302.0,405.0,339.0,4,111,0.17168017878939246,0.0007071419441901901,0.6,/work3/arnaou/checkpoints/megnet_Vc_trial_1669_best_state.pt,"{'learning_rate': 0.0007071419441901901, 'lr_reduce': 0.6}",TPESampler,COMPLETE
1670,0.371487021446228,2025-04-26 15:55:55.672777,2025-04-26 15:56:14.183038,0 days 00:00:18.510261,1,92,491,195.0,258.0,459.0,4,97,0.19358906589946476,0.000640495334896454,0.6,/work3/arnaou/checkpoints/megnet_Vc_trial_1670_best_state.pt,"{'learning_rate': 0.000640495334896454, 'lr_reduce': 0.6}",TPESampler,COMPLETE
1671,0.14833928644657135,2025-04-26 15:55:57.442651,2025-04-26 15:56:28.456019,0 days 00:00:31.013368,1,66,441,249.0,342.0,469.0,4,97,0.1598695190590182,0.0013287944084576131,0.6,/work3/arnaou/checkpoints/megnet_Vc_trial_1671_best_state.pt,"{'learning_rate': 0.0013287944084576131, 'lr_reduce': 0.6}",TPESampler,COMPLETE
1672,1.8517329692840576,2025-04-26 15:56:14.473127,2025-04-26 15:56:18.687642,0 days 00:00:04.214515,2,102,235,107.0,,,2,64,0.0011265747757274736,0.000236178531358059,0.6,/work3/arnaou/checkpoints/megnet_Vc_trial_1672_best_state.pt,"{'learning_rate': 0.000236178531358059, 'lr_reduce': 0.6}",TPESampler,COMPLETE
1673,1.3966249227523804,2025-04-26 15:56:17.343767,2025-04-26 15:56:30.371243,0 days 00:00:13.027476,2,84,456,103.0,251.0,405.0,4,73,0.24193359082307772,0.0006959253682027269,0.6,/work3/arnaou/checkpoints/megnet_Vc_trial_1673_best_state.pt,"{'learning_rate': 0.0006959253682027269, 'lr_reduce': 0.6}",TPESampler,COMPLETE
1674,0.3910023272037506,2025-04-26 15:56:19.065350,2025-04-26 15:56:53.861816,0 days 00:00:34.796466,1,95,407,173.0,306.0,442.0,4,98,0.005230762553706247,0.0006285888648986474,0.6,/work3/arnaou/checkpoints/megnet_Vc_trial_1674_best_state.pt,"{'learning_rate': 0.0006285888648986474, 'lr_reduce': 0.6}",TPESampler,COMPLETE
1675,1.8598716259002686,2025-04-26 15:56:28.741868,2025-04-26 15:56:32.515013,0 days 00:00:03.773145,1,126,331,151.0,375.0,474.0,4,125,0.15192408561318707,0.00026633209926583306,0.6,/work3/arnaou/checkpoints/megnet_Vc_trial_1675_best_state.pt,"{'learning_rate': 0.00026633209926583306, 'lr_reduce': 0.6}",TPESampler,COMPLETE
1676,0.2851412296295166,2025-04-26 15:56:30.601550,2025-04-26 15:56:59.705924,0 days 00:00:29.104374,1,78,460,105.0,252.0,363.0,4,80,0.2330086760382793,0.0006695660775871183,0.6,/work3/arnaou/checkpoints/megnet_Vc_trial_1676_best_state.pt,"{'learning_rate': 0.0006695660775871183, 'lr_reduce': 0.6}",TPESampler,COMPLETE
1677,0.1479756385087967,2025-04-26 15:56:32.722790,2025-04-26 15:57:01.377570,0 days 00:00:28.654780,2,82,275,234.0,335.0,407.0,4,80,0.1212375482845064,0.0010906855334495789,0.6,/work3/arnaou/checkpoints/megnet_Vc_trial_1677_best_state.pt,"{'learning_rate': 0.0010906855334495789, 'lr_reduce': 0.6}",TPESampler,COMPLETE
1678,0.18765974044799805,2025-04-26 15:56:54.110482,2025-04-26 15:57:25.126148,0 days 00:00:31.015666,1,100,509,67.0,296.0,475.0,4,80,0.22629248885405406,0.0007268489215643518,0.6,/work3/arnaou/checkpoints/megnet_Vc_trial_1678_best_state.pt,"{'learning_rate': 0.0007268489215643518, 'lr_reduce': 0.6}",TPESampler,COMPLETE
1679,1.8284697532653809,2025-04-26 15:56:59.929390,2025-04-26 15:57:03.719700,0 days 00:00:03.790310,2,58,502,132.0,252.0,,3,39,0.2476281903471642,0.0017979170478139832,0.6,/work3/arnaou/checkpoints/megnet_Vc_trial_1679_best_state.pt,"{'learning_rate': 0.0017979170478139832, 'lr_reduce': 0.6}",TPESampler,COMPLETE
1680,0.17085084319114685,2025-04-26 15:57:01.654401,2025-04-26 15:57:28.168654,0 days 00:00:26.514253,1,90,505,293.0,365.0,,3,77,0.20576909387619272,0.001663421363838097,0.6,/work3/arnaou/checkpoints/megnet_Vc_trial_1680_best_state.pt,"{'learning_rate': 0.001663421363838097, 'lr_reduce': 0.6}",TPESampler,COMPLETE
1681,0.2562185823917389,2025-04-26 15:57:03.965588,2025-04-26 15:57:29.810166,0 days 00:00:25.844578,1,88,272,186.0,303.0,442.0,4,51,0.240300437689424,0.0007102730737990779,0.6,/work3/arnaou/checkpoints/megnet_Vc_trial_1681_best_state.pt,"{'learning_rate': 0.0007102730737990779, 'lr_reduce': 0.6}",TPESampler,COMPLETE
1682,0.14961881935596466,2025-04-26 15:57:25.367185,2025-04-26 15:57:57.197198,0 days 00:00:31.830013,1,84,358,140.0,419.0,473.0,4,83,0.23656475351038211,0.000779914553182564,0.6,/work3/arnaou/checkpoints/megnet_Vc_trial_1682_best_state.pt,"{'learning_rate': 0.000779914553182564, 'lr_reduce': 0.6}",TPESampler,COMPLETE
1683,0.44625717401504517,2025-04-26 15:57:28.408143,2025-04-26 15:57:39.731132,0 days 00:00:11.322989,1,84,389,103.0,334.0,403.0,4,107,0.23783910361812832,0.0008800394763336344,0.6,/work3/arnaou/checkpoints/megnet_Vc_trial_1683_best_state.pt,"{'learning_rate': 0.0008800394763336344, 'lr_reduce': 0.6}",TPESampler,COMPLETE
1684,1.8491714000701904,2025-04-26 15:57:30.103544,2025-04-26 15:57:33.859035,0 days 00:00:03.755491,2,78,400,210.0,250.0,,3,33,0.1647023982425299,0.001076699129551222,0.6,/work3/arnaou/checkpoints/megnet_Vc_trial_1684_best_state.pt,"{'learning_rate': 0.001076699129551222, 'lr_reduce': 0.6}",TPESampler,COMPLETE
1685,1.858336091041565,2025-04-26 15:57:34.090863,2025-04-26 15:57:37.958351,0 days 00:00:03.867488,2,73,449,149.0,,,2,55,0.007196276786446715,0.00013993863390080694,0.6,/work3/arnaou/checkpoints/megnet_Vc_trial_1685_best_state.pt,"{'learning_rate': 0.00013993863390080694, 'lr_reduce': 0.6}",TPESampler,COMPLETE
1686,1.4344415664672852,2025-04-26 15:57:38.219922,2025-04-26 15:58:13.191201,0 days 00:00:34.971279,4,55,173,99.0,64.0,472.0,4,101,0.06916275536717947,0.001280523792470329,0.6,/work3/arnaou/checkpoints/megnet_Vc_trial_1686_best_state.pt,"{'learning_rate': 0.001280523792470329, 'lr_reduce': 0.6}",TPESampler,COMPLETE
1687,0.216820627450943,2025-04-26 15:57:40.095039,2025-04-26 15:58:06.005042,0 days 00:00:25.910003,2,88,375,153.0,284.0,292.0,4,105,0.10396692566339273,0.0011181660589529895,0.6,/work3/arnaou/checkpoints/megnet_Vc_trial_1687_best_state.pt,"{'learning_rate': 0.0011181660589529895, 'lr_reduce': 0.6}",TPESampler,COMPLETE
1688,0.4920790195465088,2025-04-26 15:57:57.450786,2025-04-26 15:58:13.377666,0 days 00:00:15.926880,1,96,90,,,,1,78,0.06649853636376579,0.007179225340534785,0.6,/work3/arnaou/checkpoints/megnet_Vc_trial_1688_best_state.pt,"{'learning_rate': 0.007179225340534785, 'lr_reduce': 0.6}",TPESampler,COMPLETE
1689,0.27717912197113037,2025-04-26 15:58:06.275019,2025-04-26 15:58:34.926795,0 days 00:00:28.651776,1,55,381,304.0,378.0,,3,109,0.16885217058484314,0.0009946144107815965,0.6,/work3/arnaou/checkpoints/megnet_Vc_trial_1689_best_state.pt,"{'learning_rate': 0.0009946144107815965, 'lr_reduce': 0.6}",TPESampler,COMPLETE
1690,0.275124728679657,2025-04-26 15:58:13.407531,2025-04-26 15:58:29.325314,0 days 00:00:15.917783,1,98,365,65.0,243.0,,3,83,0.17299582542796654,0.0009133524232970039,0.6,/work3/arnaou/checkpoints/megnet_Vc_trial_1690_best_state.pt,"{'learning_rate': 0.0009133524232970039, 'lr_reduce': 0.6}",TPESampler,COMPLETE
1691,0.23634174466133118,2025-04-26 15:58:13.717946,2025-04-26 15:58:45.270404,0 days 00:00:31.552458,2,85,207,186.0,334.0,439.0,4,42,0.22603442017926761,0.0012120771751315414,0.6,/work3/arnaou/checkpoints/megnet_Vc_trial_1691_best_state.pt,"{'learning_rate': 0.0012120771751315414, 'lr_reduce': 0.6}",TPESampler,COMPLETE
1692,0.3534727990627289,2025-04-26 15:58:29.562568,2025-04-26 15:58:47.035040,0 days 00:00:17.472472,1,95,502,159.0,292.0,,3,85,0.03076355538981765,0.0035625829401232678,0.6,/work3/arnaou/checkpoints/megnet_Vc_trial_1692_best_state.pt,"{'learning_rate': 0.0035625829401232678, 'lr_reduce': 0.6}",TPESampler,COMPLETE
1693,0.17285753786563873,2025-04-26 15:58:35.165190,2025-04-26 15:58:58.110212,0 days 00:00:22.945022,1,69,499,232.0,302.0,368.0,4,49,0.23800702835208687,0.0008552296724960946,0.6,/work3/arnaou/checkpoints/megnet_Vc_trial_1693_best_state.pt,"{'learning_rate': 0.0008552296724960946, 'lr_reduce': 0.6}",TPESampler,COMPLETE
