number,value,datetime_start,datetime_complete,duration,params_depth,params_edge_hidden_dim,params_mlp_dim_00,params_mlp_dim_01,params_mlp_dim_02,params_mlp_dim_03,params_mlp_n_layers,params_node_hidden_dim,params_rep_dropout,params_train_learning_rate,params_train_lr_reduce,user_attrs_best_state_dict_path,user_attrs_training_params,system_attrs_auto:sampler,state
2033,0.5702351927757263,2025-04-26 16:30:14.695387,2025-04-26 16:30:25.647000,0 days 00:00:10.951613,1,82,499,262.0,237.0,439.0,4,96,0.22381939815579752,0.002458456500257075,0.6,/work3/arnaou/checkpoints/megnet_Vc_trial_2033_best_state.pt,"{'learning_rate': 0.002458456500257075, 'lr_reduce': 0.6}",TPESampler,COMPLETE
2034,1.8265206813812256,2025-04-26 16:30:22.475274,2025-04-26 16:30:26.748516,0 days 00:00:04.273242,2,60,327,215.0,249.0,404.0,4,81,0.1826411924084136,0.0016137975607093634,0.6,/work3/arnaou/checkpoints/megnet_Vc_trial_2034_best_state.pt,"{'learning_rate': 0.0016137975607093634, 'lr_reduce': 0.6}",TPESampler,COMPLETE
2035,0.2370920032262802,2025-04-26 16:30:25.893606,2025-04-26 16:30:52.820517,0 days 00:00:26.926911,1,82,381,270.0,300.0,,3,57,0.2465479576661948,0.000982508542070906,0.6,/work3/arnaou/checkpoints/megnet_Vc_trial_2035_best_state.pt,"{'learning_rate': 0.000982508542070906, 'lr_reduce': 0.6}",TPESampler,COMPLETE
2036,0.256843239068985,2025-04-26 16:30:27.060507,2025-04-26 16:31:09.984938,0 days 00:00:42.924431,1,60,397,235.0,236.0,443.0,4,76,0.24184526180692467,0.0007706615789387493,0.6,/work3/arnaou/checkpoints/megnet_Vc_trial_2036_best_state.pt,"{'learning_rate': 0.0007706615789387493, 'lr_reduce': 0.6}",TPESampler,COMPLETE
2037,0.28444451093673706,2025-04-26 16:30:44.699086,2025-04-26 16:31:16.680162,0 days 00:00:31.981076,1,93,427,236.0,301.0,407.0,4,43,0.22338942320244654,0.001407779712657208,0.6,/work3/arnaou/checkpoints/megnet_Vc_trial_2037_best_state.pt,"{'learning_rate': 0.001407779712657208, 'lr_reduce': 0.6}",TPESampler,COMPLETE
2038,0.3826618790626526,2025-04-26 16:30:53.627368,2025-04-26 16:31:35.811512,0 days 00:00:42.184144,1,77,332,224.0,300.0,402.0,4,46,0.18787973234935024,0.0029393378907202543,0.6,/work3/arnaou/checkpoints/megnet_Vc_trial_2038_best_state.pt,"{'learning_rate': 0.0029393378907202543, 'lr_reduce': 0.6}",TPESampler,COMPLETE
2039,0.24902693927288055,2025-04-26 16:31:10.245308,2025-04-26 16:31:47.720439,0 days 00:00:37.475131,1,85,401,228.0,291.0,412.0,4,46,0.20750723801667842,0.0006323188864093733,0.6,/work3/arnaou/checkpoints/megnet_Vc_trial_2039_best_state.pt,"{'learning_rate': 0.0006323188864093733, 'lr_reduce': 0.6}",TPESampler,COMPLETE
2040,0.10744490474462509,2025-04-26 16:31:16.915817,2025-04-26 16:31:50.235809,0 days 00:00:33.319992,1,72,441,215.0,298.0,396.0,4,49,0.19409514233811917,0.0008924959927314828,0.6,/work3/arnaou/checkpoints/megnet_Vc_trial_2040_best_state.pt,"{'learning_rate': 0.0008924959927314828, 'lr_reduce': 0.6}",TPESampler,COMPLETE
2041,0.16152527928352356,2025-04-26 16:31:36.071436,2025-04-26 16:32:04.888882,0 days 00:00:28.817446,1,81,354,258.0,302.0,434.0,4,69,0.19541137770247735,0.0014091510938330635,0.6,/work3/arnaou/checkpoints/megnet_Vc_trial_2041_best_state.pt,"{'learning_rate': 0.0014091510938330635, 'lr_reduce': 0.6}",TPESampler,COMPLETE
2042,0.18353784084320068,2025-04-26 16:31:47.982480,2025-04-26 16:32:18.106742,0 days 00:00:30.124262,1,58,335,233.0,302.0,439.0,4,64,0.21368682253351778,0.00043182426386659077,0.6,/work3/arnaou/checkpoints/megnet_Vc_trial_2042_best_state.pt,"{'learning_rate': 0.00043182426386659077, 'lr_reduce': 0.6}",TPESampler,COMPLETE
2043,0.11759848892688751,2025-04-26 16:31:50.462412,2025-04-26 16:32:20.911229,0 days 00:00:30.448817,1,67,460,207.0,308.0,361.0,4,50,0.15834882278003265,0.0012627783045285096,0.6,/work3/arnaou/checkpoints/megnet_Vc_trial_2043_best_state.pt,"{'learning_rate': 0.0012627783045285096, 'lr_reduce': 0.6}",TPESampler,COMPLETE
2044,1.81794011592865,2025-04-26 16:32:05.130230,2025-04-26 16:32:09.872995,0 days 00:00:04.742765,3,32,268,200.0,302.0,347.0,4,124,0.09988723400786477,0.003546977179602443,0.6,/work3/arnaou/checkpoints/megnet_Vc_trial_2044_best_state.pt,"{'learning_rate': 0.003546977179602443, 'lr_reduce': 0.6}",TPESampler,COMPLETE
2045,1.6017316579818726,2025-04-26 16:32:10.095730,2025-04-26 16:32:16.930873,0 days 00:00:06.835143,2,89,401,208.0,304.0,,3,46,0.2004093807601585,0.0017334465312471765,0.6,/work3/arnaou/checkpoints/megnet_Vc_trial_2045_best_state.pt,"{'learning_rate': 0.0017334465312471765, 'lr_reduce': 0.6}",TPESampler,COMPLETE
2046,0.13775421679019928,2025-04-26 16:32:17.182492,2025-04-26 16:32:48.522579,0 days 00:00:31.340087,1,77,438,260.0,291.0,296.0,4,52,0.18748053851589486,0.00045124343211284403,0.6,/work3/arnaou/checkpoints/megnet_Vc_trial_2046_best_state.pt,"{'learning_rate': 0.00045124343211284403, 'lr_reduce': 0.6}",TPESampler,COMPLETE
2047,0.5746943354606628,2025-04-26 16:32:18.337820,2025-04-26 16:32:33.215089,0 days 00:00:14.877269,2,72,344,204.0,312.0,,3,61,0.244909609742451,0.0009417600360427343,0.6,/work3/arnaou/checkpoints/megnet_Vc_trial_2047_best_state.pt,"{'learning_rate': 0.0009417600360427343, 'lr_reduce': 0.6}",TPESampler,COMPLETE
2048,1.8079991340637207,2025-04-26 16:32:21.165383,2025-04-26 16:32:26.187440,0 days 00:00:05.022057,4,82,180,275.0,,,2,66,0.009663577630386555,0.006801600798656208,0.6,/work3/arnaou/checkpoints/megnet_Vc_trial_2048_best_state.pt,"{'learning_rate': 0.006801600798656208, 'lr_reduce': 0.6}",TPESampler,COMPLETE
2049,0.1714564561843872,2025-04-26 16:32:26.455393,2025-04-26 16:32:58.088051,0 days 00:00:31.632658,1,67,407,215.0,290.0,,3,56,0.17751991184849586,0.0008754499925594208,0.6,/work3/arnaou/checkpoints/megnet_Vc_trial_2049_best_state.pt,"{'learning_rate': 0.0008754499925594208, 'lr_reduce': 0.6}",TPESampler,COMPLETE
2050,0.4017951190471649,2025-04-26 16:32:33.433809,2025-04-26 16:32:51.235743,0 days 00:00:17.801934,1,65,326,205.0,293.0,364.0,4,57,0.18763484620418908,0.002647872370565792,0.6,/work3/arnaou/checkpoints/megnet_Vc_trial_2050_best_state.pt,"{'learning_rate': 0.002647872370565792, 'lr_reduce': 0.6}",TPESampler,COMPLETE
2051,0.4829237163066864,2025-04-26 16:32:48.862547,2025-04-26 16:33:03.613631,0 days 00:00:14.751084,1,70,378,255.0,306.0,384.0,4,56,0.2174570269490796,0.0018743448028416597,0.6,/work3/arnaou/checkpoints/megnet_Vc_trial_2051_best_state.pt,"{'learning_rate': 0.0018743448028416597, 'lr_reduce': 0.6}",TPESampler,COMPLETE
2052,0.11225692182779312,2025-04-26 16:32:51.595411,2025-04-26 16:33:22.908017,0 days 00:00:31.312606,1,82,425,239.0,310.0,369.0,4,54,0.21191616268112615,0.000806978099709947,0.6,/work3/arnaou/checkpoints/megnet_Vc_trial_2052_best_state.pt,"{'learning_rate': 0.000806978099709947, 'lr_reduce': 0.6}",TPESampler,COMPLETE
2053,0.15559932589530945,2025-04-26 16:32:58.344206,2025-04-26 16:33:27.853954,0 days 00:00:29.509748,1,51,367,202.0,279.0,380.0,4,68,0.12654639201529344,0.0011353720610874922,0.6,/work3/arnaou/checkpoints/megnet_Vc_trial_2053_best_state.pt,"{'learning_rate': 0.0011353720610874922, 'lr_reduce': 0.6}",TPESampler,COMPLETE
2054,1.8620452880859375,2025-04-26 16:33:03.875180,2025-04-26 16:33:07.952224,0 days 00:00:04.077044,1,80,451,268.0,286.0,,3,43,0.20649958651732894,0.0003143750560404883,0.6,/work3/arnaou/checkpoints/megnet_Vc_trial_2054_best_state.pt,"{'learning_rate': 0.0003143750560404883, 'lr_reduce': 0.6}",TPESampler,COMPLETE
2055,0.42186692357063293,2025-04-26 16:33:08.181477,2025-04-26 16:33:42.191602,0 days 00:00:34.010125,1,86,412,288.0,278.0,,3,57,0.15484905925903902,0.0005300170324514764,0.6,/work3/arnaou/checkpoints/megnet_Vc_trial_2055_best_state.pt,"{'learning_rate': 0.0005300170324514764, 'lr_reduce': 0.6}",TPESampler,COMPLETE
2056,0.13411647081375122,2025-04-26 16:33:23.175361,2025-04-26 16:33:53.327876,0 days 00:00:30.152515,1,73,402,216.0,316.0,345.0,4,70,0.1796835674811615,0.0015128890658776713,0.6,/work3/arnaou/checkpoints/megnet_Vc_trial_2056_best_state.pt,"{'learning_rate': 0.0015128890658776713, 'lr_reduce': 0.6}",TPESampler,COMPLETE
2057,1.8583742380142212,2025-04-26 16:33:28.118073,2025-04-26 16:33:34.413817,0 days 00:00:06.295744,2,51,343,201.0,309.0,,3,124,0.15907285340599964,0.00010251608578293274,0.6,/work3/arnaou/checkpoints/megnet_Vc_trial_2057_best_state.pt,"{'learning_rate': 0.00010251608578293274, 'lr_reduce': 0.6}",TPESampler,COMPLETE
2058,0.26165318489074707,2025-04-26 16:33:34.653024,2025-04-26 16:33:51.299351,0 days 00:00:16.646327,1,74,475,239.0,317.0,380.0,4,55,0.193801779800856,0.0008698974460380409,0.6,/work3/arnaou/checkpoints/megnet_Vc_trial_2058_best_state.pt,"{'learning_rate': 0.0008698974460380409, 'lr_reduce': 0.6}",TPESampler,COMPLETE
2059,1.8578457832336426,2025-04-26 16:33:42.480725,2025-04-26 16:33:46.364195,0 days 00:00:03.883470,3,85,318,213.0,318.0,,3,89,0.1455487410933404,0.00010301101067415303,0.6,/work3/arnaou/checkpoints/megnet_Vc_trial_2059_best_state.pt,"{'learning_rate': 0.00010301101067415303, 'lr_reduce': 0.6}",TPESampler,COMPLETE
2060,0.18618349730968475,2025-04-26 16:33:46.595246,2025-04-26 16:34:14.577177,0 days 00:00:27.981931,1,78,398,196.0,319.0,324.0,4,54,0.20024888432978744,0.0009562334217487126,0.6,/work3/arnaou/checkpoints/megnet_Vc_trial_2060_best_state.pt,"{'learning_rate': 0.0009562334217487126, 'lr_reduce': 0.6}",TPESampler,COMPLETE
2061,0.17985033988952637,2025-04-26 16:33:51.546781,2025-04-26 16:34:23.505791,0 days 00:00:31.959010,1,86,423,243.0,312.0,338.0,4,63,0.22100782683867232,0.0010260589489420842,0.6,/work3/arnaou/checkpoints/megnet_Vc_trial_2061_best_state.pt,"{'learning_rate': 0.0010260589489420842, 'lr_reduce': 0.6}",TPESampler,COMPLETE
2062,1.8123106956481934,2025-04-26 16:33:53.592405,2025-04-26 16:33:57.092411,0 days 00:00:03.500006,1,81,401,293.0,315.0,,3,41,0.17508358061415896,0.001918512113544915,0.6,/work3/arnaou/checkpoints/megnet_Vc_trial_2062_best_state.pt,"{'learning_rate': 0.001918512113544915, 'lr_reduce': 0.6}",TPESampler,COMPLETE
2063,0.15263397991657257,2025-04-26 16:33:57.335170,2025-04-26 16:34:28.296623,0 days 00:00:30.961453,1,64,440,225.0,283.0,354.0,4,63,0.21030100623000292,0.0010167487122851977,0.6,/work3/arnaou/checkpoints/megnet_Vc_trial_2063_best_state.pt,"{'learning_rate': 0.0010167487122851977, 'lr_reduce': 0.6}",TPESampler,COMPLETE
2064,1.8583643436431885,2025-04-26 16:34:14.812453,2025-04-26 16:34:18.668257,0 days 00:00:03.855804,1,70,330,190.0,326.0,335.0,4,63,0.1548029472945791,0.0005328440938415054,0.6,/work3/arnaou/checkpoints/megnet_Vc_trial_2064_best_state.pt,"{'learning_rate': 0.0005328440938415054, 'lr_reduce': 0.6}",TPESampler,COMPLETE
2065,0.1277426779270172,2025-04-26 16:34:18.911711,2025-04-26 16:34:49.236562,0 days 00:00:30.324851,1,67,455,264.0,330.0,328.0,4,56,0.24727323134905488,0.0006104865768376352,0.6,/work3/arnaou/checkpoints/megnet_Vc_trial_2065_best_state.pt,"{'learning_rate': 0.0006104865768376352, 'lr_reduce': 0.6}",TPESampler,COMPLETE
2066,0.2646816670894623,2025-04-26 16:34:23.913799,2025-04-26 16:34:53.346528,0 days 00:00:29.432729,1,56,452,,,,1,44,0.24363159474928286,0.002500375411872454,0.6,/work3/arnaou/checkpoints/megnet_Vc_trial_2066_best_state.pt,"{'learning_rate': 0.002500375411872454, 'lr_reduce': 0.6}",TPESampler,COMPLETE
2067,0.18407177925109863,2025-04-26 16:34:28.557408,2025-04-26 16:35:00.863187,0 days 00:00:32.305779,2,77,364,195.0,263.0,306.0,4,61,0.23654314578458746,0.0007959229233090605,0.6,/work3/arnaou/checkpoints/megnet_Vc_trial_2067_best_state.pt,"{'learning_rate': 0.0007959229233090605, 'lr_reduce': 0.6}",TPESampler,COMPLETE
2068,0.13244342803955078,2025-04-26 16:34:49.504421,2025-04-26 16:35:20.051637,0 days 00:00:30.547216,1,70,406,236.0,289.0,375.0,4,54,0.18357900464895346,0.0011937959031128864,0.6,/work3/arnaou/checkpoints/megnet_Vc_trial_2068_best_state.pt,"{'learning_rate': 0.0011937959031128864, 'lr_reduce': 0.6}",TPESampler,COMPLETE
2069,0.28034064173698425,2025-04-26 16:34:53.616413,2025-04-26 16:35:25.740271,0 days 00:00:32.123858,1,58,508,296.0,325.0,372.0,4,69,0.23066344811902553,0.0005150592492791301,0.6,/work3/arnaou/checkpoints/megnet_Vc_trial_2069_best_state.pt,"{'learning_rate': 0.0005150592492791301, 'lr_reduce': 0.6}",TPESampler,COMPLETE
2070,0.25952211022377014,2025-04-26 16:35:01.118717,2025-04-26 16:35:24.073602,0 days 00:00:22.954885,1,71,336,247.0,289.0,300.0,4,62,0.18627536263283123,0.0007911958785841091,0.6,/work3/arnaou/checkpoints/megnet_Vc_trial_2070_best_state.pt,"{'learning_rate': 0.0007911958785841091, 'lr_reduce': 0.6}",TPESampler,COMPLETE
2071,1.8567546606063843,2025-04-26 16:35:20.342196,2025-04-26 16:35:24.019108,0 days 00:00:03.676912,1,49,387,186.0,274.0,278.0,4,57,0.16283920682040182,0.0009993788259180605,0.6,/work3/arnaou/checkpoints/megnet_Vc_trial_2071_best_state.pt,"{'learning_rate': 0.0009993788259180605, 'lr_reduce': 0.6}",TPESampler,COMPLETE
2072,0.2241082638502121,2025-04-26 16:35:24.232911,2025-04-26 16:35:52.901701,0 days 00:00:28.668790,1,64,355,298.0,307.0,362.0,4,73,0.1706365696945837,0.0009785868972613807,0.6,/work3/arnaou/checkpoints/megnet_Vc_trial_2072_best_state.pt,"{'learning_rate': 0.0009785868972613807, 'lr_reduce': 0.6}",TPESampler,COMPLETE
2073,1.858140468597412,2025-04-26 16:35:24.283248,2025-04-26 16:35:28.624573,0 days 00:00:04.341325,1,73,382,292.0,324.0,360.0,4,44,0.24073394980025736,0.0004603836261229615,0.6,/work3/arnaou/checkpoints/megnet_Vc_trial_2073_best_state.pt,"{'learning_rate': 0.0004603836261229615, 'lr_reduce': 0.6}",TPESampler,COMPLETE
2074,0.19619745016098022,2025-04-26 16:35:26.084948,2025-04-26 16:35:57.636256,0 days 00:00:31.551308,1,74,419,237.0,277.0,372.0,4,67,0.19786187509463427,0.0005022550361168063,0.6,/work3/arnaou/checkpoints/megnet_Vc_trial_2074_best_state.pt,"{'learning_rate': 0.0005022550361168063, 'lr_reduce': 0.6}",TPESampler,COMPLETE
2075,0.3821275234222412,2025-04-26 16:35:28.830888,2025-04-26 16:35:43.752304,0 days 00:00:14.921416,1,82,445,200.0,321.0,380.0,4,53,0.17670536521509125,0.004831643478010089,0.6,/work3/arnaou/checkpoints/megnet_Vc_trial_2075_best_state.pt,"{'learning_rate': 0.004831643478010089, 'lr_reduce': 0.6}",TPESampler,COMPLETE
2076,0.35560083389282227,2025-04-26 16:35:43.994023,2025-04-26 16:36:15.736589,0 days 00:00:31.742566,1,67,443,200.0,274.0,375.0,4,85,0.14282029317358164,0.0020940533981167173,0.6,/work3/arnaou/checkpoints/megnet_Vc_trial_2076_best_state.pt,"{'learning_rate': 0.0020940533981167173, 'lr_reduce': 0.6}",TPESampler,COMPLETE
2077,1.8595843315124512,2025-04-26 16:35:53.169338,2025-04-26 16:35:58.382622,0 days 00:00:05.213284,4,75,184,249.0,309.0,379.0,4,89,0.14467222362391047,0.00022592461387896149,0.6,/work3/arnaou/checkpoints/megnet_Vc_trial_2077_best_state.pt,"{'learning_rate': 0.00022592461387896149, 'lr_reduce': 0.6}",TPESampler,COMPLETE
2078,0.5573440790176392,2025-04-26 16:35:57.872237,2025-04-26 16:36:23.336619,0 days 00:00:25.464382,1,84,392,194.0,289.0,,3,57,0.19543464089207135,0.0034279102045899268,0.6,/work3/arnaou/checkpoints/megnet_Vc_trial_2078_best_state.pt,"{'learning_rate': 0.0034279102045899268, 'lr_reduce': 0.6}",TPESampler,COMPLETE
2079,1.8460395336151123,2025-04-26 16:35:58.597094,2025-04-26 16:36:02.563435,0 days 00:00:03.966341,2,72,251,249.0,,,2,73,0.19643846623382175,0.0005447387939165433,0.6,/work3/arnaou/checkpoints/megnet_Vc_trial_2079_best_state.pt,"{'learning_rate': 0.0005447387939165433, 'lr_reduce': 0.6}",TPESampler,COMPLETE
2080,0.16252273321151733,2025-04-26 16:36:02.810416,2025-04-26 16:36:33.253437,0 days 00:00:30.443021,1,63,351,283.0,265.0,312.0,4,63,0.21102153224748998,0.001719961625300628,0.6,/work3/arnaou/checkpoints/megnet_Vc_trial_2080_best_state.pt,"{'learning_rate': 0.001719961625300628, 'lr_reduce': 0.6}",TPESampler,COMPLETE
2081,0.23799733817577362,2025-04-26 16:36:16.019119,2025-04-26 16:36:49.296194,0 days 00:00:33.277075,2,60,374,187.0,271.0,400.0,4,76,0.24134441966982104,0.0011783117423893226,0.6,/work3/arnaou/checkpoints/megnet_Vc_trial_2081_best_state.pt,"{'learning_rate': 0.0011783117423893226, 'lr_reduce': 0.6}",TPESampler,COMPLETE
2082,0.5105782747268677,2025-04-26 16:36:23.578613,2025-04-26 16:36:43.990992,0 days 00:00:20.412379,2,85,404,219.0,321.0,345.0,4,61,0.2422729365980584,0.000975525351693758,0.6,/work3/arnaou/checkpoints/megnet_Vc_trial_2082_best_state.pt,"{'learning_rate': 0.000975525351693758, 'lr_reduce': 0.6}",TPESampler,COMPLETE
2083,0.13170477747917175,2025-04-26 16:36:33.524295,2025-04-26 16:37:06.663855,0 days 00:00:33.139560,1,66,415,297.0,275.0,391.0,4,50,0.19898944026205506,0.0005407171310776983,0.6,/work3/arnaou/checkpoints/megnet_Vc_trial_2083_best_state.pt,"{'learning_rate': 0.0005407171310776983, 'lr_reduce': 0.6}",TPESampler,COMPLETE
2084,1.8549925088882446,2025-04-26 16:36:44.252010,2025-04-26 16:36:48.064342,0 days 00:00:03.812332,1,76,445,250.0,328.0,399.0,4,70,0.20395944417397616,0.0005350458870176151,0.6,/work3/arnaou/checkpoints/megnet_Vc_trial_2084_best_state.pt,"{'learning_rate': 0.0005350458870176151, 'lr_reduce': 0.6}",TPESampler,COMPLETE
2085,0.18916715681552887,2025-04-26 16:36:48.293044,2025-04-26 16:37:22.040843,0 days 00:00:33.747799,1,78,364,189.0,273.0,389.0,4,62,0.2480635085911017,0.0005328468702128371,0.6,/work3/arnaou/checkpoints/megnet_Vc_trial_2085_best_state.pt,"{'learning_rate': 0.0005328468702128371, 'lr_reduce': 0.6}",TPESampler,COMPLETE
2086,0.2210318148136139,2025-04-26 16:36:49.562150,2025-04-26 16:37:10.331088,0 days 00:00:20.768938,1,53,191,237.0,333.0,,3,50,0.1660380738133756,0.0011281730603991036,0.6,/work3/arnaou/checkpoints/megnet_Vc_trial_2086_best_state.pt,"{'learning_rate': 0.0011281730603991036, 'lr_reduce': 0.6}",TPESampler,COMPLETE
2087,1.8577779531478882,2025-04-26 16:37:06.914107,2025-04-26 16:37:11.153358,0 days 00:00:04.239251,1,69,386,290.0,275.0,,3,59,0.22787864618562087,0.0005018514767583,0.6,/work3/arnaou/checkpoints/megnet_Vc_trial_2087_best_state.pt,"{'learning_rate': 0.0005018514767583, 'lr_reduce': 0.6}",TPESampler,COMPLETE
2088,0.15343983471393585,2025-04-26 16:37:10.594466,2025-04-26 16:37:41.041188,0 days 00:00:30.446722,1,73,349,221.0,321.0,,3,82,0.17549843187385558,0.0010329391878622235,0.6,/work3/arnaou/checkpoints/megnet_Vc_trial_2088_best_state.pt,"{'learning_rate': 0.0010329391878622235, 'lr_reduce': 0.6}",TPESampler,COMPLETE
2089,0.6151703000068665,2025-04-26 16:37:11.450717,2025-04-26 16:37:23.801517,0 days 00:00:12.350800,1,94,487,189.0,285.0,399.0,4,68,0.08885929003130574,0.0006906027060982421,0.6,/work3/arnaou/checkpoints/megnet_Vc_trial_2089_best_state.pt,"{'learning_rate': 0.0006906027060982421, 'lr_reduce': 0.6}",TPESampler,COMPLETE
2090,0.16073638200759888,2025-04-26 16:37:22.282959,2025-04-26 16:37:56.479369,0 days 00:00:34.196410,1,62,397,281.0,270.0,330.0,4,55,0.16340768439519315,0.0005016965551311747,0.6,/work3/arnaou/checkpoints/megnet_Vc_trial_2090_best_state.pt,"{'learning_rate': 0.0005016965551311747, 'lr_reduce': 0.6}",TPESampler,COMPLETE
2091,1.782483458518982,2025-04-26 16:37:24.022111,2025-04-26 16:37:27.836133,0 days 00:00:03.814022,4,80,256,,,,1,121,0.13899267475467986,0.0007115531507683813,0.6,/work3/arnaou/checkpoints/megnet_Vc_trial_2091_best_state.pt,"{'learning_rate': 0.0007115531507683813, 'lr_reduce': 0.6}",TPESampler,COMPLETE
2092,1.826812744140625,2025-04-26 16:37:28.097705,2025-04-26 16:37:31.846763,0 days 00:00:03.749058,1,76,424,249.0,326.0,,3,47,0.20097653674874907,0.001105297877530312,0.6,/work3/arnaou/checkpoints/megnet_Vc_trial_2092_best_state.pt,"{'learning_rate': 0.001105297877530312, 'lr_reduce': 0.6}",TPESampler,COMPLETE
2093,0.41801610589027405,2025-04-26 16:37:32.068628,2025-04-26 16:37:49.668826,0 days 00:00:17.600198,1,80,419,189.0,265.0,401.0,4,64,0.19611272835598165,0.0015347784680926964,0.6,/work3/arnaou/checkpoints/megnet_Vc_trial_2093_best_state.pt,"{'learning_rate': 0.0015347784680926964, 'lr_reduce': 0.6}",TPESampler,COMPLETE
2094,0.1732327789068222,2025-04-26 16:37:41.296943,2025-04-26 16:38:16.371304,0 days 00:00:35.074361,1,80,491,300.0,299.0,404.0,4,73,0.24862403456582693,0.0007131370749527972,0.6,/work3/arnaou/checkpoints/megnet_Vc_trial_2094_best_state.pt,"{'learning_rate': 0.0007131370749527972, 'lr_reduce': 0.6}",TPESampler,COMPLETE
2095,0.14108394086360931,2025-04-26 16:37:50.022842,2025-04-26 16:38:24.822063,0 days 00:00:34.799221,1,65,454,188.0,279.0,,3,47,0.13382491747557082,0.0009649415442976422,0.6,/work3/arnaou/checkpoints/megnet_Vc_trial_2095_best_state.pt,"{'learning_rate': 0.0009649415442976422, 'lr_reduce': 0.6}",TPESampler,COMPLETE
2096,1.863993525505066,2025-04-26 16:37:56.725443,2025-04-26 16:38:01.170388,0 days 00:00:04.444945,1,42,439,227.0,260.0,356.0,4,87,0.24652913421153697,0.00047075011069674943,0.6,/work3/arnaou/checkpoints/megnet_Vc_trial_2096_best_state.pt,"{'learning_rate': 0.00047075011069674943, 'lr_reduce': 0.6}",TPESampler,COMPLETE
2097,0.1546214371919632,2025-04-26 16:38:01.419154,2025-04-26 16:38:35.154647,0 days 00:00:33.735493,1,87,450,255.0,334.0,415.0,4,61,0.19025064500393654,0.0008543639662047501,0.6,/work3/arnaou/checkpoints/megnet_Vc_trial_2097_best_state.pt,"{'learning_rate': 0.0008543639662047501, 'lr_reduce': 0.6}",TPESampler,COMPLETE
2098,0.19116023182868958,2025-04-26 16:38:16.642722,2025-04-26 16:38:46.127340,0 days 00:00:29.484618,1,67,369,226.0,334.0,475.0,4,50,0.19208953899587206,0.0006832380871244583,0.6,/work3/arnaou/checkpoints/megnet_Vc_trial_2098_best_state.pt,"{'learning_rate': 0.0006832380871244583, 'lr_reduce': 0.6}",TPESampler,COMPLETE
2099,0.20449016988277435,2025-04-26 16:38:25.097673,2025-04-26 16:38:54.406831,0 days 00:00:29.309158,1,83,402,188.0,294.0,,3,65,0.19056760202751533,0.0009387693505920316,0.6,/work3/arnaou/checkpoints/megnet_Vc_trial_2099_best_state.pt,"{'learning_rate': 0.0009387693505920316, 'lr_reduce': 0.6}",TPESampler,COMPLETE
