number,value,datetime_start,datetime_complete,duration,params_depth,params_edge_hidden_dim,params_mlp_dim_00,params_mlp_dim_01,params_mlp_dim_02,params_mlp_dim_03,params_mlp_n_layers,params_node_hidden_dim,params_rep_dropout,params_train_learning_rate,params_train_lr_reduce,user_attrs_best_state_dict_path,user_attrs_training_params,system_attrs_auto:sampler,state
1291,0.3770690858364105,2025-04-26 15:15:25.942134,2025-04-26 15:15:44.794081,0 days 00:00:18.851947,1,45,312,352.0,153.0,114.0,4,43,0.24315972834273797,0.0019358758438963186,0.6,/work3/arnaou/checkpoints/megnet_Vc_trial_1291_best_state.pt,"{'learning_rate': 0.0019358758438963186, 'lr_reduce': 0.6}",TPESampler,COMPLETE
1292,0.3882712423801422,2025-04-26 15:15:32.540405,2025-04-26 15:16:02.535680,0 days 00:00:29.995275,1,80,489,510.0,98.0,447.0,4,51,0.24155479385543352,0.0019143449453982782,0.6,/work3/arnaou/checkpoints/megnet_Vc_trial_1292_best_state.pt,"{'learning_rate': 0.0019143449453982782, 'lr_reduce': 0.6}",TPESampler,COMPLETE
1293,1.864122748374939,2025-04-26 15:15:45.029639,2025-04-26 15:15:50.035714,0 days 00:00:05.006075,2,73,78,442.0,180.0,475.0,4,111,0.22235147046312498,0.00013384118401199845,0.6,/work3/arnaou/checkpoints/megnet_Vc_trial_1293_best_state.pt,"{'learning_rate': 0.00013384118401199845, 'lr_reduce': 0.6}",TPESampler,COMPLETE
1294,0.15594711899757385,2025-04-26 15:15:50.269773,2025-04-26 15:16:20.939245,0 days 00:00:30.669472,1,107,449,478.0,199.0,423.0,4,46,0.21691260147225772,0.0006831791658769323,0.6,/work3/arnaou/checkpoints/megnet_Vc_trial_1294_best_state.pt,"{'learning_rate': 0.0006831791658769323, 'lr_reduce': 0.6}",TPESampler,COMPLETE
1295,0.2481270730495453,2025-04-26 15:15:51.375379,2025-04-26 15:16:22.846072,0 days 00:00:31.470693,1,104,458,440.0,124.0,,3,66,0.2431467789096083,0.0005273673686933037,0.6,/work3/arnaou/checkpoints/megnet_Vc_trial_1295_best_state.pt,"{'learning_rate': 0.0005273673686933037, 'lr_reduce': 0.6}",TPESampler,COMPLETE
1296,0.1412411481142044,2025-04-26 15:16:02.779575,2025-04-26 15:16:33.781866,0 days 00:00:31.002291,1,71,497,65.0,146.0,363.0,4,94,0.13952068393234712,0.0005091125246953764,0.6,/work3/arnaou/checkpoints/megnet_Vc_trial_1296_best_state.pt,"{'learning_rate': 0.0005091125246953764, 'lr_reduce': 0.6}",TPESampler,COMPLETE
1297,0.6035295724868774,2025-04-26 15:16:21.343796,2025-04-26 15:16:37.769728,0 days 00:00:16.425932,2,116,342,228.0,96.0,,3,67,0.0639751236817639,0.005496549906292634,0.6,/work3/arnaou/checkpoints/megnet_Vc_trial_1297_best_state.pt,"{'learning_rate': 0.005496549906292634, 'lr_reduce': 0.6}",TPESampler,COMPLETE
1298,0.10441704839468002,2025-04-26 15:16:23.155715,2025-04-26 15:16:52.677167,0 days 00:00:29.521452,1,65,492,400.0,200.0,485.0,4,60,0.24923081227775773,0.0008523636640834609,0.6,/work3/arnaou/checkpoints/megnet_Vc_trial_1298_best_state.pt,"{'learning_rate': 0.0008523636640834609, 'lr_reduce': 0.6}",TPESampler,COMPLETE
1299,0.26781392097473145,2025-04-26 15:16:34.036423,2025-04-26 15:16:50.689239,0 days 00:00:16.652816,1,77,509,478.0,148.0,432.0,4,54,0.22990015432872685,0.0013790115833281534,0.6,/work3/arnaou/checkpoints/megnet_Vc_trial_1299_best_state.pt,"{'learning_rate': 0.0013790115833281534, 'lr_reduce': 0.6}",TPESampler,COMPLETE
1300,0.16373217105865479,2025-04-26 15:16:38.029541,2025-04-26 15:17:07.227256,0 days 00:00:29.197715,1,82,437,187.0,372.0,511.0,4,68,0.23651695733972575,0.0006812013620455488,0.6,/work3/arnaou/checkpoints/megnet_Vc_trial_1300_best_state.pt,"{'learning_rate': 0.0006812013620455488, 'lr_reduce': 0.6}",TPESampler,COMPLETE
1301,0.20580296218395233,2025-04-26 15:16:50.911836,2025-04-26 15:17:16.635467,0 days 00:00:25.723631,1,106,504,328.0,99.0,313.0,4,59,0.2481795085295669,0.0008647693892281515,0.6,/work3/arnaou/checkpoints/megnet_Vc_trial_1301_best_state.pt,"{'learning_rate': 0.0008647693892281515, 'lr_reduce': 0.6}",TPESampler,COMPLETE
1302,0.2608393728733063,2025-04-26 15:16:52.955883,2025-04-26 15:17:26.489587,0 days 00:00:33.533704,1,69,484,372.0,205.0,481.0,4,47,0.24454920051230145,0.00037602750353630355,0.6,/work3/arnaou/checkpoints/megnet_Vc_trial_1302_best_state.pt,"{'learning_rate': 0.00037602750353630355, 'lr_reduce': 0.6}",TPESampler,COMPLETE
1303,0.11629585176706314,2025-04-26 15:17:07.487206,2025-04-26 15:18:31.316690,0 days 00:01:23.829484,1,64,492,384.0,212.0,512.0,4,46,0.23680665770554682,0.0014101046147369234,0.6,/work3/arnaou/checkpoints/megnet_Vc_trial_1303_best_state.pt,"{'learning_rate': 0.0014101046147369234, 'lr_reduce': 0.6}",TPESampler,COMPLETE
1304,1.7529065608978271,2025-04-26 15:17:16.883646,2025-04-26 15:17:21.404334,0 days 00:00:04.520688,1,43,138,363.0,202.0,,3,35,0.09267418984792254,0.006362248346107982,0.6,/work3/arnaou/checkpoints/megnet_Vc_trial_1304_best_state.pt,"{'learning_rate': 0.006362248346107982, 'lr_reduce': 0.6}",TPESampler,COMPLETE
1305,0.1423622965812683,2025-04-26 15:17:21.611170,2025-04-26 15:19:26.083681,0 days 00:02:04.472511,2,41,430,391.0,198.0,479.0,4,55,0.2487229879934397,0.0015668359560941224,0.6,/work3/arnaou/checkpoints/megnet_Vc_trial_1305_best_state.pt,"{'learning_rate': 0.0015668359560941224, 'lr_reduce': 0.6}",TPESampler,COMPLETE
1306,0.5461056232452393,2025-04-26 15:17:26.707640,2025-04-26 15:20:10.508267,0 days 00:02:43.800627,1,58,473,367.0,207.0,474.0,4,55,0.21110072133407087,0.000995224185104557,0.6,/work3/arnaou/checkpoints/megnet_Vc_trial_1306_best_state.pt,"{'learning_rate': 0.000995224185104557, 'lr_reduce': 0.6}",TPESampler,COMPLETE
1307,1.788478136062622,2025-04-26 15:18:32.753886,2025-04-26 15:18:53.313949,0 days 00:00:20.560063,1,63,467,362.0,206.0,,3,37,0.22927792949095424,0.0031350136371903975,0.6,/work3/arnaou/checkpoints/megnet_Vc_trial_1307_best_state.pt,"{'learning_rate': 0.0031350136371903975, 'lr_reduce': 0.6}",TPESampler,COMPLETE
1308,0.15900687873363495,2025-04-26 15:18:56.343056,2025-04-26 15:20:17.083810,0 days 00:01:20.740754,1,65,468,371.0,201.0,512.0,4,44,0.23625807297418502,0.0012418495597637529,0.6,/work3/arnaou/checkpoints/megnet_Vc_trial_1308_best_state.pt,"{'learning_rate': 0.0012418495597637529, 'lr_reduce': 0.6}",TPESampler,COMPLETE
1309,1.8451007604599,2025-04-26 15:19:27.585342,2025-04-26 15:19:51.391685,0 days 00:00:23.806343,2,113,436,336.0,,,2,105,0.17865355921011547,0.0003277982666845601,0.6,/work3/arnaou/checkpoints/megnet_Vc_trial_1309_best_state.pt,"{'learning_rate': 0.0003277982666845601, 'lr_reduce': 0.6}",TPESampler,COMPLETE
1310,0.15125809609889984,2025-04-26 15:19:52.824739,2025-04-26 15:20:28.026750,0 days 00:00:35.202011,1,75,407,359.0,207.0,485.0,4,54,0.24196766575652062,0.0006769702190113603,0.6,/work3/arnaou/checkpoints/megnet_Vc_trial_1310_best_state.pt,"{'learning_rate': 0.0006769702190113603, 'lr_reduce': 0.6}",TPESampler,COMPLETE
1311,0.137013241648674,2025-04-26 15:20:10.855450,2025-04-26 15:20:45.684768,0 days 00:00:34.829318,1,68,507,337.0,201.0,501.0,4,64,0.21511134483749283,0.0012410015895111853,0.6,/work3/arnaou/checkpoints/megnet_Vc_trial_1311_best_state.pt,"{'learning_rate': 0.0012410015895111853, 'lr_reduce': 0.6}",TPESampler,COMPLETE
1312,1.816220760345459,2025-04-26 15:20:17.338423,2025-04-26 15:20:21.034510,0 days 00:00:03.696087,1,65,457,382.0,203.0,511.0,4,58,0.24221419410760178,0.0019257583897701576,0.6,/work3/arnaou/checkpoints/megnet_Vc_trial_1312_best_state.pt,"{'learning_rate': 0.0019257583897701576, 'lr_reduce': 0.6}",TPESampler,COMPLETE
1313,1.8596543073654175,2025-04-26 15:20:21.696314,2025-04-26 15:20:26.558532,0 days 00:00:04.862218,4,47,280,,,,1,124,0.10395574153780657,0.0002674112438672043,0.6,/work3/arnaou/checkpoints/megnet_Vc_trial_1313_best_state.pt,"{'learning_rate': 0.0002674112438672043, 'lr_reduce': 0.6}",TPESampler,COMPLETE
1314,0.21303227543830872,2025-04-26 15:20:26.798756,2025-04-26 15:21:11.155096,0 days 00:00:44.356340,2,69,479,329.0,207.0,512.0,4,55,0.1933729990656081,0.0011513330286196594,0.6,/work3/arnaou/checkpoints/megnet_Vc_trial_1314_best_state.pt,"{'learning_rate': 0.0011513330286196594, 'lr_reduce': 0.6}",TPESampler,COMPLETE
1315,1.8510143756866455,2025-04-26 15:20:28.257732,2025-04-26 15:20:32.850394,0 days 00:00:04.592662,1,64,483,365.0,208.0,508.0,4,39,0.20521363733634165,0.001293313036539948,0.6,/work3/arnaou/checkpoints/megnet_Vc_trial_1315_best_state.pt,"{'learning_rate': 0.001293313036539948, 'lr_reduce': 0.6}",TPESampler,COMPLETE
1316,0.10015866160392761,2025-04-26 15:20:33.101625,2025-04-26 15:21:12.234198,0 days 00:00:39.132573,1,92,491,377.0,192.0,511.0,4,65,0.24321923040409893,0.0006411080975140335,0.6,/work3/arnaou/checkpoints/megnet_Vc_trial_1316_best_state.pt,"{'learning_rate': 0.0006411080975140335, 'lr_reduce': 0.6}",TPESampler,COMPLETE
1317,1.1293731927871704,2025-04-26 15:20:45.926822,2025-04-26 15:21:34.697323,0 days 00:00:48.770501,2,47,467,378.0,178.0,512.0,4,42,0.23995799007658591,0.0006775438529052705,0.6,/work3/arnaou/checkpoints/megnet_Vc_trial_1317_best_state.pt,"{'learning_rate': 0.0006775438529052705, 'lr_reduce': 0.6}",TPESampler,COMPLETE
1318,1.8617526292800903,2025-04-26 15:21:11.499992,2025-04-26 15:21:19.737004,0 days 00:00:08.237012,1,51,418,376.0,180.0,509.0,4,64,0.22985968373372084,0.0005408710980188731,0.6,/work3/arnaou/checkpoints/megnet_Vc_trial_1318_best_state.pt,"{'learning_rate': 0.0005408710980188731, 'lr_reduce': 0.6}",TPESampler,COMPLETE
1319,1.8633992671966553,2025-04-26 15:21:12.703058,2025-04-26 15:21:20.667353,0 days 00:00:07.964295,1,99,484,359.0,221.0,502.0,4,78,0.1936717846658732,0.0003541526536211639,0.6,/work3/arnaou/checkpoints/megnet_Vc_trial_1319_best_state.pt,"{'learning_rate': 0.0003541526536211639, 'lr_reduce': 0.6}",TPESampler,COMPLETE
1320,1.8423737287521362,2025-04-26 15:21:20.012355,2025-04-26 15:21:24.237767,0 days 00:00:04.225412,1,67,425,331.0,215.0,,3,75,0.249835141529217,0.000727111779424048,0.6,/work3/arnaou/checkpoints/megnet_Vc_trial_1320_best_state.pt,"{'learning_rate': 0.000727111779424048, 'lr_reduce': 0.6}",TPESampler,COMPLETE
1321,1.8524950742721558,2025-04-26 15:21:20.929609,2025-04-26 15:21:24.870443,0 days 00:00:03.940834,1,72,508,367.0,203.0,,3,45,0.22213879134499162,0.0007312132484170118,0.6,/work3/arnaou/checkpoints/megnet_Vc_trial_1321_best_state.pt,"{'learning_rate': 0.0007312132484170118, 'lr_reduce': 0.6}",TPESampler,COMPLETE
1322,1.7915843725204468,2025-04-26 15:21:24.514406,2025-04-26 15:21:30.588746,0 days 00:00:06.074340,4,74,363,,,,1,83,0.16077057367230618,0.00898145378549004,0.6,/work3/arnaou/checkpoints/megnet_Vc_trial_1322_best_state.pt,"{'learning_rate': 0.00898145378549004, 'lr_reduce': 0.6}",TPESampler,COMPLETE
1323,1.8604153394699097,2025-04-26 15:21:25.176223,2025-04-26 15:21:30.589813,0 days 00:00:05.413590,1,104,475,385.0,180.0,511.0,4,62,0.24758200136348327,0.0004007800443034195,0.6,/work3/arnaou/checkpoints/megnet_Vc_trial_1323_best_state.pt,"{'learning_rate': 0.0004007800443034195, 'lr_reduce': 0.6}",TPESampler,COMPLETE
1324,0.2759615480899811,2025-04-26 15:21:30.835822,2025-04-26 15:22:11.029042,0 days 00:00:40.193220,2,60,509,325.0,202.0,,3,75,0.19875917371715804,0.001051014054070353,0.6,/work3/arnaou/checkpoints/megnet_Vc_trial_1324_best_state.pt,"{'learning_rate': 0.001051014054070353, 'lr_reduce': 0.6}",TPESampler,COMPLETE
1325,1.8665876388549805,2025-04-26 15:21:30.890363,2025-04-26 15:21:35.185527,0 days 00:00:04.295164,1,89,507,390.0,179.0,510.0,4,50,0.20024234312669995,0.00016398100157247365,0.6,/work3/arnaou/checkpoints/megnet_Vc_trial_1325_best_state.pt,"{'learning_rate': 0.00016398100157247365, 'lr_reduce': 0.6}",TPESampler,COMPLETE
1326,1.8629765510559082,2025-04-26 15:21:34.986972,2025-04-26 15:21:40.183812,0 days 00:00:05.196840,2,102,418,388.0,184.0,511.0,4,63,0.23983239104344609,0.000427155610836391,0.6,/work3/arnaou/checkpoints/megnet_Vc_trial_1326_best_state.pt,"{'learning_rate': 0.000427155610836391, 'lr_reduce': 0.6}",TPESampler,COMPLETE
1327,1.8149181604385376,2025-04-26 15:21:35.433634,2025-04-26 15:21:40.801787,0 days 00:00:05.368153,1,67,433,358.0,215.0,482.0,4,37,0.2499903977663528,0.007123163624657458,0.6,/work3/arnaou/checkpoints/megnet_Vc_trial_1327_best_state.pt,"{'learning_rate': 0.007123163624657458, 'lr_reduce': 0.6}",TPESampler,COMPLETE
1328,1.8621783256530762,2025-04-26 15:21:40.443349,2025-04-26 15:21:44.922129,0 days 00:00:04.478780,1,58,510,389.0,167.0,472.0,4,72,0.2360139499668203,0.00030041410428075877,0.6,/work3/arnaou/checkpoints/megnet_Vc_trial_1328_best_state.pt,"{'learning_rate': 0.00030041410428075877, 'lr_reduce': 0.6}",TPESampler,COMPLETE
1329,0.4739468991756439,2025-04-26 15:21:41.292730,2025-04-26 15:22:20.737050,0 days 00:00:39.444320,1,122,490,326.0,227.0,512.0,4,87,0.23378028222950856,0.0004266689853551132,0.6,/work3/arnaou/checkpoints/megnet_Vc_trial_1329_best_state.pt,"{'learning_rate': 0.0004266689853551132, 'lr_reduce': 0.6}",TPESampler,COMPLETE
1330,1.8450056314468384,2025-04-26 15:21:45.154706,2025-04-26 15:21:50.572737,0 days 00:00:05.418031,4,59,340,391.0,168.0,512.0,4,119,0.14735270603595224,0.0014419923251234195,0.6,/work3/arnaou/checkpoints/megnet_Vc_trial_1330_best_state.pt,"{'learning_rate': 0.0014419923251234195, 'lr_reduce': 0.6}",TPESampler,COMPLETE
1331,1.8594975471496582,2025-04-26 15:21:50.805968,2025-04-26 15:21:56.629908,0 days 00:00:05.823940,2,56,494,393.0,226.0,478.0,4,52,0.2434672366376914,0.0006468377948229937,0.6,/work3/arnaou/checkpoints/megnet_Vc_trial_1331_best_state.pt,"{'learning_rate': 0.0006468377948229937, 'lr_reduce': 0.6}",TPESampler,COMPLETE
1332,0.2105710804462433,2025-04-26 15:21:56.889740,2025-04-26 15:22:33.372573,0 days 00:00:36.482833,1,107,497,348.0,177.0,511.0,4,81,0.21423162716186514,0.0008364351235801508,0.6,/work3/arnaou/checkpoints/megnet_Vc_trial_1332_best_state.pt,"{'learning_rate': 0.0008364351235801508, 'lr_reduce': 0.6}",TPESampler,COMPLETE
1333,1.8547312021255493,2025-04-26 15:22:11.310736,2025-04-26 15:22:15.826146,0 days 00:00:04.515410,1,95,417,393.0,220.0,475.0,4,47,0.24891403198728784,0.00070146690018583,0.6,/work3/arnaou/checkpoints/megnet_Vc_trial_1333_best_state.pt,"{'learning_rate': 0.00070146690018583, 'lr_reduce': 0.6}",TPESampler,COMPLETE
1334,1.8453073501586914,2025-04-26 15:22:16.076779,2025-04-26 15:22:20.737661,0 days 00:00:04.660882,1,99,448,345.0,159.0,,3,53,0.24997895663650174,0.0007411085635412412,0.6,/work3/arnaou/checkpoints/megnet_Vc_trial_1334_best_state.pt,"{'learning_rate': 0.0007411085635412412, 'lr_reduce': 0.6}",TPESampler,COMPLETE
1335,1.856894612312317,2025-04-26 15:22:20.934126,2025-04-26 15:22:25.929433,0 days 00:00:04.995307,1,83,416,401.0,166.0,470.0,4,36,0.2479883937301126,0.0007770620934544448,0.6,/work3/arnaou/checkpoints/megnet_Vc_trial_1335_best_state.pt,"{'learning_rate': 0.0007770620934544448, 'lr_reduce': 0.6}",TPESampler,COMPLETE
1336,0.17544318735599518,2025-04-26 15:22:20.980778,2025-04-26 15:22:56.618488,0 days 00:00:35.637710,1,75,451,387.0,160.0,480.0,4,59,0.24781885235297216,0.0005427386171672341,0.6,/work3/arnaou/checkpoints/megnet_Vc_trial_1336_best_state.pt,"{'learning_rate': 0.0005427386171672341, 'lr_reduce': 0.6}",TPESampler,COMPLETE
1337,0.3259490430355072,2025-04-26 15:22:26.586259,2025-04-26 15:22:45.779531,0 days 00:00:19.193272,1,72,475,344.0,220.0,468.0,4,68,0.22823056524286486,0.0010202055059291937,0.6,/work3/arnaou/checkpoints/megnet_Vc_trial_1337_best_state.pt,"{'learning_rate': 0.0010202055059291937, 'lr_reduce': 0.6}",TPESampler,COMPLETE
1338,0.16963601112365723,2025-04-26 15:22:33.634363,2025-04-26 15:23:09.486741,0 days 00:00:35.852378,1,77,505,405.0,220.0,,3,64,0.2197798739805203,0.0008623049799123555,0.6,/work3/arnaou/checkpoints/megnet_Vc_trial_1338_best_state.pt,"{'learning_rate': 0.0008623049799123555, 'lr_reduce': 0.6}",TPESampler,COMPLETE
1339,0.3680303394794464,2025-04-26 15:22:46.066288,2025-04-26 15:23:05.904443,0 days 00:00:19.838155,2,74,505,397.0,162.0,476.0,4,71,0.19561147225113582,0.0006284995550237481,0.6,/work3/arnaou/checkpoints/megnet_Vc_trial_1339_best_state.pt,"{'learning_rate': 0.0006284995550237481, 'lr_reduce': 0.6}",TPESampler,COMPLETE
1340,0.385926216840744,2025-04-26 15:22:56.890023,2025-04-26 15:23:15.584026,0 days 00:00:18.694003,1,51,512,346.0,144.0,476.0,4,43,0.23020963772418412,0.0032665132313222734,0.6,/work3/arnaou/checkpoints/megnet_Vc_trial_1340_best_state.pt,"{'learning_rate': 0.0032665132313222734, 'lr_reduce': 0.6}",TPESampler,COMPLETE
1341,0.21343417465686798,2025-04-26 15:23:06.157736,2025-04-26 15:23:45.332186,0 days 00:00:39.174450,2,81,503,395.0,211.0,511.0,4,78,0.24207687545100617,0.000847130593836664,0.6,/work3/arnaou/checkpoints/megnet_Vc_trial_1341_best_state.pt,"{'learning_rate': 0.000847130593836664, 'lr_reduce': 0.6}",TPESampler,COMPLETE
1342,1.8605170249938965,2025-04-26 15:23:09.734344,2025-04-26 15:23:15.308480,0 days 00:00:05.574136,2,76,428,396.0,184.0,512.0,4,58,0.2430266216083033,0.0002532610152385386,0.6,/work3/arnaou/checkpoints/megnet_Vc_trial_1342_best_state.pt,"{'learning_rate': 0.0002532610152385386, 'lr_reduce': 0.6}",TPESampler,COMPLETE
1343,0.20658642053604126,2025-04-26 15:23:15.525732,2025-04-26 15:23:39.730133,0 days 00:00:24.204401,1,80,484,326.0,139.0,454.0,4,57,0.24938492851872698,0.0011654116386112152,0.6,/work3/arnaou/checkpoints/megnet_Vc_trial_1343_best_state.pt,"{'learning_rate': 0.0011654116386112152, 'lr_reduce': 0.6}",TPESampler,COMPLETE
1344,0.1687709242105484,2025-04-26 15:23:15.788946,2025-04-26 15:23:50.631267,0 days 00:00:34.842321,1,88,469,407.0,134.0,464.0,4,64,0.2381040811066551,0.0016020941424179018,0.6,/work3/arnaou/checkpoints/megnet_Vc_trial_1344_best_state.pt,"{'learning_rate': 0.0016020941424179018, 'lr_reduce': 0.6}",TPESampler,COMPLETE
1345,0.24516278505325317,2025-04-26 15:23:39.970356,2025-04-26 15:24:09.206932,0 days 00:00:29.236576,1,61,512,407.0,225.0,458.0,4,60,0.2420965383992829,0.0012069272547699356,0.6,/work3/arnaou/checkpoints/megnet_Vc_trial_1345_best_state.pt,"{'learning_rate': 0.0012069272547699356, 'lr_reduce': 0.6}",TPESampler,COMPLETE
1346,0.5022587776184082,2025-04-26 15:23:45.565660,2025-04-26 15:24:01.745408,0 days 00:00:16.179748,1,53,509,357.0,169.0,471.0,4,56,0.18111281391778825,0.002456476552978316,0.6,/work3/arnaou/checkpoints/megnet_Vc_trial_1346_best_state.pt,"{'learning_rate': 0.002456476552978316, 'lr_reduce': 0.6}",TPESampler,COMPLETE
1347,0.3039045035839081,2025-04-26 15:23:50.860934,2025-04-26 15:24:21.964230,0 days 00:00:31.103296,1,53,418,407.0,104.0,449.0,4,61,0.24472864192759564,0.0012492615409834902,0.6,/work3/arnaou/checkpoints/megnet_Vc_trial_1347_best_state.pt,"{'learning_rate': 0.0012492615409834902, 'lr_reduce': 0.6}",TPESampler,COMPLETE
1348,1.80862295627594,2025-04-26 15:24:02.010281,2025-04-26 15:24:36.242755,0 days 00:00:34.232474,1,40,440,368.0,220.0,,3,66,0.2408497922841506,0.0005020669671014432,0.6,/work3/arnaou/checkpoints/megnet_Vc_trial_1348_best_state.pt,"{'learning_rate': 0.0005020669671014432, 'lr_reduce': 0.6}",TPESampler,COMPLETE
1349,1.859167218208313,2025-04-26 15:24:09.451184,2025-04-26 15:24:13.724015,0 days 00:00:04.272831,1,84,500,414.0,185.0,511.0,4,53,0.23058366060857285,0.0004939483283603592,0.6,/work3/arnaou/checkpoints/megnet_Vc_trial_1349_best_state.pt,"{'learning_rate': 0.0004939483283603592, 'lr_reduce': 0.6}",TPESampler,COMPLETE
1350,1.8487080335617065,2025-04-26 15:24:13.986690,2025-04-26 15:24:17.480814,0 days 00:00:03.494124,2,98,480,337.0,128.0,,3,97,0.23244738401062248,0.0005070839975479707,0.6,/work3/arnaou/checkpoints/megnet_Vc_trial_1350_best_state.pt,"{'learning_rate': 0.0005070839975479707, 'lr_reduce': 0.6}",TPESampler,COMPLETE
1351,1.860691785812378,2025-04-26 15:24:17.707893,2025-04-26 15:24:24.395473,0 days 00:00:06.687580,1,80,148,367.0,,,2,63,0.2394286340475967,0.00026606640770009257,0.6,/work3/arnaou/checkpoints/megnet_Vc_trial_1351_best_state.pt,"{'learning_rate': 0.00026606640770009257, 'lr_reduce': 0.6}",TPESampler,COMPLETE
1352,1.8678174018859863,2025-04-26 15:24:22.207609,2025-04-26 15:24:26.294619,0 days 00:00:04.087010,2,64,501,105.0,94.0,511.0,4,82,0.24816933725201767,0.0002838178697377517,0.6,/work3/arnaou/checkpoints/megnet_Vc_trial_1352_best_state.pt,"{'learning_rate': 0.0002838178697377517, 'lr_reduce': 0.6}",TPESampler,COMPLETE
1353,1.848669409751892,2025-04-26 15:24:24.597755,2025-04-26 15:24:28.476926,0 days 00:00:03.879171,2,34,511,410.0,158.0,444.0,4,90,0.24911235234288334,0.0011561480130069875,0.6,/work3/arnaou/checkpoints/megnet_Vc_trial_1353_best_state.pt,"{'learning_rate': 0.0011561480130069875, 'lr_reduce': 0.6}",TPESampler,COMPLETE
1354,0.20575913786888123,2025-04-26 15:24:26.501100,2025-04-26 15:24:58.951888,0 days 00:00:32.450788,1,88,493,419.0,231.0,469.0,4,66,0.23698151919908528,0.0006733425873186233,0.6,/work3/arnaou/checkpoints/megnet_Vc_trial_1354_best_state.pt,"{'learning_rate': 0.0006733425873186233, 'lr_reduce': 0.6}",TPESampler,COMPLETE
1355,1.8546022176742554,2025-04-26 15:24:28.710494,2025-04-26 15:24:32.886929,0 days 00:00:04.176435,1,75,372,417.0,67.0,512.0,4,46,0.2115171527582566,0.0012130468428513698,0.6,/work3/arnaou/checkpoints/megnet_Vc_trial_1355_best_state.pt,"{'learning_rate': 0.0012130468428513698, 'lr_reduce': 0.6}",TPESampler,COMPLETE
1356,1.8517608642578125,2025-04-26 15:24:33.126659,2025-04-26 15:24:37.021090,0 days 00:00:03.894431,2,60,414,112.0,178.0,442.0,4,33,0.2466534669808649,0.0018747184932653154,0.6,/work3/arnaou/checkpoints/megnet_Vc_trial_1356_best_state.pt,"{'learning_rate': 0.0018747184932653154, 'lr_reduce': 0.6}",TPESampler,COMPLETE
1357,0.3861970901489258,2025-04-26 15:24:36.472252,2025-04-26 15:24:57.018481,0 days 00:00:20.546229,1,60,355,307.0,136.0,444.0,4,93,0.12831153073079124,0.000865882568942915,0.6,/work3/arnaou/checkpoints/megnet_Vc_trial_1357_best_state.pt,"{'learning_rate': 0.000865882568942915, 'lr_reduce': 0.6}",TPESampler,COMPLETE
