number,value,datetime_start,datetime_complete,duration,params_depth,params_edge_hidden_dim,params_mlp_dim_00,params_mlp_dim_01,params_mlp_dim_02,params_mlp_dim_03,params_mlp_n_layers,params_node_hidden_dim,params_rep_dropout,params_train_learning_rate,params_train_lr_reduce,user_attrs_best_state_dict_path,user_attrs_training_params,system_attrs_auto:sampler,state
1156,1.868283987045288,2025-04-26 15:03:03.592414,2025-04-26 15:03:08.400852,0 days 00:00:04.808438,2,55,477,433.0,172.0,473.0,4,55,0.15967825180475873,0.00026218133444200133,0.6,/work3/arnaou/checkpoints/megnet_Vc_trial_1156_best_state.pt,"{'learning_rate': 0.00026218133444200133, 'lr_reduce': 0.6}",TPESampler,COMPLETE
1157,0.12116964906454086,2025-04-26 15:03:06.253481,2025-04-26 15:03:35.094450,0 days 00:00:28.840969,1,59,439,151.0,118.0,407.0,4,56,0.23311374862439968,0.00084625064064768,0.6,/work3/arnaou/checkpoints/megnet_Vc_trial_1157_best_state.pt,"{'learning_rate': 0.00084625064064768, 'lr_reduce': 0.6}",TPESampler,COMPLETE
1158,0.26698246598243713,2025-04-26 15:03:08.620270,2025-04-26 15:03:34.615721,0 days 00:00:25.995451,1,71,407,222.0,98.0,424.0,4,88,0.17456012300444693,0.0006441882220709833,0.6,/work3/arnaou/checkpoints/megnet_Vc_trial_1158_best_state.pt,"{'learning_rate': 0.0006441882220709833, 'lr_reduce': 0.6}",TPESampler,COMPLETE
1159,1.7817389965057373,2025-04-26 15:03:20.474332,2025-04-26 15:03:24.128273,0 days 00:00:03.653941,2,128,386,138.0,,,2,48,0.12942564414741753,0.0024275037122674877,0.6,/work3/arnaou/checkpoints/megnet_Vc_trial_1159_best_state.pt,"{'learning_rate': 0.0024275037122674877, 'lr_reduce': 0.6}",TPESampler,COMPLETE
1160,0.23876233398914337,2025-04-26 15:03:24.350562,2025-04-26 15:03:47.695389,0 days 00:00:23.344827,1,47,363,111.0,139.0,443.0,4,47,0.23862647520939548,0.0019741268927761916,0.6,/work3/arnaou/checkpoints/megnet_Vc_trial_1160_best_state.pt,"{'learning_rate': 0.0019741268927761916, 'lr_reduce': 0.6}",TPESampler,COMPLETE
1161,0.11830712109804153,2025-04-26 15:03:34.851686,2025-04-26 15:04:05.116475,0 days 00:00:30.264789,1,54,445,122.0,91.0,371.0,4,50,0.2481348191359509,0.0014070991759748098,0.6,/work3/arnaou/checkpoints/megnet_Vc_trial_1161_best_state.pt,"{'learning_rate': 0.0014070991759748098, 'lr_reduce': 0.6}",TPESampler,COMPLETE
1162,0.1634715348482132,2025-04-26 15:03:35.347769,2025-04-26 15:04:04.291754,0 days 00:00:28.943985,1,55,507,159.0,87.0,377.0,4,69,0.2480038424558833,0.000807268336137485,0.6,/work3/arnaou/checkpoints/megnet_Vc_trial_1162_best_state.pt,"{'learning_rate': 0.000807268336137485, 'lr_reduce': 0.6}",TPESampler,COMPLETE
1163,0.6115982532501221,2025-04-26 15:03:47.904022,2025-04-26 15:03:59.570826,0 days 00:00:11.666804,1,66,389,173.0,112.0,,3,40,0.22267643570371357,0.0007968262976635307,0.6,/work3/arnaou/checkpoints/megnet_Vc_trial_1163_best_state.pt,"{'learning_rate': 0.0007968262976635307, 'lr_reduce': 0.6}",TPESampler,COMPLETE
1164,1.5270153284072876,2025-04-26 15:03:59.805226,2025-04-26 15:04:09.793046,0 days 00:00:09.987820,4,72,246,,,,1,56,0.10515458947298953,0.00031292241413429254,0.6,/work3/arnaou/checkpoints/megnet_Vc_trial_1164_best_state.pt,"{'learning_rate': 0.00031292241413429254, 'lr_reduce': 0.6}",TPESampler,COMPLETE
1165,1.7919342517852783,2025-04-26 15:04:04.723136,2025-04-26 15:04:09.451221,0 days 00:00:04.728085,4,83,85,78.0,,,2,81,0.11700820560324252,0.0022953194068354586,0.6,/work3/arnaou/checkpoints/megnet_Vc_trial_1165_best_state.pt,"{'learning_rate': 0.0022953194068354586, 'lr_reduce': 0.6}",TPESampler,COMPLETE
1166,0.4021410346031189,2025-04-26 15:04:05.320026,2025-04-26 15:04:38.563482,0 days 00:00:33.243456,2,54,97,108.0,,,2,128,0.06056198885169517,0.0005589338484065782,0.6,/work3/arnaou/checkpoints/megnet_Vc_trial_1166_best_state.pt,"{'learning_rate': 0.0005589338484065782, 'lr_reduce': 0.6}",TPESampler,COMPLETE
1167,1.8621677160263062,2025-04-26 15:04:09.660668,2025-04-26 15:04:13.664752,0 days 00:00:04.004084,2,72,265,116.0,69.0,364.0,4,39,0.24436597713465677,0.0005202288523736381,0.6,/work3/arnaou/checkpoints/megnet_Vc_trial_1167_best_state.pt,"{'learning_rate': 0.0005202288523736381, 'lr_reduce': 0.6}",TPESampler,COMPLETE
1168,1.8059206008911133,2025-04-26 15:04:10.001546,2025-04-26 15:04:13.726688,0 days 00:00:03.725142,4,33,83,126.0,,,2,50,0.06833342487856028,0.003544529150307049,0.6,/work3/arnaou/checkpoints/megnet_Vc_trial_1168_best_state.pt,"{'learning_rate': 0.003544529150307049, 'lr_reduce': 0.6}",TPESampler,COMPLETE
1169,1.817553997039795,2025-04-26 15:04:14.048498,2025-04-26 15:04:17.591860,0 days 00:00:03.543362,1,55,461,123.0,67.0,,3,34,0.2475539237174138,0.0006191032732582494,0.6,/work3/arnaou/checkpoints/megnet_Vc_trial_1169_best_state.pt,"{'learning_rate': 0.0006191032732582494, 'lr_reduce': 0.6}",TPESampler,COMPLETE
1170,1.8638254404067993,2025-04-26 15:04:14.174369,2025-04-26 15:04:18.323777,0 days 00:00:04.149408,1,59,381,120.0,73.0,308.0,4,55,0.24006044709973115,0.00033965207666241613,0.6,/work3/arnaou/checkpoints/megnet_Vc_trial_1170_best_state.pt,"{'learning_rate': 0.00033965207666241613, 'lr_reduce': 0.6}",TPESampler,COMPLETE
1171,0.14564040303230286,2025-04-26 15:04:17.812710,2025-04-26 15:04:49.070035,0 days 00:00:31.257325,1,57,454,120.0,93.0,376.0,4,51,0.24256457697151002,0.0005786859346065819,0.6,/work3/arnaou/checkpoints/megnet_Vc_trial_1171_best_state.pt,"{'learning_rate': 0.0005786859346065819, 'lr_reduce': 0.6}",TPESampler,COMPLETE
1172,0.21544373035430908,2025-04-26 15:04:18.531851,2025-04-26 15:04:42.874769,0 days 00:00:24.342918,2,51,317,81.0,98.0,403.0,4,36,0.24071007348430254,0.005159362328763113,0.6,/work3/arnaou/checkpoints/megnet_Vc_trial_1172_best_state.pt,"{'learning_rate': 0.005159362328763113, 'lr_reduce': 0.6}",TPESampler,COMPLETE
1173,1.8360198736190796,2025-04-26 15:04:38.809653,2025-04-26 15:04:42.226077,0 days 00:00:03.416424,1,33,401,107.0,99.0,,3,59,0.22820017271579546,0.0014636852808198408,0.6,/work3/arnaou/checkpoints/megnet_Vc_trial_1173_best_state.pt,"{'learning_rate': 0.0014636852808198408, 'lr_reduce': 0.6}",TPESampler,COMPLETE
1174,0.1475968062877655,2025-04-26 15:04:42.450562,2025-04-26 15:05:15.047776,0 days 00:00:32.597214,2,57,355,130.0,112.0,389.0,4,40,0.23301865103436797,0.0013996504341395029,0.6,/work3/arnaou/checkpoints/megnet_Vc_trial_1174_best_state.pt,"{'learning_rate': 0.0013996504341395029, 'lr_reduce': 0.6}",TPESampler,COMPLETE
1175,0.2572871148586273,2025-04-26 15:04:43.121592,2025-04-26 15:05:13.323730,0 days 00:00:30.202138,1,35,500,194.0,114.0,355.0,4,53,0.2476600795282314,0.0007313621885654426,0.6,/work3/arnaou/checkpoints/megnet_Vc_trial_1175_best_state.pt,"{'learning_rate': 0.0007313621885654426, 'lr_reduce': 0.6}",TPESampler,COMPLETE
1176,0.21352319419384003,2025-04-26 15:04:49.345638,2025-04-26 15:05:16.910030,0 days 00:00:27.564392,1,48,482,155.0,111.0,402.0,4,67,0.2454456873399584,0.0016005039849391858,0.6,/work3/arnaou/checkpoints/megnet_Vc_trial_1176_best_state.pt,"{'learning_rate': 0.0016005039849391858, 'lr_reduce': 0.6}",TPESampler,COMPLETE
1177,0.31627175211906433,2025-04-26 15:05:13.590111,2025-04-26 15:05:42.610738,0 days 00:00:29.020627,1,40,232,141.0,65.0,65.0,4,38,0.24718692684484914,0.001559674909816378,0.6,/work3/arnaou/checkpoints/megnet_Vc_trial_1177_best_state.pt,"{'learning_rate': 0.001559674909816378, 'lr_reduce': 0.6}",TPESampler,COMPLETE
1178,1.8043711185455322,2025-04-26 15:05:15.268123,2025-04-26 15:05:18.513034,0 days 00:00:03.244911,1,53,194,78.0,,,2,45,0.23170740114860178,0.0018598380563234292,0.6,/work3/arnaou/checkpoints/megnet_Vc_trial_1178_best_state.pt,"{'learning_rate': 0.0018598380563234292, 'lr_reduce': 0.6}",TPESampler,COMPLETE
1179,1.8491392135620117,2025-04-26 15:05:17.150817,2025-04-26 15:05:20.974805,0 days 00:00:03.823988,1,122,373,133.0,116.0,405.0,4,128,0.048646703559751675,0.0002076069066974281,0.6,/work3/arnaou/checkpoints/megnet_Vc_trial_1179_best_state.pt,"{'learning_rate': 0.0002076069066974281, 'lr_reduce': 0.6}",TPESampler,COMPLETE
1180,1.8574551343917847,2025-04-26 15:05:18.743487,2025-04-26 15:05:22.411270,0 days 00:00:03.667783,1,58,275,149.0,126.0,335.0,4,38,0.22482896143126405,0.00070677505943471,0.6,/work3/arnaou/checkpoints/megnet_Vc_trial_1180_best_state.pt,"{'learning_rate': 0.00070677505943471, 'lr_reduce': 0.6}",TPESampler,COMPLETE
1181,1.2576171159744263,2025-04-26 15:05:21.201761,2025-04-26 15:05:26.958834,0 days 00:00:05.757073,1,64,382,154.0,119.0,414.0,4,71,0.23031907131390092,0.001713532106914292,0.6,/work3/arnaou/checkpoints/megnet_Vc_trial_1181_best_state.pt,"{'learning_rate': 0.001713532106914292, 'lr_reduce': 0.6}",TPESampler,COMPLETE
1182,1.8677750825881958,2025-04-26 15:05:22.664872,2025-04-26 15:05:27.499412,0 days 00:00:04.834540,4,67,271,105.0,67.0,413.0,4,44,0.13220007095441438,0.00012008241714370293,0.6,/work3/arnaou/checkpoints/megnet_Vc_trial_1182_best_state.pt,"{'learning_rate': 0.00012008241714370293, 'lr_reduce': 0.6}",TPESampler,COMPLETE
1183,1.8142192363739014,2025-04-26 15:05:27.171808,2025-04-26 15:05:30.862334,0 days 00:00:03.690526,1,61,402,151.0,128.0,423.0,4,39,0.24022190161698745,0.002602839412295572,0.6,/work3/arnaou/checkpoints/megnet_Vc_trial_1183_best_state.pt,"{'learning_rate': 0.002602839412295572, 'lr_reduce': 0.6}",TPESampler,COMPLETE
1184,1.0970594882965088,2025-04-26 15:05:27.712448,2025-04-26 15:06:02.366061,0 days 00:00:34.653613,1,68,234,123.0,128.0,431.0,4,48,0.24990136828275228,0.0007946306235982254,0.6,/work3/arnaou/checkpoints/megnet_Vc_trial_1184_best_state.pt,"{'learning_rate': 0.0007946306235982254, 'lr_reduce': 0.6}",TPESampler,COMPLETE
1185,0.16016297042369843,2025-04-26 15:05:31.083284,2025-04-26 15:06:00.366672,0 days 00:00:29.283388,1,56,332,89.0,127.0,345.0,4,51,0.21992869382374616,0.0011028330385536712,0.6,/work3/arnaou/checkpoints/megnet_Vc_trial_1185_best_state.pt,"{'learning_rate': 0.0011028330385536712, 'lr_reduce': 0.6}",TPESampler,COMPLETE
1186,0.1370331048965454,2025-04-26 15:05:42.893218,2025-04-26 15:06:10.102215,0 days 00:00:27.208997,1,60,475,86.0,95.0,398.0,4,50,0.21277452362364152,0.0011458133916977592,0.6,/work3/arnaou/checkpoints/megnet_Vc_trial_1186_best_state.pt,"{'learning_rate': 0.0011458133916977592, 'lr_reduce': 0.6}",TPESampler,COMPLETE
1187,1.8478344678878784,2025-04-26 15:06:00.654016,2025-04-26 15:06:03.996894,0 days 00:00:03.342878,1,57,381,112.0,133.0,432.0,4,50,0.23357428409141306,0.0011928289772382258,0.6,/work3/arnaou/checkpoints/megnet_Vc_trial_1187_best_state.pt,"{'learning_rate': 0.0011928289772382258, 'lr_reduce': 0.6}",TPESampler,COMPLETE
1188,0.2522328197956085,2025-04-26 15:06:02.590913,2025-04-26 15:06:34.564330,0 days 00:00:31.973417,1,43,400,142.0,139.0,444.0,4,57,0.21066292175716297,0.0004836268778282094,0.6,/work3/arnaou/checkpoints/megnet_Vc_trial_1188_best_state.pt,"{'learning_rate': 0.0004836268778282094, 'lr_reduce': 0.6}",TPESampler,COMPLETE
1189,1.8544131517410278,2025-04-26 15:06:04.210158,2025-04-26 15:06:08.038421,0 days 00:00:03.828263,1,63,315,167.0,93.0,382.0,4,35,0.2443876853704919,0.0015275374655242798,0.6,/work3/arnaou/checkpoints/megnet_Vc_trial_1189_best_state.pt,"{'learning_rate': 0.0015275374655242798, 'lr_reduce': 0.6}",TPESampler,COMPLETE
1190,1.8123537302017212,2025-04-26 15:06:08.252216,2025-04-26 15:06:11.920196,0 days 00:00:03.667980,2,35,344,159.0,141.0,,3,100,0.13954868931833345,0.002078910583798722,0.6,/work3/arnaou/checkpoints/megnet_Vc_trial_1190_best_state.pt,"{'learning_rate': 0.002078910583798722, 'lr_reduce': 0.6}",TPESampler,COMPLETE
1191,1.844372272491455,2025-04-26 15:06:10.302836,2025-04-26 15:06:13.804537,0 days 00:00:03.501701,2,62,417,153.0,64.0,,3,58,0.2400402261712098,0.002294341315916135,0.6,/work3/arnaou/checkpoints/megnet_Vc_trial_1191_best_state.pt,"{'learning_rate': 0.002294341315916135, 'lr_reduce': 0.6}",TPESampler,COMPLETE
1192,0.5272782444953918,2025-04-26 15:06:12.145286,2025-04-26 15:06:26.352547,0 days 00:00:14.207261,1,54,373,110.0,144.0,,3,45,0.22818437438088374,0.0014633934489530704,0.6,/work3/arnaou/checkpoints/megnet_Vc_trial_1192_best_state.pt,"{'learning_rate': 0.0014633934489530704, 'lr_reduce': 0.6}",TPESampler,COMPLETE
1193,1.8604953289031982,2025-04-26 15:06:14.014089,2025-04-26 15:06:19.116015,0 days 00:00:05.101926,1,76,471,147.0,100.0,435.0,4,63,0.23297609301614947,0.000429408101109821,0.6,/work3/arnaou/checkpoints/megnet_Vc_trial_1193_best_state.pt,"{'learning_rate': 0.000429408101109821, 'lr_reduce': 0.6}",TPESampler,COMPLETE
1194,0.2908538579940796,2025-04-26 15:06:19.347483,2025-04-26 15:06:35.824360,0 days 00:00:16.476877,1,50,423,89.0,137.0,445.0,4,64,0.22364759050130356,0.001086195106571391,0.6,/work3/arnaou/checkpoints/megnet_Vc_trial_1194_best_state.pt,"{'learning_rate': 0.001086195106571391, 'lr_reduce': 0.6}",TPESampler,COMPLETE
1195,0.18649230897426605,2025-04-26 15:06:26.581103,2025-04-26 15:06:55.141712,0 days 00:00:28.560609,1,51,265,490.0,104.0,388.0,4,55,0.2025765526601331,0.0008895666387416881,0.6,/work3/arnaou/checkpoints/megnet_Vc_trial_1195_best_state.pt,"{'learning_rate': 0.0008895666387416881, 'lr_reduce': 0.6}",TPESampler,COMPLETE
1196,0.11401981860399246,2025-04-26 15:06:34.807473,2025-04-26 15:07:05.467420,0 days 00:00:30.659947,1,80,470,174.0,151.0,442.0,4,50,0.24113286845725931,0.0008221346104172929,0.6,/work3/arnaou/checkpoints/megnet_Vc_trial_1196_best_state.pt,"{'learning_rate': 0.0008221346104172929, 'lr_reduce': 0.6}",TPESampler,COMPLETE
1197,1.1477820873260498,2025-04-26 15:06:36.071440,2025-04-26 15:07:11.232462,0 days 00:00:35.161022,4,60,207,77.0,135.0,444.0,4,66,0.09542820526825598,0.0011250244055107039,0.6,/work3/arnaou/checkpoints/megnet_Vc_trial_1197_best_state.pt,"{'learning_rate': 0.0011250244055107039, 'lr_reduce': 0.6}",TPESampler,COMPLETE
1198,0.43878790736198425,2025-04-26 15:06:55.352943,2025-04-26 15:07:08.032063,0 days 00:00:12.679120,1,89,509,174.0,106.0,,3,79,0.16683972688180637,0.002026398968132067,0.6,/work3/arnaou/checkpoints/megnet_Vc_trial_1198_best_state.pt,"{'learning_rate': 0.002026398968132067, 'lr_reduce': 0.6}",TPESampler,COMPLETE
1199,1.8595975637435913,2025-04-26 15:07:05.693697,2025-04-26 15:07:10.419177,0 days 00:00:04.725480,2,61,446,184.0,143.0,,3,48,0.23098153203629004,0.0005305818495397154,0.6,/work3/arnaou/checkpoints/megnet_Vc_trial_1199_best_state.pt,"{'learning_rate': 0.0005305818495397154, 'lr_reduce': 0.6}",TPESampler,COMPLETE
1200,1.1449164152145386,2025-04-26 15:07:08.278930,2025-04-26 15:07:43.602274,0 days 00:00:35.323344,2,57,447,159.0,144.0,460.0,4,68,0.24253410167937714,0.0006331595771498228,0.6,/work3/arnaou/checkpoints/megnet_Vc_trial_1200_best_state.pt,"{'learning_rate': 0.0006331595771498228, 'lr_reduce': 0.6}",TPESampler,COMPLETE
1201,0.21998925507068634,2025-04-26 15:07:10.648218,2025-04-26 15:07:36.944819,0 days 00:00:26.296601,1,81,505,164.0,99.0,460.0,4,41,0.22289329700551563,0.0007463078025123106,0.6,/work3/arnaou/checkpoints/megnet_Vc_trial_1201_best_state.pt,"{'learning_rate': 0.0007463078025123106, 'lr_reduce': 0.6}",TPESampler,COMPLETE
1202,0.15856455266475677,2025-04-26 15:07:11.470581,2025-04-26 15:07:38.906167,0 days 00:00:27.435586,1,45,473,176.0,144.0,459.0,4,38,0.2379036381029605,0.0017734716872177141,0.6,/work3/arnaou/checkpoints/megnet_Vc_trial_1202_best_state.pt,"{'learning_rate': 0.0017734716872177141, 'lr_reduce': 0.6}",TPESampler,COMPLETE
1203,0.40850019454956055,2025-04-26 15:07:37.153621,2025-04-26 15:07:54.341311,0 days 00:00:17.187690,1,54,410,180.0,137.0,346.0,4,55,0.21760190409665367,0.0028708186125338546,0.6,/work3/arnaou/checkpoints/megnet_Vc_trial_1203_best_state.pt,"{'learning_rate': 0.0028708186125338546, 'lr_reduce': 0.6}",TPESampler,COMPLETE
1204,0.25869020819664,2025-04-26 15:07:39.122070,2025-04-26 15:08:05.892209,0 days 00:00:26.770139,1,62,466,142.0,65.0,398.0,4,55,0.23376800380145946,0.0009955196211362271,0.6,/work3/arnaou/checkpoints/megnet_Vc_trial_1204_best_state.pt,"{'learning_rate': 0.0009955196211362271, 'lr_reduce': 0.6}",TPESampler,COMPLETE
1205,0.2101486176252365,2025-04-26 15:07:43.836830,2025-04-26 15:08:14.030138,0 days 00:00:30.193308,1,55,466,140.0,106.0,462.0,4,54,0.2409593251531867,0.0014328131387519086,0.6,/work3/arnaou/checkpoints/megnet_Vc_trial_1205_best_state.pt,"{'learning_rate': 0.0014328131387519086, 'lr_reduce': 0.6}",TPESampler,COMPLETE
1206,0.46729227900505066,2025-04-26 15:07:54.629206,2025-04-26 15:08:27.340997,0 days 00:00:32.711791,1,85,465,121.0,125.0,430.0,4,61,0.20554746737503463,0.0009451085468683778,0.6,/work3/arnaou/checkpoints/megnet_Vc_trial_1206_best_state.pt,"{'learning_rate': 0.0009451085468683778, 'lr_reduce': 0.6}",TPESampler,COMPLETE
1207,0.16235511004924774,2025-04-26 15:08:06.108571,2025-04-26 15:08:34.943765,0 days 00:00:28.835194,1,55,343,182.0,151.0,,3,92,0.2458930135970956,0.000554102433292327,0.6,/work3/arnaou/checkpoints/megnet_Vc_trial_1207_best_state.pt,"{'learning_rate': 0.000554102433292327, 'lr_reduce': 0.6}",TPESampler,COMPLETE
1208,0.7693502902984619,2025-04-26 15:08:14.252636,2025-04-26 15:08:26.336697,0 days 00:00:12.084061,4,114,378,139.0,102.0,,3,51,0.03195738205582027,0.006055176744662687,0.6,/work3/arnaou/checkpoints/megnet_Vc_trial_1208_best_state.pt,"{'learning_rate': 0.006055176744662687, 'lr_reduce': 0.6}",TPESampler,COMPLETE
1209,0.6428864598274231,2025-04-26 15:08:26.552742,2025-04-26 15:08:36.669489,0 days 00:00:10.116747,1,97,499,69.0,151.0,,3,61,0.24078878225856612,0.0012692511444254858,0.6,/work3/arnaou/checkpoints/megnet_Vc_trial_1209_best_state.pt,"{'learning_rate': 0.0012692511444254858, 'lr_reduce': 0.6}",TPESampler,COMPLETE
1210,0.18433624505996704,2025-04-26 15:08:27.578453,2025-04-26 15:08:57.277419,0 days 00:00:29.698966,1,94,497,183.0,150.0,468.0,4,63,0.2485536935486446,0.0020371918018512437,0.6,/work3/arnaou/checkpoints/megnet_Vc_trial_1210_best_state.pt,"{'learning_rate': 0.0020371918018512437, 'lr_reduce': 0.6}",TPESampler,COMPLETE
1211,1.8655791282653809,2025-04-26 15:08:35.167037,2025-04-26 15:08:39.031613,0 days 00:00:03.864576,1,75,443,142.0,88.0,400.0,4,40,0.23276354092318718,0.00039204957765695493,0.6,/work3/arnaou/checkpoints/megnet_Vc_trial_1211_best_state.pt,"{'learning_rate': 0.00039204957765695493, 'lr_reduce': 0.6}",TPESampler,COMPLETE
1212,0.26829320192337036,2025-04-26 15:08:36.866121,2025-04-26 15:09:08.650788,0 days 00:00:31.784667,1,82,370,131.0,150.0,472.0,4,92,0.24488891699989987,0.0005972032313330479,0.6,/work3/arnaou/checkpoints/megnet_Vc_trial_1212_best_state.pt,"{'learning_rate': 0.0005972032313330479, 'lr_reduce': 0.6}",TPESampler,COMPLETE
1213,0.5865164399147034,2025-04-26 15:08:39.265563,2025-04-26 15:08:49.304413,0 days 00:00:10.038850,1,64,447,177.0,98.0,269.0,4,40,0.24799680849602077,0.0018325920417591613,0.6,/work3/arnaou/checkpoints/megnet_Vc_trial_1213_best_state.pt,"{'learning_rate': 0.0018325920417591613, 'lr_reduce': 0.6}",TPESampler,COMPLETE
1214,1.8606047630310059,2025-04-26 15:08:49.516893,2025-04-26 15:08:53.631979,0 days 00:00:04.115086,1,66,365,116.0,153.0,431.0,4,70,0.24782254174457086,0.0004407261239258098,0.6,/work3/arnaou/checkpoints/megnet_Vc_trial_1214_best_state.pt,"{'learning_rate': 0.0004407261239258098, 'lr_reduce': 0.6}",TPESampler,COMPLETE
1215,0.17446288466453552,2025-04-26 15:08:53.868381,2025-04-26 15:09:27.530862,0 days 00:00:33.662481,1,78,461,186.0,108.0,471.0,4,54,0.2492541293457047,0.0007826048851827277,0.6,/work3/arnaou/checkpoints/megnet_Vc_trial_1215_best_state.pt,"{'learning_rate': 0.0007826048851827277, 'lr_reduce': 0.6}",TPESampler,COMPLETE
1216,0.8227854371070862,2025-04-26 15:08:57.511604,2025-04-26 15:09:33.413606,0 days 00:00:35.902002,2,73,278,119.0,142.0,341.0,4,45,0.24457088923864617,0.0023074768299820086,0.6,/work3/arnaou/checkpoints/megnet_Vc_trial_1216_best_state.pt,"{'learning_rate': 0.0023074768299820086, 'lr_reduce': 0.6}",TPESampler,COMPLETE
1217,1.8526875972747803,2025-04-26 15:09:08.900137,2025-04-26 15:09:12.322623,0 days 00:00:03.422486,1,87,500,145.0,156.0,395.0,4,66,0.24857842023669954,0.00033152628876313955,0.6,/work3/arnaou/checkpoints/megnet_Vc_trial_1217_best_state.pt,"{'learning_rate': 0.00033152628876313955, 'lr_reduce': 0.6}",TPESampler,COMPLETE
1218,0.14521493017673492,2025-04-26 15:09:12.508659,2025-04-26 15:09:35.358543,0 days 00:00:22.849884,1,70,397,202.0,99.0,472.0,4,64,0.2482758979426998,0.0010045887344427306,0.6,/work3/arnaou/checkpoints/megnet_Vc_trial_1218_best_state.pt,"{'learning_rate': 0.0010045887344427306, 'lr_reduce': 0.6}",TPESampler,COMPLETE
1219,1.8385510444641113,2025-04-26 15:09:27.760415,2025-04-26 15:09:31.588808,0 days 00:00:03.828393,1,92,495,167.0,512.0,431.0,4,50,0.24743788728777594,0.0011550912013821024,0.6,/work3/arnaou/checkpoints/megnet_Vc_trial_1219_best_state.pt,"{'learning_rate': 0.0011550912013821024, 'lr_reduce': 0.6}",TPESampler,COMPLETE
1220,0.3246999979019165,2025-04-26 15:09:31.831705,2025-04-26 15:09:49.942575,0 days 00:00:18.110870,1,61,250,182.0,152.0,476.0,4,69,0.24630721858771903,0.0022362724625302733,0.6,/work3/arnaou/checkpoints/megnet_Vc_trial_1220_best_state.pt,"{'learning_rate': 0.0022362724625302733, 'lr_reduce': 0.6}",TPESampler,COMPLETE
1221,1.8596916198730469,2025-04-26 15:09:33.652431,2025-04-26 15:09:37.112125,0 days 00:00:03.459694,1,53,396,123.0,102.0,394.0,4,32,0.2495066379899764,0.00034451611731956325,0.6,/work3/arnaou/checkpoints/megnet_Vc_trial_1221_best_state.pt,"{'learning_rate': 0.00034451611731956325, 'lr_reduce': 0.6}",TPESampler,COMPLETE
1222,0.14311642944812775,2025-04-26 15:09:35.572253,2025-04-26 15:10:00.956057,0 days 00:00:25.383804,1,73,96,180.0,159.0,436.0,4,66,0.22243772801666137,0.0010395263250321724,0.6,/work3/arnaou/checkpoints/megnet_Vc_trial_1222_best_state.pt,"{'learning_rate': 0.0010395263250321724, 'lr_reduce': 0.6}",TPESampler,COMPLETE
