number,value,datetime_start,datetime_complete,duration,params_depth,params_edge_hidden_dim,params_mlp_dim_00,params_mlp_dim_01,params_mlp_dim_02,params_mlp_dim_03,params_mlp_n_layers,params_node_hidden_dim,params_rep_dropout,params_train_learning_rate,params_train_lr_reduce,user_attrs_best_state_dict_path,user_attrs_training_params,system_attrs_auto:sampler,state
2372,0.14098136126995087,2025-04-26 17:06:29.247062,2025-04-26 17:07:04.892827,0 days 00:00:35.645765,1,95,409,242.0,306.0,313.0,4,59,0.13321321396923858,0.000880585712443588,0.6,/work3/arnaou/checkpoints/megnet_Vc_trial_2372_best_state.pt,"{'learning_rate': 0.000880585712443588, 'lr_reduce': 0.6}",TPESampler,COMPLETE
2373,1.8644347190856934,2025-04-26 17:06:33.561135,2025-04-26 17:06:37.271640,0 days 00:00:03.710505,1,88,408,350.0,369.0,294.0,4,57,0.18701311842524976,0.00024067029405589176,0.6,/work3/arnaou/checkpoints/megnet_Vc_trial_2373_best_state.pt,"{'learning_rate': 0.00024067029405589176, 'lr_reduce': 0.6}",TPESampler,COMPLETE
2374,1.7867225408554077,2025-04-26 17:06:37.705103,2025-04-26 17:06:41.982325,0 days 00:00:04.277222,1,105,383,281.0,310.0,316.0,4,76,0.2171682111824214,0.0064444163841582665,0.6,/work3/arnaou/checkpoints/megnet_Vc_trial_2374_best_state.pt,"{'learning_rate': 0.0064444163841582665, 'lr_reduce': 0.6}",TPESampler,COMPLETE
2375,0.2629201114177704,2025-04-26 17:06:42.227090,2025-04-26 17:07:09.119335,0 days 00:00:26.892245,1,76,277,241.0,302.0,321.0,4,59,0.2104711675485463,0.002696441904073994,0.6,/work3/arnaou/checkpoints/megnet_Vc_trial_2375_best_state.pt,"{'learning_rate': 0.002696441904073994, 'lr_reduce': 0.6}",TPESampler,COMPLETE
2376,1.8584028482437134,2025-04-26 17:06:48.218821,2025-04-26 17:06:55.995791,0 days 00:00:07.776970,1,107,441,318.0,348.0,308.0,4,55,0.18458746575240467,0.00047436730851124726,0.6,/work3/arnaou/checkpoints/megnet_Vc_trial_2376_best_state.pt,"{'learning_rate': 0.00047436730851124726, 'lr_reduce': 0.6}",TPESampler,COMPLETE
2377,1.8141697645187378,2025-04-26 17:06:56.254551,2025-04-26 17:07:00.676767,0 days 00:00:04.422216,2,80,157,284.0,299.0,,3,44,0.17451384575345721,0.002158410038958728,0.6,/work3/arnaou/checkpoints/megnet_Vc_trial_2377_best_state.pt,"{'learning_rate': 0.002158410038958728, 'lr_reduce': 0.6}",TPESampler,COMPLETE
2378,0.13471849262714386,2025-04-26 17:07:01.001691,2025-04-26 17:07:48.534553,0 days 00:00:47.532862,1,98,419,345.0,350.0,337.0,4,60,0.17386876938507984,0.0004788841850225343,0.6,/work3/arnaou/checkpoints/megnet_Vc_trial_2378_best_state.pt,"{'learning_rate': 0.0004788841850225343, 'lr_reduce': 0.6}",TPESampler,COMPLETE
2379,0.21034538745880127,2025-04-26 17:07:05.200617,2025-04-26 17:07:54.448471,0 days 00:00:49.247854,1,96,491,234.0,297.0,301.0,4,65,0.1961606776453684,0.00047293580067481086,0.6,/work3/arnaou/checkpoints/megnet_Vc_trial_2379_best_state.pt,"{'learning_rate': 0.00047293580067481086, 'lr_reduce': 0.6}",TPESampler,COMPLETE
2380,1.8659390211105347,2025-04-26 17:07:09.462399,2025-04-26 17:07:16.095724,0 days 00:00:06.633325,1,68,505,239.0,402.0,334.0,4,53,0.249274898421141,0.0003077490040892026,0.6,/work3/arnaou/checkpoints/megnet_Vc_trial_2380_best_state.pt,"{'learning_rate': 0.0003077490040892026, 'lr_reduce': 0.6}",TPESampler,COMPLETE
2381,1.7883557081222534,2025-04-26 17:07:16.353531,2025-04-26 17:07:19.994197,0 days 00:00:03.640666,1,112,421,,,,1,87,0.19126262382950515,0.007450056523549742,0.6,/work3/arnaou/checkpoints/megnet_Vc_trial_2381_best_state.pt,"{'learning_rate': 0.007450056523549742, 'lr_reduce': 0.6}",TPESampler,COMPLETE
2382,1.823853850364685,2025-04-26 17:07:20.277443,2025-04-26 17:07:34.225263,0 days 00:00:13.947820,4,109,298,280.0,,,2,120,0.08253171541122443,0.00894117579792579,0.6,/work3/arnaou/checkpoints/megnet_Vc_trial_2382_best_state.pt,"{'learning_rate': 0.00894117579792579, 'lr_reduce': 0.6}",TPESampler,COMPLETE
2383,0.14541317522525787,2025-04-26 17:07:35.826114,2025-04-26 17:08:10.891119,0 days 00:00:35.065005,1,88,406,351.0,339.0,,3,71,0.18631620105727645,0.0004879414272789844,0.6,/work3/arnaou/checkpoints/megnet_Vc_trial_2383_best_state.pt,"{'learning_rate': 0.0004879414272789844, 'lr_reduce': 0.6}",TPESampler,COMPLETE
2384,0.2874394357204437,2025-04-26 17:07:48.864444,2025-04-26 17:08:08.650051,0 days 00:00:19.785607,1,44,413,319.0,302.0,345.0,4,83,0.10801600551035129,0.0008826514250227896,0.6,/work3/arnaou/checkpoints/megnet_Vc_trial_2384_best_state.pt,"{'learning_rate': 0.0008826514250227896, 'lr_reduce': 0.6}",TPESampler,COMPLETE
2385,0.10496723651885986,2025-04-26 17:07:54.817640,2025-04-26 17:08:29.531712,0 days 00:00:34.714072,1,99,455,287.0,295.0,263.0,4,70,0.14398353271628644,0.0006186938686102688,0.6,/work3/arnaou/checkpoints/megnet_Vc_trial_2385_best_state.pt,"{'learning_rate': 0.0006186938686102688, 'lr_reduce': 0.6}",TPESampler,COMPLETE
2386,1.863342523574829,2025-04-26 17:08:08.920408,2025-04-26 17:08:13.473088,0 days 00:00:04.552680,2,88,354,240.0,338.0,332.0,4,53,0.16073191077897023,0.000340136670864054,0.6,/work3/arnaou/checkpoints/megnet_Vc_trial_2386_best_state.pt,"{'learning_rate': 0.000340136670864054, 'lr_reduce': 0.6}",TPESampler,COMPLETE
2387,1.813713788986206,2025-04-26 17:08:11.149697,2025-04-26 17:08:16.310618,0 days 00:00:05.160921,1,66,418,390.0,368.0,333.0,4,65,0.21033052127635776,0.0017348463579767684,0.6,/work3/arnaou/checkpoints/megnet_Vc_trial_2387_best_state.pt,"{'learning_rate': 0.0017348463579767684, 'lr_reduce': 0.6}",TPESampler,COMPLETE
2388,0.7710491418838501,2025-04-26 17:08:13.744018,2025-04-26 17:08:30.053300,0 days 00:00:16.309282,2,101,313,278.0,284.0,356.0,4,61,0.20057024447346034,0.001765652832434924,0.6,/work3/arnaou/checkpoints/megnet_Vc_trial_2388_best_state.pt,"{'learning_rate': 0.001765652832434924, 'lr_reduce': 0.6}",TPESampler,COMPLETE
2389,0.14402250945568085,2025-04-26 17:08:16.579999,2025-04-26 17:08:47.024409,0 days 00:00:30.444410,1,54,257,357.0,320.0,,3,72,0.23250432382842526,0.0016517867673385164,0.6,/work3/arnaou/checkpoints/megnet_Vc_trial_2389_best_state.pt,"{'learning_rate': 0.0016517867673385164, 'lr_reduce': 0.6}",TPESampler,COMPLETE
2390,0.33101969957351685,2025-04-26 17:08:29.801056,2025-04-26 17:08:58.505724,0 days 00:00:28.704668,1,32,206,,,,1,119,0.023640073562135433,0.0030652560597450476,0.6,/work3/arnaou/checkpoints/megnet_Vc_trial_2390_best_state.pt,"{'learning_rate': 0.0030652560597450476, 'lr_reduce': 0.6}",TPESampler,COMPLETE
2391,0.20168006420135498,2025-04-26 17:08:30.367677,2025-04-26 17:08:54.773082,0 days 00:00:24.405405,1,110,373,315.0,330.0,337.0,4,70,0.11903505920483488,0.0017214333066274917,0.6,/work3/arnaou/checkpoints/megnet_Vc_trial_2391_best_state.pt,"{'learning_rate': 0.0017214333066274917, 'lr_reduce': 0.6}",TPESampler,COMPLETE
2392,1.377526879310608,2025-04-26 17:08:47.284752,2025-04-26 17:08:58.479454,0 days 00:00:11.194702,2,90,434,323.0,315.0,294.0,4,74,0.20017877932956035,0.0006654315732184086,0.6,/work3/arnaou/checkpoints/megnet_Vc_trial_2392_best_state.pt,"{'learning_rate': 0.0006654315732184086, 'lr_reduce': 0.6}",TPESampler,COMPLETE
2393,1.8482214212417603,2025-04-26 17:08:55.052427,2025-04-26 17:08:58.824524,0 days 00:00:03.772097,2,87,447,308.0,328.0,,3,74,0.11184206575403235,0.0008393007997298684,0.6,/work3/arnaou/checkpoints/megnet_Vc_trial_2393_best_state.pt,"{'learning_rate': 0.0008393007997298684, 'lr_reduce': 0.6}",TPESampler,COMPLETE
2394,0.21689057350158691,2025-04-26 17:08:58.691507,2025-04-26 17:09:27.027407,0 days 00:00:28.335900,1,123,427,325.0,309.0,,3,65,0.16320133441818227,0.0010466898796329437,0.6,/work3/arnaou/checkpoints/megnet_Vc_trial_2394_best_state.pt,"{'learning_rate': 0.0010466898796329437, 'lr_reduce': 0.6}",TPESampler,COMPLETE
2395,1.8601899147033691,2025-04-26 17:08:58.749092,2025-04-26 17:09:03.323473,0 days 00:00:04.574381,2,120,382,330.0,303.0,245.0,4,64,0.14153433829698392,0.0007851190793919297,0.6,/work3/arnaou/checkpoints/megnet_Vc_trial_2395_best_state.pt,"{'learning_rate': 0.0007851190793919297, 'lr_reduce': 0.6}",TPESampler,COMPLETE
2396,0.33251485228538513,2025-04-26 17:08:59.040747,2025-04-26 17:09:18.329412,0 days 00:00:19.288665,1,95,371,321.0,381.0,209.0,4,64,0.1285506756926167,0.00043579965594021274,0.6,/work3/arnaou/checkpoints/megnet_Vc_trial_2396_best_state.pt,"{'learning_rate': 0.00043579965594021274, 'lr_reduce': 0.6}",TPESampler,COMPLETE
2397,1.622245192527771,2025-04-26 17:09:03.578912,2025-04-26 17:09:11.245489,0 days 00:00:07.666577,4,108,426,309.0,,,2,125,0.21864380825151575,0.002478207421760941,0.6,/work3/arnaou/checkpoints/megnet_Vc_trial_2397_best_state.pt,"{'learning_rate': 0.002478207421760941, 'lr_reduce': 0.6}",TPESampler,COMPLETE
2398,1.8550411462783813,2025-04-26 17:09:11.472260,2025-04-26 17:09:15.974929,0 days 00:00:04.502669,1,96,475,295.0,332.0,288.0,4,79,0.14598370051027823,0.000291676700239574,0.6,/work3/arnaou/checkpoints/megnet_Vc_trial_2398_best_state.pt,"{'learning_rate': 0.000291676700239574, 'lr_reduce': 0.6}",TPESampler,COMPLETE
2399,0.23335504531860352,2025-04-26 17:09:16.223726,2025-04-26 17:09:46.920770,0 days 00:00:30.697044,1,116,475,375.0,349.0,193.0,4,70,0.10813295895041414,0.0007265264050894346,0.6,/work3/arnaou/checkpoints/megnet_Vc_trial_2399_best_state.pt,"{'learning_rate': 0.0007265264050894346, 'lr_reduce': 0.6}",TPESampler,COMPLETE
2400,1.8533138036727905,2025-04-26 17:09:18.644100,2025-04-26 17:09:22.942460,0 days 00:00:04.298360,1,73,494,355.0,294.0,332.0,4,60,0.24337076456890347,0.000856259365345435,0.6,/work3/arnaou/checkpoints/megnet_Vc_trial_2400_best_state.pt,"{'learning_rate': 0.000856259365345435, 'lr_reduce': 0.6}",TPESampler,COMPLETE
2401,1.858177900314331,2025-04-26 17:09:23.230849,2025-04-26 17:09:27.303799,0 days 00:00:04.072950,1,89,482,294.0,300.0,,3,72,0.16312268661911672,0.00041683238850085465,0.6,/work3/arnaou/checkpoints/megnet_Vc_trial_2401_best_state.pt,"{'learning_rate': 0.00041683238850085465, 'lr_reduce': 0.6}",TPESampler,COMPLETE
2402,0.2549491226673126,2025-04-26 17:09:27.262450,2025-04-26 17:09:48.392892,0 days 00:00:21.130442,1,98,481,287.0,357.0,267.0,4,71,0.19007804675090684,0.0003930862510625681,0.6,/work3/arnaou/checkpoints/megnet_Vc_trial_2402_best_state.pt,"{'learning_rate': 0.0003930862510625681, 'lr_reduce': 0.6}",TPESampler,COMPLETE
2403,0.1604134440422058,2025-04-26 17:09:27.779543,2025-04-26 17:10:00.705008,0 days 00:00:32.925465,2,61,392,361.0,306.0,239.0,4,105,0.23927509335226327,0.002701783985306923,0.6,/work3/arnaou/checkpoints/megnet_Vc_trial_2403_best_state.pt,"{'learning_rate': 0.002701783985306923, 'lr_reduce': 0.6}",TPESampler,COMPLETE
2404,0.1695270836353302,2025-04-26 17:09:47.168839,2025-04-26 17:10:22.358721,0 days 00:00:35.189882,1,108,444,412.0,340.0,253.0,4,62,0.19864959632165496,0.0004953290713145724,0.6,/work3/arnaou/checkpoints/megnet_Vc_trial_2404_best_state.pt,"{'learning_rate': 0.0004953290713145724, 'lr_reduce': 0.6}",TPESampler,COMPLETE
2405,1.7873681783676147,2025-04-26 17:09:48.674087,2025-04-26 17:09:54.080021,0 days 00:00:05.405934,4,80,157,296.0,286.0,,3,103,0.13610481263702093,0.005710532602724318,0.6,/work3/arnaou/checkpoints/megnet_Vc_trial_2405_best_state.pt,"{'learning_rate': 0.005710532602724318, 'lr_reduce': 0.6}",TPESampler,COMPLETE
2406,1.0347809791564941,2025-04-26 17:09:54.465829,2025-04-26 17:10:33.954952,0 days 00:00:39.489123,1,84,132,,,,1,105,0.24509258072654125,0.00020256766271531672,0.6,/work3/arnaou/checkpoints/megnet_Vc_trial_2406_best_state.pt,"{'learning_rate': 0.00020256766271531672, 'lr_reduce': 0.6}",TPESampler,COMPLETE
2407,1.812198281288147,2025-04-26 17:10:01.006136,2025-04-26 17:10:05.637239,0 days 00:00:04.631103,3,56,354,350.0,379.0,,3,113,0.04430505867169118,0.0009736248095066134,0.6,/work3/arnaou/checkpoints/megnet_Vc_trial_2407_best_state.pt,"{'learning_rate': 0.0009736248095066134, 'lr_reduce': 0.6}",TPESampler,COMPLETE
2408,1.8577603101730347,2025-04-26 17:10:05.940456,2025-04-26 17:10:10.760517,0 days 00:00:04.820061,1,86,489,402.0,285.0,276.0,4,53,0.13292005672663354,0.0005230611869450718,0.6,/work3/arnaou/checkpoints/megnet_Vc_trial_2408_best_state.pt,"{'learning_rate': 0.0005230611869450718, 'lr_reduce': 0.6}",TPESampler,COMPLETE
2409,0.16776928305625916,2025-04-26 17:10:11.037019,2025-04-26 17:10:43.156262,0 days 00:00:32.119243,1,81,475,293.0,331.0,281.0,4,73,0.13056478995877746,0.00048658677648258906,0.6,/work3/arnaou/checkpoints/megnet_Vc_trial_2409_best_state.pt,"{'learning_rate': 0.00048658677648258906, 'lr_reduce': 0.6}",TPESampler,COMPLETE
2410,0.1706809401512146,2025-04-26 17:10:22.641547,2025-04-26 17:10:54.647357,0 days 00:00:32.005810,1,105,471,411.0,291.0,296.0,4,94,0.12736909774972116,0.0010090125576450318,0.6,/work3/arnaou/checkpoints/megnet_Vc_trial_2410_best_state.pt,"{'learning_rate': 0.0010090125576450318, 'lr_reduce': 0.6}",TPESampler,COMPLETE
2411,0.20647624135017395,2025-04-26 17:10:34.219246,2025-04-26 17:11:05.854428,0 days 00:00:31.635182,1,104,429,340.0,331.0,,3,66,0.21633468256142585,0.0010491053590650113,0.6,/work3/arnaou/checkpoints/megnet_Vc_trial_2411_best_state.pt,"{'learning_rate': 0.0010491053590650113, 'lr_reduce': 0.6}",TPESampler,COMPLETE
2412,0.273310124874115,2025-04-26 17:10:43.431919,2025-04-26 17:11:16.582192,0 days 00:00:33.150273,1,118,451,377.0,403.0,,3,84,0.13275298140541572,0.0005192645936659158,0.6,/work3/arnaou/checkpoints/megnet_Vc_trial_2412_best_state.pt,"{'learning_rate': 0.0005192645936659158, 'lr_reduce': 0.6}",TPESampler,COMPLETE
2413,0.23481376469135284,2025-04-26 17:10:54.957687,2025-04-26 17:11:23.754411,0 days 00:00:28.796724,1,87,489,285.0,288.0,231.0,4,73,0.19813055657906542,0.0010180871215601142,0.6,/work3/arnaou/checkpoints/megnet_Vc_trial_2413_best_state.pt,"{'learning_rate': 0.0010180871215601142, 'lr_reduce': 0.6}",TPESampler,COMPLETE
2414,0.8210533261299133,2025-04-26 17:11:06.097521,2025-04-26 17:11:40.968836,0 days 00:00:34.871315,1,101,500,278.0,351.0,,3,79,0.13712985277359135,0.00023073058930776132,0.6,/work3/arnaou/checkpoints/megnet_Vc_trial_2414_best_state.pt,"{'learning_rate': 0.00023073058930776132, 'lr_reduce': 0.6}",TPESampler,COMPLETE
2415,0.1367645114660263,2025-04-26 17:11:16.814681,2025-04-26 17:11:48.359795,0 days 00:00:31.545114,1,101,414,409.0,277.0,203.0,4,65,0.14160216009583507,0.00036870328741702574,0.6,/work3/arnaou/checkpoints/megnet_Vc_trial_2415_best_state.pt,"{'learning_rate': 0.00036870328741702574, 'lr_reduce': 0.6}",TPESampler,COMPLETE
2416,0.21364159882068634,2025-04-26 17:11:24.013380,2025-04-26 17:11:45.567166,0 days 00:00:21.553786,1,94,512,333.0,317.0,229.0,4,73,0.2424364261348895,0.0007836400350461392,0.6,/work3/arnaou/checkpoints/megnet_Vc_trial_2416_best_state.pt,"{'learning_rate': 0.0007836400350461392, 'lr_reduce': 0.6}",TPESampler,COMPLETE
2417,1.8404046297073364,2025-04-26 17:11:41.232341,2025-04-26 17:11:44.858077,0 days 00:00:03.625736,1,84,461,276.0,284.0,,3,60,0.15631835151196682,0.0007965481428530086,0.6,/work3/arnaou/checkpoints/megnet_Vc_trial_2417_best_state.pt,"{'learning_rate': 0.0007965481428530086, 'lr_reduce': 0.6}",TPESampler,COMPLETE
2418,1.8554539680480957,2025-04-26 17:11:45.116766,2025-04-26 17:11:49.617363,0 days 00:00:04.500597,1,89,434,373.0,364.0,236.0,4,72,0.1610876526047157,0.0004495616048296558,0.6,/work3/arnaou/checkpoints/megnet_Vc_trial_2418_best_state.pt,"{'learning_rate': 0.0004495616048296558, 'lr_reduce': 0.6}",TPESampler,COMPLETE
2419,0.1822565346956253,2025-04-26 17:11:45.842666,2025-04-26 17:12:18.131218,0 days 00:00:32.288552,1,114,484,417.0,321.0,,3,72,0.168367873119679,0.0007043996360202438,0.6,/work3/arnaou/checkpoints/megnet_Vc_trial_2419_best_state.pt,"{'learning_rate': 0.0007043996360202438, 'lr_reduce': 0.6}",TPESampler,COMPLETE
2420,1.8530806303024292,2025-04-26 17:11:48.645993,2025-04-26 17:11:53.277065,0 days 00:00:04.631072,2,45,398,317.0,,,2,83,0.2430401376555744,0.00015220225784131266,0.6,/work3/arnaou/checkpoints/megnet_Vc_trial_2420_best_state.pt,"{'learning_rate': 0.00015220225784131266, 'lr_reduce': 0.6}",TPESampler,COMPLETE
2421,1.3656467199325562,2025-04-26 17:11:49.884788,2025-04-26 17:11:57.603724,0 days 00:00:07.718936,1,97,450,268.0,274.0,,3,70,0.1474524896812336,0.0014307447094137613,0.6,/work3/arnaou/checkpoints/megnet_Vc_trial_2421_best_state.pt,"{'learning_rate': 0.0014307447094137613, 'lr_reduce': 0.6}",TPESampler,COMPLETE
2422,1.8525738716125488,2025-04-26 17:11:53.554519,2025-04-26 17:11:57.583467,0 days 00:00:04.028948,2,108,429,357.0,426.0,276.0,4,59,0.085409857783145,0.00025683672278627276,0.6,/work3/arnaou/checkpoints/megnet_Vc_trial_2422_best_state.pt,"{'learning_rate': 0.00025683672278627276, 'lr_reduce': 0.6}",TPESampler,COMPLETE
2423,1.4611464738845825,2025-04-26 17:11:57.769054,2025-04-26 17:12:05.454708,0 days 00:00:07.685654,2,102,440,411.0,317.0,331.0,4,74,0.14814743856983453,0.0008471901150123851,0.6,/work3/arnaou/checkpoints/megnet_Vc_trial_2423_best_state.pt,"{'learning_rate': 0.0008471901150123851, 'lr_reduce': 0.6}",TPESampler,COMPLETE
2424,0.25695061683654785,2025-04-26 17:11:57.814169,2025-04-26 17:12:18.427447,0 days 00:00:20.613278,1,62,487,401.0,329.0,301.0,4,87,0.18984120995943365,0.000641834392424788,0.6,/work3/arnaou/checkpoints/megnet_Vc_trial_2424_best_state.pt,"{'learning_rate': 0.000641834392424788, 'lr_reduce': 0.6}",TPESampler,COMPLETE
2425,0.2576696276664734,2025-04-26 17:12:05.716284,2025-04-26 17:12:23.421302,0 days 00:00:17.705018,1,88,445,305.0,281.0,293.0,4,67,0.1947887484693783,0.0011158928527307053,0.6,/work3/arnaou/checkpoints/megnet_Vc_trial_2425_best_state.pt,"{'learning_rate': 0.0011158928527307053, 'lr_reduce': 0.6}",TPESampler,COMPLETE
2426,1.8170044422149658,2025-04-26 17:12:18.378601,2025-04-26 17:12:22.613784,0 days 00:00:04.235183,2,109,393,,,,1,113,0.048543434764500376,0.008746001678515825,0.6,/work3/arnaou/checkpoints/megnet_Vc_trial_2426_best_state.pt,"{'learning_rate': 0.008746001678515825, 'lr_reduce': 0.6}",TPESampler,COMPLETE
2427,1.8585700988769531,2025-04-26 17:12:18.754448,2025-04-26 17:12:23.573034,0 days 00:00:04.818586,2,86,501,293.0,357.0,247.0,4,89,0.23283071130084065,0.00022845667437972118,0.6,/work3/arnaou/checkpoints/megnet_Vc_trial_2427_best_state.pt,"{'learning_rate': 0.00022845667437972118, 'lr_reduce': 0.6}",TPESampler,COMPLETE
2428,0.30392515659332275,2025-04-26 17:12:22.851281,2025-04-26 17:12:37.991514,0 days 00:00:15.140233,1,68,399,257.0,283.0,276.0,4,104,0.12018080268770584,0.0008759551829230811,0.6,/work3/arnaou/checkpoints/megnet_Vc_trial_2428_best_state.pt,"{'learning_rate': 0.0008759551829230811, 'lr_reduce': 0.6}",TPESampler,COMPLETE
2429,1.844217300415039,2025-04-26 17:12:23.710795,2025-04-26 17:12:27.493219,0 days 00:00:03.782424,1,92,449,361.0,290.0,,3,80,0.11413583464015684,0.0005025786668970021,0.6,/work3/arnaou/checkpoints/megnet_Vc_trial_2429_best_state.pt,"{'learning_rate': 0.0005025786668970021, 'lr_reduce': 0.6}",TPESampler,COMPLETE
2430,0.16400541365146637,2025-04-26 17:12:23.791250,2025-04-26 17:12:55.019350,0 days 00:00:31.228100,1,101,462,357.0,280.0,236.0,4,61,0.13466649219228813,0.000882471866084917,0.6,/work3/arnaou/checkpoints/megnet_Vc_trial_2430_best_state.pt,"{'learning_rate': 0.000882471866084917, 'lr_reduce': 0.6}",TPESampler,COMPLETE
2431,1.123407006263733,2025-04-26 17:12:27.753857,2025-04-26 17:13:07.032017,0 days 00:00:39.278160,1,109,397,249.0,382.0,,3,67,0.15421489092976157,0.0001560354933721152,0.6,/work3/arnaou/checkpoints/megnet_Vc_trial_2431_best_state.pt,"{'learning_rate': 0.0001560354933721152, 'lr_reduce': 0.6}",TPESampler,COMPLETE
2432,0.16718971729278564,2025-04-26 17:12:38.270705,2025-04-26 17:13:08.146234,0 days 00:00:29.875529,1,91,461,307.0,338.0,262.0,4,81,0.11120941599266976,0.0013869064107381996,0.6,/work3/arnaou/checkpoints/megnet_Vc_trial_2432_best_state.pt,"{'learning_rate': 0.0013869064107381996, 'lr_reduce': 0.6}",TPESampler,COMPLETE
2433,1.751117467880249,2025-04-26 17:12:55.482594,2025-04-26 17:13:01.323784,0 days 00:00:05.841190,2,107,511,413.0,320.0,,3,65,0.19816904592527013,0.0019994850627911586,0.6,/work3/arnaou/checkpoints/megnet_Vc_trial_2433_best_state.pt,"{'learning_rate': 0.0019994850627911586, 'lr_reduce': 0.6}",TPESampler,COMPLETE
2434,0.34164726734161377,2025-04-26 17:13:01.574572,2025-04-26 17:13:39.048259,0 days 00:00:37.473687,1,100,361,272.0,269.0,259.0,4,57,0.1655298265656166,0.001851837313364615,0.6,/work3/arnaou/checkpoints/megnet_Vc_trial_2434_best_state.pt,"{'learning_rate': 0.001851837313364615, 'lr_reduce': 0.6}",TPESampler,COMPLETE
2435,1.8602228164672852,2025-04-26 17:13:07.367039,2025-04-26 17:13:13.389068,0 days 00:00:06.022029,1,112,485,241.0,305.0,298.0,4,74,0.16631288098457864,0.00012532570130577007,0.6,/work3/arnaou/checkpoints/megnet_Vc_trial_2435_best_state.pt,"{'learning_rate': 0.00012532570130577007, 'lr_reduce': 0.6}",TPESampler,COMPLETE
2436,0.14375554025173187,2025-04-26 17:13:08.398639,2025-04-26 17:13:41.259014,0 days 00:00:32.860375,1,108,462,387.0,370.0,320.0,4,69,0.1593375299517583,0.0005492685065116895,0.6,/work3/arnaou/checkpoints/megnet_Vc_trial_2436_best_state.pt,"{'learning_rate': 0.0005492685065116895, 'lr_reduce': 0.6}",TPESampler,COMPLETE
2437,1.8458378314971924,2025-04-26 17:13:13.799844,2025-04-26 17:13:18.230330,0 days 00:00:04.430486,2,59,290,326.0,269.0,,3,50,0.17799932417892572,0.0013526223045670133,0.6,/work3/arnaou/checkpoints/megnet_Vc_trial_2437_best_state.pt,"{'learning_rate': 0.0013526223045670133, 'lr_reduce': 0.6}",TPESampler,COMPLETE
2438,0.14470496773719788,2025-04-26 17:13:18.493997,2025-04-26 17:13:51.700543,0 days 00:00:33.206546,1,89,455,418.0,322.0,177.0,4,78,0.24418825186437162,0.0008062455212803388,0.6,/work3/arnaou/checkpoints/megnet_Vc_trial_2438_best_state.pt,"{'learning_rate': 0.0008062455212803388, 'lr_reduce': 0.6}",TPESampler,COMPLETE
