number,value,datetime_start,datetime_complete,duration,params_depth,params_edge_hidden_dim,params_mlp_dim_00,params_mlp_dim_01,params_mlp_dim_02,params_mlp_dim_03,params_mlp_n_layers,params_node_hidden_dim,params_rep_dropout,params_train_learning_rate,params_train_lr_reduce,user_attrs_best_state_dict_path,user_attrs_training_params,system_attrs_auto:sampler,state
816,0.16560307145118713,2025-04-26 14:28:50.559523,2025-04-26 14:31:02.345136,0 days 00:02:11.785613,1,66,312,432.0,294.0,381.0,4,55,0.23737728982831358,0.0005802032446258121,0.6,/work3/arnaou/checkpoints/megnet_Vc_trial_816_best_state.pt,"{'learning_rate': 0.0005802032446258121, 'lr_reduce': 0.6}",TPESampler,COMPLETE
817,1.8467015027999878,2025-04-26 14:28:51.677977,2025-04-26 14:28:55.579748,0 days 00:00:03.901771,1,40,264,430.0,317.0,,3,50,0.2115742670430137,0.0012573139839353769,0.6,/work3/arnaou/checkpoints/megnet_Vc_trial_817_best_state.pt,"{'learning_rate': 0.0012573139839353769, 'lr_reduce': 0.6}",TPESampler,COMPLETE
818,0.2718491554260254,2025-04-26 14:28:55.792733,2025-04-26 14:31:10.031345,0 days 00:02:14.238612,1,61,177,429.0,296.0,418.0,4,51,0.22575022276291862,0.0009026985047910484,0.6,/work3/arnaou/checkpoints/megnet_Vc_trial_818_best_state.pt,"{'learning_rate': 0.0009026985047910484, 'lr_reduce': 0.6}",TPESampler,COMPLETE
819,0.19266152381896973,2025-04-26 14:30:02.309135,2025-04-26 14:31:11.827949,0 days 00:01:09.518814,1,63,266,401.0,287.0,471.0,4,66,0.23439256803452452,0.003163914642919133,0.6,/work3/arnaou/checkpoints/megnet_Vc_trial_819_best_state.pt,"{'learning_rate': 0.003163914642919133, 'lr_reduce': 0.6}",TPESampler,COMPLETE
820,1.8285996913909912,2025-04-26 14:31:02.726865,2025-04-26 14:31:05.891146,0 days 00:00:03.164281,2,80,507,,,,1,114,0.12531960289154806,0.0002130590619337234,0.6,/work3/arnaou/checkpoints/megnet_Vc_trial_820_best_state.pt,"{'learning_rate': 0.0002130590619337234, 'lr_reduce': 0.6}",TPESampler,COMPLETE
821,0.1974179893732071,2025-04-26 14:31:06.088668,2025-04-26 14:31:35.197589,0 days 00:00:29.108921,1,71,288,441.0,340.0,411.0,4,56,0.21811365403727698,0.0013335581609596736,0.6,/work3/arnaou/checkpoints/megnet_Vc_trial_821_best_state.pt,"{'learning_rate': 0.0013335581609596736, 'lr_reduce': 0.6}",TPESampler,COMPLETE
822,1.851586103439331,2025-04-26 14:31:10.261965,2025-04-26 14:31:13.602117,0 days 00:00:03.340152,1,86,199,392.0,278.0,469.0,4,56,0.23045928529592452,0.0007888794472143921,0.6,/work3/arnaou/checkpoints/megnet_Vc_trial_822_best_state.pt,"{'learning_rate': 0.0007888794472143921, 'lr_reduce': 0.6}",TPESampler,COMPLETE
823,0.3729169964790344,2025-04-26 14:31:12.043666,2025-04-26 14:31:27.360801,0 days 00:00:15.317135,1,71,270,449.0,303.0,380.0,4,62,0.23627242187199685,0.0012780119182325461,0.6,/work3/arnaou/checkpoints/megnet_Vc_trial_823_best_state.pt,"{'learning_rate': 0.0012780119182325461, 'lr_reduce': 0.6}",TPESampler,COMPLETE
824,0.13910943269729614,2025-04-26 14:31:13.804824,2025-04-26 14:31:42.100513,0 days 00:00:28.295689,1,49,291,466.0,273.0,511.0,4,76,0.23535707780341475,0.0015253230505113953,0.6,/work3/arnaou/checkpoints/megnet_Vc_trial_824_best_state.pt,"{'learning_rate': 0.0015253230505113953, 'lr_reduce': 0.6}",TPESampler,COMPLETE
825,0.396813303232193,2025-04-26 14:31:27.573611,2025-04-26 14:31:41.241258,0 days 00:00:13.667647,1,69,258,397.0,375.0,432.0,4,90,0.23592909328755918,0.0007147522092682541,0.6,/work3/arnaou/checkpoints/megnet_Vc_trial_825_best_state.pt,"{'learning_rate': 0.0007147522092682541, 'lr_reduce': 0.6}",TPESampler,COMPLETE
826,1.8295140266418457,2025-04-26 14:31:35.416104,2025-04-26 14:31:38.971376,0 days 00:00:03.555272,1,60,361,436.0,266.0,,3,58,0.22554370738638568,0.0019234441595805526,0.6,/work3/arnaou/checkpoints/megnet_Vc_trial_826_best_state.pt,"{'learning_rate': 0.0019234441595805526, 'lr_reduce': 0.6}",TPESampler,COMPLETE
827,1.8540700674057007,2025-04-26 14:31:39.154814,2025-04-26 14:31:43.064589,0 days 00:00:03.909775,4,86,119,478.0,,,2,42,0.22277869273300388,0.0004541799213472204,0.6,/work3/arnaou/checkpoints/megnet_Vc_trial_827_best_state.pt,"{'learning_rate': 0.0004541799213472204, 'lr_reduce': 0.6}",TPESampler,COMPLETE
828,1.8662629127502441,2025-04-26 14:31:41.580689,2025-04-26 14:31:44.876456,0 days 00:00:03.295767,1,90,342,391.0,332.0,440.0,4,59,0.22016970609718528,0.0003820700265662999,0.6,/work3/arnaou/checkpoints/megnet_Vc_trial_828_best_state.pt,"{'learning_rate': 0.0003820700265662999, 'lr_reduce': 0.6}",TPESampler,COMPLETE
829,0.16722317039966583,2025-04-26 14:31:42.298605,2025-04-26 14:32:04.104833,0 days 00:00:21.806228,1,121,312,477.0,,,2,62,0.05444649783610939,0.00259969911896632,0.6,/work3/arnaou/checkpoints/megnet_Vc_trial_829_best_state.pt,"{'learning_rate': 0.00259969911896632, 'lr_reduce': 0.6}",TPESampler,COMPLETE
830,0.1774977743625641,2025-04-26 14:31:43.492203,2025-04-26 14:32:11.360091,0 days 00:00:27.867888,1,45,254,437.0,265.0,473.0,4,63,0.22529944165421847,0.0011709293217394502,0.6,/work3/arnaou/checkpoints/megnet_Vc_trial_830_best_state.pt,"{'learning_rate': 0.0011709293217394502, 'lr_reduce': 0.6}",TPESampler,COMPLETE
831,1.809024691581726,2025-04-26 14:31:45.075843,2025-04-26 14:31:48.772665,0 days 00:00:03.696822,4,87,362,,,,1,39,0.23987504134015755,0.0006128571312618868,0.6,/work3/arnaou/checkpoints/megnet_Vc_trial_831_best_state.pt,"{'learning_rate': 0.0006128571312618868, 'lr_reduce': 0.6}",TPESampler,COMPLETE
832,1.8276854753494263,2025-04-26 14:31:48.959087,2025-04-26 14:31:53.067700,0 days 00:00:04.108613,4,78,174,,,,1,84,0.21441013220771823,0.0004997959288307801,0.6,/work3/arnaou/checkpoints/megnet_Vc_trial_832_best_state.pt,"{'learning_rate': 0.0004997959288307801, 'lr_reduce': 0.6}",TPESampler,COMPLETE
833,0.1626305878162384,2025-04-26 14:31:53.276601,2025-04-26 14:32:32.496975,0 days 00:00:39.220374,1,64,311,512.0,291.0,,3,61,0.19916246842342367,0.0006780754522760575,0.6,/work3/arnaou/checkpoints/megnet_Vc_trial_833_best_state.pt,"{'learning_rate': 0.0006780754522760575, 'lr_reduce': 0.6}",TPESampler,COMPLETE
834,1.862630844116211,2025-04-26 14:32:04.356871,2025-04-26 14:32:07.983210,0 days 00:00:03.626339,2,82,254,403.0,257.0,347.0,4,56,0.1862207236122621,0.0005711769955943908,0.6,/work3/arnaou/checkpoints/megnet_Vc_trial_834_best_state.pt,"{'learning_rate': 0.0005711769955943908, 'lr_reduce': 0.6}",TPESampler,COMPLETE
835,0.1373155415058136,2025-04-26 14:32:08.186129,2025-04-26 14:32:49.565637,0 days 00:00:41.379508,2,38,300,439.0,334.0,414.0,4,54,0.2326034922277128,0.0012391473082289533,0.6,/work3/arnaou/checkpoints/megnet_Vc_trial_835_best_state.pt,"{'learning_rate': 0.0012391473082289533, 'lr_reduce': 0.6}",TPESampler,COMPLETE
836,0.22049283981323242,2025-04-26 14:32:11.570005,2025-04-26 14:32:52.554921,0 days 00:00:40.984916,1,60,92,380.0,,,2,69,0.20557227464019648,0.0006407099257183331,0.6,/work3/arnaou/checkpoints/megnet_Vc_trial_836_best_state.pt,"{'learning_rate': 0.0006407099257183331, 'lr_reduce': 0.6}",TPESampler,COMPLETE
837,0.3249645531177521,2025-04-26 14:32:32.746667,2025-04-26 14:33:02.236644,0 days 00:00:29.489977,1,81,293,473.0,253.0,511.0,4,34,0.24074512401649195,0.00038134990063258393,0.6,/work3/arnaou/checkpoints/megnet_Vc_trial_837_best_state.pt,"{'learning_rate': 0.00038134990063258393, 'lr_reduce': 0.6}",TPESampler,COMPLETE
838,0.416314035654068,2025-04-26 14:32:49.768856,2025-04-26 14:33:03.260584,0 days 00:00:13.491728,1,58,385,445.0,239.0,437.0,4,62,0.2452772172276518,0.0011576140772514652,0.6,/work3/arnaou/checkpoints/megnet_Vc_trial_838_best_state.pt,"{'learning_rate': 0.0011576140772514652, 'lr_reduce': 0.6}",TPESampler,COMPLETE
839,1.8621217012405396,2025-04-26 14:32:52.918159,2025-04-26 14:32:56.575463,0 days 00:00:03.657304,1,52,350,477.0,295.0,465.0,4,49,0.17009753455358087,0.00044773962214117815,0.6,/work3/arnaou/checkpoints/megnet_Vc_trial_839_best_state.pt,"{'learning_rate': 0.00044773962214117815, 'lr_reduce': 0.6}",TPESampler,COMPLETE
840,0.18116778135299683,2025-04-26 14:32:56.802646,2025-04-26 14:33:27.610671,0 days 00:00:30.808025,2,82,324,386.0,394.0,389.0,4,46,0.24684103842452215,0.0009605613102813097,0.6,/work3/arnaou/checkpoints/megnet_Vc_trial_840_best_state.pt,"{'learning_rate': 0.0009605613102813097, 'lr_reduce': 0.6}",TPESampler,COMPLETE
841,0.32654106616973877,2025-04-26 14:33:02.434173,2025-04-26 14:33:32.326940,0 days 00:00:29.892767,1,45,282,412.0,236.0,,3,101,0.24361087827771652,0.0003651734688895699,0.6,/work3/arnaou/checkpoints/megnet_Vc_trial_841_best_state.pt,"{'learning_rate': 0.0003651734688895699, 'lr_reduce': 0.6}",TPESampler,COMPLETE
842,0.15111884474754333,2025-04-26 14:33:03.474726,2025-04-26 14:33:31.044131,0 days 00:00:27.569405,1,95,329,479.0,321.0,471.0,4,51,0.24789266692269854,0.0009850467747848466,0.6,/work3/arnaou/checkpoints/megnet_Vc_trial_842_best_state.pt,"{'learning_rate': 0.0009850467747848466, 'lr_reduce': 0.6}",TPESampler,COMPLETE
843,1.8453834056854248,2025-04-26 14:33:27.837268,2025-04-26 14:33:31.502757,0 days 00:00:03.665489,1,63,220,444.0,234.0,426.0,4,36,0.24643924066436776,0.0020783143068440124,0.6,/work3/arnaou/checkpoints/megnet_Vc_trial_843_best_state.pt,"{'learning_rate': 0.0020783143068440124, 'lr_reduce': 0.6}",TPESampler,COMPLETE
844,1.8315694332122803,2025-04-26 14:33:31.244736,2025-04-26 14:33:35.741415,0 days 00:00:04.496679,4,33,433,,,,1,98,0.22730104009384688,0.0006220297925853265,0.6,/work3/arnaou/checkpoints/megnet_Vc_trial_844_best_state.pt,"{'learning_rate': 0.0006220297925853265, 'lr_reduce': 0.6}",TPESampler,COMPLETE
845,0.2233523279428482,2025-04-26 14:33:31.740714,2025-04-26 14:34:00.859508,0 days 00:00:29.118794,1,43,438,358.0,169.0,474.0,4,124,0.00907590822320195,0.0031084047268257146,0.6,/work3/arnaou/checkpoints/megnet_Vc_trial_845_best_state.pt,"{'learning_rate': 0.0031084047268257146, 'lr_reduce': 0.6}",TPESampler,COMPLETE
846,1.8254700899124146,2025-04-26 14:33:32.561688,2025-04-26 14:33:36.672176,0 days 00:00:04.110488,1,124,312,433.0,,,2,53,0.158241718950928,0.0011415254559169028,0.6,/work3/arnaou/checkpoints/megnet_Vc_trial_846_best_state.pt,"{'learning_rate': 0.0011415254559169028, 'lr_reduce': 0.6}",TPESampler,COMPLETE
847,1.8571734428405762,2025-04-26 14:33:35.961835,2025-04-26 14:33:39.476840,0 days 00:00:03.515005,1,114,238,510.0,291.0,393.0,4,36,0.2206175770533677,0.0006117356927068677,0.6,/work3/arnaou/checkpoints/megnet_Vc_trial_847_best_state.pt,"{'learning_rate': 0.0006117356927068677, 'lr_reduce': 0.6}",TPESampler,COMPLETE
848,0.2545934319496155,2025-04-26 14:33:36.902576,2025-04-26 14:34:05.377381,0 days 00:00:28.474805,1,108,468,417.0,179.0,,3,64,0.12539841993820178,0.0018800587067082644,0.6,/work3/arnaou/checkpoints/megnet_Vc_trial_848_best_state.pt,"{'learning_rate': 0.0018800587067082644, 'lr_reduce': 0.6}",TPESampler,COMPLETE
849,1.728730320930481,2025-04-26 14:33:39.652971,2025-04-26 14:33:45.829603,0 days 00:00:06.176632,4,82,512,480.0,243.0,,3,81,0.15022632804455738,0.0023789517847345814,0.6,/work3/arnaou/checkpoints/megnet_Vc_trial_849_best_state.pt,"{'learning_rate': 0.0023789517847345814, 'lr_reduce': 0.6}",TPESampler,COMPLETE
850,0.14816170930862427,2025-04-26 14:33:46.044292,2025-04-26 14:34:15.741466,0 days 00:00:29.697174,1,71,312,388.0,329.0,434.0,4,34,0.24904618898922015,0.0007517131425289103,0.6,/work3/arnaou/checkpoints/megnet_Vc_trial_850_best_state.pt,"{'learning_rate': 0.0007517131425289103, 'lr_reduce': 0.6}",TPESampler,COMPLETE
851,0.18733227252960205,2025-04-26 14:34:01.058047,2025-04-26 14:34:23.691747,0 days 00:00:22.633700,1,99,316,511.0,143.0,473.0,4,51,0.228388253556306,0.0040500852007355585,0.6,/work3/arnaou/checkpoints/megnet_Vc_trial_851_best_state.pt,"{'learning_rate': 0.0040500852007355585, 'lr_reduce': 0.6}",TPESampler,COMPLETE
852,1.427415132522583,2025-04-26 14:34:05.583032,2025-04-26 14:34:12.906185,0 days 00:00:07.323153,2,76,439,441.0,213.0,350.0,4,83,0.22314198491288717,0.001209428677415401,0.6,/work3/arnaou/checkpoints/megnet_Vc_trial_852_best_state.pt,"{'learning_rate': 0.001209428677415401, 'lr_reduce': 0.6}",TPESampler,COMPLETE
853,1.8603169918060303,2025-04-26 14:34:13.119198,2025-04-26 14:34:20.108200,0 days 00:00:06.989002,3,45,481,364.0,271.0,,3,32,0.19139729428221255,0.00035577171121038405,0.6,/work3/arnaou/checkpoints/megnet_Vc_trial_853_best_state.pt,"{'learning_rate': 0.00035577171121038405, 'lr_reduce': 0.6}",TPESampler,COMPLETE
854,1.8665717840194702,2025-04-26 14:34:15.973402,2025-04-26 14:34:20.799001,0 days 00:00:04.825599,1,101,485,432.0,136.0,424.0,4,68,0.20371702437625255,0.0003208727190184424,0.6,/work3/arnaou/checkpoints/megnet_Vc_trial_854_best_state.pt,"{'learning_rate': 0.0003208727190184424, 'lr_reduce': 0.6}",TPESampler,COMPLETE
855,1.7960400581359863,2025-04-26 14:34:20.319929,2025-04-26 14:34:24.184024,0 days 00:00:03.864095,2,128,314,475.0,189.0,,3,35,0.12228003384827979,0.0033090936762172197,0.6,/work3/arnaou/checkpoints/megnet_Vc_trial_855_best_state.pt,"{'learning_rate': 0.0033090936762172197, 'lr_reduce': 0.6}",TPESampler,COMPLETE
856,1.8513617515563965,2025-04-26 14:34:20.968482,2025-04-26 14:34:24.193185,0 days 00:00:03.224703,1,83,241,400.0,287.0,,3,60,0.24076469698891742,0.0005306689487112504,0.6,/work3/arnaou/checkpoints/megnet_Vc_trial_856_best_state.pt,"{'learning_rate': 0.0005306689487112504, 'lr_reduce': 0.6}",TPESampler,COMPLETE
857,0.5413291454315186,2025-04-26 14:34:23.886367,2025-04-26 14:34:40.966790,0 days 00:00:17.080423,2,87,154,,,,1,105,0.20681037292923493,0.005795679674495984,0.6,/work3/arnaou/checkpoints/megnet_Vc_trial_857_best_state.pt,"{'learning_rate': 0.005795679674495984, 'lr_reduce': 0.6}",TPESampler,COMPLETE
858,1.8406312465667725,2025-04-26 14:34:24.389093,2025-04-26 14:34:28.294717,0 days 00:00:03.905624,1,85,306,439.0,351.0,484.0,4,53,0.18291317109041985,0.0010416730599553381,0.6,/work3/arnaou/checkpoints/megnet_Vc_trial_858_best_state.pt,"{'learning_rate': 0.0010416730599553381, 'lr_reduce': 0.6}",TPESampler,COMPLETE
859,1.7845277786254883,2025-04-26 14:34:24.429059,2025-04-26 14:34:28.228387,0 days 00:00:03.799328,3,72,250,447.0,108.0,,3,74,0.16906104859745846,0.005534795453337953,0.6,/work3/arnaou/checkpoints/megnet_Vc_trial_859_best_state.pt,"{'learning_rate': 0.005534795453337953, 'lr_reduce': 0.6}",TPESampler,COMPLETE
860,0.5599665641784668,2025-04-26 14:34:28.413002,2025-04-26 14:34:44.183878,0 days 00:00:15.770876,1,62,433,394.0,229.0,511.0,4,96,0.14532734320257729,0.0014590481274906915,0.6,/work3/arnaou/checkpoints/megnet_Vc_trial_860_best_state.pt,"{'learning_rate': 0.0014590481274906915, 'lr_reduce': 0.6}",TPESampler,COMPLETE
861,1.7868057489395142,2025-04-26 14:34:28.484920,2025-04-26 14:34:32.021572,0 days 00:00:03.536652,1,88,373,512.0,175.0,,3,55,0.15054248767248515,0.002094599206587751,0.6,/work3/arnaou/checkpoints/megnet_Vc_trial_861_best_state.pt,"{'learning_rate': 0.002094599206587751, 'lr_reduce': 0.6}",TPESampler,COMPLETE
862,0.47122350335121155,2025-04-26 14:34:32.225881,2025-04-26 14:34:45.128556,0 days 00:00:12.902675,1,81,270,357.0,93.0,,3,66,0.23389428032760315,0.001007272562193123,0.6,/work3/arnaou/checkpoints/megnet_Vc_trial_862_best_state.pt,"{'learning_rate': 0.001007272562193123, 'lr_reduce': 0.6}",TPESampler,COMPLETE
863,1.8591077327728271,2025-04-26 14:34:41.181611,2025-04-26 14:34:44.694094,0 days 00:00:03.512483,1,45,283,481.0,269.0,425.0,4,41,0.2276008469613596,0.0004474362969458625,0.6,/work3/arnaou/checkpoints/megnet_Vc_trial_863_best_state.pt,"{'learning_rate': 0.0004474362969458625, 'lr_reduce': 0.6}",TPESampler,COMPLETE
864,1.8557685613632202,2025-04-26 14:34:44.406101,2025-04-26 14:34:48.598291,0 days 00:00:04.192190,1,68,433,430.0,155.0,394.0,4,71,0.2131992693436611,0.00024783654430599923,0.6,/work3/arnaou/checkpoints/megnet_Vc_trial_864_best_state.pt,"{'learning_rate': 0.00024783654430599923, 'lr_reduce': 0.6}",TPESampler,COMPLETE
865,1.8279740810394287,2025-04-26 14:34:44.907491,2025-04-26 14:34:48.564463,0 days 00:00:03.656972,4,46,165,,,,1,56,0.21698482702305014,0.0005978621798186901,0.6,/work3/arnaou/checkpoints/megnet_Vc_trial_865_best_state.pt,"{'learning_rate': 0.0005978621798186901, 'lr_reduce': 0.6}",TPESampler,COMPLETE
866,0.15904094278812408,2025-04-26 14:34:45.414557,2025-04-26 14:35:15.609148,0 days 00:00:30.194591,1,81,476,472.0,222.0,465.0,4,73,0.16459872111874974,0.0005288007324500273,0.6,/work3/arnaou/checkpoints/megnet_Vc_trial_866_best_state.pt,"{'learning_rate': 0.0005288007324500273, 'lr_reduce': 0.6}",TPESampler,COMPLETE
867,0.2792465090751648,2025-04-26 14:34:48.695475,2025-04-26 14:35:11.774180,0 days 00:00:23.078705,1,64,297,401.0,312.0,,3,51,0.14016918030457057,0.000980051270599945,0.6,/work3/arnaou/checkpoints/megnet_Vc_trial_867_best_state.pt,"{'learning_rate': 0.000980051270599945, 'lr_reduce': 0.6}",TPESampler,COMPLETE
868,0.27975994348526,2025-04-26 14:34:48.760329,2025-04-26 14:35:19.744281,0 days 00:00:30.983952,1,82,366,407.0,313.0,437.0,4,70,0.18454297671350678,0.00090331136930554,0.6,/work3/arnaou/checkpoints/megnet_Vc_trial_868_best_state.pt,"{'learning_rate': 0.00090331136930554, 'lr_reduce': 0.6}",TPESampler,COMPLETE
869,0.16275793313980103,2025-04-26 14:35:11.999448,2025-04-26 14:35:40.435939,0 days 00:00:28.436491,1,65,326,472.0,,,2,77,0.24274766059059116,0.0004913948445935966,0.6,/work3/arnaou/checkpoints/megnet_Vc_trial_869_best_state.pt,"{'learning_rate': 0.0004913948445935966, 'lr_reduce': 0.6}",TPESampler,COMPLETE
870,1.8573888540267944,2025-04-26 14:35:15.840986,2025-04-26 14:35:19.272560,0 days 00:00:03.431574,2,71,267,356.0,142.0,,3,63,0.24592202830215082,0.0004459260477540403,0.6,/work3/arnaou/checkpoints/megnet_Vc_trial_870_best_state.pt,"{'learning_rate': 0.0004459260477540403, 'lr_reduce': 0.6}",TPESampler,COMPLETE
871,1.8500075340270996,2025-04-26 14:35:19.606442,2025-04-26 14:35:22.958446,0 days 00:00:03.352004,1,41,344,440.0,196.0,243.0,4,121,0.1449755256236013,0.0006604493636460687,0.6,/work3/arnaou/checkpoints/megnet_Vc_trial_871_best_state.pt,"{'learning_rate': 0.0006604493636460687, 'lr_reduce': 0.6}",TPESampler,COMPLETE
872,0.10680492967367172,2025-04-26 14:35:19.979526,2025-04-26 14:35:48.339816,0 days 00:00:28.360290,1,94,393,479.0,249.0,472.0,4,56,0.20196575165816236,0.0018056909406542238,0.6,/work3/arnaou/checkpoints/megnet_Vc_trial_872_best_state.pt,"{'learning_rate': 0.0018056909406542238, 'lr_reduce': 0.6}",TPESampler,COMPLETE
873,0.220783531665802,2025-04-26 14:35:23.149774,2025-04-26 14:35:52.211529,0 days 00:00:29.061755,2,45,64,433.0,,,2,89,0.14563222411396387,0.009472200902902876,0.6,/work3/arnaou/checkpoints/megnet_Vc_trial_873_best_state.pt,"{'learning_rate': 0.009472200902902876, 'lr_reduce': 0.6}",TPESampler,COMPLETE
874,1.8574609756469727,2025-04-26 14:35:40.701072,2025-04-26 14:35:44.487113,0 days 00:00:03.786041,2,52,406,392.0,116.0,380.0,4,45,0.14464813333515605,0.0004766597144882818,0.6,/work3/arnaou/checkpoints/megnet_Vc_trial_874_best_state.pt,"{'learning_rate': 0.0004766597144882818, 'lr_reduce': 0.6}",TPESampler,COMPLETE
875,0.4047390818595886,2025-04-26 14:35:44.724094,2025-04-26 14:36:05.718211,0 days 00:00:20.994117,1,37,108,509.0,184.0,,3,124,0.23057567140450552,0.0007936989668934592,0.6,/work3/arnaou/checkpoints/megnet_Vc_trial_875_best_state.pt,"{'learning_rate': 0.0007936989668934592, 'lr_reduce': 0.6}",TPESampler,COMPLETE
876,0.09711189568042755,2025-04-26 14:35:48.560167,2025-04-26 14:36:17.587794,0 days 00:00:29.027627,1,89,407,512.0,265.0,511.0,4,67,0.24010439400577488,0.0006062861199880436,0.6,/work3/arnaou/checkpoints/megnet_Vc_trial_876_best_state.pt,"{'learning_rate': 0.0006062861199880436, 'lr_reduce': 0.6}",TPESampler,COMPLETE
877,0.17219685018062592,2025-04-26 14:35:52.439148,2025-04-26 14:36:18.763548,0 days 00:00:26.324400,1,90,437,482.0,282.0,469.0,4,64,0.18958633685408766,0.0008604002509555164,0.6,/work3/arnaou/checkpoints/megnet_Vc_trial_877_best_state.pt,"{'learning_rate': 0.0008604002509555164, 'lr_reduce': 0.6}",TPESampler,COMPLETE
878,1.837682843208313,2025-04-26 14:36:05.943572,2025-04-26 14:36:09.479987,0 days 00:00:03.536415,1,109,277,477.0,140.0,472.0,4,36,0.1738520185909362,0.0021137119612326875,0.6,/work3/arnaou/checkpoints/megnet_Vc_trial_878_best_state.pt,"{'learning_rate': 0.0021137119612326875, 'lr_reduce': 0.6}",TPESampler,COMPLETE
879,1.4967451095581055,2025-04-26 14:36:09.660915,2025-04-26 14:36:14.896505,0 days 00:00:05.235590,1,73,82,477.0,412.0,469.0,4,106,0.1627403933045496,0.005688560054139638,0.6,/work3/arnaou/checkpoints/megnet_Vc_trial_879_best_state.pt,"{'learning_rate': 0.005688560054139638, 'lr_reduce': 0.6}",TPESampler,COMPLETE
880,1.7962321043014526,2025-04-26 14:36:15.099802,2025-04-26 14:36:19.181995,0 days 00:00:04.082193,1,83,369,478.0,341.0,512.0,4,57,0.2453811106458256,0.004219088822256759,0.6,/work3/arnaou/checkpoints/megnet_Vc_trial_880_best_state.pt,"{'learning_rate': 0.004219088822256759, 'lr_reduce': 0.6}",TPESampler,COMPLETE
881,0.30402955412864685,2025-04-26 14:36:17.813156,2025-04-26 14:36:49.758282,0 days 00:00:31.945126,1,85,367,512.0,307.0,508.0,4,71,0.19901031216308668,0.0002796128710895718,0.6,/work3/arnaou/checkpoints/megnet_Vc_trial_881_best_state.pt,"{'learning_rate': 0.0002796128710895718, 'lr_reduce': 0.6}",TPESampler,COMPLETE
882,0.3032149374485016,2025-04-26 14:36:18.978201,2025-04-26 14:36:47.897290,0 days 00:00:28.919089,1,96,462,507.0,268.0,510.0,4,57,0.22693710018802046,0.0014314626394031358,0.6,/work3/arnaou/checkpoints/megnet_Vc_trial_882_best_state.pt,"{'learning_rate': 0.0014314626394031358, 'lr_reduce': 0.6}",TPESampler,COMPLETE
883,0.12979263067245483,2025-04-26 14:36:19.411309,2025-04-26 14:36:49.191061,0 days 00:00:29.779752,1,94,352,493.0,275.0,505.0,4,72,0.24964742778174837,0.0007688214855551196,0.6,/work3/arnaou/checkpoints/megnet_Vc_trial_883_best_state.pt,"{'learning_rate': 0.0007688214855551196, 'lr_reduce': 0.6}",TPESampler,COMPLETE
