number,value,datetime_start,datetime_complete,duration,params_depth,params_edge_hidden_dim,params_mlp_dim_00,params_mlp_dim_01,params_mlp_dim_02,params_mlp_dim_03,params_mlp_n_layers,params_node_hidden_dim,params_rep_dropout,params_train_learning_rate,params_train_lr_reduce,user_attrs_best_state_dict_path,user_attrs_training_params,system_attrs_auto:sampler,state
2236,0.37140417098999023,2025-04-26 16:53:27.561292,2025-04-26 16:53:42.364004,0 days 00:00:14.802712,1,73,431,186.0,330.0,,3,78,0.20990249034755817,0.0016594421863464234,0.6,/work3/arnaou/checkpoints/megnet_Vc_trial_2236_best_state.pt,"{'learning_rate': 0.0016594421863464234, 'lr_reduce': 0.6}",TPESampler,COMPLETE
2237,1.858197569847107,2025-04-26 16:53:30.244145,2025-04-26 16:53:34.305348,0 days 00:00:04.061203,2,56,412,264.0,232.0,384.0,4,56,0.21939448956792598,0.0007383565803034214,0.6,/work3/arnaou/checkpoints/megnet_Vc_trial_2237_best_state.pt,"{'learning_rate': 0.0007383565803034214, 'lr_reduce': 0.6}",TPESampler,COMPLETE
2238,0.22489766776561737,2025-04-26 16:53:34.577823,2025-04-26 16:54:07.577058,0 days 00:00:32.999235,1,55,417,313.0,298.0,,3,73,0.17756026180211784,0.0002532023563323271,0.6,/work3/arnaou/checkpoints/megnet_Vc_trial_2238_best_state.pt,"{'learning_rate': 0.0002532023563323271, 'lr_reduce': 0.6}",TPESampler,COMPLETE
2239,0.18048690259456635,2025-04-26 16:53:42.601128,2025-04-26 16:54:09.781608,0 days 00:00:27.180480,1,64,161,351.0,,,2,66,0.2336460862926713,0.0009708432560893944,0.6,/work3/arnaou/checkpoints/megnet_Vc_trial_2239_best_state.pt,"{'learning_rate': 0.0009708432560893944, 'lr_reduce': 0.6}",TPESampler,COMPLETE
2240,1.853771686553955,2025-04-26 16:53:43.354723,2025-04-26 16:53:47.448563,0 days 00:00:04.093840,2,90,479,220.0,271.0,,3,72,0.21657778928940882,0.0005151024198757233,0.6,/work3/arnaou/checkpoints/megnet_Vc_trial_2240_best_state.pt,"{'learning_rate': 0.0005151024198757233, 'lr_reduce': 0.6}",TPESampler,COMPLETE
2241,0.1419835090637207,2025-04-26 16:53:47.703385,2025-04-26 16:54:17.995513,0 days 00:00:30.292128,1,73,376,256.0,353.0,432.0,4,50,0.20488878683640827,0.0011746794511256341,0.6,/work3/arnaou/checkpoints/megnet_Vc_trial_2241_best_state.pt,"{'learning_rate': 0.0011746794511256341, 'lr_reduce': 0.6}",TPESampler,COMPLETE
2242,1.8567966222763062,2025-04-26 16:54:07.861994,2025-04-26 16:54:11.920483,0 days 00:00:04.058489,1,77,401,192.0,319.0,437.0,4,52,0.2018704748783556,0.0005783611974454592,0.6,/work3/arnaou/checkpoints/megnet_Vc_trial_2242_best_state.pt,"{'learning_rate': 0.0005783611974454592, 'lr_reduce': 0.6}",TPESampler,COMPLETE
2243,0.49387598037719727,2025-04-26 16:54:10.031462,2025-04-26 16:54:22.788078,0 days 00:00:12.756616,1,79,472,293.0,227.0,358.0,4,71,0.19602696114799567,0.000717246668465849,0.6,/work3/arnaou/checkpoints/megnet_Vc_trial_2243_best_state.pt,"{'learning_rate': 0.000717246668465849, 'lr_reduce': 0.6}",TPESampler,COMPLETE
2244,1.3439748287200928,2025-04-26 16:54:12.176794,2025-04-26 16:54:49.734334,0 days 00:00:37.557540,4,125,359,223.0,266.0,445.0,4,75,0.037243992507451196,0.0019584939625399856,0.6,/work3/arnaou/checkpoints/megnet_Vc_trial_2244_best_state.pt,"{'learning_rate': 0.0019584939625399856, 'lr_reduce': 0.6}",TPESampler,COMPLETE
2245,0.5415555238723755,2025-04-26 16:54:18.251227,2025-04-26 16:54:51.761914,0 days 00:00:33.510687,1,38,407,180.0,380.0,406.0,4,107,0.16873771824574896,0.002093184604002153,0.6,/work3/arnaou/checkpoints/megnet_Vc_trial_2245_best_state.pt,"{'learning_rate': 0.002093184604002153, 'lr_reduce': 0.6}",TPESampler,COMPLETE
2246,0.21483539044857025,2025-04-26 16:54:23.193640,2025-04-26 16:54:53.050730,0 days 00:00:29.857090,1,100,482,337.0,312.0,443.0,4,35,0.24926192617995205,0.0005088085620557322,0.6,/work3/arnaou/checkpoints/megnet_Vc_trial_2246_best_state.pt,"{'learning_rate': 0.0005088085620557322, 'lr_reduce': 0.6}",TPESampler,COMPLETE
2247,0.19476483762264252,2025-04-26 16:54:49.985723,2025-04-26 16:55:20.429771,0 days 00:00:30.444048,1,51,419,356.0,223.0,388.0,4,84,0.17703787617211006,0.004121826110203971,0.6,/work3/arnaou/checkpoints/megnet_Vc_trial_2247_best_state.pt,"{'learning_rate': 0.004121826110203971, 'lr_reduce': 0.6}",TPESampler,COMPLETE
2248,1.7835896015167236,2025-04-26 16:54:52.027426,2025-04-26 16:54:56.102854,0 days 00:00:04.075428,1,87,404,253.0,270.0,443.0,4,54,0.22913593310266211,0.002552660121977946,0.6,/work3/arnaou/checkpoints/megnet_Vc_trial_2248_best_state.pt,"{'learning_rate': 0.002552660121977946, 'lr_reduce': 0.6}",TPESampler,COMPLETE
2249,0.5250263214111328,2025-04-26 16:54:53.398706,2025-04-26 16:55:27.807624,0 days 00:00:34.408918,2,102,439,177.0,338.0,331.0,4,52,0.2427578859528097,0.0007327722862900495,0.6,/work3/arnaou/checkpoints/megnet_Vc_trial_2249_best_state.pt,"{'learning_rate': 0.0007327722862900495, 'lr_reduce': 0.6}",TPESampler,COMPLETE
2250,0.45998260378837585,2025-04-26 16:54:56.355862,2025-04-26 16:55:21.174714,0 days 00:00:24.818852,1,80,399,301.0,229.0,448.0,4,81,0.1936552531397935,0.0014124930505989848,0.6,/work3/arnaou/checkpoints/megnet_Vc_trial_2250_best_state.pt,"{'learning_rate': 0.0014124930505989848, 'lr_reduce': 0.6}",TPESampler,COMPLETE
2251,1.8365862369537354,2025-04-26 16:55:20.676402,2025-04-26 16:55:24.906207,0 days 00:00:04.229805,2,58,294,231.0,282.0,66.0,4,54,0.24599399242386358,0.0007566941781839479,0.6,/work3/arnaou/checkpoints/megnet_Vc_trial_2251_best_state.pt,"{'learning_rate': 0.0007566941781839479, 'lr_reduce': 0.6}",TPESampler,COMPLETE
2252,1.8639185428619385,2025-04-26 16:55:21.454589,2025-04-26 16:55:26.004423,0 days 00:00:04.549834,1,121,367,355.0,303.0,388.0,4,93,0.03206336210848473,0.00011189176227669587,0.6,/work3/arnaou/checkpoints/megnet_Vc_trial_2252_best_state.pt,"{'learning_rate': 0.00011189176227669587, 'lr_reduce': 0.6}",TPESampler,COMPLETE
2253,0.23807115852832794,2025-04-26 16:55:25.147014,2025-04-26 16:55:58.840099,0 days 00:00:33.693085,2,68,458,260.0,251.0,443.0,4,55,0.21373421183735583,0.0008753972203777274,0.6,/work3/arnaou/checkpoints/megnet_Vc_trial_2253_best_state.pt,"{'learning_rate': 0.0008753972203777274, 'lr_reduce': 0.6}",TPESampler,COMPLETE
2254,0.3428744673728943,2025-04-26 16:55:26.275551,2025-04-26 16:56:00.127624,0 days 00:00:33.852073,1,73,453,220.0,221.0,404.0,4,55,0.2052660314638372,0.001381675673119296,0.6,/work3/arnaou/checkpoints/megnet_Vc_trial_2254_best_state.pt,"{'learning_rate': 0.001381675673119296, 'lr_reduce': 0.6}",TPESampler,COMPLETE
2255,0.2627675533294678,2025-04-26 16:55:28.046457,2025-04-26 16:55:47.367566,0 days 00:00:19.321109,1,70,306,293.0,350.0,445.0,4,75,0.2432653545581438,0.0006312966160705964,0.6,/work3/arnaou/checkpoints/megnet_Vc_trial_2255_best_state.pt,"{'learning_rate': 0.0006312966160705964, 'lr_reduce': 0.6}",TPESampler,COMPLETE
2256,1.801594853401184,2025-04-26 16:55:47.646007,2025-04-26 16:55:52.102246,0 days 00:00:04.456239,3,59,292,174.0,309.0,,3,126,0.18543397848749776,0.008745852443787856,0.6,/work3/arnaou/checkpoints/megnet_Vc_trial_2256_best_state.pt,"{'learning_rate': 0.008745852443787856, 'lr_reduce': 0.6}",TPESampler,COMPLETE
2257,0.31451094150543213,2025-04-26 16:55:52.357575,2025-04-26 16:56:17.434107,0 days 00:00:25.076532,2,79,332,220.0,261.0,449.0,4,79,0.19180379775635217,0.0007888530588584291,0.6,/work3/arnaou/checkpoints/megnet_Vc_trial_2257_best_state.pt,"{'learning_rate': 0.0007888530588584291, 'lr_reduce': 0.6}",TPESampler,COMPLETE
2258,0.2199893593788147,2025-04-26 16:55:59.110983,2025-04-26 16:56:29.938596,0 days 00:00:30.827613,1,67,510,362.0,294.0,360.0,4,77,0.24194597247790325,0.0003968716419388502,0.6,/work3/arnaou/checkpoints/megnet_Vc_trial_2258_best_state.pt,"{'learning_rate': 0.0003968716419388502, 'lr_reduce': 0.6}",TPESampler,COMPLETE
2259,1.832685112953186,2025-04-26 16:56:00.400630,2025-04-26 16:56:04.616554,0 days 00:00:04.215924,4,40,147,,,,1,68,0.015792740711744496,0.00010036454504303053,0.6,/work3/arnaou/checkpoints/megnet_Vc_trial_2259_best_state.pt,"{'learning_rate': 0.00010036454504303053, 'lr_reduce': 0.6}",TPESampler,COMPLETE
2260,0.3210975229740143,2025-04-26 16:56:04.874269,2025-04-26 16:56:27.732644,0 days 00:00:22.858375,1,86,442,181.0,220.0,403.0,4,73,0.16397078332821885,0.0008561435943895039,0.6,/work3/arnaou/checkpoints/megnet_Vc_trial_2260_best_state.pt,"{'learning_rate': 0.0008561435943895039, 'lr_reduce': 0.6}",TPESampler,COMPLETE
2261,0.886900782585144,2025-04-26 16:56:17.712758,2025-04-26 16:56:32.128478,0 days 00:00:14.415720,2,76,392,277.0,361.0,449.0,4,38,0.23746842105898253,0.003071096079942391,0.6,/work3/arnaou/checkpoints/megnet_Vc_trial_2261_best_state.pt,"{'learning_rate': 0.003071096079942391, 'lr_reduce': 0.6}",TPESampler,COMPLETE
2262,1.7996195554733276,2025-04-26 16:56:27.963695,2025-04-26 16:56:31.362904,0 days 00:00:03.399209,1,34,72,,,,1,33,0.24626069411375698,0.0066868241238586396,0.6,/work3/arnaou/checkpoints/megnet_Vc_trial_2262_best_state.pt,"{'learning_rate': 0.0066868241238586396, 'lr_reduce': 0.6}",TPESampler,COMPLETE
2263,1.852304458618164,2025-04-26 16:56:30.166032,2025-04-26 16:56:34.226935,0 days 00:00:04.060903,2,84,383,314.0,261.0,473.0,4,73,0.24614940264231805,0.0008551347226602516,0.6,/work3/arnaou/checkpoints/megnet_Vc_trial_2263_best_state.pt,"{'learning_rate': 0.0008551347226602516, 'lr_reduce': 0.6}",TPESampler,COMPLETE
2264,0.13993456959724426,2025-04-26 16:56:31.574055,2025-04-26 16:56:57.675682,0 days 00:00:26.101627,1,87,402,249.0,221.0,,3,52,0.21479412599327086,0.0014510225522636516,0.6,/work3/arnaou/checkpoints/megnet_Vc_trial_2264_best_state.pt,"{'learning_rate': 0.0014510225522636516, 'lr_reduce': 0.6}",TPESampler,COMPLETE
2265,0.4535488188266754,2025-04-26 16:56:32.388085,2025-04-26 16:56:44.277660,0 days 00:00:11.889575,1,93,512,176.0,309.0,394.0,4,80,0.18708743000862016,0.0008693690605211193,0.6,/work3/arnaou/checkpoints/megnet_Vc_trial_2265_best_state.pt,"{'learning_rate': 0.0008693690605211193, 'lr_reduce': 0.6}",TPESampler,COMPLETE
2266,1.8369216918945312,2025-04-26 16:56:34.449097,2025-04-26 16:56:38.235447,0 days 00:00:03.786350,1,65,357,356.0,332.0,,3,47,0.246820145012039,0.001660561799378551,0.6,/work3/arnaou/checkpoints/megnet_Vc_trial_2266_best_state.pt,"{'learning_rate': 0.001660561799378551, 'lr_reduce': 0.6}",TPESampler,COMPLETE
2267,0.3796784579753876,2025-04-26 16:56:38.491127,2025-04-26 16:56:55.133231,0 days 00:00:16.642104,1,94,454,218.0,273.0,452.0,4,57,0.1839728062714559,0.0015943706784269502,0.6,/work3/arnaou/checkpoints/megnet_Vc_trial_2267_best_state.pt,"{'learning_rate': 0.0015943706784269502, 'lr_reduce': 0.6}",TPESampler,COMPLETE
2268,0.24639302492141724,2025-04-26 16:56:44.527748,2025-04-26 16:57:05.591834,0 days 00:00:21.064086,1,64,388,260.0,221.0,474.0,4,48,0.19078966368004574,0.002462040933957846,0.6,/work3/arnaou/checkpoints/megnet_Vc_trial_2268_best_state.pt,"{'learning_rate': 0.002462040933957846, 'lr_reduce': 0.6}",TPESampler,COMPLETE
2269,0.576755166053772,2025-04-26 16:56:55.393047,2025-04-26 16:57:31.646851,0 days 00:00:36.253804,2,111,508,308.0,263.0,405.0,4,75,0.2450736785799045,0.0010947086084347117,0.6,/work3/arnaou/checkpoints/megnet_Vc_trial_2269_best_state.pt,"{'learning_rate': 0.0010947086084347117, 'lr_reduce': 0.6}",TPESampler,COMPLETE
2270,0.32233911752700806,2025-04-26 16:56:57.915062,2025-04-26 16:57:29.101144,0 days 00:00:31.186082,1,97,497,219.0,371.0,335.0,4,50,0.22641985666615158,0.0008273200585972886,0.6,/work3/arnaou/checkpoints/megnet_Vc_trial_2270_best_state.pt,"{'learning_rate': 0.0008273200585972886, 'lr_reduce': 0.6}",TPESampler,COMPLETE
2271,1.8573274612426758,2025-04-26 16:57:05.846287,2025-04-26 16:57:09.623522,0 days 00:00:03.777235,1,55,296,367.0,307.0,,3,60,0.20374929942910266,0.0006087798729509817,0.6,/work3/arnaou/checkpoints/megnet_Vc_trial_2271_best_state.pt,"{'learning_rate': 0.0006087798729509817, 'lr_reduce': 0.6}",TPESampler,COMPLETE
2272,0.1460842341184616,2025-04-26 16:57:09.863962,2025-04-26 16:57:37.320682,0 days 00:00:27.456720,1,94,477,179.0,219.0,472.0,4,66,0.1876167451591457,0.003614397115572577,0.6,/work3/arnaou/checkpoints/megnet_Vc_trial_2272_best_state.pt,"{'learning_rate': 0.003614397115572577, 'lr_reduce': 0.6}",TPESampler,COMPLETE
2273,1.7984877824783325,2025-04-26 16:57:29.367419,2025-04-26 16:57:33.240224,0 days 00:00:03.872805,1,86,439,284.0,268.0,,3,60,0.17923392323682477,0.0020931542278140878,0.6,/work3/arnaou/checkpoints/megnet_Vc_trial_2273_best_state.pt,"{'learning_rate': 0.0020931542278140878, 'lr_reduce': 0.6}",TPESampler,COMPLETE
2274,0.2618221640586853,2025-04-26 16:57:31.887259,2025-04-26 16:57:51.729387,0 days 00:00:19.842128,1,88,445,253.0,332.0,444.0,4,38,0.1964618912850035,0.0029862067451442765,0.6,/work3/arnaou/checkpoints/megnet_Vc_trial_2274_best_state.pt,"{'learning_rate': 0.0029862067451442765, 'lr_reduce': 0.6}",TPESampler,COMPLETE
2275,0.14106784760951996,2025-04-26 16:57:33.465074,2025-04-26 16:58:05.897067,0 days 00:00:32.431993,1,79,452,371.0,295.0,412.0,4,49,0.2018993715278351,0.0007146318189597938,0.6,/work3/arnaou/checkpoints/megnet_Vc_trial_2275_best_state.pt,"{'learning_rate': 0.0007146318189597938, 'lr_reduce': 0.6}",TPESampler,COMPLETE
2276,0.28832048177719116,2025-04-26 16:57:37.568994,2025-04-26 16:57:58.008732,0 days 00:00:20.439738,1,83,424,213.0,223.0,478.0,4,46,0.20077757681765396,0.0011736449006870444,0.6,/work3/arnaou/checkpoints/megnet_Vc_trial_2276_best_state.pt,"{'learning_rate': 0.0011736449006870444, 'lr_reduce': 0.6}",TPESampler,COMPLETE
2277,1.8557829856872559,2025-04-26 16:57:52.027080,2025-04-26 16:57:56.582126,0 days 00:00:04.555046,3,44,368,315.0,,,2,63,0.08722063586791859,0.0005253237909573859,0.6,/work3/arnaou/checkpoints/megnet_Vc_trial_2277_best_state.pt,"{'learning_rate': 0.0005253237909573859, 'lr_reduce': 0.6}",TPESampler,COMPLETE
2278,1.8622756004333496,2025-04-26 16:57:56.822264,2025-04-26 16:58:00.909605,0 days 00:00:04.087341,1,76,425,264.0,254.0,363.0,4,53,0.24580394882400936,0.0005158777232926882,0.6,/work3/arnaou/checkpoints/megnet_Vc_trial_2278_best_state.pt,"{'learning_rate': 0.0005158777232926882, 'lr_reduce': 0.6}",TPESampler,COMPLETE
2279,1.8204360008239746,2025-04-26 16:57:58.389675,2025-04-26 16:58:01.931021,0 days 00:00:03.541346,1,32,136,221.0,,,2,89,0.06638135450672927,0.00013424912845246302,0.6,/work3/arnaou/checkpoints/megnet_Vc_trial_2279_best_state.pt,"{'learning_rate': 0.00013424912845246302, 'lr_reduce': 0.6}",TPESampler,COMPLETE
2280,1.8688249588012695,2025-04-26 16:58:01.167993,2025-04-26 16:58:05.598790,0 days 00:00:04.430797,2,79,247,183.0,329.0,440.0,4,70,0.058106407994790055,0.00012766051359462395,0.6,/work3/arnaou/checkpoints/megnet_Vc_trial_2280_best_state.pt,"{'learning_rate': 0.00012766051359462395, 'lr_reduce': 0.6}",TPESampler,COMPLETE
2281,0.15940213203430176,2025-04-26 16:58:02.246076,2025-04-26 16:58:34.436678,0 days 00:00:32.190602,2,79,381,339.0,289.0,,3,48,0.22967071089461896,0.0004141710825879476,0.6,/work3/arnaou/checkpoints/megnet_Vc_trial_2281_best_state.pt,"{'learning_rate': 0.0004141710825879476, 'lr_reduce': 0.6}",TPESampler,COMPLETE
2282,1.8394891023635864,2025-04-26 16:58:05.848972,2025-04-26 16:58:10.039878,0 days 00:00:04.190906,1,83,510,175.0,379.0,473.0,4,53,0.24789341591850672,0.0019578045211535635,0.6,/work3/arnaou/checkpoints/megnet_Vc_trial_2282_best_state.pt,"{'learning_rate': 0.0019578045211535635, 'lr_reduce': 0.6}",TPESampler,COMPLETE
2283,0.18312382698059082,2025-04-26 16:58:06.328445,2025-04-26 16:58:28.216272,0 days 00:00:21.887827,2,68,494,368.0,224.0,409.0,4,57,0.24344951911752877,0.0008362231503732667,0.6,/work3/arnaou/checkpoints/megnet_Vc_trial_2283_best_state.pt,"{'learning_rate': 0.0008362231503732667, 'lr_reduce': 0.6}",TPESampler,COMPLETE
2284,1.8467384576797485,2025-04-26 16:58:10.306637,2025-04-26 16:58:14.337238,0 days 00:00:04.030601,1,73,303,288.0,257.0,,3,38,0.2054505246154559,0.0015036441780728134,0.6,/work3/arnaou/checkpoints/megnet_Vc_trial_2284_best_state.pt,"{'learning_rate': 0.0015036441780728134, 'lr_reduce': 0.6}",TPESampler,COMPLETE
2285,0.498542457818985,2025-04-26 16:58:14.582952,2025-04-26 16:58:48.454856,0 days 00:00:33.871904,1,58,397,240.0,326.0,475.0,4,59,0.23669293664274438,0.00033684851123264833,0.6,/work3/arnaou/checkpoints/megnet_Vc_trial_2285_best_state.pt,"{'learning_rate': 0.00033684851123264833, 'lr_reduce': 0.6}",TPESampler,COMPLETE
2286,0.12539544701576233,2025-04-26 16:58:28.493430,2025-04-26 16:58:59.696616,0 days 00:00:31.203186,1,83,455,370.0,220.0,431.0,4,80,0.17889066224596703,0.0005040578980164759,0.6,/work3/arnaou/checkpoints/megnet_Vc_trial_2286_best_state.pt,"{'learning_rate': 0.0005040578980164759, 'lr_reduce': 0.6}",TPESampler,COMPLETE
2287,0.3878629803657532,2025-04-26 16:58:34.881328,2025-04-26 16:58:49.129082,0 days 00:00:14.247754,1,58,491,211.0,291.0,,3,55,0.17278032532182797,0.0018469874972348748,0.6,/work3/arnaou/checkpoints/megnet_Vc_trial_2287_best_state.pt,"{'learning_rate': 0.0018469874972348748, 'lr_reduce': 0.6}",TPESampler,COMPLETE
2288,1.7322728633880615,2025-04-26 16:58:48.696102,2025-04-26 16:58:53.933980,0 days 00:00:05.237878,2,63,106,315.0,255.0,,3,127,0.2266823642237361,0.008202664337623757,0.6,/work3/arnaou/checkpoints/megnet_Vc_trial_2288_best_state.pt,"{'learning_rate': 0.008202664337623757, 'lr_reduce': 0.6}",TPESampler,COMPLETE
2289,1.844319224357605,2025-04-26 16:58:49.408620,2025-04-26 16:58:53.835215,0 days 00:00:04.426595,3,125,269,,,,1,73,0.07035008545976086,0.0001853595047884318,0.6,/work3/arnaou/checkpoints/megnet_Vc_trial_2289_best_state.pt,"{'learning_rate': 0.0001853595047884318, 'lr_reduce': 0.6}",TPESampler,COMPLETE
2290,0.37757331132888794,2025-04-26 16:58:54.034042,2025-04-26 16:59:22.136187,0 days 00:00:28.102145,1,81,376,174.0,215.0,,3,49,0.20259745209653976,0.0009826500756274774,0.6,/work3/arnaou/checkpoints/megnet_Vc_trial_2290_best_state.pt,"{'learning_rate': 0.0009826500756274774, 'lr_reduce': 0.6}",TPESampler,COMPLETE
2291,1.853398323059082,2025-04-26 16:58:54.141718,2025-04-26 16:58:58.347604,0 days 00:00:04.205886,1,84,509,258.0,340.0,,3,52,0.19573033340698953,0.0004997020507894793,0.6,/work3/arnaou/checkpoints/megnet_Vc_trial_2291_best_state.pt,"{'learning_rate': 0.0004997020507894793, 'lr_reduce': 0.6}",TPESampler,COMPLETE
2292,0.14440974593162537,2025-04-26 16:58:58.621734,2025-04-26 16:59:31.038546,0 days 00:00:32.416812,1,74,374,373.0,296.0,,3,69,0.2009228129876747,0.0008445146336085273,0.6,/work3/arnaou/checkpoints/megnet_Vc_trial_2292_best_state.pt,"{'learning_rate': 0.0008445146336085273, 'lr_reduce': 0.6}",TPESampler,COMPLETE
2293,1.8249021768569946,2025-04-26 16:58:59.950637,2025-04-26 16:59:04.217971,0 days 00:00:04.267334,2,81,466,209.0,476.0,,3,51,0.2083798868316466,0.0012492123681248314,0.6,/work3/arnaou/checkpoints/megnet_Vc_trial_2293_best_state.pt,"{'learning_rate': 0.0012492123681248314, 'lr_reduce': 0.6}",TPESampler,COMPLETE
2294,1.8583362102508545,2025-04-26 16:59:04.490724,2025-04-26 16:59:08.477059,0 days 00:00:03.986335,1,76,432,269.0,253.0,478.0,4,66,0.24593923960813002,0.0010167553277490684,0.6,/work3/arnaou/checkpoints/megnet_Vc_trial_2294_best_state.pt,"{'learning_rate': 0.0010167553277490684, 'lr_reduce': 0.6}",TPESampler,COMPLETE
2295,1.8415405750274658,2025-04-26 16:59:08.728325,2025-04-26 16:59:13.557273,0 days 00:00:04.828948,3,85,369,175.0,355.0,371.0,4,88,0.21154890578773822,0.00783979836470636,0.6,/work3/arnaou/checkpoints/megnet_Vc_trial_2295_best_state.pt,"{'learning_rate': 0.00783979836470636, 'lr_reduce': 0.6}",TPESampler,COMPLETE
2296,1.821047067642212,2025-04-26 16:59:13.846136,2025-04-26 16:59:17.700305,0 days 00:00:03.854169,1,75,478,334.0,290.0,445.0,4,66,0.2468234522900455,0.002263962205504983,0.6,/work3/arnaou/checkpoints/megnet_Vc_trial_2296_best_state.pt,"{'learning_rate': 0.002263962205504983, 'lr_reduce': 0.6}",TPESampler,COMPLETE
2297,0.6102048754692078,2025-04-26 16:59:17.936264,2025-04-26 16:59:32.931089,0 days 00:00:14.994825,1,82,499,243.0,216.0,480.0,4,57,0.13013579469474967,0.00037634936091382335,0.6,/work3/arnaou/checkpoints/megnet_Vc_trial_2297_best_state.pt,"{'learning_rate': 0.00037634936091382335, 'lr_reduce': 0.6}",TPESampler,COMPLETE
2298,0.20144224166870117,2025-04-26 16:59:22.536666,2025-04-26 16:59:55.248994,0 days 00:00:32.712328,2,60,509,389.0,316.0,478.0,4,79,0.18496073113652134,0.0003352982398366973,0.6,/work3/arnaou/checkpoints/megnet_Vc_trial_2298_best_state.pt,"{'learning_rate': 0.0003352982398366973, 'lr_reduce': 0.6}",TPESampler,COMPLETE
2299,0.41458675265312195,2025-04-26 16:59:31.294071,2025-04-26 16:59:45.923204,0 days 00:00:14.629133,1,93,461,286.0,258.0,,3,69,0.20362867731633472,0.0007944113813468361,0.6,/work3/arnaou/checkpoints/megnet_Vc_trial_2299_best_state.pt,"{'learning_rate': 0.0007944113813468361, 'lr_reduce': 0.6}",TPESampler,COMPLETE
2300,1.817500352859497,2025-04-26 16:59:33.170448,2025-04-26 16:59:37.256146,0 days 00:00:04.085698,2,85,392,216.0,288.0,304.0,4,69,0.16751402811124563,0.004099172748197756,0.6,/work3/arnaou/checkpoints/megnet_Vc_trial_2300_best_state.pt,"{'learning_rate': 0.004099172748197756, 'lr_reduce': 0.6}",TPESampler,COMPLETE
2301,0.22320841252803802,2025-04-26 16:59:37.563102,2025-04-26 17:00:11.224726,0 days 00:00:33.661624,2,78,385,337.0,217.0,408.0,4,57,0.16378542487425224,0.0010103329123087254,0.6,/work3/arnaou/checkpoints/megnet_Vc_trial_2301_best_state.pt,"{'learning_rate': 0.0010103329123087254, 'lr_reduce': 0.6}",TPESampler,COMPLETE
2302,0.39284074306488037,2025-04-26 16:59:46.209136,2025-04-26 17:00:05.752870,0 days 00:00:19.543734,1,52,242,247.0,256.0,,3,59,0.24831606218426266,0.00690956545133925,0.6,/work3/arnaou/checkpoints/megnet_Vc_trial_2302_best_state.pt,"{'learning_rate': 0.00690956545133925, 'lr_reduce': 0.6}",TPESampler,COMPLETE
2303,1.8547933101654053,2025-04-26 16:59:55.471402,2025-04-26 16:59:58.958540,0 days 00:00:03.487138,1,68,231,171.0,,,2,62,0.15360250046078738,0.0004133809864327024,0.6,/work3/arnaou/checkpoints/megnet_Vc_trial_2303_best_state.pt,"{'learning_rate': 0.0004133809864327024, 'lr_reduce': 0.6}",TPESampler,COMPLETE
