number,value,datetime_start,datetime_complete,duration,params_depth,params_edge_hidden_dim,params_mlp_dim_00,params_mlp_dim_01,params_mlp_dim_02,params_mlp_dim_03,params_mlp_n_layers,params_node_hidden_dim,params_rep_dropout,params_train_learning_rate,params_train_lr_reduce,user_attrs_best_state_dict_path,user_attrs_training_params,system_attrs_auto:sampler,state
1694,0.5063719749450684,2025-04-26 15:58:45.498573,2025-04-26 15:59:08.429012,0 days 00:00:22.930439,2,48,103,65.0,,,2,104,0.21562004186962228,0.002881794307940464,0.6,/work3/arnaou/checkpoints/megnet_Vc_trial_1694_best_state.pt,"{'learning_rate': 0.002881794307940464, 'lr_reduce': 0.6}",TPESampler,COMPLETE
1695,1.8551889657974243,2025-04-26 15:58:47.297460,2025-04-26 15:58:51.568211,0 days 00:00:04.270751,2,73,501,268.0,234.0,510.0,4,41,0.2433706654550459,0.0019958998963013944,0.6,/work3/arnaou/checkpoints/megnet_Vc_trial_1695_best_state.pt,"{'learning_rate': 0.0019958998963013944, 'lr_reduce': 0.6}",TPESampler,COMPLETE
1696,0.22832848131656647,2025-04-26 15:58:51.841484,2025-04-26 15:59:25.521975,0 days 00:00:33.680491,2,85,95,136.0,344.0,473.0,4,119,0.03915947203040357,0.0021171804943714507,0.6,/work3/arnaou/checkpoints/megnet_Vc_trial_1696_best_state.pt,"{'learning_rate': 0.0021171804943714507, 'lr_reduce': 0.6}",TPESampler,COMPLETE
1697,0.17641079425811768,2025-04-26 15:58:58.316232,2025-04-26 15:59:31.385782,0 days 00:00:33.069550,2,98,381,102.0,370.0,511.0,4,63,0.24034140991327663,0.001670970116117589,0.6,/work3/arnaou/checkpoints/megnet_Vc_trial_1697_best_state.pt,"{'learning_rate': 0.001670970116117589, 'lr_reduce': 0.6}",TPESampler,COMPLETE
1698,0.6995097994804382,2025-04-26 15:59:08.641133,2025-04-26 15:59:44.209223,0 days 00:00:35.568090,1,76,512,402.0,233.0,413.0,4,61,0.19867950599852863,0.0005036966610830905,0.6,/work3/arnaou/checkpoints/megnet_Vc_trial_1698_best_state.pt,"{'learning_rate': 0.0005036966610830905, 'lr_reduce': 0.6}",TPESampler,COMPLETE
1699,1.8202786445617676,2025-04-26 15:59:25.789205,2025-04-26 15:59:29.765288,0 days 00:00:03.976083,1,71,437,188.0,294.0,442.0,4,69,0.247686008790256,0.005079967174478112,0.6,/work3/arnaou/checkpoints/megnet_Vc_trial_1699_best_state.pt,"{'learning_rate': 0.005079967174478112, 'lr_reduce': 0.6}",TPESampler,COMPLETE
1700,0.3766913115978241,2025-04-26 15:59:30.022949,2025-04-26 15:59:44.371187,0 days 00:00:14.348238,1,78,425,124.0,253.0,,3,91,0.23328551529666175,0.0021013746531832636,0.6,/work3/arnaou/checkpoints/megnet_Vc_trial_1700_best_state.pt,"{'learning_rate': 0.0021013746531832636, 'lr_reduce': 0.6}",TPESampler,COMPLETE
1701,0.17616872489452362,2025-04-26 15:59:31.640802,2025-04-26 16:00:03.428170,0 days 00:00:31.787368,1,95,492,64.0,325.0,469.0,4,79,0.2493424180311894,0.0003531790571075721,0.6,/work3/arnaou/checkpoints/megnet_Vc_trial_1701_best_state.pt,"{'learning_rate': 0.0003531790571075721, 'lr_reduce': 0.6}",TPESampler,COMPLETE
1702,1.7987455129623413,2025-04-26 15:59:44.598937,2025-04-26 15:59:48.699922,0 days 00:00:04.100985,1,81,185,318.0,416.0,511.0,4,81,0.056626702533391304,0.0037255140591939675,0.6,/work3/arnaou/checkpoints/megnet_Vc_trial_1702_best_state.pt,"{'learning_rate': 0.0037255140591939675, 'lr_reduce': 0.6}",TPESampler,COMPLETE
1703,0.3276973068714142,2025-04-26 15:59:44.827868,2025-04-26 16:00:01.350751,0 days 00:00:16.522883,1,102,512,396.0,272.0,399.0,4,98,0.23343181867989038,0.0009383074983024752,0.6,/work3/arnaou/checkpoints/megnet_Vc_trial_1703_best_state.pt,"{'learning_rate': 0.0009383074983024752, 'lr_reduce': 0.6}",TPESampler,COMPLETE
1704,1.7905786037445068,2025-04-26 15:59:48.958778,2025-04-26 15:59:52.789806,0 days 00:00:03.831028,2,39,474,,,,1,40,0.015507906046815678,0.002195191521801488,0.6,/work3/arnaou/checkpoints/megnet_Vc_trial_1704_best_state.pt,"{'learning_rate': 0.002195191521801488, 'lr_reduce': 0.6}",TPESampler,COMPLETE
1705,0.16548985242843628,2025-04-26 15:59:53.015089,2025-04-26 16:00:24.885956,0 days 00:00:31.870867,1,124,300,110.0,381.0,338.0,4,102,0.12024816947598421,0.0004494030247176057,0.6,/work3/arnaou/checkpoints/megnet_Vc_trial_1705_best_state.pt,"{'learning_rate': 0.0004494030247176057, 'lr_reduce': 0.6}",TPESampler,COMPLETE
1706,0.2538323700428009,2025-04-26 16:00:01.638176,2025-04-26 16:00:18.486622,0 days 00:00:16.848446,1,73,500,203.0,321.0,,3,53,0.2326028046232725,0.001052586204391257,0.6,/work3/arnaou/checkpoints/megnet_Vc_trial_1706_best_state.pt,"{'learning_rate': 0.001052586204391257, 'lr_reduce': 0.6}",TPESampler,COMPLETE
1707,1.8465900421142578,2025-04-26 16:00:03.702371,2025-04-26 16:00:07.639834,0 days 00:00:03.937463,1,72,430,253.0,69.0,431.0,4,34,0.24505132813049516,0.0016263954885371527,0.6,/work3/arnaou/checkpoints/megnet_Vc_trial_1707_best_state.pt,"{'learning_rate': 0.0016263954885371527, 'lr_reduce': 0.6}",TPESampler,COMPLETE
1708,0.4415598511695862,2025-04-26 16:00:07.869004,2025-04-26 16:00:46.126878,0 days 00:00:38.257874,3,49,254,137.0,247.0,,3,126,0.10632498974629091,0.0005561664430786063,0.6,/work3/arnaou/checkpoints/megnet_Vc_trial_1708_best_state.pt,"{'learning_rate': 0.0005561664430786063, 'lr_reduce': 0.6}",TPESampler,COMPLETE
1709,0.2723970413208008,2025-04-26 16:00:18.738879,2025-04-26 16:00:51.786592,0 days 00:00:33.047713,1,40,480,403.0,350.0,512.0,4,32,0.20434509477097376,0.0004564678938238715,0.6,/work3/arnaou/checkpoints/megnet_Vc_trial_1709_best_state.pt,"{'learning_rate': 0.0004564678938238715, 'lr_reduce': 0.6}",TPESampler,COMPLETE
1710,1.783619999885559,2025-04-26 16:00:25.171982,2025-04-26 16:00:29.617333,0 days 00:00:04.445351,3,102,334,,,,1,104,0.14723038863591745,0.001086609166629312,0.6,/work3/arnaou/checkpoints/megnet_Vc_trial_1710_best_state.pt,"{'learning_rate': 0.001086609166629312, 'lr_reduce': 0.6}",TPESampler,COMPLETE
1711,1.86925208568573,2025-04-26 16:00:29.859602,2025-04-26 16:00:34.481195,0 days 00:00:04.621593,1,53,432,102.0,300.0,471.0,4,97,0.1917469953429596,0.00013101988585755887,0.6,/work3/arnaou/checkpoints/megnet_Vc_trial_1711_best_state.pt,"{'learning_rate': 0.00013101988585755887, 'lr_reduce': 0.6}",TPESampler,COMPLETE
1712,0.18339720368385315,2025-04-26 16:00:34.747466,2025-04-26 16:01:01.466560,0 days 00:00:26.719094,1,89,407,163.0,67.0,,3,53,0.20347736361623173,0.0006842829835139344,0.6,/work3/arnaou/checkpoints/megnet_Vc_trial_1712_best_state.pt,"{'learning_rate': 0.0006842829835139344, 'lr_reduce': 0.6}",TPESampler,COMPLETE
1713,0.3526991605758667,2025-04-26 16:00:46.589594,2025-04-26 16:01:00.562318,0 days 00:00:13.972724,1,63,353,339.0,247.0,437.0,4,104,0.2089792308423183,0.000767103560139227,0.6,/work3/arnaou/checkpoints/megnet_Vc_trial_1713_best_state.pt,"{'learning_rate': 0.000767103560139227, 'lr_reduce': 0.6}",TPESampler,COMPLETE
1714,0.4090677499771118,2025-04-26 16:00:52.022782,2025-04-26 16:01:07.032831,0 days 00:00:15.010049,1,79,510,398.0,281.0,366.0,4,75,0.22121928937625165,0.0018847317021237812,0.6,/work3/arnaou/checkpoints/megnet_Vc_trial_1714_best_state.pt,"{'learning_rate': 0.0018847317021237812, 'lr_reduce': 0.6}",TPESampler,COMPLETE
1715,1.8364436626434326,2025-04-26 16:01:00.796556,2025-04-26 16:01:04.742902,0 days 00:00:03.946346,1,84,390,140.0,357.0,467.0,4,78,0.21380168949418699,0.0011059324853888374,0.6,/work3/arnaou/checkpoints/megnet_Vc_trial_1715_best_state.pt,"{'learning_rate': 0.0011059324853888374, 'lr_reduce': 0.6}",TPESampler,COMPLETE
1716,0.19973228871822357,2025-04-26 16:01:01.789759,2025-04-26 16:01:25.393527,0 days 00:00:23.603768,1,53,389,199.0,,,2,114,0.24567667518748282,0.00537672649470149,0.6,/work3/arnaou/checkpoints/megnet_Vc_trial_1716_best_state.pt,"{'learning_rate': 0.00537672649470149, 'lr_reduce': 0.6}",TPESampler,COMPLETE
1717,0.44325536489486694,2025-04-26 16:01:04.959225,2025-04-26 16:01:20.923268,0 days 00:00:15.964043,1,100,457,108.0,236.0,399.0,4,77,0.24499562422207288,0.000948560516975693,0.6,/work3/arnaou/checkpoints/megnet_Vc_trial_1717_best_state.pt,"{'learning_rate': 0.000948560516975693, 'lr_reduce': 0.6}",TPESampler,COMPLETE
1718,0.21605415642261505,2025-04-26 16:01:07.258528,2025-04-26 16:01:38.337645,0 days 00:00:31.079117,1,83,96,389.0,321.0,,3,62,0.24468045697318752,0.0028906814566880433,0.6,/work3/arnaou/checkpoints/megnet_Vc_trial_1718_best_state.pt,"{'learning_rate': 0.0028906814566880433, 'lr_reduce': 0.6}",TPESampler,COMPLETE
1719,0.3508557677268982,2025-04-26 16:01:21.185205,2025-04-26 16:01:36.759415,0 days 00:00:15.574210,1,90,312,166.0,91.0,473.0,4,56,0.15079511663281783,0.001105810787163353,0.6,/work3/arnaou/checkpoints/megnet_Vc_trial_1719_best_state.pt,"{'learning_rate': 0.001105810787163353, 'lr_reduce': 0.6}",TPESampler,COMPLETE
1720,1.8192708492279053,2025-04-26 16:01:25.630551,2025-04-26 16:01:29.588502,0 days 00:00:03.957951,2,68,249,102.0,228.0,,3,66,0.18521042953755937,0.0030611330653512276,0.6,/work3/arnaou/checkpoints/megnet_Vc_trial_1720_best_state.pt,"{'learning_rate': 0.0030611330653512276, 'lr_reduce': 0.6}",TPESampler,COMPLETE
1721,0.21746820211410522,2025-04-26 16:01:29.844271,2025-04-26 16:01:59.484091,0 days 00:00:29.639820,1,92,504,313.0,65.0,511.0,4,65,0.24201093468029145,0.0008238996240876331,0.6,/work3/arnaou/checkpoints/megnet_Vc_trial_1721_best_state.pt,"{'learning_rate': 0.0008238996240876331, 'lr_reduce': 0.6}",TPESampler,COMPLETE
1722,0.5927404165267944,2025-04-26 16:01:36.998858,2025-04-26 16:01:50.925749,0 days 00:00:13.926891,1,61,502,241.0,395.0,,3,75,0.2424241979961917,0.0005451487472290545,0.6,/work3/arnaou/checkpoints/megnet_Vc_trial_1722_best_state.pt,"{'learning_rate': 0.0005451487472290545, 'lr_reduce': 0.6}",TPESampler,COMPLETE
1723,1.8190838098526,2025-04-26 16:01:38.603215,2025-04-26 16:01:42.517891,0 days 00:00:03.914676,2,67,501,414.0,503.0,434.0,4,63,0.22531171340507927,0.0016947206205459701,0.6,/work3/arnaou/checkpoints/megnet_Vc_trial_1723_best_state.pt,"{'learning_rate': 0.0016947206205459701, 'lr_reduce': 0.6}",TPESampler,COMPLETE
1724,1.8415601253509521,2025-04-26 16:01:42.737892,2025-04-26 16:01:47.502541,0 days 00:00:04.764649,3,117,211,65.0,,,2,104,0.018264265345261987,0.0001526861564168436,0.6,/work3/arnaou/checkpoints/megnet_Vc_trial_1724_best_state.pt,"{'learning_rate': 0.0001526861564168436, 'lr_reduce': 0.6}",TPESampler,COMPLETE
1725,1.8627140522003174,2025-04-26 16:01:47.731619,2025-04-26 16:01:52.822445,0 days 00:00:05.090826,4,81,348,,,,1,98,0.07368145708001807,0.0001392514993983723,0.6,/work3/arnaou/checkpoints/megnet_Vc_trial_1725_best_state.pt,"{'learning_rate': 0.0001392514993983723, 'lr_reduce': 0.6}",TPESampler,COMPLETE
1726,0.19930511713027954,2025-04-26 16:01:51.233420,2025-04-26 16:02:25.477515,0 days 00:00:34.244095,1,88,398,140.0,308.0,400.0,4,74,0.24761769551996912,0.0004832049808742805,0.6,/work3/arnaou/checkpoints/megnet_Vc_trial_1726_best_state.pt,"{'learning_rate': 0.0004832049808742805, 'lr_reduce': 0.6}",TPESampler,COMPLETE
1727,0.3830251097679138,2025-04-26 16:01:53.227876,2025-04-26 16:02:20.809612,0 days 00:00:27.581736,1,79,509,277.0,346.0,475.0,4,74,0.22674829518818643,0.0006762523267826175,0.6,/work3/arnaou/checkpoints/megnet_Vc_trial_1727_best_state.pt,"{'learning_rate': 0.0006762523267826175, 'lr_reduce': 0.6}",TPESampler,COMPLETE
1728,1.4257471561431885,2025-04-26 16:01:59.734027,2025-04-26 16:02:10.196228,0 days 00:00:10.462201,2,89,374,102.0,274.0,441.0,4,84,0.18114546301483606,0.000495338914978173,0.6,/work3/arnaou/checkpoints/megnet_Vc_trial_1728_best_state.pt,"{'learning_rate': 0.000495338914978173, 'lr_reduce': 0.6}",TPESampler,COMPLETE
1729,0.26805350184440613,2025-04-26 16:02:10.499740,2025-04-26 16:02:41.180004,0 days 00:00:30.680264,2,53,503,372.0,222.0,512.0,4,79,0.22826698448345956,0.0010735774987108131,0.6,/work3/arnaou/checkpoints/megnet_Vc_trial_1729_best_state.pt,"{'learning_rate': 0.0010735774987108131, 'lr_reduce': 0.6}",TPESampler,COMPLETE
1730,0.34486886858940125,2025-04-26 16:02:21.070164,2025-04-26 16:02:37.379470,0 days 00:00:16.309306,1,58,412,180.0,94.0,,3,63,0.24534571139794795,0.002324398560431748,0.6,/work3/arnaou/checkpoints/megnet_Vc_trial_1730_best_state.pt,"{'learning_rate': 0.002324398560431748, 'lr_reduce': 0.6}",TPESampler,COMPLETE
1731,1.8357573747634888,2025-04-26 16:02:25.740006,2025-04-26 16:02:29.485192,0 days 00:00:03.745186,1,53,507,414.0,220.0,353.0,4,53,0.22562598268569536,0.00125327104626476,0.6,/work3/arnaou/checkpoints/megnet_Vc_trial_1731_best_state.pt,"{'learning_rate': 0.00125327104626476, 'lr_reduce': 0.6}",TPESampler,COMPLETE
1732,0.15915143489837646,2025-04-26 16:02:29.716263,2025-04-26 16:02:56.316529,0 days 00:00:26.600266,1,70,188,154.0,292.0,,3,68,0.16208048233636674,0.002177809528622171,0.6,/work3/arnaou/checkpoints/megnet_Vc_trial_1732_best_state.pt,"{'learning_rate': 0.002177809528622171, 'lr_reduce': 0.6}",TPESampler,COMPLETE
1733,0.21721479296684265,2025-04-26 16:02:37.646051,2025-04-26 16:02:56.418976,0 days 00:00:18.772925,1,113,424,64.0,377.0,437.0,4,109,0.17647854749820893,0.001041989369217809,0.6,/work3/arnaou/checkpoints/megnet_Vc_trial_1733_best_state.pt,"{'learning_rate': 0.001041989369217809, 'lr_reduce': 0.6}",TPESampler,COMPLETE
1734,1.8655425310134888,2025-04-26 16:02:41.466484,2025-04-26 16:02:46.153468,0 days 00:00:04.686984,4,96,433,221.0,330.0,466.0,4,32,0.17693254345606824,0.0004707180765481758,0.6,/work3/arnaou/checkpoints/megnet_Vc_trial_1734_best_state.pt,"{'learning_rate': 0.0004707180765481758, 'lr_reduce': 0.6}",TPESampler,COMPLETE
1735,0.19903786480426788,2025-04-26 16:02:46.373757,2025-04-26 16:03:15.910992,0 days 00:00:29.537235,1,110,393,131.0,100.0,512.0,4,95,0.11722388742165446,0.0011118043657110416,0.6,/work3/arnaou/checkpoints/megnet_Vc_trial_1735_best_state.pt,"{'learning_rate': 0.0011118043657110416, 'lr_reduce': 0.6}",TPESampler,COMPLETE
1736,1.7833250761032104,2025-04-26 16:02:56.562257,2025-04-26 16:03:00.809102,0 days 00:00:04.246845,4,35,477,,,,1,78,0.03286065700616256,0.0070549311686689585,0.6,/work3/arnaou/checkpoints/megnet_Vc_trial_1736_best_state.pt,"{'learning_rate': 0.0070549311686689585, 'lr_reduce': 0.6}",TPESampler,COMPLETE
1737,1.7944164276123047,2025-04-26 16:02:56.615199,2025-04-26 16:03:00.693647,0 days 00:00:04.078448,4,109,493,,,,1,79,0.1659817041638974,0.0012868980777839816,0.6,/work3/arnaou/checkpoints/megnet_Vc_trial_1737_best_state.pt,"{'learning_rate': 0.0012868980777839816, 'lr_reduce': 0.6}",TPESampler,COMPLETE
1738,1.856667399406433,2025-04-26 16:03:00.887435,2025-04-26 16:03:06.035679,0 days 00:00:05.148244,1,105,338,417.0,277.0,404.0,4,41,0.11823159453742792,0.0002829447396615467,0.6,/work3/arnaou/checkpoints/megnet_Vc_trial_1738_best_state.pt,"{'learning_rate': 0.0002829447396615467, 'lr_reduce': 0.6}",TPESampler,COMPLETE
1739,0.3464905619621277,2025-04-26 16:03:01.048270,2025-04-26 16:03:18.590852,0 days 00:00:17.542582,1,77,503,349.0,279.0,400.0,4,73,0.19063561435953486,0.0021940807830501743,0.6,/work3/arnaou/checkpoints/megnet_Vc_trial_1739_best_state.pt,"{'learning_rate': 0.0021940807830501743, 'lr_reduce': 0.6}",TPESampler,COMPLETE
1740,1.8460493087768555,2025-04-26 16:03:06.274788,2025-04-26 16:03:10.973128,0 days 00:00:04.698340,2,42,422,133.0,211.0,476.0,4,42,0.24971287068249243,0.004072502038488827,0.6,/work3/arnaou/checkpoints/megnet_Vc_trial_1740_best_state.pt,"{'learning_rate': 0.004072502038488827, 'lr_reduce': 0.6}",TPESampler,COMPLETE
1741,1.3057066202163696,2025-04-26 16:03:11.219897,2025-04-26 16:03:18.403161,0 days 00:00:07.183264,1,88,404,99.0,64.0,472.0,4,103,0.224963643121124,0.002613769380292904,0.6,/work3/arnaou/checkpoints/megnet_Vc_trial_1741_best_state.pt,"{'learning_rate': 0.002613769380292904, 'lr_reduce': 0.6}",TPESampler,COMPLETE
1742,0.2716194987297058,2025-04-26 16:03:16.156738,2025-04-26 16:03:54.527075,0 days 00:00:38.370337,2,76,261,386.0,329.0,,3,53,0.22567721772753083,0.0006952972090290283,0.6,/work3/arnaou/checkpoints/megnet_Vc_trial_1742_best_state.pt,"{'learning_rate': 0.0006952972090290283, 'lr_reduce': 0.6}",TPESampler,COMPLETE
1743,0.23170244693756104,2025-04-26 16:03:18.605009,2025-04-26 16:03:46.907141,0 days 00:00:28.302132,1,87,339,181.0,212.0,,3,74,0.24743649605633852,0.001382458073353021,0.6,/work3/arnaou/checkpoints/megnet_Vc_trial_1743_best_state.pt,"{'learning_rate': 0.001382458073353021, 'lr_reduce': 0.6}",TPESampler,COMPLETE
1744,0.26744964718818665,2025-04-26 16:03:18.797799,2025-04-26 16:03:57.717784,0 days 00:00:38.919985,2,120,309,414.0,431.0,,3,100,0.1370494727295365,0.0008155890408146096,0.6,/work3/arnaou/checkpoints/megnet_Vc_trial_1744_best_state.pt,"{'learning_rate': 0.0008155890408146096, 'lr_reduce': 0.6}",TPESampler,COMPLETE
1745,0.16085991263389587,2025-04-26 16:03:47.157084,2025-04-26 16:04:17.873388,0 days 00:00:30.716304,1,36,467,,,,1,96,0.01580817257740505,0.004952359089887164,0.6,/work3/arnaou/checkpoints/megnet_Vc_trial_1745_best_state.pt,"{'learning_rate': 0.004952359089887164, 'lr_reduce': 0.6}",TPESampler,COMPLETE
1746,1.85603928565979,2025-04-26 16:03:54.812498,2025-04-26 16:03:59.304547,0 days 00:00:04.492049,1,72,402,314.0,360.0,,3,32,0.24458046519489404,0.0008752158133415076,0.6,/work3/arnaou/checkpoints/megnet_Vc_trial_1746_best_state.pt,"{'learning_rate': 0.0008752158133415076, 'lr_reduce': 0.6}",TPESampler,COMPLETE
1747,0.12267038226127625,2025-04-26 16:03:57.962063,2025-04-26 16:04:27.431355,0 days 00:00:29.469292,1,66,440,100.0,97.0,435.0,4,59,0.15200176025113094,0.0014099768639682677,0.6,/work3/arnaou/checkpoints/megnet_Vc_trial_1747_best_state.pt,"{'learning_rate': 0.0014099768639682677, 'lr_reduce': 0.6}",TPESampler,COMPLETE
1748,1.8565125465393066,2025-04-26 16:03:59.578145,2025-04-26 16:04:03.347680,0 days 00:00:03.769535,1,68,382,211.0,234.0,,3,61,0.1568943471565642,0.00037519455565109645,0.6,/work3/arnaou/checkpoints/megnet_Vc_trial_1748_best_state.pt,"{'learning_rate': 0.00037519455565109645, 'lr_reduce': 0.6}",TPESampler,COMPLETE
1749,0.16870620846748352,2025-04-26 16:04:03.566447,2025-04-26 16:04:33.695676,0 days 00:00:30.129229,1,91,507,419.0,101.0,,3,78,0.24676019985869332,0.00129841235735247,0.6,/work3/arnaou/checkpoints/megnet_Vc_trial_1749_best_state.pt,"{'learning_rate': 0.00129841235735247, 'lr_reduce': 0.6}",TPESampler,COMPLETE
1750,0.1539071798324585,2025-04-26 16:04:18.123076,2025-04-26 16:04:41.454201,0 days 00:00:23.331125,1,76,447,274.0,297.0,319.0,4,66,0.24554764947013485,0.0007903611603336909,0.6,/work3/arnaou/checkpoints/megnet_Vc_trial_1750_best_state.pt,"{'learning_rate': 0.0007903611603336909, 'lr_reduce': 0.6}",TPESampler,COMPLETE
1751,0.5057423114776611,2025-04-26 16:04:27.664244,2025-04-26 16:04:43.163659,0 days 00:00:15.499415,1,89,505,142.0,263.0,512.0,4,96,0.23343232974665587,0.0035793832849972214,0.6,/work3/arnaou/checkpoints/megnet_Vc_trial_1751_best_state.pt,"{'learning_rate': 0.0035793832849972214, 'lr_reduce': 0.6}",TPESampler,COMPLETE
1752,1.847659707069397,2025-04-26 16:04:33.942743,2025-04-26 16:04:38.164077,0 days 00:00:04.221334,3,82,93,367.0,,,2,93,0.21332077690327686,0.0009576896407849462,0.6,/work3/arnaou/checkpoints/megnet_Vc_trial_1752_best_state.pt,"{'learning_rate': 0.0009576896407849462, 'lr_reduce': 0.6}",TPESampler,COMPLETE
1753,1.7942811250686646,2025-04-26 16:04:38.387931,2025-04-26 16:04:41.841795,0 days 00:00:03.453864,1,62,431,187.0,386.0,,3,43,0.17283127823695654,0.003093705788588051,0.6,/work3/arnaou/checkpoints/megnet_Vc_trial_1753_best_state.pt,"{'learning_rate': 0.003093705788588051, 'lr_reduce': 0.6}",TPESampler,COMPLETE
1754,1.7068514823913574,2025-04-26 16:04:41.702685,2025-04-26 16:04:48.511401,0 days 00:00:06.808716,2,115,259,132.0,328.0,378.0,4,61,0.12453470596960037,0.0018007590001446541,0.6,/work3/arnaou/checkpoints/megnet_Vc_trial_1754_best_state.pt,"{'learning_rate': 0.0018007590001446541, 'lr_reduce': 0.6}",TPESampler,COMPLETE
1755,0.15872910618782043,2025-04-26 16:04:42.093936,2025-04-26 16:05:12.200335,0 days 00:00:30.106399,1,70,220,431.0,104.0,,3,68,0.24366459830411302,0.00324708365388953,0.6,/work3/arnaou/checkpoints/megnet_Vc_trial_1755_best_state.pt,"{'learning_rate': 0.00324708365388953, 'lr_reduce': 0.6}",TPESampler,COMPLETE
1756,1.8524035215377808,2025-04-26 16:04:43.534894,2025-04-26 16:04:48.359662,0 days 00:00:04.824768,1,83,125,99.0,214.0,439.0,4,41,0.2390555331981767,0.0007685896210130042,0.6,/work3/arnaou/checkpoints/megnet_Vc_trial_1756_best_state.pt,"{'learning_rate': 0.0007685896210130042, 'lr_reduce': 0.6}",TPESampler,COMPLETE
1757,1.8601635694503784,2025-04-26 16:04:48.586336,2025-04-26 16:04:52.704307,0 days 00:00:04.117971,1,92,482,341.0,309.0,474.0,4,46,0.2470501677283302,0.00025651950531137404,0.6,/work3/arnaou/checkpoints/megnet_Vc_trial_1757_best_state.pt,"{'learning_rate': 0.00025651950531137404, 'lr_reduce': 0.6}",TPESampler,COMPLETE
1758,1.4662123918533325,2025-04-26 16:04:48.740232,2025-04-26 16:04:56.692430,0 days 00:00:07.952198,2,71,442,383.0,257.0,439.0,4,100,0.2248794994257428,0.000964394686644135,0.6,/work3/arnaou/checkpoints/megnet_Vc_trial_1758_best_state.pt,"{'learning_rate': 0.000964394686644135, 'lr_reduce': 0.6}",TPESampler,COMPLETE
1759,1.8601391315460205,2025-04-26 16:04:52.955036,2025-04-26 16:04:57.558517,0 days 00:00:04.603481,1,87,414,232.0,106.0,397.0,4,71,0.24863649368727886,0.0002774542221706482,0.6,/work3/arnaou/checkpoints/megnet_Vc_trial_1759_best_state.pt,"{'learning_rate': 0.0002774542221706482, 'lr_reduce': 0.6}",TPESampler,COMPLETE
1760,0.13093608617782593,2025-04-26 16:04:56.932752,2025-04-26 16:05:27.090932,0 days 00:00:30.158180,1,87,374,172.0,357.0,512.0,4,67,0.20593985620965294,0.0006796347075738806,0.6,/work3/arnaou/checkpoints/megnet_Vc_trial_1760_best_state.pt,"{'learning_rate': 0.0006796347075738806, 'lr_reduce': 0.6}",TPESampler,COMPLETE
1761,0.11594974994659424,2025-04-26 16:04:57.831966,2025-04-26 16:05:27.207057,0 days 00:00:29.375091,1,81,512,99.0,207.0,474.0,4,93,0.22115340235619182,0.00130670065713442,0.6,/work3/arnaou/checkpoints/megnet_Vc_trial_1761_best_state.pt,"{'learning_rate': 0.00130670065713442, 'lr_reduce': 0.6}",TPESampler,COMPLETE
