number,value,datetime_start,datetime_complete,duration,params_depth,params_edge_hidden_dim,params_mlp_dim_00,params_mlp_dim_01,params_mlp_dim_02,params_mlp_dim_03,params_mlp_n_layers,params_node_hidden_dim,params_rep_dropout,params_train_learning_rate,params_train_lr_reduce,user_attrs_best_state_dict_path,user_attrs_training_params,system_attrs_auto:sampler,state
2304,0.19650255143642426,2025-04-26 16:59:59.207862,2025-04-26 17:00:25.443995,0 days 00:00:26.236133,1,75,498,391.0,398.0,,3,77,0.2444160299260406,0.0008227253028550299,0.6,/work3/arnaou/checkpoints/megnet_Vc_trial_2304_best_state.pt,"{'learning_rate': 0.0008227253028550299, 'lr_reduce': 0.6}",TPESampler,COMPLETE
2305,1.8565993309020996,2025-04-26 17:00:06.009349,2025-04-26 17:00:10.229383,0 days 00:00:04.220034,1,81,387,317.0,332.0,442.0,4,41,0.23215299802040618,0.0009826538530577121,0.6,/work3/arnaou/checkpoints/megnet_Vc_trial_2305_best_state.pt,"{'learning_rate': 0.0009826538530577121, 'lr_reduce': 0.6}",TPESampler,COMPLETE
2306,0.16674640774726868,2025-04-26 17:00:10.489572,2025-04-26 17:00:42.597362,0 days 00:00:32.107790,1,63,483,218.0,215.0,389.0,4,66,0.18467831701402512,0.0009841471261689619,0.6,/work3/arnaou/checkpoints/megnet_Vc_trial_2306_best_state.pt,"{'learning_rate': 0.0009841471261689619, 'lr_reduce': 0.6}",TPESampler,COMPLETE
2307,0.18391743302345276,2025-04-26 17:00:11.725678,2025-04-26 17:00:44.203673,0 days 00:00:32.477995,1,62,336,389.0,299.0,482.0,4,52,0.22599036185773622,0.0007304795038144915,0.6,/work3/arnaou/checkpoints/megnet_Vc_trial_2307_best_state.pt,"{'learning_rate': 0.0007304795038144915, 'lr_reduce': 0.6}",TPESampler,COMPLETE
2308,1.8576592206954956,2025-04-26 17:00:25.710722,2025-04-26 17:00:29.412626,0 days 00:00:03.701904,1,84,511,265.0,254.0,348.0,4,51,0.2464442165777072,0.0007714429722532318,0.6,/work3/arnaou/checkpoints/megnet_Vc_trial_2308_best_state.pt,"{'learning_rate': 0.0007714429722532318, 'lr_reduce': 0.6}",TPESampler,COMPLETE
2309,0.5379283428192139,2025-04-26 17:00:29.662780,2025-04-26 17:00:40.993082,0 days 00:00:11.330302,1,93,359,288.0,375.0,445.0,4,72,0.21721722388137032,0.0012667413854111607,0.6,/work3/arnaou/checkpoints/megnet_Vc_trial_2309_best_state.pt,"{'learning_rate': 0.0012667413854111607, 'lr_reduce': 0.6}",TPESampler,COMPLETE
2310,0.2113102525472641,2025-04-26 17:00:41.299302,2025-04-26 17:01:04.507170,0 days 00:00:23.207868,1,66,446,179.0,318.0,423.0,4,68,0.21371310999867196,0.0011439621351849259,0.6,/work3/arnaou/checkpoints/megnet_Vc_trial_2310_best_state.pt,"{'learning_rate': 0.0011439621351849259, 'lr_reduce': 0.6}",TPESampler,COMPLETE
2311,1.8652167320251465,2025-04-26 17:00:42.902707,2025-04-26 17:00:47.942457,0 days 00:00:05.039750,1,85,472,223.0,275.0,476.0,4,60,0.23722031720934023,0.0002647376770745657,0.6,/work3/arnaou/checkpoints/megnet_Vc_trial_2311_best_state.pt,"{'learning_rate': 0.0002647376770745657, 'lr_reduce': 0.6}",TPESampler,COMPLETE
2312,1.790578842163086,2025-04-26 17:00:44.466967,2025-04-26 17:00:49.087409,0 days 00:00:04.620442,3,48,408,386.0,,,2,128,0.24426931229495172,0.0038806263191523303,0.6,/work3/arnaou/checkpoints/megnet_Vc_trial_2312_best_state.pt,"{'learning_rate': 0.0038806263191523303, 'lr_reduce': 0.6}",TPESampler,COMPLETE
2313,0.3723323941230774,2025-04-26 17:00:48.208905,2025-04-26 17:01:16.170026,0 days 00:00:27.961121,1,35,138,178.0,213.0,,3,65,0.2170855497609838,0.002354471043993187,0.6,/work3/arnaou/checkpoints/megnet_Vc_trial_2313_best_state.pt,"{'learning_rate': 0.002354471043993187, 'lr_reduce': 0.6}",TPESampler,COMPLETE
2314,0.1896994560956955,2025-04-26 17:00:49.376252,2025-04-26 17:01:20.860694,0 days 00:00:31.484442,1,82,306,346.0,345.0,407.0,4,84,0.20065857391134567,0.0006957248730072482,0.6,/work3/arnaou/checkpoints/megnet_Vc_trial_2314_best_state.pt,"{'learning_rate': 0.0006957248730072482, 'lr_reduce': 0.6}",TPESampler,COMPLETE
2315,0.188860222697258,2025-04-26 17:01:04.817031,2025-04-26 17:01:35.747836,0 days 00:00:30.930805,2,66,387,300.0,216.0,482.0,4,88,0.23191915758357382,0.000527694464128737,0.6,/work3/arnaou/checkpoints/megnet_Vc_trial_2315_best_state.pt,"{'learning_rate': 0.000527694464128737, 'lr_reduce': 0.6}",TPESampler,COMPLETE
2316,0.5121021866798401,2025-04-26 17:01:16.435578,2025-04-26 17:01:37.682674,0 days 00:00:21.247096,1,84,492,251.0,257.0,,3,65,0.24203515094863587,0.0005816668596803614,0.6,/work3/arnaou/checkpoints/megnet_Vc_trial_2316_best_state.pt,"{'learning_rate': 0.0005816668596803614, 'lr_reduce': 0.6}",TPESampler,COMPLETE
2317,1.8538665771484375,2025-04-26 17:01:21.185252,2025-04-26 17:01:25.685551,0 days 00:00:04.500299,1,72,512,391.0,303.0,440.0,4,69,0.18382783286869933,0.001061368165831475,0.6,/work3/arnaou/checkpoints/megnet_Vc_trial_2317_best_state.pt,"{'learning_rate': 0.001061368165831475, 'lr_reduce': 0.6}",TPESampler,COMPLETE
2318,0.16536426544189453,2025-04-26 17:01:25.957018,2025-04-26 17:01:52.924429,0 days 00:00:26.967411,1,71,229,216.0,210.0,,3,56,0.24017794102377982,0.0009648156131638376,0.6,/work3/arnaou/checkpoints/megnet_Vc_trial_2318_best_state.pt,"{'learning_rate': 0.0009648156131638376, 'lr_reduce': 0.6}",TPESampler,COMPLETE
2319,1.5084737539291382,2025-04-26 17:01:36.022926,2025-04-26 17:01:41.881671,0 days 00:00:05.858745,2,58,65,177.0,275.0,,3,41,0.18015425117762218,0.006086357455984852,0.6,/work3/arnaou/checkpoints/megnet_Vc_trial_2319_best_state.pt,"{'learning_rate': 0.006086357455984852, 'lr_reduce': 0.6}",TPESampler,COMPLETE
2320,0.10828813910484314,2025-04-26 17:01:37.931767,2025-04-26 17:02:09.540369,0 days 00:00:31.608602,1,72,423,280.0,350.0,376.0,4,67,0.24592094841135526,0.001231565624023644,0.6,/work3/arnaou/checkpoints/megnet_Vc_trial_2320_best_state.pt,"{'learning_rate': 0.001231565624023644, 'lr_reduce': 0.6}",TPESampler,COMPLETE
2321,0.6503530740737915,2025-04-26 17:01:42.131286,2025-04-26 17:02:18.114609,0 days 00:00:35.983323,2,90,477,214.0,247.0,478.0,4,57,0.2398484950447269,0.0005988867494386458,0.6,/work3/arnaou/checkpoints/megnet_Vc_trial_2321_best_state.pt,"{'learning_rate': 0.0005988867494386458, 'lr_reduce': 0.6}",TPESampler,COMPLETE
2322,1.8000586032867432,2025-04-26 17:01:53.229853,2025-04-26 17:01:57.217819,0 days 00:00:03.987966,1,62,371,344.0,,,2,68,0.03390364404565946,0.0009785284877052997,0.6,/work3/arnaou/checkpoints/megnet_Vc_trial_2322_best_state.pt,"{'learning_rate': 0.0009785284877052997, 'lr_reduce': 0.6}",TPESampler,COMPLETE
2323,1.8038634061813354,2025-04-26 17:01:57.491291,2025-04-26 17:02:01.153901,0 days 00:00:03.662610,1,111,363,,,,1,57,0.21612841908366662,0.0013993175759589333,0.6,/work3/arnaou/checkpoints/megnet_Vc_trial_2323_best_state.pt,"{'learning_rate': 0.0013993175759589333, 'lr_reduce': 0.6}",TPESampler,COMPLETE
2324,1.8208016157150269,2025-04-26 17:02:01.399950,2025-04-26 17:02:05.186008,0 days 00:00:03.786058,1,87,416,384.0,311.0,479.0,4,63,0.24982643778875607,0.0014863601066412708,0.6,/work3/arnaou/checkpoints/megnet_Vc_trial_2324_best_state.pt,"{'learning_rate': 0.0014863601066412708, 'lr_reduce': 0.6}",TPESampler,COMPLETE
2325,0.13544100522994995,2025-04-26 17:02:05.444597,2025-04-26 17:02:37.506466,0 days 00:00:32.061869,1,86,418,249.0,284.0,411.0,4,62,0.23984688398664572,0.0006297762173909848,0.6,/work3/arnaou/checkpoints/megnet_Vc_trial_2325_best_state.pt,"{'learning_rate': 0.0006297762173909848, 'lr_reduce': 0.6}",TPESampler,COMPLETE
2326,1.8462700843811035,2025-04-26 17:02:09.834547,2025-04-26 17:02:14.123131,0 days 00:00:04.288584,2,81,443,297.0,387.0,336.0,4,74,0.21422345368252266,0.0012183620777868505,0.6,/work3/arnaou/checkpoints/megnet_Vc_trial_2326_best_state.pt,"{'learning_rate': 0.0012183620777868505, 'lr_reduce': 0.6}",TPESampler,COMPLETE
2327,1.5270521640777588,2025-04-26 17:02:14.424345,2025-04-26 17:02:21.496320,0 days 00:00:07.071975,2,61,392,277.0,402.0,328.0,4,71,0.18997535441784885,0.001290953105505874,0.6,/work3/arnaou/checkpoints/megnet_Vc_trial_2327_best_state.pt,"{'learning_rate': 0.001290953105505874, 'lr_reduce': 0.6}",TPESampler,COMPLETE
2328,0.32839494943618774,2025-04-26 17:02:18.377363,2025-04-26 17:02:42.278621,0 days 00:00:23.901258,1,85,211,286.0,362.0,,3,84,0.22347916557165323,0.0013823454628120225,0.6,/work3/arnaou/checkpoints/megnet_Vc_trial_2328_best_state.pt,"{'learning_rate': 0.0013823454628120225, 'lr_reduce': 0.6}",TPESampler,COMPLETE
2329,0.46844133734703064,2025-04-26 17:02:21.760997,2025-04-26 17:02:34.648016,0 days 00:00:12.887019,1,74,369,303.0,372.0,343.0,4,78,0.22101363668645893,0.0023435150473081223,0.6,/work3/arnaou/checkpoints/megnet_Vc_trial_2329_best_state.pt,"{'learning_rate': 0.0023435150473081223, 'lr_reduce': 0.6}",TPESampler,COMPLETE
2330,1.8645367622375488,2025-04-26 17:02:34.942004,2025-04-26 17:02:39.542986,0 days 00:00:04.600982,2,52,436,288.0,352.0,349.0,4,53,0.24606269538982406,0.00020676034659300582,0.6,/work3/arnaou/checkpoints/megnet_Vc_trial_2330_best_state.pt,"{'learning_rate': 0.00020676034659300582, 'lr_reduce': 0.6}",TPESampler,COMPLETE
2331,1.8342186212539673,2025-04-26 17:02:37.742815,2025-04-26 17:02:41.715866,0 days 00:00:03.973051,2,73,396,309.0,387.0,,3,73,0.2322861765121297,0.0009163067014318349,0.6,/work3/arnaou/checkpoints/megnet_Vc_trial_2331_best_state.pt,"{'learning_rate': 0.0009163067014318349, 'lr_reduce': 0.6}",TPESampler,COMPLETE
2332,1.818881869316101,2025-04-26 17:02:39.811089,2025-04-26 17:02:43.395152,0 days 00:00:03.584063,1,97,89,,,,1,74,0.1497956695768239,0.00010435977126708566,0.6,/work3/arnaou/checkpoints/megnet_Vc_trial_2332_best_state.pt,"{'learning_rate': 0.00010435977126708566, 'lr_reduce': 0.6}",TPESampler,COMPLETE
2333,0.22296792268753052,2025-04-26 17:02:41.989022,2025-04-26 17:03:01.537607,0 days 00:00:19.548585,1,75,324,278.0,395.0,,3,65,0.17337506450266507,0.0018885540279978163,0.6,/work3/arnaou/checkpoints/megnet_Vc_trial_2333_best_state.pt,"{'learning_rate': 0.0018885540279978163, 'lr_reduce': 0.6}",TPESampler,COMPLETE
2334,1.794301152229309,2025-04-26 17:02:42.680987,2025-04-26 17:02:47.751816,0 days 00:00:05.070829,4,107,169,,,,1,42,0.17151934346831105,0.004472965440636158,0.6,/work3/arnaou/checkpoints/megnet_Vc_trial_2334_best_state.pt,"{'learning_rate': 0.004472965440636158, 'lr_reduce': 0.6}",TPESampler,COMPLETE
2335,1.8343801498413086,2025-04-26 17:02:44.169003,2025-04-26 17:02:48.279811,0 days 00:00:04.110808,2,87,404,276.0,377.0,359.0,4,73,0.24211237703851704,0.0020067718947115536,0.6,/work3/arnaou/checkpoints/megnet_Vc_trial_2335_best_state.pt,"{'learning_rate': 0.0020067718947115536, 'lr_reduce': 0.6}",TPESampler,COMPLETE
2336,0.3752218186855316,2025-04-26 17:02:48.030923,2025-04-26 17:03:07.126079,0 days 00:00:19.095156,1,80,446,326.0,353.0,303.0,4,78,0.24798436195704834,0.0015800885674434953,0.6,/work3/arnaou/checkpoints/megnet_Vc_trial_2336_best_state.pt,"{'learning_rate': 0.0015800885674434953, 'lr_reduce': 0.6}",TPESampler,COMPLETE
2337,0.3888598382472992,2025-04-26 17:02:48.545551,2025-04-26 17:03:04.437944,0 days 00:00:15.892393,1,67,348,300.0,360.0,354.0,4,79,0.24840821238339608,0.004622454897218471,0.6,/work3/arnaou/checkpoints/megnet_Vc_trial_2337_best_state.pt,"{'learning_rate': 0.004622454897218471, 'lr_reduce': 0.6}",TPESampler,COMPLETE
2338,1.8429981470108032,2025-04-26 17:03:01.779179,2025-04-26 17:03:06.687823,0 days 00:00:04.908644,1,58,267,264.0,,,2,61,0.23193346217772065,0.000519855119945042,0.6,/work3/arnaou/checkpoints/megnet_Vc_trial_2338_best_state.pt,"{'learning_rate': 0.000519855119945042, 'lr_reduce': 0.6}",TPESampler,COMPLETE
2339,0.20127755403518677,2025-04-26 17:03:04.715101,2025-04-26 17:03:28.989752,0 days 00:00:24.274651,1,58,348,298.0,409.0,378.0,4,77,0.24238937408865655,0.0008824729093235066,0.6,/work3/arnaou/checkpoints/megnet_Vc_trial_2339_best_state.pt,"{'learning_rate': 0.0008824729093235066, 'lr_reduce': 0.6}",TPESampler,COMPLETE
2340,0.2526325285434723,2025-04-26 17:03:06.959265,2025-04-26 17:03:26.461623,0 days 00:00:19.502358,1,72,357,272.0,350.0,366.0,4,81,0.23287618083461095,0.0009538750015745057,0.6,/work3/arnaou/checkpoints/megnet_Vc_trial_2340_best_state.pt,"{'learning_rate': 0.0009538750015745057, 'lr_reduce': 0.6}",TPESampler,COMPLETE
2341,0.16631339490413666,2025-04-26 17:03:07.417205,2025-04-26 17:03:32.938147,0 days 00:00:25.520942,1,98,369,302.0,343.0,373.0,4,65,0.24559280820341528,0.0011180763627310418,0.6,/work3/arnaou/checkpoints/megnet_Vc_trial_2341_best_state.pt,"{'learning_rate': 0.0011180763627310418, 'lr_reduce': 0.6}",TPESampler,COMPLETE
2342,0.15262404084205627,2025-04-26 17:03:26.730269,2025-04-26 17:04:00.276222,0 days 00:00:33.545953,1,94,411,306.0,340.0,376.0,4,74,0.18407954982427419,0.0006451708841022811,0.6,/work3/arnaou/checkpoints/megnet_Vc_trial_2342_best_state.pt,"{'learning_rate': 0.0006451708841022811, 'lr_reduce': 0.6}",TPESampler,COMPLETE
2343,1.7895663976669312,2025-04-26 17:03:29.294709,2025-04-26 17:03:33.661259,0 days 00:00:04.366550,2,72,410,,,,1,107,0.2122323033822845,0.0007854227448426885,0.6,/work3/arnaou/checkpoints/megnet_Vc_trial_2343_best_state.pt,"{'learning_rate': 0.0007854227448426885, 'lr_reduce': 0.6}",TPESampler,COMPLETE
2344,0.36618924140930176,2025-04-26 17:03:33.207781,2025-04-26 17:03:48.010009,0 days 00:00:14.802228,1,72,418,246.0,338.0,372.0,4,61,0.24707929460523573,0.0009934726037607409,0.6,/work3/arnaou/checkpoints/megnet_Vc_trial_2344_best_state.pt,"{'learning_rate': 0.0009934726037607409, 'lr_reduce': 0.6}",TPESampler,COMPLETE
2345,0.14440244436264038,2025-04-26 17:03:33.955212,2025-04-26 17:04:05.925434,0 days 00:00:31.970222,1,67,403,256.0,446.0,377.0,4,60,0.18451193960166867,0.0011439794873685971,0.6,/work3/arnaou/checkpoints/megnet_Vc_trial_2345_best_state.pt,"{'learning_rate': 0.0011439794873685971, 'lr_reduce': 0.6}",TPESampler,COMPLETE
2346,1.823264718055725,2025-04-26 17:03:48.281584,2025-04-26 17:03:51.875991,0 days 00:00:03.594407,1,60,415,339.0,376.0,,3,81,0.21467848600016798,0.0009518118890535826,0.6,/work3/arnaou/checkpoints/megnet_Vc_trial_2346_best_state.pt,"{'learning_rate': 0.0009518118890535826, 'lr_reduce': 0.6}",TPESampler,COMPLETE
2347,0.1453014314174652,2025-04-26 17:03:52.150377,2025-04-26 17:04:23.964667,0 days 00:00:31.814290,1,87,433,274.0,335.0,306.0,4,67,0.21072767396949024,0.0006374043642685514,0.6,/work3/arnaou/checkpoints/megnet_Vc_trial_2347_best_state.pt,"{'learning_rate': 0.0006374043642685514, 'lr_reduce': 0.6}",TPESampler,COMPLETE
2348,0.13790880143642426,2025-04-26 17:04:00.564446,2025-04-26 17:04:31.437468,0 days 00:00:30.873022,1,69,264,326.0,324.0,389.0,4,58,0.1964890332574551,0.0009649865483375332,0.6,/work3/arnaou/checkpoints/megnet_Vc_trial_2348_best_state.pt,"{'learning_rate': 0.0009649865483375332, 'lr_reduce': 0.6}",TPESampler,COMPLETE
2349,1.8366413116455078,2025-04-26 17:04:06.192382,2025-04-26 17:04:10.284487,0 days 00:00:04.092105,1,106,260,244.0,,,2,49,0.24209795911238816,0.001609839918819023,0.6,/work3/arnaou/checkpoints/megnet_Vc_trial_2349_best_state.pt,"{'learning_rate': 0.001609839918819023, 'lr_reduce': 0.6}",TPESampler,COMPLETE
2350,0.1127268373966217,2025-04-26 17:04:10.540947,2025-04-26 17:04:40.813611,0 days 00:00:30.272664,1,98,465,251.0,325.0,331.0,4,63,0.18114809806923504,0.0006294431273353124,0.6,/work3/arnaou/checkpoints/megnet_Vc_trial_2350_best_state.pt,"{'learning_rate': 0.0006294431273353124, 'lr_reduce': 0.6}",TPESampler,COMPLETE
2351,0.32531002163887024,2025-04-26 17:04:24.226802,2025-04-26 17:04:58.251532,0 days 00:00:34.024730,1,68,385,326.0,383.0,388.0,4,75,0.192495921140544,0.00026889716832199744,0.6,/work3/arnaou/checkpoints/megnet_Vc_trial_2351_best_state.pt,"{'learning_rate': 0.00026889716832199744, 'lr_reduce': 0.6}",TPESampler,COMPLETE
2352,0.17511215806007385,2025-04-26 17:04:31.711028,2025-04-26 17:05:01.342208,0 days 00:00:29.631180,1,94,428,265.0,316.0,395.0,4,88,0.2465206759835352,0.0016689028412625534,0.6,/work3/arnaou/checkpoints/megnet_Vc_trial_2352_best_state.pt,"{'learning_rate': 0.0016689028412625534, 'lr_reduce': 0.6}",TPESampler,COMPLETE
2353,1.8625290393829346,2025-04-26 17:04:41.096148,2025-04-26 17:04:45.480268,0 days 00:00:04.384120,2,100,466,257.0,351.0,,3,61,0.11355720645161678,0.00016875014210412893,0.6,/work3/arnaou/checkpoints/megnet_Vc_trial_2353_best_state.pt,"{'learning_rate': 0.00016875014210412893, 'lr_reduce': 0.6}",TPESampler,COMPLETE
2354,1.5405075550079346,2025-04-26 17:04:45.733943,2025-04-26 17:04:54.649496,0 days 00:00:08.915553,4,76,437,273.0,,,2,70,0.05519258228735063,0.003034804638658254,0.6,/work3/arnaou/checkpoints/megnet_Vc_trial_2354_best_state.pt,"{'learning_rate': 0.003034804638658254, 'lr_reduce': 0.6}",TPESampler,COMPLETE
2355,0.1842709183692932,2025-04-26 17:04:54.922015,2025-04-26 17:05:24.882001,0 days 00:00:29.959986,1,123,89,276.0,,,2,118,0.1588349553044235,0.002631549663882318,0.6,/work3/arnaou/checkpoints/megnet_Vc_trial_2355_best_state.pt,"{'learning_rate': 0.002631549663882318, 'lr_reduce': 0.6}",TPESampler,COMPLETE
2356,1.8334711790084839,2025-04-26 17:04:58.488477,2025-04-26 17:05:02.981751,0 days 00:00:04.493274,4,47,414,,,,1,37,0.1303114615176854,0.00019384246132459642,0.6,/work3/arnaou/checkpoints/megnet_Vc_trial_2356_best_state.pt,"{'learning_rate': 0.00019384246132459642, 'lr_reduce': 0.6}",TPESampler,COMPLETE
2357,0.16882885992527008,2025-04-26 17:05:01.648681,2025-04-26 17:05:32.039481,0 days 00:00:30.390800,1,64,511,265.0,370.0,,3,81,0.2326358763085147,0.0016262659074007299,0.6,/work3/arnaou/checkpoints/megnet_Vc_trial_2357_best_state.pt,"{'learning_rate': 0.0016262659074007299, 'lr_reduce': 0.6}",TPESampler,COMPLETE
2358,0.23535500466823578,2025-04-26 17:05:03.225120,2025-04-26 17:05:37.308946,0 days 00:00:34.083826,1,108,400,271.0,341.0,286.0,4,80,0.13668368998980301,0.0004914354445116725,0.6,/work3/arnaou/checkpoints/megnet_Vc_trial_2358_best_state.pt,"{'learning_rate': 0.0004914354445116725, 'lr_reduce': 0.6}",TPESampler,COMPLETE
2359,1.7949259281158447,2025-04-26 17:05:25.156394,2025-04-26 17:05:28.975083,0 days 00:00:03.818689,1,76,380,255.0,330.0,,3,71,0.24366178329369476,0.002329559878384648,0.6,/work3/arnaou/checkpoints/megnet_Vc_trial_2359_best_state.pt,"{'learning_rate': 0.002329559878384648, 'lr_reduce': 0.6}",TPESampler,COMPLETE
2360,0.34869277477264404,2025-04-26 17:05:29.225906,2025-04-26 17:05:47.904823,0 days 00:00:18.678917,1,80,358,253.0,333.0,356.0,4,62,0.18255480928525303,0.0008293841972049953,0.6,/work3/arnaou/checkpoints/megnet_Vc_trial_2360_best_state.pt,"{'learning_rate': 0.0008293841972049953, 'lr_reduce': 0.6}",TPESampler,COMPLETE
2361,1.8577450513839722,2025-04-26 17:05:32.302699,2025-04-26 17:05:36.520748,0 days 00:00:04.218049,2,79,436,301.0,376.0,231.0,4,61,0.15419800614406087,0.0004895552980418756,0.6,/work3/arnaou/checkpoints/megnet_Vc_trial_2361_best_state.pt,"{'learning_rate': 0.0004895552980418756, 'lr_reduce': 0.6}",TPESampler,COMPLETE
2362,1.8656057119369507,2025-04-26 17:05:36.794654,2025-04-26 17:05:41.712736,0 days 00:00:04.918082,4,36,484,300.0,330.0,276.0,4,82,0.20242762318967172,0.00014002636066982318,0.6,/work3/arnaou/checkpoints/megnet_Vc_trial_2362_best_state.pt,"{'learning_rate': 0.00014002636066982318, 'lr_reduce': 0.6}",TPESampler,COMPLETE
2363,1.8148267269134521,2025-04-26 17:05:37.616510,2025-04-26 17:05:41.875745,0 days 00:00:04.259235,2,70,272,261.0,,,2,96,0.19563638145337456,0.005236719156455771,0.6,/work3/arnaou/checkpoints/megnet_Vc_trial_2363_best_state.pt,"{'learning_rate': 0.005236719156455771, 'lr_reduce': 0.6}",TPESampler,COMPLETE
2364,1.5338441133499146,2025-04-26 17:05:41.967021,2025-04-26 17:06:03.357967,0 days 00:00:21.390946,4,32,227,293.0,320.0,,3,118,0.19851815796701922,0.0005122598889956217,0.6,/work3/arnaou/checkpoints/megnet_Vc_trial_2364_best_state.pt,"{'learning_rate': 0.0005122598889956217, 'lr_reduce': 0.6}",TPESampler,COMPLETE
2365,0.3595145344734192,2025-04-26 17:05:42.176346,2025-04-26 17:05:58.676281,0 days 00:00:16.499935,1,72,385,259.0,410.0,339.0,4,84,0.19251920426120048,0.0009338699893870794,0.6,/work3/arnaou/checkpoints/megnet_Vc_trial_2365_best_state.pt,"{'learning_rate': 0.0009338699893870794, 'lr_reduce': 0.6}",TPESampler,COMPLETE
2366,1.2409329414367676,2025-04-26 17:05:48.150770,2025-04-26 17:05:57.213465,0 days 00:00:09.062695,1,82,339,249.0,512.0,327.0,4,69,0.20623922950366871,0.0008909947114092885,0.6,/work3/arnaou/checkpoints/megnet_Vc_trial_2366_best_state.pt,"{'learning_rate': 0.0008909947114092885, 'lr_reduce': 0.6}",TPESampler,COMPLETE
2367,0.19347237050533295,2025-04-26 17:05:57.466878,2025-04-26 17:06:28.974709,0 days 00:00:31.507831,1,100,489,314.0,364.0,350.0,4,58,0.19809203328757088,0.0012363890759661718,0.6,/work3/arnaou/checkpoints/megnet_Vc_trial_2367_best_state.pt,"{'learning_rate': 0.0012363890759661718, 'lr_reduce': 0.6}",TPESampler,COMPLETE
2368,0.2225203514099121,2025-04-26 17:05:59.062950,2025-04-26 17:06:33.219621,0 days 00:00:34.156671,1,104,454,253.0,316.0,254.0,4,70,0.13754427504293434,0.00040310808922583386,0.6,/work3/arnaou/checkpoints/megnet_Vc_trial_2368_best_state.pt,"{'learning_rate': 0.00040310808922583386, 'lr_reduce': 0.6}",TPESampler,COMPLETE
2369,1.8577629327774048,2025-04-26 17:06:03.641134,2025-04-26 17:06:08.241347,0 days 00:00:04.600213,1,88,370,290.0,317.0,,3,61,0.19782208072442878,0.00013534707208549877,0.6,/work3/arnaou/checkpoints/megnet_Vc_trial_2369_best_state.pt,"{'learning_rate': 0.00013534707208549877, 'lr_reduce': 0.6}",TPESampler,COMPLETE
2370,0.793526828289032,2025-04-26 17:06:08.496330,2025-04-26 17:06:21.066450,0 days 00:00:12.570120,2,104,440,241.0,354.0,280.0,4,66,0.17498389950476784,0.0010068036623131593,0.6,/work3/arnaou/checkpoints/megnet_Vc_trial_2370_best_state.pt,"{'learning_rate': 0.0010068036623131593, 'lr_reduce': 0.6}",TPESampler,COMPLETE
2371,0.2032449096441269,2025-04-26 17:06:21.341886,2025-04-26 17:06:47.964685,0 days 00:00:26.622799,1,85,472,320.0,306.0,300.0,4,65,0.17215716478838228,0.0009260080706455407,0.6,/work3/arnaou/checkpoints/megnet_Vc_trial_2371_best_state.pt,"{'learning_rate': 0.0009260080706455407, 'lr_reduce': 0.6}",TPESampler,COMPLETE
