number,value,datetime_start,datetime_complete,duration,params_depth,params_edge_hidden_dim,params_mlp_dim_00,params_mlp_dim_01,params_mlp_dim_02,params_mlp_dim_03,params_mlp_n_layers,params_node_hidden_dim,params_rep_dropout,params_train_learning_rate,params_train_lr_reduce,user_attrs_best_state_dict_path,user_attrs_training_params,system_attrs_auto:sampler,state
272,1.8647096157073975,2025-04-26 13:43:40.237286,2025-04-26 13:43:44.721641,0 days 00:00:04.484355,3,58,341,,,,1,109,0.24203444113447403,0.00013903993704833292,0.6,/work3/arnaou/checkpoints/megnet_Vc_trial_272_best_state.pt,"{'learning_rate': 0.00013903993704833292, 'lr_reduce': 0.6}",TPESampler,COMPLETE
273,1.8412519693374634,2025-04-26 13:43:45.046010,2025-04-26 13:43:48.761531,0 days 00:00:03.715521,2,104,424,459.0,94.0,457.0,4,32,0.19491116143520004,0.004788738745991163,0.6,/work3/arnaou/checkpoints/megnet_Vc_trial_273_best_state.pt,"{'learning_rate': 0.004788738745991163, 'lr_reduce': 0.6}",TPESampler,COMPLETE
274,1.8180758953094482,2025-04-26 13:43:48.964452,2025-04-26 13:43:52.177523,0 days 00:00:03.213071,1,39,294,468.0,229.0,,3,67,0.18329615466267682,0.001800159511938545,0.6,/work3/arnaou/checkpoints/megnet_Vc_trial_274_best_state.pt,"{'learning_rate': 0.001800159511938545, 'lr_reduce': 0.6}",TPESampler,COMPLETE
275,0.17684701085090637,2025-04-26 13:43:52.375649,2025-04-26 13:44:23.003594,0 days 00:00:30.627945,2,52,488,392.0,169.0,447.0,4,67,0.20610082644785704,0.0008814874725173223,0.6,/work3/arnaou/checkpoints/megnet_Vc_trial_275_best_state.pt,"{'learning_rate': 0.0008814874725173223, 'lr_reduce': 0.6}",TPESampler,COMPLETE
276,0.4405395984649658,2025-04-26 13:43:55.157894,2025-04-26 13:44:26.383688,0 days 00:00:31.225794,3,41,401,370.0,133.0,476.0,4,66,0.1416901904301118,0.0005310648985429683,0.6,/work3/arnaou/checkpoints/megnet_Vc_trial_276_best_state.pt,"{'learning_rate': 0.0005310648985429683, 'lr_reduce': 0.6}",TPESampler,COMPLETE
277,0.6844401359558105,2025-04-26 13:43:58.652975,2025-04-26 13:44:08.665599,0 days 00:00:10.012624,1,116,444,372.0,143.0,507.0,4,32,0.23985822067783133,0.002884102993690391,0.6,/work3/arnaou/checkpoints/megnet_Vc_trial_277_best_state.pt,"{'learning_rate': 0.002884102993690391, 'lr_reduce': 0.6}",TPESampler,COMPLETE
278,1.8305871486663818,2025-04-26 13:44:08.883076,2025-04-26 13:44:12.003915,0 days 00:00:03.120839,1,68,173,401.0,152.0,467.0,4,45,0.21771618326474482,0.0019107506940837138,0.6,/work3/arnaou/checkpoints/megnet_Vc_trial_278_best_state.pt,"{'learning_rate': 0.0019107506940837138, 'lr_reduce': 0.6}",TPESampler,COMPLETE
279,0.1474982053041458,2025-04-26 13:44:12.188488,2025-04-26 13:44:38.781840,0 days 00:00:26.593352,1,45,192,404.0,119.0,475.0,4,32,0.21456379029120937,0.0037786061706668473,0.6,/work3/arnaou/checkpoints/megnet_Vc_trial_279_best_state.pt,"{'learning_rate': 0.0037786061706668473, 'lr_reduce': 0.6}",TPESampler,COMPLETE
280,1.862779974937439,2025-04-26 13:44:23.195676,2025-04-26 13:44:27.441384,0 days 00:00:04.245708,2,50,511,345.0,185.0,431.0,4,62,0.19658273985719618,0.0003871647397640606,0.6,/work3/arnaou/checkpoints/megnet_Vc_trial_280_best_state.pt,"{'learning_rate': 0.0003871647397640606, 'lr_reduce': 0.6}",TPESampler,COMPLETE
281,0.17096459865570068,2025-04-26 13:44:26.568268,2025-04-26 13:44:54.715464,0 days 00:00:28.147196,1,65,502,463.0,173.0,,3,70,0.16475542122765716,0.002455904627051902,0.6,/work3/arnaou/checkpoints/megnet_Vc_trial_281_best_state.pt,"{'learning_rate': 0.002455904627051902, 'lr_reduce': 0.6}",TPESampler,COMPLETE
282,1.444877028465271,2025-04-26 13:44:27.652328,2025-04-26 13:44:36.079789,0 days 00:00:08.427461,3,56,467,415.0,183.0,437.0,4,84,0.22348025641573727,0.0012691477010356147,0.6,/work3/arnaou/checkpoints/megnet_Vc_trial_282_best_state.pt,"{'learning_rate': 0.0012691477010356147, 'lr_reduce': 0.6}",TPESampler,COMPLETE
283,1.283019781112671,2025-04-26 13:44:36.290430,2025-04-26 13:44:43.003459,0 days 00:00:06.713029,2,125,313,511.0,,,2,62,0.15056089578610132,0.005525232159940188,0.6,/work3/arnaou/checkpoints/megnet_Vc_trial_283_best_state.pt,"{'learning_rate': 0.005525232159940188, 'lr_reduce': 0.6}",TPESampler,COMPLETE
284,0.19957147538661957,2025-04-26 13:44:38.974205,2025-04-26 13:45:02.319234,0 days 00:00:23.345029,1,62,510,357.0,146.0,440.0,4,59,0.21337471221213428,0.0005516926580275986,0.6,/work3/arnaou/checkpoints/megnet_Vc_trial_284_best_state.pt,"{'learning_rate': 0.0005516926580275986, 'lr_reduce': 0.6}",TPESampler,COMPLETE
285,1.8457335233688354,2025-04-26 13:44:43.212561,2025-04-26 13:44:46.748829,0 days 00:00:03.536268,2,53,251,383.0,150.0,439.0,4,38,0.17105490081531236,0.0022014481291481314,0.6,/work3/arnaou/checkpoints/megnet_Vc_trial_285_best_state.pt,"{'learning_rate': 0.0022014481291481314, 'lr_reduce': 0.6}",TPESampler,COMPLETE
286,1.4553303718566895,2025-04-26 13:44:46.950542,2025-04-26 13:44:53.024524,0 days 00:00:06.073982,1,121,508,396.0,151.0,450.0,4,46,0.18472651790636221,0.0031607819963367797,0.6,/work3/arnaou/checkpoints/megnet_Vc_trial_286_best_state.pt,"{'learning_rate': 0.0031607819963367797, 'lr_reduce': 0.6}",TPESampler,COMPLETE
287,0.6240173578262329,2025-04-26 13:44:53.216100,2025-04-26 13:45:03.000601,0 days 00:00:09.784501,1,86,298,390.0,91.0,442.0,4,71,0.2482904533312516,0.0014405523391673636,0.6,/work3/arnaou/checkpoints/megnet_Vc_trial_287_best_state.pt,"{'learning_rate': 0.0014405523391673636, 'lr_reduce': 0.6}",TPESampler,COMPLETE
288,0.34353694319725037,2025-04-26 13:44:54.904402,2025-04-26 13:45:27.093615,0 days 00:00:32.189213,1,100,498,422.0,165.0,,3,86,0.1449645897285746,0.005138428579167462,0.6,/work3/arnaou/checkpoints/megnet_Vc_trial_288_best_state.pt,"{'learning_rate': 0.005138428579167462, 'lr_reduce': 0.6}",TPESampler,COMPLETE
289,1.8225709199905396,2025-04-26 13:45:02.528450,2025-04-26 13:45:05.947567,0 days 00:00:03.419117,1,34,186,417.0,163.0,301.0,4,46,0.2174027932720938,0.002776719642653024,0.6,/work3/arnaou/checkpoints/megnet_Vc_trial_289_best_state.pt,"{'learning_rate': 0.002776719642653024, 'lr_reduce': 0.6}",TPESampler,COMPLETE
290,0.7430298924446106,2025-04-26 13:45:03.205910,2025-04-26 13:45:31.135593,0 days 00:00:27.929683,2,47,474,421.0,168.0,,3,85,0.16949193755215922,0.009116555388634847,0.6,/work3/arnaou/checkpoints/megnet_Vc_trial_290_best_state.pt,"{'learning_rate': 0.009116555388634847, 'lr_reduce': 0.6}",TPESampler,COMPLETE
291,1.7835237979888916,2025-04-26 13:45:06.131217,2025-04-26 13:45:09.301793,0 days 00:00:03.170576,1,42,268,422.0,168.0,,3,34,0.20171742240867774,0.004649029588944701,0.6,/work3/arnaou/checkpoints/megnet_Vc_trial_291_best_state.pt,"{'learning_rate': 0.004649029588944701, 'lr_reduce': 0.6}",TPESampler,COMPLETE
292,0.35002103447914124,2025-04-26 13:45:09.483612,2025-04-26 13:45:29.856262,0 days 00:00:20.372650,1,69,423,444.0,104.0,404.0,4,57,0.07314979269687295,0.003741384791094278,0.6,/work3/arnaou/checkpoints/megnet_Vc_trial_292_best_state.pt,"{'learning_rate': 0.003741384791094278, 'lr_reduce': 0.6}",TPESampler,COMPLETE
293,1.780396580696106,2025-04-26 13:45:27.317103,2025-04-26 13:45:30.735411,0 days 00:00:03.418308,1,92,398,337.0,432.0,,3,70,0.22710202989457653,0.0063006257799158,0.6,/work3/arnaou/checkpoints/megnet_Vc_trial_293_best_state.pt,"{'learning_rate': 0.0063006257799158, 'lr_reduce': 0.6}",TPESampler,COMPLETE
294,1.8125226497650146,2025-04-26 13:45:30.034797,2025-04-26 13:45:32.928814,0 days 00:00:02.894017,1,68,457,437.0,176.0,,3,62,0.12146777768318467,0.0015129741547589292,0.6,/work3/arnaou/checkpoints/megnet_Vc_trial_294_best_state.pt,"{'learning_rate': 0.0015129741547589292, 'lr_reduce': 0.6}",TPESampler,COMPLETE
295,0.322085440158844,2025-04-26 13:45:30.924498,2025-04-26 13:45:56.212067,0 days 00:00:25.287569,1,40,188,452.0,503.0,456.0,4,42,0.18984116145445137,0.006461751523454795,0.6,/work3/arnaou/checkpoints/megnet_Vc_trial_295_best_state.pt,"{'learning_rate': 0.006461751523454795, 'lr_reduce': 0.6}",TPESampler,COMPLETE
296,1.7838242053985596,2025-04-26 13:45:31.341847,2025-04-26 13:45:34.547767,0 days 00:00:03.205920,1,42,88,376.0,179.0,206.0,4,41,0.22901797355951814,0.007022783580059249,0.6,/work3/arnaou/checkpoints/megnet_Vc_trial_296_best_state.pt,"{'learning_rate': 0.007022783580059249, 'lr_reduce': 0.6}",TPESampler,COMPLETE
297,1.8391250371932983,2025-04-26 13:45:33.103592,2025-04-26 13:45:36.412440,0 days 00:00:03.308848,1,45,470,453.0,112.0,462.0,4,48,0.1798258799527161,0.0014446223472109406,0.6,/work3/arnaou/checkpoints/megnet_Vc_trial_297_best_state.pt,"{'learning_rate': 0.0014446223472109406, 'lr_reduce': 0.6}",TPESampler,COMPLETE
298,0.36814308166503906,2025-04-26 13:45:34.717885,2025-04-26 13:45:51.001696,0 days 00:00:16.283811,1,48,491,460.0,188.0,391.0,4,80,0.1752897896832697,0.003375430399507389,0.6,/work3/arnaou/checkpoints/megnet_Vc_trial_298_best_state.pt,"{'learning_rate': 0.003375430399507389, 'lr_reduce': 0.6}",TPESampler,COMPLETE
299,0.1692986637353897,2025-04-26 13:45:36.589968,2025-04-26 13:46:05.439325,0 days 00:00:28.849357,1,62,167,398.0,135.0,,3,78,0.15193672168590597,0.000719698482354161,0.6,/work3/arnaou/checkpoints/megnet_Vc_trial_299_best_state.pt,"{'learning_rate': 0.000719698482354161, 'lr_reduce': 0.6}",TPESampler,COMPLETE
300,0.2722057104110718,2025-04-26 13:45:51.212146,2025-04-26 13:46:19.229009,0 days 00:00:28.016863,2,50,268,,,,1,93,0.08022320475162031,0.004589601411272928,0.6,/work3/arnaou/checkpoints/megnet_Vc_trial_300_best_state.pt,"{'learning_rate': 0.004589601411272928, 'lr_reduce': 0.6}",TPESampler,COMPLETE
301,0.19467735290527344,2025-04-26 13:45:56.413768,2025-04-26 13:46:24.188666,0 days 00:00:27.774898,1,61,446,461.0,189.0,,3,56,0.16360825900794074,0.0014981117488083345,0.6,/work3/arnaou/checkpoints/megnet_Vc_trial_301_best_state.pt,"{'learning_rate': 0.0014981117488083345, 'lr_reduce': 0.6}",TPESampler,COMPLETE
302,1.8424969911575317,2025-04-26 13:46:05.650919,2025-04-26 13:46:08.764456,0 days 00:00:03.113537,1,72,215,416.0,92.0,,3,74,0.1964039400444203,0.0005530330759049853,0.6,/work3/arnaou/checkpoints/megnet_Vc_trial_302_best_state.pt,"{'learning_rate': 0.0005530330759049853, 'lr_reduce': 0.6}",TPESampler,COMPLETE
303,1.7825108766555786,2025-04-26 13:46:08.957804,2025-04-26 13:46:11.857299,0 days 00:00:02.899495,1,121,338,,,,1,47,0.017564416540603006,0.0006777650910901712,0.6,/work3/arnaou/checkpoints/megnet_Vc_trial_303_best_state.pt,"{'learning_rate': 0.0006777650910901712, 'lr_reduce': 0.6}",TPESampler,COMPLETE
304,1.7869354486465454,2025-04-26 13:46:12.043294,2025-04-26 13:46:15.877109,0 days 00:00:03.833815,2,126,360,462.0,129.0,,3,107,0.2364832289508424,0.009391934194401768,0.6,/work3/arnaou/checkpoints/megnet_Vc_trial_304_best_state.pt,"{'learning_rate': 0.009391934194401768, 'lr_reduce': 0.6}",TPESampler,COMPLETE
305,0.13660378754138947,2025-04-26 13:46:16.052906,2025-04-26 13:46:43.926884,0 days 00:00:27.873978,1,59,170,463.0,114.0,,3,79,0.12871841368542347,0.0007383763836209464,0.6,/work3/arnaou/checkpoints/megnet_Vc_trial_305_best_state.pt,"{'learning_rate': 0.0007383763836209464, 'lr_reduce': 0.6}",TPESampler,COMPLETE
306,0.193578839302063,2025-04-26 13:46:19.425172,2025-04-26 13:46:36.142628,0 days 00:00:16.717456,1,72,211,402.0,130.0,355.0,4,94,0.16472282973717967,0.0011078672258325018,0.6,/work3/arnaou/checkpoints/megnet_Vc_trial_306_best_state.pt,"{'learning_rate': 0.0011078672258325018, 'lr_reduce': 0.6}",TPESampler,COMPLETE
307,1.86147940158844,2025-04-26 13:46:24.395004,2025-04-26 13:46:27.784474,0 days 00:00:03.389470,1,74,493,464.0,197.0,479.0,4,82,0.17082709095044632,0.0003719277286584685,0.6,/work3/arnaou/checkpoints/megnet_Vc_trial_307_best_state.pt,"{'learning_rate': 0.0003719277286584685, 'lr_reduce': 0.6}",TPESampler,COMPLETE
308,1.8580732345581055,2025-04-26 13:46:27.975210,2025-04-26 13:46:31.464263,0 days 00:00:03.489053,1,99,300,412.0,136.0,,3,56,0.1772958686650156,0.0003332909032341936,0.6,/work3/arnaou/checkpoints/megnet_Vc_trial_308_best_state.pt,"{'learning_rate': 0.0003332909032341936, 'lr_reduce': 0.6}",TPESampler,COMPLETE
309,1.785075068473816,2025-04-26 13:46:31.636201,2025-04-26 13:46:34.857450,0 days 00:00:03.221249,2,72,476,471.0,454.0,,3,60,0.18318038587208763,0.003388797934331551,0.6,/work3/arnaou/checkpoints/megnet_Vc_trial_309_best_state.pt,"{'learning_rate': 0.003388797934331551, 'lr_reduce': 0.6}",TPESampler,COMPLETE
310,1.8521445989608765,2025-04-26 13:46:35.035759,2025-04-26 13:46:38.317400,0 days 00:00:03.281641,2,75,123,414.0,68.0,509.0,4,80,0.19937553214932757,0.00042986746008853575,0.6,/work3/arnaou/checkpoints/megnet_Vc_trial_310_best_state.pt,"{'learning_rate': 0.00042986746008853575, 'lr_reduce': 0.6}",TPESampler,COMPLETE
311,0.17618848383426666,2025-04-26 13:46:36.302964,2025-04-26 13:46:59.805838,0 days 00:00:23.502874,1,58,265,462.0,209.0,408.0,4,44,0.2277957549248052,0.0011116592070727197,0.6,/work3/arnaou/checkpoints/megnet_Vc_trial_311_best_state.pt,"{'learning_rate': 0.0011116592070727197, 'lr_reduce': 0.6}",TPESampler,COMPLETE
312,0.12875154614448547,2025-04-26 13:46:38.629039,2025-04-26 13:47:06.820890,0 days 00:00:28.191851,1,78,474,475.0,148.0,471.0,4,66,0.18586304835301265,0.000905841296295771,0.6,/work3/arnaou/checkpoints/megnet_Vc_trial_312_best_state.pt,"{'learning_rate': 0.000905841296295771, 'lr_reduce': 0.6}",TPESampler,COMPLETE
313,0.17932017147541046,2025-04-26 13:46:44.112088,2025-04-26 13:47:11.607629,0 days 00:00:27.495541,1,69,128,483.0,106.0,,3,81,0.14496882798461116,0.0011470671815102154,0.6,/work3/arnaou/checkpoints/megnet_Vc_trial_313_best_state.pt,"{'learning_rate': 0.0011470671815102154, 'lr_reduce': 0.6}",TPESampler,COMPLETE
314,1.340821385383606,2025-04-26 13:46:59.993274,2025-04-26 13:47:06.793982,0 days 00:00:06.800708,3,38,179,,,,1,45,0.16677255047858486,0.009510177761901165,0.6,/work3/arnaou/checkpoints/megnet_Vc_trial_314_best_state.pt,"{'learning_rate': 0.009510177761901165, 'lr_reduce': 0.6}",TPESampler,COMPLETE
315,0.17449338734149933,2025-04-26 13:47:06.943766,2025-04-26 13:47:35.364074,0 days 00:00:28.420308,1,82,468,511.0,115.0,507.0,4,72,0.20259104634852104,0.0014026520775054648,0.6,/work3/arnaou/checkpoints/megnet_Vc_trial_315_best_state.pt,"{'learning_rate': 0.0014026520775054648, 'lr_reduce': 0.6}",TPESampler,COMPLETE
316,0.1208188384771347,2025-04-26 13:47:06.981333,2025-04-26 13:47:35.899016,0 days 00:00:28.917683,1,75,463,512.0,124.0,508.0,4,66,0.2207693541728237,0.0004985836882453055,0.6,/work3/arnaou/checkpoints/megnet_Vc_trial_316_best_state.pt,"{'learning_rate': 0.0004985836882453055, 'lr_reduce': 0.6}",TPESampler,COMPLETE
317,1.8280911445617676,2025-04-26 13:47:11.818698,2025-04-26 13:47:15.092095,0 days 00:00:03.273397,2,37,181,468.0,,,2,97,0.020661127587798866,0.0007923236269578597,0.6,/work3/arnaou/checkpoints/megnet_Vc_trial_317_best_state.pt,"{'learning_rate': 0.0007923236269578597, 'lr_reduce': 0.6}",TPESampler,COMPLETE
318,0.22155502438545227,2025-04-26 13:47:15.254145,2025-04-26 13:47:43.213026,0 days 00:00:27.958881,1,51,175,465.0,,,2,84,0.13646563580360122,0.0005968792762670646,0.6,/work3/arnaou/checkpoints/megnet_Vc_trial_318_best_state.pt,"{'learning_rate': 0.0005968792762670646, 'lr_reduce': 0.6}",TPESampler,COMPLETE
319,0.35185953974723816,2025-04-26 13:47:35.554717,2025-04-26 13:48:01.458994,0 days 00:00:25.904277,1,38,507,506.0,67.0,,3,59,0.20201900606100162,0.002219518256142295,0.6,/work3/arnaou/checkpoints/megnet_Vc_trial_319_best_state.pt,"{'learning_rate': 0.002219518256142295, 'lr_reduce': 0.6}",TPESampler,COMPLETE
320,1.7943172454833984,2025-04-26 13:47:36.118976,2025-04-26 13:47:39.570625,0 days 00:00:03.451649,1,66,512,501.0,114.0,,3,73,0.16269597794814517,0.007067628477109995,0.6,/work3/arnaou/checkpoints/megnet_Vc_trial_320_best_state.pt,"{'learning_rate': 0.007067628477109995, 'lr_reduce': 0.6}",TPESampler,COMPLETE
321,0.20422598719596863,2025-04-26 13:47:39.798296,2025-04-26 13:48:11.176198,0 days 00:00:31.377902,1,57,172,509.0,115.0,,3,78,0.14668601400327066,0.0009223228163609495,0.6,/work3/arnaou/checkpoints/megnet_Vc_trial_321_best_state.pt,"{'learning_rate': 0.0009223228163609495, 'lr_reduce': 0.6}",TPESampler,COMPLETE
322,1.8625566959381104,2025-04-26 13:47:43.593899,2025-04-26 13:47:48.267796,0 days 00:00:04.673897,1,81,433,475.0,131.0,512.0,4,70,0.2120954664251927,0.00036523593050761675,0.6,/work3/arnaou/checkpoints/megnet_Vc_trial_322_best_state.pt,"{'learning_rate': 0.00036523593050761675, 'lr_reduce': 0.6}",TPESampler,COMPLETE
323,1.8514169454574585,2025-04-26 13:47:48.470334,2025-04-26 13:47:52.687467,0 days 00:00:04.217133,2,53,169,508.0,131.0,,3,69,0.09923567793302984,0.0005782423628874544,0.6,/work3/arnaou/checkpoints/megnet_Vc_trial_323_best_state.pt,"{'learning_rate': 0.0005782423628874544, 'lr_reduce': 0.6}",TPESampler,COMPLETE
324,1.8610100746154785,2025-04-26 13:47:53.021188,2025-04-26 13:47:57.551912,0 days 00:00:04.530724,1,45,65,460.0,136.0,478.0,4,73,0.14668281935692432,0.000337907213040059,0.6,/work3/arnaou/checkpoints/megnet_Vc_trial_324_best_state.pt,"{'learning_rate': 0.000337907213040059, 'lr_reduce': 0.6}",TPESampler,COMPLETE
325,1.8213874101638794,2025-04-26 13:47:57.756063,2025-04-26 13:48:01.219402,0 days 00:00:03.463339,3,126,65,508.0,504.0,,3,52,0.06360648485190185,0.0009876914399681597,0.6,/work3/arnaou/checkpoints/megnet_Vc_trial_325_best_state.pt,"{'learning_rate': 0.0009876914399681597, 'lr_reduce': 0.6}",TPESampler,COMPLETE
326,0.8117555975914001,2025-04-26 13:48:01.401813,2025-04-26 13:48:11.624774,0 days 00:00:10.222961,1,74,463,450.0,146.0,508.0,4,69,0.1762168311425973,0.002350496283175565,0.6,/work3/arnaou/checkpoints/megnet_Vc_trial_326_best_state.pt,"{'learning_rate': 0.002350496283175565, 'lr_reduce': 0.6}",TPESampler,COMPLETE
327,0.2327646166086197,2025-04-26 13:48:01.645805,2025-04-26 13:48:24.940795,0 days 00:00:23.294990,1,88,380,464.0,361.0,473.0,4,81,0.18956554641248669,0.0007276133268968878,0.6,/work3/arnaou/checkpoints/megnet_Vc_trial_327_best_state.pt,"{'learning_rate': 0.0007276133268968878, 'lr_reduce': 0.6}",TPESampler,COMPLETE
328,0.1605740487575531,2025-04-26 13:48:11.452942,2025-04-26 13:48:42.713795,0 days 00:00:31.260853,1,87,479,419.0,88.0,,3,68,0.21067351308479282,0.0005110044472200762,0.6,/work3/arnaou/checkpoints/megnet_Vc_trial_328_best_state.pt,"{'learning_rate': 0.0005110044472200762, 'lr_reduce': 0.6}",TPESampler,COMPLETE
329,0.15697023272514343,2025-04-26 13:48:11.829341,2025-04-26 13:48:42.948469,0 days 00:00:31.119128,1,59,450,283.0,145.0,467.0,4,64,0.16407930425365483,0.0009497157460436444,0.6,/work3/arnaou/checkpoints/megnet_Vc_trial_329_best_state.pt,"{'learning_rate': 0.0009497157460436444, 'lr_reduce': 0.6}",TPESampler,COMPLETE
330,1.865393877029419,2025-04-26 13:48:25.161694,2025-04-26 13:48:28.913840,0 days 00:00:03.752146,1,106,178,468.0,222.0,466.0,4,49,0.18861968651539227,0.00029642902203494523,0.6,/work3/arnaou/checkpoints/megnet_Vc_trial_330_best_state.pt,"{'learning_rate': 0.00029642902203494523, 'lr_reduce': 0.6}",TPESampler,COMPLETE
331,1.3325334787368774,2025-04-26 13:48:29.120112,2025-04-26 13:48:36.652250,0 days 00:00:07.532138,2,122,467,143.0,153.0,511.0,4,53,0.23888574410083166,0.008089654967106119,0.6,/work3/arnaou/checkpoints/megnet_Vc_trial_331_best_state.pt,"{'learning_rate': 0.008089654967106119, 'lr_reduce': 0.6}",TPESampler,COMPLETE
332,1.794007420539856,2025-04-26 13:48:36.816531,2025-04-26 13:48:41.208452,0 days 00:00:04.391921,3,86,401,510.0,215.0,,3,125,0.048965550997893764,0.0029036268188996983,0.6,/work3/arnaou/checkpoints/megnet_Vc_trial_332_best_state.pt,"{'learning_rate': 0.0029036268188996983, 'lr_reduce': 0.6}",TPESampler,COMPLETE
333,0.9985224008560181,2025-04-26 13:48:41.380850,2025-04-26 13:48:51.203681,0 days 00:00:09.822831,2,126,290,354.0,,,2,43,0.10375033271665758,0.005131098587657713,0.6,/work3/arnaou/checkpoints/megnet_Vc_trial_333_best_state.pt,"{'learning_rate': 0.005131098587657713, 'lr_reduce': 0.6}",TPESampler,COMPLETE
334,1.8532136678695679,2025-04-26 13:48:42.896662,2025-04-26 13:48:47.275077,0 days 00:00:04.378415,1,68,466,275.0,64.0,,3,51,0.23624755287145388,0.0005886291476246671,0.6,/work3/arnaou/checkpoints/megnet_Vc_trial_334_best_state.pt,"{'learning_rate': 0.0005886291476246671, 'lr_reduce': 0.6}",TPESampler,COMPLETE
335,0.3064654767513275,2025-04-26 13:48:43.152761,2025-04-26 13:49:14.624587,0 days 00:00:31.471826,1,91,424,304.0,84.0,,3,66,0.2234406706967921,0.001089777150727061,0.6,/work3/arnaou/checkpoints/megnet_Vc_trial_335_best_state.pt,"{'learning_rate': 0.001089777150727061, 'lr_reduce': 0.6}",TPESampler,COMPLETE
336,0.20997819304466248,2025-04-26 13:48:47.447955,2025-04-26 13:49:23.028865,0 days 00:00:35.580910,1,79,390,284.0,122.0,451.0,4,48,0.16869478014561423,0.0008441841736018323,0.6,/work3/arnaou/checkpoints/megnet_Vc_trial_336_best_state.pt,"{'learning_rate': 0.0008441841736018323, 'lr_reduce': 0.6}",TPESampler,COMPLETE
337,1.861488938331604,2025-04-26 13:48:52.453581,2025-04-26 13:48:56.877273,0 days 00:00:04.423692,1,42,246,279.0,100.0,450.0,4,70,0.09361236000485122,0.000489486698726383,0.6,/work3/arnaou/checkpoints/megnet_Vc_trial_337_best_state.pt,"{'learning_rate': 0.000489486698726383, 'lr_reduce': 0.6}",TPESampler,COMPLETE
338,0.6086598038673401,2025-04-26 13:48:57.887598,2025-04-26 13:49:12.493804,0 days 00:00:14.606206,1,79,505,225.0,77.0,,3,72,0.1813135268700037,0.0005713914059507681,0.6,/work3/arnaou/checkpoints/megnet_Vc_trial_338_best_state.pt,"{'learning_rate': 0.0005713914059507681, 'lr_reduce': 0.6}",TPESampler,COMPLETE
339,0.24345587193965912,2025-04-26 13:49:12.696427,2025-04-26 13:49:47.320350,0 days 00:00:34.623923,1,68,461,335.0,107.0,463.0,4,54,0.17213491626130834,0.0022186833956555157,0.6,/work3/arnaou/checkpoints/megnet_Vc_trial_339_best_state.pt,"{'learning_rate': 0.0022186833956555157, 'lr_reduce': 0.6}",TPESampler,COMPLETE
