number,value,datetime_start,datetime_complete,duration,params_depth,params_edge_hidden_dim,params_mlp_dim_00,params_mlp_dim_01,params_mlp_dim_02,params_mlp_dim_03,params_mlp_n_layers,params_node_hidden_dim,params_rep_dropout,params_train_learning_rate,params_train_lr_reduce,user_attrs_best_state_dict_path,user_attrs_training_params,system_attrs_auto:sampler,state
952,1.8527541160583496,2025-04-26 14:42:39.581235,2025-04-26 14:42:45.172911,0 days 00:00:05.591676,1,54,199,404.0,400.0,,3,43,0.24781870994981314,0.0005104125462763728,0.6,/work3/arnaou/checkpoints/megnet_Vc_trial_952_best_state.pt,"{'learning_rate': 0.0005104125462763728, 'lr_reduce': 0.6}",TPESampler,COMPLETE
953,0.3311241865158081,2025-04-26 14:42:41.048486,2025-04-26 14:43:18.110618,0 days 00:00:37.062132,1,93,430,405.0,324.0,512.0,4,76,0.23389462101674702,0.0007201379660245593,0.6,/work3/arnaou/checkpoints/megnet_Vc_trial_953_best_state.pt,"{'learning_rate': 0.0007201379660245593, 'lr_reduce': 0.6}",TPESampler,COMPLETE
954,0.24050849676132202,2025-04-26 14:42:45.533895,2025-04-26 14:43:21.311611,0 days 00:00:35.777716,2,48,276,412.0,,,2,65,0.02222549916541705,0.0034696711956985825,0.6,/work3/arnaou/checkpoints/megnet_Vc_trial_954_best_state.pt,"{'learning_rate': 0.0034696711956985825, 'lr_reduce': 0.6}",TPESampler,COMPLETE
955,0.2920387387275696,2025-04-26 14:43:11.306286,2025-04-26 14:43:42.418034,0 days 00:00:31.111748,1,51,382,,,,1,101,0.045054130579730206,0.0014353884718239344,0.6,/work3/arnaou/checkpoints/megnet_Vc_trial_955_best_state.pt,"{'learning_rate': 0.0014353884718239344, 'lr_reduce': 0.6}",TPESampler,COMPLETE
956,0.22657892107963562,2025-04-26 14:43:18.330565,2025-04-26 14:43:51.995880,0 days 00:00:33.665315,1,81,286,419.0,355.0,331.0,4,67,0.24175029839094928,0.00035365488374904276,0.6,/work3/arnaou/checkpoints/megnet_Vc_trial_956_best_state.pt,"{'learning_rate': 0.00035365488374904276, 'lr_reduce': 0.6}",TPESampler,COMPLETE
957,0.2743804156780243,2025-04-26 14:43:21.557194,2025-04-26 14:43:41.075408,0 days 00:00:19.518214,1,58,256,430.0,334.0,,3,66,0.18815979367059643,0.0005670896567791503,0.6,/work3/arnaou/checkpoints/megnet_Vc_trial_957_best_state.pt,"{'learning_rate': 0.0005670896567791503, 'lr_reduce': 0.6}",TPESampler,COMPLETE
958,0.20200273394584656,2025-04-26 14:43:41.399370,2025-04-26 14:44:04.739815,0 days 00:00:23.340445,1,52,159,396.0,374.0,,3,78,0.23986237727163798,0.0007574478331313705,0.6,/work3/arnaou/checkpoints/megnet_Vc_trial_958_best_state.pt,"{'learning_rate': 0.0007574478331313705, 'lr_reduce': 0.6}",TPESampler,COMPLETE
959,1.8158735036849976,2025-04-26 14:43:42.622168,2025-04-26 14:43:46.548991,0 days 00:00:03.926823,1,67,248,437.0,354.0,,3,73,0.19167454137748396,0.001187308089397288,0.6,/work3/arnaou/checkpoints/megnet_Vc_trial_959_best_state.pt,"{'learning_rate': 0.001187308089397288, 'lr_reduce': 0.6}",TPESampler,COMPLETE
960,1.8600167036056519,2025-04-26 14:43:46.776869,2025-04-26 14:43:50.967710,0 days 00:00:04.190841,2,70,475,442.0,342.0,512.0,4,76,0.10971737691237496,0.0005454034222938643,0.6,/work3/arnaou/checkpoints/megnet_Vc_trial_960_best_state.pt,"{'learning_rate': 0.0005454034222938643, 'lr_reduce': 0.6}",TPESampler,COMPLETE
961,0.3971209228038788,2025-04-26 14:43:51.199237,2025-04-26 14:44:05.966110,0 days 00:00:14.766873,1,76,398,376.0,332.0,,3,86,0.19722015908918375,0.0006184304714813964,0.6,/work3/arnaou/checkpoints/megnet_Vc_trial_961_best_state.pt,"{'learning_rate': 0.0006184304714813964, 'lr_reduce': 0.6}",TPESampler,COMPLETE
962,1.812766194343567,2025-04-26 14:43:52.221484,2025-04-26 14:43:55.915561,0 days 00:00:03.694077,3,69,231,440.0,,,2,115,0.24790702527295272,0.0015176888423297475,0.6,/work3/arnaou/checkpoints/megnet_Vc_trial_962_best_state.pt,"{'learning_rate': 0.0015176888423297475, 'lr_reduce': 0.6}",TPESampler,COMPLETE
963,1.8598344326019287,2025-04-26 14:43:56.119061,2025-04-26 14:43:59.917423,0 days 00:00:03.798362,1,73,440,409.0,321.0,470.0,4,53,0.1812448052929419,0.0002690719573230144,0.6,/work3/arnaou/checkpoints/megnet_Vc_trial_963_best_state.pt,"{'learning_rate': 0.0002690719573230144, 'lr_reduce': 0.6}",TPESampler,COMPLETE
964,1.832048773765564,2025-04-26 14:44:00.129788,2025-04-26 14:44:03.612960,0 days 00:00:03.483172,1,62,488,447.0,315.0,,3,69,0.2301972628997178,0.001187693616372551,0.6,/work3/arnaou/checkpoints/megnet_Vc_trial_964_best_state.pt,"{'learning_rate': 0.001187693616372551, 'lr_reduce': 0.6}",TPESampler,COMPLETE
965,1.8547565937042236,2025-04-26 14:44:03.853229,2025-04-26 14:44:07.466744,0 days 00:00:03.613515,2,80,334,473.0,382.0,,3,79,0.2328491168661865,0.0004766978442204952,0.6,/work3/arnaou/checkpoints/megnet_Vc_trial_965_best_state.pt,"{'learning_rate': 0.0004766978442204952, 'lr_reduce': 0.6}",TPESampler,COMPLETE
966,0.33651506900787354,2025-04-26 14:44:04.976102,2025-04-26 14:44:29.864715,0 days 00:00:24.888613,2,111,444,374.0,66.0,512.0,4,70,0.19979059072447206,0.0008689035359975523,0.6,/work3/arnaou/checkpoints/megnet_Vc_trial_966_best_state.pt,"{'learning_rate': 0.0008689035359975523, 'lr_reduce': 0.6}",TPESampler,COMPLETE
967,1.8643314838409424,2025-04-26 14:44:06.176527,2025-04-26 14:44:10.119269,0 days 00:00:03.942742,1,93,468,472.0,313.0,469.0,4,59,0.22935663299741754,0.00044102334091376604,0.6,/work3/arnaou/checkpoints/megnet_Vc_trial_967_best_state.pt,"{'learning_rate': 0.00044102334091376604, 'lr_reduce': 0.6}",TPESampler,COMPLETE
968,0.1542040854692459,2025-04-26 14:44:07.709138,2025-04-26 14:44:37.694501,0 days 00:00:29.985363,1,102,394,405.0,315.0,470.0,4,63,0.22550165836517588,0.0017472795681178805,0.6,/work3/arnaou/checkpoints/megnet_Vc_trial_968_best_state.pt,"{'learning_rate': 0.0017472795681178805, 'lr_reduce': 0.6}",TPESampler,COMPLETE
969,1.7998347282409668,2025-04-26 14:44:10.337175,2025-04-26 14:44:13.846093,0 days 00:00:03.508918,1,75,175,437.0,,,2,80,0.24958959035921446,0.0024174497139713385,0.6,/work3/arnaou/checkpoints/megnet_Vc_trial_969_best_state.pt,"{'learning_rate': 0.0024174497139713385, 'lr_reduce': 0.6}",TPESampler,COMPLETE
970,1.8454543352127075,2025-04-26 14:44:14.070779,2025-04-26 14:44:17.664066,0 days 00:00:03.593287,1,71,269,468.0,119.0,,3,56,0.24627312743658886,0.0011499756448435272,0.6,/work3/arnaou/checkpoints/megnet_Vc_trial_970_best_state.pt,"{'learning_rate': 0.0011499756448435272, 'lr_reduce': 0.6}",TPESampler,COMPLETE
971,1.8125033378601074,2025-04-26 14:44:17.872585,2025-04-26 14:44:22.669609,0 days 00:00:04.797024,2,58,453,512.0,297.0,419.0,4,32,0.07573262192612071,0.008402432664615342,0.6,/work3/arnaou/checkpoints/megnet_Vc_trial_971_best_state.pt,"{'learning_rate': 0.008402432664615342, 'lr_reduce': 0.6}",TPESampler,COMPLETE
972,1.845344066619873,2025-04-26 14:44:22.900405,2025-04-26 14:44:27.647990,0 days 00:00:04.747585,2,68,255,407.0,355.0,,3,65,0.19140336757079607,0.001155765942886561,0.6,/work3/arnaou/checkpoints/megnet_Vc_trial_972_best_state.pt,"{'learning_rate': 0.001155765942886561, 'lr_reduce': 0.6}",TPESampler,COMPLETE
973,0.6403508186340332,2025-04-26 14:44:27.856257,2025-04-26 14:44:38.367266,0 days 00:00:10.511009,1,83,344,470.0,132.0,469.0,4,88,0.24038859432261714,0.0021320408350569155,0.6,/work3/arnaou/checkpoints/megnet_Vc_trial_973_best_state.pt,"{'learning_rate': 0.0021320408350569155, 'lr_reduce': 0.6}",TPESampler,COMPLETE
974,1.8554317951202393,2025-04-26 14:44:30.092447,2025-04-26 14:44:34.081826,0 days 00:00:03.989379,1,97,399,436.0,303.0,512.0,4,53,0.18448421593040482,0.0015793429079048501,0.6,/work3/arnaou/checkpoints/megnet_Vc_trial_974_best_state.pt,"{'learning_rate': 0.0015793429079048501, 'lr_reduce': 0.6}",TPESampler,COMPLETE
975,0.22371363639831543,2025-04-26 14:44:34.307226,2025-04-26 14:45:09.109613,0 days 00:00:34.802387,2,91,371,362.0,146.0,,3,65,0.1787143238632661,0.0011469107048509895,0.6,/work3/arnaou/checkpoints/megnet_Vc_trial_975_best_state.pt,"{'learning_rate': 0.0011469107048509895, 'lr_reduce': 0.6}",TPESampler,COMPLETE
976,1.8361691236495972,2025-04-26 14:44:37.920258,2025-04-26 14:44:42.836153,0 days 00:00:04.915895,3,90,364,,,,1,57,0.06737162096282268,0.0002290234093559216,0.6,/work3/arnaou/checkpoints/megnet_Vc_trial_976_best_state.pt,"{'learning_rate': 0.0002290234093559216, 'lr_reduce': 0.6}",TPESampler,COMPLETE
977,0.42815902829170227,2025-04-26 14:44:38.610819,2025-04-26 14:44:51.849930,0 days 00:00:13.239111,1,77,253,475.0,293.0,320.0,4,70,0.2150462036766017,0.001385328552163172,0.6,/work3/arnaou/checkpoints/megnet_Vc_trial_977_best_state.pt,"{'learning_rate': 0.001385328552163172, 'lr_reduce': 0.6}",TPESampler,COMPLETE
978,0.615513265132904,2025-04-26 14:44:43.033047,2025-04-26 14:44:52.441746,0 days 00:00:09.408699,1,78,323,400.0,99.0,371.0,4,74,0.2484468076037821,0.001385143673833382,0.6,/work3/arnaou/checkpoints/megnet_Vc_trial_978_best_state.pt,"{'learning_rate': 0.001385143673833382, 'lr_reduce': 0.6}",TPESampler,COMPLETE
979,1.7873196601867676,2025-04-26 14:44:52.074991,2025-04-26 14:44:56.020203,0 days 00:00:03.945212,1,69,165,436.0,340.0,,3,48,0.21139225709866707,0.0032731824003319836,0.6,/work3/arnaou/checkpoints/megnet_Vc_trial_979_best_state.pt,"{'learning_rate': 0.0032731824003319836, 'lr_reduce': 0.6}",TPESampler,COMPLETE
980,1.7998889684677124,2025-04-26 14:44:52.706360,2025-04-26 14:44:56.859659,0 days 00:00:04.153299,2,123,463,471.0,288.0,467.0,4,74,0.2467873159923055,0.0021292425420226277,0.6,/work3/arnaou/checkpoints/megnet_Vc_trial_980_best_state.pt,"{'learning_rate': 0.0021292425420226277, 'lr_reduce': 0.6}",TPESampler,COMPLETE
981,1.8062512874603271,2025-04-26 14:44:56.301457,2025-04-26 14:45:00.252203,0 days 00:00:03.950746,4,43,107,397.0,157.0,419.0,4,106,0.05534592753002751,0.007331185424576704,0.6,/work3/arnaou/checkpoints/megnet_Vc_trial_981_best_state.pt,"{'learning_rate': 0.007331185424576704, 'lr_reduce': 0.6}",TPESampler,COMPLETE
982,1.8554245233535767,2025-04-26 14:44:57.060813,2025-04-26 14:45:00.792457,0 days 00:00:03.731644,1,79,376,467.0,92.0,471.0,4,44,0.13571567116703354,0.0007636386258194782,0.6,/work3/arnaou/checkpoints/megnet_Vc_trial_982_best_state.pt,"{'learning_rate': 0.0007636386258194782, 'lr_reduce': 0.6}",TPESampler,COMPLETE
983,1.7882728576660156,2025-04-26 14:45:00.480423,2025-04-26 14:45:04.245144,0 days 00:00:03.764721,2,104,325,434.0,,,2,55,0.11752101668603578,0.0037401627514607933,0.6,/work3/arnaou/checkpoints/megnet_Vc_trial_983_best_state.pt,"{'learning_rate': 0.0037401627514607933, 'lr_reduce': 0.6}",TPESampler,COMPLETE
984,1.4205102920532227,2025-04-26 14:45:01.077402,2025-04-26 14:45:10.069605,0 days 00:00:08.992203,3,37,137,351.0,286.0,434.0,4,82,0.23474632708455562,0.0014035354430122307,0.6,/work3/arnaou/checkpoints/megnet_Vc_trial_984_best_state.pt,"{'learning_rate': 0.0014035354430122307, 'lr_reduce': 0.6}",TPESampler,COMPLETE
985,1.443198561668396,2025-04-26 14:45:04.445465,2025-04-26 14:45:18.081917,0 days 00:00:13.636452,2,104,372,483.0,160.0,472.0,4,49,0.22635623518445078,0.00039560999523537355,0.6,/work3/arnaou/checkpoints/megnet_Vc_trial_985_best_state.pt,"{'learning_rate': 0.00039560999523537355, 'lr_reduce': 0.6}",TPESampler,COMPLETE
986,1.7967275381088257,2025-04-26 14:45:09.341707,2025-04-26 14:45:12.685002,0 days 00:00:03.343295,1,82,200,431.0,,,2,72,0.1836354786786205,0.0012026241822053138,0.6,/work3/arnaou/checkpoints/megnet_Vc_trial_986_best_state.pt,"{'learning_rate': 0.0012026241822053138, 'lr_reduce': 0.6}",TPESampler,COMPLETE
987,0.1895337700843811,2025-04-26 14:45:10.392897,2025-04-26 14:45:35.845933,0 days 00:00:25.453036,1,120,508,512.0,343.0,388.0,4,61,0.2497792382039734,0.0009274545668161266,0.6,/work3/arnaou/checkpoints/megnet_Vc_trial_987_best_state.pt,"{'learning_rate': 0.0009274545668161266, 'lr_reduce': 0.6}",TPESampler,COMPLETE
988,0.23204325139522552,2025-04-26 14:45:12.881638,2025-04-26 14:45:31.356425,0 days 00:00:18.474787,1,46,318,384.0,282.0,,3,92,0.20498322562292898,0.000998445926450213,0.6,/work3/arnaou/checkpoints/megnet_Vc_trial_988_best_state.pt,"{'learning_rate': 0.000998445926450213, 'lr_reduce': 0.6}",TPESampler,COMPLETE
989,0.21229088306427002,2025-04-26 14:45:18.303256,2025-04-26 14:45:49.370996,0 days 00:00:31.067740,1,98,310,478.0,395.0,511.0,4,92,0.2220451351823695,0.0004946070790142543,0.6,/work3/arnaou/checkpoints/megnet_Vc_trial_989_best_state.pt,"{'learning_rate': 0.0004946070790142543, 'lr_reduce': 0.6}",TPESampler,COMPLETE
990,0.23414300382137299,2025-04-26 14:45:31.571056,2025-04-26 14:45:58.295828,0 days 00:00:26.724772,1,83,418,435.0,115.0,,3,63,0.24312619712219416,0.0017286271057540513,0.6,/work3/arnaou/checkpoints/megnet_Vc_trial_990_best_state.pt,"{'learning_rate': 0.0017286271057540513, 'lr_reduce': 0.6}",TPESampler,COMPLETE
991,1.6369340419769287,2025-04-26 14:45:36.138773,2025-04-26 14:45:42.759177,0 days 00:00:06.620404,2,124,292,512.0,,,2,54,0.16675388421019313,0.0025299305693690854,0.6,/work3/arnaou/checkpoints/megnet_Vc_trial_991_best_state.pt,"{'learning_rate': 0.0025299305693690854, 'lr_reduce': 0.6}",TPESampler,COMPLETE
992,1.8539530038833618,2025-04-26 14:45:42.965614,2025-04-26 14:45:46.685764,0 days 00:00:03.720150,1,90,450,398.0,184.0,,3,51,0.15969149528553583,0.000359228775907699,0.6,/work3/arnaou/checkpoints/megnet_Vc_trial_992_best_state.pt,"{'learning_rate': 0.000359228775907699, 'lr_reduce': 0.6}",TPESampler,COMPLETE
993,1.7829376459121704,2025-04-26 14:45:46.905564,2025-04-26 14:45:51.096923,0 days 00:00:04.191359,3,113,320,,,,1,95,0.23553194768973815,0.005012343769501296,0.6,/work3/arnaou/checkpoints/megnet_Vc_trial_993_best_state.pt,"{'learning_rate': 0.005012343769501296, 'lr_reduce': 0.6}",TPESampler,COMPLETE
994,1.8664970397949219,2025-04-26 14:45:49.573620,2025-04-26 14:45:53.186352,0 days 00:00:03.612732,2,78,231,446.0,272.0,,3,68,0.1862908680572179,0.00014500401703935195,0.6,/work3/arnaou/checkpoints/megnet_Vc_trial_994_best_state.pt,"{'learning_rate': 0.00014500401703935195, 'lr_reduce': 0.6}",TPESampler,COMPLETE
995,0.1998455822467804,2025-04-26 14:45:51.315325,2025-04-26 14:46:14.612041,0 days 00:00:23.296716,1,81,347,478.0,149.0,,3,106,0.14222725560507585,0.0008936581868626042,0.6,/work3/arnaou/checkpoints/megnet_Vc_trial_995_best_state.pt,"{'learning_rate': 0.0008936581868626042, 'lr_reduce': 0.6}",TPESampler,COMPLETE
996,0.14262104034423828,2025-04-26 14:45:53.384898,2025-04-26 14:46:24.642440,0 days 00:00:31.257542,1,102,191,353.0,322.0,425.0,4,35,0.2376470138801404,0.0015848533796108076,0.6,/work3/arnaou/checkpoints/megnet_Vc_trial_996_best_state.pt,"{'learning_rate': 0.0015848533796108076, 'lr_reduce': 0.6}",TPESampler,COMPLETE
997,1.8497294187545776,2025-04-26 14:45:58.545528,2025-04-26 14:46:03.005810,0 days 00:00:04.460282,2,57,270,434.0,,,2,46,0.20442612030070192,0.0005316188143728987,0.6,/work3/arnaou/checkpoints/megnet_Vc_trial_997_best_state.pt,"{'learning_rate': 0.0005316188143728987, 'lr_reduce': 0.6}",TPESampler,COMPLETE
998,1.783077359199524,2025-04-26 14:46:03.221717,2025-04-26 14:46:07.968480,0 days 00:00:04.746763,1,58,292,476.0,,,2,78,0.22407529464485276,0.002026028146231085,0.6,/work3/arnaou/checkpoints/megnet_Vc_trial_998_best_state.pt,"{'learning_rate': 0.002026028146231085, 'lr_reduce': 0.6}",TPESampler,COMPLETE
999,1.7833247184753418,2025-04-26 14:46:08.171850,2025-04-26 14:46:12.029672,0 days 00:00:03.857822,1,64,74,407.0,208.0,512.0,4,39,0.00020357718642596834,0.003809081024784126,0.6,/work3/arnaou/checkpoints/megnet_Vc_trial_999_best_state.pt,"{'learning_rate': 0.003809081024784126, 'lr_reduce': 0.6}",TPESampler,COMPLETE
1000,1.847607970237732,2025-04-26 14:46:12.251487,2025-04-26 14:46:16.413512,0 days 00:00:04.162025,1,113,293,512.0,94.0,465.0,4,33,0.24625352565259073,0.0015999801876543588,0.6,/work3/arnaou/checkpoints/megnet_Vc_trial_1000_best_state.pt,"{'learning_rate': 0.0015999801876543588, 'lr_reduce': 0.6}",TPESampler,COMPLETE
1001,1.785709023475647,2025-04-26 14:46:14.848928,2025-04-26 14:46:18.112496,0 days 00:00:03.263568,1,53,236,443.0,169.0,,3,71,0.20422709270637385,0.0025973662897430193,0.6,/work3/arnaou/checkpoints/megnet_Vc_trial_1001_best_state.pt,"{'learning_rate': 0.0025973662897430193, 'lr_reduce': 0.6}",TPESampler,COMPLETE
1002,0.6183158755302429,2025-04-26 14:46:16.624928,2025-04-26 14:46:26.658692,0 days 00:00:10.033764,1,65,132,103.0,274.0,425.0,4,99,0.2389627773042345,0.0025413706218277493,0.6,/work3/arnaou/checkpoints/megnet_Vc_trial_1002_best_state.pt,"{'learning_rate': 0.0025413706218277493, 'lr_reduce': 0.6}",TPESampler,COMPLETE
1003,0.32036495208740234,2025-04-26 14:46:18.348292,2025-04-26 14:46:45.977396,0 days 00:00:27.629104,1,89,345,375.0,338.0,467.0,4,52,0.17157675837520062,0.004454174547021432,0.6,/work3/arnaou/checkpoints/megnet_Vc_trial_1003_best_state.pt,"{'learning_rate': 0.004454174547021432, 'lr_reduce': 0.6}",TPESampler,COMPLETE
1004,0.40298575162887573,2025-04-26 14:46:24.894120,2025-04-26 14:46:45.706826,0 days 00:00:20.812706,2,97,451,476.0,262.0,,3,49,0.18319330467752298,0.0007766904184518687,0.6,/work3/arnaou/checkpoints/megnet_Vc_trial_1004_best_state.pt,"{'learning_rate': 0.0007766904184518687, 'lr_reduce': 0.6}",TPESampler,COMPLETE
1005,0.14178934693336487,2025-04-26 14:46:26.855542,2025-04-26 14:46:59.119798,0 days 00:00:32.264256,2,65,213,410.0,140.0,358.0,4,57,0.226536549829582,0.001940933957978574,0.6,/work3/arnaou/checkpoints/megnet_Vc_trial_1005_best_state.pt,"{'learning_rate': 0.001940933957978574, 'lr_reduce': 0.6}",TPESampler,COMPLETE
1006,0.19005544483661652,2025-04-26 14:46:45.940713,2025-04-26 14:47:08.536885,0 days 00:00:22.596172,1,61,497,437.0,209.0,474.0,4,38,0.24532055753917828,0.0006335657354888053,0.6,/work3/arnaou/checkpoints/megnet_Vc_trial_1006_best_state.pt,"{'learning_rate': 0.0006335657354888053, 'lr_reduce': 0.6}",TPESampler,COMPLETE
1007,0.16387063264846802,2025-04-26 14:46:46.302133,2025-04-26 14:47:18.691844,0 days 00:00:32.389711,2,64,439,512.0,294.0,427.0,4,83,0.12245735087469134,0.0019101781994641106,0.6,/work3/arnaou/checkpoints/megnet_Vc_trial_1007_best_state.pt,"{'learning_rate': 0.0019101781994641106, 'lr_reduce': 0.6}",TPESampler,COMPLETE
1008,1.8157758712768555,2025-04-26 14:46:59.357924,2025-04-26 14:47:03.599622,0 days 00:00:04.241698,1,125,416,469.0,,,2,73,0.12712410778225197,0.0035629765473882934,0.6,/work3/arnaou/checkpoints/megnet_Vc_trial_1008_best_state.pt,"{'learning_rate': 0.0035629765473882934, 'lr_reduce': 0.6}",TPESampler,COMPLETE
1009,1.856816291809082,2025-04-26 14:47:03.973832,2025-04-26 14:47:07.491774,0 days 00:00:03.517942,2,54,289,401.0,70.0,,3,40,0.21535410434040475,0.0010082713660481916,0.6,/work3/arnaou/checkpoints/megnet_Vc_trial_1009_best_state.pt,"{'learning_rate': 0.0010082713660481916, 'lr_reduce': 0.6}",TPESampler,COMPLETE
1010,1.8478295803070068,2025-04-26 14:47:07.701790,2025-04-26 14:47:12.366692,0 days 00:00:04.664902,4,56,278,446.0,,,2,84,0.005603191512399602,0.0005015768121351208,0.6,/work3/arnaou/checkpoints/megnet_Vc_trial_1010_best_state.pt,"{'learning_rate': 0.0005015768121351208, 'lr_reduce': 0.6}",TPESampler,COMPLETE
1011,0.5110120177268982,2025-04-26 14:47:08.774147,2025-04-26 14:47:32.472196,0 days 00:00:23.698049,1,95,345,474.0,133.0,469.0,4,38,0.18595616824021172,0.001350418486155264,0.6,/work3/arnaou/checkpoints/megnet_Vc_trial_1011_best_state.pt,"{'learning_rate': 0.001350418486155264, 'lr_reduce': 0.6}",TPESampler,COMPLETE
1012,1.5336971282958984,2025-04-26 14:47:12.613172,2025-04-26 14:47:22.837031,0 days 00:00:10.223859,4,113,273,355.0,258.0,390.0,4,48,0.20974152379973168,0.0007900384481651821,0.6,/work3/arnaou/checkpoints/megnet_Vc_trial_1012_best_state.pt,"{'learning_rate': 0.0007900384481651821, 'lr_reduce': 0.6}",TPESampler,COMPLETE
1013,0.26877421140670776,2025-04-26 14:47:18.951065,2025-04-26 14:47:49.844043,0 days 00:00:30.892978,1,102,490,,,,1,120,0.10913833081190172,0.0012645001649743627,0.6,/work3/arnaou/checkpoints/megnet_Vc_trial_1013_best_state.pt,"{'learning_rate': 0.0012645001649743627, 'lr_reduce': 0.6}",TPESampler,COMPLETE
1014,1.6109403371810913,2025-04-26 14:47:23.046001,2025-04-26 14:47:30.833867,0 days 00:00:07.787866,4,87,81,416.0,,,2,128,0.2314710344036637,0.0004831508098628736,0.6,/work3/arnaou/checkpoints/megnet_Vc_trial_1014_best_state.pt,"{'learning_rate': 0.0004831508098628736, 'lr_reduce': 0.6}",TPESampler,COMPLETE
1015,1.8137891292572021,2025-04-26 14:47:31.049842,2025-04-26 14:47:34.834403,0 days 00:00:03.784561,1,86,390,475.0,326.0,471.0,4,73,0.19971657540295717,0.002684414259674471,0.6,/work3/arnaou/checkpoints/megnet_Vc_trial_1015_best_state.pt,"{'learning_rate': 0.002684414259674471, 'lr_reduce': 0.6}",TPESampler,COMPLETE
1016,1.8299367427825928,2025-04-26 14:47:32.695390,2025-04-26 14:47:36.500848,0 days 00:00:03.805458,1,82,393,440.0,184.0,422.0,4,53,0.24920943469136494,0.0013783817216012652,0.6,/work3/arnaou/checkpoints/megnet_Vc_trial_1016_best_state.pt,"{'learning_rate': 0.0013783817216012652, 'lr_reduce': 0.6}",TPESampler,COMPLETE
1017,1.800245761871338,2025-04-26 14:47:35.053763,2025-04-26 14:47:39.224136,0 days 00:00:04.170373,2,123,511,,,,1,80,0.20914663286382815,0.0014463128169572277,0.6,/work3/arnaou/checkpoints/megnet_Vc_trial_1017_best_state.pt,"{'learning_rate': 0.0014463128169572277, 'lr_reduce': 0.6}",TPESampler,COMPLETE
1018,1.8234695196151733,2025-04-26 14:47:36.728644,2025-04-26 14:47:40.583569,0 days 00:00:03.854925,3,128,277,389.0,,,2,42,0.1423580354487247,0.0028929440882197706,0.6,/work3/arnaou/checkpoints/megnet_Vc_trial_1018_best_state.pt,"{'learning_rate': 0.0028929440882197706, 'lr_reduce': 0.6}",TPESampler,COMPLETE
1019,0.3309304714202881,2025-04-26 14:47:39.433833,2025-04-26 14:47:57.847771,0 days 00:00:18.413938,1,68,264,512.0,224.0,473.0,4,62,0.24782259232626558,0.0012376266462915742,0.6,/work3/arnaou/checkpoints/megnet_Vc_trial_1019_best_state.pt,"{'learning_rate': 0.0012376266462915742, 'lr_reduce': 0.6}",TPESampler,COMPLETE
