number,value,datetime_start,datetime_complete,duration,params_depth,params_edge_hidden_dim,params_mlp_dim_00,params_mlp_dim_01,params_mlp_dim_02,params_mlp_dim_03,params_mlp_n_layers,params_node_hidden_dim,params_rep_dropout,params_train_learning_rate,params_train_lr_reduce,user_attrs_best_state_dict_path,user_attrs_training_params,system_attrs_auto:sampler,state
1358,1.8621917963027954,2025-04-26 15:24:37.250637,2025-04-26 15:24:41.739093,0 days 00:00:04.488456,1,63,430,368.0,212.0,471.0,4,63,0.24863336085111365,0.00045501870752291776,0.6,/work3/arnaou/checkpoints/megnet_Vc_trial_1358_best_state.pt,"{'learning_rate': 0.00045501870752291776, 'lr_reduce': 0.6}",TPESampler,COMPLETE
1359,0.5569781064987183,2025-04-26 15:24:41.979805,2025-04-26 15:24:52.633420,0 days 00:00:10.653615,1,76,214,427.0,140.0,470.0,4,58,0.19251267269282893,0.0021454475885985267,0.6,/work3/arnaou/checkpoints/megnet_Vc_trial_1359_best_state.pt,"{'learning_rate': 0.0021454475885985267, 'lr_reduce': 0.6}",TPESampler,COMPLETE
1360,0.7538745403289795,2025-04-26 15:24:52.890315,2025-04-26 15:25:30.658924,0 days 00:00:37.768609,2,60,499,414.0,182.0,,3,64,0.23865789465063542,0.001068975467854417,0.6,/work3/arnaou/checkpoints/megnet_Vc_trial_1360_best_state.pt,"{'learning_rate': 0.001068975467854417, 'lr_reduce': 0.6}",TPESampler,COMPLETE
1361,0.2479410320520401,2025-04-26 15:24:57.260393,2025-04-26 15:25:33.380878,0 days 00:00:36.120485,2,69,442,310.0,103.0,434.0,4,51,0.24973089851050115,0.00105572311230941,0.6,/work3/arnaou/checkpoints/megnet_Vc_trial_1361_best_state.pt,"{'learning_rate': 0.00105572311230941, 'lr_reduce': 0.6}",TPESampler,COMPLETE
1362,1.8525015115737915,2025-04-26 15:24:59.211525,2025-04-26 15:25:03.669997,0 days 00:00:04.458472,1,85,503,359.0,232.0,204.0,4,57,0.24093767774108305,0.0005119692212998071,0.6,/work3/arnaou/checkpoints/megnet_Vc_trial_1362_best_state.pt,"{'learning_rate': 0.0005119692212998071, 'lr_reduce': 0.6}",TPESampler,COMPLETE
1363,1.7964500188827515,2025-04-26 15:25:03.897195,2025-04-26 15:25:09.137249,0 days 00:00:05.240054,4,118,464,418.0,139.0,,3,97,0.052963803919365476,0.0074732310320530125,0.6,/work3/arnaou/checkpoints/megnet_Vc_trial_1363_best_state.pt,"{'learning_rate': 0.0074732310320530125, 'lr_reduce': 0.6}",TPESampler,COMPLETE
1364,1.8552263975143433,2025-04-26 15:25:09.382288,2025-04-26 15:25:15.456587,0 days 00:00:06.074299,1,46,402,,,,1,102,0.06624266987260521,0.00013447792813902487,0.6,/work3/arnaou/checkpoints/megnet_Vc_trial_1364_best_state.pt,"{'learning_rate': 0.00013447792813902487, 'lr_reduce': 0.6}",TPESampler,COMPLETE
1365,0.1316813975572586,2025-04-26 15:25:15.725285,2025-04-26 15:25:48.797887,0 days 00:00:33.072602,1,64,485,142.0,241.0,,3,36,0.19148385467702939,0.0013134686362444212,0.6,/work3/arnaou/checkpoints/megnet_Vc_trial_1365_best_state.pt,"{'learning_rate': 0.0013134686362444212, 'lr_reduce': 0.6}",TPESampler,COMPLETE
1366,1.7927483320236206,2025-04-26 15:25:30.909845,2025-04-26 15:25:35.547496,0 days 00:00:04.637651,3,44,272,373.0,182.0,473.0,4,85,0.0695039912125604,0.0043314607136550965,0.6,/work3/arnaou/checkpoints/megnet_Vc_trial_1366_best_state.pt,"{'learning_rate': 0.0043314607136550965, 'lr_reduce': 0.6}",TPESampler,COMPLETE
1367,0.9743605852127075,2025-04-26 15:25:33.616920,2025-04-26 15:25:44.788177,0 days 00:00:11.171257,2,86,441,428.0,98.0,433.0,4,46,0.24799647572193972,0.004330136837040437,0.6,/work3/arnaou/checkpoints/megnet_Vc_trial_1367_best_state.pt,"{'learning_rate': 0.004330136837040437, 'lr_reduce': 0.6}",TPESampler,COMPLETE
1368,0.29778075218200684,2025-04-26 15:25:35.764216,2025-04-26 15:25:58.189384,0 days 00:00:22.425168,1,66,400,363.0,145.0,510.0,4,53,0.20416915297244842,0.0019876460631152097,0.6,/work3/arnaou/checkpoints/megnet_Vc_trial_1368_best_state.pt,"{'learning_rate': 0.0019876460631152097, 'lr_reduce': 0.6}",TPESampler,COMPLETE
1369,1.8558108806610107,2025-04-26 15:25:45.054070,2025-04-26 15:25:48.929389,0 days 00:00:03.875319,1,68,442,427.0,232.0,393.0,4,55,0.24634107805058922,0.0009471001664713615,0.6,/work3/arnaou/checkpoints/megnet_Vc_trial_1369_best_state.pt,"{'learning_rate': 0.0009471001664713615, 'lr_reduce': 0.6}",TPESampler,COMPLETE
1370,1.5719932317733765,2025-04-26 15:25:49.004487,2025-04-26 15:25:56.251836,0 days 00:00:07.247349,2,85,213,399.0,,,2,51,0.24075110875158523,0.0007946498183770881,0.6,/work3/arnaou/checkpoints/megnet_Vc_trial_1370_best_state.pt,"{'learning_rate': 0.0007946498183770881, 'lr_reduce': 0.6}",TPESampler,COMPLETE
1371,1.8546245098114014,2025-04-26 15:25:49.169627,2025-04-26 15:25:53.957759,0 days 00:00:04.788132,1,67,384,97.0,181.0,475.0,4,55,0.19798122767287302,0.0002889228956330126,0.6,/work3/arnaou/checkpoints/megnet_Vc_trial_1371_best_state.pt,"{'learning_rate': 0.0002889228956330126, 'lr_reduce': 0.6}",TPESampler,COMPLETE
1372,1.8207319974899292,2025-04-26 15:25:54.206498,2025-04-26 15:25:58.077993,0 days 00:00:03.871495,1,72,505,315.0,100.0,512.0,4,45,0.18190236353551184,0.0027772663657740153,0.6,/work3/arnaou/checkpoints/megnet_Vc_trial_1372_best_state.pt,"{'learning_rate': 0.0027772663657740153, 'lr_reduce': 0.6}",TPESampler,COMPLETE
1373,0.5250527262687683,2025-04-26 15:25:56.491682,2025-04-26 15:26:24.298913,0 days 00:00:27.807231,1,96,495,429.0,135.0,338.0,4,66,0.24357626174284258,0.0008930794071072117,0.6,/work3/arnaou/checkpoints/megnet_Vc_trial_1373_best_state.pt,"{'learning_rate': 0.0008930794071072117, 'lr_reduce': 0.6}",TPESampler,COMPLETE
1374,0.3172095715999603,2025-04-26 15:25:58.268385,2025-04-26 15:26:26.755147,0 days 00:00:28.486762,3,87,486,437.0,236.0,,3,94,0.01837437670544631,0.0018965936908218446,0.6,/work3/arnaou/checkpoints/megnet_Vc_trial_1374_best_state.pt,"{'learning_rate': 0.0018965936908218446, 'lr_reduce': 0.6}",TPESampler,COMPLETE
1375,1.3904520273208618,2025-04-26 15:25:58.389797,2025-04-26 15:26:12.463331,0 days 00:00:14.073534,2,53,228,364.0,65.0,,3,80,0.1819137298567145,0.0004999241399202629,0.6,/work3/arnaou/checkpoints/megnet_Vc_trial_1375_best_state.pt,"{'learning_rate': 0.0004999241399202629, 'lr_reduce': 0.6}",TPESampler,COMPLETE
1376,0.1700618863105774,2025-04-26 15:26:12.712462,2025-04-26 15:26:47.391902,0 days 00:00:34.679440,2,99,481,127.0,186.0,437.0,4,62,0.21422295264151198,0.00130839162376225,0.6,/work3/arnaou/checkpoints/megnet_Vc_trial_1376_best_state.pt,"{'learning_rate': 0.00130839162376225, 'lr_reduce': 0.6}",TPESampler,COMPLETE
1377,1.8605434894561768,2025-04-26 15:26:24.536615,2025-04-26 15:26:28.017073,0 days 00:00:03.480458,1,83,161,,,,1,40,0.04195504501618727,0.00011001550440883199,0.6,/work3/arnaou/checkpoints/megnet_Vc_trial_1377_best_state.pt,"{'learning_rate': 0.00011001550440883199, 'lr_reduce': 0.6}",TPESampler,COMPLETE
1378,0.20214971899986267,2025-04-26 15:26:27.016454,2025-04-26 15:26:57.518016,0 days 00:00:30.501562,1,101,412,512.0,365.0,399.0,4,60,0.21786258478967238,0.0008096192553425197,0.6,/work3/arnaou/checkpoints/megnet_Vc_trial_1378_best_state.pt,"{'learning_rate': 0.0008096192553425197, 'lr_reduce': 0.6}",TPESampler,COMPLETE
1379,1.8182348012924194,2025-04-26 15:26:28.728934,2025-04-26 15:26:34.401118,0 days 00:00:05.672184,4,35,237,443.0,135.0,,3,85,0.1182815096575729,0.007652484862575242,0.6,/work3/arnaou/checkpoints/megnet_Vc_trial_1379_best_state.pt,"{'learning_rate': 0.007652484862575242, 'lr_reduce': 0.6}",TPESampler,COMPLETE
1380,1.8644874095916748,2025-04-26 15:26:34.663526,2025-04-26 15:26:39.674962,0 days 00:00:05.011436,1,75,436,392.0,192.0,470.0,4,78,0.2439504351210705,0.0005187006811929943,0.6,/work3/arnaou/checkpoints/megnet_Vc_trial_1380_best_state.pt,"{'learning_rate': 0.0005187006811929943, 'lr_reduce': 0.6}",TPESampler,COMPLETE
1381,1.850772738456726,2025-04-26 15:26:39.936789,2025-04-26 15:26:44.337220,0 days 00:00:04.400431,1,48,492,467.0,242.0,440.0,4,46,0.24566477090243283,0.0011175001332364124,0.6,/work3/arnaou/checkpoints/megnet_Vc_trial_1381_best_state.pt,"{'learning_rate': 0.0011175001332364124, 'lr_reduce': 0.6}",TPESampler,COMPLETE
1382,1.8476089239120483,2025-04-26 15:26:44.582534,2025-04-26 15:26:48.748733,0 days 00:00:04.166199,2,43,229,341.0,150.0,,3,85,0.24588725188743565,0.0004980183699388413,0.6,/work3/arnaou/checkpoints/megnet_Vc_trial_1382_best_state.pt,"{'learning_rate': 0.0004980183699388413, 'lr_reduce': 0.6}",TPESampler,COMPLETE
1383,1.5343884229660034,2025-04-26 15:26:47.623827,2025-04-26 15:26:58.024567,0 days 00:00:10.400740,2,92,492,510.0,94.0,473.0,4,32,0.1911244434617193,0.00069870516255176,0.6,/work3/arnaou/checkpoints/megnet_Vc_trial_1383_best_state.pt,"{'learning_rate': 0.00069870516255176, 'lr_reduce': 0.6}",TPESampler,COMPLETE
1384,1.849902629852295,2025-04-26 15:26:49.151007,2025-04-26 15:26:53.051125,0 days 00:00:03.900118,1,43,262,441.0,192.0,400.0,4,84,0.19130036049884175,0.0001486668966906034,0.6,/work3/arnaou/checkpoints/megnet_Vc_trial_1384_best_state.pt,"{'learning_rate': 0.0001486668966906034, 'lr_reduce': 0.6}",TPESampler,COMPLETE
1385,0.16827116906642914,2025-04-26 15:26:53.290260,2025-04-26 15:27:25.001042,0 days 00:00:31.710782,1,105,485,390.0,121.0,474.0,4,78,0.24592150346686342,0.0022677296322155677,0.6,/work3/arnaou/checkpoints/megnet_Vc_trial_1385_best_state.pt,"{'learning_rate': 0.0022677296322155677, 'lr_reduce': 0.6}",TPESampler,COMPLETE
1386,0.3583497107028961,2025-04-26 15:26:57.829294,2025-04-26 15:27:14.007211,0 days 00:00:16.177917,1,89,417,138.0,243.0,511.0,4,56,0.23880172906479324,0.0011803265829631962,0.6,/work3/arnaou/checkpoints/megnet_Vc_trial_1386_best_state.pt,"{'learning_rate': 0.0011803265829631962, 'lr_reduce': 0.6}",TPESampler,COMPLETE
1387,0.21896451711654663,2025-04-26 15:26:58.382629,2025-04-26 15:27:19.843783,0 days 00:00:21.461154,1,55,408,471.0,64.0,434.0,4,43,0.2170549514812383,0.0005401586781892306,0.6,/work3/arnaou/checkpoints/megnet_Vc_trial_1387_best_state.pt,"{'learning_rate': 0.0005401586781892306, 'lr_reduce': 0.6}",TPESampler,COMPLETE
1388,0.159737229347229,2025-04-26 15:27:14.259685,2025-04-26 15:27:50.178651,0 days 00:00:35.918966,1,72,243,409.0,163.0,,3,53,0.20049997432671302,0.001251709475447905,0.6,/work3/arnaou/checkpoints/megnet_Vc_trial_1388_best_state.pt,"{'learning_rate': 0.001251709475447905, 'lr_reduce': 0.6}",TPESampler,COMPLETE
1389,0.22028064727783203,2025-04-26 15:27:20.157559,2025-04-26 15:27:59.041432,0 days 00:00:38.883873,2,94,342,311.0,337.0,353.0,4,65,0.12851277893218588,0.0005484383615865629,0.6,/work3/arnaou/checkpoints/megnet_Vc_trial_1389_best_state.pt,"{'learning_rate': 0.0005484383615865629, 'lr_reduce': 0.6}",TPESampler,COMPLETE
1390,1.8498682975769043,2025-04-26 15:27:25.377718,2025-04-26 15:27:30.739081,0 days 00:00:05.361363,3,121,89,479.0,,,2,120,0.11625513558200574,0.0003553264920490294,0.6,/work3/arnaou/checkpoints/megnet_Vc_trial_1390_best_state.pt,"{'learning_rate': 0.0003553264920490294, 'lr_reduce': 0.6}",TPESampler,COMPLETE
1391,0.22605761885643005,2025-04-26 15:27:30.960243,2025-04-26 15:28:06.429159,0 days 00:00:35.468916,1,77,505,512.0,442.0,431.0,4,38,0.23548548766638966,0.0010224058526863986,0.6,/work3/arnaou/checkpoints/megnet_Vc_trial_1391_best_state.pt,"{'learning_rate': 0.0010224058526863986, 'lr_reduce': 0.6}",TPESampler,COMPLETE
1392,1.825967788696289,2025-04-26 15:27:50.587456,2025-04-26 15:27:54.742782,0 days 00:00:04.155326,1,124,434,376.0,128.0,,3,45,0.21670214032462407,0.0022632087893865427,0.6,/work3/arnaou/checkpoints/megnet_Vc_trial_1392_best_state.pt,"{'learning_rate': 0.0022632087893865427, 'lr_reduce': 0.6}",TPESampler,COMPLETE
1393,1.8134156465530396,2025-04-26 15:27:55.058381,2025-04-26 15:27:58.944401,0 days 00:00:03.886020,1,45,471,443.0,201.0,,3,89,0.18110661594243468,0.0015336288726527547,0.6,/work3/arnaou/checkpoints/megnet_Vc_trial_1393_best_state.pt,"{'learning_rate': 0.0015336288726527547, 'lr_reduce': 0.6}",TPESampler,COMPLETE
1394,1.8521984815597534,2025-04-26 15:27:59.177008,2025-04-26 15:28:03.354313,0 days 00:00:04.177305,1,80,286,406.0,159.0,,3,85,0.17050467152920346,0.000626909964997672,0.6,/work3/arnaou/checkpoints/megnet_Vc_trial_1394_best_state.pt,"{'learning_rate': 0.000626909964997672, 'lr_reduce': 0.6}",TPESampler,COMPLETE
1395,1.78317129611969,2025-04-26 15:27:59.260948,2025-04-26 15:28:03.302925,0 days 00:00:04.041977,3,88,388,,,,1,65,0.11851268967102883,0.0022314870879928087,0.6,/work3/arnaou/checkpoints/megnet_Vc_trial_1395_best_state.pt,"{'learning_rate': 0.0022314870879928087, 'lr_reduce': 0.6}",TPESampler,COMPLETE
1396,0.1422298401594162,2025-04-26 15:28:03.497223,2025-04-26 15:29:23.169549,0 days 00:01:19.672326,1,65,151,511.0,242.0,,3,55,0.18140017073990966,0.0005487365444531072,0.6,/work3/arnaou/checkpoints/megnet_Vc_trial_1396_best_state.pt,"{'learning_rate': 0.0005487365444531072, 'lr_reduce': 0.6}",TPESampler,COMPLETE
1397,0.3695816695690155,2025-04-26 15:28:03.577129,2025-04-26 15:29:26.619790,0 days 00:01:23.042661,2,62,323,94.0,246.0,,3,60,0.2359948104912216,0.001026357183297209,0.6,/work3/arnaou/checkpoints/megnet_Vc_trial_1397_best_state.pt,"{'learning_rate': 0.001026357183297209, 'lr_reduce': 0.6}",TPESampler,COMPLETE
1398,1.8636186122894287,2025-04-26 15:28:06.661914,2025-04-26 15:28:11.383825,0 days 00:00:04.721911,2,70,507,436.0,108.0,476.0,4,60,0.19768907575508401,0.00034245347648896894,0.6,/work3/arnaou/checkpoints/megnet_Vc_trial_1398_best_state.pt,"{'learning_rate': 0.00034245347648896894, 'lr_reduce': 0.6}",TPESampler,COMPLETE
1399,0.4555620551109314,2025-04-26 15:28:11.632138,2025-04-26 15:29:32.545337,0 days 00:01:20.913199,2,69,452,353.0,167.0,474.0,4,70,0.24632046096040952,0.0009704005039567133,0.6,/work3/arnaou/checkpoints/megnet_Vc_trial_1399_best_state.pt,"{'learning_rate': 0.0009704005039567133, 'lr_reduce': 0.6}",TPESampler,COMPLETE
1400,0.15166039764881134,2025-04-26 15:29:23.582154,2025-04-26 15:29:53.904360,0 days 00:00:30.322206,1,66,275,475.0,204.0,,3,83,0.23517766464110787,0.00039554323531477596,0.6,/work3/arnaou/checkpoints/megnet_Vc_trial_1400_best_state.pt,"{'learning_rate': 0.00039554323531477596, 'lr_reduce': 0.6}",TPESampler,COMPLETE
1401,0.16698534786701202,2025-04-26 15:29:26.904822,2025-04-26 15:29:49.365067,0 days 00:00:22.460245,1,59,269,403.0,120.0,404.0,4,36,0.24564769003339715,0.0008350513837489207,0.6,/work3/arnaou/checkpoints/megnet_Vc_trial_1401_best_state.pt,"{'learning_rate': 0.0008350513837489207, 'lr_reduce': 0.6}",TPESampler,COMPLETE
1402,0.13414233922958374,2025-04-26 15:29:32.796696,2025-04-26 15:30:05.368669,0 days 00:00:32.571973,1,62,342,135.0,330.0,438.0,4,37,0.2437139145121836,0.001098729226249842,0.6,/work3/arnaou/checkpoints/megnet_Vc_trial_1402_best_state.pt,"{'learning_rate': 0.001098729226249842, 'lr_reduce': 0.6}",TPESampler,COMPLETE
1403,0.7583935260772705,2025-04-26 15:29:49.615150,2025-04-26 15:30:00.149324,0 days 00:00:10.534174,1,103,319,512.0,156.0,473.0,4,63,0.1397315936327902,0.0007781377154004415,0.6,/work3/arnaou/checkpoints/megnet_Vc_trial_1403_best_state.pt,"{'learning_rate': 0.0007781377154004415, 'lr_reduce': 0.6}",TPESampler,COMPLETE
1404,0.3810383975505829,2025-04-26 15:29:54.136629,2025-04-26 15:30:27.036293,0 days 00:00:32.899664,1,86,413,461.0,389.0,,3,33,0.2213577893637334,0.000665692216504283,0.6,/work3/arnaou/checkpoints/megnet_Vc_trial_1404_best_state.pt,"{'learning_rate': 0.000665692216504283, 'lr_reduce': 0.6}",TPESampler,COMPLETE
1405,1.4772107601165771,2025-04-26 15:30:00.370646,2025-04-26 15:30:10.035672,0 days 00:00:09.665026,2,109,512,317.0,101.0,367.0,4,76,0.20271328197980282,0.00047402662507075005,0.6,/work3/arnaou/checkpoints/megnet_Vc_trial_1405_best_state.pt,"{'learning_rate': 0.00047402662507075005, 'lr_reduce': 0.6}",TPESampler,COMPLETE
1406,0.29514628648757935,2025-04-26 15:30:05.665238,2025-04-26 15:30:30.825895,0 days 00:00:25.160657,1,83,483,439.0,201.0,,3,82,0.2103037990368628,0.0006636715625215854,0.6,/work3/arnaou/checkpoints/megnet_Vc_trial_1406_best_state.pt,"{'learning_rate': 0.0006636715625215854, 'lr_reduce': 0.6}",TPESampler,COMPLETE
1407,1.8597854375839233,2025-04-26 15:30:10.428173,2025-04-26 15:30:14.208720,0 days 00:00:03.780547,2,95,503,375.0,143.0,511.0,4,58,0.21420387904455684,0.0006189467104239111,0.6,/work3/arnaou/checkpoints/megnet_Vc_trial_1407_best_state.pt,"{'learning_rate': 0.0006189467104239111, 'lr_reduce': 0.6}",TPESampler,COMPLETE
1408,0.8231329321861267,2025-04-26 15:30:14.426634,2025-04-26 15:30:23.305417,0 days 00:00:08.878783,1,69,451,474.0,243.0,437.0,4,71,0.24889175719252832,0.001493281691784125,0.6,/work3/arnaou/checkpoints/megnet_Vc_trial_1408_best_state.pt,"{'learning_rate': 0.001493281691784125, 'lr_reduce': 0.6}",TPESampler,COMPLETE
1409,0.4839816093444824,2025-04-26 15:30:23.541186,2025-04-26 15:30:39.999538,0 days 00:00:16.458352,1,83,303,408.0,100.0,275.0,4,64,0.15082545550350804,0.0017240419335926363,0.6,/work3/arnaou/checkpoints/megnet_Vc_trial_1409_best_state.pt,"{'learning_rate': 0.0017240419335926363, 'lr_reduce': 0.6}",TPESampler,COMPLETE
1410,0.191508948802948,2025-04-26 15:30:27.275121,2025-04-26 15:30:58.387774,0 days 00:00:31.112653,1,81,471,446.0,190.0,,3,61,0.19482159305296923,0.0003322401987198168,0.6,/work3/arnaou/checkpoints/megnet_Vc_trial_1410_best_state.pt,"{'learning_rate': 0.0003322401987198168, 'lr_reduce': 0.6}",TPESampler,COMPLETE
1411,0.11478783935308456,2025-04-26 15:30:31.052745,2025-04-26 15:31:01.676906,0 days 00:00:30.624161,1,66,422,148.0,145.0,510.0,4,38,0.23810556140544892,0.001449835101216289,0.6,/work3/arnaou/checkpoints/megnet_Vc_trial_1411_best_state.pt,"{'learning_rate': 0.001449835101216289, 'lr_reduce': 0.6}",TPESampler,COMPLETE
1412,1.8626991510391235,2025-04-26 15:30:40.234431,2025-04-26 15:30:43.924142,0 days 00:00:03.689711,2,68,336,370.0,334.0,431.0,4,63,0.20923911699276349,0.00041696007724985963,0.6,/work3/arnaou/checkpoints/megnet_Vc_trial_1412_best_state.pt,"{'learning_rate': 0.00041696007724985963, 'lr_reduce': 0.6}",TPESampler,COMPLETE
1413,1.8605769872665405,2025-04-26 15:30:44.160841,2025-04-26 15:30:47.998738,0 days 00:00:03.837897,1,46,493,476.0,258.0,475.0,4,56,0.1815021125265727,0.0003958381674992292,0.6,/work3/arnaou/checkpoints/megnet_Vc_trial_1413_best_state.pt,"{'learning_rate': 0.0003958381674992292, 'lr_reduce': 0.6}",TPESampler,COMPLETE
1414,0.17392109334468842,2025-04-26 15:30:48.261354,2025-04-26 15:31:15.332233,0 days 00:00:27.070879,1,74,418,414.0,213.0,,3,55,0.23418356228432852,0.0017679823238435273,0.6,/work3/arnaou/checkpoints/megnet_Vc_trial_1414_best_state.pt,"{'learning_rate': 0.0017679823238435273, 'lr_reduce': 0.6}",TPESampler,COMPLETE
1415,0.16496960818767548,2025-04-26 15:30:58.640604,2025-04-26 15:31:27.789186,0 days 00:00:29.148582,1,70,384,356.0,168.0,,3,65,0.1902645700972406,0.0011183318537076503,0.6,/work3/arnaou/checkpoints/megnet_Vc_trial_1415_best_state.pt,"{'learning_rate': 0.0011183318537076503, 'lr_reduce': 0.6}",TPESampler,COMPLETE
1416,1.3998291492462158,2025-04-26 15:31:01.944809,2025-04-26 15:31:41.327562,0 days 00:00:39.382753,3,115,421,151.0,138.0,504.0,4,110,0.02117922671927569,0.000144755666037452,0.6,/work3/arnaou/checkpoints/megnet_Vc_trial_1416_best_state.pt,"{'learning_rate': 0.000144755666037452, 'lr_reduce': 0.6}",TPESampler,COMPLETE
1417,1.8182600736618042,2025-04-26 15:31:15.577494,2025-04-26 15:31:19.541688,0 days 00:00:03.964194,2,74,380,134.0,140.0,510.0,4,56,0.23837072988487149,0.002495515301570472,0.6,/work3/arnaou/checkpoints/megnet_Vc_trial_1417_best_state.pt,"{'learning_rate': 0.002495515301570472, 'lr_reduce': 0.6}",TPESampler,COMPLETE
1418,1.864996075630188,2025-04-26 15:31:19.812038,2025-04-26 15:31:23.677143,0 days 00:00:03.865105,1,112,429,162.0,133.0,511.0,4,69,0.23195648079687609,0.00041424059469579154,0.6,/work3/arnaou/checkpoints/megnet_Vc_trial_1418_best_state.pt,"{'learning_rate': 0.00041424059469579154, 'lr_reduce': 0.6}",TPESampler,COMPLETE
1419,0.2972900867462158,2025-04-26 15:31:23.918064,2025-04-26 15:31:44.149603,0 days 00:00:20.231539,1,70,407,148.0,153.0,,3,35,0.21434249340556563,0.0016069338687254417,0.6,/work3/arnaou/checkpoints/megnet_Vc_trial_1419_best_state.pt,"{'learning_rate': 0.0016069338687254417, 'lr_reduce': 0.6}",TPESampler,COMPLETE
1420,0.27731481194496155,2025-04-26 15:31:28.028795,2025-04-26 15:32:00.305609,0 days 00:00:32.276814,1,116,220,106.0,,,2,120,0.24387634077836404,0.001024407710540033,0.6,/work3/arnaou/checkpoints/megnet_Vc_trial_1420_best_state.pt,"{'learning_rate': 0.001024407710540033, 'lr_reduce': 0.6}",TPESampler,COMPLETE
1421,1.8387662172317505,2025-04-26 15:31:41.534177,2025-04-26 15:31:45.427142,0 days 00:00:03.892965,2,57,446,174.0,104.0,510.0,4,44,0.2206914560051415,0.001787966335594889,0.6,/work3/arnaou/checkpoints/megnet_Vc_trial_1421_best_state.pt,"{'learning_rate': 0.001787966335594889, 'lr_reduce': 0.6}",TPESampler,COMPLETE
1422,1.857611894607544,2025-04-26 15:31:44.375771,2025-04-26 15:31:48.292538,0 days 00:00:03.916767,1,76,162,110.0,159.0,,3,47,0.24564336130523484,0.0005056193170913806,0.6,/work3/arnaou/checkpoints/megnet_Vc_trial_1422_best_state.pt,"{'learning_rate': 0.0005056193170913806, 'lr_reduce': 0.6}",TPESampler,COMPLETE
1423,0.1536828726530075,2025-04-26 15:31:45.662574,2025-04-26 15:32:11.334464,0 days 00:00:25.671890,1,65,487,108.0,119.0,478.0,4,61,0.20157012095909332,0.0007362621694522375,0.6,/work3/arnaou/checkpoints/megnet_Vc_trial_1423_best_state.pt,"{'learning_rate': 0.0007362621694522375, 'lr_reduce': 0.6}",TPESampler,COMPLETE
1424,0.12065412104129791,2025-04-26 15:31:48.532535,2025-04-26 15:32:18.986781,0 days 00:00:30.454246,1,64,416,137.0,169.0,477.0,4,43,0.19044860704929628,0.0008365071596140046,0.6,/work3/arnaou/checkpoints/megnet_Vc_trial_1424_best_state.pt,"{'learning_rate': 0.0008365071596140046, 'lr_reduce': 0.6}",TPESampler,COMPLETE
1425,0.4451908767223358,2025-04-26 15:32:00.539956,2025-04-26 15:32:12.126798,0 days 00:00:11.586842,1,51,441,155.0,106.0,,3,53,0.22461407553277696,0.0012827711237670307,0.6,/work3/arnaou/checkpoints/megnet_Vc_trial_1425_best_state.pt,"{'learning_rate': 0.0012827711237670307, 'lr_reduce': 0.6}",TPESampler,COMPLETE
