number,value,datetime_start,datetime_complete,duration,params_final_dropout,params_mlp_dim_00,params_mlp_dim_01,params_mlp_dim_02,params_mlp_dim_03,params_mlp_n_layers,params_train_learning_rate,params_train_lr_reduce,user_attrs_best_state_dict_path,user_attrs_training_params,system_attrs_auto:sampler,state
1718,0.05553223192691803,2025-04-26 01:05:29.736208,2025-04-26 01:05:42.718149,0 days 00:00:12.981941,0.008998279959600482,48,224,,,2,0.0062010573130473505,0.6,checkpoints/mlp_Vc_trial_1718_best_state.pt,"{'learning_rate': 0.0062010573130473505, 'lr_reduce': 0.6}",TPESampler,COMPLETE
1719,0.03941885754466057,2025-04-26 01:05:30.365183,2025-04-26 01:05:44.643665,0 days 00:00:14.278482,0.015785474562933315,32,128,,,2,0.008363936933487349,0.6,checkpoints/mlp_Vc_trial_1719_best_state.pt,"{'learning_rate': 0.008363936933487349, 'lr_reduce': 0.6}",TPESampler,COMPLETE
1720,0.05573567748069763,2025-04-26 01:05:34.196113,2025-04-26 01:05:47.706869,0 days 00:00:13.510756,0.07534588363080001,48,96,,,2,0.009874879789225407,0.6,checkpoints/mlp_Vc_trial_1720_best_state.pt,"{'learning_rate': 0.009874879789225407, 'lr_reduce': 0.6}",TPESampler,COMPLETE
1721,0.04761558026075363,2025-04-26 01:05:43.076934,2025-04-26 01:05:55.743359,0 days 00:00:12.666425,0.024428919167518888,32,128,,,2,0.007885773296540206,0.6,checkpoints/mlp_Vc_trial_1721_best_state.pt,"{'learning_rate': 0.007885773296540206, 'lr_reduce': 0.6}",TPESampler,COMPLETE
1722,0.13933046162128448,2025-04-26 01:05:44.998631,2025-04-26 01:06:17.526256,0 days 00:00:32.527625,0.16679471426988055,240,32,,,2,0.0004756096139830038,0.6,checkpoints/mlp_Vc_trial_1722_best_state.pt,"{'learning_rate': 0.0004756096139830038, 'lr_reduce': 0.6}",TPESampler,COMPLETE
1723,0.07039798051118851,2025-04-26 01:05:48.052340,2025-04-26 01:05:57.331859,0 days 00:00:09.279519,0.0694172168446718,96,144,,,2,0.00880251368849563,0.6,checkpoints/mlp_Vc_trial_1723_best_state.pt,"{'learning_rate': 0.00880251368849563, 'lr_reduce': 0.6}",TPESampler,COMPLETE
1724,0.06810741871595383,2025-04-26 01:05:56.234904,2025-04-26 01:06:10.735560,0 days 00:00:14.500656,0.05401999303746659,64,192,,,2,0.003331101894691662,0.6,checkpoints/mlp_Vc_trial_1724_best_state.pt,"{'learning_rate': 0.003331101894691662, 'lr_reduce': 0.6}",TPESampler,COMPLETE
1725,0.04624991863965988,2025-04-26 01:05:57.718688,2025-04-26 01:06:16.347715,0 days 00:00:18.629027,0.01701663688409297,32,160,,,2,0.005641582878327871,0.6,checkpoints/mlp_Vc_trial_1725_best_state.pt,"{'learning_rate': 0.005641582878327871, 'lr_reduce': 0.6}",TPESampler,COMPLETE
1726,0.0912330150604248,2025-04-26 01:06:11.287741,2025-04-26 01:06:25.284899,0 days 00:00:13.997158,0.023814842188845435,144,112,,,2,0.009831585804915104,0.6,checkpoints/mlp_Vc_trial_1726_best_state.pt,"{'learning_rate': 0.009831585804915104, 'lr_reduce': 0.6}",TPESampler,COMPLETE
1727,0.06986533850431442,2025-04-26 01:06:16.713691,2025-04-26 01:06:25.971474,0 days 00:00:09.257783,0.009703337298618928,64,112,,,2,0.008747347886369322,0.6,checkpoints/mlp_Vc_trial_1727_best_state.pt,"{'learning_rate': 0.008747347886369322, 'lr_reduce': 0.6}",TPESampler,COMPLETE
1728,0.0723196491599083,2025-04-26 01:06:17.896089,2025-04-26 01:06:47.625699,0 days 00:00:29.729610,0.0040266245296040545,48,192,,,2,0.001879747907324085,0.6,checkpoints/mlp_Vc_trial_1728_best_state.pt,"{'learning_rate': 0.001879747907324085, 'lr_reduce': 0.6}",TPESampler,COMPLETE
1729,0.054295364767313004,2025-04-26 01:06:25.626100,2025-04-26 01:06:38.024497,0 days 00:00:12.398397,0.0531293908785792,48,144,,,2,0.007746180602139238,0.6,checkpoints/mlp_Vc_trial_1729_best_state.pt,"{'learning_rate': 0.007746180602139238, 'lr_reduce': 0.6}",TPESampler,COMPLETE
1730,0.04463053494691849,2025-04-26 01:06:26.358983,2025-04-26 01:06:39.123132,0 days 00:00:12.764149,0.043764469439423415,32,160,,,2,0.007724771343856629,0.6,checkpoints/mlp_Vc_trial_1730_best_state.pt,"{'learning_rate': 0.007724771343856629, 'lr_reduce': 0.6}",TPESampler,COMPLETE
1731,0.030525289475917816,2025-04-26 01:06:38.428554,2025-04-26 01:06:53.379436,0 days 00:00:14.950882,0.0005810199054064138,32,128,240.0,128.0,4,0.0036395072010987984,0.6,checkpoints/mlp_Vc_trial_1731_best_state.pt,"{'learning_rate': 0.0036395072010987984, 'lr_reduce': 0.6}",TPESampler,COMPLETE
1732,0.08627110719680786,2025-04-26 01:06:39.556289,2025-04-26 01:06:51.059863,0 days 00:00:11.503574,0.040148400350745905,112,208,,,2,0.006882797215581079,0.6,checkpoints/mlp_Vc_trial_1732_best_state.pt,"{'learning_rate': 0.006882797215581079, 'lr_reduce': 0.6}",TPESampler,COMPLETE
1733,0.08140912652015686,2025-04-26 01:06:47.985210,2025-04-26 01:07:30.460888,0 days 00:00:42.475678,0.0001001269464274944,128,240,,,2,0.006645636826940566,0.6,checkpoints/mlp_Vc_trial_1733_best_state.pt,"{'learning_rate': 0.006645636826940566, 'lr_reduce': 0.6}",TPESampler,COMPLETE
1734,0.06435319781303406,2025-04-26 01:06:51.414277,2025-04-26 01:07:11.079001,0 days 00:00:19.664724,0.025085534452180862,32,144,240.0,,3,0.0010045268103745922,0.6,checkpoints/mlp_Vc_trial_1734_best_state.pt,"{'learning_rate': 0.0010045268103745922, 'lr_reduce': 0.6}",TPESampler,COMPLETE
1735,0.0593460276722908,2025-04-26 01:06:53.783547,2025-04-26 01:07:32.904269,0 days 00:00:39.120722,0.0026406878278167224,48,176,,,2,0.005813021296398007,0.6,checkpoints/mlp_Vc_trial_1735_best_state.pt,"{'learning_rate': 0.005813021296398007, 'lr_reduce': 0.6}",TPESampler,COMPLETE
1736,0.04894892871379852,2025-04-26 01:07:11.410219,2025-04-26 01:07:24.021878,0 days 00:00:12.611659,0.006189423735023699,64,400,,,2,0.006825431949980007,0.6,checkpoints/mlp_Vc_trial_1736_best_state.pt,"{'learning_rate': 0.006825431949980007, 'lr_reduce': 0.6}",TPESampler,COMPLETE
1737,0.0563962422311306,2025-04-26 01:07:24.388598,2025-04-26 01:07:33.671676,0 days 00:00:09.283078,0.028965751658928125,80,176,,,2,0.00981203942910129,0.6,checkpoints/mlp_Vc_trial_1737_best_state.pt,"{'learning_rate': 0.00981203942910129, 'lr_reduce': 0.6}",TPESampler,COMPLETE
1738,0.05476557835936546,2025-04-26 01:07:30.833401,2025-04-26 01:07:39.296562,0 days 00:00:08.463161,0.030192344883020757,32,144,208.0,208.0,4,0.0036891677872083464,0.6,checkpoints/mlp_Vc_trial_1738_best_state.pt,"{'learning_rate': 0.0036891677872083464, 'lr_reduce': 0.6}",TPESampler,COMPLETE
1739,0.06830798089504242,2025-04-26 01:07:33.302822,2025-04-26 01:07:50.299470,0 days 00:00:16.996648,0.02648763513122579,96,192,,,2,0.00913994858339456,0.6,checkpoints/mlp_Vc_trial_1739_best_state.pt,"{'learning_rate': 0.00913994858339456, 'lr_reduce': 0.6}",TPESampler,COMPLETE
1740,0.05063037946820259,2025-04-26 01:07:34.003856,2025-04-26 01:07:43.126909,0 days 00:00:09.123053,0.000982786736393959,48,96,176.0,192.0,4,0.002892399532889542,0.6,checkpoints/mlp_Vc_trial_1740_best_state.pt,"{'learning_rate': 0.002892399532889542, 'lr_reduce': 0.6}",TPESampler,COMPLETE
1741,0.07401696592569351,2025-04-26 01:07:39.606766,2025-04-26 01:07:55.313821,0 days 00:00:15.707055,0.007465519089087627,160,176,208.0,144.0,4,0.003179394323213077,0.6,checkpoints/mlp_Vc_trial_1741_best_state.pt,"{'learning_rate': 0.003179394323213077, 'lr_reduce': 0.6}",TPESampler,COMPLETE
1742,0.04966429993510246,2025-04-26 01:07:43.590421,2025-04-26 01:07:58.450666,0 days 00:00:14.860245,0.007332812061338357,32,128,224.0,176.0,4,0.003640879812686037,0.6,checkpoints/mlp_Vc_trial_1742_best_state.pt,"{'learning_rate': 0.003640879812686037, 'lr_reduce': 0.6}",TPESampler,COMPLETE
1743,0.06365644931793213,2025-04-26 01:07:50.847605,2025-04-26 01:08:03.906117,0 days 00:00:13.058512,0.03489635123144098,112,32,160.0,128.0,4,0.0031270561400244404,0.6,checkpoints/mlp_Vc_trial_1743_best_state.pt,"{'learning_rate': 0.0031270561400244404, 'lr_reduce': 0.6}",TPESampler,COMPLETE
1744,0.0696568563580513,2025-04-26 01:07:55.751958,2025-04-26 01:08:07.269326,0 days 00:00:11.517368,0.008085340292099872,128,112,224.0,144.0,4,0.005634298714445998,0.6,checkpoints/mlp_Vc_trial_1744_best_state.pt,"{'learning_rate': 0.005634298714445998, 'lr_reduce': 0.6}",TPESampler,COMPLETE
1745,0.06591469794511795,2025-04-26 01:07:58.890127,2025-04-26 01:08:15.888200,0 days 00:00:16.998073,0.022140409301187,96,128,224.0,144.0,4,0.0016730003304832482,0.6,checkpoints/mlp_Vc_trial_1745_best_state.pt,"{'learning_rate': 0.0016730003304832482, 'lr_reduce': 0.6}",TPESampler,COMPLETE
1746,0.0499483086168766,2025-04-26 01:08:04.258408,2025-04-26 01:08:18.017704,0 days 00:00:13.759296,0.012037392573829912,112,176,224.0,112.0,4,0.002918226951059184,0.6,checkpoints/mlp_Vc_trial_1746_best_state.pt,"{'learning_rate': 0.002918226951059184, 'lr_reduce': 0.6}",TPESampler,COMPLETE
1747,0.03576298803091049,2025-04-26 01:08:07.803237,2025-04-26 01:08:19.689342,0 days 00:00:11.886105,0.0005004904391656701,48,80,256.0,288.0,4,0.005049996888905533,0.6,checkpoints/mlp_Vc_trial_1747_best_state.pt,"{'learning_rate': 0.005049996888905533, 'lr_reduce': 0.6}",TPESampler,COMPLETE
1748,0.03602445125579834,2025-04-26 01:08:16.268066,2025-04-26 01:08:27.914311,0 days 00:00:11.646245,0.027490487875216102,32,96,160.0,128.0,4,0.004907937475232076,0.6,checkpoints/mlp_Vc_trial_1748_best_state.pt,"{'learning_rate': 0.004907937475232076, 'lr_reduce': 0.6}",TPESampler,COMPLETE
1749,0.051317743957042694,2025-04-26 01:08:18.437653,2025-04-26 01:08:31.075351,0 days 00:00:12.637698,0.011280011611240811,32,64,224.0,112.0,4,0.004688955309189913,0.6,checkpoints/mlp_Vc_trial_1749_best_state.pt,"{'learning_rate': 0.004688955309189913, 'lr_reduce': 0.6}",TPESampler,COMPLETE
1750,0.15612785518169403,2025-04-26 01:08:20.093898,2025-04-26 01:08:52.657947,0 days 00:00:32.564049,0.0827367699115586,320,496,240.0,,3,0.00017169364567767078,0.6,checkpoints/mlp_Vc_trial_1750_best_state.pt,"{'learning_rate': 0.00017169364567767078, 'lr_reduce': 0.6}",TPESampler,COMPLETE
1751,0.04877079278230667,2025-04-26 01:08:28.301413,2025-04-26 01:08:40.474013,0 days 00:00:12.172600,0.03368388650283981,32,224,256.0,112.0,4,0.002593186348155932,0.6,checkpoints/mlp_Vc_trial_1751_best_state.pt,"{'learning_rate': 0.002593186348155932, 'lr_reduce': 0.6}",TPESampler,COMPLETE
1752,0.07140354067087173,2025-04-26 01:08:31.606688,2025-04-26 01:08:47.244479,0 days 00:00:15.637791,0.012593640076012979,64,112,192.0,176.0,4,0.0011412622970965556,0.6,checkpoints/mlp_Vc_trial_1752_best_state.pt,"{'learning_rate': 0.0011412622970965556, 'lr_reduce': 0.6}",TPESampler,COMPLETE
1753,0.0477425754070282,2025-04-26 01:08:40.875228,2025-04-26 01:08:52.442699,0 days 00:00:11.567471,0.008545480773576763,32,96,256.0,96.0,4,0.0024561559646748775,0.6,checkpoints/mlp_Vc_trial_1753_best_state.pt,"{'learning_rate': 0.0024561559646748775, 'lr_reduce': 0.6}",TPESampler,COMPLETE
1754,0.06840182840824127,2025-04-26 01:08:47.648571,2025-04-26 01:08:58.203093,0 days 00:00:10.554522,0.009915060464485497,128,208,256.0,80.0,4,0.004658416590434766,0.6,checkpoints/mlp_Vc_trial_1754_best_state.pt,"{'learning_rate': 0.004658416590434766, 'lr_reduce': 0.6}",TPESampler,COMPLETE
1755,0.14957168698310852,2025-04-26 01:08:52.784249,2025-04-26 01:09:52.192433,0 days 00:00:59.408184,0.18786146480130533,512,112,272.0,,3,0.00010800939244531208,0.6,checkpoints/mlp_Vc_trial_1755_best_state.pt,"{'learning_rate': 0.00010800939244531208, 'lr_reduce': 0.6}",TPESampler,COMPLETE
1756,0.03939075022935867,2025-04-26 01:08:53.055334,2025-04-26 01:09:05.059905,0 days 00:00:12.004571,0.003546504846575886,96,32,256.0,80.0,4,0.004740205622995269,0.6,checkpoints/mlp_Vc_trial_1756_best_state.pt,"{'learning_rate': 0.004740205622995269, 'lr_reduce': 0.6}",TPESampler,COMPLETE
1757,0.05371047183871269,2025-04-26 01:08:58.512907,2025-04-26 01:09:11.972416,0 days 00:00:13.459509,0.010080945858070008,32,96,272.0,224.0,4,0.004792730981627792,0.6,checkpoints/mlp_Vc_trial_1757_best_state.pt,"{'learning_rate': 0.004792730981627792, 'lr_reduce': 0.6}",TPESampler,COMPLETE
1758,0.07581942528486252,2025-04-26 01:09:05.444538,2025-04-26 01:09:24.487537,0 days 00:00:19.042999,0.03118876527481925,32,32,192.0,128.0,4,0.001187780435742251,0.6,checkpoints/mlp_Vc_trial_1758_best_state.pt,"{'learning_rate': 0.001187780435742251, 'lr_reduce': 0.6}",TPESampler,COMPLETE
1759,0.05326373130083084,2025-04-26 01:09:12.613979,2025-04-26 01:09:26.121391,0 days 00:00:13.507412,0.0033277889180962743,48,32,272.0,,3,0.005527204119909743,0.6,checkpoints/mlp_Vc_trial_1759_best_state.pt,"{'learning_rate': 0.005527204119909743, 'lr_reduce': 0.6}",TPESampler,COMPLETE
1760,0.06656011939048767,2025-04-26 01:09:24.957131,2025-04-26 01:09:35.777598,0 days 00:00:10.820467,0.0627753364185728,32,112,208.0,80.0,4,0.0027921249353092294,0.6,checkpoints/mlp_Vc_trial_1760_best_state.pt,"{'learning_rate': 0.0027921249353092294, 'lr_reduce': 0.6}",TPESampler,COMPLETE
1761,0.06606876105070114,2025-04-26 01:09:26.538711,2025-04-26 01:09:37.574367,0 days 00:00:11.035656,0.002957512866495232,80,176,,,2,0.006818985594350988,0.6,checkpoints/mlp_Vc_trial_1761_best_state.pt,"{'learning_rate': 0.006818985594350988, 'lr_reduce': 0.6}",TPESampler,COMPLETE
1762,0.05047962814569473,2025-04-26 01:09:36.130028,2025-04-26 01:09:51.237669,0 days 00:00:15.107641,0.06640807332878725,32,176,,,2,0.006907387731843291,0.6,checkpoints/mlp_Vc_trial_1762_best_state.pt,"{'learning_rate': 0.006907387731843291, 'lr_reduce': 0.6}",TPESampler,COMPLETE
1763,0.12049362063407898,2025-04-26 01:09:37.912867,2025-04-26 01:09:55.593248,0 days 00:00:17.680381,0.1946865988320039,368,512,,,2,0.0011568474020899726,0.6,checkpoints/mlp_Vc_trial_1763_best_state.pt,"{'learning_rate': 0.0011568474020899726, 'lr_reduce': 0.6}",TPESampler,COMPLETE
1764,0.06630030274391174,2025-04-26 01:09:51.575558,2025-04-26 01:10:04.641292,0 days 00:00:13.065734,0.0004767359349231483,96,128,272.0,80.0,4,0.0012885899073593924,0.6,checkpoints/mlp_Vc_trial_1764_best_state.pt,"{'learning_rate': 0.0012885899073593924, 'lr_reduce': 0.6}",TPESampler,COMPLETE
1765,0.05853396654129028,2025-04-26 01:09:52.591440,2025-04-26 01:10:03.003924,0 days 00:00:10.412484,0.03982170051295016,32,32,128.0,160.0,4,0.0028457213687121414,0.6,checkpoints/mlp_Vc_trial_1765_best_state.pt,"{'learning_rate': 0.0028457213687121414, 'lr_reduce': 0.6}",TPESampler,COMPLETE
1766,0.05253184586763382,2025-04-26 01:09:55.988860,2025-04-26 01:10:04.016883,0 days 00:00:08.028023,0.051466872672609236,112,32,288.0,,3,0.009191080254043337,0.6,checkpoints/mlp_Vc_trial_1766_best_state.pt,"{'learning_rate': 0.009191080254043337, 'lr_reduce': 0.6}",TPESampler,COMPLETE
1767,0.04877551272511482,2025-04-26 01:10:03.278555,2025-04-26 01:10:15.228219,0 days 00:00:11.949664,0.0012977043214905367,48,224,208.0,32.0,4,0.0022859456529224927,0.6,checkpoints/mlp_Vc_trial_1767_best_state.pt,"{'learning_rate': 0.0022859456529224927, 'lr_reduce': 0.6}",TPESampler,COMPLETE
1768,0.0576171837747097,2025-04-26 01:10:04.362870,2025-04-26 01:10:17.831797,0 days 00:00:13.468927,0.023269696805164428,48,32,,,2,0.009961303868485625,0.6,checkpoints/mlp_Vc_trial_1768_best_state.pt,"{'learning_rate': 0.009961303868485625, 'lr_reduce': 0.6}",TPESampler,COMPLETE
1769,0.11878752708435059,2025-04-26 01:10:04.971642,2025-04-26 01:11:24.708092,0 days 00:01:19.736450,0.003202712940717556,48,112,,,2,0.00018315520547829917,0.6,checkpoints/mlp_Vc_trial_1769_best_state.pt,"{'learning_rate': 0.00018315520547829917, 'lr_reduce': 0.6}",TPESampler,COMPLETE
1770,0.05158150568604469,2025-04-26 01:10:15.573134,2025-04-26 01:10:25.773077,0 days 00:00:10.199943,0.022004627224504105,48,256,,,2,0.006985917892910678,0.6,checkpoints/mlp_Vc_trial_1770_best_state.pt,"{'learning_rate': 0.006985917892910678, 'lr_reduce': 0.6}",TPESampler,COMPLETE
1771,0.046618495136499405,2025-04-26 01:10:18.198854,2025-04-26 01:10:30.815473,0 days 00:00:12.616619,0.0030108922958179563,32,112,272.0,80.0,4,0.004388844231352754,0.6,checkpoints/mlp_Vc_trial_1771_best_state.pt,"{'learning_rate': 0.004388844231352754, 'lr_reduce': 0.6}",TPESampler,COMPLETE
1772,0.07060234248638153,2025-04-26 01:10:26.128095,2025-04-26 01:10:35.529715,0 days 00:00:09.401620,0.053241418298020635,128,192,288.0,128.0,4,0.002948539046850956,0.6,checkpoints/mlp_Vc_trial_1772_best_state.pt,"{'learning_rate': 0.002948539046850956, 'lr_reduce': 0.6}",TPESampler,COMPLETE
1773,0.04665461927652359,2025-04-26 01:10:31.240049,2025-04-26 01:10:42.313949,0 days 00:00:11.073900,0.0010821470980860177,96,80,288.0,32.0,4,0.00734056052099049,0.6,checkpoints/mlp_Vc_trial_1773_best_state.pt,"{'learning_rate': 0.00734056052099049, 'lr_reduce': 0.6}",TPESampler,COMPLETE
1774,0.06557967513799667,2025-04-26 01:10:35.907454,2025-04-26 01:10:50.680895,0 days 00:00:14.773441,0.007058196595862458,128,48,256.0,80.0,4,0.0027699764745415653,0.6,checkpoints/mlp_Vc_trial_1774_best_state.pt,"{'learning_rate': 0.0027699764745415653, 'lr_reduce': 0.6}",TPESampler,COMPLETE
1775,0.06531263887882233,2025-04-26 01:10:42.778131,2025-04-26 01:10:52.846269,0 days 00:00:10.068138,0.05574461229908652,80,112,224.0,80.0,4,0.0036730157351930817,0.6,checkpoints/mlp_Vc_trial_1775_best_state.pt,"{'learning_rate': 0.0036730157351930817, 'lr_reduce': 0.6}",TPESampler,COMPLETE
1776,0.06997097283601761,2025-04-26 01:10:51.040637,2025-04-26 01:11:00.736111,0 days 00:00:09.695474,0.04068965199467669,96,96,304.0,32.0,4,0.004486158105633561,0.6,checkpoints/mlp_Vc_trial_1776_best_state.pt,"{'learning_rate': 0.004486158105633561, 'lr_reduce': 0.6}",TPESampler,COMPLETE
1777,0.047519855201244354,2025-04-26 01:10:53.370079,2025-04-26 01:11:07.273715,0 days 00:00:13.903636,0.006647103026815973,48,112,288.0,128.0,4,0.003137737700630821,0.6,checkpoints/mlp_Vc_trial_1777_best_state.pt,"{'learning_rate': 0.003137737700630821, 'lr_reduce': 0.6}",TPESampler,COMPLETE
1778,0.06329356133937836,2025-04-26 01:11:01.291027,2025-04-26 01:11:13.577754,0 days 00:00:12.286727,0.03567039437570098,112,32,304.0,176.0,4,0.009407426856521742,0.6,checkpoints/mlp_Vc_trial_1778_best_state.pt,"{'learning_rate': 0.009407426856521742, 'lr_reduce': 0.6}",TPESampler,COMPLETE
1779,0.04114711284637451,2025-04-26 01:11:07.639556,2025-04-26 01:11:21.392704,0 days 00:00:13.753148,0.0003864280261083649,48,32,176.0,80.0,4,0.004521985875032236,0.6,checkpoints/mlp_Vc_trial_1779_best_state.pt,"{'learning_rate': 0.004521985875032236, 'lr_reduce': 0.6}",TPESampler,COMPLETE
1780,0.07442818582057953,2025-04-26 01:11:14.015373,2025-04-26 01:11:27.824183,0 days 00:00:13.808810,0.05861052791314987,48,96,224.0,32.0,4,0.0020478508539837374,0.6,checkpoints/mlp_Vc_trial_1780_best_state.pt,"{'learning_rate': 0.0020478508539837374, 'lr_reduce': 0.6}",TPESampler,COMPLETE
1781,0.055371277034282684,2025-04-26 01:11:21.843952,2025-04-26 01:11:36.154273,0 days 00:00:14.310321,0.0011307650596350386,96,80,304.0,,3,0.009707161110903148,0.6,checkpoints/mlp_Vc_trial_1781_best_state.pt,"{'learning_rate': 0.009707161110903148, 'lr_reduce': 0.6}",TPESampler,COMPLETE
1782,0.043636370450258255,2025-04-26 01:11:25.108474,2025-04-26 01:11:37.415412,0 days 00:00:12.306938,0.0046503830049628315,32,160,240.0,128.0,4,0.002928879986023017,0.6,checkpoints/mlp_Vc_trial_1782_best_state.pt,"{'learning_rate': 0.002928879986023017, 'lr_reduce': 0.6}",TPESampler,COMPLETE
1783,0.04992210119962692,2025-04-26 01:11:28.238120,2025-04-26 01:11:56.734297,0 days 00:00:28.496177,0.02602687797030093,32,160,,,2,0.0035896489803415414,0.6,checkpoints/mlp_Vc_trial_1783_best_state.pt,"{'learning_rate': 0.0035896489803415414, 'lr_reduce': 0.6}",TPESampler,COMPLETE
1784,0.10454889386892319,2025-04-26 01:11:36.687796,2025-04-26 01:11:53.973748,0 days 00:00:17.285952,0.05894173716879848,416,80,304.0,,3,0.0015427706727254543,0.6,checkpoints/mlp_Vc_trial_1784_best_state.pt,"{'learning_rate': 0.0015427706727254543, 'lr_reduce': 0.6}",TPESampler,COMPLETE
1785,0.06360456347465515,2025-04-26 01:11:37.799330,2025-04-26 01:11:44.914803,0 days 00:00:07.115473,0.07434420527913965,32,48,512.0,80.0,4,0.004646773104032337,0.6,checkpoints/mlp_Vc_trial_1785_best_state.pt,"{'learning_rate': 0.004646773104032337, 'lr_reduce': 0.6}",TPESampler,COMPLETE
1786,0.08182712644338608,2025-04-26 01:11:45.350844,2025-04-26 01:11:57.235639,0 days 00:00:11.884795,0.005322437562931011,128,128,256.0,32.0,4,0.002874662629683738,0.6,checkpoints/mlp_Vc_trial_1786_best_state.pt,"{'learning_rate': 0.002874662629683738, 'lr_reduce': 0.6}",TPESampler,COMPLETE
1787,0.06785573810338974,2025-04-26 01:11:54.429798,2025-04-26 01:12:03.772010,0 days 00:00:09.342212,0.012121966527294838,144,32,304.0,,3,0.008745834076180868,0.6,checkpoints/mlp_Vc_trial_1787_best_state.pt,"{'learning_rate': 0.008745834076180868, 'lr_reduce': 0.6}",TPESampler,COMPLETE
1788,0.06324030458927155,2025-04-26 01:11:57.142719,2025-04-26 01:12:11.402216,0 days 00:00:14.259497,0.0006902211602391886,112,96,320.0,80.0,4,0.005049071521139498,0.6,checkpoints/mlp_Vc_trial_1788_best_state.pt,"{'learning_rate': 0.005049071521139498, 'lr_reduce': 0.6}",TPESampler,COMPLETE
1789,0.05274895578622818,2025-04-26 01:11:57.656842,2025-04-26 01:12:10.257622,0 days 00:00:12.600780,0.0009482832104784934,112,96,240.0,128.0,4,0.0072874531795775604,0.6,checkpoints/mlp_Vc_trial_1789_best_state.pt,"{'learning_rate': 0.0072874531795775604, 'lr_reduce': 0.6}",TPESampler,COMPLETE
1790,0.043396130204200745,2025-04-26 01:12:04.159636,2025-04-26 01:12:17.363179,0 days 00:00:13.203543,0.005869444108569431,32,32,128.0,32.0,4,0.008178864558798389,0.6,checkpoints/mlp_Vc_trial_1790_best_state.pt,"{'learning_rate': 0.008178864558798389, 'lr_reduce': 0.6}",TPESampler,COMPLETE
1791,0.22574171423912048,2025-04-26 01:12:10.646574,2025-04-26 01:12:21.073118,0 days 00:00:10.426544,0.264776035081107,80,224,304.0,176.0,4,0.000834833703901801,0.6,checkpoints/mlp_Vc_trial_1791_best_state.pt,"{'learning_rate': 0.000834833703901801, 'lr_reduce': 0.6}",TPESampler,COMPLETE
1792,0.0655897855758667,2025-04-26 01:12:11.874907,2025-04-26 01:12:24.085399,0 days 00:00:12.210492,0.04468899873259518,112,112,256.0,80.0,4,0.003217289713833892,0.6,checkpoints/mlp_Vc_trial_1792_best_state.pt,"{'learning_rate': 0.003217289713833892, 'lr_reduce': 0.6}",TPESampler,COMPLETE
