number,value,datetime_start,datetime_complete,duration,params_final_dropout,params_mlp_dim_00,params_mlp_dim_01,params_mlp_dim_02,params_mlp_dim_03,params_mlp_n_layers,params_train_learning_rate,params_train_lr_reduce,user_attrs_best_state_dict_path,user_attrs_training_params,system_attrs_auto:sampler,state
1346,0.07308623194694519,2025-04-26 00:35:41.535407,2025-04-26 00:35:51.340849,0 days 00:00:09.805442,0.055272592472317146,112,64,304.0,,3,0.009239721425818961,0.6,checkpoints/mlp_Vc_trial_1346_best_state.pt,"{'learning_rate': 0.009239721425818961, 'lr_reduce': 0.6}",TPESampler,COMPLETE
1347,0.0517180860042572,2025-04-26 00:35:44.782939,2025-04-26 00:35:55.458882,0 days 00:00:10.675943,0.004212984809163855,32,128,352.0,,3,0.00636229811078614,0.6,checkpoints/mlp_Vc_trial_1347_best_state.pt,"{'learning_rate': 0.00636229811078614, 'lr_reduce': 0.6}",TPESampler,COMPLETE
1348,0.04294956102967262,2025-04-26 00:35:45.231092,2025-04-26 00:35:55.625610,0 days 00:00:10.394518,0.05580135373481617,32,208,400.0,,3,0.0059008728380433115,0.6,checkpoints/mlp_Vc_trial_1348_best_state.pt,"{'learning_rate': 0.0059008728380433115, 'lr_reduce': 0.6}",TPESampler,COMPLETE
1349,0.07153257727622986,2025-04-26 00:35:51.693002,2025-04-26 00:36:01.126334,0 days 00:00:09.433332,0.05137883368331525,96,32,272.0,32.0,4,0.004054151372685801,0.6,checkpoints/mlp_Vc_trial_1349_best_state.pt,"{'learning_rate': 0.004054151372685801, 'lr_reduce': 0.6}",TPESampler,COMPLETE
1350,0.13305991888046265,2025-04-26 00:35:55.764342,2025-04-26 00:36:11.262990,0 days 00:00:15.498648,0.23623742406010453,64,320,112.0,,3,0.0009745418190534425,0.6,checkpoints/mlp_Vc_trial_1350_best_state.pt,"{'learning_rate': 0.0009745418190534425, 'lr_reduce': 0.6}",TPESampler,COMPLETE
1351,0.03735341504216194,2025-04-26 00:35:55.904122,2025-04-26 00:36:10.280663,0 days 00:00:14.376541,0.007571706683944966,32,144,128.0,,3,0.0053247071245785425,0.6,checkpoints/mlp_Vc_trial_1351_best_state.pt,"{'learning_rate': 0.0053247071245785425, 'lr_reduce': 0.6}",TPESampler,COMPLETE
1352,0.05945195257663727,2025-04-26 00:36:01.471344,2025-04-26 00:36:09.501389,0 days 00:00:08.030045,0.047296750085668054,32,96,336.0,,3,0.0039788143595368905,0.6,checkpoints/mlp_Vc_trial_1352_best_state.pt,"{'learning_rate': 0.0039788143595368905, 'lr_reduce': 0.6}",TPESampler,COMPLETE
1353,0.07699428498744965,2025-04-26 00:36:09.905864,2025-04-26 00:36:23.386967,0 days 00:00:13.481103,0.008371209375118331,128,144,416.0,,3,0.009769695989647807,0.6,checkpoints/mlp_Vc_trial_1353_best_state.pt,"{'learning_rate': 0.009769695989647807, 'lr_reduce': 0.6}",TPESampler,COMPLETE
1354,0.08193206042051315,2025-04-26 00:36:10.619787,2025-04-26 00:36:23.487662,0 days 00:00:12.867875,0.05496666958154061,96,48,368.0,128.0,4,0.008520333516649483,0.6,checkpoints/mlp_Vc_trial_1354_best_state.pt,"{'learning_rate': 0.008520333516649483, 'lr_reduce': 0.6}",TPESampler,COMPLETE
1355,0.04096468165516853,2025-04-26 00:36:11.607542,2025-04-26 00:36:22.480638,0 days 00:00:10.873096,0.0013711276031953242,48,32,320.0,80.0,4,0.006614708108622345,0.6,checkpoints/mlp_Vc_trial_1355_best_state.pt,"{'learning_rate': 0.006614708108622345, 'lr_reduce': 0.6}",TPESampler,COMPLETE
1356,0.07610335946083069,2025-04-26 00:36:22.993073,2025-04-26 00:36:34.056051,0 days 00:00:11.062978,0.0013889320956675852,96,176,464.0,,3,0.0026607719318259464,0.6,checkpoints/mlp_Vc_trial_1356_best_state.pt,"{'learning_rate': 0.0026607719318259464, 'lr_reduce': 0.6}",TPESampler,COMPLETE
1357,0.039656948298215866,2025-04-26 00:36:23.666427,2025-04-26 00:36:40.939766,0 days 00:00:17.273339,0.0049354477593823495,32,128,384.0,,3,0.002497480359480937,0.6,checkpoints/mlp_Vc_trial_1357_best_state.pt,"{'learning_rate': 0.002497480359480937, 'lr_reduce': 0.6}",TPESampler,COMPLETE
1358,0.15432263910770416,2025-04-26 00:36:23.781428,2025-04-26 00:37:23.350259,0 days 00:00:59.568831,0.2934054702064923,240,480,,,2,0.00011691155572842642,0.6,checkpoints/mlp_Vc_trial_1358_best_state.pt,"{'learning_rate': 0.00011691155572842642, 'lr_reduce': 0.6}",TPESampler,COMPLETE
1359,0.0394379161298275,2025-04-26 00:36:34.440894,2025-04-26 00:36:47.547665,0 days 00:00:13.106771,0.0065886342200614555,32,96,224.0,,3,0.003814503230139077,0.6,checkpoints/mlp_Vc_trial_1359_best_state.pt,"{'learning_rate': 0.003814503230139077, 'lr_reduce': 0.6}",TPESampler,COMPLETE
1360,0.08093167841434479,2025-04-26 00:36:41.281643,2025-04-26 00:36:51.904600,0 days 00:00:10.622957,0.06267592538539905,112,272,304.0,32.0,4,0.00974610812786829,0.6,checkpoints/mlp_Vc_trial_1360_best_state.pt,"{'learning_rate': 0.00974610812786829, 'lr_reduce': 0.6}",TPESampler,COMPLETE
1361,0.07496745139360428,2025-04-26 00:36:47.918632,2025-04-26 00:36:58.316584,0 days 00:00:10.397952,0.05945653560194166,96,96,416.0,80.0,4,0.0034570901412448963,0.6,checkpoints/mlp_Vc_trial_1361_best_state.pt,"{'learning_rate': 0.0034570901412448963, 'lr_reduce': 0.6}",TPESampler,COMPLETE
1362,0.08917173743247986,2025-04-26 00:36:52.362341,2025-04-26 00:37:01.735796,0 days 00:00:09.373455,0.14353022197227397,240,160,368.0,,3,0.004862931068901874,0.6,checkpoints/mlp_Vc_trial_1362_best_state.pt,"{'learning_rate': 0.004862931068901874, 'lr_reduce': 0.6}",TPESampler,COMPLETE
1363,0.04220791533589363,2025-04-26 00:36:58.652644,2025-04-26 00:37:11.459454,0 days 00:00:12.806810,0.013194305376660827,32,160,336.0,128.0,4,0.003690047180388729,0.6,checkpoints/mlp_Vc_trial_1363_best_state.pt,"{'learning_rate': 0.003690047180388729, 'lr_reduce': 0.6}",TPESampler,COMPLETE
1364,0.05007912963628769,2025-04-26 00:37:02.125452,2025-04-26 00:37:14.498408,0 days 00:00:12.372956,0.005027967698267526,112,80,272.0,,3,0.004877231836302928,0.6,checkpoints/mlp_Vc_trial_1364_best_state.pt,"{'learning_rate': 0.004877231836302928, 'lr_reduce': 0.6}",TPESampler,COMPLETE
1365,0.06646538525819778,2025-04-26 00:37:11.935857,2025-04-26 00:37:24.516847,0 days 00:00:12.580990,0.013533460613359624,144,32,416.0,,3,0.005344241484311734,0.6,checkpoints/mlp_Vc_trial_1365_best_state.pt,"{'learning_rate': 0.005344241484311734, 'lr_reduce': 0.6}",TPESampler,COMPLETE
1366,0.06799427419900894,2025-04-26 00:37:14.900301,2025-04-26 00:37:22.961539,0 days 00:00:08.061238,0.005326744671614981,144,96,368.0,32.0,4,0.0041795079600033735,0.6,checkpoints/mlp_Vc_trial_1366_best_state.pt,"{'learning_rate': 0.0041795079600033735, 'lr_reduce': 0.6}",TPESampler,COMPLETE
1367,0.10313139855861664,2025-04-26 00:37:23.266735,2025-04-26 00:37:37.666649,0 days 00:00:14.399914,0.00229831116741977,448,368,480.0,80.0,4,0.001438333030572075,0.6,checkpoints/mlp_Vc_trial_1367_best_state.pt,"{'learning_rate': 0.001438333030572075, 'lr_reduce': 0.6}",TPESampler,COMPLETE
1368,0.039373453706502914,2025-04-26 00:37:23.812472,2025-04-26 00:37:35.955131,0 days 00:00:12.142659,0.03894455782635309,32,176,336.0,,3,0.0037432486846607016,0.6,checkpoints/mlp_Vc_trial_1368_best_state.pt,"{'learning_rate': 0.0037432486846607016, 'lr_reduce': 0.6}",TPESampler,COMPLETE
1369,0.04773331433534622,2025-04-26 00:37:24.996326,2025-04-26 00:37:38.338282,0 days 00:00:13.341956,0.004996440136426114,32,80,400.0,,3,0.0064412695638797635,0.6,checkpoints/mlp_Vc_trial_1369_best_state.pt,"{'learning_rate': 0.0064412695638797635, 'lr_reduce': 0.6}",TPESampler,COMPLETE
1370,0.04866934195160866,2025-04-26 00:37:36.274557,2025-04-26 00:37:47.247392,0 days 00:00:10.972835,0.05568255891092071,32,112,320.0,128.0,4,0.004314689948259001,0.6,checkpoints/mlp_Vc_trial_1370_best_state.pt,"{'learning_rate': 0.004314689948259001, 'lr_reduce': 0.6}",TPESampler,COMPLETE
1371,0.06399563699960709,2025-04-26 00:37:37.994829,2025-04-26 00:37:50.553865,0 days 00:00:12.559036,0.006057764798775936,80,32,368.0,,3,0.008027144576820291,0.6,checkpoints/mlp_Vc_trial_1371_best_state.pt,"{'learning_rate': 0.008027144576820291, 'lr_reduce': 0.6}",TPESampler,COMPLETE
1372,0.04350615665316582,2025-04-26 00:37:38.657929,2025-04-26 00:37:53.065186,0 days 00:00:14.407257,0.012649952342562634,32,208,432.0,,3,0.008765925587427998,0.6,checkpoints/mlp_Vc_trial_1372_best_state.pt,"{'learning_rate': 0.008765925587427998, 'lr_reduce': 0.6}",TPESampler,COMPLETE
1373,0.058316878974437714,2025-04-26 00:37:47.623763,2025-04-26 00:37:59.136665,0 days 00:00:11.512902,0.03888842316558138,32,128,272.0,32.0,4,0.008194374755028865,0.6,checkpoints/mlp_Vc_trial_1373_best_state.pt,"{'learning_rate': 0.008194374755028865, 'lr_reduce': 0.6}",TPESampler,COMPLETE
1374,0.044366613030433655,2025-04-26 00:37:50.895442,2025-04-26 00:38:01.579087,0 days 00:00:10.683645,0.05620354720436948,32,64,368.0,,3,0.0046646687301926055,0.6,checkpoints/mlp_Vc_trial_1374_best_state.pt,"{'learning_rate': 0.0046646687301926055, 'lr_reduce': 0.6}",TPESampler,COMPLETE
1375,0.048057783395051956,2025-04-26 00:37:53.496855,2025-04-26 00:38:02.906725,0 days 00:00:09.409870,0.018382953757859595,32,32,320.0,,3,0.0099991015716298,0.6,checkpoints/mlp_Vc_trial_1375_best_state.pt,"{'learning_rate': 0.0099991015716298, 'lr_reduce': 0.6}",TPESampler,COMPLETE
1376,0.0464637391269207,2025-04-26 00:37:59.742220,2025-04-26 00:38:11.602421,0 days 00:00:11.860201,0.002589304415454699,48,256,432.0,,3,0.003869004522402459,0.6,checkpoints/mlp_Vc_trial_1376_best_state.pt,"{'learning_rate': 0.003869004522402459, 'lr_reduce': 0.6}",TPESampler,COMPLETE
1377,0.05395472049713135,2025-04-26 00:38:02.011942,2025-04-26 00:38:15.568192,0 days 00:00:13.556250,0.0010039174989812955,128,32,384.0,384.0,4,0.002227543176831402,0.6,checkpoints/mlp_Vc_trial_1377_best_state.pt,"{'learning_rate': 0.002227543176831402, 'lr_reduce': 0.6}",TPESampler,COMPLETE
1378,0.07674795389175415,2025-04-26 00:38:03.197288,2025-04-26 00:38:13.398769,0 days 00:00:10.201481,0.09797999783310257,112,144,288.0,,3,0.006662796593921292,0.6,checkpoints/mlp_Vc_trial_1378_best_state.pt,"{'learning_rate': 0.006662796593921292, 'lr_reduce': 0.6}",TPESampler,COMPLETE
1379,0.06301357597112656,2025-04-26 00:38:11.942357,2025-04-26 00:38:32.378483,0 days 00:00:20.436126,0.0022054229694924493,96,32,352.0,80.0,4,0.004529487802506151,0.6,checkpoints/mlp_Vc_trial_1379_best_state.pt,"{'learning_rate': 0.004529487802506151, 'lr_reduce': 0.6}",TPESampler,COMPLETE
1380,0.06829860806465149,2025-04-26 00:38:13.703732,2025-04-26 00:38:35.985025,0 days 00:00:22.281293,0.003380204592778381,64,176,400.0,,3,0.0009708275993269651,0.6,checkpoints/mlp_Vc_trial_1380_best_state.pt,"{'learning_rate': 0.0009708275993269651, 'lr_reduce': 0.6}",TPESampler,COMPLETE
1381,0.043399378657341,2025-04-26 00:38:15.896319,2025-04-26 00:38:25.769440,0 days 00:00:09.873121,0.01776417109614358,32,96,464.0,80.0,4,0.003027650712231691,0.6,checkpoints/mlp_Vc_trial_1381_best_state.pt,"{'learning_rate': 0.003027650712231691, 'lr_reduce': 0.6}",TPESampler,COMPLETE
1382,0.18876256048679352,2025-04-26 00:38:26.220241,2025-04-26 00:38:43.988352,0 days 00:00:17.768111,0.27681346495870746,80,432,336.0,144.0,4,0.0003822748143883721,0.6,checkpoints/mlp_Vc_trial_1382_best_state.pt,"{'learning_rate': 0.0003822748143883721, 'lr_reduce': 0.6}",TPESampler,COMPLETE
1383,0.12681572139263153,2025-04-26 00:38:32.770300,2025-04-26 00:38:49.625190,0 days 00:00:16.854890,0.12665432322205514,512,496,,,2,0.0034129989708303263,0.6,checkpoints/mlp_Vc_trial_1383_best_state.pt,"{'learning_rate': 0.0034129989708303263, 'lr_reduce': 0.6}",TPESampler,COMPLETE
1384,0.04285110905766487,2025-04-26 00:38:36.354020,2025-04-26 00:38:46.603081,0 days 00:00:10.249061,0.013871192429109253,32,32,224.0,32.0,4,0.00966274642767684,0.6,checkpoints/mlp_Vc_trial_1384_best_state.pt,"{'learning_rate': 0.00966274642767684, 'lr_reduce': 0.6}",TPESampler,COMPLETE
1385,0.06547635048627853,2025-04-26 00:38:44.384446,2025-04-26 00:38:53.687392,0 days 00:00:09.302946,0.04660969933653038,112,96,384.0,,3,0.002684236990209507,0.6,checkpoints/mlp_Vc_trial_1385_best_state.pt,"{'learning_rate': 0.002684236990209507, 'lr_reduce': 0.6}",TPESampler,COMPLETE
1386,0.05773423612117767,2025-04-26 00:38:46.947826,2025-04-26 00:38:56.908739,0 days 00:00:09.960913,0.003068946261689436,96,112,304.0,,3,0.0039019026198583743,0.6,checkpoints/mlp_Vc_trial_1386_best_state.pt,"{'learning_rate': 0.0039019026198583743, 'lr_reduce': 0.6}",TPESampler,COMPLETE
1387,0.1650649756193161,2025-04-26 00:38:49.938543,2025-04-26 00:39:31.556043,0 days 00:00:41.617500,0.2340797038065457,512,128,,,2,0.0001957079550352147,0.6,checkpoints/mlp_Vc_trial_1387_best_state.pt,"{'learning_rate': 0.0001957079550352147, 'lr_reduce': 0.6}",TPESampler,COMPLETE
1388,0.07401728630065918,2025-04-26 00:38:54.028154,2025-04-26 00:39:08.719364,0 days 00:00:14.691210,0.0018991331988184746,80,112,432.0,,3,0.0014693954538137167,0.6,checkpoints/mlp_Vc_trial_1388_best_state.pt,"{'learning_rate': 0.0014693954538137167, 'lr_reduce': 0.6}",TPESampler,COMPLETE
1389,0.160080686211586,2025-04-26 00:38:57.329828,2025-04-26 00:39:29.201548,0 days 00:00:31.871720,0.07938802252125275,496,352,368.0,80.0,4,0.00013522115585006168,0.6,checkpoints/mlp_Vc_trial_1389_best_state.pt,"{'learning_rate': 0.00013522115585006168, 'lr_reduce': 0.6}",TPESampler,COMPLETE
1390,0.061533067375421524,2025-04-26 00:39:09.127679,2025-04-26 00:39:20.522029,0 days 00:00:11.394350,0.004287799002789604,128,128,336.0,,3,0.009557380367349455,0.6,checkpoints/mlp_Vc_trial_1390_best_state.pt,"{'learning_rate': 0.009557380367349455, 'lr_reduce': 0.6}",TPESampler,COMPLETE
1391,0.04759155958890915,2025-04-26 00:39:20.827444,2025-04-26 00:39:32.677175,0 days 00:00:11.849731,0.00022294508591718526,48,32,256.0,144.0,4,0.004356571760758576,0.6,checkpoints/mlp_Vc_trial_1391_best_state.pt,"{'learning_rate': 0.004356571760758576, 'lr_reduce': 0.6}",TPESampler,COMPLETE
1392,0.083216093480587,2025-04-26 00:39:29.535959,2025-04-26 00:39:37.217198,0 days 00:00:07.681239,0.044315172299013786,112,32,400.0,,3,0.007259873849014382,0.6,checkpoints/mlp_Vc_trial_1392_best_state.pt,"{'learning_rate': 0.007259873849014382, 'lr_reduce': 0.6}",TPESampler,COMPLETE
1393,0.04005923122167587,2025-04-26 00:39:31.855798,2025-04-26 00:39:41.696829,0 days 00:00:09.841031,0.036066871689695836,32,128,304.0,,3,0.007673610015885346,0.6,checkpoints/mlp_Vc_trial_1393_best_state.pt,"{'learning_rate': 0.007673610015885346, 'lr_reduce': 0.6}",TPESampler,COMPLETE
1394,0.046034909784793854,2025-04-26 00:39:33.029318,2025-04-26 00:39:44.784909,0 days 00:00:11.755591,0.012054178360017546,32,128,352.0,,3,0.004847837783096797,0.6,checkpoints/mlp_Vc_trial_1394_best_state.pt,"{'learning_rate': 0.004847837783096797, 'lr_reduce': 0.6}",TPESampler,COMPLETE
1395,0.10700171440839767,2025-04-26 00:39:37.571538,2025-04-26 00:39:46.520498,0 days 00:00:08.948960,0.2265883194667754,128,368,,,2,0.005670471881032439,0.6,checkpoints/mlp_Vc_trial_1395_best_state.pt,"{'learning_rate': 0.005670471881032439, 'lr_reduce': 0.6}",TPESampler,COMPLETE
1396,0.14112061262130737,2025-04-26 00:39:42.005211,2025-04-26 00:40:33.619693,0 days 00:00:51.614482,0.291076097116208,128,128,,,2,0.00024030259578040905,0.6,checkpoints/mlp_Vc_trial_1396_best_state.pt,"{'learning_rate': 0.00024030259578040905, 'lr_reduce': 0.6}",TPESampler,COMPLETE
1397,0.0657549798488617,2025-04-26 00:39:45.173889,2025-04-26 00:39:55.959637,0 days 00:00:10.785748,0.06099598557458194,96,144,480.0,,3,0.004012096681099819,0.6,checkpoints/mlp_Vc_trial_1397_best_state.pt,"{'learning_rate': 0.004012096681099819, 'lr_reduce': 0.6}",TPESampler,COMPLETE
1398,0.05851813778281212,2025-04-26 00:39:46.954935,2025-04-26 00:40:01.788861,0 days 00:00:14.833926,0.0013246025013931347,80,224,400.0,,3,0.003910090446934447,0.6,checkpoints/mlp_Vc_trial_1398_best_state.pt,"{'learning_rate': 0.003910090446934447, 'lr_reduce': 0.6}",TPESampler,COMPLETE
1399,0.05310255289077759,2025-04-26 00:39:56.272779,2025-04-26 00:40:11.659255,0 days 00:00:15.386476,0.00456631278524005,32,32,352.0,32.0,4,0.0018890762548722131,0.6,checkpoints/mlp_Vc_trial_1399_best_state.pt,"{'learning_rate': 0.0018890762548722131, 'lr_reduce': 0.6}",TPESampler,COMPLETE
1400,0.04319901391863823,2025-04-26 00:40:02.164786,2025-04-26 00:40:13.297410,0 days 00:00:11.132624,0.0028921881425330587,32,48,432.0,,3,0.008665866869944052,0.6,checkpoints/mlp_Vc_trial_1400_best_state.pt,"{'learning_rate': 0.008665866869944052, 'lr_reduce': 0.6}",TPESampler,COMPLETE
1401,0.06308495253324509,2025-04-26 00:40:12.164628,2025-04-26 00:40:22.780761,0 days 00:00:10.616133,0.002175727563871743,112,128,288.0,,3,0.006969554873978679,0.6,checkpoints/mlp_Vc_trial_1401_best_state.pt,"{'learning_rate': 0.006969554873978679, 'lr_reduce': 0.6}",TPESampler,COMPLETE
1402,0.04840655252337456,2025-04-26 00:40:13.664240,2025-04-26 00:40:25.818142,0 days 00:00:12.153902,0.013578376983869565,32,160,384.0,,3,0.009871037898186517,0.6,checkpoints/mlp_Vc_trial_1402_best_state.pt,"{'learning_rate': 0.009871037898186517, 'lr_reduce': 0.6}",TPESampler,COMPLETE
1403,0.04020114615559578,2025-04-26 00:40:23.156374,2025-04-26 00:40:37.914885,0 days 00:00:14.758511,0.004607357160088783,32,32,336.0,480.0,4,0.0027300054471197485,0.6,checkpoints/mlp_Vc_trial_1403_best_state.pt,"{'learning_rate': 0.0027300054471197485, 'lr_reduce': 0.6}",TPESampler,COMPLETE
1404,0.06608160585165024,2025-04-26 00:40:26.090688,2025-04-26 00:40:37.670449,0 days 00:00:11.579761,0.036290254333486247,96,128,416.0,80.0,4,0.008530604738328335,0.6,checkpoints/mlp_Vc_trial_1404_best_state.pt,"{'learning_rate': 0.008530604738328335, 'lr_reduce': 0.6}",TPESampler,COMPLETE
1405,0.06492643058300018,2025-04-26 00:40:33.943360,2025-04-26 00:40:47.425112,0 days 00:00:13.481752,0.0009267833928853428,96,144,256.0,,3,0.004371247030500982,0.6,checkpoints/mlp_Vc_trial_1405_best_state.pt,"{'learning_rate': 0.004371247030500982, 'lr_reduce': 0.6}",TPESampler,COMPLETE
1406,0.052235983312129974,2025-04-26 00:40:38.011861,2025-04-26 00:40:54.379392,0 days 00:00:16.367531,0.04364753675150686,32,144,368.0,288.0,4,0.0077110026173569084,0.6,checkpoints/mlp_Vc_trial_1406_best_state.pt,"{'learning_rate': 0.0077110026173569084, 'lr_reduce': 0.6}",TPESampler,COMPLETE
1407,0.0641687884926796,2025-04-26 00:40:38.271917,2025-04-26 00:40:45.031216,0 days 00:00:06.759299,0.09360466189701674,32,80,304.0,,3,0.009724588877311079,0.6,checkpoints/mlp_Vc_trial_1407_best_state.pt,"{'learning_rate': 0.009724588877311079, 'lr_reduce': 0.6}",TPESampler,COMPLETE
1408,0.048930857330560684,2025-04-26 00:40:45.366130,2025-04-26 00:40:55.094940,0 days 00:00:09.728810,0.03701683744353226,32,176,464.0,,3,0.003292696176426243,0.6,checkpoints/mlp_Vc_trial_1408_best_state.pt,"{'learning_rate': 0.003292696176426243, 'lr_reduce': 0.6}",TPESampler,COMPLETE
1409,0.05525756999850273,2025-04-26 00:40:47.799743,2025-04-26 00:40:59.064546,0 days 00:00:11.264803,0.033513627884565814,112,128,352.0,80.0,4,0.005603759349993861,0.6,checkpoints/mlp_Vc_trial_1409_best_state.pt,"{'learning_rate': 0.005603759349993861, 'lr_reduce': 0.6}",TPESampler,COMPLETE
1410,0.04878774285316467,2025-04-26 00:40:54.723452,2025-04-26 00:41:08.619013,0 days 00:00:13.895561,0.04388287118812698,32,80,400.0,,3,0.0019616295088676085,0.6,checkpoints/mlp_Vc_trial_1410_best_state.pt,"{'learning_rate': 0.0019616295088676085, 'lr_reduce': 0.6}",TPESampler,COMPLETE
1411,0.08647485822439194,2025-04-26 00:40:55.440604,2025-04-26 00:41:13.920675,0 days 00:00:18.480071,0.07390452174968805,64,160,320.0,,3,0.0007540095148663863,0.6,checkpoints/mlp_Vc_trial_1411_best_state.pt,"{'learning_rate': 0.0007540095148663863, 'lr_reduce': 0.6}",TPESampler,COMPLETE
1412,0.06447923928499222,2025-04-26 00:40:59.380274,2025-04-26 00:41:08.471718,0 days 00:00:09.091444,0.0441009881952267,96,96,384.0,,3,0.004343059005248152,0.6,checkpoints/mlp_Vc_trial_1412_best_state.pt,"{'learning_rate': 0.004343059005248152, 'lr_reduce': 0.6}",TPESampler,COMPLETE
1413,0.03416043892502785,2025-04-26 00:41:08.860465,2025-04-26 00:41:24.867721,0 days 00:00:16.007256,0.003278501919333189,32,80,208.0,32.0,4,0.004177835048088358,0.6,checkpoints/mlp_Vc_trial_1413_best_state.pt,"{'learning_rate': 0.004177835048088358, 'lr_reduce': 0.6}",TPESampler,COMPLETE
1414,0.06817878782749176,2025-04-26 00:41:08.989781,2025-04-26 00:41:24.468231,0 days 00:00:15.478450,0.07077828632289097,32,32,32.0,,3,0.0052244763518401825,0.6,checkpoints/mlp_Vc_trial_1414_best_state.pt,"{'learning_rate': 0.0052244763518401825, 'lr_reduce': 0.6}",TPESampler,COMPLETE
1415,0.06539669632911682,2025-04-26 00:41:14.249735,2025-04-26 00:41:23.743017,0 days 00:00:09.493282,0.04509502838187861,112,128,432.0,144.0,4,0.002337014511135947,0.6,checkpoints/mlp_Vc_trial_1415_best_state.pt,"{'learning_rate': 0.002337014511135947, 'lr_reduce': 0.6}",TPESampler,COMPLETE
1416,0.06071338802576065,2025-04-26 00:41:24.113162,2025-04-26 00:41:37.440706,0 days 00:00:13.327544,0.018760814508863945,32,32,336.0,,3,0.0031837406275848643,0.6,checkpoints/mlp_Vc_trial_1416_best_state.pt,"{'learning_rate': 0.0031837406275848643, 'lr_reduce': 0.6}",TPESampler,COMPLETE
1417,0.13425907492637634,2025-04-26 00:41:24.803856,2025-04-26 00:41:40.817625,0 days 00:00:16.013769,0.1577132901243523,240,48,256.0,32.0,4,0.000761135978118753,0.6,checkpoints/mlp_Vc_trial_1417_best_state.pt,"{'learning_rate': 0.000761135978118753, 'lr_reduce': 0.6}",TPESampler,COMPLETE
1418,0.05429621413350105,2025-04-26 00:41:25.211667,2025-04-26 00:41:39.884007,0 days 00:00:14.672340,0.002506950084351742,64,80,144.0,32.0,4,0.0037266382798210327,0.6,checkpoints/mlp_Vc_trial_1418_best_state.pt,"{'learning_rate': 0.0037266382798210327, 'lr_reduce': 0.6}",TPESampler,COMPLETE
1419,0.04401986300945282,2025-04-26 00:41:37.956129,2025-04-26 00:41:49.457775,0 days 00:00:11.501646,0.001076100822944008,64,192,224.0,32.0,4,0.0036648476353039047,0.6,checkpoints/mlp_Vc_trial_1419_best_state.pt,"{'learning_rate': 0.0036648476353039047, 'lr_reduce': 0.6}",TPESampler,COMPLETE
