number,value,datetime_start,datetime_complete,duration,params_final_dropout,params_mlp_dim_00,params_mlp_dim_01,params_mlp_dim_02,params_mlp_dim_03,params_mlp_n_layers,params_train_learning_rate,params_train_lr_reduce,user_attrs_best_state_dict_path,user_attrs_training_params,system_attrs_auto:sampler,state
1942,0.06814228743314743,2025-04-26 01:23:46.563384,2025-04-26 01:24:05.459153,0 days 00:00:18.895769,0.05655015555329938,32,192,176.0,,3,0.0006534011533992284,0.6,checkpoints/mlp_Vc_trial_1942_best_state.pt,"{'learning_rate': 0.0006534011533992284, 'lr_reduce': 0.6}",TPESampler,COMPLETE
1943,0.08722735196352005,2025-04-26 01:23:53.975460,2025-04-26 01:24:06.166735,0 days 00:00:12.191275,0.0024705912378956262,96,224,400.0,,3,0.0019201343356472411,0.6,checkpoints/mlp_Vc_trial_1943_best_state.pt,"{'learning_rate': 0.0019201343356472411, 'lr_reduce': 0.6}",TPESampler,COMPLETE
1944,0.06379299610853195,2025-04-26 01:24:05.846868,2025-04-26 01:24:25.272123,0 days 00:00:19.425255,0.0017623568309064921,32,112,32.0,112.0,4,0.009353829139041843,0.6,checkpoints/mlp_Vc_trial_1944_best_state.pt,"{'learning_rate': 0.009353829139041843, 'lr_reduce': 0.6}",TPESampler,COMPLETE
1945,0.060928136110305786,2025-04-26 01:24:06.582211,2025-04-26 01:24:21.478954,0 days 00:00:14.896743,0.033932691293878145,32,160,336.0,,3,0.009854079974453117,0.6,checkpoints/mlp_Vc_trial_1945_best_state.pt,"{'learning_rate': 0.009854079974453117, 'lr_reduce': 0.6}",TPESampler,COMPLETE
1946,0.058099038898944855,2025-04-26 01:24:16.029607,2025-04-26 01:24:28.538668,0 days 00:00:12.509061,0.05456638510383181,32,128,464.0,,3,0.008475561982190866,0.6,checkpoints/mlp_Vc_trial_1946_best_state.pt,"{'learning_rate': 0.008475561982190866, 'lr_reduce': 0.6}",TPESampler,COMPLETE
1947,0.03427450358867645,2025-04-26 01:24:21.862072,2025-04-26 01:24:37.790240,0 days 00:00:15.928168,0.0023977896287002798,32,48,304.0,80.0,4,0.0033591029856383475,0.6,checkpoints/mlp_Vc_trial_1947_best_state.pt,"{'learning_rate': 0.0033591029856383475, 'lr_reduce': 0.6}",TPESampler,COMPLETE
1948,0.06728925555944443,2025-04-26 01:24:25.713029,2025-04-26 01:24:34.040608,0 days 00:00:08.327579,0.04338613069858349,112,96,240.0,464.0,4,0.0028204569723395386,0.6,checkpoints/mlp_Vc_trial_1948_best_state.pt,"{'learning_rate': 0.0028204569723395386, 'lr_reduce': 0.6}",TPESampler,COMPLETE
1949,0.051473453640937805,2025-04-26 01:24:28.906486,2025-04-26 01:24:39.464006,0 days 00:00:10.557520,0.0274109290085437,32,112,368.0,,3,0.00891223435642643,0.6,checkpoints/mlp_Vc_trial_1949_best_state.pt,"{'learning_rate': 0.00891223435642643, 'lr_reduce': 0.6}",TPESampler,COMPLETE
1950,0.09557150304317474,2025-04-26 01:24:34.531616,2025-04-26 01:24:45.876472,0 days 00:00:11.344856,0.12772025053482444,464,176,432.0,32.0,4,0.001982179413520604,0.6,checkpoints/mlp_Vc_trial_1950_best_state.pt,"{'learning_rate': 0.001982179413520604, 'lr_reduce': 0.6}",TPESampler,COMPLETE
1951,0.05062258616089821,2025-04-26 01:24:38.223020,2025-04-26 01:24:52.471175,0 days 00:00:14.248155,0.0007985958880773365,64,32,336.0,64.0,4,0.002162090545154936,0.6,checkpoints/mlp_Vc_trial_1951_best_state.pt,"{'learning_rate': 0.002162090545154936, 'lr_reduce': 0.6}",TPESampler,COMPLETE
1952,0.05298075079917908,2025-04-26 01:24:39.879919,2025-04-26 01:24:52.050964,0 days 00:00:12.171045,0.025867747429632337,32,48,336.0,32.0,4,0.0030847669850687103,0.6,checkpoints/mlp_Vc_trial_1952_best_state.pt,"{'learning_rate': 0.0030847669850687103, 'lr_reduce': 0.6}",TPESampler,COMPLETE
1953,0.03541626036167145,2025-04-26 01:24:46.312473,2025-04-26 01:25:02.327672,0 days 00:00:16.015199,0.0016815568008550653,32,144,,,2,0.009573522302759613,0.6,checkpoints/mlp_Vc_trial_1953_best_state.pt,"{'learning_rate': 0.009573522302759613, 'lr_reduce': 0.6}",TPESampler,COMPLETE
1954,0.08395638316869736,2025-04-26 01:24:52.402538,2025-04-26 01:25:07.099213,0 days 00:00:14.696675,0.03990238958070501,64,128,368.0,80.0,4,0.0008774422886481346,0.6,checkpoints/mlp_Vc_trial_1954_best_state.pt,"{'learning_rate': 0.0008774422886481346, 'lr_reduce': 0.6}",TPESampler,COMPLETE
1955,0.036148082464933395,2025-04-26 01:24:52.844512,2025-04-26 01:25:09.742257,0 days 00:00:16.897745,0.006085467145572612,32,192,400.0,,3,0.003950172778094566,0.6,checkpoints/mlp_Vc_trial_1955_best_state.pt,"{'learning_rate': 0.003950172778094566, 'lr_reduce': 0.6}",TPESampler,COMPLETE
1956,0.047338321805000305,2025-04-26 01:25:02.727843,2025-04-26 01:25:17.685274,0 days 00:00:14.957431,0.003333052244387622,128,32,320.0,80.0,4,0.002933667733367573,0.6,checkpoints/mlp_Vc_trial_1956_best_state.pt,"{'learning_rate': 0.002933667733367573, 'lr_reduce': 0.6}",TPESampler,COMPLETE
1957,0.0645526647567749,2025-04-26 01:25:07.463371,2025-04-26 01:25:21.738621,0 days 00:00:14.275250,0.005751804237608431,48,192,368.0,32.0,4,0.0013925461463250896,0.6,checkpoints/mlp_Vc_trial_1957_best_state.pt,"{'learning_rate': 0.0013925461463250896, 'lr_reduce': 0.6}",TPESampler,COMPLETE
1958,0.04753310605883598,2025-04-26 01:25:10.114269,2025-04-26 01:25:23.712122,0 days 00:00:13.597853,0.023882119918757827,32,160,320.0,80.0,4,0.0018752642621101628,0.6,checkpoints/mlp_Vc_trial_1958_best_state.pt,"{'learning_rate': 0.0018752642621101628, 'lr_reduce': 0.6}",TPESampler,COMPLETE
1959,0.07709693908691406,2025-04-26 01:25:18.094430,2025-04-26 01:25:29.448627,0 days 00:00:11.354197,0.027017865034230346,96,64,400.0,32.0,4,0.0018605328969122361,0.6,checkpoints/mlp_Vc_trial_1959_best_state.pt,"{'learning_rate': 0.0018605328969122361, 'lr_reduce': 0.6}",TPESampler,COMPLETE
1960,0.09180650860071182,2025-04-26 01:25:22.152829,2025-04-26 01:25:36.192778,0 days 00:00:14.039949,0.06166202468251811,112,32,336.0,,3,0.0017287282320881871,0.6,checkpoints/mlp_Vc_trial_1960_best_state.pt,"{'learning_rate': 0.0017287282320881871, 'lr_reduce': 0.6}",TPESampler,COMPLETE
1961,0.052011407911777496,2025-04-26 01:25:24.105234,2025-04-26 01:25:35.726539,0 days 00:00:11.621305,0.013657281292989844,32,32,368.0,,3,0.0036120289476386323,0.6,checkpoints/mlp_Vc_trial_1961_best_state.pt,"{'learning_rate': 0.0036120289476386323, 'lr_reduce': 0.6}",TPESampler,COMPLETE
1962,0.06791848689317703,2025-04-26 01:25:29.794526,2025-04-26 01:25:43.701757,0 days 00:00:13.907231,0.02511226067713826,80,32,416.0,80.0,4,0.0013846104673902254,0.6,checkpoints/mlp_Vc_trial_1962_best_state.pt,"{'learning_rate': 0.0013846104673902254, 'lr_reduce': 0.6}",TPESampler,COMPLETE
1963,0.05696817487478256,2025-04-26 01:25:36.079628,2025-04-26 01:25:46.492266,0 days 00:00:10.412638,0.00031232041966136864,112,64,304.0,80.0,4,0.00232068705914041,0.6,checkpoints/mlp_Vc_trial_1963_best_state.pt,"{'learning_rate': 0.00232068705914041, 'lr_reduce': 0.6}",TPESampler,COMPLETE
1964,0.07933081686496735,2025-04-26 01:25:36.655145,2025-04-26 01:25:46.415572,0 days 00:00:09.760427,0.0650992734631647,64,32,448.0,32.0,4,0.0026888234592129055,0.6,checkpoints/mlp_Vc_trial_1964_best_state.pt,"{'learning_rate': 0.0026888234592129055, 'lr_reduce': 0.6}",TPESampler,COMPLETE
1965,0.05166923999786377,2025-04-26 01:25:44.042751,2025-04-26 01:25:57.687113,0 days 00:00:13.644362,0.03286331162818107,32,32,368.0,80.0,4,0.0030899107356393554,0.6,checkpoints/mlp_Vc_trial_1965_best_state.pt,"{'learning_rate': 0.0030899107356393554, 'lr_reduce': 0.6}",TPESampler,COMPLETE
1966,0.05788977071642876,2025-04-26 01:25:46.811990,2025-04-26 01:26:01.642167,0 days 00:00:14.830177,0.005728423828738322,64,80,304.0,32.0,4,0.0013254513981853428,0.6,checkpoints/mlp_Vc_trial_1966_best_state.pt,"{'learning_rate': 0.0013254513981853428, 'lr_reduce': 0.6}",TPESampler,COMPLETE
1967,0.035938747227191925,2025-04-26 01:25:46.932026,2025-04-26 01:26:00.634231,0 days 00:00:13.702205,0.0021420748862420826,32,96,352.0,,3,0.0033931354609727134,0.6,checkpoints/mlp_Vc_trial_1967_best_state.pt,"{'learning_rate': 0.0033931354609727134, 'lr_reduce': 0.6}",TPESampler,COMPLETE
1968,0.09865472465753555,2025-04-26 01:25:58.025939,2025-04-26 01:26:10.382182,0 days 00:00:12.356243,0.04982505045471804,448,272,400.0,,3,0.0015654659489417982,0.6,checkpoints/mlp_Vc_trial_1968_best_state.pt,"{'learning_rate': 0.0015654659489417982, 'lr_reduce': 0.6}",TPESampler,COMPLETE
1969,0.11232350021600723,2025-04-26 01:26:01.080428,2025-04-26 01:26:24.889570,0 days 00:00:23.809142,0.0018193781798923336,256,240,304.0,,3,0.0004205684321614114,0.6,checkpoints/mlp_Vc_trial_1969_best_state.pt,"{'learning_rate': 0.0004205684321614114, 'lr_reduce': 0.6}",TPESampler,COMPLETE
1970,0.0585859976708889,2025-04-26 01:26:02.028760,2025-04-26 01:26:10.714907,0 days 00:00:08.686147,0.06274896466280569,32,32,464.0,,3,0.004502265202166173,0.6,checkpoints/mlp_Vc_trial_1970_best_state.pt,"{'learning_rate': 0.004502265202166173, 'lr_reduce': 0.6}",TPESampler,COMPLETE
1971,0.15007074177265167,2025-04-26 01:26:10.787955,2025-04-26 01:26:46.078745,0 days 00:00:35.290790,0.038830516840366994,160,272,352.0,,3,0.00015370970201931928,0.6,checkpoints/mlp_Vc_trial_1971_best_state.pt,"{'learning_rate': 0.00015370970201931928, 'lr_reduce': 0.6}",TPESampler,COMPLETE
1972,0.06990236788988113,2025-04-26 01:26:11.168415,2025-04-26 01:26:22.224874,0 days 00:00:11.056459,0.04855348160167273,192,128,416.0,,3,0.004132566054068345,0.6,checkpoints/mlp_Vc_trial_1972_best_state.pt,"{'learning_rate': 0.004132566054068345, 'lr_reduce': 0.6}",TPESampler,COMPLETE
1973,0.15046051144599915,2025-04-26 01:26:22.639743,2025-04-26 01:27:05.865320,0 days 00:00:43.225577,0.1003450046903861,400,288,272.0,,3,0.00017342416688204728,0.6,checkpoints/mlp_Vc_trial_1973_best_state.pt,"{'learning_rate': 0.00017342416688204728, 'lr_reduce': 0.6}",TPESampler,COMPLETE
1974,0.0733913779258728,2025-04-26 01:26:25.333015,2025-04-26 01:26:37.556424,0 days 00:00:12.223409,0.043035788596686234,112,32,,,2,0.008428792573588674,0.6,checkpoints/mlp_Vc_trial_1974_best_state.pt,"{'learning_rate': 0.008428792573588674, 'lr_reduce': 0.6}",TPESampler,COMPLETE
1975,0.05063268542289734,2025-04-26 01:26:37.953047,2025-04-26 01:26:46.311962,0 days 00:00:08.358915,0.04509924092345379,32,32,336.0,,3,0.006650817093760282,0.6,checkpoints/mlp_Vc_trial_1975_best_state.pt,"{'learning_rate': 0.006650817093760282, 'lr_reduce': 0.6}",TPESampler,COMPLETE
1976,0.09527350217103958,2025-04-26 01:26:46.386700,2025-04-26 01:27:13.833315,0 days 00:00:27.446615,0.168887067732091,48,288,,,2,0.0006281187800140854,0.6,checkpoints/mlp_Vc_trial_1976_best_state.pt,"{'learning_rate': 0.0006281187800140854, 'lr_reduce': 0.6}",TPESampler,COMPLETE
1977,0.12139187753200531,2025-04-26 01:26:46.750305,2025-04-26 01:27:04.616958,0 days 00:00:17.866653,0.046536605288573646,192,128,384.0,,3,0.009354948953248515,0.6,checkpoints/mlp_Vc_trial_1977_best_state.pt,"{'learning_rate': 0.009354948953248515, 'lr_reduce': 0.6}",TPESampler,COMPLETE
1978,0.10515030473470688,2025-04-26 01:27:04.974254,2025-04-26 01:27:34.010266,0 days 00:00:29.036012,0.003262167355733266,128,224,,,2,0.0006345267234139071,0.6,checkpoints/mlp_Vc_trial_1978_best_state.pt,"{'learning_rate': 0.0006345267234139071, 'lr_reduce': 0.6}",TPESampler,COMPLETE
1979,0.0735197365283966,2025-04-26 01:27:06.278728,2025-04-26 01:27:15.718798,0 days 00:00:09.440070,0.000718256726133174,112,96,208.0,80.0,4,0.0015738710287043472,0.6,checkpoints/mlp_Vc_trial_1979_best_state.pt,"{'learning_rate': 0.0015738710287043472, 'lr_reduce': 0.6}",TPESampler,COMPLETE
1980,0.06052214652299881,2025-04-26 01:27:14.193420,2025-04-26 01:27:27.352217,0 days 00:00:13.158797,0.03699986868541837,64,32,304.0,80.0,4,0.0019090156310646957,0.6,checkpoints/mlp_Vc_trial_1980_best_state.pt,"{'learning_rate': 0.0019090156310646957, 'lr_reduce': 0.6}",TPESampler,COMPLETE
1981,0.04469313099980354,2025-04-26 01:27:16.113348,2025-04-26 01:27:28.200363,0 days 00:00:12.087015,0.0016081725385349794,32,48,512.0,32.0,4,0.0027635889141783146,0.6,checkpoints/mlp_Vc_trial_1981_best_state.pt,"{'learning_rate': 0.0027635889141783146, 'lr_reduce': 0.6}",TPESampler,COMPLETE
1982,0.08380676060914993,2025-04-26 01:27:27.744765,2025-04-26 01:27:38.514387,0 days 00:00:10.769622,0.05504657574532038,32,32,384.0,80.0,4,0.002142074907102611,0.6,checkpoints/mlp_Vc_trial_1982_best_state.pt,"{'learning_rate': 0.002142074907102611, 'lr_reduce': 0.6}",TPESampler,COMPLETE
1983,0.04958159849047661,2025-04-26 01:27:28.590930,2025-04-26 01:27:39.038329,0 days 00:00:10.447399,0.05151021101484245,32,112,432.0,32.0,4,0.003963698938498141,0.6,checkpoints/mlp_Vc_trial_1983_best_state.pt,"{'learning_rate': 0.003963698938498141, 'lr_reduce': 0.6}",TPESampler,COMPLETE
1984,0.09309935569763184,2025-04-26 01:27:34.375999,2025-04-26 01:27:46.992867,0 days 00:00:12.616868,0.014522266666455296,128,96,272.0,,3,0.0026213433237455746,0.6,checkpoints/mlp_Vc_trial_1984_best_state.pt,"{'learning_rate': 0.0026213433237455746, 'lr_reduce': 0.6}",TPESampler,COMPLETE
1985,0.07890179008245468,2025-04-26 01:27:38.937280,2025-04-26 01:27:57.264633,0 days 00:00:18.327353,0.02820963935199899,128,176,352.0,,3,0.004381036864377727,0.6,checkpoints/mlp_Vc_trial_1985_best_state.pt,"{'learning_rate': 0.004381036864377727, 'lr_reduce': 0.6}",TPESampler,COMPLETE
1986,0.055854447185993195,2025-04-26 01:27:39.427844,2025-04-26 01:27:54.528319,0 days 00:00:15.100475,0.05385438800531119,112,112,320.0,,3,0.0039653695677085805,0.6,checkpoints/mlp_Vc_trial_1986_best_state.pt,"{'learning_rate': 0.0039653695677085805, 'lr_reduce': 0.6}",TPESampler,COMPLETE
1987,0.0427963025867939,2025-04-26 01:27:47.464565,2025-04-26 01:28:00.887466,0 days 00:00:13.422901,0.0010086268063645527,32,64,384.0,,3,0.009789307488048663,0.6,checkpoints/mlp_Vc_trial_1987_best_state.pt,"{'learning_rate': 0.009789307488048663, 'lr_reduce': 0.6}",TPESampler,COMPLETE
1988,0.046551283448934555,2025-04-26 01:27:54.950959,2025-04-26 01:28:07.299760,0 days 00:00:12.348801,0.002539971470981766,48,48,240.0,512.0,4,0.0021369604660948687,0.6,checkpoints/mlp_Vc_trial_1988_best_state.pt,"{'learning_rate': 0.0021369604660948687, 'lr_reduce': 0.6}",TPESampler,COMPLETE
1989,0.13852085173130035,2025-04-26 01:27:57.764835,2025-04-26 01:28:38.664882,0 days 00:00:40.900047,0.14965287701341395,128,32,336.0,,3,0.00024230319087971002,0.6,checkpoints/mlp_Vc_trial_1989_best_state.pt,"{'learning_rate': 0.00024230319087971002, 'lr_reduce': 0.6}",TPESampler,COMPLETE
1990,0.041362207382917404,2025-04-26 01:28:01.331437,2025-04-26 01:28:12.695695,0 days 00:00:11.364258,0.0023410800281690345,32,256,160.0,80.0,4,0.004387458115609826,0.6,checkpoints/mlp_Vc_trial_1990_best_state.pt,"{'learning_rate': 0.004387458115609826, 'lr_reduce': 0.6}",TPESampler,COMPLETE
1991,0.06199637055397034,2025-04-26 01:28:07.669871,2025-04-26 01:28:16.639496,0 days 00:00:08.969625,0.002105756027154013,96,32,416.0,336.0,4,0.0039399463196628974,0.6,checkpoints/mlp_Vc_trial_1991_best_state.pt,"{'learning_rate': 0.0039399463196628974, 'lr_reduce': 0.6}",TPESampler,COMPLETE
1992,0.056442055851221085,2025-04-26 01:28:13.075127,2025-04-26 01:28:26.102940,0 days 00:00:13.027813,0.04450761463775847,32,128,288.0,,3,0.002198127463113586,0.6,checkpoints/mlp_Vc_trial_1992_best_state.pt,"{'learning_rate': 0.002198127463113586, 'lr_reduce': 0.6}",TPESampler,COMPLETE
1993,0.03780055418610573,2025-04-26 01:28:17.047072,2025-04-26 01:28:30.811396,0 days 00:00:13.764324,0.0006971323550718812,48,32,352.0,,3,0.0062197244269576535,0.6,checkpoints/mlp_Vc_trial_1993_best_state.pt,"{'learning_rate': 0.0062197244269576535, 'lr_reduce': 0.6}",TPESampler,COMPLETE
1994,0.08946898579597473,2025-04-26 01:28:26.433418,2025-04-26 01:28:53.748250,0 days 00:00:27.314832,0.0020073447116729128,64,112,,,2,0.0036246361841881384,0.6,checkpoints/mlp_Vc_trial_1994_best_state.pt,"{'learning_rate': 0.0036246361841881384, 'lr_reduce': 0.6}",TPESampler,COMPLETE
1995,0.08773720264434814,2025-04-26 01:28:31.186030,2025-04-26 01:29:05.525030,0 days 00:00:34.339000,9.905407337074037e-05,32,128,384.0,,3,0.0005662279532150503,0.6,checkpoints/mlp_Vc_trial_1995_best_state.pt,"{'learning_rate': 0.0005662279532150503, 'lr_reduce': 0.6}",TPESampler,COMPLETE
1996,0.06761600822210312,2025-04-26 01:28:39.237368,2025-04-26 01:28:57.805214,0 days 00:00:18.567846,1.804639057752678e-05,128,144,464.0,128.0,4,0.001827330341263359,0.6,checkpoints/mlp_Vc_trial_1996_best_state.pt,"{'learning_rate': 0.001827330341263359, 'lr_reduce': 0.6}",TPESampler,COMPLETE
1997,0.06537573784589767,2025-04-26 01:28:54.174633,2025-04-26 01:29:09.063650,0 days 00:00:14.889017,0.00018698190203814613,128,144,304.0,32.0,4,0.0036027474187257263,0.6,checkpoints/mlp_Vc_trial_1997_best_state.pt,"{'learning_rate': 0.0036027474187257263, 'lr_reduce': 0.6}",TPESampler,COMPLETE
1998,0.05046200007200241,2025-04-26 01:28:58.227081,2025-04-26 01:29:06.821757,0 days 00:00:08.594676,0.053008134602047674,32,96,208.0,80.0,4,0.0046266669739852325,0.6,checkpoints/mlp_Vc_trial_1998_best_state.pt,"{'learning_rate': 0.0046266669739852325, 'lr_reduce': 0.6}",TPESampler,COMPLETE
1999,0.0432913601398468,2025-04-26 01:29:05.931830,2025-04-26 01:29:21.782903,0 days 00:00:15.851073,0.01953043329112867,32,128,256.0,112.0,4,0.0012832566520364311,0.6,checkpoints/mlp_Vc_trial_1999_best_state.pt,"{'learning_rate': 0.0012832566520364311, 'lr_reduce': 0.6}",TPESampler,COMPLETE
2000,0.16730748116970062,2025-04-26 01:29:07.193194,2025-04-26 01:29:21.571298,0 days 00:00:14.378104,0.21590203082231166,304,112,416.0,32.0,4,0.0006908086496110494,0.6,checkpoints/mlp_Vc_trial_2000_best_state.pt,"{'learning_rate': 0.0006908086496110494, 'lr_reduce': 0.6}",TPESampler,COMPLETE
2001,0.19743426144123077,2025-04-26 01:29:09.480418,2025-04-26 01:29:18.223536,0 days 00:00:08.743118,0.17328495296579496,48,48,352.0,80.0,4,0.0011763938105887348,0.6,checkpoints/mlp_Vc_trial_2001_best_state.pt,"{'learning_rate': 0.0011763938105887348, 'lr_reduce': 0.6}",TPESampler,COMPLETE
2002,0.06278887391090393,2025-04-26 01:29:18.643536,2025-04-26 01:29:29.467443,0 days 00:00:10.823907,0.06482128187480472,96,112,320.0,,3,0.004694435131264895,0.6,checkpoints/mlp_Vc_trial_2002_best_state.pt,"{'learning_rate': 0.004694435131264895, 'lr_reduce': 0.6}",TPESampler,COMPLETE
2003,0.03862079977989197,2025-04-26 01:29:21.938550,2025-04-26 01:29:36.190579,0 days 00:00:14.252029,0.04033893879301154,32,96,384.0,,3,0.0022130952631649694,0.6,checkpoints/mlp_Vc_trial_2003_best_state.pt,"{'learning_rate': 0.0022130952631649694, 'lr_reduce': 0.6}",TPESampler,COMPLETE
2004,0.067191943526268,2025-04-26 01:29:22.244514,2025-04-26 01:29:38.364685,0 days 00:00:16.120171,0.003014851114676902,112,128,480.0,,3,0.009505440871940062,0.6,checkpoints/mlp_Vc_trial_2004_best_state.pt,"{'learning_rate': 0.009505440871940062, 'lr_reduce': 0.6}",TPESampler,COMPLETE
2005,0.045391976833343506,2025-04-26 01:29:29.842580,2025-04-26 01:29:41.183818,0 days 00:00:11.341238,0.0013077501179254995,32,32,272.0,112.0,4,0.003076876836311849,0.6,checkpoints/mlp_Vc_trial_2005_best_state.pt,"{'learning_rate': 0.003076876836311849, 'lr_reduce': 0.6}",TPESampler,COMPLETE
2006,0.09178464859724045,2025-04-26 01:29:36.532477,2025-04-26 01:29:48.440759,0 days 00:00:11.908282,0.06455286707239219,112,160,,,2,0.004144310139907349,0.6,checkpoints/mlp_Vc_trial_2006_best_state.pt,"{'learning_rate': 0.004144310139907349, 'lr_reduce': 0.6}",TPESampler,COMPLETE
2007,0.07603757828474045,2025-04-26 01:29:38.780481,2025-04-26 01:30:06.394394,0 days 00:00:27.613913,0.0668113159676099,32,160,,,2,0.0008291426786164592,0.6,checkpoints/mlp_Vc_trial_2007_best_state.pt,"{'learning_rate': 0.0008291426786164592, 'lr_reduce': 0.6}",TPESampler,COMPLETE
2008,0.07999397069215775,2025-04-26 01:29:41.601372,2025-04-26 01:29:58.409848,0 days 00:00:16.808476,0.00010252546220936021,112,224,336.0,,3,0.0036476789918755224,0.6,checkpoints/mlp_Vc_trial_2008_best_state.pt,"{'learning_rate': 0.0036476789918755224, 'lr_reduce': 0.6}",TPESampler,COMPLETE
2009,0.05542432516813278,2025-04-26 01:29:48.789746,2025-04-26 01:30:01.821029,0 days 00:00:13.031283,0.011854844466432564,32,272,,,2,0.004165418617263659,0.6,checkpoints/mlp_Vc_trial_2009_best_state.pt,"{'learning_rate': 0.004165418617263659, 'lr_reduce': 0.6}",TPESampler,COMPLETE
2010,0.1964409500360489,2025-04-26 01:29:58.807549,2025-04-26 01:30:17.935415,0 days 00:00:19.127866,0.2963877090851539,464,288,416.0,32.0,4,0.0007864709474690526,0.6,checkpoints/mlp_Vc_trial_2010_best_state.pt,"{'learning_rate': 0.0007864709474690526, 'lr_reduce': 0.6}",TPESampler,COMPLETE
2011,0.0774693638086319,2025-04-26 01:30:02.257363,2025-04-26 01:30:15.752300,0 days 00:00:13.494937,0.032940172217905246,128,288,368.0,80.0,4,0.005813760227781425,0.6,checkpoints/mlp_Vc_trial_2011_best_state.pt,"{'learning_rate': 0.005813760227781425, 'lr_reduce': 0.6}",TPESampler,COMPLETE
2012,0.06821001321077347,2025-04-26 01:30:06.762363,2025-04-26 01:30:18.855736,0 days 00:00:12.093373,0.00835916572142411,80,208,304.0,,3,0.009369417802576208,0.6,checkpoints/mlp_Vc_trial_2012_best_state.pt,"{'learning_rate': 0.009369417802576208, 'lr_reduce': 0.6}",TPESampler,COMPLETE
2013,0.0568818636238575,2025-04-26 01:30:16.114596,2025-04-26 01:30:30.844474,0 days 00:00:14.729878,0.02409152372447138,96,112,224.0,,3,0.0036086992260277034,0.6,checkpoints/mlp_Vc_trial_2013_best_state.pt,"{'learning_rate': 0.0036086992260277034, 'lr_reduce': 0.6}",TPESampler,COMPLETE
2014,0.07973939925432205,2025-04-26 01:30:18.352931,2025-04-26 01:30:31.123180,0 days 00:00:12.770249,0.057801890833675165,32,112,432.0,128.0,4,0.0016609607006893663,0.6,checkpoints/mlp_Vc_trial_2014_best_state.pt,"{'learning_rate': 0.0016609607006893663, 'lr_reduce': 0.6}",TPESampler,COMPLETE
2015,0.1037960797548294,2025-04-26 01:30:19.189935,2025-04-26 01:30:52.979180,0 days 00:00:33.789245,0.185482130409975,176,384,,,2,0.0004451621974015963,0.6,checkpoints/mlp_Vc_trial_2015_best_state.pt,"{'learning_rate': 0.0004451621974015963, 'lr_reduce': 0.6}",TPESampler,COMPLETE
