number,value,datetime_start,datetime_complete,duration,params_final_dropout,params_mlp_dim_00,params_mlp_dim_01,params_mlp_dim_02,params_mlp_dim_03,params_mlp_n_layers,params_train_learning_rate,params_train_lr_reduce,user_attrs_best_state_dict_path,user_attrs_training_params,system_attrs_auto:sampler,state
2090,0.04307574778795242,2025-04-26 01:37:32.883117,2025-04-26 01:37:50.015207,0 days 00:00:17.132090,0.00681601879081758,32,32,416.0,,3,0.003771748688313788,0.6,checkpoints/mlp_Vc_trial_2090_best_state.pt,"{'learning_rate': 0.003771748688313788, 'lr_reduce': 0.6}",TPESampler,COMPLETE
2091,0.05306064337491989,2025-04-26 01:37:36.655451,2025-04-26 01:37:48.955159,0 days 00:00:12.299708,0.04384819363912227,112,32,240.0,,3,0.008451727251958295,0.6,checkpoints/mlp_Vc_trial_2091_best_state.pt,"{'learning_rate': 0.008451727251958295, 'lr_reduce': 0.6}",TPESampler,COMPLETE
2092,0.09482668340206146,2025-04-26 01:37:49.458437,2025-04-26 01:38:03.100323,0 days 00:00:13.641886,0.08545218147332788,480,48,336.0,128.0,4,0.0014875276806637127,0.6,checkpoints/mlp_Vc_trial_2092_best_state.pt,"{'learning_rate': 0.0014875276806637127, 'lr_reduce': 0.6}",TPESampler,COMPLETE
2093,0.08114210516214371,2025-04-26 01:37:50.196315,2025-04-26 01:38:02.179624,0 days 00:00:11.983309,0.12104178771718926,80,144,368.0,176.0,4,0.0021026844746964294,0.6,checkpoints/mlp_Vc_trial_2093_best_state.pt,"{'learning_rate': 0.0021026844746964294, 'lr_reduce': 0.6}",TPESampler,COMPLETE
2094,0.038174863904714584,2025-04-26 01:37:50.268877,2025-04-26 01:38:03.319574,0 days 00:00:13.050697,0.03831507954717145,32,144,304.0,,3,0.005802560949306448,0.6,checkpoints/mlp_Vc_trial_2094_best_state.pt,"{'learning_rate': 0.005802560949306448, 'lr_reduce': 0.6}",TPESampler,COMPLETE
2095,0.05702417716383934,2025-04-26 01:38:02.708667,2025-04-26 01:38:12.049840,0 days 00:00:09.341173,0.026564520264477375,96,112,272.0,,3,0.009147874950913437,0.6,checkpoints/mlp_Vc_trial_2095_best_state.pt,"{'learning_rate': 0.009147874950913437, 'lr_reduce': 0.6}",TPESampler,COMPLETE
2096,0.21054625511169434,2025-04-26 01:38:03.468255,2025-04-26 01:38:16.343828,0 days 00:00:12.875573,0.27456503352251815,48,144,464.0,,3,0.0007846748101012144,0.6,checkpoints/mlp_Vc_trial_2096_best_state.pt,"{'learning_rate': 0.0007846748101012144, 'lr_reduce': 0.6}",TPESampler,COMPLETE
2097,0.0652269497513771,2025-04-26 01:38:03.678025,2025-04-26 01:38:14.705144,0 days 00:00:11.027119,0.04740500738779395,32,96,,,2,0.006157789932441328,0.6,checkpoints/mlp_Vc_trial_2097_best_state.pt,"{'learning_rate': 0.006157789932441328, 'lr_reduce': 0.6}",TPESampler,COMPLETE
2098,0.04324761778116226,2025-04-26 01:38:12.425226,2025-04-26 01:38:28.370170,0 days 00:00:15.944944,0.0013082724074402708,32,112,368.0,,3,0.006831860263504427,0.6,checkpoints/mlp_Vc_trial_2098_best_state.pt,"{'learning_rate': 0.006831860263504427, 'lr_reduce': 0.6}",TPESampler,COMPLETE
2099,0.25848260521888733,2025-04-26 01:38:15.110805,2025-04-26 01:38:43.317966,0 days 00:00:28.207161,0.2945037492038992,112,304,352.0,112.0,4,0.00024430698758150026,0.6,checkpoints/mlp_Vc_trial_2099_best_state.pt,"{'learning_rate': 0.00024430698758150026, 'lr_reduce': 0.6}",TPESampler,COMPLETE
2100,0.05620085448026657,2025-04-26 01:38:16.717377,2025-04-26 01:38:27.872125,0 days 00:00:11.154748,0.0025322348676072052,208,48,240.0,,3,0.004607338436854545,0.6,checkpoints/mlp_Vc_trial_2100_best_state.pt,"{'learning_rate': 0.004607338436854545, 'lr_reduce': 0.6}",TPESampler,COMPLETE
2101,0.04339985549449921,2025-04-26 01:38:28.258204,2025-04-26 01:38:44.592558,0 days 00:00:16.334354,0.0014089885202212345,64,144,288.0,,3,0.004530577185727484,0.6,checkpoints/mlp_Vc_trial_2101_best_state.pt,"{'learning_rate': 0.004530577185727484, 'lr_reduce': 0.6}",TPESampler,COMPLETE
2102,0.042590804398059845,2025-04-26 01:38:28.979665,2025-04-26 01:38:44.658218,0 days 00:00:15.678553,0.0068274368401181305,32,272,400.0,,3,0.005504728209319953,0.6,checkpoints/mlp_Vc_trial_2102_best_state.pt,"{'learning_rate': 0.005504728209319953, 'lr_reduce': 0.6}",TPESampler,COMPLETE
2103,0.0587071031332016,2025-04-26 01:38:43.681770,2025-04-26 01:38:56.547433,0 days 00:00:12.865663,0.0022072194665252705,112,144,336.0,32.0,4,0.005843792512170499,0.6,checkpoints/mlp_Vc_trial_2103_best_state.pt,"{'learning_rate': 0.005843792512170499, 'lr_reduce': 0.6}",TPESampler,COMPLETE
2104,0.17845983803272247,2025-04-26 01:38:44.968570,2025-04-26 01:40:16.741116,0 days 00:01:31.772546,0.24461311084149845,176,48,,,2,0.0001033595776998846,0.6,checkpoints/mlp_Vc_trial_2104_best_state.pt,"{'learning_rate': 0.0001033595776998846, 'lr_reduce': 0.6}",TPESampler,COMPLETE
2105,0.05229422077536583,2025-04-26 01:38:45.086065,2025-04-26 01:38:58.109979,0 days 00:00:13.023914,0.00353184002878825,64,160,448.0,,3,0.009235505935997238,0.6,checkpoints/mlp_Vc_trial_2105_best_state.pt,"{'learning_rate': 0.009235505935997238, 'lr_reduce': 0.6}",TPESampler,COMPLETE
2106,0.048717763274908066,2025-04-26 01:38:56.899558,2025-04-26 01:39:14.576361,0 days 00:00:17.676803,0.008968392357385753,32,32,368.0,,3,0.004248518398671014,0.6,checkpoints/mlp_Vc_trial_2106_best_state.pt,"{'learning_rate': 0.004248518398671014, 'lr_reduce': 0.6}",TPESampler,COMPLETE
2107,0.17885197699069977,2025-04-26 01:38:58.568540,2025-04-26 01:39:12.786147,0 days 00:00:14.217607,0.26498721665873115,368,288,208.0,,3,0.008369640433622915,0.6,checkpoints/mlp_Vc_trial_2107_best_state.pt,"{'learning_rate': 0.008369640433622915, 'lr_reduce': 0.6}",TPESampler,COMPLETE
2108,0.06399498879909515,2025-04-26 01:39:13.227793,2025-04-26 01:39:26.017040,0 days 00:00:12.789247,0.00035320262025548364,96,128,304.0,80.0,4,0.00399147822150006,0.6,checkpoints/mlp_Vc_trial_2108_best_state.pt,"{'learning_rate': 0.00399147822150006, 'lr_reduce': 0.6}",TPESampler,COMPLETE
2109,0.09862400591373444,2025-04-26 01:39:15.077498,2025-04-26 01:39:26.478788,0 days 00:00:11.401290,0.2882348122116375,512,256,400.0,80.0,4,0.005782236193412472,0.6,checkpoints/mlp_Vc_trial_2109_best_state.pt,"{'learning_rate': 0.005782236193412472, 'lr_reduce': 0.6}",TPESampler,COMPLETE
2110,0.04302544519305229,2025-04-26 01:39:26.401535,2025-04-26 01:39:43.596502,0 days 00:00:17.194967,0.00209480788296102,32,112,336.0,,3,0.0032312395621673182,0.6,checkpoints/mlp_Vc_trial_2110_best_state.pt,"{'learning_rate': 0.0032312395621673182, 'lr_reduce': 0.6}",TPESampler,COMPLETE
2111,0.037927109748125076,2025-04-26 01:39:27.065579,2025-04-26 01:39:42.158871,0 days 00:00:15.093292,0.003192829717919911,32,48,272.0,32.0,4,0.004634901156560574,0.6,checkpoints/mlp_Vc_trial_2111_best_state.pt,"{'learning_rate': 0.004634901156560574, 'lr_reduce': 0.6}",TPESampler,COMPLETE
2112,0.055206846445798874,2025-04-26 01:39:42.510782,2025-04-26 01:39:54.250580,0 days 00:00:11.739798,0.051615354361249886,32,32,,,2,0.009659603811318165,0.6,checkpoints/mlp_Vc_trial_2112_best_state.pt,"{'learning_rate': 0.009659603811318165, 'lr_reduce': 0.6}",TPESampler,COMPLETE
2113,0.06591622531414032,2025-04-26 01:39:44.028542,2025-04-26 01:39:54.286179,0 days 00:00:10.257637,0.04469659279025648,192,96,160.0,128.0,4,0.0044080245996128125,0.6,checkpoints/mlp_Vc_trial_2113_best_state.pt,"{'learning_rate': 0.0044080245996128125, 'lr_reduce': 0.6}",TPESampler,COMPLETE
2114,0.06270091980695724,2025-04-26 01:39:54.632195,2025-04-26 01:40:06.945845,0 days 00:00:12.313650,0.0028796877537841156,48,48,368.0,80.0,4,0.0012243490955639025,0.6,checkpoints/mlp_Vc_trial_2114_best_state.pt,"{'learning_rate': 0.0012243490955639025, 'lr_reduce': 0.6}",TPESampler,COMPLETE
2115,0.5446321964263916,2025-04-26 01:39:54.713012,2025-04-26 01:39:59.590578,0 days 00:00:04.877566,0.20251566842120897,352,416,,,2,0.008044403763135614,0.6,checkpoints/mlp_Vc_trial_2115_best_state.pt,"{'learning_rate': 0.008044403763135614, 'lr_reduce': 0.6}",TPESampler,COMPLETE
2116,0.10776419192552567,2025-04-26 01:40:00.009744,2025-04-26 01:40:11.262517,0 days 00:00:11.252773,0.13044274541612774,96,112,480.0,32.0,4,0.008457191543274178,0.6,checkpoints/mlp_Vc_trial_2116_best_state.pt,"{'learning_rate': 0.008457191543274178, 'lr_reduce': 0.6}",TPESampler,COMPLETE
2117,0.053466301411390305,2025-04-26 01:40:07.352932,2025-04-26 01:40:16.387966,0 days 00:00:09.035034,0.034905038221950374,32,144,432.0,,3,0.005284944812137986,0.6,checkpoints/mlp_Vc_trial_2117_best_state.pt,"{'learning_rate': 0.005284944812137986, 'lr_reduce': 0.6}",TPESampler,COMPLETE
2118,0.055970046669244766,2025-04-26 01:40:11.758931,2025-04-26 01:40:20.564023,0 days 00:00:08.805092,0.06384871440256684,32,32,320.0,176.0,4,0.0048463126199515694,0.6,checkpoints/mlp_Vc_trial_2118_best_state.pt,"{'learning_rate': 0.0048463126199515694, 'lr_reduce': 0.6}",TPESampler,COMPLETE
2119,0.05660049989819527,2025-04-26 01:40:16.760392,2025-04-26 01:40:27.777103,0 days 00:00:11.016711,0.06278023380581522,32,112,240.0,,3,0.009113218353511423,0.6,checkpoints/mlp_Vc_trial_2119_best_state.pt,"{'learning_rate': 0.009113218353511423, 'lr_reduce': 0.6}",TPESampler,COMPLETE
2120,0.05867728218436241,2025-04-26 01:40:17.196953,2025-04-26 01:40:34.695917,0 days 00:00:17.498964,0.09394365154050124,32,96,,,2,0.002540178300420236,0.6,checkpoints/mlp_Vc_trial_2120_best_state.pt,"{'learning_rate': 0.002540178300420236, 'lr_reduce': 0.6}",TPESampler,COMPLETE
2121,0.04262912645936012,2025-04-26 01:40:20.953221,2025-04-26 01:40:35.631084,0 days 00:00:14.677863,0.0029299474388987034,32,96,400.0,,3,0.00933493740011833,0.6,checkpoints/mlp_Vc_trial_2121_best_state.pt,"{'learning_rate': 0.00933493740011833, 'lr_reduce': 0.6}",TPESampler,COMPLETE
2122,0.04405280202627182,2025-04-26 01:40:28.319129,2025-04-26 01:40:48.407407,0 days 00:00:20.088278,0.00017813403162515642,32,240,288.0,,3,0.0032348351072909315,0.6,checkpoints/mlp_Vc_trial_2122_best_state.pt,"{'learning_rate': 0.0032348351072909315, 'lr_reduce': 0.6}",TPESampler,COMPLETE
2123,0.06620452553033829,2025-04-26 01:40:35.314286,2025-04-26 01:40:48.116329,0 days 00:00:12.802043,0.03919493425327082,96,96,368.0,,3,0.006324990955241292,0.6,checkpoints/mlp_Vc_trial_2123_best_state.pt,"{'learning_rate': 0.006324990955241292, 'lr_reduce': 0.6}",TPESampler,COMPLETE
2124,0.04487759992480278,2025-04-26 01:40:36.143616,2025-04-26 01:40:54.096136,0 days 00:00:17.952520,0.003759425520189587,32,96,,,2,0.006228410483998839,0.6,checkpoints/mlp_Vc_trial_2124_best_state.pt,"{'learning_rate': 0.006228410483998839, 'lr_reduce': 0.6}",TPESampler,COMPLETE
2125,0.06382549554109573,2025-04-26 01:40:48.461446,2025-04-26 01:40:57.478402,0 days 00:00:09.016956,0.0331098179065201,112,32,336.0,,3,0.009683540416458488,0.6,checkpoints/mlp_Vc_trial_2125_best_state.pt,"{'learning_rate': 0.009683540416458488, 'lr_reduce': 0.6}",TPESampler,COMPLETE
2126,0.06851271539926529,2025-04-26 01:40:48.881498,2025-04-26 01:41:06.472081,0 days 00:00:17.590583,0.06462556194889237,32,128,400.0,,3,0.0007179416853849925,0.6,checkpoints/mlp_Vc_trial_2126_best_state.pt,"{'learning_rate': 0.0007179416853849925, 'lr_reduce': 0.6}",TPESampler,COMPLETE
2127,0.1469367891550064,2025-04-26 01:40:54.467400,2025-04-26 01:41:15.072986,0 days 00:00:20.605586,0.0805262435587328,128,192,272.0,,3,0.0004859747392546253,0.6,checkpoints/mlp_Vc_trial_2127_best_state.pt,"{'learning_rate': 0.0004859747392546253, 'lr_reduce': 0.6}",TPESampler,COMPLETE
2128,0.03691442310810089,2025-04-26 01:40:57.838816,2025-04-26 01:41:13.417847,0 days 00:00:15.579031,0.0015283304718719864,32,64,320.0,80.0,4,0.001888862100584293,0.6,checkpoints/mlp_Vc_trial_2128_best_state.pt,"{'learning_rate': 0.001888862100584293, 'lr_reduce': 0.6}",TPESampler,COMPLETE
2129,0.08565008640289307,2025-04-26 01:41:06.911227,2025-04-26 01:41:22.746311,0 days 00:00:15.835084,0.05826174547437071,112,80,208.0,,3,0.002582268768510085,0.6,checkpoints/mlp_Vc_trial_2129_best_state.pt,"{'learning_rate': 0.002582268768510085, 'lr_reduce': 0.6}",TPESampler,COMPLETE
2130,0.17166657745838165,2025-04-26 01:41:13.751188,2025-04-26 01:42:21.909706,0 days 00:01:08.158518,0.08866653604928618,320,32,,,2,0.00010899974774009177,0.6,checkpoints/mlp_Vc_trial_2130_best_state.pt,"{'learning_rate': 0.00010899974774009177, 'lr_reduce': 0.6}",TPESampler,COMPLETE
2131,0.12693309783935547,2025-04-26 01:41:15.496910,2025-04-26 01:41:26.240509,0 days 00:00:10.743599,0.10387615529778416,112,48,368.0,128.0,4,0.001085649883659132,0.6,checkpoints/mlp_Vc_trial_2131_best_state.pt,"{'learning_rate': 0.001085649883659132, 'lr_reduce': 0.6}",TPESampler,COMPLETE
2132,0.046868547797203064,2025-04-26 01:41:23.126789,2025-04-26 01:41:34.360411,0 days 00:00:11.233622,0.0009578917052796591,32,32,432.0,80.0,4,0.00286507142333634,0.6,checkpoints/mlp_Vc_trial_2132_best_state.pt,"{'learning_rate': 0.00286507142333634, 'lr_reduce': 0.6}",TPESampler,COMPLETE
2133,0.06931506842374802,2025-04-26 01:41:26.626253,2025-04-26 01:41:37.634811,0 days 00:00:11.008558,0.004220005869502409,64,32,,,2,0.008918412590904224,0.6,checkpoints/mlp_Vc_trial_2133_best_state.pt,"{'learning_rate': 0.008918412590904224, 'lr_reduce': 0.6}",TPESampler,COMPLETE
2134,0.09626846760511398,2025-04-26 01:41:34.798367,2025-04-26 01:41:43.377564,0 days 00:00:08.579197,0.0458290508036716,112,32,336.0,32.0,4,0.004828858944835255,0.6,checkpoints/mlp_Vc_trial_2134_best_state.pt,"{'learning_rate': 0.004828858944835255, 'lr_reduce': 0.6}",TPESampler,COMPLETE
2135,0.04379342868924141,2025-04-26 01:41:38.029718,2025-04-26 01:41:52.062058,0 days 00:00:14.032340,0.005125704230384809,32,176,384.0,,3,0.004610854031299853,0.6,checkpoints/mlp_Vc_trial_2135_best_state.pt,"{'learning_rate': 0.004610854031299853, 'lr_reduce': 0.6}",TPESampler,COMPLETE
2136,0.15446101129055023,2025-04-26 01:41:43.828524,2025-04-26 01:42:03.450657,0 days 00:00:19.622133,0.2284405062900478,304,176,,,2,0.0007252648829215344,0.6,checkpoints/mlp_Vc_trial_2136_best_state.pt,"{'learning_rate': 0.0007252648829215344, 'lr_reduce': 0.6}",TPESampler,COMPLETE
2137,0.0731603354215622,2025-04-26 01:41:52.446879,2025-04-26 01:42:06.315062,0 days 00:00:13.868183,0.02848246908134864,128,336,288.0,,3,0.006387980638630788,0.6,checkpoints/mlp_Vc_trial_2137_best_state.pt,"{'learning_rate': 0.006387980638630788, 'lr_reduce': 0.6}",TPESampler,COMPLETE
2138,0.08595355600118637,2025-04-26 01:42:03.831661,2025-04-26 01:42:16.996280,0 days 00:00:13.164619,0.04252972036031955,128,224,240.0,,3,0.003610377274522785,0.6,checkpoints/mlp_Vc_trial_2138_best_state.pt,"{'learning_rate': 0.003610377274522785, 'lr_reduce': 0.6}",TPESampler,COMPLETE
2139,0.05905143916606903,2025-04-26 01:42:06.727988,2025-04-26 01:42:19.569140,0 days 00:00:12.841152,0.0272927794326676,96,96,352.0,,3,0.003928147190947661,0.6,checkpoints/mlp_Vc_trial_2139_best_state.pt,"{'learning_rate': 0.003928147190947661, 'lr_reduce': 0.6}",TPESampler,COMPLETE
2140,0.08046583086252213,2025-04-26 01:42:17.417874,2025-04-26 01:42:28.168560,0 days 00:00:10.750686,0.045913349735922954,112,192,512.0,,3,0.004591584978737307,0.6,checkpoints/mlp_Vc_trial_2140_best_state.pt,"{'learning_rate': 0.004591584978737307, 'lr_reduce': 0.6}",TPESampler,COMPLETE
2141,0.04338374361395836,2025-04-26 01:42:20.036678,2025-04-26 01:42:30.131158,0 days 00:00:10.094480,0.055375438285367104,32,112,432.0,80.0,4,0.003932321572015362,0.6,checkpoints/mlp_Vc_trial_2141_best_state.pt,"{'learning_rate': 0.003932321572015362, 'lr_reduce': 0.6}",TPESampler,COMPLETE
2142,0.08645542711019516,2025-04-26 01:42:22.308832,2025-04-26 01:42:38.983714,0 days 00:00:16.674882,0.03354984374242883,96,144,304.0,,3,0.002309088220952014,0.6,checkpoints/mlp_Vc_trial_2142_best_state.pt,"{'learning_rate': 0.002309088220952014, 'lr_reduce': 0.6}",TPESampler,COMPLETE
2143,0.053216103464365005,2025-04-26 01:42:28.537255,2025-04-26 01:42:39.505273,0 days 00:00:10.968018,0.0006385612376896225,128,80,400.0,,3,0.005361213315343681,0.6,checkpoints/mlp_Vc_trial_2143_best_state.pt,"{'learning_rate': 0.005361213315343681, 'lr_reduce': 0.6}",TPESampler,COMPLETE
2144,0.07933773100376129,2025-04-26 01:42:30.543652,2025-04-26 01:42:40.829889,0 days 00:00:10.286237,0.1400652399337126,496,304,336.0,32.0,4,0.007244951877640696,0.6,checkpoints/mlp_Vc_trial_2144_best_state.pt,"{'learning_rate': 0.007244951877640696, 'lr_reduce': 0.6}",TPESampler,COMPLETE
2145,0.03162150830030441,2025-04-26 01:42:39.316399,2025-04-26 01:42:54.341819,0 days 00:00:15.025420,0.031220909802909987,32,128,272.0,,3,0.003484765112105535,0.6,checkpoints/mlp_Vc_trial_2145_best_state.pt,"{'learning_rate': 0.003484765112105535, 'lr_reduce': 0.6}",TPESampler,COMPLETE
2146,0.09040965884923935,2025-04-26 01:42:39.839279,2025-04-26 01:43:00.764705,0 days 00:00:20.925426,0.054100796018367696,112,80,192.0,,3,0.0010945252335495482,0.6,checkpoints/mlp_Vc_trial_2146_best_state.pt,"{'learning_rate': 0.0010945252335495482, 'lr_reduce': 0.6}",TPESampler,COMPLETE
2147,0.041202113032341,2025-04-26 01:42:41.386425,2025-04-26 01:43:01.954091,0 days 00:00:20.567666,0.00022474669695147272,32,112,368.0,,3,0.0019112440048538618,0.6,checkpoints/mlp_Vc_trial_2147_best_state.pt,"{'learning_rate': 0.0019112440048538618, 'lr_reduce': 0.6}",TPESampler,COMPLETE
2148,0.08692990988492966,2025-04-26 01:42:54.717015,2025-04-26 01:43:07.833057,0 days 00:00:13.116042,0.09901414261261199,80,176,256.0,,3,0.0013092174433189119,0.6,checkpoints/mlp_Vc_trial_2148_best_state.pt,"{'learning_rate': 0.0013092174433189119, 'lr_reduce': 0.6}",TPESampler,COMPLETE
2149,0.14270266890525818,2025-04-26 01:43:01.163734,2025-04-26 01:43:25.285174,0 days 00:00:24.121440,0.14029302328502935,224,320,480.0,,3,0.00028743460613522414,0.6,checkpoints/mlp_Vc_trial_2149_best_state.pt,"{'learning_rate': 0.00028743460613522414, 'lr_reduce': 0.6}",TPESampler,COMPLETE
2150,0.057595498859882355,2025-04-26 01:43:02.386444,2025-04-26 01:43:17.010192,0 days 00:00:14.623748,0.0870308622119671,32,160,,,2,0.004374131412685554,0.6,checkpoints/mlp_Vc_trial_2150_best_state.pt,"{'learning_rate': 0.004374131412685554, 'lr_reduce': 0.6}",TPESampler,COMPLETE
2151,0.11540816724300385,2025-04-26 01:43:08.277159,2025-04-26 01:43:24.813017,0 days 00:00:16.535858,0.15729240672915956,288,320,304.0,,3,0.006421647222004379,0.6,checkpoints/mlp_Vc_trial_2151_best_state.pt,"{'learning_rate': 0.006421647222004379, 'lr_reduce': 0.6}",TPESampler,COMPLETE
2152,0.061475712805986404,2025-04-26 01:43:17.462529,2025-04-26 01:43:41.239347,0 days 00:00:23.776818,0.015006822586126775,32,176,,,2,0.004193322447558801,0.6,checkpoints/mlp_Vc_trial_2152_best_state.pt,"{'learning_rate': 0.004193322447558801, 'lr_reduce': 0.6}",TPESampler,COMPLETE
2153,0.06378604471683502,2025-04-26 01:43:25.191528,2025-04-26 01:43:35.064149,0 days 00:00:09.872621,0.08207713314818013,64,112,384.0,,3,0.0029161714949994806,0.6,checkpoints/mlp_Vc_trial_2153_best_state.pt,"{'learning_rate': 0.0029161714949994806, 'lr_reduce': 0.6}",TPESampler,COMPLETE
2154,0.08562813699245453,2025-04-26 01:43:25.754871,2025-04-26 01:43:43.759994,0 days 00:00:18.005123,0.10094792860664761,192,464,432.0,,3,0.0015015987407593872,0.6,checkpoints/mlp_Vc_trial_2154_best_state.pt,"{'learning_rate': 0.0015015987407593872, 'lr_reduce': 0.6}",TPESampler,COMPLETE
2155,0.07782502472400665,2025-04-26 01:43:35.509181,2025-04-26 01:43:47.716857,0 days 00:00:12.207676,0.07017152351566994,32,160,336.0,128.0,4,0.0021529131806084945,0.6,checkpoints/mlp_Vc_trial_2155_best_state.pt,"{'learning_rate': 0.0021529131806084945, 'lr_reduce': 0.6}",TPESampler,COMPLETE
2156,0.13693773746490479,2025-04-26 01:43:41.938581,2025-04-26 01:43:57.442111,0 days 00:00:15.503530,0.04822749322888582,464,496,,,2,0.0011028661157400728,0.6,checkpoints/mlp_Vc_trial_2156_best_state.pt,"{'learning_rate': 0.0011028661157400728, 'lr_reduce': 0.6}",TPESampler,COMPLETE
2157,0.08532097935676575,2025-04-26 01:43:44.180188,2025-04-26 01:43:59.498963,0 days 00:00:15.318775,0.059118883491483254,48,160,96.0,,3,0.0013657064535172931,0.6,checkpoints/mlp_Vc_trial_2157_best_state.pt,"{'learning_rate': 0.0013657064535172931, 'lr_reduce': 0.6}",TPESampler,COMPLETE
2158,0.04197089746594429,2025-04-26 01:43:48.070023,2025-04-26 01:43:59.790927,0 days 00:00:11.720904,0.06097602266591759,32,240,256.0,,3,0.0021121669102969194,0.6,checkpoints/mlp_Vc_trial_2158_best_state.pt,"{'learning_rate': 0.0021121669102969194, 'lr_reduce': 0.6}",TPESampler,COMPLETE
2159,0.039992209523916245,2025-04-26 01:43:57.796151,2025-04-26 01:44:09.993206,0 days 00:00:12.197055,0.031233943619122764,32,160,400.0,80.0,4,0.003143655694160304,0.6,checkpoints/mlp_Vc_trial_2159_best_state.pt,"{'learning_rate': 0.003143655694160304, 'lr_reduce': 0.6}",TPESampler,COMPLETE
2160,0.06382092088460922,2025-04-26 01:43:59.908298,2025-04-26 01:44:08.028201,0 days 00:00:08.119903,0.08489072610778364,32,240,304.0,,3,0.004379520633115535,0.6,checkpoints/mlp_Vc_trial_2160_best_state.pt,"{'learning_rate': 0.004379520633115535, 'lr_reduce': 0.6}",TPESampler,COMPLETE
2161,0.05606326833367348,2025-04-26 01:44:00.196024,2025-04-26 01:44:13.789514,0 days 00:00:13.593490,0.0006583169369673465,96,128,352.0,368.0,4,0.0037008518205491996,0.6,checkpoints/mlp_Vc_trial_2161_best_state.pt,"{'learning_rate': 0.0037008518205491996, 'lr_reduce': 0.6}",TPESampler,COMPLETE
2162,0.05941244214773178,2025-04-26 01:44:08.403144,2025-04-26 01:44:19.927707,0 days 00:00:11.524563,0.03754564159632237,112,32,368.0,,3,0.00282426182412206,0.6,checkpoints/mlp_Vc_trial_2162_best_state.pt,"{'learning_rate': 0.00282426182412206, 'lr_reduce': 0.6}",TPESampler,COMPLETE
2163,0.04492220655083656,2025-04-26 01:44:10.387593,2025-04-26 01:44:23.615637,0 days 00:00:13.228044,0.038776876619861345,32,80,432.0,,3,0.0019721373704614017,0.6,checkpoints/mlp_Vc_trial_2163_best_state.pt,"{'learning_rate': 0.0019721373704614017, 'lr_reduce': 0.6}",TPESampler,COMPLETE
2164,0.03778368979692459,2025-04-26 01:44:14.145331,2025-04-26 01:44:25.753019,0 days 00:00:11.607688,0.0374218291605406,32,128,224.0,128.0,4,0.004783181835452449,0.6,checkpoints/mlp_Vc_trial_2164_best_state.pt,"{'learning_rate': 0.004783181835452449, 'lr_reduce': 0.6}",TPESampler,COMPLETE
