number,value,datetime_start,datetime_complete,duration,params_final_dropout,params_mlp_dim_00,params_mlp_dim_01,params_mlp_dim_02,params_mlp_dim_03,params_mlp_n_layers,params_train_learning_rate,params_train_lr_reduce,user_attrs_best_state_dict_path,user_attrs_training_params,system_attrs_auto:sampler,state
1420,0.03494001552462578,2025-04-26 00:41:40.200297,2025-04-26 00:41:53.297663,0 days 00:00:13.097366,0.0041622771483389425,32,112,240.0,32.0,4,0.007024837212172543,0.6,checkpoints/mlp_Vc_trial_1420_best_state.pt,"{'learning_rate': 0.007024837212172543, 'lr_reduce': 0.6}",TPESampler,COMPLETE
1421,0.05021797493100166,2025-04-26 00:41:41.196877,2025-04-26 00:41:57.319466,0 days 00:00:16.122589,0.009647489641738331,64,128,272.0,80.0,4,0.0021619417498619877,0.6,checkpoints/mlp_Vc_trial_1421_best_state.pt,"{'learning_rate': 0.0021619417498619877, 'lr_reduce': 0.6}",TPESampler,COMPLETE
1422,0.04563455656170845,2025-04-26 00:41:49.784332,2025-04-26 00:42:00.419274,0 days 00:00:10.634942,0.002836149643830771,48,160,176.0,32.0,4,0.005880698215974649,0.6,checkpoints/mlp_Vc_trial_1422_best_state.pt,"{'learning_rate': 0.005880698215974649, 'lr_reduce': 0.6}",TPESampler,COMPLETE
1423,0.06112772226333618,2025-04-26 00:41:53.627339,2025-04-26 00:42:03.444751,0 days 00:00:09.817412,0.055673522707087704,32,48,208.0,32.0,4,0.008027791370916316,0.6,checkpoints/mlp_Vc_trial_1423_best_state.pt,"{'learning_rate': 0.008027791370916316, 'lr_reduce': 0.6}",TPESampler,COMPLETE
1424,0.05480361357331276,2025-04-26 00:41:57.641582,2025-04-26 00:42:09.016415,0 days 00:00:11.374833,0.002354912455965964,48,144,192.0,32.0,4,0.006179198160944246,0.6,checkpoints/mlp_Vc_trial_1424_best_state.pt,"{'learning_rate': 0.006179198160944246, 'lr_reduce': 0.6}",TPESampler,COMPLETE
1425,0.07260584086179733,2025-04-26 00:42:00.730698,2025-04-26 00:42:10.018918,0 days 00:00:09.288220,0.025230528402310458,96,96,192.0,32.0,4,0.008290028441848528,0.6,checkpoints/mlp_Vc_trial_1425_best_state.pt,"{'learning_rate': 0.008290028441848528, 'lr_reduce': 0.6}",TPESampler,COMPLETE
1426,0.03819970041513443,2025-04-26 00:42:03.770630,2025-04-26 00:42:15.016090,0 days 00:00:11.245460,0.012885196075430205,32,144,240.0,32.0,4,0.004991719588190787,0.6,checkpoints/mlp_Vc_trial_1426_best_state.pt,"{'learning_rate': 0.004991719588190787, 'lr_reduce': 0.6}",TPESampler,COMPLETE
1427,0.06706050783395767,2025-04-26 00:42:09.563079,2025-04-26 00:42:21.365660,0 days 00:00:11.802581,0.005244446551254899,144,176,176.0,80.0,4,0.004062527357066103,0.6,checkpoints/mlp_Vc_trial_1427_best_state.pt,"{'learning_rate': 0.004062527357066103, 'lr_reduce': 0.6}",TPESampler,COMPLETE
1428,0.05548211932182312,2025-04-26 00:42:10.401404,2025-04-26 00:42:20.964797,0 days 00:00:10.563393,0.0012278824173550026,128,80,160.0,32.0,4,0.0068437135690233575,0.6,checkpoints/mlp_Vc_trial_1428_best_state.pt,"{'learning_rate': 0.0068437135690233575, 'lr_reduce': 0.6}",TPESampler,COMPLETE
1429,0.04146008566021919,2025-04-26 00:42:15.436061,2025-04-26 00:42:26.193628,0 days 00:00:10.757567,0.013753514809705745,48,112,192.0,32.0,4,0.003331491025383159,0.6,checkpoints/mlp_Vc_trial_1429_best_state.pt,"{'learning_rate': 0.003331491025383159, 'lr_reduce': 0.6}",TPESampler,COMPLETE
1430,0.07861439138650894,2025-04-26 00:42:21.281538,2025-04-26 00:42:35.468403,0 days 00:00:14.186865,0.05044718944796189,96,176,208.0,80.0,4,0.00974426635118725,0.6,checkpoints/mlp_Vc_trial_1430_best_state.pt,"{'learning_rate': 0.00974426635118725, 'lr_reduce': 0.6}",TPESampler,COMPLETE
1431,0.03997756540775299,2025-04-26 00:42:21.665278,2025-04-26 00:42:32.789334,0 days 00:00:11.124056,0.0033115060576281823,32,48,192.0,80.0,4,0.008337007925973746,0.6,checkpoints/mlp_Vc_trial_1431_best_state.pt,"{'learning_rate': 0.008337007925973746, 'lr_reduce': 0.6}",TPESampler,COMPLETE
1432,0.06151599436998367,2025-04-26 00:42:26.561986,2025-04-26 00:42:37.662553,0 days 00:00:11.100567,0.001044279633055195,112,80,208.0,80.0,4,0.004502183300185004,0.6,checkpoints/mlp_Vc_trial_1432_best_state.pt,"{'learning_rate': 0.004502183300185004, 'lr_reduce': 0.6}",TPESampler,COMPLETE
1433,0.043364714831113815,2025-04-26 00:42:33.116223,2025-04-26 00:42:47.141926,0 days 00:00:14.025703,0.0007049894283110451,32,32,240.0,32.0,4,0.004223532458903227,0.6,checkpoints/mlp_Vc_trial_1433_best_state.pt,"{'learning_rate': 0.004223532458903227, 'lr_reduce': 0.6}",TPESampler,COMPLETE
1434,0.057202503085136414,2025-04-26 00:42:35.796797,2025-04-26 00:42:49.763411,0 days 00:00:13.966614,0.0002715967862568693,128,80,160.0,80.0,4,0.004307706061066969,0.6,checkpoints/mlp_Vc_trial_1434_best_state.pt,"{'learning_rate': 0.004307706061066969, 'lr_reduce': 0.6}",TPESampler,COMPLETE
1435,0.05282771214842796,2025-04-26 00:42:37.994188,2025-04-26 00:42:55.798464,0 days 00:00:17.804276,0.039134391650784375,48,112,208.0,32.0,4,0.005652297733211706,0.6,checkpoints/mlp_Vc_trial_1435_best_state.pt,"{'learning_rate': 0.005652297733211706, 'lr_reduce': 0.6}",TPESampler,COMPLETE
1436,0.0583302266895771,2025-04-26 00:42:47.502033,2025-04-26 00:43:00.496478,0 days 00:00:12.994445,0.05393939639772689,96,192,192.0,80.0,4,0.003949207295951544,0.6,checkpoints/mlp_Vc_trial_1436_best_state.pt,"{'learning_rate': 0.003949207295951544, 'lr_reduce': 0.6}",TPESampler,COMPLETE
1437,0.040981587022542953,2025-04-26 00:42:50.154773,2025-04-26 00:43:01.541851,0 days 00:00:11.387078,0.005171148131372566,32,96,240.0,80.0,4,0.005432070264503795,0.6,checkpoints/mlp_Vc_trial_1437_best_state.pt,"{'learning_rate': 0.005432070264503795, 'lr_reduce': 0.6}",TPESampler,COMPLETE
1438,0.07791914790868759,2025-04-26 00:42:56.245464,2025-04-26 00:43:07.973700,0 days 00:00:11.728236,0.061062523188452324,128,96,256.0,32.0,4,0.0015802929250026462,0.6,checkpoints/mlp_Vc_trial_1438_best_state.pt,"{'learning_rate': 0.0015802929250026462, 'lr_reduce': 0.6}",TPESampler,COMPLETE
1439,0.07967175543308258,2025-04-26 00:43:00.798940,2025-04-26 00:43:15.665581,0 days 00:00:14.866641,0.03775379613698616,80,160,192.0,80.0,4,0.009615366643656337,0.6,checkpoints/mlp_Vc_trial_1439_best_state.pt,"{'learning_rate': 0.009615366643656337, 'lr_reduce': 0.6}",TPESampler,COMPLETE
1440,0.0854422077536583,2025-04-26 00:43:01.902047,2025-04-26 00:43:17.058433,0 days 00:00:15.156386,0.0682571855060229,256,512,224.0,32.0,4,0.0022467523304706737,0.6,checkpoints/mlp_Vc_trial_1440_best_state.pt,"{'learning_rate': 0.0022467523304706737, 'lr_reduce': 0.6}",TPESampler,COMPLETE
1441,0.0473516546189785,2025-04-26 00:43:08.472143,2025-04-26 00:43:17.278648,0 days 00:00:08.806505,0.04897010181695656,32,80,224.0,96.0,4,0.005078403600913962,0.6,checkpoints/mlp_Vc_trial_1441_best_state.pt,"{'learning_rate': 0.005078403600913962, 'lr_reduce': 0.6}",TPESampler,COMPLETE
1442,0.07261398434638977,2025-04-26 00:43:15.967878,2025-04-26 00:43:29.407683,0 days 00:00:13.439805,0.06791417504937224,96,64,224.0,80.0,4,0.002026452837868169,0.6,checkpoints/mlp_Vc_trial_1442_best_state.pt,"{'learning_rate': 0.002026452837868169, 'lr_reduce': 0.6}",TPESampler,COMPLETE
1443,0.04559771716594696,2025-04-26 00:43:17.399738,2025-04-26 00:43:28.494384,0 days 00:00:11.094646,0.0015656678179682788,48,112,224.0,32.0,4,0.004598263773356011,0.6,checkpoints/mlp_Vc_trial_1443_best_state.pt,"{'learning_rate': 0.004598263773356011, 'lr_reduce': 0.6}",TPESampler,COMPLETE
1444,0.058076173067092896,2025-04-26 00:43:17.560094,2025-04-26 00:43:28.763174,0 days 00:00:11.203080,0.03328516506138217,32,144,224.0,32.0,4,0.002783668518352549,0.6,checkpoints/mlp_Vc_trial_1444_best_state.pt,"{'learning_rate': 0.002783668518352549, 'lr_reduce': 0.6}",TPESampler,COMPLETE
1445,0.040566954761743546,2025-04-26 00:43:28.804199,2025-04-26 00:43:38.238117,0 days 00:00:09.433918,0.02129124536237928,32,96,160.0,112.0,4,0.005381580343966599,0.6,checkpoints/mlp_Vc_trial_1445_best_state.pt,"{'learning_rate': 0.005381580343966599, 'lr_reduce': 0.6}",TPESampler,COMPLETE
1446,0.03653987497091293,2025-04-26 00:43:29.076856,2025-04-26 00:43:46.012920,0 days 00:00:16.936064,0.00827241911079932,32,192,240.0,80.0,4,0.006395079473706622,0.6,checkpoints/mlp_Vc_trial_1446_best_state.pt,"{'learning_rate': 0.006395079473706622, 'lr_reduce': 0.6}",TPESampler,COMPLETE
1447,0.18485954403877258,2025-04-26 00:43:29.726399,2025-04-26 00:44:21.633107,0 days 00:00:51.906708,0.24144379872333777,112,384,240.0,,3,0.00011876824863392119,0.6,checkpoints/mlp_Vc_trial_1447_best_state.pt,"{'learning_rate': 0.00011876824863392119, 'lr_reduce': 0.6}",TPESampler,COMPLETE
1448,0.07190567255020142,2025-04-26 00:43:38.572502,2025-04-26 00:43:47.646718,0 days 00:00:09.074216,0.029737050851310506,208,32,256.0,80.0,4,0.005360336021848906,0.6,checkpoints/mlp_Vc_trial_1448_best_state.pt,"{'learning_rate': 0.005360336021848906, 'lr_reduce': 0.6}",TPESampler,COMPLETE
1449,0.049956388771533966,2025-04-26 00:43:46.335455,2025-04-26 00:44:02.163135,0 days 00:00:15.827680,0.05586519196619231,32,64,240.0,32.0,4,0.002009832106059245,0.6,checkpoints/mlp_Vc_trial_1449_best_state.pt,"{'learning_rate': 0.002009832106059245, 'lr_reduce': 0.6}",TPESampler,COMPLETE
1450,0.10606434941291809,2025-04-26 00:43:48.028893,2025-04-26 00:44:24.987302,0 days 00:00:36.958409,0.10308025905209361,48,48,,,2,0.0006524977267475713,0.6,checkpoints/mlp_Vc_trial_1450_best_state.pt,"{'learning_rate': 0.0006524977267475713, 'lr_reduce': 0.6}",TPESampler,COMPLETE
1451,0.04644281789660454,2025-04-26 00:44:02.651514,2025-04-26 00:44:12.955636,0 days 00:00:10.304122,0.015804453636121086,32,96,192.0,112.0,4,0.002060442465010397,0.6,checkpoints/mlp_Vc_trial_1451_best_state.pt,"{'learning_rate': 0.002060442465010397, 'lr_reduce': 0.6}",TPESampler,COMPLETE
1452,0.06243372708559036,2025-04-26 00:44:13.341893,2025-04-26 00:44:27.478798,0 days 00:00:14.136905,0.02167817203064306,96,112,272.0,32.0,4,0.002689809870415265,0.6,checkpoints/mlp_Vc_trial_1452_best_state.pt,"{'learning_rate': 0.002689809870415265, 'lr_reduce': 0.6}",TPESampler,COMPLETE
1453,0.04225870966911316,2025-04-26 00:44:22.033314,2025-04-26 00:44:34.513984,0 days 00:00:12.480670,0.004805220618637491,32,48,256.0,128.0,4,0.0047183613864197225,0.6,checkpoints/mlp_Vc_trial_1453_best_state.pt,"{'learning_rate': 0.0047183613864197225, 'lr_reduce': 0.6}",TPESampler,COMPLETE
1454,0.052896685898303986,2025-04-26 00:44:25.307029,2025-04-26 00:44:32.292015,0 days 00:00:06.984986,0.046360006884462644,32,96,272.0,80.0,4,0.0053356697383783475,0.6,checkpoints/mlp_Vc_trial_1454_best_state.pt,"{'learning_rate': 0.0053356697383783475, 'lr_reduce': 0.6}",TPESampler,COMPLETE
1455,0.046607259660959244,2025-04-26 00:44:27.850532,2025-04-26 00:44:47.973779,0 days 00:00:20.123247,0.002947317973778062,32,96,272.0,,3,0.0011297031887701847,0.6,checkpoints/mlp_Vc_trial_1455_best_state.pt,"{'learning_rate': 0.0011297031887701847, 'lr_reduce': 0.6}",TPESampler,COMPLETE
1456,0.05812201276421547,2025-04-26 00:44:32.624253,2025-04-26 00:44:43.897948,0 days 00:00:11.273695,3.781284716878122e-06,128,112,192.0,32.0,4,0.009453984291184905,0.6,checkpoints/mlp_Vc_trial_1456_best_state.pt,"{'learning_rate': 0.009453984291184905, 'lr_reduce': 0.6}",TPESampler,COMPLETE
1457,0.057754434645175934,2025-04-26 00:44:34.916117,2025-04-26 00:44:48.839451,0 days 00:00:13.923334,0.0004759026043962382,96,96,128.0,80.0,4,0.0048941427699572895,0.6,checkpoints/mlp_Vc_trial_1457_best_state.pt,"{'learning_rate': 0.0048941427699572895, 'lr_reduce': 0.6}",TPESampler,COMPLETE
1458,0.07876662909984589,2025-04-26 00:44:44.329334,2025-04-26 00:44:54.933775,0 days 00:00:10.604441,0.0665158550922292,112,32,272.0,128.0,4,0.0033202599161532816,0.6,checkpoints/mlp_Vc_trial_1458_best_state.pt,"{'learning_rate': 0.0033202599161532816, 'lr_reduce': 0.6}",TPESampler,COMPLETE
1459,0.19498494267463684,2025-04-26 00:44:48.492090,2025-04-26 00:45:47.636721,0 days 00:00:59.144631,0.26072619379977274,384,192,,,2,0.0003216504762751302,0.6,checkpoints/mlp_Vc_trial_1459_best_state.pt,"{'learning_rate': 0.0003216504762751302, 'lr_reduce': 0.6}",TPESampler,COMPLETE
1460,0.1478593349456787,2025-04-26 00:44:49.227697,2025-04-26 00:45:02.505375,0 days 00:00:13.277678,0.09700616504302395,464,96,,,2,0.001712786463689769,0.6,checkpoints/mlp_Vc_trial_1460_best_state.pt,"{'learning_rate': 0.001712786463689769, 'lr_reduce': 0.6}",TPESampler,COMPLETE
1461,0.04203033074736595,2025-04-26 00:44:55.260619,2025-04-26 00:45:12.186645,0 days 00:00:16.926026,0.0005421822019814615,32,160,256.0,80.0,4,0.003238677571272902,0.6,checkpoints/mlp_Vc_trial_1461_best_state.pt,"{'learning_rate': 0.003238677571272902, 'lr_reduce': 0.6}",TPESampler,COMPLETE
1462,0.04804254323244095,2025-04-26 00:45:02.830475,2025-04-26 00:45:14.468810,0 days 00:00:11.638335,0.03242413177031563,32,112,224.0,32.0,4,0.0031992314082896164,0.6,checkpoints/mlp_Vc_trial_1462_best_state.pt,"{'learning_rate': 0.0031992314082896164, 'lr_reduce': 0.6}",TPESampler,COMPLETE
1463,0.10054342448711395,2025-04-26 00:45:12.726304,2025-04-26 00:45:24.126670,0 days 00:00:11.400366,0.08768115384291991,304,96,288.0,80.0,4,0.0011656993511709535,0.6,checkpoints/mlp_Vc_trial_1463_best_state.pt,"{'learning_rate': 0.0011656993511709535, 'lr_reduce': 0.6}",TPESampler,COMPLETE
1464,0.062072739005088806,2025-04-26 00:45:14.817431,2025-04-26 00:45:25.668816,0 days 00:00:10.851385,0.010457339768909855,112,32,272.0,32.0,4,0.0020754917968456143,0.6,checkpoints/mlp_Vc_trial_1464_best_state.pt,"{'learning_rate': 0.0020754917968456143, 'lr_reduce': 0.6}",TPESampler,COMPLETE
1465,0.08663306385278702,2025-04-26 00:45:24.492587,2025-04-26 00:45:37.839198,0 days 00:00:13.346611,0.18614746318160816,80,272,,,2,0.0024034050883395336,0.6,checkpoints/mlp_Vc_trial_1465_best_state.pt,"{'learning_rate': 0.0024034050883395336, 'lr_reduce': 0.6}",TPESampler,COMPLETE
1466,0.058465778827667236,2025-04-26 00:45:25.934844,2025-04-26 00:45:41.570049,0 days 00:00:15.635205,0.03616576382140699,48,80,288.0,128.0,4,0.008964661852335165,0.6,checkpoints/mlp_Vc_trial_1466_best_state.pt,"{'learning_rate': 0.008964661852335165, 'lr_reduce': 0.6}",TPESampler,COMPLETE
1467,0.05186861380934715,2025-04-26 00:45:38.182529,2025-04-26 00:45:50.190940,0 days 00:00:12.008411,0.0014861025711537497,32,240,144.0,80.0,4,0.004750623597667333,0.6,checkpoints/mlp_Vc_trial_1467_best_state.pt,"{'learning_rate': 0.004750623597667333, 'lr_reduce': 0.6}",TPESampler,COMPLETE
1468,0.06122274324297905,2025-04-26 00:45:41.898717,2025-04-26 00:45:52.639919,0 days 00:00:10.741202,0.04562607060949555,96,112,208.0,32.0,4,0.005141248610832079,0.6,checkpoints/mlp_Vc_trial_1468_best_state.pt,"{'learning_rate': 0.005141248610832079, 'lr_reduce': 0.6}",TPESampler,COMPLETE
1469,0.07484723627567291,2025-04-26 00:45:47.963522,2025-04-26 00:45:56.076807,0 days 00:00:08.113285,0.04554631094921911,48,32,512.0,128.0,4,0.002775796209690235,0.6,checkpoints/mlp_Vc_trial_1469_best_state.pt,"{'learning_rate': 0.002775796209690235, 'lr_reduce': 0.6}",TPESampler,COMPLETE
1470,0.0706590786576271,2025-04-26 00:45:50.547389,2025-04-26 00:46:00.831273,0 days 00:00:10.283884,0.05953971176170661,32,32,288.0,80.0,4,0.0037212471785186404,0.6,checkpoints/mlp_Vc_trial_1470_best_state.pt,"{'learning_rate': 0.0037212471785186404, 'lr_reduce': 0.6}",TPESampler,COMPLETE
1471,0.043868791311979294,2025-04-26 00:45:52.934340,2025-04-26 00:46:07.330219,0 days 00:00:14.395879,0.003150053492409163,32,80,224.0,32.0,4,0.0027716382405747492,0.6,checkpoints/mlp_Vc_trial_1471_best_state.pt,"{'learning_rate': 0.0027716382405747492, 'lr_reduce': 0.6}",TPESampler,COMPLETE
1472,0.05822940543293953,2025-04-26 00:45:56.392807,2025-04-26 00:46:03.892813,0 days 00:00:07.500006,0.05640150877913303,32,128,288.0,80.0,4,0.00704839509157689,0.6,checkpoints/mlp_Vc_trial_1472_best_state.pt,"{'learning_rate': 0.00704839509157689, 'lr_reduce': 0.6}",TPESampler,COMPLETE
1473,0.0909845158457756,2025-04-26 00:46:01.176589,2025-04-26 00:46:29.790396,0 days 00:00:28.613807,0.09289598879642665,32,192,,,2,0.0005026773159243737,0.6,checkpoints/mlp_Vc_trial_1473_best_state.pt,"{'learning_rate': 0.0005026773159243737, 'lr_reduce': 0.6}",TPESampler,COMPLETE
1474,0.142665833234787,2025-04-26 00:46:04.238707,2025-04-26 00:46:27.082623,0 days 00:00:22.843916,0.15413176062006603,480,512,,,2,0.0006716213491235137,0.6,checkpoints/mlp_Vc_trial_1474_best_state.pt,"{'learning_rate': 0.0006716213491235137, 'lr_reduce': 0.6}",TPESampler,COMPLETE
1475,0.05865787714719772,2025-04-26 00:46:07.687809,2025-04-26 00:46:16.051394,0 days 00:00:08.363585,0.03412295135760367,32,112,304.0,,3,0.009316635355810586,0.6,checkpoints/mlp_Vc_trial_1475_best_state.pt,"{'learning_rate': 0.009316635355810586, 'lr_reduce': 0.6}",TPESampler,COMPLETE
1476,0.08469726890325546,2025-04-26 00:46:16.412277,2025-04-26 00:46:30.558231,0 days 00:00:14.145954,0.0024673564333451857,144,48,288.0,,3,0.003119209856983142,0.6,checkpoints/mlp_Vc_trial_1476_best_state.pt,"{'learning_rate': 0.003119209856983142, 'lr_reduce': 0.6}",TPESampler,COMPLETE
1477,0.08254632353782654,2025-04-26 00:46:27.466562,2025-04-26 00:46:39.116704,0 days 00:00:11.650142,0.04770370881051952,96,144,240.0,32.0,4,0.0037065552753536984,0.6,checkpoints/mlp_Vc_trial_1477_best_state.pt,"{'learning_rate': 0.0037065552753536984, 'lr_reduce': 0.6}",TPESampler,COMPLETE
1478,0.06684042513370514,2025-04-26 00:46:30.150941,2025-04-26 00:46:41.379733,0 days 00:00:11.228792,0.04410439235125248,96,64,304.0,128.0,4,0.008521372498987365,0.6,checkpoints/mlp_Vc_trial_1478_best_state.pt,"{'learning_rate': 0.008521372498987365, 'lr_reduce': 0.6}",TPESampler,COMPLETE
1479,0.11092570424079895,2025-04-26 00:46:30.917372,2025-04-26 00:46:48.592493,0 days 00:00:17.675121,0.03987548437062184,112,480,,,2,0.0011812131578969357,0.6,checkpoints/mlp_Vc_trial_1479_best_state.pt,"{'learning_rate': 0.0011812131578969357, 'lr_reduce': 0.6}",TPESampler,COMPLETE
1480,0.0673791915178299,2025-04-26 00:46:39.468285,2025-04-26 00:46:51.081457,0 days 00:00:11.613172,0.0404571364643336,96,32,,,2,0.009060249544299164,0.6,checkpoints/mlp_Vc_trial_1480_best_state.pt,"{'learning_rate': 0.009060249544299164, 'lr_reduce': 0.6}",TPESampler,COMPLETE
1481,0.0468674898147583,2025-04-26 00:46:41.713886,2025-04-26 00:46:54.837231,0 days 00:00:13.123345,0.004804881459493712,48,64,480.0,80.0,4,0.009764588433659193,0.6,checkpoints/mlp_Vc_trial_1481_best_state.pt,"{'learning_rate': 0.009764588433659193, 'lr_reduce': 0.6}",TPESampler,COMPLETE
1482,0.06147657334804535,2025-04-26 00:46:48.975223,2025-04-26 00:47:00.458554,0 days 00:00:11.483331,0.038738116067047544,32,112,304.0,32.0,4,0.0021373316720396454,0.6,checkpoints/mlp_Vc_trial_1482_best_state.pt,"{'learning_rate': 0.0021373316720396454, 'lr_reduce': 0.6}",TPESampler,COMPLETE
1483,0.07693655043840408,2025-04-26 00:46:51.519621,2025-04-26 00:47:00.499744,0 days 00:00:08.980123,0.0022377553224055156,144,48,256.0,128.0,4,0.004975695959718504,0.6,checkpoints/mlp_Vc_trial_1483_best_state.pt,"{'learning_rate': 0.004975695959718504, 'lr_reduce': 0.6}",TPESampler,COMPLETE
1484,0.04953920468688011,2025-04-26 00:46:55.150923,2025-04-26 00:47:05.741932,0 days 00:00:10.591009,0.00047735331140414576,80,96,320.0,80.0,4,0.005899374219588692,0.6,checkpoints/mlp_Vc_trial_1484_best_state.pt,"{'learning_rate': 0.005899374219588692, 'lr_reduce': 0.6}",TPESampler,COMPLETE
1485,0.05420731008052826,2025-04-26 00:47:00.797049,2025-04-26 00:47:10.712442,0 days 00:00:09.915393,0.04624030461430369,48,112,192.0,32.0,4,0.009465690098359231,0.6,checkpoints/mlp_Vc_trial_1485_best_state.pt,"{'learning_rate': 0.009465690098359231, 'lr_reduce': 0.6}",TPESampler,COMPLETE
1486,0.042541030794382095,2025-04-26 00:47:00.865867,2025-04-26 00:47:13.901143,0 days 00:00:13.035276,0.041282694682892696,32,96,320.0,,3,0.00472657649196345,0.6,checkpoints/mlp_Vc_trial_1486_best_state.pt,"{'learning_rate': 0.00472657649196345, 'lr_reduce': 0.6}",TPESampler,COMPLETE
1487,0.052926238626241684,2025-04-26 00:47:06.089275,2025-04-26 00:47:17.799657,0 days 00:00:11.710382,0.01634660168744761,32,64,256.0,176.0,4,0.004183627548619107,0.6,checkpoints/mlp_Vc_trial_1487_best_state.pt,"{'learning_rate': 0.004183627548619107, 'lr_reduce': 0.6}",TPESampler,COMPLETE
1488,0.04418552666902542,2025-04-26 00:47:11.050560,2025-04-26 00:47:22.319560,0 days 00:00:11.269000,0.005304271028086834,32,176,320.0,80.0,4,0.004499819080166922,0.6,checkpoints/mlp_Vc_trial_1488_best_state.pt,"{'learning_rate': 0.004499819080166922, 'lr_reduce': 0.6}",TPESampler,COMPLETE
1489,0.10289362072944641,2025-04-26 00:47:14.212060,2025-04-26 00:47:29.612849,0 days 00:00:15.400789,0.10497527901972051,240,224,160.0,,3,0.0005591115007475668,0.6,checkpoints/mlp_Vc_trial_1489_best_state.pt,"{'learning_rate': 0.0005591115007475668, 'lr_reduce': 0.6}",TPESampler,COMPLETE
1490,0.08484847843647003,2025-04-26 00:47:18.115842,2025-04-26 00:47:35.665677,0 days 00:00:17.549835,0.15846713531694664,480,496,480.0,80.0,4,0.0019761433749105137,0.6,checkpoints/mlp_Vc_trial_1490_best_state.pt,"{'learning_rate': 0.0019761433749105137, 'lr_reduce': 0.6}",TPESampler,COMPLETE
1491,0.07484131306409836,2025-04-26 00:47:22.734362,2025-04-26 00:47:32.700876,0 days 00:00:09.966514,0.007920688623660911,112,32,336.0,,3,0.004287839866145547,0.6,checkpoints/mlp_Vc_trial_1491_best_state.pt,"{'learning_rate': 0.004287839866145547, 'lr_reduce': 0.6}",TPESampler,COMPLETE
1492,0.0950927808880806,2025-04-26 00:47:29.944799,2025-04-26 00:47:42.928768,0 days 00:00:12.983969,0.06462190833564609,352,208,,,2,0.004829093180396876,0.6,checkpoints/mlp_Vc_trial_1492_best_state.pt,"{'learning_rate': 0.004829093180396876, 'lr_reduce': 0.6}",TPESampler,COMPLETE
1493,0.05933462083339691,2025-04-26 00:47:33.040184,2025-04-26 00:47:46.408566,0 days 00:00:13.368382,0.05780232909971543,112,144,304.0,32.0,4,0.0047925874696333635,0.6,checkpoints/mlp_Vc_trial_1493_best_state.pt,"{'learning_rate': 0.0047925874696333635, 'lr_reduce': 0.6}",TPESampler,COMPLETE
