number,value,datetime_start,datetime_complete,duration,params_final_dropout,params_mlp_dim_00,params_mlp_dim_01,params_mlp_dim_02,params_mlp_dim_03,params_mlp_n_layers,params_train_learning_rate,params_train_lr_reduce,user_attrs_best_state_dict_path,user_attrs_training_params,system_attrs_auto:sampler,state
150,0.06122260168194771,2025-04-25 23:03:18.846806,2025-04-25 23:03:29.427527,0 days 00:00:10.580721,0.0606818632716428,80,160,368.0,,3,0.003931074624178832,0.6,checkpoints/mlp_Vc_trial_150_best_state.pt,"{'learning_rate': 0.003931074624178832, 'lr_reduce': 0.6}",TPESampler,COMPLETE
151,0.10282004624605179,2025-04-25 23:03:26.329092,2025-04-25 23:03:37.788731,0 days 00:00:11.459639,0.20758559770389878,112,256,352.0,416.0,4,0.0023607831604231526,0.6,checkpoints/mlp_Vc_trial_151_best_state.pt,"{'learning_rate': 0.0023607831604231526, 'lr_reduce': 0.6}",TPESampler,COMPLETE
152,0.2718870937824249,2025-04-25 23:03:26.833654,2025-04-25 23:03:33.050394,0 days 00:00:06.216740,0.28225154071648795,32,176,416.0,320.0,4,0.0028409995926508874,0.6,checkpoints/mlp_Vc_trial_152_best_state.pt,"{'learning_rate': 0.0028409995926508874, 'lr_reduce': 0.6}",TPESampler,COMPLETE
153,0.07150980085134506,2025-04-25 23:03:29.783806,2025-04-25 23:03:37.869702,0 days 00:00:08.085896,0.021303472531468092,144,64,384.0,,3,0.004646291485884138,0.6,checkpoints/mlp_Vc_trial_153_best_state.pt,"{'learning_rate': 0.004646291485884138, 'lr_reduce': 0.6}",TPESampler,COMPLETE
154,0.25166216492652893,2025-04-25 23:03:33.350883,2025-04-25 23:03:57.683392,0 days 00:00:24.332509,0.2507528966604652,32,496,400.0,512.0,4,0.00018672999660674438,0.6,checkpoints/mlp_Vc_trial_154_best_state.pt,"{'learning_rate': 0.00018672999660674438, 'lr_reduce': 0.6}",TPESampler,COMPLETE
155,0.04264822229743004,2025-04-25 23:03:38.051208,2025-04-25 23:03:47.277793,0 days 00:00:09.226585,0.005924934785080615,32,64,464.0,,3,0.004141245200719906,0.6,checkpoints/mlp_Vc_trial_155_best_state.pt,"{'learning_rate': 0.004141245200719906, 'lr_reduce': 0.6}",TPESampler,COMPLETE
156,0.06677486002445221,2025-04-25 23:03:38.133683,2025-04-25 23:03:52.268507,0 days 00:00:14.134824,0.004744807026516997,80,96,352.0,,3,0.0024732072145468693,0.6,checkpoints/mlp_Vc_trial_156_best_state.pt,"{'learning_rate': 0.0024732072145468693, 'lr_reduce': 0.6}",TPESampler,COMPLETE
157,0.15569186210632324,2025-04-25 23:03:47.550518,2025-04-25 23:04:29.785888,0 days 00:00:42.235370,0.17832533168696355,48,32,416.0,,3,0.0001230449664561868,0.6,checkpoints/mlp_Vc_trial_157_best_state.pt,"{'learning_rate': 0.0001230449664561868, 'lr_reduce': 0.6}",TPESampler,COMPLETE
158,0.035674069076776505,2025-04-25 23:03:52.576181,2025-04-25 23:04:04.645863,0 days 00:00:12.069682,0.010887506889691246,32,144,384.0,,3,0.006615701395830158,0.6,checkpoints/mlp_Vc_trial_158_best_state.pt,"{'learning_rate': 0.006615701395830158, 'lr_reduce': 0.6}",TPESampler,COMPLETE
159,0.043111566454172134,2025-04-25 23:03:58.029964,2025-04-25 23:04:09.067021,0 days 00:00:11.037057,0.009582787335284568,32,80,304.0,,3,0.00637266392208499,0.6,checkpoints/mlp_Vc_trial_159_best_state.pt,"{'learning_rate': 0.00637266392208499, 'lr_reduce': 0.6}",TPESampler,COMPLETE
160,0.09816045314073563,2025-04-25 23:04:04.950582,2025-04-25 23:04:18.289552,0 days 00:00:13.338970,0.00522279281082242,96,224,368.0,,3,0.009166802073598644,0.6,checkpoints/mlp_Vc_trial_160_best_state.pt,"{'learning_rate': 0.009166802073598644, 'lr_reduce': 0.6}",TPESampler,COMPLETE
161,0.058343879878520966,2025-04-25 23:04:09.311393,2025-04-25 23:04:19.760464,0 days 00:00:10.449071,0.00432510626977799,48,144,400.0,,3,0.0053321126823023205,0.6,checkpoints/mlp_Vc_trial_161_best_state.pt,"{'learning_rate': 0.0053321126823023205, 'lr_reduce': 0.6}",TPESampler,COMPLETE
162,0.09042831510305405,2025-04-25 23:04:18.586471,2025-04-25 23:04:30.864127,0 days 00:00:12.277656,0.24834038704557315,272,368,464.0,416.0,4,0.007704525329488377,0.6,checkpoints/mlp_Vc_trial_162_best_state.pt,"{'learning_rate': 0.007704525329488377, 'lr_reduce': 0.6}",TPESampler,COMPLETE
163,0.05303170904517174,2025-04-25 23:04:20.157732,2025-04-25 23:04:29.864358,0 days 00:00:09.706626,0.003744568931485934,112,32,368.0,,3,0.005760205544202006,0.6,checkpoints/mlp_Vc_trial_163_best_state.pt,"{'learning_rate': 0.005760205544202006, 'lr_reduce': 0.6}",TPESampler,COMPLETE
164,0.051667820662260056,2025-04-25 23:04:29.992892,2025-04-25 23:04:43.061623,0 days 00:00:13.068731,0.00043938370885572824,48,48,400.0,,3,0.004489456907000803,0.6,checkpoints/mlp_Vc_trial_164_best_state.pt,"{'learning_rate': 0.004489456907000803, 'lr_reduce': 0.6}",TPESampler,COMPLETE
165,0.03993809595704079,2025-04-25 23:04:30.082129,2025-04-25 23:04:41.543656,0 days 00:00:11.461527,0.014507592961401234,32,176,400.0,,3,0.0068108058723943855,0.6,checkpoints/mlp_Vc_trial_165_best_state.pt,"{'learning_rate': 0.0068108058723943855, 'lr_reduce': 0.6}",TPESampler,COMPLETE
166,0.07898510247468948,2025-04-25 23:04:31.197872,2025-04-25 23:04:39.996337,0 days 00:00:08.798465,0.08043923293257094,128,80,336.0,192.0,4,0.0035822464073483697,0.6,checkpoints/mlp_Vc_trial_166_best_state.pt,"{'learning_rate': 0.0035822464073483697, 'lr_reduce': 0.6}",TPESampler,COMPLETE
167,0.04700912907719612,2025-04-25 23:04:40.331467,2025-04-25 23:04:56.929336,0 days 00:00:16.597869,0.0001504579300394028,112,96,432.0,320.0,4,0.003552558686980376,0.6,checkpoints/mlp_Vc_trial_167_best_state.pt,"{'learning_rate': 0.003552558686980376, 'lr_reduce': 0.6}",TPESampler,COMPLETE
168,0.04165308550000191,2025-04-25 23:04:41.853068,2025-04-25 23:04:52.828353,0 days 00:00:10.975285,0.014540456619287684,32,240,400.0,,3,0.005375983332705612,0.6,checkpoints/mlp_Vc_trial_168_best_state.pt,"{'learning_rate': 0.005375983332705612, 'lr_reduce': 0.6}",TPESampler,COMPLETE
169,0.058312732726335526,2025-04-25 23:04:43.403899,2025-04-25 23:04:55.156805,0 days 00:00:11.752906,0.05527030977216328,48,160,400.0,,3,0.006868474470599979,0.6,checkpoints/mlp_Vc_trial_169_best_state.pt,"{'learning_rate': 0.006868474470599979, 'lr_reduce': 0.6}",TPESampler,COMPLETE
170,0.07058699429035187,2025-04-25 23:04:53.091699,2025-04-25 23:05:09.621891,0 days 00:00:16.530192,0.018261585492367588,176,336,336.0,400.0,4,0.00043599602936595023,0.6,checkpoints/mlp_Vc_trial_170_best_state.pt,"{'learning_rate': 0.00043599602936595023, 'lr_reduce': 0.6}",TPESampler,COMPLETE
171,0.057064495980739594,2025-04-25 23:04:55.479591,2025-04-25 23:05:04.410550,0 days 00:00:08.930959,0.002917799432445835,64,256,,,2,0.007416844952060695,0.6,checkpoints/mlp_Vc_trial_171_best_state.pt,"{'learning_rate': 0.007416844952060695, 'lr_reduce': 0.6}",TPESampler,COMPLETE
172,0.038585834205150604,2025-04-25 23:04:57.268262,2025-04-25 23:05:06.341712,0 days 00:00:09.073450,0.0013395799725662726,32,32,464.0,,3,0.0051050505681928034,0.6,checkpoints/mlp_Vc_trial_172_best_state.pt,"{'learning_rate': 0.0051050505681928034, 'lr_reduce': 0.6}",TPESampler,COMPLETE
173,0.042239319533109665,2025-04-25 23:05:04.776697,2025-04-25 23:05:13.518600,0 days 00:00:08.741903,0.008498467477132593,32,160,400.0,,3,0.004248384679425781,0.6,checkpoints/mlp_Vc_trial_173_best_state.pt,"{'learning_rate': 0.004248384679425781, 'lr_reduce': 0.6}",TPESampler,COMPLETE
174,0.05293292552232742,2025-04-25 23:05:06.677813,2025-04-25 23:05:20.876934,0 days 00:00:14.199121,0.036943373680804054,32,144,512.0,,3,0.008927481295829412,0.6,checkpoints/mlp_Vc_trial_174_best_state.pt,"{'learning_rate': 0.008927481295829412, 'lr_reduce': 0.6}",TPESampler,COMPLETE
175,0.04618794843554497,2025-04-25 23:05:09.911108,2025-04-25 23:05:20.008983,0 days 00:00:10.097875,0.01336927376222111,48,160,464.0,,3,0.005550868083849272,0.6,checkpoints/mlp_Vc_trial_175_best_state.pt,"{'learning_rate': 0.005550868083849272, 'lr_reduce': 0.6}",TPESampler,COMPLETE
176,0.07281964272260666,2025-04-25 23:05:14.021530,2025-04-25 23:05:28.137174,0 days 00:00:14.115644,0.0052525035487245835,160,112,448.0,,3,0.009282868295627507,0.6,checkpoints/mlp_Vc_trial_176_best_state.pt,"{'learning_rate': 0.009282868295627507, 'lr_reduce': 0.6}",TPESampler,COMPLETE
177,0.041591111570596695,2025-04-25 23:05:20.313243,2025-04-25 23:05:32.512747,0 days 00:00:12.199504,0.046261896516903024,32,128,,,2,0.00510897899182182,0.6,checkpoints/mlp_Vc_trial_177_best_state.pt,"{'learning_rate': 0.00510897899182182, 'lr_reduce': 0.6}",TPESampler,COMPLETE
178,0.0847427248954773,2025-04-25 23:05:21.353883,2025-04-25 23:05:31.459783,0 days 00:00:10.105900,0.17606988135443316,288,112,448.0,272.0,4,0.002597823648550369,0.6,checkpoints/mlp_Vc_trial_178_best_state.pt,"{'learning_rate': 0.002597823648550369, 'lr_reduce': 0.6}",TPESampler,COMPLETE
179,0.14171811938285828,2025-04-25 23:05:28.431326,2025-04-25 23:05:50.198966,0 days 00:00:21.767640,0.2172938153546562,464,464,,,2,0.0006738378764617718,0.6,checkpoints/mlp_Vc_trial_179_best_state.pt,"{'learning_rate': 0.0006738378764617718, 'lr_reduce': 0.6}",TPESampler,COMPLETE
180,0.06038631126284599,2025-04-25 23:05:31.830064,2025-04-25 23:05:38.813760,0 days 00:00:06.983696,0.006252290393569072,112,48,400.0,,3,0.008468539662516993,0.6,checkpoints/mlp_Vc_trial_180_best_state.pt,"{'learning_rate': 0.008468539662516993, 'lr_reduce': 0.6}",TPESampler,COMPLETE
181,0.049714475870132446,2025-04-25 23:05:32.774350,2025-04-25 23:05:42.696040,0 days 00:00:09.921690,0.03844277413004801,64,32,448.0,,3,0.0029172612311770506,0.6,checkpoints/mlp_Vc_trial_181_best_state.pt,"{'learning_rate': 0.0029172612311770506, 'lr_reduce': 0.6}",TPESampler,COMPLETE
182,0.051492493599653244,2025-04-25 23:05:39.200950,2025-04-25 23:05:53.685816,0 days 00:00:14.484866,0.009975757466890393,48,176,368.0,448.0,4,0.009221452044318516,0.6,checkpoints/mlp_Vc_trial_182_best_state.pt,"{'learning_rate': 0.009221452044318516, 'lr_reduce': 0.6}",TPESampler,COMPLETE
183,0.07465561479330063,2025-04-25 23:05:43.000540,2025-04-25 23:05:57.692530,0 days 00:00:14.691990,0.07923664771749157,48,240,,,2,0.002746418397527468,0.6,checkpoints/mlp_Vc_trial_183_best_state.pt,"{'learning_rate': 0.002746418397527468, 'lr_reduce': 0.6}",TPESampler,COMPLETE
184,0.08436587452888489,2025-04-25 23:05:50.490284,2025-04-25 23:06:00.315348,0 days 00:00:09.825064,0.07294072969950174,128,144,,,2,0.0068485786494132195,0.6,checkpoints/mlp_Vc_trial_184_best_state.pt,"{'learning_rate': 0.0068485786494132195, 'lr_reduce': 0.6}",TPESampler,COMPLETE
185,0.05768667533993721,2025-04-25 23:05:54.055332,2025-04-25 23:06:03.372721,0 days 00:00:09.317389,0.05979791858437552,48,160,,,2,0.00786928070833357,0.6,checkpoints/mlp_Vc_trial_185_best_state.pt,"{'learning_rate': 0.00786928070833357, 'lr_reduce': 0.6}",TPESampler,COMPLETE
186,0.036889854818582535,2025-04-25 23:05:58.152308,2025-04-25 23:06:09.130013,0 days 00:00:10.977705,0.01855382302060577,48,48,400.0,,3,0.008989060747149316,0.6,checkpoints/mlp_Vc_trial_186_best_state.pt,"{'learning_rate': 0.008989060747149316, 'lr_reduce': 0.6}",TPESampler,COMPLETE
187,0.09194926917552948,2025-04-25 23:06:00.616863,2025-04-25 23:06:13.069804,0 days 00:00:12.452941,0.07241470179410507,96,128,,,2,0.004106944785481576,0.6,checkpoints/mlp_Vc_trial_187_best_state.pt,"{'learning_rate': 0.004106944785481576, 'lr_reduce': 0.6}",TPESampler,COMPLETE
188,0.09487468004226685,2025-04-25 23:06:03.665614,2025-04-25 23:06:18.736982,0 days 00:00:15.071368,0.05749024122362017,48,80,,,2,0.0018435169133736216,0.6,checkpoints/mlp_Vc_trial_188_best_state.pt,"{'learning_rate': 0.0018435169133736216, 'lr_reduce': 0.6}",TPESampler,COMPLETE
189,0.0377008393406868,2025-04-25 23:06:09.406694,2025-04-25 23:06:18.881166,0 days 00:00:09.474472,0.0030205209805110123,32,128,400.0,,3,0.007468595509339338,0.6,checkpoints/mlp_Vc_trial_189_best_state.pt,"{'learning_rate': 0.007468595509339338, 'lr_reduce': 0.6}",TPESampler,COMPLETE
190,0.10130388289690018,2025-04-25 23:06:13.348946,2025-04-25 23:06:24.808135,0 days 00:00:11.459189,0.10245863654064555,144,144,384.0,,3,0.008956027370123878,0.6,checkpoints/mlp_Vc_trial_190_best_state.pt,"{'learning_rate': 0.008956027370123878, 'lr_reduce': 0.6}",TPESampler,COMPLETE
191,0.1385558545589447,2025-04-25 23:06:19.065100,2025-04-25 23:06:47.232978,0 days 00:00:28.167878,0.1856018538482866,272,256,432.0,352.0,4,0.0002234944234434404,0.6,checkpoints/mlp_Vc_trial_191_best_state.pt,"{'learning_rate': 0.0002234944234434404, 'lr_reduce': 0.6}",TPESampler,COMPLETE
192,0.12389779090881348,2025-04-25 23:06:19.141668,2025-04-25 23:06:37.644102,0 days 00:00:18.502434,0.15758914159553847,496,352,368.0,224.0,4,0.000402220890750362,0.6,checkpoints/mlp_Vc_trial_192_best_state.pt,"{'learning_rate': 0.000402220890750362, 'lr_reduce': 0.6}",TPESampler,COMPLETE
193,0.0507957898080349,2025-04-25 23:06:25.091882,2025-04-25 23:06:37.512163,0 days 00:00:12.420281,0.006672830903240216,96,48,416.0,,3,0.008836368363566313,0.6,checkpoints/mlp_Vc_trial_193_best_state.pt,"{'learning_rate': 0.008836368363566313, 'lr_reduce': 0.6}",TPESampler,COMPLETE
194,0.039970993995666504,2025-04-25 23:06:37.834977,2025-04-25 23:06:47.745776,0 days 00:00:09.910799,0.004832995781734173,32,96,400.0,,3,0.007518163922189216,0.6,checkpoints/mlp_Vc_trial_194_best_state.pt,"{'learning_rate': 0.007518163922189216, 'lr_reduce': 0.6}",TPESampler,COMPLETE
195,0.03985085338354111,2025-04-25 23:06:37.920902,2025-04-25 23:06:51.401028,0 days 00:00:13.480126,0.0007699716783306533,48,64,400.0,,3,0.0063255703823379425,0.6,checkpoints/mlp_Vc_trial_195_best_state.pt,"{'learning_rate': 0.0063255703823379425, 'lr_reduce': 0.6}",TPESampler,COMPLETE
196,0.05328165367245674,2025-04-25 23:06:47.521085,2025-04-25 23:07:01.596216,0 days 00:00:14.075131,0.022583476217892154,32,160,448.0,,3,0.009122049453004386,0.6,checkpoints/mlp_Vc_trial_196_best_state.pt,"{'learning_rate': 0.009122049453004386, 'lr_reduce': 0.6}",TPESampler,COMPLETE
197,0.06498244404792786,2025-04-25 23:06:48.010481,2025-04-25 23:06:54.246272,0 days 00:00:06.235791,0.0228101729594168,64,64,352.0,,3,0.008114171460706919,0.6,checkpoints/mlp_Vc_trial_197_best_state.pt,"{'learning_rate': 0.008114171460706919, 'lr_reduce': 0.6}",TPESampler,COMPLETE
198,0.04691791906952858,2025-04-25 23:06:51.743134,2025-04-25 23:07:03.768170,0 days 00:00:12.025036,0.0003929110905777078,32,80,,,2,0.007716143830834273,0.6,checkpoints/mlp_Vc_trial_198_best_state.pt,"{'learning_rate': 0.007716143830834273, 'lr_reduce': 0.6}",TPESampler,COMPLETE
199,0.03601083531975746,2025-04-25 23:06:54.503402,2025-04-25 23:07:04.574514,0 days 00:00:10.071112,0.005926063346984464,48,64,384.0,,3,0.007251226984665805,0.6,checkpoints/mlp_Vc_trial_199_best_state.pt,"{'learning_rate': 0.007251226984665805, 'lr_reduce': 0.6}",TPESampler,COMPLETE
200,0.04866644740104675,2025-04-25 23:07:01.913733,2025-04-25 23:07:12.383927,0 days 00:00:10.470194,0.0015670801197649878,48,64,384.0,,3,0.009871714633437176,0.6,checkpoints/mlp_Vc_trial_200_best_state.pt,"{'learning_rate': 0.009871714633437176, 'lr_reduce': 0.6}",TPESampler,COMPLETE
201,0.04176599904894829,2025-04-25 23:07:04.052979,2025-04-25 23:07:13.952135,0 days 00:00:09.899156,0.00606088449816361,32,192,416.0,,3,0.007467943855972257,0.6,checkpoints/mlp_Vc_trial_201_best_state.pt,"{'learning_rate': 0.007467943855972257, 'lr_reduce': 0.6}",TPESampler,COMPLETE
202,0.04650868847966194,2025-04-25 23:07:04.953921,2025-04-25 23:07:21.467914,0 days 00:00:16.513993,0.00042699369757351335,48,112,320.0,,3,0.007953244023560208,0.6,checkpoints/mlp_Vc_trial_202_best_state.pt,"{'learning_rate': 0.007953244023560208, 'lr_reduce': 0.6}",TPESampler,COMPLETE
203,0.05297522991895676,2025-04-25 23:07:12.677617,2025-04-25 23:07:25.947442,0 days 00:00:13.269825,0.01118556250398662,48,48,368.0,,3,0.002883847300806353,0.6,checkpoints/mlp_Vc_trial_203_best_state.pt,"{'learning_rate': 0.002883847300806353, 'lr_reduce': 0.6}",TPESampler,COMPLETE
204,0.04945407807826996,2025-04-25 23:07:14.244746,2025-04-25 23:07:23.195318,0 days 00:00:08.950572,0.044714119339542766,32,80,384.0,,3,0.007730503607120691,0.6,checkpoints/mlp_Vc_trial_204_best_state.pt,"{'learning_rate': 0.007730503607120691, 'lr_reduce': 0.6}",TPESampler,COMPLETE
205,0.04585100710391998,2025-04-25 23:07:21.781733,2025-04-25 23:07:33.075787,0 days 00:00:11.294054,0.004817330953084456,32,64,416.0,,3,0.004584751759023654,0.6,checkpoints/mlp_Vc_trial_205_best_state.pt,"{'learning_rate': 0.004584751759023654, 'lr_reduce': 0.6}",TPESampler,COMPLETE
206,0.04658253863453865,2025-04-25 23:07:23.573812,2025-04-25 23:07:31.125881,0 days 00:00:07.552069,0.02975013114056462,32,64,368.0,,3,0.007403902832579063,0.6,checkpoints/mlp_Vc_trial_206_best_state.pt,"{'learning_rate': 0.007403902832579063, 'lr_reduce': 0.6}",TPESampler,COMPLETE
207,0.055300481617450714,2025-04-25 23:07:26.210861,2025-04-25 23:07:36.018545,0 days 00:00:09.807684,0.0040054619844953525,32,96,464.0,,3,0.007216134864137512,0.6,checkpoints/mlp_Vc_trial_207_best_state.pt,"{'learning_rate': 0.007216134864137512, 'lr_reduce': 0.6}",TPESampler,COMPLETE
208,0.07311985641717911,2025-04-25 23:07:31.375552,2025-04-25 23:07:39.856193,0 days 00:00:08.480641,0.038001203021600614,144,144,384.0,,3,0.004158226166241078,0.6,checkpoints/mlp_Vc_trial_208_best_state.pt,"{'learning_rate': 0.004158226166241078, 'lr_reduce': 0.6}",TPESampler,COMPLETE
209,0.03831693157553673,2025-04-25 23:07:33.440048,2025-04-25 23:07:43.368318,0 days 00:00:09.928270,0.00806644602316328,32,128,416.0,,3,0.004598816021588893,0.6,checkpoints/mlp_Vc_trial_209_best_state.pt,"{'learning_rate': 0.004598816021588893, 'lr_reduce': 0.6}",TPESampler,COMPLETE
210,0.05866995453834534,2025-04-25 23:07:36.368463,2025-04-25 23:07:48.291961,0 days 00:00:11.923498,0.010677008061872613,96,32,336.0,128.0,4,0.008206563151502252,0.6,checkpoints/mlp_Vc_trial_210_best_state.pt,"{'learning_rate': 0.008206563151502252, 'lr_reduce': 0.6}",TPESampler,COMPLETE
211,0.045949600636959076,2025-04-25 23:07:40.174565,2025-04-25 23:08:01.928181,0 days 00:00:21.753616,0.00040568720122290846,32,80,416.0,,3,0.004702579259173947,0.6,checkpoints/mlp_Vc_trial_211_best_state.pt,"{'learning_rate': 0.004702579259173947, 'lr_reduce': 0.6}",TPESampler,COMPLETE
212,0.09861241281032562,2025-04-25 23:07:43.740873,2025-04-25 23:07:58.738754,0 days 00:00:14.997881,0.21919062800226535,112,464,384.0,224.0,4,0.005211253807791564,0.6,checkpoints/mlp_Vc_trial_212_best_state.pt,"{'learning_rate': 0.005211253807791564, 'lr_reduce': 0.6}",TPESampler,COMPLETE
213,0.03685829043388367,2025-04-25 23:07:48.649302,2025-04-25 23:08:05.778223,0 days 00:00:17.128921,0.0014879569128545883,32,112,448.0,,3,0.0039787350130122264,0.6,checkpoints/mlp_Vc_trial_213_best_state.pt,"{'learning_rate': 0.0039787350130122264, 'lr_reduce': 0.6}",TPESampler,COMPLETE
214,0.04356963559985161,2025-04-25 23:07:59.038794,2025-04-25 23:08:07.727545,0 days 00:00:08.688751,0.01132538256494946,48,32,416.0,,3,0.0052933291407649165,0.6,checkpoints/mlp_Vc_trial_214_best_state.pt,"{'learning_rate': 0.0052933291407649165, 'lr_reduce': 0.6}",TPESampler,COMPLETE
215,0.08611082285642624,2025-04-25 23:08:02.175544,2025-04-25 23:08:11.663932,0 days 00:00:09.488388,0.014582142315493393,144,176,400.0,,3,0.004566496368134263,0.6,checkpoints/mlp_Vc_trial_215_best_state.pt,"{'learning_rate': 0.004566496368134263, 'lr_reduce': 0.6}",TPESampler,COMPLETE
216,0.12321466952562332,2025-04-25 23:08:06.289275,2025-04-25 23:08:21.922754,0 days 00:00:15.633479,0.14951771698859845,336,464,480.0,,3,0.006687102674377886,0.6,checkpoints/mlp_Vc_trial_216_best_state.pt,"{'learning_rate': 0.006687102674377886, 'lr_reduce': 0.6}",TPESampler,COMPLETE
217,0.05760088935494423,2025-04-25 23:08:08.006776,2025-04-25 23:08:16.449105,0 days 00:00:08.442329,0.03337678885565641,32,160,400.0,,3,0.003536411691338882,0.6,checkpoints/mlp_Vc_trial_217_best_state.pt,"{'learning_rate': 0.003536411691338882, 'lr_reduce': 0.6}",TPESampler,COMPLETE
218,0.0880928635597229,2025-04-25 23:08:12.018756,2025-04-25 23:08:26.429187,0 days 00:00:14.410431,0.0006287158749974878,96,144,352.0,,3,0.00197089665215924,0.6,checkpoints/mlp_Vc_trial_218_best_state.pt,"{'learning_rate': 0.00197089665215924, 'lr_reduce': 0.6}",TPESampler,COMPLETE
219,0.040904104709625244,2025-04-25 23:08:16.748219,2025-04-25 23:08:27.540672,0 days 00:00:10.792453,0.002891128432104251,48,112,448.0,,3,0.0028529447223917936,0.6,checkpoints/mlp_Vc_trial_219_best_state.pt,"{'learning_rate': 0.0028529447223917936, 'lr_reduce': 0.6}",TPESampler,COMPLETE
220,0.0426178053021431,2025-04-25 23:08:22.207026,2025-04-25 23:08:31.066038,0 days 00:00:08.859012,0.011232328141935139,32,160,400.0,,3,0.0038286389651032483,0.6,checkpoints/mlp_Vc_trial_220_best_state.pt,"{'learning_rate': 0.0038286389651032483, 'lr_reduce': 0.6}",TPESampler,COMPLETE
221,0.036580074578523636,2025-04-25 23:08:26.758528,2025-04-25 23:08:34.993414,0 days 00:00:08.234886,0.003876761630530197,32,48,432.0,,3,0.007968994765677917,0.6,checkpoints/mlp_Vc_trial_221_best_state.pt,"{'learning_rate': 0.007968994765677917, 'lr_reduce': 0.6}",TPESampler,COMPLETE
222,0.05196217820048332,2025-04-25 23:08:27.871933,2025-04-25 23:08:37.697005,0 days 00:00:09.825072,6.059313819494188e-05,64,128,336.0,,3,0.008709173239075572,0.6,checkpoints/mlp_Vc_trial_222_best_state.pt,"{'learning_rate': 0.008709173239075572, 'lr_reduce': 0.6}",TPESampler,COMPLETE
223,0.06214161962270737,2025-04-25 23:08:31.363914,2025-04-25 23:08:41.948607,0 days 00:00:10.584693,0.0598284814824769,32,128,464.0,,3,0.007300973193115614,0.6,checkpoints/mlp_Vc_trial_223_best_state.pt,"{'learning_rate': 0.007300973193115614, 'lr_reduce': 0.6}",TPESampler,COMPLETE
224,0.04493240639567375,2025-04-25 23:08:35.323785,2025-04-25 23:08:44.847808,0 days 00:00:09.524023,0.0020430642588326504,32,80,432.0,,3,0.0072841261819528115,0.6,checkpoints/mlp_Vc_trial_224_best_state.pt,"{'learning_rate': 0.0072841261819528115, 'lr_reduce': 0.6}",TPESampler,COMPLETE
