number,value,datetime_start,datetime_complete,duration,params_final_dropout,params_mlp_dim_00,params_mlp_dim_01,params_mlp_dim_02,params_mlp_dim_03,params_mlp_n_layers,params_train_learning_rate,params_train_lr_reduce,user_attrs_best_state_dict_path,user_attrs_training_params,system_attrs_auto:sampler,state
750,0.048110611736774445,2025-04-25 23:49:06.548620,2025-04-25 23:49:17.709190,0 days 00:00:11.160570,0.05735474440940254,96,48,384.0,,3,0.00582499519354462,0.6,checkpoints/mlp_Vc_trial_750_best_state.pt,"{'learning_rate': 0.00582499519354462, 'lr_reduce': 0.6}",TPESampler,COMPLETE
751,0.05403696373105049,2025-04-25 23:49:10.215049,2025-04-25 23:49:23.602716,0 days 00:00:13.387667,0.010096244507678463,112,160,320.0,,3,0.0040778239809248825,0.6,checkpoints/mlp_Vc_trial_751_best_state.pt,"{'learning_rate': 0.0040778239809248825, 'lr_reduce': 0.6}",TPESampler,COMPLETE
752,0.15585985779762268,2025-04-25 23:49:13.834111,2025-04-25 23:49:39.906104,0 days 00:00:26.071993,0.020351495129176722,256,480,512.0,96.0,4,0.00014968409139320263,0.6,checkpoints/mlp_Vc_trial_752_best_state.pt,"{'learning_rate': 0.00014968409139320263, 'lr_reduce': 0.6}",TPESampler,COMPLETE
753,0.0565904825925827,2025-04-25 23:49:18.082582,2025-04-25 23:49:27.133596,0 days 00:00:09.051014,0.0007036838814367015,128,64,416.0,,3,0.007320385654825675,0.6,checkpoints/mlp_Vc_trial_753_best_state.pt,"{'learning_rate': 0.007320385654825675, 'lr_reduce': 0.6}",TPESampler,COMPLETE
754,0.08552192151546478,2025-04-25 23:49:23.954801,2025-04-25 23:49:33.629734,0 days 00:00:09.674933,0.06954978947372427,96,160,384.0,288.0,4,0.004649113530178403,0.6,checkpoints/mlp_Vc_trial_754_best_state.pt,"{'learning_rate': 0.004649113530178403, 'lr_reduce': 0.6}",TPESampler,COMPLETE
755,0.07329501956701279,2025-04-25 23:49:27.444521,2025-04-25 23:49:37.429135,0 days 00:00:09.984614,0.09465466526039942,32,224,432.0,,3,0.007469944319571158,0.6,checkpoints/mlp_Vc_trial_755_best_state.pt,"{'learning_rate': 0.007469944319571158, 'lr_reduce': 0.6}",TPESampler,COMPLETE
756,0.0388600192964077,2025-04-25 23:49:33.978001,2025-04-25 23:49:46.995985,0 days 00:00:13.017984,0.005979304346078145,48,48,336.0,,3,0.003065180203437309,0.6,checkpoints/mlp_Vc_trial_756_best_state.pt,"{'learning_rate': 0.003065180203437309, 'lr_reduce': 0.6}",TPESampler,COMPLETE
757,0.035540975630283356,2025-04-25 23:49:37.688670,2025-04-25 23:49:49.046425,0 days 00:00:11.357755,0.0026528240589327456,32,128,384.0,32.0,4,0.007721614020063332,0.6,checkpoints/mlp_Vc_trial_757_best_state.pt,"{'learning_rate': 0.007721614020063332, 'lr_reduce': 0.6}",TPESampler,COMPLETE
758,0.03603115305304527,2025-04-25 23:49:40.474960,2025-04-25 23:49:58.057585,0 days 00:00:17.582625,0.0005595612541324543,32,48,256.0,,3,0.004499008451065482,0.6,checkpoints/mlp_Vc_trial_758_best_state.pt,"{'learning_rate': 0.004499008451065482, 'lr_reduce': 0.6}",TPESampler,COMPLETE
759,0.09113720804452896,2025-04-25 23:49:47.276793,2025-04-25 23:49:58.401914,0 days 00:00:11.125121,0.11087374429819791,208,416,,,2,0.004397028897728594,0.6,checkpoints/mlp_Vc_trial_759_best_state.pt,"{'learning_rate': 0.004397028897728594, 'lr_reduce': 0.6}",TPESampler,COMPLETE
760,0.06494254618883133,2025-04-25 23:49:49.399190,2025-04-25 23:49:57.615116,0 days 00:00:08.215926,0.03667918596181164,128,80,432.0,32.0,4,0.004561466804637231,0.6,checkpoints/mlp_Vc_trial_760_best_state.pt,"{'learning_rate': 0.004561466804637231, 'lr_reduce': 0.6}",TPESampler,COMPLETE
761,0.06059372052550316,2025-04-25 23:49:57.913608,2025-04-25 23:50:08.947371,0 days 00:00:11.033763,0.0209701006582192,112,208,272.0,32.0,4,0.004519119321174669,0.6,checkpoints/mlp_Vc_trial_761_best_state.pt,"{'learning_rate': 0.004519119321174669, 'lr_reduce': 0.6}",TPESampler,COMPLETE
762,0.12895573675632477,2025-04-25 23:49:58.388158,2025-04-25 23:50:09.954839,0 days 00:00:11.566681,0.20567762676655543,368,64,288.0,,3,0.000970936798224076,0.6,checkpoints/mlp_Vc_trial_762_best_state.pt,"{'learning_rate': 0.000970936798224076, 'lr_reduce': 0.6}",TPESampler,COMPLETE
763,0.045556798577308655,2025-04-25 23:49:58.728986,2025-04-25 23:50:08.864774,0 days 00:00:10.135788,0.03138701983042052,48,112,176.0,112.0,4,0.00535124698433735,0.6,checkpoints/mlp_Vc_trial_763_best_state.pt,"{'learning_rate': 0.00535124698433735, 'lr_reduce': 0.6}",TPESampler,COMPLETE
764,0.0578489787876606,2025-04-25 23:50:09.143392,2025-04-25 23:50:18.336724,0 days 00:00:09.193332,0.0006227370437409418,128,96,224.0,32.0,4,0.007906605936829871,0.6,checkpoints/mlp_Vc_trial_764_best_state.pt,"{'learning_rate': 0.007906605936829871, 'lr_reduce': 0.6}",TPESampler,COMPLETE
765,0.07627299427986145,2025-04-25 23:50:09.231200,2025-04-25 23:50:20.493341,0 days 00:00:11.262141,0.029443459445771026,128,32,272.0,,3,0.002859490657625428,0.6,checkpoints/mlp_Vc_trial_765_best_state.pt,"{'learning_rate': 0.002859490657625428, 'lr_reduce': 0.6}",TPESampler,COMPLETE
766,0.06294392049312592,2025-04-25 23:50:10.298219,2025-04-25 23:50:23.374072,0 days 00:00:13.075853,0.011901463575970739,144,160,224.0,96.0,4,0.009486364959073543,0.6,checkpoints/mlp_Vc_trial_766_best_state.pt,"{'learning_rate': 0.009486364959073543, 'lr_reduce': 0.6}",TPESampler,COMPLETE
767,0.19583465158939362,2025-04-25 23:50:18.690101,2025-04-25 23:50:25.552212,0 days 00:00:06.862111,0.2513588844530281,368,64,224.0,112.0,4,0.004524732328500928,0.6,checkpoints/mlp_Vc_trial_767_best_state.pt,"{'learning_rate': 0.004524732328500928, 'lr_reduce': 0.6}",TPESampler,COMPLETE
768,0.051717810332775116,2025-04-25 23:50:20.796342,2025-04-25 23:50:28.190904,0 days 00:00:07.394562,0.01703707101832484,32,112,272.0,176.0,4,0.0033886824040276035,0.6,checkpoints/mlp_Vc_trial_768_best_state.pt,"{'learning_rate': 0.0033886824040276035, 'lr_reduce': 0.6}",TPESampler,COMPLETE
769,0.10292845219373703,2025-04-25 23:50:23.643435,2025-04-25 23:50:38.634213,0 days 00:00:14.990778,0.010091755985381118,320,80,224.0,,3,0.0010729618194012156,0.6,checkpoints/mlp_Vc_trial_769_best_state.pt,"{'learning_rate': 0.0010729618194012156, 'lr_reduce': 0.6}",TPESampler,COMPLETE
770,0.05260280519723892,2025-04-25 23:50:25.885112,2025-04-25 23:50:35.208408,0 days 00:00:09.323296,0.04925812575572932,48,160,256.0,32.0,4,0.005634614755988654,0.6,checkpoints/mlp_Vc_trial_770_best_state.pt,"{'learning_rate': 0.005634614755988654, 'lr_reduce': 0.6}",TPESampler,COMPLETE
771,0.059750545769929886,2025-04-25 23:50:28.525748,2025-04-25 23:50:37.997563,0 days 00:00:09.471815,0.0015748059280389038,128,112,272.0,,3,0.005683395025035216,0.6,checkpoints/mlp_Vc_trial_771_best_state.pt,"{'learning_rate': 0.005683395025035216, 'lr_reduce': 0.6}",TPESampler,COMPLETE
772,0.04956289380788803,2025-04-25 23:50:35.499256,2025-04-25 23:50:47.830395,0 days 00:00:12.331139,0.014914274032980622,32,96,320.0,,3,0.003134135295693053,0.6,checkpoints/mlp_Vc_trial_772_best_state.pt,"{'learning_rate': 0.003134135295693053, 'lr_reduce': 0.6}",TPESampler,COMPLETE
773,0.04730726778507233,2025-04-25 23:50:38.496350,2025-04-25 23:50:51.045945,0 days 00:00:12.549595,0.0053546454402174145,64,176,320.0,112.0,4,0.006969914255443021,0.6,checkpoints/mlp_Vc_trial_773_best_state.pt,"{'learning_rate': 0.006969914255443021, 'lr_reduce': 0.6}",TPESampler,COMPLETE
774,0.07594931125640869,2025-04-25 23:50:39.050437,2025-04-25 23:51:03.786159,0 days 00:00:24.735722,0.05945322087221811,32,32,,,2,0.0038546519120532304,0.6,checkpoints/mlp_Vc_trial_774_best_state.pt,"{'learning_rate': 0.0038546519120532304, 'lr_reduce': 0.6}",TPESampler,COMPLETE
775,0.04556068032979965,2025-04-25 23:50:48.212708,2025-04-25 23:51:02.597729,0 days 00:00:14.385021,0.01107646724313422,48,192,352.0,176.0,4,0.00841522310070539,0.6,checkpoints/mlp_Vc_trial_775_best_state.pt,"{'learning_rate': 0.00841522310070539, 'lr_reduce': 0.6}",TPESampler,COMPLETE
776,0.04928711801767349,2025-04-25 23:50:51.369823,2025-04-25 23:51:01.185502,0 days 00:00:09.815679,0.004181076423387581,112,48,368.0,,3,0.004421398332836087,0.6,checkpoints/mlp_Vc_trial_776_best_state.pt,"{'learning_rate': 0.004421398332836087, 'lr_reduce': 0.6}",TPESampler,COMPLETE
777,0.041223276406526566,2025-04-25 23:51:01.568778,2025-04-25 23:51:13.912487,0 days 00:00:12.343709,0.0018178129827590174,48,80,272.0,,3,0.003841530709005846,0.6,checkpoints/mlp_Vc_trial_777_best_state.pt,"{'learning_rate': 0.003841530709005846, 'lr_reduce': 0.6}",TPESampler,COMPLETE
778,0.05654306337237358,2025-04-25 23:51:02.959032,2025-04-25 23:51:12.744261,0 days 00:00:09.785229,0.010856009112310133,64,96,368.0,32.0,4,0.009930605773124889,0.6,checkpoints/mlp_Vc_trial_778_best_state.pt,"{'learning_rate': 0.009930605773124889, 'lr_reduce': 0.6}",TPESampler,COMPLETE
779,0.1171831339597702,2025-04-25 23:51:04.088487,2025-04-25 23:51:17.905746,0 days 00:00:13.817259,0.25865266575474083,496,384,320.0,112.0,4,0.0021994184405414183,0.6,checkpoints/mlp_Vc_trial_779_best_state.pt,"{'learning_rate': 0.0021994184405414183, 'lr_reduce': 0.6}",TPESampler,COMPLETE
780,0.0521492175757885,2025-04-25 23:51:13.111775,2025-04-25 23:51:28.245811,0 days 00:00:15.134036,0.0062684665319535995,32,96,,,2,0.004275613984787639,0.6,checkpoints/mlp_Vc_trial_780_best_state.pt,"{'learning_rate': 0.004275613984787639, 'lr_reduce': 0.6}",TPESampler,COMPLETE
781,0.05197463929653168,2025-04-25 23:51:14.201347,2025-04-25 23:51:31.021137,0 days 00:00:16.819790,0.0012541458422548378,80,32,384.0,,3,0.0041008051978674645,0.6,checkpoints/mlp_Vc_trial_781_best_state.pt,"{'learning_rate': 0.0041008051978674645, 'lr_reduce': 0.6}",TPESampler,COMPLETE
782,0.09644722938537598,2025-04-25 23:51:18.218843,2025-04-25 23:51:30.979947,0 days 00:00:12.761104,0.27162769025578043,224,272,,,2,0.0032566400134275415,0.6,checkpoints/mlp_Vc_trial_782_best_state.pt,"{'learning_rate': 0.0032566400134275415, 'lr_reduce': 0.6}",TPESampler,COMPLETE
783,0.04473642632365227,2025-04-25 23:51:28.700967,2025-04-25 23:51:37.597656,0 days 00:00:08.896689,0.0013614478556725866,64,80,368.0,,3,0.009204222574017868,0.6,checkpoints/mlp_Vc_trial_783_best_state.pt,"{'learning_rate': 0.009204222574017868, 'lr_reduce': 0.6}",TPESampler,COMPLETE
784,0.07240485399961472,2025-04-25 23:51:31.267240,2025-04-25 23:51:42.218480,0 days 00:00:10.951240,0.004464088454633418,80,128,320.0,160.0,4,0.002515241094999584,0.6,checkpoints/mlp_Vc_trial_784_best_state.pt,"{'learning_rate': 0.002515241094999584, 'lr_reduce': 0.6}",TPESampler,COMPLETE
785,0.03648791462182999,2025-04-25 23:51:31.317598,2025-04-25 23:51:40.298950,0 days 00:00:08.981352,0.01768733722959987,32,32,384.0,,3,0.004960773485838103,0.6,checkpoints/mlp_Vc_trial_785_best_state.pt,"{'learning_rate': 0.004960773485838103, 'lr_reduce': 0.6}",TPESampler,COMPLETE
786,0.05345187708735466,2025-04-25 23:51:37.885637,2025-04-25 23:51:51.429596,0 days 00:00:13.543959,0.009825865616531412,48,160,400.0,208.0,4,0.00870533564750388,0.6,checkpoints/mlp_Vc_trial_786_best_state.pt,"{'learning_rate': 0.00870533564750388, 'lr_reduce': 0.6}",TPESampler,COMPLETE
787,0.05684567987918854,2025-04-25 23:51:40.578643,2025-04-25 23:51:49.199870,0 days 00:00:08.621227,0.025346578841025966,48,32,352.0,,3,0.0028047535996525564,0.6,checkpoints/mlp_Vc_trial_787_best_state.pt,"{'learning_rate': 0.0028047535996525564, 'lr_reduce': 0.6}",TPESampler,COMPLETE
788,0.04199143126606941,2025-04-25 23:51:42.548201,2025-04-25 23:51:52.284255,0 days 00:00:09.736054,0.014034623307538827,48,32,352.0,,3,0.003798227605244376,0.6,checkpoints/mlp_Vc_trial_788_best_state.pt,"{'learning_rate': 0.003798227605244376, 'lr_reduce': 0.6}",TPESampler,COMPLETE
789,0.5005098581314087,2025-04-25 23:51:49.476341,2025-04-25 23:51:53.143733,0 days 00:00:03.667392,0.03219585083848828,320,512,,,2,0.008601945229533893,0.6,checkpoints/mlp_Vc_trial_789_best_state.pt,"{'learning_rate': 0.008601945229533893, 'lr_reduce': 0.6}",TPESampler,COMPLETE
790,0.07058116048574448,2025-04-25 23:51:51.710643,2025-04-25 23:52:01.734422,0 days 00:00:10.023779,0.06492454496637746,32,32,256.0,,3,0.002082854812344061,0.6,checkpoints/mlp_Vc_trial_790_best_state.pt,"{'learning_rate': 0.002082854812344061, 'lr_reduce': 0.6}",TPESampler,COMPLETE
791,0.07079121470451355,2025-04-25 23:51:52.722465,2025-04-25 23:52:08.827397,0 days 00:00:16.104932,0.004480253635221273,128,32,384.0,,3,0.0016131967185723328,0.6,checkpoints/mlp_Vc_trial_791_best_state.pt,"{'learning_rate': 0.0016131967185723328, 'lr_reduce': 0.6}",TPESampler,COMPLETE
792,0.05249197036027908,2025-04-25 23:51:53.517101,2025-04-25 23:52:01.486947,0 days 00:00:07.969846,0.06344832836021384,32,128,336.0,96.0,4,0.004003472596797764,0.6,checkpoints/mlp_Vc_trial_792_best_state.pt,"{'learning_rate': 0.004003472596797764, 'lr_reduce': 0.6}",TPESampler,COMPLETE
793,0.0575866624712944,2025-04-25 23:52:01.785535,2025-04-25 23:52:09.075538,0 days 00:00:07.290003,0.04821603031327877,32,32,400.0,,3,0.006176172774100555,0.6,checkpoints/mlp_Vc_trial_793_best_state.pt,"{'learning_rate': 0.006176172774100555, 'lr_reduce': 0.6}",TPESampler,COMPLETE
794,0.05865810438990593,2025-04-25 23:52:02.098463,2025-04-25 23:52:12.568175,0 days 00:00:10.469712,0.0568347824239366,80,32,304.0,,3,0.005092105870575004,0.6,checkpoints/mlp_Vc_trial_794_best_state.pt,"{'learning_rate': 0.005092105870575004, 'lr_reduce': 0.6}",TPESampler,COMPLETE
795,0.04105222970247269,2025-04-25 23:52:09.289700,2025-04-25 23:52:20.278410,0 days 00:00:10.988710,0.01837315216937108,32,32,384.0,,3,0.004908413826232512,0.6,checkpoints/mlp_Vc_trial_795_best_state.pt,"{'learning_rate': 0.004908413826232512, 'lr_reduce': 0.6}",TPESampler,COMPLETE
796,0.07425999641418457,2025-04-25 23:52:09.628665,2025-04-25 23:52:17.847373,0 days 00:00:08.218708,0.02466834825900071,32,48,400.0,32.0,4,0.009963870783284296,0.6,checkpoints/mlp_Vc_trial_796_best_state.pt,"{'learning_rate': 0.009963870783284296, 'lr_reduce': 0.6}",TPESampler,COMPLETE
797,0.03541462868452072,2025-04-25 23:52:12.898416,2025-04-25 23:52:26.050663,0 days 00:00:13.152247,0.0012230961785349628,32,64,336.0,,3,0.005764590639585659,0.6,checkpoints/mlp_Vc_trial_797_best_state.pt,"{'learning_rate': 0.005764590639585659, 'lr_reduce': 0.6}",TPESampler,COMPLETE
798,0.052759263664484024,2025-04-25 23:52:18.183852,2025-04-25 23:52:31.026505,0 days 00:00:12.842653,0.00718301453425235,32,96,416.0,208.0,4,0.008597111976724026,0.6,checkpoints/mlp_Vc_trial_798_best_state.pt,"{'learning_rate': 0.008597111976724026, 'lr_reduce': 0.6}",TPESampler,COMPLETE
799,0.08388651907444,2025-04-25 23:52:20.685011,2025-04-25 23:52:34.985339,0 days 00:00:14.300328,0.0460747825140405,128,128,368.0,,3,0.0019275375495512615,0.6,checkpoints/mlp_Vc_trial_799_best_state.pt,"{'learning_rate': 0.0019275375495512615, 'lr_reduce': 0.6}",TPESampler,COMPLETE
800,0.07186956703662872,2025-04-25 23:52:26.377282,2025-04-25 23:52:37.419677,0 days 00:00:11.042395,0.011711575582250663,96,32,304.0,,3,0.008815163480719476,0.6,checkpoints/mlp_Vc_trial_800_best_state.pt,"{'learning_rate': 0.008815163480719476, 'lr_reduce': 0.6}",TPESampler,COMPLETE
801,0.10931509733200073,2025-04-25 23:52:31.373922,2025-04-25 23:52:40.962989,0 days 00:00:09.589067,0.0021541086228534486,160,64,,,2,0.004309530519784703,0.6,checkpoints/mlp_Vc_trial_801_best_state.pt,"{'learning_rate': 0.004309530519784703, 'lr_reduce': 0.6}",TPESampler,COMPLETE
802,0.07765395939350128,2025-04-25 23:52:35.283132,2025-04-25 23:52:41.528360,0 days 00:00:06.245228,0.003551924943265833,80,32,288.0,,3,0.006017031144328716,0.6,checkpoints/mlp_Vc_trial_802_best_state.pt,"{'learning_rate': 0.006017031144328716, 'lr_reduce': 0.6}",TPESampler,COMPLETE
803,0.05885578691959381,2025-04-25 23:52:37.915232,2025-04-25 23:53:07.513888,0 days 00:00:29.598656,0.0015407876374370147,80,32,320.0,,3,0.007327640065967102,0.6,checkpoints/mlp_Vc_trial_803_best_state.pt,"{'learning_rate': 0.007327640065967102, 'lr_reduce': 0.6}",TPESampler,COMPLETE
804,0.04849957674741745,2025-04-25 23:52:41.282182,2025-04-25 23:52:51.880290,0 days 00:00:10.598108,0.025677090472310427,32,32,320.0,,3,0.006446065806326686,0.6,checkpoints/mlp_Vc_trial_804_best_state.pt,"{'learning_rate': 0.006446065806326686, 'lr_reduce': 0.6}",TPESampler,COMPLETE
805,0.046700362116098404,2025-04-25 23:52:41.894726,2025-04-25 23:52:53.579186,0 days 00:00:11.684460,0.02743411841285639,32,64,336.0,,3,0.005514447739006793,0.6,checkpoints/mlp_Vc_trial_805_best_state.pt,"{'learning_rate': 0.005514447739006793, 'lr_reduce': 0.6}",TPESampler,COMPLETE
806,0.06387899816036224,2025-04-25 23:52:52.252261,2025-04-25 23:53:09.796454,0 days 00:00:17.544193,0.0048411120790572,128,96,336.0,,3,0.0025389929207167107,0.6,checkpoints/mlp_Vc_trial_806_best_state.pt,"{'learning_rate': 0.0025389929207167107, 'lr_reduce': 0.6}",TPESampler,COMPLETE
807,0.03951670229434967,2025-04-25 23:52:54.105656,2025-04-25 23:53:03.908543,0 days 00:00:09.802887,0.01010977016645791,32,112,288.0,,3,0.006316502922640814,0.6,checkpoints/mlp_Vc_trial_807_best_state.pt,"{'learning_rate': 0.006316502922640814, 'lr_reduce': 0.6}",TPESampler,COMPLETE
808,0.056155115365982056,2025-04-25 23:53:04.179168,2025-04-25 23:53:15.715842,0 days 00:00:11.536674,0.039832219946147725,32,240,352.0,,3,0.005691412992278236,0.6,checkpoints/mlp_Vc_trial_808_best_state.pt,"{'learning_rate': 0.005691412992278236, 'lr_reduce': 0.6}",TPESampler,COMPLETE
809,0.045596279203891754,2025-04-25 23:53:07.889085,2025-04-25 23:53:22.836760,0 days 00:00:14.947675,0.005096944753703257,32,176,160.0,,3,0.00199069006966949,0.6,checkpoints/mlp_Vc_trial_809_best_state.pt,"{'learning_rate': 0.00199069006966949, 'lr_reduce': 0.6}",TPESampler,COMPLETE
810,0.04447169229388237,2025-04-25 23:53:10.067535,2025-04-25 23:53:18.585690,0 days 00:00:08.518155,0.020778906618049472,32,48,240.0,96.0,4,0.003874572558172031,0.6,checkpoints/mlp_Vc_trial_810_best_state.pt,"{'learning_rate': 0.003874572558172031, 'lr_reduce': 0.6}",TPESampler,COMPLETE
811,0.058340854942798615,2025-04-25 23:53:16.049634,2025-04-25 23:53:24.654489,0 days 00:00:08.604855,0.045677236248601635,32,80,352.0,,3,0.0038803047564679744,0.6,checkpoints/mlp_Vc_trial_811_best_state.pt,"{'learning_rate': 0.0038803047564679744, 'lr_reduce': 0.6}",TPESampler,COMPLETE
812,0.07061402499675751,2025-04-25 23:53:18.867448,2025-04-25 23:53:35.310840,0 days 00:00:16.443392,0.004871051255950899,48,48,352.0,,3,0.0014400849384380919,0.6,checkpoints/mlp_Vc_trial_812_best_state.pt,"{'learning_rate': 0.0014400849384380919, 'lr_reduce': 0.6}",TPESampler,COMPLETE
813,0.06227090582251549,2025-04-25 23:53:23.132821,2025-04-25 23:53:37.687719,0 days 00:00:14.554898,0.0002396348845336131,128,64,304.0,160.0,4,0.0028753776406026665,0.6,checkpoints/mlp_Vc_trial_813_best_state.pt,"{'learning_rate': 0.0028753776406026665, 'lr_reduce': 0.6}",TPESampler,COMPLETE
814,0.03891295939683914,2025-04-25 23:53:24.976785,2025-04-25 23:53:37.678240,0 days 00:00:12.701455,0.0018733157979572285,32,112,368.0,,3,0.004519460442439253,0.6,checkpoints/mlp_Vc_trial_814_best_state.pt,"{'learning_rate': 0.004519460442439253, 'lr_reduce': 0.6}",TPESampler,COMPLETE
815,0.03326954320073128,2025-04-25 23:53:35.650481,2025-04-25 23:53:47.094232,0 days 00:00:11.443751,0.01844145748822111,32,32,352.0,,3,0.006291356629837493,0.6,checkpoints/mlp_Vc_trial_815_best_state.pt,"{'learning_rate': 0.006291356629837493, 'lr_reduce': 0.6}",TPESampler,COMPLETE
816,0.19948531687259674,2025-04-25 23:53:37.984888,2025-04-25 23:53:47.157035,0 days 00:00:09.172147,0.2475560792852039,224,80,368.0,240.0,4,0.009466540492697486,0.6,checkpoints/mlp_Vc_trial_816_best_state.pt,"{'learning_rate': 0.009466540492697486, 'lr_reduce': 0.6}",TPESampler,COMPLETE
817,0.03297892212867737,2025-04-25 23:53:38.073146,2025-04-25 23:53:50.696514,0 days 00:00:12.623368,0.004031290048115465,32,80,304.0,,3,0.005531009321121041,0.6,checkpoints/mlp_Vc_trial_817_best_state.pt,"{'learning_rate': 0.005531009321121041, 'lr_reduce': 0.6}",TPESampler,COMPLETE
818,0.05281377211213112,2025-04-25 23:53:47.363142,2025-04-25 23:53:59.504588,0 days 00:00:12.141446,0.00989944764087817,80,32,320.0,,3,0.0026222720629411507,0.6,checkpoints/mlp_Vc_trial_818_best_state.pt,"{'learning_rate': 0.0026222720629411507, 'lr_reduce': 0.6}",TPESampler,COMPLETE
819,0.05895676836371422,2025-04-25 23:53:47.491857,2025-04-25 23:53:55.535485,0 days 00:00:08.043628,0.05550481502842065,32,32,320.0,,3,0.006937040350298849,0.6,checkpoints/mlp_Vc_trial_819_best_state.pt,"{'learning_rate': 0.006937040350298849, 'lr_reduce': 0.6}",TPESampler,COMPLETE
820,0.05766146257519722,2025-04-25 23:53:51.062260,2025-04-25 23:54:04.311632,0 days 00:00:13.249372,0.006392832573227527,48,32,272.0,,3,0.0037331458414825943,0.6,checkpoints/mlp_Vc_trial_820_best_state.pt,"{'learning_rate': 0.0037331458414825943, 'lr_reduce': 0.6}",TPESampler,COMPLETE
821,0.041032809764146805,2025-04-25 23:53:55.858294,2025-04-25 23:54:17.950516,0 days 00:00:22.092222,0.0012675749704180001,32,48,288.0,,3,0.001978347932897536,0.6,checkpoints/mlp_Vc_trial_821_best_state.pt,"{'learning_rate': 0.001978347932897536, 'lr_reduce': 0.6}",TPESampler,COMPLETE
822,0.053380198776721954,2025-04-25 23:53:59.832569,2025-04-25 23:54:08.290636,0 days 00:00:08.458067,0.03120257326409617,32,64,288.0,,3,0.008569165603712584,0.6,checkpoints/mlp_Vc_trial_822_best_state.pt,"{'learning_rate': 0.008569165603712584, 'lr_reduce': 0.6}",TPESampler,COMPLETE
823,0.040975358337163925,2025-04-25 23:54:04.632361,2025-04-25 23:54:16.504793,0 days 00:00:11.872432,0.0010390412710898347,32,144,272.0,,3,0.009030069522407463,0.6,checkpoints/mlp_Vc_trial_823_best_state.pt,"{'learning_rate': 0.009030069522407463, 'lr_reduce': 0.6}",TPESampler,COMPLETE
824,0.05082101747393608,2025-04-25 23:54:08.592085,2025-04-25 23:54:18.965221,0 days 00:00:10.373136,0.004293588442823942,32,128,224.0,,3,0.009577895966295775,0.6,checkpoints/mlp_Vc_trial_824_best_state.pt,"{'learning_rate': 0.009577895966295775, 'lr_reduce': 0.6}",TPESampler,COMPLETE
