number,value,datetime_start,datetime_complete,duration,params_final_dropout,params_mlp_dim_00,params_mlp_dim_01,params_mlp_dim_02,params_mlp_dim_03,params_mlp_n_layers,params_train_learning_rate,params_train_lr_reduce,user_attrs_best_state_dict_path,user_attrs_training_params,system_attrs_auto:sampler,state
1050,0.053954824805259705,2025-04-26 00:12:37.535869,2025-04-26 00:12:47.928828,0 days 00:00:10.392959,0.021428412689058457,64,160,320.0,96.0,4,0.0037081310697354023,0.6,checkpoints/mlp_Vc_trial_1050_best_state.pt,"{'learning_rate': 0.0037081310697354023, 'lr_reduce': 0.6}",TPESampler,COMPLETE
1051,0.08081542700529099,2025-04-26 00:12:44.839353,2025-04-26 00:13:18.126268,0 days 00:00:33.286915,0.020568707257471786,48,384,320.0,96.0,4,0.0001556519991811719,0.6,checkpoints/mlp_Vc_trial_1051_best_state.pt,"{'learning_rate': 0.0001556519991811719, 'lr_reduce': 0.6}",TPESampler,COMPLETE
1052,0.08470053225755692,2025-04-26 00:12:44.927386,2025-04-26 00:12:57.484531,0 days 00:00:12.557145,0.02145085988188168,144,80,320.0,96.0,4,0.0011840037092132123,0.6,checkpoints/mlp_Vc_trial_1052_best_state.pt,"{'learning_rate': 0.0011840037092132123, 'lr_reduce': 0.6}",TPESampler,COMPLETE
1053,0.04462086781859398,2025-04-26 00:12:48.284114,2025-04-26 00:12:59.493493,0 days 00:00:11.209379,0.05706242302501028,48,80,512.0,32.0,4,0.003847441865745478,0.6,checkpoints/mlp_Vc_trial_1053_best_state.pt,"{'learning_rate': 0.003847441865745478, 'lr_reduce': 0.6}",TPESampler,COMPLETE
1054,0.05068480595946312,2025-04-26 00:12:57.818579,2025-04-26 00:13:08.675910,0 days 00:00:10.857331,0.016356934690030633,32,160,464.0,80.0,4,0.003801910747651153,0.6,checkpoints/mlp_Vc_trial_1054_best_state.pt,"{'learning_rate': 0.003801910747651153, 'lr_reduce': 0.6}",TPESampler,COMPLETE
1055,0.05359754338860512,2025-04-26 00:12:59.813094,2025-04-26 00:13:10.820322,0 days 00:00:11.007228,0.009617169686563284,80,80,336.0,32.0,4,0.004055572638348566,0.6,checkpoints/mlp_Vc_trial_1055_best_state.pt,"{'learning_rate': 0.004055572638348566, 'lr_reduce': 0.6}",TPESampler,COMPLETE
1056,0.037005942314863205,2025-04-26 00:13:08.978438,2025-04-26 00:13:19.364046,0 days 00:00:10.385608,0.016449648057474,32,32,272.0,128.0,4,0.008538786711752554,0.6,checkpoints/mlp_Vc_trial_1056_best_state.pt,"{'learning_rate': 0.008538786711752554, 'lr_reduce': 0.6}",TPESampler,COMPLETE
1057,0.06267909705638885,2025-04-26 00:13:11.145321,2025-04-26 00:13:28.062822,0 days 00:00:16.917501,0.0024678603704901664,96,32,352.0,80.0,4,0.00825428045071584,0.6,checkpoints/mlp_Vc_trial_1057_best_state.pt,"{'learning_rate': 0.00825428045071584, 'lr_reduce': 0.6}",TPESampler,COMPLETE
1058,0.08786233514547348,2025-04-26 00:13:18.388666,2025-04-26 00:13:31.095520,0 days 00:00:12.706854,0.003970921170597535,128,192,432.0,32.0,4,0.008591790742451297,0.6,checkpoints/mlp_Vc_trial_1058_best_state.pt,"{'learning_rate': 0.008591790742451297, 'lr_reduce': 0.6}",TPESampler,COMPLETE
1059,0.04018352925777435,2025-04-26 00:13:19.730175,2025-04-26 00:13:28.967179,0 days 00:00:09.237004,0.006540308105214939,32,64,288.0,128.0,4,0.0034515105471019138,0.6,checkpoints/mlp_Vc_trial_1059_best_state.pt,"{'learning_rate': 0.0034515105471019138, 'lr_reduce': 0.6}",TPESampler,COMPLETE
1060,0.06601028889417648,2025-04-26 00:13:28.378710,2025-04-26 00:13:37.727660,0 days 00:00:09.348950,0.00026980354674845455,96,96,352.0,96.0,4,0.0029472815055229203,0.6,checkpoints/mlp_Vc_trial_1060_best_state.pt,"{'learning_rate': 0.0029472815055229203, 'lr_reduce': 0.6}",TPESampler,COMPLETE
1061,0.05118322744965553,2025-04-26 00:13:29.252810,2025-04-26 00:13:40.105828,0 days 00:00:10.853018,0.053351452036250475,32,80,416.0,32.0,4,0.00586819789347149,0.6,checkpoints/mlp_Vc_trial_1061_best_state.pt,"{'learning_rate': 0.00586819789347149, 'lr_reduce': 0.6}",TPESampler,COMPLETE
1062,0.05416903644800186,2025-04-26 00:13:31.439026,2025-04-26 00:13:44.079521,0 days 00:00:12.640495,0.003800609699474827,64,128,352.0,128.0,4,0.0034938516514671242,0.6,checkpoints/mlp_Vc_trial_1062_best_state.pt,"{'learning_rate': 0.0034938516514671242, 'lr_reduce': 0.6}",TPESampler,COMPLETE
1063,0.08179670572280884,2025-04-26 00:13:38.190978,2025-04-26 00:13:47.354086,0 days 00:00:09.163108,0.07296694955048728,128,96,400.0,80.0,4,0.002725102831990148,0.6,checkpoints/mlp_Vc_trial_1063_best_state.pt,"{'learning_rate': 0.002725102831990148, 'lr_reduce': 0.6}",TPESampler,COMPLETE
1064,0.04399430379271507,2025-04-26 00:13:40.472153,2025-04-26 00:13:52.369337,0 days 00:00:11.897184,0.0011424639270792185,96,80,288.0,32.0,4,0.00496022918964523,0.6,checkpoints/mlp_Vc_trial_1064_best_state.pt,"{'learning_rate': 0.00496022918964523, 'lr_reduce': 0.6}",TPESampler,COMPLETE
1065,0.11871052533388138,2025-04-26 00:13:44.559229,2025-04-26 00:13:57.683726,0 days 00:00:13.124497,0.23597413517799415,160,48,,,2,0.002671851845247371,0.6,checkpoints/mlp_Vc_trial_1065_best_state.pt,"{'learning_rate': 0.002671851845247371, 'lr_reduce': 0.6}",TPESampler,COMPLETE
1066,0.04766932874917984,2025-04-26 00:13:47.667721,2025-04-26 00:14:00.624189,0 days 00:00:12.956468,0.004026941257497157,96,128,464.0,112.0,4,0.0028622812919859584,0.6,checkpoints/mlp_Vc_trial_1066_best_state.pt,"{'learning_rate': 0.0028622812919859584, 'lr_reduce': 0.6}",TPESampler,COMPLETE
1067,0.03752816095948219,2025-04-26 00:13:52.691738,2025-04-26 00:14:06.318092,0 days 00:00:13.626354,0.00866413419795439,32,144,352.0,80.0,4,0.004793957065609253,0.6,checkpoints/mlp_Vc_trial_1067_best_state.pt,"{'learning_rate': 0.004793957065609253, 'lr_reduce': 0.6}",TPESampler,COMPLETE
1068,0.1284831166267395,2025-04-26 00:13:57.999903,2025-04-26 00:14:12.525949,0 days 00:00:14.526046,0.11170115433154645,384,432,400.0,32.0,4,0.0005649223716528382,0.6,checkpoints/mlp_Vc_trial_1068_best_state.pt,"{'learning_rate': 0.0005649223716528382, 'lr_reduce': 0.6}",TPESampler,COMPLETE
1069,0.05843586102128029,2025-04-26 00:14:00.934518,2025-04-26 00:14:09.112329,0 days 00:00:08.177811,0.0559159395706221,80,48,336.0,128.0,4,0.0044441031942487365,0.6,checkpoints/mlp_Vc_trial_1069_best_state.pt,"{'learning_rate': 0.0044441031942487365, 'lr_reduce': 0.6}",TPESampler,COMPLETE
1070,0.18500681221485138,2025-04-26 00:14:06.697899,2025-04-26 00:14:14.743033,0 days 00:00:08.045134,0.2672066468383718,32,400,464.0,80.0,4,0.005548133946806973,0.6,checkpoints/mlp_Vc_trial_1070_best_state.pt,"{'learning_rate': 0.005548133946806973, 'lr_reduce': 0.6}",TPESampler,COMPLETE
1071,0.052168820053339005,2025-04-26 00:14:09.471029,2025-04-26 00:14:19.011999,0 days 00:00:09.540970,0.06867702816114682,48,112,384.0,144.0,4,0.0044418004813214515,0.6,checkpoints/mlp_Vc_trial_1071_best_state.pt,"{'learning_rate': 0.0044418004813214515, 'lr_reduce': 0.6}",TPESampler,COMPLETE
1072,0.057739224284887314,2025-04-26 00:14:12.873827,2025-04-26 00:14:24.776164,0 days 00:00:11.902337,0.03891700189469407,96,176,272.0,,3,0.008034996801545556,0.6,checkpoints/mlp_Vc_trial_1072_best_state.pt,"{'learning_rate': 0.008034996801545556, 'lr_reduce': 0.6}",TPESampler,COMPLETE
1073,0.1149398684501648,2025-04-26 00:14:15.093257,2025-04-26 00:14:28.240556,0 days 00:00:13.147299,0.10610533079492955,240,320,352.0,32.0,4,0.0006618603346152212,0.6,checkpoints/mlp_Vc_trial_1073_best_state.pt,"{'learning_rate': 0.0006618603346152212, 'lr_reduce': 0.6}",TPESampler,COMPLETE
1074,0.07811295241117477,2025-04-26 00:14:19.334291,2025-04-26 00:14:30.742237,0 days 00:00:11.407946,0.0016785046845204086,96,96,416.0,128.0,4,0.009369932469556365,0.6,checkpoints/mlp_Vc_trial_1074_best_state.pt,"{'learning_rate': 0.009369932469556365, 'lr_reduce': 0.6}",TPESampler,COMPLETE
1075,0.05677434429526329,2025-04-26 00:14:25.167071,2025-04-26 00:14:34.833543,0 days 00:00:09.666472,0.05806091930174076,32,32,320.0,80.0,4,0.0033562479797549028,0.6,checkpoints/mlp_Vc_trial_1075_best_state.pt,"{'learning_rate': 0.0033562479797549028, 'lr_reduce': 0.6}",TPESampler,COMPLETE
1076,0.04116586223244667,2025-04-26 00:14:28.565819,2025-04-26 00:14:42.891497,0 days 00:00:14.325678,0.009006170701901623,32,128,384.0,32.0,4,0.007736855361522755,0.6,checkpoints/mlp_Vc_trial_1076_best_state.pt,"{'learning_rate': 0.007736855361522755, 'lr_reduce': 0.6}",TPESampler,COMPLETE
1077,0.03837575763463974,2025-04-26 00:14:31.161673,2025-04-26 00:14:44.223710,0 days 00:00:13.062037,2.2875128981470795e-05,48,128,288.0,128.0,4,0.0061216812757279625,0.6,checkpoints/mlp_Vc_trial_1077_best_state.pt,"{'learning_rate': 0.0061216812757279625, 'lr_reduce': 0.6}",TPESampler,COMPLETE
1078,0.038303881883621216,2025-04-26 00:14:35.198631,2025-04-26 00:14:47.704400,0 days 00:00:12.505769,0.0015706831244153797,32,80,432.0,80.0,4,0.00589641535858278,0.6,checkpoints/mlp_Vc_trial_1078_best_state.pt,"{'learning_rate': 0.00589641535858278, 'lr_reduce': 0.6}",TPESampler,COMPLETE
1079,0.07051340490579605,2025-04-26 00:14:43.154414,2025-04-26 00:14:52.880340,0 days 00:00:09.725926,0.09832607763913681,48,464,352.0,32.0,4,0.005860613741546016,0.6,checkpoints/mlp_Vc_trial_1079_best_state.pt,"{'learning_rate': 0.005860613741546016, 'lr_reduce': 0.6}",TPESampler,COMPLETE
1080,0.08813866972923279,2025-04-26 00:14:44.563065,2025-04-26 00:14:56.175124,0 days 00:00:11.612059,0.005656928865958415,128,144,480.0,,3,0.0018179242497460943,0.6,checkpoints/mlp_Vc_trial_1080_best_state.pt,"{'learning_rate': 0.0018179242497460943, 'lr_reduce': 0.6}",TPESampler,COMPLETE
1081,0.1009226068854332,2025-04-26 00:14:48.016677,2025-04-26 00:15:04.827297,0 days 00:00:16.810620,0.08824696453885239,128,112,384.0,,3,0.0008812225329193974,0.6,checkpoints/mlp_Vc_trial_1081_best_state.pt,"{'learning_rate': 0.0008812225329193974, 'lr_reduce': 0.6}",TPESampler,COMPLETE
1082,0.040030039846897125,2025-04-26 00:14:53.232315,2025-04-26 00:15:06.388496,0 days 00:00:13.156181,0.008690943908917038,32,192,336.0,,3,0.006606354511206496,0.6,checkpoints/mlp_Vc_trial_1082_best_state.pt,"{'learning_rate': 0.006606354511206496, 'lr_reduce': 0.6}",TPESampler,COMPLETE
1083,0.055657751858234406,2025-04-26 00:14:56.663919,2025-04-26 00:15:05.709997,0 days 00:00:09.046078,0.058073561400115235,32,112,416.0,,3,0.004219877773065094,0.6,checkpoints/mlp_Vc_trial_1083_best_state.pt,"{'learning_rate': 0.004219877773065094, 'lr_reduce': 0.6}",TPESampler,COMPLETE
1084,0.035674385726451874,2025-04-26 00:15:05.335530,2025-04-26 00:15:18.913939,0 days 00:00:13.578409,0.005682768674397796,32,112,,,2,0.005203215983491594,0.6,checkpoints/mlp_Vc_trial_1084_best_state.pt,"{'learning_rate': 0.005203215983491594, 'lr_reduce': 0.6}",TPESampler,COMPLETE
1085,0.07807601988315582,2025-04-26 00:15:06.003473,2025-04-26 00:15:26.796498,0 days 00:00:20.793025,0.006766544987166195,64,480,288.0,144.0,4,0.0006773960037635438,0.6,checkpoints/mlp_Vc_trial_1085_best_state.pt,"{'learning_rate': 0.0006773960037635438, 'lr_reduce': 0.6}",TPESampler,COMPLETE
1086,0.0524563193321228,2025-04-26 00:15:06.903113,2025-04-26 00:15:20.809667,0 days 00:00:13.906554,0.0012336100957972742,48,48,512.0,80.0,4,0.005685360925143081,0.6,checkpoints/mlp_Vc_trial_1086_best_state.pt,"{'learning_rate': 0.005685360925143081, 'lr_reduce': 0.6}",TPESampler,COMPLETE
1087,0.07346584647893906,2025-04-26 00:15:19.253981,2025-04-26 00:15:27.323036,0 days 00:00:08.069055,0.03514456960901918,32,32,,,2,0.005128330285977433,0.6,checkpoints/mlp_Vc_trial_1087_best_state.pt,"{'learning_rate': 0.005128330285977433, 'lr_reduce': 0.6}",TPESampler,COMPLETE
1088,0.0684293583035469,2025-04-26 00:15:21.105542,2025-04-26 00:15:35.236452,0 days 00:00:14.130910,0.04974621290271815,48,128,,,2,0.005595392515691546,0.6,checkpoints/mlp_Vc_trial_1088_best_state.pt,"{'learning_rate': 0.005595392515691546, 'lr_reduce': 0.6}",TPESampler,COMPLETE
1089,0.0647587701678276,2025-04-26 00:15:27.140467,2025-04-26 00:15:35.088977,0 days 00:00:07.948510,0.0022293882632498352,80,112,,,2,0.008333387001497083,0.6,checkpoints/mlp_Vc_trial_1089_best_state.pt,"{'learning_rate': 0.008333387001497083, 'lr_reduce': 0.6}",TPESampler,COMPLETE
1090,0.04685186594724655,2025-04-26 00:15:27.742396,2025-04-26 00:15:38.875515,0 days 00:00:11.133119,0.02208132273402923,32,32,256.0,80.0,4,0.003596256547626001,0.6,checkpoints/mlp_Vc_trial_1090_best_state.pt,"{'learning_rate': 0.003596256547626001, 'lr_reduce': 0.6}",TPESampler,COMPLETE
1091,0.07046130299568176,2025-04-26 00:15:35.409213,2025-04-26 00:15:50.541226,0 days 00:00:15.132013,0.024770832756763006,32,128,,,2,0.0018501249103192975,0.6,checkpoints/mlp_Vc_trial_1091_best_state.pt,"{'learning_rate': 0.0018501249103192975, 'lr_reduce': 0.6}",TPESampler,COMPLETE
1092,0.099238820374012,2025-04-26 00:15:35.501757,2025-04-26 00:15:47.681427,0 days 00:00:12.179670,0.006783409794638503,96,144,,,2,0.0028659057727081763,0.6,checkpoints/mlp_Vc_trial_1092_best_state.pt,"{'learning_rate': 0.0028659057727081763, 'lr_reduce': 0.6}",TPESampler,COMPLETE
1093,0.04007340967655182,2025-04-26 00:15:39.214561,2025-04-26 00:15:53.348006,0 days 00:00:14.133445,0.0007374141131584848,32,96,288.0,32.0,4,0.006749577817009668,0.6,checkpoints/mlp_Vc_trial_1093_best_state.pt,"{'learning_rate': 0.006749577817009668, 'lr_reduce': 0.6}",TPESampler,COMPLETE
1094,0.05867757648229599,2025-04-26 00:15:47.995266,2025-04-26 00:16:00.378044,0 days 00:00:12.382778,0.03734936116057842,96,64,304.0,144.0,4,0.0014311798787781092,0.6,checkpoints/mlp_Vc_trial_1094_best_state.pt,"{'learning_rate': 0.0014311798787781092, 'lr_reduce': 0.6}",TPESampler,COMPLETE
1095,0.10369686037302017,2025-04-26 00:15:50.910586,2025-04-26 00:16:03.469931,0 days 00:00:12.559345,0.13050817694565012,144,96,,,2,0.004988042493877389,0.6,checkpoints/mlp_Vc_trial_1095_best_state.pt,"{'learning_rate': 0.004988042493877389, 'lr_reduce': 0.6}",TPESampler,COMPLETE
1096,0.05293882638216019,2025-04-26 00:15:53.707514,2025-04-26 00:16:07.336868,0 days 00:00:13.629354,0.0018925065829355151,48,208,,,2,0.0037186325411609233,0.6,checkpoints/mlp_Vc_trial_1096_best_state.pt,"{'learning_rate': 0.0037186325411609233, 'lr_reduce': 0.6}",TPESampler,COMPLETE
1097,0.15928848087787628,2025-04-26 00:16:00.677325,2025-04-26 00:16:43.858120,0 days 00:00:43.180795,0.010974935468148428,240,272,,,2,0.00012891963259514038,0.6,checkpoints/mlp_Vc_trial_1097_best_state.pt,"{'learning_rate': 0.00012891963259514038, 'lr_reduce': 0.6}",TPESampler,COMPLETE
1098,0.050121109932661057,2025-04-26 00:16:03.902744,2025-04-26 00:16:19.180281,0 days 00:00:15.277537,0.030372435550434184,32,112,,,2,0.0054977328573863025,0.6,checkpoints/mlp_Vc_trial_1098_best_state.pt,"{'learning_rate': 0.0054977328573863025, 'lr_reduce': 0.6}",TPESampler,COMPLETE
1099,0.056569915264844894,2025-04-26 00:16:07.694356,2025-04-26 00:16:18.777478,0 days 00:00:11.083122,0.06151942603439955,32,48,,,2,0.009882963332863868,0.6,checkpoints/mlp_Vc_trial_1099_best_state.pt,"{'learning_rate': 0.009882963332863868, 'lr_reduce': 0.6}",TPESampler,COMPLETE
1100,0.061844054609537125,2025-04-26 00:16:19.110980,2025-04-26 00:16:25.915598,0 days 00:00:06.804618,0.07050091970313226,32,112,256.0,,3,0.005619838844023652,0.6,checkpoints/mlp_Vc_trial_1100_best_state.pt,"{'learning_rate': 0.005619838844023652, 'lr_reduce': 0.6}",TPESampler,COMPLETE
1101,0.04990747943520546,2025-04-26 00:16:19.565742,2025-04-26 00:16:42.233275,0 days 00:00:22.667533,0.0009225800315616692,48,144,,,2,0.004409145916959883,0.6,checkpoints/mlp_Vc_trial_1101_best_state.pt,"{'learning_rate': 0.004409145916959883, 'lr_reduce': 0.6}",TPESampler,COMPLETE
1102,0.056658148765563965,2025-04-26 00:16:26.346725,2025-04-26 00:16:42.067603,0 days 00:00:15.720878,0.015507508418832045,128,176,,,2,0.009908671102229392,0.6,checkpoints/mlp_Vc_trial_1102_best_state.pt,"{'learning_rate': 0.009908671102229392, 'lr_reduce': 0.6}",TPESampler,COMPLETE
1103,0.038935329765081406,2025-04-26 00:16:42.382298,2025-04-26 00:16:57.894903,0 days 00:00:15.512605,0.008383742093759784,32,192,464.0,80.0,4,0.004720329690412985,0.6,checkpoints/mlp_Vc_trial_1103_best_state.pt,"{'learning_rate': 0.004720329690412985, 'lr_reduce': 0.6}",TPESampler,COMPLETE
1104,0.06264253705739975,2025-04-26 00:16:42.629909,2025-04-26 00:16:55.947498,0 days 00:00:13.317589,0.01002179519632222,48,112,,,2,0.004040412866366404,0.6,checkpoints/mlp_Vc_trial_1104_best_state.pt,"{'learning_rate': 0.004040412866366404, 'lr_reduce': 0.6}",TPESampler,COMPLETE
1105,0.08347100764513016,2025-04-26 00:16:44.212690,2025-04-26 00:16:53.940311,0 days 00:00:09.727621,0.041210285891181024,80,160,,,2,0.006566839541804018,0.6,checkpoints/mlp_Vc_trial_1105_best_state.pt,"{'learning_rate': 0.006566839541804018, 'lr_reduce': 0.6}",TPESampler,COMPLETE
1106,0.08122390508651733,2025-04-26 00:16:54.197327,2025-04-26 00:17:07.154823,0 days 00:00:12.957496,0.0030362604623565426,96,224,320.0,,3,0.0029972010153453835,0.6,checkpoints/mlp_Vc_trial_1106_best_state.pt,"{'learning_rate': 0.0029972010153453835, 'lr_reduce': 0.6}",TPESampler,COMPLETE
1107,0.050684936344623566,2025-04-26 00:16:56.294895,2025-04-26 00:17:08.462379,0 days 00:00:12.167484,0.00493960542237672,48,80,336.0,144.0,4,0.0015956027834342589,0.6,checkpoints/mlp_Vc_trial_1107_best_state.pt,"{'learning_rate': 0.0015956027834342589, 'lr_reduce': 0.6}",TPESampler,COMPLETE
1108,0.08420833200216293,2025-04-26 00:16:58.216873,2025-04-26 00:17:06.214324,0 days 00:00:07.997451,0.07166321191465591,96,48,512.0,32.0,4,0.009906081465245862,0.6,checkpoints/mlp_Vc_trial_1108_best_state.pt,"{'learning_rate': 0.009906081465245862, 'lr_reduce': 0.6}",TPESampler,COMPLETE
1109,0.04380399361252785,2025-04-26 00:17:06.509178,2025-04-26 00:17:20.076759,0 days 00:00:13.567581,0.004303868893744933,48,128,,,2,0.009645726460105685,0.6,checkpoints/mlp_Vc_trial_1109_best_state.pt,"{'learning_rate': 0.009645726460105685, 'lr_reduce': 0.6}",TPESampler,COMPLETE
1110,0.04644368588924408,2025-04-26 00:17:07.516726,2025-04-26 00:17:17.796663,0 days 00:00:10.279937,0.0007117727706644999,96,112,352.0,,3,0.009238876434142859,0.6,checkpoints/mlp_Vc_trial_1110_best_state.pt,"{'learning_rate': 0.009238876434142859, 'lr_reduce': 0.6}",TPESampler,COMPLETE
1111,0.047779664397239685,2025-04-26 00:17:08.840591,2025-04-26 00:17:18.983061,0 days 00:00:10.142470,0.044233047849951426,32,176,256.0,,3,0.004793357005047384,0.6,checkpoints/mlp_Vc_trial_1111_best_state.pt,"{'learning_rate': 0.004793357005047384, 'lr_reduce': 0.6}",TPESampler,COMPLETE
1112,0.07406327873468399,2025-04-26 00:17:18.293496,2025-04-26 00:17:29.941812,0 days 00:00:11.648316,0.0020251647072612343,128,144,448.0,96.0,4,0.009883265311565493,0.6,checkpoints/mlp_Vc_trial_1112_best_state.pt,"{'learning_rate': 0.009883265311565493, 'lr_reduce': 0.6}",TPESampler,COMPLETE
1113,0.11365864425897598,2025-04-26 00:17:19.389788,2025-04-26 00:17:34.216433,0 days 00:00:14.826645,0.2003488819104372,496,384,304.0,,3,0.0013142293422474835,0.6,checkpoints/mlp_Vc_trial_1113_best_state.pt,"{'learning_rate': 0.0013142293422474835, 'lr_reduce': 0.6}",TPESampler,COMPLETE
1114,0.05406396463513374,2025-04-26 00:17:20.425169,2025-04-26 00:17:27.100513,0 days 00:00:06.675344,0.04880655999893508,32,32,368.0,,3,0.0099871412360005,0.6,checkpoints/mlp_Vc_trial_1114_best_state.pt,"{'learning_rate': 0.0099871412360005, 'lr_reduce': 0.6}",TPESampler,COMPLETE
1115,0.05279945209622383,2025-04-26 00:17:27.566327,2025-04-26 00:17:43.056610,0 days 00:00:15.490283,0.038730674666200136,32,144,336.0,,3,0.0013571335109283252,0.6,checkpoints/mlp_Vc_trial_1115_best_state.pt,"{'learning_rate': 0.0013571335109283252, 'lr_reduce': 0.6}",TPESampler,COMPLETE
1116,0.154263436794281,2025-04-26 00:17:30.299215,2025-04-26 00:17:55.615613,0 days 00:00:25.316398,0.2945457839192868,224,208,416.0,,3,0.00033950996810763073,0.6,checkpoints/mlp_Vc_trial_1116_best_state.pt,"{'learning_rate': 0.00033950996810763073, 'lr_reduce': 0.6}",TPESampler,COMPLETE
1117,0.07488306611776352,2025-04-26 00:17:34.570066,2025-04-26 00:17:53.886632,0 days 00:00:19.316566,0.06231761816745246,48,192,384.0,,3,0.009220338172109092,0.6,checkpoints/mlp_Vc_trial_1117_best_state.pt,"{'learning_rate': 0.009220338172109092, 'lr_reduce': 0.6}",TPESampler,COMPLETE
1118,0.08458396047353745,2025-04-26 00:17:43.449127,2025-04-26 00:17:59.022470,0 days 00:00:15.573343,0.05272849654097419,208,192,288.0,,3,0.005266194072517646,0.6,checkpoints/mlp_Vc_trial_1118_best_state.pt,"{'learning_rate': 0.005266194072517646, 'lr_reduce': 0.6}",TPESampler,COMPLETE
1119,0.037744175642728806,2025-04-26 00:17:54.272442,2025-04-26 00:18:10.330085,0 days 00:00:16.057643,0.00019606252694428714,32,160,464.0,,3,0.004094220211226778,0.6,checkpoints/mlp_Vc_trial_1119_best_state.pt,"{'learning_rate': 0.004094220211226778, 'lr_reduce': 0.6}",TPESampler,COMPLETE
1120,0.06997842341661453,2025-04-26 00:17:56.008434,2025-04-26 00:18:29.995804,0 days 00:00:33.987370,0.001518710572218274,48,208,336.0,,3,0.0003675894734022615,0.6,checkpoints/mlp_Vc_trial_1120_best_state.pt,"{'learning_rate': 0.0003675894734022615, 'lr_reduce': 0.6}",TPESampler,COMPLETE
1121,0.046206120401620865,2025-04-26 00:17:59.330643,2025-04-26 00:18:14.120199,0 days 00:00:14.789556,0.003710005758550225,32,192,400.0,,3,0.006808181490142926,0.6,checkpoints/mlp_Vc_trial_1121_best_state.pt,"{'learning_rate': 0.006808181490142926, 'lr_reduce': 0.6}",TPESampler,COMPLETE
1122,0.054540690034627914,2025-04-26 00:18:10.604319,2025-04-26 00:18:18.571153,0 days 00:00:07.966834,0.06655875085540647,32,48,352.0,80.0,4,0.007652032826653207,0.6,checkpoints/mlp_Vc_trial_1122_best_state.pt,"{'learning_rate': 0.007652032826653207, 'lr_reduce': 0.6}",TPESampler,COMPLETE
1123,0.05120408907532692,2025-04-26 00:18:14.456490,2025-04-26 00:18:29.963134,0 days 00:00:15.506644,0.0060033756559926335,32,192,,,2,0.004324341689244626,0.6,checkpoints/mlp_Vc_trial_1123_best_state.pt,"{'learning_rate': 0.004324341689244626, 'lr_reduce': 0.6}",TPESampler,COMPLETE
