number,value,datetime_start,datetime_complete,duration,params_final_dropout,params_mlp_dim_00,params_mlp_dim_01,params_mlp_dim_02,params_mlp_dim_03,params_mlp_n_layers,params_train_learning_rate,params_train_lr_reduce,user_attrs_best_state_dict_path,user_attrs_training_params,system_attrs_auto:sampler,state
2390,0.0550130233168602,2025-04-26 02:03:19.398225,2025-04-26 02:03:28.884487,0 days 00:00:09.486262,0.03285976188985918,96,32,512.0,,3,0.006701079424687,0.6,checkpoints/mlp_Vc_trial_2390_best_state.pt,"{'learning_rate': 0.006701079424687, 'lr_reduce': 0.6}",TPESampler,COMPLETE
2391,0.0511552132666111,2025-04-26 02:03:26.949326,2025-04-26 02:03:37.315603,0 days 00:00:10.366277,0.02793703674141246,32,32,512.0,,3,0.009703904501675756,0.6,checkpoints/mlp_Vc_trial_2391_best_state.pt,"{'learning_rate': 0.009703904501675756, 'lr_reduce': 0.6}",TPESampler,COMPLETE
2392,0.06085250899195671,2025-04-26 02:03:29.270854,2025-04-26 02:03:38.072755,0 days 00:00:08.801901,0.0772810863060608,96,80,480.0,,3,0.004308712402928294,0.6,checkpoints/mlp_Vc_trial_2392_best_state.pt,"{'learning_rate': 0.004308712402928294, 'lr_reduce': 0.6}",TPESampler,COMPLETE
2393,0.0716245248913765,2025-04-26 02:03:30.383843,2025-04-26 02:03:42.735612,0 days 00:00:12.351769,0.030468346227537524,224,96,448.0,,3,0.007618638959100879,0.6,checkpoints/mlp_Vc_trial_2393_best_state.pt,"{'learning_rate': 0.007618638959100879, 'lr_reduce': 0.6}",TPESampler,COMPLETE
2394,0.057875391095876694,2025-04-26 02:03:37.774248,2025-04-26 02:03:46.215088,0 days 00:00:08.440840,0.05518503523656481,32,48,480.0,,3,0.005389328355684543,0.6,checkpoints/mlp_Vc_trial_2394_best_state.pt,"{'learning_rate': 0.005389328355684543, 'lr_reduce': 0.6}",TPESampler,COMPLETE
2395,0.16565822064876556,2025-04-26 02:03:38.526241,2025-04-26 02:04:01.220665,0 days 00:00:22.694424,0.2831422021021165,288,416,,,2,0.0006675038734084491,0.6,checkpoints/mlp_Vc_trial_2395_best_state.pt,"{'learning_rate': 0.0006675038734084491, 'lr_reduce': 0.6}",TPESampler,COMPLETE
2396,0.04258064553141594,2025-04-26 02:03:43.114433,2025-04-26 02:03:54.080758,0 days 00:00:10.966325,0.001399831987293783,32,32,512.0,,3,0.003875180484028176,0.6,checkpoints/mlp_Vc_trial_2396_best_state.pt,"{'learning_rate': 0.003875180484028176, 'lr_reduce': 0.6}",TPESampler,COMPLETE
2397,0.052006203681230545,2025-04-26 02:03:46.625021,2025-04-26 02:03:56.829184,0 days 00:00:10.204163,0.04919479412758153,128,48,480.0,,3,0.0040445268159063725,0.6,checkpoints/mlp_Vc_trial_2397_best_state.pt,"{'learning_rate': 0.0040445268159063725, 'lr_reduce': 0.6}",TPESampler,COMPLETE
2398,0.08275086432695389,2025-04-26 02:03:54.399215,2025-04-26 02:04:02.555767,0 days 00:00:08.156552,0.07591315935800756,128,32,512.0,,3,0.004828859267666503,0.6,checkpoints/mlp_Vc_trial_2398_best_state.pt,"{'learning_rate': 0.004828859267666503, 'lr_reduce': 0.6}",TPESampler,COMPLETE
2399,0.06310541927814484,2025-04-26 02:03:57.151312,2025-04-26 02:04:07.370906,0 days 00:00:10.219594,0.09217493971042784,32,400,,,2,0.009589160163280326,0.6,checkpoints/mlp_Vc_trial_2399_best_state.pt,"{'learning_rate': 0.009589160163280326, 'lr_reduce': 0.6}",TPESampler,COMPLETE
2400,0.058195531368255615,2025-04-26 02:04:01.536571,2025-04-26 02:04:22.229995,0 days 00:00:20.693424,0.012267213903118312,32,80,464.0,,3,0.0007888776501191691,0.6,checkpoints/mlp_Vc_trial_2400_best_state.pt,"{'learning_rate': 0.0007888776501191691, 'lr_reduce': 0.6}",TPESampler,COMPLETE
2401,0.08109262585639954,2025-04-26 02:04:02.916175,2025-04-26 02:04:12.272567,0 days 00:00:09.356392,0.05088099675074456,64,32,512.0,64.0,4,0.009813814616411521,0.6,checkpoints/mlp_Vc_trial_2401_best_state.pt,"{'learning_rate': 0.009813814616411521, 'lr_reduce': 0.6}",TPESampler,COMPLETE
2402,0.08012154698371887,2025-04-26 02:04:07.708132,2025-04-26 02:04:21.474650,0 days 00:00:13.766518,0.21663496521866799,464,384,464.0,128.0,4,0.005529573479925925,0.6,checkpoints/mlp_Vc_trial_2402_best_state.pt,"{'learning_rate': 0.005529573479925925, 'lr_reduce': 0.6}",TPESampler,COMPLETE
2403,0.07920129597187042,2025-04-26 02:04:12.704326,2025-04-26 02:04:23.997569,0 days 00:00:11.293243,0.04431338199646936,96,32,496.0,64.0,4,0.008543375160354114,0.6,checkpoints/mlp_Vc_trial_2403_best_state.pt,"{'learning_rate': 0.008543375160354114, 'lr_reduce': 0.6}",TPESampler,COMPLETE
2404,0.06737944483757019,2025-04-26 02:04:21.805809,2025-04-26 02:04:32.096127,0 days 00:00:10.290318,0.012097202625156773,96,112,512.0,,3,0.009666159455399066,0.6,checkpoints/mlp_Vc_trial_2404_best_state.pt,"{'learning_rate': 0.009666159455399066, 'lr_reduce': 0.6}",TPESampler,COMPLETE
2405,0.04881396144628525,2025-04-26 02:04:22.576593,2025-04-26 02:04:32.534895,0 days 00:00:09.958302,0.0020630770519127744,32,80,480.0,,3,0.00817288579737096,0.6,checkpoints/mlp_Vc_trial_2405_best_state.pt,"{'learning_rate': 0.00817288579737096, 'lr_reduce': 0.6}",TPESampler,COMPLETE
2406,0.03938934952020645,2025-04-26 02:04:24.338958,2025-04-26 02:04:37.118938,0 days 00:00:12.779980,0.000887406354556715,48,32,512.0,32.0,4,0.002193886765530874,0.6,checkpoints/mlp_Vc_trial_2406_best_state.pt,"{'learning_rate': 0.002193886765530874, 'lr_reduce': 0.6}",TPESampler,COMPLETE
2407,0.03335689753293991,2025-04-26 02:04:32.480065,2025-04-26 02:04:43.426141,0 days 00:00:10.946076,0.007895600047585707,32,64,464.0,,3,0.008005751689410952,0.6,checkpoints/mlp_Vc_trial_2407_best_state.pt,"{'learning_rate': 0.008005751689410952, 'lr_reduce': 0.6}",TPESampler,COMPLETE
2408,0.0736183300614357,2025-04-26 02:04:32.996716,2025-04-26 02:04:41.471812,0 days 00:00:08.475096,0.03876139133256684,96,32,480.0,,3,0.00459458718939948,0.6,checkpoints/mlp_Vc_trial_2408_best_state.pt,"{'learning_rate': 0.00459458718939948, 'lr_reduce': 0.6}",TPESampler,COMPLETE
2409,0.11145424097776413,2025-04-26 02:04:37.555470,2025-04-26 02:04:52.793580,0 days 00:00:15.238110,0.16486797951950688,240,496,448.0,112.0,4,0.0007121937277955099,0.6,checkpoints/mlp_Vc_trial_2409_best_state.pt,"{'learning_rate': 0.0007121937277955099, 'lr_reduce': 0.6}",TPESampler,COMPLETE
2410,0.11590000241994858,2025-04-26 02:04:41.917529,2025-04-26 02:04:56.649241,0 days 00:00:14.731712,0.00366926603949036,496,208,464.0,,3,0.0008611703027418085,0.6,checkpoints/mlp_Vc_trial_2410_best_state.pt,"{'learning_rate': 0.0008611703027418085, 'lr_reduce': 0.6}",TPESampler,COMPLETE
2411,0.05473567917943001,2025-04-26 02:04:43.801777,2025-04-26 02:04:54.668540,0 days 00:00:10.866763,0.001639882063769747,96,96,448.0,,3,0.009975277467897845,0.6,checkpoints/mlp_Vc_trial_2411_best_state.pt,"{'learning_rate': 0.009975277467897845, 'lr_reduce': 0.6}",TPESampler,COMPLETE
2412,0.0689612627029419,2025-04-26 02:04:53.150605,2025-04-26 02:05:04.569132,0 days 00:00:11.418527,0.07556449318763445,32,96,480.0,,3,0.009874554746875956,0.6,checkpoints/mlp_Vc_trial_2412_best_state.pt,"{'learning_rate': 0.009874554746875956, 'lr_reduce': 0.6}",TPESampler,COMPLETE
2413,0.04835059866309166,2025-04-26 02:04:55.077553,2025-04-26 02:05:05.108891,0 days 00:00:10.031338,0.008961814493803092,32,80,480.0,,3,0.009490374894790073,0.6,checkpoints/mlp_Vc_trial_2413_best_state.pt,"{'learning_rate': 0.009490374894790073, 'lr_reduce': 0.6}",TPESampler,COMPLETE
2414,0.07421837747097015,2025-04-26 02:04:56.975164,2025-04-26 02:05:10.104658,0 days 00:00:13.129494,0.06619330381653592,32,128,480.0,,3,0.009815057302377713,0.6,checkpoints/mlp_Vc_trial_2414_best_state.pt,"{'learning_rate': 0.009815057302377713, 'lr_reduce': 0.6}",TPESampler,COMPLETE
2415,0.05586228147149086,2025-04-26 02:05:04.975029,2025-04-26 02:05:15.116809,0 days 00:00:10.141780,0.0008624615948680248,64,64,464.0,,3,0.009811521237112628,0.6,checkpoints/mlp_Vc_trial_2415_best_state.pt,"{'learning_rate': 0.009811521237112628, 'lr_reduce': 0.6}",TPESampler,COMPLETE
2416,0.043676652014255524,2025-04-26 02:05:05.588520,2025-04-26 02:05:16.144336,0 days 00:00:10.555816,0.0077204145581462194,32,64,432.0,,3,0.005150193597207445,0.6,checkpoints/mlp_Vc_trial_2416_best_state.pt,"{'learning_rate': 0.005150193597207445, 'lr_reduce': 0.6}",TPESampler,COMPLETE
2417,0.10727853327989578,2025-04-26 02:05:10.410171,2025-04-26 02:05:29.118572,0 days 00:00:18.708401,0.05470614202568215,448,176,480.0,176.0,4,0.00029647550920942656,0.6,checkpoints/mlp_Vc_trial_2417_best_state.pt,"{'learning_rate': 0.00029647550920942656, 'lr_reduce': 0.6}",TPESampler,COMPLETE
2418,0.11128495633602142,2025-04-26 02:05:15.503791,2025-04-26 02:06:28.557555,0 days 00:01:13.053764,0.005046081049037088,80,256,,,2,0.0001475360268310414,0.6,checkpoints/mlp_Vc_trial_2418_best_state.pt,"{'learning_rate': 0.0001475360268310414, 'lr_reduce': 0.6}",TPESampler,COMPLETE
2419,0.05889386683702469,2025-04-26 02:05:16.568798,2025-04-26 02:05:26.053775,0 days 00:00:09.484977,0.04469545297929671,32,32,480.0,,3,0.004203217325783381,0.6,checkpoints/mlp_Vc_trial_2419_best_state.pt,"{'learning_rate': 0.004203217325783381, 'lr_reduce': 0.6}",TPESampler,COMPLETE
2420,0.05935725197196007,2025-04-26 02:05:26.492625,2025-04-26 02:05:32.930182,0 days 00:00:06.437557,0.06384445078849632,32,32,512.0,,3,0.006366561557966384,0.6,checkpoints/mlp_Vc_trial_2420_best_state.pt,"{'learning_rate': 0.006366561557966384, 'lr_reduce': 0.6}",TPESampler,COMPLETE
2421,0.0390976220369339,2025-04-26 02:05:29.526303,2025-04-26 02:05:41.726606,0 days 00:00:12.200303,0.0019831424611101494,32,32,464.0,,3,0.0043409655675695,0.6,checkpoints/mlp_Vc_trial_2421_best_state.pt,"{'learning_rate': 0.0043409655675695, 'lr_reduce': 0.6}",TPESampler,COMPLETE
2422,0.059231989085674286,2025-04-26 02:05:33.328312,2025-04-26 02:05:44.356883,0 days 00:00:11.028571,0.021949946525092596,96,48,496.0,,3,0.0095229704083495,0.6,checkpoints/mlp_Vc_trial_2422_best_state.pt,"{'learning_rate': 0.0095229704083495, 'lr_reduce': 0.6}",TPESampler,COMPLETE
2423,0.05113299936056137,2025-04-26 02:05:42.151514,2025-04-26 02:05:50.270315,0 days 00:00:08.118801,0.047444133638449626,32,32,480.0,,3,0.0051206107918711045,0.6,checkpoints/mlp_Vc_trial_2423_best_state.pt,"{'learning_rate': 0.0051206107918711045, 'lr_reduce': 0.6}",TPESampler,COMPLETE
2424,0.03590698912739754,2025-04-26 02:05:44.775880,2025-04-26 02:05:54.827629,0 days 00:00:10.051749,0.0052345844598343265,32,32,480.0,,3,0.006572785464586317,0.6,checkpoints/mlp_Vc_trial_2424_best_state.pt,"{'learning_rate': 0.006572785464586317, 'lr_reduce': 0.6}",TPESampler,COMPLETE
2425,0.08212850242853165,2025-04-26 02:05:50.638122,2025-04-26 02:06:03.074458,0 days 00:00:12.436336,0.051273241371333746,96,96,496.0,80.0,4,0.004805243592675569,0.6,checkpoints/mlp_Vc_trial_2425_best_state.pt,"{'learning_rate': 0.004805243592675569, 'lr_reduce': 0.6}",TPESampler,COMPLETE
2426,0.054353516548871994,2025-04-26 02:05:55.178336,2025-04-26 02:06:06.448561,0 days 00:00:11.270225,0.04623153935448595,80,112,512.0,,3,0.004618474562126721,0.6,checkpoints/mlp_Vc_trial_2426_best_state.pt,"{'learning_rate': 0.004618474562126721, 'lr_reduce': 0.6}",TPESampler,COMPLETE
2427,0.07115631550550461,2025-04-26 02:06:03.429644,2025-04-26 02:06:10.903803,0 days 00:00:07.474159,0.05490554026882168,48,32,480.0,,3,0.009130495306123256,0.6,checkpoints/mlp_Vc_trial_2427_best_state.pt,"{'learning_rate': 0.009130495306123256, 'lr_reduce': 0.6}",TPESampler,COMPLETE
2428,0.1671503782272339,2025-04-26 02:06:06.829074,2025-04-26 02:06:47.194167,0 days 00:00:40.365093,0.010419423787946552,416,32,,,2,0.00040006296052588894,0.6,checkpoints/mlp_Vc_trial_2428_best_state.pt,"{'learning_rate': 0.00040006296052588894, 'lr_reduce': 0.6}",TPESampler,COMPLETE
2429,0.0636143833398819,2025-04-26 02:06:11.302096,2025-04-26 02:06:23.679049,0 days 00:00:12.376953,0.001151568465736219,80,64,464.0,,3,0.0038756278087624728,0.6,checkpoints/mlp_Vc_trial_2429_best_state.pt,"{'learning_rate': 0.0038756278087624728, 'lr_reduce': 0.6}",TPESampler,COMPLETE
2430,0.04529299587011337,2025-04-26 02:06:24.302925,2025-04-26 02:06:32.279465,0 days 00:00:07.976540,0.04095785938591595,32,32,512.0,,3,0.009287989247280222,0.6,checkpoints/mlp_Vc_trial_2430_best_state.pt,"{'learning_rate': 0.009287989247280222, 'lr_reduce': 0.6}",TPESampler,COMPLETE
2431,0.049623481929302216,2025-04-26 02:06:28.951391,2025-04-26 02:06:41.866065,0 days 00:00:12.914674,0.0028457464362442514,144,32,464.0,,3,0.008735457016277526,0.6,checkpoints/mlp_Vc_trial_2431_best_state.pt,"{'learning_rate': 0.008735457016277526, 'lr_reduce': 0.6}",TPESampler,COMPLETE
2432,0.041720934212207794,2025-04-26 02:06:32.667009,2025-04-26 02:06:45.700373,0 days 00:00:13.033364,0.0018823713821075755,32,112,432.0,,3,0.004852324243488186,0.6,checkpoints/mlp_Vc_trial_2432_best_state.pt,"{'learning_rate': 0.004852324243488186, 'lr_reduce': 0.6}",TPESampler,COMPLETE
2433,0.18257644772529602,2025-04-26 02:06:42.259244,2025-04-26 02:07:13.993521,0 days 00:00:31.734277,0.008300697955824693,432,416,464.0,,3,0.00015045294667064934,0.6,checkpoints/mlp_Vc_trial_2433_best_state.pt,"{'learning_rate': 0.00015045294667064934, 'lr_reduce': 0.6}",TPESampler,COMPLETE
2434,0.04600101709365845,2025-04-26 02:06:46.081739,2025-04-26 02:06:56.919804,0 days 00:00:10.838065,0.03560077959884196,32,32,464.0,,3,0.008779815270749317,0.6,checkpoints/mlp_Vc_trial_2434_best_state.pt,"{'learning_rate': 0.008779815270749317, 'lr_reduce': 0.6}",TPESampler,COMPLETE
2435,0.0842847228050232,2025-04-26 02:06:47.689440,2025-04-26 02:06:58.682252,0 days 00:00:10.992812,0.04914553437300144,32,112,448.0,32.0,4,0.0015751025738665603,0.6,checkpoints/mlp_Vc_trial_2435_best_state.pt,"{'learning_rate': 0.0015751025738665603, 'lr_reduce': 0.6}",TPESampler,COMPLETE
2436,0.16663794219493866,2025-04-26 02:06:57.277764,2025-04-26 02:07:13.167883,0 days 00:00:15.890119,0.1601759076774949,512,32,512.0,112.0,4,0.0005464751915633771,0.6,checkpoints/mlp_Vc_trial_2436_best_state.pt,"{'learning_rate': 0.0005464751915633771, 'lr_reduce': 0.6}",TPESampler,COMPLETE
2437,0.04905744642019272,2025-04-26 02:06:59.097267,2025-04-26 02:07:10.049319,0 days 00:00:10.952052,0.05152944775281707,32,32,464.0,80.0,4,0.007442576278520131,0.6,checkpoints/mlp_Vc_trial_2437_best_state.pt,"{'learning_rate': 0.007442576278520131, 'lr_reduce': 0.6}",TPESampler,COMPLETE
2438,0.05800289660692215,2025-04-26 02:07:10.428211,2025-04-26 02:07:21.887866,0 days 00:00:11.459655,0.006466302539573551,80,32,448.0,160.0,4,0.005240619601027262,0.6,checkpoints/mlp_Vc_trial_2438_best_state.pt,"{'learning_rate': 0.005240619601027262, 'lr_reduce': 0.6}",TPESampler,COMPLETE
2439,0.05726182833313942,2025-04-26 02:07:13.572064,2025-04-26 02:07:24.410845,0 days 00:00:10.838781,0.013948360740562266,96,32,512.0,,3,0.00801817696930475,0.6,checkpoints/mlp_Vc_trial_2439_best_state.pt,"{'learning_rate': 0.00801817696930475, 'lr_reduce': 0.6}",TPESampler,COMPLETE
2440,0.046934403479099274,2025-04-26 02:07:14.411892,2025-04-26 02:07:27.274870,0 days 00:00:12.862978,0.0016868778244311005,96,32,448.0,32.0,4,0.003433274615642059,0.6,checkpoints/mlp_Vc_trial_2440_best_state.pt,"{'learning_rate': 0.003433274615642059, 'lr_reduce': 0.6}",TPESampler,COMPLETE
2441,0.05325033888220787,2025-04-26 02:07:22.221593,2025-04-26 02:07:35.833033,0 days 00:00:13.611440,0.03139464885356315,48,96,448.0,,3,0.009859213533726364,0.6,checkpoints/mlp_Vc_trial_2441_best_state.pt,"{'learning_rate': 0.009859213533726364, 'lr_reduce': 0.6}",TPESampler,COMPLETE
2442,0.04092101380228996,2025-04-26 02:07:24.843523,2025-04-26 02:07:37.593701,0 days 00:00:12.750178,0.00505932451420625,32,32,432.0,,3,0.006791982067368627,0.6,checkpoints/mlp_Vc_trial_2442_best_state.pt,"{'learning_rate': 0.006791982067368627, 'lr_reduce': 0.6}",TPESampler,COMPLETE
2443,0.060466475784778595,2025-04-26 02:07:27.615322,2025-04-26 02:07:46.055078,0 days 00:00:18.439756,0.0018952006933041518,160,48,512.0,,3,0.003232018758546101,0.6,checkpoints/mlp_Vc_trial_2443_best_state.pt,"{'learning_rate': 0.003232018758546101, 'lr_reduce': 0.6}",TPESampler,COMPLETE
2444,0.05499850958585739,2025-04-26 02:07:36.217924,2025-04-26 02:07:45.496490,0 days 00:00:09.278566,0.0005150586739231431,80,48,448.0,,3,0.00941799626726124,0.6,checkpoints/mlp_Vc_trial_2444_best_state.pt,"{'learning_rate': 0.00941799626726124, 'lr_reduce': 0.6}",TPESampler,COMPLETE
2445,0.03644343093037605,2025-04-26 02:07:38.065661,2025-04-26 02:07:54.154350,0 days 00:00:16.088689,0.0008101700434566443,64,32,448.0,,3,0.00633004904353199,0.6,checkpoints/mlp_Vc_trial_2445_best_state.pt,"{'learning_rate': 0.00633004904353199, 'lr_reduce': 0.6}",TPESampler,COMPLETE
2446,0.04695499315857887,2025-04-26 02:07:45.947660,2025-04-26 02:08:04.010927,0 days 00:00:18.063267,0.0026314073664988995,96,48,416.0,,3,0.0021912505560198674,0.6,checkpoints/mlp_Vc_trial_2446_best_state.pt,"{'learning_rate': 0.0021912505560198674, 'lr_reduce': 0.6}",TPESampler,COMPLETE
2447,0.085502490401268,2025-04-26 02:07:46.721561,2025-04-26 02:08:01.354550,0 days 00:00:14.632989,0.04746635935465424,144,176,480.0,80.0,4,0.0018755869143834102,0.6,checkpoints/mlp_Vc_trial_2447_best_state.pt,"{'learning_rate': 0.0018755869143834102, 'lr_reduce': 0.6}",TPESampler,COMPLETE
2448,0.05711095780134201,2025-04-26 02:07:54.654170,2025-04-26 02:08:04.805373,0 days 00:00:10.151203,0.050883564890917235,160,96,432.0,,3,0.005402233631987374,0.6,checkpoints/mlp_Vc_trial_2448_best_state.pt,"{'learning_rate': 0.005402233631987374, 'lr_reduce': 0.6}",TPESampler,COMPLETE
2449,0.055331841111183167,2025-04-26 02:08:01.719157,2025-04-26 02:08:12.175685,0 days 00:00:10.456528,0.02266359354239265,112,80,432.0,,3,0.00474142496909404,0.6,checkpoints/mlp_Vc_trial_2449_best_state.pt,"{'learning_rate': 0.00474142496909404, 'lr_reduce': 0.6}",TPESampler,COMPLETE
2450,0.05901532992720604,2025-04-26 02:08:04.408151,2025-04-26 02:08:17.026959,0 days 00:00:12.618808,0.06433500351422325,96,96,512.0,,3,0.005945473385858137,0.6,checkpoints/mlp_Vc_trial_2450_best_state.pt,"{'learning_rate': 0.005945473385858137, 'lr_reduce': 0.6}",TPESampler,COMPLETE
2451,0.05832133814692497,2025-04-26 02:08:05.210930,2025-04-26 02:08:16.527000,0 days 00:00:11.316070,0.02293946262267779,112,96,480.0,,3,0.00480848685380429,0.6,checkpoints/mlp_Vc_trial_2451_best_state.pt,"{'learning_rate': 0.00480848685380429, 'lr_reduce': 0.6}",TPESampler,COMPLETE
2452,0.08378346264362335,2025-04-26 02:08:12.532680,2025-04-26 02:08:22.533006,0 days 00:00:10.000326,0.03564508661586706,112,48,432.0,,3,0.009553473509684747,0.6,checkpoints/mlp_Vc_trial_2452_best_state.pt,"{'learning_rate': 0.009553473509684747, 'lr_reduce': 0.6}",TPESampler,COMPLETE
2453,0.05970637500286102,2025-04-26 02:08:16.925403,2025-04-26 02:08:29.028175,0 days 00:00:12.102772,0.0035428821166045045,96,112,240.0,,3,0.005482735298989708,0.6,checkpoints/mlp_Vc_trial_2453_best_state.pt,"{'learning_rate': 0.005482735298989708, 'lr_reduce': 0.6}",TPESampler,COMPLETE
2454,0.08392889052629471,2025-04-26 02:08:17.520287,2025-04-26 02:08:28.938528,0 days 00:00:11.418241,0.009609517871722664,112,32,,,2,0.009061954771353933,0.6,checkpoints/mlp_Vc_trial_2454_best_state.pt,"{'learning_rate': 0.009061954771353933, 'lr_reduce': 0.6}",TPESampler,COMPLETE
2455,0.2523886561393738,2025-04-26 02:08:22.883045,2025-04-26 02:08:52.064632,0 days 00:00:29.181587,0.2743676751781867,288,32,32.0,,3,0.0006993581483436909,0.6,checkpoints/mlp_Vc_trial_2455_best_state.pt,"{'learning_rate': 0.0006993581483436909, 'lr_reduce': 0.6}",TPESampler,COMPLETE
2456,0.2627060115337372,2025-04-26 02:08:29.302987,2025-04-26 02:08:47.266440,0 days 00:00:17.963453,0.27610785315331576,128,96,416.0,128.0,4,0.0005090668634130664,0.6,checkpoints/mlp_Vc_trial_2456_best_state.pt,"{'learning_rate': 0.0005090668634130664, 'lr_reduce': 0.6}",TPESampler,COMPLETE
2457,0.09316025674343109,2025-04-26 02:08:29.407078,2025-04-26 02:08:41.615807,0 days 00:00:12.208729,0.002777861844087265,192,432,432.0,,3,0.0019429042542898332,0.6,checkpoints/mlp_Vc_trial_2457_best_state.pt,"{'learning_rate': 0.0019429042542898332, 'lr_reduce': 0.6}",TPESampler,COMPLETE
2458,0.05197155475616455,2025-04-26 02:08:41.976435,2025-04-26 02:08:51.024135,0 days 00:00:09.047700,0.02106667913863971,96,32,256.0,,3,0.009838582010495103,0.6,checkpoints/mlp_Vc_trial_2458_best_state.pt,"{'learning_rate': 0.009838582010495103, 'lr_reduce': 0.6}",TPESampler,COMPLETE
2459,0.06472892314195633,2025-04-26 02:08:47.617103,2025-04-26 02:08:59.737124,0 days 00:00:12.120021,0.00032439374047459117,128,64,208.0,,3,0.0032831468523690653,0.6,checkpoints/mlp_Vc_trial_2459_best_state.pt,"{'learning_rate': 0.0032831468523690653, 'lr_reduce': 0.6}",TPESampler,COMPLETE
2460,0.0803556814789772,2025-04-26 02:08:51.661461,2025-04-26 02:09:06.338479,0 days 00:00:14.677018,0.026617088812875916,48,192,416.0,,3,0.0007551680811931356,0.6,checkpoints/mlp_Vc_trial_2460_best_state.pt,"{'learning_rate': 0.0007551680811931356, 'lr_reduce': 0.6}",TPESampler,COMPLETE
2461,0.08443664759397507,2025-04-26 02:08:52.447300,2025-04-26 02:09:00.900609,0 days 00:00:08.453309,0.0746313093861006,32,48,480.0,64.0,4,0.0034524659455584224,0.6,checkpoints/mlp_Vc_trial_2461_best_state.pt,"{'learning_rate': 0.0034524659455584224, 'lr_reduce': 0.6}",TPESampler,COMPLETE
2462,0.057042691856622696,2025-04-26 02:09:00.082034,2025-04-26 02:09:12.261833,0 days 00:00:12.179799,0.028934512941883345,128,80,272.0,32.0,4,0.004431142255290577,0.6,checkpoints/mlp_Vc_trial_2462_best_state.pt,"{'learning_rate': 0.004431142255290577, 'lr_reduce': 0.6}",TPESampler,COMPLETE
2463,0.058782126754522324,2025-04-26 02:09:01.346925,2025-04-26 02:09:12.507956,0 days 00:00:11.161031,0.006561378947969226,208,32,416.0,,3,0.00859568765737616,0.6,checkpoints/mlp_Vc_trial_2463_best_state.pt,"{'learning_rate': 0.00859568765737616, 'lr_reduce': 0.6}",TPESampler,COMPLETE
2464,0.060273610055446625,2025-04-26 02:09:06.680826,2025-04-26 02:09:14.141603,0 days 00:00:07.460777,0.049250257316749785,48,32,288.0,,3,0.009401758937605895,0.6,checkpoints/mlp_Vc_trial_2464_best_state.pt,"{'learning_rate': 0.009401758937605895, 'lr_reduce': 0.6}",TPESampler,COMPLETE
