number,value,datetime_start,datetime_complete,duration,params_final_dropout,params_mlp_dim_00,params_mlp_dim_01,params_mlp_dim_02,params_mlp_dim_03,params_mlp_n_layers,params_train_learning_rate,params_train_lr_reduce,user_attrs_best_state_dict_path,user_attrs_training_params,system_attrs_auto:sampler,state
1568,0.06855450570583344,2025-04-26 00:53:30.291090,2025-04-26 00:53:41.435370,0 days 00:00:11.144280,0.06663403681522503,48,320,384.0,,3,0.0019117299549037455,0.6,checkpoints/mlp_Vc_trial_1568_best_state.pt,"{'learning_rate': 0.0019117299549037455, 'lr_reduce': 0.6}",TPESampler,COMPLETE
1569,0.0668707937002182,2025-04-26 00:53:31.101317,2025-04-26 00:53:50.111486,0 days 00:00:19.010169,0.009494768870207188,32,304,,,2,0.0018618183902978172,0.6,checkpoints/mlp_Vc_trial_1569_best_state.pt,"{'learning_rate': 0.0018618183902978172, 'lr_reduce': 0.6}",TPESampler,COMPLETE
1570,0.06311651319265366,2025-04-26 00:53:36.682287,2025-04-26 00:53:49.796099,0 days 00:00:13.113812,0.050118646935774495,160,128,336.0,,3,0.002872522846615232,0.6,checkpoints/mlp_Vc_trial_1570_best_state.pt,"{'learning_rate': 0.002872522846615232, 'lr_reduce': 0.6}",TPESampler,COMPLETE
1571,0.0685599073767662,2025-04-26 00:53:41.744555,2025-04-26 00:53:53.160130,0 days 00:00:11.415575,0.02554511769116994,80,160,400.0,,3,0.0039787374578309255,0.6,checkpoints/mlp_Vc_trial_1571_best_state.pt,"{'learning_rate': 0.0039787374578309255, 'lr_reduce': 0.6}",TPESampler,COMPLETE
1572,0.05327554792165756,2025-04-26 00:53:50.222714,2025-04-26 00:54:01.744669,0 days 00:00:11.521955,0.04351360412781296,64,224,448.0,,3,0.0037751466336693375,0.6,checkpoints/mlp_Vc_trial_1572_best_state.pt,"{'learning_rate': 0.0037751466336693375, 'lr_reduce': 0.6}",TPESampler,COMPLETE
1573,0.08110916614532471,2025-04-26 00:53:50.556248,2025-04-26 00:54:08.735520,0 days 00:00:18.179272,0.0027611238737880123,128,208,368.0,,3,0.002874567424632919,0.6,checkpoints/mlp_Vc_trial_1573_best_state.pt,"{'learning_rate': 0.002874567424632919, 'lr_reduce': 0.6}",TPESampler,COMPLETE
1574,0.07195819914340973,2025-04-26 00:53:53.703639,2025-04-26 00:54:05.450174,0 days 00:00:11.746535,0.025545139962952414,96,240,336.0,,3,0.0037614986451379555,0.6,checkpoints/mlp_Vc_trial_1574_best_state.pt,"{'learning_rate': 0.0037614986451379555, 'lr_reduce': 0.6}",TPESampler,COMPLETE
1575,0.06539855897426605,2025-04-26 00:54:02.115963,2025-04-26 00:54:10.533884,0 days 00:00:08.417921,0.05164265497873167,80,32,400.0,,3,0.0034670743583899645,0.6,checkpoints/mlp_Vc_trial_1575_best_state.pt,"{'learning_rate': 0.0034670743583899645, 'lr_reduce': 0.6}",TPESampler,COMPLETE
1576,0.05216698348522186,2025-04-26 00:54:05.839570,2025-04-26 00:54:17.619058,0 days 00:00:11.779488,0.005988727252395112,96,32,336.0,,3,0.004441881520724216,0.6,checkpoints/mlp_Vc_trial_1576_best_state.pt,"{'learning_rate': 0.004441881520724216, 'lr_reduce': 0.6}",TPESampler,COMPLETE
1577,0.05546543002128601,2025-04-26 00:54:09.110063,2025-04-26 00:54:28.258377,0 days 00:00:19.148314,0.00891455935546939,32,256,432.0,,3,0.0010890964844199474,0.6,checkpoints/mlp_Vc_trial_1577_best_state.pt,"{'learning_rate': 0.0010890964844199474, 'lr_reduce': 0.6}",TPESampler,COMPLETE
1578,0.050874412059783936,2025-04-26 00:54:10.929750,2025-04-26 00:54:24.663290,0 days 00:00:13.733540,0.013076574442079578,64,256,384.0,,3,0.002112216560299701,0.6,checkpoints/mlp_Vc_trial_1578_best_state.pt,"{'learning_rate': 0.002112216560299701, 'lr_reduce': 0.6}",TPESampler,COMPLETE
1579,0.24128171801567078,2025-04-26 00:54:17.966840,2025-04-26 00:54:47.046772,0 days 00:00:29.079932,0.2693811224673061,208,144,320.0,80.0,4,0.00015973429169174058,0.6,checkpoints/mlp_Vc_trial_1579_best_state.pt,"{'learning_rate': 0.00015973429169174058, 'lr_reduce': 0.6}",TPESampler,COMPLETE
1580,0.14010290801525116,2025-04-26 00:54:25.058926,2025-04-26 00:54:37.709837,0 days 00:00:12.650911,0.0014006878436923498,480,352,,,2,0.0021700250846885347,0.6,checkpoints/mlp_Vc_trial_1580_best_state.pt,"{'learning_rate': 0.0021700250846885347, 'lr_reduce': 0.6}",TPESampler,COMPLETE
1581,0.06284552067518234,2025-04-26 00:54:28.663759,2025-04-26 00:54:40.045167,0 days 00:00:11.381408,0.0008456150145611761,64,144,368.0,,3,0.009956847023332124,0.6,checkpoints/mlp_Vc_trial_1581_best_state.pt,"{'learning_rate': 0.009956847023332124, 'lr_reduce': 0.6}",TPESampler,COMPLETE
1582,0.04285154491662979,2025-04-26 00:54:38.019583,2025-04-26 00:54:50.870955,0 days 00:00:12.851372,0.03300136432391425,32,192,400.0,,3,0.005910957035386617,0.6,checkpoints/mlp_Vc_trial_1582_best_state.pt,"{'learning_rate': 0.005910957035386617, 'lr_reduce': 0.6}",TPESampler,COMPLETE
1583,0.039514876902103424,2025-04-26 00:54:40.491358,2025-04-26 00:55:13.921935,0 days 00:00:33.430577,1.4991409618188658e-05,32,160,480.0,,3,0.0034885726908518225,0.6,checkpoints/mlp_Vc_trial_1583_best_state.pt,"{'learning_rate': 0.0034885726908518225, 'lr_reduce': 0.6}",TPESampler,COMPLETE
1584,0.05404326692223549,2025-04-26 00:54:47.389148,2025-04-26 00:54:59.851951,0 days 00:00:12.462803,0.005586179498327444,32,64,,,2,0.00936018584762191,0.6,checkpoints/mlp_Vc_trial_1584_best_state.pt,"{'learning_rate': 0.00936018584762191, 'lr_reduce': 0.6}",TPESampler,COMPLETE
1585,0.08022108674049377,2025-04-26 00:54:51.210927,2025-04-26 00:55:03.600882,0 days 00:00:12.389955,0.09793225232166386,48,128,336.0,,3,0.0017917280626761822,0.6,checkpoints/mlp_Vc_trial_1585_best_state.pt,"{'learning_rate': 0.0017917280626761822, 'lr_reduce': 0.6}",TPESampler,COMPLETE
1586,0.03799241781234741,2025-04-26 00:55:00.181289,2025-04-26 00:55:10.984056,0 days 00:00:10.802767,0.005926503791761132,32,32,368.0,,3,0.006768330576805256,0.6,checkpoints/mlp_Vc_trial_1586_best_state.pt,"{'learning_rate': 0.006768330576805256, 'lr_reduce': 0.6}",TPESampler,COMPLETE
1587,0.04227146506309509,2025-04-26 00:55:03.988876,2025-04-26 00:55:16.732643,0 days 00:00:12.743767,0.00796614821303299,48,224,432.0,,3,0.004749268309789686,0.6,checkpoints/mlp_Vc_trial_1587_best_state.pt,"{'learning_rate': 0.004749268309789686, 'lr_reduce': 0.6}",TPESampler,COMPLETE
1588,0.056991126388311386,2025-04-26 00:55:11.347752,2025-04-26 00:55:22.841348,0 days 00:00:11.493596,0.06361138871748402,64,176,320.0,,3,0.002050232675711164,0.6,checkpoints/mlp_Vc_trial_1588_best_state.pt,"{'learning_rate': 0.002050232675711164, 'lr_reduce': 0.6}",TPESampler,COMPLETE
1589,0.16877244412899017,2025-04-26 00:55:14.357473,2025-04-26 00:55:25.141565,0 days 00:00:10.784092,0.0566695692689802,336,192,,,2,0.0009202257128954909,0.6,checkpoints/mlp_Vc_trial_1589_best_state.pt,"{'learning_rate': 0.0009202257128954909, 'lr_reduce': 0.6}",TPESampler,COMPLETE
1590,0.1106114462018013,2025-04-26 00:55:17.163887,2025-04-26 00:55:32.379832,0 days 00:00:15.215945,0.01570335041830708,176,240,,,2,0.002413539035226336,0.6,checkpoints/mlp_Vc_trial_1590_best_state.pt,"{'learning_rate': 0.002413539035226336, 'lr_reduce': 0.6}",TPESampler,COMPLETE
1591,0.048251792788505554,2025-04-26 00:55:23.213963,2025-04-26 00:55:40.363385,0 days 00:00:17.149422,0.0011324855998708985,48,160,384.0,,3,0.0033009482967393667,0.6,checkpoints/mlp_Vc_trial_1591_best_state.pt,"{'learning_rate': 0.0033009482967393667, 'lr_reduce': 0.6}",TPESampler,COMPLETE
1592,0.06798435747623444,2025-04-26 00:55:25.558821,2025-04-26 00:55:40.184320,0 days 00:00:14.625499,0.026428181728934397,128,176,320.0,,3,0.0023397310859120265,0.6,checkpoints/mlp_Vc_trial_1592_best_state.pt,"{'learning_rate': 0.0023397310859120265, 'lr_reduce': 0.6}",TPESampler,COMPLETE
1593,0.04348267987370491,2025-04-26 00:55:32.694165,2025-04-26 00:55:42.792424,0 days 00:00:10.098259,0.04174718314008555,32,112,432.0,,3,0.005783893442596396,0.6,checkpoints/mlp_Vc_trial_1593_best_state.pt,"{'learning_rate': 0.005783893442596396, 'lr_reduce': 0.6}",TPESampler,COMPLETE
1594,0.14971232414245605,2025-04-26 00:55:40.568592,2025-04-26 00:56:11.819746,0 days 00:00:31.251154,0.1676164408721082,512,112,,,2,0.000440525722889686,0.6,checkpoints/mlp_Vc_trial_1594_best_state.pt,"{'learning_rate': 0.000440525722889686, 'lr_reduce': 0.6}",TPESampler,COMPLETE
1595,0.04563942179083824,2025-04-26 00:55:40.690669,2025-04-26 00:55:51.125064,0 days 00:00:10.434395,0.05141477590699786,32,208,368.0,,3,0.0033706759742394414,0.6,checkpoints/mlp_Vc_trial_1595_best_state.pt,"{'learning_rate': 0.0033706759742394414, 'lr_reduce': 0.6}",TPESampler,COMPLETE
1596,0.046711526811122894,2025-04-26 00:55:43.151079,2025-04-26 00:55:54.875662,0 days 00:00:11.724583,0.00629079132230194,96,80,320.0,,3,0.005570177305870848,0.6,checkpoints/mlp_Vc_trial_1596_best_state.pt,"{'learning_rate': 0.005570177305870848, 'lr_reduce': 0.6}",TPESampler,COMPLETE
1597,0.048620082437992096,2025-04-26 00:55:51.570430,2025-04-26 00:56:10.100907,0 days 00:00:18.530477,0.00010786061348421264,48,96,464.0,,3,0.0076315873692829345,0.6,checkpoints/mlp_Vc_trial_1597_best_state.pt,"{'learning_rate': 0.0076315873692829345, 'lr_reduce': 0.6}",TPESampler,COMPLETE
1598,0.03783254697918892,2025-04-26 00:55:55.275823,2025-04-26 00:56:07.064428,0 days 00:00:11.788605,0.04484811339641463,32,256,400.0,,3,0.003675760675642526,0.6,checkpoints/mlp_Vc_trial_1598_best_state.pt,"{'learning_rate': 0.003675760675642526, 'lr_reduce': 0.6}",TPESampler,COMPLETE
1599,0.07804135233163834,2025-04-26 00:56:07.422834,2025-04-26 00:56:20.721195,0 days 00:00:13.298361,0.08016881684948512,128,176,368.0,,3,0.008895251579334497,0.6,checkpoints/mlp_Vc_trial_1599_best_state.pt,"{'learning_rate': 0.008895251579334497, 'lr_reduce': 0.6}",TPESampler,COMPLETE
1600,0.11451694369316101,2025-04-26 00:56:10.463666,2025-04-26 00:56:19.963273,0 days 00:00:09.499607,0.16926889944257392,320,224,320.0,80.0,4,0.001697211413588063,0.6,checkpoints/mlp_Vc_trial_1600_best_state.pt,"{'learning_rate': 0.001697211413588063, 'lr_reduce': 0.6}",TPESampler,COMPLETE
1601,0.09253758937120438,2025-04-26 00:56:12.210642,2025-04-26 00:56:19.964667,0 days 00:00:07.754025,0.11762013581341478,32,32,352.0,,3,0.0033015320996066123,0.6,checkpoints/mlp_Vc_trial_1601_best_state.pt,"{'learning_rate': 0.0033015320996066123, 'lr_reduce': 0.6}",TPESampler,COMPLETE
1602,0.036793213337659836,2025-04-26 00:56:20.251941,2025-04-26 00:56:33.367003,0 days 00:00:13.115062,0.03620886263492454,32,224,416.0,,3,0.006787774113275309,0.6,checkpoints/mlp_Vc_trial_1602_best_state.pt,"{'learning_rate': 0.006787774113275309, 'lr_reduce': 0.6}",TPESampler,COMPLETE
1603,0.09072690457105637,2025-04-26 00:56:20.334430,2025-04-26 00:56:29.941218,0 days 00:00:09.606788,0.07409935738904527,256,32,416.0,,3,0.00316430046093813,0.6,checkpoints/mlp_Vc_trial_1603_best_state.pt,"{'learning_rate': 0.00316430046093813, 'lr_reduce': 0.6}",TPESampler,COMPLETE
1604,0.06933106482028961,2025-04-26 00:56:21.250358,2025-04-26 00:56:33.169948,0 days 00:00:11.919590,0.051940702838179705,96,160,320.0,,3,0.0057756718661814924,0.6,checkpoints/mlp_Vc_trial_1604_best_state.pt,"{'learning_rate': 0.0057756718661814924, 'lr_reduce': 0.6}",TPESampler,COMPLETE
1605,0.04157136753201485,2025-04-26 00:56:30.225540,2025-04-26 00:56:40.510333,0 days 00:00:10.284793,0.01832411689544999,32,192,368.0,,3,0.004089505081033666,0.6,checkpoints/mlp_Vc_trial_1605_best_state.pt,"{'learning_rate': 0.004089505081033666, 'lr_reduce': 0.6}",TPESampler,COMPLETE
1606,0.059616003185510635,2025-04-26 00:56:33.457357,2025-04-26 00:56:41.228901,0 days 00:00:07.771544,0.013989287188174115,32,32,144.0,80.0,4,0.0034504239667932047,0.6,checkpoints/mlp_Vc_trial_1606_best_state.pt,"{'learning_rate': 0.0034504239667932047, 'lr_reduce': 0.6}",TPESampler,COMPLETE
1607,0.11277513206005096,2025-04-26 00:56:33.716767,2025-04-26 00:56:50.072684,0 days 00:00:16.355917,0.0483878590692301,80,208,,,2,0.0019496714746582127,0.6,checkpoints/mlp_Vc_trial_1607_best_state.pt,"{'learning_rate': 0.0019496714746582127, 'lr_reduce': 0.6}",TPESampler,COMPLETE
1608,0.04833934083580971,2025-04-26 00:56:40.929980,2025-04-26 00:56:55.879449,0 days 00:00:14.949469,0.02151202251447262,32,32,304.0,,3,0.0021058834198199846,0.6,checkpoints/mlp_Vc_trial_1608_best_state.pt,"{'learning_rate': 0.0021058834198199846, 'lr_reduce': 0.6}",TPESampler,COMPLETE
1609,0.0690099447965622,2025-04-26 00:56:41.579460,2025-04-26 00:56:53.032127,0 days 00:00:11.452667,0.03866533260452387,112,240,,,2,0.005183517104278129,0.6,checkpoints/mlp_Vc_trial_1609_best_state.pt,"{'learning_rate': 0.005183517104278129, 'lr_reduce': 0.6}",TPESampler,COMPLETE
1610,0.12635314464569092,2025-04-26 00:56:50.405344,2025-04-26 00:57:05.638884,0 days 00:00:15.233540,0.24217350981298436,320,160,464.0,,3,0.005096181183030501,0.6,checkpoints/mlp_Vc_trial_1610_best_state.pt,"{'learning_rate': 0.005096181183030501, 'lr_reduce': 0.6}",TPESampler,COMPLETE
1611,0.048903219401836395,2025-04-26 00:56:53.398289,2025-04-26 00:57:09.966743,0 days 00:00:16.568454,0.0011293180216826832,32,48,368.0,336.0,4,0.002605413233102476,0.6,checkpoints/mlp_Vc_trial_1611_best_state.pt,"{'learning_rate': 0.002605413233102476, 'lr_reduce': 0.6}",TPESampler,COMPLETE
1612,0.05002371966838837,2025-04-26 00:56:56.226169,2025-04-26 00:57:09.099290,0 days 00:00:12.873121,0.0004442506866430048,96,32,304.0,512.0,4,0.0056542939816376205,0.6,checkpoints/mlp_Vc_trial_1612_best_state.pt,"{'learning_rate': 0.0056542939816376205, 'lr_reduce': 0.6}",TPESampler,COMPLETE
1613,0.07545392960309982,2025-04-26 00:57:06.127572,2025-04-26 00:57:18.273926,0 days 00:00:12.146354,0.06381230422732607,128,112,400.0,,3,0.0059342973442592225,0.6,checkpoints/mlp_Vc_trial_1613_best_state.pt,"{'learning_rate': 0.0059342973442592225, 'lr_reduce': 0.6}",TPESampler,COMPLETE
1614,0.033101290464401245,2025-04-26 00:57:09.471804,2025-04-26 00:57:22.955666,0 days 00:00:13.483862,0.003415193876681771,48,32,352.0,,3,0.009489482650550734,0.6,checkpoints/mlp_Vc_trial_1614_best_state.pt,"{'learning_rate': 0.009489482650550734, 'lr_reduce': 0.6}",TPESampler,COMPLETE
1615,0.05174056440591812,2025-04-26 00:57:10.440254,2025-04-26 00:57:22.087889,0 days 00:00:11.647635,0.05138263434309406,80,128,352.0,,3,0.003922064259203795,0.6,checkpoints/mlp_Vc_trial_1615_best_state.pt,"{'learning_rate': 0.003922064259203795, 'lr_reduce': 0.6}",TPESampler,COMPLETE
1616,0.0717175155878067,2025-04-26 00:57:18.616745,2025-04-26 00:57:27.801978,0 days 00:00:09.185233,0.005044834891011331,80,160,400.0,,3,0.005077551458399766,0.6,checkpoints/mlp_Vc_trial_1616_best_state.pt,"{'learning_rate': 0.005077551458399766, 'lr_reduce': 0.6}",TPESampler,COMPLETE
1617,0.06968241930007935,2025-04-26 00:57:22.449386,2025-04-26 00:57:31.736917,0 days 00:00:09.287531,0.06701481757361732,48,32,400.0,32.0,4,0.003205940823744083,0.6,checkpoints/mlp_Vc_trial_1617_best_state.pt,"{'learning_rate': 0.003205940823744083, 'lr_reduce': 0.6}",TPESampler,COMPLETE
1618,0.04816129431128502,2025-04-26 00:57:23.356678,2025-04-26 00:57:35.514737,0 days 00:00:12.158059,0.005394608036318778,32,64,512.0,,3,0.009610861562436488,0.6,checkpoints/mlp_Vc_trial_1618_best_state.pt,"{'learning_rate': 0.009610861562436488, 'lr_reduce': 0.6}",TPESampler,COMPLETE
1619,0.05488619953393936,2025-04-26 00:57:28.109932,2025-04-26 00:57:54.994521,0 days 00:00:26.884589,0.0029458427156511765,32,32,,,2,0.0035818480329152655,0.6,checkpoints/mlp_Vc_trial_1619_best_state.pt,"{'learning_rate': 0.0035818480329152655, 'lr_reduce': 0.6}",TPESampler,COMPLETE
1620,0.04839088395237923,2025-04-26 00:57:32.067236,2025-04-26 00:57:46.654641,0 days 00:00:14.587405,0.002606767787962036,32,304,448.0,,3,0.0032110384710139443,0.6,checkpoints/mlp_Vc_trial_1620_best_state.pt,"{'learning_rate': 0.0032110384710139443, 'lr_reduce': 0.6}",TPESampler,COMPLETE
1621,0.0401201993227005,2025-04-26 00:57:35.919383,2025-04-26 00:57:47.179190,0 days 00:00:11.259807,0.012510551362298311,32,32,368.0,,3,0.00940815586606856,0.6,checkpoints/mlp_Vc_trial_1621_best_state.pt,"{'learning_rate': 0.00940815586606856, 'lr_reduce': 0.6}",TPESampler,COMPLETE
1622,0.15930406749248505,2025-04-26 00:57:47.203314,2025-04-26 00:58:10.526347,0 days 00:00:23.323033,0.05400761340331284,496,272,,,2,0.0004968356893761661,0.6,checkpoints/mlp_Vc_trial_1622_best_state.pt,"{'learning_rate': 0.0004968356893761661, 'lr_reduce': 0.6}",TPESampler,COMPLETE
1623,0.056148793548345566,2025-04-26 00:57:47.552239,2025-04-26 00:57:57.272269,0 days 00:00:09.720030,0.06942796901130427,48,32,416.0,,3,0.007907527573010614,0.6,checkpoints/mlp_Vc_trial_1623_best_state.pt,"{'learning_rate': 0.007907527573010614, 'lr_reduce': 0.6}",TPESampler,COMPLETE
1624,0.08060356229543686,2025-04-26 00:57:55.392349,2025-04-26 00:58:03.029264,0 days 00:00:07.636915,0.10480388443557478,32,32,368.0,80.0,4,0.009522200219968652,0.6,checkpoints/mlp_Vc_trial_1624_best_state.pt,"{'learning_rate': 0.009522200219968652, 'lr_reduce': 0.6}",TPESampler,COMPLETE
1625,0.06725689768791199,2025-04-26 00:57:57.720474,2025-04-26 00:58:08.599242,0 days 00:00:10.878768,0.0058435786373219265,240,96,368.0,32.0,4,0.006716475753938665,0.6,checkpoints/mlp_Vc_trial_1625_best_state.pt,"{'learning_rate': 0.006716475753938665, 'lr_reduce': 0.6}",TPESampler,COMPLETE
1626,0.058744531124830246,2025-04-26 00:58:03.386983,2025-04-26 00:58:15.835438,0 days 00:00:12.448455,0.0398618693533268,96,32,432.0,,3,0.006638974833604138,0.6,checkpoints/mlp_Vc_trial_1626_best_state.pt,"{'learning_rate': 0.006638974833604138, 'lr_reduce': 0.6}",TPESampler,COMPLETE
1627,0.04766547679901123,2025-04-26 00:58:08.954232,2025-04-26 00:58:22.876194,0 days 00:00:13.921962,0.0005264796078056971,32,80,352.0,80.0,4,0.003264204986547942,0.6,checkpoints/mlp_Vc_trial_1627_best_state.pt,"{'learning_rate': 0.003264204986547942, 'lr_reduce': 0.6}",TPESampler,COMPLETE
1628,0.06757178157567978,2025-04-26 00:58:11.079633,2025-04-26 00:58:24.126890,0 days 00:00:13.047257,0.030764410620461077,112,112,400.0,,3,0.007790876948960651,0.6,checkpoints/mlp_Vc_trial_1628_best_state.pt,"{'learning_rate': 0.007790876948960651, 'lr_reduce': 0.6}",TPESampler,COMPLETE
1629,0.06420738250017166,2025-04-26 00:58:16.181029,2025-04-26 00:58:26.741054,0 days 00:00:10.560025,0.06281616338482433,96,32,320.0,32.0,4,0.006428566533898786,0.6,checkpoints/mlp_Vc_trial_1629_best_state.pt,"{'learning_rate': 0.006428566533898786, 'lr_reduce': 0.6}",TPESampler,COMPLETE
1630,0.07192729413509369,2025-04-26 00:58:23.214800,2025-04-26 00:58:32.017027,0 days 00:00:08.802227,0.05141287004804056,160,32,464.0,,3,0.008581964628302706,0.6,checkpoints/mlp_Vc_trial_1630_best_state.pt,"{'learning_rate': 0.008581964628302706, 'lr_reduce': 0.6}",TPESampler,COMPLETE
1631,0.06700484454631805,2025-04-26 00:58:24.597811,2025-04-26 00:58:32.891313,0 days 00:00:08.293502,0.0551758159461022,96,32,384.0,80.0,4,0.005280343035894578,0.6,checkpoints/mlp_Vc_trial_1631_best_state.pt,"{'learning_rate': 0.005280343035894578, 'lr_reduce': 0.6}",TPESampler,COMPLETE
1632,0.06029808521270752,2025-04-26 00:58:27.080468,2025-04-26 00:58:37.395639,0 days 00:00:10.315171,0.04681980449820573,96,192,304.0,,3,0.0036594205227574467,0.6,checkpoints/mlp_Vc_trial_1632_best_state.pt,"{'learning_rate': 0.0036594205227574467, 'lr_reduce': 0.6}",TPESampler,COMPLETE
1633,0.07149367779493332,2025-04-26 00:58:32.395393,2025-04-26 00:58:40.323640,0 days 00:00:07.928247,0.07460770784926928,80,64,352.0,,3,0.00984685628269347,0.6,checkpoints/mlp_Vc_trial_1633_best_state.pt,"{'learning_rate': 0.00984685628269347, 'lr_reduce': 0.6}",TPESampler,COMPLETE
1634,0.04164271801710129,2025-04-26 00:58:33.263014,2025-04-26 00:58:48.145026,0 days 00:00:14.882012,0.023598430283815048,32,176,400.0,,3,0.002863251412633691,0.6,checkpoints/mlp_Vc_trial_1634_best_state.pt,"{'learning_rate': 0.002863251412633691, 'lr_reduce': 0.6}",TPESampler,COMPLETE
1635,0.05628292262554169,2025-04-26 00:58:37.784373,2025-04-26 00:58:46.860231,0 days 00:00:09.075858,0.033511621223987986,112,64,288.0,,3,0.005353977768800195,0.6,checkpoints/mlp_Vc_trial_1635_best_state.pt,"{'learning_rate': 0.005353977768800195, 'lr_reduce': 0.6}",TPESampler,COMPLETE
1636,0.03940752521157265,2025-04-26 00:58:40.687218,2025-04-26 00:58:52.418522,0 days 00:00:11.731304,0.009798647920292012,32,112,80.0,,3,0.009894241457172019,0.6,checkpoints/mlp_Vc_trial_1636_best_state.pt,"{'learning_rate': 0.009894241457172019, 'lr_reduce': 0.6}",TPESampler,COMPLETE
1637,0.1617865115404129,2025-04-26 00:58:47.429651,2025-04-26 00:59:07.840691,0 days 00:00:20.411040,0.2527599847316749,464,64,336.0,,3,0.000425049619545629,0.6,checkpoints/mlp_Vc_trial_1637_best_state.pt,"{'learning_rate': 0.000425049619545629, 'lr_reduce': 0.6}",TPESampler,COMPLETE
1638,0.040573861449956894,2025-04-26 00:58:48.563611,2025-04-26 00:59:01.313416,0 days 00:00:12.749805,0.002490890022166603,32,112,432.0,,3,0.005252416565668163,0.6,checkpoints/mlp_Vc_trial_1638_best_state.pt,"{'learning_rate': 0.005252416565668163, 'lr_reduce': 0.6}",TPESampler,COMPLETE
1639,0.0366218276321888,2025-04-26 00:58:52.782676,2025-04-26 00:59:08.899938,0 days 00:00:16.117262,0.0009574357480778628,32,160,368.0,,3,0.003259329291918569,0.6,checkpoints/mlp_Vc_trial_1639_best_state.pt,"{'learning_rate': 0.003259329291918569, 'lr_reduce': 0.6}",TPESampler,COMPLETE
1640,0.08523950725793839,2025-04-26 00:59:01.676872,2025-04-26 00:59:17.148139,0 days 00:00:15.471267,0.017542962108991783,224,128,400.0,,3,0.0015076582433710415,0.6,checkpoints/mlp_Vc_trial_1640_best_state.pt,"{'learning_rate': 0.0015076582433710415, 'lr_reduce': 0.6}",TPESampler,COMPLETE
1641,0.06465702503919601,2025-04-26 00:59:08.214788,2025-04-26 00:59:20.612382,0 days 00:00:12.397594,0.0017845222371155184,128,176,336.0,,3,0.008295050600499442,0.6,checkpoints/mlp_Vc_trial_1641_best_state.pt,"{'learning_rate': 0.008295050600499442, 'lr_reduce': 0.6}",TPESampler,COMPLETE
1642,0.05465792864561081,2025-04-26 00:59:09.288573,2025-04-26 00:59:20.137100,0 days 00:00:10.848527,0.09027165078380536,80,80,,,2,0.0061754634192177325,0.6,checkpoints/mlp_Vc_trial_1642_best_state.pt,"{'learning_rate': 0.0061754634192177325, 'lr_reduce': 0.6}",TPESampler,COMPLETE
