number,value,datetime_start,datetime_complete,duration,params_final_dropout,params_mlp_dim_00,params_mlp_dim_01,params_mlp_dim_02,params_mlp_dim_03,params_mlp_n_layers,params_train_learning_rate,params_train_lr_reduce,user_attrs_best_state_dict_path,user_attrs_training_params,system_attrs_auto:sampler,state
675,0.039406318217515945,2025-04-25 23:43:10.300096,2025-04-25 23:43:24.881174,0 days 00:00:14.581078,0.008204072726339055,32,128,352.0,,3,0.002620589989504035,0.6,checkpoints/mlp_Vc_trial_675_best_state.pt,"{'learning_rate': 0.002620589989504035, 'lr_reduce': 0.6}",TPESampler,COMPLETE
676,0.06112130358815193,2025-04-25 23:43:10.371107,2025-04-25 23:43:17.268320,0 days 00:00:06.897213,0.04459100282492819,128,48,400.0,,3,0.008697236660192134,0.6,checkpoints/mlp_Vc_trial_676_best_state.pt,"{'learning_rate': 0.008697236660192134, 'lr_reduce': 0.6}",TPESampler,COMPLETE
677,0.15307679772377014,2025-04-25 23:43:17.601662,2025-04-25 23:43:45.001815,0 days 00:00:27.400153,0.06956812561061179,240,416,400.0,,3,0.00017064842242925932,0.6,checkpoints/mlp_Vc_trial_677_best_state.pt,"{'learning_rate': 0.00017064842242925932, 'lr_reduce': 0.6}",TPESampler,COMPLETE
678,0.06642382591962814,2025-04-25 23:43:25.189537,2025-04-25 23:43:36.273928,0 days 00:00:11.084391,8.415899106395223e-05,128,96,224.0,,3,0.00570553501145761,0.6,checkpoints/mlp_Vc_trial_678_best_state.pt,"{'learning_rate': 0.00570553501145761, 'lr_reduce': 0.6}",TPESampler,COMPLETE
679,0.04034765437245369,2025-04-25 23:43:25.665987,2025-04-25 23:43:36.811495,0 days 00:00:11.145508,0.05204726711219021,48,112,336.0,,3,0.004776645934851916,0.6,checkpoints/mlp_Vc_trial_679_best_state.pt,"{'learning_rate': 0.004776645934851916, 'lr_reduce': 0.6}",TPESampler,COMPLETE
680,0.07593411207199097,2025-04-25 23:43:36.585496,2025-04-25 23:43:55.396439,0 days 00:00:18.810943,0.04691227652372537,32,64,,,2,0.0024954952042405185,0.6,checkpoints/mlp_Vc_trial_680_best_state.pt,"{'learning_rate': 0.0024954952042405185, 'lr_reduce': 0.6}",TPESampler,COMPLETE
681,0.042441368103027344,2025-04-25 23:43:37.107202,2025-04-25 23:43:46.727851,0 days 00:00:09.620649,0.013781996278312614,32,192,416.0,,3,0.005421525101912939,0.6,checkpoints/mlp_Vc_trial_681_best_state.pt,"{'learning_rate': 0.005421525101912939, 'lr_reduce': 0.6}",TPESampler,COMPLETE
682,0.046911969780921936,2025-04-25 23:43:45.473431,2025-04-25 23:43:56.995981,0 days 00:00:11.522550,0.02495535361664987,32,128,512.0,,3,0.009229914825523442,0.6,checkpoints/mlp_Vc_trial_682_best_state.pt,"{'learning_rate': 0.009229914825523442, 'lr_reduce': 0.6}",TPESampler,COMPLETE
683,0.0399588979780674,2025-04-25 23:43:47.037613,2025-04-25 23:43:59.911833,0 days 00:00:12.874220,0.005519537252244394,32,128,368.0,,3,0.005802156540175424,0.6,checkpoints/mlp_Vc_trial_683_best_state.pt,"{'learning_rate': 0.005802156540175424, 'lr_reduce': 0.6}",TPESampler,COMPLETE
684,0.058431122452020645,2025-04-25 23:43:55.716637,2025-04-25 23:44:03.165962,0 days 00:00:07.449325,0.04858841235117278,32,48,432.0,,3,0.003857410135523953,0.6,checkpoints/mlp_Vc_trial_684_best_state.pt,"{'learning_rate': 0.003857410135523953, 'lr_reduce': 0.6}",TPESampler,COMPLETE
685,0.07101418077945709,2025-04-25 23:43:57.300406,2025-04-25 23:44:04.789315,0 days 00:00:07.488909,0.04547612998243629,128,48,336.0,,3,0.004244142402830328,0.6,checkpoints/mlp_Vc_trial_685_best_state.pt,"{'learning_rate': 0.004244142402830328, 'lr_reduce': 0.6}",TPESampler,COMPLETE
686,0.04183420538902283,2025-04-25 23:44:00.201274,2025-04-25 23:44:10.904912,0 days 00:00:10.703638,0.0018498027102042337,32,160,384.0,,3,0.003989636387413969,0.6,checkpoints/mlp_Vc_trial_686_best_state.pt,"{'learning_rate': 0.003989636387413969, 'lr_reduce': 0.6}",TPESampler,COMPLETE
687,0.13105231523513794,2025-04-25 23:44:03.471145,2025-04-25 23:44:25.230460,0 days 00:00:21.759315,0.14502956844880868,400,304,464.0,,3,0.0003934585253363743,0.6,checkpoints/mlp_Vc_trial_687_best_state.pt,"{'learning_rate': 0.0003934585253363743, 'lr_reduce': 0.6}",TPESampler,COMPLETE
688,0.0870455726981163,2025-04-25 23:44:05.114700,2025-04-25 23:44:14.692165,0 days 00:00:09.577465,0.13314107786548163,112,160,400.0,32.0,4,0.003739693775209522,0.6,checkpoints/mlp_Vc_trial_688_best_state.pt,"{'learning_rate': 0.003739693775209522, 'lr_reduce': 0.6}",TPESampler,COMPLETE
689,0.0852588340640068,2025-04-25 23:44:11.236272,2025-04-25 23:44:23.930256,0 days 00:00:12.693984,0.051728249313199755,64,32,304.0,,3,0.0018948791032418531,0.6,checkpoints/mlp_Vc_trial_689_best_state.pt,"{'learning_rate': 0.0018948791032418531, 'lr_reduce': 0.6}",TPESampler,COMPLETE
690,0.11045153439044952,2025-04-25 23:44:14.960739,2025-04-25 23:44:51.168166,0 days 00:00:36.207427,0.001968518100438677,80,32,,,2,0.0004365405819473013,0.6,checkpoints/mlp_Vc_trial_690_best_state.pt,"{'learning_rate': 0.0004365405819473013, 'lr_reduce': 0.6}",TPESampler,COMPLETE
691,0.07880714535713196,2025-04-25 23:44:24.240375,2025-04-25 23:44:38.881481,0 days 00:00:14.641106,0.0015861848684918575,80,96,,,2,0.0036337095922576255,0.6,checkpoints/mlp_Vc_trial_691_best_state.pt,"{'learning_rate': 0.0036337095922576255, 'lr_reduce': 0.6}",TPESampler,COMPLETE
692,0.073430635035038,2025-04-25 23:44:25.574662,2025-04-25 23:44:39.660243,0 days 00:00:14.085581,0.11412054709806652,96,224,432.0,,3,0.00878735799341416,0.6,checkpoints/mlp_Vc_trial_692_best_state.pt,"{'learning_rate': 0.00878735799341416, 'lr_reduce': 0.6}",TPESampler,COMPLETE
693,0.046623021364212036,2025-04-25 23:44:39.346280,2025-04-25 23:44:47.049951,0 days 00:00:07.703671,0.05363033579088695,32,80,368.0,,3,0.0073590547577152285,0.6,checkpoints/mlp_Vc_trial_693_best_state.pt,"{'learning_rate': 0.0073590547577152285, 'lr_reduce': 0.6}",TPESampler,COMPLETE
694,0.06252360343933105,2025-04-25 23:44:40.027896,2025-04-25 23:45:05.186300,0 days 00:00:25.158404,0.0037189981445235535,32,32,,,2,0.002047009577712991,0.6,checkpoints/mlp_Vc_trial_694_best_state.pt,"{'learning_rate': 0.002047009577712991, 'lr_reduce': 0.6}",TPESampler,COMPLETE
695,0.057021092623472214,2025-04-25 23:44:47.364594,2025-04-25 23:44:56.763316,0 days 00:00:09.398722,0.0022727196019426315,112,144,464.0,,3,0.008609965468774683,0.6,checkpoints/mlp_Vc_trial_695_best_state.pt,"{'learning_rate': 0.008609965468774683, 'lr_reduce': 0.6}",TPESampler,COMPLETE
696,0.05617217347025871,2025-04-25 23:44:51.486000,2025-04-25 23:44:58.943895,0 days 00:00:07.457895,0.06764197801120908,32,112,352.0,,3,0.0053302190696567706,0.6,checkpoints/mlp_Vc_trial_696_best_state.pt,"{'learning_rate': 0.0053302190696567706, 'lr_reduce': 0.6}",TPESampler,COMPLETE
697,0.04410773515701294,2025-04-25 23:44:57.163528,2025-04-25 23:45:05.272587,0 days 00:00:08.109059,0.005529198243133427,48,32,416.0,,3,0.005657540046265758,0.6,checkpoints/mlp_Vc_trial_697_best_state.pt,"{'learning_rate': 0.005657540046265758, 'lr_reduce': 0.6}",TPESampler,COMPLETE
698,0.0907726064324379,2025-04-25 23:44:59.245107,2025-04-25 23:45:07.371810,0 days 00:00:08.126703,0.04506340932711406,512,144,288.0,240.0,4,0.0017822992554470893,0.6,checkpoints/mlp_Vc_trial_698_best_state.pt,"{'learning_rate': 0.0017822992554470893, 'lr_reduce': 0.6}",TPESampler,COMPLETE
699,0.037901993840932846,2025-04-25 23:45:05.442033,2025-04-25 23:45:16.263640,0 days 00:00:10.821607,0.00571789622692412,32,96,384.0,,3,0.004810492075542454,0.6,checkpoints/mlp_Vc_trial_699_best_state.pt,"{'learning_rate': 0.004810492075542454, 'lr_reduce': 0.6}",TPESampler,COMPLETE
700,0.06094039976596832,2025-04-25 23:45:05.514386,2025-04-25 23:45:20.757428,0 days 00:00:15.243042,0.0052087349304953574,80,80,480.0,,3,0.0015698279943086146,0.6,checkpoints/mlp_Vc_trial_700_best_state.pt,"{'learning_rate': 0.0015698279943086146, 'lr_reduce': 0.6}",TPESampler,COMPLETE
701,0.05299753323197365,2025-04-25 23:45:07.693581,2025-04-25 23:45:17.926468,0 days 00:00:10.232887,0.0006913622138435419,64,160,432.0,,3,0.007767161588319567,0.6,checkpoints/mlp_Vc_trial_701_best_state.pt,"{'learning_rate': 0.007767161588319567, 'lr_reduce': 0.6}",TPESampler,COMPLETE
702,0.054119110107421875,2025-04-25 23:45:16.552069,2025-04-25 23:45:22.955402,0 days 00:00:06.403333,0.08080819634758789,32,64,352.0,,3,0.00919219193294157,0.6,checkpoints/mlp_Vc_trial_702_best_state.pt,"{'learning_rate': 0.00919219193294157, 'lr_reduce': 0.6}",TPESampler,COMPLETE
703,0.14951300621032715,2025-04-25 23:45:18.220354,2025-04-25 23:45:26.368812,0 days 00:00:08.148458,0.2624970594619648,80,96,400.0,,3,0.0021928915281549475,0.6,checkpoints/mlp_Vc_trial_703_best_state.pt,"{'learning_rate': 0.0021928915281549475, 'lr_reduce': 0.6}",TPESampler,COMPLETE
704,0.058071285486221313,2025-04-25 23:45:21.041706,2025-04-25 23:45:29.545683,0 days 00:00:08.503977,0.0006345211812372881,48,144,80.0,,3,0.008712106277955378,0.6,checkpoints/mlp_Vc_trial_704_best_state.pt,"{'learning_rate': 0.008712106277955378, 'lr_reduce': 0.6}",TPESampler,COMPLETE
705,0.09606252610683441,2025-04-25 23:45:23.330666,2025-04-25 23:45:32.454924,0 days 00:00:09.124258,0.07320131448439673,128,256,,,2,0.0046276319651878395,0.6,checkpoints/mlp_Vc_trial_705_best_state.pt,"{'learning_rate': 0.0046276319651878395, 'lr_reduce': 0.6}",TPESampler,COMPLETE
706,0.06890688091516495,2025-04-25 23:45:26.630017,2025-04-25 23:45:35.561523,0 days 00:00:08.931506,0.0636383266975584,32,112,512.0,,3,0.008685038625843152,0.6,checkpoints/mlp_Vc_trial_706_best_state.pt,"{'learning_rate': 0.008685038625843152, 'lr_reduce': 0.6}",TPESampler,COMPLETE
707,0.038685817271471024,2025-04-25 23:45:29.882224,2025-04-25 23:45:45.532889,0 days 00:00:15.650665,0.011848000970919377,32,208,,,2,0.006085107740128536,0.6,checkpoints/mlp_Vc_trial_707_best_state.pt,"{'learning_rate': 0.006085107740128536, 'lr_reduce': 0.6}",TPESampler,COMPLETE
708,0.15277914702892303,2025-04-25 23:45:32.745786,2025-04-25 23:46:23.146041,0 days 00:00:50.400255,0.173595318201058,432,256,336.0,160.0,4,0.0001103581115557419,0.6,checkpoints/mlp_Vc_trial_708_best_state.pt,"{'learning_rate': 0.0001103581115557419, 'lr_reduce': 0.6}",TPESampler,COMPLETE
709,0.04983668401837349,2025-04-25 23:45:35.850359,2025-04-25 23:45:52.238160,0 days 00:00:16.387801,0.002191124266683531,32,48,432.0,,3,0.0019241785319893164,0.6,checkpoints/mlp_Vc_trial_709_best_state.pt,"{'learning_rate': 0.0019241785319893164, 'lr_reduce': 0.6}",TPESampler,COMPLETE
710,0.04111410304903984,2025-04-25 23:45:45.902744,2025-04-25 23:45:58.969246,0 days 00:00:13.066502,0.0012703550524329893,48,96,384.0,,3,0.003453078086647869,0.6,checkpoints/mlp_Vc_trial_710_best_state.pt,"{'learning_rate': 0.003453078086647869, 'lr_reduce': 0.6}",TPESampler,COMPLETE
711,0.05361089110374451,2025-04-25 23:45:52.633754,2025-04-25 23:46:03.858030,0 days 00:00:11.224276,0.03647197843336701,32,32,416.0,,3,0.003926393376682087,0.6,checkpoints/mlp_Vc_trial_711_best_state.pt,"{'learning_rate': 0.003926393376682087, 'lr_reduce': 0.6}",TPESampler,COMPLETE
712,0.0769728571176529,2025-04-25 23:45:59.423780,2025-04-25 23:46:11.645597,0 days 00:00:12.221817,0.04946859387161929,128,112,336.0,,3,0.002159053253035462,0.6,checkpoints/mlp_Vc_trial_712_best_state.pt,"{'learning_rate': 0.002159053253035462, 'lr_reduce': 0.6}",TPESampler,COMPLETE
713,0.06306992471218109,2025-04-25 23:46:04.180828,2025-04-25 23:46:17.002858,0 days 00:00:12.822030,0.0464656643572764,32,128,256.0,272.0,4,0.009519837408481842,0.6,checkpoints/mlp_Vc_trial_713_best_state.pt,"{'learning_rate': 0.009519837408481842, 'lr_reduce': 0.6}",TPESampler,COMPLETE
714,0.06489814817905426,2025-04-25 23:46:11.976019,2025-04-25 23:46:21.829548,0 days 00:00:09.853529,0.0008674357389709545,96,112,464.0,,3,0.00708138635882431,0.6,checkpoints/mlp_Vc_trial_714_best_state.pt,"{'learning_rate': 0.00708138635882431, 'lr_reduce': 0.6}",TPESampler,COMPLETE
715,0.10988408327102661,2025-04-25 23:46:17.360398,2025-04-25 23:46:36.495127,0 days 00:00:19.134729,0.10072396787884295,192,128,384.0,160.0,4,0.0005612865255181859,0.6,checkpoints/mlp_Vc_trial_715_best_state.pt,"{'learning_rate': 0.0005612865255181859, 'lr_reduce': 0.6}",TPESampler,COMPLETE
716,0.048369891941547394,2025-04-25 23:46:22.131769,2025-04-25 23:46:40.702017,0 days 00:00:18.570248,0.0032717388653526157,32,160,,,2,0.0018543232377161046,0.6,checkpoints/mlp_Vc_trial_716_best_state.pt,"{'learning_rate': 0.0018543232377161046, 'lr_reduce': 0.6}",TPESampler,COMPLETE
717,0.06278611719608307,2025-04-25 23:46:23.456598,2025-04-25 23:46:32.141000,0 days 00:00:08.684402,0.005521258974480713,112,32,384.0,,3,0.007762886905760163,0.6,checkpoints/mlp_Vc_trial_717_best_state.pt,"{'learning_rate': 0.007762886905760163, 'lr_reduce': 0.6}",TPESampler,COMPLETE
718,0.06203938275575638,2025-04-25 23:46:32.479725,2025-04-25 23:46:42.432681,0 days 00:00:09.952956,0.06417854161478928,32,32,432.0,,3,0.00477563072319462,0.6,checkpoints/mlp_Vc_trial_718_best_state.pt,"{'learning_rate': 0.00477563072319462, 'lr_reduce': 0.6}",TPESampler,COMPLETE
719,0.05705387517809868,2025-04-25 23:46:36.819429,2025-04-25 23:46:44.211522,0 days 00:00:07.392093,0.042381834514966965,112,112,336.0,,3,0.00479454334972643,0.6,checkpoints/mlp_Vc_trial_719_best_state.pt,"{'learning_rate': 0.00479454334972643, 'lr_reduce': 0.6}",TPESampler,COMPLETE
720,0.07032573223114014,2025-04-25 23:46:41.051320,2025-04-25 23:46:54.495088,0 days 00:00:13.443768,0.017356387277297654,32,64,,,2,0.007536473318674489,0.6,checkpoints/mlp_Vc_trial_720_best_state.pt,"{'learning_rate': 0.007536473318674489, 'lr_reduce': 0.6}",TPESampler,COMPLETE
721,0.05798865482211113,2025-04-25 23:46:42.684753,2025-04-25 23:46:50.726937,0 days 00:00:08.042184,0.06523433634499419,32,48,512.0,,3,0.00944663233954411,0.6,checkpoints/mlp_Vc_trial_721_best_state.pt,"{'learning_rate': 0.00944663233954411, 'lr_reduce': 0.6}",TPESampler,COMPLETE
722,0.04746111109852791,2025-04-25 23:46:44.498073,2025-04-25 23:46:53.942635,0 days 00:00:09.444562,0.03387732345823834,32,128,384.0,,3,0.0067637411975919465,0.6,checkpoints/mlp_Vc_trial_722_best_state.pt,"{'learning_rate': 0.0067637411975919465, 'lr_reduce': 0.6}",TPESampler,COMPLETE
723,0.08074606209993362,2025-04-25 23:46:51.014318,2025-04-25 23:47:00.822751,0 days 00:00:09.808433,0.06440563043600467,80,32,,,2,0.008803432816473595,0.6,checkpoints/mlp_Vc_trial_723_best_state.pt,"{'learning_rate': 0.008803432816473595, 'lr_reduce': 0.6}",TPESampler,COMPLETE
724,0.03855757787823677,2025-04-25 23:46:54.246357,2025-04-25 23:47:12.944032,0 days 00:00:18.697675,0.0010707440260553777,32,112,448.0,,3,0.003338186137108106,0.6,checkpoints/mlp_Vc_trial_724_best_state.pt,"{'learning_rate': 0.003338186137108106, 'lr_reduce': 0.6}",TPESampler,COMPLETE
725,0.04335568845272064,2025-04-25 23:46:54.868275,2025-04-25 23:47:04.873388,0 days 00:00:10.005113,0.05636240592881494,32,96,304.0,,3,0.003083295172861181,0.6,checkpoints/mlp_Vc_trial_725_best_state.pt,"{'learning_rate': 0.003083295172861181, 'lr_reduce': 0.6}",TPESampler,COMPLETE
726,0.06699568778276443,2025-04-25 23:47:01.157391,2025-04-25 23:47:11.692737,0 days 00:00:10.535346,0.0033203215277892457,224,48,400.0,,3,0.007950157824549726,0.6,checkpoints/mlp_Vc_trial_726_best_state.pt,"{'learning_rate': 0.007950157824549726, 'lr_reduce': 0.6}",TPESampler,COMPLETE
727,0.0751117393374443,2025-04-25 23:47:05.176072,2025-04-25 23:47:13.984215,0 days 00:00:08.808143,0.05843006183660571,128,192,352.0,,3,0.0032170717427777835,0.6,checkpoints/mlp_Vc_trial_727_best_state.pt,"{'learning_rate': 0.0032170717427777835, 'lr_reduce': 0.6}",TPESampler,COMPLETE
728,0.07116017490625381,2025-04-25 23:47:12.018143,2025-04-25 23:47:21.001214,0 days 00:00:08.983071,0.03513191684074914,128,48,448.0,,3,0.004473726830587792,0.6,checkpoints/mlp_Vc_trial_728_best_state.pt,"{'learning_rate': 0.004473726830587792, 'lr_reduce': 0.6}",TPESampler,COMPLETE
729,0.04237852245569229,2025-04-25 23:47:13.307360,2025-04-25 23:47:23.568802,0 days 00:00:10.261442,0.019330221799607975,32,96,400.0,,3,0.0041688497615333985,0.6,checkpoints/mlp_Vc_trial_729_best_state.pt,"{'learning_rate': 0.0041688497615333985, 'lr_reduce': 0.6}",TPESampler,COMPLETE
730,0.06731828302145004,2025-04-25 23:47:14.287061,2025-04-25 23:47:28.927935,0 days 00:00:14.640874,0.05018606343569682,64,304,352.0,,3,0.007489709793170728,0.6,checkpoints/mlp_Vc_trial_730_best_state.pt,"{'learning_rate': 0.007489709793170728, 'lr_reduce': 0.6}",TPESampler,COMPLETE
731,0.05307922139763832,2025-04-25 23:47:21.513928,2025-04-25 23:47:31.741112,0 days 00:00:10.227184,0.018548179930289666,128,48,464.0,,3,0.009161471824873554,0.6,checkpoints/mlp_Vc_trial_731_best_state.pt,"{'learning_rate': 0.009161471824873554, 'lr_reduce': 0.6}",TPESampler,COMPLETE
732,0.14912049472332,2025-04-25 23:47:23.878508,2025-04-25 23:48:38.116636,0 days 00:01:14.238128,0.10718204661685052,48,48,,,2,0.00010786584422741585,0.6,checkpoints/mlp_Vc_trial_732_best_state.pt,"{'learning_rate': 0.00010786584422741585, 'lr_reduce': 0.6}",TPESampler,COMPLETE
733,0.07508011162281036,2025-04-25 23:47:29.207187,2025-04-25 23:47:40.214334,0 days 00:00:11.007147,0.043194494951731506,112,208,400.0,,3,0.003311467446076906,0.6,checkpoints/mlp_Vc_trial_733_best_state.pt,"{'learning_rate': 0.003311467446076906, 'lr_reduce': 0.6}",TPESampler,COMPLETE
734,0.0784934014081955,2025-04-25 23:47:32.039570,2025-04-25 23:47:56.527377,0 days 00:00:24.487807,0.06489659512843884,80,192,352.0,,3,0.009052910423893962,0.6,checkpoints/mlp_Vc_trial_734_best_state.pt,"{'learning_rate': 0.009052910423893962, 'lr_reduce': 0.6}",TPESampler,COMPLETE
735,0.05120315030217171,2025-04-25 23:47:40.541801,2025-04-25 23:47:57.132514,0 days 00:00:16.590713,0.0005927914366288759,32,128,432.0,,3,0.005602755716845762,0.6,checkpoints/mlp_Vc_trial_735_best_state.pt,"{'learning_rate': 0.005602755716845762, 'lr_reduce': 0.6}",TPESampler,COMPLETE
736,0.09999188035726547,2025-04-25 23:47:56.821206,2025-04-25 23:48:07.850752,0 days 00:00:11.029546,0.11293158208132265,80,480,400.0,,3,0.0009563749911900985,0.6,checkpoints/mlp_Vc_trial_736_best_state.pt,"{'learning_rate': 0.0009563749911900985, 'lr_reduce': 0.6}",TPESampler,COMPLETE
737,0.08573564141988754,2025-04-25 23:47:57.508509,2025-04-25 23:48:18.699902,0 days 00:00:21.191393,0.04326293005211426,128,160,288.0,,3,0.001057873995425995,0.6,checkpoints/mlp_Vc_trial_737_best_state.pt,"{'learning_rate': 0.001057873995425995, 'lr_reduce': 0.6}",TPESampler,COMPLETE
738,0.05756054073572159,2025-04-25 23:48:08.247387,2025-04-25 23:48:19.353183,0 days 00:00:11.105796,0.018610876691409862,32,64,480.0,,3,0.009469034512463786,0.6,checkpoints/mlp_Vc_trial_738_best_state.pt,"{'learning_rate': 0.009469034512463786, 'lr_reduce': 0.6}",TPESampler,COMPLETE
739,0.06403885781764984,2025-04-25 23:48:19.039472,2025-04-25 23:48:31.250235,0 days 00:00:12.210763,0.043342517001313495,96,192,368.0,,3,0.005551715778192283,0.6,checkpoints/mlp_Vc_trial_739_best_state.pt,"{'learning_rate': 0.005551715778192283, 'lr_reduce': 0.6}",TPESampler,COMPLETE
740,0.05313226208090782,2025-04-25 23:48:19.705808,2025-04-25 23:48:30.564247,0 days 00:00:10.858439,0.03602434623572827,32,144,432.0,,3,0.009831003741816514,0.6,checkpoints/mlp_Vc_trial_740_best_state.pt,"{'learning_rate': 0.009831003741816514, 'lr_reduce': 0.6}",TPESampler,COMPLETE
741,0.048516374081373215,2025-04-25 23:48:30.891353,2025-04-25 23:48:45.185142,0 days 00:00:14.293789,0.008167642671717372,112,112,320.0,,3,0.0034522593217834467,0.6,checkpoints/mlp_Vc_trial_741_best_state.pt,"{'learning_rate': 0.0034522593217834467, 'lr_reduce': 0.6}",TPESampler,COMPLETE
742,0.046406883746385574,2025-04-25 23:48:31.625254,2025-04-25 23:48:44.233708,0 days 00:00:12.608454,0.0007574098514031465,32,208,400.0,,3,0.004611846839491166,0.6,checkpoints/mlp_Vc_trial_742_best_state.pt,"{'learning_rate': 0.004611846839491166, 'lr_reduce': 0.6}",TPESampler,COMPLETE
743,0.0479460209608078,2025-04-25 23:48:38.443381,2025-04-25 23:48:47.759215,0 days 00:00:09.315834,0.049746217343180674,32,128,208.0,,3,0.005367232905323962,0.6,checkpoints/mlp_Vc_trial_743_best_state.pt,"{'learning_rate': 0.005367232905323962, 'lr_reduce': 0.6}",TPESampler,COMPLETE
744,0.06954237073659897,2025-04-25 23:48:44.726846,2025-04-25 23:48:57.480351,0 days 00:00:12.753505,0.003632205965106162,64,32,,,2,0.00833561525462763,0.6,checkpoints/mlp_Vc_trial_744_best_state.pt,"{'learning_rate': 0.00833561525462763, 'lr_reduce': 0.6}",TPESampler,COMPLETE
745,0.046742022037506104,2025-04-25 23:48:45.535236,2025-04-25 23:48:54.814087,0 days 00:00:09.278851,0.00680520185938721,48,32,368.0,,3,0.007148404485040312,0.6,checkpoints/mlp_Vc_trial_745_best_state.pt,"{'learning_rate': 0.007148404485040312, 'lr_reduce': 0.6}",TPESampler,COMPLETE
746,0.06296495348215103,2025-04-25 23:48:48.077169,2025-04-25 23:49:01.557306,0 days 00:00:13.480137,0.03986941742682072,112,176,464.0,,3,0.004951617436970236,0.6,checkpoints/mlp_Vc_trial_746_best_state.pt,"{'learning_rate': 0.004951617436970236, 'lr_reduce': 0.6}",TPESampler,COMPLETE
747,0.04586077481508255,2025-04-25 23:48:55.146096,2025-04-25 23:49:06.261552,0 days 00:00:11.115456,0.006520646027301401,32,48,416.0,,3,0.004552465508997316,0.6,checkpoints/mlp_Vc_trial_747_best_state.pt,"{'learning_rate': 0.004552465508997316, 'lr_reduce': 0.6}",TPESampler,COMPLETE
748,0.04777107387781143,2025-04-25 23:48:57.825153,2025-04-25 23:49:09.860286,0 days 00:00:12.035133,0.05818492902035863,32,160,352.0,,3,0.0028337194387513093,0.6,checkpoints/mlp_Vc_trial_748_best_state.pt,"{'learning_rate': 0.0028337194387513093, 'lr_reduce': 0.6}",TPESampler,COMPLETE
749,0.04872574284672737,2025-04-25 23:49:01.872209,2025-04-25 23:49:13.469483,0 days 00:00:11.597274,0.004606825387128945,32,160,464.0,,3,0.007638962957646993,0.6,checkpoints/mlp_Vc_trial_749_best_state.pt,"{'learning_rate': 0.007638962957646993, 'lr_reduce': 0.6}",TPESampler,COMPLETE
