number,value,datetime_start,datetime_complete,duration,params_final_dropout,params_mlp_dim_00,params_mlp_dim_01,params_mlp_dim_02,params_mlp_dim_03,params_mlp_n_layers,params_train_learning_rate,params_train_lr_reduce,user_attrs_best_state_dict_path,user_attrs_training_params,system_attrs_auto:sampler,state
225,0.04519915208220482,2025-04-25 23:08:38.032167,2025-04-25 23:08:47.043991,0 days 00:00:09.011824,0.0005474945788054054,32,96,416.0,,3,0.007824793373370793,0.6,checkpoints/mlp_Vc_trial_225_best_state.pt,"{'learning_rate': 0.007824793373370793, 'lr_reduce': 0.6}",TPESampler,COMPLETE
226,0.16641320288181305,2025-04-25 23:08:42.237073,2025-04-25 23:08:56.737123,0 days 00:00:14.500050,0.2932556395410125,192,240,400.0,,3,0.007152646517559371,0.6,checkpoints/mlp_Vc_trial_226_best_state.pt,"{'learning_rate': 0.007152646517559371, 'lr_reduce': 0.6}",TPESampler,COMPLETE
227,0.06702534854412079,2025-04-25 23:08:45.144847,2025-04-25 23:08:55.123437,0 days 00:00:09.978590,0.07275018052886104,48,64,496.0,48.0,4,0.007643269719484713,0.6,checkpoints/mlp_Vc_trial_227_best_state.pt,"{'learning_rate': 0.007643269719484713, 'lr_reduce': 0.6}",TPESampler,COMPLETE
228,0.07166335731744766,2025-04-25 23:08:47.341274,2025-04-25 23:08:54.085233,0 days 00:00:06.743959,0.08886692418771812,112,96,400.0,,3,0.005316004469020211,0.6,checkpoints/mlp_Vc_trial_228_best_state.pt,"{'learning_rate': 0.005316004469020211, 'lr_reduce': 0.6}",TPESampler,COMPLETE
229,0.045376554131507874,2025-04-25 23:08:54.385167,2025-04-25 23:09:03.630684,0 days 00:00:09.245517,0.018331854926191094,48,32,432.0,,3,0.009680208531679169,0.6,checkpoints/mlp_Vc_trial_229_best_state.pt,"{'learning_rate': 0.009680208531679169, 'lr_reduce': 0.6}",TPESampler,COMPLETE
230,0.03413272276520729,2025-04-25 23:08:55.436208,2025-04-25 23:09:04.498921,0 days 00:00:09.062713,0.008338702687734123,32,32,352.0,,3,0.009911664411393269,0.6,checkpoints/mlp_Vc_trial_230_best_state.pt,"{'learning_rate': 0.009911664411393269, 'lr_reduce': 0.6}",TPESampler,COMPLETE
231,0.09453443437814713,2025-04-25 23:08:57.025414,2025-04-25 23:09:07.906599,0 days 00:00:10.881185,0.0056665742276287715,128,144,,,2,0.004491709508379816,0.6,checkpoints/mlp_Vc_trial_231_best_state.pt,"{'learning_rate': 0.004491709508379816, 'lr_reduce': 0.6}",TPESampler,COMPLETE
232,0.040093157440423965,2025-04-25 23:09:03.919459,2025-04-25 23:09:15.976139,0 days 00:00:12.056680,0.01488904771961449,64,144,400.0,,3,0.00360490357310364,0.6,checkpoints/mlp_Vc_trial_232_best_state.pt,"{'learning_rate': 0.00360490357310364, 'lr_reduce': 0.6}",TPESampler,COMPLETE
233,0.04095020517706871,2025-04-25 23:09:04.861307,2025-04-25 23:09:16.179396,0 days 00:00:11.318089,0.010653979414808369,32,128,320.0,272.0,4,0.006705395163013764,0.6,checkpoints/mlp_Vc_trial_233_best_state.pt,"{'learning_rate': 0.006705395163013764, 'lr_reduce': 0.6}",TPESampler,COMPLETE
234,0.05054852366447449,2025-04-25 23:09:08.169195,2025-04-25 23:09:16.672188,0 days 00:00:08.502993,0.04317338239082599,80,32,352.0,,3,0.008113882784759439,0.6,checkpoints/mlp_Vc_trial_234_best_state.pt,"{'learning_rate': 0.008113882784759439, 'lr_reduce': 0.6}",TPESampler,COMPLETE
235,0.08446676284074783,2025-04-25 23:09:16.245292,2025-04-25 23:09:27.541466,0 days 00:00:11.296174,0.0028095653883041354,128,208,368.0,,3,0.003492077014276301,0.6,checkpoints/mlp_Vc_trial_235_best_state.pt,"{'learning_rate': 0.003492077014276301, 'lr_reduce': 0.6}",TPESampler,COMPLETE
236,0.04451962187886238,2025-04-25 23:09:16.534157,2025-04-25 23:09:26.359322,0 days 00:00:09.825165,0.007974803001096126,32,48,368.0,,3,0.007181361789122533,0.6,checkpoints/mlp_Vc_trial_236_best_state.pt,"{'learning_rate': 0.007181361789122533, 'lr_reduce': 0.6}",TPESampler,COMPLETE
237,0.05739887058734894,2025-04-25 23:09:16.983493,2025-04-25 23:09:29.919919,0 days 00:00:12.936426,0.006176699306201852,32,128,64.0,,3,0.0026848093070294386,0.6,checkpoints/mlp_Vc_trial_237_best_state.pt,"{'learning_rate': 0.0026848093070294386, 'lr_reduce': 0.6}",TPESampler,COMPLETE
238,0.03445655107498169,2025-04-25 23:09:26.690856,2025-04-25 23:09:42.853626,0 days 00:00:16.162770,0.000642712043801902,32,160,416.0,,3,0.004306627895912257,0.6,checkpoints/mlp_Vc_trial_238_best_state.pt,"{'learning_rate': 0.004306627895912257, 'lr_reduce': 0.6}",TPESampler,COMPLETE
239,0.09026918560266495,2025-04-25 23:09:27.872525,2025-04-25 23:09:51.971498,0 days 00:00:24.098973,0.08541941570947809,64,304,304.0,,3,0.007933162929827655,0.6,checkpoints/mlp_Vc_trial_239_best_state.pt,"{'learning_rate': 0.007933162929827655, 'lr_reduce': 0.6}",TPESampler,COMPLETE
240,0.0558709055185318,2025-04-25 23:09:30.248272,2025-04-25 23:09:45.899135,0 days 00:00:15.650863,0.0543741783104447,32,32,,,2,0.00757991050591381,0.6,checkpoints/mlp_Vc_trial_240_best_state.pt,"{'learning_rate': 0.00757991050591381, 'lr_reduce': 0.6}",TPESampler,COMPLETE
241,0.04826996475458145,2025-04-25 23:09:43.201424,2025-04-25 23:09:54.653416,0 days 00:00:11.451992,0.024696417913873465,48,352,464.0,,3,0.0019235758631830546,0.6,checkpoints/mlp_Vc_trial_241_best_state.pt,"{'learning_rate': 0.0019235758631830546, 'lr_reduce': 0.6}",TPESampler,COMPLETE
242,0.05066758394241333,2025-04-25 23:09:46.218466,2025-04-25 23:09:58.425297,0 days 00:00:12.206831,0.00873842057324766,48,160,432.0,,3,0.008989190671578938,0.6,checkpoints/mlp_Vc_trial_242_best_state.pt,"{'learning_rate': 0.008989190671578938, 'lr_reduce': 0.6}",TPESampler,COMPLETE
243,0.09450749307870865,2025-04-25 23:09:52.277671,2025-04-25 23:10:00.199663,0 days 00:00:07.921992,0.25184940956493196,48,256,,,2,0.003435174269638838,0.6,checkpoints/mlp_Vc_trial_243_best_state.pt,"{'learning_rate': 0.003435174269638838, 'lr_reduce': 0.6}",TPESampler,COMPLETE
244,0.04334665462374687,2025-04-25 23:09:54.937821,2025-04-25 23:10:10.439017,0 days 00:00:15.501196,0.017530528266633864,32,272,400.0,,3,0.004555083447975947,0.6,checkpoints/mlp_Vc_trial_244_best_state.pt,"{'learning_rate': 0.004555083447975947, 'lr_reduce': 0.6}",TPESampler,COMPLETE
245,0.09573028981685638,2025-04-25 23:09:58.773121,2025-04-25 23:10:16.112243,0 days 00:00:17.339122,0.2480129458946665,400,512,400.0,128.0,4,0.008041583425162905,0.6,checkpoints/mlp_Vc_trial_245_best_state.pt,"{'learning_rate': 0.008041583425162905, 'lr_reduce': 0.6}",TPESampler,COMPLETE
246,0.03692535310983658,2025-04-25 23:10:00.642435,2025-04-25 23:10:11.972784,0 days 00:00:11.330349,0.004812973507825887,32,144,384.0,,3,0.004896739342284496,0.6,checkpoints/mlp_Vc_trial_246_best_state.pt,"{'learning_rate': 0.004896739342284496, 'lr_reduce': 0.6}",TPESampler,COMPLETE
247,0.04004630818963051,2025-04-25 23:10:10.762523,2025-04-25 23:10:20.900070,0 days 00:00:10.137547,0.006853604620306824,32,32,432.0,,3,0.00596877588454767,0.6,checkpoints/mlp_Vc_trial_247_best_state.pt,"{'learning_rate': 0.00596877588454767, 'lr_reduce': 0.6}",TPESampler,COMPLETE
248,0.04069386050105095,2025-04-25 23:10:12.290354,2025-04-25 23:10:22.086627,0 days 00:00:09.796273,0.003018319595944665,32,208,352.0,,3,0.005257010108142071,0.6,checkpoints/mlp_Vc_trial_248_best_state.pt,"{'learning_rate': 0.005257010108142071, 'lr_reduce': 0.6}",TPESampler,COMPLETE
249,0.048516690731048584,2025-04-25 23:10:16.442993,2025-04-25 23:10:28.129894,0 days 00:00:11.686901,0.011149930846831985,32,144,368.0,,3,0.006596380895773734,0.6,checkpoints/mlp_Vc_trial_249_best_state.pt,"{'learning_rate': 0.006596380895773734, 'lr_reduce': 0.6}",TPESampler,COMPLETE
250,0.06203214451670647,2025-04-25 23:10:21.221654,2025-04-25 23:10:30.724884,0 days 00:00:09.503230,0.008651483656046201,80,32,464.0,,3,0.004470672530848086,0.6,checkpoints/mlp_Vc_trial_250_best_state.pt,"{'learning_rate': 0.004470672530848086, 'lr_reduce': 0.6}",TPESampler,COMPLETE
251,0.09747657924890518,2025-04-25 23:10:22.431389,2025-04-25 23:10:29.299700,0 days 00:00:06.868311,0.1034297515418331,320,32,448.0,,3,0.0028692825770227554,0.6,checkpoints/mlp_Vc_trial_251_best_state.pt,"{'learning_rate': 0.0028692825770227554, 'lr_reduce': 0.6}",TPESampler,COMPLETE
252,0.06918089091777802,2025-04-25 23:10:28.484931,2025-04-25 23:10:38.259021,0 days 00:00:09.774090,0.05846583846366413,48,48,176.0,,3,0.0033604870408637634,0.6,checkpoints/mlp_Vc_trial_252_best_state.pt,"{'learning_rate': 0.0033604870408637634, 'lr_reduce': 0.6}",TPESampler,COMPLETE
253,0.05131010338664055,2025-04-25 23:10:29.605778,2025-04-25 23:10:40.890394,0 days 00:00:11.284616,0.0024762407409344394,48,48,432.0,,3,0.003427765817228858,0.6,checkpoints/mlp_Vc_trial_253_best_state.pt,"{'learning_rate': 0.003427765817228858, 'lr_reduce': 0.6}",TPESampler,COMPLETE
254,0.0675133541226387,2025-04-25 23:10:31.041251,2025-04-25 23:10:38.951565,0 days 00:00:07.910314,0.08019004179165518,32,112,432.0,,3,0.004004046918327174,0.6,checkpoints/mlp_Vc_trial_254_best_state.pt,"{'learning_rate': 0.004004046918327174, 'lr_reduce': 0.6}",TPESampler,COMPLETE
255,0.050979167222976685,2025-04-25 23:10:38.630185,2025-04-25 23:10:46.533172,0 days 00:00:07.902987,0.03946305886591563,32,112,512.0,,3,0.005307044224846107,0.6,checkpoints/mlp_Vc_trial_255_best_state.pt,"{'learning_rate': 0.005307044224846107, 'lr_reduce': 0.6}",TPESampler,COMPLETE
256,0.06087024509906769,2025-04-25 23:10:39.258352,2025-04-25 23:10:47.385287,0 days 00:00:08.126935,0.037972143705278516,48,48,384.0,,3,0.008282658982710057,0.6,checkpoints/mlp_Vc_trial_256_best_state.pt,"{'learning_rate': 0.008282658982710057, 'lr_reduce': 0.6}",TPESampler,COMPLETE
257,0.13948900997638702,2025-04-25 23:10:41.170863,2025-04-25 23:11:11.786228,0 days 00:00:30.615365,0.03556663053128814,80,336,432.0,,3,0.0001462331759181657,0.6,checkpoints/mlp_Vc_trial_257_best_state.pt,"{'learning_rate': 0.0001462331759181657, 'lr_reduce': 0.6}",TPESampler,COMPLETE
258,0.0580342561006546,2025-04-25 23:10:46.903434,2025-04-25 23:11:00.021034,0 days 00:00:13.117600,0.0003733078237087772,128,32,384.0,,3,0.0058043302110112015,0.6,checkpoints/mlp_Vc_trial_258_best_state.pt,"{'learning_rate': 0.0058043302110112015, 'lr_reduce': 0.6}",TPESampler,COMPLETE
259,0.050129104405641556,2025-04-25 23:10:47.789279,2025-04-25 23:10:57.992092,0 days 00:00:10.202813,0.013746655846705313,48,48,432.0,,3,0.006856414538224225,0.6,checkpoints/mlp_Vc_trial_259_best_state.pt,"{'learning_rate': 0.006856414538224225, 'lr_reduce': 0.6}",TPESampler,COMPLETE
260,0.07268594950437546,2025-04-25 23:10:58.349193,2025-04-25 23:11:10.445340,0 days 00:00:12.096147,0.031389931964104625,144,144,352.0,,3,0.00544579127714,0.6,checkpoints/mlp_Vc_trial_260_best_state.pt,"{'learning_rate': 0.00544579127714, 'lr_reduce': 0.6}",TPESampler,COMPLETE
261,0.04198647290468216,2025-04-25 23:11:00.325079,2025-04-25 23:11:11.971222,0 days 00:00:11.646143,0.00814029483067626,32,32,432.0,,3,0.005846136269230994,0.6,checkpoints/mlp_Vc_trial_261_best_state.pt,"{'learning_rate': 0.005846136269230994, 'lr_reduce': 0.6}",TPESampler,COMPLETE
262,0.049990568310022354,2025-04-25 23:11:10.903958,2025-04-25 23:11:31.519625,0 days 00:00:20.615667,7.038011977294513e-05,48,32,,,2,0.00804019231994566,0.6,checkpoints/mlp_Vc_trial_262_best_state.pt,"{'learning_rate': 0.00804019231994566, 'lr_reduce': 0.6}",TPESampler,COMPLETE
263,0.048471469432115555,2025-04-25 23:11:12.028436,2025-04-25 23:11:22.239125,0 days 00:00:10.210689,0.003495482152128044,96,32,384.0,,3,0.009719434756569662,0.6,checkpoints/mlp_Vc_trial_263_best_state.pt,"{'learning_rate': 0.009719434756569662, 'lr_reduce': 0.6}",TPESampler,COMPLETE
264,0.04263587296009064,2025-04-25 23:11:12.321873,2025-04-25 23:11:23.622503,0 days 00:00:11.300630,0.008139850640948552,32,112,448.0,,3,0.005700752478401008,0.6,checkpoints/mlp_Vc_trial_264_best_state.pt,"{'learning_rate': 0.005700752478401008, 'lr_reduce': 0.6}",TPESampler,COMPLETE
265,0.06806419789791107,2025-04-25 23:11:22.597812,2025-04-25 23:11:32.712660,0 days 00:00:10.114848,0.0068375263785547865,128,144,288.0,,3,0.004556913049534128,0.6,checkpoints/mlp_Vc_trial_265_best_state.pt,"{'learning_rate': 0.004556913049534128, 'lr_reduce': 0.6}",TPESampler,COMPLETE
266,0.05584380030632019,2025-04-25 23:11:23.918895,2025-04-25 23:11:36.611743,0 days 00:00:12.692848,0.012321822079318853,64,144,384.0,,3,0.004205536326446156,0.6,checkpoints/mlp_Vc_trial_266_best_state.pt,"{'learning_rate': 0.004205536326446156, 'lr_reduce': 0.6}",TPESampler,COMPLETE
267,0.08109571784734726,2025-04-25 23:11:31.801966,2025-04-25 23:11:44.226355,0 days 00:00:12.424389,0.04896369404506858,128,160,400.0,,3,0.009153388958889442,0.6,checkpoints/mlp_Vc_trial_267_best_state.pt,"{'learning_rate': 0.009153388958889442, 'lr_reduce': 0.6}",TPESampler,COMPLETE
268,0.03829454258084297,2025-04-25 23:11:33.056652,2025-04-25 23:11:49.069794,0 days 00:00:16.013142,0.001528001822153513,32,192,352.0,,3,0.005040723092422743,0.6,checkpoints/mlp_Vc_trial_268_best_state.pt,"{'learning_rate': 0.005040723092422743, 'lr_reduce': 0.6}",TPESampler,COMPLETE
269,0.041468627750873566,2025-04-25 23:11:36.940285,2025-04-25 23:11:47.167281,0 days 00:00:10.226996,0.02938266104692215,32,32,464.0,,3,0.007814762681674338,0.6,checkpoints/mlp_Vc_trial_269_best_state.pt,"{'learning_rate': 0.007814762681674338, 'lr_reduce': 0.6}",TPESampler,COMPLETE
270,0.11252036690711975,2025-04-25 23:11:44.528410,2025-04-25 23:12:05.089874,0 days 00:00:20.561464,0.11847624806620394,464,208,,,2,0.009002073362701297,0.6,checkpoints/mlp_Vc_trial_270_best_state.pt,"{'learning_rate': 0.009002073362701297, 'lr_reduce': 0.6}",TPESampler,COMPLETE
271,0.06812994927167892,2025-04-25 23:11:47.466614,2025-04-25 23:11:55.849331,0 days 00:00:08.382717,0.06837653118412783,144,32,416.0,,3,0.00433113862410168,0.6,checkpoints/mlp_Vc_trial_271_best_state.pt,"{'learning_rate': 0.00433113862410168, 'lr_reduce': 0.6}",TPESampler,COMPLETE
272,0.18234162032604218,2025-04-25 23:11:49.377939,2025-04-25 23:12:08.022435,0 days 00:00:18.644496,0.0037532477289818345,368,464,,,2,0.0005788469423795755,0.6,checkpoints/mlp_Vc_trial_272_best_state.pt,"{'learning_rate': 0.0005788469423795755, 'lr_reduce': 0.6}",TPESampler,COMPLETE
273,0.04844779521226883,2025-04-25 23:11:56.112854,2025-04-25 23:12:12.347990,0 days 00:00:16.235136,0.013026999747850364,32,48,304.0,160.0,4,0.0011848378442996543,0.6,checkpoints/mlp_Vc_trial_273_best_state.pt,"{'learning_rate': 0.0011848378442996543, 'lr_reduce': 0.6}",TPESampler,COMPLETE
274,0.07643340528011322,2025-04-25 23:12:05.355121,2025-04-25 23:12:16.439946,0 days 00:00:11.084825,0.024689970299079194,96,240,336.0,,3,0.004511229234161813,0.6,checkpoints/mlp_Vc_trial_274_best_state.pt,"{'learning_rate': 0.004511229234161813, 'lr_reduce': 0.6}",TPESampler,COMPLETE
275,0.03852391615509987,2025-04-25 23:12:08.327555,2025-04-25 23:12:21.617312,0 days 00:00:13.289757,0.00716352064307991,32,176,352.0,,3,0.0029277121791030695,0.6,checkpoints/mlp_Vc_trial_275_best_state.pt,"{'learning_rate': 0.0029277121791030695, 'lr_reduce': 0.6}",TPESampler,COMPLETE
276,0.09323657304048538,2025-04-25 23:12:12.651750,2025-04-25 23:12:24.352056,0 days 00:00:11.700306,0.09620251362148652,32,192,352.0,,3,0.001667152974060564,0.6,checkpoints/mlp_Vc_trial_276_best_state.pt,"{'learning_rate': 0.001667152974060564, 'lr_reduce': 0.6}",TPESampler,COMPLETE
277,0.044112324714660645,2025-04-25 23:12:16.824798,2025-04-25 23:12:28.549372,0 days 00:00:11.724574,0.006408656201191678,32,160,352.0,,3,0.004252187697276213,0.6,checkpoints/mlp_Vc_trial_277_best_state.pt,"{'learning_rate': 0.004252187697276213, 'lr_reduce': 0.6}",TPESampler,COMPLETE
278,0.05676824226975441,2025-04-25 23:12:21.924810,2025-04-25 23:12:30.337016,0 days 00:00:08.412206,0.07627812435768232,32,240,304.0,,3,0.004942394594717535,0.6,checkpoints/mlp_Vc_trial_278_best_state.pt,"{'learning_rate': 0.004942394594717535, 'lr_reduce': 0.6}",TPESampler,COMPLETE
279,0.10885065793991089,2025-04-25 23:12:24.610576,2025-04-25 23:12:34.716038,0 days 00:00:10.105462,0.21559165790345539,496,176,336.0,192.0,4,0.003201727302855748,0.6,checkpoints/mlp_Vc_trial_279_best_state.pt,"{'learning_rate': 0.003201727302855748, 'lr_reduce': 0.6}",TPESampler,COMPLETE
280,0.0444597527384758,2025-04-25 23:12:28.880751,2025-04-25 23:12:38.689981,0 days 00:00:09.809230,0.005751063439707876,32,192,352.0,,3,0.0031202676534084887,0.6,checkpoints/mlp_Vc_trial_280_best_state.pt,"{'learning_rate': 0.0031202676534084887, 'lr_reduce': 0.6}",TPESampler,COMPLETE
281,0.0831141546368599,2025-04-25 23:12:30.667666,2025-04-25 23:12:45.263609,0 days 00:00:14.595943,0.023971374847301215,96,224,352.0,64.0,4,0.0009103108928560164,0.6,checkpoints/mlp_Vc_trial_281_best_state.pt,"{'learning_rate': 0.0009103108928560164, 'lr_reduce': 0.6}",TPESampler,COMPLETE
282,0.050064146518707275,2025-04-25 23:12:35.005813,2025-04-25 23:12:47.889364,0 days 00:00:12.883551,0.00458694583786509,48,192,368.0,,3,0.0033344129974254345,0.6,checkpoints/mlp_Vc_trial_282_best_state.pt,"{'learning_rate': 0.0033344129974254345, 'lr_reduce': 0.6}",TPESampler,COMPLETE
283,0.048877980560064316,2025-04-25 23:12:38.999361,2025-04-25 23:12:53.399394,0 days 00:00:14.400033,0.04281996428120487,32,96,384.0,,3,0.0017047336000720974,0.6,checkpoints/mlp_Vc_trial_283_best_state.pt,"{'learning_rate': 0.0017047336000720974, 'lr_reduce': 0.6}",TPESampler,COMPLETE
284,0.057900428771972656,2025-04-25 23:12:45.621150,2025-04-25 23:12:57.725312,0 days 00:00:12.104162,0.017267491023457954,64,144,384.0,,3,0.003227462088509312,0.6,checkpoints/mlp_Vc_trial_284_best_state.pt,"{'learning_rate': 0.003227462088509312, 'lr_reduce': 0.6}",TPESampler,COMPLETE
285,0.0410800576210022,2025-04-25 23:12:48.277100,2025-04-25 23:13:00.634562,0 days 00:00:12.357462,0.013508255098244864,32,128,384.0,,3,0.004102430665893588,0.6,checkpoints/mlp_Vc_trial_285_best_state.pt,"{'learning_rate': 0.004102430665893588, 'lr_reduce': 0.6}",TPESampler,COMPLETE
286,0.11608052253723145,2025-04-25 23:12:53.852456,2025-04-25 23:13:07.334507,0 days 00:00:13.482051,0.15985582915473318,192,320,480.0,,3,0.0007752611302754592,0.6,checkpoints/mlp_Vc_trial_286_best_state.pt,"{'learning_rate': 0.0007752611302754592, 'lr_reduce': 0.6}",TPESampler,COMPLETE
287,0.06119763106107712,2025-04-25 23:12:58.120438,2025-04-25 23:13:04.600609,0 days 00:00:06.480171,0.0940511235065237,32,128,304.0,,3,0.00891210492083139,0.6,checkpoints/mlp_Vc_trial_287_best_state.pt,"{'learning_rate': 0.00891210492083139, 'lr_reduce': 0.6}",TPESampler,COMPLETE
288,0.04738990589976311,2025-04-25 23:13:01.118011,2025-04-25 23:13:11.852324,0 days 00:00:10.734313,0.006843808038861714,48,224,416.0,240.0,4,0.004038270530886409,0.6,checkpoints/mlp_Vc_trial_288_best_state.pt,"{'learning_rate': 0.004038270530886409, 'lr_reduce': 0.6}",TPESampler,COMPLETE
289,0.05837082490324974,2025-04-25 23:13:04.909737,2025-04-25 23:13:16.584053,0 days 00:00:11.674316,0.049285334725716334,32,176,368.0,,3,0.006061793198392652,0.6,checkpoints/mlp_Vc_trial_289_best_state.pt,"{'learning_rate': 0.006061793198392652, 'lr_reduce': 0.6}",TPESampler,COMPLETE
290,0.06172672659158707,2025-04-25 23:13:07.609402,2025-04-25 23:13:25.505372,0 days 00:00:17.895970,0.007665541464606839,48,224,,,2,0.005376142531401563,0.6,checkpoints/mlp_Vc_trial_290_best_state.pt,"{'learning_rate': 0.005376142531401563, 'lr_reduce': 0.6}",TPESampler,COMPLETE
291,0.0453590452671051,2025-04-25 23:13:12.190963,2025-04-25 23:13:24.477364,0 days 00:00:12.286401,0.013833059460946697,48,144,432.0,,3,0.002734969154097114,0.6,checkpoints/mlp_Vc_trial_291_best_state.pt,"{'learning_rate': 0.002734969154097114, 'lr_reduce': 0.6}",TPESampler,COMPLETE
292,0.0429738387465477,2025-04-25 23:13:16.982619,2025-04-25 23:13:28.500129,0 days 00:00:11.517510,0.007731210126016544,32,240,352.0,,3,0.005491184280309813,0.6,checkpoints/mlp_Vc_trial_292_best_state.pt,"{'learning_rate': 0.005491184280309813, 'lr_reduce': 0.6}",TPESampler,COMPLETE
293,0.1331985741853714,2025-04-25 23:13:24.869359,2025-04-25 23:13:53.426373,0 days 00:00:28.557014,0.06092162567957195,352,48,,,2,0.0006972093557860859,0.6,checkpoints/mlp_Vc_trial_293_best_state.pt,"{'learning_rate': 0.0006972093557860859, 'lr_reduce': 0.6}",TPESampler,COMPLETE
294,0.1512400358915329,2025-04-25 23:13:26.417250,2025-04-25 23:13:55.983710,0 days 00:00:29.566460,0.2639644265616179,256,368,416.0,,3,0.000248426772981701,0.6,checkpoints/mlp_Vc_trial_294_best_state.pt,"{'learning_rate': 0.000248426772981701, 'lr_reduce': 0.6}",TPESampler,COMPLETE
295,0.09203257411718369,2025-04-25 23:13:28.882036,2025-04-25 23:13:39.724396,0 days 00:00:10.842360,0.08208724791250374,144,64,480.0,,3,0.009963273189000308,0.6,checkpoints/mlp_Vc_trial_295_best_state.pt,"{'learning_rate': 0.009963273189000308, 'lr_reduce': 0.6}",TPESampler,COMPLETE
296,0.07859080284833908,2025-04-25 23:13:40.094616,2025-04-25 23:13:48.906384,0 days 00:00:08.811768,0.09491317548229417,32,224,384.0,144.0,4,0.007538334708628929,0.6,checkpoints/mlp_Vc_trial_296_best_state.pt,"{'learning_rate': 0.007538334708628929, 'lr_reduce': 0.6}",TPESampler,COMPLETE
297,0.036810554563999176,2025-04-25 23:13:49.251995,2025-04-25 23:13:58.358929,0 days 00:00:09.106934,0.0325059096970204,32,128,416.0,,3,0.008423663995529879,0.6,checkpoints/mlp_Vc_trial_297_best_state.pt,"{'learning_rate': 0.008423663995529879, 'lr_reduce': 0.6}",TPESampler,COMPLETE
298,0.056265898048877716,2025-04-25 23:13:53.710748,2025-04-25 23:14:04.772271,0 days 00:00:11.061523,0.004026232468125997,48,112,336.0,,3,0.004782210859143082,0.6,checkpoints/mlp_Vc_trial_298_best_state.pt,"{'learning_rate': 0.004782210859143082, 'lr_reduce': 0.6}",TPESampler,COMPLETE
299,0.10379157960414886,2025-04-25 23:13:56.238427,2025-04-25 23:14:16.470356,0 days 00:00:20.231929,0.005305073068898071,96,240,416.0,,3,0.0006867273155889294,0.6,checkpoints/mlp_Vc_trial_299_best_state.pt,"{'learning_rate': 0.0006867273155889294, 'lr_reduce': 0.6}",TPESampler,COMPLETE
