number,value,datetime_start,datetime_complete,duration,params_final_dropout,params_mlp_dim_00,params_mlp_dim_01,params_mlp_dim_02,params_mlp_dim_03,params_mlp_n_layers,params_train_learning_rate,params_train_lr_reduce,user_attrs_best_state_dict_path,user_attrs_training_params,system_attrs_auto:sampler,state
1198,0.07452716678380966,2025-04-26 00:24:30.054459,2025-04-26 00:24:39.142063,0 days 00:00:09.087604,0.06033148232752406,64,32,352.0,32.0,4,0.002572158835842664,0.6,checkpoints/mlp_Vc_trial_1198_best_state.pt,"{'learning_rate': 0.002572158835842664, 'lr_reduce': 0.6}",TPESampler,COMPLETE
1199,0.051839713007211685,2025-04-26 00:24:31.467765,2025-04-26 00:24:42.245299,0 days 00:00:10.777534,0.03648982332845656,32,192,,,2,0.005704551080788334,0.6,checkpoints/mlp_Vc_trial_1199_best_state.pt,"{'learning_rate': 0.005704551080788334, 'lr_reduce': 0.6}",TPESampler,COMPLETE
1200,0.05587640404701233,2025-04-26 00:24:33.200646,2025-04-26 00:24:46.547190,0 days 00:00:13.346544,0.0169449241856461,96,32,352.0,32.0,4,0.004262290685785253,0.6,checkpoints/mlp_Vc_trial_1200_best_state.pt,"{'learning_rate': 0.004262290685785253, 'lr_reduce': 0.6}",TPESampler,COMPLETE
1201,0.13523456454277039,2025-04-26 00:24:39.556707,2025-04-26 00:24:48.853943,0 days 00:00:09.297236,0.2613726654302865,400,320,336.0,32.0,4,0.008038282833146237,0.6,checkpoints/mlp_Vc_trial_1201_best_state.pt,"{'learning_rate': 0.008038282833146237, 'lr_reduce': 0.6}",TPESampler,COMPLETE
1202,0.07720059901475906,2025-04-26 00:24:42.657812,2025-04-26 00:24:55.808290,0 days 00:00:13.150478,0.029673146854135534,64,32,368.0,32.0,4,0.0012636602032274962,0.6,checkpoints/mlp_Vc_trial_1202_best_state.pt,"{'learning_rate': 0.0012636602032274962, 'lr_reduce': 0.6}",TPESampler,COMPLETE
1203,0.0751766487956047,2025-04-26 00:24:46.981511,2025-04-26 00:24:55.778989,0 days 00:00:08.797478,0.049819330748364817,48,32,304.0,64.0,4,0.002947371825430567,0.6,checkpoints/mlp_Vc_trial_1203_best_state.pt,"{'learning_rate': 0.002947371825430567, 'lr_reduce': 0.6}",TPESampler,COMPLETE
1204,0.030277302488684654,2025-04-26 00:24:49.207489,2025-04-26 00:25:02.394698,0 days 00:00:13.187209,0.0056282495986742795,32,48,368.0,32.0,4,0.0032782447140938813,0.6,checkpoints/mlp_Vc_trial_1204_best_state.pt,"{'learning_rate': 0.0032782447140938813, 'lr_reduce': 0.6}",TPESampler,COMPLETE
1205,0.1152544692158699,2025-04-26 00:24:56.223547,2025-04-26 00:25:06.605244,0 days 00:00:10.381697,0.18006650347338043,512,160,,,2,0.002078747370832385,0.6,checkpoints/mlp_Vc_trial_1205_best_state.pt,"{'learning_rate': 0.002078747370832385, 'lr_reduce': 0.6}",TPESampler,COMPLETE
1206,0.055257219821214676,2025-04-26 00:24:56.334124,2025-04-26 00:25:04.420207,0 days 00:00:08.086083,0.04447590033576325,32,96,336.0,,3,0.008019045408222283,0.6,checkpoints/mlp_Vc_trial_1206_best_state.pt,"{'learning_rate': 0.008019045408222283, 'lr_reduce': 0.6}",TPESampler,COMPLETE
1207,0.07167045772075653,2025-04-26 00:25:02.800266,2025-04-26 00:25:12.658623,0 days 00:00:09.858357,0.003649184740095736,112,80,368.0,32.0,4,0.004533597181567063,0.6,checkpoints/mlp_Vc_trial_1207_best_state.pt,"{'learning_rate': 0.004533597181567063, 'lr_reduce': 0.6}",TPESampler,COMPLETE
1208,0.16705726087093353,2025-04-26 00:25:05.050209,2025-04-26 00:25:12.671904,0 days 00:00:07.621695,0.29754121937261807,304,32,384.0,,3,0.002650074043688053,0.6,checkpoints/mlp_Vc_trial_1208_best_state.pt,"{'learning_rate': 0.002650074043688053, 'lr_reduce': 0.6}",TPESampler,COMPLETE
1209,0.06654185056686401,2025-04-26 00:25:06.957966,2025-04-26 00:25:16.036349,0 days 00:00:09.078383,0.01544132107868583,112,32,368.0,32.0,4,0.005606118073333715,0.6,checkpoints/mlp_Vc_trial_1209_best_state.pt,"{'learning_rate': 0.005606118073333715, 'lr_reduce': 0.6}",TPESampler,COMPLETE
1210,0.0445556603372097,2025-04-26 00:25:13.168250,2025-04-26 00:25:24.983553,0 days 00:00:11.815303,0.003345075386587886,48,96,368.0,32.0,4,0.0024723604584162367,0.6,checkpoints/mlp_Vc_trial_1210_best_state.pt,"{'learning_rate': 0.0024723604584162367, 'lr_reduce': 0.6}",TPESampler,COMPLETE
1211,0.07615619897842407,2025-04-26 00:25:13.260122,2025-04-26 00:25:25.010453,0 days 00:00:11.750331,0.04908377552379578,32,32,384.0,32.0,4,0.0018595668247716707,0.6,checkpoints/mlp_Vc_trial_1211_best_state.pt,"{'learning_rate': 0.0018595668247716707, 'lr_reduce': 0.6}",TPESampler,COMPLETE
1212,0.05302555486559868,2025-04-26 00:25:16.396191,2025-04-26 00:25:28.976206,0 days 00:00:12.580015,0.009062314168613222,64,32,336.0,32.0,4,0.001040996538222862,0.6,checkpoints/mlp_Vc_trial_1212_best_state.pt,"{'learning_rate': 0.001040996538222862, 'lr_reduce': 0.6}",TPESampler,COMPLETE
1213,0.04499560967087746,2025-04-26 00:25:25.241424,2025-04-26 00:25:38.966935,0 days 00:00:13.725511,0.002588562291002826,48,64,384.0,32.0,4,0.0019112356053274117,0.6,checkpoints/mlp_Vc_trial_1213_best_state.pt,"{'learning_rate': 0.0019112356053274117, 'lr_reduce': 0.6}",TPESampler,COMPLETE
1214,0.09213092178106308,2025-04-26 00:25:25.310857,2025-04-26 00:25:33.418263,0 days 00:00:08.107406,0.05651246299648265,144,32,320.0,32.0,4,0.003799384618370572,0.6,checkpoints/mlp_Vc_trial_1214_best_state.pt,"{'learning_rate': 0.003799384618370572, 'lr_reduce': 0.6}",TPESampler,COMPLETE
1215,0.045293793082237244,2025-04-26 00:25:29.303560,2025-04-26 00:25:41.829426,0 days 00:00:12.525866,0.01637963354378624,32,48,384.0,80.0,4,0.005291183311787021,0.6,checkpoints/mlp_Vc_trial_1215_best_state.pt,"{'learning_rate': 0.005291183311787021, 'lr_reduce': 0.6}",TPESampler,COMPLETE
1216,0.055485911667346954,2025-04-26 00:25:33.789179,2025-04-26 00:25:47.177188,0 days 00:00:13.388009,0.03170685406239264,32,32,336.0,32.0,4,0.002730192258894192,0.6,checkpoints/mlp_Vc_trial_1216_best_state.pt,"{'learning_rate': 0.002730192258894192, 'lr_reduce': 0.6}",TPESampler,COMPLETE
1217,0.050482314079999924,2025-04-26 00:25:39.305063,2025-04-26 00:25:52.228018,0 days 00:00:12.922955,0.00831207116438123,48,48,384.0,80.0,4,0.0030314445354867247,0.6,checkpoints/mlp_Vc_trial_1217_best_state.pt,"{'learning_rate': 0.0030314445354867247, 'lr_reduce': 0.6}",TPESampler,COMPLETE
1218,0.05426739156246185,2025-04-26 00:25:42.144041,2025-04-26 00:25:49.825262,0 days 00:00:07.681221,0.06650314849471069,32,64,320.0,80.0,4,0.0052108142870890455,0.6,checkpoints/mlp_Vc_trial_1218_best_state.pt,"{'learning_rate': 0.0052108142870890455, 'lr_reduce': 0.6}",TPESampler,COMPLETE
1219,0.08316873013973236,2025-04-26 00:25:47.698552,2025-04-26 00:26:01.560321,0 days 00:00:13.861769,0.0017199378985586341,224,32,384.0,32.0,4,0.00165699796108188,0.6,checkpoints/mlp_Vc_trial_1219_best_state.pt,"{'learning_rate': 0.00165699796108188, 'lr_reduce': 0.6}",TPESampler,COMPLETE
1220,0.04251904785633087,2025-04-26 00:25:50.220924,2025-04-26 00:25:59.476056,0 days 00:00:09.255132,0.03372309234215931,32,80,288.0,80.0,4,0.008442627976021261,0.6,checkpoints/mlp_Vc_trial_1220_best_state.pt,"{'learning_rate': 0.008442627976021261, 'lr_reduce': 0.6}",TPESampler,COMPLETE
1221,0.036889106035232544,2025-04-26 00:25:52.545451,2025-04-26 00:26:08.985336,0 days 00:00:16.439885,0.003653873999122129,32,208,352.0,,3,0.0018802410264069395,0.6,checkpoints/mlp_Vc_trial_1221_best_state.pt,"{'learning_rate': 0.0018802410264069395, 'lr_reduce': 0.6}",TPESampler,COMPLETE
1222,0.08481166511774063,2025-04-26 00:25:59.769293,2025-04-26 00:26:09.203599,0 days 00:00:09.434306,0.028339401089891705,144,48,400.0,80.0,4,0.0029872848497323,0.6,checkpoints/mlp_Vc_trial_1222_best_state.pt,"{'learning_rate': 0.0029872848497323, 'lr_reduce': 0.6}",TPESampler,COMPLETE
1223,0.11051549762487411,2025-04-26 00:26:01.855058,2025-04-26 00:26:26.412186,0 days 00:00:24.557128,0.15389832582396745,64,464,,,2,0.00041173741543930375,0.6,checkpoints/mlp_Vc_trial_1223_best_state.pt,"{'learning_rate': 0.00041173741543930375, 'lr_reduce': 0.6}",TPESampler,COMPLETE
1224,0.04315917566418648,2025-04-26 00:26:09.304886,2025-04-26 00:26:23.633171,0 days 00:00:14.328285,0.005488475589043621,32,32,336.0,32.0,4,0.0020241762993719256,0.6,checkpoints/mlp_Vc_trial_1224_best_state.pt,"{'learning_rate': 0.0020241762993719256, 'lr_reduce': 0.6}",TPESampler,COMPLETE
1225,0.048658013343811035,2025-04-26 00:26:09.505948,2025-04-26 00:26:20.277350,0 days 00:00:10.771402,0.0191638622266501,80,32,400.0,80.0,4,0.0033403844430373204,0.6,checkpoints/mlp_Vc_trial_1225_best_state.pt,"{'learning_rate': 0.0033403844430373204, 'lr_reduce': 0.6}",TPESampler,COMPLETE
1226,0.12036251276731491,2025-04-26 00:26:20.677179,2025-04-26 00:26:34.505390,0 days 00:00:13.828211,0.22298738627475262,256,256,288.0,,3,0.0010366137707946027,0.6,checkpoints/mlp_Vc_trial_1226_best_state.pt,"{'learning_rate': 0.0010366137707946027, 'lr_reduce': 0.6}",TPESampler,COMPLETE
1227,0.04554300382733345,2025-04-26 00:26:23.961384,2025-04-26 00:26:32.089508,0 days 00:00:08.128124,0.038886967740468355,32,48,352.0,80.0,4,0.003260436696681423,0.6,checkpoints/mlp_Vc_trial_1227_best_state.pt,"{'learning_rate': 0.003260436696681423, 'lr_reduce': 0.6}",TPESampler,COMPLETE
1228,0.07830864191055298,2025-04-26 00:26:26.754910,2025-04-26 00:26:38.760527,0 days 00:00:12.005617,0.0017875286372518472,112,32,400.0,32.0,4,0.00936817199230448,0.6,checkpoints/mlp_Vc_trial_1228_best_state.pt,"{'learning_rate': 0.00936817199230448, 'lr_reduce': 0.6}",TPESampler,COMPLETE
1229,0.20769120752811432,2025-04-26 00:26:32.417694,2025-04-26 00:27:12.029922,0 days 00:00:39.612228,0.2894516383025224,336,80,304.0,,3,0.00013852392801680933,0.6,checkpoints/mlp_Vc_trial_1229_best_state.pt,"{'learning_rate': 0.00013852392801680933, 'lr_reduce': 0.6}",TPESampler,COMPLETE
1230,0.05764816701412201,2025-04-26 00:26:34.809691,2025-04-26 00:26:42.290411,0 days 00:00:07.480720,0.02892485788439635,32,32,368.0,32.0,4,0.006117577164235887,0.6,checkpoints/mlp_Vc_trial_1230_best_state.pt,"{'learning_rate': 0.006117577164235887, 'lr_reduce': 0.6}",TPESampler,COMPLETE
1231,0.08747167885303497,2025-04-26 00:26:39.145549,2025-04-26 00:26:50.341333,0 days 00:00:11.195784,0.2712120658332634,32,464,,,2,0.003259175618584787,0.6,checkpoints/mlp_Vc_trial_1231_best_state.pt,"{'learning_rate': 0.003259175618584787, 'lr_reduce': 0.6}",TPESampler,COMPLETE
1232,0.04126029461622238,2025-04-26 00:26:42.705276,2025-04-26 00:26:55.516702,0 days 00:00:12.811426,0.0061034625082125715,32,112,336.0,,3,0.002610059275549787,0.6,checkpoints/mlp_Vc_trial_1232_best_state.pt,"{'learning_rate': 0.002610059275549787, 'lr_reduce': 0.6}",TPESampler,COMPLETE
1233,0.07247713953256607,2025-04-26 00:26:50.812258,2025-04-26 00:27:01.277235,0 days 00:00:10.464977,0.010150700843845076,96,160,400.0,,3,0.004913103262504842,0.6,checkpoints/mlp_Vc_trial_1233_best_state.pt,"{'learning_rate': 0.004913103262504842, 'lr_reduce': 0.6}",TPESampler,COMPLETE
1234,0.05018952861428261,2025-04-26 00:26:55.869259,2025-04-26 00:27:05.023720,0 days 00:00:09.154461,0.007068522194583305,48,32,272.0,80.0,4,0.0038237370039529575,0.6,checkpoints/mlp_Vc_trial_1234_best_state.pt,"{'learning_rate': 0.0038237370039529575, 'lr_reduce': 0.6}",TPESampler,COMPLETE
1235,0.05555377155542374,2025-04-26 00:27:01.623142,2025-04-26 00:27:15.033616,0 days 00:00:13.410474,0.0012826200549279233,112,32,352.0,80.0,4,0.002136815736874607,0.6,checkpoints/mlp_Vc_trial_1235_best_state.pt,"{'learning_rate': 0.002136815736874607, 'lr_reduce': 0.6}",TPESampler,COMPLETE
1236,0.060718998312950134,2025-04-26 00:27:05.399641,2025-04-26 00:27:14.049782,0 days 00:00:08.650141,0.002687284653414437,64,32,400.0,32.0,4,0.003610548040376167,0.6,checkpoints/mlp_Vc_trial_1236_best_state.pt,"{'learning_rate': 0.003610548040376167, 'lr_reduce': 0.6}",TPESampler,COMPLETE
1237,0.06537656486034393,2025-04-26 00:27:12.399526,2025-04-26 00:27:26.380422,0 days 00:00:13.980896,0.043904141134509383,112,96,320.0,,3,0.009936406287130045,0.6,checkpoints/mlp_Vc_trial_1237_best_state.pt,"{'learning_rate': 0.009936406287130045, 'lr_reduce': 0.6}",TPESampler,COMPLETE
1238,0.03998276963829994,2025-04-26 00:27:14.374900,2025-04-26 00:27:29.533378,0 days 00:00:15.158478,0.0011457513730987615,80,32,368.0,96.0,4,0.004327952079738194,0.6,checkpoints/mlp_Vc_trial_1238_best_state.pt,"{'learning_rate': 0.004327952079738194, 'lr_reduce': 0.6}",TPESampler,COMPLETE
1239,0.04711156710982323,2025-04-26 00:27:15.409568,2025-04-26 00:27:28.957533,0 days 00:00:13.547965,0.0034564710794515244,32,80,416.0,80.0,4,0.0022951312297133,0.6,checkpoints/mlp_Vc_trial_1239_best_state.pt,"{'learning_rate': 0.0022951312297133, 'lr_reduce': 0.6}",TPESampler,COMPLETE
1240,0.16506199538707733,2025-04-26 00:27:26.797831,2025-04-26 00:27:37.809735,0 days 00:00:11.011904,0.2396835023267665,192,96,304.0,32.0,4,0.00127657085078538,0.6,checkpoints/mlp_Vc_trial_1240_best_state.pt,"{'learning_rate': 0.00127657085078538, 'lr_reduce': 0.6}",TPESampler,COMPLETE
1241,0.05717180296778679,2025-04-26 00:27:29.255225,2025-04-26 00:27:38.741813,0 days 00:00:09.486588,0.0006659669386086426,96,80,240.0,,3,0.0050649662931021204,0.6,checkpoints/mlp_Vc_trial_1241_best_state.pt,"{'learning_rate': 0.0050649662931021204, 'lr_reduce': 0.6}",TPESampler,COMPLETE
1242,0.14610359072685242,2025-04-26 00:27:29.895536,2025-04-26 00:27:51.435659,0 days 00:00:21.540123,0.10006005691465072,192,96,,,2,0.0006090245723330184,0.6,checkpoints/mlp_Vc_trial_1242_best_state.pt,"{'learning_rate': 0.0006090245723330184, 'lr_reduce': 0.6}",TPESampler,COMPLETE
1243,0.07499738037586212,2025-04-26 00:27:38.133432,2025-04-26 00:27:54.801798,0 days 00:00:16.668366,0.047861147946923956,112,160,352.0,,3,0.0018450920316705425,0.6,checkpoints/mlp_Vc_trial_1243_best_state.pt,"{'learning_rate': 0.0018450920316705425, 'lr_reduce': 0.6}",TPESampler,COMPLETE
1244,0.044492341578006744,2025-04-26 00:27:39.147695,2025-04-26 00:27:55.303200,0 days 00:00:16.155505,0.001794389378977368,32,160,400.0,,3,0.007418346541981458,0.6,checkpoints/mlp_Vc_trial_1244_best_state.pt,"{'learning_rate': 0.007418346541981458, 'lr_reduce': 0.6}",TPESampler,COMPLETE
1245,0.09089243412017822,2025-04-26 00:27:51.791330,2025-04-26 00:28:08.641177,0 days 00:00:16.849847,0.023035303380811976,272,288,320.0,,3,0.0015381030122466836,0.6,checkpoints/mlp_Vc_trial_1245_best_state.pt,"{'learning_rate': 0.0015381030122466836, 'lr_reduce': 0.6}",TPESampler,COMPLETE
1246,0.0713011771440506,2025-04-26 00:27:55.225519,2025-04-26 00:28:08.485266,0 days 00:00:13.259747,0.055546406643698025,48,48,368.0,,3,0.0010590352192449944,0.6,checkpoints/mlp_Vc_trial_1246_best_state.pt,"{'learning_rate': 0.0010590352192449944, 'lr_reduce': 0.6}",TPESampler,COMPLETE
1247,0.06009839475154877,2025-04-26 00:27:55.728210,2025-04-26 00:28:07.585747,0 days 00:00:11.857537,0.05131184890634176,112,80,416.0,,3,0.0019796576282341974,0.6,checkpoints/mlp_Vc_trial_1247_best_state.pt,"{'learning_rate': 0.0019796576282341974, 'lr_reduce': 0.6}",TPESampler,COMPLETE
1248,0.052256885915994644,2025-04-26 00:28:07.889280,2025-04-26 00:28:17.383784,0 days 00:00:09.494504,0.0077035196909383645,32,128,272.0,96.0,4,0.009658738713498516,0.6,checkpoints/mlp_Vc_trial_1248_best_state.pt,"{'learning_rate': 0.009658738713498516, 'lr_reduce': 0.6}",TPESampler,COMPLETE
1249,0.08130243420600891,2025-04-26 00:28:08.765121,2025-04-26 00:28:17.460516,0 days 00:00:08.695395,0.049254657123270096,176,32,352.0,,3,0.009033580086297208,0.6,checkpoints/mlp_Vc_trial_1249_best_state.pt,"{'learning_rate': 0.009033580086297208, 'lr_reduce': 0.6}",TPESampler,COMPLETE
1250,0.14344282448291779,2025-04-26 00:28:08.894346,2025-04-26 00:29:32.902952,0 days 00:01:24.008606,0.14800479344395318,176,512,,,2,0.00010152238318015505,0.6,checkpoints/mlp_Vc_trial_1250_best_state.pt,"{'learning_rate': 0.00010152238318015505, 'lr_reduce': 0.6}",TPESampler,COMPLETE
1251,0.04320039600133896,2025-04-26 00:28:17.697329,2025-04-26 00:28:29.105219,0 days 00:00:11.407890,0.06498187686837177,32,128,400.0,,3,0.0028091240786329743,0.6,checkpoints/mlp_Vc_trial_1251_best_state.pt,"{'learning_rate': 0.0028091240786329743, 'lr_reduce': 0.6}",TPESampler,COMPLETE
1252,0.06298814713954926,2025-04-26 00:28:17.777999,2025-04-26 00:28:25.319000,0 days 00:00:07.541001,0.06589999620524967,112,64,400.0,,3,0.004303909055451436,0.6,checkpoints/mlp_Vc_trial_1252_best_state.pt,"{'learning_rate': 0.004303909055451436, 'lr_reduce': 0.6}",TPESampler,COMPLETE
1253,0.0642588883638382,2025-04-26 00:28:25.667745,2025-04-26 00:28:38.155871,0 days 00:00:12.488126,0.008417225753345954,112,128,304.0,,3,0.00489268302737981,0.6,checkpoints/mlp_Vc_trial_1253_best_state.pt,"{'learning_rate': 0.00489268302737981, 'lr_reduce': 0.6}",TPESampler,COMPLETE
1254,0.14534026384353638,2025-04-26 00:28:29.456596,2025-04-26 00:28:57.294765,0 days 00:00:27.838169,0.2747109714478888,144,368,,,2,0.00031998088123134835,0.6,checkpoints/mlp_Vc_trial_1254_best_state.pt,"{'learning_rate': 0.00031998088123134835, 'lr_reduce': 0.6}",TPESampler,COMPLETE
1255,0.04547064006328583,2025-04-26 00:28:38.492843,2025-04-26 00:28:47.872934,0 days 00:00:09.380091,0.0020521533310935373,48,64,352.0,32.0,4,0.009583119798615246,0.6,checkpoints/mlp_Vc_trial_1255_best_state.pt,"{'learning_rate': 0.009583119798615246, 'lr_reduce': 0.6}",TPESampler,COMPLETE
1256,0.11556461453437805,2025-04-26 00:28:48.173089,2025-04-26 00:29:00.143722,0 days 00:00:11.970633,0.26376361906376555,368,512,336.0,,3,0.0015815686968230905,0.6,checkpoints/mlp_Vc_trial_1256_best_state.pt,"{'learning_rate': 0.0015815686968230905, 'lr_reduce': 0.6}",TPESampler,COMPLETE
1257,0.04444783180952072,2025-04-26 00:28:57.616347,2025-04-26 00:29:11.253305,0 days 00:00:13.636958,0.002185371564631795,32,160,432.0,,3,0.0048000432972466365,0.6,checkpoints/mlp_Vc_trial_1257_best_state.pt,"{'learning_rate': 0.0048000432972466365, 'lr_reduce': 0.6}",TPESampler,COMPLETE
1258,0.06077507138252258,2025-04-26 00:29:00.464698,2025-04-26 00:29:13.697054,0 days 00:00:13.232356,0.05731639952749695,128,208,288.0,96.0,4,0.006477764821961142,0.6,checkpoints/mlp_Vc_trial_1258_best_state.pt,"{'learning_rate': 0.006477764821961142, 'lr_reduce': 0.6}",TPESampler,COMPLETE
1259,0.06176566705107689,2025-04-26 00:29:11.614318,2025-04-26 00:29:22.619721,0 days 00:00:11.005403,0.0540724869845757,32,160,368.0,,3,0.008552772983757216,0.6,checkpoints/mlp_Vc_trial_1259_best_state.pt,"{'learning_rate': 0.008552772983757216, 'lr_reduce': 0.6}",TPESampler,COMPLETE
1260,0.07871746271848679,2025-04-26 00:29:14.025067,2025-04-26 00:29:21.896470,0 days 00:00:07.871403,0.058244807063032845,80,32,368.0,,3,0.004473767009750719,0.6,checkpoints/mlp_Vc_trial_1260_best_state.pt,"{'learning_rate': 0.004473767009750719, 'lr_reduce': 0.6}",TPESampler,COMPLETE
1261,0.07357390224933624,2025-04-26 00:29:22.244687,2025-04-26 00:29:32.843462,0 days 00:00:10.598775,0.0021533782843839856,128,96,160.0,,3,0.0037121989547949825,0.6,checkpoints/mlp_Vc_trial_1261_best_state.pt,"{'learning_rate': 0.0037121989547949825, 'lr_reduce': 0.6}",TPESampler,COMPLETE
1262,0.06559339910745621,2025-04-26 00:29:22.972930,2025-04-26 00:29:32.947821,0 days 00:00:09.974891,0.0022329110743629175,128,96,224.0,,3,0.007092975988553713,0.6,checkpoints/mlp_Vc_trial_1262_best_state.pt,"{'learning_rate': 0.007092975988553713, 'lr_reduce': 0.6}",TPESampler,COMPLETE
1263,0.053612593561410904,2025-04-26 00:29:33.129482,2025-04-26 00:29:40.934983,0 days 00:00:07.805501,0.04611706726090971,32,112,320.0,,3,0.00872157659569123,0.6,checkpoints/mlp_Vc_trial_1263_best_state.pt,"{'learning_rate': 0.00872157659569123, 'lr_reduce': 0.6}",TPESampler,COMPLETE
1264,0.04324302449822426,2025-04-26 00:29:33.147447,2025-04-26 00:29:45.697773,0 days 00:00:12.550326,0.0034688893530681266,32,128,368.0,,3,0.0048243830448208985,0.6,checkpoints/mlp_Vc_trial_1264_best_state.pt,"{'learning_rate': 0.0048243830448208985, 'lr_reduce': 0.6}",TPESampler,COMPLETE
1265,0.0468934066593647,2025-04-26 00:29:33.201686,2025-04-26 00:29:43.263408,0 days 00:00:10.061722,0.004610685051494183,32,64,416.0,80.0,4,0.0027898559123804537,0.6,checkpoints/mlp_Vc_trial_1265_best_state.pt,"{'learning_rate': 0.0027898559123804537, 'lr_reduce': 0.6}",TPESampler,COMPLETE
1266,0.05401849374175072,2025-04-26 00:29:41.242375,2025-04-26 00:29:49.017326,0 days 00:00:07.774951,0.007954652632657695,32,48,304.0,32.0,4,0.0063739887745118415,0.6,checkpoints/mlp_Vc_trial_1266_best_state.pt,"{'learning_rate': 0.0063739887745118415, 'lr_reduce': 0.6}",TPESampler,COMPLETE
1267,0.04613502323627472,2025-04-26 00:29:43.608251,2025-04-26 00:29:52.947432,0 days 00:00:09.339181,0.01068900026214744,32,32,432.0,96.0,4,0.003341810383392277,0.6,checkpoints/mlp_Vc_trial_1267_best_state.pt,"{'learning_rate': 0.003341810383392277, 'lr_reduce': 0.6}",TPESampler,COMPLETE
1268,0.04283789545297623,2025-04-26 00:29:46.239839,2025-04-26 00:29:56.907872,0 days 00:00:10.668033,0.0010815338808855249,32,80,256.0,32.0,4,0.004851197028534411,0.6,checkpoints/mlp_Vc_trial_1268_best_state.pt,"{'learning_rate': 0.004851197028534411, 'lr_reduce': 0.6}",TPESampler,COMPLETE
1269,0.06305192410945892,2025-04-26 00:29:49.331634,2025-04-26 00:30:01.457039,0 days 00:00:12.125405,0.03915643874019954,32,288,384.0,,3,0.008723081203611543,0.6,checkpoints/mlp_Vc_trial_1269_best_state.pt,"{'learning_rate': 0.008723081203611543, 'lr_reduce': 0.6}",TPESampler,COMPLETE
1270,0.06581316888332367,2025-04-26 00:29:53.272071,2025-04-26 00:30:04.084125,0 days 00:00:10.812054,0.054602841986100714,144,112,352.0,96.0,4,0.004409749762975624,0.6,checkpoints/mlp_Vc_trial_1270_best_state.pt,"{'learning_rate': 0.004409749762975624, 'lr_reduce': 0.6}",TPESampler,COMPLETE
1271,0.06891430169343948,2025-04-26 00:29:57.206982,2025-04-26 00:30:07.798540,0 days 00:00:10.591558,0.03805475014915556,96,128,320.0,,3,0.003282548629194536,0.6,checkpoints/mlp_Vc_trial_1271_best_state.pt,"{'learning_rate': 0.003282548629194536, 'lr_reduce': 0.6}",TPESampler,COMPLETE
