number,value,datetime_start,datetime_complete,duration,params_final_dropout,params_mlp_dim_00,params_mlp_dim_01,params_mlp_dim_02,params_mlp_dim_03,params_mlp_n_layers,params_train_learning_rate,params_train_lr_reduce,user_attrs_best_state_dict_path,user_attrs_training_params,system_attrs_auto:sampler,state
2165,0.06578659266233444,2025-04-26 01:44:20.355480,2025-04-26 01:44:28.776492,0 days 00:00:08.421012,0.08349919741529785,32,48,304.0,,3,0.002916894708004714,0.6,checkpoints/mlp_Vc_trial_2165_best_state.pt,"{'learning_rate': 0.002916894708004714, 'lr_reduce': 0.6}",TPESampler,COMPLETE
2166,0.08047787100076675,2025-04-26 01:44:23.979551,2025-04-26 01:44:35.296033,0 days 00:00:11.316482,0.06731134167653664,32,192,384.0,,3,0.0017613132972427547,0.6,checkpoints/mlp_Vc_trial_2166_best_state.pt,"{'learning_rate': 0.0017613132972427547, 'lr_reduce': 0.6}",TPESampler,COMPLETE
2167,0.0788455381989479,2025-04-26 01:44:26.111218,2025-04-26 01:44:46.696880,0 days 00:00:20.585662,0.18925213516443679,48,160,,,2,0.0013604793801330931,0.6,checkpoints/mlp_Vc_trial_2167_best_state.pt,"{'learning_rate': 0.0013604793801330931, 'lr_reduce': 0.6}",TPESampler,COMPLETE
2168,0.14445535838603973,2025-04-26 01:44:29.113863,2025-04-26 01:45:02.930925,0 days 00:00:33.817062,0.2516937712160306,464,320,272.0,224.0,4,0.0002071835285039857,0.6,checkpoints/mlp_Vc_trial_2168_best_state.pt,"{'learning_rate': 0.0002071835285039857, 'lr_reduce': 0.6}",TPESampler,COMPLETE
2169,0.06702174991369247,2025-04-26 01:44:35.722268,2025-04-26 01:44:51.783513,0 days 00:00:16.061245,0.05757595887091298,32,80,336.0,,3,0.001507267990562402,0.6,checkpoints/mlp_Vc_trial_2169_best_state.pt,"{'learning_rate': 0.001507267990562402, 'lr_reduce': 0.6}",TPESampler,COMPLETE
2170,0.04516163095831871,2025-04-26 01:44:47.125375,2025-04-26 01:44:58.902525,0 days 00:00:11.777150,0.03082008772659454,32,32,144.0,,3,0.009711862867457033,0.6,checkpoints/mlp_Vc_trial_2170_best_state.pt,"{'learning_rate': 0.009711862867457033, 'lr_reduce': 0.6}",TPESampler,COMPLETE
2171,0.04003698006272316,2025-04-26 01:44:52.362719,2025-04-26 01:45:12.156403,0 days 00:00:19.793684,0.005788154909154711,32,256,448.0,,3,0.0018519704018081324,0.6,checkpoints/mlp_Vc_trial_2171_best_state.pt,"{'learning_rate': 0.0018519704018081324, 'lr_reduce': 0.6}",TPESampler,COMPLETE
2172,0.06400346755981445,2025-04-26 01:44:59.306489,2025-04-26 01:45:07.974746,0 days 00:00:08.668257,0.05356975580186265,32,112,384.0,32.0,4,0.003618743125681943,0.6,checkpoints/mlp_Vc_trial_2172_best_state.pt,"{'learning_rate': 0.003618743125681943, 'lr_reduce': 0.6}",TPESampler,COMPLETE
2173,0.083735890686512,2025-04-26 01:45:03.394469,2025-04-26 01:45:19.770535,0 days 00:00:16.376066,0.20948500127169364,32,496,,,2,0.001137090612952435,0.6,checkpoints/mlp_Vc_trial_2173_best_state.pt,"{'learning_rate': 0.001137090612952435, 'lr_reduce': 0.6}",TPESampler,COMPLETE
2174,0.06190396472811699,2025-04-26 01:45:08.280877,2025-04-26 01:45:18.803159,0 days 00:00:10.522282,0.04246614394382637,48,112,320.0,,3,0.003447550407449028,0.6,checkpoints/mlp_Vc_trial_2174_best_state.pt,"{'learning_rate': 0.003447550407449028, 'lr_reduce': 0.6}",TPESampler,COMPLETE
2175,0.12253917008638382,2025-04-26 01:45:12.540855,2025-04-26 01:45:32.878436,0 days 00:00:20.337581,0.035067157508752084,112,176,272.0,,3,0.0005814394459445334,0.6,checkpoints/mlp_Vc_trial_2175_best_state.pt,"{'learning_rate': 0.0005814394459445334, 'lr_reduce': 0.6}",TPESampler,COMPLETE
2176,0.06608488410711288,2025-04-26 01:45:19.140108,2025-04-26 01:45:33.370790,0 days 00:00:14.230682,0.05772566366486776,32,112,352.0,,3,0.002057942481081885,0.6,checkpoints/mlp_Vc_trial_2176_best_state.pt,"{'learning_rate': 0.002057942481081885, 'lr_reduce': 0.6}",TPESampler,COMPLETE
2177,0.048977408558130264,2025-04-26 01:45:20.144806,2025-04-26 01:45:31.250647,0 days 00:00:11.105841,0.039013042783779255,32,112,208.0,80.0,4,0.005120601014838144,0.6,checkpoints/mlp_Vc_trial_2177_best_state.pt,"{'learning_rate': 0.005120601014838144, 'lr_reduce': 0.6}",TPESampler,COMPLETE
2178,0.07609296590089798,2025-04-26 01:45:31.570498,2025-04-26 01:45:42.015781,0 days 00:00:10.445283,0.040690028297949335,128,112,480.0,176.0,4,0.0027078619527738093,0.6,checkpoints/mlp_Vc_trial_2178_best_state.pt,"{'learning_rate': 0.0027078619527738093, 'lr_reduce': 0.6}",TPESampler,COMPLETE
2179,0.049343306571245193,2025-04-26 01:45:33.274495,2025-04-26 01:45:43.546889,0 days 00:00:10.272394,0.004730862571382666,32,80,416.0,80.0,4,0.004022035658254865,0.6,checkpoints/mlp_Vc_trial_2179_best_state.pt,"{'learning_rate': 0.004022035658254865, 'lr_reduce': 0.6}",TPESampler,COMPLETE
2180,0.04041371867060661,2025-04-26 01:45:33.870931,2025-04-26 01:45:57.392658,0 days 00:00:23.521727,0.007950050505293751,32,144,352.0,,3,0.001395012986159912,0.6,checkpoints/mlp_Vc_trial_2180_best_state.pt,"{'learning_rate': 0.001395012986159912, 'lr_reduce': 0.6}",TPESampler,COMPLETE
2181,0.07873820513486862,2025-04-26 01:45:42.403716,2025-04-26 01:45:59.035317,0 days 00:00:16.631601,0.006985252355226712,112,32,400.0,,3,0.00200249780659997,0.6,checkpoints/mlp_Vc_trial_2181_best_state.pt,"{'learning_rate': 0.00200249780659997, 'lr_reduce': 0.6}",TPESampler,COMPLETE
2182,0.04105447977781296,2025-04-26 01:45:43.902552,2025-04-26 01:45:54.842402,0 days 00:00:10.939850,0.007024080249686744,32,128,304.0,32.0,4,0.003958518795303477,0.6,checkpoints/mlp_Vc_trial_2182_best_state.pt,"{'learning_rate': 0.003958518795303477, 'lr_reduce': 0.6}",TPESampler,COMPLETE
2183,0.24652618169784546,2025-04-26 01:45:55.246001,2025-04-26 01:46:02.431757,0 days 00:00:07.185756,0.22901560972791163,112,32,240.0,128.0,4,0.004499954271703048,0.6,checkpoints/mlp_Vc_trial_2183_best_state.pt,"{'learning_rate': 0.004499954271703048, 'lr_reduce': 0.6}",TPESampler,COMPLETE
2184,0.13312377035617828,2025-04-26 01:45:57.696202,2025-04-26 01:46:23.969417,0 days 00:00:26.273215,0.08742189209101216,368,256,,,2,0.000360195720295973,0.6,checkpoints/mlp_Vc_trial_2184_best_state.pt,"{'learning_rate': 0.000360195720295973, 'lr_reduce': 0.6}",TPESampler,COMPLETE
2185,0.1302904635667801,2025-04-26 01:45:59.471292,2025-04-26 01:46:10.958095,0 days 00:00:11.486803,0.28258937637355847,112,256,352.0,,3,0.0031952168228751867,0.6,checkpoints/mlp_Vc_trial_2185_best_state.pt,"{'learning_rate': 0.0031952168228751867, 'lr_reduce': 0.6}",TPESampler,COMPLETE
2186,0.04453393444418907,2025-04-26 01:46:02.852642,2025-04-26 01:46:14.780621,0 days 00:00:11.927979,0.049266688513177836,32,208,304.0,,3,0.002534043554685008,0.6,checkpoints/mlp_Vc_trial_2186_best_state.pt,"{'learning_rate': 0.002534043554685008, 'lr_reduce': 0.6}",TPESampler,COMPLETE
2187,0.06497054547071457,2025-04-26 01:46:11.350423,2025-04-26 01:46:19.649127,0 days 00:00:08.298704,0.054170990733279314,32,208,400.0,,3,0.008360587198458157,0.6,checkpoints/mlp_Vc_trial_2187_best_state.pt,"{'learning_rate': 0.008360587198458157, 'lr_reduce': 0.6}",TPESampler,COMPLETE
2188,0.052466053515672684,2025-04-26 01:46:15.210337,2025-04-26 01:46:26.331353,0 days 00:00:11.121016,0.04262973485970577,32,32,272.0,,3,0.003988996506297402,0.6,checkpoints/mlp_Vc_trial_2188_best_state.pt,"{'learning_rate': 0.003988996506297402, 'lr_reduce': 0.6}",TPESampler,COMPLETE
2189,0.0697450265288353,2025-04-26 01:46:20.027317,2025-04-26 01:46:32.135528,0 days 00:00:12.108211,0.11311218234354775,80,112,368.0,,3,0.004831920562785878,0.6,checkpoints/mlp_Vc_trial_2189_best_state.pt,"{'learning_rate': 0.004831920562785878, 'lr_reduce': 0.6}",TPESampler,COMPLETE
2190,0.04391961172223091,2025-04-26 01:46:24.323044,2025-04-26 01:46:37.681562,0 days 00:00:13.358518,0.008286940597109074,32,112,448.0,80.0,4,0.0030402284846691406,0.6,checkpoints/mlp_Vc_trial_2190_best_state.pt,"{'learning_rate': 0.0030402284846691406, 'lr_reduce': 0.6}",TPESampler,COMPLETE
2191,0.044432371854782104,2025-04-26 01:46:26.738659,2025-04-26 01:46:49.180170,0 days 00:00:22.441511,0.0022013577399644726,48,208,,,2,0.004493269120910619,0.6,checkpoints/mlp_Vc_trial_2191_best_state.pt,"{'learning_rate': 0.004493269120910619, 'lr_reduce': 0.6}",TPESampler,COMPLETE
2192,0.03671957179903984,2025-04-26 01:46:32.618477,2025-04-26 01:46:48.361777,0 days 00:00:15.743300,0.019920315021659366,32,176,320.0,,3,0.003100308446084427,0.6,checkpoints/mlp_Vc_trial_2192_best_state.pt,"{'learning_rate': 0.003100308446084427, 'lr_reduce': 0.6}",TPESampler,COMPLETE
2193,0.07920251786708832,2025-04-26 01:46:38.083096,2025-04-26 01:46:52.890706,0 days 00:00:14.807610,0.05449063334241253,96,96,400.0,,3,0.002049539930139071,0.6,checkpoints/mlp_Vc_trial_2193_best_state.pt,"{'learning_rate': 0.002049539930139071, 'lr_reduce': 0.6}",TPESampler,COMPLETE
2194,0.06696844846010208,2025-04-26 01:46:49.013424,2025-04-26 01:46:57.651571,0 days 00:00:08.638147,0.06861862375011607,128,32,176.0,,3,0.00983668803750197,0.6,checkpoints/mlp_Vc_trial_2194_best_state.pt,"{'learning_rate': 0.00983668803750197, 'lr_reduce': 0.6}",TPESampler,COMPLETE
2195,0.054476816207170486,2025-04-26 01:46:49.705134,2025-04-26 01:46:57.680427,0 days 00:00:07.975293,0.046659008481853795,80,32,352.0,32.0,4,0.004227524377325581,0.6,checkpoints/mlp_Vc_trial_2195_best_state.pt,"{'learning_rate': 0.004227524377325581, 'lr_reduce': 0.6}",TPESampler,COMPLETE
2196,0.05642673373222351,2025-04-26 01:46:53.259119,2025-04-26 01:47:05.779318,0 days 00:00:12.520199,0.04236368682644311,112,96,256.0,112.0,4,0.002102323847384804,0.6,checkpoints/mlp_Vc_trial_2196_best_state.pt,"{'learning_rate': 0.002102323847384804, 'lr_reduce': 0.6}",TPESampler,COMPLETE
2197,0.046681176871061325,2025-04-26 01:46:58.051396,2025-04-26 01:47:12.171180,0 days 00:00:14.119784,0.03051328943621206,32,128,320.0,,3,0.0027041534509514987,0.6,checkpoints/mlp_Vc_trial_2197_best_state.pt,"{'learning_rate': 0.0027041534509514987, 'lr_reduce': 0.6}",TPESampler,COMPLETE
2198,0.05268004164099693,2025-04-26 01:46:58.138818,2025-04-26 01:47:10.077840,0 days 00:00:11.939022,0.03899142118978343,80,32,320.0,,3,0.004427316404847469,0.6,checkpoints/mlp_Vc_trial_2198_best_state.pt,"{'learning_rate': 0.004427316404847469, 'lr_reduce': 0.6}",TPESampler,COMPLETE
2199,0.04377990961074829,2025-04-26 01:47:06.177790,2025-04-26 01:47:18.693947,0 days 00:00:12.516157,0.008941456207294536,96,32,480.0,80.0,4,0.0024001810785434356,0.6,checkpoints/mlp_Vc_trial_2199_best_state.pt,"{'learning_rate': 0.0024001810785434356, 'lr_reduce': 0.6}",TPESampler,COMPLETE
2200,0.04379109665751457,2025-04-26 01:47:10.494487,2025-04-26 01:47:24.227328,0 days 00:00:13.732841,0.0293908406506328,32,176,416.0,,3,0.0043994163842915575,0.6,checkpoints/mlp_Vc_trial_2200_best_state.pt,"{'learning_rate': 0.0043994163842915575, 'lr_reduce': 0.6}",TPESampler,COMPLETE
2201,0.0687049850821495,2025-04-26 01:47:12.589832,2025-04-26 01:47:23.299409,0 days 00:00:10.709577,0.05283411639143833,112,96,224.0,32.0,4,0.0039133803609478785,0.6,checkpoints/mlp_Vc_trial_2201_best_state.pt,"{'learning_rate': 0.0039133803609478785, 'lr_reduce': 0.6}",TPESampler,COMPLETE
2202,0.05774876847863197,2025-04-26 01:47:19.072560,2025-04-26 01:47:30.384429,0 days 00:00:11.311869,0.03503960177877675,32,32,400.0,,3,0.0035229905204517296,0.6,checkpoints/mlp_Vc_trial_2202_best_state.pt,"{'learning_rate': 0.0035229905204517296, 'lr_reduce': 0.6}",TPESampler,COMPLETE
2203,0.11296396702528,2025-04-26 01:47:23.649009,2025-04-26 01:47:48.729032,0 days 00:00:25.080023,0.15464675540337702,464,224,368.0,176.0,4,0.00042878196877014493,0.6,checkpoints/mlp_Vc_trial_2203_best_state.pt,"{'learning_rate': 0.00042878196877014493, 'lr_reduce': 0.6}",TPESampler,COMPLETE
2204,0.14900590479373932,2025-04-26 01:47:24.616505,2025-04-26 01:47:54.199797,0 days 00:00:29.583292,0.26562995636347775,368,368,272.0,,3,0.0003222291516793952,0.6,checkpoints/mlp_Vc_trial_2204_best_state.pt,"{'learning_rate': 0.0003222291516793952, 'lr_reduce': 0.6}",TPESampler,COMPLETE
2205,0.047790803015232086,2025-04-26 01:47:30.838920,2025-04-26 01:47:42.048737,0 days 00:00:11.209817,0.0013943473789082615,64,32,512.0,80.0,4,0.003345569717259193,0.6,checkpoints/mlp_Vc_trial_2205_best_state.pt,"{'learning_rate': 0.003345569717259193, 'lr_reduce': 0.6}",TPESampler,COMPLETE
2206,0.0438879169523716,2025-04-26 01:47:42.508877,2025-04-26 01:47:56.092747,0 days 00:00:13.583870,0.024317293016339534,32,128,352.0,,3,0.0030956611212132256,0.6,checkpoints/mlp_Vc_trial_2206_best_state.pt,"{'learning_rate': 0.0030956611212132256, 'lr_reduce': 0.6}",TPESampler,COMPLETE
2207,0.14607170224189758,2025-04-26 01:47:49.421009,2025-04-26 01:48:23.582257,0 days 00:00:34.161248,0.18226215723666725,480,368,288.0,,3,0.0002437526363804911,0.6,checkpoints/mlp_Vc_trial_2207_best_state.pt,"{'learning_rate': 0.0002437526363804911, 'lr_reduce': 0.6}",TPESampler,COMPLETE
2208,0.07420389354228973,2025-04-26 01:47:54.815768,2025-04-26 01:48:07.684735,0 days 00:00:12.868967,0.05850496294535998,96,176,448.0,,3,0.0029314687780933628,0.6,checkpoints/mlp_Vc_trial_2208_best_state.pt,"{'learning_rate': 0.0029314687780933628, 'lr_reduce': 0.6}",TPESampler,COMPLETE
2209,0.04163828492164612,2025-04-26 01:47:56.513314,2025-04-26 01:48:07.206118,0 days 00:00:10.692804,0.0007131112570239956,32,64,368.0,112.0,4,0.0032186326816628775,0.6,checkpoints/mlp_Vc_trial_2209_best_state.pt,"{'learning_rate': 0.0032186326816628775, 'lr_reduce': 0.6}",TPESampler,COMPLETE
2210,0.06376904994249344,2025-04-26 01:48:07.591440,2025-04-26 01:48:20.020351,0 days 00:00:12.428911,0.052827313784118604,80,272,192.0,,3,0.008324249156262727,0.6,checkpoints/mlp_Vc_trial_2210_best_state.pt,"{'learning_rate': 0.008324249156262727, 'lr_reduce': 0.6}",TPESampler,COMPLETE
2211,0.055764149874448776,2025-04-26 01:48:08.140050,2025-04-26 01:48:17.764065,0 days 00:00:09.624015,0.06269152461939781,32,112,320.0,,3,0.008140097042579487,0.6,checkpoints/mlp_Vc_trial_2211_best_state.pt,"{'learning_rate': 0.008140097042579487, 'lr_reduce': 0.6}",TPESampler,COMPLETE
2212,0.039974644780159,2025-04-26 01:48:18.132862,2025-04-26 01:48:30.679950,0 days 00:00:12.547088,0.00680423411090848,32,128,400.0,32.0,4,0.0022748446720183323,0.6,checkpoints/mlp_Vc_trial_2212_best_state.pt,"{'learning_rate': 0.0022748446720183323, 'lr_reduce': 0.6}",TPESampler,COMPLETE
2213,0.060278020799160004,2025-04-26 01:48:20.468598,2025-04-26 01:48:27.001670,0 days 00:00:06.533072,0.04488571763105098,32,32,240.0,,3,0.007809319370229536,0.6,checkpoints/mlp_Vc_trial_2213_best_state.pt,"{'learning_rate': 0.007809319370229536, 'lr_reduce': 0.6}",TPESampler,COMPLETE
2214,0.05824625864624977,2025-04-26 01:48:23.890444,2025-04-26 01:48:35.597869,0 days 00:00:11.707425,0.05273088020432547,32,64,336.0,128.0,4,0.0016908878283707837,0.6,checkpoints/mlp_Vc_trial_2214_best_state.pt,"{'learning_rate': 0.0016908878283707837, 'lr_reduce': 0.6}",TPESampler,COMPLETE
2215,0.06550228595733643,2025-04-26 01:48:27.359008,2025-04-26 01:48:40.065066,0 days 00:00:12.706058,0.0008699946481436774,96,128,288.0,80.0,4,0.002627623970594541,0.6,checkpoints/mlp_Vc_trial_2215_best_state.pt,"{'learning_rate': 0.002627623970594541, 'lr_reduce': 0.6}",TPESampler,COMPLETE
2216,0.07667111605405807,2025-04-26 01:48:31.081056,2025-04-26 01:48:45.716889,0 days 00:00:14.635833,0.06159978350750056,192,192,384.0,,3,0.0016166631644659519,0.6,checkpoints/mlp_Vc_trial_2216_best_state.pt,"{'learning_rate': 0.0016166631644659519, 'lr_reduce': 0.6}",TPESampler,COMPLETE
2217,0.05113032087683678,2025-04-26 01:48:36.017165,2025-04-26 01:48:47.277844,0 days 00:00:11.260679,0.05871259001273938,32,144,432.0,,3,0.0028859760452208893,0.6,checkpoints/mlp_Vc_trial_2217_best_state.pt,"{'learning_rate': 0.0028859760452208893, 'lr_reduce': 0.6}",TPESampler,COMPLETE
2218,0.04944668710231781,2025-04-26 01:48:40.413686,2025-04-26 01:48:50.821529,0 days 00:00:10.407843,0.06090048331404257,32,192,368.0,32.0,4,0.003954009712980775,0.6,checkpoints/mlp_Vc_trial_2218_best_state.pt,"{'learning_rate': 0.003954009712980775, 'lr_reduce': 0.6}",TPESampler,COMPLETE
2219,0.0860934630036354,2025-04-26 01:48:46.065780,2025-04-26 01:49:04.153782,0 days 00:00:18.088002,0.025657385740407466,128,224,,,2,0.009938600702627889,0.6,checkpoints/mlp_Vc_trial_2219_best_state.pt,"{'learning_rate': 0.009938600702627889, 'lr_reduce': 0.6}",TPESampler,COMPLETE
2220,0.07333844155073166,2025-04-26 01:48:47.623778,2025-04-26 01:49:01.032498,0 days 00:00:13.408720,0.025871545268827012,112,512,336.0,,3,0.003876701432872465,0.6,checkpoints/mlp_Vc_trial_2220_best_state.pt,"{'learning_rate': 0.003876701432872465, 'lr_reduce': 0.6}",TPESampler,COMPLETE
2221,0.051235001534223557,2025-04-26 01:48:51.249210,2025-04-26 01:49:05.658313,0 days 00:00:14.409103,0.0012232390616392034,48,240,,,2,0.007435323820224257,0.6,checkpoints/mlp_Vc_trial_2221_best_state.pt,"{'learning_rate': 0.007435323820224257, 'lr_reduce': 0.6}",TPESampler,COMPLETE
2222,0.13848014175891876,2025-04-26 01:49:01.456109,2025-04-26 01:49:23.777554,0 days 00:00:22.321445,0.18124243288372963,512,256,,,2,0.0009482935304836412,0.6,checkpoints/mlp_Vc_trial_2222_best_state.pt,"{'learning_rate': 0.0009482935304836412, 'lr_reduce': 0.6}",TPESampler,COMPLETE
2223,0.12436950206756592,2025-04-26 01:49:04.509617,2025-04-26 01:49:26.327592,0 days 00:00:21.817975,0.05375415954622065,128,144,,,2,0.0024976411084532816,0.6,checkpoints/mlp_Vc_trial_2223_best_state.pt,"{'learning_rate': 0.0024976411084532816, 'lr_reduce': 0.6}",TPESampler,COMPLETE
2224,0.04017098248004913,2025-04-26 01:49:06.004530,2025-04-26 01:49:18.406493,0 days 00:00:12.401963,0.0055895275639302215,32,176,,,2,0.00940502433210777,0.6,checkpoints/mlp_Vc_trial_2224_best_state.pt,"{'learning_rate': 0.00940502433210777, 'lr_reduce': 0.6}",TPESampler,COMPLETE
2225,0.08727018535137177,2025-04-26 01:49:18.777065,2025-04-26 01:49:29.069200,0 days 00:00:10.292135,0.10817491462545151,144,192,288.0,,3,0.0048389696332994175,0.6,checkpoints/mlp_Vc_trial_2225_best_state.pt,"{'learning_rate': 0.0048389696332994175, 'lr_reduce': 0.6}",TPESampler,COMPLETE
2226,0.07923305779695511,2025-04-26 01:49:24.131945,2025-04-26 01:49:36.931155,0 days 00:00:12.799210,0.05044922743184524,112,32,240.0,80.0,4,0.002227833662295135,0.6,checkpoints/mlp_Vc_trial_2226_best_state.pt,"{'learning_rate': 0.002227833662295135, 'lr_reduce': 0.6}",TPESampler,COMPLETE
2227,0.04944939911365509,2025-04-26 01:49:26.747764,2025-04-26 01:49:35.409662,0 days 00:00:08.661898,0.001528959768841833,32,80,416.0,,3,0.00636146594982358,0.6,checkpoints/mlp_Vc_trial_2227_best_state.pt,"{'learning_rate': 0.00636146594982358, 'lr_reduce': 0.6}",TPESampler,COMPLETE
2228,0.11022854596376419,2025-04-26 01:49:29.518610,2025-04-26 01:49:37.812791,0 days 00:00:08.294181,0.11557859516170993,224,48,368.0,176.0,4,0.002816914165587132,0.6,checkpoints/mlp_Vc_trial_2228_best_state.pt,"{'learning_rate': 0.002816914165587132, 'lr_reduce': 0.6}",TPESampler,COMPLETE
2229,0.04835217446088791,2025-04-26 01:49:35.805384,2025-04-26 01:49:48.001157,0 days 00:00:12.195773,0.00938955111089702,32,32,320.0,,3,0.006928943896695354,0.6,checkpoints/mlp_Vc_trial_2229_best_state.pt,"{'learning_rate': 0.006928943896695354, 'lr_reduce': 0.6}",TPESampler,COMPLETE
2230,0.04888990893959999,2025-04-26 01:49:37.333987,2025-04-26 01:49:51.728278,0 days 00:00:14.394291,0.03722719787468719,112,112,464.0,,3,0.004909008144261229,0.6,checkpoints/mlp_Vc_trial_2230_best_state.pt,"{'learning_rate': 0.004909008144261229, 'lr_reduce': 0.6}",TPESampler,COMPLETE
2231,0.049091801047325134,2025-04-26 01:49:38.188334,2025-04-26 01:49:50.605667,0 days 00:00:12.417333,0.04728994347223614,32,128,384.0,,3,0.0031433533479077527,0.6,checkpoints/mlp_Vc_trial_2231_best_state.pt,"{'learning_rate': 0.0031433533479077527, 'lr_reduce': 0.6}",TPESampler,COMPLETE
2232,0.0621267594397068,2025-04-26 01:49:48.393599,2025-04-26 01:49:59.440761,0 days 00:00:11.047162,0.02621210029443745,112,224,272.0,128.0,4,0.005071710418512887,0.6,checkpoints/mlp_Vc_trial_2232_best_state.pt,"{'learning_rate': 0.005071710418512887, 'lr_reduce': 0.6}",TPESampler,COMPLETE
2233,0.03642396256327629,2025-04-26 01:49:50.911380,2025-04-26 01:50:06.073209,0 days 00:00:15.161829,0.003613656463024973,32,96,336.0,64.0,4,0.005305415952576599,0.6,checkpoints/mlp_Vc_trial_2233_best_state.pt,"{'learning_rate': 0.005305415952576599, 'lr_reduce': 0.6}",TPESampler,COMPLETE
2234,0.06817231327295303,2025-04-26 01:49:52.141514,2025-04-26 01:50:10.251956,0 days 00:00:18.110442,0.0040097295114798134,144,48,224.0,32.0,4,0.0011618635659213605,0.6,checkpoints/mlp_Vc_trial_2234_best_state.pt,"{'learning_rate': 0.0011618635659213605, 'lr_reduce': 0.6}",TPESampler,COMPLETE
2235,0.04766432195901871,2025-04-26 01:49:59.912448,2025-04-26 01:50:11.543620,0 days 00:00:11.631172,0.03765003521629026,32,128,400.0,,3,0.003885477713573496,0.6,checkpoints/mlp_Vc_trial_2235_best_state.pt,"{'learning_rate': 0.003885477713573496, 'lr_reduce': 0.6}",TPESampler,COMPLETE
2236,0.07149476557970047,2025-04-26 01:50:06.471607,2025-04-26 01:50:12.888993,0 days 00:00:06.417386,0.09466023019389488,32,32,352.0,,3,0.009285112896961217,0.6,checkpoints/mlp_Vc_trial_2236_best_state.pt,"{'learning_rate': 0.009285112896961217, 'lr_reduce': 0.6}",TPESampler,COMPLETE
2237,0.11959585547447205,2025-04-26 01:50:10.578023,2025-04-26 01:50:21.428626,0 days 00:00:10.850603,0.12523269399208894,496,128,,,2,0.005817631597702889,0.6,checkpoints/mlp_Vc_trial_2237_best_state.pt,"{'learning_rate': 0.005817631597702889, 'lr_reduce': 0.6}",TPESampler,COMPLETE
2238,0.027575263753533363,2025-04-26 01:50:11.929330,2025-04-26 01:50:22.695557,0 days 00:00:10.766227,0.014276412416451209,32,32,288.0,,3,0.009394951933248515,0.6,checkpoints/mlp_Vc_trial_2238_best_state.pt,"{'learning_rate': 0.009394951933248515, 'lr_reduce': 0.6}",TPESampler,COMPLETE
2239,0.07404885441064835,2025-04-26 01:50:13.327557,2025-04-26 01:50:26.568921,0 days 00:00:13.241364,0.0018824604818725326,96,224,448.0,80.0,4,0.007523671426943387,0.6,checkpoints/mlp_Vc_trial_2239_best_state.pt,"{'learning_rate': 0.007523671426943387, 'lr_reduce': 0.6}",TPESampler,COMPLETE
