number,value,datetime_start,datetime_complete,duration,params_final_dropout,params_mlp_dim_00,params_mlp_dim_01,params_mlp_dim_02,params_mlp_dim_03,params_mlp_n_layers,params_train_learning_rate,params_train_lr_reduce,user_attrs_best_state_dict_path,user_attrs_training_params,system_attrs_auto:sampler,state
450,0.046263083815574646,2025-04-25 23:25:34.533312,2025-04-25 23:25:47.768834,0 days 00:00:13.235522,0.0006134966391179687,32,160,384.0,,3,0.002018036407108413,0.6,checkpoints/mlp_Vc_trial_450_best_state.pt,"{'learning_rate': 0.002018036407108413, 'lr_reduce': 0.6}",TPESampler,COMPLETE
451,0.046041809022426605,2025-04-25 23:25:35.848704,2025-04-25 23:25:48.963843,0 days 00:00:13.115139,0.00030027461082353157,48,144,448.0,,3,0.002861441675358716,0.6,checkpoints/mlp_Vc_trial_451_best_state.pt,"{'learning_rate': 0.002861441675358716, 'lr_reduce': 0.6}",TPESampler,COMPLETE
452,0.07406530529260635,2025-04-25 23:25:37.543181,2025-04-25 23:25:54.915421,0 days 00:00:17.372240,0.007227620405619877,80,144,416.0,,3,0.0012800891778825027,0.6,checkpoints/mlp_Vc_trial_452_best_state.pt,"{'learning_rate': 0.0012800891778825027, 'lr_reduce': 0.6}",TPESampler,COMPLETE
453,0.07652761042118073,2025-04-25 23:25:48.095818,2025-04-25 23:25:57.311493,0 days 00:00:09.215675,0.06476061396566841,128,64,400.0,,3,0.0036714037872074006,0.6,checkpoints/mlp_Vc_trial_453_best_state.pt,"{'learning_rate': 0.0036714037872074006, 'lr_reduce': 0.6}",TPESampler,COMPLETE
454,0.03722131624817848,2025-04-25 23:25:49.711544,2025-04-25 23:26:01.007951,0 days 00:00:11.296407,0.005942559556520675,32,96,448.0,,3,0.004519825977618324,0.6,checkpoints/mlp_Vc_trial_454_best_state.pt,"{'learning_rate': 0.004519825977618324, 'lr_reduce': 0.6}",TPESampler,COMPLETE
455,0.0759473666548729,2025-04-25 23:25:55.259866,2025-04-25 23:26:17.380060,0 days 00:00:22.120194,0.022214756164673867,32,128,,,2,0.0009574627574551524,0.6,checkpoints/mlp_Vc_trial_455_best_state.pt,"{'learning_rate': 0.0009574627574551524, 'lr_reduce': 0.6}",TPESampler,COMPLETE
456,0.09041211009025574,2025-04-25 23:25:57.780208,2025-04-25 23:26:10.824464,0 days 00:00:13.044256,0.02591590124254531,272,432,384.0,,3,0.00105090869046768,0.6,checkpoints/mlp_Vc_trial_456_best_state.pt,"{'learning_rate': 0.00105090869046768, 'lr_reduce': 0.6}",TPESampler,COMPLETE
457,0.1257767677307129,2025-04-25 23:26:01.481340,2025-04-25 23:26:15.955660,0 days 00:00:14.474320,0.26802014238797994,256,112,,,2,0.001538880786231388,0.6,checkpoints/mlp_Vc_trial_457_best_state.pt,"{'learning_rate': 0.001538880786231388, 'lr_reduce': 0.6}",TPESampler,COMPLETE
458,0.10401034355163574,2025-04-25 23:26:11.167884,2025-04-25 23:26:30.698374,0 days 00:00:19.530490,0.10247772189336342,64,240,480.0,,3,0.0005607808863603718,0.6,checkpoints/mlp_Vc_trial_458_best_state.pt,"{'learning_rate': 0.0005607808863603718, 'lr_reduce': 0.6}",TPESampler,COMPLETE
459,0.12351346760988235,2025-04-25 23:26:16.270008,2025-04-25 23:26:36.759310,0 days 00:00:20.489302,0.09804786156157579,512,448,464.0,,3,0.0005866028367718093,0.6,checkpoints/mlp_Vc_trial_459_best_state.pt,"{'learning_rate': 0.0005866028367718093, 'lr_reduce': 0.6}",TPESampler,COMPLETE
460,0.03735620528459549,2025-04-25 23:26:17.830833,2025-04-25 23:26:28.284900,0 days 00:00:10.454067,0.002432641822299113,32,96,464.0,,3,0.005272706641745589,0.6,checkpoints/mlp_Vc_trial_460_best_state.pt,"{'learning_rate': 0.005272706641745589, 'lr_reduce': 0.6}",TPESampler,COMPLETE
461,0.04157200828194618,2025-04-25 23:26:28.614677,2025-04-25 23:26:37.787243,0 days 00:00:09.172566,0.01169722332857796,32,48,512.0,,3,0.003128019728460176,0.6,checkpoints/mlp_Vc_trial_461_best_state.pt,"{'learning_rate': 0.003128019728460176, 'lr_reduce': 0.6}",TPESampler,COMPLETE
462,0.06466842442750931,2025-04-25 23:26:31.001872,2025-04-25 23:26:40.184467,0 days 00:00:09.182595,0.05889451861663074,96,96,480.0,,3,0.004539006985700131,0.6,checkpoints/mlp_Vc_trial_462_best_state.pt,"{'learning_rate': 0.004539006985700131, 'lr_reduce': 0.6}",TPESampler,COMPLETE
463,0.14556850492954254,2025-04-25 23:26:37.107381,2025-04-25 23:27:22.289863,0 days 00:00:45.182482,0.2309779548341861,400,224,448.0,,3,0.0001547259116483778,0.6,checkpoints/mlp_Vc_trial_463_best_state.pt,"{'learning_rate': 0.0001547259116483778, 'lr_reduce': 0.6}",TPESampler,COMPLETE
464,0.08278202265501022,2025-04-25 23:26:38.186468,2025-04-25 23:26:52.328639,0 days 00:00:14.142171,0.07651185836118704,32,80,464.0,272.0,4,0.008392369905809603,0.6,checkpoints/mlp_Vc_trial_464_best_state.pt,"{'learning_rate': 0.008392369905809603, 'lr_reduce': 0.6}",TPESampler,COMPLETE
465,0.05188000202178955,2025-04-25 23:26:40.481712,2025-04-25 23:26:51.452712,0 days 00:00:10.971000,0.025078013921699876,128,96,480.0,,3,0.004902479312032675,0.6,checkpoints/mlp_Vc_trial_465_best_state.pt,"{'learning_rate': 0.004902479312032675, 'lr_reduce': 0.6}",TPESampler,COMPLETE
466,0.19052065908908844,2025-04-25 23:26:51.769953,2025-04-25 23:27:29.208192,0 days 00:00:37.438239,0.029955521036657523,448,384,,,2,0.00013367478169503598,0.6,checkpoints/mlp_Vc_trial_466_best_state.pt,"{'learning_rate': 0.00013367478169503598, 'lr_reduce': 0.6}",TPESampler,COMPLETE
467,0.049202803522348404,2025-04-25 23:26:52.742457,2025-04-25 23:27:01.541724,0 days 00:00:08.799267,0.021278352094003708,32,64,464.0,,3,0.003909625493683592,0.6,checkpoints/mlp_Vc_trial_467_best_state.pt,"{'learning_rate': 0.003909625493683592, 'lr_reduce': 0.6}",TPESampler,COMPLETE
468,0.04795849323272705,2025-04-25 23:27:01.987184,2025-04-25 23:27:09.872058,0 days 00:00:07.884874,0.002397359569158558,48,96,448.0,,3,0.005199153380806337,0.6,checkpoints/mlp_Vc_trial_468_best_state.pt,"{'learning_rate': 0.005199153380806337, 'lr_reduce': 0.6}",TPESampler,COMPLETE
469,0.050665006041526794,2025-04-25 23:27:10.352906,2025-04-25 23:27:23.594995,0 days 00:00:13.242089,0.020040720401637423,32,32,448.0,,3,0.003634701496615907,0.6,checkpoints/mlp_Vc_trial_469_best_state.pt,"{'learning_rate': 0.003634701496615907, 'lr_reduce': 0.6}",TPESampler,COMPLETE
470,0.04952552914619446,2025-04-25 23:27:22.636624,2025-04-25 23:27:33.086863,0 days 00:00:10.450239,0.05542435187449564,64,96,448.0,,3,0.009597660536951703,0.6,checkpoints/mlp_Vc_trial_470_best_state.pt,"{'learning_rate': 0.009597660536951703, 'lr_reduce': 0.6}",TPESampler,COMPLETE
471,0.07508575916290283,2025-04-25 23:27:23.847806,2025-04-25 23:27:41.636638,0 days 00:00:17.788832,0.03546518442885086,32,128,432.0,,3,0.0006471623894357717,0.6,checkpoints/mlp_Vc_trial_471_best_state.pt,"{'learning_rate': 0.0006471623894357717, 'lr_reduce': 0.6}",TPESampler,COMPLETE
472,0.07193662971258163,2025-04-25 23:27:29.500864,2025-04-25 23:27:42.789538,0 days 00:00:13.288674,0.07134658863925895,32,160,512.0,,3,0.001529726366514266,0.6,checkpoints/mlp_Vc_trial_472_best_state.pt,"{'learning_rate': 0.001529726366514266, 'lr_reduce': 0.6}",TPESampler,COMPLETE
473,0.04008089751005173,2025-04-25 23:27:33.419594,2025-04-25 23:27:46.636294,0 days 00:00:13.216700,0.005454442210192094,32,48,432.0,,3,0.0077097691451044024,0.6,checkpoints/mlp_Vc_trial_473_best_state.pt,"{'learning_rate': 0.0077097691451044024, 'lr_reduce': 0.6}",TPESampler,COMPLETE
474,0.057182785123586655,2025-04-25 23:27:41.926568,2025-04-25 23:27:55.001497,0 days 00:00:13.074929,0.011234571998268512,128,32,432.0,,3,0.005084367247831121,0.6,checkpoints/mlp_Vc_trial_474_best_state.pt,"{'learning_rate': 0.005084367247831121, 'lr_reduce': 0.6}",TPESampler,COMPLETE
475,0.0912180170416832,2025-04-25 23:27:43.185428,2025-04-25 23:28:00.965033,0 days 00:00:17.779605,0.005113379046384818,96,144,416.0,,3,0.0008598255965747876,0.6,checkpoints/mlp_Vc_trial_475_best_state.pt,"{'learning_rate': 0.0008598255965747876, 'lr_reduce': 0.6}",TPESampler,COMPLETE
476,0.0672844648361206,2025-04-25 23:27:47.161624,2025-04-25 23:28:06.210344,0 days 00:00:19.048720,0.007428333666682217,64,176,416.0,,3,0.0005457572162279154,0.6,checkpoints/mlp_Vc_trial_476_best_state.pt,"{'learning_rate': 0.0005457572162279154, 'lr_reduce': 0.6}",TPESampler,COMPLETE
477,0.07808557152748108,2025-04-25 23:27:55.407191,2025-04-25 23:28:04.919502,0 days 00:00:09.512311,0.060961508284151825,96,128,416.0,,3,0.003859821372411042,0.6,checkpoints/mlp_Vc_trial_477_best_state.pt,"{'learning_rate': 0.003859821372411042, 'lr_reduce': 0.6}",TPESampler,COMPLETE
478,0.06514979153871536,2025-04-25 23:28:01.443160,2025-04-25 23:28:12.902243,0 days 00:00:11.459083,0.05988728726054566,48,112,464.0,,3,0.008859171029725131,0.6,checkpoints/mlp_Vc_trial_478_best_state.pt,"{'learning_rate': 0.008859171029725131, 'lr_reduce': 0.6}",TPESampler,COMPLETE
479,0.09607329219579697,2025-04-25 23:28:05.204129,2025-04-25 23:28:16.315742,0 days 00:00:11.111613,0.04852032288254469,128,160,,,2,0.0027709515394711026,0.6,checkpoints/mlp_Vc_trial_479_best_state.pt,"{'learning_rate': 0.0027709515394711026, 'lr_reduce': 0.6}",TPESampler,COMPLETE
480,0.05500776693224907,2025-04-25 23:28:06.584782,2025-04-25 23:28:22.557576,0 days 00:00:15.972794,0.0022437345159367706,96,112,400.0,,3,0.009381049004173256,0.6,checkpoints/mlp_Vc_trial_480_best_state.pt,"{'learning_rate': 0.009381049004173256, 'lr_reduce': 0.6}",TPESampler,COMPLETE
481,0.05114324763417244,2025-04-25 23:28:13.170527,2025-04-25 23:28:26.429055,0 days 00:00:13.258528,0.028390163429693867,32,48,,,2,0.008384632760558428,0.6,checkpoints/mlp_Vc_trial_481_best_state.pt,"{'learning_rate': 0.008384632760558428, 'lr_reduce': 0.6}",TPESampler,COMPLETE
482,0.056154798716306686,2025-04-25 23:28:16.655342,2025-04-25 23:28:26.436176,0 days 00:00:09.780834,0.07698425780050042,32,128,,,2,0.008596297356280843,0.6,checkpoints/mlp_Vc_trial_482_best_state.pt,"{'learning_rate': 0.008596297356280843, 'lr_reduce': 0.6}",TPESampler,COMPLETE
483,0.12407354265451431,2025-04-25 23:28:22.897281,2025-04-25 23:28:53.940764,0 days 00:00:31.043483,0.18241427210895692,112,160,,,2,0.00031434760491070484,0.6,checkpoints/mlp_Vc_trial_483_best_state.pt,"{'learning_rate': 0.00031434760491070484, 'lr_reduce': 0.6}",TPESampler,COMPLETE
484,0.041061434894800186,2025-04-25 23:28:26.680717,2025-04-25 23:28:33.874176,0 days 00:00:07.193459,0.04887856682917403,32,160,400.0,,3,0.004735673172250329,0.6,checkpoints/mlp_Vc_trial_484_best_state.pt,"{'learning_rate': 0.004735673172250329, 'lr_reduce': 0.6}",TPESampler,COMPLETE
485,0.05583914741873741,2025-04-25 23:28:26.757039,2025-04-25 23:28:42.800241,0 days 00:00:16.043202,0.004784481185081417,32,144,,,2,0.003325824962158213,0.6,checkpoints/mlp_Vc_trial_485_best_state.pt,"{'learning_rate': 0.003325824962158213, 'lr_reduce': 0.6}",TPESampler,COMPLETE
486,0.12410486489534378,2025-04-25 23:28:34.201516,2025-04-25 23:28:54.350829,0 days 00:00:20.149313,0.20330241237687507,448,464,,,2,0.004043314703024925,0.6,checkpoints/mlp_Vc_trial_486_best_state.pt,"{'learning_rate': 0.004043314703024925, 'lr_reduce': 0.6}",TPESampler,COMPLETE
487,0.05976405739784241,2025-04-25 23:28:43.176866,2025-04-25 23:28:49.747061,0 days 00:00:06.570195,0.06739664853428938,32,32,464.0,,3,0.006664759533913943,0.6,checkpoints/mlp_Vc_trial_487_best_state.pt,"{'learning_rate': 0.006664759533913943, 'lr_reduce': 0.6}",TPESampler,COMPLETE
488,0.06425805389881134,2025-04-25 23:28:50.064754,2025-04-25 23:29:01.290153,0 days 00:00:11.225399,0.047866976957017374,320,160,384.0,,3,0.006971857136182344,0.6,checkpoints/mlp_Vc_trial_488_best_state.pt,"{'learning_rate': 0.006971857136182344, 'lr_reduce': 0.6}",TPESampler,COMPLETE
489,0.07318525016307831,2025-04-25 23:28:54.265186,2025-04-25 23:29:02.778598,0 days 00:00:08.513412,0.05375615501625845,32,32,416.0,112.0,4,0.004189664321787851,0.6,checkpoints/mlp_Vc_trial_489_best_state.pt,"{'learning_rate': 0.004189664321787851, 'lr_reduce': 0.6}",TPESampler,COMPLETE
490,0.050681304186582565,2025-04-25 23:28:54.724841,2025-04-25 23:29:05.261366,0 days 00:00:10.536525,0.0008851925941835564,32,144,368.0,,3,0.009165533712579851,0.6,checkpoints/mlp_Vc_trial_490_best_state.pt,"{'learning_rate': 0.009165533712579851, 'lr_reduce': 0.6}",TPESampler,COMPLETE
491,0.045199938118457794,2025-04-25 23:29:01.579787,2025-04-25 23:29:13.506720,0 days 00:00:11.926933,0.04164384527979894,128,128,448.0,384.0,4,0.009104454372506666,0.6,checkpoints/mlp_Vc_trial_491_best_state.pt,"{'learning_rate': 0.009104454372506666, 'lr_reduce': 0.6}",TPESampler,COMPLETE
492,0.07054570317268372,2025-04-25 23:29:03.100015,2025-04-25 23:29:12.187429,0 days 00:00:09.087414,0.0017591628478461185,128,128,224.0,,3,0.006269807947264689,0.6,checkpoints/mlp_Vc_trial_492_best_state.pt,"{'learning_rate': 0.006269807947264689, 'lr_reduce': 0.6}",TPESampler,COMPLETE
493,0.04924948140978813,2025-04-25 23:29:05.549009,2025-04-25 23:29:23.915516,0 days 00:00:18.366507,0.005766608233546378,48,80,288.0,,3,0.0009861752944344596,0.6,checkpoints/mlp_Vc_trial_493_best_state.pt,"{'learning_rate': 0.0009861752944344596, 'lr_reduce': 0.6}",TPESampler,COMPLETE
494,0.04356228560209274,2025-04-25 23:29:12.512761,2025-04-25 23:29:21.609226,0 days 00:00:09.096465,0.005447396973840702,32,80,512.0,,3,0.003533250886028322,0.6,checkpoints/mlp_Vc_trial_494_best_state.pt,"{'learning_rate': 0.003533250886028322, 'lr_reduce': 0.6}",TPESampler,COMPLETE
495,0.1667345017194748,2025-04-25 23:29:13.843804,2025-04-25 23:29:32.127489,0 days 00:00:18.283685,0.17734185664539384,304,400,,,2,0.0006103893039515294,0.6,checkpoints/mlp_Vc_trial_495_best_state.pt,"{'learning_rate': 0.0006103893039515294, 'lr_reduce': 0.6}",TPESampler,COMPLETE
496,0.034086886793375015,2025-04-25 23:29:21.959943,2025-04-25 23:29:33.262343,0 days 00:00:11.302400,0.0198389744272948,32,96,384.0,,3,0.004682030140127363,0.6,checkpoints/mlp_Vc_trial_496_best_state.pt,"{'learning_rate': 0.004682030140127363, 'lr_reduce': 0.6}",TPESampler,COMPLETE
497,0.060287825763225555,2025-04-25 23:29:24.559811,2025-04-25 23:29:33.680044,0 days 00:00:09.120233,0.006723670485016969,176,64,432.0,208.0,4,0.002982570187931175,0.6,checkpoints/mlp_Vc_trial_497_best_state.pt,"{'learning_rate': 0.002982570187931175, 'lr_reduce': 0.6}",TPESampler,COMPLETE
498,0.05305518954992294,2025-04-25 23:29:32.465051,2025-04-25 23:29:51.981702,0 days 00:00:19.516651,0.02296744954719493,32,160,352.0,,3,0.0010065956264445916,0.6,checkpoints/mlp_Vc_trial_498_best_state.pt,"{'learning_rate': 0.0010065956264445916, 'lr_reduce': 0.6}",TPESampler,COMPLETE
499,0.054626625031232834,2025-04-25 23:29:33.597692,2025-04-25 23:29:41.261239,0 days 00:00:07.663547,0.062430122818072545,32,112,336.0,,3,0.004190057291317146,0.6,checkpoints/mlp_Vc_trial_499_best_state.pt,"{'learning_rate': 0.004190057291317146, 'lr_reduce': 0.6}",TPESampler,COMPLETE
500,0.051812078803777695,2025-04-25 23:29:34.018929,2025-04-25 23:29:41.935630,0 days 00:00:07.916701,0.046567826702810844,32,112,384.0,,3,0.006024400470743176,0.6,checkpoints/mlp_Vc_trial_500_best_state.pt,"{'learning_rate': 0.006024400470743176, 'lr_reduce': 0.6}",TPESampler,COMPLETE
501,0.08194663375616074,2025-04-25 23:29:41.602638,2025-04-25 23:29:55.592174,0 days 00:00:13.989536,0.10150541426660134,400,512,384.0,512.0,4,0.004951192737233319,0.6,checkpoints/mlp_Vc_trial_501_best_state.pt,"{'learning_rate': 0.004951192737233319, 'lr_reduce': 0.6}",TPESampler,COMPLETE
502,0.08623448759317398,2025-04-25 23:29:42.309019,2025-04-25 23:29:57.519574,0 days 00:00:15.210555,0.0641603938836584,48,64,,,2,0.003650693362792608,0.6,checkpoints/mlp_Vc_trial_502_best_state.pt,"{'learning_rate': 0.003650693362792608, 'lr_reduce': 0.6}",TPESampler,COMPLETE
503,0.1142803505063057,2025-04-25 23:29:52.304887,2025-04-25 23:30:06.326125,0 days 00:00:14.021238,0.1841413379378812,400,128,,,2,0.001329705398496025,0.6,checkpoints/mlp_Vc_trial_503_best_state.pt,"{'learning_rate': 0.001329705398496025, 'lr_reduce': 0.6}",TPESampler,COMPLETE
504,0.06505211442708969,2025-04-25 23:29:55.931324,2025-04-25 23:30:04.317593,0 days 00:00:08.386269,0.03463430038335005,32,32,304.0,,3,0.004362540890788208,0.6,checkpoints/mlp_Vc_trial_504_best_state.pt,"{'learning_rate': 0.004362540890788208, 'lr_reduce': 0.6}",TPESampler,COMPLETE
505,0.04413536936044693,2025-04-25 23:29:57.901196,2025-04-25 23:30:07.626407,0 days 00:00:09.725211,0.003933373404995019,32,48,400.0,,3,0.009940500794129892,0.6,checkpoints/mlp_Vc_trial_505_best_state.pt,"{'learning_rate': 0.009940500794129892, 'lr_reduce': 0.6}",TPESampler,COMPLETE
506,0.051430512219667435,2025-04-25 23:30:04.638047,2025-04-25 23:30:14.963752,0 days 00:00:10.325705,0.0032571943124982024,128,80,448.0,,3,0.003836406264188053,0.6,checkpoints/mlp_Vc_trial_506_best_state.pt,"{'learning_rate': 0.003836406264188053, 'lr_reduce': 0.6}",TPESampler,COMPLETE
507,0.15217897295951843,2025-04-25 23:30:06.609740,2025-04-25 23:30:23.784893,0 days 00:00:17.175153,0.05086570481527214,384,288,,,2,0.0017838567788427864,0.6,checkpoints/mlp_Vc_trial_507_best_state.pt,"{'learning_rate': 0.0017838567788427864, 'lr_reduce': 0.6}",TPESampler,COMPLETE
508,0.04747169837355614,2025-04-25 23:30:07.988540,2025-04-25 23:30:23.211606,0 days 00:00:15.223066,0.003703040469006701,48,144,368.0,,3,0.001860651799776245,0.6,checkpoints/mlp_Vc_trial_508_best_state.pt,"{'learning_rate': 0.001860651799776245, 'lr_reduce': 0.6}",TPESampler,COMPLETE
509,0.1948968917131424,2025-04-25 23:30:15.275684,2025-04-25 23:30:50.287492,0 days 00:00:35.011808,0.09492796945097837,320,176,,,2,0.0001612432393230416,0.6,checkpoints/mlp_Vc_trial_509_best_state.pt,"{'learning_rate': 0.0001612432393230416, 'lr_reduce': 0.6}",TPESampler,COMPLETE
510,0.08434457331895828,2025-04-25 23:30:23.548637,2025-04-25 23:30:35.026865,0 days 00:00:11.478228,0.11019796029108726,48,48,416.0,,3,0.001669764979075924,0.6,checkpoints/mlp_Vc_trial_510_best_state.pt,"{'learning_rate': 0.001669764979075924, 'lr_reduce': 0.6}",TPESampler,COMPLETE
511,0.06297958642244339,2025-04-25 23:30:24.124209,2025-04-25 23:30:31.324773,0 days 00:00:07.200564,0.05641286871066581,144,32,336.0,,3,0.006971781962989758,0.6,checkpoints/mlp_Vc_trial_511_best_state.pt,"{'learning_rate': 0.006971781962989758, 'lr_reduce': 0.6}",TPESampler,COMPLETE
512,0.06997179985046387,2025-04-25 23:30:31.619647,2025-04-25 23:30:43.641511,0 days 00:00:12.021864,0.004235606436516555,80,64,480.0,,3,0.002821570465703526,0.6,checkpoints/mlp_Vc_trial_512_best_state.pt,"{'learning_rate': 0.002821570465703526, 'lr_reduce': 0.6}",TPESampler,COMPLETE
513,0.042979732155799866,2025-04-25 23:30:35.344575,2025-04-25 23:30:47.879790,0 days 00:00:12.535215,0.018364565700068544,32,128,400.0,304.0,4,0.005706319834160109,0.6,checkpoints/mlp_Vc_trial_513_best_state.pt,"{'learning_rate': 0.005706319834160109, 'lr_reduce': 0.6}",TPESampler,COMPLETE
514,0.05932038277387619,2025-04-25 23:30:43.966780,2025-04-25 23:30:51.315527,0 days 00:00:07.348747,0.051700543588156025,32,32,352.0,,3,0.005972577370919397,0.6,checkpoints/mlp_Vc_trial_514_best_state.pt,"{'learning_rate': 0.005972577370919397, 'lr_reduce': 0.6}",TPESampler,COMPLETE
515,0.07145596295595169,2025-04-25 23:30:48.172085,2025-04-25 23:30:56.982148,0 days 00:00:08.810063,0.05382708964743225,160,192,432.0,,3,0.00301990201433665,0.6,checkpoints/mlp_Vc_trial_515_best_state.pt,"{'learning_rate': 0.00301990201433665, 'lr_reduce': 0.6}",TPESampler,COMPLETE
516,0.03888384997844696,2025-04-25 23:30:50.683543,2025-04-25 23:30:59.561821,0 days 00:00:08.878278,0.0052827745515516,32,48,384.0,,3,0.004695904730070093,0.6,checkpoints/mlp_Vc_trial_516_best_state.pt,"{'learning_rate': 0.004695904730070093, 'lr_reduce': 0.6}",TPESampler,COMPLETE
517,0.0636637806892395,2025-04-25 23:30:51.665463,2025-04-25 23:31:00.169153,0 days 00:00:08.503690,0.04825062592621329,112,96,464.0,,3,0.00387033270116494,0.6,checkpoints/mlp_Vc_trial_517_best_state.pt,"{'learning_rate': 0.00387033270116494, 'lr_reduce': 0.6}",TPESampler,COMPLETE
518,0.04678887501358986,2025-04-25 23:30:57.350843,2025-04-25 23:31:06.899085,0 days 00:00:09.548242,0.004003662198061903,32,48,304.0,,3,0.005975727491315323,0.6,checkpoints/mlp_Vc_trial_518_best_state.pt,"{'learning_rate': 0.005975727491315323, 'lr_reduce': 0.6}",TPESampler,COMPLETE
519,0.05048494413495064,2025-04-25 23:30:59.845068,2025-04-25 23:31:09.481138,0 days 00:00:09.636070,0.055495293753449165,32,144,384.0,,3,0.0029305186595152024,0.6,checkpoints/mlp_Vc_trial_519_best_state.pt,"{'learning_rate': 0.0029305186595152024, 'lr_reduce': 0.6}",TPESampler,COMPLETE
520,0.05297422036528587,2025-04-25 23:31:00.545677,2025-04-25 23:31:08.094292,0 days 00:00:07.548615,0.05700861241350773,32,128,416.0,,3,0.006078407753659638,0.6,checkpoints/mlp_Vc_trial_520_best_state.pt,"{'learning_rate': 0.006078407753659638, 'lr_reduce': 0.6}",TPESampler,COMPLETE
521,0.06672097742557526,2025-04-25 23:31:07.209362,2025-04-25 23:31:19.555118,0 days 00:00:12.345756,0.0030461155186176296,112,160,336.0,,3,0.0033465717426607896,0.6,checkpoints/mlp_Vc_trial_521_best_state.pt,"{'learning_rate': 0.0033465717426607896, 'lr_reduce': 0.6}",TPESampler,COMPLETE
522,0.039425503462553024,2025-04-25 23:31:08.411031,2025-04-25 23:31:19.556632,0 days 00:00:11.145601,0.019604005244257382,32,160,448.0,,3,0.003972214040615784,0.6,checkpoints/mlp_Vc_trial_522_best_state.pt,"{'learning_rate': 0.003972214040615784, 'lr_reduce': 0.6}",TPESampler,COMPLETE
523,0.038914382457733154,2025-04-25 23:31:09.865404,2025-04-25 23:31:25.492254,0 days 00:00:15.626850,0.0003555174548512006,96,32,368.0,,3,0.0047446322362242515,0.6,checkpoints/mlp_Vc_trial_523_best_state.pt,"{'learning_rate': 0.0047446322362242515, 'lr_reduce': 0.6}",TPESampler,COMPLETE
524,0.04493860900402069,2025-04-25 23:31:19.819201,2025-04-25 23:31:34.322428,0 days 00:00:14.503227,0.03271210498625099,32,160,416.0,,3,0.006284275180813052,0.6,checkpoints/mlp_Vc_trial_524_best_state.pt,"{'learning_rate': 0.006284275180813052, 'lr_reduce': 0.6}",TPESampler,COMPLETE
