number,value,datetime_start,datetime_complete,duration,params_final_dropout,params_mlp_dim_00,params_mlp_dim_01,params_mlp_dim_02,params_mlp_dim_03,params_mlp_n_layers,params_train_learning_rate,params_train_lr_reduce,user_attrs_best_state_dict_path,user_attrs_training_params,system_attrs_auto:sampler,state
1124,0.08626134693622589,2025-04-26 00:18:18.942048,2025-04-26 00:18:33.351539,0 days 00:00:14.409491,0.06887492910638872,32,128,240.0,32.0,4,0.0013481149354309533,0.6,checkpoints/mlp_Vc_trial_1124_best_state.pt,"{'learning_rate': 0.0013481149354309533, 'lr_reduce': 0.6}",TPESampler,COMPLETE
1125,0.05703910440206528,2025-04-26 00:18:30.234110,2025-04-26 00:18:40.227825,0 days 00:00:09.993715,0.03589638504707795,128,128,304.0,144.0,4,0.004304218848458122,0.6,checkpoints/mlp_Vc_trial_1125_best_state.pt,"{'learning_rate': 0.004304218848458122, 'lr_reduce': 0.6}",TPESampler,COMPLETE
1126,0.0357721745967865,2025-04-26 00:18:30.302046,2025-04-26 00:18:42.092167,0 days 00:00:11.790121,0.002658989413845136,32,112,432.0,144.0,4,0.004038248212556036,0.6,checkpoints/mlp_Vc_trial_1126_best_state.pt,"{'learning_rate': 0.004038248212556036, 'lr_reduce': 0.6}",TPESampler,COMPLETE
1127,0.048796962946653366,2025-04-26 00:18:33.646299,2025-04-26 00:18:46.998237,0 days 00:00:13.351938,0.015191576079323449,32,32,368.0,80.0,4,0.0026102963895006572,0.6,checkpoints/mlp_Vc_trial_1127_best_state.pt,"{'learning_rate': 0.0026102963895006572, 'lr_reduce': 0.6}",TPESampler,COMPLETE
1128,0.05496907979249954,2025-04-26 00:18:40.544460,2025-04-26 00:18:48.253767,0 days 00:00:07.709307,0.05000224413576923,32,112,400.0,32.0,4,0.005824135624164582,0.6,checkpoints/mlp_Vc_trial_1128_best_state.pt,"{'learning_rate': 0.005824135624164582, 'lr_reduce': 0.6}",TPESampler,COMPLETE
1129,0.057638898491859436,2025-04-26 00:18:42.431780,2025-04-26 00:18:52.273634,0 days 00:00:09.841854,0.06178000778952691,80,144,400.0,192.0,4,0.004008312250518234,0.6,checkpoints/mlp_Vc_trial_1129_best_state.pt,"{'learning_rate': 0.004008312250518234, 'lr_reduce': 0.6}",TPESampler,COMPLETE
1130,0.05982939898967743,2025-04-26 00:18:47.464251,2025-04-26 00:19:03.436752,0 days 00:00:15.972501,0.001954283773114643,32,128,400.0,176.0,4,0.0010421373757639651,0.6,checkpoints/mlp_Vc_trial_1130_best_state.pt,"{'learning_rate': 0.0010421373757639651, 'lr_reduce': 0.6}",TPESampler,COMPLETE
1131,0.06789418309926987,2025-04-26 00:18:48.570582,2025-04-26 00:18:57.085148,0 days 00:00:08.514566,0.023618482381409307,112,96,432.0,192.0,4,0.0027245087921547537,0.6,checkpoints/mlp_Vc_trial_1131_best_state.pt,"{'learning_rate': 0.0027245087921547537, 'lr_reduce': 0.6}",TPESampler,COMPLETE
1132,0.03738846257328987,2025-04-26 00:18:52.616457,2025-04-26 00:19:02.717210,0 days 00:00:10.100753,0.028170189815123044,32,128,416.0,160.0,4,0.003646469985397257,0.6,checkpoints/mlp_Vc_trial_1132_best_state.pt,"{'learning_rate': 0.003646469985397257, 'lr_reduce': 0.6}",TPESampler,COMPLETE
1133,0.15609249472618103,2025-04-26 00:18:57.404729,2025-04-26 00:19:21.586762,0 days 00:00:24.182033,0.12704179864039894,496,320,,,2,0.0005225647753141536,0.6,checkpoints/mlp_Vc_trial_1133_best_state.pt,"{'learning_rate': 0.0005225647753141536, 'lr_reduce': 0.6}",TPESampler,COMPLETE
1134,0.04725773632526398,2025-04-26 00:19:03.027892,2025-04-26 00:19:12.882450,0 days 00:00:09.854558,0.018140026044819617,32,112,368.0,144.0,4,0.004794983257687176,0.6,checkpoints/mlp_Vc_trial_1134_best_state.pt,"{'learning_rate': 0.004794983257687176, 'lr_reduce': 0.6}",TPESampler,COMPLETE
1135,0.05207209289073944,2025-04-26 00:19:03.843918,2025-04-26 00:19:14.981697,0 days 00:00:11.137779,0.001855955673579204,160,160,416.0,128.0,4,0.0026695361237535457,0.6,checkpoints/mlp_Vc_trial_1135_best_state.pt,"{'learning_rate': 0.0026695361237535457, 'lr_reduce': 0.6}",TPESampler,COMPLETE
1136,0.08807139843702316,2025-04-26 00:19:13.217245,2025-04-26 00:19:23.814422,0 days 00:00:10.597177,0.1407100205935959,288,48,,,2,0.006434207002247815,0.6,checkpoints/mlp_Vc_trial_1136_best_state.pt,"{'learning_rate': 0.006434207002247815, 'lr_reduce': 0.6}",TPESampler,COMPLETE
1137,0.05483044683933258,2025-04-26 00:19:15.390519,2025-04-26 00:19:24.941189,0 days 00:00:09.550670,0.005296037853263354,80,32,352.0,128.0,4,0.004348717247554204,0.6,checkpoints/mlp_Vc_trial_1137_best_state.pt,"{'learning_rate': 0.004348717247554204, 'lr_reduce': 0.6}",TPESampler,COMPLETE
1138,0.07769817858934402,2025-04-26 00:19:21.871319,2025-04-26 00:19:32.809503,0 days 00:00:10.938184,0.09559796772725332,432,160,384.0,208.0,4,0.008530040706289906,0.6,checkpoints/mlp_Vc_trial_1138_best_state.pt,"{'learning_rate': 0.008530040706289906, 'lr_reduce': 0.6}",TPESampler,COMPLETE
1139,0.04508533328771591,2025-04-26 00:19:24.155896,2025-04-26 00:19:36.219224,0 days 00:00:12.063328,0.0005827600090687049,112,176,320.0,128.0,4,0.007027448226165061,0.6,checkpoints/mlp_Vc_trial_1139_best_state.pt,"{'learning_rate': 0.007027448226165061, 'lr_reduce': 0.6}",TPESampler,COMPLETE
1140,0.1434917002916336,2025-04-26 00:19:25.327714,2025-04-26 00:19:54.909926,0 days 00:00:29.582212,0.2027193358155255,272,176,416.0,,3,0.0002793496735952298,0.6,checkpoints/mlp_Vc_trial_1140_best_state.pt,"{'learning_rate': 0.0002793496735952298, 'lr_reduce': 0.6}",TPESampler,COMPLETE
1141,0.05553242936730385,2025-04-26 00:19:33.189769,2025-04-26 00:19:41.449350,0 days 00:00:08.259581,0.05555444883979347,32,160,352.0,96.0,4,0.0030286302845307996,0.6,checkpoints/mlp_Vc_trial_1141_best_state.pt,"{'learning_rate': 0.0030286302845307996, 'lr_reduce': 0.6}",TPESampler,COMPLETE
1142,0.11478698998689651,2025-04-26 00:19:36.538726,2025-04-26 00:19:53.485120,0 days 00:00:16.946394,0.09629320064846002,336,352,96.0,,3,0.000978957151995413,0.6,checkpoints/mlp_Vc_trial_1142_best_state.pt,"{'learning_rate': 0.000978957151995413, 'lr_reduce': 0.6}",TPESampler,COMPLETE
1143,0.06876903772354126,2025-04-26 00:19:41.805570,2025-04-26 00:19:55.097221,0 days 00:00:13.291651,0.05314364335691898,112,224,304.0,,3,0.004179159283898227,0.6,checkpoints/mlp_Vc_trial_1143_best_state.pt,"{'learning_rate': 0.004179159283898227, 'lr_reduce': 0.6}",TPESampler,COMPLETE
1144,0.12429828196763992,2025-04-26 00:19:53.806157,2025-04-26 00:20:08.883006,0 days 00:00:15.076849,0.06206476796351354,160,384,416.0,,3,0.0004904114493508475,0.6,checkpoints/mlp_Vc_trial_1144_best_state.pt,"{'learning_rate': 0.0004904114493508475, 'lr_reduce': 0.6}",TPESampler,COMPLETE
1145,0.06094619259238243,2025-04-26 00:19:55.235860,2025-04-26 00:20:11.708414,0 days 00:00:16.472554,0.007935363211354792,96,144,256.0,96.0,4,0.003230787281951583,0.6,checkpoints/mlp_Vc_trial_1145_best_state.pt,"{'learning_rate': 0.003230787281951583, 'lr_reduce': 0.6}",TPESampler,COMPLETE
1146,0.0476062148809433,2025-04-26 00:19:55.345841,2025-04-26 00:20:06.404516,0 days 00:00:11.058675,0.03332310340901307,32,192,256.0,96.0,4,0.008376625439629446,0.6,checkpoints/mlp_Vc_trial_1146_best_state.pt,"{'learning_rate': 0.008376625439629446, 'lr_reduce': 0.6}",TPESampler,COMPLETE
1147,0.04394569620490074,2025-04-26 00:20:06.787857,2025-04-26 00:20:15.819428,0 days 00:00:09.031571,0.0007818693723485989,48,144,368.0,176.0,4,0.004863054874558399,0.6,checkpoints/mlp_Vc_trial_1147_best_state.pt,"{'learning_rate': 0.004863054874558399, 'lr_reduce': 0.6}",TPESampler,COMPLETE
1148,0.060991838574409485,2025-04-26 00:20:09.169375,2025-04-26 00:20:24.163019,0 days 00:00:14.993644,0.0324957294227207,112,192,336.0,,3,0.0019270926580895918,0.6,checkpoints/mlp_Vc_trial_1148_best_state.pt,"{'learning_rate': 0.0019270926580895918, 'lr_reduce': 0.6}",TPESampler,COMPLETE
1149,0.05619129538536072,2025-04-26 00:20:12.047469,2025-04-26 00:20:23.627034,0 days 00:00:11.579565,0.04169280839094681,32,80,432.0,80.0,4,0.0020073933172319136,0.6,checkpoints/mlp_Vc_trial_1149_best_state.pt,"{'learning_rate': 0.0020073933172319136, 'lr_reduce': 0.6}",TPESampler,COMPLETE
1150,0.14309455454349518,2025-04-26 00:20:16.214946,2025-04-26 00:21:13.108223,0 days 00:00:56.893277,0.17994465939904064,224,224,,,2,0.0002133978236425139,0.6,checkpoints/mlp_Vc_trial_1150_best_state.pt,"{'learning_rate': 0.0002133978236425139, 'lr_reduce': 0.6}",TPESampler,COMPLETE
1151,0.050895169377326965,2025-04-26 00:20:23.963000,2025-04-26 00:20:33.710762,0 days 00:00:09.747762,0.0004658626847150512,80,64,384.0,144.0,4,0.0034891695627613105,0.6,checkpoints/mlp_Vc_trial_1151_best_state.pt,"{'learning_rate': 0.0034891695627613105, 'lr_reduce': 0.6}",TPESampler,COMPLETE
1152,0.061839569360017776,2025-04-26 00:20:24.524246,2025-04-26 00:20:37.213479,0 days 00:00:12.689233,0.006342683732988197,64,192,320.0,96.0,4,0.0014553566417418026,0.6,checkpoints/mlp_Vc_trial_1152_best_state.pt,"{'learning_rate': 0.0014553566417418026, 'lr_reduce': 0.6}",TPESampler,COMPLETE
1153,0.04671008139848709,2025-04-26 00:20:34.013354,2025-04-26 00:20:49.158666,0 days 00:00:15.145312,0.0020052891633581277,48,160,384.0,192.0,4,0.0025227063258002305,0.6,checkpoints/mlp_Vc_trial_1153_best_state.pt,"{'learning_rate': 0.0025227063258002305, 'lr_reduce': 0.6}",TPESampler,COMPLETE
1154,0.06938832998275757,2025-04-26 00:20:37.584859,2025-04-26 00:20:50.232456,0 days 00:00:12.647597,0.09060673624244109,32,224,,,2,0.003540105140503844,0.6,checkpoints/mlp_Vc_trial_1154_best_state.pt,"{'learning_rate': 0.003540105140503844, 'lr_reduce': 0.6}",TPESampler,COMPLETE
1155,0.17034630477428436,2025-04-26 00:20:49.508185,2025-04-26 00:21:14.196268,0 days 00:00:24.688083,0.18981152916191443,144,240,352.0,80.0,4,0.00035070734181886544,0.6,checkpoints/mlp_Vc_trial_1155_best_state.pt,"{'learning_rate': 0.00035070734181886544, 'lr_reduce': 0.6}",TPESampler,COMPLETE
1156,0.08037180453538895,2025-04-26 00:20:50.521127,2025-04-26 00:21:04.313242,0 days 00:00:13.792115,0.0036604908260511673,96,144,288.0,,3,0.0029635698159975726,0.6,checkpoints/mlp_Vc_trial_1156_best_state.pt,"{'learning_rate': 0.0029635698159975726, 'lr_reduce': 0.6}",TPESampler,COMPLETE
1157,0.07400700449943542,2025-04-26 00:21:04.680054,2025-04-26 00:21:16.919266,0 days 00:00:12.239212,0.06515816079290652,128,176,432.0,,3,0.0037419754986233243,0.6,checkpoints/mlp_Vc_trial_1157_best_state.pt,"{'learning_rate': 0.0037419754986233243, 'lr_reduce': 0.6}",TPESampler,COMPLETE
1158,0.03872299939393997,2025-04-26 00:21:13.433773,2025-04-26 00:21:25.146913,0 days 00:00:11.713140,0.00239041680374302,32,144,384.0,80.0,4,0.006507657800690297,0.6,checkpoints/mlp_Vc_trial_1158_best_state.pt,"{'learning_rate': 0.006507657800690297, 'lr_reduce': 0.6}",TPESampler,COMPLETE
1159,0.053875818848609924,2025-04-26 00:21:14.515611,2025-04-26 00:21:31.337851,0 days 00:00:16.822240,0.0004919056207574365,64,80,320.0,32.0,4,0.002453410773412787,0.6,checkpoints/mlp_Vc_trial_1159_best_state.pt,"{'learning_rate': 0.002453410773412787, 'lr_reduce': 0.6}",TPESampler,COMPLETE
1160,0.08571630716323853,2025-04-26 00:21:17.263667,2025-04-26 00:21:36.732853,0 days 00:00:19.469186,0.048543133537781405,80,32,432.0,144.0,4,0.0004204144752777921,0.6,checkpoints/mlp_Vc_trial_1160_best_state.pt,"{'learning_rate': 0.0004204144752777921, 'lr_reduce': 0.6}",TPESampler,COMPLETE
1161,0.05513951554894447,2025-04-26 00:21:25.422520,2025-04-26 00:21:37.010227,0 days 00:00:11.587707,0.05353673357775083,48,288,,,2,0.007434202318713534,0.6,checkpoints/mlp_Vc_trial_1161_best_state.pt,"{'learning_rate': 0.007434202318713534, 'lr_reduce': 0.6}",TPESampler,COMPLETE
1162,0.04340430349111557,2025-04-26 00:21:31.588010,2025-04-26 00:21:44.668525,0 days 00:00:13.080515,0.001133906408400128,48,128,368.0,80.0,4,0.0023009411422799113,0.6,checkpoints/mlp_Vc_trial_1162_best_state.pt,"{'learning_rate': 0.0023009411422799113, 'lr_reduce': 0.6}",TPESampler,COMPLETE
1163,0.06096869707107544,2025-04-26 00:21:37.054415,2025-04-26 00:21:48.687851,0 days 00:00:11.633436,0.002837829668520709,64,208,288.0,,3,0.009247444315184393,0.6,checkpoints/mlp_Vc_trial_1163_best_state.pt,"{'learning_rate': 0.009247444315184393, 'lr_reduce': 0.6}",TPESampler,COMPLETE
1164,0.09248826652765274,2025-04-26 00:21:37.335650,2025-04-26 00:21:52.276705,0 days 00:00:14.941055,0.05772140181011658,112,128,,,2,0.003698407637482486,0.6,checkpoints/mlp_Vc_trial_1164_best_state.pt,"{'learning_rate': 0.003698407637482486, 'lr_reduce': 0.6}",TPESampler,COMPLETE
1165,0.06068813428282738,2025-04-26 00:21:44.996238,2025-04-26 00:21:56.998545,0 days 00:00:12.002307,0.048890367740710344,112,128,352.0,,3,0.006053597265443351,0.6,checkpoints/mlp_Vc_trial_1165_best_state.pt,"{'learning_rate': 0.006053597265443351, 'lr_reduce': 0.6}",TPESampler,COMPLETE
1166,0.05752800405025482,2025-04-26 00:21:49.041932,2025-04-26 00:21:56.997142,0 days 00:00:07.955210,0.05850191962776569,32,80,416.0,,3,0.005178629182833332,0.6,checkpoints/mlp_Vc_trial_1166_best_state.pt,"{'learning_rate': 0.005178629182833332, 'lr_reduce': 0.6}",TPESampler,COMPLETE
1167,0.09044190496206284,2025-04-26 00:21:52.628144,2025-04-26 00:22:03.325570,0 days 00:00:10.697426,0.00944841587645737,96,192,192.0,,3,0.003373397072132456,0.6,checkpoints/mlp_Vc_trial_1167_best_state.pt,"{'learning_rate': 0.003373397072132456, 'lr_reduce': 0.6}",TPESampler,COMPLETE
1168,0.0635388046503067,2025-04-26 00:21:57.312830,2025-04-26 00:22:06.124219,0 days 00:00:08.811389,0.07109523560472573,32,80,336.0,32.0,4,0.002669687960900843,0.6,checkpoints/mlp_Vc_trial_1168_best_state.pt,"{'learning_rate': 0.002669687960900843, 'lr_reduce': 0.6}",TPESampler,COMPLETE
1169,0.05063289776444435,2025-04-26 00:21:57.367575,2025-04-26 00:22:14.424553,0 days 00:00:17.056978,0.0008100249097076465,32,128,320.0,,3,0.002795469714979202,0.6,checkpoints/mlp_Vc_trial_1169_best_state.pt,"{'learning_rate': 0.002795469714979202, 'lr_reduce': 0.6}",TPESampler,COMPLETE
1170,0.11382173001766205,2025-04-26 00:22:03.654563,2025-04-26 00:22:21.259468,0 days 00:00:17.604905,0.0011982158953665794,128,160,384.0,,3,0.0008842228695545864,0.6,checkpoints/mlp_Vc_trial_1170_best_state.pt,"{'learning_rate': 0.0008842228695545864, 'lr_reduce': 0.6}",TPESampler,COMPLETE
1171,0.06237679347395897,2025-04-26 00:22:06.467111,2025-04-26 00:22:19.711267,0 days 00:00:13.244156,0.041781027204392834,32,128,432.0,144.0,4,0.0022776949458680564,0.6,checkpoints/mlp_Vc_trial_1171_best_state.pt,"{'learning_rate': 0.0022776949458680564, 'lr_reduce': 0.6}",TPESampler,COMPLETE
1172,0.05171467736363411,2025-04-26 00:22:14.796540,2025-04-26 00:22:28.071204,0 days 00:00:13.274664,0.019178849628554623,32,192,384.0,,3,0.00920956226191994,0.6,checkpoints/mlp_Vc_trial_1172_best_state.pt,"{'learning_rate': 0.00920956226191994, 'lr_reduce': 0.6}",TPESampler,COMPLETE
1173,0.04711085557937622,2025-04-26 00:22:20.164830,2025-04-26 00:22:31.475521,0 days 00:00:11.310691,0.03364817108033639,32,160,272.0,,3,0.0047394103469003655,0.6,checkpoints/mlp_Vc_trial_1173_best_state.pt,"{'learning_rate': 0.0047394103469003655, 'lr_reduce': 0.6}",TPESampler,COMPLETE
1174,0.04768350347876549,2025-04-26 00:22:21.566351,2025-04-26 00:22:32.535090,0 days 00:00:10.968739,0.008730042996779827,32,192,368.0,,3,0.002605956485425945,0.6,checkpoints/mlp_Vc_trial_1174_best_state.pt,"{'learning_rate': 0.002605956485425945, 'lr_reduce': 0.6}",TPESampler,COMPLETE
1175,0.0701318234205246,2025-04-26 00:22:28.410189,2025-04-26 00:22:36.392660,0 days 00:00:07.982471,0.05640535579205631,112,64,432.0,80.0,4,0.004429796026161042,0.6,checkpoints/mlp_Vc_trial_1175_best_state.pt,"{'learning_rate': 0.004429796026161042, 'lr_reduce': 0.6}",TPESampler,COMPLETE
1176,0.13788437843322754,2025-04-26 00:22:31.866519,2025-04-26 00:23:02.989483,0 days 00:00:31.122964,0.029966655827421834,112,144,,,2,0.0006256600056103497,0.6,checkpoints/mlp_Vc_trial_1176_best_state.pt,"{'learning_rate': 0.0006256600056103497, 'lr_reduce': 0.6}",TPESampler,COMPLETE
1177,0.061309993267059326,2025-04-26 00:22:32.798124,2025-04-26 00:22:46.400861,0 days 00:00:13.602737,0.054708567636537114,112,144,320.0,,3,0.005561739443951896,0.6,checkpoints/mlp_Vc_trial_1177_best_state.pt,"{'learning_rate': 0.005561739443951896, 'lr_reduce': 0.6}",TPESampler,COMPLETE
1178,0.06526139378547668,2025-04-26 00:22:36.824219,2025-04-26 00:22:55.978410,0 days 00:00:19.154191,0.04681095407378027,32,112,,,2,0.002122909844144727,0.6,checkpoints/mlp_Vc_trial_1178_best_state.pt,"{'learning_rate': 0.002122909844144727, 'lr_reduce': 0.6}",TPESampler,COMPLETE
1179,0.04315267130732536,2025-04-26 00:22:46.948257,2025-04-26 00:23:03.403503,0 days 00:00:16.455246,0.002251528364586873,32,176,240.0,,3,0.006082289605403641,0.6,checkpoints/mlp_Vc_trial_1179_best_state.pt,"{'learning_rate': 0.006082289605403641, 'lr_reduce': 0.6}",TPESampler,COMPLETE
1180,0.057130225002765656,2025-04-26 00:22:56.489586,2025-04-26 00:23:05.545791,0 days 00:00:09.056205,0.06806437634847963,32,208,384.0,,3,0.0038747833721159827,0.6,checkpoints/mlp_Vc_trial_1180_best_state.pt,"{'learning_rate': 0.0038747833721159827, 'lr_reduce': 0.6}",TPESampler,COMPLETE
1181,0.04632789269089699,2025-04-26 00:23:03.328201,2025-04-26 00:23:18.170474,0 days 00:00:14.842273,0.0004543281784361599,48,32,336.0,,3,0.009990767624417541,0.6,checkpoints/mlp_Vc_trial_1181_best_state.pt,"{'learning_rate': 0.009990767624417541, 'lr_reduce': 0.6}",TPESampler,COMPLETE
1182,0.15701156854629517,2025-04-26 00:23:03.784796,2025-04-26 00:23:38.706359,0 days 00:00:34.921563,0.2882713551864083,416,384,,,2,0.0002789780779201907,0.6,checkpoints/mlp_Vc_trial_1182_best_state.pt,"{'learning_rate': 0.0002789780779201907, 'lr_reduce': 0.6}",TPESampler,COMPLETE
1183,0.07026156038045883,2025-04-26 00:23:05.847689,2025-04-26 00:23:16.375417,0 days 00:00:10.527728,0.12738187148109636,32,400,,,2,0.003360678092663362,0.6,checkpoints/mlp_Vc_trial_1183_best_state.pt,"{'learning_rate': 0.003360678092663362, 'lr_reduce': 0.6}",TPESampler,COMPLETE
1184,0.07954716682434082,2025-04-26 00:23:16.750878,2025-04-26 00:23:28.922714,0 days 00:00:12.171836,0.017621939977449493,128,80,,,2,0.00582906823658143,0.6,checkpoints/mlp_Vc_trial_1184_best_state.pt,"{'learning_rate': 0.00582906823658143, 'lr_reduce': 0.6}",TPESampler,COMPLETE
1185,0.10393227636814117,2025-04-26 00:23:18.762037,2025-04-26 00:23:30.090862,0 days 00:00:11.328825,0.13215621557955154,368,224,288.0,,3,0.002603269993366927,0.6,checkpoints/mlp_Vc_trial_1185_best_state.pt,"{'learning_rate': 0.002603269993366927, 'lr_reduce': 0.6}",TPESampler,COMPLETE
1186,0.06902167946100235,2025-04-26 00:23:29.360823,2025-04-26 00:23:44.856957,0 days 00:00:15.496134,0.03559012644717918,32,96,,,2,0.003492282763182399,0.6,checkpoints/mlp_Vc_trial_1186_best_state.pt,"{'learning_rate': 0.003492282763182399, 'lr_reduce': 0.6}",TPESampler,COMPLETE
1187,0.043532561510801315,2025-04-26 00:23:30.474984,2025-04-26 00:23:42.008211,0 days 00:00:11.533227,0.0013920215835183684,48,112,432.0,208.0,4,0.00369128807676923,0.6,checkpoints/mlp_Vc_trial_1187_best_state.pt,"{'learning_rate': 0.00369128807676923, 'lr_reduce': 0.6}",TPESampler,COMPLETE
1188,0.06434115767478943,2025-04-26 00:23:39.050700,2025-04-26 00:23:47.921821,0 days 00:00:08.871121,0.0385663479696071,112,96,384.0,,3,0.00414208645941532,0.6,checkpoints/mlp_Vc_trial_1188_best_state.pt,"{'learning_rate': 0.00414208645941532, 'lr_reduce': 0.6}",TPESampler,COMPLETE
1189,0.06981576979160309,2025-04-26 00:23:42.346618,2025-04-26 00:23:54.351508,0 days 00:00:12.004890,0.000846147446297435,48,48,,,2,0.006522707327499868,0.6,checkpoints/mlp_Vc_trial_1189_best_state.pt,"{'learning_rate': 0.006522707327499868, 'lr_reduce': 0.6}",TPESampler,COMPLETE
1190,0.06777464598417282,2025-04-26 00:23:45.130907,2025-04-26 00:23:53.662390,0 days 00:00:08.531483,0.06776247721991563,32,128,352.0,,3,0.005522182443958948,0.6,checkpoints/mlp_Vc_trial_1190_best_state.pt,"{'learning_rate': 0.005522182443958948, 'lr_reduce': 0.6}",TPESampler,COMPLETE
1191,0.20550361275672913,2025-04-26 00:23:48.258551,2025-04-26 00:24:31.086396,0 days 00:00:42.827845,0.29655578760756757,496,512,,,2,0.00017971050292230414,0.6,checkpoints/mlp_Vc_trial_1191_best_state.pt,"{'learning_rate': 0.00017971050292230414, 'lr_reduce': 0.6}",TPESampler,COMPLETE
1192,0.04710807651281357,2025-04-26 00:23:53.957333,2025-04-26 00:24:05.221664,0 days 00:00:11.264331,0.0036011053087179126,64,112,400.0,112.0,4,0.00842548683523971,0.6,checkpoints/mlp_Vc_trial_1192_best_state.pt,"{'learning_rate': 0.00842548683523971, 'lr_reduce': 0.6}",TPESampler,COMPLETE
1193,0.06809519976377487,2025-04-26 00:23:54.760844,2025-04-26 00:24:08.499177,0 days 00:00:13.738333,0.008749828387813463,240,128,288.0,,3,0.0038662434895438487,0.6,checkpoints/mlp_Vc_trial_1193_best_state.pt,"{'learning_rate': 0.0038662434895438487, 'lr_reduce': 0.6}",TPESampler,COMPLETE
1194,0.060379624366760254,2025-04-26 00:24:05.663778,2025-04-26 00:24:15.636997,0 days 00:00:09.973219,0.05960403754120821,112,112,336.0,,3,0.0036810075972319527,0.6,checkpoints/mlp_Vc_trial_1194_best_state.pt,"{'learning_rate': 0.0036810075972319527, 'lr_reduce': 0.6}",TPESampler,COMPLETE
1195,0.04335038736462593,2025-04-26 00:24:08.788208,2025-04-26 00:24:19.234461,0 days 00:00:10.446253,0.033992265610422095,32,112,448.0,,3,0.005623113918488751,0.6,checkpoints/mlp_Vc_trial_1195_best_state.pt,"{'learning_rate': 0.005623113918488751, 'lr_reduce': 0.6}",TPESampler,COMPLETE
1196,0.03341903164982796,2025-04-26 00:24:15.997884,2025-04-26 00:24:29.733787,0 days 00:00:13.735903,0.008328117317753493,48,32,384.0,32.0,4,0.003461143317058615,0.6,checkpoints/mlp_Vc_trial_1196_best_state.pt,"{'learning_rate': 0.003461143317058615, 'lr_reduce': 0.6}",TPESampler,COMPLETE
1197,0.04474963992834091,2025-04-26 00:24:19.667806,2025-04-26 00:24:32.866423,0 days 00:00:13.198617,0.0073063560482589975,144,208,224.0,,3,0.009426001295858136,0.6,checkpoints/mlp_Vc_trial_1197_best_state.pt,"{'learning_rate': 0.009426001295858136, 'lr_reduce': 0.6}",TPESampler,COMPLETE
