number,value,datetime_start,datetime_complete,duration,params_final_dropout,params_mlp_dim_00,params_mlp_dim_01,params_mlp_dim_02,params_mlp_dim_03,params_mlp_n_layers,params_train_learning_rate,params_train_lr_reduce,user_attrs_best_state_dict_path,user_attrs_training_params,system_attrs_auto:sampler,state
1272,0.05807606875896454,2025-04-26 00:30:01.765651,2025-04-26 00:30:08.521758,0 days 00:00:06.756107,0.00231819066293979,32,32,400.0,,3,0.004833226042427744,0.6,checkpoints/mlp_Vc_trial_1272_best_state.pt,"{'learning_rate': 0.004833226042427744, 'lr_reduce': 0.6}",TPESampler,COMPLETE
1273,0.042188066989183426,2025-04-26 00:30:04.361793,2025-04-26 00:30:14.577930,0 days 00:00:10.216137,0.06175571893411344,32,128,352.0,,3,0.003686317604068838,0.6,checkpoints/mlp_Vc_trial_1273_best_state.pt,"{'learning_rate': 0.003686317604068838, 'lr_reduce': 0.6}",TPESampler,COMPLETE
1274,0.05369983986020088,2025-04-26 00:30:08.130949,2025-04-26 00:30:18.196780,0 days 00:00:10.065831,0.05027581018514766,32,128,432.0,96.0,4,0.0029171504424371016,0.6,checkpoints/mlp_Vc_trial_1274_best_state.pt,"{'learning_rate': 0.0029171504424371016, 'lr_reduce': 0.6}",TPESampler,COMPLETE
1275,0.09180141240358353,2025-04-26 00:30:08.909760,2025-04-26 00:30:19.104586,0 days 00:00:10.194826,0.05665585341377818,128,80,288.0,32.0,4,0.002285035731619601,0.6,checkpoints/mlp_Vc_trial_1275_best_state.pt,"{'learning_rate': 0.002285035731619601, 'lr_reduce': 0.6}",TPESampler,COMPLETE
1276,0.049615826457738876,2025-04-26 00:30:14.872092,2025-04-26 00:30:29.535450,0 days 00:00:14.663358,0.0041428655467248094,32,176,384.0,,3,0.0018958356274450497,0.6,checkpoints/mlp_Vc_trial_1276_best_state.pt,"{'learning_rate': 0.0018958356274450497, 'lr_reduce': 0.6}",TPESampler,COMPLETE
1277,0.09827739000320435,2025-04-26 00:30:18.527779,2025-04-26 00:30:29.932788,0 days 00:00:11.405009,0.006000551804277249,496,496,320.0,96.0,4,0.00927804598496472,0.6,checkpoints/mlp_Vc_trial_1277_best_state.pt,"{'learning_rate': 0.00927804598496472, 'lr_reduce': 0.6}",TPESampler,COMPLETE
1278,0.0423625111579895,2025-04-26 00:30:19.452443,2025-04-26 00:30:30.619109,0 days 00:00:11.166666,0.005827963012635976,32,112,384.0,,3,0.009380246424124609,0.6,checkpoints/mlp_Vc_trial_1278_best_state.pt,"{'learning_rate': 0.009380246424124609, 'lr_reduce': 0.6}",TPESampler,COMPLETE
1279,0.05651893839240074,2025-04-26 00:30:29.861349,2025-04-26 00:30:37.393823,0 days 00:00:07.532474,0.03397373304914039,32,48,432.0,,3,0.0050196929131568,0.6,checkpoints/mlp_Vc_trial_1279_best_state.pt,"{'learning_rate': 0.0050196929131568, 'lr_reduce': 0.6}",TPESampler,COMPLETE
1280,0.08164621889591217,2025-04-26 00:30:30.263138,2025-04-26 00:30:41.891666,0 days 00:00:11.628528,0.0015926005901470445,144,128,336.0,32.0,4,0.00563990089662244,0.6,checkpoints/mlp_Vc_trial_1280_best_state.pt,"{'learning_rate': 0.00563990089662244, 'lr_reduce': 0.6}",TPESampler,COMPLETE
1281,0.044143274426460266,2025-04-26 00:30:31.019789,2025-04-26 00:30:42.975182,0 days 00:00:11.955393,0.0019267752949980476,32,256,256.0,,3,0.005581490039269277,0.6,checkpoints/mlp_Vc_trial_1281_best_state.pt,"{'learning_rate': 0.005581490039269277, 'lr_reduce': 0.6}",TPESampler,COMPLETE
1282,0.06673486530780792,2025-04-26 00:30:37.708204,2025-04-26 00:30:45.099364,0 days 00:00:07.391160,0.057421219802453384,112,32,368.0,,3,0.0054883150116130965,0.6,checkpoints/mlp_Vc_trial_1282_best_state.pt,"{'learning_rate': 0.0054883150116130965, 'lr_reduce': 0.6}",TPESampler,COMPLETE
1283,0.05863095447421074,2025-04-26 00:30:42.199881,2025-04-26 00:31:06.626165,0 days 00:00:24.426284,0.00312584231646489,32,176,400.0,,3,0.0005972837729490355,0.6,checkpoints/mlp_Vc_trial_1283_best_state.pt,"{'learning_rate': 0.0005972837729490355, 'lr_reduce': 0.6}",TPESampler,COMPLETE
1284,0.047712408006191254,2025-04-26 00:30:43.322279,2025-04-26 00:30:53.913509,0 days 00:00:10.591230,0.001981854556906015,32,160,336.0,,3,0.006472486565720216,0.6,checkpoints/mlp_Vc_trial_1284_best_state.pt,"{'learning_rate': 0.006472486565720216, 'lr_reduce': 0.6}",TPESampler,COMPLETE
1285,0.050314467400312424,2025-04-26 00:30:45.406091,2025-04-26 00:30:55.906578,0 days 00:00:10.500487,0.04809970291316692,32,48,288.0,,3,0.003559923658247857,0.6,checkpoints/mlp_Vc_trial_1285_best_state.pt,"{'learning_rate': 0.003559923658247857, 'lr_reduce': 0.6}",TPESampler,COMPLETE
1286,0.06297753006219864,2025-04-26 00:30:54.245685,2025-04-26 00:31:03.940863,0 days 00:00:09.695178,0.045692409784647864,32,32,432.0,,3,0.006652774030305287,0.6,checkpoints/mlp_Vc_trial_1286_best_state.pt,"{'learning_rate': 0.006652774030305287, 'lr_reduce': 0.6}",TPESampler,COMPLETE
1287,0.07370679080486298,2025-04-26 00:30:56.258826,2025-04-26 00:31:09.026433,0 days 00:00:12.767607,0.058845082493381426,96,192,352.0,,3,0.003306989916854729,0.6,checkpoints/mlp_Vc_trial_1287_best_state.pt,"{'learning_rate': 0.003306989916854729, 'lr_reduce': 0.6}",TPESampler,COMPLETE
1288,0.039378728717565536,2025-04-26 00:31:04.292588,2025-04-26 00:31:18.087023,0 days 00:00:13.794435,0.004856701540957294,32,96,384.0,112.0,4,0.0031918101091038043,0.6,checkpoints/mlp_Vc_trial_1288_best_state.pt,"{'learning_rate': 0.0031918101091038043, 'lr_reduce': 0.6}",TPESampler,COMPLETE
1289,0.0577453076839447,2025-04-26 00:31:06.945356,2025-04-26 00:31:14.964252,0 days 00:00:08.018896,0.0770605255819697,32,128,304.0,80.0,4,0.0047573846505091204,0.6,checkpoints/mlp_Vc_trial_1289_best_state.pt,"{'learning_rate': 0.0047573846505091204, 'lr_reduce': 0.6}",TPESampler,COMPLETE
1290,0.06864242255687714,2025-04-26 00:31:09.311148,2025-04-26 00:31:19.020911,0 days 00:00:09.709763,0.0016638149481445629,96,176,448.0,,3,0.003668925473870285,0.6,checkpoints/mlp_Vc_trial_1290_best_state.pt,"{'learning_rate': 0.003668925473870285, 'lr_reduce': 0.6}",TPESampler,COMPLETE
1291,0.05975235998630524,2025-04-26 00:31:15.255435,2025-04-26 00:31:24.332610,0 days 00:00:09.077175,0.04538657361254393,96,32,352.0,32.0,4,0.003878148769080603,0.6,checkpoints/mlp_Vc_trial_1291_best_state.pt,"{'learning_rate': 0.003878148769080603, 'lr_reduce': 0.6}",TPESampler,COMPLETE
1292,0.05110042169690132,2025-04-26 00:31:18.471548,2025-04-26 00:31:34.331311,0 days 00:00:15.859763,0.001629425367529063,32,80,400.0,,3,0.009030829494464113,0.6,checkpoints/mlp_Vc_trial_1292_best_state.pt,"{'learning_rate': 0.009030829494464113, 'lr_reduce': 0.6}",TPESampler,COMPLETE
1293,0.0629647821187973,2025-04-26 00:31:19.348574,2025-04-26 00:31:33.151892,0 days 00:00:13.803318,0.04819603236118919,32,128,224.0,,3,0.0015659431995080002,0.6,checkpoints/mlp_Vc_trial_1293_best_state.pt,"{'learning_rate': 0.0015659431995080002, 'lr_reduce': 0.6}",TPESampler,COMPLETE
1294,0.04658588021993637,2025-04-26 00:31:24.661864,2025-04-26 00:31:36.041298,0 days 00:00:11.379434,0.04066886505153922,32,192,320.0,128.0,4,0.0068267039847254634,0.6,checkpoints/mlp_Vc_trial_1294_best_state.pt,"{'learning_rate': 0.0068267039847254634, 'lr_reduce': 0.6}",TPESampler,COMPLETE
1295,0.060644157230854034,2025-04-26 00:31:33.682476,2025-04-26 00:31:41.792290,0 days 00:00:08.109814,0.049831532512729586,32,128,384.0,,3,0.006429923785018243,0.6,checkpoints/mlp_Vc_trial_1295_best_state.pt,"{'learning_rate': 0.006429923785018243, 'lr_reduce': 0.6}",TPESampler,COMPLETE
1296,0.16473130881786346,2025-04-26 00:31:34.652121,2025-04-26 00:32:22.867529,0 days 00:00:48.215408,0.21165791875906184,112,144,272.0,,3,0.00015883745606213258,0.6,checkpoints/mlp_Vc_trial_1296_best_state.pt,"{'learning_rate': 0.00015883745606213258, 'lr_reduce': 0.6}",TPESampler,COMPLETE
1297,0.04430313780903816,2025-04-26 00:31:36.369849,2025-04-26 00:31:47.521674,0 days 00:00:11.151825,0.005392339154929819,32,32,448.0,,3,0.006531470464686227,0.6,checkpoints/mlp_Vc_trial_1297_best_state.pt,"{'learning_rate': 0.006531470464686227, 'lr_reduce': 0.6}",TPESampler,COMPLETE
1298,0.06475305557250977,2025-04-26 00:31:42.174498,2025-04-26 00:31:52.847141,0 days 00:00:10.672643,0.0015057404131314615,112,112,352.0,80.0,4,0.0036931215650478125,0.6,checkpoints/mlp_Vc_trial_1298_best_state.pt,"{'learning_rate': 0.0036931215650478125, 'lr_reduce': 0.6}",TPESampler,COMPLETE
1299,0.05216456949710846,2025-04-26 00:31:47.907853,2025-04-26 00:31:57.579650,0 days 00:00:09.671797,0.05955612104129062,32,80,400.0,32.0,4,0.004361599413462635,0.6,checkpoints/mlp_Vc_trial_1299_best_state.pt,"{'learning_rate': 0.004361599413462635, 'lr_reduce': 0.6}",TPESampler,COMPLETE
1300,0.057746924459934235,2025-04-26 00:31:53.258615,2025-04-26 00:32:09.216919,0 days 00:00:15.958304,0.0009133504447332045,64,160,320.0,,3,0.0040895434495280105,0.6,checkpoints/mlp_Vc_trial_1300_best_state.pt,"{'learning_rate': 0.0040895434495280105, 'lr_reduce': 0.6}",TPESampler,COMPLETE
1301,0.07562413066625595,2025-04-26 00:31:57.967582,2025-04-26 00:32:10.455218,0 days 00:00:12.487636,0.0027569919694910745,160,208,368.0,,3,0.004293322241426217,0.6,checkpoints/mlp_Vc_trial_1301_best_state.pt,"{'learning_rate': 0.004293322241426217, 'lr_reduce': 0.6}",TPESampler,COMPLETE
1302,0.12669450044631958,2025-04-26 00:32:09.624018,2025-04-26 00:32:26.027770,0 days 00:00:16.403752,0.29014169462923367,272,464,,,2,0.004761867027010043,0.6,checkpoints/mlp_Vc_trial_1302_best_state.pt,"{'learning_rate': 0.004761867027010043, 'lr_reduce': 0.6}",TPESampler,COMPLETE
1303,0.05241899564862251,2025-04-26 00:32:10.847379,2025-04-26 00:32:23.565499,0 days 00:00:12.718120,0.0002828926914910186,32,128,416.0,128.0,4,0.00932846478261826,0.6,checkpoints/mlp_Vc_trial_1303_best_state.pt,"{'learning_rate': 0.00932846478261826, 'lr_reduce': 0.6}",TPESampler,COMPLETE
1304,0.06245551258325577,2025-04-26 00:32:23.203735,2025-04-26 00:32:35.182919,0 days 00:00:11.979184,0.0011400323612105294,128,32,272.0,80.0,4,0.0022665466499844937,0.6,checkpoints/mlp_Vc_trial_1304_best_state.pt,"{'learning_rate': 0.0022665466499844937, 'lr_reduce': 0.6}",TPESampler,COMPLETE
1305,0.09994179010391235,2025-04-26 00:32:23.923064,2025-04-26 00:32:43.093023,0 days 00:00:19.169959,0.045800163148713186,352,496,336.0,32.0,4,0.0007653254503712692,0.6,checkpoints/mlp_Vc_trial_1305_best_state.pt,"{'learning_rate': 0.0007653254503712692, 'lr_reduce': 0.6}",TPESampler,COMPLETE
1306,0.04082345589995384,2025-04-26 00:32:26.418666,2025-04-26 00:32:40.693191,0 days 00:00:14.274525,0.004277621634568926,48,112,384.0,,3,0.0021461218815561215,0.6,checkpoints/mlp_Vc_trial_1306_best_state.pt,"{'learning_rate': 0.0021461218815561215, 'lr_reduce': 0.6}",TPESampler,COMPLETE
1307,0.13228173553943634,2025-04-26 00:32:35.529251,2025-04-26 00:32:51.939299,0 days 00:00:16.410048,0.2707789296859585,448,480,304.0,,3,0.0050198100534499515,0.6,checkpoints/mlp_Vc_trial_1307_best_state.pt,"{'learning_rate': 0.0050198100534499515, 'lr_reduce': 0.6}",TPESampler,COMPLETE
1308,0.05573754385113716,2025-04-26 00:32:41.048151,2025-04-26 00:32:48.715462,0 days 00:00:07.667311,0.034786234017553916,32,32,448.0,,3,0.00857410907507101,0.6,checkpoints/mlp_Vc_trial_1308_best_state.pt,"{'learning_rate': 0.00857410907507101, 'lr_reduce': 0.6}",TPESampler,COMPLETE
1309,0.10272599011659622,2025-04-26 00:32:43.616616,2025-04-26 00:33:02.728911,0 days 00:00:19.112295,0.0006878386376211708,128,128,352.0,80.0,4,0.000991843584804535,0.6,checkpoints/mlp_Vc_trial_1309_best_state.pt,"{'learning_rate': 0.000991843584804535, 'lr_reduce': 0.6}",TPESampler,COMPLETE
1310,0.07978334277868271,2025-04-26 00:32:49.217098,2025-04-26 00:33:01.178004,0 days 00:00:11.960906,0.04675105219009421,128,240,416.0,,3,0.00628753347829274,0.6,checkpoints/mlp_Vc_trial_1310_best_state.pt,"{'learning_rate': 0.00628753347829274, 'lr_reduce': 0.6}",TPESampler,COMPLETE
1311,0.06495652347803116,2025-04-26 00:32:52.287001,2025-04-26 00:33:07.501375,0 days 00:00:15.214374,0.0027513402860099056,112,80,368.0,,3,0.001339585375409722,0.6,checkpoints/mlp_Vc_trial_1311_best_state.pt,"{'learning_rate': 0.001339585375409722, 'lr_reduce': 0.6}",TPESampler,COMPLETE
1312,0.04578538239002228,2025-04-26 00:33:01.487502,2025-04-26 00:33:09.173328,0 days 00:00:07.685826,0.05470618280614867,32,192,240.0,,3,0.004900698075410017,0.6,checkpoints/mlp_Vc_trial_1312_best_state.pt,"{'learning_rate': 0.004900698075410017, 'lr_reduce': 0.6}",TPESampler,COMPLETE
1313,0.07410334795713425,2025-04-26 00:33:03.120271,2025-04-26 00:33:17.172225,0 days 00:00:14.051954,0.011330451586890392,112,32,336.0,,3,0.002854209030188257,0.6,checkpoints/mlp_Vc_trial_1313_best_state.pt,"{'learning_rate': 0.002854209030188257, 'lr_reduce': 0.6}",TPESampler,COMPLETE
1314,0.0798788070678711,2025-04-26 00:33:07.818175,2025-04-26 00:33:19.585906,0 days 00:00:11.767731,0.03540290990881487,112,192,400.0,,3,0.006051010265713482,0.6,checkpoints/mlp_Vc_trial_1314_best_state.pt,"{'learning_rate': 0.006051010265713482, 'lr_reduce': 0.6}",TPESampler,COMPLETE
1315,0.0464765839278698,2025-04-26 00:33:09.501160,2025-04-26 00:33:22.997962,0 days 00:00:13.496802,0.006251051973143153,32,160,288.0,128.0,4,0.001827016163697486,0.6,checkpoints/mlp_Vc_trial_1315_best_state.pt,"{'learning_rate': 0.001827016163697486, 'lr_reduce': 0.6}",TPESampler,COMPLETE
1316,0.05010576173663139,2025-04-26 00:33:17.474907,2025-04-26 00:33:31.857038,0 days 00:00:14.382131,0.0016034026147732229,32,112,352.0,,3,0.00330023860458077,0.6,checkpoints/mlp_Vc_trial_1316_best_state.pt,"{'learning_rate': 0.00330023860458077, 'lr_reduce': 0.6}",TPESampler,COMPLETE
1317,0.03721138462424278,2025-04-26 00:33:19.926766,2025-04-26 00:33:30.096695,0 days 00:00:10.169929,0.045037280760003406,32,128,400.0,,3,0.005228588610455285,0.6,checkpoints/mlp_Vc_trial_1317_best_state.pt,"{'learning_rate': 0.005228588610455285, 'lr_reduce': 0.6}",TPESampler,COMPLETE
1318,0.04736561328172684,2025-04-26 00:33:23.369664,2025-04-26 00:33:38.084768,0 days 00:00:14.715104,0.0034669354990573575,32,32,304.0,,3,0.0044636582676746694,0.6,checkpoints/mlp_Vc_trial_1318_best_state.pt,"{'learning_rate': 0.0044636582676746694, 'lr_reduce': 0.6}",TPESampler,COMPLETE
1319,0.07695572823286057,2025-04-26 00:33:30.426598,2025-04-26 00:33:48.527089,0 days 00:00:18.100491,0.006508575103286907,144,160,432.0,,3,0.005691784892125654,0.6,checkpoints/mlp_Vc_trial_1319_best_state.pt,"{'learning_rate': 0.005691784892125654, 'lr_reduce': 0.6}",TPESampler,COMPLETE
1320,0.1421557068824768,2025-04-26 00:33:32.216266,2025-04-26 00:34:09.846246,0 days 00:00:37.629980,0.2023610273669259,384,464,368.0,32.0,4,0.00022673259123941132,0.6,checkpoints/mlp_Vc_trial_1320_best_state.pt,"{'learning_rate': 0.00022673259123941132, 'lr_reduce': 0.6}",TPESampler,COMPLETE
1321,0.05130905658006668,2025-04-26 00:33:38.410086,2025-04-26 00:33:54.211500,0 days 00:00:15.801414,0.0011774881035184314,32,48,320.0,80.0,4,0.002539067224781738,0.6,checkpoints/mlp_Vc_trial_1321_best_state.pt,"{'learning_rate': 0.002539067224781738, 'lr_reduce': 0.6}",TPESampler,COMPLETE
1322,0.1178077831864357,2025-04-26 00:33:48.901718,2025-04-26 00:34:13.647392,0 days 00:00:24.745674,0.045474213081496725,320,80,448.0,128.0,4,0.00018720831410544913,0.6,checkpoints/mlp_Vc_trial_1322_best_state.pt,"{'learning_rate': 0.00018720831410544913, 'lr_reduce': 0.6}",TPESampler,COMPLETE
1323,0.12757588922977448,2025-04-26 00:33:54.576385,2025-04-26 00:34:11.720703,0 days 00:00:17.144318,0.14488210635579135,336,208,384.0,32.0,4,0.0004504891955376814,0.6,checkpoints/mlp_Vc_trial_1323_best_state.pt,"{'learning_rate': 0.0004504891955376814, 'lr_reduce': 0.6}",TPESampler,COMPLETE
1324,0.06113915517926216,2025-04-26 00:34:10.191420,2025-04-26 00:34:18.909708,0 days 00:00:08.718288,0.05923938401059565,32,112,256.0,80.0,4,0.007049184968405758,0.6,checkpoints/mlp_Vc_trial_1324_best_state.pt,"{'learning_rate': 0.007049184968405758, 'lr_reduce': 0.6}",TPESampler,COMPLETE
1325,0.13507519662380219,2025-04-26 00:34:12.119171,2025-04-26 00:34:19.775960,0 days 00:00:07.656789,0.2946908262013512,160,240,336.0,80.0,4,0.004200122065925167,0.6,checkpoints/mlp_Vc_trial_1325_best_state.pt,"{'learning_rate': 0.004200122065925167, 'lr_reduce': 0.6}",TPESampler,COMPLETE
1326,0.053806982934474945,2025-04-26 00:34:13.980744,2025-04-26 00:34:26.207698,0 days 00:00:12.226954,0.049660077867023776,32,208,464.0,,3,0.0024763737557486664,0.6,checkpoints/mlp_Vc_trial_1326_best_state.pt,"{'learning_rate': 0.0024763737557486664, 'lr_reduce': 0.6}",TPESampler,COMPLETE
1327,0.12208647280931473,2025-04-26 00:34:19.233403,2025-04-26 00:34:31.929528,0 days 00:00:12.696125,0.05446787740682117,288,400,,,2,0.0026858171782545327,0.6,checkpoints/mlp_Vc_trial_1327_best_state.pt,"{'learning_rate': 0.0026858171782545327, 'lr_reduce': 0.6}",TPESampler,COMPLETE
1328,0.09534789621829987,2025-04-26 00:34:20.229908,2025-04-26 00:34:29.844421,0 days 00:00:09.614513,0.11106684890670007,128,368,384.0,,3,0.002327092972588479,0.6,checkpoints/mlp_Vc_trial_1328_best_state.pt,"{'learning_rate': 0.002327092972588479, 'lr_reduce': 0.6}",TPESampler,COMPLETE
1329,0.05212154984474182,2025-04-26 00:34:26.564372,2025-04-26 00:34:36.395329,0 days 00:00:09.830957,0.03635248870432478,112,96,192.0,,3,0.0038378164899549472,0.6,checkpoints/mlp_Vc_trial_1329_best_state.pt,"{'learning_rate': 0.0038378164899549472, 'lr_reduce': 0.6}",TPESampler,COMPLETE
1330,0.13902904093265533,2025-04-26 00:34:30.189447,2025-04-26 00:34:37.996275,0 days 00:00:07.806828,0.12958549419169962,32,48,336.0,336.0,4,0.0033139587126875944,0.6,checkpoints/mlp_Vc_trial_1330_best_state.pt,"{'learning_rate': 0.0033139587126875944, 'lr_reduce': 0.6}",TPESampler,COMPLETE
1331,0.06744500994682312,2025-04-26 00:34:32.287966,2025-04-26 00:34:42.623086,0 days 00:00:10.335120,0.05398764444504934,112,96,400.0,,3,0.008873448468926121,0.6,checkpoints/mlp_Vc_trial_1331_best_state.pt,"{'learning_rate': 0.008873448468926121, 'lr_reduce': 0.6}",TPESampler,COMPLETE
1332,0.08778159320354462,2025-04-26 00:34:36.726093,2025-04-26 00:34:49.051824,0 days 00:00:12.325731,0.05060294501164198,32,32,288.0,32.0,4,0.0012926241942184129,0.6,checkpoints/mlp_Vc_trial_1332_best_state.pt,"{'learning_rate': 0.0012926241942184129, 'lr_reduce': 0.6}",TPESampler,COMPLETE
1333,0.08109737187623978,2025-04-26 00:34:38.332119,2025-04-26 00:34:55.884259,0 days 00:00:17.552140,0.15183494757201726,336,400,352.0,128.0,4,0.007533180889455523,0.6,checkpoints/mlp_Vc_trial_1333_best_state.pt,"{'learning_rate': 0.007533180889455523, 'lr_reduce': 0.6}",TPESampler,COMPLETE
1334,0.050061821937561035,2025-04-26 00:34:42.943109,2025-04-26 00:34:58.426882,0 days 00:00:15.483773,0.03549634805995063,32,64,416.0,,3,0.0017357080143501785,0.6,checkpoints/mlp_Vc_trial_1334_best_state.pt,"{'learning_rate': 0.0017357080143501785, 'lr_reduce': 0.6}",TPESampler,COMPLETE
1335,0.06023041903972626,2025-04-26 00:34:49.782329,2025-04-26 00:35:00.901790,0 days 00:00:11.119461,0.04663545109713864,48,128,368.0,,3,0.009004046271319512,0.6,checkpoints/mlp_Vc_trial_1335_best_state.pt,"{'learning_rate': 0.009004046271319512, 'lr_reduce': 0.6}",TPESampler,COMPLETE
1336,0.17404882609844208,2025-04-26 00:34:56.172491,2025-04-26 00:35:34.879914,0 days 00:00:38.707423,0.1346928166689593,288,416,,,2,0.00024535644480832165,0.6,checkpoints/mlp_Vc_trial_1336_best_state.pt,"{'learning_rate': 0.00024535644480832165, 'lr_reduce': 0.6}",TPESampler,COMPLETE
1337,0.05703360587358475,2025-04-26 00:34:58.697336,2025-04-26 00:35:07.302232,0 days 00:00:08.604896,0.04235751702537779,96,80,304.0,,3,0.005159536255747233,0.6,checkpoints/mlp_Vc_trial_1337_best_state.pt,"{'learning_rate': 0.005159536255747233, 'lr_reduce': 0.6}",TPESampler,COMPLETE
1338,0.07469246536493301,2025-04-26 00:35:01.240706,2025-04-26 00:35:10.033857,0 days 00:00:08.793151,0.0018087744524070016,96,176,448.0,80.0,4,0.0038262897470809644,0.6,checkpoints/mlp_Vc_trial_1338_best_state.pt,"{'learning_rate': 0.0038262897470809644, 'lr_reduce': 0.6}",TPESampler,COMPLETE
1339,0.047690097242593765,2025-04-26 00:35:07.738056,2025-04-26 00:35:18.858430,0 days 00:00:11.120374,0.007795598546263329,96,144,368.0,,3,0.009682442456515627,0.6,checkpoints/mlp_Vc_trial_1339_best_state.pt,"{'learning_rate': 0.009682442456515627, 'lr_reduce': 0.6}",TPESampler,COMPLETE
1340,0.05227743834257126,2025-04-26 00:35:10.317771,2025-04-26 00:35:21.680067,0 days 00:00:11.362296,0.056479724470868915,32,80,320.0,,3,0.002767414664139247,0.6,checkpoints/mlp_Vc_trial_1340_best_state.pt,"{'learning_rate': 0.002767414664139247, 'lr_reduce': 0.6}",TPESampler,COMPLETE
1341,0.08989506959915161,2025-04-26 00:35:19.200178,2025-04-26 00:35:31.056549,0 days 00:00:11.856371,0.048603770445119425,144,32,400.0,32.0,4,0.0013357217729832234,0.6,checkpoints/mlp_Vc_trial_1341_best_state.pt,"{'learning_rate': 0.0013357217729832234, 'lr_reduce': 0.6}",TPESampler,COMPLETE
1342,0.06587759405374527,2025-04-26 00:35:22.234188,2025-04-26 00:35:32.565980,0 days 00:00:10.331792,0.04543986949446095,112,96,256.0,128.0,4,0.006719041763640161,0.6,checkpoints/mlp_Vc_trial_1342_best_state.pt,"{'learning_rate': 0.006719041763640161, 'lr_reduce': 0.6}",TPESampler,COMPLETE
1343,0.05308980867266655,2025-04-26 00:35:31.450893,2025-04-26 00:35:41.211888,0 days 00:00:09.760995,0.054381885182654945,32,32,352.0,80.0,4,0.005389804281329461,0.6,checkpoints/mlp_Vc_trial_1343_best_state.pt,"{'learning_rate': 0.005389804281329461, 'lr_reduce': 0.6}",TPESampler,COMPLETE
1344,0.044239964336156845,2025-04-26 00:35:32.929683,2025-04-26 00:35:44.838857,0 days 00:00:11.909174,0.0033505013083164293,32,128,464.0,,3,0.005638289575791134,0.6,checkpoints/mlp_Vc_trial_1344_best_state.pt,"{'learning_rate': 0.005638289575791134, 'lr_reduce': 0.6}",TPESampler,COMPLETE
1345,0.05542830750346184,2025-04-26 00:35:35.240351,2025-04-26 00:35:44.407478,0 days 00:00:09.167127,0.03344077979463279,112,64,400.0,,3,0.005122342477479152,0.6,checkpoints/mlp_Vc_trial_1345_best_state.pt,"{'learning_rate': 0.005122342477479152, 'lr_reduce': 0.6}",TPESampler,COMPLETE
