number,value,datetime_start,datetime_complete,duration,params_final_dropout,params_mlp_dim_00,params_mlp_dim_01,params_mlp_dim_02,params_mlp_dim_03,params_mlp_n_layers,params_train_learning_rate,params_train_lr_reduce,user_attrs_best_state_dict_path,user_attrs_training_params,system_attrs_auto:sampler,state
2016,0.06784699857234955,2025-04-26 01:30:31.185326,2025-04-26 01:30:39.789125,0 days 00:00:08.603799,0.10285232233887369,32,128,368.0,,3,0.003337748427927622,0.6,checkpoints/mlp_Vc_trial_2016_best_state.pt,"{'learning_rate': 0.003337748427927622, 'lr_reduce': 0.6}",TPESampler,COMPLETE
2017,0.08629877865314484,2025-04-26 01:30:31.557146,2025-04-26 01:30:42.961176,0 days 00:00:11.404030,0.0756337768889066,96,208,272.0,,3,0.0028680860514297027,0.6,checkpoints/mlp_Vc_trial_2017_best_state.pt,"{'learning_rate': 0.0028680860514297027, 'lr_reduce': 0.6}",TPESampler,COMPLETE
2018,0.042595185339450836,2025-04-26 01:30:40.169455,2025-04-26 01:30:56.446638,0 days 00:00:16.277183,0.004776255776545762,48,112,320.0,80.0,4,0.00221511122053319,0.6,checkpoints/mlp_Vc_trial_2018_best_state.pt,"{'learning_rate': 0.00221511122053319, 'lr_reduce': 0.6}",TPESampler,COMPLETE
2019,0.05958898365497589,2025-04-26 01:30:43.353173,2025-04-26 01:30:56.935859,0 days 00:00:13.582686,0.0136499480457592,96,32,384.0,,3,0.009436166196492674,0.6,checkpoints/mlp_Vc_trial_2019_best_state.pt,"{'learning_rate': 0.009436166196492674, 'lr_reduce': 0.6}",TPESampler,COMPLETE
2020,0.0863054096698761,2025-04-26 01:30:53.443835,2025-04-26 01:31:02.805968,0 days 00:00:09.362133,0.045779911525626535,112,32,336.0,32.0,4,0.0031158023699523326,0.6,checkpoints/mlp_Vc_trial_2020_best_state.pt,"{'learning_rate': 0.0031158023699523326, 'lr_reduce': 0.6}",TPESampler,COMPLETE
2021,0.08021576702594757,2025-04-26 01:30:56.869616,2025-04-26 01:31:17.117113,0 days 00:00:20.247497,0.04929649677106346,48,80,400.0,,3,0.0005874870509703364,0.6,checkpoints/mlp_Vc_trial_2021_best_state.pt,"{'learning_rate': 0.0005874870509703364, 'lr_reduce': 0.6}",TPESampler,COMPLETE
2022,0.038059450685977936,2025-04-26 01:30:57.436139,2025-04-26 01:31:16.331372,0 days 00:00:18.895233,0.002745408258208607,32,208,160.0,80.0,4,0.002053614104360847,0.6,checkpoints/mlp_Vc_trial_2022_best_state.pt,"{'learning_rate': 0.002053614104360847, 'lr_reduce': 0.6}",TPESampler,COMPLETE
2023,0.11221912503242493,2025-04-26 01:31:03.178499,2025-04-26 01:31:20.001352,0 days 00:00:16.822853,0.21215711164734055,512,176,256.0,,3,0.0007473158889464798,0.6,checkpoints/mlp_Vc_trial_2023_best_state.pt,"{'learning_rate': 0.0007473158889464798, 'lr_reduce': 0.6}",TPESampler,COMPLETE
2024,0.04333789646625519,2025-04-26 01:31:16.765360,2025-04-26 01:31:26.336848,0 days 00:00:09.571488,0.0013255049237259654,32,48,448.0,,3,0.008858878601127284,0.6,checkpoints/mlp_Vc_trial_2024_best_state.pt,"{'learning_rate': 0.008858878601127284, 'lr_reduce': 0.6}",TPESampler,COMPLETE
2025,0.06176086515188217,2025-04-26 01:31:17.554608,2025-04-26 01:31:26.373960,0 days 00:00:08.819352,0.10800008081298594,144,48,352.0,,3,0.005993055708474007,0.6,checkpoints/mlp_Vc_trial_2025_best_state.pt,"{'learning_rate': 0.005993055708474007, 'lr_reduce': 0.6}",TPESampler,COMPLETE
2026,0.0501268096268177,2025-04-26 01:31:20.398327,2025-04-26 01:31:31.188498,0 days 00:00:10.790171,0.03948490810173673,32,192,304.0,,3,0.0032602664016043465,0.6,checkpoints/mlp_Vc_trial_2026_best_state.pt,"{'learning_rate': 0.0032602664016043465, 'lr_reduce': 0.6}",TPESampler,COMPLETE
2027,0.06214740127325058,2025-04-26 01:31:26.711262,2025-04-26 01:31:36.113284,0 days 00:00:09.402022,0.042420587714825785,80,144,384.0,,3,0.004631095916711183,0.6,checkpoints/mlp_Vc_trial_2027_best_state.pt,"{'learning_rate': 0.004631095916711183, 'lr_reduce': 0.6}",TPESampler,COMPLETE
2028,0.08805840462446213,2025-04-26 01:31:26.801998,2025-04-26 01:31:40.841212,0 days 00:00:14.039214,0.22383358393143954,128,320,208.0,128.0,4,0.006104509726010474,0.6,checkpoints/mlp_Vc_trial_2028_best_state.pt,"{'learning_rate': 0.006104509726010474, 'lr_reduce': 0.6}",TPESampler,COMPLETE
2029,0.08119738847017288,2025-04-26 01:31:31.580606,2025-04-26 01:31:44.588196,0 days 00:00:13.007590,0.050770761313400525,96,160,512.0,,3,0.0052294788044554485,0.6,checkpoints/mlp_Vc_trial_2029_best_state.pt,"{'learning_rate': 0.0052294788044554485, 'lr_reduce': 0.6}",TPESampler,COMPLETE
2030,0.06908708810806274,2025-04-26 01:31:36.500432,2025-04-26 01:31:47.622469,0 days 00:00:11.122037,0.0008995247525775711,128,96,288.0,,3,0.0047102190712458155,0.6,checkpoints/mlp_Vc_trial_2030_best_state.pt,"{'learning_rate': 0.0047102190712458155, 'lr_reduce': 0.6}",TPESampler,COMPLETE
2031,0.049405649304389954,2025-04-26 01:31:41.191869,2025-04-26 01:31:48.629547,0 days 00:00:07.437678,0.05679205072680264,32,32,352.0,,3,0.009805251088945277,0.6,checkpoints/mlp_Vc_trial_2031_best_state.pt,"{'learning_rate': 0.009805251088945277, 'lr_reduce': 0.6}",TPESampler,COMPLETE
2032,0.05389780178666115,2025-04-26 01:31:44.935413,2025-04-26 01:31:54.883602,0 days 00:00:09.948189,0.04671095667748071,32,144,432.0,,3,0.0031186227846508297,0.6,checkpoints/mlp_Vc_trial_2032_best_state.pt,"{'learning_rate': 0.0031186227846508297, 'lr_reduce': 0.6}",TPESampler,COMPLETE
2033,0.06655409932136536,2025-04-26 01:31:47.979616,2025-04-26 01:31:56.750457,0 days 00:00:08.770841,0.0385621831209009,96,32,336.0,,3,0.004274341749657916,0.6,checkpoints/mlp_Vc_trial_2033_best_state.pt,"{'learning_rate': 0.004274341749657916, 'lr_reduce': 0.6}",TPESampler,COMPLETE
2034,0.049003686755895615,2025-04-26 01:31:49.104334,2025-04-26 01:32:09.120048,0 days 00:00:20.015714,0.04222953714390904,32,240,,,2,0.003136789912177623,0.6,checkpoints/mlp_Vc_trial_2034_best_state.pt,"{'learning_rate': 0.003136789912177623, 'lr_reduce': 0.6}",TPESampler,COMPLETE
2035,0.062217794358730316,2025-04-26 01:31:55.330742,2025-04-26 01:32:04.358457,0 days 00:00:09.027715,0.05513458702661208,32,32,240.0,32.0,4,0.003544408179758802,0.6,checkpoints/mlp_Vc_trial_2035_best_state.pt,"{'learning_rate': 0.003544408179758802, 'lr_reduce': 0.6}",TPESampler,COMPLETE
2036,0.05442012473940849,2025-04-26 01:31:57.114338,2025-04-26 01:32:09.991006,0 days 00:00:12.876668,0.0010180546605117447,112,160,400.0,,3,0.002890842549291273,0.6,checkpoints/mlp_Vc_trial_2036_best_state.pt,"{'learning_rate': 0.002890842549291273, 'lr_reduce': 0.6}",TPESampler,COMPLETE
2037,0.03931361436843872,2025-04-26 01:32:04.756474,2025-04-26 01:32:20.284825,0 days 00:00:15.528351,0.005337105942819472,32,176,288.0,80.0,4,0.0026150597393792534,0.6,checkpoints/mlp_Vc_trial_2037_best_state.pt,"{'learning_rate': 0.0026150597393792534, 'lr_reduce': 0.6}",TPESampler,COMPLETE
2038,0.16889116168022156,2025-04-26 01:32:09.543334,2025-04-26 01:32:57.510780,0 days 00:00:47.967446,0.15603536231708734,496,496,,,2,0.0001644118556260449,0.6,checkpoints/mlp_Vc_trial_2038_best_state.pt,"{'learning_rate': 0.0001644118556260449, 'lr_reduce': 0.6}",TPESampler,COMPLETE
2039,0.04064899682998657,2025-04-26 01:32:10.546724,2025-04-26 01:32:23.591845,0 days 00:00:13.045121,0.034339209763277714,32,96,352.0,,3,0.0033867087930471696,0.6,checkpoints/mlp_Vc_trial_2039_best_state.pt,"{'learning_rate': 0.0033867087930471696, 'lr_reduce': 0.6}",TPESampler,COMPLETE
2040,0.0424380823969841,2025-04-26 01:32:20.658718,2025-04-26 01:32:33.090246,0 days 00:00:12.431528,0.03291431461001334,32,160,384.0,,3,0.005154228969848606,0.6,checkpoints/mlp_Vc_trial_2040_best_state.pt,"{'learning_rate': 0.005154228969848606, 'lr_reduce': 0.6}",TPESampler,COMPLETE
2041,0.046979986131191254,2025-04-26 01:32:24.015961,2025-04-26 01:32:32.963679,0 days 00:00:08.947718,0.0388921195612284,32,112,464.0,128.0,4,0.004633437471692005,0.6,checkpoints/mlp_Vc_trial_2041_best_state.pt,"{'learning_rate': 0.004633437471692005, 'lr_reduce': 0.6}",TPESampler,COMPLETE
2042,0.08202587068080902,2025-04-26 01:32:33.307562,2025-04-26 01:33:41.490901,0 days 00:01:08.183339,0.0005775524134449869,48,80,,,2,0.004608122438182311,0.6,checkpoints/mlp_Vc_trial_2042_best_state.pt,"{'learning_rate': 0.004608122438182311, 'lr_reduce': 0.6}",TPESampler,COMPLETE
2043,0.043370041996240616,2025-04-26 01:32:33.447984,2025-04-26 01:33:01.191827,0 days 00:00:27.743843,3.9778432873399314e-05,64,48,320.0,,3,0.0027671844449640454,0.6,checkpoints/mlp_Vc_trial_2043_best_state.pt,"{'learning_rate': 0.0027671844449640454, 'lr_reduce': 0.6}",TPESampler,COMPLETE
2044,0.047644488513469696,2025-04-26 01:32:58.010536,2025-04-26 01:33:08.685379,0 days 00:00:10.674843,0.04039205165805382,32,64,256.0,,3,0.009349858784890969,0.6,checkpoints/mlp_Vc_trial_2044_best_state.pt,"{'learning_rate': 0.009349858784890969, 'lr_reduce': 0.6}",TPESampler,COMPLETE
2045,0.05648745596408844,2025-04-26 01:33:01.650512,2025-04-26 01:33:14.344944,0 days 00:00:12.694432,0.0023355490555914925,112,80,384.0,32.0,4,0.0036309652953400422,0.6,checkpoints/mlp_Vc_trial_2045_best_state.pt,"{'learning_rate': 0.0036309652953400422, 'lr_reduce': 0.6}",TPESampler,COMPLETE
2046,0.05461475998163223,2025-04-26 01:33:09.024207,2025-04-26 01:33:23.041843,0 days 00:00:14.017636,0.0002565710036375544,112,48,416.0,,3,0.0041805382916977425,0.6,checkpoints/mlp_Vc_trial_2046_best_state.pt,"{'learning_rate': 0.0041805382916977425, 'lr_reduce': 0.6}",TPESampler,COMPLETE
2047,0.052551813423633575,2025-04-26 01:33:14.679094,2025-04-26 01:33:27.333036,0 days 00:00:12.653942,0.01566966124370789,32,112,192.0,416.0,4,0.002991456448449052,0.6,checkpoints/mlp_Vc_trial_2047_best_state.pt,"{'learning_rate': 0.002991456448449052, 'lr_reduce': 0.6}",TPESampler,COMPLETE
2048,0.044426821172237396,2025-04-26 01:33:23.419680,2025-04-26 01:33:35.033649,0 days 00:00:11.613969,0.0021228025165198733,32,48,320.0,80.0,4,0.0035484785200224278,0.6,checkpoints/mlp_Vc_trial_2048_best_state.pt,"{'learning_rate': 0.0035484785200224278, 'lr_reduce': 0.6}",TPESampler,COMPLETE
2049,0.05711972713470459,2025-04-26 01:33:27.731789,2025-04-26 01:33:40.428680,0 days 00:00:12.696891,0.04370611454755055,80,128,352.0,80.0,4,0.0034193973720040628,0.6,checkpoints/mlp_Vc_trial_2049_best_state.pt,"{'learning_rate': 0.0034193973720040628, 'lr_reduce': 0.6}",TPESampler,COMPLETE
2050,0.044974103569984436,2025-04-26 01:33:35.425501,2025-04-26 01:33:47.967593,0 days 00:00:12.542092,0.0008284127230904241,32,208,288.0,,3,0.0072954773743308795,0.6,checkpoints/mlp_Vc_trial_2050_best_state.pt,"{'learning_rate': 0.0072954773743308795, 'lr_reduce': 0.6}",TPESampler,COMPLETE
2051,0.04598289355635643,2025-04-26 01:33:40.808205,2025-04-26 01:33:51.259156,0 days 00:00:10.450951,0.04032825547192172,32,32,432.0,,3,0.009472507662093073,0.6,checkpoints/mlp_Vc_trial_2051_best_state.pt,"{'learning_rate': 0.009472507662093073, 'lr_reduce': 0.6}",TPESampler,COMPLETE
2052,0.05470482259988785,2025-04-26 01:33:41.855136,2025-04-26 01:33:50.353447,0 days 00:00:08.498311,0.04665854841825371,32,96,368.0,,3,0.005821541169714728,0.6,checkpoints/mlp_Vc_trial_2052_best_state.pt,"{'learning_rate': 0.005821541169714728, 'lr_reduce': 0.6}",TPESampler,COMPLETE
2053,0.054914429783821106,2025-04-26 01:33:48.317885,2025-04-26 01:33:59.404334,0 days 00:00:11.086449,0.0394947726671189,32,80,240.0,,3,0.003748656037774796,0.6,checkpoints/mlp_Vc_trial_2053_best_state.pt,"{'learning_rate': 0.003748656037774796, 'lr_reduce': 0.6}",TPESampler,COMPLETE
2054,0.04300803691148758,2025-04-26 01:33:51.611606,2025-04-26 01:34:09.379931,0 days 00:00:17.768325,0.007177168777112843,32,96,320.0,,3,0.0021019931835767986,0.6,checkpoints/mlp_Vc_trial_2054_best_state.pt,"{'learning_rate': 0.0021019931835767986, 'lr_reduce': 0.6}",TPESampler,COMPLETE
2055,0.14859338104724884,2025-04-26 01:33:50.773878,2025-04-26 01:34:33.573292,0 days 00:00:42.799414,0.0010517794168655725,272,80,400.0,,3,0.00013799357002334804,0.6,checkpoints/mlp_Vc_trial_2055_best_state.pt,"{'learning_rate': 0.00013799357002334804, 'lr_reduce': 0.6}",TPESampler,COMPLETE
2056,0.1511937975883484,2025-04-26 01:33:59.798750,2025-04-26 01:34:30.231041,0 days 00:00:30.432291,0.005589069115292278,240,448,,,2,0.0006623964170540015,0.6,checkpoints/mlp_Vc_trial_2056_best_state.pt,"{'learning_rate': 0.0006623964170540015, 'lr_reduce': 0.6}",TPESampler,COMPLETE
2057,0.061379674822092056,2025-04-26 01:34:09.772345,2025-04-26 01:34:18.332991,0 days 00:00:08.560646,0.03312638023250003,32,32,112.0,,3,0.006291848647810963,0.6,checkpoints/mlp_Vc_trial_2057_best_state.pt,"{'learning_rate': 0.006291848647810963, 'lr_reduce': 0.6}",TPESampler,COMPLETE
2058,0.20637023448944092,2025-04-26 01:34:18.757590,2025-04-26 01:34:39.762951,0 days 00:00:21.005361,0.2232218682558878,32,512,480.0,,3,0.00029339006444327817,0.6,checkpoints/mlp_Vc_trial_2058_best_state.pt,"{'learning_rate': 0.00029339006444327817, 'lr_reduce': 0.6}",TPESampler,COMPLETE
2059,0.14666813611984253,2025-04-26 01:34:30.681998,2025-04-26 01:35:31.647809,0 days 00:01:00.965811,0.10122327705857566,384,96,272.0,,3,0.000328301705158568,0.6,checkpoints/mlp_Vc_trial_2059_best_state.pt,"{'learning_rate': 0.000328301705158568, 'lr_reduce': 0.6}",TPESampler,COMPLETE
2060,0.0543692521750927,2025-04-26 01:34:33.996553,2025-04-26 01:34:48.172172,0 days 00:00:14.175619,0.050671577853487304,64,208,352.0,,3,0.0020681309910464516,0.6,checkpoints/mlp_Vc_trial_2060_best_state.pt,"{'learning_rate': 0.0020681309910464516, 'lr_reduce': 0.6}",TPESampler,COMPLETE
2061,0.07764314115047455,2025-04-26 01:34:40.143120,2025-04-26 01:34:51.840564,0 days 00:00:11.697444,0.04358628126777435,112,112,,,2,0.008449735444711035,0.6,checkpoints/mlp_Vc_trial_2061_best_state.pt,"{'learning_rate': 0.008449735444711035, 'lr_reduce': 0.6}",TPESampler,COMPLETE
2062,0.08897493034601212,2025-04-26 01:34:48.508861,2025-04-26 01:35:00.478220,0 days 00:00:11.969359,0.07425431902578232,112,160,304.0,32.0,4,0.002358491650413384,0.6,checkpoints/mlp_Vc_trial_2062_best_state.pt,"{'learning_rate': 0.002358491650413384, 'lr_reduce': 0.6}",TPESampler,COMPLETE
2063,0.05623112618923187,2025-04-26 01:34:52.391340,2025-04-26 01:35:06.335525,0 days 00:00:13.944185,0.005860550447569697,96,96,400.0,128.0,4,0.0024775042960579192,0.6,checkpoints/mlp_Vc_trial_2063_best_state.pt,"{'learning_rate': 0.0024775042960579192, 'lr_reduce': 0.6}",TPESampler,COMPLETE
2064,0.10469045490026474,2025-04-26 01:35:00.851445,2025-04-26 01:35:10.762431,0 days 00:00:09.910986,0.15265713772101036,352,480,352.0,80.0,4,0.001548157978672771,0.6,checkpoints/mlp_Vc_trial_2064_best_state.pt,"{'learning_rate': 0.001548157978672771, 'lr_reduce': 0.6}",TPESampler,COMPLETE
2065,0.06160961836576462,2025-04-26 01:35:06.706905,2025-04-26 01:35:18.972694,0 days 00:00:12.265789,0.037859717669610576,112,160,208.0,32.0,4,0.0059827863812544355,0.6,checkpoints/mlp_Vc_trial_2065_best_state.pt,"{'learning_rate': 0.0059827863812544355, 'lr_reduce': 0.6}",TPESampler,COMPLETE
2066,0.05510422959923744,2025-04-26 01:35:11.181698,2025-04-26 01:35:26.989957,0 days 00:00:15.808259,0.04511098561368221,32,208,,,2,0.003532195610039394,0.6,checkpoints/mlp_Vc_trial_2066_best_state.pt,"{'learning_rate': 0.003532195610039394, 'lr_reduce': 0.6}",TPESampler,COMPLETE
2067,0.05106016993522644,2025-04-26 01:35:19.345843,2025-04-26 01:35:36.366024,0 days 00:00:17.020181,0.004701030811134967,48,208,432.0,,3,0.0014773339198831139,0.6,checkpoints/mlp_Vc_trial_2067_best_state.pt,"{'learning_rate': 0.0014773339198831139, 'lr_reduce': 0.6}",TPESampler,COMPLETE
2068,0.058278705924749374,2025-04-26 01:35:27.359667,2025-04-26 01:35:41.159377,0 days 00:00:13.799710,0.0017535968923148605,96,160,320.0,,3,0.004498286305254356,0.6,checkpoints/mlp_Vc_trial_2068_best_state.pt,"{'learning_rate': 0.004498286305254356, 'lr_reduce': 0.6}",TPESampler,COMPLETE
2069,0.04426284506917,2025-04-26 01:35:32.013078,2025-04-26 01:35:50.238331,0 days 00:00:18.225253,0.0005064616923218818,32,48,368.0,,3,0.006709226599137947,0.6,checkpoints/mlp_Vc_trial_2069_best_state.pt,"{'learning_rate': 0.006709226599137947, 'lr_reduce': 0.6}",TPESampler,COMPLETE
2070,0.07554329931735992,2025-04-26 01:35:36.795923,2025-04-26 01:35:50.192824,0 days 00:00:13.396901,0.04622247259918557,80,144,256.0,,3,0.009672265432714895,0.6,checkpoints/mlp_Vc_trial_2070_best_state.pt,"{'learning_rate': 0.009672265432714895, 'lr_reduce': 0.6}",TPESampler,COMPLETE
2071,0.04167056456208229,2025-04-26 01:35:41.567322,2025-04-26 01:36:00.275877,0 days 00:00:18.708555,0.0009533647892005495,48,96,400.0,128.0,4,0.002454506837408794,0.6,checkpoints/mlp_Vc_trial_2071_best_state.pt,"{'learning_rate': 0.002454506837408794, 'lr_reduce': 0.6}",TPESampler,COMPLETE
2072,0.06594604253768921,2025-04-26 01:35:50.494982,2025-04-26 01:36:03.923859,0 days 00:00:13.428877,0.0006618690433852666,96,128,288.0,,3,0.005494006072956838,0.6,checkpoints/mlp_Vc_trial_2072_best_state.pt,"{'learning_rate': 0.005494006072956838, 'lr_reduce': 0.6}",TPESampler,COMPLETE
2073,0.08466215431690216,2025-04-26 01:35:50.634650,2025-04-26 01:36:00.621520,0 days 00:00:09.986870,0.05367115614437221,160,32,464.0,80.0,4,0.003836512429445696,0.6,checkpoints/mlp_Vc_trial_2073_best_state.pt,"{'learning_rate': 0.003836512429445696, 'lr_reduce': 0.6}",TPESampler,COMPLETE
2074,0.15340285003185272,2025-04-26 01:36:00.636915,2025-04-26 01:36:12.390557,0 days 00:00:11.753642,0.24016576411778337,96,496,336.0,32.0,4,0.0013100133259430049,0.6,checkpoints/mlp_Vc_trial_2074_best_state.pt,"{'learning_rate': 0.0013100133259430049, 'lr_reduce': 0.6}",TPESampler,COMPLETE
2075,0.0769827663898468,2025-04-26 01:36:01.375752,2025-04-26 01:36:13.498222,0 days 00:00:12.122470,0.050477022825892545,48,32,,,2,0.004738871975956879,0.6,checkpoints/mlp_Vc_trial_2075_best_state.pt,"{'learning_rate': 0.004738871975956879, 'lr_reduce': 0.6}",TPESampler,COMPLETE
2076,0.12361888587474823,2025-04-26 01:36:04.284126,2025-04-26 01:37:14.472819,0 days 00:01:10.188693,0.2467010588665123,80,288,,,2,0.00013191903361128672,0.6,checkpoints/mlp_Vc_trial_2076_best_state.pt,"{'learning_rate': 0.00013191903361128672, 'lr_reduce': 0.6}",TPESampler,COMPLETE
2077,0.043411679565906525,2025-04-26 01:36:12.717810,2025-04-26 01:36:24.883992,0 days 00:00:12.166182,0.00078030856546033,32,32,368.0,128.0,4,0.0031614115485118248,0.6,checkpoints/mlp_Vc_trial_2077_best_state.pt,"{'learning_rate': 0.0031614115485118248, 'lr_reduce': 0.6}",TPESampler,COMPLETE
2078,0.04962208867073059,2025-04-26 01:36:13.999845,2025-04-26 01:36:29.323820,0 days 00:00:15.323975,0.0031312609757561975,80,192,224.0,80.0,4,0.00446449104742962,0.6,checkpoints/mlp_Vc_trial_2078_best_state.pt,"{'learning_rate': 0.00446449104742962, 'lr_reduce': 0.6}",TPESampler,COMPLETE
2079,0.04575318843126297,2025-04-26 01:36:25.317388,2025-04-26 01:36:40.419416,0 days 00:00:15.102028,0.0013615368764913175,96,32,304.0,32.0,4,0.00521917676582875,0.6,checkpoints/mlp_Vc_trial_2079_best_state.pt,"{'learning_rate': 0.00521917676582875, 'lr_reduce': 0.6}",TPESampler,COMPLETE
2080,0.08430343121290207,2025-04-26 01:36:29.692000,2025-04-26 01:36:59.759411,0 days 00:00:30.067411,0.0012762016658586692,112,112,432.0,,3,0.0015070851257295238,0.6,checkpoints/mlp_Vc_trial_2080_best_state.pt,"{'learning_rate': 0.0015070851257295238, 'lr_reduce': 0.6}",TPESampler,COMPLETE
2081,0.04788678139448166,2025-04-26 01:36:40.894322,2025-04-26 01:36:58.070363,0 days 00:00:17.176041,0.02440881654696898,32,224,384.0,,3,0.0032441543166792227,0.6,checkpoints/mlp_Vc_trial_2081_best_state.pt,"{'learning_rate': 0.0032441543166792227, 'lr_reduce': 0.6}",TPESampler,COMPLETE
2082,0.056849896907806396,2025-04-26 01:36:58.485487,2025-04-26 01:37:07.296502,0 days 00:00:08.811015,0.03769533422006558,32,96,336.0,160.0,4,0.003131883950225395,0.6,checkpoints/mlp_Vc_trial_2082_best_state.pt,"{'learning_rate': 0.003131883950225395, 'lr_reduce': 0.6}",TPESampler,COMPLETE
2083,0.06877823919057846,2025-04-26 01:37:00.197475,2025-04-26 01:37:11.672319,0 days 00:00:11.474844,0.04733252084728217,112,160,272.0,,3,0.004695360263995614,0.6,checkpoints/mlp_Vc_trial_2083_best_state.pt,"{'learning_rate': 0.004695360263995614, 'lr_reduce': 0.6}",TPESampler,COMPLETE
2084,0.056405000388622284,2025-04-26 01:37:07.688520,2025-04-26 01:37:19.515374,0 days 00:00:11.826854,0.08391192673147849,32,320,512.0,,3,0.004002931121795567,0.6,checkpoints/mlp_Vc_trial_2084_best_state.pt,"{'learning_rate': 0.004002931121795567, 'lr_reduce': 0.6}",TPESampler,COMPLETE
2085,0.042598508298397064,2025-04-26 01:37:12.101628,2025-04-26 01:37:25.465219,0 days 00:00:13.363591,0.011968298628611308,32,96,384.0,80.0,4,0.003020674794427729,0.6,checkpoints/mlp_Vc_trial_2085_best_state.pt,"{'learning_rate': 0.003020674794427729, 'lr_reduce': 0.6}",TPESampler,COMPLETE
2086,0.05568256229162216,2025-04-26 01:37:14.929710,2025-04-26 01:37:32.513986,0 days 00:00:17.584276,0.008075758196914869,32,96,320.0,80.0,4,0.000823962905323953,0.6,checkpoints/mlp_Vc_trial_2086_best_state.pt,"{'learning_rate': 0.000823962905323953, 'lr_reduce': 0.6}",TPESampler,COMPLETE
2087,0.061479613184928894,2025-04-26 01:37:19.921820,2025-04-26 01:37:32.441481,0 days 00:00:12.519661,0.06045688474046471,128,128,176.0,272.0,4,0.0055252299756814146,0.6,checkpoints/mlp_Vc_trial_2087_best_state.pt,"{'learning_rate': 0.0055252299756814146, 'lr_reduce': 0.6}",TPESampler,COMPLETE
2088,0.05474488437175751,2025-04-26 01:37:25.875225,2025-04-26 01:37:36.235663,0 days 00:00:10.360438,0.045871250281937274,48,192,,,2,0.009634461243839638,0.6,checkpoints/mlp_Vc_trial_2088_best_state.pt,"{'learning_rate': 0.009634461243839638, 'lr_reduce': 0.6}",TPESampler,COMPLETE
2089,0.10668524354696274,2025-04-26 01:37:32.755388,2025-04-26 01:37:49.894830,0 days 00:00:17.139442,0.045180651877420555,352,432,416.0,32.0,4,0.008040989712363708,0.6,checkpoints/mlp_Vc_trial_2089_best_state.pt,"{'learning_rate': 0.008040989712363708, 'lr_reduce': 0.6}",TPESampler,COMPLETE
