number,value,datetime_start,datetime_complete,duration,params_final_dropout,params_mlp_dim_00,params_mlp_dim_01,params_mlp_dim_02,params_mlp_dim_03,params_mlp_n_layers,params_train_learning_rate,params_train_lr_reduce,user_attrs_best_state_dict_path,user_attrs_training_params,system_attrs_auto:sampler,state
2465,0.05330226942896843,2025-04-26 02:09:12.601856,2025-04-26 02:09:22.780342,0 days 00:00:10.178486,0.03227881805692483,32,48,416.0,,3,0.009487529602753755,0.6,checkpoints/mlp_Vc_trial_2465_best_state.pt,"{'learning_rate': 0.009487529602753755, 'lr_reduce': 0.6}",TPESampler,COMPLETE
2466,0.06603590399026871,2025-04-26 02:09:12.909475,2025-04-26 02:09:20.708066,0 days 00:00:07.798591,0.043854761575851026,96,32,224.0,112.0,4,0.005154074055141986,0.6,checkpoints/mlp_Vc_trial_2466_best_state.pt,"{'learning_rate': 0.005154074055141986, 'lr_reduce': 0.6}",TPESampler,COMPLETE
2467,0.05869496241211891,2025-04-26 02:09:14.541978,2025-04-26 02:09:23.338292,0 days 00:00:08.796314,0.016531298428551458,96,32,304.0,80.0,4,0.003476744794200441,0.6,checkpoints/mlp_Vc_trial_2467_best_state.pt,"{'learning_rate': 0.003476744794200441, 'lr_reduce': 0.6}",TPESampler,COMPLETE
2468,0.0363774448633194,2025-04-26 02:09:21.048966,2025-04-26 02:09:34.411151,0 days 00:00:13.362185,0.027024360382711124,32,80,144.0,,3,0.0038857026258134098,0.6,checkpoints/mlp_Vc_trial_2468_best_state.pt,"{'learning_rate': 0.0038857026258134098, 'lr_reduce': 0.6}",TPESampler,COMPLETE
2469,0.04576622322201729,2025-04-26 02:09:23.114687,2025-04-26 02:09:33.853895,0 days 00:00:10.739208,0.006690264755840555,48,32,464.0,160.0,4,0.005622185003282977,0.6,checkpoints/mlp_Vc_trial_2469_best_state.pt,"{'learning_rate': 0.005622185003282977, 'lr_reduce': 0.6}",TPESampler,COMPLETE
2470,0.050754137337207794,2025-04-26 02:09:23.715774,2025-04-26 02:09:33.363173,0 days 00:00:09.647399,0.015417729923403544,32,112,272.0,32.0,4,0.004364517077276853,0.6,checkpoints/mlp_Vc_trial_2470_best_state.pt,"{'learning_rate': 0.004364517077276853, 'lr_reduce': 0.6}",TPESampler,COMPLETE
2471,0.02732560969889164,2025-04-26 02:09:33.717874,2025-04-26 02:09:46.176869,0 days 00:00:12.458995,0.02123621314895939,32,32,512.0,,3,0.007028987330453768,0.6,checkpoints/mlp_Vc_trial_2471_best_state.pt,"{'learning_rate': 0.007028987330453768, 'lr_reduce': 0.6}",TPESampler,COMPLETE
2472,0.04712419956922531,2025-04-26 02:09:34.248227,2025-04-26 02:09:44.169599,0 days 00:00:09.921372,0.014769192673264726,32,112,400.0,,3,0.009230125229509422,0.6,checkpoints/mlp_Vc_trial_2472_best_state.pt,"{'learning_rate': 0.009230125229509422, 'lr_reduce': 0.6}",TPESampler,COMPLETE
2473,0.061694107949733734,2025-04-26 02:09:34.765075,2025-04-26 02:09:44.566299,0 days 00:00:09.801224,0.0027667615567134557,112,144,320.0,112.0,4,0.004363825971826015,0.6,checkpoints/mlp_Vc_trial_2473_best_state.pt,"{'learning_rate': 0.004363825971826015, 'lr_reduce': 0.6}",TPESampler,COMPLETE
2474,0.06253594160079956,2025-04-26 02:09:44.488803,2025-04-26 02:09:52.039491,0 days 00:00:07.550688,0.05085094972466452,32,32,256.0,,3,0.004370452327533053,0.6,checkpoints/mlp_Vc_trial_2474_best_state.pt,"{'learning_rate': 0.004370452327533053, 'lr_reduce': 0.6}",TPESampler,COMPLETE
2475,0.06525712460279465,2025-04-26 02:09:45.094772,2025-04-26 02:09:56.156297,0 days 00:00:11.061525,0.00042702477962550545,96,96,432.0,64.0,4,0.004128764305762083,0.6,checkpoints/mlp_Vc_trial_2475_best_state.pt,"{'learning_rate': 0.004128764305762083, 'lr_reduce': 0.6}",TPESampler,COMPLETE
2476,0.055030450224876404,2025-04-26 02:09:46.587445,2025-04-26 02:09:56.686014,0 days 00:00:10.098569,0.016244535760938907,48,32,480.0,,3,0.004366182122657204,0.6,checkpoints/mlp_Vc_trial_2476_best_state.pt,"{'learning_rate': 0.004366182122657204, 'lr_reduce': 0.6}",TPESampler,COMPLETE
2477,0.03779887408018112,2025-04-26 02:09:52.356618,2025-04-26 02:10:04.470496,0 days 00:00:12.113878,0.0033541709545760554,32,32,496.0,208.0,4,0.004609297776362541,0.6,checkpoints/mlp_Vc_trial_2477_best_state.pt,"{'learning_rate': 0.004609297776362541, 'lr_reduce': 0.6}",TPESampler,COMPLETE
2478,0.047700002789497375,2025-04-26 02:09:56.513257,2025-04-26 02:10:08.148297,0 days 00:00:11.635040,0.003285317702598738,32,64,496.0,,3,0.0035887895592274363,0.6,checkpoints/mlp_Vc_trial_2478_best_state.pt,"{'learning_rate': 0.0035887895592274363, 'lr_reduce': 0.6}",TPESampler,COMPLETE
2479,0.05213591456413269,2025-04-26 02:09:57.096846,2025-04-26 02:10:06.546300,0 days 00:00:09.449454,0.0393439900092565,32,32,496.0,,3,0.004912956800633081,0.6,checkpoints/mlp_Vc_trial_2479_best_state.pt,"{'learning_rate': 0.004912956800633081, 'lr_reduce': 0.6}",TPESampler,COMPLETE
2480,0.06686733663082123,2025-04-26 02:10:04.875042,2025-04-26 02:10:16.665967,0 days 00:00:11.790925,0.03633706887536531,176,32,512.0,,3,0.004264376320345975,0.6,checkpoints/mlp_Vc_trial_2480_best_state.pt,"{'learning_rate': 0.004264376320345975, 'lr_reduce': 0.6}",TPESampler,COMPLETE
2481,0.0911591649055481,2025-04-26 02:10:06.937439,2025-04-26 02:10:22.753058,0 days 00:00:15.815619,0.00423210885449174,416,336,512.0,,3,0.005280435706397943,0.6,checkpoints/mlp_Vc_trial_2481_best_state.pt,"{'learning_rate': 0.005280435706397943, 'lr_reduce': 0.6}",TPESampler,COMPLETE
2482,0.07409653812646866,2025-04-26 02:10:08.635950,2025-04-26 02:10:17.145104,0 days 00:00:08.509154,0.07346005651678954,32,64,496.0,,3,0.0031519934677153366,0.6,checkpoints/mlp_Vc_trial_2482_best_state.pt,"{'learning_rate': 0.0031519934677153366, 'lr_reduce': 0.6}",TPESampler,COMPLETE
2483,0.03905787691473961,2025-04-26 02:10:17.080335,2025-04-26 02:10:35.580384,0 days 00:00:18.500049,0.0469117192614157,32,48,,,2,0.0035810910305901548,0.6,checkpoints/mlp_Vc_trial_2483_best_state.pt,"{'learning_rate': 0.0035810910305901548, 'lr_reduce': 0.6}",TPESampler,COMPLETE
2484,0.0484015978872776,2025-04-26 02:10:17.612555,2025-04-26 02:10:26.689043,0 days 00:00:09.076488,0.0154302359734474,48,32,480.0,,3,0.00911040470960385,0.6,checkpoints/mlp_Vc_trial_2484_best_state.pt,"{'learning_rate': 0.00911040470960385, 'lr_reduce': 0.6}",TPESampler,COMPLETE
2485,0.07239427417516708,2025-04-26 02:10:23.135121,2025-04-26 02:10:30.895533,0 days 00:00:07.760412,0.07756009053601419,112,32,512.0,,3,0.005723159289940535,0.6,checkpoints/mlp_Vc_trial_2485_best_state.pt,"{'learning_rate': 0.005723159289940535, 'lr_reduce': 0.6}",TPESampler,COMPLETE
2486,0.04725758358836174,2025-04-26 02:10:27.072951,2025-04-26 02:10:36.312653,0 days 00:00:09.239702,0.040246976368885426,32,64,496.0,,3,0.006146280923172947,0.6,checkpoints/mlp_Vc_trial_2486_best_state.pt,"{'learning_rate': 0.006146280923172947, 'lr_reduce': 0.6}",TPESampler,COMPLETE
2487,0.0429304763674736,2025-04-26 02:10:31.256147,2025-04-26 02:10:42.097410,0 days 00:00:10.841263,0.023954168734090273,32,32,496.0,,3,0.008413312735546626,0.6,checkpoints/mlp_Vc_trial_2487_best_state.pt,"{'learning_rate': 0.008413312735546626, 'lr_reduce': 0.6}",TPESampler,COMPLETE
2488,0.08946169912815094,2025-04-26 02:10:35.949167,2025-04-26 02:10:43.971678,0 days 00:00:08.022511,0.068649889927072,128,32,512.0,,3,0.00929976761858271,0.6,checkpoints/mlp_Vc_trial_2488_best_state.pt,"{'learning_rate': 0.00929976761858271, 'lr_reduce': 0.6}",TPESampler,COMPLETE
2489,0.06382988393306732,2025-04-26 02:10:36.789678,2025-04-26 02:10:47.305803,0 days 00:00:10.516125,0.03909152662565505,96,32,512.0,,3,0.004008551967388281,0.6,checkpoints/mlp_Vc_trial_2489_best_state.pt,"{'learning_rate': 0.004008551967388281, 'lr_reduce': 0.6}",TPESampler,COMPLETE
2490,0.07636293768882751,2025-04-26 02:10:42.452888,2025-04-26 02:10:53.369090,0 days 00:00:10.916202,0.04627896907908695,160,96,464.0,,3,0.009246152950649728,0.6,checkpoints/mlp_Vc_trial_2490_best_state.pt,"{'learning_rate': 0.009246152950649728, 'lr_reduce': 0.6}",TPESampler,COMPLETE
2491,0.053004998713731766,2025-04-26 02:10:44.368813,2025-04-26 02:10:55.875238,0 days 00:00:11.506425,0.05005097877943209,32,32,512.0,,3,0.0024678627748021755,0.6,checkpoints/mlp_Vc_trial_2491_best_state.pt,"{'learning_rate': 0.0024678627748021755, 'lr_reduce': 0.6}",TPESampler,COMPLETE
2492,0.06195862963795662,2025-04-26 02:10:47.646366,2025-04-26 02:10:56.993642,0 days 00:00:09.347276,0.002373448455427682,96,80,512.0,,3,0.004953728739237971,0.6,checkpoints/mlp_Vc_trial_2492_best_state.pt,"{'learning_rate': 0.004953728739237971, 'lr_reduce': 0.6}",TPESampler,COMPLETE
2493,0.04352155327796936,2025-04-26 02:10:53.733664,2025-04-26 02:11:02.031471,0 days 00:00:08.297807,0.002242909606553817,32,48,512.0,,3,0.009253710765442838,0.6,checkpoints/mlp_Vc_trial_2493_best_state.pt,"{'learning_rate': 0.009253710765442838, 'lr_reduce': 0.6}",TPESampler,COMPLETE
2494,0.05474831536412239,2025-04-26 02:10:56.214782,2025-04-26 02:11:07.354398,0 days 00:00:11.139616,0.05950867665342699,96,32,512.0,,3,0.006133478814726988,0.6,checkpoints/mlp_Vc_trial_2494_best_state.pt,"{'learning_rate': 0.006133478814726988, 'lr_reduce': 0.6}",TPESampler,COMPLETE
2495,0.04992339387536049,2025-04-26 02:10:57.381849,2025-04-26 02:11:04.424428,0 days 00:00:07.042579,0.09219630240094522,32,48,512.0,,3,0.00920514350426794,0.6,checkpoints/mlp_Vc_trial_2495_best_state.pt,"{'learning_rate': 0.00920514350426794, 'lr_reduce': 0.6}",TPESampler,COMPLETE
2496,0.04800962284207344,2025-04-26 02:11:02.370620,2025-04-26 02:11:12.313999,0 days 00:00:09.943379,0.05078244188929739,32,96,480.0,,3,0.009995540956043747,0.6,checkpoints/mlp_Vc_trial_2496_best_state.pt,"{'learning_rate': 0.009995540956043747, 'lr_reduce': 0.6}",TPESampler,COMPLETE
2497,0.06817465275526047,2025-04-26 02:11:04.783360,2025-04-26 02:11:14.875124,0 days 00:00:10.091764,0.008923306654103146,128,32,480.0,,3,0.004739775946748774,0.6,checkpoints/mlp_Vc_trial_2497_best_state.pt,"{'learning_rate': 0.004739775946748774, 'lr_reduce': 0.6}",TPESampler,COMPLETE
2498,0.036999769508838654,2025-04-26 02:11:07.723035,2025-04-26 02:11:18.626055,0 days 00:00:10.903020,0.008784338855027477,32,48,512.0,,3,0.009872367586509752,0.6,checkpoints/mlp_Vc_trial_2498_best_state.pt,"{'learning_rate': 0.009872367586509752, 'lr_reduce': 0.6}",TPESampler,COMPLETE
2499,0.05278219282627106,2025-04-26 02:11:12.712297,2025-04-26 02:11:20.989950,0 days 00:00:08.277653,0.03362589927060173,96,112,448.0,,3,0.005010248071151951,0.6,checkpoints/mlp_Vc_trial_2499_best_state.pt,"{'learning_rate': 0.005010248071151951, 'lr_reduce': 0.6}",TPESampler,COMPLETE
