number,value,datetime_start,datetime_complete,duration,params_final_dropout,params_mlp_dim_00,params_mlp_dim_01,params_mlp_dim_02,params_mlp_dim_03,params_mlp_n_layers,params_train_learning_rate,params_train_lr_reduce,user_attrs_best_state_dict_path,user_attrs_training_params,system_attrs_auto:sampler,state
525,0.04056698828935623,2025-04-25 23:31:19.869356,2025-04-25 23:31:35.330577,0 days 00:00:15.461221,0.0009046236227562976,32,112,416.0,,3,0.0027072073343877693,0.6,checkpoints/mlp_Vc_trial_525_best_state.pt,"{'learning_rate': 0.0027072073343877693, 'lr_reduce': 0.6}",TPESampler,COMPLETE
526,0.06559447944164276,2025-04-25 23:31:25.814924,2025-04-25 23:31:40.039067,0 days 00:00:14.224143,0.003953379583544414,240,304,480.0,400.0,4,0.0025921952239461744,0.6,checkpoints/mlp_Vc_trial_526_best_state.pt,"{'learning_rate': 0.0025921952239461744, 'lr_reduce': 0.6}",TPESampler,COMPLETE
527,0.06275851279497147,2025-04-25 23:31:34.723237,2025-04-25 23:31:43.234827,0 days 00:00:08.511590,0.04524999351979556,112,128,352.0,,3,0.005462698038460307,0.6,checkpoints/mlp_Vc_trial_527_best_state.pt,"{'learning_rate': 0.005462698038460307, 'lr_reduce': 0.6}",TPESampler,COMPLETE
528,0.07296451926231384,2025-04-25 23:31:35.619243,2025-04-25 23:31:45.882168,0 days 00:00:10.262925,0.024643035585142567,128,176,384.0,128.0,4,0.002677893858356562,0.6,checkpoints/mlp_Vc_trial_528_best_state.pt,"{'learning_rate': 0.002677893858356562, 'lr_reduce': 0.6}",TPESampler,COMPLETE
529,0.049134522676467896,2025-04-25 23:31:40.351730,2025-04-25 23:31:48.527498,0 days 00:00:08.175768,0.06698967231703963,32,96,256.0,,3,0.008970486855223026,0.6,checkpoints/mlp_Vc_trial_529_best_state.pt,"{'learning_rate': 0.008970486855223026, 'lr_reduce': 0.6}",TPESampler,COMPLETE
530,0.09190142899751663,2025-04-25 23:31:43.505775,2025-04-25 23:31:56.390864,0 days 00:00:12.885089,0.21390816303492904,304,448,448.0,32.0,4,0.002088804868831623,0.6,checkpoints/mlp_Vc_trial_530_best_state.pt,"{'learning_rate': 0.002088804868831623, 'lr_reduce': 0.6}",TPESampler,COMPLETE
531,0.05585816875100136,2025-04-25 23:31:46.212899,2025-04-25 23:31:57.537539,0 days 00:00:11.324640,0.02972138456495195,32,128,368.0,,3,0.0071103536561817095,0.6,checkpoints/mlp_Vc_trial_531_best_state.pt,"{'learning_rate': 0.0071103536561817095, 'lr_reduce': 0.6}",TPESampler,COMPLETE
532,0.04685843363404274,2025-04-25 23:31:48.847818,2025-04-25 23:31:59.572699,0 days 00:00:10.724881,0.0015922123727591607,48,112,416.0,448.0,4,0.005033615364045373,0.6,checkpoints/mlp_Vc_trial_532_best_state.pt,"{'learning_rate': 0.005033615364045373, 'lr_reduce': 0.6}",TPESampler,COMPLETE
533,0.05074837803840637,2025-04-25 23:31:56.689578,2025-04-25 23:32:07.657303,0 days 00:00:10.967725,8.887543504984444e-05,32,144,512.0,,3,0.003250198573189329,0.6,checkpoints/mlp_Vc_trial_533_best_state.pt,"{'learning_rate': 0.003250198573189329, 'lr_reduce': 0.6}",TPESampler,COMPLETE
534,0.04941616952419281,2025-04-25 23:31:57.884420,2025-04-25 23:32:08.898903,0 days 00:00:11.014483,0.0212531991292019,32,32,304.0,336.0,4,0.002641239971435633,0.6,checkpoints/mlp_Vc_trial_534_best_state.pt,"{'learning_rate': 0.002641239971435633, 'lr_reduce': 0.6}",TPESampler,COMPLETE
535,0.04823458194732666,2025-04-25 23:31:59.907110,2025-04-25 23:32:09.936027,0 days 00:00:10.028917,0.0009534263950827715,64,128,432.0,,3,0.004639853389940179,0.6,checkpoints/mlp_Vc_trial_535_best_state.pt,"{'learning_rate': 0.004639853389940179, 'lr_reduce': 0.6}",TPESampler,COMPLETE
536,0.051758814603090286,2025-04-25 23:32:07.932301,2025-04-25 23:32:17.997729,0 days 00:00:10.065428,0.01310155568552012,32,32,368.0,,3,0.002696687119074443,0.6,checkpoints/mlp_Vc_trial_536_best_state.pt,"{'learning_rate': 0.002696687119074443, 'lr_reduce': 0.6}",TPESampler,COMPLETE
537,0.07376059144735336,2025-04-25 23:32:09.190491,2025-04-25 23:32:21.908847,0 days 00:00:12.718356,0.06623591354049294,128,128,400.0,,3,0.00908259272968384,0.6,checkpoints/mlp_Vc_trial_537_best_state.pt,"{'learning_rate': 0.00908259272968384, 'lr_reduce': 0.6}",TPESampler,COMPLETE
538,0.06040863320231438,2025-04-25 23:32:10.266611,2025-04-25 23:32:21.994957,0 days 00:00:11.728346,0.003274116447653963,352,48,464.0,208.0,4,0.004205525800295891,0.6,checkpoints/mlp_Vc_trial_538_best_state.pt,"{'learning_rate': 0.004205525800295891, 'lr_reduce': 0.6}",TPESampler,COMPLETE
539,0.05085496976971626,2025-04-25 23:32:18.322228,2025-04-25 23:32:26.821777,0 days 00:00:08.499549,0.0024249748577294967,96,48,352.0,,3,0.008624914354660118,0.6,checkpoints/mlp_Vc_trial_539_best_state.pt,"{'learning_rate': 0.008624914354660118, 'lr_reduce': 0.6}",TPESampler,COMPLETE
540,0.07663863897323608,2025-04-25 23:32:22.191454,2025-04-25 23:32:32.485897,0 days 00:00:10.294443,0.020640861575960387,208,80,,,2,0.005996302215982358,0.6,checkpoints/mlp_Vc_trial_540_best_state.pt,"{'learning_rate': 0.005996302215982358, 'lr_reduce': 0.6}",TPESampler,COMPLETE
541,0.047840896993875504,2025-04-25 23:32:22.259062,2025-04-25 23:32:31.829248,0 days 00:00:09.570186,0.022072713666670712,32,112,416.0,,3,0.004651359650716053,0.6,checkpoints/mlp_Vc_trial_541_best_state.pt,"{'learning_rate': 0.004651359650716053, 'lr_reduce': 0.6}",TPESampler,COMPLETE
542,0.05763847753405571,2025-04-25 23:32:27.175682,2025-04-25 23:32:51.451616,0 days 00:00:24.275934,0.0046806442040367244,32,224,,,2,0.0010385364908524564,0.6,checkpoints/mlp_Vc_trial_542_best_state.pt,"{'learning_rate': 0.0010385364908524564, 'lr_reduce': 0.6}",TPESampler,COMPLETE
543,0.10232458263635635,2025-04-25 23:32:32.340803,2025-04-25 23:33:18.518750,0 days 00:00:46.177947,0.040016402825751606,32,112,320.0,,3,0.00019638165813807898,0.6,checkpoints/mlp_Vc_trial_543_best_state.pt,"{'learning_rate': 0.00019638165813807898, 'lr_reduce': 0.6}",TPESampler,COMPLETE
544,0.14336806535720825,2025-04-25 23:32:32.868452,2025-04-25 23:33:09.730291,0 days 00:00:36.861839,0.025286104868995046,304,192,384.0,,3,0.00012504615088932558,0.6,checkpoints/mlp_Vc_trial_544_best_state.pt,"{'learning_rate': 0.00012504615088932558, 'lr_reduce': 0.6}",TPESampler,COMPLETE
545,0.17467717826366425,2025-04-25 23:32:51.818187,2025-04-25 23:33:00.496906,0 days 00:00:08.678719,0.2822253538515991,336,176,432.0,272.0,4,0.0019151612806235575,0.6,checkpoints/mlp_Vc_trial_545_best_state.pt,"{'learning_rate': 0.0019151612806235575, 'lr_reduce': 0.6}",TPESampler,COMPLETE
546,0.0878991112112999,2025-04-25 23:33:00.769754,2025-04-25 23:33:10.840537,0 days 00:00:10.070783,0.01575471775121073,48,80,,,2,0.00413609563443927,0.6,checkpoints/mlp_Vc_trial_546_best_state.pt,"{'learning_rate': 0.00413609563443927, 'lr_reduce': 0.6}",TPESampler,COMPLETE
547,0.05697355419397354,2025-04-25 23:33:10.086905,2025-04-25 23:33:19.654514,0 days 00:00:09.567609,0.0009103508606654806,48,176,464.0,,3,0.003590652962428682,0.6,checkpoints/mlp_Vc_trial_547_best_state.pt,"{'learning_rate': 0.003590652962428682, 'lr_reduce': 0.6}",TPESampler,COMPLETE
548,0.04569961503148079,2025-04-25 23:33:11.176417,2025-04-25 23:33:21.988786,0 days 00:00:10.812369,0.0047166432616050444,32,112,368.0,,3,0.007659298066057149,0.6,checkpoints/mlp_Vc_trial_548_best_state.pt,"{'learning_rate': 0.007659298066057149, 'lr_reduce': 0.6}",TPESampler,COMPLETE
549,0.05166070908308029,2025-04-25 23:33:18.982405,2025-04-25 23:33:29.560154,0 days 00:00:10.577749,0.055695953157890284,96,112,400.0,,3,0.0023185022629130087,0.6,checkpoints/mlp_Vc_trial_549_best_state.pt,"{'learning_rate': 0.0023185022629130087, 'lr_reduce': 0.6}",TPESampler,COMPLETE
550,0.06268971413373947,2025-04-25 23:33:20.016875,2025-04-25 23:33:31.912183,0 days 00:00:11.895308,0.06621423883952197,80,240,112.0,,3,0.0023830622987169926,0.6,checkpoints/mlp_Vc_trial_550_best_state.pt,"{'learning_rate': 0.0023830622987169926, 'lr_reduce': 0.6}",TPESampler,COMPLETE
551,0.0447470098733902,2025-04-25 23:33:22.252837,2025-04-25 23:33:33.880816,0 days 00:00:11.627979,0.0127365255542688,32,128,336.0,,3,0.009259772577839056,0.6,checkpoints/mlp_Vc_trial_551_best_state.pt,"{'learning_rate': 0.009259772577839056, 'lr_reduce': 0.6}",TPESampler,COMPLETE
552,0.05697214603424072,2025-04-25 23:33:29.828570,2025-04-25 23:33:35.873477,0 days 00:00:06.044907,0.036356504784362795,32,32,464.0,,3,0.007330884009146454,0.6,checkpoints/mlp_Vc_trial_552_best_state.pt,"{'learning_rate': 0.007330884009146454, 'lr_reduce': 0.6}",TPESampler,COMPLETE
553,0.06942275166511536,2025-04-25 23:33:32.171832,2025-04-25 23:33:42.829521,0 days 00:00:10.657689,0.0032913055347155874,160,96,400.0,,3,0.009888375390323872,0.6,checkpoints/mlp_Vc_trial_553_best_state.pt,"{'learning_rate': 0.009888375390323872, 'lr_reduce': 0.6}",TPESampler,COMPLETE
554,0.19336363673210144,2025-04-25 23:33:34.221704,2025-04-25 23:34:09.435396,0 days 00:00:35.213692,0.22009243184358107,496,352,,,2,0.0002546522040216973,0.6,checkpoints/mlp_Vc_trial_554_best_state.pt,"{'learning_rate': 0.0002546522040216973, 'lr_reduce': 0.6}",TPESampler,COMPLETE
555,0.04325639456510544,2025-04-25 23:33:36.188243,2025-04-25 23:33:47.143605,0 days 00:00:10.955362,6.182444496551965e-05,32,80,432.0,,3,0.0070706263314394046,0.6,checkpoints/mlp_Vc_trial_555_best_state.pt,"{'learning_rate': 0.0070706263314394046, 'lr_reduce': 0.6}",TPESampler,COMPLETE
556,0.07053902745246887,2025-04-25 23:33:43.202656,2025-04-25 23:33:49.770524,0 days 00:00:06.567868,0.14482316771671988,32,48,336.0,,3,0.005598592002580584,0.6,checkpoints/mlp_Vc_trial_556_best_state.pt,"{'learning_rate': 0.005598592002580584, 'lr_reduce': 0.6}",TPESampler,COMPLETE
557,0.055840808898210526,2025-04-25 23:33:47.484932,2025-04-25 23:33:58.219174,0 days 00:00:10.734242,0.05172751144248467,32,176,192.0,,3,0.005237377150014518,0.6,checkpoints/mlp_Vc_trial_557_best_state.pt,"{'learning_rate': 0.005237377150014518, 'lr_reduce': 0.6}",TPESampler,COMPLETE
558,0.04841981083154678,2025-04-25 23:33:50.108741,2025-04-25 23:34:01.294302,0 days 00:00:11.185561,0.033043458936688336,32,208,,,2,0.00688812876656397,0.6,checkpoints/mlp_Vc_trial_558_best_state.pt,"{'learning_rate': 0.00688812876656397, 'lr_reduce': 0.6}",TPESampler,COMPLETE
559,0.07560528814792633,2025-04-25 23:33:58.522030,2025-04-25 23:34:09.074313,0 days 00:00:10.552283,0.05038371509297392,96,144,384.0,,3,0.002735300512953246,0.6,checkpoints/mlp_Vc_trial_559_best_state.pt,"{'learning_rate': 0.002735300512953246, 'lr_reduce': 0.6}",TPESampler,COMPLETE
560,0.04556896910071373,2025-04-25 23:34:01.649339,2025-04-25 23:34:14.203608,0 days 00:00:12.554269,0.017366875598195424,32,64,480.0,432.0,4,0.009067980880244396,0.6,checkpoints/mlp_Vc_trial_560_best_state.pt,"{'learning_rate': 0.009067980880244396, 'lr_reduce': 0.6}",TPESampler,COMPLETE
561,0.1455659568309784,2025-04-25 23:34:09.357461,2025-04-25 23:34:49.325226,0 days 00:00:39.967765,0.17090246169662465,48,336,,,2,0.00018390080649367628,0.6,checkpoints/mlp_Vc_trial_561_best_state.pt,"{'learning_rate': 0.00018390080649367628, 'lr_reduce': 0.6}",TPESampler,COMPLETE
562,0.11043518781661987,2025-04-25 23:34:09.837926,2025-04-25 23:34:19.228581,0 days 00:00:09.390655,0.07079211633272812,416,80,,,2,0.008477040983150278,0.6,checkpoints/mlp_Vc_trial_562_best_state.pt,"{'learning_rate': 0.008477040983150278, 'lr_reduce': 0.6}",TPESampler,COMPLETE
563,0.043224576860666275,2025-04-25 23:34:14.574684,2025-04-25 23:34:24.649942,0 days 00:00:10.075258,0.014782935487755784,32,80,416.0,,3,0.0035218331464358325,0.6,checkpoints/mlp_Vc_trial_563_best_state.pt,"{'learning_rate': 0.0035218331464358325, 'lr_reduce': 0.6}",TPESampler,COMPLETE
564,0.06629374623298645,2025-04-25 23:34:19.514722,2025-04-25 23:34:34.922839,0 days 00:00:15.408117,0.0008481982605176644,144,112,304.0,,3,0.003139049227983917,0.6,checkpoints/mlp_Vc_trial_564_best_state.pt,"{'learning_rate': 0.003139049227983917, 'lr_reduce': 0.6}",TPESampler,COMPLETE
565,0.09165918081998825,2025-04-25 23:34:25.020254,2025-04-25 23:34:33.182942,0 days 00:00:08.162688,0.05523659949016092,32,192,368.0,,3,0.009782875368432888,0.6,checkpoints/mlp_Vc_trial_565_best_state.pt,"{'learning_rate': 0.009782875368432888, 'lr_reduce': 0.6}",TPESampler,COMPLETE
566,0.1090066209435463,2025-04-25 23:34:33.532016,2025-04-25 23:34:45.654258,0 days 00:00:12.122242,0.009169497638913175,144,240,432.0,,3,0.005612496109153941,0.6,checkpoints/mlp_Vc_trial_566_best_state.pt,"{'learning_rate': 0.005612496109153941, 'lr_reduce': 0.6}",TPESampler,COMPLETE
567,0.04045288264751434,2025-04-25 23:34:35.262128,2025-04-25 23:34:51.094739,0 days 00:00:15.832611,0.026031523407093415,32,144,384.0,,3,0.0015701489739478897,0.6,checkpoints/mlp_Vc_trial_567_best_state.pt,"{'learning_rate': 0.0015701489739478897, 'lr_reduce': 0.6}",TPESampler,COMPLETE
568,0.08818203955888748,2025-04-25 23:34:46.231502,2025-04-25 23:34:59.649468,0 days 00:00:13.417966,0.004842880086342452,144,176,,,2,0.0031524010474014764,0.6,checkpoints/mlp_Vc_trial_568_best_state.pt,"{'learning_rate': 0.0031524010474014764, 'lr_reduce': 0.6}",TPESampler,COMPLETE
569,0.057025663554668427,2025-04-25 23:34:49.689607,2025-04-25 23:35:01.984372,0 days 00:00:12.294765,0.000651650942061867,96,112,464.0,,3,0.003408206229959732,0.6,checkpoints/mlp_Vc_trial_569_best_state.pt,"{'learning_rate': 0.003408206229959732, 'lr_reduce': 0.6}",TPESampler,COMPLETE
570,0.2401559054851532,2025-04-25 23:34:51.409562,2025-04-25 23:35:20.937575,0 days 00:00:29.528013,0.28395193126801255,320,384,352.0,160.0,4,0.00015953851239015125,0.6,checkpoints/mlp_Vc_trial_570_best_state.pt,"{'learning_rate': 0.00015953851239015125, 'lr_reduce': 0.6}",TPESampler,COMPLETE
571,0.05412803962826729,2025-04-25 23:34:59.969752,2025-04-25 23:35:09.708310,0 days 00:00:09.738558,0.052506558621387214,32,32,416.0,,3,0.003823398665848942,0.6,checkpoints/mlp_Vc_trial_571_best_state.pt,"{'learning_rate': 0.003823398665848942, 'lr_reduce': 0.6}",TPESampler,COMPLETE
572,0.09307713061571121,2025-04-25 23:35:02.362382,2025-04-25 23:35:13.347210,0 days 00:00:10.984828,0.008059328720163135,112,144,384.0,,3,0.009728515929263904,0.6,checkpoints/mlp_Vc_trial_572_best_state.pt,"{'learning_rate': 0.009728515929263904, 'lr_reduce': 0.6}",TPESampler,COMPLETE
573,0.05605488270521164,2025-04-25 23:35:10.000020,2025-04-25 23:35:18.888587,0 days 00:00:08.888567,0.01628356412715986,32,32,256.0,,3,0.004265363330522183,0.6,checkpoints/mlp_Vc_trial_573_best_state.pt,"{'learning_rate': 0.004265363330522183, 'lr_reduce': 0.6}",TPESampler,COMPLETE
574,0.1610112190246582,2025-04-25 23:35:13.628712,2025-04-25 23:35:35.132416,0 days 00:00:21.503704,0.12080106159403517,48,224,432.0,352.0,4,0.00017001321897742043,0.6,checkpoints/mlp_Vc_trial_574_best_state.pt,"{'learning_rate': 0.00017001321897742043, 'lr_reduce': 0.6}",TPESampler,COMPLETE
575,0.05528838932514191,2025-04-25 23:35:19.216664,2025-04-25 23:35:37.751519,0 days 00:00:18.534855,0.05787629836160199,32,160,,,2,0.003643793308035558,0.6,checkpoints/mlp_Vc_trial_575_best_state.pt,"{'learning_rate': 0.003643793308035558, 'lr_reduce': 0.6}",TPESampler,COMPLETE
576,0.06546902656555176,2025-04-25 23:35:21.246575,2025-04-25 23:35:31.104530,0 days 00:00:09.857955,0.003883325101916785,112,240,320.0,96.0,4,0.003822614150948974,0.6,checkpoints/mlp_Vc_trial_576_best_state.pt,"{'learning_rate': 0.003822614150948974, 'lr_reduce': 0.6}",TPESampler,COMPLETE
577,0.03585657477378845,2025-04-25 23:35:31.414821,2025-04-25 23:35:41.802826,0 days 00:00:10.388005,0.0013090704395130577,32,48,496.0,,3,0.007322299014614071,0.6,checkpoints/mlp_Vc_trial_577_best_state.pt,"{'learning_rate': 0.007322299014614071, 'lr_reduce': 0.6}",TPESampler,COMPLETE
578,0.219182550907135,2025-04-25 23:35:35.440777,2025-04-25 23:36:11.494996,0 days 00:00:36.054219,0.2478120820880922,80,224,384.0,224.0,4,0.00011621172768600853,0.6,checkpoints/mlp_Vc_trial_578_best_state.pt,"{'learning_rate': 0.00011621172768600853, 'lr_reduce': 0.6}",TPESampler,COMPLETE
579,0.0674339309334755,2025-04-25 23:35:38.085880,2025-04-25 23:35:51.967053,0 days 00:00:13.881173,0.048393753995924375,160,48,,,2,0.008596074070227467,0.6,checkpoints/mlp_Vc_trial_579_best_state.pt,"{'learning_rate': 0.008596074070227467, 'lr_reduce': 0.6}",TPESampler,COMPLETE
580,0.06053401157259941,2025-04-25 23:35:42.105487,2025-04-25 23:35:53.545596,0 days 00:00:11.440109,0.03102660189832748,80,32,496.0,,3,0.008558093001193019,0.6,checkpoints/mlp_Vc_trial_580_best_state.pt,"{'learning_rate': 0.008558093001193019, 'lr_reduce': 0.6}",TPESampler,COMPLETE
581,0.06376629322767258,2025-04-25 23:35:52.237024,2025-04-25 23:36:03.170716,0 days 00:00:10.933692,0.04456360271804172,112,64,512.0,,3,0.006470837733158698,0.6,checkpoints/mlp_Vc_trial_581_best_state.pt,"{'learning_rate': 0.006470837733158698, 'lr_reduce': 0.6}",TPESampler,COMPLETE
582,0.062459904700517654,2025-04-25 23:35:53.888821,2025-04-25 23:36:03.566295,0 days 00:00:09.677474,0.0016025775111153757,112,144,352.0,,3,0.0031766103246151246,0.6,checkpoints/mlp_Vc_trial_582_best_state.pt,"{'learning_rate': 0.0031766103246151246, 'lr_reduce': 0.6}",TPESampler,COMPLETE
583,0.12083327770233154,2025-04-25 23:36:03.667518,2025-04-25 23:36:16.117017,0 days 00:00:12.449499,0.1794651675943957,176,112,512.0,,3,0.000983540383071095,0.6,checkpoints/mlp_Vc_trial_583_best_state.pt,"{'learning_rate': 0.000983540383071095, 'lr_reduce': 0.6}",TPESampler,COMPLETE
584,0.8263988494873047,2025-04-25 23:36:03.945681,2025-04-25 23:36:08.269752,0 days 00:00:04.324071,0.06812322036266855,144,240,416.0,,3,0.008465278115506033,0.6,checkpoints/mlp_Vc_trial_584_best_state.pt,"{'learning_rate': 0.008465278115506033, 'lr_reduce': 0.6}",TPESampler,COMPLETE
585,0.05135052278637886,2025-04-25 23:36:08.548505,2025-04-25 23:36:31.325038,0 days 00:00:22.776533,0.007237514774164398,32,48,,,2,0.0066711042696963666,0.6,checkpoints/mlp_Vc_trial_585_best_state.pt,"{'learning_rate': 0.0066711042696963666, 'lr_reduce': 0.6}",TPESampler,COMPLETE
586,0.10793863236904144,2025-04-25 23:36:11.840026,2025-04-25 23:36:23.971130,0 days 00:00:12.131104,0.21016938332276436,240,144,,,2,0.006034237113434215,0.6,checkpoints/mlp_Vc_trial_586_best_state.pt,"{'learning_rate': 0.006034237113434215, 'lr_reduce': 0.6}",TPESampler,COMPLETE
587,0.05641605332493782,2025-04-25 23:36:16.452979,2025-04-25 23:36:26.747278,0 days 00:00:10.294299,0.03587673789129746,32,80,336.0,,3,0.009627224627950848,0.6,checkpoints/mlp_Vc_trial_587_best_state.pt,"{'learning_rate': 0.009627224627950848, 'lr_reduce': 0.6}",TPESampler,COMPLETE
588,0.057630497962236404,2025-04-25 23:36:24.297552,2025-04-25 23:36:39.368100,0 days 00:00:15.070548,0.04685100630813353,32,144,384.0,,3,0.002005116395860979,0.6,checkpoints/mlp_Vc_trial_588_best_state.pt,"{'learning_rate': 0.002005116395860979, 'lr_reduce': 0.6}",TPESampler,COMPLETE
589,0.02953074499964714,2025-04-25 23:36:27.086772,2025-04-25 23:36:36.483460,0 days 00:00:09.396688,0.01726140781810117,32,32,512.0,,3,0.008641734741109972,0.6,checkpoints/mlp_Vc_trial_589_best_state.pt,"{'learning_rate': 0.008641734741109972, 'lr_reduce': 0.6}",TPESampler,COMPLETE
590,0.06232167035341263,2025-04-25 23:36:31.850938,2025-04-25 23:36:45.446025,0 days 00:00:13.595087,0.07722948607514185,32,256,448.0,,3,0.00298529377383548,0.6,checkpoints/mlp_Vc_trial_590_best_state.pt,"{'learning_rate': 0.00298529377383548, 'lr_reduce': 0.6}",TPESampler,COMPLETE
591,0.050809718668460846,2025-04-25 23:36:36.790783,2025-04-25 23:36:45.011623,0 days 00:00:08.220840,0.026165513845818264,32,32,512.0,,3,0.004529299679761895,0.6,checkpoints/mlp_Vc_trial_591_best_state.pt,"{'learning_rate': 0.004529299679761895, 'lr_reduce': 0.6}",TPESampler,COMPLETE
592,0.041999515146017075,2025-04-25 23:36:39.625558,2025-04-25 23:36:50.085586,0 days 00:00:10.460028,9.188844269969118e-05,32,96,512.0,,3,0.0071396016524245265,0.6,checkpoints/mlp_Vc_trial_592_best_state.pt,"{'learning_rate': 0.0071396016524245265, 'lr_reduce': 0.6}",TPESampler,COMPLETE
593,0.04125600680708885,2025-04-25 23:36:45.306157,2025-04-25 23:36:53.174481,0 days 00:00:07.868324,0.053626015371444236,64,48,512.0,,3,0.009939451718513872,0.6,checkpoints/mlp_Vc_trial_593_best_state.pt,"{'learning_rate': 0.009939451718513872, 'lr_reduce': 0.6}",TPESampler,COMPLETE
594,0.0599602609872818,2025-04-25 23:36:45.716862,2025-04-25 23:36:53.049103,0 days 00:00:07.332241,0.050009436347752026,64,32,512.0,,3,0.009385240686174327,0.6,checkpoints/mlp_Vc_trial_594_best_state.pt,"{'learning_rate': 0.009385240686174327, 'lr_reduce': 0.6}",TPESampler,COMPLETE
595,0.05212382227182388,2025-04-25 23:36:50.372221,2025-04-25 23:37:15.624043,0 days 00:00:25.251822,0.0005888499960231162,32,192,512.0,,3,0.0006736868839286983,0.6,checkpoints/mlp_Vc_trial_595_best_state.pt,"{'learning_rate': 0.0006736868839286983, 'lr_reduce': 0.6}",TPESampler,COMPLETE
596,0.05210140347480774,2025-04-25 23:36:53.376578,2025-04-25 23:37:02.925005,0 days 00:00:09.548427,0.014407665812739282,48,32,304.0,,3,0.009516592123133445,0.6,checkpoints/mlp_Vc_trial_596_best_state.pt,"{'learning_rate': 0.009516592123133445, 'lr_reduce': 0.6}",TPESampler,COMPLETE
597,0.06700462847948074,2025-04-25 23:36:53.461924,2025-04-25 23:37:00.906898,0 days 00:00:07.444974,0.0073618254755462575,112,48,288.0,,3,0.005338500334666732,0.6,checkpoints/mlp_Vc_trial_597_best_state.pt,"{'learning_rate': 0.005338500334666732, 'lr_reduce': 0.6}",TPESampler,COMPLETE
598,0.17789824306964874,2025-04-25 23:37:01.268891,2025-04-25 23:37:18.744286,0 days 00:00:17.475395,0.234821925362672,512,144,352.0,512.0,4,0.00031014773691187184,0.6,checkpoints/mlp_Vc_trial_598_best_state.pt,"{'learning_rate': 0.00031014773691187184, 'lr_reduce': 0.6}",TPESampler,COMPLETE
599,0.048513688147068024,2025-04-25 23:37:03.268648,2025-04-25 23:37:14.164785,0 days 00:00:10.896137,0.033013449807891726,32,224,368.0,,3,0.003798492181012238,0.6,checkpoints/mlp_Vc_trial_599_best_state.pt,"{'learning_rate': 0.003798492181012238, 'lr_reduce': 0.6}",TPESampler,COMPLETE
