number,value,datetime_start,datetime_complete,duration,params_final_dropout,params_mlp_dim_00,params_mlp_dim_01,params_mlp_dim_02,params_mlp_dim_03,params_mlp_n_layers,params_train_learning_rate,params_train_lr_reduce,user_attrs_best_state_dict_path,user_attrs_training_params,system_attrs_auto:sampler,state
600,0.07989747077226639,2025-04-25 23:37:14.515718,2025-04-25 23:37:28.251398,0 days 00:00:13.735680,0.035880350376353315,144,80,464.0,400.0,4,0.007777229536976221,0.6,checkpoints/mlp_Vc_trial_600_best_state.pt,"{'learning_rate': 0.007777229536976221, 'lr_reduce': 0.6}",TPESampler,COMPLETE
601,0.03905995190143585,2025-04-25 23:37:15.993819,2025-04-25 23:37:24.508540,0 days 00:00:08.514721,0.03105527763197282,32,32,384.0,,3,0.008839149035513937,0.6,checkpoints/mlp_Vc_trial_601_best_state.pt,"{'learning_rate': 0.008839149035513937, 'lr_reduce': 0.6}",TPESampler,COMPLETE
602,0.08935495465993881,2025-04-25 23:37:19.033069,2025-04-25 23:37:32.500121,0 days 00:00:13.467052,0.0048440407873869,208,320,,,2,0.007526298647703092,0.6,checkpoints/mlp_Vc_trial_602_best_state.pt,"{'learning_rate': 0.007526298647703092, 'lr_reduce': 0.6}",TPESampler,COMPLETE
603,0.0626315176486969,2025-04-25 23:37:24.845376,2025-04-25 23:37:34.090426,0 days 00:00:09.245050,0.0037420744180741475,80,48,400.0,,3,0.007783492155212481,0.6,checkpoints/mlp_Vc_trial_603_best_state.pt,"{'learning_rate': 0.007783492155212481, 'lr_reduce': 0.6}",TPESampler,COMPLETE
604,0.10197442770004272,2025-04-25 23:37:28.531463,2025-04-25 23:37:43.799612,0 days 00:00:15.268149,0.16184919169460907,464,368,352.0,304.0,4,0.0024031987197957474,0.6,checkpoints/mlp_Vc_trial_604_best_state.pt,"{'learning_rate': 0.0024031987197957474, 'lr_reduce': 0.6}",TPESampler,COMPLETE
605,0.03851554915308952,2025-04-25 23:37:32.857675,2025-04-25 23:37:41.354968,0 days 00:00:08.497293,0.0013957432049185939,32,48,512.0,,3,0.00611622635254776,0.6,checkpoints/mlp_Vc_trial_605_best_state.pt,"{'learning_rate': 0.00611622635254776, 'lr_reduce': 0.6}",TPESampler,COMPLETE
606,0.054164547473192215,2025-04-25 23:37:34.445179,2025-04-25 23:37:44.071841,0 days 00:00:09.626662,0.06485083066471925,96,32,448.0,,3,0.0037516970565609096,0.6,checkpoints/mlp_Vc_trial_606_best_state.pt,"{'learning_rate': 0.0037516970565609096, 'lr_reduce': 0.6}",TPESampler,COMPLETE
607,0.0872538611292839,2025-04-25 23:37:41.756532,2025-04-25 23:37:57.026207,0 days 00:00:15.269675,0.04168569200464337,128,112,400.0,,3,0.00954453835348633,0.6,checkpoints/mlp_Vc_trial_607_best_state.pt,"{'learning_rate': 0.00954453835348633, 'lr_reduce': 0.6}",TPESampler,COMPLETE
608,0.06288380175828934,2025-04-25 23:37:44.128035,2025-04-25 23:37:54.862795,0 days 00:00:10.734760,0.07138614993148494,48,32,336.0,112.0,4,0.00993061788465848,0.6,checkpoints/mlp_Vc_trial_608_best_state.pt,"{'learning_rate': 0.00993061788465848, 'lr_reduce': 0.6}",TPESampler,COMPLETE
609,0.08396202325820923,2025-04-25 23:37:44.473979,2025-04-25 23:38:02.289301,0 days 00:00:17.815322,0.010439399487677293,128,208,416.0,,3,0.006348172647189899,0.6,checkpoints/mlp_Vc_trial_609_best_state.pt,"{'learning_rate': 0.006348172647189899, 'lr_reduce': 0.6}",TPESampler,COMPLETE
610,0.06381054222583771,2025-04-25 23:37:55.194776,2025-04-25 23:38:04.300378,0 days 00:00:09.105602,0.006314177688923561,112,32,464.0,,3,0.0038051713966920225,0.6,checkpoints/mlp_Vc_trial_610_best_state.pt,"{'learning_rate': 0.0038051713966920225, 'lr_reduce': 0.6}",TPESampler,COMPLETE
611,0.051510293036699295,2025-04-25 23:37:57.383314,2025-04-25 23:38:13.099730,0 days 00:00:15.716416,0.005639309271521916,32,192,368.0,,3,0.0013148935435877793,0.6,checkpoints/mlp_Vc_trial_611_best_state.pt,"{'learning_rate': 0.0013148935435877793, 'lr_reduce': 0.6}",TPESampler,COMPLETE
612,0.0615856796503067,2025-04-25 23:38:02.668696,2025-04-25 23:38:15.445634,0 days 00:00:12.776938,0.002298826522516226,80,224,272.0,,3,0.002540936704025886,0.6,checkpoints/mlp_Vc_trial_612_best_state.pt,"{'learning_rate': 0.002540936704025886, 'lr_reduce': 0.6}",TPESampler,COMPLETE
613,0.07163272798061371,2025-04-25 23:38:04.755709,2025-04-25 23:38:15.810202,0 days 00:00:11.054493,0.052656065195715314,96,160,400.0,,3,0.004554126572093714,0.6,checkpoints/mlp_Vc_trial_613_best_state.pt,"{'learning_rate': 0.004554126572093714, 'lr_reduce': 0.6}",TPESampler,COMPLETE
614,0.0924503281712532,2025-04-25 23:38:13.461197,2025-04-25 23:38:26.465786,0 days 00:00:13.004589,0.01170717979735754,96,112,,,2,0.004987948119254521,0.6,checkpoints/mlp_Vc_trial_614_best_state.pt,"{'learning_rate': 0.004987948119254521, 'lr_reduce': 0.6}",TPESampler,COMPLETE
615,0.12800051271915436,2025-04-25 23:38:15.754676,2025-04-25 23:38:38.870444,0 days 00:00:23.115768,0.2957045180726615,208,464,336.0,,3,0.004153412688626641,0.6,checkpoints/mlp_Vc_trial_615_best_state.pt,"{'learning_rate': 0.004153412688626641, 'lr_reduce': 0.6}",TPESampler,COMPLETE
616,0.04277263954281807,2025-04-25 23:38:16.190189,2025-04-25 23:38:24.380832,0 days 00:00:08.190643,0.001621806414744179,32,64,464.0,,3,0.008872447328663869,0.6,checkpoints/mlp_Vc_trial_616_best_state.pt,"{'learning_rate': 0.008872447328663869, 'lr_reduce': 0.6}",TPESampler,COMPLETE
617,0.12145599722862244,2025-04-25 23:38:24.681452,2025-04-25 23:38:42.752649,0 days 00:00:18.071197,0.08471239790830938,432,192,400.0,,3,0.0005684350297690239,0.6,checkpoints/mlp_Vc_trial_617_best_state.pt,"{'learning_rate': 0.0005684350297690239, 'lr_reduce': 0.6}",TPESampler,COMPLETE
618,0.04688381403684616,2025-04-25 23:38:26.765334,2025-04-25 23:38:38.335436,0 days 00:00:11.570102,0.004961312589909691,96,32,432.0,,3,0.008892389427942246,0.6,checkpoints/mlp_Vc_trial_618_best_state.pt,"{'learning_rate': 0.008892389427942246, 'lr_reduce': 0.6}",TPESampler,COMPLETE
619,0.07471205294132233,2025-04-25 23:38:38.609134,2025-04-25 23:38:48.775009,0 days 00:00:10.165875,0.05646100964387493,112,128,352.0,,3,0.004783750243551708,0.6,checkpoints/mlp_Vc_trial_619_best_state.pt,"{'learning_rate': 0.004783750243551708, 'lr_reduce': 0.6}",TPESampler,COMPLETE
620,0.04148777946829796,2025-04-25 23:38:39.159490,2025-04-25 23:38:49.330304,0 days 00:00:10.170814,0.03338198338251837,32,176,400.0,,3,0.007480311630175534,0.6,checkpoints/mlp_Vc_trial_620_best_state.pt,"{'learning_rate': 0.007480311630175534, 'lr_reduce': 0.6}",TPESampler,COMPLETE
621,0.03815590590238571,2025-04-25 23:38:43.089614,2025-04-25 23:39:02.250035,0 days 00:00:19.160421,0.0010689026059962602,32,240,464.0,,3,0.009841436189496957,0.6,checkpoints/mlp_Vc_trial_621_best_state.pt,"{'learning_rate': 0.009841436189496957, 'lr_reduce': 0.6}",TPESampler,COMPLETE
622,0.12700769305229187,2025-04-25 23:38:49.088700,2025-04-25 23:39:02.422411,0 days 00:00:13.333711,0.21692930327594712,304,272,368.0,,3,0.0038249686744025644,0.6,checkpoints/mlp_Vc_trial_622_best_state.pt,"{'learning_rate': 0.0038249686744025644, 'lr_reduce': 0.6}",TPESampler,COMPLETE
623,0.045344214886426926,2025-04-25 23:38:49.603530,2025-04-25 23:39:03.996358,0 days 00:00:14.392828,0.0014825082450842949,32,64,416.0,,3,0.009906463805794201,0.6,checkpoints/mlp_Vc_trial_623_best_state.pt,"{'learning_rate': 0.009906463805794201, 'lr_reduce': 0.6}",TPESampler,COMPLETE
624,0.07045529037714005,2025-04-25 23:39:02.475324,2025-04-25 23:39:10.951414,0 days 00:00:08.476090,0.05972979076943914,64,128,304.0,,3,0.0031381980641544726,0.6,checkpoints/mlp_Vc_trial_624_best_state.pt,"{'learning_rate': 0.0031381980641544726, 'lr_reduce': 0.6}",TPESampler,COMPLETE
625,0.038595736026763916,2025-04-25 23:39:02.763464,2025-04-25 23:39:14.222365,0 days 00:00:11.458901,0.00027216753523985745,32,32,464.0,,3,0.004727309240337789,0.6,checkpoints/mlp_Vc_trial_625_best_state.pt,"{'learning_rate': 0.004727309240337789, 'lr_reduce': 0.6}",TPESampler,COMPLETE
626,0.048306435346603394,2025-04-25 23:39:04.322706,2025-04-25 23:39:12.555619,0 days 00:00:08.232913,0.06220696184401763,32,128,368.0,,3,0.005053468918517567,0.6,checkpoints/mlp_Vc_trial_626_best_state.pt,"{'learning_rate': 0.005053468918517567, 'lr_reduce': 0.6}",TPESampler,COMPLETE
627,0.04035927355289459,2025-04-25 23:39:11.281029,2025-04-25 23:39:25.650151,0 days 00:00:14.369122,0.009845132411736,32,128,512.0,,3,0.0014849428449039263,0.6,checkpoints/mlp_Vc_trial_627_best_state.pt,"{'learning_rate': 0.0014849428449039263, 'lr_reduce': 0.6}",TPESampler,COMPLETE
628,0.0548730306327343,2025-04-25 23:39:12.865347,2025-04-25 23:39:23.619106,0 days 00:00:10.753759,0.00214384565534747,112,144,416.0,,3,0.006223142079045904,0.6,checkpoints/mlp_Vc_trial_628_best_state.pt,"{'learning_rate': 0.006223142079045904, 'lr_reduce': 0.6}",TPESampler,COMPLETE
629,0.06974899768829346,2025-04-25 23:39:14.513958,2025-04-25 23:39:22.448613,0 days 00:00:07.934655,0.010566751102899218,96,96,,,2,0.008754420691639304,0.6,checkpoints/mlp_Vc_trial_629_best_state.pt,"{'learning_rate': 0.008754420691639304, 'lr_reduce': 0.6}",TPESampler,COMPLETE
630,0.09479711949825287,2025-04-25 23:39:22.749230,2025-04-25 23:39:32.038527,0 days 00:00:09.289297,0.1489890753968864,192,304,336.0,32.0,4,0.002925739722871842,0.6,checkpoints/mlp_Vc_trial_630_best_state.pt,"{'learning_rate': 0.002925739722871842, 'lr_reduce': 0.6}",TPESampler,COMPLETE
631,0.04756249859929085,2025-04-25 23:39:24.008417,2025-04-25 23:39:32.818514,0 days 00:00:08.810097,0.03563669584940836,32,160,400.0,,3,0.003879278802440789,0.6,checkpoints/mlp_Vc_trial_631_best_state.pt,"{'learning_rate': 0.003879278802440789, 'lr_reduce': 0.6}",TPESampler,COMPLETE
632,0.14553126692771912,2025-04-25 23:39:25.963833,2025-04-25 23:39:47.441756,0 days 00:00:21.477923,0.2921683495979496,128,368,,,2,0.0010280688131135596,0.6,checkpoints/mlp_Vc_trial_632_best_state.pt,"{'learning_rate': 0.0010280688131135596, 'lr_reduce': 0.6}",TPESampler,COMPLETE
633,0.09203726053237915,2025-04-25 23:39:32.355798,2025-04-25 23:39:48.574925,0 days 00:00:16.219127,0.001543803243978118,144,192,432.0,,3,0.0019485871295727285,0.6,checkpoints/mlp_Vc_trial_633_best_state.pt,"{'learning_rate': 0.0019485871295727285, 'lr_reduce': 0.6}",TPESampler,COMPLETE
634,0.05260385572910309,2025-04-25 23:39:33.128371,2025-04-25 23:39:45.175680,0 days 00:00:12.047309,0.05221394905715433,32,112,,,2,0.009693470648071136,0.6,checkpoints/mlp_Vc_trial_634_best_state.pt,"{'learning_rate': 0.009693470648071136, 'lr_reduce': 0.6}",TPESampler,COMPLETE
635,0.11030124127864838,2025-04-25 23:39:45.473849,2025-04-25 23:40:26.734647,0 days 00:00:41.260798,0.05295952182880988,64,464,,,2,0.00017424128097330764,0.6,checkpoints/mlp_Vc_trial_635_best_state.pt,"{'learning_rate': 0.00017424128097330764, 'lr_reduce': 0.6}",TPESampler,COMPLETE
636,0.10274834930896759,2025-04-25 23:39:47.714838,2025-04-25 23:40:08.499380,0 days 00:00:20.784542,0.07637036134876081,48,80,368.0,,3,0.0005118990541979644,0.6,checkpoints/mlp_Vc_trial_636_best_state.pt,"{'learning_rate': 0.0005118990541979644, 'lr_reduce': 0.6}",TPESampler,COMPLETE
637,0.04599027708172798,2025-04-25 23:39:48.933191,2025-04-25 23:39:57.475195,0 days 00:00:08.542004,0.045112956897761194,32,144,240.0,,3,0.004283165264774086,0.6,checkpoints/mlp_Vc_trial_637_best_state.pt,"{'learning_rate': 0.004283165264774086, 'lr_reduce': 0.6}",TPESampler,COMPLETE
638,0.06735321134328842,2025-04-25 23:39:57.755297,2025-04-25 23:40:12.960323,0 days 00:00:15.205026,0.021190742968958547,96,112,464.0,192.0,4,0.0038267704470545377,0.6,checkpoints/mlp_Vc_trial_638_best_state.pt,"{'learning_rate': 0.0038267704470545377, 'lr_reduce': 0.6}",TPESampler,COMPLETE
639,0.04202903434634209,2025-04-25 23:40:08.787049,2025-04-25 23:40:29.046898,0 days 00:00:20.259849,0.00030087463188661553,32,128,336.0,,3,0.005970601017108642,0.6,checkpoints/mlp_Vc_trial_639_best_state.pt,"{'learning_rate': 0.005970601017108642, 'lr_reduce': 0.6}",TPESampler,COMPLETE
640,0.1259549856185913,2025-04-25 23:40:13.232555,2025-04-25 23:40:26.986511,0 days 00:00:13.753956,0.1285072236659114,368,432,,,2,0.002861461001044814,0.6,checkpoints/mlp_Vc_trial_640_best_state.pt,"{'learning_rate': 0.002861461001044814, 'lr_reduce': 0.6}",TPESampler,COMPLETE
641,0.03963151574134827,2025-04-25 23:40:27.075244,2025-04-25 23:40:35.568463,0 days 00:00:08.493219,0.002207730300688219,32,32,400.0,,3,0.00819633665074474,0.6,checkpoints/mlp_Vc_trial_641_best_state.pt,"{'learning_rate': 0.00819633665074474, 'lr_reduce': 0.6}",TPESampler,COMPLETE
642,0.03694140911102295,2025-04-25 23:40:27.413529,2025-04-25 23:40:38.939927,0 days 00:00:11.526398,0.002479708292319494,32,80,432.0,448.0,4,0.004190592797257307,0.6,checkpoints/mlp_Vc_trial_642_best_state.pt,"{'learning_rate': 0.004190592797257307, 'lr_reduce': 0.6}",TPESampler,COMPLETE
643,0.047025810927152634,2025-04-25 23:40:29.404866,2025-04-25 23:40:40.339832,0 days 00:00:10.934966,0.0022069533063672677,64,192,368.0,,3,0.006362113406023162,0.6,checkpoints/mlp_Vc_trial_643_best_state.pt,"{'learning_rate': 0.006362113406023162, 'lr_reduce': 0.6}",TPESampler,COMPLETE
644,0.15133072435855865,2025-04-25 23:40:35.866648,2025-04-25 23:40:56.455256,0 days 00:00:20.588608,0.1307167024740948,304,48,464.0,352.0,4,0.0002610819915221511,0.6,checkpoints/mlp_Vc_trial_644_best_state.pt,"{'learning_rate': 0.0002610819915221511, 'lr_reduce': 0.6}",TPESampler,COMPLETE
645,0.04740078002214432,2025-04-25 23:40:39.285859,2025-04-25 23:40:48.931370,0 days 00:00:09.645511,0.035672385498819556,48,48,304.0,448.0,4,0.003799771467792673,0.6,checkpoints/mlp_Vc_trial_645_best_state.pt,"{'learning_rate': 0.003799771467792673, 'lr_reduce': 0.6}",TPESampler,COMPLETE
646,0.1251106709241867,2025-04-25 23:40:40.847520,2025-04-25 23:40:55.402947,0 days 00:00:14.555427,0.2678499920133948,496,480,400.0,,3,0.000864478608164462,0.6,checkpoints/mlp_Vc_trial_646_best_state.pt,"{'learning_rate': 0.000864478608164462, 'lr_reduce': 0.6}",TPESampler,COMPLETE
647,0.14939366281032562,2025-04-25 23:40:49.254614,2025-04-25 23:41:29.434179,0 days 00:00:40.179565,0.2760816020607952,272,96,,,2,0.0002544815213349167,0.6,checkpoints/mlp_Vc_trial_647_best_state.pt,"{'learning_rate': 0.0002544815213349167, 'lr_reduce': 0.6}",TPESampler,COMPLETE
648,0.09356407076120377,2025-04-25 23:40:55.747288,2025-04-25 23:41:05.766836,0 days 00:00:10.019548,0.04480848760979167,48,192,512.0,464.0,4,0.00839142288726808,0.6,checkpoints/mlp_Vc_trial_648_best_state.pt,"{'learning_rate': 0.00839142288726808, 'lr_reduce': 0.6}",TPESampler,COMPLETE
649,0.08334823697805405,2025-04-25 23:40:56.774126,2025-04-25 23:41:05.585582,0 days 00:00:08.811456,0.06592788232115766,80,48,432.0,512.0,4,0.00158975951574458,0.6,checkpoints/mlp_Vc_trial_649_best_state.pt,"{'learning_rate': 0.00158975951574458, 'lr_reduce': 0.6}",TPESampler,COMPLETE
650,0.06669441610574722,2025-04-25 23:41:05.870063,2025-04-25 23:41:18.339702,0 days 00:00:12.469639,0.010916513699403817,128,112,368.0,416.0,4,0.006220794871744897,0.6,checkpoints/mlp_Vc_trial_650_best_state.pt,"{'learning_rate': 0.006220794871744897, 'lr_reduce': 0.6}",TPESampler,COMPLETE
651,0.060182131826877594,2025-04-25 23:41:06.095904,2025-04-25 23:41:17.601426,0 days 00:00:11.505522,0.04385579157351574,96,144,416.0,,3,0.0069059131364153465,0.6,checkpoints/mlp_Vc_trial_651_best_state.pt,"{'learning_rate': 0.0069059131364153465, 'lr_reduce': 0.6}",TPESampler,COMPLETE
652,0.040447480976581573,2025-04-25 23:41:17.871605,2025-04-25 23:41:32.017385,0 days 00:00:14.145780,0.01517847084247604,32,192,336.0,384.0,4,0.005256112504749585,0.6,checkpoints/mlp_Vc_trial_652_best_state.pt,"{'learning_rate': 0.005256112504749585, 'lr_reduce': 0.6}",TPESampler,COMPLETE
653,0.05940186604857445,2025-04-25 23:41:18.744997,2025-04-25 23:41:31.211435,0 days 00:00:12.466438,0.027612285239955046,80,144,464.0,432.0,4,0.0019454920512761496,0.6,checkpoints/mlp_Vc_trial_653_best_state.pt,"{'learning_rate': 0.0019454920512761496, 'lr_reduce': 0.6}",TPESampler,COMPLETE
654,0.041842635720968246,2025-04-25 23:41:29.712483,2025-04-25 23:41:42.275273,0 days 00:00:12.562790,0.01492345508729652,32,32,384.0,512.0,4,0.006229652150368253,0.6,checkpoints/mlp_Vc_trial_654_best_state.pt,"{'learning_rate': 0.006229652150368253, 'lr_reduce': 0.6}",TPESampler,COMPLETE
655,0.04588409140706062,2025-04-25 23:41:31.516576,2025-04-25 23:41:42.651207,0 days 00:00:11.134631,0.011358703927531476,96,32,416.0,320.0,4,0.00817109841043276,0.6,checkpoints/mlp_Vc_trial_655_best_state.pt,"{'learning_rate': 0.00817109841043276, 'lr_reduce': 0.6}",TPESampler,COMPLETE
656,0.03558022901415825,2025-04-25 23:41:32.342825,2025-04-25 23:41:51.453766,0 days 00:00:19.110941,0.0011945758971792161,32,112,368.0,,3,0.004542671891541827,0.6,checkpoints/mlp_Vc_trial_656_best_state.pt,"{'learning_rate': 0.004542671891541827, 'lr_reduce': 0.6}",TPESampler,COMPLETE
657,0.11650227010250092,2025-04-25 23:41:42.556059,2025-04-25 23:42:02.125289,0 days 00:00:19.569230,0.057466292547451336,32,160,304.0,448.0,4,0.0005064717518448562,0.6,checkpoints/mlp_Vc_trial_657_best_state.pt,"{'learning_rate': 0.0005064717518448562, 'lr_reduce': 0.6}",TPESampler,COMPLETE
658,0.039420194923877716,2025-04-25 23:41:43.001017,2025-04-25 23:41:56.977785,0 days 00:00:13.976768,0.008514174065289799,32,192,464.0,352.0,4,0.0037776473224663426,0.6,checkpoints/mlp_Vc_trial_658_best_state.pt,"{'learning_rate': 0.0037776473224663426, 'lr_reduce': 0.6}",TPESampler,COMPLETE
659,0.06906634569168091,2025-04-25 23:41:51.752176,2025-04-25 23:42:03.740077,0 days 00:00:11.987901,0.1313575464513907,256,224,336.0,224.0,4,0.008867888058220759,0.6,checkpoints/mlp_Vc_trial_659_best_state.pt,"{'learning_rate': 0.008867888058220759, 'lr_reduce': 0.6}",TPESampler,COMPLETE
660,0.1095414012670517,2025-04-25 23:41:57.270456,2025-04-25 23:42:39.091849,0 days 00:00:41.821393,0.05253259843977919,64,192,,,2,0.0002542957118607382,0.6,checkpoints/mlp_Vc_trial_660_best_state.pt,"{'learning_rate': 0.0002542957118607382, 'lr_reduce': 0.6}",TPESampler,COMPLETE
661,0.05804167687892914,2025-04-25 23:42:02.421149,2025-04-25 23:42:10.613803,0 days 00:00:08.192654,0.06746339433349756,32,64,336.0,,3,0.0033235110931183836,0.6,checkpoints/mlp_Vc_trial_661_best_state.pt,"{'learning_rate': 0.0033235110931183836, 'lr_reduce': 0.6}",TPESampler,COMPLETE
662,0.061306823045015335,2025-04-25 23:42:04.119690,2025-04-25 23:42:11.572408,0 days 00:00:07.452718,0.06822602711438057,32,112,352.0,,3,0.008593371726332613,0.6,checkpoints/mlp_Vc_trial_662_best_state.pt,"{'learning_rate': 0.008593371726332613, 'lr_reduce': 0.6}",TPESampler,COMPLETE
663,0.05154220387339592,2025-04-25 23:42:10.952246,2025-04-25 23:42:21.082074,0 days 00:00:10.129828,0.011037413000208014,80,128,368.0,,3,0.004374012544938095,0.6,checkpoints/mlp_Vc_trial_663_best_state.pt,"{'learning_rate': 0.004374012544938095, 'lr_reduce': 0.6}",TPESampler,COMPLETE
664,0.03964303433895111,2025-04-25 23:42:11.909162,2025-04-25 23:42:20.231849,0 days 00:00:08.322687,0.015942919319251223,32,32,288.0,,3,0.00989560597587648,0.6,checkpoints/mlp_Vc_trial_664_best_state.pt,"{'learning_rate': 0.00989560597587648, 'lr_reduce': 0.6}",TPESampler,COMPLETE
665,0.044572897255420685,2025-04-25 23:42:20.503434,2025-04-25 23:42:34.640915,0 days 00:00:14.137481,0.022106606856498987,32,112,368.0,,3,0.0031732024353519008,0.6,checkpoints/mlp_Vc_trial_665_best_state.pt,"{'learning_rate': 0.0031732024353519008, 'lr_reduce': 0.6}",TPESampler,COMPLETE
666,0.05036288499832153,2025-04-25 23:42:21.391320,2025-04-25 23:42:35.924489,0 days 00:00:14.533169,0.0012596197644116833,48,160,368.0,,3,0.003240097932010143,0.6,checkpoints/mlp_Vc_trial_666_best_state.pt,"{'learning_rate': 0.003240097932010143, 'lr_reduce': 0.6}",TPESampler,COMPLETE
667,0.06091561168432236,2025-04-25 23:42:34.939809,2025-04-25 23:42:46.825202,0 days 00:00:11.885393,0.05878624836715928,112,96,320.0,,3,0.009612289876339367,0.6,checkpoints/mlp_Vc_trial_667_best_state.pt,"{'learning_rate': 0.009612289876339367, 'lr_reduce': 0.6}",TPESampler,COMPLETE
668,0.03882588818669319,2025-04-25 23:42:36.269410,2025-04-25 23:42:54.829027,0 days 00:00:18.559617,0.0050463020893449975,32,96,384.0,,3,0.0032221338310236217,0.6,checkpoints/mlp_Vc_trial_668_best_state.pt,"{'learning_rate': 0.0032221338310236217, 'lr_reduce': 0.6}",TPESampler,COMPLETE
669,0.05820685252547264,2025-04-25 23:42:39.432402,2025-04-25 23:42:54.543784,0 days 00:00:15.111382,0.050623888040089396,32,160,368.0,,3,0.006491787146602293,0.6,checkpoints/mlp_Vc_trial_669_best_state.pt,"{'learning_rate': 0.006491787146602293, 'lr_reduce': 0.6}",TPESampler,COMPLETE
670,0.0732603371143341,2025-04-25 23:42:47.306798,2025-04-25 23:43:01.164649,0 days 00:00:13.857851,0.001607724122936518,96,160,384.0,,3,0.005741481297196669,0.6,checkpoints/mlp_Vc_trial_670_best_state.pt,"{'learning_rate': 0.005741481297196669, 'lr_reduce': 0.6}",TPESampler,COMPLETE
671,0.10260101407766342,2025-04-25 23:42:54.868259,2025-04-25 23:43:09.850900,0 days 00:00:14.982641,0.05462831747062065,128,80,,,2,0.0028083320891998213,0.6,checkpoints/mlp_Vc_trial_671_best_state.pt,"{'learning_rate': 0.0028083320891998213, 'lr_reduce': 0.6}",TPESampler,COMPLETE
672,0.09202729165554047,2025-04-25 23:42:55.204383,2025-04-25 23:43:08.567951,0 days 00:00:13.363568,0.13878282381965762,48,368,144.0,112.0,4,0.0011359351660408877,0.6,checkpoints/mlp_Vc_trial_672_best_state.pt,"{'learning_rate': 0.0011359351660408877, 'lr_reduce': 0.6}",TPESampler,COMPLETE
673,0.07678858935832977,2025-04-25 23:43:01.430016,2025-04-25 23:43:09.951940,0 days 00:00:08.521924,0.07328151480136871,112,64,304.0,,3,0.005586894974913616,0.6,checkpoints/mlp_Vc_trial_673_best_state.pt,"{'learning_rate': 0.005586894974913616, 'lr_reduce': 0.6}",TPESampler,COMPLETE
674,0.05051092430949211,2025-04-25 23:43:08.879294,2025-04-25 23:43:25.265153,0 days 00:00:16.385859,0.00020604744593944856,96,32,400.0,,3,0.003797987259081521,0.6,checkpoints/mlp_Vc_trial_674_best_state.pt,"{'learning_rate': 0.003797987259081521, 'lr_reduce': 0.6}",TPESampler,COMPLETE
