number,value,datetime_start,datetime_complete,duration,params_final_dropout,params_mlp_dim_00,params_mlp_dim_01,params_mlp_dim_02,params_mlp_dim_03,params_mlp_n_layers,params_train_learning_rate,params_train_lr_reduce,user_attrs_best_state_dict_path,user_attrs_training_params,system_attrs_auto:sampler,state
1867,0.07537583261728287,2025-04-26 01:18:17.411292,2025-04-26 01:18:30.795088,0 days 00:00:13.383796,0.059020416484674924,80,128,320.0,,3,0.009492462720000172,0.6,checkpoints/mlp_Vc_trial_1867_best_state.pt,"{'learning_rate': 0.009492462720000172, 'lr_reduce': 0.6}",TPESampler,COMPLETE
1868,0.05008932203054428,2025-04-26 01:18:18.943249,2025-04-26 01:18:29.518700,0 days 00:00:10.575451,0.044029569991588594,32,48,384.0,,3,0.004353798305068963,0.6,checkpoints/mlp_Vc_trial_1868_best_state.pt,"{'learning_rate': 0.004353798305068963, 'lr_reduce': 0.6}",TPESampler,COMPLETE
1869,0.043053314089775085,2025-04-26 01:18:26.990594,2025-04-26 01:18:46.329839,0 days 00:00:19.339245,0.004075693988174961,32,112,272.0,,3,0.009159548310450398,0.6,checkpoints/mlp_Vc_trial_1869_best_state.pt,"{'learning_rate': 0.009159548310450398, 'lr_reduce': 0.6}",TPESampler,COMPLETE
1870,0.06921329349279404,2025-04-26 01:18:29.918243,2025-04-26 01:18:41.420241,0 days 00:00:11.501998,0.012220810052199355,32,128,,,2,0.003081423102956526,0.6,checkpoints/mlp_Vc_trial_1870_best_state.pt,"{'learning_rate': 0.003081423102956526, 'lr_reduce': 0.6}",TPESampler,COMPLETE
1871,0.0394514836370945,2025-04-26 01:18:31.190016,2025-04-26 01:18:41.653035,0 days 00:00:10.463019,0.0032166068763206635,32,48,416.0,80.0,4,0.005558232796265703,0.6,checkpoints/mlp_Vc_trial_1871_best_state.pt,"{'learning_rate': 0.005558232796265703, 'lr_reduce': 0.6}",TPESampler,COMPLETE
1872,0.0413835272192955,2025-04-26 01:18:41.741409,2025-04-26 01:18:55.347854,0 days 00:00:13.606445,0.003891855382996494,32,96,144.0,,3,0.005863925022652466,0.6,checkpoints/mlp_Vc_trial_1872_best_state.pt,"{'learning_rate': 0.005863925022652466, 'lr_reduce': 0.6}",TPESampler,COMPLETE
1873,0.08640633523464203,2025-04-26 01:18:42.118928,2025-04-26 01:18:56.269733,0 days 00:00:14.150805,0.07336565445398462,160,240,,,2,0.00923375362723512,0.6,checkpoints/mlp_Vc_trial_1873_best_state.pt,"{'learning_rate': 0.00923375362723512, 'lr_reduce': 0.6}",TPESampler,COMPLETE
1874,0.12515580654144287,2025-04-26 01:18:46.681854,2025-04-26 01:19:07.753382,0 days 00:00:21.071528,0.03058587337454658,160,48,352.0,,3,0.0006531637143584003,0.6,checkpoints/mlp_Vc_trial_1874_best_state.pt,"{'learning_rate': 0.0006531637143584003, 'lr_reduce': 0.6}",TPESampler,COMPLETE
1875,0.06727317720651627,2025-04-26 01:18:55.717107,2025-04-26 01:19:07.003454,0 days 00:00:11.286347,0.006971980673562085,112,144,464.0,32.0,4,0.003450642388540289,0.6,checkpoints/mlp_Vc_trial_1875_best_state.pt,"{'learning_rate': 0.003450642388540289, 'lr_reduce': 0.6}",TPESampler,COMPLETE
1876,0.0653657540678978,2025-04-26 01:18:56.709493,2025-04-26 01:19:05.186209,0 days 00:00:08.476716,0.003450615166546221,128,32,304.0,112.0,4,0.004289419433518483,0.6,checkpoints/mlp_Vc_trial_1876_best_state.pt,"{'learning_rate': 0.004289419433518483, 'lr_reduce': 0.6}",TPESampler,COMPLETE
1877,0.06886491179466248,2025-04-26 01:19:05.559429,2025-04-26 01:19:14.301074,0 days 00:00:08.741645,0.06685404275186364,112,112,224.0,176.0,4,0.004887088752958968,0.6,checkpoints/mlp_Vc_trial_1877_best_state.pt,"{'learning_rate': 0.004887088752958968, 'lr_reduce': 0.6}",TPESampler,COMPLETE
1878,0.10474572330713272,2025-04-26 01:19:07.350941,2025-04-26 01:19:23.320204,0 days 00:00:15.969263,0.11424256860153588,432,304,,,2,0.0040553647557572,0.6,checkpoints/mlp_Vc_trial_1878_best_state.pt,"{'learning_rate': 0.0040553647557572, 'lr_reduce': 0.6}",TPESampler,COMPLETE
1879,0.11777597665786743,2025-04-26 01:19:08.154392,2025-04-26 01:19:22.205214,0 days 00:00:14.050822,0.00015318511474236678,128,256,368.0,,3,0.0012616066776855784,0.6,checkpoints/mlp_Vc_trial_1879_best_state.pt,"{'learning_rate': 0.0012616066776855784, 'lr_reduce': 0.6}",TPESampler,COMPLETE
1880,0.06400835514068604,2025-04-26 01:19:14.671134,2025-04-26 01:19:24.588440,0 days 00:00:09.917306,0.035768115307890196,64,32,304.0,,3,0.00914516377622846,0.6,checkpoints/mlp_Vc_trial_1880_best_state.pt,"{'learning_rate': 0.00914516377622846, 'lr_reduce': 0.6}",TPESampler,COMPLETE
1881,0.06300768256187439,2025-04-26 01:19:22.527262,2025-04-26 01:19:41.652949,0 days 00:00:19.125687,0.0446000971756658,32,96,,,2,0.005629758569696248,0.6,checkpoints/mlp_Vc_trial_1881_best_state.pt,"{'learning_rate': 0.005629758569696248, 'lr_reduce': 0.6}",TPESampler,COMPLETE
1882,0.052789345383644104,2025-04-26 01:19:23.648447,2025-04-26 01:19:32.633221,0 days 00:00:08.984774,0.0010745579710500738,32,128,400.0,80.0,4,0.0029331034459957233,0.6,checkpoints/mlp_Vc_trial_1882_best_state.pt,"{'learning_rate': 0.0029331034459957233, 'lr_reduce': 0.6}",TPESampler,COMPLETE
1883,0.0631580650806427,2025-04-26 01:19:24.906718,2025-04-26 01:19:34.654778,0 days 00:00:09.748060,0.04894675432438183,96,96,352.0,,3,0.009969804076296322,0.6,checkpoints/mlp_Vc_trial_1883_best_state.pt,"{'learning_rate': 0.009969804076296322, 'lr_reduce': 0.6}",TPESampler,COMPLETE
1884,0.04238786920905113,2025-04-26 01:19:33.015058,2025-04-26 01:19:41.426521,0 days 00:00:08.411463,0.037896569398831015,32,48,256.0,,3,0.00998286905464811,0.6,checkpoints/mlp_Vc_trial_1884_best_state.pt,"{'learning_rate': 0.00998286905464811, 'lr_reduce': 0.6}",TPESampler,COMPLETE
1885,0.05490263178944588,2025-04-26 01:19:35.016990,2025-04-26 01:19:46.739951,0 days 00:00:11.722961,0.004497151588653752,32,208,432.0,32.0,4,0.007576517590081757,0.6,checkpoints/mlp_Vc_trial_1885_best_state.pt,"{'learning_rate': 0.007576517590081757, 'lr_reduce': 0.6}",TPESampler,COMPLETE
1886,0.05289573594927788,2025-04-26 01:19:41.767608,2025-04-26 01:19:53.719806,0 days 00:00:11.952198,0.002397125564075136,48,208,352.0,,3,0.008035084764231861,0.6,checkpoints/mlp_Vc_trial_1886_best_state.pt,"{'learning_rate': 0.008035084764231861, 'lr_reduce': 0.6}",TPESampler,COMPLETE
1887,0.11044131964445114,2025-04-26 01:19:42.134252,2025-04-26 01:19:57.557001,0 days 00:00:15.422749,0.01081078394696508,432,96,,,2,0.003065544118974816,0.6,checkpoints/mlp_Vc_trial_1887_best_state.pt,"{'learning_rate': 0.003065544118974816, 'lr_reduce': 0.6}",TPESampler,COMPLETE
1888,0.06785008311271667,2025-04-26 01:19:47.150406,2025-04-26 01:19:57.609777,0 days 00:00:10.459371,0.04633075934823678,112,160,304.0,,3,0.0025062828936470868,0.6,checkpoints/mlp_Vc_trial_1888_best_state.pt,"{'learning_rate': 0.0025062828936470868, 'lr_reduce': 0.6}",TPESampler,COMPLETE
1889,0.08014480024576187,2025-04-26 01:19:54.235876,2025-04-26 01:20:03.864368,0 days 00:00:09.628492,0.04857894211790988,128,32,400.0,112.0,4,0.007328385656390224,0.6,checkpoints/mlp_Vc_trial_1889_best_state.pt,"{'learning_rate': 0.007328385656390224, 'lr_reduce': 0.6}",TPESampler,COMPLETE
1890,0.06319902837276459,2025-04-26 01:19:57.874545,2025-04-26 01:20:18.711770,0 days 00:00:20.837225,0.02151536020930875,256,208,512.0,,3,0.008535874842999855,0.6,checkpoints/mlp_Vc_trial_1890_best_state.pt,"{'learning_rate': 0.008535874842999855, 'lr_reduce': 0.6}",TPESampler,COMPLETE
1891,0.052327465265989304,2025-04-26 01:19:57.970244,2025-04-26 01:20:09.058885,0 days 00:00:11.088641,0.023626645733004253,48,32,192.0,80.0,4,0.003901376504539839,0.6,checkpoints/mlp_Vc_trial_1891_best_state.pt,"{'learning_rate': 0.003901376504539839, 'lr_reduce': 0.6}",TPESampler,COMPLETE
1892,0.05235222354531288,2025-04-26 01:20:04.295246,2025-04-26 01:20:15.653081,0 days 00:00:11.357835,0.04500337056719337,32,112,256.0,,3,0.004055074506397465,0.6,checkpoints/mlp_Vc_trial_1892_best_state.pt,"{'learning_rate': 0.004055074506397465, 'lr_reduce': 0.6}",TPESampler,COMPLETE
1893,0.07380501180887222,2025-04-26 01:20:09.467975,2025-04-26 01:20:19.385450,0 days 00:00:09.917475,0.0020611714248805453,144,128,320.0,,3,0.004577400039220046,0.6,checkpoints/mlp_Vc_trial_1893_best_state.pt,"{'learning_rate': 0.004577400039220046, 'lr_reduce': 0.6}",TPESampler,COMPLETE
1894,0.09484033286571503,2025-04-26 01:20:16.045964,2025-04-26 01:20:29.951816,0 days 00:00:13.905852,0.08651003921689102,96,144,,,2,0.0024878330937781286,0.6,checkpoints/mlp_Vc_trial_1894_best_state.pt,"{'learning_rate': 0.0024878330937781286, 'lr_reduce': 0.6}",TPESampler,COMPLETE
1895,0.1716098040342331,2025-04-26 01:20:19.056097,2025-04-26 01:20:28.158406,0 days 00:00:09.102309,0.2859721457300185,416,96,384.0,32.0,4,0.009583422907921753,0.6,checkpoints/mlp_Vc_trial_1895_best_state.pt,"{'learning_rate': 0.009583422907921753, 'lr_reduce': 0.6}",TPESampler,COMPLETE
1896,0.058965589851140976,2025-04-26 01:20:19.809476,2025-04-26 01:20:37.313553,0 days 00:00:17.504077,0.08238629236911058,32,32,,,2,0.006157572466130544,0.6,checkpoints/mlp_Vc_trial_1896_best_state.pt,"{'learning_rate': 0.006157572466130544, 'lr_reduce': 0.6}",TPESampler,COMPLETE
1897,0.05684999004006386,2025-04-26 01:20:28.475654,2025-04-26 01:20:42.745996,0 days 00:00:14.270342,0.025569558993277973,32,80,336.0,128.0,4,0.009647074608391721,0.6,checkpoints/mlp_Vc_trial_1897_best_state.pt,"{'learning_rate': 0.009647074608391721, 'lr_reduce': 0.6}",TPESampler,COMPLETE
1898,0.0589597262442112,2025-04-26 01:20:30.315748,2025-04-26 01:20:39.486958,0 days 00:00:09.171210,0.05431081731154642,32,112,464.0,80.0,4,0.003853610760448194,0.6,checkpoints/mlp_Vc_trial_1898_best_state.pt,"{'learning_rate': 0.003853610760448194, 'lr_reduce': 0.6}",TPESampler,COMPLETE
1899,0.041609205305576324,2025-04-26 01:20:37.701844,2025-04-26 01:20:52.639746,0 days 00:00:14.937902,0.005184430567653353,32,32,288.0,176.0,4,0.006893575570395461,0.6,checkpoints/mlp_Vc_trial_1899_best_state.pt,"{'learning_rate': 0.006893575570395461, 'lr_reduce': 0.6}",TPESampler,COMPLETE
1900,0.03230288624763489,2025-04-26 01:20:39.876936,2025-04-26 01:20:49.951681,0 days 00:00:10.074745,0.008506894365032377,32,32,384.0,,3,0.00814968011880058,0.6,checkpoints/mlp_Vc_trial_1900_best_state.pt,"{'learning_rate': 0.00814968011880058, 'lr_reduce': 0.6}",TPESampler,COMPLETE
1901,0.058960702270269394,2025-04-26 01:20:43.133466,2025-04-26 01:20:58.280899,0 days 00:00:15.147433,0.0071354067817099905,144,32,336.0,32.0,4,0.0018623390682026243,0.6,checkpoints/mlp_Vc_trial_1901_best_state.pt,"{'learning_rate': 0.0018623390682026243, 'lr_reduce': 0.6}",TPESampler,COMPLETE
1902,0.07493051141500473,2025-04-26 01:20:50.345210,2025-04-26 01:21:01.513437,0 days 00:00:11.168227,0.005483346462559387,96,272,,,2,0.004113847098344529,0.6,checkpoints/mlp_Vc_trial_1902_best_state.pt,"{'learning_rate': 0.004113847098344529, 'lr_reduce': 0.6}",TPESampler,COMPLETE
1903,0.13942652940750122,2025-04-26 01:20:53.000349,2025-04-26 01:21:09.157175,0 days 00:00:16.156826,0.28363615512698,480,448,,,2,0.002594269489676757,0.6,checkpoints/mlp_Vc_trial_1903_best_state.pt,"{'learning_rate': 0.002594269489676757, 'lr_reduce': 0.6}",TPESampler,COMPLETE
1904,0.06556416302919388,2025-04-26 01:20:58.678077,2025-04-26 01:21:09.910994,0 days 00:00:11.232917,0.04018786368304085,112,112,432.0,,3,0.004082889121096544,0.6,checkpoints/mlp_Vc_trial_1904_best_state.pt,"{'learning_rate': 0.004082889121096544, 'lr_reduce': 0.6}",TPESampler,COMPLETE
1905,0.11919838190078735,2025-04-26 01:21:01.859588,2025-04-26 01:21:16.494698,0 days 00:00:14.635110,0.16840215451767396,448,432,432.0,,3,0.003782729042337935,0.6,checkpoints/mlp_Vc_trial_1905_best_state.pt,"{'learning_rate': 0.003782729042337935, 'lr_reduce': 0.6}",TPESampler,COMPLETE
1906,0.04244767874479294,2025-04-26 01:21:09.531717,2025-04-26 01:21:22.858326,0 days 00:00:13.326609,0.010664563538901347,32,32,400.0,128.0,4,0.0035414574478435414,0.6,checkpoints/mlp_Vc_trial_1906_best_state.pt,"{'learning_rate': 0.0035414574478435414, 'lr_reduce': 0.6}",TPESampler,COMPLETE
1907,0.04819049313664436,2025-04-26 01:21:10.346250,2025-04-26 01:21:19.958378,0 days 00:00:09.612128,0.0006831772222990813,32,64,480.0,,3,0.0060164731149145905,0.6,checkpoints/mlp_Vc_trial_1907_best_state.pt,"{'learning_rate': 0.0060164731149145905, 'lr_reduce': 0.6}",TPESampler,COMPLETE
1908,0.09903006255626678,2025-04-26 01:21:16.917469,2025-04-26 01:21:28.876939,0 days 00:00:11.959470,0.19571539260325427,384,272,400.0,,3,0.0014426043439276462,0.6,checkpoints/mlp_Vc_trial_1908_best_state.pt,"{'learning_rate': 0.0014426043439276462, 'lr_reduce': 0.6}",TPESampler,COMPLETE
1909,0.09091387689113617,2025-04-26 01:21:20.304131,2025-04-26 01:21:29.457243,0 days 00:00:09.153112,0.05093690242932838,112,32,224.0,80.0,4,0.002063506514685598,0.6,checkpoints/mlp_Vc_trial_1909_best_state.pt,"{'learning_rate': 0.002063506514685598, 'lr_reduce': 0.6}",TPESampler,COMPLETE
1910,0.05124305561184883,2025-04-26 01:21:23.194988,2025-04-26 01:21:32.543796,0 days 00:00:09.348808,0.05993059186859805,32,48,432.0,,3,0.009388870724339032,0.6,checkpoints/mlp_Vc_trial_1910_best_state.pt,"{'learning_rate': 0.009388870724339032, 'lr_reduce': 0.6}",TPESampler,COMPLETE
1911,0.16698667407035828,2025-04-26 01:21:29.395988,2025-04-26 01:21:52.995702,0 days 00:00:23.599714,0.22252164337059654,112,272,384.0,,3,0.0002956528135568964,0.6,checkpoints/mlp_Vc_trial_1911_best_state.pt,"{'learning_rate': 0.0002956528135568964, 'lr_reduce': 0.6}",TPESampler,COMPLETE
1912,0.06829822808504105,2025-04-26 01:21:29.932836,2025-04-26 01:21:42.942066,0 days 00:00:13.009230,0.05323107543942417,32,64,384.0,32.0,4,0.0017913880554170317,0.6,checkpoints/mlp_Vc_trial_1912_best_state.pt,"{'learning_rate': 0.0017913880554170317, 'lr_reduce': 0.6}",TPESampler,COMPLETE
1913,0.06082561984658241,2025-04-26 01:21:32.891294,2025-04-26 01:21:43.236486,0 days 00:00:10.345192,0.09875158830563706,96,128,240.0,,3,0.0051532607670517405,0.6,checkpoints/mlp_Vc_trial_1913_best_state.pt,"{'learning_rate': 0.0051532607670517405, 'lr_reduce': 0.6}",TPESampler,COMPLETE
1914,0.040740933269262314,2025-04-26 01:21:43.293966,2025-04-26 01:21:53.436503,0 days 00:00:10.142537,0.006144971994209782,32,32,448.0,80.0,4,0.0064519410242522435,0.6,checkpoints/mlp_Vc_trial_1914_best_state.pt,"{'learning_rate': 0.0064519410242522435, 'lr_reduce': 0.6}",TPESampler,COMPLETE
1915,0.05032210424542427,2025-04-26 01:21:43.611482,2025-04-26 01:21:55.908254,0 days 00:00:12.296772,0.00781585788792549,32,176,272.0,128.0,4,0.004974225819000762,0.6,checkpoints/mlp_Vc_trial_1915_best_state.pt,"{'learning_rate': 0.004974225819000762, 'lr_reduce': 0.6}",TPESampler,COMPLETE
1916,0.05290544778108597,2025-04-26 01:21:53.341590,2025-04-26 01:22:06.152430,0 days 00:00:12.810840,0.044545525086760004,32,256,384.0,,3,0.005544132584613063,0.6,checkpoints/mlp_Vc_trial_1916_best_state.pt,"{'learning_rate': 0.005544132584613063, 'lr_reduce': 0.6}",TPESampler,COMPLETE
1917,0.07338055968284607,2025-04-26 01:21:54.060264,2025-04-26 01:22:02.402452,0 days 00:00:08.342188,0.05563968140364904,96,192,352.0,80.0,4,0.004228815920827759,0.6,checkpoints/mlp_Vc_trial_1917_best_state.pt,"{'learning_rate': 0.004228815920827759, 'lr_reduce': 0.6}",TPESampler,COMPLETE
1918,0.07692617923021317,2025-04-26 01:21:56.271600,2025-04-26 01:22:04.979183,0 days 00:00:08.707583,0.2003177018696805,32,448,192.0,,3,0.004357499656973946,0.6,checkpoints/mlp_Vc_trial_1918_best_state.pt,"{'learning_rate': 0.004357499656973946, 'lr_reduce': 0.6}",TPESampler,COMPLETE
1919,0.15953008830547333,2025-04-26 01:22:02.777634,2025-04-26 01:22:45.938029,0 days 00:00:43.160395,0.21222111027140453,352,512,,,2,0.0002487433561619326,0.6,checkpoints/mlp_Vc_trial_1919_best_state.pt,"{'learning_rate': 0.0002487433561619326, 'lr_reduce': 0.6}",TPESampler,COMPLETE
1920,0.05197232961654663,2025-04-26 01:22:05.367371,2025-04-26 01:22:15.537216,0 days 00:00:10.169845,0.046972377241869784,32,224,416.0,32.0,4,0.004278429992570586,0.6,checkpoints/mlp_Vc_trial_1920_best_state.pt,"{'learning_rate': 0.004278429992570586, 'lr_reduce': 0.6}",TPESampler,COMPLETE
1921,0.06835353374481201,2025-04-26 01:22:06.591591,2025-04-26 01:22:16.707090,0 days 00:00:10.115499,0.0410226114522681,80,32,288.0,,3,0.009510303330900246,0.6,checkpoints/mlp_Vc_trial_1921_best_state.pt,"{'learning_rate': 0.009510303330900246, 'lr_reduce': 0.6}",TPESampler,COMPLETE
1922,0.047146521508693695,2025-04-26 01:22:15.917617,2025-04-26 01:22:34.503126,0 days 00:00:18.585509,0.0060390133207825865,32,128,368.0,208.0,4,0.0032919834289468815,0.6,checkpoints/mlp_Vc_trial_1922_best_state.pt,"{'learning_rate': 0.0032919834289468815, 'lr_reduce': 0.6}",TPESampler,COMPLETE
1923,0.06881366670131683,2025-04-26 01:22:17.202201,2025-04-26 01:22:33.728416,0 days 00:00:16.526215,0.0028423798470435984,64,128,336.0,,3,0.0016696423876846461,0.6,checkpoints/mlp_Vc_trial_1923_best_state.pt,"{'learning_rate': 0.0016696423876846461, 'lr_reduce': 0.6}",TPESampler,COMPLETE
1924,0.045945215970277786,2025-04-26 01:22:34.364577,2025-04-26 01:22:45.858953,0 days 00:00:11.494376,0.001782751251858108,128,48,112.0,,3,0.009436806692525708,0.6,checkpoints/mlp_Vc_trial_1924_best_state.pt,"{'learning_rate': 0.009436806692525708, 'lr_reduce': 0.6}",TPESampler,COMPLETE
1925,0.16710799932479858,2025-04-26 01:22:34.978465,2025-04-26 01:22:41.595096,0 days 00:00:06.616631,0.23875478183537474,48,32,464.0,,3,0.005918104390349638,0.6,checkpoints/mlp_Vc_trial_1925_best_state.pt,"{'learning_rate': 0.005918104390349638, 'lr_reduce': 0.6}",TPESampler,COMPLETE
1926,0.05694829672574997,2025-04-26 01:22:41.951401,2025-04-26 01:22:56.103961,0 days 00:00:14.152560,0.005080890009287655,48,176,,,2,0.008666118378820574,0.6,checkpoints/mlp_Vc_trial_1926_best_state.pt,"{'learning_rate': 0.008666118378820574, 'lr_reduce': 0.6}",TPESampler,COMPLETE
1927,0.07165370881557465,2025-04-26 01:22:46.332251,2025-04-26 01:22:58.320856,0 days 00:00:11.988605,0.0781001545248841,48,176,,,2,0.009861353896382385,0.6,checkpoints/mlp_Vc_trial_1927_best_state.pt,"{'learning_rate': 0.009861353896382385, 'lr_reduce': 0.6}",TPESampler,COMPLETE
1928,0.0813063234090805,2025-04-26 01:22:46.434629,2025-04-26 01:23:05.452327,0 days 00:00:19.017698,0.08771110903724995,128,288,256.0,,3,0.004646658635704469,0.6,checkpoints/mlp_Vc_trial_1928_best_state.pt,"{'learning_rate': 0.004646658635704469, 'lr_reduce': 0.6}",TPESampler,COMPLETE
1929,0.056089241057634354,2025-04-26 01:22:56.573268,2025-04-26 01:23:07.529325,0 days 00:00:10.956057,0.051025870047228694,32,64,416.0,,3,0.004460708931942016,0.6,checkpoints/mlp_Vc_trial_1929_best_state.pt,"{'learning_rate': 0.004460708931942016, 'lr_reduce': 0.6}",TPESampler,COMPLETE
1930,0.07644820213317871,2025-04-26 01:22:58.706003,2025-04-26 01:23:10.664293,0 days 00:00:11.958290,0.00672793387949794,112,64,320.0,128.0,4,0.009960968042575515,0.6,checkpoints/mlp_Vc_trial_1930_best_state.pt,"{'learning_rate': 0.009960968042575515, 'lr_reduce': 0.6}",TPESampler,COMPLETE
1931,0.05806830897927284,2025-04-26 01:23:05.828710,2025-04-26 01:23:14.115405,0 days 00:00:08.286695,0.0012577502663069908,128,32,368.0,80.0,4,0.0025108762793598955,0.6,checkpoints/mlp_Vc_trial_1931_best_state.pt,"{'learning_rate': 0.0025108762793598955, 'lr_reduce': 0.6}",TPESampler,COMPLETE
1932,0.04749715328216553,2025-04-26 01:23:07.863465,2025-04-26 01:23:24.448583,0 days 00:00:16.585118,0.007739432830264296,32,128,288.0,,3,0.0017454761152455609,0.6,checkpoints/mlp_Vc_trial_1932_best_state.pt,"{'learning_rate': 0.0017454761152455609, 'lr_reduce': 0.6}",TPESampler,COMPLETE
1933,0.057954542338848114,2025-04-26 01:23:11.054845,2025-04-26 01:23:23.749232,0 days 00:00:12.694387,0.030109916315615125,32,112,224.0,32.0,4,0.0021741221580283154,0.6,checkpoints/mlp_Vc_trial_1933_best_state.pt,"{'learning_rate': 0.0021741221580283154, 'lr_reduce': 0.6}",TPESampler,COMPLETE
1934,0.06315506994724274,2025-04-26 01:23:14.444141,2025-04-26 01:23:23.333500,0 days 00:00:08.889359,0.04088589579299968,112,96,368.0,160.0,4,0.0037135894978848295,0.6,checkpoints/mlp_Vc_trial_1934_best_state.pt,"{'learning_rate': 0.0037135894978848295, 'lr_reduce': 0.6}",TPESampler,COMPLETE
1935,0.052752528339624405,2025-04-26 01:23:23.772357,2025-04-26 01:23:35.093123,0 days 00:00:11.320766,0.04947872644867083,32,144,416.0,,3,0.00626366201387807,0.6,checkpoints/mlp_Vc_trial_1935_best_state.pt,"{'learning_rate': 0.00626366201387807, 'lr_reduce': 0.6}",TPESampler,COMPLETE
1936,0.635101854801178,2025-04-26 01:23:24.110425,2025-04-26 01:23:28.331246,0 days 00:00:04.220821,0.281631720907148,128,352,320.0,,3,0.008985603327628782,0.6,checkpoints/mlp_Vc_trial_1936_best_state.pt,"{'learning_rate': 0.008985603327628782, 'lr_reduce': 0.6}",TPESampler,COMPLETE
1937,0.053872376680374146,2025-04-26 01:23:24.786676,2025-04-26 01:23:35.553451,0 days 00:00:10.766775,0.051147169653420525,32,176,368.0,80.0,4,0.00457653565202082,0.6,checkpoints/mlp_Vc_trial_1937_best_state.pt,"{'learning_rate': 0.00457653565202082, 'lr_reduce': 0.6}",TPESampler,COMPLETE
1938,0.04258418828248978,2025-04-26 01:23:28.726902,2025-04-26 01:23:40.728548,0 days 00:00:12.001646,0.0008009225444481471,32,64,272.0,,3,0.005498304949007139,0.6,checkpoints/mlp_Vc_trial_1938_best_state.pt,"{'learning_rate': 0.005498304949007139, 'lr_reduce': 0.6}",TPESampler,COMPLETE
1939,0.04050849750638008,2025-04-26 01:23:35.468721,2025-04-26 01:23:46.237399,0 days 00:00:10.768678,0.004998941576628292,32,96,512.0,32.0,4,0.004031370558656624,0.6,checkpoints/mlp_Vc_trial_1939_best_state.pt,"{'learning_rate': 0.004031370558656624, 'lr_reduce': 0.6}",TPESampler,COMPLETE
1940,0.10136989504098892,2025-04-26 01:23:36.083541,2025-04-26 01:23:53.407042,0 days 00:00:17.323501,0.049380280825110895,112,80,,,2,0.00349405998823286,0.6,checkpoints/mlp_Vc_trial_1940_best_state.pt,"{'learning_rate': 0.00349405998823286, 'lr_reduce': 0.6}",TPESampler,COMPLETE
1941,0.10655001550912857,2025-04-26 01:23:41.110510,2025-04-26 01:24:15.652083,0 days 00:00:34.541573,0.0006207493977006297,144,80,,,2,0.0016156981036204237,0.6,checkpoints/mlp_Vc_trial_1941_best_state.pt,"{'learning_rate': 0.0016156981036204237, 'lr_reduce': 0.6}",TPESampler,COMPLETE
