number,value,datetime_start,datetime_complete,duration,params_final_dropout,params_mlp_dim_00,params_mlp_dim_01,params_mlp_dim_02,params_mlp_dim_03,params_mlp_n_layers,params_train_learning_rate,params_train_lr_reduce,user_attrs_best_state_dict_path,user_attrs_training_params,system_attrs_auto:sampler,state
375,0.2282690703868866,2025-04-25 23:20:01.220583,2025-04-25 23:20:31.088008,0 days 00:00:29.867425,0.01968360309220135,416,400,400.0,48.0,4,0.00010382269398806166,0.6,checkpoints/mlp_Vc_trial_375_best_state.pt,"{'learning_rate': 0.00010382269398806166, 'lr_reduce': 0.6}",TPESampler,COMPLETE
376,0.06965555995702744,2025-04-25 23:20:13.951579,2025-04-25 23:20:23.985498,0 days 00:00:10.033919,0.07366208260541722,32,144,416.0,144.0,4,0.002154731092455063,0.6,checkpoints/mlp_Vc_trial_376_best_state.pt,"{'learning_rate': 0.002154731092455063, 'lr_reduce': 0.6}",TPESampler,COMPLETE
377,0.08073081076145172,2025-04-25 23:20:16.387611,2025-04-25 23:20:30.234779,0 days 00:00:13.847168,0.022801289930440363,160,400,352.0,,3,0.005478154036928678,0.6,checkpoints/mlp_Vc_trial_377_best_state.pt,"{'learning_rate': 0.005478154036928678, 'lr_reduce': 0.6}",TPESampler,COMPLETE
378,0.04006664454936981,2025-04-25 23:20:24.290447,2025-04-25 23:20:35.525748,0 days 00:00:11.235301,0.009006008240076403,32,208,416.0,,3,0.0043398358684764516,0.6,checkpoints/mlp_Vc_trial_378_best_state.pt,"{'learning_rate': 0.0043398358684764516, 'lr_reduce': 0.6}",TPESampler,COMPLETE
379,0.054479725658893585,2025-04-25 23:20:30.497399,2025-04-25 23:20:40.183653,0 days 00:00:09.686254,0.005842433805899175,80,352,368.0,64.0,4,0.005312573058948309,0.6,checkpoints/mlp_Vc_trial_379_best_state.pt,"{'learning_rate': 0.005312573058948309, 'lr_reduce': 0.6}",TPESampler,COMPLETE
380,0.045769862830638885,2025-04-25 23:20:31.515907,2025-04-25 23:20:48.534801,0 days 00:00:17.018894,0.026516614289533093,32,208,,,2,0.002438347977640374,0.6,checkpoints/mlp_Vc_trial_380_best_state.pt,"{'learning_rate': 0.002438347977640374, 'lr_reduce': 0.6}",TPESampler,COMPLETE
381,0.041298653930425644,2025-04-25 23:20:35.849429,2025-04-25 23:20:45.106274,0 days 00:00:09.256845,0.012440435363912327,32,80,432.0,,3,0.004186481951875525,0.6,checkpoints/mlp_Vc_trial_381_best_state.pt,"{'learning_rate': 0.004186481951875525, 'lr_reduce': 0.6}",TPESampler,COMPLETE
382,0.10656342655420303,2025-04-25 23:20:40.526938,2025-04-25 23:20:49.934264,0 days 00:00:09.407326,0.11419898469071091,480,304,320.0,,3,0.0014561296573049993,0.6,checkpoints/mlp_Vc_trial_382_best_state.pt,"{'learning_rate': 0.0014561296573049993, 'lr_reduce': 0.6}",TPESampler,COMPLETE
383,0.04653201624751091,2025-04-25 23:20:45.426707,2025-04-25 23:20:59.497545,0 days 00:00:14.070838,0.02642990446859184,32,240,384.0,,3,0.0020691494587377133,0.6,checkpoints/mlp_Vc_trial_383_best_state.pt,"{'learning_rate': 0.0020691494587377133, 'lr_reduce': 0.6}",TPESampler,COMPLETE
384,0.07283475995063782,2025-04-25 23:20:48.854344,2025-04-25 23:21:01.365754,0 days 00:00:12.511410,0.0372891312162263,96,112,448.0,,3,0.009799523658808965,0.6,checkpoints/mlp_Vc_trial_384_best_state.pt,"{'learning_rate': 0.009799523658808965, 'lr_reduce': 0.6}",TPESampler,COMPLETE
385,0.058737266808748245,2025-04-25 23:20:50.232490,2025-04-25 23:21:02.385939,0 days 00:00:12.153449,0.005054519187871535,128,128,368.0,,3,0.007278540417294652,0.6,checkpoints/mlp_Vc_trial_385_best_state.pt,"{'learning_rate': 0.007278540417294652, 'lr_reduce': 0.6}",TPESampler,COMPLETE
386,0.0457472987473011,2025-04-25 23:20:59.839747,2025-04-25 23:21:08.426601,0 days 00:00:08.586854,0.05173472475973901,32,48,416.0,,3,0.004441703057448175,0.6,checkpoints/mlp_Vc_trial_386_best_state.pt,"{'learning_rate': 0.004441703057448175, 'lr_reduce': 0.6}",TPESampler,COMPLETE
387,0.06397292017936707,2025-04-25 23:21:01.662543,2025-04-25 23:21:08.425181,0 days 00:00:06.762638,0.08371365912774248,80,48,336.0,,3,0.009059502795332065,0.6,checkpoints/mlp_Vc_trial_387_best_state.pt,"{'learning_rate': 0.009059502795332065, 'lr_reduce': 0.6}",TPESampler,COMPLETE
388,0.05922171100974083,2025-04-25 23:21:02.727075,2025-04-25 23:21:12.238781,0 days 00:00:09.511706,0.05854780913359135,48,176,448.0,,3,0.003283544356537766,0.6,checkpoints/mlp_Vc_trial_388_best_state.pt,"{'learning_rate': 0.003283544356537766, 'lr_reduce': 0.6}",TPESampler,COMPLETE
389,0.03802724555134773,2025-04-25 23:21:08.656697,2025-04-25 23:21:19.958136,0 days 00:00:11.301439,0.007182073038092656,32,144,384.0,,3,0.004134614054903175,0.6,checkpoints/mlp_Vc_trial_389_best_state.pt,"{'learning_rate': 0.004134614054903175, 'lr_reduce': 0.6}",TPESampler,COMPLETE
390,0.08574199676513672,2025-04-25 23:21:08.760255,2025-04-25 23:21:20.074504,0 days 00:00:11.314249,0.0017807092507912022,96,160,,,2,0.0071069504719461826,0.6,checkpoints/mlp_Vc_trial_390_best_state.pt,"{'learning_rate': 0.0071069504719461826, 'lr_reduce': 0.6}",TPESampler,COMPLETE
391,0.05064559727907181,2025-04-25 23:21:12.752507,2025-04-25 23:21:21.642558,0 days 00:00:08.890051,0.010962089726825405,112,32,288.0,,3,0.004442074308943731,0.6,checkpoints/mlp_Vc_trial_391_best_state.pt,"{'learning_rate': 0.004442074308943731, 'lr_reduce': 0.6}",TPESampler,COMPLETE
392,0.07637067884206772,2025-04-25 23:21:20.249815,2025-04-25 23:21:28.284757,0 days 00:00:08.034942,0.006458619857818546,80,128,416.0,,3,0.005595321124926608,0.6,checkpoints/mlp_Vc_trial_392_best_state.pt,"{'learning_rate': 0.005595321124926608, 'lr_reduce': 0.6}",TPESampler,COMPLETE
393,0.05140455439686775,2025-04-25 23:21:20.338870,2025-04-25 23:21:30.638159,0 days 00:00:10.299289,0.0190612185938888,32,160,416.0,32.0,4,0.0022883439281948643,0.6,checkpoints/mlp_Vc_trial_393_best_state.pt,"{'learning_rate': 0.0022883439281948643, 'lr_reduce': 0.6}",TPESampler,COMPLETE
394,0.04936318099498749,2025-04-25 23:21:22.170623,2025-04-25 23:21:33.506701,0 days 00:00:11.336078,0.008717499053263892,32,224,400.0,,3,0.0037949848080635596,0.6,checkpoints/mlp_Vc_trial_394_best_state.pt,"{'learning_rate': 0.0037949848080635596, 'lr_reduce': 0.6}",TPESampler,COMPLETE
395,0.05819428339600563,2025-04-25 23:21:28.549732,2025-04-25 23:21:42.484161,0 days 00:00:13.934429,0.05463980102865913,48,160,448.0,,3,0.007827220175933288,0.6,checkpoints/mlp_Vc_trial_395_best_state.pt,"{'learning_rate': 0.007827220175933288, 'lr_reduce': 0.6}",TPESampler,COMPLETE
396,0.0652698501944542,2025-04-25 23:21:30.941572,2025-04-25 23:21:42.496298,0 days 00:00:11.554726,0.05669638023160453,128,96,384.0,,3,0.003313669604697548,0.6,checkpoints/mlp_Vc_trial_396_best_state.pt,"{'learning_rate': 0.003313669604697548, 'lr_reduce': 0.6}",TPESampler,COMPLETE
397,0.05096504092216492,2025-04-25 23:21:33.841138,2025-04-25 23:21:42.092798,0 days 00:00:08.251660,0.07291902937073397,32,144,464.0,,3,0.003930216229663606,0.6,checkpoints/mlp_Vc_trial_397_best_state.pt,"{'learning_rate': 0.003930216229663606, 'lr_reduce': 0.6}",TPESampler,COMPLETE
398,0.04872329905629158,2025-04-25 23:21:42.427063,2025-04-25 23:21:51.602896,0 days 00:00:09.175833,0.04901672680755966,32,144,384.0,,3,0.008995841597738126,0.6,checkpoints/mlp_Vc_trial_398_best_state.pt,"{'learning_rate': 0.008995841597738126, 'lr_reduce': 0.6}",TPESampler,COMPLETE
399,0.04291378706693649,2025-04-25 23:21:42.723797,2025-04-25 23:21:53.778631,0 days 00:00:11.054834,0.005199416528188441,32,160,384.0,,3,0.0028231605272938326,0.6,checkpoints/mlp_Vc_trial_399_best_state.pt,"{'learning_rate': 0.0028231605272938326, 'lr_reduce': 0.6}",TPESampler,COMPLETE
400,0.04874143749475479,2025-04-25 23:21:42.786339,2025-04-25 23:21:50.981257,0 days 00:00:08.194918,0.059433217507934316,32,48,448.0,,3,0.00965574249782164,0.6,checkpoints/mlp_Vc_trial_400_best_state.pt,"{'learning_rate': 0.00965574249782164, 'lr_reduce': 0.6}",TPESampler,COMPLETE
401,0.05740450695157051,2025-04-25 23:21:51.373627,2025-04-25 23:22:05.239554,0 days 00:00:13.865927,0.029147461573660605,32,128,,,2,0.0040392077945930254,0.6,checkpoints/mlp_Vc_trial_401_best_state.pt,"{'learning_rate': 0.0040392077945930254, 'lr_reduce': 0.6}",TPESampler,COMPLETE
402,0.05590512603521347,2025-04-25 23:21:51.993148,2025-04-25 23:22:03.675269,0 days 00:00:11.682121,0.01166298618767352,48,128,368.0,,3,0.009418197660166454,0.6,checkpoints/mlp_Vc_trial_402_best_state.pt,"{'learning_rate': 0.009418197660166454, 'lr_reduce': 0.6}",TPESampler,COMPLETE
403,0.056026484817266464,2025-04-25 23:21:54.073955,2025-04-25 23:22:02.215080,0 days 00:00:08.141125,0.03201798071197799,32,112,416.0,,3,0.005009047975555868,0.6,checkpoints/mlp_Vc_trial_403_best_state.pt,"{'learning_rate': 0.005009047975555868, 'lr_reduce': 0.6}",TPESampler,COMPLETE
404,0.05222148075699806,2025-04-25 23:22:02.503212,2025-04-25 23:22:15.665680,0 days 00:00:13.162468,0.009179556691116267,112,128,352.0,,3,0.003609468623179778,0.6,checkpoints/mlp_Vc_trial_404_best_state.pt,"{'learning_rate': 0.003609468623179778, 'lr_reduce': 0.6}",TPESampler,COMPLETE
405,0.17542974650859833,2025-04-25 23:22:03.958695,2025-04-25 23:22:17.961800,0 days 00:00:14.003105,0.1949690783989593,48,144,464.0,192.0,4,0.0007158512159368636,0.6,checkpoints/mlp_Vc_trial_405_best_state.pt,"{'learning_rate': 0.0007158512159368636, 'lr_reduce': 0.6}",TPESampler,COMPLETE
406,0.044977881014347076,2025-04-25 23:22:05.586307,2025-04-25 23:22:14.094162,0 days 00:00:08.507855,0.03381353456072425,64,32,400.0,,3,0.009524987329198447,0.6,checkpoints/mlp_Vc_trial_406_best_state.pt,"{'learning_rate': 0.009524987329198447, 'lr_reduce': 0.6}",TPESampler,COMPLETE
407,0.04279600456357002,2025-04-25 23:22:14.413349,2025-04-25 23:22:25.462444,0 days 00:00:11.049095,0.002306241898299194,32,96,336.0,,3,0.004791935575054157,0.6,checkpoints/mlp_Vc_trial_407_best_state.pt,"{'learning_rate': 0.004791935575054157, 'lr_reduce': 0.6}",TPESampler,COMPLETE
408,0.06516879796981812,2025-04-25 23:22:15.959427,2025-04-25 23:22:21.460869,0 days 00:00:05.501442,0.0025702776741217312,48,32,400.0,256.0,4,0.0065975691221468406,0.6,checkpoints/mlp_Vc_trial_408_best_state.pt,"{'learning_rate': 0.0065975691221468406, 'lr_reduce': 0.6}",TPESampler,COMPLETE
409,0.03902841731905937,2025-04-25 23:22:18.285636,2025-04-25 23:22:30.855767,0 days 00:00:12.570131,0.007309160452731788,32,112,432.0,,3,0.0029933510527442933,0.6,checkpoints/mlp_Vc_trial_409_best_state.pt,"{'learning_rate': 0.0029933510527442933, 'lr_reduce': 0.6}",TPESampler,COMPLETE
410,0.06285656243562698,2025-04-25 23:22:21.761609,2025-04-25 23:22:40.281069,0 days 00:00:18.519460,0.0036343933196411483,48,144,,,2,0.00901712135810404,0.6,checkpoints/mlp_Vc_trial_410_best_state.pt,"{'learning_rate': 0.00901712135810404, 'lr_reduce': 0.6}",TPESampler,COMPLETE
411,0.04331745207309723,2025-04-25 23:22:25.737075,2025-04-25 23:22:35.753516,0 days 00:00:10.016441,0.00027950935380433104,80,128,368.0,,3,0.006486151246787002,0.6,checkpoints/mlp_Vc_trial_411_best_state.pt,"{'learning_rate': 0.006486151246787002, 'lr_reduce': 0.6}",TPESampler,COMPLETE
412,0.11788581311702728,2025-04-25 23:22:31.192938,2025-04-25 23:22:56.180484,0 days 00:00:24.987546,0.07506777047712763,400,304,480.0,512.0,4,0.00035082692861752125,0.6,checkpoints/mlp_Vc_trial_412_best_state.pt,"{'learning_rate': 0.00035082692861752125, 'lr_reduce': 0.6}",TPESampler,COMPLETE
413,0.05218220129609108,2025-04-25 23:22:36.052316,2025-04-25 23:22:49.754791,0 days 00:00:13.702475,0.0013554640870974285,96,96,256.0,,3,0.009419167032606196,0.6,checkpoints/mlp_Vc_trial_413_best_state.pt,"{'learning_rate': 0.009419167032606196, 'lr_reduce': 0.6}",TPESampler,COMPLETE
414,0.10516000539064407,2025-04-25 23:22:40.593745,2025-04-25 23:22:51.664391,0 days 00:00:11.070646,0.2854838428468341,64,416,176.0,,3,0.0030414535981961744,0.6,checkpoints/mlp_Vc_trial_414_best_state.pt,"{'learning_rate': 0.0030414535981961744, 'lr_reduce': 0.6}",TPESampler,COMPLETE
415,0.07023448497056961,2025-04-25 23:22:50.130443,2025-04-25 23:23:01.444689,0 days 00:00:11.314246,0.0008973454388323532,80,208,400.0,,3,0.00512553245015638,0.6,checkpoints/mlp_Vc_trial_415_best_state.pt,"{'learning_rate': 0.00512553245015638, 'lr_reduce': 0.6}",TPESampler,COMPLETE
416,0.22875536978244781,2025-04-25 23:22:52.052284,2025-04-25 23:23:17.380061,0 days 00:00:25.327777,0.277275968005653,32,304,336.0,,3,0.00019517978862019535,0.6,checkpoints/mlp_Vc_trial_416_best_state.pt,"{'learning_rate': 0.00019517978862019535, 'lr_reduce': 0.6}",TPESampler,COMPLETE
417,0.0468369759619236,2025-04-25 23:22:56.639131,2025-04-25 23:23:11.181627,0 days 00:00:14.542496,0.019990467864220828,32,48,32.0,,3,0.0026449084316091825,0.6,checkpoints/mlp_Vc_trial_417_best_state.pt,"{'learning_rate': 0.0026449084316091825, 'lr_reduce': 0.6}",TPESampler,COMPLETE
418,0.05150853842496872,2025-04-25 23:23:01.770642,2025-04-25 23:23:12.404347,0 days 00:00:10.633705,0.00024464030472882373,32,96,416.0,,3,0.00905229730778376,0.6,checkpoints/mlp_Vc_trial_418_best_state.pt,"{'learning_rate': 0.00905229730778376, 'lr_reduce': 0.6}",TPESampler,COMPLETE
419,0.04392203688621521,2025-04-25 23:23:11.495779,2025-04-25 23:23:20.976904,0 days 00:00:09.481125,0.002142031327526793,64,48,368.0,,3,0.00945017525809757,0.6,checkpoints/mlp_Vc_trial_419_best_state.pt,"{'learning_rate': 0.00945017525809757, 'lr_reduce': 0.6}",TPESampler,COMPLETE
420,0.113594651222229,2025-04-25 23:23:12.763171,2025-04-25 23:23:41.567635,0 days 00:00:28.804464,0.08555524154413048,240,48,448.0,,3,0.00038048925689545323,0.6,checkpoints/mlp_Vc_trial_420_best_state.pt,"{'learning_rate': 0.00038048925689545323, 'lr_reduce': 0.6}",TPESampler,COMPLETE
421,0.05543355271220207,2025-04-25 23:23:17.711819,2025-04-25 23:23:27.070265,0 days 00:00:09.358446,0.05728713830000374,32,144,320.0,,3,0.004216999551293039,0.6,checkpoints/mlp_Vc_trial_421_best_state.pt,"{'learning_rate': 0.004216999551293039, 'lr_reduce': 0.6}",TPESampler,COMPLETE
422,0.0890430137515068,2025-04-25 23:23:21.298070,2025-04-25 23:23:32.036585,0 days 00:00:10.738515,0.08194891700551853,320,192,400.0,128.0,4,0.0023333594501399385,0.6,checkpoints/mlp_Vc_trial_422_best_state.pt,"{'learning_rate': 0.0023333594501399385, 'lr_reduce': 0.6}",TPESampler,COMPLETE
423,0.07423392683267593,2025-04-25 23:23:27.444669,2025-04-25 23:23:38.212920,0 days 00:00:10.768251,0.06993897299092877,128,208,368.0,,3,0.005677914914970736,0.6,checkpoints/mlp_Vc_trial_423_best_state.pt,"{'learning_rate': 0.005677914914970736, 'lr_reduce': 0.6}",TPESampler,COMPLETE
424,0.06502562016248703,2025-04-25 23:23:32.421568,2025-04-25 23:23:44.396141,0 days 00:00:11.974573,0.06021483261068984,144,144,480.0,304.0,4,0.0027681615421135545,0.6,checkpoints/mlp_Vc_trial_424_best_state.pt,"{'learning_rate': 0.0027681615421135545, 'lr_reduce': 0.6}",TPESampler,COMPLETE
425,0.15086466073989868,2025-04-25 23:23:38.613798,2025-04-25 23:24:03.104466,0 days 00:00:24.490668,0.09410504522973796,256,240,,,2,0.000667105478085293,0.6,checkpoints/mlp_Vc_trial_425_best_state.pt,"{'learning_rate': 0.000667105478085293, 'lr_reduce': 0.6}",TPESampler,COMPLETE
426,0.08439821749925613,2025-04-25 23:23:41.914644,2025-04-25 23:23:56.648690,0 days 00:00:14.734046,0.00862120512458749,64,32,,,2,0.005301367668324528,0.6,checkpoints/mlp_Vc_trial_426_best_state.pt,"{'learning_rate': 0.005301367668324528, 'lr_reduce': 0.6}",TPESampler,COMPLETE
427,0.14441972970962524,2025-04-25 23:23:44.697226,2025-04-25 23:24:11.799196,0 days 00:00:27.101970,0.18619710838881515,224,464,416.0,192.0,4,0.0002380603321928296,0.6,checkpoints/mlp_Vc_trial_427_best_state.pt,"{'learning_rate': 0.0002380603321928296, 'lr_reduce': 0.6}",TPESampler,COMPLETE
428,0.03196936473250389,2025-04-25 23:23:56.993674,2025-04-25 23:24:07.945690,0 days 00:00:10.952016,0.006987481014531558,32,160,352.0,,3,0.006020982691642305,0.6,checkpoints/mlp_Vc_trial_428_best_state.pt,"{'learning_rate': 0.006020982691642305, 'lr_reduce': 0.6}",TPESampler,COMPLETE
429,0.13689087331295013,2025-04-25 23:24:03.413157,2025-04-25 23:24:19.607634,0 days 00:00:16.194477,0.2875508501017733,384,368,416.0,,3,0.0009913613424756048,0.6,checkpoints/mlp_Vc_trial_429_best_state.pt,"{'learning_rate': 0.0009913613424756048, 'lr_reduce': 0.6}",TPESampler,COMPLETE
430,0.040670715272426605,2025-04-25 23:24:08.294357,2025-04-25 23:24:17.883377,0 days 00:00:09.589020,0.028464164191699746,32,176,288.0,,3,0.0044564731263341435,0.6,checkpoints/mlp_Vc_trial_430_best_state.pt,"{'learning_rate': 0.0044564731263341435, 'lr_reduce': 0.6}",TPESampler,COMPLETE
431,0.047721680253744125,2025-04-25 23:24:12.178900,2025-04-25 23:24:25.403379,0 days 00:00:13.224479,0.020869386870113686,32,224,336.0,,3,0.008975030223488565,0.6,checkpoints/mlp_Vc_trial_431_best_state.pt,"{'learning_rate': 0.008975030223488565, 'lr_reduce': 0.6}",TPESampler,COMPLETE
432,0.07448948174715042,2025-04-25 23:24:18.272635,2025-04-25 23:24:31.834942,0 days 00:00:13.562307,0.014599077103207951,112,288,352.0,,3,0.004470307651585809,0.6,checkpoints/mlp_Vc_trial_432_best_state.pt,"{'learning_rate': 0.004470307651585809, 'lr_reduce': 0.6}",TPESampler,COMPLETE
433,0.038811832666397095,2025-04-25 23:24:19.902148,2025-04-25 23:24:36.880772,0 days 00:00:16.978624,0.0017084542065454217,32,112,464.0,32.0,4,0.0021379045008053372,0.6,checkpoints/mlp_Vc_trial_433_best_state.pt,"{'learning_rate': 0.0021379045008053372, 'lr_reduce': 0.6}",TPESampler,COMPLETE
434,0.0366554856300354,2025-04-25 23:24:25.685380,2025-04-25 23:24:37.564761,0 days 00:00:11.879381,0.005094679006367113,32,144,384.0,,3,0.0033276403010039333,0.6,checkpoints/mlp_Vc_trial_434_best_state.pt,"{'learning_rate': 0.0033276403010039333, 'lr_reduce': 0.6}",TPESampler,COMPLETE
435,0.0502796545624733,2025-04-25 23:24:32.105328,2025-04-25 23:24:44.566338,0 days 00:00:12.461010,0.044565278758633815,32,272,304.0,352.0,4,0.005739186515018287,0.6,checkpoints/mlp_Vc_trial_435_best_state.pt,"{'learning_rate': 0.005739186515018287, 'lr_reduce': 0.6}",TPESampler,COMPLETE
436,0.11625897884368896,2025-04-25 23:24:37.267960,2025-04-25 23:24:44.890087,0 days 00:00:07.622127,0.17293828107530249,432,48,352.0,,3,0.008542194075622112,0.6,checkpoints/mlp_Vc_trial_436_best_state.pt,"{'learning_rate': 0.008542194075622112, 'lr_reduce': 0.6}",TPESampler,COMPLETE
437,0.03946972265839577,2025-04-25 23:24:37.864065,2025-04-25 23:24:50.095631,0 days 00:00:12.231566,0.003910071698187018,32,176,368.0,,3,0.00854305430847752,0.6,checkpoints/mlp_Vc_trial_437_best_state.pt,"{'learning_rate': 0.00854305430847752, 'lr_reduce': 0.6}",TPESampler,COMPLETE
438,0.0994228720664978,2025-04-25 23:24:44.900376,2025-04-25 23:24:54.664734,0 days 00:00:09.764358,0.0054841692394641504,96,176,368.0,,3,0.002306924856778445,0.6,checkpoints/mlp_Vc_trial_438_best_state.pt,"{'learning_rate': 0.002306924856778445, 'lr_reduce': 0.6}",TPESampler,COMPLETE
439,0.07738300412893295,2025-04-25 23:24:45.145184,2025-04-25 23:24:57.111240,0 days 00:00:11.966056,0.005628876181565215,128,96,384.0,,3,0.002602787792163206,0.6,checkpoints/mlp_Vc_trial_439_best_state.pt,"{'learning_rate': 0.002602787792163206, 'lr_reduce': 0.6}",TPESampler,COMPLETE
440,0.06486650556325912,2025-04-25 23:24:50.396349,2025-04-25 23:25:01.459245,0 days 00:00:11.062896,0.0032519582608434234,112,192,320.0,,3,0.007055232184728635,0.6,checkpoints/mlp_Vc_trial_440_best_state.pt,"{'learning_rate': 0.007055232184728635, 'lr_reduce': 0.6}",TPESampler,COMPLETE
441,0.04847656935453415,2025-04-25 23:24:54.968933,2025-04-25 23:25:03.687322,0 days 00:00:08.718389,0.006496473787746584,32,80,416.0,,3,0.004723997127403421,0.6,checkpoints/mlp_Vc_trial_441_best_state.pt,"{'learning_rate': 0.004723997127403421, 'lr_reduce': 0.6}",TPESampler,COMPLETE
442,0.04581162706017494,2025-04-25 23:24:57.480454,2025-04-25 23:25:11.862227,0 days 00:00:14.381773,0.0016951548065440851,48,272,384.0,,3,0.0017076206409154821,0.6,checkpoints/mlp_Vc_trial_442_best_state.pt,"{'learning_rate': 0.0017076206409154821, 'lr_reduce': 0.6}",TPESampler,COMPLETE
443,0.04122599959373474,2025-04-25 23:25:01.822116,2025-04-25 23:25:16.840692,0 days 00:00:15.018576,0.0075753181014384845,32,240,336.0,,3,0.002207129640661356,0.6,checkpoints/mlp_Vc_trial_443_best_state.pt,"{'learning_rate': 0.002207129640661356, 'lr_reduce': 0.6}",TPESampler,COMPLETE
444,0.047116540372371674,2025-04-25 23:25:04.050238,2025-04-25 23:25:15.625900,0 days 00:00:11.575662,0.0012734027365832938,32,208,432.0,,3,0.005337864374435587,0.6,checkpoints/mlp_Vc_trial_444_best_state.pt,"{'learning_rate': 0.005337864374435587, 'lr_reduce': 0.6}",TPESampler,COMPLETE
445,0.05169636011123657,2025-04-25 23:25:12.092638,2025-04-25 23:25:22.796966,0 days 00:00:10.704328,0.0518254157208797,32,176,512.0,512.0,4,0.004381115991009068,0.6,checkpoints/mlp_Vc_trial_445_best_state.pt,"{'learning_rate': 0.004381115991009068, 'lr_reduce': 0.6}",TPESampler,COMPLETE
446,0.03407184034585953,2025-04-25 23:25:15.926847,2025-04-25 23:25:37.205726,0 days 00:00:21.278879,0.006123235825590897,32,144,384.0,,3,0.0010284965172762499,0.6,checkpoints/mlp_Vc_trial_446_best_state.pt,"{'learning_rate': 0.0010284965172762499, 'lr_reduce': 0.6}",TPESampler,COMPLETE
447,0.050936777144670486,2025-04-25 23:25:17.129340,2025-04-25 23:25:25.199276,0 days 00:00:08.069936,0.016622940376189402,32,32,416.0,,3,0.008127904232850888,0.6,checkpoints/mlp_Vc_trial_447_best_state.pt,"{'learning_rate': 0.008127904232850888, 'lr_reduce': 0.6}",TPESampler,COMPLETE
448,0.056882526725530624,2025-04-25 23:25:23.132755,2025-04-25 23:25:35.511463,0 days 00:00:12.378708,0.003330917624011387,96,96,256.0,,3,0.0037481612492747895,0.6,checkpoints/mlp_Vc_trial_448_best_state.pt,"{'learning_rate': 0.0037481612492747895, 'lr_reduce': 0.6}",TPESampler,COMPLETE
449,0.0560121051967144,2025-04-25 23:25:25.548854,2025-04-25 23:25:34.234869,0 days 00:00:08.686015,0.05950782266007564,32,160,336.0,,3,0.003981336051888448,0.6,checkpoints/mlp_Vc_trial_449_best_state.pt,"{'learning_rate': 0.003981336051888448, 'lr_reduce': 0.6}",TPESampler,COMPLETE
