number,value,datetime_start,datetime_complete,duration,params_final_dropout,params_mlp_dim_00,params_mlp_dim_01,params_mlp_dim_02,params_mlp_dim_03,params_mlp_n_layers,params_train_learning_rate,params_train_lr_reduce,user_attrs_best_state_dict_path,user_attrs_training_params,system_attrs_auto:sampler,state
1793,0.09829217940568924,2025-04-26 01:12:17.739202,2025-04-26 01:12:33.039707,0 days 00:00:15.300505,0.06305897785630005,32,144,192.0,448.0,4,0.009651013814099775,0.6,checkpoints/mlp_Vc_trial_1793_best_state.pt,"{'learning_rate': 0.009651013814099775, 'lr_reduce': 0.6}",TPESampler,COMPLETE
1794,0.07086077332496643,2025-04-26 01:12:21.417841,2025-04-26 01:12:30.051106,0 days 00:00:08.633265,0.0655591226025322,32,256,320.0,80.0,4,0.007926793740311055,0.6,checkpoints/mlp_Vc_trial_1794_best_state.pt,"{'learning_rate': 0.007926793740311055, 'lr_reduce': 0.6}",TPESampler,COMPLETE
1795,0.09940799325704575,2025-04-26 01:12:24.453635,2025-04-26 01:13:01.632779,0 days 00:00:37.179144,0.049227236446294634,240,320,304.0,32.0,4,0.00018821819979026238,0.6,checkpoints/mlp_Vc_trial_1795_best_state.pt,"{'learning_rate': 0.00018821819979026238, 'lr_reduce': 0.6}",TPESampler,COMPLETE
1796,0.05335426330566406,2025-04-26 01:12:30.472495,2025-04-26 01:12:49.011344,0 days 00:00:18.538849,0.005837982760643066,32,32,336.0,128.0,4,0.0012292266062988715,0.6,checkpoints/mlp_Vc_trial_1796_best_state.pt,"{'learning_rate': 0.0012292266062988715, 'lr_reduce': 0.6}",TPESampler,COMPLETE
1797,0.11179523169994354,2025-04-26 01:12:33.466901,2025-04-26 01:12:56.131140,0 days 00:00:22.664239,0.022054024095517835,144,176,240.0,256.0,4,0.0004015550067135289,0.6,checkpoints/mlp_Vc_trial_1797_best_state.pt,"{'learning_rate': 0.0004015550067135289, 'lr_reduce': 0.6}",TPESampler,COMPLETE
1798,0.06569189578294754,2025-04-26 01:12:49.387336,2025-04-26 01:12:55.726966,0 days 00:00:06.339630,0.09050956900355274,64,32,320.0,,3,0.009514324725713461,0.6,checkpoints/mlp_Vc_trial_1798_best_state.pt,"{'learning_rate': 0.009514324725713461, 'lr_reduce': 0.6}",TPESampler,COMPLETE
1799,0.11415626108646393,2025-04-26 01:12:56.225717,2025-04-26 01:13:08.347058,0 days 00:00:12.121341,0.1984096076228952,224,384,272.0,80.0,4,0.0011642427089372633,0.6,checkpoints/mlp_Vc_trial_1799_best_state.pt,"{'learning_rate': 0.0011642427089372633, 'lr_reduce': 0.6}",TPESampler,COMPLETE
1800,0.041024938225746155,2025-04-26 01:12:56.684661,2025-04-26 01:13:07.167299,0 days 00:00:10.482638,0.07370290013601336,32,256,,,2,0.006062809667818801,0.6,checkpoints/mlp_Vc_trial_1800_best_state.pt,"{'learning_rate': 0.006062809667818801, 'lr_reduce': 0.6}",TPESampler,COMPLETE
1801,0.07901813834905624,2025-04-26 01:13:02.024612,2025-04-26 01:13:12.690845,0 days 00:00:10.666233,0.06394924833673546,224,176,192.0,32.0,4,0.004101839327404912,0.6,checkpoints/mlp_Vc_trial_1801_best_state.pt,"{'learning_rate': 0.004101839327404912, 'lr_reduce': 0.6}",TPESampler,COMPLETE
1802,0.11580611765384674,2025-04-26 01:13:07.576081,2025-04-26 01:13:26.734828,0 days 00:00:19.158747,0.07324036704835579,160,32,,,2,0.003450559989735145,0.6,checkpoints/mlp_Vc_trial_1802_best_state.pt,"{'learning_rate': 0.003450559989735145, 'lr_reduce': 0.6}",TPESampler,COMPLETE
1803,0.03854527324438095,2025-04-26 01:13:08.670872,2025-04-26 01:13:19.437763,0 days 00:00:10.766891,0.0018227873303575965,32,48,512.0,,3,0.007993035265453356,0.6,checkpoints/mlp_Vc_trial_1803_best_state.pt,"{'learning_rate': 0.007993035265453356, 'lr_reduce': 0.6}",TPESampler,COMPLETE
1804,0.048646070063114166,2025-04-26 01:13:13.050510,2025-04-26 01:13:22.022854,0 days 00:00:08.972344,0.005069379233911979,96,32,336.0,,3,0.008903283550822969,0.6,checkpoints/mlp_Vc_trial_1804_best_state.pt,"{'learning_rate': 0.008903283550822969, 'lr_reduce': 0.6}",TPESampler,COMPLETE
1805,0.06148833408951759,2025-04-26 01:13:19.731716,2025-04-26 01:13:29.796991,0 days 00:00:10.065275,0.0045047294526383815,48,96,,,2,0.009337114586764114,0.6,checkpoints/mlp_Vc_trial_1805_best_state.pt,"{'learning_rate': 0.009337114586764114, 'lr_reduce': 0.6}",TPESampler,COMPLETE
1806,0.05960152670741081,2025-04-26 01:13:22.396589,2025-04-26 01:13:35.024896,0 days 00:00:12.628307,0.002867146071346439,80,112,336.0,80.0,4,0.0022519397569349836,0.6,checkpoints/mlp_Vc_trial_1806_best_state.pt,"{'learning_rate': 0.0022519397569349836, 'lr_reduce': 0.6}",TPESampler,COMPLETE
1807,0.035075608640909195,2025-04-26 01:13:27.151818,2025-04-26 01:13:43.379609,0 days 00:00:16.227791,0.0006441992476177566,32,64,288.0,128.0,4,0.007863335686375015,0.6,checkpoints/mlp_Vc_trial_1807_best_state.pt,"{'learning_rate': 0.007863335686375015, 'lr_reduce': 0.6}",TPESampler,COMPLETE
1808,0.05448002368211746,2025-04-26 01:13:30.141411,2025-04-26 01:13:41.252000,0 days 00:00:11.110589,0.005632885427254444,112,128,336.0,192.0,4,0.003968564123299795,0.6,checkpoints/mlp_Vc_trial_1808_best_state.pt,"{'learning_rate': 0.003968564123299795, 'lr_reduce': 0.6}",TPESampler,COMPLETE
1809,0.06489957869052887,2025-04-26 01:13:35.422363,2025-04-26 01:13:47.646541,0 days 00:00:12.224178,0.08205592404696038,32,176,272.0,,3,0.009553280833363563,0.6,checkpoints/mlp_Vc_trial_1809_best_state.pt,"{'learning_rate': 0.009553280833363563, 'lr_reduce': 0.6}",TPESampler,COMPLETE
1810,0.040582820773124695,2025-04-26 01:13:41.755275,2025-04-26 01:13:53.564834,0 days 00:00:11.809559,0.046552222636930346,32,112,224.0,32.0,4,0.0031342955672211733,0.6,checkpoints/mlp_Vc_trial_1810_best_state.pt,"{'learning_rate': 0.0031342955672211733, 'lr_reduce': 0.6}",TPESampler,COMPLETE
1811,0.11925018578767776,2025-04-26 01:13:43.745279,2025-04-26 01:14:01.471830,0 days 00:00:17.726551,0.004086261552246346,144,144,,,2,0.0035029727967306043,0.6,checkpoints/mlp_Vc_trial_1811_best_state.pt,"{'learning_rate': 0.0035029727967306043, 'lr_reduce': 0.6}",TPESampler,COMPLETE
1812,0.03767216578125954,2025-04-26 01:13:48.095747,2025-04-26 01:14:05.253093,0 days 00:00:17.157346,0.0024837365947346993,64,32,240.0,,3,0.003061905261790627,0.6,checkpoints/mlp_Vc_trial_1812_best_state.pt,"{'learning_rate': 0.003061905261790627, 'lr_reduce': 0.6}",TPESampler,COMPLETE
1813,0.07599517703056335,2025-04-26 01:13:53.989009,2025-04-26 01:14:06.538199,0 days 00:00:12.549190,0.03781590338675034,144,32,256.0,192.0,4,0.0016960255768182,0.6,checkpoints/mlp_Vc_trial_1813_best_state.pt,"{'learning_rate': 0.0016960255768182, 'lr_reduce': 0.6}",TPESampler,COMPLETE
1814,0.10966801643371582,2025-04-26 01:14:01.803998,2025-04-26 01:14:19.081842,0 days 00:00:17.277844,0.005368519145523756,96,160,176.0,,3,0.0009279482277664019,0.6,checkpoints/mlp_Vc_trial_1814_best_state.pt,"{'learning_rate': 0.0009279482277664019, 'lr_reduce': 0.6}",TPESampler,COMPLETE
1815,0.10079997032880783,2025-04-26 01:14:05.624514,2025-04-26 01:14:18.461210,0 days 00:00:12.836696,0.18080837899081226,144,304,272.0,,3,0.0029994328562228923,0.6,checkpoints/mlp_Vc_trial_1815_best_state.pt,"{'learning_rate': 0.0029994328562228923, 'lr_reduce': 0.6}",TPESampler,COMPLETE
1816,0.1786780059337616,2025-04-26 01:14:06.988746,2025-04-26 01:14:44.072780,0 days 00:00:37.084034,0.28147656284721734,176,512,208.0,,3,0.000175202300892856,0.6,checkpoints/mlp_Vc_trial_1816_best_state.pt,"{'learning_rate': 0.000175202300892856, 'lr_reduce': 0.6}",TPESampler,COMPLETE
1817,0.173622265458107,2025-04-26 01:14:18.839183,2025-04-26 01:15:03.756654,0 days 00:00:44.917471,0.2996250808511524,512,272,,,2,0.0002622905336765376,0.6,checkpoints/mlp_Vc_trial_1817_best_state.pt,"{'learning_rate': 0.0002622905336765376, 'lr_reduce': 0.6}",TPESampler,COMPLETE
1818,0.21668598055839539,2025-04-26 01:14:19.501501,2025-04-26 01:14:57.247476,0 days 00:00:37.745975,0.28902504310149707,336,176,288.0,208.0,4,0.00017589973694889156,0.6,checkpoints/mlp_Vc_trial_1818_best_state.pt,"{'learning_rate': 0.00017589973694889156, 'lr_reduce': 0.6}",TPESampler,COMPLETE
1819,0.05107252672314644,2025-04-26 01:14:44.446669,2025-04-26 01:14:59.976552,0 days 00:00:15.529883,0.0016166105281407613,32,192,,,2,0.009405411869350499,0.6,checkpoints/mlp_Vc_trial_1819_best_state.pt,"{'learning_rate': 0.009405411869350499, 'lr_reduce': 0.6}",TPESampler,COMPLETE
1820,0.06074996665120125,2025-04-26 01:14:57.775720,2025-04-26 01:15:08.707716,0 days 00:00:10.931996,0.0017552690765504676,96,80,272.0,176.0,4,0.0026539686957902965,0.6,checkpoints/mlp_Vc_trial_1820_best_state.pt,"{'learning_rate': 0.0026539686957902965, 'lr_reduce': 0.6}",TPESampler,COMPLETE
1821,0.06838955730199814,2025-04-26 01:15:00.364967,2025-04-26 01:15:12.425512,0 days 00:00:12.060545,0.081099853709348,176,48,336.0,,3,0.002372965846272169,0.6,checkpoints/mlp_Vc_trial_1821_best_state.pt,"{'learning_rate': 0.002372965846272169, 'lr_reduce': 0.6}",TPESampler,COMPLETE
1822,0.06820563226938248,2025-04-26 01:15:04.272940,2025-04-26 01:15:15.372092,0 days 00:00:11.099152,0.05084860933411277,32,32,224.0,,3,0.00264551903046209,0.6,checkpoints/mlp_Vc_trial_1822_best_state.pt,"{'learning_rate': 0.00264551903046209, 'lr_reduce': 0.6}",TPESampler,COMPLETE
1823,0.07897000759840012,2025-04-26 01:15:09.106883,2025-04-26 01:15:19.876357,0 days 00:00:10.769474,0.039056414678893155,128,32,352.0,,3,0.00277065850966855,0.6,checkpoints/mlp_Vc_trial_1823_best_state.pt,"{'learning_rate': 0.00277065850966855, 'lr_reduce': 0.6}",TPESampler,COMPLETE
1824,0.0891820564866066,2025-04-26 01:15:12.788681,2025-04-26 01:15:20.334880,0 days 00:00:07.546199,0.05194735523926394,80,32,288.0,,3,0.004118365541635603,0.6,checkpoints/mlp_Vc_trial_1824_best_state.pt,"{'learning_rate': 0.004118365541635603, 'lr_reduce': 0.6}",TPESampler,COMPLETE
1825,0.06892327964305878,2025-04-26 01:15:15.727445,2025-04-26 01:15:27.838363,0 days 00:00:12.110918,0.04421048424341521,96,96,304.0,,3,0.006374551637616468,0.6,checkpoints/mlp_Vc_trial_1825_best_state.pt,"{'learning_rate': 0.006374551637616468, 'lr_reduce': 0.6}",TPESampler,COMPLETE
1826,0.035949572920799255,2025-04-26 01:15:20.256221,2025-04-26 01:15:34.065562,0 days 00:00:13.809341,0.0020891917370271535,32,32,352.0,,3,0.003308078253644777,0.6,checkpoints/mlp_Vc_trial_1826_best_state.pt,"{'learning_rate': 0.003308078253644777, 'lr_reduce': 0.6}",TPESampler,COMPLETE
1827,0.06581144034862518,2025-04-26 01:15:20.666033,2025-04-26 01:15:30.545413,0 days 00:00:09.879380,0.04509868387952358,112,32,256.0,176.0,4,0.004634538036857782,0.6,checkpoints/mlp_Vc_trial_1827_best_state.pt,"{'learning_rate': 0.004634538036857782, 'lr_reduce': 0.6}",TPESampler,COMPLETE
1828,0.0588986799120903,2025-04-26 01:15:28.174362,2025-04-26 01:15:40.789468,0 days 00:00:12.615106,0.0501113419286658,96,160,480.0,160.0,4,0.004215524056267609,0.6,checkpoints/mlp_Vc_trial_1828_best_state.pt,"{'learning_rate': 0.004215524056267609, 'lr_reduce': 0.6}",TPESampler,COMPLETE
1829,0.09735959768295288,2025-04-26 01:15:30.873214,2025-04-26 01:15:42.684328,0 days 00:00:11.811114,0.18173608269216862,160,448,64.0,,3,0.0022528560980855637,0.6,checkpoints/mlp_Vc_trial_1829_best_state.pt,"{'learning_rate': 0.0022528560980855637, 'lr_reduce': 0.6}",TPESampler,COMPLETE
1830,0.08540930598974228,2025-04-26 01:15:34.417033,2025-04-26 01:15:48.875118,0 days 00:00:14.458085,0.061211955613645806,32,112,352.0,240.0,4,0.007743724316887656,0.6,checkpoints/mlp_Vc_trial_1830_best_state.pt,"{'learning_rate': 0.007743724316887656, 'lr_reduce': 0.6}",TPESampler,COMPLETE
1831,0.06361321359872818,2025-04-26 01:15:41.166834,2025-04-26 01:15:51.745394,0 days 00:00:10.578560,0.007522896767983924,192,48,160.0,144.0,4,0.009450960085223083,0.6,checkpoints/mlp_Vc_trial_1831_best_state.pt,"{'learning_rate': 0.009450960085223083, 'lr_reduce': 0.6}",TPESampler,COMPLETE
1832,0.0892060175538063,2025-04-26 01:15:43.083721,2025-04-26 01:16:09.094731,0 days 00:00:26.011010,0.05964187655348773,32,240,304.0,,3,0.0003397638163045494,0.6,checkpoints/mlp_Vc_trial_1832_best_state.pt,"{'learning_rate': 0.0003397638163045494, 'lr_reduce': 0.6}",TPESampler,COMPLETE
1833,0.0474993996322155,2025-04-26 01:15:49.217886,2025-04-26 01:16:05.750350,0 days 00:00:16.532464,0.0028260296341650875,96,32,240.0,,3,0.00552365995372474,0.6,checkpoints/mlp_Vc_trial_1833_best_state.pt,"{'learning_rate': 0.00552365995372474, 'lr_reduce': 0.6}",TPESampler,COMPLETE
1834,0.04363574832677841,2025-04-26 01:15:52.121947,2025-04-26 01:16:06.773921,0 days 00:00:14.651974,0.0009071081489124971,32,64,352.0,144.0,4,0.002023129049795766,0.6,checkpoints/mlp_Vc_trial_1834_best_state.pt,"{'learning_rate': 0.002023129049795766, 'lr_reduce': 0.6}",TPESampler,COMPLETE
1835,0.1656421571969986,2025-04-26 01:16:06.093876,2025-04-26 01:16:20.510533,0 days 00:00:14.416657,0.2876209561050067,240,224,304.0,128.0,4,0.0007931669522383292,0.6,checkpoints/mlp_Vc_trial_1835_best_state.pt,"{'learning_rate': 0.0007931669522383292, 'lr_reduce': 0.6}",TPESampler,COMPLETE
1836,0.05101705342531204,2025-04-26 01:16:07.152270,2025-04-26 01:16:16.485612,0 days 00:00:09.333342,0.05951190227762911,48,48,368.0,,3,0.009563029218978376,0.6,checkpoints/mlp_Vc_trial_1836_best_state.pt,"{'learning_rate': 0.009563029218978376, 'lr_reduce': 0.6}",TPESampler,COMPLETE
1837,0.04882293939590454,2025-04-26 01:16:09.471400,2025-04-26 01:16:19.745379,0 days 00:00:10.273979,0.000766910655360358,80,96,224.0,144.0,4,0.005864849782588162,0.6,checkpoints/mlp_Vc_trial_1837_best_state.pt,"{'learning_rate': 0.005864849782588162, 'lr_reduce': 0.6}",TPESampler,COMPLETE
1838,0.055338382720947266,2025-04-26 01:16:16.842725,2025-04-26 01:16:28.687255,0 days 00:00:11.844530,0.00022262903300083623,80,112,336.0,,3,0.005530508711614807,0.6,checkpoints/mlp_Vc_trial_1838_best_state.pt,"{'learning_rate': 0.005530508711614807, 'lr_reduce': 0.6}",TPESampler,COMPLETE
1839,0.05214231088757515,2025-04-26 01:16:20.215266,2025-04-26 01:16:28.314500,0 days 00:00:08.099234,0.03535638177588448,80,32,272.0,,3,0.004797586135845624,0.6,checkpoints/mlp_Vc_trial_1839_best_state.pt,"{'learning_rate': 0.004797586135845624, 'lr_reduce': 0.6}",TPESampler,COMPLETE
1840,0.08094371855258942,2025-04-26 01:16:20.950620,2025-04-26 01:16:28.096949,0 days 00:00:07.146329,0.06288976021691417,48,32,368.0,128.0,4,0.004977564935423145,0.6,checkpoints/mlp_Vc_trial_1840_best_state.pt,"{'learning_rate': 0.004977564935423145, 'lr_reduce': 0.6}",TPESampler,COMPLETE
1841,0.06872917711734772,2025-04-26 01:16:28.393270,2025-04-26 01:16:47.188563,0 days 00:00:18.795293,0.018521287175054052,32,96,304.0,304.0,4,0.008989589164937596,0.6,checkpoints/mlp_Vc_trial_1841_best_state.pt,"{'learning_rate': 0.008989589164937596, 'lr_reduce': 0.6}",TPESampler,COMPLETE
1842,0.06276640295982361,2025-04-26 01:16:28.678193,2025-04-26 01:16:39.395222,0 days 00:00:10.717029,0.0333116690847661,32,224,,,2,0.00911141927227904,0.6,checkpoints/mlp_Vc_trial_1842_best_state.pt,"{'learning_rate': 0.00911141927227904, 'lr_reduce': 0.6}",TPESampler,COMPLETE
1843,0.04923746734857559,2025-04-26 01:16:29.074163,2025-04-26 01:16:37.482479,0 days 00:00:08.408316,0.042937986822103216,32,160,384.0,128.0,4,0.0027936967367036616,0.6,checkpoints/mlp_Vc_trial_1843_best_state.pt,"{'learning_rate': 0.0027936967367036616, 'lr_reduce': 0.6}",TPESampler,COMPLETE
1844,0.04340580478310585,2025-04-26 01:16:37.855836,2025-04-26 01:16:50.038092,0 days 00:00:12.182256,0.0021142030146090902,32,128,480.0,80.0,4,0.006703950397807008,0.6,checkpoints/mlp_Vc_trial_1844_best_state.pt,"{'learning_rate': 0.006703950397807008, 'lr_reduce': 0.6}",TPESampler,COMPLETE
1845,0.03807093948125839,2025-04-26 01:16:39.779988,2025-04-26 01:16:52.789608,0 days 00:00:13.009620,0.0021408265149863758,32,128,512.0,,3,0.005780661052755028,0.6,checkpoints/mlp_Vc_trial_1845_best_state.pt,"{'learning_rate': 0.005780661052755028, 'lr_reduce': 0.6}",TPESampler,COMPLETE
1846,0.0635959655046463,2025-04-26 01:16:47.536190,2025-04-26 01:16:58.932573,0 days 00:00:11.396383,0.004148623876132279,128,160,,,2,0.006412930860266001,0.6,checkpoints/mlp_Vc_trial_1846_best_state.pt,"{'learning_rate': 0.006412930860266001, 'lr_reduce': 0.6}",TPESampler,COMPLETE
1847,0.03846830874681473,2025-04-26 01:16:50.451939,2025-04-26 01:17:01.766075,0 days 00:00:11.314136,0.010123959976299435,64,32,336.0,224.0,4,0.004021786071516365,0.6,checkpoints/mlp_Vc_trial_1847_best_state.pt,"{'learning_rate': 0.004021786071516365, 'lr_reduce': 0.6}",TPESampler,COMPLETE
1848,0.07777604460716248,2025-04-26 01:16:53.173588,2025-04-26 01:17:03.248106,0 days 00:00:10.074518,0.05639392677722534,32,96,272.0,112.0,4,0.0022986069199559906,0.6,checkpoints/mlp_Vc_trial_1848_best_state.pt,"{'learning_rate': 0.0022986069199559906, 'lr_reduce': 0.6}",TPESampler,COMPLETE
1849,0.045656513422727585,2025-04-26 01:16:59.257211,2025-04-26 01:17:18.696318,0 days 00:00:19.439107,0.002887414699811929,32,96,192.0,176.0,4,0.0024496841602453987,0.6,checkpoints/mlp_Vc_trial_1849_best_state.pt,"{'learning_rate': 0.0024496841602453987, 'lr_reduce': 0.6}",TPESampler,COMPLETE
1850,0.04503560811281204,2025-04-26 01:17:02.126033,2025-04-26 01:17:11.053842,0 days 00:00:08.927809,0.03915632895326341,32,32,400.0,80.0,4,0.003946484213397557,0.6,checkpoints/mlp_Vc_trial_1850_best_state.pt,"{'learning_rate': 0.003946484213397557, 'lr_reduce': 0.6}",TPESampler,COMPLETE
1851,0.052912842482328415,2025-04-26 01:17:03.684521,2025-04-26 01:17:14.676515,0 days 00:00:10.991994,0.004090830229835361,48,48,336.0,,3,0.009780806638610001,0.6,checkpoints/mlp_Vc_trial_1851_best_state.pt,"{'learning_rate': 0.009780806638610001, 'lr_reduce': 0.6}",TPESampler,COMPLETE
1852,0.04519357159733772,2025-04-26 01:17:11.456442,2025-04-26 01:17:22.642128,0 days 00:00:11.185686,0.0035706065167087045,32,128,384.0,,3,0.0043687408289267565,0.6,checkpoints/mlp_Vc_trial_1852_best_state.pt,"{'learning_rate': 0.0043687408289267565, 'lr_reduce': 0.6}",TPESampler,COMPLETE
1853,0.05887599661946297,2025-04-26 01:17:14.993018,2025-04-26 01:17:28.484296,0 days 00:00:13.491278,0.04753812040523363,32,128,240.0,,3,0.0017400071598354626,0.6,checkpoints/mlp_Vc_trial_1853_best_state.pt,"{'learning_rate': 0.0017400071598354626, 'lr_reduce': 0.6}",TPESampler,COMPLETE
1854,0.04809987172484398,2025-04-26 01:17:19.041250,2025-04-26 01:17:40.324731,0 days 00:00:21.283481,0.003682911795037593,32,176,304.0,,3,0.0010434147745947877,0.6,checkpoints/mlp_Vc_trial_1854_best_state.pt,"{'learning_rate': 0.0010434147745947877, 'lr_reduce': 0.6}",TPESampler,COMPLETE
1855,0.0685838833451271,2025-04-26 01:17:22.987367,2025-04-26 01:17:33.097517,0 days 00:00:10.110150,0.0011321935819537275,112,48,432.0,,3,0.0046361467861421165,0.6,checkpoints/mlp_Vc_trial_1855_best_state.pt,"{'learning_rate': 0.0046361467861421165, 'lr_reduce': 0.6}",TPESampler,COMPLETE
1856,0.05894971266388893,2025-04-26 01:17:28.815463,2025-04-26 01:17:37.874804,0 days 00:00:09.059341,0.040886293682437895,48,32,352.0,32.0,4,0.008480165361548102,0.6,checkpoints/mlp_Vc_trial_1856_best_state.pt,"{'learning_rate': 0.008480165361548102, 'lr_reduce': 0.6}",TPESampler,COMPLETE
1857,0.05810825154185295,2025-04-26 01:17:33.417531,2025-04-26 01:17:50.485305,0 days 00:00:17.067774,0.0012371509361226033,96,128,288.0,384.0,4,0.009389912188300764,0.6,checkpoints/mlp_Vc_trial_1857_best_state.pt,"{'learning_rate': 0.009389912188300764, 'lr_reduce': 0.6}",TPESampler,COMPLETE
1858,0.05544489622116089,2025-04-26 01:17:38.250652,2025-04-26 01:17:53.717935,0 days 00:00:15.467283,0.0039506449383338955,48,32,,,2,0.0060455342962876055,0.6,checkpoints/mlp_Vc_trial_1858_best_state.pt,"{'learning_rate': 0.0060455342962876055, 'lr_reduce': 0.6}",TPESampler,COMPLETE
1859,0.06765536218881607,2025-04-26 01:17:40.915705,2025-04-26 01:17:54.014062,0 days 00:00:13.098357,0.006135326129581241,192,128,368.0,,3,0.003403301957966606,0.6,checkpoints/mlp_Vc_trial_1859_best_state.pt,"{'learning_rate': 0.003403301957966606, 'lr_reduce': 0.6}",TPESampler,COMPLETE
1860,0.06695381551980972,2025-04-26 01:17:50.970265,2025-04-26 01:18:00.210681,0 days 00:00:09.240416,0.051505355981669,32,80,320.0,112.0,4,0.009829333553019261,0.6,checkpoints/mlp_Vc_trial_1860_best_state.pt,"{'learning_rate': 0.009829333553019261, 'lr_reduce': 0.6}",TPESampler,COMPLETE
1861,0.08096547424793243,2025-04-26 01:17:54.118129,2025-04-26 01:18:05.295330,0 days 00:00:11.177201,0.0011862974867303906,128,96,,,2,0.008526421862701654,0.6,checkpoints/mlp_Vc_trial_1861_best_state.pt,"{'learning_rate': 0.008526421862701654, 'lr_reduce': 0.6}",TPESampler,COMPLETE
1862,0.05555455759167671,2025-04-26 01:17:54.364540,2025-04-26 01:18:10.404045,0 days 00:00:16.039505,0.002928066977518011,96,32,208.0,,3,0.005784274953247323,0.6,checkpoints/mlp_Vc_trial_1862_best_state.pt,"{'learning_rate': 0.005784274953247323, 'lr_reduce': 0.6}",TPESampler,COMPLETE
1863,0.05071650445461273,2025-04-26 01:18:00.545087,2025-04-26 01:18:13.779243,0 days 00:00:13.234156,0.004173653670550717,80,32,448.0,,3,0.007159446809511981,0.6,checkpoints/mlp_Vc_trial_1863_best_state.pt,"{'learning_rate': 0.007159446809511981, 'lr_reduce': 0.6}",TPESampler,COMPLETE
1864,0.057594504207372665,2025-04-26 01:18:05.662894,2025-04-26 01:18:17.090121,0 days 00:00:11.427227,0.05849991057106548,96,80,400.0,,3,0.009894175306664922,0.6,checkpoints/mlp_Vc_trial_1864_best_state.pt,"{'learning_rate': 0.009894175306664922, 'lr_reduce': 0.6}",TPESampler,COMPLETE
1865,0.054422929883003235,2025-04-26 01:18:10.780196,2025-04-26 01:18:18.627721,0 days 00:00:07.847525,0.06101738693374099,32,96,256.0,,3,0.004926652946728906,0.6,checkpoints/mlp_Vc_trial_1865_best_state.pt,"{'learning_rate': 0.004926652946728906, 'lr_reduce': 0.6}",TPESampler,COMPLETE
1866,0.07885097712278366,2025-04-26 01:18:14.102726,2025-04-26 01:18:26.613265,0 days 00:00:12.510539,0.05696008707868742,112,176,352.0,,3,0.001757652868041114,0.6,checkpoints/mlp_Vc_trial_1866_best_state.pt,"{'learning_rate': 0.001757652868041114, 'lr_reduce': 0.6}",TPESampler,COMPLETE
