number,value,datetime_start,datetime_complete,duration,params_final_dropout,params_mlp_dim_00,params_mlp_dim_01,params_mlp_dim_02,params_mlp_dim_03,params_mlp_n_layers,params_train_learning_rate,params_train_lr_reduce,user_attrs_best_state_dict_path,user_attrs_training_params,system_attrs_auto:sampler,state
900,0.0426049679517746,2025-04-26 00:00:07.101110,2025-04-26 00:00:17.169861,0 days 00:00:10.068751,0.002578736924182273,32,80,272.0,,3,0.007450588392684826,0.6,checkpoints/mlp_Vc_trial_900_best_state.pt,"{'learning_rate': 0.007450588392684826, 'lr_reduce': 0.6}",TPESampler,COMPLETE
901,0.04751701280474663,2025-04-26 00:00:07.127337,2025-04-26 00:00:43.254679,0 days 00:00:36.127342,0.0009382062663419143,32,48,,,2,0.003807609487727834,0.6,checkpoints/mlp_Vc_trial_901_best_state.pt,"{'learning_rate': 0.003807609487727834, 'lr_reduce': 0.6}",TPESampler,COMPLETE
902,0.071627676486969,2025-04-26 00:00:17.472475,2025-04-26 00:00:36.620606,0 days 00:00:19.148131,0.03517038206632037,144,128,336.0,,3,0.00962170131094747,0.6,checkpoints/mlp_Vc_trial_902_best_state.pt,"{'learning_rate': 0.00962170131094747, 'lr_reduce': 0.6}",TPESampler,COMPLETE
903,0.0631985068321228,2025-04-26 00:00:18.958471,2025-04-26 00:00:30.742506,0 days 00:00:11.784035,0.023570931079937813,112,192,352.0,,3,0.005247010928883338,0.6,checkpoints/mlp_Vc_trial_903_best_state.pt,"{'learning_rate': 0.005247010928883338, 'lr_reduce': 0.6}",TPESampler,COMPLETE
904,0.03603715822100639,2025-04-26 00:00:31.059844,2025-04-26 00:00:44.071748,0 days 00:00:13.011904,0.03775295881080247,32,208,256.0,160.0,4,0.002367191103932651,0.6,checkpoints/mlp_Vc_trial_904_best_state.pt,"{'learning_rate': 0.002367191103932651, 'lr_reduce': 0.6}",TPESampler,COMPLETE
905,0.058302804827690125,2025-04-26 00:00:37.040817,2025-04-26 00:00:47.435758,0 days 00:00:10.394941,0.0016938302476697358,80,112,368.0,,3,0.004149294269901004,0.6,checkpoints/mlp_Vc_trial_905_best_state.pt,"{'learning_rate': 0.004149294269901004, 'lr_reduce': 0.6}",TPESampler,COMPLETE
906,0.03733392432332039,2025-04-26 00:00:43.635081,2025-04-26 00:00:54.575058,0 days 00:00:10.939977,0.00042877697510076637,32,128,208.0,,3,0.005217635672089716,0.6,checkpoints/mlp_Vc_trial_906_best_state.pt,"{'learning_rate': 0.005217635672089716, 'lr_reduce': 0.6}",TPESampler,COMPLETE
907,0.14611969888210297,2025-04-26 00:00:44.419261,2025-04-26 00:00:55.333197,0 days 00:00:10.913936,0.2598707000902995,64,368,224.0,160.0,4,0.0012850109524407695,0.6,checkpoints/mlp_Vc_trial_907_best_state.pt,"{'learning_rate': 0.0012850109524407695, 'lr_reduce': 0.6}",TPESampler,COMPLETE
908,0.05110618472099304,2025-04-26 00:00:47.713231,2025-04-26 00:00:59.816667,0 days 00:00:12.103436,0.012675340040085602,48,208,240.0,112.0,4,0.003886086711190599,0.6,checkpoints/mlp_Vc_trial_908_best_state.pt,"{'learning_rate': 0.003886086711190599, 'lr_reduce': 0.6}",TPESampler,COMPLETE
909,0.051160115748643875,2025-04-26 00:00:54.898790,2025-04-26 00:01:03.287091,0 days 00:00:08.388301,0.09706217514388535,48,224,240.0,208.0,4,0.004306132538554779,0.6,checkpoints/mlp_Vc_trial_909_best_state.pt,"{'learning_rate': 0.004306132538554779, 'lr_reduce': 0.6}",TPESampler,COMPLETE
910,0.1620594561100006,2025-04-26 00:00:55.698903,2025-04-26 00:01:15.700383,0 days 00:00:20.001480,0.17072024469790947,80,432,256.0,80.0,4,0.00031520131717650867,0.6,checkpoints/mlp_Vc_trial_910_best_state.pt,"{'learning_rate': 0.00031520131717650867, 'lr_reduce': 0.6}",TPESampler,COMPLETE
911,0.04567383602261543,2025-04-26 00:01:00.137571,2025-04-26 00:01:11.931219,0 days 00:00:11.793648,0.02173689273020512,32,224,176.0,,3,0.00474509355795518,0.6,checkpoints/mlp_Vc_trial_911_best_state.pt,"{'learning_rate': 0.00474509355795518, 'lr_reduce': 0.6}",TPESampler,COMPLETE
912,0.13204394280910492,2025-04-26 00:01:03.563066,2025-04-26 00:01:24.700577,0 days 00:00:21.137511,0.13034998927616553,128,208,,,2,0.0013938038113496321,0.6,checkpoints/mlp_Vc_trial_912_best_state.pt,"{'learning_rate': 0.0013938038113496321, 'lr_reduce': 0.6}",TPESampler,COMPLETE
913,0.04762676730751991,2025-04-26 00:01:12.304866,2025-04-26 00:01:25.923580,0 days 00:00:13.618714,0.011464102437357617,64,160,240.0,160.0,4,0.003043143470097118,0.6,checkpoints/mlp_Vc_trial_913_best_state.pt,"{'learning_rate': 0.003043143470097118, 'lr_reduce': 0.6}",TPESampler,COMPLETE
914,0.036325741559267044,2025-04-26 00:01:16.260397,2025-04-26 00:01:29.451629,0 days 00:00:13.191232,0.034672722834521635,32,128,272.0,32.0,4,0.002644935635271741,0.6,checkpoints/mlp_Vc_trial_914_best_state.pt,"{'learning_rate': 0.002644935635271741, 'lr_reduce': 0.6}",TPESampler,COMPLETE
915,0.09030117094516754,2025-04-26 00:01:25.023114,2025-04-26 00:01:40.356258,0 days 00:00:15.333144,0.05336741290666958,144,144,48.0,96.0,4,0.0019444313460715203,0.6,checkpoints/mlp_Vc_trial_915_best_state.pt,"{'learning_rate': 0.0019444313460715203, 'lr_reduce': 0.6}",TPESampler,COMPLETE
916,0.04978690668940544,2025-04-26 00:01:26.285390,2025-04-26 00:01:43.285121,0 days 00:00:16.999731,0.013179607335956849,96,256,272.0,224.0,4,0.0021501743886148165,0.6,checkpoints/mlp_Vc_trial_916_best_state.pt,"{'learning_rate': 0.0021501743886148165, 'lr_reduce': 0.6}",TPESampler,COMPLETE
917,0.06666017323732376,2025-04-26 00:01:29.813257,2025-04-26 00:01:39.669562,0 days 00:00:09.856305,0.07928040323969707,48,176,272.0,144.0,4,0.002525958150199669,0.6,checkpoints/mlp_Vc_trial_917_best_state.pt,"{'learning_rate': 0.002525958150199669, 'lr_reduce': 0.6}",TPESampler,COMPLETE
918,0.058322202414274216,2025-04-26 00:01:39.978229,2025-04-26 00:01:47.679377,0 days 00:00:07.701148,0.000849612925388675,80,144,272.0,,3,0.004973809313304503,0.6,checkpoints/mlp_Vc_trial_918_best_state.pt,"{'learning_rate': 0.004973809313304503, 'lr_reduce': 0.6}",TPESampler,COMPLETE
919,0.09651163220405579,2025-04-26 00:01:40.687165,2025-04-26 00:01:53.813234,0 days 00:00:13.126069,0.05057315498574878,128,304,208.0,32.0,4,0.00149647224163971,0.6,checkpoints/mlp_Vc_trial_919_best_state.pt,"{'learning_rate': 0.00149647224163971, 'lr_reduce': 0.6}",TPESampler,COMPLETE
920,0.07645733654499054,2025-04-26 00:01:43.638346,2025-04-26 00:01:53.875010,0 days 00:00:10.236664,0.0007128096462703862,96,112,304.0,,3,0.0024431710197457004,0.6,checkpoints/mlp_Vc_trial_920_best_state.pt,"{'learning_rate': 0.0024431710197457004, 'lr_reduce': 0.6}",TPESampler,COMPLETE
921,0.13465926051139832,2025-04-26 00:01:48.082679,2025-04-26 00:02:03.592298,0 days 00:00:15.509619,0.2335311729985185,160,480,288.0,,3,0.0008807643358471724,0.6,checkpoints/mlp_Vc_trial_921_best_state.pt,"{'learning_rate': 0.0008807643358471724, 'lr_reduce': 0.6}",TPESampler,COMPLETE
922,0.0942968875169754,2025-04-26 00:01:54.126366,2025-04-26 00:02:06.344045,0 days 00:00:12.217679,0.05995974476201016,96,224,304.0,,3,0.0012715272012980253,0.6,checkpoints/mlp_Vc_trial_922_best_state.pt,"{'learning_rate': 0.0012715272012980253, 'lr_reduce': 0.6}",TPESampler,COMPLETE
923,0.13530927896499634,2025-04-26 00:01:54.221877,2025-04-26 00:02:13.138650,0 days 00:00:18.916773,0.037635466836250575,288,240,304.0,96.0,4,0.0003920567554659563,0.6,checkpoints/mlp_Vc_trial_923_best_state.pt,"{'learning_rate': 0.0003920567554659563, 'lr_reduce': 0.6}",TPESampler,COMPLETE
924,0.09954982250928879,2025-04-26 00:02:03.924000,2025-04-26 00:02:16.325484,0 days 00:00:12.401484,0.269708661769064,416,160,,,2,0.007384742734935247,0.6,checkpoints/mlp_Vc_trial_924_best_state.pt,"{'learning_rate': 0.007384742734935247, 'lr_reduce': 0.6}",TPESampler,COMPLETE
925,0.07466845959424973,2025-04-26 00:02:06.688564,2025-04-26 00:02:15.792499,0 days 00:00:09.103935,0.04894824314423109,176,32,240.0,176.0,4,0.006731576396221293,0.6,checkpoints/mlp_Vc_trial_925_best_state.pt,"{'learning_rate': 0.006731576396221293, 'lr_reduce': 0.6}",TPESampler,COMPLETE
926,0.052744437009096146,2025-04-26 00:02:13.469365,2025-04-26 00:02:28.247965,0 days 00:00:14.778600,0.044458601208244554,32,256,128.0,96.0,4,0.0013565209361416988,0.6,checkpoints/mlp_Vc_trial_926_best_state.pt,"{'learning_rate': 0.0013565209361416988, 'lr_reduce': 0.6}",TPESampler,COMPLETE
927,0.06187829747796059,2025-04-26 00:02:16.116463,2025-04-26 00:02:28.885964,0 days 00:00:12.769501,0.02648485339874585,64,224,320.0,256.0,4,0.0015636367945265559,0.6,checkpoints/mlp_Vc_trial_927_best_state.pt,"{'learning_rate': 0.0015636367945265559, 'lr_reduce': 0.6}",TPESampler,COMPLETE
928,0.08080759644508362,2025-04-26 00:02:16.639745,2025-04-26 00:02:29.434799,0 days 00:00:12.795054,0.001155215836675168,128,208,512.0,,3,0.005636800695518066,0.6,checkpoints/mlp_Vc_trial_928_best_state.pt,"{'learning_rate': 0.005636800695518066, 'lr_reduce': 0.6}",TPESampler,COMPLETE
929,0.05776669830083847,2025-04-26 00:02:28.558998,2025-04-26 00:02:36.133460,0 days 00:00:07.574462,0.06124329684325721,32,160,320.0,,3,0.005465002140654153,0.6,checkpoints/mlp_Vc_trial_929_best_state.pt,"{'learning_rate': 0.005465002140654153, 'lr_reduce': 0.6}",TPESampler,COMPLETE
930,0.04588846117258072,2025-04-26 00:02:29.298509,2025-04-26 00:02:39.753289,0 days 00:00:10.454780,0.054038053540407985,32,208,256.0,,3,0.004603431670605824,0.6,checkpoints/mlp_Vc_trial_930_best_state.pt,"{'learning_rate': 0.004603431670605824, 'lr_reduce': 0.6}",TPESampler,COMPLETE
931,0.04209870100021362,2025-04-26 00:02:29.787018,2025-04-26 00:02:57.609163,0 days 00:00:27.822145,0.0023832937215355326,32,208,,,2,0.0026807270107572696,0.6,checkpoints/mlp_Vc_trial_931_best_state.pt,"{'learning_rate': 0.0026807270107572696, 'lr_reduce': 0.6}",TPESampler,COMPLETE
932,0.05707879737019539,2025-04-26 00:02:36.510093,2025-04-26 00:03:01.224538,0 days 00:00:24.714445,0.041795304844913526,32,256,336.0,,3,0.000770986308802928,0.6,checkpoints/mlp_Vc_trial_932_best_state.pt,"{'learning_rate': 0.000770986308802928, 'lr_reduce': 0.6}",TPESampler,COMPLETE
933,0.06702515482902527,2025-04-26 00:02:40.162021,2025-04-26 00:02:58.689374,0 days 00:00:18.527353,0.03954949122094508,96,224,288.0,32.0,4,0.002890971341873817,0.6,checkpoints/mlp_Vc_trial_933_best_state.pt,"{'learning_rate': 0.002890971341873817, 'lr_reduce': 0.6}",TPESampler,COMPLETE
934,0.04771028459072113,2025-04-26 00:02:57.870928,2025-04-26 00:03:07.592691,0 days 00:00:09.721763,0.005892190279718488,48,128,352.0,,3,0.00759305387112625,0.6,checkpoints/mlp_Vc_trial_934_best_state.pt,"{'learning_rate': 0.00759305387112625, 'lr_reduce': 0.6}",TPESampler,COMPLETE
935,0.03900718316435814,2025-04-26 00:02:59.079927,2025-04-26 00:03:09.421716,0 days 00:00:10.341789,0.0059955656028381765,32,112,,,2,0.009296297501069134,0.6,checkpoints/mlp_Vc_trial_935_best_state.pt,"{'learning_rate': 0.009296297501069134, 'lr_reduce': 0.6}",TPESampler,COMPLETE
936,0.03484422713518143,2025-04-26 00:03:01.593827,2025-04-26 00:03:15.005471,0 days 00:00:13.411644,0.003079241124845657,32,144,384.0,,3,0.00546550193003739,0.6,checkpoints/mlp_Vc_trial_936_best_state.pt,"{'learning_rate': 0.00546550193003739, 'lr_reduce': 0.6}",TPESampler,COMPLETE
937,0.04895107448101044,2025-04-26 00:03:07.928234,2025-04-26 00:03:18.010621,0 days 00:00:10.082387,0.06371905311096321,32,304,208.0,144.0,4,0.0026786974038853196,0.6,checkpoints/mlp_Vc_trial_937_best_state.pt,"{'learning_rate': 0.0026786974038853196, 'lr_reduce': 0.6}",TPESampler,COMPLETE
938,0.12368037551641464,2025-04-26 00:03:09.767312,2025-04-26 00:03:27.499591,0 days 00:00:17.732279,0.026748577342145266,160,304,,,2,0.000742624755294749,0.6,checkpoints/mlp_Vc_trial_938_best_state.pt,"{'learning_rate': 0.000742624755294749, 'lr_reduce': 0.6}",TPESampler,COMPLETE
939,0.07606160640716553,2025-04-26 00:03:15.308537,2025-04-26 00:03:29.619339,0 days 00:00:14.310802,0.06433935032971336,64,208,336.0,96.0,4,0.0011790226699795669,0.6,checkpoints/mlp_Vc_trial_939_best_state.pt,"{'learning_rate': 0.0011790226699795669, 'lr_reduce': 0.6}",TPESampler,COMPLETE
940,0.11160663515329361,2025-04-26 00:03:18.481137,2025-04-26 00:03:26.937023,0 days 00:00:08.455886,0.2890103334134549,320,48,,,2,0.007142116239801453,0.6,checkpoints/mlp_Vc_trial_940_best_state.pt,"{'learning_rate': 0.007142116239801453, 'lr_reduce': 0.6}",TPESampler,COMPLETE
941,0.06630942970514297,2025-04-26 00:03:27.266688,2025-04-26 00:03:40.510027,0 days 00:00:13.243339,0.00031161113876180743,128,112,368.0,224.0,4,0.004628759839615372,0.6,checkpoints/mlp_Vc_trial_941_best_state.pt,"{'learning_rate': 0.004628759839615372, 'lr_reduce': 0.6}",TPESampler,COMPLETE
942,0.07622556388378143,2025-04-26 00:03:27.807916,2025-04-26 00:03:38.916912,0 days 00:00:11.108996,0.06133316475003822,96,112,320.0,,3,0.006570722629117143,0.6,checkpoints/mlp_Vc_trial_942_best_state.pt,"{'learning_rate': 0.006570722629117143, 'lr_reduce': 0.6}",TPESampler,COMPLETE
943,0.05362242832779884,2025-04-26 00:03:29.914392,2025-04-26 00:03:45.343582,0 days 00:00:15.429190,0.017352059864970234,144,112,352.0,,3,0.009965101349091126,0.6,checkpoints/mlp_Vc_trial_943_best_state.pt,"{'learning_rate': 0.009965101349091126, 'lr_reduce': 0.6}",TPESampler,COMPLETE
944,0.050141215324401855,2025-04-26 00:03:39.256420,2025-04-26 00:03:52.908645,0 days 00:00:13.652225,0.04531674746080709,32,224,368.0,32.0,4,0.0017880004094673184,0.6,checkpoints/mlp_Vc_trial_944_best_state.pt,"{'learning_rate': 0.0017880004094673184, 'lr_reduce': 0.6}",TPESampler,COMPLETE
945,0.15813618898391724,2025-04-26 00:03:40.981390,2025-04-26 00:04:08.283443,0 days 00:00:27.302053,0.17140997035913763,368,224,,,2,0.0004478332789342393,0.6,checkpoints/mlp_Vc_trial_945_best_state.pt,"{'learning_rate': 0.0004478332789342393, 'lr_reduce': 0.6}",TPESampler,COMPLETE
946,0.09124896675348282,2025-04-26 00:03:45.688785,2025-04-26 00:03:57.433193,0 days 00:00:11.744408,0.11015667500141416,128,208,288.0,160.0,4,0.001907577932297823,0.6,checkpoints/mlp_Vc_trial_946_best_state.pt,"{'learning_rate': 0.001907577932297823, 'lr_reduce': 0.6}",TPESampler,COMPLETE
947,0.05463790521025658,2025-04-26 00:03:53.285407,2025-04-26 00:04:01.620289,0 days 00:00:08.334882,0.014761231687732385,32,176,384.0,,3,0.003884792808630959,0.6,checkpoints/mlp_Vc_trial_947_best_state.pt,"{'learning_rate': 0.003884792808630959, 'lr_reduce': 0.6}",TPESampler,COMPLETE
948,0.052212025970220566,2025-04-26 00:03:57.801796,2025-04-26 00:04:09.150176,0 days 00:00:11.348380,0.0023944646343683172,48,224,336.0,,3,0.007368764012001532,0.6,checkpoints/mlp_Vc_trial_948_best_state.pt,"{'learning_rate': 0.007368764012001532, 'lr_reduce': 0.6}",TPESampler,COMPLETE
949,0.04479297995567322,2025-04-26 00:04:01.955823,2025-04-26 00:04:12.524448,0 days 00:00:10.568625,0.01848090547121207,32,208,384.0,80.0,4,0.0038432474418831917,0.6,checkpoints/mlp_Vc_trial_949_best_state.pt,"{'learning_rate': 0.0038432474418831917, 'lr_reduce': 0.6}",TPESampler,COMPLETE
950,0.10097771137952805,2025-04-26 00:04:08.632758,2025-04-26 00:04:29.209751,0 days 00:00:20.576993,0.00481832979859545,464,80,272.0,32.0,4,0.0004025362456678016,0.6,checkpoints/mlp_Vc_trial_950_best_state.pt,"{'learning_rate': 0.0004025362456678016, 'lr_reduce': 0.6}",TPESampler,COMPLETE
951,0.04832012951374054,2025-04-26 00:04:09.450881,2025-04-26 00:04:20.113450,0 days 00:00:10.662569,0.001270899675374893,32,96,336.0,,3,0.007239360250809045,0.6,checkpoints/mlp_Vc_trial_951_best_state.pt,"{'learning_rate': 0.007239360250809045, 'lr_reduce': 0.6}",TPESampler,COMPLETE
952,0.05970146879553795,2025-04-26 00:04:12.893194,2025-04-26 00:04:23.481342,0 days 00:00:10.588148,0.02401226472962812,96,112,384.0,,3,0.007511765515591794,0.6,checkpoints/mlp_Vc_trial_952_best_state.pt,"{'learning_rate': 0.007511765515591794, 'lr_reduce': 0.6}",TPESampler,COMPLETE
953,0.047774579375982285,2025-04-26 00:04:20.403519,2025-04-26 00:04:34.257240,0 days 00:00:13.853721,0.0007047641604902687,80,128,304.0,,3,0.005702403164755024,0.6,checkpoints/mlp_Vc_trial_953_best_state.pt,"{'learning_rate': 0.005702403164755024, 'lr_reduce': 0.6}",TPESampler,COMPLETE
954,0.04968072474002838,2025-04-26 00:04:23.808186,2025-04-26 00:04:32.031552,0 days 00:00:08.223366,0.03531744145120325,32,144,384.0,144.0,4,0.004694145563118854,0.6,checkpoints/mlp_Vc_trial_954_best_state.pt,"{'learning_rate': 0.004694145563118854, 'lr_reduce': 0.6}",TPESampler,COMPLETE
955,0.039283741265535355,2025-04-26 00:04:29.514870,2025-04-26 00:04:40.297079,0 days 00:00:10.782209,0.0034231750872516964,32,208,240.0,,3,0.004969478788804981,0.6,checkpoints/mlp_Vc_trial_955_best_state.pt,"{'learning_rate': 0.004969478788804981, 'lr_reduce': 0.6}",TPESampler,COMPLETE
956,0.049698617309331894,2025-04-26 00:04:32.343804,2025-04-26 00:04:43.563165,0 days 00:00:11.219361,0.04005913862923406,32,112,336.0,,3,0.0032731747470353405,0.6,checkpoints/mlp_Vc_trial_956_best_state.pt,"{'learning_rate': 0.0032731747470353405, 'lr_reduce': 0.6}",TPESampler,COMPLETE
957,0.03523492440581322,2025-04-26 00:04:34.592741,2025-04-26 00:04:47.237748,0 days 00:00:12.645007,0.0006193716798636919,32,144,384.0,,3,0.005639527008394704,0.6,checkpoints/mlp_Vc_trial_957_best_state.pt,"{'learning_rate': 0.005639527008394704, 'lr_reduce': 0.6}",TPESampler,COMPLETE
958,0.11585979163646698,2025-04-26 00:04:40.635827,2025-04-26 00:04:58.597077,0 days 00:00:17.961250,0.09409103572230015,48,496,304.0,240.0,4,0.00040410206451741234,0.6,checkpoints/mlp_Vc_trial_958_best_state.pt,"{'learning_rate': 0.00040410206451741234, 'lr_reduce': 0.6}",TPESampler,COMPLETE
959,0.034411944448947906,2025-04-26 00:04:43.890351,2025-04-26 00:04:55.274162,0 days 00:00:11.383811,0.009114432155044159,32,112,384.0,96.0,4,0.003801046415923741,0.6,checkpoints/mlp_Vc_trial_959_best_state.pt,"{'learning_rate': 0.003801046415923741, 'lr_reduce': 0.6}",TPESampler,COMPLETE
960,0.1232745349407196,2025-04-26 00:04:47.551377,2025-04-26 00:05:10.960108,0 days 00:00:23.408731,0.028502886757092463,128,128,400.0,,3,0.00027594114225918466,0.6,checkpoints/mlp_Vc_trial_960_best_state.pt,"{'learning_rate': 0.00027594114225918466, 'lr_reduce': 0.6}",TPESampler,COMPLETE
961,0.05901417136192322,2025-04-26 00:04:55.636549,2025-04-26 00:05:04.930904,0 days 00:00:09.294355,0.03996110343973727,64,112,400.0,80.0,4,0.004811359177135339,0.6,checkpoints/mlp_Vc_trial_961_best_state.pt,"{'learning_rate': 0.004811359177135339, 'lr_reduce': 0.6}",TPESampler,COMPLETE
962,0.053750719875097275,2025-04-26 00:04:58.959406,2025-04-26 00:05:10.957833,0 days 00:00:11.998427,0.014617932795838208,48,128,384.0,32.0,4,0.005840904871803303,0.6,checkpoints/mlp_Vc_trial_962_best_state.pt,"{'learning_rate': 0.005840904871803303, 'lr_reduce': 0.6}",TPESampler,COMPLETE
963,0.18283666670322418,2025-04-26 00:05:05.222311,2025-04-26 00:05:38.515563,0 days 00:00:33.293252,0.2051559934903282,240,64,400.0,96.0,4,0.00017388099838469532,0.6,checkpoints/mlp_Vc_trial_963_best_state.pt,"{'learning_rate': 0.00017388099838469532, 'lr_reduce': 0.6}",TPESampler,COMPLETE
964,0.13507957756519318,2025-04-26 00:05:11.259819,2025-04-26 00:05:26.299140,0 days 00:00:15.039321,0.22219114803651116,96,208,400.0,,3,0.006691009404451054,0.6,checkpoints/mlp_Vc_trial_964_best_state.pt,"{'learning_rate': 0.006691009404451054, 'lr_reduce': 0.6}",TPESampler,COMPLETE
965,0.043859779834747314,2025-04-26 00:05:11.362406,2025-04-26 00:05:23.465440,0 days 00:00:12.103034,0.009236869482349204,32,96,400.0,,3,0.0037523501684220244,0.6,checkpoints/mlp_Vc_trial_965_best_state.pt,"{'learning_rate': 0.0037523501684220244, 'lr_reduce': 0.6}",TPESampler,COMPLETE
966,0.05018730089068413,2025-04-26 00:05:23.806650,2025-04-26 00:05:34.551586,0 days 00:00:10.744936,0.017860230004338264,32,64,400.0,32.0,4,0.004567000356969667,0.6,checkpoints/mlp_Vc_trial_966_best_state.pt,"{'learning_rate': 0.004567000356969667, 'lr_reduce': 0.6}",TPESampler,COMPLETE
967,0.05677904561161995,2025-04-26 00:05:26.645123,2025-04-26 00:05:44.968589,0 days 00:00:18.323466,0.0024375875134509777,48,112,384.0,96.0,4,0.007244149057978135,0.6,checkpoints/mlp_Vc_trial_967_best_state.pt,"{'learning_rate': 0.007244149057978135, 'lr_reduce': 0.6}",TPESampler,COMPLETE
968,0.07673322409391403,2025-04-26 00:05:35.007272,2025-04-26 00:05:49.885294,0 days 00:00:14.878022,0.054074141457550434,144,160,400.0,96.0,4,0.006219210027161266,0.6,checkpoints/mlp_Vc_trial_968_best_state.pt,"{'learning_rate': 0.006219210027161266, 'lr_reduce': 0.6}",TPESampler,COMPLETE
969,0.061164844781160355,2025-04-26 00:05:38.914675,2025-04-26 00:05:52.158414,0 days 00:00:13.243739,0.07120669816231948,96,112,368.0,32.0,4,0.00862911463826097,0.6,checkpoints/mlp_Vc_trial_969_best_state.pt,"{'learning_rate': 0.00862911463826097, 'lr_reduce': 0.6}",TPESampler,COMPLETE
970,0.0435706190764904,2025-04-26 00:05:45.307136,2025-04-26 00:05:56.096293,0 days 00:00:10.789157,0.00031317802767356906,64,160,416.0,,3,0.004798518084501125,0.6,checkpoints/mlp_Vc_trial_970_best_state.pt,"{'learning_rate': 0.004798518084501125, 'lr_reduce': 0.6}",TPESampler,COMPLETE
971,0.044765371829271317,2025-04-26 00:05:50.262146,2025-04-26 00:06:05.202926,0 days 00:00:14.940780,0.009599396423234863,32,128,512.0,96.0,4,0.005007783134975505,0.6,checkpoints/mlp_Vc_trial_971_best_state.pt,"{'learning_rate': 0.005007783134975505, 'lr_reduce': 0.6}",TPESampler,COMPLETE
972,0.0634377971291542,2025-04-26 00:05:52.534087,2025-04-26 00:06:07.385113,0 days 00:00:14.851026,0.04476814489173775,48,128,368.0,,3,0.009680626617917383,0.6,checkpoints/mlp_Vc_trial_972_best_state.pt,"{'learning_rate': 0.009680626617917383, 'lr_reduce': 0.6}",TPESampler,COMPLETE
973,0.11413512378931046,2025-04-26 00:05:56.523864,2025-04-26 00:06:07.256463,0 days 00:00:10.732599,0.13067622268700244,256,64,368.0,32.0,4,0.007450529567374659,0.6,checkpoints/mlp_Vc_trial_973_best_state.pt,"{'learning_rate': 0.007450529567374659, 'lr_reduce': 0.6}",TPESampler,COMPLETE
974,0.06993269920349121,2025-04-26 00:06:05.548219,2025-04-26 00:06:16.159157,0 days 00:00:10.610938,0.0024552146657122924,128,160,416.0,,3,0.005538537733495696,0.6,checkpoints/mlp_Vc_trial_974_best_state.pt,"{'learning_rate': 0.005538537733495696, 'lr_reduce': 0.6}",TPESampler,COMPLETE
