number,value,datetime_start,datetime_complete,duration,params_final_dropout,params_mlp_dim_00,params_mlp_dim_01,params_mlp_dim_02,params_mlp_dim_03,params_mlp_n_layers,params_train_learning_rate,params_train_lr_reduce,user_attrs_best_state_dict_path,user_attrs_training_params,system_attrs_auto:sampler,state
300,0.057358816266059875,2025-04-25 23:13:58.698241,2025-04-25 23:14:13.070903,0 days 00:00:14.372662,0.0064071397868474475,64,176,448.0,,3,0.0011383583543854707,0.6,checkpoints/mlp_Vc_trial_300_best_state.pt,"{'learning_rate': 0.0011383583543854707, 'lr_reduce': 0.6}",TPESampler,COMPLETE
301,0.07235849648714066,2025-04-25 23:14:05.037395,2025-04-25 23:14:14.619005,0 days 00:00:09.581610,0.0490095175946562,112,112,432.0,,3,0.007856888742957945,0.6,checkpoints/mlp_Vc_trial_301_best_state.pt,"{'learning_rate': 0.007856888742957945, 'lr_reduce': 0.6}",TPESampler,COMPLETE
302,0.04137232527136803,2025-04-25 23:14:13.375836,2025-04-25 23:14:23.470707,0 days 00:00:10.094871,0.001079904964620633,32,160,384.0,,3,0.008221197799237953,0.6,checkpoints/mlp_Vc_trial_302_best_state.pt,"{'learning_rate': 0.008221197799237953, 'lr_reduce': 0.6}",TPESampler,COMPLETE
303,0.053699154406785965,2025-04-25 23:14:14.877559,2025-04-25 23:14:34.974296,0 days 00:00:20.096737,0.008602817900205778,32,160,,,2,0.004932833762462663,0.6,checkpoints/mlp_Vc_trial_303_best_state.pt,"{'learning_rate': 0.004932833762462663, 'lr_reduce': 0.6}",TPESampler,COMPLETE
304,0.05829606577754021,2025-04-25 23:14:16.889229,2025-04-25 23:14:23.220680,0 days 00:00:06.331451,0.06394774108873141,32,48,256.0,,3,0.007283999471634758,0.6,checkpoints/mlp_Vc_trial_304_best_state.pt,"{'learning_rate': 0.007283999471634758, 'lr_reduce': 0.6}",TPESampler,COMPLETE
305,0.04977348446846008,2025-04-25 23:14:23.508832,2025-04-25 23:14:32.399571,0 days 00:00:08.890739,0.02435305884756475,32,48,480.0,,3,0.0029177467604788476,0.6,checkpoints/mlp_Vc_trial_305_best_state.pt,"{'learning_rate': 0.0029177467604788476, 'lr_reduce': 0.6}",TPESampler,COMPLETE
306,0.056352369487285614,2025-04-25 23:14:23.792041,2025-04-25 23:14:34.030657,0 days 00:00:10.238616,0.06734621798398222,48,32,384.0,,3,0.0033200023430242794,0.6,checkpoints/mlp_Vc_trial_306_best_state.pt,"{'learning_rate': 0.0033200023430242794, 'lr_reduce': 0.6}",TPESampler,COMPLETE
307,0.03696298599243164,2025-04-25 23:14:32.706058,2025-04-25 23:14:50.141218,0 days 00:00:17.435160,0.0015289198388822403,32,208,432.0,,3,0.00247444776858545,0.6,checkpoints/mlp_Vc_trial_307_best_state.pt,"{'learning_rate': 0.00247444776858545, 'lr_reduce': 0.6}",TPESampler,COMPLETE
308,0.07729072868824005,2025-04-25 23:14:34.329011,2025-04-25 23:14:53.222961,0 days 00:00:18.893950,0.03534407851284528,112,176,336.0,,3,0.009816360345436757,0.6,checkpoints/mlp_Vc_trial_308_best_state.pt,"{'learning_rate': 0.009816360345436757, 'lr_reduce': 0.6}",TPESampler,COMPLETE
309,0.12766118347644806,2025-04-25 23:14:35.253077,2025-04-25 23:14:53.196023,0 days 00:00:17.942946,0.21613068618776465,192,464,,,2,0.001976198768973711,0.6,checkpoints/mlp_Vc_trial_309_best_state.pt,"{'learning_rate': 0.001976198768973711, 'lr_reduce': 0.6}",TPESampler,COMPLETE
310,0.07452581822872162,2025-04-25 23:14:50.466271,2025-04-25 23:15:02.611655,0 days 00:00:12.145384,0.02007426327439852,144,240,512.0,,3,0.0019468063749735942,0.6,checkpoints/mlp_Vc_trial_310_best_state.pt,"{'learning_rate': 0.0019468063749735942, 'lr_reduce': 0.6}",TPESampler,COMPLETE
311,0.054371826350688934,2025-04-25 23:14:53.457091,2025-04-25 23:15:02.912988,0 days 00:00:09.455897,0.05822817023820284,32,192,464.0,,3,0.003762467772994382,0.6,checkpoints/mlp_Vc_trial_311_best_state.pt,"{'learning_rate': 0.003762467772994382, 'lr_reduce': 0.6}",TPESampler,COMPLETE
312,0.18604473769664764,2025-04-25 23:14:53.555038,2025-04-25 23:16:10.169306,0 days 00:01:16.614268,0.11926353903126811,480,64,,,2,0.00016500366384703961,0.6,checkpoints/mlp_Vc_trial_312_best_state.pt,"{'learning_rate': 0.00016500366384703961, 'lr_reduce': 0.6}",TPESampler,COMPLETE
313,0.10244734585285187,2025-04-25 23:15:02.945092,2025-04-25 23:15:12.726866,0 days 00:00:09.781774,0.006859623414679614,80,96,,,2,0.0020539931794961836,0.6,checkpoints/mlp_Vc_trial_313_best_state.pt,"{'learning_rate': 0.0020539931794961836, 'lr_reduce': 0.6}",TPESampler,COMPLETE
314,0.09448018670082092,2025-04-25 23:15:03.217640,2025-04-25 23:15:18.459463,0 days 00:00:15.241823,0.008515575878157523,128,176,432.0,,3,0.009050920095479953,0.6,checkpoints/mlp_Vc_trial_314_best_state.pt,"{'learning_rate': 0.009050920095479953, 'lr_reduce': 0.6}",TPESampler,COMPLETE
315,0.07449079304933548,2025-04-25 23:15:13.056698,2025-04-25 23:15:25.694507,0 days 00:00:12.637809,0.02995625863252838,80,192,448.0,,3,0.002178667465713429,0.6,checkpoints/mlp_Vc_trial_315_best_state.pt,"{'learning_rate': 0.002178667465713429, 'lr_reduce': 0.6}",TPESampler,COMPLETE
316,0.04815669730305672,2025-04-25 23:15:18.728140,2025-04-25 23:15:30.459410,0 days 00:00:11.731270,0.00869738753131176,32,256,416.0,272.0,4,0.0019982852683954728,0.6,checkpoints/mlp_Vc_trial_316_best_state.pt,"{'learning_rate': 0.0019982852683954728, 'lr_reduce': 0.6}",TPESampler,COMPLETE
317,0.057539016008377075,2025-04-25 23:15:25.979147,2025-04-25 23:15:38.218741,0 days 00:00:12.239594,0.005802247211759085,96,144,368.0,96.0,4,0.0061859368675506,0.6,checkpoints/mlp_Vc_trial_317_best_state.pt,"{'learning_rate': 0.0061859368675506, 'lr_reduce': 0.6}",TPESampler,COMPLETE
318,0.06709978729486465,2025-04-25 23:15:30.738650,2025-04-25 23:15:43.867370,0 days 00:00:13.128720,0.04255557517881022,32,208,432.0,,3,0.009721831699657454,0.6,checkpoints/mlp_Vc_trial_318_best_state.pt,"{'learning_rate': 0.009721831699657454, 'lr_reduce': 0.6}",TPESampler,COMPLETE
319,0.06953084468841553,2025-04-25 23:15:38.491628,2025-04-25 23:15:49.982018,0 days 00:00:11.490390,0.0027292377567621554,80,208,336.0,,3,0.0017198566877710652,0.6,checkpoints/mlp_Vc_trial_319_best_state.pt,"{'learning_rate': 0.0017198566877710652, 'lr_reduce': 0.6}",TPESampler,COMPLETE
320,0.06650504469871521,2025-04-25 23:15:44.180675,2025-04-25 23:15:54.564883,0 days 00:00:10.384208,0.043528437891850194,112,144,400.0,,3,0.0031042830653758126,0.6,checkpoints/mlp_Vc_trial_320_best_state.pt,"{'learning_rate': 0.0031042830653758126, 'lr_reduce': 0.6}",TPESampler,COMPLETE
321,0.04628674313426018,2025-04-25 23:15:50.279869,2025-04-25 23:16:02.909732,0 days 00:00:12.629863,0.03021420056169169,32,128,448.0,,3,0.002334391708204312,0.6,checkpoints/mlp_Vc_trial_321_best_state.pt,"{'learning_rate': 0.002334391708204312, 'lr_reduce': 0.6}",TPESampler,COMPLETE
322,0.053108226507902145,2025-04-25 23:15:54.885130,2025-04-25 23:16:06.650813,0 days 00:00:11.765683,0.0003812113192507415,112,96,384.0,,3,0.005327797107427501,0.6,checkpoints/mlp_Vc_trial_322_best_state.pt,"{'learning_rate': 0.005327797107427501, 'lr_reduce': 0.6}",TPESampler,COMPLETE
323,0.045648373663425446,2025-04-25 23:16:03.183696,2025-04-25 23:16:20.992630,0 days 00:00:17.808934,0.004872849094108692,48,176,336.0,,3,0.0016659908712998927,0.6,checkpoints/mlp_Vc_trial_323_best_state.pt,"{'learning_rate': 0.0016659908712998927, 'lr_reduce': 0.6}",TPESampler,COMPLETE
324,0.038661450147628784,2025-04-25 23:16:07.019954,2025-04-25 23:16:21.641190,0 days 00:00:14.621236,0.004279585615385894,32,112,416.0,,3,0.0023609764336019463,0.6,checkpoints/mlp_Vc_trial_324_best_state.pt,"{'learning_rate': 0.0023609764336019463, 'lr_reduce': 0.6}",TPESampler,COMPLETE
325,0.03691950440406799,2025-04-25 23:16:10.611422,2025-04-25 23:16:22.430170,0 days 00:00:11.818748,0.036982134704127416,32,96,464.0,,3,0.007981966347399273,0.6,checkpoints/mlp_Vc_trial_325_best_state.pt,"{'learning_rate': 0.007981966347399273, 'lr_reduce': 0.6}",TPESampler,COMPLETE
326,0.1024811789393425,2025-04-25 23:16:21.360930,2025-04-25 23:16:36.409303,0 days 00:00:15.048373,0.049029741553922826,128,96,384.0,,3,0.001423679675821712,0.6,checkpoints/mlp_Vc_trial_326_best_state.pt,"{'learning_rate': 0.001423679675821712, 'lr_reduce': 0.6}",TPESampler,COMPLETE
327,0.18012045323848724,2025-04-25 23:16:21.902913,2025-04-25 23:16:43.768737,0 days 00:00:21.865824,0.13442483359432106,96,448,464.0,,3,0.000222256632821884,0.6,checkpoints/mlp_Vc_trial_327_best_state.pt,"{'learning_rate': 0.000222256632821884, 'lr_reduce': 0.6}",TPESampler,COMPLETE
328,0.04894070699810982,2025-04-25 23:16:22.696695,2025-04-25 23:16:34.751560,0 days 00:00:12.054865,0.03536945565207769,32,128,496.0,,3,0.0031506220454732246,0.6,checkpoints/mlp_Vc_trial_328_best_state.pt,"{'learning_rate': 0.0031506220454732246, 'lr_reduce': 0.6}",TPESampler,COMPLETE
329,0.04588870331645012,2025-04-25 23:16:35.066652,2025-04-25 23:16:45.390956,0 days 00:00:10.324304,0.0388899056269123,32,96,432.0,,3,0.002640099554666341,0.6,checkpoints/mlp_Vc_trial_329_best_state.pt,"{'learning_rate': 0.002640099554666341, 'lr_reduce': 0.6}",TPESampler,COMPLETE
330,0.06720927357673645,2025-04-25 23:16:36.687021,2025-04-25 23:16:43.124708,0 days 00:00:06.437687,0.06275015577945921,32,64,416.0,,3,0.007553715360251096,0.6,checkpoints/mlp_Vc_trial_330_best_state.pt,"{'learning_rate': 0.007553715360251096, 'lr_reduce': 0.6}",TPESampler,COMPLETE
331,0.044900454580783844,2025-04-25 23:16:43.434762,2025-04-25 23:16:53.664312,0 days 00:00:10.229550,0.007762941746726912,48,64,304.0,,3,0.00983564813176017,0.6,checkpoints/mlp_Vc_trial_331_best_state.pt,"{'learning_rate': 0.00983564813176017, 'lr_reduce': 0.6}",TPESampler,COMPLETE
332,0.05568096414208412,2025-04-25 23:16:44.099269,2025-04-25 23:16:54.483478,0 days 00:00:10.384209,0.05036091378165068,32,96,400.0,,3,0.0040820768122778696,0.6,checkpoints/mlp_Vc_trial_332_best_state.pt,"{'learning_rate': 0.0040820768122778696, 'lr_reduce': 0.6}",TPESampler,COMPLETE
333,0.06184764578938484,2025-04-25 23:16:45.739055,2025-04-25 23:16:57.738906,0 days 00:00:11.999851,0.004792045034687566,112,128,464.0,,3,0.004841537499077577,0.6,checkpoints/mlp_Vc_trial_333_best_state.pt,"{'learning_rate': 0.004841537499077577, 'lr_reduce': 0.6}",TPESampler,COMPLETE
334,0.04682077839970589,2025-04-25 23:16:53.970705,2025-04-25 23:17:05.947541,0 days 00:00:11.976836,0.0005478652143907428,32,128,368.0,,3,0.0040593598608246444,0.6,checkpoints/mlp_Vc_trial_334_best_state.pt,"{'learning_rate': 0.0040593598608246444, 'lr_reduce': 0.6}",TPESampler,COMPLETE
335,0.06326883286237717,2025-04-25 23:16:54.793214,2025-04-25 23:17:09.934167,0 days 00:00:15.140953,0.008980010987718808,128,32,416.0,,3,0.0017705685196855434,0.6,checkpoints/mlp_Vc_trial_335_best_state.pt,"{'learning_rate': 0.0017705685196855434, 'lr_reduce': 0.6}",TPESampler,COMPLETE
336,0.1154555231332779,2025-04-25 23:16:58.101412,2025-04-25 23:17:14.162376,0 days 00:00:16.060964,0.003663652497933656,512,192,,,2,0.0014504365612396496,0.6,checkpoints/mlp_Vc_trial_336_best_state.pt,"{'learning_rate': 0.0014504365612396496, 'lr_reduce': 0.6}",TPESampler,COMPLETE
337,0.061922989785671234,2025-04-25 23:17:06.324447,2025-04-25 23:17:15.805666,0 days 00:00:09.481219,0.048328278321088394,32,128,352.0,,3,0.00839202131385874,0.6,checkpoints/mlp_Vc_trial_337_best_state.pt,"{'learning_rate': 0.00839202131385874, 'lr_reduce': 0.6}",TPESampler,COMPLETE
338,0.05271383002400398,2025-04-25 23:17:10.331485,2025-04-25 23:17:20.322781,0 days 00:00:09.991296,0.033481223339292834,32,32,448.0,,3,0.009501343485035191,0.6,checkpoints/mlp_Vc_trial_338_best_state.pt,"{'learning_rate': 0.009501343485035191, 'lr_reduce': 0.6}",TPESampler,COMPLETE
339,0.048266176134347916,2025-04-25 23:17:14.463776,2025-04-25 23:17:33.067415,0 days 00:00:18.603639,0.010864538534824006,48,64,384.0,,3,0.0009348982509340351,0.6,checkpoints/mlp_Vc_trial_339_best_state.pt,"{'learning_rate': 0.0009348982509340351, 'lr_reduce': 0.6}",TPESampler,COMPLETE
340,0.1652432233095169,2025-04-25 23:17:16.231515,2025-04-25 23:17:50.758624,0 days 00:00:34.527109,0.29737115511600676,352,512,,,2,0.00030885239044679493,0.6,checkpoints/mlp_Vc_trial_340_best_state.pt,"{'learning_rate': 0.00030885239044679493, 'lr_reduce': 0.6}",TPESampler,COMPLETE
341,0.12614229321479797,2025-04-25 23:17:20.639419,2025-04-25 23:17:31.291512,0 days 00:00:10.652093,0.001415162458260743,48,64,,,2,0.002494706799374862,0.6,checkpoints/mlp_Vc_trial_341_best_state.pt,"{'learning_rate': 0.002494706799374862, 'lr_reduce': 0.6}",TPESampler,COMPLETE
342,0.036290813237428665,2025-04-25 23:17:31.997493,2025-04-25 23:17:45.869506,0 days 00:00:13.872013,0.0021959296319534224,32,160,416.0,,3,0.0032198444055772223,0.6,checkpoints/mlp_Vc_trial_342_best_state.pt,"{'learning_rate': 0.0032198444055772223, 'lr_reduce': 0.6}",TPESampler,COMPLETE
343,0.04601947218179703,2025-04-25 23:17:33.433008,2025-04-25 23:17:46.678779,0 days 00:00:13.245771,0.01131115653103702,80,96,512.0,,3,0.0037978221980902137,0.6,checkpoints/mlp_Vc_trial_343_best_state.pt,"{'learning_rate': 0.0037978221980902137, 'lr_reduce': 0.6}",TPESampler,COMPLETE
344,0.03608265146613121,2025-04-25 23:17:46.306324,2025-04-25 23:17:59.254146,0 days 00:00:12.947822,0.011338683827336014,32,208,352.0,,3,0.004931748148701537,0.6,checkpoints/mlp_Vc_trial_344_best_state.pt,"{'learning_rate': 0.004931748148701537, 'lr_reduce': 0.6}",TPESampler,COMPLETE
345,0.06564866751432419,2025-04-25 23:17:47.101659,2025-04-25 23:17:57.545965,0 days 00:00:10.444306,0.006861539943689775,80,208,400.0,,3,0.0038098067201148343,0.6,checkpoints/mlp_Vc_trial_345_best_state.pt,"{'learning_rate': 0.0038098067201148343, 'lr_reduce': 0.6}",TPESampler,COMPLETE
346,0.1116807609796524,2025-04-25 23:17:51.038945,2025-04-25 23:18:05.714799,0 days 00:00:14.675854,0.02321326835900619,80,240,,,2,0.0022685153479028762,0.6,checkpoints/mlp_Vc_trial_346_best_state.pt,"{'learning_rate': 0.0022685153479028762, 'lr_reduce': 0.6}",TPESampler,COMPLETE
347,0.06329157948493958,2025-04-25 23:17:57.924228,2025-04-25 23:18:05.335736,0 days 00:00:07.411508,0.023695815622972356,128,32,304.0,,3,0.00985104286622726,0.6,checkpoints/mlp_Vc_trial_347_best_state.pt,"{'learning_rate': 0.00985104286622726, 'lr_reduce': 0.6}",TPESampler,COMPLETE
348,0.05732601881027222,2025-04-25 23:17:59.604815,2025-04-25 23:18:10.880234,0 days 00:00:11.275419,0.04309351105603556,64,256,320.0,,3,0.004936067770211787,0.6,checkpoints/mlp_Vc_trial_348_best_state.pt,"{'learning_rate': 0.004936067770211787, 'lr_reduce': 0.6}",TPESampler,COMPLETE
349,0.06527324765920639,2025-04-25 23:18:05.621101,2025-04-25 23:18:14.588400,0 days 00:00:08.967299,0.07638604904606923,32,192,336.0,,3,0.0030607367881669645,0.6,checkpoints/mlp_Vc_trial_349_best_state.pt,"{'learning_rate': 0.0030607367881669645, 'lr_reduce': 0.6}",TPESampler,COMPLETE
350,0.06289070844650269,2025-04-25 23:18:06.040030,2025-04-25 23:18:14.174805,0 days 00:00:08.134775,0.07283463352424266,32,112,352.0,,3,0.006175762797298305,0.6,checkpoints/mlp_Vc_trial_350_best_state.pt,"{'learning_rate': 0.006175762797298305, 'lr_reduce': 0.6}",TPESampler,COMPLETE
351,0.04267933592200279,2025-04-25 23:18:11.333120,2025-04-25 23:18:26.678945,0 days 00:00:15.345825,0.010666452695334491,32,256,352.0,,3,0.002642873319968165,0.6,checkpoints/mlp_Vc_trial_351_best_state.pt,"{'learning_rate': 0.002642873319968165, 'lr_reduce': 0.6}",TPESampler,COMPLETE
352,0.03941395878791809,2025-04-25 23:18:14.495194,2025-04-25 23:18:27.985468,0 days 00:00:13.490274,0.002351188675634821,32,288,368.0,,3,0.005604454670728629,0.6,checkpoints/mlp_Vc_trial_352_best_state.pt,"{'learning_rate': 0.005604454670728629, 'lr_reduce': 0.6}",TPESampler,COMPLETE
353,0.03828498348593712,2025-04-25 23:18:14.967155,2025-04-25 23:18:25.098643,0 days 00:00:10.131488,0.002016198178467701,32,224,368.0,,3,0.004324834281565863,0.6,checkpoints/mlp_Vc_trial_353_best_state.pt,"{'learning_rate': 0.004324834281565863, 'lr_reduce': 0.6}",TPESampler,COMPLETE
354,0.04384772107005119,2025-04-25 23:18:25.452674,2025-04-25 23:18:36.071877,0 days 00:00:10.619203,0.015033944116666798,48,240,320.0,,3,0.004706681605519187,0.6,checkpoints/mlp_Vc_trial_354_best_state.pt,"{'learning_rate': 0.004706681605519187, 'lr_reduce': 0.6}",TPESampler,COMPLETE
355,0.061098262667655945,2025-04-25 23:18:27.019045,2025-04-25 23:18:39.910218,0 days 00:00:12.891173,0.05492679048293313,32,224,368.0,,3,0.0017161935474505978,0.6,checkpoints/mlp_Vc_trial_355_best_state.pt,"{'learning_rate': 0.0017161935474505978, 'lr_reduce': 0.6}",TPESampler,COMPLETE
356,0.035015106201171875,2025-04-25 23:18:28.347385,2025-04-25 23:18:38.531873,0 days 00:00:10.184488,0.001396747841375615,48,112,272.0,,3,0.00673236595041919,0.6,checkpoints/mlp_Vc_trial_356_best_state.pt,"{'learning_rate': 0.00673236595041919, 'lr_reduce': 0.6}",TPESampler,COMPLETE
357,0.039436180144548416,2025-04-25 23:18:36.538350,2025-04-25 23:18:49.671096,0 days 00:00:13.132746,0.003746730955956409,32,160,384.0,,3,0.0045591834351166325,0.6,checkpoints/mlp_Vc_trial_357_best_state.pt,"{'learning_rate': 0.0045591834351166325, 'lr_reduce': 0.6}",TPESampler,COMPLETE
358,0.08475003391504288,2025-04-25 23:18:38.827702,2025-04-25 23:18:52.882851,0 days 00:00:14.055149,0.10518631270418746,240,320,224.0,,3,0.0038447986625481803,0.6,checkpoints/mlp_Vc_trial_358_best_state.pt,"{'learning_rate': 0.0038447986625481803, 'lr_reduce': 0.6}",TPESampler,COMPLETE
359,0.043624959886074066,2025-04-25 23:18:40.203022,2025-04-25 23:18:51.515594,0 days 00:00:11.312572,0.006666522417152023,32,192,256.0,,3,0.006215304703513276,0.6,checkpoints/mlp_Vc_trial_359_best_state.pt,"{'learning_rate': 0.006215304703513276, 'lr_reduce': 0.6}",TPESampler,COMPLETE
360,0.04539503529667854,2025-04-25 23:18:50.008507,2025-04-25 23:19:01.685735,0 days 00:00:11.677228,0.0030212054079903463,32,176,288.0,,3,0.003987082716423165,0.6,checkpoints/mlp_Vc_trial_360_best_state.pt,"{'learning_rate': 0.003987082716423165, 'lr_reduce': 0.6}",TPESampler,COMPLETE
361,0.06591366231441498,2025-04-25 23:18:51.835684,2025-04-25 23:19:05.272417,0 days 00:00:13.436733,0.0058020466519639125,144,192,272.0,,3,0.0028265631424090683,0.6,checkpoints/mlp_Vc_trial_361_best_state.pt,"{'learning_rate': 0.0028265631424090683, 'lr_reduce': 0.6}",TPESampler,COMPLETE
362,0.05148414894938469,2025-04-25 23:18:53.188555,2025-04-25 23:19:02.589561,0 days 00:00:09.401006,0.010068537021091612,32,80,224.0,,3,0.009815908048808908,0.6,checkpoints/mlp_Vc_trial_362_best_state.pt,"{'learning_rate': 0.009815908048808908, 'lr_reduce': 0.6}",TPESampler,COMPLETE
363,0.04346354305744171,2025-04-25 23:19:01.966707,2025-04-25 23:19:13.323471,0 days 00:00:11.356764,0.00478168081592501,32,176,272.0,,3,0.003490841533407058,0.6,checkpoints/mlp_Vc_trial_363_best_state.pt,"{'learning_rate': 0.003490841533407058, 'lr_reduce': 0.6}",TPESampler,COMPLETE
364,0.08044661581516266,2025-04-25 23:19:02.981935,2025-04-25 23:19:13.191652,0 days 00:00:10.209717,0.0030512809720319826,128,208,320.0,,3,0.0041727647942676,0.6,checkpoints/mlp_Vc_trial_364_best_state.pt,"{'learning_rate': 0.0041727647942676, 'lr_reduce': 0.6}",TPESampler,COMPLETE
365,0.06410960108041763,2025-04-25 23:19:05.622454,2025-04-25 23:19:15.793260,0 days 00:00:10.170806,0.050176570495632206,144,128,336.0,,3,0.006130978361917358,0.6,checkpoints/mlp_Vc_trial_365_best_state.pt,"{'learning_rate': 0.006130978361917358, 'lr_reduce': 0.6}",TPESampler,COMPLETE
366,0.051028355956077576,2025-04-25 23:19:13.430048,2025-04-25 23:19:25.901958,0 days 00:00:12.471910,0.009451467712777762,32,80,368.0,,3,0.009843665626037128,0.6,checkpoints/mlp_Vc_trial_366_best_state.pt,"{'learning_rate': 0.009843665626037128, 'lr_reduce': 0.6}",TPESampler,COMPLETE
367,0.1535051167011261,2025-04-25 23:19:13.648077,2025-04-25 23:20:13.644680,0 days 00:00:59.996603,0.13726154389437292,336,384,384.0,,3,0.00010118333580110255,0.6,checkpoints/mlp_Vc_trial_367_best_state.pt,"{'learning_rate': 0.00010118333580110255, 'lr_reduce': 0.6}",TPESampler,COMPLETE
368,0.06075561046600342,2025-04-25 23:19:16.224450,2025-04-25 23:19:30.084517,0 days 00:00:13.860067,0.03265631990042803,128,128,,,2,0.00857984533164326,0.6,checkpoints/mlp_Vc_trial_368_best_state.pt,"{'learning_rate': 0.00857984533164326, 'lr_reduce': 0.6}",TPESampler,COMPLETE
369,0.0687374398112297,2025-04-25 23:19:26.312964,2025-04-25 23:19:36.120810,0 days 00:00:09.807846,0.07273453356349237,96,144,368.0,,3,0.004718410642252946,0.6,checkpoints/mlp_Vc_trial_369_best_state.pt,"{'learning_rate': 0.004718410642252946, 'lr_reduce': 0.6}",TPESampler,COMPLETE
370,0.058607663959264755,2025-04-25 23:19:30.400685,2025-04-25 23:19:42.870792,0 days 00:00:12.470107,0.0009275775132132326,160,112,400.0,,3,0.005301117494411287,0.6,checkpoints/mlp_Vc_trial_370_best_state.pt,"{'learning_rate': 0.005301117494411287, 'lr_reduce': 0.6}",TPESampler,COMPLETE
371,0.07380475103855133,2025-04-25 23:19:36.475185,2025-04-25 23:19:47.699166,0 days 00:00:11.223981,0.010313721335402213,96,160,336.0,,3,0.006662402887182943,0.6,checkpoints/mlp_Vc_trial_371_best_state.pt,"{'learning_rate': 0.006662402887182943, 'lr_reduce': 0.6}",TPESampler,COMPLETE
372,0.04600588604807854,2025-04-25 23:19:43.216665,2025-04-25 23:20:00.922763,0 days 00:00:17.706098,0.010357899293930935,32,272,112.0,,3,0.0014025947491980825,0.6,checkpoints/mlp_Vc_trial_372_best_state.pt,"{'learning_rate': 0.0014025947491980825, 'lr_reduce': 0.6}",TPESampler,COMPLETE
373,0.05062944442033768,2025-04-25 23:19:48.099067,2025-04-25 23:19:57.923996,0 days 00:00:09.824929,0.004264919859810896,32,144,416.0,,3,0.008888170216465652,0.6,checkpoints/mlp_Vc_trial_373_best_state.pt,"{'learning_rate': 0.008888170216465652, 'lr_reduce': 0.6}",TPESampler,COMPLETE
374,0.1007828488945961,2025-04-25 23:19:58.251548,2025-04-25 23:20:16.010210,0 days 00:00:17.758662,0.09760452315860871,496,48,304.0,,3,0.0007749618149919204,0.6,checkpoints/mlp_Vc_trial_374_best_state.pt,"{'learning_rate': 0.0007749618149919204, 'lr_reduce': 0.6}",TPESampler,COMPLETE
