number,value,datetime_start,datetime_complete,duration,params_final_dropout,params_mlp_dim_00,params_mlp_dim_01,params_mlp_dim_02,params_mlp_dim_03,params_mlp_n_layers,params_train_learning_rate,params_train_lr_reduce,user_attrs_best_state_dict_path,user_attrs_training_params,system_attrs_auto:sampler,state
1643,0.041834790259599686,2025-04-26 00:59:17.523978,2025-04-26 00:59:30.130098,0 days 00:00:12.606120,0.005091987208566907,32,176,288.0,,3,0.004582752051989171,0.6,checkpoints/mlp_Vc_trial_1643_best_state.pt,"{'learning_rate': 0.004582752051989171, 'lr_reduce': 0.6}",TPESampler,COMPLETE
1644,0.05723044276237488,2025-04-26 00:59:20.442609,2025-04-26 00:59:29.685548,0 days 00:00:09.242939,0.040423073129610965,96,32,176.0,,3,0.007888133790095338,0.6,checkpoints/mlp_Vc_trial_1644_best_state.pt,"{'learning_rate': 0.007888133790095338, 'lr_reduce': 0.6}",TPESampler,COMPLETE
1645,0.05629545450210571,2025-04-26 00:59:20.985525,2025-04-26 00:59:30.705355,0 days 00:00:09.719830,0.020727005195371427,32,64,480.0,,3,0.009255259030979034,0.6,checkpoints/mlp_Vc_trial_1645_best_state.pt,"{'learning_rate': 0.009255259030979034, 'lr_reduce': 0.6}",TPESampler,COMPLETE
1646,0.05347467586398125,2025-04-26 00:59:30.050751,2025-04-26 00:59:41.071023,0 days 00:00:11.020272,0.016191687453793523,128,80,368.0,,3,0.008529045810772991,0.6,checkpoints/mlp_Vc_trial_1646_best_state.pt,"{'learning_rate': 0.008529045810772991, 'lr_reduce': 0.6}",TPESampler,COMPLETE
1647,0.12194864451885223,2025-04-26 00:59:30.522174,2025-04-26 00:59:50.204318,0 days 00:00:19.682144,0.10131994479416165,272,448,,,2,0.0009062082450882928,0.6,checkpoints/mlp_Vc_trial_1647_best_state.pt,"{'learning_rate': 0.0009062082450882928, 'lr_reduce': 0.6}",TPESampler,COMPLETE
1648,0.12191063910722733,2025-04-26 00:59:31.157693,2025-04-26 00:59:45.120617,0 days 00:00:13.962924,0.05033391719549881,112,224,432.0,,3,0.009013750835134287,0.6,checkpoints/mlp_Vc_trial_1648_best_state.pt,"{'learning_rate': 0.009013750835134287, 'lr_reduce': 0.6}",TPESampler,COMPLETE
1649,0.1545068770647049,2025-04-26 00:59:41.391002,2025-04-26 00:59:57.401552,0 days 00:00:16.010550,0.2485319959978481,432,64,,,2,0.0008632938963749475,0.6,checkpoints/mlp_Vc_trial_1649_best_state.pt,"{'learning_rate': 0.0008632938963749475, 'lr_reduce': 0.6}",TPESampler,COMPLETE
1650,0.0788346379995346,2025-04-26 00:59:45.462609,2025-04-26 00:59:51.887915,0 days 00:00:06.425306,0.014108871836416573,112,32,336.0,,3,0.003998624219150182,0.6,checkpoints/mlp_Vc_trial_1650_best_state.pt,"{'learning_rate': 0.003998624219150182, 'lr_reduce': 0.6}",TPESampler,COMPLETE
1651,0.04836716875433922,2025-04-26 00:59:50.637366,2025-04-26 01:00:02.605808,0 days 00:00:11.968442,0.037963741363412476,32,112,288.0,,3,0.0046706849377787605,0.6,checkpoints/mlp_Vc_trial_1651_best_state.pt,"{'learning_rate': 0.0046706849377787605, 'lr_reduce': 0.6}",TPESampler,COMPLETE
1652,0.03985739126801491,2025-04-26 00:59:52.283246,2025-04-26 01:00:03.531375,0 days 00:00:11.248129,0.00937874987230592,32,32,400.0,,3,0.009849939516879532,0.6,checkpoints/mlp_Vc_trial_1652_best_state.pt,"{'learning_rate': 0.009849939516879532, 'lr_reduce': 0.6}",TPESampler,COMPLETE
1653,0.05327913165092468,2025-04-26 00:59:57.866734,2025-04-26 01:00:07.740671,0 days 00:00:09.873937,0.07406069701168075,32,32,352.0,,3,0.0051152473084275,0.6,checkpoints/mlp_Vc_trial_1653_best_state.pt,"{'learning_rate': 0.0051152473084275, 'lr_reduce': 0.6}",TPESampler,COMPLETE
1654,0.07539208978414536,2025-04-26 01:00:02.935686,2025-04-26 01:00:11.597785,0 days 00:00:08.662099,0.05169505958091865,112,64,224.0,384.0,4,0.0023954288319809358,0.6,checkpoints/mlp_Vc_trial_1654_best_state.pt,"{'learning_rate': 0.0023954288319809358, 'lr_reduce': 0.6}",TPESampler,COMPLETE
1655,0.0449923500418663,2025-04-26 01:00:03.928795,2025-04-26 01:00:20.542741,0 days 00:00:16.613946,0.00512704816140453,32,96,384.0,80.0,4,0.003868731239309849,0.6,checkpoints/mlp_Vc_trial_1655_best_state.pt,"{'learning_rate': 0.003868731239309849, 'lr_reduce': 0.6}",TPESampler,COMPLETE
1656,0.04250488057732582,2025-04-26 01:00:08.674532,2025-04-26 01:00:19.210106,0 days 00:00:10.535574,0.018187716958942172,48,272,,,2,0.008217337993131993,0.6,checkpoints/mlp_Vc_trial_1656_best_state.pt,"{'learning_rate': 0.008217337993131993, 'lr_reduce': 0.6}",TPESampler,COMPLETE
1657,0.06213785707950592,2025-04-26 01:00:12.007652,2025-04-26 01:00:19.382617,0 days 00:00:07.374965,0.05149234417786513,32,48,304.0,,3,0.004289713736730786,0.6,checkpoints/mlp_Vc_trial_1657_best_state.pt,"{'learning_rate': 0.004289713736730786, 'lr_reduce': 0.6}",TPESampler,COMPLETE
1658,0.04998365044593811,2025-04-26 01:00:19.535095,2025-04-26 01:00:34.743604,0 days 00:00:15.208509,0.01911147364814444,32,144,432.0,,3,0.0015365710696730523,0.6,checkpoints/mlp_Vc_trial_1658_best_state.pt,"{'learning_rate': 0.0015365710696730523, 'lr_reduce': 0.6}",TPESampler,COMPLETE
1659,0.053666211664676666,2025-04-26 01:00:19.795641,2025-04-26 01:00:44.935796,0 days 00:00:25.140155,0.007213233564426619,32,160,336.0,32.0,4,0.0005727265596931269,0.6,checkpoints/mlp_Vc_trial_1659_best_state.pt,"{'learning_rate': 0.0005727265596931269, 'lr_reduce': 0.6}",TPESampler,COMPLETE
1660,0.06908512115478516,2025-04-26 01:00:20.981031,2025-04-26 01:00:33.231541,0 days 00:00:12.250510,0.010720763835094205,96,208,384.0,,3,0.007177461369094724,0.6,checkpoints/mlp_Vc_trial_1660_best_state.pt,"{'learning_rate': 0.007177461369094724, 'lr_reduce': 0.6}",TPESampler,COMPLETE
1661,0.048973727971315384,2025-04-26 01:00:33.609993,2025-04-26 01:00:53.146570,0 days 00:00:19.536577,0.0012596383746707488,32,32,272.0,,3,0.0019760275402317183,0.6,checkpoints/mlp_Vc_trial_1661_best_state.pt,"{'learning_rate': 0.0019760275402317183, 'lr_reduce': 0.6}",TPESampler,COMPLETE
1662,0.09712451696395874,2025-04-26 01:00:35.164564,2025-04-26 01:00:47.846319,0 days 00:00:12.681755,0.0022215101653941614,112,128,,,2,0.005220994240045812,0.6,checkpoints/mlp_Vc_trial_1662_best_state.pt,"{'learning_rate': 0.005220994240045812, 'lr_reduce': 0.6}",TPESampler,COMPLETE
1663,0.07734154909849167,2025-04-26 01:00:45.253643,2025-04-26 01:00:54.631486,0 days 00:00:09.377843,0.11254169852798603,160,96,480.0,80.0,4,0.005385221348948744,0.6,checkpoints/mlp_Vc_trial_1663_best_state.pt,"{'learning_rate': 0.005385221348948744, 'lr_reduce': 0.6}",TPESampler,COMPLETE
1664,0.056000005453825,2025-04-26 01:00:48.194675,2025-04-26 01:00:57.500925,0 days 00:00:09.306250,0.07006133944367052,32,128,352.0,32.0,4,0.0039284343793476685,0.6,checkpoints/mlp_Vc_trial_1664_best_state.pt,"{'learning_rate': 0.0039284343793476685, 'lr_reduce': 0.6}",TPESampler,COMPLETE
1665,0.08833260834217072,2025-04-26 01:00:53.504173,2025-04-26 01:01:20.903961,0 days 00:00:27.399788,0.0029006624312498757,64,112,416.0,,3,0.0005121622921244668,0.6,checkpoints/mlp_Vc_trial_1665_best_state.pt,"{'learning_rate': 0.0005121622921244668, 'lr_reduce': 0.6}",TPESampler,COMPLETE
1666,0.06462447345256805,2025-04-26 01:00:54.974724,2025-04-26 01:01:04.209455,0 days 00:00:09.234731,0.032600443197449064,96,80,304.0,,3,0.009440849407129874,0.6,checkpoints/mlp_Vc_trial_1666_best_state.pt,"{'learning_rate': 0.009440849407129874, 'lr_reduce': 0.6}",TPESampler,COMPLETE
1667,0.0678231418132782,2025-04-26 01:00:57.919216,2025-04-26 01:01:04.320698,0 days 00:00:06.401482,0.06434633544399596,32,80,224.0,,3,0.009846492478352098,0.6,checkpoints/mlp_Vc_trial_1667_best_state.pt,"{'learning_rate': 0.009846492478352098, 'lr_reduce': 0.6}",TPESampler,COMPLETE
1668,0.06230342388153076,2025-04-26 01:01:04.613006,2025-04-26 01:01:18.566903,0 days 00:00:13.953897,0.0022886904878030205,128,96,368.0,80.0,4,0.002440531082883526,0.6,checkpoints/mlp_Vc_trial_1668_best_state.pt,"{'learning_rate': 0.002440531082883526, 'lr_reduce': 0.6}",TPESampler,COMPLETE
1669,0.15261314809322357,2025-04-26 01:01:04.720908,2025-04-26 01:01:23.940393,0 days 00:00:19.219485,0.2092941683599505,224,448,384.0,,3,0.009948824243612113,0.6,checkpoints/mlp_Vc_trial_1669_best_state.pt,"{'learning_rate': 0.009948824243612113, 'lr_reduce': 0.6}",TPESampler,COMPLETE
1670,0.07472318410873413,2025-04-26 01:01:18.924026,2025-04-26 01:01:31.922683,0 days 00:00:12.998657,0.05098952897783014,128,144,336.0,,3,0.006232008593953393,0.6,checkpoints/mlp_Vc_trial_1670_best_state.pt,"{'learning_rate': 0.006232008593953393, 'lr_reduce': 0.6}",TPESampler,COMPLETE
1671,0.08801063150167465,2025-04-26 01:01:21.359358,2025-04-26 01:01:30.497837,0 days 00:00:09.138479,0.004799189185167561,96,224,272.0,,3,0.003937201945163709,0.6,checkpoints/mlp_Vc_trial_1671_best_state.pt,"{'learning_rate': 0.003937201945163709, 'lr_reduce': 0.6}",TPESampler,COMPLETE
1672,0.062063612043857574,2025-04-26 01:01:24.313246,2025-04-26 01:01:39.729148,0 days 00:00:15.415902,0.003162724515693274,96,240,448.0,,3,0.00569481202166746,0.6,checkpoints/mlp_Vc_trial_1672_best_state.pt,"{'learning_rate': 0.00569481202166746, 'lr_reduce': 0.6}",TPESampler,COMPLETE
1673,0.06869223713874817,2025-04-26 01:01:30.870535,2025-04-26 01:01:41.218872,0 days 00:00:10.348337,0.006122374143836802,128,32,512.0,80.0,4,0.0076224261921643945,0.6,checkpoints/mlp_Vc_trial_1673_best_state.pt,"{'learning_rate': 0.0076224261921643945, 'lr_reduce': 0.6}",TPESampler,COMPLETE
1674,0.05838475748896599,2025-04-26 01:01:32.276235,2025-04-26 01:01:42.404659,0 days 00:00:10.128424,0.04829383657368816,32,192,320.0,,3,0.00897441184639991,0.6,checkpoints/mlp_Vc_trial_1674_best_state.pt,"{'learning_rate': 0.00897441184639991, 'lr_reduce': 0.6}",TPESampler,COMPLETE
1675,0.07490547001361847,2025-04-26 01:01:40.063907,2025-04-26 01:01:49.483385,0 days 00:00:09.419478,0.12485783371034628,48,192,400.0,,3,0.004545817551569834,0.6,checkpoints/mlp_Vc_trial_1675_best_state.pt,"{'learning_rate': 0.004545817551569834, 'lr_reduce': 0.6}",TPESampler,COMPLETE
1676,0.05789517983794212,2025-04-26 01:01:41.602594,2025-04-26 01:01:56.800555,0 days 00:00:15.197961,0.04565185609315223,96,112,352.0,32.0,4,0.002477919729413416,0.6,checkpoints/mlp_Vc_trial_1676_best_state.pt,"{'learning_rate': 0.002477919729413416, 'lr_reduce': 0.6}",TPESampler,COMPLETE
1677,0.05533671751618385,2025-04-26 01:01:42.739620,2025-04-26 01:01:50.300770,0 days 00:00:07.561150,0.04203570985875313,32,32,304.0,112.0,4,0.007764759268973083,0.6,checkpoints/mlp_Vc_trial_1677_best_state.pt,"{'learning_rate': 0.007764759268973083, 'lr_reduce': 0.6}",TPESampler,COMPLETE
1678,0.044650595635175705,2025-04-26 01:01:49.921032,2025-04-26 01:02:01.352091,0 days 00:00:11.431059,0.0013840649074452955,96,48,416.0,,3,0.005447363282925607,0.6,checkpoints/mlp_Vc_trial_1678_best_state.pt,"{'learning_rate': 0.005447363282925607, 'lr_reduce': 0.6}",TPESampler,COMPLETE
1679,0.05350971966981888,2025-04-26 01:01:50.710525,2025-04-26 01:01:59.216516,0 days 00:00:08.505991,0.02921446893659744,32,32,176.0,32.0,4,0.0051295316636193605,0.6,checkpoints/mlp_Vc_trial_1679_best_state.pt,"{'learning_rate': 0.0051295316636193605, 'lr_reduce': 0.6}",TPESampler,COMPLETE
1680,0.12714187800884247,2025-04-26 01:01:57.136197,2025-04-26 01:03:19.065539,0 days 00:01:21.929342,0.2191868711728115,64,448,,,2,0.00010357063661201633,0.6,checkpoints/mlp_Vc_trial_1680_best_state.pt,"{'learning_rate': 0.00010357063661201633, 'lr_reduce': 0.6}",TPESampler,COMPLETE
1681,0.12425339221954346,2025-04-26 01:01:59.622612,2025-04-26 01:02:07.453545,0 days 00:00:07.830933,0.18689260491688106,512,192,240.0,96.0,4,0.009789794418089382,0.6,checkpoints/mlp_Vc_trial_1681_best_state.pt,"{'learning_rate': 0.009789794418089382, 'lr_reduce': 0.6}",TPESampler,COMPLETE
1682,0.0410497710108757,2025-04-26 01:02:01.731482,2025-04-26 01:02:11.922710,0 days 00:00:10.191228,0.01752239277648235,32,32,368.0,80.0,4,0.007611830617090483,0.6,checkpoints/mlp_Vc_trial_1682_best_state.pt,"{'learning_rate': 0.007611830617090483, 'lr_reduce': 0.6}",TPESampler,COMPLETE
1683,0.056110214442014694,2025-04-26 01:02:07.829266,2025-04-26 01:02:21.044605,0 days 00:00:13.215339,0.039691617900491784,96,112,336.0,,3,0.0016343776269478038,0.6,checkpoints/mlp_Vc_trial_1683_best_state.pt,"{'learning_rate': 0.0016343776269478038, 'lr_reduce': 0.6}",TPESampler,COMPLETE
1684,0.07420660555362701,2025-04-26 01:02:12.266405,2025-04-26 01:02:26.312421,0 days 00:00:14.046016,0.0005477939991635171,112,128,400.0,,3,0.004151361180563751,0.6,checkpoints/mlp_Vc_trial_1684_best_state.pt,"{'learning_rate': 0.004151361180563751, 'lr_reduce': 0.6}",TPESampler,COMPLETE
1685,0.06282445788383484,2025-04-26 01:02:21.362168,2025-04-26 01:02:32.465682,0 days 00:00:11.103514,0.0050788717751985195,112,112,288.0,,3,0.006440619774932499,0.6,checkpoints/mlp_Vc_trial_1685_best_state.pt,"{'learning_rate': 0.006440619774932499, 'lr_reduce': 0.6}",TPESampler,COMPLETE
1686,0.07099088281393051,2025-04-26 01:02:26.720665,2025-04-26 01:02:34.975987,0 days 00:00:08.255322,0.021392301913117376,144,32,464.0,,3,0.00818652702857261,0.6,checkpoints/mlp_Vc_trial_1686_best_state.pt,"{'learning_rate': 0.00818652702857261, 'lr_reduce': 0.6}",TPESampler,COMPLETE
1687,0.04837728664278984,2025-04-26 01:02:32.847788,2025-04-26 01:02:45.677710,0 days 00:00:12.829922,0.0687486278078843,32,192,368.0,32.0,4,0.004473490199139864,0.6,checkpoints/mlp_Vc_trial_1687_best_state.pt,"{'learning_rate': 0.004473490199139864, 'lr_reduce': 0.6}",TPESampler,COMPLETE
1688,0.09401602298021317,2025-04-26 01:02:35.334711,2025-04-26 01:03:07.134091,0 days 00:00:31.799380,0.015772603167754064,64,112,,,2,0.0006790231239980109,0.6,checkpoints/mlp_Vc_trial_1688_best_state.pt,"{'learning_rate': 0.0006790231239980109, 'lr_reduce': 0.6}",TPESampler,COMPLETE
1689,0.03765230253338814,2025-04-26 01:02:46.276851,2025-04-26 01:03:03.280649,0 days 00:00:17.003798,0.004213376276394667,32,32,432.0,112.0,4,0.002336899034260035,0.6,checkpoints/mlp_Vc_trial_1689_best_state.pt,"{'learning_rate': 0.002336899034260035, 'lr_reduce': 0.6}",TPESampler,COMPLETE
1690,0.1308247148990631,2025-04-26 01:03:03.666202,2025-04-26 01:03:30.669604,0 days 00:00:27.003402,0.034870342560169784,272,128,,,2,0.00030271507582912174,0.6,checkpoints/mlp_Vc_trial_1690_best_state.pt,"{'learning_rate': 0.00030271507582912174, 'lr_reduce': 0.6}",TPESampler,COMPLETE
1691,0.05254557356238365,2025-04-26 01:03:07.532963,2025-04-26 01:03:23.595605,0 days 00:00:16.062642,0.0044423245440483785,112,112,336.0,,3,0.0021496654586573116,0.6,checkpoints/mlp_Vc_trial_1691_best_state.pt,"{'learning_rate': 0.0021496654586573116, 'lr_reduce': 0.6}",TPESampler,COMPLETE
1692,0.06220930069684982,2025-04-26 01:03:19.437522,2025-04-26 01:03:29.853631,0 days 00:00:10.416109,0.0002092554587458835,112,80,256.0,,3,0.009202605791649793,0.6,checkpoints/mlp_Vc_trial_1692_best_state.pt,"{'learning_rate': 0.009202605791649793, 'lr_reduce': 0.6}",TPESampler,COMPLETE
1693,0.04893871024250984,2025-04-26 01:03:23.943671,2025-04-26 01:03:37.246984,0 days 00:00:13.303313,0.058824251441130175,32,240,400.0,,3,0.0018192541465930645,0.6,checkpoints/mlp_Vc_trial_1693_best_state.pt,"{'learning_rate': 0.0018192541465930645, 'lr_reduce': 0.6}",TPESampler,COMPLETE
1694,0.038143932819366455,2025-04-26 01:03:30.248751,2025-04-26 01:03:47.111439,0 days 00:00:16.862688,0.004487178711119134,32,224,320.0,,3,0.0031865709382540184,0.6,checkpoints/mlp_Vc_trial_1694_best_state.pt,"{'learning_rate': 0.0031865709382540184, 'lr_reduce': 0.6}",TPESampler,COMPLETE
1695,0.05660335719585419,2025-04-26 01:03:31.097542,2025-04-26 01:03:39.984032,0 days 00:00:08.886490,0.008403375924787109,80,32,368.0,,3,0.00974326711212109,0.6,checkpoints/mlp_Vc_trial_1695_best_state.pt,"{'learning_rate': 0.00974326711212109, 'lr_reduce': 0.6}",TPESampler,COMPLETE
1696,0.08629736304283142,2025-04-26 01:03:37.617907,2025-04-26 01:03:48.766345,0 days 00:00:11.148438,0.0032862571935726144,128,32,,,2,0.004079017697648423,0.6,checkpoints/mlp_Vc_trial_1696_best_state.pt,"{'learning_rate': 0.004079017697648423, 'lr_reduce': 0.6}",TPESampler,COMPLETE
1697,0.10810139775276184,2025-04-26 01:03:40.303264,2025-04-26 01:04:57.803859,0 days 00:01:17.500595,0.05749411952694426,32,352,,,2,0.00013584954032950578,0.6,checkpoints/mlp_Vc_trial_1697_best_state.pt,"{'learning_rate': 0.00013584954032950578, 'lr_reduce': 0.6}",TPESampler,COMPLETE
1698,0.05606716871261597,2025-04-26 01:03:47.485013,2025-04-26 01:03:58.213475,0 days 00:00:10.728462,0.07621114494739036,32,144,288.0,,3,0.003726403694404173,0.6,checkpoints/mlp_Vc_trial_1698_best_state.pt,"{'learning_rate': 0.003726403694404173, 'lr_reduce': 0.6}",TPESampler,COMPLETE
1699,0.04934263974428177,2025-04-26 01:03:49.147276,2025-04-26 01:03:59.599672,0 days 00:00:10.452396,0.05018735390002718,32,112,224.0,,3,0.0033975342805023785,0.6,checkpoints/mlp_Vc_trial_1699_best_state.pt,"{'learning_rate': 0.0033975342805023785, 'lr_reduce': 0.6}",TPESampler,COMPLETE
1700,0.07055091857910156,2025-04-26 01:03:58.606739,2025-04-26 01:04:08.346565,0 days 00:00:09.739826,0.0598296245147296,96,96,384.0,32.0,4,0.0027693402148850754,0.6,checkpoints/mlp_Vc_trial_1700_best_state.pt,"{'learning_rate': 0.0027693402148850754, 'lr_reduce': 0.6}",TPESampler,COMPLETE
1701,0.06966172158718109,2025-04-26 01:03:59.992653,2025-04-26 01:04:12.877267,0 days 00:00:12.884614,0.0645055524686175,144,288,336.0,,3,0.002255796336891511,0.6,checkpoints/mlp_Vc_trial_1701_best_state.pt,"{'learning_rate': 0.002255796336891511, 'lr_reduce': 0.6}",TPESampler,COMPLETE
1702,0.0878537967801094,2025-04-26 01:04:08.682121,2025-04-26 01:04:26.860851,0 days 00:00:18.178730,0.06502498383280106,64,112,432.0,80.0,4,0.0010385266584782232,0.6,checkpoints/mlp_Vc_trial_1702_best_state.pt,"{'learning_rate': 0.0010385266584782232, 'lr_reduce': 0.6}",TPESampler,COMPLETE
1703,0.05835866928100586,2025-04-26 01:04:13.208233,2025-04-26 01:04:22.533550,0 days 00:00:09.325317,0.05994899803382592,32,96,288.0,80.0,4,0.0033775372635710954,0.6,checkpoints/mlp_Vc_trial_1703_best_state.pt,"{'learning_rate': 0.0033775372635710954, 'lr_reduce': 0.6}",TPESampler,COMPLETE
1704,0.08351855725049973,2025-04-26 01:04:22.927157,2025-04-26 01:04:33.911265,0 days 00:00:10.984108,0.0022763478113039925,96,176,368.0,,3,0.003750928836524784,0.6,checkpoints/mlp_Vc_trial_1704_best_state.pt,"{'learning_rate': 0.003750928836524784, 'lr_reduce': 0.6}",TPESampler,COMPLETE
1705,0.05958172306418419,2025-04-26 01:04:27.259015,2025-04-26 01:04:36.071967,0 days 00:00:08.812952,0.059447839937099706,32,48,400.0,,3,0.004924840897835182,0.6,checkpoints/mlp_Vc_trial_1705_best_state.pt,"{'learning_rate': 0.004924840897835182, 'lr_reduce': 0.6}",TPESampler,COMPLETE
1706,0.057090047746896744,2025-04-26 01:04:34.272076,2025-04-26 01:04:46.951838,0 days 00:00:12.679762,0.012753390251215083,32,160,336.0,,3,0.007263265920926037,0.6,checkpoints/mlp_Vc_trial_1706_best_state.pt,"{'learning_rate': 0.007263265920926037, 'lr_reduce': 0.6}",TPESampler,COMPLETE
1707,0.04792458936572075,2025-04-26 01:04:36.430159,2025-04-26 01:04:44.053432,0 days 00:00:07.623273,0.04007758824831022,32,48,464.0,,3,0.004661635273441516,0.6,checkpoints/mlp_Vc_trial_1707_best_state.pt,"{'learning_rate': 0.004661635273441516, 'lr_reduce': 0.6}",TPESampler,COMPLETE
1708,0.046798739582300186,2025-04-26 01:04:44.400632,2025-04-26 01:04:56.734999,0 days 00:00:12.334367,0.004442967537135779,32,48,256.0,,3,0.0054598104011348595,0.6,checkpoints/mlp_Vc_trial_1708_best_state.pt,"{'learning_rate': 0.0054598104011348595, 'lr_reduce': 0.6}",TPESampler,COMPLETE
1709,0.06319207698106766,2025-04-26 01:04:47.379740,2025-04-26 01:04:59.440049,0 days 00:00:12.060309,0.0003905300546832007,96,144,192.0,,3,0.0069279834382745846,0.6,checkpoints/mlp_Vc_trial_1709_best_state.pt,"{'learning_rate': 0.0069279834382745846, 'lr_reduce': 0.6}",TPESampler,COMPLETE
1710,0.03481109440326691,2025-04-26 01:04:57.123847,2025-04-26 01:05:13.756388,0 days 00:00:16.632541,0.006002130696771372,32,160,,,2,0.008526332801411223,0.6,checkpoints/mlp_Vc_trial_1710_best_state.pt,"{'learning_rate': 0.008526332801411223, 'lr_reduce': 0.6}",TPESampler,COMPLETE
1711,0.0650092214345932,2025-04-26 01:04:58.136572,2025-04-26 01:05:06.906748,0 days 00:00:08.770176,0.044736601363491196,32,32,304.0,32.0,4,0.0026071617155882265,0.6,checkpoints/mlp_Vc_trial_1711_best_state.pt,"{'learning_rate': 0.0026071617155882265, 'lr_reduce': 0.6}",TPESampler,COMPLETE
1712,0.05721651762723923,2025-04-26 01:04:59.785377,2025-04-26 01:05:11.579961,0 days 00:00:11.794584,0.032215137175841034,96,144,384.0,,3,0.0095370696286091,0.6,checkpoints/mlp_Vc_trial_1712_best_state.pt,"{'learning_rate': 0.0095370696286091, 'lr_reduce': 0.6}",TPESampler,COMPLETE
1713,0.052324119955301285,2025-04-26 01:05:07.241988,2025-04-26 01:05:16.253772,0 days 00:00:09.011784,0.031534429142395036,32,128,336.0,,3,0.004491839005872105,0.6,checkpoints/mlp_Vc_trial_1713_best_state.pt,"{'learning_rate': 0.004491839005872105, 'lr_reduce': 0.6}",TPESampler,COMPLETE
1714,0.04163968563079834,2025-04-26 01:05:11.956607,2025-04-26 01:05:30.034608,0 days 00:00:18.078001,0.0019069634856034492,32,224,432.0,,3,0.004231265610403838,0.6,checkpoints/mlp_Vc_trial_1714_best_state.pt,"{'learning_rate': 0.004231265610403838, 'lr_reduce': 0.6}",TPESampler,COMPLETE
1715,0.05703901872038841,2025-04-26 01:05:14.097364,2025-04-26 01:05:22.052256,0 days 00:00:07.954892,0.005165652668364453,48,144,,,2,0.0070444562876551845,0.6,checkpoints/mlp_Vc_trial_1715_best_state.pt,"{'learning_rate': 0.0070444562876551845, 'lr_reduce': 0.6}",TPESampler,COMPLETE
1716,0.08082647621631622,2025-04-26 01:05:16.598269,2025-04-26 01:05:29.395585,0 days 00:00:12.797316,0.055015996378127895,48,80,,,2,0.005157055631196256,0.6,checkpoints/mlp_Vc_trial_1716_best_state.pt,"{'learning_rate': 0.005157055631196256, 'lr_reduce': 0.6}",TPESampler,COMPLETE
1717,0.06931596994400024,2025-04-26 01:05:22.427787,2025-04-26 01:05:33.783419,0 days 00:00:11.355632,0.03797655035404254,192,144,,,2,0.008182740502862336,0.6,checkpoints/mlp_Vc_trial_1717_best_state.pt,"{'learning_rate': 0.008182740502862336, 'lr_reduce': 0.6}",TPESampler,COMPLETE
