number,value,datetime_start,datetime_complete,duration,params_final_dropout,params_mlp_dim_00,params_mlp_dim_01,params_mlp_dim_02,params_mlp_dim_03,params_mlp_n_layers,params_train_learning_rate,params_train_lr_reduce,user_attrs_best_state_dict_path,user_attrs_training_params,system_attrs_auto:sampler,state
975,0.06204589456319809,2025-04-26 00:06:07.531124,2025-04-26 00:06:19.184783,0 days 00:00:11.653659,0.052468044441561,96,128,352.0,,3,0.004615714362148684,0.6,checkpoints/mlp_Vc_trial_975_best_state.pt,"{'learning_rate': 0.004615714362148684, 'lr_reduce': 0.6}",TPESampler,COMPLETE
976,0.14237982034683228,2025-04-26 00:06:07.671711,2025-04-26 00:06:23.368884,0 days 00:00:15.697173,0.21512140539787802,400,256,352.0,96.0,4,0.0008849910017601397,0.6,checkpoints/mlp_Vc_trial_976_best_state.pt,"{'learning_rate': 0.0008849910017601397, 'lr_reduce': 0.6}",TPESampler,COMPLETE
977,0.07946644723415375,2025-04-26 00:06:16.482957,2025-04-26 00:06:29.962434,0 days 00:00:13.479477,0.02642905794983028,144,192,,,2,0.0063449424576435915,0.6,checkpoints/mlp_Vc_trial_977_best_state.pt,"{'learning_rate': 0.0063449424576435915, 'lr_reduce': 0.6}",TPESampler,COMPLETE
978,0.07290685921907425,2025-04-26 00:06:19.482616,2025-04-26 00:06:28.087334,0 days 00:00:08.604718,0.012306320263804616,128,32,416.0,,3,0.009349580380389204,0.6,checkpoints/mlp_Vc_trial_978_best_state.pt,"{'learning_rate': 0.009349580380389204, 'lr_reduce': 0.6}",TPESampler,COMPLETE
979,0.05950518697500229,2025-04-26 00:06:23.708246,2025-04-26 00:06:39.243084,0 days 00:00:15.534838,0.0019325232444684926,432,320,368.0,144.0,4,0.008306256849056488,0.6,checkpoints/mlp_Vc_trial_979_best_state.pt,"{'learning_rate': 0.008306256849056488, 'lr_reduce': 0.6}",TPESampler,COMPLETE
980,0.11893144994974136,2025-04-26 00:06:28.441283,2025-04-26 00:06:51.808220,0 days 00:00:23.366937,0.012617042292966969,64,48,416.0,,3,0.00040366733931017574,0.6,checkpoints/mlp_Vc_trial_980_best_state.pt,"{'learning_rate': 0.00040366733931017574, 'lr_reduce': 0.6}",TPESampler,COMPLETE
981,0.03730228170752525,2025-04-26 00:06:30.305260,2025-04-26 00:06:55.373282,0 days 00:00:25.068022,5.03277836951619e-05,32,96,512.0,,3,0.003094881814131147,0.6,checkpoints/mlp_Vc_trial_981_best_state.pt,"{'learning_rate': 0.003094881814131147, 'lr_reduce': 0.6}",TPESampler,COMPLETE
982,0.04357330501079559,2025-04-26 00:06:39.576645,2025-04-26 00:06:50.713942,0 days 00:00:11.137297,0.03850328164282376,32,144,368.0,,3,0.00494870839808357,0.6,checkpoints/mlp_Vc_trial_982_best_state.pt,"{'learning_rate': 0.00494870839808357, 'lr_reduce': 0.6}",TPESampler,COMPLETE
983,0.05820992588996887,2025-04-26 00:06:51.116179,2025-04-26 00:07:04.106217,0 days 00:00:12.990038,0.04353493396300901,96,96,416.0,,3,0.009270880365578504,0.6,checkpoints/mlp_Vc_trial_983_best_state.pt,"{'learning_rate': 0.009270880365578504, 'lr_reduce': 0.6}",TPESampler,COMPLETE
984,0.051448967307806015,2025-04-26 00:06:52.391985,2025-04-26 00:07:02.497396,0 days 00:00:10.105411,0.04582420162382303,96,80,352.0,,3,0.004096496435237923,0.6,checkpoints/mlp_Vc_trial_984_best_state.pt,"{'learning_rate': 0.004096496435237923, 'lr_reduce': 0.6}",TPESampler,COMPLETE
985,0.06790550798177719,2025-04-26 00:06:55.710087,2025-04-26 00:07:07.017102,0 days 00:00:11.307015,0.08700592167754165,32,144,352.0,32.0,4,0.009938984575035425,0.6,checkpoints/mlp_Vc_trial_985_best_state.pt,"{'learning_rate': 0.009938984575035425, 'lr_reduce': 0.6}",TPESampler,COMPLETE
986,0.054961368441581726,2025-04-26 00:07:02.830841,2025-04-26 00:07:12.092430,0 days 00:00:09.261589,0.002280079237396514,80,144,416.0,,3,0.0051782238548223,0.6,checkpoints/mlp_Vc_trial_986_best_state.pt,"{'learning_rate': 0.0051782238548223, 'lr_reduce': 0.6}",TPESampler,COMPLETE
987,0.12283504754304886,2025-04-26 00:07:04.428269,2025-04-26 00:07:15.468826,0 days 00:00:11.040557,0.2615075944538685,448,272,336.0,,3,0.0019707057306680427,0.6,checkpoints/mlp_Vc_trial_987_best_state.pt,"{'learning_rate': 0.0019707057306680427, 'lr_reduce': 0.6}",TPESampler,COMPLETE
988,0.06671689450740814,2025-04-26 00:07:07.355564,2025-04-26 00:07:21.538206,0 days 00:00:14.182642,0.011205791429357643,96,32,400.0,96.0,4,0.0035169827697682492,0.6,checkpoints/mlp_Vc_trial_988_best_state.pt,"{'learning_rate': 0.0035169827697682492, 'lr_reduce': 0.6}",TPESampler,COMPLETE
989,0.07664462924003601,2025-04-26 00:07:12.416935,2025-04-26 00:07:24.166639,0 days 00:00:11.749704,0.05716083782691422,32,96,368.0,,3,0.0014536906212857738,0.6,checkpoints/mlp_Vc_trial_989_best_state.pt,"{'learning_rate': 0.0014536906212857738, 'lr_reduce': 0.6}",TPESampler,COMPLETE
990,0.04169512167572975,2025-04-26 00:07:15.800001,2025-04-26 00:07:28.204461,0 days 00:00:12.404460,0.002229813002223331,32,112,432.0,,3,0.005115455712978831,0.6,checkpoints/mlp_Vc_trial_990_best_state.pt,"{'learning_rate': 0.005115455712978831, 'lr_reduce': 0.6}",TPESampler,COMPLETE
991,0.06738926470279694,2025-04-26 00:07:21.864204,2025-04-26 00:07:35.150769,0 days 00:00:13.286565,0.09391022409608432,224,432,336.0,144.0,4,0.0067508828924909324,0.6,checkpoints/mlp_Vc_trial_991_best_state.pt,"{'learning_rate': 0.0067508828924909324, 'lr_reduce': 0.6}",TPESampler,COMPLETE
992,0.0597066730260849,2025-04-26 00:07:24.567250,2025-04-26 00:07:35.033069,0 days 00:00:10.465819,0.0006474287560367161,112,112,384.0,,3,0.0033895399782573003,0.6,checkpoints/mlp_Vc_trial_992_best_state.pt,"{'learning_rate': 0.0033895399782573003, 'lr_reduce': 0.6}",TPESampler,COMPLETE
993,0.03941088169813156,2025-04-26 00:07:28.519717,2025-04-26 00:07:37.938850,0 days 00:00:09.419133,0.011466310992552114,32,48,336.0,32.0,4,0.00819834852560919,0.6,checkpoints/mlp_Vc_trial_993_best_state.pt,"{'learning_rate': 0.00819834852560919, 'lr_reduce': 0.6}",TPESampler,COMPLETE
994,0.0751403346657753,2025-04-26 00:07:35.298031,2025-04-26 00:07:49.032656,0 days 00:00:13.734625,0.00040959161251454164,128,112,432.0,,3,0.008090263910380929,0.6,checkpoints/mlp_Vc_trial_994_best_state.pt,"{'learning_rate': 0.008090263910380929, 'lr_reduce': 0.6}",TPESampler,COMPLETE
995,0.06376276165246964,2025-04-26 00:07:35.388917,2025-04-26 00:07:44.430594,0 days 00:00:09.041677,0.00028753743456335344,112,48,384.0,,3,0.009471768893895815,0.6,checkpoints/mlp_Vc_trial_995_best_state.pt,"{'learning_rate': 0.009471768893895815, 'lr_reduce': 0.6}",TPESampler,COMPLETE
996,0.07897847890853882,2025-04-26 00:07:38.256282,2025-04-26 00:07:48.074701,0 days 00:00:09.818419,0.11555830116239249,128,80,512.0,,3,0.0032093325761113,0.6,checkpoints/mlp_Vc_trial_996_best_state.pt,"{'learning_rate': 0.0032093325761113, 'lr_reduce': 0.6}",TPESampler,COMPLETE
997,0.048847079277038574,2025-04-26 00:07:44.794137,2025-04-26 00:07:57.663112,0 days 00:00:12.868975,0.04158243745857756,32,32,336.0,,3,0.008878619594254972,0.6,checkpoints/mlp_Vc_trial_997_best_state.pt,"{'learning_rate': 0.008878619594254972, 'lr_reduce': 0.6}",TPESampler,COMPLETE
998,0.16899463534355164,2025-04-26 00:07:48.474071,2025-04-26 00:08:33.295915,0 days 00:00:44.821844,0.16911864180972963,432,208,,,2,0.00012795090821542398,0.6,checkpoints/mlp_Vc_trial_998_best_state.pt,"{'learning_rate': 0.00012795090821542398, 'lr_reduce': 0.6}",TPESampler,COMPLETE
999,0.18283838033676147,2025-04-26 00:07:49.651595,2025-04-26 00:08:22.619624,0 days 00:00:32.968029,0.06808172340324238,384,496,,,2,0.0003131463003817228,0.6,checkpoints/mlp_Vc_trial_999_best_state.pt,"{'learning_rate': 0.0003131463003817228, 'lr_reduce': 0.6}",TPESampler,COMPLETE
1000,0.13989415764808655,2025-04-26 00:07:58.025153,2025-04-26 00:08:15.420147,0 days 00:00:17.394994,0.24512739271465958,368,352,,,2,0.0009845455392300802,0.6,checkpoints/mlp_Vc_trial_1000_best_state.pt,"{'learning_rate': 0.0009845455392300802, 'lr_reduce': 0.6}",TPESampler,COMPLETE
1001,0.0886635035276413,2025-04-26 00:08:15.762766,2025-04-26 00:08:30.970118,0 days 00:00:15.207352,0.060684501717732604,128,128,,,2,0.0049418151954791125,0.6,checkpoints/mlp_Vc_trial_1001_best_state.pt,"{'learning_rate': 0.0049418151954791125, 'lr_reduce': 0.6}",TPESampler,COMPLETE
1002,0.05369098111987114,2025-04-26 00:08:22.931268,2025-04-26 00:08:35.507965,0 days 00:00:12.576697,0.03530640629545237,32,160,,,2,0.005969183936448759,0.6,checkpoints/mlp_Vc_trial_1002_best_state.pt,"{'learning_rate': 0.005969183936448759, 'lr_reduce': 0.6}",TPESampler,COMPLETE
1003,0.07206735759973526,2025-04-26 00:08:31.297812,2025-04-26 00:08:40.893611,0 days 00:00:09.595799,0.08768184005637342,32,112,400.0,80.0,4,0.0027933620182328763,0.6,checkpoints/mlp_Vc_trial_1003_best_state.pt,"{'learning_rate': 0.0027933620182328763, 'lr_reduce': 0.6}",TPESampler,COMPLETE
1004,0.03957916051149368,2025-04-26 00:08:33.647457,2025-04-26 00:08:44.900908,0 days 00:00:11.253451,0.01868666047373029,32,112,464.0,,3,0.00488799660311107,0.6,checkpoints/mlp_Vc_trial_1004_best_state.pt,"{'learning_rate': 0.00488799660311107, 'lr_reduce': 0.6}",TPESampler,COMPLETE
1005,0.059672873467206955,2025-04-26 00:08:35.811501,2025-04-26 00:08:47.932937,0 days 00:00:12.121436,0.003016837208422717,112,144,336.0,144.0,4,0.002166178945300726,0.6,checkpoints/mlp_Vc_trial_1005_best_state.pt,"{'learning_rate': 0.002166178945300726, 'lr_reduce': 0.6}",TPESampler,COMPLETE
1006,0.06219036132097244,2025-04-26 00:08:41.276668,2025-04-26 00:08:56.683750,0 days 00:00:15.407082,0.009224144622238195,32,112,384.0,,3,0.009071950282180379,0.6,checkpoints/mlp_Vc_trial_1006_best_state.pt,"{'learning_rate': 0.009071950282180379, 'lr_reduce': 0.6}",TPESampler,COMPLETE
1007,0.05501759424805641,2025-04-26 00:08:45.262092,2025-04-26 00:09:04.677911,0 days 00:00:19.415819,0.008177096378182458,32,128,432.0,,3,0.007802258603520192,0.6,checkpoints/mlp_Vc_trial_1007_best_state.pt,"{'learning_rate': 0.007802258603520192, 'lr_reduce': 0.6}",TPESampler,COMPLETE
1008,0.14262419939041138,2025-04-26 00:08:48.253226,2025-04-26 00:09:23.254227,0 days 00:00:35.001001,0.12372124360333508,208,368,320.0,96.0,4,0.00016127121166076603,0.6,checkpoints/mlp_Vc_trial_1008_best_state.pt,"{'learning_rate': 0.00016127121166076603, 'lr_reduce': 0.6}",TPESampler,COMPLETE
1009,0.16786858439445496,2025-04-26 00:08:56.983452,2025-04-26 00:10:31.710539,0 days 00:01:34.727087,0.22555292578540562,480,448,368.0,,3,0.00013073557643473384,0.6,checkpoints/mlp_Vc_trial_1009_best_state.pt,"{'learning_rate': 0.00013073557643473384, 'lr_reduce': 0.6}",TPESampler,COMPLETE
1010,0.03821990266442299,2025-04-26 00:09:05.085505,2025-04-26 00:09:16.200755,0 days 00:00:11.115250,0.033026661915785724,32,112,384.0,,3,0.004162422941876853,0.6,checkpoints/mlp_Vc_trial_1010_best_state.pt,"{'learning_rate': 0.004162422941876853, 'lr_reduce': 0.6}",TPESampler,COMPLETE
1011,0.06151862069964409,2025-04-26 00:09:16.529311,2025-04-26 00:09:30.037291,0 days 00:00:13.507980,0.007795369019774542,128,32,320.0,32.0,4,0.005441392413372335,0.6,checkpoints/mlp_Vc_trial_1011_best_state.pt,"{'learning_rate': 0.005441392413372335, 'lr_reduce': 0.6}",TPESampler,COMPLETE
1012,0.04311338812112808,2025-04-26 00:09:23.615699,2025-04-26 00:09:38.962229,0 days 00:00:15.346530,0.0007071027174976663,96,96,432.0,,3,0.005334905833032236,0.6,checkpoints/mlp_Vc_trial_1012_best_state.pt,"{'learning_rate': 0.005334905833032236, 'lr_reduce': 0.6}",TPESampler,COMPLETE
1013,0.12893027067184448,2025-04-26 00:09:30.444229,2025-04-26 00:09:59.454197,0 days 00:00:29.009968,0.22158999658686862,272,496,368.0,,3,0.00024089676748829847,0.6,checkpoints/mlp_Vc_trial_1013_best_state.pt,"{'learning_rate': 0.00024089676748829847, 'lr_reduce': 0.6}",TPESampler,COMPLETE
1014,0.04904871806502342,2025-04-26 00:09:39.395280,2025-04-26 00:09:53.461930,0 days 00:00:14.066650,0.009607395765363307,32,80,464.0,192.0,4,0.0017281120775161738,0.6,checkpoints/mlp_Vc_trial_1014_best_state.pt,"{'learning_rate': 0.0017281120775161738, 'lr_reduce': 0.6}",TPESampler,COMPLETE
1015,0.08459420502185822,2025-04-26 00:09:53.889616,2025-04-26 00:10:01.033522,0 days 00:00:07.143906,0.10685179570215823,96,32,320.0,,3,0.008767557245452005,0.6,checkpoints/mlp_Vc_trial_1015_best_state.pt,"{'learning_rate': 0.008767557245452005, 'lr_reduce': 0.6}",TPESampler,COMPLETE
1016,0.043382253497838974,2025-04-26 00:09:59.873879,2025-04-26 00:10:19.997963,0 days 00:00:20.124084,6.0452151527550825e-05,32,192,400.0,,3,0.00568303688079412,0.6,checkpoints/mlp_Vc_trial_1016_best_state.pt,"{'learning_rate': 0.00568303688079412, 'lr_reduce': 0.6}",TPESampler,COMPLETE
1017,0.06590472161769867,2025-04-26 00:10:01.413142,2025-04-26 00:10:11.834732,0 days 00:00:10.421590,0.002115553099647814,96,144,352.0,,3,0.003833856719425976,0.6,checkpoints/mlp_Vc_trial_1017_best_state.pt,"{'learning_rate': 0.003833856719425976, 'lr_reduce': 0.6}",TPESampler,COMPLETE
1018,0.05499443784356117,2025-04-26 00:10:12.369091,2025-04-26 00:10:23.066706,0 days 00:00:10.697615,0.0024666776671775185,128,128,416.0,96.0,4,0.0040644430952066785,0.6,checkpoints/mlp_Vc_trial_1018_best_state.pt,"{'learning_rate': 0.0040644430952066785, 'lr_reduce': 0.6}",TPESampler,COMPLETE
1019,0.03832169249653816,2025-04-26 00:10:20.345324,2025-04-26 00:10:35.637232,0 days 00:00:15.291908,0.0014577549601555223,32,80,304.0,,3,0.0035809655927391683,0.6,checkpoints/mlp_Vc_trial_1019_best_state.pt,"{'learning_rate': 0.0035809655927391683, 'lr_reduce': 0.6}",TPESampler,COMPLETE
1020,0.08846233785152435,2025-04-26 00:10:23.460860,2025-04-26 00:10:39.730645,0 days 00:00:16.269785,0.024617557830641568,496,192,368.0,,3,0.004465286440344114,0.6,checkpoints/mlp_Vc_trial_1020_best_state.pt,"{'learning_rate': 0.004465286440344114, 'lr_reduce': 0.6}",TPESampler,COMPLETE
1021,0.052594706416130066,2025-04-26 00:10:32.043849,2025-04-26 00:10:43.688370,0 days 00:00:11.644521,0.03979781350509174,32,144,480.0,,3,0.003993096392651247,0.6,checkpoints/mlp_Vc_trial_1021_best_state.pt,"{'learning_rate': 0.003993096392651247, 'lr_reduce': 0.6}",TPESampler,COMPLETE
1022,0.06462535262107849,2025-04-26 00:10:36.025515,2025-04-26 00:10:47.183776,0 days 00:00:11.158261,0.05756054732935202,96,160,384.0,,3,0.004636313389486023,0.6,checkpoints/mlp_Vc_trial_1022_best_state.pt,"{'learning_rate': 0.004636313389486023, 'lr_reduce': 0.6}",TPESampler,COMPLETE
1023,0.06113778054714203,2025-04-26 00:10:40.077849,2025-04-26 00:10:47.768480,0 days 00:00:07.690631,0.004376220672023869,32,80,320.0,32.0,4,0.004264305654925636,0.6,checkpoints/mlp_Vc_trial_1023_best_state.pt,"{'learning_rate': 0.004264305654925636, 'lr_reduce': 0.6}",TPESampler,COMPLETE
1024,0.07054276764392853,2025-04-26 00:10:44.070523,2025-04-26 00:10:52.359178,0 days 00:00:08.288655,0.08034744168426967,32,32,432.0,,3,0.004245699174849683,0.6,checkpoints/mlp_Vc_trial_1024_best_state.pt,"{'learning_rate': 0.004245699174849683, 'lr_reduce': 0.6}",TPESampler,COMPLETE
1025,0.07599227130413055,2025-04-26 00:10:47.505878,2025-04-26 00:10:59.170521,0 days 00:00:11.664643,0.0539068557393865,32,144,352.0,160.0,4,0.008315347388426625,0.6,checkpoints/mlp_Vc_trial_1025_best_state.pt,"{'learning_rate': 0.008315347388426625, 'lr_reduce': 0.6}",TPESampler,COMPLETE
1026,0.043437499552965164,2025-04-26 00:10:48.061342,2025-04-26 00:11:05.439300,0 days 00:00:17.377958,9.049121143826387e-05,48,128,400.0,,3,0.0035503553126458114,0.6,checkpoints/mlp_Vc_trial_1026_best_state.pt,"{'learning_rate': 0.0035503553126458114, 'lr_reduce': 0.6}",TPESampler,COMPLETE
1027,0.043318238109350204,2025-04-26 00:10:52.765707,2025-04-26 00:11:04.997193,0 days 00:00:12.231486,0.0009462033713532141,32,48,512.0,,3,0.0031067134974124702,0.6,checkpoints/mlp_Vc_trial_1027_best_state.pt,"{'learning_rate': 0.0031067134974124702, 'lr_reduce': 0.6}",TPESampler,COMPLETE
1028,0.067114919424057,2025-04-26 00:10:59.531178,2025-04-26 00:11:07.684714,0 days 00:00:08.153536,0.1271734961207889,32,128,320.0,,3,0.0046918328737402,0.6,checkpoints/mlp_Vc_trial_1028_best_state.pt,"{'learning_rate': 0.0046918328737402, 'lr_reduce': 0.6}",TPESampler,COMPLETE
1029,0.1363525092601776,2025-04-26 00:11:05.311889,2025-04-26 00:11:19.210444,0 days 00:00:13.898555,0.13997983445003076,288,160,,,2,0.0022429295983749584,0.6,checkpoints/mlp_Vc_trial_1029_best_state.pt,"{'learning_rate': 0.0022429295983749584, 'lr_reduce': 0.6}",TPESampler,COMPLETE
1030,0.0436185859143734,2025-04-26 00:11:05.804612,2025-04-26 00:11:15.002770,0 days 00:00:09.198158,0.004715452386171883,32,80,368.0,,3,0.007830634505547244,0.6,checkpoints/mlp_Vc_trial_1030_best_state.pt,"{'learning_rate': 0.007830634505547244, 'lr_reduce': 0.6}",TPESampler,COMPLETE
1031,0.07266625016927719,2025-04-26 00:11:08.101301,2025-04-26 00:11:17.626780,0 days 00:00:09.525479,0.048734151672903944,112,112,432.0,,3,0.003177667650866565,0.6,checkpoints/mlp_Vc_trial_1031_best_state.pt,"{'learning_rate': 0.003177667650866565, 'lr_reduce': 0.6}",TPESampler,COMPLETE
1032,0.0831339880824089,2025-04-26 00:11:15.305612,2025-04-26 00:11:27.184374,0 days 00:00:11.878762,0.014084748683991375,96,32,,,2,0.0035468913791068925,0.6,checkpoints/mlp_Vc_trial_1032_best_state.pt,"{'learning_rate': 0.0035468913791068925, 'lr_reduce': 0.6}",TPESampler,COMPLETE
1033,0.0629262700676918,2025-04-26 00:11:17.986828,2025-04-26 00:11:28.018440,0 days 00:00:10.031612,0.032181810933252265,96,144,384.0,,3,0.00852969932297182,0.6,checkpoints/mlp_Vc_trial_1033_best_state.pt,"{'learning_rate': 0.00852969932297182, 'lr_reduce': 0.6}",TPESampler,COMPLETE
1034,0.08711519837379456,2025-04-26 00:11:19.524721,2025-04-26 00:11:30.383603,0 days 00:00:10.858882,0.008151261891154744,96,144,,,2,0.0035955952841855723,0.6,checkpoints/mlp_Vc_trial_1034_best_state.pt,"{'learning_rate': 0.0035955952841855723, 'lr_reduce': 0.6}",TPESampler,COMPLETE
1035,0.03516842797398567,2025-04-26 00:11:27.547628,2025-04-26 00:11:37.138726,0 days 00:00:09.591098,0.0018136992784863223,32,80,304.0,80.0,4,0.007082387743387974,0.6,checkpoints/mlp_Vc_trial_1035_best_state.pt,"{'learning_rate': 0.007082387743387974, 'lr_reduce': 0.6}",TPESampler,COMPLETE
1036,0.06100437045097351,2025-04-26 00:11:28.386542,2025-04-26 00:11:37.479342,0 days 00:00:09.092800,0.005013540735546689,32,112,32.0,,3,0.009998768041483159,0.6,checkpoints/mlp_Vc_trial_1036_best_state.pt,"{'learning_rate': 0.009998768041483159, 'lr_reduce': 0.6}",TPESampler,COMPLETE
1037,0.05383404344320297,2025-04-26 00:11:30.690778,2025-04-26 00:11:52.947376,0 days 00:00:22.256598,0.0027097555462717,32,112,368.0,,3,0.0007156256328986144,0.6,checkpoints/mlp_Vc_trial_1037_best_state.pt,"{'learning_rate': 0.0007156256328986144, 'lr_reduce': 0.6}",TPESampler,COMPLETE
1038,0.0630098283290863,2025-04-26 00:11:37.630813,2025-04-26 00:11:48.707756,0 days 00:00:11.076943,0.05684959741378318,128,112,288.0,80.0,4,0.007969698930521105,0.6,checkpoints/mlp_Vc_trial_1038_best_state.pt,"{'learning_rate': 0.007969698930521105, 'lr_reduce': 0.6}",TPESampler,COMPLETE
1039,0.04976177588105202,2025-04-26 00:11:37.693130,2025-04-26 00:11:49.776735,0 days 00:00:12.083605,0.001725351235088164,48,176,272.0,80.0,4,0.00762058384668876,0.6,checkpoints/mlp_Vc_trial_1039_best_state.pt,"{'learning_rate': 0.00762058384668876, 'lr_reduce': 0.6}",TPESampler,COMPLETE
1040,0.03124232590198517,2025-04-26 00:11:49.044806,2025-04-26 00:12:00.097815,0 days 00:00:11.053009,0.0022898957103630302,32,64,288.0,80.0,4,0.0033547713985450124,0.6,checkpoints/mlp_Vc_trial_1040_best_state.pt,"{'learning_rate': 0.0033547713985450124, 'lr_reduce': 0.6}",TPESampler,COMPLETE
1041,0.21067847311496735,2025-04-26 00:11:50.105175,2025-04-26 00:12:36.413036,0 days 00:00:46.307861,0.14368649836425032,416,416,,,2,0.00011769121831001568,0.6,checkpoints/mlp_Vc_trial_1041_best_state.pt,"{'learning_rate': 0.00011769121831001568, 'lr_reduce': 0.6}",TPESampler,COMPLETE
1042,0.07536749541759491,2025-04-26 00:11:53.328983,2025-04-26 00:12:03.277314,0 days 00:00:09.948331,0.047593636714881565,96,96,288.0,32.0,4,0.0065860685983837935,0.6,checkpoints/mlp_Vc_trial_1042_best_state.pt,"{'learning_rate': 0.0065860685983837935, 'lr_reduce': 0.6}",TPESampler,COMPLETE
1043,0.043122854083776474,2025-04-26 00:12:00.422543,2025-04-26 00:12:11.477948,0 days 00:00:11.055405,0.03413473343210903,48,112,320.0,80.0,4,0.0024758852728620716,0.6,checkpoints/mlp_Vc_trial_1043_best_state.pt,"{'learning_rate': 0.0024758852728620716, 'lr_reduce': 0.6}",TPESampler,COMPLETE
1044,0.05774540454149246,2025-04-26 00:12:03.603701,2025-04-26 00:12:12.504105,0 days 00:00:08.900404,0.01890927423088898,32,48,288.0,80.0,4,0.002926003516984288,0.6,checkpoints/mlp_Vc_trial_1044_best_state.pt,"{'learning_rate': 0.002926003516984288, 'lr_reduce': 0.6}",TPESampler,COMPLETE
1045,0.0556771382689476,2025-04-26 00:12:11.843480,2025-04-26 00:12:22.816479,0 days 00:00:10.972999,0.011582010390637254,64,80,304.0,80.0,4,0.007878847979628017,0.6,checkpoints/mlp_Vc_trial_1045_best_state.pt,"{'learning_rate': 0.007878847979628017, 'lr_reduce': 0.6}",TPESampler,COMPLETE
1046,0.03766104206442833,2025-04-26 00:12:12.843167,2025-04-26 00:12:31.786831,0 days 00:00:18.943664,0.0005743785772806037,32,64,304.0,80.0,4,0.006937041903837613,0.6,checkpoints/mlp_Vc_trial_1046_best_state.pt,"{'learning_rate': 0.006937041903837613, 'lr_reduce': 0.6}",TPESampler,COMPLETE
1047,0.17082422971725464,2025-04-26 00:12:23.166114,2025-04-26 00:12:37.215220,0 days 00:00:14.049106,0.2338598634994813,448,48,304.0,80.0,4,0.0007613615591132876,0.6,checkpoints/mlp_Vc_trial_1047_best_state.pt,"{'learning_rate': 0.0007613615591132876, 'lr_reduce': 0.6}",TPESampler,COMPLETE
1048,0.06878533214330673,2025-04-26 00:12:32.120663,2025-04-26 00:12:44.681732,0 days 00:00:12.561069,0.0036249945353426264,32,48,304.0,32.0,4,0.002163536614236382,0.6,checkpoints/mlp_Vc_trial_1048_best_state.pt,"{'learning_rate': 0.002163536614236382, 'lr_reduce': 0.6}",TPESampler,COMPLETE
1049,0.14142625033855438,2025-04-26 00:12:36.721039,2025-04-26 00:12:44.561887,0 days 00:00:07.840848,0.26655535775261446,512,64,320.0,,3,0.0025137740627542812,0.6,checkpoints/mlp_Vc_trial_1049_best_state.pt,"{'learning_rate': 0.0025137740627542812, 'lr_reduce': 0.6}",TPESampler,COMPLETE
