number,value,datetime_start,datetime_complete,duration,params_final_dropout,params_mlp_dim_00,params_mlp_dim_01,params_mlp_dim_02,params_mlp_dim_03,params_mlp_n_layers,params_train_learning_rate,params_train_lr_reduce,user_attrs_best_state_dict_path,user_attrs_training_params,system_attrs_auto:sampler,state
1494,0.03727123886346817,2025-04-26 00:47:36.045239,2025-04-26 00:47:47.171732,0 days 00:00:11.126493,0.0033727552340852476,64,208,80.0,128.0,4,0.007718448619452898,0.6,checkpoints/mlp_Vc_trial_1494_best_state.pt,"{'learning_rate': 0.007718448619452898, 'lr_reduce': 0.6}",TPESampler,COMPLETE
1495,0.1382140964269638,2025-04-26 00:47:43.265204,2025-04-26 00:47:57.903771,0 days 00:00:14.638567,0.1603210785608062,272,368,,,2,0.002623066716361146,0.6,checkpoints/mlp_Vc_trial_1495_best_state.pt,"{'learning_rate': 0.002623066716361146, 'lr_reduce': 0.6}",TPESampler,COMPLETE
1496,0.060291316360235214,2025-04-26 00:47:47.065200,2025-04-26 00:47:56.050050,0 days 00:00:08.984850,0.03855464193604502,32,32,448.0,,3,0.00966654993149502,0.6,checkpoints/mlp_Vc_trial_1496_best_state.pt,"{'learning_rate': 0.00966654993149502, 'lr_reduce': 0.6}",TPESampler,COMPLETE
1497,0.039165616035461426,2025-04-26 00:47:47.728659,2025-04-26 00:48:04.012406,0 days 00:00:16.283747,0.011289525642749227,32,144,352.0,80.0,4,0.0017107566870987855,0.6,checkpoints/mlp_Vc_trial_1497_best_state.pt,"{'learning_rate': 0.0017107566870987855, 'lr_reduce': 0.6}",TPESampler,COMPLETE
1498,0.05392121523618698,2025-04-26 00:47:56.369643,2025-04-26 00:48:08.146909,0 days 00:00:11.777266,0.015267071504707604,48,160,240.0,32.0,4,0.009479170691010617,0.6,checkpoints/mlp_Vc_trial_1498_best_state.pt,"{'learning_rate': 0.009479170691010617, 'lr_reduce': 0.6}",TPESampler,COMPLETE
1499,0.7158228158950806,2025-04-26 00:47:58.241177,2025-04-26 00:48:01.632548,0 days 00:00:03.391371,0.10216172168035154,368,384,,,2,0.009110701901494097,0.6,checkpoints/mlp_Vc_trial_1499_best_state.pt,"{'learning_rate': 0.009110701901494097, 'lr_reduce': 0.6}",TPESampler,COMPLETE
1500,0.1417342871427536,2025-04-26 00:48:01.974010,2025-04-26 00:48:26.909671,0 days 00:00:24.935661,0.011229682758595788,384,512,416.0,,3,0.0003982703211121914,0.6,checkpoints/mlp_Vc_trial_1500_best_state.pt,"{'learning_rate': 0.0003982703211121914, 'lr_reduce': 0.6}",TPESampler,COMPLETE
1501,0.16033221781253815,2025-04-26 00:48:04.389821,2025-04-26 00:48:20.671337,0 days 00:00:16.281516,0.2572263257669426,400,208,,,2,0.0015831714804845503,0.6,checkpoints/mlp_Vc_trial_1501_best_state.pt,"{'learning_rate': 0.0015831714804845503, 'lr_reduce': 0.6}",TPESampler,COMPLETE
1502,0.05343104898929596,2025-04-26 00:48:08.637537,2025-04-26 00:48:18.356149,0 days 00:00:09.718612,0.002856680529136159,112,80,288.0,,3,0.008137967472209075,0.6,checkpoints/mlp_Vc_trial_1502_best_state.pt,"{'learning_rate': 0.008137967472209075, 'lr_reduce': 0.6}",TPESampler,COMPLETE
1503,0.05134986713528633,2025-04-26 00:48:18.684737,2025-04-26 00:48:26.482402,0 days 00:00:07.797665,0.062243712964086505,32,96,352.0,,3,0.006236461797122757,0.6,checkpoints/mlp_Vc_trial_1503_best_state.pt,"{'learning_rate': 0.006236461797122757, 'lr_reduce': 0.6}",TPESampler,COMPLETE
1504,0.13457214832305908,2025-04-26 00:48:20.959112,2025-04-26 00:48:54.554876,0 days 00:00:33.595764,0.0976861887073002,224,160,384.0,,3,0.0001851905094835278,0.6,checkpoints/mlp_Vc_trial_1504_best_state.pt,"{'learning_rate': 0.0001851905094835278, 'lr_reduce': 0.6}",TPESampler,COMPLETE
1505,0.04087255522608757,2025-04-26 00:48:26.945016,2025-04-26 00:48:40.136414,0 days 00:00:13.191398,0.021288747388933948,32,96,320.0,80.0,4,0.008605435488011967,0.6,checkpoints/mlp_Vc_trial_1505_best_state.pt,"{'learning_rate': 0.008605435488011967, 'lr_reduce': 0.6}",TPESampler,COMPLETE
1506,0.08690325170755386,2025-04-26 00:48:27.231730,2025-04-26 00:48:40.199770,0 days 00:00:12.968040,0.0011404329234781714,128,128,432.0,32.0,4,0.005375257923121741,0.6,checkpoints/mlp_Vc_trial_1506_best_state.pt,"{'learning_rate': 0.005375257923121741, 'lr_reduce': 0.6}",TPESampler,COMPLETE
1507,0.06236307695508003,2025-04-26 00:48:40.459216,2025-04-26 00:48:52.257620,0 days 00:00:11.798404,0.002518140313416954,112,160,368.0,,3,0.0019954196325299304,0.6,checkpoints/mlp_Vc_trial_1507_best_state.pt,"{'learning_rate': 0.0019954196325299304, 'lr_reduce': 0.6}",TPESampler,COMPLETE
1508,0.05738430470228195,2025-04-26 00:48:40.571007,2025-04-26 00:48:49.875477,0 days 00:00:09.304470,0.0113710904816422,160,32,368.0,,3,0.00937529892660195,0.6,checkpoints/mlp_Vc_trial_1508_best_state.pt,"{'learning_rate': 0.00937529892660195, 'lr_reduce': 0.6}",TPESampler,COMPLETE
1509,0.04178956151008606,2025-04-26 00:48:50.286312,2025-04-26 00:49:00.851964,0 days 00:00:10.565652,0.013466350351614956,32,64,512.0,144.0,4,0.004312604480508848,0.6,checkpoints/mlp_Vc_trial_1509_best_state.pt,"{'learning_rate': 0.004312604480508848, 'lr_reduce': 0.6}",TPESampler,COMPLETE
1510,0.04042497277259827,2025-04-26 00:48:52.617670,2025-04-26 00:49:07.024375,0 days 00:00:14.406705,0.0021944907060669106,48,112,256.0,,3,0.00610498926127326,0.6,checkpoints/mlp_Vc_trial_1510_best_state.pt,"{'learning_rate': 0.00610498926127326, 'lr_reduce': 0.6}",TPESampler,COMPLETE
1511,0.053739406168460846,2025-04-26 00:48:54.922664,2025-04-26 00:49:05.028570,0 days 00:00:10.105906,0.050085339369135805,96,32,304.0,,3,0.004279561898669169,0.6,checkpoints/mlp_Vc_trial_1511_best_state.pt,"{'learning_rate': 0.004279561898669169, 'lr_reduce': 0.6}",TPESampler,COMPLETE
1512,0.11365871131420135,2025-04-26 00:49:01.210075,2025-04-26 00:49:19.649436,0 days 00:00:18.439361,0.2143397715351677,448,288,,,2,0.00427191092383745,0.6,checkpoints/mlp_Vc_trial_1512_best_state.pt,"{'learning_rate': 0.00427191092383745, 'lr_reduce': 0.6}",TPESampler,COMPLETE
1513,0.0407417006790638,2025-04-26 00:49:05.413653,2025-04-26 00:49:20.866064,0 days 00:00:15.452411,0.006220261743473025,32,32,208.0,80.0,4,0.0019251553381426374,0.6,checkpoints/mlp_Vc_trial_1513_best_state.pt,"{'learning_rate': 0.0019251553381426374, 'lr_reduce': 0.6}",TPESampler,COMPLETE
1514,0.06379181146621704,2025-04-26 00:49:07.389023,2025-04-26 00:49:15.170143,0 days 00:00:07.781120,0.054565472732546215,112,32,432.0,,3,0.008652412374226311,0.6,checkpoints/mlp_Vc_trial_1514_best_state.pt,"{'learning_rate': 0.008652412374226311, 'lr_reduce': 0.6}",TPESampler,COMPLETE
1515,0.04591980203986168,2025-04-26 00:49:15.532674,2025-04-26 00:49:32.913360,0 days 00:00:17.380686,0.008060167213402275,48,112,336.0,32.0,4,0.008825435469801772,0.6,checkpoints/mlp_Vc_trial_1515_best_state.pt,"{'learning_rate': 0.008825435469801772, 'lr_reduce': 0.6}",TPESampler,COMPLETE
1516,0.03695601969957352,2025-04-26 00:49:19.984884,2025-04-26 00:49:33.645610,0 days 00:00:13.660726,0.0031073536865089775,32,96,400.0,,3,0.0035995479890096275,0.6,checkpoints/mlp_Vc_trial_1516_best_state.pt,"{'learning_rate': 0.0035995479890096275, 'lr_reduce': 0.6}",TPESampler,COMPLETE
1517,0.0355166532099247,2025-04-26 00:49:21.252800,2025-04-26 00:49:34.750576,0 days 00:00:13.497776,0.0034013556807056962,32,128,272.0,128.0,4,0.003868328097645374,0.6,checkpoints/mlp_Vc_trial_1517_best_state.pt,"{'learning_rate': 0.003868328097645374, 'lr_reduce': 0.6}",TPESampler,COMPLETE
1518,0.06848887354135513,2025-04-26 00:49:33.282984,2025-04-26 00:49:42.587957,0 days 00:00:09.304973,0.05015046522573841,32,32,352.0,80.0,4,0.0036297302178326927,0.6,checkpoints/mlp_Vc_trial_1518_best_state.pt,"{'learning_rate': 0.0036297302178326927, 'lr_reduce': 0.6}",TPESampler,COMPLETE
1519,0.05283166095614433,2025-04-26 00:49:34.052419,2025-04-26 00:49:41.823872,0 days 00:00:07.771453,0.04116323629601507,32,32,256.0,,3,0.004773613436649134,0.6,checkpoints/mlp_Vc_trial_1519_best_state.pt,"{'learning_rate': 0.004773613436649134, 'lr_reduce': 0.6}",TPESampler,COMPLETE
1520,0.1666431576013565,2025-04-26 00:49:35.245253,2025-04-26 00:50:35.277546,0 days 00:01:00.032293,0.1484522897279371,224,240,208.0,224.0,4,0.00010224022114549772,0.6,checkpoints/mlp_Vc_trial_1520_best_state.pt,"{'learning_rate': 0.00010224022114549772, 'lr_reduce': 0.6}",TPESampler,COMPLETE
1521,0.09065844863653183,2025-04-26 00:49:42.312189,2025-04-26 00:49:52.128043,0 days 00:00:09.815854,0.010591430444367294,160,160,240.0,192.0,4,0.0014727929221055535,0.6,checkpoints/mlp_Vc_trial_1521_best_state.pt,"{'learning_rate': 0.0014727929221055535, 'lr_reduce': 0.6}",TPESampler,COMPLETE
1522,0.054654479026794434,2025-04-26 00:49:43.187594,2025-04-26 00:49:55.093648,0 days 00:00:11.906054,0.0034387791425847785,80,160,256.0,160.0,4,0.0033152548533956897,0.6,checkpoints/mlp_Vc_trial_1522_best_state.pt,"{'learning_rate': 0.0033152548533956897, 'lr_reduce': 0.6}",TPESampler,COMPLETE
1523,0.05175154283642769,2025-04-26 00:49:52.462120,2025-04-26 00:50:02.684309,0 days 00:00:10.222189,0.023323740210602517,96,32,256.0,,3,0.00877592392829219,0.6,checkpoints/mlp_Vc_trial_1523_best_state.pt,"{'learning_rate': 0.00877592392829219, 'lr_reduce': 0.6}",TPESampler,COMPLETE
1524,0.050188153982162476,2025-04-26 00:49:55.459848,2025-04-26 00:50:05.153283,0 days 00:00:09.693435,0.039995474568541835,32,160,272.0,192.0,4,0.003163051825542542,0.6,checkpoints/mlp_Vc_trial_1524_best_state.pt,"{'learning_rate': 0.003163051825542542, 'lr_reduce': 0.6}",TPESampler,COMPLETE
1525,0.04480186849832535,2025-04-26 00:50:03.032934,2025-04-26 00:50:14.031201,0 days 00:00:10.998267,0.0110666162224434,32,128,224.0,176.0,4,0.0023544728522547796,0.6,checkpoints/mlp_Vc_trial_1525_best_state.pt,"{'learning_rate': 0.0023544728522547796, 'lr_reduce': 0.6}",TPESampler,COMPLETE
1526,0.0754290521144867,2025-04-26 00:50:05.504100,2025-04-26 00:50:16.246907,0 days 00:00:10.742807,8.994322625927433e-05,80,128,256.0,,3,0.002912812292090969,0.6,checkpoints/mlp_Vc_trial_1526_best_state.pt,"{'learning_rate': 0.002912812292090969, 'lr_reduce': 0.6}",TPESampler,COMPLETE
1527,0.06981194019317627,2025-04-26 00:50:14.392996,2025-04-26 00:50:31.111008,0 days 00:00:16.718012,0.0039403736488431325,96,144,288.0,176.0,4,0.0013706728406474764,0.6,checkpoints/mlp_Vc_trial_1527_best_state.pt,"{'learning_rate': 0.0013706728406474764, 'lr_reduce': 0.6}",TPESampler,COMPLETE
1528,0.0913463905453682,2025-04-26 00:50:16.689835,2025-04-26 00:50:27.811873,0 days 00:00:11.122038,0.013442536004023203,384,240,272.0,144.0,4,0.0016234720276722763,0.6,checkpoints/mlp_Vc_trial_1528_best_state.pt,"{'learning_rate': 0.0016234720276722763, 'lr_reduce': 0.6}",TPESampler,COMPLETE
1529,0.044779058545827866,2025-04-26 00:50:28.157881,2025-04-26 00:50:40.925499,0 days 00:00:12.767618,0.0008616877081426039,32,176,288.0,144.0,4,0.0030171280144702236,0.6,checkpoints/mlp_Vc_trial_1529_best_state.pt,"{'learning_rate': 0.0030171280144702236, 'lr_reduce': 0.6}",TPESampler,COMPLETE
1530,0.059109289199113846,2025-04-26 00:50:31.496548,2025-04-26 00:50:42.205274,0 days 00:00:10.708726,0.06454674096316292,32,96,176.0,160.0,4,0.0022351126514568638,0.6,checkpoints/mlp_Vc_trial_1530_best_state.pt,"{'learning_rate': 0.0022351126514568638, 'lr_reduce': 0.6}",TPESampler,COMPLETE
1531,0.04901483282446861,2025-04-26 00:50:35.651556,2025-04-26 00:50:50.132194,0 days 00:00:14.480638,0.05550058846788028,96,96,224.0,,3,0.0034511872137581406,0.6,checkpoints/mlp_Vc_trial_1531_best_state.pt,"{'learning_rate': 0.0034511872137581406, 'lr_reduce': 0.6}",TPESampler,COMPLETE
1532,0.10059799253940582,2025-04-26 00:50:41.262365,2025-04-26 00:50:52.928811,0 days 00:00:11.666446,0.17979726707290616,496,224,288.0,,3,0.005485948546612455,0.6,checkpoints/mlp_Vc_trial_1532_best_state.pt,"{'learning_rate': 0.005485948546612455, 'lr_reduce': 0.6}",TPESampler,COMPLETE
1533,0.09781178086996078,2025-04-26 00:50:42.593368,2025-04-26 00:50:57.955812,0 days 00:00:15.362444,0.013098436889516247,112,240,240.0,,3,0.0007950429781252612,0.6,checkpoints/mlp_Vc_trial_1533_best_state.pt,"{'learning_rate': 0.0007950429781252612, 'lr_reduce': 0.6}",TPESampler,COMPLETE
1534,0.1805608570575714,2025-04-26 00:50:50.469040,2025-04-26 00:51:02.980556,0 days 00:00:12.511516,0.25342693637416325,320,352,288.0,128.0,4,0.0006358529280285246,0.6,checkpoints/mlp_Vc_trial_1534_best_state.pt,"{'learning_rate': 0.0006358529280285246, 'lr_reduce': 0.6}",TPESampler,COMPLETE
1535,0.08973241597414017,2025-04-26 00:50:53.238226,2025-04-26 00:51:09.868293,0 days 00:00:16.630067,0.048455255386562215,112,112,288.0,,3,0.0006768960013679755,0.6,checkpoints/mlp_Vc_trial_1535_best_state.pt,"{'learning_rate': 0.0006768960013679755, 'lr_reduce': 0.6}",TPESampler,COMPLETE
1536,0.03657155483961105,2025-04-26 00:50:58.331626,2025-04-26 00:51:12.836733,0 days 00:00:14.505107,0.0024368783949337385,32,32,208.0,,3,0.005645045492690281,0.6,checkpoints/mlp_Vc_trial_1536_best_state.pt,"{'learning_rate': 0.005645045492690281, 'lr_reduce': 0.6}",TPESampler,COMPLETE
1537,0.06082838028669357,2025-04-26 00:51:03.478297,2025-04-26 00:51:16.379125,0 days 00:00:12.900828,0.04296671365501164,128,208,288.0,,3,0.006455346180274175,0.6,checkpoints/mlp_Vc_trial_1537_best_state.pt,"{'learning_rate': 0.006455346180274175, 'lr_reduce': 0.6}",TPESampler,COMPLETE
1538,0.06893020868301392,2025-04-26 00:51:10.179172,2025-04-26 00:51:20.628958,0 days 00:00:10.449786,0.00042911328845721564,96,144,304.0,,3,0.007939318358704359,0.6,checkpoints/mlp_Vc_trial_1538_best_state.pt,"{'learning_rate': 0.007939318358704359, 'lr_reduce': 0.6}",TPESampler,COMPLETE
1539,0.14163626730442047,2025-04-26 00:51:13.328797,2025-04-26 00:51:47.276339,0 days 00:00:33.947542,0.140429897029914,144,112,256.0,128.0,4,0.00015399467228751498,0.6,checkpoints/mlp_Vc_trial_1539_best_state.pt,"{'learning_rate': 0.00015399467228751498, 'lr_reduce': 0.6}",TPESampler,COMPLETE
1540,0.062449388206005096,2025-04-26 00:51:16.735364,2025-04-26 00:51:25.641369,0 days 00:00:08.906005,0.033409043455157314,128,96,304.0,128.0,4,0.0038291863059144744,0.6,checkpoints/mlp_Vc_trial_1540_best_state.pt,"{'learning_rate': 0.0038291863059144744, 'lr_reduce': 0.6}",TPESampler,COMPLETE
1541,0.05046207085251808,2025-04-26 00:51:20.946211,2025-04-26 00:51:32.833228,0 days 00:00:11.887017,0.002902182045071422,128,80,240.0,,3,0.003895286899406761,0.6,checkpoints/mlp_Vc_trial_1541_best_state.pt,"{'learning_rate': 0.003895286899406761, 'lr_reduce': 0.6}",TPESampler,COMPLETE
1542,0.05149463936686516,2025-04-26 00:51:25.988836,2025-04-26 00:51:33.777557,0 days 00:00:07.788721,0.006433554053465013,32,112,320.0,128.0,4,0.005605611825725541,0.6,checkpoints/mlp_Vc_trial_1542_best_state.pt,"{'learning_rate': 0.005605611825725541, 'lr_reduce': 0.6}",TPESampler,COMPLETE
1543,0.04360445216298103,2025-04-26 00:51:33.175762,2025-04-26 00:51:54.558494,0 days 00:00:21.382732,0.0017791038381343438,48,32,176.0,,3,0.00130605898278408,0.6,checkpoints/mlp_Vc_trial_1543_best_state.pt,"{'learning_rate': 0.00130605898278408, 'lr_reduce': 0.6}",TPESampler,COMPLETE
1544,0.05683797970414162,2025-04-26 00:51:34.222789,2025-04-26 00:51:42.865626,0 days 00:00:08.642837,0.052085732254555275,32,128,304.0,,3,0.0029727670169527234,0.6,checkpoints/mlp_Vc_trial_1544_best_state.pt,"{'learning_rate': 0.0029727670169527234, 'lr_reduce': 0.6}",TPESampler,COMPLETE
1545,0.044385362416505814,2025-04-26 00:51:43.160545,2025-04-26 00:51:52.905087,0 days 00:00:09.744542,0.04555862536674154,32,80,320.0,,3,0.005948789551322318,0.6,checkpoints/mlp_Vc_trial_1545_best_state.pt,"{'learning_rate': 0.005948789551322318, 'lr_reduce': 0.6}",TPESampler,COMPLETE
1546,0.053030192852020264,2025-04-26 00:51:47.660417,2025-04-26 00:52:07.219447,0 days 00:00:19.559030,0.05634303572403799,32,224,240.0,,3,0.0010210841578491923,0.6,checkpoints/mlp_Vc_trial_1546_best_state.pt,"{'learning_rate': 0.0010210841578491923, 'lr_reduce': 0.6}",TPESampler,COMPLETE
1547,0.06080266833305359,2025-04-26 00:51:53.258687,2025-04-26 00:52:03.680054,0 days 00:00:10.421367,0.028023989325084073,128,32,320.0,256.0,4,0.003394869501511483,0.6,checkpoints/mlp_Vc_trial_1547_best_state.pt,"{'learning_rate': 0.003394869501511483, 'lr_reduce': 0.6}",TPESampler,COMPLETE
1548,0.04589025303721428,2025-04-26 00:51:54.970481,2025-04-26 00:52:05.392069,0 days 00:00:10.421588,0.007124829510432365,48,32,272.0,,3,0.009038591427764708,0.6,checkpoints/mlp_Vc_trial_1548_best_state.pt,"{'learning_rate': 0.009038591427764708, 'lr_reduce': 0.6}",TPESampler,COMPLETE
1549,0.054988522082567215,2025-04-26 00:52:04.026224,2025-04-26 00:52:12.009055,0 days 00:00:07.982831,0.00042391529090972206,80,64,336.0,128.0,4,0.004067635951869289,0.6,checkpoints/mlp_Vc_trial_1549_best_state.pt,"{'learning_rate': 0.004067635951869289, 'lr_reduce': 0.6}",TPESampler,COMPLETE
1550,0.04587743058800697,2025-04-26 00:52:05.874412,2025-04-26 00:52:20.342624,0 days 00:00:14.468212,0.0026535427216459054,32,144,480.0,176.0,4,0.0016892076820248635,0.6,checkpoints/mlp_Vc_trial_1550_best_state.pt,"{'learning_rate': 0.0016892076820248635, 'lr_reduce': 0.6}",TPESampler,COMPLETE
1551,0.07987400889396667,2025-04-26 00:52:07.593547,2025-04-26 00:52:22.625118,0 days 00:00:15.031571,0.10040675047082713,160,160,208.0,,3,0.0018959449552636268,0.6,checkpoints/mlp_Vc_trial_1551_best_state.pt,"{'learning_rate': 0.0018959449552636268, 'lr_reduce': 0.6}",TPESampler,COMPLETE
1552,0.04606662318110466,2025-04-26 00:52:12.374742,2025-04-26 00:52:24.809921,0 days 00:00:12.435179,0.0051558060054118365,96,48,272.0,432.0,4,0.0018409273755010192,0.6,checkpoints/mlp_Vc_trial_1552_best_state.pt,"{'learning_rate': 0.0018409273755010192, 'lr_reduce': 0.6}",TPESampler,COMPLETE
1553,0.04859918728470802,2025-04-26 00:52:20.675752,2025-04-26 00:52:36.902458,0 days 00:00:16.226706,0.0031012842088262195,32,96,320.0,,3,0.0026386501244551022,0.6,checkpoints/mlp_Vc_trial_1553_best_state.pt,"{'learning_rate': 0.0026386501244551022, 'lr_reduce': 0.6}",TPESampler,COMPLETE
1554,0.035612303763628006,2025-04-26 00:52:22.992582,2025-04-26 00:52:36.942743,0 days 00:00:13.950161,0.012854944791632267,32,48,320.0,128.0,4,0.00437599360622112,0.6,checkpoints/mlp_Vc_trial_1554_best_state.pt,"{'learning_rate': 0.00437599360622112, 'lr_reduce': 0.6}",TPESampler,COMPLETE
1555,0.1357404738664627,2025-04-26 00:52:25.166889,2025-04-26 00:52:30.980628,0 days 00:00:05.813739,0.20134565541655064,272,48,352.0,,3,0.008760317979877174,0.6,checkpoints/mlp_Vc_trial_1555_best_state.pt,"{'learning_rate': 0.008760317979877174, 'lr_reduce': 0.6}",TPESampler,COMPLETE
1556,0.05139829218387604,2025-04-26 00:52:31.403889,2025-04-26 00:52:42.430063,0 days 00:00:11.026174,0.05691449377825479,32,224,272.0,,3,0.004858198016668354,0.6,checkpoints/mlp_Vc_trial_1556_best_state.pt,"{'learning_rate': 0.004858198016668354, 'lr_reduce': 0.6}",TPESampler,COMPLETE
1557,0.034559737890958786,2025-04-26 00:52:37.212965,2025-04-26 00:52:54.922861,0 days 00:00:17.709896,0.009738123194377786,32,208,336.0,,3,0.004459059486455026,0.6,checkpoints/mlp_Vc_trial_1557_best_state.pt,"{'learning_rate': 0.004459059486455026, 'lr_reduce': 0.6}",TPESampler,COMPLETE
1558,0.06326426565647125,2025-04-26 00:52:37.324592,2025-04-26 00:52:51.025699,0 days 00:00:13.701107,0.002718005416668716,112,80,512.0,96.0,4,0.0027171190619159195,0.6,checkpoints/mlp_Vc_trial_1558_best_state.pt,"{'learning_rate': 0.0027171190619159195, 'lr_reduce': 0.6}",TPESampler,COMPLETE
1559,0.17740647494792938,2025-04-26 00:52:43.039658,2025-04-26 00:53:16.538772,0 days 00:00:33.499114,0.0036024737913253335,288,512,,,2,0.00020977898184477943,0.6,checkpoints/mlp_Vc_trial_1559_best_state.pt,"{'learning_rate': 0.00020977898184477943, 'lr_reduce': 0.6}",TPESampler,COMPLETE
1560,0.06036960333585739,2025-04-26 00:52:51.560085,2025-04-26 00:52:59.696060,0 days 00:00:08.135975,0.048348243020519065,32,48,352.0,,3,0.00960474626427642,0.6,checkpoints/mlp_Vc_trial_1560_best_state.pt,"{'learning_rate': 0.00960474626427642, 'lr_reduce': 0.6}",TPESampler,COMPLETE
1561,0.06596676260232925,2025-04-26 00:52:55.428942,2025-04-26 00:53:08.244733,0 days 00:00:12.815791,0.014891578563627592,96,320,368.0,,3,0.0036473436025122913,0.6,checkpoints/mlp_Vc_trial_1561_best_state.pt,"{'learning_rate': 0.0036473436025122913, 'lr_reduce': 0.6}",TPESampler,COMPLETE
1562,0.03999318182468414,2025-04-26 00:53:00.048177,2025-04-26 00:53:13.974506,0 days 00:00:13.926329,0.0013086175007097356,32,176,368.0,,3,0.0023969808041167232,0.6,checkpoints/mlp_Vc_trial_1562_best_state.pt,"{'learning_rate': 0.0023969808041167232, 'lr_reduce': 0.6}",TPESampler,COMPLETE
1563,0.05570562556385994,2025-04-26 00:53:08.572929,2025-04-26 00:53:17.274280,0 days 00:00:08.701351,0.0651305850778249,32,192,352.0,,3,0.005193436322175806,0.6,checkpoints/mlp_Vc_trial_1563_best_state.pt,"{'learning_rate': 0.005193436322175806, 'lr_reduce': 0.6}",TPESampler,COMPLETE
1564,0.061163321137428284,2025-04-26 00:53:14.322069,2025-04-26 00:53:27.965585,0 days 00:00:13.643516,0.0046600044090080285,144,240,352.0,,3,0.007799433837339132,0.6,checkpoints/mlp_Vc_trial_1564_best_state.pt,"{'learning_rate': 0.007799433837339132, 'lr_reduce': 0.6}",TPESampler,COMPLETE
1565,0.045068614184856415,2025-04-26 00:53:16.930315,2025-04-26 00:53:29.497439,0 days 00:00:12.567124,0.033808217344447264,48,272,336.0,,3,0.004409260253772914,0.6,checkpoints/mlp_Vc_trial_1565_best_state.pt,"{'learning_rate': 0.004409260253772914, 'lr_reduce': 0.6}",TPESampler,COMPLETE
1566,0.04462873190641403,2025-04-26 00:53:17.685341,2025-04-26 00:53:30.614513,0 days 00:00:12.929172,0.00010791112524478029,32,288,400.0,,3,0.009038992197352994,0.6,checkpoints/mlp_Vc_trial_1566_best_state.pt,"{'learning_rate': 0.009038992197352994, 'lr_reduce': 0.6}",TPESampler,COMPLETE
1567,0.05583411827683449,2025-04-26 00:53:28.274471,2025-04-26 00:53:36.285357,0 days 00:00:08.010886,0.0471535509784515,80,128,336.0,,3,0.004447932663790372,0.6,checkpoints/mlp_Vc_trial_1567_best_state.pt,"{'learning_rate': 0.004447932663790372, 'lr_reduce': 0.6}",TPESampler,COMPLETE
