number,value,datetime_start,datetime_complete,duration,params_final_dropout,params_mlp_dim_00,params_mlp_dim_01,params_mlp_dim_02,params_mlp_dim_03,params_mlp_n_layers,params_train_learning_rate,params_train_lr_reduce,user_attrs_best_state_dict_path,user_attrs_training_params,system_attrs_auto:sampler,state
825,0.042348649352788925,2025-04-25 23:54:16.846810,2025-04-25 23:54:25.719014,0 days 00:00:08.872204,0.0010401592883914164,32,64,288.0,,3,0.007951646572447086,0.6,checkpoints/mlp_Vc_trial_825_best_state.pt,"{'learning_rate': 0.007951646572447086, 'lr_reduce': 0.6}",TPESampler,COMPLETE
826,0.05765611305832863,2025-04-25 23:54:18.239960,2025-04-25 23:54:27.827729,0 days 00:00:09.587769,0.01106326331433318,64,32,304.0,,3,0.009573018431111559,0.6,checkpoints/mlp_Vc_trial_826_best_state.pt,"{'learning_rate': 0.009573018431111559, 'lr_reduce': 0.6}",TPESampler,COMPLETE
827,0.066549152135849,2025-04-25 23:54:19.364504,2025-04-25 23:54:29.772134,0 days 00:00:10.407630,0.0671833206416206,32,96,320.0,,3,0.00290597489331024,0.6,checkpoints/mlp_Vc_trial_827_best_state.pt,"{'learning_rate': 0.00290597489331024, 'lr_reduce': 0.6}",TPESampler,COMPLETE
828,0.05067581683397293,2025-04-25 23:54:25.982644,2025-04-25 23:54:35.505621,0 days 00:00:09.522977,0.0015931365055030541,48,144,304.0,80.0,4,0.005995068379784266,0.6,checkpoints/mlp_Vc_trial_828_best_state.pt,"{'learning_rate': 0.005995068379784266, 'lr_reduce': 0.6}",TPESampler,COMPLETE
829,0.040571555495262146,2025-04-25 23:54:28.120120,2025-04-25 23:54:40.219016,0 days 00:00:12.098896,0.007363571504927177,32,128,256.0,,3,0.0026612774362004773,0.6,checkpoints/mlp_Vc_trial_829_best_state.pt,"{'learning_rate': 0.0026612774362004773, 'lr_reduce': 0.6}",TPESampler,COMPLETE
830,0.046627532690763474,2025-04-25 23:54:30.116555,2025-04-25 23:54:43.298954,0 days 00:00:13.182399,0.0026382566125898368,64,80,320.0,,3,0.0035008623191498797,0.6,checkpoints/mlp_Vc_trial_830_best_state.pt,"{'learning_rate': 0.0035008623191498797, 'lr_reduce': 0.6}",TPESampler,COMPLETE
831,0.06469948589801788,2025-04-25 23:54:35.778888,2025-04-25 23:54:41.723080,0 days 00:00:05.944192,0.05783489268261515,32,32,320.0,,3,0.005318729511789751,0.6,checkpoints/mlp_Vc_trial_831_best_state.pt,"{'learning_rate': 0.005318729511789751, 'lr_reduce': 0.6}",TPESampler,COMPLETE
832,0.04087885469198227,2025-04-25 23:54:40.528758,2025-04-25 23:54:50.531979,0 days 00:00:10.003221,0.0017820464972882629,32,64,336.0,,3,0.004100862603221044,0.6,checkpoints/mlp_Vc_trial_832_best_state.pt,"{'learning_rate': 0.004100862603221044, 'lr_reduce': 0.6}",TPESampler,COMPLETE
833,0.051627714186906815,2025-04-25 23:54:42.036664,2025-04-25 23:54:55.536074,0 days 00:00:13.499410,0.003642809948574165,32,32,336.0,,3,0.004749394085687484,0.6,checkpoints/mlp_Vc_trial_833_best_state.pt,"{'learning_rate': 0.004749394085687484, 'lr_reduce': 0.6}",TPESampler,COMPLETE
834,0.07671179622411728,2025-04-25 23:54:43.647689,2025-04-25 23:54:53.408099,0 days 00:00:09.760410,0.04882447934501953,112,32,352.0,,3,0.005472566493046576,0.6,checkpoints/mlp_Vc_trial_834_best_state.pt,"{'learning_rate': 0.005472566493046576, 'lr_reduce': 0.6}",TPESampler,COMPLETE
835,0.03399185463786125,2025-04-25 23:54:50.853234,2025-04-25 23:55:01.908589,0 days 00:00:11.055355,0.0034587944822061694,32,32,272.0,32.0,4,0.00328800130069705,0.6,checkpoints/mlp_Vc_trial_835_best_state.pt,"{'learning_rate': 0.00328800130069705, 'lr_reduce': 0.6}",TPESampler,COMPLETE
836,0.11879601329565048,2025-04-25 23:54:53.689426,2025-04-25 23:55:03.895178,0 days 00:00:10.205752,0.182176106361068,304,496,352.0,,3,0.0013568598130544428,0.6,checkpoints/mlp_Vc_trial_836_best_state.pt,"{'learning_rate': 0.0013568598130544428, 'lr_reduce': 0.6}",TPESampler,COMPLETE
837,0.04632970318198204,2025-04-25 23:54:55.822688,2025-04-25 23:55:05.135469,0 days 00:00:09.312781,0.0074072070432512705,32,320,352.0,,3,0.0040664861814495214,0.6,checkpoints/mlp_Vc_trial_837_best_state.pt,"{'learning_rate': 0.0040664861814495214, 'lr_reduce': 0.6}",TPESampler,COMPLETE
838,0.08061889559030533,2025-04-25 23:55:02.217649,2025-04-25 23:55:11.739317,0 days 00:00:09.521668,0.022507409010262935,144,48,240.0,32.0,4,0.002338854430947098,0.6,checkpoints/mlp_Vc_trial_838_best_state.pt,"{'learning_rate': 0.002338854430947098, 'lr_reduce': 0.6}",TPESampler,COMPLETE
839,0.05970731005072594,2025-04-25 23:55:04.228891,2025-04-25 23:55:15.809293,0 days 00:00:11.580402,0.003252641489153652,64,48,208.0,32.0,4,0.0023760753057519633,0.6,checkpoints/mlp_Vc_trial_839_best_state.pt,"{'learning_rate': 0.0023760753057519633, 'lr_reduce': 0.6}",TPESampler,COMPLETE
840,0.05124567076563835,2025-04-25 23:55:05.454679,2025-04-25 23:55:22.134884,0 days 00:00:16.680205,0.02658569675769834,64,112,240.0,80.0,4,0.0008339481612294425,0.6,checkpoints/mlp_Vc_trial_840_best_state.pt,"{'learning_rate': 0.0008339481612294425, 'lr_reduce': 0.6}",TPESampler,COMPLETE
841,0.05820183828473091,2025-04-25 23:55:12.142235,2025-04-25 23:55:29.063050,0 days 00:00:16.920815,0.004404074162369231,32,80,256.0,32.0,4,0.0013062407719111797,0.6,checkpoints/mlp_Vc_trial_841_best_state.pt,"{'learning_rate': 0.0013062407719111797, 'lr_reduce': 0.6}",TPESampler,COMPLETE
842,0.06645137816667557,2025-04-25 23:55:16.159224,2025-04-25 23:55:24.436549,0 days 00:00:08.277325,0.0494578726773124,32,32,272.0,96.0,4,0.004605756339550677,0.6,checkpoints/mlp_Vc_trial_842_best_state.pt,"{'learning_rate': 0.004605756339550677, 'lr_reduce': 0.6}",TPESampler,COMPLETE
843,0.060137853026390076,2025-04-25 23:55:22.438272,2025-04-25 23:55:30.838539,0 days 00:00:08.400267,0.049604834534793835,48,48,272.0,112.0,4,0.004764415362234506,0.6,checkpoints/mlp_Vc_trial_843_best_state.pt,"{'learning_rate': 0.004764415362234506, 'lr_reduce': 0.6}",TPESampler,COMPLETE
844,0.046978529542684555,2025-04-25 23:55:24.726543,2025-04-25 23:55:35.225285,0 days 00:00:10.498742,0.010322415195922956,32,256,192.0,32.0,4,0.009832397128167013,0.6,checkpoints/mlp_Vc_trial_844_best_state.pt,"{'learning_rate': 0.009832397128167013, 'lr_reduce': 0.6}",TPESampler,COMPLETE
845,0.057098209857940674,2025-04-25 23:55:29.362410,2025-04-25 23:55:37.305919,0 days 00:00:07.943509,0.030876757313420006,48,32,272.0,112.0,4,0.006308131304962678,0.6,checkpoints/mlp_Vc_trial_845_best_state.pt,"{'learning_rate': 0.006308131304962678, 'lr_reduce': 0.6}",TPESampler,COMPLETE
846,0.08033833652734756,2025-04-25 23:55:31.168267,2025-04-25 23:55:40.996807,0 days 00:00:09.828540,0.0894453712688921,96,32,256.0,32.0,4,0.003311890785080832,0.6,checkpoints/mlp_Vc_trial_846_best_state.pt,"{'learning_rate': 0.003311890785080832, 'lr_reduce': 0.6}",TPESampler,COMPLETE
847,0.06351812183856964,2025-04-25 23:55:35.487020,2025-04-25 23:55:44.094137,0 days 00:00:08.607117,0.028552380318735443,80,48,272.0,144.0,4,0.002620476370536583,0.6,checkpoints/mlp_Vc_trial_847_best_state.pt,"{'learning_rate': 0.002620476370536583, 'lr_reduce': 0.6}",TPESampler,COMPLETE
848,0.04231635853648186,2025-04-25 23:55:37.642537,2025-04-25 23:55:47.706141,0 days 00:00:10.063604,0.027249171576186674,32,112,304.0,96.0,4,0.00332664851353319,0.6,checkpoints/mlp_Vc_trial_848_best_state.pt,"{'learning_rate': 0.00332664851353319, 'lr_reduce': 0.6}",TPESampler,COMPLETE
849,0.04397527500987053,2025-04-25 23:55:41.375395,2025-04-25 23:55:50.742227,0 days 00:00:09.366832,0.007229573804619118,64,32,304.0,32.0,4,0.0025576878254064024,0.6,checkpoints/mlp_Vc_trial_849_best_state.pt,"{'learning_rate': 0.0025576878254064024, 'lr_reduce': 0.6}",TPESampler,COMPLETE
850,0.11263246089220047,2025-04-25 23:55:44.353433,2025-04-25 23:56:04.803147,0 days 00:00:20.449714,0.27355193391408167,64,496,,,2,0.0007190410978459278,0.6,checkpoints/mlp_Vc_trial_850_best_state.pt,"{'learning_rate': 0.0007190410978459278, 'lr_reduce': 0.6}",TPESampler,COMPLETE
851,0.041574567556381226,2025-04-25 23:55:48.028781,2025-04-25 23:55:58.808066,0 days 00:00:10.779285,2.7592811168038016e-05,48,128,208.0,160.0,4,0.006615693519497671,0.6,checkpoints/mlp_Vc_trial_851_best_state.pt,"{'learning_rate': 0.006615693519497671, 'lr_reduce': 0.6}",TPESampler,COMPLETE
852,0.04466191679239273,2025-04-25 23:55:51.053719,2025-04-25 23:55:59.250513,0 days 00:00:08.196794,0.02040344052035175,32,32,320.0,,3,0.008237598555297841,0.6,checkpoints/mlp_Vc_trial_852_best_state.pt,"{'learning_rate': 0.008237598555297841, 'lr_reduce': 0.6}",TPESampler,COMPLETE
853,0.04603957012295723,2025-04-25 23:55:59.165913,2025-04-25 23:56:09.739105,0 days 00:00:10.573192,0.0031510360457619366,96,48,256.0,112.0,4,0.003979480187899446,0.6,checkpoints/mlp_Vc_trial_853_best_state.pt,"{'learning_rate': 0.003979480187899446, 'lr_reduce': 0.6}",TPESampler,COMPLETE
854,0.07279510051012039,2025-04-25 23:55:59.735472,2025-04-25 23:56:17.450807,0 days 00:00:17.715335,0.05186522376672864,32,160,320.0,,3,0.0009467115037154441,0.6,checkpoints/mlp_Vc_trial_854_best_state.pt,"{'learning_rate': 0.0009467115037154441, 'lr_reduce': 0.6}",TPESampler,COMPLETE
855,0.09414121508598328,2025-04-25 23:56:05.121400,2025-04-25 23:56:19.862775,0 days 00:00:14.741375,0.0055212147812688525,176,160,320.0,,3,0.0006308195278571731,0.6,checkpoints/mlp_Vc_trial_855_best_state.pt,"{'learning_rate': 0.0006308195278571731, 'lr_reduce': 0.6}",TPESampler,COMPLETE
856,0.06562028080224991,2025-04-25 23:56:10.046664,2025-04-25 23:56:17.971035,0 days 00:00:07.924371,0.01153618538648581,144,32,336.0,,3,0.005491450816239238,0.6,checkpoints/mlp_Vc_trial_856_best_state.pt,"{'learning_rate': 0.005491450816239238, 'lr_reduce': 0.6}",TPESampler,COMPLETE
857,0.16941386461257935,2025-04-25 23:56:17.741929,2025-04-25 23:57:38.841056,0 days 00:01:21.099127,0.2954269709750977,256,208,,,2,0.00011270281747604606,0.6,checkpoints/mlp_Vc_trial_857_best_state.pt,"{'learning_rate': 0.00011270281747604606, 'lr_reduce': 0.6}",TPESampler,COMPLETE
858,0.03908771276473999,2025-04-25 23:56:18.272198,2025-04-25 23:56:30.231003,0 days 00:00:11.958805,0.01372565126578408,32,96,352.0,32.0,4,0.003739462584807117,0.6,checkpoints/mlp_Vc_trial_858_best_state.pt,"{'learning_rate': 0.003739462584807117, 'lr_reduce': 0.6}",TPESampler,COMPLETE
859,0.05136428400874138,2025-04-25 23:56:20.179965,2025-04-25 23:56:32.599839,0 days 00:00:12.419874,0.0036811673002685457,48,32,272.0,,3,0.00550638676923025,0.6,checkpoints/mlp_Vc_trial_859_best_state.pt,"{'learning_rate': 0.00550638676923025, 'lr_reduce': 0.6}",TPESampler,COMPLETE
860,0.059737980365753174,2025-04-25 23:56:30.588246,2025-04-25 23:56:38.060673,0 days 00:00:07.472427,0.04452300102159548,48,32,352.0,,3,0.009560944142724613,0.6,checkpoints/mlp_Vc_trial_860_best_state.pt,"{'learning_rate': 0.009560944142724613, 'lr_reduce': 0.6}",TPESampler,COMPLETE
861,0.06694869697093964,2025-04-25 23:56:33.029000,2025-04-25 23:56:45.306539,0 days 00:00:12.277539,0.0019651154430594467,112,96,368.0,,3,0.002888081882815777,0.6,checkpoints/mlp_Vc_trial_861_best_state.pt,"{'learning_rate': 0.002888081882815777, 'lr_reduce': 0.6}",TPESampler,COMPLETE
862,0.11566910892724991,2025-04-25 23:56:38.417220,2025-04-25 23:56:55.801319,0 days 00:00:17.384099,0.06267636058645722,368,384,304.0,,3,0.008159201890453096,0.6,checkpoints/mlp_Vc_trial_862_best_state.pt,"{'learning_rate': 0.008159201890453096, 'lr_reduce': 0.6}",TPESampler,COMPLETE
863,0.03603357449173927,2025-04-25 23:56:45.648916,2025-04-25 23:56:59.391627,0 days 00:00:13.742711,0.00559484493370708,32,80,368.0,,3,0.0038629037131563317,0.6,checkpoints/mlp_Vc_trial_863_best_state.pt,"{'learning_rate': 0.0038629037131563317, 'lr_reduce': 0.6}",TPESampler,COMPLETE
864,0.04287451133131981,2025-04-25 23:56:56.160766,2025-04-25 23:57:09.726512,0 days 00:00:13.565746,0.0013745358704232997,32,128,,,2,0.006642336315305789,0.6,checkpoints/mlp_Vc_trial_864_best_state.pt,"{'learning_rate': 0.006642336315305789, 'lr_reduce': 0.6}",TPESampler,COMPLETE
865,0.044347040355205536,2025-04-25 23:56:59.749994,2025-04-25 23:57:16.854352,0 days 00:00:17.104358,0.0025239203643970497,48,32,336.0,,3,0.004081105298788322,0.6,checkpoints/mlp_Vc_trial_865_best_state.pt,"{'learning_rate': 0.004081105298788322, 'lr_reduce': 0.6}",TPESampler,COMPLETE
866,0.07289470732212067,2025-04-25 23:57:10.299850,2025-04-25 23:57:31.019496,0 days 00:00:20.719646,0.025508516033322902,32,112,352.0,,3,0.0007689502449529794,0.6,checkpoints/mlp_Vc_trial_866_best_state.pt,"{'learning_rate': 0.0007689502449529794, 'lr_reduce': 0.6}",TPESampler,COMPLETE
867,0.1397578865289688,2025-04-25 23:57:17.271570,2025-04-25 23:57:44.569583,0 days 00:00:27.298013,0.14809404720281188,128,512,304.0,,3,0.007026372750062775,0.6,checkpoints/mlp_Vc_trial_867_best_state.pt,"{'learning_rate': 0.007026372750062775, 'lr_reduce': 0.6}",TPESampler,COMPLETE
868,0.1356842964887619,2025-04-25 23:57:31.355928,2025-04-25 23:57:55.750630,0 days 00:00:24.394702,0.2212880503800027,176,240,,,2,0.000993121192196923,0.6,checkpoints/mlp_Vc_trial_868_best_state.pt,"{'learning_rate': 0.000993121192196923, 'lr_reduce': 0.6}",TPESampler,COMPLETE
869,0.06717642396688461,2025-04-25 23:57:39.179443,2025-04-25 23:57:52.577404,0 days 00:00:13.397961,0.022431474049842467,112,160,352.0,,3,0.004150569648864051,0.6,checkpoints/mlp_Vc_trial_869_best_state.pt,"{'learning_rate': 0.004150569648864051, 'lr_reduce': 0.6}",TPESampler,COMPLETE
870,0.048749279230833054,2025-04-25 23:57:44.932289,2025-04-25 23:57:57.229605,0 days 00:00:12.297316,0.04836549365522093,96,112,368.0,,3,0.004510334441021786,0.6,checkpoints/mlp_Vc_trial_870_best_state.pt,"{'learning_rate': 0.004510334441021786, 'lr_reduce': 0.6}",TPESampler,COMPLETE
871,0.06615176796913147,2025-04-25 23:57:53.024530,2025-04-25 23:58:05.135817,0 days 00:00:12.111287,0.05910916335165775,48,112,304.0,,3,0.0028380715724451258,0.6,checkpoints/mlp_Vc_trial_871_best_state.pt,"{'learning_rate': 0.0028380715724451258, 'lr_reduce': 0.6}",TPESampler,COMPLETE
872,0.04668999835848808,2025-04-25 23:57:56.072989,2025-04-25 23:58:06.456869,0 days 00:00:10.383880,0.0017882464135705733,48,80,240.0,160.0,4,0.004054899067175323,0.6,checkpoints/mlp_Vc_trial_872_best_state.pt,"{'learning_rate': 0.004054899067175323, 'lr_reduce': 0.6}",TPESampler,COMPLETE
873,0.044623102992773056,2025-04-25 23:57:57.504231,2025-04-25 23:58:07.769437,0 days 00:00:10.265206,0.018641073430863617,32,48,368.0,96.0,4,0.002803292008889719,0.6,checkpoints/mlp_Vc_trial_873_best_state.pt,"{'learning_rate': 0.002803292008889719, 'lr_reduce': 0.6}",TPESampler,COMPLETE
874,0.07544636726379395,2025-04-25 23:58:05.440999,2025-04-25 23:58:17.432242,0 days 00:00:11.991243,0.0019166736941636925,128,256,368.0,,3,0.008915274175452128,0.6,checkpoints/mlp_Vc_trial_874_best_state.pt,"{'learning_rate': 0.008915274175452128, 'lr_reduce': 0.6}",TPESampler,COMPLETE
875,0.08940858393907547,2025-04-25 23:58:06.755485,2025-04-25 23:58:16.088553,0 days 00:00:09.333068,0.08497515009668306,32,32,320.0,96.0,4,0.0016777297477695288,0.6,checkpoints/mlp_Vc_trial_875_best_state.pt,"{'learning_rate': 0.0016777297477695288, 'lr_reduce': 0.6}",TPESampler,COMPLETE
876,0.052604373544454575,2025-04-25 23:58:08.080911,2025-04-25 23:58:18.339112,0 days 00:00:10.258201,0.043101036989800286,32,112,368.0,,3,0.002877069269502724,0.6,checkpoints/mlp_Vc_trial_876_best_state.pt,"{'learning_rate': 0.002877069269502724, 'lr_reduce': 0.6}",TPESampler,COMPLETE
877,0.09369365125894547,2025-04-25 23:58:16.439296,2025-04-25 23:58:24.107508,0 days 00:00:07.668212,0.05311669483506995,240,144,288.0,,3,0.003208273212331094,0.6,checkpoints/mlp_Vc_trial_877_best_state.pt,"{'learning_rate': 0.003208273212331094, 'lr_reduce': 0.6}",TPESampler,COMPLETE
878,0.14683100581169128,2025-04-25 23:58:17.715219,2025-04-25 23:58:39.249282,0 days 00:00:21.534063,0.12287286810178011,448,32,368.0,176.0,4,0.0002448654670353001,0.6,checkpoints/mlp_Vc_trial_878_best_state.pt,"{'learning_rate': 0.0002448654670353001, 'lr_reduce': 0.6}",TPESampler,COMPLETE
879,0.03917659819126129,2025-04-25 23:58:18.626759,2025-04-25 23:58:33.593229,0 days 00:00:14.966470,0.00013735780478367748,48,32,320.0,80.0,4,0.002307152841482054,0.6,checkpoints/mlp_Vc_trial_879_best_state.pt,"{'learning_rate': 0.002307152841482054, 'lr_reduce': 0.6}",TPESampler,COMPLETE
880,0.08327407389879227,2025-04-25 23:58:24.451716,2025-04-25 23:58:35.678712,0 days 00:00:11.226996,0.0440502554944525,128,32,368.0,,3,0.003865527075782132,0.6,checkpoints/mlp_Vc_trial_880_best_state.pt,"{'learning_rate': 0.003865527075782132, 'lr_reduce': 0.6}",TPESampler,COMPLETE
881,0.06252279132604599,2025-04-25 23:58:33.956791,2025-04-25 23:58:46.229367,0 days 00:00:12.272576,0.0038298783032543254,128,32,240.0,,3,0.0031961298279045906,0.6,checkpoints/mlp_Vc_trial_881_best_state.pt,"{'learning_rate': 0.0031961298279045906, 'lr_reduce': 0.6}",TPESampler,COMPLETE
882,0.05826937034726143,2025-04-25 23:58:35.979732,2025-04-25 23:58:49.185105,0 days 00:00:13.205373,0.0017684763383804532,144,112,384.0,,3,0.004362585288131036,0.6,checkpoints/mlp_Vc_trial_882_best_state.pt,"{'learning_rate': 0.004362585288131036, 'lr_reduce': 0.6}",TPESampler,COMPLETE
883,0.0698513612151146,2025-04-25 23:58:39.758266,2025-04-25 23:58:51.498671,0 days 00:00:11.740405,0.005123904812201097,160,64,,,2,0.009848490264066825,0.6,checkpoints/mlp_Vc_trial_883_best_state.pt,"{'learning_rate': 0.009848490264066825, 'lr_reduce': 0.6}",TPESampler,COMPLETE
884,0.03269663080573082,2025-04-25 23:58:46.535898,2025-04-25 23:59:02.520359,0 days 00:00:15.984461,0.002089144363555733,32,144,336.0,,3,0.0042164037651394575,0.6,checkpoints/mlp_Vc_trial_884_best_state.pt,"{'learning_rate': 0.0042164037651394575, 'lr_reduce': 0.6}",TPESampler,COMPLETE
885,0.08442612737417221,2025-04-25 23:58:49.462237,2025-04-25 23:59:03.432365,0 days 00:00:13.970128,0.05221509077406343,112,32,,,2,0.00552933518059299,0.6,checkpoints/mlp_Vc_trial_885_best_state.pt,"{'learning_rate': 0.00552933518059299, 'lr_reduce': 0.6}",TPESampler,COMPLETE
886,0.06634102761745453,2025-04-25 23:58:51.796645,2025-04-25 23:59:00.552156,0 days 00:00:08.755511,0.055498567466368526,32,112,,,2,0.004128002006090312,0.6,checkpoints/mlp_Vc_trial_886_best_state.pt,"{'learning_rate': 0.004128002006090312, 'lr_reduce': 0.6}",TPESampler,COMPLETE
887,0.05253380164504051,2025-04-25 23:59:00.999908,2025-04-25 23:59:11.311607,0 days 00:00:10.311699,0.03384098260527617,32,32,384.0,,3,0.0032570094611499103,0.6,checkpoints/mlp_Vc_trial_887_best_state.pt,"{'learning_rate': 0.0032570094611499103, 'lr_reduce': 0.6}",TPESampler,COMPLETE
888,0.09932523220777512,2025-04-25 23:59:02.850287,2025-04-25 23:59:20.998425,0 days 00:00:18.148138,0.00018381085834212477,96,208,,,2,0.0035613878756351487,0.6,checkpoints/mlp_Vc_trial_888_best_state.pt,"{'learning_rate': 0.0035613878756351487, 'lr_reduce': 0.6}",TPESampler,COMPLETE
889,0.06276406347751617,2025-04-25 23:59:03.756371,2025-04-25 23:59:16.062841,0 days 00:00:12.306470,0.02819223967596548,80,192,288.0,,3,0.0028587817734743314,0.6,checkpoints/mlp_Vc_trial_889_best_state.pt,"{'learning_rate': 0.0028587817734743314, 'lr_reduce': 0.6}",TPESampler,COMPLETE
890,0.03997083008289337,2025-04-25 23:59:11.614735,2025-04-25 23:59:25.002687,0 days 00:00:13.387952,0.01828637443076738,32,208,304.0,,3,0.0027055796968686297,0.6,checkpoints/mlp_Vc_trial_890_best_state.pt,"{'learning_rate': 0.0027055796968686297, 'lr_reduce': 0.6}",TPESampler,COMPLETE
891,0.10885234922170639,2025-04-25 23:59:16.372166,2025-04-25 23:59:34.400358,0 days 00:00:18.028192,0.17948147421559446,400,320,304.0,,3,0.00831432482840839,0.6,checkpoints/mlp_Vc_trial_891_best_state.pt,"{'learning_rate': 0.00831432482840839, 'lr_reduce': 0.6}",TPESampler,COMPLETE
892,0.14274677634239197,2025-04-25 23:59:21.285635,2025-04-25 23:59:43.931325,0 days 00:00:22.645690,0.03877505224518431,512,128,320.0,,3,0.0002111076763602184,0.6,checkpoints/mlp_Vc_trial_892_best_state.pt,"{'learning_rate': 0.0002111076763602184, 'lr_reduce': 0.6}",TPESampler,COMPLETE
893,0.14317406713962555,2025-04-25 23:59:25.305460,2025-04-25 23:59:43.580143,0 days 00:00:18.274683,0.026506568961356437,144,144,,,2,0.0013734168834876781,0.6,checkpoints/mlp_Vc_trial_893_best_state.pt,"{'learning_rate': 0.0013734168834876781, 'lr_reduce': 0.6}",TPESampler,COMPLETE
894,0.16699329018592834,2025-04-25 23:59:34.729764,2025-04-26 00:00:06.768765,0 days 00:00:32.039001,0.001794208981405504,448,176,,,2,0.0002423273896385958,0.6,checkpoints/mlp_Vc_trial_894_best_state.pt,"{'learning_rate': 0.0002423273896385958, 'lr_reduce': 0.6}",TPESampler,COMPLETE
895,0.04013939946889877,2025-04-25 23:59:43.935557,2025-04-25 23:59:56.139889,0 days 00:00:12.204332,0.009641219174157056,32,32,272.0,32.0,4,0.005920762484117976,0.6,checkpoints/mlp_Vc_trial_895_best_state.pt,"{'learning_rate': 0.005920762484117976, 'lr_reduce': 0.6}",TPESampler,COMPLETE
896,0.06012462452054024,2025-04-25 23:59:44.321431,2025-04-25 23:59:55.425146,0 days 00:00:11.103715,0.024614799659363328,112,160,336.0,,3,0.005947431255173973,0.6,checkpoints/mlp_Vc_trial_896_best_state.pt,"{'learning_rate': 0.005947431255173973, 'lr_reduce': 0.6}",TPESampler,COMPLETE
897,0.07844580709934235,2025-04-25 23:59:55.755355,2025-04-26 00:00:06.849725,0 days 00:00:11.094370,0.001909813376203258,144,288,192.0,,3,0.003302696994892451,0.6,checkpoints/mlp_Vc_trial_897_best_state.pt,"{'learning_rate': 0.003302696994892451, 'lr_reduce': 0.6}",TPESampler,COMPLETE
898,0.04358651489019394,2025-04-25 23:59:56.544637,2025-04-26 00:00:06.854590,0 days 00:00:10.309953,0.026736639674924016,32,176,336.0,,3,0.0031772489702725044,0.6,checkpoints/mlp_Vc_trial_898_best_state.pt,"{'learning_rate': 0.0031772489702725044, 'lr_reduce': 0.6}",TPESampler,COMPLETE
899,0.04763088375329971,2025-04-26 00:00:07.000629,2025-04-26 00:00:18.684174,0 days 00:00:11.683545,0.026628472950412437,32,176,336.0,,3,0.0038483926750014653,0.6,checkpoints/mlp_Vc_trial_899_best_state.pt,"{'learning_rate': 0.0038483926750014653, 'lr_reduce': 0.6}",TPESampler,COMPLETE
