number,value,datetime_start,datetime_complete,duration,params_final_dropout,params_mlp_dim_00,params_mlp_dim_01,params_mlp_dim_02,params_mlp_dim_03,params_mlp_n_layers,params_train_learning_rate,params_train_lr_reduce,user_attrs_best_state_dict_path,user_attrs_training_params,system_attrs_auto:sampler,state
0,,2025-04-25 16:46:13.613930,2025-04-25 16:46:14.083266,0 days 00:00:00.469336,0.2701583574384436,48,80,,,2,0.0009280498838742325,0.6,,,RandomSampler,FAIL
1,,2025-04-25 16:46:13.629066,2025-04-25 16:46:14.088013,0 days 00:00:00.458947,0.0660293439319925,224,512,432.0,,3,0.0002195491488845299,0.6,,,RandomSampler,FAIL
2,,2025-04-25 16:46:13.696096,2025-04-25 16:46:14.282257,0 days 00:00:00.586161,0.04879471271805639,464,208,496.0,384.0,4,0.005234136275556681,0.6,,,RandomSampler,FAIL
3,,2025-04-25 16:49:24.900661,2025-04-25 16:49:25.394489,0 days 00:00:00.493828,0.19672750334714414,208,256,,,2,0.0002418857616418515,0.6,,,RandomSampler,FAIL
4,,2025-04-25 16:49:24.914271,2025-04-25 16:49:25.412070,0 days 00:00:00.497799,0.0475089402965135,464,496,,,2,0.0004885920597272616,0.6,,,RandomSampler,FAIL
5,,2025-04-25 16:49:24.972099,2025-04-25 16:49:25.515482,0 days 00:00:00.543383,0.09013042423853333,384,384,336.0,,3,0.004971647839637665,0.6,,,RandomSampler,FAIL
6,0.08809211850166321,2025-04-25 16:55:47.417080,2025-04-25 16:55:57.227262,0 days 00:00:09.810182,0.12838299436441084,64,432,128.0,,3,0.007529967522310334,0.6,checkpoints/mlp_Pc_trial_6_best_state.pt,"{'learning_rate': 0.007529967522310334, 'lr_reduce': 0.6}",RandomSampler,COMPLETE
7,0.08462473750114441,2025-04-25 16:55:47.430130,2025-04-25 16:55:55.566564,0 days 00:00:08.136434,0.20725302333549547,256,352,112.0,,3,0.009657478295603554,0.6,checkpoints/mlp_Pc_trial_7_best_state.pt,"{'learning_rate': 0.009657478295603554, 'lr_reduce': 0.6}",RandomSampler,COMPLETE
8,0.08469945192337036,2025-04-25 16:55:47.488674,2025-04-25 16:55:57.228404,0 days 00:00:09.739730,0.0900851695360609,240,272,432.0,,3,0.00732398525969702,0.6,checkpoints/mlp_Pc_trial_8_best_state.pt,"{'learning_rate': 0.00732398525969702, 'lr_reduce': 0.6}",RandomSampler,COMPLETE
9,0.0892491340637207,2025-04-25 16:55:55.771420,2025-04-25 16:56:04.013890,0 days 00:00:08.242470,0.23614319392514047,176,192,,,2,0.004777005977126313,0.6,checkpoints/mlp_Pc_trial_9_best_state.pt,"{'learning_rate': 0.004777005977126313, 'lr_reduce': 0.6}",GPSampler,COMPLETE
10,0.10596390068531036,2025-04-25 16:55:57.406257,2025-04-25 16:56:07.553524,0 days 00:00:10.147267,0.12022614960512423,192,32,,,2,0.002777367561054658,0.6,checkpoints/mlp_Pc_trial_10_best_state.pt,"{'learning_rate': 0.002777367561054658, 'lr_reduce': 0.6}",GPSampler,COMPLETE
11,0.10006390511989594,2025-04-25 16:55:57.527167,2025-04-25 16:56:06.597165,0 days 00:00:09.069998,0.2180187109466268,64,448,480.0,144.0,4,0.005946484626646306,0.6,checkpoints/mlp_Pc_trial_11_best_state.pt,"{'learning_rate': 0.005946484626646306, 'lr_reduce': 0.6}",GPSampler,COMPLETE
12,0.08596409112215042,2025-04-25 16:56:04.215993,2025-04-25 16:56:11.915266,0 days 00:00:07.699273,0.22715438605685287,336,240,,,2,0.009463766699126958,0.6,checkpoints/mlp_Pc_trial_12_best_state.pt,"{'learning_rate': 0.009463766699126958, 'lr_reduce': 0.6}",TPESampler,COMPLETE
13,0.11029224842786789,2025-04-25 16:56:06.841809,2025-04-25 16:56:32.494925,0 days 00:00:25.653116,0.033677050491501846,304,144,,,2,0.0002888769304557441,0.6,checkpoints/mlp_Pc_trial_13_best_state.pt,"{'learning_rate': 0.0002888769304557441, 'lr_reduce': 0.6}",TPESampler,COMPLETE
14,0.08295676112174988,2025-04-25 16:56:07.811982,2025-04-25 16:56:17.110759,0 days 00:00:09.298777,0.12398117630039301,64,400,,,2,0.004057970743627167,0.6,checkpoints/mlp_Pc_trial_14_best_state.pt,"{'learning_rate': 0.004057970743627167, 'lr_reduce': 0.6}",TPESampler,COMPLETE
15,0.11691173166036606,2025-04-25 16:56:12.133055,2025-04-25 16:56:21.720904,0 days 00:00:09.587849,0.22818852790960203,80,144,512.0,,3,0.0019828784909608093,0.6,checkpoints/mlp_Pc_trial_15_best_state.pt,"{'learning_rate': 0.0019828784909608093, 'lr_reduce': 0.6}",TPESampler,COMPLETE
16,0.14224489033222198,2025-04-25 16:56:17.353049,2025-04-25 16:57:03.510535,0 days 00:00:46.157486,0.22535609146741087,416,384,,,2,0.0002553547529951992,0.6,checkpoints/mlp_Pc_trial_16_best_state.pt,"{'learning_rate': 0.0002553547529951992, 'lr_reduce': 0.6}",TPESampler,COMPLETE
17,0.15551108121871948,2025-04-25 16:56:21.969800,2025-04-25 16:56:46.813908,0 days 00:00:24.844108,0.14357121720355934,64,288,128.0,,3,0.00022821656072586442,0.6,checkpoints/mlp_Pc_trial_17_best_state.pt,"{'learning_rate': 0.00022821656072586442, 'lr_reduce': 0.6}",TPESampler,COMPLETE
18,0.09433308243751526,2025-04-25 16:56:32.757483,2025-04-25 16:56:44.017580,0 days 00:00:11.260097,0.04786544785763078,32,464,,,2,0.001490345972857951,0.6,checkpoints/mlp_Pc_trial_18_best_state.pt,"{'learning_rate': 0.001490345972857951, 'lr_reduce': 0.6}",TPESampler,COMPLETE
19,0.07989232987165451,2025-04-25 16:56:44.422793,2025-04-25 16:56:55.765354,0 days 00:00:11.342561,0.25582125748956297,304,448,272.0,,3,0.005360461120411752,0.6,checkpoints/mlp_Pc_trial_19_best_state.pt,"{'learning_rate': 0.005360461120411752, 'lr_reduce': 0.6}",TPESampler,COMPLETE
20,0.09888553619384766,2025-04-25 16:56:47.097117,2025-04-25 16:56:59.737257,0 days 00:00:12.640140,0.19580615468468493,112,464,,,2,0.0006916687361084675,0.6,checkpoints/mlp_Pc_trial_20_best_state.pt,"{'learning_rate': 0.0006916687361084675, 'lr_reduce': 0.6}",TPESampler,COMPLETE
21,0.08662307262420654,2025-04-25 16:56:55.963167,2025-04-25 16:57:06.262745,0 days 00:00:10.299578,0.11237890085473684,288,496,288.0,,3,0.001397895053920872,0.6,checkpoints/mlp_Pc_trial_21_best_state.pt,"{'learning_rate': 0.001397895053920872, 'lr_reduce': 0.6}",TPESampler,COMPLETE
22,0.09075617045164108,2025-04-25 16:56:59.956866,2025-04-25 16:57:08.227643,0 days 00:00:08.270777,0.28309619699621574,224,512,272.0,,3,0.0034342904059086903,0.6,checkpoints/mlp_Pc_trial_22_best_state.pt,"{'learning_rate': 0.0034342904059086903, 'lr_reduce': 0.6}",TPESampler,COMPLETE
23,0.08235453069210052,2025-04-25 16:57:03.734273,2025-04-25 16:57:16.698264,0 days 00:00:12.963991,0.020600795105201172,64,240,336.0,,3,0.0012879102391729334,0.6,checkpoints/mlp_Pc_trial_23_best_state.pt,"{'learning_rate': 0.0012879102391729334, 'lr_reduce': 0.6}",TPESampler,COMPLETE
24,0.0831691324710846,2025-04-25 16:57:06.490652,2025-04-25 16:57:16.699753,0 days 00:00:10.209101,0.05501689472204514,48,320,,,2,0.007455356401867975,0.6,checkpoints/mlp_Pc_trial_24_best_state.pt,"{'learning_rate': 0.007455356401867975, 'lr_reduce': 0.6}",TPESampler,COMPLETE
25,0.10672977566719055,2025-04-25 16:57:08.444022,2025-04-25 16:57:20.692509,0 days 00:00:12.248487,0.21401698196321342,464,352,32.0,512.0,4,0.00813606691232696,0.6,checkpoints/mlp_Pc_trial_25_best_state.pt,"{'learning_rate': 0.00813606691232696, 'lr_reduce': 0.6}",TPESampler,COMPLETE
26,0.07099752128124237,2025-04-25 16:57:16.871903,2025-04-25 16:57:30.690472,0 days 00:00:13.818569,0.001985083288077852,80,272,352.0,,3,0.0011203201063234851,0.6,checkpoints/mlp_Pc_trial_26_best_state.pt,"{'learning_rate': 0.0011203201063234851, 'lr_reduce': 0.6}",TPESampler,COMPLETE
27,0.06867052614688873,2025-04-25 16:57:16.933384,2025-04-25 16:57:32.132886,0 days 00:00:15.199502,0.008665191403084787,32,192,336.0,,3,0.0008561127010602484,0.6,checkpoints/mlp_Pc_trial_27_best_state.pt,"{'learning_rate': 0.0008561127010602484, 'lr_reduce': 0.6}",TPESampler,COMPLETE
28,0.08045535534620285,2025-04-25 16:57:20.944427,2025-04-25 16:57:36.373621,0 days 00:00:15.429194,0.27612970343280074,464,480,224.0,,3,0.005948216305610205,0.6,checkpoints/mlp_Pc_trial_28_best_state.pt,"{'learning_rate': 0.005948216305610205, 'lr_reduce': 0.6}",TPESampler,COMPLETE
29,0.08299125730991364,2025-04-25 16:57:30.894941,2025-04-25 16:57:41.514122,0 days 00:00:10.619181,0.06668678160059216,144,288,336.0,48.0,4,0.0007152547629765919,0.6,checkpoints/mlp_Pc_trial_29_best_state.pt,"{'learning_rate': 0.0007152547629765919, 'lr_reduce': 0.6}",TPESampler,COMPLETE
30,0.0825318992137909,2025-04-25 16:57:32.356452,2025-04-25 16:57:42.691373,0 days 00:00:10.334921,0.029920165766650002,128,96,368.0,,3,0.0008666306198781074,0.6,checkpoints/mlp_Pc_trial_30_best_state.pt,"{'learning_rate': 0.0008666306198781074, 'lr_reduce': 0.6}",TPESampler,COMPLETE
31,0.08903174102306366,2025-04-25 16:57:36.642456,2025-04-25 16:58:06.541195,0 days 00:00:29.898739,0.0008109599650268206,160,256,256.0,,3,0.00020933498858792258,0.6,checkpoints/mlp_Pc_trial_31_best_state.pt,"{'learning_rate': 0.00020933498858792258, 'lr_reduce': 0.6}",TPESampler,COMPLETE
32,0.12512466311454773,2025-04-25 16:57:41.747537,2025-04-25 16:58:30.186660,0 days 00:00:48.439123,0.10899911185332395,32,128,,,2,0.0002652987021317188,0.6,checkpoints/mlp_Pc_trial_32_best_state.pt,"{'learning_rate': 0.0002652987021317188, 'lr_reduce': 0.6}",TPESampler,COMPLETE
33,0.07357972860336304,2025-04-25 16:57:42.912786,2025-04-25 16:57:55.799667,0 days 00:00:12.886881,0.02044762900140496,96,128,384.0,288.0,4,0.0038770176806360015,0.6,checkpoints/mlp_Pc_trial_33_best_state.pt,"{'learning_rate': 0.0038770176806360015, 'lr_reduce': 0.6}",TPESampler,COMPLETE
34,0.09082049876451492,2025-04-25 16:57:56.113856,2025-04-25 16:58:06.830553,0 days 00:00:10.716697,0.033775028969959084,128,144,400.0,304.0,4,0.002609251200872342,0.6,checkpoints/mlp_Pc_trial_34_best_state.pt,"{'learning_rate': 0.002609251200872342, 'lr_reduce': 0.6}",TPESampler,COMPLETE
35,0.08165322244167328,2025-04-25 16:58:06.743721,2025-04-25 16:58:12.694918,0 days 00:00:05.951197,0.0331808265456348,208,32,400.0,320.0,4,0.009541941095985669,0.6,checkpoints/mlp_Pc_trial_35_best_state.pt,"{'learning_rate': 0.009541941095985669, 'lr_reduce': 0.6}",TPESampler,COMPLETE
36,0.09176208078861237,2025-04-25 16:58:07.143087,2025-04-25 16:58:21.384060,0 days 00:00:14.240973,0.007849650682134217,144,224,,,2,0.0006557324974878078,0.6,checkpoints/mlp_Pc_trial_36_best_state.pt,"{'learning_rate': 0.0006557324974878078, 'lr_reduce': 0.6}",TPESampler,COMPLETE
37,0.07344648241996765,2025-04-25 16:58:12.974982,2025-04-25 16:58:24.173990,0 days 00:00:11.199008,0.007012425050925032,368,256,368.0,,3,0.0013123292032062813,0.6,checkpoints/mlp_Pc_trial_37_best_state.pt,"{'learning_rate': 0.0013123292032062813, 'lr_reduce': 0.6}",TPESampler,COMPLETE
38,0.08241664618253708,2025-04-25 16:58:21.649186,2025-04-25 16:58:30.984296,0 days 00:00:09.335110,0.0296556810090882,32,336,384.0,240.0,4,0.004782276594374899,0.6,checkpoints/mlp_Pc_trial_38_best_state.pt,"{'learning_rate': 0.004782276594374899, 'lr_reduce': 0.6}",TPESampler,COMPLETE
39,0.07566756010055542,2025-04-25 16:58:24.543790,2025-04-25 16:58:34.965826,0 days 00:00:10.422036,0.018343938690419444,384,240,368.0,,3,0.0015576624895340765,0.6,checkpoints/mlp_Pc_trial_39_best_state.pt,"{'learning_rate': 0.0015576624895340765, 'lr_reduce': 0.6}",TPESampler,COMPLETE
40,0.07404301315546036,2025-04-25 16:58:30.429687,2025-04-25 16:58:44.705223,0 days 00:00:14.275536,0.023150065528689836,496,384,352.0,,3,0.0013285267485816832,0.6,checkpoints/mlp_Pc_trial_40_best_state.pt,"{'learning_rate': 0.0013285267485816832, 'lr_reduce': 0.6}",TPESampler,COMPLETE
41,0.08757121115922928,2025-04-25 16:58:31.211692,2025-04-25 16:58:42.881452,0 days 00:00:11.669760,0.006997329837871425,32,80,,,2,0.0020974956908808703,0.6,checkpoints/mlp_Pc_trial_41_best_state.pt,"{'learning_rate': 0.0020974956908808703, 'lr_reduce': 0.6}",TPESampler,COMPLETE
42,0.11011196672916412,2025-04-25 16:58:35.206068,2025-04-25 16:58:53.132848,0 days 00:00:17.926780,0.1385532955822174,416,192,368.0,,3,0.0003401263108098039,0.6,checkpoints/mlp_Pc_trial_42_best_state.pt,"{'learning_rate': 0.0003401263108098039, 'lr_reduce': 0.6}",TPESampler,COMPLETE
43,0.0807090774178505,2025-04-25 16:58:43.108881,2025-04-25 16:59:01.239482,0 days 00:00:18.130601,0.001559356835647253,64,320,336.0,,3,0.0006435141448108573,0.6,checkpoints/mlp_Pc_trial_43_best_state.pt,"{'learning_rate': 0.0006435141448108573, 'lr_reduce': 0.6}",TPESampler,COMPLETE
44,0.0692223459482193,2025-04-25 16:58:44.972342,2025-04-25 16:58:54.263791,0 days 00:00:09.291449,0.03572148662073152,80,128,432.0,400.0,4,0.007548767757932057,0.6,checkpoints/mlp_Pc_trial_44_best_state.pt,"{'learning_rate': 0.007548767757932057, 'lr_reduce': 0.6}",TPESampler,COMPLETE
45,0.06594216823577881,2025-04-25 16:58:53.352909,2025-04-25 16:59:03.906805,0 days 00:00:10.553896,0.011874705118304584,160,352,336.0,,3,0.0040489251709010035,0.6,checkpoints/mlp_Pc_trial_45_best_state.pt,"{'learning_rate': 0.0040489251709010035, 'lr_reduce': 0.6}",TPESampler,COMPLETE
46,0.09107363969087601,2025-04-25 16:58:54.495758,2025-04-25 16:59:03.361921,0 days 00:00:08.866163,0.08204660648676557,48,64,480.0,432.0,4,0.006516754381135424,0.6,checkpoints/mlp_Pc_trial_46_best_state.pt,"{'learning_rate': 0.006516754381135424, 'lr_reduce': 0.6}",TPESampler,COMPLETE
47,0.10194476693868637,2025-04-25 16:59:01.486704,2025-04-25 16:59:17.441226,0 days 00:00:15.954522,0.05503139585729297,48,128,448.0,416.0,4,0.0003208664197244841,0.6,checkpoints/mlp_Pc_trial_47_best_state.pt,"{'learning_rate': 0.0003208664197244841, 'lr_reduce': 0.6}",TPESampler,COMPLETE
48,0.07495858520269394,2025-04-25 16:59:03.567524,2025-04-25 16:59:21.925509,0 days 00:00:18.357985,0.013947158892205344,272,416,320.0,,3,0.0005451362366654662,0.6,checkpoints/mlp_Pc_trial_48_best_state.pt,"{'learning_rate': 0.0005451362366654662, 'lr_reduce': 0.6}",TPESampler,COMPLETE
49,0.08177956938743591,2025-04-25 16:59:04.174356,2025-04-25 16:59:16.012397,0 days 00:00:11.838041,0.027145736956916803,144,224,336.0,,3,0.0030722203702698,0.6,checkpoints/mlp_Pc_trial_49_best_state.pt,"{'learning_rate': 0.0030722203702698, 'lr_reduce': 0.6}",TPESampler,COMPLETE
50,0.07741636037826538,2025-04-25 16:59:16.268508,2025-04-25 16:59:28.104768,0 days 00:00:11.836260,0.02762483484522829,256,384,,,2,0.0062237851465447155,0.6,checkpoints/mlp_Pc_trial_50_best_state.pt,"{'learning_rate': 0.0062237851465447155, 'lr_reduce': 0.6}",TPESampler,COMPLETE
51,0.07258112728595734,2025-04-25 16:59:17.687243,2025-04-25 16:59:33.751892,0 days 00:00:16.064649,0.09797461875556367,176,416,400.0,,3,0.007274913154251531,0.6,checkpoints/mlp_Pc_trial_51_best_state.pt,"{'learning_rate': 0.007274913154251531, 'lr_reduce': 0.6}",TPESampler,COMPLETE
52,0.07761170715093613,2025-04-25 16:59:22.184855,2025-04-25 16:59:31.979436,0 days 00:00:09.794581,0.003663260412592002,336,416,320.0,512.0,4,0.004889294308476118,0.6,checkpoints/mlp_Pc_trial_52_best_state.pt,"{'learning_rate': 0.004889294308476118, 'lr_reduce': 0.6}",TPESampler,COMPLETE
53,0.08287687599658966,2025-04-25 16:59:28.397085,2025-04-25 16:59:40.013763,0 days 00:00:11.616678,0.06724251940874071,256,320,416.0,,3,0.0014199850845579751,0.6,checkpoints/mlp_Pc_trial_53_best_state.pt,"{'learning_rate': 0.0014199850845579751, 'lr_reduce': 0.6}",TPESampler,COMPLETE
54,0.17678236961364746,2025-04-25 16:59:32.215215,2025-04-25 16:59:42.780328,0 days 00:00:10.565113,0.2662324063735766,304,128,416.0,192.0,4,0.0007344304194045455,0.6,checkpoints/mlp_Pc_trial_54_best_state.pt,"{'learning_rate': 0.0007344304194045455, 'lr_reduce': 0.6}",TPESampler,COMPLETE
55,0.07901440560817719,2025-04-25 16:59:33.970364,2025-04-25 16:59:45.163026,0 days 00:00:11.192662,0.10593705800784986,240,368,448.0,,3,0.0041643155080316775,0.6,checkpoints/mlp_Pc_trial_55_best_state.pt,"{'learning_rate': 0.0041643155080316775, 'lr_reduce': 0.6}",TPESampler,COMPLETE
56,0.07605744898319244,2025-04-25 16:59:40.252234,2025-04-25 16:59:49.692745,0 days 00:00:09.440511,0.11762600662330346,112,432,448.0,,3,0.0065668625860483415,0.6,checkpoints/mlp_Pc_trial_56_best_state.pt,"{'learning_rate': 0.0065668625860483415, 'lr_reduce': 0.6}",TPESampler,COMPLETE
57,0.06532011181116104,2025-04-25 16:59:43.182606,2025-04-25 16:59:55.576303,0 days 00:00:12.393697,0.02072657413404473,48,320,416.0,,3,0.0021199305805582546,0.6,checkpoints/mlp_Pc_trial_57_best_state.pt,"{'learning_rate': 0.0021199305805582546, 'lr_reduce': 0.6}",TPESampler,COMPLETE
58,0.07234829664230347,2025-04-25 16:59:45.396057,2025-04-25 16:59:54.057212,0 days 00:00:08.661155,0.003502411773038186,208,384,288.0,,3,0.009948404287528521,0.6,checkpoints/mlp_Pc_trial_58_best_state.pt,"{'learning_rate': 0.009948404287528521, 'lr_reduce': 0.6}",TPESampler,COMPLETE
59,0.08167435973882675,2025-04-25 16:59:49.915457,2025-04-25 17:00:02.224917,0 days 00:00:12.309460,0.004378857366624798,416,128,368.0,,3,0.0009189329600547841,0.6,checkpoints/mlp_Pc_trial_59_best_state.pt,"{'learning_rate': 0.0009189329600547841, 'lr_reduce': 0.6}",TPESampler,COMPLETE
60,0.08202101290225983,2025-04-25 16:59:54.283991,2025-04-25 17:00:08.098656,0 days 00:00:13.814665,0.03740818226077142,192,400,224.0,,3,0.008422100384955998,0.6,checkpoints/mlp_Pc_trial_60_best_state.pt,"{'learning_rate': 0.008422100384955998, 'lr_reduce': 0.6}",TPESampler,COMPLETE
61,0.07635371387004852,2025-04-25 16:59:55.827129,2025-04-25 17:00:05.426595,0 days 00:00:09.599466,0.015439229494768383,112,352,288.0,,3,0.003482552123748996,0.6,checkpoints/mlp_Pc_trial_61_best_state.pt,"{'learning_rate': 0.003482552123748996, 'lr_reduce': 0.6}",TPESampler,COMPLETE
62,0.07919880002737045,2025-04-25 17:00:02.474607,2025-04-25 17:00:11.217906,0 days 00:00:08.743299,0.02137308863948058,272,336,272.0,,3,0.009331627834838077,0.6,checkpoints/mlp_Pc_trial_62_best_state.pt,"{'learning_rate': 0.009331627834838077, 'lr_reduce': 0.6}",TPESampler,COMPLETE
63,0.10873319953680038,2025-04-25 17:00:05.658244,2025-04-25 17:00:15.824343,0 days 00:00:10.166099,0.13811190095588377,32,240,144.0,,3,0.0020828624159044315,0.6,checkpoints/mlp_Pc_trial_63_best_state.pt,"{'learning_rate': 0.0020828624159044315, 'lr_reduce': 0.6}",TPESampler,COMPLETE
64,0.0736977756023407,2025-04-25 17:00:08.385049,2025-04-25 17:00:19.866783,0 days 00:00:11.481734,0.09143929238792353,112,192,272.0,384.0,4,0.00866002134195498,0.6,checkpoints/mlp_Pc_trial_64_best_state.pt,"{'learning_rate': 0.00866002134195498, 'lr_reduce': 0.6}",TPESampler,COMPLETE
65,0.07502512633800507,2025-04-25 17:00:11.450375,2025-04-25 17:00:33.161902,0 days 00:00:21.711527,0.024949495908152954,48,144,512.0,,3,0.0004577624017481061,0.6,checkpoints/mlp_Pc_trial_65_best_state.pt,"{'learning_rate': 0.0004577624017481061, 'lr_reduce': 0.6}",TPESampler,COMPLETE
66,0.07982570677995682,2025-04-25 17:00:16.219907,2025-04-25 17:00:23.947019,0 days 00:00:07.727112,0.019303545930629242,80,176,304.0,,3,0.008410566030791036,0.6,checkpoints/mlp_Pc_trial_66_best_state.pt,"{'learning_rate': 0.008410566030791036, 'lr_reduce': 0.6}",TPESampler,COMPLETE
67,0.07256099581718445,2025-04-25 17:00:20.146663,2025-04-25 17:00:32.069027,0 days 00:00:11.922364,0.013603258267682362,32,256,304.0,,3,0.001413579899026117,0.6,checkpoints/mlp_Pc_trial_67_best_state.pt,"{'learning_rate': 0.001413579899026117, 'lr_reduce': 0.6}",TPESampler,COMPLETE
68,0.09654393047094345,2025-04-25 17:00:24.194935,2025-04-25 17:00:33.907194,0 days 00:00:09.712259,0.0011647815512470377,32,64,432.0,384.0,4,0.00953123393375326,0.6,checkpoints/mlp_Pc_trial_68_best_state.pt,"{'learning_rate': 0.00953123393375326, 'lr_reduce': 0.6}",TPESampler,COMPLETE
69,0.07003180682659149,2025-04-25 17:00:32.296263,2025-04-25 17:00:43.325233,0 days 00:00:11.028970,0.018296122731956663,32,288,288.0,,3,0.0015100383183369063,0.6,checkpoints/mlp_Pc_trial_69_best_state.pt,"{'learning_rate': 0.0015100383183369063, 'lr_reduce': 0.6}",TPESampler,COMPLETE
70,0.08466588705778122,2025-04-25 17:00:33.532699,2025-04-25 17:00:48.362824,0 days 00:00:14.830125,0.01097154065943619,32,208,304.0,,3,0.0009942669133548654,0.6,checkpoints/mlp_Pc_trial_70_best_state.pt,"{'learning_rate': 0.0009942669133548654, 'lr_reduce': 0.6}",TPESampler,COMPLETE
71,0.23411887884140015,2025-04-25 17:00:34.180444,2025-04-25 17:01:09.432830,0 days 00:00:35.252386,0.2710510342376302,480,208,304.0,128.0,4,0.00020864760406047136,0.6,checkpoints/mlp_Pc_trial_71_best_state.pt,"{'learning_rate': 0.00020864760406047136, 'lr_reduce': 0.6}",TPESampler,COMPLETE
72,0.07764661312103271,2025-04-25 17:00:43.575665,2025-04-25 17:00:59.174930,0 days 00:00:15.599265,0.06536082496787454,80,384,208.0,,3,0.002782394368102012,0.6,checkpoints/mlp_Pc_trial_72_best_state.pt,"{'learning_rate': 0.002782394368102012, 'lr_reduce': 0.6}",TPESampler,COMPLETE
73,0.1695467084646225,2025-04-25 17:00:48.621740,2025-04-25 17:01:19.153833,0 days 00:00:30.532093,0.114359144820365,400,512,,,2,0.00016467617982096188,0.6,checkpoints/mlp_Pc_trial_73_best_state.pt,"{'learning_rate': 0.00016467617982096188, 'lr_reduce': 0.6}",TPESampler,COMPLETE
74,0.07658126950263977,2025-04-25 17:00:59.597909,2025-04-25 17:01:10.397274,0 days 00:00:10.799365,0.013471543917705208,160,304,256.0,,3,0.0022893102954846542,0.6,checkpoints/mlp_Pc_trial_74_best_state.pt,"{'learning_rate': 0.0022893102954846542, 'lr_reduce': 0.6}",TPESampler,COMPLETE
75,0.14710980653762817,2025-04-25 17:01:09.712210,2025-04-25 17:01:34.366287,0 days 00:00:24.654077,0.2531713923390642,464,128,,,2,0.0002847915504760844,0.6,checkpoints/mlp_Pc_trial_75_best_state.pt,"{'learning_rate': 0.0002847915504760844, 'lr_reduce': 0.6}",TPESampler,COMPLETE
76,0.08799523860216141,2025-04-25 17:01:10.663794,2025-04-25 17:01:19.117269,0 days 00:00:08.453475,0.0033294547333570877,208,352,336.0,256.0,4,0.007604726846527172,0.6,checkpoints/mlp_Pc_trial_76_best_state.pt,"{'learning_rate': 0.007604726846527172, 'lr_reduce': 0.6}",TPESampler,COMPLETE
