number,value,datetime_start,datetime_complete,duration,params_final_dropout,params_mlp_dim_00,params_mlp_dim_01,params_mlp_dim_02,params_mlp_dim_03,params_mlp_n_layers,params_train_learning_rate,params_train_lr_reduce,user_attrs_best_state_dict_path,user_attrs_training_params,system_attrs_auto:sampler,state
2083,0.08366645872592926,2025-04-25 19:18:28.410857,2025-04-25 19:18:36.224386,0 days 00:00:07.813529,0.009871138262944494,32,320,304.0,64.0,4,0.007812693438377951,0.6,checkpoints/mlp_Pc_trial_2083_best_state.pt,"{'learning_rate': 0.007812693438377951, 'lr_reduce': 0.6}",TPESampler,COMPLETE
2084,0.08154947310686111,2025-04-25 19:18:31.605062,2025-04-25 19:18:44.591867,0 days 00:00:12.986805,0.05025021057969939,32,272,336.0,112.0,4,0.008567154590807475,0.6,checkpoints/mlp_Pc_trial_2084_best_state.pt,"{'learning_rate': 0.008567154590807475, 'lr_reduce': 0.6}",TPESampler,COMPLETE
2085,0.07132593542337418,2025-04-25 19:18:36.536990,2025-04-25 19:18:49.371055,0 days 00:00:12.834065,0.08764785019977112,64,240,304.0,64.0,4,0.00886866704502384,0.6,checkpoints/mlp_Pc_trial_2085_best_state.pt,"{'learning_rate': 0.00886866704502384, 'lr_reduce': 0.6}",TPESampler,COMPLETE
2086,0.12113413959741592,2025-04-25 19:18:37.262434,2025-04-25 19:18:45.497818,0 days 00:00:08.235384,0.29865677345233166,480,144,304.0,96.0,4,0.00619282474194679,0.6,checkpoints/mlp_Pc_trial_2086_best_state.pt,"{'learning_rate': 0.00619282474194679, 'lr_reduce': 0.6}",TPESampler,COMPLETE
2087,0.08230369538068771,2025-04-25 19:18:45.031867,2025-04-25 19:18:57.579769,0 days 00:00:12.547902,0.027983035716414813,32,304,304.0,112.0,4,0.008108938997368934,0.6,checkpoints/mlp_Pc_trial_2087_best_state.pt,"{'learning_rate': 0.008108938997368934, 'lr_reduce': 0.6}",TPESampler,COMPLETE
2088,0.07969395071268082,2025-04-25 19:18:45.861623,2025-04-25 19:19:00.032052,0 days 00:00:14.170429,0.07196001831254116,48,320,352.0,,3,0.00992201907003063,0.6,checkpoints/mlp_Pc_trial_2088_best_state.pt,"{'learning_rate': 0.00992201907003063, 'lr_reduce': 0.6}",TPESampler,COMPLETE
2089,0.07969409227371216,2025-04-25 19:18:49.653838,2025-04-25 19:18:57.945798,0 days 00:00:08.291960,0.013703020538860657,32,256,336.0,80.0,4,0.008778663086233178,0.6,checkpoints/mlp_Pc_trial_2089_best_state.pt,"{'learning_rate': 0.008778663086233178, 'lr_reduce': 0.6}",TPESampler,COMPLETE
2090,0.08599203824996948,2025-04-25 19:18:57.870247,2025-04-25 19:19:07.408576,0 days 00:00:09.538329,0.05175494239855575,128,416,288.0,64.0,4,0.004748543056901478,0.6,checkpoints/mlp_Pc_trial_2090_best_state.pt,"{'learning_rate': 0.004748543056901478, 'lr_reduce': 0.6}",TPESampler,COMPLETE
2091,0.061349041759967804,2025-04-25 19:18:58.287320,2025-04-25 19:19:08.149820,0 days 00:00:09.862500,0.00419455653522279,32,240,288.0,112.0,4,0.005807884960814344,0.6,checkpoints/mlp_Pc_trial_2091_best_state.pt,"{'learning_rate': 0.005807884960814344, 'lr_reduce': 0.6}",TPESampler,COMPLETE
2092,0.08507503569126129,2025-04-25 19:19:00.443752,2025-04-25 19:19:11.591514,0 days 00:00:11.147762,0.09666075497822717,32,288,336.0,32.0,4,0.009015272605735857,0.6,checkpoints/mlp_Pc_trial_2092_best_state.pt,"{'learning_rate': 0.009015272605735857, 'lr_reduce': 0.6}",TPESampler,COMPLETE
2093,0.07168572396039963,2025-04-25 19:19:07.888416,2025-04-25 19:19:19.138436,0 days 00:00:11.250020,0.022875771086802943,32,368,336.0,112.0,4,0.0047714082938911506,0.6,checkpoints/mlp_Pc_trial_2093_best_state.pt,"{'learning_rate': 0.0047714082938911506, 'lr_reduce': 0.6}",TPESampler,COMPLETE
2094,0.07156586647033691,2025-04-25 19:19:08.466998,2025-04-25 19:19:16.377121,0 days 00:00:07.910123,0.03056605958132359,48,352,336.0,112.0,4,0.0074364500097197596,0.6,checkpoints/mlp_Pc_trial_2094_best_state.pt,"{'learning_rate': 0.0074364500097197596, 'lr_reduce': 0.6}",TPESampler,COMPLETE
2095,0.07591190934181213,2025-04-25 19:19:11.924665,2025-04-25 19:19:24.357071,0 days 00:00:12.432406,0.010307728984042332,64,288,304.0,64.0,4,0.0024992816638239835,0.6,checkpoints/mlp_Pc_trial_2095_best_state.pt,"{'learning_rate': 0.0024992816638239835, 'lr_reduce': 0.6}",TPESampler,COMPLETE
2096,0.06797414273023605,2025-04-25 19:19:16.643381,2025-04-25 19:19:29.934044,0 days 00:00:13.290663,0.03995423131484603,112,272,304.0,112.0,4,0.0037406158156483484,0.6,checkpoints/mlp_Pc_trial_2096_best_state.pt,"{'learning_rate': 0.0037406158156483484, 'lr_reduce': 0.6}",TPESampler,COMPLETE
2097,0.10598315298557281,2025-04-25 19:19:19.491500,2025-04-25 19:19:41.587691,0 days 00:00:22.096191,0.09952457106662069,480,192,288.0,,3,0.00020958007144868004,0.6,checkpoints/mlp_Pc_trial_2097_best_state.pt,"{'learning_rate': 0.00020958007144868004, 'lr_reduce': 0.6}",TPESampler,COMPLETE
2098,0.07823611795902252,2025-04-25 19:19:24.753831,2025-04-25 19:19:34.428118,0 days 00:00:09.674287,0.04977741245413182,112,288,336.0,64.0,4,0.004162908039988787,0.6,checkpoints/mlp_Pc_trial_2098_best_state.pt,"{'learning_rate': 0.004162908039988787, 'lr_reduce': 0.6}",TPESampler,COMPLETE
2099,0.08066922426223755,2025-04-25 19:19:30.246762,2025-04-25 19:19:38.381126,0 days 00:00:08.134364,0.0034993154515210764,112,256,352.0,112.0,4,0.005563759063685826,0.6,checkpoints/mlp_Pc_trial_2099_best_state.pt,"{'learning_rate': 0.005563759063685826, 'lr_reduce': 0.6}",TPESampler,COMPLETE
2100,0.07424525171518326,2025-04-25 19:19:34.765295,2025-04-25 19:19:49.854296,0 days 00:00:15.089001,0.09808609160264753,112,336,288.0,32.0,4,0.008551911512241469,0.6,checkpoints/mlp_Pc_trial_2100_best_state.pt,"{'learning_rate': 0.008551911512241469, 'lr_reduce': 0.6}",TPESampler,COMPLETE
2101,0.07891900837421417,2025-04-25 19:19:38.731357,2025-04-25 19:19:48.462086,0 days 00:00:09.730729,0.00230628566806719,80,336,288.0,112.0,4,0.003458981108756928,0.6,checkpoints/mlp_Pc_trial_2101_best_state.pt,"{'learning_rate': 0.003458981108756928, 'lr_reduce': 0.6}",TPESampler,COMPLETE
2102,0.06622283160686493,2025-04-25 19:19:41.908197,2025-04-25 19:19:56.334472,0 days 00:00:14.426275,0.013001053698887854,32,240,352.0,64.0,4,0.003021533923059873,0.6,checkpoints/mlp_Pc_trial_2102_best_state.pt,"{'learning_rate': 0.003021533923059873, 'lr_reduce': 0.6}",TPESampler,COMPLETE
2103,0.08209188282489777,2025-04-25 19:19:48.808091,2025-04-25 19:19:58.941956,0 days 00:00:10.133865,0.031897093501736744,128,320,288.0,112.0,4,0.004383453433446492,0.6,checkpoints/mlp_Pc_trial_2103_best_state.pt,"{'learning_rate': 0.004383453433446492, 'lr_reduce': 0.6}",TPESampler,COMPLETE
2104,0.07878182828426361,2025-04-25 19:19:50.219256,2025-04-25 19:20:01.961318,0 days 00:00:11.742062,0.06800591573720759,208,288,352.0,64.0,4,0.009559925475753298,0.6,checkpoints/mlp_Pc_trial_2104_best_state.pt,"{'learning_rate': 0.009559925475753298, 'lr_reduce': 0.6}",TPESampler,COMPLETE
2105,0.07473934441804886,2025-04-25 19:19:56.629802,2025-04-25 19:20:07.055883,0 days 00:00:10.426081,0.005241928368720471,32,240,256.0,128.0,4,0.004239513273820382,0.6,checkpoints/mlp_Pc_trial_2105_best_state.pt,"{'learning_rate': 0.004239513273820382, 'lr_reduce': 0.6}",TPESampler,COMPLETE
2106,0.08370719105005264,2025-04-25 19:19:59.268613,2025-04-25 19:20:11.798216,0 days 00:00:12.529603,0.058603544222547974,48,288,304.0,112.0,4,0.0036978604583468152,0.6,checkpoints/mlp_Pc_trial_2106_best_state.pt,"{'learning_rate': 0.0036978604583468152, 'lr_reduce': 0.6}",TPESampler,COMPLETE
2107,0.07742489129304886,2025-04-25 19:20:02.248274,2025-04-25 19:20:10.933321,0 days 00:00:08.685047,0.022521559492159556,80,240,256.0,64.0,4,0.0058528131890560045,0.6,checkpoints/mlp_Pc_trial_2107_best_state.pt,"{'learning_rate': 0.0058528131890560045, 'lr_reduce': 0.6}",TPESampler,COMPLETE
2108,0.08410200476646423,2025-04-25 19:20:07.412267,2025-04-25 19:20:17.303034,0 days 00:00:09.890767,0.017547631598480724,224,304,176.0,32.0,4,0.009504643326490633,0.6,checkpoints/mlp_Pc_trial_2108_best_state.pt,"{'learning_rate': 0.009504643326490633, 'lr_reduce': 0.6}",TPESampler,COMPLETE
2109,0.06847496330738068,2025-04-25 19:20:11.419390,2025-04-25 19:20:21.643996,0 days 00:00:10.224606,0.0009688879000390622,80,384,352.0,128.0,4,0.008128692513026432,0.6,checkpoints/mlp_Pc_trial_2109_best_state.pt,"{'learning_rate': 0.008128692513026432, 'lr_reduce': 0.6}",TPESampler,COMPLETE
2110,0.08137326687574387,2025-04-25 19:20:12.118039,2025-04-25 19:20:22.440362,0 days 00:00:10.322323,0.05261354285019038,464,192,304.0,96.0,4,0.0037091939539009846,0.6,checkpoints/mlp_Pc_trial_2110_best_state.pt,"{'learning_rate': 0.0037091939539009846, 'lr_reduce': 0.6}",TPESampler,COMPLETE
2111,0.07597947865724564,2025-04-25 19:20:17.660995,2025-04-25 19:20:31.892046,0 days 00:00:14.231051,0.035060948195847715,80,240,224.0,,3,0.004227715099900124,0.6,checkpoints/mlp_Pc_trial_2111_best_state.pt,"{'learning_rate': 0.004227715099900124, 'lr_reduce': 0.6}",TPESampler,COMPLETE
2112,0.07891862839460373,2025-04-25 19:20:22.013838,2025-04-25 19:20:34.263172,0 days 00:00:12.249334,0.04114315463672184,112,272,272.0,128.0,4,0.005161742695842656,0.6,checkpoints/mlp_Pc_trial_2112_best_state.pt,"{'learning_rate': 0.005161742695842656, 'lr_reduce': 0.6}",TPESampler,COMPLETE
2113,0.07754547148942947,2025-04-25 19:20:22.820785,2025-04-25 19:20:30.825926,0 days 00:00:08.005141,0.01412187943921174,96,448,336.0,,3,0.006090277127914871,0.6,checkpoints/mlp_Pc_trial_2113_best_state.pt,"{'learning_rate': 0.006090277127914871, 'lr_reduce': 0.6}",TPESampler,COMPLETE
2114,0.08615561574697495,2025-04-25 19:20:31.149710,2025-04-25 19:20:40.642227,0 days 00:00:09.492517,0.0640126671160533,32,288,224.0,,3,0.00420398540037842,0.6,checkpoints/mlp_Pc_trial_2114_best_state.pt,"{'learning_rate': 0.00420398540037842, 'lr_reduce': 0.6}",TPESampler,COMPLETE
2115,0.07263417541980743,2025-04-25 19:20:32.248151,2025-04-25 19:20:43.154034,0 days 00:00:10.905883,0.037260872112617326,144,320,288.0,80.0,4,0.009999697825570183,0.6,checkpoints/mlp_Pc_trial_2115_best_state.pt,"{'learning_rate': 0.009999697825570183, 'lr_reduce': 0.6}",TPESampler,COMPLETE
2116,0.08691401034593582,2025-04-25 19:20:34.648990,2025-04-25 19:20:46.261907,0 days 00:00:11.612917,0.17979773411781805,512,352,352.0,144.0,4,0.005669771016820421,0.6,checkpoints/mlp_Pc_trial_2116_best_state.pt,"{'learning_rate': 0.005669771016820421, 'lr_reduce': 0.6}",TPESampler,COMPLETE
2117,0.08261489868164062,2025-04-25 19:20:40.973159,2025-04-25 19:20:52.085667,0 days 00:00:11.112508,0.04694449727966217,416,256,,,2,0.002219351099398245,0.6,checkpoints/mlp_Pc_trial_2117_best_state.pt,"{'learning_rate': 0.002219351099398245, 'lr_reduce': 0.6}",TPESampler,COMPLETE
2118,0.09154921770095825,2025-04-25 19:20:43.492633,2025-04-25 19:20:55.407231,0 days 00:00:11.914598,0.08447508410614107,128,432,256.0,64.0,4,0.0008929030843006369,0.6,checkpoints/mlp_Pc_trial_2118_best_state.pt,"{'learning_rate': 0.0008929030843006369, 'lr_reduce': 0.6}",TPESampler,COMPLETE
2119,0.08059469610452652,2025-04-25 19:20:46.611645,2025-04-25 19:20:58.039946,0 days 00:00:11.428301,0.009006963804492802,32,304,304.0,144.0,4,0.005002712534119429,0.6,checkpoints/mlp_Pc_trial_2119_best_state.pt,"{'learning_rate': 0.005002712534119429, 'lr_reduce': 0.6}",TPESampler,COMPLETE
2120,0.0720704048871994,2025-04-25 19:20:52.397616,2025-04-25 19:21:03.137857,0 days 00:00:10.740241,0.00069367152686102,64,336,176.0,,3,0.004968750542696489,0.6,checkpoints/mlp_Pc_trial_2120_best_state.pt,"{'learning_rate': 0.004968750542696489, 'lr_reduce': 0.6}",TPESampler,COMPLETE
2121,0.0708826556801796,2025-04-25 19:20:55.711761,2025-04-25 19:21:07.541433,0 days 00:00:11.829672,0.010591068687355978,64,208,240.0,,3,0.001907609220884667,0.6,checkpoints/mlp_Pc_trial_2121_best_state.pt,"{'learning_rate': 0.001907609220884667, 'lr_reduce': 0.6}",TPESampler,COMPLETE
2122,0.06937229633331299,2025-04-25 19:20:58.327328,2025-04-25 19:21:07.306651,0 days 00:00:08.979323,0.017920460464087608,32,304,320.0,512.0,4,0.005870093602528908,0.6,checkpoints/mlp_Pc_trial_2122_best_state.pt,"{'learning_rate': 0.005870093602528908, 'lr_reduce': 0.6}",TPESampler,COMPLETE
2123,0.08509919047355652,2025-04-25 19:21:03.459638,2025-04-25 19:21:14.531781,0 days 00:00:11.072143,0.08411728404511436,48,320,272.0,32.0,4,0.009811736353989102,0.6,checkpoints/mlp_Pc_trial_2123_best_state.pt,"{'learning_rate': 0.009811736353989102, 'lr_reduce': 0.6}",TPESampler,COMPLETE
2124,0.08528143912553787,2025-04-25 19:21:07.591159,2025-04-25 19:21:15.928954,0 days 00:00:08.337795,0.04805470182848165,112,304,208.0,96.0,4,0.00920833824413036,0.6,checkpoints/mlp_Pc_trial_2124_best_state.pt,"{'learning_rate': 0.00920833824413036, 'lr_reduce': 0.6}",TPESampler,COMPLETE
2125,0.08205902576446533,2025-04-25 19:21:07.892754,2025-04-25 19:21:19.928995,0 days 00:00:12.036241,0.030181755739041846,32,256,352.0,96.0,4,0.004175924283118264,0.6,checkpoints/mlp_Pc_trial_2125_best_state.pt,"{'learning_rate': 0.004175924283118264, 'lr_reduce': 0.6}",TPESampler,COMPLETE
2126,0.0786692276597023,2025-04-25 19:21:15.044184,2025-04-25 19:21:25.088606,0 days 00:00:10.044422,0.029735235589209638,48,240,304.0,144.0,4,0.008387427238256329,0.6,checkpoints/mlp_Pc_trial_2126_best_state.pt,"{'learning_rate': 0.008387427238256329, 'lr_reduce': 0.6}",TPESampler,COMPLETE
2127,0.08327904343605042,2025-04-25 19:21:16.344755,2025-04-25 19:21:26.010552,0 days 00:00:09.665797,0.0011723755115917237,256,320,240.0,,3,0.008507677881742129,0.6,checkpoints/mlp_Pc_trial_2127_best_state.pt,"{'learning_rate': 0.008507677881742129, 'lr_reduce': 0.6}",TPESampler,COMPLETE
2128,0.0763574093580246,2025-04-25 19:21:20.276446,2025-04-25 19:21:31.656328,0 days 00:00:11.379882,0.05370402934354876,32,320,272.0,64.0,4,0.009209902781224778,0.6,checkpoints/mlp_Pc_trial_2128_best_state.pt,"{'learning_rate': 0.009209902781224778, 'lr_reduce': 0.6}",TPESampler,COMPLETE
2129,0.08242721110582352,2025-04-25 19:21:25.428652,2025-04-25 19:21:35.120859,0 days 00:00:09.692207,0.005808146317909393,128,256,352.0,144.0,4,0.004600139523714162,0.6,checkpoints/mlp_Pc_trial_2129_best_state.pt,"{'learning_rate': 0.004600139523714162, 'lr_reduce': 0.6}",TPESampler,COMPLETE
2130,0.07299366593360901,2025-04-25 19:21:26.337884,2025-04-25 19:21:36.634072,0 days 00:00:10.296188,0.06189377717886557,48,368,128.0,96.0,4,0.003062710426894709,0.6,checkpoints/mlp_Pc_trial_2130_best_state.pt,"{'learning_rate': 0.003062710426894709, 'lr_reduce': 0.6}",TPESampler,COMPLETE
2131,0.07432080805301666,2025-04-25 19:21:32.000246,2025-04-25 19:21:51.086623,0 days 00:00:19.086377,0.015562866426531673,48,288,304.0,32.0,4,0.008954297636997673,0.6,checkpoints/mlp_Pc_trial_2131_best_state.pt,"{'learning_rate': 0.008954297636997673, 'lr_reduce': 0.6}",TPESampler,COMPLETE
2132,0.08244363218545914,2025-04-25 19:21:35.437346,2025-04-25 19:21:44.460854,0 days 00:00:09.023508,0.0014717836309735854,112,432,192.0,160.0,4,0.0040225934096473955,0.6,checkpoints/mlp_Pc_trial_2132_best_state.pt,"{'learning_rate': 0.0040225934096473955, 'lr_reduce': 0.6}",TPESampler,COMPLETE
2133,0.09227829426527023,2025-04-25 19:21:37.006311,2025-04-25 19:21:54.935192,0 days 00:00:17.928881,0.0045182251575677235,480,496,,,2,0.0006249967759146872,0.6,checkpoints/mlp_Pc_trial_2133_best_state.pt,"{'learning_rate': 0.0006249967759146872, 'lr_reduce': 0.6}",TPESampler,COMPLETE
2134,0.08653576672077179,2025-04-25 19:21:44.805404,2025-04-25 19:22:08.065823,0 days 00:00:23.260419,0.08256611811844239,32,224,256.0,96.0,4,0.004857744281281484,0.6,checkpoints/mlp_Pc_trial_2134_best_state.pt,"{'learning_rate': 0.004857744281281484, 'lr_reduce': 0.6}",TPESampler,COMPLETE
2135,0.11706478893756866,2025-04-25 19:21:51.417944,2025-04-25 19:22:10.586695,0 days 00:00:19.168751,0.12733781246128972,32,400,352.0,64.0,4,0.00779496523745172,0.6,checkpoints/mlp_Pc_trial_2135_best_state.pt,"{'learning_rate': 0.00779496523745172, 'lr_reduce': 0.6}",TPESampler,COMPLETE
2136,0.07581376284360886,2025-04-25 19:21:55.268713,2025-04-25 19:22:15.584161,0 days 00:00:20.315448,0.0005000670197632985,80,96,,,2,0.008720198135670957,0.6,checkpoints/mlp_Pc_trial_2136_best_state.pt,"{'learning_rate': 0.008720198135670957, 'lr_reduce': 0.6}",TPESampler,COMPLETE
2137,0.07872200012207031,2025-04-25 19:22:08.369723,2025-04-25 19:22:26.004807,0 days 00:00:17.635084,0.010631229421432768,240,432,304.0,144.0,4,0.00046680117134110394,0.6,checkpoints/mlp_Pc_trial_2137_best_state.pt,"{'learning_rate': 0.00046680117134110394, 'lr_reduce': 0.6}",TPESampler,COMPLETE
2138,0.07028421759605408,2025-04-25 19:22:10.986937,2025-04-25 19:22:24.971448,0 days 00:00:13.984511,0.043535879043432486,32,256,224.0,112.0,4,0.0037352620555338558,0.6,checkpoints/mlp_Pc_trial_2138_best_state.pt,"{'learning_rate': 0.0037352620555338558, 'lr_reduce': 0.6}",TPESampler,COMPLETE
2139,0.07547641545534134,2025-04-25 19:22:15.938404,2025-04-25 19:22:28.045657,0 days 00:00:12.107253,0.14138787266281544,64,224,272.0,,3,0.00760285698649815,0.6,checkpoints/mlp_Pc_trial_2139_best_state.pt,"{'learning_rate': 0.00760285698649815, 'lr_reduce': 0.6}",TPESampler,COMPLETE
2140,0.07082091271877289,2025-04-25 19:22:25.370550,2025-04-25 19:22:37.496965,0 days 00:00:12.126415,0.06631167626500009,96,128,320.0,,3,0.005476482522420169,0.6,checkpoints/mlp_Pc_trial_2140_best_state.pt,"{'learning_rate': 0.005476482522420169, 'lr_reduce': 0.6}",TPESampler,COMPLETE
2141,0.07513823360204697,2025-04-25 19:22:26.342659,2025-04-25 19:22:35.101951,0 days 00:00:08.759292,0.041263647612525725,80,192,208.0,64.0,4,0.005124246952920167,0.6,checkpoints/mlp_Pc_trial_2141_best_state.pt,"{'learning_rate': 0.005124246952920167, 'lr_reduce': 0.6}",TPESampler,COMPLETE
2142,0.09110566228628159,2025-04-25 19:22:28.372827,2025-04-25 19:22:37.913504,0 days 00:00:09.540677,0.07527338549186523,384,176,256.0,,3,0.008774459643045325,0.6,checkpoints/mlp_Pc_trial_2142_best_state.pt,"{'learning_rate': 0.008774459643045325, 'lr_reduce': 0.6}",TPESampler,COMPLETE
2143,0.06630314886569977,2025-04-25 19:22:35.431453,2025-04-25 19:22:46.145743,0 days 00:00:10.714290,0.007182004104512713,32,240,368.0,160.0,4,0.004568135606815807,0.6,checkpoints/mlp_Pc_trial_2143_best_state.pt,"{'learning_rate': 0.004568135606815807, 'lr_reduce': 0.6}",TPESampler,COMPLETE
2144,0.062405336648225784,2025-04-25 19:22:37.788143,2025-04-25 19:22:54.076662,0 days 00:00:16.288519,0.07748756209450257,32,400,304.0,,3,0.007468246013961769,0.6,checkpoints/mlp_Pc_trial_2144_best_state.pt,"{'learning_rate': 0.007468246013961769, 'lr_reduce': 0.6}",TPESampler,COMPLETE
2145,0.06987844407558441,2025-04-25 19:22:38.271155,2025-04-25 19:22:52.120365,0 days 00:00:13.849210,0.045656582709573956,32,128,272.0,,3,0.009792474605552102,0.6,checkpoints/mlp_Pc_trial_2145_best_state.pt,"{'learning_rate': 0.009792474605552102, 'lr_reduce': 0.6}",TPESampler,COMPLETE
2146,0.06915471702814102,2025-04-25 19:22:46.618098,2025-04-25 19:23:04.069733,0 days 00:00:17.451635,0.006547714299130156,64,160,,,2,0.00399345307933243,0.6,checkpoints/mlp_Pc_trial_2146_best_state.pt,"{'learning_rate': 0.00399345307933243, 'lr_reduce': 0.6}",TPESampler,COMPLETE
2147,0.09663762897253036,2025-04-25 19:22:52.544625,2025-04-25 19:23:13.734784,0 days 00:00:21.190159,0.11728606993182725,480,176,352.0,112.0,4,0.00032287778110710104,0.6,checkpoints/mlp_Pc_trial_2147_best_state.pt,"{'learning_rate': 0.00032287778110710104, 'lr_reduce': 0.6}",TPESampler,COMPLETE
2148,0.0800163671374321,2025-04-25 19:22:54.665548,2025-04-25 19:23:08.147590,0 days 00:00:13.482042,0.02511241920805199,48,368,256.0,,3,0.005983360443217978,0.6,checkpoints/mlp_Pc_trial_2148_best_state.pt,"{'learning_rate': 0.005983360443217978, 'lr_reduce': 0.6}",TPESampler,COMPLETE
2149,0.08571800589561462,2025-04-25 19:23:04.428815,2025-04-25 19:23:15.969621,0 days 00:00:11.540806,0.05924930726781823,64,336,288.0,,3,0.00457618005173677,0.6,checkpoints/mlp_Pc_trial_2149_best_state.pt,"{'learning_rate': 0.00457618005173677, 'lr_reduce': 0.6}",TPESampler,COMPLETE
2150,0.0962178036570549,2025-04-25 19:23:08.489255,2025-04-25 19:23:25.174487,0 days 00:00:16.685232,0.12299209305274417,128,464,240.0,,3,0.001494444523907351,0.6,checkpoints/mlp_Pc_trial_2150_best_state.pt,"{'learning_rate': 0.001494444523907351, 'lr_reduce': 0.6}",TPESampler,COMPLETE
2151,0.07510551065206528,2025-04-25 19:23:14.201013,2025-04-25 19:23:25.810135,0 days 00:00:11.609122,0.0005013654547093957,256,432,272.0,160.0,4,0.0016579872976167308,0.6,checkpoints/mlp_Pc_trial_2151_best_state.pt,"{'learning_rate': 0.0016579872976167308, 'lr_reduce': 0.6}",TPESampler,COMPLETE
2152,0.0884065181016922,2025-04-25 19:23:16.357356,2025-04-25 19:23:24.304810,0 days 00:00:07.947454,0.13981887119962913,32,464,208.0,,3,0.005610598943189616,0.6,checkpoints/mlp_Pc_trial_2152_best_state.pt,"{'learning_rate': 0.005610598943189616, 'lr_reduce': 0.6}",TPESampler,COMPLETE
2153,0.06880638003349304,2025-04-25 19:23:24.612126,2025-04-25 19:23:34.897095,0 days 00:00:10.284969,0.10969461453834034,144,384,272.0,,3,0.006983523831858784,0.6,checkpoints/mlp_Pc_trial_2153_best_state.pt,"{'learning_rate': 0.006983523831858784, 'lr_reduce': 0.6}",TPESampler,COMPLETE
2154,0.07795429229736328,2025-04-25 19:23:25.454018,2025-04-25 19:23:35.395772,0 days 00:00:09.941754,0.007233980764109402,48,432,160.0,,3,0.006650663349471603,0.6,checkpoints/mlp_Pc_trial_2154_best_state.pt,"{'learning_rate': 0.006650663349471603, 'lr_reduce': 0.6}",TPESampler,COMPLETE
2155,0.09003748744726181,2025-04-25 19:23:26.143385,2025-04-25 19:23:36.412121,0 days 00:00:10.268736,0.047100682152904666,96,432,288.0,,3,0.009483168965168771,0.6,checkpoints/mlp_Pc_trial_2155_best_state.pt,"{'learning_rate': 0.009483168965168771, 'lr_reduce': 0.6}",TPESampler,COMPLETE
2156,0.0724131315946579,2025-04-25 19:23:35.191077,2025-04-25 19:23:46.585164,0 days 00:00:11.394087,0.0014424746656017066,160,496,240.0,,3,0.0019260216197885616,0.6,checkpoints/mlp_Pc_trial_2156_best_state.pt,"{'learning_rate': 0.0019260216197885616, 'lr_reduce': 0.6}",TPESampler,COMPLETE
