number,value,datetime_start,datetime_complete,duration,params_final_dropout,params_mlp_dim_00,params_mlp_dim_01,params_mlp_dim_02,params_mlp_dim_03,params_mlp_n_layers,params_train_learning_rate,params_train_lr_reduce,user_attrs_best_state_dict_path,user_attrs_training_params,system_attrs_auto:sampler,state
821,0.07213898003101349,2025-04-25 17:53:44.365575,2025-04-25 17:53:55.484338,0 days 00:00:11.118763,0.03879775240037222,160,32,400.0,32.0,4,0.002950718716716093,0.6,checkpoints/mlp_Pc_trial_821_best_state.pt,"{'learning_rate': 0.002950718716716093, 'lr_reduce': 0.6}",TPESampler,COMPLETE
822,0.07487502694129944,2025-04-25 17:53:49.633102,2025-04-25 17:53:57.130704,0 days 00:00:07.497602,0.06122705360331369,64,112,336.0,80.0,4,0.007421450398933944,0.6,checkpoints/mlp_Pc_trial_822_best_state.pt,"{'learning_rate': 0.007421450398933944, 'lr_reduce': 0.6}",TPESampler,COMPLETE
823,0.09731639176607132,2025-04-25 17:53:49.848441,2025-04-25 17:53:59.690694,0 days 00:00:09.842253,0.1627221651602241,128,240,400.0,224.0,4,0.0013771340202405665,0.6,checkpoints/mlp_Pc_trial_823_best_state.pt,"{'learning_rate': 0.0013771340202405665, 'lr_reduce': 0.6}",TPESampler,COMPLETE
824,0.06349124759435654,2025-04-25 17:53:55.736415,2025-04-25 17:54:06.499690,0 days 00:00:10.763275,0.030691425676677354,32,144,288.0,80.0,4,0.006249657435156772,0.6,checkpoints/mlp_Pc_trial_824_best_state.pt,"{'learning_rate': 0.006249657435156772, 'lr_reduce': 0.6}",TPESampler,COMPLETE
825,0.1353255808353424,2025-04-25 17:53:57.510045,2025-04-25 17:54:08.943633,0 days 00:00:11.433588,0.18559632479945967,48,464,352.0,,3,0.0006193205370261344,0.6,checkpoints/mlp_Pc_trial_825_best_state.pt,"{'learning_rate': 0.0006193205370261344, 'lr_reduce': 0.6}",TPESampler,COMPLETE
826,0.07845950871706009,2025-04-25 17:53:59.964481,2025-04-25 17:54:13.118390,0 days 00:00:13.153909,0.07161988106985198,64,144,400.0,32.0,4,0.0012685075001598299,0.6,checkpoints/mlp_Pc_trial_826_best_state.pt,"{'learning_rate': 0.0012685075001598299, 'lr_reduce': 0.6}",TPESampler,COMPLETE
827,0.06568364799022675,2025-04-25 17:54:06.781010,2025-04-25 17:54:15.236008,0 days 00:00:08.454998,0.06816860473386667,144,160,256.0,64.0,4,0.008546739954675097,0.6,checkpoints/mlp_Pc_trial_827_best_state.pt,"{'learning_rate': 0.008546739954675097, 'lr_reduce': 0.6}",TPESampler,COMPLETE
828,0.0804048478603363,2025-04-25 17:54:09.202766,2025-04-25 17:54:18.400578,0 days 00:00:09.197812,0.046126540695154705,32,128,240.0,80.0,4,0.004437605103783153,0.6,checkpoints/mlp_Pc_trial_828_best_state.pt,"{'learning_rate': 0.004437605103783153, 'lr_reduce': 0.6}",TPESampler,COMPLETE
829,0.08438463509082794,2025-04-25 17:54:13.380677,2025-04-25 17:54:26.652140,0 days 00:00:13.271463,0.046985330025330244,32,112,192.0,80.0,4,0.001942086168512125,0.6,checkpoints/mlp_Pc_trial_829_best_state.pt,"{'learning_rate': 0.001942086168512125, 'lr_reduce': 0.6}",TPESampler,COMPLETE
830,0.07856529951095581,2025-04-25 17:54:15.549418,2025-04-25 17:54:23.707399,0 days 00:00:08.157981,0.07985354513507482,176,192,256.0,,3,0.007266151853789911,0.6,checkpoints/mlp_Pc_trial_830_best_state.pt,"{'learning_rate': 0.007266151853789911, 'lr_reduce': 0.6}",TPESampler,COMPLETE
831,0.08263462781906128,2025-04-25 17:54:18.657960,2025-04-25 17:54:28.408548,0 days 00:00:09.750588,0.08578032174759695,64,112,224.0,80.0,4,0.009713440601858716,0.6,checkpoints/mlp_Pc_trial_831_best_state.pt,"{'learning_rate': 0.009713440601858716, 'lr_reduce': 0.6}",TPESampler,COMPLETE
832,0.08144748955965042,2025-04-25 17:54:23.962002,2025-04-25 17:54:32.438035,0 days 00:00:08.476033,0.04737805111031138,208,144,288.0,64.0,4,0.0030491719555878114,0.6,checkpoints/mlp_Pc_trial_832_best_state.pt,"{'learning_rate': 0.0030491719555878114, 'lr_reduce': 0.6}",TPESampler,COMPLETE
833,0.09258297830820084,2025-04-25 17:54:26.905203,2025-04-25 17:54:36.518788,0 days 00:00:09.613585,0.09830099328441566,128,144,192.0,80.0,4,0.0073357569824475605,0.6,checkpoints/mlp_Pc_trial_833_best_state.pt,"{'learning_rate': 0.0073357569824475605, 'lr_reduce': 0.6}",TPESampler,COMPLETE
834,0.072206050157547,2025-04-25 17:54:28.644605,2025-04-25 17:54:40.530927,0 days 00:00:11.886322,0.04281953012425174,80,144,224.0,64.0,4,0.006586598039541521,0.6,checkpoints/mlp_Pc_trial_834_best_state.pt,"{'learning_rate': 0.006586598039541521, 'lr_reduce': 0.6}",TPESampler,COMPLETE
835,0.08165887743234634,2025-04-25 17:54:32.710211,2025-04-25 17:54:42.028000,0 days 00:00:09.317789,0.045815438265445256,112,208,272.0,80.0,4,0.006236519218305546,0.6,checkpoints/mlp_Pc_trial_835_best_state.pt,"{'learning_rate': 0.006236519218305546, 'lr_reduce': 0.6}",TPESampler,COMPLETE
836,0.0792587473988533,2025-04-25 17:54:36.811856,2025-04-25 17:54:45.256827,0 days 00:00:08.444971,0.15217693841235327,176,176,256.0,32.0,4,0.008147526800762332,0.6,checkpoints/mlp_Pc_trial_836_best_state.pt,"{'learning_rate': 0.008147526800762332, 'lr_reduce': 0.6}",TPESampler,COMPLETE
837,0.08979746699333191,2025-04-25 17:54:40.781837,2025-04-25 17:54:50.738137,0 days 00:00:09.956300,0.12327333725135202,112,112,208.0,80.0,4,0.003469335493785941,0.6,checkpoints/mlp_Pc_trial_837_best_state.pt,"{'learning_rate': 0.003469335493785941, 'lr_reduce': 0.6}",TPESampler,COMPLETE
838,0.09666813910007477,2025-04-25 17:54:42.250407,2025-04-25 17:54:51.036297,0 days 00:00:08.785890,0.09976600374012881,48,192,240.0,32.0,4,0.003299024009994358,0.6,checkpoints/mlp_Pc_trial_838_best_state.pt,"{'learning_rate': 0.003299024009994358, 'lr_reduce': 0.6}",TPESampler,COMPLETE
839,0.0634501650929451,2025-04-25 17:54:45.487547,2025-04-25 17:54:56.573289,0 days 00:00:11.085742,0.03579667094690385,64,208,256.0,96.0,4,0.004845478025974913,0.6,checkpoints/mlp_Pc_trial_839_best_state.pt,"{'learning_rate': 0.004845478025974913, 'lr_reduce': 0.6}",TPESampler,COMPLETE
840,0.07942371070384979,2025-04-25 17:54:50.978910,2025-04-25 17:55:00.572439,0 days 00:00:09.593529,0.06309261445873987,160,160,288.0,96.0,4,0.006021421792396064,0.6,checkpoints/mlp_Pc_trial_840_best_state.pt,"{'learning_rate': 0.006021421792396064, 'lr_reduce': 0.6}",TPESampler,COMPLETE
841,0.08032555133104324,2025-04-25 17:54:51.286585,2025-04-25 17:54:59.498700,0 days 00:00:08.212115,0.11933713611203385,208,256,240.0,32.0,4,0.007458265350166438,0.6,checkpoints/mlp_Pc_trial_841_best_state.pt,"{'learning_rate': 0.007458265350166438, 'lr_reduce': 0.6}",TPESampler,COMPLETE
842,0.06484666466712952,2025-04-25 17:54:56.826747,2025-04-25 17:55:06.021242,0 days 00:00:09.194495,0.004165625249168554,32,128,224.0,80.0,4,0.005493916002721601,0.6,checkpoints/mlp_Pc_trial_842_best_state.pt,"{'learning_rate': 0.005493916002721601, 'lr_reduce': 0.6}",TPESampler,COMPLETE
843,0.07230168581008911,2025-04-25 17:54:59.768002,2025-04-25 17:55:08.058213,0 days 00:00:08.290211,0.05245646241729525,64,192,256.0,96.0,4,0.008612392953140351,0.6,checkpoints/mlp_Pc_trial_843_best_state.pt,"{'learning_rate': 0.008612392953140351, 'lr_reduce': 0.6}",TPESampler,COMPLETE
844,0.07786794006824493,2025-04-25 17:55:00.918953,2025-04-25 17:55:10.824483,0 days 00:00:09.905530,0.0856896565245944,256,192,240.0,80.0,4,0.009279159588013824,0.6,checkpoints/mlp_Pc_trial_844_best_state.pt,"{'learning_rate': 0.009279159588013824, 'lr_reduce': 0.6}",TPESampler,COMPLETE
845,0.0928063690662384,2025-04-25 17:55:06.259697,2025-04-25 17:55:17.269678,0 days 00:00:11.009981,0.004106667368476812,32,112,144.0,80.0,4,0.005358903174228553,0.6,checkpoints/mlp_Pc_trial_845_best_state.pt,"{'learning_rate': 0.005358903174228553, 'lr_reduce': 0.6}",TPESampler,COMPLETE
846,0.0810653418302536,2025-04-25 17:55:08.824359,2025-04-25 17:55:17.375054,0 days 00:00:08.550695,0.006752507280505339,80,144,176.0,80.0,4,0.003121554739269993,0.6,checkpoints/mlp_Pc_trial_846_best_state.pt,"{'learning_rate': 0.003121554739269993, 'lr_reduce': 0.6}",TPESampler,COMPLETE
847,0.18258802592754364,2025-04-25 17:55:11.070960,2025-04-25 17:55:31.341093,0 days 00:00:20.270133,0.22370122820563326,512,272,240.0,,3,0.00021787243116240472,0.6,checkpoints/mlp_Pc_trial_847_best_state.pt,"{'learning_rate': 0.00021787243116240472, 'lr_reduce': 0.6}",TPESampler,COMPLETE
848,0.06599248200654984,2025-04-25 17:55:17.520049,2025-04-25 17:55:26.284123,0 days 00:00:08.764074,0.06198223017990986,48,208,208.0,32.0,4,0.005789334424047153,0.6,checkpoints/mlp_Pc_trial_848_best_state.pt,"{'learning_rate': 0.005789334424047153, 'lr_reduce': 0.6}",TPESampler,COMPLETE
849,0.08427269756793976,2025-04-25 17:55:17.596437,2025-04-25 17:55:26.470152,0 days 00:00:08.873715,0.04440273108984298,96,240,192.0,,3,0.004861640749258974,0.6,checkpoints/mlp_Pc_trial_849_best_state.pt,"{'learning_rate': 0.004861640749258974, 'lr_reduce': 0.6}",TPESampler,COMPLETE
850,0.16870735585689545,2025-04-25 17:55:26.482874,2025-04-25 17:56:15.815629,0 days 00:00:49.332755,0.27259542698583905,32,352,,,2,0.00015143944376086585,0.6,checkpoints/mlp_Pc_trial_850_best_state.pt,"{'learning_rate': 0.00015143944376086585, 'lr_reduce': 0.6}",TPESampler,COMPLETE
851,0.08314432203769684,2025-04-25 17:55:26.670107,2025-04-25 17:55:35.859296,0 days 00:00:09.189189,0.15889467839915355,48,272,256.0,48.0,4,0.009813249509466238,0.6,checkpoints/mlp_Pc_trial_851_best_state.pt,"{'learning_rate': 0.009813249509466238, 'lr_reduce': 0.6}",TPESampler,COMPLETE
852,0.08432198315858841,2025-04-25 17:55:31.609707,2025-04-25 17:55:39.516932,0 days 00:00:07.907225,0.0483026449648093,96,176,176.0,32.0,4,0.004589097116951414,0.6,checkpoints/mlp_Pc_trial_852_best_state.pt,"{'learning_rate': 0.004589097116951414, 'lr_reduce': 0.6}",TPESampler,COMPLETE
853,0.07569007575511932,2025-04-25 17:55:36.116508,2025-04-25 17:55:45.161989,0 days 00:00:09.045481,0.015189400753783819,32,192,192.0,32.0,4,0.004053807868412402,0.6,checkpoints/mlp_Pc_trial_853_best_state.pt,"{'learning_rate': 0.004053807868412402, 'lr_reduce': 0.6}",TPESampler,COMPLETE
854,0.06294126808643341,2025-04-25 17:55:39.724526,2025-04-25 17:55:48.192688,0 days 00:00:08.468162,0.00882701289801775,48,128,208.0,32.0,4,0.007347511316620855,0.6,checkpoints/mlp_Pc_trial_854_best_state.pt,"{'learning_rate': 0.007347511316620855, 'lr_reduce': 0.6}",TPESampler,COMPLETE
855,0.07209687680006027,2025-04-25 17:55:45.414695,2025-04-25 17:55:55.615689,0 days 00:00:10.200994,0.04986267117180847,144,352,,,2,0.005477458456786096,0.6,checkpoints/mlp_Pc_trial_855_best_state.pt,"{'learning_rate': 0.005477458456786096, 'lr_reduce': 0.6}",TPESampler,COMPLETE
856,0.07320507615804672,2025-04-25 17:55:48.639652,2025-04-25 17:55:56.656876,0 days 00:00:08.017224,0.0021587400911745047,96,192,160.0,32.0,4,0.00984200939666859,0.6,checkpoints/mlp_Pc_trial_856_best_state.pt,"{'learning_rate': 0.00984200939666859, 'lr_reduce': 0.6}",TPESampler,COMPLETE
857,0.10471972078084946,2025-04-25 17:55:55.871524,2025-04-25 17:56:05.243224,0 days 00:00:09.371700,0.059845141666738245,48,176,192.0,32.0,4,0.009105516101346916,0.6,checkpoints/mlp_Pc_trial_857_best_state.pt,"{'learning_rate': 0.009105516101346916, 'lr_reduce': 0.6}",TPESampler,COMPLETE
858,0.07717346400022507,2025-04-25 17:55:56.956896,2025-04-25 17:56:06.742669,0 days 00:00:09.785773,0.06610336434075881,64,208,192.0,32.0,4,0.003379206504266265,0.6,checkpoints/mlp_Pc_trial_858_best_state.pt,"{'learning_rate': 0.003379206504266265, 'lr_reduce': 0.6}",TPESampler,COMPLETE
859,0.08370395749807358,2025-04-25 17:56:05.532165,2025-04-25 17:56:17.820198,0 days 00:00:12.288033,0.06380771652614824,32,272,144.0,32.0,4,0.003969919169566275,0.6,checkpoints/mlp_Pc_trial_859_best_state.pt,"{'learning_rate': 0.003969919169566275, 'lr_reduce': 0.6}",TPESampler,COMPLETE
860,0.07799935340881348,2025-04-25 17:56:07.021847,2025-04-25 17:56:14.602627,0 days 00:00:07.580780,0.03388749605109509,80,208,240.0,64.0,4,0.007824055905002037,0.6,checkpoints/mlp_Pc_trial_860_best_state.pt,"{'learning_rate': 0.007824055905002037, 'lr_reduce': 0.6}",TPESampler,COMPLETE
861,0.0690886601805687,2025-04-25 17:56:15.286429,2025-04-25 17:56:22.769768,0 days 00:00:07.483339,0.04188796301413845,80,176,208.0,32.0,4,0.00940006917622775,0.6,checkpoints/mlp_Pc_trial_861_best_state.pt,"{'learning_rate': 0.00940006917622775, 'lr_reduce': 0.6}",TPESampler,COMPLETE
862,0.09577324986457825,2025-04-25 17:56:16.016457,2025-04-25 17:56:27.061267,0 days 00:00:11.044810,0.29459433440991867,112,512,208.0,32.0,4,0.003862147867071789,0.6,checkpoints/mlp_Pc_trial_862_best_state.pt,"{'learning_rate': 0.003862147867071789, 'lr_reduce': 0.6}",TPESampler,COMPLETE
863,0.06859096139669418,2025-04-25 17:56:18.084213,2025-04-25 17:56:28.149045,0 days 00:00:10.064832,0.00906293587131084,48,176,208.0,,3,0.0062115736882639135,0.6,checkpoints/mlp_Pc_trial_863_best_state.pt,"{'learning_rate': 0.0062115736882639135, 'lr_reduce': 0.6}",TPESampler,COMPLETE
864,0.08762075006961823,2025-04-25 17:56:23.070702,2025-04-25 17:56:31.350226,0 days 00:00:08.279524,0.08837632202565299,48,240,208.0,32.0,4,0.004407975012781225,0.6,checkpoints/mlp_Pc_trial_864_best_state.pt,"{'learning_rate': 0.004407975012781225, 'lr_reduce': 0.6}",TPESampler,COMPLETE
865,0.08514361083507538,2025-04-25 17:56:27.329159,2025-04-25 17:56:36.313549,0 days 00:00:08.984390,0.04147690248510973,32,128,160.0,32.0,4,0.006960202850438117,0.6,checkpoints/mlp_Pc_trial_865_best_state.pt,"{'learning_rate': 0.006960202850438117, 'lr_reduce': 0.6}",TPESampler,COMPLETE
866,0.17507581412792206,2025-04-25 17:56:28.431743,2025-04-25 17:57:04.200483,0 days 00:00:35.768740,0.292897617483858,288,112,,,2,0.0005294868263348153,0.6,checkpoints/mlp_Pc_trial_866_best_state.pt,"{'learning_rate': 0.0005294868263348153, 'lr_reduce': 0.6}",TPESampler,COMPLETE
867,0.07656154781579971,2025-04-25 17:56:31.606554,2025-04-25 17:56:40.025461,0 days 00:00:08.418907,0.03459471650340043,32,144,224.0,32.0,4,0.004864374474065765,0.6,checkpoints/mlp_Pc_trial_867_best_state.pt,"{'learning_rate': 0.004864374474065765, 'lr_reduce': 0.6}",TPESampler,COMPLETE
868,0.09517013281583786,2025-04-25 17:56:36.566607,2025-04-25 17:56:45.349935,0 days 00:00:08.783328,0.0076740579898756794,48,208,224.0,80.0,4,0.0039822477364772095,0.6,checkpoints/mlp_Pc_trial_868_best_state.pt,"{'learning_rate': 0.0039822477364772095, 'lr_reduce': 0.6}",TPESampler,COMPLETE
869,0.07754398137331009,2025-04-25 17:56:40.304819,2025-04-25 17:56:49.211580,0 days 00:00:08.906761,0.07068254566610951,48,272,160.0,80.0,4,0.006108102728242668,0.6,checkpoints/mlp_Pc_trial_869_best_state.pt,"{'learning_rate': 0.006108102728242668, 'lr_reduce': 0.6}",TPESampler,COMPLETE
870,0.09619395434856415,2025-04-25 17:56:45.612558,2025-04-25 17:56:51.764609,0 days 00:00:06.152051,0.06974156844383686,32,176,240.0,,3,0.0040162958655586695,0.6,checkpoints/mlp_Pc_trial_870_best_state.pt,"{'learning_rate': 0.0040162958655586695, 'lr_reduce': 0.6}",TPESampler,COMPLETE
871,0.08328236639499664,2025-04-25 17:56:49.475576,2025-04-25 17:57:00.307410,0 days 00:00:10.831834,0.02245160561946333,80,160,224.0,32.0,4,0.005949149980640166,0.6,checkpoints/mlp_Pc_trial_871_best_state.pt,"{'learning_rate': 0.005949149980640166, 'lr_reduce': 0.6}",TPESampler,COMPLETE
872,0.07720888406038284,2025-04-25 17:56:52.037463,2025-04-25 17:57:04.338982,0 days 00:00:12.301519,0.08399010206391515,128,288,208.0,80.0,4,0.008497415985118415,0.6,checkpoints/mlp_Pc_trial_872_best_state.pt,"{'learning_rate': 0.008497415985118415, 'lr_reduce': 0.6}",TPESampler,COMPLETE
873,0.07667829096317291,2025-04-25 17:57:00.578059,2025-04-25 17:57:10.839226,0 days 00:00:10.261167,0.08281184504703375,96,192,256.0,80.0,4,0.006173231815345962,0.6,checkpoints/mlp_Pc_trial_873_best_state.pt,"{'learning_rate': 0.006173231815345962, 'lr_reduce': 0.6}",TPESampler,COMPLETE
874,0.10325626283884048,2025-04-25 17:57:04.599620,2025-04-25 17:57:17.527092,0 days 00:00:12.927472,0.054575231812397915,448,96,208.0,32.0,4,0.00046998587353177775,0.6,checkpoints/mlp_Pc_trial_874_best_state.pt,"{'learning_rate': 0.00046998587353177775, 'lr_reduce': 0.6}",TPESampler,COMPLETE
875,0.09475421905517578,2025-04-25 17:57:04.779301,2025-04-25 17:57:16.982738,0 days 00:00:12.203437,0.1024019996082757,32,176,256.0,80.0,4,0.008793317503272802,0.6,checkpoints/mlp_Pc_trial_875_best_state.pt,"{'learning_rate': 0.008793317503272802, 'lr_reduce': 0.6}",TPESampler,COMPLETE
876,0.07588955760002136,2025-04-25 17:57:11.146960,2025-04-25 17:57:21.115991,0 days 00:00:09.969031,0.00818732213518765,48,336,96.0,,3,0.002817786726597374,0.6,checkpoints/mlp_Pc_trial_876_best_state.pt,"{'learning_rate': 0.002817786726597374, 'lr_reduce': 0.6}",TPESampler,COMPLETE
877,0.078794464468956,2025-04-25 17:57:17.236836,2025-04-25 17:57:26.081798,0 days 00:00:08.844962,0.008759294077484867,48,192,240.0,80.0,4,0.004535292787688621,0.6,checkpoints/mlp_Pc_trial_877_best_state.pt,"{'learning_rate': 0.004535292787688621, 'lr_reduce': 0.6}",TPESampler,COMPLETE
878,0.07457315176725388,2025-04-25 17:57:17.779814,2025-04-25 17:57:26.783399,0 days 00:00:09.003585,0.0772766773894621,32,240,160.0,32.0,4,0.0058535123259001705,0.6,checkpoints/mlp_Pc_trial_878_best_state.pt,"{'learning_rate': 0.0058535123259001705, 'lr_reduce': 0.6}",TPESampler,COMPLETE
879,0.0825066789984703,2025-04-25 17:57:21.375250,2025-04-25 17:57:30.134902,0 days 00:00:08.759652,0.05686964869472862,160,208,256.0,96.0,4,0.0021237026205461573,0.6,checkpoints/mlp_Pc_trial_879_best_state.pt,"{'learning_rate': 0.0021237026205461573, 'lr_reduce': 0.6}",TPESampler,COMPLETE
880,0.07281792163848877,2025-04-25 17:57:26.318549,2025-04-25 17:57:39.928752,0 days 00:00:13.610203,0.005444733670214789,144,416,256.0,,3,0.0007997526610230515,0.6,checkpoints/mlp_Pc_trial_880_best_state.pt,"{'learning_rate': 0.0007997526610230515, 'lr_reduce': 0.6}",TPESampler,COMPLETE
881,0.07635615020990372,2025-04-25 17:57:27.044296,2025-04-25 17:57:33.674926,0 days 00:00:06.630630,0.009167770430122365,96,288,224.0,,3,0.005411503296582714,0.6,checkpoints/mlp_Pc_trial_881_best_state.pt,"{'learning_rate': 0.005411503296582714, 'lr_reduce': 0.6}",TPESampler,COMPLETE
882,0.07219289243221283,2025-04-25 17:57:30.422640,2025-04-25 17:57:38.332218,0 days 00:00:07.909578,0.04131924287835086,48,128,272.0,32.0,4,0.007363956467205379,0.6,checkpoints/mlp_Pc_trial_882_best_state.pt,"{'learning_rate': 0.007363956467205379, 'lr_reduce': 0.6}",TPESampler,COMPLETE
883,0.07487976551055908,2025-04-25 17:57:33.949139,2025-04-25 17:57:40.360263,0 days 00:00:06.411124,0.006335169501487365,144,144,192.0,80.0,4,0.009536105886902776,0.6,checkpoints/mlp_Pc_trial_883_best_state.pt,"{'learning_rate': 0.009536105886902776, 'lr_reduce': 0.6}",TPESampler,COMPLETE
884,0.10062315315008163,2025-04-25 17:57:38.564808,2025-04-25 17:57:56.222592,0 days 00:00:17.657784,0.11074503606745469,160,208,256.0,80.0,4,0.0005354619396467616,0.6,checkpoints/mlp_Pc_trial_884_best_state.pt,"{'learning_rate': 0.0005354619396467616, 'lr_reduce': 0.6}",TPESampler,COMPLETE
885,0.07731626182794571,2025-04-25 17:57:40.177108,2025-04-25 17:57:54.177207,0 days 00:00:14.000099,0.021255327368558553,32,144,192.0,32.0,4,0.004671780853829379,0.6,checkpoints/mlp_Pc_trial_885_best_state.pt,"{'learning_rate': 0.004671780853829379, 'lr_reduce': 0.6}",TPESampler,COMPLETE
886,0.09034407883882523,2025-04-25 17:57:40.642804,2025-04-25 17:57:57.016708,0 days 00:00:16.373904,0.08985437857727802,112,224,272.0,80.0,4,0.005288346214912218,0.6,checkpoints/mlp_Pc_trial_886_best_state.pt,"{'learning_rate': 0.005288346214912218, 'lr_reduce': 0.6}",TPESampler,COMPLETE
887,0.09853485226631165,2025-04-25 17:57:54.843296,2025-04-25 17:58:10.490162,0 days 00:00:15.646866,0.19393871803465415,512,480,128.0,80.0,4,0.0030764569453207934,0.6,checkpoints/mlp_Pc_trial_887_best_state.pt,"{'learning_rate': 0.0030764569453207934, 'lr_reduce': 0.6}",TPESampler,COMPLETE
888,0.08284378051757812,2025-04-25 17:57:56.513348,2025-04-25 17:58:03.875053,0 days 00:00:07.361705,0.05353750711999415,160,208,272.0,32.0,4,0.007715639301213537,0.6,checkpoints/mlp_Pc_trial_888_best_state.pt,"{'learning_rate': 0.007715639301213537, 'lr_reduce': 0.6}",TPESampler,COMPLETE
889,0.07488324493169785,2025-04-25 17:57:57.318890,2025-04-25 17:58:06.965537,0 days 00:00:09.646647,0.02234971756045153,96,400,224.0,,3,0.00243844159868479,0.6,checkpoints/mlp_Pc_trial_889_best_state.pt,"{'learning_rate': 0.00243844159868479, 'lr_reduce': 0.6}",TPESampler,COMPLETE
890,0.06515657156705856,2025-04-25 17:58:04.106767,2025-04-25 17:58:12.486159,0 days 00:00:08.379392,0.02123982433559255,32,224,208.0,112.0,4,0.009273019965286249,0.6,checkpoints/mlp_Pc_trial_890_best_state.pt,"{'learning_rate': 0.009273019965286249, 'lr_reduce': 0.6}",TPESampler,COMPLETE
891,0.062359683215618134,2025-04-25 17:58:07.235829,2025-04-25 17:58:17.356302,0 days 00:00:10.120473,0.0045538481911370325,64,160,272.0,80.0,4,0.00903293776934874,0.6,checkpoints/mlp_Pc_trial_891_best_state.pt,"{'learning_rate': 0.00903293776934874, 'lr_reduce': 0.6}",TPESampler,COMPLETE
892,0.07196060568094254,2025-04-25 17:58:10.742568,2025-04-25 17:58:21.394895,0 days 00:00:10.652327,0.022166194891112784,112,208,272.0,,3,0.0031134759562809204,0.6,checkpoints/mlp_Pc_trial_892_best_state.pt,"{'learning_rate': 0.0031134759562809204, 'lr_reduce': 0.6}",TPESampler,COMPLETE
893,0.07215473800897598,2025-04-25 17:58:12.757016,2025-04-25 17:58:23.538315,0 days 00:00:10.781299,0.04360256391282051,64,240,176.0,112.0,4,0.0062592927778142285,0.6,checkpoints/mlp_Pc_trial_893_best_state.pt,"{'learning_rate': 0.0062592927778142285, 'lr_reduce': 0.6}",TPESampler,COMPLETE
894,0.073612280189991,2025-04-25 17:58:17.622669,2025-04-25 17:58:25.914143,0 days 00:00:08.291474,0.008683569387834076,80,208,224.0,112.0,4,0.004426015499928645,0.6,checkpoints/mlp_Pc_trial_894_best_state.pt,"{'learning_rate': 0.004426015499928645, 'lr_reduce': 0.6}",TPESampler,COMPLETE
895,0.0773092582821846,2025-04-25 17:58:21.640324,2025-04-25 17:58:28.941296,0 days 00:00:07.300972,0.027104906870926794,64,208,272.0,112.0,4,0.009482053497139636,0.6,checkpoints/mlp_Pc_trial_895_best_state.pt,"{'learning_rate': 0.009482053497139636, 'lr_reduce': 0.6}",TPESampler,COMPLETE
