number,value,datetime_start,datetime_complete,duration,params_final_dropout,params_mlp_dim_00,params_mlp_dim_01,params_mlp_dim_02,params_mlp_dim_03,params_mlp_n_layers,params_train_learning_rate,params_train_lr_reduce,user_attrs_best_state_dict_path,user_attrs_training_params,system_attrs_auto:sampler,state
1712,0.08522666245698929,2025-04-25 18:54:23.108693,2025-04-25 18:54:33.791858,0 days 00:00:10.683165,0.006781820673461194,96,208,,,2,0.009837635098491946,0.6,checkpoints/mlp_Pc_trial_1712_best_state.pt,"{'learning_rate': 0.009837635098491946, 'lr_reduce': 0.6}",TPESampler,COMPLETE
1713,0.08468158543109894,2025-04-25 18:54:25.550061,2025-04-25 18:54:32.852786,0 days 00:00:07.302725,0.0046711388819336615,304,144,288.0,64.0,4,0.007929466382497297,0.6,checkpoints/mlp_Pc_trial_1713_best_state.pt,"{'learning_rate': 0.007929466382497297, 'lr_reduce': 0.6}",TPESampler,COMPLETE
1714,0.1775958389043808,2025-04-25 18:54:28.416623,2025-04-25 18:54:58.288656,0 days 00:00:29.872033,0.17279389816341048,96,496,,,2,0.00016631366751639344,0.6,checkpoints/mlp_Pc_trial_1714_best_state.pt,"{'learning_rate': 0.00016631366751639344, 'lr_reduce': 0.6}",TPESampler,COMPLETE
1715,0.08529789000749588,2025-04-25 18:54:33.153566,2025-04-25 18:54:42.490709,0 days 00:00:09.337143,0.003203110326743178,272,160,400.0,32.0,4,0.00272393941674745,0.6,checkpoints/mlp_Pc_trial_1715_best_state.pt,"{'learning_rate': 0.00272393941674745, 'lr_reduce': 0.6}",TPESampler,COMPLETE
1716,0.07081249356269836,2025-04-25 18:54:34.142317,2025-04-25 18:54:42.991824,0 days 00:00:08.849507,0.019917148974023885,112,128,352.0,144.0,4,0.009296665751248554,0.6,checkpoints/mlp_Pc_trial_1716_best_state.pt,"{'learning_rate': 0.009296665751248554, 'lr_reduce': 0.6}",TPESampler,COMPLETE
1717,0.08836549520492554,2025-04-25 18:54:42.782054,2025-04-25 18:54:51.761295,0 days 00:00:08.979241,0.09690087887991575,96,224,448.0,192.0,4,0.004573973106339325,0.6,checkpoints/mlp_Pc_trial_1717_best_state.pt,"{'learning_rate': 0.004573973106339325, 'lr_reduce': 0.6}",TPESampler,COMPLETE
1718,0.06893385946750641,2025-04-25 18:54:43.352599,2025-04-25 18:54:52.500575,0 days 00:00:09.147976,0.010389185800343804,32,240,192.0,112.0,4,0.009252092319515834,0.6,checkpoints/mlp_Pc_trial_1718_best_state.pt,"{'learning_rate': 0.009252092319515834, 'lr_reduce': 0.6}",TPESampler,COMPLETE
1719,0.19984690845012665,2025-04-25 18:54:52.031645,2025-04-25 18:55:29.542065,0 days 00:00:37.510420,0.2547159159656351,48,512,288.0,,3,0.00023990340701290835,0.6,checkpoints/mlp_Pc_trial_1719_best_state.pt,"{'learning_rate': 0.00023990340701290835, 'lr_reduce': 0.6}",TPESampler,COMPLETE
1720,0.09288138896226883,2025-04-25 18:54:52.888500,2025-04-25 18:55:01.940172,0 days 00:00:09.051672,0.1244793364554979,32,272,240.0,80.0,4,0.007917018018790644,0.6,checkpoints/mlp_Pc_trial_1720_best_state.pt,"{'learning_rate': 0.007917018018790644, 'lr_reduce': 0.6}",TPESampler,COMPLETE
1721,0.06452149152755737,2025-04-25 18:54:58.932006,2025-04-25 18:55:07.608065,0 days 00:00:08.676059,0.010794168272759412,48,80,352.0,176.0,4,0.00981807255573068,0.6,checkpoints/mlp_Pc_trial_1721_best_state.pt,"{'learning_rate': 0.00981807255573068, 'lr_reduce': 0.6}",TPESampler,COMPLETE
1722,0.08523081988096237,2025-04-25 18:55:02.262499,2025-04-25 18:55:12.575225,0 days 00:00:10.312726,0.0016224384337511282,208,144,480.0,112.0,4,0.0020788752543658808,0.6,checkpoints/mlp_Pc_trial_1722_best_state.pt,"{'learning_rate': 0.0020788752543658808, 'lr_reduce': 0.6}",TPESampler,COMPLETE
1723,0.08033005148172379,2025-04-25 18:55:08.071629,2025-04-25 18:55:17.639539,0 days 00:00:09.567910,0.08197036575145397,64,80,336.0,208.0,4,0.006713501376641223,0.6,checkpoints/mlp_Pc_trial_1723_best_state.pt,"{'learning_rate': 0.006713501376641223, 'lr_reduce': 0.6}",TPESampler,COMPLETE
1724,0.08823557943105698,2025-04-25 18:55:12.900261,2025-04-25 18:55:22.364445,0 days 00:00:09.464184,0.03204266654680636,32,80,336.0,192.0,4,0.00730386385042251,0.6,checkpoints/mlp_Pc_trial_1724_best_state.pt,"{'learning_rate': 0.00730386385042251, 'lr_reduce': 0.6}",TPESampler,COMPLETE
1725,0.08073031902313232,2025-04-25 18:55:17.966839,2025-04-25 18:55:28.164299,0 days 00:00:10.197460,0.015246804262955348,80,48,352.0,192.0,4,0.008932034099569516,0.6,checkpoints/mlp_Pc_trial_1725_best_state.pt,"{'learning_rate': 0.008932034099569516, 'lr_reduce': 0.6}",TPESampler,COMPLETE
1726,0.08737214654684067,2025-04-25 18:55:22.661858,2025-04-25 18:55:29.932028,0 days 00:00:07.270170,0.0463009697953741,64,64,336.0,176.0,4,0.00540430755836124,0.6,checkpoints/mlp_Pc_trial_1726_best_state.pt,"{'learning_rate': 0.00540430755836124, 'lr_reduce': 0.6}",TPESampler,COMPLETE
1727,0.10749182105064392,2025-04-25 18:55:28.467858,2025-04-25 18:55:38.133880,0 days 00:00:09.666022,0.15459205028411216,400,64,336.0,,3,0.009926139896351476,0.6,checkpoints/mlp_Pc_trial_1727_best_state.pt,"{'learning_rate': 0.009926139896351476, 'lr_reduce': 0.6}",TPESampler,COMPLETE
1728,0.08413001149892807,2025-04-25 18:55:29.860794,2025-04-25 18:55:37.625982,0 days 00:00:07.765188,0.020813536779429626,32,64,352.0,32.0,4,0.008140146908141625,0.6,checkpoints/mlp_Pc_trial_1728_best_state.pt,"{'learning_rate': 0.008140146908141625, 'lr_reduce': 0.6}",TPESampler,COMPLETE
1729,0.08786660432815552,2025-04-25 18:55:30.341056,2025-04-25 18:55:41.016314,0 days 00:00:10.675258,0.034921876094085764,80,64,336.0,208.0,4,0.00453302256898919,0.6,checkpoints/mlp_Pc_trial_1729_best_state.pt,"{'learning_rate': 0.00453302256898919, 'lr_reduce': 0.6}",TPESampler,COMPLETE
1730,0.07727403938770294,2025-04-25 18:55:37.949307,2025-04-25 18:55:46.905386,0 days 00:00:08.956079,0.005372775334750307,144,96,304.0,,3,0.004466570145993759,0.6,checkpoints/mlp_Pc_trial_1730_best_state.pt,"{'learning_rate': 0.004466570145993759, 'lr_reduce': 0.6}",TPESampler,COMPLETE
1731,0.1069185808300972,2025-04-25 18:55:38.431839,2025-04-25 18:56:01.439248,0 days 00:00:23.007409,0.18733001428959323,464,400,,,2,0.0003130080365784625,0.6,checkpoints/mlp_Pc_trial_1731_best_state.pt,"{'learning_rate': 0.0003130080365784625, 'lr_reduce': 0.6}",TPESampler,COMPLETE
1732,0.07952214032411575,2025-04-25 18:55:41.398987,2025-04-25 18:55:52.041385,0 days 00:00:10.642398,0.032943868285179694,80,32,352.0,144.0,4,0.007945737502694611,0.6,checkpoints/mlp_Pc_trial_1732_best_state.pt,"{'learning_rate': 0.007945737502694611, 'lr_reduce': 0.6}",TPESampler,COMPLETE
1733,0.06376898288726807,2025-04-25 18:55:47.229744,2025-04-25 18:55:56.447008,0 days 00:00:09.217264,0.0027444551973155778,112,128,304.0,,3,0.00926247601005742,0.6,checkpoints/mlp_Pc_trial_1733_best_state.pt,"{'learning_rate': 0.00926247601005742, 'lr_reduce': 0.6}",TPESampler,COMPLETE
1734,0.08113185316324234,2025-04-25 18:55:52.361699,2025-04-25 18:56:04.586065,0 days 00:00:12.224366,0.05894908654667557,128,128,352.0,64.0,4,0.0019245671378170116,0.6,checkpoints/mlp_Pc_trial_1734_best_state.pt,"{'learning_rate': 0.0019245671378170116, 'lr_reduce': 0.6}",TPESampler,COMPLETE
1735,0.08346667885780334,2025-04-25 18:55:56.785983,2025-04-25 18:56:04.763135,0 days 00:00:07.977152,0.018759327110335754,128,80,304.0,80.0,4,0.009119584486559643,0.6,checkpoints/mlp_Pc_trial_1735_best_state.pt,"{'learning_rate': 0.009119584486559643, 'lr_reduce': 0.6}",TPESampler,COMPLETE
1736,0.08288540691137314,2025-04-25 18:56:01.855793,2025-04-25 18:56:10.898386,0 days 00:00:09.042593,0.028303942891800722,48,64,304.0,,3,0.004308435362715965,0.6,checkpoints/mlp_Pc_trial_1736_best_state.pt,"{'learning_rate': 0.004308435362715965, 'lr_reduce': 0.6}",TPESampler,COMPLETE
1737,0.07462970167398453,2025-04-25 18:56:04.854743,2025-04-25 18:56:19.616058,0 days 00:00:14.761315,0.024806802606889146,48,128,304.0,,3,0.007544141909060318,0.6,checkpoints/mlp_Pc_trial_1737_best_state.pt,"{'learning_rate': 0.007544141909060318, 'lr_reduce': 0.6}",TPESampler,COMPLETE
1738,0.0767342746257782,2025-04-25 18:56:05.027642,2025-04-25 18:56:14.118532,0 days 00:00:09.090890,0.008646279893620202,160,352,304.0,,3,0.009577064644984219,0.6,checkpoints/mlp_Pc_trial_1738_best_state.pt,"{'learning_rate': 0.009577064644984219, 'lr_reduce': 0.6}",TPESampler,COMPLETE
1739,0.09688010811805725,2025-04-25 18:56:11.191904,2025-04-25 18:56:18.754371,0 days 00:00:07.562467,0.009187312402250531,208,208,288.0,,3,0.008443268845071746,0.6,checkpoints/mlp_Pc_trial_1739_best_state.pt,"{'learning_rate': 0.008443268845071746, 'lr_reduce': 0.6}",TPESampler,COMPLETE
1740,0.06881339102983475,2025-04-25 18:56:14.407126,2025-04-25 18:56:25.906283,0 days 00:00:11.499157,0.008590062514005582,176,176,304.0,,3,0.005239747219722266,0.6,checkpoints/mlp_Pc_trial_1740_best_state.pt,"{'learning_rate': 0.005239747219722266, 'lr_reduce': 0.6}",TPESampler,COMPLETE
1741,0.06941787898540497,2025-04-25 18:56:19.148203,2025-04-25 18:56:27.609754,0 days 00:00:08.461551,0.049694651521956415,160,128,288.0,,3,0.008270899287002238,0.6,checkpoints/mlp_Pc_trial_1741_best_state.pt,"{'learning_rate': 0.008270899287002238, 'lr_reduce': 0.6}",TPESampler,COMPLETE
1742,0.07239560782909393,2025-04-25 18:56:19.934192,2025-04-25 18:56:29.769698,0 days 00:00:09.835506,0.019814173426031017,144,192,288.0,,3,0.0034231378796562677,0.6,checkpoints/mlp_Pc_trial_1742_best_state.pt,"{'learning_rate': 0.0034231378796562677, 'lr_reduce': 0.6}",TPESampler,COMPLETE
1743,0.09214326739311218,2025-04-25 18:56:26.203421,2025-04-25 18:56:34.060366,0 days 00:00:07.856945,0.03805949156794895,176,128,272.0,,3,0.008844094180800354,0.6,checkpoints/mlp_Pc_trial_1743_best_state.pt,"{'learning_rate': 0.008844094180800354, 'lr_reduce': 0.6}",TPESampler,COMPLETE
1744,0.07135480642318726,2025-04-25 18:56:27.873323,2025-04-25 18:56:35.889488,0 days 00:00:08.016165,0.021759791258847236,144,128,320.0,,3,0.009254164023469529,0.6,checkpoints/mlp_Pc_trial_1744_best_state.pt,"{'learning_rate': 0.009254164023469529, 'lr_reduce': 0.6}",TPESampler,COMPLETE
1745,0.08722173422574997,2025-04-25 18:56:30.082849,2025-04-25 18:56:37.723944,0 days 00:00:07.641095,0.01963935900264474,128,160,272.0,,3,0.00813804232829275,0.6,checkpoints/mlp_Pc_trial_1745_best_state.pt,"{'learning_rate': 0.00813804232829275, 'lr_reduce': 0.6}",TPESampler,COMPLETE
1746,0.06565821915864944,2025-04-25 18:56:34.331635,2025-04-25 18:56:45.136487,0 days 00:00:10.804852,0.01583593184963683,32,128,320.0,32.0,4,0.004082165729962893,0.6,checkpoints/mlp_Pc_trial_1746_best_state.pt,"{'learning_rate': 0.004082165729962893, 'lr_reduce': 0.6}",TPESampler,COMPLETE
1747,0.09154888242483139,2025-04-25 18:56:36.207132,2025-04-25 18:56:47.413716,0 days 00:00:11.206584,0.05107996332672787,64,32,256.0,96.0,4,0.008300116832807812,0.6,checkpoints/mlp_Pc_trial_1747_best_state.pt,"{'learning_rate': 0.008300116832807812, 'lr_reduce': 0.6}",TPESampler,COMPLETE
1748,0.08853786438703537,2025-04-25 18:56:38.022578,2025-04-25 18:56:49.276310,0 days 00:00:11.253732,0.10355230038207765,288,400,320.0,,3,0.009411690687960989,0.6,checkpoints/mlp_Pc_trial_1748_best_state.pt,"{'learning_rate': 0.009411690687960989, 'lr_reduce': 0.6}",TPESampler,COMPLETE
1749,0.07668175548315048,2025-04-25 18:56:45.457718,2025-04-25 18:56:52.908712,0 days 00:00:07.450994,0.00419677565662077,32,80,272.0,,3,0.00678292311060379,0.6,checkpoints/mlp_Pc_trial_1749_best_state.pt,"{'learning_rate': 0.00678292311060379, 'lr_reduce': 0.6}",TPESampler,COMPLETE
1750,0.07622909545898438,2025-04-25 18:56:47.745896,2025-04-25 18:56:56.790331,0 days 00:00:09.044435,0.06659956025691924,96,96,320.0,80.0,4,0.008390344826996904,0.6,checkpoints/mlp_Pc_trial_1750_best_state.pt,"{'learning_rate': 0.008390344826996904, 'lr_reduce': 0.6}",TPESampler,COMPLETE
1751,0.08035940676927567,2025-04-25 18:56:49.575357,2025-04-25 18:57:04.258435,0 days 00:00:14.683078,0.016653719158153803,144,80,256.0,,3,0.007286549013682233,0.6,checkpoints/mlp_Pc_trial_1751_best_state.pt,"{'learning_rate': 0.007286549013682233, 'lr_reduce': 0.6}",TPESampler,COMPLETE
1752,0.06896518170833588,2025-04-25 18:56:53.249445,2025-04-25 18:57:02.354054,0 days 00:00:09.104609,0.006551052528342236,112,304,320.0,112.0,4,0.007734072701825786,0.6,checkpoints/mlp_Pc_trial_1752_best_state.pt,"{'learning_rate': 0.007734072701825786, 'lr_reduce': 0.6}",TPESampler,COMPLETE
1753,0.071950264275074,2025-04-25 18:56:57.094148,2025-04-25 18:57:05.127359,0 days 00:00:08.033211,0.0006805695212918866,112,176,256.0,,3,0.0062307548215155585,0.6,checkpoints/mlp_Pc_trial_1753_best_state.pt,"{'learning_rate': 0.0062307548215155585, 'lr_reduce': 0.6}",TPESampler,COMPLETE
1754,0.08022913336753845,2025-04-25 18:57:02.647579,2025-04-25 18:57:11.712876,0 days 00:00:09.065297,0.05945815807323314,128,80,288.0,,3,0.009383069336990154,0.6,checkpoints/mlp_Pc_trial_1754_best_state.pt,"{'learning_rate': 0.009383069336990154, 'lr_reduce': 0.6}",TPESampler,COMPLETE
1755,0.076136514544487,2025-04-25 18:57:04.556710,2025-04-25 18:57:12.638119,0 days 00:00:08.081409,0.010152478765648138,96,144,224.0,,3,0.006432030276371427,0.6,checkpoints/mlp_Pc_trial_1755_best_state.pt,"{'learning_rate': 0.006432030276371427, 'lr_reduce': 0.6}",TPESampler,COMPLETE
1756,0.08246231824159622,2025-04-25 18:57:05.501422,2025-04-25 18:57:16.810600,0 days 00:00:11.309178,0.000817698885295602,144,32,336.0,,3,0.004289831791718255,0.6,checkpoints/mlp_Pc_trial_1756_best_state.pt,"{'learning_rate': 0.004289831791718255, 'lr_reduce': 0.6}",TPESampler,COMPLETE
1757,0.07522140443325043,2025-04-25 18:57:12.007263,2025-04-25 18:57:22.787002,0 days 00:00:10.779739,0.012940966581442677,112,144,288.0,,3,0.008108366989328762,0.6,checkpoints/mlp_Pc_trial_1757_best_state.pt,"{'learning_rate': 0.008108366989328762, 'lr_reduce': 0.6}",TPESampler,COMPLETE
1758,0.07451961189508438,2025-04-25 18:57:13.014991,2025-04-25 18:57:25.830472,0 days 00:00:12.815481,0.01511070702619088,32,432,336.0,32.0,4,0.008650816831348853,0.6,checkpoints/mlp_Pc_trial_1758_best_state.pt,"{'learning_rate': 0.008650816831348853, 'lr_reduce': 0.6}",TPESampler,COMPLETE
1759,0.10058604925870895,2025-04-25 18:57:17.102883,2025-04-25 18:57:44.866014,0 days 00:00:27.763131,0.05249981177408343,512,32,256.0,,3,0.0002526054633262707,0.6,checkpoints/mlp_Pc_trial_1759_best_state.pt,"{'learning_rate': 0.0002526054633262707, 'lr_reduce': 0.6}",TPESampler,COMPLETE
1760,0.0823773667216301,2025-04-25 18:57:23.105899,2025-04-25 18:57:32.699226,0 days 00:00:09.593327,0.004242222473483418,176,128,,,2,0.007538301158793014,0.6,checkpoints/mlp_Pc_trial_1760_best_state.pt,"{'learning_rate': 0.007538301158793014, 'lr_reduce': 0.6}",TPESampler,COMPLETE
1761,0.08678016811609268,2025-04-25 18:57:26.092985,2025-04-25 18:57:37.700623,0 days 00:00:11.607638,0.05890007890932214,112,64,224.0,128.0,4,0.009894463262889485,0.6,checkpoints/mlp_Pc_trial_1761_best_state.pt,"{'learning_rate': 0.009894463262889485, 'lr_reduce': 0.6}",TPESampler,COMPLETE
1762,0.09199724346399307,2025-04-25 18:57:32.989167,2025-04-25 18:57:43.098799,0 days 00:00:10.109632,0.005257417386249999,48,48,304.0,,3,0.008766734698422436,0.6,checkpoints/mlp_Pc_trial_1762_best_state.pt,"{'learning_rate': 0.008766734698422436, 'lr_reduce': 0.6}",TPESampler,COMPLETE
1763,0.08538684248924255,2025-04-25 18:57:38.017134,2025-04-25 18:57:49.135018,0 days 00:00:11.117884,0.0024994120974460594,80,96,352.0,96.0,4,0.005052173824306153,0.6,checkpoints/mlp_Pc_trial_1763_best_state.pt,"{'learning_rate': 0.005052173824306153, 'lr_reduce': 0.6}",TPESampler,COMPLETE
1764,0.0726584643125534,2025-04-25 18:57:43.538547,2025-04-25 18:57:58.944420,0 days 00:00:15.405873,0.015739040208593194,80,144,240.0,,3,0.002915782928408362,0.6,checkpoints/mlp_Pc_trial_1764_best_state.pt,"{'learning_rate': 0.002915782928408362, 'lr_reduce': 0.6}",TPESampler,COMPLETE
1765,0.06789583712816238,2025-04-25 18:57:45.517500,2025-04-25 18:57:57.119942,0 days 00:00:11.602442,0.033438474233862925,112,128,288.0,,3,0.009610711823610462,0.6,checkpoints/mlp_Pc_trial_1765_best_state.pt,"{'learning_rate': 0.009610711823610462, 'lr_reduce': 0.6}",TPESampler,COMPLETE
1766,0.08796891570091248,2025-04-25 18:57:50.075653,2025-04-25 18:57:59.910885,0 days 00:00:09.835232,0.0037737195703256565,112,112,160.0,,3,0.007957692406002881,0.6,checkpoints/mlp_Pc_trial_1766_best_state.pt,"{'learning_rate': 0.007957692406002881, 'lr_reduce': 0.6}",TPESampler,COMPLETE
1767,0.07495684921741486,2025-04-25 18:57:57.441930,2025-04-25 18:58:06.119136,0 days 00:00:08.677206,0.0028828341354969495,64,144,320.0,,3,0.009113119825599973,0.6,checkpoints/mlp_Pc_trial_1767_best_state.pt,"{'learning_rate': 0.009113119825599973, 'lr_reduce': 0.6}",TPESampler,COMPLETE
1768,0.08640379458665848,2025-04-25 18:57:59.249350,2025-04-25 18:58:05.500787,0 days 00:00:06.251437,0.02466458434964118,64,96,224.0,144.0,4,0.009649144045673389,0.6,checkpoints/mlp_Pc_trial_1768_best_state.pt,"{'learning_rate': 0.009649144045673389, 'lr_reduce': 0.6}",TPESampler,COMPLETE
1769,0.08446133136749268,2025-04-25 18:58:00.214782,2025-04-25 18:58:06.928965,0 days 00:00:06.714183,0.014326548639369791,128,160,272.0,64.0,4,0.006572057839934327,0.6,checkpoints/mlp_Pc_trial_1769_best_state.pt,"{'learning_rate': 0.006572057839934327, 'lr_reduce': 0.6}",TPESampler,COMPLETE
1770,0.08882039785385132,2025-04-25 18:58:05.784792,2025-04-25 18:58:14.317829,0 days 00:00:08.533037,0.0006805122087553597,192,208,352.0,112.0,4,0.008997831631942644,0.6,checkpoints/mlp_Pc_trial_1770_best_state.pt,"{'learning_rate': 0.008997831631942644, 'lr_reduce': 0.6}",TPESampler,COMPLETE
1771,0.08770887553691864,2025-04-25 18:58:06.488196,2025-04-25 18:58:17.516071,0 days 00:00:11.027875,0.07291188120629966,64,32,320.0,,3,0.004648135032776982,0.6,checkpoints/mlp_Pc_trial_1771_best_state.pt,"{'learning_rate': 0.004648135032776982, 'lr_reduce': 0.6}",TPESampler,COMPLETE
1772,0.09327647089958191,2025-04-25 18:58:07.251574,2025-04-25 18:58:15.764098,0 days 00:00:08.512524,0.0011459496690554146,96,208,272.0,64.0,4,0.009614490990869418,0.6,checkpoints/mlp_Pc_trial_1772_best_state.pt,"{'learning_rate': 0.009614490990869418, 'lr_reduce': 0.6}",TPESampler,COMPLETE
1773,0.08598607033491135,2025-04-25 18:58:14.582514,2025-04-25 18:58:22.908008,0 days 00:00:08.325494,0.010755580904442171,32,80,192.0,144.0,4,0.008962385003843096,0.6,checkpoints/mlp_Pc_trial_1773_best_state.pt,"{'learning_rate': 0.008962385003843096, 'lr_reduce': 0.6}",TPESampler,COMPLETE
1774,0.08088704198598862,2025-04-25 18:58:16.055104,2025-04-25 18:58:24.234554,0 days 00:00:08.179450,0.015063051606788874,112,96,352.0,80.0,4,0.0084566771940371,0.6,checkpoints/mlp_Pc_trial_1774_best_state.pt,"{'learning_rate': 0.0084566771940371, 'lr_reduce': 0.6}",TPESampler,COMPLETE
1775,0.071922667324543,2025-04-25 18:58:17.825289,2025-04-25 18:58:26.675939,0 days 00:00:08.850650,0.003622755312989957,112,192,240.0,144.0,4,0.009006437883317217,0.6,checkpoints/mlp_Pc_trial_1775_best_state.pt,"{'learning_rate': 0.009006437883317217, 'lr_reduce': 0.6}",TPESampler,COMPLETE
1776,0.08729872107505798,2025-04-25 18:58:23.197383,2025-04-25 18:58:33.753752,0 days 00:00:10.556369,0.11881491093732596,256,448,288.0,,3,0.002490025261629218,0.6,checkpoints/mlp_Pc_trial_1776_best_state.pt,"{'learning_rate': 0.002490025261629218, 'lr_reduce': 0.6}",TPESampler,COMPLETE
1777,0.0895204022526741,2025-04-25 18:58:24.589870,2025-04-25 18:58:35.462318,0 days 00:00:10.872448,0.06501289277431956,32,80,336.0,,3,0.005961641405212131,0.6,checkpoints/mlp_Pc_trial_1777_best_state.pt,"{'learning_rate': 0.005961641405212131, 'lr_reduce': 0.6}",TPESampler,COMPLETE
1778,0.09860626608133316,2025-04-25 18:58:27.021199,2025-04-25 18:58:34.124291,0 days 00:00:07.103092,0.006819283481159923,32,32,208.0,32.0,4,0.008139407332588569,0.6,checkpoints/mlp_Pc_trial_1778_best_state.pt,"{'learning_rate': 0.008139407332588569, 'lr_reduce': 0.6}",TPESampler,COMPLETE
1779,0.09095943719148636,2025-04-25 18:58:34.046686,2025-04-25 18:58:42.935297,0 days 00:00:08.888611,0.04667125113749529,144,304,272.0,,3,0.003110539543756015,0.6,checkpoints/mlp_Pc_trial_1779_best_state.pt,"{'learning_rate': 0.003110539543756015, 'lr_reduce': 0.6}",TPESampler,COMPLETE
1780,0.07193219661712646,2025-04-25 18:58:34.464311,2025-04-25 18:58:47.600855,0 days 00:00:13.136544,0.032443956043532486,32,144,352.0,112.0,4,0.005276474986939134,0.6,checkpoints/mlp_Pc_trial_1780_best_state.pt,"{'learning_rate': 0.005276474986939134, 'lr_reduce': 0.6}",TPESampler,COMPLETE
1781,0.0783594474196434,2025-04-25 18:58:35.790749,2025-04-25 18:58:48.305327,0 days 00:00:12.514578,0.06955929624365893,96,368,304.0,,3,0.005601775700111767,0.6,checkpoints/mlp_Pc_trial_1781_best_state.pt,"{'learning_rate': 0.005601775700111767, 'lr_reduce': 0.6}",TPESampler,COMPLETE
1782,0.07701031118631363,2025-04-25 18:58:43.235098,2025-04-25 18:58:53.456798,0 days 00:00:10.221700,0.02934149483788185,48,112,240.0,144.0,4,0.008963948859773717,0.6,checkpoints/mlp_Pc_trial_1782_best_state.pt,"{'learning_rate': 0.008963948859773717, 'lr_reduce': 0.6}",TPESampler,COMPLETE
1783,0.07772799581289291,2025-04-25 18:58:47.890416,2025-04-25 18:58:57.557271,0 days 00:00:09.666855,0.001056889600024564,112,224,352.0,,3,0.0037798293957133963,0.6,checkpoints/mlp_Pc_trial_1783_best_state.pt,"{'learning_rate': 0.0037798293957133963, 'lr_reduce': 0.6}",TPESampler,COMPLETE
1784,0.0787280723452568,2025-04-25 18:58:48.643643,2025-04-25 18:58:58.711568,0 days 00:00:10.067925,0.044608197583709604,64,112,288.0,,3,0.0025764540325147254,0.6,checkpoints/mlp_Pc_trial_1784_best_state.pt,"{'learning_rate': 0.0025764540325147254, 'lr_reduce': 0.6}",TPESampler,COMPLETE
1785,0.07300206273794174,2025-04-25 18:58:53.804511,2025-04-25 18:59:07.159848,0 days 00:00:13.355337,0.056063150772422916,32,256,208.0,80.0,4,0.004177282748762782,0.6,checkpoints/mlp_Pc_trial_1785_best_state.pt,"{'learning_rate': 0.004177282748762782, 'lr_reduce': 0.6}",TPESampler,COMPLETE
