number,value,datetime_start,datetime_complete,duration,params_final_dropout,params_mlp_dim_00,params_mlp_dim_01,params_mlp_dim_02,params_mlp_dim_03,params_mlp_n_layers,params_train_learning_rate,params_train_lr_reduce,user_attrs_best_state_dict_path,user_attrs_training_params,system_attrs_auto:sampler,state
971,0.07838045805692673,2025-04-25 18:03:16.787179,2025-04-25 18:03:32.734664,0 days 00:00:15.947485,0.051834529528553136,208,416,304.0,160.0,4,0.0015818225846780322,0.6,checkpoints/mlp_Pc_trial_971_best_state.pt,"{'learning_rate': 0.0015818225846780322, 'lr_reduce': 0.6}",TPESampler,COMPLETE
972,0.06318093836307526,2025-04-25 18:03:25.870076,2025-04-25 18:03:36.515473,0 days 00:00:10.645397,0.020744937734556736,192,464,240.0,64.0,4,0.0015760273310032203,0.6,checkpoints/mlp_Pc_trial_972_best_state.pt,"{'learning_rate': 0.0015760273310032203, 'lr_reduce': 0.6}",TPESampler,COMPLETE
973,0.13280071318149567,2025-04-25 18:03:32.997991,2025-04-25 18:04:04.509604,0 days 00:00:31.511613,0.11359865623995621,352,368,,,2,0.0001233472359564322,0.6,checkpoints/mlp_Pc_trial_973_best_state.pt,"{'learning_rate': 0.0001233472359564322, 'lr_reduce': 0.6}",TPESampler,COMPLETE
974,0.07925853878259659,2025-04-25 18:03:35.494084,2025-04-25 18:03:44.448042,0 days 00:00:08.953958,0.02538691865853107,176,288,304.0,112.0,4,0.009219240600103588,0.6,checkpoints/mlp_Pc_trial_974_best_state.pt,"{'learning_rate': 0.009219240600103588, 'lr_reduce': 0.6}",TPESampler,COMPLETE
975,0.07203032821416855,2025-04-25 18:03:36.865973,2025-04-25 18:03:48.795859,0 days 00:00:11.929886,0.068056081407641,256,400,176.0,32.0,4,0.0021065249558303275,0.6,checkpoints/mlp_Pc_trial_975_best_state.pt,"{'learning_rate': 0.0021065249558303275, 'lr_reduce': 0.6}",TPESampler,COMPLETE
976,0.07265087217092514,2025-04-25 18:03:44.773885,2025-04-25 18:03:57.220579,0 days 00:00:12.446694,0.04912757461038451,224,496,208.0,112.0,4,0.0017597786347758886,0.6,checkpoints/mlp_Pc_trial_976_best_state.pt,"{'learning_rate': 0.0017597786347758886, 'lr_reduce': 0.6}",TPESampler,COMPLETE
977,0.0913529172539711,2025-04-25 18:03:49.109452,2025-04-25 18:03:59.397402,0 days 00:00:10.287950,0.12797896852075483,176,448,224.0,80.0,4,0.0023669759517120203,0.6,checkpoints/mlp_Pc_trial_977_best_state.pt,"{'learning_rate': 0.0023669759517120203, 'lr_reduce': 0.6}",TPESampler,COMPLETE
978,0.0748579204082489,2025-04-25 18:03:57.520827,2025-04-25 18:04:06.645095,0 days 00:00:09.124268,0.05869613009136256,32,272,208.0,160.0,4,0.009314126105817304,0.6,checkpoints/mlp_Pc_trial_978_best_state.pt,"{'learning_rate': 0.009314126105817304, 'lr_reduce': 0.6}",TPESampler,COMPLETE
979,0.08724312484264374,2025-04-25 18:03:59.715068,2025-04-25 18:04:10.427257,0 days 00:00:10.712189,0.002483429123447005,32,192,144.0,32.0,4,0.0026449071745566857,0.6,checkpoints/mlp_Pc_trial_979_best_state.pt,"{'learning_rate': 0.0026449071745566857, 'lr_reduce': 0.6}",TPESampler,COMPLETE
980,0.09522853046655655,2025-04-25 18:04:04.776392,2025-04-25 18:04:15.968968,0 days 00:00:11.192576,0.25681018890200263,272,128,,,2,0.0023329213626293722,0.6,checkpoints/mlp_Pc_trial_980_best_state.pt,"{'learning_rate': 0.0023329213626293722, 'lr_reduce': 0.6}",TPESampler,COMPLETE
981,0.07642941921949387,2025-04-25 18:04:06.915092,2025-04-25 18:04:18.654728,0 days 00:00:11.739636,0.031157756599808455,336,464,240.0,80.0,4,0.0008201188817795991,0.6,checkpoints/mlp_Pc_trial_981_best_state.pt,"{'learning_rate': 0.0008201188817795991, 'lr_reduce': 0.6}",TPESampler,COMPLETE
982,0.07468479126691818,2025-04-25 18:04:10.697415,2025-04-25 18:04:20.002269,0 days 00:00:09.304854,0.01666983980838868,176,512,256.0,128.0,4,0.0015812673540895118,0.6,checkpoints/mlp_Pc_trial_982_best_state.pt,"{'learning_rate': 0.0015812673540895118, 'lr_reduce': 0.6}",TPESampler,COMPLETE
983,0.08238755166530609,2025-04-25 18:04:16.286654,2025-04-25 18:04:29.482614,0 days 00:00:13.195960,0.07872635890790843,96,432,304.0,64.0,4,0.0022790029082329286,0.6,checkpoints/mlp_Pc_trial_983_best_state.pt,"{'learning_rate': 0.0022790029082329286, 'lr_reduce': 0.6}",TPESampler,COMPLETE
984,0.0639248937368393,2025-04-25 18:04:18.919640,2025-04-25 18:04:31.777077,0 days 00:00:12.857437,0.01811390794012797,192,496,256.0,176.0,4,0.0008878558146243471,0.6,checkpoints/mlp_Pc_trial_984_best_state.pt,"{'learning_rate': 0.0008878558146243471, 'lr_reduce': 0.6}",TPESampler,COMPLETE
985,0.4895409345626831,2025-04-25 18:04:20.326817,2025-04-25 18:04:40.742054,0 days 00:00:20.415237,0.28479836734532604,496,400,320.0,32.0,4,0.00012065688744036413,0.6,checkpoints/mlp_Pc_trial_985_best_state.pt,"{'learning_rate': 0.00012065688744036413, 'lr_reduce': 0.6}",TPESampler,COMPLETE
986,0.09281857311725616,2025-04-25 18:04:29.761789,2025-04-25 18:04:43.047927,0 days 00:00:13.286138,0.056632806847006216,176,432,208.0,112.0,4,0.0006356635414338459,0.6,checkpoints/mlp_Pc_trial_986_best_state.pt,"{'learning_rate': 0.0006356635414338459, 'lr_reduce': 0.6}",TPESampler,COMPLETE
987,0.07181104272603989,2025-04-25 18:04:32.088893,2025-04-25 18:04:48.201027,0 days 00:00:16.112134,0.02658159011391184,224,448,256.0,208.0,4,0.0007109314220199656,0.6,checkpoints/mlp_Pc_trial_987_best_state.pt,"{'learning_rate': 0.0007109314220199656, 'lr_reduce': 0.6}",TPESampler,COMPLETE
988,0.07566193491220474,2025-04-25 18:04:41.020861,2025-04-25 18:04:58.302431,0 days 00:00:17.281570,0.05867161279296382,176,448,224.0,176.0,4,0.00177367104498213,0.6,checkpoints/mlp_Pc_trial_988_best_state.pt,"{'learning_rate': 0.00177367104498213, 'lr_reduce': 0.6}",TPESampler,COMPLETE
989,0.07832102477550507,2025-04-25 18:04:43.342123,2025-04-25 18:04:53.779737,0 days 00:00:10.437614,0.025031804289760533,256,448,256.0,176.0,4,0.0014111405429470976,0.6,checkpoints/mlp_Pc_trial_989_best_state.pt,"{'learning_rate': 0.0014111405429470976, 'lr_reduce': 0.6}",TPESampler,COMPLETE
990,0.07565702497959137,2025-04-25 18:04:48.518258,2025-04-25 18:04:57.882214,0 days 00:00:09.363956,0.022606529842932332,256,432,256.0,176.0,4,0.002245549606337247,0.6,checkpoints/mlp_Pc_trial_990_best_state.pt,"{'learning_rate': 0.002245549606337247, 'lr_reduce': 0.6}",TPESampler,COMPLETE
991,0.08350690454244614,2025-04-25 18:04:54.091476,2025-04-25 18:05:06.780260,0 days 00:00:12.688784,0.018355741366258865,32,304,192.0,192.0,4,0.009950586833061806,0.6,checkpoints/mlp_Pc_trial_991_best_state.pt,"{'learning_rate': 0.009950586833061806, 'lr_reduce': 0.6}",TPESampler,COMPLETE
992,0.07650090008974075,2025-04-25 18:04:58.225535,2025-04-25 18:05:09.606740,0 days 00:00:11.381205,0.07331183851896067,192,432,256.0,176.0,4,0.0009349635693306072,0.6,checkpoints/mlp_Pc_trial_992_best_state.pt,"{'learning_rate': 0.0009349635693306072, 'lr_reduce': 0.6}",TPESampler,COMPLETE
993,0.07821118831634521,2025-04-25 18:04:58.668970,2025-04-25 18:05:10.609291,0 days 00:00:11.940321,0.03670736795418276,144,512,208.0,176.0,4,0.0009119685011380502,0.6,checkpoints/mlp_Pc_trial_993_best_state.pt,"{'learning_rate': 0.0009119685011380502, 'lr_reduce': 0.6}",TPESampler,COMPLETE
994,0.08172766864299774,2025-04-25 18:05:07.059719,2025-04-25 18:05:14.514976,0 days 00:00:07.455257,0.0018738934728416015,96,144,256.0,160.0,4,0.008483455491965618,0.6,checkpoints/mlp_Pc_trial_994_best_state.pt,"{'learning_rate': 0.008483455491965618, 'lr_reduce': 0.6}",TPESampler,COMPLETE
995,0.09816654771566391,2025-04-25 18:05:09.858716,2025-04-25 18:05:22.875796,0 days 00:00:13.017080,0.09096394851195003,208,512,272.0,144.0,4,0.00044752757322465955,0.6,checkpoints/mlp_Pc_trial_995_best_state.pt,"{'learning_rate': 0.00044752757322465955, 'lr_reduce': 0.6}",TPESampler,COMPLETE
996,0.06999450922012329,2025-04-25 18:05:10.907446,2025-04-25 18:05:23.351392,0 days 00:00:12.443946,0.01647668976756677,192,368,192.0,176.0,4,0.0015762465370912104,0.6,checkpoints/mlp_Pc_trial_996_best_state.pt,"{'learning_rate': 0.0015762465370912104, 'lr_reduce': 0.6}",TPESampler,COMPLETE
997,0.07866155356168747,2025-04-25 18:05:14.830615,2025-04-25 18:05:22.172492,0 days 00:00:07.341877,0.012782380893645964,48,160,256.0,128.0,4,0.009277272840147507,0.6,checkpoints/mlp_Pc_trial_997_best_state.pt,"{'learning_rate': 0.009277272840147507, 'lr_reduce': 0.6}",TPESampler,COMPLETE
998,0.08057239651679993,2025-04-25 18:05:22.424906,2025-04-25 18:05:36.322683,0 days 00:00:13.897777,0.005229995079844766,224,512,272.0,128.0,4,0.0006829698840642096,0.6,checkpoints/mlp_Pc_trial_998_best_state.pt,"{'learning_rate': 0.0006829698840642096, 'lr_reduce': 0.6}",TPESampler,COMPLETE
999,0.06940849870443344,2025-04-25 18:05:23.138447,2025-04-25 18:05:35.421497,0 days 00:00:12.283050,0.000977410370826718,176,464,128.0,192.0,4,0.0007423036432765193,0.6,checkpoints/mlp_Pc_trial_999_best_state.pt,"{'learning_rate': 0.0007423036432765193, 'lr_reduce': 0.6}",TPESampler,COMPLETE
1000,0.07326905429363251,2025-04-25 18:05:23.645635,2025-04-25 18:05:34.378340,0 days 00:00:10.732705,0.015950269705527417,208,496,224.0,128.0,4,0.0016730766354715691,0.6,checkpoints/mlp_Pc_trial_1000_best_state.pt,"{'learning_rate': 0.0016730766354715691, 'lr_reduce': 0.6}",TPESampler,COMPLETE
1001,0.08296626061201096,2025-04-25 18:05:34.690171,2025-04-25 18:05:45.797285,0 days 00:00:11.107114,0.027552849503228304,32,192,304.0,,3,0.005744708574670934,0.6,checkpoints/mlp_Pc_trial_1001_best_state.pt,"{'learning_rate': 0.005744708574670934, 'lr_reduce': 0.6}",TPESampler,COMPLETE
1002,0.0834452286362648,2025-04-25 18:05:35.690958,2025-04-25 18:05:49.673151,0 days 00:00:13.982193,0.07301607072179869,288,480,208.0,208.0,4,0.0009872144796460314,0.6,checkpoints/mlp_Pc_trial_1002_best_state.pt,"{'learning_rate': 0.0009872144796460314, 'lr_reduce': 0.6}",TPESampler,COMPLETE
1003,0.08890151977539062,2025-04-25 18:05:36.667811,2025-04-25 18:05:46.573165,0 days 00:00:09.905354,0.2919459657550212,480,336,288.0,,3,0.003036730541505827,0.6,checkpoints/mlp_Pc_trial_1003_best_state.pt,"{'learning_rate': 0.003036730541505827, 'lr_reduce': 0.6}",TPESampler,COMPLETE
1004,0.07462471723556519,2025-04-25 18:05:46.037220,2025-04-25 18:05:56.960487,0 days 00:00:10.923267,0.0735009549800998,192,496,256.0,400.0,4,0.0030933853114875004,0.6,checkpoints/mlp_Pc_trial_1004_best_state.pt,"{'learning_rate': 0.0030933853114875004, 'lr_reduce': 0.6}",TPESampler,COMPLETE
1005,0.09028208255767822,2025-04-25 18:05:46.784377,2025-04-25 18:05:56.117856,0 days 00:00:09.333479,0.05525013663887375,32,64,304.0,128.0,4,0.008932761388753166,0.6,checkpoints/mlp_Pc_trial_1005_best_state.pt,"{'learning_rate': 0.008932761388753166, 'lr_reduce': 0.6}",TPESampler,COMPLETE
1006,0.07188421487808228,2025-04-25 18:05:49.919561,2025-04-25 18:06:03.219767,0 days 00:00:13.300206,0.04595803615386448,192,512,176.0,112.0,4,0.0007885433891676487,0.6,checkpoints/mlp_Pc_trial_1006_best_state.pt,"{'learning_rate': 0.0007885433891676487, 'lr_reduce': 0.6}",TPESampler,COMPLETE
1007,0.07463061809539795,2025-04-25 18:05:56.360899,2025-04-25 18:06:07.348406,0 days 00:00:10.987507,0.001998581782012617,320,512,224.0,176.0,4,0.0013641229800543599,0.6,checkpoints/mlp_Pc_trial_1007_best_state.pt,"{'learning_rate': 0.0013641229800543599, 'lr_reduce': 0.6}",TPESampler,COMPLETE
1008,0.09188687801361084,2025-04-25 18:05:57.206587,2025-04-25 18:06:10.370970,0 days 00:00:13.164383,0.05633107203758053,128,160,272.0,,3,0.0008694088776040952,0.6,checkpoints/mlp_Pc_trial_1008_best_state.pt,"{'learning_rate': 0.0008694088776040952, 'lr_reduce': 0.6}",TPESampler,COMPLETE
1009,0.10730619728565216,2025-04-25 18:06:03.488323,2025-04-25 18:06:36.766741,0 days 00:00:33.278418,0.03563998901620549,464,432,304.0,,3,0.00011899896557038859,0.6,checkpoints/mlp_Pc_trial_1009_best_state.pt,"{'learning_rate': 0.00011899896557038859, 'lr_reduce': 0.6}",TPESampler,COMPLETE
1010,0.06366369873285294,2025-04-25 18:06:07.789092,2025-04-25 18:06:19.167255,0 days 00:00:11.378163,0.002359092454786227,192,432,240.0,112.0,4,0.0015186702446540823,0.6,checkpoints/mlp_Pc_trial_1010_best_state.pt,"{'learning_rate': 0.0015186702446540823, 'lr_reduce': 0.6}",TPESampler,COMPLETE
1011,0.08220665901899338,2025-04-25 18:06:10.658244,2025-04-25 18:06:26.955285,0 days 00:00:16.297041,0.07247501037668305,32,128,304.0,80.0,4,0.009676258677423758,0.6,checkpoints/mlp_Pc_trial_1011_best_state.pt,"{'learning_rate': 0.009676258677423758, 'lr_reduce': 0.6}",TPESampler,COMPLETE
1012,0.07456998527050018,2025-04-25 18:06:19.489830,2025-04-25 18:06:31.497593,0 days 00:00:12.007763,0.048908301621530925,112,384,224.0,,3,0.00158591726028613,0.6,checkpoints/mlp_Pc_trial_1012_best_state.pt,"{'learning_rate': 0.00158591726028613, 'lr_reduce': 0.6}",TPESampler,COMPLETE
1013,0.08907850831747055,2025-04-25 18:06:27.267319,2025-04-25 18:06:39.433331,0 days 00:00:12.166012,0.010961648246268607,48,368,,,2,0.0025887612751470724,0.6,checkpoints/mlp_Pc_trial_1013_best_state.pt,"{'learning_rate': 0.0025887612751470724, 'lr_reduce': 0.6}",TPESampler,COMPLETE
1014,0.07323905825614929,2025-04-25 18:06:31.758632,2025-04-25 18:06:42.056194,0 days 00:00:10.297562,0.028931595770572305,176,384,192.0,144.0,4,0.0017305034484806114,0.6,checkpoints/mlp_Pc_trial_1014_best_state.pt,"{'learning_rate': 0.0017305034484806114, 'lr_reduce': 0.6}",TPESampler,COMPLETE
1015,0.06850874423980713,2025-04-25 18:06:37.040685,2025-04-25 18:06:48.108309,0 days 00:00:11.067624,0.018789223673583932,192,512,240.0,160.0,4,0.0012289871634239657,0.6,checkpoints/mlp_Pc_trial_1015_best_state.pt,"{'learning_rate': 0.0012289871634239657, 'lr_reduce': 0.6}",TPESampler,COMPLETE
1016,0.06643073260784149,2025-04-25 18:06:39.704392,2025-04-25 18:06:52.004147,0 days 00:00:12.299755,0.034929846905998804,144,448,224.0,128.0,4,0.0025399887709384983,0.6,checkpoints/mlp_Pc_trial_1016_best_state.pt,"{'learning_rate': 0.0025399887709384983, 'lr_reduce': 0.6}",TPESampler,COMPLETE
1017,0.07027338445186615,2025-04-25 18:06:42.392098,2025-04-25 18:06:50.837693,0 days 00:00:08.445595,0.008637455012187531,32,176,256.0,144.0,4,0.007895845441821895,0.6,checkpoints/mlp_Pc_trial_1017_best_state.pt,"{'learning_rate': 0.007895845441821895, 'lr_reduce': 0.6}",TPESampler,COMPLETE
1018,0.0747562050819397,2025-04-25 18:06:48.362497,2025-04-25 18:06:56.971304,0 days 00:00:08.608807,0.02105173182911598,192,448,160.0,208.0,4,0.002721608866085512,0.6,checkpoints/mlp_Pc_trial_1018_best_state.pt,"{'learning_rate': 0.002721608866085512, 'lr_reduce': 0.6}",TPESampler,COMPLETE
1019,0.22446608543395996,2025-04-25 18:06:51.074320,2025-04-25 18:07:36.831222,0 days 00:00:45.756902,0.23003834603414586,128,288,240.0,,3,0.00011114703167738261,0.6,checkpoints/mlp_Pc_trial_1019_best_state.pt,"{'learning_rate': 0.00011114703167738261, 'lr_reduce': 0.6}",TPESampler,COMPLETE
1020,0.07442222535610199,2025-04-25 18:06:52.375016,2025-04-25 18:07:03.348671,0 days 00:00:10.973655,0.022617580286557516,32,272,192.0,128.0,4,0.008687234636153425,0.6,checkpoints/mlp_Pc_trial_1020_best_state.pt,"{'learning_rate': 0.008687234636153425, 'lr_reduce': 0.6}",TPESampler,COMPLETE
1021,0.07826483249664307,2025-04-25 18:06:57.232024,2025-04-25 18:07:11.098620,0 days 00:00:13.866596,0.0013418219040094645,272,240,256.0,128.0,4,0.0006808643647993278,0.6,checkpoints/mlp_Pc_trial_1021_best_state.pt,"{'learning_rate': 0.0006808643647993278, 'lr_reduce': 0.6}",TPESampler,COMPLETE
1022,0.07808040082454681,2025-04-25 18:07:03.676819,2025-04-25 18:07:16.058654,0 days 00:00:12.381835,0.043433023841886485,208,368,240.0,176.0,4,0.001304060004302302,0.6,checkpoints/mlp_Pc_trial_1022_best_state.pt,"{'learning_rate': 0.001304060004302302, 'lr_reduce': 0.6}",TPESampler,COMPLETE
1023,0.0771859884262085,2025-04-25 18:07:11.379150,2025-04-25 18:07:26.575335,0 days 00:00:15.196185,0.0426838510470854,272,464,272.0,112.0,4,0.0009093197333835552,0.6,checkpoints/mlp_Pc_trial_1023_best_state.pt,"{'learning_rate': 0.0009093197333835552, 'lr_reduce': 0.6}",TPESampler,COMPLETE
1024,0.13014265894889832,2025-04-25 18:07:16.331112,2025-04-25 18:07:28.811827,0 days 00:00:12.480715,0.2924046863170927,144,256,208.0,,3,0.002801148021765385,0.6,checkpoints/mlp_Pc_trial_1024_best_state.pt,"{'learning_rate': 0.002801148021765385, 'lr_reduce': 0.6}",TPESampler,COMPLETE
1025,0.06739738583564758,2025-04-25 18:07:26.848196,2025-04-25 18:07:39.270598,0 days 00:00:12.422402,0.024047293479382347,160,416,80.0,128.0,4,0.001750229173634083,0.6,checkpoints/mlp_Pc_trial_1025_best_state.pt,"{'learning_rate': 0.001750229173634083, 'lr_reduce': 0.6}",TPESampler,COMPLETE
1026,0.09086454659700394,2025-04-25 18:07:29.108183,2025-04-25 18:07:39.513454,0 days 00:00:10.405271,0.06254611172276538,32,240,272.0,,3,0.0016001595536531748,0.6,checkpoints/mlp_Pc_trial_1026_best_state.pt,"{'learning_rate': 0.0016001595536531748, 'lr_reduce': 0.6}",TPESampler,COMPLETE
1027,0.0772012323141098,2025-04-25 18:07:37.132126,2025-04-25 18:07:54.922022,0 days 00:00:17.789896,0.014144495058484124,144,320,192.0,,3,0.00046735947498499685,0.6,checkpoints/mlp_Pc_trial_1027_best_state.pt,"{'learning_rate': 0.00046735947498499685, 'lr_reduce': 0.6}",TPESampler,COMPLETE
1028,0.07913371175527573,2025-04-25 18:07:39.567435,2025-04-25 18:07:52.111075,0 days 00:00:12.543640,0.005054087275670784,144,368,256.0,208.0,4,0.004303607554516208,0.6,checkpoints/mlp_Pc_trial_1028_best_state.pt,"{'learning_rate': 0.004303607554516208, 'lr_reduce': 0.6}",TPESampler,COMPLETE
1029,0.0732039287686348,2025-04-25 18:07:39.784791,2025-04-25 18:07:57.283985,0 days 00:00:17.499194,0.0006417446045014902,176,432,288.0,112.0,4,0.0009233122376113261,0.6,checkpoints/mlp_Pc_trial_1029_best_state.pt,"{'learning_rate': 0.0009233122376113261, 'lr_reduce': 0.6}",TPESampler,COMPLETE
1030,0.0780668780207634,2025-04-25 18:07:52.580564,2025-04-25 18:08:05.721203,0 days 00:00:13.140639,0.08706534477632576,512,496,224.0,160.0,4,0.0018779346269164028,0.6,checkpoints/mlp_Pc_trial_1030_best_state.pt,"{'learning_rate': 0.0018779346269164028, 'lr_reduce': 0.6}",TPESampler,COMPLETE
1031,0.07302677631378174,2025-04-25 18:07:55.248957,2025-04-25 18:08:08.149679,0 days 00:00:12.900722,0.014704104640034202,240,464,288.0,112.0,4,0.0023912665297961743,0.6,checkpoints/mlp_Pc_trial_1031_best_state.pt,"{'learning_rate': 0.0023912665297961743, 'lr_reduce': 0.6}",TPESampler,COMPLETE
1032,0.08808939903974533,2025-04-25 18:07:57.554040,2025-04-25 18:08:07.014791,0 days 00:00:09.460751,0.05541900886410216,96,208,240.0,208.0,4,0.003285930008330306,0.6,checkpoints/mlp_Pc_trial_1032_best_state.pt,"{'learning_rate': 0.003285930008330306, 'lr_reduce': 0.6}",TPESampler,COMPLETE
1033,0.08555687963962555,2025-04-25 18:08:05.996455,2025-04-25 18:08:15.834703,0 days 00:00:09.838248,0.00507386482855993,256,384,160.0,96.0,4,0.0024573602223723233,0.6,checkpoints/mlp_Pc_trial_1033_best_state.pt,"{'learning_rate': 0.0024573602223723233, 'lr_reduce': 0.6}",TPESampler,COMPLETE
1034,0.06158322095870972,2025-04-25 18:08:07.266825,2025-04-25 18:08:16.961809,0 days 00:00:09.694984,0.03587563980829699,112,256,304.0,160.0,4,0.0035754640773133835,0.6,checkpoints/mlp_Pc_trial_1034_best_state.pt,"{'learning_rate': 0.0035754640773133835, 'lr_reduce': 0.6}",TPESampler,COMPLETE
1035,0.07147300243377686,2025-04-25 18:08:08.425124,2025-04-25 18:08:18.982492,0 days 00:00:10.557368,0.0019814649476499607,192,432,208.0,96.0,4,0.0010569667773874054,0.6,checkpoints/mlp_Pc_trial_1035_best_state.pt,"{'learning_rate': 0.0010569667773874054, 'lr_reduce': 0.6}",TPESampler,COMPLETE
1036,0.07366800308227539,2025-04-25 18:08:16.187282,2025-04-25 18:08:31.203628,0 days 00:00:15.016346,0.06201143106261501,112,384,304.0,,3,0.002088984406778601,0.6,checkpoints/mlp_Pc_trial_1036_best_state.pt,"{'learning_rate': 0.002088984406778601, 'lr_reduce': 0.6}",TPESampler,COMPLETE
1037,0.08383165299892426,2025-04-25 18:08:17.229341,2025-04-25 18:08:28.516191,0 days 00:00:11.286850,0.0639732916738161,208,240,288.0,192.0,4,0.0026475109980143804,0.6,checkpoints/mlp_Pc_trial_1037_best_state.pt,"{'learning_rate': 0.0026475109980143804, 'lr_reduce': 0.6}",TPESampler,COMPLETE
1038,0.07366836071014404,2025-04-25 18:08:19.277652,2025-04-25 18:08:30.464262,0 days 00:00:11.186610,0.05602870674501575,96,176,304.0,176.0,4,0.0031772453053778285,0.6,checkpoints/mlp_Pc_trial_1038_best_state.pt,"{'learning_rate': 0.0031772453053778285, 'lr_reduce': 0.6}",TPESampler,COMPLETE
1039,0.08110999315977097,2025-04-25 18:08:28.789067,2025-04-25 18:08:37.438458,0 days 00:00:08.649391,0.05629813377277486,96,240,304.0,192.0,4,0.00391990673453926,0.6,checkpoints/mlp_Pc_trial_1039_best_state.pt,"{'learning_rate': 0.00391990673453926, 'lr_reduce': 0.6}",TPESampler,COMPLETE
1040,0.08499585837125778,2025-04-25 18:08:30.728145,2025-04-25 18:08:43.698927,0 days 00:00:12.970782,0.06556256326534543,112,304,272.0,176.0,4,0.0017303650815469465,0.6,checkpoints/mlp_Pc_trial_1040_best_state.pt,"{'learning_rate': 0.0017303650815469465, 'lr_reduce': 0.6}",TPESampler,COMPLETE
1041,0.0726650208234787,2025-04-25 18:08:31.479333,2025-04-25 18:08:44.038621,0 days 00:00:12.559288,0.1095906980236274,64,336,304.0,160.0,4,0.0036032532769051757,0.6,checkpoints/mlp_Pc_trial_1041_best_state.pt,"{'learning_rate': 0.0036032532769051757, 'lr_reduce': 0.6}",TPESampler,COMPLETE
1042,0.07845281064510345,2025-04-25 18:08:37.710656,2025-04-25 18:08:51.405064,0 days 00:00:13.694408,0.004538060402146545,48,368,256.0,,3,0.0009065359385851238,0.6,checkpoints/mlp_Pc_trial_1042_best_state.pt,"{'learning_rate': 0.0009065359385851238, 'lr_reduce': 0.6}",TPESampler,COMPLETE
1043,0.08065695315599442,2025-04-25 18:08:43.971690,2025-04-25 18:08:56.809210,0 days 00:00:12.837520,0.04192345475654257,144,192,304.0,224.0,4,0.0012794900667657723,0.6,checkpoints/mlp_Pc_trial_1043_best_state.pt,"{'learning_rate': 0.0012794900667657723, 'lr_reduce': 0.6}",TPESampler,COMPLETE
1044,0.07777460664510727,2025-04-25 18:08:44.271876,2025-04-25 18:08:52.142689,0 days 00:00:07.870813,0.002189075412547474,176,224,256.0,160.0,4,0.005187559477924241,0.6,checkpoints/mlp_Pc_trial_1044_best_state.pt,"{'learning_rate': 0.005187559477924241, 'lr_reduce': 0.6}",TPESampler,COMPLETE
