number,value,datetime_start,datetime_complete,duration,params_final_dropout,params_mlp_dim_00,params_mlp_dim_01,params_mlp_dim_02,params_mlp_dim_03,params_mlp_n_layers,params_train_learning_rate,params_train_lr_reduce,user_attrs_best_state_dict_path,user_attrs_training_params,system_attrs_auto:sampler,state
1119,0.07853631675243378,2025-04-25 18:13:29.474396,2025-04-25 18:13:42.261583,0 days 00:00:12.787187,0.08464988750857957,192,208,176.0,,3,0.0009481502300992117,0.6,checkpoints/mlp_Pc_trial_1119_best_state.pt,"{'learning_rate': 0.0009481502300992117, 'lr_reduce': 0.6}",TPESampler,COMPLETE
1120,0.08512108772993088,2025-04-25 18:13:34.551241,2025-04-25 18:13:40.872828,0 days 00:00:06.321587,0.008414713571041628,48,224,272.0,80.0,4,0.009622278712554385,0.6,checkpoints/mlp_Pc_trial_1120_best_state.pt,"{'learning_rate': 0.009622278712554385, 'lr_reduce': 0.6}",TPESampler,COMPLETE
1121,0.07828989624977112,2025-04-25 18:13:37.221040,2025-04-25 18:13:50.803700,0 days 00:00:13.582660,0.07641426731546005,112,160,256.0,,3,0.003164163740437549,0.6,checkpoints/mlp_Pc_trial_1121_best_state.pt,"{'learning_rate': 0.003164163740437549, 'lr_reduce': 0.6}",TPESampler,COMPLETE
1122,0.08441362529993057,2025-04-25 18:13:41.211944,2025-04-25 18:13:51.701414,0 days 00:00:10.489470,0.08723293579182058,160,256,208.0,176.0,4,0.0019938237739068367,0.6,checkpoints/mlp_Pc_trial_1122_best_state.pt,"{'learning_rate': 0.0019938237739068367, 'lr_reduce': 0.6}",TPESampler,COMPLETE
1123,0.0979667603969574,2025-04-25 18:13:42.552957,2025-04-25 18:13:57.829953,0 days 00:00:15.276996,0.07593491911861172,32,288,288.0,,3,0.0053398111321594196,0.6,checkpoints/mlp_Pc_trial_1123_best_state.pt,"{'learning_rate': 0.0053398111321594196, 'lr_reduce': 0.6}",TPESampler,COMPLETE
1124,0.08510223776102066,2025-04-25 18:13:51.069812,2025-04-25 18:14:01.628778,0 days 00:00:10.558966,0.04642763263755631,208,288,224.0,80.0,4,0.0012553915383111671,0.6,checkpoints/mlp_Pc_trial_1124_best_state.pt,"{'learning_rate': 0.0012553915383111671, 'lr_reduce': 0.6}",TPESampler,COMPLETE
1125,0.07769091427326202,2025-04-25 18:13:51.993133,2025-04-25 18:14:01.950346,0 days 00:00:09.957213,0.03687285277522052,144,352,288.0,336.0,4,0.0011481499783052346,0.6,checkpoints/mlp_Pc_trial_1125_best_state.pt,"{'learning_rate': 0.0011481499783052346, 'lr_reduce': 0.6}",TPESampler,COMPLETE
1126,0.09133844077587128,2025-04-25 18:13:58.127031,2025-04-25 18:14:09.599898,0 days 00:00:11.472867,0.11806584840589308,80,176,176.0,,3,0.0021777175391684447,0.6,checkpoints/mlp_Pc_trial_1126_best_state.pt,"{'learning_rate': 0.0021777175391684447, 'lr_reduce': 0.6}",TPESampler,COMPLETE
1127,0.08694662153720856,2025-04-25 18:14:01.892631,2025-04-25 18:14:09.826497,0 days 00:00:07.933866,0.06177878459218991,112,128,240.0,128.0,4,0.0019344270328821146,0.6,checkpoints/mlp_Pc_trial_1127_best_state.pt,"{'learning_rate': 0.0019344270328821146, 'lr_reduce': 0.6}",TPESampler,COMPLETE
1128,0.10038461536169052,2025-04-25 18:14:02.349115,2025-04-25 18:14:09.646723,0 days 00:00:07.297608,0.019960661306955965,160,224,288.0,,3,0.009053447835118343,0.6,checkpoints/mlp_Pc_trial_1128_best_state.pt,"{'learning_rate': 0.009053447835118343, 'lr_reduce': 0.6}",TPESampler,COMPLETE
1129,0.07638385891914368,2025-04-25 18:14:09.780837,2025-04-25 18:14:20.382231,0 days 00:00:10.601394,0.01047435816524215,208,432,256.0,224.0,4,0.001706652501650391,0.6,checkpoints/mlp_Pc_trial_1129_best_state.pt,"{'learning_rate': 0.001706652501650391, 'lr_reduce': 0.6}",TPESampler,COMPLETE
1130,0.07914534211158752,2025-04-25 18:14:09.901224,2025-04-25 18:14:19.821544,0 days 00:00:09.920320,0.011348233547042685,96,480,208.0,,3,0.0036270843171924473,0.6,checkpoints/mlp_Pc_trial_1130_best_state.pt,"{'learning_rate': 0.0036270843171924473, 'lr_reduce': 0.6}",TPESampler,COMPLETE
1131,0.0721035972237587,2025-04-25 18:14:10.080482,2025-04-25 18:14:20.325355,0 days 00:00:10.244873,0.004256423031590156,192,448,320.0,64.0,4,0.001735479379828355,0.6,checkpoints/mlp_Pc_trial_1131_best_state.pt,"{'learning_rate': 0.001735479379828355, 'lr_reduce': 0.6}",TPESampler,COMPLETE
1132,0.09345542639493942,2025-04-25 18:14:20.217808,2025-04-25 18:14:27.772600,0 days 00:00:07.554792,0.05653073826404882,144,192,128.0,160.0,4,0.009698911127534087,0.6,checkpoints/mlp_Pc_trial_1132_best_state.pt,"{'learning_rate': 0.009698911127534087, 'lr_reduce': 0.6}",TPESampler,COMPLETE
1133,0.08693982660770416,2025-04-25 18:14:20.573659,2025-04-25 18:14:31.621782,0 days 00:00:11.048123,0.08264024048529742,48,128,256.0,80.0,4,0.002835162560725341,0.6,checkpoints/mlp_Pc_trial_1133_best_state.pt,"{'learning_rate': 0.002835162560725341, 'lr_reduce': 0.6}",TPESampler,COMPLETE
1134,0.07888604700565338,2025-04-25 18:14:20.624345,2025-04-25 18:14:30.190680,0 days 00:00:09.566335,0.040213522103667104,48,192,320.0,,3,0.0032851097756720696,0.6,checkpoints/mlp_Pc_trial_1134_best_state.pt,"{'learning_rate': 0.0032851097756720696, 'lr_reduce': 0.6}",TPESampler,COMPLETE
1135,0.11104249954223633,2025-04-25 18:14:28.026501,2025-04-25 18:14:59.666644,0 days 00:00:31.640143,0.18555465155632447,80,96,,,2,0.00042525024272533973,0.6,checkpoints/mlp_Pc_trial_1135_best_state.pt,"{'learning_rate': 0.00042525024272533973, 'lr_reduce': 0.6}",TPESampler,COMPLETE
1136,0.07746340334415436,2025-04-25 18:14:30.455615,2025-04-25 18:14:39.795404,0 days 00:00:09.339789,0.054998222228900405,256,512,224.0,80.0,4,0.002055455356516769,0.6,checkpoints/mlp_Pc_trial_1136_best_state.pt,"{'learning_rate': 0.002055455356516769, 'lr_reduce': 0.6}",TPESampler,COMPLETE
1137,0.16244728863239288,2025-04-25 18:14:31.895273,2025-04-25 18:14:52.510666,0 days 00:00:20.615393,0.2998625100937353,176,48,272.0,,3,0.00044307684607494327,0.6,checkpoints/mlp_Pc_trial_1137_best_state.pt,"{'learning_rate': 0.00044307684607494327, 'lr_reduce': 0.6}",TPESampler,COMPLETE
1138,0.07490576803684235,2025-04-25 18:14:40.070659,2025-04-25 18:14:47.205535,0 days 00:00:07.134876,0.004770883558711511,48,80,192.0,128.0,4,0.007242201346162531,0.6,checkpoints/mlp_Pc_trial_1138_best_state.pt,"{'learning_rate': 0.007242201346162531, 'lr_reduce': 0.6}",TPESampler,COMPLETE
1139,0.08603760600090027,2025-04-25 18:14:47.467050,2025-04-25 18:14:56.861423,0 days 00:00:09.394373,0.06741850898668972,32,256,320.0,,3,0.004022004780032544,0.6,checkpoints/mlp_Pc_trial_1139_best_state.pt,"{'learning_rate': 0.004022004780032544, 'lr_reduce': 0.6}",TPESampler,COMPLETE
1140,0.08388964086771011,2025-04-25 18:14:52.758797,2025-04-25 18:15:04.962546,0 days 00:00:12.203749,0.09446804991243757,240,160,288.0,208.0,4,0.0010211543445644298,0.6,checkpoints/mlp_Pc_trial_1140_best_state.pt,"{'learning_rate': 0.0010211543445644298, 'lr_reduce': 0.6}",TPESampler,COMPLETE
1141,0.08357562124729156,2025-04-25 18:14:57.147780,2025-04-25 18:15:12.587864,0 days 00:00:15.440084,0.03553055050484717,208,160,240.0,128.0,4,0.00040438367071038325,0.6,checkpoints/mlp_Pc_trial_1141_best_state.pt,"{'learning_rate': 0.00040438367071038325, 'lr_reduce': 0.6}",TPESampler,COMPLETE
1142,0.08403681218624115,2025-04-25 18:14:59.949104,2025-04-25 18:15:13.147998,0 days 00:00:13.198894,0.048234141817048035,64,160,320.0,464.0,4,0.0035743518722187676,0.6,checkpoints/mlp_Pc_trial_1142_best_state.pt,"{'learning_rate': 0.0035743518722187676, 'lr_reduce': 0.6}",TPESampler,COMPLETE
1143,0.0899079442024231,2025-04-25 18:15:05.247829,2025-04-25 18:15:14.104923,0 days 00:00:08.857094,0.09129125899313724,128,224,240.0,,3,0.0031655304254087006,0.6,checkpoints/mlp_Pc_trial_1143_best_state.pt,"{'learning_rate': 0.0031655304254087006, 'lr_reduce': 0.6}",TPESampler,COMPLETE
1144,0.08924107998609543,2025-04-25 18:15:12.853512,2025-04-25 18:15:24.141418,0 days 00:00:11.287906,0.08666866109994849,32,272,160.0,,3,0.002393945526659648,0.6,checkpoints/mlp_Pc_trial_1144_best_state.pt,"{'learning_rate': 0.002393945526659648, 'lr_reduce': 0.6}",TPESampler,COMPLETE
1145,0.08360515534877777,2025-04-25 18:15:13.390181,2025-04-25 18:15:23.233313,0 days 00:00:09.843132,0.033029003927887136,32,128,272.0,64.0,4,0.003754834114759973,0.6,checkpoints/mlp_Pc_trial_1145_best_state.pt,"{'learning_rate': 0.003754834114759973, 'lr_reduce': 0.6}",TPESampler,COMPLETE
1146,0.09720980376005173,2025-04-25 18:15:14.365949,2025-04-25 18:15:27.005541,0 days 00:00:12.639592,0.026199674084362704,512,48,320.0,176.0,4,0.005797712953588325,0.6,checkpoints/mlp_Pc_trial_1146_best_state.pt,"{'learning_rate': 0.005797712953588325, 'lr_reduce': 0.6}",TPESampler,COMPLETE
1147,0.0827878788113594,2025-04-25 18:15:23.492113,2025-04-25 18:15:31.496656,0 days 00:00:08.004543,0.04087033955256317,112,128,208.0,256.0,4,0.0039941112653706255,0.6,checkpoints/mlp_Pc_trial_1147_best_state.pt,"{'learning_rate': 0.0039941112653706255, 'lr_reduce': 0.6}",TPESampler,COMPLETE
1148,0.10104882717132568,2025-04-25 18:15:24.427312,2025-04-25 18:15:39.491356,0 days 00:00:15.064044,0.20500074387044118,448,224,,,2,0.0014449976285753321,0.6,checkpoints/mlp_Pc_trial_1148_best_state.pt,"{'learning_rate': 0.0014449976285753321, 'lr_reduce': 0.6}",TPESampler,COMPLETE
1149,0.15995289385318756,2025-04-25 18:15:27.295743,2025-04-25 18:16:05.061966,0 days 00:00:37.766223,0.29558943210008864,448,304,,,2,0.00011338983680900502,0.6,checkpoints/mlp_Pc_trial_1149_best_state.pt,"{'learning_rate': 0.00011338983680900502, 'lr_reduce': 0.6}",TPESampler,COMPLETE
1150,0.08782434463500977,2025-04-25 18:15:31.751364,2025-04-25 18:15:46.812969,0 days 00:00:15.061605,0.06309093371740168,32,176,272.0,64.0,4,0.0031679551287332056,0.6,checkpoints/mlp_Pc_trial_1150_best_state.pt,"{'learning_rate': 0.0031679551287332056, 'lr_reduce': 0.6}",TPESampler,COMPLETE
1151,0.07940654456615448,2025-04-25 18:15:39.783631,2025-04-25 18:15:51.676514,0 days 00:00:11.892883,0.06735825368841389,144,496,336.0,128.0,4,0.0016029571729775172,0.6,checkpoints/mlp_Pc_trial_1151_best_state.pt,"{'learning_rate': 0.0016029571729775172, 'lr_reduce': 0.6}",TPESampler,COMPLETE
1152,0.07679010182619095,2025-04-25 18:15:47.127208,2025-04-25 18:15:59.322615,0 days 00:00:12.195407,0.04690419390184773,144,384,512.0,112.0,4,0.0011109686366959789,0.6,checkpoints/mlp_Pc_trial_1152_best_state.pt,"{'learning_rate': 0.0011109686366959789, 'lr_reduce': 0.6}",TPESampler,COMPLETE
1153,0.07598475366830826,2025-04-25 18:15:51.959786,2025-04-25 18:16:02.685966,0 days 00:00:10.726180,0.07824585401144589,128,272,240.0,,3,0.004693532573912195,0.6,checkpoints/mlp_Pc_trial_1153_best_state.pt,"{'learning_rate': 0.004693532573912195, 'lr_reduce': 0.6}",TPESampler,COMPLETE
1154,0.06977276504039764,2025-04-25 18:15:59.643443,2025-04-25 18:16:11.900103,0 days 00:00:12.256660,0.0012500959414815148,144,336,288.0,208.0,4,0.0028715931092499164,0.6,checkpoints/mlp_Pc_trial_1154_best_state.pt,"{'learning_rate': 0.0028715931092499164, 'lr_reduce': 0.6}",TPESampler,COMPLETE
1155,0.07664623111486435,2025-04-25 18:16:02.978780,2025-04-25 18:16:16.191161,0 days 00:00:13.212381,0.0034047690544455112,32,80,176.0,64.0,4,0.006546409064569655,0.6,checkpoints/mlp_Pc_trial_1155_best_state.pt,"{'learning_rate': 0.006546409064569655, 'lr_reduce': 0.6}",TPESampler,COMPLETE
1156,0.08722824603319168,2025-04-25 18:16:05.322655,2025-04-25 18:16:11.989165,0 days 00:00:06.666510,0.06642730775802508,304,48,336.0,144.0,4,0.00597859977972283,0.6,checkpoints/mlp_Pc_trial_1156_best_state.pt,"{'learning_rate': 0.00597859977972283, 'lr_reduce': 0.6}",TPESampler,COMPLETE
1157,0.07071712613105774,2025-04-25 18:16:12.174487,2025-04-25 18:16:26.304744,0 days 00:00:14.130257,0.020067081248729222,32,144,240.0,64.0,4,0.008329058507916898,0.6,checkpoints/mlp_Pc_trial_1157_best_state.pt,"{'learning_rate': 0.008329058507916898, 'lr_reduce': 0.6}",TPESampler,COMPLETE
1158,0.07634417712688446,2025-04-25 18:16:12.253714,2025-04-25 18:16:22.279113,0 days 00:00:10.025399,0.049799975613788156,48,112,224.0,64.0,4,0.009593756421950053,0.6,checkpoints/mlp_Pc_trial_1158_best_state.pt,"{'learning_rate': 0.009593756421950053, 'lr_reduce': 0.6}",TPESampler,COMPLETE
1159,0.07842594385147095,2025-04-25 18:16:16.457798,2025-04-25 18:16:26.836159,0 days 00:00:10.378361,0.0614902389489846,112,224,288.0,176.0,4,0.0021081938055284924,0.6,checkpoints/mlp_Pc_trial_1159_best_state.pt,"{'learning_rate': 0.0021081938055284924, 'lr_reduce': 0.6}",TPESampler,COMPLETE
1160,0.08383400738239288,2025-04-25 18:16:22.560782,2025-04-25 18:16:48.496674,0 days 00:00:25.935892,0.0023917302368594018,368,496,336.0,112.0,4,0.00013259701705408916,0.6,checkpoints/mlp_Pc_trial_1160_best_state.pt,"{'learning_rate': 0.00013259701705408916, 'lr_reduce': 0.6}",TPESampler,COMPLETE
1161,0.07553794234991074,2025-04-25 18:16:26.607038,2025-04-25 18:16:42.305049,0 days 00:00:15.698011,0.05567546689733803,160,96,272.0,272.0,4,0.001515433118909168,0.6,checkpoints/mlp_Pc_trial_1161_best_state.pt,"{'learning_rate': 0.001515433118909168, 'lr_reduce': 0.6}",TPESampler,COMPLETE
1162,0.08767934888601303,2025-04-25 18:16:27.140753,2025-04-25 18:16:41.449177,0 days 00:00:14.308424,0.0352255664074714,224,400,192.0,160.0,4,0.00048080970576515667,0.6,checkpoints/mlp_Pc_trial_1162_best_state.pt,"{'learning_rate': 0.00048080970576515667, 'lr_reduce': 0.6}",TPESampler,COMPLETE
1163,0.07072043418884277,2025-04-25 18:16:41.741961,2025-04-25 18:16:49.808920,0 days 00:00:08.066959,0.035585657216924915,128,112,288.0,128.0,4,0.00575093002361607,0.6,checkpoints/mlp_Pc_trial_1163_best_state.pt,"{'learning_rate': 0.00575093002361607, 'lr_reduce': 0.6}",TPESampler,COMPLETE
1164,0.07308436185121536,2025-04-25 18:16:42.598235,2025-04-25 18:16:49.763042,0 days 00:00:07.164807,0.0029497198482725355,80,112,224.0,224.0,4,0.009453379116109415,0.6,checkpoints/mlp_Pc_trial_1164_best_state.pt,"{'learning_rate': 0.009453379116109415, 'lr_reduce': 0.6}",TPESampler,COMPLETE
1165,0.09229592233896255,2025-04-25 18:16:48.905355,2025-04-25 18:16:59.344653,0 days 00:00:10.439298,0.11116948350172566,32,208,336.0,,3,0.0013518642263576812,0.6,checkpoints/mlp_Pc_trial_1165_best_state.pt,"{'learning_rate': 0.0013518642263576812, 'lr_reduce': 0.6}",TPESampler,COMPLETE
1166,0.07923043519258499,2025-04-25 18:16:50.050893,2025-04-25 18:17:00.370222,0 days 00:00:10.319329,0.061590673020304576,32,144,480.0,64.0,4,0.009142697534008181,0.6,checkpoints/mlp_Pc_trial_1166_best_state.pt,"{'learning_rate': 0.009142697534008181, 'lr_reduce': 0.6}",TPESampler,COMPLETE
1167,0.0853855311870575,2025-04-25 18:16:50.090431,2025-04-25 18:17:03.480430,0 days 00:00:13.389999,0.07153644794011815,144,304,,,2,0.0011939297225863055,0.6,checkpoints/mlp_Pc_trial_1167_best_state.pt,"{'learning_rate': 0.0011939297225863055, 'lr_reduce': 0.6}",TPESampler,COMPLETE
1168,0.08494365215301514,2025-04-25 18:16:59.602962,2025-04-25 18:17:12.540467,0 days 00:00:12.937505,0.00018924744357541948,304,448,256.0,112.0,4,0.0006297489424609978,0.6,checkpoints/mlp_Pc_trial_1168_best_state.pt,"{'learning_rate': 0.0006297489424609978, 'lr_reduce': 0.6}",TPESampler,COMPLETE
1169,0.07660546153783798,2025-04-25 18:17:00.709251,2025-04-25 18:17:09.865977,0 days 00:00:09.156726,0.0029354022637570337,32,128,336.0,,3,0.00443803566228645,0.6,checkpoints/mlp_Pc_trial_1169_best_state.pt,"{'learning_rate': 0.00443803566228645, 'lr_reduce': 0.6}",TPESampler,COMPLETE
1170,0.07079800963401794,2025-04-25 18:17:03.757562,2025-04-25 18:17:15.275523,0 days 00:00:11.517961,0.07428353382184957,176,464,288.0,176.0,4,0.0016190022747612988,0.6,checkpoints/mlp_Pc_trial_1170_best_state.pt,"{'learning_rate': 0.0016190022747612988, 'lr_reduce': 0.6}",TPESampler,COMPLETE
1171,0.06943979859352112,2025-04-25 18:17:10.171118,2025-04-25 18:17:21.241124,0 days 00:00:11.070006,0.003375219908631263,128,416,224.0,64.0,4,0.0015286234652624616,0.6,checkpoints/mlp_Pc_trial_1171_best_state.pt,"{'learning_rate': 0.0015286234652624616, 'lr_reduce': 0.6}",TPESampler,COMPLETE
1172,0.07118694484233856,2025-04-25 18:17:12.808449,2025-04-25 18:17:28.518439,0 days 00:00:15.709990,0.009080708631725503,192,48,176.0,112.0,4,0.001767414808129415,0.6,checkpoints/mlp_Pc_trial_1172_best_state.pt,"{'learning_rate': 0.001767414808129415, 'lr_reduce': 0.6}",TPESampler,COMPLETE
1173,0.081631600856781,2025-04-25 18:17:15.549028,2025-04-25 18:17:23.177558,0 days 00:00:07.628530,0.05294907929751858,112,224,288.0,208.0,4,0.007773896813909496,0.6,checkpoints/mlp_Pc_trial_1173_best_state.pt,"{'learning_rate': 0.007773896813909496, 'lr_reduce': 0.6}",TPESampler,COMPLETE
1174,0.09143148362636566,2025-04-25 18:17:21.639773,2025-04-25 18:17:34.261994,0 days 00:00:12.622221,0.13012107450669633,48,400,112.0,,3,0.0034078986663031896,0.6,checkpoints/mlp_Pc_trial_1174_best_state.pt,"{'learning_rate': 0.0034078986663031896, 'lr_reduce': 0.6}",TPESampler,COMPLETE
1175,0.08055347949266434,2025-04-25 18:17:23.417137,2025-04-25 18:17:30.406310,0 days 00:00:06.989173,0.01962960004310526,128,304,240.0,64.0,4,0.006462007867177252,0.6,checkpoints/mlp_Pc_trial_1175_best_state.pt,"{'learning_rate': 0.006462007867177252, 'lr_reduce': 0.6}",TPESampler,COMPLETE
1176,0.08843937516212463,2025-04-25 18:17:28.792702,2025-04-25 18:17:41.519923,0 days 00:00:12.727221,0.0868372614158433,240,208,336.0,,3,0.0022285520170058585,0.6,checkpoints/mlp_Pc_trial_1176_best_state.pt,"{'learning_rate': 0.0022285520170058585, 'lr_reduce': 0.6}",TPESampler,COMPLETE
1177,0.10768713057041168,2025-04-25 18:17:30.677548,2025-04-25 18:17:39.848399,0 days 00:00:09.170851,0.0019681551479387178,336,48,464.0,,3,0.00991397945320896,0.6,checkpoints/mlp_Pc_trial_1177_best_state.pt,"{'learning_rate': 0.00991397945320896, 'lr_reduce': 0.6}",TPESampler,COMPLETE
1178,0.0854947566986084,2025-04-25 18:17:34.668718,2025-04-25 18:17:52.430790,0 days 00:00:17.762072,0.16038475646710454,128,320,272.0,,3,0.009330035105365621,0.6,checkpoints/mlp_Pc_trial_1178_best_state.pt,"{'learning_rate': 0.009330035105365621, 'lr_reduce': 0.6}",TPESampler,COMPLETE
1179,0.08073635399341583,2025-04-25 18:17:40.101060,2025-04-25 18:17:50.862618,0 days 00:00:10.761558,0.005420771185479642,160,256,208.0,160.0,4,0.00981334860255234,0.6,checkpoints/mlp_Pc_trial_1179_best_state.pt,"{'learning_rate': 0.00981334860255234, 'lr_reduce': 0.6}",TPESampler,COMPLETE
1180,0.07486631721258163,2025-04-25 18:17:41.817190,2025-04-25 18:17:57.179659,0 days 00:00:15.362469,0.0005060908751312772,64,208,336.0,,3,0.009230221942987076,0.6,checkpoints/mlp_Pc_trial_1180_best_state.pt,"{'learning_rate': 0.009230221942987076, 'lr_reduce': 0.6}",TPESampler,COMPLETE
1181,0.07609325647354126,2025-04-25 18:17:51.365441,2025-04-25 18:18:00.394231,0 days 00:00:09.028790,0.0030462255651945783,144,192,240.0,112.0,4,0.009176652940239272,0.6,checkpoints/mlp_Pc_trial_1181_best_state.pt,"{'learning_rate': 0.009176652940239272, 'lr_reduce': 0.6}",TPESampler,COMPLETE
1182,0.17239749431610107,2025-04-25 18:17:52.735508,2025-04-25 18:18:07.528886,0 days 00:00:14.793378,0.2727861303959176,208,416,304.0,,3,0.0004624172643927679,0.6,checkpoints/mlp_Pc_trial_1182_best_state.pt,"{'learning_rate': 0.0004624172643927679, 'lr_reduce': 0.6}",TPESampler,COMPLETE
1183,0.10525189340114594,2025-04-25 18:17:57.633643,2025-04-25 18:18:15.668659,0 days 00:00:18.035016,0.08102099128962649,80,288,480.0,64.0,4,0.0004134981351439113,0.6,checkpoints/mlp_Pc_trial_1183_best_state.pt,"{'learning_rate': 0.0004134981351439113, 'lr_reduce': 0.6}",TPESampler,COMPLETE
1184,0.08265924453735352,2025-04-25 18:18:00.652136,2025-04-25 18:18:11.259651,0 days 00:00:10.607515,0.1024520983386345,48,352,,,2,0.004679225503870426,0.6,checkpoints/mlp_Pc_trial_1184_best_state.pt,"{'learning_rate': 0.004679225503870426, 'lr_reduce': 0.6}",TPESampler,COMPLETE
1185,0.08653286844491959,2025-04-25 18:18:07.783234,2025-04-25 18:18:16.452118,0 days 00:00:08.668884,0.0576777263414359,160,160,272.0,256.0,4,0.0032558844988282215,0.6,checkpoints/mlp_Pc_trial_1185_best_state.pt,"{'learning_rate': 0.0032558844988282215, 'lr_reduce': 0.6}",TPESampler,COMPLETE
1186,0.13699135184288025,2025-04-25 18:18:11.554624,2025-04-25 18:18:42.281804,0 days 00:00:30.727180,0.1459532402779579,304,96,192.0,,3,0.00015151657621198522,0.6,checkpoints/mlp_Pc_trial_1186_best_state.pt,"{'learning_rate': 0.00015151657621198522, 'lr_reduce': 0.6}",TPESampler,COMPLETE
1187,0.06690726429224014,2025-04-25 18:18:15.943469,2025-04-25 18:18:25.867904,0 days 00:00:09.924435,0.005922143549674084,32,272,240.0,112.0,4,0.009389058780794232,0.6,checkpoints/mlp_Pc_trial_1187_best_state.pt,"{'learning_rate': 0.009389058780794232, 'lr_reduce': 0.6}",TPESampler,COMPLETE
1188,0.12274440377950668,2025-04-25 18:18:16.735459,2025-04-25 18:18:26.505629,0 days 00:00:09.770170,0.2845011148304884,416,48,320.0,,3,0.0011096724067151452,0.6,checkpoints/mlp_Pc_trial_1188_best_state.pt,"{'learning_rate': 0.0011096724067151452, 'lr_reduce': 0.6}",TPESampler,COMPLETE
1189,0.07769414037466049,2025-04-25 18:18:26.206757,2025-04-25 18:18:39.215869,0 days 00:00:13.009112,0.09208808638020519,416,464,,,2,0.0022676768024091367,0.6,checkpoints/mlp_Pc_trial_1189_best_state.pt,"{'learning_rate': 0.0022676768024091367, 'lr_reduce': 0.6}",TPESampler,COMPLETE
1190,0.07390744984149933,2025-04-25 18:18:26.865473,2025-04-25 18:18:38.642686,0 days 00:00:11.777213,0.0049546591829345565,144,512,288.0,,3,0.0019738722084443414,0.6,checkpoints/mlp_Pc_trial_1190_best_state.pt,"{'learning_rate': 0.0019738722084443414, 'lr_reduce': 0.6}",TPESampler,COMPLETE
1191,0.08732778578996658,2025-04-25 18:18:38.898056,2025-04-25 18:18:47.043786,0 days 00:00:08.145730,0.06510590041157951,160,96,464.0,160.0,4,0.003993610049551226,0.6,checkpoints/mlp_Pc_trial_1191_best_state.pt,"{'learning_rate': 0.003993610049551226, 'lr_reduce': 0.6}",TPESampler,COMPLETE
1192,0.15791045129299164,2025-04-25 18:18:39.592791,2025-04-25 18:18:51.426188,0 days 00:00:11.833397,0.26286843357903994,32,64,64.0,,3,0.0022330351242041907,0.6,checkpoints/mlp_Pc_trial_1192_best_state.pt,"{'learning_rate': 0.0022330351242041907, 'lr_reduce': 0.6}",TPESampler,COMPLETE
