number,value,datetime_start,datetime_complete,duration,params_final_dropout,params_mlp_dim_00,params_mlp_dim_01,params_mlp_dim_02,params_mlp_dim_03,params_mlp_n_layers,params_train_learning_rate,params_train_lr_reduce,user_attrs_best_state_dict_path,user_attrs_training_params,system_attrs_auto:sampler,state
2157,0.07577650994062424,2025-04-25 19:23:35.714572,2025-04-25 19:23:48.529470,0 days 00:00:12.814898,0.04289827838259988,112,416,,,2,0.004358762876980841,0.6,checkpoints/mlp_Pc_trial_2157_best_state.pt,"{'learning_rate': 0.004358762876980841, 'lr_reduce': 0.6}",TPESampler,COMPLETE
2158,0.08188912272453308,2025-04-25 19:23:36.739885,2025-04-25 19:23:48.988836,0 days 00:00:12.248951,0.1007236005197581,144,432,288.0,,3,0.0039056613938750935,0.6,checkpoints/mlp_Pc_trial_2158_best_state.pt,"{'learning_rate': 0.0039056613938750935, 'lr_reduce': 0.6}",TPESampler,COMPLETE
2159,0.06786634773015976,2025-04-25 19:23:46.906485,2025-04-25 19:23:57.525131,0 days 00:00:10.618646,0.055962736049440555,160,464,224.0,,3,0.002913094420973489,0.6,checkpoints/mlp_Pc_trial_2159_best_state.pt,"{'learning_rate': 0.002913094420973489, 'lr_reduce': 0.6}",TPESampler,COMPLETE
2160,0.07701993733644485,2025-04-25 19:23:48.839667,2025-04-25 19:24:01.934872,0 days 00:00:13.095205,0.09270869457527257,112,448,304.0,,3,0.009623776903659403,0.6,checkpoints/mlp_Pc_trial_2160_best_state.pt,"{'learning_rate': 0.009623776903659403, 'lr_reduce': 0.6}",TPESampler,COMPLETE
2161,0.08362462371587753,2025-04-25 19:23:49.442610,2025-04-25 19:24:06.088221,0 days 00:00:16.645611,0.09319932373942999,32,512,240.0,,3,0.0028068464790900784,0.6,checkpoints/mlp_Pc_trial_2161_best_state.pt,"{'learning_rate': 0.0028068464790900784, 'lr_reduce': 0.6}",TPESampler,COMPLETE
2162,0.07004207372665405,2025-04-25 19:23:57.875967,2025-04-25 19:24:11.637662,0 days 00:00:13.761695,0.01160666357560489,32,208,304.0,,3,0.0034198013643280773,0.6,checkpoints/mlp_Pc_trial_2162_best_state.pt,"{'learning_rate': 0.0034198013643280773, 'lr_reduce': 0.6}",TPESampler,COMPLETE
2163,0.08915143460035324,2025-04-25 19:24:02.255264,2025-04-25 19:24:16.227806,0 days 00:00:13.972542,0.0654503785078958,96,144,192.0,,3,0.004968893263906296,0.6,checkpoints/mlp_Pc_trial_2163_best_state.pt,"{'learning_rate': 0.004968893263906296, 'lr_reduce': 0.6}",TPESampler,COMPLETE
2164,0.07360978424549103,2025-04-25 19:24:06.394709,2025-04-25 19:24:16.724083,0 days 00:00:10.329374,0.07368802014853663,64,368,256.0,,3,0.008788339472098035,0.6,checkpoints/mlp_Pc_trial_2164_best_state.pt,"{'learning_rate': 0.008788339472098035, 'lr_reduce': 0.6}",TPESampler,COMPLETE
2165,0.08669441938400269,2025-04-25 19:24:11.949180,2025-04-25 19:24:25.964381,0 days 00:00:14.015201,0.06216443140597261,32,368,,,2,0.004883915107551265,0.6,checkpoints/mlp_Pc_trial_2165_best_state.pt,"{'learning_rate': 0.004883915107551265, 'lr_reduce': 0.6}",TPESampler,COMPLETE
2166,0.0803290456533432,2025-04-25 19:24:16.552219,2025-04-25 19:24:26.700948,0 days 00:00:10.148729,0.06433062304813371,128,448,288.0,,3,0.006050712270221369,0.6,checkpoints/mlp_Pc_trial_2166_best_state.pt,"{'learning_rate': 0.006050712270221369, 'lr_reduce': 0.6}",TPESampler,COMPLETE
2167,0.10765484720468521,2025-04-25 19:24:17.042525,2025-04-25 19:24:55.289997,0 days 00:00:38.247472,0.09960506377746867,368,512,224.0,176.0,4,0.00012061004779372134,0.6,checkpoints/mlp_Pc_trial_2167_best_state.pt,"{'learning_rate': 0.00012061004779372134, 'lr_reduce': 0.6}",TPESampler,COMPLETE
2168,0.08818506449460983,2025-04-25 19:24:26.315477,2025-04-25 19:24:36.176632,0 days 00:00:09.861155,0.0010478174747749981,368,176,304.0,32.0,4,0.004143233258919421,0.6,checkpoints/mlp_Pc_trial_2168_best_state.pt,"{'learning_rate': 0.004143233258919421, 'lr_reduce': 0.6}",TPESampler,COMPLETE
2169,0.07343881577253342,2025-04-25 19:24:27.322026,2025-04-25 19:24:41.837201,0 days 00:00:14.515175,0.008309262706744898,256,480,,,2,0.00818882035064708,0.6,checkpoints/mlp_Pc_trial_2169_best_state.pt,"{'learning_rate': 0.00818882035064708, 'lr_reduce': 0.6}",TPESampler,COMPLETE
2170,0.08502550423145294,2025-04-25 19:24:36.563421,2025-04-25 19:24:44.864634,0 days 00:00:08.301213,0.003324000561695885,128,160,256.0,,3,0.004880252058843672,0.6,checkpoints/mlp_Pc_trial_2170_best_state.pt,"{'learning_rate': 0.004880252058843672, 'lr_reduce': 0.6}",TPESampler,COMPLETE
2171,0.07952218502759933,2025-04-25 19:24:42.194657,2025-04-25 19:24:52.516174,0 days 00:00:10.321517,0.04529236583027854,240,416,176.0,176.0,4,0.0025275511899343797,0.6,checkpoints/mlp_Pc_trial_2171_best_state.pt,"{'learning_rate': 0.0025275511899343797, 'lr_reduce': 0.6}",TPESampler,COMPLETE
2172,0.07670145481824875,2025-04-25 19:24:45.189956,2025-04-25 19:24:58.168132,0 days 00:00:12.978176,0.10768635595854414,64,448,,,2,0.0033583896371462787,0.6,checkpoints/mlp_Pc_trial_2172_best_state.pt,"{'learning_rate': 0.0033583896371462787, 'lr_reduce': 0.6}",TPESampler,COMPLETE
2173,0.07657291740179062,2025-04-25 19:24:52.808044,2025-04-25 19:25:04.330016,0 days 00:00:11.521972,0.05656179066415168,64,352,304.0,,3,0.004943930336871034,0.6,checkpoints/mlp_Pc_trial_2173_best_state.pt,"{'learning_rate': 0.004943930336871034, 'lr_reduce': 0.6}",TPESampler,COMPLETE
2174,0.08208639919757843,2025-04-25 19:24:55.634129,2025-04-25 19:25:07.555641,0 days 00:00:11.921512,0.12005074679961097,80,384,,,2,0.008190500906515878,0.6,checkpoints/mlp_Pc_trial_2174_best_state.pt,"{'learning_rate': 0.008190500906515878, 'lr_reduce': 0.6}",TPESampler,COMPLETE
2175,0.09995747357606888,2025-04-25 19:24:58.464388,2025-04-25 19:25:19.505294,0 days 00:00:21.040906,0.068122640083748,288,32,,,2,0.0004668384448659766,0.6,checkpoints/mlp_Pc_trial_2175_best_state.pt,"{'learning_rate': 0.0004668384448659766, 'lr_reduce': 0.6}",TPESampler,COMPLETE
2176,0.07779569178819656,2025-04-25 19:25:04.718808,2025-04-25 19:25:19.383003,0 days 00:00:14.664195,0.08662108375628694,144,352,256.0,,3,0.009985494849037666,0.6,checkpoints/mlp_Pc_trial_2176_best_state.pt,"{'learning_rate': 0.009985494849037666, 'lr_reduce': 0.6}",TPESampler,COMPLETE
2177,0.0834038257598877,2025-04-25 19:25:07.896910,2025-04-25 19:25:16.642406,0 days 00:00:08.745496,0.1393255927008013,480,160,,,2,0.00765120861011749,0.6,checkpoints/mlp_Pc_trial_2177_best_state.pt,"{'learning_rate': 0.00765120861011749, 'lr_reduce': 0.6}",TPESampler,COMPLETE
2178,0.09347876906394958,2025-04-25 19:25:16.982929,2025-04-25 19:25:26.652726,0 days 00:00:09.669797,0.15159036827751288,80,384,224.0,,3,0.0035794812075416334,0.6,checkpoints/mlp_Pc_trial_2178_best_state.pt,"{'learning_rate': 0.0035794812075416334, 'lr_reduce': 0.6}",TPESampler,COMPLETE
2179,0.07420863211154938,2025-04-25 19:25:19.732028,2025-04-25 19:25:29.970468,0 days 00:00:10.238440,0.05200976502606278,80,208,320.0,,3,0.00489402938165533,0.6,checkpoints/mlp_Pc_trial_2179_best_state.pt,"{'learning_rate': 0.00489402938165533, 'lr_reduce': 0.6}",TPESampler,COMPLETE
2180,0.07721152156591415,2025-04-25 19:25:19.815287,2025-04-25 19:25:27.900830,0 days 00:00:08.085543,0.07374493449076922,64,352,272.0,,3,0.005110294092180371,0.6,checkpoints/mlp_Pc_trial_2180_best_state.pt,"{'learning_rate': 0.005110294092180371, 'lr_reduce': 0.6}",TPESampler,COMPLETE
2181,0.14056016504764557,2025-04-25 19:25:26.981315,2025-04-25 19:26:02.405867,0 days 00:00:35.424552,0.06823721374083848,176,80,304.0,176.0,4,0.00011126275062581824,0.6,checkpoints/mlp_Pc_trial_2181_best_state.pt,"{'learning_rate': 0.00011126275062581824, 'lr_reduce': 0.6}",TPESampler,COMPLETE
2182,0.07494004815816879,2025-04-25 19:25:28.213223,2025-04-25 19:25:39.046654,0 days 00:00:10.833431,0.0413107027332925,192,400,208.0,32.0,4,0.0024090226515008405,0.6,checkpoints/mlp_Pc_trial_2182_best_state.pt,"{'learning_rate': 0.0024090226515008405, 'lr_reduce': 0.6}",TPESampler,COMPLETE
2183,0.08888719230890274,2025-04-25 19:25:30.275116,2025-04-25 19:25:42.537742,0 days 00:00:12.262626,0.06081571142428397,128,352,256.0,,3,0.0016124965927539255,0.6,checkpoints/mlp_Pc_trial_2183_best_state.pt,"{'learning_rate': 0.0016124965927539255, 'lr_reduce': 0.6}",TPESampler,COMPLETE
2184,0.07436323910951614,2025-04-25 19:25:39.412363,2025-04-25 19:25:53.896006,0 days 00:00:14.483643,0.04887032777369062,32,352,288.0,,3,0.002657458756004753,0.6,checkpoints/mlp_Pc_trial_2184_best_state.pt,"{'learning_rate': 0.002657458756004753, 'lr_reduce': 0.6}",TPESampler,COMPLETE
2185,0.08753391355276108,2025-04-25 19:25:42.919035,2025-04-25 19:25:50.935613,0 days 00:00:08.016578,0.0002846413827693054,48,192,320.0,,3,0.005347277907815277,0.6,checkpoints/mlp_Pc_trial_2185_best_state.pt,"{'learning_rate': 0.005347277907815277, 'lr_reduce': 0.6}",TPESampler,COMPLETE
2186,0.08260662108659744,2025-04-25 19:25:51.281235,2025-04-25 19:26:01.698913,0 days 00:00:10.417678,0.14059449959706083,128,336,240.0,,3,0.006086815279986309,0.6,checkpoints/mlp_Pc_trial_2186_best_state.pt,"{'learning_rate': 0.006086815279986309, 'lr_reduce': 0.6}",TPESampler,COMPLETE
2187,0.08146645873785019,2025-04-25 19:25:54.254154,2025-04-25 19:26:03.123605,0 days 00:00:08.869451,0.04633490822355693,160,160,,,2,0.009413822814757044,0.6,checkpoints/mlp_Pc_trial_2187_best_state.pt,"{'learning_rate': 0.009413822814757044, 'lr_reduce': 0.6}",TPESampler,COMPLETE
2188,0.1517554372549057,2025-04-25 19:26:02.164688,2025-04-25 19:26:15.997510,0 days 00:00:13.832822,0.2976062157242607,464,352,176.0,,3,0.0009816262376825871,0.6,checkpoints/mlp_Pc_trial_2188_best_state.pt,"{'learning_rate': 0.0009816262376825871, 'lr_reduce': 0.6}",TPESampler,COMPLETE
2189,0.07509913295507431,2025-04-25 19:26:02.730891,2025-04-25 19:26:15.780087,0 days 00:00:13.049196,0.012585724594092264,64,496,320.0,,3,0.0026550699091610138,0.6,checkpoints/mlp_Pc_trial_2189_best_state.pt,"{'learning_rate': 0.0026550699091610138, 'lr_reduce': 0.6}",TPESampler,COMPLETE
2190,0.08325398713350296,2025-04-25 19:26:03.538153,2025-04-25 19:26:14.108161,0 days 00:00:10.570008,0.09592687378941027,96,400,272.0,,3,0.00843487255298705,0.6,checkpoints/mlp_Pc_trial_2190_best_state.pt,"{'learning_rate': 0.00843487255298705, 'lr_reduce': 0.6}",TPESampler,COMPLETE
2191,0.10540346801280975,2025-04-25 19:26:14.388716,2025-04-25 19:26:55.035128,0 days 00:00:40.646412,0.027158213141858817,64,416,,,2,0.0001760305074041476,0.6,checkpoints/mlp_Pc_trial_2191_best_state.pt,"{'learning_rate': 0.0001760305074041476, 'lr_reduce': 0.6}",TPESampler,COMPLETE
2192,0.07033922523260117,2025-04-25 19:26:16.088482,2025-04-25 19:26:28.217206,0 days 00:00:12.128724,0.03457982065196737,112,416,208.0,160.0,4,0.001255413655729162,0.6,checkpoints/mlp_Pc_trial_2192_best_state.pt,"{'learning_rate': 0.001255413655729162, 'lr_reduce': 0.6}",TPESampler,COMPLETE
2193,0.08057045936584473,2025-04-25 19:26:16.314233,2025-04-25 19:26:29.964076,0 days 00:00:13.649843,0.03748760492849961,208,480,272.0,160.0,4,0.0007017996426752868,0.6,checkpoints/mlp_Pc_trial_2193_best_state.pt,"{'learning_rate': 0.0007017996426752868, 'lr_reduce': 0.6}",TPESampler,COMPLETE
2194,0.07514537870883942,2025-04-25 19:26:28.578118,2025-04-25 19:26:41.750209,0 days 00:00:13.172091,0.05587070099559545,64,384,336.0,,3,0.005562203520079377,0.6,checkpoints/mlp_Pc_trial_2194_best_state.pt,"{'learning_rate': 0.005562203520079377, 'lr_reduce': 0.6}",TPESampler,COMPLETE
2195,0.080328568816185,2025-04-25 19:26:30.324500,2025-04-25 19:26:39.696480,0 days 00:00:09.371980,0.13065730364205203,80,480,240.0,,3,0.0065846475453775815,0.6,checkpoints/mlp_Pc_trial_2195_best_state.pt,"{'learning_rate': 0.0065846475453775815, 'lr_reduce': 0.6}",TPESampler,COMPLETE
2196,0.13562870025634766,2025-04-25 19:26:39.988872,2025-04-25 19:28:00.888673,0 days 00:01:20.899801,0.08199955798164464,224,32,,,2,0.0001366566929144911,0.6,checkpoints/mlp_Pc_trial_2196_best_state.pt,"{'learning_rate': 0.0001366566929144911, 'lr_reduce': 0.6}",TPESampler,COMPLETE
2197,0.08235624432563782,2025-04-25 19:26:42.262214,2025-04-25 19:26:49.281802,0 days 00:00:07.019588,0.033057952551472695,128,128,320.0,,3,0.009815715700768559,0.6,checkpoints/mlp_Pc_trial_2197_best_state.pt,"{'learning_rate': 0.009815715700768559, 'lr_reduce': 0.6}",TPESampler,COMPLETE
2198,0.11515680700540543,2025-04-25 19:26:49.622196,2025-04-25 19:27:00.891985,0 days 00:00:11.269789,0.1436090044327446,32,400,272.0,128.0,4,0.0020813556865845622,0.6,checkpoints/mlp_Pc_trial_2198_best_state.pt,"{'learning_rate': 0.0020813556865845622, 'lr_reduce': 0.6}",TPESampler,COMPLETE
2199,0.07756700366735458,2025-04-25 19:26:55.429946,2025-04-25 19:27:06.560023,0 days 00:00:11.130077,0.11204183787037894,32,336,224.0,,3,0.007876517697974888,0.6,checkpoints/mlp_Pc_trial_2199_best_state.pt,"{'learning_rate': 0.007876517697974888, 'lr_reduce': 0.6}",TPESampler,COMPLETE
2200,0.09005667269229889,2025-04-25 19:27:01.230606,2025-04-25 19:27:09.865670,0 days 00:00:08.635064,0.008788535316537165,256,176,144.0,64.0,4,0.007918083553510934,0.6,checkpoints/mlp_Pc_trial_2200_best_state.pt,"{'learning_rate': 0.007918083553510934, 'lr_reduce': 0.6}",TPESampler,COMPLETE
2201,0.07158330827951431,2025-04-25 19:27:06.949830,2025-04-25 19:27:20.330664,0 days 00:00:13.380834,0.04987915776766287,208,448,368.0,112.0,4,0.0013010406570736293,0.6,checkpoints/mlp_Pc_trial_2201_best_state.pt,"{'learning_rate': 0.0013010406570736293, 'lr_reduce': 0.6}",TPESampler,COMPLETE
2202,0.0742696076631546,2025-04-25 19:27:10.551254,2025-04-25 19:27:18.212407,0 days 00:00:07.661153,0.0009035814776052475,32,144,304.0,,3,0.008260726660824226,0.6,checkpoints/mlp_Pc_trial_2202_best_state.pt,"{'learning_rate': 0.008260726660824226, 'lr_reduce': 0.6}",TPESampler,COMPLETE
2203,0.08417940139770508,2025-04-25 19:27:18.573680,2025-04-25 19:27:35.641125,0 days 00:00:17.067445,0.1161651685936329,96,384,272.0,,3,0.004876967005095241,0.6,checkpoints/mlp_Pc_trial_2203_best_state.pt,"{'learning_rate': 0.004876967005095241, 'lr_reduce': 0.6}",TPESampler,COMPLETE
2204,0.07714159786701202,2025-04-25 19:27:20.739047,2025-04-25 19:27:31.508213,0 days 00:00:10.769166,0.001247778326733548,96,256,192.0,32.0,4,0.009850144759441508,0.6,checkpoints/mlp_Pc_trial_2204_best_state.pt,"{'learning_rate': 0.009850144759441508, 'lr_reduce': 0.6}",TPESampler,COMPLETE
2205,0.08187750726938248,2025-04-25 19:27:31.978060,2025-04-25 19:27:44.150133,0 days 00:00:12.172073,0.08621163475657215,240,432,352.0,176.0,4,0.0009794598301515027,0.6,checkpoints/mlp_Pc_trial_2205_best_state.pt,"{'learning_rate': 0.0009794598301515027, 'lr_reduce': 0.6}",TPESampler,COMPLETE
2206,0.07535087317228317,2025-04-25 19:27:36.016199,2025-04-25 19:27:56.425732,0 days 00:00:20.409533,0.10040150013203858,48,352,224.0,,3,0.0032436008032013996,0.6,checkpoints/mlp_Pc_trial_2206_best_state.pt,"{'learning_rate': 0.0032436008032013996, 'lr_reduce': 0.6}",TPESampler,COMPLETE
2207,0.07912041246891022,2025-04-25 19:27:44.596982,2025-04-25 19:27:59.705158,0 days 00:00:15.108176,0.0038383142223357447,240,192,304.0,80.0,4,0.0032863561716637573,0.6,checkpoints/mlp_Pc_trial_2207_best_state.pt,"{'learning_rate': 0.0032863561716637573, 'lr_reduce': 0.6}",TPESampler,COMPLETE
2208,0.08669985085725784,2025-04-25 19:27:56.843354,2025-04-25 19:28:10.921656,0 days 00:00:14.078302,0.08732662805211083,32,432,256.0,432.0,4,0.00950824236833466,0.6,checkpoints/mlp_Pc_trial_2208_best_state.pt,"{'learning_rate': 0.00950824236833466, 'lr_reduce': 0.6}",TPESampler,COMPLETE
2209,0.07360580563545227,2025-04-25 19:28:00.219919,2025-04-25 19:28:20.733313,0 days 00:00:20.513394,0.008396700760351983,512,512,336.0,128.0,4,0.00042943847200978177,0.6,checkpoints/mlp_Pc_trial_2209_best_state.pt,"{'learning_rate': 0.00042943847200978177, 'lr_reduce': 0.6}",TPESampler,COMPLETE
2210,0.09709077328443527,2025-04-25 19:28:01.322122,2025-04-25 19:28:14.117884,0 days 00:00:12.795762,0.1101557786851473,32,400,288.0,,3,0.002495954361270132,0.6,checkpoints/mlp_Pc_trial_2210_best_state.pt,"{'learning_rate': 0.002495954361270132, 'lr_reduce': 0.6}",TPESampler,COMPLETE
2211,0.07333620637655258,2025-04-25 19:28:11.256003,2025-04-25 19:28:23.373951,0 days 00:00:12.117948,0.05958896079348108,176,368,224.0,176.0,4,0.0011608600453360774,0.6,checkpoints/mlp_Pc_trial_2211_best_state.pt,"{'learning_rate': 0.0011608600453360774, 'lr_reduce': 0.6}",TPESampler,COMPLETE
2212,0.08646214008331299,2025-04-25 19:28:14.548668,2025-04-25 19:28:22.336627,0 days 00:00:07.787959,0.0009689535348164982,96,224,368.0,64.0,4,0.005102009749546647,0.6,checkpoints/mlp_Pc_trial_2212_best_state.pt,"{'learning_rate': 0.005102009749546647, 'lr_reduce': 0.6}",TPESampler,COMPLETE
2213,0.0744948610663414,2025-04-25 19:28:21.058843,2025-04-25 19:28:32.610760,0 days 00:00:11.551917,0.0036978931834094377,128,400,320.0,112.0,4,0.0020145461615634942,0.6,checkpoints/mlp_Pc_trial_2213_best_state.pt,"{'learning_rate': 0.0020145461615634942, 'lr_reduce': 0.6}",TPESampler,COMPLETE
2214,0.07638911157846451,2025-04-25 19:28:22.688444,2025-04-25 19:28:34.794439,0 days 00:00:12.105995,0.00906488773044226,128,304,256.0,,3,0.002398823636548792,0.6,checkpoints/mlp_Pc_trial_2214_best_state.pt,"{'learning_rate': 0.002398823636548792, 'lr_reduce': 0.6}",TPESampler,COMPLETE
2215,0.11976896226406097,2025-04-25 19:28:23.706430,2025-04-25 19:28:43.775281,0 days 00:00:20.068851,0.27715784870438875,400,384,,,2,0.0004381870249983036,0.6,checkpoints/mlp_Pc_trial_2215_best_state.pt,"{'learning_rate': 0.0004381870249983036, 'lr_reduce': 0.6}",TPESampler,COMPLETE
2216,0.07801749557256699,2025-04-25 19:28:32.940003,2025-04-25 19:28:40.989407,0 days 00:00:08.049404,0.04915090930822374,32,352,96.0,,3,0.006624638386066099,0.6,checkpoints/mlp_Pc_trial_2216_best_state.pt,"{'learning_rate': 0.006624638386066099, 'lr_reduce': 0.6}",TPESampler,COMPLETE
2217,0.09372417628765106,2025-04-25 19:28:35.123824,2025-04-25 19:28:47.134662,0 days 00:00:12.010838,0.11052357104335939,448,144,176.0,,3,0.0009882721523086144,0.6,checkpoints/mlp_Pc_trial_2217_best_state.pt,"{'learning_rate': 0.0009882721523086144, 'lr_reduce': 0.6}",TPESampler,COMPLETE
2218,0.07239053398370743,2025-04-25 19:28:41.323709,2025-04-25 19:28:48.660068,0 days 00:00:07.336359,0.002430561963381513,176,144,288.0,,3,0.009737642575127145,0.6,checkpoints/mlp_Pc_trial_2218_best_state.pt,"{'learning_rate': 0.009737642575127145, 'lr_reduce': 0.6}",TPESampler,COMPLETE
2219,0.15985488891601562,2025-04-25 19:28:44.097629,2025-04-25 19:29:18.626817,0 days 00:00:34.529188,0.24380399291054627,192,448,224.0,32.0,4,0.00017762814732286266,0.6,checkpoints/mlp_Pc_trial_2219_best_state.pt,"{'learning_rate': 0.00017762814732286266, 'lr_reduce': 0.6}",TPESampler,COMPLETE
2220,0.07808942347764969,2025-04-25 19:28:47.528001,2025-04-25 19:29:01.323745,0 days 00:00:13.795744,0.048205989744063316,288,464,368.0,,3,0.004017703648991062,0.6,checkpoints/mlp_Pc_trial_2220_best_state.pt,"{'learning_rate': 0.004017703648991062, 'lr_reduce': 0.6}",TPESampler,COMPLETE
2221,0.09275539964437485,2025-04-25 19:28:48.962389,2025-04-25 19:29:00.396451,0 days 00:00:11.434062,0.26534425299902986,512,352,272.0,144.0,4,0.0070395677909488525,0.6,checkpoints/mlp_Pc_trial_2221_best_state.pt,"{'learning_rate': 0.0070395677909488525, 'lr_reduce': 0.6}",TPESampler,COMPLETE
2222,0.08113530278205872,2025-04-25 19:29:00.698712,2025-04-25 19:29:11.559546,0 days 00:00:10.860834,0.058774928314745734,32,112,320.0,,3,0.0022779277242599605,0.6,checkpoints/mlp_Pc_trial_2222_best_state.pt,"{'learning_rate': 0.0022779277242599605, 'lr_reduce': 0.6}",TPESampler,COMPLETE
2223,0.07326756417751312,2025-04-25 19:29:01.640747,2025-04-25 19:29:13.820667,0 days 00:00:12.179920,0.02727223606871687,288,512,256.0,80.0,4,0.0012221120617514458,0.6,checkpoints/mlp_Pc_trial_2223_best_state.pt,"{'learning_rate': 0.0012221120617514458, 'lr_reduce': 0.6}",TPESampler,COMPLETE
2224,0.06571843475103378,2025-04-25 19:29:11.857784,2025-04-25 19:29:22.758184,0 days 00:00:10.900400,0.04911402005438992,32,240,320.0,176.0,4,0.009375594834469878,0.6,checkpoints/mlp_Pc_trial_2224_best_state.pt,"{'learning_rate': 0.009375594834469878, 'lr_reduce': 0.6}",TPESampler,COMPLETE
2225,0.07977813482284546,2025-04-25 19:29:14.192029,2025-04-25 19:29:22.014254,0 days 00:00:07.822225,0.0816642572453358,192,160,208.0,,3,0.00965891835770041,0.6,checkpoints/mlp_Pc_trial_2225_best_state.pt,"{'learning_rate': 0.00965891835770041, 'lr_reduce': 0.6}",TPESampler,COMPLETE
2226,0.08412721753120422,2025-04-25 19:29:18.949233,2025-04-25 19:29:30.550665,0 days 00:00:11.601432,0.001927316320648395,112,432,368.0,112.0,4,0.0008183466483687325,0.6,checkpoints/mlp_Pc_trial_2226_best_state.pt,"{'learning_rate': 0.0008183466483687325, 'lr_reduce': 0.6}",TPESampler,COMPLETE
2227,0.1292058825492859,2025-04-25 19:29:22.407742,2025-04-25 19:29:34.812401,0 days 00:00:12.404659,0.2956813632772936,320,464,,,2,0.000704196474399954,0.6,checkpoints/mlp_Pc_trial_2227_best_state.pt,"{'learning_rate': 0.000704196474399954, 'lr_reduce': 0.6}",TPESampler,COMPLETE
2228,0.07827714830636978,2025-04-25 19:29:23.139732,2025-04-25 19:29:33.722739,0 days 00:00:10.583007,0.06286797041231502,64,400,288.0,,3,0.007283133100466785,0.6,checkpoints/mlp_Pc_trial_2228_best_state.pt,"{'learning_rate': 0.007283133100466785, 'lr_reduce': 0.6}",TPESampler,COMPLETE
2229,0.10464535653591156,2025-04-25 19:29:30.909002,2025-04-25 19:30:02.423244,0 days 00:00:31.514242,0.10294893763208465,32,144,,,2,0.0005020508694671756,0.6,checkpoints/mlp_Pc_trial_2229_best_state.pt,"{'learning_rate': 0.0005020508694671756, 'lr_reduce': 0.6}",TPESampler,COMPLETE
2230,0.07924196124076843,2025-04-25 19:29:34.048855,2025-04-25 19:29:43.493812,0 days 00:00:09.444957,0.001211989171458178,240,192,240.0,80.0,4,0.008568753704761196,0.6,checkpoints/mlp_Pc_trial_2230_best_state.pt,"{'learning_rate': 0.008568753704761196, 'lr_reduce': 0.6}",TPESampler,COMPLETE
2231,0.08834390342235565,2025-04-25 19:29:35.196907,2025-04-25 19:29:45.702071,0 days 00:00:10.505164,0.08238908602322667,112,352,320.0,144.0,4,0.004317302326167395,0.6,checkpoints/mlp_Pc_trial_2231_best_state.pt,"{'learning_rate': 0.004317302326167395, 'lr_reduce': 0.6}",TPESampler,COMPLETE
