number,value,datetime_start,datetime_complete,duration,params_final_dropout,params_mlp_dim_00,params_mlp_dim_01,params_mlp_dim_02,params_mlp_dim_03,params_mlp_n_layers,params_train_learning_rate,params_train_lr_reduce,user_attrs_best_state_dict_path,user_attrs_training_params,system_attrs_auto:sampler,state
300,0.08303184062242508,2025-04-25 17:17:14.454181,2025-04-25 17:17:24.128502,0 days 00:00:09.674321,0.23833801299759988,352,512,,,2,0.004261540173564608,0.6,checkpoints/mlp_Pc_trial_300_best_state.pt,"{'learning_rate': 0.004261540173564608, 'lr_reduce': 0.6}",TPESampler,COMPLETE
301,0.10069827735424042,2025-04-25 17:17:21.779275,2025-04-25 17:17:35.125879,0 days 00:00:13.346604,0.1250750892099411,48,368,464.0,80.0,4,0.00080617772361,0.6,checkpoints/mlp_Pc_trial_301_best_state.pt,"{'learning_rate': 0.00080617772361, 'lr_reduce': 0.6}",TPESampler,COMPLETE
302,0.19435381889343262,2025-04-25 17:17:23.246218,2025-04-25 17:17:52.223788,0 days 00:00:28.977570,0.22808651709283273,32,304,384.0,,3,0.0004522929820807,0.6,checkpoints/mlp_Pc_trial_302_best_state.pt,"{'learning_rate': 0.0004522929820807, 'lr_reduce': 0.6}",TPESampler,COMPLETE
303,0.08397257328033447,2025-04-25 17:17:24.395438,2025-04-25 17:17:36.977024,0 days 00:00:12.581586,0.011483443218678979,160,448,352.0,144.0,4,0.0011711249080221604,0.6,checkpoints/mlp_Pc_trial_303_best_state.pt,"{'learning_rate': 0.0011711249080221604, 'lr_reduce': 0.6}",TPESampler,COMPLETE
304,0.08030197024345398,2025-04-25 17:17:35.354715,2025-04-25 17:17:47.622569,0 days 00:00:12.267854,0.005532994747572007,256,480,464.0,,3,0.0013196787000048405,0.6,checkpoints/mlp_Pc_trial_304_best_state.pt,"{'learning_rate': 0.0013196787000048405, 'lr_reduce': 0.6}",TPESampler,COMPLETE
305,0.09861649572849274,2025-04-25 17:17:37.228225,2025-04-25 17:17:46.594217,0 days 00:00:09.365992,0.0881372304287801,240,32,416.0,240.0,4,0.0030983808491860834,0.6,checkpoints/mlp_Pc_trial_305_best_state.pt,"{'learning_rate': 0.0030983808491860834, 'lr_reduce': 0.6}",TPESampler,COMPLETE
306,0.08603823930025101,2025-04-25 17:17:47.070009,2025-04-25 17:17:57.218231,0 days 00:00:10.148222,0.025629934762635677,144,128,512.0,80.0,4,0.004375320066745485,0.6,checkpoints/mlp_Pc_trial_306_best_state.pt,"{'learning_rate': 0.004375320066745485, 'lr_reduce': 0.6}",TPESampler,COMPLETE
307,0.08500442653894424,2025-04-25 17:17:48.221283,2025-04-25 17:17:58.880708,0 days 00:00:10.659425,0.06956807686047484,192,208,304.0,160.0,4,0.008069417431571276,0.6,checkpoints/mlp_Pc_trial_307_best_state.pt,"{'learning_rate': 0.008069417431571276, 'lr_reduce': 0.6}",TPESampler,COMPLETE
308,0.08185707777738571,2025-04-25 17:17:52.772792,2025-04-25 17:18:01.519847,0 days 00:00:08.747055,0.01806461212710494,256,32,368.0,144.0,4,0.006298115549112613,0.6,checkpoints/mlp_Pc_trial_308_best_state.pt,"{'learning_rate': 0.006298115549112613, 'lr_reduce': 0.6}",TPESampler,COMPLETE
309,0.08160962909460068,2025-04-25 17:17:57.520392,2025-04-25 17:18:05.412395,0 days 00:00:07.892003,0.04016827512605546,112,32,432.0,32.0,4,0.004416813202312304,0.6,checkpoints/mlp_Pc_trial_309_best_state.pt,"{'learning_rate': 0.004416813202312304, 'lr_reduce': 0.6}",TPESampler,COMPLETE
310,0.08599194884300232,2025-04-25 17:17:59.109184,2025-04-25 17:18:17.188299,0 days 00:00:18.079115,0.03515943895207563,80,320,352.0,,3,0.001010219087577174,0.6,checkpoints/mlp_Pc_trial_310_best_state.pt,"{'learning_rate': 0.001010219087577174, 'lr_reduce': 0.6}",TPESampler,COMPLETE
311,0.07178947329521179,2025-04-25 17:18:01.801465,2025-04-25 17:18:13.020866,0 days 00:00:11.219401,0.014842075558093575,48,224,432.0,,3,0.002228615417527709,0.6,checkpoints/mlp_Pc_trial_311_best_state.pt,"{'learning_rate': 0.002228615417527709, 'lr_reduce': 0.6}",TPESampler,COMPLETE
312,0.08251059800386429,2025-04-25 17:18:05.669694,2025-04-25 17:18:25.806530,0 days 00:00:20.136836,0.011017750257079602,176,448,256.0,112.0,4,0.00018236255077692354,0.6,checkpoints/mlp_Pc_trial_312_best_state.pt,"{'learning_rate': 0.00018236255077692354, 'lr_reduce': 0.6}",TPESampler,COMPLETE
313,0.12785768508911133,2025-04-25 17:18:13.259853,2025-04-25 17:18:25.330135,0 days 00:00:12.070282,0.17262546705050763,192,192,368.0,224.0,4,0.0007092668386461845,0.6,checkpoints/mlp_Pc_trial_313_best_state.pt,"{'learning_rate': 0.0007092668386461845, 'lr_reduce': 0.6}",TPESampler,COMPLETE
314,0.07551759481430054,2025-04-25 17:18:17.472904,2025-04-25 17:18:29.587492,0 days 00:00:12.114588,0.07964491287730877,112,400,448.0,160.0,4,0.0007699838909068802,0.6,checkpoints/mlp_Pc_trial_314_best_state.pt,"{'learning_rate': 0.0007699838909068802, 'lr_reduce': 0.6}",TPESampler,COMPLETE
315,0.12000232934951782,2025-04-25 17:18:25.559393,2025-04-25 17:19:09.956896,0 days 00:00:44.397503,0.021688188251870494,256,432,,,2,0.00011584855516883945,0.6,checkpoints/mlp_Pc_trial_315_best_state.pt,"{'learning_rate': 0.00011584855516883945, 'lr_reduce': 0.6}",TPESampler,COMPLETE
316,0.09158234298229218,2025-04-25 17:18:26.035206,2025-04-25 17:18:42.983210,0 days 00:00:16.948004,0.09769687199349358,256,352,,,2,0.0005195513340068343,0.6,checkpoints/mlp_Pc_trial_316_best_state.pt,"{'learning_rate': 0.0005195513340068343, 'lr_reduce': 0.6}",TPESampler,COMPLETE
317,0.07572643458843231,2025-04-25 17:18:29.832331,2025-04-25 17:18:38.155215,0 days 00:00:08.322884,0.02500454503595117,128,368,512.0,,3,0.004809430549137311,0.6,checkpoints/mlp_Pc_trial_317_best_state.pt,"{'learning_rate': 0.004809430549137311, 'lr_reduce': 0.6}",TPESampler,COMPLETE
318,0.07552467286586761,2025-04-25 17:18:38.428713,2025-04-25 17:18:56.702757,0 days 00:00:18.274044,0.0009612422927421259,48,128,320.0,,3,0.0006154962877858403,0.6,checkpoints/mlp_Pc_trial_318_best_state.pt,"{'learning_rate': 0.0006154962877858403, 'lr_reduce': 0.6}",TPESampler,COMPLETE
319,0.1225116178393364,2025-04-25 17:18:43.206782,2025-04-25 17:18:53.669765,0 days 00:00:10.462983,0.2738563441765489,448,144,400.0,,3,0.002372846674463861,0.6,checkpoints/mlp_Pc_trial_319_best_state.pt,"{'learning_rate': 0.002372846674463861, 'lr_reduce': 0.6}",TPESampler,COMPLETE
320,0.08047844469547272,2025-04-25 17:18:53.944387,2025-04-25 17:19:03.543463,0 days 00:00:09.599076,0.06356092519448606,208,512,384.0,96.0,4,0.0019183164968709747,0.6,checkpoints/mlp_Pc_trial_320_best_state.pt,"{'learning_rate': 0.0019183164968709747, 'lr_reduce': 0.6}",TPESampler,COMPLETE
321,0.08490002900362015,2025-04-25 17:18:56.980392,2025-04-25 17:19:09.056318,0 days 00:00:12.075926,0.1815381095222404,192,224,,,2,0.005857444048002925,0.6,checkpoints/mlp_Pc_trial_321_best_state.pt,"{'learning_rate': 0.005857444048002925, 'lr_reduce': 0.6}",TPESampler,COMPLETE
322,0.071401447057724,2025-04-25 17:19:03.786995,2025-04-25 17:19:16.876934,0 days 00:00:13.089939,0.025482386278829046,144,416,464.0,176.0,4,0.001255338481700976,0.6,checkpoints/mlp_Pc_trial_322_best_state.pt,"{'learning_rate': 0.001255338481700976, 'lr_reduce': 0.6}",TPESampler,COMPLETE
323,0.13138535618782043,2025-04-25 17:19:09.332951,2025-04-25 17:19:26.960325,0 days 00:00:17.627374,0.19640237913308,368,48,352.0,,3,0.0005001096490496526,0.6,checkpoints/mlp_Pc_trial_323_best_state.pt,"{'learning_rate': 0.0005001096490496526, 'lr_reduce': 0.6}",TPESampler,COMPLETE
324,0.07186198979616165,2025-04-25 17:19:10.206063,2025-04-25 17:19:17.927549,0 days 00:00:07.721486,0.01596790584522996,48,192,96.0,,3,0.00991271934750761,0.6,checkpoints/mlp_Pc_trial_324_best_state.pt,"{'learning_rate': 0.00991271934750761, 'lr_reduce': 0.6}",TPESampler,COMPLETE
325,0.07741223275661469,2025-04-25 17:19:17.118126,2025-04-25 17:19:24.989036,0 days 00:00:07.870910,0.08073161085319494,112,272,416.0,80.0,4,0.005598878995090727,0.6,checkpoints/mlp_Pc_trial_325_best_state.pt,"{'learning_rate': 0.005598878995090727, 'lr_reduce': 0.6}",TPESampler,COMPLETE
326,0.0676768496632576,2025-04-25 17:19:18.161313,2025-04-25 17:19:27.097682,0 days 00:00:08.936369,0.0060409932267670805,160,416,304.0,,3,0.0021006222786982285,0.6,checkpoints/mlp_Pc_trial_326_best_state.pt,"{'learning_rate': 0.0021006222786982285, 'lr_reduce': 0.6}",TPESampler,COMPLETE
327,0.09419747442007065,2025-04-25 17:19:25.244286,2025-04-25 17:19:34.480772,0 days 00:00:09.236486,0.2841587970200985,64,400,464.0,,3,0.007762118619289624,0.6,checkpoints/mlp_Pc_trial_327_best_state.pt,"{'learning_rate': 0.007762118619289624, 'lr_reduce': 0.6}",TPESampler,COMPLETE
328,0.08890243619680405,2025-04-25 17:19:27.191006,2025-04-25 17:19:36.837029,0 days 00:00:09.646023,0.1070070081545377,32,144,240.0,112.0,4,0.0041025556874925645,0.6,checkpoints/mlp_Pc_trial_328_best_state.pt,"{'learning_rate': 0.0041025556874925645, 'lr_reduce': 0.6}",TPESampler,COMPLETE
329,0.07487855851650238,2025-04-25 17:19:27.277368,2025-04-25 17:19:37.687016,0 days 00:00:10.409648,0.006816390246488347,128,336,240.0,,3,0.0011636563293050445,0.6,checkpoints/mlp_Pc_trial_329_best_state.pt,"{'learning_rate': 0.0011636563293050445, 'lr_reduce': 0.6}",TPESampler,COMPLETE
330,0.07427411526441574,2025-04-25 17:19:34.770893,2025-04-25 17:19:44.164924,0 days 00:00:09.394031,0.07102001215081946,224,320,288.0,,3,0.003470158701726825,0.6,checkpoints/mlp_Pc_trial_330_best_state.pt,"{'learning_rate': 0.003470158701726825, 'lr_reduce': 0.6}",TPESampler,COMPLETE
331,0.29850366711616516,2025-04-25 17:19:37.080748,2025-04-25 17:19:55.137738,0 days 00:00:18.056990,0.2459395556101861,352,304,288.0,48.0,4,0.00024156659983249574,0.6,checkpoints/mlp_Pc_trial_331_best_state.pt,"{'learning_rate': 0.00024156659983249574, 'lr_reduce': 0.6}",TPESampler,COMPLETE
332,0.07771429419517517,2025-04-25 17:19:37.973437,2025-04-25 17:19:45.517300,0 days 00:00:07.543863,0.028861363890374147,192,128,304.0,,3,0.00993703559597106,0.6,checkpoints/mlp_Pc_trial_332_best_state.pt,"{'learning_rate': 0.00993703559597106, 'lr_reduce': 0.6}",TPESampler,COMPLETE
333,0.07305692136287689,2025-04-25 17:19:44.415318,2025-04-25 17:19:53.503973,0 days 00:00:09.088655,0.041017221510783866,240,224,512.0,144.0,4,0.00352992133434884,0.6,checkpoints/mlp_Pc_trial_333_best_state.pt,"{'learning_rate': 0.00352992133434884, 'lr_reduce': 0.6}",TPESampler,COMPLETE
334,0.06277472525835037,2025-04-25 17:19:45.790450,2025-04-25 17:19:55.813986,0 days 00:00:10.023536,0.012583444449366347,192,464,336.0,,3,0.0028035473473697944,0.6,checkpoints/mlp_Pc_trial_334_best_state.pt,"{'learning_rate': 0.0028035473473697944, 'lr_reduce': 0.6}",TPESampler,COMPLETE
335,0.0798555314540863,2025-04-25 17:19:53.739171,2025-04-25 17:20:04.168118,0 days 00:00:10.428947,0.03327230910226295,128,368,464.0,,3,0.0037015637339393565,0.6,checkpoints/mlp_Pc_trial_335_best_state.pt,"{'learning_rate': 0.0037015637339393565, 'lr_reduce': 0.6}",TPESampler,COMPLETE
336,0.07676300406455994,2025-04-25 17:19:55.405386,2025-04-25 17:20:08.807764,0 days 00:00:13.402378,0.014518354827794087,80,256,320.0,32.0,4,0.0036805570579913627,0.6,checkpoints/mlp_Pc_trial_336_best_state.pt,"{'learning_rate': 0.0036805570579913627, 'lr_reduce': 0.6}",TPESampler,COMPLETE
337,0.07424018532037735,2025-04-25 17:19:56.048482,2025-04-25 17:20:05.292592,0 days 00:00:09.244110,0.009085896228455966,208,416,304.0,,3,0.0021278489256028365,0.6,checkpoints/mlp_Pc_trial_337_best_state.pt,"{'learning_rate': 0.0021278489256028365, 'lr_reduce': 0.6}",TPESampler,COMPLETE
338,0.08476101607084274,2025-04-25 17:20:04.402253,2025-04-25 17:20:16.140277,0 days 00:00:11.738024,0.02526023731903483,160,432,,,2,0.0016228397453598392,0.6,checkpoints/mlp_Pc_trial_338_best_state.pt,"{'learning_rate': 0.0016228397453598392, 'lr_reduce': 0.6}",TPESampler,COMPLETE
339,0.09825284034013748,2025-04-25 17:20:05.521108,2025-04-25 17:20:21.810052,0 days 00:00:16.288944,0.036371040106331215,464,416,,,2,0.0005219201998146505,0.6,checkpoints/mlp_Pc_trial_339_best_state.pt,"{'learning_rate': 0.0005219201998146505, 'lr_reduce': 0.6}",TPESampler,COMPLETE
340,0.07443338632583618,2025-04-25 17:20:09.169313,2025-04-25 17:20:17.900862,0 days 00:00:08.731549,0.012516882413246456,176,448,320.0,,3,0.0034129573108288105,0.6,checkpoints/mlp_Pc_trial_340_best_state.pt,"{'learning_rate': 0.0034129573108288105, 'lr_reduce': 0.6}",TPESampler,COMPLETE
341,0.07645013183355331,2025-04-25 17:20:16.358028,2025-04-25 17:20:24.752940,0 days 00:00:08.394912,0.03773551039448563,208,432,,,2,0.005990724248827679,0.6,checkpoints/mlp_Pc_trial_341_best_state.pt,"{'learning_rate': 0.005990724248827679, 'lr_reduce': 0.6}",TPESampler,COMPLETE
342,0.07240203768014908,2025-04-25 17:20:18.135494,2025-04-25 17:20:27.375903,0 days 00:00:09.240409,0.018252519348157956,144,432,336.0,,3,0.001907391360525814,0.6,checkpoints/mlp_Pc_trial_342_best_state.pt,"{'learning_rate': 0.001907391360525814, 'lr_reduce': 0.6}",TPESampler,COMPLETE
343,0.1566108763217926,2025-04-25 17:20:22.067354,2025-04-25 17:20:41.970924,0 days 00:00:19.903570,0.2730221065940358,480,480,336.0,96.0,4,0.0003736116684751682,0.6,checkpoints/mlp_Pc_trial_343_best_state.pt,"{'learning_rate': 0.0003736116684751682, 'lr_reduce': 0.6}",TPESampler,COMPLETE
344,0.06828463822603226,2025-04-25 17:20:24.990158,2025-04-25 17:20:35.616285,0 days 00:00:10.626127,0.004270977923325573,32,48,352.0,96.0,4,0.0015625935988865041,0.6,checkpoints/mlp_Pc_trial_344_best_state.pt,"{'learning_rate': 0.0015625935988865041, 'lr_reduce': 0.6}",TPESampler,COMPLETE
345,0.06658975780010223,2025-04-25 17:20:27.661268,2025-04-25 17:20:39.687065,0 days 00:00:12.025797,0.02103304861168219,224,512,368.0,,3,0.002838462347498363,0.6,checkpoints/mlp_Pc_trial_345_best_state.pt,"{'learning_rate': 0.002838462347498363, 'lr_reduce': 0.6}",TPESampler,COMPLETE
346,0.0745050385594368,2025-04-25 17:20:35.862532,2025-04-25 17:20:47.106150,0 days 00:00:11.243618,0.0007110061262712549,112,400,368.0,,3,0.0012316338256395528,0.6,checkpoints/mlp_Pc_trial_346_best_state.pt,"{'learning_rate': 0.0012316338256395528, 'lr_reduce': 0.6}",TPESampler,COMPLETE
347,0.07736388593912125,2025-04-25 17:20:39.958194,2025-04-25 17:20:53.267671,0 days 00:00:13.309477,0.0422564642379389,32,32,384.0,,3,0.0016911673652955912,0.6,checkpoints/mlp_Pc_trial_347_best_state.pt,"{'learning_rate': 0.0016911673652955912, 'lr_reduce': 0.6}",TPESampler,COMPLETE
348,0.07592641562223434,2025-04-25 17:20:42.234065,2025-04-25 17:20:51.680762,0 days 00:00:09.446697,0.017350940868182393,272,480,336.0,,3,0.0032339071529797416,0.6,checkpoints/mlp_Pc_trial_348_best_state.pt,"{'learning_rate': 0.0032339071529797416, 'lr_reduce': 0.6}",TPESampler,COMPLETE
349,0.07811067998409271,2025-04-25 17:20:47.351274,2025-04-25 17:20:57.531573,0 days 00:00:10.180299,0.08816745923603367,208,496,416.0,,3,0.005592739851325218,0.6,checkpoints/mlp_Pc_trial_349_best_state.pt,"{'learning_rate': 0.005592739851325218, 'lr_reduce': 0.6}",TPESampler,COMPLETE
350,0.09398021548986435,2025-04-25 17:20:51.974684,2025-04-25 17:21:08.659903,0 days 00:00:16.685219,0.02244822329374308,64,80,384.0,80.0,4,0.001176380207969092,0.6,checkpoints/mlp_Pc_trial_350_best_state.pt,"{'learning_rate': 0.001176380207969092, 'lr_reduce': 0.6}",TPESampler,COMPLETE
351,0.08200261741876602,2025-04-25 17:20:53.503264,2025-04-25 17:21:04.487218,0 days 00:00:10.983954,0.07476662596001778,272,480,,,2,0.0024511882260488346,0.6,checkpoints/mlp_Pc_trial_351_best_state.pt,"{'learning_rate': 0.0024511882260488346, 'lr_reduce': 0.6}",TPESampler,COMPLETE
352,0.08572512865066528,2025-04-25 17:20:57.786927,2025-04-25 17:21:10.426710,0 days 00:00:12.639783,0.014936299593700648,48,80,272.0,80.0,4,0.0011928220432202577,0.6,checkpoints/mlp_Pc_trial_352_best_state.pt,"{'learning_rate': 0.0011928220432202577, 'lr_reduce': 0.6}",TPESampler,COMPLETE
353,0.08036542683839798,2025-04-25 17:21:04.765443,2025-04-25 17:21:13.911253,0 days 00:00:09.145810,0.06176746214487862,256,480,352.0,,3,0.003480545815642172,0.6,checkpoints/mlp_Pc_trial_353_best_state.pt,"{'learning_rate': 0.003480545815642172, 'lr_reduce': 0.6}",TPESampler,COMPLETE
354,0.08194520324468613,2025-04-25 17:21:08.918873,2025-04-25 17:21:21.900313,0 days 00:00:12.981440,0.05714688689034841,224,416,512.0,,3,0.001742723242716481,0.6,checkpoints/mlp_Pc_trial_354_best_state.pt,"{'learning_rate': 0.001742723242716481, 'lr_reduce': 0.6}",TPESampler,COMPLETE
355,0.08514154702425003,2025-04-25 17:21:10.680869,2025-04-25 17:21:18.502485,0 days 00:00:07.821616,0.015583721914963378,128,144,432.0,80.0,4,0.0055065551216720654,0.6,checkpoints/mlp_Pc_trial_355_best_state.pt,"{'learning_rate': 0.0055065551216720654, 'lr_reduce': 0.6}",TPESampler,COMPLETE
356,0.072713702917099,2025-04-25 17:21:14.166600,2025-04-25 17:21:26.188377,0 days 00:00:12.021777,0.0036479480777835104,64,416,400.0,,3,0.0028585294366890333,0.6,checkpoints/mlp_Pc_trial_356_best_state.pt,"{'learning_rate': 0.0028585294366890333, 'lr_reduce': 0.6}",TPESampler,COMPLETE
357,0.07631430774927139,2025-04-25 17:21:18.786481,2025-04-25 17:21:26.710117,0 days 00:00:07.923636,0.0584180099498945,160,480,192.0,,3,0.0030700733595719776,0.6,checkpoints/mlp_Pc_trial_357_best_state.pt,"{'learning_rate': 0.0030700733595719776, 'lr_reduce': 0.6}",TPESampler,COMPLETE
358,0.076717808842659,2025-04-25 17:21:22.304245,2025-04-25 17:21:30.767081,0 days 00:00:08.462836,0.050994622219622684,416,464,320.0,,3,0.0023925138683255336,0.6,checkpoints/mlp_Pc_trial_358_best_state.pt,"{'learning_rate': 0.0023925138683255336, 'lr_reduce': 0.6}",TPESampler,COMPLETE
359,0.2255454957485199,2025-04-25 17:21:26.452158,2025-04-25 17:21:56.958471,0 days 00:00:30.506313,0.16757686467805025,160,272,,,2,0.00015610747081908728,0.6,checkpoints/mlp_Pc_trial_359_best_state.pt,"{'learning_rate': 0.00015610747081908728, 'lr_reduce': 0.6}",TPESampler,COMPLETE
360,0.0733288824558258,2025-04-25 17:21:26.941671,2025-04-25 17:21:38.441399,0 days 00:00:11.499728,0.013962893708428755,160,480,464.0,,3,0.002151204742178277,0.6,checkpoints/mlp_Pc_trial_360_best_state.pt,"{'learning_rate': 0.002151204742178277, 'lr_reduce': 0.6}",TPESampler,COMPLETE
361,0.08613371849060059,2025-04-25 17:21:30.999920,2025-04-25 17:21:40.838113,0 days 00:00:09.838193,0.0018373058532856045,336,176,368.0,112.0,4,0.009994244706454589,0.6,checkpoints/mlp_Pc_trial_361_best_state.pt,"{'learning_rate': 0.009994244706454589, 'lr_reduce': 0.6}",TPESampler,COMPLETE
362,0.09755942225456238,2025-04-25 17:21:38.677270,2025-04-25 17:21:58.325233,0 days 00:00:19.647963,0.0364852878544351,496,64,,,2,0.00036391654102343535,0.6,checkpoints/mlp_Pc_trial_362_best_state.pt,"{'learning_rate': 0.00036391654102343535, 'lr_reduce': 0.6}",TPESampler,COMPLETE
363,0.09524215757846832,2025-04-25 17:21:41.031727,2025-04-25 17:21:51.378357,0 days 00:00:10.346630,0.21452897917617442,336,304,,,2,0.0021456740045834306,0.6,checkpoints/mlp_Pc_trial_363_best_state.pt,"{'learning_rate': 0.0021456740045834306, 'lr_reduce': 0.6}",TPESampler,COMPLETE
364,0.1341368705034256,2025-04-25 17:21:51.688870,2025-04-25 17:22:26.722800,0 days 00:00:35.033930,0.2459326071663829,288,192,,,2,0.00017134219923032722,0.6,checkpoints/mlp_Pc_trial_364_best_state.pt,"{'learning_rate': 0.00017134219923032722, 'lr_reduce': 0.6}",TPESampler,COMPLETE
365,0.06541416794061661,2025-04-25 17:21:57.222167,2025-04-25 17:22:12.886458,0 days 00:00:15.664291,0.0030309045110224354,144,512,416.0,48.0,4,0.0006348563048054536,0.6,checkpoints/mlp_Pc_trial_365_best_state.pt,"{'learning_rate': 0.0006348563048054536, 'lr_reduce': 0.6}",TPESampler,COMPLETE
366,0.08908664435148239,2025-04-25 17:21:58.608588,2025-04-25 17:22:09.473912,0 days 00:00:10.865324,0.014334054601045407,272,512,464.0,,3,0.005748440597749067,0.6,checkpoints/mlp_Pc_trial_366_best_state.pt,"{'learning_rate': 0.005748440597749067, 'lr_reduce': 0.6}",TPESampler,COMPLETE
367,0.09200429916381836,2025-04-25 17:22:10.036847,2025-04-25 17:22:16.739911,0 days 00:00:06.703064,0.005297013315079473,64,80,336.0,128.0,4,0.005275199321603541,0.6,checkpoints/mlp_Pc_trial_367_best_state.pt,"{'learning_rate': 0.005275199321603541, 'lr_reduce': 0.6}",TPESampler,COMPLETE
368,0.08879856020212173,2025-04-25 17:22:13.130133,2025-04-25 17:22:31.918983,0 days 00:00:18.788850,0.010140065143474092,80,48,400.0,32.0,4,0.0005204057709319991,0.6,checkpoints/mlp_Pc_trial_368_best_state.pt,"{'learning_rate': 0.0005204057709319991, 'lr_reduce': 0.6}",TPESampler,COMPLETE
369,0.11009981483221054,2025-04-25 17:22:17.037739,2025-04-25 17:22:41.518496,0 days 00:00:24.480757,0.08410679935075278,288,480,400.0,32.0,4,0.00028236932203395764,0.6,checkpoints/mlp_Pc_trial_369_best_state.pt,"{'learning_rate': 0.00028236932203395764, 'lr_reduce': 0.6}",TPESampler,COMPLETE
370,0.07106897234916687,2025-04-25 17:22:27.015041,2025-04-25 17:22:37.932154,0 days 00:00:10.917113,0.03601007065270264,224,496,400.0,,3,0.0021890783247299744,0.6,checkpoints/mlp_Pc_trial_370_best_state.pt,"{'learning_rate': 0.0021890783247299744, 'lr_reduce': 0.6}",TPESampler,COMPLETE
371,0.06552733480930328,2025-04-25 17:22:32.209101,2025-04-25 17:22:41.869647,0 days 00:00:09.660546,0.0054061947802677285,80,32,400.0,32.0,4,0.002432704091479011,0.6,checkpoints/mlp_Pc_trial_371_best_state.pt,"{'learning_rate': 0.002432704091479011, 'lr_reduce': 0.6}",TPESampler,COMPLETE
372,0.07106008380651474,2025-04-25 17:22:38.269440,2025-04-25 17:22:54.606399,0 days 00:00:16.336959,0.0794771459890767,32,416,352.0,,3,0.0018040569113855522,0.6,checkpoints/mlp_Pc_trial_372_best_state.pt,"{'learning_rate': 0.0018040569113855522, 'lr_reduce': 0.6}",TPESampler,COMPLETE
373,0.0643528550863266,2025-04-25 17:22:41.796614,2025-04-25 17:22:56.748067,0 days 00:00:14.951453,0.008048476037273595,96,64,400.0,48.0,4,0.002349227747918192,0.6,checkpoints/mlp_Pc_trial_373_best_state.pt,"{'learning_rate': 0.002349227747918192, 'lr_reduce': 0.6}",TPESampler,COMPLETE
374,0.0797390341758728,2025-04-25 17:22:42.120909,2025-04-25 17:23:01.600926,0 days 00:00:19.480017,0.0018144693974952572,96,512,400.0,32.0,4,0.0005823302921336141,0.6,checkpoints/mlp_Pc_trial_374_best_state.pt,"{'learning_rate': 0.0005823302921336141, 'lr_reduce': 0.6}",TPESampler,COMPLETE
