number,value,datetime_start,datetime_complete,duration,params_final_dropout,params_mlp_dim_00,params_mlp_dim_01,params_mlp_dim_02,params_mlp_dim_03,params_mlp_n_layers,params_train_learning_rate,params_train_lr_reduce,user_attrs_best_state_dict_path,user_attrs_training_params,system_attrs_auto:sampler,state
747,0.07627956569194794,2025-04-25 17:49:02.131704,2025-04-25 17:49:11.809362,0 days 00:00:09.677658,0.005902201769115774,32,64,368.0,192.0,4,0.002201700138504486,0.6,checkpoints/mlp_Pc_trial_747_best_state.pt,"{'learning_rate': 0.002201700138504486, 'lr_reduce': 0.6}",TPESampler,COMPLETE
748,0.08998226374387741,2025-04-25 17:49:02.926423,2025-04-25 17:49:11.697330,0 days 00:00:08.770907,0.08574433446537387,176,128,416.0,,3,0.001697937705809788,0.6,checkpoints/mlp_Pc_trial_748_best_state.pt,"{'learning_rate': 0.001697937705809788, 'lr_reduce': 0.6}",TPESampler,COMPLETE
749,0.08264432847499847,2025-04-25 17:49:05.909624,2025-04-25 17:49:15.162156,0 days 00:00:09.252532,0.008845739171561017,224,512,304.0,128.0,4,0.003324785598367386,0.6,checkpoints/mlp_Pc_trial_749_best_state.pt,"{'learning_rate': 0.003324785598367386, 'lr_reduce': 0.6}",TPESampler,COMPLETE
750,0.07545582950115204,2025-04-25 17:49:11.912958,2025-04-25 17:49:22.596400,0 days 00:00:10.683442,0.007545479522415882,144,336,512.0,,3,0.0025233006137580175,0.6,checkpoints/mlp_Pc_trial_750_best_state.pt,"{'learning_rate': 0.0025233006137580175, 'lr_reduce': 0.6}",TPESampler,COMPLETE
751,0.08900334686040878,2025-04-25 17:49:11.983807,2025-04-25 17:49:20.056263,0 days 00:00:08.072456,0.0654120148274991,96,48,112.0,80.0,4,0.008968011873403606,0.6,checkpoints/mlp_Pc_trial_751_best_state.pt,"{'learning_rate': 0.008968011873403606, 'lr_reduce': 0.6}",TPESampler,COMPLETE
752,0.08349625021219254,2025-04-25 17:49:15.442306,2025-04-25 17:49:26.900582,0 days 00:00:11.458276,0.0799678969416876,144,400,368.0,,3,0.0008924136573624616,0.6,checkpoints/mlp_Pc_trial_752_best_state.pt,"{'learning_rate': 0.0008924136573624616, 'lr_reduce': 0.6}",TPESampler,COMPLETE
753,0.08108992129564285,2025-04-25 17:49:20.308157,2025-04-25 17:49:27.037409,0 days 00:00:06.729252,0.004229942329076792,64,32,432.0,208.0,4,0.006222266250621785,0.6,checkpoints/mlp_Pc_trial_753_best_state.pt,"{'learning_rate': 0.006222266250621785, 'lr_reduce': 0.6}",TPESampler,COMPLETE
754,0.06824056059122086,2025-04-25 17:49:22.848893,2025-04-25 17:49:36.653783,0 days 00:00:13.804890,0.023474075819539336,144,432,384.0,288.0,4,0.0008495700606093172,0.6,checkpoints/mlp_Pc_trial_754_best_state.pt,"{'learning_rate': 0.0008495700606093172, 'lr_reduce': 0.6}",TPESampler,COMPLETE
755,0.07553872466087341,2025-04-25 17:49:27.154828,2025-04-25 17:49:39.411074,0 days 00:00:12.256246,0.03697340809039833,128,512,464.0,,3,0.0014292304435180212,0.6,checkpoints/mlp_Pc_trial_755_best_state.pt,"{'learning_rate': 0.0014292304435180212, 'lr_reduce': 0.6}",TPESampler,COMPLETE
756,0.07903217524290085,2025-04-25 17:49:27.306455,2025-04-25 17:49:40.057654,0 days 00:00:12.751199,0.0704412797502561,336,480,320.0,,3,0.003351190128859874,0.6,checkpoints/mlp_Pc_trial_756_best_state.pt,"{'learning_rate': 0.003351190128859874, 'lr_reduce': 0.6}",TPESampler,COMPLETE
757,0.0836217850446701,2025-04-25 17:49:36.898274,2025-04-25 17:49:48.647968,0 days 00:00:11.749694,0.02475311394612234,96,432,,,2,0.003532202615346676,0.6,checkpoints/mlp_Pc_trial_757_best_state.pt,"{'learning_rate': 0.003532202615346676, 'lr_reduce': 0.6}",TPESampler,COMPLETE
758,0.06578235328197479,2025-04-25 17:49:39.663167,2025-04-25 17:49:47.474653,0 days 00:00:07.811486,0.009030736764782636,160,96,368.0,32.0,4,0.0037048650315108546,0.6,checkpoints/mlp_Pc_trial_758_best_state.pt,"{'learning_rate': 0.0037048650315108546, 'lr_reduce': 0.6}",TPESampler,COMPLETE
759,0.07200509309768677,2025-04-25 17:49:40.375545,2025-04-25 17:49:50.904267,0 days 00:00:10.528722,0.012885189039608993,96,32,432.0,128.0,4,0.001012617010804531,0.6,checkpoints/mlp_Pc_trial_759_best_state.pt,"{'learning_rate': 0.001012617010804531, 'lr_reduce': 0.6}",TPESampler,COMPLETE
760,0.08662834018468857,2025-04-25 17:49:47.735507,2025-04-25 17:49:58.091002,0 days 00:00:10.355495,0.03422443947346427,112,112,416.0,48.0,4,0.002467869636812406,0.6,checkpoints/mlp_Pc_trial_760_best_state.pt,"{'learning_rate': 0.002467869636812406, 'lr_reduce': 0.6}",TPESampler,COMPLETE
761,0.07781054824590683,2025-04-25 17:49:48.936288,2025-04-25 17:49:59.428866,0 days 00:00:10.492578,0.054633132145648966,208,64,400.0,32.0,4,0.0027739214595521124,0.6,checkpoints/mlp_Pc_trial_761_best_state.pt,"{'learning_rate': 0.0027739214595521124, 'lr_reduce': 0.6}",TPESampler,COMPLETE
762,0.08078674972057343,2025-04-25 17:49:51.199796,2025-04-25 17:50:00.643987,0 days 00:00:09.444191,0.04945711926340623,112,32,464.0,32.0,4,0.0043247096052834565,0.6,checkpoints/mlp_Pc_trial_762_best_state.pt,"{'learning_rate': 0.0043247096052834565, 'lr_reduce': 0.6}",TPESampler,COMPLETE
763,0.07485222816467285,2025-04-25 17:49:58.341818,2025-04-25 17:50:05.747036,0 days 00:00:07.405218,0.004124328552940978,144,96,384.0,32.0,4,0.003303990906689415,0.6,checkpoints/mlp_Pc_trial_763_best_state.pt,"{'learning_rate': 0.003303990906689415, 'lr_reduce': 0.6}",TPESampler,COMPLETE
764,0.07557615637779236,2025-04-25 17:49:59.697651,2025-04-25 17:50:09.768870,0 days 00:00:10.071219,0.02370876604670194,496,304,416.0,32.0,4,0.0011674749022096986,0.6,checkpoints/mlp_Pc_trial_764_best_state.pt,"{'learning_rate': 0.0011674749022096986, 'lr_reduce': 0.6}",TPESampler,COMPLETE
765,0.12522850930690765,2025-04-25 17:50:00.977092,2025-04-25 17:50:09.453588,0 days 00:00:08.476496,0.19129716712526385,32,368,352.0,32.0,4,0.0028722595810862584,0.6,checkpoints/mlp_Pc_trial_765_best_state.pt,"{'learning_rate': 0.0028722595810862584, 'lr_reduce': 0.6}",TPESampler,COMPLETE
766,0.07227150350809097,2025-04-25 17:50:05.988148,2025-04-25 17:50:16.406652,0 days 00:00:10.418504,0.015136698022982467,144,112,480.0,32.0,4,0.004577504829281523,0.6,checkpoints/mlp_Pc_trial_766_best_state.pt,"{'learning_rate': 0.004577504829281523, 'lr_reduce': 0.6}",TPESampler,COMPLETE
767,0.08565261960029602,2025-04-25 17:50:09.685327,2025-04-25 17:50:20.868373,0 days 00:00:11.183046,0.05110580149329834,208,80,272.0,80.0,4,0.0016819019512745441,0.6,checkpoints/mlp_Pc_trial_767_best_state.pt,"{'learning_rate': 0.0016819019512745441, 'lr_reduce': 0.6}",TPESampler,COMPLETE
768,0.07643327116966248,2025-04-25 17:50:10.069570,2025-04-25 17:50:17.800811,0 days 00:00:07.731241,0.03036843431348251,224,192,400.0,80.0,4,0.0038261792851759214,0.6,checkpoints/mlp_Pc_trial_768_best_state.pt,"{'learning_rate': 0.0038261792851759214, 'lr_reduce': 0.6}",TPESampler,COMPLETE
769,0.07697171717882156,2025-04-25 17:50:16.686812,2025-04-25 17:50:29.129853,0 days 00:00:12.443041,0.005581498835355579,32,464,352.0,,3,0.0015351710638917867,0.6,checkpoints/mlp_Pc_trial_769_best_state.pt,"{'learning_rate': 0.0015351710638917867, 'lr_reduce': 0.6}",TPESampler,COMPLETE
770,0.07770577818155289,2025-04-25 17:50:18.044453,2025-04-25 17:50:27.186622,0 days 00:00:09.142169,0.007829105240751682,160,112,448.0,,3,0.0030146134099280518,0.6,checkpoints/mlp_Pc_trial_770_best_state.pt,"{'learning_rate': 0.0030146134099280518, 'lr_reduce': 0.6}",TPESampler,COMPLETE
771,0.07919980585575104,2025-04-25 17:50:21.142621,2025-04-25 17:50:30.350318,0 days 00:00:09.207697,0.003046685194893646,112,112,384.0,80.0,4,0.0014228861537757512,0.6,checkpoints/mlp_Pc_trial_771_best_state.pt,"{'learning_rate': 0.0014228861537757512, 'lr_reduce': 0.6}",TPESampler,COMPLETE
772,0.07163701951503754,2025-04-25 17:50:27.455358,2025-04-25 17:50:36.351188,0 days 00:00:08.895830,0.06476155982368803,240,512,432.0,,3,0.004138228868344577,0.6,checkpoints/mlp_Pc_trial_772_best_state.pt,"{'learning_rate': 0.004138228868344577, 'lr_reduce': 0.6}",TPESampler,COMPLETE
773,0.07694682478904724,2025-04-25 17:50:29.411385,2025-04-25 17:50:50.302493,0 days 00:00:20.891108,0.0019599303290361164,176,512,240.0,32.0,4,0.0002760261229994405,0.6,checkpoints/mlp_Pc_trial_773_best_state.pt,"{'learning_rate': 0.0002760261229994405, 'lr_reduce': 0.6}",TPESampler,COMPLETE
774,0.08567491918802261,2025-04-25 17:50:30.609705,2025-04-25 17:50:38.656355,0 days 00:00:08.046650,0.008421745786279765,128,176,512.0,80.0,4,0.0039827637030122156,0.6,checkpoints/mlp_Pc_trial_774_best_state.pt,"{'learning_rate': 0.0039827637030122156, 'lr_reduce': 0.6}",TPESampler,COMPLETE
775,0.07592615485191345,2025-04-25 17:50:36.634503,2025-04-25 17:50:43.584583,0 days 00:00:06.950080,0.01457408038945449,144,32,320.0,240.0,4,0.00647007955267233,0.6,checkpoints/mlp_Pc_trial_775_best_state.pt,"{'learning_rate': 0.00647007955267233, 'lr_reduce': 0.6}",TPESampler,COMPLETE
776,0.07937697321176529,2025-04-25 17:50:38.927782,2025-04-25 17:50:47.253923,0 days 00:00:08.326141,0.050246953818120665,96,96,368.0,80.0,4,0.005853631491577062,0.6,checkpoints/mlp_Pc_trial_776_best_state.pt,"{'learning_rate': 0.005853631491577062, 'lr_reduce': 0.6}",TPESampler,COMPLETE
777,0.07838220149278641,2025-04-25 17:50:43.855633,2025-04-25 17:50:55.204975,0 days 00:00:11.349342,0.010922992699480098,336,416,432.0,,3,0.0019838512830284106,0.6,checkpoints/mlp_Pc_trial_777_best_state.pt,"{'learning_rate': 0.0019838512830284106, 'lr_reduce': 0.6}",TPESampler,COMPLETE
778,0.08079374581575394,2025-04-25 17:50:47.530964,2025-04-25 17:50:55.886528,0 days 00:00:08.355564,0.01721164492723288,128,112,368.0,288.0,4,0.003200718124628807,0.6,checkpoints/mlp_Pc_trial_778_best_state.pt,"{'learning_rate': 0.003200718124628807, 'lr_reduce': 0.6}",TPESampler,COMPLETE
779,0.076714888215065,2025-04-25 17:50:50.566937,2025-04-25 17:51:01.438180,0 days 00:00:10.871243,0.021011653796177476,208,144,464.0,80.0,4,0.004023772341822942,0.6,checkpoints/mlp_Pc_trial_779_best_state.pt,"{'learning_rate': 0.004023772341822942, 'lr_reduce': 0.6}",TPESampler,COMPLETE
780,0.1053217202425003,2025-04-25 17:50:55.447189,2025-04-25 17:51:31.095063,0 days 00:00:35.647874,0.0076820339130921345,272,272,,,2,0.00015332972985584298,0.6,checkpoints/mlp_Pc_trial_780_best_state.pt,"{'learning_rate': 0.00015332972985584298, 'lr_reduce': 0.6}",TPESampler,COMPLETE
781,0.14173835515975952,2025-04-25 17:50:56.141306,2025-04-25 17:51:27.104499,0 days 00:00:30.963193,0.14062605737804879,272,352,304.0,240.0,4,0.0001277056662059187,0.6,checkpoints/mlp_Pc_trial_781_best_state.pt,"{'learning_rate': 0.0001277056662059187, 'lr_reduce': 0.6}",TPESampler,COMPLETE
782,0.0729985237121582,2025-04-25 17:51:01.714833,2025-04-25 17:51:13.406388,0 days 00:00:11.691555,0.012226188581214888,240,272,400.0,32.0,4,0.0018885161061064535,0.6,checkpoints/mlp_Pc_trial_782_best_state.pt,"{'learning_rate': 0.0018885161061064535, 'lr_reduce': 0.6}",TPESampler,COMPLETE
783,0.07158218324184418,2025-04-25 17:51:13.678753,2025-04-25 17:51:26.330806,0 days 00:00:12.652053,0.004416831107554656,32,304,176.0,,3,0.0011088932213538492,0.6,checkpoints/mlp_Pc_trial_783_best_state.pt,"{'learning_rate': 0.0011088932213538492, 'lr_reduce': 0.6}",TPESampler,COMPLETE
784,0.07446296513080597,2025-04-25 17:51:26.585411,2025-04-25 17:51:37.438685,0 days 00:00:10.853274,0.061329578342971744,144,384,336.0,192.0,4,0.0012639005232020395,0.6,checkpoints/mlp_Pc_trial_784_best_state.pt,"{'learning_rate': 0.0012639005232020395, 'lr_reduce': 0.6}",TPESampler,COMPLETE
785,0.06794138252735138,2025-04-25 17:51:27.414217,2025-04-25 17:51:38.504187,0 days 00:00:11.089970,0.0007142963523225198,144,416,432.0,,3,0.004121047010717236,0.6,checkpoints/mlp_Pc_trial_785_best_state.pt,"{'learning_rate': 0.004121047010717236, 'lr_reduce': 0.6}",TPESampler,COMPLETE
786,0.08766878396272659,2025-04-25 17:51:31.432292,2025-04-25 17:51:40.845301,0 days 00:00:09.413009,0.006325924967593627,336,64,,,2,0.0030211623364969757,0.6,checkpoints/mlp_Pc_trial_786_best_state.pt,"{'learning_rate': 0.0030211623364969757, 'lr_reduce': 0.6}",TPESampler,COMPLETE
787,0.08016570657491684,2025-04-25 17:51:37.700808,2025-04-25 17:51:52.918076,0 days 00:00:15.217268,0.039438055004166285,160,32,384.0,112.0,4,0.0022739015692542705,0.6,checkpoints/mlp_Pc_trial_787_best_state.pt,"{'learning_rate': 0.0022739015692542705, 'lr_reduce': 0.6}",TPESampler,COMPLETE
788,0.07521720975637436,2025-04-25 17:51:38.768929,2025-04-25 17:51:48.516756,0 days 00:00:09.747827,0.018602935484992006,320,80,480.0,80.0,4,0.0016750267922322334,0.6,checkpoints/mlp_Pc_trial_788_best_state.pt,"{'learning_rate': 0.0016750267922322334, 'lr_reduce': 0.6}",TPESampler,COMPLETE
789,0.0837194100022316,2025-04-25 17:51:41.103202,2025-04-25 17:51:55.605381,0 days 00:00:14.502179,0.00971142813448993,112,416,288.0,192.0,4,0.0005236699500659291,0.6,checkpoints/mlp_Pc_trial_789_best_state.pt,"{'learning_rate': 0.0005236699500659291, 'lr_reduce': 0.6}",TPESampler,COMPLETE
790,0.08999289572238922,2025-04-25 17:51:48.809747,2025-04-25 17:51:59.730456,0 days 00:00:10.920709,0.08622730596964175,304,384,416.0,128.0,4,0.001102932138160768,0.6,checkpoints/mlp_Pc_trial_790_best_state.pt,"{'learning_rate': 0.001102932138160768, 'lr_reduce': 0.6}",TPESampler,COMPLETE
791,0.06726101040840149,2025-04-25 17:51:53.165215,2025-04-25 17:52:04.035526,0 days 00:00:10.870311,0.001170482808385543,160,496,368.0,256.0,4,0.0005643149557180018,0.6,checkpoints/mlp_Pc_trial_791_best_state.pt,"{'learning_rate': 0.0005643149557180018, 'lr_reduce': 0.6}",TPESampler,COMPLETE
792,0.0855339765548706,2025-04-25 17:51:55.867880,2025-04-25 17:52:04.034569,0 days 00:00:08.166689,0.011602551440852073,176,192,336.0,32.0,4,0.006666830110257765,0.6,checkpoints/mlp_Pc_trial_792_best_state.pt,"{'learning_rate': 0.006666830110257765, 'lr_reduce': 0.6}",TPESampler,COMPLETE
793,0.08109916746616364,2025-04-25 17:51:59.946694,2025-04-25 17:52:14.090718,0 days 00:00:14.144024,0.06614029623112197,48,320,464.0,,3,0.0037767266728758863,0.6,checkpoints/mlp_Pc_trial_793_best_state.pt,"{'learning_rate': 0.0037767266728758863, 'lr_reduce': 0.6}",TPESampler,COMPLETE
794,0.06772187352180481,2025-04-25 17:52:04.228575,2025-04-25 17:52:15.539995,0 days 00:00:11.311420,0.006053553808304555,144,112,416.0,112.0,4,0.002058307493699121,0.6,checkpoints/mlp_Pc_trial_794_best_state.pt,"{'learning_rate': 0.002058307493699121, 'lr_reduce': 0.6}",TPESampler,COMPLETE
795,0.07608792930841446,2025-04-25 17:52:04.291611,2025-04-25 17:52:16.023370,0 days 00:00:11.731759,0.006583530149135434,128,464,416.0,80.0,4,0.0014875591650274395,0.6,checkpoints/mlp_Pc_trial_795_best_state.pt,"{'learning_rate': 0.0014875591650274395, 'lr_reduce': 0.6}",TPESampler,COMPLETE
796,0.07026302069425583,2025-04-25 17:52:14.359821,2025-04-25 17:52:23.719698,0 days 00:00:09.359877,0.013192863385381358,80,32,336.0,208.0,4,0.0030020803771219915,0.6,checkpoints/mlp_Pc_trial_796_best_state.pt,"{'learning_rate': 0.0030020803771219915, 'lr_reduce': 0.6}",TPESampler,COMPLETE
797,0.07285131514072418,2025-04-25 17:52:15.795507,2025-04-25 17:52:25.742293,0 days 00:00:09.946786,0.0018516407731299749,208,96,512.0,160.0,4,0.0024365008223855415,0.6,checkpoints/mlp_Pc_trial_797_best_state.pt,"{'learning_rate': 0.0024365008223855415, 'lr_reduce': 0.6}",TPESampler,COMPLETE
798,0.09692589193582535,2025-04-25 17:52:16.340745,2025-04-25 17:52:42.824778,0 days 00:00:26.484033,0.03412903579371719,400,192,240.0,,3,0.00018436538076923315,0.6,checkpoints/mlp_Pc_trial_798_best_state.pt,"{'learning_rate': 0.00018436538076923315, 'lr_reduce': 0.6}",TPESampler,COMPLETE
799,0.08559654653072357,2025-04-25 17:52:24.130674,2025-04-25 17:52:30.985284,0 days 00:00:06.854610,0.08530777837496997,128,32,368.0,,3,0.0033617074601516497,0.6,checkpoints/mlp_Pc_trial_799_best_state.pt,"{'learning_rate': 0.0033617074601516497, 'lr_reduce': 0.6}",TPESampler,COMPLETE
800,0.09226107597351074,2025-04-25 17:52:26.031872,2025-04-25 17:52:34.345011,0 days 00:00:08.313139,0.09529652911192218,176,128,448.0,32.0,4,0.00396232330830337,0.6,checkpoints/mlp_Pc_trial_800_best_state.pt,"{'learning_rate': 0.00396232330830337, 'lr_reduce': 0.6}",TPESampler,COMPLETE
801,0.07625030726194382,2025-04-25 17:52:31.262768,2025-04-25 17:52:39.388748,0 days 00:00:08.125980,0.01979675898346829,288,448,288.0,,3,0.00693178203167169,0.6,checkpoints/mlp_Pc_trial_801_best_state.pt,"{'learning_rate': 0.00693178203167169, 'lr_reduce': 0.6}",TPESampler,COMPLETE
802,0.06608521193265915,2025-04-25 17:52:34.721826,2025-04-25 17:52:46.575508,0 days 00:00:11.853682,0.01025737494094173,32,96,384.0,240.0,4,0.004548748601215146,0.6,checkpoints/mlp_Pc_trial_802_best_state.pt,"{'learning_rate': 0.004548748601215146, 'lr_reduce': 0.6}",TPESampler,COMPLETE
803,0.07280474156141281,2025-04-25 17:52:39.703707,2025-04-25 17:52:52.337333,0 days 00:00:12.633626,0.002609519019096144,208,112,464.0,112.0,4,0.006583062966841477,0.6,checkpoints/mlp_Pc_trial_803_best_state.pt,"{'learning_rate': 0.006583062966841477, 'lr_reduce': 0.6}",TPESampler,COMPLETE
804,0.0745527595281601,2025-04-25 17:52:43.303722,2025-04-25 17:53:01.602225,0 days 00:00:18.298503,0.04513772955323639,224,240,336.0,176.0,4,0.0007767696477944892,0.6,checkpoints/mlp_Pc_trial_804_best_state.pt,"{'learning_rate': 0.0007767696477944892, 'lr_reduce': 0.6}",TPESampler,COMPLETE
805,0.08306287229061127,2025-04-25 17:52:46.962701,2025-04-25 17:53:00.875930,0 days 00:00:13.913229,0.024909516183812375,192,32,368.0,,3,0.009458018147811272,0.6,checkpoints/mlp_Pc_trial_805_best_state.pt,"{'learning_rate': 0.009458018147811272, 'lr_reduce': 0.6}",TPESampler,COMPLETE
806,0.09731068462133408,2025-04-25 17:52:52.623235,2025-04-25 17:53:06.365686,0 days 00:00:13.742451,0.23334719159049883,384,208,368.0,304.0,4,0.003411935920278781,0.6,checkpoints/mlp_Pc_trial_806_best_state.pt,"{'learning_rate': 0.003411935920278781, 'lr_reduce': 0.6}",TPESampler,COMPLETE
807,0.0830240324139595,2025-04-25 17:53:01.302109,2025-04-25 17:53:07.203422,0 days 00:00:05.901313,0.008582897526602523,48,32,368.0,288.0,4,0.008268020598456688,0.6,checkpoints/mlp_Pc_trial_807_best_state.pt,"{'learning_rate': 0.008268020598456688, 'lr_reduce': 0.6}",TPESampler,COMPLETE
808,0.06749887764453888,2025-04-25 17:53:01.910433,2025-04-25 17:53:10.543286,0 days 00:00:08.632853,0.0020910995191847376,80,128,384.0,304.0,4,0.00495355496427383,0.6,checkpoints/mlp_Pc_trial_808_best_state.pt,"{'learning_rate': 0.00495355496427383, 'lr_reduce': 0.6}",TPESampler,COMPLETE
809,0.06934938579797745,2025-04-25 17:53:06.619369,2025-04-25 17:53:15.856651,0 days 00:00:09.237282,0.006822369146438902,64,112,320.0,256.0,4,0.003646365636578594,0.6,checkpoints/mlp_Pc_trial_809_best_state.pt,"{'learning_rate': 0.003646365636578594, 'lr_reduce': 0.6}",TPESampler,COMPLETE
810,0.07747656106948853,2025-04-25 17:53:07.493339,2025-04-25 17:53:20.507254,0 days 00:00:13.013915,0.0063435842885144695,48,48,384.0,256.0,4,0.0033899372861384666,0.6,checkpoints/mlp_Pc_trial_810_best_state.pt,"{'learning_rate': 0.0033899372861384666, 'lr_reduce': 0.6}",TPESampler,COMPLETE
811,0.08195251226425171,2025-04-25 17:53:10.833484,2025-04-25 17:53:20.432974,0 days 00:00:09.599490,0.029379322529671823,32,96,336.0,352.0,4,0.004779341317984443,0.6,checkpoints/mlp_Pc_trial_811_best_state.pt,"{'learning_rate': 0.004779341317984443, 'lr_reduce': 0.6}",TPESampler,COMPLETE
812,0.09993866086006165,2025-04-25 17:53:16.116053,2025-04-25 17:53:22.900026,0 days 00:00:06.783973,0.21037446516744798,288,144,32.0,,3,0.008015206893446834,0.6,checkpoints/mlp_Pc_trial_812_best_state.pt,"{'learning_rate': 0.008015206893446834, 'lr_reduce': 0.6}",TPESampler,COMPLETE
813,0.06896873563528061,2025-04-25 17:53:20.662482,2025-04-25 17:53:29.025061,0 days 00:00:08.362579,0.04499831340461764,96,128,400.0,256.0,4,0.0058836249730755555,0.6,checkpoints/mlp_Pc_trial_813_best_state.pt,"{'learning_rate': 0.0058836249730755555, 'lr_reduce': 0.6}",TPESampler,COMPLETE
814,0.07129798829555511,2025-04-25 17:53:20.710468,2025-04-25 17:53:29.348600,0 days 00:00:08.638132,0.02365694203249677,32,80,384.0,272.0,4,0.00319927225268977,0.6,checkpoints/mlp_Pc_trial_814_best_state.pt,"{'learning_rate': 0.00319927225268977, 'lr_reduce': 0.6}",TPESampler,COMPLETE
815,0.09855324774980545,2025-04-25 17:53:23.155655,2025-04-25 17:53:30.654568,0 days 00:00:07.498913,0.20427960018044425,512,32,,,2,0.00486707312672702,0.6,checkpoints/mlp_Pc_trial_815_best_state.pt,"{'learning_rate': 0.00486707312672702, 'lr_reduce': 0.6}",TPESampler,COMPLETE
816,0.07440081983804703,2025-04-25 17:53:29.276728,2025-04-25 17:53:38.506005,0 days 00:00:09.229277,0.05692920073382327,32,96,272.0,240.0,4,0.004241170461348002,0.6,checkpoints/mlp_Pc_trial_816_best_state.pt,"{'learning_rate': 0.004241170461348002, 'lr_reduce': 0.6}",TPESampler,COMPLETE
817,0.0924229696393013,2025-04-25 17:53:29.652686,2025-04-25 17:53:37.732295,0 days 00:00:08.079609,0.2726557100011682,272,352,,,2,0.0051583221530517665,0.6,checkpoints/mlp_Pc_trial_817_best_state.pt,"{'learning_rate': 0.0051583221530517665, 'lr_reduce': 0.6}",TPESampler,COMPLETE
818,0.11813517659902573,2025-04-25 17:53:30.924450,2025-04-25 17:53:44.117811,0 days 00:00:13.193361,0.28342712088877153,368,368,352.0,64.0,4,0.002622935821006397,0.6,checkpoints/mlp_Pc_trial_818_best_state.pt,"{'learning_rate': 0.002622935821006397, 'lr_reduce': 0.6}",TPESampler,COMPLETE
819,0.07268650829792023,2025-04-25 17:53:37.978370,2025-04-25 17:53:49.605733,0 days 00:00:11.627363,0.05201948425151741,112,32,320.0,224.0,4,0.0027498203076600186,0.6,checkpoints/mlp_Pc_trial_819_best_state.pt,"{'learning_rate': 0.0027498203076600186, 'lr_reduce': 0.6}",TPESampler,COMPLETE
820,0.09553840011358261,2025-04-25 17:53:38.805770,2025-04-25 17:53:49.412414,0 days 00:00:10.606644,0.15990478507127306,416,336,400.0,,3,0.0072340160261433264,0.6,checkpoints/mlp_Pc_trial_820_best_state.pt,"{'learning_rate': 0.0072340160261433264, 'lr_reduce': 0.6}",TPESampler,COMPLETE
