number,value,datetime_start,datetime_complete,duration,params_final_dropout,params_mlp_dim_00,params_mlp_dim_01,params_mlp_dim_02,params_mlp_dim_03,params_mlp_n_layers,params_train_learning_rate,params_train_lr_reduce,user_attrs_best_state_dict_path,user_attrs_training_params,system_attrs_auto:sampler,state
1564,0.0804796814918518,2025-04-25 18:43:53.797610,2025-04-25 18:44:04.638493,0 days 00:00:10.840883,0.062391445781764185,176,192,256.0,176.0,4,0.001664331445691809,0.6,checkpoints/mlp_Pc_trial_1564_best_state.pt,"{'learning_rate': 0.001664331445691809, 'lr_reduce': 0.6}",TPESampler,COMPLETE
1565,0.07933767139911652,2025-04-25 18:43:56.511692,2025-04-25 18:44:06.353196,0 days 00:00:09.841504,0.04514275867614888,224,464,416.0,,3,0.0016965159368022525,0.6,checkpoints/mlp_Pc_trial_1565_best_state.pt,"{'learning_rate': 0.0016965159368022525, 'lr_reduce': 0.6}",TPESampler,COMPLETE
1566,0.07470402121543884,2025-04-25 18:43:56.578256,2025-04-25 18:44:05.470465,0 days 00:00:08.892209,0.03448343860713437,208,32,416.0,160.0,4,0.002955165031891738,0.6,checkpoints/mlp_Pc_trial_1566_best_state.pt,"{'learning_rate': 0.002955165031891738, 'lr_reduce': 0.6}",TPESampler,COMPLETE
1567,0.07311636209487915,2025-04-25 18:44:04.900601,2025-04-25 18:44:18.810721,0 days 00:00:13.910120,0.03783650812282051,176,144,480.0,240.0,4,0.0006852763053494612,0.6,checkpoints/mlp_Pc_trial_1567_best_state.pt,"{'learning_rate': 0.0006852763053494612, 'lr_reduce': 0.6}",TPESampler,COMPLETE
1568,0.07328718155622482,2025-04-25 18:44:05.810120,2025-04-25 18:44:22.500511,0 days 00:00:16.690391,0.06097436088900057,144,448,304.0,160.0,4,0.0009091511293857531,0.6,checkpoints/mlp_Pc_trial_1568_best_state.pt,"{'learning_rate': 0.0009091511293857531, 'lr_reduce': 0.6}",TPESampler,COMPLETE
1569,0.08113963156938553,2025-04-25 18:44:06.674425,2025-04-25 18:44:24.188510,0 days 00:00:17.514085,0.06859819122999057,224,512,352.0,336.0,4,0.0013678404243983124,0.6,checkpoints/mlp_Pc_trial_1569_best_state.pt,"{'learning_rate': 0.0013678404243983124, 'lr_reduce': 0.6}",TPESampler,COMPLETE
1570,0.08566891402006149,2025-04-25 18:44:19.127766,2025-04-25 18:44:26.840446,0 days 00:00:07.712680,0.06278237072489436,32,368,256.0,192.0,4,0.009989847148529254,0.6,checkpoints/mlp_Pc_trial_1570_best_state.pt,"{'learning_rate': 0.009989847148529254, 'lr_reduce': 0.6}",TPESampler,COMPLETE
1571,0.15853238105773926,2025-04-25 18:44:22.778347,2025-04-25 18:45:27.276167,0 days 00:01:04.497820,0.18016872173124712,48,256,,,2,0.00010088371331326879,0.6,checkpoints/mlp_Pc_trial_1571_best_state.pt,"{'learning_rate': 0.00010088371331326879, 'lr_reduce': 0.6}",TPESampler,COMPLETE
1572,0.07762949168682098,2025-04-25 18:44:24.503629,2025-04-25 18:44:34.210365,0 days 00:00:09.706736,0.05577203477336606,160,128,464.0,,3,0.004939739228528715,0.6,checkpoints/mlp_Pc_trial_1572_best_state.pt,"{'learning_rate': 0.004939739228528715, 'lr_reduce': 0.6}",TPESampler,COMPLETE
1573,0.07189098745584488,2025-04-25 18:44:27.155367,2025-04-25 18:44:40.016072,0 days 00:00:12.860705,0.005452094830745918,144,352,304.0,160.0,4,0.0014378090618046798,0.6,checkpoints/mlp_Pc_trial_1573_best_state.pt,"{'learning_rate': 0.0014378090618046798, 'lr_reduce': 0.6}",TPESampler,COMPLETE
1574,0.5697660446166992,2025-04-25 18:44:34.588367,2025-04-25 18:44:38.962805,0 days 00:00:04.374438,0.2733906111855005,32,240,368.0,,3,0.0002556719329736419,0.6,checkpoints/mlp_Pc_trial_1574_best_state.pt,"{'learning_rate': 0.0002556719329736419, 'lr_reduce': 0.6}",TPESampler,COMPLETE
1575,0.07636496424674988,2025-04-25 18:44:39.271835,2025-04-25 18:44:53.755927,0 days 00:00:14.484092,0.008568009589927403,32,320,256.0,288.0,4,0.004692706522157411,0.6,checkpoints/mlp_Pc_trial_1575_best_state.pt,"{'learning_rate': 0.004692706522157411, 'lr_reduce': 0.6}",TPESampler,COMPLETE
1576,0.06977376341819763,2025-04-25 18:44:40.349905,2025-04-25 18:44:54.980397,0 days 00:00:14.630492,0.0010589909985304242,192,416,512.0,224.0,4,0.0009973653138978654,0.6,checkpoints/mlp_Pc_trial_1576_best_state.pt,"{'learning_rate': 0.0009973653138978654, 'lr_reduce': 0.6}",TPESampler,COMPLETE
1577,0.08692952990531921,2025-04-25 18:44:54.043723,2025-04-25 18:45:12.391344,0 days 00:00:18.347621,0.0416598411840894,208,512,432.0,160.0,4,0.0005092127268861698,0.6,checkpoints/mlp_Pc_trial_1577_best_state.pt,"{'learning_rate': 0.0005092127268861698, 'lr_reduce': 0.6}",TPESampler,COMPLETE
1578,0.06907536089420319,2025-04-25 18:44:55.359085,2025-04-25 18:45:04.356590,0 days 00:00:08.997505,0.054702854353102015,112,96,304.0,,3,0.009538544625393676,0.6,checkpoints/mlp_Pc_trial_1578_best_state.pt,"{'learning_rate': 0.009538544625393676, 'lr_reduce': 0.6}",TPESampler,COMPLETE
1579,0.06753924489021301,2025-04-25 18:45:04.701970,2025-04-25 18:45:17.880743,0 days 00:00:13.178773,0.01885548456055705,160,512,384.0,,3,0.0009402901205420401,0.6,checkpoints/mlp_Pc_trial_1579_best_state.pt,"{'learning_rate': 0.0009402901205420401, 'lr_reduce': 0.6}",TPESampler,COMPLETE
1580,0.07126103341579437,2025-04-25 18:45:12.712361,2025-04-25 18:45:24.838707,0 days 00:00:12.126346,0.0608551518155242,272,464,256.0,208.0,4,0.003363285354578887,0.6,checkpoints/mlp_Pc_trial_1580_best_state.pt,"{'learning_rate': 0.003363285354578887, 'lr_reduce': 0.6}",TPESampler,COMPLETE
1581,0.07342259585857391,2025-04-25 18:45:18.192349,2025-04-25 18:45:30.882954,0 days 00:00:12.690605,0.014036518911412041,240,480,464.0,160.0,4,0.0010933364153179628,0.6,checkpoints/mlp_Pc_trial_1581_best_state.pt,"{'learning_rate': 0.0010933364153179628, 'lr_reduce': 0.6}",TPESampler,COMPLETE
1582,0.07462947070598602,2025-04-25 18:45:25.155996,2025-04-25 18:45:36.167185,0 days 00:00:11.011189,0.05127807463670476,160,288,336.0,256.0,4,0.002777229567507595,0.6,checkpoints/mlp_Pc_trial_1582_best_state.pt,"{'learning_rate': 0.002777229567507595, 'lr_reduce': 0.6}",TPESampler,COMPLETE
1583,0.07457584142684937,2025-04-25 18:45:27.620576,2025-04-25 18:45:37.185018,0 days 00:00:09.564442,0.008413901528705631,208,512,240.0,128.0,4,0.0034729156748382426,0.6,checkpoints/mlp_Pc_trial_1583_best_state.pt,"{'learning_rate': 0.0034729156748382426, 'lr_reduce': 0.6}",TPESampler,COMPLETE
1584,0.08133117109537125,2025-04-25 18:45:31.207639,2025-04-25 18:45:43.855731,0 days 00:00:12.648092,0.05663629150751315,96,272,416.0,208.0,4,0.002888725534375948,0.6,checkpoints/mlp_Pc_trial_1584_best_state.pt,"{'learning_rate': 0.002888725534375948, 'lr_reduce': 0.6}",TPESampler,COMPLETE
1585,0.07814187556505203,2025-04-25 18:45:36.587596,2025-04-25 18:45:45.611696,0 days 00:00:09.024100,0.04946880473956719,112,208,288.0,128.0,4,0.0040713671572097,0.6,checkpoints/mlp_Pc_trial_1585_best_state.pt,"{'learning_rate': 0.0040713671572097, 'lr_reduce': 0.6}",TPESampler,COMPLETE
1586,0.0748857855796814,2025-04-25 18:45:37.489702,2025-04-25 18:45:50.200750,0 days 00:00:12.711048,0.027240615424174743,224,192,368.0,176.0,4,0.009972980462611502,0.6,checkpoints/mlp_Pc_trial_1586_best_state.pt,"{'learning_rate': 0.009972980462611502, 'lr_reduce': 0.6}",TPESampler,COMPLETE
1587,0.07335539162158966,2025-04-25 18:45:44.153934,2025-04-25 18:45:55.895308,0 days 00:00:11.741374,0.0013995561473286802,240,368,480.0,32.0,4,0.0013478112556303845,0.6,checkpoints/mlp_Pc_trial_1587_best_state.pt,"{'learning_rate': 0.0013478112556303845, 'lr_reduce': 0.6}",TPESampler,COMPLETE
1588,0.0836763083934784,2025-04-25 18:45:45.967513,2025-04-25 18:45:59.637698,0 days 00:00:13.670185,0.0322003105709019,32,64,,,2,0.006750922459527247,0.6,checkpoints/mlp_Pc_trial_1588_best_state.pt,"{'learning_rate': 0.006750922459527247, 'lr_reduce': 0.6}",TPESampler,COMPLETE
1589,0.07759708911180496,2025-04-25 18:45:50.510039,2025-04-25 18:46:02.882509,0 days 00:00:12.372470,0.03465237432025341,256,352,288.0,,3,0.0022750169282170266,0.6,checkpoints/mlp_Pc_trial_1589_best_state.pt,"{'learning_rate': 0.0022750169282170266, 'lr_reduce': 0.6}",TPESampler,COMPLETE
1590,0.09337443858385086,2025-04-25 18:45:56.393983,2025-04-25 18:46:08.427866,0 days 00:00:12.033883,0.15051135893300108,448,192,432.0,128.0,4,0.0016351230581934943,0.6,checkpoints/mlp_Pc_trial_1590_best_state.pt,"{'learning_rate': 0.0016351230581934943, 'lr_reduce': 0.6}",TPESampler,COMPLETE
1591,0.07401438057422638,2025-04-25 18:45:59.957057,2025-04-25 18:46:08.840256,0 days 00:00:08.883199,0.007724369489679152,208,208,240.0,256.0,4,0.0034858098103967305,0.6,checkpoints/mlp_Pc_trial_1591_best_state.pt,"{'learning_rate': 0.0034858098103967305, 'lr_reduce': 0.6}",TPESampler,COMPLETE
1592,0.087987020611763,2025-04-25 18:46:03.184339,2025-04-25 18:46:14.735476,0 days 00:00:11.551137,0.030770266795869174,96,480,336.0,192.0,4,0.000622074433788655,0.6,checkpoints/mlp_Pc_trial_1592_best_state.pt,"{'learning_rate': 0.000622074433788655, 'lr_reduce': 0.6}",TPESampler,COMPLETE
1593,0.0749015063047409,2025-04-25 18:46:08.731224,2025-04-25 18:46:16.391406,0 days 00:00:07.660182,0.004333261847335675,64,96,384.0,,3,0.009284863521004364,0.6,checkpoints/mlp_Pc_trial_1593_best_state.pt,"{'learning_rate': 0.009284863521004364, 'lr_reduce': 0.6}",TPESampler,COMPLETE
1594,0.07059459388256073,2025-04-25 18:46:09.233981,2025-04-25 18:46:18.495079,0 days 00:00:09.261098,0.008399935269345574,304,128,288.0,128.0,4,0.0021442442657706984,0.6,checkpoints/mlp_Pc_trial_1594_best_state.pt,"{'learning_rate': 0.0021442442657706984, 'lr_reduce': 0.6}",TPESampler,COMPLETE
1595,0.08937501907348633,2025-04-25 18:46:15.029697,2025-04-25 18:46:22.254353,0 days 00:00:07.224656,0.06959663451590667,192,64,464.0,224.0,4,0.00586414304480082,0.6,checkpoints/mlp_Pc_trial_1595_best_state.pt,"{'learning_rate': 0.00586414304480082, 'lr_reduce': 0.6}",TPESampler,COMPLETE
1596,0.08233623951673508,2025-04-25 18:46:16.654475,2025-04-25 18:46:28.256617,0 days 00:00:11.602142,0.06217404000729161,96,432,240.0,,3,0.0011296092681670506,0.6,checkpoints/mlp_Pc_trial_1596_best_state.pt,"{'learning_rate': 0.0011296092681670506, 'lr_reduce': 0.6}",TPESampler,COMPLETE
1597,0.09687506407499313,2025-04-25 18:46:18.802212,2025-04-25 18:46:34.689118,0 days 00:00:15.886906,0.15836481310689884,144,432,,,2,0.0005419684304291291,0.6,checkpoints/mlp_Pc_trial_1597_best_state.pt,"{'learning_rate': 0.0005419684304291291, 'lr_reduce': 0.6}",TPESampler,COMPLETE
1598,0.07169326394796371,2025-04-25 18:46:22.573476,2025-04-25 18:46:38.532582,0 days 00:00:15.959106,0.012735200625038266,96,48,416.0,160.0,4,0.0012194484437241917,0.6,checkpoints/mlp_Pc_trial_1598_best_state.pt,"{'learning_rate': 0.0012194484437241917, 'lr_reduce': 0.6}",TPESampler,COMPLETE
1599,0.07041293382644653,2025-04-25 18:46:28.565445,2025-04-25 18:46:42.114566,0 days 00:00:13.549121,0.05352345279848811,192,448,512.0,304.0,4,0.0014272640831393157,0.6,checkpoints/mlp_Pc_trial_1599_best_state.pt,"{'learning_rate': 0.0014272640831393157, 'lr_reduce': 0.6}",TPESampler,COMPLETE
1600,0.09282868355512619,2025-04-25 18:46:35.007068,2025-04-25 18:46:45.315540,0 days 00:00:10.308472,0.06719884683695307,144,192,320.0,96.0,4,0.0009066747867109461,0.6,checkpoints/mlp_Pc_trial_1600_best_state.pt,"{'learning_rate': 0.0009066747867109461, 'lr_reduce': 0.6}",TPESampler,COMPLETE
1601,0.08045612275600433,2025-04-25 18:46:38.837421,2025-04-25 18:46:48.910845,0 days 00:00:10.073424,0.0018133859525642903,144,480,224.0,32.0,4,0.0026618843744032204,0.6,checkpoints/mlp_Pc_trial_1601_best_state.pt,"{'learning_rate': 0.0026618843744032204, 'lr_reduce': 0.6}",TPESampler,COMPLETE
1602,0.07565156370401382,2025-04-25 18:46:42.579311,2025-04-25 18:46:59.953244,0 days 00:00:17.373933,0.038694177730738216,96,432,448.0,192.0,4,0.001048627415902448,0.6,checkpoints/mlp_Pc_trial_1602_best_state.pt,"{'learning_rate': 0.001048627415902448, 'lr_reduce': 0.6}",TPESampler,COMPLETE
1603,0.07438185065984726,2025-04-25 18:46:45.626975,2025-04-25 18:46:53.544177,0 days 00:00:07.917202,0.014168749159092227,160,128,272.0,,3,0.004641848221478601,0.6,checkpoints/mlp_Pc_trial_1603_best_state.pt,"{'learning_rate': 0.004641848221478601, 'lr_reduce': 0.6}",TPESampler,COMPLETE
1604,0.07856322824954987,2025-04-25 18:46:49.343779,2025-04-25 18:47:06.663464,0 days 00:00:17.319685,0.047667163610528494,112,224,368.0,112.0,4,0.0017587706315429258,0.6,checkpoints/mlp_Pc_trial_1604_best_state.pt,"{'learning_rate': 0.0017587706315429258, 'lr_reduce': 0.6}",TPESampler,COMPLETE
1605,0.08639296889305115,2025-04-25 18:46:53.842120,2025-04-25 18:47:04.069541,0 days 00:00:10.227421,0.07236244072406428,128,208,400.0,240.0,4,0.009883913954948562,0.6,checkpoints/mlp_Pc_trial_1605_best_state.pt,"{'learning_rate': 0.009883913954948562, 'lr_reduce': 0.6}",TPESampler,COMPLETE
1606,0.0789712518453598,2025-04-25 18:47:00.244075,2025-04-25 18:47:08.616897,0 days 00:00:08.372822,0.036096846756604094,144,112,320.0,144.0,4,0.004223400266075723,0.6,checkpoints/mlp_Pc_trial_1606_best_state.pt,"{'learning_rate': 0.004223400266075723, 'lr_reduce': 0.6}",TPESampler,COMPLETE
1607,0.08448383212089539,2025-04-25 18:47:04.344471,2025-04-25 18:47:14.053564,0 days 00:00:09.709093,0.04975043193516035,112,80,272.0,64.0,4,0.004531865390577806,0.6,checkpoints/mlp_Pc_trial_1607_best_state.pt,"{'learning_rate': 0.004531865390577806, 'lr_reduce': 0.6}",TPESampler,COMPLETE
1608,0.07012882828712463,2025-04-25 18:47:06.932160,2025-04-25 18:47:18.706182,0 days 00:00:11.774022,0.05285450104007909,192,512,448.0,192.0,4,0.002363333185352161,0.6,checkpoints/mlp_Pc_trial_1608_best_state.pt,"{'learning_rate': 0.002363333185352161, 'lr_reduce': 0.6}",TPESampler,COMPLETE
1609,0.07677945494651794,2025-04-25 18:47:08.940244,2025-04-25 18:47:20.585834,0 days 00:00:11.645590,0.06895923740474864,240,512,224.0,96.0,4,0.008625336033356282,0.6,checkpoints/mlp_Pc_trial_1609_best_state.pt,"{'learning_rate': 0.008625336033356282, 'lr_reduce': 0.6}",TPESampler,COMPLETE
1610,0.07325377315282822,2025-04-25 18:47:14.306974,2025-04-25 18:47:25.470321,0 days 00:00:11.163347,0.003705564593779527,240,400,352.0,,3,0.0011396365359874038,0.6,checkpoints/mlp_Pc_trial_1610_best_state.pt,"{'learning_rate': 0.0011396365359874038, 'lr_reduce': 0.6}",TPESampler,COMPLETE
1611,0.07681895792484283,2025-04-25 18:47:19.045012,2025-04-25 18:47:26.698931,0 days 00:00:07.653919,6.179398550451402e-05,192,176,480.0,160.0,4,0.00660818367782352,0.6,checkpoints/mlp_Pc_trial_1611_best_state.pt,"{'learning_rate': 0.00660818367782352, 'lr_reduce': 0.6}",TPESampler,COMPLETE
1612,0.07643671333789825,2025-04-25 18:47:20.888702,2025-04-25 18:47:30.774379,0 days 00:00:09.885677,0.010057196349796682,496,48,,,2,0.004496392349968766,0.6,checkpoints/mlp_Pc_trial_1612_best_state.pt,"{'learning_rate': 0.004496392349968766, 'lr_reduce': 0.6}",TPESampler,COMPLETE
1613,0.07969696819782257,2025-04-25 18:47:25.746733,2025-04-25 18:47:34.257628,0 days 00:00:08.510895,0.03293813079268675,128,176,272.0,256.0,4,0.006016731658667861,0.6,checkpoints/mlp_Pc_trial_1613_best_state.pt,"{'learning_rate': 0.006016731658667861, 'lr_reduce': 0.6}",TPESampler,COMPLETE
1614,0.08575368672609329,2025-04-25 18:47:27.176884,2025-04-25 18:47:39.366208,0 days 00:00:12.189324,0.09868170192285348,240,400,400.0,,3,0.0008448472075206969,0.6,checkpoints/mlp_Pc_trial_1614_best_state.pt,"{'learning_rate': 0.0008448472075206969, 'lr_reduce': 0.6}",TPESampler,COMPLETE
1615,0.07967915385961533,2025-04-25 18:47:31.102728,2025-04-25 18:47:39.200901,0 days 00:00:08.098173,0.008753523549408228,192,512,304.0,,3,0.003817132749535533,0.6,checkpoints/mlp_Pc_trial_1615_best_state.pt,"{'learning_rate': 0.003817132749535533, 'lr_reduce': 0.6}",TPESampler,COMPLETE
1616,0.08249951899051666,2025-04-25 18:47:34.574465,2025-04-25 18:47:42.091317,0 days 00:00:07.516852,0.05458908732710773,304,96,224.0,64.0,4,0.00991465119030382,0.6,checkpoints/mlp_Pc_trial_1616_best_state.pt,"{'learning_rate': 0.00991465119030382, 'lr_reduce': 0.6}",TPESampler,COMPLETE
1617,0.08031391352415085,2025-04-25 18:47:39.443865,2025-04-25 18:47:51.581077,0 days 00:00:12.137212,0.0305869381434358,208,224,448.0,,3,0.004305074160701365,0.6,checkpoints/mlp_Pc_trial_1617_best_state.pt,"{'learning_rate': 0.004305074160701365, 'lr_reduce': 0.6}",TPESampler,COMPLETE
1618,0.07892804592847824,2025-04-25 18:47:39.674290,2025-04-25 18:47:58.467780,0 days 00:00:18.793490,0.0017910287995851373,144,400,352.0,128.0,4,0.001662354212689142,0.6,checkpoints/mlp_Pc_trial_1618_best_state.pt,"{'learning_rate': 0.001662354212689142, 'lr_reduce': 0.6}",TPESampler,COMPLETE
1619,0.07485222816467285,2025-04-25 18:47:42.471857,2025-04-25 18:47:54.163837,0 days 00:00:11.691980,0.04852883854169552,128,144,416.0,192.0,4,0.006171922833270298,0.6,checkpoints/mlp_Pc_trial_1619_best_state.pt,"{'learning_rate': 0.006171922833270298, 'lr_reduce': 0.6}",TPESampler,COMPLETE
1620,0.0716487392783165,2025-04-25 18:47:52.078258,2025-04-25 18:48:09.807098,0 days 00:00:17.728840,0.011844351911949848,160,512,256.0,112.0,4,0.0015080932037043965,0.6,checkpoints/mlp_Pc_trial_1620_best_state.pt,"{'learning_rate': 0.0015080932037043965, 'lr_reduce': 0.6}",TPESampler,COMPLETE
1621,0.09012492746114731,2025-04-25 18:47:54.620425,2025-04-25 18:48:07.745402,0 days 00:00:13.124977,0.05772846446367743,128,32,304.0,32.0,4,0.001612950971320175,0.6,checkpoints/mlp_Pc_trial_1621_best_state.pt,"{'learning_rate': 0.001612950971320175, 'lr_reduce': 0.6}",TPESampler,COMPLETE
1622,0.07952670753002167,2025-04-25 18:47:58.787251,2025-04-25 18:48:07.489878,0 days 00:00:08.702627,0.05270527562726972,112,160,480.0,,3,0.00444839568536675,0.6,checkpoints/mlp_Pc_trial_1622_best_state.pt,"{'learning_rate': 0.00444839568536675, 'lr_reduce': 0.6}",TPESampler,COMPLETE
1623,0.09070833772420883,2025-04-25 18:48:07.760310,2025-04-25 18:48:17.719054,0 days 00:00:09.958744,0.055681200276391604,32,192,192.0,224.0,4,0.004922103695177228,0.6,checkpoints/mlp_Pc_trial_1623_best_state.pt,"{'learning_rate': 0.004922103695177228, 'lr_reduce': 0.6}",TPESampler,COMPLETE
1624,0.08075496554374695,2025-04-25 18:48:08.012818,2025-04-25 18:48:19.553720,0 days 00:00:11.540902,0.07151692278836402,128,400,384.0,160.0,4,0.0029253120549181245,0.6,checkpoints/mlp_Pc_trial_1624_best_state.pt,"{'learning_rate': 0.0029253120549181245, 'lr_reduce': 0.6}",TPESampler,COMPLETE
1625,0.0796758234500885,2025-04-25 18:48:10.144400,2025-04-25 18:48:19.184895,0 days 00:00:09.040495,0.012231629423122148,192,160,320.0,288.0,4,0.009906723085375728,0.6,checkpoints/mlp_Pc_trial_1625_best_state.pt,"{'learning_rate': 0.009906723085375728, 'lr_reduce': 0.6}",TPESampler,COMPLETE
1626,0.0820259377360344,2025-04-25 18:48:18.030098,2025-04-25 18:48:27.548847,0 days 00:00:09.518749,0.08821358437749852,176,368,256.0,,3,0.001977117165759112,0.6,checkpoints/mlp_Pc_trial_1626_best_state.pt,"{'learning_rate': 0.001977117165759112, 'lr_reduce': 0.6}",TPESampler,COMPLETE
1627,0.0744626447558403,2025-04-25 18:48:19.466396,2025-04-25 18:48:31.925340,0 days 00:00:12.458944,0.0040542711707227536,256,432,432.0,80.0,4,0.001189259799460312,0.6,checkpoints/mlp_Pc_trial_1627_best_state.pt,"{'learning_rate': 0.001189259799460312, 'lr_reduce': 0.6}",TPESampler,COMPLETE
1628,0.07082627713680267,2025-04-25 18:48:19.931116,2025-04-25 18:48:32.156056,0 days 00:00:12.224940,0.0057386416463409175,160,512,512.0,224.0,4,0.0011148648101998086,0.6,checkpoints/mlp_Pc_trial_1628_best_state.pt,"{'learning_rate': 0.0011148648101998086, 'lr_reduce': 0.6}",TPESampler,COMPLETE
1629,0.0788603350520134,2025-04-25 18:48:27.836342,2025-04-25 18:48:37.611786,0 days 00:00:09.775444,0.038232661422976336,112,368,352.0,144.0,4,0.002267824602061678,0.6,checkpoints/mlp_Pc_trial_1629_best_state.pt,"{'learning_rate': 0.002267824602061678, 'lr_reduce': 0.6}",TPESampler,COMPLETE
1630,0.08261597156524658,2025-04-25 18:48:32.202729,2025-04-25 18:48:40.318556,0 days 00:00:08.115827,0.06937106420298152,256,96,224.0,,3,0.008454948761041017,0.6,checkpoints/mlp_Pc_trial_1630_best_state.pt,"{'learning_rate': 0.008454948761041017, 'lr_reduce': 0.6}",TPESampler,COMPLETE
1631,0.07251828908920288,2025-04-25 18:48:32.418577,2025-04-25 18:48:43.870652,0 days 00:00:11.452075,0.00043572434336340386,176,512,288.0,96.0,4,0.0018798051027478875,0.6,checkpoints/mlp_Pc_trial_1631_best_state.pt,"{'learning_rate': 0.0018798051027478875, 'lr_reduce': 0.6}",TPESampler,COMPLETE
1632,0.07510434091091156,2025-04-25 18:48:37.927318,2025-04-25 18:48:48.139822,0 days 00:00:10.212504,0.012135141400522647,176,64,448.0,192.0,4,0.0014769247077392347,0.6,checkpoints/mlp_Pc_trial_1632_best_state.pt,"{'learning_rate': 0.0014769247077392347, 'lr_reduce': 0.6}",TPESampler,COMPLETE
1633,0.07507520169019699,2025-04-25 18:48:40.619889,2025-04-25 18:48:50.289650,0 days 00:00:09.669761,0.04561685995004017,32,272,400.0,64.0,4,0.005466412679249233,0.6,checkpoints/mlp_Pc_trial_1633_best_state.pt,"{'learning_rate': 0.005466412679249233, 'lr_reduce': 0.6}",TPESampler,COMPLETE
1634,0.0821591168642044,2025-04-25 18:48:44.203120,2025-04-25 18:49:01.705121,0 days 00:00:17.502001,0.023884323515211386,96,208,272.0,144.0,4,0.0004489714997976384,0.6,checkpoints/mlp_Pc_trial_1634_best_state.pt,"{'learning_rate': 0.0004489714997976384, 'lr_reduce': 0.6}",TPESampler,COMPLETE
1635,0.08340413868427277,2025-04-25 18:48:48.430049,2025-04-25 18:49:03.659341,0 days 00:00:15.229292,0.058081191181851954,96,464,480.0,,3,0.0019541462370974267,0.6,checkpoints/mlp_Pc_trial_1635_best_state.pt,"{'learning_rate': 0.0019541462370974267, 'lr_reduce': 0.6}",TPESampler,COMPLETE
1636,0.10261192917823792,2025-04-25 18:48:50.600646,2025-04-25 18:49:05.228762,0 days 00:00:14.628116,0.24670791548761895,96,368,,,2,0.00604949400867381,0.6,checkpoints/mlp_Pc_trial_1636_best_state.pt,"{'learning_rate': 0.00604949400867381, 'lr_reduce': 0.6}",TPESampler,COMPLETE
1637,0.07917505502700806,2025-04-25 18:49:02.184765,2025-04-25 18:49:11.832371,0 days 00:00:09.647606,0.00550586584645912,112,176,80.0,224.0,4,0.004060093632641048,0.6,checkpoints/mlp_Pc_trial_1637_best_state.pt,"{'learning_rate': 0.004060093632641048, 'lr_reduce': 0.6}",TPESampler,COMPLETE
