number,value,datetime_start,datetime_complete,duration,params_final_dropout,params_mlp_dim_00,params_mlp_dim_01,params_mlp_dim_02,params_mlp_dim_03,params_mlp_n_layers,params_train_learning_rate,params_train_lr_reduce,user_attrs_best_state_dict_path,user_attrs_training_params,system_attrs_auto:sampler,state
2454,0.07976707071065903,2025-04-25 19:45:43.426132,2025-04-25 19:45:51.089379,0 days 00:00:07.663247,0.049462923502341445,112,160,304.0,,3,0.006156633194986808,0.6,checkpoints/mlp_Pc_trial_2454_best_state.pt,"{'learning_rate': 0.006156633194986808, 'lr_reduce': 0.6}",TPESampler,COMPLETE
2455,0.07652074098587036,2025-04-25 19:45:48.418479,2025-04-25 19:45:57.817012,0 days 00:00:09.398533,0.03483371203516497,32,304,400.0,,3,0.009413133315139106,0.6,checkpoints/mlp_Pc_trial_2455_best_state.pt,"{'learning_rate': 0.009413133315139106, 'lr_reduce': 0.6}",TPESampler,COMPLETE
2456,0.09065844863653183,2025-04-25 19:45:51.179861,2025-04-25 19:45:59.086325,0 days 00:00:07.906464,0.044246289883578364,128,32,224.0,,3,0.00979263451841644,0.6,checkpoints/mlp_Pc_trial_2456_best_state.pt,"{'learning_rate': 0.00979263451841644, 'lr_reduce': 0.6}",TPESampler,COMPLETE
2457,0.07902766764163971,2025-04-25 19:45:51.418190,2025-04-25 19:45:59.189890,0 days 00:00:07.771700,0.002348361040090558,128,272,272.0,64.0,4,0.00950917849294844,0.6,checkpoints/mlp_Pc_trial_2457_best_state.pt,"{'learning_rate': 0.00950917849294844, 'lr_reduce': 0.6}",TPESampler,COMPLETE
2458,0.07638173550367355,2025-04-25 19:45:58.134948,2025-04-25 19:46:07.830151,0 days 00:00:09.695203,0.0025424368202593417,128,240,320.0,,3,0.002423538556827211,0.6,checkpoints/mlp_Pc_trial_2458_best_state.pt,"{'learning_rate': 0.002423538556827211, 'lr_reduce': 0.6}",TPESampler,COMPLETE
2459,0.07527918368577957,2025-04-25 19:45:59.350658,2025-04-25 19:46:08.745476,0 days 00:00:09.394818,0.047732449566534246,112,272,272.0,32.0,4,0.0026594871070469675,0.6,checkpoints/mlp_Pc_trial_2459_best_state.pt,"{'learning_rate': 0.0026594871070469675, 'lr_reduce': 0.6}",TPESampler,COMPLETE
2460,0.07761602103710175,2025-04-25 19:45:59.546797,2025-04-25 19:46:10.865775,0 days 00:00:11.318978,0.05129964505393936,240,224,352.0,64.0,4,0.00767211886535626,0.6,checkpoints/mlp_Pc_trial_2460_best_state.pt,"{'learning_rate': 0.00767211886535626, 'lr_reduce': 0.6}",TPESampler,COMPLETE
2461,0.07435499131679535,2025-04-25 19:46:08.125512,2025-04-25 19:46:15.706503,0 days 00:00:07.580991,0.00435910965909843,96,176,224.0,,3,0.009116753997531946,0.6,checkpoints/mlp_Pc_trial_2461_best_state.pt,"{'learning_rate': 0.009116753997531946, 'lr_reduce': 0.6}",TPESampler,COMPLETE
2462,0.09121967852115631,2025-04-25 19:46:09.069768,2025-04-25 19:46:17.259389,0 days 00:00:08.189621,0.001665868877794222,64,160,304.0,,3,0.004528173512462182,0.6,checkpoints/mlp_Pc_trial_2462_best_state.pt,"{'learning_rate': 0.004528173512462182, 'lr_reduce': 0.6}",TPESampler,COMPLETE
2463,0.08287875354290009,2025-04-25 19:46:11.216731,2025-04-25 19:46:20.564167,0 days 00:00:09.347436,0.025476750945397877,80,224,400.0,,3,0.00895457724838093,0.6,checkpoints/mlp_Pc_trial_2463_best_state.pt,"{'learning_rate': 0.00895457724838093, 'lr_reduce': 0.6}",TPESampler,COMPLETE
2464,0.08166460692882538,2025-04-25 19:46:16.020826,2025-04-25 19:46:28.440805,0 days 00:00:12.419979,0.0015159046224496224,160,256,256.0,,3,0.009425509183320885,0.6,checkpoints/mlp_Pc_trial_2464_best_state.pt,"{'learning_rate': 0.009425509183320885, 'lr_reduce': 0.6}",TPESampler,COMPLETE
2465,0.07696420699357986,2025-04-25 19:46:17.609956,2025-04-25 19:46:31.074095,0 days 00:00:13.464139,0.05784980450236333,80,304,160.0,,3,0.0012849693811660937,0.6,checkpoints/mlp_Pc_trial_2465_best_state.pt,"{'learning_rate': 0.0012849693811660937, 'lr_reduce': 0.6}",TPESampler,COMPLETE
2466,0.08404525369405746,2025-04-25 19:46:20.884689,2025-04-25 19:46:32.509331,0 days 00:00:11.624642,0.05006471777744881,32,144,320.0,,3,0.007228355921325062,0.6,checkpoints/mlp_Pc_trial_2466_best_state.pt,"{'learning_rate': 0.007228355921325062, 'lr_reduce': 0.6}",TPESampler,COMPLETE
2467,0.0787222683429718,2025-04-25 19:46:28.820676,2025-04-25 19:46:37.801827,0 days 00:00:08.981151,0.005995338741502724,320,80,208.0,80.0,4,0.008986218577778711,0.6,checkpoints/mlp_Pc_trial_2467_best_state.pt,"{'learning_rate': 0.008986218577778711, 'lr_reduce': 0.6}",TPESampler,COMPLETE
2468,0.07339873909950256,2025-04-25 19:46:31.407346,2025-04-25 19:46:42.122590,0 days 00:00:10.715244,0.0168269818676045,32,176,368.0,,3,0.0035707801687148814,0.6,checkpoints/mlp_Pc_trial_2468_best_state.pt,"{'learning_rate': 0.0035707801687148814, 'lr_reduce': 0.6}",TPESampler,COMPLETE
2469,0.0702546089887619,2025-04-25 19:46:32.896095,2025-04-25 19:46:41.720095,0 days 00:00:08.824000,0.006679591773177828,256,128,272.0,416.0,4,0.009569989544142253,0.6,checkpoints/mlp_Pc_trial_2469_best_state.pt,"{'learning_rate': 0.009569989544142253, 'lr_reduce': 0.6}",TPESampler,COMPLETE
2470,0.09231583774089813,2025-04-25 19:46:38.147501,2025-04-25 19:46:49.631692,0 days 00:00:11.484191,0.22365616455574022,160,32,,,2,0.006793694206810075,0.6,checkpoints/mlp_Pc_trial_2470_best_state.pt,"{'learning_rate': 0.006793694206810075, 'lr_reduce': 0.6}",TPESampler,COMPLETE
2471,0.08344118297100067,2025-04-25 19:46:42.082940,2025-04-25 19:46:50.555460,0 days 00:00:08.472520,0.0026102191166695278,96,208,240.0,64.0,4,0.004394887331296441,0.6,checkpoints/mlp_Pc_trial_2471_best_state.pt,"{'learning_rate': 0.004394887331296441, 'lr_reduce': 0.6}",TPESampler,COMPLETE
2472,0.07270991802215576,2025-04-25 19:46:42.407915,2025-04-25 19:46:51.399362,0 days 00:00:08.991447,0.06347349979984822,176,208,304.0,32.0,4,0.009412907409701124,0.6,checkpoints/mlp_Pc_trial_2472_best_state.pt,"{'learning_rate': 0.009412907409701124, 'lr_reduce': 0.6}",TPESampler,COMPLETE
2473,0.08311420679092407,2025-04-25 19:46:49.939112,2025-04-25 19:46:58.392725,0 days 00:00:08.453613,0.0004833230910873867,96,240,352.0,96.0,4,0.006016780027147327,0.6,checkpoints/mlp_Pc_trial_2473_best_state.pt,"{'learning_rate': 0.006016780027147327, 'lr_reduce': 0.6}",TPESampler,COMPLETE
2474,0.08150694519281387,2025-04-25 19:46:50.873064,2025-04-25 19:47:00.910827,0 days 00:00:10.037763,0.050817014627408924,96,112,272.0,80.0,4,0.008173378636988523,0.6,checkpoints/mlp_Pc_trial_2474_best_state.pt,"{'learning_rate': 0.008173378636988523, 'lr_reduce': 0.6}",TPESampler,COMPLETE
2475,0.07234395295381546,2025-04-25 19:46:51.731482,2025-04-25 19:47:00.653092,0 days 00:00:08.921610,0.004662785868899417,32,240,208.0,,3,0.008572163347680078,0.6,checkpoints/mlp_Pc_trial_2475_best_state.pt,"{'learning_rate': 0.008572163347680078, 'lr_reduce': 0.6}",TPESampler,COMPLETE
2476,0.07783167064189911,2025-04-25 19:46:58.689261,2025-04-25 19:47:09.467495,0 days 00:00:10.778234,0.0018209789423666628,32,256,320.0,96.0,4,0.00923323371555952,0.6,checkpoints/mlp_Pc_trial_2476_best_state.pt,"{'learning_rate': 0.00923323371555952, 'lr_reduce': 0.6}",TPESampler,COMPLETE
2477,0.07874006778001785,2025-04-25 19:47:00.975643,2025-04-25 19:47:18.328767,0 days 00:00:17.353124,0.05768803878190655,32,400,,,2,0.0013511218628303563,0.6,checkpoints/mlp_Pc_trial_2477_best_state.pt,"{'learning_rate': 0.0013511218628303563, 'lr_reduce': 0.6}",TPESampler,COMPLETE
2478,0.06439952552318573,2025-04-25 19:47:01.328000,2025-04-25 19:47:13.901480,0 days 00:00:12.573480,0.0443021005772128,32,480,256.0,32.0,4,0.003410218396462052,0.6,checkpoints/mlp_Pc_trial_2478_best_state.pt,"{'learning_rate': 0.003410218396462052, 'lr_reduce': 0.6}",TPESampler,COMPLETE
2479,0.06893910467624664,2025-04-25 19:47:09.885053,2025-04-25 19:47:21.532493,0 days 00:00:11.647440,0.039737012652673924,96,288,400.0,,3,0.004168918939879426,0.6,checkpoints/mlp_Pc_trial_2479_best_state.pt,"{'learning_rate': 0.004168918939879426, 'lr_reduce': 0.6}",TPESampler,COMPLETE
2480,0.07072710245847702,2025-04-25 19:47:14.246616,2025-04-25 19:47:30.805262,0 days 00:00:16.558646,0.003493778472783553,48,240,304.0,,3,0.009761258468724622,0.6,checkpoints/mlp_Pc_trial_2480_best_state.pt,"{'learning_rate': 0.009761258468724622, 'lr_reduce': 0.6}",TPESampler,COMPLETE
2481,0.07745681703090668,2025-04-25 19:47:18.672511,2025-04-25 19:47:28.305530,0 days 00:00:09.633019,0.04364884579725241,32,144,176.0,,3,0.007432531497252623,0.6,checkpoints/mlp_Pc_trial_2481_best_state.pt,"{'learning_rate': 0.007432531497252623, 'lr_reduce': 0.6}",TPESampler,COMPLETE
2482,0.11002951860427856,2025-04-25 19:47:21.864877,2025-04-25 19:47:38.721747,0 days 00:00:16.856870,0.263214873310102,400,512,240.0,,3,0.0086453290834926,0.6,checkpoints/mlp_Pc_trial_2482_best_state.pt,"{'learning_rate': 0.0086453290834926, 'lr_reduce': 0.6}",TPESampler,COMPLETE
2483,0.0821097269654274,2025-04-25 19:47:28.656121,2025-04-25 19:47:38.454757,0 days 00:00:09.798636,0.04113203201545204,208,272,352.0,96.0,4,0.003906911508362658,0.6,checkpoints/mlp_Pc_trial_2483_best_state.pt,"{'learning_rate': 0.003906911508362658, 'lr_reduce': 0.6}",TPESampler,COMPLETE
2484,0.07764964550733566,2025-04-25 19:47:31.114226,2025-04-25 19:47:44.184789,0 days 00:00:13.070563,0.042471151689953385,208,416,288.0,,3,0.0027321763210988513,0.6,checkpoints/mlp_Pc_trial_2484_best_state.pt,"{'learning_rate': 0.0027321763210988513, 'lr_reduce': 0.6}",TPESampler,COMPLETE
2485,0.07644474506378174,2025-04-25 19:47:38.739508,2025-04-25 19:47:56.374508,0 days 00:00:17.635000,0.001002950436267933,32,160,224.0,,3,0.00446738429369047,0.6,checkpoints/mlp_Pc_trial_2485_best_state.pt,"{'learning_rate': 0.00446738429369047, 'lr_reduce': 0.6}",TPESampler,COMPLETE
2486,0.08800896257162094,2025-04-25 19:47:38.993441,2025-04-25 19:47:58.122994,0 days 00:00:19.129553,0.07527378522847833,48,320,352.0,64.0,4,0.0036592461058360354,0.6,checkpoints/mlp_Pc_trial_2486_best_state.pt,"{'learning_rate': 0.0036592461058360354, 'lr_reduce': 0.6}",TPESampler,COMPLETE
2487,0.0768473669886589,2025-04-25 19:47:44.768602,2025-04-25 19:48:01.671869,0 days 00:00:16.903267,0.0496165835453074,32,288,288.0,,3,0.005364486098508081,0.6,checkpoints/mlp_Pc_trial_2487_best_state.pt,"{'learning_rate': 0.005364486098508081, 'lr_reduce': 0.6}",TPESampler,COMPLETE
2488,0.08322171121835709,2025-04-25 19:47:56.701836,2025-04-25 19:48:04.045376,0 days 00:00:07.343540,0.0452899259114501,48,112,400.0,,3,0.009875644037069382,0.6,checkpoints/mlp_Pc_trial_2488_best_state.pt,"{'learning_rate': 0.009875644037069382, 'lr_reduce': 0.6}",TPESampler,COMPLETE
2489,0.07258880138397217,2025-04-25 19:47:58.449574,2025-04-25 19:48:07.506474,0 days 00:00:09.056900,0.00031571372786901725,64,112,128.0,,3,0.009799138537361802,0.6,checkpoints/mlp_Pc_trial_2489_best_state.pt,"{'learning_rate': 0.009799138537361802, 'lr_reduce': 0.6}",TPESampler,COMPLETE
2490,0.07949237525463104,2025-04-25 19:48:01.999193,2025-04-25 19:48:12.934027,0 days 00:00:10.934834,0.11166007103245965,32,384,320.0,,3,0.00908047125289813,0.6,checkpoints/mlp_Pc_trial_2490_best_state.pt,"{'learning_rate': 0.00908047125289813, 'lr_reduce': 0.6}",TPESampler,COMPLETE
2491,0.08062049746513367,2025-04-25 19:48:04.395008,2025-04-25 19:48:16.830534,0 days 00:00:12.435526,0.0025093416298251,64,224,192.0,,3,0.004772312382153761,0.6,checkpoints/mlp_Pc_trial_2491_best_state.pt,"{'learning_rate': 0.004772312382153761, 'lr_reduce': 0.6}",TPESampler,COMPLETE
2492,0.1916944533586502,2025-04-25 19:48:07.853411,2025-04-25 19:49:00.842835,0 days 00:00:52.989424,0.2877346401243567,304,208,256.0,,3,0.00011175409560395169,0.6,checkpoints/mlp_Pc_trial_2492_best_state.pt,"{'learning_rate': 0.00011175409560395169, 'lr_reduce': 0.6}",TPESampler,COMPLETE
2493,0.08787940442562103,2025-04-25 19:48:13.261658,2025-04-25 19:48:24.645132,0 days 00:00:11.383474,0.048647959347493094,48,160,,,2,0.005154588686608771,0.6,checkpoints/mlp_Pc_trial_2493_best_state.pt,"{'learning_rate': 0.005154588686608771, 'lr_reduce': 0.6}",TPESampler,COMPLETE
2494,0.07081557810306549,2025-04-25 19:48:17.180863,2025-04-25 19:48:30.425469,0 days 00:00:13.244606,0.04142351631651568,128,64,272.0,,3,0.005490916291263163,0.6,checkpoints/mlp_Pc_trial_2494_best_state.pt,"{'learning_rate': 0.005490916291263163, 'lr_reduce': 0.6}",TPESampler,COMPLETE
2495,0.07340418547391891,2025-04-25 19:48:24.992819,2025-04-25 19:48:33.310374,0 days 00:00:08.317555,0.055590478794805824,32,144,320.0,112.0,4,0.00976308728959901,0.6,checkpoints/mlp_Pc_trial_2495_best_state.pt,"{'learning_rate': 0.00976308728959901, 'lr_reduce': 0.6}",TPESampler,COMPLETE
2496,0.07379447668790817,2025-04-25 19:48:30.769816,2025-04-25 19:48:40.630960,0 days 00:00:09.861144,0.0030299239983487226,240,128,240.0,96.0,4,0.004612967842365229,0.6,checkpoints/mlp_Pc_trial_2496_best_state.pt,"{'learning_rate': 0.004612967842365229, 'lr_reduce': 0.6}",TPESampler,COMPLETE
2497,0.11874531954526901,2025-04-25 19:48:33.666477,2025-04-25 19:48:52.889911,0 days 00:00:19.223434,0.19960664290857338,512,32,,,2,0.00038749884231162736,0.6,checkpoints/mlp_Pc_trial_2497_best_state.pt,"{'learning_rate': 0.00038749884231162736, 'lr_reduce': 0.6}",TPESampler,COMPLETE
2498,0.0703379288315773,2025-04-25 19:48:40.972569,2025-04-25 19:48:52.278532,0 days 00:00:11.305963,0.001971350659512702,96,288,368.0,64.0,4,0.0020256165330848844,0.6,checkpoints/mlp_Pc_trial_2498_best_state.pt,"{'learning_rate': 0.0020256165330848844, 'lr_reduce': 0.6}",TPESampler,COMPLETE
2499,0.07429248094558716,2025-04-25 19:48:52.559386,2025-04-25 19:48:59.682162,0 days 00:00:07.122776,0.0527926244305202,144,192,288.0,112.0,4,0.004286990517959472,0.6,checkpoints/mlp_Pc_trial_2499_best_state.pt,"{'learning_rate': 0.004286990517959472, 'lr_reduce': 0.6}",TPESampler,COMPLETE
