number,value,datetime_start,datetime_complete,duration,params_final_dropout,params_mlp_dim_00,params_mlp_dim_01,params_mlp_dim_02,params_mlp_dim_03,params_mlp_n_layers,params_train_learning_rate,params_train_lr_reduce,user_attrs_best_state_dict_path,user_attrs_training_params,system_attrs_auto:sampler,state
375,0.0769675076007843,2025-04-25 17:22:54.932926,2025-04-25 17:23:05.098634,0 days 00:00:10.165708,0.030707168420564302,80,48,384.0,32.0,4,0.002732797892797251,0.6,checkpoints/mlp_Pc_trial_375_best_state.pt,"{'learning_rate': 0.002732797892797251, 'lr_reduce': 0.6}",TPESampler,COMPLETE
376,0.07873169332742691,2025-04-25 17:22:56.985201,2025-04-25 17:23:05.245294,0 days 00:00:08.260093,0.010481728838646164,176,512,,,2,0.003950902317395575,0.6,checkpoints/mlp_Pc_trial_376_best_state.pt,"{'learning_rate': 0.003950902317395575, 'lr_reduce': 0.6}",TPESampler,COMPLETE
377,0.07871869206428528,2025-04-25 17:23:01.834145,2025-04-25 17:23:12.816879,0 days 00:00:10.982734,0.024254271458208444,144,32,400.0,32.0,4,0.0015710543043491838,0.6,checkpoints/mlp_Pc_trial_377_best_state.pt,"{'learning_rate': 0.0015710543043491838, 'lr_reduce': 0.6}",TPESampler,COMPLETE
378,0.0765012875199318,2025-04-25 17:23:05.319642,2025-04-25 17:23:13.742560,0 days 00:00:08.422918,0.0029306734224868675,96,32,288.0,80.0,4,0.0025671538464970135,0.6,checkpoints/mlp_Pc_trial_378_best_state.pt,"{'learning_rate': 0.0025671538464970135, 'lr_reduce': 0.6}",TPESampler,COMPLETE
379,0.07159512490034103,2025-04-25 17:23:05.500608,2025-04-25 17:23:13.948972,0 days 00:00:08.448364,0.011945797717370824,112,32,352.0,80.0,4,0.002489488713519695,0.6,checkpoints/mlp_Pc_trial_379_best_state.pt,"{'learning_rate': 0.002489488713519695, 'lr_reduce': 0.6}",TPESampler,COMPLETE
380,0.09128150343894958,2025-04-25 17:23:13.062426,2025-04-25 17:23:25.740622,0 days 00:00:12.678196,0.03475236905058263,80,32,416.0,32.0,4,0.001647325742449619,0.6,checkpoints/mlp_Pc_trial_380_best_state.pt,"{'learning_rate': 0.001647325742449619, 'lr_reduce': 0.6}",TPESampler,COMPLETE
381,0.08047370612621307,2025-04-25 17:23:13.973118,2025-04-25 17:23:28.131833,0 days 00:00:14.158715,0.038591536645485015,80,144,352.0,80.0,4,0.0021684806382226843,0.6,checkpoints/mlp_Pc_trial_381_best_state.pt,"{'learning_rate': 0.0021684806382226843, 'lr_reduce': 0.6}",TPESampler,COMPLETE
382,0.07940652221441269,2025-04-25 17:23:14.185510,2025-04-25 17:23:28.125810,0 days 00:00:13.940300,0.012825176132169889,32,80,416.0,512.0,4,0.0031926479802435273,0.6,checkpoints/mlp_Pc_trial_382_best_state.pt,"{'learning_rate': 0.0031926479802435273, 'lr_reduce': 0.6}",TPESampler,COMPLETE
383,0.08531846851110458,2025-04-25 17:23:25.995211,2025-04-25 17:23:35.872551,0 days 00:00:09.877340,0.16997862185835927,512,288,304.0,,3,0.002350716318818199,0.6,checkpoints/mlp_Pc_trial_383_best_state.pt,"{'learning_rate': 0.002350716318818199, 'lr_reduce': 0.6}",TPESampler,COMPLETE
384,0.09766554087400436,2025-04-25 17:23:28.336732,2025-04-25 17:23:40.188027,0 days 00:00:11.851295,0.012138845766538085,32,384,,,2,0.0013098210132901622,0.6,checkpoints/mlp_Pc_trial_384_best_state.pt,"{'learning_rate': 0.0013098210132901622, 'lr_reduce': 0.6}",TPESampler,COMPLETE
385,0.06848550587892532,2025-04-25 17:23:28.385978,2025-04-25 17:23:39.338388,0 days 00:00:10.952410,0.008632980910020703,32,64,416.0,96.0,4,0.002704813581008818,0.6,checkpoints/mlp_Pc_trial_385_best_state.pt,"{'learning_rate': 0.002704813581008818, 'lr_reduce': 0.6}",TPESampler,COMPLETE
386,0.11861015856266022,2025-04-25 17:23:36.133277,2025-04-25 17:23:44.968722,0 days 00:00:08.835445,0.222155389408982,32,176,,,2,0.005540406750171675,0.6,checkpoints/mlp_Pc_trial_386_best_state.pt,"{'learning_rate': 0.005540406750171675, 'lr_reduce': 0.6}",TPESampler,COMPLETE
387,0.07523198425769806,2025-04-25 17:23:39.628024,2025-04-25 17:23:52.830920,0 days 00:00:13.202896,0.026394028008710487,32,48,352.0,96.0,4,0.0009588462258364032,0.6,checkpoints/mlp_Pc_trial_387_best_state.pt,"{'learning_rate': 0.0009588462258364032, 'lr_reduce': 0.6}",TPESampler,COMPLETE
388,0.07103297114372253,2025-04-25 17:23:40.509972,2025-04-25 17:23:57.705641,0 days 00:00:17.195669,9.18703073095866e-05,176,480,400.0,32.0,4,0.0005993216210060655,0.6,checkpoints/mlp_Pc_trial_388_best_state.pt,"{'learning_rate': 0.0005993216210060655, 'lr_reduce': 0.6}",TPESampler,COMPLETE
389,0.4257309138774872,2025-04-25 17:23:45.254182,2025-04-25 17:24:01.257095,0 days 00:00:16.002913,0.28435825009030347,96,480,352.0,128.0,4,0.00021358440823648117,0.6,checkpoints/mlp_Pc_trial_389_best_state.pt,"{'learning_rate': 0.00021358440823648117, 'lr_reduce': 0.6}",TPESampler,COMPLETE
390,0.10662614554166794,2025-04-25 17:23:53.100070,2025-04-25 17:24:02.756753,0 days 00:00:09.656683,0.07166876905391899,48,32,432.0,96.0,4,0.0028703209700393405,0.6,checkpoints/mlp_Pc_trial_390_best_state.pt,"{'learning_rate': 0.0028703209700393405, 'lr_reduce': 0.6}",TPESampler,COMPLETE
391,0.07699014991521835,2025-04-25 17:23:57.954738,2025-04-25 17:24:05.209762,0 days 00:00:07.255024,0.002260601003348007,192,416,304.0,,3,0.004008726235692456,0.6,checkpoints/mlp_Pc_trial_391_best_state.pt,"{'learning_rate': 0.004008726235692456, 'lr_reduce': 0.6}",TPESampler,COMPLETE
392,0.08585674315690994,2025-04-25 17:24:01.528540,2025-04-25 17:24:14.737453,0 days 00:00:13.208913,0.060851461054880096,96,336,368.0,,3,0.00189269039339413,0.6,checkpoints/mlp_Pc_trial_392_best_state.pt,"{'learning_rate': 0.00189269039339413, 'lr_reduce': 0.6}",TPESampler,COMPLETE
393,0.0789853185415268,2025-04-25 17:24:02.977731,2025-04-25 17:24:15.544431,0 days 00:00:12.566700,0.015356462183528763,512,208,,,2,0.001223473837793321,0.6,checkpoints/mlp_Pc_trial_393_best_state.pt,"{'learning_rate': 0.001223473837793321, 'lr_reduce': 0.6}",TPESampler,COMPLETE
394,0.0732889473438263,2025-04-25 17:24:05.505897,2025-04-25 17:24:14.732268,0 days 00:00:09.226371,0.013324627238044421,48,128,416.0,144.0,4,0.001858836706260598,0.6,checkpoints/mlp_Pc_trial_394_best_state.pt,"{'learning_rate': 0.001858836706260598, 'lr_reduce': 0.6}",TPESampler,COMPLETE
395,0.20671989023685455,2025-04-25 17:24:14.919068,2025-04-25 17:24:28.927245,0 days 00:00:14.008177,0.2739200692447999,64,80,352.0,,3,0.0007488063321281357,0.6,checkpoints/mlp_Pc_trial_395_best_state.pt,"{'learning_rate': 0.0007488063321281357, 'lr_reduce': 0.6}",TPESampler,COMPLETE
396,0.06719709187746048,2025-04-25 17:24:14.979948,2025-04-25 17:24:28.235078,0 days 00:00:13.255130,0.03847710257973427,160,512,368.0,80.0,4,0.0011463778448284456,0.6,checkpoints/mlp_Pc_trial_396_best_state.pt,"{'learning_rate': 0.0011463778448284456, 'lr_reduce': 0.6}",TPESampler,COMPLETE
397,0.08666364848613739,2025-04-25 17:24:15.831267,2025-04-25 17:24:23.698909,0 days 00:00:07.867642,0.006335371549726028,208,32,272.0,160.0,4,0.003604739907190589,0.6,checkpoints/mlp_Pc_trial_397_best_state.pt,"{'learning_rate': 0.003604739907190589, 'lr_reduce': 0.6}",TPESampler,COMPLETE
398,0.086415134370327,2025-04-25 17:24:23.944612,2025-04-25 17:24:32.730968,0 days 00:00:08.786356,0.0021463429909604897,112,64,432.0,32.0,4,0.0020242188636113573,0.6,checkpoints/mlp_Pc_trial_398_best_state.pt,"{'learning_rate': 0.0020242188636113573, 'lr_reduce': 0.6}",TPESampler,COMPLETE
399,0.08054590225219727,2025-04-25 17:24:28.457862,2025-04-25 17:24:41.096273,0 days 00:00:12.638411,0.07454159874720975,144,496,416.0,80.0,4,0.00083013050500416,0.6,checkpoints/mlp_Pc_trial_399_best_state.pt,"{'learning_rate': 0.00083013050500416, 'lr_reduce': 0.6}",TPESampler,COMPLETE
400,0.07489623129367828,2025-04-25 17:24:29.151842,2025-04-25 17:24:45.972220,0 days 00:00:16.820378,0.03304316234959613,272,496,416.0,80.0,4,0.0003957231675029819,0.6,checkpoints/mlp_Pc_trial_400_best_state.pt,"{'learning_rate': 0.0003957231675029819, 'lr_reduce': 0.6}",TPESampler,COMPLETE
401,0.07635881006717682,2025-04-25 17:24:33.006661,2025-04-25 17:24:43.033330,0 days 00:00:10.026669,0.00030246821164035473,160,496,384.0,176.0,4,0.0027419700985190964,0.6,checkpoints/mlp_Pc_trial_401_best_state.pt,"{'learning_rate': 0.0027419700985190964, 'lr_reduce': 0.6}",TPESampler,COMPLETE
402,0.08380765467882156,2025-04-25 17:24:41.308386,2025-04-25 17:24:56.890468,0 days 00:00:15.582082,0.06658329171717538,128,480,432.0,,3,0.0005538834597669933,0.6,checkpoints/mlp_Pc_trial_402_best_state.pt,"{'learning_rate': 0.0005538834597669933, 'lr_reduce': 0.6}",TPESampler,COMPLETE
403,0.11859655380249023,2025-04-25 17:24:43.287272,2025-04-25 17:25:17.652199,0 days 00:00:34.364927,0.16679336392392896,208,32,,,2,0.0002511016345361321,0.6,checkpoints/mlp_Pc_trial_403_best_state.pt,"{'learning_rate': 0.0002511016345361321, 'lr_reduce': 0.6}",TPESampler,COMPLETE
404,0.09267251938581467,2025-04-25 17:24:46.282435,2025-04-25 17:25:03.779781,0 days 00:00:17.497346,0.06228876968356099,128,432,352.0,32.0,4,0.0003295304692306312,0.6,checkpoints/mlp_Pc_trial_404_best_state.pt,"{'learning_rate': 0.0003295304692306312, 'lr_reduce': 0.6}",TPESampler,COMPLETE
405,0.07635261863470078,2025-04-25 17:24:57.157437,2025-04-25 17:25:12.383685,0 days 00:00:15.226248,0.04395340579824676,256,496,432.0,144.0,4,0.001291153447929511,0.6,checkpoints/mlp_Pc_trial_405_best_state.pt,"{'learning_rate': 0.001291153447929511, 'lr_reduce': 0.6}",TPESampler,COMPLETE
406,0.0704285055398941,2025-04-25 17:25:04.196317,2025-04-25 17:25:17.746308,0 days 00:00:13.549991,0.07383768593586185,160,480,368.0,96.0,4,0.001663571032604192,0.6,checkpoints/mlp_Pc_trial_406_best_state.pt,"{'learning_rate': 0.001663571032604192, 'lr_reduce': 0.6}",TPESampler,COMPLETE
407,0.07298628240823746,2025-04-25 17:25:12.667833,2025-04-25 17:25:22.078253,0 days 00:00:09.410420,0.05013101604812971,176,496,304.0,304.0,4,0.0011644420224471161,0.6,checkpoints/mlp_Pc_trial_407_best_state.pt,"{'learning_rate': 0.0011644420224471161, 'lr_reduce': 0.6}",TPESampler,COMPLETE
408,0.07660888880491257,2025-04-25 17:25:17.890606,2025-04-25 17:25:31.799603,0 days 00:00:13.908997,0.00037151343263295764,176,496,384.0,,3,0.0015727596539389687,0.6,checkpoints/mlp_Pc_trial_408_best_state.pt,"{'learning_rate': 0.0015727596539389687, 'lr_reduce': 0.6}",TPESampler,COMPLETE
409,0.1260359138250351,2025-04-25 17:25:17.993691,2025-04-25 17:25:24.977280,0 days 00:00:06.983589,0.27829373341845576,400,48,448.0,192.0,4,0.00969098972972459,0.6,checkpoints/mlp_Pc_trial_409_best_state.pt,"{'learning_rate': 0.00969098972972459, 'lr_reduce': 0.6}",TPESampler,COMPLETE
410,0.08154089748859406,2025-04-25 17:25:22.333636,2025-04-25 17:25:33.085293,0 days 00:00:10.751657,0.08019545351482196,48,432,320.0,128.0,4,0.005677353528130944,0.6,checkpoints/mlp_Pc_trial_410_best_state.pt,"{'learning_rate': 0.005677353528130944, 'lr_reduce': 0.6}",TPESampler,COMPLETE
411,0.08419927954673767,2025-04-25 17:25:25.235295,2025-04-25 17:25:36.773573,0 days 00:00:11.538278,0.03176318480347162,208,512,384.0,80.0,4,0.0013165574678295905,0.6,checkpoints/mlp_Pc_trial_411_best_state.pt,"{'learning_rate': 0.0013165574678295905, 'lr_reduce': 0.6}",TPESampler,COMPLETE
412,0.07136869430541992,2025-04-25 17:25:32.044171,2025-04-25 17:25:45.200576,0 days 00:00:13.156405,0.002820176354297769,144,496,432.0,144.0,4,0.0005401539481567935,0.6,checkpoints/mlp_Pc_trial_412_best_state.pt,"{'learning_rate': 0.0005401539481567935, 'lr_reduce': 0.6}",TPESampler,COMPLETE
413,0.08734486997127533,2025-04-25 17:25:33.340326,2025-04-25 17:25:48.218708,0 days 00:00:14.878382,0.043678266770943955,32,352,352.0,32.0,4,0.0013604471153669821,0.6,checkpoints/mlp_Pc_trial_413_best_state.pt,"{'learning_rate': 0.0013604471153669821, 'lr_reduce': 0.6}",TPESampler,COMPLETE
414,0.10125571489334106,2025-04-25 17:25:37.192191,2025-04-25 17:25:47.900275,0 days 00:00:10.708084,0.28127835797482725,400,368,432.0,,3,0.009979009669532232,0.6,checkpoints/mlp_Pc_trial_414_best_state.pt,"{'learning_rate': 0.009979009669532232, 'lr_reduce': 0.6}",TPESampler,COMPLETE
415,0.07450369745492935,2025-04-25 17:25:45.448900,2025-04-25 17:25:53.652789,0 days 00:00:08.203889,0.017950105244825793,48,304,256.0,192.0,4,0.00498573589096749,0.6,checkpoints/mlp_Pc_trial_415_best_state.pt,"{'learning_rate': 0.00498573589096749, 'lr_reduce': 0.6}",TPESampler,COMPLETE
416,0.06960869580507278,2025-04-25 17:25:48.139854,2025-04-25 17:26:03.456995,0 days 00:00:15.317141,0.004863868391592465,368,432,384.0,96.0,4,0.0015231462548342392,0.6,checkpoints/mlp_Pc_trial_416_best_state.pt,"{'learning_rate': 0.0015231462548342392, 'lr_reduce': 0.6}",TPESampler,COMPLETE
417,0.14304906129837036,2025-04-25 17:25:48.467814,2025-04-25 17:26:01.238263,0 days 00:00:12.770449,0.262959867318989,320,512,336.0,,3,0.000566525910634361,0.6,checkpoints/mlp_Pc_trial_417_best_state.pt,"{'learning_rate': 0.000566525910634361, 'lr_reduce': 0.6}",TPESampler,COMPLETE
418,0.08167579770088196,2025-04-25 17:25:53.905855,2025-04-25 17:26:01.764953,0 days 00:00:07.859098,0.07634168617778593,128,112,448.0,128.0,4,0.003284911081279667,0.6,checkpoints/mlp_Pc_trial_418_best_state.pt,"{'learning_rate': 0.003284911081279667, 'lr_reduce': 0.6}",TPESampler,COMPLETE
419,0.0747160091996193,2025-04-25 17:26:01.446498,2025-04-25 17:26:13.632456,0 days 00:00:12.185958,0.005355997291662964,80,480,368.0,80.0,4,0.002452032902156328,0.6,checkpoints/mlp_Pc_trial_419_best_state.pt,"{'learning_rate': 0.002452032902156328, 'lr_reduce': 0.6}",TPESampler,COMPLETE
420,0.08162790536880493,2025-04-25 17:26:01.993971,2025-04-25 17:26:16.193066,0 days 00:00:14.199095,0.07040394288851629,288,448,400.0,,3,0.0006340775939009698,0.6,checkpoints/mlp_Pc_trial_420_best_state.pt,"{'learning_rate': 0.0006340775939009698, 'lr_reduce': 0.6}",TPESampler,COMPLETE
421,0.09536992013454437,2025-04-25 17:26:03.685040,2025-04-25 17:26:13.785272,0 days 00:00:10.100232,0.1389373293929361,160,368,,,2,0.0024431035817577347,0.6,checkpoints/mlp_Pc_trial_421_best_state.pt,"{'learning_rate': 0.0024431035817577347, 'lr_reduce': 0.6}",TPESampler,COMPLETE
422,0.06670498102903366,2025-04-25 17:26:13.848485,2025-04-25 17:26:22.677918,0 days 00:00:08.829433,0.007270039484096543,80,32,304.0,192.0,4,0.006960310688217373,0.6,checkpoints/mlp_Pc_trial_422_best_state.pt,"{'learning_rate': 0.006960310688217373, 'lr_reduce': 0.6}",TPESampler,COMPLETE
423,0.08403937518596649,2025-04-25 17:26:14.040340,2025-04-25 17:26:31.936936,0 days 00:00:17.896596,0.04926420485128116,96,512,448.0,80.0,4,0.000535971199873908,0.6,checkpoints/mlp_Pc_trial_423_best_state.pt,"{'learning_rate': 0.000535971199873908, 'lr_reduce': 0.6}",TPESampler,COMPLETE
424,0.0827631950378418,2025-04-25 17:26:16.481910,2025-04-25 17:26:27.012336,0 days 00:00:10.530426,0.06241532697279627,96,288,,,2,0.0032233073512736464,0.6,checkpoints/mlp_Pc_trial_424_best_state.pt,"{'learning_rate': 0.0032233073512736464, 'lr_reduce': 0.6}",TPESampler,COMPLETE
425,0.07409845292568207,2025-04-25 17:26:22.910430,2025-04-25 17:26:29.714642,0 days 00:00:06.804212,0.025770622935447025,48,48,256.0,240.0,4,0.0058914539568654545,0.6,checkpoints/mlp_Pc_trial_425_best_state.pt,"{'learning_rate': 0.0058914539568654545, 'lr_reduce': 0.6}",TPESampler,COMPLETE
426,0.07336588203907013,2025-04-25 17:26:27.225736,2025-04-25 17:26:37.449551,0 days 00:00:10.223815,0.02144195649296374,64,80,304.0,224.0,4,0.0094908295146249,0.6,checkpoints/mlp_Pc_trial_426_best_state.pt,"{'learning_rate': 0.0094908295146249, 'lr_reduce': 0.6}",TPESampler,COMPLETE
427,0.08075401186943054,2025-04-25 17:26:29.936374,2025-04-25 17:26:38.794842,0 days 00:00:08.858468,0.03445770701064592,32,304,288.0,,3,0.003126921944965092,0.6,checkpoints/mlp_Pc_trial_427_best_state.pt,"{'learning_rate': 0.003126921944965092, 'lr_reduce': 0.6}",TPESampler,COMPLETE
428,0.09969006478786469,2025-04-25 17:26:32.192796,2025-04-25 17:26:39.100965,0 days 00:00:06.908169,0.06756347765917994,80,32,192.0,208.0,4,0.0075021864824541965,0.6,checkpoints/mlp_Pc_trial_428_best_state.pt,"{'learning_rate': 0.0075021864824541965, 'lr_reduce': 0.6}",TPESampler,COMPLETE
429,0.07316836714744568,2025-04-25 17:26:37.703356,2025-04-25 17:26:44.578502,0 days 00:00:06.875146,0.016239906598485395,96,48,272.0,192.0,4,0.005461432040143215,0.6,checkpoints/mlp_Pc_trial_429_best_state.pt,"{'learning_rate': 0.005461432040143215, 'lr_reduce': 0.6}",TPESampler,COMPLETE
430,0.08033813536167145,2025-04-25 17:26:39.036704,2025-04-25 17:26:47.262806,0 days 00:00:08.226102,0.029305517146544068,176,96,320.0,176.0,4,0.009804024792053407,0.6,checkpoints/mlp_Pc_trial_430_best_state.pt,"{'learning_rate': 0.009804024792053407, 'lr_reduce': 0.6}",TPESampler,COMPLETE
431,0.08696002513170242,2025-04-25 17:26:39.494415,2025-04-25 17:26:57.192318,0 days 00:00:17.697903,0.012063932585301048,112,352,448.0,272.0,4,0.0003682898273793789,0.6,checkpoints/mlp_Pc_trial_431_best_state.pt,"{'learning_rate': 0.0003682898273793789, 'lr_reduce': 0.6}",TPESampler,COMPLETE
432,0.06745228171348572,2025-04-25 17:26:44.837319,2025-04-25 17:26:57.704841,0 days 00:00:12.867522,0.01746660452441131,176,480,384.0,,3,0.006538922402736219,0.6,checkpoints/mlp_Pc_trial_432_best_state.pt,"{'learning_rate': 0.006538922402736219, 'lr_reduce': 0.6}",TPESampler,COMPLETE
433,0.07284484058618546,2025-04-25 17:26:47.516194,2025-04-25 17:27:01.026474,0 days 00:00:13.510280,0.03308795079764826,208,128,448.0,32.0,4,0.0014009497510826835,0.6,checkpoints/mlp_Pc_trial_433_best_state.pt,"{'learning_rate': 0.0014009497510826835, 'lr_reduce': 0.6}",TPESampler,COMPLETE
434,0.08228719234466553,2025-04-25 17:26:57.447705,2025-04-25 17:27:10.787776,0 days 00:00:13.340071,0.061929869086543715,192,496,320.0,,3,0.008065500523058886,0.6,checkpoints/mlp_Pc_trial_434_best_state.pt,"{'learning_rate': 0.008065500523058886, 'lr_reduce': 0.6}",TPESampler,COMPLETE
435,0.0688125416636467,2025-04-25 17:26:57.971138,2025-04-25 17:27:07.340416,0 days 00:00:09.369278,0.024180558986588118,48,512,368.0,,3,0.008672921600179398,0.6,checkpoints/mlp_Pc_trial_435_best_state.pt,"{'learning_rate': 0.008672921600179398, 'lr_reduce': 0.6}",TPESampler,COMPLETE
436,0.07781096547842026,2025-04-25 17:27:01.257291,2025-04-25 17:27:13.940883,0 days 00:00:12.683592,0.0023277795548363317,32,368,320.0,,3,0.0015996812195730238,0.6,checkpoints/mlp_Pc_trial_436_best_state.pt,"{'learning_rate': 0.0015996812195730238, 'lr_reduce': 0.6}",TPESampler,COMPLETE
437,0.07527446001768112,2025-04-25 17:27:07.572488,2025-04-25 17:27:19.336588,0 days 00:00:11.764100,0.0897142092045887,144,416,384.0,,3,0.003674086393825677,0.6,checkpoints/mlp_Pc_trial_437_best_state.pt,"{'learning_rate': 0.003674086393825677, 'lr_reduce': 0.6}",TPESampler,COMPLETE
438,0.07516877353191376,2025-04-25 17:27:11.027268,2025-04-25 17:27:18.188360,0 days 00:00:07.161092,0.011550117624940667,224,400,384.0,,3,0.005964075863224648,0.6,checkpoints/mlp_Pc_trial_438_best_state.pt,"{'learning_rate': 0.005964075863224648, 'lr_reduce': 0.6}",TPESampler,COMPLETE
439,0.08516964316368103,2025-04-25 17:27:14.195205,2025-04-25 17:27:23.390065,0 days 00:00:09.194860,0.02411649095010795,160,80,304.0,64.0,4,0.004092598909188374,0.6,checkpoints/mlp_Pc_trial_439_best_state.pt,"{'learning_rate': 0.004092598909188374, 'lr_reduce': 0.6}",TPESampler,COMPLETE
440,0.09080314636230469,2025-04-25 17:27:18.473581,2025-04-25 17:27:26.415174,0 days 00:00:07.941593,0.14886447353487214,416,112,,,2,0.003948512901322115,0.6,checkpoints/mlp_Pc_trial_440_best_state.pt,"{'learning_rate': 0.003948512901322115, 'lr_reduce': 0.6}",TPESampler,COMPLETE
441,0.06888681650161743,2025-04-25 17:27:19.594361,2025-04-25 17:27:33.556549,0 days 00:00:13.962188,0.04220471019289304,144,448,464.0,,3,0.004650726905485189,0.6,checkpoints/mlp_Pc_trial_441_best_state.pt,"{'learning_rate': 0.004650726905485189, 'lr_reduce': 0.6}",TPESampler,COMPLETE
442,0.07892853021621704,2025-04-25 17:27:23.661504,2025-04-25 17:27:29.779345,0 days 00:00:06.117841,0.002399585355639048,80,32,384.0,,3,0.009075750252476601,0.6,checkpoints/mlp_Pc_trial_442_best_state.pt,"{'learning_rate': 0.009075750252476601, 'lr_reduce': 0.6}",TPESampler,COMPLETE
443,0.07509662210941315,2025-04-25 17:27:26.686804,2025-04-25 17:27:38.568230,0 days 00:00:11.881426,0.03322986483317688,144,32,352.0,,3,0.0019693672047743477,0.6,checkpoints/mlp_Pc_trial_443_best_state.pt,"{'learning_rate': 0.0019693672047743477, 'lr_reduce': 0.6}",TPESampler,COMPLETE
444,0.08407547324895859,2025-04-25 17:27:29.975332,2025-04-25 17:27:40.236897,0 days 00:00:10.261565,0.030973156657189034,256,240,,,2,0.0016080970054323598,0.6,checkpoints/mlp_Pc_trial_444_best_state.pt,"{'learning_rate': 0.0016080970054323598, 'lr_reduce': 0.6}",TPESampler,COMPLETE
445,0.07838582992553711,2025-04-25 17:27:33.782483,2025-04-25 17:27:44.535779,0 days 00:00:10.753296,0.04328199803730989,160,512,432.0,,3,0.006959604212457609,0.6,checkpoints/mlp_Pc_trial_445_best_state.pt,"{'learning_rate': 0.006959604212457609, 'lr_reduce': 0.6}",TPESampler,COMPLETE
446,0.07415777444839478,2025-04-25 17:27:38.841330,2025-04-25 17:27:50.441737,0 days 00:00:11.600407,0.0024742563815081976,288,464,256.0,32.0,4,0.00397347643550633,0.6,checkpoints/mlp_Pc_trial_446_best_state.pt,"{'learning_rate': 0.00397347643550633, 'lr_reduce': 0.6}",TPESampler,COMPLETE
447,0.06987237930297852,2025-04-25 17:27:40.456637,2025-04-25 17:27:54.809842,0 days 00:00:14.353205,0.026000545579127596,208,304,400.0,,3,0.0024218158844520553,0.6,checkpoints/mlp_Pc_trial_447_best_state.pt,"{'learning_rate': 0.0024218158844520553, 'lr_reduce': 0.6}",TPESampler,COMPLETE
448,0.07442601025104523,2025-04-25 17:27:44.803461,2025-04-25 17:27:56.378727,0 days 00:00:11.575266,0.006066692190367346,160,336,320.0,,3,0.005873708424086458,0.6,checkpoints/mlp_Pc_trial_448_best_state.pt,"{'learning_rate': 0.005873708424086458, 'lr_reduce': 0.6}",TPESampler,COMPLETE
449,0.25204944610595703,2025-04-25 17:27:50.753234,2025-04-25 17:28:29.124791,0 days 00:00:38.371557,0.19132112685591038,32,64,464.0,,3,0.0001812692047207384,0.6,checkpoints/mlp_Pc_trial_449_best_state.pt,"{'learning_rate': 0.0001812692047207384, 'lr_reduce': 0.6}",TPESampler,COMPLETE
