number,value,datetime_start,datetime_complete,duration,params_final_dropout,params_mlp_dim_00,params_mlp_dim_01,params_mlp_dim_02,params_mlp_dim_03,params_mlp_n_layers,params_train_learning_rate,params_train_lr_reduce,user_attrs_best_state_dict_path,user_attrs_training_params,system_attrs_auto:sampler,state
2380,0.08316095918416977,2025-04-25 19:40:54.208219,2025-04-25 19:41:05.642154,0 days 00:00:11.433935,0.09848970621580007,112,288,,,2,0.00833726814128695,0.6,checkpoints/mlp_Pc_trial_2380_best_state.pt,"{'learning_rate': 0.00833726814128695, 'lr_reduce': 0.6}",TPESampler,COMPLETE
2381,0.08401276916265488,2025-04-25 19:40:54.691871,2025-04-25 19:41:05.490612,0 days 00:00:10.798741,0.00014392651473046393,32,176,224.0,112.0,4,0.006853811795614744,0.6,checkpoints/mlp_Pc_trial_2381_best_state.pt,"{'learning_rate': 0.006853811795614744, 'lr_reduce': 0.6}",TPESampler,COMPLETE
2382,0.08439682424068451,2025-04-25 19:41:01.751485,2025-04-25 19:41:11.098079,0 days 00:00:09.346594,0.04829612124925389,96,192,384.0,32.0,4,0.004083233942961254,0.6,checkpoints/mlp_Pc_trial_2382_best_state.pt,"{'learning_rate': 0.004083233942961254, 'lr_reduce': 0.6}",TPESampler,COMPLETE
2383,0.07843092828989029,2025-04-25 19:41:05.752259,2025-04-25 19:41:14.297822,0 days 00:00:08.545563,0.08883777576647037,208,240,304.0,,3,0.0046536719820907515,0.6,checkpoints/mlp_Pc_trial_2383_best_state.pt,"{'learning_rate': 0.0046536719820907515, 'lr_reduce': 0.6}",TPESampler,COMPLETE
2384,0.08185531944036484,2025-04-25 19:41:05.863629,2025-04-25 19:41:17.772038,0 days 00:00:11.908409,0.0005921599216104825,32,128,256.0,,3,0.004838861418927463,0.6,checkpoints/mlp_Pc_trial_2384_best_state.pt,"{'learning_rate': 0.004838861418927463, 'lr_reduce': 0.6}",TPESampler,COMPLETE
2385,0.07863274961709976,2025-04-25 19:41:11.476047,2025-04-25 19:41:20.388402,0 days 00:00:08.912355,0.0018393834569177953,128,160,288.0,128.0,4,0.009581978504102601,0.6,checkpoints/mlp_Pc_trial_2385_best_state.pt,"{'learning_rate': 0.009581978504102601, 'lr_reduce': 0.6}",TPESampler,COMPLETE
2386,0.07435701787471771,2025-04-25 19:41:14.646331,2025-04-25 19:41:24.070092,0 days 00:00:09.423761,0.004319627434835803,192,176,352.0,80.0,4,0.004706966784974428,0.6,checkpoints/mlp_Pc_trial_2386_best_state.pt,"{'learning_rate': 0.004706966784974428, 'lr_reduce': 0.6}",TPESampler,COMPLETE
2387,0.0850696712732315,2025-04-25 19:41:18.254344,2025-04-25 19:41:32.251431,0 days 00:00:13.997087,0.04951594943049799,80,48,208.0,,3,0.009528139241314041,0.6,checkpoints/mlp_Pc_trial_2387_best_state.pt,"{'learning_rate': 0.009528139241314041, 'lr_reduce': 0.6}",TPESampler,COMPLETE
2388,0.0781688317656517,2025-04-25 19:41:20.735843,2025-04-25 19:41:31.091034,0 days 00:00:10.355191,0.02292007239827638,112,176,,,2,0.0045377332756569525,0.6,checkpoints/mlp_Pc_trial_2388_best_state.pt,"{'learning_rate': 0.0045377332756569525, 'lr_reduce': 0.6}",TPESampler,COMPLETE
2389,0.07786967605352402,2025-04-25 19:41:24.399266,2025-04-25 19:41:37.561199,0 days 00:00:13.161933,0.054285103931648454,32,208,304.0,192.0,4,0.009800948446406126,0.6,checkpoints/mlp_Pc_trial_2389_best_state.pt,"{'learning_rate': 0.009800948446406126, 'lr_reduce': 0.6}",TPESampler,COMPLETE
2390,0.08699489384889603,2025-04-25 19:41:31.450921,2025-04-25 19:41:45.635989,0 days 00:00:14.185068,0.09786796240565927,112,368,256.0,144.0,4,0.001917716105563898,0.6,checkpoints/mlp_Pc_trial_2390_best_state.pt,"{'learning_rate': 0.001917716105563898, 'lr_reduce': 0.6}",TPESampler,COMPLETE
2391,0.07425856590270996,2025-04-25 19:41:32.677823,2025-04-25 19:41:49.690697,0 days 00:00:17.012874,0.019974878817436488,176,464,384.0,80.0,4,0.00040552569049905003,0.6,checkpoints/mlp_Pc_trial_2391_best_state.pt,"{'learning_rate': 0.00040552569049905003, 'lr_reduce': 0.6}",TPESampler,COMPLETE
2392,0.07880866527557373,2025-04-25 19:41:37.929729,2025-04-25 19:41:49.759635,0 days 00:00:11.829906,0.004021206398391056,112,208,336.0,144.0,4,0.009089090670524328,0.6,checkpoints/mlp_Pc_trial_2392_best_state.pt,"{'learning_rate': 0.009089090670524328, 'lr_reduce': 0.6}",TPESampler,COMPLETE
2393,0.0740378126502037,2025-04-25 19:41:45.937477,2025-04-25 19:41:59.886432,0 days 00:00:13.948955,0.044627714777044594,192,416,176.0,96.0,4,0.0017218207874646833,0.6,checkpoints/mlp_Pc_trial_2393_best_state.pt,"{'learning_rate': 0.0017218207874646833, 'lr_reduce': 0.6}",TPESampler,COMPLETE
2394,0.09487677365541458,2025-04-25 19:41:49.943846,2025-04-25 19:41:57.069703,0 days 00:00:07.125857,0.006159157771839762,160,144,240.0,,3,0.00981152593994873,0.6,checkpoints/mlp_Pc_trial_2394_best_state.pt,"{'learning_rate': 0.00981152593994873, 'lr_reduce': 0.6}",TPESampler,COMPLETE
2395,0.07830268144607544,2025-04-25 19:41:50.155459,2025-04-25 19:41:59.914325,0 days 00:00:09.758866,0.002652646176306779,112,192,288.0,,3,0.0035515520820239284,0.6,checkpoints/mlp_Pc_trial_2395_best_state.pt,"{'learning_rate': 0.0035515520820239284, 'lr_reduce': 0.6}",TPESampler,COMPLETE
2396,0.06987804919481277,2025-04-25 19:41:57.351065,2025-04-25 19:42:05.309575,0 days 00:00:07.958510,6.351408148049659e-05,48,176,224.0,192.0,4,0.006215807542649378,0.6,checkpoints/mlp_Pc_trial_2396_best_state.pt,"{'learning_rate': 0.006215807542649378, 'lr_reduce': 0.6}",TPESampler,COMPLETE
2397,0.06999412924051285,2025-04-25 19:42:00.185849,2025-04-25 19:42:10.521742,0 days 00:00:10.335893,0.0005652907503096577,32,336,304.0,32.0,4,0.00590641815166497,0.6,checkpoints/mlp_Pc_trial_2397_best_state.pt,"{'learning_rate': 0.00590641815166497, 'lr_reduce': 0.6}",TPESampler,COMPLETE
2398,0.07821078598499298,2025-04-25 19:42:00.272949,2025-04-25 19:42:13.100330,0 days 00:00:12.827381,2.2508276628720875e-05,128,336,304.0,32.0,4,0.0008644275844691686,0.6,checkpoints/mlp_Pc_trial_2398_best_state.pt,"{'learning_rate': 0.0008644275844691686, 'lr_reduce': 0.6}",TPESampler,COMPLETE
2399,0.07331334054470062,2025-04-25 19:42:05.677328,2025-04-25 19:42:21.752327,0 days 00:00:16.074999,0.035710028484122476,32,240,256.0,112.0,4,0.003361044279435093,0.6,checkpoints/mlp_Pc_trial_2399_best_state.pt,"{'learning_rate': 0.003361044279435093, 'lr_reduce': 0.6}",TPESampler,COMPLETE
2400,0.0907871350646019,2025-04-25 19:42:10.876382,2025-04-25 19:42:22.799171,0 days 00:00:11.922789,0.15690880052038972,32,192,352.0,160.0,4,0.009073579454846803,0.6,checkpoints/mlp_Pc_trial_2400_best_state.pt,"{'learning_rate': 0.009073579454846803, 'lr_reduce': 0.6}",TPESampler,COMPLETE
2401,0.07041903585195541,2025-04-25 19:42:13.439713,2025-04-25 19:42:25.037364,0 days 00:00:11.597651,0.002833566809946381,112,176,208.0,80.0,4,0.00419538543558712,0.6,checkpoints/mlp_Pc_trial_2401_best_state.pt,"{'learning_rate': 0.00419538543558712, 'lr_reduce': 0.6}",TPESampler,COMPLETE
2402,0.08907932788133621,2025-04-25 19:42:22.142116,2025-04-25 19:42:29.935258,0 days 00:00:07.793142,0.08165291474122097,240,176,384.0,112.0,4,0.004969746356563681,0.6,checkpoints/mlp_Pc_trial_2402_best_state.pt,"{'learning_rate': 0.004969746356563681, 'lr_reduce': 0.6}",TPESampler,COMPLETE
2403,0.07862596213817596,2025-04-25 19:42:23.324025,2025-04-25 19:42:35.032122,0 days 00:00:11.708097,0.07542807367944827,96,240,272.0,208.0,4,0.009745965758899248,0.6,checkpoints/mlp_Pc_trial_2403_best_state.pt,"{'learning_rate': 0.009745965758899248, 'lr_reduce': 0.6}",TPESampler,COMPLETE
2404,0.0831940546631813,2025-04-25 19:42:25.462333,2025-04-25 19:42:37.746072,0 days 00:00:12.283739,0.004570894641812202,256,160,336.0,64.0,4,0.004992109087881038,0.6,checkpoints/mlp_Pc_trial_2404_best_state.pt,"{'learning_rate': 0.004992109087881038, 'lr_reduce': 0.6}",TPESampler,COMPLETE
2405,0.07707206904888153,2025-04-25 19:42:30.237108,2025-04-25 19:42:40.330267,0 days 00:00:10.093159,0.007273011457128974,160,464,144.0,,3,0.0028939360771058718,0.6,checkpoints/mlp_Pc_trial_2405_best_state.pt,"{'learning_rate': 0.0028939360771058718, 'lr_reduce': 0.6}",TPESampler,COMPLETE
2406,0.07140874862670898,2025-04-25 19:42:35.323127,2025-04-25 19:42:48.903648,0 days 00:00:13.580521,0.07692847456142336,80,368,256.0,144.0,4,0.00960128366684898,0.6,checkpoints/mlp_Pc_trial_2406_best_state.pt,"{'learning_rate': 0.00960128366684898, 'lr_reduce': 0.6}",TPESampler,COMPLETE
2407,0.0764550268650055,2025-04-25 19:42:38.206715,2025-04-25 19:42:55.296368,0 days 00:00:17.089653,0.03811781956992893,240,464,304.0,96.0,4,0.002479644173488178,0.6,checkpoints/mlp_Pc_trial_2407_best_state.pt,"{'learning_rate': 0.002479644173488178, 'lr_reduce': 0.6}",TPESampler,COMPLETE
2408,0.0906473696231842,2025-04-25 19:42:40.699802,2025-04-25 19:43:00.257474,0 days 00:00:19.557672,0.09515822438480781,32,192,208.0,144.0,4,0.003013556277005706,0.6,checkpoints/mlp_Pc_trial_2408_best_state.pt,"{'learning_rate': 0.003013556277005706, 'lr_reduce': 0.6}",TPESampler,COMPLETE
2409,0.08249145746231079,2025-04-25 19:42:49.569061,2025-04-25 19:43:05.623023,0 days 00:00:16.053962,0.04488625425340587,32,80,384.0,,3,0.0039617299549664755,0.6,checkpoints/mlp_Pc_trial_2409_best_state.pt,"{'learning_rate': 0.0039617299549664755, 'lr_reduce': 0.6}",TPESampler,COMPLETE
2410,0.07763539254665375,2025-04-25 19:42:55.681362,2025-04-25 19:43:07.862917,0 days 00:00:12.181555,0.06380865414788538,128,336,272.0,,3,0.0028174307669502907,0.6,checkpoints/mlp_Pc_trial_2410_best_state.pt,"{'learning_rate': 0.0028174307669502907, 'lr_reduce': 0.6}",TPESampler,COMPLETE
2411,0.06764883548021317,2025-04-25 19:43:00.703142,2025-04-25 19:43:12.659324,0 days 00:00:11.956182,0.06186315403926026,32,416,336.0,,3,0.0044385968477360475,0.6,checkpoints/mlp_Pc_trial_2411_best_state.pt,"{'learning_rate': 0.0044385968477360475, 'lr_reduce': 0.6}",TPESampler,COMPLETE
2412,0.08483201265335083,2025-04-25 19:43:06.116160,2025-04-25 19:43:25.732625,0 days 00:00:19.616465,0.023638183815191928,272,400,,,2,0.0006421499684779109,0.6,checkpoints/mlp_Pc_trial_2412_best_state.pt,"{'learning_rate': 0.0006421499684779109, 'lr_reduce': 0.6}",TPESampler,COMPLETE
2413,0.08225554972887039,2025-04-25 19:43:08.223491,2025-04-25 19:43:20.098987,0 days 00:00:11.875496,0.04186323110918658,192,464,,,2,0.004103047813053963,0.6,checkpoints/mlp_Pc_trial_2413_best_state.pt,"{'learning_rate': 0.004103047813053963, 'lr_reduce': 0.6}",TPESampler,COMPLETE
2414,0.0862513855099678,2025-04-25 19:43:12.976092,2025-04-25 19:43:25.309319,0 days 00:00:12.333227,0.08874591197370486,160,512,240.0,,3,0.0024402581880344967,0.6,checkpoints/mlp_Pc_trial_2414_best_state.pt,"{'learning_rate': 0.0024402581880344967, 'lr_reduce': 0.6}",TPESampler,COMPLETE
2415,0.08550156652927399,2025-04-25 19:43:20.446103,2025-04-25 19:43:29.180894,0 days 00:00:08.734791,0.006692722916040417,272,80,288.0,64.0,4,0.005873990254218725,0.6,checkpoints/mlp_Pc_trial_2415_best_state.pt,"{'learning_rate': 0.005873990254218725, 'lr_reduce': 0.6}",TPESampler,COMPLETE
2416,0.0760885700583458,2025-04-25 19:43:25.658800,2025-04-25 19:43:37.100439,0 days 00:00:11.441639,0.03314817298437353,256,512,336.0,,3,0.0036524567024987797,0.6,checkpoints/mlp_Pc_trial_2416_best_state.pt,"{'learning_rate': 0.0036524567024987797, 'lr_reduce': 0.6}",TPESampler,COMPLETE
2417,0.07417916506528854,2025-04-25 19:43:26.029999,2025-04-25 19:43:35.946763,0 days 00:00:09.916764,0.047474547555305155,224,400,176.0,192.0,4,0.0014454762908272113,0.6,checkpoints/mlp_Pc_trial_2417_best_state.pt,"{'learning_rate': 0.0014454762908272113, 'lr_reduce': 0.6}",TPESampler,COMPLETE
2418,0.07785006612539291,2025-04-25 19:43:29.531315,2025-04-25 19:43:41.207437,0 days 00:00:11.676122,0.031248478678236054,112,336,240.0,,3,0.009741116628784154,0.6,checkpoints/mlp_Pc_trial_2418_best_state.pt,"{'learning_rate': 0.009741116628784154, 'lr_reduce': 0.6}",TPESampler,COMPLETE
2419,0.07141795009374619,2025-04-25 19:43:36.299470,2025-04-25 19:43:53.212486,0 days 00:00:16.913016,0.06212925119528879,176,496,400.0,112.0,4,0.0012996435225710748,0.6,checkpoints/mlp_Pc_trial_2419_best_state.pt,"{'learning_rate': 0.0012996435225710748, 'lr_reduce': 0.6}",TPESampler,COMPLETE
2420,0.07440575212240219,2025-04-25 19:43:37.448471,2025-04-25 19:43:49.689094,0 days 00:00:12.240623,0.0020723534519070915,48,32,304.0,,3,0.0026375985374452013,0.6,checkpoints/mlp_Pc_trial_2420_best_state.pt,"{'learning_rate': 0.0026375985374452013, 'lr_reduce': 0.6}",TPESampler,COMPLETE
2421,0.07937654852867126,2025-04-25 19:43:41.535735,2025-04-25 19:43:51.355357,0 days 00:00:09.819622,0.04548845614318611,128,176,256.0,64.0,4,0.004082917423496165,0.6,checkpoints/mlp_Pc_trial_2421_best_state.pt,"{'learning_rate': 0.004082917423496165, 'lr_reduce': 0.6}",TPESampler,COMPLETE
2422,0.08731500059366226,2025-04-25 19:43:49.980429,2025-04-25 19:44:02.053913,0 days 00:00:12.073484,0.030375446183673764,96,336,352.0,160.0,4,0.003440712013195428,0.6,checkpoints/mlp_Pc_trial_2422_best_state.pt,"{'learning_rate': 0.003440712013195428, 'lr_reduce': 0.6}",TPESampler,COMPLETE
2423,0.08387241512537003,2025-04-25 19:43:51.671602,2025-04-25 19:44:00.987723,0 days 00:00:09.316121,0.0784678385265275,32,384,192.0,,3,0.008985720998369284,0.6,checkpoints/mlp_Pc_trial_2423_best_state.pt,"{'learning_rate': 0.008985720998369284, 'lr_reduce': 0.6}",TPESampler,COMPLETE
2424,0.08651600778102875,2025-04-25 19:43:53.517500,2025-04-25 19:44:05.097776,0 days 00:00:11.580276,0.0724351446021188,112,272,288.0,112.0,4,0.00909184745342657,0.6,checkpoints/mlp_Pc_trial_2424_best_state.pt,"{'learning_rate': 0.00909184745342657, 'lr_reduce': 0.6}",TPESampler,COMPLETE
2425,0.09423249959945679,2025-04-25 19:44:01.282873,2025-04-25 19:44:09.164583,0 days 00:00:07.881710,0.006677047717087468,128,320,320.0,80.0,4,0.006882947792244212,0.6,checkpoints/mlp_Pc_trial_2425_best_state.pt,"{'learning_rate': 0.006882947792244212, 'lr_reduce': 0.6}",TPESampler,COMPLETE
2426,0.05798371136188507,2025-04-25 19:44:02.322473,2025-04-25 19:44:12.927951,0 days 00:00:10.605478,0.004421803074616638,32,176,272.0,,3,0.009627489099021993,0.6,checkpoints/mlp_Pc_trial_2426_best_state.pt,"{'learning_rate': 0.009627489099021993, 'lr_reduce': 0.6}",TPESampler,COMPLETE
2427,0.1276150494813919,2025-04-25 19:44:05.470389,2025-04-25 19:44:22.044002,0 days 00:00:16.573613,0.27986860878654196,64,128,,,2,0.0008604129724653632,0.6,checkpoints/mlp_Pc_trial_2427_best_state.pt,"{'learning_rate': 0.0008604129724653632, 'lr_reduce': 0.6}",TPESampler,COMPLETE
2428,0.07493525743484497,2025-04-25 19:44:09.520571,2025-04-25 19:44:20.435418,0 days 00:00:10.914847,0.0004490135099764359,272,240,224.0,192.0,4,0.0043642520541518105,0.6,checkpoints/mlp_Pc_trial_2428_best_state.pt,"{'learning_rate': 0.0043642520541518105, 'lr_reduce': 0.6}",TPESampler,COMPLETE
2429,0.07770375162363052,2025-04-25 19:44:13.233170,2025-04-25 19:44:21.944456,0 days 00:00:08.711286,0.0002889024075059055,80,208,320.0,,3,0.006714121413680707,0.6,checkpoints/mlp_Pc_trial_2429_best_state.pt,"{'learning_rate': 0.006714121413680707, 'lr_reduce': 0.6}",TPESampler,COMPLETE
2430,0.08055339753627777,2025-04-25 19:44:20.741479,2025-04-25 19:44:30.031418,0 days 00:00:09.289939,0.06207298643448925,32,144,352.0,,3,0.005769079156972586,0.6,checkpoints/mlp_Pc_trial_2430_best_state.pt,"{'learning_rate': 0.005769079156972586, 'lr_reduce': 0.6}",TPESampler,COMPLETE
2431,0.06869791448116302,2025-04-25 19:44:22.170488,2025-04-25 19:44:31.193905,0 days 00:00:09.023417,0.01137182973196979,64,144,304.0,,3,0.009684248710689555,0.6,checkpoints/mlp_Pc_trial_2431_best_state.pt,"{'learning_rate': 0.009684248710689555, 'lr_reduce': 0.6}",TPESampler,COMPLETE
2432,0.08413398265838623,2025-04-25 19:44:22.379862,2025-04-25 19:44:32.830422,0 days 00:00:10.450560,0.01637359234482736,48,192,384.0,,3,0.00808666172351916,0.6,checkpoints/mlp_Pc_trial_2432_best_state.pt,"{'learning_rate': 0.00808666172351916, 'lr_reduce': 0.6}",TPESampler,COMPLETE
2433,0.07422991842031479,2025-04-25 19:44:30.352555,2025-04-25 19:44:39.246840,0 days 00:00:08.894285,0.016813963877349257,80,208,288.0,,3,0.008742171079334034,0.6,checkpoints/mlp_Pc_trial_2433_best_state.pt,"{'learning_rate': 0.008742171079334034, 'lr_reduce': 0.6}",TPESampler,COMPLETE
2434,0.08005701750516891,2025-04-25 19:44:31.491458,2025-04-25 19:44:46.701187,0 days 00:00:15.209729,0.020248713897861,112,160,,,2,0.009419862221575839,0.6,checkpoints/mlp_Pc_trial_2434_best_state.pt,"{'learning_rate': 0.009419862221575839, 'lr_reduce': 0.6}",TPESampler,COMPLETE
2435,0.08067260682582855,2025-04-25 19:44:33.162320,2025-04-25 19:44:42.366558,0 days 00:00:09.204238,0.0680709053126703,48,192,336.0,,3,0.004612302084851373,0.6,checkpoints/mlp_Pc_trial_2435_best_state.pt,"{'learning_rate': 0.004612302084851373, 'lr_reduce': 0.6}",TPESampler,COMPLETE
2436,0.1326640099287033,2025-04-25 19:44:39.584901,2025-04-25 19:44:59.499280,0 days 00:00:19.914379,0.18044287151918842,96,256,288.0,,3,0.0002516738922780017,0.6,checkpoints/mlp_Pc_trial_2436_best_state.pt,"{'learning_rate': 0.0002516738922780017, 'lr_reduce': 0.6}",TPESampler,COMPLETE
2437,0.09265400469303131,2025-04-25 19:44:42.682889,2025-04-25 19:44:52.701913,0 days 00:00:10.019024,0.22813396215988846,176,304,400.0,32.0,4,0.008602959209479661,0.6,checkpoints/mlp_Pc_trial_2437_best_state.pt,"{'learning_rate': 0.008602959209479661, 'lr_reduce': 0.6}",TPESampler,COMPLETE
2438,0.07381550222635269,2025-04-25 19:44:47.067819,2025-04-25 19:44:59.327903,0 days 00:00:12.260084,0.04454176903528988,64,176,336.0,,3,0.0035670077864459024,0.6,checkpoints/mlp_Pc_trial_2438_best_state.pt,"{'learning_rate': 0.0035670077864459024, 'lr_reduce': 0.6}",TPESampler,COMPLETE
2439,0.0697626918554306,2025-04-25 19:44:53.013252,2025-04-25 19:45:02.239957,0 days 00:00:09.226705,0.020742105928192135,32,192,272.0,,3,0.009421959172906573,0.6,checkpoints/mlp_Pc_trial_2439_best_state.pt,"{'learning_rate': 0.009421959172906573, 'lr_reduce': 0.6}",TPESampler,COMPLETE
2440,0.07498303055763245,2025-04-25 19:44:59.597844,2025-04-25 19:45:09.351454,0 days 00:00:09.753610,0.10237381207582191,112,128,304.0,,3,0.009963244289459163,0.6,checkpoints/mlp_Pc_trial_2440_best_state.pt,"{'learning_rate': 0.009963244289459163, 'lr_reduce': 0.6}",TPESampler,COMPLETE
2441,0.08089715242385864,2025-04-25 19:44:59.780552,2025-04-25 19:45:08.444017,0 days 00:00:08.663465,0.0022593314723344075,96,144,352.0,,3,0.006086579277535051,0.6,checkpoints/mlp_Pc_trial_2441_best_state.pt,"{'learning_rate': 0.006086579277535051, 'lr_reduce': 0.6}",TPESampler,COMPLETE
2442,0.07139573246240616,2025-04-25 19:45:02.618613,2025-04-25 19:45:14.701563,0 days 00:00:12.082950,0.07792634607354461,32,224,288.0,,3,0.008281342951471524,0.6,checkpoints/mlp_Pc_trial_2442_best_state.pt,"{'learning_rate': 0.008281342951471524, 'lr_reduce': 0.6}",TPESampler,COMPLETE
2443,0.07882289588451385,2025-04-25 19:45:08.750331,2025-04-25 19:45:15.103072,0 days 00:00:06.352741,0.005362307481448356,112,128,272.0,,3,0.00974103476751579,0.6,checkpoints/mlp_Pc_trial_2443_best_state.pt,"{'learning_rate': 0.00974103476751579, 'lr_reduce': 0.6}",TPESampler,COMPLETE
2444,0.06727815419435501,2025-04-25 19:45:09.650881,2025-04-25 19:45:19.943775,0 days 00:00:10.292894,0.06241156904158402,32,224,400.0,,3,0.008117195870099988,0.6,checkpoints/mlp_Pc_trial_2444_best_state.pt,"{'learning_rate': 0.008117195870099988, 'lr_reduce': 0.6}",TPESampler,COMPLETE
2445,0.07626865059137344,2025-04-25 19:45:15.040815,2025-04-25 19:45:23.972541,0 days 00:00:08.931726,0.014159548072938186,32,144,320.0,,3,0.00615314632805764,0.6,checkpoints/mlp_Pc_trial_2445_best_state.pt,"{'learning_rate': 0.00615314632805764, 'lr_reduce': 0.6}",TPESampler,COMPLETE
2446,0.07096464931964874,2025-04-25 19:45:15.443038,2025-04-25 19:45:29.509902,0 days 00:00:14.066864,0.056719034293224384,32,192,256.0,32.0,4,0.004502775256291296,0.6,checkpoints/mlp_Pc_trial_2446_best_state.pt,"{'learning_rate': 0.004502775256291296, 'lr_reduce': 0.6}",TPESampler,COMPLETE
2447,0.07603350281715393,2025-04-25 19:45:20.251753,2025-04-25 19:45:28.019911,0 days 00:00:07.768158,0.05582043725913545,80,160,80.0,,3,0.009090027832986488,0.6,checkpoints/mlp_Pc_trial_2447_best_state.pt,"{'learning_rate': 0.009090027832986488, 'lr_reduce': 0.6}",TPESampler,COMPLETE
2448,0.07743644714355469,2025-04-25 19:45:24.271360,2025-04-25 19:45:33.100795,0 days 00:00:08.829435,0.001511895514807838,96,224,,,2,0.007084245368559013,0.6,checkpoints/mlp_Pc_trial_2448_best_state.pt,"{'learning_rate': 0.007084245368559013, 'lr_reduce': 0.6}",TPESampler,COMPLETE
2449,0.0836891382932663,2025-04-25 19:45:28.378952,2025-04-25 19:45:35.726587,0 days 00:00:07.347635,0.06118098713447366,80,176,368.0,,3,0.008629694673764994,0.6,checkpoints/mlp_Pc_trial_2449_best_state.pt,"{'learning_rate': 0.008629694673764994, 'lr_reduce': 0.6}",TPESampler,COMPLETE
2450,0.08769813179969788,2025-04-25 19:45:29.845100,2025-04-25 19:45:42.355712,0 days 00:00:12.510612,0.02185924884944241,64,176,320.0,,3,0.005380556917695387,0.6,checkpoints/mlp_Pc_trial_2450_best_state.pt,"{'learning_rate': 0.005380556917695387, 'lr_reduce': 0.6}",TPESampler,COMPLETE
2451,0.0753641426563263,2025-04-25 19:45:33.428706,2025-04-25 19:45:43.066173,0 days 00:00:09.637467,0.039438782330515884,32,192,240.0,,3,0.006270595135431138,0.6,checkpoints/mlp_Pc_trial_2451_best_state.pt,"{'learning_rate': 0.006270595135431138, 'lr_reduce': 0.6}",TPESampler,COMPLETE
2452,0.08197873085737228,2025-04-25 19:45:36.112618,2025-04-25 19:45:48.101804,0 days 00:00:11.989186,0.044704035686781655,32,288,272.0,,3,0.002370259738725252,0.6,checkpoints/mlp_Pc_trial_2452_best_state.pt,"{'learning_rate': 0.002370259738725252, 'lr_reduce': 0.6}",TPESampler,COMPLETE
2453,0.07677064090967178,2025-04-25 19:45:42.786155,2025-04-25 19:45:50.885299,0 days 00:00:08.099144,0.009029176848955007,32,320,352.0,,3,0.007679357197095121,0.6,checkpoints/mlp_Pc_trial_2453_best_state.pt,"{'learning_rate': 0.007679357197095121, 'lr_reduce': 0.6}",TPESampler,COMPLETE
