number,value,datetime_start,datetime_complete,duration,params_final_dropout,params_mlp_dim_00,params_mlp_dim_01,params_mlp_dim_02,params_mlp_dim_03,params_mlp_n_layers,params_train_learning_rate,params_train_lr_reduce,user_attrs_best_state_dict_path,user_attrs_training_params,system_attrs_auto:sampler,state
1193,0.07490290701389313,2025-04-25 18:18:42.539348,2025-04-25 18:18:57.210911,0 days 00:00:14.671563,0.05369478298732838,48,320,336.0,32.0,4,0.004143127869047052,0.6,checkpoints/mlp_Pc_trial_1193_best_state.pt,"{'learning_rate': 0.004143127869047052, 'lr_reduce': 0.6}",TPESampler,COMPLETE
1194,0.09596601128578186,2025-04-25 18:18:47.290107,2025-04-25 18:20:11.446893,0 days 00:01:24.156786,1.8825875825467797e-06,432,512,,,2,0.00010081641049486925,0.6,checkpoints/mlp_Pc_trial_1194_best_state.pt,"{'learning_rate': 0.00010081641049486925, 'lr_reduce': 0.6}",TPESampler,COMPLETE
1195,0.07245635241270065,2025-04-25 18:18:51.734437,2025-04-25 18:19:03.031091,0 days 00:00:11.296654,0.04070920886894695,176,432,192.0,,3,0.0012661402081466618,0.6,checkpoints/mlp_Pc_trial_1195_best_state.pt,"{'learning_rate': 0.0012661402081466618, 'lr_reduce': 0.6}",TPESampler,COMPLETE
1196,0.11812297999858856,2025-04-25 18:18:57.508285,2025-04-25 18:19:13.806320,0 days 00:00:16.298035,0.175605143313063,400,224,512.0,112.0,4,0.000493484883671385,0.6,checkpoints/mlp_Pc_trial_1196_best_state.pt,"{'learning_rate': 0.000493484883671385, 'lr_reduce': 0.6}",TPESampler,COMPLETE
1197,0.08378493785858154,2025-04-25 18:19:03.388083,2025-04-25 18:19:17.634809,0 days 00:00:14.246726,0.047252079139830816,320,368,256.0,208.0,4,0.0009230946206281368,0.6,checkpoints/mlp_Pc_trial_1197_best_state.pt,"{'learning_rate': 0.0009230946206281368, 'lr_reduce': 0.6}",TPESampler,COMPLETE
1198,0.08108961582183838,2025-04-25 18:19:14.150564,2025-04-25 18:19:36.001314,0 days 00:00:21.850750,0.010036160140195607,256,48,256.0,80.0,4,0.00048134879009597436,0.6,checkpoints/mlp_Pc_trial_1198_best_state.pt,"{'learning_rate': 0.00048134879009597436, 'lr_reduce': 0.6}",TPESampler,COMPLETE
1199,0.07814165949821472,2025-04-25 18:19:17.962210,2025-04-25 18:19:28.994669,0 days 00:00:11.032459,0.0374331747183778,96,192,336.0,144.0,4,0.0032559731803684265,0.6,checkpoints/mlp_Pc_trial_1199_best_state.pt,"{'learning_rate': 0.0032559731803684265, 'lr_reduce': 0.6}",TPESampler,COMPLETE
1200,0.0991346687078476,2025-04-25 18:19:29.304494,2025-04-25 18:19:45.753057,0 days 00:00:16.448563,0.07447310114888063,32,112,208.0,,3,0.001234697425145254,0.6,checkpoints/mlp_Pc_trial_1200_best_state.pt,"{'learning_rate': 0.001234697425145254, 'lr_reduce': 0.6}",TPESampler,COMPLETE
1201,0.08592158555984497,2025-04-25 18:19:36.297434,2025-04-25 18:19:48.701452,0 days 00:00:12.404018,0.02271277135693309,160,144,288.0,,3,0.006128766710716019,0.6,checkpoints/mlp_Pc_trial_1201_best_state.pt,"{'learning_rate': 0.006128766710716019, 'lr_reduce': 0.6}",TPESampler,COMPLETE
1202,0.085811085999012,2025-04-25 18:19:46.082882,2025-04-25 18:19:57.029875,0 days 00:00:10.946993,0.007633639414463895,32,208,144.0,64.0,4,0.003518657314397408,0.6,checkpoints/mlp_Pc_trial_1202_best_state.pt,"{'learning_rate': 0.003518657314397408, 'lr_reduce': 0.6}",TPESampler,COMPLETE
1203,0.10411295294761658,2025-04-25 18:19:48.964928,2025-04-25 18:20:00.375197,0 days 00:00:11.410269,0.10669363966320597,96,352,448.0,,3,0.0008714483932434615,0.6,checkpoints/mlp_Pc_trial_1203_best_state.pt,"{'learning_rate': 0.0008714483932434615, 'lr_reduce': 0.6}",TPESampler,COMPLETE
1204,0.0942389965057373,2025-04-25 18:19:57.310296,2025-04-25 18:20:07.573791,0 days 00:00:10.263495,0.09991978915144772,400,96,240.0,192.0,4,0.0020308535791674007,0.6,checkpoints/mlp_Pc_trial_1204_best_state.pt,"{'learning_rate': 0.0020308535791674007, 'lr_reduce': 0.6}",TPESampler,COMPLETE
1205,0.0818079262971878,2025-04-25 18:20:00.674833,2025-04-25 18:20:10.897127,0 days 00:00:10.222294,0.05180787241096872,128,240,352.0,112.0,4,0.0012642575392707654,0.6,checkpoints/mlp_Pc_trial_1205_best_state.pt,"{'learning_rate': 0.0012642575392707654, 'lr_reduce': 0.6}",TPESampler,COMPLETE
1206,0.07069431245326996,2025-04-25 18:20:07.901279,2025-04-25 18:20:18.653119,0 days 00:00:10.751840,0.002807926787507531,176,384,288.0,160.0,4,0.0009465567922972391,0.6,checkpoints/mlp_Pc_trial_1206_best_state.pt,"{'learning_rate': 0.0009465567922972391, 'lr_reduce': 0.6}",TPESampler,COMPLETE
1207,0.07520947605371475,2025-04-25 18:20:11.203537,2025-04-25 18:20:27.201203,0 days 00:00:15.997666,0.024598546924157506,256,464,224.0,,3,0.0005867026623255161,0.6,checkpoints/mlp_Pc_trial_1207_best_state.pt,"{'learning_rate': 0.0005867026623255161, 'lr_reduce': 0.6}",TPESampler,COMPLETE
1208,0.07975197583436966,2025-04-25 18:20:11.714925,2025-04-25 18:20:24.242070,0 days 00:00:12.527145,0.05833673350194002,48,304,448.0,64.0,4,0.0011568462994751816,0.6,checkpoints/mlp_Pc_trial_1208_best_state.pt,"{'learning_rate': 0.0011568462994751816, 'lr_reduce': 0.6}",TPESampler,COMPLETE
1209,0.0786767452955246,2025-04-25 18:20:18.972532,2025-04-25 18:20:31.733526,0 days 00:00:12.760994,0.045597944513440604,192,512,336.0,288.0,4,0.0013901043436408797,0.6,checkpoints/mlp_Pc_trial_1209_best_state.pt,"{'learning_rate': 0.0013901043436408797, 'lr_reduce': 0.6}",TPESampler,COMPLETE
1210,0.08529530465602875,2025-04-25 18:20:24.607187,2025-04-25 18:20:31.372085,0 days 00:00:06.764898,0.00010348255262148526,48,128,288.0,224.0,4,0.009523009026852868,0.6,checkpoints/mlp_Pc_trial_1210_best_state.pt,"{'learning_rate': 0.009523009026852868, 'lr_reduce': 0.6}",TPESampler,COMPLETE
1211,0.08236007392406464,2025-04-25 18:20:27.515684,2025-04-25 18:20:36.038118,0 days 00:00:08.522434,0.04457575974189181,32,192,192.0,112.0,4,0.004612116617169691,0.6,checkpoints/mlp_Pc_trial_1211_best_state.pt,"{'learning_rate': 0.004612116617169691, 'lr_reduce': 0.6}",TPESampler,COMPLETE
1212,0.08117607235908508,2025-04-25 18:20:31.642413,2025-04-25 18:20:38.789009,0 days 00:00:07.146596,0.007702433402645311,32,192,256.0,64.0,4,0.006532522796846356,0.6,checkpoints/mlp_Pc_trial_1212_best_state.pt,"{'learning_rate': 0.006532522796846356, 'lr_reduce': 0.6}",TPESampler,COMPLETE
1213,0.06599059700965881,2025-04-25 18:20:32.129330,2025-04-25 18:20:43.677713,0 days 00:00:11.548383,0.013012466702160908,48,144,352.0,160.0,4,0.003918195624113608,0.6,checkpoints/mlp_Pc_trial_1213_best_state.pt,"{'learning_rate': 0.003918195624113608, 'lr_reduce': 0.6}",TPESampler,COMPLETE
1214,0.07182063162326813,2025-04-25 18:20:36.307601,2025-04-25 18:20:44.580901,0 days 00:00:08.273300,0.006802861086610071,128,144,288.0,32.0,4,0.0023175278051787026,0.6,checkpoints/mlp_Pc_trial_1214_best_state.pt,"{'learning_rate': 0.0023175278051787026, 'lr_reduce': 0.6}",TPESampler,COMPLETE
1215,0.07413094490766525,2025-04-25 18:20:39.114696,2025-04-25 18:20:48.791933,0 days 00:00:09.677237,0.015216264375062538,208,112,240.0,112.0,4,0.006381779238713185,0.6,checkpoints/mlp_Pc_trial_1215_best_state.pt,"{'learning_rate': 0.006381779238713185, 'lr_reduce': 0.6}",TPESampler,COMPLETE
1216,0.09857401996850967,2025-04-25 18:20:43.944289,2025-04-25 18:20:54.876273,0 days 00:00:10.931984,0.12909408532142272,416,464,448.0,,3,0.0010955091002401176,0.6,checkpoints/mlp_Pc_trial_1216_best_state.pt,"{'learning_rate': 0.0010955091002401176, 'lr_reduce': 0.6}",TPESampler,COMPLETE
1217,0.07210784405469894,2025-04-25 18:20:45.039265,2025-04-25 18:20:54.203842,0 days 00:00:09.164577,0.00033054948128770877,112,64,192.0,368.0,4,0.003037663575997143,0.6,checkpoints/mlp_Pc_trial_1217_best_state.pt,"{'learning_rate': 0.003037663575997143, 'lr_reduce': 0.6}",TPESampler,COMPLETE
1218,0.07644703984260559,2025-04-25 18:20:49.122783,2025-04-25 18:20:56.834928,0 days 00:00:07.712145,0.07729902911518112,96,144,304.0,176.0,4,0.004723302596513793,0.6,checkpoints/mlp_Pc_trial_1218_best_state.pt,"{'learning_rate': 0.004723302596513793, 'lr_reduce': 0.6}",TPESampler,COMPLETE
1219,0.074518583714962,2025-04-25 18:20:54.646455,2025-04-25 18:21:07.785609,0 days 00:00:13.139154,0.039444480668899266,256,384,352.0,112.0,4,0.0007958200880416299,0.6,checkpoints/mlp_Pc_trial_1219_best_state.pt,"{'learning_rate': 0.0007958200880416299, 'lr_reduce': 0.6}",TPESampler,COMPLETE
1220,0.09232507646083832,2025-04-25 18:20:55.224571,2025-04-25 18:21:07.035014,0 days 00:00:11.810443,0.06359454518209423,48,64,240.0,240.0,4,0.004700503863045115,0.6,checkpoints/mlp_Pc_trial_1220_best_state.pt,"{'learning_rate': 0.004700503863045115, 'lr_reduce': 0.6}",TPESampler,COMPLETE
1221,0.07464078813791275,2025-04-25 18:20:57.125688,2025-04-25 18:21:08.631379,0 days 00:00:11.505691,0.08316168060581955,160,432,288.0,64.0,4,0.0037387039347948486,0.6,checkpoints/mlp_Pc_trial_1221_best_state.pt,"{'learning_rate': 0.0037387039347948486, 'lr_reduce': 0.6}",TPESampler,COMPLETE
1222,0.08697335422039032,2025-04-25 18:21:07.301808,2025-04-25 18:21:27.972589,0 days 00:00:20.670781,0.05905858016254373,64,240,448.0,,3,0.0027045297825879374,0.6,checkpoints/mlp_Pc_trial_1222_best_state.pt,"{'learning_rate': 0.0027045297825879374, 'lr_reduce': 0.6}",TPESampler,COMPLETE
1223,0.11447203904390335,2025-04-25 18:21:08.058926,2025-04-25 18:21:26.480554,0 days 00:00:18.421628,0.21583400799224461,96,48,,,2,0.0014535842440266372,0.6,checkpoints/mlp_Pc_trial_1223_best_state.pt,"{'learning_rate': 0.0014535842440266372, 'lr_reduce': 0.6}",TPESampler,COMPLETE
1224,0.09841916710138321,2025-04-25 18:21:08.947050,2025-04-25 18:21:18.830431,0 days 00:00:09.883381,0.11164661881667687,144,160,160.0,112.0,4,0.0015103693244209676,0.6,checkpoints/mlp_Pc_trial_1224_best_state.pt,"{'learning_rate': 0.0015103693244209676, 'lr_reduce': 0.6}",TPESampler,COMPLETE
1225,0.0779591053724289,2025-04-25 18:21:19.108570,2025-04-25 18:21:30.924779,0 days 00:00:11.816209,0.002019321753204715,32,128,224.0,160.0,4,0.004348175526149354,0.6,checkpoints/mlp_Pc_trial_1225_best_state.pt,"{'learning_rate': 0.004348175526149354, 'lr_reduce': 0.6}",TPESampler,COMPLETE
1226,0.08370517194271088,2025-04-25 18:21:26.781335,2025-04-25 18:21:43.530331,0 days 00:00:16.748996,0.0833445288974356,96,288,336.0,32.0,4,0.002903414852885012,0.6,checkpoints/mlp_Pc_trial_1226_best_state.pt,"{'learning_rate': 0.002903414852885012, 'lr_reduce': 0.6}",TPESampler,COMPLETE
1227,0.0728079080581665,2025-04-25 18:21:28.246940,2025-04-25 18:21:36.284581,0 days 00:00:08.037641,0.003859077387091467,112,144,496.0,96.0,4,0.003991549968920834,0.6,checkpoints/mlp_Pc_trial_1227_best_state.pt,"{'learning_rate': 0.003991549968920834, 'lr_reduce': 0.6}",TPESampler,COMPLETE
1228,0.06384242326021194,2025-04-25 18:21:31.233019,2025-04-25 18:21:41.747796,0 days 00:00:10.514777,0.003235913161327067,32,240,272.0,208.0,4,0.00802868737427881,0.6,checkpoints/mlp_Pc_trial_1228_best_state.pt,"{'learning_rate': 0.00802868737427881, 'lr_reduce': 0.6}",TPESampler,COMPLETE
1229,0.19487418234348297,2025-04-25 18:21:36.590628,2025-04-25 18:22:46.013116,0 days 00:01:09.422488,0.08857402718524227,32,32,,,2,0.00013660638402444581,0.6,checkpoints/mlp_Pc_trial_1229_best_state.pt,"{'learning_rate': 0.00013660638402444581, 'lr_reduce': 0.6}",TPESampler,COMPLETE
1230,0.0794600248336792,2025-04-25 18:21:42.049808,2025-04-25 18:21:59.293771,0 days 00:00:17.243963,0.11510174478165225,96,192,,,2,0.0062977790841763715,0.6,checkpoints/mlp_Pc_trial_1230_best_state.pt,"{'learning_rate': 0.0062977790841763715, 'lr_reduce': 0.6}",TPESampler,COMPLETE
1231,0.0783245787024498,2025-04-25 18:21:43.958369,2025-04-25 18:21:55.705191,0 days 00:00:11.746822,0.0044796236411478695,128,256,224.0,240.0,4,0.002716533949283015,0.6,checkpoints/mlp_Pc_trial_1231_best_state.pt,"{'learning_rate': 0.002716533949283015, 'lr_reduce': 0.6}",TPESampler,COMPLETE
1232,0.07210884243249893,2025-04-25 18:21:56.083529,2025-04-25 18:22:04.871733,0 days 00:00:08.788204,0.01376208655925386,80,224,240.0,224.0,4,0.004501544274727202,0.6,checkpoints/mlp_Pc_trial_1232_best_state.pt,"{'learning_rate': 0.004501544274727202, 'lr_reduce': 0.6}",TPESampler,COMPLETE
1233,0.07986421138048172,2025-04-25 18:21:59.564160,2025-04-25 18:22:11.869179,0 days 00:00:12.305019,0.06469197745935648,32,224,192.0,272.0,4,0.00467294460248466,0.6,checkpoints/mlp_Pc_trial_1233_best_state.pt,"{'learning_rate': 0.00467294460248466, 'lr_reduce': 0.6}",TPESampler,COMPLETE
1234,0.08384907245635986,2025-04-25 18:22:05.202837,2025-04-25 18:22:16.742909,0 days 00:00:11.540072,0.015673147584898225,96,352,256.0,288.0,4,0.008942821265498562,0.6,checkpoints/mlp_Pc_trial_1234_best_state.pt,"{'learning_rate': 0.008942821265498562, 'lr_reduce': 0.6}",TPESampler,COMPLETE
1235,0.0698729082942009,2025-04-25 18:22:12.213180,2025-04-25 18:22:21.662667,0 days 00:00:09.449487,0.02875693257882817,112,256,272.0,224.0,4,0.004637480057044005,0.6,checkpoints/mlp_Pc_trial_1235_best_state.pt,"{'learning_rate': 0.004637480057044005, 'lr_reduce': 0.6}",TPESampler,COMPLETE
1236,0.07714416831731796,2025-04-25 18:22:17.115415,2025-04-25 18:22:27.734234,0 days 00:00:10.618819,0.016804066036981685,176,32,448.0,,3,0.0034071659561798937,0.6,checkpoints/mlp_Pc_trial_1236_best_state.pt,"{'learning_rate': 0.0034071659561798937, 'lr_reduce': 0.6}",TPESampler,COMPLETE
1237,0.07087976485490799,2025-04-25 18:22:21.939602,2025-04-25 18:22:32.110761,0 days 00:00:10.171159,0.03834483980935334,80,288,240.0,208.0,4,0.003242582866256358,0.6,checkpoints/mlp_Pc_trial_1237_best_state.pt,"{'learning_rate': 0.003242582866256358, 'lr_reduce': 0.6}",TPESampler,COMPLETE
1238,0.08159632980823517,2025-04-25 18:22:28.023631,2025-04-25 18:22:40.805800,0 days 00:00:12.782169,0.015626965453617143,32,256,192.0,224.0,4,0.004748675764339374,0.6,checkpoints/mlp_Pc_trial_1238_best_state.pt,"{'learning_rate': 0.004748675764339374, 'lr_reduce': 0.6}",TPESampler,COMPLETE
1239,0.08295866847038269,2025-04-25 18:22:32.433903,2025-04-25 18:22:44.228412,0 days 00:00:11.794509,0.019230703483630533,80,288,512.0,208.0,4,0.005021717116779698,0.6,checkpoints/mlp_Pc_trial_1239_best_state.pt,"{'learning_rate': 0.005021717116779698, 'lr_reduce': 0.6}",TPESampler,COMPLETE
1240,0.0892152264714241,2025-04-25 18:22:41.314537,2025-04-25 18:22:55.577624,0 days 00:00:14.263087,0.028324727272372077,32,256,272.0,192.0,4,0.004368685793649682,0.6,checkpoints/mlp_Pc_trial_1240_best_state.pt,"{'learning_rate': 0.004368685793649682, 'lr_reduce': 0.6}",TPESampler,COMPLETE
1241,0.07035814225673676,2025-04-25 18:22:44.526307,2025-04-25 18:22:57.510805,0 days 00:00:12.984498,0.03675746203521481,80,240,224.0,256.0,4,0.00816066566432617,0.6,checkpoints/mlp_Pc_trial_1241_best_state.pt,"{'learning_rate': 0.00816066566432617, 'lr_reduce': 0.6}",TPESampler,COMPLETE
1242,0.09043705463409424,2025-04-25 18:22:46.641090,2025-04-25 18:22:58.223214,0 days 00:00:11.582124,0.04974439887866916,32,208,352.0,192.0,4,0.008568876083465054,0.6,checkpoints/mlp_Pc_trial_1242_best_state.pt,"{'learning_rate': 0.008568876083465054, 'lr_reduce': 0.6}",TPESampler,COMPLETE
1243,0.07311709970235825,2025-04-25 18:22:56.055754,2025-04-25 18:23:11.164768,0 days 00:00:15.109014,0.028951578230178365,176,448,448.0,192.0,4,0.0014040211740476887,0.6,checkpoints/mlp_Pc_trial_1243_best_state.pt,"{'learning_rate': 0.0014040211740476887, 'lr_reduce': 0.6}",TPESampler,COMPLETE
1244,0.0784522071480751,2025-04-25 18:22:57.920635,2025-04-25 18:23:18.706206,0 days 00:00:20.785571,0.017800667976676288,192,464,304.0,192.0,4,0.005371477078520634,0.6,checkpoints/mlp_Pc_trial_1244_best_state.pt,"{'learning_rate': 0.005371477078520634, 'lr_reduce': 0.6}",TPESampler,COMPLETE
1245,0.09204821288585663,2025-04-25 18:22:58.569210,2025-04-25 18:23:16.451297,0 days 00:00:17.882087,0.05745786599748297,448,208,,,2,0.00039139728687392585,0.6,checkpoints/mlp_Pc_trial_1245_best_state.pt,"{'learning_rate': 0.00039139728687392585, 'lr_reduce': 0.6}",TPESampler,COMPLETE
1246,0.0777914822101593,2025-04-25 18:23:11.431834,2025-04-25 18:23:23.166285,0 days 00:00:11.734451,0.007229464509914695,224,352,160.0,,3,0.0013212390722621922,0.6,checkpoints/mlp_Pc_trial_1246_best_state.pt,"{'learning_rate': 0.0013212390722621922, 'lr_reduce': 0.6}",TPESampler,COMPLETE
1247,0.07791763544082642,2025-04-25 18:23:16.939955,2025-04-25 18:23:25.414699,0 days 00:00:08.474744,0.02763007147732713,64,496,256.0,256.0,4,0.005227010675879535,0.6,checkpoints/mlp_Pc_trial_1247_best_state.pt,"{'learning_rate': 0.005227010675879535, 'lr_reduce': 0.6}",TPESampler,COMPLETE
1248,0.07194522023200989,2025-04-25 18:23:19.033303,2025-04-25 18:23:31.647766,0 days 00:00:12.614463,0.0032828191218538735,144,128,352.0,176.0,4,0.0008711754824611777,0.6,checkpoints/mlp_Pc_trial_1248_best_state.pt,"{'learning_rate': 0.0008711754824611777, 'lr_reduce': 0.6}",TPESampler,COMPLETE
1249,0.07146254181861877,2025-04-25 18:23:23.423529,2025-04-25 18:23:34.062677,0 days 00:00:10.639148,0.006037006611489927,32,208,288.0,176.0,4,0.006942510714632408,0.6,checkpoints/mlp_Pc_trial_1249_best_state.pt,"{'learning_rate': 0.006942510714632408, 'lr_reduce': 0.6}",TPESampler,COMPLETE
1250,0.0810394361615181,2025-04-25 18:23:25.707187,2025-04-25 18:23:31.992118,0 days 00:00:06.284931,0.00037663770099956306,96,224,208.0,240.0,4,0.007797480092162349,0.6,checkpoints/mlp_Pc_trial_1250_best_state.pt,"{'learning_rate': 0.007797480092162349, 'lr_reduce': 0.6}",TPESampler,COMPLETE
1251,0.0648467019200325,2025-04-25 18:23:31.915842,2025-04-25 18:23:44.702736,0 days 00:00:12.786894,0.02377023594859027,32,224,432.0,,3,0.009544157454635506,0.6,checkpoints/mlp_Pc_trial_1251_best_state.pt,"{'learning_rate': 0.009544157454635506, 'lr_reduce': 0.6}",TPESampler,COMPLETE
1252,0.14267763495445251,2025-04-25 18:23:32.363221,2025-04-25 18:23:44.834865,0 days 00:00:12.471644,0.2992879516092694,384,512,256.0,320.0,4,0.0017791914254491287,0.6,checkpoints/mlp_Pc_trial_1252_best_state.pt,"{'learning_rate': 0.0017791914254491287, 'lr_reduce': 0.6}",TPESampler,COMPLETE
1253,0.08349597454071045,2025-04-25 18:23:34.341057,2025-04-25 18:23:44.159998,0 days 00:00:09.818941,0.004440040731706998,32,192,304.0,176.0,4,0.007274874585041756,0.6,checkpoints/mlp_Pc_trial_1253_best_state.pt,"{'learning_rate': 0.007274874585041756, 'lr_reduce': 0.6}",TPESampler,COMPLETE
1254,0.07418457418680191,2025-04-25 18:23:44.425007,2025-04-25 18:23:53.389886,0 days 00:00:08.964879,0.017457045970097167,32,304,480.0,,3,0.009006431569655308,0.6,checkpoints/mlp_Pc_trial_1254_best_state.pt,"{'learning_rate': 0.009006431569655308, 'lr_reduce': 0.6}",TPESampler,COMPLETE
1255,0.07320690900087357,2025-04-25 18:23:44.952585,2025-04-25 18:23:53.388456,0 days 00:00:08.435871,0.03486685129715304,48,208,448.0,,3,0.009946849182719531,0.6,checkpoints/mlp_Pc_trial_1255_best_state.pt,"{'learning_rate': 0.009946849182719531, 'lr_reduce': 0.6}",TPESampler,COMPLETE
1256,0.07171805948019028,2025-04-25 18:23:45.075434,2025-04-25 18:23:56.594322,0 days 00:00:11.518888,0.06631964083334428,64,176,464.0,,3,0.009219637419689826,0.6,checkpoints/mlp_Pc_trial_1256_best_state.pt,"{'learning_rate': 0.009219637419689826, 'lr_reduce': 0.6}",TPESampler,COMPLETE
1257,0.08462273329496384,2025-04-25 18:23:53.606769,2025-04-25 18:24:04.187676,0 days 00:00:10.580907,0.07796023197874281,112,240,432.0,,3,0.003618186482486024,0.6,checkpoints/mlp_Pc_trial_1257_best_state.pt,"{'learning_rate': 0.003618186482486024, 'lr_reduce': 0.6}",TPESampler,COMPLETE
1258,0.08950794488191605,2025-04-25 18:23:53.698235,2025-04-25 18:24:08.382387,0 days 00:00:14.684152,0.06356284017847028,48,288,,,2,0.005463667376664623,0.6,checkpoints/mlp_Pc_trial_1258_best_state.pt,"{'learning_rate': 0.005463667376664623, 'lr_reduce': 0.6}",TPESampler,COMPLETE
1259,0.07454212009906769,2025-04-25 18:23:56.868295,2025-04-25 18:24:05.516662,0 days 00:00:08.648367,0.03065182528445292,80,208,432.0,,3,0.004277772886596896,0.6,checkpoints/mlp_Pc_trial_1259_best_state.pt,"{'learning_rate': 0.004277772886596896, 'lr_reduce': 0.6}",TPESampler,COMPLETE
1260,0.06838259100914001,2025-04-25 18:24:04.499647,2025-04-25 18:24:11.649754,0 days 00:00:07.150107,0.019061174813281824,64,256,464.0,,3,0.009619959157402758,0.6,checkpoints/mlp_Pc_trial_1260_best_state.pt,"{'learning_rate': 0.009619959157402758, 'lr_reduce': 0.6}",TPESampler,COMPLETE
1261,0.08353588730096817,2025-04-25 18:24:05.796150,2025-04-25 18:24:13.146766,0 days 00:00:07.350616,0.0020314145749415966,64,272,432.0,,3,0.008367426131171762,0.6,checkpoints/mlp_Pc_trial_1261_best_state.pt,"{'learning_rate': 0.008367426131171762, 'lr_reduce': 0.6}",TPESampler,COMPLETE
1262,0.11482441425323486,2025-04-25 18:24:08.709013,2025-04-25 18:24:50.286775,0 days 00:00:41.577762,0.0937174475824322,304,144,,,2,0.0001698909739471361,0.6,checkpoints/mlp_Pc_trial_1262_best_state.pt,"{'learning_rate': 0.0001698909739471361, 'lr_reduce': 0.6}",TPESampler,COMPLETE
1263,0.07236486673355103,2025-04-25 18:24:11.945881,2025-04-25 18:24:21.523695,0 days 00:00:09.577814,0.02782957141311576,80,256,464.0,,3,0.005459666096170211,0.6,checkpoints/mlp_Pc_trial_1263_best_state.pt,"{'learning_rate': 0.005459666096170211, 'lr_reduce': 0.6}",TPESampler,COMPLETE
1264,0.06951646506786346,2025-04-25 18:24:13.471233,2025-04-25 18:24:26.474288,0 days 00:00:13.003055,0.01055627555634443,160,464,512.0,256.0,4,0.001373935129446515,0.6,checkpoints/mlp_Pc_trial_1264_best_state.pt,"{'learning_rate': 0.001373935129446515, 'lr_reduce': 0.6}",TPESampler,COMPLETE
1265,0.08107321709394455,2025-04-25 18:24:21.856345,2025-04-25 18:24:30.543031,0 days 00:00:08.686686,0.01684640975210506,80,208,432.0,,3,0.005177928755721912,0.6,checkpoints/mlp_Pc_trial_1265_best_state.pt,"{'learning_rate': 0.005177928755721912, 'lr_reduce': 0.6}",TPESampler,COMPLETE
1266,0.08164257556200027,2025-04-25 18:24:26.754912,2025-04-25 18:24:39.728322,0 days 00:00:12.973410,0.07760377942684536,96,240,,,2,0.002658410441725071,0.6,checkpoints/mlp_Pc_trial_1266_best_state.pt,"{'learning_rate': 0.002658410441725071, 'lr_reduce': 0.6}",TPESampler,COMPLETE
