number,value,datetime_start,datetime_complete,duration,params_final_dropout,params_mlp_dim_00,params_mlp_dim_01,params_mlp_dim_02,params_mlp_dim_03,params_mlp_n_layers,params_train_learning_rate,params_train_lr_reduce,user_attrs_best_state_dict_path,user_attrs_training_params,system_attrs_auto:sampler,state
1490,0.07083850353956223,2025-04-25 18:39:00.527677,2025-04-25 18:39:07.690934,0 days 00:00:07.163257,0.06591647627307369,224,64,224.0,128.0,4,0.008955953215627073,0.6,checkpoints/mlp_Pc_trial_1490_best_state.pt,"{'learning_rate': 0.008955953215627073, 'lr_reduce': 0.6}",TPESampler,COMPLETE
1491,0.06900664418935776,2025-04-25 18:39:02.351864,2025-04-25 18:39:15.264946,0 days 00:00:12.913082,0.01146578566944353,272,512,272.0,,3,0.0014936391282074333,0.6,checkpoints/mlp_Pc_trial_1491_best_state.pt,"{'learning_rate': 0.0014936391282074333, 'lr_reduce': 0.6}",TPESampler,COMPLETE
1492,0.08513344079256058,2025-04-25 18:39:02.870987,2025-04-25 18:39:11.459620,0 days 00:00:08.588633,0.005117810905009076,160,160,432.0,,3,0.009347829809132987,0.6,checkpoints/mlp_Pc_trial_1492_best_state.pt,"{'learning_rate': 0.009347829809132987, 'lr_reduce': 0.6}",TPESampler,COMPLETE
1493,0.0719735324382782,2025-04-25 18:39:07.994147,2025-04-25 18:39:17.074165,0 days 00:00:09.080018,0.0027854291395828564,80,112,336.0,160.0,4,0.0028828202824916953,0.6,checkpoints/mlp_Pc_trial_1493_best_state.pt,"{'learning_rate': 0.0028828202824916953, 'lr_reduce': 0.6}",TPESampler,COMPLETE
1494,0.07203299552202225,2025-04-25 18:39:11.739040,2025-04-25 18:39:22.475610,0 days 00:00:10.736570,0.021936399806412578,176,448,224.0,,3,0.003167094072920362,0.6,checkpoints/mlp_Pc_trial_1494_best_state.pt,"{'learning_rate': 0.003167094072920362, 'lr_reduce': 0.6}",TPESampler,COMPLETE
1495,0.0698716789484024,2025-04-25 18:39:15.550401,2025-04-25 18:39:23.114614,0 days 00:00:07.564213,0.0012406550073233574,192,128,464.0,64.0,4,0.0071272281323156925,0.6,checkpoints/mlp_Pc_trial_1495_best_state.pt,"{'learning_rate': 0.0071272281323156925, 'lr_reduce': 0.6}",TPESampler,COMPLETE
1496,0.08602342009544373,2025-04-25 18:39:17.338214,2025-04-25 18:39:33.723124,0 days 00:00:16.384910,0.05227489151230208,160,144,400.0,240.0,4,0.0017045402932587034,0.6,checkpoints/mlp_Pc_trial_1496_best_state.pt,"{'learning_rate': 0.0017045402932587034, 'lr_reduce': 0.6}",TPESampler,COMPLETE
1497,0.07547727972269058,2025-04-25 18:39:22.758216,2025-04-25 18:39:32.930915,0 days 00:00:10.172699,0.007994806885581782,32,144,272.0,112.0,4,0.002367877246970851,0.6,checkpoints/mlp_Pc_trial_1497_best_state.pt,"{'learning_rate': 0.002367877246970851, 'lr_reduce': 0.6}",TPESampler,COMPLETE
1498,0.0677778571844101,2025-04-25 18:39:23.408587,2025-04-25 18:39:34.103409,0 days 00:00:10.694822,0.002596157092663363,160,128,320.0,192.0,4,0.0018227193487834526,0.6,checkpoints/mlp_Pc_trial_1498_best_state.pt,"{'learning_rate': 0.0018227193487834526, 'lr_reduce': 0.6}",TPESampler,COMPLETE
1499,0.08887893706560135,2025-04-25 18:39:33.240668,2025-04-25 18:39:42.510328,0 days 00:00:09.269660,0.06085601406559098,32,144,368.0,64.0,4,0.003113561704120824,0.6,checkpoints/mlp_Pc_trial_1499_best_state.pt,"{'learning_rate': 0.003113561704120824, 'lr_reduce': 0.6}",TPESampler,COMPLETE
1500,0.09042686969041824,2025-04-25 18:39:33.987436,2025-04-25 18:39:52.450921,0 days 00:00:18.463485,0.07479570139948223,112,512,480.0,160.0,4,0.0004875217827176215,0.6,checkpoints/mlp_Pc_trial_1500_best_state.pt,"{'learning_rate': 0.0004875217827176215, 'lr_reduce': 0.6}",TPESampler,COMPLETE
1501,0.08401013165712357,2025-04-25 18:39:34.504353,2025-04-25 18:39:42.540704,0 days 00:00:08.036351,0.0008133028059006953,208,160,176.0,112.0,4,0.009128756807792186,0.6,checkpoints/mlp_Pc_trial_1501_best_state.pt,"{'learning_rate': 0.009128756807792186, 'lr_reduce': 0.6}",TPESampler,COMPLETE
1502,0.07478942722082138,2025-04-25 18:39:42.717320,2025-04-25 18:39:53.924750,0 days 00:00:11.207430,0.02058992402189313,256,512,256.0,32.0,4,0.002362151207297153,0.6,checkpoints/mlp_Pc_trial_1502_best_state.pt,"{'learning_rate': 0.002362151207297153, 'lr_reduce': 0.6}",TPESampler,COMPLETE
1503,0.08277314901351929,2025-04-25 18:39:42.817290,2025-04-25 18:40:00.459239,0 days 00:00:17.641949,0.049427063326083126,96,416,416.0,432.0,4,0.0012673083867011797,0.6,checkpoints/mlp_Pc_trial_1503_best_state.pt,"{'learning_rate': 0.0012673083867011797, 'lr_reduce': 0.6}",TPESampler,COMPLETE
1504,0.07112384587526321,2025-04-25 18:39:52.741160,2025-04-25 18:40:08.314653,0 days 00:00:15.573493,0.016535788519249348,240,480,304.0,208.0,4,0.0006944520547189913,0.6,checkpoints/mlp_Pc_trial_1504_best_state.pt,"{'learning_rate': 0.0006944520547189913, 'lr_reduce': 0.6}",TPESampler,COMPLETE
1505,0.0745314285159111,2025-04-25 18:39:54.305030,2025-04-25 18:40:10.870438,0 days 00:00:16.565408,0.05474619490367285,208,416,240.0,144.0,4,0.0007426367194835121,0.6,checkpoints/mlp_Pc_trial_1505_best_state.pt,"{'learning_rate': 0.0007426367194835121, 'lr_reduce': 0.6}",TPESampler,COMPLETE
1506,0.07945220917463303,2025-04-25 18:40:00.829571,2025-04-25 18:40:09.156691,0 days 00:00:08.327120,0.009349301812247265,112,112,464.0,256.0,4,0.004222864784645195,0.6,checkpoints/mlp_Pc_trial_1506_best_state.pt,"{'learning_rate': 0.004222864784645195, 'lr_reduce': 0.6}",TPESampler,COMPLETE
1507,0.08449535816907883,2025-04-25 18:40:08.579231,2025-04-25 18:40:20.798611,0 days 00:00:12.219380,0.26293705459762096,512,144,,,2,0.006968866645315716,0.6,checkpoints/mlp_Pc_trial_1507_best_state.pt,"{'learning_rate': 0.006968866645315716, 'lr_reduce': 0.6}",TPESampler,COMPLETE
1508,0.07729265093803406,2025-04-25 18:40:09.446104,2025-04-25 18:40:17.378712,0 days 00:00:07.932608,0.014255613970202946,144,144,352.0,80.0,4,0.00999769788446554,0.6,checkpoints/mlp_Pc_trial_1508_best_state.pt,"{'learning_rate': 0.00999769788446554, 'lr_reduce': 0.6}",TPESampler,COMPLETE
1509,0.08603715151548386,2025-04-25 18:40:11.161715,2025-04-25 18:40:19.860508,0 days 00:00:08.698793,0.09899517039530305,32,144,288.0,192.0,4,0.006289795682555835,0.6,checkpoints/mlp_Pc_trial_1509_best_state.pt,"{'learning_rate': 0.006289795682555835, 'lr_reduce': 0.6}",TPESampler,COMPLETE
1510,0.07262811809778214,2025-04-25 18:40:17.685211,2025-04-25 18:40:29.307026,0 days 00:00:11.621815,0.028001659996153998,224,432,144.0,112.0,4,0.000863946457386139,0.6,checkpoints/mlp_Pc_trial_1510_best_state.pt,"{'learning_rate': 0.000863946457386139, 'lr_reduce': 0.6}",TPESampler,COMPLETE
1511,0.07329164445400238,2025-04-25 18:40:20.172531,2025-04-25 18:40:29.681218,0 days 00:00:09.508687,0.00048226763276115124,96,224,384.0,160.0,4,0.0024685627287102836,0.6,checkpoints/mlp_Pc_trial_1511_best_state.pt,"{'learning_rate': 0.0024685627287102836, 'lr_reduce': 0.6}",TPESampler,COMPLETE
1512,0.07765461504459381,2025-04-25 18:40:21.108621,2025-04-25 18:40:31.804350,0 days 00:00:10.695729,0.02672113428813315,112,48,224.0,,3,0.0036474494824984055,0.6,checkpoints/mlp_Pc_trial_1512_best_state.pt,"{'learning_rate': 0.0036474494824984055, 'lr_reduce': 0.6}",TPESampler,COMPLETE
1513,0.06930983066558838,2025-04-25 18:40:29.598174,2025-04-25 18:40:38.410207,0 days 00:00:08.812033,0.006775726976521688,240,128,432.0,80.0,4,0.009825164954068629,0.6,checkpoints/mlp_Pc_trial_1513_best_state.pt,"{'learning_rate': 0.009825164954068629, 'lr_reduce': 0.6}",TPESampler,COMPLETE
1514,0.07606851309537888,2025-04-25 18:40:30.038184,2025-04-25 18:40:40.590759,0 days 00:00:10.552575,0.07576387365158815,112,496,,,2,0.003653632572519639,0.6,checkpoints/mlp_Pc_trial_1514_best_state.pt,"{'learning_rate': 0.003653632572519639, 'lr_reduce': 0.6}",TPESampler,COMPLETE
1515,0.06758973002433777,2025-04-25 18:40:32.166215,2025-04-25 18:40:45.315368,0 days 00:00:13.149153,0.00476100201888742,160,448,272.0,32.0,4,0.001099466205326905,0.6,checkpoints/mlp_Pc_trial_1515_best_state.pt,"{'learning_rate': 0.001099466205326905, 'lr_reduce': 0.6}",TPESampler,COMPLETE
1516,0.07126264274120331,2025-04-25 18:40:38.713147,2025-04-25 18:40:51.364084,0 days 00:00:12.650937,0.052329841131623325,32,96,512.0,352.0,4,0.00993669005685367,0.6,checkpoints/mlp_Pc_trial_1516_best_state.pt,"{'learning_rate': 0.00993669005685367, 'lr_reduce': 0.6}",TPESampler,COMPLETE
1517,0.07779671251773834,2025-04-25 18:40:40.890224,2025-04-25 18:40:50.715223,0 days 00:00:09.824999,0.005404869004246396,48,160,,,2,0.0070553532077724385,0.6,checkpoints/mlp_Pc_trial_1517_best_state.pt,"{'learning_rate': 0.0070553532077724385, 'lr_reduce': 0.6}",TPESampler,COMPLETE
1518,0.06898164749145508,2025-04-25 18:40:45.595919,2025-04-25 18:40:57.228463,0 days 00:00:11.632544,0.009915776683814045,144,464,320.0,,3,0.001020360337728212,0.6,checkpoints/mlp_Pc_trial_1518_best_state.pt,"{'learning_rate': 0.001020360337728212, 'lr_reduce': 0.6}",TPESampler,COMPLETE
1519,0.0820111483335495,2025-04-25 18:40:51.035872,2025-04-25 18:40:59.218032,0 days 00:00:08.182160,0.07552547785627399,112,288,208.0,240.0,4,0.0036964449477375903,0.6,checkpoints/mlp_Pc_trial_1519_best_state.pt,"{'learning_rate': 0.0036964449477375903, 'lr_reduce': 0.6}",TPESampler,COMPLETE
1520,0.07797130197286606,2025-04-25 18:40:51.874531,2025-04-25 18:40:59.933063,0 days 00:00:08.058532,0.07622415418929748,112,256,448.0,112.0,4,0.009250311921802213,0.6,checkpoints/mlp_Pc_trial_1520_best_state.pt,"{'learning_rate': 0.009250311921802213, 'lr_reduce': 0.6}",TPESampler,COMPLETE
1521,0.08697748184204102,2025-04-25 18:40:57.512056,2025-04-25 18:41:07.845312,0 days 00:00:10.333256,0.057055853673959114,112,80,384.0,192.0,4,0.0021223409112113316,0.6,checkpoints/mlp_Pc_trial_1521_best_state.pt,"{'learning_rate': 0.0021223409112113316, 'lr_reduce': 0.6}",TPESampler,COMPLETE
1522,0.09353500604629517,2025-04-25 18:40:59.532587,2025-04-25 18:41:09.782009,0 days 00:00:10.249422,0.26369886642099266,192,128,,,2,0.009285714440980834,0.6,checkpoints/mlp_Pc_trial_1522_best_state.pt,"{'learning_rate': 0.009285714440980834, 'lr_reduce': 0.6}",TPESampler,COMPLETE
1523,0.07983843982219696,2025-04-25 18:41:00.238073,2025-04-25 18:41:14.321614,0 days 00:00:14.083541,0.06836330193788591,32,96,240.0,144.0,4,0.0038980435489904173,0.6,checkpoints/mlp_Pc_trial_1523_best_state.pt,"{'learning_rate': 0.0038980435489904173, 'lr_reduce': 0.6}",TPESampler,COMPLETE
1524,0.09044283628463745,2025-04-25 18:41:08.148083,2025-04-25 18:41:20.672078,0 days 00:00:12.523995,0.048449192204765464,336,448,432.0,80.0,4,0.0028347121590938276,0.6,checkpoints/mlp_Pc_trial_1524_best_state.pt,"{'learning_rate': 0.0028347121590938276, 'lr_reduce': 0.6}",TPESampler,COMPLETE
1525,0.07492496818304062,2025-04-25 18:41:10.105736,2025-04-25 18:41:23.476665,0 days 00:00:13.370929,0.08641746842447566,208,464,288.0,192.0,4,0.0011147570897341954,0.6,checkpoints/mlp_Pc_trial_1525_best_state.pt,"{'learning_rate': 0.0011147570897341954, 'lr_reduce': 0.6}",TPESampler,COMPLETE
1526,0.0660347193479538,2025-04-25 18:41:14.637955,2025-04-25 18:41:23.060594,0 days 00:00:08.422639,0.0020026831966760885,80,96,336.0,112.0,4,0.003338779795029447,0.6,checkpoints/mlp_Pc_trial_1526_best_state.pt,"{'learning_rate': 0.003338779795029447, 'lr_reduce': 0.6}",TPESampler,COMPLETE
1527,0.0745495930314064,2025-04-25 18:41:20.951594,2025-04-25 18:41:32.730460,0 days 00:00:11.778866,0.04541753286841122,176,512,480.0,,3,0.003188473933556172,0.6,checkpoints/mlp_Pc_trial_1527_best_state.pt,"{'learning_rate': 0.003188473933556172, 'lr_reduce': 0.6}",TPESampler,COMPLETE
1528,0.07458426058292389,2025-04-25 18:41:23.419740,2025-04-25 18:41:33.269733,0 days 00:00:09.849993,0.045282899035081835,96,160,400.0,64.0,4,0.002652090089290131,0.6,checkpoints/mlp_Pc_trial_1528_best_state.pt,"{'learning_rate': 0.002652090089290131, 'lr_reduce': 0.6}",TPESampler,COMPLETE
1529,0.06785161048173904,2025-04-25 18:41:23.859037,2025-04-25 18:41:36.652173,0 days 00:00:12.793136,0.013832008210681122,176,256,208.0,160.0,4,0.002631169474906534,0.6,checkpoints/mlp_Pc_trial_1529_best_state.pt,"{'learning_rate': 0.002631169474906534, 'lr_reduce': 0.6}",TPESampler,COMPLETE
1530,0.0647234097123146,2025-04-25 18:41:33.055066,2025-04-25 18:41:43.974260,0 days 00:00:10.919194,0.015633193796926476,192,448,272.0,256.0,4,0.0017052542855138472,0.6,checkpoints/mlp_Pc_trial_1530_best_state.pt,"{'learning_rate': 0.0017052542855138472, 'lr_reduce': 0.6}",TPESampler,COMPLETE
1531,0.08535922318696976,2025-04-25 18:41:33.637793,2025-04-25 18:41:43.585561,0 days 00:00:09.947768,0.10614842262118623,160,80,368.0,,3,0.009405889539562494,0.6,checkpoints/mlp_Pc_trial_1531_best_state.pt,"{'learning_rate': 0.009405889539562494, 'lr_reduce': 0.6}",TPESampler,COMPLETE
1532,0.07959038764238358,2025-04-25 18:41:36.967394,2025-04-25 18:41:45.759432,0 days 00:00:08.792038,0.001647109140283225,80,64,448.0,,3,0.00468269571548729,0.6,checkpoints/mlp_Pc_trial_1532_best_state.pt,"{'learning_rate': 0.00468269571548729, 'lr_reduce': 0.6}",TPESampler,COMPLETE
1533,0.07226068526506424,2025-04-25 18:41:43.882051,2025-04-25 18:41:56.314930,0 days 00:00:12.432879,0.014151319262946539,288,432,288.0,304.0,4,0.0014363367391357663,0.6,checkpoints/mlp_Pc_trial_1533_best_state.pt,"{'learning_rate': 0.0014363367391357663, 'lr_reduce': 0.6}",TPESampler,COMPLETE
1534,0.0739637017250061,2025-04-25 18:41:44.263006,2025-04-25 18:41:57.910789,0 days 00:00:13.647783,0.06626329914562337,160,512,288.0,320.0,4,0.0014627276540411537,0.6,checkpoints/mlp_Pc_trial_1534_best_state.pt,"{'learning_rate': 0.0014627276540411537, 'lr_reduce': 0.6}",TPESampler,COMPLETE
1535,0.08214452117681503,2025-04-25 18:41:46.284747,2025-04-25 18:41:55.460782,0 days 00:00:09.176035,0.0304405590370101,160,496,320.0,272.0,4,0.003618874050253785,0.6,checkpoints/mlp_Pc_trial_1535_best_state.pt,"{'learning_rate': 0.003618874050253785, 'lr_reduce': 0.6}",TPESampler,COMPLETE
1536,0.07345526665449142,2025-04-25 18:41:55.756550,2025-04-25 18:42:06.623120,0 days 00:00:10.866570,0.03812988155927488,176,480,304.0,224.0,4,0.0019201155606088927,0.6,checkpoints/mlp_Pc_trial_1536_best_state.pt,"{'learning_rate': 0.0019201155606088927, 'lr_reduce': 0.6}",TPESampler,COMPLETE
1537,0.07651851326227188,2025-04-25 18:41:56.622244,2025-04-25 18:42:07.282453,0 days 00:00:10.660209,0.004625120494899281,240,80,320.0,,3,0.002458328208772777,0.6,checkpoints/mlp_Pc_trial_1537_best_state.pt,"{'learning_rate': 0.002458328208772777, 'lr_reduce': 0.6}",TPESampler,COMPLETE
1538,0.08030349761247635,2025-04-25 18:41:58.238386,2025-04-25 18:42:06.951403,0 days 00:00:08.713017,0.06877405927948287,256,192,272.0,,3,0.0076353819033715365,0.6,checkpoints/mlp_Pc_trial_1538_best_state.pt,"{'learning_rate': 0.0076353819033715365, 'lr_reduce': 0.6}",TPESampler,COMPLETE
1539,0.07163303345441818,2025-04-25 18:42:06.893688,2025-04-25 18:42:16.082988,0 days 00:00:09.189300,0.006219865206629441,160,368,320.0,272.0,4,0.003446548328813241,0.6,checkpoints/mlp_Pc_trial_1539_best_state.pt,"{'learning_rate': 0.003446548328813241, 'lr_reduce': 0.6}",TPESampler,COMPLETE
1540,0.06777963787317276,2025-04-25 18:42:07.233310,2025-04-25 18:42:20.290551,0 days 00:00:13.057241,0.064150097563696,192,416,288.0,288.0,4,0.001344058338222046,0.6,checkpoints/mlp_Pc_trial_1540_best_state.pt,"{'learning_rate': 0.001344058338222046, 'lr_reduce': 0.6}",TPESampler,COMPLETE
1541,0.07418063282966614,2025-04-25 18:42:07.546200,2025-04-25 18:42:17.830592,0 days 00:00:10.284392,0.038346947811469634,128,432,352.0,272.0,4,0.0016465456463273746,0.6,checkpoints/mlp_Pc_trial_1541_best_state.pt,"{'learning_rate': 0.0016465456463273746, 'lr_reduce': 0.6}",TPESampler,COMPLETE
1542,0.07555988430976868,2025-04-25 18:42:16.509897,2025-04-25 18:42:27.682381,0 days 00:00:11.172484,0.0119189606810608,256,464,272.0,272.0,4,0.00203047539432773,0.6,checkpoints/mlp_Pc_trial_1542_best_state.pt,"{'learning_rate': 0.00203047539432773, 'lr_reduce': 0.6}",TPESampler,COMPLETE
1543,0.07529539614915848,2025-04-25 18:42:18.127485,2025-04-25 18:42:30.812508,0 days 00:00:12.685023,0.027554296404010924,176,448,352.0,256.0,4,0.0011093390153418586,0.6,checkpoints/mlp_Pc_trial_1543_best_state.pt,"{'learning_rate': 0.0011093390153418586, 'lr_reduce': 0.6}",TPESampler,COMPLETE
1544,0.07512728869915009,2025-04-25 18:42:20.611826,2025-04-25 18:42:29.092664,0 days 00:00:08.480838,0.004859318870040905,176,416,304.0,240.0,4,0.0027528330711460627,0.6,checkpoints/mlp_Pc_trial_1544_best_state.pt,"{'learning_rate': 0.0027528330711460627, 'lr_reduce': 0.6}",TPESampler,COMPLETE
1545,0.0872463658452034,2025-04-25 18:42:28.004682,2025-04-25 18:42:38.255944,0 days 00:00:10.251262,0.00581374032435371,272,352,400.0,256.0,4,0.0060181493955383195,0.6,checkpoints/mlp_Pc_trial_1545_best_state.pt,"{'learning_rate': 0.0060181493955383195, 'lr_reduce': 0.6}",TPESampler,COMPLETE
1546,0.07187674939632416,2025-04-25 18:42:29.375140,2025-04-25 18:42:41.834434,0 days 00:00:12.459294,0.0017613517438266162,208,400,480.0,240.0,4,0.0007024239890795271,0.6,checkpoints/mlp_Pc_trial_1546_best_state.pt,"{'learning_rate': 0.0007024239890795271, 'lr_reduce': 0.6}",TPESampler,COMPLETE
1547,0.07597006857395172,2025-04-25 18:42:31.132985,2025-04-25 18:42:41.139640,0 days 00:00:10.006655,0.10354468138415593,240,144,272.0,352.0,4,0.0015481761233553447,0.6,checkpoints/mlp_Pc_trial_1547_best_state.pt,"{'learning_rate': 0.0015481761233553447, 'lr_reduce': 0.6}",TPESampler,COMPLETE
1548,0.07182276248931885,2025-04-25 18:42:38.543179,2025-04-25 18:43:01.396144,0 days 00:00:22.852965,0.028633007126375523,144,432,432.0,304.0,4,0.001916269030693534,0.6,checkpoints/mlp_Pc_trial_1548_best_state.pt,"{'learning_rate': 0.001916269030693534, 'lr_reduce': 0.6}",TPESampler,COMPLETE
1549,0.07125604152679443,2025-04-25 18:42:41.455898,2025-04-25 18:42:57.295979,0 days 00:00:15.840081,0.030977632206256194,192,432,384.0,224.0,4,0.003562106944545002,0.6,checkpoints/mlp_Pc_trial_1549_best_state.pt,"{'learning_rate': 0.003562106944545002, 'lr_reduce': 0.6}",TPESampler,COMPLETE
1550,0.06755563616752625,2025-04-25 18:42:42.140556,2025-04-25 18:43:05.059806,0 days 00:00:22.919250,0.0073580115735343244,160,464,336.0,208.0,4,0.0017822529217560396,0.6,checkpoints/mlp_Pc_trial_1550_best_state.pt,"{'learning_rate': 0.0017822529217560396, 'lr_reduce': 0.6}",TPESampler,COMPLETE
1551,0.09089402854442596,2025-04-25 18:42:57.623050,2025-04-25 18:43:05.419306,0 days 00:00:07.796256,0.00013934292929072833,208,96,272.0,240.0,4,0.0033880959401832596,0.6,checkpoints/mlp_Pc_trial_1551_best_state.pt,"{'learning_rate': 0.0033880959401832596, 'lr_reduce': 0.6}",TPESampler,COMPLETE
1552,0.08782657235860825,2025-04-25 18:43:01.718128,2025-04-25 18:43:14.585096,0 days 00:00:12.866968,0.2590141325686532,464,400,,,2,0.005828336682037985,0.6,checkpoints/mlp_Pc_trial_1552_best_state.pt,"{'learning_rate': 0.005828336682037985, 'lr_reduce': 0.6}",TPESampler,COMPLETE
1553,0.07864834368228912,2025-04-25 18:43:05.348772,2025-04-25 18:43:15.177453,0 days 00:00:09.828681,0.054729298444208686,272,400,512.0,208.0,4,0.0015574918799443225,0.6,checkpoints/mlp_Pc_trial_1553_best_state.pt,"{'learning_rate': 0.0015574918799443225, 'lr_reduce': 0.6}",TPESampler,COMPLETE
1554,0.07062339782714844,2025-04-25 18:43:05.823995,2025-04-25 18:43:20.934063,0 days 00:00:15.110068,0.00041534936031327463,176,464,320.0,272.0,4,0.0006563454686153335,0.6,checkpoints/mlp_Pc_trial_1554_best_state.pt,"{'learning_rate': 0.0006563454686153335, 'lr_reduce': 0.6}",TPESampler,COMPLETE
1555,0.07731157541275024,2025-04-25 18:43:14.880489,2025-04-25 18:43:35.987762,0 days 00:00:21.107273,0.042703715394370206,224,464,464.0,208.0,4,0.0002999453660029926,0.6,checkpoints/mlp_Pc_trial_1555_best_state.pt,"{'learning_rate': 0.0002999453660029926, 'lr_reduce': 0.6}",TPESampler,COMPLETE
1556,0.13223405182361603,2025-04-25 18:43:15.514430,2025-04-25 18:43:28.933240,0 days 00:00:13.418810,0.25771120148864357,304,320,416.0,240.0,4,0.0011467131055476172,0.6,checkpoints/mlp_Pc_trial_1556_best_state.pt,"{'learning_rate': 0.0011467131055476172, 'lr_reduce': 0.6}",TPESampler,COMPLETE
1557,0.08014073222875595,2025-04-25 18:43:21.263823,2025-04-25 18:43:32.506926,0 days 00:00:11.243103,0.01720821519621766,208,384,256.0,192.0,4,0.0016797311479999535,0.6,checkpoints/mlp_Pc_trial_1557_best_state.pt,"{'learning_rate': 0.0016797311479999535, 'lr_reduce': 0.6}",TPESampler,COMPLETE
1558,0.07866568118333817,2025-04-25 18:43:29.217221,2025-04-25 18:43:39.636995,0 days 00:00:10.419774,0.03628847661827594,224,400,352.0,,3,0.00414420444443125,0.6,checkpoints/mlp_Pc_trial_1558_best_state.pt,"{'learning_rate': 0.00414420444443125, 'lr_reduce': 0.6}",TPESampler,COMPLETE
1559,0.08765188604593277,2025-04-25 18:43:32.816161,2025-04-25 18:43:47.241799,0 days 00:00:14.425638,0.09003114762956055,336,144,,,2,0.0017019945243765117,0.6,checkpoints/mlp_Pc_trial_1559_best_state.pt,"{'learning_rate': 0.0017019945243765117, 'lr_reduce': 0.6}",TPESampler,COMPLETE
1560,0.08263475447893143,2025-04-25 18:43:36.482757,2025-04-25 18:43:46.284219,0 days 00:00:09.801462,0.03287148802962525,208,432,272.0,192.0,4,0.0016988338534858138,0.6,checkpoints/mlp_Pc_trial_1560_best_state.pt,"{'learning_rate': 0.0016988338534858138, 'lr_reduce': 0.6}",TPESampler,COMPLETE
1561,0.08054711669683456,2025-04-25 18:43:39.924652,2025-04-25 18:43:53.521510,0 days 00:00:13.596858,0.09320700137998414,144,416,448.0,288.0,4,0.0016588566899716297,0.6,checkpoints/mlp_Pc_trial_1561_best_state.pt,"{'learning_rate': 0.0016588566899716297, 'lr_reduce': 0.6}",TPESampler,COMPLETE
1562,0.08854211121797562,2025-04-25 18:43:46.587513,2025-04-25 18:43:56.267204,0 days 00:00:09.679691,0.035572420219404245,384,96,384.0,240.0,4,0.009469799099617543,0.6,checkpoints/mlp_Pc_trial_1562_best_state.pt,"{'learning_rate': 0.009469799099617543, 'lr_reduce': 0.6}",TPESampler,COMPLETE
1563,0.08109498023986816,2025-04-25 18:43:47.631813,2025-04-25 18:43:56.290278,0 days 00:00:08.658465,0.0076738689186291766,224,256,320.0,208.0,4,0.004436228770348322,0.6,checkpoints/mlp_Pc_trial_1563_best_state.pt,"{'learning_rate': 0.004436228770348322, 'lr_reduce': 0.6}",TPESampler,COMPLETE
