number,value,datetime_start,datetime_complete,duration,params_final_dropout,params_mlp_dim_00,params_mlp_dim_01,params_mlp_dim_02,params_mlp_dim_03,params_mlp_n_layers,params_train_learning_rate,params_train_lr_reduce,user_attrs_best_state_dict_path,user_attrs_training_params,system_attrs_auto:sampler,state
1416,0.060784317553043365,2025-04-25 18:34:36.739070,2025-04-25 18:34:50.789751,0 days 00:00:14.050681,0.00010212399218183319,240,176,384.0,192.0,4,0.0086873662791844,0.6,checkpoints/mlp_Pc_trial_1416_best_state.pt,"{'learning_rate': 0.0086873662791844, 'lr_reduce': 0.6}",TPESampler,COMPLETE
1417,0.08090003579854965,2025-04-25 18:34:41.873601,2025-04-25 18:34:50.363292,0 days 00:00:08.489691,0.005223725509291722,48,192,480.0,208.0,4,0.00545684793133436,0.6,checkpoints/mlp_Pc_trial_1417_best_state.pt,"{'learning_rate': 0.00545684793133436, 'lr_reduce': 0.6}",TPESampler,COMPLETE
1418,0.08845610171556473,2025-04-25 18:34:50.484338,2025-04-25 18:34:58.425845,0 days 00:00:07.941507,0.09517352396377196,256,224,352.0,192.0,4,0.004660204462536007,0.6,checkpoints/mlp_Pc_trial_1418_best_state.pt,"{'learning_rate': 0.004660204462536007, 'lr_reduce': 0.6}",TPESampler,COMPLETE
1419,0.0689811035990715,2025-04-25 18:34:50.586593,2025-04-25 18:34:59.813307,0 days 00:00:09.226714,0.009412628511785145,192,176,352.0,176.0,4,0.004804237060882349,0.6,checkpoints/mlp_Pc_trial_1419_best_state.pt,"{'learning_rate': 0.004804237060882349, 'lr_reduce': 0.6}",TPESampler,COMPLETE
1420,0.07314658910036087,2025-04-25 18:34:51.118703,2025-04-25 18:35:03.657668,0 days 00:00:12.538965,0.03687774743733471,224,144,368.0,176.0,4,0.008778831264551723,0.6,checkpoints/mlp_Pc_trial_1420_best_state.pt,"{'learning_rate': 0.008778831264551723, 'lr_reduce': 0.6}",TPESampler,COMPLETE
1421,0.08166195452213287,2025-04-25 18:34:58.713741,2025-04-25 18:35:07.189628,0 days 00:00:08.475887,0.024892236205007547,160,192,368.0,176.0,4,0.006526491265401455,0.6,checkpoints/mlp_Pc_trial_1421_best_state.pt,"{'learning_rate': 0.006526491265401455, 'lr_reduce': 0.6}",TPESampler,COMPLETE
1422,0.08184438943862915,2025-04-25 18:35:00.096979,2025-04-25 18:35:10.146906,0 days 00:00:10.049927,0.03341723821998703,176,400,352.0,160.0,4,0.0032418120712414005,0.6,checkpoints/mlp_Pc_trial_1422_best_state.pt,"{'learning_rate': 0.0032418120712414005, 'lr_reduce': 0.6}",TPESampler,COMPLETE
1423,0.08526625484228134,2025-04-25 18:35:03.954679,2025-04-25 18:35:12.420676,0 days 00:00:08.465997,0.014841747728644529,304,96,368.0,192.0,4,0.009304148736838637,0.6,checkpoints/mlp_Pc_trial_1423_best_state.pt,"{'learning_rate': 0.009304148736838637, 'lr_reduce': 0.6}",TPESampler,COMPLETE
1424,0.07515590637922287,2025-04-25 18:35:07.465441,2025-04-25 18:35:17.957637,0 days 00:00:10.492196,0.06509866876273437,272,288,336.0,144.0,4,0.005164291851491078,0.6,checkpoints/mlp_Pc_trial_1424_best_state.pt,"{'learning_rate': 0.005164291851491078, 'lr_reduce': 0.6}",TPESampler,COMPLETE
1425,0.07355967164039612,2025-04-25 18:35:10.420674,2025-04-25 18:35:20.333806,0 days 00:00:09.913132,0.0544978381732752,288,208,400.0,128.0,4,0.004557006378185996,0.6,checkpoints/mlp_Pc_trial_1425_best_state.pt,"{'learning_rate': 0.004557006378185996, 'lr_reduce': 0.6}",TPESampler,COMPLETE
1426,0.07422878593206406,2025-04-25 18:35:12.744330,2025-04-25 18:35:23.134150,0 days 00:00:10.389820,0.05394920866803949,272,208,384.0,192.0,4,0.0069458150842353055,0.6,checkpoints/mlp_Pc_trial_1426_best_state.pt,"{'learning_rate': 0.0069458150842353055, 'lr_reduce': 0.6}",TPESampler,COMPLETE
1427,0.08295784890651703,2025-04-25 18:35:18.261374,2025-04-25 18:35:25.925672,0 days 00:00:07.664298,0.018582510308882215,224,224,336.0,112.0,4,0.0063435580245141095,0.6,checkpoints/mlp_Pc_trial_1427_best_state.pt,"{'learning_rate': 0.0063435580245141095, 'lr_reduce': 0.6}",TPESampler,COMPLETE
1428,0.07655111700296402,2025-04-25 18:35:20.641147,2025-04-25 18:35:29.315797,0 days 00:00:08.674650,0.024261500574032153,256,112,400.0,,3,0.0069836792559674335,0.6,checkpoints/mlp_Pc_trial_1428_best_state.pt,"{'learning_rate': 0.0069836792559674335, 'lr_reduce': 0.6}",TPESampler,COMPLETE
1429,0.06667322665452957,2025-04-25 18:35:23.566427,2025-04-25 18:35:32.190349,0 days 00:00:08.623922,0.005953678611540874,208,80,512.0,160.0,4,0.009308201014825608,0.6,checkpoints/mlp_Pc_trial_1429_best_state.pt,"{'learning_rate': 0.009308201014825608, 'lr_reduce': 0.6}",TPESampler,COMPLETE
1430,0.07831224054098129,2025-04-25 18:35:26.238852,2025-04-25 18:35:35.574325,0 days 00:00:09.335473,0.025479222860357656,336,224,320.0,,3,0.003065694229676486,0.6,checkpoints/mlp_Pc_trial_1430_best_state.pt,"{'learning_rate': 0.003065694229676486, 'lr_reduce': 0.6}",TPESampler,COMPLETE
1431,0.10514702647924423,2025-04-25 18:35:29.624360,2025-04-25 18:35:40.568000,0 days 00:00:10.943640,0.054915144141367014,112,128,448.0,80.0,4,0.0007565461912002297,0.6,checkpoints/mlp_Pc_trial_1431_best_state.pt,"{'learning_rate': 0.0007565461912002297, 'lr_reduce': 0.6}",TPESampler,COMPLETE
1432,0.0825786218047142,2025-04-25 18:35:32.512998,2025-04-25 18:35:40.456134,0 days 00:00:07.943136,0.007383728729982935,256,160,384.0,192.0,4,0.005177939262288119,0.6,checkpoints/mlp_Pc_trial_1432_best_state.pt,"{'learning_rate': 0.005177939262288119, 'lr_reduce': 0.6}",TPESampler,COMPLETE
1433,0.07666938751935959,2025-04-25 18:35:35.874215,2025-04-25 18:35:46.715737,0 days 00:00:10.841522,0.0161949342589832,240,256,320.0,64.0,4,0.008709909580563053,0.6,checkpoints/mlp_Pc_trial_1433_best_state.pt,"{'learning_rate': 0.008709909580563053, 'lr_reduce': 0.6}",TPESampler,COMPLETE
1434,0.08267459273338318,2025-04-25 18:35:40.741163,2025-04-25 18:35:49.976477,0 days 00:00:09.235314,0.019392578510466288,304,128,480.0,128.0,4,0.004235201591003213,0.6,checkpoints/mlp_Pc_trial_1434_best_state.pt,"{'learning_rate': 0.004235201591003213, 'lr_reduce': 0.6}",TPESampler,COMPLETE
1435,0.07192560285329819,2025-04-25 18:35:40.829816,2025-04-25 18:35:53.137153,0 days 00:00:12.307337,0.0013091702604750063,80,272,432.0,128.0,4,0.0026020959033427092,0.6,checkpoints/mlp_Pc_trial_1435_best_state.pt,"{'learning_rate': 0.0026020959033427092, 'lr_reduce': 0.6}",TPESampler,COMPLETE
1436,0.08477451652288437,2025-04-25 18:35:47.017720,2025-04-25 18:35:55.761871,0 days 00:00:08.744151,0.019313763257276705,224,80,352.0,32.0,4,0.004248694877966914,0.6,checkpoints/mlp_Pc_trial_1436_best_state.pt,"{'learning_rate': 0.004248694877966914, 'lr_reduce': 0.6}",TPESampler,COMPLETE
1437,0.07147452980279922,2025-04-25 18:35:50.255743,2025-04-25 18:36:03.524297,0 days 00:00:13.268554,0.016827588056718752,224,512,,,2,0.0016546837344227577,0.6,checkpoints/mlp_Pc_trial_1437_best_state.pt,"{'learning_rate': 0.0016546837344227577, 'lr_reduce': 0.6}",TPESampler,COMPLETE
1438,0.09400022774934769,2025-04-25 18:35:53.462569,2025-04-25 18:36:00.063006,0 days 00:00:06.600437,0.0032071108955999354,304,160,400.0,192.0,4,0.006174878824198224,0.6,checkpoints/mlp_Pc_trial_1438_best_state.pt,"{'learning_rate': 0.006174878824198224, 'lr_reduce': 0.6}",TPESampler,COMPLETE
1439,0.09360763430595398,2025-04-25 18:35:56.104226,2025-04-25 18:36:05.142460,0 days 00:00:09.038234,0.03490670776886566,144,32,320.0,80.0,4,0.002467103783126176,0.6,checkpoints/mlp_Pc_trial_1439_best_state.pt,"{'learning_rate': 0.002467103783126176, 'lr_reduce': 0.6}",TPESampler,COMPLETE
1440,0.06314598768949509,2025-04-25 18:36:00.370852,2025-04-25 18:36:11.857379,0 days 00:00:11.486527,0.0037182173061284705,208,128,448.0,160.0,4,0.00950709338263896,0.6,checkpoints/mlp_Pc_trial_1440_best_state.pt,"{'learning_rate': 0.00950709338263896, 'lr_reduce': 0.6}",TPESampler,COMPLETE
1441,0.08116742223501205,2025-04-25 18:36:03.788334,2025-04-25 18:36:14.172490,0 days 00:00:10.384156,0.0610815163573035,208,128,320.0,112.0,4,0.0037614138170104176,0.6,checkpoints/mlp_Pc_trial_1441_best_state.pt,"{'learning_rate': 0.0037614138170104176, 'lr_reduce': 0.6}",TPESampler,COMPLETE
1442,0.09000366926193237,2025-04-25 18:36:05.440401,2025-04-25 18:36:13.362102,0 days 00:00:07.921701,0.011890435498009335,256,144,384.0,208.0,4,0.00822009520643806,0.6,checkpoints/mlp_Pc_trial_1442_best_state.pt,"{'learning_rate': 0.00822009520643806, 'lr_reduce': 0.6}",TPESampler,COMPLETE
1443,0.0866127610206604,2025-04-25 18:36:12.156922,2025-04-25 18:36:21.009543,0 days 00:00:08.852621,0.06619159458528942,240,48,512.0,160.0,4,0.003150332361260902,0.6,checkpoints/mlp_Pc_trial_1443_best_state.pt,"{'learning_rate': 0.003150332361260902, 'lr_reduce': 0.6}",TPESampler,COMPLETE
1444,0.08476624637842178,2025-04-25 18:36:13.644851,2025-04-25 18:36:23.577542,0 days 00:00:09.932691,0.0381557632600915,192,208,480.0,160.0,4,0.0070268353555916095,0.6,checkpoints/mlp_Pc_trial_1444_best_state.pt,"{'learning_rate': 0.0070268353555916095, 'lr_reduce': 0.6}",TPESampler,COMPLETE
1445,0.0769675150513649,2025-04-25 18:36:14.442043,2025-04-25 18:36:22.263308,0 days 00:00:07.821265,0.02465970397146027,304,192,464.0,176.0,4,0.007662030285920305,0.6,checkpoints/mlp_Pc_trial_1445_best_state.pt,"{'learning_rate': 0.007662030285920305, 'lr_reduce': 0.6}",TPESampler,COMPLETE
1446,0.08053921908140182,2025-04-25 18:36:21.267447,2025-04-25 18:36:30.186670,0 days 00:00:08.919223,0.008821735593903972,256,176,480.0,,3,0.009205252848147551,0.6,checkpoints/mlp_Pc_trial_1446_best_state.pt,"{'learning_rate': 0.009205252848147551, 'lr_reduce': 0.6}",TPESampler,COMPLETE
1447,0.08095993101596832,2025-04-25 18:36:22.541114,2025-04-25 18:36:30.672955,0 days 00:00:08.131841,0.0023857226331294636,240,96,512.0,160.0,4,0.006318512124552974,0.6,checkpoints/mlp_Pc_trial_1447_best_state.pt,"{'learning_rate': 0.006318512124552974, 'lr_reduce': 0.6}",TPESampler,COMPLETE
1448,0.07474774867296219,2025-04-25 18:36:23.894584,2025-04-25 18:36:37.466989,0 days 00:00:13.572405,0.04894822211913778,160,416,96.0,,3,0.0025196835681452947,0.6,checkpoints/mlp_Pc_trial_1448_best_state.pt,"{'learning_rate': 0.0025196835681452947, 'lr_reduce': 0.6}",TPESampler,COMPLETE
1449,0.07391523569822311,2025-04-25 18:36:30.442211,2025-04-25 18:36:39.345911,0 days 00:00:08.903700,0.05108146376758424,192,160,448.0,208.0,4,0.004974709722859314,0.6,checkpoints/mlp_Pc_trial_1449_best_state.pt,"{'learning_rate': 0.004974709722859314, 'lr_reduce': 0.6}",TPESampler,COMPLETE
1450,0.07915689796209335,2025-04-25 18:36:31.041132,2025-04-25 18:36:41.115089,0 days 00:00:10.073957,0.02830052460178078,208,112,304.0,144.0,4,0.004284358907707409,0.6,checkpoints/mlp_Pc_trial_1450_best_state.pt,"{'learning_rate': 0.004284358907707409, 'lr_reduce': 0.6}",TPESampler,COMPLETE
1451,0.08820616453886032,2025-04-25 18:36:37.752940,2025-04-25 18:36:46.278950,0 days 00:00:08.526010,0.006872686084724967,224,96,288.0,192.0,4,0.008941540913752906,0.6,checkpoints/mlp_Pc_trial_1451_best_state.pt,"{'learning_rate': 0.008941540913752906, 'lr_reduce': 0.6}",TPESampler,COMPLETE
1452,0.08371026813983917,2025-04-25 18:36:39.618318,2025-04-25 18:36:49.880351,0 days 00:00:10.262033,0.020089088635352276,272,144,448.0,144.0,4,0.008922079810418466,0.6,checkpoints/mlp_Pc_trial_1452_best_state.pt,"{'learning_rate': 0.008922079810418466, 'lr_reduce': 0.6}",TPESampler,COMPLETE
1453,0.082057423889637,2025-04-25 18:36:41.455507,2025-04-25 18:36:50.490127,0 days 00:00:09.034620,0.038061829865509,224,112,304.0,112.0,4,0.0049544702243093566,0.6,checkpoints/mlp_Pc_trial_1453_best_state.pt,"{'learning_rate': 0.0049544702243093566, 'lr_reduce': 0.6}",TPESampler,COMPLETE
1454,0.07774970680475235,2025-04-25 18:36:46.588605,2025-04-25 18:36:57.719841,0 days 00:00:11.131236,0.0014562938206897757,144,96,352.0,192.0,4,0.0028095657619554675,0.6,checkpoints/mlp_Pc_trial_1454_best_state.pt,"{'learning_rate': 0.0028095657619554675, 'lr_reduce': 0.6}",TPESampler,COMPLETE
1455,0.07634837180376053,2025-04-25 18:36:50.181096,2025-04-25 18:36:59.261666,0 days 00:00:09.080570,0.01191423187765897,240,176,464.0,128.0,4,0.005930442596930899,0.6,checkpoints/mlp_Pc_trial_1455_best_state.pt,"{'learning_rate': 0.005930442596930899, 'lr_reduce': 0.6}",TPESampler,COMPLETE
1456,0.07358280569314957,2025-04-25 18:36:50.812933,2025-04-25 18:37:01.945197,0 days 00:00:11.132264,0.00046692659231885314,80,448,400.0,208.0,4,0.0010395078481521998,0.6,checkpoints/mlp_Pc_trial_1456_best_state.pt,"{'learning_rate': 0.0010395078481521998, 'lr_reduce': 0.6}",TPESampler,COMPLETE
1457,0.0743568167090416,2025-04-25 18:36:58.018035,2025-04-25 18:37:11.236887,0 days 00:00:13.218852,0.05374784697858111,160,448,288.0,160.0,4,0.0006618565043009326,0.6,checkpoints/mlp_Pc_trial_1457_best_state.pt,"{'learning_rate': 0.0006618565043009326, 'lr_reduce': 0.6}",TPESampler,COMPLETE
1458,0.08040317893028259,2025-04-25 18:36:59.558039,2025-04-25 18:37:08.717581,0 days 00:00:09.159542,0.023738289682770856,192,128,432.0,96.0,4,0.006688313236090803,0.6,checkpoints/mlp_Pc_trial_1458_best_state.pt,"{'learning_rate': 0.006688313236090803, 'lr_reduce': 0.6}",TPESampler,COMPLETE
1459,0.08828454464673996,2025-04-25 18:37:02.257069,2025-04-25 18:37:12.514962,0 days 00:00:10.257893,0.03610015805931404,368,240,480.0,112.0,4,0.00955493404341807,0.6,checkpoints/mlp_Pc_trial_1459_best_state.pt,"{'learning_rate': 0.00955493404341807, 'lr_reduce': 0.6}",TPESampler,COMPLETE
1460,0.09759921580553055,2025-04-25 18:37:09.029588,2025-04-25 18:37:21.515228,0 days 00:00:12.485640,0.04457594148015129,176,32,336.0,,3,0.0009841727958095387,0.6,checkpoints/mlp_Pc_trial_1460_best_state.pt,"{'learning_rate': 0.0009841727958095387, 'lr_reduce': 0.6}",TPESampler,COMPLETE
1461,0.08685797452926636,2025-04-25 18:37:11.588603,2025-04-25 18:37:19.426058,0 days 00:00:07.837455,0.009015068181436577,304,208,288.0,176.0,4,0.006004316055610654,0.6,checkpoints/mlp_Pc_trial_1461_best_state.pt,"{'learning_rate': 0.006004316055610654, 'lr_reduce': 0.6}",TPESampler,COMPLETE
1462,0.08479016274213791,2025-04-25 18:37:12.970245,2025-04-25 18:37:20.842646,0 days 00:00:07.872401,0.0009391068210291599,128,240,400.0,64.0,4,0.008191735097283707,0.6,checkpoints/mlp_Pc_trial_1462_best_state.pt,"{'learning_rate': 0.008191735097283707, 'lr_reduce': 0.6}",TPESampler,COMPLETE
1463,0.07254709303379059,2025-04-25 18:37:19.722499,2025-04-25 18:37:28.185357,0 days 00:00:08.462858,0.05393881105815869,256,96,272.0,224.0,4,0.006515646026451504,0.6,checkpoints/mlp_Pc_trial_1463_best_state.pt,"{'learning_rate': 0.006515646026451504, 'lr_reduce': 0.6}",TPESampler,COMPLETE
1464,0.0695861428976059,2025-04-25 18:37:21.118486,2025-04-25 18:37:31.415770,0 days 00:00:10.297284,0.03610555450622868,208,112,352.0,144.0,4,0.007301289425540298,0.6,checkpoints/mlp_Pc_trial_1464_best_state.pt,"{'learning_rate': 0.007301289425540298, 'lr_reduce': 0.6}",TPESampler,COMPLETE
1465,0.07677195966243744,2025-04-25 18:37:21.847851,2025-04-25 18:37:29.647378,0 days 00:00:07.799527,0.004586370016119579,160,240,144.0,80.0,4,0.00744192691335924,0.6,checkpoints/mlp_Pc_trial_1465_best_state.pt,"{'learning_rate': 0.00744192691335924, 'lr_reduce': 0.6}",TPESampler,COMPLETE
1466,0.07228557020425797,2025-04-25 18:37:28.478045,2025-04-25 18:37:40.423610,0 days 00:00:11.945565,0.003239728136771508,112,512,512.0,144.0,4,0.0015917219898723366,0.6,checkpoints/mlp_Pc_trial_1466_best_state.pt,"{'learning_rate': 0.0015917219898723366, 'lr_reduce': 0.6}",TPESampler,COMPLETE
1467,0.08462201058864594,2025-04-25 18:37:29.958305,2025-04-25 18:37:39.900425,0 days 00:00:09.942120,0.00841794923564932,320,192,448.0,208.0,4,0.009662371940958099,0.6,checkpoints/mlp_Pc_trial_1467_best_state.pt,"{'learning_rate': 0.009662371940958099, 'lr_reduce': 0.6}",TPESampler,COMPLETE
1468,0.15993422269821167,2025-04-25 18:37:31.766612,2025-04-25 18:37:51.332874,0 days 00:00:19.566262,0.17165790102985018,48,176,256.0,64.0,4,0.0006577475359338491,0.6,checkpoints/mlp_Pc_trial_1468_best_state.pt,"{'learning_rate': 0.0006577475359338491, 'lr_reduce': 0.6}",TPESampler,COMPLETE
1469,0.08532094210386276,2025-04-25 18:37:40.203860,2025-04-25 18:37:53.793261,0 days 00:00:13.589401,0.0012959630013173002,224,160,416.0,112.0,4,0.007456765395136707,0.6,checkpoints/mlp_Pc_trial_1469_best_state.pt,"{'learning_rate': 0.007456765395136707, 'lr_reduce': 0.6}",TPESampler,COMPLETE
1470,0.0970974862575531,2025-04-25 18:37:40.709137,2025-04-25 18:37:59.193736,0 days 00:00:18.484599,0.06414897793930084,64,32,304.0,32.0,4,0.003176020801811739,0.6,checkpoints/mlp_Pc_trial_1470_best_state.pt,"{'learning_rate': 0.003176020801811739, 'lr_reduce': 0.6}",TPESampler,COMPLETE
1471,0.07087947428226471,2025-04-25 18:37:52.134276,2025-04-25 18:38:02.850616,0 days 00:00:10.716340,0.02575048084252013,208,160,352.0,176.0,4,0.008231478818808414,0.6,checkpoints/mlp_Pc_trial_1471_best_state.pt,"{'learning_rate': 0.008231478818808414, 'lr_reduce': 0.6}",TPESampler,COMPLETE
1472,0.08274859189987183,2025-04-25 18:37:54.170591,2025-04-25 18:38:03.729772,0 days 00:00:09.559181,0.04924312476289002,192,176,208.0,112.0,4,0.00960778160369311,0.6,checkpoints/mlp_Pc_trial_1472_best_state.pt,"{'learning_rate': 0.00960778160369311, 'lr_reduce': 0.6}",TPESampler,COMPLETE
1473,0.08175332099199295,2025-04-25 18:37:59.463725,2025-04-25 18:38:09.901187,0 days 00:00:10.437462,0.013833252901825872,160,64,464.0,208.0,4,0.009051542966828564,0.6,checkpoints/mlp_Pc_trial_1473_best_state.pt,"{'learning_rate': 0.009051542966828564, 'lr_reduce': 0.6}",TPESampler,COMPLETE
1474,0.07557662576436996,2025-04-25 18:38:03.156292,2025-04-25 18:38:13.021012,0 days 00:00:09.864720,0.012817175573204612,208,384,272.0,144.0,4,0.0023349150403908937,0.6,checkpoints/mlp_Pc_trial_1474_best_state.pt,"{'learning_rate': 0.0023349150403908937, 'lr_reduce': 0.6}",TPESampler,COMPLETE
1475,0.0941997617483139,2025-04-25 18:38:04.074658,2025-04-25 18:38:15.166933,0 days 00:00:11.092275,0.11786290881357958,208,256,384.0,64.0,4,0.0009504483057239143,0.6,checkpoints/mlp_Pc_trial_1475_best_state.pt,"{'learning_rate': 0.0009504483057239143, 'lr_reduce': 0.6}",TPESampler,COMPLETE
1476,0.07648729532957077,2025-04-25 18:38:10.183189,2025-04-25 18:38:21.813155,0 days 00:00:11.629966,0.03693048805704245,240,128,432.0,,3,0.0018505650210609104,0.6,checkpoints/mlp_Pc_trial_1476_best_state.pt,"{'learning_rate': 0.0018505650210609104, 'lr_reduce': 0.6}",TPESampler,COMPLETE
1477,0.07170508056879044,2025-04-25 18:38:13.285051,2025-04-25 18:38:23.349395,0 days 00:00:10.064344,0.04794909173842002,192,464,240.0,112.0,4,0.0026267480352697246,0.6,checkpoints/mlp_Pc_trial_1477_best_state.pt,"{'learning_rate': 0.0026267480352697246, 'lr_reduce': 0.6}",TPESampler,COMPLETE
1478,0.07346008718013763,2025-04-25 18:38:15.458445,2025-04-25 18:38:31.419738,0 days 00:00:15.961293,0.06201499642749446,112,64,336.0,,3,0.00277180935266043,0.6,checkpoints/mlp_Pc_trial_1478_best_state.pt,"{'learning_rate': 0.00277180935266043, 'lr_reduce': 0.6}",TPESampler,COMPLETE
1479,0.07741545140743256,2025-04-25 18:38:22.095829,2025-04-25 18:38:30.015570,0 days 00:00:07.919741,0.009352605201662619,192,192,480.0,224.0,4,0.006957460683305763,0.6,checkpoints/mlp_Pc_trial_1479_best_state.pt,"{'learning_rate': 0.006957460683305763, 'lr_reduce': 0.6}",TPESampler,COMPLETE
1480,0.07478713244199753,2025-04-25 18:38:23.707656,2025-04-25 18:38:33.416747,0 days 00:00:09.709091,0.0011878308893189097,272,240,304.0,160.0,4,0.004842438155537599,0.6,checkpoints/mlp_Pc_trial_1480_best_state.pt,"{'learning_rate': 0.004842438155537599, 'lr_reduce': 0.6}",TPESampler,COMPLETE
1481,0.09126166999340057,2025-04-25 18:38:30.301469,2025-04-25 18:38:37.947583,0 days 00:00:07.646114,0.01223547120942221,208,32,400.0,80.0,4,0.009808538465164376,0.6,checkpoints/mlp_Pc_trial_1481_best_state.pt,"{'learning_rate': 0.009808538465164376, 'lr_reduce': 0.6}",TPESampler,COMPLETE
1482,0.09109027683734894,2025-04-25 18:38:31.723728,2025-04-25 18:38:38.890879,0 days 00:00:07.167151,0.09417384387471896,352,112,,,2,0.008035086097698782,0.6,checkpoints/mlp_Pc_trial_1482_best_state.pt,"{'learning_rate': 0.008035086097698782, 'lr_reduce': 0.6}",TPESampler,COMPLETE
1483,0.07834581285715103,2025-04-25 18:38:33.727800,2025-04-25 18:38:43.604476,0 days 00:00:09.876676,0.08630686496393365,176,320,256.0,32.0,4,0.004211814039399129,0.6,checkpoints/mlp_Pc_trial_1483_best_state.pt,"{'learning_rate': 0.004211814039399129, 'lr_reduce': 0.6}",TPESampler,COMPLETE
1484,0.11756643652915955,2025-04-25 18:38:38.241021,2025-04-25 18:38:51.217817,0 days 00:00:12.976796,0.29394850309434595,496,208,,,2,0.0007476935139958166,0.6,checkpoints/mlp_Pc_trial_1484_best_state.pt,"{'learning_rate': 0.0007476935139958166, 'lr_reduce': 0.6}",TPESampler,COMPLETE
1485,0.09092387557029724,2025-04-25 18:38:39.202778,2025-04-25 18:38:49.839150,0 days 00:00:10.636372,0.04212578615193503,272,208,192.0,176.0,4,0.009648437983612073,0.6,checkpoints/mlp_Pc_trial_1485_best_state.pt,"{'learning_rate': 0.009648437983612073, 'lr_reduce': 0.6}",TPESampler,COMPLETE
1486,0.07950703054666519,2025-04-25 18:38:43.918528,2025-04-25 18:38:50.692709,0 days 00:00:06.774181,0.0019156914432081288,128,64,432.0,,3,0.009833386210357474,0.6,checkpoints/mlp_Pc_trial_1486_best_state.pt,"{'learning_rate': 0.009833386210357474, 'lr_reduce': 0.6}",TPESampler,COMPLETE
1487,0.08953652530908585,2025-04-25 18:38:50.157654,2025-04-25 18:39:02.530844,0 days 00:00:12.373190,0.13230927371043202,416,272,368.0,,3,0.0009222334034279036,0.6,checkpoints/mlp_Pc_trial_1487_best_state.pt,"{'learning_rate': 0.0009222334034279036, 'lr_reduce': 0.6}",TPESampler,COMPLETE
1488,0.08660603314638138,2025-04-25 18:38:50.928670,2025-04-25 18:39:02.057642,0 days 00:00:11.128972,0.06911098701640624,144,224,512.0,96.0,4,0.002785340444093423,0.6,checkpoints/mlp_Pc_trial_1488_best_state.pt,"{'learning_rate': 0.002785340444093423, 'lr_reduce': 0.6}",TPESampler,COMPLETE
1489,0.07121925055980682,2025-04-25 18:38:51.597186,2025-04-25 18:39:00.244862,0 days 00:00:08.647676,0.008961708919619475,128,112,304.0,224.0,4,0.009709163328563903,0.6,checkpoints/mlp_Pc_trial_1489_best_state.pt,"{'learning_rate': 0.009709163328563903, 'lr_reduce': 0.6}",TPESampler,COMPLETE
