number,value,datetime_start,datetime_complete,duration,params_final_dropout,params_mlp_dim_00,params_mlp_dim_01,params_mlp_dim_02,params_mlp_dim_03,params_mlp_n_layers,params_train_learning_rate,params_train_lr_reduce,user_attrs_best_state_dict_path,user_attrs_training_params,system_attrs_auto:sampler,state
599,0.0714438259601593,2025-04-25 17:38:57.737279,2025-04-25 17:39:06.387420,0 days 00:00:08.650141,0.0068170512264961606,112,32,320.0,32.0,4,0.0026033157446262735,0.6,checkpoints/mlp_Pc_trial_599_best_state.pt,"{'learning_rate': 0.0026033157446262735, 'lr_reduce': 0.6}",TPESampler,COMPLETE
600,0.08321075141429901,2025-04-25 17:38:59.829083,2025-04-25 17:39:09.412828,0 days 00:00:09.583745,0.018552323656247205,432,240,384.0,,3,0.009274732139987153,0.6,checkpoints/mlp_Pc_trial_600_best_state.pt,"{'learning_rate': 0.009274732139987153, 'lr_reduce': 0.6}",TPESampler,COMPLETE
601,0.0848579928278923,2025-04-25 17:39:02.338214,2025-04-25 17:39:13.423003,0 days 00:00:11.084789,0.07076240417901336,112,256,416.0,,3,0.001197813018955135,0.6,checkpoints/mlp_Pc_trial_601_best_state.pt,"{'learning_rate': 0.001197813018955135, 'lr_reduce': 0.6}",TPESampler,COMPLETE
602,0.07484515011310577,2025-04-25 17:39:06.800917,2025-04-25 17:39:22.941294,0 days 00:00:16.140377,0.010726805796938493,208,288,320.0,128.0,4,0.0006125290785990037,0.6,checkpoints/mlp_Pc_trial_602_best_state.pt,"{'learning_rate': 0.0006125290785990037, 'lr_reduce': 0.6}",TPESampler,COMPLETE
603,0.0694962665438652,2025-04-25 17:39:09.691443,2025-04-25 17:39:24.563198,0 days 00:00:14.871755,0.04599505391967864,208,416,384.0,224.0,4,0.000845756366061709,0.6,checkpoints/mlp_Pc_trial_603_best_state.pt,"{'learning_rate': 0.000845756366061709, 'lr_reduce': 0.6}",TPESampler,COMPLETE
604,0.07631620764732361,2025-04-25 17:39:13.731031,2025-04-25 17:39:23.135498,0 days 00:00:09.404467,0.02088807603559408,272,336,464.0,96.0,4,0.002498614444321875,0.6,checkpoints/mlp_Pc_trial_604_best_state.pt,"{'learning_rate': 0.002498614444321875, 'lr_reduce': 0.6}",TPESampler,COMPLETE
605,0.08213802427053452,2025-04-25 17:39:23.206475,2025-04-25 17:39:36.276015,0 days 00:00:13.069540,0.058183291163205274,128,512,352.0,32.0,4,0.0014815589165466342,0.6,checkpoints/mlp_Pc_trial_605_best_state.pt,"{'learning_rate': 0.0014815589165466342, 'lr_reduce': 0.6}",TPESampler,COMPLETE
606,0.12043584138154984,2025-04-25 17:39:23.399317,2025-04-25 17:39:33.597094,0 days 00:00:10.197777,0.25988062967229825,240,112,416.0,160.0,4,0.002028905483747738,0.6,checkpoints/mlp_Pc_trial_606_best_state.pt,"{'learning_rate': 0.002028905483747738, 'lr_reduce': 0.6}",TPESampler,COMPLETE
607,0.0767734944820404,2025-04-25 17:39:24.862148,2025-04-25 17:39:33.754886,0 days 00:00:08.892738,0.009182306869304758,160,384,272.0,,3,0.002526473903598487,0.6,checkpoints/mlp_Pc_trial_607_best_state.pt,"{'learning_rate': 0.002526473903598487, 'lr_reduce': 0.6}",TPESampler,COMPLETE
608,0.07777008414268494,2025-04-25 17:39:33.835618,2025-04-25 17:39:41.505835,0 days 00:00:07.670217,0.021586247838700237,160,80,368.0,288.0,4,0.004365632971096807,0.6,checkpoints/mlp_Pc_trial_608_best_state.pt,"{'learning_rate': 0.004365632971096807, 'lr_reduce': 0.6}",TPESampler,COMPLETE
609,0.07917331904172897,2025-04-25 17:39:33.980792,2025-04-25 17:39:44.468830,0 days 00:00:10.488038,0.0037536873242558846,112,512,464.0,112.0,4,0.0009642250622828988,0.6,checkpoints/mlp_Pc_trial_609_best_state.pt,"{'learning_rate': 0.0009642250622828988, 'lr_reduce': 0.6}",TPESampler,COMPLETE
610,0.0798380970954895,2025-04-25 17:39:36.586045,2025-04-25 17:39:49.213418,0 days 00:00:12.627373,0.002279398293754003,48,80,176.0,80.0,4,0.0015791663051896933,0.6,checkpoints/mlp_Pc_trial_610_best_state.pt,"{'learning_rate': 0.0015791663051896933, 'lr_reduce': 0.6}",TPESampler,COMPLETE
611,0.07278812676668167,2025-04-25 17:39:41.798391,2025-04-25 17:39:58.830799,0 days 00:00:17.032408,0.004727373870546229,144,416,416.0,192.0,4,0.0003413744002701925,0.6,checkpoints/mlp_Pc_trial_611_best_state.pt,"{'learning_rate': 0.0003413744002701925, 'lr_reduce': 0.6}",TPESampler,COMPLETE
612,0.08278465270996094,2025-04-25 17:39:44.784098,2025-04-25 17:40:03.497002,0 days 00:00:18.712904,0.012335368370749781,32,512,320.0,128.0,4,0.00035798100234353146,0.6,checkpoints/mlp_Pc_trial_612_best_state.pt,"{'learning_rate': 0.00035798100234353146, 'lr_reduce': 0.6}",TPESampler,COMPLETE
613,0.0775676816701889,2025-04-25 17:39:49.483878,2025-04-25 17:40:03.333722,0 days 00:00:13.849844,0.03016764395911025,32,272,384.0,,3,0.0018351830492822562,0.6,checkpoints/mlp_Pc_trial_613_best_state.pt,"{'learning_rate': 0.0018351830492822562, 'lr_reduce': 0.6}",TPESampler,COMPLETE
614,0.09855890274047852,2025-04-25 17:39:59.078148,2025-04-25 17:40:10.322731,0 days 00:00:11.244583,0.05769114197792145,48,336,432.0,,3,0.0007032481769714588,0.6,checkpoints/mlp_Pc_trial_614_best_state.pt,"{'learning_rate': 0.0007032481769714588, 'lr_reduce': 0.6}",TPESampler,COMPLETE
615,0.07366316020488739,2025-04-25 17:40:03.586197,2025-04-25 17:40:20.194608,0 days 00:00:16.608411,0.008110021446994693,96,432,320.0,32.0,4,0.0021268718271824317,0.6,checkpoints/mlp_Pc_trial_615_best_state.pt,"{'learning_rate': 0.0021268718271824317, 'lr_reduce': 0.6}",TPESampler,COMPLETE
616,0.06878285855054855,2025-04-25 17:40:03.820569,2025-04-25 17:40:13.191025,0 days 00:00:09.370456,0.013214361586432959,144,368,480.0,256.0,4,0.0015458370294060152,0.6,checkpoints/mlp_Pc_trial_616_best_state.pt,"{'learning_rate': 0.0015458370294060152, 'lr_reduce': 0.6}",TPESampler,COMPLETE
617,0.06856241822242737,2025-04-25 17:40:10.565182,2025-04-25 17:40:22.545939,0 days 00:00:11.980757,0.011095243035087996,192,512,368.0,160.0,4,0.0006354243594486259,0.6,checkpoints/mlp_Pc_trial_617_best_state.pt,"{'learning_rate': 0.0006354243594486259, 'lr_reduce': 0.6}",TPESampler,COMPLETE
618,0.08835276961326599,2025-04-25 17:40:13.590752,2025-04-25 17:40:20.511311,0 days 00:00:06.920559,0.051525696272905874,112,224,256.0,96.0,4,0.007974704406575649,0.6,checkpoints/mlp_Pc_trial_618_best_state.pt,"{'learning_rate': 0.007974704406575649, 'lr_reduce': 0.6}",TPESampler,COMPLETE
619,0.08949977159500122,2025-04-25 17:40:20.447243,2025-04-25 17:40:27.413085,0 days 00:00:06.965842,0.06405301516749316,160,32,416.0,80.0,4,0.004585477335026241,0.6,checkpoints/mlp_Pc_trial_619_best_state.pt,"{'learning_rate': 0.004585477335026241, 'lr_reduce': 0.6}",TPESampler,COMPLETE
620,0.09535222500562668,2025-04-25 17:40:20.785170,2025-04-25 17:40:31.487243,0 days 00:00:10.702073,0.04932657636146945,128,32,352.0,208.0,4,0.007683046410394642,0.6,checkpoints/mlp_Pc_trial_620_best_state.pt,"{'learning_rate': 0.007683046410394642, 'lr_reduce': 0.6}",TPESampler,COMPLETE
621,0.06823089718818665,2025-04-25 17:40:22.845767,2025-04-25 17:40:35.185670,0 days 00:00:12.339903,0.02509603699695486,32,32,512.0,144.0,4,0.003367019932353845,0.6,checkpoints/mlp_Pc_trial_621_best_state.pt,"{'learning_rate': 0.003367019932353845, 'lr_reduce': 0.6}",TPESampler,COMPLETE
622,0.07735572010278702,2025-04-25 17:40:27.652716,2025-04-25 17:40:38.039385,0 days 00:00:10.386669,0.02944806126544525,160,224,432.0,80.0,4,0.0038012226481325116,0.6,checkpoints/mlp_Pc_trial_622_best_state.pt,"{'learning_rate': 0.0038012226481325116, 'lr_reduce': 0.6}",TPESampler,COMPLETE
623,0.07472579181194305,2025-04-25 17:40:31.712385,2025-04-25 17:40:39.678728,0 days 00:00:07.966343,0.006918897701510823,144,80,304.0,32.0,4,0.0063103902598740215,0.6,checkpoints/mlp_Pc_trial_623_best_state.pt,"{'learning_rate': 0.0063103902598740215, 'lr_reduce': 0.6}",TPESampler,COMPLETE
624,0.07448482513427734,2025-04-25 17:40:35.498937,2025-04-25 17:40:47.660819,0 days 00:00:12.161882,0.004440063385205917,32,272,384.0,160.0,4,0.002734121479740289,0.6,checkpoints/mlp_Pc_trial_624_best_state.pt,"{'learning_rate': 0.002734121479740289, 'lr_reduce': 0.6}",TPESampler,COMPLETE
625,0.08692699670791626,2025-04-25 17:40:38.271136,2025-04-25 17:40:48.174124,0 days 00:00:09.902988,0.06897336540911836,112,288,80.0,112.0,4,0.0015767255910467534,0.6,checkpoints/mlp_Pc_trial_625_best_state.pt,"{'learning_rate': 0.0015767255910467534, 'lr_reduce': 0.6}",TPESampler,COMPLETE
626,0.0710354819893837,2025-04-25 17:40:39.926361,2025-04-25 17:40:48.974746,0 days 00:00:09.048385,0.030365306455585276,128,512,352.0,,3,0.0037310881702909814,0.6,checkpoints/mlp_Pc_trial_626_best_state.pt,"{'learning_rate': 0.0037310881702909814, 'lr_reduce': 0.6}",TPESampler,COMPLETE
627,0.06455069780349731,2025-04-25 17:40:47.923197,2025-04-25 17:40:59.004786,0 days 00:00:11.081589,0.01651464960728081,144,112,416.0,224.0,4,0.002338271030558343,0.6,checkpoints/mlp_Pc_trial_627_best_state.pt,"{'learning_rate': 0.002338271030558343, 'lr_reduce': 0.6}",TPESampler,COMPLETE
628,0.07854095101356506,2025-04-25 17:40:48.432802,2025-04-25 17:41:00.526973,0 days 00:00:12.094171,0.08669695713085081,304,272,464.0,112.0,4,0.0014471155858178629,0.6,checkpoints/mlp_Pc_trial_628_best_state.pt,"{'learning_rate': 0.0014471155858178629, 'lr_reduce': 0.6}",TPESampler,COMPLETE
629,0.07653718441724777,2025-04-25 17:40:49.275481,2025-04-25 17:40:57.889274,0 days 00:00:08.613793,0.004358002472936205,128,112,288.0,496.0,4,0.008145938712383895,0.6,checkpoints/mlp_Pc_trial_629_best_state.pt,"{'learning_rate': 0.008145938712383895, 'lr_reduce': 0.6}",TPESampler,COMPLETE
630,0.07296988368034363,2025-04-25 17:40:58.288831,2025-04-25 17:41:06.478167,0 days 00:00:08.189336,0.016656858838019005,48,368,384.0,,3,0.005927823455178204,0.6,checkpoints/mlp_Pc_trial_630_best_state.pt,"{'learning_rate': 0.005927823455178204, 'lr_reduce': 0.6}",TPESampler,COMPLETE
631,0.07753076404333115,2025-04-25 17:40:59.288065,2025-04-25 17:41:09.799222,0 days 00:00:10.511157,0.031028731698175407,112,160,448.0,256.0,4,0.0021986696222702712,0.6,checkpoints/mlp_Pc_trial_631_best_state.pt,"{'learning_rate': 0.0021986696222702712, 'lr_reduce': 0.6}",TPESampler,COMPLETE
632,0.07916281372308731,2025-04-25 17:41:00.768983,2025-04-25 17:41:09.057034,0 days 00:00:08.288051,0.008872021053967536,144,64,448.0,256.0,4,0.00186191152467072,0.6,checkpoints/mlp_Pc_trial_632_best_state.pt,"{'learning_rate': 0.00186191152467072, 'lr_reduce': 0.6}",TPESampler,COMPLETE
633,0.07283757627010345,2025-04-25 17:41:06.742147,2025-04-25 17:41:16.874791,0 days 00:00:10.132644,0.04524958768626172,128,96,432.0,224.0,4,0.002010059805203047,0.6,checkpoints/mlp_Pc_trial_633_best_state.pt,"{'learning_rate': 0.002010059805203047, 'lr_reduce': 0.6}",TPESampler,COMPLETE
634,0.06449674814939499,2025-04-25 17:41:09.299989,2025-04-25 17:41:20.237552,0 days 00:00:10.937563,0.05992915695850582,176,176,480.0,224.0,4,0.0011761396903443952,0.6,checkpoints/mlp_Pc_trial_634_best_state.pt,"{'learning_rate': 0.0011761396903443952, 'lr_reduce': 0.6}",TPESampler,COMPLETE
635,0.07360762357711792,2025-04-25 17:41:10.058752,2025-04-25 17:41:21.732620,0 days 00:00:11.673868,0.013942906484090196,224,384,416.0,,3,0.001026917846187276,0.6,checkpoints/mlp_Pc_trial_635_best_state.pt,"{'learning_rate': 0.001026917846187276, 'lr_reduce': 0.6}",TPESampler,COMPLETE
636,0.07633889466524124,2025-04-25 17:41:17.164667,2025-04-25 17:41:26.266279,0 days 00:00:09.101612,0.03064784096825562,96,128,432.0,,3,0.003445666303181648,0.6,checkpoints/mlp_Pc_trial_636_best_state.pt,"{'learning_rate': 0.003445666303181648, 'lr_reduce': 0.6}",TPESampler,COMPLETE
637,0.0811190977692604,2025-04-25 17:41:20.466023,2025-04-25 17:41:28.468614,0 days 00:00:08.002591,0.0013533214650944623,192,112,496.0,304.0,4,0.004222481190603463,0.6,checkpoints/mlp_Pc_trial_637_best_state.pt,"{'learning_rate': 0.004222481190603463, 'lr_reduce': 0.6}",TPESampler,COMPLETE
638,0.08775853365659714,2025-04-25 17:41:21.992623,2025-04-25 17:41:34.189374,0 days 00:00:12.196751,0.04718518615979281,144,176,512.0,224.0,4,0.0019644030834936486,0.6,checkpoints/mlp_Pc_trial_638_best_state.pt,"{'learning_rate': 0.0019644030834936486, 'lr_reduce': 0.6}",TPESampler,COMPLETE
639,0.0831199660897255,2025-04-25 17:41:26.527907,2025-04-25 17:41:38.441757,0 days 00:00:11.913850,0.0159837963194847,112,176,512.0,240.0,4,0.0009652824767223994,0.6,checkpoints/mlp_Pc_trial_639_best_state.pt,"{'learning_rate': 0.0009652824767223994, 'lr_reduce': 0.6}",TPESampler,COMPLETE
640,0.0860348716378212,2025-04-25 17:41:28.739398,2025-04-25 17:41:44.010229,0 days 00:00:15.270831,0.05923459309898407,128,224,480.0,240.0,4,0.0005950309487581766,0.6,checkpoints/mlp_Pc_trial_640_best_state.pt,"{'learning_rate': 0.0005950309487581766, 'lr_reduce': 0.6}",TPESampler,COMPLETE
641,0.10263767838478088,2025-04-25 17:41:34.502504,2025-04-25 17:41:45.719136,0 days 00:00:11.216632,0.07012632949749031,224,144,464.0,224.0,4,0.0005941427813916025,0.6,checkpoints/mlp_Pc_trial_641_best_state.pt,"{'learning_rate': 0.0005941427813916025, 'lr_reduce': 0.6}",TPESampler,COMPLETE
642,0.08431103080511093,2025-04-25 17:41:38.720447,2025-04-25 17:41:51.364180,0 days 00:00:12.643733,0.05086356952827572,272,160,480.0,224.0,4,0.0009077199350178613,0.6,checkpoints/mlp_Pc_trial_642_best_state.pt,"{'learning_rate': 0.0009077199350178613, 'lr_reduce': 0.6}",TPESampler,COMPLETE
643,0.08717092126607895,2025-04-25 17:41:44.249930,2025-04-25 17:41:54.056630,0 days 00:00:09.806700,0.09779172121961327,192,32,240.0,288.0,4,0.001467458007153317,0.6,checkpoints/mlp_Pc_trial_643_best_state.pt,"{'learning_rate': 0.001467458007153317, 'lr_reduce': 0.6}",TPESampler,COMPLETE
644,0.07789342850446701,2025-04-25 17:41:45.957170,2025-04-25 17:41:58.703632,0 days 00:00:12.746462,0.07143664408051549,160,272,448.0,208.0,4,0.0010349441366198624,0.6,checkpoints/mlp_Pc_trial_644_best_state.pt,"{'learning_rate': 0.0010349441366198624, 'lr_reduce': 0.6}",TPESampler,COMPLETE
645,0.08229979872703552,2025-04-25 17:41:51.620077,2025-04-25 17:42:03.124445,0 days 00:00:11.504368,0.05868417017939763,192,112,416.0,208.0,4,0.0010382409665831004,0.6,checkpoints/mlp_Pc_trial_645_best_state.pt,"{'learning_rate': 0.0010382409665831004, 'lr_reduce': 0.6}",TPESampler,COMPLETE
646,0.07028427720069885,2025-04-25 17:41:54.308226,2025-04-25 17:42:05.170384,0 days 00:00:10.862158,0.001993783469863354,32,48,480.0,256.0,4,0.0012615375251971636,0.6,checkpoints/mlp_Pc_trial_646_best_state.pt,"{'learning_rate': 0.0012615375251971636, 'lr_reduce': 0.6}",TPESampler,COMPLETE
647,0.09080765396356583,2025-04-25 17:41:58.951898,2025-04-25 17:42:07.859161,0 days 00:00:08.907263,0.08217993210535951,128,192,320.0,208.0,4,0.0011851403550807637,0.6,checkpoints/mlp_Pc_trial_647_best_state.pt,"{'learning_rate': 0.0011851403550807637, 'lr_reduce': 0.6}",TPESampler,COMPLETE
648,0.1764097511768341,2025-04-25 17:42:03.352834,2025-04-25 17:42:29.540224,0 days 00:00:26.187390,0.12112057850270466,448,96,,,2,0.0001613209802163253,0.6,checkpoints/mlp_Pc_trial_648_best_state.pt,"{'learning_rate': 0.0001613209802163253, 'lr_reduce': 0.6}",TPESampler,COMPLETE
649,0.07635463774204254,2025-04-25 17:42:05.449535,2025-04-25 17:42:17.366816,0 days 00:00:11.917281,0.06806425170253882,80,224,400.0,,3,0.003029667503302446,0.6,checkpoints/mlp_Pc_trial_649_best_state.pt,"{'learning_rate': 0.003029667503302446, 'lr_reduce': 0.6}",TPESampler,COMPLETE
650,0.06930039077997208,2025-04-25 17:42:08.156560,2025-04-25 17:42:20.056630,0 days 00:00:11.900070,0.0013638837006851867,64,400,224.0,,3,0.003971799828728084,0.6,checkpoints/mlp_Pc_trial_650_best_state.pt,"{'learning_rate': 0.003971799828728084, 'lr_reduce': 0.6}",TPESampler,COMPLETE
651,0.08272948116064072,2025-04-25 17:42:17.648508,2025-04-25 17:42:33.811739,0 days 00:00:16.163231,0.0037242667621864107,208,512,384.0,,3,0.0003304061693044213,0.6,checkpoints/mlp_Pc_trial_651_best_state.pt,"{'learning_rate': 0.0003304061693044213, 'lr_reduce': 0.6}",TPESampler,COMPLETE
652,0.4495244324207306,2025-04-25 17:42:20.344198,2025-04-25 17:42:59.640785,0 days 00:00:39.296587,0.21463843493489074,64,176,464.0,304.0,4,0.00011826380699534964,0.6,checkpoints/mlp_Pc_trial_652_best_state.pt,"{'learning_rate': 0.00011826380699534964, 'lr_reduce': 0.6}",TPESampler,COMPLETE
653,0.07480371743440628,2025-04-25 17:42:29.864029,2025-04-25 17:42:51.003055,0 days 00:00:21.139026,0.07076946481144195,32,384,320.0,,3,0.0015176468658903105,0.6,checkpoints/mlp_Pc_trial_653_best_state.pt,"{'learning_rate': 0.0015176468658903105, 'lr_reduce': 0.6}",TPESampler,COMPLETE
654,0.08742166310548782,2025-04-25 17:42:34.049614,2025-04-25 17:42:51.186782,0 days 00:00:17.137168,0.025738610404132476,240,112,400.0,,3,0.001011410380057117,0.6,checkpoints/mlp_Pc_trial_654_best_state.pt,"{'learning_rate': 0.001011410380057117, 'lr_reduce': 0.6}",TPESampler,COMPLETE
655,0.08070429414510727,2025-04-25 17:42:51.279592,2025-04-25 17:43:04.584039,0 days 00:00:13.304447,0.007864002036955278,128,128,352.0,192.0,4,0.0016969585624800434,0.6,checkpoints/mlp_Pc_trial_655_best_state.pt,"{'learning_rate': 0.0016969585624800434, 'lr_reduce': 0.6}",TPESampler,COMPLETE
656,0.07500995695590973,2025-04-25 17:42:51.456639,2025-04-25 17:43:06.748044,0 days 00:00:15.291405,0.035927861890915305,128,112,432.0,176.0,4,0.0016717566076442398,0.6,checkpoints/mlp_Pc_trial_656_best_state.pt,"{'learning_rate': 0.0016717566076442398, 'lr_reduce': 0.6}",TPESampler,COMPLETE
657,0.07714667916297913,2025-04-25 17:42:59.914717,2025-04-25 17:43:08.834406,0 days 00:00:08.919689,0.00021418303613867252,80,112,288.0,192.0,4,0.0025054860761708334,0.6,checkpoints/mlp_Pc_trial_657_best_state.pt,"{'learning_rate': 0.0025054860761708334, 'lr_reduce': 0.6}",TPESampler,COMPLETE
658,0.07350841909646988,2025-04-25 17:43:04.794196,2025-04-25 17:43:15.226050,0 days 00:00:10.431854,0.005584560381890851,208,512,480.0,,3,0.00240839805487544,0.6,checkpoints/mlp_Pc_trial_658_best_state.pt,"{'learning_rate': 0.00240839805487544, 'lr_reduce': 0.6}",TPESampler,COMPLETE
659,0.07226080447435379,2025-04-25 17:43:07.010083,2025-04-25 17:43:18.633001,0 days 00:00:11.622918,0.007827524467944774,224,400,368.0,272.0,4,0.0015120694393858086,0.6,checkpoints/mlp_Pc_trial_659_best_state.pt,"{'learning_rate': 0.0015120694393858086, 'lr_reduce': 0.6}",TPESampler,COMPLETE
660,0.08340837806463242,2025-04-25 17:43:09.117495,2025-04-25 17:43:16.912598,0 days 00:00:07.795103,0.012004675170558133,96,32,416.0,192.0,4,0.0035447482118513107,0.6,checkpoints/mlp_Pc_trial_660_best_state.pt,"{'learning_rate': 0.0035447482118513107, 'lr_reduce': 0.6}",TPESampler,COMPLETE
661,0.08169937878847122,2025-04-25 17:43:15.533440,2025-04-25 17:43:23.990790,0 days 00:00:08.457350,0.012402434956987791,32,32,336.0,176.0,4,0.004414285417628791,0.6,checkpoints/mlp_Pc_trial_661_best_state.pt,"{'learning_rate': 0.004414285417628791, 'lr_reduce': 0.6}",TPESampler,COMPLETE
662,0.06922286003828049,2025-04-25 17:43:17.145310,2025-04-25 17:43:31.706021,0 days 00:00:14.560711,0.04190666667302944,192,192,512.0,256.0,4,0.00102853787905887,0.6,checkpoints/mlp_Pc_trial_662_best_state.pt,"{'learning_rate': 0.00102853787905887, 'lr_reduce': 0.6}",TPESampler,COMPLETE
663,0.08612783253192902,2025-04-25 17:43:18.927032,2025-04-25 17:43:25.964384,0 days 00:00:07.037352,0.002912332117655109,144,48,400.0,208.0,4,0.007617990532575443,0.6,checkpoints/mlp_Pc_trial_663_best_state.pt,"{'learning_rate': 0.007617990532575443, 'lr_reduce': 0.6}",TPESampler,COMPLETE
664,0.11769097298383713,2025-04-25 17:43:24.320389,2025-04-25 17:43:39.655188,0 days 00:00:15.334799,0.0922164154201843,96,128,288.0,176.0,4,0.0003239161456777537,0.6,checkpoints/mlp_Pc_trial_664_best_state.pt,"{'learning_rate': 0.0003239161456777537, 'lr_reduce': 0.6}",TPESampler,COMPLETE
665,0.09895075112581253,2025-04-25 17:43:26.241646,2025-04-25 17:43:35.062837,0 days 00:00:08.821191,0.126119574711947,240,176,448.0,160.0,4,0.001751085850838643,0.6,checkpoints/mlp_Pc_trial_665_best_state.pt,"{'learning_rate': 0.001751085850838643, 'lr_reduce': 0.6}",TPESampler,COMPLETE
666,0.10627969354391098,2025-04-25 17:43:32.000508,2025-04-25 17:43:45.741625,0 days 00:00:13.741117,0.0741765713770371,128,32,368.0,240.0,4,0.0006140158440889409,0.6,checkpoints/mlp_Pc_trial_666_best_state.pt,"{'learning_rate': 0.0006140158440889409, 'lr_reduce': 0.6}",TPESampler,COMPLETE
667,0.08527764678001404,2025-04-25 17:43:35.350619,2025-04-25 17:43:43.225461,0 days 00:00:07.874842,0.0020802699346306637,176,288,432.0,160.0,4,0.003845400523588773,0.6,checkpoints/mlp_Pc_trial_667_best_state.pt,"{'learning_rate': 0.003845400523588773, 'lr_reduce': 0.6}",TPESampler,COMPLETE
668,0.08402378112077713,2025-04-25 17:43:39.937985,2025-04-25 17:43:47.805213,0 days 00:00:07.867228,0.04678845702616928,240,416,336.0,,3,0.0022633199673846504,0.6,checkpoints/mlp_Pc_trial_668_best_state.pt,"{'learning_rate': 0.0022633199673846504, 'lr_reduce': 0.6}",TPESampler,COMPLETE
669,0.12773726880550385,2025-04-25 17:43:43.478491,2025-04-25 17:43:53.747588,0 days 00:00:10.269097,0.297079583162144,80,512,,,2,0.001872862524744616,0.6,checkpoints/mlp_Pc_trial_669_best_state.pt,"{'learning_rate': 0.001872862524744616, 'lr_reduce': 0.6}",TPESampler,COMPLETE
670,0.07635249197483063,2025-04-25 17:43:46.018401,2025-04-25 17:43:55.358994,0 days 00:00:09.340593,0.05102922936550623,208,160,384.0,32.0,4,0.002058279997573682,0.6,checkpoints/mlp_Pc_trial_670_best_state.pt,"{'learning_rate': 0.002058279997573682, 'lr_reduce': 0.6}",TPESampler,COMPLETE
671,0.08544988185167313,2025-04-25 17:43:48.112661,2025-04-25 17:43:57.583141,0 days 00:00:09.470480,0.0634362493691433,224,96,464.0,176.0,4,0.00271996542194669,0.6,checkpoints/mlp_Pc_trial_671_best_state.pt,"{'learning_rate': 0.00271996542194669, 'lr_reduce': 0.6}",TPESampler,COMPLETE
672,0.09527851641178131,2025-04-25 17:43:53.975910,2025-04-25 17:44:02.113918,0 days 00:00:08.138008,0.15407643385041106,144,112,208.0,,3,0.0036491766434660713,0.6,checkpoints/mlp_Pc_trial_672_best_state.pt,"{'learning_rate': 0.0036491766434660713, 'lr_reduce': 0.6}",TPESampler,COMPLETE
