number,value,datetime_start,datetime_complete,duration,params_final_dropout,params_mlp_dim_00,params_mlp_dim_01,params_mlp_dim_02,params_mlp_dim_03,params_mlp_n_layers,params_train_learning_rate,params_train_lr_reduce,user_attrs_best_state_dict_path,user_attrs_training_params,system_attrs_auto:sampler,state
1267,0.07699781656265259,2025-04-25 18:24:30.829878,2025-04-25 18:24:40.058068,0 days 00:00:09.228190,0.00853968414511553,96,304,480.0,224.0,4,0.00706109793305675,0.6,checkpoints/mlp_Pc_trial_1267_best_state.pt,"{'learning_rate': 0.00706109793305675, 'lr_reduce': 0.6}",TPESampler,COMPLETE
1268,0.07192753255367279,2025-04-25 18:24:39.990694,2025-04-25 18:24:50.446938,0 days 00:00:10.456244,0.07561268880725275,96,208,432.0,,3,0.008435702982743072,0.6,checkpoints/mlp_Pc_trial_1268_best_state.pt,"{'learning_rate': 0.008435702982743072, 'lr_reduce': 0.6}",TPESampler,COMPLETE
1269,0.05729217082262039,2025-04-25 18:24:40.428406,2025-04-25 18:24:49.876994,0 days 00:00:09.448588,0.008058934841647212,32,176,480.0,,3,0.008998710102422255,0.6,checkpoints/mlp_Pc_trial_1269_best_state.pt,"{'learning_rate': 0.008998710102422255, 'lr_reduce': 0.6}",TPESampler,COMPLETE
1270,0.07817023247480392,2025-04-25 18:24:50.190114,2025-04-25 18:25:00.039107,0 days 00:00:09.848993,0.02026784168231647,64,80,480.0,,3,0.00899264645682862,0.6,checkpoints/mlp_Pc_trial_1270_best_state.pt,"{'learning_rate': 0.00899264645682862, 'lr_reduce': 0.6}",TPESampler,COMPLETE
1271,0.07939783483743668,2025-04-25 18:24:50.621404,2025-04-25 18:25:01.835096,0 days 00:00:11.213692,0.05159458125036559,32,176,512.0,,3,0.00243606673988997,0.6,checkpoints/mlp_Pc_trial_1271_best_state.pt,"{'learning_rate': 0.00243606673988997, 'lr_reduce': 0.6}",TPESampler,COMPLETE
1272,0.08189530670642853,2025-04-25 18:24:50.995593,2025-04-25 18:25:03.208791,0 days 00:00:12.213198,0.04487255740117778,48,256,512.0,,3,0.004903285581747487,0.6,checkpoints/mlp_Pc_trial_1272_best_state.pt,"{'learning_rate': 0.004903285581747487, 'lr_reduce': 0.6}",TPESampler,COMPLETE
1273,0.08851078897714615,2025-04-25 18:25:00.368653,2025-04-25 18:25:11.882893,0 days 00:00:11.514240,0.02516441222801636,32,160,,,2,0.0025608845165436835,0.6,checkpoints/mlp_Pc_trial_1273_best_state.pt,"{'learning_rate': 0.0025608845165436835, 'lr_reduce': 0.6}",TPESampler,COMPLETE
1274,0.23195108771324158,2025-04-25 18:25:02.241469,2025-04-25 18:25:29.522149,0 days 00:00:27.280680,0.20346325999333592,160,304,480.0,256.0,4,0.0002571697143458428,0.6,checkpoints/mlp_Pc_trial_1274_best_state.pt,"{'learning_rate': 0.0002571697143458428, 'lr_reduce': 0.6}",TPESampler,COMPLETE
1275,0.07739169150590897,2025-04-25 18:25:03.557319,2025-04-25 18:25:14.401360,0 days 00:00:10.844041,0.05329649349625096,32,256,480.0,,3,0.009146646612026618,0.6,checkpoints/mlp_Pc_trial_1275_best_state.pt,"{'learning_rate': 0.009146646612026618, 'lr_reduce': 0.6}",TPESampler,COMPLETE
1276,0.07789813727140427,2025-04-25 18:25:12.183855,2025-04-25 18:25:20.392581,0 days 00:00:08.208726,0.02559316755773689,48,128,512.0,,3,0.008302888368107,0.6,checkpoints/mlp_Pc_trial_1276_best_state.pt,"{'learning_rate': 0.008302888368107, 'lr_reduce': 0.6}",TPESampler,COMPLETE
1277,0.07209736108779907,2025-04-25 18:25:14.724945,2025-04-25 18:25:22.293211,0 days 00:00:07.568266,0.023464688801519275,32,240,480.0,,3,0.009205574176537076,0.6,checkpoints/mlp_Pc_trial_1277_best_state.pt,"{'learning_rate': 0.009205574176537076, 'lr_reduce': 0.6}",TPESampler,COMPLETE
1278,0.08537764847278595,2025-04-25 18:25:20.658325,2025-04-25 18:25:28.760412,0 days 00:00:08.102087,0.0007299151627241712,64,112,448.0,,3,0.008849908046000023,0.6,checkpoints/mlp_Pc_trial_1278_best_state.pt,"{'learning_rate': 0.008849908046000023, 'lr_reduce': 0.6}",TPESampler,COMPLETE
1279,0.06761040538549423,2025-04-25 18:25:22.589748,2025-04-25 18:25:35.474912,0 days 00:00:12.885164,0.00864120820731653,80,192,480.0,,3,0.00991065679587217,0.6,checkpoints/mlp_Pc_trial_1279_best_state.pt,"{'learning_rate': 0.00991065679587217, 'lr_reduce': 0.6}",TPESampler,COMPLETE
1280,0.09499597549438477,2025-04-25 18:25:29.026343,2025-04-25 18:25:42.991856,0 days 00:00:13.965513,0.037990488244935276,48,176,,,2,0.0055881120139113375,0.6,checkpoints/mlp_Pc_trial_1280_best_state.pt,"{'learning_rate': 0.0055881120139113375, 'lr_reduce': 0.6}",TPESampler,COMPLETE
1281,0.08657816052436829,2025-04-25 18:25:29.769345,2025-04-25 18:25:40.262917,0 days 00:00:10.493572,0.059140870956784566,32,192,448.0,,3,0.007942542710417468,0.6,checkpoints/mlp_Pc_trial_1281_best_state.pt,"{'learning_rate': 0.007942542710417468, 'lr_reduce': 0.6}",TPESampler,COMPLETE
1282,0.07549212127923965,2025-04-25 18:25:35.815783,2025-04-25 18:25:46.443415,0 days 00:00:10.627632,0.0667647540437787,32,192,432.0,,3,0.00916062059599757,0.6,checkpoints/mlp_Pc_trial_1282_best_state.pt,"{'learning_rate': 0.00916062059599757, 'lr_reduce': 0.6}",TPESampler,COMPLETE
1283,0.08423282206058502,2025-04-25 18:25:40.532801,2025-04-25 18:25:48.283476,0 days 00:00:07.750675,0.061018507187847695,112,128,480.0,,3,0.008452945435856276,0.6,checkpoints/mlp_Pc_trial_1283_best_state.pt,"{'learning_rate': 0.008452945435856276, 'lr_reduce': 0.6}",TPESampler,COMPLETE
1284,0.0760989785194397,2025-04-25 18:25:43.285564,2025-04-25 18:25:50.505310,0 days 00:00:07.219746,0.03579702694566296,48,176,432.0,,3,0.007709629833421323,0.6,checkpoints/mlp_Pc_trial_1284_best_state.pt,"{'learning_rate': 0.007709629833421323, 'lr_reduce': 0.6}",TPESampler,COMPLETE
1285,0.0626419186592102,2025-04-25 18:25:46.729952,2025-04-25 18:25:56.424935,0 days 00:00:09.694983,0.010346904950910419,80,128,432.0,,3,0.008530508268219985,0.6,checkpoints/mlp_Pc_trial_1285_best_state.pt,"{'learning_rate': 0.008530508268219985, 'lr_reduce': 0.6}",TPESampler,COMPLETE
1286,0.07242116332054138,2025-04-25 18:25:48.564339,2025-04-25 18:26:02.098061,0 days 00:00:13.533722,0.05179121036605064,144,512,464.0,288.0,4,0.0008687312989483507,0.6,checkpoints/mlp_Pc_trial_1286_best_state.pt,"{'learning_rate': 0.0008687312989483507, 'lr_reduce': 0.6}",TPESampler,COMPLETE
1287,0.07795824110507965,2025-04-25 18:25:50.783265,2025-04-25 18:26:04.163959,0 days 00:00:13.380694,0.019414627891801498,32,288,,,2,0.002657788931329147,0.6,checkpoints/mlp_Pc_trial_1287_best_state.pt,"{'learning_rate': 0.002657788931329147, 'lr_reduce': 0.6}",TPESampler,COMPLETE
1288,0.08326457440853119,2025-04-25 18:25:56.703163,2025-04-25 18:26:04.394852,0 days 00:00:07.691689,0.011383063532175686,176,80,432.0,,3,0.008223475289199629,0.6,checkpoints/mlp_Pc_trial_1288_best_state.pt,"{'learning_rate': 0.008223475289199629, 'lr_reduce': 0.6}",TPESampler,COMPLETE
1289,0.07462602108716965,2025-04-25 18:26:02.471426,2025-04-25 18:26:12.360542,0 days 00:00:09.889116,0.05866755745018075,48,64,416.0,,3,0.008201883662542991,0.6,checkpoints/mlp_Pc_trial_1289_best_state.pt,"{'learning_rate': 0.008201883662542991, 'lr_reduce': 0.6}",TPESampler,COMPLETE
1290,0.0971040353178978,2025-04-25 18:26:04.443988,2025-04-25 18:26:20.878164,0 days 00:00:16.434176,0.10954962195142869,64,512,480.0,,3,0.0008320882071437478,0.6,checkpoints/mlp_Pc_trial_1290_best_state.pt,"{'learning_rate': 0.0008320882071437478, 'lr_reduce': 0.6}",TPESampler,COMPLETE
1291,0.10239660739898682,2025-04-25 18:26:04.692276,2025-04-25 18:26:11.944088,0 days 00:00:07.251812,0.02892315068650958,128,80,,,2,0.00794991249323605,0.6,checkpoints/mlp_Pc_trial_1291_best_state.pt,"{'learning_rate': 0.00794991249323605, 'lr_reduce': 0.6}",TPESampler,COMPLETE
1292,0.07297398149967194,2025-04-25 18:26:12.263605,2025-04-25 18:26:20.153670,0 days 00:00:07.890065,0.006558030648173067,176,192,416.0,,3,0.007531823745284944,0.6,checkpoints/mlp_Pc_trial_1292_best_state.pt,"{'learning_rate': 0.007531823745284944, 'lr_reduce': 0.6}",TPESampler,COMPLETE
1293,0.08563997596502304,2025-04-25 18:26:12.752843,2025-04-25 18:26:23.983458,0 days 00:00:11.230615,0.03248133022690697,96,256,,,2,0.007095635865668966,0.6,checkpoints/mlp_Pc_trial_1293_best_state.pt,"{'learning_rate': 0.007095635865668966, 'lr_reduce': 0.6}",TPESampler,COMPLETE
1294,0.07707853615283966,2025-04-25 18:26:20.433889,2025-04-25 18:26:30.918293,0 days 00:00:10.484404,0.03206815236831446,96,160,432.0,,3,0.005578722370488874,0.6,checkpoints/mlp_Pc_trial_1294_best_state.pt,"{'learning_rate': 0.005578722370488874, 'lr_reduce': 0.6}",TPESampler,COMPLETE
1295,0.08138547092676163,2025-04-25 18:26:21.222758,2025-04-25 18:26:32.399512,0 days 00:00:11.176754,0.03276304496981116,32,208,432.0,,3,0.006519391292501624,0.6,checkpoints/mlp_Pc_trial_1295_best_state.pt,"{'learning_rate': 0.006519391292501624, 'lr_reduce': 0.6}",TPESampler,COMPLETE
1296,0.07337606698274612,2025-04-25 18:26:24.290654,2025-04-25 18:26:32.373784,0 days 00:00:08.083130,0.1057200660912282,32,320,512.0,,3,0.007803380155722947,0.6,checkpoints/mlp_Pc_trial_1296_best_state.pt,"{'learning_rate': 0.007803380155722947, 'lr_reduce': 0.6}",TPESampler,COMPLETE
1297,0.07379636913537979,2025-04-25 18:26:31.196628,2025-04-25 18:26:39.887938,0 days 00:00:08.691310,0.018010607033803895,32,96,448.0,,3,0.009524474002707086,0.6,checkpoints/mlp_Pc_trial_1297_best_state.pt,"{'learning_rate': 0.009524474002707086, 'lr_reduce': 0.6}",TPESampler,COMPLETE
1298,0.07988300919532776,2025-04-25 18:26:32.585147,2025-04-25 18:26:43.399484,0 days 00:00:10.814337,0.02882194292289311,96,128,464.0,,3,0.008214824783272475,0.6,checkpoints/mlp_Pc_trial_1298_best_state.pt,"{'learning_rate': 0.008214824783272475, 'lr_reduce': 0.6}",TPESampler,COMPLETE
1299,0.07627181708812714,2025-04-25 18:26:32.650533,2025-04-25 18:26:46.079655,0 days 00:00:13.429122,0.03825019157974919,48,96,432.0,,3,0.004552806382277936,0.6,checkpoints/mlp_Pc_trial_1299_best_state.pt,"{'learning_rate': 0.004552806382277936, 'lr_reduce': 0.6}",TPESampler,COMPLETE
1300,0.07427257299423218,2025-04-25 18:26:40.301406,2025-04-25 18:26:56.867067,0 days 00:00:16.565661,0.05924897409707573,96,448,416.0,224.0,4,0.0014910765572089123,0.6,checkpoints/mlp_Pc_trial_1300_best_state.pt,"{'learning_rate': 0.0014910765572089123, 'lr_reduce': 0.6}",TPESampler,COMPLETE
1301,0.07121123373508453,2025-04-25 18:26:43.706483,2025-04-25 18:26:51.765113,0 days 00:00:08.058630,0.03252461989908885,144,208,480.0,,3,0.00790155920321026,0.6,checkpoints/mlp_Pc_trial_1301_best_state.pt,"{'learning_rate': 0.00790155920321026, 'lr_reduce': 0.6}",TPESampler,COMPLETE
1302,0.07878787815570831,2025-04-25 18:26:46.403387,2025-04-25 18:26:56.928371,0 days 00:00:10.524984,0.015429197965542344,112,96,432.0,,3,0.006476127965853095,0.6,checkpoints/mlp_Pc_trial_1302_best_state.pt,"{'learning_rate': 0.006476127965853095, 'lr_reduce': 0.6}",TPESampler,COMPLETE
1303,0.07731352746486664,2025-04-25 18:26:52.053725,2025-04-25 18:27:01.818140,0 days 00:00:09.764415,0.04578904209059234,192,96,512.0,224.0,4,0.0017176941693330594,0.6,checkpoints/mlp_Pc_trial_1303_best_state.pt,"{'learning_rate': 0.0017176941693330594, 'lr_reduce': 0.6}",TPESampler,COMPLETE
1304,0.0782248005270958,2025-04-25 18:26:57.081884,2025-04-25 18:27:10.287794,0 days 00:00:13.205910,0.0086981729702054,64,112,432.0,,3,0.005479651919862453,0.6,checkpoints/mlp_Pc_trial_1304_best_state.pt,"{'learning_rate': 0.005479651919862453, 'lr_reduce': 0.6}",TPESampler,COMPLETE
1305,0.07964719086885452,2025-04-25 18:26:57.180420,2025-04-25 18:27:04.807312,0 days 00:00:07.626892,0.00018146367551773006,112,208,416.0,,3,0.0061561678329578925,0.6,checkpoints/mlp_Pc_trial_1305_best_state.pt,"{'learning_rate': 0.0061561678329578925, 'lr_reduce': 0.6}",TPESampler,COMPLETE
1306,0.07937860488891602,2025-04-25 18:27:02.114453,2025-04-25 18:27:12.295745,0 days 00:00:10.181292,0.02038658095232511,192,144,,,2,0.005287083142226211,0.6,checkpoints/mlp_Pc_trial_1306_best_state.pt,"{'learning_rate': 0.005287083142226211, 'lr_reduce': 0.6}",TPESampler,COMPLETE
1307,0.06966575980186462,2025-04-25 18:27:05.259186,2025-04-25 18:27:18.488754,0 days 00:00:13.229568,0.03571685726336678,144,144,480.0,304.0,4,0.0042844940406654404,0.6,checkpoints/mlp_Pc_trial_1307_best_state.pt,"{'learning_rate': 0.0042844940406654404, 'lr_reduce': 0.6}",TPESampler,COMPLETE
1308,0.07268916070461273,2025-04-25 18:27:10.738260,2025-04-25 18:27:19.857483,0 days 00:00:09.119223,0.0033900498277805342,176,80,464.0,192.0,4,0.0024810461301415223,0.6,checkpoints/mlp_Pc_trial_1308_best_state.pt,"{'learning_rate': 0.0024810461301415223, 'lr_reduce': 0.6}",TPESampler,COMPLETE
1309,0.09177833050489426,2025-04-25 18:27:12.738043,2025-04-25 18:27:21.062024,0 days 00:00:08.323981,0.058393566061679204,32,160,400.0,,3,0.007534278930613358,0.6,checkpoints/mlp_Pc_trial_1309_best_state.pt,"{'learning_rate': 0.007534278930613358, 'lr_reduce': 0.6}",TPESampler,COMPLETE
1310,0.0668768584728241,2025-04-25 18:27:18.745994,2025-04-25 18:27:30.113557,0 days 00:00:11.367563,0.00503555066132623,32,240,416.0,,3,0.0048324504842447965,0.6,checkpoints/mlp_Pc_trial_1310_best_state.pt,"{'learning_rate': 0.0048324504842447965, 'lr_reduce': 0.6}",TPESampler,COMPLETE
1311,0.07930884510278702,2025-04-25 18:27:20.276641,2025-04-25 18:27:28.859332,0 days 00:00:08.582691,0.04824155852571268,144,224,464.0,,3,0.009693530964427002,0.6,checkpoints/mlp_Pc_trial_1311_best_state.pt,"{'learning_rate': 0.009693530964427002, 'lr_reduce': 0.6}",TPESampler,COMPLETE
1312,0.074075847864151,2025-04-25 18:27:21.343730,2025-04-25 18:27:33.941702,0 days 00:00:12.597972,0.047652058979605706,128,176,400.0,,3,0.001880965334197207,0.6,checkpoints/mlp_Pc_trial_1312_best_state.pt,"{'learning_rate': 0.001880965334197207, 'lr_reduce': 0.6}",TPESampler,COMPLETE
1313,0.10773579776287079,2025-04-25 18:27:29.315192,2025-04-25 18:27:51.254268,0 days 00:00:21.939076,0.08898406858108741,224,32,448.0,,3,0.00038613745232287446,0.6,checkpoints/mlp_Pc_trial_1313_best_state.pt,"{'learning_rate': 0.00038613745232287446, 'lr_reduce': 0.6}",TPESampler,COMPLETE
1314,0.07876785099506378,2025-04-25 18:27:30.421969,2025-04-25 18:27:41.089314,0 days 00:00:10.667345,0.035844280381334775,112,96,480.0,224.0,4,0.0017203796549244172,0.6,checkpoints/mlp_Pc_trial_1314_best_state.pt,"{'learning_rate': 0.0017203796549244172, 'lr_reduce': 0.6}",TPESampler,COMPLETE
1315,0.07777442038059235,2025-04-25 18:27:34.220747,2025-04-25 18:27:42.310223,0 days 00:00:08.089476,0.0012983322735159479,48,256,400.0,,3,0.0070188078449931945,0.6,checkpoints/mlp_Pc_trial_1315_best_state.pt,"{'learning_rate': 0.0070188078449931945, 'lr_reduce': 0.6}",TPESampler,COMPLETE
1316,0.08196582645177841,2025-04-25 18:27:41.559885,2025-04-25 18:27:56.261134,0 days 00:00:14.701249,0.03330051615692812,32,160,448.0,,3,0.005264414374042423,0.6,checkpoints/mlp_Pc_trial_1316_best_state.pt,"{'learning_rate': 0.005264414374042423, 'lr_reduce': 0.6}",TPESampler,COMPLETE
1317,0.08353647589683533,2025-04-25 18:27:42.913318,2025-04-25 18:28:04.464003,0 days 00:00:21.550685,0.002146298241575908,96,176,400.0,,3,0.004843102957587487,0.6,checkpoints/mlp_Pc_trial_1317_best_state.pt,"{'learning_rate': 0.004843102957587487, 'lr_reduce': 0.6}",TPESampler,COMPLETE
1318,0.11894211918115616,2025-04-25 18:27:51.656385,2025-04-25 18:28:02.871326,0 days 00:00:11.214941,0.19047961651421397,64,304,480.0,,3,0.0020123013191300433,0.6,checkpoints/mlp_Pc_trial_1318_best_state.pt,"{'learning_rate': 0.0020123013191300433, 'lr_reduce': 0.6}",TPESampler,COMPLETE
1319,0.0746055617928505,2025-04-25 18:27:56.600064,2025-04-25 18:28:07.317653,0 days 00:00:10.717589,0.00804423277222442,256,432,512.0,176.0,4,0.0025038370436723896,0.6,checkpoints/mlp_Pc_trial_1319_best_state.pt,"{'learning_rate': 0.0025038370436723896, 'lr_reduce': 0.6}",TPESampler,COMPLETE
1320,0.09156405925750732,2025-04-25 18:28:03.177787,2025-04-25 18:28:11.939993,0 days 00:00:08.762206,0.19901109061832695,336,304,,,2,0.008815641973496578,0.6,checkpoints/mlp_Pc_trial_1320_best_state.pt,"{'learning_rate': 0.008815641973496578, 'lr_reduce': 0.6}",TPESampler,COMPLETE
1321,0.07739192992448807,2025-04-25 18:28:04.773441,2025-04-25 18:28:18.495016,0 days 00:00:13.721575,0.05956357426533909,32,192,432.0,192.0,4,0.0013278091269660669,0.6,checkpoints/mlp_Pc_trial_1321_best_state.pt,"{'learning_rate': 0.0013278091269660669, 'lr_reduce': 0.6}",TPESampler,COMPLETE
1322,0.08628032356500626,2025-04-25 18:28:07.641713,2025-04-25 18:28:16.836496,0 days 00:00:09.194783,0.11954445526607183,48,112,384.0,,3,0.006923036415121132,0.6,checkpoints/mlp_Pc_trial_1322_best_state.pt,"{'learning_rate': 0.006923036415121132, 'lr_reduce': 0.6}",TPESampler,COMPLETE
1323,0.07511121034622192,2025-04-25 18:28:12.233569,2025-04-25 18:28:20.114371,0 days 00:00:07.880802,0.000806016409888824,176,128,448.0,176.0,4,0.005825616354958207,0.6,checkpoints/mlp_Pc_trial_1323_best_state.pt,"{'learning_rate': 0.005825616354958207, 'lr_reduce': 0.6}",TPESampler,COMPLETE
1324,0.161156564950943,2025-04-25 18:28:17.267665,2025-04-25 18:28:54.615366,0 days 00:00:37.347701,0.12499778254620451,176,400,,,2,0.00010034460030908795,0.6,checkpoints/mlp_Pc_trial_1324_best_state.pt,"{'learning_rate': 0.00010034460030908795, 'lr_reduce': 0.6}",TPESampler,COMPLETE
1325,0.07187473028898239,2025-04-25 18:28:18.811491,2025-04-25 18:28:29.479189,0 days 00:00:10.667698,0.003649819387730494,192,448,416.0,,3,0.005582142866164238,0.6,checkpoints/mlp_Pc_trial_1325_best_state.pt,"{'learning_rate': 0.005582142866164238, 'lr_reduce': 0.6}",TPESampler,COMPLETE
1326,0.09127137809991837,2025-04-25 18:28:20.406415,2025-04-25 18:28:29.508615,0 days 00:00:09.102200,0.052438924431995715,144,80,512.0,,3,0.005066968069810722,0.6,checkpoints/mlp_Pc_trial_1326_best_state.pt,"{'learning_rate': 0.005066968069810722, 'lr_reduce': 0.6}",TPESampler,COMPLETE
1327,0.08612902462482452,2025-04-25 18:28:29.718378,2025-04-25 18:28:42.196890,0 days 00:00:12.478512,0.0558043524506613,336,192,464.0,400.0,4,0.002560561512088609,0.6,checkpoints/mlp_Pc_trial_1327_best_state.pt,"{'learning_rate': 0.002560561512088609, 'lr_reduce': 0.6}",TPESampler,COMPLETE
1328,0.07354132831096649,2025-04-25 18:28:29.792000,2025-04-25 18:28:45.508295,0 days 00:00:15.716295,0.002976160607713465,288,496,400.0,224.0,4,0.0007529980483666879,0.6,checkpoints/mlp_Pc_trial_1328_best_state.pt,"{'learning_rate': 0.0007529980483666879, 'lr_reduce': 0.6}",TPESampler,COMPLETE
1329,0.08347249776124954,2025-04-25 18:28:42.484405,2025-04-25 18:28:51.989762,0 days 00:00:09.505357,0.06424163003716386,32,176,400.0,,3,0.0031449977903765243,0.6,checkpoints/mlp_Pc_trial_1329_best_state.pt,"{'learning_rate': 0.0031449977903765243, 'lr_reduce': 0.6}",TPESampler,COMPLETE
1330,0.08062808960676193,2025-04-25 18:28:46.042329,2025-04-25 18:28:57.462429,0 days 00:00:11.420100,0.0456704707229167,192,448,32.0,272.0,4,0.0010830409151179996,0.6,checkpoints/mlp_Pc_trial_1330_best_state.pt,"{'learning_rate': 0.0010830409151179996, 'lr_reduce': 0.6}",TPESampler,COMPLETE
1331,0.10277654975652695,2025-04-25 18:28:52.303365,2025-04-25 18:29:04.887105,0 days 00:00:12.583740,0.1797579018935987,128,224,,,2,0.001067360601841654,0.6,checkpoints/mlp_Pc_trial_1331_best_state.pt,"{'learning_rate': 0.001067360601841654, 'lr_reduce': 0.6}",TPESampler,COMPLETE
1332,0.07718443870544434,2025-04-25 18:28:54.903510,2025-04-25 18:29:05.112286,0 days 00:00:10.208776,0.0011757084338947336,48,208,448.0,,3,0.0051583572104000885,0.6,checkpoints/mlp_Pc_trial_1332_best_state.pt,"{'learning_rate': 0.0051583572104000885, 'lr_reduce': 0.6}",TPESampler,COMPLETE
1333,0.07088395208120346,2025-04-25 18:28:57.713633,2025-04-25 18:29:07.748506,0 days 00:00:10.034873,0.01553269046069344,160,128,384.0,,3,0.0035665954980821602,0.6,checkpoints/mlp_Pc_trial_1333_best_state.pt,"{'learning_rate': 0.0035665954980821602, 'lr_reduce': 0.6}",TPESampler,COMPLETE
1334,0.08555195480585098,2025-04-25 18:29:05.165601,2025-04-25 18:29:19.621773,0 days 00:00:14.456172,0.07731498932449257,256,416,464.0,160.0,4,0.0036323045451222644,0.6,checkpoints/mlp_Pc_trial_1334_best_state.pt,"{'learning_rate': 0.0036323045451222644, 'lr_reduce': 0.6}",TPESampler,COMPLETE
1335,0.07967571914196014,2025-04-25 18:29:05.438559,2025-04-25 18:29:14.409320,0 days 00:00:08.970761,0.005121778302512724,80,144,384.0,,3,0.006255810141955887,0.6,checkpoints/mlp_Pc_trial_1335_best_state.pt,"{'learning_rate': 0.006255810141955887, 'lr_reduce': 0.6}",TPESampler,COMPLETE
1336,0.09295506775379181,2025-04-25 18:29:08.062054,2025-04-25 18:29:15.949944,0 days 00:00:07.887890,0.024863615581786676,160,32,480.0,160.0,4,0.0048803260139411555,0.6,checkpoints/mlp_Pc_trial_1336_best_state.pt,"{'learning_rate': 0.0048803260139411555, 'lr_reduce': 0.6}",TPESampler,COMPLETE
1337,0.07139009237289429,2025-04-25 18:29:14.728437,2025-04-25 18:29:26.475186,0 days 00:00:11.746749,0.0663532479540612,176,464,432.0,,3,0.0023234100367932075,0.6,checkpoints/mlp_Pc_trial_1337_best_state.pt,"{'learning_rate': 0.0023234100367932075, 'lr_reduce': 0.6}",TPESampler,COMPLETE
1338,0.08292192965745926,2025-04-25 18:29:16.239630,2025-04-25 18:29:25.408793,0 days 00:00:09.169163,0.02768344331933857,256,32,512.0,224.0,4,0.007260548697487431,0.6,checkpoints/mlp_Pc_trial_1338_best_state.pt,"{'learning_rate': 0.007260548697487431, 'lr_reduce': 0.6}",TPESampler,COMPLETE
1339,0.07864034920930862,2025-04-25 18:29:19.941589,2025-04-25 18:29:28.284713,0 days 00:00:08.343124,0.09163678238548385,512,256,384.0,,3,0.005835061552116276,0.6,checkpoints/mlp_Pc_trial_1339_best_state.pt,"{'learning_rate': 0.005835061552116276, 'lr_reduce': 0.6}",TPESampler,COMPLETE
1340,0.07710739225149155,2025-04-25 18:29:25.675846,2025-04-25 18:29:33.503417,0 days 00:00:07.827571,0.011352158277521122,48,192,448.0,,3,0.00931447700410581,0.6,checkpoints/mlp_Pc_trial_1340_best_state.pt,"{'learning_rate': 0.00931447700410581, 'lr_reduce': 0.6}",TPESampler,COMPLETE
1341,0.07051737606525421,2025-04-25 18:29:26.767734,2025-04-25 18:29:37.068028,0 days 00:00:10.300294,0.03831761705626309,32,160,416.0,,3,0.009101847823057986,0.6,checkpoints/mlp_Pc_trial_1341_best_state.pt,"{'learning_rate': 0.009101847823057986, 'lr_reduce': 0.6}",TPESampler,COMPLETE
