number,value,datetime_start,datetime_complete,duration,params_final_dropout,params_mlp_dim_00,params_mlp_dim_01,params_mlp_dim_02,params_mlp_dim_03,params_mlp_n_layers,params_train_learning_rate,params_train_lr_reduce,user_attrs_best_state_dict_path,user_attrs_training_params,system_attrs_auto:sampler,state
226,0.1027035117149353,2025-04-25 17:12:13.009876,2025-04-25 17:12:29.027349,0 days 00:00:16.017473,0.07017605237746195,32,320,,,2,0.0009345672638379404,0.6,checkpoints/mlp_Pc_trial_226_best_state.pt,"{'learning_rate': 0.0009345672638379404, 'lr_reduce': 0.6}",TPESampler,COMPLETE
227,0.3658877909183502,2025-04-25 17:12:13.806547,2025-04-25 17:12:22.958392,0 days 00:00:09.151845,0.23265218369265622,64,192,512.0,32.0,4,0.008282107930878217,0.6,checkpoints/mlp_Pc_trial_227_best_state.pt,"{'learning_rate': 0.008282107930878217, 'lr_reduce': 0.6}",TPESampler,COMPLETE
228,0.08116154372692108,2025-04-25 17:12:13.862941,2025-04-25 17:12:24.334951,0 days 00:00:10.472010,0.011732126179537512,208,64,496.0,,3,0.0090389048713846,0.6,checkpoints/mlp_Pc_trial_228_best_state.pt,"{'learning_rate': 0.0090389048713846, 'lr_reduce': 0.6}",TPESampler,COMPLETE
229,0.09292194247245789,2025-04-25 17:12:23.213247,2025-04-25 17:12:55.751700,0 days 00:00:32.538453,0.04160722292317308,496,112,448.0,112.0,4,0.00012867283178937311,0.6,checkpoints/mlp_Pc_trial_229_best_state.pt,"{'learning_rate': 0.00012867283178937311, 'lr_reduce': 0.6}",TPESampler,COMPLETE
230,0.10154038667678833,2025-04-25 17:12:24.628063,2025-04-25 17:12:34.355610,0 days 00:00:09.727547,0.059359296400823845,48,48,416.0,176.0,4,0.0012572364346826366,0.6,checkpoints/mlp_Pc_trial_230_best_state.pt,"{'learning_rate': 0.0012572364346826366, 'lr_reduce': 0.6}",TPESampler,COMPLETE
231,0.07737069576978683,2025-04-25 17:12:29.345845,2025-04-25 17:12:39.069375,0 days 00:00:09.723530,0.006226382684391216,96,224,352.0,96.0,4,0.00959766510845645,0.6,checkpoints/mlp_Pc_trial_231_best_state.pt,"{'learning_rate': 0.00959766510845645, 'lr_reduce': 0.6}",TPESampler,COMPLETE
232,0.0709095373749733,2025-04-25 17:12:34.822594,2025-04-25 17:12:50.729151,0 days 00:00:15.906557,0.031592221899309936,32,176,448.0,128.0,4,0.003316686043774659,0.6,checkpoints/mlp_Pc_trial_232_best_state.pt,"{'learning_rate': 0.003316686043774659, 'lr_reduce': 0.6}",TPESampler,COMPLETE
233,0.07796646654605865,2025-04-25 17:12:39.336655,2025-04-25 17:12:57.057130,0 days 00:00:17.720475,0.12037203479117156,384,304,,,2,0.00700545245017847,0.6,checkpoints/mlp_Pc_trial_233_best_state.pt,"{'learning_rate': 0.00700545245017847, 'lr_reduce': 0.6}",TPESampler,COMPLETE
234,0.07671510428190231,2025-04-25 17:12:51.551093,2025-04-25 17:13:02.036552,0 days 00:00:10.485459,0.008376652340637381,208,352,384.0,,3,0.0031087082804895525,0.6,checkpoints/mlp_Pc_trial_234_best_state.pt,"{'learning_rate': 0.0031087082804895525, 'lr_reduce': 0.6}",TPESampler,COMPLETE
235,0.07238558679819107,2025-04-25 17:12:56.007701,2025-04-25 17:13:04.924281,0 days 00:00:08.916580,0.0010564367375942227,176,256,512.0,,3,0.008689814969845692,0.6,checkpoints/mlp_Pc_trial_235_best_state.pt,"{'learning_rate': 0.008689814969845692, 'lr_reduce': 0.6}",TPESampler,COMPLETE
236,0.07030323892831802,2025-04-25 17:12:57.344960,2025-04-25 17:13:05.035765,0 days 00:00:07.690805,0.008604941127353362,112,112,336.0,320.0,4,0.0027578525210038775,0.6,checkpoints/mlp_Pc_trial_236_best_state.pt,"{'learning_rate': 0.0027578525210038775, 'lr_reduce': 0.6}",TPESampler,COMPLETE
237,0.07517795264720917,2025-04-25 17:13:02.262076,2025-04-25 17:13:11.521974,0 days 00:00:09.259898,0.024924325030603024,32,64,432.0,80.0,4,0.0019504035548607538,0.6,checkpoints/mlp_Pc_trial_237_best_state.pt,"{'learning_rate': 0.0019504035548607538, 'lr_reduce': 0.6}",TPESampler,COMPLETE
238,0.0734519436955452,2025-04-25 17:13:05.176629,2025-04-25 17:13:15.244343,0 days 00:00:10.067714,0.013997648479516867,160,368,400.0,128.0,4,0.0009897663554223552,0.6,checkpoints/mlp_Pc_trial_238_best_state.pt,"{'learning_rate': 0.0009897663554223552, 'lr_reduce': 0.6}",TPESampler,COMPLETE
239,0.07036560028791428,2025-04-25 17:13:05.239438,2025-04-25 17:13:18.036264,0 days 00:00:12.796826,0.038987004869768076,176,416,400.0,112.0,4,0.0006656473187453322,0.6,checkpoints/mlp_Pc_trial_239_best_state.pt,"{'learning_rate': 0.0006656473187453322, 'lr_reduce': 0.6}",TPESampler,COMPLETE
240,0.07406026124954224,2025-04-25 17:13:11.762866,2025-04-25 17:13:20.782991,0 days 00:00:09.020125,0.03701189188126225,224,368,368.0,80.0,4,0.0013358114607022542,0.6,checkpoints/mlp_Pc_trial_240_best_state.pt,"{'learning_rate': 0.0013358114607022542, 'lr_reduce': 0.6}",TPESampler,COMPLETE
241,0.074842669069767,2025-04-25 17:13:15.493641,2025-04-25 17:13:22.566277,0 days 00:00:07.072636,0.003345518234118338,256,176,416.0,,3,0.005815870766360584,0.6,checkpoints/mlp_Pc_trial_241_best_state.pt,"{'learning_rate': 0.005815870766360584, 'lr_reduce': 0.6}",TPESampler,COMPLETE
242,0.06461780518293381,2025-04-25 17:13:18.272730,2025-04-25 17:13:28.636750,0 days 00:00:10.364020,0.008524183301790809,160,496,448.0,160.0,4,0.0010840109391065573,0.6,checkpoints/mlp_Pc_trial_242_best_state.pt,"{'learning_rate': 0.0010840109391065573, 'lr_reduce': 0.6}",TPESampler,COMPLETE
243,0.08442556113004684,2025-04-25 17:13:21.015962,2025-04-25 17:13:26.971193,0 days 00:00:05.955231,0.12128948600653244,48,240,336.0,192.0,4,0.005739475793249076,0.6,checkpoints/mlp_Pc_trial_243_best_state.pt,"{'learning_rate': 0.005739475793249076, 'lr_reduce': 0.6}",TPESampler,COMPLETE
244,0.08371525257825851,2025-04-25 17:13:22.817407,2025-04-25 17:13:31.950069,0 days 00:00:09.132662,0.057485990770462986,208,432,384.0,32.0,4,0.0030978172018015764,0.6,checkpoints/mlp_Pc_trial_244_best_state.pt,"{'learning_rate': 0.0030978172018015764, 'lr_reduce': 0.6}",TPESampler,COMPLETE
245,0.09292543679475784,2025-04-25 17:13:27.255138,2025-04-25 17:13:34.258773,0 days 00:00:07.003635,0.016078886563590463,144,160,256.0,112.0,4,0.009390950001423296,0.6,checkpoints/mlp_Pc_trial_245_best_state.pt,"{'learning_rate': 0.009390950001423296, 'lr_reduce': 0.6}",TPESampler,COMPLETE
246,0.07853338122367859,2025-04-25 17:13:28.883849,2025-04-25 17:13:42.378171,0 days 00:00:13.494322,0.033445381227203745,208,496,464.0,208.0,4,0.00059257863876323,0.6,checkpoints/mlp_Pc_trial_246_best_state.pt,"{'learning_rate': 0.00059257863876323, 'lr_reduce': 0.6}",TPESampler,COMPLETE
247,0.09070630371570587,2025-04-25 17:13:32.194732,2025-04-25 17:13:42.850672,0 days 00:00:10.655940,0.06458544302989742,96,512,464.0,176.0,4,0.0018988084908692219,0.6,checkpoints/mlp_Pc_trial_247_best_state.pt,"{'learning_rate': 0.0018988084908692219, 'lr_reduce': 0.6}",TPESampler,COMPLETE
248,0.06671913713216782,2025-04-25 17:13:34.555506,2025-04-25 17:13:49.316622,0 days 00:00:14.761116,0.02519331864134299,160,464,464.0,176.0,4,0.000915889079332271,0.6,checkpoints/mlp_Pc_trial_248_best_state.pt,"{'learning_rate': 0.000915889079332271, 'lr_reduce': 0.6}",TPESampler,COMPLETE
249,0.10270590335130692,2025-04-25 17:13:42.571339,2025-04-25 17:13:56.077681,0 days 00:00:13.506342,0.08021205544221865,32,192,432.0,,3,0.000554826958033614,0.6,checkpoints/mlp_Pc_trial_249_best_state.pt,"{'learning_rate': 0.000554826958033614, 'lr_reduce': 0.6}",TPESampler,COMPLETE
250,0.08649776875972748,2025-04-25 17:13:43.075981,2025-04-25 17:14:35.214564,0 days 00:00:52.138583,0.0037036932128947098,32,80,,,2,0.0002622533450420585,0.6,checkpoints/mlp_Pc_trial_250_best_state.pt,"{'learning_rate': 0.0002622533450420585, 'lr_reduce': 0.6}",TPESampler,COMPLETE
251,0.07609500735998154,2025-04-25 17:13:49.553252,2025-04-25 17:14:00.108432,0 days 00:00:10.555180,0.00279568567757467,208,496,480.0,208.0,4,0.001973464348725772,0.6,checkpoints/mlp_Pc_trial_251_best_state.pt,"{'learning_rate': 0.001973464348725772, 'lr_reduce': 0.6}",TPESampler,COMPLETE
252,0.0784018412232399,2025-04-25 17:13:56.307342,2025-04-25 17:14:10.978265,0 days 00:00:14.670923,0.021767743152611454,128,496,464.0,176.0,4,0.0017812969523245687,0.6,checkpoints/mlp_Pc_trial_252_best_state.pt,"{'learning_rate': 0.0017812969523245687, 'lr_reduce': 0.6}",TPESampler,COMPLETE
253,0.12911131978034973,2025-04-25 17:14:00.358556,2025-04-25 17:14:25.780711,0 days 00:00:25.422155,0.14520887959397089,96,448,512.0,160.0,4,0.0001876873803679376,0.6,checkpoints/mlp_Pc_trial_253_best_state.pt,"{'learning_rate': 0.0001876873803679376, 'lr_reduce': 0.6}",TPESampler,COMPLETE
254,0.07046108692884445,2025-04-25 17:14:11.262886,2025-04-25 17:14:25.955677,0 days 00:00:14.692791,0.010992134572695184,80,448,448.0,160.0,4,0.0006480849347025662,0.6,checkpoints/mlp_Pc_trial_254_best_state.pt,"{'learning_rate': 0.0006480849347025662, 'lr_reduce': 0.6}",TPESampler,COMPLETE
255,0.07433804124593735,2025-04-25 17:14:26.024713,2025-04-25 17:14:34.748514,0 days 00:00:08.723801,0.003537679731433773,112,288,448.0,,3,0.0028164055692250457,0.6,checkpoints/mlp_Pc_trial_255_best_state.pt,"{'learning_rate': 0.0028164055692250457, 'lr_reduce': 0.6}",TPESampler,COMPLETE
256,0.07578975707292557,2025-04-25 17:14:26.399589,2025-04-25 17:14:40.953717,0 days 00:00:14.554128,0.07179699417579517,176,496,320.0,144.0,4,0.0008036284935336951,0.6,checkpoints/mlp_Pc_trial_256_best_state.pt,"{'learning_rate': 0.0008036284935336951, 'lr_reduce': 0.6}",TPESampler,COMPLETE
257,0.07127907127141953,2025-04-25 17:14:35.006914,2025-04-25 17:14:45.574733,0 days 00:00:10.567819,0.004690735675252272,160,512,432.0,368.0,4,0.0007416241061474806,0.6,checkpoints/mlp_Pc_trial_257_best_state.pt,"{'learning_rate': 0.0007416241061474806, 'lr_reduce': 0.6}",TPESampler,COMPLETE
258,0.06628265976905823,2025-04-25 17:14:35.417200,2025-04-25 17:14:44.396190,0 days 00:00:08.978990,0.04798680001256317,112,80,384.0,256.0,4,0.004758714396703232,0.6,checkpoints/mlp_Pc_trial_258_best_state.pt,"{'learning_rate': 0.004758714396703232, 'lr_reduce': 0.6}",TPESampler,COMPLETE
259,0.0844632238149643,2025-04-25 17:14:41.183102,2025-04-25 17:14:54.349373,0 days 00:00:13.166271,0.002105737115129399,64,224,464.0,,3,0.0007196460739891042,0.6,checkpoints/mlp_Pc_trial_259_best_state.pt,"{'learning_rate': 0.0007196460739891042, 'lr_reduce': 0.6}",TPESampler,COMPLETE
260,0.09121748805046082,2025-04-25 17:14:44.632865,2025-04-25 17:14:57.953685,0 days 00:00:13.320820,0.0337772010652911,128,368,352.0,,3,0.0008393013558464409,0.6,checkpoints/mlp_Pc_trial_260_best_state.pt,"{'learning_rate': 0.0008393013558464409, 'lr_reduce': 0.6}",TPESampler,COMPLETE
261,0.06915417313575745,2025-04-25 17:14:45.820828,2025-04-25 17:14:56.504269,0 days 00:00:10.683441,0.01026212441570482,176,448,368.0,240.0,4,0.0009931009445881933,0.6,checkpoints/mlp_Pc_trial_261_best_state.pt,"{'learning_rate': 0.0009931009445881933, 'lr_reduce': 0.6}",TPESampler,COMPLETE
262,0.0876658484339714,2025-04-25 17:14:54.613182,2025-04-25 17:15:02.493084,0 days 00:00:07.879902,0.021343226002403133,144,192,,,2,0.0066411158563517095,0.6,checkpoints/mlp_Pc_trial_262_best_state.pt,"{'learning_rate': 0.0066411158563517095, 'lr_reduce': 0.6}",TPESampler,COMPLETE
263,0.0714639276266098,2025-04-25 17:14:56.747194,2025-04-25 17:15:10.876052,0 days 00:00:14.128858,0.02213559415512391,160,432,320.0,288.0,4,0.0009792438760280486,0.6,checkpoints/mlp_Pc_trial_263_best_state.pt,"{'learning_rate': 0.0009792438760280486, 'lr_reduce': 0.6}",TPESampler,COMPLETE
264,0.09964974969625473,2025-04-25 17:14:58.331949,2025-04-25 17:15:05.343106,0 days 00:00:07.011157,0.08313455778486607,128,80,352.0,,3,0.0024491131736179045,0.6,checkpoints/mlp_Pc_trial_264_best_state.pt,"{'learning_rate': 0.0024491131736179045, 'lr_reduce': 0.6}",TPESampler,COMPLETE
265,0.0767509788274765,2025-04-25 17:15:02.711032,2025-04-25 17:15:12.028146,0 days 00:00:09.317114,0.003170988127317238,288,480,352.0,256.0,4,0.001380192352844576,0.6,checkpoints/mlp_Pc_trial_265_best_state.pt,"{'learning_rate': 0.001380192352844576, 'lr_reduce': 0.6}",TPESampler,COMPLETE
266,0.06974363327026367,2025-04-25 17:15:05.579477,2025-04-25 17:15:14.787117,0 days 00:00:09.207640,0.011368397559148171,160,496,368.0,272.0,4,0.0009413283737744111,0.6,checkpoints/mlp_Pc_trial_266_best_state.pt,"{'learning_rate': 0.0009413283737744111, 'lr_reduce': 0.6}",TPESampler,COMPLETE
267,0.08748577535152435,2025-04-25 17:15:11.117645,2025-04-25 17:15:19.683942,0 days 00:00:08.566297,0.08161772476315896,112,64,368.0,256.0,4,0.0043615344783691935,0.6,checkpoints/mlp_Pc_trial_267_best_state.pt,"{'learning_rate': 0.0043615344783691935, 'lr_reduce': 0.6}",TPESampler,COMPLETE
268,0.07827626168727875,2025-04-25 17:15:12.293958,2025-04-25 17:15:21.884696,0 days 00:00:09.590738,0.02760457296421346,64,368,304.0,,3,0.0019193643904320272,0.6,checkpoints/mlp_Pc_trial_268_best_state.pt,"{'learning_rate': 0.0019193643904320272, 'lr_reduce': 0.6}",TPESampler,COMPLETE
269,0.07965830713510513,2025-04-25 17:15:15.046433,2025-04-25 17:15:22.048145,0 days 00:00:07.001712,0.026222153930906787,224,96,368.0,240.0,4,0.003670549863173132,0.6,checkpoints/mlp_Pc_trial_269_best_state.pt,"{'learning_rate': 0.003670549863173132, 'lr_reduce': 0.6}",TPESampler,COMPLETE
270,0.0793958529829979,2025-04-25 17:15:19.891645,2025-04-25 17:15:27.263284,0 days 00:00:07.371639,0.06008326498255529,208,112,400.0,192.0,4,0.008982855062196737,0.6,checkpoints/mlp_Pc_trial_270_best_state.pt,"{'learning_rate': 0.008982855062196737, 'lr_reduce': 0.6}",TPESampler,COMPLETE
271,0.06934376060962677,2025-04-25 17:15:22.109075,2025-04-25 17:15:32.256730,0 days 00:00:10.147655,0.005242507903785511,208,400,288.0,224.0,4,0.0010927293873706086,0.6,checkpoints/mlp_Pc_trial_271_best_state.pt,"{'learning_rate': 0.0010927293873706086, 'lr_reduce': 0.6}",TPESampler,COMPLETE
272,0.08586278557777405,2025-04-25 17:15:22.304560,2025-04-25 17:15:32.736910,0 days 00:00:10.432350,0.07713539330530289,80,192,384.0,96.0,4,0.002863204506920843,0.6,checkpoints/mlp_Pc_trial_272_best_state.pt,"{'learning_rate': 0.002863204506920843, 'lr_reduce': 0.6}",TPESampler,COMPLETE
273,0.07873416692018509,2025-04-25 17:15:27.485789,2025-04-25 17:15:36.539137,0 days 00:00:09.053348,0.0033628093876832965,80,176,512.0,160.0,4,0.003700218023371741,0.6,checkpoints/mlp_Pc_trial_273_best_state.pt,"{'learning_rate': 0.003700218023371741, 'lr_reduce': 0.6}",TPESampler,COMPLETE
274,0.073496975004673,2025-04-25 17:15:32.481171,2025-04-25 17:15:45.894896,0 days 00:00:13.413725,0.008416644818258188,160,496,400.0,,3,0.0007666445234737712,0.6,checkpoints/mlp_Pc_trial_274_best_state.pt,"{'learning_rate': 0.0007666445234737712, 'lr_reduce': 0.6}",TPESampler,COMPLETE
275,0.0777260959148407,2025-04-25 17:15:33.123641,2025-04-25 17:15:45.382455,0 days 00:00:12.258814,0.043598393310316216,96,480,336.0,64.0,4,0.0010312285821748803,0.6,checkpoints/mlp_Pc_trial_275_best_state.pt,"{'learning_rate': 0.0010312285821748803, 'lr_reduce': 0.6}",TPESampler,COMPLETE
276,0.07800786942243576,2025-04-25 17:15:36.798593,2025-04-25 17:15:45.228189,0 days 00:00:08.429596,0.02951540562860971,128,112,400.0,144.0,4,0.00441162285276784,0.6,checkpoints/mlp_Pc_trial_276_best_state.pt,"{'learning_rate': 0.00441162285276784, 'lr_reduce': 0.6}",TPESampler,COMPLETE
277,0.07687467336654663,2025-04-25 17:15:45.443738,2025-04-25 17:15:56.234219,0 days 00:00:10.790481,0.006944411607146038,208,448,336.0,208.0,4,0.0023161654516632743,0.6,checkpoints/mlp_Pc_trial_277_best_state.pt,"{'learning_rate': 0.0023161654516632743, 'lr_reduce': 0.6}",TPESampler,COMPLETE
278,0.07715188711881638,2025-04-25 17:15:45.642125,2025-04-25 17:15:56.507687,0 days 00:00:10.865562,0.10974784544529277,368,512,,,2,0.007406943286378552,0.6,checkpoints/mlp_Pc_trial_278_best_state.pt,"{'learning_rate': 0.007406943286378552, 'lr_reduce': 0.6}",TPESampler,COMPLETE
279,0.07459484785795212,2025-04-25 17:15:46.290737,2025-04-25 17:15:56.264948,0 days 00:00:09.974211,0.051476132246281864,160,48,400.0,96.0,4,0.0014810469282719207,0.6,checkpoints/mlp_Pc_trial_279_best_state.pt,"{'learning_rate': 0.0014810469282719207, 'lr_reduce': 0.6}",TPESampler,COMPLETE
280,0.09503459185361862,2025-04-25 17:15:56.399872,2025-04-25 17:16:15.751144,0 days 00:00:19.351272,0.05865029323735553,48,512,512.0,144.0,4,0.0002587018435780873,0.6,checkpoints/mlp_Pc_trial_280_best_state.pt,"{'learning_rate': 0.0002587018435780873, 'lr_reduce': 0.6}",TPESampler,COMPLETE
281,0.11674148589372635,2025-04-25 17:15:56.456769,2025-04-25 17:16:26.646236,0 days 00:00:30.189467,0.07198355003300702,96,240,432.0,32.0,4,0.00010985913709923158,0.6,checkpoints/mlp_Pc_trial_281_best_state.pt,"{'learning_rate': 0.00010985913709923158, 'lr_reduce': 0.6}",TPESampler,COMPLETE
282,0.06957266479730606,2025-04-25 17:15:56.704018,2025-04-25 17:16:07.271116,0 days 00:00:10.567098,0.016632025227903115,96,352,416.0,48.0,4,0.0023108047729473204,0.6,checkpoints/mlp_Pc_trial_282_best_state.pt,"{'learning_rate': 0.0023108047729473204, 'lr_reduce': 0.6}",TPESampler,COMPLETE
283,0.07170260697603226,2025-04-25 17:16:07.501759,2025-04-25 17:16:17.896635,0 days 00:00:10.394876,0.04185465654060774,160,464,256.0,144.0,4,0.0013546940447412335,0.6,checkpoints/mlp_Pc_trial_283_best_state.pt,"{'learning_rate': 0.0013546940447412335, 'lr_reduce': 0.6}",TPESampler,COMPLETE
284,0.08528327196836472,2025-04-25 17:16:16.014230,2025-04-25 17:16:24.565207,0 days 00:00:08.550977,0.03544468204316013,48,368,336.0,,3,0.00582468135554313,0.6,checkpoints/mlp_Pc_trial_284_best_state.pt,"{'learning_rate': 0.00582468135554313, 'lr_reduce': 0.6}",TPESampler,COMPLETE
285,0.06991627812385559,2025-04-25 17:16:18.310347,2025-04-25 17:16:29.035391,0 days 00:00:10.725044,0.015122799728527207,32,336,368.0,,3,0.0026610733939222615,0.6,checkpoints/mlp_Pc_trial_285_best_state.pt,"{'learning_rate': 0.0026610733939222615, 'lr_reduce': 0.6}",TPESampler,COMPLETE
286,0.07545870542526245,2025-04-25 17:16:24.829652,2025-04-25 17:16:34.200342,0 days 00:00:09.370690,0.029734695003023868,32,96,464.0,240.0,4,0.003684624101868729,0.6,checkpoints/mlp_Pc_trial_286_best_state.pt,"{'learning_rate': 0.003684624101868729, 'lr_reduce': 0.6}",TPESampler,COMPLETE
287,0.0725993886590004,2025-04-25 17:16:26.914872,2025-04-25 17:16:38.266993,0 days 00:00:11.352121,0.004426455178658093,176,464,384.0,112.0,4,0.001189728501981797,0.6,checkpoints/mlp_Pc_trial_287_best_state.pt,"{'learning_rate': 0.001189728501981797, 'lr_reduce': 0.6}",TPESampler,COMPLETE
288,0.08385511487722397,2025-04-25 17:16:29.319763,2025-04-25 17:16:39.014108,0 days 00:00:09.694345,0.05185599491576634,32,208,464.0,192.0,4,0.006699190717669503,0.6,checkpoints/mlp_Pc_trial_288_best_state.pt,"{'learning_rate': 0.006699190717669503, 'lr_reduce': 0.6}",TPESampler,COMPLETE
289,0.07864892482757568,2025-04-25 17:16:34.474782,2025-04-25 17:16:47.250337,0 days 00:00:12.775555,0.0676325324435145,176,272,304.0,,3,0.0019348452759299258,0.6,checkpoints/mlp_Pc_trial_289_best_state.pt,"{'learning_rate': 0.0019348452759299258, 'lr_reduce': 0.6}",TPESampler,COMPLETE
290,0.0745411068201065,2025-04-25 17:16:38.485011,2025-04-25 17:16:47.866936,0 days 00:00:09.381925,0.043417600652591745,64,144,400.0,112.0,4,0.00802924886644817,0.6,checkpoints/mlp_Pc_trial_290_best_state.pt,"{'learning_rate': 0.00802924886644817, 'lr_reduce': 0.6}",TPESampler,COMPLETE
291,0.08339516073465347,2025-04-25 17:16:39.200801,2025-04-25 17:16:52.752043,0 days 00:00:13.551242,0.10454728507987789,144,496,512.0,,3,0.0012033813923481792,0.6,checkpoints/mlp_Pc_trial_291_best_state.pt,"{'learning_rate': 0.0012033813923481792, 'lr_reduce': 0.6}",TPESampler,COMPLETE
292,0.07680381834506989,2025-04-25 17:16:47.513965,2025-04-25 17:16:55.876211,0 days 00:00:08.362246,0.0029010513623824417,144,336,336.0,96.0,4,0.004910663574617128,0.6,checkpoints/mlp_Pc_trial_292_best_state.pt,"{'learning_rate': 0.004910663574617128, 'lr_reduce': 0.6}",TPESampler,COMPLETE
293,0.07448409497737885,2025-04-25 17:16:48.093802,2025-04-25 17:16:58.794446,0 days 00:00:10.700644,0.010912343070010416,32,512,416.0,176.0,4,0.0013975917858473057,0.6,checkpoints/mlp_Pc_trial_293_best_state.pt,"{'learning_rate': 0.0013975917858473057, 'lr_reduce': 0.6}",TPESampler,COMPLETE
294,0.07902085781097412,2025-04-25 17:16:53.005699,2025-04-25 17:17:00.567759,0 days 00:00:07.562060,0.01484673641752958,160,176,448.0,,3,0.00476957311610872,0.6,checkpoints/mlp_Pc_trial_294_best_state.pt,"{'learning_rate': 0.00476957311610872, 'lr_reduce': 0.6}",TPESampler,COMPLETE
295,0.08522316068410873,2025-04-25 17:16:56.146993,2025-04-25 17:17:14.220903,0 days 00:00:18.073910,0.03099588091590247,256,96,,,2,0.0008365838396164657,0.6,checkpoints/mlp_Pc_trial_295_best_state.pt,"{'learning_rate': 0.0008365838396164657, 'lr_reduce': 0.6}",TPESampler,COMPLETE
296,0.0747806653380394,2025-04-25 17:16:59.051963,2025-04-25 17:17:10.651158,0 days 00:00:11.599195,0.02550015303980154,128,32,368.0,112.0,4,0.0011755940389989888,0.6,checkpoints/mlp_Pc_trial_296_best_state.pt,"{'learning_rate': 0.0011755940389989888, 'lr_reduce': 0.6}",TPESampler,COMPLETE
297,0.0739593505859375,2025-04-25 17:17:00.800912,2025-04-25 17:17:11.295962,0 days 00:00:10.495050,0.07294172392602588,208,432,304.0,192.0,4,0.0014120945783469318,0.6,checkpoints/mlp_Pc_trial_297_best_state.pt,"{'learning_rate': 0.0014120945783469318, 'lr_reduce': 0.6}",TPESampler,COMPLETE
298,0.076979860663414,2025-04-25 17:17:10.874724,2025-04-25 17:17:21.542265,0 days 00:00:10.667541,0.06823211471847423,304,80,400.0,,3,0.0038303195905446843,0.6,checkpoints/mlp_Pc_trial_298_best_state.pt,"{'learning_rate': 0.0038303195905446843, 'lr_reduce': 0.6}",TPESampler,COMPLETE
299,0.10027413815259933,2025-04-25 17:17:11.827075,2025-04-25 17:17:22.999108,0 days 00:00:11.172033,0.06316373657079105,32,160,,,2,0.0015865525947898866,0.6,checkpoints/mlp_Pc_trial_299_best_state.pt,"{'learning_rate': 0.0015865525947898866, 'lr_reduce': 0.6}",TPESampler,COMPLETE
