number,value,datetime_start,datetime_complete,duration,params_final_dropout,params_mlp_dim_00,params_mlp_dim_01,params_mlp_dim_02,params_mlp_dim_03,params_mlp_n_layers,params_train_learning_rate,params_train_lr_reduce,user_attrs_best_state_dict_path,user_attrs_training_params,system_attrs_auto:sampler,state
1045,0.07386037707328796,2025-04-25 18:08:51.667588,2025-04-25 18:09:03.273101,0 days 00:00:11.605513,0.06250532180952625,64,160,304.0,160.0,4,0.003850534113029951,0.6,checkpoints/mlp_Pc_trial_1045_best_state.pt,"{'learning_rate': 0.003850534113029951, 'lr_reduce': 0.6}",TPESampler,COMPLETE
1046,0.0707130953669548,2025-04-25 18:08:52.441178,2025-04-25 18:09:03.547890,0 days 00:00:11.106712,0.005494919722294137,128,288,256.0,208.0,4,0.0012269531937079395,0.6,checkpoints/mlp_Pc_trial_1046_best_state.pt,"{'learning_rate': 0.0012269531937079395, 'lr_reduce': 0.6}",TPESampler,COMPLETE
1047,0.0694144070148468,2025-04-25 18:08:57.069924,2025-04-25 18:09:09.252684,0 days 00:00:12.182760,0.01514206545402548,32,368,320.0,,3,0.0025677016034367267,0.6,checkpoints/mlp_Pc_trial_1047_best_state.pt,"{'learning_rate': 0.0025677016034367267, 'lr_reduce': 0.6}",TPESampler,COMPLETE
1048,0.07890702039003372,2025-04-25 18:09:03.624898,2025-04-25 18:09:13.201336,0 days 00:00:09.576438,0.07423357957369271,480,336,,,2,0.00695896913713811,0.6,checkpoints/mlp_Pc_trial_1048_best_state.pt,"{'learning_rate': 0.00695896913713811, 'lr_reduce': 0.6}",TPESampler,COMPLETE
1049,0.07662410289049149,2025-04-25 18:09:03.784024,2025-04-25 18:09:13.141719,0 days 00:00:09.357695,0.04912701813332441,192,288,224.0,144.0,4,0.0036660885894662988,0.6,checkpoints/mlp_Pc_trial_1049_best_state.pt,"{'learning_rate': 0.0036660885894662988, 'lr_reduce': 0.6}",TPESampler,COMPLETE
1050,0.07383465766906738,2025-04-25 18:09:09.486857,2025-04-25 18:09:18.821775,0 days 00:00:09.334918,0.004953434041927843,208,416,304.0,224.0,4,0.0016052395851702001,0.6,checkpoints/mlp_Pc_trial_1050_best_state.pt,"{'learning_rate': 0.0016052395851702001, 'lr_reduce': 0.6}",TPESampler,COMPLETE
1051,0.07916844636201859,2025-04-25 18:09:13.396065,2025-04-25 18:09:25.473839,0 days 00:00:12.077774,0.02425278314075801,128,240,256.0,160.0,4,0.0028504477053570673,0.6,checkpoints/mlp_Pc_trial_1051_best_state.pt,"{'learning_rate': 0.0028504477053570673, 'lr_reduce': 0.6}",TPESampler,COMPLETE
1052,0.08678007125854492,2025-04-25 18:09:13.445867,2025-04-25 18:09:22.998854,0 days 00:00:09.552987,0.047780588611132935,112,240,256.0,144.0,4,0.0036389133305136686,0.6,checkpoints/mlp_Pc_trial_1052_best_state.pt,"{'learning_rate': 0.0036389133305136686, 'lr_reduce': 0.6}",TPESampler,COMPLETE
1053,0.0787183865904808,2025-04-25 18:09:19.102014,2025-04-25 18:09:26.905131,0 days 00:00:07.803117,0.011578024129752045,32,304,224.0,,3,0.004704865899562612,0.6,checkpoints/mlp_Pc_trial_1053_best_state.pt,"{'learning_rate': 0.004704865899562612, 'lr_reduce': 0.6}",TPESampler,COMPLETE
1054,0.08783041685819626,2025-04-25 18:09:23.228092,2025-04-25 18:09:34.206480,0 days 00:00:10.978388,0.1010494749660796,336,336,320.0,128.0,4,0.005257092758968682,0.6,checkpoints/mlp_Pc_trial_1054_best_state.pt,"{'learning_rate': 0.005257092758968682, 'lr_reduce': 0.6}",TPESampler,COMPLETE
1055,0.07987542450428009,2025-04-25 18:09:25.784240,2025-04-25 18:09:39.878171,0 days 00:00:14.093931,0.06481567884779786,192,432,176.0,,3,0.001270413052690745,0.6,checkpoints/mlp_Pc_trial_1055_best_state.pt,"{'learning_rate': 0.001270413052690745, 'lr_reduce': 0.6}",TPESampler,COMPLETE
1056,0.07837450504302979,2025-04-25 18:09:27.227951,2025-04-25 18:09:36.322847,0 days 00:00:09.094896,0.05583851751672107,176,320,320.0,240.0,4,0.0029425188056164966,0.6,checkpoints/mlp_Pc_trial_1056_best_state.pt,"{'learning_rate': 0.0029425188056164966, 'lr_reduce': 0.6}",TPESampler,COMPLETE
1057,0.07791662216186523,2025-04-25 18:09:34.505439,2025-04-25 18:09:47.468302,0 days 00:00:12.962863,0.07372884950150668,32,240,272.0,128.0,4,0.0018760899819458966,0.6,checkpoints/mlp_Pc_trial_1057_best_state.pt,"{'learning_rate': 0.0018760899819458966, 'lr_reduce': 0.6}",TPESampler,COMPLETE
1058,0.0772942304611206,2025-04-25 18:09:36.593552,2025-04-25 18:09:45.485705,0 days 00:00:08.892153,0.0005471666794944026,80,240,208.0,160.0,4,0.004815470391384868,0.6,checkpoints/mlp_Pc_trial_1058_best_state.pt,"{'learning_rate': 0.004815470391384868, 'lr_reduce': 0.6}",TPESampler,COMPLETE
1059,0.08126674592494965,2025-04-25 18:09:40.166643,2025-04-25 18:09:53.993149,0 days 00:00:13.826506,0.013550577520346219,368,352,272.0,,3,0.0005794706232192909,0.6,checkpoints/mlp_Pc_trial_1059_best_state.pt,"{'learning_rate': 0.0005794706232192909, 'lr_reduce': 0.6}",TPESampler,COMPLETE
1060,0.07874730229377747,2025-04-25 18:09:45.767888,2025-04-25 18:09:56.408354,0 days 00:00:10.640466,0.03484130020507004,112,320,320.0,112.0,4,0.0032004608262752423,0.6,checkpoints/mlp_Pc_trial_1060_best_state.pt,"{'learning_rate': 0.0032004608262752423, 'lr_reduce': 0.6}",TPESampler,COMPLETE
1061,0.06782320886850357,2025-04-25 18:09:47.770266,2025-04-25 18:09:56.604324,0 days 00:00:08.834058,0.004874254398861959,144,224,208.0,208.0,4,0.00171016327128484,0.6,checkpoints/mlp_Pc_trial_1061_best_state.pt,"{'learning_rate': 0.00171016327128484, 'lr_reduce': 0.6}",TPESampler,COMPLETE
1062,0.08126647025346756,2025-04-25 18:09:54.279325,2025-04-25 18:10:03.366341,0 days 00:00:09.087016,0.04287647348849177,128,272,256.0,,3,0.0017732281756676854,0.6,checkpoints/mlp_Pc_trial_1062_best_state.pt,"{'learning_rate': 0.0017732281756676854, 'lr_reduce': 0.6}",TPESampler,COMPLETE
1063,0.07079996168613434,2025-04-25 18:09:56.657445,2025-04-25 18:10:04.955523,0 days 00:00:08.298078,0.035427868041666026,48,176,304.0,112.0,4,0.009408861737524997,0.6,checkpoints/mlp_Pc_trial_1063_best_state.pt,"{'learning_rate': 0.009408861737524997, 'lr_reduce': 0.6}",TPESampler,COMPLETE
1064,0.07753241062164307,2025-04-25 18:09:56.877766,2025-04-25 18:10:07.664450,0 days 00:00:10.786684,0.013155967148981117,112,256,224.0,,3,0.0014537960098120748,0.6,checkpoints/mlp_Pc_trial_1064_best_state.pt,"{'learning_rate': 0.0014537960098120748, 'lr_reduce': 0.6}",TPESampler,COMPLETE
1065,0.07980872690677643,2025-04-25 18:10:03.637843,2025-04-25 18:10:11.647397,0 days 00:00:08.009554,0.002276548894193424,80,128,144.0,176.0,4,0.004975344851026095,0.6,checkpoints/mlp_Pc_trial_1065_best_state.pt,"{'learning_rate': 0.004975344851026095, 'lr_reduce': 0.6}",TPESampler,COMPLETE
1066,0.08517628908157349,2025-04-25 18:10:05.194485,2025-04-25 18:10:12.665764,0 days 00:00:07.471279,0.07150678644174985,48,192,320.0,112.0,4,0.004187781484672643,0.6,checkpoints/mlp_Pc_trial_1066_best_state.pt,"{'learning_rate': 0.004187781484672643, 'lr_reduce': 0.6}",TPESampler,COMPLETE
1067,0.08165448904037476,2025-04-25 18:10:07.951473,2025-04-25 18:10:19.009406,0 days 00:00:11.057933,0.06483737539065125,208,368,272.0,240.0,4,0.0009294070508463423,0.6,checkpoints/mlp_Pc_trial_1067_best_state.pt,"{'learning_rate': 0.0009294070508463423, 'lr_reduce': 0.6}",TPESampler,COMPLETE
1068,0.08488303422927856,2025-04-25 18:10:11.926174,2025-04-25 18:10:23.736886,0 days 00:00:11.810712,0.09084932389019104,128,304,240.0,,3,0.0023763639297881083,0.6,checkpoints/mlp_Pc_trial_1068_best_state.pt,"{'learning_rate': 0.0023763639297881083, 'lr_reduce': 0.6}",TPESampler,COMPLETE
1069,0.11621857434511185,2025-04-25 18:10:12.988322,2025-04-25 18:10:24.638136,0 days 00:00:11.649814,0.1798446781405724,512,400,320.0,,3,0.0004895174218229278,0.6,checkpoints/mlp_Pc_trial_1069_best_state.pt,"{'learning_rate': 0.0004895174218229278, 'lr_reduce': 0.6}",TPESampler,COMPLETE
1070,0.08706910163164139,2025-04-25 18:10:19.282095,2025-04-25 18:10:27.702824,0 days 00:00:08.420729,0.012468999587731098,48,144,176.0,,3,0.007856046603705737,0.6,checkpoints/mlp_Pc_trial_1070_best_state.pt,"{'learning_rate': 0.007856046603705737, 'lr_reduce': 0.6}",TPESampler,COMPLETE
1071,0.07985643297433853,2025-04-25 18:10:24.003238,2025-04-25 18:10:32.801596,0 days 00:00:08.798358,0.03693405802722243,176,432,272.0,,3,0.0031326841302257045,0.6,checkpoints/mlp_Pc_trial_1071_best_state.pt,"{'learning_rate': 0.0031326841302257045, 'lr_reduce': 0.6}",TPESampler,COMPLETE
1072,0.08267280459403992,2025-04-25 18:10:24.962541,2025-04-25 18:10:34.160331,0 days 00:00:09.197790,0.05859542403633239,32,112,208.0,112.0,4,0.007692155209103941,0.6,checkpoints/mlp_Pc_trial_1072_best_state.pt,"{'learning_rate': 0.007692155209103941, 'lr_reduce': 0.6}",TPESampler,COMPLETE
1073,0.07522343099117279,2025-04-25 18:10:27.988038,2025-04-25 18:10:40.924800,0 days 00:00:12.936762,0.04588665308900951,128,512,272.0,176.0,4,0.001894546067868896,0.6,checkpoints/mlp_Pc_trial_1073_best_state.pt,"{'learning_rate': 0.001894546067868896, 'lr_reduce': 0.6}",TPESampler,COMPLETE
1074,0.08224858343601227,2025-04-25 18:10:33.037916,2025-04-25 18:10:40.751801,0 days 00:00:07.713885,0.00014700298454205576,96,112,320.0,112.0,4,0.009964635991788137,0.6,checkpoints/mlp_Pc_trial_1074_best_state.pt,"{'learning_rate': 0.009964635991788137, 'lr_reduce': 0.6}",TPESampler,COMPLETE
1075,0.08396975696086884,2025-04-25 18:10:34.572564,2025-04-25 18:10:44.275092,0 days 00:00:09.702528,0.008072547380320483,32,176,224.0,112.0,4,0.004119868777859363,0.6,checkpoints/mlp_Pc_trial_1075_best_state.pt,"{'learning_rate': 0.004119868777859363, 'lr_reduce': 0.6}",TPESampler,COMPLETE
1076,0.08682052046060562,2025-04-25 18:10:41.004146,2025-04-25 18:10:51.784073,0 days 00:00:10.779927,0.03571416032383362,96,272,320.0,176.0,4,0.0031490518063688757,0.6,checkpoints/mlp_Pc_trial_1076_best_state.pt,"{'learning_rate': 0.0031490518063688757, 'lr_reduce': 0.6}",TPESampler,COMPLETE
1077,0.07420799881219864,2025-04-25 18:10:41.262384,2025-04-25 18:10:51.707364,0 days 00:00:10.444980,0.002650195256719917,256,416,512.0,112.0,4,0.0013981581216067026,0.6,checkpoints/mlp_Pc_trial_1077_best_state.pt,"{'learning_rate': 0.0013981581216067026, 'lr_reduce': 0.6}",TPESampler,COMPLETE
1078,0.07425948977470398,2025-04-25 18:10:44.554323,2025-04-25 18:10:52.650124,0 days 00:00:08.095801,0.010665175159842954,32,160,272.0,224.0,4,0.008646800800391853,0.6,checkpoints/mlp_Pc_trial_1078_best_state.pt,"{'learning_rate': 0.008646800800391853, 'lr_reduce': 0.6}",TPESampler,COMPLETE
1079,0.07414612919092178,2025-04-25 18:10:51.931853,2025-04-25 18:11:06.097207,0 days 00:00:14.165354,0.025249267362168475,64,320,240.0,,3,0.0016441188140559162,0.6,checkpoints/mlp_Pc_trial_1079_best_state.pt,"{'learning_rate': 0.0016441188140559162, 'lr_reduce': 0.6}",TPESampler,COMPLETE
1080,0.06727393716573715,2025-04-25 18:10:52.056162,2025-04-25 18:11:04.086540,0 days 00:00:12.030378,0.004632968052206251,144,432,192.0,,3,0.0017301827301340513,0.6,checkpoints/mlp_Pc_trial_1080_best_state.pt,"{'learning_rate': 0.0017301827301340513, 'lr_reduce': 0.6}",TPESampler,COMPLETE
1081,0.10433214902877808,2025-04-25 18:10:53.021444,2025-04-25 18:11:11.866313,0 days 00:00:18.844869,0.06847423663834996,160,176,320.0,,3,0.00027498318898057085,0.6,checkpoints/mlp_Pc_trial_1081_best_state.pt,"{'learning_rate': 0.00027498318898057085, 'lr_reduce': 0.6}",TPESampler,COMPLETE
1082,0.08477074652910233,2025-04-25 18:11:04.381062,2025-04-25 18:11:11.901113,0 days 00:00:07.520051,0.043246330915658215,256,112,272.0,,3,0.004220114052264406,0.6,checkpoints/mlp_Pc_trial_1082_best_state.pt,"{'learning_rate': 0.004220114052264406, 'lr_reduce': 0.6}",TPESampler,COMPLETE
1083,0.0843072310090065,2025-04-25 18:11:06.387152,2025-04-25 18:11:17.127224,0 days 00:00:10.740072,0.07603792883914978,48,368,320.0,,3,0.003275729608842572,0.6,checkpoints/mlp_Pc_trial_1083_best_state.pt,"{'learning_rate': 0.003275729608842572, 'lr_reduce': 0.6}",TPESampler,COMPLETE
1084,0.07995325326919556,2025-04-25 18:11:12.092772,2025-04-25 18:11:27.975345,0 days 00:00:15.882573,0.1828935719473,128,448,240.0,,3,0.004736152852037471,0.6,checkpoints/mlp_Pc_trial_1084_best_state.pt,"{'learning_rate': 0.004736152852037471, 'lr_reduce': 0.6}",TPESampler,COMPLETE
1085,0.07551281154155731,2025-04-25 18:11:12.152372,2025-04-25 18:11:20.276720,0 days 00:00:08.124348,0.03346909306329267,32,112,240.0,96.0,4,0.0047706606463869886,0.6,checkpoints/mlp_Pc_trial_1085_best_state.pt,"{'learning_rate': 0.0047706606463869886, 'lr_reduce': 0.6}",TPESampler,COMPLETE
1086,0.07768047600984573,2025-04-25 18:11:17.369705,2025-04-25 18:11:32.114707,0 days 00:00:14.745002,0.07779448589016867,176,192,480.0,160.0,4,0.0006949159195357026,0.6,checkpoints/mlp_Pc_trial_1086_best_state.pt,"{'learning_rate': 0.0006949159195357026, 'lr_reduce': 0.6}",TPESampler,COMPLETE
1087,0.07362382858991623,2025-04-25 18:11:20.589286,2025-04-25 18:11:30.621838,0 days 00:00:10.032552,0.0510808837973007,144,128,288.0,80.0,4,0.0012348601115997307,0.6,checkpoints/mlp_Pc_trial_1087_best_state.pt,"{'learning_rate': 0.0012348601115997307, 'lr_reduce': 0.6}",TPESampler,COMPLETE
1088,0.07592490315437317,2025-04-25 18:11:28.228841,2025-04-25 18:11:37.145939,0 days 00:00:08.917098,0.01950356385345977,32,112,128.0,160.0,4,0.008969990240541525,0.6,checkpoints/mlp_Pc_trial_1088_best_state.pt,"{'learning_rate': 0.008969990240541525, 'lr_reduce': 0.6}",TPESampler,COMPLETE
1089,0.08942954987287521,2025-04-25 18:11:30.896090,2025-04-25 18:11:49.066874,0 days 00:00:18.170784,0.005707462177887975,96,352,,,2,0.0007157143718717316,0.6,checkpoints/mlp_Pc_trial_1089_best_state.pt,"{'learning_rate': 0.0007157143718717316, 'lr_reduce': 0.6}",TPESampler,COMPLETE
1090,0.07950463145971298,2025-04-25 18:11:32.406793,2025-04-25 18:11:40.877011,0 days 00:00:08.470218,0.04574293669300357,112,288,192.0,80.0,4,0.005247856925812745,0.6,checkpoints/mlp_Pc_trial_1090_best_state.pt,"{'learning_rate': 0.005247856925812745, 'lr_reduce': 0.6}",TPESampler,COMPLETE
1091,0.07539752125740051,2025-04-25 18:11:37.404795,2025-04-25 18:11:50.454670,0 days 00:00:13.049875,0.000514075190539785,160,160,320.0,224.0,4,0.004215538189987421,0.6,checkpoints/mlp_Pc_trial_1091_best_state.pt,"{'learning_rate': 0.004215538189987421, 'lr_reduce': 0.6}",TPESampler,COMPLETE
1092,0.10909448564052582,2025-04-25 18:11:41.345038,2025-04-25 18:11:52.267366,0 days 00:00:10.922328,0.2902225948896148,272,320,272.0,128.0,4,0.009740156626449942,0.6,checkpoints/mlp_Pc_trial_1092_best_state.pt,"{'learning_rate': 0.009740156626449942, 'lr_reduce': 0.6}",TPESampler,COMPLETE
1093,0.0682338997721672,2025-04-25 18:11:49.367539,2025-04-25 18:12:02.729773,0 days 00:00:13.362234,0.05246757068638097,32,256,320.0,96.0,4,0.0028319830480154533,0.6,checkpoints/mlp_Pc_trial_1093_best_state.pt,"{'learning_rate': 0.0028319830480154533, 'lr_reduce': 0.6}",TPESampler,COMPLETE
1094,0.09056676179170609,2025-04-25 18:11:50.710413,2025-04-25 18:11:58.215335,0 days 00:00:07.504922,0.006107813168336876,112,192,224.0,272.0,4,0.0032938468033007233,0.6,checkpoints/mlp_Pc_trial_1094_best_state.pt,"{'learning_rate': 0.0032938468033007233, 'lr_reduce': 0.6}",TPESampler,COMPLETE
1095,0.07477954030036926,2025-04-25 18:11:52.551241,2025-04-25 18:12:04.613566,0 days 00:00:12.062325,0.0019149339747340033,32,160,480.0,160.0,4,0.002806844406686517,0.6,checkpoints/mlp_Pc_trial_1095_best_state.pt,"{'learning_rate': 0.002806844406686517, 'lr_reduce': 0.6}",TPESampler,COMPLETE
1096,0.09412360191345215,2025-04-25 18:11:58.504453,2025-04-25 18:12:12.208114,0 days 00:00:13.703661,0.0648266688494438,224,496,272.0,80.0,4,0.0008573905845014868,0.6,checkpoints/mlp_Pc_trial_1096_best_state.pt,"{'learning_rate': 0.0008573905845014868, 'lr_reduce': 0.6}",TPESampler,COMPLETE
1097,0.07271410524845123,2025-04-25 18:12:03.014228,2025-04-25 18:12:13.207806,0 days 00:00:10.193578,0.0008924379042390615,96,144,192.0,,3,0.002426580040107023,0.6,checkpoints/mlp_Pc_trial_1097_best_state.pt,"{'learning_rate': 0.002426580040107023, 'lr_reduce': 0.6}",TPESampler,COMPLETE
1098,0.07791353762149811,2025-04-25 18:12:04.912795,2025-04-25 18:12:17.357571,0 days 00:00:12.444776,0.06158185904252064,32,240,336.0,208.0,4,0.005096227590960416,0.6,checkpoints/mlp_Pc_trial_1098_best_state.pt,"{'learning_rate': 0.005096227590960416, 'lr_reduce': 0.6}",TPESampler,COMPLETE
1099,0.07151151448488235,2025-04-25 18:12:12.610464,2025-04-25 18:12:23.607767,0 days 00:00:10.997303,0.03183805536442967,192,256,240.0,80.0,4,0.0011445863963976386,0.6,checkpoints/mlp_Pc_trial_1099_best_state.pt,"{'learning_rate': 0.0011445863963976386, 'lr_reduce': 0.6}",TPESampler,COMPLETE
1100,0.06533674895763397,2025-04-25 18:12:13.492319,2025-04-25 18:12:31.532138,0 days 00:00:18.039819,0.029350386163446273,64,400,320.0,144.0,4,0.0019049404331282199,0.6,checkpoints/mlp_Pc_trial_1100_best_state.pt,"{'learning_rate': 0.0019049404331282199, 'lr_reduce': 0.6}",TPESampler,COMPLETE
1101,0.06689741462469101,2025-04-25 18:12:17.627321,2025-04-25 18:12:26.384530,0 days 00:00:08.757209,0.03630061250855285,48,224,272.0,80.0,4,0.009138814717385762,0.6,checkpoints/mlp_Pc_trial_1101_best_state.pt,"{'learning_rate': 0.009138814717385762, 'lr_reduce': 0.6}",TPESampler,COMPLETE
1102,0.08240363001823425,2025-04-25 18:12:23.848869,2025-04-25 18:12:30.472743,0 days 00:00:06.623874,0.029523897262082134,224,96,480.0,176.0,4,0.008080139743975777,0.6,checkpoints/mlp_Pc_trial_1102_best_state.pt,"{'learning_rate': 0.008080139743975777, 'lr_reduce': 0.6}",TPESampler,COMPLETE
1103,0.07290136069059372,2025-04-25 18:12:26.659363,2025-04-25 18:12:35.667722,0 days 00:00:09.008359,0.046223441551024994,128,176,176.0,128.0,4,0.005256703979193056,0.6,checkpoints/mlp_Pc_trial_1103_best_state.pt,"{'learning_rate': 0.005256703979193056, 'lr_reduce': 0.6}",TPESampler,COMPLETE
1104,0.06509584933519363,2025-04-25 18:12:30.794166,2025-04-25 18:12:44.777505,0 days 00:00:13.983339,0.07822735862109795,32,256,240.0,,3,0.0030403818311408475,0.6,checkpoints/mlp_Pc_trial_1104_best_state.pt,"{'learning_rate': 0.0030403818311408475, 'lr_reduce': 0.6}",TPESampler,COMPLETE
1105,0.08203665167093277,2025-04-25 18:12:31.876569,2025-04-25 18:12:43.203559,0 days 00:00:11.326990,0.004905749237209719,224,496,336.0,80.0,4,0.0012135319964497707,0.6,checkpoints/mlp_Pc_trial_1105_best_state.pt,"{'learning_rate': 0.0012135319964497707, 'lr_reduce': 0.6}",TPESampler,COMPLETE
1106,0.14591997861862183,2025-04-25 18:12:35.940384,2025-04-25 18:13:09.463635,0 days 00:00:33.523251,0.13918866779812494,416,336,288.0,224.0,4,0.00015153066456588679,0.6,checkpoints/mlp_Pc_trial_1106_best_state.pt,"{'learning_rate': 0.00015153066456588679, 'lr_reduce': 0.6}",TPESampler,COMPLETE
1107,0.0660986602306366,2025-04-25 18:12:43.497176,2025-04-25 18:13:00.685801,0 days 00:00:17.188625,0.0046903865646367865,240,448,224.0,,3,0.0016551871537469557,0.6,checkpoints/mlp_Pc_trial_1107_best_state.pt,"{'learning_rate': 0.0016551871537469557, 'lr_reduce': 0.6}",TPESampler,COMPLETE
1108,0.10708408802747726,2025-04-25 18:12:45.317499,2025-04-25 18:12:58.814853,0 days 00:00:13.497354,0.11980212560994094,48,256,208.0,,3,0.0026817543713626222,0.6,checkpoints/mlp_Pc_trial_1108_best_state.pt,"{'learning_rate': 0.0026817543713626222, 'lr_reduce': 0.6}",TPESampler,COMPLETE
1109,0.074791818857193,2025-04-25 18:12:59.067468,2025-04-25 18:13:08.420344,0 days 00:00:09.352876,0.0019921825372353204,128,512,240.0,144.0,4,0.002106165463757969,0.6,checkpoints/mlp_Pc_trial_1109_best_state.pt,"{'learning_rate': 0.002106165463757969, 'lr_reduce': 0.6}",TPESampler,COMPLETE
1110,0.08542100340127945,2025-04-25 18:13:00.986654,2025-04-25 18:13:08.082034,0 days 00:00:07.095380,0.07318900001848794,48,192,224.0,,3,0.00743050625204556,0.6,checkpoints/mlp_Pc_trial_1110_best_state.pt,"{'learning_rate': 0.00743050625204556, 'lr_reduce': 0.6}",TPESampler,COMPLETE
1111,0.09190263599157333,2025-04-25 18:13:08.353113,2025-04-25 18:13:14.133428,0 days 00:00:05.780315,0.06611445915379767,48,288,160.0,,3,0.006488729824765043,0.6,checkpoints/mlp_Pc_trial_1111_best_state.pt,"{'learning_rate': 0.006488729824765043, 'lr_reduce': 0.6}",TPESampler,COMPLETE
1112,0.08758857101202011,2025-04-25 18:13:08.902878,2025-04-25 18:13:16.191536,0 days 00:00:07.288658,0.11597648529909167,64,288,240.0,,3,0.0040879925982345786,0.6,checkpoints/mlp_Pc_trial_1112_best_state.pt,"{'learning_rate': 0.0040879925982345786, 'lr_reduce': 0.6}",TPESampler,COMPLETE
1113,0.10026378184556961,2025-04-25 18:13:09.763197,2025-04-25 18:13:17.313770,0 days 00:00:07.550573,0.04342423520891257,160,96,256.0,80.0,4,0.009648036788431685,0.6,checkpoints/mlp_Pc_trial_1113_best_state.pt,"{'learning_rate': 0.009648036788431685, 'lr_reduce': 0.6}",TPESampler,COMPLETE
1114,0.10067574679851532,2025-04-25 18:13:14.393934,2025-04-25 18:13:29.151242,0 days 00:00:14.757308,0.14116157335809665,32,240,,,2,0.0022582095059292015,0.6,checkpoints/mlp_Pc_trial_1114_best_state.pt,"{'learning_rate': 0.0022582095059292015, 'lr_reduce': 0.6}",TPESampler,COMPLETE
1115,0.08195462077856064,2025-04-25 18:13:16.426725,2025-04-25 18:13:26.293019,0 days 00:00:09.866294,0.057982897806767734,112,368,224.0,112.0,4,0.004597673629257986,0.6,checkpoints/mlp_Pc_trial_1115_best_state.pt,"{'learning_rate': 0.004597673629257986, 'lr_reduce': 0.6}",TPESampler,COMPLETE
1116,0.08503115922212601,2025-04-25 18:13:17.614418,2025-04-25 18:13:24.604496,0 days 00:00:06.990078,0.0005085110984807267,128,160,272.0,192.0,4,0.005088034009591134,0.6,checkpoints/mlp_Pc_trial_1116_best_state.pt,"{'learning_rate': 0.005088034009591134, 'lr_reduce': 0.6}",TPESampler,COMPLETE
1117,0.1137012392282486,2025-04-25 18:13:25.055384,2025-04-25 18:13:34.288932,0 days 00:00:09.233548,0.12318090951919825,128,304,208.0,128.0,4,0.001738257057270612,0.6,checkpoints/mlp_Pc_trial_1117_best_state.pt,"{'learning_rate': 0.001738257057270612, 'lr_reduce': 0.6}",TPESampler,COMPLETE
1118,0.07907886803150177,2025-04-25 18:13:26.577552,2025-04-25 18:13:36.864904,0 days 00:00:10.287352,0.003514344038298865,48,224,272.0,272.0,4,0.006314535135615727,0.6,checkpoints/mlp_Pc_trial_1118_best_state.pt,"{'learning_rate': 0.006314535135615727, 'lr_reduce': 0.6}",TPESampler,COMPLETE
