number,value,datetime_start,datetime_complete,duration,params_final_dropout,params_mlp_dim_00,params_mlp_dim_01,params_mlp_dim_02,params_mlp_dim_03,params_mlp_n_layers,params_train_learning_rate,params_train_lr_reduce,user_attrs_best_state_dict_path,user_attrs_training_params,system_attrs_auto:sampler,state
2232,0.0796567052602768,2025-04-25 19:29:43.774766,2025-04-25 19:29:54.537038,0 days 00:00:10.762272,0.04848866907497597,224,416,272.0,,3,0.0013713275309762925,0.6,checkpoints/mlp_Pc_trial_2232_best_state.pt,"{'learning_rate': 0.0013713275309762925, 'lr_reduce': 0.6}",TPESampler,COMPLETE
2233,0.08504509925842285,2025-04-25 19:29:46.049055,2025-04-25 19:29:59.611582,0 days 00:00:13.562527,0.051148098820025995,64,512,192.0,32.0,4,0.0012399333516327968,0.6,checkpoints/mlp_Pc_trial_2233_best_state.pt,"{'learning_rate': 0.0012399333516327968, 'lr_reduce': 0.6}",TPESampler,COMPLETE
2234,0.139411062002182,2025-04-25 19:29:54.879480,2025-04-25 19:30:02.497760,0 days 00:00:07.618280,0.27782530907209746,32,64,352.0,96.0,4,0.007833604294909067,0.6,checkpoints/mlp_Pc_trial_2234_best_state.pt,"{'learning_rate': 0.007833604294909067, 'lr_reduce': 0.6}",TPESampler,COMPLETE
2235,0.08570076525211334,2025-04-25 19:30:00.272227,2025-04-25 19:30:13.541513,0 days 00:00:13.269286,0.10776946935804768,432,304,240.0,128.0,4,0.0019814671607972347,0.6,checkpoints/mlp_Pc_trial_2235_best_state.pt,"{'learning_rate': 0.0019814671607972347, 'lr_reduce': 0.6}",TPESampler,COMPLETE
2236,0.08375649899244308,2025-04-25 19:30:02.665979,2025-04-25 19:30:10.687623,0 days 00:00:08.021644,0.08394573839847108,48,384,288.0,,3,0.006619041705487646,0.6,checkpoints/mlp_Pc_trial_2236_best_state.pt,"{'learning_rate': 0.006619041705487646, 'lr_reduce': 0.6}",TPESampler,COMPLETE
2237,0.07821521908044815,2025-04-25 19:30:02.785624,2025-04-25 19:30:15.138960,0 days 00:00:12.353336,0.08780895615291687,48,400,320.0,,3,0.003552438472873055,0.6,checkpoints/mlp_Pc_trial_2237_best_state.pt,"{'learning_rate': 0.003552438472873055, 'lr_reduce': 0.6}",TPESampler,COMPLETE
2238,0.0706910640001297,2025-04-25 19:30:10.993010,2025-04-25 19:30:25.347997,0 days 00:00:14.354987,0.03860433793687869,64,432,160.0,,3,0.002484639833694954,0.6,checkpoints/mlp_Pc_trial_2238_best_state.pt,"{'learning_rate': 0.002484639833694954, 'lr_reduce': 0.6}",TPESampler,COMPLETE
2239,0.08012183755636215,2025-04-25 19:30:13.845297,2025-04-25 19:30:22.166669,0 days 00:00:08.321372,0.04975870443315908,112,224,240.0,,3,0.00964201819173572,0.6,checkpoints/mlp_Pc_trial_2239_best_state.pt,"{'learning_rate': 0.00964201819173572, 'lr_reduce': 0.6}",TPESampler,COMPLETE
2240,0.07789724320173264,2025-04-25 19:30:15.482273,2025-04-25 19:30:27.902002,0 days 00:00:12.419729,0.15013187526541852,80,384,368.0,,3,0.007357681152598185,0.6,checkpoints/mlp_Pc_trial_2240_best_state.pt,"{'learning_rate': 0.007357681152598185, 'lr_reduce': 0.6}",TPESampler,COMPLETE
2241,0.07800804823637009,2025-04-25 19:30:22.449036,2025-04-25 19:30:34.355221,0 days 00:00:11.906185,0.01289597884389563,32,224,288.0,176.0,4,0.008145761500701598,0.6,checkpoints/mlp_Pc_trial_2241_best_state.pt,"{'learning_rate': 0.008145761500701598, 'lr_reduce': 0.6}",TPESampler,COMPLETE
2242,0.08978059887886047,2025-04-25 19:30:25.672058,2025-04-25 19:30:35.519354,0 days 00:00:09.847296,0.03815373402646869,32,192,208.0,80.0,4,0.002882457563471439,0.6,checkpoints/mlp_Pc_trial_2242_best_state.pt,"{'learning_rate': 0.002882457563471439, 'lr_reduce': 0.6}",TPESampler,COMPLETE
2243,0.07905182987451553,2025-04-25 19:30:28.236432,2025-04-25 19:30:38.246310,0 days 00:00:10.009878,0.004321495292306669,144,192,320.0,128.0,4,0.005791774109913009,0.6,checkpoints/mlp_Pc_trial_2243_best_state.pt,"{'learning_rate': 0.005791774109913009, 'lr_reduce': 0.6}",TPESampler,COMPLETE
2244,0.08448351174592972,2025-04-25 19:30:34.676652,2025-04-25 19:30:46.267236,0 days 00:00:11.590584,0.07244460932524134,96,480,256.0,,3,0.007239411819410198,0.6,checkpoints/mlp_Pc_trial_2244_best_state.pt,"{'learning_rate': 0.007239411819410198, 'lr_reduce': 0.6}",TPESampler,COMPLETE
2245,0.06888052076101303,2025-04-25 19:30:35.859114,2025-04-25 19:30:45.233946,0 days 00:00:09.374832,0.03802109114745532,192,144,32.0,,3,0.005116205440221149,0.6,checkpoints/mlp_Pc_trial_2245_best_state.pt,"{'learning_rate': 0.005116205440221149, 'lr_reduce': 0.6}",TPESampler,COMPLETE
2246,0.06418245285749435,2025-04-25 19:30:38.571254,2025-04-25 19:30:51.984051,0 days 00:00:13.412797,0.0016228601358303837,96,96,368.0,,3,0.0039541084570530365,0.6,checkpoints/mlp_Pc_trial_2246_best_state.pt,"{'learning_rate': 0.0039541084570530365, 'lr_reduce': 0.6}",TPESampler,COMPLETE
2247,0.07212909311056137,2025-04-25 19:30:45.550900,2025-04-25 19:30:56.223550,0 days 00:00:10.672650,0.0699816073431591,32,432,272.0,,3,0.0058730150805244635,0.6,checkpoints/mlp_Pc_trial_2247_best_state.pt,"{'learning_rate': 0.0058730150805244635, 'lr_reduce': 0.6}",TPESampler,COMPLETE
2248,0.06516388803720474,2025-04-25 19:30:46.539514,2025-04-25 19:30:56.183337,0 days 00:00:09.643823,0.009713246768388596,32,256,320.0,,3,0.009203809389719483,0.6,checkpoints/mlp_Pc_trial_2248_best_state.pt,"{'learning_rate': 0.009203809389719483, 'lr_reduce': 0.6}",TPESampler,COMPLETE
2249,0.08809791505336761,2025-04-25 19:30:52.297612,2025-04-25 19:31:02.585545,0 days 00:00:10.287933,0.018109205089923527,32,144,208.0,,3,0.003474451029037776,0.6,checkpoints/mlp_Pc_trial_2249_best_state.pt,"{'learning_rate': 0.003474451029037776, 'lr_reduce': 0.6}",TPESampler,COMPLETE
2250,0.07850916683673859,2025-04-25 19:30:56.465890,2025-04-25 19:31:12.981772,0 days 00:00:16.515882,0.06408252187137131,32,496,288.0,,3,0.0043371192237172465,0.6,checkpoints/mlp_Pc_trial_2250_best_state.pt,"{'learning_rate': 0.0043371192237172465, 'lr_reduce': 0.6}",TPESampler,COMPLETE
2251,0.0743497759103775,2025-04-25 19:30:56.535233,2025-04-25 19:31:09.459322,0 days 00:00:12.924089,0.09861393652046756,64,416,288.0,,3,0.009268392675132433,0.6,checkpoints/mlp_Pc_trial_2251_best_state.pt,"{'learning_rate': 0.009268392675132433, 'lr_reduce': 0.6}",TPESampler,COMPLETE
2252,0.08063965290784836,2025-04-25 19:31:02.864884,2025-04-25 19:31:11.659355,0 days 00:00:08.794471,0.09613450947705138,128,288,240.0,64.0,4,0.004323324752989672,0.6,checkpoints/mlp_Pc_trial_2252_best_state.pt,"{'learning_rate': 0.004323324752989672, 'lr_reduce': 0.6}",TPESampler,COMPLETE
2253,0.0789959579706192,2025-04-25 19:31:09.746428,2025-04-25 19:31:21.250412,0 days 00:00:11.503984,0.0559550744865025,160,448,352.0,176.0,4,0.0013496526750598177,0.6,checkpoints/mlp_Pc_trial_2253_best_state.pt,"{'learning_rate': 0.0013496526750598177, 'lr_reduce': 0.6}",TPESampler,COMPLETE
2254,0.14930716156959534,2025-04-25 19:31:11.995157,2025-04-25 19:31:26.235628,0 days 00:00:14.240471,0.27877253889818654,336,192,144.0,32.0,4,0.001124500132798003,0.6,checkpoints/mlp_Pc_trial_2254_best_state.pt,"{'learning_rate': 0.001124500132798003, 'lr_reduce': 0.6}",TPESampler,COMPLETE
2255,0.07011301815509796,2025-04-25 19:31:13.490767,2025-04-25 19:31:24.167063,0 days 00:00:10.676296,0.007036579441098881,208,320,240.0,112.0,4,0.0019134863696429534,0.6,checkpoints/mlp_Pc_trial_2255_best_state.pt,"{'learning_rate': 0.0019134863696429534, 'lr_reduce': 0.6}",TPESampler,COMPLETE
2256,0.09579792618751526,2025-04-25 19:31:21.572400,2025-04-25 19:31:30.576930,0 days 00:00:09.004530,0.09600545931251654,48,432,,,2,0.006109661792642055,0.6,checkpoints/mlp_Pc_trial_2256_best_state.pt,"{'learning_rate': 0.006109661792642055, 'lr_reduce': 0.6}",TPESampler,COMPLETE
2257,0.07725702226161957,2025-04-25 19:31:24.482638,2025-04-25 19:31:34.723820,0 days 00:00:10.241182,0.1426746675506319,64,512,,,2,0.009078463712555761,0.6,checkpoints/mlp_Pc_trial_2257_best_state.pt,"{'learning_rate': 0.009078463712555761, 'lr_reduce': 0.6}",TPESampler,COMPLETE
2258,0.08679892867803574,2025-04-25 19:31:26.603113,2025-04-25 19:31:35.355588,0 days 00:00:08.752475,0.023953655444460688,368,176,320.0,,3,0.008921512581235016,0.6,checkpoints/mlp_Pc_trial_2258_best_state.pt,"{'learning_rate': 0.008921512581235016, 'lr_reduce': 0.6}",TPESampler,COMPLETE
2259,0.08386775851249695,2025-04-25 19:31:31.083962,2025-04-25 19:31:41.565204,0 days 00:00:10.481242,0.003905007447591764,64,240,368.0,176.0,4,0.009447949921118784,0.6,checkpoints/mlp_Pc_trial_2259_best_state.pt,"{'learning_rate': 0.009447949921118784, 'lr_reduce': 0.6}",TPESampler,COMPLETE
2260,0.07353450357913971,2025-04-25 19:31:35.015416,2025-04-25 19:31:45.203443,0 days 00:00:10.188027,0.006326468657354904,32,192,192.0,,3,0.009649489999203897,0.6,checkpoints/mlp_Pc_trial_2260_best_state.pt,"{'learning_rate': 0.009649489999203897, 'lr_reduce': 0.6}",TPESampler,COMPLETE
2261,0.08927963674068451,2025-04-25 19:31:35.690839,2025-04-25 19:31:46.313781,0 days 00:00:10.622942,0.08819250628802873,32,240,272.0,,3,0.006310650423662326,0.6,checkpoints/mlp_Pc_trial_2261_best_state.pt,"{'learning_rate': 0.006310650423662326, 'lr_reduce': 0.6}",TPESampler,COMPLETE
2262,0.07119735330343246,2025-04-25 19:31:41.897478,2025-04-25 19:31:53.330370,0 days 00:00:11.432892,0.0467977700977683,96,176,,,2,0.009969382174440851,0.6,checkpoints/mlp_Pc_trial_2262_best_state.pt,"{'learning_rate': 0.009969382174440851, 'lr_reduce': 0.6}",TPESampler,COMPLETE
2263,0.0876624658703804,2025-04-25 19:31:45.507209,2025-04-25 19:31:59.238323,0 days 00:00:13.731114,0.09134583528646052,32,432,320.0,,3,0.009737588392009885,0.6,checkpoints/mlp_Pc_trial_2263_best_state.pt,"{'learning_rate': 0.009737588392009885, 'lr_reduce': 0.6}",TPESampler,COMPLETE
2264,0.08040433377027512,2025-04-25 19:31:46.723667,2025-04-25 19:31:55.238641,0 days 00:00:08.514974,0.0011033533719070662,32,48,240.0,,3,0.009331122761190348,0.6,checkpoints/mlp_Pc_trial_2264_best_state.pt,"{'learning_rate': 0.009331122761190348, 'lr_reduce': 0.6}",TPESampler,COMPLETE
2265,0.08814720064401627,2025-04-25 19:31:53.649591,2025-04-25 19:32:12.684246,0 days 00:00:19.034655,0.001392957192555994,32,160,288.0,,3,0.002892366899749249,0.6,checkpoints/mlp_Pc_trial_2265_best_state.pt,"{'learning_rate': 0.002892366899749249, 'lr_reduce': 0.6}",TPESampler,COMPLETE
2266,0.08123771101236343,2025-04-25 19:31:55.613554,2025-04-25 19:32:14.368708,0 days 00:00:18.755154,0.11325203075745931,256,512,368.0,,3,0.0009003367554268052,0.6,checkpoints/mlp_Pc_trial_2266_best_state.pt,"{'learning_rate': 0.0009003367554268052, 'lr_reduce': 0.6}",TPESampler,COMPLETE
2267,0.0836419090628624,2025-04-25 19:31:59.873101,2025-04-25 19:32:08.635494,0 days 00:00:08.762393,0.047471026862064156,96,128,208.0,,3,0.009253308709854116,0.6,checkpoints/mlp_Pc_trial_2267_best_state.pt,"{'learning_rate': 0.009253308709854116, 'lr_reduce': 0.6}",TPESampler,COMPLETE
2268,0.08788152039051056,2025-04-25 19:32:09.341175,2025-04-25 19:32:22.342256,0 days 00:00:13.001081,0.11028725366864921,160,512,256.0,80.0,4,0.0012942330497476681,0.6,checkpoints/mlp_Pc_trial_2268_best_state.pt,"{'learning_rate': 0.0012942330497476681, 'lr_reduce': 0.6}",TPESampler,COMPLETE
2269,0.08231893926858902,2025-04-25 19:32:13.010331,2025-04-25 19:32:27.564252,0 days 00:00:14.553921,0.10554270032955229,320,336,,,2,0.0010321771928342449,0.6,checkpoints/mlp_Pc_trial_2269_best_state.pt,"{'learning_rate': 0.0010321771928342449, 'lr_reduce': 0.6}",TPESampler,COMPLETE
2270,0.08786044269800186,2025-04-25 19:32:14.719083,2025-04-25 19:32:22.971570,0 days 00:00:08.252487,0.07081328933191955,48,112,,,2,0.005981985305020088,0.6,checkpoints/mlp_Pc_trial_2270_best_state.pt,"{'learning_rate': 0.005981985305020088, 'lr_reduce': 0.6}",TPESampler,COMPLETE
2271,0.09549547731876373,2025-04-25 19:32:22.657174,2025-04-25 19:32:35.395726,0 days 00:00:12.738552,0.0705228000904867,128,400,,,2,0.0012180920677847267,0.6,checkpoints/mlp_Pc_trial_2271_best_state.pt,"{'learning_rate': 0.0012180920677847267, 'lr_reduce': 0.6}",TPESampler,COMPLETE
2272,0.0765555277466774,2025-04-25 19:32:23.291033,2025-04-25 19:32:34.014204,0 days 00:00:10.723171,0.00916944572475599,336,144,320.0,128.0,4,0.00942393987430184,0.6,checkpoints/mlp_Pc_trial_2272_best_state.pt,"{'learning_rate': 0.00942393987430184, 'lr_reduce': 0.6}",TPESampler,COMPLETE
2273,0.07547661662101746,2025-04-25 19:32:27.879033,2025-04-25 19:32:35.635952,0 days 00:00:07.756919,0.041032552416697766,80,208,288.0,80.0,4,0.005379666664597198,0.6,checkpoints/mlp_Pc_trial_2273_best_state.pt,"{'learning_rate': 0.005379666664597198, 'lr_reduce': 0.6}",TPESampler,COMPLETE
2274,0.08826759457588196,2025-04-25 19:32:34.305359,2025-04-25 19:32:44.883362,0 days 00:00:10.578003,0.017288561833999586,240,208,336.0,144.0,4,0.009938081749004176,0.6,checkpoints/mlp_Pc_trial_2274_best_state.pt,"{'learning_rate': 0.009938081749004176, 'lr_reduce': 0.6}",TPESampler,COMPLETE
2275,0.0864703357219696,2025-04-25 19:32:35.723073,2025-04-25 19:32:51.369015,0 days 00:00:15.645942,0.023185202717609973,48,512,,,2,0.00407409951714943,0.6,checkpoints/mlp_Pc_trial_2275_best_state.pt,"{'learning_rate': 0.00407409951714943, 'lr_reduce': 0.6}",TPESampler,COMPLETE
2276,0.0803796797990799,2025-04-25 19:32:36.035922,2025-04-25 19:32:48.261211,0 days 00:00:12.225289,0.08022219630633713,112,288,240.0,64.0,4,0.005244160665938107,0.6,checkpoints/mlp_Pc_trial_2276_best_state.pt,"{'learning_rate': 0.005244160665938107, 'lr_reduce': 0.6}",TPESampler,COMPLETE
2277,0.18221718072891235,2025-04-25 19:32:45.603161,2025-04-25 19:33:04.378536,0 days 00:00:18.775375,0.2734396850788381,160,208,176.0,,3,0.0006612184380360304,0.6,checkpoints/mlp_Pc_trial_2277_best_state.pt,"{'learning_rate': 0.0006612184380360304, 'lr_reduce': 0.6}",TPESampler,COMPLETE
2278,0.07525883615016937,2025-04-25 19:32:48.693437,2025-04-25 19:33:01.027104,0 days 00:00:12.333667,0.04822026642457851,304,144,368.0,176.0,4,0.004074451635313662,0.6,checkpoints/mlp_Pc_trial_2278_best_state.pt,"{'learning_rate': 0.004074451635313662, 'lr_reduce': 0.6}",TPESampler,COMPLETE
2279,0.0721442699432373,2025-04-25 19:32:52.037107,2025-04-25 19:33:04.758162,0 days 00:00:12.721055,0.03871925152266238,144,448,272.0,32.0,4,0.0008348902366781685,0.6,checkpoints/mlp_Pc_trial_2279_best_state.pt,"{'learning_rate': 0.0008348902366781685, 'lr_reduce': 0.6}",TPESampler,COMPLETE
2280,0.07089751213788986,2025-04-25 19:33:01.344342,2025-04-25 19:33:10.843239,0 days 00:00:09.498897,0.04932490961692983,32,192,304.0,112.0,4,0.005257000234986063,0.6,checkpoints/mlp_Pc_trial_2280_best_state.pt,"{'learning_rate': 0.005257000234986063, 'lr_reduce': 0.6}",TPESampler,COMPLETE
2281,0.09082181006669998,2025-04-25 19:33:04.660442,2025-04-25 19:33:13.566621,0 days 00:00:08.906179,0.04112426835140711,96,80,224.0,,3,0.005703913279077658,0.6,checkpoints/mlp_Pc_trial_2281_best_state.pt,"{'learning_rate': 0.005703913279077658, 'lr_reduce': 0.6}",TPESampler,COMPLETE
2282,0.0758727565407753,2025-04-25 19:33:05.108886,2025-04-25 19:33:17.604992,0 days 00:00:12.496106,0.0025944942546379524,32,224,272.0,96.0,4,0.00987297274121146,0.6,checkpoints/mlp_Pc_trial_2282_best_state.pt,"{'learning_rate': 0.00987297274121146, 'lr_reduce': 0.6}",TPESampler,COMPLETE
2283,0.07180449366569519,2025-04-25 19:33:11.183210,2025-04-25 19:33:21.771657,0 days 00:00:10.588447,0.0779074740719815,80,160,336.0,144.0,4,0.0057964742847904736,0.6,checkpoints/mlp_Pc_trial_2283_best_state.pt,"{'learning_rate': 0.0057964742847904736, 'lr_reduce': 0.6}",TPESampler,COMPLETE
2284,0.0844147801399231,2025-04-25 19:33:13.893362,2025-04-25 19:33:22.567442,0 days 00:00:08.674080,0.023711221099605172,144,272,384.0,,3,0.008655151348246204,0.6,checkpoints/mlp_Pc_trial_2284_best_state.pt,"{'learning_rate': 0.008655151348246204, 'lr_reduce': 0.6}",TPESampler,COMPLETE
2285,0.09053535014390945,2025-04-25 19:33:17.918359,2025-04-25 19:33:26.699832,0 days 00:00:08.781473,0.0032981240643104566,32,96,,,2,0.0090796749505725,0.6,checkpoints/mlp_Pc_trial_2285_best_state.pt,"{'learning_rate': 0.0090796749505725, 'lr_reduce': 0.6}",TPESampler,COMPLETE
2286,0.07627512514591217,2025-04-25 19:33:22.136481,2025-04-25 19:33:32.370534,0 days 00:00:10.234053,4.909701710797965e-06,144,48,208.0,,3,0.00985933061387238,0.6,checkpoints/mlp_Pc_trial_2286_best_state.pt,"{'learning_rate': 0.00985933061387238, 'lr_reduce': 0.6}",TPESampler,COMPLETE
2287,0.08578493446111679,2025-04-25 19:33:22.935133,2025-04-25 19:33:39.879008,0 days 00:00:16.943875,0.07358029483801486,192,448,304.0,192.0,4,0.0003376741940483901,0.6,checkpoints/mlp_Pc_trial_2287_best_state.pt,"{'learning_rate': 0.0003376741940483901, 'lr_reduce': 0.6}",TPESampler,COMPLETE
2288,0.07602113485336304,2025-04-25 19:33:27.076335,2025-04-25 19:33:37.043042,0 days 00:00:09.966707,0.009003873536873638,112,192,256.0,64.0,4,0.004964423677572241,0.6,checkpoints/mlp_Pc_trial_2288_best_state.pt,"{'learning_rate': 0.004964423677572241, 'lr_reduce': 0.6}",TPESampler,COMPLETE
2289,0.07726065069437027,2025-04-25 19:33:32.678555,2025-04-25 19:33:46.418769,0 days 00:00:13.740214,0.05660295709289534,80,224,336.0,,3,0.004096348093875538,0.6,checkpoints/mlp_Pc_trial_2289_best_state.pt,"{'learning_rate': 0.004096348093875538, 'lr_reduce': 0.6}",TPESampler,COMPLETE
2290,0.18057231605052948,2025-04-25 19:33:37.347463,2025-04-25 19:33:58.487637,0 days 00:00:21.140174,0.21430756343781326,32,80,240.0,,3,0.0006198641421988427,0.6,checkpoints/mlp_Pc_trial_2290_best_state.pt,"{'learning_rate': 0.0006198641421988427, 'lr_reduce': 0.6}",TPESampler,COMPLETE
2291,0.06822004914283752,2025-04-25 19:33:40.225734,2025-04-25 19:33:52.766179,0 days 00:00:12.540445,0.03588800207037017,112,384,304.0,,3,0.002368679437926307,0.6,checkpoints/mlp_Pc_trial_2291_best_state.pt,"{'learning_rate': 0.002368679437926307, 'lr_reduce': 0.6}",TPESampler,COMPLETE
2292,0.16275347769260406,2025-04-25 19:33:46.732644,2025-04-25 19:34:13.761016,0 days 00:00:27.028372,0.1247312447126091,32,448,192.0,112.0,4,0.0002831348698187677,0.6,checkpoints/mlp_Pc_trial_2292_best_state.pt,"{'learning_rate': 0.0002831348698187677, 'lr_reduce': 0.6}",TPESampler,COMPLETE
2293,0.07133478671312332,2025-04-25 19:33:53.117453,2025-04-25 19:34:07.553659,0 days 00:00:14.436206,0.054294089914475326,112,448,272.0,64.0,4,0.009411868214694212,0.6,checkpoints/mlp_Pc_trial_2293_best_state.pt,"{'learning_rate': 0.009411868214694212, 'lr_reduce': 0.6}",TPESampler,COMPLETE
2294,0.07359130680561066,2025-04-25 19:33:58.795905,2025-04-25 19:34:11.819248,0 days 00:00:13.023343,0.041532957675427085,256,400,128.0,144.0,4,0.0009023248315932161,0.6,checkpoints/mlp_Pc_trial_2294_best_state.pt,"{'learning_rate': 0.0009023248315932161, 'lr_reduce': 0.6}",TPESampler,COMPLETE
2295,0.08282405138015747,2025-04-25 19:34:07.889586,2025-04-25 19:34:23.817008,0 days 00:00:15.927422,0.0021458364659431954,112,432,368.0,,3,0.0005398177525976426,0.6,checkpoints/mlp_Pc_trial_2295_best_state.pt,"{'learning_rate': 0.0005398177525976426, 'lr_reduce': 0.6}",TPESampler,COMPLETE
2296,0.09022008627653122,2025-04-25 19:34:12.181560,2025-04-25 19:34:22.905044,0 days 00:00:10.723484,0.22647410523696515,336,352,288.0,112.0,4,0.008911696750908641,0.6,checkpoints/mlp_Pc_trial_2296_best_state.pt,"{'learning_rate': 0.008911696750908641, 'lr_reduce': 0.6}",TPESampler,COMPLETE
2297,0.08868908882141113,2025-04-25 19:34:14.136902,2025-04-25 19:34:24.136289,0 days 00:00:09.999387,0.06586694627431489,176,176,240.0,32.0,4,0.0038403281128773165,0.6,checkpoints/mlp_Pc_trial_2297_best_state.pt,"{'learning_rate': 0.0038403281128773165, 'lr_reduce': 0.6}",TPESampler,COMPLETE
2298,0.0818035751581192,2025-04-25 19:34:23.197664,2025-04-25 19:34:39.879372,0 days 00:00:16.681708,0.0385469993188421,336,400,320.0,,3,0.0008736307296155363,0.6,checkpoints/mlp_Pc_trial_2298_best_state.pt,"{'learning_rate': 0.0008736307296155363, 'lr_reduce': 0.6}",TPESampler,COMPLETE
2299,0.07468345761299133,2025-04-25 19:34:24.175145,2025-04-25 19:34:34.120870,0 days 00:00:09.945725,0.04119214223910006,32,128,384.0,96.0,4,0.0044301562128857466,0.6,checkpoints/mlp_Pc_trial_2299_best_state.pt,"{'learning_rate': 0.0044301562128857466, 'lr_reduce': 0.6}",TPESampler,COMPLETE
2300,0.07396457344293594,2025-04-25 19:34:24.709961,2025-04-25 19:34:34.200987,0 days 00:00:09.491026,0.00042256116689968126,80,272,224.0,,3,0.0036519859044506124,0.6,checkpoints/mlp_Pc_trial_2300_best_state.pt,"{'learning_rate': 0.0036519859044506124, 'lr_reduce': 0.6}",TPESampler,COMPLETE
2301,0.07890347391366959,2025-04-25 19:34:34.332230,2025-04-25 19:34:43.342103,0 days 00:00:09.009873,0.007180888480804789,112,112,272.0,,3,0.009023475120061686,0.6,checkpoints/mlp_Pc_trial_2301_best_state.pt,"{'learning_rate': 0.009023475120061686, 'lr_reduce': 0.6}",TPESampler,COMPLETE
2302,0.13261467218399048,2025-04-25 19:34:34.464421,2025-04-25 19:35:01.772956,0 days 00:00:27.308535,0.1808711541745373,352,224,336.0,,3,0.0003883143446216163,0.6,checkpoints/mlp_Pc_trial_2302_best_state.pt,"{'learning_rate': 0.0003883143446216163, 'lr_reduce': 0.6}",TPESampler,COMPLETE
2303,0.07803544402122498,2025-04-25 19:34:40.239186,2025-04-25 19:34:55.583720,0 days 00:00:15.344534,0.005487445469600605,32,176,176.0,176.0,4,0.0032300684967933153,0.6,checkpoints/mlp_Pc_trial_2303_best_state.pt,"{'learning_rate': 0.0032300684967933153, 'lr_reduce': 0.6}",TPESampler,COMPLETE
2304,0.0906139463186264,2025-04-25 19:34:43.662882,2025-04-25 19:35:17.869423,0 days 00:00:34.206541,0.0030548355674414884,112,256,,,2,0.0002720472782880162,0.6,checkpoints/mlp_Pc_trial_2304_best_state.pt,"{'learning_rate': 0.0002720472782880162, 'lr_reduce': 0.6}",TPESampler,COMPLETE
2305,0.07326571643352509,2025-04-25 19:34:55.929589,2025-04-25 19:35:08.288998,0 days 00:00:12.359409,0.02481049400734945,32,368,288.0,368.0,4,0.002383866363921174,0.6,checkpoints/mlp_Pc_trial_2305_best_state.pt,"{'learning_rate': 0.002383866363921174, 'lr_reduce': 0.6}",TPESampler,COMPLETE
