number,value,datetime_start,datetime_complete,duration,params_final_dropout,params_mlp_dim_00,params_mlp_dim_01,params_mlp_dim_02,params_mlp_dim_03,params_mlp_n_layers,params_train_learning_rate,params_train_lr_reduce,user_attrs_best_state_dict_path,user_attrs_training_params,system_attrs_auto:sampler,state
1786,0.07116338610649109,2025-04-25 18:58:57.869255,2025-04-25 18:59:10.902244,0 days 00:00:13.032989,0.04502438912008451,32,224,368.0,160.0,4,0.004429626467427497,0.6,checkpoints/mlp_Pc_trial_1786_best_state.pt,"{'learning_rate': 0.004429626467427497, 'lr_reduce': 0.6}",TPESampler,COMPLETE
1787,0.09526589512825012,2025-04-25 18:58:59.116349,2025-04-25 18:59:15.220884,0 days 00:00:16.104535,0.06178629985856508,32,176,,,2,0.009368012093986175,0.6,checkpoints/mlp_Pc_trial_1787_best_state.pt,"{'learning_rate': 0.009368012093986175, 'lr_reduce': 0.6}",TPESampler,COMPLETE
1788,0.07394403964281082,2025-04-25 18:59:07.429719,2025-04-25 18:59:16.618909,0 days 00:00:09.189190,0.0008548006075536768,112,48,256.0,80.0,4,0.009980554441878044,0.6,checkpoints/mlp_Pc_trial_1788_best_state.pt,"{'learning_rate': 0.009980554441878044, 'lr_reduce': 0.6}",TPESampler,COMPLETE
1789,0.07701478898525238,2025-04-25 18:59:11.212627,2025-04-25 18:59:30.170594,0 days 00:00:18.957967,0.06649867332824579,416,416,320.0,112.0,4,0.00045807872018416144,0.6,checkpoints/mlp_Pc_trial_1789_best_state.pt,"{'learning_rate': 0.00045807872018416144, 'lr_reduce': 0.6}",TPESampler,COMPLETE
1790,0.06814461201429367,2025-04-25 18:59:15.531608,2025-04-25 18:59:26.232648,0 days 00:00:10.701040,0.017444408423070778,80,128,160.0,,3,0.004013695404909508,0.6,checkpoints/mlp_Pc_trial_1790_best_state.pt,"{'learning_rate': 0.004013695404909508, 'lr_reduce': 0.6}",TPESampler,COMPLETE
1791,0.06668095290660858,2025-04-25 18:59:17.018804,2025-04-25 18:59:26.620839,0 days 00:00:09.602035,0.00014493738501060276,96,112,304.0,,3,0.008611289148559971,0.6,checkpoints/mlp_Pc_trial_1791_best_state.pt,"{'learning_rate': 0.008611289148559971, 'lr_reduce': 0.6}",TPESampler,COMPLETE
1792,0.09621711820363998,2025-04-25 18:59:26.568301,2025-04-25 18:59:47.032724,0 days 00:00:20.464423,0.10882140000545251,432,96,,,2,0.000623272357653202,0.6,checkpoints/mlp_Pc_trial_1792_best_state.pt,"{'learning_rate': 0.000623272357653202, 'lr_reduce': 0.6}",TPESampler,COMPLETE
1793,0.08075162023305893,2025-04-25 18:59:26.918006,2025-04-25 18:59:36.988716,0 days 00:00:10.070710,0.01195721356382504,32,160,256.0,32.0,4,0.009849835487630484,0.6,checkpoints/mlp_Pc_trial_1793_best_state.pt,"{'learning_rate': 0.009849835487630484, 'lr_reduce': 0.6}",TPESampler,COMPLETE
1794,0.06626510620117188,2025-04-25 18:59:30.486506,2025-04-25 18:59:43.653413,0 days 00:00:13.166907,0.0049752506438031675,80,192,368.0,400.0,4,0.00467620849746271,0.6,checkpoints/mlp_Pc_trial_1794_best_state.pt,"{'learning_rate': 0.00467620849746271, 'lr_reduce': 0.6}",TPESampler,COMPLETE
1795,0.1853427290916443,2025-04-25 18:59:37.304054,2025-04-25 18:59:51.712043,0 days 00:00:14.407989,0.16857290466730962,112,32,240.0,160.0,4,0.0004472145184202025,0.6,checkpoints/mlp_Pc_trial_1795_best_state.pt,"{'learning_rate': 0.0004472145184202025, 'lr_reduce': 0.6}",TPESampler,COMPLETE
1796,0.08746049553155899,2025-04-25 18:59:43.962391,2025-04-25 18:59:52.235095,0 days 00:00:08.272704,0.05958867549143062,112,32,304.0,,3,0.007565638380939027,0.6,checkpoints/mlp_Pc_trial_1796_best_state.pt,"{'learning_rate': 0.007565638380939027, 'lr_reduce': 0.6}",TPESampler,COMPLETE
1797,0.07560808211565018,2025-04-25 18:59:47.331634,2025-04-25 18:59:55.839651,0 days 00:00:08.508017,0.004683130847475229,64,48,352.0,96.0,4,0.0042234491909214555,0.6,checkpoints/mlp_Pc_trial_1797_best_state.pt,"{'learning_rate': 0.0042234491909214555, 'lr_reduce': 0.6}",TPESampler,COMPLETE
1798,0.08053124696016312,2025-04-25 18:59:52.020137,2025-04-25 19:00:02.654474,0 days 00:00:10.634337,0.10975883483492754,112,176,272.0,144.0,4,0.003914548282162462,0.6,checkpoints/mlp_Pc_trial_1798_best_state.pt,"{'learning_rate': 0.003914548282162462, 'lr_reduce': 0.6}",TPESampler,COMPLETE
1799,0.0769282877445221,2025-04-25 18:59:52.508753,2025-04-25 19:00:04.356372,0 days 00:00:11.847619,0.01536364106324257,32,240,192.0,64.0,4,0.0031108856581961047,0.6,checkpoints/mlp_Pc_trial_1799_best_state.pt,"{'learning_rate': 0.0031108856581961047, 'lr_reduce': 0.6}",TPESampler,COMPLETE
1800,0.07134151458740234,2025-04-25 18:59:56.130275,2025-04-25 19:00:05.875360,0 days 00:00:09.745085,0.001123221250310316,176,128,304.0,,3,0.00431196283688012,0.6,checkpoints/mlp_Pc_trial_1800_best_state.pt,"{'learning_rate': 0.00431196283688012, 'lr_reduce': 0.6}",TPESampler,COMPLETE
1801,0.15740150213241577,2025-04-25 19:00:03.062341,2025-04-25 19:00:11.194052,0 days 00:00:08.131711,0.2987074787973034,208,32,368.0,,3,0.001904879741615915,0.6,checkpoints/mlp_Pc_trial_1801_best_state.pt,"{'learning_rate': 0.001904879741615915, 'lr_reduce': 0.6}",TPESampler,COMPLETE
1802,0.08441276848316193,2025-04-25 19:00:04.685328,2025-04-25 19:00:14.680806,0 days 00:00:09.995478,0.12883484595502356,304,80,224.0,,3,0.0021742757993976217,0.6,checkpoints/mlp_Pc_trial_1802_best_state.pt,"{'learning_rate': 0.0021742757993976217, 'lr_reduce': 0.6}",TPESampler,COMPLETE
1803,0.09674667567014694,2025-04-25 19:00:06.209046,2025-04-25 19:00:20.277657,0 days 00:00:14.068611,0.1814658011919704,256,272,,,2,0.0008429582537190363,0.6,checkpoints/mlp_Pc_trial_1803_best_state.pt,"{'learning_rate': 0.0008429582537190363, 'lr_reduce': 0.6}",TPESampler,COMPLETE
1804,0.08385784178972244,2025-04-25 19:00:11.516833,2025-04-25 19:00:23.580584,0 days 00:00:12.063751,0.08375712759424095,48,208,320.0,176.0,4,0.00889044116477023,0.6,checkpoints/mlp_Pc_trial_1804_best_state.pt,"{'learning_rate': 0.00889044116477023, 'lr_reduce': 0.6}",TPESampler,COMPLETE
1805,0.07526128739118576,2025-04-25 19:00:14.959630,2025-04-25 19:00:25.854374,0 days 00:00:10.894744,0.060074206146453084,176,256,256.0,112.0,4,0.0043482319139946405,0.6,checkpoints/mlp_Pc_trial_1805_best_state.pt,"{'learning_rate': 0.0043482319139946405, 'lr_reduce': 0.6}",TPESampler,COMPLETE
1806,0.08136876672506332,2025-04-25 19:00:20.564267,2025-04-25 19:00:30.136170,0 days 00:00:09.571903,0.046934969820845676,128,160,368.0,160.0,4,0.0063913464208176455,0.6,checkpoints/mlp_Pc_trial_1806_best_state.pt,"{'learning_rate': 0.0063913464208176455, 'lr_reduce': 0.6}",TPESampler,COMPLETE
1807,0.08386066555976868,2025-04-25 19:00:23.877284,2025-04-25 19:00:33.137967,0 days 00:00:09.260683,0.07950016817264936,48,240,272.0,64.0,4,0.009820555327444304,0.6,checkpoints/mlp_Pc_trial_1807_best_state.pt,"{'learning_rate': 0.009820555327444304, 'lr_reduce': 0.6}",TPESampler,COMPLETE
1808,0.06290770322084427,2025-04-25 19:00:26.162991,2025-04-25 19:00:35.076669,0 days 00:00:08.913678,0.0017839601964871228,176,112,224.0,112.0,4,0.005554274135096516,0.6,checkpoints/mlp_Pc_trial_1808_best_state.pt,"{'learning_rate': 0.005554274135096516, 'lr_reduce': 0.6}",TPESampler,COMPLETE
1809,0.07104012370109558,2025-04-25 19:00:30.480317,2025-04-25 19:00:44.002004,0 days 00:00:13.521687,0.06100905816893214,80,128,320.0,,3,0.004300655796658353,0.6,checkpoints/mlp_Pc_trial_1809_best_state.pt,"{'learning_rate': 0.004300655796658353, 'lr_reduce': 0.6}",TPESampler,COMPLETE
1810,0.0855114609003067,2025-04-25 19:00:33.404309,2025-04-25 19:00:47.409022,0 days 00:00:14.004713,0.039959196885845,32,336,368.0,32.0,4,0.004354546036891179,0.6,checkpoints/mlp_Pc_trial_1810_best_state.pt,"{'learning_rate': 0.004354546036891179, 'lr_reduce': 0.6}",TPESampler,COMPLETE
1811,0.07515117526054382,2025-04-25 19:00:35.378754,2025-04-25 19:00:44.003217,0 days 00:00:08.624463,0.024651596452089378,224,96,144.0,112.0,4,0.004733080758241694,0.6,checkpoints/mlp_Pc_trial_1811_best_state.pt,"{'learning_rate': 0.004733080758241694, 'lr_reduce': 0.6}",TPESampler,COMPLETE
1812,0.18262530863285065,2025-04-25 19:00:44.261290,2025-04-25 19:01:34.242696,0 days 00:00:49.981406,0.2723467217689103,480,64,176.0,,3,0.00012662943532005904,0.6,checkpoints/mlp_Pc_trial_1812_best_state.pt,"{'learning_rate': 0.00012662943532005904, 'lr_reduce': 0.6}",TPESampler,COMPLETE
1813,0.07575104385614395,2025-04-25 19:00:44.335606,2025-04-25 19:00:53.565286,0 days 00:00:09.229680,0.03970817411251502,176,48,160.0,112.0,4,0.005161601816143524,0.6,checkpoints/mlp_Pc_trial_1813_best_state.pt,"{'learning_rate': 0.005161601816143524, 'lr_reduce': 0.6}",TPESampler,COMPLETE
1814,0.0949125662446022,2025-04-25 19:00:47.742494,2025-04-25 19:01:05.895656,0 days 00:00:18.153162,0.08263799787945773,368,464,,,2,0.0005275351373140713,0.6,checkpoints/mlp_Pc_trial_1814_best_state.pt,"{'learning_rate': 0.0005275351373140713, 'lr_reduce': 0.6}",TPESampler,COMPLETE
1815,0.07778723537921906,2025-04-25 19:00:53.907282,2025-04-25 19:01:03.157638,0 days 00:00:09.250356,0.0041561888269737645,208,64,224.0,96.0,4,0.008489630208556982,0.6,checkpoints/mlp_Pc_trial_1815_best_state.pt,"{'learning_rate': 0.008489630208556982, 'lr_reduce': 0.6}",TPESampler,COMPLETE
1816,0.0735047310590744,2025-04-25 19:01:03.444913,2025-04-25 19:01:12.447836,0 days 00:00:09.002923,0.005286927441256917,176,96,192.0,96.0,4,0.006003134824085404,0.6,checkpoints/mlp_Pc_trial_1816_best_state.pt,"{'learning_rate': 0.006003134824085404, 'lr_reduce': 0.6}",TPESampler,COMPLETE
1817,0.06870267540216446,2025-04-25 19:01:06.403966,2025-04-25 19:01:16.107528,0 days 00:00:09.703562,0.008547639360168141,160,112,368.0,112.0,4,0.007506391623760415,0.6,checkpoints/mlp_Pc_trial_1817_best_state.pt,"{'learning_rate': 0.007506391623760415, 'lr_reduce': 0.6}",TPESampler,COMPLETE
1818,0.0755583792924881,2025-04-25 19:01:12.784232,2025-04-25 19:01:21.073119,0 days 00:00:08.288887,0.00020954843856317486,128,128,112.0,128.0,4,0.009621157891297543,0.6,checkpoints/mlp_Pc_trial_1818_best_state.pt,"{'learning_rate': 0.009621157891297543, 'lr_reduce': 0.6}",TPESampler,COMPLETE
1819,0.07193503528833389,2025-04-25 19:01:16.483169,2025-04-25 19:01:25.694775,0 days 00:00:09.211606,0.18053596227230248,496,320,,,2,0.006224716356039262,0.6,checkpoints/mlp_Pc_trial_1819_best_state.pt,"{'learning_rate': 0.006224716356039262, 'lr_reduce': 0.6}",TPESampler,COMPLETE
1820,0.09437199681997299,2025-04-25 19:01:21.365068,2025-04-25 19:01:34.638704,0 days 00:00:13.273636,0.27633985582848375,256,256,,,2,0.0011940429169778823,0.6,checkpoints/mlp_Pc_trial_1820_best_state.pt,"{'learning_rate': 0.0011940429169778823, 'lr_reduce': 0.6}",TPESampler,COMPLETE
1821,0.07365785539150238,2025-04-25 19:01:25.975004,2025-04-25 19:01:37.558080,0 days 00:00:11.583076,0.04850249861696224,176,352,192.0,80.0,4,0.009652527720976608,0.6,checkpoints/mlp_Pc_trial_1821_best_state.pt,"{'learning_rate': 0.009652527720976608, 'lr_reduce': 0.6}",TPESampler,COMPLETE
1822,0.09436668455600739,2025-04-25 19:01:34.571570,2025-04-25 19:01:42.904057,0 days 00:00:08.332487,0.06963264599304403,288,128,240.0,128.0,4,0.00917533329223179,0.6,checkpoints/mlp_Pc_trial_1822_best_state.pt,"{'learning_rate': 0.00917533329223179, 'lr_reduce': 0.6}",TPESampler,COMPLETE
1823,0.08559640496969223,2025-04-25 19:01:35.089876,2025-04-25 19:01:43.367180,0 days 00:00:08.277304,0.00856385687667749,192,160,208.0,80.0,4,0.004833365250700632,0.6,checkpoints/mlp_Pc_trial_1823_best_state.pt,"{'learning_rate': 0.004833365250700632, 'lr_reduce': 0.6}",TPESampler,COMPLETE
1824,0.08450877666473389,2025-04-25 19:01:37.899121,2025-04-25 19:01:46.455177,0 days 00:00:08.556056,0.00497662736310925,240,240,336.0,128.0,4,0.007840441700845318,0.6,checkpoints/mlp_Pc_trial_1824_best_state.pt,"{'learning_rate': 0.007840441700845318, 'lr_reduce': 0.6}",TPESampler,COMPLETE
1825,0.0843401774764061,2025-04-25 19:01:43.293588,2025-04-25 19:01:53.819666,0 days 00:00:10.526078,0.05446083872503554,240,144,384.0,64.0,4,0.005791849878892339,0.6,checkpoints/mlp_Pc_trial_1825_best_state.pt,"{'learning_rate': 0.005791849878892339, 'lr_reduce': 0.6}",TPESampler,COMPLETE
1826,0.07255219668149948,2025-04-25 19:01:43.733052,2025-04-25 19:01:52.849837,0 days 00:00:09.116785,0.07368204828727051,192,160,272.0,144.0,4,0.0086880875967128,0.6,checkpoints/mlp_Pc_trial_1826_best_state.pt,"{'learning_rate': 0.0086880875967128, 'lr_reduce': 0.6}",TPESampler,COMPLETE
1827,0.1712518036365509,2025-04-25 19:01:46.750199,2025-04-25 19:02:38.927204,0 days 00:00:52.177005,0.2505245319239838,320,416,320.0,,3,0.0001427747354138756,0.6,checkpoints/mlp_Pc_trial_1827_best_state.pt,"{'learning_rate': 0.0001427747354138756, 'lr_reduce': 0.6}",TPESampler,COMPLETE
1828,0.08102917671203613,2025-04-25 19:01:53.183248,2025-04-25 19:02:00.956475,0 days 00:00:07.773227,0.05651915742037932,160,48,208.0,64.0,4,0.007314402492685088,0.6,checkpoints/mlp_Pc_trial_1828_best_state.pt,"{'learning_rate': 0.007314402492685088, 'lr_reduce': 0.6}",TPESampler,COMPLETE
1829,0.06449572741985321,2025-04-25 19:01:54.224106,2025-04-25 19:02:08.863921,0 days 00:00:14.639815,0.060728919408276495,32,288,288.0,112.0,4,0.009734843085938102,0.6,checkpoints/mlp_Pc_trial_1829_best_state.pt,"{'learning_rate': 0.009734843085938102, 'lr_reduce': 0.6}",TPESampler,COMPLETE
1830,0.09990251064300537,2025-04-25 19:02:01.288269,2025-04-25 19:02:17.045086,0 days 00:00:15.756817,0.1989131153523698,448,512,368.0,,3,0.0014257906935931214,0.6,checkpoints/mlp_Pc_trial_1830_best_state.pt,"{'learning_rate': 0.0014257906935931214, 'lr_reduce': 0.6}",TPESampler,COMPLETE
1831,0.11850369721651077,2025-04-25 19:02:09.404942,2025-04-25 19:02:21.462585,0 days 00:00:12.057643,0.24989633412831352,224,512,256.0,80.0,4,0.001889479710700756,0.6,checkpoints/mlp_Pc_trial_1831_best_state.pt,"{'learning_rate': 0.001889479710700756, 'lr_reduce': 0.6}",TPESampler,COMPLETE
1832,0.07996442168951035,2025-04-25 19:02:17.434890,2025-04-25 19:02:30.321944,0 days 00:00:12.887054,0.06854976178547102,80,288,272.0,96.0,4,0.008176048017699205,0.6,checkpoints/mlp_Pc_trial_1832_best_state.pt,"{'learning_rate': 0.008176048017699205, 'lr_reduce': 0.6}",TPESampler,COMPLETE
1833,0.07525137066841125,2025-04-25 19:02:21.843983,2025-04-25 19:02:34.558242,0 days 00:00:12.714259,0.05698799179086722,32,208,240.0,80.0,4,0.009550150487647369,0.6,checkpoints/mlp_Pc_trial_1833_best_state.pt,"{'learning_rate': 0.009550150487647369, 'lr_reduce': 0.6}",TPESampler,COMPLETE
1834,0.08033008873462677,2025-04-25 19:02:30.682070,2025-04-25 19:02:41.394974,0 days 00:00:10.712904,0.0018130347898542816,288,256,272.0,,3,0.003970784635395088,0.6,checkpoints/mlp_Pc_trial_1834_best_state.pt,"{'learning_rate': 0.003970784635395088, 'lr_reduce': 0.6}",TPESampler,COMPLETE
1835,0.07846754044294357,2025-04-25 19:02:34.917385,2025-04-25 19:02:47.747038,0 days 00:00:12.829653,0.04180882374675078,96,304,272.0,96.0,4,0.008372827845280777,0.6,checkpoints/mlp_Pc_trial_1835_best_state.pt,"{'learning_rate': 0.008372827845280777, 'lr_reduce': 0.6}",TPESampler,COMPLETE
1836,0.07538419961929321,2025-04-25 19:02:39.224945,2025-04-25 19:02:50.476837,0 days 00:00:11.251892,0.03834888334150297,112,256,224.0,32.0,4,0.00976430892748144,0.6,checkpoints/mlp_Pc_trial_1836_best_state.pt,"{'learning_rate': 0.00976430892748144, 'lr_reduce': 0.6}",TPESampler,COMPLETE
1837,0.08869685232639313,2025-04-25 19:02:41.677398,2025-04-25 19:03:00.092003,0 days 00:00:18.414605,0.08630003087860341,32,432,272.0,96.0,4,0.004287893819286116,0.6,checkpoints/mlp_Pc_trial_1837_best_state.pt,"{'learning_rate': 0.004287893819286116, 'lr_reduce': 0.6}",TPESampler,COMPLETE
1838,0.07915632426738739,2025-04-25 19:02:48.170094,2025-04-25 19:03:00.457723,0 days 00:00:12.287629,0.004376046511332275,80,304,288.0,64.0,4,0.006193300220055175,0.6,checkpoints/mlp_Pc_trial_1838_best_state.pt,"{'learning_rate': 0.006193300220055175, 'lr_reduce': 0.6}",TPESampler,COMPLETE
1839,0.07338948547840118,2025-04-25 19:02:50.963250,2025-04-25 19:03:01.517747,0 days 00:00:10.554497,0.1035160673303838,32,288,224.0,112.0,4,0.009279284094727164,0.6,checkpoints/mlp_Pc_trial_1839_best_state.pt,"{'learning_rate': 0.009279284094727164, 'lr_reduce': 0.6}",TPESampler,COMPLETE
1840,0.0781598761677742,2025-04-25 19:03:00.393167,2025-04-25 19:03:09.584374,0 days 00:00:09.191207,0.07391365556465729,64,352,288.0,112.0,4,0.004571802590384841,0.6,checkpoints/mlp_Pc_trial_1840_best_state.pt,"{'learning_rate': 0.004571802590384841, 'lr_reduce': 0.6}",TPESampler,COMPLETE
1841,0.06789752840995789,2025-04-25 19:03:00.761780,2025-04-25 19:03:09.062875,0 days 00:00:08.301095,0.06305609682391096,144,208,240.0,,3,0.008413850471680818,0.6,checkpoints/mlp_Pc_trial_1841_best_state.pt,"{'learning_rate': 0.008413850471680818, 'lr_reduce': 0.6}",TPESampler,COMPLETE
1842,0.08067636936903,2025-04-25 19:03:01.853018,2025-04-25 19:03:09.582911,0 days 00:00:07.729893,0.011822160100462074,272,160,288.0,64.0,4,0.005535864202671177,0.6,checkpoints/mlp_Pc_trial_1842_best_state.pt,"{'learning_rate': 0.005535864202671177, 'lr_reduce': 0.6}",TPESampler,COMPLETE
1843,0.09164930880069733,2025-04-25 19:03:09.349915,2025-04-25 19:03:22.688370,0 days 00:00:13.338455,0.0901087248019255,224,32,240.0,,3,0.0024580335413579395,0.6,checkpoints/mlp_Pc_trial_1843_best_state.pt,"{'learning_rate': 0.0024580335413579395, 'lr_reduce': 0.6}",TPESampler,COMPLETE
1844,0.14960457384586334,2025-04-25 19:03:09.793842,2025-04-25 19:03:33.762745,0 days 00:00:23.968903,0.12350604440093292,64,64,192.0,,3,0.0003337268970451377,0.6,checkpoints/mlp_Pc_trial_1844_best_state.pt,"{'learning_rate': 0.0003337268970451377, 'lr_reduce': 0.6}",TPESampler,COMPLETE
1845,0.08215884119272232,2025-04-25 19:03:09.854097,2025-04-25 19:03:19.889342,0 days 00:00:10.035245,0.06964184347579228,64,368,288.0,64.0,4,0.005966293712294309,0.6,checkpoints/mlp_Pc_trial_1845_best_state.pt,"{'learning_rate': 0.005966293712294309, 'lr_reduce': 0.6}",TPESampler,COMPLETE
1846,0.08526401966810226,2025-04-25 19:03:20.189612,2025-04-25 19:03:28.073702,0 days 00:00:07.884090,0.0082864628097423,160,192,256.0,,3,0.009934701191464801,0.6,checkpoints/mlp_Pc_trial_1846_best_state.pt,"{'learning_rate': 0.009934701191464801, 'lr_reduce': 0.6}",TPESampler,COMPLETE
1847,0.07433696836233139,2025-04-25 19:03:23.022488,2025-04-25 19:03:33.853424,0 days 00:00:10.830936,0.003210298609147535,112,32,304.0,112.0,4,0.002797799653422517,0.6,checkpoints/mlp_Pc_trial_1847_best_state.pt,"{'learning_rate': 0.002797799653422517, 'lr_reduce': 0.6}",TPESampler,COMPLETE
1848,0.07466966658830643,2025-04-25 19:03:28.405642,2025-04-25 19:03:40.751923,0 days 00:00:12.346281,0.11339770005822625,96,256,208.0,112.0,4,0.007360649210449868,0.6,checkpoints/mlp_Pc_trial_1848_best_state.pt,"{'learning_rate': 0.007360649210449868, 'lr_reduce': 0.6}",TPESampler,COMPLETE
1849,0.0928482860326767,2025-04-25 19:03:34.062525,2025-04-25 19:03:42.846427,0 days 00:00:08.783902,0.0880160205623866,64,272,256.0,32.0,4,0.005765191007844228,0.6,checkpoints/mlp_Pc_trial_1849_best_state.pt,"{'learning_rate': 0.005765191007844228, 'lr_reduce': 0.6}",TPESampler,COMPLETE
1850,0.08853898197412491,2025-04-25 19:03:34.229328,2025-04-25 19:03:45.925877,0 days 00:00:11.696549,0.08879578520246359,48,336,288.0,128.0,4,0.004256434764687026,0.6,checkpoints/mlp_Pc_trial_1850_best_state.pt,"{'learning_rate': 0.004256434764687026, 'lr_reduce': 0.6}",TPESampler,COMPLETE
1851,0.07376586645841599,2025-04-25 19:03:41.053302,2025-04-25 19:03:49.633275,0 days 00:00:08.579973,0.03366177315289317,112,192,240.0,64.0,4,0.005278033742282438,0.6,checkpoints/mlp_Pc_trial_1851_best_state.pt,"{'learning_rate': 0.005278033742282438, 'lr_reduce': 0.6}",TPESampler,COMPLETE
1852,0.07503227144479752,2025-04-25 19:03:43.144735,2025-04-25 19:03:52.696480,0 days 00:00:09.551745,0.12125119888603912,240,496,,,2,0.006691475555396734,0.6,checkpoints/mlp_Pc_trial_1852_best_state.pt,"{'learning_rate': 0.006691475555396734, 'lr_reduce': 0.6}",TPESampler,COMPLETE
1853,0.07316376268863678,2025-04-25 19:03:46.296054,2025-04-25 19:03:55.068720,0 days 00:00:08.772666,0.0368586845216365,48,320,160.0,128.0,4,0.008488233371737514,0.6,checkpoints/mlp_Pc_trial_1853_best_state.pt,"{'learning_rate': 0.008488233371737514, 'lr_reduce': 0.6}",TPESampler,COMPLETE
1854,0.08844541013240814,2025-04-25 19:03:49.917039,2025-04-25 19:04:00.621918,0 days 00:00:10.704879,0.1040022949223029,96,400,288.0,80.0,4,0.00673881482126038,0.6,checkpoints/mlp_Pc_trial_1854_best_state.pt,"{'learning_rate': 0.00673881482126038, 'lr_reduce': 0.6}",TPESampler,COMPLETE
1855,0.07185333222150803,2025-04-25 19:03:52.989354,2025-04-25 19:04:02.561641,0 days 00:00:09.572287,0.0026009564893818083,192,32,304.0,112.0,4,0.00316280588105841,0.6,checkpoints/mlp_Pc_trial_1855_best_state.pt,"{'learning_rate': 0.00316280588105841, 'lr_reduce': 0.6}",TPESampler,COMPLETE
1856,0.09325937181711197,2025-04-25 19:03:55.370580,2025-04-25 19:04:02.353829,0 days 00:00:06.983249,0.010649861880327316,256,144,224.0,64.0,4,0.009732474192400548,0.6,checkpoints/mlp_Pc_trial_1856_best_state.pt,"{'learning_rate': 0.009732474192400548, 'lr_reduce': 0.6}",TPESampler,COMPLETE
1857,0.09224272519350052,2025-04-25 19:04:00.917472,2025-04-25 19:04:09.429300,0 days 00:00:08.511828,0.006812335449969483,240,64,304.0,,3,0.009907040380283567,0.6,checkpoints/mlp_Pc_trial_1857_best_state.pt,"{'learning_rate': 0.009907040380283567, 'lr_reduce': 0.6}",TPESampler,COMPLETE
1858,0.067762590944767,2025-04-25 19:04:02.608619,2025-04-25 19:04:15.989921,0 days 00:00:13.381302,0.07670906399670913,160,384,256.0,32.0,4,0.009764922838881347,0.6,checkpoints/mlp_Pc_trial_1858_best_state.pt,"{'learning_rate': 0.009764922838881347, 'lr_reduce': 0.6}",TPESampler,COMPLETE
1859,0.07737472653388977,2025-04-25 19:04:02.904099,2025-04-25 19:04:12.253750,0 days 00:00:09.349651,0.0014297154235426608,32,176,208.0,128.0,4,0.009502928907364833,0.6,checkpoints/mlp_Pc_trial_1859_best_state.pt,"{'learning_rate': 0.009502928907364833, 'lr_reduce': 0.6}",TPESampler,COMPLETE
