number,value,datetime_start,datetime_complete,duration,params_final_dropout,params_mlp_dim_00,params_mlp_dim_01,params_mlp_dim_02,params_mlp_dim_03,params_mlp_n_layers,params_train_learning_rate,params_train_lr_reduce,user_attrs_best_state_dict_path,user_attrs_training_params,system_attrs_auto:sampler,state
1638,0.09061652421951294,2025-04-25 18:49:03.925789,2025-04-25 18:49:13.966334,0 days 00:00:10.040545,0.022785514978312993,96,240,320.0,112.0,4,0.0036463675950862556,0.6,checkpoints/mlp_Pc_trial_1638_best_state.pt,"{'learning_rate': 0.0036463675950862556, 'lr_reduce': 0.6}",TPESampler,COMPLETE
1639,0.06582585722208023,2025-04-25 18:49:05.511955,2025-04-25 18:49:19.204584,0 days 00:00:13.692629,0.006732654768709998,128,400,224.0,32.0,4,0.0005756349234902149,0.6,checkpoints/mlp_Pc_trial_1639_best_state.pt,"{'learning_rate': 0.0005756349234902149, 'lr_reduce': 0.6}",TPESampler,COMPLETE
1640,0.1074744164943695,2025-04-25 18:49:12.125321,2025-04-25 18:49:19.401689,0 days 00:00:07.276368,0.08444284543610811,176,32,400.0,176.0,4,0.008113558081372478,0.6,checkpoints/mlp_Pc_trial_1640_best_state.pt,"{'learning_rate': 0.008113558081372478, 'lr_reduce': 0.6}",TPESampler,COMPLETE
1641,0.0777551531791687,2025-04-25 18:49:14.243905,2025-04-25 18:49:22.197780,0 days 00:00:07.953875,0.010045222013370122,304,80,352.0,256.0,4,0.0036911873614897104,0.6,checkpoints/mlp_Pc_trial_1641_best_state.pt,"{'learning_rate': 0.0036911873614897104, 'lr_reduce': 0.6}",TPESampler,COMPLETE
1642,0.08322209119796753,2025-04-25 18:49:19.457687,2025-04-25 18:49:28.724335,0 days 00:00:09.266648,0.0401472254873479,96,256,176.0,80.0,4,0.009396334448918391,0.6,checkpoints/mlp_Pc_trial_1642_best_state.pt,"{'learning_rate': 0.009396334448918391, 'lr_reduce': 0.6}",TPESampler,COMPLETE
1643,0.08554791659116745,2025-04-25 18:49:19.661387,2025-04-25 18:49:29.791408,0 days 00:00:10.130021,0.11147888552815571,224,352,256.0,144.0,4,0.0017668907609803732,0.6,checkpoints/mlp_Pc_trial_1643_best_state.pt,"{'learning_rate': 0.0017668907609803732, 'lr_reduce': 0.6}",TPESampler,COMPLETE
1644,0.07111070305109024,2025-04-25 18:49:22.508545,2025-04-25 18:49:30.391221,0 days 00:00:07.882676,0.04665651659505968,128,80,448.0,192.0,4,0.0049466664184444715,0.6,checkpoints/mlp_Pc_trial_1644_best_state.pt,"{'learning_rate': 0.0049466664184444715, 'lr_reduce': 0.6}",TPESampler,COMPLETE
1645,0.06674070656299591,2025-04-25 18:49:29.001271,2025-04-25 18:49:42.342226,0 days 00:00:13.340955,0.017628601971215487,128,32,304.0,112.0,4,0.0023966502217829277,0.6,checkpoints/mlp_Pc_trial_1645_best_state.pt,"{'learning_rate': 0.0023966502217829277, 'lr_reduce': 0.6}",TPESampler,COMPLETE
1646,0.07604288309812546,2025-04-25 18:49:30.194845,2025-04-25 18:49:40.837896,0 days 00:00:10.643051,0.04554976366173929,224,464,384.0,64.0,4,0.001170546000042554,0.6,checkpoints/mlp_Pc_trial_1646_best_state.pt,"{'learning_rate': 0.001170546000042554, 'lr_reduce': 0.6}",TPESampler,COMPLETE
1647,0.15615704655647278,2025-04-25 18:49:30.726422,2025-04-25 18:49:54.311623,0 days 00:00:23.585201,0.24094408798203953,288,128,256.0,,3,0.000297143180717741,0.6,checkpoints/mlp_Pc_trial_1647_best_state.pt,"{'learning_rate': 0.000297143180717741, 'lr_reduce': 0.6}",TPESampler,COMPLETE
1648,0.07221552729606628,2025-04-25 18:49:41.138073,2025-04-25 18:49:55.632692,0 days 00:00:14.494619,0.009740299006460076,160,416,480.0,,3,0.0030755621813953688,0.6,checkpoints/mlp_Pc_trial_1648_best_state.pt,"{'learning_rate': 0.0030755621813953688, 'lr_reduce': 0.6}",TPESampler,COMPLETE
1649,0.08961127698421478,2025-04-25 18:49:42.671566,2025-04-25 18:49:55.122971,0 days 00:00:12.451405,0.22063743604404076,384,272,432.0,,3,0.0030119691134460284,0.6,checkpoints/mlp_Pc_trial_1649_best_state.pt,"{'learning_rate': 0.0030119691134460284, 'lr_reduce': 0.6}",TPESampler,COMPLETE
1650,0.0895790234208107,2025-04-25 18:49:54.598394,2025-04-25 18:50:11.661900,0 days 00:00:17.063506,0.06068763094266813,304,512,320.0,464.0,4,0.0005701918308099132,0.6,checkpoints/mlp_Pc_trial_1650_best_state.pt,"{'learning_rate': 0.0005701918308099132, 'lr_reduce': 0.6}",TPESampler,COMPLETE
1651,0.09922751784324646,2025-04-25 18:49:55.619291,2025-04-25 18:50:12.079688,0 days 00:00:16.460397,0.13673944516934347,160,112,208.0,,3,0.0008712750830114792,0.6,checkpoints/mlp_Pc_trial_1651_best_state.pt,"{'learning_rate': 0.0008712750830114792, 'lr_reduce': 0.6}",TPESampler,COMPLETE
1652,0.08483851701021194,2025-04-25 18:49:55.969471,2025-04-25 18:50:07.043751,0 days 00:00:11.074280,0.0007269372033575847,160,384,,,2,0.002876784711237057,0.6,checkpoints/mlp_Pc_trial_1652_best_state.pt,"{'learning_rate': 0.002876784711237057, 'lr_reduce': 0.6}",TPESampler,COMPLETE
1653,0.07640483230352402,2025-04-25 18:50:07.348734,2025-04-25 18:50:17.981806,0 days 00:00:10.633072,0.005972186281169514,112,464,288.0,,3,0.0015970606686066145,0.6,checkpoints/mlp_Pc_trial_1653_best_state.pt,"{'learning_rate': 0.0015970606686066145, 'lr_reduce': 0.6}",TPESampler,COMPLETE
1654,0.06889831274747849,2025-04-25 18:50:11.990985,2025-04-25 18:50:25.972574,0 days 00:00:13.981589,0.03462581758915311,32,304,368.0,304.0,4,0.002521491861938638,0.6,checkpoints/mlp_Pc_trial_1654_best_state.pt,"{'learning_rate': 0.002521491861938638, 'lr_reduce': 0.6}",TPESampler,COMPLETE
1655,0.0848618596792221,2025-04-25 18:50:12.552268,2025-04-25 18:50:26.893970,0 days 00:00:14.341702,0.0889446707710739,48,288,256.0,176.0,4,0.002435367898694323,0.6,checkpoints/mlp_Pc_trial_1655_best_state.pt,"{'learning_rate': 0.002435367898694323, 'lr_reduce': 0.6}",TPESampler,COMPLETE
1656,0.08553740382194519,2025-04-25 18:50:18.291169,2025-04-25 18:50:27.845918,0 days 00:00:09.554749,0.051829189910447944,128,208,432.0,240.0,4,0.008586218014429894,0.6,checkpoints/mlp_Pc_trial_1656_best_state.pt,"{'learning_rate': 0.008586218014429894, 'lr_reduce': 0.6}",TPESampler,COMPLETE
1657,0.06199324503540993,2025-04-25 18:50:26.268712,2025-04-25 18:50:36.685389,0 days 00:00:10.416677,0.029592159610991344,32,272,336.0,112.0,4,0.009758095714875943,0.6,checkpoints/mlp_Pc_trial_1657_best_state.pt,"{'learning_rate': 0.009758095714875943, 'lr_reduce': 0.6}",TPESampler,COMPLETE
1658,0.0718766450881958,2025-04-25 18:50:27.226302,2025-04-25 18:50:36.157618,0 days 00:00:08.931316,0.003776022902040089,96,192,512.0,32.0,4,0.008857180736017848,0.6,checkpoints/mlp_Pc_trial_1658_best_state.pt,"{'learning_rate': 0.008857180736017848, 'lr_reduce': 0.6}",TPESampler,COMPLETE
1659,0.08028544485569,2025-04-25 18:50:28.152602,2025-04-25 18:50:37.613189,0 days 00:00:09.460587,0.03934638976036127,176,128,224.0,144.0,4,0.009259418606448414,0.6,checkpoints/mlp_Pc_trial_1659_best_state.pt,"{'learning_rate': 0.009259418606448414, 'lr_reduce': 0.6}",TPESampler,COMPLETE
1660,0.09134071320295334,2025-04-25 18:50:36.468695,2025-04-25 18:50:45.868096,0 days 00:00:09.399401,0.029755855437865564,32,160,352.0,112.0,4,0.009803410163215481,0.6,checkpoints/mlp_Pc_trial_1660_best_state.pt,"{'learning_rate': 0.009803410163215481, 'lr_reduce': 0.6}",TPESampler,COMPLETE
1661,0.15423324704170227,2025-04-25 18:50:36.968676,2025-04-25 18:50:59.725209,0 days 00:00:22.756533,0.18191896078871117,400,448,368.0,96.0,4,0.0001724948947838392,0.6,checkpoints/mlp_Pc_trial_1661_best_state.pt,"{'learning_rate': 0.0001724948947838392, 'lr_reduce': 0.6}",TPESampler,COMPLETE
1662,0.07976995408535004,2025-04-25 18:50:37.904510,2025-04-25 18:50:49.504311,0 days 00:00:11.599801,0.03528717632944479,64,256,352.0,112.0,4,0.004514285402439869,0.6,checkpoints/mlp_Pc_trial_1662_best_state.pt,"{'learning_rate': 0.004514285402439869, 'lr_reduce': 0.6}",TPESampler,COMPLETE
1663,0.09470745921134949,2025-04-25 18:50:46.208844,2025-04-25 18:50:55.609023,0 days 00:00:09.400179,0.0020144086592205294,32,304,368.0,96.0,4,0.008603063641526519,0.6,checkpoints/mlp_Pc_trial_1663_best_state.pt,"{'learning_rate': 0.008603063641526519, 'lr_reduce': 0.6}",TPESampler,COMPLETE
1664,0.10876684635877609,2025-04-25 18:50:49.763485,2025-04-25 18:51:08.278638,0 days 00:00:18.515153,0.11297911414298825,320,192,352.0,96.0,4,0.00037347523756277215,0.6,checkpoints/mlp_Pc_trial_1664_best_state.pt,"{'learning_rate': 0.00037347523756277215, 'lr_reduce': 0.6}",TPESampler,COMPLETE
1665,0.07099416851997375,2025-04-25 18:50:55.971302,2025-04-25 18:51:04.760032,0 days 00:00:08.788730,0.02803925793346826,80,240,368.0,128.0,4,0.005557233937060739,0.6,checkpoints/mlp_Pc_trial_1665_best_state.pt,"{'learning_rate': 0.005557233937060739, 'lr_reduce': 0.6}",TPESampler,COMPLETE
1666,0.07384674996137619,2025-04-25 18:51:00.037821,2025-04-25 18:51:09.049190,0 days 00:00:09.011369,0.08500559158341467,48,304,384.0,80.0,4,0.006513023716409696,0.6,checkpoints/mlp_Pc_trial_1666_best_state.pt,"{'learning_rate': 0.006513023716409696, 'lr_reduce': 0.6}",TPESampler,COMPLETE
1667,0.07016061246395111,2025-04-25 18:51:05.070340,2025-04-25 18:51:15.057030,0 days 00:00:09.986690,0.036288725484964084,80,320,336.0,128.0,4,0.008876060090062692,0.6,checkpoints/mlp_Pc_trial_1667_best_state.pt,"{'learning_rate': 0.008876060090062692, 'lr_reduce': 0.6}",TPESampler,COMPLETE
1668,0.0814414843916893,2025-04-25 18:51:08.650976,2025-04-25 18:51:18.091203,0 days 00:00:09.440227,0.004766276210231863,48,256,416.0,64.0,4,0.004538672478357769,0.6,checkpoints/mlp_Pc_trial_1668_best_state.pt,"{'learning_rate': 0.004538672478357769, 'lr_reduce': 0.6}",TPESampler,COMPLETE
1669,0.08068547397851944,2025-04-25 18:51:09.359434,2025-04-25 18:51:20.221941,0 days 00:00:10.862507,0.07221311332827496,96,288,336.0,128.0,4,0.007927394441284288,0.6,checkpoints/mlp_Pc_trial_1669_best_state.pt,"{'learning_rate': 0.007927394441284288, 'lr_reduce': 0.6}",TPESampler,COMPLETE
1670,0.07623207569122314,2025-04-25 18:51:15.340832,2025-04-25 18:51:26.659054,0 days 00:00:11.318222,0.052756641922083396,32,176,400.0,80.0,4,0.008807252026358493,0.6,checkpoints/mlp_Pc_trial_1670_best_state.pt,"{'learning_rate': 0.008807252026358493, 'lr_reduce': 0.6}",TPESampler,COMPLETE
1671,0.13063867390155792,2025-04-25 18:51:18.565307,2025-04-25 18:51:39.288447,0 days 00:00:20.723140,0.14861453876569578,208,480,400.0,,3,0.00021229243278795784,0.6,checkpoints/mlp_Pc_trial_1671_best_state.pt,"{'learning_rate': 0.00021229243278795784, 'lr_reduce': 0.6}",TPESampler,COMPLETE
1672,0.14630500972270966,2025-04-25 18:51:20.549040,2025-04-25 18:51:45.088571,0 days 00:00:24.539531,0.15135931062412422,192,96,336.0,144.0,4,0.00023389179939854065,0.6,checkpoints/mlp_Pc_trial_1672_best_state.pt,"{'learning_rate': 0.00023389179939854065, 'lr_reduce': 0.6}",TPESampler,COMPLETE
1673,0.08690936863422394,2025-04-25 18:51:27.003286,2025-04-25 18:51:39.694281,0 days 00:00:12.690995,0.06716655829254208,32,192,400.0,64.0,4,0.008594230511419136,0.6,checkpoints/mlp_Pc_trial_1673_best_state.pt,"{'learning_rate': 0.008594230511419136, 'lr_reduce': 0.6}",TPESampler,COMPLETE
1674,0.15522439777851105,2025-04-25 18:51:39.628826,2025-04-25 18:52:13.158270,0 days 00:00:33.529444,0.19379449621049205,384,64,,,2,0.00017757118357059277,0.6,checkpoints/mlp_Pc_trial_1674_best_state.pt,"{'learning_rate': 0.00017757118357059277, 'lr_reduce': 0.6}",TPESampler,COMPLETE
1675,0.07381975650787354,2025-04-25 18:51:39.993312,2025-04-25 18:51:50.037101,0 days 00:00:10.043789,0.0021586661713168904,48,272,336.0,144.0,4,0.008861019177305881,0.6,checkpoints/mlp_Pc_trial_1675_best_state.pt,"{'learning_rate': 0.008861019177305881, 'lr_reduce': 0.6}",TPESampler,COMPLETE
1676,0.07615342736244202,2025-04-25 18:51:45.400791,2025-04-25 18:51:54.066744,0 days 00:00:08.665953,0.007532632402062558,32,320,464.0,112.0,4,0.008113715569994503,0.6,checkpoints/mlp_Pc_trial_1676_best_state.pt,"{'learning_rate': 0.008113715569994503, 'lr_reduce': 0.6}",TPESampler,COMPLETE
1677,0.06831175833940506,2025-04-25 18:51:50.323302,2025-04-25 18:51:59.444148,0 days 00:00:09.120846,0.021326369104485435,144,272,448.0,64.0,4,0.007559557270136408,0.6,checkpoints/mlp_Pc_trial_1677_best_state.pt,"{'learning_rate': 0.007559557270136408, 'lr_reduce': 0.6}",TPESampler,COMPLETE
1678,0.0737728551030159,2025-04-25 18:51:54.406527,2025-04-25 18:52:05.250559,0 days 00:00:10.844032,0.04953550103689333,112,224,336.0,144.0,4,0.0077801276641880825,0.6,checkpoints/mlp_Pc_trial_1678_best_state.pt,"{'learning_rate': 0.0077801276641880825, 'lr_reduce': 0.6}",TPESampler,COMPLETE
1679,0.08340039849281311,2025-04-25 18:51:59.731676,2025-04-25 18:52:12.152718,0 days 00:00:12.421042,0.049845535339779735,64,320,384.0,32.0,4,0.004059571871282444,0.6,checkpoints/mlp_Pc_trial_1679_best_state.pt,"{'learning_rate': 0.004059571871282444, 'lr_reduce': 0.6}",TPESampler,COMPLETE
1680,0.07862766087055206,2025-04-25 18:52:05.558591,2025-04-25 18:52:15.725512,0 days 00:00:10.166921,0.03925541821187545,32,208,432.0,96.0,4,0.009174918771488037,0.6,checkpoints/mlp_Pc_trial_1680_best_state.pt,"{'learning_rate': 0.009174918771488037, 'lr_reduce': 0.6}",TPESampler,COMPLETE
1681,0.07952630519866943,2025-04-25 18:52:12.418098,2025-04-25 18:52:24.330340,0 days 00:00:11.912242,0.040217213879695304,240,32,320.0,160.0,4,0.001065782208395327,0.6,checkpoints/mlp_Pc_trial_1681_best_state.pt,"{'learning_rate': 0.001065782208395327, 'lr_reduce': 0.6}",TPESampler,COMPLETE
1682,0.0891759842634201,2025-04-25 18:52:13.599719,2025-04-25 18:52:23.592065,0 days 00:00:09.992346,0.09552267543625942,144,96,480.0,112.0,4,0.002167435720196253,0.6,checkpoints/mlp_Pc_trial_1682_best_state.pt,"{'learning_rate': 0.002167435720196253, 'lr_reduce': 0.6}",TPESampler,COMPLETE
1683,0.4224337041378021,2025-04-25 18:52:16.063487,2025-04-25 18:53:29.936325,0 days 00:01:13.872838,0.2745060327710499,368,80,400.0,160.0,4,0.00010163882447135809,0.6,checkpoints/mlp_Pc_trial_1683_best_state.pt,"{'learning_rate': 0.00010163882447135809, 'lr_reduce': 0.6}",TPESampler,COMPLETE
1684,0.08791505545377731,2025-04-25 18:52:23.898370,2025-04-25 18:52:32.889992,0 days 00:00:08.991622,0.08562107871641134,272,144,320.0,80.0,4,0.002649319946938667,0.6,checkpoints/mlp_Pc_trial_1684_best_state.pt,"{'learning_rate': 0.002649319946938667, 'lr_reduce': 0.6}",TPESampler,COMPLETE
1685,0.08180543035268784,2025-04-25 18:52:24.640409,2025-04-25 18:52:32.617150,0 days 00:00:07.976741,0.05102772735777469,32,240,368.0,160.0,4,0.008152643589976034,0.6,checkpoints/mlp_Pc_trial_1685_best_state.pt,"{'learning_rate': 0.008152643589976034, 'lr_reduce': 0.6}",TPESampler,COMPLETE
1686,0.0790235847234726,2025-04-25 18:52:32.949434,2025-04-25 18:52:41.919436,0 days 00:00:08.970002,0.035838265648815884,80,256,432.0,64.0,4,0.008504809212169248,0.6,checkpoints/mlp_Pc_trial_1686_best_state.pt,"{'learning_rate': 0.008504809212169248, 'lr_reduce': 0.6}",TPESampler,COMPLETE
1687,0.06800015270709991,2025-04-25 18:52:33.253070,2025-04-25 18:52:45.094641,0 days 00:00:11.841571,0.018302759860439492,32,240,480.0,112.0,4,0.008431803340062912,0.6,checkpoints/mlp_Pc_trial_1687_best_state.pt,"{'learning_rate': 0.008431803340062912, 'lr_reduce': 0.6}",TPESampler,COMPLETE
1688,0.08035413175821304,2025-04-25 18:52:42.620095,2025-04-25 18:52:56.875582,0 days 00:00:14.255487,0.04234746676343675,128,288,320.0,32.0,4,0.004831093025709933,0.6,checkpoints/mlp_Pc_trial_1688_best_state.pt,"{'learning_rate': 0.004831093025709933, 'lr_reduce': 0.6}",TPESampler,COMPLETE
1689,0.07969914376735687,2025-04-25 18:52:45.727872,2025-04-25 18:52:57.845422,0 days 00:00:12.117550,0.008805556707479265,144,240,400.0,144.0,4,0.0046180404275832625,0.6,checkpoints/mlp_Pc_trial_1689_best_state.pt,"{'learning_rate': 0.0046180404275832625, 'lr_reduce': 0.6}",TPESampler,COMPLETE
1690,0.0681452676653862,2025-04-25 18:52:57.202284,2025-04-25 18:53:06.995415,0 days 00:00:09.793131,0.0036417615589232886,160,144,448.0,176.0,4,0.003692602246621289,0.6,checkpoints/mlp_Pc_trial_1690_best_state.pt,"{'learning_rate': 0.003692602246621289, 'lr_reduce': 0.6}",TPESampler,COMPLETE
1691,0.0768037736415863,2025-04-25 18:52:58.195203,2025-04-25 18:53:07.235434,0 days 00:00:09.040231,0.05003782191056173,48,288,368.0,96.0,4,0.00904923404227939,0.6,checkpoints/mlp_Pc_trial_1691_best_state.pt,"{'learning_rate': 0.00904923404227939, 'lr_reduce': 0.6}",TPESampler,COMPLETE
1692,0.08585420250892639,2025-04-25 18:53:07.331027,2025-04-25 18:53:16.828050,0 days 00:00:09.497023,0.19919468274479335,288,240,512.0,112.0,4,0.00643422932519469,0.6,checkpoints/mlp_Pc_trial_1692_best_state.pt,"{'learning_rate': 0.00643422932519469, 'lr_reduce': 0.6}",TPESampler,COMPLETE
1693,0.08464591950178146,2025-04-25 18:53:07.852118,2025-04-25 18:53:17.169233,0 days 00:00:09.317115,0.030955354037164498,112,240,128.0,176.0,4,0.00951743687057442,0.6,checkpoints/mlp_Pc_trial_1693_best_state.pt,"{'learning_rate': 0.00951743687057442, 'lr_reduce': 0.6}",TPESampler,COMPLETE
1694,0.12077897042036057,2025-04-25 18:53:17.273263,2025-04-25 18:53:32.485282,0 days 00:00:15.212019,0.2301988414692409,176,512,,,2,0.00046212190614593066,0.6,checkpoints/mlp_Pc_trial_1694_best_state.pt,"{'learning_rate': 0.00046212190614593066, 'lr_reduce': 0.6}",TPESampler,COMPLETE
1695,0.06724459677934647,2025-04-25 18:53:17.529813,2025-04-25 18:53:28.299506,0 days 00:00:10.769693,0.04156734976858492,112,256,304.0,96.0,4,0.0012227096372081569,0.6,checkpoints/mlp_Pc_trial_1695_best_state.pt,"{'learning_rate': 0.0012227096372081569, 'lr_reduce': 0.6}",TPESampler,COMPLETE
1696,0.07512225210666656,2025-04-25 18:53:28.637888,2025-04-25 18:53:37.302951,0 days 00:00:08.665063,0.014507807053909569,176,96,416.0,64.0,4,0.00572235480680113,0.6,checkpoints/mlp_Pc_trial_1696_best_state.pt,"{'learning_rate': 0.00572235480680113, 'lr_reduce': 0.6}",TPESampler,COMPLETE
1697,0.08244607597589493,2025-04-25 18:53:30.298644,2025-04-25 18:53:38.213430,0 days 00:00:07.914786,0.0005143716025577151,240,96,352.0,160.0,4,0.009358759655402936,0.6,checkpoints/mlp_Pc_trial_1697_best_state.pt,"{'learning_rate': 0.009358759655402936, 'lr_reduce': 0.6}",TPESampler,COMPLETE
1698,0.06793862581253052,2025-04-25 18:53:32.813216,2025-04-25 18:53:42.714171,0 days 00:00:09.900955,0.002367344148424216,32,192,480.0,,3,0.008091626412591554,0.6,checkpoints/mlp_Pc_trial_1698_best_state.pt,"{'learning_rate': 0.008091626412591554, 'lr_reduce': 0.6}",TPESampler,COMPLETE
1699,0.07872678339481354,2025-04-25 18:53:37.705676,2025-04-25 18:53:44.846368,0 days 00:00:07.140692,0.0018107600925001688,240,112,304.0,,3,0.006861023886240857,0.6,checkpoints/mlp_Pc_trial_1699_best_state.pt,"{'learning_rate': 0.006861023886240857, 'lr_reduce': 0.6}",TPESampler,COMPLETE
1700,0.07818203419446945,2025-04-25 18:53:38.569753,2025-04-25 18:53:51.286696,0 days 00:00:12.716943,0.044692409759321115,48,176,32.0,32.0,4,0.0022397199692920314,0.6,checkpoints/mlp_Pc_trial_1700_best_state.pt,"{'learning_rate': 0.0022397199692920314, 'lr_reduce': 0.6}",TPESampler,COMPLETE
1701,0.07879428565502167,2025-04-25 18:53:43.006633,2025-04-25 18:53:53.531161,0 days 00:00:10.524528,0.002963411944878234,224,48,432.0,128.0,4,0.004879406281522651,0.6,checkpoints/mlp_Pc_trial_1701_best_state.pt,"{'learning_rate': 0.004879406281522651, 'lr_reduce': 0.6}",TPESampler,COMPLETE
1702,0.08158040791749954,2025-04-25 18:53:45.155110,2025-04-25 18:53:53.865508,0 days 00:00:08.710398,0.004081521356287927,112,96,368.0,176.0,4,0.001849330344788996,0.6,checkpoints/mlp_Pc_trial_1702_best_state.pt,"{'learning_rate': 0.001849330344788996, 'lr_reduce': 0.6}",TPESampler,COMPLETE
1703,0.08180651813745499,2025-04-25 18:53:51.584445,2025-04-25 18:54:02.560482,0 days 00:00:10.976037,0.04573738020693875,112,112,304.0,,3,0.009302302886376079,0.6,checkpoints/mlp_Pc_trial_1703_best_state.pt,"{'learning_rate': 0.009302302886376079, 'lr_reduce': 0.6}",TPESampler,COMPLETE
1704,0.081785187125206,2025-04-25 18:53:53.805281,2025-04-25 18:54:03.846021,0 days 00:00:10.040740,0.01692513089369372,64,416,176.0,80.0,4,0.004151935347941042,0.6,checkpoints/mlp_Pc_trial_1704_best_state.pt,"{'learning_rate': 0.004151935347941042, 'lr_reduce': 0.6}",TPESampler,COMPLETE
1705,0.08361363410949707,2025-04-25 18:53:54.251849,2025-04-25 18:54:04.827437,0 days 00:00:10.575588,0.06019343669521836,48,352,448.0,128.0,4,0.007820155931249368,0.6,checkpoints/mlp_Pc_trial_1705_best_state.pt,"{'learning_rate': 0.007820155931249368, 'lr_reduce': 0.6}",TPESampler,COMPLETE
1706,0.06904612481594086,2025-04-25 18:54:02.877633,2025-04-25 18:54:14.782185,0 days 00:00:11.904552,0.013046796218652774,176,192,384.0,192.0,4,0.001923155726646178,0.6,checkpoints/mlp_Pc_trial_1706_best_state.pt,"{'learning_rate': 0.001923155726646178, 'lr_reduce': 0.6}",TPESampler,COMPLETE
1707,0.08036229014396667,2025-04-25 18:54:04.154737,2025-04-25 18:54:15.276134,0 days 00:00:11.121397,0.0034221335558273277,160,80,304.0,,3,0.0016221314804252638,0.6,checkpoints/mlp_Pc_trial_1707_best_state.pt,"{'learning_rate': 0.0016221314804252638, 'lr_reduce': 0.6}",TPESampler,COMPLETE
1708,0.07660360634326935,2025-04-25 18:54:05.151580,2025-04-25 18:54:18.899382,0 days 00:00:13.747802,0.06567327231778518,32,224,464.0,64.0,4,0.002977400735771723,0.6,checkpoints/mlp_Pc_trial_1708_best_state.pt,"{'learning_rate': 0.002977400735771723, 'lr_reduce': 0.6}",TPESampler,COMPLETE
1709,0.08349987864494324,2025-04-25 18:54:15.223961,2025-04-25 18:54:22.787961,0 days 00:00:07.564000,0.04753512245505157,144,112,336.0,144.0,4,0.00969765052501576,0.6,checkpoints/mlp_Pc_trial_1709_best_state.pt,"{'learning_rate': 0.00969765052501576, 'lr_reduce': 0.6}",TPESampler,COMPLETE
1710,0.0710589736700058,2025-04-25 18:54:15.568158,2025-04-25 18:54:25.240167,0 days 00:00:09.672009,0.06298962831284488,80,96,416.0,112.0,4,0.00475122276964494,0.6,checkpoints/mlp_Pc_trial_1710_best_state.pt,"{'learning_rate': 0.00475122276964494, 'lr_reduce': 0.6}",TPESampler,COMPLETE
1711,0.07073133438825607,2025-04-25 18:54:19.271101,2025-04-25 18:54:28.075848,0 days 00:00:08.804747,0.054613443011510734,112,176,512.0,192.0,4,0.008749122023151971,0.6,checkpoints/mlp_Pc_trial_1711_best_state.pt,"{'learning_rate': 0.008749122023151971, 'lr_reduce': 0.6}",TPESampler,COMPLETE
