number,value,datetime_start,datetime_complete,duration,params_final_dropout,params_mlp_dim_00,params_mlp_dim_01,params_mlp_dim_02,params_mlp_dim_03,params_mlp_n_layers,params_train_learning_rate,params_train_lr_reduce,user_attrs_best_state_dict_path,user_attrs_training_params,system_attrs_auto:sampler,state
1860,0.0736614242196083,2025-04-25 19:04:09.754541,2025-04-25 19:04:18.010408,0 days 00:00:08.255867,0.049862938646392234,80,384,304.0,,3,0.007236342908553388,0.6,checkpoints/mlp_Pc_trial_1860_best_state.pt,"{'learning_rate': 0.007236342908553388, 'lr_reduce': 0.6}",TPESampler,COMPLETE
1861,0.06877527385950089,2025-04-25 19:04:12.579559,2025-04-25 19:04:21.675682,0 days 00:00:09.096123,0.0035930101937591127,48,160,256.0,,3,0.008871769275897542,0.6,checkpoints/mlp_Pc_trial_1861_best_state.pt,"{'learning_rate': 0.008871769275897542, 'lr_reduce': 0.6}",TPESampler,COMPLETE
1862,0.06075092777609825,2025-04-25 19:04:16.334980,2025-04-25 19:04:30.460042,0 days 00:00:14.125062,0.0609243750068243,64,288,304.0,112.0,4,0.007384867799661596,0.6,checkpoints/mlp_Pc_trial_1862_best_state.pt,"{'learning_rate': 0.007384867799661596, 'lr_reduce': 0.6}",TPESampler,COMPLETE
1863,0.5573810338973999,2025-04-25 19:04:18.308950,2025-04-25 19:04:24.432130,0 days 00:00:06.123180,0.2750387164262053,96,368,240.0,144.0,4,0.00013151361913192868,0.6,checkpoints/mlp_Pc_trial_1863_best_state.pt,"{'learning_rate': 0.00013151361913192868, 'lr_reduce': 0.6}",TPESampler,COMPLETE
1864,0.07165251672267914,2025-04-25 19:04:22.007532,2025-04-25 19:04:31.134642,0 days 00:00:09.127110,0.06623696192397663,32,176,176.0,80.0,4,0.004880563706999306,0.6,checkpoints/mlp_Pc_trial_1864_best_state.pt,"{'learning_rate': 0.004880563706999306, 'lr_reduce': 0.6}",TPESampler,COMPLETE
1865,0.09499241411685944,2025-04-25 19:04:24.786608,2025-04-25 19:04:35.233716,0 days 00:00:10.447108,0.18582260867218964,96,464,304.0,32.0,4,0.009026476611911886,0.6,checkpoints/mlp_Pc_trial_1865_best_state.pt,"{'learning_rate': 0.009026476611911886, 'lr_reduce': 0.6}",TPESampler,COMPLETE
1866,0.07235345989465714,2025-04-25 19:04:30.794201,2025-04-25 19:04:43.766304,0 days 00:00:12.972103,0.06427238752204173,112,304,320.0,112.0,4,0.009826345815793518,0.6,checkpoints/mlp_Pc_trial_1866_best_state.pt,"{'learning_rate': 0.009826345815793518, 'lr_reduce': 0.6}",TPESampler,COMPLETE
1867,0.07821957021951675,2025-04-25 19:04:31.542206,2025-04-25 19:04:42.092938,0 days 00:00:10.550732,0.03158637198350047,144,304,288.0,96.0,4,0.008403146474040292,0.6,checkpoints/mlp_Pc_trial_1867_best_state.pt,"{'learning_rate': 0.008403146474040292, 'lr_reduce': 0.6}",TPESampler,COMPLETE
1868,0.09075729548931122,2025-04-25 19:04:35.568544,2025-04-25 19:04:45.537863,0 days 00:00:09.969319,0.08152457023072165,32,288,320.0,112.0,4,0.0046028228926508945,0.6,checkpoints/mlp_Pc_trial_1868_best_state.pt,"{'learning_rate': 0.0046028228926508945, 'lr_reduce': 0.6}",TPESampler,COMPLETE
1869,0.11654788255691528,2025-04-25 19:04:42.409532,2025-04-25 19:04:51.411420,0 days 00:00:09.001888,0.11410559723908235,32,32,288.0,96.0,4,0.0018529616151636615,0.6,checkpoints/mlp_Pc_trial_1869_best_state.pt,"{'learning_rate': 0.0018529616151636615, 'lr_reduce': 0.6}",TPESampler,COMPLETE
1870,0.07768259197473526,2025-04-25 19:04:44.094622,2025-04-25 19:04:54.389276,0 days 00:00:10.294654,0.1292326870303109,112,240,320.0,112.0,4,0.009963004693435843,0.6,checkpoints/mlp_Pc_trial_1870_best_state.pt,"{'learning_rate': 0.009963004693435843, 'lr_reduce': 0.6}",TPESampler,COMPLETE
1871,0.07449723780155182,2025-04-25 19:04:45.845490,2025-04-25 19:04:55.122324,0 days 00:00:09.276834,0.005875838935074519,96,288,320.0,80.0,4,0.00812206293318723,0.6,checkpoints/mlp_Pc_trial_1871_best_state.pt,"{'learning_rate': 0.00812206293318723, 'lr_reduce': 0.6}",TPESampler,COMPLETE
1872,0.09200260043144226,2025-04-25 19:04:51.716749,2025-04-25 19:05:03.446281,0 days 00:00:11.729532,0.04413875645032562,32,368,272.0,128.0,4,0.006849604483290414,0.6,checkpoints/mlp_Pc_trial_1872_best_state.pt,"{'learning_rate': 0.006849604483290414, 'lr_reduce': 0.6}",TPESampler,COMPLETE
1873,0.09189935773611069,2025-04-25 19:04:54.683426,2025-04-25 19:05:08.322038,0 days 00:00:13.638612,0.034308092647863435,32,224,304.0,80.0,4,0.004550715399933321,0.6,checkpoints/mlp_Pc_trial_1873_best_state.pt,"{'learning_rate': 0.004550715399933321, 'lr_reduce': 0.6}",TPESampler,COMPLETE
1874,0.07150585949420929,2025-04-25 19:04:55.488848,2025-04-25 19:05:05.351918,0 days 00:00:09.863070,0.039346078628564485,48,272,272.0,128.0,4,0.00942596037945002,0.6,checkpoints/mlp_Pc_trial_1874_best_state.pt,"{'learning_rate': 0.00942596037945002, 'lr_reduce': 0.6}",TPESampler,COMPLETE
1875,0.0765155702829361,2025-04-25 19:05:03.740793,2025-04-25 19:05:14.237871,0 days 00:00:10.497078,0.1252435361405537,128,336,320.0,64.0,4,0.004708446414701021,0.6,checkpoints/mlp_Pc_trial_1875_best_state.pt,"{'learning_rate': 0.004708446414701021, 'lr_reduce': 0.6}",TPESampler,COMPLETE
1876,0.07777418941259384,2025-04-25 19:05:05.695405,2025-04-25 19:05:16.613387,0 days 00:00:10.917982,0.06555797691424915,48,320,272.0,128.0,4,0.006642169938924529,0.6,checkpoints/mlp_Pc_trial_1876_best_state.pt,"{'learning_rate': 0.006642169938924529, 'lr_reduce': 0.6}",TPESampler,COMPLETE
1877,0.06622251123189926,2025-04-25 19:05:08.617918,2025-04-25 19:05:19.683545,0 days 00:00:11.065627,0.0013518119511914083,288,432,320.0,,3,0.0024958585363252916,0.6,checkpoints/mlp_Pc_trial_1877_best_state.pt,"{'learning_rate': 0.0024958585363252916, 'lr_reduce': 0.6}",TPESampler,COMPLETE
1878,0.07772175967693329,2025-04-25 19:05:14.535999,2025-04-25 19:05:25.050093,0 days 00:00:10.514094,0.06980935140844376,96,240,256.0,80.0,4,0.0053768548150214665,0.6,checkpoints/mlp_Pc_trial_1878_best_state.pt,"{'learning_rate': 0.0053768548150214665, 'lr_reduce': 0.6}",TPESampler,COMPLETE
1879,0.09321493655443192,2025-04-25 19:05:16.917810,2025-04-25 19:05:28.849142,0 days 00:00:11.931332,0.0742256103220436,32,336,320.0,128.0,4,0.005746347684259714,0.6,checkpoints/mlp_Pc_trial_1879_best_state.pt,"{'learning_rate': 0.005746347684259714, 'lr_reduce': 0.6}",TPESampler,COMPLETE
1880,0.09596800804138184,2025-04-25 19:05:19.983342,2025-04-25 19:05:27.785782,0 days 00:00:07.802440,0.04691973596738568,48,288,288.0,64.0,4,0.009834468806322364,0.6,checkpoints/mlp_Pc_trial_1880_best_state.pt,"{'learning_rate': 0.009834468806322364, 'lr_reduce': 0.6}",TPESampler,COMPLETE
1881,0.08893600106239319,2025-04-25 19:05:25.350717,2025-04-25 19:05:35.642041,0 days 00:00:10.291324,0.10630812948003769,112,288,240.0,128.0,4,0.007998723182504405,0.6,checkpoints/mlp_Pc_trial_1881_best_state.pt,"{'learning_rate': 0.007998723182504405, 'lr_reduce': 0.6}",TPESampler,COMPLETE
1882,0.08035527169704437,2025-04-25 19:05:28.072851,2025-04-25 19:05:38.520137,0 days 00:00:10.447286,0.0378682777936086,48,320,336.0,32.0,4,0.005116645336022524,0.6,checkpoints/mlp_Pc_trial_1882_best_state.pt,"{'learning_rate': 0.005116645336022524, 'lr_reduce': 0.6}",TPESampler,COMPLETE
1883,0.08671852201223373,2025-04-25 19:05:29.141300,2025-04-25 19:05:40.081236,0 days 00:00:10.939936,0.11694569078785574,64,304,272.0,96.0,4,0.009062024820319488,0.6,checkpoints/mlp_Pc_trial_1883_best_state.pt,"{'learning_rate': 0.009062024820319488, 'lr_reduce': 0.6}",TPESampler,COMPLETE
1884,0.07607163488864899,2025-04-25 19:05:35.969867,2025-04-25 19:05:45.379338,0 days 00:00:09.409471,0.03692063727856638,32,256,320.0,144.0,4,0.0061513910252198305,0.6,checkpoints/mlp_Pc_trial_1884_best_state.pt,"{'learning_rate': 0.0061513910252198305, 'lr_reduce': 0.6}",TPESampler,COMPLETE
1885,0.0764855295419693,2025-04-25 19:05:38.810505,2025-04-25 19:05:47.205865,0 days 00:00:08.395360,0.00632365465705401,128,192,224.0,,3,0.00945104738651449,0.6,checkpoints/mlp_Pc_trial_1885_best_state.pt,"{'learning_rate': 0.00945104738651449, 'lr_reduce': 0.6}",TPESampler,COMPLETE
1886,0.10128911584615707,2025-04-25 19:05:40.396948,2025-04-25 19:06:13.611228,0 days 00:00:33.214280,0.09218876571207951,272,288,,,2,0.0002825596830301895,0.6,checkpoints/mlp_Pc_trial_1886_best_state.pt,"{'learning_rate': 0.0002825596830301895, 'lr_reduce': 0.6}",TPESampler,COMPLETE
1887,0.0813390389084816,2025-04-25 19:05:45.735753,2025-04-25 19:06:01.290590,0 days 00:00:15.554837,0.07974963664425111,48,192,272.0,80.0,4,0.009820977389046298,0.6,checkpoints/mlp_Pc_trial_1887_best_state.pt,"{'learning_rate': 0.009820977389046298, 'lr_reduce': 0.6}",TPESampler,COMPLETE
1888,0.07369532436132431,2025-04-25 19:05:47.521704,2025-04-25 19:06:01.521429,0 days 00:00:13.999725,0.004892018357123832,224,144,304.0,144.0,4,0.0037960615059027644,0.6,checkpoints/mlp_Pc_trial_1888_best_state.pt,"{'learning_rate': 0.0037960615059027644, 'lr_reduce': 0.6}",TPESampler,COMPLETE
1889,0.08164120465517044,2025-04-25 19:06:01.604152,2025-04-25 19:06:10.398287,0 days 00:00:08.794135,0.06938760959799858,128,176,336.0,,3,0.006480355709138343,0.6,checkpoints/mlp_Pc_trial_1889_best_state.pt,"{'learning_rate': 0.006480355709138343, 'lr_reduce': 0.6}",TPESampler,COMPLETE
1890,0.07583336532115936,2025-04-25 19:06:01.937428,2025-04-25 19:06:12.847531,0 days 00:00:10.910103,0.04066770371979586,80,256,224.0,64.0,4,0.007757215561649517,0.6,checkpoints/mlp_Pc_trial_1890_best_state.pt,"{'learning_rate': 0.007757215561649517, 'lr_reduce': 0.6}",TPESampler,COMPLETE
1891,0.09157086163759232,2025-04-25 19:06:10.675551,2025-04-25 19:06:21.124165,0 days 00:00:10.448614,0.056301297819506144,32,272,272.0,112.0,4,0.005755883635253551,0.6,checkpoints/mlp_Pc_trial_1891_best_state.pt,"{'learning_rate': 0.005755883635253551, 'lr_reduce': 0.6}",TPESampler,COMPLETE
1892,0.08819796144962311,2025-04-25 19:06:13.184710,2025-04-25 19:06:22.512703,0 days 00:00:09.327993,0.06501275379828678,144,288,336.0,144.0,4,0.008207809138721092,0.6,checkpoints/mlp_Pc_trial_1892_best_state.pt,"{'learning_rate': 0.008207809138721092, 'lr_reduce': 0.6}",TPESampler,COMPLETE
1893,0.07562118023633957,2025-04-25 19:06:13.924004,2025-04-25 19:06:25.645387,0 days 00:00:11.721383,0.0544455533812796,80,288,240.0,32.0,4,0.00942316794479459,0.6,checkpoints/mlp_Pc_trial_1893_best_state.pt,"{'learning_rate': 0.00942316794479459, 'lr_reduce': 0.6}",TPESampler,COMPLETE
1894,0.07036757469177246,2025-04-25 19:06:21.423732,2025-04-25 19:06:30.318163,0 days 00:00:08.894431,0.0002078561303927376,80,176,288.0,96.0,4,0.003591909389904157,0.6,checkpoints/mlp_Pc_trial_1894_best_state.pt,"{'learning_rate': 0.003591909389904157, 'lr_reduce': 0.6}",TPESampler,COMPLETE
1895,0.08252119272947311,2025-04-25 19:06:22.826961,2025-04-25 19:06:33.484078,0 days 00:00:10.657117,0.05784268241289976,112,160,208.0,144.0,4,0.004164168860259476,0.6,checkpoints/mlp_Pc_trial_1895_best_state.pt,"{'learning_rate': 0.004164168860259476, 'lr_reduce': 0.6}",TPESampler,COMPLETE
1896,0.07492589950561523,2025-04-25 19:06:25.954178,2025-04-25 19:06:36.820333,0 days 00:00:10.866155,0.04418594510933472,112,288,336.0,,3,0.004528046978471591,0.6,checkpoints/mlp_Pc_trial_1896_best_state.pt,"{'learning_rate': 0.004528046978471591, 'lr_reduce': 0.6}",TPESampler,COMPLETE
1897,0.08779498934745789,2025-04-25 19:06:30.639956,2025-04-25 19:06:38.932493,0 days 00:00:08.292537,0.05473385074868443,192,48,272.0,,3,0.006038250098175754,0.6,checkpoints/mlp_Pc_trial_1897_best_state.pt,"{'learning_rate': 0.006038250098175754, 'lr_reduce': 0.6}",TPESampler,COMPLETE
1898,0.07924851030111313,2025-04-25 19:06:33.788158,2025-04-25 19:06:44.726892,0 days 00:00:10.938734,0.1315219581544282,128,368,336.0,80.0,4,0.008737209623611993,0.6,checkpoints/mlp_Pc_trial_1898_best_state.pt,"{'learning_rate': 0.008737209623611993, 'lr_reduce': 0.6}",TPESampler,COMPLETE
1899,0.06470197439193726,2025-04-25 19:06:37.199707,2025-04-25 19:06:47.080770,0 days 00:00:09.881063,0.10101810762855978,80,352,256.0,112.0,4,0.007907239325769278,0.6,checkpoints/mlp_Pc_trial_1899_best_state.pt,"{'learning_rate': 0.007907239325769278, 'lr_reduce': 0.6}",TPESampler,COMPLETE
1900,0.08702895045280457,2025-04-25 19:06:39.238198,2025-04-25 19:06:50.251682,0 days 00:00:11.013484,0.008281268443473204,32,240,192.0,64.0,4,0.003862480710264213,0.6,checkpoints/mlp_Pc_trial_1900_best_state.pt,"{'learning_rate': 0.003862480710264213, 'lr_reduce': 0.6}",TPESampler,COMPLETE
1901,0.07395178079605103,2025-04-25 19:06:45.180697,2025-04-25 19:06:52.389731,0 days 00:00:07.209034,0.08070263315467009,112,192,304.0,,3,0.009542631211386779,0.6,checkpoints/mlp_Pc_trial_1901_best_state.pt,"{'learning_rate': 0.009542631211386779, 'lr_reduce': 0.6}",TPESampler,COMPLETE
1902,0.08085209131240845,2025-04-25 19:06:47.372684,2025-04-25 19:06:55.952227,0 days 00:00:08.579543,0.10395422978752239,48,288,368.0,128.0,4,0.009558585899199218,0.6,checkpoints/mlp_Pc_trial_1902_best_state.pt,"{'learning_rate': 0.009558585899199218, 'lr_reduce': 0.6}",TPESampler,COMPLETE
1903,0.07981239259243011,2025-04-25 19:06:50.577246,2025-04-25 19:06:59.441179,0 days 00:00:08.863933,0.022541797645961585,128,176,128.0,32.0,4,0.009624632065655093,0.6,checkpoints/mlp_Pc_trial_1903_best_state.pt,"{'learning_rate': 0.009624632065655093, 'lr_reduce': 0.6}",TPESampler,COMPLETE
1904,0.08222353458404541,2025-04-25 19:06:52.693603,2025-04-25 19:07:01.700500,0 days 00:00:09.006897,0.04969311573636236,224,224,240.0,496.0,4,0.004867358570559578,0.6,checkpoints/mlp_Pc_trial_1904_best_state.pt,"{'learning_rate': 0.004867358570559578, 'lr_reduce': 0.6}",TPESampler,COMPLETE
1905,0.08795700967311859,2025-04-25 19:06:56.273304,2025-04-25 19:07:05.027241,0 days 00:00:08.753937,0.005792695336148715,128,96,288.0,144.0,4,0.0041171154618169625,0.6,checkpoints/mlp_Pc_trial_1905_best_state.pt,"{'learning_rate': 0.0041171154618169625, 'lr_reduce': 0.6}",TPESampler,COMPLETE
1906,0.07502289861440659,2025-04-25 19:06:59.733973,2025-04-25 19:07:10.377856,0 days 00:00:10.643883,0.002800584241809066,160,224,320.0,96.0,4,0.004317269659076771,0.6,checkpoints/mlp_Pc_trial_1906_best_state.pt,"{'learning_rate': 0.004317269659076771, 'lr_reduce': 0.6}",TPESampler,COMPLETE
1907,0.07680434733629227,2025-04-25 19:07:02.061398,2025-04-25 19:07:11.733456,0 days 00:00:09.672058,0.0017086994971240235,176,432,256.0,144.0,4,0.00944686113674073,0.6,checkpoints/mlp_Pc_trial_1907_best_state.pt,"{'learning_rate': 0.00944686113674073, 'lr_reduce': 0.6}",TPESampler,COMPLETE
1908,0.09820421040058136,2025-04-25 19:07:05.337293,2025-04-25 19:07:14.955216,0 days 00:00:09.617923,0.21459923316533988,240,336,368.0,,3,0.0035913644856673346,0.6,checkpoints/mlp_Pc_trial_1908_best_state.pt,"{'learning_rate': 0.0035913644856673346, 'lr_reduce': 0.6}",TPESampler,COMPLETE
1909,0.07226833701133728,2025-04-25 19:07:10.690766,2025-04-25 19:07:19.455879,0 days 00:00:08.765113,0.0208784191929806,64,128,,,2,0.008666285493686242,0.6,checkpoints/mlp_Pc_trial_1909_best_state.pt,"{'learning_rate': 0.008666285493686242, 'lr_reduce': 0.6}",TPESampler,COMPLETE
1910,0.09394726157188416,2025-04-25 19:07:12.059425,2025-04-25 19:07:22.501274,0 days 00:00:10.441849,0.1183201018714973,32,256,208.0,80.0,4,0.004434976979205167,0.6,checkpoints/mlp_Pc_trial_1910_best_state.pt,"{'learning_rate': 0.004434976979205167, 'lr_reduce': 0.6}",TPESampler,COMPLETE
1911,0.05936785414814949,2025-04-25 19:07:15.282039,2025-04-25 19:07:26.094605,0 days 00:00:10.812566,0.0719290957996891,48,320,288.0,64.0,4,0.00945502385877967,0.6,checkpoints/mlp_Pc_trial_1911_best_state.pt,"{'learning_rate': 0.00945502385877967, 'lr_reduce': 0.6}",TPESampler,COMPLETE
1912,0.07225790619850159,2025-04-25 19:07:19.778029,2025-04-25 19:07:31.780485,0 days 00:00:12.002456,0.044812005829048304,96,176,336.0,144.0,4,0.005188221238399265,0.6,checkpoints/mlp_Pc_trial_1912_best_state.pt,"{'learning_rate': 0.005188221238399265, 'lr_reduce': 0.6}",TPESampler,COMPLETE
1913,0.06538736820220947,2025-04-25 19:07:22.812066,2025-04-25 19:07:35.327049,0 days 00:00:12.514983,0.03616476092956536,64,272,240.0,96.0,4,0.009778779198689495,0.6,checkpoints/mlp_Pc_trial_1913_best_state.pt,"{'learning_rate': 0.009778779198689495, 'lr_reduce': 0.6}",TPESampler,COMPLETE
1914,0.08724432438611984,2025-04-25 19:07:26.380607,2025-04-25 19:07:38.812295,0 days 00:00:12.431688,0.10654539097704348,496,336,,,2,0.0010940805267187711,0.6,checkpoints/mlp_Pc_trial_1914_best_state.pt,"{'learning_rate': 0.0010940805267187711, 'lr_reduce': 0.6}",TPESampler,COMPLETE
1915,0.0714620053768158,2025-04-25 19:07:32.122693,2025-04-25 19:07:42.228839,0 days 00:00:10.106146,0.08131324383502794,80,272,288.0,,3,0.0093365296438605,0.6,checkpoints/mlp_Pc_trial_1915_best_state.pt,"{'learning_rate': 0.0093365296438605, 'lr_reduce': 0.6}",TPESampler,COMPLETE
1916,0.08538495749235153,2025-04-25 19:07:35.609632,2025-04-25 19:07:53.735645,0 days 00:00:18.126013,0.00800420187735552,320,240,368.0,32.0,4,0.009248676267627933,0.6,checkpoints/mlp_Pc_trial_1916_best_state.pt,"{'learning_rate': 0.009248676267627933, 'lr_reduce': 0.6}",TPESampler,COMPLETE
1917,0.08238136768341064,2025-04-25 19:07:39.137436,2025-04-25 19:07:56.249893,0 days 00:00:17.112457,0.07617657659665784,32,112,160.0,,3,0.007283259853718694,0.6,checkpoints/mlp_Pc_trial_1917_best_state.pt,"{'learning_rate': 0.007283259853718694, 'lr_reduce': 0.6}",TPESampler,COMPLETE
1918,0.07318946719169617,2025-04-25 19:07:42.873934,2025-04-25 19:08:03.346704,0 days 00:00:20.472770,0.0020466956732543527,192,448,320.0,,3,0.003155136119146032,0.6,checkpoints/mlp_Pc_trial_1918_best_state.pt,"{'learning_rate': 0.003155136119146032, 'lr_reduce': 0.6}",TPESampler,COMPLETE
1919,0.0830625519156456,2025-04-25 19:07:54.130499,2025-04-25 19:08:02.924717,0 days 00:00:08.794218,0.06600879566180597,32,400,240.0,32.0,4,0.007186348786216347,0.6,checkpoints/mlp_Pc_trial_1919_best_state.pt,"{'learning_rate': 0.007186348786216347, 'lr_reduce': 0.6}",TPESampler,COMPLETE
1920,0.08140720427036285,2025-04-25 19:07:56.677336,2025-04-25 19:08:07.081980,0 days 00:00:10.404644,0.025428020519420877,32,336,288.0,64.0,4,0.009030952821214622,0.6,checkpoints/mlp_Pc_trial_1920_best_state.pt,"{'learning_rate': 0.009030952821214622, 'lr_reduce': 0.6}",TPESampler,COMPLETE
1921,0.09437060356140137,2025-04-25 19:08:03.280981,2025-04-25 19:08:13.767637,0 days 00:00:10.486656,0.13831964760477644,64,64,208.0,32.0,4,0.007950728935035414,0.6,checkpoints/mlp_Pc_trial_1921_best_state.pt,"{'learning_rate': 0.007950728935035414, 'lr_reduce': 0.6}",TPESampler,COMPLETE
1922,0.09419558942317963,2025-04-25 19:08:03.743939,2025-04-25 19:08:11.904300,0 days 00:00:08.160361,0.05591998161543367,224,96,368.0,32.0,4,0.005107446731455994,0.6,checkpoints/mlp_Pc_trial_1922_best_state.pt,"{'learning_rate': 0.005107446731455994, 'lr_reduce': 0.6}",TPESampler,COMPLETE
1923,0.11846908181905746,2025-04-25 19:08:07.417451,2025-04-25 19:08:15.780675,0 days 00:00:08.363224,0.29749931927919504,352,208,336.0,,3,0.004586502700593868,0.6,checkpoints/mlp_Pc_trial_1923_best_state.pt,"{'learning_rate': 0.004586502700593868, 'lr_reduce': 0.6}",TPESampler,COMPLETE
1924,0.0809653177857399,2025-04-25 19:08:12.217452,2025-04-25 19:08:22.228209,0 days 00:00:10.010757,0.039952951721776916,96,416,272.0,,3,0.0036187806180140937,0.6,checkpoints/mlp_Pc_trial_1924_best_state.pt,"{'learning_rate': 0.0036187806180140937, 'lr_reduce': 0.6}",TPESampler,COMPLETE
1925,0.09243461489677429,2025-04-25 19:08:14.112297,2025-04-25 19:08:21.213535,0 days 00:00:07.101238,0.06456149231532743,176,320,304.0,64.0,4,0.00694403159764632,0.6,checkpoints/mlp_Pc_trial_1925_best_state.pt,"{'learning_rate': 0.00694403159764632, 'lr_reduce': 0.6}",TPESampler,COMPLETE
1926,0.0825701504945755,2025-04-25 19:08:16.110240,2025-04-25 19:08:22.854461,0 days 00:00:06.744221,0.001276614122909457,192,176,240.0,64.0,4,0.004792342767622029,0.6,checkpoints/mlp_Pc_trial_1926_best_state.pt,"{'learning_rate': 0.004792342767622029, 'lr_reduce': 0.6}",TPESampler,COMPLETE
1927,0.08670930564403534,2025-04-25 19:08:21.504929,2025-04-25 19:08:29.227231,0 days 00:00:07.722302,0.0006139534287170766,192,144,192.0,64.0,4,0.009539539795576354,0.6,checkpoints/mlp_Pc_trial_1927_best_state.pt,"{'learning_rate': 0.009539539795576354, 'lr_reduce': 0.6}",TPESampler,COMPLETE
1928,0.07794439047574997,2025-04-25 19:08:22.570695,2025-04-25 19:08:32.056263,0 days 00:00:09.485568,0.049685222363599194,80,352,368.0,32.0,4,0.009745602234997127,0.6,checkpoints/mlp_Pc_trial_1928_best_state.pt,"{'learning_rate': 0.009745602234997127, 'lr_reduce': 0.6}",TPESampler,COMPLETE
1929,0.06863652914762497,2025-04-25 19:08:23.190684,2025-04-25 19:08:34.036461,0 days 00:00:10.845777,0.0861766004696571,144,464,272.0,,3,0.003662139182585654,0.6,checkpoints/mlp_Pc_trial_1929_best_state.pt,"{'learning_rate': 0.003662139182585654, 'lr_reduce': 0.6}",TPESampler,COMPLETE
1930,0.20264948904514313,2025-04-25 19:08:29.558732,2025-04-25 19:08:50.040617,0 days 00:00:20.481885,0.2981333585430056,320,48,320.0,80.0,4,0.000618330199483086,0.6,checkpoints/mlp_Pc_trial_1930_best_state.pt,"{'learning_rate': 0.000618330199483086, 'lr_reduce': 0.6}",TPESampler,COMPLETE
1931,0.08007766306400299,2025-04-25 19:08:32.360971,2025-04-25 19:08:46.493183,0 days 00:00:14.132212,0.11551427249204634,128,496,256.0,64.0,4,0.009465584369348867,0.6,checkpoints/mlp_Pc_trial_1931_best_state.pt,"{'learning_rate': 0.009465584369348867, 'lr_reduce': 0.6}",TPESampler,COMPLETE
1932,0.08159303665161133,2025-04-25 19:08:34.371743,2025-04-25 19:08:41.421358,0 days 00:00:07.049615,0.009197055883967872,160,64,384.0,,3,0.009652257142808684,0.6,checkpoints/mlp_Pc_trial_1932_best_state.pt,"{'learning_rate': 0.009652257142808684, 'lr_reduce': 0.6}",TPESampler,COMPLETE
1933,0.08619087934494019,2025-04-25 19:08:41.767549,2025-04-25 19:08:50.499827,0 days 00:00:08.732278,0.06710135881410334,32,384,336.0,64.0,4,0.009742000270713749,0.6,checkpoints/mlp_Pc_trial_1933_best_state.pt,"{'learning_rate': 0.009742000270713749, 'lr_reduce': 0.6}",TPESampler,COMPLETE
