number,value,datetime_start,datetime_complete,duration,params_final_dropout,params_mlp_dim_00,params_mlp_dim_01,params_mlp_dim_02,params_mlp_dim_03,params_mlp_n_layers,params_train_learning_rate,params_train_lr_reduce,user_attrs_best_state_dict_path,user_attrs_training_params,system_attrs_auto:sampler,state
896,0.07851053029298782,2025-04-25 17:58:23.821135,2025-04-25 17:58:32.396119,0 days 00:00:08.574984,0.004469884793119352,48,368,240.0,112.0,4,0.0051993414351904155,0.6,checkpoints/mlp_Pc_trial_896_best_state.pt,"{'learning_rate': 0.0051993414351904155, 'lr_reduce': 0.6}",TPESampler,COMPLETE
897,0.08236224949359894,2025-04-25 17:58:26.176670,2025-04-25 17:58:32.998735,0 days 00:00:06.822065,0.01678821760162017,32,160,256.0,112.0,4,0.008666674661767071,0.6,checkpoints/mlp_Pc_trial_897_best_state.pt,"{'learning_rate': 0.008666674661767071, 'lr_reduce': 0.6}",TPESampler,COMPLETE
898,0.06404729932546616,2025-04-25 17:58:29.189583,2025-04-25 17:58:36.796229,0 days 00:00:07.606646,0.013675989396063529,32,160,272.0,112.0,4,0.008180996704664309,0.6,checkpoints/mlp_Pc_trial_898_best_state.pt,"{'learning_rate': 0.008180996704664309, 'lr_reduce': 0.6}",TPESampler,COMPLETE
899,0.08446421474218369,2025-04-25 17:58:32.654225,2025-04-25 17:58:41.332336,0 days 00:00:08.678111,0.007883364739528963,32,240,272.0,,3,0.00357806301679802,0.6,checkpoints/mlp_Pc_trial_899_best_state.pt,"{'learning_rate': 0.00357806301679802, 'lr_reduce': 0.6}",TPESampler,COMPLETE
900,0.08384402841329575,2025-04-25 17:58:33.310413,2025-04-25 17:58:43.951744,0 days 00:00:10.641331,0.07020619294712936,32,448,272.0,,3,0.003251735101897189,0.6,checkpoints/mlp_Pc_trial_900_best_state.pt,"{'learning_rate': 0.003251735101897189, 'lr_reduce': 0.6}",TPESampler,COMPLETE
901,0.11474835127592087,2025-04-25 17:58:37.049614,2025-04-25 17:58:48.196242,0 days 00:00:11.146628,0.20751305712831417,464,32,,,2,0.0010085686719211227,0.6,checkpoints/mlp_Pc_trial_901_best_state.pt,"{'learning_rate': 0.0010085686719211227, 'lr_reduce': 0.6}",TPESampler,COMPLETE
902,0.07429280877113342,2025-04-25 17:58:41.588013,2025-04-25 17:58:50.208112,0 days 00:00:08.620099,0.03802220351117096,80,304,224.0,128.0,4,0.009987318743413071,0.6,checkpoints/mlp_Pc_trial_902_best_state.pt,"{'learning_rate': 0.009987318743413071, 'lr_reduce': 0.6}",TPESampler,COMPLETE
903,0.0697268471121788,2025-04-25 17:58:44.220866,2025-04-25 17:58:51.746257,0 days 00:00:07.525391,0.019651488380408193,96,208,256.0,112.0,4,0.005899353158676463,0.6,checkpoints/mlp_Pc_trial_903_best_state.pt,"{'learning_rate': 0.005899353158676463, 'lr_reduce': 0.6}",TPESampler,COMPLETE
904,0.08435499668121338,2025-04-25 17:58:48.474038,2025-04-25 17:58:55.964434,0 days 00:00:07.490396,0.03481695958524214,96,144,272.0,112.0,4,0.009484997858758695,0.6,checkpoints/mlp_Pc_trial_904_best_state.pt,"{'learning_rate': 0.009484997858758695, 'lr_reduce': 0.6}",TPESampler,COMPLETE
905,0.08567600697278976,2025-04-25 17:58:50.464000,2025-04-25 17:59:04.130279,0 days 00:00:13.666279,0.030097233318613612,32,192,192.0,112.0,4,0.007024189195096465,0.6,checkpoints/mlp_Pc_trial_905_best_state.pt,"{'learning_rate': 0.007024189195096465, 'lr_reduce': 0.6}",TPESampler,COMPLETE
906,0.07052557170391083,2025-04-25 17:58:52.014012,2025-04-25 17:58:59.791771,0 days 00:00:07.777759,0.0009752572688164571,80,208,224.0,112.0,4,0.0072542304002592385,0.6,checkpoints/mlp_Pc_trial_906_best_state.pt,"{'learning_rate': 0.0072542304002592385, 'lr_reduce': 0.6}",TPESampler,COMPLETE
907,0.08406134694814682,2025-04-25 17:58:56.231872,2025-04-25 17:59:04.922261,0 days 00:00:08.690389,0.07294741573475025,128,112,256.0,,3,0.006615781790681578,0.6,checkpoints/mlp_Pc_trial_907_best_state.pt,"{'learning_rate': 0.006615781790681578, 'lr_reduce': 0.6}",TPESampler,COMPLETE
908,0.07156817615032196,2025-04-25 17:59:00.060908,2025-04-25 17:59:07.832058,0 days 00:00:07.771150,0.020998099531284516,64,208,272.0,112.0,4,0.007804804947755988,0.6,checkpoints/mlp_Pc_trial_908_best_state.pt,"{'learning_rate': 0.007804804947755988, 'lr_reduce': 0.6}",TPESampler,COMPLETE
909,0.13417956233024597,2025-04-25 17:59:04.425807,2025-04-25 17:59:50.716814,0 days 00:00:46.291007,0.08522400905485637,32,304,,,2,0.00016068127102382082,0.6,checkpoints/mlp_Pc_trial_909_best_state.pt,"{'learning_rate': 0.00016068127102382082, 'lr_reduce': 0.6}",TPESampler,COMPLETE
910,0.0723034217953682,2025-04-25 17:59:05.179622,2025-04-25 17:59:12.802639,0 days 00:00:07.623017,0.0015298595420860277,32,144,288.0,112.0,4,0.005776858874512455,0.6,checkpoints/mlp_Pc_trial_910_best_state.pt,"{'learning_rate': 0.005776858874512455, 'lr_reduce': 0.6}",TPESampler,COMPLETE
911,0.08227238059043884,2025-04-25 17:59:08.143812,2025-04-25 17:59:31.703836,0 days 00:00:23.560024,0.006331872093981533,496,288,240.0,80.0,4,0.00021435295291684034,0.6,checkpoints/mlp_Pc_trial_911_best_state.pt,"{'learning_rate': 0.00021435295291684034, 'lr_reduce': 0.6}",TPESampler,COMPLETE
912,0.0793316587805748,2025-04-25 17:59:13.094249,2025-04-25 17:59:20.155589,0 days 00:00:07.061340,0.02716318342699981,48,144,208.0,80.0,4,0.007816819079166648,0.6,checkpoints/mlp_Pc_trial_912_best_state.pt,"{'learning_rate': 0.007816819079166648, 'lr_reduce': 0.6}",TPESampler,COMPLETE
913,0.550483226776123,2025-04-25 17:59:20.455898,2025-04-25 17:59:24.804174,0 days 00:00:04.348276,0.2964038328133498,48,368,288.0,128.0,4,0.0006014212950627932,0.6,checkpoints/mlp_Pc_trial_913_best_state.pt,"{'learning_rate': 0.0006014212950627932, 'lr_reduce': 0.6}",TPESampler,COMPLETE
914,0.06525929272174835,2025-04-25 17:59:25.072774,2025-04-25 17:59:34.189544,0 days 00:00:09.116770,0.03102711406393953,32,128,288.0,80.0,4,0.007754654889557483,0.6,checkpoints/mlp_Pc_trial_914_best_state.pt,"{'learning_rate': 0.007754654889557483, 'lr_reduce': 0.6}",TPESampler,COMPLETE
915,0.08476051688194275,2025-04-25 17:59:31.965562,2025-04-25 17:59:39.329351,0 days 00:00:07.363789,0.015623545719238765,80,208,176.0,,3,0.009398926109450633,0.6,checkpoints/mlp_Pc_trial_915_best_state.pt,"{'learning_rate': 0.009398926109450633, 'lr_reduce': 0.6}",TPESampler,COMPLETE
916,0.07517857104539871,2025-04-25 17:59:34.468562,2025-04-25 17:59:43.370549,0 days 00:00:08.901987,0.054791192749865825,48,128,256.0,,3,0.006617381934609989,0.6,checkpoints/mlp_Pc_trial_916_best_state.pt,"{'learning_rate': 0.006617381934609989, 'lr_reduce': 0.6}",TPESampler,COMPLETE
917,0.09982287138700485,2025-04-25 17:59:39.615463,2025-04-25 17:59:53.291900,0 days 00:00:13.676437,0.07808784710643546,32,336,,,2,0.0018727137090930053,0.6,checkpoints/mlp_Pc_trial_917_best_state.pt,"{'learning_rate': 0.0018727137090930053, 'lr_reduce': 0.6}",TPESampler,COMPLETE
918,0.08336173743009567,2025-04-25 17:59:43.621611,2025-04-25 17:59:56.492440,0 days 00:00:12.870829,0.07638973831453783,48,304,272.0,,3,0.001184008069050025,0.6,checkpoints/mlp_Pc_trial_918_best_state.pt,"{'learning_rate': 0.001184008069050025, 'lr_reduce': 0.6}",TPESampler,COMPLETE
919,0.09177731722593307,2025-04-25 17:59:51.031653,2025-04-25 17:59:59.879508,0 days 00:00:08.847855,0.056866193946813685,64,160,272.0,128.0,4,0.009904386295713441,0.6,checkpoints/mlp_Pc_trial_919_best_state.pt,"{'learning_rate': 0.009904386295713441, 'lr_reduce': 0.6}",TPESampler,COMPLETE
920,0.08266317844390869,2025-04-25 17:59:53.793307,2025-04-25 18:00:00.437928,0 days 00:00:06.644621,0.018074010740673198,144,176,288.0,144.0,4,0.009860200593789616,0.6,checkpoints/mlp_Pc_trial_920_best_state.pt,"{'learning_rate': 0.009860200593789616, 'lr_reduce': 0.6}",TPESampler,COMPLETE
921,0.0988120585680008,2025-04-25 17:59:56.783866,2025-04-25 18:00:03.182097,0 days 00:00:06.398231,0.06267803106079771,32,208,240.0,112.0,4,0.007215152062128118,0.6,checkpoints/mlp_Pc_trial_921_best_state.pt,"{'learning_rate': 0.007215152062128118, 'lr_reduce': 0.6}",TPESampler,COMPLETE
922,0.07264142483472824,2025-04-25 18:00:00.151850,2025-04-25 18:00:10.189399,0 days 00:00:10.037549,0.02946065312519384,32,128,288.0,112.0,4,0.007566882879592026,0.6,checkpoints/mlp_Pc_trial_922_best_state.pt,"{'learning_rate': 0.007566882879592026, 'lr_reduce': 0.6}",TPESampler,COMPLETE
923,0.07852280139923096,2025-04-25 18:00:00.765588,2025-04-25 18:00:10.645373,0 days 00:00:09.879785,0.037202657335653116,32,160,272.0,96.0,4,0.005199651768309286,0.6,checkpoints/mlp_Pc_trial_923_best_state.pt,"{'learning_rate': 0.005199651768309286, 'lr_reduce': 0.6}",TPESampler,COMPLETE
924,0.43453317880630493,2025-04-25 18:00:03.429890,2025-04-25 18:00:28.053724,0 days 00:00:24.623834,0.2977839884100473,256,256,224.0,80.0,4,0.00027077028331709736,0.6,checkpoints/mlp_Pc_trial_924_best_state.pt,"{'learning_rate': 0.00027077028331709736, 'lr_reduce': 0.6}",TPESampler,COMPLETE
925,0.07622852176427841,2025-04-25 18:00:10.582511,2025-04-25 18:00:18.164305,0 days 00:00:07.581794,0.01037808849085007,80,96,224.0,,3,0.006510631037411576,0.6,checkpoints/mlp_Pc_trial_925_best_state.pt,"{'learning_rate': 0.006510631037411576, 'lr_reduce': 0.6}",TPESampler,COMPLETE
926,0.07454119622707367,2025-04-25 18:00:10.990554,2025-04-25 18:00:25.438459,0 days 00:00:14.447905,0.0013713846093409005,96,512,288.0,112.0,4,0.0009377183450337377,0.6,checkpoints/mlp_Pc_trial_926_best_state.pt,"{'learning_rate': 0.0009377183450337377, 'lr_reduce': 0.6}",TPESampler,COMPLETE
927,0.07691344618797302,2025-04-25 18:00:18.429270,2025-04-25 18:00:29.215079,0 days 00:00:10.785809,0.01846161707826836,48,160,224.0,448.0,4,0.004379675264700485,0.6,checkpoints/mlp_Pc_trial_927_best_state.pt,"{'learning_rate': 0.004379675264700485, 'lr_reduce': 0.6}",TPESampler,COMPLETE
928,0.08483372628688812,2025-04-25 18:00:25.723591,2025-04-25 18:00:35.150023,0 days 00:00:09.426432,0.03322304096571803,32,96,288.0,80.0,4,0.008211345010182287,0.6,checkpoints/mlp_Pc_trial_928_best_state.pt,"{'learning_rate': 0.008211345010182287, 'lr_reduce': 0.6}",TPESampler,COMPLETE
929,0.08061445504426956,2025-04-25 18:00:28.322612,2025-04-25 18:00:36.671948,0 days 00:00:08.349336,0.0473141151836533,112,160,176.0,128.0,4,0.00961688525646542,0.6,checkpoints/mlp_Pc_trial_929_best_state.pt,"{'learning_rate': 0.00961688525646542, 'lr_reduce': 0.6}",TPESampler,COMPLETE
930,0.08001513034105301,2025-04-25 18:00:29.504220,2025-04-25 18:00:39.603457,0 days 00:00:10.099237,0.0009418495949475511,48,192,288.0,128.0,4,0.009685347516205445,0.6,checkpoints/mlp_Pc_trial_930_best_state.pt,"{'learning_rate': 0.009685347516205445, 'lr_reduce': 0.6}",TPESampler,COMPLETE
931,0.07566322386264801,2025-04-25 18:00:35.437576,2025-04-25 18:00:46.862166,0 days 00:00:11.424590,0.16887836687909782,480,496,,,2,0.00736823279816038,0.6,checkpoints/mlp_Pc_trial_931_best_state.pt,"{'learning_rate': 0.00736823279816038, 'lr_reduce': 0.6}",TPESampler,COMPLETE
932,0.06581629067659378,2025-04-25 18:00:36.984038,2025-04-25 18:00:47.450960,0 days 00:00:10.466922,0.005964095992727299,32,112,224.0,80.0,4,0.007878958585345002,0.6,checkpoints/mlp_Pc_trial_932_best_state.pt,"{'learning_rate': 0.007878958585345002, 'lr_reduce': 0.6}",TPESampler,COMPLETE
933,0.09322761744260788,2025-04-25 18:00:39.913215,2025-04-25 18:01:18.971533,0 days 00:00:39.058318,0.00614061644191486,96,512,272.0,,3,0.00017119958687988494,0.6,checkpoints/mlp_Pc_trial_933_best_state.pt,"{'learning_rate': 0.00017119958687988494, 'lr_reduce': 0.6}",TPESampler,COMPLETE
934,0.07448858767747879,2025-04-25 18:00:47.166296,2025-04-25 18:00:54.998535,0 days 00:00:07.832239,0.0005886508450473151,48,240,288.0,80.0,4,0.006418949400983393,0.6,checkpoints/mlp_Pc_trial_934_best_state.pt,"{'learning_rate': 0.006418949400983393, 'lr_reduce': 0.6}",TPESampler,COMPLETE
935,0.09222385287284851,2025-04-25 18:00:47.748416,2025-04-25 18:00:55.969854,0 days 00:00:08.221438,0.10466932291407374,48,192,128.0,,3,0.008447045473171794,0.6,checkpoints/mlp_Pc_trial_935_best_state.pt,"{'learning_rate': 0.008447045473171794, 'lr_reduce': 0.6}",TPESampler,COMPLETE
936,0.07147445529699326,2025-04-25 18:00:55.230819,2025-04-25 18:01:03.912744,0 days 00:00:08.681925,0.0010728640639404118,96,176,224.0,144.0,4,0.009381539649929278,0.6,checkpoints/mlp_Pc_trial_936_best_state.pt,"{'learning_rate': 0.009381539649929278, 'lr_reduce': 0.6}",TPESampler,COMPLETE
937,0.07899284362792969,2025-04-25 18:00:56.274581,2025-04-25 18:01:06.752565,0 days 00:00:10.477984,0.04651837930949937,160,416,288.0,80.0,4,0.0022134039838868046,0.6,checkpoints/mlp_Pc_trial_937_best_state.pt,"{'learning_rate': 0.0022134039838868046, 'lr_reduce': 0.6}",TPESampler,COMPLETE
938,0.07241740077733994,2025-04-25 18:01:04.211170,2025-04-25 18:01:13.840937,0 days 00:00:09.629767,0.06161846874388656,32,288,208.0,80.0,4,0.008163188056388895,0.6,checkpoints/mlp_Pc_trial_938_best_state.pt,"{'learning_rate': 0.008163188056388895, 'lr_reduce': 0.6}",TPESampler,COMPLETE
939,0.06922391802072525,2025-04-25 18:01:07.022234,2025-04-25 18:01:15.686029,0 days 00:00:08.663795,0.013229516776334965,48,256,304.0,128.0,4,0.006773996486207823,0.6,checkpoints/mlp_Pc_trial_939_best_state.pt,"{'learning_rate': 0.006773996486207823, 'lr_reduce': 0.6}",TPESampler,COMPLETE
940,0.07373842597007751,2025-04-25 18:01:14.143863,2025-04-25 18:01:26.720098,0 days 00:00:12.576235,0.0421183148070601,32,160,256.0,80.0,4,0.00836698574533253,0.6,checkpoints/mlp_Pc_trial_940_best_state.pt,"{'learning_rate': 0.00836698574533253, 'lr_reduce': 0.6}",TPESampler,COMPLETE
941,0.07051661610603333,2025-04-25 18:01:15.975579,2025-04-25 18:01:24.885940,0 days 00:00:08.910361,0.014270941775738892,48,176,224.0,144.0,4,0.007970933681586655,0.6,checkpoints/mlp_Pc_trial_941_best_state.pt,"{'learning_rate': 0.007970933681586655, 'lr_reduce': 0.6}",TPESampler,COMPLETE
942,0.08384118974208832,2025-04-25 18:01:19.260882,2025-04-25 18:01:34.621611,0 days 00:00:15.360729,0.046191754182859326,128,480,304.0,80.0,4,0.0004735962940549184,0.6,checkpoints/mlp_Pc_trial_942_best_state.pt,"{'learning_rate': 0.0004735962940549184, 'lr_reduce': 0.6}",TPESampler,COMPLETE
943,0.1157456710934639,2025-04-25 18:01:25.219028,2025-04-25 18:01:34.141896,0 days 00:00:08.922868,0.27248985396687053,208,400,,,2,0.0012632704901853207,0.6,checkpoints/mlp_Pc_trial_943_best_state.pt,"{'learning_rate': 0.0012632704901853207, 'lr_reduce': 0.6}",TPESampler,COMPLETE
944,0.08481593430042267,2025-04-25 18:01:27.002195,2025-04-25 18:01:36.861157,0 days 00:00:09.858962,0.05318481205765659,32,128,288.0,80.0,4,0.0037193061480621523,0.6,checkpoints/mlp_Pc_trial_944_best_state.pt,"{'learning_rate': 0.0037193061480621523, 'lr_reduce': 0.6}",TPESampler,COMPLETE
945,0.1063673123717308,2025-04-25 18:01:34.412106,2025-04-25 18:01:53.113831,0 days 00:00:18.701725,0.0612141810095958,224,352,176.0,144.0,4,0.00030445335539170813,0.6,checkpoints/mlp_Pc_trial_945_best_state.pt,"{'learning_rate': 0.00030445335539170813, 'lr_reduce': 0.6}",TPESampler,COMPLETE
946,0.1304241120815277,2025-04-25 18:01:34.852629,2025-04-25 18:01:45.438852,0 days 00:00:10.586223,0.23956542481736343,464,272,240.0,80.0,4,0.0009433114943416626,0.6,checkpoints/mlp_Pc_trial_946_best_state.pt,"{'learning_rate': 0.0009433114943416626, 'lr_reduce': 0.6}",TPESampler,COMPLETE
947,0.09073324501514435,2025-04-25 18:01:37.135999,2025-04-25 18:01:44.549686,0 days 00:00:07.413687,5.1958414427885624e-05,112,160,304.0,80.0,4,0.004730116929613509,0.6,checkpoints/mlp_Pc_trial_947_best_state.pt,"{'learning_rate': 0.004730116929613509, 'lr_reduce': 0.6}",TPESampler,COMPLETE
948,0.07856066524982452,2025-04-25 18:01:44.802463,2025-04-25 18:01:51.816589,0 days 00:00:07.014126,0.06702522416497912,176,224,240.0,144.0,4,0.0049707205669770015,0.6,checkpoints/mlp_Pc_trial_948_best_state.pt,"{'learning_rate': 0.0049707205669770015, 'lr_reduce': 0.6}",TPESampler,COMPLETE
949,0.0867241770029068,2025-04-25 18:01:45.706587,2025-04-25 18:01:53.457047,0 days 00:00:07.750460,0.1284906797486308,272,256,,,2,0.003353164041330904,0.6,checkpoints/mlp_Pc_trial_949_best_state.pt,"{'learning_rate': 0.003353164041330904, 'lr_reduce': 0.6}",TPESampler,COMPLETE
950,0.09128685295581818,2025-04-25 18:01:52.074634,2025-04-25 18:01:59.353426,0 days 00:00:07.278792,0.017510770140015935,48,96,288.0,,3,0.008688177937825668,0.6,checkpoints/mlp_Pc_trial_950_best_state.pt,"{'learning_rate': 0.008688177937825668, 'lr_reduce': 0.6}",TPESampler,COMPLETE
951,0.0826089009642601,2025-04-25 18:01:53.387165,2025-04-25 18:02:03.178117,0 days 00:00:09.790952,0.0034805425462397857,128,432,176.0,64.0,4,0.0019615062736615552,0.6,checkpoints/mlp_Pc_trial_951_best_state.pt,"{'learning_rate': 0.0019615062736615552, 'lr_reduce': 0.6}",TPESampler,COMPLETE
952,0.07064754515886307,2025-04-25 18:01:53.982551,2025-04-25 18:02:05.853559,0 days 00:00:11.871008,0.011316219782462346,256,336,240.0,144.0,4,0.001144991817075214,0.6,checkpoints/mlp_Pc_trial_952_best_state.pt,"{'learning_rate': 0.001144991817075214, 'lr_reduce': 0.6}",TPESampler,COMPLETE
953,0.08148915320634842,2025-04-25 18:01:59.635824,2025-04-25 18:02:10.190341,0 days 00:00:10.554517,0.01809553103796281,32,176,288.0,80.0,4,0.004743880296617413,0.6,checkpoints/mlp_Pc_trial_953_best_state.pt,"{'learning_rate': 0.004743880296617413, 'lr_reduce': 0.6}",TPESampler,COMPLETE
954,0.08038076758384705,2025-04-25 18:02:03.455869,2025-04-25 18:02:17.215684,0 days 00:00:13.759815,0.082182465668825,160,176,304.0,64.0,4,0.001414807964328523,0.6,checkpoints/mlp_Pc_trial_954_best_state.pt,"{'learning_rate': 0.001414807964328523, 'lr_reduce': 0.6}",TPESampler,COMPLETE
955,0.07928770035505295,2025-04-25 18:02:06.122893,2025-04-25 18:02:14.389205,0 days 00:00:08.266312,0.0034698362701806418,48,144,240.0,128.0,4,0.008779004619434826,0.6,checkpoints/mlp_Pc_trial_955_best_state.pt,"{'learning_rate': 0.008779004619434826, 'lr_reduce': 0.6}",TPESampler,COMPLETE
956,0.07117267698049545,2025-04-25 18:02:10.449577,2025-04-25 18:02:21.887402,0 days 00:00:11.437825,0.033539422712658355,160,336,208.0,,3,0.0013360879006035285,0.6,checkpoints/mlp_Pc_trial_956_best_state.pt,"{'learning_rate': 0.0013360879006035285, 'lr_reduce': 0.6}",TPESampler,COMPLETE
957,0.10000588744878769,2025-04-25 18:02:14.651094,2025-04-25 18:02:30.348096,0 days 00:00:15.697002,0.16891573585919498,352,208,,,2,0.0006418420481712781,0.6,checkpoints/mlp_Pc_trial_957_best_state.pt,"{'learning_rate': 0.0006418420481712781, 'lr_reduce': 0.6}",TPESampler,COMPLETE
958,0.078570157289505,2025-04-25 18:02:17.521870,2025-04-25 18:02:25.322420,0 days 00:00:07.800550,0.08175753931435129,176,144,272.0,64.0,4,0.0069627551253581875,0.6,checkpoints/mlp_Pc_trial_958_best_state.pt,"{'learning_rate': 0.0069627551253581875, 'lr_reduce': 0.6}",TPESampler,COMPLETE
959,0.07563809305429459,2025-04-25 18:02:22.141054,2025-04-25 18:02:35.099386,0 days 00:00:12.958332,0.06375137394349285,224,192,304.0,144.0,4,0.0015971617227546872,0.6,checkpoints/mlp_Pc_trial_959_best_state.pt,"{'learning_rate': 0.0015971617227546872, 'lr_reduce': 0.6}",TPESampler,COMPLETE
960,0.0723174661397934,2025-04-25 18:02:25.600995,2025-04-25 18:02:37.362387,0 days 00:00:11.761392,0.055172569287695865,80,320,176.0,,3,0.0023333483872478317,0.6,checkpoints/mlp_Pc_trial_960_best_state.pt,"{'learning_rate': 0.0023333483872478317, 'lr_reduce': 0.6}",TPESampler,COMPLETE
961,0.08153387904167175,2025-04-25 18:02:30.620823,2025-04-25 18:02:40.301184,0 days 00:00:09.680361,0.0622707201132592,96,176,304.0,64.0,4,0.002292541198274896,0.6,checkpoints/mlp_Pc_trial_961_best_state.pt,"{'learning_rate': 0.002292541198274896, 'lr_reduce': 0.6}",TPESampler,COMPLETE
962,0.11319997161626816,2025-04-25 18:02:35.471585,2025-04-25 18:02:48.402704,0 days 00:00:12.931119,0.2059319037505753,256,160,224.0,,3,0.0013982679336597178,0.6,checkpoints/mlp_Pc_trial_962_best_state.pt,"{'learning_rate': 0.0013982679336597178, 'lr_reduce': 0.6}",TPESampler,COMPLETE
963,0.08105668425559998,2025-04-25 18:02:37.612071,2025-04-25 18:02:50.188698,0 days 00:00:12.576627,0.018777312817991314,128,512,256.0,128.0,4,0.0032296410465247213,0.6,checkpoints/mlp_Pc_trial_963_best_state.pt,"{'learning_rate': 0.0032296410465247213, 'lr_reduce': 0.6}",TPESampler,COMPLETE
964,0.07377694547176361,2025-04-25 18:02:40.571292,2025-04-25 18:03:02.430387,0 days 00:00:21.859095,0.038735731580184125,48,352,304.0,,3,0.0017399537510966187,0.6,checkpoints/mlp_Pc_trial_964_best_state.pt,"{'learning_rate': 0.0017399537510966187, 'lr_reduce': 0.6}",TPESampler,COMPLETE
965,0.07078513503074646,2025-04-25 18:02:48.998791,2025-04-25 18:03:05.509868,0 days 00:00:16.511077,0.033714451087874464,160,304,240.0,64.0,4,0.0005799462968570225,0.6,checkpoints/mlp_Pc_trial_965_best_state.pt,"{'learning_rate': 0.0005799462968570225, 'lr_reduce': 0.6}",TPESampler,COMPLETE
966,0.08206462860107422,2025-04-25 18:02:50.940881,2025-04-25 18:03:01.462109,0 days 00:00:10.521228,0.0057887514374513225,80,128,304.0,512.0,4,0.006073257243264257,0.6,checkpoints/mlp_Pc_trial_966_best_state.pt,"{'learning_rate': 0.006073257243264257, 'lr_reduce': 0.6}",TPESampler,COMPLETE
967,0.08220614492893219,2025-04-25 18:03:01.728783,2025-04-25 18:03:10.253986,0 days 00:00:08.525203,0.07140977191183187,32,112,208.0,160.0,4,0.0065328725178022615,0.6,checkpoints/mlp_Pc_trial_967_best_state.pt,"{'learning_rate': 0.0065328725178022615, 'lr_reduce': 0.6}",TPESampler,COMPLETE
968,0.1521603763103485,2025-04-25 18:03:02.741054,2025-04-25 18:03:35.151868,0 days 00:00:32.410814,0.16232439376632268,512,64,304.0,80.0,4,0.0001361419675858717,0.6,checkpoints/mlp_Pc_trial_968_best_state.pt,"{'learning_rate': 0.0001361419675858717, 'lr_reduce': 0.6}",TPESampler,COMPLETE
969,0.08248396217823029,2025-04-25 18:03:05.827239,2025-04-25 18:03:16.486779,0 days 00:00:10.659540,0.020813970531884208,96,128,256.0,112.0,4,0.008547855227727167,0.6,checkpoints/mlp_Pc_trial_969_best_state.pt,"{'learning_rate': 0.008547855227727167, 'lr_reduce': 0.6}",TPESampler,COMPLETE
970,0.0740472674369812,2025-04-25 18:03:10.533161,2025-04-25 18:03:25.618805,0 days 00:00:15.085644,0.011868502712075183,224,128,160.0,64.0,4,0.0010519095877472167,0.6,checkpoints/mlp_Pc_trial_970_best_state.pt,"{'learning_rate': 0.0010519095877472167, 'lr_reduce': 0.6}",TPESampler,COMPLETE
