number,value,datetime_start,datetime_complete,duration,params_final_dropout,params_mlp_dim_00,params_mlp_dim_01,params_mlp_dim_02,params_mlp_dim_03,params_mlp_n_layers,params_train_learning_rate,params_train_lr_reduce,user_attrs_best_state_dict_path,user_attrs_training_params,system_attrs_auto:sampler,state
152,0.07188378274440765,2025-04-25 17:06:31.678295,2025-04-25 17:06:42.000094,0 days 00:00:10.321799,0.07256944766282053,64,208,448.0,48.0,4,0.008347831268173097,0.6,checkpoints/mlp_Pc_trial_152_best_state.pt,"{'learning_rate': 0.008347831268173097, 'lr_reduce': 0.6}",TPESampler,COMPLETE
153,0.07256841659545898,2025-04-25 17:06:32.144961,2025-04-25 17:06:38.769689,0 days 00:00:06.624728,0.0020441187460644803,176,48,352.0,304.0,4,0.005793893846213823,0.6,checkpoints/mlp_Pc_trial_153_best_state.pt,"{'learning_rate': 0.005793893846213823, 'lr_reduce': 0.6}",TPESampler,COMPLETE
154,0.07273709028959274,2025-04-25 17:06:34.045036,2025-04-25 17:06:46.125772,0 days 00:00:12.080736,0.01449765619851642,208,416,368.0,32.0,4,0.0017259641743286953,0.6,checkpoints/mlp_Pc_trial_154_best_state.pt,"{'learning_rate': 0.0017259641743286953, 'lr_reduce': 0.6}",TPESampler,COMPLETE
155,0.07929560542106628,2025-04-25 17:06:39.005409,2025-04-25 17:06:48.629500,0 days 00:00:09.624091,0.02399045697046375,112,432,384.0,48.0,4,0.0022980107409102213,0.6,checkpoints/mlp_Pc_trial_155_best_state.pt,"{'learning_rate': 0.0022980107409102213, 'lr_reduce': 0.6}",TPESampler,COMPLETE
156,0.0783839225769043,2025-04-25 17:06:42.198481,2025-04-25 17:06:50.078792,0 days 00:00:07.880311,0.14666125472868732,304,160,320.0,,3,0.004937207803416829,0.6,checkpoints/mlp_Pc_trial_156_best_state.pt,"{'learning_rate': 0.004937207803416829, 'lr_reduce': 0.6}",TPESampler,COMPLETE
157,0.07600106298923492,2025-04-25 17:06:46.355097,2025-04-25 17:06:56.565955,0 days 00:00:10.210858,0.023779560923238664,144,304,400.0,,3,0.0023473954469763023,0.6,checkpoints/mlp_Pc_trial_157_best_state.pt,"{'learning_rate': 0.0023473954469763023, 'lr_reduce': 0.6}",TPESampler,COMPLETE
158,0.07774815708398819,2025-04-25 17:06:48.905081,2025-04-25 17:06:58.444596,0 days 00:00:09.539515,0.01426132053487292,80,48,496.0,32.0,4,0.002755839892406762,0.6,checkpoints/mlp_Pc_trial_158_best_state.pt,"{'learning_rate': 0.002755839892406762, 'lr_reduce': 0.6}",TPESampler,COMPLETE
159,0.0803273543715477,2025-04-25 17:06:50.300108,2025-04-25 17:07:13.711043,0 days 00:00:23.410935,0.01602531351013639,32,208,416.0,,3,0.0003546593008443735,0.6,checkpoints/mlp_Pc_trial_159_best_state.pt,"{'learning_rate': 0.0003546593008443735, 'lr_reduce': 0.6}",TPESampler,COMPLETE
160,0.06917061656713486,2025-04-25 17:06:56.974643,2025-04-25 17:07:08.732661,0 days 00:00:11.758018,0.008546399521397463,192,320,432.0,384.0,4,0.0009145640220773402,0.6,checkpoints/mlp_Pc_trial_160_best_state.pt,"{'learning_rate': 0.0009145640220773402, 'lr_reduce': 0.6}",TPESampler,COMPLETE
161,0.083078533411026,2025-04-25 17:06:58.701110,2025-04-25 17:07:09.195283,0 days 00:00:10.494173,0.017984418198470513,32,288,368.0,,3,0.003292491284107614,0.6,checkpoints/mlp_Pc_trial_161_best_state.pt,"{'learning_rate': 0.003292491284107614, 'lr_reduce': 0.6}",TPESampler,COMPLETE
162,0.11859586089849472,2025-04-25 17:07:09.081542,2025-04-25 17:07:21.291772,0 days 00:00:12.210230,0.22724759691444607,240,320,448.0,,3,0.001370686477095265,0.6,checkpoints/mlp_Pc_trial_162_best_state.pt,"{'learning_rate': 0.001370686477095265, 'lr_reduce': 0.6}",TPESampler,COMPLETE
163,0.15563933551311493,2025-04-25 17:07:09.591426,2025-04-25 17:07:54.346621,0 days 00:00:44.755195,0.189021123882322,176,160,432.0,,3,0.00010652104162075065,0.6,checkpoints/mlp_Pc_trial_163_best_state.pt,"{'learning_rate': 0.00010652104162075065, 'lr_reduce': 0.6}",TPESampler,COMPLETE
164,0.10290875285863876,2025-04-25 17:07:13.985857,2025-04-25 17:07:34.732562,0 days 00:00:20.746705,0.019418605138544924,240,352,320.0,112.0,4,0.0001927290886030912,0.6,checkpoints/mlp_Pc_trial_164_best_state.pt,"{'learning_rate': 0.0001927290886030912, 'lr_reduce': 0.6}",TPESampler,COMPLETE
165,0.07604556530714035,2025-04-25 17:07:21.533257,2025-04-25 17:07:35.681362,0 days 00:00:14.148105,0.005447772489256196,176,224,512.0,368.0,4,0.001057271289415872,0.6,checkpoints/mlp_Pc_trial_165_best_state.pt,"{'learning_rate': 0.001057271289415872, 'lr_reduce': 0.6}",TPESampler,COMPLETE
166,0.07144795358181,2025-04-25 17:07:34.994340,2025-04-25 17:07:58.107877,0 days 00:00:23.113537,0.03527315132840099,192,320,384.0,128.0,4,0.00043338270532598057,0.6,checkpoints/mlp_Pc_trial_166_best_state.pt,"{'learning_rate': 0.00043338270532598057, 'lr_reduce': 0.6}",TPESampler,COMPLETE
167,0.07545728236436844,2025-04-25 17:07:35.965171,2025-04-25 17:07:49.681947,0 days 00:00:13.716776,0.008649762600279162,240,352,448.0,,3,0.0011987511186526765,0.6,checkpoints/mlp_Pc_trial_167_best_state.pt,"{'learning_rate': 0.0011987511186526765, 'lr_reduce': 0.6}",TPESampler,COMPLETE
168,0.0843934565782547,2025-04-25 17:07:50.138853,2025-04-25 17:08:03.040378,0 days 00:00:12.901525,0.0651698152964382,272,416,304.0,112.0,4,0.0016361440606097026,0.6,checkpoints/mlp_Pc_trial_168_best_state.pt,"{'learning_rate': 0.0016361440606097026, 'lr_reduce': 0.6}",TPESampler,COMPLETE
169,0.14740703999996185,2025-04-25 17:07:54.805423,2025-04-25 17:09:04.152428,0 days 00:01:09.347005,0.05132082966287088,384,240,,,2,0.0001015271535782437,0.6,checkpoints/mlp_Pc_trial_169_best_state.pt,"{'learning_rate': 0.0001015271535782437, 'lr_reduce': 0.6}",TPESampler,COMPLETE
170,0.08074522018432617,2025-04-25 17:07:58.437868,2025-04-25 17:08:14.351016,0 days 00:00:15.913148,0.006549000459227761,304,336,432.0,416.0,4,0.0009356985390466962,0.6,checkpoints/mlp_Pc_trial_170_best_state.pt,"{'learning_rate': 0.0009356985390466962, 'lr_reduce': 0.6}",TPESampler,COMPLETE
171,0.0917358472943306,2025-04-25 17:08:03.294111,2025-04-25 17:08:14.803992,0 days 00:00:11.509881,0.07811144003085499,96,128,400.0,400.0,4,0.006848104442311322,0.6,checkpoints/mlp_Pc_trial_171_best_state.pt,"{'learning_rate': 0.006848104442311322, 'lr_reduce': 0.6}",TPESampler,COMPLETE
172,0.1395857334136963,2025-04-25 17:08:14.614554,2025-04-25 17:08:44.325902,0 days 00:00:29.711348,0.12523946891433296,48,416,,,2,0.0002262681075409727,0.6,checkpoints/mlp_Pc_trial_172_best_state.pt,"{'learning_rate': 0.0002262681075409727, 'lr_reduce': 0.6}",TPESampler,COMPLETE
173,0.09389524906873703,2025-04-25 17:08:15.044845,2025-04-25 17:08:25.150402,0 days 00:00:10.105557,0.08802718929538714,160,96,464.0,,3,0.00869884127378361,0.6,checkpoints/mlp_Pc_trial_173_best_state.pt,"{'learning_rate': 0.00869884127378361, 'lr_reduce': 0.6}",TPESampler,COMPLETE
174,0.0773518979549408,2025-04-25 17:08:25.452036,2025-04-25 17:08:38.004055,0 days 00:00:12.552019,0.030704519551315857,80,352,,,2,0.0027523701721998244,0.6,checkpoints/mlp_Pc_trial_174_best_state.pt,"{'learning_rate': 0.0027523701721998244, 'lr_reduce': 0.6}",TPESampler,COMPLETE
175,0.08930378407239914,2025-04-25 17:08:38.294040,2025-04-25 17:08:47.926533,0 days 00:00:09.632493,0.04460785198460514,128,256,384.0,368.0,4,0.0021051596992692433,0.6,checkpoints/mlp_Pc_trial_175_best_state.pt,"{'learning_rate': 0.0021051596992692433, 'lr_reduce': 0.6}",TPESampler,COMPLETE
176,0.07688940316438675,2025-04-25 17:08:44.601467,2025-04-25 17:08:53.290740,0 days 00:00:08.689273,0.016060893409861256,128,208,448.0,480.0,4,0.004639459844599261,0.6,checkpoints/mlp_Pc_trial_176_best_state.pt,"{'learning_rate': 0.004639459844599261, 'lr_reduce': 0.6}",TPESampler,COMPLETE
177,0.06519093364477158,2025-04-25 17:08:48.214922,2025-04-25 17:08:59.449513,0 days 00:00:11.234591,0.0263992352772451,192,336,352.0,96.0,4,0.001049957731018574,0.6,checkpoints/mlp_Pc_trial_177_best_state.pt,"{'learning_rate': 0.001049957731018574, 'lr_reduce': 0.6}",TPESampler,COMPLETE
178,0.07756214588880539,2025-04-25 17:08:53.603878,2025-04-25 17:09:05.897492,0 days 00:00:12.293614,0.05067511347201701,32,128,448.0,176.0,4,0.00565176018238688,0.6,checkpoints/mlp_Pc_trial_178_best_state.pt,"{'learning_rate': 0.00565176018238688, 'lr_reduce': 0.6}",TPESampler,COMPLETE
179,0.06023327633738518,2025-04-25 17:08:59.751944,2025-04-25 17:09:12.900611,0 days 00:00:13.148667,0.02503614486453424,160,464,336.0,80.0,4,0.001436895164719568,0.6,checkpoints/mlp_Pc_trial_179_best_state.pt,"{'learning_rate': 0.001436895164719568, 'lr_reduce': 0.6}",TPESampler,COMPLETE
180,0.07946904003620148,2025-04-25 17:09:04.436736,2025-04-25 17:09:14.168447,0 days 00:00:09.731711,0.08531938848686574,192,320,352.0,96.0,4,0.00247383152246605,0.6,checkpoints/mlp_Pc_trial_180_best_state.pt,"{'learning_rate': 0.00247383152246605, 'lr_reduce': 0.6}",TPESampler,COMPLETE
181,0.0849149152636528,2025-04-25 17:09:06.153667,2025-04-25 17:09:21.011549,0 days 00:00:14.857882,0.08811359400704911,240,304,368.0,96.0,4,0.0006834886400623785,0.6,checkpoints/mlp_Pc_trial_181_best_state.pt,"{'learning_rate': 0.0006834886400623785, 'lr_reduce': 0.6}",TPESampler,COMPLETE
182,0.08265084773302078,2025-04-25 17:09:13.125447,2025-04-25 17:09:23.346376,0 days 00:00:10.220929,0.057891541166314786,128,480,320.0,64.0,4,0.0009550322386538226,0.6,checkpoints/mlp_Pc_trial_182_best_state.pt,"{'learning_rate': 0.0009550322386538226, 'lr_reduce': 0.6}",TPESampler,COMPLETE
183,0.07505348324775696,2025-04-25 17:09:14.430411,2025-04-25 17:09:24.259727,0 days 00:00:09.829316,0.0355549274020241,160,416,288.0,96.0,4,0.0023712511071852377,0.6,checkpoints/mlp_Pc_trial_183_best_state.pt,"{'learning_rate': 0.0023712511071852377, 'lr_reduce': 0.6}",TPESampler,COMPLETE
184,0.07100095599889755,2025-04-25 17:09:21.223109,2025-04-25 17:09:32.705348,0 days 00:00:11.482239,0.04026864756978673,240,304,320.0,32.0,4,0.0013158673366763301,0.6,checkpoints/mlp_Pc_trial_184_best_state.pt,"{'learning_rate': 0.0013158673366763301, 'lr_reduce': 0.6}",TPESampler,COMPLETE
185,0.0730116069316864,2025-04-25 17:09:23.587766,2025-04-25 17:09:34.790672,0 days 00:00:11.202906,0.020223608745570547,112,144,352.0,,3,0.0009968575383889305,0.6,checkpoints/mlp_Pc_trial_185_best_state.pt,"{'learning_rate': 0.0009968575383889305, 'lr_reduce': 0.6}",TPESampler,COMPLETE
186,0.07516322284936905,2025-04-25 17:09:24.529253,2025-04-25 17:09:35.265060,0 days 00:00:10.735807,0.10125257462337425,496,496,336.0,128.0,4,0.009083583384047222,0.6,checkpoints/mlp_Pc_trial_186_best_state.pt,"{'learning_rate': 0.009083583384047222, 'lr_reduce': 0.6}",TPESampler,COMPLETE
187,0.08635897934436798,2025-04-25 17:09:32.941119,2025-04-25 17:09:44.820239,0 days 00:00:11.879120,0.04537536718093055,96,368,256.0,128.0,4,0.0016008164592749333,0.6,checkpoints/mlp_Pc_trial_187_best_state.pt,"{'learning_rate': 0.0016008164592749333, 'lr_reduce': 0.6}",TPESampler,COMPLETE
188,0.06749985367059708,2025-04-25 17:09:35.015232,2025-04-25 17:09:46.593084,0 days 00:00:11.577852,0.009053904818460832,240,464,384.0,96.0,4,0.0015630555876542766,0.6,checkpoints/mlp_Pc_trial_188_best_state.pt,"{'learning_rate': 0.0015630555876542766, 'lr_reduce': 0.6}",TPESampler,COMPLETE
189,0.07709303498268127,2025-04-25 17:09:35.589396,2025-04-25 17:09:45.323906,0 days 00:00:09.734510,0.06788102006020863,144,176,32.0,176.0,4,0.004020538503868212,0.6,checkpoints/mlp_Pc_trial_189_best_state.pt,"{'learning_rate': 0.004020538503868212, 'lr_reduce': 0.6}",TPESampler,COMPLETE
190,0.06976023316383362,2025-04-25 17:09:45.064633,2025-04-25 17:09:52.228917,0 days 00:00:07.164284,0.001977061377436279,128,64,400.0,80.0,4,0.005315402526277583,0.6,checkpoints/mlp_Pc_trial_190_best_state.pt,"{'learning_rate': 0.005315402526277583, 'lr_reduce': 0.6}",TPESampler,COMPLETE
191,0.06780398637056351,2025-04-25 17:09:45.771180,2025-04-25 17:09:59.951234,0 days 00:00:14.180054,0.015011298509395117,160,480,400.0,160.0,4,0.0014149405570661323,0.6,checkpoints/mlp_Pc_trial_191_best_state.pt,"{'learning_rate': 0.0014149405570661323, 'lr_reduce': 0.6}",TPESampler,COMPLETE
192,0.07599756866693497,2025-04-25 17:09:46.863024,2025-04-25 17:09:56.552206,0 days 00:00:09.689182,0.027099337677334207,288,448,352.0,80.0,4,0.00273616554858357,0.6,checkpoints/mlp_Pc_trial_192_best_state.pt,"{'learning_rate': 0.00273616554858357, 'lr_reduce': 0.6}",TPESampler,COMPLETE
193,0.07954196631908417,2025-04-25 17:09:52.454670,2025-04-25 17:10:02.743068,0 days 00:00:10.288398,0.009106510203039559,192,304,352.0,96.0,4,0.0009935365862736036,0.6,checkpoints/mlp_Pc_trial_193_best_state.pt,"{'learning_rate': 0.0009935365862736036, 'lr_reduce': 0.6}",TPESampler,COMPLETE
194,0.06934963166713715,2025-04-25 17:09:56.787951,2025-04-25 17:10:09.108140,0 days 00:00:12.320189,0.015032452211335236,176,384,400.0,112.0,4,0.0011169716709059413,0.6,checkpoints/mlp_Pc_trial_194_best_state.pt,"{'learning_rate': 0.0011169716709059413, 'lr_reduce': 0.6}",TPESampler,COMPLETE
195,0.07177051901817322,2025-04-25 17:10:00.225994,2025-04-25 17:10:11.229932,0 days 00:00:11.003938,0.024757100356894136,176,496,352.0,208.0,4,0.002906219528578594,0.6,checkpoints/mlp_Pc_trial_195_best_state.pt,"{'learning_rate': 0.002906219528578594, 'lr_reduce': 0.6}",TPESampler,COMPLETE
196,0.07429195195436478,2025-04-25 17:10:02.977052,2025-04-25 17:10:16.417573,0 days 00:00:13.440521,0.008756579150443703,224,480,368.0,160.0,4,0.0015468889299444255,0.6,checkpoints/mlp_Pc_trial_196_best_state.pt,"{'learning_rate': 0.0015468889299444255, 'lr_reduce': 0.6}",TPESampler,COMPLETE
197,0.07841237634420395,2025-04-25 17:10:09.334209,2025-04-25 17:10:19.481220,0 days 00:00:10.147011,0.06170539497409468,176,400,288.0,160.0,4,0.0008527679246730014,0.6,checkpoints/mlp_Pc_trial_197_best_state.pt,"{'learning_rate': 0.0008527679246730014, 'lr_reduce': 0.6}",TPESampler,COMPLETE
198,0.06860809028148651,2025-04-25 17:10:11.478637,2025-04-25 17:10:27.301269,0 days 00:00:15.822632,0.04762171502812842,160,448,368.0,144.0,4,0.0010630395967643695,0.6,checkpoints/mlp_Pc_trial_198_best_state.pt,"{'learning_rate': 0.0010630395967643695, 'lr_reduce': 0.6}",TPESampler,COMPLETE
199,0.07427672296762466,2025-04-25 17:10:16.660992,2025-04-25 17:10:29.951303,0 days 00:00:13.290311,0.020343735536513207,224,480,416.0,80.0,4,0.0007393911369138775,0.6,checkpoints/mlp_Pc_trial_199_best_state.pt,"{'learning_rate': 0.0007393911369138775, 'lr_reduce': 0.6}",TPESampler,COMPLETE
200,0.07798724621534348,2025-04-25 17:10:19.730691,2025-04-25 17:10:27.759369,0 days 00:00:08.028678,0.00891447006429643,160,384,400.0,240.0,4,0.0019063916078588027,0.6,checkpoints/mlp_Pc_trial_200_best_state.pt,"{'learning_rate': 0.0019063916078588027, 'lr_reduce': 0.6}",TPESampler,COMPLETE
201,0.07360523194074631,2025-04-25 17:10:27.525073,2025-04-25 17:10:39.910041,0 days 00:00:12.384968,0.02167684944283196,176,464,352.0,,3,0.0011634892587743695,0.6,checkpoints/mlp_Pc_trial_201_best_state.pt,"{'learning_rate': 0.0011634892587743695, 'lr_reduce': 0.6}",TPESampler,COMPLETE
202,0.07756838202476501,2025-04-25 17:10:27.991405,2025-04-25 17:10:38.903536,0 days 00:00:10.912131,0.00036770685509016077,128,448,352.0,144.0,4,0.001534373873937417,0.6,checkpoints/mlp_Pc_trial_202_best_state.pt,"{'learning_rate': 0.001534373873937417, 'lr_reduce': 0.6}",TPESampler,COMPLETE
203,0.07325543463230133,2025-04-25 17:10:30.215233,2025-04-25 17:10:41.791116,0 days 00:00:11.575883,0.0029398461326497934,112,432,384.0,176.0,4,0.0008589367880237703,0.6,checkpoints/mlp_Pc_trial_203_best_state.pt,"{'learning_rate': 0.0008589367880237703, 'lr_reduce': 0.6}",TPESampler,COMPLETE
204,0.08755846321582794,2025-04-25 17:10:39.143828,2025-04-25 17:10:50.394775,0 days 00:00:11.250947,0.10315722934950121,208,432,512.0,144.0,4,0.0010632926420092203,0.6,checkpoints/mlp_Pc_trial_204_best_state.pt,"{'learning_rate': 0.0010632926420092203, 'lr_reduce': 0.6}",TPESampler,COMPLETE
205,0.09481368213891983,2025-04-25 17:10:40.195937,2025-04-25 17:10:51.436573,0 days 00:00:11.240636,0.060271092622410996,32,288,320.0,,3,0.003194029371573255,0.6,checkpoints/mlp_Pc_trial_205_best_state.pt,"{'learning_rate': 0.003194029371573255, 'lr_reduce': 0.6}",TPESampler,COMPLETE
206,0.07819603383541107,2025-04-25 17:10:42.040672,2025-04-25 17:10:52.924117,0 days 00:00:10.883445,0.04297486631895589,48,288,384.0,112.0,4,0.007683598907279325,0.6,checkpoints/mlp_Pc_trial_206_best_state.pt,"{'learning_rate': 0.007683598907279325, 'lr_reduce': 0.6}",TPESampler,COMPLETE
207,0.08201980590820312,2025-04-25 17:10:50.777488,2025-04-25 17:11:02.773985,0 days 00:00:11.996497,0.03335999936349636,128,384,400.0,,3,0.0025187912215304397,0.6,checkpoints/mlp_Pc_trial_207_best_state.pt,"{'learning_rate': 0.0025187912215304397, 'lr_reduce': 0.6}",TPESampler,COMPLETE
208,0.08591731637716293,2025-04-25 17:10:51.896374,2025-04-25 17:11:02.308464,0 days 00:00:10.412090,0.017030978417432563,48,112,304.0,,3,0.0013109978882427467,0.6,checkpoints/mlp_Pc_trial_208_best_state.pt,"{'learning_rate': 0.0013109978882427467, 'lr_reduce': 0.6}",TPESampler,COMPLETE
209,0.08373810350894928,2025-04-25 17:10:53.174363,2025-04-25 17:11:09.454484,0 days 00:00:16.280121,0.018603252835257215,144,496,448.0,32.0,4,0.0018169314689456687,0.6,checkpoints/mlp_Pc_trial_209_best_state.pt,"{'learning_rate': 0.0018169314689456687, 'lr_reduce': 0.6}",TPESampler,COMPLETE
210,0.08126328885555267,2025-04-25 17:11:02.566750,2025-04-25 17:11:18.873721,0 days 00:00:16.306971,0.05670122453019426,256,512,432.0,144.0,4,0.0013764223826796408,0.6,checkpoints/mlp_Pc_trial_210_best_state.pt,"{'learning_rate': 0.0013764223826796408, 'lr_reduce': 0.6}",TPESampler,COMPLETE
211,0.08872492611408234,2025-04-25 17:11:02.994448,2025-04-25 17:11:15.705036,0 days 00:00:12.710588,0.011713285987632084,32,128,400.0,112.0,4,0.0007632044051343089,0.6,checkpoints/mlp_Pc_trial_211_best_state.pt,"{'learning_rate': 0.0007632044051343089, 'lr_reduce': 0.6}",TPESampler,COMPLETE
212,0.07865811884403229,2025-04-25 17:11:09.674341,2025-04-25 17:11:19.631575,0 days 00:00:09.957234,0.062279547546734496,160,416,160.0,176.0,4,0.0009725507491828437,0.6,checkpoints/mlp_Pc_trial_212_best_state.pt,"{'learning_rate': 0.0009725507491828437, 'lr_reduce': 0.6}",TPESampler,COMPLETE
213,0.07405607402324677,2025-04-25 17:11:15.963608,2025-04-25 17:11:29.316724,0 days 00:00:13.353116,0.05200014075702659,48,368,464.0,,3,0.0025891542839536976,0.6,checkpoints/mlp_Pc_trial_213_best_state.pt,"{'learning_rate': 0.0025891542839536976, 'lr_reduce': 0.6}",TPESampler,COMPLETE
214,0.09099134057760239,2025-04-25 17:11:19.106856,2025-04-25 17:11:31.152825,0 days 00:00:12.045969,0.12847556204770072,80,512,400.0,80.0,4,0.0024695170806474536,0.6,checkpoints/mlp_Pc_trial_214_best_state.pt,"{'learning_rate': 0.0024695170806474536, 'lr_reduce': 0.6}",TPESampler,COMPLETE
215,0.09675899147987366,2025-04-25 17:11:19.843109,2025-04-25 17:11:29.445272,0 days 00:00:09.602163,0.08314575996302136,144,384,464.0,,3,0.0014650132889108903,0.6,checkpoints/mlp_Pc_trial_215_best_state.pt,"{'learning_rate': 0.0014650132889108903, 'lr_reduce': 0.6}",TPESampler,COMPLETE
216,0.07159298658370972,2025-04-25 17:11:29.514521,2025-04-25 17:11:41.259896,0 days 00:00:11.745375,0.002684498563425265,80,208,368.0,144.0,4,0.002030085309814491,0.6,checkpoints/mlp_Pc_trial_216_best_state.pt,"{'learning_rate': 0.002030085309814491, 'lr_reduce': 0.6}",TPESampler,COMPLETE
217,0.07443545758724213,2025-04-25 17:11:29.689973,2025-04-25 17:11:40.961701,0 days 00:00:11.271728,0.002636756022605027,272,384,400.0,80.0,4,0.0012668718116631728,0.6,checkpoints/mlp_Pc_trial_217_best_state.pt,"{'learning_rate': 0.0012668718116631728, 'lr_reduce': 0.6}",TPESampler,COMPLETE
218,0.08296411484479904,2025-04-25 17:11:31.388482,2025-04-25 17:11:43.053681,0 days 00:00:11.665199,0.020774400199734075,240,400,320.0,224.0,4,0.0005818218484188971,0.6,checkpoints/mlp_Pc_trial_218_best_state.pt,"{'learning_rate': 0.0005818218484188971, 'lr_reduce': 0.6}",TPESampler,COMPLETE
219,0.12600219249725342,2025-04-25 17:11:41.199680,2025-04-25 17:12:13.586415,0 days 00:00:32.386735,0.2172638783982364,304,496,,,2,0.00020147626786253626,0.6,checkpoints/mlp_Pc_trial_219_best_state.pt,"{'learning_rate': 0.00020147626786253626, 'lr_reduce': 0.6}",TPESampler,COMPLETE
220,0.18451006710529327,2025-04-25 17:11:41.474750,2025-04-25 17:11:55.779079,0 days 00:00:14.304329,0.28064109743284293,112,240,464.0,144.0,4,0.0008645849152938738,0.6,checkpoints/mlp_Pc_trial_220_best_state.pt,"{'learning_rate': 0.0008645849152938738, 'lr_reduce': 0.6}",TPESampler,COMPLETE
221,0.07806824147701263,2025-04-25 17:11:43.319011,2025-04-25 17:11:53.173508,0 days 00:00:09.854497,0.04144540313002436,128,32,432.0,384.0,4,0.009710327181921101,0.6,checkpoints/mlp_Pc_trial_221_best_state.pt,"{'learning_rate': 0.009710327181921101, 'lr_reduce': 0.6}",TPESampler,COMPLETE
222,0.06839468330144882,2025-04-25 17:11:53.462783,2025-04-25 17:12:02.789072,0 days 00:00:09.326289,0.02540187309011483,176,144,512.0,,3,0.00848131939531402,0.6,checkpoints/mlp_Pc_trial_222_best_state.pt,"{'learning_rate': 0.00848131939531402, 'lr_reduce': 0.6}",TPESampler,COMPLETE
223,0.07752510160207748,2025-04-25 17:11:56.250231,2025-04-25 17:12:05.038486,0 days 00:00:08.788255,0.0016551332292205623,160,176,400.0,416.0,4,0.00577202389193733,0.6,checkpoints/mlp_Pc_trial_223_best_state.pt,"{'learning_rate': 0.00577202389193733, 'lr_reduce': 0.6}",TPESampler,COMPLETE
224,0.08182448893785477,2025-04-25 17:12:03.024923,2025-04-25 17:12:12.757070,0 days 00:00:09.732147,0.05884885904311699,128,192,512.0,,3,0.007104021840368257,0.6,checkpoints/mlp_Pc_trial_224_best_state.pt,"{'learning_rate': 0.007104021840368257, 'lr_reduce': 0.6}",TPESampler,COMPLETE
225,0.07399290800094604,2025-04-25 17:12:05.282322,2025-04-25 17:12:13.604490,0 days 00:00:08.322168,0.004079030672858178,128,112,496.0,,3,0.009869981977907697,0.6,checkpoints/mlp_Pc_trial_225_best_state.pt,"{'learning_rate': 0.009869981977907697, 'lr_reduce': 0.6}",TPESampler,COMPLETE
