number,value,datetime_start,datetime_complete,duration,params_final_dropout,params_mlp_dim_00,params_mlp_dim_01,params_mlp_dim_02,params_mlp_dim_03,params_mlp_n_layers,params_train_learning_rate,params_train_lr_reduce,user_attrs_best_state_dict_path,user_attrs_training_params,system_attrs_auto:sampler,state
1342,0.08279244601726532,2025-04-25 18:29:28.617583,2025-04-25 18:29:36.797816,0 days 00:00:08.180233,0.0021299239641125916,128,144,464.0,160.0,4,0.008885499728980296,0.6,checkpoints/mlp_Pc_trial_1342_best_state.pt,"{'learning_rate': 0.008885499728980296, 'lr_reduce': 0.6}",TPESampler,COMPLETE
1343,0.07235000282526016,2025-04-25 18:29:33.795209,2025-04-25 18:29:47.315110,0 days 00:00:13.519901,0.052510087029399806,256,464,368.0,32.0,4,0.0015429318876380605,0.6,checkpoints/mlp_Pc_trial_1343_best_state.pt,"{'learning_rate': 0.0015429318876380605, 'lr_reduce': 0.6}",TPESampler,COMPLETE
1344,0.07760128378868103,2025-04-25 18:29:37.114157,2025-04-25 18:29:45.680054,0 days 00:00:08.565897,0.04905763605346966,176,192,432.0,208.0,4,0.0036999571835714304,0.6,checkpoints/mlp_Pc_trial_1344_best_state.pt,"{'learning_rate': 0.0036999571835714304, 'lr_reduce': 0.6}",TPESampler,COMPLETE
1345,0.07983408123254776,2025-04-25 18:29:37.400919,2025-04-25 18:29:46.155048,0 days 00:00:08.754129,0.006304325930538167,80,176,384.0,,3,0.008370361706692203,0.6,checkpoints/mlp_Pc_trial_1345_best_state.pt,"{'learning_rate': 0.008370361706692203, 'lr_reduce': 0.6}",TPESampler,COMPLETE
1346,0.14378175139427185,2025-04-25 18:29:45.946947,2025-04-25 18:30:10.173201,0 days 00:00:24.226254,0.21947379541375836,464,512,480.0,,3,0.00023617686998670523,0.6,checkpoints/mlp_Pc_trial_1346_best_state.pt,"{'learning_rate': 0.00023617686998670523, 'lr_reduce': 0.6}",TPESampler,COMPLETE
1347,0.08086036145687103,2025-04-25 18:29:46.454551,2025-04-25 18:30:02.064940,0 days 00:00:15.610389,0.0006136095590077127,96,144,368.0,,3,0.006116841030448085,0.6,checkpoints/mlp_Pc_trial_1347_best_state.pt,"{'learning_rate': 0.006116841030448085, 'lr_reduce': 0.6}",TPESampler,COMPLETE
1348,0.07756238430738449,2025-04-25 18:29:47.680084,2025-04-25 18:30:01.736124,0 days 00:00:14.056040,0.001217170417604118,208,480,432.0,160.0,4,0.0010693683280056797,0.6,checkpoints/mlp_Pc_trial_1348_best_state.pt,"{'learning_rate': 0.0010693683280056797, 'lr_reduce': 0.6}",TPESampler,COMPLETE
1349,0.07768594473600388,2025-04-25 18:30:02.003512,2025-04-25 18:30:09.560008,0 days 00:00:07.556496,0.02798115709193447,160,160,256.0,,3,0.009809821318972022,0.6,checkpoints/mlp_Pc_trial_1349_best_state.pt,"{'learning_rate': 0.009809821318972022, 'lr_reduce': 0.6}",TPESampler,COMPLETE
1350,0.0674043521285057,2025-04-25 18:30:02.467654,2025-04-25 18:30:13.160749,0 days 00:00:10.693095,0.008720819828215796,192,208,512.0,240.0,4,0.0018476913436440878,0.6,checkpoints/mlp_Pc_trial_1350_best_state.pt,"{'learning_rate': 0.0018476913436440878, 'lr_reduce': 0.6}",TPESampler,COMPLETE
1351,0.08101562410593033,2025-04-25 18:30:09.868126,2025-04-25 18:30:18.313245,0 days 00:00:08.445119,0.057066597882753034,160,112,256.0,320.0,4,0.008742497573352045,0.6,checkpoints/mlp_Pc_trial_1351_best_state.pt,"{'learning_rate': 0.008742497573352045, 'lr_reduce': 0.6}",TPESampler,COMPLETE
1352,0.07705630362033844,2025-04-25 18:30:10.450734,2025-04-25 18:30:19.043610,0 days 00:00:08.592876,0.0004850479153113091,128,112,368.0,160.0,4,0.005820583962852688,0.6,checkpoints/mlp_Pc_trial_1352_best_state.pt,"{'learning_rate': 0.005820583962852688, 'lr_reduce': 0.6}",TPESampler,COMPLETE
1353,0.08888037502765656,2025-04-25 18:30:13.436891,2025-04-25 18:30:28.296771,0 days 00:00:14.859880,0.06350831596005466,208,96,432.0,144.0,4,0.0007766485003726646,0.6,checkpoints/mlp_Pc_trial_1353_best_state.pt,"{'learning_rate': 0.0007766485003726646, 'lr_reduce': 0.6}",TPESampler,COMPLETE
1354,0.09735022485256195,2025-04-25 18:30:18.624024,2025-04-25 18:30:28.207742,0 days 00:00:09.583718,0.1124839974634912,48,304,240.0,,3,0.002015404657815234,0.6,checkpoints/mlp_Pc_trial_1354_best_state.pt,"{'learning_rate': 0.002015404657815234, 'lr_reduce': 0.6}",TPESampler,COMPLETE
1355,0.08467938005924225,2025-04-25 18:30:19.321924,2025-04-25 18:30:30.643456,0 days 00:00:11.321532,0.024676750757785512,112,160,480.0,32.0,4,0.0020995975435441835,0.6,checkpoints/mlp_Pc_trial_1355_best_state.pt,"{'learning_rate': 0.0020995975435441835, 'lr_reduce': 0.6}",TPESampler,COMPLETE
1356,0.07202369719743729,2025-04-25 18:30:28.442459,2025-04-25 18:30:39.200923,0 days 00:00:10.758464,0.06358625307802379,112,128,,,2,0.009335652328135796,0.6,checkpoints/mlp_Pc_trial_1356_best_state.pt,"{'learning_rate': 0.009335652328135796, 'lr_reduce': 0.6}",TPESampler,COMPLETE
1357,0.0684690773487091,2025-04-25 18:30:28.526667,2025-04-25 18:30:41.634918,0 days 00:00:13.108251,0.017337081230367406,240,432,416.0,,3,0.0018294367911186153,0.6,checkpoints/mlp_Pc_trial_1357_best_state.pt,"{'learning_rate': 0.0018294367911186153, 'lr_reduce': 0.6}",TPESampler,COMPLETE
1358,0.07810584455728531,2025-04-25 18:30:30.958996,2025-04-25 18:30:40.250860,0 days 00:00:09.291864,0.004907950588405357,208,496,240.0,208.0,4,0.002046566790276076,0.6,checkpoints/mlp_Pc_trial_1358_best_state.pt,"{'learning_rate': 0.002046566790276076, 'lr_reduce': 0.6}",TPESampler,COMPLETE
1359,0.09409289807081223,2025-04-25 18:30:39.460081,2025-04-25 18:30:52.376352,0 days 00:00:12.916271,0.04592591417603815,144,32,352.0,272.0,4,0.0035842032252096797,0.6,checkpoints/mlp_Pc_trial_1359_best_state.pt,"{'learning_rate': 0.0035842032252096797, 'lr_reduce': 0.6}",TPESampler,COMPLETE
1360,0.07999376207590103,2025-04-25 18:30:40.528034,2025-04-25 18:30:54.841923,0 days 00:00:14.313889,0.03889282011610084,176,464,272.0,,3,0.0008140674227793248,0.6,checkpoints/mlp_Pc_trial_1360_best_state.pt,"{'learning_rate': 0.0008140674227793248, 'lr_reduce': 0.6}",TPESampler,COMPLETE
1361,0.07533300668001175,2025-04-25 18:30:41.931912,2025-04-25 18:30:53.656440,0 days 00:00:11.724528,0.004389559406875984,32,192,448.0,,3,0.003524449154063613,0.6,checkpoints/mlp_Pc_trial_1361_best_state.pt,"{'learning_rate': 0.003524449154063613, 'lr_reduce': 0.6}",TPESampler,COMPLETE
1362,0.07834604382514954,2025-04-25 18:30:52.652118,2025-04-25 18:31:04.905699,0 days 00:00:12.253581,0.019980340906049422,32,48,384.0,,3,0.00478378777494941,0.6,checkpoints/mlp_Pc_trial_1362_best_state.pt,"{'learning_rate': 0.00478378777494941, 'lr_reduce': 0.6}",TPESampler,COMPLETE
1363,0.07732261717319489,2025-04-25 18:30:53.945437,2025-04-25 18:31:07.253647,0 days 00:00:13.308210,0.004494415653785777,32,80,304.0,,3,0.001830900521508459,0.6,checkpoints/mlp_Pc_trial_1363_best_state.pt,"{'learning_rate': 0.001830900521508459, 'lr_reduce': 0.6}",TPESampler,COMPLETE
1364,0.07232486456632614,2025-04-25 18:30:55.542103,2025-04-25 18:31:03.903803,0 days 00:00:08.361700,0.030932761390701703,32,160,208.0,,3,0.009976602632129856,0.6,checkpoints/mlp_Pc_trial_1364_best_state.pt,"{'learning_rate': 0.009976602632129856, 'lr_reduce': 0.6}",TPESampler,COMPLETE
1365,0.07105085253715515,2025-04-25 18:31:04.215373,2025-04-25 18:31:12.969195,0 days 00:00:08.753822,0.006224421418477236,96,160,464.0,,3,0.009529388481084146,0.6,checkpoints/mlp_Pc_trial_1365_best_state.pt,"{'learning_rate': 0.009529388481084146, 'lr_reduce': 0.6}",TPESampler,COMPLETE
1366,0.0767914354801178,2025-04-25 18:31:05.268368,2025-04-25 18:31:13.510814,0 days 00:00:08.242446,6.996746203435239e-05,160,32,256.0,512.0,4,0.005182101961201763,0.6,checkpoints/mlp_Pc_trial_1366_best_state.pt,"{'learning_rate': 0.005182101961201763, 'lr_reduce': 0.6}",TPESampler,COMPLETE
1367,0.07759807258844376,2025-04-25 18:31:07.579588,2025-04-25 18:31:21.544116,0 days 00:00:13.964528,0.04900107602630767,128,32,416.0,144.0,4,0.00142603927582997,0.6,checkpoints/mlp_Pc_trial_1367_best_state.pt,"{'learning_rate': 0.00142603927582997, 'lr_reduce': 0.6}",TPESampler,COMPLETE
1368,0.11137586086988449,2025-04-25 18:31:13.242082,2025-04-25 18:31:36.374951,0 days 00:00:23.132869,0.16307403937060652,496,96,288.0,,3,0.000458559467690765,0.6,checkpoints/mlp_Pc_trial_1368_best_state.pt,"{'learning_rate': 0.000458559467690765, 'lr_reduce': 0.6}",TPESampler,COMPLETE
1369,0.06948166340589523,2025-04-25 18:31:13.836892,2025-04-25 18:31:23.267486,0 days 00:00:09.430594,0.0467773237703803,64,256,,,2,0.009809343550724955,0.6,checkpoints/mlp_Pc_trial_1369_best_state.pt,"{'learning_rate': 0.009809343550724955, 'lr_reduce': 0.6}",TPESampler,COMPLETE
1370,0.08470266312360764,2025-04-25 18:31:21.841314,2025-04-25 18:31:31.460081,0 days 00:00:09.618767,0.13023551151644464,112,256,352.0,32.0,4,0.004054735763521702,0.6,checkpoints/mlp_Pc_trial_1370_best_state.pt,"{'learning_rate': 0.004054735763521702, 'lr_reduce': 0.6}",TPESampler,COMPLETE
1371,0.0679895356297493,2025-04-25 18:31:23.548988,2025-04-25 18:31:34.372136,0 days 00:00:10.823148,0.027142428816104194,144,464,240.0,208.0,4,0.003220318327103571,0.6,checkpoints/mlp_Pc_trial_1371_best_state.pt,"{'learning_rate': 0.003220318327103571, 'lr_reduce': 0.6}",TPESampler,COMPLETE
1372,0.07762943208217621,2025-04-25 18:31:31.744986,2025-04-25 18:31:44.407418,0 days 00:00:12.662432,0.0020830133011056546,32,272,480.0,144.0,4,0.0058695242791620954,0.6,checkpoints/mlp_Pc_trial_1372_best_state.pt,"{'learning_rate': 0.0058695242791620954, 'lr_reduce': 0.6}",TPESampler,COMPLETE
1373,0.13511337339878082,2025-04-25 18:31:34.655439,2025-04-25 18:31:43.203455,0 days 00:00:08.548016,0.20496467636840446,32,496,304.0,192.0,4,0.0016386566297307364,0.6,checkpoints/mlp_Pc_trial_1373_best_state.pt,"{'learning_rate': 0.0016386566297307364, 'lr_reduce': 0.6}",TPESampler,COMPLETE
1374,0.08632395416498184,2025-04-25 18:31:36.682784,2025-04-25 18:31:44.874226,0 days 00:00:08.191442,0.25455966157766674,112,176,416.0,,3,0.007512301251457577,0.6,checkpoints/mlp_Pc_trial_1374_best_state.pt,"{'learning_rate': 0.007512301251457577, 'lr_reduce': 0.6}",TPESampler,COMPLETE
1375,0.0745571106672287,2025-04-25 18:31:43.613033,2025-04-25 18:31:52.946913,0 days 00:00:09.333880,0.0035842870402332,416,384,208.0,128.0,4,0.004369312848562593,0.6,checkpoints/mlp_Pc_trial_1375_best_state.pt,"{'learning_rate': 0.004369312848562593, 'lr_reduce': 0.6}",TPESampler,COMPLETE
1376,0.09833157807588577,2025-04-25 18:31:44.766127,2025-04-25 18:31:56.905203,0 days 00:00:12.139076,0.13447660944428277,32,208,368.0,,3,0.0027623337028308023,0.6,checkpoints/mlp_Pc_trial_1376_best_state.pt,"{'learning_rate': 0.0027623337028308023, 'lr_reduce': 0.6}",TPESampler,COMPLETE
1377,0.1081286296248436,2025-04-25 18:31:45.109346,2025-04-25 18:31:56.327221,0 days 00:00:11.217875,0.12530106214693829,96,464,272.0,32.0,4,0.0010047218496748148,0.6,checkpoints/mlp_Pc_trial_1377_best_state.pt,"{'learning_rate': 0.0010047218496748148, 'lr_reduce': 0.6}",TPESampler,COMPLETE
1378,0.08561308681964874,2025-04-25 18:31:53.220272,2025-04-25 18:32:03.402720,0 days 00:00:10.182448,0.0004798051846624622,96,80,,,2,0.004273265479286981,0.6,checkpoints/mlp_Pc_trial_1378_best_state.pt,"{'learning_rate': 0.004273265479286981, 'lr_reduce': 0.6}",TPESampler,COMPLETE
1379,0.07806972414255142,2025-04-25 18:31:56.605407,2025-04-25 18:32:07.139259,0 days 00:00:10.533852,0.05785972429880699,96,272,512.0,,3,0.009559421445210832,0.6,checkpoints/mlp_Pc_trial_1379_best_state.pt,"{'learning_rate': 0.009559421445210832, 'lr_reduce': 0.6}",TPESampler,COMPLETE
1380,0.09200725704431534,2025-04-25 18:31:57.192762,2025-04-25 18:32:07.138187,0 days 00:00:09.945425,0.13873589644631643,256,464,224.0,256.0,4,0.0013126409927225113,0.6,checkpoints/mlp_Pc_trial_1380_best_state.pt,"{'learning_rate': 0.0013126409927225113, 'lr_reduce': 0.6}",TPESampler,COMPLETE
1381,0.07419633120298386,2025-04-25 18:32:03.718788,2025-04-25 18:32:12.995965,0 days 00:00:09.277177,0.00039114222680514815,112,192,448.0,96.0,4,0.0040661153365497485,0.6,checkpoints/mlp_Pc_trial_1381_best_state.pt,"{'learning_rate': 0.0040661153365497485, 'lr_reduce': 0.6}",TPESampler,COMPLETE
1382,0.07955069094896317,2025-04-25 18:32:07.370160,2025-04-25 18:32:16.237902,0 days 00:00:08.867742,0.05869546954337401,144,240,336.0,160.0,4,0.005533272936409422,0.6,checkpoints/mlp_Pc_trial_1382_best_state.pt,"{'learning_rate': 0.005533272936409422, 'lr_reduce': 0.6}",TPESampler,COMPLETE
1383,0.07269851863384247,2025-04-25 18:32:07.423798,2025-04-25 18:32:16.873661,0 days 00:00:09.449863,0.001422953037773338,96,96,320.0,160.0,4,0.0038328053177140655,0.6,checkpoints/mlp_Pc_trial_1383_best_state.pt,"{'learning_rate': 0.0038328053177140655, 'lr_reduce': 0.6}",TPESampler,COMPLETE
1384,0.07738562673330307,2025-04-25 18:32:13.255405,2025-04-25 18:32:25.196342,0 days 00:00:11.940937,0.0540069108166398,240,496,400.0,64.0,4,0.0009942458688244964,0.6,checkpoints/mlp_Pc_trial_1384_best_state.pt,"{'learning_rate': 0.0009942458688244964, 'lr_reduce': 0.6}",TPESampler,COMPLETE
1385,0.07767166942358017,2025-04-25 18:32:16.550587,2025-04-25 18:32:26.159072,0 days 00:00:09.608485,0.06127383583613209,112,144,256.0,112.0,4,0.00415936709235215,0.6,checkpoints/mlp_Pc_trial_1385_best_state.pt,"{'learning_rate': 0.00415936709235215, 'lr_reduce': 0.6}",TPESampler,COMPLETE
1386,0.10250365734100342,2025-04-25 18:32:17.155179,2025-04-25 18:32:29.266301,0 days 00:00:12.111122,0.07865555857697622,80,160,464.0,208.0,4,0.0008055254398113912,0.6,checkpoints/mlp_Pc_trial_1386_best_state.pt,"{'learning_rate': 0.0008055254398113912, 'lr_reduce': 0.6}",TPESampler,COMPLETE
1387,0.09902820736169815,2025-04-25 18:32:25.930504,2025-04-25 18:32:37.142322,0 days 00:00:11.211818,0.0999191794955877,128,192,288.0,64.0,4,0.002039107143935932,0.6,checkpoints/mlp_Pc_trial_1387_best_state.pt,"{'learning_rate': 0.002039107143935932, 'lr_reduce': 0.6}",TPESampler,COMPLETE
1388,0.11203575134277344,2025-04-25 18:32:26.459310,2025-04-25 18:32:37.101124,0 days 00:00:10.641814,0.26470427775309324,160,368,192.0,128.0,4,0.0026873258464953087,0.6,checkpoints/mlp_Pc_trial_1388_best_state.pt,"{'learning_rate': 0.0026873258464953087, 'lr_reduce': 0.6}",TPESampler,COMPLETE
1389,0.07677733898162842,2025-04-25 18:32:29.530746,2025-04-25 18:32:40.009663,0 days 00:00:10.478917,0.04893640793939643,32,192,400.0,256.0,4,0.001996287345413612,0.6,checkpoints/mlp_Pc_trial_1389_best_state.pt,"{'learning_rate': 0.001996287345413612, 'lr_reduce': 0.6}",TPESampler,COMPLETE
1390,0.08448537439107895,2025-04-25 18:32:37.358099,2025-04-25 18:32:52.794725,0 days 00:00:15.436626,0.05332673189087964,32,160,240.0,192.0,4,0.005504795571725904,0.6,checkpoints/mlp_Pc_trial_1390_best_state.pt,"{'learning_rate': 0.005504795571725904, 'lr_reduce': 0.6}",TPESampler,COMPLETE
1391,0.07447321712970734,2025-04-25 18:32:37.434909,2025-04-25 18:32:52.317197,0 days 00:00:14.882288,0.03995486076968374,112,128,240.0,32.0,4,0.0028779371162695935,0.6,checkpoints/mlp_Pc_trial_1391_best_state.pt,"{'learning_rate': 0.0028779371162695935, 'lr_reduce': 0.6}",TPESampler,COMPLETE
1392,0.08105487376451492,2025-04-25 18:32:40.302944,2025-04-25 18:32:55.849688,0 days 00:00:15.546744,0.03377669121668275,128,480,368.0,112.0,4,0.0016062067583178647,0.6,checkpoints/mlp_Pc_trial_1392_best_state.pt,"{'learning_rate': 0.0016062067583178647, 'lr_reduce': 0.6}",TPESampler,COMPLETE
1393,0.09611877053976059,2025-04-25 18:32:52.722738,2025-04-25 18:33:08.971026,0 days 00:00:16.248288,0.17216097755669618,304,448,,,2,0.0010144220283861555,0.6,checkpoints/mlp_Pc_trial_1393_best_state.pt,"{'learning_rate': 0.0010144220283861555, 'lr_reduce': 0.6}",TPESampler,COMPLETE
1394,0.07466470450162888,2025-04-25 18:32:53.261055,2025-04-25 18:33:05.027898,0 days 00:00:11.766843,0.028594427956180283,240,144,448.0,80.0,4,0.0019143781397930211,0.6,checkpoints/mlp_Pc_trial_1394_best_state.pt,"{'learning_rate': 0.0019143781397930211, 'lr_reduce': 0.6}",TPESampler,COMPLETE
1395,0.07547809928655624,2025-04-25 18:32:56.458988,2025-04-25 18:33:05.782187,0 days 00:00:09.323199,0.03264077646671919,96,208,304.0,192.0,4,0.00269068239543481,0.6,checkpoints/mlp_Pc_trial_1395_best_state.pt,"{'learning_rate': 0.00269068239543481, 'lr_reduce': 0.6}",TPESampler,COMPLETE
1396,0.07444747537374496,2025-04-25 18:33:05.281287,2025-04-25 18:33:13.706385,0 days 00:00:08.425098,0.0658504371128128,112,112,272.0,144.0,4,0.00947383466369323,0.6,checkpoints/mlp_Pc_trial_1396_best_state.pt,"{'learning_rate': 0.00947383466369323, 'lr_reduce': 0.6}",TPESampler,COMPLETE
1397,0.07748028635978699,2025-04-25 18:33:06.100093,2025-04-25 18:33:18.955619,0 days 00:00:12.855526,0.04640856392286296,64,496,480.0,80.0,4,0.0017084004342675953,0.6,checkpoints/mlp_Pc_trial_1397_best_state.pt,"{'learning_rate': 0.0017084004342675953, 'lr_reduce': 0.6}",TPESampler,COMPLETE
1398,0.06507713347673416,2025-04-25 18:33:09.288141,2025-04-25 18:33:19.835207,0 days 00:00:10.547066,0.002783075592128494,32,160,416.0,240.0,4,0.008543318027279955,0.6,checkpoints/mlp_Pc_trial_1398_best_state.pt,"{'learning_rate': 0.008543318027279955, 'lr_reduce': 0.6}",TPESampler,COMPLETE
1399,0.07932066917419434,2025-04-25 18:33:13.952793,2025-04-25 18:33:23.311718,0 days 00:00:09.358925,0.002146473641027973,208,496,352.0,144.0,4,0.0016738668722737595,0.6,checkpoints/mlp_Pc_trial_1399_best_state.pt,"{'learning_rate': 0.0016738668722737595, 'lr_reduce': 0.6}",TPESampler,COMPLETE
1400,0.07101991027593613,2025-04-25 18:33:19.217699,2025-04-25 18:33:31.889441,0 days 00:00:12.671742,0.018039615000650815,160,512,192.0,304.0,4,0.0008847539997464544,0.6,checkpoints/mlp_Pc_trial_1400_best_state.pt,"{'learning_rate': 0.0008847539997464544, 'lr_reduce': 0.6}",TPESampler,COMPLETE
1401,0.07398394495248795,2025-04-25 18:33:20.181086,2025-04-25 18:33:28.128795,0 days 00:00:07.947709,0.0173208929053848,48,160,416.0,256.0,4,0.00804771898136332,0.6,checkpoints/mlp_Pc_trial_1401_best_state.pt,"{'learning_rate': 0.00804771898136332, 'lr_reduce': 0.6}",TPESampler,COMPLETE
1402,0.1209285780787468,2025-04-25 18:33:23.638931,2025-04-25 18:34:00.204486,0 days 00:00:36.565555,0.038918894649384736,240,272,400.0,,3,0.0001118739428964783,0.6,checkpoints/mlp_Pc_trial_1402_best_state.pt,"{'learning_rate': 0.0001118739428964783, 'lr_reduce': 0.6}",TPESampler,COMPLETE
1403,0.07375172525644302,2025-04-25 18:33:28.430013,2025-04-25 18:33:42.300466,0 days 00:00:13.870453,0.0031556726565161227,48,192,416.0,272.0,4,0.008924361365072733,0.6,checkpoints/mlp_Pc_trial_1403_best_state.pt,"{'learning_rate': 0.008924361365072733, 'lr_reduce': 0.6}",TPESampler,COMPLETE
1404,0.07773144543170929,2025-04-25 18:33:32.187901,2025-04-25 18:33:40.053726,0 days 00:00:07.865825,0.008904256548666549,48,160,432.0,288.0,4,0.009777279056388803,0.6,checkpoints/mlp_Pc_trial_1404_best_state.pt,"{'learning_rate': 0.009777279056388803, 'lr_reduce': 0.6}",TPESampler,COMPLETE
1405,0.11204030364751816,2025-04-25 18:33:40.313910,2025-04-25 18:34:05.434582,0 days 00:00:25.120672,0.07238350176971335,288,496,,,2,0.00020193464552485855,0.6,checkpoints/mlp_Pc_trial_1405_best_state.pt,"{'learning_rate': 0.00020193464552485855, 'lr_reduce': 0.6}",TPESampler,COMPLETE
1406,0.07992664724588394,2025-04-25 18:33:42.653034,2025-04-25 18:33:53.060749,0 days 00:00:10.407715,0.0524647045619792,112,176,416.0,256.0,4,0.004901858584080437,0.6,checkpoints/mlp_Pc_trial_1406_best_state.pt,"{'learning_rate': 0.004901858584080437, 'lr_reduce': 0.6}",TPESampler,COMPLETE
1407,0.06602334976196289,2025-04-25 18:33:53.352121,2025-04-25 18:34:01.681636,0 days 00:00:08.329515,0.007768890451771423,32,208,400.0,,3,0.008508536351838679,0.6,checkpoints/mlp_Pc_trial_1407_best_state.pt,"{'learning_rate': 0.008508536351838679, 'lr_reduce': 0.6}",TPESampler,COMPLETE
1408,0.1731261909008026,2025-04-25 18:34:00.475773,2025-04-25 18:34:50.250344,0 days 00:00:49.774571,0.19545983905596007,192,32,432.0,,3,0.00012076905563925265,0.6,checkpoints/mlp_Pc_trial_1408_best_state.pt,"{'learning_rate': 0.00012076905563925265, 'lr_reduce': 0.6}",TPESampler,COMPLETE
1409,0.08272326737642288,2025-04-25 18:34:02.025167,2025-04-25 18:34:10.566976,0 days 00:00:08.541809,0.0040289417788198474,80,112,384.0,240.0,4,0.008878567346456633,0.6,checkpoints/mlp_Pc_trial_1409_best_state.pt,"{'learning_rate': 0.008878567346456633, 'lr_reduce': 0.6}",TPESampler,COMPLETE
1410,0.07574111968278885,2025-04-25 18:34:05.708229,2025-04-25 18:34:17.016962,0 days 00:00:11.308733,0.03904448746430396,32,96,432.0,240.0,4,0.004020306401430948,0.6,checkpoints/mlp_Pc_trial_1410_best_state.pt,"{'learning_rate': 0.004020306401430948, 'lr_reduce': 0.6}",TPESampler,COMPLETE
1411,0.07259529829025269,2025-04-25 18:34:10.870033,2025-04-25 18:34:20.638134,0 days 00:00:09.768101,0.007232100761986539,112,160,464.0,304.0,4,0.004959520852556663,0.6,checkpoints/mlp_Pc_trial_1411_best_state.pt,"{'learning_rate': 0.004959520852556663, 'lr_reduce': 0.6}",TPESampler,COMPLETE
1412,0.07876266539096832,2025-04-25 18:34:17.300444,2025-04-25 18:34:26.755954,0 days 00:00:09.455510,0.04261482830715819,112,80,384.0,224.0,4,0.00985066601809843,0.6,checkpoints/mlp_Pc_trial_1412_best_state.pt,"{'learning_rate': 0.00985066601809843, 'lr_reduce': 0.6}",TPESampler,COMPLETE
1413,0.0772705227136612,2025-04-25 18:34:20.934317,2025-04-25 18:34:32.246019,0 days 00:00:11.311702,0.052521234093769166,48,192,464.0,224.0,4,0.009874430777205524,0.6,checkpoints/mlp_Pc_trial_1413_best_state.pt,"{'learning_rate': 0.009874430777205524, 'lr_reduce': 0.6}",TPESampler,COMPLETE
1414,0.06935182958841324,2025-04-25 18:34:27.088050,2025-04-25 18:34:36.432768,0 days 00:00:09.344718,0.0011151354519802368,96,128,368.0,224.0,4,0.009253014268450726,0.6,checkpoints/mlp_Pc_trial_1414_best_state.pt,"{'learning_rate': 0.009253014268450726, 'lr_reduce': 0.6}",TPESampler,COMPLETE
1415,0.08493807911872864,2025-04-25 18:34:32.549926,2025-04-25 18:34:41.538540,0 days 00:00:08.988614,0.014492387436120076,32,256,432.0,256.0,4,0.005563203227686339,0.6,checkpoints/mlp_Pc_trial_1415_best_state.pt,"{'learning_rate': 0.005563203227686339, 'lr_reduce': 0.6}",TPESampler,COMPLETE
