number,value,datetime_start,datetime_complete,duration,params_final_dropout,params_mlp_dim_00,params_mlp_dim_01,params_mlp_dim_02,params_mlp_dim_03,params_mlp_n_layers,params_train_learning_rate,params_train_lr_reduce,user_attrs_best_state_dict_path,user_attrs_training_params,system_attrs_auto:sampler,state
673,0.09812246263027191,2025-04-25 17:43:55.608749,2025-04-25 17:44:04.271391,0 days 00:00:08.662642,0.05199094989965421,160,32,400.0,272.0,4,0.0027941540910261906,0.6,checkpoints/mlp_Pc_trial_673_best_state.pt,"{'learning_rate': 0.0027941540910261906, 'lr_reduce': 0.6}",TPESampler,COMPLETE
674,0.08956871181726456,2025-04-25 17:43:57.912029,2025-04-25 17:44:13.848483,0 days 00:00:15.936454,0.14487085352150572,496,432,,,2,0.0008057671159443673,0.6,checkpoints/mlp_Pc_trial_674_best_state.pt,"{'learning_rate': 0.0008057671159443673, 'lr_reduce': 0.6}",TPESampler,COMPLETE
675,0.07885091751813889,2025-04-25 17:44:02.359102,2025-04-25 17:44:14.166908,0 days 00:00:11.807806,0.07505024935597729,48,160,288.0,144.0,4,0.001779776656414977,0.6,checkpoints/mlp_Pc_trial_675_best_state.pt,"{'learning_rate': 0.001779776656414977, 'lr_reduce': 0.6}",TPESampler,COMPLETE
676,0.08411708474159241,2025-04-25 17:44:04.542298,2025-04-25 17:44:14.316197,0 days 00:00:09.773899,0.0676237576102204,240,400,336.0,,3,0.004474283651419767,0.6,checkpoints/mlp_Pc_trial_676_best_state.pt,"{'learning_rate': 0.004474283651419767, 'lr_reduce': 0.6}",TPESampler,COMPLETE
677,0.07822894304990768,2025-04-25 17:44:14.101665,2025-04-25 17:44:25.307210,0 days 00:00:11.205545,0.0034264482639724363,112,368,416.0,,3,0.0013824049672299524,0.6,checkpoints/mlp_Pc_trial_677_best_state.pt,"{'learning_rate': 0.0013824049672299524, 'lr_reduce': 0.6}",TPESampler,COMPLETE
678,0.256578654050827,2025-04-25 17:44:14.405053,2025-04-25 17:44:36.249622,0 days 00:00:21.844569,0.2447140383300479,208,96,464.0,352.0,4,0.0002431793754783845,0.6,checkpoints/mlp_Pc_trial_678_best_state.pt,"{'learning_rate': 0.0002431793754783845, 'lr_reduce': 0.6}",TPESampler,COMPLETE
679,0.08190500736236572,2025-04-25 17:44:14.562229,2025-04-25 17:44:28.679853,0 days 00:00:14.117624,0.04994278235708365,128,272,352.0,,3,0.001759790311879674,0.6,checkpoints/mlp_Pc_trial_679_best_state.pt,"{'learning_rate': 0.001759790311879674, 'lr_reduce': 0.6}",TPESampler,COMPLETE
680,0.07835326343774796,2025-04-25 17:44:25.708620,2025-04-25 17:44:35.715809,0 days 00:00:10.007189,0.002836957934928023,128,32,384.0,224.0,4,0.0029877074101422245,0.6,checkpoints/mlp_Pc_trial_680_best_state.pt,"{'learning_rate': 0.0029877074101422245, 'lr_reduce': 0.6}",TPESampler,COMPLETE
681,0.07220389693975449,2025-04-25 17:44:28.957557,2025-04-25 17:44:41.006823,0 days 00:00:12.049266,0.036323401160753575,208,304,512.0,,3,0.0049792902930622645,0.6,checkpoints/mlp_Pc_trial_681_best_state.pt,"{'learning_rate': 0.0049792902930622645, 'lr_reduce': 0.6}",TPESampler,COMPLETE
682,0.07269896566867828,2025-04-25 17:44:36.001045,2025-04-25 17:44:43.761471,0 days 00:00:07.760426,0.048173732096452704,128,80,256.0,,3,0.004250126965655394,0.6,checkpoints/mlp_Pc_trial_682_best_state.pt,"{'learning_rate': 0.004250126965655394, 'lr_reduce': 0.6}",TPESampler,COMPLETE
683,0.11056528985500336,2025-04-25 17:44:36.499163,2025-04-25 17:44:48.092542,0 days 00:00:11.593379,0.16496440453727812,32,64,432.0,32.0,4,0.0018339917631841746,0.6,checkpoints/mlp_Pc_trial_683_best_state.pt,"{'learning_rate': 0.0018339917631841746, 'lr_reduce': 0.6}",TPESampler,COMPLETE
684,0.1706772893667221,2025-04-25 17:44:41.266650,2025-04-25 17:45:05.053412,0 days 00:00:23.786762,0.2547395703778995,304,368,,,2,0.0003091509052998588,0.6,checkpoints/mlp_Pc_trial_684_best_state.pt,"{'learning_rate': 0.0003091509052998588, 'lr_reduce': 0.6}",TPESampler,COMPLETE
685,0.07823938876390457,2025-04-25 17:44:44.030765,2025-04-25 17:44:57.424091,0 days 00:00:13.393326,0.011783128820489791,192,384,336.0,128.0,4,0.0006919489945901392,0.6,checkpoints/mlp_Pc_trial_685_best_state.pt,"{'learning_rate': 0.0006919489945901392, 'lr_reduce': 0.6}",TPESampler,COMPLETE
686,0.07774699479341507,2025-04-25 17:44:48.416849,2025-04-25 17:44:59.412588,0 days 00:00:10.995739,0.06481945910155938,112,240,400.0,176.0,4,0.0025194542587802923,0.6,checkpoints/mlp_Pc_trial_686_best_state.pt,"{'learning_rate': 0.0025194542587802923, 'lr_reduce': 0.6}",TPESampler,COMPLETE
687,0.11730127036571503,2025-04-25 17:44:57.864828,2025-04-25 17:45:12.892838,0 days 00:00:15.028010,0.1915530767894188,160,96,448.0,,3,0.0005449839784815732,0.6,checkpoints/mlp_Pc_trial_687_best_state.pt,"{'learning_rate': 0.0005449839784815732, 'lr_reduce': 0.6}",TPESampler,COMPLETE
688,0.0855526402592659,2025-04-25 17:44:59.683836,2025-04-25 17:45:11.396148,0 days 00:00:11.712312,0.12166745905367556,160,304,304.0,,3,0.0023855178362069598,0.6,checkpoints/mlp_Pc_trial_688_best_state.pt,"{'learning_rate': 0.0023855178362069598, 'lr_reduce': 0.6}",TPESampler,COMPLETE
689,0.0776452124118805,2025-04-25 17:45:05.345200,2025-04-25 17:45:19.203622,0 days 00:00:13.858422,0.003301983402091443,240,272,368.0,,3,0.00081963046948455,0.6,checkpoints/mlp_Pc_trial_689_best_state.pt,"{'learning_rate': 0.00081963046948455, 'lr_reduce': 0.6}",TPESampler,COMPLETE
690,0.07795217633247375,2025-04-25 17:45:11.653482,2025-04-25 17:45:21.533781,0 days 00:00:09.880299,0.003993759775661528,208,192,464.0,,3,0.002496310736940365,0.6,checkpoints/mlp_Pc_trial_690_best_state.pt,"{'learning_rate': 0.002496310736940365, 'lr_reduce': 0.6}",TPESampler,COMPLETE
691,0.07788705080747604,2025-04-25 17:45:13.193053,2025-04-25 17:45:24.407117,0 days 00:00:11.214064,0.055047294291364915,496,128,400.0,,3,0.0020467671897992715,0.6,checkpoints/mlp_Pc_trial_691_best_state.pt,"{'learning_rate': 0.0020467671897992715, 'lr_reduce': 0.6}",TPESampler,COMPLETE
692,0.11825483292341232,2025-04-25 17:45:19.456116,2025-04-25 17:45:29.873669,0 days 00:00:10.417553,0.18280499519331675,480,80,336.0,96.0,4,0.004035212869968547,0.6,checkpoints/mlp_Pc_trial_692_best_state.pt,"{'learning_rate': 0.004035212869968547, 'lr_reduce': 0.6}",TPESampler,COMPLETE
693,0.0744255781173706,2025-04-25 17:45:21.815276,2025-04-25 17:45:32.087367,0 days 00:00:10.272091,0.004637674962876346,48,304,416.0,,3,0.0019072108148248284,0.6,checkpoints/mlp_Pc_trial_693_best_state.pt,"{'learning_rate': 0.0019072108148248284, 'lr_reduce': 0.6}",TPESampler,COMPLETE
694,0.09031672030687332,2025-04-25 17:45:24.706128,2025-04-25 17:45:34.807649,0 days 00:00:10.101521,0.07581264581441952,80,64,352.0,224.0,4,0.003436929866305445,0.6,checkpoints/mlp_Pc_trial_694_best_state.pt,"{'learning_rate': 0.003436929866305445, 'lr_reduce': 0.6}",TPESampler,COMPLETE
695,0.07902287691831589,2025-04-25 17:45:30.111591,2025-04-25 17:45:38.782799,0 days 00:00:08.671208,0.00022802401600970773,272,160,480.0,432.0,4,0.004513669814525255,0.6,checkpoints/mlp_Pc_trial_695_best_state.pt,"{'learning_rate': 0.004513669814525255, 'lr_reduce': 0.6}",TPESampler,COMPLETE
696,0.09591102600097656,2025-04-25 17:45:32.371602,2025-04-25 17:45:46.550996,0 days 00:00:14.179394,0.09241286267503712,272,176,288.0,,3,0.0005882590575151064,0.6,checkpoints/mlp_Pc_trial_696_best_state.pt,"{'learning_rate': 0.0005882590575151064, 'lr_reduce': 0.6}",TPESampler,COMPLETE
697,0.08057523518800735,2025-04-25 17:45:35.153666,2025-04-25 17:45:47.109073,0 days 00:00:11.955407,0.010007856734185472,96,256,,,2,0.0017091832563865823,0.6,checkpoints/mlp_Pc_trial_697_best_state.pt,"{'learning_rate': 0.0017091832563865823, 'lr_reduce': 0.6}",TPESampler,COMPLETE
698,0.0774211511015892,2025-04-25 17:45:39.038067,2025-04-25 17:45:47.707803,0 days 00:00:08.669736,0.05949154004985475,176,400,384.0,32.0,4,0.0017664944215240739,0.6,checkpoints/mlp_Pc_trial_698_best_state.pt,"{'learning_rate': 0.0017664944215240739, 'lr_reduce': 0.6}",TPESampler,COMPLETE
699,0.07033783197402954,2025-04-25 17:45:46.816594,2025-04-25 17:46:02.354766,0 days 00:00:15.538172,0.001714832951580269,208,448,432.0,128.0,4,0.0009514878029831963,0.6,checkpoints/mlp_Pc_trial_699_best_state.pt,"{'learning_rate': 0.0009514878029831963, 'lr_reduce': 0.6}",TPESampler,COMPLETE
700,0.07175932079553604,2025-04-25 17:45:47.389395,2025-04-25 17:45:56.618776,0 days 00:00:09.229381,0.0038456805374834663,48,144,368.0,,3,0.004738872005110714,0.6,checkpoints/mlp_Pc_trial_700_best_state.pt,"{'learning_rate': 0.004738872005110714, 'lr_reduce': 0.6}",TPESampler,COMPLETE
701,0.1127111092209816,2025-04-25 17:45:48.032027,2025-04-25 17:46:09.473248,0 days 00:00:21.441221,0.12687392658818974,416,464,432.0,,3,0.00021112283942452536,0.6,checkpoints/mlp_Pc_trial_701_best_state.pt,"{'learning_rate': 0.00021112283942452536, 'lr_reduce': 0.6}",TPESampler,COMPLETE
702,0.07856840640306473,2025-04-25 17:45:56.917024,2025-04-25 17:46:10.324470,0 days 00:00:13.407446,0.07161152652658198,160,384,304.0,,3,0.0032527432489612884,0.6,checkpoints/mlp_Pc_trial_702_best_state.pt,"{'learning_rate': 0.0032527432489612884, 'lr_reduce': 0.6}",TPESampler,COMPLETE
703,0.07676386833190918,2025-04-25 17:46:02.632346,2025-04-25 17:46:11.759156,0 days 00:00:09.126810,0.00894796891490625,128,320,512.0,80.0,4,0.0019200919484710104,0.6,checkpoints/mlp_Pc_trial_703_best_state.pt,"{'learning_rate': 0.0019200919484710104, 'lr_reduce': 0.6}",TPESampler,COMPLETE
704,0.07981839776039124,2025-04-25 17:46:09.730120,2025-04-25 17:46:19.167534,0 days 00:00:09.437414,0.0019433819818441929,240,416,384.0,,3,0.0031735047297093374,0.6,checkpoints/mlp_Pc_trial_704_best_state.pt,"{'learning_rate': 0.0031735047297093374, 'lr_reduce': 0.6}",TPESampler,COMPLETE
705,0.07443166524171829,2025-04-25 17:46:10.594105,2025-04-25 17:46:23.288341,0 days 00:00:12.694236,0.016710482650678274,224,512,448.0,,3,0.0009593705318406337,0.6,checkpoints/mlp_Pc_trial_705_best_state.pt,"{'learning_rate': 0.0009593705318406337, 'lr_reduce': 0.6}",TPESampler,COMPLETE
706,0.06680867820978165,2025-04-25 17:46:12.046055,2025-04-25 17:46:22.119418,0 days 00:00:10.073363,0.006236280310453963,160,160,256.0,176.0,4,0.0025929101087159736,0.6,checkpoints/mlp_Pc_trial_706_best_state.pt,"{'learning_rate': 0.0025929101087159736, 'lr_reduce': 0.6}",TPESampler,COMPLETE
707,0.08539029955863953,2025-04-25 17:46:19.426729,2025-04-25 17:46:31.984058,0 days 00:00:12.557329,0.06654394120893793,256,304,336.0,288.0,4,0.0007728796347959951,0.6,checkpoints/mlp_Pc_trial_707_best_state.pt,"{'learning_rate': 0.0007728796347959951, 'lr_reduce': 0.6}",TPESampler,COMPLETE
708,0.08230596780776978,2025-04-25 17:46:22.380402,2025-04-25 17:46:30.880492,0 days 00:00:08.500090,0.0030041008770932765,80,48,400.0,144.0,4,0.00747918333235538,0.6,checkpoints/mlp_Pc_trial_708_best_state.pt,"{'learning_rate': 0.00747918333235538, 'lr_reduce': 0.6}",TPESampler,COMPLETE
709,0.07726091146469116,2025-04-25 17:46:23.553315,2025-04-25 17:46:39.734611,0 days 00:00:16.181296,0.0021001640197203736,240,480,176.0,80.0,4,0.00038286562489993017,0.6,checkpoints/mlp_Pc_trial_709_best_state.pt,"{'learning_rate': 0.00038286562489993017, 'lr_reduce': 0.6}",TPESampler,COMPLETE
710,0.07612619549036026,2025-04-25 17:46:31.119538,2025-04-25 17:46:44.865615,0 days 00:00:13.746077,0.0839090417746462,192,512,,,2,0.0016522131130746339,0.6,checkpoints/mlp_Pc_trial_710_best_state.pt,"{'learning_rate': 0.0016522131130746339, 'lr_reduce': 0.6}",TPESampler,COMPLETE
711,0.08532299846410751,2025-04-25 17:46:32.254126,2025-04-25 17:46:50.894988,0 days 00:00:18.640862,0.04239509483267051,64,432,464.0,,3,0.0015077206841858791,0.6,checkpoints/mlp_Pc_trial_711_best_state.pt,"{'learning_rate': 0.0015077206841858791, 'lr_reduce': 0.6}",TPESampler,COMPLETE
712,0.07000669836997986,2025-04-25 17:46:39.972443,2025-04-25 17:46:51.727978,0 days 00:00:11.755535,0.008146554992450816,32,144,352.0,192.0,4,0.0013648936452624568,0.6,checkpoints/mlp_Pc_trial_712_best_state.pt,"{'learning_rate': 0.0013648936452624568, 'lr_reduce': 0.6}",TPESampler,COMPLETE
713,0.07299628108739853,2025-04-25 17:46:45.118184,2025-04-25 17:46:53.407670,0 days 00:00:08.289486,0.013716877958215613,32,368,400.0,,3,0.003630423903104515,0.6,checkpoints/mlp_Pc_trial_713_best_state.pt,"{'learning_rate': 0.003630423903104515, 'lr_reduce': 0.6}",TPESampler,COMPLETE
714,0.10947427898645401,2025-04-25 17:46:51.151116,2025-04-25 17:47:03.836466,0 days 00:00:12.685350,0.137249631246717,176,384,304.0,240.0,4,0.0004770691979044953,0.6,checkpoints/mlp_Pc_trial_714_best_state.pt,"{'learning_rate': 0.0004770691979044953, 'lr_reduce': 0.6}",TPESampler,COMPLETE
715,0.13970936834812164,2025-04-25 17:46:51.977582,2025-04-25 17:47:20.237525,0 days 00:00:28.259943,0.13158476740441474,224,192,432.0,128.0,4,0.00011561329003279729,0.6,checkpoints/mlp_Pc_trial_715_best_state.pt,"{'learning_rate': 0.00011561329003279729, 'lr_reduce': 0.6}",TPESampler,COMPLETE
716,0.10668333619832993,2025-04-25 17:46:53.761076,2025-04-25 17:47:05.994231,0 days 00:00:12.233155,0.22187974390934612,416,400,352.0,,3,0.0013889689407381822,0.6,checkpoints/mlp_Pc_trial_716_best_state.pt,"{'learning_rate': 0.0013889689407381822, 'lr_reduce': 0.6}",TPESampler,COMPLETE
717,0.1693108081817627,2025-04-25 17:47:04.062837,2025-04-25 17:47:17.829309,0 days 00:00:13.766472,0.24573814135859223,176,432,480.0,32.0,4,0.0006846206772478782,0.6,checkpoints/mlp_Pc_trial_717_best_state.pt,"{'learning_rate': 0.0006846206772478782, 'lr_reduce': 0.6}",TPESampler,COMPLETE
718,0.08130865544080734,2025-04-25 17:47:06.256167,2025-04-25 17:47:16.697289,0 days 00:00:10.441122,0.04248458363289365,32,48,400.0,,3,0.009260491287910979,0.6,checkpoints/mlp_Pc_trial_718_best_state.pt,"{'learning_rate': 0.009260491287910979, 'lr_reduce': 0.6}",TPESampler,COMPLETE
719,0.08279061317443848,2025-04-25 17:47:17.006450,2025-04-25 17:47:24.388224,0 days 00:00:07.381774,0.0607874259532615,144,128,336.0,80.0,4,0.0057859173213358735,0.6,checkpoints/mlp_Pc_trial_719_best_state.pt,"{'learning_rate': 0.0057859173213358735, 'lr_reduce': 0.6}",TPESampler,COMPLETE
720,0.08670781552791595,2025-04-25 17:47:18.176002,2025-04-25 17:47:27.755452,0 days 00:00:09.579450,0.032034672991773656,32,336,432.0,144.0,4,0.0031128333906262503,0.6,checkpoints/mlp_Pc_trial_720_best_state.pt,"{'learning_rate': 0.0031128333906262503, 'lr_reduce': 0.6}",TPESampler,COMPLETE
721,0.07107503712177277,2025-04-25 17:47:20.567992,2025-04-25 17:47:32.434799,0 days 00:00:11.866807,0.01680054622597588,32,240,240.0,208.0,4,0.001552573202599717,0.6,checkpoints/mlp_Pc_trial_721_best_state.pt,"{'learning_rate': 0.001552573202599717, 'lr_reduce': 0.6}",TPESampler,COMPLETE
722,0.11122023314237595,2025-04-25 17:47:24.677152,2025-04-25 17:47:31.995230,0 days 00:00:07.318078,0.18310032076548757,32,32,,,2,0.007769758910783639,0.6,checkpoints/mlp_Pc_trial_722_best_state.pt,"{'learning_rate': 0.007769758910783639, 'lr_reduce': 0.6}",TPESampler,COMPLETE
723,0.08212561160326004,2025-04-25 17:47:28.199560,2025-04-25 17:47:41.321429,0 days 00:00:13.121869,0.04833879436540407,384,32,384.0,,3,0.0008443679883787953,0.6,checkpoints/mlp_Pc_trial_723_best_state.pt,"{'learning_rate': 0.0008443679883787953, 'lr_reduce': 0.6}",TPESampler,COMPLETE
724,0.0802994966506958,2025-04-25 17:47:32.251706,2025-04-25 17:47:42.388737,0 days 00:00:10.137031,0.014723840945322442,256,448,,,2,0.0035264953957808566,0.6,checkpoints/mlp_Pc_trial_724_best_state.pt,"{'learning_rate': 0.0035264953957808566, 'lr_reduce': 0.6}",TPESampler,COMPLETE
725,0.08297352492809296,2025-04-25 17:47:32.772970,2025-04-25 17:47:42.731884,0 days 00:00:09.958914,0.1061046256328981,384,224,480.0,,3,0.002525932980635992,0.6,checkpoints/mlp_Pc_trial_725_best_state.pt,"{'learning_rate': 0.002525932980635992, 'lr_reduce': 0.6}",TPESampler,COMPLETE
726,0.07377205044031143,2025-04-25 17:47:41.595610,2025-04-25 17:47:56.511861,0 days 00:00:14.916251,0.010788469242284122,240,32,304.0,80.0,4,0.0036638405418198284,0.6,checkpoints/mlp_Pc_trial_726_best_state.pt,"{'learning_rate': 0.0036638405418198284, 'lr_reduce': 0.6}",TPESampler,COMPLETE
727,0.08161941915750504,2025-04-25 17:47:42.654163,2025-04-25 17:48:00.255563,0 days 00:00:17.601400,0.10664504703097097,160,224,384.0,256.0,4,0.0033250831150061725,0.6,checkpoints/mlp_Pc_trial_727_best_state.pt,"{'learning_rate': 0.0033250831150061725, 'lr_reduce': 0.6}",TPESampler,COMPLETE
728,0.06765178591012955,2025-04-25 17:47:42.990281,2025-04-25 17:47:59.517078,0 days 00:00:16.526797,0.011928676446266415,160,128,432.0,144.0,4,0.0008474787388609814,0.6,checkpoints/mlp_Pc_trial_728_best_state.pt,"{'learning_rate': 0.0008474787388609814, 'lr_reduce': 0.6}",TPESampler,COMPLETE
729,0.08931829780340195,2025-04-25 17:47:56.777763,2025-04-25 17:48:07.504936,0 days 00:00:10.727173,0.06454400878040023,80,64,352.0,80.0,4,0.0012965866304099991,0.6,checkpoints/mlp_Pc_trial_729_best_state.pt,"{'learning_rate': 0.0012965866304099991, 'lr_reduce': 0.6}",TPESampler,COMPLETE
730,0.08128874748945236,2025-04-25 17:47:59.774258,2025-04-25 17:48:08.518139,0 days 00:00:08.743881,0.06100364684344964,96,32,512.0,176.0,4,0.003411868463504544,0.6,checkpoints/mlp_Pc_trial_730_best_state.pt,"{'learning_rate': 0.003411868463504544, 'lr_reduce': 0.6}",TPESampler,COMPLETE
731,0.08312898874282837,2025-04-25 17:48:00.549415,2025-04-25 17:48:09.240554,0 days 00:00:08.691139,0.056389929467855864,112,128,432.0,32.0,4,0.0028538983560647047,0.6,checkpoints/mlp_Pc_trial_731_best_state.pt,"{'learning_rate': 0.0028538983560647047, 'lr_reduce': 0.6}",TPESampler,COMPLETE
732,0.07229073345661163,2025-04-25 17:48:07.743748,2025-04-25 17:48:19.909408,0 days 00:00:12.165660,0.0030924674627103403,112,64,272.0,,3,0.0013323499782087547,0.6,checkpoints/mlp_Pc_trial_732_best_state.pt,"{'learning_rate': 0.0013323499782087547, 'lr_reduce': 0.6}",TPESampler,COMPLETE
733,0.07339140772819519,2025-04-25 17:48:08.815875,2025-04-25 17:48:17.925355,0 days 00:00:09.109480,0.01202316967470259,176,432,368.0,128.0,4,0.0028182522644256756,0.6,checkpoints/mlp_Pc_trial_733_best_state.pt,"{'learning_rate': 0.0028182522644256756, 'lr_reduce': 0.6}",TPESampler,COMPLETE
734,0.06869339197874069,2025-04-25 17:48:09.468798,2025-04-25 17:48:24.378646,0 days 00:00:14.909848,0.012423364575164094,144,384,320.0,240.0,4,0.0008625492104487064,0.6,checkpoints/mlp_Pc_trial_734_best_state.pt,"{'learning_rate': 0.0008625492104487064, 'lr_reduce': 0.6}",TPESampler,COMPLETE
735,0.07780057936906815,2025-04-25 17:48:18.188711,2025-04-25 17:48:25.483832,0 days 00:00:07.295121,0.004626953620789909,176,96,400.0,192.0,4,0.009124078358107747,0.6,checkpoints/mlp_Pc_trial_735_best_state.pt,"{'learning_rate': 0.009124078358107747, 'lr_reduce': 0.6}",TPESampler,COMPLETE
736,0.08061929047107697,2025-04-25 17:48:20.149744,2025-04-25 17:48:32.077982,0 days 00:00:11.928238,0.07165771202772979,32,336,464.0,,3,0.001931246763250766,0.6,checkpoints/mlp_Pc_trial_736_best_state.pt,"{'learning_rate': 0.001931246763250766, 'lr_reduce': 0.6}",TPESampler,COMPLETE
737,0.07983293384313583,2025-04-25 17:48:24.619247,2025-04-25 17:48:32.100497,0 days 00:00:07.481250,0.06800703910438999,224,96,368.0,112.0,4,0.007921280380470375,0.6,checkpoints/mlp_Pc_trial_737_best_state.pt,"{'learning_rate': 0.007921280380470375, 'lr_reduce': 0.6}",TPESampler,COMPLETE
738,0.08471762388944626,2025-04-25 17:48:25.785652,2025-04-25 17:48:35.981461,0 days 00:00:10.195809,0.04431701904066325,128,272,432.0,320.0,4,0.0025943478091523353,0.6,checkpoints/mlp_Pc_trial_738_best_state.pt,"{'learning_rate': 0.0025943478091523353, 'lr_reduce': 0.6}",TPESampler,COMPLETE
739,0.07688651233911514,2025-04-25 17:48:32.274289,2025-04-25 17:48:41.282399,0 days 00:00:09.008110,0.040658789159401805,96,112,336.0,80.0,4,0.003366780916935499,0.6,checkpoints/mlp_Pc_trial_739_best_state.pt,"{'learning_rate': 0.003366780916935499, 'lr_reduce': 0.6}",TPESampler,COMPLETE
740,0.08192682266235352,2025-04-25 17:48:32.330355,2025-04-25 17:48:43.105458,0 days 00:00:10.775103,0.006771182139731044,224,512,336.0,80.0,4,0.0010951678350933853,0.6,checkpoints/mlp_Pc_trial_740_best_state.pt,"{'learning_rate': 0.0010951678350933853, 'lr_reduce': 0.6}",TPESampler,COMPLETE
741,0.0726105198264122,2025-04-25 17:48:36.223007,2025-04-25 17:48:48.181993,0 days 00:00:11.958986,0.005616645227460015,80,464,400.0,176.0,4,0.001345296406337026,0.6,checkpoints/mlp_Pc_trial_741_best_state.pt,"{'learning_rate': 0.001345296406337026, 'lr_reduce': 0.6}",TPESampler,COMPLETE
742,0.0783727765083313,2025-04-25 17:48:41.528510,2025-04-25 17:48:52.751632,0 days 00:00:11.223122,0.049979093590593944,144,320,464.0,,3,0.0031883101404187567,0.6,checkpoints/mlp_Pc_trial_742_best_state.pt,"{'learning_rate': 0.0031883101404187567, 'lr_reduce': 0.6}",TPESampler,COMPLETE
743,0.07257982343435287,2025-04-25 17:48:43.345850,2025-04-25 17:48:57.311785,0 days 00:00:13.965935,0.049337259510118615,144,448,224.0,240.0,4,0.0007618540279222705,0.6,checkpoints/mlp_Pc_trial_743_best_state.pt,"{'learning_rate': 0.0007618540279222705, 'lr_reduce': 0.6}",TPESampler,COMPLETE
744,0.08142262697219849,2025-04-25 17:48:48.457593,2025-04-25 17:49:01.877355,0 days 00:00:13.419762,0.13300408102566247,288,480,288.0,32.0,4,0.0036397709573932897,0.6,checkpoints/mlp_Pc_trial_744_best_state.pt,"{'learning_rate': 0.0036397709573932897, 'lr_reduce': 0.6}",TPESampler,COMPLETE
745,0.08470955491065979,2025-04-25 17:48:53.021601,2025-04-25 17:49:02.691237,0 days 00:00:09.669636,0.07279144140738537,208,464,400.0,,3,0.0022119052312065367,0.6,checkpoints/mlp_Pc_trial_745_best_state.pt,"{'learning_rate': 0.0022119052312065367, 'lr_reduce': 0.6}",TPESampler,COMPLETE
746,0.08144669234752655,2025-04-25 17:48:57.709035,2025-04-25 17:49:05.648616,0 days 00:00:07.939581,0.024609373556006495,128,112,464.0,144.0,4,0.004596769723376961,0.6,checkpoints/mlp_Pc_trial_746_best_state.pt,"{'learning_rate': 0.004596769723376961, 'lr_reduce': 0.6}",TPESampler,COMPLETE
