number,value,datetime_start,datetime_complete,duration,params_final_dropout,params_mlp_dim_00,params_mlp_dim_01,params_mlp_dim_02,params_mlp_dim_03,params_mlp_n_layers,params_train_learning_rate,params_train_lr_reduce,user_attrs_best_state_dict_path,user_attrs_training_params,system_attrs_auto:sampler,state
2306,0.0761333778500557,2025-04-25 19:35:02.089408,2025-04-25 19:35:13.746768,0 days 00:00:11.657360,0.04955346974686095,144,160,224.0,,3,0.0042648222092575745,0.6,checkpoints/mlp_Pc_trial_2306_best_state.pt,"{'learning_rate': 0.0042648222092575745, 'lr_reduce': 0.6}",TPESampler,COMPLETE
2307,0.08658017218112946,2025-04-25 19:35:08.598746,2025-04-25 19:35:20.914333,0 days 00:00:12.315587,0.09299739933649363,240,464,384.0,144.0,4,0.002769720961868495,0.6,checkpoints/mlp_Pc_trial_2307_best_state.pt,"{'learning_rate': 0.002769720961868495, 'lr_reduce': 0.6}",TPESampler,COMPLETE
2308,0.07176418602466583,2025-04-25 19:35:14.119152,2025-04-25 19:35:27.272781,0 days 00:00:13.153629,0.0425188151075189,128,336,320.0,80.0,4,0.0018810446599610653,0.6,checkpoints/mlp_Pc_trial_2308_best_state.pt,"{'learning_rate': 0.0018810446599610653, 'lr_reduce': 0.6}",TPESampler,COMPLETE
2309,0.0849970206618309,2025-04-25 19:35:18.180134,2025-04-25 19:35:31.344681,0 days 00:00:13.164547,0.04712560411692634,48,400,272.0,,3,0.0010450457169024038,0.6,checkpoints/mlp_Pc_trial_2309_best_state.pt,"{'learning_rate': 0.0010450457169024038, 'lr_reduce': 0.6}",TPESampler,COMPLETE
2310,0.08490303158760071,2025-04-25 19:35:21.266775,2025-04-25 19:35:33.275846,0 days 00:00:12.009071,0.10794370960990542,176,384,,,2,0.003164733282934431,0.6,checkpoints/mlp_Pc_trial_2310_best_state.pt,"{'learning_rate': 0.003164733282934431, 'lr_reduce': 0.6}",TPESampler,COMPLETE
2311,0.07956278324127197,2025-04-25 19:35:27.618524,2025-04-25 19:35:36.211785,0 days 00:00:08.593261,0.015015392174375076,272,176,240.0,,3,0.005525774260161811,0.6,checkpoints/mlp_Pc_trial_2311_best_state.pt,"{'learning_rate': 0.005525774260161811, 'lr_reduce': 0.6}",TPESampler,COMPLETE
2312,0.07413719594478607,2025-04-25 19:35:31.649728,2025-04-25 19:35:44.747447,0 days 00:00:13.097719,0.05517717749624209,144,480,336.0,192.0,4,0.0018965582915733226,0.6,checkpoints/mlp_Pc_trial_2312_best_state.pt,"{'learning_rate': 0.0018965582915733226, 'lr_reduce': 0.6}",TPESampler,COMPLETE
2313,0.09646434336900711,2025-04-25 19:35:33.621407,2025-04-25 19:35:41.492320,0 days 00:00:07.870913,0.07761667909839509,32,96,272.0,,3,0.009714625488405917,0.6,checkpoints/mlp_Pc_trial_2313_best_state.pt,"{'learning_rate': 0.009714625488405917, 'lr_reduce': 0.6}",TPESampler,COMPLETE
2314,0.07972273230552673,2025-04-25 19:35:36.555014,2025-04-25 19:35:44.842102,0 days 00:00:08.287088,0.0013525861214681526,96,96,368.0,,3,0.009299994499293574,0.6,checkpoints/mlp_Pc_trial_2314_best_state.pt,"{'learning_rate': 0.009299994499293574, 'lr_reduce': 0.6}",TPESampler,COMPLETE
2315,0.17041191458702087,2025-04-25 19:35:41.840932,2025-04-25 19:36:06.062615,0 days 00:00:24.221683,0.13534386539763119,64,208,192.0,112.0,4,0.00018747478943187258,0.6,checkpoints/mlp_Pc_trial_2315_best_state.pt,"{'learning_rate': 0.00018747478943187258, 'lr_reduce': 0.6}",TPESampler,COMPLETE
2316,0.07581844925880432,2025-04-25 19:35:45.022214,2025-04-25 19:35:57.967008,0 days 00:00:12.944794,0.14754453407371448,224,336,320.0,32.0,4,0.009228995970170305,0.6,checkpoints/mlp_Pc_trial_2316_best_state.pt,"{'learning_rate': 0.009228995970170305, 'lr_reduce': 0.6}",TPESampler,COMPLETE
2317,0.07729899883270264,2025-04-25 19:35:45.107428,2025-04-25 19:35:57.106311,0 days 00:00:11.998883,0.030703271828518147,48,384,,,2,0.008532043617884713,0.6,checkpoints/mlp_Pc_trial_2317_best_state.pt,"{'learning_rate': 0.008532043617884713, 'lr_reduce': 0.6}",TPESampler,COMPLETE
2318,0.09044826030731201,2025-04-25 19:35:57.431880,2025-04-25 19:36:07.404388,0 days 00:00:09.972508,0.09901601587610813,32,416,256.0,,3,0.005052629188542612,0.6,checkpoints/mlp_Pc_trial_2318_best_state.pt,"{'learning_rate': 0.005052629188542612, 'lr_reduce': 0.6}",TPESampler,COMPLETE
2319,0.07832670956850052,2025-04-25 19:35:58.319095,2025-04-25 19:36:09.577048,0 days 00:00:11.257953,0.048353076017340985,96,192,304.0,,3,0.004134640243783781,0.6,checkpoints/mlp_Pc_trial_2319_best_state.pt,"{'learning_rate': 0.004134640243783781, 'lr_reduce': 0.6}",TPESampler,COMPLETE
2320,0.07358330488204956,2025-04-25 19:36:06.471176,2025-04-25 19:36:19.849659,0 days 00:00:13.378483,0.08396807891596444,80,240,224.0,80.0,4,0.0028632434475395095,0.6,checkpoints/mlp_Pc_trial_2320_best_state.pt,"{'learning_rate': 0.0028632434475395095, 'lr_reduce': 0.6}",TPESampler,COMPLETE
2321,0.0751371681690216,2025-04-25 19:36:07.741105,2025-04-25 19:36:15.113117,0 days 00:00:07.372012,0.00046583149090138973,48,144,384.0,,3,0.00970567141695981,0.6,checkpoints/mlp_Pc_trial_2321_best_state.pt,"{'learning_rate': 0.00970567141695981, 'lr_reduce': 0.6}",TPESampler,COMPLETE
2322,0.16132111847400665,2025-04-25 19:36:09.897006,2025-04-25 19:36:31.129704,0 days 00:00:21.232698,0.233758388064162,208,96,,,2,0.0005097990518622048,0.6,checkpoints/mlp_Pc_trial_2322_best_state.pt,"{'learning_rate': 0.0005097990518622048, 'lr_reduce': 0.6}",TPESampler,COMPLETE
2323,0.07975169271230698,2025-04-25 19:36:15.436630,2025-04-25 19:36:26.639797,0 days 00:00:11.203167,0.08251303947144101,112,352,288.0,,3,0.003168063172796582,0.6,checkpoints/mlp_Pc_trial_2323_best_state.pt,"{'learning_rate': 0.003168063172796582, 'lr_reduce': 0.6}",TPESampler,COMPLETE
2324,0.0754612535238266,2025-04-25 19:36:20.194065,2025-04-25 19:36:36.380758,0 days 00:00:16.186693,0.01278669483450687,256,480,336.0,,3,0.0010548565476228065,0.6,checkpoints/mlp_Pc_trial_2324_best_state.pt,"{'learning_rate': 0.0010548565476228065, 'lr_reduce': 0.6}",TPESampler,COMPLETE
2325,0.07696964591741562,2025-04-25 19:36:27.195326,2025-04-25 19:36:36.771982,0 days 00:00:09.576656,0.07372999350134546,112,256,160.0,144.0,4,0.0056252675070212,0.6,checkpoints/mlp_Pc_trial_2325_best_state.pt,"{'learning_rate': 0.0056252675070212, 'lr_reduce': 0.6}",TPESampler,COMPLETE
2326,0.07432334870100021,2025-04-25 19:36:31.492246,2025-04-25 19:36:41.529231,0 days 00:00:10.036985,0.041695315295566485,128,224,256.0,176.0,4,0.007032381002766072,0.6,checkpoints/mlp_Pc_trial_2326_best_state.pt,"{'learning_rate': 0.007032381002766072, 'lr_reduce': 0.6}",TPESampler,COMPLETE
2327,0.18259821832180023,2025-04-25 19:36:36.711371,2025-04-25 19:37:01.176222,0 days 00:00:24.464851,0.11107194601072753,64,464,208.0,,3,0.00014866575624685805,0.6,checkpoints/mlp_Pc_trial_2327_best_state.pt,"{'learning_rate': 0.00014866575624685805, 'lr_reduce': 0.6}",TPESampler,COMPLETE
2328,0.07432220876216888,2025-04-25 19:36:37.196389,2025-04-25 19:36:49.416289,0 days 00:00:12.219900,0.004196568165271822,192,416,288.0,64.0,4,0.0009217227192323196,0.6,checkpoints/mlp_Pc_trial_2328_best_state.pt,"{'learning_rate': 0.0009217227192323196, 'lr_reduce': 0.6}",TPESampler,COMPLETE
2329,0.07458818703889847,2025-04-25 19:36:41.896576,2025-04-25 19:36:53.315771,0 days 00:00:11.419195,0.0017034096764494133,144,416,352.0,112.0,4,0.0023509836945786416,0.6,checkpoints/mlp_Pc_trial_2329_best_state.pt,"{'learning_rate': 0.0023509836945786416, 'lr_reduce': 0.6}",TPESampler,COMPLETE
2330,0.07683934271335602,2025-04-25 19:36:49.768259,2025-04-25 19:37:02.966030,0 days 00:00:13.197771,2.3519966053785202e-05,240,480,240.0,144.0,4,0.000873623309739961,0.6,checkpoints/mlp_Pc_trial_2330_best_state.pt,"{'learning_rate': 0.000873623309739961, 'lr_reduce': 0.6}",TPESampler,COMPLETE
2331,0.07701601833105087,2025-04-25 19:36:53.670555,2025-04-25 19:37:08.571470,0 days 00:00:14.900915,0.03296562497374552,128,352,304.0,,3,0.0006916002830965448,0.6,checkpoints/mlp_Pc_trial_2331_best_state.pt,"{'learning_rate': 0.0006916002830965448, 'lr_reduce': 0.6}",TPESampler,COMPLETE
2332,0.07991509139537811,2025-04-25 19:37:01.487326,2025-04-25 19:37:18.433376,0 days 00:00:16.946050,0.0067824725107436395,208,432,384.0,64.0,4,0.0024144091632907557,0.6,checkpoints/mlp_Pc_trial_2332_best_state.pt,"{'learning_rate': 0.0024144091632907557, 'lr_reduce': 0.6}",TPESampler,COMPLETE
2333,0.07847346365451813,2025-04-25 19:37:03.290899,2025-04-25 19:37:13.736253,0 days 00:00:10.445354,0.008703885842070073,368,384,256.0,192.0,4,0.0012973241680328514,0.6,checkpoints/mlp_Pc_trial_2333_best_state.pt,"{'learning_rate': 0.0012973241680328514, 'lr_reduce': 0.6}",TPESampler,COMPLETE
2334,0.08107183128595352,2025-04-25 19:37:08.910400,2025-04-25 19:37:17.752922,0 days 00:00:08.842522,0.00020504346740557108,80,176,336.0,96.0,4,0.004634864514456677,0.6,checkpoints/mlp_Pc_trial_2334_best_state.pt,"{'learning_rate': 0.004634864514456677, 'lr_reduce': 0.6}",TPESampler,COMPLETE
2335,0.07606610655784607,2025-04-25 19:37:14.087501,2025-04-25 19:37:21.791827,0 days 00:00:07.704326,0.03841025881777058,144,384,288.0,,3,0.004698817220658365,0.6,checkpoints/mlp_Pc_trial_2335_best_state.pt,"{'learning_rate': 0.004698817220658365, 'lr_reduce': 0.6}",TPESampler,COMPLETE
2336,0.08588176965713501,2025-04-25 19:37:18.086392,2025-04-25 19:37:25.569427,0 days 00:00:07.483035,0.09036828883380679,368,160,208.0,32.0,4,0.007716989402445129,0.6,checkpoints/mlp_Pc_trial_2336_best_state.pt,"{'learning_rate': 0.007716989402445129, 'lr_reduce': 0.6}",TPESampler,COMPLETE
2337,0.07822241634130478,2025-04-25 19:37:18.929860,2025-04-25 19:37:28.746325,0 days 00:00:09.816465,0.06839803967067773,128,192,256.0,,3,0.009985780115922653,0.6,checkpoints/mlp_Pc_trial_2337_best_state.pt,"{'learning_rate': 0.009985780115922653, 'lr_reduce': 0.6}",TPESampler,COMPLETE
2338,0.07494871318340302,2025-04-25 19:37:22.147680,2025-04-25 19:37:32.759117,0 days 00:00:10.611437,0.052848904787792486,32,96,320.0,,3,0.005688854693672228,0.6,checkpoints/mlp_Pc_trial_2338_best_state.pt,"{'learning_rate': 0.005688854693672228, 'lr_reduce': 0.6}",TPESampler,COMPLETE
2339,0.07929017394781113,2025-04-25 19:37:25.911638,2025-04-25 19:37:34.541575,0 days 00:00:08.629937,0.003928146130073324,144,192,384.0,,3,0.005667631879408834,0.6,checkpoints/mlp_Pc_trial_2339_best_state.pt,"{'learning_rate': 0.005667631879408834, 'lr_reduce': 0.6}",TPESampler,COMPLETE
2340,0.13018198311328888,2025-04-25 19:37:29.074996,2025-04-25 19:37:40.707599,0 days 00:00:11.632603,0.15722929190676382,32,208,192.0,128.0,4,0.0036697090497386964,0.6,checkpoints/mlp_Pc_trial_2340_best_state.pt,"{'learning_rate': 0.0036697090497386964, 'lr_reduce': 0.6}",TPESampler,COMPLETE
2341,0.08230433613061905,2025-04-25 19:37:33.111192,2025-04-25 19:37:42.848037,0 days 00:00:09.736845,0.08694085285400963,96,352,288.0,96.0,4,0.00931779126015726,0.6,checkpoints/mlp_Pc_trial_2341_best_state.pt,"{'learning_rate': 0.00931779126015726, 'lr_reduce': 0.6}",TPESampler,COMPLETE
2342,0.07719264924526215,2025-04-25 19:37:34.881393,2025-04-25 19:37:45.331092,0 days 00:00:10.449699,0.03703830113607266,144,240,224.0,192.0,4,0.004460368379339002,0.6,checkpoints/mlp_Pc_trial_2342_best_state.pt,"{'learning_rate': 0.004460368379339002, 'lr_reduce': 0.6}",TPESampler,COMPLETE
2343,0.07765119522809982,2025-04-25 19:37:40.998809,2025-04-25 19:37:52.690504,0 days 00:00:11.691695,0.0057294604925496725,128,272,336.0,,3,0.00969493869394683,0.6,checkpoints/mlp_Pc_trial_2343_best_state.pt,"{'learning_rate': 0.00969493869394683, 'lr_reduce': 0.6}",TPESampler,COMPLETE
2344,0.0759749636054039,2025-04-25 19:37:43.397571,2025-04-25 19:38:02.582504,0 days 00:00:19.184933,0.0010940911784132479,496,304,256.0,,3,0.0007509718418501756,0.6,checkpoints/mlp_Pc_trial_2344_best_state.pt,"{'learning_rate': 0.0007509718418501756, 'lr_reduce': 0.6}",TPESampler,COMPLETE
2345,0.06962280720472336,2025-04-25 19:37:45.939671,2025-04-25 19:38:11.124152,0 days 00:00:25.184481,0.06033646452384156,176,496,304.0,144.0,4,0.000693734361287908,0.6,checkpoints/mlp_Pc_trial_2345_best_state.pt,"{'learning_rate': 0.000693734361287908, 'lr_reduce': 0.6}",TPESampler,COMPLETE
2346,0.07879601418972015,2025-04-25 19:37:53.074061,2025-04-25 19:38:06.538656,0 days 00:00:13.464595,0.02623832668622003,32,160,160.0,64.0,4,0.005205116403839241,0.6,checkpoints/mlp_Pc_trial_2346_best_state.pt,"{'learning_rate': 0.005205116403839241, 'lr_reduce': 0.6}",TPESampler,COMPLETE
2347,0.08043234795331955,2025-04-25 19:38:02.891527,2025-04-25 19:38:14.760457,0 days 00:00:11.868930,0.08397579111934429,336,480,352.0,112.0,4,0.0012518739204044568,0.6,checkpoints/mlp_Pc_trial_2347_best_state.pt,"{'learning_rate': 0.0012518739204044568, 'lr_reduce': 0.6}",TPESampler,COMPLETE
2348,0.0846894159913063,2025-04-25 19:38:06.855029,2025-04-25 19:38:14.706434,0 days 00:00:07.851405,0.002080283841121673,64,160,256.0,,3,0.009988198994240444,0.6,checkpoints/mlp_Pc_trial_2348_best_state.pt,"{'learning_rate': 0.009988198994240444, 'lr_reduce': 0.6}",TPESampler,COMPLETE
2349,0.08218785375356674,2025-04-25 19:38:11.465017,2025-04-25 19:38:21.649070,0 days 00:00:10.184053,0.014255682428534722,224,432,288.0,176.0,4,0.004244499774620313,0.6,checkpoints/mlp_Pc_trial_2349_best_state.pt,"{'learning_rate': 0.004244499774620313, 'lr_reduce': 0.6}",TPESampler,COMPLETE
2350,0.08287578821182251,2025-04-25 19:38:14.977643,2025-04-25 19:38:27.612771,0 days 00:00:12.635128,0.0021494768285706747,288,432,224.0,,3,0.005371597346576537,0.6,checkpoints/mlp_Pc_trial_2350_best_state.pt,"{'learning_rate': 0.005371597346576537, 'lr_reduce': 0.6}",TPESampler,COMPLETE
2351,0.1118427962064743,2025-04-25 19:38:15.066096,2025-04-25 19:38:31.365067,0 days 00:00:16.298971,0.15420869571792534,416,48,368.0,64.0,4,0.0004823165953976595,0.6,checkpoints/mlp_Pc_trial_2351_best_state.pt,"{'learning_rate': 0.0004823165953976595, 'lr_reduce': 0.6}",TPESampler,COMPLETE
2352,0.07569700479507446,2025-04-25 19:38:22.138613,2025-04-25 19:38:33.065036,0 days 00:00:10.926423,0.004102540779794774,32,288,304.0,112.0,4,0.004568143924377853,0.6,checkpoints/mlp_Pc_trial_2352_best_state.pt,"{'learning_rate': 0.004568143924377853, 'lr_reduce': 0.6}",TPESampler,COMPLETE
2353,0.07443375885486603,2025-04-25 19:38:27.955616,2025-04-25 19:38:40.192038,0 days 00:00:12.236422,0.05085319494620684,96,224,256.0,32.0,4,0.004591787032649907,0.6,checkpoints/mlp_Pc_trial_2353_best_state.pt,"{'learning_rate': 0.004591787032649907, 'lr_reduce': 0.6}",TPESampler,COMPLETE
2354,0.08394070714712143,2025-04-25 19:38:31.695395,2025-04-25 19:38:43.369148,0 days 00:00:11.673753,0.042332724555477826,32,224,192.0,,3,0.005895312959789464,0.6,checkpoints/mlp_Pc_trial_2354_best_state.pt,"{'learning_rate': 0.005895312959789464, 'lr_reduce': 0.6}",TPESampler,COMPLETE
2355,0.08429942280054092,2025-04-25 19:38:33.409382,2025-04-25 19:38:41.365483,0 days 00:00:07.956101,0.05612584018278056,112,224,384.0,144.0,4,0.005704745177734562,0.6,checkpoints/mlp_Pc_trial_2355_best_state.pt,"{'learning_rate': 0.005704745177734562, 'lr_reduce': 0.6}",TPESampler,COMPLETE
2356,0.082682766020298,2025-04-25 19:38:40.490036,2025-04-25 19:38:50.365626,0 days 00:00:09.875590,0.027699116984759152,304,512,336.0,80.0,4,0.002467114446385967,0.6,checkpoints/mlp_Pc_trial_2356_best_state.pt,"{'learning_rate': 0.002467114446385967, 'lr_reduce': 0.6}",TPESampler,COMPLETE
2357,0.09421330690383911,2025-04-25 19:38:41.724887,2025-04-25 19:38:51.885403,0 days 00:00:10.160516,0.046698861676474517,32,144,288.0,,3,0.0036535243031664668,0.6,checkpoints/mlp_Pc_trial_2357_best_state.pt,"{'learning_rate': 0.0036535243031664668, 'lr_reduce': 0.6}",TPESampler,COMPLETE
2358,0.1321088820695877,2025-04-25 19:38:43.793615,2025-04-25 19:38:56.773901,0 days 00:00:12.980286,0.22446361501088652,272,320,224.0,,3,0.0005249376133547409,0.6,checkpoints/mlp_Pc_trial_2358_best_state.pt,"{'learning_rate': 0.0005249376133547409, 'lr_reduce': 0.6}",TPESampler,COMPLETE
2359,0.08035645633935928,2025-04-25 19:38:50.667762,2025-04-25 19:38:59.245976,0 days 00:00:08.578214,0.043706246716847405,80,208,320.0,,3,0.008379119052776222,0.6,checkpoints/mlp_Pc_trial_2359_best_state.pt,"{'learning_rate': 0.008379119052776222, 'lr_reduce': 0.6}",TPESampler,COMPLETE
2360,0.07720654457807541,2025-04-25 19:38:52.260746,2025-04-25 19:39:01.426485,0 days 00:00:09.165739,0.018287247269349712,240,512,256.0,,3,0.008829413844063971,0.6,checkpoints/mlp_Pc_trial_2360_best_state.pt,"{'learning_rate': 0.008829413844063971, 'lr_reduce': 0.6}",TPESampler,COMPLETE
2361,0.09360139071941376,2025-04-25 19:38:57.140213,2025-04-25 19:39:09.103759,0 days 00:00:11.963546,0.0866349111451215,32,128,112.0,176.0,4,0.006147415160408322,0.6,checkpoints/mlp_Pc_trial_2361_best_state.pt,"{'learning_rate': 0.006147415160408322, 'lr_reduce': 0.6}",TPESampler,COMPLETE
2362,0.09654559940099716,2025-04-25 19:38:59.553562,2025-04-25 19:39:06.892956,0 days 00:00:07.339394,0.0052960331426265194,208,240,384.0,112.0,4,0.007497847185392858,0.6,checkpoints/mlp_Pc_trial_2362_best_state.pt,"{'learning_rate': 0.007497847185392858, 'lr_reduce': 0.6}",TPESampler,COMPLETE
2363,0.06619473546743393,2025-04-25 19:39:01.808333,2025-04-25 19:39:12.950786,0 days 00:00:11.142453,0.003592194000053131,32,192,288.0,64.0,4,0.00603291500478258,0.6,checkpoints/mlp_Pc_trial_2363_best_state.pt,"{'learning_rate': 0.00603291500478258, 'lr_reduce': 0.6}",TPESampler,COMPLETE
2364,0.08451910316944122,2025-04-25 19:39:07.205668,2025-04-25 19:39:21.549132,0 days 00:00:14.343464,0.05183150190130589,192,432,,,2,0.0017611232754858866,0.6,checkpoints/mlp_Pc_trial_2364_best_state.pt,"{'learning_rate': 0.0017611232754858866, 'lr_reduce': 0.6}",TPESampler,COMPLETE
2365,0.07910430431365967,2025-04-25 19:39:09.433553,2025-04-25 19:39:18.950075,0 days 00:00:09.516522,0.004424906842200385,128,288,240.0,144.0,4,0.0034484945597431193,0.6,checkpoints/mlp_Pc_trial_2365_best_state.pt,"{'learning_rate': 0.0034484945597431193, 'lr_reduce': 0.6}",TPESampler,COMPLETE
2366,0.15324696898460388,2025-04-25 19:39:13.271772,2025-04-25 19:39:30.453367,0 days 00:00:17.181595,0.22977197578919634,304,512,336.0,192.0,4,0.0005050895992360326,0.6,checkpoints/mlp_Pc_trial_2366_best_state.pt,"{'learning_rate': 0.0005050895992360326, 'lr_reduce': 0.6}",TPESampler,COMPLETE
2367,0.10773130506277084,2025-04-25 19:39:19.286880,2025-04-25 19:39:57.243587,0 days 00:00:37.956707,0.04353574423443894,288,304,192.0,80.0,4,0.00010507463913618918,0.6,checkpoints/mlp_Pc_trial_2367_best_state.pt,"{'learning_rate': 0.00010507463913618918, 'lr_reduce': 0.6}",TPESampler,COMPLETE
2368,0.07482961565256119,2025-04-25 19:39:21.974145,2025-04-25 19:39:34.564361,0 days 00:00:12.590216,0.04015345020428483,256,432,288.0,,3,0.0023706018042233532,0.6,checkpoints/mlp_Pc_trial_2368_best_state.pt,"{'learning_rate': 0.0023706018042233532, 'lr_reduce': 0.6}",TPESampler,COMPLETE
2369,0.07226154953241348,2025-04-25 19:39:30.787560,2025-04-25 19:39:41.815814,0 days 00:00:11.028254,0.04765450396214669,32,176,336.0,32.0,4,0.0060231217304328845,0.6,checkpoints/mlp_Pc_trial_2369_best_state.pt,"{'learning_rate': 0.0060231217304328845, 'lr_reduce': 0.6}",TPESampler,COMPLETE
2370,0.07487541437149048,2025-04-25 19:39:34.912962,2025-04-25 19:39:48.781420,0 days 00:00:13.868458,0.004352251138917657,192,432,240.0,112.0,4,0.0015493076959082772,0.6,checkpoints/mlp_Pc_trial_2370_best_state.pt,"{'learning_rate': 0.0015493076959082772, 'lr_reduce': 0.6}",TPESampler,COMPLETE
2371,0.20420055091381073,2025-04-25 19:39:42.157926,2025-04-25 19:40:17.646381,0 days 00:00:35.488455,0.16696618107181,176,448,288.0,192.0,4,0.0001098676275504354,0.6,checkpoints/mlp_Pc_trial_2371_best_state.pt,"{'learning_rate': 0.0001098676275504354, 'lr_reduce': 0.6}",TPESampler,COMPLETE
2372,0.16856230795383453,2025-04-25 19:39:49.114684,2025-04-25 19:41:01.388326,0 days 00:01:12.273642,0.012656521456940573,112,112,,,2,0.0001051892729657838,0.6,checkpoints/mlp_Pc_trial_2372_best_state.pt,"{'learning_rate': 0.0001051892729657838, 'lr_reduce': 0.6}",TPESampler,COMPLETE
2373,0.06705251336097717,2025-04-25 19:39:57.631091,2025-04-25 19:40:12.509463,0 days 00:00:14.878372,0.04086796190892059,48,368,384.0,,3,0.008942221587242961,0.6,checkpoints/mlp_Pc_trial_2373_best_state.pt,"{'learning_rate': 0.008942221587242961, 'lr_reduce': 0.6}",TPESampler,COMPLETE
2374,0.07489242404699326,2025-04-25 19:40:12.920820,2025-04-25 19:40:26.735274,0 days 00:00:13.814454,0.0016374067353054009,144,144,160.0,,3,0.003138357531969151,0.6,checkpoints/mlp_Pc_trial_2374_best_state.pt,"{'learning_rate': 0.003138357531969151, 'lr_reduce': 0.6}",TPESampler,COMPLETE
2375,0.07707960903644562,2025-04-25 19:40:17.986825,2025-04-25 19:40:27.496664,0 days 00:00:09.509839,0.07245775144013687,176,448,256.0,144.0,4,0.003230502895353879,0.6,checkpoints/mlp_Pc_trial_2375_best_state.pt,"{'learning_rate': 0.003230502895353879, 'lr_reduce': 0.6}",TPESampler,COMPLETE
2376,0.08361492305994034,2025-04-25 19:40:27.153139,2025-04-25 19:40:40.341045,0 days 00:00:13.187906,0.03748488464577089,128,160,320.0,480.0,4,0.009489128453459556,0.6,checkpoints/mlp_Pc_trial_2376_best_state.pt,"{'learning_rate': 0.009489128453459556, 'lr_reduce': 0.6}",TPESampler,COMPLETE
2377,0.06780186295509338,2025-04-25 19:40:27.833920,2025-04-25 19:40:40.075417,0 days 00:00:12.241497,0.0002756052496394046,192,512,208.0,80.0,4,0.001564306601142135,0.6,checkpoints/mlp_Pc_trial_2377_best_state.pt,"{'learning_rate': 0.001564306601142135, 'lr_reduce': 0.6}",TPESampler,COMPLETE
2378,0.07427582144737244,2025-04-25 19:40:40.422275,2025-04-25 19:40:53.807644,0 days 00:00:13.385369,0.042306815020615056,176,496,272.0,,3,0.0013377545479864947,0.6,checkpoints/mlp_Pc_trial_2378_best_state.pt,"{'learning_rate': 0.0013377545479864947, 'lr_reduce': 0.6}",TPESampler,COMPLETE
2379,0.09577926248311996,2025-04-25 19:40:40.696082,2025-04-25 19:40:54.288160,0 days 00:00:13.592078,0.05463172602016081,112,112,336.0,,3,0.004015602773608153,0.6,checkpoints/mlp_Pc_trial_2379_best_state.pt,"{'learning_rate': 0.004015602773608153, 'lr_reduce': 0.6}",TPESampler,COMPLETE
