number,value,datetime_start,datetime_complete,duration,params_L1_dropout,params_L1_hidden_dim,params_L1_layers_atom,params_L1_layers_mol,params_L1_out_dim,params_L2_dropout,params_L2_hidden_dim,params_L2_layers_atom,params_L2_layers_mol,params_L2_out_dim,params_L3_dropout,params_L3_hidden_dim,params_L3_layers_atom,params_L3_layers_mol,params_L3_out_dim,params_final_dropout,params_mlp_dim_0,params_mlp_dim_1,params_mlp_dim_2,params_n_mlp_layers,params_num_heads,params_train_learning_rate,params_train_lr_reduce,user_attrs_best_state_dict_path,user_attrs_training_params,system_attrs_auto:sampler,state
2304,0.10066745430231094,2025-04-26 05:51:44.523941,2025-04-26 05:52:58.419302,0 days 00:01:13.895361,0.1927989238651084,192,1,1,96,0.1663758219568166,80,4,1,96,0.2943827097030597,128,4,4,64,0.1695167711585595,432,224.0,352.0,3,1,0.0005839104769332213,0.6,/work3/arnaou/checkpoints/groupgat_Omega_trial_2304_best_state.pt,"{'learning_rate': 0.0005839104769332213, 'lr_reduce': 0.6}",TPESampler,COMPLETE
2305,0.07875798642635345,2025-04-26 05:52:07.701160,2025-04-26 05:53:48.345880,0 days 00:01:40.644720,0.06739794880845963,192,3,2,32,0.13911075765948272,256,4,2,32,0.20062094439604208,32,2,1,64,0.2638710140554067,408,312.0,384.0,3,2,0.00012804221141266678,0.6,/work3/arnaou/checkpoints/groupgat_Omega_trial_2305_best_state.pt,"{'learning_rate': 0.00012804221141266678, 'lr_reduce': 0.6}",TPESampler,COMPLETE
2306,0.06743994355201721,2025-04-26 05:52:21.389623,2025-04-26 05:53:43.837018,0 days 00:01:22.447395,0.1400981259168149,224,1,1,80,0.0356949468537851,208,4,2,128,0.22506377115800302,32,4,3,80,0.21024919940410783,368,160.0,328.0,3,2,0.001982808504514195,0.6,/work3/arnaou/checkpoints/groupgat_Omega_trial_2306_best_state.pt,"{'learning_rate': 0.001982808504514195, 'lr_reduce': 0.6}",TPESampler,COMPLETE
2307,0.05248824879527092,2025-04-26 05:52:58.677314,2025-04-26 05:54:15.109848,0 days 00:01:16.432534,0.06406566382443163,256,2,1,80,0.09078091458227028,256,4,1,112,0.08950113519295624,32,3,1,48,0.2780998779158685,408,208.0,280.0,3,2,0.00024055169786081336,0.6,/work3/arnaou/checkpoints/groupgat_Omega_trial_2307_best_state.pt,"{'learning_rate': 0.00024055169786081336, 'lr_reduce': 0.6}",TPESampler,COMPLETE
2308,0.11227292567491531,2025-04-26 05:53:44.345776,2025-04-26 05:55:09.267854,0 days 00:01:24.922078,0.14379382374652383,96,1,3,96,0.24366754597458334,240,2,4,64,0.16816698184906806,128,3,4,80,0.11621900743017635,32,472.0,,2,1,0.00016688301160650194,0.6,/work3/arnaou/checkpoints/groupgat_Omega_trial_2308_best_state.pt,"{'learning_rate': 0.00016688301160650194, 'lr_reduce': 0.6}",TPESampler,COMPLETE
2309,0.14752428233623505,2025-04-26 05:53:48.611593,2025-04-26 05:54:56.578124,0 days 00:01:07.966531,0.15337407243708548,240,2,2,112,0.21510674830246893,96,4,1,80,0.09891648568192105,48,1,1,64,0.05208464157704547,360,256.0,,2,1,0.00013215858136329372,0.6,/work3/arnaou/checkpoints/groupgat_Omega_trial_2309_best_state.pt,"{'learning_rate': 0.00013215858136329372, 'lr_reduce': 0.6}",TPESampler,COMPLETE
2310,0.09796726703643799,2025-04-26 05:54:15.319890,2025-04-26 05:55:15.558802,0 days 00:01:00.238912,0.27867333482917234,240,3,1,48,0.17848265553409465,112,1,4,32,0.22535855310237185,80,2,1,48,0.20059284235514627,192,112.0,,2,1,0.005484677215446542,0.6,/work3/arnaou/checkpoints/groupgat_Omega_trial_2310_best_state.pt,"{'learning_rate': 0.005484677215446542, 'lr_reduce': 0.6}",TPESampler,COMPLETE
2311,0.06915048509836197,2025-04-26 05:54:56.762158,2025-04-26 05:55:44.050793,0 days 00:00:47.288635,0.22964913396605524,192,1,1,96,0.19147917378776153,160,3,1,128,0.18565991908724278,96,4,4,96,0.2341146784480745,496,512.0,72.0,3,1,0.0013649467329511502,0.6,/work3/arnaou/checkpoints/groupgat_Omega_trial_2311_best_state.pt,"{'learning_rate': 0.0013649467329511502, 'lr_reduce': 0.6}",TPESampler,COMPLETE
2312,0.1979614645242691,2025-04-26 05:55:09.525297,2025-04-26 05:56:21.701575,0 days 00:01:12.176278,0.22515333454413244,256,3,4,32,0.266735356247493,64,4,1,128,0.20097563515689887,112,2,2,64,0.18146216035774188,40,368.0,,2,2,0.00018499979365119778,0.6,/work3/arnaou/checkpoints/groupgat_Omega_trial_2312_best_state.pt,"{'learning_rate': 0.00018499979365119778, 'lr_reduce': 0.6}",TPESampler,COMPLETE
2313,0.05846858024597168,2025-04-26 05:55:15.861857,2025-04-26 05:56:42.663382,0 days 00:01:26.801525,0.043794284337381306,256,3,1,48,0.15985508887523833,224,4,1,128,0.050393958530810384,48,3,2,80,0.28716195585853366,496,184.0,,2,2,0.0002666234765678794,0.6,/work3/arnaou/checkpoints/groupgat_Omega_trial_2313_best_state.pt,"{'learning_rate': 0.0002666234765678794, 'lr_reduce': 0.6}",TPESampler,COMPLETE
2314,0.07397838681936264,2025-04-26 05:55:44.393243,2025-04-26 05:57:12.844958,0 days 00:01:28.451715,0.18456231185092625,208,2,3,32,0.1844200230082809,240,4,2,48,0.29543831410163846,80,2,1,96,0.21072820984143192,192,280.0,344.0,3,2,0.00022945870261597783,0.6,/work3/arnaou/checkpoints/groupgat_Omega_trial_2314_best_state.pt,"{'learning_rate': 0.00022945870261597783, 'lr_reduce': 0.6}",TPESampler,COMPLETE
2315,0.05459607020020485,2025-04-26 05:56:22.015745,2025-04-26 05:57:39.926865,0 days 00:01:17.911120,0.0025046073530036912,256,2,1,112,0.117689508127818,208,3,2,64,0.11022627164062707,32,3,4,64,0.09437440855818163,496,152.0,208.0,3,2,0.0002080385746056415,0.6,/work3/arnaou/checkpoints/groupgat_Omega_trial_2315_best_state.pt,"{'learning_rate': 0.0002080385746056415, 'lr_reduce': 0.6}",TPESampler,COMPLETE
2316,0.07984054833650589,2025-04-26 05:56:42.995759,2025-04-26 05:57:44.999096,0 days 00:01:02.003337,0.11845804910188919,224,1,2,48,0.06512844690781273,80,3,1,96,0.09468847645512173,96,4,2,48,0.02673964756759968,480,,,1,1,0.0026816423581080867,0.6,/work3/arnaou/checkpoints/groupgat_Omega_trial_2316_best_state.pt,"{'learning_rate': 0.0026816423581080867, 'lr_reduce': 0.6}",TPESampler,COMPLETE
2317,0.05785023048520088,2025-04-26 05:57:13.166359,2025-04-26 05:58:08.692415,0 days 00:00:55.526056,0.010290220358687568,64,2,4,128,0.025398379116445463,176,1,1,128,0.1368813893366047,48,1,1,96,0.05342816038175098,448,,,1,2,0.000397253230472662,0.6,/work3/arnaou/checkpoints/groupgat_Omega_trial_2317_best_state.pt,"{'learning_rate': 0.000397253230472662, 'lr_reduce': 0.6}",TPESampler,COMPLETE
2318,0.07239699363708496,2025-04-26 05:57:40.182977,2025-04-26 05:58:47.983256,0 days 00:01:07.800279,0.21471573244306974,144,2,3,128,0.027406420632420853,80,3,4,128,0.26258967044718085,112,4,2,48,0.115020075229432,72,232.0,,2,2,0.0033098212963686255,0.6,/work3/arnaou/checkpoints/groupgat_Omega_trial_2318_best_state.pt,"{'learning_rate': 0.0033098212963686255, 'lr_reduce': 0.6}",TPESampler,COMPLETE
2319,0.058882422745227814,2025-04-26 05:57:45.294063,2025-04-26 05:59:05.589512,0 days 00:01:20.295449,0.13277888189361614,256,1,2,80,0.13931550478138996,256,3,2,112,0.2100368102461307,32,4,4,64,0.2736199602739813,392,424.0,312.0,3,2,0.00029792269651915447,0.6,/work3/arnaou/checkpoints/groupgat_Omega_trial_2319_best_state.pt,"{'learning_rate': 0.00029792269651915447, 'lr_reduce': 0.6}",TPESampler,COMPLETE
2320,0.17847926914691925,2025-04-26 05:58:08.877402,2025-04-26 05:59:48.873076,0 days 00:01:39.995674,0.2959231424044804,96,2,4,48,0.25530187713695873,240,4,2,64,0.29613922350166594,64,1,4,128,0.0995124081664676,368,,,1,2,0.009032384254641748,0.6,/work3/arnaou/checkpoints/groupgat_Omega_trial_2320_best_state.pt,"{'learning_rate': 0.009032384254641748, 'lr_reduce': 0.6}",TPESampler,COMPLETE
2321,0.08812687546014786,2025-04-26 05:58:48.274727,2025-04-26 05:59:51.572360,0 days 00:01:03.297633,0.11277686206451268,192,4,3,128,0.09053526215690474,256,3,4,32,0.1869828921900804,128,1,2,64,0.2056034943978018,168,88.0,376.0,3,1,0.005932711838191117,0.6,/work3/arnaou/checkpoints/groupgat_Omega_trial_2321_best_state.pt,"{'learning_rate': 0.005932711838191117, 'lr_reduce': 0.6}",TPESampler,COMPLETE
2322,0.08565901219844818,2025-04-26 05:59:05.779003,2025-04-26 05:59:58.459895,0 days 00:00:52.680892,0.15628099321896632,224,4,4,32,0.04339678575168904,112,1,4,64,0.06886493471720807,80,2,3,48,0.23039014047742618,312,200.0,128.0,3,1,0.008603685396935094,0.6,/work3/arnaou/checkpoints/groupgat_Omega_trial_2322_best_state.pt,"{'learning_rate': 0.008603685396935094, 'lr_reduce': 0.6}",TPESampler,COMPLETE
2323,0.07579616457223892,2025-04-26 05:59:49.107228,2025-04-26 06:00:42.987090,0 days 00:00:53.879862,0.07609551800183452,128,1,2,112,0.04363682673288795,224,2,1,112,0.07781267617062634,128,1,2,64,0.17874129772225017,392,64.0,256.0,3,2,0.0070615367588845864,0.6,/work3/arnaou/checkpoints/groupgat_Omega_trial_2323_best_state.pt,"{'learning_rate': 0.0070615367588845864, 'lr_reduce': 0.6}",TPESampler,COMPLETE
2324,0.06924408674240112,2025-04-26 05:59:51.780313,2025-04-26 06:00:43.531783,0 days 00:00:51.751470,0.19965227189164766,176,1,2,80,0.23473188479483742,80,4,2,64,0.2542756074863888,48,1,1,96,0.03912025606733989,232,136.0,,2,2,0.006010197021316737,0.6,/work3/arnaou/checkpoints/groupgat_Omega_trial_2324_best_state.pt,"{'learning_rate': 0.006010197021316737, 'lr_reduce': 0.6}",TPESampler,COMPLETE
2325,0.06375432759523392,2025-04-26 05:59:58.715399,2025-04-26 06:00:54.595479,0 days 00:00:55.880080,0.01881871727451696,176,1,2,48,0.08073534898597312,160,4,2,128,0.2950494467272734,48,4,1,80,0.1260804871136383,512,456.0,424.0,3,1,0.0007486010952431778,0.6,/work3/arnaou/checkpoints/groupgat_Omega_trial_2325_best_state.pt,"{'learning_rate': 0.0007486010952431778, 'lr_reduce': 0.6}",TPESampler,COMPLETE
2326,0.06617585569620132,2025-04-26 06:00:43.204496,2025-04-26 06:02:08.483344,0 days 00:01:25.278848,0.02848387889768128,160,4,4,96,0.010272713293150132,192,1,3,112,0.14170247420533116,64,3,3,32,0.11079209668945703,320,240.0,312.0,3,2,0.00018400323228882107,0.6,/work3/arnaou/checkpoints/groupgat_Omega_trial_2326_best_state.pt,"{'learning_rate': 0.00018400323228882107, 'lr_reduce': 0.6}",TPESampler,COMPLETE
2327,0.10039965063333511,2025-04-26 06:00:43.800446,2025-04-26 06:01:55.688093,0 days 00:01:11.887647,0.09014872348968879,240,1,1,48,0.2032017794441321,208,4,1,80,0.2970067362930431,80,1,1,80,0.17291066091576868,488,312.0,,2,1,0.00012700181891103416,0.6,/work3/arnaou/checkpoints/groupgat_Omega_trial_2327_best_state.pt,"{'learning_rate': 0.00012700181891103416, 'lr_reduce': 0.6}",TPESampler,COMPLETE
2328,0.05571059510111809,2025-04-26 06:00:54.926985,2025-04-26 06:02:02.744166,0 days 00:01:07.817181,0.009692182272759819,256,1,2,80,0.10338797987959748,144,4,2,96,0.20525038824648995,48,4,4,80,0.28323396981081,504,176.0,360.0,3,2,0.000952315731138239,0.6,/work3/arnaou/checkpoints/groupgat_Omega_trial_2328_best_state.pt,"{'learning_rate': 0.000952315731138239, 'lr_reduce': 0.6}",TPESampler,COMPLETE
2329,0.08876019716262817,2025-04-26 06:01:55.884149,2025-04-26 06:03:48.251549,0 days 00:01:52.367400,0.14957908186087518,240,2,1,112,0.15763572701876954,144,4,1,80,0.08007821290610861,48,4,3,80,0.2481301433252618,344,280.0,280.0,3,2,0.0001998086494793189,0.6,/work3/arnaou/checkpoints/groupgat_Omega_trial_2329_best_state.pt,"{'learning_rate': 0.0001998086494793189, 'lr_reduce': 0.6}",TPESampler,COMPLETE
2330,0.05615007132291794,2025-04-26 06:02:03.079768,2025-04-26 06:03:00.204711,0 days 00:00:57.124943,0.01108644441526528,256,1,2,48,0.15004267158214402,176,4,3,64,0.23721791426298308,48,3,3,64,0.19596591660108034,440,104.0,320.0,3,2,0.0009737903008960884,0.6,/work3/arnaou/checkpoints/groupgat_Omega_trial_2330_best_state.pt,"{'learning_rate': 0.0009737903008960884, 'lr_reduce': 0.6}",TPESampler,COMPLETE
2331,0.10147897899150848,2025-04-26 06:02:08.877958,2025-04-26 06:03:48.197789,0 days 00:01:39.319831,0.21699042608546662,64,2,4,128,0.01925313121492378,256,3,3,64,0.23445418060783177,32,4,4,64,0.2974226461913888,496,400.0,384.0,3,2,0.0056063401812165,0.6,/work3/arnaou/checkpoints/groupgat_Omega_trial_2331_best_state.pt,"{'learning_rate': 0.0056063401812165, 'lr_reduce': 0.6}",TPESampler,COMPLETE
2332,0.0672931894659996,2025-04-26 06:03:00.448662,2025-04-26 06:04:08.012863,0 days 00:01:07.564201,0.03807737541993708,80,1,2,96,0.09855232218906657,192,1,4,96,0.11553458122558878,80,3,4,96,0.15972280398511282,248,208.0,344.0,3,1,0.0005309136778955967,0.6,/work3/arnaou/checkpoints/groupgat_Omega_trial_2332_best_state.pt,"{'learning_rate': 0.0005309136778955967, 'lr_reduce': 0.6}",TPESampler,COMPLETE
2333,0.11982009559869766,2025-04-26 06:03:48.391169,2025-04-26 06:04:40.280221,0 days 00:00:51.889052,0.28382882028298995,224,1,1,80,0.25013098704048514,256,2,4,64,0.0607355108548774,96,3,4,64,0.03961052971441077,32,472.0,256.0,3,2,0.002143886029278668,0.6,/work3/arnaou/checkpoints/groupgat_Omega_trial_2333_best_state.pt,"{'learning_rate': 0.002143886029278668, 'lr_reduce': 0.6}",TPESampler,COMPLETE
2334,0.056125205010175705,2025-04-26 06:03:48.444355,2025-04-26 06:05:16.903818,0 days 00:01:28.459463,0.0784099291629414,240,1,2,96,0.1150454263931158,160,4,2,96,0.2812205705032417,80,4,4,64,0.19298688365419067,464,480.0,264.0,3,2,0.00034471876384720623,0.6,/work3/arnaou/checkpoints/groupgat_Omega_trial_2334_best_state.pt,"{'learning_rate': 0.00034471876384720623, 'lr_reduce': 0.6}",TPESampler,COMPLETE
2335,0.056997351348400116,2025-04-26 06:04:08.272644,2025-04-26 06:05:16.175261,0 days 00:01:07.902617,0.03793246054731634,256,1,3,112,0.07505102526252636,160,4,3,64,0.1415013280685546,32,4,3,80,0.19835045785482275,504,144.0,312.0,3,2,0.0016422863107578539,0.6,/work3/arnaou/checkpoints/groupgat_Omega_trial_2335_best_state.pt,"{'learning_rate': 0.0016422863107578539, 'lr_reduce': 0.6}",TPESampler,COMPLETE
2336,0.08771661669015884,2025-04-26 06:04:40.505983,2025-04-26 06:05:32.271071,0 days 00:00:51.765088,0.27840822994624304,208,1,4,48,0.08309217096255293,160,1,2,112,0.14417605466419006,64,1,3,96,0.035020499117021014,312,248.0,,2,1,0.0073297650316583645,0.6,/work3/arnaou/checkpoints/groupgat_Omega_trial_2336_best_state.pt,"{'learning_rate': 0.0073297650316583645, 'lr_reduce': 0.6}",TPESampler,COMPLETE
2337,0.06461017578840256,2025-04-26 06:05:16.415869,2025-04-26 06:06:10.201459,0 days 00:00:53.785590,0.07957504063583651,96,1,1,48,0.17965532635390996,96,1,1,64,0.11066983692557611,128,1,1,64,0.09159531714627586,480,352.0,,2,1,0.0007560008489030461,0.6,/work3/arnaou/checkpoints/groupgat_Omega_trial_2337_best_state.pt,"{'learning_rate': 0.0007560008489030461, 'lr_reduce': 0.6}",TPESampler,COMPLETE
2338,0.05541412904858589,2025-04-26 06:05:17.120836,2025-04-26 06:06:42.456697,0 days 00:01:25.335861,0.06048303554603537,192,1,1,32,0.03245557078663956,112,3,2,128,0.17078897358738523,64,4,2,48,0.06909957399932073,464,,,1,2,0.0008355423071346253,0.6,/work3/arnaou/checkpoints/groupgat_Omega_trial_2338_best_state.pt,"{'learning_rate': 0.0008355423071346253, 'lr_reduce': 0.6}",TPESampler,COMPLETE
2339,0.06812939792871475,2025-04-26 06:05:32.476802,2025-04-26 06:07:03.775804,0 days 00:01:31.299002,0.04593057346337459,256,2,3,32,0.015646301972133278,256,4,1,96,0.14506957814119845,48,1,1,48,0.2384488661164606,360,184.0,392.0,3,2,0.0003974866894537372,0.6,/work3/arnaou/checkpoints/groupgat_Omega_trial_2339_best_state.pt,"{'learning_rate': 0.0003974866894537372, 'lr_reduce': 0.6}",TPESampler,COMPLETE
2340,0.07319072633981705,2025-04-26 06:06:10.536967,2025-04-26 06:07:11.692223,0 days 00:01:01.155256,0.10128409850930092,160,2,2,128,0.05918258806272267,240,1,4,128,0.22881145806628025,128,4,4,48,0.25053746750388556,464,56.0,,2,1,0.0010277051695184631,0.6,/work3/arnaou/checkpoints/groupgat_Omega_trial_2340_best_state.pt,"{'learning_rate': 0.0010277051695184631, 'lr_reduce': 0.6}",TPESampler,COMPLETE
2341,0.06226152181625366,2025-04-26 06:06:42.748294,2025-04-26 06:08:03.458935,0 days 00:01:20.710641,0.22500775010573856,208,2,2,48,0.12129268570633049,240,4,4,96,0.035492726163831964,96,3,4,128,0.2997559907169958,264,32.0,344.0,3,2,0.0047133070840765096,0.6,/work3/arnaou/checkpoints/groupgat_Omega_trial_2341_best_state.pt,"{'learning_rate': 0.0047133070840765096, 'lr_reduce': 0.6}",TPESampler,COMPLETE
2342,0.0527225136756897,2025-04-26 06:07:03.978416,2025-04-26 06:08:14.405356,0 days 00:01:10.426940,0.10437180188656298,240,1,2,80,0.1500253425490728,176,3,2,32,0.14105272071048455,48,2,3,96,0.26301676684509717,464,224.0,304.0,3,2,0.0010947021867860015,0.6,/work3/arnaou/checkpoints/groupgat_Omega_trial_2342_best_state.pt,"{'learning_rate': 0.0010947021867860015, 'lr_reduce': 0.6}",TPESampler,COMPLETE
2343,0.06992809474468231,2025-04-26 06:07:11.949626,2025-04-26 06:08:22.646355,0 days 00:01:10.696729,0.2390210519215722,208,4,1,96,0.12984262283722672,64,4,2,32,0.207400903406481,80,2,1,128,0.058402525846492526,376,128.0,360.0,3,2,0.005864715301615036,0.6,/work3/arnaou/checkpoints/groupgat_Omega_trial_2343_best_state.pt,"{'learning_rate': 0.005864715301615036, 'lr_reduce': 0.6}",TPESampler,COMPLETE
2344,0.0849323645234108,2025-04-26 06:08:03.715442,2025-04-26 06:09:30.852095,0 days 00:01:27.136653,0.11570873752352698,112,2,4,96,0.14742155697624731,256,1,3,64,0.22084678826900356,96,1,3,32,0.18970297897659139,216,,,1,2,0.0002211627876289261,0.6,/work3/arnaou/checkpoints/groupgat_Omega_trial_2344_best_state.pt,"{'learning_rate': 0.0002211627876289261, 'lr_reduce': 0.6}",TPESampler,COMPLETE
2345,0.07781215757131577,2025-04-26 06:08:14.642842,2025-04-26 06:10:10.634309,0 days 00:01:55.991467,0.10651968167231499,256,4,4,64,0.08716316851642429,176,4,2,112,0.19898306682319417,96,2,2,64,0.13083829828274626,48,272.0,,2,2,0.00010719118247802376,0.6,/work3/arnaou/checkpoints/groupgat_Omega_trial_2345_best_state.pt,"{'learning_rate': 0.00010719118247802376, 'lr_reduce': 0.6}",TPESampler,COMPLETE
2346,0.05390700697898865,2025-04-26 06:08:22.986626,2025-04-26 06:09:57.905237,0 days 00:01:34.918611,0.02911605363969353,240,1,2,80,0.08652718097206903,208,4,1,80,0.03189022006766052,32,4,2,80,0.2736099799749439,256,424.0,448.0,3,2,0.0003195355983379102,0.6,/work3/arnaou/checkpoints/groupgat_Omega_trial_2346_best_state.pt,"{'learning_rate': 0.0003195355983379102, 'lr_reduce': 0.6}",TPESampler,COMPLETE
2347,0.06258732825517654,2025-04-26 06:09:31.031886,2025-04-26 06:10:41.789265,0 days 00:01:10.757379,0.19137713721430893,224,1,4,64,0.18715945118149996,64,3,2,64,0.2983693550078814,128,4,1,112,0.25608076669433394,128,96.0,,2,1,0.0014648612842437408,0.6,/work3/arnaou/checkpoints/groupgat_Omega_trial_2347_best_state.pt,"{'learning_rate': 0.0014648612842437408, 'lr_reduce': 0.6}",TPESampler,COMPLETE
2348,0.051607146859169006,2025-04-26 06:09:58.116620,2025-04-26 06:11:07.408866,0 days 00:01:09.292246,0.02184476731473886,256,2,1,48,0.24862618843218343,208,3,1,128,0.28998240120725255,32,1,3,80,0.2943636168429656,280,200.0,72.0,3,2,0.00046652064420583033,0.6,/work3/arnaou/checkpoints/groupgat_Omega_trial_2348_best_state.pt,"{'learning_rate': 0.00046652064420583033, 'lr_reduce': 0.6}",TPESampler,COMPLETE
2349,0.05578548461198807,2025-04-26 06:10:10.826241,2025-04-26 06:11:07.434179,0 days 00:00:56.607938,0.003472674097294029,192,1,2,64,0.10528172113146124,224,3,1,128,0.1857733498152539,48,1,1,112,0.27615337108759863,488,160.0,200.0,3,1,0.0005195567605416003,0.6,/work3/arnaou/checkpoints/groupgat_Omega_trial_2349_best_state.pt,"{'learning_rate': 0.0005195567605416003, 'lr_reduce': 0.6}",TPESampler,COMPLETE
2350,0.05678865686058998,2025-04-26 06:10:42.037786,2025-04-26 06:12:07.272392,0 days 00:01:25.234606,0.029745767040820624,240,1,2,80,0.16813852756345007,160,4,2,96,0.2787551911962017,80,4,3,64,0.265488253405938,416,240.0,296.0,3,2,0.0006840902124602681,0.6,/work3/arnaou/checkpoints/groupgat_Omega_trial_2350_best_state.pt,"{'learning_rate': 0.0006840902124602681, 'lr_reduce': 0.6}",TPESampler,COMPLETE
2351,0.054210975766181946,2025-04-26 06:11:07.546844,2025-04-26 06:12:18.356964,0 days 00:01:10.810120,0.00846066350778542,208,1,1,32,0.1438364540468749,240,4,1,128,0.2786518608349941,112,2,2,64,0.21526050087317236,488,304.0,408.0,3,2,0.00045931329253272546,0.6,/work3/arnaou/checkpoints/groupgat_Omega_trial_2351_best_state.pt,"{'learning_rate': 0.00045931329253272546, 'lr_reduce': 0.6}",TPESampler,COMPLETE
2352,0.05264847353100777,2025-04-26 06:11:07.595916,2025-04-26 06:12:30.921208,0 days 00:01:23.325292,0.06886573240857592,160,1,1,96,0.1058731203358891,208,2,3,48,0.26955798433482586,48,4,3,80,0.06442885444756444,264,80.0,,2,2,0.0005501154936503083,0.6,/work3/arnaou/checkpoints/groupgat_Omega_trial_2352_best_state.pt,"{'learning_rate': 0.0005501154936503083, 'lr_reduce': 0.6}",TPESampler,COMPLETE
2353,0.06210075691342354,2025-04-26 06:12:07.512320,2025-04-26 06:13:14.681079,0 days 00:01:07.168759,0.14173599869891454,224,1,1,96,0.18606870625951846,208,4,1,128,0.20727671339825407,64,4,2,32,0.2224498547987759,464,448.0,344.0,3,2,0.0008667366693295828,0.6,/work3/arnaou/checkpoints/groupgat_Omega_trial_2353_best_state.pt,"{'learning_rate': 0.0008667366693295828, 'lr_reduce': 0.6}",TPESampler,COMPLETE
2354,0.07303179055452347,2025-04-26 06:12:18.657319,2025-04-26 06:13:29.827422,0 days 00:01:11.170103,0.11583824633687782,160,2,2,32,0.0818907529657181,160,4,2,48,0.2867297694217204,32,2,2,96,0.23474458950874555,496,176.0,,2,2,0.00026539376383579415,0.6,/work3/arnaou/checkpoints/groupgat_Omega_trial_2354_best_state.pt,"{'learning_rate': 0.00026539376383579415, 'lr_reduce': 0.6}",TPESampler,COMPLETE
2355,0.06361342966556549,2025-04-26 06:12:31.171139,2025-04-26 06:13:45.353807,0 days 00:01:14.182668,0.0634699052049031,160,4,4,80,0.18791445054624034,96,1,1,64,0.018034631196656742,80,3,1,112,0.2881660602823786,80,240.0,,2,2,0.00941566936530284,0.6,/work3/arnaou/checkpoints/groupgat_Omega_trial_2355_best_state.pt,"{'learning_rate': 0.00941566936530284, 'lr_reduce': 0.6}",TPESampler,COMPLETE
