number,value,datetime_start,datetime_complete,duration,params_L1_dropout,params_L1_hidden_dim,params_L1_layers_atom,params_L1_layers_mol,params_L1_out_dim,params_L2_dropout,params_L2_hidden_dim,params_L2_layers_atom,params_L2_layers_mol,params_L2_out_dim,params_L3_dropout,params_L3_hidden_dim,params_L3_layers_atom,params_L3_layers_mol,params_L3_out_dim,params_final_dropout,params_mlp_dim_0,params_mlp_dim_1,params_mlp_dim_2,params_n_mlp_layers,params_num_heads,params_train_learning_rate,params_train_lr_reduce,user_attrs_best_state_dict_path,user_attrs_training_params,system_attrs_auto:sampler,state
581,0.060337502509355545,2025-04-25 17:58:21.294949,2025-04-25 17:59:39.824832,0 days 00:01:18.529883,0.015890315943229462,224,1,2,48,0.009614520282513504,96,2,3,80,0.15463224634087136,32,4,3,128,0.11481064211294432,360,,,1,1,0.00026168655549538647,0.6,/work3/arnaou/checkpoints/groupgat_Omega_trial_581_best_state.pt,"{'learning_rate': 0.00026168655549538647, 'lr_reduce': 0.6}",TPESampler,COMPLETE
582,0.05823526158928871,2025-04-25 17:59:23.817103,2025-04-25 18:00:31.413350,0 days 00:01:07.596247,0.045431024977338294,256,1,1,48,0.02931076673868677,96,4,2,112,0.14128574656966117,48,4,1,112,0.16276232994569168,360,,,1,2,0.0003944499917971619,0.6,/work3/arnaou/checkpoints/groupgat_Omega_trial_582_best_state.pt,"{'learning_rate': 0.0003944499917971619, 'lr_reduce': 0.6}",TPESampler,COMPLETE
583,0.058454468846321106,2025-04-25 17:59:40.057935,2025-04-25 18:00:58.570375,0 days 00:01:18.512440,0.0005310513275743681,176,1,1,32,0.10903684540845052,176,4,1,80,0.18135140225972873,32,2,1,112,0.10140814660237837,496,296.0,96.0,3,2,0.00038056548774891995,0.6,/work3/arnaou/checkpoints/groupgat_Omega_trial_583_best_state.pt,"{'learning_rate': 0.00038056548774891995, 'lr_reduce': 0.6}",TPESampler,COMPLETE
584,0.06158480420708656,2025-04-25 17:59:49.815826,2025-04-25 18:00:56.726020,0 days 00:01:06.910194,0.00717429671548282,128,1,1,48,0.008269329204470557,160,3,2,112,0.05684943645711658,32,4,4,64,0.015553420802100986,312,,,1,2,0.0019498296486999164,0.6,/work3/arnaou/checkpoints/groupgat_Omega_trial_584_best_state.pt,"{'learning_rate': 0.0019498296486999164, 'lr_reduce': 0.6}",TPESampler,COMPLETE
585,0.06433916091918945,2025-04-25 18:00:31.610589,2025-04-25 18:01:36.906259,0 days 00:01:05.295670,0.033275251163347896,96,1,1,32,0.09616022302713077,80,3,1,128,0.16174660412814268,48,2,2,128,0.02229384980743273,512,,,1,2,0.0003508370400411425,0.6,/work3/arnaou/checkpoints/groupgat_Omega_trial_585_best_state.pt,"{'learning_rate': 0.0003508370400411425, 'lr_reduce': 0.6}",TPESampler,COMPLETE
586,0.06234847381711006,2025-04-25 18:00:56.948105,2025-04-25 18:02:03.740124,0 days 00:01:06.792019,0.05066801348023292,224,1,2,48,0.14311417619463537,176,2,1,112,0.2971942869782335,80,4,4,112,0.2178126348756149,432,248.0,,2,2,0.0006601605129831014,0.6,/work3/arnaou/checkpoints/groupgat_Omega_trial_586_best_state.pt,"{'learning_rate': 0.0006601605129831014, 'lr_reduce': 0.6}",TPESampler,COMPLETE
587,0.06177913397550583,2025-04-25 18:00:58.968920,2025-04-25 18:01:45.106236,0 days 00:00:46.137316,0.0017803158884979048,240,1,1,64,0.02856621644947887,112,4,2,80,0.2653899577997387,48,3,1,128,0.18285841362261662,432,352.0,168.0,3,1,0.0024699518162765374,0.6,/work3/arnaou/checkpoints/groupgat_Omega_trial_587_best_state.pt,"{'learning_rate': 0.0024699518162765374, 'lr_reduce': 0.6}",TPESampler,COMPLETE
588,0.05645475909113884,2025-04-25 18:01:37.131805,2025-04-25 18:02:41.725230,0 days 00:01:04.593425,0.0882072377721513,176,1,1,64,0.06942617798087343,192,2,1,128,0.1801869828931169,32,3,3,128,0.27868976538060264,464,408.0,80.0,3,2,0.0004988392539611506,0.6,/work3/arnaou/checkpoints/groupgat_Omega_trial_588_best_state.pt,"{'learning_rate': 0.0004988392539611506, 'lr_reduce': 0.6}",TPESampler,COMPLETE
589,0.057467807084321976,2025-04-25 18:01:45.342880,2025-04-25 18:03:10.585210,0 days 00:01:25.242330,0.014727258701682407,224,2,4,32,0.17790124793318313,96,1,2,112,0.06278461389575106,80,4,1,128,0.15200083092585684,496,272.0,120.0,3,2,0.000706230045010071,0.6,/work3/arnaou/checkpoints/groupgat_Omega_trial_589_best_state.pt,"{'learning_rate': 0.000706230045010071, 'lr_reduce': 0.6}",TPESampler,COMPLETE
590,0.0589730478823185,2025-04-25 18:02:03.972819,2025-04-25 18:03:17.631965,0 days 00:01:13.659146,0.027510900795959775,224,1,2,32,0.01966520677176902,128,2,3,96,0.13372828852637364,48,4,1,128,0.021846240534236082,488,312.0,,2,2,0.00035985423249149394,0.6,/work3/arnaou/checkpoints/groupgat_Omega_trial_590_best_state.pt,"{'learning_rate': 0.00035985423249149394, 'lr_reduce': 0.6}",TPESampler,COMPLETE
591,0.06081123650074005,2025-04-25 18:02:41.971263,2025-04-25 18:03:46.089996,0 days 00:01:04.118733,0.0024143016831816543,208,1,1,64,0.037723192224487924,160,3,2,96,0.12630357175345305,48,4,3,80,0.04297081764634483,472,,,1,2,0.0006228911853003921,0.6,/work3/arnaou/checkpoints/groupgat_Omega_trial_591_best_state.pt,"{'learning_rate': 0.0006228911853003921, 'lr_reduce': 0.6}",TPESampler,COMPLETE
592,0.06677939742803574,2025-04-25 18:03:10.792610,2025-04-25 18:04:08.614016,0 days 00:00:57.821406,0.06907877255701057,224,2,1,32,0.13228801574375562,176,2,2,80,0.2793947563461017,48,2,4,96,0.27197618522925887,512,80.0,280.0,3,2,0.0007735302215817107,0.6,/work3/arnaou/checkpoints/groupgat_Omega_trial_592_best_state.pt,"{'learning_rate': 0.0007735302215817107, 'lr_reduce': 0.6}",TPESampler,COMPLETE
593,0.056712064892053604,2025-04-25 18:03:17.795191,2025-04-25 18:04:32.011933,0 days 00:01:14.216742,0.0526414071821913,240,1,1,32,0.09211604106325166,112,3,1,64,0.14150398804939826,32,4,2,128,0.11358223759430758,376,,,1,2,0.0005770270264173652,0.6,/work3/arnaou/checkpoints/groupgat_Omega_trial_593_best_state.pt,"{'learning_rate': 0.0005770270264173652, 'lr_reduce': 0.6}",TPESampler,COMPLETE
594,0.05935899540781975,2025-04-25 18:03:46.352867,2025-04-25 18:05:19.149719,0 days 00:01:32.796852,0.012044286095929916,256,1,1,80,0.1054612321942134,128,3,1,112,0.2943558411618518,64,3,4,112,0.1413628484015616,472,224.0,,2,2,0.00013312304527803907,0.6,/work3/arnaou/checkpoints/groupgat_Omega_trial_594_best_state.pt,"{'learning_rate': 0.00013312304527803907, 'lr_reduce': 0.6}",TPESampler,COMPLETE
595,0.06152405962347984,2025-04-25 18:04:08.804315,2025-04-25 18:05:22.815420,0 days 00:01:14.011105,0.04744354040097474,176,1,1,32,0.14178279176517844,112,4,1,96,0.25363605799994454,64,3,1,112,0.15292727179782892,512,176.0,80.0,3,2,0.001631633869366852,0.6,/work3/arnaou/checkpoints/groupgat_Omega_trial_595_best_state.pt,"{'learning_rate': 0.001631633869366852, 'lr_reduce': 0.6}",TPESampler,COMPLETE
596,0.06432845443487167,2025-04-25 18:04:32.207704,2025-04-25 18:05:33.231807,0 days 00:01:01.024103,0.13222959880558358,144,1,2,32,0.21042527439436415,128,2,1,128,0.25035680393878335,48,3,4,128,0.27758814198938153,488,320.0,208.0,3,2,0.000919412949475,0.6,/work3/arnaou/checkpoints/groupgat_Omega_trial_596_best_state.pt,"{'learning_rate': 0.000919412949475, 'lr_reduce': 0.6}",TPESampler,COMPLETE
597,0.06348029524087906,2025-04-25 18:05:19.386139,2025-04-25 18:06:48.711519,0 days 00:01:29.325380,0.07283425787691708,176,1,2,32,0.009400282428251094,192,4,4,128,0.027823560065488376,32,4,3,112,0.058079940058448645,480,,,1,2,0.0008175097117517673,0.6,/work3/arnaou/checkpoints/groupgat_Omega_trial_597_best_state.pt,"{'learning_rate': 0.0008175097117517673, 'lr_reduce': 0.6}",TPESampler,COMPLETE
598,0.06068536266684532,2025-04-25 18:05:23.025272,2025-04-25 18:06:41.179469,0 days 00:01:18.154197,0.07010668209695917,224,2,2,48,0.26017564077103583,192,4,1,128,0.20156413385909244,64,1,3,80,0.09938105101231476,504,32.0,392.0,3,2,0.0014433179402940086,0.6,/work3/arnaou/checkpoints/groupgat_Omega_trial_598_best_state.pt,"{'learning_rate': 0.0014433179402940086, 'lr_reduce': 0.6}",TPESampler,COMPLETE
599,0.060351889580488205,2025-04-25 18:05:33.390158,2025-04-25 18:07:18.052918,0 days 00:01:44.662760,0.14205744210264026,192,2,2,32,0.03714602936714116,160,4,4,80,0.24734993813590528,32,2,3,96,0.2625664574172864,384,264.0,,2,2,0.0002546774311148385,0.6,/work3/arnaou/checkpoints/groupgat_Omega_trial_599_best_state.pt,"{'learning_rate': 0.0002546774311148385, 'lr_reduce': 0.6}",TPESampler,COMPLETE
600,0.13704630732536316,2025-04-25 18:06:41.347556,2025-04-25 18:07:02.131110,0 days 00:00:20.783554,0.041141204107108906,192,1,2,48,0.028478079475695778,144,4,2,80,0.19997606673107082,48,2,1,128,0.14011995287239043,336,416.0,144.0,3,1,0.002251840423397943,0.6,/work3/arnaou/checkpoints/groupgat_Omega_trial_600_best_state.pt,"{'learning_rate': 0.002251840423397943, 'lr_reduce': 0.6}",TPESampler,COMPLETE
601,0.05396481975913048,2025-04-25 18:06:48.964836,2025-04-25 18:08:06.058255,0 days 00:01:17.093419,0.11302621005843128,144,3,2,48,0.1748620907218268,208,4,3,64,0.2886528911596182,32,3,2,80,0.16216629804180255,352,128.0,32.0,3,2,0.0006231393192439813,0.6,/work3/arnaou/checkpoints/groupgat_Omega_trial_601_best_state.pt,"{'learning_rate': 0.0006231393192439813, 'lr_reduce': 0.6}",TPESampler,COMPLETE
602,0.05251901224255562,2025-04-25 18:07:02.307950,2025-04-25 18:08:25.230017,0 days 00:01:22.922067,0.11180236507764832,144,2,2,32,0.09514995172209662,208,3,3,32,0.2985370019805128,48,4,1,80,0.2878981360252132,384,360.0,80.0,3,2,0.0005070987969463134,0.6,/work3/arnaou/checkpoints/groupgat_Omega_trial_602_best_state.pt,"{'learning_rate': 0.0005070987969463134, 'lr_reduce': 0.6}",TPESampler,COMPLETE
603,0.06230725347995758,2025-04-25 18:07:18.224101,2025-04-25 18:08:51.252924,0 days 00:01:33.028823,0.09911542718947458,192,3,1,48,0.06735735604482679,176,4,1,48,0.28983889836336774,32,1,2,112,0.22982271523846845,480,216.0,312.0,3,2,0.0003406765637165559,0.6,/work3/arnaou/checkpoints/groupgat_Omega_trial_603_best_state.pt,"{'learning_rate': 0.0003406765637165559, 'lr_reduce': 0.6}",TPESampler,COMPLETE
604,0.07160217314958572,2025-04-25 18:08:06.318163,2025-04-25 18:09:13.961663,0 days 00:01:07.643500,0.06165913789766973,224,2,1,48,0.012573586116787536,144,4,3,112,0.17419466678408094,128,4,2,48,0.12266222115771803,472,88.0,,2,1,0.0007094753450327559,0.6,/work3/arnaou/checkpoints/groupgat_Omega_trial_604_best_state.pt,"{'learning_rate': 0.0007094753450327559, 'lr_reduce': 0.6}",TPESampler,COMPLETE
605,0.05754787474870682,2025-04-25 18:08:25.427141,2025-04-25 18:09:51.698721,0 days 00:01:26.271580,0.047863206106142815,224,2,2,32,0.12166431761410737,144,3,1,112,0.15461663513702972,64,3,1,128,0.14156463369022357,512,376.0,72.0,3,2,0.00020792695134799015,0.6,/work3/arnaou/checkpoints/groupgat_Omega_trial_605_best_state.pt,"{'learning_rate': 0.00020792695134799015, 'lr_reduce': 0.6}",TPESampler,COMPLETE
606,0.05294768512248993,2025-04-25 18:08:51.433434,2025-04-25 18:10:17.132669,0 days 00:01:25.699235,0.13537483140842174,160,3,1,32,0.05729339345050816,240,2,3,48,0.24365966543759532,48,4,2,80,0.27995318206516845,288,360.0,,2,2,0.0004080763280367955,0.6,/work3/arnaou/checkpoints/groupgat_Omega_trial_606_best_state.pt,"{'learning_rate': 0.0004080763280367955, 'lr_reduce': 0.6}",TPESampler,COMPLETE
607,0.08689375966787338,2025-04-25 18:09:14.248958,2025-04-25 18:11:12.769830,0 days 00:01:58.520872,0.11996085509542104,96,2,3,32,0.05344954652064454,112,3,3,32,0.23198419877926013,48,4,1,80,0.2245743707330587,464,376.0,88.0,3,2,0.00047674861653183295,0.6,/work3/arnaou/checkpoints/groupgat_Omega_trial_607_best_state.pt,"{'learning_rate': 0.00047674861653183295, 'lr_reduce': 0.6}",TPESampler,COMPLETE
608,0.05748232826590538,2025-04-25 18:09:51.932752,2025-04-25 18:11:14.921043,0 days 00:01:22.988291,0.03811972702767619,224,2,1,32,0.014997921976386237,80,4,3,96,0.09896523083266213,32,4,3,112,0.0924439081294984,448,,,1,2,0.0003993691429169833,0.6,/work3/arnaou/checkpoints/groupgat_Omega_trial_608_best_state.pt,"{'learning_rate': 0.0003993691429169833, 'lr_reduce': 0.6}",TPESampler,COMPLETE
609,0.059516191482543945,2025-04-25 18:10:17.288348,2025-04-25 18:11:30.462106,0 days 00:01:13.173758,0.013183348376466853,240,1,1,32,0.019557063235983427,96,3,2,96,0.1282106087504237,32,4,2,112,0.0634667123839996,456,,,1,2,0.00017734096378104524,0.6,/work3/arnaou/checkpoints/groupgat_Omega_trial_609_best_state.pt,"{'learning_rate': 0.00017734096378104524, 'lr_reduce': 0.6}",TPESampler,COMPLETE
610,0.06534169614315033,2025-04-25 18:11:12.982104,2025-04-25 18:13:01.332868,0 days 00:01:48.350764,0.10237918040337077,128,2,2,80,0.16917792036249252,112,1,2,112,0.25927727983114224,32,2,3,80,0.28908859967560524,96,352.0,,2,2,0.0003313916060885893,0.6,/work3/arnaou/checkpoints/groupgat_Omega_trial_610_best_state.pt,"{'learning_rate': 0.0003313916060885893, 'lr_reduce': 0.6}",TPESampler,COMPLETE
611,0.051181137561798096,2025-04-25 18:11:15.110178,2025-04-25 18:12:15.179359,0 days 00:01:00.069181,0.018423442155738778,224,1,1,32,0.0724605636948127,176,4,1,112,0.24749015380189607,48,3,3,112,0.14836622676643843,352,400.0,80.0,3,2,0.0007657273119970514,0.6,/work3/arnaou/checkpoints/groupgat_Omega_trial_611_best_state.pt,"{'learning_rate': 0.0007657273119970514, 'lr_reduce': 0.6}",TPESampler,COMPLETE
612,0.06749894469976425,2025-04-25 18:11:30.663914,2025-04-25 18:12:59.701066,0 days 00:01:29.037152,0.2504015274898526,176,2,3,48,0.1569453820517125,208,3,3,32,0.25120415872060475,32,4,1,64,0.29381538968073756,280,352.0,128.0,3,1,0.0008716868874991452,0.6,/work3/arnaou/checkpoints/groupgat_Omega_trial_612_best_state.pt,"{'learning_rate': 0.0008716868874991452, 'lr_reduce': 0.6}",TPESampler,COMPLETE
613,0.058988068252801895,2025-04-25 18:12:15.505093,2025-04-25 18:13:21.457055,0 days 00:01:05.951962,0.07279761404791417,176,1,1,32,0.061676191547701625,224,3,1,112,0.24090057519653849,32,3,3,112,0.05739216366128298,336,392.0,56.0,3,2,0.0005735182389408998,0.6,/work3/arnaou/checkpoints/groupgat_Omega_trial_613_best_state.pt,"{'learning_rate': 0.0005735182389408998, 'lr_reduce': 0.6}",TPESampler,COMPLETE
614,0.07367688417434692,2025-04-25 18:12:59.961593,2025-04-25 18:14:43.648743,0 days 00:01:43.687150,0.057851451880664276,256,1,2,64,0.05784922327750191,80,4,3,80,0.18265092497429658,128,4,2,64,0.049503510760096785,504,,,1,2,0.00011419953463121275,0.6,/work3/arnaou/checkpoints/groupgat_Omega_trial_614_best_state.pt,"{'learning_rate': 0.00011419953463121275, 'lr_reduce': 0.6}",TPESampler,COMPLETE
615,0.08199004083871841,2025-04-25 18:13:01.512185,2025-04-25 18:15:32.597121,0 days 00:02:31.084936,0.062097605570126446,128,2,3,48,0.13748028389214442,80,1,1,80,0.16606729004840198,32,1,4,112,0.2984039600433121,136,416.0,,2,2,0.00033705596771996065,0.6,/work3/arnaou/checkpoints/groupgat_Omega_trial_615_best_state.pt,"{'learning_rate': 0.00033705596771996065, 'lr_reduce': 0.6}",TPESampler,COMPLETE
616,0.05402737110853195,2025-04-25 18:13:21.700387,2025-04-25 18:14:45.756518,0 days 00:01:24.056131,0.15586679681998583,176,2,2,64,0.0797917941800555,176,3,3,32,0.2943125547548121,32,3,2,64,0.2429665336562719,448,424.0,,2,2,0.0004026238949432725,0.6,/work3/arnaou/checkpoints/groupgat_Omega_trial_616_best_state.pt,"{'learning_rate': 0.0004026238949432725, 'lr_reduce': 0.6}",TPESampler,COMPLETE
617,0.06279429793357849,2025-04-25 18:14:43.852119,2025-04-25 18:16:18.220439,0 days 00:01:34.368320,0.1186961385794482,96,2,2,32,0.06911692711757758,240,3,2,32,0.1877778812129609,48,4,2,32,0.23377151626133383,376,416.0,32.0,3,2,0.0002746337062998753,0.6,/work3/arnaou/checkpoints/groupgat_Omega_trial_617_best_state.pt,"{'learning_rate': 0.0002746337062998753, 'lr_reduce': 0.6}",TPESampler,COMPLETE
618,0.062488749623298645,2025-04-25 18:14:45.995703,2025-04-25 18:16:04.913093,0 days 00:01:18.917390,0.15326136440817523,128,1,2,32,0.043880990915570434,208,2,3,64,0.21732732502181115,64,4,1,80,0.28381497056288746,416,416.0,,2,2,0.00017668068785310346,0.6,/work3/arnaou/checkpoints/groupgat_Omega_trial_618_best_state.pt,"{'learning_rate': 0.00017668068785310346, 'lr_reduce': 0.6}",TPESampler,COMPLETE
619,0.07166372984647751,2025-04-25 18:15:32.905259,2025-04-25 18:16:11.088729,0 days 00:00:38.183470,0.1340902756298692,64,2,3,64,0.15412009133189342,176,1,1,112,0.16038196587895567,32,2,3,96,0.2941091972820236,168,448.0,72.0,3,2,0.001939951786724547,0.6,/work3/arnaou/checkpoints/groupgat_Omega_trial_619_best_state.pt,"{'learning_rate': 0.001939951786724547, 'lr_reduce': 0.6}",TPESampler,COMPLETE
620,0.057469096034765244,2025-04-25 18:16:05.159434,2025-04-25 18:17:09.152287,0 days 00:01:03.992853,0.06604225335910578,160,3,2,48,0.13711924415279128,224,1,1,112,0.28396117991872233,48,1,1,96,0.2120977705228627,208,392.0,80.0,3,2,0.000522202236647643,0.6,/work3/arnaou/checkpoints/groupgat_Omega_trial_620_best_state.pt,"{'learning_rate': 0.000522202236647643, 'lr_reduce': 0.6}",TPESampler,COMPLETE
621,0.05702868476510048,2025-04-25 18:16:11.323032,2025-04-25 18:17:10.117195,0 days 00:00:58.794163,0.07282063870051977,240,1,2,32,0.16254640075302296,224,4,1,112,0.2682213554193528,48,3,3,64,0.07674889900729633,392,384.0,80.0,3,1,0.0006120569863899096,0.6,/work3/arnaou/checkpoints/groupgat_Omega_trial_621_best_state.pt,"{'learning_rate': 0.0006120569863899096, 'lr_reduce': 0.6}",TPESampler,COMPLETE
622,0.05976720154285431,2025-04-25 18:16:18.559054,2025-04-25 18:18:16.347314,0 days 00:01:57.788260,0.03357584577538652,240,3,1,48,0.03174479164705637,112,4,1,64,0.2826538541905558,32,2,4,112,0.2683201685167099,432,440.0,32.0,3,2,0.0014334361848376842,0.6,/work3/arnaou/checkpoints/groupgat_Omega_trial_622_best_state.pt,"{'learning_rate': 0.0014334361848376842, 'lr_reduce': 0.6}",TPESampler,COMPLETE
623,0.06189832463860512,2025-04-25 18:17:09.388896,2025-04-25 18:18:24.789121,0 days 00:01:15.400225,0.14368222779782183,160,2,2,32,0.15347605806843045,224,3,3,48,0.2696526771142439,48,4,1,96,0.27323943489228364,456,384.0,72.0,3,2,0.0003650001609380181,0.6,/work3/arnaou/checkpoints/groupgat_Omega_trial_623_best_state.pt,"{'learning_rate': 0.0003650001609380181, 'lr_reduce': 0.6}",TPESampler,COMPLETE
624,0.05189262703061104,2025-04-25 18:17:10.376485,2025-04-25 18:18:28.399447,0 days 00:01:18.022962,0.11573312618561418,112,3,3,64,0.07343511550606525,240,2,4,32,0.2198364521682849,48,4,1,80,0.2463129405880411,272,400.0,96.0,3,2,0.0003963584770470542,0.6,/work3/arnaou/checkpoints/groupgat_Omega_trial_624_best_state.pt,"{'learning_rate': 0.0003963584770470542, 'lr_reduce': 0.6}",TPESampler,COMPLETE
625,0.07953716814517975,2025-04-25 18:18:16.526362,2025-04-25 18:20:43.293356,0 days 00:02:26.766994,0.000673188760263059,96,3,3,64,0.13417780251820605,112,1,1,128,0.2451044816368923,32,1,3,112,0.28524764989913687,128,344.0,88.0,3,2,0.0004783451231599655,0.6,/work3/arnaou/checkpoints/groupgat_Omega_trial_625_best_state.pt,"{'learning_rate': 0.0004783451231599655, 'lr_reduce': 0.6}",TPESampler,COMPLETE
626,0.07749257981777191,2025-04-25 18:18:24.987980,2025-04-25 18:18:56.993646,0 days 00:00:32.005666,0.15120589907716864,192,1,2,48,0.24969272993255526,160,4,1,112,0.2378874407620185,48,2,2,80,0.0702537562594679,512,480.0,80.0,3,2,0.0018841111071760878,0.6,/work3/arnaou/checkpoints/groupgat_Omega_trial_626_best_state.pt,"{'learning_rate': 0.0018841111071760878, 'lr_reduce': 0.6}",TPESampler,COMPLETE
627,0.06279925256967545,2025-04-25 18:18:28.598984,2025-04-25 18:19:23.340091,0 days 00:00:54.741107,0.024313923730832205,256,1,2,32,0.06920875397751276,208,4,1,112,0.2935862206825476,96,3,3,96,0.10830086862129037,376,440.0,112.0,3,2,0.00210158015863161,0.6,/work3/arnaou/checkpoints/groupgat_Omega_trial_627_best_state.pt,"{'learning_rate': 0.00210158015863161, 'lr_reduce': 0.6}",TPESampler,COMPLETE
628,0.07028759270906448,2025-04-25 18:18:57.202172,2025-04-25 18:20:02.225737,0 days 00:01:05.023565,0.10195514184955787,144,2,2,48,0.09513554781033022,192,4,3,32,0.27395455664942725,64,4,1,112,0.27179052564265027,336,376.0,104.0,3,2,0.001312237818852718,0.6,/work3/arnaou/checkpoints/groupgat_Omega_trial_628_best_state.pt,"{'learning_rate': 0.001312237818852718, 'lr_reduce': 0.6}",TPESampler,COMPLETE
629,0.05473523214459419,2025-04-25 18:19:23.553544,2025-04-25 18:20:23.900414,0 days 00:01:00.346870,0.030420995491990024,176,4,2,48,0.09757463147912904,192,1,1,112,0.27909503035889677,32,1,1,128,0.2133772961199773,336,416.0,104.0,3,2,0.0004644349125761763,0.6,/work3/arnaou/checkpoints/groupgat_Omega_trial_629_best_state.pt,"{'learning_rate': 0.0004644349125761763, 'lr_reduce': 0.6}",TPESampler,COMPLETE
630,0.06702452898025513,2025-04-25 18:20:02.425701,2025-04-25 18:21:12.826636,0 days 00:01:10.400935,0.09268041170588687,112,3,3,80,0.1507928098836994,256,2,4,32,0.19738278829811226,80,4,1,80,0.25806043085036023,216,416.0,64.0,3,2,0.0005591586216079664,0.6,/work3/arnaou/checkpoints/groupgat_Omega_trial_630_best_state.pt,"{'learning_rate': 0.0005591586216079664, 'lr_reduce': 0.6}",TPESampler,COMPLETE
631,0.0606514997780323,2025-04-25 18:20:24.152867,2025-04-25 18:21:43.780533,0 days 00:01:19.627666,0.1440705410808058,112,2,3,96,0.03588866691808692,240,2,4,48,0.22916636550021743,32,4,2,48,0.22740777589899352,296,408.0,112.0,3,2,0.00036472369947832347,0.6,/work3/arnaou/checkpoints/groupgat_Omega_trial_631_best_state.pt,"{'learning_rate': 0.00036472369947832347, 'lr_reduce': 0.6}",TPESampler,COMPLETE
632,0.05176222324371338,2025-04-25 18:20:43.463460,2025-04-25 18:22:20.857519,0 days 00:01:37.394059,0.019162863942128905,256,1,2,32,0.1460511754284452,224,4,1,112,0.21553863703580056,48,2,3,96,0.1873398060939644,392,384.0,64.0,3,2,0.00021831262651743347,0.6,/work3/arnaou/checkpoints/groupgat_Omega_trial_632_best_state.pt,"{'learning_rate': 0.00021831262651743347, 'lr_reduce': 0.6}",TPESampler,COMPLETE
633,0.060524966567754745,2025-04-25 18:21:13.032365,2025-04-25 18:22:34.875154,0 days 00:01:21.842789,0.1055995686713591,192,3,2,32,0.06349045194613064,208,2,3,32,0.21710171715305898,32,3,1,64,0.2946598472530515,408,352.0,112.0,3,2,0.00042946725962447134,0.6,/work3/arnaou/checkpoints/groupgat_Omega_trial_633_best_state.pt,"{'learning_rate': 0.00042946725962447134, 'lr_reduce': 0.6}",TPESampler,COMPLETE
