number,value,datetime_start,datetime_complete,duration,params_L1_dropout,params_L1_hidden_dim,params_L1_layers_atom,params_L1_layers_mol,params_L1_out_dim,params_L2_dropout,params_L2_hidden_dim,params_L2_layers_atom,params_L2_layers_mol,params_L2_out_dim,params_L3_dropout,params_L3_hidden_dim,params_L3_layers_atom,params_L3_layers_mol,params_L3_out_dim,params_final_dropout,params_mlp_dim_0,params_mlp_dim_1,params_mlp_dim_2,params_n_mlp_layers,params_num_heads,params_train_learning_rate,params_train_lr_reduce,user_attrs_best_state_dict_path,user_attrs_training_params,system_attrs_auto:sampler,state
528,0.05737333744764328,2025-04-25 17:35:18.733776,2025-04-25 17:36:58.004434,0 days 00:01:39.270658,0.017910970275403112,208,2,3,32,0.11079083848845145,176,4,1,112,0.23044886502547682,64,4,2,112,0.048046390587094825,384,128.0,80.0,3,2,0.00026777428463417027,0.6,/work3/arnaou/checkpoints/groupgat_Omega_trial_528_best_state.pt,"{'learning_rate': 0.00026777428463417027, 'lr_reduce': 0.6}",TPESampler,COMPLETE
529,0.058522239327430725,2025-04-25 17:36:36.634800,2025-04-25 17:37:53.726441,0 days 00:01:17.091641,0.0844421947907179,240,2,3,48,0.11674741078576722,96,4,1,96,0.1534767207559049,96,2,1,128,0.15411690159260177,400,40.0,200.0,3,2,0.00047762113887046684,0.6,/work3/arnaou/checkpoints/groupgat_Omega_trial_529_best_state.pt,"{'learning_rate': 0.00047762113887046684, 'lr_reduce': 0.6}",TPESampler,COMPLETE
530,0.0540994368493557,2025-04-25 17:36:58.218495,2025-04-25 17:38:07.243918,0 days 00:01:09.025423,0.0031714931306489474,96,3,3,48,0.08181621618788333,144,1,1,128,0.26925676351143213,32,1,4,96,0.28293223858551625,416,176.0,136.0,3,2,0.0006852907137982967,0.6,/work3/arnaou/checkpoints/groupgat_Omega_trial_530_best_state.pt,"{'learning_rate': 0.0006852907137982967, 'lr_reduce': 0.6}",TPESampler,COMPLETE
531,0.058950264006853104,2025-04-25 17:37:36.238542,2025-04-25 17:38:22.515839,0 days 00:00:46.277297,0.029457090230198546,240,2,3,32,0.10018674833553408,96,4,1,128,0.2889784803556638,96,3,2,64,0.1519908021857074,488,344.0,32.0,3,2,0.003264715694990284,0.6,/work3/arnaou/checkpoints/groupgat_Omega_trial_531_best_state.pt,"{'learning_rate': 0.003264715694990284, 'lr_reduce': 0.6}",TPESampler,COMPLETE
532,0.06377119570970535,2025-04-25 17:37:53.880236,2025-04-25 17:39:15.175238,0 days 00:01:21.295002,0.027228645548917692,192,2,1,32,0.002217319085215496,112,3,1,128,0.049371025628700604,32,4,2,80,0.06925488743103672,512,,,1,2,0.0010978201833828597,0.6,/work3/arnaou/checkpoints/groupgat_Omega_trial_532_best_state.pt,"{'learning_rate': 0.0010978201833828597, 'lr_reduce': 0.6}",TPESampler,COMPLETE
533,0.05648830160498619,2025-04-25 17:38:07.443670,2025-04-25 17:39:12.151999,0 days 00:01:04.708329,0.10517212142968527,176,4,3,64,0.09766023789755147,144,1,2,128,0.22644493409289493,32,1,2,128,0.2049843371330848,312,96.0,120.0,3,2,0.0008955996937573646,0.6,/work3/arnaou/checkpoints/groupgat_Omega_trial_533_best_state.pt,"{'learning_rate': 0.0008955996937573646, 'lr_reduce': 0.6}",TPESampler,COMPLETE
534,0.05223199725151062,2025-04-25 17:38:22.774126,2025-04-25 17:39:43.107693,0 days 00:01:20.333567,0.012959493341355537,224,1,1,32,0.026333505206787945,112,3,2,96,0.11580871914578433,32,4,2,128,0.08253396819608763,480,,,1,2,0.00043899042561361867,0.6,/work3/arnaou/checkpoints/groupgat_Omega_trial_534_best_state.pt,"{'learning_rate': 0.00043899042561361867, 'lr_reduce': 0.6}",TPESampler,COMPLETE
535,0.09653379023075104,2025-04-25 17:39:12.362320,2025-04-25 17:40:49.759778,0 days 00:01:37.397458,0.1862421307466189,192,2,2,48,0.23607899781042788,192,4,2,128,0.21864403472677266,48,2,2,128,0.032428292713786847,496,32.0,72.0,3,2,0.0002502724672828751,0.6,/work3/arnaou/checkpoints/groupgat_Omega_trial_535_best_state.pt,"{'learning_rate': 0.0002502724672828751, 'lr_reduce': 0.6}",TPESampler,COMPLETE
536,0.07225087285041809,2025-04-25 17:39:15.332143,2025-04-25 17:40:56.169743,0 days 00:01:40.837600,0.10315403029854577,224,3,3,32,0.09115263182785086,112,3,1,80,0.17710940011420834,48,4,2,128,0.23469251108120992,512,176.0,416.0,3,2,0.00029978349987189656,0.6,/work3/arnaou/checkpoints/groupgat_Omega_trial_536_best_state.pt,"{'learning_rate': 0.00029978349987189656, 'lr_reduce': 0.6}",TPESampler,COMPLETE
537,0.06006301939487457,2025-04-25 17:39:43.322058,2025-04-25 17:40:59.879402,0 days 00:01:16.557344,0.004488230843744806,96,1,2,32,0.18917499493586434,160,4,2,128,0.25497065052291973,48,2,1,128,0.12156688787862067,496,360.0,248.0,3,2,0.0012928338477262505,0.6,/work3/arnaou/checkpoints/groupgat_Omega_trial_537_best_state.pt,"{'learning_rate': 0.0012928338477262505, 'lr_reduce': 0.6}",TPESampler,COMPLETE
538,0.07505861669778824,2025-04-25 17:40:49.948075,2025-04-25 17:41:55.068624,0 days 00:01:05.120549,0.05966672763419063,208,2,2,32,0.010597499068385141,224,2,1,128,0.28277887930837675,80,2,4,128,0.27046296097084366,488,104.0,,2,2,0.0009870377153859515,0.6,/work3/arnaou/checkpoints/groupgat_Omega_trial_538_best_state.pt,"{'learning_rate': 0.0009870377153859515, 'lr_reduce': 0.6}",TPESampler,COMPLETE
539,0.06826165318489075,2025-04-25 17:40:56.384962,2025-04-25 17:42:21.054110,0 days 00:01:24.669148,0.05487403671843985,176,2,1,48,0.252352189751629,192,3,1,96,0.28341824008212013,32,3,1,112,0.20117048230364898,504,304.0,128.0,3,2,0.0038494888015495727,0.6,/work3/arnaou/checkpoints/groupgat_Omega_trial_539_best_state.pt,"{'learning_rate': 0.0038494888015495727, 'lr_reduce': 0.6}",TPESampler,COMPLETE
540,0.0577690489590168,2025-04-25 17:41:00.126886,2025-04-25 17:42:12.169891,0 days 00:01:12.043005,0.024604057797349674,208,1,1,32,0.0011117303380964172,128,2,1,80,0.13993576521019066,32,3,1,128,0.04991247694928927,368,,,1,2,0.00019410086504724234,0.6,/work3/arnaou/checkpoints/groupgat_Omega_trial_540_best_state.pt,"{'learning_rate': 0.00019410086504724234, 'lr_reduce': 0.6}",TPESampler,COMPLETE
541,0.05565841495990753,2025-04-25 17:41:55.311850,2025-04-25 17:43:32.833853,0 days 00:01:37.522003,0.02521395109278559,208,2,2,48,0.05396046770118139,224,4,4,128,0.2991241621363507,48,2,2,112,0.28146249150916114,456,160.0,32.0,3,2,0.0001383528421321023,0.6,/work3/arnaou/checkpoints/groupgat_Omega_trial_541_best_state.pt,"{'learning_rate': 0.0001383528421321023, 'lr_reduce': 0.6}",TPESampler,COMPLETE
542,0.062271278351545334,2025-04-25 17:42:12.352934,2025-04-25 17:43:49.806830,0 days 00:01:37.453896,0.03325723431808017,240,1,2,64,0.03817216387969627,160,4,2,64,0.14325120646564746,128,4,1,96,0.053568479078959653,376,208.0,,2,2,0.0002096086546784136,0.6,/work3/arnaou/checkpoints/groupgat_Omega_trial_542_best_state.pt,"{'learning_rate': 0.0002096086546784136, 'lr_reduce': 0.6}",TPESampler,COMPLETE
543,0.05308535322546959,2025-04-25 17:42:21.332860,2025-04-25 17:43:49.507019,0 days 00:01:28.174159,0.031840223671776365,208,1,3,64,0.11873549279256117,160,4,1,128,0.28322166444732305,48,3,1,128,0.23930330523996857,456,392.0,88.0,3,2,0.0004647198797138238,0.6,/work3/arnaou/checkpoints/groupgat_Omega_trial_543_best_state.pt,"{'learning_rate': 0.0004647198797138238, 'lr_reduce': 0.6}",TPESampler,COMPLETE
544,0.05373512953519821,2025-04-25 17:43:33.026654,2025-04-25 17:44:49.563175,0 days 00:01:16.536521,0.061540991273788224,240,1,1,48,0.08007740133281332,96,2,1,128,0.07499811583650022,48,4,2,128,0.024831945643065692,464,136.0,,2,2,0.0003454924087921676,0.6,/work3/arnaou/checkpoints/groupgat_Omega_trial_544_best_state.pt,"{'learning_rate': 0.0003454924087921676, 'lr_reduce': 0.6}",TPESampler,COMPLETE
545,0.0644327849149704,2025-04-25 17:43:49.692164,2025-04-25 17:45:43.299698,0 days 00:01:53.607534,0.10545540334214787,240,2,2,32,0.12393852605184189,128,4,1,128,0.24988899170993367,32,3,1,128,0.12131833383535248,448,272.0,144.0,3,2,0.0012596965837254944,0.6,/work3/arnaou/checkpoints/groupgat_Omega_trial_545_best_state.pt,"{'learning_rate': 0.0012596965837254944, 'lr_reduce': 0.6}",TPESampler,COMPLETE
546,0.07954500615596771,2025-04-25 17:43:50.068386,2025-04-25 17:44:52.745972,0 days 00:01:02.677586,0.059616830257918536,144,1,2,32,0.06990995156012775,112,3,2,112,0.20119005529496795,48,2,3,128,0.011609553231656893,416,,,1,2,0.0020561275845223837,0.6,/work3/arnaou/checkpoints/groupgat_Omega_trial_546_best_state.pt,"{'learning_rate': 0.0020561275845223837, 'lr_reduce': 0.6}",TPESampler,COMPLETE
547,0.06632895022630692,2025-04-25 17:44:49.802662,2025-04-25 17:46:13.684050,0 days 00:01:23.881388,0.0560107220328313,224,1,2,64,0.1518420557224142,176,4,1,112,0.22793003471548048,64,2,1,112,0.12036181313961625,456,216.0,512.0,3,2,0.0028089508926055656,0.6,/work3/arnaou/checkpoints/groupgat_Omega_trial_547_best_state.pt,"{'learning_rate': 0.0028089508926055656, 'lr_reduce': 0.6}",TPESampler,COMPLETE
548,0.06024478003382683,2025-04-25 17:44:52.939638,2025-04-25 17:45:58.268231,0 days 00:01:05.328593,0.06666159259413046,208,1,1,48,0.01215057512739921,80,4,2,128,0.04911279217767009,32,4,2,96,0.02709132142435008,400,328.0,,2,2,0.00030917427469353317,0.6,/work3/arnaou/checkpoints/groupgat_Omega_trial_548_best_state.pt,"{'learning_rate': 0.00030917427469353317, 'lr_reduce': 0.6}",TPESampler,COMPLETE
549,0.05858021229505539,2025-04-25 17:45:43.471084,2025-04-25 17:46:40.270816,0 days 00:00:56.799732,0.09601392301205824,144,1,2,48,0.07382157598413833,160,3,1,96,0.2656308963618629,32,3,3,128,0.2764028724912294,496,80.0,,2,1,0.0004940357698952619,0.6,/work3/arnaou/checkpoints/groupgat_Omega_trial_549_best_state.pt,"{'learning_rate': 0.0004940357698952619, 'lr_reduce': 0.6}",TPESampler,COMPLETE
550,0.06146974116563797,2025-04-25 17:45:58.470468,2025-04-25 17:47:16.885303,0 days 00:01:18.414835,0.0489421963821554,192,1,2,32,0.26866131109470537,160,4,2,96,0.2408148040075277,32,3,1,128,0.05994455928691712,424,160.0,264.0,3,2,0.0006206759450487273,0.6,/work3/arnaou/checkpoints/groupgat_Omega_trial_550_best_state.pt,"{'learning_rate': 0.0006206759450487273, 'lr_reduce': 0.6}",TPESampler,COMPLETE
551,0.06392698734998703,2025-04-25 17:46:13.847086,2025-04-25 17:47:39.234997,0 days 00:01:25.387911,0.0851512183442092,240,2,2,48,0.15321106620398664,176,4,3,80,0.2479015916799423,32,4,2,112,0.2951925128552866,448,280.0,72.0,3,2,0.0009749003006183736,0.6,/work3/arnaou/checkpoints/groupgat_Omega_trial_551_best_state.pt,"{'learning_rate': 0.0009749003006183736, 'lr_reduce': 0.6}",TPESampler,COMPLETE
552,0.07393267005681992,2025-04-25 17:46:40.468524,2025-04-25 17:48:11.659205,0 days 00:01:31.190681,0.031940405711855885,160,1,1,64,0.0777244143929034,160,4,1,112,0.2583051133929794,48,3,3,96,0.09763933647427753,512,,,1,2,0.003336779410186295,0.6,/work3/arnaou/checkpoints/groupgat_Omega_trial_552_best_state.pt,"{'learning_rate': 0.003336779410186295, 'lr_reduce': 0.6}",TPESampler,COMPLETE
553,0.06523440778255463,2025-04-25 17:47:17.129466,2025-04-25 17:48:45.308610,0 days 00:01:28.179144,0.029228171094657363,128,2,2,32,0.04782641141398964,112,4,2,112,0.2782010314061127,48,4,2,80,0.22224177695511302,400,32.0,184.0,3,2,0.0002767087041590383,0.6,/work3/arnaou/checkpoints/groupgat_Omega_trial_553_best_state.pt,"{'learning_rate': 0.0002767087041590383, 'lr_reduce': 0.6}",TPESampler,COMPLETE
554,0.05960429459810257,2025-04-25 17:47:39.415607,2025-04-25 17:49:02.448055,0 days 00:01:23.032448,0.004205726807871624,176,1,1,64,0.19089203109597352,112,4,1,112,0.25283204589484115,80,4,4,112,0.22713497397488577,464,,,1,2,0.0004259725799208593,0.6,/work3/arnaou/checkpoints/groupgat_Omega_trial_554_best_state.pt,"{'learning_rate': 0.0004259725799208593, 'lr_reduce': 0.6}",TPESampler,COMPLETE
555,0.06538946181535721,2025-04-25 17:48:11.834248,2025-04-25 17:49:21.739149,0 days 00:01:09.904901,0.0013934496785779297,176,1,2,48,0.06357429683478594,96,3,2,112,0.11297885175836522,32,3,3,112,0.09571779152514494,456,,,1,2,0.00021975685812053656,0.6,/work3/arnaou/checkpoints/groupgat_Omega_trial_555_best_state.pt,"{'learning_rate': 0.00021975685812053656, 'lr_reduce': 0.6}",TPESampler,COMPLETE
556,0.05818796902894974,2025-04-25 17:48:45.554020,2025-04-25 17:49:54.432858,0 days 00:01:08.878838,0.09956152608229984,224,2,1,48,0.0453252288886595,144,2,2,80,0.021553899554236908,48,4,2,128,0.11493176130863199,504,,,1,2,0.0006961599527623343,0.6,/work3/arnaou/checkpoints/groupgat_Omega_trial_556_best_state.pt,"{'learning_rate': 0.0006961599527623343, 'lr_reduce': 0.6}",TPESampler,COMPLETE
557,0.05330239608883858,2025-04-25 17:49:02.713818,2025-04-25 17:50:20.402275,0 days 00:01:17.688457,0.07066401980212103,192,1,2,48,0.105147264998688,112,3,1,112,0.19440699837371558,32,3,4,80,0.00827100904147544,504,,,1,2,0.0010911086622464976,0.6,/work3/arnaou/checkpoints/groupgat_Omega_trial_557_best_state.pt,"{'learning_rate': 0.0010911086622464976, 'lr_reduce': 0.6}",TPESampler,COMPLETE
558,0.061587393283843994,2025-04-25 17:49:21.912767,2025-04-25 17:50:30.486654,0 days 00:01:08.573887,0.05533233006172829,144,4,3,64,0.12869486475584047,128,2,1,96,0.2902796593978199,32,1,4,64,0.21033100146346118,176,360.0,424.0,3,2,0.0013406088823992187,0.6,/work3/arnaou/checkpoints/groupgat_Omega_trial_558_best_state.pt,"{'learning_rate': 0.0013406088823992187, 'lr_reduce': 0.6}",TPESampler,COMPLETE
559,0.07891582697629929,2025-04-25 17:49:54.694670,2025-04-25 17:50:58.695650,0 days 00:01:04.000980,0.030897224495198723,208,1,3,64,0.05366200807800956,80,4,1,64,0.15156516788738655,96,3,1,96,0.06268254903209167,488,,,1,1,0.00010899288496400806,0.6,/work3/arnaou/checkpoints/groupgat_Omega_trial_559_best_state.pt,"{'learning_rate': 0.00010899288496400806, 'lr_reduce': 0.6}",TPESampler,COMPLETE
560,0.055664341896772385,2025-04-25 17:50:20.599320,2025-04-25 17:51:38.474925,0 days 00:01:17.875605,0.0057366246895867905,208,1,1,32,0.00304221648021296,176,3,2,64,0.10070462342583687,64,4,2,128,0.16960694156712475,456,200.0,,2,2,0.0006452814503963908,0.6,/work3/arnaou/checkpoints/groupgat_Omega_trial_560_best_state.pt,"{'learning_rate': 0.0006452814503963908, 'lr_reduce': 0.6}",TPESampler,COMPLETE
561,0.05612697824835777,2025-04-25 17:50:30.689711,2025-04-25 17:51:34.751634,0 days 00:01:04.061923,0.001005946620817353,192,1,2,48,0.08034159732667999,96,4,1,128,0.29419381235277337,64,3,2,96,0.1505157342968118,344,120.0,88.0,3,2,0.0011222076663832872,0.6,/work3/arnaou/checkpoints/groupgat_Omega_trial_561_best_state.pt,"{'learning_rate': 0.0011222076663832872, 'lr_reduce': 0.6}",TPESampler,COMPLETE
562,0.06666839122772217,2025-04-25 17:50:58.981374,2025-04-25 17:52:09.971780,0 days 00:01:10.990406,0.043236117191515745,224,1,1,48,0.20739238606841126,160,2,1,128,0.24213689419578113,80,3,4,96,0.172557481515117,448,256.0,,2,1,0.00019095564066879528,0.6,/work3/arnaou/checkpoints/groupgat_Omega_trial_562_best_state.pt,"{'learning_rate': 0.00019095564066879528, 'lr_reduce': 0.6}",TPESampler,COMPLETE
563,0.05319935083389282,2025-04-25 17:51:34.967851,2025-04-25 17:52:41.978667,0 days 00:01:07.010816,0.002480552472832319,240,4,1,32,0.09577293177248727,160,2,1,128,0.23813613168675007,32,1,2,128,0.26526701374460576,392,400.0,304.0,3,2,0.00028511911747653405,0.6,/work3/arnaou/checkpoints/groupgat_Omega_trial_563_best_state.pt,"{'learning_rate': 0.00028511911747653405, 'lr_reduce': 0.6}",TPESampler,COMPLETE
564,0.06157465651631355,2025-04-25 17:51:38.681137,2025-04-25 17:52:35.707907,0 days 00:00:57.026770,0.15552539407865748,224,1,1,80,0.2965949317569375,128,4,1,128,0.2959476946910165,64,2,2,128,0.15452774261496832,448,312.0,112.0,3,2,0.002817709791188982,0.6,/work3/arnaou/checkpoints/groupgat_Omega_trial_564_best_state.pt,"{'learning_rate': 0.002817709791188982, 'lr_reduce': 0.6}",TPESampler,COMPLETE
565,0.06854527443647385,2025-04-25 17:52:10.170822,2025-04-25 17:53:19.271321,0 days 00:01:09.100499,0.057018000300349606,192,2,1,32,0.19633275290160898,192,4,1,96,0.13266233703671693,32,3,3,128,0.15285575247404976,448,136.0,,2,2,0.003728453303369561,0.6,/work3/arnaou/checkpoints/groupgat_Omega_trial_565_best_state.pt,"{'learning_rate': 0.003728453303369561, 'lr_reduce': 0.6}",TPESampler,COMPLETE
566,0.07106819748878479,2025-04-25 17:52:35.899630,2025-04-25 17:53:47.464418,0 days 00:01:11.564788,0.01632367673189478,224,1,4,32,0.02801637460170922,96,4,1,128,0.20967027337197242,80,3,1,112,0.16820436575872097,496,192.0,32.0,3,2,0.0005962328606888834,0.6,/work3/arnaou/checkpoints/groupgat_Omega_trial_566_best_state.pt,"{'learning_rate': 0.0005962328606888834, 'lr_reduce': 0.6}",TPESampler,COMPLETE
567,0.06071709841489792,2025-04-25 17:52:42.137980,2025-04-25 17:54:25.099362,0 days 00:01:42.961382,0.02908924431912942,192,1,1,64,0.018246994657090794,160,2,3,128,0.1160404992226197,64,4,3,96,0.030555541368052563,384,,,1,2,0.00019655432788236656,0.6,/work3/arnaou/checkpoints/groupgat_Omega_trial_567_best_state.pt,"{'learning_rate': 0.00019655432788236656, 'lr_reduce': 0.6}",TPESampler,COMPLETE
568,0.05335109308362007,2025-04-25 17:53:19.537597,2025-04-25 17:54:47.548383,0 days 00:01:28.010786,0.08690846576970106,208,1,3,32,0.14270881090234677,160,4,2,48,0.2963057455537914,32,2,2,96,0.29240451814553725,488,104.0,352.0,3,2,0.0003223544709741441,0.6,/work3/arnaou/checkpoints/groupgat_Omega_trial_568_best_state.pt,"{'learning_rate': 0.0003223544709741441, 'lr_reduce': 0.6}",TPESampler,COMPLETE
569,0.06066565960645676,2025-04-25 17:53:47.686442,2025-04-25 17:54:58.363685,0 days 00:01:10.677243,0.07375839033674353,256,2,3,32,0.17616198218982668,96,3,1,96,0.18271365095932987,48,2,1,128,0.1207519522790044,504,240.0,,2,2,0.0006728263956667791,0.6,/work3/arnaou/checkpoints/groupgat_Omega_trial_569_best_state.pt,"{'learning_rate': 0.0006728263956667791, 'lr_reduce': 0.6}",TPESampler,COMPLETE
570,0.05277961865067482,2025-04-25 17:54:25.270569,2025-04-25 17:55:16.903493,0 days 00:00:51.632924,0.050038263151059977,192,1,2,48,0.06670622706988814,128,4,2,80,0.2691773157163637,32,3,1,128,0.1765215162183561,384,312.0,144.0,3,1,0.0026028656556748506,0.6,/work3/arnaou/checkpoints/groupgat_Omega_trial_570_best_state.pt,"{'learning_rate': 0.0026028656556748506, 'lr_reduce': 0.6}",TPESampler,COMPLETE
571,0.05835698917508125,2025-04-25 17:54:47.758509,2025-04-25 17:55:54.543683,0 days 00:01:06.785174,0.02972151824619322,192,2,2,32,0.11616797606584163,192,4,3,96,0.28969793111466713,80,2,2,128,0.25577976298941985,392,160.0,96.0,3,2,0.0007130089500183014,0.6,/work3/arnaou/checkpoints/groupgat_Omega_trial_571_best_state.pt,"{'learning_rate': 0.0007130089500183014, 'lr_reduce': 0.6}",TPESampler,COMPLETE
572,0.07358884811401367,2025-04-25 17:54:58.588447,2025-04-25 17:56:10.750708,0 days 00:01:12.162261,0.10370454985935434,112,2,1,48,0.08639102312188954,80,4,2,112,0.17849022451948013,32,3,4,128,0.001810387862278686,480,,,1,2,0.000381910766768856,0.6,/work3/arnaou/checkpoints/groupgat_Omega_trial_572_best_state.pt,"{'learning_rate': 0.000381910766768856, 'lr_reduce': 0.6}",TPESampler,COMPLETE
573,0.0720631405711174,2025-04-25 17:55:17.085098,2025-04-25 17:56:43.701793,0 days 00:01:26.616695,0.14362371719352549,176,1,1,80,0.14970252437027703,112,3,3,96,0.22919055879448003,32,4,1,112,0.2165255102093277,424,328.0,176.0,3,1,0.0025179137230682824,0.6,/work3/arnaou/checkpoints/groupgat_Omega_trial_573_best_state.pt,"{'learning_rate': 0.0025179137230682824, 'lr_reduce': 0.6}",TPESampler,COMPLETE
574,0.10775923728942871,2025-04-25 17:55:54.771096,2025-04-25 17:56:47.264585,0 days 00:00:52.493489,0.13015950687594577,192,1,2,48,0.12799246475584558,128,3,1,80,0.2973952429299486,32,3,1,128,0.09175324082422398,448,328.0,160.0,3,1,0.009479429181669073,0.6,/work3/arnaou/checkpoints/groupgat_Omega_trial_574_best_state.pt,"{'learning_rate': 0.009479429181669073, 'lr_reduce': 0.6}",TPESampler,COMPLETE
575,0.06854309886693954,2025-04-25 17:56:10.995399,2025-04-25 17:57:06.797259,0 days 00:00:55.801860,0.07796904636151665,192,1,2,48,0.0016474909448171704,160,4,2,64,0.2981422833129451,64,4,1,128,0.19049625020323616,264,296.0,152.0,3,1,0.0047791225954021575,0.6,/work3/arnaou/checkpoints/groupgat_Omega_trial_575_best_state.pt,"{'learning_rate': 0.0047791225954021575, 'lr_reduce': 0.6}",TPESampler,COMPLETE
576,0.053739313036203384,2025-04-25 17:56:43.893741,2025-04-25 17:57:46.539444,0 days 00:01:02.645703,0.0145852046734413,128,3,1,48,0.07576409623187612,208,2,1,112,0.21554389479856195,32,2,3,128,0.29960883419739903,384,352.0,128.0,3,2,0.0002606180656838435,0.6,/work3/arnaou/checkpoints/groupgat_Omega_trial_576_best_state.pt,"{'learning_rate': 0.0002606180656838435, 'lr_reduce': 0.6}",TPESampler,COMPLETE
577,0.061955153942108154,2025-04-25 17:56:47.494836,2025-04-25 17:57:55.483664,0 days 00:01:07.988828,0.004789948883852325,256,1,1,80,0.12166938121439927,128,3,3,80,0.12169109803328865,48,4,2,128,0.10593605880007782,480,,,1,2,0.0003929917424692085,0.6,/work3/arnaou/checkpoints/groupgat_Omega_trial_577_best_state.pt,"{'learning_rate': 0.0003929917424692085, 'lr_reduce': 0.6}",TPESampler,COMPLETE
578,0.05839260295033455,2025-04-25 17:57:07.100351,2025-04-25 17:58:21.125748,0 days 00:01:14.025397,0.06381590196110343,176,1,2,64,0.03815030051254725,192,3,2,96,0.23904202571872213,32,3,1,128,0.18313854332186366,456,288.0,216.0,3,1,0.004473553857647807,0.6,/work3/arnaou/checkpoints/groupgat_Omega_trial_578_best_state.pt,"{'learning_rate': 0.004473553857647807, 'lr_reduce': 0.6}",TPESampler,COMPLETE
579,0.07915093749761581,2025-04-25 17:57:46.759729,2025-04-25 17:59:49.595403,0 days 00:02:02.835674,0.014767495324465592,144,3,1,32,0.08729656596747802,160,4,3,64,0.21842705106515853,32,3,1,128,0.29883928992867065,488,296.0,,2,2,0.00012689408086368267,0.6,/work3/arnaou/checkpoints/groupgat_Omega_trial_579_best_state.pt,"{'learning_rate': 0.00012689408086368267, 'lr_reduce': 0.6}",TPESampler,COMPLETE
580,0.054287102073431015,2025-04-25 17:57:55.665443,2025-04-25 17:59:23.633368,0 days 00:01:27.967925,0.09757576210186605,240,1,2,96,0.26906232120845575,160,4,1,96,0.19425239141346407,80,2,2,112,0.11512136911433513,392,368.0,128.0,3,2,0.0003034514961177136,0.6,/work3/arnaou/checkpoints/groupgat_Omega_trial_580_best_state.pt,"{'learning_rate': 0.0003034514961177136, 'lr_reduce': 0.6}",TPESampler,COMPLETE
