number,value,datetime_start,datetime_complete,duration,params_L1_dropout,params_L1_hidden_dim,params_L1_layers_atom,params_L1_layers_mol,params_L1_out_dim,params_L2_dropout,params_L2_hidden_dim,params_L2_layers_atom,params_L2_layers_mol,params_L2_out_dim,params_L3_dropout,params_L3_hidden_dim,params_L3_layers_atom,params_L3_layers_mol,params_L3_out_dim,params_final_dropout,params_mlp_dim_0,params_mlp_dim_1,params_mlp_dim_2,params_n_mlp_layers,params_num_heads,params_train_learning_rate,params_train_lr_reduce,user_attrs_best_state_dict_path,user_attrs_training_params,system_attrs_auto:sampler,state
1261,0.058809466660022736,2025-04-25 22:44:57.916756,2025-04-25 22:45:56.313564,0 days 00:00:58.396808,0.017598247255170726,256,1,3,32,0.11132903882911419,256,3,1,112,0.25430943788557836,32,1,1,32,0.19867696048016964,408,240.0,336.0,3,2,0.0006548006660687903,0.6,/work3/arnaou/checkpoints/groupgat_Omega_trial_1261_best_state.pt,"{'learning_rate': 0.0006548006660687903, 'lr_reduce': 0.6}",TPESampler,COMPLETE
1262,0.057759080082178116,2025-04-25 22:45:48.301124,2025-04-25 22:47:09.125121,0 days 00:01:20.823997,0.037538447384469535,208,2,1,32,0.009267354759522228,128,4,1,128,0.24949913559177606,48,3,1,80,0.12146683749797296,456,352.0,376.0,3,2,0.00015915667301698655,0.6,/work3/arnaou/checkpoints/groupgat_Omega_trial_1262_best_state.pt,"{'learning_rate': 0.00015915667301698655, 'lr_reduce': 0.6}",TPESampler,COMPLETE
1263,0.06638696789741516,2025-04-25 22:45:56.567837,2025-04-25 22:47:33.619847,0 days 00:01:37.052010,0.0753428579964331,256,1,2,80,0.20344893402844097,144,4,2,64,0.11475705076326018,32,3,4,80,0.12444918410120308,448,192.0,288.0,3,2,0.00015946058383281022,0.6,/work3/arnaou/checkpoints/groupgat_Omega_trial_1263_best_state.pt,"{'learning_rate': 0.00015946058383281022, 'lr_reduce': 0.6}",TPESampler,COMPLETE
1264,0.05721317604184151,2025-04-25 22:46:03.865982,2025-04-25 22:47:07.894118,0 days 00:01:04.028136,0.006194367589806593,240,1,2,32,0.09966411892854321,240,4,2,112,0.289379102719488,48,1,1,48,0.2595588118507551,384,136.0,312.0,3,2,0.000584405751778853,0.6,/work3/arnaou/checkpoints/groupgat_Omega_trial_1264_best_state.pt,"{'learning_rate': 0.000584405751778853, 'lr_reduce': 0.6}",TPESampler,COMPLETE
1265,0.06648295372724533,2025-04-25 22:47:08.348777,2025-04-25 22:48:13.398520,0 days 00:01:05.049743,0.030021253814275374,256,1,1,64,0.16081998250387836,224,4,3,96,0.1719560798388113,48,4,4,80,0.2835536895819556,464,232.0,368.0,3,2,0.001383776945143193,0.6,/work3/arnaou/checkpoints/groupgat_Omega_trial_1265_best_state.pt,"{'learning_rate': 0.001383776945143193, 'lr_reduce': 0.6}",TPESampler,COMPLETE
1266,0.05407426506280899,2025-04-25 22:47:09.400786,2025-04-25 22:48:29.133038,0 days 00:01:19.732252,0.012407260717350953,192,1,3,32,0.09091444611897186,128,4,1,112,0.23361451835131114,64,3,2,112,0.14946118154453386,416,136.0,,2,2,0.0006408293893034186,0.6,/work3/arnaou/checkpoints/groupgat_Omega_trial_1266_best_state.pt,"{'learning_rate': 0.0006408293893034186, 'lr_reduce': 0.6}",TPESampler,COMPLETE
1267,0.059046242386102676,2025-04-25 22:47:33.894218,2025-04-25 22:48:49.452141,0 days 00:01:15.557923,0.08107381056797472,208,1,1,112,0.08079523721106274,128,4,2,96,0.04851793425407776,80,4,2,112,0.21287664376545595,464,304.0,,2,2,0.0006625599171702478,0.6,/work3/arnaou/checkpoints/groupgat_Omega_trial_1267_best_state.pt,"{'learning_rate': 0.0006625599171702478, 'lr_reduce': 0.6}",TPESampler,COMPLETE
1268,0.05381893739104271,2025-04-25 22:48:13.701157,2025-04-25 22:49:22.712194,0 days 00:01:09.011037,0.0048965073115983665,208,2,1,32,0.14133062885894326,256,4,1,128,0.11854085954163181,96,2,2,96,0.2698084066637427,448,192.0,264.0,3,2,0.0003129394831674814,0.6,/work3/arnaou/checkpoints/groupgat_Omega_trial_1268_best_state.pt,"{'learning_rate': 0.0003129394831674814, 'lr_reduce': 0.6}",TPESampler,COMPLETE
1269,0.05544918775558472,2025-04-25 22:48:29.380215,2025-04-25 22:49:53.146383,0 days 00:01:23.766168,0.004265865657670322,256,2,1,96,0.09420700702014867,176,4,2,64,0.19695043132565393,32,4,4,96,0.1509371044143806,368,248.0,328.0,3,2,0.0004844015723158589,0.6,/work3/arnaou/checkpoints/groupgat_Omega_trial_1269_best_state.pt,"{'learning_rate': 0.0004844015723158589, 'lr_reduce': 0.6}",TPESampler,COMPLETE
1270,0.06522062420845032,2025-04-25 22:48:49.782783,2025-04-25 22:49:57.657599,0 days 00:01:07.874816,0.12505574128448452,192,2,1,32,0.12122482956375685,192,4,1,96,0.09647138557243773,64,2,2,96,0.2743111768033978,512,240.0,400.0,3,1,0.0009346470268676235,0.6,/work3/arnaou/checkpoints/groupgat_Omega_trial_1270_best_state.pt,"{'learning_rate': 0.0009346470268676235, 'lr_reduce': 0.6}",TPESampler,COMPLETE
1271,0.05613302066922188,2025-04-25 22:49:23.067385,2025-04-25 22:50:27.611844,0 days 00:01:04.544459,0.17943771787711227,240,1,1,96,0.08609015329951748,160,4,1,112,0.24679338710518034,32,4,2,80,0.2343325485516779,480,176.0,344.0,3,2,0.0013597098845312076,0.6,/work3/arnaou/checkpoints/groupgat_Omega_trial_1271_best_state.pt,"{'learning_rate': 0.0013597098845312076, 'lr_reduce': 0.6}",TPESampler,COMPLETE
1272,0.06545402854681015,2025-04-25 22:49:53.405078,2025-04-25 22:51:05.095454,0 days 00:01:11.690376,0.012505522332544266,240,1,1,32,0.21316530128587557,256,3,2,96,0.2448120699041745,32,1,2,48,0.21831949200238232,312,288.0,296.0,3,2,0.0017211835137497153,0.6,/work3/arnaou/checkpoints/groupgat_Omega_trial_1272_best_state.pt,"{'learning_rate': 0.0017211835137497153, 'lr_reduce': 0.6}",TPESampler,COMPLETE
1273,0.057253215461969376,2025-04-25 22:49:58.028594,2025-04-25 22:51:14.948963,0 days 00:01:16.920369,0.014976857398892648,240,1,1,80,0.1335630581500697,160,4,2,32,0.15987131352022382,48,3,4,48,0.2020692709041673,488,216.0,424.0,3,2,0.0004133139328660382,0.6,/work3/arnaou/checkpoints/groupgat_Omega_trial_1273_best_state.pt,"{'learning_rate': 0.0004133139328660382, 'lr_reduce': 0.6}",TPESampler,COMPLETE
1274,0.05796470120549202,2025-04-25 22:50:27.902591,2025-04-25 22:51:42.839869,0 days 00:01:14.937278,0.013216515461908718,208,4,2,32,0.14391529495121097,224,4,1,96,0.06466258634954478,96,2,2,112,0.29117129755466054,464,144.0,,2,2,0.00041605017926340143,0.6,/work3/arnaou/checkpoints/groupgat_Omega_trial_1274_best_state.pt,"{'learning_rate': 0.00041605017926340143, 'lr_reduce': 0.6}",TPESampler,COMPLETE
1275,0.06560581922531128,2025-04-25 22:51:05.400872,2025-04-25 22:52:47.725031,0 days 00:01:42.324159,0.03872946201751134,192,2,2,64,0.08865762454252454,128,1,1,80,0.2738138010060234,112,4,4,48,0.27585587692381747,424,,,1,1,0.001234777369198919,0.6,/work3/arnaou/checkpoints/groupgat_Omega_trial_1275_best_state.pt,"{'learning_rate': 0.001234777369198919, 'lr_reduce': 0.6}",TPESampler,COMPLETE
1276,0.0636201947927475,2025-04-25 22:51:15.206815,2025-04-25 22:52:27.534177,0 days 00:01:12.327362,0.02449272799800039,208,2,2,32,0.14940621587740618,256,3,2,112,0.15232954661198433,64,2,2,128,0.25741030857145536,496,256.0,352.0,3,2,0.0012439439083049987,0.6,/work3/arnaou/checkpoints/groupgat_Omega_trial_1276_best_state.pt,"{'learning_rate': 0.0012439439083049987, 'lr_reduce': 0.6}",TPESampler,COMPLETE
1277,0.05406474322080612,2025-04-25 22:51:43.201690,2025-04-25 22:52:47.546981,0 days 00:01:04.345291,0.015471223394528525,240,1,1,48,0.24926960163687717,224,4,1,128,0.15151182321708953,96,3,3,128,0.22694412179956547,456,192.0,232.0,3,2,0.000324746327580472,0.6,/work3/arnaou/checkpoints/groupgat_Omega_trial_1277_best_state.pt,"{'learning_rate': 0.000324746327580472, 'lr_reduce': 0.6}",TPESampler,COMPLETE
1278,0.058805517852306366,2025-04-25 22:52:27.803189,2025-04-25 22:53:51.712999,0 days 00:01:23.909810,0.04163484382368923,240,2,1,64,0.013734258608007421,192,3,2,96,0.11397935425955985,48,4,3,48,0.22816377863208376,368,352.0,320.0,3,2,0.00016440518312438128,0.6,/work3/arnaou/checkpoints/groupgat_Omega_trial_1278_best_state.pt,"{'learning_rate': 0.00016440518312438128, 'lr_reduce': 0.6}",TPESampler,COMPLETE
1279,0.08929856866598129,2025-04-25 22:52:47.907907,2025-04-25 22:54:46.146217,0 days 00:01:58.238310,0.14593327340550055,160,1,1,48,0.11841748061011818,192,4,1,48,0.21278734028495166,32,3,2,128,0.1484792667844418,352,232.0,392.0,3,2,0.00018008675309644128,0.6,/work3/arnaou/checkpoints/groupgat_Omega_trial_1279_best_state.pt,"{'learning_rate': 0.00018008675309644128, 'lr_reduce': 0.6}",TPESampler,COMPLETE
1280,0.07364874333143234,2025-04-25 22:52:47.990036,2025-04-25 22:53:55.767744,0 days 00:01:07.777708,0.031049888070344346,176,2,1,32,0.2701895311845716,224,3,2,112,0.09769471270790074,96,1,3,128,0.2885213647093604,360,288.0,376.0,3,2,0.00030627109759027624,0.6,/work3/arnaou/checkpoints/groupgat_Omega_trial_1280_best_state.pt,"{'learning_rate': 0.00030627109759027624, 'lr_reduce': 0.6}",TPESampler,COMPLETE
1281,0.0660422295331955,2025-04-25 22:53:52.039177,2025-04-25 22:55:01.949189,0 days 00:01:09.910012,0.08610821221526421,176,2,1,64,0.155042827143346,192,3,1,112,0.05526544075351495,80,2,2,112,0.2980581949287309,256,184.0,280.0,3,2,0.0010563043922163378,0.6,/work3/arnaou/checkpoints/groupgat_Omega_trial_1281_best_state.pt,"{'learning_rate': 0.0010563043922163378, 'lr_reduce': 0.6}",TPESampler,COMPLETE
1282,0.06401589512825012,2025-04-25 22:53:56.049032,2025-04-25 22:55:20.761106,0 days 00:01:24.712074,0.05440306552728392,256,2,2,64,0.13519289212515553,192,3,2,80,0.2054037793943515,64,3,3,48,0.2552267758078947,512,136.0,184.0,3,2,0.00016790713584135972,0.6,/work3/arnaou/checkpoints/groupgat_Omega_trial_1282_best_state.pt,"{'learning_rate': 0.00016790713584135972, 'lr_reduce': 0.6}",TPESampler,COMPLETE
1283,0.049341585487127304,2025-04-25 22:54:46.446977,2025-04-25 22:56:14.015654,0 days 00:01:27.568677,0.06586908689322221,256,1,1,96,0.12238127752934032,176,4,1,80,0.08114523176774988,48,4,3,80,0.22351469794845738,416,240.0,328.0,3,2,0.0003783313475568107,0.6,/work3/arnaou/checkpoints/groupgat_Omega_trial_1283_best_state.pt,"{'learning_rate': 0.0003783313475568107, 'lr_reduce': 0.6}",TPESampler,COMPLETE
1284,0.07423848658800125,2025-04-25 22:55:02.308939,2025-04-25 22:56:15.882951,0 days 00:01:13.574012,0.15658609826882816,256,1,1,48,0.29465989169130247,176,4,1,64,0.27859526989976957,80,1,1,48,0.18343785566153442,496,304.0,272.0,3,2,0.001493409946979152,0.6,/work3/arnaou/checkpoints/groupgat_Omega_trial_1284_best_state.pt,"{'learning_rate': 0.001493409946979152, 'lr_reduce': 0.6}",TPESampler,COMPLETE
1285,0.09411130845546722,2025-04-25 22:55:21.039300,2025-04-25 22:56:50.807547,0 days 00:01:29.768247,0.16156615468127017,256,1,1,112,0.11277286449719709,160,4,2,128,0.1551807767190055,64,3,3,48,0.2072076592072606,480,136.0,352.0,3,2,0.0004958630589733768,0.6,/work3/arnaou/checkpoints/groupgat_Omega_trial_1285_best_state.pt,"{'learning_rate': 0.0004958630589733768, 'lr_reduce': 0.6}",TPESampler,COMPLETE
1286,0.05686128884553909,2025-04-25 22:56:14.328493,2025-04-25 22:57:41.367029,0 days 00:01:27.038536,0.04404407564663562,240,2,1,64,0.039177057522882745,96,3,1,128,0.15308515498095773,80,3,3,64,0.036918791460928746,496,,,1,2,0.0001555195112723867,0.6,/work3/arnaou/checkpoints/groupgat_Omega_trial_1286_best_state.pt,"{'learning_rate': 0.0001555195112723867, 'lr_reduce': 0.6}",TPESampler,COMPLETE
1287,0.06282202899456024,2025-04-25 22:56:16.246485,2025-04-25 22:57:19.490746,0 days 00:01:03.244261,0.03804958687560582,256,1,1,32,0.18996411112263525,224,2,2,128,0.2300537071062721,80,1,1,64,0.19802683905975918,264,280.0,384.0,3,2,0.001726708203567932,0.6,/work3/arnaou/checkpoints/groupgat_Omega_trial_1287_best_state.pt,"{'learning_rate': 0.001726708203567932, 'lr_reduce': 0.6}",TPESampler,COMPLETE
1288,0.05877545103430748,2025-04-25 22:56:51.064349,2025-04-25 22:58:31.317916,0 days 00:01:40.253567,0.11691147874872297,256,1,2,112,0.03637303936767089,128,3,1,96,0.10397388654731379,48,3,3,80,0.1914682095878707,392,280.0,344.0,3,2,0.0001527918191551024,0.6,/work3/arnaou/checkpoints/groupgat_Omega_trial_1288_best_state.pt,"{'learning_rate': 0.0001527918191551024, 'lr_reduce': 0.6}",TPESampler,COMPLETE
1289,0.0525498129427433,2025-04-25 22:57:19.810689,2025-04-25 22:58:53.230964,0 days 00:01:33.420275,0.03310915555321496,208,2,1,64,0.07113098694735615,208,4,1,112,0.2736951961968829,64,3,4,64,0.2054800930833356,424,,,1,2,0.00031664942906511613,0.6,/work3/arnaou/checkpoints/groupgat_Omega_trial_1289_best_state.pt,"{'learning_rate': 0.00031664942906511613, 'lr_reduce': 0.6}",TPESampler,COMPLETE
1290,0.0687781572341919,2025-04-25 22:57:41.751031,2025-04-25 22:59:24.214768,0 days 00:01:42.463737,0.04834599760355422,208,3,1,32,0.24763221915715097,240,3,1,112,0.12813676974589575,64,2,2,112,0.2830114750625248,512,272.0,344.0,3,2,0.00016981133154380293,0.6,/work3/arnaou/checkpoints/groupgat_Omega_trial_1290_best_state.pt,"{'learning_rate': 0.00016981133154380293, 'lr_reduce': 0.6}",TPESampler,COMPLETE
1291,0.06130319833755493,2025-04-25 22:58:31.642376,2025-04-25 22:59:19.881263,0 days 00:00:48.238887,0.002734116944850939,192,1,2,32,0.10904976445135042,208,2,1,128,0.2405385681109932,96,1,2,80,0.2861005487687997,288,344.0,408.0,3,1,0.00039968007278762046,0.6,/work3/arnaou/checkpoints/groupgat_Omega_trial_1291_best_state.pt,"{'learning_rate': 0.00039968007278762046, 'lr_reduce': 0.6}",TPESampler,COMPLETE
1292,0.06367690861225128,2025-04-25 22:58:53.533309,2025-04-25 23:00:05.068258,0 days 00:01:11.534949,0.014652036736095244,208,1,1,80,0.052013126326990074,256,3,3,48,0.2080671700121891,64,4,4,80,0.17943613026100563,400,264.0,440.0,3,2,0.0015850115394518169,0.6,/work3/arnaou/checkpoints/groupgat_Omega_trial_1292_best_state.pt,"{'learning_rate': 0.0015850115394518169, 'lr_reduce': 0.6}",TPESampler,COMPLETE
1293,0.060199856758117676,2025-04-25 22:59:20.153827,2025-04-25 23:00:36.916161,0 days 00:01:16.762334,5.8298994329575304e-06,240,1,2,128,0.1498606215809349,160,4,2,80,0.07248140738423245,80,3,3,96,0.16360161288758424,400,240.0,328.0,3,2,0.0007076392585352823,0.6,/work3/arnaou/checkpoints/groupgat_Omega_trial_1293_best_state.pt,"{'learning_rate': 0.0007076392585352823, 'lr_reduce': 0.6}",TPESampler,COMPLETE
1294,0.055983252823352814,2025-04-25 22:59:24.592837,2025-04-25 23:00:30.175349,0 days 00:01:05.582512,0.058733934516723735,224,1,2,96,0.14220579506557865,240,4,1,64,0.06485295536018107,32,3,4,80,0.27033299229407315,416,328.0,360.0,3,2,0.0006133067906057329,0.6,/work3/arnaou/checkpoints/groupgat_Omega_trial_1294_best_state.pt,"{'learning_rate': 0.0006133067906057329, 'lr_reduce': 0.6}",TPESampler,COMPLETE
1295,0.06069489195942879,2025-04-25 23:00:05.373589,2025-04-25 23:01:24.868817,0 days 00:01:19.495228,0.00590599668981167,224,1,2,64,0.040622821907354764,208,3,1,80,0.1683342327690847,80,4,2,64,0.1503740654543263,504,248.0,320.0,3,2,0.0007486873589894325,0.6,/work3/arnaou/checkpoints/groupgat_Omega_trial_1295_best_state.pt,"{'learning_rate': 0.0007486873589894325, 'lr_reduce': 0.6}",TPESampler,COMPLETE
1296,0.059453144669532776,2025-04-25 23:00:30.526565,2025-04-25 23:01:52.545448,0 days 00:01:22.018883,0.08946645372716851,256,1,2,112,0.08539546472344844,240,4,1,80,0.06381010763850269,64,4,3,64,0.27561957697912565,384,296.0,376.0,3,2,0.0002493022843461427,0.6,/work3/arnaou/checkpoints/groupgat_Omega_trial_1296_best_state.pt,"{'learning_rate': 0.0002493022843461427, 'lr_reduce': 0.6}",TPESampler,COMPLETE
1297,0.06110043823719025,2025-04-25 23:00:37.255208,2025-04-25 23:01:53.677501,0 days 00:01:16.422293,0.012558123704266167,256,3,1,48,0.11795330735836368,160,2,1,96,0.2118839770382694,96,4,3,48,0.23307303106577743,360,248.0,304.0,3,2,0.00019182483399637814,0.6,/work3/arnaou/checkpoints/groupgat_Omega_trial_1297_best_state.pt,"{'learning_rate': 0.00019182483399637814, 'lr_reduce': 0.6}",TPESampler,COMPLETE
1298,0.051329415291547775,2025-04-25 23:01:25.182138,2025-04-25 23:02:37.520766,0 days 00:01:12.338628,0.02175450446544838,128,2,2,32,0.13278577484728613,192,4,1,96,0.07267379590519293,64,2,1,128,0.24940838444590852,440,232.0,368.0,3,2,0.0006736776821436922,0.6,/work3/arnaou/checkpoints/groupgat_Omega_trial_1298_best_state.pt,"{'learning_rate': 0.0006736776821436922, 'lr_reduce': 0.6}",TPESampler,COMPLETE
1299,0.061119258403778076,2025-04-25 23:01:52.812861,2025-04-25 23:03:17.948282,0 days 00:01:25.135421,0.06781035148222642,256,1,3,112,0.18814615232638912,208,4,1,128,0.17186977347518356,96,4,3,32,0.24493149044327386,472,304.0,320.0,3,2,0.0013972714258318384,0.6,/work3/arnaou/checkpoints/groupgat_Omega_trial_1299_best_state.pt,"{'learning_rate': 0.0013972714258318384, 'lr_reduce': 0.6}",TPESampler,COMPLETE
1300,0.054232705384492874,2025-04-25 23:01:54.002502,2025-04-25 23:03:14.720198,0 days 00:01:20.717696,0.07827028664636156,256,1,1,64,0.05089229864340898,176,4,3,48,0.14567045872799572,64,4,4,80,0.2160711770277958,416,240.0,280.0,3,2,0.00029189510815270936,0.6,/work3/arnaou/checkpoints/groupgat_Omega_trial_1300_best_state.pt,"{'learning_rate': 0.00029189510815270936, 'lr_reduce': 0.6}",TPESampler,COMPLETE
1301,0.052969418466091156,2025-04-25 23:02:37.856885,2025-04-25 23:03:46.992969,0 days 00:01:09.136084,0.006403928678378988,256,1,1,128,0.1472683580082775,128,4,1,64,0.0433951707942861,80,4,3,96,0.2782859773164728,408,400.0,416.0,3,2,0.00042722983713315495,0.6,/work3/arnaou/checkpoints/groupgat_Omega_trial_1301_best_state.pt,"{'learning_rate': 0.00042722983713315495, 'lr_reduce': 0.6}",TPESampler,COMPLETE
1302,0.05083215609192848,2025-04-25 23:03:15.271086,2025-04-25 23:04:24.086455,0 days 00:01:08.815369,0.08058513357358031,240,1,1,112,0.16230131802806252,176,4,1,80,0.02538975461009857,64,3,2,80,0.20327741835398966,464,272.0,360.0,3,2,0.0007690289148866124,0.6,/work3/arnaou/checkpoints/groupgat_Omega_trial_1302_best_state.pt,"{'learning_rate': 0.0007690289148866124, 'lr_reduce': 0.6}",TPESampler,COMPLETE
1303,0.06877892464399338,2025-04-25 23:03:18.258387,2025-04-25 23:04:31.624194,0 days 00:01:13.365807,0.1022703565002327,112,3,2,64,0.06257361200146146,128,2,3,32,0.1988336919408089,128,3,3,128,0.17043082890184308,176,208.0,,2,2,0.0003085172133431823,0.6,/work3/arnaou/checkpoints/groupgat_Omega_trial_1303_best_state.pt,"{'learning_rate': 0.0003085172133431823, 'lr_reduce': 0.6}",TPESampler,COMPLETE
1304,0.05481823906302452,2025-04-25 23:03:47.244559,2025-04-25 23:05:08.553208,0 days 00:01:21.308649,0.0852920121665043,256,1,1,64,0.09577116208718241,192,3,1,96,0.19850296402747825,96,4,4,64,0.2789679906971353,432,,,1,2,0.00047529863427518275,0.6,/work3/arnaou/checkpoints/groupgat_Omega_trial_1304_best_state.pt,"{'learning_rate': 0.00047529863427518275, 'lr_reduce': 0.6}",TPESampler,COMPLETE
1305,0.08062765747308731,2025-04-25 23:04:24.366712,2025-04-25 23:05:49.761798,0 days 00:01:25.395086,0.08429933205268408,208,2,1,48,0.10113815511249837,128,3,2,128,0.14757972830677085,96,4,2,48,0.26749552759045947,488,128.0,240.0,3,2,0.00014827876278393823,0.6,/work3/arnaou/checkpoints/groupgat_Omega_trial_1305_best_state.pt,"{'learning_rate': 0.00014827876278393823, 'lr_reduce': 0.6}",TPESampler,COMPLETE
1306,0.0709434524178505,2025-04-25 23:04:31.991441,2025-04-25 23:06:00.355636,0 days 00:01:28.364195,0.008109406760982384,224,1,2,64,0.08918202621457848,224,3,4,80,0.2707588874953968,64,4,4,48,0.1498484081323586,456,216.0,,2,2,0.0012626371323593852,0.6,/work3/arnaou/checkpoints/groupgat_Omega_trial_1306_best_state.pt,"{'learning_rate': 0.0012626371323593852, 'lr_reduce': 0.6}",TPESampler,COMPLETE
1307,0.08017938584089279,2025-04-25 23:05:08.874996,2025-04-25 23:06:39.957336,0 days 00:01:31.082340,0.05389826002497532,256,2,1,80,0.12039792472223977,160,4,1,80,0.12498167186229764,32,3,2,80,0.18862060875477632,480,344.0,160.0,3,2,0.00010948472637886795,0.6,/work3/arnaou/checkpoints/groupgat_Omega_trial_1307_best_state.pt,"{'learning_rate': 0.00010948472637886795, 'lr_reduce': 0.6}",TPESampler,COMPLETE
1308,0.11666146665811539,2025-04-25 23:05:50.055435,2025-04-25 23:07:16.848987,0 days 00:01:26.793552,0.03317593020163545,208,1,1,112,0.17187622194495092,160,4,3,80,0.04458882688357879,64,4,2,48,0.17360495287553895,416,264.0,336.0,3,2,0.00010576326754401563,0.6,/work3/arnaou/checkpoints/groupgat_Omega_trial_1308_best_state.pt,"{'learning_rate': 0.00010576326754401563, 'lr_reduce': 0.6}",TPESampler,COMPLETE
1309,0.05713491514325142,2025-04-25 23:06:00.660695,2025-04-25 23:07:14.940908,0 days 00:01:14.280213,0.005769466387677339,192,1,1,80,0.010386162457105365,224,3,3,80,0.23182678160319392,32,4,4,80,0.10600204126042154,392,184.0,304.0,3,2,0.0002879484055892874,0.6,/work3/arnaou/checkpoints/groupgat_Omega_trial_1309_best_state.pt,"{'learning_rate': 0.0002879484055892874, 'lr_reduce': 0.6}",TPESampler,COMPLETE
1310,0.08225230127573013,2025-04-25 23:06:40.242164,2025-04-25 23:07:41.147898,0 days 00:01:00.905734,0.18161282781408403,96,4,1,112,0.2008238346551828,80,4,3,48,0.21873945204759598,96,3,4,48,0.19475800636893179,376,240.0,,2,2,0.006487154059516914,0.6,/work3/arnaou/checkpoints/groupgat_Omega_trial_1310_best_state.pt,"{'learning_rate': 0.006487154059516914, 'lr_reduce': 0.6}",TPESampler,COMPLETE
1311,0.05937521532177925,2025-04-25 23:07:15.195218,2025-04-25 23:08:24.264963,0 days 00:01:09.069745,0.031184312132457353,224,1,1,128,0.05996624759648743,208,4,1,48,0.07694167909071027,32,3,4,96,0.12951499039127504,424,304.0,,2,2,0.00032323344389641905,0.6,/work3/arnaou/checkpoints/groupgat_Omega_trial_1311_best_state.pt,"{'learning_rate': 0.00032323344389641905, 'lr_reduce': 0.6}",TPESampler,COMPLETE
1312,0.05452079325914383,2025-04-25 23:07:17.129015,2025-04-25 23:08:36.369167,0 days 00:01:19.240152,0.08281934704801201,160,1,1,48,0.0861733114816985,192,4,1,96,0.2487173627718003,32,3,3,128,0.24806288789468114,336,136.0,384.0,3,2,0.0005640323287806426,0.6,/work3/arnaou/checkpoints/groupgat_Omega_trial_1312_best_state.pt,"{'learning_rate': 0.0005640323287806426, 'lr_reduce': 0.6}",TPESampler,COMPLETE
