number,value,datetime_start,datetime_complete,duration,params_L1_dropout,params_L1_hidden_dim,params_L1_layers_atom,params_L1_layers_mol,params_L1_out_dim,params_L2_dropout,params_L2_hidden_dim,params_L2_layers_atom,params_L2_layers_mol,params_L2_out_dim,params_L3_dropout,params_L3_hidden_dim,params_L3_layers_atom,params_L3_layers_mol,params_L3_out_dim,params_final_dropout,params_mlp_dim_0,params_mlp_dim_1,params_mlp_dim_2,params_n_mlp_layers,params_num_heads,params_train_learning_rate,params_train_lr_reduce,user_attrs_best_state_dict_path,user_attrs_training_params,system_attrs_auto:sampler,state
2356,0.06421372294425964,2025-04-26 06:13:14.897580,2025-04-26 06:14:11.760471,0 days 00:00:56.862891,0.02737533094852207,144,3,4,48,0.0011936441906192086,160,2,4,48,0.017454268561373748,32,2,2,80,0.07039348228713023,224,512.0,,2,1,0.0015245139475312517,0.6,/work3/arnaou/checkpoints/groupgat_Omega_trial_2356_best_state.pt,"{'learning_rate': 0.0015245139475312517, 'lr_reduce': 0.6}",TPESampler,COMPLETE
2357,0.06386290490627289,2025-04-26 06:13:30.063066,2025-04-26 06:14:35.940047,0 days 00:01:05.876981,0.10690696358260819,64,2,1,32,0.2993687187690293,64,4,2,128,0.15671521459052531,128,2,3,128,0.02056427143107059,176,128.0,296.0,3,2,0.0030253008515115053,0.6,/work3/arnaou/checkpoints/groupgat_Omega_trial_2357_best_state.pt,"{'learning_rate': 0.0030253008515115053, 'lr_reduce': 0.6}",TPESampler,COMPLETE
2358,0.05514807254076004,2025-04-26 06:13:45.565558,2025-04-26 06:14:49.234913,0 days 00:01:03.669355,0.009018577866214374,256,1,2,32,0.08323087165432444,128,4,1,128,0.2677453557805847,64,3,3,80,0.13782289453219107,456,208.0,360.0,3,2,0.0010098912882715175,0.6,/work3/arnaou/checkpoints/groupgat_Omega_trial_2358_best_state.pt,"{'learning_rate': 0.0010098912882715175, 'lr_reduce': 0.6}",TPESampler,COMPLETE
2359,0.05532089248299599,2025-04-26 06:14:12.024788,2025-04-26 06:15:10.191986,0 days 00:00:58.167198,0.0029320768326552837,192,1,1,48,0.2792670988063787,224,4,1,80,0.2816350989176501,96,2,1,80,0.21570790929288183,464,280.0,144.0,3,2,0.0007431232113123892,0.6,/work3/arnaou/checkpoints/groupgat_Omega_trial_2359_best_state.pt,"{'learning_rate': 0.0007431232113123892, 'lr_reduce': 0.6}",TPESampler,COMPLETE
2360,0.050749439746141434,2025-04-26 06:14:36.297199,2025-04-26 06:15:40.382121,0 days 00:01:04.084922,0.046181188611440355,176,3,3,32,0.14276041680088267,224,4,2,64,0.2918927189821591,64,2,2,112,0.24811114999479905,208,336.0,,2,2,0.0006865557153860608,0.6,/work3/arnaou/checkpoints/groupgat_Omega_trial_2360_best_state.pt,"{'learning_rate': 0.0006865557153860608, 'lr_reduce': 0.6}",TPESampler,COMPLETE
2361,0.060460761189460754,2025-04-26 06:14:49.429949,2025-04-26 06:15:58.654327,0 days 00:01:09.224378,0.06270855352446277,64,2,4,32,0.08171533779284383,96,2,3,32,0.26573811303087763,48,4,2,96,0.001900593633516967,120,384.0,,2,1,0.0007079404330725848,0.6,/work3/arnaou/checkpoints/groupgat_Omega_trial_2361_best_state.pt,"{'learning_rate': 0.0007079404330725848, 'lr_reduce': 0.6}",TPESampler,COMPLETE
2362,0.07306122779846191,2025-04-26 06:15:10.385246,2025-04-26 06:16:17.412250,0 days 00:01:07.027004,0.055143829756520865,224,2,1,80,0.15333351019339853,240,4,3,128,0.18546514926913077,32,4,1,112,0.27663006811265334,448,64.0,,2,2,0.0012535495430765911,0.6,/work3/arnaou/checkpoints/groupgat_Omega_trial_2362_best_state.pt,"{'learning_rate': 0.0012535495430765911, 'lr_reduce': 0.6}",TPESampler,COMPLETE
2363,0.05166149139404297,2025-04-26 06:15:40.652051,2025-04-26 06:16:57.452016,0 days 00:01:16.799965,0.027793492220816826,256,1,1,112,0.1447063718717551,208,4,2,80,0.015180500709770811,32,3,3,80,0.2376055591703293,424,160.0,248.0,3,2,0.0001771970149605983,0.6,/work3/arnaou/checkpoints/groupgat_Omega_trial_2363_best_state.pt,"{'learning_rate': 0.0001771970149605983, 'lr_reduce': 0.6}",TPESampler,COMPLETE
2364,0.05360100045800209,2025-04-26 06:15:58.885443,2025-04-26 06:17:09.536799,0 days 00:01:10.651356,0.004571167501414791,240,1,2,48,0.12059704320450805,256,4,2,112,0.1295886908720031,64,3,1,48,0.28447197474845765,408,216.0,328.0,3,2,0.00046481681002917276,0.6,/work3/arnaou/checkpoints/groupgat_Omega_trial_2364_best_state.pt,"{'learning_rate': 0.00046481681002917276, 'lr_reduce': 0.6}",TPESampler,COMPLETE
2365,0.04611542448401451,2025-04-26 06:16:17.778893,2025-04-26 06:17:15.320302,0 days 00:00:57.541409,0.010222038226352518,192,1,2,32,0.12723264971055565,224,4,1,96,0.2640784127874863,48,2,2,48,0.2947211889081288,360,104.0,,2,1,0.0003173378876088538,0.6,/work3/arnaou/checkpoints/groupgat_Omega_trial_2365_best_state.pt,"{'learning_rate': 0.0003173378876088538, 'lr_reduce': 0.6}",TPESampler,COMPLETE
2366,0.07869968563318253,2025-04-26 06:16:57.678312,2025-04-26 06:18:22.672714,0 days 00:01:24.994402,0.09148856666812791,192,1,2,112,0.11711030571321046,96,4,2,128,0.26669938414752464,96,3,4,112,0.22145202138285208,352,256.0,400.0,3,2,0.0004950368422159552,0.6,/work3/arnaou/checkpoints/groupgat_Omega_trial_2366_best_state.pt,"{'learning_rate': 0.0004950368422159552, 'lr_reduce': 0.6}",TPESampler,COMPLETE
2367,0.0820927694439888,2025-04-26 06:17:09.742475,2025-04-26 06:18:18.626918,0 days 00:01:08.884443,0.21271478801613686,96,2,3,64,0.041121818283206796,240,1,4,128,0.17383448576821864,112,3,3,80,0.0063403701077253405,80,,,1,2,0.0009305069878518343,0.6,/work3/arnaou/checkpoints/groupgat_Omega_trial_2367_best_state.pt,"{'learning_rate': 0.0009305069878518343, 'lr_reduce': 0.6}",TPESampler,COMPLETE
2368,0.05445914342999458,2025-04-26 06:17:15.545690,2025-04-26 06:18:15.717317,0 days 00:01:00.171627,0.02453981695672451,208,1,2,48,0.055519947111963314,208,4,2,96,0.21201238265615807,64,2,3,48,0.27458943941902414,320,,,1,1,0.000440013962085855,0.6,/work3/arnaou/checkpoints/groupgat_Omega_trial_2368_best_state.pt,"{'learning_rate': 0.000440013962085855, 'lr_reduce': 0.6}",TPESampler,COMPLETE
2369,0.05613568052649498,2025-04-26 06:18:15.906352,2025-04-26 06:19:47.205859,0 days 00:01:31.299507,0.020138900117270504,176,2,1,48,0.10741149152149773,208,4,2,96,0.24586256064573214,32,2,2,32,0.2855155730799648,232,80.0,,2,2,0.00016064723791128655,0.6,/work3/arnaou/checkpoints/groupgat_Omega_trial_2369_best_state.pt,"{'learning_rate': 0.00016064723791128655, 'lr_reduce': 0.6}",TPESampler,COMPLETE
2370,0.057152654975652695,2025-04-26 06:18:18.823969,2025-04-26 06:19:14.207392,0 days 00:00:55.383423,0.02446089730629722,192,2,2,32,0.11357515573687928,240,4,1,48,0.23999809553707627,80,1,2,48,0.274075837613197,344,96.0,,2,1,0.00041090789863210223,0.6,/work3/arnaou/checkpoints/groupgat_Omega_trial_2370_best_state.pt,"{'learning_rate': 0.00041090789863210223, 'lr_reduce': 0.6}",TPESampler,COMPLETE
2371,0.07064858824014664,2025-04-26 06:18:22.956544,2025-04-26 06:19:30.379174,0 days 00:01:07.422630,0.1983630080124257,96,1,1,80,0.0838536338011356,176,1,1,48,0.11230889340044506,112,3,4,48,0.2347214565754956,392,,,1,2,0.0009642799104105679,0.6,/work3/arnaou/checkpoints/groupgat_Omega_trial_2371_best_state.pt,"{'learning_rate': 0.0009642799104105679, 'lr_reduce': 0.6}",TPESampler,COMPLETE
2372,0.05433248355984688,2025-04-26 06:19:14.433705,2025-04-26 06:20:34.637492,0 days 00:01:20.203787,0.002989977989370427,240,1,1,80,0.21093996301463555,240,4,2,112,0.06787975166802852,64,3,1,80,0.2844257757192224,440,96.0,216.0,3,2,0.00023446250006279643,0.6,/work3/arnaou/checkpoints/groupgat_Omega_trial_2372_best_state.pt,"{'learning_rate': 0.00023446250006279643, 'lr_reduce': 0.6}",TPESampler,COMPLETE
2373,0.0646633431315422,2025-04-26 06:19:30.627264,2025-04-26 06:20:31.305847,0 days 00:01:00.678583,0.29236182293717383,64,2,4,80,0.15057919818153306,96,1,2,128,0.058516807394860995,80,4,4,96,0.04964698158483641,312,104.0,40.0,3,2,0.001911583134330078,0.6,/work3/arnaou/checkpoints/groupgat_Omega_trial_2373_best_state.pt,"{'learning_rate': 0.001911583134330078, 'lr_reduce': 0.6}",TPESampler,COMPLETE
2374,0.07220101356506348,2025-04-26 06:19:47.392083,2025-04-26 06:20:25.032078,0 days 00:00:37.639995,0.2236466352106204,256,2,3,112,0.029174664565282477,160,2,4,112,0.013138360220138035,48,1,4,64,0.0663892580748431,440,72.0,472.0,3,2,0.0029453177273275253,0.6,/work3/arnaou/checkpoints/groupgat_Omega_trial_2374_best_state.pt,"{'learning_rate': 0.0029453177273275253, 'lr_reduce': 0.6}",TPESampler,COMPLETE
2375,0.06530650705099106,2025-04-26 06:20:25.222079,2025-04-26 06:21:54.974962,0 days 00:01:29.752883,0.13229488176516843,160,1,2,32,0.0808249986839713,96,4,1,128,0.25614532234372367,64,3,4,112,0.20509505327267263,416,112.0,264.0,3,2,0.00018729850175276365,0.6,/work3/arnaou/checkpoints/groupgat_Omega_trial_2375_best_state.pt,"{'learning_rate': 0.00018729850175276365, 'lr_reduce': 0.6}",TPESampler,COMPLETE
2376,0.053339678794145584,2025-04-26 06:20:31.574045,2025-04-26 06:21:22.811269,0 days 00:00:51.237224,0.008117291521120019,176,2,3,48,0.10191783774756841,128,3,2,128,0.2790738110508368,48,2,2,128,0.11392144559246867,464,72.0,104.0,3,1,0.0008850068758815958,0.6,/work3/arnaou/checkpoints/groupgat_Omega_trial_2376_best_state.pt,"{'learning_rate': 0.0008850068758815958, 'lr_reduce': 0.6}",TPESampler,COMPLETE
2377,0.12796616554260254,2025-04-26 06:20:34.921661,2025-04-26 06:21:38.849345,0 days 00:01:03.927684,0.1232193525439444,112,1,1,80,0.21160135485531292,64,4,2,112,0.21181165932114948,112,4,4,96,0.2732650643346588,496,72.0,232.0,3,1,0.000799055221021909,0.6,/work3/arnaou/checkpoints/groupgat_Omega_trial_2377_best_state.pt,"{'learning_rate': 0.000799055221021909, 'lr_reduce': 0.6}",TPESampler,COMPLETE
2378,0.05293329432606697,2025-04-26 06:21:23.025281,2025-04-26 06:22:32.041307,0 days 00:01:09.016026,0.10549232525663614,160,1,2,32,0.08784156697524864,176,4,1,64,0.26036532529308426,48,1,2,32,0.25211334904734484,448,112.0,,2,1,0.0006638769248992051,0.6,/work3/arnaou/checkpoints/groupgat_Omega_trial_2378_best_state.pt,"{'learning_rate': 0.0006638769248992051, 'lr_reduce': 0.6}",TPESampler,COMPLETE
2379,0.05357154458761215,2025-04-26 06:21:39.079043,2025-04-26 06:22:33.468524,0 days 00:00:54.389481,0.028591057551105414,208,1,3,32,0.16684329148647326,144,4,1,96,0.19026288632135419,80,2,2,32,0.2749289291659406,256,104.0,,2,1,0.00038770498952565044,0.6,/work3/arnaou/checkpoints/groupgat_Omega_trial_2379_best_state.pt,"{'learning_rate': 0.00038770498952565044, 'lr_reduce': 0.6}",TPESampler,COMPLETE
2380,0.06603588163852692,2025-04-26 06:21:55.274323,2025-04-26 06:22:48.695585,0 days 00:00:53.421262,0.04340187429714493,160,1,2,96,0.0799183559441751,208,2,4,64,0.24537119851474906,32,3,4,96,0.09459138103825894,456,104.0,144.0,3,2,0.0016883575175983645,0.6,/work3/arnaou/checkpoints/groupgat_Omega_trial_2380_best_state.pt,"{'learning_rate': 0.0016883575175983645, 'lr_reduce': 0.6}",TPESampler,COMPLETE
2381,0.1000705137848854,2025-04-26 06:22:32.477450,2025-04-26 06:23:43.847991,0 days 00:01:11.370541,0.14609907518746745,240,1,1,80,0.17349618733305455,192,4,1,112,0.2243957910911881,64,4,3,48,0.23379133577773586,480,112.0,184.0,3,2,0.00023700992644257757,0.6,/work3/arnaou/checkpoints/groupgat_Omega_trial_2381_best_state.pt,"{'learning_rate': 0.00023700992644257757, 'lr_reduce': 0.6}",TPESampler,COMPLETE
2382,0.06945905834436417,2025-04-26 06:22:33.618962,2025-04-26 06:23:38.826860,0 days 00:01:05.207898,0.024226711302883897,240,3,4,128,0.11275554078013975,64,1,4,80,0.09996485983834819,32,1,2,128,0.26559401694521556,240,,,1,2,0.0018239470813467026,0.6,/work3/arnaou/checkpoints/groupgat_Omega_trial_2382_best_state.pt,"{'learning_rate': 0.0018239470813467026, 'lr_reduce': 0.6}",TPESampler,COMPLETE
2383,0.06250978261232376,2025-04-26 06:22:48.952482,2025-04-26 06:23:41.574701,0 days 00:00:52.622219,0.082302313642751,240,1,2,64,0.10225859193733966,256,3,1,128,0.1132470986083596,48,2,3,96,0.2665687856647936,296,80.0,432.0,3,1,0.0009141534304956555,0.6,/work3/arnaou/checkpoints/groupgat_Omega_trial_2383_best_state.pt,"{'learning_rate': 0.0009141534304956555, 'lr_reduce': 0.6}",TPESampler,COMPLETE
2384,0.06003762036561966,2025-04-26 06:23:39.054679,2025-04-26 06:24:40.560840,0 days 00:01:01.506161,0.09125088645632909,144,4,1,32,0.10415855101025037,96,3,3,128,0.09141678904307415,64,3,1,32,0.21731118378161388,296,32.0,256.0,3,1,0.008031107486637249,0.6,/work3/arnaou/checkpoints/groupgat_Omega_trial_2384_best_state.pt,"{'learning_rate': 0.008031107486637249, 'lr_reduce': 0.6}",TPESampler,COMPLETE
2385,0.059175923466682434,2025-04-26 06:23:41.837512,2025-04-26 06:24:48.868171,0 days 00:01:07.030659,0.026896192537545785,176,1,2,32,0.12203401713481084,240,3,1,112,0.18991940526894954,32,2,1,64,0.2174526783227516,312,120.0,,2,1,0.000475156693514106,0.6,/work3/arnaou/checkpoints/groupgat_Omega_trial_2385_best_state.pt,"{'learning_rate': 0.000475156693514106, 'lr_reduce': 0.6}",TPESampler,COMPLETE
2386,0.05410778149962425,2025-04-26 06:23:44.161264,2025-04-26 06:24:44.960481,0 days 00:01:00.799217,0.03621473810463725,224,1,1,64,0.09067881160705868,192,4,1,96,0.2472135596496418,64,4,2,48,0.20988120264123197,488,56.0,72.0,3,2,0.0012123093450472978,0.6,/work3/arnaou/checkpoints/groupgat_Omega_trial_2386_best_state.pt,"{'learning_rate': 0.0012123093450472978, 'lr_reduce': 0.6}",TPESampler,COMPLETE
2387,0.05191519483923912,2025-04-26 06:24:40.840769,2025-04-26 06:25:49.750977,0 days 00:01:08.910208,0.013535583362057282,176,1,2,48,0.09493761767169212,176,4,1,80,0.2165387512635365,48,2,2,32,0.298964084440433,320,120.0,,2,1,0.0004799796486886957,0.6,/work3/arnaou/checkpoints/groupgat_Omega_trial_2387_best_state.pt,"{'learning_rate': 0.0004799796486886957, 'lr_reduce': 0.6}",TPESampler,COMPLETE
2388,0.08449509739875793,2025-04-26 06:24:45.227237,2025-04-26 06:25:56.841680,0 days 00:01:11.614443,0.0295757768790275,256,1,1,48,0.12440176769367584,160,4,2,96,0.1995156516375797,48,4,4,96,0.1875002498857637,472,32.0,272.0,3,1,0.00027929986324833425,0.6,/work3/arnaou/checkpoints/groupgat_Omega_trial_2388_best_state.pt,"{'learning_rate': 0.00027929986324833425, 'lr_reduce': 0.6}",TPESampler,COMPLETE
2389,0.053924910724163055,2025-04-26 06:24:49.170231,2025-04-26 06:25:51.305977,0 days 00:01:02.135746,0.03426419638105454,192,1,3,48,0.10397053541346896,256,4,2,80,0.2594479399974237,48,3,3,64,0.22936643372863272,264,72.0,,2,1,0.0005085475322269804,0.6,/work3/arnaou/checkpoints/groupgat_Omega_trial_2389_best_state.pt,"{'learning_rate': 0.0005085475322269804, 'lr_reduce': 0.6}",TPESampler,COMPLETE
2390,0.0591711550951004,2025-04-26 06:25:49.955332,2025-04-26 06:26:55.844016,0 days 00:01:05.888684,0.13663657943515609,160,1,2,32,0.14920443650172813,256,4,1,80,0.22248174670946688,48,2,2,64,0.26622041889076675,288,112.0,,2,2,0.0005406225314698124,0.6,/work3/arnaou/checkpoints/groupgat_Omega_trial_2390_best_state.pt,"{'learning_rate': 0.0005406225314698124, 'lr_reduce': 0.6}",TPESampler,COMPLETE
2391,0.07464166730642319,2025-04-26 06:25:51.497195,2025-04-26 06:27:16.933719,0 days 00:01:25.436524,0.06951631685191782,240,1,2,32,0.1540612061698023,256,3,2,80,0.2571642669737778,64,1,3,80,0.29552513100786754,360,128.0,,2,1,0.00010202202759287779,0.6,/work3/arnaou/checkpoints/groupgat_Omega_trial_2391_best_state.pt,"{'learning_rate': 0.00010202202759287779, 'lr_reduce': 0.6}",TPESampler,COMPLETE
2392,0.0977630466222763,2025-04-26 06:25:57.203292,2025-04-26 06:26:52.545382,0 days 00:00:55.342090,0.29854877167445865,256,3,4,32,0.07735785009126357,128,3,4,80,0.18886051432121803,96,2,1,96,0.004419915584504913,400,80.0,,2,1,0.007334272921936484,0.6,/work3/arnaou/checkpoints/groupgat_Omega_trial_2392_best_state.pt,"{'learning_rate': 0.007334272921936484, 'lr_reduce': 0.6}",TPESampler,COMPLETE
2393,0.0884990468621254,2025-04-26 06:26:52.760458,2025-04-26 06:28:20.383849,0 days 00:01:27.623391,0.20709627112906917,192,3,1,112,0.22670721127858318,128,4,1,96,0.25776138559396683,96,4,4,96,0.24131108103583399,464,136.0,408.0,3,2,0.0007559514228823806,0.6,/work3/arnaou/checkpoints/groupgat_Omega_trial_2393_best_state.pt,"{'learning_rate': 0.0007559514228823806, 'lr_reduce': 0.6}",TPESampler,COMPLETE
2394,0.053469762206077576,2025-04-26 06:26:56.057228,2025-04-26 06:28:23.762299,0 days 00:01:27.705071,0.013499124194694316,224,1,2,64,0.15427754072511216,224,4,1,112,0.2680518127558412,112,3,3,80,0.12983807995836855,424,104.0,288.0,3,2,0.00015346906078966263,0.6,/work3/arnaou/checkpoints/groupgat_Omega_trial_2394_best_state.pt,"{'learning_rate': 0.00015346906078966263, 'lr_reduce': 0.6}",TPESampler,COMPLETE
2395,0.0892559066414833,2025-04-26 06:27:17.472385,2025-04-26 06:28:20.637001,0 days 00:01:03.164616,0.2959571990232622,240,3,4,128,0.14999834958614683,160,2,2,32,0.04103717494123582,32,4,2,32,0.12382183067904828,224,80.0,240.0,3,2,0.007026698446595144,0.6,/work3/arnaou/checkpoints/groupgat_Omega_trial_2395_best_state.pt,"{'learning_rate': 0.007026698446595144, 'lr_reduce': 0.6}",TPESampler,COMPLETE
2396,0.06993412226438522,2025-04-26 06:28:20.584316,2025-04-26 06:29:04.076606,0 days 00:00:43.492290,0.16469931105190935,128,1,1,48,0.2185565616564062,96,2,1,32,0.16723854183019346,112,2,4,64,0.07682568139983043,48,,,1,1,0.0012467189716696143,0.6,/work3/arnaou/checkpoints/groupgat_Omega_trial_2396_best_state.pt,"{'learning_rate': 0.0012467189716696143, 'lr_reduce': 0.6}",TPESampler,COMPLETE
2397,0.056329887360334396,2025-04-26 06:28:20.894687,2025-04-26 06:29:20.254575,0 days 00:00:59.359888,0.08596963091937478,224,1,2,48,0.09523808224537537,256,4,1,112,0.229179190849769,48,2,3,80,0.27802957021911656,288,136.0,376.0,3,1,0.0003988265669516264,0.6,/work3/arnaou/checkpoints/groupgat_Omega_trial_2397_best_state.pt,"{'learning_rate': 0.0003988265669516264, 'lr_reduce': 0.6}",TPESampler,COMPLETE
2398,0.05625436082482338,2025-04-26 06:28:24.085138,2025-04-26 06:29:25.652538,0 days 00:01:01.567400,0.023202329537474333,240,2,2,32,0.03788777449705996,208,4,1,112,0.2587812972373137,32,2,2,48,0.2900670965461345,496,64.0,,2,1,0.00025379071397955456,0.6,/work3/arnaou/checkpoints/groupgat_Omega_trial_2398_best_state.pt,"{'learning_rate': 0.00025379071397955456, 'lr_reduce': 0.6}",TPESampler,COMPLETE
2399,0.10152924060821533,2025-04-26 06:29:04.357600,2025-04-26 06:30:16.950510,0 days 00:01:12.592910,0.2685566396952054,144,4,4,32,0.00048593778405153776,256,1,4,96,0.2516275461229252,80,2,4,112,0.27415683357977394,112,,,1,2,0.005793983081572627,0.6,/work3/arnaou/checkpoints/groupgat_Omega_trial_2399_best_state.pt,"{'learning_rate': 0.005793983081572627, 'lr_reduce': 0.6}",TPESampler,COMPLETE
2400,0.055244944989681244,2025-04-26 06:29:20.530079,2025-04-26 06:30:38.252571,0 days 00:01:17.722492,0.05058582509166025,208,3,1,48,0.11465654145239786,240,4,1,128,0.10639772765066209,80,3,2,128,0.29956502357047354,416,128.0,104.0,3,2,0.0006277278728311972,0.6,/work3/arnaou/checkpoints/groupgat_Omega_trial_2400_best_state.pt,"{'learning_rate': 0.0006277278728311972, 'lr_reduce': 0.6}",TPESampler,COMPLETE
2401,0.13279032707214355,2025-04-26 06:29:25.995152,2025-04-26 06:30:58.000720,0 days 00:01:32.005568,0.015535743308081912,240,1,3,96,0.24980262404545756,112,4,2,112,0.10963119333053056,112,4,2,48,0.2209501001843882,232,,,1,2,0.00011881933343180233,0.6,/work3/arnaou/checkpoints/groupgat_Omega_trial_2401_best_state.pt,"{'learning_rate': 0.00011881933343180233, 'lr_reduce': 0.6}",TPESampler,COMPLETE
2402,0.06978892534971237,2025-04-26 06:30:17.197082,2025-04-26 06:31:01.366179,0 days 00:00:44.169097,0.040525405864880404,224,1,4,64,0.1698355265401431,160,4,2,32,0.01645916158670399,112,2,2,96,0.1708749061445379,512,56.0,,2,1,0.0016953501176353708,0.6,/work3/arnaou/checkpoints/groupgat_Omega_trial_2402_best_state.pt,"{'learning_rate': 0.0016953501176353708, 'lr_reduce': 0.6}",TPESampler,COMPLETE
2403,0.06701354682445526,2025-04-26 06:30:38.483723,2025-04-26 06:31:45.075228,0 days 00:01:06.591505,0.1618426298614991,176,1,3,96,0.006793951186822744,256,2,3,32,0.0869167760260805,80,2,4,48,0.052078089088007276,200,88.0,,2,2,0.004587264908953516,0.6,/work3/arnaou/checkpoints/groupgat_Omega_trial_2403_best_state.pt,"{'learning_rate': 0.004587264908953516, 'lr_reduce': 0.6}",TPESampler,COMPLETE
2404,0.060288362205028534,2025-04-26 06:30:58.224886,2025-04-26 06:32:06.198034,0 days 00:01:07.973148,0.0017882457137825235,128,1,2,48,0.12293658461967165,208,4,1,96,0.22530577074078775,48,2,3,48,0.23965859279510246,376,128.0,304.0,3,1,0.00023467100936208673,0.6,/work3/arnaou/checkpoints/groupgat_Omega_trial_2404_best_state.pt,"{'learning_rate': 0.00023467100936208673, 'lr_reduce': 0.6}",TPESampler,COMPLETE
2405,0.08735468238592148,2025-04-26 06:31:01.671546,2025-04-26 06:31:37.909718,0 days 00:00:36.238172,0.20144697929133018,80,2,2,64,0.05525503154463285,112,4,1,32,0.26876206647534784,80,1,1,48,0.15372590596832628,488,440.0,384.0,3,2,0.005428297515487982,0.6,/work3/arnaou/checkpoints/groupgat_Omega_trial_2405_best_state.pt,"{'learning_rate': 0.005428297515487982, 'lr_reduce': 0.6}",TPESampler,COMPLETE
2406,0.09772910922765732,2025-04-26 06:31:38.192879,2025-04-26 06:33:14.329455,0 days 00:01:36.136576,0.08712237901097632,208,1,1,32,0.18820376048299445,160,3,1,64,0.27783104332179986,48,2,2,64,0.2709908137594671,432,136.0,,2,1,0.00013232843649464286,0.6,/work3/arnaou/checkpoints/groupgat_Omega_trial_2406_best_state.pt,"{'learning_rate': 0.00013232843649464286, 'lr_reduce': 0.6}",TPESampler,COMPLETE
2407,0.06075945124030113,2025-04-26 06:31:45.366890,2025-04-26 06:32:38.474598,0 days 00:00:53.107708,0.06754902046960025,208,1,1,32,0.15724592706197893,208,4,1,80,0.2897976904368787,48,1,2,48,0.26272811244545635,360,480.0,,2,1,0.00041323686224117515,0.6,/work3/arnaou/checkpoints/groupgat_Omega_trial_2407_best_state.pt,"{'learning_rate': 0.00041323686224117515, 'lr_reduce': 0.6}",TPESampler,COMPLETE
