number,value,datetime_start,datetime_complete,duration,params_L1_dropout,params_L1_hidden_dim,params_L1_layers_atom,params_L1_layers_mol,params_L1_out_dim,params_L2_dropout,params_L2_hidden_dim,params_L2_layers_atom,params_L2_layers_mol,params_L2_out_dim,params_L3_dropout,params_L3_hidden_dim,params_L3_layers_atom,params_L3_layers_mol,params_L3_out_dim,params_final_dropout,params_mlp_dim_0,params_mlp_dim_1,params_mlp_dim_2,params_n_mlp_layers,params_num_heads,params_train_learning_rate,params_train_lr_reduce,user_attrs_best_state_dict_path,user_attrs_training_params,system_attrs_auto:sampler,state
1573,0.10398823767900467,2025-04-26 01:00:35.942789,2025-04-26 01:02:23.098756,0 days 00:01:47.155967,0.2044429268453968,176,2,3,32,0.135521130271285,176,4,2,32,0.26348466225689904,32,2,3,128,0.24284656255497586,296,472.0,184.0,3,2,0.00024139166427995145,0.6,/work3/arnaou/checkpoints/groupgat_Omega_trial_1573_best_state.pt,"{'learning_rate': 0.00024139166427995145, 'lr_reduce': 0.6}",TPESampler,COMPLETE
1574,0.07262919843196869,2025-04-26 01:00:55.066057,2025-04-26 01:01:35.690812,0 days 00:00:40.624755,0.1503434596811298,224,2,1,32,0.24068233949516815,256,4,1,112,0.13529066695970285,96,3,2,96,0.27852392950949684,288,344.0,288.0,3,2,0.0017786639354253596,0.6,/work3/arnaou/checkpoints/groupgat_Omega_trial_1574_best_state.pt,"{'learning_rate': 0.0017786639354253596, 'lr_reduce': 0.6}",TPESampler,COMPLETE
1575,0.05239832401275635,2025-04-26 01:01:36.025776,2025-04-26 01:02:54.140877,0 days 00:01:18.115101,0.01908247866064712,240,1,1,64,0.24003799518375415,240,4,1,128,0.10620063213289849,32,3,1,96,0.27133880928222287,504,104.0,,2,2,0.00024322788774552148,0.6,/work3/arnaou/checkpoints/groupgat_Omega_trial_1575_best_state.pt,"{'learning_rate': 0.00024322788774552148, 'lr_reduce': 0.6}",TPESampler,COMPLETE
1576,0.09088685363531113,2025-04-26 01:02:23.396390,2025-04-26 01:04:15.174876,0 days 00:01:51.778486,0.2840733778147577,176,1,4,112,0.02916969674312367,192,1,3,32,0.18966712819908932,80,2,3,128,0.24430809124479264,264,400.0,,2,2,0.008147735825764993,0.6,/work3/arnaou/checkpoints/groupgat_Omega_trial_1576_best_state.pt,"{'learning_rate': 0.008147735825764993, 'lr_reduce': 0.6}",TPESampler,COMPLETE
1577,0.08244462311267853,2025-04-26 01:02:32.066265,2025-04-26 01:04:00.304172,0 days 00:01:28.237907,0.13602867568763605,160,3,2,32,0.23059172964969823,208,4,2,32,0.19478231920156652,48,3,2,112,0.29461917749350625,424,112.0,448.0,3,2,0.00039971649671487213,0.6,/work3/arnaou/checkpoints/groupgat_Omega_trial_1577_best_state.pt,"{'learning_rate': 0.00039971649671487213, 'lr_reduce': 0.6}",TPESampler,COMPLETE
1578,0.05409620329737663,2025-04-26 01:02:54.470340,2025-04-26 01:04:37.067125,0 days 00:01:42.596785,0.028076668855116317,208,1,2,32,0.1962757707311751,256,4,2,48,0.2905324974338863,48,2,2,96,0.2797992807253593,408,192.0,344.0,3,2,0.00025701590347910894,0.6,/work3/arnaou/checkpoints/groupgat_Omega_trial_1578_best_state.pt,"{'learning_rate': 0.00025701590347910894, 'lr_reduce': 0.6}",TPESampler,COMPLETE
1579,0.059910848736763,2025-04-26 01:04:00.709827,2025-04-26 01:05:43.939403,0 days 00:01:43.229576,0.09188433223911768,176,1,2,32,0.0865017668966612,240,4,3,80,0.29695587431654735,48,2,2,64,0.2890530301767019,248,480.0,384.0,3,2,0.0003015158464084033,0.6,/work3/arnaou/checkpoints/groupgat_Omega_trial_1579_best_state.pt,"{'learning_rate': 0.0003015158464084033, 'lr_reduce': 0.6}",TPESampler,COMPLETE
1580,0.06701512634754181,2025-04-26 01:04:15.534195,2025-04-26 01:05:49.300203,0 days 00:01:33.766008,0.041306457035443306,240,1,1,128,0.17995996516944074,176,4,1,112,0.2956965719896718,96,3,4,48,0.20634194286868937,456,336.0,248.0,3,2,0.0036967500046821192,0.6,/work3/arnaou/checkpoints/groupgat_Omega_trial_1580_best_state.pt,"{'learning_rate': 0.0036967500046821192, 'lr_reduce': 0.6}",TPESampler,COMPLETE
1581,0.08910073339939117,2025-04-26 01:04:37.400378,2025-04-26 01:05:51.081252,0 days 00:01:13.680874,0.29072097712216727,96,1,3,128,0.18179701113207453,112,4,4,48,0.21367269463024657,128,2,2,48,0.18362552129909765,32,,,1,1,0.00020572788748451055,0.6,/work3/arnaou/checkpoints/groupgat_Omega_trial_1581_best_state.pt,"{'learning_rate': 0.00020572788748451055, 'lr_reduce': 0.6}",TPESampler,COMPLETE
1582,0.05799619480967522,2025-04-26 01:05:44.207573,2025-04-26 01:06:47.860282,0 days 00:01:03.652709,0.02262549889011128,176,1,1,80,0.09847962433236883,256,4,1,112,0.24179372118842027,128,3,2,96,0.2619229053019395,440,160.0,312.0,3,2,0.0004584657644447706,0.6,/work3/arnaou/checkpoints/groupgat_Omega_trial_1582_best_state.pt,"{'learning_rate': 0.0004584657644447706, 'lr_reduce': 0.6}",TPESampler,COMPLETE
1583,0.06733105331659317,2025-04-26 01:05:49.645442,2025-04-26 01:07:04.389679,0 days 00:01:14.744237,0.006666314561711337,240,1,2,48,0.2454726037777918,256,1,3,128,0.28826299660735155,80,2,3,80,0.1853613148327108,352,432.0,,2,2,0.003331029840336739,0.6,/work3/arnaou/checkpoints/groupgat_Omega_trial_1583_best_state.pt,"{'learning_rate': 0.003331029840336739, 'lr_reduce': 0.6}",TPESampler,COMPLETE
1584,0.10502023994922638,2025-04-26 01:05:51.333474,2025-04-26 01:06:56.390859,0 days 00:01:05.057385,0.2239460512080516,144,4,3,64,0.20101282588602945,112,3,2,112,0.2799710527492818,32,1,1,48,0.2130884244638494,344,208.0,,2,1,0.00043385421723334894,0.6,/work3/arnaou/checkpoints/groupgat_Omega_trial_1584_best_state.pt,"{'learning_rate': 0.00043385421723334894, 'lr_reduce': 0.6}",TPESampler,COMPLETE
1585,0.06419812142848969,2025-04-26 01:06:48.131028,2025-04-26 01:07:55.863748,0 days 00:01:07.732720,0.0232524613989532,192,1,1,96,0.2775303119486031,240,4,2,128,0.2552696321565247,96,1,2,64,0.2646113722864507,504,104.0,344.0,3,2,0.0003987350565988692,0.6,/work3/arnaou/checkpoints/groupgat_Omega_trial_1585_best_state.pt,"{'learning_rate': 0.0003987350565988692, 'lr_reduce': 0.6}",TPESampler,COMPLETE
1586,0.06653428077697754,2025-04-26 01:06:56.645772,2025-04-26 01:07:53.978138,0 days 00:00:57.332366,0.098496281262003,192,1,3,32,0.07857675433146696,240,4,1,128,0.24734610865506917,48,2,2,128,0.18323272346153285,288,208.0,288.0,3,1,0.0011353886825182236,0.6,/work3/arnaou/checkpoints/groupgat_Omega_trial_1586_best_state.pt,"{'learning_rate': 0.0011353886825182236, 'lr_reduce': 0.6}",TPESampler,COMPLETE
1587,0.07027698308229446,2025-04-26 01:07:04.754122,2025-04-26 01:07:57.155626,0 days 00:00:52.401504,0.0025212639988985187,256,1,1,32,0.12842847495994342,240,3,1,112,0.27348497066569843,48,1,1,48,0.1603564769393575,392,152.0,408.0,3,1,0.0007663362782893475,0.6,/work3/arnaou/checkpoints/groupgat_Omega_trial_1587_best_state.pt,"{'learning_rate': 0.0007663362782893475, 'lr_reduce': 0.6}",TPESampler,COMPLETE
1588,0.25745317339897156,2025-04-26 01:07:54.315157,2025-04-26 01:08:48.766506,0 days 00:00:54.451349,0.27936855976197034,192,2,3,32,0.15275808237587626,112,4,3,48,0.23973617313643814,96,1,3,96,0.13909652962298372,96,,,1,1,0.004456349158916595,0.6,/work3/arnaou/checkpoints/groupgat_Omega_trial_1588_best_state.pt,"{'learning_rate': 0.004456349158916595, 'lr_reduce': 0.6}",TPESampler,COMPLETE
1589,0.09233681857585907,2025-04-26 01:07:56.114504,2025-04-26 01:08:46.618437,0 days 00:00:50.503933,0.22909594737409866,160,4,3,128,0.23755837447384426,160,1,1,48,0.1593578929908209,48,1,4,48,0.0852778091836454,288,,,1,1,0.0005881203276378272,0.6,/work3/arnaou/checkpoints/groupgat_Omega_trial_1589_best_state.pt,"{'learning_rate': 0.0005881203276378272, 'lr_reduce': 0.6}",TPESampler,COMPLETE
1590,0.06646968424320221,2025-04-26 01:07:57.400265,2025-04-26 01:08:59.948865,0 days 00:01:02.548600,0.01002257814395381,240,1,2,112,0.12665029175155407,240,3,3,80,0.29178369008467214,112,2,1,80,0.2503776224157728,384,392.0,352.0,3,2,0.0011743661230660726,0.6,/work3/arnaou/checkpoints/groupgat_Omega_trial_1590_best_state.pt,"{'learning_rate': 0.0011743661230660726, 'lr_reduce': 0.6}",TPESampler,COMPLETE
1591,0.0764402523636818,2025-04-26 01:08:46.894440,2025-04-26 01:09:40.808578,0 days 00:00:53.914138,0.12089404794219809,128,1,1,32,0.19960166402018054,80,2,3,128,0.29478713810291746,48,3,3,32,0.21837400685917452,496,,,1,1,0.006166377286628865,0.6,/work3/arnaou/checkpoints/groupgat_Omega_trial_1591_best_state.pt,"{'learning_rate': 0.006166377286628865, 'lr_reduce': 0.6}",TPESampler,COMPLETE
1592,0.07864345610141754,2025-04-26 01:08:49.030092,2025-04-26 01:10:12.649190,0 days 00:01:23.619098,0.1864822264007742,64,4,4,80,0.13604484203102446,96,3,2,32,0.06660296971587264,64,1,1,32,0.29893691229303215,216,440.0,,2,2,0.007360725766511716,0.6,/work3/arnaou/checkpoints/groupgat_Omega_trial_1592_best_state.pt,"{'learning_rate': 0.007360725766511716, 'lr_reduce': 0.6}",TPESampler,COMPLETE
1593,0.07742133736610413,2025-04-26 01:09:00.204662,2025-04-26 01:10:42.745187,0 days 00:01:42.540525,0.07395961434532022,256,1,1,96,0.123146616205488,192,4,3,80,0.13496148895082813,48,4,4,80,0.10109587440962707,448,200.0,,2,2,0.00027795175678435087,0.6,/work3/arnaou/checkpoints/groupgat_Omega_trial_1593_best_state.pt,"{'learning_rate': 0.00027795175678435087, 'lr_reduce': 0.6}",TPESampler,COMPLETE
1594,0.07725674659013748,2025-04-26 01:09:41.112481,2025-04-26 01:10:29.429834,0 days 00:00:48.317353,0.2510614678354022,240,3,3,64,0.14508179503702692,144,4,3,64,0.08673225862410625,128,2,2,128,0.139709939877517,72,328.0,240.0,3,1,0.0034160768241911325,0.6,/work3/arnaou/checkpoints/groupgat_Omega_trial_1594_best_state.pt,"{'learning_rate': 0.0034160768241911325, 'lr_reduce': 0.6}",TPESampler,COMPLETE
1595,0.06521863490343094,2025-04-26 01:10:13.007096,2025-04-26 01:11:12.728216,0 days 00:00:59.721120,0.004504583983084266,224,3,1,32,0.14226017804196509,224,4,1,80,0.10880268292047325,64,2,2,80,0.2793098474932884,464,120.0,320.0,3,2,0.0009456538974093215,0.6,/work3/arnaou/checkpoints/groupgat_Omega_trial_1595_best_state.pt,"{'learning_rate': 0.0009456538974093215, 'lr_reduce': 0.6}",TPESampler,COMPLETE
1596,0.05905117467045784,2025-04-26 01:10:29.751931,2025-04-26 01:12:13.793861,0 days 00:01:44.041930,0.08662335404118879,240,2,1,80,0.08904766110466072,224,4,2,128,0.23012741766189898,32,3,3,64,0.2607353865265634,480,512.0,376.0,3,2,0.00041666215794830037,0.6,/work3/arnaou/checkpoints/groupgat_Omega_trial_1596_best_state.pt,"{'learning_rate': 0.00041666215794830037, 'lr_reduce': 0.6}",TPESampler,COMPLETE
1597,0.06094780191779137,2025-04-26 01:10:43.104333,2025-04-26 01:12:17.818570,0 days 00:01:34.714237,0.006899692875791438,256,2,1,80,0.28273494009298916,224,3,2,128,0.24563012440403742,48,2,2,96,0.23922061908963932,456,208.0,280.0,3,2,0.0005273291279789635,0.6,/work3/arnaou/checkpoints/groupgat_Omega_trial_1597_best_state.pt,"{'learning_rate': 0.0005273291279789635, 'lr_reduce': 0.6}",TPESampler,COMPLETE
1598,0.054471906274557114,2025-04-26 01:11:13.139541,2025-04-26 01:12:17.505536,0 days 00:01:04.365995,0.005665722426952319,256,2,1,48,0.14337332334678768,256,4,1,96,0.07783167857190383,48,3,1,80,0.2490913684789402,512,160.0,328.0,3,2,0.0006643160511796177,0.6,/work3/arnaou/checkpoints/groupgat_Omega_trial_1598_best_state.pt,"{'learning_rate': 0.0006643160511796177, 'lr_reduce': 0.6}",TPESampler,COMPLETE
1599,0.05142425000667572,2025-04-26 01:12:14.058545,2025-04-26 01:13:35.233062,0 days 00:01:21.174517,0.02198637099064743,192,1,1,48,0.05534930051321156,80,4,2,128,0.14582399308698848,64,4,2,80,0.008314398220728589,400,,,1,2,0.00023081107687592054,0.6,/work3/arnaou/checkpoints/groupgat_Omega_trial_1599_best_state.pt,"{'learning_rate': 0.00023081107687592054, 'lr_reduce': 0.6}",TPESampler,COMPLETE
1600,0.10769716650247574,2025-04-26 01:12:17.763823,2025-04-26 01:13:35.992050,0 days 00:01:18.228227,0.20086461170100178,192,2,2,48,0.08740799975521511,112,3,2,128,0.10384025619349134,128,3,4,128,0.14646912776374676,152,448.0,192.0,3,1,0.0004245561702319581,0.6,/work3/arnaou/checkpoints/groupgat_Omega_trial_1600_best_state.pt,"{'learning_rate': 0.0004245561702319581, 'lr_reduce': 0.6}",TPESampler,COMPLETE
1601,0.05817733332514763,2025-04-26 01:12:18.176340,2025-04-26 01:14:08.099211,0 days 00:01:49.922871,0.037708017161860036,256,2,2,48,0.10421379242828077,256,4,1,128,0.10602265639393246,48,3,1,96,0.25683646127200527,512,104.0,384.0,3,2,0.00013230228107680183,0.6,/work3/arnaou/checkpoints/groupgat_Omega_trial_1601_best_state.pt,"{'learning_rate': 0.00013230228107680183, 'lr_reduce': 0.6}",TPESampler,COMPLETE
1602,0.08436236530542374,2025-04-26 01:13:35.498082,2025-04-26 01:14:51.233376,0 days 00:01:15.735294,0.08042235329490224,240,4,2,96,0.29552576217858306,192,1,1,64,0.0393359193731533,64,3,4,96,0.18791094000436867,272,480.0,280.0,3,2,0.0001552770221982132,0.6,/work3/arnaou/checkpoints/groupgat_Omega_trial_1602_best_state.pt,"{'learning_rate': 0.0001552770221982132, 'lr_reduce': 0.6}",TPESampler,COMPLETE
1603,0.056080903857946396,2025-04-26 01:13:36.285328,2025-04-26 01:14:29.264958,0 days 00:00:52.979630,0.11515832406536991,240,1,1,48,0.2559640762479119,240,3,1,64,0.29756757956577135,96,1,1,64,0.2902399753609479,480,312.0,320.0,3,2,0.00046694212307668543,0.6,/work3/arnaou/checkpoints/groupgat_Omega_trial_1603_best_state.pt,"{'learning_rate': 0.00046694212307668543, 'lr_reduce': 0.6}",TPESampler,COMPLETE
1604,0.06434930860996246,2025-04-26 01:14:08.426913,2025-04-26 01:16:01.370851,0 days 00:01:52.943938,0.1118189258037913,208,2,1,64,0.24139928222422483,224,2,3,128,0.14979398963938093,64,1,2,96,0.2928761906972505,360,224.0,360.0,3,2,0.0003485801585400784,0.6,/work3/arnaou/checkpoints/groupgat_Omega_trial_1604_best_state.pt,"{'learning_rate': 0.0003485801585400784, 'lr_reduce': 0.6}",TPESampler,COMPLETE
1605,0.05433114245533943,2025-04-26 01:14:29.913110,2025-04-26 01:15:50.769833,0 days 00:01:20.856723,0.025774948065539503,256,1,2,64,0.15850954620606264,224,4,2,128,0.01342177019441955,48,2,1,96,0.28230036300519284,464,400.0,424.0,3,2,0.00018580912105500285,0.6,/work3/arnaou/checkpoints/groupgat_Omega_trial_1605_best_state.pt,"{'learning_rate': 0.00018580912105500285, 'lr_reduce': 0.6}",TPESampler,COMPLETE
1606,0.06539429724216461,2025-04-26 01:14:51.577085,2025-04-26 01:15:44.633024,0 days 00:00:53.055939,0.07917185484425643,176,1,4,112,0.17911986934699642,192,4,2,48,0.259175687207359,96,1,4,32,0.006402303920125113,456,168.0,256.0,3,2,0.002038424637059103,0.6,/work3/arnaou/checkpoints/groupgat_Omega_trial_1606_best_state.pt,"{'learning_rate': 0.002038424637059103, 'lr_reduce': 0.6}",TPESampler,COMPLETE
1607,0.05553688853979111,2025-04-26 01:15:44.910227,2025-04-26 01:16:51.227505,0 days 00:01:06.317278,0.034117995770634256,160,2,2,32,0.13727966996794438,160,4,1,80,0.20471300556894628,48,2,1,96,0.25129933421148465,448,248.0,328.0,3,1,0.00037877104184141875,0.6,/work3/arnaou/checkpoints/groupgat_Omega_trial_1607_best_state.pt,"{'learning_rate': 0.00037877104184141875, 'lr_reduce': 0.6}",TPESampler,COMPLETE
1608,0.07223338633775711,2025-04-26 01:15:51.054406,2025-04-26 01:16:58.346384,0 days 00:01:07.291978,0.004743618005620141,176,2,1,80,0.18197968376919674,208,4,2,80,0.241407344860281,48,3,3,96,0.2994466108231758,448,144.0,368.0,3,2,0.0015441536439567282,0.6,/work3/arnaou/checkpoints/groupgat_Omega_trial_1608_best_state.pt,"{'learning_rate': 0.0015441536439567282, 'lr_reduce': 0.6}",TPESampler,COMPLETE
1609,0.05884920433163643,2025-04-26 01:16:01.675018,2025-04-26 01:17:19.701719,0 days 00:01:18.026701,0.09659040272039686,176,2,2,48,0.07385559726808658,224,4,2,80,0.29466344918018006,32,2,2,80,0.27893270871191,432,208.0,296.0,3,2,0.00027630130932245915,0.6,/work3/arnaou/checkpoints/groupgat_Omega_trial_1609_best_state.pt,"{'learning_rate': 0.00027630130932245915, 'lr_reduce': 0.6}",TPESampler,COMPLETE
1610,0.826167643070221,2025-04-26 01:16:51.523279,2025-04-26 01:17:03.783185,0 days 00:00:12.259906,0.24106050344264368,64,3,4,48,0.1438594993999172,176,1,4,112,0.2331256403465441,128,1,3,96,0.024780158813986958,504,456.0,336.0,3,1,0.0020499910980654843,0.6,/work3/arnaou/checkpoints/groupgat_Omega_trial_1610_best_state.pt,"{'learning_rate': 0.0020499910980654843, 'lr_reduce': 0.6}",TPESampler,COMPLETE
1611,0.07284782826900482,2025-04-26 01:16:58.618925,2025-04-26 01:17:58.222556,0 days 00:00:59.603631,0.046949972211418986,208,4,2,128,0.19811519917271875,240,1,2,112,0.25459693938124395,64,4,3,128,0.14092368433912392,56,280.0,232.0,3,1,0.004238337074680738,0.6,/work3/arnaou/checkpoints/groupgat_Omega_trial_1611_best_state.pt,"{'learning_rate': 0.004238337074680738, 'lr_reduce': 0.6}",TPESampler,COMPLETE
1612,0.05476829782128334,2025-04-26 01:17:04.142659,2025-04-26 01:18:07.761078,0 days 00:01:03.618419,0.10594722635570408,256,1,1,80,0.06860999937111781,176,3,1,80,0.0011019605714583935,32,3,3,128,0.22516083165417658,296,104.0,408.0,3,2,0.0008954729470725645,0.6,/work3/arnaou/checkpoints/groupgat_Omega_trial_1612_best_state.pt,"{'learning_rate': 0.0008954729470725645, 'lr_reduce': 0.6}",TPESampler,COMPLETE
1613,0.09781032055616379,2025-04-26 01:17:20.006279,2025-04-26 01:18:45.117629,0 days 00:01:25.111350,0.12919187814799285,224,2,2,32,0.15443627418669767,224,3,2,32,0.26608142915882416,48,3,2,80,0.1847746191874151,384,232.0,,2,2,0.0001005163595304174,0.6,/work3/arnaou/checkpoints/groupgat_Omega_trial_1613_best_state.pt,"{'learning_rate': 0.0001005163595304174, 'lr_reduce': 0.6}",TPESampler,COMPLETE
1614,0.05356751009821892,2025-04-26 01:17:58.574017,2025-04-26 01:19:14.388697,0 days 00:01:15.814680,0.03300914369204826,160,2,1,32,0.17085166536998517,240,4,1,80,0.10143610124883641,80,2,2,128,0.2978393994974843,480,360.0,288.0,3,2,0.00041618607116698434,0.6,/work3/arnaou/checkpoints/groupgat_Omega_trial_1614_best_state.pt,"{'learning_rate': 0.00041618607116698434, 'lr_reduce': 0.6}",TPESampler,COMPLETE
1615,0.0580609105527401,2025-04-26 01:18:08.081071,2025-04-26 01:19:40.243071,0 days 00:01:32.162000,0.0015477191703922241,256,1,1,96,0.16886870579805624,128,4,2,32,0.24975530736368265,32,4,3,80,0.11757492080359583,488,192.0,96.0,3,2,0.000317960131145844,0.6,/work3/arnaou/checkpoints/groupgat_Omega_trial_1615_best_state.pt,"{'learning_rate': 0.000317960131145844, 'lr_reduce': 0.6}",TPESampler,COMPLETE
1616,0.11078785359859467,2025-04-26 01:18:45.422582,2025-04-26 01:19:57.067653,0 days 00:01:11.645071,0.25753019780104003,96,1,1,128,0.11623027326590794,160,2,3,48,0.1755771965017628,112,3,3,64,0.2551850353733284,304,,,1,1,0.0001415514389450551,0.6,/work3/arnaou/checkpoints/groupgat_Omega_trial_1616_best_state.pt,"{'learning_rate': 0.0001415514389450551, 'lr_reduce': 0.6}",TPESampler,COMPLETE
1617,0.1306123435497284,2025-04-26 01:19:14.654946,2025-04-26 01:20:31.730325,0 days 00:01:17.075379,0.07753129798386764,240,2,1,96,0.18605838779574108,128,4,3,48,0.17607721973326015,96,4,4,80,0.18150252466760394,488,480.0,360.0,3,2,0.0003457985731535605,0.6,/work3/arnaou/checkpoints/groupgat_Omega_trial_1617_best_state.pt,"{'learning_rate': 0.0003457985731535605, 'lr_reduce': 0.6}",TPESampler,COMPLETE
1618,0.055209338665008545,2025-04-26 01:19:40.514414,2025-04-26 01:21:13.212554,0 days 00:01:32.698140,0.034762641215781,256,1,1,64,0.12576351013800316,256,4,1,112,0.11713615183645573,96,3,2,64,0.26128333086128874,472,304.0,312.0,3,2,0.00012907939224459527,0.6,/work3/arnaou/checkpoints/groupgat_Omega_trial_1618_best_state.pt,"{'learning_rate': 0.00012907939224459527, 'lr_reduce': 0.6}",TPESampler,COMPLETE
1619,0.06761696934700012,2025-04-26 01:19:57.310488,2025-04-26 01:21:22.456315,0 days 00:01:25.145827,0.19826667277986448,80,1,2,64,0.034501244005601894,256,1,1,64,0.035896508622192846,64,2,1,32,0.08270284952075152,48,432.0,376.0,3,2,0.0045068365238073345,0.6,/work3/arnaou/checkpoints/groupgat_Omega_trial_1619_best_state.pt,"{'learning_rate': 0.0045068365238073345, 'lr_reduce': 0.6}",TPESampler,COMPLETE
1620,0.07376323640346527,2025-04-26 01:20:32.034039,2025-04-26 01:21:41.614406,0 days 00:01:09.580367,0.0892162517992689,256,3,2,48,0.251686193617346,80,3,3,112,0.07025256865921335,64,3,3,80,0.23323616009430959,160,152.0,,2,2,0.00879648585796562,0.6,/work3/arnaou/checkpoints/groupgat_Omega_trial_1620_best_state.pt,"{'learning_rate': 0.00879648585796562, 'lr_reduce': 0.6}",TPESampler,COMPLETE
1621,0.05967627838253975,2025-04-26 01:21:13.480302,2025-04-26 01:22:08.953944,0 days 00:00:55.473642,0.03530351893647347,176,1,2,80,0.02117548923693857,176,3,3,96,0.26026316656406345,32,3,4,48,0.17071044651509998,440,88.0,272.0,3,1,0.0014257795861419799,0.6,/work3/arnaou/checkpoints/groupgat_Omega_trial_1621_best_state.pt,"{'learning_rate': 0.0014257795861419799, 'lr_reduce': 0.6}",TPESampler,COMPLETE
1622,0.08983708918094635,2025-04-26 01:21:22.782623,2025-04-26 01:22:00.847854,0 days 00:00:38.065231,0.07627855646466018,176,3,3,96,0.06231490343042673,224,3,3,48,0.23184867537560913,80,3,1,32,0.0636609189387614,480,256.0,176.0,3,1,0.0034857560804398007,0.6,/work3/arnaou/checkpoints/groupgat_Omega_trial_1622_best_state.pt,"{'learning_rate': 0.0034857560804398007, 'lr_reduce': 0.6}",TPESampler,COMPLETE
1623,0.0692576989531517,2025-04-26 01:21:41.901249,2025-04-26 01:22:59.953205,0 days 00:01:18.051956,0.28819141557272,128,4,1,48,0.20257975042504472,256,3,4,112,0.24076927563894995,96,1,1,128,0.15659322129634443,112,200.0,,2,2,0.0006366287281367542,0.6,/work3/arnaou/checkpoints/groupgat_Omega_trial_1623_best_state.pt,"{'learning_rate': 0.0006366287281367542, 'lr_reduce': 0.6}",TPESampler,COMPLETE
1624,0.06256578117609024,2025-04-26 01:22:01.094741,2025-04-26 01:22:55.380073,0 days 00:00:54.285332,0.029674696062873214,192,1,1,80,0.1957286115847704,224,4,2,112,0.2558697612316552,128,1,2,80,0.2582476499346077,472,400.0,440.0,3,2,0.002641878786261196,0.6,/work3/arnaou/checkpoints/groupgat_Omega_trial_1624_best_state.pt,"{'learning_rate': 0.002641878786261196, 'lr_reduce': 0.6}",TPESampler,COMPLETE
