number,value,datetime_start,datetime_complete,duration,params_L1_dropout,params_L1_hidden_dim,params_L1_layers_atom,params_L1_layers_mol,params_L1_out_dim,params_L2_dropout,params_L2_hidden_dim,params_L2_layers_atom,params_L2_layers_mol,params_L2_out_dim,params_L3_dropout,params_L3_hidden_dim,params_L3_layers_atom,params_L3_layers_mol,params_L3_out_dim,params_final_dropout,params_mlp_dim_0,params_mlp_dim_1,params_mlp_dim_2,params_n_mlp_layers,params_num_heads,params_train_learning_rate,params_train_lr_reduce,user_attrs_best_state_dict_path,user_attrs_training_params,system_attrs_auto:sampler,state
2408,0.892266571521759,2025-04-26 06:32:06.487675,2025-04-26 06:32:25.000515,0 days 00:00:18.512840,0.24158899167705478,80,4,4,48,0.11796761250663548,144,4,1,128,0.12571618148753713,96,2,3,48,0.03545621852769147,184,400.0,288.0,3,2,0.0001249465060963428,0.6,/work3/arnaou/checkpoints/groupgat_Omega_trial_2408_best_state.pt,"{'learning_rate': 0.0001249465060963428, 'lr_reduce': 0.6}",TPESampler,COMPLETE
2409,0.052495669573545456,2025-04-26 06:32:25.254292,2025-04-26 06:33:34.634812,0 days 00:01:09.380520,0.023661876327759936,144,1,3,64,0.17277107516720996,208,3,1,112,0.211079803474703,80,3,3,96,0.2967613049090693,392,72.0,328.0,3,1,0.0006373635063424143,0.6,/work3/arnaou/checkpoints/groupgat_Omega_trial_2409_best_state.pt,"{'learning_rate': 0.0006373635063424143, 'lr_reduce': 0.6}",TPESampler,COMPLETE
2410,0.048954956233501434,2025-04-26 06:32:38.705672,2025-04-26 06:33:53.877227,0 days 00:01:15.171555,0.043294638453924617,256,2,1,64,0.2195777520467245,240,3,3,112,0.2982414112784738,64,1,1,64,0.2310444280486679,368,144.0,216.0,3,2,0.0003711088117970072,0.6,/work3/arnaou/checkpoints/groupgat_Omega_trial_2410_best_state.pt,"{'learning_rate': 0.0003711088117970072, 'lr_reduce': 0.6}",TPESampler,COMPLETE
2411,0.060407791286706924,2025-04-26 06:33:14.641276,2025-04-26 06:34:23.471300,0 days 00:01:08.830024,0.033154208349653554,176,1,1,48,0.06265881531533828,240,4,1,112,0.27088438228909134,64,2,2,48,0.26462975722992804,264,440.0,,2,1,0.0002156589905937141,0.6,/work3/arnaou/checkpoints/groupgat_Omega_trial_2411_best_state.pt,"{'learning_rate': 0.0002156589905937141, 'lr_reduce': 0.6}",TPESampler,COMPLETE
2412,0.06842420250177383,2025-04-26 06:33:35.324551,2025-04-26 06:34:42.067484,0 days 00:01:06.742933,0.0784564111227934,208,1,3,48,0.22871131121130484,208,4,2,112,0.27520421143296725,64,2,2,64,0.24306597853137663,376,64.0,,2,1,0.0002532786054735466,0.6,/work3/arnaou/checkpoints/groupgat_Omega_trial_2412_best_state.pt,"{'learning_rate': 0.0002532786054735466, 'lr_reduce': 0.6}",TPESampler,COMPLETE
2413,0.09148246794939041,2025-04-26 06:33:54.173430,2025-04-26 06:35:28.083393,0 days 00:01:33.909963,0.12892494455323875,112,4,3,64,0.12863578999079997,224,2,3,48,0.056414735507139796,112,1,1,96,0.2638487492089486,224,,,1,2,0.003749496507126541,0.6,/work3/arnaou/checkpoints/groupgat_Omega_trial_2413_best_state.pt,"{'learning_rate': 0.003749496507126541, 'lr_reduce': 0.6}",TPESampler,COMPLETE
2414,0.06656491756439209,2025-04-26 06:34:23.722782,2025-04-26 06:35:30.318588,0 days 00:01:06.595806,0.1932472852730682,240,4,4,96,0.04140002601863825,192,2,2,96,0.0680746362199263,112,1,2,112,0.26208067451814526,120,,,1,1,0.00035518478128248525,0.6,/work3/arnaou/checkpoints/groupgat_Omega_trial_2414_best_state.pt,"{'learning_rate': 0.00035518478128248525, 'lr_reduce': 0.6}",TPESampler,COMPLETE
2415,0.10919312387704849,2025-04-26 06:34:42.330676,2025-04-26 06:36:20.547686,0 days 00:01:38.217010,0.04619753361410944,240,2,1,80,0.2570861015070426,208,4,4,96,0.2723834156204205,80,1,1,96,0.15869741326007197,408,104.0,136.0,3,2,0.00023609447083276178,0.6,/work3/arnaou/checkpoints/groupgat_Omega_trial_2415_best_state.pt,"{'learning_rate': 0.00023609447083276178, 'lr_reduce': 0.6}",TPESampler,COMPLETE
2416,0.0721314325928688,2025-04-26 06:35:28.352245,2025-04-26 06:36:17.188096,0 days 00:00:48.835851,0.06911752005610985,256,2,1,96,0.2858080547191554,176,2,3,80,0.2592727902503062,64,1,1,64,0.19224888043841284,288,112.0,192.0,3,2,0.0016176417220721132,0.6,/work3/arnaou/checkpoints/groupgat_Omega_trial_2416_best_state.pt,"{'learning_rate': 0.0016176417220721132, 'lr_reduce': 0.6}",TPESampler,COMPLETE
2417,0.05963652580976486,2025-04-26 06:35:30.494583,2025-04-26 06:36:45.666703,0 days 00:01:15.172120,0.03703038499327721,176,1,2,96,0.10792473628851468,208,3,3,64,0.17913754148932146,32,4,4,80,0.12727931799023798,408,112.0,200.0,3,2,0.0006998549419249719,0.6,/work3/arnaou/checkpoints/groupgat_Omega_trial_2417_best_state.pt,"{'learning_rate': 0.0006998549419249719, 'lr_reduce': 0.6}",TPESampler,COMPLETE
2418,0.16032391786575317,2025-04-26 06:36:17.376817,2025-04-26 06:37:30.843118,0 days 00:01:13.466301,0.17807071989109655,240,1,4,32,0.2732707382608731,96,1,4,48,0.118398166921761,128,1,2,64,0.16286906007848614,448,,,1,1,0.000194299972261281,0.6,/work3/arnaou/checkpoints/groupgat_Omega_trial_2418_best_state.pt,"{'learning_rate': 0.000194299972261281, 'lr_reduce': 0.6}",TPESampler,COMPLETE
2419,0.10806412249803543,2025-04-26 06:36:20.704122,2025-04-26 06:37:46.883815,0 days 00:01:26.179693,0.238155873753781,80,2,3,128,0.1945288259301809,224,2,1,128,0.019996606956215718,80,1,4,80,0.1575143436723242,408,128.0,,2,1,0.008099188984550568,0.6,/work3/arnaou/checkpoints/groupgat_Omega_trial_2419_best_state.pt,"{'learning_rate': 0.008099188984550568, 'lr_reduce': 0.6}",TPESampler,COMPLETE
2420,0.10117939114570618,2025-04-26 06:36:45.923024,2025-04-26 06:37:41.636570,0 days 00:00:55.713546,0.1810855143972722,240,4,4,32,0.14822565952297373,96,2,1,80,0.2562417095349506,128,2,4,112,0.003051331979565669,248,136.0,,2,1,0.00017769361895376103,0.6,/work3/arnaou/checkpoints/groupgat_Omega_trial_2420_best_state.pt,"{'learning_rate': 0.00017769361895376103, 'lr_reduce': 0.6}",TPESampler,COMPLETE
2421,0.056887440383434296,2025-04-26 06:37:31.126322,2025-04-26 06:38:41.241432,0 days 00:01:10.115110,0.02764087316490142,176,1,2,32,0.03706179750650491,112,4,1,128,0.2968425170265143,48,3,2,96,0.1424570607685855,432,128.0,176.0,3,2,0.0005431934902486635,0.6,/work3/arnaou/checkpoints/groupgat_Omega_trial_2421_best_state.pt,"{'learning_rate': 0.0005431934902486635, 'lr_reduce': 0.6}",TPESampler,COMPLETE
2422,0.07769094407558441,2025-04-26 06:37:41.931562,2025-04-26 06:39:02.113196,0 days 00:01:20.181634,0.04272093450064296,192,3,1,64,0.17998165314380077,112,4,4,32,0.15099704400852312,64,1,2,96,0.07709273816956022,296,,,1,2,0.00030487347162386094,0.6,/work3/arnaou/checkpoints/groupgat_Omega_trial_2422_best_state.pt,"{'learning_rate': 0.00030487347162386094, 'lr_reduce': 0.6}",TPESampler,COMPLETE
2423,0.05926390364766121,2025-04-26 06:37:47.272312,2025-04-26 06:38:56.426851,0 days 00:01:09.154539,0.1386312947319845,256,2,1,96,0.10362442319929786,224,4,2,112,0.18157962227437335,48,3,1,64,0.1753524327990495,496,88.0,232.0,3,1,0.00030537996618471973,0.6,/work3/arnaou/checkpoints/groupgat_Omega_trial_2423_best_state.pt,"{'learning_rate': 0.00030537996618471973, 'lr_reduce': 0.6}",TPESampler,COMPLETE
2424,0.3507739305496216,2025-04-26 06:38:41.478648,2025-04-26 06:39:02.699772,0 days 00:00:21.221124,0.24735201121383932,256,3,3,128,0.028414414158977636,176,4,4,64,0.15579886181559377,32,3,1,64,0.09851915642572384,464,96.0,160.0,3,1,0.005960565282548902,0.6,/work3/arnaou/checkpoints/groupgat_Omega_trial_2424_best_state.pt,"{'learning_rate': 0.005960565282548902, 'lr_reduce': 0.6}",TPESampler,COMPLETE
2425,0.7764565348625183,2025-04-26 06:38:56.691543,2025-04-26 06:39:08.053834,0 days 00:00:11.362291,0.22633986563941635,240,3,3,128,0.28446299821649634,256,3,2,32,0.13508843606860804,112,3,3,48,0.29220902468127696,416,32.0,,2,1,0.006370438995062849,0.6,/work3/arnaou/checkpoints/groupgat_Omega_trial_2425_best_state.pt,"{'learning_rate': 0.006370438995062849, 'lr_reduce': 0.6}",TPESampler,COMPLETE
2426,0.05881449207663536,2025-04-26 06:39:02.407571,2025-04-26 06:40:14.550539,0 days 00:01:12.142968,0.023242608024294092,192,1,2,32,0.02972383192736762,256,4,1,80,0.2587329159814121,64,2,2,64,0.29142284343416114,448,,,1,1,0.000150696951578331,0.6,/work3/arnaou/checkpoints/groupgat_Omega_trial_2426_best_state.pt,"{'learning_rate': 0.000150696951578331, 'lr_reduce': 0.6}",TPESampler,COMPLETE
2427,0.05209758132696152,2025-04-26 06:39:03.129809,2025-04-26 06:40:00.673277,0 days 00:00:57.543468,0.018787001409984943,128,1,2,32,0.2024980688123163,176,3,1,128,0.28625116186353344,64,3,1,32,0.29273453070331734,352,144.0,,2,1,0.000435551048555883,0.6,/work3/arnaou/checkpoints/groupgat_Omega_trial_2427_best_state.pt,"{'learning_rate': 0.000435551048555883, 'lr_reduce': 0.6}",TPESampler,COMPLETE
2428,0.074553944170475,2025-04-26 06:39:08.336703,2025-04-26 06:40:08.561245,0 days 00:01:00.224542,0.21647652702885917,144,1,2,64,0.07345229166043282,96,2,2,32,0.05935613099081742,80,4,2,80,0.22732275282610231,112,136.0,,2,1,0.00038317840511702285,0.6,/work3/arnaou/checkpoints/groupgat_Omega_trial_2428_best_state.pt,"{'learning_rate': 0.00038317840511702285, 'lr_reduce': 0.6}",TPESampler,COMPLETE
2429,0.09030941873788834,2025-04-26 06:40:00.902679,2025-04-26 06:41:41.377138,0 days 00:01:40.474459,0.004930318132022793,128,2,3,32,0.17032519885380515,224,4,1,96,0.25335902297252855,32,1,2,32,0.2996395515992092,376,104.0,,2,1,0.00011084294572393479,0.6,/work3/arnaou/checkpoints/groupgat_Omega_trial_2429_best_state.pt,"{'learning_rate': 0.00011084294572393479, 'lr_reduce': 0.6}",TPESampler,COMPLETE
2430,0.06954105943441391,2025-04-26 06:40:08.828718,2025-04-26 06:41:15.916521,0 days 00:01:07.087803,0.19274513916514174,144,1,3,48,0.23853561849489419,144,3,1,48,0.03892080936662433,112,4,3,128,0.1987346155322388,200,64.0,,2,2,0.0012689910893878007,0.6,/work3/arnaou/checkpoints/groupgat_Omega_trial_2430_best_state.pt,"{'learning_rate': 0.0012689910893878007, 'lr_reduce': 0.6}",TPESampler,COMPLETE
2431,0.10576885938644409,2025-04-26 06:40:14.953765,2025-04-26 06:42:00.073574,0 days 00:01:45.119809,0.2764684015118965,80,1,1,80,0.014063293021026158,240,1,3,112,0.0920655442160001,64,3,1,128,0.1742236757945969,360,104.0,,2,1,0.009069692340656242,0.6,/work3/arnaou/checkpoints/groupgat_Omega_trial_2431_best_state.pt,"{'learning_rate': 0.009069692340656242, 'lr_reduce': 0.6}",TPESampler,COMPLETE
2432,0.07674131542444229,2025-04-26 06:41:16.198487,2025-04-26 06:43:03.757364,0 days 00:01:47.558877,0.024949680520597484,80,4,4,32,0.02420419622421946,80,1,1,96,0.024889566347760267,96,4,3,48,0.2916541295207647,512,,,1,2,0.00019292063592702568,0.6,/work3/arnaou/checkpoints/groupgat_Omega_trial_2432_best_state.pt,"{'learning_rate': 0.00019292063592702568, 'lr_reduce': 0.6}",TPESampler,COMPLETE
2433,0.060380592942237854,2025-04-26 06:41:41.608299,2025-04-26 06:42:58.669974,0 days 00:01:17.061675,0.035647175689443436,256,2,3,80,0.07272912788652924,256,3,2,128,0.09380801145120563,32,3,2,80,0.292415788862398,464,128.0,248.0,3,2,0.0004318439969257158,0.6,/work3/arnaou/checkpoints/groupgat_Omega_trial_2433_best_state.pt,"{'learning_rate': 0.0004318439969257158, 'lr_reduce': 0.6}",TPESampler,COMPLETE
2434,0.07237578928470612,2025-04-26 06:42:00.382021,2025-04-26 06:42:58.475011,0 days 00:00:58.092990,0.053554993844459005,208,2,2,48,0.12035601790353315,176,4,2,96,0.2564603401652922,96,4,1,32,0.23145821597412947,360,,,1,1,0.00011272744122628563,0.6,/work3/arnaou/checkpoints/groupgat_Omega_trial_2434_best_state.pt,"{'learning_rate': 0.00011272744122628563, 'lr_reduce': 0.6}",TPESampler,COMPLETE
2435,0.05624612048268318,2025-04-26 06:42:58.713120,2025-04-26 06:43:57.298830,0 days 00:00:58.585710,0.1098381492065664,144,1,3,48,0.15877606703788966,256,4,1,80,0.19108019330400933,64,3,1,32,0.28475813579127335,344,32.0,,2,1,0.000303267722158228,0.6,/work3/arnaou/checkpoints/groupgat_Omega_trial_2435_best_state.pt,"{'learning_rate': 0.000303267722158228, 'lr_reduce': 0.6}",TPESampler,COMPLETE
2436,0.0618823766708374,2025-04-26 06:42:58.881082,2025-04-26 06:44:33.215267,0 days 00:01:34.334185,0.11401187052039202,256,2,1,96,0.21027221347657601,240,2,3,128,0.2089211552818554,48,1,1,48,0.17149843218777203,344,32.0,232.0,3,2,0.00032418997216796853,0.6,/work3/arnaou/checkpoints/groupgat_Omega_trial_2436_best_state.pt,"{'learning_rate': 0.00032418997216796853, 'lr_reduce': 0.6}",TPESampler,COMPLETE
2437,0.05162622034549713,2025-04-26 06:43:04.053486,2025-04-26 06:44:27.235819,0 days 00:01:23.182333,0.00035717972471020765,224,2,2,80,0.06224107591483699,176,4,1,96,0.02018880578576357,64,4,4,96,0.14119126690895947,504,88.0,,2,2,0.00037057785744679995,0.6,/work3/arnaou/checkpoints/groupgat_Omega_trial_2437_best_state.pt,"{'learning_rate': 0.00037057785744679995, 'lr_reduce': 0.6}",TPESampler,COMPLETE
2438,0.09627944976091385,2025-04-26 06:43:57.552569,2025-04-26 06:45:05.569491,0 days 00:01:08.016922,0.06549775100253542,240,1,2,112,0.23184860987747355,64,3,2,80,0.22132129117377353,64,3,4,112,0.2758066396192704,72,144.0,,2,1,0.00019723338632487308,0.6,/work3/arnaou/checkpoints/groupgat_Omega_trial_2438_best_state.pt,"{'learning_rate': 0.00019723338632487308, 'lr_reduce': 0.6}",TPESampler,COMPLETE
2439,0.07023841887712479,2025-04-26 06:44:27.419406,2025-04-26 06:45:48.548991,0 days 00:01:21.129585,0.07232650290694102,208,2,2,64,0.2747749668321392,64,1,3,96,0.2119604713184586,128,2,4,112,0.05914595447259807,320,88.0,,2,2,0.000342975236323533,0.6,/work3/arnaou/checkpoints/groupgat_Omega_trial_2439_best_state.pt,"{'learning_rate': 0.000342975236323533, 'lr_reduce': 0.6}",TPESampler,COMPLETE
2440,0.05711221694946289,2025-04-26 06:44:33.482031,2025-04-26 06:45:45.777856,0 days 00:01:12.295825,0.11467179509210368,256,1,1,32,0.1860601782558493,176,4,1,32,0.24287964747570673,48,1,1,80,0.16842243139933688,440,480.0,168.0,3,2,0.0004490844913356683,0.6,/work3/arnaou/checkpoints/groupgat_Omega_trial_2440_best_state.pt,"{'learning_rate': 0.0004490844913356683, 'lr_reduce': 0.6}",TPESampler,COMPLETE
2441,0.08868932723999023,2025-04-26 06:45:05.822953,2025-04-26 06:46:21.997184,0 days 00:01:16.174231,0.034626265648899715,256,2,1,64,0.27418460361794356,256,3,2,96,0.27340726169478674,80,2,3,64,0.2618795632257371,384,144.0,192.0,3,1,0.0001926971894582929,0.6,/work3/arnaou/checkpoints/groupgat_Omega_trial_2441_best_state.pt,"{'learning_rate': 0.0001926971894582929, 'lr_reduce': 0.6}",TPESampler,COMPLETE
2442,0.05645572021603584,2025-04-26 06:45:46.054314,2025-04-26 06:47:15.990330,0 days 00:01:29.936016,0.034782503497165704,256,2,1,64,0.18592040880628286,256,2,4,96,0.2976503229427577,64,2,1,64,0.25004946768401926,392,144.0,232.0,3,2,0.00024879919955887383,0.6,/work3/arnaou/checkpoints/groupgat_Omega_trial_2442_best_state.pt,"{'learning_rate': 0.00024879919955887383, 'lr_reduce': 0.6}",TPESampler,COMPLETE
2443,0.05573152378201485,2025-04-26 06:45:48.774027,2025-04-26 06:46:55.308146,0 days 00:01:06.534119,0.05709057592429103,160,1,3,48,0.10743457733866073,240,3,1,96,0.28673235902326955,64,2,1,32,0.2569731079604907,472,,,1,1,0.00047295033312973623,0.6,/work3/arnaou/checkpoints/groupgat_Omega_trial_2443_best_state.pt,"{'learning_rate': 0.00047295033312973623, 'lr_reduce': 0.6}",TPESampler,COMPLETE
2444,0.07299152761697769,2025-04-26 06:46:22.294498,2025-04-26 06:47:22.147475,0 days 00:00:59.852977,0.08914507116043978,256,2,1,112,0.006732247386871337,112,1,3,128,0.10130305579898237,128,3,3,96,0.10783775211386412,432,440.0,,2,1,0.00015959746009220032,0.6,/work3/arnaou/checkpoints/groupgat_Omega_trial_2444_best_state.pt,"{'learning_rate': 0.00015959746009220032, 'lr_reduce': 0.6}",TPESampler,COMPLETE
2445,0.07453156262636185,2025-04-26 06:46:55.588724,2025-04-26 06:47:26.925740,0 days 00:00:31.337016,0.14440855800629404,240,1,1,80,0.15680497375888428,176,4,1,96,0.2212500937884871,112,4,4,128,0.24042192709147786,432,392.0,200.0,3,1,0.0022596029745278632,0.6,/work3/arnaou/checkpoints/groupgat_Omega_trial_2445_best_state.pt,"{'learning_rate': 0.0022596029745278632, 'lr_reduce': 0.6}",TPESampler,COMPLETE
2446,0.054739583283662796,2025-04-26 06:47:16.228776,2025-04-26 06:48:24.583938,0 days 00:01:08.355162,0.014432768518740802,224,1,1,48,0.23839881757265838,240,3,2,96,0.23495502278360725,48,1,2,96,0.294617189169414,488,72.0,,2,2,0.0007673034577033802,0.6,/work3/arnaou/checkpoints/groupgat_Omega_trial_2446_best_state.pt,"{'learning_rate': 0.0007673034577033802, 'lr_reduce': 0.6}",TPESampler,COMPLETE
2447,0.08035822957754135,2025-04-26 06:47:22.425490,2025-04-26 06:48:29.938436,0 days 00:01:07.512946,0.19191811871043296,192,2,1,64,0.18225060113384958,176,3,2,112,0.27135159078511517,128,4,4,80,0.26585631636100815,320,152.0,184.0,3,1,0.0009162590891229932,0.6,/work3/arnaou/checkpoints/groupgat_Omega_trial_2447_best_state.pt,"{'learning_rate': 0.0009162590891229932, 'lr_reduce': 0.6}",TPESampler,COMPLETE
2448,0.11008258908987045,2025-04-26 06:47:27.243566,2025-04-26 06:48:37.916590,0 days 00:01:10.673024,0.06150656162438947,256,2,1,80,0.199218755562554,240,4,3,128,0.2661848351779,48,1,1,80,0.26453004259274066,424,472.0,176.0,3,2,0.00029468862920513714,0.6,/work3/arnaou/checkpoints/groupgat_Omega_trial_2448_best_state.pt,"{'learning_rate': 0.00029468862920513714, 'lr_reduce': 0.6}",TPESampler,COMPLETE
2449,0.08002177625894547,2025-04-26 06:48:24.814422,2025-04-26 06:49:20.489858,0 days 00:00:55.675436,0.14463738860410172,96,3,4,96,0.2864445170126178,240,3,4,96,0.19873540931317674,32,3,4,112,0.2719435444115103,296,104.0,,2,2,0.0010401791203647093,0.6,/work3/arnaou/checkpoints/groupgat_Omega_trial_2449_best_state.pt,"{'learning_rate': 0.0010401791203647093, 'lr_reduce': 0.6}",TPESampler,COMPLETE
2450,0.08609294891357422,2025-04-26 06:48:30.224289,2025-04-26 06:50:26.724411,0 days 00:01:56.500122,0.2021697145721117,144,4,3,32,0.14463673639294475,192,4,4,80,0.11844899054540414,48,3,2,128,0.20643502136545272,280,,,1,2,0.006118091673206892,0.6,/work3/arnaou/checkpoints/groupgat_Omega_trial_2450_best_state.pt,"{'learning_rate': 0.006118091673206892, 'lr_reduce': 0.6}",TPESampler,COMPLETE
2451,0.0700688287615776,2025-04-26 06:48:38.197930,2025-04-26 06:49:38.096206,0 days 00:00:59.898276,0.23601048612388992,160,3,2,48,0.03191541657821481,224,1,2,80,0.07098667198524976,112,2,4,32,0.031300698619407846,512,64.0,,2,2,0.0019624211946311708,0.6,/work3/arnaou/checkpoints/groupgat_Omega_trial_2451_best_state.pt,"{'learning_rate': 0.0019624211946311708, 'lr_reduce': 0.6}",TPESampler,COMPLETE
2452,0.07826421409845352,2025-04-26 06:49:20.671830,2025-04-26 06:49:55.961124,0 days 00:00:35.289294,0.08682728878394659,240,2,2,80,0.17138173229795856,144,4,2,96,0.19346163287116008,48,2,3,112,0.17852600871663643,448,344.0,200.0,3,2,0.001833083307603119,0.6,/work3/arnaou/checkpoints/groupgat_Omega_trial_2452_best_state.pt,"{'learning_rate': 0.001833083307603119, 'lr_reduce': 0.6}",TPESampler,COMPLETE
2453,0.13313639163970947,2025-04-26 06:49:38.307900,2025-04-26 06:50:26.729682,0 days 00:00:48.421782,0.107046917002978,160,1,4,48,0.18996761150136443,224,4,2,48,0.26953198866579425,96,3,3,112,0.061208914236755674,352,,,1,1,0.006794497965048092,0.6,/work3/arnaou/checkpoints/groupgat_Omega_trial_2453_best_state.pt,"{'learning_rate': 0.006794497965048092, 'lr_reduce': 0.6}",TPESampler,COMPLETE
2454,0.04641369357705116,2025-04-26 06:49:56.169585,2025-04-26 06:51:01.132770,0 days 00:01:04.963185,0.011220803923553978,160,1,2,48,0.18012985363100925,256,4,1,80,0.2711756817494303,32,3,2,48,0.27041256518961615,440,152.0,,2,1,0.00024877036420680923,0.6,/work3/arnaou/checkpoints/groupgat_Omega_trial_2454_best_state.pt,"{'learning_rate': 0.00024877036420680923, 'lr_reduce': 0.6}",TPESampler,COMPLETE
2455,0.07188552618026733,2025-04-26 06:50:26.949905,2025-04-26 06:51:45.265747,0 days 00:01:18.315842,0.11911288684498515,240,2,1,80,0.27972974925311855,256,2,2,128,0.2816407221769955,80,2,3,96,0.25399876742664546,384,408.0,208.0,3,2,0.0009124360175490784,0.6,/work3/arnaou/checkpoints/groupgat_Omega_trial_2455_best_state.pt,"{'learning_rate': 0.0009124360175490784, 'lr_reduce': 0.6}",TPESampler,COMPLETE
2456,0.06753318756818771,2025-04-26 06:50:26.987182,2025-04-26 06:51:34.710070,0 days 00:01:07.722888,0.031533821289380044,144,1,2,32,0.22056542410380492,208,4,1,80,0.2847637338026189,64,2,2,48,0.24165288126864376,272,,,1,1,0.00013771591849794025,0.6,/work3/arnaou/checkpoints/groupgat_Omega_trial_2456_best_state.pt,"{'learning_rate': 0.00013771591849794025, 'lr_reduce': 0.6}",TPESampler,COMPLETE
2457,0.058014050126075745,2025-04-26 06:51:01.325231,2025-04-26 06:52:35.875953,0 days 00:01:34.550722,0.11182625890382418,192,1,1,96,0.1236600607903576,176,4,2,128,0.19566469622226879,32,4,3,80,0.2578431459255449,272,160.0,,2,2,0.00021462081306019716,0.6,/work3/arnaou/checkpoints/groupgat_Omega_trial_2457_best_state.pt,"{'learning_rate': 0.00021462081306019716, 'lr_reduce': 0.6}",TPESampler,COMPLETE
2458,0.09336811304092407,2025-04-26 06:51:34.972689,2025-04-26 06:52:48.749344,0 days 00:01:13.776655,0.06484144199009834,160,1,2,80,0.24712378034073404,208,4,2,80,0.2770085696051854,32,4,2,64,0.29537152189752897,456,160.0,168.0,3,1,0.0005232314274138155,0.6,/work3/arnaou/checkpoints/groupgat_Omega_trial_2458_best_state.pt,"{'learning_rate': 0.0005232314274138155, 'lr_reduce': 0.6}",TPESampler,COMPLETE
2459,0.08076461404561996,2025-04-26 06:51:45.551812,2025-04-26 06:53:06.193675,0 days 00:01:20.641863,0.18143740250201668,96,4,4,64,0.22910511394541683,224,3,1,64,0.0554973925733319,128,4,1,128,0.27871650295023265,304,160.0,,2,2,0.00022940913775748714,0.6,/work3/arnaou/checkpoints/groupgat_Omega_trial_2459_best_state.pt,"{'learning_rate': 0.00022940913775748714, 'lr_reduce': 0.6}",TPESampler,COMPLETE
2460,0.0529315322637558,2025-04-26 06:52:36.076539,2025-04-26 06:53:41.456304,0 days 00:01:05.379765,0.0035025887131044176,160,3,2,80,0.10517846863790187,256,4,2,80,0.2897108459769973,48,3,2,32,0.29782002636388527,416,160.0,232.0,3,1,0.0005356226210255483,0.6,/work3/arnaou/checkpoints/groupgat_Omega_trial_2460_best_state.pt,"{'learning_rate': 0.0005356226210255483, 'lr_reduce': 0.6}",TPESampler,COMPLETE
