number,value,datetime_start,datetime_complete,duration,params_L1_dropout,params_L1_hidden_dim,params_L1_layers_atom,params_L1_layers_mol,params_L1_out_dim,params_L2_dropout,params_L2_hidden_dim,params_L2_layers_atom,params_L2_layers_mol,params_L2_out_dim,params_L3_dropout,params_L3_hidden_dim,params_L3_layers_atom,params_L3_layers_mol,params_L3_out_dim,params_final_dropout,params_mlp_dim_0,params_mlp_dim_1,params_mlp_dim_2,params_n_mlp_layers,params_num_heads,params_train_learning_rate,params_train_lr_reduce,user_attrs_best_state_dict_path,user_attrs_training_params,system_attrs_auto:sampler,state
1729,0.30239158868789673,2025-04-26 02:03:37.190821,2025-04-26 02:04:54.016338,0 days 00:01:16.825517,0.2178898438345387,224,3,3,32,0.12064470112650408,144,2,3,96,0.22596090150257753,80,4,3,32,0.014018981142179476,160,,,1,1,0.009783057850838389,0.6,/work3/arnaou/checkpoints/groupgat_Omega_trial_1729_best_state.pt,"{'learning_rate': 0.009783057850838389, 'lr_reduce': 0.6}",TPESampler,COMPLETE
1730,0.06449680775403976,2025-04-26 02:03:46.380317,2025-04-26 02:04:41.723009,0 days 00:00:55.342692,0.12422524252840454,160,2,1,112,0.15646086798864137,80,2,3,32,0.1958768189801938,128,4,1,80,0.23674118072009642,272,80.0,440.0,3,1,0.008304609734065781,0.6,/work3/arnaou/checkpoints/groupgat_Omega_trial_1730_best_state.pt,"{'learning_rate': 0.008304609734065781, 'lr_reduce': 0.6}",TPESampler,COMPLETE
1731,0.0792943611741066,2025-04-26 02:04:34.172813,2025-04-26 02:05:30.440072,0 days 00:00:56.267259,0.14283388972658342,144,3,4,80,0.022824689317941405,208,2,1,128,0.2946974846944951,128,4,4,64,0.17833708259114756,264,232.0,,2,2,0.003848424504257422,0.6,/work3/arnaou/checkpoints/groupgat_Omega_trial_1731_best_state.pt,"{'learning_rate': 0.003848424504257422, 'lr_reduce': 0.6}",TPESampler,COMPLETE
1732,0.07582451403141022,2025-04-26 02:04:42.005510,2025-04-26 02:06:43.250106,0 days 00:02:01.244596,0.010676159325343243,80,4,3,80,0.19695246450114526,176,1,3,64,0.017789975109836015,64,3,1,112,0.06141638638625037,392,,,1,2,0.000548097734421965,0.6,/work3/arnaou/checkpoints/groupgat_Omega_trial_1732_best_state.pt,"{'learning_rate': 0.000548097734421965, 'lr_reduce': 0.6}",TPESampler,COMPLETE
1733,0.059300992637872696,2025-04-26 02:04:54.336785,2025-04-26 02:06:15.326374,0 days 00:01:20.989589,0.04524708974329346,224,4,4,128,0.26133764841449597,192,1,1,64,0.13344586385499296,32,3,1,48,0.09172707619313715,104,312.0,,2,1,0.00029925564733008326,0.6,/work3/arnaou/checkpoints/groupgat_Omega_trial_1733_best_state.pt,"{'learning_rate': 0.00029925564733008326, 'lr_reduce': 0.6}",TPESampler,COMPLETE
1734,0.062366586178541183,2025-04-26 02:05:30.764135,2025-04-26 02:06:20.379050,0 days 00:00:49.614915,0.04083366592415153,240,2,2,48,0.17966093490254256,256,4,1,112,0.2553316694715308,32,1,3,32,0.18102125806494548,376,208.0,328.0,3,2,0.0009387553088119944,0.6,/work3/arnaou/checkpoints/groupgat_Omega_trial_1734_best_state.pt,"{'learning_rate': 0.0009387553088119944, 'lr_reduce': 0.6}",TPESampler,COMPLETE
1735,0.09384746104478836,2025-04-26 02:06:15.625381,2025-04-26 02:07:23.629099,0 days 00:01:08.003718,0.231229947826462,224,2,3,96,0.12726424442350942,80,4,1,64,0.05261745118111888,80,2,3,128,0.2998189766706511,232,,,1,2,0.0016194599382317305,0.6,/work3/arnaou/checkpoints/groupgat_Omega_trial_1735_best_state.pt,"{'learning_rate': 0.0016194599382317305, 'lr_reduce': 0.6}",TPESampler,COMPLETE
1736,0.07237497717142105,2025-04-26 02:06:20.630509,2025-04-26 02:07:30.124939,0 days 00:01:09.494430,0.28489208963856594,80,1,2,64,0.12710602395465292,176,2,3,112,0.04108646635592485,48,4,4,48,0.24098165441324024,488,112.0,376.0,3,1,0.000467897490310111,0.6,/work3/arnaou/checkpoints/groupgat_Omega_trial_1736_best_state.pt,"{'learning_rate': 0.000467897490310111, 'lr_reduce': 0.6}",TPESampler,COMPLETE
1737,0.053701452910900116,2025-04-26 02:06:43.494154,2025-04-26 02:07:38.757501,0 days 00:00:55.263347,0.004525488520285477,240,2,1,64,0.18395092208354652,256,4,2,112,0.29441836860400633,96,2,1,96,0.2951617052135188,504,512.0,,2,2,0.0005330801106318551,0.6,/work3/arnaou/checkpoints/groupgat_Omega_trial_1737_best_state.pt,"{'learning_rate': 0.0005330801106318551, 'lr_reduce': 0.6}",TPESampler,COMPLETE
1738,0.06177230551838875,2025-04-26 02:07:23.875202,2025-04-26 02:08:15.847097,0 days 00:00:51.971895,0.06232957789224801,176,3,3,112,0.22954330301582526,112,3,2,112,0.29068816774405537,128,3,2,112,0.13276165275764698,256,432.0,288.0,3,1,0.0013634264864628663,0.6,/work3/arnaou/checkpoints/groupgat_Omega_trial_1738_best_state.pt,"{'learning_rate': 0.0013634264864628663, 'lr_reduce': 0.6}",TPESampler,COMPLETE
1739,0.10122469812631607,2025-04-26 02:07:30.422522,2025-04-26 02:08:54.797974,0 days 00:01:24.375452,0.15761843704685058,256,2,2,128,0.20670658972234593,176,4,1,32,0.2922553564090151,80,4,4,96,0.057401032280244554,40,176.0,,2,2,0.00018418885450922844,0.6,/work3/arnaou/checkpoints/groupgat_Omega_trial_1739_best_state.pt,"{'learning_rate': 0.00018418885450922844, 'lr_reduce': 0.6}",TPESampler,COMPLETE
1740,0.09919672459363937,2025-04-26 02:07:39.077745,2025-04-26 02:08:48.472108,0 days 00:01:09.394363,0.13869928202794518,144,2,3,128,0.24382782725629065,96,2,1,112,0.05878507192722622,128,3,2,32,0.15559636179129221,72,,,1,1,0.0001226706312589827,0.6,/work3/arnaou/checkpoints/groupgat_Omega_trial_1740_best_state.pt,"{'learning_rate': 0.0001226706312589827, 'lr_reduce': 0.6}",TPESampler,COMPLETE
1741,0.06346193701028824,2025-04-26 02:08:16.094538,2025-04-26 02:09:41.082467,0 days 00:01:24.987929,0.017855106119793965,256,1,2,48,0.12944560682293282,256,3,1,96,0.2616473672383301,64,1,1,32,0.11184532611321503,408,280.0,,2,2,0.0031046357708599363,0.6,/work3/arnaou/checkpoints/groupgat_Omega_trial_1741_best_state.pt,"{'learning_rate': 0.0031046357708599363, 'lr_reduce': 0.6}",TPESampler,COMPLETE
1742,0.04984871298074722,2025-04-26 02:08:48.727725,2025-04-26 02:10:08.291960,0 days 00:01:19.564235,0.0037100012874907336,240,1,2,32,0.1903629195705586,208,4,2,112,0.23403037552574066,48,1,2,48,0.19822782828707083,496,216.0,336.0,3,2,0.0006776552543509336,0.6,/work3/arnaou/checkpoints/groupgat_Omega_trial_1742_best_state.pt,"{'learning_rate': 0.0006776552543509336, 'lr_reduce': 0.6}",TPESampler,COMPLETE
1743,0.055503714829683304,2025-04-26 02:08:55.150396,2025-04-26 02:10:13.995224,0 days 00:01:18.844828,0.01130963762129552,192,1,2,112,0.17149423625913301,240,3,1,128,0.2848761454585788,112,3,2,64,0.1603341610629068,448,360.0,392.0,3,1,0.00011626905277198944,0.6,/work3/arnaou/checkpoints/groupgat_Omega_trial_1743_best_state.pt,"{'learning_rate': 0.00011626905277198944, 'lr_reduce': 0.6}",TPESampler,COMPLETE
1744,0.06976579129695892,2025-04-26 02:09:41.438892,2025-04-26 02:10:45.915505,0 days 00:01:04.476613,0.22567548390818076,64,4,1,32,0.04332980645597462,256,3,1,112,0.060509106283249556,128,1,4,80,0.2367286830866514,272,144.0,,2,2,0.0006863590792110649,0.6,/work3/arnaou/checkpoints/groupgat_Omega_trial_1744_best_state.pt,"{'learning_rate': 0.0006863590792110649, 'lr_reduce': 0.6}",TPESampler,COMPLETE
1745,0.06131920590996742,2025-04-26 02:10:08.534996,2025-04-26 02:11:22.612293,0 days 00:01:14.077297,0.012577818296026668,256,2,2,32,0.18371848294460497,224,4,2,112,0.28546111553113696,32,3,1,48,0.26316002660501975,488,184.0,296.0,3,1,0.0011413001010975262,0.6,/work3/arnaou/checkpoints/groupgat_Omega_trial_1745_best_state.pt,"{'learning_rate': 0.0011413001010975262, 'lr_reduce': 0.6}",TPESampler,COMPLETE
1746,0.06352519989013672,2025-04-26 02:10:14.271208,2025-04-26 02:11:18.202085,0 days 00:01:03.930877,0.03277406409900048,224,1,1,80,0.12285464193694699,176,4,3,128,0.29144477432272564,96,1,1,80,0.19827191847195735,512,200.0,312.0,3,2,0.0012607155459104312,0.6,/work3/arnaou/checkpoints/groupgat_Omega_trial_1746_best_state.pt,"{'learning_rate': 0.0012607155459104312, 'lr_reduce': 0.6}",TPESampler,COMPLETE
1747,0.05485181882977486,2025-04-26 02:10:46.189852,2025-04-26 02:11:53.929800,0 days 00:01:07.739948,0.09962945212828161,256,2,3,48,0.1581801081087045,224,3,1,64,0.26358859633523357,48,3,2,112,0.2846624694207095,272,192.0,272.0,3,2,0.0005283446799709064,0.6,/work3/arnaou/checkpoints/groupgat_Omega_trial_1747_best_state.pt,"{'learning_rate': 0.0005283446799709064, 'lr_reduce': 0.6}",TPESampler,COMPLETE
1748,0.06207144260406494,2025-04-26 02:11:18.491379,2025-04-26 02:12:34.869646,0 days 00:01:16.378267,0.08921491777298601,224,1,3,48,0.2458961654826923,192,4,3,96,0.16805574841661858,48,1,2,64,0.11091457312965557,432,200.0,320.0,3,2,0.0003603699426159593,0.6,/work3/arnaou/checkpoints/groupgat_Omega_trial_1748_best_state.pt,"{'learning_rate': 0.0003603699426159593, 'lr_reduce': 0.6}",TPESampler,COMPLETE
1749,0.06078341230750084,2025-04-26 02:11:22.896399,2025-04-26 02:12:59.862179,0 days 00:01:36.965780,0.11310578349831465,240,1,1,80,0.09407992602708945,160,4,1,64,0.05591357317587241,64,4,4,64,0.27123476468332547,352,168.0,,2,2,0.00010426755063469714,0.6,/work3/arnaou/checkpoints/groupgat_Omega_trial_1749_best_state.pt,"{'learning_rate': 0.00010426755063469714, 'lr_reduce': 0.6}",TPESampler,COMPLETE
1750,0.05831950157880783,2025-04-26 02:11:54.270183,2025-04-26 02:13:01.914145,0 days 00:01:07.643962,0.08345238927861624,224,1,1,32,0.26828799573090184,160,4,2,112,0.2269711573592666,64,1,1,80,0.1954365394870839,440,216.0,320.0,3,2,0.0008360323568379259,0.6,/work3/arnaou/checkpoints/groupgat_Omega_trial_1750_best_state.pt,"{'learning_rate': 0.0008360323568379259, 'lr_reduce': 0.6}",TPESampler,COMPLETE
1751,0.051812637597322464,2025-04-26 02:12:35.120016,2025-04-26 02:13:40.319811,0 days 00:01:05.199795,0.05465906259624809,256,1,2,64,0.1071298437948798,192,4,3,112,0.22880274756656843,48,1,4,64,0.0788693010789654,512,168.0,224.0,3,2,0.0008819610699918448,0.6,/work3/arnaou/checkpoints/groupgat_Omega_trial_1751_best_state.pt,"{'learning_rate': 0.0008819610699918448, 'lr_reduce': 0.6}",TPESampler,COMPLETE
1752,0.054792046546936035,2025-04-26 02:13:00.101239,2025-04-26 02:14:15.538178,0 days 00:01:15.436939,0.05559547537480328,224,1,2,32,0.17379732978006565,192,4,2,80,0.20274802224752,80,4,4,64,0.29614386178821256,488,208.0,272.0,3,2,0.0009972592278570563,0.6,/work3/arnaou/checkpoints/groupgat_Omega_trial_1752_best_state.pt,"{'learning_rate': 0.0009972592278570563, 'lr_reduce': 0.6}",TPESampler,COMPLETE
1753,0.15000946819782257,2025-04-26 02:13:02.218141,2025-04-26 02:15:06.162992,0 days 00:02:03.944851,0.14125030496027716,112,2,2,64,0.2441405349492885,96,2,4,112,0.01696446732564247,48,2,2,48,0.13642105148100425,480,152.0,320.0,3,1,0.00018470192229498765,0.6,/work3/arnaou/checkpoints/groupgat_Omega_trial_1753_best_state.pt,"{'learning_rate': 0.00018470192229498765, 'lr_reduce': 0.6}",TPESampler,COMPLETE
1754,0.06835177540779114,2025-04-26 02:13:40.625917,2025-04-26 02:15:10.111489,0 days 00:01:29.485572,0.0314199569138231,256,1,1,64,0.022907160489113707,80,2,1,112,0.08433408849219629,48,4,1,64,0.028436980082850775,312,,,1,2,0.0008988164586262667,0.6,/work3/arnaou/checkpoints/groupgat_Omega_trial_1754_best_state.pt,"{'learning_rate': 0.0008988164586262667, 'lr_reduce': 0.6}",TPESampler,COMPLETE
1755,0.05317821726202965,2025-04-26 02:14:15.860093,2025-04-26 02:15:46.359736,0 days 00:01:30.499643,0.06366251850890962,208,1,2,80,0.1604186548128525,192,4,1,128,0.24837253260067826,64,1,2,96,0.1987278491752962,456,216.0,328.0,3,2,0.0003458914157887694,0.6,/work3/arnaou/checkpoints/groupgat_Omega_trial_1755_best_state.pt,"{'learning_rate': 0.0003458914157887694, 'lr_reduce': 0.6}",TPESampler,COMPLETE
1756,0.06250030547380447,2025-04-26 02:15:06.462552,2025-04-26 02:16:34.416523,0 days 00:01:27.953971,0.006881791436775687,208,1,1,32,0.24159021073547937,208,4,2,128,0.1832307943628016,32,1,2,32,0.13643565476392494,464,120.0,272.0,3,2,0.000254699945545497,0.6,/work3/arnaou/checkpoints/groupgat_Omega_trial_1756_best_state.pt,"{'learning_rate': 0.000254699945545497, 'lr_reduce': 0.6}",TPESampler,COMPLETE
1757,0.05773475393652916,2025-04-26 02:15:10.418839,2025-04-26 02:16:20.327578,0 days 00:01:09.908739,0.05313764070377451,256,2,2,64,0.17355208378804526,144,4,2,80,0.21539620082311,32,3,3,80,0.2956620079843211,440,216.0,344.0,3,2,0.0009217432119368512,0.6,/work3/arnaou/checkpoints/groupgat_Omega_trial_1757_best_state.pt,"{'learning_rate': 0.0009217432119368512, 'lr_reduce': 0.6}",TPESampler,COMPLETE
1758,0.06373992562294006,2025-04-26 02:15:46.629673,2025-04-26 02:17:00.277670,0 days 00:01:13.647997,0.12221600009949654,224,2,3,32,0.13967887779800553,192,4,3,80,0.22813071571900423,32,1,2,96,0.19948086139166313,320,176.0,296.0,3,2,0.000840022054715086,0.6,/work3/arnaou/checkpoints/groupgat_Omega_trial_1758_best_state.pt,"{'learning_rate': 0.000840022054715086, 'lr_reduce': 0.6}",TPESampler,COMPLETE
1759,0.07065165042877197,2025-04-26 02:16:20.612762,2025-04-26 02:17:39.842759,0 days 00:01:19.229997,0.17906081336320426,176,3,1,112,0.04414360121779849,240,1,2,48,0.03745829746582016,96,4,1,128,0.1316215220452524,416,72.0,,2,1,0.00021372272185836967,0.6,/work3/arnaou/checkpoints/groupgat_Omega_trial_1759_best_state.pt,"{'learning_rate': 0.00021372272185836967, 'lr_reduce': 0.6}",TPESampler,COMPLETE
1760,0.09032431989908218,2025-04-26 02:16:34.731477,2025-04-26 02:17:20.528288,0 days 00:00:45.796811,0.15836385139882694,112,2,1,64,0.21798739020765084,96,2,2,128,0.07625066220572352,80,3,3,112,0.23003992615375723,48,,,1,1,0.0015417581041032007,0.6,/work3/arnaou/checkpoints/groupgat_Omega_trial_1760_best_state.pt,"{'learning_rate': 0.0015417581041032007, 'lr_reduce': 0.6}",TPESampler,COMPLETE
1761,0.051481738686561584,2025-04-26 02:17:00.497254,2025-04-26 02:18:26.690997,0 days 00:01:26.193743,0.0063585018561235895,256,2,1,48,0.09625537646487714,224,4,1,128,0.07810203390555652,64,2,1,64,0.2879722202148347,296,152.0,240.0,3,2,0.0001615113655550106,0.6,/work3/arnaou/checkpoints/groupgat_Omega_trial_1761_best_state.pt,"{'learning_rate': 0.0001615113655550106, 'lr_reduce': 0.6}",TPESampler,COMPLETE
1762,0.11037478595972061,2025-04-26 02:17:20.739650,2025-04-26 02:18:48.537862,0 days 00:01:27.798212,0.11049447131729903,80,4,4,80,0.17135842022876,64,3,2,80,0.14811690704039024,32,4,2,64,0.17886760810917987,128,216.0,,2,1,0.0009572942381121041,0.6,/work3/arnaou/checkpoints/groupgat_Omega_trial_1762_best_state.pt,"{'learning_rate': 0.0009572942381121041, 'lr_reduce': 0.6}",TPESampler,COMPLETE
1763,0.06091873720288277,2025-04-26 02:17:40.157222,2025-04-26 02:18:59.493703,0 days 00:01:19.336481,0.04344338381521831,256,1,2,48,0.1703836841094887,208,4,3,128,0.27193573616391103,64,1,3,32,0.19971188642301663,448,216.0,336.0,3,2,0.0006042819897069574,0.6,/work3/arnaou/checkpoints/groupgat_Omega_trial_1763_best_state.pt,"{'learning_rate': 0.0006042819897069574, 'lr_reduce': 0.6}",TPESampler,COMPLETE
1764,0.10477961599826813,2025-04-26 02:18:26.969571,2025-04-26 02:19:32.454464,0 days 00:01:05.484893,0.2762734939997179,240,2,1,32,0.19568813417040803,112,2,2,96,0.037923780882313116,48,2,2,48,0.2679859355148316,456,472.0,296.0,3,2,0.00039437913084244407,0.6,/work3/arnaou/checkpoints/groupgat_Omega_trial_1764_best_state.pt,"{'learning_rate': 0.00039437913084244407, 'lr_reduce': 0.6}",TPESampler,COMPLETE
1765,0.1016082614660263,2025-04-26 02:18:48.873964,2025-04-26 02:21:09.371192,0 days 00:02:20.497228,0.17093232011319862,208,3,4,32,0.263393779131069,160,2,4,128,0.2356337141595644,96,4,4,80,0.25574546745617455,400,,,1,2,0.0010973211607680402,0.6,/work3/arnaou/checkpoints/groupgat_Omega_trial_1765_best_state.pt,"{'learning_rate': 0.0010973211607680402, 'lr_reduce': 0.6}",TPESampler,COMPLETE
1766,0.06194782257080078,2025-04-26 02:18:59.737840,2025-04-26 02:20:07.302675,0 days 00:01:07.564835,0.02093382087738969,240,1,3,48,0.22852306418180462,224,4,2,112,0.22378535090572474,32,2,2,64,0.2763198664623738,504,136.0,336.0,3,2,0.0006007398887413026,0.6,/work3/arnaou/checkpoints/groupgat_Omega_trial_1766_best_state.pt,"{'learning_rate': 0.0006007398887413026, 'lr_reduce': 0.6}",TPESampler,COMPLETE
1767,0.04799262061715126,2025-04-26 02:19:32.669108,2025-04-26 02:20:50.978200,0 days 00:01:18.309092,0.012882421513393312,256,1,1,32,0.1941868448356848,208,4,1,128,0.037301506210908074,32,3,1,96,0.24415531953721384,480,184.0,344.0,3,2,0.00025712855417521794,0.6,/work3/arnaou/checkpoints/groupgat_Omega_trial_1767_best_state.pt,"{'learning_rate': 0.00025712855417521794, 'lr_reduce': 0.6}",TPESampler,COMPLETE
1768,0.07533599436283112,2025-04-26 02:20:07.543699,2025-04-26 02:21:07.267109,0 days 00:00:59.723410,0.258257919239083,144,1,2,48,0.21838744232009283,256,1,1,112,0.03479952769370623,96,3,1,96,0.1443085740608462,488,424.0,272.0,3,2,0.00925000386715168,0.6,/work3/arnaou/checkpoints/groupgat_Omega_trial_1768_best_state.pt,"{'learning_rate': 0.00925000386715168, 'lr_reduce': 0.6}",TPESampler,COMPLETE
1769,0.07148007303476334,2025-04-26 02:20:51.248571,2025-04-26 02:21:56.313599,0 days 00:01:05.065028,0.21441888095140654,208,4,3,80,0.20037910774867554,160,1,2,48,0.10999946474087066,64,1,1,80,0.022453410188250034,256,,,1,2,0.0005070498576259032,0.6,/work3/arnaou/checkpoints/groupgat_Omega_trial_1769_best_state.pt,"{'learning_rate': 0.0005070498576259032, 'lr_reduce': 0.6}",TPESampler,COMPLETE
1770,0.22808009386062622,2025-04-26 02:21:07.494823,2025-04-26 02:22:23.811387,0 days 00:01:16.316564,0.04221902339389226,96,4,1,112,0.10462878358040614,240,2,4,48,0.2598723028548381,64,3,4,64,0.16158021719258048,72,,,1,1,0.004348376350972694,0.6,/work3/arnaou/checkpoints/groupgat_Omega_trial_1770_best_state.pt,"{'learning_rate': 0.004348376350972694, 'lr_reduce': 0.6}",TPESampler,COMPLETE
1771,0.054796598851680756,2025-04-26 02:21:09.691528,2025-04-26 02:22:15.234609,0 days 00:01:05.543081,0.007617164948992679,224,2,2,32,0.1933417857954948,192,3,1,112,0.08160941575666675,48,4,1,80,0.24319455731648046,504,144.0,304.0,3,2,0.000414427894303918,0.6,/work3/arnaou/checkpoints/groupgat_Omega_trial_1771_best_state.pt,"{'learning_rate': 0.000414427894303918, 'lr_reduce': 0.6}",TPESampler,COMPLETE
1772,0.07060722261667252,2025-04-26 02:21:56.573087,2025-04-26 02:22:52.206462,0 days 00:00:55.633375,0.1685626853041812,192,1,1,128,0.09621636407733698,224,4,2,96,0.269324213871518,64,4,3,48,0.2440008902540839,504,112.0,296.0,3,2,0.0016281346786356965,0.6,/work3/arnaou/checkpoints/groupgat_Omega_trial_1772_best_state.pt,"{'learning_rate': 0.0016281346786356965, 'lr_reduce': 0.6}",TPESampler,COMPLETE
1773,0.07190421968698502,2025-04-26 02:22:15.481289,2025-04-26 02:23:47.252375,0 days 00:01:31.771086,0.038078285338212885,256,2,1,48,0.1219287916004893,160,4,1,128,0.03141986532768413,32,2,1,80,0.2700581941701236,472,112.0,328.0,3,2,0.00011297024895262693,0.6,/work3/arnaou/checkpoints/groupgat_Omega_trial_1773_best_state.pt,"{'learning_rate': 0.00011297024895262693, 'lr_reduce': 0.6}",TPESampler,COMPLETE
1774,0.05313115939497948,2025-04-26 02:22:24.141141,2025-04-26 02:23:40.448217,0 days 00:01:16.307076,0.04650867039760811,256,1,1,32,0.20989339991629727,240,4,1,112,0.042473655822874365,64,4,1,96,0.2520968581702219,416,160.0,224.0,3,2,0.0005034547643791997,0.6,/work3/arnaou/checkpoints/groupgat_Omega_trial_1774_best_state.pt,"{'learning_rate': 0.0005034547643791997, 'lr_reduce': 0.6}",TPESampler,COMPLETE
1775,0.0635094940662384,2025-04-26 02:22:52.589545,2025-04-26 02:23:45.805139,0 days 00:00:53.215594,0.02946085392620578,208,1,2,64,0.11505173462170441,192,4,3,48,0.1554283580951488,80,3,3,96,0.23472903385593075,456,160.0,272.0,3,2,0.0020955040857926475,0.6,/work3/arnaou/checkpoints/groupgat_Omega_trial_1775_best_state.pt,"{'learning_rate': 0.0020955040857926475, 'lr_reduce': 0.6}",TPESampler,COMPLETE
1776,0.34365272521972656,2025-04-26 02:23:40.706368,2025-04-26 02:24:16.299133,0 days 00:00:35.592765,0.187039974709119,192,2,3,96,0.03767961893259218,80,3,3,64,0.2667306394105672,96,3,3,32,0.07323393472691542,288,,,1,1,0.0023876584689688255,0.6,/work3/arnaou/checkpoints/groupgat_Omega_trial_1776_best_state.pt,"{'learning_rate': 0.0023876584689688255, 'lr_reduce': 0.6}",TPESampler,COMPLETE
1777,0.05225462093949318,2025-04-26 02:23:46.061300,2025-04-26 02:25:36.625203,0 days 00:01:50.563903,0.08336478607212314,256,1,1,64,0.252689761336075,192,4,2,48,0.19543031590883214,64,4,4,80,0.12832434173623192,504,160.0,,2,1,0.0005927901438858411,0.6,/work3/arnaou/checkpoints/groupgat_Omega_trial_1777_best_state.pt,"{'learning_rate': 0.0005927901438858411, 'lr_reduce': 0.6}",TPESampler,COMPLETE
1778,0.05658175051212311,2025-04-26 02:23:47.510870,2025-04-26 02:25:28.413012,0 days 00:01:40.902142,0.015114348198132522,240,1,1,80,0.18731316411517307,256,4,4,128,0.19909007496280867,80,1,3,80,0.2915259418001564,488,176.0,,2,2,0.0007749590256222591,0.6,/work3/arnaou/checkpoints/groupgat_Omega_trial_1778_best_state.pt,"{'learning_rate': 0.0007749590256222591, 'lr_reduce': 0.6}",TPESampler,COMPLETE
1779,0.062540702521801,2025-04-26 02:24:16.528508,2025-04-26 02:26:09.601665,0 days 00:01:53.073157,0.02045450668820089,256,1,2,32,0.2767857268206893,208,4,1,112,0.03324680374868971,48,2,2,80,0.14316969662904006,464,72.0,336.0,3,2,0.00011958513194943581,0.6,/work3/arnaou/checkpoints/groupgat_Omega_trial_1779_best_state.pt,"{'learning_rate': 0.00011958513194943581, 'lr_reduce': 0.6}",TPESampler,COMPLETE
1780,0.06343747675418854,2025-04-26 02:25:28.675827,2025-04-26 02:27:13.801165,0 days 00:01:45.125338,0.09558761404879154,192,2,2,48,0.21428438266768374,240,4,1,64,0.19234250390102148,64,2,3,80,0.2117844476579577,304,120.0,304.0,3,2,0.0001827692001224991,0.6,/work3/arnaou/checkpoints/groupgat_Omega_trial_1780_best_state.pt,"{'learning_rate': 0.0001827692001224991, 'lr_reduce': 0.6}",TPESampler,COMPLETE
