number,value,datetime_start,datetime_complete,duration,params_L1_dropout,params_L1_hidden_dim,params_L1_layers_atom,params_L1_layers_mol,params_L1_out_dim,params_L2_dropout,params_L2_hidden_dim,params_L2_layers_atom,params_L2_layers_mol,params_L2_out_dim,params_L3_dropout,params_L3_hidden_dim,params_L3_layers_atom,params_L3_layers_mol,params_L3_out_dim,params_final_dropout,params_mlp_dim_0,params_mlp_dim_1,params_mlp_dim_2,params_n_mlp_layers,params_num_heads,params_train_learning_rate,params_train_lr_reduce,user_attrs_best_state_dict_path,user_attrs_training_params,system_attrs_auto:sampler,state
1625,0.05334935709834099,2025-04-26 01:22:09.374370,2025-04-26 01:23:11.703000,0 days 00:01:02.328630,0.024528918542257347,224,1,1,96,0.13794337008261143,256,4,2,128,0.21977421606393313,48,4,4,64,0.18401488096622462,488,512.0,336.0,3,2,0.0009942895415350243,0.6,/work3/arnaou/checkpoints/groupgat_Omega_trial_1625_best_state.pt,"{'learning_rate': 0.0009942895415350243, 'lr_reduce': 0.6}",TPESampler,COMPLETE
1626,0.9068959355354309,2025-04-26 01:22:55.743059,2025-04-26 01:23:09.638307,0 days 00:00:13.895248,0.03878490431218963,192,2,4,48,0.10295265617206882,256,4,2,112,0.27545098786293076,80,2,1,112,0.29302764908443457,432,152.0,304.0,3,1,0.00033135514910585876,0.6,/work3/arnaou/checkpoints/groupgat_Omega_trial_1626_best_state.pt,"{'learning_rate': 0.00033135514910585876, 'lr_reduce': 0.6}",TPESampler,COMPLETE
1627,0.11603747308254242,2025-04-26 01:23:00.236725,2025-04-26 01:23:53.753001,0 days 00:00:53.516276,0.15910066053881236,208,2,2,48,0.2109733690284487,144,1,3,112,0.061990317818450824,128,3,4,64,0.16614494531247695,344,232.0,368.0,3,2,0.006957304460066246,0.6,/work3/arnaou/checkpoints/groupgat_Omega_trial_1627_best_state.pt,"{'learning_rate': 0.006957304460066246, 'lr_reduce': 0.6}",TPESampler,COMPLETE
1628,0.25183814764022827,2025-04-26 01:23:09.950119,2025-04-26 01:25:31.138971,0 days 00:02:21.188852,0.23652210776216098,208,2,1,48,0.22017877822971202,64,3,4,80,0.10134447485636078,96,3,3,32,0.2152442162626742,88,296.0,,2,2,0.00010212616033130562,0.6,/work3/arnaou/checkpoints/groupgat_Omega_trial_1628_best_state.pt,"{'learning_rate': 0.00010212616033130562, 'lr_reduce': 0.6}",TPESampler,COMPLETE
1629,0.06359948217868805,2025-04-26 01:23:11.956164,2025-04-26 01:24:02.181519,0 days 00:00:50.225355,0.10047394483895698,64,1,3,32,0.11684890915741734,224,4,4,128,0.15875748398454248,64,3,4,32,0.18333216406710542,248,104.0,240.0,3,2,0.0037075024237511025,0.6,/work3/arnaou/checkpoints/groupgat_Omega_trial_1629_best_state.pt,"{'learning_rate': 0.0037075024237511025, 'lr_reduce': 0.6}",TPESampler,COMPLETE
1630,0.056833598762750626,2025-04-26 01:23:53.999729,2025-04-26 01:25:07.115297,0 days 00:01:13.115568,0.010774159377887645,224,2,1,64,0.18468038446007648,160,3,2,80,0.19596734723779685,64,4,3,64,0.19739626044368075,464,192.0,336.0,3,2,0.0005563241508235302,0.6,/work3/arnaou/checkpoints/groupgat_Omega_trial_1630_best_state.pt,"{'learning_rate': 0.0005563241508235302, 'lr_reduce': 0.6}",TPESampler,COMPLETE
1631,0.05905966833233833,2025-04-26 01:24:02.488510,2025-04-26 01:25:08.523960,0 days 00:01:06.035450,0.09660233731539351,256,1,1,80,0.19093206463652565,128,4,3,64,0.08352010132011232,48,3,3,80,0.16304964163519642,496,440.0,400.0,3,1,0.001072390338494689,0.6,/work3/arnaou/checkpoints/groupgat_Omega_trial_1631_best_state.pt,"{'learning_rate': 0.001072390338494689, 'lr_reduce': 0.6}",TPESampler,COMPLETE
1632,0.06345919519662857,2025-04-26 01:25:07.414823,2025-04-26 01:26:19.217149,0 days 00:01:11.802326,0.028793736244947903,128,1,1,96,0.04923139675066038,224,3,3,64,0.22890573785865537,32,4,3,64,0.16174965642219788,360,264.0,288.0,3,2,0.0018536370670906896,0.6,/work3/arnaou/checkpoints/groupgat_Omega_trial_1632_best_state.pt,"{'learning_rate': 0.0018536370670906896, 'lr_reduce': 0.6}",TPESampler,COMPLETE
1633,0.07159585505723953,2025-04-26 01:25:08.830168,2025-04-26 01:26:20.523488,0 days 00:01:11.693320,0.19916612308759662,256,2,4,128,0.15193099112072225,112,2,3,96,0.2470398071044962,32,3,1,32,0.1153712163213472,248,136.0,80.0,3,1,0.00788150069510999,0.6,/work3/arnaou/checkpoints/groupgat_Omega_trial_1633_best_state.pt,"{'learning_rate': 0.00788150069510999, 'lr_reduce': 0.6}",TPESampler,COMPLETE
1634,0.06069207936525345,2025-04-26 01:25:31.419803,2025-04-26 01:26:31.376102,0 days 00:00:59.956299,0.09097222491183557,176,2,2,48,0.17402574175380434,240,4,1,128,0.20253041020403287,64,2,2,96,0.2598320991298495,320,480.0,328.0,3,1,0.0005089709013297284,0.6,/work3/arnaou/checkpoints/groupgat_Omega_trial_1634_best_state.pt,"{'learning_rate': 0.0005089709013297284, 'lr_reduce': 0.6}",TPESampler,COMPLETE
1635,0.049908190965652466,2025-04-26 01:26:19.634640,2025-04-26 01:27:18.981703,0 days 00:00:59.347063,0.023018984677838306,256,1,2,32,0.19720467492327454,256,4,1,112,0.21743248298684936,48,1,2,32,0.1687127744069666,456,216.0,360.0,3,2,0.00047385654941933743,0.6,/work3/arnaou/checkpoints/groupgat_Omega_trial_1635_best_state.pt,"{'learning_rate': 0.00047385654941933743, 'lr_reduce': 0.6}",TPESampler,COMPLETE
1636,0.05867478623986244,2025-04-26 01:26:20.810856,2025-04-26 01:27:27.028794,0 days 00:01:06.217938,0.14398249138297783,240,1,1,64,0.13270757484328258,144,4,2,96,0.25203953952626196,32,4,3,48,0.23065034116988758,480,328.0,264.0,3,1,0.0009939931656771713,0.6,/work3/arnaou/checkpoints/groupgat_Omega_trial_1636_best_state.pt,"{'learning_rate': 0.0009939931656771713, 'lr_reduce': 0.6}",TPESampler,COMPLETE
1637,0.050595417618751526,2025-04-26 01:26:31.685396,2025-04-26 01:27:36.653122,0 days 00:01:04.967726,0.04929623117069169,176,1,1,80,0.16379740115303845,240,4,1,112,0.22331495355674902,112,4,1,48,0.16754133136361316,496,248.0,,2,2,0.00040627421715543245,0.6,/work3/arnaou/checkpoints/groupgat_Omega_trial_1637_best_state.pt,"{'learning_rate': 0.00040627421715543245, 'lr_reduce': 0.6}",TPESampler,COMPLETE
1638,0.10101981461048126,2025-04-26 01:27:19.339154,2025-04-26 01:28:30.973340,0 days 00:01:11.634186,0.07345614238023554,112,3,2,32,0.24448887628009142,128,2,4,64,0.23897530942257483,32,1,4,128,0.06473417411884583,344,,,1,1,0.0007715386052855798,0.6,/work3/arnaou/checkpoints/groupgat_Omega_trial_1638_best_state.pt,"{'learning_rate': 0.0007715386052855798, 'lr_reduce': 0.6}",TPESampler,COMPLETE
1639,0.05357350409030914,2025-04-26 01:27:27.284732,2025-04-26 01:28:46.275567,0 days 00:01:18.990835,0.030599474681072956,256,1,2,48,0.20563443412969318,256,4,1,96,0.15271493584509432,32,1,3,32,0.19292283140610197,512,280.0,,2,2,0.00017501436746819073,0.6,/work3/arnaou/checkpoints/groupgat_Omega_trial_1639_best_state.pt,"{'learning_rate': 0.00017501436746819073, 'lr_reduce': 0.6}",TPESampler,COMPLETE
1640,0.07887798547744751,2025-04-26 01:27:37.016746,2025-04-26 01:28:45.250130,0 days 00:01:08.233384,0.0352566915219234,256,3,1,48,0.28361864080770816,224,3,3,128,0.25327694664054307,64,1,2,80,0.1736332470957907,312,240.0,408.0,3,2,0.0002440207179831366,0.6,/work3/arnaou/checkpoints/groupgat_Omega_trial_1640_best_state.pt,"{'learning_rate': 0.0002440207179831366, 'lr_reduce': 0.6}",TPESampler,COMPLETE
1641,0.08698832988739014,2025-04-26 01:28:31.247039,2025-04-26 01:29:39.776661,0 days 00:01:08.529622,0.0024637704595021903,128,2,2,96,0.05229188074620034,208,4,1,112,0.2896370063026668,128,1,3,64,0.2502518259331201,504,272.0,376.0,3,1,0.00016585651951930947,0.6,/work3/arnaou/checkpoints/groupgat_Omega_trial_1641_best_state.pt,"{'learning_rate': 0.00016585651951930947, 'lr_reduce': 0.6}",TPESampler,COMPLETE
1642,0.052477989345788956,2025-04-26 01:28:45.552126,2025-04-26 01:30:04.190423,0 days 00:01:18.638297,0.006605765645600843,208,1,1,48,0.1314011076150179,224,3,1,128,0.26467225550489787,80,2,2,96,0.21709146323738698,440,408.0,392.0,3,2,0.00019965504284795592,0.6,/work3/arnaou/checkpoints/groupgat_Omega_trial_1642_best_state.pt,"{'learning_rate': 0.00019965504284795592, 'lr_reduce': 0.6}",TPESampler,COMPLETE
1643,0.05002148821949959,2025-04-26 01:28:46.527741,2025-04-26 01:30:11.010091,0 days 00:01:24.482350,0.007871876966411933,160,2,1,80,0.14117057994853546,208,4,1,128,0.1918858288851516,112,2,2,96,0.2367145217619407,512,232.0,,2,2,0.000164361568821322,0.6,/work3/arnaou/checkpoints/groupgat_Omega_trial_1643_best_state.pt,"{'learning_rate': 0.000164361568821322, 'lr_reduce': 0.6}",TPESampler,COMPLETE
1644,0.06456589698791504,2025-04-26 01:29:40.068587,2025-04-26 01:31:04.904281,0 days 00:01:24.835694,0.07827920611724976,176,1,1,64,0.04742664240586416,224,3,4,64,0.22724868795192846,32,3,4,64,0.15891481614794717,448,328.0,,2,2,0.0007337958039651486,0.6,/work3/arnaou/checkpoints/groupgat_Omega_trial_1644_best_state.pt,"{'learning_rate': 0.0007337958039651486, 'lr_reduce': 0.6}",TPESampler,COMPLETE
1645,0.055784061551094055,2025-04-26 01:30:04.476362,2025-04-26 01:31:40.897219,0 days 00:01:36.420857,0.16289755549650312,240,1,2,32,0.17704704710297212,256,4,1,96,0.16312144596554573,64,1,2,32,0.2304906651396325,480,72.0,360.0,3,2,0.0003264684933490889,0.6,/work3/arnaou/checkpoints/groupgat_Omega_trial_1645_best_state.pt,"{'learning_rate': 0.0003264684933490889, 'lr_reduce': 0.6}",TPESampler,COMPLETE
1646,0.0515187568962574,2025-04-26 01:30:11.405863,2025-04-26 01:31:58.758573,0 days 00:01:47.352710,0.028647681194104664,256,1,3,48,0.25803335941618977,256,4,1,112,0.18558521885466572,48,1,2,48,0.19437502643486376,408,472.0,448.0,3,2,0.00021714041481476985,0.6,/work3/arnaou/checkpoints/groupgat_Omega_trial_1646_best_state.pt,"{'learning_rate': 0.00021714041481476985, 'lr_reduce': 0.6}",TPESampler,COMPLETE
1647,0.06134703382849693,2025-04-26 01:31:05.185159,2025-04-26 01:32:21.079764,0 days 00:01:15.894605,0.014543367828285093,224,1,2,80,0.13050200536925502,144,4,3,80,0.21788899824152444,48,3,4,80,0.23219837915213834,464,224.0,,2,2,0.0008605331309611879,0.6,/work3/arnaou/checkpoints/groupgat_Omega_trial_1647_best_state.pt,"{'learning_rate': 0.0008605331309611879, 'lr_reduce': 0.6}",TPESampler,COMPLETE
1648,0.1027676984667778,2025-04-26 01:31:41.140208,2025-04-26 01:32:21.548471,0 days 00:00:40.408263,0.07888173732357774,144,4,3,32,0.11947246037003013,192,1,4,96,0.07435391749991184,96,3,3,96,0.21313228737637896,392,,,1,1,0.0015172266928464235,0.6,/work3/arnaou/checkpoints/groupgat_Omega_trial_1648_best_state.pt,"{'learning_rate': 0.0015172266928464235, 'lr_reduce': 0.6}",TPESampler,COMPLETE
1649,0.05839886888861656,2025-04-26 01:31:59.041380,2025-04-26 01:33:09.446827,0 days 00:01:10.405447,0.0682431520475309,176,2,2,48,0.12893527233061963,208,4,1,48,0.2747484742352834,64,2,1,112,0.2711636869029138,368,288.0,360.0,3,2,0.0002603402860093157,0.6,/work3/arnaou/checkpoints/groupgat_Omega_trial_1649_best_state.pt,"{'learning_rate': 0.0002603402860093157, 'lr_reduce': 0.6}",TPESampler,COMPLETE
1650,0.05702288821339607,2025-04-26 01:32:21.379511,2025-04-26 01:33:25.360836,0 days 00:01:03.981325,0.02856573269006987,176,1,2,64,0.12388515346849181,208,4,1,96,0.15721301515789937,64,2,2,112,0.29039114140724015,200,368.0,400.0,3,1,0.0007773498306433349,0.6,/work3/arnaou/checkpoints/groupgat_Omega_trial_1650_best_state.pt,"{'learning_rate': 0.0007773498306433349, 'lr_reduce': 0.6}",TPESampler,COMPLETE
1651,0.052497752010822296,2025-04-26 01:32:21.902572,2025-04-26 01:33:30.545501,0 days 00:01:08.642929,0.038938111132055815,224,2,1,32,0.20426958436915513,224,4,1,96,0.2542736472262587,32,1,1,48,0.16703144698076577,488,440.0,344.0,3,2,0.000388557287448877,0.6,/work3/arnaou/checkpoints/groupgat_Omega_trial_1651_best_state.pt,"{'learning_rate': 0.000388557287448877, 'lr_reduce': 0.6}",TPESampler,COMPLETE
1652,0.05599718168377876,2025-04-26 01:33:09.775414,2025-04-26 01:34:28.829091,0 days 00:01:19.053677,0.035132913061219406,208,1,2,96,0.14458519106150758,112,3,1,80,0.02079772850027107,48,4,3,64,0.19847162908186886,416,256.0,344.0,3,2,0.0002466562794567928,0.6,/work3/arnaou/checkpoints/groupgat_Omega_trial_1652_best_state.pt,"{'learning_rate': 0.0002466562794567928, 'lr_reduce': 0.6}",TPESampler,COMPLETE
1653,0.053118109703063965,2025-04-26 01:33:25.651731,2025-04-26 01:34:20.652852,0 days 00:00:55.001121,0.017664276254378275,224,1,3,64,0.22360070624764813,224,3,1,96,0.21413783483797716,64,1,2,32,0.1638111288423763,488,208.0,376.0,3,2,0.000628476695292998,0.6,/work3/arnaou/checkpoints/groupgat_Omega_trial_1653_best_state.pt,"{'learning_rate': 0.000628476695292998, 'lr_reduce': 0.6}",TPESampler,COMPLETE
1654,0.06389083713293076,2025-04-26 01:33:31.054498,2025-04-26 01:34:50.053996,0 days 00:01:18.999498,0.009253830219847475,256,1,1,112,0.13544457029960583,192,4,3,80,0.1345624732504364,64,4,4,112,0.15559381363655386,504,104.0,320.0,3,2,0.001065995920259478,0.6,/work3/arnaou/checkpoints/groupgat_Omega_trial_1654_best_state.pt,"{'learning_rate': 0.001065995920259478, 'lr_reduce': 0.6}",TPESampler,COMPLETE
1655,0.06199817731976509,2025-04-26 01:34:20.907730,2025-04-26 01:35:33.067429,0 days 00:01:12.159699,0.03200512606384887,240,1,1,32,0.19999270462021787,240,4,1,96,0.10555928596009503,80,1,2,32,0.10747073808252897,440,288.0,336.0,3,2,0.00018235226292209598,0.6,/work3/arnaou/checkpoints/groupgat_Omega_trial_1655_best_state.pt,"{'learning_rate': 0.00018235226292209598, 'lr_reduce': 0.6}",TPESampler,COMPLETE
1656,0.05844271928071976,2025-04-26 01:34:29.225426,2025-04-26 01:35:28.995028,0 days 00:00:59.769602,0.04015170559230386,256,2,2,48,0.29770566246934155,256,1,1,112,0.28949327086270604,48,2,2,80,0.27137001931330756,392,232.0,400.0,3,2,0.0003131341508638029,0.6,/work3/arnaou/checkpoints/groupgat_Omega_trial_1656_best_state.pt,"{'learning_rate': 0.0003131341508638029, 'lr_reduce': 0.6}",TPESampler,COMPLETE
1657,0.06031162291765213,2025-04-26 01:34:50.350083,2025-04-26 01:36:26.989905,0 days 00:01:36.639822,0.055165188369661174,240,1,2,48,0.08682791539004081,80,3,2,128,0.2169339965862484,48,4,2,80,0.032266013981883696,440,,,1,2,0.0005139639295070372,0.6,/work3/arnaou/checkpoints/groupgat_Omega_trial_1657_best_state.pt,"{'learning_rate': 0.0005139639295070372, 'lr_reduce': 0.6}",TPESampler,COMPLETE
1658,0.05937959626317024,2025-04-26 01:35:29.260188,2025-04-26 01:36:51.722814,0 days 00:01:22.462626,0.043368687962947114,224,1,1,80,0.12247830375114552,256,4,1,128,0.22521886024271787,112,1,2,64,0.1454854326594996,488,176.0,304.0,3,2,0.0002101757685291266,0.6,/work3/arnaou/checkpoints/groupgat_Omega_trial_1658_best_state.pt,"{'learning_rate': 0.0002101757685291266, 'lr_reduce': 0.6}",TPESampler,COMPLETE
1659,0.057451579719781876,2025-04-26 01:35:33.408872,2025-04-26 01:36:40.719500,0 days 00:01:07.310628,0.0014811911605230564,192,1,1,32,0.2220866355226673,256,4,1,96,0.07111928802173816,80,3,1,80,0.262232856590214,472,472.0,360.0,3,2,0.00013032841066007715,0.6,/work3/arnaou/checkpoints/groupgat_Omega_trial_1659_best_state.pt,"{'learning_rate': 0.00013032841066007715, 'lr_reduce': 0.6}",TPESampler,COMPLETE
1660,0.0565829798579216,2025-04-26 01:36:27.400980,2025-04-26 01:37:19.186271,0 days 00:00:51.785291,0.04533980998317676,128,1,4,48,0.14459256050503397,224,3,4,80,0.028237125587721026,32,2,2,112,0.09624193903793815,248,72.0,,2,2,0.0021059305753771507,0.6,/work3/arnaou/checkpoints/groupgat_Omega_trial_1660_best_state.pt,"{'learning_rate': 0.0021059305753771507, 'lr_reduce': 0.6}",TPESampler,COMPLETE
1661,0.05114405229687691,2025-04-26 01:36:41.060420,2025-04-26 01:37:41.845924,0 days 00:01:00.785504,0.00995962363180418,256,1,2,96,0.26920157342711926,256,3,2,128,0.25563446220836417,80,1,2,80,0.2546764463998107,232,416.0,424.0,3,2,0.0006097052592156395,0.6,/work3/arnaou/checkpoints/groupgat_Omega_trial_1661_best_state.pt,"{'learning_rate': 0.0006097052592156395, 'lr_reduce': 0.6}",TPESampler,COMPLETE
1662,0.05975959822535515,2025-04-26 01:36:52.014532,2025-04-26 01:37:40.479367,0 days 00:00:48.464835,0.03079568256749176,224,1,2,48,0.19663049642909225,240,4,1,112,0.2287700388722476,48,2,2,64,0.13783831946063985,496,200.0,,2,2,0.001692724436193377,0.6,/work3/arnaou/checkpoints/groupgat_Omega_trial_1662_best_state.pt,"{'learning_rate': 0.001692724436193377, 'lr_reduce': 0.6}",TPESampler,COMPLETE
1663,0.06265581399202347,2025-04-26 01:37:19.527053,2025-04-26 01:38:27.736778,0 days 00:01:08.209725,0.0808967227508883,240,3,2,48,0.2506909615117946,256,2,2,128,0.29375324851560064,80,1,2,96,0.2770899838003836,384,304.0,312.0,3,2,0.0005844816170954239,0.6,/work3/arnaou/checkpoints/groupgat_Omega_trial_1663_best_state.pt,"{'learning_rate': 0.0005844816170954239, 'lr_reduce': 0.6}",TPESampler,COMPLETE
1664,0.055524278432130814,2025-04-26 01:37:40.807394,2025-04-26 01:38:57.111086,0 days 00:01:16.303692,0.03103828235425393,208,2,1,112,0.1534912691007074,160,4,1,96,0.10004263597743696,64,4,3,80,0.1656794956497717,352,248.0,368.0,3,2,0.0008820778958420133,0.6,/work3/arnaou/checkpoints/groupgat_Omega_trial_1664_best_state.pt,"{'learning_rate': 0.0008820778958420133, 'lr_reduce': 0.6}",TPESampler,COMPLETE
1665,0.08666937798261642,2025-04-26 01:37:42.067255,2025-04-26 01:39:30.210466,0 days 00:01:48.143211,0.29824014593684817,224,2,3,64,0.1759608991408955,64,1,4,96,0.08284512100612387,112,1,2,96,0.2195465022439021,416,128.0,304.0,3,2,0.0005913094912857031,0.6,/work3/arnaou/checkpoints/groupgat_Omega_trial_1665_best_state.pt,"{'learning_rate': 0.0005913094912857031, 'lr_reduce': 0.6}",TPESampler,COMPLETE
1666,0.06291841715574265,2025-04-26 01:38:28.033885,2025-04-26 01:39:38.493816,0 days 00:01:10.459931,0.006182284663245517,224,2,1,48,0.09559069848068345,80,3,1,128,0.15881283009021654,80,4,1,64,0.07300650734743938,424,,,1,2,0.0003364754141080154,0.6,/work3/arnaou/checkpoints/groupgat_Omega_trial_1666_best_state.pt,"{'learning_rate': 0.0003364754141080154, 'lr_reduce': 0.6}",TPESampler,COMPLETE
1667,0.09130014479160309,2025-04-26 01:38:57.408144,2025-04-26 01:39:55.500490,0 days 00:00:58.092346,0.06720848748603779,256,3,1,48,0.2870250329001058,208,3,2,128,0.2614140269415925,48,1,2,80,0.27700974728602906,408,432.0,360.0,3,1,0.00028031589005542964,0.6,/work3/arnaou/checkpoints/groupgat_Omega_trial_1667_best_state.pt,"{'learning_rate': 0.00028031589005542964, 'lr_reduce': 0.6}",TPESampler,COMPLETE
1668,0.0745467022061348,2025-04-26 01:39:30.545799,2025-04-26 01:40:51.102943,0 days 00:01:20.557144,0.19967434848527682,160,3,1,64,0.034271596419650135,112,1,2,128,0.1250233728605478,32,1,1,96,0.2420393452088558,400,368.0,,2,2,0.007759819017080335,0.6,/work3/arnaou/checkpoints/groupgat_Omega_trial_1668_best_state.pt,"{'learning_rate': 0.007759819017080335, 'lr_reduce': 0.6}",TPESampler,COMPLETE
1669,0.09051018208265305,2025-04-26 01:39:38.811845,2025-04-26 01:41:04.936222,0 days 00:01:26.124377,0.21215359347654278,224,4,3,112,0.2393070021384629,112,4,4,64,0.21840497651204732,112,4,2,80,0.0329693127236506,424,168.0,,2,1,0.004232936680129962,0.6,/work3/arnaou/checkpoints/groupgat_Omega_trial_1669_best_state.pt,"{'learning_rate': 0.004232936680129962, 'lr_reduce': 0.6}",TPESampler,COMPLETE
1670,0.0685899630188942,2025-04-26 01:39:55.830190,2025-04-26 01:40:59.506186,0 days 00:01:03.675996,0.05635372030962088,240,2,1,96,0.08488332558622727,160,4,2,128,0.2729152539161647,48,4,2,48,0.1586898465174359,496,472.0,272.0,3,2,0.0013880603795923866,0.6,/work3/arnaou/checkpoints/groupgat_Omega_trial_1670_best_state.pt,"{'learning_rate': 0.0013880603795923866, 'lr_reduce': 0.6}",TPESampler,COMPLETE
1671,0.054263170808553696,2025-04-26 01:40:51.361257,2025-04-26 01:42:09.494155,0 days 00:01:18.132898,0.035103732524234856,192,1,1,64,0.1848691399881623,256,4,1,128,0.20893204970231596,96,2,3,64,0.21609421893155525,464,80.0,328.0,3,2,0.00020415777670778249,0.6,/work3/arnaou/checkpoints/groupgat_Omega_trial_1671_best_state.pt,"{'learning_rate': 0.00020415777670778249, 'lr_reduce': 0.6}",TPESampler,COMPLETE
1672,0.059135206043720245,2025-04-26 01:40:59.770479,2025-04-26 01:42:20.314266,0 days 00:01:20.543787,0.08606578722984287,176,2,2,32,0.13300255214662798,192,3,2,64,0.23547821283981082,32,2,2,96,0.28651980097747626,456,224.0,432.0,3,2,0.00026464493312053594,0.6,/work3/arnaou/checkpoints/groupgat_Omega_trial_1672_best_state.pt,"{'learning_rate': 0.00026464493312053594, 'lr_reduce': 0.6}",TPESampler,COMPLETE
1673,0.053053367882966995,2025-04-26 01:41:05.209280,2025-04-26 01:42:20.351178,0 days 00:01:15.141898,0.015262439723471997,208,2,3,48,0.27895310208299356,240,4,1,96,0.17377676738350165,64,1,3,32,0.06610604504065112,224,272.0,,2,2,0.0006378487859281818,0.6,/work3/arnaou/checkpoints/groupgat_Omega_trial_1673_best_state.pt,"{'learning_rate': 0.0006378487859281818, 'lr_reduce': 0.6}",TPESampler,COMPLETE
1674,0.06782779842615128,2025-04-26 01:42:09.896008,2025-04-26 01:43:14.601940,0 days 00:01:04.705932,0.08519481751559618,224,1,2,96,0.12355463495085678,144,3,2,48,0.12810651257545835,64,2,3,64,0.19156601602601492,392,512.0,392.0,3,2,0.0008941236228527881,0.6,/work3/arnaou/checkpoints/groupgat_Omega_trial_1674_best_state.pt,"{'learning_rate': 0.0008941236228527881, 'lr_reduce': 0.6}",TPESampler,COMPLETE
1675,0.07361896336078644,2025-04-26 01:42:20.475202,2025-04-26 01:43:32.425777,0 days 00:01:11.950575,0.08664488045242243,256,2,3,96,0.14205437747857166,160,4,4,64,0.13866319296898003,48,4,1,80,0.2856505275854269,32,,,1,1,0.0011490234130696621,0.6,/work3/arnaou/checkpoints/groupgat_Omega_trial_1675_best_state.pt,"{'learning_rate': 0.0011490234130696621, 'lr_reduce': 0.6}",TPESampler,COMPLETE
1676,0.06198468431830406,2025-04-26 01:42:20.559517,2025-04-26 01:43:21.621010,0 days 00:01:01.061493,0.037273576936586755,176,2,1,48,0.2509105637134537,256,4,1,128,0.11947662105237765,80,1,2,96,0.26778085773917465,456,200.0,344.0,3,2,0.0016036346524044198,0.6,/work3/arnaou/checkpoints/groupgat_Omega_trial_1676_best_state.pt,"{'learning_rate': 0.0016036346524044198, 'lr_reduce': 0.6}",TPESampler,COMPLETE
