number,value,datetime_start,datetime_complete,duration,params_L1_dropout,params_L1_hidden_dim,params_L1_layers_atom,params_L1_layers_mol,params_L1_out_dim,params_L2_dropout,params_L2_hidden_dim,params_L2_layers_atom,params_L2_layers_mol,params_L2_out_dim,params_L3_dropout,params_L3_hidden_dim,params_L3_layers_atom,params_L3_layers_mol,params_L3_out_dim,params_final_dropout,params_mlp_dim_0,params_mlp_dim_1,params_mlp_dim_2,params_n_mlp_layers,params_num_heads,params_train_learning_rate,params_train_lr_reduce,user_attrs_best_state_dict_path,user_attrs_training_params,system_attrs_auto:sampler,state
1521,0.05768764019012451,2025-04-26 00:37:46.242518,2025-04-26 00:38:45.912922,0 days 00:00:59.670404,0.0022465156928549307,256,1,2,80,0.14576192629496776,128,4,2,48,0.1346358366798937,48,4,3,96,0.28517124919212083,504,512.0,264.0,3,2,0.001315468555529433,0.6,/work3/arnaou/checkpoints/groupgat_Omega_trial_1521_best_state.pt,"{'learning_rate': 0.001315468555529433, 'lr_reduce': 0.6}",TPESampler,COMPLETE
1522,0.0729679986834526,2025-04-26 00:37:48.259642,2025-04-26 00:38:55.770496,0 days 00:01:07.510854,0.03374758810516197,224,2,1,96,0.08228923621475576,208,3,2,112,0.14000709017774998,80,3,3,48,0.22083140464150544,440,464.0,408.0,3,2,0.0011763791731042737,0.6,/work3/arnaou/checkpoints/groupgat_Omega_trial_1522_best_state.pt,"{'learning_rate': 0.0011763791731042737, 'lr_reduce': 0.6}",TPESampler,COMPLETE
1523,0.05920733883976936,2025-04-26 00:38:30.342287,2025-04-26 00:40:14.773123,0 days 00:01:44.430836,0.044162302150876284,208,1,1,64,0.10669005558387233,256,4,1,112,0.0900512351906985,48,3,1,112,0.283623357612008,456,376.0,344.0,3,2,0.00011390773399957884,0.6,/work3/arnaou/checkpoints/groupgat_Omega_trial_1523_best_state.pt,"{'learning_rate': 0.00011390773399957884, 'lr_reduce': 0.6}",TPESampler,COMPLETE
1524,0.06030307337641716,2025-04-26 00:38:46.182533,2025-04-26 00:40:11.602476,0 days 00:01:25.419943,0.09668217649619243,208,1,2,32,0.13761357842327296,208,3,2,64,0.132025275595462,48,2,2,96,0.291328909293392,448,448.0,296.0,3,2,0.00020371374714846,0.6,/work3/arnaou/checkpoints/groupgat_Omega_trial_1524_best_state.pt,"{'learning_rate': 0.00020371374714846, 'lr_reduce': 0.6}",TPESampler,COMPLETE
1525,0.05901283025741577,2025-04-26 00:38:56.069680,2025-04-26 00:40:02.184356,0 days 00:01:06.114676,0.030447187259459406,240,2,1,48,0.2901389357016406,240,3,2,96,0.2673293805568911,96,1,3,80,0.2808466498582789,248,384.0,464.0,3,2,0.0006715592962834322,0.6,/work3/arnaou/checkpoints/groupgat_Omega_trial_1525_best_state.pt,"{'learning_rate': 0.0006715592962834322, 'lr_reduce': 0.6}",TPESampler,COMPLETE
1526,0.05845165252685547,2025-04-26 00:40:02.468767,2025-04-26 00:41:18.998758,0 days 00:01:16.529991,0.028792972173635988,240,2,4,112,0.15429874504819996,128,4,1,48,0.19354973785383436,48,2,3,64,0.19810797490219723,496,448.0,360.0,3,2,0.0004705482324260547,0.6,/work3/arnaou/checkpoints/groupgat_Omega_trial_1526_best_state.pt,"{'learning_rate': 0.0004705482324260547, 'lr_reduce': 0.6}",TPESampler,COMPLETE
1527,0.06079092249274254,2025-04-26 00:40:11.888571,2025-04-26 00:41:32.267828,0 days 00:01:20.379257,0.04237433264968068,240,3,1,32,0.06707093850522527,224,3,3,64,0.2756911925810426,32,2,3,80,0.2633437836241844,280,480.0,248.0,3,2,0.0006904897018593103,0.6,/work3/arnaou/checkpoints/groupgat_Omega_trial_1527_best_state.pt,"{'learning_rate': 0.0006904897018593103, 'lr_reduce': 0.6}",TPESampler,COMPLETE
1528,0.06442117691040039,2025-04-26 00:40:15.134317,2025-04-26 00:41:18.990053,0 days 00:01:03.855736,0.054900000568838925,240,2,1,80,0.21793103556306317,240,4,2,128,0.2509341713932736,80,1,2,96,0.294772188059841,392,400.0,320.0,3,2,0.000810098307958512,0.6,/work3/arnaou/checkpoints/groupgat_Omega_trial_1528_best_state.pt,"{'learning_rate': 0.000810098307958512, 'lr_reduce': 0.6}",TPESampler,COMPLETE
1529,0.05987611040472984,2025-04-26 00:41:19.205744,2025-04-26 00:42:30.940426,0 days 00:01:11.734682,0.13838261344356714,240,1,1,32,0.2597600802872261,224,4,1,64,0.22312597716722685,112,1,1,80,0.1667173276925241,488,464.0,384.0,3,2,0.0009262996829007627,0.6,/work3/arnaou/checkpoints/groupgat_Omega_trial_1529_best_state.pt,"{'learning_rate': 0.0009262996829007627, 'lr_reduce': 0.6}",TPESampler,COMPLETE
1530,0.07276984304189682,2025-04-26 00:41:19.278065,2025-04-26 00:42:31.003724,0 days 00:01:11.725659,0.08519410177393316,192,1,2,32,0.2320933408218187,240,3,2,48,0.23566973636299157,48,3,2,96,0.2847737748288784,176,472.0,384.0,3,2,0.000187780951762238,0.6,/work3/arnaou/checkpoints/groupgat_Omega_trial_1530_best_state.pt,"{'learning_rate': 0.000187780951762238, 'lr_reduce': 0.6}",TPESampler,COMPLETE
1531,0.05262443795800209,2025-04-26 00:41:32.596542,2025-04-26 00:42:53.185352,0 days 00:01:20.588810,0.06751077044199229,224,1,2,32,0.2301108528285422,192,4,1,112,0.19597333472370493,64,1,2,80,0.13903829335013596,400,360.0,,2,2,0.00030839521016188105,0.6,/work3/arnaou/checkpoints/groupgat_Omega_trial_1531_best_state.pt,"{'learning_rate': 0.00030839521016188105, 'lr_reduce': 0.6}",TPESampler,COMPLETE
1532,0.06263376772403717,2025-04-26 00:42:31.105875,2025-04-26 00:43:48.843268,0 days 00:01:17.737393,0.10153753721156344,208,2,2,80,0.04411688810872136,224,4,1,96,0.24966523623946324,64,2,2,96,0.26729063253105945,496,416.0,304.0,3,1,0.0008764941091748261,0.6,/work3/arnaou/checkpoints/groupgat_Omega_trial_1532_best_state.pt,"{'learning_rate': 0.0008764941091748261, 'lr_reduce': 0.6}",TPESampler,COMPLETE
1533,0.08148716390132904,2025-04-26 00:42:31.214364,2025-04-26 00:43:31.584963,0 days 00:01:00.370599,0.18412290623094582,224,4,2,96,0.06879833283368085,112,1,4,32,0.25261754328481445,64,3,3,80,0.22177754121314425,272,408.0,,2,2,0.005324749645518715,0.6,/work3/arnaou/checkpoints/groupgat_Omega_trial_1533_best_state.pt,"{'learning_rate': 0.005324749645518715, 'lr_reduce': 0.6}",TPESampler,COMPLETE
1534,0.05615893378853798,2025-04-26 00:42:53.569014,2025-04-26 00:44:08.811581,0 days 00:01:15.242567,0.0075927163526144465,192,1,1,64,0.11367404712819726,240,3,3,96,0.11548984677202354,96,4,2,48,0.2822019061978085,488,160.0,264.0,3,2,0.00020441308443470263,0.6,/work3/arnaou/checkpoints/groupgat_Omega_trial_1534_best_state.pt,"{'learning_rate': 0.00020441308443470263, 'lr_reduce': 0.6}",TPESampler,COMPLETE
1535,0.06481756269931793,2025-04-26 00:43:31.839778,2025-04-26 00:44:30.651363,0 days 00:00:58.811585,0.07292979379313971,208,1,1,48,0.14158643307275226,176,4,2,64,0.2650605864960652,48,4,4,80,0.2026894898559175,488,472.0,344.0,3,2,0.001460825690995474,0.6,/work3/arnaou/checkpoints/groupgat_Omega_trial_1535_best_state.pt,"{'learning_rate': 0.001460825690995474, 'lr_reduce': 0.6}",TPESampler,COMPLETE
1536,0.0689866915345192,2025-04-26 00:43:49.094475,2025-04-26 00:45:27.095307,0 days 00:01:38.000832,0.13257433305803767,256,1,1,64,0.17039635930820318,256,3,1,112,0.10009008575225566,80,3,1,80,0.284733263196546,464,432.0,,2,2,0.00011372892089768731,0.6,/work3/arnaou/checkpoints/groupgat_Omega_trial_1536_best_state.pt,"{'learning_rate': 0.00011372892089768731, 'lr_reduce': 0.6}",TPESampler,COMPLETE
1537,0.07515911012887955,2025-04-26 00:44:09.093631,2025-04-26 00:45:33.854015,0 days 00:01:24.760384,0.22296393252509708,64,1,4,96,0.08296731819892497,144,4,2,112,0.17201464038637843,64,2,2,80,0.21298867641954966,104,512.0,,2,2,0.006841927251974703,0.6,/work3/arnaou/checkpoints/groupgat_Omega_trial_1537_best_state.pt,"{'learning_rate': 0.006841927251974703, 'lr_reduce': 0.6}",TPESampler,COMPLETE
1538,0.0556819923222065,2025-04-26 00:44:30.932698,2025-04-26 00:45:44.401288,0 days 00:01:13.468590,0.025582391408095165,224,2,1,48,0.26430421352592115,208,3,1,128,0.28291494221895147,64,2,1,48,0.2806771447321958,456,368.0,192.0,3,2,0.00021751422577582664,0.6,/work3/arnaou/checkpoints/groupgat_Omega_trial_1538_best_state.pt,"{'learning_rate': 0.00021751422577582664, 'lr_reduce': 0.6}",TPESampler,COMPLETE
1539,0.07252950221300125,2025-04-26 00:45:27.361316,2025-04-26 00:47:13.393576,0 days 00:01:46.032260,0.00915413753331457,192,1,2,32,0.18848984933963608,240,3,2,128,0.2525616959905486,112,2,3,64,0.1942802444875472,512,152.0,312.0,3,2,0.00015623886269966857,0.6,/work3/arnaou/checkpoints/groupgat_Omega_trial_1539_best_state.pt,"{'learning_rate': 0.00015623886269966857, 'lr_reduce': 0.6}",TPESampler,COMPLETE
1540,0.09011433273553848,2025-04-26 00:45:34.103222,2025-04-26 00:46:54.944411,0 days 00:01:20.841189,0.2596084232303455,256,3,2,32,0.25196311091410506,64,4,2,96,0.29064716009573477,32,3,3,112,0.27760707531672546,192,160.0,416.0,3,2,0.009972492454705457,0.6,/work3/arnaou/checkpoints/groupgat_Omega_trial_1540_best_state.pt,"{'learning_rate': 0.009972492454705457, 'lr_reduce': 0.6}",TPESampler,COMPLETE
1541,0.05696141719818115,2025-04-26 00:45:44.693768,2025-04-26 00:47:10.498304,0 days 00:01:25.804536,0.14187824312196953,240,1,2,32,0.2616045156471243,208,4,1,64,0.29997475896482845,80,1,2,96,0.23636863083763007,472,432.0,344.0,3,2,0.0005622555597529232,0.6,/work3/arnaou/checkpoints/groupgat_Omega_trial_1541_best_state.pt,"{'learning_rate': 0.0005622555597529232, 'lr_reduce': 0.6}",TPESampler,COMPLETE
1542,0.057825881987810135,2025-04-26 00:46:55.210339,2025-04-26 00:47:55.867143,0 days 00:01:00.656804,0.0120612233302895,256,1,1,80,0.17032748737491926,144,4,2,128,0.17225058538186214,64,1,2,64,0.19689866580108706,256,512.0,280.0,3,2,0.0008484317637066094,0.6,/work3/arnaou/checkpoints/groupgat_Omega_trial_1542_best_state.pt,"{'learning_rate': 0.0008484317637066094, 'lr_reduce': 0.6}",TPESampler,COMPLETE
1543,0.05222724750638008,2025-04-26 00:47:10.781138,2025-04-26 00:48:40.832074,0 days 00:01:30.050936,0.07186626284679665,224,3,1,32,0.1644664059560254,208,4,1,128,0.07243681452573375,64,1,3,96,0.28506207031945546,264,160.0,344.0,3,2,0.0004440585803178851,0.6,/work3/arnaou/checkpoints/groupgat_Omega_trial_1543_best_state.pt,"{'learning_rate': 0.0004440585803178851, 'lr_reduce': 0.6}",TPESampler,COMPLETE
1544,0.06474819034337997,2025-04-26 00:47:13.806977,2025-04-26 00:48:23.848833,0 days 00:01:10.041856,0.039033060355041255,128,2,2,32,0.07345727879597536,176,3,2,64,0.2896726259295342,48,3,2,80,0.25095463258218104,352,416.0,296.0,3,2,0.0012364508689913084,0.6,/work3/arnaou/checkpoints/groupgat_Omega_trial_1544_best_state.pt,"{'learning_rate': 0.0012364508689913084, 'lr_reduce': 0.6}",TPESampler,COMPLETE
1545,0.07009295374155045,2025-04-26 00:47:56.236065,2025-04-26 00:48:48.676040,0 days 00:00:52.439975,0.07098980688111975,240,3,1,64,0.2923201694388981,240,3,2,112,0.2894106329533337,64,1,3,64,0.20501445802312612,504,464.0,,2,2,0.001035972684990634,0.6,/work3/arnaou/checkpoints/groupgat_Omega_trial_1545_best_state.pt,"{'learning_rate': 0.001035972684990634, 'lr_reduce': 0.6}",TPESampler,COMPLETE
1546,0.0673530250787735,2025-04-26 00:48:24.101924,2025-04-26 00:49:42.023870,0 days 00:01:17.921946,0.17245364896325283,176,2,2,48,0.13309778468031538,208,3,1,48,0.24322973359344918,80,2,2,96,0.2766696975700062,344,360.0,240.0,3,2,0.00030058011806895587,0.6,/work3/arnaou/checkpoints/groupgat_Omega_trial_1546_best_state.pt,"{'learning_rate': 0.00030058011806895587, 'lr_reduce': 0.6}",TPESampler,COMPLETE
1547,0.0724034383893013,2025-04-26 00:48:41.343507,2025-04-26 00:50:57.088234,0 days 00:02:15.744727,0.05969320233111364,80,3,3,64,0.06404315917853827,208,2,4,32,0.12749680021343268,32,1,3,64,0.19450261354140794,200,,,1,2,0.001994549406652145,0.6,/work3/arnaou/checkpoints/groupgat_Omega_trial_1547_best_state.pt,"{'learning_rate': 0.001994549406652145, 'lr_reduce': 0.6}",TPESampler,COMPLETE
1548,0.07183105498552322,2025-04-26 00:48:48.973987,2025-04-26 00:50:34.648349,0 days 00:01:45.674362,0.19912752859628513,208,1,3,112,0.05194521759497918,96,3,3,128,0.22489431728363735,112,1,3,128,0.2446970401868045,152,152.0,,2,2,0.00028370074399857337,0.6,/work3/arnaou/checkpoints/groupgat_Omega_trial_1548_best_state.pt,"{'learning_rate': 0.00028370074399857337, 'lr_reduce': 0.6}",TPESampler,COMPLETE
1549,0.05754262953996658,2025-04-26 00:49:42.301072,2025-04-26 00:50:42.338047,0 days 00:01:00.036975,0.03578752058379762,192,1,1,64,0.10840305632827889,176,4,2,96,0.2057665924791085,64,4,3,48,0.266288962629442,400,472.0,368.0,3,2,0.0008651395400640988,0.6,/work3/arnaou/checkpoints/groupgat_Omega_trial_1549_best_state.pt,"{'learning_rate': 0.0008651395400640988, 'lr_reduce': 0.6}",TPESampler,COMPLETE
1550,0.06232742592692375,2025-04-26 00:50:34.904796,2025-04-26 00:52:30.948058,0 days 00:01:56.043262,0.015321694264875417,192,4,2,32,0.1676962002075693,208,4,1,64,0.24750598526566403,32,2,3,80,0.19993713634287236,280,160.0,312.0,3,2,0.0001202616363516331,0.6,/work3/arnaou/checkpoints/groupgat_Omega_trial_1550_best_state.pt,"{'learning_rate': 0.0001202616363516331, 'lr_reduce': 0.6}",TPESampler,COMPLETE
1551,0.05624580383300781,2025-04-26 00:50:42.601647,2025-04-26 00:51:57.372839,0 days 00:01:14.771192,0.11070094142869089,224,1,2,80,0.22318461083522453,192,4,1,96,0.22860171151773004,64,4,2,64,0.23424624205435954,368,432.0,440.0,3,2,0.0008919677242572272,0.6,/work3/arnaou/checkpoints/groupgat_Omega_trial_1551_best_state.pt,"{'learning_rate': 0.0008919677242572272, 'lr_reduce': 0.6}",TPESampler,COMPLETE
1552,0.053895097225904465,2025-04-26 00:50:57.433293,2025-04-26 00:52:14.015437,0 days 00:01:16.582144,0.016126936486081857,128,2,1,48,0.13409582320084476,208,4,1,128,0.2930007110920831,80,1,3,112,0.23665359781334194,504,472.0,360.0,3,2,0.0002594132722288742,0.6,/work3/arnaou/checkpoints/groupgat_Omega_trial_1552_best_state.pt,"{'learning_rate': 0.0002594132722288742, 'lr_reduce': 0.6}",TPESampler,COMPLETE
1553,0.06440413743257523,2025-04-26 00:51:57.652076,2025-04-26 00:53:38.302727,0 days 00:01:40.650651,0.1188274028267697,224,3,2,32,0.17730290872688748,240,4,2,96,0.21448933316023155,48,2,2,96,0.29848427852269244,376,176.0,280.0,3,2,0.0002870387153786575,0.6,/work3/arnaou/checkpoints/groupgat_Omega_trial_1553_best_state.pt,"{'learning_rate': 0.0002870387153786575, 'lr_reduce': 0.6}",TPESampler,COMPLETE
1554,0.05704738199710846,2025-04-26 00:52:14.386177,2025-04-26 00:53:09.945601,0 days 00:00:55.559424,0.05951516936535034,256,2,1,48,0.18972224769449897,256,3,1,112,0.22326189531045504,64,1,1,48,0.16351784389483692,352,136.0,328.0,3,2,0.0008529346768039865,0.6,/work3/arnaou/checkpoints/groupgat_Omega_trial_1554_best_state.pt,"{'learning_rate': 0.0008529346768039865, 'lr_reduce': 0.6}",TPESampler,COMPLETE
1555,0.055261868983507156,2025-04-26 00:52:31.324426,2025-04-26 00:53:52.607023,0 days 00:01:21.282597,0.005384467965238948,208,2,2,32,0.19077148493565305,192,4,2,64,0.20456730443604712,48,2,2,96,0.23793563337954532,432,104.0,,2,2,0.0009232616440892072,0.6,/work3/arnaou/checkpoints/groupgat_Omega_trial_1555_best_state.pt,"{'learning_rate': 0.0009232616440892072, 'lr_reduce': 0.6}",TPESampler,COMPLETE
1556,0.06086462736129761,2025-04-26 00:53:10.264917,2025-04-26 00:54:38.461568,0 days 00:01:28.196651,0.011655114900303947,208,2,1,64,0.10712705312400066,240,4,2,80,0.17860100075299157,80,4,3,64,0.19313796856281562,496,360.0,392.0,3,2,0.00039258972721525963,0.6,/work3/arnaou/checkpoints/groupgat_Omega_trial_1556_best_state.pt,"{'learning_rate': 0.00039258972721525963, 'lr_reduce': 0.6}",TPESampler,COMPLETE
1557,0.11318312585353851,2025-04-26 00:53:38.820752,2025-04-26 00:55:00.922045,0 days 00:01:22.101293,0.06045990731266243,80,1,4,80,0.20969701830105286,240,3,4,64,0.2657391640312153,48,2,2,64,0.16807821858125319,296,,,1,1,0.006945379521309887,0.6,/work3/arnaou/checkpoints/groupgat_Omega_trial_1557_best_state.pt,"{'learning_rate': 0.006945379521309887, 'lr_reduce': 0.6}",TPESampler,COMPLETE
1558,0.057153087109327316,2025-04-26 00:53:52.871228,2025-04-26 00:55:04.642035,0 days 00:01:11.770807,0.07571812167757945,160,3,2,48,0.12824389389423926,224,3,2,64,0.2756341339769142,32,2,2,112,0.2680479932830142,432,432.0,,2,2,0.0006863974719218695,0.6,/work3/arnaou/checkpoints/groupgat_Omega_trial_1558_best_state.pt,"{'learning_rate': 0.0006863974719218695, 'lr_reduce': 0.6}",TPESampler,COMPLETE
1559,0.08020900189876556,2025-04-26 00:54:38.819876,2025-04-26 00:56:18.075832,0 days 00:01:39.255956,0.20324601030865988,256,3,4,64,0.2328254765463664,64,3,1,64,0.28861029605319033,32,3,3,80,0.028973799761491725,376,168.0,216.0,3,1,0.008888723873618803,0.6,/work3/arnaou/checkpoints/groupgat_Omega_trial_1559_best_state.pt,"{'learning_rate': 0.008888723873618803, 'lr_reduce': 0.6}",TPESampler,COMPLETE
1560,0.050589341670274734,2025-04-26 00:55:01.220069,2025-04-26 00:56:20.988553,0 days 00:01:19.768484,0.0029596566403940934,240,1,1,80,0.10811824553875822,240,4,2,64,0.07710607082976577,48,4,3,112,0.1925288458790893,488,112.0,320.0,3,2,0.00030019515856197985,0.6,/work3/arnaou/checkpoints/groupgat_Omega_trial_1560_best_state.pt,"{'learning_rate': 0.00030019515856197985, 'lr_reduce': 0.6}",TPESampler,COMPLETE
1561,0.06687956303358078,2025-04-26 00:55:04.933045,2025-04-26 00:56:09.502907,0 days 00:01:04.569862,0.15671060143635077,144,2,1,32,0.18556174121767188,224,3,1,112,0.1336164621062114,96,2,2,112,0.22816457265756235,512,176.0,256.0,3,2,0.0008084662524048175,0.6,/work3/arnaou/checkpoints/groupgat_Omega_trial_1561_best_state.pt,"{'learning_rate': 0.0008084662524048175, 'lr_reduce': 0.6}",TPESampler,COMPLETE
1562,0.05391864851117134,2025-04-26 00:56:09.763933,2025-04-26 00:57:15.867164,0 days 00:01:06.103231,0.03315936351616123,208,1,2,80,0.11606569452505029,176,4,2,48,0.18522037978281164,48,2,3,96,0.23982715971916505,232,512.0,360.0,3,2,0.0009931843180949573,0.6,/work3/arnaou/checkpoints/groupgat_Omega_trial_1562_best_state.pt,"{'learning_rate': 0.0009931843180949573, 'lr_reduce': 0.6}",TPESampler,COMPLETE
1563,0.10158310830593109,2025-04-26 00:56:18.395370,2025-04-26 00:57:24.304353,0 days 00:01:05.908983,0.2781466916690286,80,2,1,112,0.07575048881160795,160,1,2,64,0.22569823321016474,48,2,2,112,0.14360755865633693,88,,,1,2,0.002981607252292482,0.6,/work3/arnaou/checkpoints/groupgat_Omega_trial_1563_best_state.pt,"{'learning_rate': 0.002981607252292482, 'lr_reduce': 0.6}",TPESampler,COMPLETE
1564,0.06689577549695969,2025-04-26 00:56:21.288697,2025-04-26 00:57:38.869706,0 days 00:01:17.581009,0.05646329311341532,160,1,2,32,0.017822985754202172,128,4,1,112,0.2917728199561124,96,3,2,96,0.16583900036539284,440,472.0,408.0,3,1,0.0006952892562369368,0.6,/work3/arnaou/checkpoints/groupgat_Omega_trial_1564_best_state.pt,"{'learning_rate': 0.0006952892562369368, 'lr_reduce': 0.6}",TPESampler,COMPLETE
1565,0.07276929169893265,2025-04-26 00:57:16.132351,2025-04-26 00:58:48.458578,0 days 00:01:32.326227,0.06870665858353328,208,2,1,64,0.18623649532103553,208,2,2,112,0.158912481608977,64,4,3,48,0.27205302100771467,472,424.0,288.0,3,2,0.0001582600154779972,0.6,/work3/arnaou/checkpoints/groupgat_Omega_trial_1565_best_state.pt,"{'learning_rate': 0.0001582600154779972, 'lr_reduce': 0.6}",TPESampler,COMPLETE
1566,0.08203894644975662,2025-04-26 00:57:24.571679,2025-04-26 00:58:22.412781,0 days 00:00:57.841102,0.10856686713779073,240,2,1,32,0.2818542085908764,176,4,1,96,0.2765219758462885,96,2,2,64,0.25570886282359967,504,184.0,344.0,3,2,0.0018240521314401208,0.6,/work3/arnaou/checkpoints/groupgat_Omega_trial_1566_best_state.pt,"{'learning_rate': 0.0018240521314401208, 'lr_reduce': 0.6}",TPESampler,COMPLETE
1567,0.06196150556206703,2025-04-26 00:57:39.144029,2025-04-26 00:59:25.605433,0 days 00:01:46.461404,0.10917999481071035,256,1,2,48,0.0723714422371993,240,3,1,128,0.2958319430714738,48,1,1,80,0.15674083748605355,360,104.0,312.0,3,2,0.0035128538154791003,0.6,/work3/arnaou/checkpoints/groupgat_Omega_trial_1567_best_state.pt,"{'learning_rate': 0.0035128538154791003, 'lr_reduce': 0.6}",TPESampler,COMPLETE
1568,0.054435428231954575,2025-04-26 00:58:22.753226,2025-04-26 00:59:20.294080,0 days 00:00:57.540854,0.0020392736757485173,240,1,1,96,0.2371921007081122,240,4,1,112,0.25655044409786926,80,1,2,112,0.24495088311297092,480,376.0,360.0,3,2,0.0007418213464259972,0.6,/work3/arnaou/checkpoints/groupgat_Omega_trial_1568_best_state.pt,"{'learning_rate': 0.0007418213464259972, 'lr_reduce': 0.6}",TPESampler,COMPLETE
1569,0.06471817195415497,2025-04-26 00:58:48.768642,2025-04-26 01:00:30.288400,0 days 00:01:41.519758,0.02526369363364263,240,2,1,80,0.29969664525979106,256,3,2,96,0.29631535312538226,96,1,1,64,0.29979782580855346,424,192.0,256.0,3,2,0.0003367599076779017,0.6,/work3/arnaou/checkpoints/groupgat_Omega_trial_1569_best_state.pt,"{'learning_rate': 0.0003367599076779017, 'lr_reduce': 0.6}",TPESampler,COMPLETE
1570,0.08656566590070724,2025-04-26 00:59:20.588714,2025-04-26 01:00:54.797845,0 days 00:01:34.209131,0.1257997834620186,256,1,1,112,0.18921418852049815,176,4,1,112,0.033591681075815547,32,4,3,48,0.23656937477790846,504,160.0,392.0,3,2,0.00021619776106614088,0.6,/work3/arnaou/checkpoints/groupgat_Omega_trial_1570_best_state.pt,"{'learning_rate': 0.00021619776106614088, 'lr_reduce': 0.6}",TPESampler,COMPLETE
1571,0.06639295071363449,2025-04-26 00:59:25.947999,2025-04-26 01:00:35.700805,0 days 00:01:09.752806,0.2111701426202456,240,2,3,32,0.1141030463583029,240,4,2,32,0.24492897238232514,32,2,2,80,0.21020877961569656,416,440.0,,2,2,0.0010904411704429403,0.6,/work3/arnaou/checkpoints/groupgat_Omega_trial_1571_best_state.pt,"{'learning_rate': 0.0010904411704429403, 'lr_reduce': 0.6}",TPESampler,COMPLETE
1572,0.06677334755659103,2025-04-26 01:00:30.568287,2025-04-26 01:02:31.771020,0 days 00:02:01.202733,0.018891716311714976,256,2,1,80,0.025877972280992673,160,4,2,96,0.15330975634381622,32,4,4,80,0.2210968123256564,456,184.0,312.0,3,2,0.0024063036327647024,0.6,/work3/arnaou/checkpoints/groupgat_Omega_trial_1572_best_state.pt,"{'learning_rate': 0.0024063036327647024, 'lr_reduce': 0.6}",TPESampler,COMPLETE
