number,value,datetime_start,datetime_complete,duration,params_L1_dropout,params_L1_hidden_dim,params_L1_layers_atom,params_L1_layers_mol,params_L1_out_dim,params_L2_dropout,params_L2_hidden_dim,params_L2_layers_atom,params_L2_layers_mol,params_L2_out_dim,params_L3_dropout,params_L3_hidden_dim,params_L3_layers_atom,params_L3_layers_mol,params_L3_out_dim,params_final_dropout,params_mlp_dim_0,params_mlp_dim_1,params_mlp_dim_2,params_n_mlp_layers,params_num_heads,params_train_learning_rate,params_train_lr_reduce,user_attrs_best_state_dict_path,user_attrs_training_params,system_attrs_auto:sampler,state
791,0.05836312100291252,2025-04-25 19:26:01.419362,2025-04-25 19:27:34.762762,0 days 00:01:33.343400,0.02200710519539367,208,2,2,48,0.10494030443646044,176,4,1,128,0.24498236016624067,80,1,1,128,0.22549519147431651,344,112.0,264.0,3,2,0.00010088588990505852,0.6,/work3/arnaou/checkpoints/groupgat_Omega_trial_791_best_state.pt,"{'learning_rate': 0.00010088588990505852, 'lr_reduce': 0.6}",TPESampler,COMPLETE
792,0.06090027838945389,2025-04-25 19:26:47.031490,2025-04-25 19:27:36.271714,0 days 00:00:49.240224,0.05760941974186749,208,1,1,48,0.20426360820037165,224,4,1,48,0.24661973599716278,80,1,1,80,0.23012011436788304,416,80.0,304.0,3,2,0.001925183904168236,0.6,/work3/arnaou/checkpoints/groupgat_Omega_trial_792_best_state.pt,"{'learning_rate': 0.001925183904168236, 'lr_reduce': 0.6}",TPESampler,COMPLETE
793,0.5044054388999939,2025-04-25 19:26:58.431680,2025-04-25 19:28:35.939197,0 days 00:01:37.507517,0.11066851212472831,144,2,1,32,0.28322087195794826,160,4,2,80,0.2452968837362109,32,4,1,80,0.17513729425572236,360,32.0,,2,1,0.006846648091294473,0.6,/work3/arnaou/checkpoints/groupgat_Omega_trial_793_best_state.pt,"{'learning_rate': 0.006846648091294473, 'lr_reduce': 0.6}",TPESampler,COMPLETE
794,0.07187911123037338,2025-04-25 19:27:35.177978,2025-04-25 19:29:32.030639,0 days 00:01:56.852661,0.07763257669241244,256,2,1,32,0.2630986303996962,144,3,2,64,0.25208877343187946,96,1,2,80,0.20812191184535594,440,72.0,248.0,3,2,0.000496743039415281,0.6,/work3/arnaou/checkpoints/groupgat_Omega_trial_794_best_state.pt,"{'learning_rate': 0.000496743039415281, 'lr_reduce': 0.6}",TPESampler,COMPLETE
795,0.06728863716125488,2025-04-25 19:27:36.470717,2025-04-25 19:29:09.714455,0 days 00:01:33.243738,0.08722382830915869,144,2,1,64,0.08556445053062858,256,4,1,128,0.16486149377972464,32,2,3,96,0.2597190056293558,336,128.0,312.0,3,1,0.0010430795172303607,0.6,/work3/arnaou/checkpoints/groupgat_Omega_trial_795_best_state.pt,"{'learning_rate': 0.0010430795172303607, 'lr_reduce': 0.6}",TPESampler,COMPLETE
796,0.06449899822473526,2025-04-25 19:28:36.182464,2025-04-25 19:29:38.049508,0 days 00:01:01.867044,0.04171867214036274,256,2,1,64,0.275072111755903,176,4,1,96,0.2723916466773059,96,2,2,112,0.28548636183706133,320,72.0,,2,2,0.002048950199696073,0.6,/work3/arnaou/checkpoints/groupgat_Omega_trial_796_best_state.pt,"{'learning_rate': 0.002048950199696073, 'lr_reduce': 0.6}",TPESampler,COMPLETE
797,0.06262402981519699,2025-04-25 19:29:10.220665,2025-04-25 19:30:38.335382,0 days 00:01:28.114717,0.10414823862487939,240,2,3,32,0.010227417414477372,240,3,2,128,0.2595159680243405,112,1,1,80,0.22426581251124908,368,128.0,248.0,3,2,0.00020902559695184527,0.6,/work3/arnaou/checkpoints/groupgat_Omega_trial_797_best_state.pt,"{'learning_rate': 0.00020902559695184527, 'lr_reduce': 0.6}",TPESampler,COMPLETE
798,0.060895826667547226,2025-04-25 19:29:32.246735,2025-04-25 19:30:55.553592,0 days 00:01:23.306857,0.1485149026716242,256,2,1,48,0.22884098406775114,256,4,1,80,0.27202879610196995,80,3,1,64,0.24039268566659022,368,32.0,,2,2,0.000760191342298964,0.6,/work3/arnaou/checkpoints/groupgat_Omega_trial_798_best_state.pt,"{'learning_rate': 0.000760191342298964, 'lr_reduce': 0.6}",TPESampler,COMPLETE
799,0.060191843658685684,2025-04-25 19:29:38.393635,2025-04-25 19:31:50.527055,0 days 00:02:12.133420,0.0980220520020507,208,1,3,32,0.1799575070741352,256,4,1,112,0.15508178477457174,80,1,1,128,0.19403615283771258,280,80.0,328.0,3,2,0.00010346695583253155,0.6,/work3/arnaou/checkpoints/groupgat_Omega_trial_799_best_state.pt,"{'learning_rate': 0.00010346695583253155, 'lr_reduce': 0.6}",TPESampler,COMPLETE
800,0.05234788730740547,2025-04-25 19:30:38.654779,2025-04-25 19:32:03.647382,0 days 00:01:24.992603,0.0040015312260247606,224,1,1,32,0.12352167412952826,256,2,1,96,0.13395891562379114,32,2,3,64,0.1013067596789178,248,120.0,,2,2,0.0001831701381602482,0.6,/work3/arnaou/checkpoints/groupgat_Omega_trial_800_best_state.pt,"{'learning_rate': 0.0001831701381602482, 'lr_reduce': 0.6}",TPESampler,COMPLETE
801,0.06083797663450241,2025-04-25 19:30:55.814533,2025-04-25 19:32:06.282646,0 days 00:01:10.468113,0.13905529203070077,224,1,1,32,0.2603563357189979,224,4,1,80,0.23160390014014848,96,2,1,64,0.241385930582385,432,32.0,272.0,3,2,0.0005708383758028098,0.6,/work3/arnaou/checkpoints/groupgat_Omega_trial_801_best_state.pt,"{'learning_rate': 0.0005708383758028098, 'lr_reduce': 0.6}",TPESampler,COMPLETE
802,0.061916761100292206,2025-04-25 19:31:50.748392,2025-04-25 19:32:51.411531,0 days 00:01:00.663139,0.0865300943513843,64,2,2,64,0.166522849262617,256,3,2,128,0.20602306623872993,48,2,3,48,0.2626676215144045,352,80.0,320.0,3,1,0.0007696371375594762,0.6,/work3/arnaou/checkpoints/groupgat_Omega_trial_802_best_state.pt,"{'learning_rate': 0.0007696371375594762, 'lr_reduce': 0.6}",TPESampler,COMPLETE
803,0.06707695871591568,2025-04-25 19:32:03.872141,2025-04-25 19:32:42.238818,0 days 00:00:38.366677,0.13095375125596098,176,1,3,64,0.03737905390819979,192,4,1,112,0.06730792137861669,32,2,2,64,0.2962226951856451,336,120.0,,2,1,0.00251297598384685,0.6,/work3/arnaou/checkpoints/groupgat_Omega_trial_803_best_state.pt,"{'learning_rate': 0.00251297598384685, 'lr_reduce': 0.6}",TPESampler,COMPLETE
804,0.06096157804131508,2025-04-25 19:32:06.671807,2025-04-25 19:33:04.470012,0 days 00:00:57.798205,0.14099194817866295,240,1,2,64,0.010488002889961642,256,4,1,128,0.18350777030245097,96,1,2,96,0.26872085168590354,336,72.0,240.0,3,1,0.000925215278634138,0.6,/work3/arnaou/checkpoints/groupgat_Omega_trial_804_best_state.pt,"{'learning_rate': 0.000925215278634138, 'lr_reduce': 0.6}",TPESampler,COMPLETE
805,0.0617147833108902,2025-04-25 19:32:42.486771,2025-04-25 19:33:49.792388,0 days 00:01:07.305617,0.062109631049192156,256,1,1,48,0.24171511676780488,256,4,1,128,0.230570607578332,112,1,1,48,0.24992854167061218,432,72.0,296.0,3,2,0.0014855058327009802,0.6,/work3/arnaou/checkpoints/groupgat_Omega_trial_805_best_state.pt,"{'learning_rate': 0.0014855058327009802, 'lr_reduce': 0.6}",TPESampler,COMPLETE
806,0.07219721376895905,2025-04-25 19:32:51.653128,2025-04-25 19:33:57.570889,0 days 00:01:05.917761,0.08425879092916869,160,1,2,48,0.06119984185434514,224,4,1,112,0.15785012058300377,32,2,2,48,0.257403253551981,384,120.0,328.0,3,1,0.0018040143917802153,0.6,/work3/arnaou/checkpoints/groupgat_Omega_trial_806_best_state.pt,"{'learning_rate': 0.0018040143917802153, 'lr_reduce': 0.6}",TPESampler,COMPLETE
807,0.059720974415540695,2025-04-25 19:33:04.715185,2025-04-25 19:34:06.560250,0 days 00:01:01.845065,0.002505691896856947,256,1,1,32,0.0561984565445647,160,3,1,96,0.1471352667094485,48,3,3,96,0.2147963296164765,400,32.0,224.0,3,2,0.0009266327680524477,0.6,/work3/arnaou/checkpoints/groupgat_Omega_trial_807_best_state.pt,"{'learning_rate': 0.0009266327680524477, 'lr_reduce': 0.6}",TPESampler,COMPLETE
808,0.05710820481181145,2025-04-25 19:33:49.976995,2025-04-25 19:35:06.871275,0 days 00:01:16.894280,0.04032195171419378,224,1,1,48,0.026757369214257573,224,4,1,64,0.10724444616012468,32,1,3,80,0.14539309773336256,224,120.0,280.0,3,2,0.00021100912046426984,0.6,/work3/arnaou/checkpoints/groupgat_Omega_trial_808_best_state.pt,"{'learning_rate': 0.00021100912046426984, 'lr_reduce': 0.6}",TPESampler,COMPLETE
809,0.05912404507398605,2025-04-25 19:33:57.760102,2025-04-25 19:34:53.004176,0 days 00:00:55.244074,0.024512240310770157,144,1,3,80,0.13213767676152888,224,4,1,128,0.16631035413958423,32,1,1,80,0.2890211741856191,288,80.0,424.0,3,1,0.0009536393874332198,0.6,/work3/arnaou/checkpoints/groupgat_Omega_trial_809_best_state.pt,"{'learning_rate': 0.0009536393874332198, 'lr_reduce': 0.6}",TPESampler,COMPLETE
810,0.05672573298215866,2025-04-25 19:34:06.737350,2025-04-25 19:35:12.181699,0 days 00:01:05.444349,0.048274193283042936,240,1,2,48,0.22952556460803628,240,4,1,112,0.2970443544859944,80,1,1,96,0.29149041236247447,320,32.0,280.0,3,2,0.0006340146896358637,0.6,/work3/arnaou/checkpoints/groupgat_Omega_trial_810_best_state.pt,"{'learning_rate': 0.0006340146896358637, 'lr_reduce': 0.6}",TPESampler,COMPLETE
811,0.055494923144578934,2025-04-25 19:34:53.258260,2025-04-25 19:36:10.518700,0 days 00:01:17.260440,0.10903494689208132,224,1,3,48,0.13192958676251806,176,4,1,128,0.20239252942050065,80,1,3,80,0.2390515852137392,408,128.0,360.0,3,2,0.0007922141148830234,0.6,/work3/arnaou/checkpoints/groupgat_Omega_trial_811_best_state.pt,"{'learning_rate': 0.0007922141148830234, 'lr_reduce': 0.6}",TPESampler,COMPLETE
812,0.06296898424625397,2025-04-25 19:35:07.077850,2025-04-25 19:35:55.843387,0 days 00:00:48.765537,0.010093226947354615,96,1,3,80,0.07307057348336586,224,4,2,128,0.29792559131952334,32,2,3,80,0.2881721493858728,424,72.0,328.0,3,2,0.0020139712317295434,0.6,/work3/arnaou/checkpoints/groupgat_Omega_trial_812_best_state.pt,"{'learning_rate': 0.0020139712317295434, 'lr_reduce': 0.6}",TPESampler,COMPLETE
813,0.05441509559750557,2025-04-25 19:35:12.402034,2025-04-25 19:36:43.308705,0 days 00:01:30.906671,0.007858889504666958,240,3,3,32,0.0217329395560798,176,4,2,128,0.2721873802407483,112,2,2,80,0.23120442921665815,448,72.0,216.0,3,2,0.00011421056483639186,0.6,/work3/arnaou/checkpoints/groupgat_Omega_trial_813_best_state.pt,"{'learning_rate': 0.00011421056483639186, 'lr_reduce': 0.6}",TPESampler,COMPLETE
814,0.052459198981523514,2025-04-25 19:35:56.097689,2025-04-25 19:37:08.447564,0 days 00:01:12.349875,0.010352209514872451,256,1,2,32,0.10331967771926705,240,3,1,96,0.12247792251375708,80,2,3,96,0.23239235025885638,208,136.0,280.0,3,2,0.0002485187951407331,0.6,/work3/arnaou/checkpoints/groupgat_Omega_trial_814_best_state.pt,"{'learning_rate': 0.0002485187951407331, 'lr_reduce': 0.6}",TPESampler,COMPLETE
815,0.07191649079322815,2025-04-25 19:36:10.775282,2025-04-25 19:37:15.709036,0 days 00:01:04.933754,0.03145163634775579,256,2,1,80,0.1313358042760407,176,3,1,128,0.22776593774423137,64,3,4,96,0.24831678896179696,336,72.0,,2,2,0.0007753908065932347,0.6,/work3/arnaou/checkpoints/groupgat_Omega_trial_815_best_state.pt,"{'learning_rate': 0.0007753908065932347, 'lr_reduce': 0.6}",TPESampler,COMPLETE
816,0.06364039331674576,2025-04-25 19:36:43.628041,2025-04-25 19:37:27.543628,0 days 00:00:43.915587,0.07068440718611398,256,1,2,32,0.26261904008910303,208,4,1,96,0.24740781516065688,96,1,1,112,0.2110364282313379,480,32.0,240.0,3,2,0.0018207405346854365,0.6,/work3/arnaou/checkpoints/groupgat_Omega_trial_816_best_state.pt,"{'learning_rate': 0.0018207405346854365, 'lr_reduce': 0.6}",TPESampler,COMPLETE
817,0.05261847749352455,2025-04-25 19:37:08.647895,2025-04-25 19:38:25.748755,0 days 00:01:17.100860,0.0809805912314784,192,2,1,48,0.16983829854322413,192,4,2,80,0.22025272448107625,96,1,1,96,0.2032616900499225,384,128.0,328.0,3,2,0.00035296366952363594,0.6,/work3/arnaou/checkpoints/groupgat_Omega_trial_817_best_state.pt,"{'learning_rate': 0.00035296366952363594, 'lr_reduce': 0.6}",TPESampler,COMPLETE
818,0.05096747353672981,2025-04-25 19:37:15.929598,2025-04-25 19:38:30.184956,0 days 00:01:14.255358,0.021624366059794887,240,2,1,48,0.11207417525671116,160,3,2,64,0.0909474454234109,48,2,3,112,0.19852534011855855,208,80.0,280.0,3,2,0.0002347584563666141,0.6,/work3/arnaou/checkpoints/groupgat_Omega_trial_818_best_state.pt,"{'learning_rate': 0.0002347584563666141, 'lr_reduce': 0.6}",TPESampler,COMPLETE
819,0.05761487036943436,2025-04-25 19:37:27.745815,2025-04-25 19:38:43.680199,0 days 00:01:15.934384,0.0034287847810487828,160,2,1,32,0.025595201346518492,96,2,1,112,0.14415108180270508,80,4,4,128,0.20552184497161316,448,32.0,360.0,3,2,0.0002609964570358251,0.6,/work3/arnaou/checkpoints/groupgat_Omega_trial_819_best_state.pt,"{'learning_rate': 0.0002609964570358251, 'lr_reduce': 0.6}",TPESampler,COMPLETE
820,0.05255069211125374,2025-04-25 19:38:25.976907,2025-04-25 19:39:27.239752,0 days 00:01:01.262845,0.022455220159751085,128,1,2,48,0.021332906168515072,128,1,1,112,0.14381526814329948,48,4,4,128,0.18085827596250037,360,112.0,,2,2,0.0004259342395039796,0.6,/work3/arnaou/checkpoints/groupgat_Omega_trial_820_best_state.pt,"{'learning_rate': 0.0004259342395039796, 'lr_reduce': 0.6}",TPESampler,COMPLETE
821,0.08011454343795776,2025-04-25 19:38:30.403256,2025-04-25 19:40:00.656349,0 days 00:01:30.253093,0.10514256835766554,224,3,2,48,0.14794593507957443,128,3,2,48,0.09321371273283749,48,3,4,96,0.14377433872872733,88,72.0,296.0,3,2,0.0001111440684211452,0.6,/work3/arnaou/checkpoints/groupgat_Omega_trial_821_best_state.pt,"{'learning_rate': 0.0001111440684211452, 'lr_reduce': 0.6}",TPESampler,COMPLETE
822,0.0631331279873848,2025-04-25 19:38:44.039861,2025-04-25 19:39:32.122975,0 days 00:00:48.083114,0.07716154882328462,176,1,4,80,0.07326040173477887,240,4,2,112,0.21722344170887883,32,3,2,64,0.2604635571931615,456,72.0,336.0,3,1,0.001124687571373997,0.6,/work3/arnaou/checkpoints/groupgat_Omega_trial_822_best_state.pt,"{'learning_rate': 0.001124687571373997, 'lr_reduce': 0.6}",TPESampler,COMPLETE
823,0.07580792158842087,2025-04-25 19:39:27.446594,2025-04-25 19:40:46.357484,0 days 00:01:18.910890,0.14159356408578866,208,3,1,32,0.13562026672427574,192,4,2,80,0.11909509330600161,64,2,3,112,0.23383201967123268,96,72.0,272.0,3,2,0.000263139386688718,0.6,/work3/arnaou/checkpoints/groupgat_Omega_trial_823_best_state.pt,"{'learning_rate': 0.000263139386688718, 'lr_reduce': 0.6}",TPESampler,COMPLETE
824,0.060199372470378876,2025-04-25 19:39:32.371849,2025-04-25 19:41:14.265957,0 days 00:01:41.894108,0.053943508157708916,176,3,1,64,0.057001097007959606,208,2,2,64,0.08494977731286169,64,2,4,128,0.2098323256867219,136,80.0,464.0,3,2,0.00015547579866177362,0.6,/work3/arnaou/checkpoints/groupgat_Omega_trial_824_best_state.pt,"{'learning_rate': 0.00015547579866177362, 'lr_reduce': 0.6}",TPESampler,COMPLETE
825,0.057893410325050354,2025-04-25 19:40:00.973534,2025-04-25 19:41:13.815352,0 days 00:01:12.841818,0.04455374109271007,256,2,1,64,0.022407694112270032,144,2,1,112,0.1084005614467842,32,1,2,80,0.23260604278550318,344,32.0,288.0,3,2,0.00028337605822546623,0.6,/work3/arnaou/checkpoints/groupgat_Omega_trial_825_best_state.pt,"{'learning_rate': 0.00028337605822546623, 'lr_reduce': 0.6}",TPESampler,COMPLETE
826,0.057633716613054276,2025-04-25 19:40:46.557840,2025-04-25 19:41:48.810880,0 days 00:01:02.253040,0.009539180570340875,256,1,1,80,0.14131095735680593,160,2,2,64,0.13894434741072006,64,3,3,112,0.1784150673072916,184,72.0,400.0,3,2,0.0007102555219656617,0.6,/work3/arnaou/checkpoints/groupgat_Omega_trial_826_best_state.pt,"{'learning_rate': 0.0007102555219656617, 'lr_reduce': 0.6}",TPESampler,COMPLETE
827,0.051816146820783615,2025-04-25 19:41:14.031687,2025-04-25 19:42:46.677917,0 days 00:01:32.646230,0.05372821812183175,240,1,2,80,0.22144562494222678,224,4,1,64,0.2789973535452409,96,1,2,80,0.20503539033520357,488,72.0,232.0,3,2,0.0003471749968756285,0.6,/work3/arnaou/checkpoints/groupgat_Omega_trial_827_best_state.pt,"{'learning_rate': 0.0003471749968756285, 'lr_reduce': 0.6}",TPESampler,COMPLETE
828,0.05298551172018051,2025-04-25 19:41:14.537527,2025-04-25 19:42:54.828239,0 days 00:01:40.290712,0.003277001865419727,240,2,1,48,0.056747836510226496,128,4,2,48,0.061694164591490325,64,2,4,112,0.09507900790923272,200,32.0,336.0,3,2,0.00039467128947928053,0.6,/work3/arnaou/checkpoints/groupgat_Omega_trial_828_best_state.pt,"{'learning_rate': 0.00039467128947928053, 'lr_reduce': 0.6}",TPESampler,COMPLETE
829,0.06000256538391113,2025-04-25 19:41:49.033189,2025-04-25 19:43:21.348874,0 days 00:01:32.315685,0.047817551674629616,208,2,1,64,0.1266036114045672,192,3,2,32,0.07742864446579063,32,2,3,96,0.19132601231088542,216,80.0,,2,2,0.00014395739155931186,0.6,/work3/arnaou/checkpoints/groupgat_Omega_trial_829_best_state.pt,"{'learning_rate': 0.00014395739155931186, 'lr_reduce': 0.6}",TPESampler,COMPLETE
830,0.05148059129714966,2025-04-25 19:42:46.899985,2025-04-25 19:43:57.886768,0 days 00:01:10.986783,0.17280759466946766,256,1,1,32,0.15097587234356333,144,4,1,128,0.23129813707347494,64,1,2,32,0.22388891638381525,432,80.0,280.0,3,2,0.0011825329906374389,0.6,/work3/arnaou/checkpoints/groupgat_Omega_trial_830_best_state.pt,"{'learning_rate': 0.0011825329906374389, 'lr_reduce': 0.6}",TPESampler,COMPLETE
831,0.060621943324804306,2025-04-25 19:42:55.105970,2025-04-25 19:44:40.122450,0 days 00:01:45.016480,0.051472146100204494,224,2,4,64,0.09073287279333257,256,4,1,112,0.2971001539901637,128,1,1,80,0.19892104232134494,248,104.0,224.0,3,2,0.00026158654459223677,0.6,/work3/arnaou/checkpoints/groupgat_Omega_trial_831_best_state.pt,"{'learning_rate': 0.00026158654459223677, 'lr_reduce': 0.6}",TPESampler,COMPLETE
832,0.063963383436203,2025-04-25 19:43:21.690579,2025-04-25 19:45:09.253659,0 days 00:01:47.563080,0.05494267240011343,224,1,1,32,0.04974103863384713,208,3,1,112,0.12307152145268387,32,2,3,96,0.2254830278899626,240,72.0,336.0,3,2,0.00013779956368941242,0.6,/work3/arnaou/checkpoints/groupgat_Omega_trial_832_best_state.pt,"{'learning_rate': 0.00013779956368941242, 'lr_reduce': 0.6}",TPESampler,COMPLETE
833,0.05548641085624695,2025-04-25 19:43:58.098950,2025-04-25 19:45:27.538488,0 days 00:01:29.439538,0.014552604554286077,256,2,4,32,0.12875104205350943,256,4,1,128,0.26557303887357553,112,1,2,64,0.13428615632685229,384,104.0,280.0,3,2,0.00022689324498704623,0.6,/work3/arnaou/checkpoints/groupgat_Omega_trial_833_best_state.pt,"{'learning_rate': 0.00022689324498704623, 'lr_reduce': 0.6}",TPESampler,COMPLETE
834,0.05783343315124512,2025-04-25 19:44:40.418395,2025-04-25 19:45:47.565293,0 days 00:01:07.146898,0.041375842781245564,208,2,2,48,0.1702023978233738,160,3,1,64,0.07106799590655627,48,2,2,112,0.12685009291041682,184,32.0,384.0,3,2,0.0013432149353807701,0.6,/work3/arnaou/checkpoints/groupgat_Omega_trial_834_best_state.pt,"{'learning_rate': 0.0013432149353807701, 'lr_reduce': 0.6}",TPESampler,COMPLETE
835,0.07119978964328766,2025-04-25 19:45:09.459242,2025-04-25 19:46:18.768115,0 days 00:01:09.308873,0.14299249802622852,240,1,1,32,0.21350334479483607,160,4,1,128,0.18264985915607002,64,2,1,128,0.04280441262483609,344,32.0,216.0,3,2,0.00044589389409369475,0.6,/work3/arnaou/checkpoints/groupgat_Omega_trial_835_best_state.pt,"{'learning_rate': 0.00044589389409369475, 'lr_reduce': 0.6}",TPESampler,COMPLETE
836,0.06222851574420929,2025-04-25 19:45:27.785264,2025-04-25 19:46:37.531348,0 days 00:01:09.746084,0.13801102523404762,144,1,1,32,0.2056572793025861,192,4,1,80,0.11771759671876081,48,4,2,96,0.20196583622253786,480,112.0,296.0,3,1,0.0006903824555132983,0.6,/work3/arnaou/checkpoints/groupgat_Omega_trial_836_best_state.pt,"{'learning_rate': 0.0006903824555132983, 'lr_reduce': 0.6}",TPESampler,COMPLETE
837,0.0593886524438858,2025-04-25 19:45:47.750309,2025-04-25 19:46:40.108701,0 days 00:00:52.358392,0.02519764563019959,192,1,1,32,0.18390000173930238,256,3,1,80,0.2501965928139824,112,1,1,96,0.21941546221854272,408,72.0,,2,2,0.0015991514271697968,0.6,/work3/arnaou/checkpoints/groupgat_Omega_trial_837_best_state.pt,"{'learning_rate': 0.0015991514271697968, 'lr_reduce': 0.6}",TPESampler,COMPLETE
838,0.08071126788854599,2025-04-25 19:46:18.988916,2025-04-25 19:47:40.143355,0 days 00:01:21.154439,0.18463118137421447,256,1,1,48,0.28458416115943674,192,3,1,96,0.290479175105388,128,1,1,96,0.20509518528041032,488,32.0,336.0,3,2,0.00017476737101340364,0.6,/work3/arnaou/checkpoints/groupgat_Omega_trial_838_best_state.pt,"{'learning_rate': 0.00017476737101340364, 'lr_reduce': 0.6}",TPESampler,COMPLETE
839,0.05645178630948067,2025-04-25 19:46:37.718656,2025-04-25 19:48:07.244674,0 days 00:01:29.526018,0.06191600181279475,240,1,1,32,0.21615554024162328,192,4,1,80,0.2595143224659374,96,1,1,48,0.17549562051649378,464,112.0,256.0,3,2,0.0003117091404342424,0.6,/work3/arnaou/checkpoints/groupgat_Omega_trial_839_best_state.pt,"{'learning_rate': 0.0003117091404342424, 'lr_reduce': 0.6}",TPESampler,COMPLETE
840,0.05466460809111595,2025-04-25 19:46:40.332318,2025-04-25 19:48:06.293832,0 days 00:01:25.961514,0.0021299774910159483,256,1,2,32,0.05580385870128744,160,4,1,48,0.21234163162372782,48,3,2,64,0.1646795791739664,312,512.0,312.0,3,2,0.00011862081174324768,0.6,/work3/arnaou/checkpoints/groupgat_Omega_trial_840_best_state.pt,"{'learning_rate': 0.00011862081174324768, 'lr_reduce': 0.6}",TPESampler,COMPLETE
841,0.057513926178216934,2025-04-25 19:47:40.378197,2025-04-25 19:48:42.110511,0 days 00:01:01.732314,0.015369112216267123,240,1,1,64,0.07627770780702232,128,3,2,32,0.27735183976253797,80,2,4,128,0.2873543143494557,480,80.0,408.0,3,2,0.0005950563252753705,0.6,/work3/arnaou/checkpoints/groupgat_Omega_trial_841_best_state.pt,"{'learning_rate': 0.0005950563252753705, 'lr_reduce': 0.6}",TPESampler,COMPLETE
842,0.06132276728749275,2025-04-25 19:48:06.524680,2025-04-25 19:49:22.569510,0 days 00:01:16.044830,0.03440453871461895,240,1,1,112,0.24515117824938798,240,4,1,128,0.27654844349211827,80,3,4,96,0.1424469043890187,480,120.0,,2,2,0.0002311335089715732,0.6,/work3/arnaou/checkpoints/groupgat_Omega_trial_842_best_state.pt,"{'learning_rate': 0.0002311335089715732, 'lr_reduce': 0.6}",TPESampler,COMPLETE
