number,value,datetime_start,datetime_complete,duration,params_L1_dropout,params_L1_hidden_dim,params_L1_layers_atom,params_L1_layers_mol,params_L1_out_dim,params_L2_dropout,params_L2_hidden_dim,params_L2_layers_atom,params_L2_layers_mol,params_L2_out_dim,params_L3_dropout,params_L3_hidden_dim,params_L3_layers_atom,params_L3_layers_mol,params_L3_out_dim,params_final_dropout,params_mlp_dim_0,params_mlp_dim_1,params_mlp_dim_2,params_n_mlp_layers,params_num_heads,params_train_learning_rate,params_train_lr_reduce,user_attrs_best_state_dict_path,user_attrs_training_params,system_attrs_auto:sampler,state
1781,0.09936235845088959,2025-04-26 02:25:36.909465,2025-04-26 02:27:50.978489,0 days 00:02:14.069024,0.10109030930246886,160,3,2,32,0.24238926324685262,144,2,4,128,0.19888600173476723,80,1,1,32,0.07976808434085461,312,,,1,2,0.00018035474469377366,0.6,/work3/arnaou/checkpoints/groupgat_Omega_trial_1781_best_state.pt,"{'learning_rate': 0.00018035474469377366, 'lr_reduce': 0.6}",TPESampler,COMPLETE
1782,0.06726457178592682,2025-04-26 02:26:09.962348,2025-04-26 02:27:22.568836,0 days 00:01:12.606488,0.04600660872588597,144,1,1,128,0.14237460237071362,144,4,2,96,0.010939614506817824,32,2,4,32,0.2563487977032385,192,,,1,2,0.009876556028828882,0.6,/work3/arnaou/checkpoints/groupgat_Omega_trial_1782_best_state.pt,"{'learning_rate': 0.009876556028828882, 'lr_reduce': 0.6}",TPESampler,COMPLETE
1783,0.06518586724996567,2025-04-26 02:27:14.062042,2025-04-26 02:28:23.778940,0 days 00:01:09.716898,0.13696304974898268,64,1,2,96,0.18968309298985345,256,1,3,48,0.06535607242405479,96,1,3,80,0.19922322906986512,200,184.0,344.0,3,2,0.00024769543196751995,0.6,/work3/arnaou/checkpoints/groupgat_Omega_trial_1783_best_state.pt,"{'learning_rate': 0.00024769543196751995, 'lr_reduce': 0.6}",TPESampler,COMPLETE
1784,0.1416700780391693,2025-04-26 02:27:22.892894,2025-04-26 02:28:31.365852,0 days 00:01:08.472958,0.12227182102241838,240,1,1,32,0.24783883312516183,128,4,2,128,0.06672276927139294,64,2,1,80,0.2609858808057912,488,472.0,248.0,3,2,0.0004298871705914091,0.6,/work3/arnaou/checkpoints/groupgat_Omega_trial_1784_best_state.pt,"{'learning_rate': 0.0004298871705914091, 'lr_reduce': 0.6}",TPESampler,COMPLETE
1785,0.055165406316518784,2025-04-26 02:27:51.281284,2025-04-26 02:29:08.541890,0 days 00:01:17.260606,0.015614380794175708,240,1,1,32,0.19860189256280683,144,4,1,128,0.06948145784422319,32,3,1,96,0.21224237914459254,456,72.0,296.0,3,2,0.0007811541371039016,0.6,/work3/arnaou/checkpoints/groupgat_Omega_trial_1785_best_state.pt,"{'learning_rate': 0.0007811541371039016, 'lr_reduce': 0.6}",TPESampler,COMPLETE
1786,0.059046294540166855,2025-04-26 02:28:24.027535,2025-04-26 02:29:27.123993,0 days 00:01:03.096458,0.09224006021239294,256,1,1,96,0.20290958433489018,144,4,1,128,0.19014387535547633,96,4,3,32,0.2435923953393188,480,152.0,,2,2,0.0012176476397578833,0.6,/work3/arnaou/checkpoints/groupgat_Omega_trial_1786_best_state.pt,"{'learning_rate': 0.0012176476397578833, 'lr_reduce': 0.6}",TPESampler,COMPLETE
1787,0.5532615780830383,2025-04-26 02:28:31.577835,2025-04-26 02:28:50.944065,0 days 00:00:19.366230,0.17941913016146763,160,4,3,32,0.0875701605959447,192,4,1,32,0.07300873395455221,80,3,1,32,0.12907491953401104,280,,,1,1,0.00253038049814067,0.6,/work3/arnaou/checkpoints/groupgat_Omega_trial_1787_best_state.pt,"{'learning_rate': 0.00253038049814067, 'lr_reduce': 0.6}",TPESampler,COMPLETE
1788,0.051388196647167206,2025-04-26 02:28:51.180973,2025-04-26 02:30:05.590660,0 days 00:01:14.409687,0.019076746787044477,256,1,1,64,0.11974588558142138,208,4,1,128,0.02274190182760516,64,3,1,80,0.287370841757397,456,112.0,336.0,3,2,0.0002686161424320082,0.6,/work3/arnaou/checkpoints/groupgat_Omega_trial_1788_best_state.pt,"{'learning_rate': 0.0002686161424320082, 'lr_reduce': 0.6}",TPESampler,COMPLETE
1789,0.07556191086769104,2025-04-26 02:29:08.784016,2025-04-26 02:30:18.706903,0 days 00:01:09.922887,0.1537494721497759,208,3,4,128,0.1474867148319275,240,2,1,48,0.2104770130876215,112,2,3,80,0.03054187014264384,384,408.0,344.0,3,1,0.00017420891626416152,0.6,/work3/arnaou/checkpoints/groupgat_Omega_trial_1789_best_state.pt,"{'learning_rate': 0.00017420891626416152, 'lr_reduce': 0.6}",TPESampler,COMPLETE
1790,0.09663565456867218,2025-04-26 02:29:27.397823,2025-04-26 02:30:48.601250,0 days 00:01:21.203427,0.04922528355754654,208,1,1,48,0.22576913980476773,160,3,2,112,0.03000509064203588,48,3,1,128,0.18453288694655262,456,176.0,,2,2,0.00011231821144707613,0.6,/work3/arnaou/checkpoints/groupgat_Omega_trial_1790_best_state.pt,"{'learning_rate': 0.00011231821144707613, 'lr_reduce': 0.6}",TPESampler,COMPLETE
1791,0.07429162412881851,2025-04-26 02:30:05.817724,2025-04-26 02:31:02.018816,0 days 00:00:56.201092,0.11617043711655722,224,1,2,48,0.17459115243148762,128,4,2,112,0.17958616207816475,48,1,2,64,0.2404421267809809,448,448.0,264.0,3,1,0.0004829369585509863,0.6,/work3/arnaou/checkpoints/groupgat_Omega_trial_1791_best_state.pt,"{'learning_rate': 0.0004829369585509863, 'lr_reduce': 0.6}",TPESampler,COMPLETE
1792,0.1056973934173584,2025-04-26 02:30:18.978024,2025-04-26 02:31:57.513578,0 days 00:01:38.535554,0.24557909180360588,128,2,1,128,0.029603711694914797,192,2,2,48,0.15289974015981533,64,2,4,112,0.15650976225271468,320,128.0,,2,1,0.0054935053509398675,0.6,/work3/arnaou/checkpoints/groupgat_Omega_trial_1792_best_state.pt,"{'learning_rate': 0.0054935053509398675, 'lr_reduce': 0.6}",TPESampler,COMPLETE
1793,0.0649685263633728,2025-04-26 02:30:48.858031,2025-04-26 02:32:07.285812,0 days 00:01:18.427781,0.02732729438113081,160,4,1,32,0.041479120767842506,128,3,4,64,0.04987798169590475,96,1,1,48,0.15949945412849673,304,192.0,,2,2,0.00020694019655242372,0.6,/work3/arnaou/checkpoints/groupgat_Omega_trial_1793_best_state.pt,"{'learning_rate': 0.00020694019655242372, 'lr_reduce': 0.6}",TPESampler,COMPLETE
1794,0.05981302261352539,2025-04-26 02:31:02.229987,2025-04-26 02:32:08.652494,0 days 00:01:06.422507,0.029584604271776914,256,1,2,80,0.2582389743531763,240,4,3,128,0.27320931453882946,96,1,2,64,0.27846960248919167,472,512.0,208.0,3,2,0.00045795623635237233,0.6,/work3/arnaou/checkpoints/groupgat_Omega_trial_1794_best_state.pt,"{'learning_rate': 0.00045795623635237233, 'lr_reduce': 0.6}",TPESampler,COMPLETE
1795,0.10582113265991211,2025-04-26 02:31:57.905527,2025-04-26 02:33:28.072711,0 days 00:01:30.167184,0.29273123959127406,128,4,1,96,0.06019605676786931,112,3,2,32,0.04320577706213764,112,3,3,80,0.04140459264953923,480,,,1,2,0.0030513902186247678,0.6,/work3/arnaou/checkpoints/groupgat_Omega_trial_1795_best_state.pt,"{'learning_rate': 0.0030513902186247678, 'lr_reduce': 0.6}",TPESampler,COMPLETE
1796,0.04950262978672981,2025-04-26 02:32:07.510678,2025-04-26 02:32:59.166210,0 days 00:00:51.655532,0.14030585503400184,192,1,1,96,0.16084168017369382,160,4,1,112,0.21349743418545805,96,4,4,96,0.2377671431035724,456,72.0,304.0,3,1,0.000907827714496853,0.6,/work3/arnaou/checkpoints/groupgat_Omega_trial_1796_best_state.pt,"{'learning_rate': 0.000907827714496853, 'lr_reduce': 0.6}",TPESampler,COMPLETE
1797,0.06855297833681107,2025-04-26 02:32:08.937636,2025-04-26 02:32:59.836596,0 days 00:00:50.898960,0.2860103812029235,160,4,3,96,0.137401815397677,128,1,4,128,0.11215920243361303,64,2,4,112,0.19801695480345669,248,440.0,,2,2,0.002849596167554829,0.6,/work3/arnaou/checkpoints/groupgat_Omega_trial_1797_best_state.pt,"{'learning_rate': 0.002849596167554829, 'lr_reduce': 0.6}",TPESampler,COMPLETE
1798,0.05323505774140358,2025-04-26 02:32:59.445596,2025-04-26 02:34:19.800591,0 days 00:01:20.354995,0.06564775559473324,160,3,3,32,0.041360734025055204,112,4,2,80,0.24686190546941833,32,2,3,64,0.19358533282766188,288,64.0,,2,2,0.00029351705683914263,0.6,/work3/arnaou/checkpoints/groupgat_Omega_trial_1798_best_state.pt,"{'learning_rate': 0.00029351705683914263, 'lr_reduce': 0.6}",TPESampler,COMPLETE
1799,0.061613209545612335,2025-04-26 02:33:00.149891,2025-04-26 02:33:37.941900,0 days 00:00:37.792009,0.07828603464352035,224,1,1,48,0.1650702562757043,224,4,1,128,0.1797287383609371,128,4,4,96,0.17847149098312765,424,72.0,,2,1,0.0014569514885641847,0.6,/work3/arnaou/checkpoints/groupgat_Omega_trial_1799_best_state.pt,"{'learning_rate': 0.0014569514885641847, 'lr_reduce': 0.6}",TPESampler,COMPLETE
1800,0.07694107294082642,2025-04-26 02:33:28.385164,2025-04-26 02:34:22.061355,0 days 00:00:53.676191,0.18346728912456428,176,1,2,96,0.13391309539284565,80,4,1,96,0.21134390501109168,96,4,4,112,0.20492735162885198,376,64.0,328.0,3,1,0.0019102948071666906,0.6,/work3/arnaou/checkpoints/groupgat_Omega_trial_1800_best_state.pt,"{'learning_rate': 0.0019102948071666906, 'lr_reduce': 0.6}",TPESampler,COMPLETE
1801,0.07149551808834076,2025-04-26 02:33:38.154046,2025-04-26 02:34:40.318416,0 days 00:01:02.164370,0.1535250497689069,192,2,1,112,0.1176522050768603,192,4,1,80,0.19838058361756652,96,4,4,112,0.12578860964683464,480,72.0,344.0,3,1,0.000726436519146163,0.6,/work3/arnaou/checkpoints/groupgat_Omega_trial_1801_best_state.pt,"{'learning_rate': 0.000726436519146163, 'lr_reduce': 0.6}",TPESampler,COMPLETE
1802,0.058077096939086914,2025-04-26 02:34:20.087905,2025-04-26 02:35:21.645201,0 days 00:01:01.557296,0.14433493556855953,160,2,1,96,0.17192301676019903,208,4,1,128,0.22368656720542876,64,4,4,80,0.2346652415616115,304,80.0,344.0,3,1,0.0007341559556460954,0.6,/work3/arnaou/checkpoints/groupgat_Omega_trial_1802_best_state.pt,"{'learning_rate': 0.0007341559556460954, 'lr_reduce': 0.6}",TPESampler,COMPLETE
1803,0.06825684756040573,2025-04-26 02:34:22.316671,2025-04-26 02:35:23.733518,0 days 00:01:01.416847,0.1110532060141444,160,1,1,96,0.20591066665195085,144,3,1,128,0.23067476358030437,80,4,4,96,0.2146452883570986,472,80.0,304.0,3,1,0.00033956038725386085,0.6,/work3/arnaou/checkpoints/groupgat_Omega_trial_1803_best_state.pt,"{'learning_rate': 0.00033956038725386085, 'lr_reduce': 0.6}",TPESampler,COMPLETE
1804,0.07774119824171066,2025-04-26 02:34:40.558694,2025-04-26 02:35:47.285292,0 days 00:01:06.726598,0.11085469273967974,176,1,1,128,0.17133486594142874,144,4,1,128,0.24939597358063675,112,4,4,96,0.1480916253132628,512,72.0,352.0,3,1,0.00699963361402213,0.6,/work3/arnaou/checkpoints/groupgat_Omega_trial_1804_best_state.pt,"{'learning_rate': 0.00699963361402213, 'lr_reduce': 0.6}",TPESampler,COMPLETE
1805,0.061351314187049866,2025-04-26 02:35:22.071118,2025-04-26 02:36:01.791922,0 days 00:00:39.720804,0.009936586011851866,256,1,2,32,0.19441721643908758,208,2,1,80,0.2925743235595688,48,2,1,64,0.22430113929805928,424,72.0,312.0,3,2,0.001050600447918592,0.6,/work3/arnaou/checkpoints/groupgat_Omega_trial_1805_best_state.pt,"{'learning_rate': 0.001050600447918592, 'lr_reduce': 0.6}",TPESampler,COMPLETE
1806,0.07061883062124252,2025-04-26 02:35:23.964393,2025-04-26 02:37:04.407300,0 days 00:01:40.442907,0.11870119174146611,192,2,1,96,0.14045020745034018,224,3,1,128,0.18540569486649555,112,4,3,96,0.23798223017075215,464,96.0,360.0,3,1,0.004500107155102077,0.6,/work3/arnaou/checkpoints/groupgat_Omega_trial_1806_best_state.pt,"{'learning_rate': 0.004500107155102077, 'lr_reduce': 0.6}",TPESampler,COMPLETE
1807,0.05680131912231445,2025-04-26 02:35:47.529118,2025-04-26 02:37:13.681016,0 days 00:01:26.151898,0.10345471457462754,160,1,1,96,0.1152188215398412,160,4,1,128,0.1254582808349536,112,4,4,96,0.24838838235975952,320,80.0,312.0,3,1,0.0006417299310766349,0.6,/work3/arnaou/checkpoints/groupgat_Omega_trial_1807_best_state.pt,"{'learning_rate': 0.0006417299310766349, 'lr_reduce': 0.6}",TPESampler,COMPLETE
1808,0.06079860404133797,2025-04-26 02:36:02.063520,2025-04-26 02:37:07.266720,0 days 00:01:05.203200,0.11722058369045094,208,2,2,32,0.08973895116419353,144,4,1,32,0.26122801993371925,64,2,2,112,0.2773693634583833,480,112.0,352.0,3,2,0.001123379439364452,0.6,/work3/arnaou/checkpoints/groupgat_Omega_trial_1808_best_state.pt,"{'learning_rate': 0.001123379439364452, 'lr_reduce': 0.6}",TPESampler,COMPLETE
1809,0.075258769094944,2025-04-26 02:37:04.662679,2025-04-26 02:38:52.041171,0 days 00:01:47.378492,0.12917202577248565,144,2,2,128,0.06555345897852738,128,4,3,48,0.001574799796159515,112,1,3,32,0.2056555817305624,440,,,1,2,0.00025509942525806943,0.6,/work3/arnaou/checkpoints/groupgat_Omega_trial_1809_best_state.pt,"{'learning_rate': 0.00025509942525806943, 'lr_reduce': 0.6}",TPESampler,COMPLETE
1810,0.07910503447055817,2025-04-26 02:37:07.572196,2025-04-26 02:37:41.477675,0 days 00:00:33.905479,0.16057828701548368,256,2,1,112,0.21324661669030656,192,4,1,96,0.20972745555829325,112,4,3,112,0.20410640372572939,488,104.0,312.0,3,1,0.0018074909964849778,0.6,/work3/arnaou/checkpoints/groupgat_Omega_trial_1810_best_state.pt,"{'learning_rate': 0.0018074909964849778, 'lr_reduce': 0.6}",TPESampler,COMPLETE
1811,0.06634245812892914,2025-04-26 02:37:13.956429,2025-04-26 02:37:58.105276,0 days 00:00:44.148847,0.02647973280492752,256,1,3,48,0.17041572871726035,192,1,2,32,0.2323510799831351,128,4,2,32,0.04748488171048881,144,48.0,,2,2,0.00585218190528702,0.6,/work3/arnaou/checkpoints/groupgat_Omega_trial_1811_best_state.pt,"{'learning_rate': 0.00585218190528702, 'lr_reduce': 0.6}",TPESampler,COMPLETE
1812,0.06981611251831055,2025-04-26 02:37:41.753591,2025-04-26 02:38:38.932841,0 days 00:00:57.179250,0.1795756605123545,128,1,1,128,0.06004044203135188,192,3,1,112,0.23688738182454946,96,4,4,96,0.2754726774998436,448,56.0,376.0,3,1,0.0004411326164177306,0.6,/work3/arnaou/checkpoints/groupgat_Omega_trial_1812_best_state.pt,"{'learning_rate': 0.0004411326164177306, 'lr_reduce': 0.6}",TPESampler,COMPLETE
1813,0.06058270484209061,2025-04-26 02:37:58.412661,2025-04-26 02:38:56.610347,0 days 00:00:58.197686,0.08995308740533955,160,2,2,96,0.16361027101527137,128,4,1,80,0.20682743378883803,96,4,3,112,0.24549754707003302,464,112.0,304.0,3,1,0.0008128110770989693,0.6,/work3/arnaou/checkpoints/groupgat_Omega_trial_1813_best_state.pt,"{'learning_rate': 0.0008128110770989693, 'lr_reduce': 0.6}",TPESampler,COMPLETE
1814,0.07888282835483551,2025-04-26 02:38:39.217771,2025-04-26 02:39:19.757043,0 days 00:00:40.539272,0.10811922970736274,224,2,1,32,0.15784645219013083,256,3,2,96,0.25738463655923055,64,2,1,32,0.24404487291455668,416,64.0,,2,2,0.001812091177100378,0.6,/work3/arnaou/checkpoints/groupgat_Omega_trial_1814_best_state.pt,"{'learning_rate': 0.001812091177100378, 'lr_reduce': 0.6}",TPESampler,COMPLETE
1815,0.0727667585015297,2025-04-26 02:38:52.295864,2025-04-26 02:39:37.238832,0 days 00:00:44.942968,0.07751025896641307,144,4,1,96,0.13178019306346758,224,1,2,96,0.09112832506324028,64,1,4,96,0.2675496397007856,456,112.0,360.0,3,2,0.005212653510438668,0.6,/work3/arnaou/checkpoints/groupgat_Omega_trial_1815_best_state.pt,"{'learning_rate': 0.005212653510438668, 'lr_reduce': 0.6}",TPESampler,COMPLETE
1816,0.05308212712407112,2025-04-26 02:38:56.836905,2025-04-26 02:40:03.996872,0 days 00:01:07.159967,0.03017984116124734,224,2,2,32,0.09075198189107556,128,4,1,128,0.27572378208521886,32,3,3,112,0.21198501929795385,464,104.0,312.0,3,2,0.0013760359910007362,0.6,/work3/arnaou/checkpoints/groupgat_Omega_trial_1816_best_state.pt,"{'learning_rate': 0.0013760359910007362, 'lr_reduce': 0.6}",TPESampler,COMPLETE
1817,0.0941501334309578,2025-04-26 02:39:20.011268,2025-04-26 02:40:09.510768,0 days 00:00:49.499500,0.16644634414418713,240,2,1,64,0.1798641736031096,192,4,1,128,0.15657568079007048,112,4,4,48,0.25568805892491836,440,64.0,360.0,3,1,0.0010900566528844675,0.6,/work3/arnaou/checkpoints/groupgat_Omega_trial_1817_best_state.pt,"{'learning_rate': 0.0010900566528844675, 'lr_reduce': 0.6}",TPESampler,COMPLETE
1818,0.062178030610084534,2025-04-26 02:39:37.499044,2025-04-26 02:40:51.102040,0 days 00:01:13.602996,0.10703532521064063,240,1,1,64,0.1714773992851161,176,4,2,64,0.26049665317070125,112,1,2,64,0.28052859471837155,464,120.0,304.0,3,2,0.0012260732797112776,0.6,/work3/arnaou/checkpoints/groupgat_Omega_trial_1818_best_state.pt,"{'learning_rate': 0.0012260732797112776, 'lr_reduce': 0.6}",TPESampler,COMPLETE
1819,0.07385826110839844,2025-04-26 02:40:04.280831,2025-04-26 02:40:50.825378,0 days 00:00:46.544547,0.048262631810746706,208,1,1,96,0.2884670565858146,176,3,2,48,0.15585318550090071,96,4,4,112,0.06790678995352131,48,136.0,,2,1,0.00264678633159135,0.6,/work3/arnaou/checkpoints/groupgat_Omega_trial_1819_best_state.pt,"{'learning_rate': 0.00264678633159135, 'lr_reduce': 0.6}",TPESampler,COMPLETE
1820,0.05661250650882721,2025-04-26 02:40:09.768652,2025-04-26 02:41:53.972518,0 days 00:01:44.203866,0.03269722050470222,240,2,2,32,0.20021005695588762,208,4,1,112,0.042565205191108645,32,3,1,96,0.21708638596530727,512,56.0,368.0,3,2,0.00024229563298872525,0.6,/work3/arnaou/checkpoints/groupgat_Omega_trial_1820_best_state.pt,"{'learning_rate': 0.00024229563298872525, 'lr_reduce': 0.6}",TPESampler,COMPLETE
1821,0.055667657405138016,2025-04-26 02:40:51.118865,2025-04-26 02:42:10.599084,0 days 00:01:19.480219,0.023303277257997954,256,2,1,64,0.27984761255465507,224,2,1,112,0.23917273680798384,64,1,2,64,0.2545181628898877,464,144.0,304.0,3,2,0.0009181324056388402,0.6,/work3/arnaou/checkpoints/groupgat_Omega_trial_1821_best_state.pt,"{'learning_rate': 0.0009181324056388402, 'lr_reduce': 0.6}",TPESampler,COMPLETE
1822,0.056806530803442,2025-04-26 02:40:51.294509,2025-04-26 02:42:49.824559,0 days 00:01:58.530050,0.02360627283162461,224,1,2,48,0.11966332447251384,160,4,2,80,0.2018806466708442,32,1,1,32,0.22175334652826134,384,96.0,344.0,3,2,0.00030018023153963305,0.6,/work3/arnaou/checkpoints/groupgat_Omega_trial_1822_best_state.pt,"{'learning_rate': 0.00030018023153963305, 'lr_reduce': 0.6}",TPESampler,COMPLETE
1823,0.05947883427143097,2025-04-26 02:41:54.311038,2025-04-26 02:43:25.732036,0 days 00:01:31.420998,0.07860192295066071,240,1,1,32,0.2976913398143105,160,4,1,96,0.11002314766490753,32,4,2,112,0.28880623114401865,472,56.0,296.0,3,2,0.00011604828322201268,0.6,/work3/arnaou/checkpoints/groupgat_Omega_trial_1823_best_state.pt,"{'learning_rate': 0.00011604828322201268, 'lr_reduce': 0.6}",TPESampler,COMPLETE
1824,0.0668320506811142,2025-04-26 02:42:11.398811,2025-04-26 02:43:46.696165,0 days 00:01:35.297354,0.033618094821392705,112,3,2,64,0.2194867445805188,144,4,2,96,0.27553333965292454,32,2,2,80,0.28207305250630704,384,152.0,360.0,3,2,0.00030354496882673205,0.6,/work3/arnaou/checkpoints/groupgat_Omega_trial_1824_best_state.pt,"{'learning_rate': 0.00030354496882673205, 'lr_reduce': 0.6}",TPESampler,COMPLETE
1825,0.10393830388784409,2025-04-26 02:42:50.212367,2025-04-26 02:43:48.032819,0 days 00:00:57.820452,0.26459623724635994,64,4,3,96,0.26295578783160856,208,1,2,96,0.20145851721452923,48,3,1,80,0.17030039139914482,416,112.0,,2,1,0.0012211378618683815,0.6,/work3/arnaou/checkpoints/groupgat_Omega_trial_1825_best_state.pt,"{'learning_rate': 0.0012211378618683815, 'lr_reduce': 0.6}",TPESampler,COMPLETE
1826,0.08478400856256485,2025-04-26 02:43:26.008968,2025-04-26 02:44:22.480703,0 days 00:00:56.471735,0.06537738307595771,224,2,1,96,0.202740133371138,208,4,2,128,0.28941215907961104,48,4,4,48,0.22542616836335572,376,184.0,328.0,3,2,0.0030962775197613725,0.6,/work3/arnaou/checkpoints/groupgat_Omega_trial_1826_best_state.pt,"{'learning_rate': 0.0030962775197613725, 'lr_reduce': 0.6}",TPESampler,COMPLETE
1827,0.07196519523859024,2025-04-26 02:43:46.922372,2025-04-26 02:45:05.743587,0 days 00:01:18.821215,0.18541692927969852,208,2,1,80,0.06067729079004558,160,4,1,96,0.19819855266232775,96,4,4,96,0.2940853041600665,280,32.0,384.0,3,1,0.0011008198177688629,0.6,/work3/arnaou/checkpoints/groupgat_Omega_trial_1827_best_state.pt,"{'learning_rate': 0.0011008198177688629, 'lr_reduce': 0.6}",TPESampler,COMPLETE
1828,0.09542441368103027,2025-04-26 02:43:48.307755,2025-04-26 02:45:55.399196,0 days 00:02:07.091441,0.09324569018974956,176,2,1,80,0.2753229940851836,80,1,1,64,0.14554428486705207,80,3,1,112,0.27565754737897813,360,,,1,1,0.004702304694505896,0.6,/work3/arnaou/checkpoints/groupgat_Omega_trial_1828_best_state.pt,"{'learning_rate': 0.004702304694505896, 'lr_reduce': 0.6}",TPESampler,COMPLETE
1829,0.06372316926717758,2025-04-26 02:44:22.774514,2025-04-26 02:45:26.404732,0 days 00:01:03.630218,0.14267419192373185,176,1,2,112,0.1304778829636592,176,4,2,112,0.20364944514829456,96,4,4,96,0.21998626402987886,472,136.0,,2,1,0.0007981466541289499,0.6,/work3/arnaou/checkpoints/groupgat_Omega_trial_1829_best_state.pt,"{'learning_rate': 0.0007981466541289499, 'lr_reduce': 0.6}",TPESampler,COMPLETE
1830,0.06705716997385025,2025-04-26 02:45:06.023323,2025-04-26 02:45:47.768906,0 days 00:00:41.745583,0.004483304460949913,256,1,2,32,0.2567006323414857,192,3,3,128,0.27725417748993053,32,1,2,48,0.24361921843141357,432,200.0,288.0,3,2,0.0024308426730528404,0.6,/work3/arnaou/checkpoints/groupgat_Omega_trial_1830_best_state.pt,"{'learning_rate': 0.0024308426730528404, 'lr_reduce': 0.6}",TPESampler,COMPLETE
1831,0.06115243211388588,2025-04-26 02:45:26.706004,2025-04-26 02:46:16.796535,0 days 00:00:50.090531,0.015263433481743305,224,3,4,96,0.13595405684096107,192,3,1,80,0.16900107692273802,128,1,2,64,0.11268769259749793,200,152.0,,2,2,0.00850476413330626,0.6,/work3/arnaou/checkpoints/groupgat_Omega_trial_1831_best_state.pt,"{'learning_rate': 0.00850476413330626, 'lr_reduce': 0.6}",TPESampler,COMPLETE
1832,0.06258054077625275,2025-04-26 02:45:48.007342,2025-04-26 02:46:44.472143,0 days 00:00:56.464801,0.14288766164356112,192,1,1,80,0.1368999484881252,128,4,1,128,0.2794770266907909,128,3,3,112,0.24630423326199472,432,56.0,336.0,3,1,0.0019126834976681574,0.6,/work3/arnaou/checkpoints/groupgat_Omega_trial_1832_best_state.pt,"{'learning_rate': 0.0019126834976681574, 'lr_reduce': 0.6}",TPESampler,COMPLETE
