number,value,datetime_start,datetime_complete,duration,params_L1_dropout,params_L1_hidden_dim,params_L1_layers_atom,params_L1_layers_mol,params_L1_out_dim,params_L2_dropout,params_L2_hidden_dim,params_L2_layers_atom,params_L2_layers_mol,params_L2_out_dim,params_L3_dropout,params_L3_hidden_dim,params_L3_layers_atom,params_L3_layers_mol,params_L3_out_dim,params_final_dropout,params_mlp_dim_0,params_mlp_dim_1,params_mlp_dim_2,params_n_mlp_layers,params_num_heads,params_train_learning_rate,params_train_lr_reduce,user_attrs_best_state_dict_path,user_attrs_training_params,system_attrs_auto:sampler,state
686,0.05604645982384682,2025-04-25 18:44:43.873673,2025-04-25 18:45:52.880822,0 days 00:01:09.007149,0.023131693334008552,176,1,3,32,0.10952018658048357,240,3,2,112,0.17474049450104753,96,1,1,96,0.17231316680186332,368,56.0,256.0,3,2,0.0004229918166614633,0.6,/work3/arnaou/checkpoints/groupgat_Omega_trial_686_best_state.pt,"{'learning_rate': 0.0004229918166614633, 'lr_reduce': 0.6}",TPESampler,COMPLETE
687,0.06243960186839104,2025-04-25 18:45:01.916125,2025-04-25 18:46:19.737237,0 days 00:01:17.821112,0.09616452639060019,224,1,3,64,0.183589979477313,176,3,1,80,0.12856966739147394,64,1,1,96,0.268304052384417,488,40.0,272.0,3,2,0.00026343900078622907,0.6,/work3/arnaou/checkpoints/groupgat_Omega_trial_687_best_state.pt,"{'learning_rate': 0.00026343900078622907, 'lr_reduce': 0.6}",TPESampler,COMPLETE
688,0.07984596490859985,2025-04-25 18:45:53.062065,2025-04-25 18:47:03.491547,0 days 00:01:10.429482,0.08579739201995845,128,2,2,32,0.18889224040278205,96,4,1,64,0.20585671011177264,48,3,1,64,0.03249531227256461,408,32.0,240.0,3,1,0.000640456013179391,0.6,/work3/arnaou/checkpoints/groupgat_Omega_trial_688_best_state.pt,"{'learning_rate': 0.000640456013179391, 'lr_reduce': 0.6}",TPESampler,COMPLETE
689,0.053044769912958145,2025-04-25 18:46:01.374032,2025-04-25 18:47:06.739245,0 days 00:01:05.365213,0.05083887411522566,208,1,1,80,0.09770597906893341,208,4,1,96,0.2876787674862116,48,2,4,96,0.2778540214524905,480,32.0,,2,2,0.0005723937589059969,0.6,/work3/arnaou/checkpoints/groupgat_Omega_trial_689_best_state.pt,"{'learning_rate': 0.0005723937589059969, 'lr_reduce': 0.6}",TPESampler,COMPLETE
690,0.052513379603624344,2025-04-25 18:46:20.011735,2025-04-25 18:47:25.199195,0 days 00:01:05.187460,0.08795340551744436,224,1,2,32,0.08737852514710204,240,4,1,128,0.29791210465463996,96,3,1,96,0.2928957892364003,464,80.0,280.0,3,2,0.0008514097420084405,0.6,/work3/arnaou/checkpoints/groupgat_Omega_trial_690_best_state.pt,"{'learning_rate': 0.0008514097420084405, 'lr_reduce': 0.6}",TPESampler,COMPLETE
691,0.05647869408130646,2025-04-25 18:47:03.720488,2025-04-25 18:49:25.893214,0 days 00:02:22.172726,0.03918104211783972,256,1,1,80,0.18402427522850728,176,4,2,128,0.242110335172435,64,3,4,128,0.2916443017314119,448,40.0,224.0,3,2,0.00022705939365798817,0.6,/work3/arnaou/checkpoints/groupgat_Omega_trial_691_best_state.pt,"{'learning_rate': 0.00022705939365798817, 'lr_reduce': 0.6}",TPESampler,COMPLETE
692,0.06232873722910881,2025-04-25 18:47:07.004074,2025-04-25 18:48:44.204482,0 days 00:01:37.200408,0.08106455062752035,128,2,1,48,0.1471805863490599,128,4,2,96,0.10876772979941138,48,4,1,96,0.1896926198332397,448,32.0,,2,1,0.00046712857986715085,0.6,/work3/arnaou/checkpoints/groupgat_Omega_trial_692_best_state.pt,"{'learning_rate': 0.00046712857986715085, 'lr_reduce': 0.6}",TPESampler,COMPLETE
693,0.06104271858930588,2025-04-25 18:47:25.388730,2025-04-25 18:48:25.694160,0 days 00:01:00.305430,0.0571222142305532,224,1,3,80,0.11985154425859589,192,3,2,128,0.10426544775913879,64,1,1,96,0.20291291672554423,320,88.0,248.0,3,2,0.0006180901780603411,0.6,/work3/arnaou/checkpoints/groupgat_Omega_trial_693_best_state.pt,"{'learning_rate': 0.0006180901780603411, 'lr_reduce': 0.6}",TPESampler,COMPLETE
694,0.06239863112568855,2025-04-25 18:48:25.925088,2025-04-25 18:49:27.166114,0 days 00:01:01.241026,0.07752248756980258,224,1,2,48,0.1464869085490066,240,4,2,112,0.18516266409342824,96,1,1,96,0.2466274315073434,360,32.0,,2,2,0.00068453725474126,0.6,/work3/arnaou/checkpoints/groupgat_Omega_trial_694_best_state.pt,"{'learning_rate': 0.00068453725474126, 'lr_reduce': 0.6}",TPESampler,COMPLETE
695,0.058667540550231934,2025-04-25 18:48:44.436360,2025-04-25 18:50:22.111429,0 days 00:01:37.675069,0.053471428619820675,256,2,4,48,0.10839263149922455,176,4,2,112,0.25062197089803856,64,1,1,112,0.20232981110189402,456,32.0,288.0,3,2,0.00032090703259742974,0.6,/work3/arnaou/checkpoints/groupgat_Omega_trial_695_best_state.pt,"{'learning_rate': 0.00032090703259742974, 'lr_reduce': 0.6}",TPESampler,COMPLETE
696,0.05147929862141609,2025-04-25 18:49:26.324913,2025-04-25 18:50:35.927619,0 days 00:01:09.602706,0.009571564593911105,144,1,1,32,0.0410956071674878,112,2,1,112,0.2375465408155486,32,4,3,128,0.22781009079117365,424,88.0,,2,2,0.0004449825138839096,0.6,/work3/arnaou/checkpoints/groupgat_Omega_trial_696_best_state.pt,"{'learning_rate': 0.0004449825138839096, 'lr_reduce': 0.6}",TPESampler,COMPLETE
697,0.056352633982896805,2025-04-25 18:49:27.348982,2025-04-25 18:50:34.581572,0 days 00:01:07.232590,0.026935505347413815,256,1,1,64,0.0605223491709959,224,3,1,112,0.2556646165459814,80,2,2,128,0.28296793515617913,464,32.0,240.0,3,2,0.00028480875409919634,0.6,/work3/arnaou/checkpoints/groupgat_Omega_trial_697_best_state.pt,"{'learning_rate': 0.00028480875409919634, 'lr_reduce': 0.6}",TPESampler,COMPLETE
698,0.05523456633090973,2025-04-25 18:50:22.342630,2025-04-25 18:51:32.542182,0 days 00:01:10.199552,0.010943624533408086,256,1,2,64,0.19548986061508744,256,4,1,96,0.18594194397541788,32,3,2,64,0.1522114784602421,408,96.0,328.0,3,2,0.0005237450925810801,0.6,/work3/arnaou/checkpoints/groupgat_Omega_trial_698_best_state.pt,"{'learning_rate': 0.0005237450925810801, 'lr_reduce': 0.6}",TPESampler,COMPLETE
699,0.05137801542878151,2025-04-25 18:50:34.850810,2025-04-25 18:51:44.751354,0 days 00:01:09.900544,0.017919775903198584,240,1,2,32,0.14910404836217106,192,4,1,128,0.20251028969541926,80,1,1,128,0.2715753989871743,304,88.0,240.0,3,2,0.0001323668481530453,0.6,/work3/arnaou/checkpoints/groupgat_Omega_trial_699_best_state.pt,"{'learning_rate': 0.0001323668481530453, 'lr_reduce': 0.6}",TPESampler,COMPLETE
700,0.057198990136384964,2025-04-25 18:50:36.162810,2025-04-25 18:51:45.199266,0 days 00:01:09.036456,0.01768275981291955,128,2,1,32,0.08694422333902929,208,2,1,128,0.27847784804786135,32,4,2,128,0.2476310702620429,408,88.0,,2,2,0.00047611150865996954,0.6,/work3/arnaou/checkpoints/groupgat_Omega_trial_700_best_state.pt,"{'learning_rate': 0.00047611150865996954, 'lr_reduce': 0.6}",TPESampler,COMPLETE
701,0.05912385508418083,2025-04-25 18:51:33.826993,2025-04-25 18:52:50.239873,0 days 00:01:16.412880,0.003878117843188458,144,1,1,48,0.03306767821102303,64,2,2,80,0.2520530818702279,48,4,3,128,0.11639454674540704,496,112.0,,2,2,0.00037324291507670254,0.6,/work3/arnaou/checkpoints/groupgat_Omega_trial_701_best_state.pt,"{'learning_rate': 0.00037324291507670254, 'lr_reduce': 0.6}",TPESampler,COMPLETE
702,0.06437823921442032,2025-04-25 18:51:44.926713,2025-04-25 18:53:11.318620,0 days 00:01:26.391907,0.0861307976425661,80,2,1,80,0.013952528652918988,176,3,2,128,0.2657806700884005,48,4,4,128,0.2556469854803384,464,96.0,,2,2,0.00014570751880609966,0.6,/work3/arnaou/checkpoints/groupgat_Omega_trial_702_best_state.pt,"{'learning_rate': 0.00014570751880609966, 'lr_reduce': 0.6}",TPESampler,COMPLETE
703,0.05151243880391121,2025-04-25 18:51:45.420304,2025-04-25 18:53:00.043423,0 days 00:01:14.623119,0.0479330023558113,192,1,3,48,0.16797614529772736,224,4,2,128,0.2827651914819557,96,1,1,112,0.2588605143279841,200,96.0,,2,1,0.000171839285378934,0.6,/work3/arnaou/checkpoints/groupgat_Omega_trial_703_best_state.pt,"{'learning_rate': 0.000171839285378934, 'lr_reduce': 0.6}",TPESampler,COMPLETE
704,0.06218218058347702,2025-04-25 18:52:50.472675,2025-04-25 18:54:21.925265,0 days 00:01:31.452590,0.09958839128877976,160,1,3,32,0.18027270048012095,176,4,1,112,0.20863299879947786,112,1,1,128,0.29095613609491106,344,112.0,224.0,3,2,0.000298774332124789,0.6,/work3/arnaou/checkpoints/groupgat_Omega_trial_704_best_state.pt,"{'learning_rate': 0.000298774332124789, 'lr_reduce': 0.6}",TPESampler,COMPLETE
705,0.05738299340009689,2025-04-25 18:53:00.276860,2025-04-25 18:54:02.238239,0 days 00:01:01.961379,0.03163713178827617,144,2,2,48,0.135005702067649,224,3,2,128,0.2779065452639322,64,1,1,112,0.27909777464732854,152,96.0,,2,1,0.00029554318280395627,0.6,/work3/arnaou/checkpoints/groupgat_Omega_trial_705_best_state.pt,"{'learning_rate': 0.00029554318280395627, 'lr_reduce': 0.6}",TPESampler,COMPLETE
706,0.06327695399522781,2025-04-25 18:53:11.555390,2025-04-25 18:53:58.656839,0 days 00:00:47.101449,0.05232802585308652,144,1,1,32,0.16771104074927823,96,3,2,64,0.12433763544196728,48,4,1,96,0.12240324462325076,368,88.0,272.0,3,1,0.004770039304831256,0.6,/work3/arnaou/checkpoints/groupgat_Omega_trial_706_best_state.pt,"{'learning_rate': 0.004770039304831256, 'lr_reduce': 0.6}",TPESampler,COMPLETE
707,0.0620596818625927,2025-04-25 18:53:58.836144,2025-04-25 18:54:59.742927,0 days 00:01:00.906783,0.027115273633944427,144,1,1,48,0.12153487998141285,80,2,2,128,0.21035857327439575,48,3,3,128,0.2714818245388184,488,96.0,,2,2,0.0011544145687583042,0.6,/work3/arnaou/checkpoints/groupgat_Omega_trial_707_best_state.pt,"{'learning_rate': 0.0011544145687583042, 'lr_reduce': 0.6}",TPESampler,COMPLETE
708,0.06037469208240509,2025-04-25 18:54:02.437417,2025-04-25 18:55:27.922958,0 days 00:01:25.485541,0.01674455979314273,128,1,1,32,0.0478782032650372,64,3,2,128,0.24765438187428612,32,4,2,128,0.22230275662750126,360,88.0,,2,2,0.000356785009194806,0.6,/work3/arnaou/checkpoints/groupgat_Omega_trial_708_best_state.pt,"{'learning_rate': 0.000356785009194806, 'lr_reduce': 0.6}",TPESampler,COMPLETE
709,0.05819537863135338,2025-04-25 18:54:22.128451,2025-04-25 18:55:54.408116,0 days 00:01:32.279665,0.06090026644967609,256,2,2,64,0.14825074793843218,224,3,1,112,0.279349571826513,80,1,3,80,0.18675097910571647,504,112.0,320.0,3,2,0.00029659901077688506,0.6,/work3/arnaou/checkpoints/groupgat_Omega_trial_709_best_state.pt,"{'learning_rate': 0.00029659901077688506, 'lr_reduce': 0.6}",TPESampler,COMPLETE
710,0.05380217358469963,2025-04-25 18:54:59.937149,2025-04-25 18:56:46.334017,0 days 00:01:46.396868,0.05727004257552788,256,1,2,48,0.18864892779488146,208,4,1,128,0.145777853002948,80,1,1,80,0.2501856388062062,496,88.0,352.0,3,2,0.0001072388268628321,0.6,/work3/arnaou/checkpoints/groupgat_Omega_trial_710_best_state.pt,"{'learning_rate': 0.0001072388268628321, 'lr_reduce': 0.6}",TPESampler,COMPLETE
711,0.06532993912696838,2025-04-25 18:55:28.178119,2025-04-25 18:56:38.740672,0 days 00:01:10.562553,0.022124717025691926,96,1,1,48,0.19525267601560634,224,3,1,96,0.1801278781050455,64,4,1,96,0.17779651909137356,232,88.0,280.0,3,1,0.0045656700576655294,0.6,/work3/arnaou/checkpoints/groupgat_Omega_trial_711_best_state.pt,"{'learning_rate': 0.0045656700576655294, 'lr_reduce': 0.6}",TPESampler,COMPLETE
712,0.07688265293836594,2025-04-25 18:55:54.729352,2025-04-25 18:57:44.960662,0 days 00:01:50.231310,0.024791099017533912,192,1,3,32,0.08785873233594661,256,4,2,128,0.21622126207772452,112,2,2,112,0.2155289595072866,232,88.0,,2,1,0.0001228189900860301,0.6,/work3/arnaou/checkpoints/groupgat_Omega_trial_712_best_state.pt,"{'learning_rate': 0.0001228189900860301, 'lr_reduce': 0.6}",TPESampler,COMPLETE
713,0.06922038644552231,2025-04-25 18:56:38.972020,2025-04-25 18:57:45.238885,0 days 00:01:06.266865,0.11611963671269934,256,1,3,48,0.2164005355948453,192,3,2,112,0.28401532181285594,80,1,2,96,0.28621089368307123,120,80.0,,2,1,0.00016569027196411398,0.6,/work3/arnaou/checkpoints/groupgat_Omega_trial_713_best_state.pt,"{'learning_rate': 0.00016569027196411398, 'lr_reduce': 0.6}",TPESampler,COMPLETE
714,0.0680692046880722,2025-04-25 18:56:46.546781,2025-04-25 18:58:10.461733,0 days 00:01:23.914952,0.09294588358395045,256,1,1,48,0.10762393619135963,128,4,1,112,0.21412313098170058,48,1,1,128,0.2292052519760256,240,112.0,288.0,3,2,0.00015006031749665758,0.6,/work3/arnaou/checkpoints/groupgat_Omega_trial_714_best_state.pt,"{'learning_rate': 0.00015006031749665758, 'lr_reduce': 0.6}",TPESampler,COMPLETE
715,0.05959894880652428,2025-04-25 18:57:45.184663,2025-04-25 18:59:03.253802,0 days 00:01:18.069139,0.01341362747304283,128,1,1,32,0.014543276560424225,96,2,1,112,0.289213342733645,32,4,4,112,0.23469652152800966,496,,,1,2,0.00033098068436961825,0.6,/work3/arnaou/checkpoints/groupgat_Omega_trial_715_best_state.pt,"{'learning_rate': 0.00033098068436961825, 'lr_reduce': 0.6}",TPESampler,COMPLETE
716,0.05939941853284836,2025-04-25 18:57:45.411040,2025-04-25 18:58:48.087872,0 days 00:01:02.676832,0.01131894715579617,224,1,1,32,0.028787238848696006,80,4,1,112,0.13725663675189204,96,3,3,64,0.05109858134732722,512,112.0,,2,2,0.0009588602640399204,0.6,/work3/arnaou/checkpoints/groupgat_Omega_trial_716_best_state.pt,"{'learning_rate': 0.0009588602640399204, 'lr_reduce': 0.6}",TPESampler,COMPLETE
717,0.05620815232396126,2025-04-25 18:58:10.762649,2025-04-25 18:59:09.767109,0 days 00:00:59.004460,0.04828099111597786,208,1,1,32,0.1650661348470903,240,4,2,128,0.23156404546514014,48,3,4,80,0.18843805027603588,456,72.0,368.0,3,2,0.001111030142179623,0.6,/work3/arnaou/checkpoints/groupgat_Omega_trial_717_best_state.pt,"{'learning_rate': 0.001111030142179623, 'lr_reduce': 0.6}",TPESampler,COMPLETE
718,0.0568707250058651,2025-04-25 18:58:48.292479,2025-04-25 18:59:45.125487,0 days 00:00:56.833008,0.053689941409190214,160,1,3,96,0.17829698874887526,160,3,2,128,0.26209304202273576,96,1,1,32,0.25198355376008347,136,32.0,,2,1,0.0004615309547369601,0.6,/work3/arnaou/checkpoints/groupgat_Omega_trial_718_best_state.pt,"{'learning_rate': 0.0004615309547369601, 'lr_reduce': 0.6}",TPESampler,COMPLETE
719,0.04858948290348053,2025-04-25 18:59:03.453863,2025-04-25 19:00:03.511486,0 days 00:01:00.057623,0.023545673927747823,208,1,2,48,0.11253925346645678,240,4,1,128,0.21215427274185325,64,2,2,96,0.2869143965711468,360,128.0,328.0,3,1,0.0005218037547728373,0.6,/work3/arnaou/checkpoints/groupgat_Omega_trial_719_best_state.pt,"{'learning_rate': 0.0005218037547728373, 'lr_reduce': 0.6}",TPESampler,COMPLETE
720,0.057339541614055634,2025-04-25 18:59:09.956769,2025-04-25 19:00:38.767330,0 days 00:01:28.810561,0.0629021826020133,256,2,1,48,0.08778474838035658,240,4,1,128,0.19595406167432422,80,2,1,112,0.2888141160305685,216,80.0,,2,2,0.00011715707200976073,0.6,/work3/arnaou/checkpoints/groupgat_Omega_trial_720_best_state.pt,"{'learning_rate': 0.00011715707200976073, 'lr_reduce': 0.6}",TPESampler,COMPLETE
721,0.2001589685678482,2025-04-25 18:59:45.410960,2025-04-25 19:00:49.024634,0 days 00:01:03.613674,0.08937168689582647,176,1,3,80,0.2537759265086904,224,4,3,112,0.2601653738584464,112,1,2,128,0.2674898237531353,216,,,1,1,0.00011952659259319288,0.6,/work3/arnaou/checkpoints/groupgat_Omega_trial_721_best_state.pt,"{'learning_rate': 0.00011952659259319288, 'lr_reduce': 0.6}",TPESampler,COMPLETE
722,0.06502436101436615,2025-04-25 19:00:03.711933,2025-04-25 19:00:51.873870,0 days 00:00:48.161937,0.003141756330278647,256,1,1,48,0.1521098854772447,240,4,1,112,0.20368498300038934,80,3,2,96,0.24919087796692702,248,120.0,320.0,3,1,0.0038382527755309896,0.6,/work3/arnaou/checkpoints/groupgat_Omega_trial_722_best_state.pt,"{'learning_rate': 0.0038382527755309896, 'lr_reduce': 0.6}",TPESampler,COMPLETE
723,0.05467495322227478,2025-04-25 19:00:38.985072,2025-04-25 19:01:46.496365,0 days 00:01:07.511293,0.02340995043814026,240,1,2,64,0.1803907938416483,192,4,2,96,0.18562871176580117,80,1,1,96,0.27472744490946066,288,112.0,296.0,3,1,0.00018929739020980942,0.6,/work3/arnaou/checkpoints/groupgat_Omega_trial_723_best_state.pt,"{'learning_rate': 0.00018929739020980942, 'lr_reduce': 0.6}",TPESampler,COMPLETE
724,0.06241435557603836,2025-04-25 19:00:49.258410,2025-04-25 19:02:04.883837,0 days 00:01:15.625427,0.08145771874484226,224,1,2,48,0.13634384751449755,224,4,1,128,0.18964117611595335,64,2,2,80,0.29784751891394273,456,136.0,352.0,3,1,0.00016472802190072418,0.6,/work3/arnaou/checkpoints/groupgat_Omega_trial_724_best_state.pt,"{'learning_rate': 0.00016472802190072418, 'lr_reduce': 0.6}",TPESampler,COMPLETE
725,0.0654657855629921,2025-04-25 19:00:52.126209,2025-04-25 19:01:56.248592,0 days 00:01:04.122383,0.005354133542281772,256,2,3,32,0.0758567465241546,96,2,1,96,0.1675034845105945,96,3,1,128,0.17707665231165942,472,128.0,352.0,3,2,0.0007595758356411853,0.6,/work3/arnaou/checkpoints/groupgat_Omega_trial_725_best_state.pt,"{'learning_rate': 0.0007595758356411853, 'lr_reduce': 0.6}",TPESampler,COMPLETE
726,0.0724237933754921,2025-04-25 19:01:46.695877,2025-04-25 19:02:59.411174,0 days 00:01:12.715297,0.0653108548787458,240,1,1,48,0.24386926111996013,176,3,1,112,0.26972817651464454,80,1,1,112,0.19402735491991072,312,136.0,,2,2,0.0001856956532602092,0.6,/work3/arnaou/checkpoints/groupgat_Omega_trial_726_best_state.pt,"{'learning_rate': 0.0001856956532602092, 'lr_reduce': 0.6}",TPESampler,COMPLETE
727,0.05598873645067215,2025-04-25 19:01:56.456101,2025-04-25 19:03:18.152961,0 days 00:01:21.696860,0.008479291402653173,256,2,2,32,0.22213653780906273,176,4,1,128,0.2487131189930114,80,1,1,128,0.24903153031819347,216,128.0,320.0,3,2,0.00029682212061107004,0.6,/work3/arnaou/checkpoints/groupgat_Omega_trial_727_best_state.pt,"{'learning_rate': 0.00029682212061107004, 'lr_reduce': 0.6}",TPESampler,COMPLETE
728,0.05887654796242714,2025-04-25 19:02:05.090060,2025-04-25 19:03:10.146412,0 days 00:01:05.056352,0.039593490165903134,192,1,2,64,0.22553690435236856,240,4,2,128,0.2404254519928537,96,1,2,128,0.1561460852002168,256,72.0,288.0,3,1,0.0008737601384690603,0.6,/work3/arnaou/checkpoints/groupgat_Omega_trial_728_best_state.pt,"{'learning_rate': 0.0008737601384690603, 'lr_reduce': 0.6}",TPESampler,COMPLETE
729,0.05585567280650139,2025-04-25 19:02:59.647781,2025-04-25 19:04:22.011553,0 days 00:01:22.363772,0.014491459001525334,224,1,4,80,0.18402722898273913,208,4,2,128,0.23219846013934928,96,1,2,112,0.1987452904219691,200,80.0,,2,2,0.0002046431536894393,0.6,/work3/arnaou/checkpoints/groupgat_Omega_trial_729_best_state.pt,"{'learning_rate': 0.0002046431536894393, 'lr_reduce': 0.6}",TPESampler,COMPLETE
730,0.05592501163482666,2025-04-25 19:03:10.393466,2025-04-25 19:04:29.535097,0 days 00:01:19.141631,0.05697522230359476,176,1,1,64,0.04190420207979932,256,4,2,128,0.2141104491406043,96,2,3,128,0.24627243925673453,408,120.0,368.0,3,1,0.00011207765946485823,0.6,/work3/arnaou/checkpoints/groupgat_Omega_trial_730_best_state.pt,"{'learning_rate': 0.00011207765946485823, 'lr_reduce': 0.6}",TPESampler,COMPLETE
731,0.0627465769648552,2025-04-25 19:03:18.382260,2025-04-25 19:04:10.076873,0 days 00:00:51.694613,0.014836340014173319,144,2,1,32,0.27332796131648773,192,3,2,64,0.08867459656634163,48,4,1,80,0.08029327473230918,496,144.0,256.0,3,1,0.0011727659369872318,0.6,/work3/arnaou/checkpoints/groupgat_Omega_trial_731_best_state.pt,"{'learning_rate': 0.0011727659369872318, 'lr_reduce': 0.6}",TPESampler,COMPLETE
732,0.0541297122836113,2025-04-25 19:04:10.687104,2025-04-25 19:05:12.295604,0 days 00:01:01.608500,0.026829704082244412,240,1,1,64,0.04090179064474639,208,4,1,128,0.28036539514762804,48,2,1,96,0.2823733437029328,336,32.0,216.0,3,1,0.00043502646319047657,0.6,/work3/arnaou/checkpoints/groupgat_Omega_trial_732_best_state.pt,"{'learning_rate': 0.00043502646319047657, 'lr_reduce': 0.6}",TPESampler,COMPLETE
733,0.055980611592531204,2025-04-25 19:04:22.277607,2025-04-25 19:05:33.530128,0 days 00:01:11.252521,0.051712684542783625,240,1,3,32,0.08580875001587829,208,3,2,128,0.23265881855591997,32,2,4,96,0.15182395866735654,296,88.0,336.0,3,2,0.0009678643164550084,0.6,/work3/arnaou/checkpoints/groupgat_Omega_trial_733_best_state.pt,"{'learning_rate': 0.0009678643164550084, 'lr_reduce': 0.6}",TPESampler,COMPLETE
734,0.06025060638785362,2025-04-25 19:04:29.777251,2025-04-25 19:06:09.615782,0 days 00:01:39.838531,0.019416941222508137,256,1,2,32,0.1357973370626705,144,4,1,128,0.19244965408339262,96,2,1,112,0.27572029555344946,312,144.0,296.0,3,2,0.00013337606361093728,0.6,/work3/arnaou/checkpoints/groupgat_Omega_trial_734_best_state.pt,"{'learning_rate': 0.00013337606361093728, 'lr_reduce': 0.6}",TPESampler,COMPLETE
735,0.05489891767501831,2025-04-25 19:05:12.792363,2025-04-25 19:06:29.277561,0 days 00:01:16.485198,0.008496738987414178,224,1,1,64,0.15594818543446978,224,4,2,128,0.26029942906370307,32,4,3,96,0.2770516535773303,344,,,1,2,0.0006052297487092339,0.6,/work3/arnaou/checkpoints/groupgat_Omega_trial_735_best_state.pt,"{'learning_rate': 0.0006052297487092339, 'lr_reduce': 0.6}",TPESampler,COMPLETE
736,0.07505185157060623,2025-04-25 19:05:33.843159,2025-04-25 19:07:09.081631,0 days 00:01:35.238472,0.011162344859665572,256,1,1,48,0.11792434392009105,224,4,2,128,0.27258829137102825,64,4,4,80,0.18021020977530613,456,80.0,,2,2,0.00010998393937664278,0.6,/work3/arnaou/checkpoints/groupgat_Omega_trial_736_best_state.pt,"{'learning_rate': 0.00010998393937664278, 'lr_reduce': 0.6}",TPESampler,COMPLETE
737,0.05087895691394806,2025-04-25 19:06:09.820229,2025-04-25 19:07:25.755830,0 days 00:01:15.935601,0.022930440675237945,256,1,1,32,0.07388850940680697,192,3,1,96,0.15220704045510008,48,2,3,80,0.1622084538285228,272,32.0,280.0,3,2,0.00022208252463589505,0.6,/work3/arnaou/checkpoints/groupgat_Omega_trial_737_best_state.pt,"{'learning_rate': 0.00022208252463589505, 'lr_reduce': 0.6}",TPESampler,COMPLETE
738,0.057132720947265625,2025-04-25 19:06:29.643184,2025-04-25 19:08:01.684673,0 days 00:01:32.041489,0.03699588267239841,160,2,1,48,0.018548774849727803,144,3,1,96,0.18862397960244578,32,4,2,112,0.2242790884026742,432,80.0,,2,2,0.0001926827092852192,0.6,/work3/arnaou/checkpoints/groupgat_Omega_trial_738_best_state.pt,"{'learning_rate': 0.0001926827092852192, 'lr_reduce': 0.6}",TPESampler,COMPLETE
