number,value,datetime_start,datetime_complete,duration,params_L1_dropout,params_L1_hidden_dim,params_L1_layers_atom,params_L1_layers_mol,params_L1_out_dim,params_L2_dropout,params_L2_hidden_dim,params_L2_layers_atom,params_L2_layers_mol,params_L2_out_dim,params_L3_dropout,params_L3_hidden_dim,params_L3_layers_atom,params_L3_layers_mol,params_L3_out_dim,params_final_dropout,params_mlp_dim_0,params_mlp_dim_1,params_mlp_dim_2,params_n_mlp_layers,params_num_heads,params_train_learning_rate,params_train_lr_reduce,user_attrs_best_state_dict_path,user_attrs_training_params,system_attrs_auto:sampler,state
369,0.05812269449234009,2025-04-25 16:27:15.552920,2025-04-25 16:28:05.090467,0 days 00:00:49.537547,0.03746660376761969,112,2,1,48,0.07914179075660824,240,1,2,64,0.2336050142344984,64,2,3,128,0.2519309871838992,440,256.0,360.0,3,1,0.0013313450450887442,0.6,/work3/arnaou/checkpoints/groupgat_Omega_trial_369_best_state.pt,"{'learning_rate': 0.0013313450450887442, 'lr_reduce': 0.6}",TPESampler,COMPLETE
370,0.05601270869374275,2025-04-25 16:27:33.458114,2025-04-25 16:28:32.312809,0 days 00:00:58.854695,0.07834899134410434,112,1,1,64,0.18291928499088245,160,2,1,112,0.28585071623949676,80,4,4,128,0.2685020980474602,392,264.0,,2,1,0.00047945607499495796,0.6,/work3/arnaou/checkpoints/groupgat_Omega_trial_370_best_state.pt,"{'learning_rate': 0.00047945607499495796, 'lr_reduce': 0.6}",TPESampler,COMPLETE
371,0.060099441558122635,2025-04-25 16:28:05.379401,2025-04-25 16:30:06.392282,0 days 00:02:01.012881,0.021626067213837454,128,2,2,32,0.1888280732455362,144,2,3,128,0.18452878077644722,32,1,3,112,0.1024789842079808,464,432.0,88.0,3,2,0.00038715054519527706,0.6,/work3/arnaou/checkpoints/groupgat_Omega_trial_371_best_state.pt,"{'learning_rate': 0.00038715054519527706, 'lr_reduce': 0.6}",TPESampler,COMPLETE
372,0.07036729156970978,2025-04-25 16:28:32.527214,2025-04-25 16:30:59.673358,0 days 00:02:27.146144,0.1009927953898267,224,1,3,32,0.09856708493021293,128,4,2,48,0.2378861204046062,32,4,1,80,0.29044896309720714,472,336.0,232.0,3,2,0.00019064549585710725,0.6,/work3/arnaou/checkpoints/groupgat_Omega_trial_372_best_state.pt,"{'learning_rate': 0.00019064549585710725, 'lr_reduce': 0.6}",TPESampler,COMPLETE
373,0.05438990890979767,2025-04-25 16:28:42.429870,2025-04-25 16:30:13.822794,0 days 00:01:31.392924,0.009796254153327983,208,1,3,64,0.07076926024188926,208,1,2,112,0.09730060938838948,80,4,3,112,0.10524786450688232,472,232.0,136.0,3,2,0.0002224224259342211,0.6,/work3/arnaou/checkpoints/groupgat_Omega_trial_373_best_state.pt,"{'learning_rate': 0.0002224224259342211, 'lr_reduce': 0.6}",TPESampler,COMPLETE
374,0.05493377149105072,2025-04-25 16:30:06.541376,2025-04-25 16:31:23.513833,0 days 00:01:16.972457,0.020957666613043758,112,1,1,48,0.2001974600264836,160,1,1,64,0.24065269410635226,32,3,2,112,0.044263540659578826,512,304.0,64.0,3,2,0.0007401931479670637,0.6,/work3/arnaou/checkpoints/groupgat_Omega_trial_374_best_state.pt,"{'learning_rate': 0.0007401931479670637, 'lr_reduce': 0.6}",TPESampler,COMPLETE
375,0.06420215964317322,2025-04-25 16:30:13.985594,2025-04-25 16:32:16.477675,0 days 00:02:02.492081,0.046877431414024194,96,3,2,48,0.011078135126763984,208,1,1,96,0.1426385049385259,32,2,2,128,0.18664687146489622,440,104.0,400.0,3,2,0.00015259530853875208,0.6,/work3/arnaou/checkpoints/groupgat_Omega_trial_375_best_state.pt,"{'learning_rate': 0.00015259530853875208, 'lr_reduce': 0.6}",TPESampler,COMPLETE
376,0.05459611490368843,2025-04-25 16:30:59.896429,2025-04-25 16:32:18.253248,0 days 00:01:18.356819,0.022121375169858515,160,2,3,32,0.08110634447974258,176,4,2,48,0.26636239227135433,32,1,2,96,0.2668899241782226,376,224.0,128.0,3,2,0.0007360494092524247,0.6,/work3/arnaou/checkpoints/groupgat_Omega_trial_376_best_state.pt,"{'learning_rate': 0.0007360494092524247, 'lr_reduce': 0.6}",TPESampler,COMPLETE
377,0.05489641800522804,2025-04-25 16:31:23.657049,2025-04-25 16:32:48.547359,0 days 00:01:24.890310,0.04139756732462316,256,1,1,64,0.0600148422952361,96,3,1,128,0.16162893525851632,64,4,2,80,0.06973878232196742,432,,,1,2,0.001452045370998287,0.6,/work3/arnaou/checkpoints/groupgat_Omega_trial_377_best_state.pt,"{'learning_rate': 0.001452045370998287, 'lr_reduce': 0.6}",TPESampler,COMPLETE
378,0.06049715355038643,2025-04-25 16:32:16.658981,2025-04-25 16:33:09.794505,0 days 00:00:53.135524,0.07234029546969728,144,4,2,48,0.2223132552646531,192,1,1,128,0.16778409324751373,32,1,2,128,0.2894759841726581,120,272.0,,2,2,0.0009550204176537191,0.6,/work3/arnaou/checkpoints/groupgat_Omega_trial_378_best_state.pt,"{'learning_rate': 0.0009550204176537191, 'lr_reduce': 0.6}",TPESampler,COMPLETE
379,0.06413524597883224,2025-04-25 16:32:18.488821,2025-04-25 16:33:19.160334,0 days 00:01:00.671513,0.005043935265968136,192,2,1,96,0.13676988763157277,208,2,1,64,0.2736029288749913,48,2,4,64,0.22642253561927278,464,376.0,,2,2,0.0013704480884754082,0.6,/work3/arnaou/checkpoints/groupgat_Omega_trial_379_best_state.pt,"{'learning_rate': 0.0013704480884754082, 'lr_reduce': 0.6}",TPESampler,COMPLETE
380,0.0631343275308609,2025-04-25 16:32:48.725288,2025-04-25 16:33:55.654515,0 days 00:01:06.929227,0.08060429820525204,64,2,2,64,0.0379192080884322,256,2,1,96,0.17941113750304735,32,2,3,128,0.2158128670572811,488,184.0,,2,2,0.0005975903275848024,0.6,/work3/arnaou/checkpoints/groupgat_Omega_trial_380_best_state.pt,"{'learning_rate': 0.0005975903275848024, 'lr_reduce': 0.6}",TPESampler,COMPLETE
381,0.06285534054040909,2025-04-25 16:33:09.994368,2025-04-25 16:34:21.044501,0 days 00:01:11.050133,0.02099671133234283,240,2,1,32,0.03226050324950057,208,4,2,112,0.2312914171011332,32,1,2,96,0.2959738073230316,480,72.0,32.0,3,2,0.0011590518569735198,0.6,/work3/arnaou/checkpoints/groupgat_Omega_trial_381_best_state.pt,"{'learning_rate': 0.0011590518569735198, 'lr_reduce': 0.6}",TPESampler,COMPLETE
382,0.0583406426012516,2025-04-25 16:33:19.413042,2025-04-25 16:34:32.819244,0 days 00:01:13.406202,0.020642855659719878,224,1,1,48,0.09618919072149602,208,3,2,112,0.26863656343681597,80,3,4,128,0.18509804297942262,440,512.0,,2,2,0.0005365686118341975,0.6,/work3/arnaou/checkpoints/groupgat_Omega_trial_382_best_state.pt,"{'learning_rate': 0.0005365686118341975, 'lr_reduce': 0.6}",TPESampler,COMPLETE
383,0.08680232614278793,2025-04-25 16:33:55.789595,2025-04-25 16:35:22.348819,0 days 00:01:26.559224,0.06929010997650138,64,1,1,48,0.16255012401471525,144,2,1,128,0.29984495876328776,32,3,4,96,0.26530821657868453,408,272.0,,2,2,0.0002668654522059464,0.6,/work3/arnaou/checkpoints/groupgat_Omega_trial_383_best_state.pt,"{'learning_rate': 0.0002668654522059464, 'lr_reduce': 0.6}",TPESampler,COMPLETE
384,0.05902927368879318,2025-04-25 16:34:21.242618,2025-04-25 16:36:01.745640,0 days 00:01:40.503022,0.028262358951596178,160,1,1,32,0.10074661934749056,240,4,3,64,0.2756426960265635,32,2,1,128,0.2831470727701571,512,352.0,88.0,3,2,0.00028231565029780616,0.6,/work3/arnaou/checkpoints/groupgat_Omega_trial_384_best_state.pt,"{'learning_rate': 0.00028231565029780616, 'lr_reduce': 0.6}",TPESampler,COMPLETE
385,0.06093691661953926,2025-04-25 16:34:33.078357,2025-04-25 16:35:58.591653,0 days 00:01:25.513296,0.04480350307878863,208,2,1,32,0.0847540463248521,208,4,2,64,0.2667260809228657,48,3,2,96,0.29461748848927766,512,208.0,152.0,3,2,0.0005591077744180707,0.6,/work3/arnaou/checkpoints/groupgat_Omega_trial_385_best_state.pt,"{'learning_rate': 0.0005591077744180707, 'lr_reduce': 0.6}",TPESampler,COMPLETE
386,0.05213369429111481,2025-04-25 16:35:22.507594,2025-04-25 16:36:34.686782,0 days 00:01:12.179188,0.04250884636487388,192,2,2,32,0.12940976960796716,192,4,3,112,0.2933473062637342,64,2,2,128,0.2767110624262736,440,136.0,88.0,3,2,0.0005146044928307941,0.6,/work3/arnaou/checkpoints/groupgat_Omega_trial_386_best_state.pt,"{'learning_rate': 0.0005146044928307941, 'lr_reduce': 0.6}",TPESampler,COMPLETE
387,0.057088304311037064,2025-04-25 16:35:58.813473,2025-04-25 16:37:27.962430,0 days 00:01:29.148957,0.014709931198160373,208,4,1,32,0.15349446764137864,224,4,2,64,0.2941571703016982,32,2,1,128,0.14786861592587786,392,296.0,80.0,3,2,0.00022032511105690255,0.6,/work3/arnaou/checkpoints/groupgat_Omega_trial_387_best_state.pt,"{'learning_rate': 0.00022032511105690255, 'lr_reduce': 0.6}",TPESampler,COMPLETE
388,0.05972602590918541,2025-04-25 16:36:01.956342,2025-04-25 16:37:32.048310,0 days 00:01:30.091968,0.012933775204515451,224,1,2,32,0.12251251301895286,96,4,2,80,0.21761491834130425,32,3,3,128,0.18766102248183145,496,440.0,152.0,3,2,0.00025031848451162464,0.6,/work3/arnaou/checkpoints/groupgat_Omega_trial_388_best_state.pt,"{'learning_rate': 0.00025031848451162464, 'lr_reduce': 0.6}",TPESampler,COMPLETE
389,0.060018837451934814,2025-04-25 16:36:34.835062,2025-04-25 16:38:50.162054,0 days 00:02:15.326992,0.027511317950390433,208,4,1,32,0.10965536616525004,160,1,1,96,0.23678397807046864,48,1,2,128,0.1381548890449404,456,64.0,80.0,3,2,0.00021709542180613076,0.6,/work3/arnaou/checkpoints/groupgat_Omega_trial_389_best_state.pt,"{'learning_rate': 0.00021709542180613076, 'lr_reduce': 0.6}",TPESampler,COMPLETE
390,0.061617765575647354,2025-04-25 16:37:28.160274,2025-04-25 16:38:53.336450,0 days 00:01:25.176176,0.04645340275902082,192,2,3,32,0.15363375994637796,160,3,2,128,0.2633485111377591,112,3,1,128,0.2554834422012778,504,144.0,,2,2,0.00022238548460842565,0.6,/work3/arnaou/checkpoints/groupgat_Omega_trial_390_best_state.pt,"{'learning_rate': 0.00022238548460842565, 'lr_reduce': 0.6}",TPESampler,COMPLETE
391,0.05628560855984688,2025-04-25 16:37:32.380691,2025-04-25 16:38:34.040631,0 days 00:01:01.659940,0.12525238069574748,224,1,1,32,0.12814697987542287,208,2,1,128,0.28950083396823634,32,2,3,128,0.26348939973076574,488,128.0,,2,2,0.000881879142925617,0.6,/work3/arnaou/checkpoints/groupgat_Omega_trial_391_best_state.pt,"{'learning_rate': 0.000881879142925617, 'lr_reduce': 0.6}",TPESampler,COMPLETE
392,0.06158885732293129,2025-04-25 16:38:34.220025,2025-04-25 16:39:37.146928,0 days 00:01:02.926903,0.10115363610009229,176,1,3,96,0.1937932757142513,176,1,2,96,0.06708719137241435,48,2,2,96,0.15426575739348286,512,112.0,80.0,3,2,0.0008150766402379594,0.6,/work3/arnaou/checkpoints/groupgat_Omega_trial_392_best_state.pt,"{'learning_rate': 0.0008150766402379594, 'lr_reduce': 0.6}",TPESampler,COMPLETE
393,0.05906036123633385,2025-04-25 16:38:50.323711,2025-04-25 16:39:47.141797,0 days 00:00:56.818086,0.11763123495053039,160,1,1,32,0.03398681635610461,160,1,1,112,0.28269614391635156,48,1,4,112,0.2618546089616198,488,136.0,,2,2,0.0027520226066078232,0.6,/work3/arnaou/checkpoints/groupgat_Omega_trial_393_best_state.pt,"{'learning_rate': 0.0027520226066078232, 'lr_reduce': 0.6}",TPESampler,COMPLETE
394,0.06451939046382904,2025-04-25 16:38:53.520461,2025-04-25 16:40:18.873136,0 days 00:01:25.352675,0.0727901500382323,240,2,3,64,0.12643127431722037,160,4,3,128,0.25745761824512836,96,3,1,96,0.2978793201961605,400,144.0,120.0,3,2,0.004157613198988201,0.6,/work3/arnaou/checkpoints/groupgat_Omega_trial_394_best_state.pt,"{'learning_rate': 0.004157613198988201, 'lr_reduce': 0.6}",TPESampler,COMPLETE
395,0.05932231619954109,2025-04-25 16:39:37.316025,2025-04-25 16:41:27.853501,0 days 00:01:50.537476,0.014311307047130926,224,3,3,64,0.13760244102861152,160,4,4,128,0.2897625539096433,64,3,3,96,0.27176890178707286,368,112.0,80.0,3,2,0.00027098701626739134,0.6,/work3/arnaou/checkpoints/groupgat_Omega_trial_395_best_state.pt,"{'learning_rate': 0.00027098701626739134, 'lr_reduce': 0.6}",TPESampler,COMPLETE
396,0.05694611370563507,2025-04-25 16:39:47.378220,2025-04-25 16:41:10.660211,0 days 00:01:23.281991,0.031963697037948734,208,1,2,32,0.19637233301295404,160,4,3,96,0.29667229379743626,48,2,2,128,0.22711932979722554,376,384.0,128.0,3,2,0.00046665745777482747,0.6,/work3/arnaou/checkpoints/groupgat_Omega_trial_396_best_state.pt,"{'learning_rate': 0.00046665745777482747, 'lr_reduce': 0.6}",TPESampler,COMPLETE
397,0.05628196522593498,2025-04-25 16:40:19.157105,2025-04-25 16:41:29.033562,0 days 00:01:09.876457,0.022837221118482538,112,1,2,48,0.08437861111783612,240,2,2,112,0.08443099967954076,32,4,3,112,0.14522340367353806,512,168.0,32.0,3,2,0.000657809550306959,0.6,/work3/arnaou/checkpoints/groupgat_Omega_trial_397_best_state.pt,"{'learning_rate': 0.000657809550306959, 'lr_reduce': 0.6}",TPESampler,COMPLETE
398,0.06667493283748627,2025-04-25 16:41:10.811559,2025-04-25 16:42:22.748198,0 days 00:01:11.936639,0.054318346988938636,160,1,1,112,0.10748679194586203,144,1,1,112,0.18289278144060733,80,1,3,80,0.24485202861119706,464,328.0,,2,2,0.00019013731908159676,0.6,/work3/arnaou/checkpoints/groupgat_Omega_trial_398_best_state.pt,"{'learning_rate': 0.00019013731908159676, 'lr_reduce': 0.6}",TPESampler,COMPLETE
399,0.05996989086270332,2025-04-25 16:41:28.047184,2025-04-25 16:42:51.532251,0 days 00:01:23.485067,0.003158559627451679,80,2,3,48,0.11623499570560102,192,1,1,112,0.1355440677222568,64,2,3,112,0.2249630957335287,488,88.0,88.0,3,2,0.00020869149372086708,0.6,/work3/arnaou/checkpoints/groupgat_Omega_trial_399_best_state.pt,"{'learning_rate': 0.00020869149372086708, 'lr_reduce': 0.6}",TPESampler,COMPLETE
400,0.07862795144319534,2025-04-25 16:41:29.244948,2025-04-25 16:42:35.028490,0 days 00:01:05.783542,0.015968143096965932,240,2,2,32,0.12411138074052605,208,3,3,112,0.2830977703245099,64,3,2,128,0.2817172947767741,392,448.0,,2,2,0.0026088789642654026,0.6,/work3/arnaou/checkpoints/groupgat_Omega_trial_400_best_state.pt,"{'learning_rate': 0.0026088789642654026, 'lr_reduce': 0.6}",TPESampler,COMPLETE
401,0.052928633987903595,2025-04-25 16:42:22.893009,2025-04-25 16:43:46.466681,0 days 00:01:23.573672,0.050771959516706267,208,1,1,32,0.00644603942727897,96,3,1,128,0.06808164738738967,32,4,2,96,0.01915219930151272,480,,,1,2,0.0005631370364330748,0.6,/work3/arnaou/checkpoints/groupgat_Omega_trial_401_best_state.pt,"{'learning_rate': 0.0005631370364330748, 'lr_reduce': 0.6}",TPESampler,COMPLETE
402,0.06780244410037994,2025-04-25 16:42:35.292495,2025-04-25 16:43:48.874442,0 days 00:01:13.581947,0.08651870624406076,176,1,1,112,0.1313752909466297,64,4,1,112,0.2374005442196003,80,2,1,64,0.06128092842313339,424,320.0,,2,2,0.0018228671523501635,0.6,/work3/arnaou/checkpoints/groupgat_Omega_trial_402_best_state.pt,"{'learning_rate': 0.0018228671523501635, 'lr_reduce': 0.6}",TPESampler,COMPLETE
403,0.06049468740820885,2025-04-25 16:42:51.800889,2025-04-25 16:44:36.951681,0 days 00:01:45.150792,0.02430229039327068,208,2,1,128,0.12318728389800665,128,3,2,64,0.12415482013914303,80,2,4,96,0.19038617132735725,448,152.0,,2,2,0.00017357479664689061,0.6,/work3/arnaou/checkpoints/groupgat_Omega_trial_403_best_state.pt,"{'learning_rate': 0.00017357479664689061, 'lr_reduce': 0.6}",TPESampler,COMPLETE
404,0.05734366923570633,2025-04-25 16:43:46.616269,2025-04-25 16:45:44.452495,0 days 00:01:57.836226,0.12503292103623573,176,1,1,32,0.14372117500903903,128,4,1,96,0.22371963468624487,32,4,2,128,0.18544206401493069,368,272.0,448.0,3,2,0.0008700375896347025,0.6,/work3/arnaou/checkpoints/groupgat_Omega_trial_404_best_state.pt,"{'learning_rate': 0.0008700375896347025, 'lr_reduce': 0.6}",TPESampler,COMPLETE
405,0.06353036314249039,2025-04-25 16:43:49.312380,2025-04-25 16:45:54.126730,0 days 00:02:04.814350,0.06160172337868835,176,2,2,80,0.0847132702435356,192,4,4,96,0.2768983285128691,112,1,2,112,0.2200289316030003,352,384.0,32.0,3,2,0.00027752691943165413,0.6,/work3/arnaou/checkpoints/groupgat_Omega_trial_405_best_state.pt,"{'learning_rate': 0.00027752691943165413, 'lr_reduce': 0.6}",TPESampler,COMPLETE
406,0.07716981321573257,2025-04-25 16:44:37.508654,2025-04-25 16:46:14.272374,0 days 00:01:36.763720,0.046407989683142005,176,4,1,64,0.12394099180321624,240,4,3,32,0.24402478917663945,32,2,3,128,0.2209710926067281,464,288.0,384.0,3,2,0.0002041867975605974,0.6,/work3/arnaou/checkpoints/groupgat_Omega_trial_406_best_state.pt,"{'learning_rate': 0.0002041867975605974, 'lr_reduce': 0.6}",TPESampler,COMPLETE
407,0.05469132587313652,2025-04-25 16:45:44.606202,2025-04-25 16:47:16.175577,0 days 00:01:31.569375,0.05374207108511313,208,1,1,48,0.10056789473533778,160,2,1,128,0.01796078461363735,32,4,1,96,0.06415286754948585,392,,,1,2,0.0005660451996205199,0.6,/work3/arnaou/checkpoints/groupgat_Omega_trial_407_best_state.pt,"{'learning_rate': 0.0005660451996205199, 'lr_reduce': 0.6}",TPESampler,COMPLETE
408,0.058999672532081604,2025-04-25 16:45:54.298132,2025-04-25 16:47:12.823874,0 days 00:01:18.525742,0.05551334049723714,256,1,2,64,0.04362716897903619,144,4,3,80,0.0686764549300128,80,4,2,96,0.06864085424532451,408,232.0,,2,2,0.0010498996832928088,0.6,/work3/arnaou/checkpoints/groupgat_Omega_trial_408_best_state.pt,"{'learning_rate': 0.0010498996832928088, 'lr_reduce': 0.6}",TPESampler,COMPLETE
409,0.0565640851855278,2025-04-25 16:46:14.444257,2025-04-25 16:47:50.478129,0 days 00:01:36.033872,0.04193158520563602,256,1,1,80,0.09493510064728015,176,4,2,64,0.04224837011927588,64,4,2,80,0.10107370599335294,432,,,1,2,0.00016017239525102962,0.6,/work3/arnaou/checkpoints/groupgat_Omega_trial_409_best_state.pt,"{'learning_rate': 0.00016017239525102962, 'lr_reduce': 0.6}",TPESampler,COMPLETE
410,0.0718444436788559,2025-04-25 16:47:13.119971,2025-04-25 16:48:49.982752,0 days 00:01:36.862781,0.049148186429439425,80,3,3,48,0.1692657309673101,64,1,2,128,0.18716869033270148,32,2,2,128,0.1965500113261591,504,320.0,80.0,3,2,0.00046370873916344515,0.6,/work3/arnaou/checkpoints/groupgat_Omega_trial_410_best_state.pt,"{'learning_rate': 0.00046370873916344515, 'lr_reduce': 0.6}",TPESampler,COMPLETE
411,0.06011010706424713,2025-04-25 16:47:16.332472,2025-04-25 16:48:33.295689,0 days 00:01:16.963217,0.06618206886275538,208,2,2,64,0.09209549268504275,192,3,1,48,0.2761291611196761,48,2,3,128,0.2894476676351089,392,464.0,,2,2,0.00021365076829599054,0.6,/work3/arnaou/checkpoints/groupgat_Omega_trial_411_best_state.pt,"{'learning_rate': 0.00021365076829599054, 'lr_reduce': 0.6}",TPESampler,COMPLETE
412,0.05534221604466438,2025-04-25 16:47:50.686773,2025-04-25 16:49:07.880512,0 days 00:01:17.193739,0.02108087406120428,192,1,1,64,0.1923404826239685,96,4,1,112,0.127321511872451,96,2,2,48,0.05832743558099167,448,,,1,2,0.00034496332947692106,0.6,/work3/arnaou/checkpoints/groupgat_Omega_trial_412_best_state.pt,"{'learning_rate': 0.00034496332947692106, 'lr_reduce': 0.6}",TPESampler,COMPLETE
413,0.05593672767281532,2025-04-25 16:48:33.449102,2025-04-25 16:49:55.571466,0 days 00:01:22.122364,0.0374160211738249,192,1,1,32,0.009382858740575378,96,1,2,112,0.08015423455930709,48,3,3,112,0.026592058831779262,480,,,1,2,0.0015378059552779147,0.6,/work3/arnaou/checkpoints/groupgat_Omega_trial_413_best_state.pt,"{'learning_rate': 0.0015378059552779147, 'lr_reduce': 0.6}",TPESampler,COMPLETE
414,0.057189907878637314,2025-04-25 16:48:50.229999,2025-04-25 16:50:03.203764,0 days 00:01:12.973765,0.06038232328210707,192,2,1,112,0.018906524164155045,176,3,1,48,0.20756158905900798,48,1,4,64,0.21507939827224531,496,200.0,,2,2,0.0003953330478274782,0.6,/work3/arnaou/checkpoints/groupgat_Omega_trial_414_best_state.pt,"{'learning_rate': 0.0003953330478274782, 'lr_reduce': 0.6}",TPESampler,COMPLETE
415,0.05521145835518837,2025-04-25 16:49:08.054692,2025-04-25 16:50:35.108024,0 days 00:01:27.053332,0.01941335779782201,176,1,2,64,0.1000436452971099,208,1,2,80,0.17577415774033317,48,3,2,96,0.14637929724107027,480,256.0,312.0,3,2,0.00018638004470500723,0.6,/work3/arnaou/checkpoints/groupgat_Omega_trial_415_best_state.pt,"{'learning_rate': 0.00018638004470500723, 'lr_reduce': 0.6}",TPESampler,COMPLETE
416,0.05684340000152588,2025-04-25 16:49:55.732672,2025-04-25 16:51:12.024036,0 days 00:01:16.291364,0.02616112746587498,240,1,1,32,0.06885589471395374,144,3,1,128,0.18918214416574072,96,3,4,96,0.26731761648142505,416,376.0,,2,2,0.00026953988906043346,0.6,/work3/arnaou/checkpoints/groupgat_Omega_trial_416_best_state.pt,"{'learning_rate': 0.00026953988906043346, 'lr_reduce': 0.6}",TPESampler,COMPLETE
417,0.056138090789318085,2025-04-25 16:50:03.432248,2025-04-25 16:51:23.567246,0 days 00:01:20.134998,0.007141221667087418,240,2,1,64,0.12555062947980597,144,3,1,64,0.25380060488118855,32,2,4,128,0.27277677576457715,472,296.0,72.0,3,2,0.00020694992528737127,0.6,/work3/arnaou/checkpoints/groupgat_Omega_trial_417_best_state.pt,"{'learning_rate': 0.00020694992528737127, 'lr_reduce': 0.6}",TPESampler,COMPLETE
418,0.06177959218621254,2025-04-25 16:50:35.281518,2025-04-25 16:52:02.959497,0 days 00:01:27.677979,0.033922943887762826,192,3,2,48,0.07979761711689672,144,4,4,64,0.2879706745215386,48,3,2,80,0.2996677237915936,464,200.0,,2,2,0.0004468220896308398,0.6,/work3/arnaou/checkpoints/groupgat_Omega_trial_418_best_state.pt,"{'learning_rate': 0.0004468220896308398, 'lr_reduce': 0.6}",TPESampler,COMPLETE
419,0.05952783301472664,2025-04-25 16:51:12.220905,2025-04-25 16:52:39.996894,0 days 00:01:27.775989,0.06796720683363291,176,1,1,32,0.040219414878783534,64,2,1,112,0.12591877448027636,64,4,2,64,0.10746908995590253,384,,,1,2,0.00028774482231907046,0.6,/work3/arnaou/checkpoints/groupgat_Omega_trial_419_best_state.pt,"{'learning_rate': 0.00028774482231907046, 'lr_reduce': 0.6}",TPESampler,COMPLETE
420,0.05533444881439209,2025-04-25 16:51:23.769583,2025-04-25 16:52:18.297874,0 days 00:00:54.528291,0.017287814774535747,240,1,1,48,0.17596560398334715,160,3,1,112,0.24614908746319147,96,1,4,128,0.23558626514911737,440,256.0,,2,2,0.0006867603043086095,0.6,/work3/arnaou/checkpoints/groupgat_Omega_trial_420_best_state.pt,"{'learning_rate': 0.0006867603043086095, 'lr_reduce': 0.6}",TPESampler,COMPLETE
421,0.06864795088768005,2025-04-25 16:52:03.135127,2025-04-25 16:52:47.076082,0 days 00:00:43.940955,0.027528442739105652,256,1,1,48,0.004967800807182787,160,4,1,128,0.27693870529504666,32,4,2,112,0.1393526770382502,448,440.0,32.0,3,2,0.0031714382864910027,0.6,/work3/arnaou/checkpoints/groupgat_Omega_trial_421_best_state.pt,"{'learning_rate': 0.0031714382864910027, 'lr_reduce': 0.6}",TPESampler,COMPLETE
