number,value,datetime_start,datetime_complete,duration,params_L1_dropout,params_L1_hidden_dim,params_L1_layers_atom,params_L1_layers_mol,params_L1_out_dim,params_L2_dropout,params_L2_hidden_dim,params_L2_layers_atom,params_L2_layers_mol,params_L2_out_dim,params_L3_dropout,params_L3_hidden_dim,params_L3_layers_atom,params_L3_layers_mol,params_L3_out_dim,params_final_dropout,params_mlp_dim_0,params_mlp_dim_1,params_mlp_dim_2,params_n_mlp_layers,params_num_heads,params_train_learning_rate,params_train_lr_reduce,user_attrs_best_state_dict_path,user_attrs_training_params,system_attrs_auto:sampler,state
475,0.05368097499012947,2025-04-25 17:15:48.858655,2025-04-25 17:16:48.066839,0 days 00:00:59.208184,0.02208839409842203,256,1,2,64,0.06621163723035428,160,4,1,112,0.19515007291344666,48,3,1,96,0.15567119489816408,512,216.0,,2,2,0.0004467824598194203,0.6,/work3/arnaou/checkpoints/groupgat_Omega_trial_475_best_state.pt,"{'learning_rate': 0.0004467824598194203, 'lr_reduce': 0.6}",TPESampler,COMPLETE
476,0.0724463239312172,2025-04-25 17:15:55.559162,2025-04-25 17:17:36.189440,0 days 00:01:40.630278,0.09885813022991514,208,1,2,32,0.22071146170092945,128,3,2,128,0.1855658848272515,80,2,2,128,0.13488206055747493,400,376.0,,2,2,0.0021600492784798644,0.6,/work3/arnaou/checkpoints/groupgat_Omega_trial_476_best_state.pt,"{'learning_rate': 0.0021600492784798644, 'lr_reduce': 0.6}",TPESampler,COMPLETE
477,0.05860479548573494,2025-04-25 17:16:22.886108,2025-04-25 17:17:35.593856,0 days 00:01:12.707748,0.022006299038518647,208,2,2,64,0.045194821503493625,96,3,1,112,0.11135675356596486,64,3,1,48,0.06400208095416615,488,,,1,2,0.0003751893947478595,0.6,/work3/arnaou/checkpoints/groupgat_Omega_trial_477_best_state.pt,"{'learning_rate': 0.0003751893947478595, 'lr_reduce': 0.6}",TPESampler,COMPLETE
478,0.06963701546192169,2025-04-25 17:16:48.472478,2025-04-25 17:18:16.896583,0 days 00:01:28.424105,0.21564688924040287,192,1,2,48,0.19866122174274206,192,4,1,128,0.1861378895699739,48,1,2,128,0.13281324050641818,480,144.0,200.0,3,2,0.0017101019307004337,0.6,/work3/arnaou/checkpoints/groupgat_Omega_trial_478_best_state.pt,"{'learning_rate': 0.0017101019307004337, 'lr_reduce': 0.6}",TPESampler,COMPLETE
479,0.05891050398349762,2025-04-25 17:17:35.851445,2025-04-25 17:18:39.520933,0 days 00:01:03.669488,0.08928089230303812,240,1,1,32,0.004704489704993663,112,3,1,128,0.14649542176042918,48,3,2,112,0.10742822987829313,504,,,1,1,0.0003850663043963149,0.6,/work3/arnaou/checkpoints/groupgat_Omega_trial_479_best_state.pt,"{'learning_rate': 0.0003850663043963149, 'lr_reduce': 0.6}",TPESampler,COMPLETE
480,0.059751227498054504,2025-04-25 17:17:36.421433,2025-04-25 17:19:02.246686,0 days 00:01:25.825253,0.10127082329969689,176,1,2,64,0.16031144748871845,208,3,1,112,0.26752342120213274,80,2,3,128,0.058086274839237034,424,232.0,136.0,3,2,0.001629009573103241,0.6,/work3/arnaou/checkpoints/groupgat_Omega_trial_480_best_state.pt,"{'learning_rate': 0.001629009573103241, 'lr_reduce': 0.6}",TPESampler,COMPLETE
481,0.069761261343956,2025-04-25 17:18:17.075592,2025-04-25 17:19:29.538852,0 days 00:01:12.463260,0.04483939051972406,224,1,2,32,0.025954845548175183,96,3,2,64,0.13234201533062054,32,4,3,80,0.05484226977999046,400,464.0,,2,2,0.001156834050706989,0.6,/work3/arnaou/checkpoints/groupgat_Omega_trial_481_best_state.pt,"{'learning_rate': 0.001156834050706989, 'lr_reduce': 0.6}",TPESampler,COMPLETE
482,0.05515328422188759,2025-04-25 17:18:39.927516,2025-04-25 17:19:36.506237,0 days 00:00:56.578721,0.03125996868123934,208,2,2,32,0.1354496128507591,144,3,2,80,0.27351046921769107,32,2,2,80,0.22459915731000624,376,336.0,480.0,3,2,0.0011534399739244524,0.6,/work3/arnaou/checkpoints/groupgat_Omega_trial_482_best_state.pt,"{'learning_rate': 0.0011534399739244524, 'lr_reduce': 0.6}",TPESampler,COMPLETE
483,0.06538104265928268,2025-04-25 17:19:02.402253,2025-04-25 17:19:50.194678,0 days 00:00:47.792425,0.1310195939678268,144,1,1,48,0.09147924694203878,256,2,1,112,0.20603331917768514,80,2,4,128,0.24571126125246795,416,408.0,144.0,3,2,0.001676803133049735,0.6,/work3/arnaou/checkpoints/groupgat_Omega_trial_483_best_state.pt,"{'learning_rate': 0.001676803133049735, 'lr_reduce': 0.6}",TPESampler,COMPLETE
484,0.058609459549188614,2025-04-25 17:19:29.685077,2025-04-25 17:20:32.789701,0 days 00:01:03.104624,0.0961930195281297,160,1,2,48,0.2384071632358472,176,2,1,128,0.15733047364706257,32,2,2,128,0.14756756088144385,512,168.0,352.0,3,2,0.00044416116274438686,0.6,/work3/arnaou/checkpoints/groupgat_Omega_trial_484_best_state.pt,"{'learning_rate': 0.00044416116274438686, 'lr_reduce': 0.6}",TPESampler,COMPLETE
485,0.050914466381073,2025-04-25 17:19:36.749800,2025-04-25 17:20:35.628557,0 days 00:00:58.878757,0.04643027891892214,256,2,3,32,0.10284692895785466,96,3,1,112,0.1448099479828014,64,3,1,128,0.16148046988707065,512,296.0,272.0,3,2,0.0005935254532879827,0.6,/work3/arnaou/checkpoints/groupgat_Omega_trial_485_best_state.pt,"{'learning_rate': 0.0005935254532879827, 'lr_reduce': 0.6}",TPESampler,COMPLETE
486,0.052515942603349686,2025-04-25 17:19:50.353242,2025-04-25 17:20:42.023831,0 days 00:00:51.670589,0.037506596622951374,208,1,1,32,0.18998992848656035,160,4,1,96,0.22414160603479355,32,3,1,112,0.12782305279725556,456,32.0,112.0,3,2,0.0013416359474212355,0.6,/work3/arnaou/checkpoints/groupgat_Omega_trial_486_best_state.pt,"{'learning_rate': 0.0013416359474212355, 'lr_reduce': 0.6}",TPESampler,COMPLETE
487,0.09872955828905106,2025-04-25 17:20:32.932108,2025-04-25 17:21:41.454340,0 days 00:01:08.522232,0.061583697667012,64,3,4,64,0.16142719075139306,112,2,1,96,0.24580327914416672,32,1,4,128,0.2710259811178741,264,224.0,128.0,3,2,0.00048371529078320124,0.6,/work3/arnaou/checkpoints/groupgat_Omega_trial_487_best_state.pt,"{'learning_rate': 0.00048371529078320124, 'lr_reduce': 0.6}",TPESampler,COMPLETE
488,0.9059959053993225,2025-04-25 17:20:35.855266,2025-04-25 17:20:49.587909,0 days 00:00:13.732643,0.019658352503072112,256,3,3,32,0.11366096387149766,128,3,2,112,0.1549760331047334,32,3,1,96,0.10611200775938721,456,320.0,256.0,3,2,0.0003668532327499463,0.6,/work3/arnaou/checkpoints/groupgat_Omega_trial_488_best_state.pt,"{'learning_rate': 0.0003668532327499463, 'lr_reduce': 0.6}",TPESampler,COMPLETE
489,0.06398537755012512,2025-04-25 17:20:42.187720,2025-04-25 17:21:53.115637,0 days 00:01:10.927917,0.07836045462468735,240,1,2,32,0.15962826925945894,96,3,2,112,0.035867764622621146,80,3,1,128,0.20626770172271894,512,72.0,264.0,3,2,0.0011211011432480556,0.6,/work3/arnaou/checkpoints/groupgat_Omega_trial_489_best_state.pt,"{'learning_rate': 0.0011211011432480556, 'lr_reduce': 0.6}",TPESampler,COMPLETE
490,0.09698421508073807,2025-04-25 17:20:49.750308,2025-04-25 17:21:14.392540,0 days 00:00:24.642232,0.04899055709899963,256,3,3,32,0.03915206676678057,80,4,1,112,0.19580432872416187,32,3,1,128,0.21578177722545291,488,32.0,288.0,3,1,0.003103369224601402,0.6,/work3/arnaou/checkpoints/groupgat_Omega_trial_490_best_state.pt,"{'learning_rate': 0.003103369224601402, 'lr_reduce': 0.6}",TPESampler,COMPLETE
491,0.058565761893987656,2025-04-25 17:21:14.574423,2025-04-25 17:22:20.268029,0 days 00:01:05.693606,0.06680843940051734,240,1,1,48,0.2698932127858399,128,4,1,80,0.2591670647380151,32,3,1,96,0.15594122296002838,440,72.0,240.0,3,2,0.0011139943118274028,0.6,/work3/arnaou/checkpoints/groupgat_Omega_trial_491_best_state.pt,"{'learning_rate': 0.0011139943118274028, 'lr_reduce': 0.6}",TPESampler,COMPLETE
492,0.05734821781516075,2025-04-25 17:21:41.656815,2025-04-25 17:22:37.492969,0 days 00:00:55.836154,0.13426607245307468,256,1,3,32,0.25915586102669874,192,4,1,96,0.28759502978053875,48,2,1,128,0.11050726301098034,424,32.0,,2,2,0.0010340367718672493,0.6,/work3/arnaou/checkpoints/groupgat_Omega_trial_492_best_state.pt,"{'learning_rate': 0.0010340367718672493, 'lr_reduce': 0.6}",TPESampler,COMPLETE
493,0.056524649262428284,2025-04-25 17:21:53.353131,2025-04-25 17:23:21.170558,0 days 00:01:27.817427,0.05341159997898684,240,1,3,32,0.05419169666844305,96,3,1,112,0.10257971536665805,48,3,1,112,0.210637264146188,352,32.0,296.0,3,2,0.00022894619597737647,0.6,/work3/arnaou/checkpoints/groupgat_Omega_trial_493_best_state.pt,"{'learning_rate': 0.00022894619597737647, 'lr_reduce': 0.6}",TPESampler,COMPLETE
494,0.05819748714566231,2025-04-25 17:22:20.456279,2025-04-25 17:22:54.437648,0 days 00:00:33.981369,0.05183320845222831,192,1,1,48,0.1920952506726515,112,3,2,96,0.19207016766901563,32,3,1,128,0.0923101780902616,512,48.0,224.0,3,2,0.003940423215606098,0.6,/work3/arnaou/checkpoints/groupgat_Omega_trial_494_best_state.pt,"{'learning_rate': 0.003940423215606098, 'lr_reduce': 0.6}",TPESampler,COMPLETE
495,0.049483802169561386,2025-04-25 17:22:37.635630,2025-04-25 17:23:54.099820,0 days 00:01:16.464190,0.019234428845748597,192,1,2,32,0.09365078197902656,128,4,1,128,0.27952209018489355,48,3,2,96,0.14832217671542347,448,40.0,344.0,3,2,0.0004129161531747976,0.6,/work3/arnaou/checkpoints/groupgat_Omega_trial_495_best_state.pt,"{'learning_rate': 0.0004129161531747976, 'lr_reduce': 0.6}",TPESampler,COMPLETE
496,0.06629888713359833,2025-04-25 17:22:54.843353,2025-04-25 17:23:50.083098,0 days 00:00:55.239745,0.08898839752439855,256,2,3,48,0.1077133016810893,96,2,1,128,0.17689717200168642,80,3,1,112,0.18644249290388382,432,96.0,,2,2,0.0019397166901327248,0.6,/work3/arnaou/checkpoints/groupgat_Omega_trial_496_best_state.pt,"{'learning_rate': 0.0019397166901327248, 'lr_reduce': 0.6}",TPESampler,COMPLETE
497,0.05864682421088219,2025-04-25 17:23:21.336447,2025-04-25 17:24:30.831182,0 days 00:01:09.494735,0.021502061120961515,128,2,2,32,0.08620080385103045,192,1,1,128,0.18767915669836543,48,2,3,128,0.259528718020602,480,104.0,448.0,3,2,0.0003611377514668068,0.6,/work3/arnaou/checkpoints/groupgat_Omega_trial_497_best_state.pt,"{'learning_rate': 0.0003611377514668068, 'lr_reduce': 0.6}",TPESampler,COMPLETE
498,0.05454925820231438,2025-04-25 17:23:50.304088,2025-04-25 17:25:01.708971,0 days 00:01:11.404883,0.004329725734772074,240,1,1,48,0.07559758629842114,240,4,1,64,0.2868537463377018,32,1,4,128,0.2637726483399438,280,120.0,312.0,3,2,0.00031575006809784643,0.6,/work3/arnaou/checkpoints/groupgat_Omega_trial_498_best_state.pt,"{'learning_rate': 0.00031575006809784643, 'lr_reduce': 0.6}",TPESampler,COMPLETE
499,0.059039585292339325,2025-04-25 17:23:54.303718,2025-04-25 17:24:53.158674,0 days 00:00:58.854956,0.14950014350039417,208,1,2,48,0.21344440391159983,160,4,1,128,0.19431477349991186,64,2,1,64,0.04663805275051024,296,32.0,376.0,3,2,0.0013604479532332789,0.6,/work3/arnaou/checkpoints/groupgat_Omega_trial_499_best_state.pt,"{'learning_rate': 0.0013604479532332789, 'lr_reduce': 0.6}",TPESampler,COMPLETE
500,0.08886653184890747,2025-04-25 17:24:30.993023,2025-04-25 17:25:52.424805,0 days 00:01:21.431782,0.22007434194111258,208,1,2,32,0.26011372546198336,208,4,2,112,0.24535886871515827,80,3,4,128,0.13916517087827357,416,32.0,360.0,3,2,0.0002695542587482435,0.6,/work3/arnaou/checkpoints/groupgat_Omega_trial_500_best_state.pt,"{'learning_rate': 0.0002695542587482435, 'lr_reduce': 0.6}",TPESampler,COMPLETE
501,0.7219362258911133,2025-04-25 17:24:53.393797,2025-04-25 17:25:15.837840,0 days 00:00:22.444043,0.09262382347169999,224,1,1,32,0.1471248583449532,112,4,2,112,0.18694204532058334,48,4,1,128,0.09526226625567594,472,48.0,416.0,3,2,0.0003409565417204097,0.6,/work3/arnaou/checkpoints/groupgat_Omega_trial_501_best_state.pt,"{'learning_rate': 0.0003409565417204097, 'lr_reduce': 0.6}",TPESampler,COMPLETE
502,0.0554400272667408,2025-04-25 17:25:01.852426,2025-04-25 17:26:09.795034,0 days 00:01:07.942608,0.012181977759423597,208,1,2,48,0.011842722626682053,96,4,1,112,0.2780002476063231,48,2,2,64,0.18519775522034457,488,32.0,360.0,3,2,0.00033692243716976114,0.6,/work3/arnaou/checkpoints/groupgat_Omega_trial_502_best_state.pt,"{'learning_rate': 0.00033692243716976114, 'lr_reduce': 0.6}",TPESampler,COMPLETE
503,0.05269864574074745,2025-04-25 17:25:16.013415,2025-04-25 17:26:35.255593,0 days 00:01:19.242178,0.0490237254887862,176,1,1,48,0.06563289559345944,96,3,1,128,0.20594211447164415,32,3,3,128,0.026723252107470702,488,,,1,2,0.0006506010600809408,0.6,/work3/arnaou/checkpoints/groupgat_Omega_trial_503_best_state.pt,"{'learning_rate': 0.0006506010600809408, 'lr_reduce': 0.6}",TPESampler,COMPLETE
504,0.05635650455951691,2025-04-25 17:25:52.620681,2025-04-25 17:27:24.449131,0 days 00:01:31.828450,0.01823868237951022,192,2,4,48,0.11285110988337821,128,3,2,128,0.2819939241299366,64,3,2,96,0.18218482053256213,376,32.0,192.0,3,2,0.0001401361039111588,0.6,/work3/arnaou/checkpoints/groupgat_Omega_trial_504_best_state.pt,"{'learning_rate': 0.0001401361039111588, 'lr_reduce': 0.6}",TPESampler,COMPLETE
505,0.05778157711029053,2025-04-25 17:26:09.946809,2025-04-25 17:26:58.704007,0 days 00:00:48.757198,0.004332431615633764,208,1,1,32,0.0018414831921067729,112,3,1,112,0.03978187702759559,48,4,1,96,0.022752073627683788,488,,,1,1,0.0011000464711255398,0.6,/work3/arnaou/checkpoints/groupgat_Omega_trial_505_best_state.pt,"{'learning_rate': 0.0011000464711255398, 'lr_reduce': 0.6}",TPESampler,COMPLETE
506,0.06617000699043274,2025-04-25 17:26:35.458661,2025-04-25 17:27:49.309032,0 days 00:01:13.850371,0.06734899183290112,144,2,1,32,0.00608401199988738,80,3,2,128,0.009963101397108709,32,4,1,128,0.026703176091282477,240,,,1,2,0.0002252905654074926,0.6,/work3/arnaou/checkpoints/groupgat_Omega_trial_506_best_state.pt,"{'learning_rate': 0.0002252905654074926, 'lr_reduce': 0.6}",TPESampler,COMPLETE
507,0.08409995585680008,2025-04-25 17:26:58.887857,2025-04-25 17:28:32.922382,0 days 00:01:34.034525,0.059692816994759805,160,2,2,48,0.09084719003410635,144,2,2,112,0.292602527648821,64,4,2,112,0.10045447879748343,512,,,1,2,0.0017547282842787122,0.6,/work3/arnaou/checkpoints/groupgat_Omega_trial_507_best_state.pt,"{'learning_rate': 0.0017547282842787122, 'lr_reduce': 0.6}",TPESampler,COMPLETE
508,0.07952617108821869,2025-04-25 17:27:24.692913,2025-04-25 17:28:38.136800,0 days 00:01:13.443887,0.12029566393220503,192,1,2,32,0.21022116831933485,96,4,1,112,0.27710108917826576,80,2,3,96,0.16194202531153645,496,88.0,160.0,3,2,0.00046858381787438303,0.6,/work3/arnaou/checkpoints/groupgat_Omega_trial_508_best_state.pt,"{'learning_rate': 0.00046858381787438303, 'lr_reduce': 0.6}",TPESampler,COMPLETE
509,0.0599808506667614,2025-04-25 17:27:49.603169,2025-04-25 17:29:35.802928,0 days 00:01:46.199759,0.08536253920620906,160,2,2,32,0.1576800877261443,224,4,1,128,0.18094104419690957,80,1,2,112,0.03369469952806021,416,72.0,144.0,3,2,0.0003288325199772635,0.6,/work3/arnaou/checkpoints/groupgat_Omega_trial_509_best_state.pt,"{'learning_rate': 0.0003288325199772635, 'lr_reduce': 0.6}",TPESampler,COMPLETE
510,0.06785114109516144,2025-04-25 17:28:33.196123,2025-04-25 17:29:29.367939,0 days 00:00:56.171816,0.08642484368750891,144,1,1,32,0.11508936506416532,80,2,1,128,0.1800509392724586,48,3,4,128,0.013688513633525662,448,,,1,1,0.0021030296904443633,0.6,/work3/arnaou/checkpoints/groupgat_Omega_trial_510_best_state.pt,"{'learning_rate': 0.0021030296904443633, 'lr_reduce': 0.6}",TPESampler,COMPLETE
511,0.056788332760334015,2025-04-25 17:28:38.649308,2025-04-25 17:29:49.632901,0 days 00:01:10.983593,0.02176774819475928,208,2,4,32,0.04853824512475884,144,3,1,112,0.11397518486848232,64,4,3,128,0.14948612889208165,496,32.0,120.0,3,2,0.0008108386510602897,0.6,/work3/arnaou/checkpoints/groupgat_Omega_trial_511_best_state.pt,"{'learning_rate': 0.0008108386510602897, 'lr_reduce': 0.6}",TPESampler,COMPLETE
512,0.06572467088699341,2025-04-25 17:29:29.532306,2025-04-25 17:30:54.276619,0 days 00:01:24.744313,0.08887299076924152,240,2,3,32,0.14178476546410318,80,2,1,128,0.13483049104314035,96,4,2,112,0.11522006855436184,384,88.0,,2,2,0.00010349068298717994,0.6,/work3/arnaou/checkpoints/groupgat_Omega_trial_512_best_state.pt,"{'learning_rate': 0.00010349068298717994, 'lr_reduce': 0.6}",TPESampler,COMPLETE
513,0.05856223776936531,2025-04-25 17:29:36.005398,2025-04-25 17:30:42.412070,0 days 00:01:06.406672,0.04465517105871358,176,1,1,80,0.022309240014326534,80,3,1,112,0.2128366290443094,32,3,4,128,0.05342461900265836,392,88.0,,2,2,0.00043068898336458283,0.6,/work3/arnaou/checkpoints/groupgat_Omega_trial_513_best_state.pt,"{'learning_rate': 0.00043068898336458283, 'lr_reduce': 0.6}",TPESampler,COMPLETE
514,0.07755976170301437,2025-04-25 17:29:49.831428,2025-04-25 17:30:41.964147,0 days 00:00:52.132719,0.13880086108184603,208,4,1,48,0.09815032486674558,128,1,1,128,0.23137539328055817,32,2,3,128,0.21126898113497275,248,96.0,104.0,3,2,0.00185419026882522,0.6,/work3/arnaou/checkpoints/groupgat_Omega_trial_514_best_state.pt,"{'learning_rate': 0.00185419026882522, 'lr_reduce': 0.6}",TPESampler,COMPLETE
515,0.06313882768154144,2025-04-25 17:30:42.149930,2025-04-25 17:31:53.510241,0 days 00:01:11.360311,0.13684767616314414,112,1,2,32,0.05438130707484322,160,3,1,112,0.20681568871701586,64,3,2,128,0.023039381264700606,424,,,1,2,0.0004019148071799636,0.6,/work3/arnaou/checkpoints/groupgat_Omega_trial_515_best_state.pt,"{'learning_rate': 0.0004019148071799636, 'lr_reduce': 0.6}",TPESampler,COMPLETE
516,0.0640232041478157,2025-04-25 17:30:42.621811,2025-04-25 17:31:50.811308,0 days 00:01:08.189497,0.06588325988515237,208,2,2,32,0.10370352507555819,176,4,1,112,0.18930030860953026,48,4,1,112,0.20001077336776296,512,128.0,200.0,3,2,0.0012293871122458127,0.6,/work3/arnaou/checkpoints/groupgat_Omega_trial_516_best_state.pt,"{'learning_rate': 0.0012293871122458127, 'lr_reduce': 0.6}",TPESampler,COMPLETE
517,0.055654849857091904,2025-04-25 17:30:54.503295,2025-04-25 17:32:05.362243,0 days 00:01:10.858948,0.07532453940107972,208,1,1,48,0.039822700590978234,96,3,1,128,0.25586029498351787,32,3,3,128,0.04953825720157242,496,,,1,2,0.0003940381182174753,0.6,/work3/arnaou/checkpoints/groupgat_Omega_trial_517_best_state.pt,"{'learning_rate': 0.0003940381182174753, 'lr_reduce': 0.6}",TPESampler,COMPLETE
518,0.05799030140042305,2025-04-25 17:31:51.025701,2025-04-25 17:32:52.422818,0 days 00:01:01.397117,0.012604287008004665,256,1,3,32,0.04659546257565925,96,3,1,96,0.17592715495037095,48,4,1,128,0.052040567163050916,504,80.0,80.0,3,2,0.0010248785437993436,0.6,/work3/arnaou/checkpoints/groupgat_Omega_trial_518_best_state.pt,"{'learning_rate': 0.0010248785437993436, 'lr_reduce': 0.6}",TPESampler,COMPLETE
519,0.05342254415154457,2025-04-25 17:31:53.738109,2025-04-25 17:32:48.303162,0 days 00:00:54.565053,0.015206170375695896,160,1,1,64,0.08227354767418465,112,3,1,128,0.1914793110383521,32,4,2,112,0.015348841388234058,416,152.0,,2,1,0.0004726509724291249,0.6,/work3/arnaou/checkpoints/groupgat_Omega_trial_519_best_state.pt,"{'learning_rate': 0.0004726509724291249, 'lr_reduce': 0.6}",TPESampler,COMPLETE
520,0.059575844556093216,2025-04-25 17:32:05.691603,2025-04-25 17:33:55.368523,0 days 00:01:49.676920,0.03385030723353563,208,1,1,32,0.07925224414289858,112,4,1,128,0.23834656204223775,48,3,2,128,0.13752548201605727,496,40.0,432.0,3,2,0.00041581724089928074,0.6,/work3/arnaou/checkpoints/groupgat_Omega_trial_520_best_state.pt,"{'learning_rate': 0.00041581724089928074, 'lr_reduce': 0.6}",TPESampler,COMPLETE
521,0.06180724874138832,2025-04-25 17:32:48.514593,2025-04-25 17:34:09.431383,0 days 00:01:20.916790,0.10698074545985105,144,3,2,32,0.08255041899687635,176,4,2,96,0.28966777377414016,32,1,2,96,0.2960951947720752,472,128.0,128.0,3,2,0.0005493065568330651,0.6,/work3/arnaou/checkpoints/groupgat_Omega_trial_521_best_state.pt,"{'learning_rate': 0.0005493065568330651, 'lr_reduce': 0.6}",TPESampler,COMPLETE
522,0.05310719832777977,2025-04-25 17:32:52.652790,2025-04-25 17:34:01.771764,0 days 00:01:09.118974,0.02206303490922402,176,2,1,32,0.09357112295343215,96,3,1,128,0.223451482456848,64,4,3,128,0.042543234652434384,360,,,1,2,0.0008901646168338987,0.6,/work3/arnaou/checkpoints/groupgat_Omega_trial_522_best_state.pt,"{'learning_rate': 0.0008901646168338987, 'lr_reduce': 0.6}",TPESampler,COMPLETE
523,0.07177344709634781,2025-04-25 17:33:55.575909,2025-04-25 17:35:05.417822,0 days 00:01:09.841913,0.04066129979441385,240,3,3,64,0.15254261153230075,64,3,1,112,0.1164241377108106,64,2,2,128,0.21915739571712892,416,144.0,80.0,3,1,0.0007451389818482217,0.6,/work3/arnaou/checkpoints/groupgat_Omega_trial_523_best_state.pt,"{'learning_rate': 0.0007451389818482217, 'lr_reduce': 0.6}",TPESampler,COMPLETE
524,0.05446210503578186,2025-04-25 17:34:01.935488,2025-04-25 17:35:15.271432,0 days 00:01:13.335944,0.0719179790342823,160,2,2,32,0.1470306015643325,176,4,3,128,0.2539685863561055,64,2,2,112,0.23307995915612184,424,88.0,480.0,3,2,0.000637122184617288,0.6,/work3/arnaou/checkpoints/groupgat_Omega_trial_524_best_state.pt,"{'learning_rate': 0.000637122184617288, 'lr_reduce': 0.6}",TPESampler,COMPLETE
525,0.05912892147898674,2025-04-25 17:34:09.606899,2025-04-25 17:35:18.557599,0 days 00:01:08.950700,0.0766972669047995,224,1,1,48,0.07064798732542679,64,2,2,128,0.01586262441314934,32,4,3,80,0.07153926665996305,472,,,1,2,0.0005056421659903605,0.6,/work3/arnaou/checkpoints/groupgat_Omega_trial_525_best_state.pt,"{'learning_rate': 0.0005056421659903605, 'lr_reduce': 0.6}",TPESampler,COMPLETE
526,0.08726102858781815,2025-04-25 17:35:05.802544,2025-04-25 17:37:36.032653,0 days 00:02:30.230109,0.16852079904956418,240,3,2,80,0.17459033641159144,176,4,2,128,0.17056155538455361,80,3,3,112,0.12880734071574984,432,168.0,144.0,3,2,0.0005334802203894237,0.6,/work3/arnaou/checkpoints/groupgat_Omega_trial_526_best_state.pt,"{'learning_rate': 0.0005334802203894237, 'lr_reduce': 0.6}",TPESampler,COMPLETE
527,0.059113554656505585,2025-04-25 17:35:15.435797,2025-04-25 17:36:36.477023,0 days 00:01:21.041226,0.06865978493513007,256,3,4,64,0.09979392404948476,128,3,1,96,0.14217361269665288,64,3,1,112,0.2070053414361728,432,376.0,72.0,3,2,0.0010472133511712667,0.6,/work3/arnaou/checkpoints/groupgat_Omega_trial_527_best_state.pt,"{'learning_rate': 0.0010472133511712667, 'lr_reduce': 0.6}",TPESampler,COMPLETE
