number,value,datetime_start,datetime_complete,duration,params_L1_dropout,params_L1_hidden_dim,params_L1_layers_atom,params_L1_layers_mol,params_L1_out_dim,params_L2_dropout,params_L2_hidden_dim,params_L2_layers_atom,params_L2_layers_mol,params_L2_out_dim,params_L3_dropout,params_L3_hidden_dim,params_L3_layers_atom,params_L3_layers_mol,params_L3_out_dim,params_final_dropout,params_mlp_dim_0,params_mlp_dim_1,params_mlp_dim_2,params_n_mlp_layers,params_num_heads,params_train_learning_rate,params_train_lr_reduce,user_attrs_best_state_dict_path,user_attrs_training_params,system_attrs_auto:sampler,state
0,0.06871358305215836,2025-04-25 13:47:16.137372,2025-04-25 13:48:30.160597,0 days 00:01:14.023225,0.23153722144298833,224,1,4,128,0.06508437934095476,112,3,2,96,0.05451875152733158,128,4,2,80,0.24152341814018696,152,,,1,2,0.0005284907862532015,0.6,/work3/arnaou/checkpoints/groupgat_Omega_trial_0_best_state.pt,"{'learning_rate': 0.0005284907862532015, 'lr_reduce': 0.6}",RandomSampler,COMPLETE
1,0.26709452271461487,2025-04-25 13:47:16.142797,2025-04-25 13:48:29.500014,0 days 00:01:13.357217,0.09084310949510252,128,2,3,96,0.23908856887749608,64,4,4,112,0.15069571601002718,64,3,1,64,0.003582651159727057,288,232.0,,2,1,0.0008297412319354852,0.6,/work3/arnaou/checkpoints/groupgat_Omega_trial_1_best_state.pt,"{'learning_rate': 0.0008297412319354852, 'lr_reduce': 0.6}",RandomSampler,COMPLETE
2,0.23203147947788239,2025-04-25 13:47:16.190141,2025-04-25 13:49:53.156640,0 days 00:02:36.966499,0.29393963767064213,80,1,1,48,0.29667775421973813,80,2,4,112,0.27426086377361547,48,4,2,64,0.19887286923189335,264,448.0,,2,2,0.00011657421414403631,0.6,/work3/arnaou/checkpoints/groupgat_Omega_trial_2_best_state.pt,"{'learning_rate': 0.00011657421414403631, 'lr_reduce': 0.6}",RandomSampler,COMPLETE
3,0.06747668236494064,2025-04-25 13:48:29.626188,2025-04-25 13:50:09.108458,0 days 00:01:39.482270,0.08023860174763243,144,3,4,112,0.13434277376962353,96,1,1,112,0.2789972608560737,32,2,4,112,0.05599516931000707,448,424.0,,2,1,0.0012632068651565885,0.6,/work3/arnaou/checkpoints/groupgat_Omega_trial_3_best_state.pt,"{'learning_rate': 0.0012632068651565885, 'lr_reduce': 0.6}",GPSampler,COMPLETE
4,0.08021457493305206,2025-04-25 13:48:30.331829,2025-04-25 13:50:34.527671,0 days 00:02:04.195842,0.08337024220416343,256,3,1,48,0.27946295525003145,224,4,1,64,0.2789252656402412,112,4,4,128,0.2709143409682564,456,,,1,2,0.004672890644011817,0.6,/work3/arnaou/checkpoints/groupgat_Omega_trial_4_best_state.pt,"{'learning_rate': 0.004672890644011817, 'lr_reduce': 0.6}",TPESampler,COMPLETE
5,0.07592897862195969,2025-04-25 13:49:53.295213,2025-04-25 13:51:15.779864,0 days 00:01:22.484651,0.1410887043927438,256,2,1,64,0.04051983266951276,112,1,4,80,0.09965626784547468,80,1,3,32,0.18839197740861802,416,320.0,104.0,3,1,0.00018200473019087314,0.6,/work3/arnaou/checkpoints/groupgat_Omega_trial_5_best_state.pt,"{'learning_rate': 0.00018200473019087314, 'lr_reduce': 0.6}",TPESampler,COMPLETE
6,0.06732145696878433,2025-04-25 13:50:09.247210,2025-04-25 13:51:27.943723,0 days 00:01:18.696513,0.1577332831223198,224,2,1,64,0.11277048165421591,64,2,2,112,0.23617227903048735,96,4,4,96,0.20670099952896448,488,,,1,2,0.0016575336111942455,0.6,/work3/arnaou/checkpoints/groupgat_Omega_trial_6_best_state.pt,"{'learning_rate': 0.0016575336111942455, 'lr_reduce': 0.6}",TPESampler,COMPLETE
7,0.0763218104839325,2025-04-25 13:50:34.659931,2025-04-25 13:51:52.079803,0 days 00:01:17.419872,0.17056988837577994,160,1,3,80,0.189009384389473,112,1,1,32,0.1051690949758693,64,2,1,128,0.11794706236122679,376,352.0,96.0,3,2,0.00029374798533670195,0.6,/work3/arnaou/checkpoints/groupgat_Omega_trial_7_best_state.pt,"{'learning_rate': 0.00029374798533670195, 'lr_reduce': 0.6}",TPESampler,COMPLETE
8,0.0910593792796135,2025-04-25 13:51:15.952772,2025-04-25 13:52:44.113036,0 days 00:01:28.160264,0.23277129394275128,80,4,1,32,0.2617595010435548,208,4,1,64,0.26555980154158193,96,1,2,32,0.19693698463856402,136,,,1,2,0.00022277379818246902,0.6,/work3/arnaou/checkpoints/groupgat_Omega_trial_8_best_state.pt,"{'learning_rate': 0.00022277379818246902, 'lr_reduce': 0.6}",TPESampler,COMPLETE
9,0.07183127105236053,2025-04-25 13:51:28.212482,2025-04-25 13:52:47.931081,0 days 00:01:19.718599,0.09252277202593363,64,4,4,64,0.002549212100471765,176,4,1,64,0.10910006848752653,32,2,2,128,0.22164035192121326,432,472.0,432.0,3,2,0.0020371918318904184,0.6,/work3/arnaou/checkpoints/groupgat_Omega_trial_9_best_state.pt,"{'learning_rate': 0.0020371918318904184, 'lr_reduce': 0.6}",TPESampler,COMPLETE
10,0.05511033535003662,2025-04-25 13:51:52.282607,2025-04-25 13:53:29.528879,0 days 00:01:37.246272,0.076502421519608,144,3,1,48,0.03424022959735379,80,3,3,112,0.1517150114824411,32,1,4,128,0.023026124778119605,272,168.0,336.0,3,2,0.00035546724661926867,0.6,/work3/arnaou/checkpoints/groupgat_Omega_trial_10_best_state.pt,"{'learning_rate': 0.00035546724661926867, 'lr_reduce': 0.6}",TPESampler,COMPLETE
11,0.09273040294647217,2025-04-25 13:52:44.267794,2025-04-25 13:54:36.891687,0 days 00:01:52.623893,0.20264822978110816,160,2,1,96,0.16568541090647662,128,3,3,112,0.020662805122432293,64,4,1,64,0.027919158029131596,456,432.0,,2,2,0.006885202908422266,0.6,/work3/arnaou/checkpoints/groupgat_Omega_trial_11_best_state.pt,"{'learning_rate': 0.006885202908422266, 'lr_reduce': 0.6}",TPESampler,COMPLETE
12,0.06287896633148193,2025-04-25 13:52:48.053560,2025-04-25 13:53:31.440434,0 days 00:00:43.386874,0.07937658346247953,176,1,1,112,0.13878673752939186,160,2,1,96,0.24408058405922353,112,4,3,112,0.28716248476503853,424,48.0,,2,2,0.002625918713729886,0.6,/work3/arnaou/checkpoints/groupgat_Omega_trial_12_best_state.pt,"{'learning_rate': 0.002625918713729886, 'lr_reduce': 0.6}",TPESampler,COMPLETE
13,0.07543385028839111,2025-04-25 13:53:29.726321,2025-04-25 13:54:52.581297,0 days 00:01:22.854976,0.14845908551091141,240,3,1,64,0.1058098542309012,80,2,2,112,0.19069534019614137,112,3,4,112,0.20523169564784752,280,,,1,2,0.00088513694875278,0.6,/work3/arnaou/checkpoints/groupgat_Omega_trial_13_best_state.pt,"{'learning_rate': 0.00088513694875278, 'lr_reduce': 0.6}",TPESampler,COMPLETE
14,0.13664431869983673,2025-04-25 13:53:31.564143,2025-04-25 13:55:35.513767,0 days 00:02:03.949624,0.16813883459964513,80,2,2,48,0.09356638736747291,64,3,3,96,0.12093565424866791,48,1,4,112,0.11620282547526041,368,32.0,304.0,3,2,0.0002434500177296391,0.6,/work3/arnaou/checkpoints/groupgat_Omega_trial_14_best_state.pt,"{'learning_rate': 0.0002434500177296391, 'lr_reduce': 0.6}",TPESampler,COMPLETE
15,0.07757139950990677,2025-04-25 13:54:37.045123,2025-04-25 13:56:08.474331,0 days 00:01:31.429208,0.008075139657235941,64,4,2,48,0.005706336471028261,160,4,2,128,0.09693607957579617,32,1,3,112,0.002842548720147678,176,136.0,504.0,3,2,0.00018908710597214886,0.6,/work3/arnaou/checkpoints/groupgat_Omega_trial_15_best_state.pt,"{'learning_rate': 0.00018908710597214886, 'lr_reduce': 0.6}",TPESampler,COMPLETE
16,0.08968374878168106,2025-04-25 13:54:52.812419,2025-04-25 13:55:21.735469,0 days 00:00:28.923050,0.14294861893022928,256,1,1,112,0.032895864419031515,176,2,2,112,0.2143374113915445,112,4,1,112,0.25214453196026904,504,144.0,,2,1,0.004333359693605812,0.6,/work3/arnaou/checkpoints/groupgat_Omega_trial_16_best_state.pt,"{'learning_rate': 0.004333359693605812, 'lr_reduce': 0.6}",TPESampler,COMPLETE
17,0.06178128719329834,2025-04-25 13:55:21.951095,2025-04-25 13:56:21.182105,0 days 00:00:59.231010,0.06419726501062431,112,1,1,96,0.08224072710322754,208,3,1,80,0.22907299291833308,112,4,3,112,0.23483345587288712,424,56.0,256.0,3,2,0.003675865095301343,0.6,/work3/arnaou/checkpoints/groupgat_Omega_trial_17_best_state.pt,"{'learning_rate': 0.003675865095301343, 'lr_reduce': 0.6}",TPESampler,COMPLETE
18,0.0773610770702362,2025-04-25 13:55:35.700544,2025-04-25 13:56:55.781126,0 days 00:01:20.080582,0.03976840758662826,192,3,1,64,0.09027068819613782,80,3,3,112,0.13355890092639938,64,3,3,96,0.05136932091379985,296,200.0,360.0,3,2,0.00055361944841048,0.6,/work3/arnaou/checkpoints/groupgat_Omega_trial_18_best_state.pt,"{'learning_rate': 0.00055361944841048, 'lr_reduce': 0.6}",TPESampler,COMPLETE
19,0.06821481138467789,2025-04-25 13:56:08.677385,2025-04-25 13:57:29.030021,0 days 00:01:20.352636,0.123277857886823,128,2,2,112,0.2702386686878948,208,1,2,96,0.23019662908877567,112,4,3,80,0.2274514060078608,352,,,1,2,0.002398550149542985,0.6,/work3/arnaou/checkpoints/groupgat_Omega_trial_19_best_state.pt,"{'learning_rate': 0.002398550149542985, 'lr_reduce': 0.6}",TPESampler,COMPLETE
20,0.05902538076043129,2025-04-25 13:56:21.372292,2025-04-25 13:57:08.449209,0 days 00:00:47.076917,0.06170889823806586,80,1,3,80,0.08145096178874286,224,2,1,64,0.18486520974979562,128,3,2,112,0.21404034320935755,320,120.0,232.0,3,2,0.0011179290522375525,0.6,/work3/arnaou/checkpoints/groupgat_Omega_trial_20_best_state.pt,"{'learning_rate': 0.0011179290522375525, 'lr_reduce': 0.6}",TPESampler,COMPLETE
21,0.06605848670005798,2025-04-25 13:56:56.160131,2025-04-25 13:58:16.107228,0 days 00:01:19.947097,0.23952264295545067,160,4,1,48,0.12979386976235802,160,3,4,128,0.0743881604838805,32,2,4,112,0.12193512708408828,128,240.0,264.0,3,2,0.0003848674697588894,0.6,/work3/arnaou/checkpoints/groupgat_Omega_trial_21_best_state.pt,"{'learning_rate': 0.0003848674697588894, 'lr_reduce': 0.6}",TPESampler,COMPLETE
22,0.06358097493648529,2025-04-25 13:57:08.664103,2025-04-25 13:58:07.815716,0 days 00:00:59.151613,0.10460378324367028,96,1,3,64,0.09052383566460555,208,1,1,96,0.17517915321754876,128,2,2,96,0.26788048498403894,320,160.0,200.0,3,2,0.00034415485650830753,0.6,/work3/arnaou/checkpoints/groupgat_Omega_trial_22_best_state.pt,"{'learning_rate': 0.00034415485650830753, 'lr_reduce': 0.6}",TPESampler,COMPLETE
23,0.06815646588802338,2025-04-25 13:57:29.249556,2025-04-25 13:59:16.066069,0 days 00:01:46.816513,0.06570120086477224,80,1,2,80,0.03383075273390179,256,3,1,64,0.2667804397248548,96,4,3,96,0.2880719306832416,472,88.0,248.0,3,2,0.008403481061931232,0.6,/work3/arnaou/checkpoints/groupgat_Omega_trial_23_best_state.pt,"{'learning_rate': 0.008403481061931232, 'lr_reduce': 0.6}",TPESampler,COMPLETE
24,0.06378883868455887,2025-04-25 13:58:07.953573,2025-04-25 13:59:05.581841,0 days 00:00:57.628268,0.012900805242580297,112,1,3,112,0.11370754169612117,240,3,1,32,0.17602322288369474,128,4,1,112,0.26638234500564667,288,104.0,312.0,3,2,0.0007973100428592855,0.6,/work3/arnaou/checkpoints/groupgat_Omega_trial_24_best_state.pt,"{'learning_rate': 0.0007973100428592855, 'lr_reduce': 0.6}",TPESampler,COMPLETE
25,0.06618824601173401,2025-04-25 13:58:16.349743,2025-04-25 13:59:42.540445,0 days 00:01:26.190702,0.05855364464826748,112,3,2,64,0.0261624557849787,96,4,3,112,0.18864784375200383,48,1,4,80,0.03824189141554856,296,32.0,,2,2,0.0013355256872965397,0.6,/work3/arnaou/checkpoints/groupgat_Omega_trial_25_best_state.pt,"{'learning_rate': 0.0013355256872965397, 'lr_reduce': 0.6}",TPESampler,COMPLETE
26,0.0586661621928215,2025-04-25 13:59:05.740227,2025-04-25 14:00:00.467298,0 days 00:00:54.727071,0.053459518078786725,112,1,4,80,0.060973968548731106,208,2,1,64,0.17271113871497062,112,3,1,128,0.16244864942453685,440,160.0,,2,2,0.005909953390797311,0.6,/work3/arnaou/checkpoints/groupgat_Omega_trial_26_best_state.pt,"{'learning_rate': 0.005909953390797311, 'lr_reduce': 0.6}",TPESampler,COMPLETE
27,0.06418120861053467,2025-04-25 13:59:16.262055,2025-04-25 14:00:49.452376,0 days 00:01:33.190321,0.08343619988429478,128,3,1,64,0.0757390543588575,96,2,3,128,0.16103982701108582,48,2,4,128,0.004549062773447261,160,136.0,200.0,3,1,0.000535570800363478,0.6,/work3/arnaou/checkpoints/groupgat_Omega_trial_27_best_state.pt,"{'learning_rate': 0.000535570800363478, 'lr_reduce': 0.6}",TPESampler,COMPLETE
28,0.06047191843390465,2025-04-25 13:59:42.734652,2025-04-25 14:00:56.003646,0 days 00:01:13.268994,0.0018657376741240406,160,3,1,32,0.02489894157843669,80,3,2,64,0.18687544231989212,32,1,4,96,0.13680390346976626,208,224.0,368.0,3,2,0.0001933500462417257,0.6,/work3/arnaou/checkpoints/groupgat_Omega_trial_28_best_state.pt,"{'learning_rate': 0.0001933500462417257, 'lr_reduce': 0.6}",TPESampler,COMPLETE
29,0.06516855210065842,2025-04-25 14:00:00.636646,2025-04-25 14:01:02.657552,0 days 00:01:02.020906,0.08127017556685809,128,1,4,64,0.10824704188566284,176,2,2,48,0.10520550537751422,96,2,1,128,0.20291966206176315,368,208.0,,2,2,0.004017662558562532,0.6,/work3/arnaou/checkpoints/groupgat_Omega_trial_29_best_state.pt,"{'learning_rate': 0.004017662558562532, 'lr_reduce': 0.6}",TPESampler,COMPLETE
30,0.07941018044948578,2025-04-25 14:00:49.818083,2025-04-25 14:02:06.620071,0 days 00:01:16.801988,0.08700135392051209,112,3,4,112,0.023141219178175777,192,1,1,112,0.09432179052120518,112,3,1,80,0.14589796594592128,456,184.0,400.0,3,2,0.0063654504945487205,0.6,/work3/arnaou/checkpoints/groupgat_Omega_trial_30_best_state.pt,"{'learning_rate': 0.0063654504945487205, 'lr_reduce': 0.6}",TPESampler,COMPLETE
31,0.0698162391781807,2025-04-25 14:00:56.223231,2025-04-25 14:02:22.829282,0 days 00:01:26.606051,0.09549106856968773,160,1,4,96,0.03083579668861842,192,1,1,64,0.2749025889687543,128,4,1,112,0.07778512696198753,256,280.0,,2,2,0.004837582721093814,0.6,/work3/arnaou/checkpoints/groupgat_Omega_trial_31_best_state.pt,"{'learning_rate': 0.004837582721093814, 'lr_reduce': 0.6}",TPESampler,COMPLETE
32,0.0856681689620018,2025-04-25 14:01:02.838529,2025-04-25 14:02:55.948233,0 days 00:01:53.109704,0.07234206860966783,192,2,3,64,0.010083974620781658,224,3,1,80,0.15870559301247947,128,4,1,128,0.15525675963002095,448,,,1,1,0.0043197623288362295,0.6,/work3/arnaou/checkpoints/groupgat_Omega_trial_32_best_state.pt,"{'learning_rate': 0.0043197623288362295, 'lr_reduce': 0.6}",TPESampler,COMPLETE
33,0.05565783008933067,2025-04-25 14:02:06.756555,2025-04-25 14:03:45.933753,0 days 00:01:39.177198,0.059007632803438764,160,2,1,32,0.03480336947608637,96,3,3,32,0.175300660357781,32,2,3,96,0.09612861770561006,120,200.0,,2,2,0.0004419516641942782,0.6,/work3/arnaou/checkpoints/groupgat_Omega_trial_33_best_state.pt,"{'learning_rate': 0.0004419516641942782, 'lr_reduce': 0.6}",TPESampler,COMPLETE
34,0.06406496465206146,2025-04-25 14:02:23.021854,2025-04-25 14:04:01.026987,0 days 00:01:38.005133,0.045699103570144124,224,4,1,32,0.021552481834822636,80,4,1,96,0.21168015424192643,48,1,4,112,0.1082409223848018,192,184.0,360.0,3,2,0.00017204858448489053,0.6,/work3/arnaou/checkpoints/groupgat_Omega_trial_34_best_state.pt,"{'learning_rate': 0.00017204858448489053, 'lr_reduce': 0.6}",TPESampler,COMPLETE
35,0.05856290087103844,2025-04-25 14:02:56.165547,2025-04-25 14:04:29.711248,0 days 00:01:33.545701,0.014688861141118647,128,2,1,48,0.017817527842615664,64,4,1,80,0.24314809433721185,32,1,4,96,0.2046457623446588,376,160.0,376.0,3,2,0.0002675308898924101,0.6,/work3/arnaou/checkpoints/groupgat_Omega_trial_35_best_state.pt,"{'learning_rate': 0.0002675308898924101, 'lr_reduce': 0.6}",TPESampler,COMPLETE
36,0.05877778306603432,2025-04-25 14:03:46.080295,2025-04-25 14:05:25.688223,0 days 00:01:39.607928,0.06663703297729347,176,3,1,32,0.03919476592984908,96,3,4,32,0.14910874140999025,48,2,4,128,0.07621710628970535,136,176.0,,2,2,0.00019748394550257606,0.6,/work3/arnaou/checkpoints/groupgat_Omega_trial_36_best_state.pt,"{'learning_rate': 0.00019748394550257606, 'lr_reduce': 0.6}",TPESampler,COMPLETE
37,0.1057802215218544,2025-04-25 14:04:01.199648,2025-04-25 14:05:18.103753,0 days 00:01:16.904105,0.06995250768873437,80,2,4,64,0.03792729869501786,192,2,2,64,0.21038260645320198,128,4,3,128,0.1524808348089917,504,256.0,,2,2,0.00795146448739562,0.6,/work3/arnaou/checkpoints/groupgat_Omega_trial_37_best_state.pt,"{'learning_rate': 0.00795146448739562, 'lr_reduce': 0.6}",TPESampler,COMPLETE
38,0.05581115558743477,2025-04-25 14:04:29.917759,2025-04-25 14:05:40.351368,0 days 00:01:10.433609,0.05973926321919145,112,2,1,48,0.016772819108813227,80,4,1,64,0.23896877984337112,32,1,3,96,0.20650627572944702,440,208.0,504.0,3,2,0.0011963181936045326,0.6,/work3/arnaou/checkpoints/groupgat_Omega_trial_38_best_state.pt,"{'learning_rate': 0.0011963181936045326, 'lr_reduce': 0.6}",TPESampler,COMPLETE
39,0.05528565123677254,2025-04-25 14:05:18.345981,2025-04-25 14:06:30.761416,0 days 00:01:12.415435,0.031760363081790366,192,2,1,32,0.04563281492854103,128,3,1,112,0.23558145458322904,32,2,4,128,0.28385455977414054,464,184.0,424.0,3,2,0.00027309940870911024,0.6,/work3/arnaou/checkpoints/groupgat_Omega_trial_39_best_state.pt,"{'learning_rate': 0.00027309940870911024, 'lr_reduce': 0.6}",TPESampler,COMPLETE
40,0.08281198889017105,2025-04-25 14:05:25.884459,2025-04-25 14:06:40.237185,0 days 00:01:14.352726,0.08797676901900006,112,1,3,96,0.173512849665849,208,2,1,96,0.20478437160868895,96,3,1,112,0.1317965673083546,504,,,1,2,0.002471149404014879,0.6,/work3/arnaou/checkpoints/groupgat_Omega_trial_40_best_state.pt,"{'learning_rate': 0.002471149404014879, 'lr_reduce': 0.6}",TPESampler,COMPLETE
41,0.06322196871042252,2025-04-25 14:05:40.487618,2025-04-25 14:07:00.394285,0 days 00:01:19.906667,0.0962133483883057,144,1,1,80,0.02509923383993619,96,3,1,48,0.17718281333837083,48,1,2,80,0.20127472773494928,384,288.0,496.0,3,2,0.0004631256812148322,0.6,/work3/arnaou/checkpoints/groupgat_Omega_trial_41_best_state.pt,"{'learning_rate': 0.0004631256812148322, 'lr_reduce': 0.6}",TPESampler,COMPLETE
42,0.06106199324131012,2025-04-25 14:06:30.972128,2025-04-25 14:07:31.278161,0 days 00:01:00.306033,0.03862049432638745,192,2,1,32,0.07089517941120024,224,3,1,128,0.20396235141527447,32,2,4,96,0.27811734155409124,336,248.0,480.0,3,2,0.0009720771263711168,0.6,/work3/arnaou/checkpoints/groupgat_Omega_trial_42_best_state.pt,"{'learning_rate': 0.0009720771263711168, 'lr_reduce': 0.6}",TPESampler,COMPLETE
43,0.05977015569806099,2025-04-25 14:06:40.387883,2025-04-25 14:07:46.693670,0 days 00:01:06.305787,0.03279300332389128,112,2,2,48,0.07484710610431013,112,4,1,80,0.219852273627519,32,1,4,96,0.21894467036770723,440,192.0,432.0,3,2,0.0008613236920385968,0.6,/work3/arnaou/checkpoints/groupgat_Omega_trial_43_best_state.pt,"{'learning_rate': 0.0008613236920385968, 'lr_reduce': 0.6}",TPESampler,COMPLETE
44,0.058049507439136505,2025-04-25 14:07:00.605087,2025-04-25 14:08:19.242865,0 days 00:01:18.637778,0.013233389701480223,224,3,1,32,0.060318105438836075,80,3,1,112,0.2335913121885084,32,1,4,128,0.28012487816845816,400,200.0,416.0,3,2,0.000394007942823698,0.6,/work3/arnaou/checkpoints/groupgat_Omega_trial_44_best_state.pt,"{'learning_rate': 0.000394007942823698, 'lr_reduce': 0.6}",TPESampler,COMPLETE
45,0.06559422612190247,2025-04-25 14:07:31.704911,2025-04-25 14:09:14.110544,0 days 00:01:42.405633,0.0531753294001818,160,3,1,32,0.033240113468288035,64,3,4,112,0.2176775395658429,32,1,4,128,0.0007529352934274626,280,200.0,504.0,3,2,0.0009747634035867608,0.6,/work3/arnaou/checkpoints/groupgat_Omega_trial_45_best_state.pt,"{'learning_rate': 0.0009747634035867608, 'lr_reduce': 0.6}",TPESampler,COMPLETE
46,0.0653039738535881,2025-04-25 14:07:46.856811,2025-04-25 14:08:48.417046,0 days 00:01:01.560235,0.050442484309309844,64,1,1,64,0.03701564374570414,64,3,1,48,0.2119469284578975,32,2,4,96,0.16229870031551558,288,200.0,384.0,3,2,0.0013306206045281856,0.6,/work3/arnaou/checkpoints/groupgat_Omega_trial_46_best_state.pt,"{'learning_rate': 0.0013306206045281856, 'lr_reduce': 0.6}",TPESampler,COMPLETE
47,0.06039159744977951,2025-04-25 14:08:19.396427,2025-04-25 14:09:37.137588,0 days 00:01:17.741161,0.12644924131553809,112,2,2,32,0.060140729800258676,128,3,3,48,0.21341776537531704,32,2,2,96,0.1574303450470869,176,256.0,,2,2,0.0004724457513389619,0.6,/work3/arnaou/checkpoints/groupgat_Omega_trial_47_best_state.pt,"{'learning_rate': 0.0004724457513389619, 'lr_reduce': 0.6}",TPESampler,COMPLETE
48,0.056846123188734055,2025-04-25 14:08:48.661502,2025-04-25 14:10:03.286809,0 days 00:01:14.625307,0.01816569201657827,240,2,2,48,0.09762196788166287,112,2,1,112,0.24722141146420307,48,1,4,128,0.2592226751066949,496,232.0,440.0,3,2,0.00029395612016170036,0.6,/work3/arnaou/checkpoints/groupgat_Omega_trial_48_best_state.pt,"{'learning_rate': 0.00029395612016170036, 'lr_reduce': 0.6}",TPESampler,COMPLETE
49,0.06348717212677002,2025-04-25 14:09:14.318020,2025-04-25 14:10:22.240754,0 days 00:01:07.922734,0.0032639842453361864,192,4,1,48,0.03341419338366329,128,3,1,112,0.2502639623288304,48,1,4,112,0.2982867089032443,464,216.0,,2,2,0.001041965059704912,0.6,/work3/arnaou/checkpoints/groupgat_Omega_trial_49_best_state.pt,"{'learning_rate': 0.001041965059704912, 'lr_reduce': 0.6}",TPESampler,COMPLETE
50,0.08495095372200012,2025-04-25 14:09:37.264311,2025-04-25 14:12:49.665590,0 days 00:03:12.401279,0.07085861768312807,192,1,1,48,0.029631961389999805,96,3,2,112,0.22378028185960638,48,3,4,128,0.22346434335955506,488,360.0,440.0,3,2,0.00012224645974865742,0.6,/work3/arnaou/checkpoints/groupgat_Omega_trial_50_best_state.pt,"{'learning_rate': 0.00012224645974865742, 'lr_reduce': 0.6}",TPESampler,COMPLETE
