number,value,datetime_start,datetime_complete,duration,params_L1_dropout,params_L1_hidden_dim,params_L1_layers_atom,params_L1_layers_mol,params_L1_out_dim,params_L2_dropout,params_L2_hidden_dim,params_L2_layers_atom,params_L2_layers_mol,params_L2_out_dim,params_L3_dropout,params_L3_hidden_dim,params_L3_layers_atom,params_L3_layers_mol,params_L3_out_dim,params_final_dropout,params_mlp_dim_0,params_mlp_dim_1,params_mlp_dim_2,params_n_mlp_layers,params_num_heads,params_train_learning_rate,params_train_lr_reduce,user_attrs_best_state_dict_path,user_attrs_training_params,system_attrs_auto:sampler,state
634,0.08858580887317657,2025-04-25 18:21:44.027651,2025-04-25 18:23:03.622015,0 days 00:01:19.594364,0.10048220496844502,128,3,3,64,0.12807201721172107,192,1,3,64,0.14978957975653323,48,4,1,48,0.22396408732320774,256,440.0,32.0,3,2,0.00011845292482621128,0.6,/work3/arnaou/checkpoints/groupgat_Omega_trial_634_best_state.pt,"{'learning_rate': 0.00011845292482621128, 'lr_reduce': 0.6}",TPESampler,COMPLETE
635,0.0867861807346344,2025-04-25 18:22:21.037046,2025-04-25 18:23:52.447218,0 days 00:01:31.410172,0.0889871982693808,208,2,1,32,0.14428049497797907,176,4,1,96,0.29672683509217135,48,3,2,128,0.19349540916182212,488,400.0,120.0,3,1,0.0003296122808103749,0.6,/work3/arnaou/checkpoints/groupgat_Omega_trial_635_best_state.pt,"{'learning_rate': 0.0003296122808103749, 'lr_reduce': 0.6}",TPESampler,COMPLETE
636,0.06179846078157425,2025-04-25 18:22:35.177538,2025-04-25 18:23:52.886941,0 days 00:01:17.709403,0.14983687084343214,176,3,3,64,0.0810380575353653,224,2,4,32,0.19275443314353943,48,4,2,64,0.15110689578246406,288,352.0,104.0,3,2,0.00021062016612623618,0.6,/work3/arnaou/checkpoints/groupgat_Omega_trial_636_best_state.pt,"{'learning_rate': 0.00021062016612623618, 'lr_reduce': 0.6}",TPESampler,COMPLETE
637,0.06824484467506409,2025-04-25 18:23:03.881946,2025-04-25 18:24:18.290944,0 days 00:01:14.408998,0.08808621715591373,192,2,1,64,0.01831034062539292,160,3,2,80,0.2729351854226225,48,2,4,112,0.24614718304305183,488,376.0,128.0,3,2,0.00031581143397075206,0.6,/work3/arnaou/checkpoints/groupgat_Omega_trial_637_best_state.pt,"{'learning_rate': 0.00031581143397075206, 'lr_reduce': 0.6}",TPESampler,COMPLETE
638,0.05693500488996506,2025-04-25 18:23:52.700332,2025-04-25 18:25:13.346659,0 days 00:01:20.646327,0.1107171918379178,224,1,2,48,0.15753137999512618,160,3,1,128,0.2648508789033022,32,4,1,128,0.19436931363938426,432,448.0,80.0,3,2,0.0005184184697318718,0.6,/work3/arnaou/checkpoints/groupgat_Omega_trial_638_best_state.pt,"{'learning_rate': 0.0005184184697318718, 'lr_reduce': 0.6}",TPESampler,COMPLETE
639,0.057559702545404434,2025-04-25 18:23:53.162248,2025-04-25 18:25:24.169128,0 days 00:01:31.006880,0.09772174562007835,160,4,3,64,0.07832539627114687,240,3,4,32,0.2275862161785663,48,4,2,80,0.2711615087411424,288,368.0,,2,2,0.00041040318615079605,0.6,/work3/arnaou/checkpoints/groupgat_Omega_trial_639_best_state.pt,"{'learning_rate': 0.00041040318615079605, 'lr_reduce': 0.6}",TPESampler,COMPLETE
640,0.06354277580976486,2025-04-25 18:24:18.616229,2025-04-25 18:25:32.237046,0 days 00:01:13.620817,0.1319037853165687,176,1,3,32,0.020236355539366396,224,3,3,32,0.23314345233308836,64,4,1,80,0.2906510565867196,312,328.0,128.0,3,2,0.0007282207150986378,0.6,/work3/arnaou/checkpoints/groupgat_Omega_trial_640_best_state.pt,"{'learning_rate': 0.0007282207150986378, 'lr_reduce': 0.6}",TPESampler,COMPLETE
641,0.059414591640233994,2025-04-25 18:25:13.520681,2025-04-25 18:26:25.659656,0 days 00:01:12.138975,0.03445672436353225,256,2,2,32,0.1851345018062822,240,4,1,112,0.27457928370684764,64,3,3,96,0.19357969158651453,296,408.0,264.0,3,2,0.0002463102125625889,0.6,/work3/arnaou/checkpoints/groupgat_Omega_trial_641_best_state.pt,"{'learning_rate': 0.0002463102125625889, 'lr_reduce': 0.6}",TPESampler,COMPLETE
642,0.05883379280567169,2025-04-25 18:25:24.354337,2025-04-25 18:26:44.288998,0 days 00:01:19.934661,0.0874660987684678,256,1,2,48,0.15266657980971374,208,4,1,112,0.21009452165556736,32,2,3,96,0.2880944811035878,336,328.0,88.0,3,2,0.0003643739409674253,0.6,/work3/arnaou/checkpoints/groupgat_Omega_trial_642_best_state.pt,"{'learning_rate': 0.0003643739409674253, 'lr_reduce': 0.6}",TPESampler,COMPLETE
643,0.06508883833885193,2025-04-25 18:25:32.544818,2025-04-25 18:26:53.668433,0 days 00:01:21.123615,0.11758418517271743,160,1,1,64,0.05737893064898844,208,4,2,80,0.2771109341199778,48,4,3,128,0.1646731092751596,352,272.0,,2,2,0.0014022959207492087,0.6,/work3/arnaou/checkpoints/groupgat_Omega_trial_643_best_state.pt,"{'learning_rate': 0.0014022959207492087, 'lr_reduce': 0.6}",TPESampler,COMPLETE
644,0.06379397213459015,2025-04-25 18:26:25.835568,2025-04-25 18:27:53.134182,0 days 00:01:27.298614,0.13232599273850762,128,2,2,32,0.06247710540641192,208,3,4,32,0.1925531715775887,32,4,1,80,0.1931957186725517,224,72.0,80.0,3,1,0.00038630315904401077,0.6,/work3/arnaou/checkpoints/groupgat_Omega_trial_644_best_state.pt,"{'learning_rate': 0.00038630315904401077, 'lr_reduce': 0.6}",TPESampler,COMPLETE
645,0.0596727654337883,2025-04-25 18:26:44.467790,2025-04-25 18:27:59.543436,0 days 00:01:15.075646,0.029541260366566784,256,1,3,48,0.1342294658733594,192,4,1,112,0.08449424070841713,48,2,3,128,0.12308647581546467,304,464.0,136.0,3,2,0.0001360226964073771,0.6,/work3/arnaou/checkpoints/groupgat_Omega_trial_645_best_state.pt,"{'learning_rate': 0.0001360226964073771, 'lr_reduce': 0.6}",TPESampler,COMPLETE
646,0.07793041318655014,2025-04-25 18:26:53.929043,2025-04-25 18:28:12.849525,0 days 00:01:18.920482,0.11011675032658017,112,3,3,48,0.016402968253836837,256,2,4,32,0.18178686069927436,48,4,1,64,0.2559080015475186,32,392.0,64.0,3,2,0.00018847660586369223,0.6,/work3/arnaou/checkpoints/groupgat_Omega_trial_646_best_state.pt,"{'learning_rate': 0.00018847660586369223, 'lr_reduce': 0.6}",TPESampler,COMPLETE
647,0.07327594608068466,2025-04-25 18:27:53.312135,2025-04-25 18:29:32.808959,0 days 00:01:39.496824,0.012647263769243147,240,1,3,64,0.10055638191260169,160,4,3,80,0.13578723721899796,64,4,2,96,0.04454697513917515,440,256.0,,2,1,0.00011900015122585713,0.6,/work3/arnaou/checkpoints/groupgat_Omega_trial_647_best_state.pt,"{'learning_rate': 0.00011900015122585713, 'lr_reduce': 0.6}",TPESampler,COMPLETE
648,0.05864091217517853,2025-04-25 18:27:59.709131,2025-04-25 18:28:59.943830,0 days 00:01:00.234699,0.012356365411601497,256,2,2,48,0.19792596344945945,176,3,3,128,0.2800244498752517,96,1,2,96,0.2823761922836871,384,32.0,152.0,3,2,0.0007452463886640183,0.6,/work3/arnaou/checkpoints/groupgat_Omega_trial_648_best_state.pt,"{'learning_rate': 0.0007452463886640183, 'lr_reduce': 0.6}",TPESampler,COMPLETE
649,0.0655457153916359,2025-04-25 18:28:13.146016,2025-04-25 18:29:43.728488,0 days 00:01:30.582472,0.04351804430675614,64,2,2,64,0.09745940523842321,240,2,4,48,0.26688104523734835,32,4,2,96,0.22825273355995707,312,512.0,312.0,3,2,0.00035255945988710557,0.6,/work3/arnaou/checkpoints/groupgat_Omega_trial_649_best_state.pt,"{'learning_rate': 0.00035255945988710557, 'lr_reduce': 0.6}",TPESampler,COMPLETE
650,0.05974388122558594,2025-04-25 18:29:00.124018,2025-04-25 18:30:21.386976,0 days 00:01:21.262958,0.02271011656993367,256,2,1,48,0.044536271026818564,128,4,1,112,0.24849714812024587,80,3,3,112,0.16158580657114693,256,320.0,80.0,3,2,0.0006822353199044386,0.6,/work3/arnaou/checkpoints/groupgat_Omega_trial_650_best_state.pt,"{'learning_rate': 0.0006822353199044386, 'lr_reduce': 0.6}",TPESampler,COMPLETE
651,0.06256810575723648,2025-04-25 18:29:33.136510,2025-04-25 18:31:16.011697,0 days 00:01:42.875187,0.15302669208859823,112,3,3,80,0.050034211946600335,256,1,4,48,0.21942556963571547,32,4,1,112,0.23276322653866127,304,360.0,120.0,3,2,0.000324395159753344,0.6,/work3/arnaou/checkpoints/groupgat_Omega_trial_651_best_state.pt,"{'learning_rate': 0.000324395159753344, 'lr_reduce': 0.6}",TPESampler,COMPLETE
652,0.09422111511230469,2025-04-25 18:29:43.921610,2025-04-25 18:31:36.645931,0 days 00:01:52.724321,0.06011156236598683,96,2,2,32,0.15420244091246066,192,3,2,32,0.25472586555216264,64,4,1,80,0.24736109558245206,304,224.0,232.0,3,2,0.00014053736833387912,0.6,/work3/arnaou/checkpoints/groupgat_Omega_trial_652_best_state.pt,"{'learning_rate': 0.00014053736833387912, 'lr_reduce': 0.6}",TPESampler,COMPLETE
653,0.05453621223568916,2025-04-25 18:30:21.563802,2025-04-25 18:31:57.190760,0 days 00:01:35.626958,0.041357626856896104,224,1,2,32,0.11681580692715479,192,4,2,64,0.19089497979780964,32,1,4,64,0.12542197960595894,344,408.0,72.0,3,2,0.00032977284133883377,0.6,/work3/arnaou/checkpoints/groupgat_Omega_trial_653_best_state.pt,"{'learning_rate': 0.00032977284133883377, 'lr_reduce': 0.6}",TPESampler,COMPLETE
654,0.0669415220618248,2025-04-25 18:31:16.282101,2025-04-25 18:32:59.852731,0 days 00:01:43.570630,0.02003278955467569,160,4,3,32,0.13008131089845476,208,4,2,48,0.29707655888734397,48,2,3,112,0.25818175969241614,512,80.0,,2,1,0.00012538178272996942,0.6,/work3/arnaou/checkpoints/groupgat_Omega_trial_654_best_state.pt,"{'learning_rate': 0.00012538178272996942, 'lr_reduce': 0.6}",TPESampler,COMPLETE
655,0.06377658993005753,2025-04-25 18:31:36.927003,2025-04-25 18:33:26.947404,0 days 00:01:50.020401,0.1312635724708303,128,2,3,64,0.10646009824299095,176,2,3,48,0.26475591349131666,32,3,1,64,0.26860731385146946,312,272.0,160.0,3,2,0.0024746280216050172,0.6,/work3/arnaou/checkpoints/groupgat_Omega_trial_655_best_state.pt,"{'learning_rate': 0.0024746280216050172, 'lr_reduce': 0.6}",TPESampler,COMPLETE
656,0.05498785898089409,2025-04-25 18:31:57.423805,2025-04-25 18:33:16.272359,0 days 00:01:18.848554,0.00945878078314883,192,2,3,64,0.0918586018272764,240,3,1,96,0.17074695436500986,32,1,3,96,0.1506100067127128,328,184.0,32.0,3,2,0.00012753688945708617,0.6,/work3/arnaou/checkpoints/groupgat_Omega_trial_656_best_state.pt,"{'learning_rate': 0.00012753688945708617, 'lr_reduce': 0.6}",TPESampler,COMPLETE
657,0.06451459228992462,2025-04-25 18:33:00.089360,2025-04-25 18:33:42.963527,0 days 00:00:42.874167,0.020727164946255035,192,1,2,64,0.12253160138497801,208,4,1,112,0.2916558734229972,64,3,3,128,0.19909011367730642,328,352.0,288.0,3,2,0.0019725227379923153,0.6,/work3/arnaou/checkpoints/groupgat_Omega_trial_657_best_state.pt,"{'learning_rate': 0.0019725227379923153, 'lr_reduce': 0.6}",TPESampler,COMPLETE
658,0.05742327496409416,2025-04-25 18:33:16.437969,2025-04-25 18:34:12.053993,0 days 00:00:55.616024,0.06647520622364297,128,2,1,48,0.11521746481214526,160,2,2,32,0.26094702358993327,32,4,2,80,0.21729422288671857,464,296.0,112.0,3,1,0.0007383754887917071,0.6,/work3/arnaou/checkpoints/groupgat_Omega_trial_658_best_state.pt,"{'learning_rate': 0.0007383754887917071, 'lr_reduce': 0.6}",TPESampler,COMPLETE
659,0.07054159790277481,2025-04-25 18:33:27.156311,2025-04-25 18:35:13.638516,0 days 00:01:46.482205,0.07262549941608173,224,3,4,32,0.026934297064930113,80,3,1,128,0.03422867607186578,64,3,1,112,0.13644257698611342,448,136.0,80.0,3,2,0.00017066081134690058,0.6,/work3/arnaou/checkpoints/groupgat_Omega_trial_659_best_state.pt,"{'learning_rate': 0.00017066081134690058, 'lr_reduce': 0.6}",TPESampler,COMPLETE
660,0.06201783940196037,2025-04-25 18:33:43.149301,2025-04-25 18:35:15.668860,0 days 00:01:32.519559,0.056588447343681576,64,4,3,48,0.11298142935038753,240,2,4,48,0.23210049904443072,80,4,2,80,0.1262189220938193,400,432.0,128.0,3,2,0.0004832280489893417,0.6,/work3/arnaou/checkpoints/groupgat_Omega_trial_660_best_state.pt,"{'learning_rate': 0.0004832280489893417, 'lr_reduce': 0.6}",TPESampler,COMPLETE
661,0.059529371559619904,2025-04-25 18:34:12.266077,2025-04-25 18:35:48.316001,0 days 00:01:36.049924,0.1313943011433912,112,2,3,48,0.07153010110373548,256,2,4,48,0.2445263165446548,80,4,1,64,0.1760806564923083,248,224.0,,2,2,0.0002413672908427286,0.6,/work3/arnaou/checkpoints/groupgat_Omega_trial_661_best_state.pt,"{'learning_rate': 0.0002413672908427286, 'lr_reduce': 0.6}",TPESampler,COMPLETE
662,0.06041209027171135,2025-04-25 18:35:13.849960,2025-04-25 18:36:34.120748,0 days 00:01:20.270788,0.10515252275938441,112,4,3,64,0.006482508181977556,240,2,3,64,0.203078291749058,64,3,1,80,0.24144151213965287,200,376.0,64.0,3,2,0.000908287846732251,0.6,/work3/arnaou/checkpoints/groupgat_Omega_trial_662_best_state.pt,"{'learning_rate': 0.000908287846732251, 'lr_reduce': 0.6}",TPESampler,COMPLETE
663,0.06602732092142105,2025-04-25 18:35:16.038725,2025-04-25 18:36:45.861222,0 days 00:01:29.822497,0.09116680770289766,96,4,3,64,0.019183693387046397,208,3,4,32,0.21580221885028178,48,3,1,80,0.19207947506451534,280,80.0,184.0,3,2,0.00037436709352878093,0.6,/work3/arnaou/checkpoints/groupgat_Omega_trial_663_best_state.pt,"{'learning_rate': 0.00037436709352878093, 'lr_reduce': 0.6}",TPESampler,COMPLETE
664,0.04947161674499512,2025-04-25 18:35:48.551820,2025-04-25 18:37:07.553277,0 days 00:01:19.001457,0.02830168067357692,224,1,1,48,0.12834310051772574,240,4,1,128,0.21303296155632076,80,2,2,112,0.266987040878116,496,312.0,72.0,3,2,0.0002816776478499607,0.6,/work3/arnaou/checkpoints/groupgat_Omega_trial_664_best_state.pt,"{'learning_rate': 0.0002816776478499607, 'lr_reduce': 0.6}",TPESampler,COMPLETE
665,0.06358448415994644,2025-04-25 18:36:34.336148,2025-04-25 18:37:33.536602,0 days 00:00:59.200454,0.18529383739039898,128,1,1,64,0.08859132670378211,208,2,1,112,0.2940330009769903,48,1,3,128,0.16821472000380394,448,176.0,,2,2,0.00040379120427621717,0.6,/work3/arnaou/checkpoints/groupgat_Omega_trial_665_best_state.pt,"{'learning_rate': 0.00040379120427621717, 'lr_reduce': 0.6}",TPESampler,COMPLETE
666,0.05121690034866333,2025-04-25 18:36:46.145209,2025-04-25 18:37:46.245921,0 days 00:01:00.100712,0.04072281871744512,144,1,1,48,0.21748438043714263,160,4,2,80,0.15358346383383165,32,4,1,96,0.1314929637073162,432,32.0,280.0,3,1,0.0016493186872005212,0.6,/work3/arnaou/checkpoints/groupgat_Omega_trial_666_best_state.pt,"{'learning_rate': 0.0016493186872005212, 'lr_reduce': 0.6}",TPESampler,COMPLETE
667,0.05533637851476669,2025-04-25 18:37:07.825464,2025-04-25 18:38:05.302970,0 days 00:00:57.477506,0.07516770754115376,256,1,1,32,0.11492178368943697,192,3,1,64,0.2987007133164207,32,3,1,96,0.08980615331116343,424,272.0,64.0,3,2,0.0007790502397976624,0.6,/work3/arnaou/checkpoints/groupgat_Omega_trial_667_best_state.pt,"{'learning_rate': 0.0007790502397976624, 'lr_reduce': 0.6}",TPESampler,COMPLETE
668,0.05835750326514244,2025-04-25 18:37:33.729011,2025-04-25 18:38:39.936273,0 days 00:01:06.207262,0.019923350753466424,240,1,3,64,0.1851270666946075,176,3,2,112,0.24368091662498248,64,2,3,112,0.1383189071265547,376,296.0,336.0,3,2,0.00013080137148081846,0.6,/work3/arnaou/checkpoints/groupgat_Omega_trial_668_best_state.pt,"{'learning_rate': 0.00013080137148081846, 'lr_reduce': 0.6}",TPESampler,COMPLETE
669,0.06318648904561996,2025-04-25 18:37:46.475065,2025-04-25 18:39:18.569340,0 days 00:01:32.094275,0.0120106867326226,224,2,1,48,0.13924468550244878,128,2,1,48,0.2945687860836428,48,2,3,128,0.2896511318866769,488,40.0,208.0,3,2,0.002174428603636943,0.6,/work3/arnaou/checkpoints/groupgat_Omega_trial_669_best_state.pt,"{'learning_rate': 0.002174428603636943, 'lr_reduce': 0.6}",TPESampler,COMPLETE
670,0.06115658953785896,2025-04-25 18:38:05.497446,2025-04-25 18:38:55.215459,0 days 00:00:49.718013,0.07936548546970915,96,2,2,80,0.18685381738145687,144,3,2,80,0.22262080017691807,48,4,1,128,0.06252454278727206,408,56.0,264.0,3,1,0.0014458100374503077,0.6,/work3/arnaou/checkpoints/groupgat_Omega_trial_670_best_state.pt,"{'learning_rate': 0.0014458100374503077, 'lr_reduce': 0.6}",TPESampler,COMPLETE
671,0.06013023853302002,2025-04-25 18:38:40.128813,2025-04-25 18:39:49.528504,0 days 00:01:09.399691,0.05911496982087197,224,1,1,48,0.04784298464269095,80,3,1,112,0.1858134499353522,80,4,2,64,0.019470669296471642,352,,,1,1,0.00037058976450266717,0.6,/work3/arnaou/checkpoints/groupgat_Omega_trial_671_best_state.pt,"{'learning_rate': 0.00037058976450266717, 'lr_reduce': 0.6}",TPESampler,COMPLETE
672,0.05577881634235382,2025-04-25 18:38:55.440204,2025-04-25 18:40:14.659972,0 days 00:01:19.219768,0.016562462586412696,208,2,2,80,0.19744415096489493,208,3,2,128,0.14785788172238648,64,1,1,128,0.2360139044068774,504,40.0,,2,2,0.0002112450338938096,0.6,/work3/arnaou/checkpoints/groupgat_Omega_trial_672_best_state.pt,"{'learning_rate': 0.0002112450338938096, 'lr_reduce': 0.6}",TPESampler,COMPLETE
673,0.06298420578241348,2025-04-25 18:39:18.855965,2025-04-25 18:40:04.423648,0 days 00:00:45.567683,0.014387732229111685,144,1,1,80,0.26558952729604046,208,4,2,80,0.15755740003767382,48,3,1,96,0.13179348661426096,384,56.0,272.0,3,2,0.0013535235961040302,0.6,/work3/arnaou/checkpoints/groupgat_Omega_trial_673_best_state.pt,"{'learning_rate': 0.0013535235961040302, 'lr_reduce': 0.6}",TPESampler,COMPLETE
674,0.06569364666938782,2025-04-25 18:39:49.749444,2025-04-25 18:40:40.542107,0 days 00:00:50.792663,0.08251676734545799,160,1,2,64,0.250608248629395,112,4,1,64,0.13525178357071105,32,4,3,128,0.20454543527894453,320,72.0,312.0,3,1,0.0026132280606901486,0.6,/work3/arnaou/checkpoints/groupgat_Omega_trial_674_best_state.pt,"{'learning_rate': 0.0026132280606901486, 'lr_reduce': 0.6}",TPESampler,COMPLETE
675,0.055456824600696564,2025-04-25 18:40:04.614844,2025-04-25 18:41:00.611697,0 days 00:00:55.996853,0.014775381362576688,144,1,1,64,0.17593547715713967,176,4,2,64,0.14840487109376968,32,3,2,96,0.15000307575562574,464,48.0,272.0,3,1,0.0014342666390991198,0.6,/work3/arnaou/checkpoints/groupgat_Omega_trial_675_best_state.pt,"{'learning_rate': 0.0014342666390991198, 'lr_reduce': 0.6}",TPESampler,COMPLETE
676,0.06353970617055893,2025-04-25 18:40:14.897676,2025-04-25 18:41:19.821376,0 days 00:01:04.923700,0.07819279332313993,160,1,1,48,0.23920594621444435,176,4,3,112,0.10087147179828013,32,4,2,96,0.11517463282358364,464,32.0,312.0,3,1,0.0023440010920901103,0.6,/work3/arnaou/checkpoints/groupgat_Omega_trial_676_best_state.pt,"{'learning_rate': 0.0023440010920901103, 'lr_reduce': 0.6}",TPESampler,COMPLETE
677,0.05082504823803902,2025-04-25 18:40:40.756914,2025-04-25 18:42:00.560924,0 days 00:01:19.804010,0.03237670388986626,256,1,2,32,0.16891693026885135,208,4,1,128,0.1990685425816582,80,1,1,96,0.23702871454669916,424,40.0,248.0,3,2,0.00027994047291501125,0.6,/work3/arnaou/checkpoints/groupgat_Omega_trial_677_best_state.pt,"{'learning_rate': 0.00027994047291501125, 'lr_reduce': 0.6}",TPESampler,COMPLETE
678,0.050412144511938095,2025-04-25 18:41:00.910503,2025-04-25 18:42:27.012715,0 days 00:01:26.102212,0.015639038604683353,256,1,1,64,0.15467526119469024,208,4,1,128,0.26452556585575826,64,3,4,96,0.2509084770971844,440,32.0,,2,2,0.00030723557036741627,0.6,/work3/arnaou/checkpoints/groupgat_Omega_trial_678_best_state.pt,"{'learning_rate': 0.00030723557036741627, 'lr_reduce': 0.6}",TPESampler,COMPLETE
679,0.05363178253173828,2025-04-25 18:41:20.048715,2025-04-25 18:42:17.034318,0 days 00:00:56.985603,0.008465901655782267,192,1,1,64,0.15537295908678647,256,4,1,112,0.2362424780793615,64,2,2,128,0.21136048517010203,456,88.0,312.0,3,2,0.0012672968292630692,0.6,/work3/arnaou/checkpoints/groupgat_Omega_trial_679_best_state.pt,"{'learning_rate': 0.0012672968292630692, 'lr_reduce': 0.6}",TPESampler,COMPLETE
680,0.05720330774784088,2025-04-25 18:42:00.753881,2025-04-25 18:43:50.304508,0 days 00:01:49.550627,0.05948368378441872,224,2,1,32,0.12790308449848609,224,4,1,128,0.19077037852502188,64,1,1,80,0.1980292696244976,360,32.0,256.0,3,2,0.00010102518403319206,0.6,/work3/arnaou/checkpoints/groupgat_Omega_trial_680_best_state.pt,"{'learning_rate': 0.00010102518403319206, 'lr_reduce': 0.6}",TPESampler,COMPLETE
681,0.06148315221071243,2025-04-25 18:42:17.235332,2025-04-25 18:43:27.028285,0 days 00:01:09.792953,0.09456600680033167,192,1,1,32,0.173302532124342,240,4,1,112,0.22550531219136183,80,1,2,112,0.27947193375381835,456,40.0,224.0,3,2,0.00027805964182164416,0.6,/work3/arnaou/checkpoints/groupgat_Omega_trial_681_best_state.pt,"{'learning_rate': 0.00027805964182164416, 'lr_reduce': 0.6}",TPESampler,COMPLETE
682,0.0609193779528141,2025-04-25 18:42:27.252977,2025-04-25 18:43:54.040540,0 days 00:01:26.787563,0.08019012689021762,240,1,1,32,0.20263775376122367,176,4,1,80,0.1488826409074599,32,4,1,128,0.1599701401206015,504,56.0,,2,2,0.000980864676839292,0.6,/work3/arnaou/checkpoints/groupgat_Omega_trial_682_best_state.pt,"{'learning_rate': 0.000980864676839292, 'lr_reduce': 0.6}",TPESampler,COMPLETE
683,0.052312273532152176,2025-04-25 18:43:27.235736,2025-04-25 18:44:43.614472,0 days 00:01:16.378736,0.029151767650025872,208,1,3,48,0.12615769801923102,176,3,1,112,0.14902073797856097,80,1,1,96,0.18258137367333632,408,48.0,248.0,3,2,0.00034860156231161966,0.6,/work3/arnaou/checkpoints/groupgat_Omega_trial_683_best_state.pt,"{'learning_rate': 0.00034860156231161966, 'lr_reduce': 0.6}",TPESampler,COMPLETE
684,0.056547749787569046,2025-04-25 18:43:50.561374,2025-04-25 18:45:01.685403,0 days 00:01:11.124029,0.046006591123617935,256,3,1,80,0.1316245460599342,192,4,1,112,0.25791388967488615,112,2,4,96,0.2698198892753383,424,64.0,240.0,3,2,0.0005656371097346782,0.6,/work3/arnaou/checkpoints/groupgat_Omega_trial_684_best_state.pt,"{'learning_rate': 0.0005656371097346782, 'lr_reduce': 0.6}",TPESampler,COMPLETE
685,0.06312862783670425,2025-04-25 18:43:54.279340,2025-04-25 18:46:01.144757,0 days 00:02:06.865417,0.11332556076668575,240,1,1,64,0.21276667808813574,224,4,1,128,0.2553602134594048,80,3,4,96,0.2567631580306621,504,,,1,2,0.0008480086423644616,0.6,/work3/arnaou/checkpoints/groupgat_Omega_trial_685_best_state.pt,"{'learning_rate': 0.0008480086423644616, 'lr_reduce': 0.6}",TPESampler,COMPLETE
