number,value,datetime_start,datetime_complete,duration,params_L1_dropout,params_L1_hidden_dim,params_L1_layers_atom,params_L1_layers_mol,params_L1_out_dim,params_L2_dropout,params_L2_hidden_dim,params_L2_layers_atom,params_L2_layers_mol,params_L2_out_dim,params_L3_dropout,params_L3_hidden_dim,params_L3_layers_atom,params_L3_layers_mol,params_L3_out_dim,params_final_dropout,params_mlp_dim_0,params_mlp_dim_1,params_mlp_dim_2,params_n_mlp_layers,params_num_heads,params_train_learning_rate,params_train_lr_reduce,user_attrs_best_state_dict_path,user_attrs_training_params,system_attrs_auto:sampler,state
422,0.06602470576763153,2025-04-25 16:52:18.459548,2025-04-25 16:53:44.065825,0 days 00:01:25.606277,0.04275619571793887,96,3,2,32,0.1278369797530656,208,3,2,128,0.18707827248568829,32,2,3,128,0.19312018948176043,200,368.0,96.0,3,2,0.0004059309913568807,0.6,/work3/arnaou/checkpoints/groupgat_Omega_trial_422_best_state.pt,"{'learning_rate': 0.0004059309913568807, 'lr_reduce': 0.6}",TPESampler,COMPLETE
423,0.05473574995994568,2025-04-25 16:52:40.152736,2025-04-25 16:53:47.069336,0 days 00:01:06.916600,0.013214314026577204,208,1,2,64,0.017274874752869176,112,4,1,112,0.07436059331401539,32,3,3,96,0.03755797661775101,464,,,1,2,0.0009696739973008203,0.6,/work3/arnaou/checkpoints/groupgat_Omega_trial_423_best_state.pt,"{'learning_rate': 0.0009696739973008203, 'lr_reduce': 0.6}",TPESampler,COMPLETE
424,0.06296337395906448,2025-04-25 16:52:47.293744,2025-04-25 16:54:13.508118,0 days 00:01:26.214374,0.09824928673503038,224,2,1,32,0.046023622039428246,96,4,1,96,0.1271669601069548,32,4,2,96,0.008972178858287942,424,,,1,2,0.00041347919351300777,0.6,/work3/arnaou/checkpoints/groupgat_Omega_trial_424_best_state.pt,"{'learning_rate': 0.00041347919351300777, 'lr_reduce': 0.6}",TPESampler,COMPLETE
425,0.0747796818614006,2025-04-25 16:53:44.312103,2025-04-25 16:55:24.912572,0 days 00:01:40.600469,0.05187198705124175,176,3,1,32,0.19891933560306632,240,4,3,96,0.2957541824864929,64,1,2,128,0.2710945750231027,304,328.0,376.0,3,2,0.00037033070859234614,0.6,/work3/arnaou/checkpoints/groupgat_Omega_trial_425_best_state.pt,"{'learning_rate': 0.00037033070859234614, 'lr_reduce': 0.6}",TPESampler,COMPLETE
426,0.06426898390054703,2025-04-25 16:53:47.222714,2025-04-25 16:54:40.961996,0 days 00:00:53.739282,0.013575861909794979,96,1,1,64,0.1476535587908231,112,1,1,80,0.0872519695120153,64,2,2,96,0.16325524409478345,344,264.0,456.0,3,2,0.0008694534189907742,0.6,/work3/arnaou/checkpoints/groupgat_Omega_trial_426_best_state.pt,"{'learning_rate': 0.0008694534189907742, 'lr_reduce': 0.6}",TPESampler,COMPLETE
427,0.08898146450519562,2025-04-25 16:54:13.792721,2025-04-25 16:56:07.277505,0 days 00:01:53.484784,0.09387676206637542,80,4,2,32,0.12032218478312465,80,2,2,128,0.21613611376690872,32,2,4,80,0.2703228920712554,200,208.0,96.0,3,2,0.0003576500470044929,0.6,/work3/arnaou/checkpoints/groupgat_Omega_trial_427_best_state.pt,"{'learning_rate': 0.0003576500470044929, 'lr_reduce': 0.6}",TPESampler,COMPLETE
428,0.06337156891822815,2025-04-25 16:54:41.144679,2025-04-25 16:56:05.394534,0 days 00:01:24.249855,0.03997656239058106,256,1,1,32,0.00026542949978513447,112,4,2,64,0.07344459026423052,80,4,2,48,0.03709244685243722,432,,,1,2,0.0007019936559779929,0.6,/work3/arnaou/checkpoints/groupgat_Omega_trial_428_best_state.pt,"{'learning_rate': 0.0007019936559779929, 'lr_reduce': 0.6}",TPESampler,COMPLETE
429,0.0953303724527359,2025-04-25 16:55:25.163751,2025-04-25 16:57:10.555960,0 days 00:01:45.392209,0.04415500144504336,112,3,1,32,0.17161256829986415,128,1,2,96,0.11838273575190034,32,1,3,96,0.18341676547951508,416,296.0,32.0,3,2,0.00011160572398802818,0.6,/work3/arnaou/checkpoints/groupgat_Omega_trial_429_best_state.pt,"{'learning_rate': 0.00011160572398802818, 'lr_reduce': 0.6}",TPESampler,COMPLETE
430,0.05369509756565094,2025-04-25 16:56:05.578651,2025-04-25 16:57:22.498876,0 days 00:01:16.920225,0.011505035087515573,208,2,1,32,0.10234390995305895,144,4,2,80,0.2607692537198843,32,1,2,128,0.28088796826492474,440,176.0,120.0,3,2,0.0005894799705264737,0.6,/work3/arnaou/checkpoints/groupgat_Omega_trial_430_best_state.pt,"{'learning_rate': 0.0005894799705264737, 'lr_reduce': 0.6}",TPESampler,COMPLETE
431,0.06008708477020264,2025-04-25 16:56:07.584981,2025-04-25 16:57:13.259527,0 days 00:01:05.674546,0.015480532532035018,64,3,3,64,0.13145673089200205,224,1,2,96,0.2989962414685758,32,1,4,96,0.21355222989162453,208,424.0,96.0,3,2,0.00027123137202580635,0.6,/work3/arnaou/checkpoints/groupgat_Omega_trial_431_best_state.pt,"{'learning_rate': 0.00027123137202580635, 'lr_reduce': 0.6}",TPESampler,COMPLETE
432,0.05697348341345787,2025-04-25 16:57:10.728926,2025-04-25 16:58:28.455839,0 days 00:01:17.726913,0.059994255331791646,144,1,1,48,0.04497294100350333,112,3,1,128,0.05215964723853382,32,4,2,80,0.0630642254131615,496,,,1,2,0.0003270006401175071,0.6,/work3/arnaou/checkpoints/groupgat_Omega_trial_432_best_state.pt,"{'learning_rate': 0.0003270006401175071, 'lr_reduce': 0.6}",TPESampler,COMPLETE
433,0.10240234434604645,2025-04-25 16:57:13.724378,2025-04-25 16:58:55.376631,0 days 00:01:41.652253,0.1603142643148046,256,3,3,48,0.13924569801796857,192,4,4,64,0.2996425851063442,32,3,2,80,0.24858178646577206,424,240.0,320.0,3,2,0.00019564329657799495,0.6,/work3/arnaou/checkpoints/groupgat_Omega_trial_433_best_state.pt,"{'learning_rate': 0.00019564329657799495, 'lr_reduce': 0.6}",TPESampler,COMPLETE
434,0.05775321274995804,2025-04-25 16:57:22.697988,2025-04-25 16:58:44.245270,0 days 00:01:21.547282,0.004768405684581457,240,1,1,64,0.002522705930502696,144,4,3,48,0.23800372034561362,32,3,3,112,0.2237905997184108,456,512.0,80.0,3,2,0.0012013514758517712,0.6,/work3/arnaou/checkpoints/groupgat_Omega_trial_434_best_state.pt,"{'learning_rate': 0.0012013514758517712, 'lr_reduce': 0.6}",TPESampler,COMPLETE
435,0.06382766366004944,2025-04-25 16:58:28.615751,2025-04-25 16:59:16.216186,0 days 00:00:47.600435,0.11079512046191704,144,4,2,48,0.17054072659059993,208,2,1,128,0.28706562924476275,32,2,2,128,0.2993231940171912,176,336.0,,2,1,0.0007709624191955054,0.6,/work3/arnaou/checkpoints/groupgat_Omega_trial_435_best_state.pt,"{'learning_rate': 0.0007709624191955054, 'lr_reduce': 0.6}",TPESampler,COMPLETE
436,0.05467178300023079,2025-04-25 16:58:44.427714,2025-04-25 17:00:12.340727,0 days 00:01:27.913013,0.05729330258740077,160,2,1,128,0.11701046174612559,224,2,1,80,0.18101193698931609,64,1,4,64,0.27301347444670326,424,192.0,,2,2,0.00016281545277533086,0.6,/work3/arnaou/checkpoints/groupgat_Omega_trial_436_best_state.pt,"{'learning_rate': 0.00016281545277533086, 'lr_reduce': 0.6}",TPESampler,COMPLETE
437,0.065372534096241,2025-04-25 16:58:55.606668,2025-04-25 17:00:17.250558,0 days 00:01:21.643890,0.11301121289181609,80,3,2,64,0.06044597201892901,112,1,1,112,0.2210693657848069,32,1,3,112,0.2530323595385175,176,280.0,104.0,3,2,0.0003589555154816691,0.6,/work3/arnaou/checkpoints/groupgat_Omega_trial_437_best_state.pt,"{'learning_rate': 0.0003589555154816691, 'lr_reduce': 0.6}",TPESampler,COMPLETE
438,0.0513048991560936,2025-04-25 16:59:16.377559,2025-04-25 17:00:34.282845,0 days 00:01:17.905286,0.01366056254314809,208,1,1,48,0.014896110229592795,112,3,2,112,0.11004068205597234,32,4,3,96,0.027416606868948507,464,,,1,2,0.0006296596597229337,0.6,/work3/arnaou/checkpoints/groupgat_Omega_trial_438_best_state.pt,"{'learning_rate': 0.0006296596597229337, 'lr_reduce': 0.6}",TPESampler,COMPLETE
439,0.05495518445968628,2025-04-25 17:00:12.483346,2025-04-25 17:01:34.469209,0 days 00:01:21.985863,0.0035811315216205605,144,2,2,32,0.11119011445239439,192,3,1,112,0.27615632738261153,64,4,4,128,0.28283280160237306,496,176.0,,2,2,0.00043832057857338724,0.6,/work3/arnaou/checkpoints/groupgat_Omega_trial_439_best_state.pt,"{'learning_rate': 0.00043832057857338724, 'lr_reduce': 0.6}",TPESampler,COMPLETE
440,0.062187712639570236,2025-04-25 17:00:17.487803,2025-04-25 17:01:27.171981,0 days 00:01:09.684178,0.10393183095719621,192,4,1,80,0.11018363505401482,176,1,1,128,0.2337518812969195,80,2,3,128,0.2745749215317693,192,360.0,32.0,3,2,0.00028003645396187493,0.6,/work3/arnaou/checkpoints/groupgat_Omega_trial_440_best_state.pt,"{'learning_rate': 0.00028003645396187493, 'lr_reduce': 0.6}",TPESampler,COMPLETE
441,0.06340072304010391,2025-04-25 17:00:34.509916,2025-04-25 17:01:30.769814,0 days 00:00:56.259898,0.05934138655247333,192,4,3,32,0.13109902495488057,160,1,1,128,0.2842355889177171,32,1,2,96,0.29833215647110256,416,432.0,424.0,3,2,0.0011606565626772478,0.6,/work3/arnaou/checkpoints/groupgat_Omega_trial_441_best_state.pt,"{'learning_rate': 0.0011606565626772478, 'lr_reduce': 0.6}",TPESampler,COMPLETE
442,0.05766959860920906,2025-04-25 17:01:27.351530,2025-04-25 17:02:49.382685,0 days 00:01:22.031155,0.021015214054764336,208,1,1,48,0.1567794147048959,112,4,2,128,0.29894098567865574,32,4,3,128,0.2109132520474283,400,384.0,144.0,3,2,0.0006680487587389994,0.6,/work3/arnaou/checkpoints/groupgat_Omega_trial_442_best_state.pt,"{'learning_rate': 0.0006680487587389994, 'lr_reduce': 0.6}",TPESampler,COMPLETE
443,0.06203501671552658,2025-04-25 17:01:31.004035,2025-04-25 17:02:51.619703,0 days 00:01:20.615668,0.001175745438418559,208,2,1,64,0.028266290999454855,112,3,2,112,0.11186861180578425,48,4,4,112,0.1038480055060547,408,,,1,2,0.0006186819799094551,0.6,/work3/arnaou/checkpoints/groupgat_Omega_trial_443_best_state.pt,"{'learning_rate': 0.0006186819799094551, 'lr_reduce': 0.6}",TPESampler,COMPLETE
444,0.06206663325428963,2025-04-25 17:01:34.614536,2025-04-25 17:02:58.896404,0 days 00:01:24.281868,0.12473349567124231,208,2,2,32,0.010239066227544863,192,4,3,112,0.2608521123185671,80,3,2,112,0.2516447818285605,360,144.0,88.0,3,2,0.0004864243009885109,0.6,/work3/arnaou/checkpoints/groupgat_Omega_trial_444_best_state.pt,"{'learning_rate': 0.0004864243009885109, 'lr_reduce': 0.6}",TPESampler,COMPLETE
445,0.056814271956682205,2025-04-25 17:02:49.692896,2025-04-25 17:03:53.473122,0 days 00:01:03.780226,0.04054880062718295,192,3,2,96,0.12801785772784574,128,1,1,112,0.27464653757631136,48,1,2,112,0.17503370431800297,288,464.0,,2,2,0.000431506636164664,0.6,/work3/arnaou/checkpoints/groupgat_Omega_trial_445_best_state.pt,"{'learning_rate': 0.000431506636164664, 'lr_reduce': 0.6}",TPESampler,COMPLETE
446,0.06178111582994461,2025-04-25 17:02:51.838195,2025-04-25 17:03:55.394596,0 days 00:01:03.556401,0.021210397638705664,128,2,2,32,0.02911808028926522,208,1,1,112,0.20621422447096174,32,1,4,128,0.24162010791351987,488,336.0,,2,2,0.0001516076210700085,0.6,/work3/arnaou/checkpoints/groupgat_Omega_trial_446_best_state.pt,"{'learning_rate': 0.0001516076210700085, 'lr_reduce': 0.6}",TPESampler,COMPLETE
447,0.05149898678064346,2025-04-25 17:02:59.070570,2025-04-25 17:03:56.500778,0 days 00:00:57.430208,0.08377884736098806,240,1,2,32,0.1312026301438557,128,4,1,128,0.23143137231351804,32,3,1,128,0.15267337874592796,504,144.0,272.0,3,2,0.0008997348187496235,0.6,/work3/arnaou/checkpoints/groupgat_Omega_trial_447_best_state.pt,"{'learning_rate': 0.0008997348187496235, 'lr_reduce': 0.6}",TPESampler,COMPLETE
448,0.058171167969703674,2025-04-25 17:03:53.639243,2025-04-25 17:05:31.555727,0 days 00:01:37.916484,0.03364231916665848,176,1,1,64,0.07246154817099054,96,3,3,96,0.09545876507628931,32,4,3,96,0.04300262129830261,480,,,1,2,0.000895592255053772,0.6,/work3/arnaou/checkpoints/groupgat_Omega_trial_448_best_state.pt,"{'learning_rate': 0.000895592255053772, 'lr_reduce': 0.6}",TPESampler,COMPLETE
449,0.06698495894670486,2025-04-25 17:03:55.552119,2025-04-25 17:06:03.387298,0 days 00:02:07.835179,0.08327145150382398,176,3,1,64,0.08422376592279716,208,4,2,64,0.23906579565535083,48,2,2,128,0.25870697145625005,512,320.0,368.0,3,2,0.00018027776654993218,0.6,/work3/arnaou/checkpoints/groupgat_Omega_trial_449_best_state.pt,"{'learning_rate': 0.00018027776654993218, 'lr_reduce': 0.6}",TPESampler,COMPLETE
450,0.06655344367027283,2025-04-25 17:03:56.709383,2025-04-25 17:06:16.175404,0 days 00:02:19.466021,0.05958142641350396,208,3,2,32,0.1897093593522471,160,1,1,128,0.18850150470404653,32,1,2,128,0.1757683640104036,312,152.0,,2,2,0.00046531875034828117,0.6,/work3/arnaou/checkpoints/groupgat_Omega_trial_450_best_state.pt,"{'learning_rate': 0.00046531875034828117, 'lr_reduce': 0.6}",TPESampler,COMPLETE
451,0.05766916275024414,2025-04-25 17:05:31.715126,2025-04-25 17:06:46.463600,0 days 00:01:14.748474,0.11012790808483136,240,1,3,64,0.11156752333873159,144,3,2,96,0.2174508222003176,48,4,1,112,0.13732530009551505,496,136.0,256.0,3,2,0.0003581775421526724,0.6,/work3/arnaou/checkpoints/groupgat_Omega_trial_451_best_state.pt,"{'learning_rate': 0.0003581775421526724, 'lr_reduce': 0.6}",TPESampler,COMPLETE
452,0.06726798415184021,2025-04-25 17:06:03.864751,2025-04-25 17:07:59.946686,0 days 00:01:56.081935,0.046217844457136184,128,2,3,64,0.15477694778927412,128,2,3,128,0.025635845673864108,32,2,2,128,0.24823671195604452,168,104.0,280.0,3,2,0.0003054555947873239,0.6,/work3/arnaou/checkpoints/groupgat_Omega_trial_452_best_state.pt,"{'learning_rate': 0.0003054555947873239, 'lr_reduce': 0.6}",TPESampler,COMPLETE
453,0.061533357948064804,2025-04-25 17:06:16.391709,2025-04-25 17:07:20.820305,0 days 00:01:04.428596,0.04179743095544756,208,1,3,48,0.16718158615989812,80,4,1,128,0.2321882780407825,32,4,1,128,0.13944534136339115,512,152.0,,2,2,0.0010930693078128255,0.6,/work3/arnaou/checkpoints/groupgat_Omega_trial_453_best_state.pt,"{'learning_rate': 0.0010930693078128255, 'lr_reduce': 0.6}",TPESampler,COMPLETE
454,0.055003147572278976,2025-04-25 17:06:46.643448,2025-04-25 17:07:49.023807,0 days 00:01:02.380359,0.02071192610134892,144,1,1,32,0.06710190720121453,160,4,1,128,0.17650946351722177,32,3,3,128,0.16824341829872766,424,112.0,264.0,3,2,0.0006413597762254533,0.6,/work3/arnaou/checkpoints/groupgat_Omega_trial_454_best_state.pt,"{'learning_rate': 0.0006413597762254533, 'lr_reduce': 0.6}",TPESampler,COMPLETE
455,0.05620076134800911,2025-04-25 17:07:20.979018,2025-04-25 17:08:28.838376,0 days 00:01:07.859358,0.15749059959830009,256,1,1,32,0.16026098101490155,112,4,1,128,0.2286265760357599,48,3,1,128,0.2023061423924373,408,168.0,288.0,3,2,0.001132983814245553,0.6,/work3/arnaou/checkpoints/groupgat_Omega_trial_455_best_state.pt,"{'learning_rate': 0.001132983814245553, 'lr_reduce': 0.6}",TPESampler,COMPLETE
456,0.07000631839036942,2025-04-25 17:07:49.380827,2025-04-25 17:10:00.740836,0 days 00:02:11.360009,0.03506949397967145,256,1,1,64,0.027859046573026208,64,4,3,64,0.06984805039490907,96,3,1,80,0.12227784446660585,480,,,1,2,0.00010672898239695274,0.6,/work3/arnaou/checkpoints/groupgat_Omega_trial_456_best_state.pt,"{'learning_rate': 0.00010672898239695274, 'lr_reduce': 0.6}",TPESampler,COMPLETE
457,0.07752744108438492,2025-04-25 17:08:00.234916,2025-04-25 17:09:10.306986,0 days 00:01:10.072070,0.08727968950687048,240,2,1,32,0.025347194738335653,176,2,2,128,0.18391226063831886,32,4,3,80,0.05802460102444813,344,,,1,2,0.0011693961284958137,0.6,/work3/arnaou/checkpoints/groupgat_Omega_trial_457_best_state.pt,"{'learning_rate': 0.0011693961284958137, 'lr_reduce': 0.6}",TPESampler,COMPLETE
458,0.056943077594041824,2025-04-25 17:08:28.989489,2025-04-25 17:09:30.214235,0 days 00:01:01.224746,0.0342479797562253,160,2,3,32,0.11175401739906907,208,1,2,96,0.15489248764697663,32,3,2,128,0.08609541111361296,488,152.0,224.0,3,2,0.0011537266168910273,0.6,/work3/arnaou/checkpoints/groupgat_Omega_trial_458_best_state.pt,"{'learning_rate': 0.0011537266168910273, 'lr_reduce': 0.6}",TPESampler,COMPLETE
459,0.06669870018959045,2025-04-25 17:09:10.537137,2025-04-25 17:10:37.869415,0 days 00:01:27.332278,0.08207010669431575,240,2,1,48,0.0006099167082354679,112,3,2,128,0.024339834789983694,64,4,2,80,0.019947822226402418,432,,,1,2,0.0005363003437321388,0.6,/work3/arnaou/checkpoints/groupgat_Omega_trial_459_best_state.pt,"{'learning_rate': 0.0005363003437321388, 'lr_reduce': 0.6}",TPESampler,COMPLETE
460,0.05497346445918083,2025-04-25 17:09:30.354437,2025-04-25 17:10:43.424459,0 days 00:01:13.070022,0.03950774649394113,192,1,1,32,0.1160963132566453,128,4,1,112,0.2845455994770603,48,2,1,112,0.06382894963164133,488,80.0,,2,2,0.0005521788744941922,0.6,/work3/arnaou/checkpoints/groupgat_Omega_trial_460_best_state.pt,"{'learning_rate': 0.0005521788744941922, 'lr_reduce': 0.6}",TPESampler,COMPLETE
461,0.050705406814813614,2025-04-25 17:10:00.944773,2025-04-25 17:10:55.594914,0 days 00:00:54.650141,0.13740635673983245,208,1,2,48,0.21534947002403304,176,4,1,128,0.22893186359108827,64,2,2,112,0.09513850163374583,504,168.0,304.0,3,2,0.0008204026161112868,0.6,/work3/arnaou/checkpoints/groupgat_Omega_trial_461_best_state.pt,"{'learning_rate': 0.0008204026161112868, 'lr_reduce': 0.6}",TPESampler,COMPLETE
462,0.06057896837592125,2025-04-25 17:10:38.277684,2025-04-25 17:11:47.157304,0 days 00:01:08.879620,0.03269773937034129,96,1,1,64,0.11718028718558034,192,3,1,128,0.2949513851591452,48,3,4,128,0.24333604804158426,432,448.0,,2,2,0.0006755380454625652,0.6,/work3/arnaou/checkpoints/groupgat_Omega_trial_462_best_state.pt,"{'learning_rate': 0.0006755380454625652, 'lr_reduce': 0.6}",TPESampler,COMPLETE
463,0.058357611298561096,2025-04-25 17:10:43.574529,2025-04-25 17:11:44.003818,0 days 00:01:00.429289,0.01643924134562249,256,1,1,96,0.09839198390866709,64,4,2,112,0.06547581092963034,32,2,2,48,0.05587842785402174,464,,,1,2,0.0006849809243161633,0.6,/work3/arnaou/checkpoints/groupgat_Omega_trial_463_best_state.pt,"{'learning_rate': 0.0006849809243161633, 'lr_reduce': 0.6}",TPESampler,COMPLETE
464,0.09246102720499039,2025-04-25 17:10:55.760169,2025-04-25 17:12:10.108123,0 days 00:01:14.347954,0.07853182509784737,208,2,2,48,0.2214549694469242,192,4,1,112,0.278615764875846,48,3,2,112,0.020830964577710123,488,184.0,320.0,3,2,0.0035932228364583363,0.6,/work3/arnaou/checkpoints/groupgat_Omega_trial_464_best_state.pt,"{'learning_rate': 0.0035932228364583363, 'lr_reduce': 0.6}",TPESampler,COMPLETE
465,0.064780592918396,2025-04-25 17:11:44.148990,2025-04-25 17:12:54.563059,0 days 00:01:10.414069,0.17238583481722375,96,1,2,80,0.2642700621246861,176,4,1,128,0.25870858966797383,32,1,2,112,0.08164853752184034,488,192.0,296.0,3,2,0.0010042775617214164,0.6,/work3/arnaou/checkpoints/groupgat_Omega_trial_465_best_state.pt,"{'learning_rate': 0.0010042775617214164, 'lr_reduce': 0.6}",TPESampler,COMPLETE
466,0.07255014032125473,2025-04-25 17:11:47.378683,2025-04-25 17:12:22.112682,0 days 00:00:34.733999,0.15073589176829946,176,1,3,32,0.2042500259653484,224,4,1,128,0.18503408510927488,64,3,2,96,0.15201433291608113,472,184.0,264.0,3,2,0.0018076872763369456,0.6,/work3/arnaou/checkpoints/groupgat_Omega_trial_466_best_state.pt,"{'learning_rate': 0.0018076872763369456, 'lr_reduce': 0.6}",TPESampler,COMPLETE
467,0.07153018563985825,2025-04-25 17:12:10.336485,2025-04-25 17:13:26.872321,0 days 00:01:16.535836,0.1777511785840966,176,2,3,80,0.21013851067266293,144,4,1,128,0.22828198836685662,80,3,1,112,0.05133811819449517,408,384.0,,2,2,0.0004614561347007476,0.6,/work3/arnaou/checkpoints/groupgat_Omega_trial_467_best_state.pt,"{'learning_rate': 0.0004614561347007476, 'lr_reduce': 0.6}",TPESampler,COMPLETE
468,0.06388292461633682,2025-04-25 17:12:22.254492,2025-04-25 17:13:55.638080,0 days 00:01:33.383588,0.19918127104968725,128,2,2,32,0.07097198086441436,160,4,1,48,0.286122484700592,48,2,2,80,0.19805243891679564,400,192.0,336.0,3,2,0.000256354309656099,0.6,/work3/arnaou/checkpoints/groupgat_Omega_trial_468_best_state.pt,"{'learning_rate': 0.000256354309656099, 'lr_reduce': 0.6}",TPESampler,COMPLETE
469,0.056319382041692734,2025-04-25 17:12:54.703660,2025-04-25 17:14:03.839391,0 days 00:01:09.135731,0.08908890467590666,112,2,2,32,0.14913506285055203,128,2,1,112,0.13559468690610177,48,3,3,128,0.26572709529635363,328,416.0,320.0,3,2,0.0004128867004528095,0.6,/work3/arnaou/checkpoints/groupgat_Omega_trial_469_best_state.pt,"{'learning_rate': 0.0004128867004528095, 'lr_reduce': 0.6}",TPESampler,COMPLETE
470,0.07285710424184799,2025-04-25 17:13:27.042788,2025-04-25 17:14:51.752303,0 days 00:01:24.709515,0.048101877024805735,176,4,2,48,0.17951392436727664,208,1,1,128,0.2816529555410045,32,1,3,128,0.2770674091576926,376,168.0,248.0,3,1,0.00011936752326245631,0.6,/work3/arnaou/checkpoints/groupgat_Omega_trial_470_best_state.pt,"{'learning_rate': 0.00011936752326245631, 'lr_reduce': 0.6}",TPESampler,COMPLETE
471,0.05911829695105553,2025-04-25 17:13:55.811625,2025-04-25 17:15:12.824288,0 days 00:01:17.012663,0.03871490577624037,240,1,2,32,0.12327090702928609,224,4,4,128,0.16915382589666658,80,2,2,128,0.18969689833159914,448,496.0,336.0,3,2,0.0011626535300052992,0.6,/work3/arnaou/checkpoints/groupgat_Omega_trial_471_best_state.pt,"{'learning_rate': 0.0011626535300052992, 'lr_reduce': 0.6}",TPESampler,COMPLETE
472,0.07175160944461823,2025-04-25 17:14:04.099183,2025-04-25 17:15:48.705822,0 days 00:01:44.606639,0.17935556506622918,144,1,2,32,0.13553965204003582,224,2,1,96,0.19814396273244378,48,2,3,96,0.2617051461117131,464,,,1,2,0.002087394808180268,0.6,/work3/arnaou/checkpoints/groupgat_Omega_trial_472_best_state.pt,"{'learning_rate': 0.002087394808180268, 'lr_reduce': 0.6}",TPESampler,COMPLETE
473,0.08649009466171265,2025-04-25 17:14:51.973765,2025-04-25 17:15:55.319884,0 days 00:01:03.346119,0.1308456017689653,160,1,2,32,0.23092874125280693,160,4,2,80,0.14738701193464696,80,1,3,128,0.038653389290405175,464,224.0,296.0,3,1,0.001177504567667251,0.6,/work3/arnaou/checkpoints/groupgat_Omega_trial_473_best_state.pt,"{'learning_rate': 0.001177504567667251, 'lr_reduce': 0.6}",TPESampler,COMPLETE
474,0.06131711229681969,2025-04-25 17:15:13.025530,2025-04-25 17:16:22.660425,0 days 00:01:09.634895,0.10330212862958935,192,1,3,80,0.1285917051660467,64,4,1,128,0.28228925480279915,32,1,3,112,0.1138137781886746,424,136.0,392.0,3,2,0.00036648625150775246,0.6,/work3/arnaou/checkpoints/groupgat_Omega_trial_474_best_state.pt,"{'learning_rate': 0.00036648625150775246, 'lr_reduce': 0.6}",TPESampler,COMPLETE
