number,value,datetime_start,datetime_complete,duration,params_L1_dropout,params_L1_hidden_dim,params_L1_layers_atom,params_L1_layers_mol,params_L1_out_dim,params_L2_dropout,params_L2_hidden_dim,params_L2_layers_atom,params_L2_layers_mol,params_L2_out_dim,params_L3_dropout,params_L3_hidden_dim,params_L3_layers_atom,params_L3_layers_mol,params_L3_out_dim,params_final_dropout,params_mlp_dim_0,params_mlp_dim_1,params_mlp_dim_2,params_n_mlp_layers,params_num_heads,params_train_learning_rate,params_train_lr_reduce,user_attrs_best_state_dict_path,user_attrs_training_params,system_attrs_auto:sampler,state
210,0.058873627334833145,2025-04-25 15:17:57.807400,2025-04-25 15:19:18.022325,0 days 00:01:20.214925,0.002246698809466926,224,3,1,48,0.15453663634465548,176,3,2,80,0.278138488791839,64,3,4,128,0.20374591251827168,480,176.0,360.0,3,2,0.0003479683327486499,0.6,/work3/arnaou/checkpoints/groupgat_Omega_trial_210_best_state.pt,"{'learning_rate': 0.0003479683327486499, 'lr_reduce': 0.6}",TPESampler,COMPLETE
211,0.0580860860645771,2025-04-25 15:18:30.221200,2025-04-25 15:19:46.058158,0 days 00:01:15.836958,0.08387410349541871,192,1,1,32,0.006096430472400327,80,4,2,64,0.17577415779709593,32,3,3,128,0.25402804821286906,400,256.0,304.0,3,2,0.0013004682273898241,0.6,/work3/arnaou/checkpoints/groupgat_Omega_trial_211_best_state.pt,"{'learning_rate': 0.0013004682273898241, 'lr_reduce': 0.6}",TPESampler,COMPLETE
212,0.06403790414333344,2025-04-25 15:18:40.335334,2025-04-25 15:19:55.627422,0 days 00:01:15.292088,0.20839153636964547,208,1,1,48,0.08256953013872699,160,2,1,96,0.2122953348620971,48,2,4,112,0.2740652655250727,480,320.0,96.0,3,2,0.0013239819547049764,0.6,/work3/arnaou/checkpoints/groupgat_Omega_trial_212_best_state.pt,"{'learning_rate': 0.0013239819547049764, 'lr_reduce': 0.6}",TPESampler,COMPLETE
213,0.05630691722035408,2025-04-25 15:19:18.178511,2025-04-25 15:20:40.117647,0 days 00:01:21.939136,0.11396421911170437,208,1,2,32,0.14165708862772278,160,4,1,96,0.2719371291695104,32,3,2,112,0.21758202415081715,336,232.0,,2,2,0.0002984597153611762,0.6,/work3/arnaou/checkpoints/groupgat_Omega_trial_213_best_state.pt,"{'learning_rate': 0.0002984597153611762, 'lr_reduce': 0.6}",TPESampler,COMPLETE
214,0.0636921301484108,2025-04-25 15:19:46.283703,2025-04-25 15:21:08.485874,0 days 00:01:22.202171,0.05596890311823825,224,1,2,48,0.008719573844933,96,4,2,112,0.081957231139942,112,3,2,80,0.024184907946837052,464,,,1,2,0.00016616387279998708,0.6,/work3/arnaou/checkpoints/groupgat_Omega_trial_214_best_state.pt,"{'learning_rate': 0.00016616387279998708, 'lr_reduce': 0.6}",TPESampler,COMPLETE
215,0.08524621278047562,2025-04-25 15:19:55.771938,2025-04-25 15:21:56.924084,0 days 00:02:01.152146,0.1317131786963755,112,2,2,48,0.1928696420068852,208,2,2,112,0.03177140796403036,32,2,4,128,0.2625625538049705,376,400.0,416.0,3,2,0.000196000222303877,0.6,/work3/arnaou/checkpoints/groupgat_Omega_trial_215_best_state.pt,"{'learning_rate': 0.000196000222303877, 'lr_reduce': 0.6}",TPESampler,COMPLETE
216,0.07580320537090302,2025-04-25 15:20:40.494332,2025-04-25 15:22:32.029006,0 days 00:01:51.534674,0.11280018922539455,176,2,2,32,0.17719717128663737,192,4,3,80,0.26057791346478926,48,3,2,112,0.2749132672609727,456,120.0,32.0,3,2,0.00019273828628481513,0.6,/work3/arnaou/checkpoints/groupgat_Omega_trial_216_best_state.pt,"{'learning_rate': 0.00019273828628481513, 'lr_reduce': 0.6}",TPESampler,COMPLETE
217,0.13905301690101624,2025-04-25 15:21:08.913275,2025-04-25 15:22:38.016764,0 days 00:01:29.103489,0.06650592290079077,176,1,1,32,0.15573536337119337,80,4,3,48,0.1711911471271243,64,4,3,128,0.17608741462907224,384,280.0,240.0,3,2,0.0008650044662125804,0.6,/work3/arnaou/checkpoints/groupgat_Omega_trial_217_best_state.pt,"{'learning_rate': 0.0008650044662125804, 'lr_reduce': 0.6}",TPESampler,COMPLETE
218,0.05592921003699303,2025-04-25 15:21:57.077756,2025-04-25 15:23:18.550187,0 days 00:01:21.472431,0.04193003445742913,160,2,1,80,0.022893678927985373,160,2,1,128,0.2312472959418951,32,1,3,128,0.19930870485935112,480,208.0,144.0,3,2,0.00012940750226628122,0.6,/work3/arnaou/checkpoints/groupgat_Omega_trial_218_best_state.pt,"{'learning_rate': 0.00012940750226628122, 'lr_reduce': 0.6}",TPESampler,COMPLETE
219,0.07419776171445847,2025-04-25 15:22:32.210840,2025-04-25 15:24:38.969441,0 days 00:02:06.758601,0.04537057692085501,176,2,1,32,0.09916576505018257,96,4,4,112,0.18286032932203708,48,3,4,112,0.2644576419994445,56,,,1,2,0.0002426533122959399,0.6,/work3/arnaou/checkpoints/groupgat_Omega_trial_219_best_state.pt,"{'learning_rate': 0.0002426533122959399, 'lr_reduce': 0.6}",TPESampler,COMPLETE
220,0.06193677708506584,2025-04-25 15:22:38.233894,2025-04-25 15:23:45.757190,0 days 00:01:07.523296,0.024941969605515712,240,1,1,32,0.1618709913019033,96,4,2,64,0.23053826293177201,32,3,3,112,0.22535938642486558,424,344.0,320.0,3,2,0.002881463473579051,0.6,/work3/arnaou/checkpoints/groupgat_Omega_trial_220_best_state.pt,"{'learning_rate': 0.002881463473579051, 'lr_reduce': 0.6}",TPESampler,COMPLETE
221,0.06828418374061584,2025-04-25 15:23:18.685382,2025-04-25 15:24:21.746675,0 days 00:01:03.061293,0.09101952724206712,240,2,1,32,0.06095151330911171,160,3,3,80,0.17117092432028264,32,3,3,96,0.19660409139053547,216,280.0,80.0,3,2,0.0013331084462325186,0.6,/work3/arnaou/checkpoints/groupgat_Omega_trial_221_best_state.pt,"{'learning_rate': 0.0013331084462325186, 'lr_reduce': 0.6}",TPESampler,COMPLETE
222,0.05626033619046211,2025-04-25 15:23:45.986074,2025-04-25 15:24:54.895236,0 days 00:01:08.909162,0.043588443966290163,192,1,1,32,0.0956760152923018,176,3,2,96,0.24875324134672797,64,4,2,96,0.22777645550305586,152,192.0,456.0,3,2,0.0010547966505498755,0.6,/work3/arnaou/checkpoints/groupgat_Omega_trial_222_best_state.pt,"{'learning_rate': 0.0010547966505498755, 'lr_reduce': 0.6}",TPESampler,COMPLETE
223,0.06426192820072174,2025-04-25 15:24:22.385430,2025-04-25 15:26:05.753186,0 days 00:01:43.367756,0.14381882509450014,240,1,1,64,0.05303633295003773,256,3,1,128,0.14320229480382785,64,3,4,112,0.21939730826895487,496,248.0,,2,2,0.00012631093262137255,0.6,/work3/arnaou/checkpoints/groupgat_Omega_trial_223_best_state.pt,"{'learning_rate': 0.00012631093262137255, 'lr_reduce': 0.6}",TPESampler,COMPLETE
224,0.05691036954522133,2025-04-25 15:24:39.156957,2025-04-25 15:25:59.494199,0 days 00:01:20.337242,0.04140465344806657,240,1,2,48,0.012951429514192682,144,1,1,96,0.16148224524816726,96,4,2,64,0.041630673382997065,512,,,1,2,0.00020086548961744232,0.6,/work3/arnaou/checkpoints/groupgat_Omega_trial_224_best_state.pt,"{'learning_rate': 0.00020086548961744232, 'lr_reduce': 0.6}",TPESampler,COMPLETE
225,0.08056631684303284,2025-04-25 15:24:55.091726,2025-04-25 15:27:37.727723,0 days 00:02:42.635997,0.08590090808420284,144,2,2,48,0.1340164934008045,128,2,3,80,0.15922132730743072,96,4,2,96,0.00452010513463469,480,248.0,,2,2,0.00015648917822519494,0.6,/work3/arnaou/checkpoints/groupgat_Omega_trial_225_best_state.pt,"{'learning_rate': 0.00015648917822519494, 'lr_reduce': 0.6}",TPESampler,COMPLETE
226,0.05536853149533272,2025-04-25 15:25:59.686783,2025-04-25 15:27:26.304487,0 days 00:01:26.617704,0.06168367298562094,224,2,2,48,0.00948126999914807,224,3,1,128,0.1330176011514339,32,2,4,128,0.08981684441237679,480,272.0,,2,2,0.00011259067098701461,0.6,/work3/arnaou/checkpoints/groupgat_Omega_trial_226_best_state.pt,"{'learning_rate': 0.00011259067098701461, 'lr_reduce': 0.6}",TPESampler,COMPLETE
227,0.06617303192615509,2025-04-25 15:26:05.902474,2025-04-25 15:27:17.279025,0 days 00:01:11.376551,0.12094967255854841,96,2,2,96,0.08704179593129006,176,3,1,128,0.2787830302326533,48,2,4,128,0.20632938820509633,424,224.0,,2,2,0.0011459735171739014,0.6,/work3/arnaou/checkpoints/groupgat_Omega_trial_227_best_state.pt,"{'learning_rate': 0.0011459735171739014, 'lr_reduce': 0.6}",TPESampler,COMPLETE
228,0.06626604497432709,2025-04-25 15:27:17.427381,2025-04-25 15:28:57.115539,0 days 00:01:39.688158,0.054325888716736076,224,2,1,48,0.15112726248576092,240,4,1,128,0.043250643275615744,32,1,3,112,0.23119837428338308,416,304.0,,2,2,0.0001342191673761474,0.6,/work3/arnaou/checkpoints/groupgat_Omega_trial_228_best_state.pt,"{'learning_rate': 0.0001342191673761474, 'lr_reduce': 0.6}",TPESampler,COMPLETE
229,0.05662534013390541,2025-04-25 15:27:26.505318,2025-04-25 15:28:54.834312,0 days 00:01:28.328994,0.016277706416744878,208,1,2,80,0.022674971755932402,80,4,3,32,0.29589286779821145,48,4,3,128,0.15650545639417118,408,512.0,,2,2,0.0019395239000593472,0.6,/work3/arnaou/checkpoints/groupgat_Omega_trial_229_best_state.pt,"{'learning_rate': 0.0019395239000593472, 'lr_reduce': 0.6}",TPESampler,COMPLETE
230,0.06452739238739014,2025-04-25 15:27:37.996640,2025-04-25 15:29:07.481880,0 days 00:01:29.485240,0.03456199818024172,176,1,2,32,0.03492400367805334,256,3,2,128,0.0628365771374518,48,2,4,112,0.264505438822297,512,,,1,2,0.00016435017065832404,0.6,/work3/arnaou/checkpoints/groupgat_Omega_trial_230_best_state.pt,"{'learning_rate': 0.00016435017065832404, 'lr_reduce': 0.6}",TPESampler,COMPLETE
231,0.05558062344789505,2025-04-25 15:28:55.003637,2025-04-25 15:30:33.142279,0 days 00:01:38.138642,0.04870985824324944,256,1,3,32,0.12918910142557505,176,3,1,96,0.10717064413857535,64,3,3,112,0.27093064244154014,400,152.0,,2,2,0.0001366021680385817,0.6,/work3/arnaou/checkpoints/groupgat_Omega_trial_231_best_state.pt,"{'learning_rate': 0.0001366021680385817, 'lr_reduce': 0.6}",TPESampler,COMPLETE
232,0.05715196579694748,2025-04-25 15:28:57.518479,2025-04-25 15:30:07.842764,0 days 00:01:10.324285,0.06929804151243035,256,1,1,32,0.07660682453171494,224,1,1,128,0.055574068020859305,48,2,4,128,0.19079306175344338,328,368.0,,2,2,0.00019898182345424382,0.6,/work3/arnaou/checkpoints/groupgat_Omega_trial_232_best_state.pt,"{'learning_rate': 0.00019898182345424382, 'lr_reduce': 0.6}",TPESampler,COMPLETE
233,0.05715284124016762,2025-04-25 15:29:07.648800,2025-04-25 15:30:13.082108,0 days 00:01:05.433308,0.03277288978593923,240,1,2,80,0.1728219453320708,64,3,1,48,0.1982591836434779,64,4,1,80,0.10740093242657306,392,,,1,2,0.0007415605434624262,0.6,/work3/arnaou/checkpoints/groupgat_Omega_trial_233_best_state.pt,"{'learning_rate': 0.0007415605434624262, 'lr_reduce': 0.6}",TPESampler,COMPLETE
234,0.07945047318935394,2025-04-25 15:30:08.022107,2025-04-25 15:33:02.615608,0 days 00:02:54.593501,0.13100682147075618,240,2,1,32,0.09486312792133686,64,3,3,48,0.17041124308683592,48,4,4,128,0.0775756281519643,440,288.0,,2,2,0.000897778585137263,0.6,/work3/arnaou/checkpoints/groupgat_Omega_trial_234_best_state.pt,"{'learning_rate': 0.000897778585137263, 'lr_reduce': 0.6}",TPESampler,COMPLETE
235,0.06123136729001999,2025-04-25 15:30:13.260131,2025-04-25 15:31:24.403337,0 days 00:01:11.143206,0.04020581043892154,96,2,2,80,0.01323878888575672,192,2,1,96,0.07864961198024717,48,3,3,112,0.20320176789210762,480,280.0,96.0,3,1,0.0002644759639502568,0.6,/work3/arnaou/checkpoints/groupgat_Omega_trial_235_best_state.pt,"{'learning_rate': 0.0002644759639502568, 'lr_reduce': 0.6}",TPESampler,COMPLETE
236,0.06322626024484634,2025-04-25 15:30:33.585763,2025-04-25 15:31:37.495520,0 days 00:01:03.909757,0.18016661159698066,176,2,2,32,0.08129839201137738,256,4,1,80,0.2920113119039862,48,2,2,128,0.24325654183362092,240,312.0,88.0,3,1,0.0003000303187486686,0.6,/work3/arnaou/checkpoints/groupgat_Omega_trial_236_best_state.pt,"{'learning_rate': 0.0003000303187486686, 'lr_reduce': 0.6}",TPESampler,COMPLETE
237,0.054216597229242325,2025-04-25 15:31:24.575732,2025-04-25 15:32:27.990782,0 days 00:01:03.415050,0.033828362419484906,176,1,1,32,0.07284262977642667,176,4,1,128,0.2689070195227089,32,2,2,128,0.2662185599411278,384,256.0,32.0,3,2,0.0007014395771391355,0.6,/work3/arnaou/checkpoints/groupgat_Omega_trial_237_best_state.pt,"{'learning_rate': 0.0007014395771391355, 'lr_reduce': 0.6}",TPESampler,COMPLETE
238,0.057697176933288574,2025-04-25 15:31:37.912834,2025-04-25 15:32:21.549308,0 days 00:00:43.636474,0.012690017026915652,240,1,2,48,0.10656088013050767,64,3,2,48,0.1490426854333991,128,3,1,80,0.09027425390437725,472,328.0,,2,2,0.0019040131778233695,0.6,/work3/arnaou/checkpoints/groupgat_Omega_trial_238_best_state.pt,"{'learning_rate': 0.0019040131778233695, 'lr_reduce': 0.6}",TPESampler,COMPLETE
239,0.08401770144701004,2025-04-25 15:32:21.755949,2025-04-25 15:33:41.595271,0 days 00:01:19.839322,0.17345145627838254,64,3,2,48,0.14000737941566482,144,1,1,128,0.2370856382460548,32,1,4,128,0.2713595514411732,296,240.0,152.0,3,1,0.000898894627389497,0.6,/work3/arnaou/checkpoints/groupgat_Omega_trial_239_best_state.pt,"{'learning_rate': 0.000898894627389497, 'lr_reduce': 0.6}",TPESampler,COMPLETE
240,0.05972140282392502,2025-04-25 15:32:28.178692,2025-04-25 15:33:44.065690,0 days 00:01:15.886998,0.02576893133613636,192,1,1,32,0.030803435401687337,128,4,2,80,0.2738931829633746,48,3,3,112,0.2633409348334379,456,216.0,32.0,3,2,0.00027813350135583094,0.6,/work3/arnaou/checkpoints/groupgat_Omega_trial_240_best_state.pt,"{'learning_rate': 0.00027813350135583094, 'lr_reduce': 0.6}",TPESampler,COMPLETE
241,0.06578132510185242,2025-04-25 15:33:02.777399,2025-04-25 15:34:46.984664,0 days 00:01:44.207265,0.019057909754740022,224,1,1,48,0.14255745931235983,240,2,1,128,0.09473482128056648,32,4,4,128,0.17564425524971072,488,248.0,56.0,3,2,0.0001017180816300127,0.6,/work3/arnaou/checkpoints/groupgat_Omega_trial_241_best_state.pt,"{'learning_rate': 0.0001017180816300127, 'lr_reduce': 0.6}",TPESampler,COMPLETE
242,0.07946737110614777,2025-04-25 15:33:41.774816,2025-04-25 15:35:05.018359,0 days 00:01:23.243543,0.08714862139120777,112,3,2,48,0.14018406025911004,96,4,1,128,0.29263437632317474,32,2,4,112,0.21945556656799659,456,192.0,,2,2,0.00021852062813420544,0.6,/work3/arnaou/checkpoints/groupgat_Omega_trial_242_best_state.pt,"{'learning_rate': 0.00021852062813420544, 'lr_reduce': 0.6}",TPESampler,COMPLETE
243,0.05442862957715988,2025-04-25 15:33:44.525797,2025-04-25 15:35:03.600358,0 days 00:01:19.074561,0.03246128700193284,224,2,1,80,0.06315324024415785,144,2,1,80,0.290255025025406,80,2,4,96,0.2883261595520006,504,280.0,32.0,3,2,0.0002692622339205405,0.6,/work3/arnaou/checkpoints/groupgat_Omega_trial_243_best_state.pt,"{'learning_rate': 0.0002692622339205405, 'lr_reduce': 0.6}",TPESampler,COMPLETE
244,0.05795449763536453,2025-04-25 15:34:47.183237,2025-04-25 15:35:59.433151,0 days 00:01:12.249914,0.021419523284394438,224,1,1,48,0.10831203231409296,192,4,2,128,0.28744630079687594,64,2,2,128,0.19053141240397775,280,272.0,80.0,3,2,0.00043110218513831575,0.6,/work3/arnaou/checkpoints/groupgat_Omega_trial_244_best_state.pt,"{'learning_rate': 0.00043110218513831575, 'lr_reduce': 0.6}",TPESampler,COMPLETE
245,0.0610056072473526,2025-04-25 15:35:03.786727,2025-04-25 15:37:16.191587,0 days 00:02:12.404860,0.044182879186093406,160,3,3,32,0.22350171150806028,192,2,1,64,0.21528653274558157,64,1,1,112,0.2741162995532935,184,272.0,,2,2,0.00021651804714209114,0.6,/work3/arnaou/checkpoints/groupgat_Omega_trial_245_best_state.pt,"{'learning_rate': 0.00021651804714209114, 'lr_reduce': 0.6}",TPESampler,COMPLETE
246,0.06993692368268967,2025-04-25 15:35:05.243629,2025-04-25 15:36:10.832879,0 days 00:01:05.589250,0.07535659903143141,208,2,1,128,0.13896297988231932,112,2,1,80,0.22815681374309676,80,2,3,112,0.26050905209189995,400,256.0,32.0,3,2,0.0009948763131863083,0.6,/work3/arnaou/checkpoints/groupgat_Omega_trial_246_best_state.pt,"{'learning_rate': 0.0009948763131863083, 'lr_reduce': 0.6}",TPESampler,COMPLETE
247,0.0595504567027092,2025-04-25 15:35:59.583335,2025-04-25 15:37:26.254383,0 days 00:01:26.671048,0.049221337714856976,256,2,1,48,0.00012762018159101496,96,2,1,80,0.220165581000418,80,2,4,80,0.26449060888758846,448,328.0,40.0,3,2,0.00029995198294170336,0.6,/work3/arnaou/checkpoints/groupgat_Omega_trial_247_best_state.pt,"{'learning_rate': 0.00029995198294170336, 'lr_reduce': 0.6}",TPESampler,COMPLETE
248,0.07074206322431564,2025-04-25 15:36:11.211702,2025-04-25 15:37:31.259156,0 days 00:01:20.047454,0.06097817910524805,208,1,2,32,0.015258486555924641,128,2,2,112,0.1885120903814116,32,2,2,128,0.1644945671403056,304,400.0,32.0,3,2,0.0012607372733655759,0.6,/work3/arnaou/checkpoints/groupgat_Omega_trial_248_best_state.pt,"{'learning_rate': 0.0012607372733655759, 'lr_reduce': 0.6}",TPESampler,COMPLETE
249,0.05667673423886299,2025-04-25 15:37:16.403010,2025-04-25 15:38:42.793264,0 days 00:01:26.390254,0.045173108537828674,192,1,1,32,0.09190921463515482,176,4,1,112,0.044351542371275615,48,3,4,128,0.2897694174773848,368,232.0,,2,2,0.0002437783069590007,0.6,/work3/arnaou/checkpoints/groupgat_Omega_trial_249_best_state.pt,"{'learning_rate': 0.0002437783069590007, 'lr_reduce': 0.6}",TPESampler,COMPLETE
250,0.05654546245932579,2025-04-25 15:37:26.402522,2025-04-25 15:38:41.950097,0 days 00:01:15.547575,0.10374885339989665,176,1,1,32,0.0563864158010256,128,4,1,128,0.19937142891233467,64,3,1,128,0.2828396000061256,360,304.0,40.0,3,2,0.0003259225810220531,0.6,/work3/arnaou/checkpoints/groupgat_Omega_trial_250_best_state.pt,"{'learning_rate': 0.0003259225810220531, 'lr_reduce': 0.6}",TPESampler,COMPLETE
251,0.0659775510430336,2025-04-25 15:37:31.468002,2025-04-25 15:38:31.814766,0 days 00:01:00.346764,0.02040315571601195,176,3,2,32,0.18987570997811992,144,1,1,128,0.21239976563716037,32,1,4,96,0.19525406898005965,184,264.0,32.0,3,2,0.0015053627814333953,0.6,/work3/arnaou/checkpoints/groupgat_Omega_trial_251_best_state.pt,"{'learning_rate': 0.0015053627814333953, 'lr_reduce': 0.6}",TPESampler,COMPLETE
252,0.06314289569854736,2025-04-25 15:38:31.992510,2025-04-25 15:39:20.814395,0 days 00:00:48.821885,0.0016172541380200492,96,3,2,80,0.12259694763236402,208,1,1,112,0.2166535843765404,48,2,2,112,0.22151769271097932,472,360.0,368.0,3,1,0.0007805588462621378,0.6,/work3/arnaou/checkpoints/groupgat_Omega_trial_252_best_state.pt,"{'learning_rate': 0.0007805588462621378, 'lr_reduce': 0.6}",TPESampler,COMPLETE
253,0.06454775482416153,2025-04-25 15:38:42.080758,2025-04-25 15:39:44.424055,0 days 00:01:02.343297,0.1171319374194407,224,1,1,32,0.05422403358838545,176,4,1,80,0.2461057453872741,32,2,3,128,0.2615321330056315,488,176.0,88.0,3,2,0.0009315293534506098,0.6,/work3/arnaou/checkpoints/groupgat_Omega_trial_253_best_state.pt,"{'learning_rate': 0.0009315293534506098, 'lr_reduce': 0.6}",TPESampler,COMPLETE
254,0.16456952691078186,2025-04-25 15:38:42.975739,2025-04-25 15:39:53.279443,0 days 00:01:10.303704,0.1721592671485323,144,2,1,48,0.12676089437018673,64,3,4,80,0.21144890719209553,48,2,3,96,0.2832844138192055,88,,,1,2,0.000814499022197607,0.6,/work3/arnaou/checkpoints/groupgat_Omega_trial_254_best_state.pt,"{'learning_rate': 0.000814499022197607, 'lr_reduce': 0.6}",TPESampler,COMPLETE
255,0.0674961730837822,2025-04-25 15:39:21.019784,2025-04-25 15:40:42.077949,0 days 00:01:21.058165,0.015040969951204868,96,2,2,32,0.042608659065373186,176,1,1,128,0.2562303858757584,32,3,1,128,0.23103526429926918,480,304.0,32.0,3,2,0.0001441528615017078,0.6,/work3/arnaou/checkpoints/groupgat_Omega_trial_255_best_state.pt,"{'learning_rate': 0.0001441528615017078, 'lr_reduce': 0.6}",TPESampler,COMPLETE
256,0.05639262497425079,2025-04-25 15:39:44.572725,2025-04-25 15:40:58.231440,0 days 00:01:13.658715,0.09781615067658679,240,1,1,32,0.08331832865689473,128,3,2,112,0.11973493033206062,64,2,4,128,0.14252798539892778,400,56.0,,2,2,0.0003743517959616638,0.6,/work3/arnaou/checkpoints/groupgat_Omega_trial_256_best_state.pt,"{'learning_rate': 0.0003743517959616638, 'lr_reduce': 0.6}",TPESampler,COMPLETE
257,0.0561939999461174,2025-04-25 15:39:53.533091,2025-04-25 15:41:08.746700,0 days 00:01:15.213609,0.06563610692444487,224,1,2,64,0.05542725533204187,64,4,3,64,0.17608301307181232,96,4,2,96,0.023112688572683202,320,,,1,2,0.00041464947762933046,0.6,/work3/arnaou/checkpoints/groupgat_Omega_trial_257_best_state.pt,"{'learning_rate': 0.00041464947762933046, 'lr_reduce': 0.6}",TPESampler,COMPLETE
258,0.06199240684509277,2025-04-25 15:40:42.260480,2025-04-25 15:41:54.384113,0 days 00:01:12.123633,0.0014911478978748803,208,2,2,32,0.01248818300973787,240,3,1,64,0.27958041163037406,48,3,4,128,0.2964786643299407,400,232.0,336.0,3,1,0.0005154704958537522,0.6,/work3/arnaou/checkpoints/groupgat_Omega_trial_258_best_state.pt,"{'learning_rate': 0.0005154704958537522, 'lr_reduce': 0.6}",TPESampler,COMPLETE
259,0.05694736912846565,2025-04-25 15:40:58.444477,2025-04-25 15:42:18.692556,0 days 00:01:20.248079,0.08119537991748965,160,1,1,32,0.06232663940718472,208,3,2,128,0.2704867515481511,32,2,4,128,0.2868423295570219,488,392.0,,2,2,0.0003062547267024985,0.6,/work3/arnaou/checkpoints/groupgat_Omega_trial_259_best_state.pt,"{'learning_rate': 0.0003062547267024985, 'lr_reduce': 0.6}",TPESampler,COMPLETE
260,0.05262906104326248,2025-04-25 15:41:09.008121,2025-04-25 15:42:30.062788,0 days 00:01:21.054667,0.01675401592397368,176,1,1,32,0.10352214605279898,128,4,1,128,0.26014256564037336,32,3,2,128,0.15688740822261416,408,120.0,104.0,3,2,0.000586799728605328,0.6,/work3/arnaou/checkpoints/groupgat_Omega_trial_260_best_state.pt,"{'learning_rate': 0.000586799728605328, 'lr_reduce': 0.6}",TPESampler,COMPLETE
261,0.06175990775227547,2025-04-25 15:41:54.581122,2025-04-25 15:43:30.697637,0 days 00:01:36.116515,0.010717129485861517,240,1,3,96,0.06131407228390034,80,4,3,32,0.14226930644407174,80,4,1,80,0.11542752230691382,432,320.0,,2,2,0.0007347966524992367,0.6,/work3/arnaou/checkpoints/groupgat_Omega_trial_261_best_state.pt,"{'learning_rate': 0.0007347966524992367, 'lr_reduce': 0.6}",TPESampler,COMPLETE
262,0.05348975211381912,2025-04-25 15:42:18.833543,2025-04-25 15:43:36.581796,0 days 00:01:17.748253,0.0527213825349601,176,2,1,112,0.10107782555338918,176,2,1,80,0.2640025500591009,64,1,4,80,0.22951770060635526,464,248.0,,2,2,0.00020187152339694653,0.6,/work3/arnaou/checkpoints/groupgat_Omega_trial_262_best_state.pt,"{'learning_rate': 0.00020187152339694653, 'lr_reduce': 0.6}",TPESampler,COMPLETE
