number,value,datetime_start,datetime_complete,duration,params_L1_dropout,params_L1_hidden_dim,params_L1_layers_atom,params_L1_layers_mol,params_L1_out_dim,params_L2_dropout,params_L2_hidden_dim,params_L2_layers_atom,params_L2_layers_mol,params_L2_out_dim,params_L3_dropout,params_L3_hidden_dim,params_L3_layers_atom,params_L3_layers_mol,params_L3_out_dim,params_final_dropout,params_mlp_dim_0,params_mlp_dim_1,params_mlp_dim_2,params_n_mlp_layers,params_num_heads,params_train_learning_rate,params_train_lr_reduce,user_attrs_best_state_dict_path,user_attrs_training_params,system_attrs_auto:sampler,state
2147,0.059948861598968506,2025-04-26 04:48:49.121150,2025-04-26 04:50:08.705821,0 days 00:01:19.584671,0.08254273697570186,192,1,1,96,0.15633333167075358,208,4,1,112,0.23608421577889552,112,4,3,64,0.2116391177093575,288,472.0,152.0,3,2,0.00028013050380428704,0.6,/work3/arnaou/checkpoints/groupgat_Omega_trial_2147_best_state.pt,"{'learning_rate': 0.00028013050380428704, 'lr_reduce': 0.6}",TPESampler,COMPLETE
2148,0.05110319331288338,2025-04-26 04:49:12.987244,2025-04-26 04:50:19.387150,0 days 00:01:06.399906,0.09556960982336074,256,2,2,96,0.2047162930669749,256,4,2,128,0.18565125713242572,32,2,1,80,0.23962490437906533,496,272.0,232.0,3,2,0.0005643754564917542,0.6,/work3/arnaou/checkpoints/groupgat_Omega_trial_2148_best_state.pt,"{'learning_rate': 0.0005643754564917542, 'lr_reduce': 0.6}",TPESampler,COMPLETE
2149,0.05273691564798355,2025-04-26 04:50:08.957652,2025-04-26 04:51:06.924848,0 days 00:00:57.967196,0.017918401630646456,208,1,2,32,0.09597802798090178,224,4,1,128,0.23679236757453975,64,2,2,112,0.26480514021411616,424,176.0,304.0,3,1,0.00017527407472653784,0.6,/work3/arnaou/checkpoints/groupgat_Omega_trial_2149_best_state.pt,"{'learning_rate': 0.00017527407472653784, 'lr_reduce': 0.6}",TPESampler,COMPLETE
2150,0.06269611418247223,2025-04-26 04:50:19.736887,2025-04-26 04:51:27.193796,0 days 00:01:07.456909,0.01179627764362044,224,1,1,64,0.06171990908194369,208,3,2,96,0.2618891932601709,80,3,3,80,0.2711725520196816,504,416.0,368.0,3,2,0.0010019178176618828,0.6,/work3/arnaou/checkpoints/groupgat_Omega_trial_2150_best_state.pt,"{'learning_rate': 0.0010019178176618828, 'lr_reduce': 0.6}",TPESampler,COMPLETE
2151,0.05651618540287018,2025-04-26 04:50:43.111622,2025-04-26 04:51:47.761857,0 days 00:01:04.650235,0.10611007042301562,240,1,1,32,0.14438849730927247,256,4,1,128,0.19445425863179083,112,2,3,96,0.14895990173608747,496,144.0,280.0,3,1,0.00033750204491376525,0.6,/work3/arnaou/checkpoints/groupgat_Omega_trial_2151_best_state.pt,"{'learning_rate': 0.00033750204491376525, 'lr_reduce': 0.6}",TPESampler,COMPLETE
2152,0.1398920714855194,2025-04-26 04:51:07.183909,2025-04-26 04:52:32.600756,0 days 00:01:25.416847,0.2581952823101807,256,2,2,64,0.27121275991892047,224,4,4,48,0.20492245895108546,48,1,3,32,0.044565477124479044,472,,,1,1,0.0012222763097000122,0.6,/work3/arnaou/checkpoints/groupgat_Omega_trial_2152_best_state.pt,"{'learning_rate': 0.0012222763097000122, 'lr_reduce': 0.6}",TPESampler,COMPLETE
2153,0.06489178538322449,2025-04-26 04:51:27.408914,2025-04-26 04:52:39.927778,0 days 00:01:12.518864,0.07557885154726404,240,2,1,96,0.1147571663669013,240,3,1,128,0.07432008263658875,48,4,2,96,0.2533101987820946,480,248.0,448.0,3,2,0.000624736051744037,0.6,/work3/arnaou/checkpoints/groupgat_Omega_trial_2153_best_state.pt,"{'learning_rate': 0.000624736051744037, 'lr_reduce': 0.6}",TPESampler,COMPLETE
2154,0.05280847102403641,2025-04-26 04:51:48.051003,2025-04-26 04:53:02.370082,0 days 00:01:14.319079,0.0249545066539138,224,1,1,48,0.10950543715843683,160,4,1,128,0.1991016746885586,96,2,2,80,0.20994067242534656,504,96.0,336.0,3,2,0.0006663571417110989,0.6,/work3/arnaou/checkpoints/groupgat_Omega_trial_2154_best_state.pt,"{'learning_rate': 0.0006663571417110989, 'lr_reduce': 0.6}",TPESampler,COMPLETE
2155,0.10124079138040543,2025-04-26 04:52:32.856570,2025-04-26 04:53:40.218315,0 days 00:01:07.361745,0.07230506951854922,240,3,4,80,0.20844645826865724,128,1,2,128,0.22067427928648314,112,4,2,48,0.12442833647972126,80,,,1,1,0.0001263786907342701,0.6,/work3/arnaou/checkpoints/groupgat_Omega_trial_2155_best_state.pt,"{'learning_rate': 0.0001263786907342701, 'lr_reduce': 0.6}",TPESampler,COMPLETE
2156,0.07058833539485931,2025-04-26 04:52:40.196314,2025-04-26 04:53:55.668260,0 days 00:01:15.471946,0.13540478653225183,112,1,2,48,0.26409792577725427,80,2,4,80,0.017820065008669728,80,3,3,32,0.08703807941669332,448,216.0,,2,2,0.00553880270115743,0.6,/work3/arnaou/checkpoints/groupgat_Omega_trial_2156_best_state.pt,"{'learning_rate': 0.00553880270115743, 'lr_reduce': 0.6}",TPESampler,COMPLETE
2157,0.06672760099172592,2025-04-26 04:53:02.595431,2025-04-26 04:54:02.126718,0 days 00:00:59.531287,0.20477316271417828,224,3,4,80,0.28815126922233136,176,1,2,80,0.0474593796394865,96,3,2,48,0.022465318532803397,88,296.0,,2,2,0.0011334201799461782,0.6,/work3/arnaou/checkpoints/groupgat_Omega_trial_2157_best_state.pt,"{'learning_rate': 0.0011334201799461782, 'lr_reduce': 0.6}",TPESampler,COMPLETE
2158,0.09742860496044159,2025-04-26 04:53:40.491486,2025-04-26 04:54:55.633842,0 days 00:01:15.142356,0.0481838697219555,256,3,3,112,0.22517704309206987,80,2,3,128,0.24679120485058506,48,3,4,128,0.012631152944178242,176,512.0,,2,1,0.0005332980270185848,0.6,/work3/arnaou/checkpoints/groupgat_Omega_trial_2158_best_state.pt,"{'learning_rate': 0.0005332980270185848, 'lr_reduce': 0.6}",TPESampler,COMPLETE
2159,0.0552949383854866,2025-04-26 04:53:55.918835,2025-04-26 04:54:59.449797,0 days 00:01:03.530962,0.02460999621819915,224,2,1,80,0.18313447878515793,240,3,2,96,0.1151741595075598,32,4,1,64,0.26065752386057905,448,152.0,384.0,3,2,0.0011369674112927082,0.6,/work3/arnaou/checkpoints/groupgat_Omega_trial_2159_best_state.pt,"{'learning_rate': 0.0011369674112927082, 'lr_reduce': 0.6}",TPESampler,COMPLETE
2160,0.0896882489323616,2025-04-26 04:54:02.445189,2025-04-26 04:54:39.042935,0 days 00:00:36.597746,0.07659123775540344,240,3,1,96,0.1490147259210341,192,4,2,128,0.10587133882108112,32,2,1,96,0.2704863778661237,400,472.0,296.0,3,2,0.0016326100168311249,0.6,/work3/arnaou/checkpoints/groupgat_Omega_trial_2160_best_state.pt,"{'learning_rate': 0.0016326100168311249, 'lr_reduce': 0.6}",TPESampler,COMPLETE
2161,0.052817199379205704,2025-04-26 04:54:39.245494,2025-04-26 04:55:47.480755,0 days 00:01:08.235261,0.04621176504566174,208,2,2,48,0.1278423433688824,256,3,1,128,0.20111240998455993,128,2,2,96,0.24147810541254358,488,72.0,336.0,3,2,0.0002703821101934369,0.6,/work3/arnaou/checkpoints/groupgat_Omega_trial_2161_best_state.pt,"{'learning_rate': 0.0002703821101934369, 'lr_reduce': 0.6}",TPESampler,COMPLETE
2162,0.07600197941064835,2025-04-26 04:54:55.904265,2025-04-26 04:55:49.390961,0 days 00:00:53.486696,0.09700283523835287,128,3,1,128,0.22307835000095472,208,3,4,112,0.1676284484572862,96,2,3,48,0.19009551114464512,312,216.0,208.0,3,2,0.003957634167434183,0.6,/work3/arnaou/checkpoints/groupgat_Omega_trial_2162_best_state.pt,"{'learning_rate': 0.003957634167434183, 'lr_reduce': 0.6}",TPESampler,COMPLETE
2163,0.10146424174308777,2025-04-26 04:54:59.646190,2025-04-26 04:56:04.223272,0 days 00:01:04.577082,0.2454587077548867,240,4,1,96,0.16374332012973808,128,1,1,80,0.13922472063969835,32,1,4,48,0.02572206773975491,280,,,1,2,0.0058933418985816525,0.6,/work3/arnaou/checkpoints/groupgat_Omega_trial_2163_best_state.pt,"{'learning_rate': 0.0058933418985816525, 'lr_reduce': 0.6}",TPESampler,COMPLETE
2164,0.06114555895328522,2025-04-26 04:55:47.680202,2025-04-26 04:57:00.798844,0 days 00:01:13.118642,0.05167066795657045,144,3,4,48,0.28052018141016255,240,1,4,32,0.14587516132769343,48,4,3,64,0.07677600139207325,240,416.0,80.0,3,2,0.0023040719332643386,0.6,/work3/arnaou/checkpoints/groupgat_Omega_trial_2164_best_state.pt,"{'learning_rate': 0.0023040719332643386, 'lr_reduce': 0.6}",TPESampler,COMPLETE
2165,0.07210037857294083,2025-04-26 04:55:49.595793,2025-04-26 04:56:50.543010,0 days 00:01:00.947217,0.07686884445188581,224,2,2,80,0.08424147072228544,192,4,3,128,0.1051747291226193,32,3,1,80,0.2972658975591727,384,264.0,288.0,3,2,0.0012987818504193237,0.6,/work3/arnaou/checkpoints/groupgat_Omega_trial_2165_best_state.pt,"{'learning_rate': 0.0012987818504193237, 'lr_reduce': 0.6}",TPESampler,COMPLETE
2166,0.07158967107534409,2025-04-26 04:56:04.530399,2025-04-26 04:56:55.833314,0 days 00:00:51.302915,0.08281649681654282,192,2,1,48,0.0682988399791724,176,4,2,112,0.0012676021643126256,32,3,1,64,0.2171825603713925,432,32.0,400.0,3,2,0.0028763024213888104,0.6,/work3/arnaou/checkpoints/groupgat_Omega_trial_2166_best_state.pt,"{'learning_rate': 0.0028763024213888104, 'lr_reduce': 0.6}",TPESampler,COMPLETE
2167,0.06654933840036392,2025-04-26 04:56:50.743471,2025-04-26 04:57:50.905242,0 days 00:01:00.161771,0.1909521508018875,160,1,2,80,0.013518117794632245,64,1,2,128,0.1592159570521937,48,3,4,48,0.19182223693865222,352,,,1,2,0.0012425162850271578,0.6,/work3/arnaou/checkpoints/groupgat_Omega_trial_2167_best_state.pt,"{'learning_rate': 0.0012425162850271578, 'lr_reduce': 0.6}",TPESampler,COMPLETE
2168,0.06056245043873787,2025-04-26 04:56:56.051424,2025-04-26 04:58:15.149420,0 days 00:01:19.097996,0.10204511317649062,80,1,4,48,0.13041277482528543,192,3,1,112,0.09520426760159595,112,1,1,32,0.25676514802266814,160,,,1,2,0.0005314846580934745,0.6,/work3/arnaou/checkpoints/groupgat_Omega_trial_2168_best_state.pt,"{'learning_rate': 0.0005314846580934745, 'lr_reduce': 0.6}",TPESampler,COMPLETE
2169,0.05900255963206291,2025-04-26 04:57:01.012092,2025-04-26 04:57:56.375847,0 days 00:00:55.363755,0.024850928979665562,240,2,1,48,0.09855846799497645,192,3,2,96,0.07396118118566405,48,3,1,80,0.2998755129244808,432,352.0,344.0,3,2,0.0026517234553141765,0.6,/work3/arnaou/checkpoints/groupgat_Omega_trial_2169_best_state.pt,"{'learning_rate': 0.0026517234553141765, 'lr_reduce': 0.6}",TPESampler,COMPLETE
2170,0.0817963033914566,2025-04-26 04:57:51.152879,2025-04-26 04:58:46.719427,0 days 00:00:55.566548,0.11297350602739495,112,3,2,48,0.0367535618727782,192,2,4,80,0.08041447773485631,64,4,4,32,0.12799005882637468,248,184.0,,2,1,0.007924843195287317,0.6,/work3/arnaou/checkpoints/groupgat_Omega_trial_2170_best_state.pt,"{'learning_rate': 0.007924843195287317, 'lr_reduce': 0.6}",TPESampler,COMPLETE
2171,0.061988599598407745,2025-04-26 04:57:56.645172,2025-04-26 04:59:09.058947,0 days 00:01:12.413775,0.03536614413815341,256,2,1,80,0.0635460143564631,208,4,2,128,0.16050799584587938,48,4,2,80,0.2966590464790555,392,136.0,256.0,3,2,0.0006681156670824729,0.6,/work3/arnaou/checkpoints/groupgat_Omega_trial_2171_best_state.pt,"{'learning_rate': 0.0006681156670824729, 'lr_reduce': 0.6}",TPESampler,COMPLETE
2172,0.06008056178689003,2025-04-26 04:58:15.387903,2025-04-26 04:59:26.237830,0 days 00:01:10.849927,0.060276763517359916,224,2,1,96,0.061202898953075784,256,3,3,128,0.1325993524540887,48,3,1,80,0.2958762057537531,456,216.0,312.0,3,2,0.0009071547009403717,0.6,/work3/arnaou/checkpoints/groupgat_Omega_trial_2172_best_state.pt,"{'learning_rate': 0.0009071547009403717, 'lr_reduce': 0.6}",TPESampler,COMPLETE
2173,0.05395420268177986,2025-04-26 04:58:46.988482,2025-04-26 05:00:04.757437,0 days 00:01:17.768955,0.014073341190511885,224,1,1,80,0.13040853499931826,144,4,3,64,0.21067436905890058,48,4,4,80,0.1506318501615981,504,96.0,368.0,3,2,0.0004363785629187827,0.6,/work3/arnaou/checkpoints/groupgat_Omega_trial_2173_best_state.pt,"{'learning_rate': 0.0004363785629187827, 'lr_reduce': 0.6}",TPESampler,COMPLETE
2174,0.07462028414011002,2025-04-26 04:59:09.264326,2025-04-26 05:00:37.666467,0 days 00:01:28.402141,0.041211936671063244,256,3,1,48,0.25065244873463893,240,2,3,112,0.27549832098096727,32,2,2,64,0.29033286876450753,472,320.0,336.0,3,2,0.0010708434894529453,0.6,/work3/arnaou/checkpoints/groupgat_Omega_trial_2174_best_state.pt,"{'learning_rate': 0.0010708434894529453, 'lr_reduce': 0.6}",TPESampler,COMPLETE
2175,0.057948045432567596,2025-04-26 04:59:26.425968,2025-04-26 05:00:56.851223,0 days 00:01:30.425255,0.0486970167102067,224,1,2,80,0.13649670980280748,240,4,2,128,0.24484254876271358,32,4,2,48,0.24394579430868027,496,264.0,288.0,3,2,0.000378920166695797,0.6,/work3/arnaou/checkpoints/groupgat_Omega_trial_2175_best_state.pt,"{'learning_rate': 0.000378920166695797, 'lr_reduce': 0.6}",TPESampler,COMPLETE
2176,0.07942794263362885,2025-04-26 05:00:04.970926,2025-04-26 05:00:43.951899,0 days 00:00:38.980973,0.026147043817452836,144,4,2,64,0.08761740464038668,176,3,3,112,0.1228623247175128,96,3,3,48,0.222775194783585,128,192.0,,2,2,0.0033711169525609003,0.6,/work3/arnaou/checkpoints/groupgat_Omega_trial_2176_best_state.pt,"{'learning_rate': 0.0033711169525609003, 'lr_reduce': 0.6}",TPESampler,COMPLETE
2177,0.061160650104284286,2025-04-26 05:00:37.886838,2025-04-26 05:01:36.289699,0 days 00:00:58.402861,0.1949963833112795,192,1,1,48,0.24015521191230071,192,4,1,128,0.2037111879252827,96,4,4,96,0.20161118682378515,504,456.0,400.0,3,1,0.0008708948605416259,0.6,/work3/arnaou/checkpoints/groupgat_Omega_trial_2177_best_state.pt,"{'learning_rate': 0.0008708948605416259, 'lr_reduce': 0.6}",TPESampler,COMPLETE
2178,0.05918462947010994,2025-04-26 05:00:44.256780,2025-04-26 05:01:43.799709,0 days 00:00:59.542929,0.12190761238528205,240,1,1,32,0.22723250227320485,176,3,1,80,0.2264790010933482,80,1,1,64,0.19254653439543093,416,136.0,352.0,3,1,0.00060059686620067,0.6,/work3/arnaou/checkpoints/groupgat_Omega_trial_2178_best_state.pt,"{'learning_rate': 0.00060059686620067, 'lr_reduce': 0.6}",TPESampler,COMPLETE
2179,0.08816924691200256,2025-04-26 05:00:57.145042,2025-04-26 05:02:10.873351,0 days 00:01:13.728309,0.27886698345466815,224,2,1,80,0.10251298830871991,96,4,4,112,0.23370060220415917,96,1,3,80,0.003998993102928866,368,248.0,112.0,3,1,0.001577033305762769,0.6,/work3/arnaou/checkpoints/groupgat_Omega_trial_2179_best_state.pt,"{'learning_rate': 0.001577033305762769, 'lr_reduce': 0.6}",TPESampler,COMPLETE
2180,0.35004082322120667,2025-04-26 05:01:36.520035,2025-04-26 05:02:01.798282,0 days 00:00:25.278247,0.26085097611239516,160,1,1,32,0.004303711316056863,64,3,4,64,0.2703611512221722,64,4,1,96,0.03201646072699667,312,400.0,248.0,3,1,0.0016731570766466406,0.6,/work3/arnaou/checkpoints/groupgat_Omega_trial_2180_best_state.pt,"{'learning_rate': 0.0016731570766466406, 'lr_reduce': 0.6}",TPESampler,COMPLETE
2181,0.08411388844251633,2025-04-26 05:01:44.086236,2025-04-26 05:02:43.847108,0 days 00:00:59.760872,0.28230141780123374,240,1,3,112,0.16718868892965522,192,1,1,32,0.05262980051551787,64,1,3,128,0.03197390717437358,176,72.0,312.0,3,1,0.00017496420247867567,0.6,/work3/arnaou/checkpoints/groupgat_Omega_trial_2181_best_state.pt,"{'learning_rate': 0.00017496420247867567, 'lr_reduce': 0.6}",TPESampler,COMPLETE
2182,0.062053196132183075,2025-04-26 05:02:02.066604,2025-04-26 05:03:02.204480,0 days 00:01:00.137876,0.06988803248476377,224,2,1,96,0.14821693083329326,256,4,2,112,0.00807861631745782,32,3,1,48,0.26401135222588595,416,176.0,,2,2,0.0005251043113079373,0.6,/work3/arnaou/checkpoints/groupgat_Omega_trial_2182_best_state.pt,"{'learning_rate': 0.0005251043113079373, 'lr_reduce': 0.6}",TPESampler,COMPLETE
2183,0.055213812738657,2025-04-26 05:02:11.221990,2025-04-26 05:03:34.523144,0 days 00:01:23.301154,0.013397964822874198,80,3,4,128,0.10825275845416246,240,3,4,96,0.12067329134720745,32,4,3,80,0.13655419937511562,456,216.0,432.0,3,2,0.0008838350267634827,0.6,/work3/arnaou/checkpoints/groupgat_Omega_trial_2183_best_state.pt,"{'learning_rate': 0.0008838350267634827, 'lr_reduce': 0.6}",TPESampler,COMPLETE
2184,0.08583918958902359,2025-04-26 05:02:44.236070,2025-04-26 05:04:19.421455,0 days 00:01:35.185385,0.24206051842872156,64,4,4,32,0.10179814488542147,192,2,3,112,0.015750941169378807,112,1,4,80,0.15253849547055295,80,480.0,,2,2,0.0002847828030060202,0.6,/work3/arnaou/checkpoints/groupgat_Omega_trial_2184_best_state.pt,"{'learning_rate': 0.0002847828030060202, 'lr_reduce': 0.6}",TPESampler,COMPLETE
2185,0.06447494029998779,2025-04-26 05:03:02.410207,2025-04-26 05:04:00.568001,0 days 00:00:58.157794,0.0007914978394469724,256,2,1,96,0.0526291279649372,224,4,2,128,0.1307629482368261,32,3,1,96,0.20537923819210568,376,120.0,368.0,3,2,0.0015906979680172257,0.6,/work3/arnaou/checkpoints/groupgat_Omega_trial_2185_best_state.pt,"{'learning_rate': 0.0015906979680172257, 'lr_reduce': 0.6}",TPESampler,COMPLETE
2186,0.06160874664783478,2025-04-26 05:03:34.745142,2025-04-26 05:04:21.359237,0 days 00:00:46.614095,0.004097190190866941,256,1,1,80,0.12908484104868495,224,2,1,128,0.16628558914149097,32,2,2,80,0.28137507152967156,408,288.0,312.0,3,2,0.0012642154660189554,0.6,/work3/arnaou/checkpoints/groupgat_Omega_trial_2186_best_state.pt,"{'learning_rate': 0.0012642154660189554, 'lr_reduce': 0.6}",TPESampler,COMPLETE
2187,0.06135532632470131,2025-04-26 05:04:00.777595,2025-04-26 05:05:09.693846,0 days 00:01:08.916251,0.05095732261788427,256,2,1,32,0.11731723721299683,256,3,2,128,0.16986327614499977,32,2,1,80,0.21281035802159612,512,168.0,272.0,3,2,0.0004888181511306581,0.6,/work3/arnaou/checkpoints/groupgat_Omega_trial_2187_best_state.pt,"{'learning_rate': 0.0004888181511306581, 'lr_reduce': 0.6}",TPESampler,COMPLETE
2188,0.055519118905067444,2025-04-26 05:04:19.639483,2025-04-26 05:05:18.631587,0 days 00:00:58.992104,0.024076300240433744,256,2,1,112,0.1090648822609946,144,4,1,64,0.07106649376306691,48,3,2,112,0.15847522199474195,328,216.0,344.0,3,2,0.0005562681774915702,0.6,/work3/arnaou/checkpoints/groupgat_Omega_trial_2188_best_state.pt,"{'learning_rate': 0.0005562681774915702, 'lr_reduce': 0.6}",TPESampler,COMPLETE
2189,0.07273038476705551,2025-04-26 05:04:21.514471,2025-04-26 05:05:48.313950,0 days 00:01:26.799479,0.20707991478085103,144,1,1,80,0.15611936330770804,224,4,2,112,0.2792229603733753,112,4,3,128,0.26665683425866066,392,440.0,376.0,3,1,0.00106342975473091,0.6,/work3/arnaou/checkpoints/groupgat_Omega_trial_2189_best_state.pt,"{'learning_rate': 0.00106342975473091, 'lr_reduce': 0.6}",TPESampler,COMPLETE
2190,0.07831268012523651,2025-04-26 05:05:09.889584,2025-04-26 05:05:50.659641,0 days 00:00:40.770057,0.17902866193352607,224,2,1,96,0.254268379992984,256,4,3,32,0.002786188965668651,112,4,1,128,0.06696344500305608,296,104.0,,2,2,0.0018776719992681932,0.6,/work3/arnaou/checkpoints/groupgat_Omega_trial_2190_best_state.pt,"{'learning_rate': 0.0018776719992681932, 'lr_reduce': 0.6}",TPESampler,COMPLETE
2191,0.05699004605412483,2025-04-26 05:05:18.889233,2025-04-26 05:06:03.616971,0 days 00:00:44.727738,0.01830282457567408,240,1,2,80,0.08118997788084845,160,4,1,80,0.11493819571934327,48,3,3,64,0.20724715969095747,408,32.0,312.0,3,2,0.002344892423547116,0.6,/work3/arnaou/checkpoints/groupgat_Omega_trial_2191_best_state.pt,"{'learning_rate': 0.002344892423547116, 'lr_reduce': 0.6}",TPESampler,COMPLETE
2192,0.08226493746042252,2025-04-26 05:05:48.512102,2025-04-26 05:07:07.607351,0 days 00:01:19.095249,0.0001672237673901178,128,2,4,48,0.2410484393737692,64,2,1,48,0.2078095908532922,96,2,1,64,0.15737096032358233,408,248.0,192.0,3,1,0.005655353299919367,0.6,/work3/arnaou/checkpoints/groupgat_Omega_trial_2192_best_state.pt,"{'learning_rate': 0.005655353299919367, 'lr_reduce': 0.6}",TPESampler,COMPLETE
2193,0.08554020524024963,2025-04-26 05:05:50.819718,2025-04-26 05:06:57.997253,0 days 00:01:07.177535,0.16411999996787924,192,2,1,112,0.13577660937916866,176,4,2,80,0.25157413945440277,112,4,4,80,0.24933460990756523,440,304.0,272.0,3,1,0.003097799031093998,0.6,/work3/arnaou/checkpoints/groupgat_Omega_trial_2193_best_state.pt,"{'learning_rate': 0.003097799031093998, 'lr_reduce': 0.6}",TPESampler,COMPLETE
2194,0.09427914768457413,2025-04-26 05:06:03.808837,2025-04-26 05:07:02.756376,0 days 00:00:58.947539,0.17600655059742357,144,4,4,80,0.17778115758674246,192,1,1,112,0.034485633550305844,128,1,1,128,0.13373108166112815,184,152.0,,2,1,0.00019175753087631283,0.6,/work3/arnaou/checkpoints/groupgat_Omega_trial_2194_best_state.pt,"{'learning_rate': 0.00019175753087631283, 'lr_reduce': 0.6}",TPESampler,COMPLETE
2195,0.07961219549179077,2025-04-26 05:06:58.281722,2025-04-26 05:08:24.742798,0 days 00:01:26.461076,0.10600513783696738,192,3,3,48,0.23207190278012563,96,1,2,48,0.02085801606083809,128,1,2,112,0.03499187753899735,504,,,1,2,0.0003042148841916265,0.6,/work3/arnaou/checkpoints/groupgat_Omega_trial_2195_best_state.pt,"{'learning_rate': 0.0003042148841916265, 'lr_reduce': 0.6}",TPESampler,COMPLETE
2196,0.05857660993933678,2025-04-26 05:07:02.997465,2025-04-26 05:08:24.979934,0 days 00:01:21.982469,0.08740637291894993,256,2,1,48,0.12446318944819235,256,4,2,128,0.0604759113841148,32,3,1,80,0.25953890468332586,504,480.0,,2,2,0.0011453401057278554,0.6,/work3/arnaou/checkpoints/groupgat_Omega_trial_2196_best_state.pt,"{'learning_rate': 0.0011453401057278554, 'lr_reduce': 0.6}",TPESampler,COMPLETE
2197,0.059544485062360764,2025-04-26 05:07:07.832489,2025-04-26 05:08:51.071886,0 days 00:01:43.239397,0.1052715823303167,208,3,3,48,0.1441132169994806,192,4,2,32,0.27751531703276683,32,1,2,96,0.2939129033033554,480,192.0,,2,2,0.0004565768095078455,0.6,/work3/arnaou/checkpoints/groupgat_Omega_trial_2197_best_state.pt,"{'learning_rate': 0.0004565768095078455, 'lr_reduce': 0.6}",TPESampler,COMPLETE
2198,0.08988033980131149,2025-04-26 05:08:24.945976,2025-04-26 05:09:52.990381,0 days 00:01:28.044405,0.25207064809651475,144,3,1,112,0.18540993399530475,80,3,1,48,0.29223937049914445,96,2,1,80,0.25419924879282507,360,72.0,408.0,3,2,0.0002473474198405545,0.6,/work3/arnaou/checkpoints/groupgat_Omega_trial_2198_best_state.pt,"{'learning_rate': 0.0002473474198405545, 'lr_reduce': 0.6}",TPESampler,COMPLETE
