number,value,datetime_start,datetime_complete,duration,params_L1_dropout,params_L1_hidden_dim,params_L1_layers_atom,params_L1_layers_mol,params_L1_out_dim,params_L2_dropout,params_L2_hidden_dim,params_L2_layers_atom,params_L2_layers_mol,params_L2_out_dim,params_L3_dropout,params_L3_hidden_dim,params_L3_layers_atom,params_L3_layers_mol,params_L3_out_dim,params_final_dropout,params_mlp_dim_0,params_mlp_dim_1,params_mlp_dim_2,params_n_mlp_layers,params_num_heads,params_train_learning_rate,params_train_lr_reduce,user_attrs_best_state_dict_path,user_attrs_training_params,system_attrs_auto:sampler,state
1313,0.8613858819007874,2025-04-25 23:07:41.450518,2025-04-25 23:07:55.743649,0 days 00:00:14.293131,0.18239873790179878,80,3,3,128,0.03935780937964278,112,1,4,32,0.18530839522831044,32,4,3,112,0.2260093614401401,72,,,1,1,0.00017006932520006844,0.6,/work3/arnaou/checkpoints/groupgat_Omega_trial_1313_best_state.pt,"{'learning_rate': 0.00017006932520006844, 'lr_reduce': 0.6}",TPESampler,COMPLETE
1314,0.08891727030277252,2025-04-25 23:07:56.010108,2025-04-25 23:09:09.822787,0 days 00:01:13.812679,0.14697307290774628,256,2,1,96,0.18377368800957025,224,4,3,128,0.26440444958629106,32,4,3,64,0.21842990286212033,400,224.0,344.0,3,2,0.00040831137312381403,0.6,/work3/arnaou/checkpoints/groupgat_Omega_trial_1314_best_state.pt,"{'learning_rate': 0.00040831137312381403, 'lr_reduce': 0.6}",TPESampler,COMPLETE
1315,0.05163036286830902,2025-04-25 23:08:24.592915,2025-04-25 23:09:42.532184,0 days 00:01:17.939269,0.06512714093711877,240,1,2,128,0.09106418258977182,192,4,2,128,0.2945832121864092,32,4,4,48,0.1712567926543984,376,272.0,152.0,3,2,0.0005105606563538947,0.6,/work3/arnaou/checkpoints/groupgat_Omega_trial_1315_best_state.pt,"{'learning_rate': 0.0005105606563538947, 'lr_reduce': 0.6}",TPESampler,COMPLETE
1316,0.05790935829281807,2025-04-25 23:08:36.636818,2025-04-25 23:09:37.988056,0 days 00:01:01.351238,0.025256922652555674,208,1,1,48,0.10988391822840823,176,4,2,96,0.12984744529501135,64,4,3,80,0.27144275833751574,496,184.0,264.0,3,2,0.0016456642789810104,0.6,/work3/arnaou/checkpoints/groupgat_Omega_trial_1316_best_state.pt,"{'learning_rate': 0.0016456642789810104, 'lr_reduce': 0.6}",TPESampler,COMPLETE
1317,0.06082916259765625,2025-04-25 23:09:10.066011,2025-04-25 23:11:04.214524,0 days 00:01:54.148513,0.0912863114240904,224,1,1,32,0.15534196072026946,112,4,1,96,0.25012271085331783,32,4,2,128,0.2831632452849058,440,224.0,304.0,3,2,0.0005790775746836533,0.6,/work3/arnaou/checkpoints/groupgat_Omega_trial_1317_best_state.pt,"{'learning_rate': 0.0005790775746836533, 'lr_reduce': 0.6}",TPESampler,COMPLETE
1318,0.06897801160812378,2025-04-25 23:09:38.244188,2025-04-25 23:10:40.819084,0 days 00:01:02.574896,0.05982675071648365,176,2,2,64,0.12594206744863828,240,3,1,128,0.19741234401204708,112,2,2,96,0.24637265001040715,432,128.0,400.0,3,1,0.0011633705628809978,0.6,/work3/arnaou/checkpoints/groupgat_Omega_trial_1318_best_state.pt,"{'learning_rate': 0.0011633705628809978, 'lr_reduce': 0.6}",TPESampler,COMPLETE
1319,0.06010594591498375,2025-04-25 23:09:42.825099,2025-04-25 23:11:33.433703,0 days 00:01:50.608604,0.036800895499424835,240,1,2,80,0.20045193326074306,160,4,2,64,0.1524752082223383,64,3,2,112,0.21809113253123943,408,312.0,344.0,3,2,0.00019453035893065543,0.6,/work3/arnaou/checkpoints/groupgat_Omega_trial_1319_best_state.pt,"{'learning_rate': 0.00019453035893065543, 'lr_reduce': 0.6}",TPESampler,COMPLETE
1320,0.0556102879345417,2025-04-25 23:10:41.126340,2025-04-25 23:12:04.698167,0 days 00:01:23.571827,0.005415995450088534,224,3,2,64,0.02147543265836485,224,4,2,80,0.1840985831576225,48,4,2,80,0.26153577586834054,488,184.0,312.0,3,2,0.000445173085088128,0.6,/work3/arnaou/checkpoints/groupgat_Omega_trial_1320_best_state.pt,"{'learning_rate': 0.000445173085088128, 'lr_reduce': 0.6}",TPESampler,COMPLETE
1321,0.0540379174053669,2025-04-25 23:11:04.548723,2025-04-25 23:12:25.460172,0 days 00:01:20.911449,0.06521579365074587,112,1,1,48,0.11837547697457113,192,4,1,112,0.2372873138215721,48,3,2,80,0.14308039939392977,496,248.0,384.0,3,2,0.00039852647503421104,0.6,/work3/arnaou/checkpoints/groupgat_Omega_trial_1321_best_state.pt,"{'learning_rate': 0.00039852647503421104, 'lr_reduce': 0.6}",TPESampler,COMPLETE
1322,0.05249663442373276,2025-04-25 23:11:33.728746,2025-04-25 23:12:55.859234,0 days 00:01:22.130488,0.027713516370048603,256,1,1,32,0.1625721904200499,240,4,1,128,0.06057617171773644,96,2,2,128,0.2743424266672571,416,272.0,448.0,3,2,0.00032118660108848687,0.6,/work3/arnaou/checkpoints/groupgat_Omega_trial_1322_best_state.pt,"{'learning_rate': 0.00032118660108848687, 'lr_reduce': 0.6}",TPESampler,COMPLETE
1323,0.05896930769085884,2025-04-25 23:12:05.054808,2025-04-25 23:13:00.755843,0 days 00:00:55.701035,0.12869657552149896,256,1,1,96,0.14750443915820177,208,3,2,128,0.2457437456753868,32,3,3,96,0.2973919677224966,464,400.0,224.0,3,2,0.0010659236101269601,0.6,/work3/arnaou/checkpoints/groupgat_Omega_trial_1323_best_state.pt,"{'learning_rate': 0.0010659236101269601, 'lr_reduce': 0.6}",TPESampler,COMPLETE
1324,0.07736620306968689,2025-04-25 23:12:25.798406,2025-04-25 23:14:17.542593,0 days 00:01:51.744187,0.07302254853479147,256,2,2,48,0.06437790826680309,128,4,1,112,0.18375290406404537,48,3,4,112,0.16427829707345099,416,184.0,344.0,3,2,0.0001796974688711446,0.6,/work3/arnaou/checkpoints/groupgat_Omega_trial_1324_best_state.pt,"{'learning_rate': 0.0001796974688711446, 'lr_reduce': 0.6}",TPESampler,COMPLETE
1325,0.06392011791467667,2025-04-25 23:12:56.209838,2025-04-25 23:14:24.947929,0 days 00:01:28.738091,0.017936208807131267,256,1,1,32,0.10763621469682845,224,4,3,112,0.22640382799205389,64,2,2,96,0.2852098149761491,504,232.0,,2,2,0.00010957475363216776,0.6,/work3/arnaou/checkpoints/groupgat_Omega_trial_1325_best_state.pt,"{'learning_rate': 0.00010957475363216776, 'lr_reduce': 0.6}",TPESampler,COMPLETE
1326,0.0624283030629158,2025-04-25 23:13:01.092412,2025-04-25 23:14:34.145820,0 days 00:01:33.053408,0.11758747701283309,176,2,2,64,0.17010356274343164,144,4,1,112,0.21857074548897643,96,2,2,64,0.1467903971444972,376,128.0,,2,2,0.0004559882380628494,0.6,/work3/arnaou/checkpoints/groupgat_Omega_trial_1326_best_state.pt,"{'learning_rate': 0.0004559882380628494, 'lr_reduce': 0.6}",TPESampler,COMPLETE
1327,0.07005444169044495,2025-04-25 23:14:17.806235,2025-04-25 23:15:29.017214,0 days 00:01:11.210979,0.04494736734584599,256,3,1,96,0.02206644905852713,160,4,1,48,0.07199321157322035,64,4,3,64,0.16549797744082745,232,336.0,280.0,3,2,0.001150523371267519,0.6,/work3/arnaou/checkpoints/groupgat_Omega_trial_1327_best_state.pt,"{'learning_rate': 0.001150523371267519, 'lr_reduce': 0.6}",TPESampler,COMPLETE
1328,0.05442054197192192,2025-04-25 23:14:25.270118,2025-04-25 23:15:23.013695,0 days 00:00:57.743577,0.07192632044842462,256,1,1,112,0.09134403741050032,224,4,1,96,0.12197997461649276,96,4,3,80,0.2173863826660053,360,208.0,336.0,3,1,0.0007057853939546725,0.6,/work3/arnaou/checkpoints/groupgat_Omega_trial_1328_best_state.pt,"{'learning_rate': 0.0007057853939546725, 'lr_reduce': 0.6}",TPESampler,COMPLETE
1329,0.05617346987128258,2025-04-25 23:14:34.441052,2025-04-25 23:16:04.585701,0 days 00:01:30.144649,0.14002703971471442,240,1,2,48,0.15697389342283313,208,4,1,80,0.12005602531355128,80,1,2,64,0.1668234975716684,288,288.0,128.0,3,2,0.0006253730983309594,0.6,/work3/arnaou/checkpoints/groupgat_Omega_trial_1329_best_state.pt,"{'learning_rate': 0.0006253730983309594, 'lr_reduce': 0.6}",TPESampler,COMPLETE
1330,0.05840050056576729,2025-04-25 23:15:23.306330,2025-04-25 23:16:37.037618,0 days 00:01:13.731288,0.035573028669779856,240,1,2,48,0.06807652090136157,192,2,1,112,0.23774284196505446,80,3,4,48,0.29310651163159457,272,128.0,,2,2,0.000298425501804313,0.6,/work3/arnaou/checkpoints/groupgat_Omega_trial_1330_best_state.pt,"{'learning_rate': 0.000298425501804313, 'lr_reduce': 0.6}",TPESampler,COMPLETE
1331,0.05406242609024048,2025-04-25 23:15:29.429530,2025-04-25 23:16:30.182367,0 days 00:01:00.752837,0.017163535656317223,240,1,1,80,0.15518340014249965,64,4,2,64,0.20832067210960198,64,3,4,80,0.18120852545685326,496,264.0,384.0,3,2,0.0007773877865329107,0.6,/work3/arnaou/checkpoints/groupgat_Omega_trial_1331_best_state.pt,"{'learning_rate': 0.0007773877865329107, 'lr_reduce': 0.6}",TPESampler,COMPLETE
1332,0.058902740478515625,2025-04-25 23:16:04.911514,2025-04-25 23:17:18.091902,0 days 00:01:13.180388,0.028597548264816024,192,1,1,80,0.0862123189883067,224,4,2,112,0.2799582781884632,64,4,3,80,0.26720761038376156,504,184.0,296.0,3,1,0.0003133534829726553,0.6,/work3/arnaou/checkpoints/groupgat_Omega_trial_1332_best_state.pt,"{'learning_rate': 0.0003133534829726553, 'lr_reduce': 0.6}",TPESampler,COMPLETE
1333,0.05379478260874748,2025-04-25 23:16:30.472927,2025-04-25 23:18:20.856680,0 days 00:01:50.383753,0.03338624706333699,256,1,1,32,0.18399512589523917,192,4,2,128,0.218442161056966,96,2,2,112,0.2792226821828086,504,240.0,360.0,3,2,0.00036561888592710556,0.6,/work3/arnaou/checkpoints/groupgat_Omega_trial_1333_best_state.pt,"{'learning_rate': 0.00036561888592710556, 'lr_reduce': 0.6}",TPESampler,COMPLETE
1334,0.056470222771167755,2025-04-25 23:16:37.369251,2025-04-25 23:17:43.207013,0 days 00:01:05.837762,0.13063554029550123,176,2,1,48,0.22959652835726604,256,4,1,112,0.18537794192550333,48,2,2,128,0.2984402138676514,296,176.0,256.0,3,2,0.0004104952236649134,0.6,/work3/arnaou/checkpoints/groupgat_Omega_trial_1334_best_state.pt,"{'learning_rate': 0.0004104952236649134, 'lr_reduce': 0.6}",TPESampler,COMPLETE
1335,0.06172692030668259,2025-04-25 23:17:18.338841,2025-04-25 23:18:32.799837,0 days 00:01:14.460996,0.058597954463415605,208,1,1,96,0.017514632074113072,192,4,4,48,0.20566684866306623,32,3,4,96,0.1461079523643465,392,304.0,,2,2,0.001867712613742608,0.6,/work3/arnaou/checkpoints/groupgat_Omega_trial_1335_best_state.pt,"{'learning_rate': 0.001867712613742608, 'lr_reduce': 0.6}",TPESampler,COMPLETE
1336,0.060636043548583984,2025-04-25 23:17:43.533263,2025-04-25 23:20:13.801412,0 days 00:02:30.268149,0.0887569808332528,224,1,1,112,0.08622805379701376,176,4,1,80,0.1400254834737618,48,4,3,96,0.23528316945235733,424,224.0,312.0,3,2,0.00020433164986024977,0.6,/work3/arnaou/checkpoints/groupgat_Omega_trial_1336_best_state.pt,"{'learning_rate': 0.00020433164986024977, 'lr_reduce': 0.6}",TPESampler,COMPLETE
1337,0.06148146837949753,2025-04-25 23:18:21.297707,2025-04-25 23:19:48.946328,0 days 00:01:27.648621,0.13655858919582,240,1,1,32,0.010776993376300323,208,4,1,112,0.27952269293195514,48,3,4,96,0.2918596445273735,480,368.0,,2,2,0.00010643008613074497,0.6,/work3/arnaou/checkpoints/groupgat_Omega_trial_1337_best_state.pt,"{'learning_rate': 0.00010643008613074497, 'lr_reduce': 0.6}",TPESampler,COMPLETE
1338,0.06238005682826042,2025-04-25 23:18:33.132854,2025-04-25 23:19:56.150092,0 days 00:01:23.017238,0.13527422924344476,240,1,1,48,0.25616384430208533,240,4,1,96,0.29237595382365256,80,1,2,80,0.22764550494568395,488,128.0,424.0,3,1,0.001427263829791624,0.6,/work3/arnaou/checkpoints/groupgat_Omega_trial_1338_best_state.pt,"{'learning_rate': 0.001427263829791624, 'lr_reduce': 0.6}",TPESampler,COMPLETE
1339,0.05847826227545738,2025-04-25 23:19:49.201789,2025-04-25 23:21:02.436146,0 days 00:01:13.234357,0.02208131070315899,256,1,1,112,0.17763546951922543,208,4,2,96,0.16196290738964114,80,4,3,64,0.19267418769471714,304,264.0,360.0,3,2,0.00021703912602140805,0.6,/work3/arnaou/checkpoints/groupgat_Omega_trial_1339_best_state.pt,"{'learning_rate': 0.00021703912602140805, 'lr_reduce': 0.6}",TPESampler,COMPLETE
1340,0.05535291135311127,2025-04-25 23:19:56.580875,2025-04-25 23:21:15.384312,0 days 00:01:18.803437,0.14385489419314257,208,1,1,80,0.19473814561451586,224,4,2,128,0.16728924586890337,32,4,3,80,0.26605487648798704,480,424.0,312.0,3,2,0.0008697637602724837,0.6,/work3/arnaou/checkpoints/groupgat_Omega_trial_1340_best_state.pt,"{'learning_rate': 0.0008697637602724837, 'lr_reduce': 0.6}",TPESampler,COMPLETE
1341,0.05991585925221443,2025-04-25 23:20:14.161006,2025-04-25 23:21:46.369436,0 days 00:01:32.208430,0.056098362149552015,208,1,1,128,0.21860148703600993,176,4,1,128,0.2027759246377925,48,4,4,48,0.22778769032254764,496,208.0,192.0,3,2,0.00045421257374437125,0.6,/work3/arnaou/checkpoints/groupgat_Omega_trial_1341_best_state.pt,"{'learning_rate': 0.00045421257374437125, 'lr_reduce': 0.6}",TPESampler,COMPLETE
1342,0.054043371230363846,2025-04-25 23:21:02.744580,2025-04-25 23:22:09.670779,0 days 00:01:06.926199,0.052340476796040404,240,1,2,32,0.15266053837791616,176,4,1,128,0.21412551277808375,48,3,2,112,0.28082394005344097,400,240.0,128.0,3,1,0.0006093643336904098,0.6,/work3/arnaou/checkpoints/groupgat_Omega_trial_1342_best_state.pt,"{'learning_rate': 0.0006093643336904098, 'lr_reduce': 0.6}",TPESampler,COMPLETE
1343,0.07066909968852997,2025-04-25 23:21:15.716358,2025-04-25 23:22:20.201582,0 days 00:01:04.485224,0.15348724392096863,128,4,3,64,0.29161773385495726,176,3,1,112,0.027020625756023126,48,3,4,96,0.20919447878728104,264,168.0,384.0,3,2,0.0009669402482934273,0.6,/work3/arnaou/checkpoints/groupgat_Omega_trial_1343_best_state.pt,"{'learning_rate': 0.0009669402482934273, 'lr_reduce': 0.6}",TPESampler,COMPLETE
1344,0.05906518176198006,2025-04-25 23:21:46.708807,2025-04-25 23:23:06.050324,0 days 00:01:19.341517,0.029719451762159774,224,1,1,112,0.07617043772178303,208,3,3,80,0.24805880074540182,32,4,4,64,0.17461243135881038,416,304.0,272.0,3,2,0.0009791930273995188,0.6,/work3/arnaou/checkpoints/groupgat_Omega_trial_1344_best_state.pt,"{'learning_rate': 0.0009791930273995188, 'lr_reduce': 0.6}",TPESampler,COMPLETE
1345,0.05557329207658768,2025-04-25 23:22:09.991268,2025-04-25 23:23:26.820906,0 days 00:01:16.829638,0.038709286208850904,240,1,2,32,0.034680501810574346,144,3,1,112,0.2996766113427394,32,2,2,112,0.1289974791899942,360,128.0,328.0,3,2,0.0002644545238537626,0.6,/work3/arnaou/checkpoints/groupgat_Omega_trial_1345_best_state.pt,"{'learning_rate': 0.0002644545238537626, 'lr_reduce': 0.6}",TPESampler,COMPLETE
1346,0.05985430255532265,2025-04-25 23:22:20.652763,2025-04-25 23:23:46.725454,0 days 00:01:26.072691,0.05766254830408307,256,1,2,112,0.17483885879481273,176,4,2,64,0.08264832464737386,48,4,4,80,0.19012774485250375,304,208.0,352.0,3,2,0.0005114073696367725,0.6,/work3/arnaou/checkpoints/groupgat_Omega_trial_1346_best_state.pt,"{'learning_rate': 0.0005114073696367725, 'lr_reduce': 0.6}",TPESampler,COMPLETE
1347,0.06521359086036682,2025-04-25 23:23:06.340336,2025-04-25 23:24:23.301060,0 days 00:01:16.960724,0.066363294468149,128,2,3,32,0.19968940714320496,208,3,2,64,0.2839914681202655,32,2,1,96,0.20325253592613338,448,272.0,296.0,3,2,0.0016710546888406876,0.6,/work3/arnaou/checkpoints/groupgat_Omega_trial_1347_best_state.pt,"{'learning_rate': 0.0016710546888406876, 'lr_reduce': 0.6}",TPESampler,COMPLETE
1348,0.060993898659944534,2025-04-25 23:23:27.144373,2025-04-25 23:24:45.543452,0 days 00:01:18.399079,0.08112444076018281,224,1,1,48,0.04391527074998226,80,4,1,128,0.1953490951714237,80,3,2,80,0.08292997055617932,472,,,1,2,0.0004450918346685705,0.6,/work3/arnaou/checkpoints/groupgat_Omega_trial_1348_best_state.pt,"{'learning_rate': 0.0004450918346685705, 'lr_reduce': 0.6}",TPESampler,COMPLETE
1349,0.06073106825351715,2025-04-25 23:23:47.026500,2025-04-25 23:24:45.768866,0 days 00:00:58.742366,0.03571605097951308,256,2,1,64,0.22230064810250794,208,2,1,112,0.19628291347162277,48,1,1,32,0.1897257088239208,368,176.0,376.0,3,2,0.001557362546452846,0.6,/work3/arnaou/checkpoints/groupgat_Omega_trial_1349_best_state.pt,"{'learning_rate': 0.001557362546452846, 'lr_reduce': 0.6}",TPESampler,COMPLETE
1350,0.060017772018909454,2025-04-25 23:24:23.594594,2025-04-25 23:25:37.220831,0 days 00:01:13.626237,0.05309042345429277,256,2,2,32,0.12404015331667342,160,4,2,64,0.2459187224376681,32,2,2,96,0.29609892846821867,488,240.0,,2,1,0.000369836458600661,0.6,/work3/arnaou/checkpoints/groupgat_Omega_trial_1350_best_state.pt,"{'learning_rate': 0.000369836458600661, 'lr_reduce': 0.6}",TPESampler,COMPLETE
1351,0.18353743851184845,2025-04-25 23:24:45.802795,2025-04-25 23:25:56.279964,0 days 00:01:10.477169,0.11726164229339936,112,1,3,112,0.2970278395229182,224,3,2,80,0.013235684570697265,96,3,3,96,0.0821334076814867,392,344.0,,2,1,0.0002785622758501745,0.6,/work3/arnaou/checkpoints/groupgat_Omega_trial_1351_best_state.pt,"{'learning_rate': 0.0002785622758501745, 'lr_reduce': 0.6}",TPESampler,COMPLETE
1352,0.07078631967306137,2025-04-25 23:24:45.998140,2025-04-25 23:25:43.417072,0 days 00:00:57.418932,0.0685529203536289,96,4,2,112,0.2912680129797093,176,2,3,128,0.019281742996672208,112,3,3,80,0.1577996072659149,376,280.0,,2,1,0.002148791140851885,0.6,/work3/arnaou/checkpoints/groupgat_Omega_trial_1352_best_state.pt,"{'learning_rate': 0.002148791140851885, 'lr_reduce': 0.6}",TPESampler,COMPLETE
1353,0.46726566553115845,2025-04-25 23:25:37.520031,2025-04-25 23:26:04.202617,0 days 00:00:26.682586,0.00514326095981138,112,2,3,96,0.14942240825276007,192,1,2,48,0.007084119574873704,64,3,3,128,0.08455541137764676,408,208.0,,2,1,0.004499233526012442,0.6,/work3/arnaou/checkpoints/groupgat_Omega_trial_1353_best_state.pt,"{'learning_rate': 0.004499233526012442, 'lr_reduce': 0.6}",TPESampler,COMPLETE
1354,0.075640007853508,2025-04-25 23:25:43.672522,2025-04-25 23:27:37.010524,0 days 00:01:53.338002,0.29715840677151323,160,4,4,128,0.09334176041364081,224,3,3,48,0.21903473714488553,112,2,3,48,0.20618249632702979,320,136.0,328.0,3,2,0.00021909649932186443,0.6,/work3/arnaou/checkpoints/groupgat_Omega_trial_1354_best_state.pt,"{'learning_rate': 0.00021909649932186443, 'lr_reduce': 0.6}",TPESampler,COMPLETE
1355,0.09019524604082108,2025-04-25 23:25:56.650758,2025-04-25 23:27:01.221675,0 days 00:01:04.570917,0.05060512098975553,160,2,1,128,0.03433578422936459,160,4,2,96,0.12656805133578833,112,1,2,80,0.04202371835485055,168,,,1,1,0.005564683851590317,0.6,/work3/arnaou/checkpoints/groupgat_Omega_trial_1355_best_state.pt,"{'learning_rate': 0.005564683851590317, 'lr_reduce': 0.6}",TPESampler,COMPLETE
1356,0.0674985721707344,2025-04-25 23:26:04.472820,2025-04-25 23:27:01.199675,0 days 00:00:56.726855,0.2674995791043903,224,3,2,112,0.10384306555401968,256,1,2,112,0.2626177161798384,96,3,2,96,0.282319260900979,152,232.0,,2,1,0.000354782954458534,0.6,/work3/arnaou/checkpoints/groupgat_Omega_trial_1356_best_state.pt,"{'learning_rate': 0.000354782954458534, 'lr_reduce': 0.6}",TPESampler,COMPLETE
1357,0.09020634740591049,2025-04-25 23:27:01.367926,2025-04-25 23:28:13.311595,0 days 00:01:11.943669,0.031115335666968273,192,1,1,48,0.10521211565511282,176,4,3,96,0.12533831455955938,80,4,3,32,0.20259123176900257,416,288.0,248.0,3,1,0.0001916841210382131,0.6,/work3/arnaou/checkpoints/groupgat_Omega_trial_1357_best_state.pt,"{'learning_rate': 0.0001916841210382131, 'lr_reduce': 0.6}",TPESampler,COMPLETE
1358,0.05856558308005333,2025-04-25 23:27:01.431564,2025-04-25 23:28:25.420656,0 days 00:01:23.989092,0.013566746705372154,192,3,1,80,0.058642252871332644,224,4,3,112,0.20844226465978483,96,4,3,64,0.2681102840758805,440,168.0,256.0,3,2,0.0003586153280932003,0.6,/work3/arnaou/checkpoints/groupgat_Omega_trial_1358_best_state.pt,"{'learning_rate': 0.0003586153280932003, 'lr_reduce': 0.6}",TPESampler,COMPLETE
1359,0.05804065987467766,2025-04-25 23:27:37.278873,2025-04-25 23:28:48.751974,0 days 00:01:11.473101,0.01805709398733704,224,1,2,64,0.11439413146029785,176,3,1,128,0.29176047750230283,64,2,4,64,0.1892425116565936,488,120.0,,2,2,0.0006829645901850881,0.6,/work3/arnaou/checkpoints/groupgat_Omega_trial_1359_best_state.pt,"{'learning_rate': 0.0006829645901850881, 'lr_reduce': 0.6}",TPESampler,COMPLETE
1360,0.05341290310025215,2025-04-25 23:28:13.624927,2025-04-25 23:29:33.320851,0 days 00:01:19.695924,0.0625264812308315,240,1,2,32,0.15632860958303443,144,4,1,112,0.29958684335074903,96,3,4,64,0.22205675005637532,448,240.0,,2,2,0.00036899466940041686,0.6,/work3/arnaou/checkpoints/groupgat_Omega_trial_1360_best_state.pt,"{'learning_rate': 0.00036899466940041686, 'lr_reduce': 0.6}",TPESampler,COMPLETE
1361,0.07480741292238235,2025-04-25 23:28:25.677655,2025-04-25 23:29:39.844603,0 days 00:01:14.166948,0.0715897318232612,160,3,3,32,0.0804589125914963,128,4,2,48,0.272040717401749,48,2,1,64,0.2557855670814201,472,200.0,416.0,3,2,0.0017406852406999934,0.6,/work3/arnaou/checkpoints/groupgat_Omega_trial_1361_best_state.pt,"{'learning_rate': 0.0017406852406999934, 'lr_reduce': 0.6}",TPESampler,COMPLETE
1362,0.056219883263111115,2025-04-25 23:28:49.053644,2025-04-25 23:29:53.902241,0 days 00:01:04.848597,0.0015650295341951524,208,1,1,32,0.12536516375578943,224,3,1,128,0.2341890388396329,96,3,2,128,0.21692028925519563,368,256.0,336.0,3,2,0.0003771401596705341,0.6,/work3/arnaou/checkpoints/groupgat_Omega_trial_1362_best_state.pt,"{'learning_rate': 0.0003771401596705341, 'lr_reduce': 0.6}",TPESampler,COMPLETE
1363,0.061261601746082306,2025-04-25 23:29:33.567825,2025-04-25 23:31:22.901413,0 days 00:01:49.333588,0.012424262977486257,256,1,1,48,0.1647999903898448,160,3,2,48,0.17344827150859787,48,4,4,64,0.13196725485787306,416,296.0,128.0,3,2,0.00025994232706426547,0.6,/work3/arnaou/checkpoints/groupgat_Omega_trial_1363_best_state.pt,"{'learning_rate': 0.00025994232706426547, 'lr_reduce': 0.6}",TPESampler,COMPLETE
1364,0.0610089972615242,2025-04-25 23:29:40.112279,2025-04-25 23:30:21.307985,0 days 00:00:41.195706,0.09045453457514714,256,1,1,32,0.15517320489925415,208,2,2,128,0.2688129237584262,48,1,1,32,0.10376034559446708,384,184.0,376.0,3,2,0.0013435869003390146,0.6,/work3/arnaou/checkpoints/groupgat_Omega_trial_1364_best_state.pt,"{'learning_rate': 0.0013435869003390146, 'lr_reduce': 0.6}",TPESampler,COMPLETE
