number,value,datetime_start,datetime_complete,duration,params_L1_dropout,params_L1_hidden_dim,params_L1_layers_atom,params_L1_layers_mol,params_L1_out_dim,params_L2_dropout,params_L2_hidden_dim,params_L2_layers_atom,params_L2_layers_mol,params_L2_out_dim,params_L3_dropout,params_L3_hidden_dim,params_L3_layers_atom,params_L3_layers_mol,params_L3_out_dim,params_final_dropout,params_mlp_dim_0,params_mlp_dim_1,params_mlp_dim_2,params_n_mlp_layers,params_num_heads,params_train_learning_rate,params_train_lr_reduce,user_attrs_best_state_dict_path,user_attrs_training_params,system_attrs_auto:sampler,state
1833,0.05369948223233223,2025-04-26 02:45:55.676446,2025-04-26 02:47:04.048098,0 days 00:01:08.371652,0.007762825791561848,256,1,1,80,0.13992796082826225,144,3,1,48,0.16519534102695724,80,4,4,80,0.07974991862853677,512,232.0,376.0,3,2,0.00025306344096858157,0.6,/work3/arnaou/checkpoints/groupgat_Omega_trial_1833_best_state.pt,"{'learning_rate': 0.00025306344096858157, 'lr_reduce': 0.6}",TPESampler,COMPLETE
1834,0.05277267098426819,2025-04-26 02:46:17.097401,2025-04-26 02:47:18.214275,0 days 00:01:01.116874,0.011095860394618316,192,1,1,32,0.11524491963555902,224,4,2,112,0.11300120464160761,32,1,2,48,0.25089700051878927,512,96.0,288.0,3,2,0.0008654700302789055,0.6,/work3/arnaou/checkpoints/groupgat_Omega_trial_1834_best_state.pt,"{'learning_rate': 0.0008654700302789055, 'lr_reduce': 0.6}",TPESampler,COMPLETE
1835,0.08045724034309387,2025-04-26 02:46:44.724412,2025-04-26 02:48:00.269817,0 days 00:01:15.545405,0.08209869773840801,144,4,2,96,0.23164293437337638,96,3,3,96,0.09231576803391303,32,4,4,112,0.2230701250702588,456,160.0,,2,1,0.0009205016760128582,0.6,/work3/arnaou/checkpoints/groupgat_Omega_trial_1835_best_state.pt,"{'learning_rate': 0.0009205016760128582, 'lr_reduce': 0.6}",TPESampler,COMPLETE
1836,0.08084254711866379,2025-04-26 02:47:04.274906,2025-04-26 02:47:50.137956,0 days 00:00:45.863050,0.03827645589940108,256,2,2,32,0.05597327269104347,256,4,1,112,0.2978860487341337,48,2,1,32,0.22567123544912185,392,184.0,328.0,3,2,0.0016380306575579618,0.6,/work3/arnaou/checkpoints/groupgat_Omega_trial_1836_best_state.pt,"{'learning_rate': 0.0016380306575579618, 'lr_reduce': 0.6}",TPESampler,COMPLETE
1837,0.06432514637708664,2025-04-26 02:47:18.463986,2025-04-26 02:48:27.043300,0 days 00:01:08.579314,0.18419931344593288,160,1,2,96,0.22976306011550318,112,4,1,112,0.28567448161045383,80,4,4,64,0.2937662968730236,496,104.0,384.0,3,1,0.0015474131587577408,0.6,/work3/arnaou/checkpoints/groupgat_Omega_trial_1837_best_state.pt,"{'learning_rate': 0.0015474131587577408, 'lr_reduce': 0.6}",TPESampler,COMPLETE
1838,0.06031113862991333,2025-04-26 02:47:50.419602,2025-04-26 02:48:38.370282,0 days 00:00:47.950680,0.08673374787850938,192,1,2,32,0.2152461949034065,240,4,3,80,0.2790199519285139,32,2,3,48,0.20278937324137347,472,232.0,288.0,3,2,0.002003057435207827,0.6,/work3/arnaou/checkpoints/groupgat_Omega_trial_1838_best_state.pt,"{'learning_rate': 0.002003057435207827, 'lr_reduce': 0.6}",TPESampler,COMPLETE
1839,0.06715609133243561,2025-04-26 02:48:00.503391,2025-04-26 02:49:50.581371,0 days 00:01:50.077980,0.10514058002795529,240,2,1,64,0.2380795720968159,240,3,3,128,0.285513776363896,48,1,3,48,0.2335241152733494,272,192.0,344.0,3,2,0.0008826167920701402,0.6,/work3/arnaou/checkpoints/groupgat_Omega_trial_1839_best_state.pt,"{'learning_rate': 0.0008826167920701402, 'lr_reduce': 0.6}",TPESampler,COMPLETE
1840,0.1341441422700882,2025-04-26 02:48:27.316486,2025-04-26 02:49:38.593202,0 days 00:01:11.276716,0.23810889265703275,240,1,2,96,0.22706846099294953,160,4,1,112,0.20264809007187007,96,4,4,96,0.20554989405550295,448,56.0,320.0,3,1,0.00024019381782756967,0.6,/work3/arnaou/checkpoints/groupgat_Omega_trial_1840_best_state.pt,"{'learning_rate': 0.00024019381782756967, 'lr_reduce': 0.6}",TPESampler,COMPLETE
1841,0.05896058306097984,2025-04-26 02:48:38.593218,2025-04-26 02:49:52.768190,0 days 00:01:14.174972,0.005741116543988742,256,2,1,48,0.19764305474992327,208,4,1,128,0.034211639630675895,48,4,1,112,0.2741589333257227,448,128.0,272.0,3,2,0.0002470488235217285,0.6,/work3/arnaou/checkpoints/groupgat_Omega_trial_1841_best_state.pt,"{'learning_rate': 0.0002470488235217285, 'lr_reduce': 0.6}",TPESampler,COMPLETE
1842,0.06408122926950455,2025-04-26 02:49:38.925028,2025-04-26 02:50:47.521451,0 days 00:01:08.596423,0.18793938917298023,192,2,1,80,0.05444840953364323,112,3,2,128,0.27808581607023086,80,4,4,80,0.23713004830565323,432,240.0,384.0,3,1,0.001115287980788461,0.6,/work3/arnaou/checkpoints/groupgat_Omega_trial_1842_best_state.pt,"{'learning_rate': 0.001115287980788461, 'lr_reduce': 0.6}",TPESampler,COMPLETE
1843,0.0574028305709362,2025-04-26 02:49:50.818372,2025-04-26 02:50:57.012816,0 days 00:01:06.194444,0.011031726008371295,192,1,2,32,0.22767198029975533,160,4,3,80,0.2533188580796102,48,1,1,48,0.24092258875523467,512,184.0,336.0,3,2,0.0007958666313431167,0.6,/work3/arnaou/checkpoints/groupgat_Omega_trial_1843_best_state.pt,"{'learning_rate': 0.0007958666313431167, 'lr_reduce': 0.6}",TPESampler,COMPLETE
1844,0.05875514820218086,2025-04-26 02:49:53.023161,2025-04-26 02:51:05.414225,0 days 00:01:12.391064,0.297857441358501,192,1,4,80,0.14127718690748015,176,1,3,128,0.1165866792039929,32,2,3,32,0.1785825431087001,384,232.0,512.0,3,2,0.0008733086593002988,0.6,/work3/arnaou/checkpoints/groupgat_Omega_trial_1844_best_state.pt,"{'learning_rate': 0.0008733086593002988, 'lr_reduce': 0.6}",TPESampler,COMPLETE
1845,0.06978056579828262,2025-04-26 02:50:47.779072,2025-04-26 02:51:57.628953,0 days 00:01:09.849881,0.22622050885355127,224,1,4,32,0.24365654196977415,192,2,3,48,0.002290962728876439,32,1,4,48,0.060110701203330966,208,96.0,,2,1,0.0005329881727679334,0.6,/work3/arnaou/checkpoints/groupgat_Omega_trial_1845_best_state.pt,"{'learning_rate': 0.0005329881727679334, 'lr_reduce': 0.6}",TPESampler,COMPLETE
1846,0.06392456591129303,2025-04-26 02:50:57.325662,2025-04-26 02:52:09.030109,0 days 00:01:11.704447,0.04776209082185774,256,2,2,96,0.015320418984855144,192,1,1,32,0.18077840367798936,112,2,4,96,0.26864681914711697,176,160.0,288.0,3,2,0.00014721151247957748,0.6,/work3/arnaou/checkpoints/groupgat_Omega_trial_1846_best_state.pt,"{'learning_rate': 0.00014721151247957748, 'lr_reduce': 0.6}",TPESampler,COMPLETE
1847,0.06856504827737808,2025-04-26 02:51:05.746700,2025-04-26 02:52:00.653942,0 days 00:00:54.907242,0.2040200482414671,112,1,4,80,0.24723163750507016,96,2,1,64,0.1964151896735094,64,2,3,64,0.06551286979607025,176,,,1,1,0.0009294828637387986,0.6,/work3/arnaou/checkpoints/groupgat_Omega_trial_1847_best_state.pt,"{'learning_rate': 0.0009294828637387986, 'lr_reduce': 0.6}",TPESampler,COMPLETE
1848,0.06555412709712982,2025-04-26 02:51:57.880060,2025-04-26 02:53:09.246247,0 days 00:01:11.366187,0.29378573857311696,112,1,1,128,0.06478674889406062,112,3,4,128,0.08622909368653343,32,4,2,80,0.044323552234460495,344,,,1,2,0.001485038699239566,0.6,/work3/arnaou/checkpoints/groupgat_Omega_trial_1848_best_state.pt,"{'learning_rate': 0.001485038699239566, 'lr_reduce': 0.6}",TPESampler,COMPLETE
1849,0.06499847024679184,2025-04-26 02:52:00.892673,2025-04-26 02:53:05.367996,0 days 00:01:04.475323,0.03382635130147379,208,1,2,48,0.05850136607924662,192,4,3,112,0.22600711259072337,32,4,4,96,0.2407862420148531,456,208.0,352.0,3,2,0.001760699892849414,0.6,/work3/arnaou/checkpoints/groupgat_Omega_trial_1849_best_state.pt,"{'learning_rate': 0.001760699892849414, 'lr_reduce': 0.6}",TPESampler,COMPLETE
1850,0.05272538214921951,2025-04-26 02:52:09.491485,2025-04-26 02:53:09.122686,0 days 00:00:59.631201,0.0012608789919674734,224,3,4,80,0.022824518195470517,96,1,3,128,0.18154110445978802,96,4,2,48,0.29421684868075204,232,32.0,320.0,3,1,0.00024788869320929594,0.6,/work3/arnaou/checkpoints/groupgat_Omega_trial_1850_best_state.pt,"{'learning_rate': 0.00024788869320929594, 'lr_reduce': 0.6}",TPESampler,COMPLETE
1851,0.08092514425516129,2025-04-26 02:53:05.604405,2025-04-26 02:54:12.209434,0 days 00:01:06.605029,0.05272590060051578,96,4,4,80,0.25585675520552803,208,4,1,80,0.28965313979831464,48,4,3,48,0.23779259396308006,88,,,1,1,0.008033323749775171,0.6,/work3/arnaou/checkpoints/groupgat_Omega_trial_1851_best_state.pt,"{'learning_rate': 0.008033323749775171, 'lr_reduce': 0.6}",TPESampler,COMPLETE
1852,0.17686684429645538,2025-04-26 02:53:09.316926,2025-04-26 02:54:26.167472,0 days 00:01:16.850546,0.11403636597257255,96,3,2,112,0.11971657478306894,96,4,2,112,0.026978041610841524,48,3,1,96,0.010136388125694895,48,120.0,392.0,3,1,0.00035134223852182055,0.6,/work3/arnaou/checkpoints/groupgat_Omega_trial_1852_best_state.pt,"{'learning_rate': 0.00035134223852182055, 'lr_reduce': 0.6}",TPESampler,COMPLETE
1853,0.059932563453912735,2025-04-26 02:53:09.412988,2025-04-26 02:54:02.203178,0 days 00:00:52.790190,0.04983638340455562,240,1,2,32,0.29713943146073396,192,4,1,64,0.23693563353260444,96,1,1,80,0.22884577148619056,512,240.0,272.0,3,2,0.0007099333070300413,0.6,/work3/arnaou/checkpoints/groupgat_Omega_trial_1853_best_state.pt,"{'learning_rate': 0.0007099333070300413, 'lr_reduce': 0.6}",TPESampler,COMPLETE
1854,0.08791887760162354,2025-04-26 02:54:02.451507,2025-04-26 02:54:44.204544,0 days 00:00:41.753037,0.06882972262031385,192,2,4,96,0.24912468692992762,128,4,2,128,0.18182205602783372,48,2,2,112,0.00015662890197881696,416,,,1,1,0.0016692677288359995,0.6,/work3/arnaou/checkpoints/groupgat_Omega_trial_1854_best_state.pt,"{'learning_rate': 0.0016692677288359995, 'lr_reduce': 0.6}",TPESampler,COMPLETE
1855,0.08345101028680801,2025-04-26 02:54:12.498095,2025-04-26 02:55:29.642493,0 days 00:01:17.144398,0.11990545620401147,256,1,1,48,0.1280817078766484,192,4,2,128,0.07463114362657813,32,3,1,112,0.20038257119048364,488,160.0,336.0,3,2,0.0002580260733809321,0.6,/work3/arnaou/checkpoints/groupgat_Omega_trial_1855_best_state.pt,"{'learning_rate': 0.0002580260733809321, 'lr_reduce': 0.6}",TPESampler,COMPLETE
1856,0.08318505436182022,2025-04-26 02:54:26.409177,2025-04-26 02:56:04.634004,0 days 00:01:38.224827,0.1525949914129276,96,2,3,80,0.2245874409458305,144,4,1,128,0.09455008167249453,32,4,2,128,0.0010004695048881629,208,,,1,2,0.00024939663867098625,0.6,/work3/arnaou/checkpoints/groupgat_Omega_trial_1856_best_state.pt,"{'learning_rate': 0.00024939663867098625, 'lr_reduce': 0.6}",TPESampler,COMPLETE
1857,0.08592448383569717,2025-04-26 02:54:44.411888,2025-04-26 02:55:22.691944,0 days 00:00:38.280056,0.0250646077307784,144,3,3,32,0.03820010731297242,128,1,2,64,0.019846068785388277,112,2,3,64,0.058767675247699686,480,72.0,392.0,3,2,0.004507733927348336,0.6,/work3/arnaou/checkpoints/groupgat_Omega_trial_1857_best_state.pt,"{'learning_rate': 0.004507733927348336, 'lr_reduce': 0.6}",TPESampler,COMPLETE
1858,0.06076313555240631,2025-04-26 02:55:22.970343,2025-04-26 02:55:56.840869,0 days 00:00:33.870526,0.033940836166639884,208,1,1,96,0.2174492469958312,192,3,1,128,0.21775320291496536,96,4,4,112,0.21039818090181867,384,184.0,296.0,3,1,0.001816830355690536,0.6,/work3/arnaou/checkpoints/groupgat_Omega_trial_1858_best_state.pt,"{'learning_rate': 0.001816830355690536, 'lr_reduce': 0.6}",TPESampler,COMPLETE
1859,0.08934251219034195,2025-04-26 02:55:29.869239,2025-04-26 02:56:32.929603,0 days 00:01:03.060364,0.21858017893775544,192,2,4,64,0.24204332188160432,256,2,2,80,0.2304528179505552,64,3,2,64,0.2556792834473642,416,,,1,1,0.0002946388763816908,0.6,/work3/arnaou/checkpoints/groupgat_Omega_trial_1859_best_state.pt,"{'learning_rate': 0.0002946388763816908, 'lr_reduce': 0.6}",TPESampler,COMPLETE
1860,0.05154356732964516,2025-04-26 02:55:57.104999,2025-04-26 02:57:20.727908,0 days 00:01:23.622909,0.020749181062906002,256,1,1,48,0.14895535592383996,224,4,1,112,0.11642176682701816,48,3,1,80,0.26852853391384096,496,232.0,352.0,3,2,0.00019924351353770288,0.6,/work3/arnaou/checkpoints/groupgat_Omega_trial_1860_best_state.pt,"{'learning_rate': 0.00019924351353770288, 'lr_reduce': 0.6}",TPESampler,COMPLETE
1861,0.07495702803134918,2025-04-26 02:56:05.138678,2025-04-26 02:57:25.852470,0 days 00:01:20.713792,0.08432854271890408,208,1,1,96,0.178639216389814,160,4,1,96,0.2513227075743685,80,4,4,96,0.24494974673426229,424,112.0,320.0,3,1,0.00047728196350559044,0.6,/work3/arnaou/checkpoints/groupgat_Omega_trial_1861_best_state.pt,"{'learning_rate': 0.00047728196350559044, 'lr_reduce': 0.6}",TPESampler,COMPLETE
1862,0.8889240622520447,2025-04-26 02:56:33.209538,2025-04-26 02:56:52.051653,0 days 00:00:18.842115,0.15672338425327278,128,4,4,96,0.19771463979240536,160,4,3,80,0.021767206700856107,128,2,3,112,0.07208478870337988,56,200.0,280.0,3,2,0.0002748722284416112,0.6,/work3/arnaou/checkpoints/groupgat_Omega_trial_1862_best_state.pt,"{'learning_rate': 0.0002748722284416112, 'lr_reduce': 0.6}",TPESampler,COMPLETE
1863,0.05293716490268707,2025-04-26 02:56:52.381631,2025-04-26 02:57:56.138850,0 days 00:01:03.757219,0.014062555670213047,256,1,1,32,0.2026098225717558,240,4,1,112,0.08691610366774627,32,2,2,64,0.228070891720946,448,152.0,,2,1,0.00029732771111404277,0.6,/work3/arnaou/checkpoints/groupgat_Omega_trial_1863_best_state.pt,"{'learning_rate': 0.00029732771111404277, 'lr_reduce': 0.6}",TPESampler,COMPLETE
1864,0.06471020728349686,2025-04-26 02:57:20.961370,2025-04-26 02:58:21.647313,0 days 00:01:00.685943,0.16081758278339953,160,3,2,32,0.05742126805681372,256,1,4,112,0.1139616998400296,32,2,3,64,0.07584032610241725,296,248.0,360.0,3,2,0.001196357398719998,0.6,/work3/arnaou/checkpoints/groupgat_Omega_trial_1864_best_state.pt,"{'learning_rate': 0.001196357398719998, 'lr_reduce': 0.6}",TPESampler,COMPLETE
1865,0.06411109864711761,2025-04-26 02:57:26.154726,2025-04-26 02:59:00.135922,0 days 00:01:33.981196,0.2754276443314795,96,4,2,128,0.1850379500977642,208,2,2,96,0.021001594393111056,48,4,4,32,0.25209050435338176,456,72.0,,2,2,0.0004391133986309177,0.6,/work3/arnaou/checkpoints/groupgat_Omega_trial_1865_best_state.pt,"{'learning_rate': 0.0004391133986309177, 'lr_reduce': 0.6}",TPESampler,COMPLETE
1866,0.0662289708852768,2025-04-26 02:57:56.456670,2025-04-26 02:59:05.768866,0 days 00:01:09.312196,0.10894654128057377,224,1,1,80,0.12755812794547652,176,3,2,128,0.20199998734254695,112,3,4,80,0.18140435780397302,512,216.0,400.0,3,1,0.00018526831614251827,0.6,/work3/arnaou/checkpoints/groupgat_Omega_trial_1866_best_state.pt,"{'learning_rate': 0.00018526831614251827, 'lr_reduce': 0.6}",TPESampler,COMPLETE
1867,0.056978266686201096,2025-04-26 02:58:21.940370,2025-04-26 02:59:28.587638,0 days 00:01:06.647268,0.05007140748301417,208,1,3,48,0.10995013926070521,208,4,3,128,0.17770108434248041,32,1,2,64,0.20544802894451097,488,104.0,312.0,3,2,0.0007486260194689377,0.6,/work3/arnaou/checkpoints/groupgat_Omega_trial_1867_best_state.pt,"{'learning_rate': 0.0007486260194689377, 'lr_reduce': 0.6}",TPESampler,COMPLETE
1868,0.7811384201049805,2025-04-26 02:59:00.463087,2025-04-26 02:59:15.173558,0 days 00:00:14.710471,0.1473834944387212,160,4,2,112,0.07526685169446913,256,1,3,32,0.1172185123384873,112,2,4,32,0.1514401231655408,408,,,1,2,0.0018032852792721303,0.6,/work3/arnaou/checkpoints/groupgat_Omega_trial_1868_best_state.pt,"{'learning_rate': 0.0018032852792721303, 'lr_reduce': 0.6}",TPESampler,COMPLETE
1869,0.06456528604030609,2025-04-26 02:59:06.007329,2025-04-26 02:59:54.868340,0 days 00:00:48.861011,0.1245939822022039,224,1,1,80,0.09414386936821413,176,4,2,112,0.21753509527521997,112,4,3,96,0.1982147619464869,504,144.0,256.0,3,1,0.0009840974696184836,0.6,/work3/arnaou/checkpoints/groupgat_Omega_trial_1869_best_state.pt,"{'learning_rate': 0.0009840974696184836, 'lr_reduce': 0.6}",TPESampler,COMPLETE
1870,0.8893788456916809,2025-04-26 02:59:15.424644,2025-04-26 02:59:29.825299,0 days 00:00:14.400655,0.11440251278319152,96,3,2,64,0.18183763132591912,144,3,4,112,0.2555401213009157,80,2,4,80,0.03295467774170259,424,192.0,352.0,3,1,0.00011430108413149333,0.6,/work3/arnaou/checkpoints/groupgat_Omega_trial_1870_best_state.pt,"{'learning_rate': 0.00011430108413149333, 'lr_reduce': 0.6}",TPESampler,COMPLETE
1871,0.09609150886535645,2025-04-26 02:59:28.865369,2025-04-26 03:01:34.053095,0 days 00:02:05.187726,0.1363961011919348,112,1,4,80,0.23275262810182112,176,1,3,64,0.16107573317775423,48,3,3,32,0.17837736350066152,72,240.0,312.0,3,2,0.0004974858088915363,0.6,/work3/arnaou/checkpoints/groupgat_Omega_trial_1871_best_state.pt,"{'learning_rate': 0.0004974858088915363, 'lr_reduce': 0.6}",TPESampler,COMPLETE
1872,0.07466313987970352,2025-04-26 02:59:30.075059,2025-04-26 03:00:26.996450,0 days 00:00:56.921391,0.27905805210879564,80,1,4,64,0.13197301398334918,64,3,2,128,0.042461917174052025,112,2,3,48,0.20717486957171272,240,64.0,,2,1,0.00434100938820516,0.6,/work3/arnaou/checkpoints/groupgat_Omega_trial_1872_best_state.pt,"{'learning_rate': 0.00434100938820516, 'lr_reduce': 0.6}",TPESampler,COMPLETE
1873,0.07983656227588654,2025-04-26 02:59:55.145033,2025-04-26 03:01:01.435449,0 days 00:01:06.290416,0.09918741192623881,176,2,1,80,0.11107811994031577,160,4,1,112,0.20901333693505675,96,3,4,112,0.2968589483666959,504,184.0,408.0,3,1,0.00043145755455911575,0.6,/work3/arnaou/checkpoints/groupgat_Omega_trial_1873_best_state.pt,"{'learning_rate': 0.00043145755455911575, 'lr_reduce': 0.6}",TPESampler,COMPLETE
1874,0.055906787514686584,2025-04-26 03:00:27.276111,2025-04-26 03:01:25.382620,0 days 00:00:58.106509,0.02751931066178676,240,1,1,48,0.10393762928039357,224,4,2,80,0.24200952673970094,80,4,3,64,0.28917458197135787,472,248.0,,2,1,0.0011680172767212667,0.6,/work3/arnaou/checkpoints/groupgat_Omega_trial_1874_best_state.pt,"{'learning_rate': 0.0011680172767212667, 'lr_reduce': 0.6}",TPESampler,COMPLETE
1875,0.06338689476251602,2025-04-26 03:01:01.709760,2025-04-26 03:02:35.110804,0 days 00:01:33.401044,0.005167796843560436,192,1,2,48,0.009222267612569633,96,3,1,128,0.042762323608923264,96,4,3,112,0.07299756771752253,352,,,1,2,0.00015254369671839518,0.6,/work3/arnaou/checkpoints/groupgat_Omega_trial_1875_best_state.pt,"{'learning_rate': 0.00015254369671839518, 'lr_reduce': 0.6}",TPESampler,COMPLETE
1876,0.05868597328662872,2025-04-26 03:01:26.105807,2025-04-26 03:02:29.638609,0 days 00:01:03.532802,0.006686802040295545,224,1,1,32,0.14203486243496716,256,4,2,128,0.12741989482610483,32,3,1,96,0.2980306278892582,384,128.0,360.0,3,1,0.00016233961049394926,0.6,/work3/arnaou/checkpoints/groupgat_Omega_trial_1876_best_state.pt,"{'learning_rate': 0.00016233961049394926, 'lr_reduce': 0.6}",TPESampler,COMPLETE
1877,0.08640461415052414,2025-04-26 03:01:34.415512,2025-04-26 03:02:59.340749,0 days 00:01:24.925237,0.18960580690017687,144,4,1,128,0.1543693713052354,256,3,2,128,0.16078701719163507,48,2,2,96,0.014938813402610163,80,,,1,2,0.00010728968899777602,0.6,/work3/arnaou/checkpoints/groupgat_Omega_trial_1877_best_state.pt,"{'learning_rate': 0.00010728968899777602, 'lr_reduce': 0.6}",TPESampler,COMPLETE
1878,0.059716276824474335,2025-04-26 03:02:29.956051,2025-04-26 03:03:53.476088,0 days 00:01:23.520037,0.00705762107428118,240,1,2,32,0.18935807028677032,160,3,2,112,0.19490333438873342,64,2,2,64,0.21547159233132782,400,256.0,272.0,3,2,0.00028471272403430496,0.6,/work3/arnaou/checkpoints/groupgat_Omega_trial_1878_best_state.pt,"{'learning_rate': 0.00028471272403430496, 'lr_reduce': 0.6}",TPESampler,COMPLETE
1879,0.05992432311177254,2025-04-26 03:02:35.403606,2025-04-26 03:03:50.280366,0 days 00:01:14.876760,0.01925368030846184,240,1,1,32,0.1615146147420598,208,3,1,80,0.02225030260225845,32,3,2,80,0.253316124041387,344,200.0,,2,2,0.00033094059412702427,0.6,/work3/arnaou/checkpoints/groupgat_Omega_trial_1879_best_state.pt,"{'learning_rate': 0.00033094059412702427, 'lr_reduce': 0.6}",TPESampler,COMPLETE
1880,0.053800396621227264,2025-04-26 03:02:59.724217,2025-04-26 03:03:48.700092,0 days 00:00:48.975875,0.014528381841747127,240,1,1,48,0.24368802960155528,256,3,2,128,0.05284476209456675,32,3,1,80,0.18093719188137414,408,96.0,312.0,3,2,0.000927363951983427,0.6,/work3/arnaou/checkpoints/groupgat_Omega_trial_1880_best_state.pt,"{'learning_rate': 0.000927363951983427, 'lr_reduce': 0.6}",TPESampler,COMPLETE
1881,0.11953053623437881,2025-04-26 03:03:48.936169,2025-04-26 03:04:46.783134,0 days 00:00:57.846965,0.05595868399316646,96,1,4,112,0.2981651359962034,112,1,1,32,0.1428475298460916,112,1,3,32,0.026839825138165727,392,32.0,360.0,3,1,0.00033200805943249415,0.6,/work3/arnaou/checkpoints/groupgat_Omega_trial_1881_best_state.pt,"{'learning_rate': 0.00033200805943249415, 'lr_reduce': 0.6}",TPESampler,COMPLETE
1882,0.05472574755549431,2025-04-26 03:03:50.478881,2025-04-26 03:05:00.747476,0 days 00:01:10.268595,0.03260235903508453,160,1,3,32,0.08625222520634976,192,3,1,112,0.27158508743101234,32,3,2,80,0.18587752716217615,480,144.0,,2,2,0.0006690478140995347,0.6,/work3/arnaou/checkpoints/groupgat_Omega_trial_1882_best_state.pt,"{'learning_rate': 0.0006690478140995347, 'lr_reduce': 0.6}",TPESampler,COMPLETE
1883,0.23174746334552765,2025-04-26 03:03:53.704652,2025-04-26 03:05:26.995739,0 days 00:01:33.291087,0.28507725252905625,256,3,2,64,0.27544866687727126,176,2,3,48,0.22902777246126865,48,1,4,128,0.2236980299366189,416,,,1,1,0.0068546299770639516,0.6,/work3/arnaou/checkpoints/groupgat_Omega_trial_1883_best_state.pt,"{'learning_rate': 0.0068546299770639516, 'lr_reduce': 0.6}",TPESampler,COMPLETE
1884,0.1094105914235115,2025-04-26 03:04:47.030750,2025-04-26 03:05:49.969749,0 days 00:01:02.938999,0.27122665398626994,192,2,4,32,0.2597267647897107,208,1,3,112,0.12139804018898785,112,4,3,112,0.22149098518493376,72,208.0,320.0,3,1,0.00034532960249100144,0.6,/work3/arnaou/checkpoints/groupgat_Omega_trial_1884_best_state.pt,"{'learning_rate': 0.00034532960249100144, 'lr_reduce': 0.6}",TPESampler,COMPLETE
