number,value,datetime_start,datetime_complete,duration,params_L1_dropout,params_L1_hidden_dim,params_L1_layers_atom,params_L1_layers_mol,params_L1_out_dim,params_L2_dropout,params_L2_hidden_dim,params_L2_layers_atom,params_L2_layers_mol,params_L2_out_dim,params_L3_dropout,params_L3_hidden_dim,params_L3_layers_atom,params_L3_layers_mol,params_L3_out_dim,params_final_dropout,params_mlp_dim_0,params_mlp_dim_1,params_mlp_dim_2,params_n_mlp_layers,params_num_heads,params_train_learning_rate,params_train_lr_reduce,user_attrs_best_state_dict_path,user_attrs_training_params,system_attrs_auto:sampler,state
316,0.06276015192270279,2025-04-25 16:04:51.644088,2025-04-25 16:06:21.116436,0 days 00:01:29.472348,0.13061686144025128,176,2,2,64,0.06108113765136296,208,4,3,96,0.2590137370095161,32,3,2,48,0.23916890284298692,416,320.0,192.0,3,2,0.0006576476087153304,0.6,/work3/arnaou/checkpoints/groupgat_Omega_trial_316_best_state.pt,"{'learning_rate': 0.0006576476087153304, 'lr_reduce': 0.6}",TPESampler,COMPLETE
317,0.056728627532720566,2025-04-25 16:05:34.770442,2025-04-25 16:06:50.850630,0 days 00:01:16.080188,0.00435376150954209,208,1,1,80,0.12621911645067113,64,2,2,128,0.045857015564629594,80,4,1,64,0.00205756280614108,448,,,1,2,0.0005302045113510005,0.6,/work3/arnaou/checkpoints/groupgat_Omega_trial_317_best_state.pt,"{'learning_rate': 0.0005302045113510005, 'lr_reduce': 0.6}",TPESampler,COMPLETE
318,0.061329297721385956,2025-04-25 16:06:21.337795,2025-04-25 16:07:22.114044,0 days 00:01:00.776249,0.04935957813586195,160,3,2,96,0.031933285916693,192,1,1,112,0.09068932078564199,32,2,2,128,0.26183277856064896,512,184.0,88.0,3,2,0.0006145233808055887,0.6,/work3/arnaou/checkpoints/groupgat_Omega_trial_318_best_state.pt,"{'learning_rate': 0.0006145233808055887, 'lr_reduce': 0.6}",TPESampler,COMPLETE
319,0.05834624543786049,2025-04-25 16:06:31.612368,2025-04-25 16:07:31.068558,0 days 00:00:59.456190,0.010033537774619725,192,1,1,48,0.12419846725876993,192,4,1,64,0.2692813046207786,48,1,3,128,0.22721375213267084,496,64.0,96.0,3,2,0.00133520690261896,0.6,/work3/arnaou/checkpoints/groupgat_Omega_trial_319_best_state.pt,"{'learning_rate': 0.00133520690261896, 'lr_reduce': 0.6}",TPESampler,COMPLETE
320,0.06534943729639053,2025-04-25 16:06:50.993737,2025-04-25 16:07:59.816745,0 days 00:01:08.823008,0.0329394558964927,192,1,2,64,0.1067622560209783,128,4,2,96,0.18375557176057458,32,2,2,112,0.1386341534959856,136,264.0,296.0,3,2,0.0030046007602812855,0.6,/work3/arnaou/checkpoints/groupgat_Omega_trial_320_best_state.pt,"{'learning_rate': 0.0030046007602812855, 'lr_reduce': 0.6}",TPESampler,COMPLETE
321,0.07259002327919006,2025-04-25 16:07:22.286221,2025-04-25 16:08:38.176592,0 days 00:01:15.890371,0.10581748230296914,160,1,1,128,0.053934220290162635,224,1,1,80,0.2317211718216372,64,2,4,64,0.14944942242109163,488,,,1,2,0.0013271831870994713,0.6,/work3/arnaou/checkpoints/groupgat_Omega_trial_321_best_state.pt,"{'learning_rate': 0.0013271831870994713, 'lr_reduce': 0.6}",TPESampler,COMPLETE
322,0.061540331691503525,2025-04-25 16:07:31.321801,2025-04-25 16:09:15.326062,0 days 00:01:44.004261,0.1073830346869378,240,3,1,48,0.12566251930572614,192,4,2,32,0.24606439398026514,32,2,1,128,0.27296847725017453,456,136.0,480.0,3,2,0.0008697084322773833,0.6,/work3/arnaou/checkpoints/groupgat_Omega_trial_322_best_state.pt,"{'learning_rate': 0.0008697084322773833, 'lr_reduce': 0.6}",TPESampler,COMPLETE
323,0.052463579922914505,2025-04-25 16:07:59.955261,2025-04-25 16:09:07.263399,0 days 00:01:07.308138,0.024286855709214725,224,1,1,48,0.1645971856700461,160,3,1,128,0.28635759716424897,80,3,4,112,0.21436749986463222,456,256.0,,2,2,0.000490467363168308,0.6,/work3/arnaou/checkpoints/groupgat_Omega_trial_323_best_state.pt,"{'learning_rate': 0.000490467363168308, 'lr_reduce': 0.6}",TPESampler,COMPLETE
324,0.060656096786260605,2025-04-25 16:08:38.397489,2025-04-25 16:09:58.773708,0 days 00:01:20.376219,0.00846788174300355,208,2,2,32,0.0556119410102907,176,4,1,48,0.289547564713752,48,2,4,96,0.2306715810769198,400,320.0,80.0,3,2,0.0007719382697042866,0.6,/work3/arnaou/checkpoints/groupgat_Omega_trial_324_best_state.pt,"{'learning_rate': 0.0007719382697042866, 'lr_reduce': 0.6}",TPESampler,COMPLETE
325,0.05380856990814209,2025-04-25 16:09:07.423907,2025-04-25 16:10:15.837657,0 days 00:01:08.413750,0.008330202712535501,192,1,1,80,0.1068171190577849,176,4,2,128,0.24942988258986923,96,4,4,96,0.2568411866262446,328,216.0,,2,2,0.0005946265023578091,0.6,/work3/arnaou/checkpoints/groupgat_Omega_trial_325_best_state.pt,"{'learning_rate': 0.0005946265023578091, 'lr_reduce': 0.6}",TPESampler,COMPLETE
326,0.06710565090179443,2025-04-25 16:09:15.565882,2025-04-25 16:10:37.415348,0 days 00:01:21.849466,0.02388920477402965,176,3,1,128,0.10891447220746354,176,3,1,96,0.299359748657849,80,1,4,80,0.1480622340954899,432,232.0,,2,2,0.0004262677108856725,0.6,/work3/arnaou/checkpoints/groupgat_Omega_trial_326_best_state.pt,"{'learning_rate': 0.0004262677108856725, 'lr_reduce': 0.6}",TPESampler,COMPLETE
327,0.07153946161270142,2025-04-25 16:09:58.955763,2025-04-25 16:11:28.666129,0 days 00:01:29.710366,0.06570558754755094,160,3,2,48,0.12243744788154598,112,4,3,80,0.2957874825205105,32,2,3,128,0.2662750957068183,480,192.0,160.0,3,2,0.00012128635561280819,0.6,/work3/arnaou/checkpoints/groupgat_Omega_trial_327_best_state.pt,"{'learning_rate': 0.00012128635561280819, 'lr_reduce': 0.6}",TPESampler,COMPLETE
328,0.059364598244428635,2025-04-25 16:10:15.986474,2025-04-25 16:11:28.817345,0 days 00:01:12.830871,0.0505891525566351,192,2,3,32,0.04579482209949148,208,4,3,80,0.2765676863232731,32,3,3,96,0.2673725795760601,464,232.0,88.0,3,2,0.0012884772668181727,0.6,/work3/arnaou/checkpoints/groupgat_Omega_trial_328_best_state.pt,"{'learning_rate': 0.0012884772668181727, 'lr_reduce': 0.6}",TPESampler,COMPLETE
329,0.0619857981801033,2025-04-25 16:10:37.630421,2025-04-25 16:11:58.082949,0 days 00:01:20.452528,0.05706520138896162,256,2,1,48,0.17001758049222437,144,2,2,128,0.20651635304577745,32,4,2,112,0.16270437902225615,224,256.0,,2,2,0.0009034852496268281,0.6,/work3/arnaou/checkpoints/groupgat_Omega_trial_329_best_state.pt,"{'learning_rate': 0.0009034852496268281, 'lr_reduce': 0.6}",TPESampler,COMPLETE
330,0.05801670625805855,2025-04-25 16:11:28.859753,2025-04-25 16:12:47.448403,0 days 00:01:18.588650,0.04842600980047716,224,1,1,64,0.17577292020277702,160,3,1,80,0.23831424580007984,96,4,3,128,0.17079380438427627,400,152.0,,2,2,0.0002933039789752696,0.6,/work3/arnaou/checkpoints/groupgat_Omega_trial_330_best_state.pt,"{'learning_rate': 0.0002933039789752696, 'lr_reduce': 0.6}",TPESampler,COMPLETE
331,0.08082907646894455,2025-04-25 16:11:28.988353,2025-04-25 16:13:17.020257,0 days 00:01:48.031904,0.09397489837459905,208,1,1,64,0.2047272667003729,160,3,1,112,0.2520103413958024,96,3,3,128,0.22990067979929238,416,264.0,,2,2,0.00020136656366633994,0.6,/work3/arnaou/checkpoints/groupgat_Omega_trial_331_best_state.pt,"{'learning_rate': 0.00020136656366633994, 'lr_reduce': 0.6}",TPESampler,COMPLETE
332,0.054016172885894775,2025-04-25 16:11:58.381091,2025-04-25 16:12:48.937020,0 days 00:00:50.555929,0.023337866131195345,208,1,1,32,0.12749800790228333,176,3,3,112,0.17473626327811714,48,3,2,128,0.13015709451382818,208,184.0,88.0,3,1,0.0010406022755469042,0.6,/work3/arnaou/checkpoints/groupgat_Omega_trial_332_best_state.pt,"{'learning_rate': 0.0010406022755469042, 'lr_reduce': 0.6}",TPESampler,COMPLETE
333,0.0535421259701252,2025-04-25 16:12:47.648505,2025-04-25 16:13:44.932283,0 days 00:00:57.283778,0.021562944929627573,112,2,2,48,0.029472802196475373,240,1,1,96,0.19408130023704476,48,2,3,128,0.26973483754917027,440,104.0,168.0,3,2,0.0007580869052723789,0.6,/work3/arnaou/checkpoints/groupgat_Omega_trial_333_best_state.pt,"{'learning_rate': 0.0007580869052723789, 'lr_reduce': 0.6}",TPESampler,COMPLETE
334,0.05705144628882408,2025-04-25 16:12:49.202160,2025-04-25 16:14:01.497817,0 days 00:01:12.295657,0.019599738428866857,240,2,1,32,0.2203624848401378,160,3,1,128,0.28905092181633946,64,3,4,112,0.23993200184634286,448,272.0,,2,2,0.00040280205935766446,0.6,/work3/arnaou/checkpoints/groupgat_Omega_trial_334_best_state.pt,"{'learning_rate': 0.00040280205935766446, 'lr_reduce': 0.6}",TPESampler,COMPLETE
335,0.06388832628726959,2025-04-25 16:13:17.154760,2025-04-25 16:14:28.771715,0 days 00:01:11.616955,0.07236999461962136,128,4,4,64,0.15348815023767645,96,1,1,112,0.23791026792990091,32,3,4,96,0.29227695786404584,288,208.0,,2,2,0.002925967477617079,0.6,/work3/arnaou/checkpoints/groupgat_Omega_trial_335_best_state.pt,"{'learning_rate': 0.002925967477617079, 'lr_reduce': 0.6}",TPESampler,COMPLETE
336,0.061736173927783966,2025-04-25 16:13:45.069962,2025-04-25 16:14:52.745975,0 days 00:01:07.676013,0.013725844940858899,256,4,2,64,0.08825483408095709,224,1,1,112,0.2863868566154664,32,1,2,128,0.20347044887070845,392,32.0,160.0,3,2,0.0009058614950106558,0.6,/work3/arnaou/checkpoints/groupgat_Omega_trial_336_best_state.pt,"{'learning_rate': 0.0009058614950106558, 'lr_reduce': 0.6}",TPESampler,COMPLETE
337,0.06172311305999756,2025-04-25 16:14:01.714746,2025-04-25 16:15:02.146339,0 days 00:01:00.431593,0.027837878236737477,144,1,3,64,0.07311565523310004,192,2,1,80,0.20281756474673046,80,2,3,128,0.2984446363793847,440,112.0,160.0,3,2,0.0011058457694894872,0.6,/work3/arnaou/checkpoints/groupgat_Omega_trial_337_best_state.pt,"{'learning_rate': 0.0011058457694894872, 'lr_reduce': 0.6}",TPESampler,COMPLETE
338,0.06355968117713928,2025-04-25 16:14:28.960764,2025-04-25 16:15:36.636198,0 days 00:01:07.675434,0.06625123139785022,256,1,3,112,7.581733597673834e-05,96,4,1,112,0.23659690597581007,64,2,1,48,0.07676818268483804,416,104.0,,2,2,0.0025611686747224888,0.6,/work3/arnaou/checkpoints/groupgat_Omega_trial_338_best_state.pt,"{'learning_rate': 0.0025611686747224888, 'lr_reduce': 0.6}",TPESampler,COMPLETE
339,0.06665965169668198,2025-04-25 16:14:52.888595,2025-04-25 16:16:27.354478,0 days 00:01:34.465883,0.10028236437847007,192,1,1,32,0.07421924576543273,192,4,2,112,0.27051982085486925,48,4,2,112,0.15104985394218684,456,72.0,184.0,3,2,0.00014961373439837633,0.6,/work3/arnaou/checkpoints/groupgat_Omega_trial_339_best_state.pt,"{'learning_rate': 0.00014961373439837633, 'lr_reduce': 0.6}",TPESampler,COMPLETE
340,0.061030615121126175,2025-04-25 16:15:02.316806,2025-04-25 16:16:03.810388,0 days 00:01:01.493582,0.005949243867315837,224,1,1,32,0.028863603392578742,96,4,2,48,0.1848830350997819,64,3,3,128,0.1346738138764828,488,104.0,192.0,3,2,0.0012735144754364542,0.6,/work3/arnaou/checkpoints/groupgat_Omega_trial_340_best_state.pt,"{'learning_rate': 0.0012735144754364542, 'lr_reduce': 0.6}",TPESampler,COMPLETE
341,0.06980012357234955,2025-04-25 16:15:36.773693,2025-04-25 16:16:25.930281,0 days 00:00:49.156588,0.0351772642025823,176,1,2,48,0.1512978123576898,112,2,1,128,0.27928578419615563,96,3,4,96,0.24828390645276932,440,336.0,,2,2,0.002778875806953136,0.6,/work3/arnaou/checkpoints/groupgat_Omega_trial_341_best_state.pt,"{'learning_rate': 0.002778875806953136, 'lr_reduce': 0.6}",TPESampler,COMPLETE
342,0.07469726353883743,2025-04-25 16:16:04.069237,2025-04-25 16:17:49.627735,0 days 00:01:45.558498,0.041438517122203804,112,3,1,32,0.16001595023154402,144,3,3,112,0.0974669099733677,32,2,2,128,0.286080500645361,408,112.0,88.0,3,2,0.00024259728257716647,0.6,/work3/arnaou/checkpoints/groupgat_Omega_trial_342_best_state.pt,"{'learning_rate': 0.00024259728257716647, 'lr_reduce': 0.6}",TPESampler,COMPLETE
343,0.05932015925645828,2025-04-25 16:16:26.080778,2025-04-25 16:17:30.122706,0 days 00:01:04.041928,0.033367895828883117,112,3,3,32,0.06828473723124653,240,1,1,96,0.18282642524493445,32,3,3,128,0.25342248440575255,448,312.0,152.0,3,2,0.0009095451259122064,0.6,/work3/arnaou/checkpoints/groupgat_Omega_trial_343_best_state.pt,"{'learning_rate': 0.0009095451259122064, 'lr_reduce': 0.6}",TPESampler,COMPLETE
344,0.06720255315303802,2025-04-25 16:16:27.524837,2025-04-25 16:17:40.765974,0 days 00:01:13.241137,0.05056188071643094,208,3,2,96,0.18824512326990006,208,2,1,80,0.2429314821792626,48,1,3,64,0.2552154775287247,432,272.0,,2,2,0.00013042733605349486,0.6,/work3/arnaou/checkpoints/groupgat_Omega_trial_344_best_state.pt,"{'learning_rate': 0.00013042733605349486, 'lr_reduce': 0.6}",TPESampler,COMPLETE
345,0.0726686492562294,2025-04-25 16:17:30.268760,2025-04-25 16:18:46.398691,0 days 00:01:16.129931,0.009307623243567867,224,2,1,96,0.19096794669070688,80,2,2,112,0.17910955558191785,80,2,1,48,0.08666967549836664,472,,,1,2,0.002482629378883022,0.6,/work3/arnaou/checkpoints/groupgat_Omega_trial_345_best_state.pt,"{'learning_rate': 0.002482629378883022, 'lr_reduce': 0.6}",TPESampler,COMPLETE
346,0.0643765851855278,2025-04-25 16:17:40.946254,2025-04-25 16:18:47.323522,0 days 00:01:06.377268,0.12045937243574857,208,1,1,112,0.12018891092555417,192,2,2,32,0.2536224772369686,96,1,4,80,0.2936327197216688,448,144.0,,2,2,0.0003727253410345413,0.6,/work3/arnaou/checkpoints/groupgat_Omega_trial_346_best_state.pt,"{'learning_rate': 0.0003727253410345413, 'lr_reduce': 0.6}",TPESampler,COMPLETE
347,0.049379169940948486,2025-04-25 16:17:49.829720,2025-04-25 16:19:10.990872,0 days 00:01:21.161152,0.07579643433495303,176,2,2,32,0.11401313634107411,176,4,2,64,0.29667588337261014,32,2,2,96,0.28376160537909684,456,464.0,96.0,3,2,0.0004948084540770725,0.6,/work3/arnaou/checkpoints/groupgat_Omega_trial_347_best_state.pt,"{'learning_rate': 0.0004948084540770725, 'lr_reduce': 0.6}",TPESampler,COMPLETE
348,0.06609596312046051,2025-04-25 16:18:46.541234,2025-04-25 16:20:22.235360,0 days 00:01:35.694126,0.11878570933517997,224,1,1,32,0.05755050832327377,80,4,2,128,0.12526227324887718,48,4,3,96,0.10079684890635837,392,,,1,2,0.0009712009469170972,0.6,/work3/arnaou/checkpoints/groupgat_Omega_trial_348_best_state.pt,"{'learning_rate': 0.0009712009469170972, 'lr_reduce': 0.6}",TPESampler,COMPLETE
349,0.05638101324439049,2025-04-25 16:18:47.493309,2025-04-25 16:19:57.043306,0 days 00:01:09.549997,0.037419135489282065,240,1,2,96,0.08348693487052614,96,3,1,128,0.19085488965685904,64,4,1,32,0.0072148389060781165,448,,,1,2,0.0011068368174951637,0.6,/work3/arnaou/checkpoints/groupgat_Omega_trial_349_best_state.pt,"{'learning_rate': 0.0011068368174951637, 'lr_reduce': 0.6}",TPESampler,COMPLETE
350,0.05319712683558464,2025-04-25 16:19:11.163229,2025-04-25 16:20:12.363464,0 days 00:01:01.200235,0.00614607443961495,144,1,2,64,0.10940819670014576,192,1,1,96,0.13673189083844733,32,3,2,112,0.14118144198178642,496,464.0,72.0,3,2,0.00046039666321765887,0.6,/work3/arnaou/checkpoints/groupgat_Omega_trial_350_best_state.pt,"{'learning_rate': 0.00046039666321765887, 'lr_reduce': 0.6}",TPESampler,COMPLETE
351,0.06367974728345871,2025-04-25 16:19:57.231473,2025-04-25 16:21:17.474588,0 days 00:01:20.243115,0.08140607195890615,240,2,2,48,0.09196297208644426,160,2,1,128,0.26708149818605265,112,3,4,128,0.14202056652990602,416,424.0,,2,2,0.00021413151703043707,0.6,/work3/arnaou/checkpoints/groupgat_Omega_trial_351_best_state.pt,"{'learning_rate': 0.00021413151703043707, 'lr_reduce': 0.6}",TPESampler,COMPLETE
352,0.056837838143110275,2025-04-25 16:20:12.563698,2025-04-25 16:21:13.945897,0 days 00:01:01.382199,0.01479050732044172,176,1,2,80,0.06354268265165228,224,3,1,80,0.10804975563821682,64,3,2,112,0.06605961792844807,464,496.0,64.0,3,2,0.000731926113909631,0.6,/work3/arnaou/checkpoints/groupgat_Omega_trial_352_best_state.pt,"{'learning_rate': 0.000731926113909631, 'lr_reduce': 0.6}",TPESampler,COMPLETE
353,0.08710038661956787,2025-04-25 16:20:22.542658,2025-04-25 16:21:44.059480,0 days 00:01:21.516822,0.055638399632623486,112,2,1,32,0.013792182920922227,256,1,1,64,0.19729184090596624,64,1,2,96,0.18771729207171464,400,464.0,32.0,3,2,0.003945067223791767,0.6,/work3/arnaou/checkpoints/groupgat_Omega_trial_353_best_state.pt,"{'learning_rate': 0.003945067223791767, 'lr_reduce': 0.6}",TPESampler,COMPLETE
354,0.059723470360040665,2025-04-25 16:21:14.115779,2025-04-25 16:22:14.347507,0 days 00:01:00.231728,0.0745117590138408,208,1,1,48,0.17928686856674889,80,4,1,128,0.25702142032110725,96,2,4,96,0.22167163613706004,424,480.0,,2,1,0.00029989264916757864,0.6,/work3/arnaou/checkpoints/groupgat_Omega_trial_354_best_state.pt,"{'learning_rate': 0.00029989264916757864, 'lr_reduce': 0.6}",TPESampler,COMPLETE
355,0.05815814808011055,2025-04-25 16:21:17.741801,2025-04-25 16:22:17.910725,0 days 00:01:00.168924,0.04547378944606642,128,1,3,64,0.11491528161901665,160,1,1,96,0.15845547296701407,32,3,1,128,0.21018445255840307,424,472.0,72.0,3,2,0.0003101426241316198,0.6,/work3/arnaou/checkpoints/groupgat_Omega_trial_355_best_state.pt,"{'learning_rate': 0.0003101426241316198, 'lr_reduce': 0.6}",TPESampler,COMPLETE
356,0.05814939737319946,2025-04-25 16:21:44.250765,2025-04-25 16:22:26.727043,0 days 00:00:42.476278,0.0922419485704283,80,1,3,32,0.004616380572312773,256,1,1,96,0.27436098511188906,32,1,2,128,0.24746322610540863,488,456.0,80.0,3,2,0.001500206633468774,0.6,/work3/arnaou/checkpoints/groupgat_Omega_trial_356_best_state.pt,"{'learning_rate': 0.001500206633468774, 'lr_reduce': 0.6}",TPESampler,COMPLETE
357,0.06340844184160233,2025-04-25 16:22:14.504307,2025-04-25 16:23:24.268910,0 days 00:01:09.764603,0.11581881360676183,128,1,2,64,0.006277808968661092,224,1,2,96,0.21697021064268635,32,3,2,112,0.14595347262240171,440,400.0,424.0,3,2,0.0008552629412002879,0.6,/work3/arnaou/checkpoints/groupgat_Omega_trial_357_best_state.pt,"{'learning_rate': 0.0008552629412002879, 'lr_reduce': 0.6}",TPESampler,COMPLETE
358,0.05668801814317703,2025-04-25 16:22:18.054244,2025-04-25 16:23:33.227122,0 days 00:01:15.172878,0.08347346097081029,176,2,2,32,0.09637224850829737,144,3,1,128,0.28099812717643574,32,4,2,128,0.21820660531394712,344,440.0,72.0,3,2,0.0013645704418244896,0.6,/work3/arnaou/checkpoints/groupgat_Omega_trial_358_best_state.pt,"{'learning_rate': 0.0013645704418244896, 'lr_reduce': 0.6}",TPESampler,COMPLETE
359,0.056776683777570724,2025-04-25 16:22:26.897294,2025-04-25 16:23:32.658156,0 days 00:01:05.760862,0.02379201957234661,128,1,1,80,0.05700364872730487,208,2,1,112,0.1365524986266106,32,3,1,96,0.09108388634275817,440,488.0,32.0,3,2,0.00044338483237288536,0.6,/work3/arnaou/checkpoints/groupgat_Omega_trial_359_best_state.pt,"{'learning_rate': 0.00044338483237288536, 'lr_reduce': 0.6}",TPESampler,COMPLETE
360,0.06138257309794426,2025-04-25 16:23:24.481622,2025-04-25 16:25:00.472811,0 days 00:01:35.991189,0.0584191094007827,192,4,1,32,0.02882605839420102,160,4,2,80,0.26875779969908037,48,3,3,112,0.26460195499523,480,408.0,448.0,3,2,0.00015006773269333568,0.6,/work3/arnaou/checkpoints/groupgat_Omega_trial_360_best_state.pt,"{'learning_rate': 0.00015006773269333568, 'lr_reduce': 0.6}",TPESampler,COMPLETE
361,0.060491789132356644,2025-04-25 16:23:32.798027,2025-04-25 16:24:55.693240,0 days 00:01:22.895213,0.11483447757640738,176,2,2,48,0.08136487246541865,128,4,2,64,0.2630678213658689,32,2,3,96,0.2750098273813162,480,408.0,88.0,3,2,0.0008966930305160041,0.6,/work3/arnaou/checkpoints/groupgat_Omega_trial_361_best_state.pt,"{'learning_rate': 0.0008966930305160041, 'lr_reduce': 0.6}",TPESampler,COMPLETE
362,0.10903014242649078,2025-04-25 16:23:33.377972,2025-04-25 16:25:13.259958,0 days 00:01:39.881986,0.19168148082960879,176,2,1,96,0.19862095088733864,160,2,1,64,0.13355848284879634,80,1,4,64,0.16730075136463798,416,504.0,,2,1,0.0001639335389770268,0.6,/work3/arnaou/checkpoints/groupgat_Omega_trial_362_best_state.pt,"{'learning_rate': 0.0001639335389770268, 'lr_reduce': 0.6}",TPESampler,COMPLETE
363,0.05684100463986397,2025-04-25 16:24:55.845956,2025-04-25 16:26:00.411771,0 days 00:01:04.565815,0.00186912802545786,160,1,2,32,0.13622499508728442,240,1,1,96,0.15831694525112303,64,3,2,112,0.1585329291935517,280,464.0,80.0,3,2,0.0005702819573410462,0.6,/work3/arnaou/checkpoints/groupgat_Omega_trial_363_best_state.pt,"{'learning_rate': 0.0005702819573410462, 'lr_reduce': 0.6}",TPESampler,COMPLETE
364,0.05377201363444328,2025-04-25 16:25:00.647482,2025-04-25 16:26:21.760297,0 days 00:01:21.112815,0.041346010011090714,112,1,1,64,0.22427048595651106,224,3,1,128,0.20166925939802444,32,4,3,96,0.28706013148268356,456,,,1,2,0.0006452581074449981,0.6,/work3/arnaou/checkpoints/groupgat_Omega_trial_364_best_state.pt,"{'learning_rate': 0.0006452581074449981, 'lr_reduce': 0.6}",TPESampler,COMPLETE
365,0.1458362191915512,2025-04-25 16:25:13.409087,2025-04-25 16:27:12.051638,0 days 00:01:58.642551,0.12219430727240876,64,2,4,64,0.18866548389942356,80,3,2,80,0.27698914719493045,32,2,4,96,0.22556635453997725,200,360.0,32.0,3,2,0.00028278844361743984,0.6,/work3/arnaou/checkpoints/groupgat_Omega_trial_365_best_state.pt,"{'learning_rate': 0.00028278844361743984, 'lr_reduce': 0.6}",TPESampler,COMPLETE
366,0.06089632958173752,2025-04-25 16:26:00.758395,2025-04-25 16:27:15.390332,0 days 00:01:14.631937,0.10077424633723746,128,4,2,32,0.17804106907630765,144,1,1,96,0.2807298952850958,32,2,2,128,0.2438470609323366,256,464.0,,2,2,0.0008424351707679411,0.6,/work3/arnaou/checkpoints/groupgat_Omega_trial_366_best_state.pt,"{'learning_rate': 0.0008424351707679411, 'lr_reduce': 0.6}",TPESampler,COMPLETE
367,0.06150510534644127,2025-04-25 16:26:22.003653,2025-04-25 16:27:33.272194,0 days 00:01:11.268541,0.04053606927897022,224,1,1,48,0.11520566205216856,144,2,1,128,0.29047373360938816,64,3,4,112,0.08510138097497394,464,424.0,512.0,3,2,0.0008646619792915155,0.6,/work3/arnaou/checkpoints/groupgat_Omega_trial_367_best_state.pt,"{'learning_rate': 0.0008646619792915155, 'lr_reduce': 0.6}",TPESampler,COMPLETE
368,0.056339699774980545,2025-04-25 16:27:12.266181,2025-04-25 16:28:42.200379,0 days 00:01:29.934198,0.07392473432487325,192,3,1,32,0.08569297176307551,256,4,3,112,0.25775112247547327,32,3,2,96,0.26582162914356633,504,344.0,128.0,3,2,0.00039748809812205794,0.6,/work3/arnaou/checkpoints/groupgat_Omega_trial_368_best_state.pt,"{'learning_rate': 0.00039748809812205794, 'lr_reduce': 0.6}",TPESampler,COMPLETE
