number,value,datetime_start,datetime_complete,duration,params_L1_dropout,params_L1_hidden_dim,params_L1_layers_atom,params_L1_layers_mol,params_L1_out_dim,params_L2_dropout,params_L2_hidden_dim,params_L2_layers_atom,params_L2_layers_mol,params_L2_out_dim,params_L3_dropout,params_L3_hidden_dim,params_L3_layers_atom,params_L3_layers_mol,params_L3_out_dim,params_final_dropout,params_mlp_dim_0,params_mlp_dim_1,params_mlp_dim_2,params_n_mlp_layers,params_num_heads,params_train_learning_rate,params_train_lr_reduce,user_attrs_best_state_dict_path,user_attrs_training_params,system_attrs_auto:sampler,state
1469,0.053315550088882446,2025-04-26 00:14:33.035135,2025-04-26 00:16:03.095744,0 days 00:01:30.060609,0.045601729273986924,208,1,2,80,0.19309432393563214,224,4,1,128,0.26331074594723514,128,2,2,64,0.24980949138644917,448,408.0,312.0,3,2,0.00036014566308038615,0.6,/work3/arnaou/checkpoints/groupgat_Omega_trial_1469_best_state.pt,"{'learning_rate': 0.00036014566308038615, 'lr_reduce': 0.6}",TPESampler,COMPLETE
1470,0.11810408532619476,2025-04-26 00:14:38.767126,2025-04-26 00:17:04.756974,0 days 00:02:25.989848,0.05033699761443948,192,3,1,96,0.259090889191682,256,4,3,96,0.26131082509410153,48,1,2,80,0.2651174590239584,352,464.0,240.0,3,2,0.00010991334345710757,0.6,/work3/arnaou/checkpoints/groupgat_Omega_trial_1470_best_state.pt,"{'learning_rate': 0.00010991334345710757, 'lr_reduce': 0.6}",TPESampler,COMPLETE
1471,0.05798954516649246,2025-04-26 00:14:41.579904,2025-04-26 00:16:10.518842,0 days 00:01:28.938938,0.020874997020892183,192,1,1,48,0.08078941215573601,256,4,1,128,0.27969336369072045,128,2,2,32,0.20086489998884927,448,424.0,,2,2,0.00010781973922465529,0.6,/work3/arnaou/checkpoints/groupgat_Omega_trial_1471_best_state.pt,"{'learning_rate': 0.00010781973922465529, 'lr_reduce': 0.6}",TPESampler,COMPLETE
1472,0.05138193443417549,2025-04-26 00:16:03.334509,2025-04-26 00:17:13.663581,0 days 00:01:10.329072,0.05217892748290001,208,1,1,80,0.21508232071921177,256,4,3,112,0.2879987510808583,64,2,2,80,0.1908754931165254,456,464.0,312.0,3,2,0.0004176404127963604,0.6,/work3/arnaou/checkpoints/groupgat_Omega_trial_1472_best_state.pt,"{'learning_rate': 0.0004176404127963604, 'lr_reduce': 0.6}",TPESampler,COMPLETE
1473,0.05215154588222504,2025-04-26 00:16:10.860875,2025-04-26 00:17:11.295506,0 days 00:01:00.434631,0.00476393368761212,224,2,1,48,0.2390702063199738,256,4,1,128,0.12283525017791744,32,2,1,64,0.26404501203389374,432,424.0,328.0,3,2,0.0005500301022521285,0.6,/work3/arnaou/checkpoints/groupgat_Omega_trial_1473_best_state.pt,"{'learning_rate': 0.0005500301022521285, 'lr_reduce': 0.6}",TPESampler,COMPLETE
1474,0.05962079018354416,2025-04-26 00:17:05.048649,2025-04-26 00:18:17.054486,0 days 00:01:12.005837,0.008942558886630047,240,3,1,80,0.26377970358080954,256,3,2,128,0.27112379225906225,48,1,1,64,0.28123878910964883,328,480.0,272.0,3,2,0.0006852381950455196,0.6,/work3/arnaou/checkpoints/groupgat_Omega_trial_1474_best_state.pt,"{'learning_rate': 0.0006852381950455196, 'lr_reduce': 0.6}",TPESampler,COMPLETE
1475,0.0933784693479538,2025-04-26 00:17:11.637111,2025-04-26 00:18:25.677579,0 days 00:01:14.040468,0.14531402018789938,192,2,1,48,0.2568536672069571,192,4,1,80,0.270003196039312,96,1,1,80,0.19253047412820345,512,416.0,328.0,3,2,0.00022197091856842178,0.6,/work3/arnaou/checkpoints/groupgat_Omega_trial_1475_best_state.pt,"{'learning_rate': 0.00022197091856842178, 'lr_reduce': 0.6}",TPESampler,COMPLETE
1476,0.05385255813598633,2025-04-26 00:17:14.051822,2025-04-26 00:18:25.282949,0 days 00:01:11.231127,0.01608922149164928,224,1,1,112,0.16896339786670342,256,4,3,128,0.2849508748869905,80,1,2,112,0.2942575659908104,448,472.0,280.0,3,2,0.00031683642517085997,0.6,/work3/arnaou/checkpoints/groupgat_Omega_trial_1476_best_state.pt,"{'learning_rate': 0.00031683642517085997, 'lr_reduce': 0.6}",TPESampler,COMPLETE
1477,0.0609382800757885,2025-04-26 00:18:17.354218,2025-04-26 00:19:21.379650,0 days 00:01:04.025432,0.02768277915695971,256,1,1,80,0.19624774886382693,240,4,2,112,0.2921076691201583,112,1,1,64,0.2950276512252373,480,512.0,,2,1,0.000395963673411775,0.6,/work3/arnaou/checkpoints/groupgat_Omega_trial_1477_best_state.pt,"{'learning_rate': 0.000395963673411775, 'lr_reduce': 0.6}",TPESampler,COMPLETE
1478,0.05995543673634529,2025-04-26 00:18:25.623539,2025-04-26 00:19:44.605869,0 days 00:01:18.982330,0.05131862013824714,208,1,1,80,0.16118464761586346,240,3,1,96,0.2510209311824459,112,1,2,80,0.2559217526303449,400,448.0,336.0,3,2,0.00013445576256293737,0.6,/work3/arnaou/checkpoints/groupgat_Omega_trial_1478_best_state.pt,"{'learning_rate': 0.00013445576256293737, 'lr_reduce': 0.6}",TPESampler,COMPLETE
1479,0.062004487961530685,2025-04-26 00:18:26.112973,2025-04-26 00:19:53.815029,0 days 00:01:27.702056,0.1285646356768509,144,2,1,32,0.05453495291871515,208,3,2,48,0.2835333101831762,32,2,2,80,0.29797906816944764,344,416.0,360.0,3,1,0.0006838039699303396,0.6,/work3/arnaou/checkpoints/groupgat_Omega_trial_1479_best_state.pt,"{'learning_rate': 0.0006838039699303396, 'lr_reduce': 0.6}",TPESampler,COMPLETE
1480,0.1067839041352272,2025-04-26 00:19:21.669793,2025-04-26 00:20:43.634424,0 days 00:01:21.964631,0.15063726166809932,256,3,3,48,0.1649654870867497,224,4,2,64,0.18961603311203185,48,3,1,96,0.21135510762853776,272,432.0,,2,2,0.00017927712014429922,0.6,/work3/arnaou/checkpoints/groupgat_Omega_trial_1480_best_state.pt,"{'learning_rate': 0.00017927712014429922, 'lr_reduce': 0.6}",TPESampler,COMPLETE
1481,0.0634399801492691,2025-04-26 00:19:44.913651,2025-04-26 00:20:54.835834,0 days 00:01:09.922183,0.11064466375459937,176,1,1,96,0.009874218399729219,160,3,2,64,0.2734323938902874,48,3,4,64,0.11269402708117585,360,400.0,216.0,3,2,0.002156737281432125,0.6,/work3/arnaou/checkpoints/groupgat_Omega_trial_1481_best_state.pt,"{'learning_rate': 0.002156737281432125, 'lr_reduce': 0.6}",TPESampler,COMPLETE
1482,0.055979277938604355,2025-04-26 00:19:54.158317,2025-04-26 00:21:20.735709,0 days 00:01:26.577392,0.0649717412219813,240,1,1,80,0.2549013768449659,208,3,2,112,0.2800668724708197,64,1,2,80,0.29631668795101396,352,512.0,296.0,3,2,0.00046742434774825703,0.6,/work3/arnaou/checkpoints/groupgat_Omega_trial_1482_best_state.pt,"{'learning_rate': 0.00046742434774825703, 'lr_reduce': 0.6}",TPESampler,COMPLETE
1483,0.058293819427490234,2025-04-26 00:20:43.906608,2025-04-26 00:22:02.069259,0 days 00:01:18.162651,0.006960628834562846,160,1,1,96,0.1483601073717331,208,4,2,128,0.1280720703700125,96,3,3,64,0.17975391994097767,512,472.0,360.0,3,2,0.00036536734602194164,0.6,/work3/arnaou/checkpoints/groupgat_Omega_trial_1483_best_state.pt,"{'learning_rate': 0.00036536734602194164, 'lr_reduce': 0.6}",TPESampler,COMPLETE
1484,0.056552622467279434,2025-04-26 00:20:55.109829,2025-04-26 00:22:08.416926,0 days 00:01:13.307097,0.0034750964244710837,256,3,1,96,0.2320946577597138,256,3,2,128,0.24664698279593714,80,1,1,112,0.20900590151016255,440,464.0,256.0,3,2,0.00038074868595377125,0.6,/work3/arnaou/checkpoints/groupgat_Omega_trial_1484_best_state.pt,"{'learning_rate': 0.00038074868595377125, 'lr_reduce': 0.6}",TPESampler,COMPLETE
1485,0.07181786000728607,2025-04-26 00:21:21.019244,2025-04-26 00:22:59.299056,0 days 00:01:38.279812,0.03038564812430456,224,2,2,64,0.17515419715703273,240,4,2,128,0.07558739216663375,64,3,1,64,0.2766065439764897,448,400.0,312.0,3,1,0.0002573292183454136,0.6,/work3/arnaou/checkpoints/groupgat_Omega_trial_1485_best_state.pt,"{'learning_rate': 0.0002573292183454136, 'lr_reduce': 0.6}",TPESampler,COMPLETE
1486,0.0560460090637207,2025-04-26 00:22:02.368195,2025-04-26 00:23:28.062888,0 days 00:01:25.694693,0.019237440320290733,192,1,2,80,0.20834750740218788,208,3,2,80,0.06852183195136437,64,4,3,80,0.20334168696514557,424,472.0,424.0,3,1,0.0006579508900674884,0.6,/work3/arnaou/checkpoints/groupgat_Omega_trial_1486_best_state.pt,"{'learning_rate': 0.0006579508900674884, 'lr_reduce': 0.6}",TPESampler,COMPLETE
1487,0.0661010891199112,2025-04-26 00:22:08.763445,2025-04-26 00:24:02.117575,0 days 00:01:53.354130,0.046277155395499876,208,1,3,64,0.011998087018553705,192,4,2,80,0.11038614920676901,64,2,4,96,0.2743014501302519,512,400.0,328.0,3,2,0.0008758969443326456,0.6,/work3/arnaou/checkpoints/groupgat_Omega_trial_1487_best_state.pt,"{'learning_rate': 0.0008758969443326456, 'lr_reduce': 0.6}",TPESampler,COMPLETE
1488,0.06419168412685394,2025-04-26 00:22:59.541945,2025-04-26 00:24:22.069941,0 days 00:01:22.527996,0.11569958494884536,192,1,1,80,0.14944509351731777,240,3,2,128,0.1835643674793644,96,2,2,80,0.17757479947665833,480,456.0,504.0,3,2,0.0004887399918354907,0.6,/work3/arnaou/checkpoints/groupgat_Omega_trial_1488_best_state.pt,"{'learning_rate': 0.0004887399918354907, 'lr_reduce': 0.6}",TPESampler,COMPLETE
1489,0.0574030764400959,2025-04-26 00:23:28.367229,2025-04-26 00:25:08.434212,0 days 00:01:40.066983,0.07666075863257779,256,1,1,64,0.19138638804413616,208,4,1,112,0.09401222471980222,32,2,1,96,0.29004207792930253,376,456.0,368.0,3,2,0.00030547624812670056,0.6,/work3/arnaou/checkpoints/groupgat_Omega_trial_1489_best_state.pt,"{'learning_rate': 0.00030547624812670056, 'lr_reduce': 0.6}",TPESampler,COMPLETE
1490,0.0823063850402832,2025-04-26 00:24:02.473122,2025-04-26 00:25:42.910821,0 days 00:01:40.437699,0.05526246473639236,224,1,1,48,0.15015797091477986,224,4,2,96,0.2024665859426595,112,2,2,80,0.18541357461930894,472,512.0,264.0,3,2,0.0001267703448119287,0.6,/work3/arnaou/checkpoints/groupgat_Omega_trial_1490_best_state.pt,"{'learning_rate': 0.0001267703448119287, 'lr_reduce': 0.6}",TPESampler,COMPLETE
1491,0.0580081008374691,2025-04-26 00:24:22.362481,2025-04-26 00:25:52.788844,0 days 00:01:30.426363,0.12017264493645397,240,1,1,80,0.15167888201098328,256,4,1,128,0.26025203182978396,128,1,3,96,0.14673016129851335,464,400.0,312.0,3,2,0.00018529425102029729,0.6,/work3/arnaou/checkpoints/groupgat_Omega_trial_1491_best_state.pt,"{'learning_rate': 0.00018529425102029729, 'lr_reduce': 0.6}",TPESampler,COMPLETE
1492,0.08462002128362656,2025-04-26 00:25:08.837937,2025-04-26 00:26:40.253368,0 days 00:01:31.415431,0.053326162087101246,160,2,1,32,0.2114380502245548,224,4,2,80,0.2538661833792621,32,2,2,112,0.20405449328141384,336,448.0,376.0,3,2,0.00019470999569325392,0.6,/work3/arnaou/checkpoints/groupgat_Omega_trial_1492_best_state.pt,"{'learning_rate': 0.00019470999569325392, 'lr_reduce': 0.6}",TPESampler,COMPLETE
1493,0.06339623779058456,2025-04-26 00:25:43.174040,2025-04-26 00:26:57.815175,0 days 00:01:14.641135,0.017563185164821443,192,1,2,112,0.23603873830616975,256,4,3,80,0.21726212572559228,96,2,2,32,0.2534507052559984,464,464.0,304.0,3,2,0.0025133598093130087,0.6,/work3/arnaou/checkpoints/groupgat_Omega_trial_1493_best_state.pt,"{'learning_rate': 0.0025133598093130087, 'lr_reduce': 0.6}",TPESampler,COMPLETE
1494,0.11537257581949234,2025-04-26 00:25:53.182914,2025-04-26 00:27:10.086884,0 days 00:01:16.903970,0.26842933925472817,256,4,1,128,0.22758981379955134,176,3,4,64,0.132239175528342,32,3,2,96,0.2911642981223783,336,392.0,,2,2,0.0004966144070010268,0.6,/work3/arnaou/checkpoints/groupgat_Omega_trial_1494_best_state.pt,"{'learning_rate': 0.0004966144070010268, 'lr_reduce': 0.6}",TPESampler,COMPLETE
1495,0.1036032885313034,2025-04-26 00:26:40.527702,2025-04-26 00:27:39.591467,0 days 00:00:59.063765,0.16460105589393176,128,1,3,128,0.1877614706722528,192,1,3,128,0.1950547152691712,80,1,3,48,0.18736963538144907,344,,,1,1,0.0021210652671657657,0.6,/work3/arnaou/checkpoints/groupgat_Omega_trial_1495_best_state.pt,"{'learning_rate': 0.0021210652671657657, 'lr_reduce': 0.6}",TPESampler,COMPLETE
1496,0.1007779911160469,2025-04-26 00:26:58.113055,2025-04-26 00:28:37.963074,0 days 00:01:39.850019,0.14099264707040132,240,1,1,112,0.1752655979962343,160,4,1,96,0.17656289393085947,80,4,4,64,0.2531340959135094,416,432.0,352.0,3,2,0.00029840712956473925,0.6,/work3/arnaou/checkpoints/groupgat_Omega_trial_1496_best_state.pt,"{'learning_rate': 0.00029840712956473925, 'lr_reduce': 0.6}",TPESampler,COMPLETE
1497,0.06518485397100449,2025-04-26 00:27:10.410288,2025-04-26 00:28:53.999378,0 days 00:01:43.589090,0.0083727036558124,208,2,2,32,0.17129108978017607,240,4,3,48,0.2843624024456891,48,1,1,96,0.21395171447604003,272,472.0,216.0,3,2,0.00017575620768139224,0.6,/work3/arnaou/checkpoints/groupgat_Omega_trial_1497_best_state.pt,"{'learning_rate': 0.00017575620768139224, 'lr_reduce': 0.6}",TPESampler,COMPLETE
1498,0.07677789032459259,2025-04-26 00:27:39.952808,2025-04-26 00:28:56.067235,0 days 00:01:16.114427,0.1107346916979324,256,2,2,80,0.10657613847944067,160,4,2,80,0.06798695810909972,96,4,3,80,0.21863085091175108,464,384.0,424.0,3,2,0.0011110854495442741,0.6,/work3/arnaou/checkpoints/groupgat_Omega_trial_1498_best_state.pt,"{'learning_rate': 0.0011110854495442741, 'lr_reduce': 0.6}",TPESampler,COMPLETE
1499,0.05794991925358772,2025-04-26 00:28:38.307744,2025-04-26 00:29:45.194434,0 days 00:01:06.886690,0.030407208034773488,160,1,1,80,0.0971946488947637,144,2,3,64,0.20711568918101275,48,4,4,80,0.15134872860522075,368,472.0,272.0,3,2,0.0009867974786011804,0.6,/work3/arnaou/checkpoints/groupgat_Omega_trial_1499_best_state.pt,"{'learning_rate': 0.0009867974786011804, 'lr_reduce': 0.6}",TPESampler,COMPLETE
1500,0.06753101944923401,2025-04-26 00:28:54.354079,2025-04-26 00:29:49.930143,0 days 00:00:55.576064,0.035362047323695814,208,2,1,80,0.20536129255821584,240,4,2,128,0.2712926577090105,80,1,2,48,0.29152207744512454,416,424.0,336.0,3,2,0.0009968931989070985,0.6,/work3/arnaou/checkpoints/groupgat_Omega_trial_1500_best_state.pt,"{'learning_rate': 0.0009968931989070985, 'lr_reduce': 0.6}",TPESampler,COMPLETE
1501,0.0621403343975544,2025-04-26 00:28:56.327878,2025-04-26 00:30:21.487018,0 days 00:01:25.159140,0.006602873118459168,160,3,2,32,0.2123437609874364,224,4,3,32,0.22883996090632702,64,3,2,128,0.1824584440229074,320,440.0,,2,2,0.000997998312901952,0.6,/work3/arnaou/checkpoints/groupgat_Omega_trial_1501_best_state.pt,"{'learning_rate': 0.000997998312901952, 'lr_reduce': 0.6}",TPESampler,COMPLETE
1502,0.05490247532725334,2025-04-26 00:29:45.439675,2025-04-26 00:30:34.944207,0 days 00:00:49.504532,0.02815302924657043,192,1,1,64,0.1382242425927065,256,4,2,128,0.2563477483342455,112,2,1,96,0.12065882080618648,408,504.0,384.0,3,2,0.0008974782433623395,0.6,/work3/arnaou/checkpoints/groupgat_Omega_trial_1502_best_state.pt,"{'learning_rate': 0.0008974782433623395, 'lr_reduce': 0.6}",TPESampler,COMPLETE
1503,0.06575809419155121,2025-04-26 00:29:50.297870,2025-04-26 00:30:35.137844,0 days 00:00:44.839974,0.008647057189975136,256,1,2,64,0.10609644974025148,176,4,2,80,0.12414222404451646,64,2,3,80,0.29549360365061245,504,392.0,,2,2,0.0018026432434067828,0.6,/work3/arnaou/checkpoints/groupgat_Omega_trial_1503_best_state.pt,"{'learning_rate': 0.0018026432434067828, 'lr_reduce': 0.6}",TPESampler,COMPLETE
1504,0.08772262185811996,2025-04-26 00:30:21.775654,2025-04-26 00:31:21.548979,0 days 00:00:59.773325,0.27013189876507093,176,4,3,48,0.18399623602584095,224,2,4,112,0.21904480934973192,96,3,1,32,0.1843620705282051,328,448.0,304.0,3,1,0.00042127466590760154,0.6,/work3/arnaou/checkpoints/groupgat_Omega_trial_1504_best_state.pt,"{'learning_rate': 0.00042127466590760154, 'lr_reduce': 0.6}",TPESampler,COMPLETE
1505,0.0822259932756424,2025-04-26 00:30:35.219316,2025-04-26 00:32:13.781807,0 days 00:01:38.562491,0.03924958023923217,256,2,1,112,0.1787766520775151,208,4,2,112,0.057728883618733046,32,4,4,96,0.18679619161709723,384,504.0,,2,2,0.00015075198459600222,0.6,/work3/arnaou/checkpoints/groupgat_Omega_trial_1505_best_state.pt,"{'learning_rate': 0.00015075198459600222, 'lr_reduce': 0.6}",TPESampler,COMPLETE
1506,0.10027173906564713,2025-04-26 00:30:35.443580,2025-04-26 00:32:09.326067,0 days 00:01:33.882487,0.05415255104210352,160,2,4,128,0.19168550033016332,96,4,3,32,0.08993591026661692,112,1,4,80,0.06063046708471445,504,432.0,,2,1,0.0009940695789539726,0.6,/work3/arnaou/checkpoints/groupgat_Omega_trial_1506_best_state.pt,"{'learning_rate': 0.0009940695789539726, 'lr_reduce': 0.6}",TPESampler,COMPLETE
1507,0.06609544903039932,2025-04-26 00:31:21.800574,2025-04-26 00:32:27.902672,0 days 00:01:06.102098,0.1416726161789401,240,1,1,80,0.14057970431021308,240,4,1,112,0.22455431430799086,96,4,3,64,0.20833784827763294,512,392.0,360.0,3,2,0.0007702448851492992,0.6,/work3/arnaou/checkpoints/groupgat_Omega_trial_1507_best_state.pt,"{'learning_rate': 0.0007702448851492992, 'lr_reduce': 0.6}",TPESampler,COMPLETE
1508,0.06243211776018143,2025-04-26 00:32:09.591311,2025-04-26 00:34:32.208974,0 days 00:02:22.617663,0.10336032653481614,240,1,1,80,0.19125198105781296,208,4,1,80,0.10291368003618163,48,4,3,80,0.27539781343941966,320,456.0,248.0,3,2,0.00018748674535194612,0.6,/work3/arnaou/checkpoints/groupgat_Omega_trial_1508_best_state.pt,"{'learning_rate': 0.00018748674535194612, 'lr_reduce': 0.6}",TPESampler,COMPLETE
1509,0.05389361083507538,2025-04-26 00:32:14.123444,2025-04-26 00:33:40.926691,0 days 00:01:26.803247,0.03887633699513997,256,3,1,64,0.023538570121066152,224,2,2,96,0.19641194739665466,64,4,3,48,0.24310577769752914,496,512.0,320.0,3,2,0.000284004161750669,0.6,/work3/arnaou/checkpoints/groupgat_Omega_trial_1509_best_state.pt,"{'learning_rate': 0.000284004161750669, 'lr_reduce': 0.6}",TPESampler,COMPLETE
1510,0.058716919273138046,2025-04-26 00:32:28.290526,2025-04-26 00:33:55.487297,0 days 00:01:27.196771,0.04037243302367721,192,1,1,96,0.22840760277018146,256,4,1,112,0.28424029559952396,80,1,1,64,0.2291097239606756,496,376.0,392.0,3,2,0.0002431069860835374,0.6,/work3/arnaou/checkpoints/groupgat_Omega_trial_1510_best_state.pt,"{'learning_rate': 0.0002431069860835374, 'lr_reduce': 0.6}",TPESampler,COMPLETE
1511,0.08160397410392761,2025-04-26 00:33:41.221978,2025-04-26 00:35:17.456850,0 days 00:01:36.234872,0.24287114884130595,112,3,1,64,0.24314415481647295,256,3,3,64,0.19466937309026477,128,2,4,32,0.1215534637341921,120,432.0,,2,2,0.0004310395191617328,0.6,/work3/arnaou/checkpoints/groupgat_Omega_trial_1511_best_state.pt,"{'learning_rate': 0.0004310395191617328, 'lr_reduce': 0.6}",TPESampler,COMPLETE
1512,0.051394958049058914,2025-04-26 00:33:55.761415,2025-04-26 00:35:32.314477,0 days 00:01:36.553062,0.008717225344017525,240,1,1,64,0.19543060767431034,256,4,1,128,0.2603072422257798,112,2,2,96,0.18188476997130348,480,480.0,280.0,3,2,0.00029912151943494575,0.6,/work3/arnaou/checkpoints/groupgat_Omega_trial_1512_best_state.pt,"{'learning_rate': 0.00029912151943494575, 'lr_reduce': 0.6}",TPESampler,COMPLETE
1513,0.06011657044291496,2025-04-26 00:34:33.703353,2025-04-26 00:36:02.467264,0 days 00:01:28.763911,0.02464080387964107,208,1,1,48,0.09586011506852424,80,3,1,112,0.1637671932432174,48,3,2,80,0.07029177938525255,440,440.0,,2,2,0.0002012984862253328,0.6,/work3/arnaou/checkpoints/groupgat_Omega_trial_1513_best_state.pt,"{'learning_rate': 0.0002012984862253328, 'lr_reduce': 0.6}",TPESampler,COMPLETE
1514,0.058125775307416916,2025-04-26 00:35:17.737419,2025-04-26 00:36:28.513703,0 days 00:01:10.776284,0.014738585281241359,240,2,2,64,0.27025149438528073,256,3,2,128,0.24252794372135586,48,1,3,96,0.25151735776913686,424,440.0,336.0,3,2,0.00045545186904993244,0.6,/work3/arnaou/checkpoints/groupgat_Omega_trial_1514_best_state.pt,"{'learning_rate': 0.00045545186904993244, 'lr_reduce': 0.6}",TPESampler,COMPLETE
1515,0.05807782709598541,2025-04-26 00:35:32.719142,2025-04-26 00:36:47.356055,0 days 00:01:14.636913,0.013740786000076203,256,1,1,80,0.14846460398104366,160,4,1,80,0.13617605951600337,48,4,3,96,0.22650167083906547,488,384.0,296.0,3,2,0.0002912178678518477,0.6,/work3/arnaou/checkpoints/groupgat_Omega_trial_1515_best_state.pt,"{'learning_rate': 0.0002912178678518477, 'lr_reduce': 0.6}",TPESampler,COMPLETE
1516,0.060420531779527664,2025-04-26 00:36:02.735769,2025-04-26 00:36:47.139020,0 days 00:00:44.403251,0.005220159518540051,240,1,1,96,0.15242834414864867,256,4,1,128,0.29230327603897027,96,1,3,80,0.2816553994654039,496,480.0,208.0,3,1,0.0010266423381530177,0.6,/work3/arnaou/checkpoints/groupgat_Omega_trial_1516_best_state.pt,"{'learning_rate': 0.0010266423381530177, 'lr_reduce': 0.6}",TPESampler,COMPLETE
1517,0.05806886404752731,2025-04-26 00:36:28.738958,2025-04-26 00:37:45.928827,0 days 00:01:17.189869,0.08011474979439595,208,1,1,64,0.18068740421219534,256,4,2,112,0.2885579310003979,96,1,2,80,0.27317983941433815,480,480.0,384.0,3,2,0.0002730551087724501,0.6,/work3/arnaou/checkpoints/groupgat_Omega_trial_1517_best_state.pt,"{'learning_rate': 0.0002730551087724501, 'lr_reduce': 0.6}",TPESampler,COMPLETE
1518,0.07226810604333878,2025-04-26 00:36:47.461729,2025-04-26 00:37:47.731031,0 days 00:01:00.269302,0.19465584083724435,96,2,3,96,0.11211954854566125,112,2,4,32,0.2901342998141627,32,4,2,128,0.09647230064683356,32,432.0,,2,2,0.002276031214817378,0.6,/work3/arnaou/checkpoints/groupgat_Omega_trial_1518_best_state.pt,"{'learning_rate': 0.002276031214817378, 'lr_reduce': 0.6}",TPESampler,COMPLETE
1519,0.10671994835138321,2025-04-26 00:36:47.724601,2025-04-26 00:37:16.226404,0 days 00:00:28.501803,0.019611721004555605,224,4,2,112,0.04203695359243692,64,4,2,112,0.11238246351532491,64,3,1,80,0.2926508348981214,368,,,1,1,0.0034606684627154745,0.6,/work3/arnaou/checkpoints/groupgat_Omega_trial_1519_best_state.pt,"{'learning_rate': 0.0034606684627154745, 'lr_reduce': 0.6}",TPESampler,COMPLETE
1520,0.0663638487458229,2025-04-26 00:37:16.640838,2025-04-26 00:38:30.066657,0 days 00:01:13.425819,0.1167022634128355,256,3,1,64,0.21815034973235448,256,3,1,112,0.26616788035115174,80,2,3,96,0.26416584436021107,240,416.0,336.0,3,2,0.0011924905945490327,0.6,/work3/arnaou/checkpoints/groupgat_Omega_trial_1520_best_state.pt,"{'learning_rate': 0.0011924905945490327, 'lr_reduce': 0.6}",TPESampler,COMPLETE
