number,value,datetime_start,datetime_complete,duration,params_L1_dropout,params_L1_hidden_dim,params_L1_layers_atom,params_L1_layers_mol,params_L1_out_dim,params_L2_dropout,params_L2_hidden_dim,params_L2_layers_atom,params_L2_layers_mol,params_L2_out_dim,params_L3_dropout,params_L3_hidden_dim,params_L3_layers_atom,params_L3_layers_mol,params_L3_out_dim,params_final_dropout,params_mlp_dim_0,params_mlp_dim_1,params_mlp_dim_2,params_n_mlp_layers,params_num_heads,params_train_learning_rate,params_train_lr_reduce,user_attrs_best_state_dict_path,user_attrs_training_params,system_attrs_auto:sampler,state
1001,0.061963558197021484,2025-04-25 20:54:07.744848,2025-04-25 20:55:17.399416,0 days 00:01:09.654568,0.040038445563550525,208,2,2,32,0.15693547771370742,256,4,1,112,0.2946192463043075,80,2,2,80,0.22195026806808296,480,176.0,304.0,3,2,0.0007627452860316615,0.6,/work3/arnaou/checkpoints/groupgat_Omega_trial_1001_best_state.pt,"{'learning_rate': 0.0007627452860316615, 'lr_reduce': 0.6}",TPESampler,COMPLETE
1002,0.05314919352531433,2025-04-25 20:54:34.635619,2025-04-25 20:55:51.963799,0 days 00:01:17.328180,0.001103356453589048,240,1,1,80,0.12337325458722828,192,4,1,128,0.27890885046436087,112,4,4,64,0.2460117380025936,496,224.0,272.0,3,2,0.0002712937264740229,0.6,/work3/arnaou/checkpoints/groupgat_Omega_trial_1002_best_state.pt,"{'learning_rate': 0.0002712937264740229, 'lr_reduce': 0.6}",TPESampler,COMPLETE
1003,0.0592338852584362,2025-04-25 20:55:17.620891,2025-04-25 20:56:49.363451,0 days 00:01:31.742560,0.016737387972841584,176,2,2,32,0.12080989952591668,112,4,1,128,0.28699731037275494,32,3,3,80,0.11270256007280086,312,184.0,288.0,3,2,0.00010763241090912909,0.6,/work3/arnaou/checkpoints/groupgat_Omega_trial_1003_best_state.pt,"{'learning_rate': 0.00010763241090912909, 'lr_reduce': 0.6}",TPESampler,COMPLETE
1004,0.051667626947164536,2025-04-25 20:55:26.057595,2025-04-25 20:56:40.997390,0 days 00:01:14.939795,0.04131704976325419,240,1,1,112,0.12100540663303395,240,3,2,112,0.28651738823694284,32,4,3,80,0.2655478755948255,440,224.0,296.0,3,2,0.0002237440621069312,0.6,/work3/arnaou/checkpoints/groupgat_Omega_trial_1004_best_state.pt,"{'learning_rate': 0.0002237440621069312, 'lr_reduce': 0.6}",TPESampler,COMPLETE
1005,0.05849253013730049,2025-04-25 20:55:52.277300,2025-04-25 20:57:01.820410,0 days 00:01:09.543110,0.07797730365211095,208,1,1,80,0.0849467320041238,192,3,2,96,0.2065926998921008,48,4,4,96,0.29452712418001653,456,176.0,320.0,3,2,0.000635972533973383,0.6,/work3/arnaou/checkpoints/groupgat_Omega_trial_1005_best_state.pt,"{'learning_rate': 0.000635972533973383, 'lr_reduce': 0.6}",TPESampler,COMPLETE
1006,0.06051431968808174,2025-04-25 20:56:41.222271,2025-04-25 20:58:19.137725,0 days 00:01:37.915454,0.0971874763890854,256,1,1,128,0.10324586011551697,240,3,2,112,0.2328563836621258,32,4,3,64,0.15486911771701298,448,264.0,280.0,3,2,0.0027167220629902233,0.6,/work3/arnaou/checkpoints/groupgat_Omega_trial_1006_best_state.pt,"{'learning_rate': 0.0027167220629902233, 'lr_reduce': 0.6}",TPESampler,COMPLETE
1007,0.06591843068599701,2025-04-25 20:56:49.637824,2025-04-25 20:58:28.993502,0 days 00:01:39.355678,0.01537817990427241,240,1,1,64,0.18693134124915525,208,3,1,112,0.25424965745672545,64,2,4,112,0.2612195713220188,464,,,1,2,0.00013564831275547984,0.6,/work3/arnaou/checkpoints/groupgat_Omega_trial_1007_best_state.pt,"{'learning_rate': 0.00013564831275547984, 'lr_reduce': 0.6}",TPESampler,COMPLETE
1008,0.047115426510572433,2025-04-25 20:57:02.112719,2025-04-25 20:58:12.605867,0 days 00:01:10.493148,0.022831676503274802,256,1,1,80,0.12844418950603836,160,4,2,64,0.16241029366352527,48,4,4,80,0.15276853462677278,472,208.0,336.0,3,2,0.00047179483049063903,0.6,/work3/arnaou/checkpoints/groupgat_Omega_trial_1008_best_state.pt,"{'learning_rate': 0.00047179483049063903, 'lr_reduce': 0.6}",TPESampler,COMPLETE
1009,0.061095502227544785,2025-04-25 20:58:12.841133,2025-04-25 20:59:16.953538,0 days 00:01:04.112405,0.07420647467928904,224,2,1,64,0.19572422695217756,96,2,1,96,0.23662398550777894,80,3,4,48,0.27098684856746025,496,240.0,,2,2,0.0006241540146035996,0.6,/work3/arnaou/checkpoints/groupgat_Omega_trial_1009_best_state.pt,"{'learning_rate': 0.0006241540146035996, 'lr_reduce': 0.6}",TPESampler,COMPLETE
1010,0.06050631031394005,2025-04-25 20:58:19.358258,2025-04-25 20:59:11.432989,0 days 00:00:52.074731,0.020076728517278986,256,1,1,32,0.07420814201891421,256,3,1,128,0.23718431064089926,64,2,1,32,0.16914677722421206,496,272.0,344.0,3,2,0.0015104676100613527,0.6,/work3/arnaou/checkpoints/groupgat_Omega_trial_1010_best_state.pt,"{'learning_rate': 0.0015104676100613527, 'lr_reduce': 0.6}",TPESampler,COMPLETE
1011,0.06617596745491028,2025-04-25 20:58:29.186274,2025-04-25 21:00:02.742217,0 days 00:01:33.555943,0.08731870688380859,192,1,3,32,0.08818703449827324,96,4,1,128,0.23975848561424953,32,4,2,80,0.19607362745736087,496,240.0,352.0,3,2,0.0003643288975452342,0.6,/work3/arnaou/checkpoints/groupgat_Omega_trial_1011_best_state.pt,"{'learning_rate': 0.0003643288975452342, 'lr_reduce': 0.6}",TPESampler,COMPLETE
1012,0.05447453260421753,2025-04-25 20:59:11.654789,2025-04-25 21:00:26.658232,0 days 00:01:15.003443,0.044168008026579206,240,2,1,96,0.16273448968840148,112,4,2,32,0.16331501533237502,48,3,4,80,0.054744757952850887,488,288.0,,2,2,0.0012502383390537253,0.6,/work3/arnaou/checkpoints/groupgat_Omega_trial_1012_best_state.pt,"{'learning_rate': 0.0012502383390537253, 'lr_reduce': 0.6}",TPESampler,COMPLETE
1013,0.06224984675645828,2025-04-25 20:59:17.227442,2025-04-25 21:00:26.606950,0 days 00:01:09.379508,0.05910436371855675,224,1,2,96,0.12841673327196892,192,3,1,48,0.18277021606967317,32,4,4,64,0.1724544698295306,488,224.0,336.0,3,2,0.0002913181601391039,0.6,/work3/arnaou/checkpoints/groupgat_Omega_trial_1013_best_state.pt,"{'learning_rate': 0.0002913181601391039, 'lr_reduce': 0.6}",TPESampler,COMPLETE
1014,0.06268537044525146,2025-04-25 21:00:02.951776,2025-04-25 21:01:19.345986,0 days 00:01:16.394210,0.07537016810774344,224,1,1,80,0.10977669070238646,144,3,2,64,0.18923800048415929,64,4,3,64,0.19268655445779076,320,224.0,296.0,3,2,0.0003890129678860434,0.6,/work3/arnaou/checkpoints/groupgat_Omega_trial_1014_best_state.pt,"{'learning_rate': 0.0003890129678860434, 'lr_reduce': 0.6}",TPESampler,COMPLETE
1015,0.0524921678006649,2025-04-25 21:00:26.736978,2025-04-25 21:01:40.548442,0 days 00:01:13.811464,0.06345081790889781,208,1,2,80,0.16101560307421614,176,4,1,64,0.18943826552205872,64,4,4,96,0.07377811464563705,424,288.0,344.0,3,2,0.00030093841625249455,0.6,/work3/arnaou/checkpoints/groupgat_Omega_trial_1015_best_state.pt,"{'learning_rate': 0.00030093841625249455, 'lr_reduce': 0.6}",TPESampler,COMPLETE
1016,0.05653930455446243,2025-04-25 21:00:26.844802,2025-04-25 21:01:26.826862,0 days 00:00:59.982060,0.02556149884116358,128,1,2,80,0.0991927390514532,240,4,2,128,0.2411906437060582,32,2,3,64,0.2613119011535554,424,176.0,280.0,3,1,0.0010719249843826413,0.6,/work3/arnaou/checkpoints/groupgat_Omega_trial_1016_best_state.pt,"{'learning_rate': 0.0010719249843826413, 'lr_reduce': 0.6}",TPESampler,COMPLETE
1017,0.0584736131131649,2025-04-25 21:01:19.663826,2025-04-25 21:02:24.174621,0 days 00:01:04.510795,0.16232726679182463,192,1,1,32,0.1634112573348221,176,4,1,128,0.10712550314219889,64,2,3,96,0.09228531241741893,512,232.0,344.0,3,2,0.0005881296002211739,0.6,/work3/arnaou/checkpoints/groupgat_Omega_trial_1017_best_state.pt,"{'learning_rate': 0.0005881296002211739, 'lr_reduce': 0.6}",TPESampler,COMPLETE
1018,0.057843439280986786,2025-04-25 21:01:27.025409,2025-04-25 21:02:48.518497,0 days 00:01:21.493088,0.022114981824325558,240,1,1,112,0.15196617833961198,240,4,2,112,0.17107957981625954,32,4,2,32,0.22500274540402943,480,288.0,280.0,3,2,0.0005559833091739299,0.6,/work3/arnaou/checkpoints/groupgat_Omega_trial_1018_best_state.pt,"{'learning_rate': 0.0005559833091739299, 'lr_reduce': 0.6}",TPESampler,COMPLETE
1019,0.06334572285413742,2025-04-25 21:01:40.836626,2025-04-25 21:02:51.475704,0 days 00:01:10.639078,0.15138286282075977,240,1,1,80,0.14402994203836111,256,3,3,128,0.2771126686804647,48,3,3,48,0.20811874567313965,480,216.0,344.0,3,2,0.0008636922716371755,0.6,/work3/arnaou/checkpoints/groupgat_Omega_trial_1019_best_state.pt,"{'learning_rate': 0.0008636922716371755, 'lr_reduce': 0.6}",TPESampler,COMPLETE
1020,0.05679804086685181,2025-04-25 21:02:24.466035,2025-04-25 21:03:33.316867,0 days 00:01:08.850832,0.03135725637600602,256,2,1,80,0.2633295037685841,128,3,2,96,0.14274292639666886,48,4,4,96,0.05059906020908499,512,264.0,288.0,3,2,0.0009205938501683838,0.6,/work3/arnaou/checkpoints/groupgat_Omega_trial_1020_best_state.pt,"{'learning_rate': 0.0009205938501683838, 'lr_reduce': 0.6}",TPESampler,COMPLETE
1021,0.05192899703979492,2025-04-25 21:02:48.750424,2025-04-25 21:03:58.387880,0 days 00:01:09.637456,0.022139385026091522,256,2,2,64,0.14047401555190142,176,4,2,96,0.15665317005161591,48,4,4,64,0.14707966485380397,472,176.0,360.0,3,2,0.00039195164384549317,0.6,/work3/arnaou/checkpoints/groupgat_Omega_trial_1021_best_state.pt,"{'learning_rate': 0.00039195164384549317, 'lr_reduce': 0.6}",TPESampler,COMPLETE
1022,0.06087273359298706,2025-04-25 21:02:51.812018,2025-04-25 21:04:07.786964,0 days 00:01:15.974946,0.10400179465615035,240,1,1,80,0.084623697738996,224,4,3,112,0.28631359543440044,32,4,2,48,0.28312718660127,480,240.0,304.0,3,2,0.00039689128397406287,0.6,/work3/arnaou/checkpoints/groupgat_Omega_trial_1022_best_state.pt,"{'learning_rate': 0.00039689128397406287, 'lr_reduce': 0.6}",TPESampler,COMPLETE
1023,0.06415753811597824,2025-04-25 21:03:33.652495,2025-04-25 21:04:43.471220,0 days 00:01:09.818725,0.03767757432705211,256,2,1,48,0.08445336335145032,128,3,2,80,0.2817139565942164,48,4,4,96,0.28523172264790325,464,176.0,328.0,3,2,0.0013067424130576255,0.6,/work3/arnaou/checkpoints/groupgat_Omega_trial_1023_best_state.pt,"{'learning_rate': 0.0013067424130576255, 'lr_reduce': 0.6}",TPESampler,COMPLETE
1024,0.06069420650601387,2025-04-25 21:03:58.670798,2025-04-25 21:05:19.516771,0 days 00:01:20.845973,0.011832819977403151,256,1,2,64,0.16771541776651022,192,4,2,48,0.16364335721878154,48,4,3,96,0.16713266677632296,352,296.0,272.0,3,2,0.0008870009293308698,0.6,/work3/arnaou/checkpoints/groupgat_Omega_trial_1024_best_state.pt,"{'learning_rate': 0.0008870009293308698, 'lr_reduce': 0.6}",TPESampler,COMPLETE
1025,0.053955864161252975,2025-04-25 21:04:08.042530,2025-04-25 21:04:58.307341,0 days 00:00:50.264811,0.008218106014525476,176,2,3,64,0.07917124999287295,224,4,1,112,0.13656001020034214,64,2,2,112,0.2669477399370622,328,216.0,,2,1,0.0004648964997525865,0.6,/work3/arnaou/checkpoints/groupgat_Omega_trial_1025_best_state.pt,"{'learning_rate': 0.0004648964997525865, 'lr_reduce': 0.6}",TPESampler,COMPLETE
1026,0.05917708948254585,2025-04-25 21:04:43.738683,2025-04-25 21:06:04.886705,0 days 00:01:21.148022,0.06172746333396317,224,1,1,80,0.1112303789903113,144,3,3,64,0.16665342272725922,64,3,4,96,0.0798480880890556,512,256.0,376.0,3,2,0.0007420904055597026,0.6,/work3/arnaou/checkpoints/groupgat_Omega_trial_1026_best_state.pt,"{'learning_rate': 0.0007420904055597026, 'lr_reduce': 0.6}",TPESampler,COMPLETE
1027,0.0547122023999691,2025-04-25 21:04:58.782941,2025-04-25 21:05:58.449911,0 days 00:00:59.666970,0.024338588555923416,240,1,1,32,0.12916142007867146,224,4,1,128,0.24818438057630263,48,1,1,48,0.22247960762127644,408,160.0,256.0,3,2,0.0010191953660043979,0.6,/work3/arnaou/checkpoints/groupgat_Omega_trial_1027_best_state.pt,"{'learning_rate': 0.0010191953660043979, 'lr_reduce': 0.6}",TPESampler,COMPLETE
1028,0.05580839887261391,2025-04-25 21:05:19.822717,2025-04-25 21:06:32.695805,0 days 00:01:12.873088,0.05180103483981402,240,1,3,48,0.052424925343452264,208,3,1,128,0.29761385105725496,96,1,1,96,0.1834452824305765,456,296.0,320.0,3,1,0.0007887292970319931,0.6,/work3/arnaou/checkpoints/groupgat_Omega_trial_1028_best_state.pt,"{'learning_rate': 0.0007887292970319931, 'lr_reduce': 0.6}",TPESampler,COMPLETE
1029,0.0576428659260273,2025-04-25 21:05:58.651422,2025-04-25 21:07:17.450830,0 days 00:01:18.799408,0.08963066844984549,224,1,1,80,0.10051781645856103,256,4,1,128,0.14240002134629948,80,2,3,112,0.29761906903963814,504,216.0,336.0,3,2,0.0005215182023241374,0.6,/work3/arnaou/checkpoints/groupgat_Omega_trial_1029_best_state.pt,"{'learning_rate': 0.0005215182023241374, 'lr_reduce': 0.6}",TPESampler,COMPLETE
1030,0.06613551080226898,2025-04-25 21:06:05.936203,2025-04-25 21:08:12.516546,0 days 00:02:06.580343,0.1074586219323459,208,2,2,112,0.14040730639484067,240,4,3,112,0.21893431336441807,32,4,2,80,0.2481714311057261,336,168.0,264.0,3,2,0.003337014366751156,0.6,/work3/arnaou/checkpoints/groupgat_Omega_trial_1030_best_state.pt,"{'learning_rate': 0.003337014366751156, 'lr_reduce': 0.6}",TPESampler,COMPLETE
1031,0.04769912734627724,2025-04-25 21:06:32.893777,2025-04-25 21:07:48.251703,0 days 00:01:15.357926,0.02445730278652224,192,1,1,80,0.055455411947180025,208,3,3,64,0.22367042148802987,32,4,4,64,0.14218127852303802,392,264.0,368.0,3,2,0.0008159105854763513,0.6,/work3/arnaou/checkpoints/groupgat_Omega_trial_1031_best_state.pt,"{'learning_rate': 0.0008159105854763513, 'lr_reduce': 0.6}",TPESampler,COMPLETE
1032,0.05701233446598053,2025-04-25 21:07:17.756365,2025-04-25 21:08:30.746823,0 days 00:01:12.990458,0.11225882050061983,240,1,1,64,0.14529188499844298,160,4,1,96,0.16471484920909107,112,1,3,64,0.2723045996480272,376,168.0,296.0,3,2,0.0011045981360336726,0.6,/work3/arnaou/checkpoints/groupgat_Omega_trial_1032_best_state.pt,"{'learning_rate': 0.0011045981360336726, 'lr_reduce': 0.6}",TPESampler,COMPLETE
1033,0.06310104578733444,2025-04-25 21:07:48.453128,2025-04-25 21:08:58.610688,0 days 00:01:10.157560,0.07180429970523512,208,1,1,64,0.07838469043923439,176,2,3,80,0.17834468420376248,32,4,3,64,0.12629349530986622,280,296.0,384.0,3,1,0.0007371174079502458,0.6,/work3/arnaou/checkpoints/groupgat_Omega_trial_1033_best_state.pt,"{'learning_rate': 0.0007371174079502458, 'lr_reduce': 0.6}",TPESampler,COMPLETE
1034,0.05968852713704109,2025-04-25 21:08:12.702902,2025-04-25 21:09:31.845841,0 days 00:01:19.142939,0.056352239166497106,224,1,1,32,0.1385933035546112,128,3,1,96,0.18101781533312544,112,4,4,64,0.29446537623128805,464,272.0,,2,2,0.0005214476308043342,0.6,/work3/arnaou/checkpoints/groupgat_Omega_trial_1034_best_state.pt,"{'learning_rate': 0.0005214476308043342, 'lr_reduce': 0.6}",TPESampler,COMPLETE
1035,0.08386007696390152,2025-04-25 21:08:30.959946,2025-04-25 21:10:24.162850,0 days 00:01:53.202904,0.12300115071518483,256,2,1,128,0.23711481367580328,192,4,4,128,0.2742234912339076,48,4,2,80,0.20113573341633095,496,256.0,,2,2,0.0006019856691727489,0.6,/work3/arnaou/checkpoints/groupgat_Omega_trial_1035_best_state.pt,"{'learning_rate': 0.0006019856691727489, 'lr_reduce': 0.6}",TPESampler,COMPLETE
1036,0.05137680843472481,2025-04-25 21:08:58.858178,2025-04-25 21:10:00.466591,0 days 00:01:01.608413,0.06390521565961288,240,1,2,32,0.06255979074819505,240,4,1,112,0.25473395501935414,48,1,1,32,0.18269476080422015,408,304.0,376.0,3,1,0.0003515591156532044,0.6,/work3/arnaou/checkpoints/groupgat_Omega_trial_1036_best_state.pt,"{'learning_rate': 0.0003515591156532044, 'lr_reduce': 0.6}",TPESampler,COMPLETE
1037,0.05653606727719307,2025-04-25 21:09:32.037415,2025-04-25 21:10:50.506722,0 days 00:01:18.469307,0.059616933826227486,224,1,2,64,0.023143548990750856,208,4,2,48,0.19264492714396347,64,4,4,64,0.10995222184202627,376,248.0,384.0,3,2,0.0007537151079078474,0.6,/work3/arnaou/checkpoints/groupgat_Omega_trial_1037_best_state.pt,"{'learning_rate': 0.0007537151079078474, 'lr_reduce': 0.6}",TPESampler,COMPLETE
1038,0.055024877190589905,2025-04-25 21:10:00.757401,2025-04-25 21:11:12.092009,0 days 00:01:11.334608,0.09230231748883341,160,1,1,64,0.06955515190227854,192,1,3,96,0.24684013941043426,64,3,4,48,0.05632596646168446,488,240.0,376.0,3,2,0.0005739062076923085,0.6,/work3/arnaou/checkpoints/groupgat_Omega_trial_1038_best_state.pt,"{'learning_rate': 0.0005739062076923085, 'lr_reduce': 0.6}",TPESampler,COMPLETE
1039,0.04994659498333931,2025-04-25 21:10:24.487174,2025-04-25 21:11:42.437804,0 days 00:01:17.950630,0.028413493018597514,256,1,1,96,0.13233299096504217,192,4,2,80,0.13457220807591352,64,4,3,96,0.19246160962050726,464,280.0,384.0,3,2,0.0005020885580010267,0.6,/work3/arnaou/checkpoints/groupgat_Omega_trial_1039_best_state.pt,"{'learning_rate': 0.0005020885580010267, 'lr_reduce': 0.6}",TPESampler,COMPLETE
1040,0.06006181240081787,2025-04-25 21:10:50.758663,2025-04-25 21:12:02.093721,0 days 00:01:11.335058,0.021613168662666233,160,1,2,64,0.03603999237561276,176,3,3,32,0.27160819261620356,48,4,3,112,0.008685118589004115,320,224.0,368.0,3,2,0.0005847671390887187,0.6,/work3/arnaou/checkpoints/groupgat_Omega_trial_1040_best_state.pt,"{'learning_rate': 0.0005847671390887187, 'lr_reduce': 0.6}",TPESampler,COMPLETE
1041,0.05569255352020264,2025-04-25 21:11:12.384561,2025-04-25 21:12:13.934985,0 days 00:01:01.550424,0.002319148744326413,240,1,1,96,0.1018200851182432,112,3,2,80,0.2087642760045127,96,4,4,80,0.27303188073965134,440,288.0,,2,2,0.0009355756576628219,0.6,/work3/arnaou/checkpoints/groupgat_Omega_trial_1041_best_state.pt,"{'learning_rate': 0.0009355756576628219, 'lr_reduce': 0.6}",TPESampler,COMPLETE
1042,0.05800767242908478,2025-04-25 21:11:42.687404,2025-04-25 21:12:55.702810,0 days 00:01:13.015406,0.030245037799070812,128,1,1,80,0.14835609145595696,176,4,3,80,0.17902341469040173,32,4,4,80,0.06351867839729837,328,288.0,368.0,3,2,0.0014399264341729387,0.6,/work3/arnaou/checkpoints/groupgat_Omega_trial_1042_best_state.pt,"{'learning_rate': 0.0014399264341729387, 'lr_reduce': 0.6}",TPESampler,COMPLETE
1043,0.0661490187048912,2025-04-25 21:12:02.313845,2025-04-25 21:13:12.547510,0 days 00:01:10.233665,0.0856023820639447,160,1,1,96,0.04976766864618551,176,3,3,32,0.1823117487745912,32,4,3,80,0.15071555674210313,480,304.0,360.0,3,2,0.0005402790191363996,0.6,/work3/arnaou/checkpoints/groupgat_Omega_trial_1043_best_state.pt,"{'learning_rate': 0.0005402790191363996, 'lr_reduce': 0.6}",TPESampler,COMPLETE
1044,0.06619630753993988,2025-04-25 21:12:14.125746,2025-04-25 21:13:02.071023,0 days 00:00:47.945277,0.006601582733904175,144,1,1,80,0.07712819551062058,208,3,2,64,0.27986563958073213,48,4,4,48,0.1864803690675957,344,296.0,,2,2,0.005280970032499944,0.6,/work3/arnaou/checkpoints/groupgat_Omega_trial_1044_best_state.pt,"{'learning_rate': 0.005280970032499944, 'lr_reduce': 0.6}",TPESampler,COMPLETE
1045,0.06641808897256851,2025-04-25 21:12:55.977453,2025-04-25 21:14:00.290290,0 days 00:01:04.312837,0.07806606685287372,256,1,1,48,0.04437897012502509,64,2,1,128,0.11786108875437477,96,3,2,96,0.053530744121782776,448,,,1,2,0.000524488178838664,0.6,/work3/arnaou/checkpoints/groupgat_Omega_trial_1045_best_state.pt,"{'learning_rate': 0.000524488178838664, 'lr_reduce': 0.6}",TPESampler,COMPLETE
1046,0.06449975073337555,2025-04-25 21:13:02.313657,2025-04-25 21:14:17.806058,0 days 00:01:15.492401,0.05887769693003864,208,2,1,64,0.012934048190847591,224,2,3,48,0.22668338245767697,32,4,4,64,0.1768887737326017,408,264.0,352.0,3,2,0.0005731984046138825,0.6,/work3/arnaou/checkpoints/groupgat_Omega_trial_1046_best_state.pt,"{'learning_rate': 0.0005731984046138825, 'lr_reduce': 0.6}",TPESampler,COMPLETE
1047,0.06045186519622803,2025-04-25 21:13:12.792344,2025-04-25 21:13:57.113944,0 days 00:00:44.321600,0.0505214041294702,240,1,2,32,0.11168252332435966,240,4,1,96,0.2809043455412903,48,1,1,48,0.19371169602920646,384,224.0,344.0,3,2,0.001406819951439797,0.6,/work3/arnaou/checkpoints/groupgat_Omega_trial_1047_best_state.pt,"{'learning_rate': 0.001406819951439797, 'lr_reduce': 0.6}",TPESampler,COMPLETE
1048,0.056347720324993134,2025-04-25 21:13:57.343439,2025-04-25 21:15:10.905859,0 days 00:01:13.562420,0.01520347316082821,256,1,1,32,0.1001165407031801,176,4,1,128,0.20931389615786272,80,4,4,80,0.2954103061686151,480,264.0,384.0,3,2,0.0005149669660406255,0.6,/work3/arnaou/checkpoints/groupgat_Omega_trial_1048_best_state.pt,"{'learning_rate': 0.0005149669660406255, 'lr_reduce': 0.6}",TPESampler,COMPLETE
1049,0.057644639164209366,2025-04-25 21:14:00.600128,2025-04-25 21:14:55.533802,0 days 00:00:54.933674,0.01659870725454978,240,1,1,32,0.19568725178892407,208,4,2,96,0.21310125955245637,96,1,2,80,0.2301226786028001,352,296.0,344.0,3,2,0.0012706726767631263,0.6,/work3/arnaou/checkpoints/groupgat_Omega_trial_1049_best_state.pt,"{'learning_rate': 0.0012706726767631263, 'lr_reduce': 0.6}",TPESampler,COMPLETE
1050,0.0667402371764183,2025-04-25 21:14:18.058463,2025-04-25 21:15:58.357916,0 days 00:01:40.299453,0.17293668044916727,256,1,1,80,0.179053143822423,192,4,2,64,0.13309218520777016,64,4,3,96,0.18229371409566061,480,312.0,336.0,3,2,0.000343461700762415,0.6,/work3/arnaou/checkpoints/groupgat_Omega_trial_1050_best_state.pt,"{'learning_rate': 0.000343461700762415, 'lr_reduce': 0.6}",TPESampler,COMPLETE
1051,0.057122986763715744,2025-04-25 21:14:55.785246,2025-04-25 21:16:02.697321,0 days 00:01:06.912075,0.0364269491556436,256,1,1,96,0.12676236673865,240,4,2,80,0.09818637534586999,48,4,2,96,0.07362956847099027,416,200.0,384.0,3,2,0.0005665385205373201,0.6,/work3/arnaou/checkpoints/groupgat_Omega_trial_1051_best_state.pt,"{'learning_rate': 0.0005665385205373201, 'lr_reduce': 0.6}",TPESampler,COMPLETE
1052,0.06089327111840248,2025-04-25 21:15:11.155186,2025-04-25 21:16:23.131347,0 days 00:01:11.976161,0.0059332429033403,240,1,1,96,0.0032126296187584558,176,4,2,112,0.2869832900840627,64,4,3,112,0.23913165991192809,512,232.0,328.0,3,2,0.000907874804407228,0.6,/work3/arnaou/checkpoints/groupgat_Omega_trial_1052_best_state.pt,"{'learning_rate': 0.000907874804407228, 'lr_reduce': 0.6}",TPESampler,COMPLETE
