number,value,datetime_start,datetime_complete,duration,params_L1_dropout,params_L1_hidden_dim,params_L1_layers_atom,params_L1_layers_mol,params_L1_out_dim,params_L2_dropout,params_L2_hidden_dim,params_L2_layers_atom,params_L2_layers_mol,params_L2_out_dim,params_L3_dropout,params_L3_hidden_dim,params_L3_layers_atom,params_L3_layers_mol,params_L3_out_dim,params_final_dropout,params_mlp_dim_0,params_mlp_dim_1,params_mlp_dim_2,params_n_mlp_layers,params_num_heads,params_train_learning_rate,params_train_lr_reduce,user_attrs_best_state_dict_path,user_attrs_training_params,system_attrs_auto:sampler,state
1677,0.05703315511345863,2025-04-26 01:43:15.102596,2025-04-26 01:44:43.296700,0 days 00:01:28.194104,0.03264007819009257,208,2,3,48,0.19657841555247854,192,4,3,32,0.16539697978430312,64,2,2,80,0.2809628367487582,240,136.0,288.0,3,2,0.00043004035100532704,0.6,/work3/arnaou/checkpoints/groupgat_Omega_trial_1677_best_state.pt,"{'learning_rate': 0.00043004035100532704, 'lr_reduce': 0.6}",TPESampler,COMPLETE
1678,0.06189771369099617,2025-04-26 01:43:21.995692,2025-04-26 01:44:41.719326,0 days 00:01:19.723634,0.11924322539570667,192,2,1,96,0.03924702847181667,176,4,1,48,0.05380574594066763,32,4,2,80,0.20394156329758817,392,256.0,328.0,3,2,0.0003613651517601266,0.6,/work3/arnaou/checkpoints/groupgat_Omega_trial_1678_best_state.pt,"{'learning_rate': 0.0003613651517601266, 'lr_reduce': 0.6}",TPESampler,COMPLETE
1679,0.054977960884571075,2025-04-26 01:43:32.692824,2025-04-26 01:45:37.123271,0 days 00:02:04.430447,0.059045473732772275,224,2,1,48,0.14814996848977519,256,4,1,112,0.09810593100785664,32,3,1,80,0.2883099613479505,216,312.0,,2,2,0.0001101258583296987,0.6,/work3/arnaou/checkpoints/groupgat_Omega_trial_1679_best_state.pt,"{'learning_rate': 0.0001101258583296987, 'lr_reduce': 0.6}",TPESampler,COMPLETE
1680,0.057363081723451614,2025-04-26 01:44:41.963486,2025-04-26 01:45:59.908901,0 days 00:01:17.945415,0.04829915603372427,256,2,1,32,0.16552144233075453,160,4,1,112,0.24042994909089477,80,1,3,80,0.12858031819729754,328,448.0,256.0,3,2,0.0005895331911832496,0.6,/work3/arnaou/checkpoints/groupgat_Omega_trial_1680_best_state.pt,"{'learning_rate': 0.0005895331911832496, 'lr_reduce': 0.6}",TPESampler,COMPLETE
1681,0.0563591793179512,2025-04-26 01:44:43.528271,2025-04-26 01:45:43.249205,0 days 00:00:59.720934,0.07428577741665189,224,1,2,64,0.0450557994643913,256,4,1,112,0.2655940935725817,48,1,2,32,0.18063343832424095,400,176.0,,2,2,0.0007277568342217055,0.6,/work3/arnaou/checkpoints/groupgat_Omega_trial_1681_best_state.pt,"{'learning_rate': 0.0007277568342217055, 'lr_reduce': 0.6}",TPESampler,COMPLETE
1682,0.053708869963884354,2025-04-26 01:45:37.367302,2025-04-26 01:46:53.481353,0 days 00:01:16.114051,0.033539018441946275,256,2,2,80,0.08346228904387132,160,4,2,32,0.1594870387199251,48,3,2,32,0.270412675000451,480,72.0,376.0,3,2,0.0009980634345738448,0.6,/work3/arnaou/checkpoints/groupgat_Omega_trial_1682_best_state.pt,"{'learning_rate': 0.0009980634345738448, 'lr_reduce': 0.6}",TPESampler,COMPLETE
1683,0.05261886119842529,2025-04-26 01:45:43.548479,2025-04-26 01:47:25.143789,0 days 00:01:41.595310,0.027429601790988842,240,1,3,48,0.1944110913683397,256,4,1,112,0.09084542240894838,64,4,2,80,0.27380000994414255,448,408.0,,2,2,0.00021682793376805675,0.6,/work3/arnaou/checkpoints/groupgat_Omega_trial_1683_best_state.pt,"{'learning_rate': 0.00021682793376805675, 'lr_reduce': 0.6}",TPESampler,COMPLETE
1684,0.08070693165063858,2025-04-26 01:46:00.198080,2025-04-26 01:46:45.437545,0 days 00:00:45.239465,0.11327211156710884,192,2,1,64,0.19689241715421685,224,3,2,128,0.24777251594587427,48,1,2,80,0.20684236615006202,368,232.0,312.0,3,2,0.0023781841443926703,0.6,/work3/arnaou/checkpoints/groupgat_Omega_trial_1684_best_state.pt,"{'learning_rate': 0.0023781841443926703, 'lr_reduce': 0.6}",TPESampler,COMPLETE
1685,0.19664277136325836,2025-04-26 01:46:45.687911,2025-04-26 01:48:00.472854,0 days 00:01:14.784943,0.26583760661328826,64,3,4,48,0.20325235822306487,240,4,4,112,0.10734380411288691,32,2,2,64,0.10606032301199356,440,,,1,1,0.00028222168113647153,0.6,/work3/arnaou/checkpoints/groupgat_Omega_trial_1685_best_state.pt,"{'learning_rate': 0.00028222168113647153, 'lr_reduce': 0.6}",TPESampler,COMPLETE
1686,0.05196462571620941,2025-04-26 01:46:53.730307,2025-04-26 01:48:00.215259,0 days 00:01:06.484952,0.03764161553395752,256,1,2,80,0.13848287065919201,224,4,1,128,0.22528729929062588,48,1,2,32,0.13156269770236928,320,112.0,376.0,3,2,0.00046988179042523867,0.6,/work3/arnaou/checkpoints/groupgat_Omega_trial_1686_best_state.pt,"{'learning_rate': 0.00046988179042523867, 'lr_reduce': 0.6}",TPESampler,COMPLETE
1687,0.17276427149772644,2025-04-26 01:47:25.520896,2025-04-26 01:48:25.930455,0 days 00:01:00.409559,0.18462399119807663,176,2,2,32,0.17169370401546857,64,3,3,80,0.007784635219873659,32,2,3,48,0.13083263947659474,56,,,1,1,0.00036392400483588864,0.6,/work3/arnaou/checkpoints/groupgat_Omega_trial_1687_best_state.pt,"{'learning_rate': 0.00036392400483588864, 'lr_reduce': 0.6}",TPESampler,COMPLETE
1688,0.05481314659118652,2025-04-26 01:48:00.544463,2025-04-26 01:49:15.362524,0 days 00:01:14.818061,0.007075691404969031,240,1,2,96,0.16060082970610512,192,3,2,128,0.2834511235527729,112,1,3,80,0.25787105882798095,512,344.0,296.0,3,2,0.0004919012348816897,0.6,/work3/arnaou/checkpoints/groupgat_Omega_trial_1688_best_state.pt,"{'learning_rate': 0.0004919012348816897, 'lr_reduce': 0.6}",TPESampler,COMPLETE
1689,0.11168759316205978,2025-04-26 01:48:00.895296,2025-04-26 01:49:07.733440,0 days 00:01:06.838144,0.1733667294722517,112,4,4,96,0.11750046833007949,240,4,2,32,0.2550162976429642,32,2,3,96,0.0032596803382046735,264,208.0,472.0,3,1,0.006238982924593527,0.6,/work3/arnaou/checkpoints/groupgat_Omega_trial_1689_best_state.pt,"{'learning_rate': 0.006238982924593527, 'lr_reduce': 0.6}",TPESampler,COMPLETE
1690,0.06164093315601349,2025-04-26 01:48:26.172780,2025-04-26 01:49:34.608929,0 days 00:01:08.436149,0.13243679445227807,224,2,2,112,0.07886361333681331,256,4,2,112,0.24451339274788558,32,4,3,80,0.20851010545456206,408,160.0,,2,1,0.0003739181538254448,0.6,/work3/arnaou/checkpoints/groupgat_Omega_trial_1690_best_state.pt,"{'learning_rate': 0.0003739181538254448, 'lr_reduce': 0.6}",TPESampler,COMPLETE
1691,0.06338545680046082,2025-04-26 01:49:08.196693,2025-04-26 01:50:11.480201,0 days 00:01:03.283508,0.0136985637425287,240,1,2,48,0.12364835451787488,240,4,2,96,0.12227960566884041,48,1,2,32,0.11209147633354449,440,272.0,232.0,3,2,0.000597772260492544,0.6,/work3/arnaou/checkpoints/groupgat_Omega_trial_1691_best_state.pt,"{'learning_rate': 0.000597772260492544, 'lr_reduce': 0.6}",TPESampler,COMPLETE
1692,0.0591554194688797,2025-04-26 01:49:15.627267,2025-04-26 01:50:13.428143,0 days 00:00:57.800876,0.10407673582159263,256,1,1,32,0.270909359725116,208,3,1,96,0.2948362013995924,96,1,1,80,0.16604698480676822,360,464.0,,2,2,0.0008793768926872211,0.6,/work3/arnaou/checkpoints/groupgat_Omega_trial_1692_best_state.pt,"{'learning_rate': 0.0008793768926872211, 'lr_reduce': 0.6}",TPESampler,COMPLETE
1693,0.05666171386837959,2025-04-26 01:49:34.915428,2025-04-26 01:50:33.998939,0 days 00:00:59.083511,0.022843648222598593,240,1,2,32,0.06037348104517005,256,4,1,112,0.2684183932752538,64,1,1,48,0.15121733246091673,512,232.0,344.0,3,2,0.0006683389870294768,0.6,/work3/arnaou/checkpoints/groupgat_Omega_trial_1693_best_state.pt,"{'learning_rate': 0.0006683389870294768, 'lr_reduce': 0.6}",TPESampler,COMPLETE
1694,0.05969219654798508,2025-04-26 01:50:11.810941,2025-04-26 01:51:28.326272,0 days 00:01:16.515331,0.06369861475616796,224,1,1,112,0.014607922481320992,160,4,1,112,0.019814646792938054,32,4,3,96,0.2319104693289972,344,512.0,408.0,3,2,0.0009838861736006668,0.6,/work3/arnaou/checkpoints/groupgat_Omega_trial_1694_best_state.pt,"{'learning_rate': 0.0009838861736006668, 'lr_reduce': 0.6}",TPESampler,COMPLETE
1695,0.05524619296193123,2025-04-26 01:50:13.726754,2025-04-26 01:51:20.158649,0 days 00:01:06.431895,0.07631042758485025,208,1,2,64,0.13034144529159372,128,4,1,96,0.23070863670262037,80,1,2,80,0.22709412810185836,344,392.0,328.0,3,2,0.0009244281026947348,0.6,/work3/arnaou/checkpoints/groupgat_Omega_trial_1695_best_state.pt,"{'learning_rate': 0.0009244281026947348, 'lr_reduce': 0.6}",TPESampler,COMPLETE
1696,0.05358729138970375,2025-04-26 01:50:34.354750,2025-04-26 01:51:45.705570,0 days 00:01:11.350820,0.06191568581867423,256,1,2,32,0.15333357048582774,256,4,1,80,0.22481863429587198,64,2,2,32,0.16648125189583837,392,152.0,280.0,3,2,0.00034187069466913263,0.6,/work3/arnaou/checkpoints/groupgat_Omega_trial_1696_best_state.pt,"{'learning_rate': 0.00034187069466913263, 'lr_reduce': 0.6}",TPESampler,COMPLETE
1697,0.05705447494983673,2025-04-26 01:51:20.442799,2025-04-26 01:52:37.275503,0 days 00:01:16.832704,0.037887518175269724,256,2,1,80,0.06969928161731638,208,4,2,64,0.1129834448694556,80,4,3,80,0.22748191452797256,368,296.0,360.0,3,2,0.00042181853253042825,0.6,/work3/arnaou/checkpoints/groupgat_Omega_trial_1697_best_state.pt,"{'learning_rate': 0.00042181853253042825, 'lr_reduce': 0.6}",TPESampler,COMPLETE
1698,0.06797652691602707,2025-04-26 01:51:28.556841,2025-04-26 01:53:03.451978,0 days 00:01:34.895137,0.04993572870575566,208,2,1,32,0.16555571433787514,256,3,3,80,0.04852827064055128,96,2,2,96,0.2724089026846116,432,104.0,,2,2,0.0006851247188608223,0.6,/work3/arnaou/checkpoints/groupgat_Omega_trial_1698_best_state.pt,"{'learning_rate': 0.0006851247188608223, 'lr_reduce': 0.6}",TPESampler,COMPLETE
1699,0.8363747000694275,2025-04-26 01:51:46.001683,2025-04-26 01:52:02.304621,0 days 00:00:16.302938,0.04889049391087161,128,4,3,112,0.004772277734271968,64,4,2,48,0.057925287006153695,64,4,3,128,0.18727520557471317,176,,,1,1,0.00019092641440995222,0.6,/work3/arnaou/checkpoints/groupgat_Omega_trial_1699_best_state.pt,"{'learning_rate': 0.00019092641440995222, 'lr_reduce': 0.6}",TPESampler,COMPLETE
1700,0.061219681054353714,2025-04-26 01:52:02.591860,2025-04-26 01:53:03.094758,0 days 00:01:00.502898,0.0091588351531241,208,1,1,64,0.136045802063633,256,4,2,128,0.25819924765376395,96,2,3,112,0.2519459071117016,496,192.0,304.0,3,2,0.0005638905107355278,0.6,/work3/arnaou/checkpoints/groupgat_Omega_trial_1700_best_state.pt,"{'learning_rate': 0.0005638905107355278, 'lr_reduce': 0.6}",TPESampler,COMPLETE
1701,0.06871991604566574,2025-04-26 01:52:37.597599,2025-04-26 01:53:52.712128,0 days 00:01:15.114529,0.1288560682748144,256,1,1,64,0.1882133237626777,256,4,1,112,0.06945916836946567,32,3,1,64,0.2937153654424981,488,248.0,392.0,3,2,0.00015125162771668338,0.6,/work3/arnaou/checkpoints/groupgat_Omega_trial_1701_best_state.pt,"{'learning_rate': 0.00015125162771668338, 'lr_reduce': 0.6}",TPESampler,COMPLETE
1702,0.06314609199762344,2025-04-26 01:53:03.402664,2025-04-26 01:54:17.485570,0 days 00:01:14.082906,0.04739592783896026,208,2,2,32,0.1563474478741443,192,4,2,64,0.1758672724692772,48,2,2,128,0.23807709457139964,328,456.0,240.0,3,2,0.0002699547473113415,0.6,/work3/arnaou/checkpoints/groupgat_Omega_trial_1702_best_state.pt,"{'learning_rate': 0.0002699547473113415, 'lr_reduce': 0.6}",TPESampler,COMPLETE
1703,0.11166993528604507,2025-04-26 01:53:03.976723,2025-04-26 01:54:23.013692,0 days 00:01:19.036969,0.27530661710512044,240,2,3,112,0.08465938905712976,208,3,1,80,0.10624820780109664,80,1,2,112,0.2969690241345041,456,,,1,1,0.0011817144764966396,0.6,/work3/arnaou/checkpoints/groupgat_Omega_trial_1703_best_state.pt,"{'learning_rate': 0.0011817144764966396, 'lr_reduce': 0.6}",TPESampler,COMPLETE
1704,0.0544433668255806,2025-04-26 01:53:52.980710,2025-04-26 01:54:43.914930,0 days 00:00:50.934220,0.02611546159179962,240,1,1,48,0.15721077562183808,224,4,1,112,0.21915771511345322,32,1,2,32,0.11694292283607455,504,216.0,328.0,3,2,0.001124573576693732,0.6,/work3/arnaou/checkpoints/groupgat_Omega_trial_1704_best_state.pt,"{'learning_rate': 0.001124573576693732, 'lr_reduce': 0.6}",TPESampler,COMPLETE
1705,0.06730536371469498,2025-04-26 01:54:17.785381,2025-04-26 01:55:16.703286,0 days 00:00:58.917905,0.07735638170148694,256,1,1,64,0.09417713884858216,192,4,1,48,0.02531441432124193,64,4,3,80,0.22777149710458128,512,416.0,352.0,3,2,0.0006111959145242704,0.6,/work3/arnaou/checkpoints/groupgat_Omega_trial_1705_best_state.pt,"{'learning_rate': 0.0006111959145242704, 'lr_reduce': 0.6}",TPESampler,COMPLETE
1706,0.06556585431098938,2025-04-26 01:54:23.262192,2025-04-26 01:55:13.644079,0 days 00:00:50.381887,0.10360320946416937,256,1,3,80,0.06627403213202576,192,3,1,64,0.14476993376658026,48,3,2,96,0.20447602253658292,448,72.0,,2,2,0.002544374587076334,0.6,/work3/arnaou/checkpoints/groupgat_Omega_trial_1706_best_state.pt,"{'learning_rate': 0.002544374587076334, 'lr_reduce': 0.6}",TPESampler,COMPLETE
1707,0.8882291913032532,2025-04-26 01:54:44.312879,2025-04-26 01:54:58.797634,0 days 00:00:14.484755,0.2246006830040792,64,2,3,32,0.06050650066793645,176,4,3,64,0.2750092977963064,128,3,2,32,0.12250859951846838,512,296.0,280.0,3,1,0.00028295114609887007,0.6,/work3/arnaou/checkpoints/groupgat_Omega_trial_1707_best_state.pt,"{'learning_rate': 0.00028295114609887007, 'lr_reduce': 0.6}",TPESampler,COMPLETE
1708,0.06839200854301453,2025-04-26 01:54:59.078475,2025-04-26 01:56:01.091841,0 days 00:01:02.013366,0.2392582749821724,160,1,3,64,0.09967400791152707,240,3,4,112,0.026035767549599673,32,3,1,64,0.18586327109535122,184,152.0,,2,2,0.006868250110814906,0.6,/work3/arnaou/checkpoints/groupgat_Omega_trial_1708_best_state.pt,"{'learning_rate': 0.006868250110814906, 'lr_reduce': 0.6}",TPESampler,COMPLETE
1709,0.0654279962182045,2025-04-26 01:55:13.921811,2025-04-26 01:56:59.901127,0 days 00:01:45.979316,0.11119139957183999,240,2,1,32,0.15785615419863866,192,4,2,32,0.20696989871010973,48,2,1,64,0.2901696990699636,256,248.0,400.0,3,2,0.00029016378078685777,0.6,/work3/arnaou/checkpoints/groupgat_Omega_trial_1709_best_state.pt,"{'learning_rate': 0.00029016378078685777, 'lr_reduce': 0.6}",TPESampler,COMPLETE
1710,0.05302313715219498,2025-04-26 01:55:16.965158,2025-04-26 01:56:32.987089,0 days 00:01:16.021931,0.11065339507877056,224,1,1,112,0.09775204308333141,192,4,2,128,0.21931682781648992,32,4,3,80,0.10969490296533169,392,344.0,328.0,3,2,0.000381537717752293,0.6,/work3/arnaou/checkpoints/groupgat_Omega_trial_1710_best_state.pt,"{'learning_rate': 0.000381537717752293, 'lr_reduce': 0.6}",TPESampler,COMPLETE
1711,0.08193392306566238,2025-04-26 01:56:01.384597,2025-04-26 01:57:11.161625,0 days 00:01:09.777028,0.12632382774248738,192,1,2,128,0.17909812010268622,160,3,4,128,0.13521330929344147,128,2,4,96,0.09788673488003527,64,480.0,,2,1,0.0001872011940536796,0.6,/work3/arnaou/checkpoints/groupgat_Omega_trial_1711_best_state.pt,"{'learning_rate': 0.0001872011940536796, 'lr_reduce': 0.6}",TPESampler,COMPLETE
1712,0.06094839796423912,2025-04-26 01:56:33.256827,2025-04-26 01:57:46.722511,0 days 00:01:13.465684,0.005806877093527802,224,1,2,48,0.05705754737557456,192,4,3,96,0.2764012205343015,64,4,2,80,0.2810012622730328,464,184.0,256.0,3,2,0.0006113990137531288,0.6,/work3/arnaou/checkpoints/groupgat_Omega_trial_1712_best_state.pt,"{'learning_rate': 0.0006113990137531288, 'lr_reduce': 0.6}",TPESampler,COMPLETE
1713,0.05450526624917984,2025-04-26 01:57:00.354977,2025-04-26 01:58:08.016118,0 days 00:01:07.661141,0.005107703786334197,240,1,1,96,0.04909377468297611,208,4,1,80,0.060544424324955576,48,3,2,48,0.16513019677086385,432,136.0,360.0,3,1,0.0003643232522202328,0.6,/work3/arnaou/checkpoints/groupgat_Omega_trial_1713_best_state.pt,"{'learning_rate': 0.0003643232522202328, 'lr_reduce': 0.6}",TPESampler,COMPLETE
1714,0.07069003582000732,2025-04-26 01:57:11.520308,2025-04-26 01:58:50.556206,0 days 00:01:39.035898,0.06845702292508979,224,2,2,64,0.13485739430030125,224,3,3,48,0.12867211791446503,112,4,1,48,0.2191125468512784,280,,,1,2,0.000781094549741133,0.6,/work3/arnaou/checkpoints/groupgat_Omega_trial_1714_best_state.pt,"{'learning_rate': 0.000781094549741133, 'lr_reduce': 0.6}",TPESampler,COMPLETE
1715,0.05118723213672638,2025-04-26 01:57:47.631746,2025-04-26 01:59:55.665451,0 days 00:02:08.033705,0.04494306442660968,208,1,2,32,0.09879862015753149,160,4,1,112,0.24061698029139023,64,3,2,96,0.13030029719706512,392,264.0,288.0,3,2,0.00029298220455603276,0.6,/work3/arnaou/checkpoints/groupgat_Omega_trial_1715_best_state.pt,"{'learning_rate': 0.00029298220455603276, 'lr_reduce': 0.6}",TPESampler,COMPLETE
1716,0.0636911690235138,2025-04-26 01:58:08.245945,2025-04-26 01:59:27.640686,0 days 00:01:19.394741,0.01637791318042841,160,1,1,96,0.05592474973088327,224,3,4,80,0.21725620825293152,64,4,4,48,0.10513768853335301,440,72.0,416.0,3,1,0.0009123976975982643,0.6,/work3/arnaou/checkpoints/groupgat_Omega_trial_1716_best_state.pt,"{'learning_rate': 0.0009123976975982643, 'lr_reduce': 0.6}",TPESampler,COMPLETE
1717,0.09763231873512268,2025-04-26 01:58:50.856796,2025-04-26 02:00:41.158851,0 days 00:01:50.302055,0.08459352664132054,224,4,4,128,0.22374188152465851,208,2,1,112,0.2773364346145426,32,3,3,64,0.13573158885422862,448,,,1,1,0.00268049471034921,0.6,/work3/arnaou/checkpoints/groupgat_Omega_trial_1717_best_state.pt,"{'learning_rate': 0.00268049471034921, 'lr_reduce': 0.6}",TPESampler,COMPLETE
1718,0.052614789456129074,2025-04-26 01:59:27.873805,2025-04-26 02:00:40.914139,0 days 00:01:13.040334,0.0008479882924940681,240,1,1,32,0.10234154334644333,256,3,1,112,0.21960521864732727,48,1,2,32,0.22996634273264782,264,192.0,320.0,3,2,0.00018609781405643267,0.6,/work3/arnaou/checkpoints/groupgat_Omega_trial_1718_best_state.pt,"{'learning_rate': 0.00018609781405643267, 'lr_reduce': 0.6}",TPESampler,COMPLETE
1719,0.8871272206306458,2025-04-26 01:59:56.094159,2025-04-26 02:00:16.082127,0 days 00:00:19.987968,0.21071143531107528,80,2,4,96,0.28258020867093786,96,4,3,112,0.18061004123999827,64,2,1,64,0.2671336131345748,240,112.0,368.0,3,2,0.000205922846753382,0.6,/work3/arnaou/checkpoints/groupgat_Omega_trial_1719_best_state.pt,"{'learning_rate': 0.000205922846753382, 'lr_reduce': 0.6}",TPESampler,COMPLETE
1720,0.06490329653024673,2025-04-26 02:00:16.466716,2025-04-26 02:01:39.219990,0 days 00:01:22.753274,0.08611899195295275,144,2,2,32,0.16006769212788963,144,4,2,64,0.2688752222288588,32,2,1,128,0.197745606108433,440,448.0,224.0,3,2,0.0003485114518556336,0.6,/work3/arnaou/checkpoints/groupgat_Omega_trial_1720_best_state.pt,"{'learning_rate': 0.0003485114518556336, 'lr_reduce': 0.6}",TPESampler,COMPLETE
1721,0.06273490190505981,2025-04-26 02:00:41.243810,2025-04-26 02:02:17.859479,0 days 00:01:36.615669,0.26948556952284497,80,1,3,112,0.1426255756838103,256,4,3,64,0.21149591419839034,32,3,1,32,0.04910004863199478,136,232.0,,2,2,0.0005884136869155958,0.6,/work3/arnaou/checkpoints/groupgat_Omega_trial_1721_best_state.pt,"{'learning_rate': 0.0005884136869155958, 'lr_reduce': 0.6}",TPESampler,COMPLETE
1722,0.05422522500157356,2025-04-26 02:00:41.532544,2025-04-26 02:02:30.120438,0 days 00:01:48.587894,0.013399625663046677,256,1,1,32,0.23554594273303311,240,4,1,128,0.1716941743436875,64,1,2,32,0.17166514222730264,488,296.0,,2,2,0.0002386438699444918,0.6,/work3/arnaou/checkpoints/groupgat_Omega_trial_1722_best_state.pt,"{'learning_rate': 0.0002386438699444918, 'lr_reduce': 0.6}",TPESampler,COMPLETE
1723,0.07321728765964508,2025-04-26 02:01:40.152045,2025-04-26 02:02:40.958977,0 days 00:01:00.806932,0.23444756466201372,240,1,2,80,0.18993679736906327,256,2,4,128,0.11311124791322155,64,1,3,112,0.059099830666781664,208,384.0,312.0,3,1,0.0005859270203818716,0.6,/work3/arnaou/checkpoints/groupgat_Omega_trial_1723_best_state.pt,"{'learning_rate': 0.0005859270203818716, 'lr_reduce': 0.6}",TPESampler,COMPLETE
1724,0.44388851523399353,2025-04-26 02:02:18.249311,2025-04-26 02:02:52.254094,0 days 00:00:34.004783,0.189305656578037,64,2,2,112,0.1811425804112076,240,1,4,32,0.22021527107829178,128,3,2,96,0.29762313739431234,304,192.0,,2,2,0.007627519256664632,0.6,/work3/arnaou/checkpoints/groupgat_Omega_trial_1724_best_state.pt,"{'learning_rate': 0.007627519256664632, 'lr_reduce': 0.6}",TPESampler,COMPLETE
1725,0.13134656846523285,2025-04-26 02:02:30.399887,2025-04-26 02:03:35.235498,0 days 00:01:04.835611,0.2542649954634211,144,2,2,48,0.04553114857419144,80,1,1,80,0.06592302314370467,96,3,2,128,0.14491609821035578,248,432.0,360.0,3,1,0.0001151673011599879,0.6,/work3/arnaou/checkpoints/groupgat_Omega_trial_1725_best_state.pt,"{'learning_rate': 0.0001151673011599879, 'lr_reduce': 0.6}",TPESampler,COMPLETE
1726,0.0553726851940155,2025-04-26 02:02:41.201092,2025-04-26 02:03:36.890571,0 days 00:00:55.689479,0.033911539573270325,208,1,2,32,0.22539346817725575,240,3,1,112,0.20470967077074192,64,1,2,32,0.17494732585531153,304,256.0,272.0,3,2,0.0006655658708759237,0.6,/work3/arnaou/checkpoints/groupgat_Omega_trial_1726_best_state.pt,"{'learning_rate': 0.0006655658708759237, 'lr_reduce': 0.6}",TPESampler,COMPLETE
1727,0.12046987563371658,2025-04-26 02:02:52.606310,2025-04-26 02:03:46.077154,0 days 00:00:53.470844,0.231870052818702,224,4,1,96,0.22470072197735041,208,2,1,32,0.11401231592743465,64,1,3,64,0.11067192727201851,512,480.0,,2,1,0.002656920647729442,0.6,/work3/arnaou/checkpoints/groupgat_Omega_trial_1727_best_state.pt,"{'learning_rate': 0.002656920647729442, 'lr_reduce': 0.6}",TPESampler,COMPLETE
1728,0.0648408979177475,2025-04-26 02:03:35.525292,2025-04-26 02:04:33.904214,0 days 00:00:58.378922,0.1528517827354722,80,3,4,96,0.247378334952025,224,4,1,128,0.2308888041856025,32,1,1,80,0.15696926404470893,40,152.0,,2,1,0.007968000927314221,0.6,/work3/arnaou/checkpoints/groupgat_Omega_trial_1728_best_state.pt,"{'learning_rate': 0.007968000927314221, 'lr_reduce': 0.6}",TPESampler,COMPLETE
