number,value,datetime_start,datetime_complete,duration,params_L1_dropout,params_L1_hidden_dim,params_L1_layers_atom,params_L1_layers_mol,params_L1_out_dim,params_L2_dropout,params_L2_hidden_dim,params_L2_layers_atom,params_L2_layers_mol,params_L2_out_dim,params_L3_dropout,params_L3_hidden_dim,params_L3_layers_atom,params_L3_layers_mol,params_L3_out_dim,params_final_dropout,params_mlp_dim_0,params_mlp_dim_1,params_mlp_dim_2,params_n_mlp_layers,params_num_heads,params_train_learning_rate,params_train_lr_reduce,user_attrs_best_state_dict_path,user_attrs_training_params,system_attrs_auto:sampler,state
1937,0.0836823582649231,2025-04-26 03:26:36.178527,2025-04-26 03:27:56.100290,0 days 00:01:19.921763,0.2895206774556253,144,4,1,128,0.28053009561405284,144,4,1,80,0.0797957659295852,128,2,3,112,0.11787722806161902,304,368.0,288.0,3,1,0.005010263568151772,0.6,/work3/arnaou/checkpoints/groupgat_Omega_trial_1937_best_state.pt,"{'learning_rate': 0.005010263568151772, 'lr_reduce': 0.6}",TPESampler,COMPLETE
1938,0.06250486522912979,2025-04-26 03:27:01.245755,2025-04-26 03:28:31.220813,0 days 00:01:29.975058,0.10081894456020368,224,2,2,48,0.17735720605860716,224,4,2,64,0.2612505767824425,48,2,2,112,0.2142097674045108,352,488.0,344.0,3,2,0.000599602664465418,0.6,/work3/arnaou/checkpoints/groupgat_Omega_trial_1938_best_state.pt,"{'learning_rate': 0.000599602664465418, 'lr_reduce': 0.6}",TPESampler,COMPLETE
1939,0.08638151735067368,2025-04-26 03:27:07.714381,2025-04-26 03:28:14.047591,0 days 00:01:06.333210,0.2189063010616885,64,2,4,96,0.1267667279098035,160,2,3,80,0.04379682867023678,112,4,4,48,0.05677421082843748,504,200.0,,2,1,0.009116233110237695,0.6,/work3/arnaou/checkpoints/groupgat_Omega_trial_1939_best_state.pt,"{'learning_rate': 0.009116233110237695, 'lr_reduce': 0.6}",TPESampler,COMPLETE
1940,0.07876309007406235,2025-04-26 03:27:56.270801,2025-04-26 03:28:55.804683,0 days 00:00:59.533882,0.13440846252448987,176,2,2,80,0.18156009769819925,224,3,2,80,0.2409795755374136,80,4,4,96,0.26827108760317425,512,80.0,328.0,3,1,0.001458843976932986,0.6,/work3/arnaou/checkpoints/groupgat_Omega_trial_1940_best_state.pt,"{'learning_rate': 0.001458843976932986, 'lr_reduce': 0.6}",TPESampler,COMPLETE
1941,0.13167159259319305,2025-04-26 03:28:14.230232,2025-04-26 03:29:53.558128,0 days 00:01:39.327896,0.09727389045557391,176,3,3,96,0.2854725356819112,144,2,4,64,0.2962013797933325,48,3,1,80,0.1390391140625501,472,,,1,1,0.00011835907876051387,0.6,/work3/arnaou/checkpoints/groupgat_Omega_trial_1941_best_state.pt,"{'learning_rate': 0.00011835907876051387, 'lr_reduce': 0.6}",TPESampler,COMPLETE
1942,0.06360069662332535,2025-04-26 03:28:31.435254,2025-04-26 03:29:58.636853,0 days 00:01:27.201599,0.02136110531759324,224,1,2,48,0.13465677322455027,224,4,1,128,0.23973350455699258,112,1,3,80,0.22837548586370562,512,280.0,384.0,3,2,0.00018342455247857028,0.6,/work3/arnaou/checkpoints/groupgat_Omega_trial_1942_best_state.pt,"{'learning_rate': 0.00018342455247857028, 'lr_reduce': 0.6}",TPESampler,COMPLETE
1943,0.07206562906503677,2025-04-26 03:28:56.122339,2025-04-26 03:30:03.876426,0 days 00:01:07.754087,0.18804291420698252,112,2,3,64,0.15043295632277673,144,4,1,80,0.06284021017536189,80,4,2,48,0.038179032722944706,112,64.0,272.0,3,1,0.00032907148220569774,0.6,/work3/arnaou/checkpoints/groupgat_Omega_trial_1943_best_state.pt,"{'learning_rate': 0.00032907148220569774, 'lr_reduce': 0.6}",TPESampler,COMPLETE
1944,0.053781550377607346,2025-04-26 03:29:53.728945,2025-04-26 03:30:59.992024,0 days 00:01:06.263079,0.0994320777319414,240,1,1,80,0.11961225428211221,208,4,1,80,0.10677396899154654,64,4,2,80,0.19769874881842867,352,240.0,208.0,3,2,0.0010629306513728319,0.6,/work3/arnaou/checkpoints/groupgat_Omega_trial_1944_best_state.pt,"{'learning_rate': 0.0010629306513728319, 'lr_reduce': 0.6}",TPESampler,COMPLETE
1945,0.09934906661510468,2025-04-26 03:29:58.935138,2025-04-26 03:31:08.132013,0 days 00:01:09.196875,0.23911183919816784,128,2,1,80,0.14870151993160302,144,1,1,128,0.040644706717074736,64,3,2,64,0.2855572603458003,320,,,1,2,0.00928782166163693,0.6,/work3/arnaou/checkpoints/groupgat_Omega_trial_1945_best_state.pt,"{'learning_rate': 0.00928782166163693, 'lr_reduce': 0.6}",TPESampler,COMPLETE
1946,0.1641097068786621,2025-04-26 03:30:04.229863,2025-04-26 03:31:51.392197,0 days 00:01:47.162334,0.2970201982160553,160,2,3,32,0.19683433159882052,96,1,4,64,0.01910272578881067,32,3,4,112,0.05551879768309938,224,,,1,2,0.00014033731455965592,0.6,/work3/arnaou/checkpoints/groupgat_Omega_trial_1946_best_state.pt,"{'learning_rate': 0.00014033731455965592, 'lr_reduce': 0.6}",TPESampler,COMPLETE
1947,0.11508720368146896,2025-04-26 03:31:00.166857,2025-04-26 03:32:26.560271,0 days 00:01:26.393414,0.17568730971381957,256,1,1,80,0.15304618308639625,112,4,3,48,0.08205858258110905,64,4,4,48,0.1475966944078465,368,136.0,336.0,3,2,0.0004030408344510838,0.6,/work3/arnaou/checkpoints/groupgat_Omega_trial_1947_best_state.pt,"{'learning_rate': 0.0004030408344510838, 'lr_reduce': 0.6}",TPESampler,COMPLETE
1948,0.09794880449771881,2025-04-26 03:31:08.365913,2025-04-26 03:32:05.672666,0 days 00:00:57.306753,0.19599139022857165,176,1,4,128,0.1149719854620476,144,1,3,96,0.011261054570295415,32,2,1,32,0.1907825755574709,432,,,1,1,0.00014646096598280726,0.6,/work3/arnaou/checkpoints/groupgat_Omega_trial_1948_best_state.pt,"{'learning_rate': 0.00014646096598280726, 'lr_reduce': 0.6}",TPESampler,COMPLETE
1949,0.06064547598361969,2025-04-26 03:31:51.569720,2025-04-26 03:32:54.575529,0 days 00:01:03.005809,0.024662197991812972,192,1,2,32,0.14210008030272123,144,4,2,96,0.1910043910917062,48,1,3,32,0.18747485087801702,504,184.0,,2,2,0.0017937698296662523,0.6,/work3/arnaou/checkpoints/groupgat_Omega_trial_1949_best_state.pt,"{'learning_rate': 0.0017937698296662523, 'lr_reduce': 0.6}",TPESampler,COMPLETE
1950,0.054553594440221786,2025-04-26 03:32:05.858099,2025-04-26 03:33:07.135996,0 days 00:01:01.277897,0.0330156478551903,256,1,1,48,0.15743989076410955,256,2,1,128,0.03932464312254082,32,2,1,96,0.27204789771749455,496,512.0,296.0,3,2,0.00017732181981013962,0.6,/work3/arnaou/checkpoints/groupgat_Omega_trial_1950_best_state.pt,"{'learning_rate': 0.00017732181981013962, 'lr_reduce': 0.6}",TPESampler,COMPLETE
1951,0.06156314164400101,2025-04-26 03:32:26.799077,2025-04-26 03:33:48.345506,0 days 00:01:21.546429,0.006315082259426102,192,2,1,64,0.0524329951149453,208,4,1,112,0.20923362032715254,48,4,3,80,0.2618919619585821,488,320.0,384.0,3,2,0.0008341887366895093,0.6,/work3/arnaou/checkpoints/groupgat_Omega_trial_1951_best_state.pt,"{'learning_rate': 0.0008341887366895093, 'lr_reduce': 0.6}",TPESampler,COMPLETE
1952,0.05989660322666168,2025-04-26 03:32:54.791130,2025-04-26 03:34:17.261570,0 days 00:01:22.470440,0.0861706032575548,256,1,1,48,0.1690324570615349,256,4,1,128,0.11569568568958818,48,2,1,64,0.29308546521206486,360,224.0,344.0,3,2,0.00012684332413507123,0.6,/work3/arnaou/checkpoints/groupgat_Omega_trial_1952_best_state.pt,"{'learning_rate': 0.00012684332413507123, 'lr_reduce': 0.6}",TPESampler,COMPLETE
1953,0.06125751510262489,2025-04-26 03:33:07.456564,2025-04-26 03:34:09.694843,0 days 00:01:02.238279,0.22306163523483857,208,1,2,128,0.08170207820301,144,2,1,48,0.17557260470913152,32,4,1,96,0.052620608794163415,360,,,1,2,0.0011937204859268204,0.6,/work3/arnaou/checkpoints/groupgat_Omega_trial_1953_best_state.pt,"{'learning_rate': 0.0011937204859268204, 'lr_reduce': 0.6}",TPESampler,COMPLETE
1954,0.096537284553051,2025-04-26 03:33:48.590151,2025-04-26 03:35:22.233278,0 days 00:01:33.643127,0.12750077717783487,160,4,2,128,0.10130729374838912,64,2,4,80,0.007124917943884701,96,3,1,64,0.21378003536867268,504,,,1,1,0.001436100024747513,0.6,/work3/arnaou/checkpoints/groupgat_Omega_trial_1954_best_state.pt,"{'learning_rate': 0.001436100024747513, 'lr_reduce': 0.6}",TPESampler,COMPLETE
1955,0.05291160196065903,2025-04-26 03:34:09.890045,2025-04-26 03:35:09.093450,0 days 00:00:59.203405,0.009619108126149288,256,2,1,80,0.11357030222308034,240,4,1,128,0.2172922953427524,96,2,2,96,0.26037388885807156,464,112.0,456.0,3,2,0.0005267359496823029,0.6,/work3/arnaou/checkpoints/groupgat_Omega_trial_1955_best_state.pt,"{'learning_rate': 0.0005267359496823029, 'lr_reduce': 0.6}",TPESampler,COMPLETE
1956,0.0806078091263771,2025-04-26 03:34:17.489739,2025-04-26 03:35:56.453049,0 days 00:01:38.963310,0.005346404844211894,80,4,3,128,0.14313393038779104,240,4,3,96,0.03423483167301791,128,4,1,32,0.2650484213322477,144,,,1,1,0.00013322276213866482,0.6,/work3/arnaou/checkpoints/groupgat_Omega_trial_1956_best_state.pt,"{'learning_rate': 0.00013322276213866482, 'lr_reduce': 0.6}",TPESampler,COMPLETE
1957,0.07412857562303543,2025-04-26 03:35:09.360640,2025-04-26 03:36:07.589245,0 days 00:00:58.228605,0.2580789585701724,80,3,2,48,0.28394820255781295,176,2,1,32,0.15517472971535967,112,3,2,128,0.03580720243047768,32,160.0,296.0,3,1,0.0007594611912998719,0.6,/work3/arnaou/checkpoints/groupgat_Omega_trial_1957_best_state.pt,"{'learning_rate': 0.0007594611912998719, 'lr_reduce': 0.6}",TPESampler,COMPLETE
1958,0.06265468150377274,2025-04-26 03:35:22.435295,2025-04-26 03:36:50.386586,0 days 00:01:27.951291,0.011444861598042217,240,1,1,64,0.07317027457926914,176,4,2,64,0.16301883013241483,48,3,4,96,0.10153704622352852,480,280.0,256.0,3,2,0.0003901768598511978,0.6,/work3/arnaou/checkpoints/groupgat_Omega_trial_1958_best_state.pt,"{'learning_rate': 0.0003901768598511978, 'lr_reduce': 0.6}",TPESampler,COMPLETE
1959,0.10264420509338379,2025-04-26 03:35:56.624048,2025-04-26 03:37:27.565714,0 days 00:01:30.941666,0.2264184973863076,240,2,1,64,0.04201485938142245,144,4,3,48,0.04794311035977762,128,3,4,32,0.2726181530539492,360,,,1,1,0.0021707744288668937,0.6,/work3/arnaou/checkpoints/groupgat_Omega_trial_1959_best_state.pt,"{'learning_rate': 0.0021707744288668937, 'lr_reduce': 0.6}",TPESampler,COMPLETE
1960,0.07192528247833252,2025-04-26 03:36:07.834848,2025-04-26 03:37:39.828852,0 days 00:01:31.994004,0.12067191886709587,256,1,1,80,0.10596735141425725,176,4,2,80,0.11896136819992272,48,4,4,48,0.1796897519222335,464,200.0,368.0,3,2,0.00024124785061266794,0.6,/work3/arnaou/checkpoints/groupgat_Omega_trial_1960_best_state.pt,"{'learning_rate': 0.00024124785061266794, 'lr_reduce': 0.6}",TPESampler,COMPLETE
1961,0.06193239241838455,2025-04-26 03:36:50.607557,2025-04-26 03:37:46.969680,0 days 00:00:56.362123,0.03212003410475663,256,1,1,32,0.1000319326318889,256,3,1,112,0.2769366856622406,48,2,1,32,0.18624245231148942,240,376.0,320.0,3,2,0.0009066305443233623,0.6,/work3/arnaou/checkpoints/groupgat_Omega_trial_1961_best_state.pt,"{'learning_rate': 0.0009066305443233623, 'lr_reduce': 0.6}",TPESampler,COMPLETE
1962,0.05895795300602913,2025-04-26 03:37:27.842666,2025-04-26 03:38:54.213956,0 days 00:01:26.371290,0.0309201833473224,256,1,1,32,0.18708995834661132,240,4,2,112,0.018819396576184397,48,3,2,96,0.2346670391062708,480,72.0,64.0,3,2,0.00017677703866684856,0.6,/work3/arnaou/checkpoints/groupgat_Omega_trial_1962_best_state.pt,"{'learning_rate': 0.00017677703866684856, 'lr_reduce': 0.6}",TPESampler,COMPLETE
1963,0.05125558748841286,2025-04-26 03:37:40.166981,2025-04-26 03:39:08.955431,0 days 00:01:28.788450,0.03775952842139796,176,2,1,32,0.10813318686953981,160,4,2,48,0.27157909610610564,32,3,2,80,0.2901770134541499,320,232.0,392.0,3,2,0.0002637190956729789,0.6,/work3/arnaou/checkpoints/groupgat_Omega_trial_1963_best_state.pt,"{'learning_rate': 0.0002637190956729789, 'lr_reduce': 0.6}",TPESampler,COMPLETE
1964,0.06058614328503609,2025-04-26 03:37:47.329946,2025-04-26 03:38:54.231056,0 days 00:01:06.901110,0.0018550115881726947,176,1,2,32,0.17335971672244777,96,3,1,128,0.29662795003474624,64,2,3,112,0.20274395695426722,432,144.0,328.0,3,2,0.00036845048538476074,0.6,/work3/arnaou/checkpoints/groupgat_Omega_trial_1964_best_state.pt,"{'learning_rate': 0.00036845048538476074, 'lr_reduce': 0.6}",TPESampler,COMPLETE
1965,0.08338282257318497,2025-04-26 03:38:54.348754,2025-04-26 03:40:01.990210,0 days 00:01:07.641456,0.2798713644887887,176,1,3,80,0.14142030509561854,64,1,3,112,0.1522955949241247,80,4,1,112,0.21763791902769286,168,,,1,1,0.001615732057503061,0.6,/work3/arnaou/checkpoints/groupgat_Omega_trial_1965_best_state.pt,"{'learning_rate': 0.001615732057503061, 'lr_reduce': 0.6}",TPESampler,COMPLETE
1966,0.05167488381266594,2025-04-26 03:38:54.402210,2025-04-26 03:39:57.662487,0 days 00:01:03.260277,0.1469949571417358,176,1,1,112,0.12399323463701857,160,4,1,128,0.23466919845455567,96,4,4,112,0.16519778413041913,496,256.0,272.0,3,1,0.0004695006387854576,0.6,/work3/arnaou/checkpoints/groupgat_Omega_trial_1966_best_state.pt,"{'learning_rate': 0.0004695006387854576, 'lr_reduce': 0.6}",TPESampler,COMPLETE
1967,0.06355375796556473,2025-04-26 03:39:09.160166,2025-04-26 03:40:03.901437,0 days 00:00:54.741271,0.12225812584692469,192,1,1,80,0.0765492013281519,256,4,1,128,0.2979183163371903,32,4,2,48,0.26568022660201945,464,184.0,352.0,3,2,0.0029178448761794443,0.6,/work3/arnaou/checkpoints/groupgat_Omega_trial_1967_best_state.pt,"{'learning_rate': 0.0029178448761794443, 'lr_reduce': 0.6}",TPESampler,COMPLETE
1968,0.0634765550494194,2025-04-26 03:39:57.886271,2025-04-26 03:41:53.738870,0 days 00:01:55.852599,0.05073423638488243,224,1,1,32,0.17422293964593996,240,4,1,128,0.02392209889733217,32,3,1,80,0.2150897461463972,408,392.0,304.0,3,2,0.00010736573630104325,0.6,/work3/arnaou/checkpoints/groupgat_Omega_trial_1968_best_state.pt,"{'learning_rate': 0.00010736573630104325, 'lr_reduce': 0.6}",TPESampler,COMPLETE
1969,0.058089613914489746,2025-04-26 03:40:02.503895,2025-04-26 03:41:09.541703,0 days 00:01:07.037808,0.036206716364828466,208,1,1,48,0.0676948629642869,96,3,1,128,0.14419652502855546,80,3,2,112,0.006008589189693089,352,,,1,2,0.0005280269977944007,0.6,/work3/arnaou/checkpoints/groupgat_Omega_trial_1969_best_state.pt,"{'learning_rate': 0.0005280269977944007, 'lr_reduce': 0.6}",TPESampler,COMPLETE
1970,0.05467251315712929,2025-04-26 03:40:04.247183,2025-04-26 03:40:58.553340,0 days 00:00:54.306157,0.0003264874378143788,224,1,1,96,0.1752661423255551,128,4,2,80,0.14670506646062823,64,4,4,64,0.10863447954436918,488,480.0,408.0,3,2,0.0008556021772339593,0.6,/work3/arnaou/checkpoints/groupgat_Omega_trial_1970_best_state.pt,"{'learning_rate': 0.0008556021772339593, 'lr_reduce': 0.6}",TPESampler,COMPLETE
1971,0.46544182300567627,2025-04-26 03:40:58.736503,2025-04-26 03:41:23.110151,0 days 00:00:24.373648,0.12586855071112707,176,4,1,112,0.2982309553532744,256,2,4,48,0.2938828129676905,32,1,3,112,0.2540664667994744,320,104.0,,2,1,0.0028371493529632647,0.6,/work3/arnaou/checkpoints/groupgat_Omega_trial_1971_best_state.pt,"{'learning_rate': 0.0028371493529632647, 'lr_reduce': 0.6}",TPESampler,COMPLETE
1972,0.059870053082704544,2025-04-26 03:41:09.818436,2025-04-26 03:42:18.050476,0 days 00:01:08.232040,0.15798875635003518,240,2,2,48,0.0805183387782809,224,4,1,112,0.23379635995242504,80,3,2,80,0.24504651571841965,216,288.0,,2,1,0.00039537929929285434,0.6,/work3/arnaou/checkpoints/groupgat_Omega_trial_1972_best_state.pt,"{'learning_rate': 0.00039537929929285434, 'lr_reduce': 0.6}",TPESampler,COMPLETE
1973,0.07627058774232864,2025-04-26 03:41:23.334231,2025-04-26 03:42:37.141777,0 days 00:01:13.807546,0.03202223392062632,160,4,2,112,0.18592252482664737,80,4,2,128,0.12328755782415668,112,3,4,64,0.2688202002625854,192,208.0,,2,1,0.0008518593909559829,0.6,/work3/arnaou/checkpoints/groupgat_Omega_trial_1973_best_state.pt,"{'learning_rate': 0.0008518593909559829, 'lr_reduce': 0.6}",TPESampler,COMPLETE
1974,0.13034112751483917,2025-04-26 03:41:53.916929,2025-04-26 03:42:58.489497,0 days 00:01:04.572568,0.1095642546703002,80,4,2,64,0.26293621699253794,96,3,1,48,0.1851129836422626,32,1,3,96,0.14089126171590258,120,32.0,360.0,3,1,0.0004464028808712214,0.6,/work3/arnaou/checkpoints/groupgat_Omega_trial_1974_best_state.pt,"{'learning_rate': 0.0004464028808712214, 'lr_reduce': 0.6}",TPESampler,COMPLETE
1975,0.07874299585819244,2025-04-26 03:42:18.223478,2025-04-26 03:43:24.710090,0 days 00:01:06.486612,0.24502921705631625,64,3,2,96,0.19506279278838518,208,2,1,32,0.07436767083479409,80,1,3,128,0.1915957359161555,280,144.0,240.0,3,2,0.004088744163285647,0.6,/work3/arnaou/checkpoints/groupgat_Omega_trial_1975_best_state.pt,"{'learning_rate': 0.004088744163285647, 'lr_reduce': 0.6}",TPESampler,COMPLETE
1976,0.07877107709646225,2025-04-26 03:42:37.316646,2025-04-26 03:43:22.739029,0 days 00:00:45.422383,0.07736853455397254,176,4,2,32,0.12055594915971521,80,3,2,80,0.236673192499246,96,4,2,128,0.0571015740826472,56,328.0,312.0,3,2,0.006163378416801203,0.6,/work3/arnaou/checkpoints/groupgat_Omega_trial_1976_best_state.pt,"{'learning_rate': 0.006163378416801203, 'lr_reduce': 0.6}",TPESampler,COMPLETE
1977,0.08507328480482101,2025-04-26 03:42:58.711789,2025-04-26 03:44:08.903922,0 days 00:01:10.192133,0.21205252718835677,240,2,1,32,0.08887085027810343,64,3,1,96,0.29083772779239714,96,4,3,80,0.02940254728856203,416,,,1,2,0.0013288572109990096,0.6,/work3/arnaou/checkpoints/groupgat_Omega_trial_1977_best_state.pt,"{'learning_rate': 0.0013288572109990096, 'lr_reduce': 0.6}",TPESampler,COMPLETE
1978,0.05961111560463905,2025-04-26 03:43:22.935367,2025-04-26 03:44:35.180845,0 days 00:01:12.245478,0.046709731218684596,256,1,3,64,0.11356832649183124,176,3,2,48,0.15533467333407053,32,4,3,80,0.2217041361594792,496,248.0,344.0,3,2,0.0004107186254733498,0.6,/work3/arnaou/checkpoints/groupgat_Omega_trial_1978_best_state.pt,"{'learning_rate': 0.0004107186254733498, 'lr_reduce': 0.6}",TPESampler,COMPLETE
1979,0.06136651709675789,2025-04-26 03:43:24.897811,2025-04-26 03:44:55.318963,0 days 00:01:30.421152,0.1315445083345317,240,1,1,96,0.218957932088355,224,3,1,128,0.21889518343743844,80,4,4,80,0.29176074899394466,496,72.0,280.0,3,2,0.00031499798536743854,0.6,/work3/arnaou/checkpoints/groupgat_Omega_trial_1979_best_state.pt,"{'learning_rate': 0.00031499798536743854, 'lr_reduce': 0.6}",TPESampler,COMPLETE
1980,0.06803485006093979,2025-04-26 03:44:09.083769,2025-04-26 03:45:09.348842,0 days 00:01:00.265073,0.22918216253258042,192,1,1,112,0.15300257867311676,192,4,1,96,0.2005608935603487,128,3,3,64,0.2874040981816274,424,184.0,200.0,3,1,0.0013989835400369712,0.6,/work3/arnaou/checkpoints/groupgat_Omega_trial_1980_best_state.pt,"{'learning_rate': 0.0013989835400369712, 'lr_reduce': 0.6}",TPESampler,COMPLETE
1981,0.05775780975818634,2025-04-26 03:44:35.437666,2025-04-26 03:45:43.746524,0 days 00:01:08.308858,0.05481876628282402,256,2,1,32,0.24316596328307333,240,3,2,112,0.28029453485783185,48,2,1,96,0.2704042709665539,368,480.0,408.0,3,2,0.0004175056551634457,0.6,/work3/arnaou/checkpoints/groupgat_Omega_trial_1981_best_state.pt,"{'learning_rate': 0.0004175056551634457, 'lr_reduce': 0.6}",TPESampler,COMPLETE
1982,0.05993737280368805,2025-04-26 03:44:55.526073,2025-04-26 03:46:11.043975,0 days 00:01:15.517902,0.0014931372401696744,240,1,1,32,0.11813973137224901,144,2,2,112,0.17446420244585545,96,4,4,96,0.02074630049614442,488,,,1,1,0.0015197214310538644,0.6,/work3/arnaou/checkpoints/groupgat_Omega_trial_1982_best_state.pt,"{'learning_rate': 0.0015197214310538644, 'lr_reduce': 0.6}",TPESampler,COMPLETE
1983,0.065020352602005,2025-04-26 03:45:09.602849,2025-04-26 03:46:15.323865,0 days 00:01:05.721016,0.017159306772229748,176,1,1,96,0.03749839854708298,208,3,3,48,0.12328745819865637,32,4,4,32,0.1744095789155434,368,120.0,320.0,3,2,0.0009778276462411905,0.6,/work3/arnaou/checkpoints/groupgat_Omega_trial_1983_best_state.pt,"{'learning_rate': 0.0009778276462411905, 'lr_reduce': 0.6}",TPESampler,COMPLETE
1984,0.05666260048747063,2025-04-26 03:45:43.922529,2025-04-26 03:46:56.951872,0 days 00:01:13.029343,0.08914524812010535,256,1,1,112,0.13269424291738136,192,3,1,96,0.06702045159864504,48,4,3,64,0.20977216683157804,400,440.0,368.0,3,2,0.000351302733127227,0.6,/work3/arnaou/checkpoints/groupgat_Omega_trial_1984_best_state.pt,"{'learning_rate': 0.000351302733127227, 'lr_reduce': 0.6}",TPESampler,COMPLETE
1985,0.054059773683547974,2025-04-26 03:46:11.210046,2025-04-26 03:47:05.265204,0 days 00:00:54.055158,0.010785942451286,224,1,1,32,0.2416709174472478,192,4,2,96,0.23779962985159225,80,1,3,64,0.1138489862567024,504,216.0,304.0,3,2,0.000528978002804721,0.6,/work3/arnaou/checkpoints/groupgat_Omega_trial_1985_best_state.pt,"{'learning_rate': 0.000528978002804721, 'lr_reduce': 0.6}",TPESampler,COMPLETE
1986,0.06139110401272774,2025-04-26 03:46:15.616844,2025-04-26 03:48:00.913162,0 days 00:01:45.296318,0.0249849535721964,240,1,1,128,0.09528916721914213,176,4,1,80,0.10204961699333501,32,4,4,64,0.23450386250332422,384,272.0,248.0,3,2,0.0002362497487392087,0.6,/work3/arnaou/checkpoints/groupgat_Omega_trial_1986_best_state.pt,"{'learning_rate': 0.0002362497487392087, 'lr_reduce': 0.6}",TPESampler,COMPLETE
1987,0.05359826609492302,2025-04-26 03:46:57.181140,2025-04-26 03:47:54.939211,0 days 00:00:57.758071,0.062300881564445715,192,1,2,64,0.043548642093249254,256,4,1,112,0.09724440800933057,48,1,1,112,0.26879686863884356,344,408.0,360.0,3,1,0.00023162767796434778,0.6,/work3/arnaou/checkpoints/groupgat_Omega_trial_1987_best_state.pt,"{'learning_rate': 0.00023162767796434778, 'lr_reduce': 0.6}",TPESampler,COMPLETE
1988,0.08042241632938385,2025-04-26 03:47:05.489424,2025-04-26 03:48:19.479084,0 days 00:01:13.989660,0.2862695510865674,160,2,4,64,0.07872752889897208,224,3,1,112,0.17167290070476998,128,1,4,64,0.11276276847662961,256,,,1,2,0.00432619846449706,0.6,/work3/arnaou/checkpoints/groupgat_Omega_trial_1988_best_state.pt,"{'learning_rate': 0.00432619846449706, 'lr_reduce': 0.6}",TPESampler,COMPLETE
