number,value,datetime_start,datetime_complete,duration,params_L1_dropout,params_L1_hidden_dim,params_L1_layers_atom,params_L1_layers_mol,params_L1_out_dim,params_L2_dropout,params_L2_hidden_dim,params_L2_layers_atom,params_L2_layers_mol,params_L2_out_dim,params_L3_dropout,params_L3_hidden_dim,params_L3_layers_atom,params_L3_layers_mol,params_L3_out_dim,params_final_dropout,params_mlp_dim_0,params_mlp_dim_1,params_mlp_dim_2,params_n_mlp_layers,params_num_heads,params_train_learning_rate,params_train_lr_reduce,user_attrs_best_state_dict_path,user_attrs_training_params,system_attrs_auto:sampler,state
739,0.8921843767166138,2025-04-25 19:07:09.316425,2025-04-25 19:07:20.774426,0 days 00:00:11.458001,0.008723677695208723,160,1,4,48,0.1492770762958367,240,4,3,128,0.23301274296721602,64,1,1,64,0.29814667635656517,368,448.0,,2,1,0.0001151029514559235,0.6,/work3/arnaou/checkpoints/groupgat_Omega_trial_739_best_state.pt,"{'learning_rate': 0.0001151029514559235, 'lr_reduce': 0.6}",TPESampler,COMPLETE
740,0.06226187199354172,2025-04-25 19:07:21.019205,2025-04-25 19:08:20.638908,0 days 00:00:59.619703,0.024686147331332127,128,1,3,48,0.13040672803060055,256,2,2,128,0.2966729518051649,112,1,1,112,0.1995220434269414,336,144.0,,2,1,0.0005429707066933945,0.6,/work3/arnaou/checkpoints/groupgat_Omega_trial_740_best_state.pt,"{'learning_rate': 0.0005429707066933945, 'lr_reduce': 0.6}",TPESampler,COMPLETE
741,0.0522652193903923,2025-04-25 19:07:26.034707,2025-04-25 19:08:37.826640,0 days 00:01:11.791933,0.03612413468430284,256,1,1,64,0.09185231552608458,224,4,1,112,0.18106110027841543,64,2,3,96,0.08722040984798651,424,40.0,,2,2,0.00029087555298007363,0.6,/work3/arnaou/checkpoints/groupgat_Omega_trial_741_best_state.pt,"{'learning_rate': 0.00029087555298007363, 'lr_reduce': 0.6}",TPESampler,COMPLETE
742,0.06118310987949371,2025-04-25 19:08:01.995893,2025-04-25 19:09:00.923483,0 days 00:00:58.927590,0.037366056081410304,176,1,3,48,0.08973360541922698,256,4,1,128,0.1874373754974803,96,3,2,80,0.2944128078159819,224,48.0,264.0,3,1,0.001008334714744391,0.6,/work3/arnaou/checkpoints/groupgat_Omega_trial_742_best_state.pt,"{'learning_rate': 0.001008334714744391, 'lr_reduce': 0.6}",TPESampler,COMPLETE
743,0.0509311780333519,2025-04-25 19:08:20.958924,2025-04-25 19:09:23.004273,0 days 00:01:02.045349,0.033835297065304734,256,1,2,32,0.14753478927741911,224,4,1,112,0.2512118170734691,80,1,1,96,0.2475303606545724,400,88.0,304.0,3,2,0.0003309448558268743,0.6,/work3/arnaou/checkpoints/groupgat_Omega_trial_743_best_state.pt,"{'learning_rate': 0.0003309448558268743, 'lr_reduce': 0.6}",TPESampler,COMPLETE
744,0.057286038994789124,2025-04-25 19:08:38.149880,2025-04-25 19:09:47.093623,0 days 00:01:08.943743,0.020452897010959835,96,2,2,80,0.02680764841571087,192,1,2,112,0.22731409947801562,32,1,3,128,0.2324306165552225,504,56.0,256.0,3,2,0.0004525974291658,0.6,/work3/arnaou/checkpoints/groupgat_Omega_trial_744_best_state.pt,"{'learning_rate': 0.0004525974291658, 'lr_reduce': 0.6}",TPESampler,COMPLETE
745,0.06305892020463943,2025-04-25 19:09:01.115752,2025-04-25 19:10:20.515796,0 days 00:01:19.400044,0.05862788728226588,176,1,2,48,0.07510503544218763,144,3,2,64,0.1491096437252171,64,2,3,80,0.20871988265821703,152,32.0,,2,2,0.00012749846786503876,0.6,/work3/arnaou/checkpoints/groupgat_Omega_trial_745_best_state.pt,"{'learning_rate': 0.00012749846786503876, 'lr_reduce': 0.6}",TPESampler,COMPLETE
746,0.05180853605270386,2025-04-25 19:09:23.223372,2025-04-25 19:10:13.691839,0 days 00:00:50.468467,0.045136334451275455,192,1,2,32,0.09469217730985136,240,3,2,112,0.24352319135339467,48,2,2,96,0.2857478863241235,320,32.0,320.0,3,1,0.0006322108053717431,0.6,/work3/arnaou/checkpoints/groupgat_Omega_trial_746_best_state.pt,"{'learning_rate': 0.0006322108053717431, 'lr_reduce': 0.6}",TPESampler,COMPLETE
747,0.05280854180455208,2025-04-25 19:09:47.334228,2025-04-25 19:11:14.067078,0 days 00:01:26.732850,0.009437186416668101,256,1,1,32,0.18260587777359005,208,4,2,96,0.1650159550401516,64,2,3,96,0.18228881062327013,432,72.0,320.0,3,2,0.00024103551655699492,0.6,/work3/arnaou/checkpoints/groupgat_Omega_trial_747_best_state.pt,"{'learning_rate': 0.00024103551655699492, 'lr_reduce': 0.6}",TPESampler,COMPLETE
748,0.05763508751988411,2025-04-25 19:10:14.046205,2025-04-25 19:11:26.409286,0 days 00:01:12.363081,0.11616952766617689,160,1,2,48,0.1012035087565167,208,2,2,112,0.16032191386683828,32,3,2,112,0.2726933565087184,272,32.0,320.0,3,1,0.0010297877275843212,0.6,/work3/arnaou/checkpoints/groupgat_Omega_trial_748_best_state.pt,"{'learning_rate': 0.0010297877275843212, 'lr_reduce': 0.6}",TPESampler,COMPLETE
749,0.057768676429986954,2025-04-25 19:10:20.721694,2025-04-25 19:11:43.700519,0 days 00:01:22.978825,0.12383836919144885,256,1,2,32,0.0765085323301201,192,2,1,96,0.18110176117092805,48,2,3,64,0.09284022308626481,296,32.0,328.0,3,2,0.00017705986967693512,0.6,/work3/arnaou/checkpoints/groupgat_Omega_trial_749_best_state.pt,"{'learning_rate': 0.00017705986967693512, 'lr_reduce': 0.6}",TPESampler,COMPLETE
750,0.05315179005265236,2025-04-25 19:11:14.323141,2025-04-25 19:12:09.669485,0 days 00:00:55.346344,0.0006386254560409588,224,2,2,32,0.09189471290186062,224,3,2,128,0.18325702274431815,32,2,2,80,0.19041097807302865,272,32.0,304.0,3,1,0.0004790906269973578,0.6,/work3/arnaou/checkpoints/groupgat_Omega_trial_750_best_state.pt,"{'learning_rate': 0.0004790906269973578, 'lr_reduce': 0.6}",TPESampler,COMPLETE
751,0.05048437789082527,2025-04-25 19:11:26.656693,2025-04-25 19:12:13.124117,0 days 00:00:46.467424,0.04561394508237386,144,1,2,64,0.10425122126863105,256,4,2,128,0.2078592019813212,32,2,2,64,0.28732714695103334,360,72.0,352.0,3,1,0.0011936086137835922,0.6,/work3/arnaou/checkpoints/groupgat_Omega_trial_751_best_state.pt,"{'learning_rate': 0.0011936086137835922, 'lr_reduce': 0.6}",TPESampler,COMPLETE
752,0.052272994071245193,2025-04-25 19:11:44.032749,2025-04-25 19:13:23.877695,0 days 00:01:39.844946,0.006961024367334281,256,1,1,48,0.032026609761618856,176,4,1,112,0.1895255528235734,64,2,4,64,0.23808971717564087,320,32.0,304.0,3,2,0.00011365583895496416,0.6,/work3/arnaou/checkpoints/groupgat_Omega_trial_752_best_state.pt,"{'learning_rate': 0.00011365583895496416, 'lr_reduce': 0.6}",TPESampler,COMPLETE
753,0.07263660430908203,2025-04-25 19:12:09.894814,2025-04-25 19:13:39.834768,0 days 00:01:29.939954,0.05390043598429403,256,2,1,32,0.0014697612292985524,192,2,1,96,0.10657522511196735,80,3,4,80,0.18788684383002552,224,72.0,288.0,3,2,0.0004928463330758218,0.6,/work3/arnaou/checkpoints/groupgat_Omega_trial_753_best_state.pt,"{'learning_rate': 0.0004928463330758218, 'lr_reduce': 0.6}",TPESampler,COMPLETE
754,0.06349656730890274,2025-04-25 19:12:13.336085,2025-04-25 19:13:06.770654,0 days 00:00:53.434569,0.02341213738192192,112,1,3,64,0.1180452781234416,256,4,3,112,0.2480988002308015,48,2,1,80,0.2529188130181887,288,72.0,400.0,3,1,0.0023682519728053545,0.6,/work3/arnaou/checkpoints/groupgat_Omega_trial_754_best_state.pt,"{'learning_rate': 0.0023682519728053545, 'lr_reduce': 0.6}",TPESampler,COMPLETE
755,0.06408093124628067,2025-04-25 19:13:07.384740,2025-04-25 19:14:11.440663,0 days 00:01:04.055923,0.019527843696203105,160,2,1,80,0.018210904730447453,224,3,2,128,0.15141207834056636,64,3,3,64,0.2967454553401791,336,32.0,,2,1,0.000888555304208906,0.6,/work3/arnaou/checkpoints/groupgat_Omega_trial_755_best_state.pt,"{'learning_rate': 0.000888555304208906, 'lr_reduce': 0.6}",TPESampler,COMPLETE
756,0.06092968210577965,2025-04-25 19:13:24.063248,2025-04-25 19:14:14.017459,0 days 00:00:49.954211,0.04082097737508934,160,1,1,48,0.16334767681109458,224,3,3,96,0.25160191658406095,48,2,2,48,0.24821382650627666,472,80.0,376.0,3,1,0.0018598510350890485,0.6,/work3/arnaou/checkpoints/groupgat_Omega_trial_756_best_state.pt,"{'learning_rate': 0.0018598510350890485, 'lr_reduce': 0.6}",TPESampler,COMPLETE
757,0.059316735714673996,2025-04-25 19:13:40.071968,2025-04-25 19:14:58.566976,0 days 00:01:18.495008,0.09308723222742049,240,2,1,32,0.06219286949791687,224,3,1,112,0.04294735916989939,32,2,2,64,0.11280833880778618,312,32.0,368.0,3,2,0.0007134108072215921,0.6,/work3/arnaou/checkpoints/groupgat_Omega_trial_757_best_state.pt,"{'learning_rate': 0.0007134108072215921, 'lr_reduce': 0.6}",TPESampler,COMPLETE
758,0.055335771292448044,2025-04-25 19:14:11.665999,2025-04-25 19:15:23.281629,0 days 00:01:11.615630,0.032688457519182874,256,1,1,64,0.03892764051503389,176,2,2,96,0.13838622589206423,32,2,4,64,0.14603534141114188,176,80.0,352.0,3,2,0.0002482423247258903,0.6,/work3/arnaou/checkpoints/groupgat_Omega_trial_758_best_state.pt,"{'learning_rate': 0.0002482423247258903, 'lr_reduce': 0.6}",TPESampler,COMPLETE
759,0.04986250400543213,2025-04-25 19:14:14.195333,2025-04-25 19:15:11.924548,0 days 00:00:57.729215,0.08408470040234117,240,1,2,48,0.16305103639713256,176,4,1,112,0.21484751574125233,80,1,2,80,0.1940910428571337,408,72.0,344.0,3,2,0.0007383844022153934,0.6,/work3/arnaou/checkpoints/groupgat_Omega_trial_759_best_state.pt,"{'learning_rate': 0.0007383844022153934, 'lr_reduce': 0.6}",TPESampler,COMPLETE
760,0.055485229939222336,2025-04-25 19:14:58.778207,2025-04-25 19:15:59.508627,0 days 00:01:00.730420,0.00015095524103780553,144,1,2,48,0.01488801781546932,240,3,2,112,0.206520917969209,64,3,1,64,0.21937720768536426,384,80.0,312.0,3,1,0.0002625864085318938,0.6,/work3/arnaou/checkpoints/groupgat_Omega_trial_760_best_state.pt,"{'learning_rate': 0.0002625864085318938, 'lr_reduce': 0.6}",TPESampler,COMPLETE
761,0.05307065322995186,2025-04-25 19:15:12.128659,2025-04-25 19:16:03.598665,0 days 00:00:51.470006,0.017077869399377235,144,1,3,48,0.19895220409960873,240,3,1,112,0.26359813484638184,32,1,2,80,0.2326460247166388,456,96.0,384.0,3,1,0.0006651245270614606,0.6,/work3/arnaou/checkpoints/groupgat_Omega_trial_761_best_state.pt,"{'learning_rate': 0.0006651245270614606, 'lr_reduce': 0.6}",TPESampler,COMPLETE
762,0.054919175803661346,2025-04-25 19:15:23.483245,2025-04-25 19:16:28.963596,0 days 00:01:05.480351,0.0059567196682857836,224,1,2,32,0.20895616466147987,176,4,1,112,0.26039570869079726,80,1,1,80,0.2856872778017331,480,88.0,,2,2,0.0004182672305709924,0.6,/work3/arnaou/checkpoints/groupgat_Omega_trial_762_best_state.pt,"{'learning_rate': 0.0004182672305709924, 'lr_reduce': 0.6}",TPESampler,COMPLETE
763,0.05594731867313385,2025-04-25 19:15:59.716784,2025-04-25 19:17:02.032756,0 days 00:01:02.315972,0.057543556372812,224,1,2,32,0.15070110706398818,208,4,1,80,0.2575407409672056,64,1,1,80,0.24957358515636655,192,104.0,336.0,3,2,0.0006012053383115378,0.6,/work3/arnaou/checkpoints/groupgat_Omega_trial_763_best_state.pt,"{'learning_rate': 0.0006012053383115378, 'lr_reduce': 0.6}",TPESampler,COMPLETE
764,0.05960267782211304,2025-04-25 19:16:04.038005,2025-04-25 19:17:11.868313,0 days 00:01:07.830308,0.07090325268021316,208,2,1,80,0.2415047990612833,240,4,3,128,0.21908376649370956,32,2,2,64,0.2954494943885119,320,80.0,368.0,3,1,0.003128422661770425,0.6,/work3/arnaou/checkpoints/groupgat_Omega_trial_764_best_state.pt,"{'learning_rate': 0.003128422661770425, 'lr_reduce': 0.6}",TPESampler,COMPLETE
765,0.05002852901816368,2025-04-25 19:16:29.211571,2025-04-25 19:17:43.774084,0 days 00:01:14.562513,0.013631834216294648,256,2,3,32,0.08392174195206581,224,4,1,128,0.2915876507094223,112,1,1,80,0.20921093039142188,440,80.0,288.0,3,2,0.00029511435716543446,0.6,/work3/arnaou/checkpoints/groupgat_Omega_trial_765_best_state.pt,"{'learning_rate': 0.00029511435716543446, 'lr_reduce': 0.6}",TPESampler,COMPLETE
766,0.051662951707839966,2025-04-25 19:17:02.214981,2025-04-25 19:18:03.895874,0 days 00:01:01.680893,0.043430221118849525,144,1,1,48,0.19628547119453035,192,4,2,80,0.1611270252214327,48,4,1,96,0.060140613615559474,408,96.0,360.0,3,1,0.001212596451870842,0.6,/work3/arnaou/checkpoints/groupgat_Omega_trial_766_best_state.pt,"{'learning_rate': 0.001212596451870842, 'lr_reduce': 0.6}",TPESampler,COMPLETE
767,0.06401333957910538,2025-04-25 19:17:12.208436,2025-04-25 19:18:09.657559,0 days 00:00:57.449123,0.08491173411788332,224,1,3,80,0.13785669124130753,240,4,1,96,0.25878946184560775,80,1,2,96,0.20163704873200106,376,88.0,336.0,3,2,0.0014595532943702113,0.6,/work3/arnaou/checkpoints/groupgat_Omega_trial_767_best_state.pt,"{'learning_rate': 0.0014595532943702113, 'lr_reduce': 0.6}",TPESampler,COMPLETE
768,0.06034596264362335,2025-04-25 19:17:43.999196,2025-04-25 19:18:39.468149,0 days 00:00:55.468953,0.009780555815938225,240,2,3,32,0.10902135382451968,192,3,1,96,0.29482926596545045,128,1,1,64,0.15076469669322884,320,80.0,,2,2,0.0006457571413298616,0.6,/work3/arnaou/checkpoints/groupgat_Omega_trial_768_best_state.pt,"{'learning_rate': 0.0006457571413298616, 'lr_reduce': 0.6}",TPESampler,COMPLETE
769,0.06498388200998306,2025-04-25 19:18:04.126047,2025-04-25 19:19:06.858061,0 days 00:01:02.732014,0.08987294726422143,160,2,1,48,0.11259145819097335,112,3,1,112,0.25042893217901013,96,1,3,48,0.2655473554138741,208,80.0,368.0,3,2,0.0008358734446988247,0.6,/work3/arnaou/checkpoints/groupgat_Omega_trial_769_best_state.pt,"{'learning_rate': 0.0008358734446988247, 'lr_reduce': 0.6}",TPESampler,COMPLETE
770,0.06370372325181961,2025-04-25 19:18:09.884546,2025-04-25 19:18:59.518446,0 days 00:00:49.633900,0.054616554718099584,144,1,1,32,0.17388127937042308,160,4,2,80,0.12800650123336782,64,3,1,80,0.04615615208213638,392,88.0,352.0,3,1,0.0025701573665342244,0.6,/work3/arnaou/checkpoints/groupgat_Omega_trial_770_best_state.pt,"{'learning_rate': 0.0025701573665342244, 'lr_reduce': 0.6}",TPESampler,COMPLETE
771,0.05595088005065918,2025-04-25 19:18:39.673815,2025-04-25 19:19:29.397469,0 days 00:00:49.723654,0.06661970540491023,224,1,3,80,0.19234298146558998,208,4,1,96,0.27168366233470376,128,1,1,128,0.29079603714658264,208,80.0,,2,1,0.00042393495396122956,0.6,/work3/arnaou/checkpoints/groupgat_Omega_trial_771_best_state.pt,"{'learning_rate': 0.00042393495396122956, 'lr_reduce': 0.6}",TPESampler,COMPLETE
772,0.058819904923439026,2025-04-25 19:18:59.791811,2025-04-25 19:20:20.218934,0 days 00:01:20.427123,0.03838238086103915,256,1,3,48,0.010686021860582429,208,3,1,112,0.2774095534641778,128,1,2,80,0.11555048089469686,488,88.0,384.0,3,2,0.0001305729623840516,0.6,/work3/arnaou/checkpoints/groupgat_Omega_trial_772_best_state.pt,"{'learning_rate': 0.0001305729623840516, 'lr_reduce': 0.6}",TPESampler,COMPLETE
773,0.05489330366253853,2025-04-25 19:19:07.176671,2025-04-25 19:20:16.615190,0 days 00:01:09.438519,0.037154862103609035,144,1,2,64,0.048464376349035054,256,4,3,112,0.15987906134006347,32,2,2,64,0.23302645295235902,392,80.0,288.0,3,1,0.0005761489202100948,0.6,/work3/arnaou/checkpoints/groupgat_Omega_trial_773_best_state.pt,"{'learning_rate': 0.0005761489202100948, 'lr_reduce': 0.6}",TPESampler,COMPLETE
774,0.05047052726149559,2025-04-25 19:19:29.642045,2025-04-25 19:20:21.845486,0 days 00:00:52.203441,0.04649758256384561,256,1,1,32,0.2173115086082448,224,4,1,96,0.24143726992408782,96,1,1,96,0.2661123533814698,416,80.0,288.0,3,2,0.0007235814517948664,0.6,/work3/arnaou/checkpoints/groupgat_Omega_trial_774_best_state.pt,"{'learning_rate': 0.0007235814517948664, 'lr_reduce': 0.6}",TPESampler,COMPLETE
775,0.062531478703022,2025-04-25 19:20:16.822011,2025-04-25 19:21:44.535072,0 days 00:01:27.713061,0.06994917282453124,240,3,4,32,0.02531289576541708,224,3,1,128,0.21494553103981665,112,1,2,112,0.24673237218908425,448,80.0,,2,2,0.00018987993742978292,0.6,/work3/arnaou/checkpoints/groupgat_Omega_trial_775_best_state.pt,"{'learning_rate': 0.00018987993742978292, 'lr_reduce': 0.6}",TPESampler,COMPLETE
776,0.06359709799289703,2025-04-25 19:20:20.430039,2025-04-25 19:21:34.369673,0 days 00:01:13.939634,0.13270203849927859,224,1,2,64,0.11510861926618093,176,3,2,112,0.23385501043154674,80,1,2,48,0.1620607838723125,384,104.0,,2,2,0.0008501178402829999,0.6,/work3/arnaou/checkpoints/groupgat_Omega_trial_776_best_state.pt,"{'learning_rate': 0.0008501178402829999, 'lr_reduce': 0.6}",TPESampler,COMPLETE
777,0.06511989235877991,2025-04-25 19:20:22.043311,2025-04-25 19:21:22.332723,0 days 00:01:00.289412,0.075427977223598,256,2,1,32,0.12753930514388584,224,3,1,128,0.2849123076106929,128,1,1,80,0.1648183371807852,456,32.0,264.0,3,2,0.0007371455032619383,0.6,/work3/arnaou/checkpoints/groupgat_Omega_trial_777_best_state.pt,"{'learning_rate': 0.0007371455032619383, 'lr_reduce': 0.6}",TPESampler,COMPLETE
778,0.05253206565976143,2025-04-25 19:21:22.668168,2025-04-25 19:22:41.779836,0 days 00:01:19.111668,0.05526771470796775,240,2,2,80,0.05069464628888798,256,4,1,112,0.21018231154089492,128,1,1,96,0.20375015643891492,456,32.0,272.0,3,2,0.00029080004363191505,0.6,/work3/arnaou/checkpoints/groupgat_Omega_trial_778_best_state.pt,"{'learning_rate': 0.00029080004363191505, 'lr_reduce': 0.6}",TPESampler,COMPLETE
779,0.0540853813290596,2025-04-25 19:21:34.581139,2025-04-25 19:23:02.386589,0 days 00:01:27.805450,0.036303291686146294,208,2,1,48,0.02488810591835467,208,2,1,96,0.23924275971144643,64,1,3,112,0.08045318578203783,232,80.0,,2,2,0.00022724685543749258,0.6,/work3/arnaou/checkpoints/groupgat_Omega_trial_779_best_state.pt,"{'learning_rate': 0.00022724685543749258, 'lr_reduce': 0.6}",TPESampler,COMPLETE
780,0.059029560536146164,2025-04-25 19:21:44.862357,2025-04-25 19:23:00.485034,0 days 00:01:15.622677,0.05736614692804205,240,2,3,48,0.15107560021378974,256,3,1,128,0.2909991374776189,112,1,1,80,0.20676643919374899,472,72.0,,2,2,0.00037796126320187155,0.6,/work3/arnaou/checkpoints/groupgat_Omega_trial_780_best_state.pt,"{'learning_rate': 0.00037796126320187155, 'lr_reduce': 0.6}",TPESampler,COMPLETE
781,0.05603555962443352,2025-04-25 19:22:42.104377,2025-04-25 19:23:52.016274,0 days 00:01:09.911897,0.023241661643613323,256,1,2,32,0.20829314195527568,256,3,2,64,0.25448497030561607,112,2,1,112,0.2572577660180972,360,32.0,264.0,3,2,0.0003968198272768593,0.6,/work3/arnaou/checkpoints/groupgat_Omega_trial_781_best_state.pt,"{'learning_rate': 0.0003968198272768593, 'lr_reduce': 0.6}",TPESampler,COMPLETE
782,0.06084398552775383,2025-04-25 19:23:00.672922,2025-04-25 19:24:04.407375,0 days 00:01:03.734453,0.037290629734718445,240,1,1,64,0.2074164978814262,208,4,1,96,0.13647913703312167,64,1,1,96,0.23164664847030564,344,80.0,296.0,3,2,0.0020641694346180276,0.6,/work3/arnaou/checkpoints/groupgat_Omega_trial_782_best_state.pt,"{'learning_rate': 0.0020641694346180276, 'lr_reduce': 0.6}",TPESampler,COMPLETE
783,0.04904072731733322,2025-04-25 19:23:02.601423,2025-04-25 19:24:31.697460,0 days 00:01:29.096037,0.08233607665368489,240,1,1,32,0.2550824094341714,208,4,1,80,0.2643589555859751,96,1,1,80,0.2221236298886898,496,104.0,248.0,3,2,0.00060498955770287,0.6,/work3/arnaou/checkpoints/groupgat_Omega_trial_783_best_state.pt,"{'learning_rate': 0.00060498955770287, 'lr_reduce': 0.6}",TPESampler,COMPLETE
784,0.05533011630177498,2025-04-25 19:23:52.551624,2025-04-25 19:24:49.415647,0 days 00:00:56.864023,0.020981538255982743,224,2,3,32,0.08253405833144077,176,4,1,112,0.22254164853530872,96,1,1,96,0.2014267493468286,376,72.0,296.0,3,2,0.0010846203750420804,0.6,/work3/arnaou/checkpoints/groupgat_Omega_trial_784_best_state.pt,"{'learning_rate': 0.0010846203750420804, 'lr_reduce': 0.6}",TPESampler,COMPLETE
785,0.057695336639881134,2025-04-25 19:24:04.610283,2025-04-25 19:24:56.259159,0 days 00:00:51.648876,0.002944736471843736,224,1,1,32,0.08634100422193013,160,4,2,112,0.1924118800334328,80,3,4,112,0.08334125478137326,400,32.0,296.0,3,1,0.0012954895033157623,0.6,/work3/arnaou/checkpoints/groupgat_Omega_trial_785_best_state.pt,"{'learning_rate': 0.0012954895033157623, 'lr_reduce': 0.6}",TPESampler,COMPLETE
786,0.06112360209226608,2025-04-25 19:24:31.908628,2025-04-25 19:25:33.845648,0 days 00:01:01.937020,0.15433609446678298,240,1,3,48,0.2835736273325591,224,3,1,80,0.2738662701736301,112,1,2,64,0.2248214977753328,472,120.0,240.0,3,2,0.0011290390130772427,0.6,/work3/arnaou/checkpoints/groupgat_Omega_trial_786_best_state.pt,"{'learning_rate': 0.0011290390130772427, 'lr_reduce': 0.6}",TPESampler,COMPLETE
787,0.059876542538404465,2025-04-25 19:24:49.643342,2025-04-25 19:25:45.819949,0 days 00:00:56.176607,0.07955241288489828,256,1,1,32,0.2517583053500452,224,3,2,80,0.14361926774081307,80,1,1,64,0.25187960305931956,440,120.0,232.0,3,2,0.0007009918473671925,0.6,/work3/arnaou/checkpoints/groupgat_Omega_trial_787_best_state.pt,"{'learning_rate': 0.0007009918473671925, 'lr_reduce': 0.6}",TPESampler,COMPLETE
788,0.06571536511182785,2025-04-25 19:24:56.485854,2025-04-25 19:26:01.097905,0 days 00:01:04.612051,0.11363604340888045,256,1,2,48,0.13720352158262328,160,3,1,128,0.2897609310987208,96,1,3,96,0.16203377869997806,440,72.0,232.0,3,2,0.0020080702368657994,0.6,/work3/arnaou/checkpoints/groupgat_Omega_trial_788_best_state.pt,"{'learning_rate': 0.0020080702368657994, 'lr_reduce': 0.6}",TPESampler,COMPLETE
789,0.05818021297454834,2025-04-25 19:25:34.114286,2025-04-25 19:26:58.100025,0 days 00:01:23.985739,0.04838968756070733,208,4,2,64,0.1366372126819108,176,4,1,112,0.2938811722913177,96,2,1,80,0.23135070939937918,456,32.0,240.0,3,2,0.0001767448439539746,0.6,/work3/arnaou/checkpoints/groupgat_Omega_trial_789_best_state.pt,"{'learning_rate': 0.0001767448439539746, 'lr_reduce': 0.6}",TPESampler,COMPLETE
790,0.057489581406116486,2025-04-25 19:25:46.087907,2025-04-25 19:26:46.814028,0 days 00:01:00.726121,0.08513007952589355,160,2,2,64,0.16064474609457902,208,4,1,112,0.2302298993455542,32,1,2,32,0.24754747058767443,240,120.0,296.0,3,1,0.0007409833614258393,0.6,/work3/arnaou/checkpoints/groupgat_Omega_trial_790_best_state.pt,"{'learning_rate': 0.0007409833614258393, 'lr_reduce': 0.6}",TPESampler,COMPLETE
