number,value,datetime_start,datetime_complete,duration,params_L1_dropout,params_L1_hidden_dim,params_L1_layers_atom,params_L1_layers_mol,params_L1_out_dim,params_L2_dropout,params_L2_hidden_dim,params_L2_layers_atom,params_L2_layers_mol,params_L2_out_dim,params_L3_dropout,params_L3_hidden_dim,params_L3_layers_atom,params_L3_layers_mol,params_L3_out_dim,params_final_dropout,params_mlp_dim_0,params_mlp_dim_1,params_mlp_dim_2,params_n_mlp_layers,params_num_heads,params_train_learning_rate,params_train_lr_reduce,user_attrs_best_state_dict_path,user_attrs_training_params,system_attrs_auto:sampler,state
948,0.0651894360780716,2025-04-25 20:33:02.035471,2025-04-25 20:34:09.329238,0 days 00:01:07.293767,0.13487601027259388,256,1,3,32,0.06548997472756249,256,4,1,112,0.29107049521127765,48,2,2,32,0.1531161612961607,448,216.0,320.0,3,2,0.0009845219448460362,0.6,/work3/arnaou/checkpoints/groupgat_Omega_trial_948_best_state.pt,"{'learning_rate': 0.0009845219448460362, 'lr_reduce': 0.6}",TPESampler,COMPLETE
949,0.058038413524627686,2025-04-25 20:33:35.272039,2025-04-25 20:34:44.469785,0 days 00:01:09.197746,0.002414929713241462,224,1,1,112,0.06457800441756459,208,4,2,64,0.2963505198670599,64,4,4,48,0.287639898894396,464,192.0,320.0,3,2,0.0008439445512288077,0.6,/work3/arnaou/checkpoints/groupgat_Omega_trial_949_best_state.pt,"{'learning_rate': 0.0008439445512288077, 'lr_reduce': 0.6}",TPESampler,COMPLETE
950,0.06383884698152542,2025-04-25 20:34:09.623038,2025-04-25 20:34:51.470745,0 days 00:00:41.847707,0.026137479517550778,256,1,1,32,0.2497915198445398,256,3,1,112,0.22966583211550784,64,2,1,32,0.13099771741166832,504,240.0,368.0,3,2,0.0023088059466895793,0.6,/work3/arnaou/checkpoints/groupgat_Omega_trial_950_best_state.pt,"{'learning_rate': 0.0023088059466895793, 'lr_reduce': 0.6}",TPESampler,COMPLETE
951,0.0487491637468338,2025-04-25 20:34:20.710928,2025-04-25 20:35:33.850623,0 days 00:01:13.139695,0.004629544941544623,240,1,1,64,0.09319905414069926,160,4,2,96,0.22873974572267802,48,4,4,80,0.26903753245760437,480,264.0,304.0,3,2,0.0006519330935390468,0.6,/work3/arnaou/checkpoints/groupgat_Omega_trial_951_best_state.pt,"{'learning_rate': 0.0006519330935390468, 'lr_reduce': 0.6}",TPESampler,COMPLETE
952,0.05545314401388168,2025-04-25 20:34:44.720325,2025-04-25 20:35:46.195812,0 days 00:01:01.475487,0.03442815115550068,256,1,2,96,0.0848189485047881,192,4,1,112,0.22414733411860835,48,4,4,64,0.1598626555896993,448,200.0,,2,2,0.0013400105637879857,0.6,/work3/arnaou/checkpoints/groupgat_Omega_trial_952_best_state.pt,"{'learning_rate': 0.0013400105637879857, 'lr_reduce': 0.6}",TPESampler,COMPLETE
953,0.061959996819496155,2025-04-25 20:34:51.993042,2025-04-25 20:36:11.657586,0 days 00:01:19.664544,0.10760089694469868,224,1,1,96,0.05786191645569741,208,4,1,112,0.20642793012359895,64,3,4,32,0.2908435388358611,504,192.0,,2,2,0.0004284453969494145,0.6,/work3/arnaou/checkpoints/groupgat_Omega_trial_953_best_state.pt,"{'learning_rate': 0.0004284453969494145, 'lr_reduce': 0.6}",TPESampler,COMPLETE
954,0.04803607985377312,2025-04-25 20:35:34.121226,2025-04-25 20:36:35.811429,0 days 00:01:01.690203,0.11276475953977172,240,1,1,96,0.16754704589074843,192,4,1,112,0.21104810731053603,80,4,3,64,0.23402651263186927,488,256.0,360.0,3,2,0.0006161479301874685,0.6,/work3/arnaou/checkpoints/groupgat_Omega_trial_954_best_state.pt,"{'learning_rate': 0.0006161479301874685, 'lr_reduce': 0.6}",TPESampler,COMPLETE
955,0.05934727191925049,2025-04-25 20:35:46.416847,2025-04-25 20:36:33.744571,0 days 00:00:47.327724,0.002765599420036062,224,1,1,64,0.15968097140356874,176,4,1,80,0.18641560600719237,64,4,4,80,0.2905062747661527,304,256.0,320.0,3,2,0.0015439121447074445,0.6,/work3/arnaou/checkpoints/groupgat_Omega_trial_955_best_state.pt,"{'learning_rate': 0.0015439121447074445, 'lr_reduce': 0.6}",TPESampler,COMPLETE
956,0.05733358860015869,2025-04-25 20:36:11.952202,2025-04-25 20:37:20.244992,0 days 00:01:08.292790,0.12015138324285365,256,1,2,80,0.10626065366985053,144,4,2,96,0.2243765844230338,80,4,4,80,0.29988229449839504,512,192.0,320.0,3,2,0.0013001674530215388,0.6,/work3/arnaou/checkpoints/groupgat_Omega_trial_956_best_state.pt,"{'learning_rate': 0.0013001674530215388, 'lr_reduce': 0.6}",TPESampler,COMPLETE
957,0.058134470134973526,2025-04-25 20:36:33.942442,2025-04-25 20:37:57.505672,0 days 00:01:23.563230,0.050631901124831416,256,1,2,32,0.07806605286133073,256,4,3,96,0.25373151929109133,80,2,1,32,0.1579758851709211,416,248.0,384.0,3,2,0.0007107501574839854,0.6,/work3/arnaou/checkpoints/groupgat_Omega_trial_957_best_state.pt,"{'learning_rate': 0.0007107501574839854, 'lr_reduce': 0.6}",TPESampler,COMPLETE
958,0.06428676098585129,2025-04-25 20:36:36.308302,2025-04-25 20:37:58.976119,0 days 00:01:22.667817,0.19111789519538516,208,1,1,64,0.0973922593612896,224,4,1,96,0.182513626101264,48,4,4,48,0.13326438198412427,504,248.0,376.0,3,2,0.000729916718093731,0.6,/work3/arnaou/checkpoints/groupgat_Omega_trial_958_best_state.pt,"{'learning_rate': 0.000729916718093731, 'lr_reduce': 0.6}",TPESampler,COMPLETE
959,0.05106496065855026,2025-04-25 20:37:20.518516,2025-04-25 20:38:23.323631,0 days 00:01:02.805115,0.08134182120936281,192,1,1,96,0.1680358334878657,224,4,2,128,0.21389806318744609,80,4,3,64,0.2985957492037794,448,256.0,376.0,3,2,0.001580696176324361,0.6,/work3/arnaou/checkpoints/groupgat_Omega_trial_959_best_state.pt,"{'learning_rate': 0.001580696176324361, 'lr_reduce': 0.6}",TPESampler,COMPLETE
960,0.0603850819170475,2025-04-25 20:37:57.697867,2025-04-25 20:39:00.881879,0 days 00:01:03.184012,0.10457543253792217,208,2,1,48,0.10000758637877845,256,4,1,96,0.25700739664843153,48,1,1,48,0.16280902476342218,416,256.0,360.0,3,2,0.0004906190741995062,0.6,/work3/arnaou/checkpoints/groupgat_Omega_trial_960_best_state.pt,"{'learning_rate': 0.0004906190741995062, 'lr_reduce': 0.6}",TPESampler,COMPLETE
961,0.052164122462272644,2025-04-25 20:37:59.273093,2025-04-25 20:38:56.016943,0 days 00:00:56.743850,0.02091699065253124,240,1,1,48,0.16688722149701854,256,2,1,96,0.2614914628692011,48,1,2,32,0.2652972163413544,400,272.0,,2,2,0.001053928245572913,0.6,/work3/arnaou/checkpoints/groupgat_Omega_trial_961_best_state.pt,"{'learning_rate': 0.001053928245572913, 'lr_reduce': 0.6}",TPESampler,COMPLETE
962,0.06873051822185516,2025-04-25 20:38:23.543150,2025-04-25 20:39:35.209111,0 days 00:01:11.665961,0.12474396858489355,240,1,1,96,0.26665935497425136,128,3,1,128,0.1882656969875222,96,4,2,64,0.1874650345258816,448,224.0,344.0,3,2,0.0004963685403374011,0.6,/work3/arnaou/checkpoints/groupgat_Omega_trial_962_best_state.pt,"{'learning_rate': 0.0004963685403374011, 'lr_reduce': 0.6}",TPESampler,COMPLETE
963,0.057425737380981445,2025-04-25 20:38:56.206572,2025-04-25 20:40:23.648924,0 days 00:01:27.442352,0.09594559041035355,192,2,1,64,0.15945230430397175,176,4,1,96,0.19329711647285253,96,4,4,48,0.205402252024807,472,264.0,320.0,3,2,0.0005376140121641465,0.6,/work3/arnaou/checkpoints/groupgat_Omega_trial_963_best_state.pt,"{'learning_rate': 0.0005376140121641465, 'lr_reduce': 0.6}",TPESampler,COMPLETE
964,0.0544559508562088,2025-04-25 20:39:01.094469,2025-04-25 20:39:58.771832,0 days 00:00:57.677363,0.06167094562100342,240,1,4,32,0.12885238254006257,256,4,1,112,0.2660049458803312,32,1,1,64,0.2508470897196052,392,200.0,368.0,3,2,0.0010632374714023476,0.6,/work3/arnaou/checkpoints/groupgat_Omega_trial_964_best_state.pt,"{'learning_rate': 0.0010632374714023476, 'lr_reduce': 0.6}",TPESampler,COMPLETE
965,0.05777294933795929,2025-04-25 20:39:35.435792,2025-04-25 20:40:29.943987,0 days 00:00:54.508195,0.002382013233765124,240,1,1,32,0.10909527290976614,208,3,1,96,0.20411333816939548,48,1,1,32,0.18855059564787235,328,256.0,328.0,3,2,0.0012145589213978082,0.6,/work3/arnaou/checkpoints/groupgat_Omega_trial_965_best_state.pt,"{'learning_rate': 0.0012145589213978082, 'lr_reduce': 0.6}",TPESampler,COMPLETE
966,0.054585304111242294,2025-04-25 20:39:59.021677,2025-04-25 20:41:16.071595,0 days 00:01:17.049918,0.043290611963802905,224,1,2,32,0.06001936083257717,176,3,1,112,0.26778287859867655,48,4,3,96,0.28731341487815426,440,200.0,312.0,3,2,0.00031145063723976894,0.6,/work3/arnaou/checkpoints/groupgat_Omega_trial_966_best_state.pt,"{'learning_rate': 0.00031145063723976894, 'lr_reduce': 0.6}",TPESampler,COMPLETE
967,0.050174780189991,2025-04-25 20:40:23.911841,2025-04-25 20:41:26.544519,0 days 00:01:02.632678,0.05139306300353576,240,1,1,64,0.10238043369543051,160,3,1,96,0.22968707894574247,80,4,4,64,0.29520941109428694,448,264.0,,2,2,0.0006525436550211908,0.6,/work3/arnaou/checkpoints/groupgat_Omega_trial_967_best_state.pt,"{'learning_rate': 0.0006525436550211908, 'lr_reduce': 0.6}",TPESampler,COMPLETE
968,0.06530506163835526,2025-04-25 20:40:30.178857,2025-04-25 20:41:52.114508,0 days 00:01:21.935651,0.12206897026198468,208,1,2,96,0.12539155883819847,240,4,1,80,0.2017137913726334,80,4,4,64,0.2131170576898452,512,192.0,368.0,3,1,0.0002233134778182951,0.6,/work3/arnaou/checkpoints/groupgat_Omega_trial_968_best_state.pt,"{'learning_rate': 0.0002233134778182951, 'lr_reduce': 0.6}",TPESampler,COMPLETE
969,0.05350111052393913,2025-04-25 20:41:16.319527,2025-04-25 20:42:24.083463,0 days 00:01:07.763936,0.030839913250830818,208,1,1,48,0.10683905456739788,240,2,2,128,0.28963368122601857,48,1,1,32,0.17045507993117395,424,272.0,312.0,3,2,0.00021418608689885375,0.6,/work3/arnaou/checkpoints/groupgat_Omega_trial_969_best_state.pt,"{'learning_rate': 0.00021418608689885375, 'lr_reduce': 0.6}",TPESampler,COMPLETE
970,0.05972091481089592,2025-04-25 20:41:26.804189,2025-04-25 20:42:35.531056,0 days 00:01:08.726867,0.07445884638660845,224,1,1,48,0.07466717560338904,192,4,1,112,0.22492807335680737,48,4,4,112,0.2777828482499807,504,280.0,,2,2,0.0017139295583909584,0.6,/work3/arnaou/checkpoints/groupgat_Omega_trial_970_best_state.pt,"{'learning_rate': 0.0017139295583909584, 'lr_reduce': 0.6}",TPESampler,COMPLETE
971,0.05661724880337715,2025-04-25 20:41:52.478632,2025-04-25 20:42:52.311567,0 days 00:00:59.832935,0.06307070367225723,256,1,2,64,0.03978404906605776,224,4,1,96,0.2028254419709869,48,4,4,48,0.2782983994909545,488,264.0,392.0,3,2,0.0011576695811173997,0.6,/work3/arnaou/checkpoints/groupgat_Omega_trial_971_best_state.pt,"{'learning_rate': 0.0011576695811173997, 'lr_reduce': 0.6}",TPESampler,COMPLETE
972,0.05879635363817215,2025-04-25 20:42:24.293689,2025-04-25 20:43:23.078921,0 days 00:00:58.785232,0.07321059360132692,176,1,1,80,0.1595380903389127,160,3,2,112,0.15750728985981924,32,4,4,64,0.21256874220471966,424,232.0,400.0,3,2,0.0020061144076515495,0.6,/work3/arnaou/checkpoints/groupgat_Omega_trial_972_best_state.pt,"{'learning_rate': 0.0020061144076515495, 'lr_reduce': 0.6}",TPESampler,COMPLETE
973,0.05890360847115517,2025-04-25 20:42:35.782999,2025-04-25 20:44:04.168443,0 days 00:01:28.385444,0.10944448878932352,256,1,1,64,0.11832385248084008,192,3,2,80,0.23446388963751244,80,4,4,80,0.2947698825303931,272,,,1,2,0.0005810591108599266,0.6,/work3/arnaou/checkpoints/groupgat_Omega_trial_973_best_state.pt,"{'learning_rate': 0.0005810591108599266, 'lr_reduce': 0.6}",TPESampler,COMPLETE
974,0.05900255963206291,2025-04-25 20:42:52.619673,2025-04-25 20:44:03.835132,0 days 00:01:11.215459,0.16355199922283223,176,2,1,96,0.13923716536165584,256,4,1,96,0.27901610635166074,32,3,3,80,0.2046958236148072,392,248.0,368.0,3,2,0.0003522061355752591,0.6,/work3/arnaou/checkpoints/groupgat_Omega_trial_974_best_state.pt,"{'learning_rate': 0.0003522061355752591, 'lr_reduce': 0.6}",TPESampler,COMPLETE
975,0.058864764869213104,2025-04-25 20:43:23.398333,2025-04-25 20:44:38.959407,0 days 00:01:15.561074,0.06120737119390908,208,2,1,64,0.020950104236770767,128,3,1,96,0.184046514690614,64,4,4,64,0.25952328069121283,472,280.0,,2,2,0.000622224817242185,0.6,/work3/arnaou/checkpoints/groupgat_Omega_trial_975_best_state.pt,"{'learning_rate': 0.000622224817242185, 'lr_reduce': 0.6}",TPESampler,COMPLETE
976,0.05639741197228432,2025-04-25 20:44:04.128173,2025-04-25 20:45:48.889539,0 days 00:01:44.761366,0.04424770889155316,176,2,1,48,0.0986923249497523,240,4,1,112,0.22933995882249986,96,3,1,112,0.22015266472533448,504,240.0,360.0,3,2,0.00020164639678179878,0.6,/work3/arnaou/checkpoints/groupgat_Omega_trial_976_best_state.pt,"{'learning_rate': 0.00020164639678179878, 'lr_reduce': 0.6}",TPESampler,COMPLETE
977,0.05619259178638458,2025-04-25 20:44:04.526834,2025-04-25 20:45:46.529862,0 days 00:01:42.003028,0.03808189007791696,240,2,2,32,0.07660982876745527,256,4,1,96,0.16950435194290117,96,3,1,112,0.14270859568432812,448,288.0,336.0,3,2,0.00012481719362138089,0.6,/work3/arnaou/checkpoints/groupgat_Omega_trial_977_best_state.pt,"{'learning_rate': 0.00012481719362138089, 'lr_reduce': 0.6}",TPESampler,COMPLETE
978,0.05564071610569954,2025-04-25 20:44:39.274109,2025-04-25 20:45:53.337598,0 days 00:01:14.063489,0.010942783194462014,192,1,1,64,0.0533068584075274,144,4,2,96,0.28858105397371586,48,4,4,48,0.27929341019965814,512,200.0,392.0,3,2,0.0010243118386525185,0.6,/work3/arnaou/checkpoints/groupgat_Omega_trial_978_best_state.pt,"{'learning_rate': 0.0010243118386525185, 'lr_reduce': 0.6}",TPESampler,COMPLETE
979,0.05512990802526474,2025-04-25 20:45:46.764443,2025-04-25 20:47:05.467899,0 days 00:01:18.703456,0.1306808285295671,256,2,1,96,0.10833864820977766,192,4,1,128,0.26055035863712184,80,4,3,80,0.2494870335717117,448,232.0,320.0,3,2,0.0007132161828929902,0.6,/work3/arnaou/checkpoints/groupgat_Omega_trial_979_best_state.pt,"{'learning_rate': 0.0007132161828929902, 'lr_reduce': 0.6}",TPESampler,COMPLETE
980,0.058901794254779816,2025-04-25 20:45:49.169696,2025-04-25 20:46:54.957044,0 days 00:01:05.787348,0.08083685770651097,256,1,2,96,0.09217357156859102,208,3,1,96,0.23765190089681523,64,4,3,64,0.2936152577640728,424,264.0,,2,2,0.0006672890693018509,0.6,/work3/arnaou/checkpoints/groupgat_Omega_trial_980_best_state.pt,"{'learning_rate': 0.0006672890693018509, 'lr_reduce': 0.6}",TPESampler,COMPLETE
981,0.08038860559463501,2025-04-25 20:45:53.617208,2025-04-25 20:47:35.012703,0 days 00:01:41.395495,0.08411189313977897,176,1,1,96,0.1326464183777977,144,4,3,96,0.20710413310370468,48,4,3,64,0.24185863621900353,488,192.0,,2,2,0.0002469462842537718,0.6,/work3/arnaou/checkpoints/groupgat_Omega_trial_981_best_state.pt,"{'learning_rate': 0.0002469462842537718, 'lr_reduce': 0.6}",TPESampler,COMPLETE
982,0.05202730372548103,2025-04-25 20:46:55.221670,2025-04-25 20:47:40.973687,0 days 00:00:45.752017,0.0019260766837703724,256,2,1,32,0.11820391613407862,192,3,1,96,0.292545530625847,64,4,4,48,0.21429855231711467,496,288.0,,2,1,0.0006552019130555573,0.6,/work3/arnaou/checkpoints/groupgat_Omega_trial_982_best_state.pt,"{'learning_rate': 0.0006552019130555573, 'lr_reduce': 0.6}",TPESampler,COMPLETE
983,0.07117977738380432,2025-04-25 20:47:05.700827,2025-04-25 20:48:54.936724,0 days 00:01:49.235897,0.20411833205817,224,1,1,64,0.20127579360804548,224,4,2,112,0.23110553661850627,96,4,3,80,0.17034270842214308,432,224.0,312.0,3,2,0.0003802299405206223,0.6,/work3/arnaou/checkpoints/groupgat_Omega_trial_983_best_state.pt,"{'learning_rate': 0.0003802299405206223, 'lr_reduce': 0.6}",TPESampler,COMPLETE
984,0.061629846692085266,2025-04-25 20:47:35.293695,2025-04-25 20:48:29.409889,0 days 00:00:54.116194,0.05170395519979093,224,1,1,80,0.13564892251116567,160,3,1,48,0.1835123595856851,112,4,4,48,0.24255538389245446,384,184.0,,2,2,0.0016815341876434712,0.6,/work3/arnaou/checkpoints/groupgat_Omega_trial_984_best_state.pt,"{'learning_rate': 0.0016815341876434712, 'lr_reduce': 0.6}",TPESampler,COMPLETE
985,0.06162821128964424,2025-04-25 20:47:41.285862,2025-04-25 20:49:10.465931,0 days 00:01:29.180069,0.03127318323039628,192,3,2,32,0.21193844346775323,192,4,1,96,0.22882937975242718,80,3,2,64,0.2314742193317116,512,280.0,,2,2,0.00035955285724511844,0.6,/work3/arnaou/checkpoints/groupgat_Omega_trial_985_best_state.pt,"{'learning_rate': 0.00035955285724511844, 'lr_reduce': 0.6}",TPESampler,COMPLETE
986,0.05688191205263138,2025-04-25 20:48:29.620547,2025-04-25 20:49:23.774292,0 days 00:00:54.153745,0.007400484903061479,240,1,2,48,0.10381528571505787,240,4,1,112,0.29373834140204674,32,2,2,32,0.218791519690887,304,232.0,368.0,3,2,0.001351539160087172,0.6,/work3/arnaou/checkpoints/groupgat_Omega_trial_986_best_state.pt,"{'learning_rate': 0.001351539160087172, 'lr_reduce': 0.6}",TPESampler,COMPLETE
987,0.058726709336042404,2025-04-25 20:48:55.328522,2025-04-25 20:50:13.436436,0 days 00:01:18.107914,0.06919462194709503,240,2,1,48,0.17361645612323862,256,4,1,112,0.2196093382299222,48,4,4,80,0.29233468808703994,448,288.0,312.0,3,2,0.0004467188501982175,0.6,/work3/arnaou/checkpoints/groupgat_Omega_trial_987_best_state.pt,"{'learning_rate': 0.0004467188501982175, 'lr_reduce': 0.6}",TPESampler,COMPLETE
988,0.07474137842655182,2025-04-25 20:49:10.778071,2025-04-25 20:50:10.253257,0 days 00:00:59.475186,0.05526295688354489,256,3,2,48,0.121687105396206,208,4,2,80,0.18292961424267756,64,1,2,64,0.1337714024380428,496,192.0,360.0,3,2,0.001829085274752121,0.6,/work3/arnaou/checkpoints/groupgat_Omega_trial_988_best_state.pt,"{'learning_rate': 0.001829085274752121, 'lr_reduce': 0.6}",TPESampler,COMPLETE
989,0.06426707655191422,2025-04-25 20:49:23.957007,2025-04-25 20:50:44.429004,0 days 00:01:20.471997,0.03195757893937905,240,2,1,64,0.09523373245035278,176,4,3,96,0.24889891853039967,32,4,4,80,0.25615746634569286,512,232.0,304.0,3,2,0.0002167134145556034,0.6,/work3/arnaou/checkpoints/groupgat_Omega_trial_989_best_state.pt,"{'learning_rate': 0.0002167134145556034, 'lr_reduce': 0.6}",TPESampler,COMPLETE
990,0.11958617717027664,2025-04-25 20:50:10.497738,2025-04-25 20:51:25.741342,0 days 00:01:15.243604,0.07076262861706913,128,2,2,48,0.11753891723348545,224,4,2,128,0.2450482809406967,48,2,3,80,0.13118929961180364,280,184.0,400.0,3,1,0.00935463954943146,0.6,/work3/arnaou/checkpoints/groupgat_Omega_trial_990_best_state.pt,"{'learning_rate': 0.00935463954943146, 'lr_reduce': 0.6}",TPESampler,COMPLETE
991,0.059400156140327454,2025-04-25 20:50:13.644058,2025-04-25 20:51:17.292156,0 days 00:01:03.648098,0.10460860309643655,256,1,2,48,0.14005343244897325,160,4,1,96,0.24636967970116783,80,1,2,64,0.10628314522820345,488,288.0,320.0,3,2,0.0012746408965514013,0.6,/work3/arnaou/checkpoints/groupgat_Omega_trial_991_best_state.pt,"{'learning_rate': 0.0012746408965514013, 'lr_reduce': 0.6}",TPESampler,COMPLETE
992,0.06963612139225006,2025-04-25 20:50:44.687809,2025-04-25 20:51:44.114553,0 days 00:00:59.426744,0.17434630538177295,224,1,1,96,0.16358650248159531,144,4,1,64,0.18330011048598185,80,4,3,48,0.19514585178687688,440,248.0,344.0,3,2,0.0021128326390568966,0.6,/work3/arnaou/checkpoints/groupgat_Omega_trial_992_best_state.pt,"{'learning_rate': 0.0021128326390568966, 'lr_reduce': 0.6}",TPESampler,COMPLETE
993,0.049460239708423615,2025-04-25 20:51:17.508101,2025-04-25 20:52:38.384576,0 days 00:01:20.876475,0.08723519283439994,240,1,1,96,0.12826788902249373,224,4,2,128,0.23926384122828534,32,4,3,64,0.2391721400380079,480,184.0,296.0,3,2,0.0007545062593768105,0.6,/work3/arnaou/checkpoints/groupgat_Omega_trial_993_best_state.pt,"{'learning_rate': 0.0007545062593768105, 'lr_reduce': 0.6}",TPESampler,COMPLETE
994,0.06266361474990845,2025-04-25 20:51:25.946566,2025-04-25 20:52:31.346100,0 days 00:01:05.399534,0.03663864926766072,208,1,1,48,0.04606521203331666,160,3,1,128,0.23742340691761146,80,3,3,32,0.24469266449102078,392,240.0,,2,2,0.0029622362497212363,0.6,/work3/arnaou/checkpoints/groupgat_Omega_trial_994_best_state.pt,"{'learning_rate': 0.0029622362497212363, 'lr_reduce': 0.6}",TPESampler,COMPLETE
995,0.06673670560121536,2025-04-25 20:51:44.445407,2025-04-25 20:53:02.081665,0 days 00:01:17.636258,0.007123858515179781,256,4,3,32,0.056105091507538965,224,3,1,128,0.27400573326561056,128,1,1,64,0.10561470688284055,472,288.0,400.0,3,2,0.00041792756960574697,0.6,/work3/arnaou/checkpoints/groupgat_Omega_trial_995_best_state.pt,"{'learning_rate': 0.00041792756960574697, 'lr_reduce': 0.6}",TPESampler,COMPLETE
996,0.06214292347431183,2025-04-25 20:52:31.582331,2025-04-25 20:53:20.662024,0 days 00:00:49.079693,0.03468521321909888,96,1,2,64,0.08158355487379307,224,4,1,128,0.24539065937845897,32,2,2,64,0.16827300292743624,344,232.0,352.0,3,1,0.0012052422776933594,0.6,/work3/arnaou/checkpoints/groupgat_Omega_trial_996_best_state.pt,"{'learning_rate': 0.0012052422776933594, 'lr_reduce': 0.6}",TPESampler,COMPLETE
997,0.0648440346121788,2025-04-25 20:52:38.701331,2025-04-25 20:53:48.472239,0 days 00:01:09.770908,0.07095535720903412,192,1,2,64,0.13808913190199126,256,4,2,112,0.29180103953468095,32,3,2,48,0.2927872131816551,272,184.0,288.0,3,1,0.001044938835180401,0.6,/work3/arnaou/checkpoints/groupgat_Omega_trial_997_best_state.pt,"{'learning_rate': 0.001044938835180401, 'lr_reduce': 0.6}",TPESampler,COMPLETE
998,0.05295335501432419,2025-04-25 20:53:02.311973,2025-04-25 20:54:07.480170,0 days 00:01:05.168197,0.03952132495931744,224,1,2,48,0.11860260673994054,256,4,2,112,0.27849532149178313,80,1,2,32,0.2502430194830263,504,184.0,296.0,3,2,0.0005790812085477011,0.6,/work3/arnaou/checkpoints/groupgat_Omega_trial_998_best_state.pt,"{'learning_rate': 0.0005790812085477011, 'lr_reduce': 0.6}",TPESampler,COMPLETE
999,0.0529375858604908,2025-04-25 20:53:20.998048,2025-04-25 20:54:34.391290,0 days 00:01:13.393242,0.017794623484252703,256,1,2,32,0.16686022585977972,192,4,1,112,0.2636734371521179,48,3,4,48,0.27060284919544436,464,176.0,,2,2,0.0007598429067083465,0.6,/work3/arnaou/checkpoints/groupgat_Omega_trial_999_best_state.pt,"{'learning_rate': 0.0007598429067083465, 'lr_reduce': 0.6}",TPESampler,COMPLETE
1000,0.05764967203140259,2025-04-25 20:53:48.670727,2025-04-25 20:55:25.833782,0 days 00:01:37.163055,0.03819684556475493,240,1,1,80,0.1424082242886474,176,4,2,80,0.15019860900725773,32,4,4,48,0.27945423397773306,504,192.0,,2,2,0.0005021327110612401,0.6,/work3/arnaou/checkpoints/groupgat_Omega_trial_1000_best_state.pt,"{'learning_rate': 0.0005021327110612401, 'lr_reduce': 0.6}",TPESampler,COMPLETE
