number,value,datetime_start,datetime_complete,duration,params_L1_dropout,params_L1_hidden_dim,params_L1_layers_atom,params_L1_layers_mol,params_L1_out_dim,params_L2_dropout,params_L2_hidden_dim,params_L2_layers_atom,params_L2_layers_mol,params_L2_out_dim,params_L3_dropout,params_L3_hidden_dim,params_L3_layers_atom,params_L3_layers_mol,params_L3_out_dim,params_final_dropout,params_mlp_dim_0,params_mlp_dim_1,params_mlp_dim_2,params_n_mlp_layers,params_num_heads,params_train_learning_rate,params_train_lr_reduce,user_attrs_best_state_dict_path,user_attrs_training_params,system_attrs_auto:sampler,state
895,0.060722604393959045,2025-04-25 20:10:05.334266,2025-04-25 20:11:21.758387,0 days 00:01:16.424121,0.029336409859486323,144,3,3,48,0.08469547436924342,176,4,1,96,0.2831560877190635,112,2,2,96,0.11986646458188802,432,512.0,,2,1,0.0005861866796813149,0.6,/work3/arnaou/checkpoints/groupgat_Omega_trial_895_best_state.pt,"{'learning_rate': 0.0005861866796813149, 'lr_reduce': 0.6}",TPESampler,COMPLETE
896,0.0637907162308693,2025-04-25 20:10:15.113313,2025-04-25 20:11:32.439892,0 days 00:01:17.326579,0.0008695195254624054,112,2,4,64,0.07075222095717755,256,4,1,112,0.2821074356175937,112,1,1,96,0.16560101365606167,376,408.0,384.0,3,2,0.0003663379323191301,0.6,/work3/arnaou/checkpoints/groupgat_Omega_trial_896_best_state.pt,"{'learning_rate': 0.0003663379323191301, 'lr_reduce': 0.6}",TPESampler,COMPLETE
897,0.05790143460035324,2025-04-25 20:10:21.269021,2025-04-25 20:11:53.134488,0 days 00:01:31.865467,0.052852913718013705,208,1,2,32,0.12436647561536374,144,4,1,96,0.28003756073061004,80,3,2,80,0.23612431836184566,448,456.0,360.0,3,2,0.0002798680513069977,0.6,/work3/arnaou/checkpoints/groupgat_Omega_trial_897_best_state.pt,"{'learning_rate': 0.0002798680513069977, 'lr_reduce': 0.6}",TPESampler,COMPLETE
898,0.058198411017656326,2025-04-25 20:11:21.969589,2025-04-25 20:12:25.172005,0 days 00:01:03.202416,0.04388540365471992,224,2,2,48,0.2085874848536042,256,4,1,80,0.18724665139300312,96,1,1,128,0.2856007546640618,432,512.0,472.0,3,2,0.0007933519961498008,0.6,/work3/arnaou/checkpoints/groupgat_Omega_trial_898_best_state.pt,"{'learning_rate': 0.0007933519961498008, 'lr_reduce': 0.6}",TPESampler,COMPLETE
899,0.05088522285223007,2025-04-25 20:11:33.410693,2025-04-25 20:12:55.299088,0 days 00:01:21.888395,0.004589450457790273,160,1,2,48,0.06983545296785523,176,4,2,128,0.2527450494947946,80,4,2,80,0.13706958043973613,424,,,1,2,0.0004097666735754662,0.6,/work3/arnaou/checkpoints/groupgat_Omega_trial_899_best_state.pt,"{'learning_rate': 0.0004097666735754662, 'lr_reduce': 0.6}",TPESampler,COMPLETE
900,0.057463329285383224,2025-04-25 20:11:53.346670,2025-04-25 20:13:11.810105,0 days 00:01:18.463435,0.07991534098397657,208,1,1,32,0.07820206038153994,160,4,1,96,0.26873778465135467,64,2,3,128,0.08840877396240662,336,448.0,360.0,3,2,0.0004182182733674183,0.6,/work3/arnaou/checkpoints/groupgat_Omega_trial_900_best_state.pt,"{'learning_rate': 0.0004182182733674183, 'lr_reduce': 0.6}",TPESampler,COMPLETE
901,0.05849872902035713,2025-04-25 20:12:25.411802,2025-04-25 20:14:31.353475,0 days 00:02:05.941673,0.01612591224509166,240,1,1,80,0.1741431790670556,176,4,1,96,0.20421885407246282,48,3,4,80,0.2672767623049302,368,512.0,,2,2,0.00011874053418538396,0.6,/work3/arnaou/checkpoints/groupgat_Omega_trial_901_best_state.pt,"{'learning_rate': 0.00011874053418538396, 'lr_reduce': 0.6}",TPESampler,COMPLETE
902,0.06017332151532173,2025-04-25 20:12:55.565981,2025-04-25 20:14:02.126112,0 days 00:01:06.560131,0.05384574438382218,240,2,1,32,0.2627132487144805,256,3,1,96,0.2664320581620657,112,2,2,96,0.2741317160397665,488,464.0,392.0,3,2,0.00044164485640910096,0.6,/work3/arnaou/checkpoints/groupgat_Omega_trial_902_best_state.pt,"{'learning_rate': 0.00044164485640910096, 'lr_reduce': 0.6}",TPESampler,COMPLETE
903,0.10773543268442154,2025-04-25 20:13:12.159598,2025-04-25 20:15:05.971395,0 days 00:01:53.811797,0.015954534332405727,208,3,4,48,0.14463950012084342,160,4,2,128,0.2711761626952456,128,1,1,96,0.18970894115206186,424,432.0,,2,2,0.00011822500806021965,0.6,/work3/arnaou/checkpoints/groupgat_Omega_trial_903_best_state.pt,"{'learning_rate': 0.00011822500806021965, 'lr_reduce': 0.6}",TPESampler,COMPLETE
904,0.058144766837358475,2025-04-25 20:14:02.394099,2025-04-25 20:15:38.547209,0 days 00:01:36.153110,0.0627804518729284,144,1,1,32,0.08116414686606156,224,3,2,128,0.26608481259924305,64,4,2,80,0.08935911467345213,448,,,1,2,0.0003012928742673512,0.6,/work3/arnaou/checkpoints/groupgat_Omega_trial_904_best_state.pt,"{'learning_rate': 0.0003012928742673512, 'lr_reduce': 0.6}",TPESampler,COMPLETE
905,0.0599302314221859,2025-04-25 20:14:31.536707,2025-04-25 20:15:39.056072,0 days 00:01:07.519365,0.006944140109063013,160,2,3,48,0.04049895011866998,192,4,1,128,0.21616567548529408,96,1,1,96,0.11898201724245125,336,480.0,,2,2,0.0004933535520010654,0.6,/work3/arnaou/checkpoints/groupgat_Omega_trial_905_best_state.pt,"{'learning_rate': 0.0004933535520010654, 'lr_reduce': 0.6}",TPESampler,COMPLETE
906,0.081942118704319,2025-04-25 20:15:06.364723,2025-04-25 20:16:48.805974,0 days 00:01:42.441251,0.12558314106965607,256,2,1,64,0.14114049866907707,192,4,1,112,0.21722396521900428,64,4,4,112,0.21433935454156766,384,32.0,,2,2,0.00023905521576286074,0.6,/work3/arnaou/checkpoints/groupgat_Omega_trial_906_best_state.pt,"{'learning_rate': 0.00023905521576286074, 'lr_reduce': 0.6}",TPESampler,COMPLETE
907,0.0659843310713768,2025-04-25 20:15:38.743428,2025-04-25 20:16:55.666282,0 days 00:01:16.922854,0.09515147509918423,160,2,2,64,0.08727753329765135,256,3,3,128,0.2938854857146748,32,1,2,64,0.2858620774592564,264,32.0,328.0,3,1,0.0008464650626570458,0.6,/work3/arnaou/checkpoints/groupgat_Omega_trial_907_best_state.pt,"{'learning_rate': 0.0008464650626570458, 'lr_reduce': 0.6}",TPESampler,COMPLETE
908,0.057349324226379395,2025-04-25 20:15:39.301598,2025-04-25 20:16:59.474110,0 days 00:01:20.172512,0.042286837517800484,256,2,1,32,0.10673317262879545,160,3,1,112,0.13622550169004946,96,1,2,32,0.08871329863193582,224,416.0,328.0,3,2,0.00022728615354896368,0.6,/work3/arnaou/checkpoints/groupgat_Omega_trial_908_best_state.pt,"{'learning_rate': 0.00022728615354896368, 'lr_reduce': 0.6}",TPESampler,COMPLETE
909,0.06253848969936371,2025-04-25 20:16:49.007358,2025-04-25 20:17:57.023097,0 days 00:01:08.015739,0.050398382272652434,144,1,2,64,0.06547392703163651,144,4,1,128,0.20340815955954,96,3,2,96,0.09823300944231486,432,,,1,2,0.00098034949928746,0.6,/work3/arnaou/checkpoints/groupgat_Omega_trial_909_best_state.pt,"{'learning_rate': 0.00098034949928746, 'lr_reduce': 0.6}",TPESampler,COMPLETE
910,0.05716482922434807,2025-04-25 20:16:56.152588,2025-04-25 20:18:19.726980,0 days 00:01:23.574392,0.040974644287512144,208,1,1,48,0.05011149800679991,160,4,3,128,0.19273683271317615,96,4,3,112,0.141044465364091,424,,,1,2,0.0004818072149914864,0.6,/work3/arnaou/checkpoints/groupgat_Omega_trial_910_best_state.pt,"{'learning_rate': 0.0004818072149914864, 'lr_reduce': 0.6}",TPESampler,COMPLETE
911,0.05663542076945305,2025-04-25 20:16:59.651279,2025-04-25 20:18:25.136786,0 days 00:01:25.485507,0.046687545904121774,144,2,3,48,0.03209939471815916,208,3,2,128,0.2885050408514457,112,1,1,128,0.18049500168333174,512,440.0,416.0,3,2,0.0001970289372477663,0.6,/work3/arnaou/checkpoints/groupgat_Omega_trial_911_best_state.pt,"{'learning_rate': 0.0001970289372477663, 'lr_reduce': 0.6}",TPESampler,COMPLETE
912,0.058036912232637405,2025-04-25 20:17:57.283093,2025-04-25 20:19:21.250688,0 days 00:01:23.967595,0.14358133152521108,240,2,3,80,0.05989042799414312,64,3,1,128,0.14625453426449067,48,3,2,128,0.10406356845259532,448,464.0,352.0,3,2,0.001143966767525429,0.6,/work3/arnaou/checkpoints/groupgat_Omega_trial_912_best_state.pt,"{'learning_rate': 0.001143966767525429, 'lr_reduce': 0.6}",TPESampler,COMPLETE
913,0.05051629990339279,2025-04-25 20:18:19.929235,2025-04-25 20:19:28.919075,0 days 00:01:08.989840,0.01980310419885544,224,2,2,32,0.1257489721616168,256,4,1,96,0.2815139188710937,80,2,2,80,0.21075684491046812,496,240.0,304.0,3,2,0.0003485985880670171,0.6,/work3/arnaou/checkpoints/groupgat_Omega_trial_913_best_state.pt,"{'learning_rate': 0.0003485985880670171, 'lr_reduce': 0.6}",TPESampler,COMPLETE
914,0.06032697483897209,2025-04-25 20:18:25.388218,2025-04-25 20:19:38.212377,0 days 00:01:12.824159,0.07201183585660581,176,1,3,32,0.11910184694857709,144,3,1,128,0.2581577452477773,48,2,2,96,0.09965183702788677,464,456.0,312.0,3,2,0.00023224755466767316,0.6,/work3/arnaou/checkpoints/groupgat_Omega_trial_914_best_state.pt,"{'learning_rate': 0.00023224755466767316, 'lr_reduce': 0.6}",TPESampler,COMPLETE
915,0.07061650604009628,2025-04-25 20:19:21.435995,2025-04-25 20:20:25.797927,0 days 00:01:04.361932,0.16514765186593483,240,2,2,48,0.16804078588005503,176,4,1,128,0.22382784084368293,80,2,2,112,0.13898711507835476,512,32.0,,2,2,0.0017386621955007774,0.6,/work3/arnaou/checkpoints/groupgat_Omega_trial_915_best_state.pt,"{'learning_rate': 0.0017386621955007774, 'lr_reduce': 0.6}",TPESampler,COMPLETE
916,0.0705169141292572,2025-04-25 20:19:29.121934,2025-04-25 20:21:33.722799,0 days 00:02:04.600865,0.03161428836144776,176,2,2,48,0.12852531625289046,256,4,2,128,0.19979538115731058,48,2,2,64,0.2761875661700306,416,248.0,,2,1,0.001951142506024136,0.6,/work3/arnaou/checkpoints/groupgat_Omega_trial_916_best_state.pt,"{'learning_rate': 0.001951142506024136, 'lr_reduce': 0.6}",TPESampler,COMPLETE
917,0.05952618643641472,2025-04-25 20:19:38.396946,2025-04-25 20:20:46.683899,0 days 00:01:08.286953,0.05591924074188854,192,2,2,48,0.04787422453649104,64,3,1,128,0.1831572783556832,64,3,2,80,0.05766084004721243,424,,,1,2,0.0004937156244584799,0.6,/work3/arnaou/checkpoints/groupgat_Omega_trial_917_best_state.pt,"{'learning_rate': 0.0004937156244584799, 'lr_reduce': 0.6}",TPESampler,COMPLETE
918,0.08498602360486984,2025-04-25 20:20:26.200934,2025-04-25 20:21:35.860532,0 days 00:01:09.659598,0.055844970389658306,160,1,3,64,0.06387000668042933,176,4,2,128,0.22644561576147987,64,4,3,80,0.19471906226452446,408,,,1,1,0.00013543545193022406,0.6,/work3/arnaou/checkpoints/groupgat_Omega_trial_918_best_state.pt,"{'learning_rate': 0.00013543545193022406, 'lr_reduce': 0.6}",TPESampler,COMPLETE
919,0.061231423169374466,2025-04-25 20:20:46.952693,2025-04-25 20:21:58.612035,0 days 00:01:11.659342,0.11839193693188521,176,1,1,32,0.2465189650913696,240,4,1,96,0.2839330674258323,80,2,1,96,0.1070169679885062,456,216.0,360.0,3,1,0.00045537825961174913,0.6,/work3/arnaou/checkpoints/groupgat_Omega_trial_919_best_state.pt,"{'learning_rate': 0.00045537825961174913, 'lr_reduce': 0.6}",TPESampler,COMPLETE
920,0.05691390484571457,2025-04-25 20:21:33.959273,2025-04-25 20:22:55.229245,0 days 00:01:21.269972,0.09625119287121005,160,1,1,80,0.0342049141110122,144,3,3,112,0.23685919172886996,112,3,1,48,0.15502441118275614,328,,,1,2,0.00025346093495608077,0.6,/work3/arnaou/checkpoints/groupgat_Omega_trial_920_best_state.pt,"{'learning_rate': 0.00025346093495608077, 'lr_reduce': 0.6}",TPESampler,COMPLETE
921,0.061844032257795334,2025-04-25 20:21:36.168148,2025-04-25 20:22:51.535441,0 days 00:01:15.367293,0.14196195305891415,208,1,1,32,0.2413491544019541,224,4,2,64,0.2145185154346038,96,1,1,96,0.13730136267626647,512,272.0,,2,2,0.0006957678424830138,0.6,/work3/arnaou/checkpoints/groupgat_Omega_trial_921_best_state.pt,"{'learning_rate': 0.0006957678424830138, 'lr_reduce': 0.6}",TPESampler,COMPLETE
922,0.07414264231920242,2025-04-25 20:21:58.866607,2025-04-25 20:23:35.740911,0 days 00:01:36.874304,0.030639086274617307,192,1,2,48,0.22488773695718728,224,4,2,128,0.2593573927505654,96,4,2,96,0.06100723325933978,360,,,1,2,0.00016117370799839445,0.6,/work3/arnaou/checkpoints/groupgat_Omega_trial_922_best_state.pt,"{'learning_rate': 0.00016117370799839445, 'lr_reduce': 0.6}",TPESampler,COMPLETE
923,0.05496456101536751,2025-04-25 20:22:51.835442,2025-04-25 20:23:45.580548,0 days 00:00:53.745106,0.010776942597102483,144,1,1,32,0.19911149891012536,240,3,2,128,0.06917057818978184,32,3,3,48,0.25387597605616724,352,240.0,464.0,3,1,0.0014671324346266208,0.6,/work3/arnaou/checkpoints/groupgat_Omega_trial_923_best_state.pt,"{'learning_rate': 0.0014671324346266208, 'lr_reduce': 0.6}",TPESampler,COMPLETE
924,0.055542584508657455,2025-04-25 20:22:55.528907,2025-04-25 20:24:10.795400,0 days 00:01:15.266493,0.01619212437443686,208,1,3,32,0.049200086621504824,240,3,1,80,0.25592997966796394,80,2,2,64,0.2585506192235456,400,248.0,328.0,3,2,0.0001868401780945478,0.6,/work3/arnaou/checkpoints/groupgat_Omega_trial_924_best_state.pt,"{'learning_rate': 0.0001868401780945478, 'lr_reduce': 0.6}",TPESampler,COMPLETE
925,0.0728876143693924,2025-04-25 20:23:36.206717,2025-04-25 20:25:06.092043,0 days 00:01:29.885326,0.06665758292693719,256,2,1,32,0.10979409493321618,176,4,1,96,0.14724083303381433,48,2,3,64,0.11542504057613426,160,192.0,376.0,3,2,0.0001768026111230269,0.6,/work3/arnaou/checkpoints/groupgat_Omega_trial_925_best_state.pt,"{'learning_rate': 0.0001768026111230269, 'lr_reduce': 0.6}",TPESampler,COMPLETE
926,0.0570392869412899,2025-04-25 20:23:45.782731,2025-04-25 20:25:06.784530,0 days 00:01:21.001799,0.04423455158304633,192,3,2,32,0.08393214581494506,240,3,1,80,0.29791169382047367,96,2,2,80,0.1770080177120727,456,216.0,296.0,3,2,0.00016446327534824635,0.6,/work3/arnaou/checkpoints/groupgat_Omega_trial_926_best_state.pt,"{'learning_rate': 0.00016446327534824635, 'lr_reduce': 0.6}",TPESampler,COMPLETE
927,0.04931698366999626,2025-04-25 20:24:11.040738,2025-04-25 20:25:19.334503,0 days 00:01:08.293765,0.019675744388060697,256,1,2,32,0.1029982158328274,256,4,1,112,0.28851520178327816,48,1,1,48,0.21719997452960157,440,224.0,328.0,3,2,0.0008182703021547065,0.6,/work3/arnaou/checkpoints/groupgat_Omega_trial_927_best_state.pt,"{'learning_rate': 0.0008182703021547065, 'lr_reduce': 0.6}",TPESampler,COMPLETE
928,0.0671011209487915,2025-04-25 20:25:06.291728,2025-04-25 20:26:44.006652,0 days 00:01:37.714924,0.044790752430409725,96,1,2,48,0.08393290998979151,160,3,2,112,0.29066017877304673,112,3,2,64,0.21349475695097614,440,,,1,2,0.00015511814385886936,0.6,/work3/arnaou/checkpoints/groupgat_Omega_trial_928_best_state.pt,"{'learning_rate': 0.00015511814385886936, 'lr_reduce': 0.6}",TPESampler,COMPLETE
929,0.07396871596574783,2025-04-25 20:25:06.981288,2025-04-25 20:26:40.395603,0 days 00:01:33.414315,0.1839189099358658,144,2,3,64,0.11712122473409473,176,4,1,128,0.2714660575825966,128,2,1,128,0.15764052072445536,360,264.0,416.0,3,2,0.00023660953320650636,0.6,/work3/arnaou/checkpoints/groupgat_Omega_trial_929_best_state.pt,"{'learning_rate': 0.00023660953320650636, 'lr_reduce': 0.6}",TPESampler,COMPLETE
930,0.0494350865483284,2025-04-25 20:25:19.648524,2025-04-25 20:26:12.440425,0 days 00:00:52.791901,0.022727928558367513,256,1,1,32,0.14804419234042926,240,3,1,112,0.257906479583543,48,1,1,32,0.19183513080526102,376,224.0,344.0,3,2,0.0010487057350026393,0.6,/work3/arnaou/checkpoints/groupgat_Omega_trial_930_best_state.pt,"{'learning_rate': 0.0010487057350026393, 'lr_reduce': 0.6}",TPESampler,COMPLETE
931,0.0678551197052002,2025-04-25 20:26:12.663401,2025-04-25 20:27:21.221626,0 days 00:01:08.558225,0.10981375742988916,256,3,2,32,0.1852728253399891,224,3,2,128,0.2718178253951414,32,1,2,32,0.16776316530852542,392,232.0,,2,2,0.00043899632230254596,0.6,/work3/arnaou/checkpoints/groupgat_Omega_trial_931_best_state.pt,"{'learning_rate': 0.00043899632230254596, 'lr_reduce': 0.6}",TPESampler,COMPLETE
932,0.05036620795726776,2025-04-25 20:26:40.653031,2025-04-25 20:27:45.442065,0 days 00:01:04.789034,0.03342880404891856,256,1,1,48,0.11058701308463137,176,4,1,112,0.2400564497126193,64,4,4,80,0.2911757473417433,512,240.0,328.0,3,2,0.0005851330695784837,0.6,/work3/arnaou/checkpoints/groupgat_Omega_trial_932_best_state.pt,"{'learning_rate': 0.0005851330695784837, 'lr_reduce': 0.6}",TPESampler,COMPLETE
933,0.05469926446676254,2025-04-25 20:26:44.219020,2025-04-25 20:27:53.246160,0 days 00:01:09.027140,0.007777794886316969,256,1,2,32,0.10541441780087138,224,3,2,96,0.2825911435508053,32,1,1,64,0.22130519819910588,336,216.0,,2,2,0.00042659412664872555,0.6,/work3/arnaou/checkpoints/groupgat_Omega_trial_933_best_state.pt,"{'learning_rate': 0.00042659412664872555, 'lr_reduce': 0.6}",TPESampler,COMPLETE
934,0.06080113723874092,2025-04-25 20:27:21.432087,2025-04-25 20:28:34.038266,0 days 00:01:12.606179,0.013077845159221436,160,1,2,32,0.12059682296167179,240,3,2,128,0.2593962729268617,48,1,1,32,0.17008515663624016,408,216.0,344.0,3,2,0.0030192986606204066,0.6,/work3/arnaou/checkpoints/groupgat_Omega_trial_934_best_state.pt,"{'learning_rate': 0.0030192986606204066, 'lr_reduce': 0.6}",TPESampler,COMPLETE
935,0.050958771258592606,2025-04-25 20:27:45.687114,2025-04-25 20:29:06.642003,0 days 00:01:20.954889,0.013734766618521486,160,1,2,32,0.04805451339986248,176,4,3,128,0.282059448930922,112,4,2,80,0.15473390084361247,416,,,1,2,0.00043736390440190365,0.6,/work3/arnaou/checkpoints/groupgat_Omega_trial_935_best_state.pt,"{'learning_rate': 0.00043736390440190365, 'lr_reduce': 0.6}",TPESampler,COMPLETE
936,0.05675223097205162,2025-04-25 20:27:53.463101,2025-04-25 20:29:24.442978,0 days 00:01:30.979877,0.030969663523046267,208,1,2,48,0.2324705260353731,224,3,1,128,0.23260380121956278,32,2,1,48,0.1800313347933499,304,232.0,344.0,3,2,0.0017747425392938118,0.6,/work3/arnaou/checkpoints/groupgat_Omega_trial_936_best_state.pt,"{'learning_rate': 0.0017747425392938118, 'lr_reduce': 0.6}",TPESampler,COMPLETE
937,0.06253674626350403,2025-04-25 20:28:34.428205,2025-04-25 20:29:40.363925,0 days 00:01:05.935720,0.04419210215317842,256,2,2,64,0.2010865171295233,256,4,1,112,0.24757074364647297,48,1,1,64,0.23633889949885017,384,240.0,352.0,3,2,0.0008850276030078329,0.6,/work3/arnaou/checkpoints/groupgat_Omega_trial_937_best_state.pt,"{'learning_rate': 0.0008850276030078329, 'lr_reduce': 0.6}",TPESampler,COMPLETE
938,0.05699300765991211,2025-04-25 20:29:06.857608,2025-04-25 20:30:51.012378,0 days 00:01:44.154770,0.03068261470979585,240,1,2,48,0.17798769597581138,256,4,1,96,0.24666017851264213,32,2,1,32,0.2952377137471153,456,224.0,344.0,3,2,0.00016321820757121897,0.6,/work3/arnaou/checkpoints/groupgat_Omega_trial_938_best_state.pt,"{'learning_rate': 0.00016321820757121897, 'lr_reduce': 0.6}",TPESampler,COMPLETE
939,0.06127440929412842,2025-04-25 20:29:24.650841,2025-04-25 20:30:34.395222,0 days 00:01:09.744381,0.06476494914610291,256,2,1,32,0.1318895024952959,176,3,1,128,0.26427974882940364,48,1,1,48,0.2115870227179326,464,216.0,336.0,3,2,0.0007650927918452676,0.6,/work3/arnaou/checkpoints/groupgat_Omega_trial_939_best_state.pt,"{'learning_rate': 0.0007650927918452676, 'lr_reduce': 0.6}",TPESampler,COMPLETE
940,0.058835044503211975,2025-04-25 20:29:40.695726,2025-04-25 20:31:25.215536,0 days 00:01:44.519810,0.13191673412430585,208,1,1,64,0.02951009084599078,176,4,2,96,0.19555899918530575,96,4,4,80,0.263353093599572,448,240.0,336.0,3,2,0.00022472892129800546,0.6,/work3/arnaou/checkpoints/groupgat_Omega_trial_940_best_state.pt,"{'learning_rate': 0.00022472892129800546, 'lr_reduce': 0.6}",TPESampler,COMPLETE
941,0.06281973421573639,2025-04-25 20:30:34.640849,2025-04-25 20:32:14.389947,0 days 00:01:39.749098,0.08791305508724151,224,2,1,32,0.12570634444758721,112,4,1,112,0.20940069820145418,64,4,4,64,0.26505851940537145,472,264.0,344.0,3,2,0.0015279043759140777,0.6,/work3/arnaou/checkpoints/groupgat_Omega_trial_941_best_state.pt,"{'learning_rate': 0.0015279043759140777, 'lr_reduce': 0.6}",TPESampler,COMPLETE
942,0.050834812223911285,2025-04-25 20:30:51.281812,2025-04-25 20:32:01.013645,0 days 00:01:09.731833,0.06825427497236532,256,1,1,80,0.09736534502259822,224,4,1,96,0.23366387303130404,48,4,4,64,0.27774102273670853,512,192.0,320.0,3,2,0.0006501346766878017,0.6,/work3/arnaou/checkpoints/groupgat_Omega_trial_942_best_state.pt,"{'learning_rate': 0.0006501346766878017, 'lr_reduce': 0.6}",TPESampler,COMPLETE
943,0.06298378109931946,2025-04-25 20:31:25.474069,2025-04-25 20:32:32.960056,0 days 00:01:07.485987,0.0068803310818735565,240,1,1,48,0.09139171066335144,256,3,2,96,0.26133164745590115,64,1,2,32,0.17588724552772467,376,248.0,320.0,3,2,0.004129193217457961,0.6,/work3/arnaou/checkpoints/groupgat_Omega_trial_943_best_state.pt,"{'learning_rate': 0.004129193217457961, 'lr_reduce': 0.6}",TPESampler,COMPLETE
944,0.05996829271316528,2025-04-25 20:32:01.202296,2025-04-25 20:33:01.751271,0 days 00:01:00.548975,0.020379350700610845,224,1,1,32,0.11535269203735554,256,4,1,96,0.1831749539823211,96,2,2,112,0.2974609714177169,488,200.0,,2,2,0.0004241790474314297,0.6,/work3/arnaou/checkpoints/groupgat_Omega_trial_944_best_state.pt,"{'learning_rate': 0.0004241790474314297, 'lr_reduce': 0.6}",TPESampler,COMPLETE
945,0.16934749484062195,2025-04-25 20:32:14.694736,2025-04-25 20:32:46.514131,0 days 00:00:31.819395,0.059254046963467207,224,2,1,64,0.04744806903810741,256,4,2,96,0.22462399994084953,32,3,4,32,0.2743949799532144,512,208.0,360.0,3,1,0.0018091081434733493,0.6,/work3/arnaou/checkpoints/groupgat_Omega_trial_945_best_state.pt,"{'learning_rate': 0.0018091081434733493, 'lr_reduce': 0.6}",TPESampler,COMPLETE
946,0.05114426091313362,2025-04-25 20:32:33.157448,2025-04-25 20:33:34.930468,0 days 00:01:01.773020,0.08303206419020911,176,1,2,80,0.10405759015648955,240,4,1,128,0.27652730297104283,80,1,3,112,0.29958263816661096,312,184.0,368.0,3,1,0.00045409949122676767,0.6,/work3/arnaou/checkpoints/groupgat_Omega_trial_946_best_state.pt,"{'learning_rate': 0.00045409949122676767, 'lr_reduce': 0.6}",TPESampler,COMPLETE
947,0.05783946067094803,2025-04-25 20:32:46.785777,2025-04-25 20:34:20.481493,0 days 00:01:33.695716,0.10512162586749661,240,1,1,48,0.22389722069347184,224,3,2,112,0.26832410248572985,48,2,1,32,0.11042169935686434,400,224.0,,2,1,0.0010466737816260576,0.6,/work3/arnaou/checkpoints/groupgat_Omega_trial_947_best_state.pt,"{'learning_rate': 0.0010466737816260576, 'lr_reduce': 0.6}",TPESampler,COMPLETE
