number,value,datetime_start,datetime_complete,duration,params_L1_dropout,params_L1_hidden_dim,params_L1_layers_atom,params_L1_layers_mol,params_L1_out_dim,params_L2_dropout,params_L2_hidden_dim,params_L2_layers_atom,params_L2_layers_mol,params_L2_out_dim,params_L3_dropout,params_L3_hidden_dim,params_L3_layers_atom,params_L3_layers_mol,params_L3_out_dim,params_final_dropout,params_mlp_dim_0,params_mlp_dim_1,params_mlp_dim_2,params_n_mlp_layers,params_num_heads,params_train_learning_rate,params_train_lr_reduce,user_attrs_best_state_dict_path,user_attrs_training_params,system_attrs_auto:sampler,state
1157,0.05407517030835152,2025-04-25 22:01:18.179718,2025-04-25 22:02:23.420761,0 days 00:01:05.241043,0.0034575519502353888,192,2,3,64,0.0974174028148116,112,1,3,96,0.2977495059555809,32,4,3,48,0.08787769196421544,424,280.0,400.0,3,2,0.000600922949888955,0.6,/work3/arnaou/checkpoints/groupgat_Omega_trial_1157_best_state.pt,"{'learning_rate': 0.000600922949888955, 'lr_reduce': 0.6}",TPESampler,COMPLETE
1158,0.05597059056162834,2025-04-25 22:01:44.533788,2025-04-25 22:02:59.737163,0 days 00:01:15.203375,0.026522821319956327,224,1,1,64,0.09177017158074566,144,4,2,80,0.19390712843946928,64,4,4,112,0.23328192407192783,504,152.0,304.0,3,2,0.0004910542954003027,0.6,/work3/arnaou/checkpoints/groupgat_Omega_trial_1158_best_state.pt,"{'learning_rate': 0.0004910542954003027, 'lr_reduce': 0.6}",TPESampler,COMPLETE
1159,0.06180236116051674,2025-04-25 22:01:55.314815,2025-04-25 22:03:08.521145,0 days 00:01:13.206330,0.0019204960208495762,192,2,1,80,0.013227179359269217,192,3,3,80,0.258201262398031,32,4,3,80,0.12320696922836652,184,328.0,352.0,3,2,0.0012593416530307618,0.6,/work3/arnaou/checkpoints/groupgat_Omega_trial_1159_best_state.pt,"{'learning_rate': 0.0012593416530307618, 'lr_reduce': 0.6}",TPESampler,COMPLETE
1160,0.054577965289354324,2025-04-25 22:02:23.722088,2025-04-25 22:03:43.181746,0 days 00:01:19.459658,0.010147700680976236,176,1,2,32,0.09800567606482272,176,1,4,64,0.2276182649850992,32,4,4,48,0.1272572415450006,424,224.0,256.0,3,2,0.00043986781882127715,0.6,/work3/arnaou/checkpoints/groupgat_Omega_trial_1160_best_state.pt,"{'learning_rate': 0.00043986781882127715, 'lr_reduce': 0.6}",TPESampler,COMPLETE
1161,0.0574684739112854,2025-04-25 22:02:59.990677,2025-04-25 22:04:10.040390,0 days 00:01:10.049713,0.0028193285235126966,256,1,3,48,0.13444906611318974,208,2,3,32,0.20925783461820566,32,3,3,32,0.23470053582716743,368,272.0,360.0,3,2,0.0003820878568876194,0.6,/work3/arnaou/checkpoints/groupgat_Omega_trial_1161_best_state.pt,"{'learning_rate': 0.0003820878568876194, 'lr_reduce': 0.6}",TPESampler,COMPLETE
1162,0.06475541740655899,2025-04-25 22:03:08.785402,2025-04-25 22:04:44.183960,0 days 00:01:35.398558,0.14684240053434933,256,1,1,80,0.12653942206387767,176,3,1,80,0.23131364488655273,32,3,4,112,0.12437960839079082,408,192.0,304.0,3,2,0.0007355657927844266,0.6,/work3/arnaou/checkpoints/groupgat_Omega_trial_1162_best_state.pt,"{'learning_rate': 0.0007355657927844266, 'lr_reduce': 0.6}",TPESampler,COMPLETE
1163,0.05645676329731941,2025-04-25 22:03:43.502071,2025-04-25 22:05:16.822888,0 days 00:01:33.320817,0.08462622640610798,256,1,1,48,0.08050511356148335,96,3,2,112,0.22572376150650522,64,4,3,64,0.27075616067936276,512,,,1,2,0.000325122008430675,0.6,/work3/arnaou/checkpoints/groupgat_Omega_trial_1163_best_state.pt,"{'learning_rate': 0.000325122008430675, 'lr_reduce': 0.6}",TPESampler,COMPLETE
1164,0.05463607981801033,2025-04-25 22:04:10.243933,2025-04-25 22:05:21.938119,0 days 00:01:11.694186,0.06806814856963912,224,1,1,64,0.058074957464309115,144,4,1,96,0.1517130694214812,80,2,4,128,0.08075836077679666,368,264.0,416.0,3,2,0.0006270662907046214,0.6,/work3/arnaou/checkpoints/groupgat_Omega_trial_1164_best_state.pt,"{'learning_rate': 0.0006270662907046214, 'lr_reduce': 0.6}",TPESampler,COMPLETE
1165,0.060941312462091446,2025-04-25 22:04:44.494297,2025-04-25 22:05:47.787659,0 days 00:01:03.293362,0.010627736202947602,240,1,1,96,0.050075659815704845,64,3,1,64,0.20174815258503756,96,3,3,128,0.10432550730732115,384,152.0,,2,2,0.0007107405005045562,0.6,/work3/arnaou/checkpoints/groupgat_Omega_trial_1165_best_state.pt,"{'learning_rate': 0.0007107405005045562, 'lr_reduce': 0.6}",TPESampler,COMPLETE
1166,0.05023829638957977,2025-04-25 22:05:17.131375,2025-04-25 22:06:38.876720,0 days 00:01:21.745345,0.016328709006087905,240,1,1,48,0.11905307730506956,208,4,1,128,0.2893787360908388,64,3,4,80,0.2396199086140275,480,216.0,,2,2,0.0003185593568052124,0.6,/work3/arnaou/checkpoints/groupgat_Omega_trial_1166_best_state.pt,"{'learning_rate': 0.0003185593568052124, 'lr_reduce': 0.6}",TPESampler,COMPLETE
1167,0.06233961880207062,2025-04-25 22:05:22.376636,2025-04-25 22:06:33.852057,0 days 00:01:11.475421,0.10468804329035938,208,1,1,80,0.11118383643029793,224,3,1,128,0.19384407171433818,48,4,3,64,0.22184557162247884,400,272.0,64.0,3,2,0.0004145785271886349,0.6,/work3/arnaou/checkpoints/groupgat_Omega_trial_1167_best_state.pt,"{'learning_rate': 0.0004145785271886349, 'lr_reduce': 0.6}",TPESampler,COMPLETE
1168,0.06180085241794586,2025-04-25 22:05:48.084785,2025-04-25 22:07:10.296175,0 days 00:01:22.211390,0.13527648448492902,256,1,1,64,0.16594250560297547,80,4,1,64,0.15285068568203591,48,2,3,80,0.15546788626720479,360,312.0,344.0,3,2,0.00045367182294041747,0.6,/work3/arnaou/checkpoints/groupgat_Omega_trial_1168_best_state.pt,"{'learning_rate': 0.00045367182294041747, 'lr_reduce': 0.6}",TPESampler,COMPLETE
1169,0.05093714967370033,2025-04-25 22:06:34.118219,2025-04-25 22:07:25.315274,0 days 00:00:51.197055,0.12482316271577301,160,1,1,32,0.1836075762667344,96,3,1,96,0.24451471949295653,32,2,2,112,0.28507616577120676,472,232.0,,2,2,0.0011234032891619583,0.6,/work3/arnaou/checkpoints/groupgat_Omega_trial_1169_best_state.pt,"{'learning_rate': 0.0011234032891619583, 'lr_reduce': 0.6}",TPESampler,COMPLETE
1170,0.08027368038892746,2025-04-25 22:06:39.116780,2025-04-25 22:07:27.027792,0 days 00:00:47.911012,0.16147493946135083,208,1,1,80,0.18425245238196408,144,2,1,96,0.16830794357373724,64,4,4,80,0.23485581295043195,456,,,1,1,0.0018494383976574884,0.6,/work3/arnaou/checkpoints/groupgat_Omega_trial_1170_best_state.pt,"{'learning_rate': 0.0018494383976574884, 'lr_reduce': 0.6}",TPESampler,COMPLETE
1171,0.05520410090684891,2025-04-25 22:07:10.575875,2025-04-25 22:08:24.961750,0 days 00:01:14.385875,0.004774851598554402,192,1,1,80,0.0834006903250471,96,4,1,128,0.10960761735918001,64,4,4,80,0.22397691234610997,440,208.0,56.0,3,2,0.0003819662941352812,0.6,/work3/arnaou/checkpoints/groupgat_Omega_trial_1171_best_state.pt,"{'learning_rate': 0.0003819662941352812, 'lr_reduce': 0.6}",TPESampler,COMPLETE
1172,0.05579226091504097,2025-04-25 22:07:25.578712,2025-04-25 22:08:54.626036,0 days 00:01:29.047324,0.0009915688487469008,224,2,1,64,0.140997918684504,208,4,1,128,0.27222395655612575,64,1,3,64,0.29707001963510044,496,208.0,,2,2,0.00016616070651713524,0.6,/work3/arnaou/checkpoints/groupgat_Omega_trial_1172_best_state.pt,"{'learning_rate': 0.00016616070651713524, 'lr_reduce': 0.6}",TPESampler,COMPLETE
1173,0.05308305472135544,2025-04-25 22:07:27.242250,2025-04-25 22:08:36.260169,0 days 00:01:09.017919,0.02070605945879725,240,1,1,48,0.13695964836217317,224,3,1,128,0.07141139020643718,80,3,2,128,0.26052364560499996,504,208.0,408.0,3,2,0.00024452133083064314,0.6,/work3/arnaou/checkpoints/groupgat_Omega_trial_1173_best_state.pt,"{'learning_rate': 0.00024452133083064314, 'lr_reduce': 0.6}",TPESampler,COMPLETE
1174,0.0539712980389595,2025-04-25 22:08:25.448234,2025-04-25 22:09:34.721018,0 days 00:01:09.272784,0.07151508557237772,208,1,1,48,0.1419669894760035,208,4,1,128,0.26249342226770644,80,3,4,80,0.2355587363578315,312,224.0,,2,2,0.00029003592954829826,0.6,/work3/arnaou/checkpoints/groupgat_Omega_trial_1174_best_state.pt,"{'learning_rate': 0.00029003592954829826, 'lr_reduce': 0.6}",TPESampler,COMPLETE
1175,0.05854929983615875,2025-04-25 22:08:36.519494,2025-04-25 22:09:47.259374,0 days 00:01:10.739880,0.005224274127198809,208,1,2,32,0.03777509065104499,176,1,2,48,0.24741415807878073,48,4,4,32,0.14048444012581934,480,240.0,32.0,3,2,0.00029786778928802524,0.6,/work3/arnaou/checkpoints/groupgat_Omega_trial_1175_best_state.pt,"{'learning_rate': 0.00029786778928802524, 'lr_reduce': 0.6}",TPESampler,COMPLETE
1176,0.05672520399093628,2025-04-25 22:08:55.056438,2025-04-25 22:10:23.183774,0 days 00:01:28.127336,0.025744296355052466,256,2,1,48,0.20440929900829236,160,3,2,112,0.2751164062618138,64,3,3,80,0.27793901249083897,496,184.0,392.0,3,2,0.00031895264760419255,0.6,/work3/arnaou/checkpoints/groupgat_Omega_trial_1176_best_state.pt,"{'learning_rate': 0.00031895264760419255, 'lr_reduce': 0.6}",TPESampler,COMPLETE
1177,0.054816339164972305,2025-04-25 22:09:34.960673,2025-04-25 22:11:12.564844,0 days 00:01:37.604171,0.05612875409581654,208,2,1,32,0.08319503569244525,224,3,2,128,0.29634814459945485,32,3,3,64,0.2691057599452294,488,248.0,,2,2,0.00020862942674606418,0.6,/work3/arnaou/checkpoints/groupgat_Omega_trial_1177_best_state.pt,"{'learning_rate': 0.00020862942674606418, 'lr_reduce': 0.6}",TPESampler,COMPLETE
1178,0.06786854565143585,2025-04-25 22:09:47.559236,2025-04-25 22:10:32.270931,0 days 00:00:44.711695,0.022964945903040802,176,1,1,64,0.11335031252929181,240,3,3,64,0.21283641181360227,32,3,4,48,0.1285650884335908,288,208.0,376.0,3,2,0.0018165406836676552,0.6,/work3/arnaou/checkpoints/groupgat_Omega_trial_1178_best_state.pt,"{'learning_rate': 0.0018165406836676552, 'lr_reduce': 0.6}",TPESampler,COMPLETE
1179,0.059184830635786057,2025-04-25 22:10:23.422957,2025-04-25 22:11:35.984197,0 days 00:01:12.561240,0.011229154312776051,96,2,2,48,0.04482462159931878,256,1,1,96,0.10312395360756153,32,3,3,128,0.25819790659308123,408,256.0,360.0,3,2,0.00023649363874865678,0.6,/work3/arnaou/checkpoints/groupgat_Omega_trial_1179_best_state.pt,"{'learning_rate': 0.00023649363874865678, 'lr_reduce': 0.6}",TPESampler,COMPLETE
1180,0.0626940205693245,2025-04-25 22:10:32.558964,2025-04-25 22:11:41.428142,0 days 00:01:08.869178,0.02604767787019762,64,2,2,80,0.09428661749888292,192,1,1,112,0.11954989016419887,48,2,3,128,0.2826811605784615,408,192.0,176.0,3,2,0.0004014385291738903,0.6,/work3/arnaou/checkpoints/groupgat_Omega_trial_1180_best_state.pt,"{'learning_rate': 0.0004014385291738903, 'lr_reduce': 0.6}",TPESampler,COMPLETE
1181,0.061885908246040344,2025-04-25 22:11:12.836769,2025-04-25 22:12:17.999843,0 days 00:01:05.163074,0.08487861180016018,240,1,1,48,0.06531454384975338,144,3,1,80,0.09223653004331596,32,3,4,112,0.11370568106880487,472,288.0,72.0,3,2,0.000689291212275644,0.6,/work3/arnaou/checkpoints/groupgat_Omega_trial_1181_best_state.pt,"{'learning_rate': 0.000689291212275644, 'lr_reduce': 0.6}",TPESampler,COMPLETE
1182,0.053408730775117874,2025-04-25 22:11:36.230095,2025-04-25 22:12:50.334469,0 days 00:01:14.104374,0.03863667371204541,224,1,1,80,0.17131667257120983,224,4,1,128,0.28314349299059793,48,3,4,96,0.19361435165673507,512,240.0,,2,2,0.0003857382659845266,0.6,/work3/arnaou/checkpoints/groupgat_Omega_trial_1182_best_state.pt,"{'learning_rate': 0.0003857382659845266, 'lr_reduce': 0.6}",TPESampler,COMPLETE
1183,0.06249288097023964,2025-04-25 22:11:41.723204,2025-04-25 22:13:27.467832,0 days 00:01:45.744628,0.08185049995409964,256,1,2,48,0.08272905855196928,112,4,1,48,0.1334868695532735,48,3,4,96,0.02127819078711507,376,192.0,352.0,3,2,0.00016641237346987493,0.6,/work3/arnaou/checkpoints/groupgat_Omega_trial_1183_best_state.pt,"{'learning_rate': 0.00016641237346987493, 'lr_reduce': 0.6}",TPESampler,COMPLETE
1184,0.05547241121530533,2025-04-25 22:12:18.227766,2025-04-25 22:13:34.893862,0 days 00:01:16.666096,0.027474697925559136,240,1,1,48,0.04362058704184081,128,1,2,32,0.29631519830370234,32,3,4,32,0.21878382478174868,256,248.0,,2,2,0.00033984003564656605,0.6,/work3/arnaou/checkpoints/groupgat_Omega_trial_1184_best_state.pt,"{'learning_rate': 0.00033984003564656605, 'lr_reduce': 0.6}",TPESampler,COMPLETE
1185,0.055793777108192444,2025-04-25 22:12:50.626264,2025-04-25 22:14:07.551106,0 days 00:01:16.924842,0.002937442104654745,240,1,1,64,0.15845817354246897,208,4,1,128,0.14553931989464663,48,2,2,128,0.20400783745403456,480,296.0,416.0,3,2,0.000167110776138955,0.6,/work3/arnaou/checkpoints/groupgat_Omega_trial_1185_best_state.pt,"{'learning_rate': 0.000167110776138955, 'lr_reduce': 0.6}",TPESampler,COMPLETE
1186,0.05321098119020462,2025-04-25 22:13:27.726927,2025-04-25 22:14:44.974223,0 days 00:01:17.247296,0.013792114754889687,256,2,3,48,0.020592155555063066,192,4,1,128,0.2838520437664265,48,1,1,48,0.2734448513721967,464,216.0,344.0,3,2,0.00012571823254260033,0.6,/work3/arnaou/checkpoints/groupgat_Omega_trial_1186_best_state.pt,"{'learning_rate': 0.00012571823254260033, 'lr_reduce': 0.6}",TPESampler,COMPLETE
1187,0.05031685531139374,2025-04-25 22:13:35.242417,2025-04-25 22:14:50.319796,0 days 00:01:15.077379,0.033414630851763015,240,1,1,64,0.1563515337094647,256,4,1,128,0.22916973975672744,64,2,1,80,0.28006905322421954,416,176.0,,2,2,0.00026760284120596765,0.6,/work3/arnaou/checkpoints/groupgat_Omega_trial_1187_best_state.pt,"{'learning_rate': 0.00026760284120596765, 'lr_reduce': 0.6}",TPESampler,COMPLETE
1188,0.05399204045534134,2025-04-25 22:14:07.822285,2025-04-25 22:15:43.609679,0 days 00:01:35.787394,0.007124776151894906,256,1,1,64,0.05294130729089312,96,4,1,64,0.1478271397368217,48,3,3,128,0.11410817178416956,504,336.0,328.0,3,2,0.0001499121878116378,0.6,/work3/arnaou/checkpoints/groupgat_Omega_trial_1188_best_state.pt,"{'learning_rate': 0.0001499121878116378, 'lr_reduce': 0.6}",TPESampler,COMPLETE
1189,0.06711120158433914,2025-04-25 22:14:45.294847,2025-04-25 22:16:40.260968,0 days 00:01:54.966121,0.04837802377378429,256,1,2,80,0.127704745912744,160,2,2,64,0.2803209607425463,80,4,4,80,0.2575027845830029,504,264.0,392.0,3,2,0.00012264209364025818,0.6,/work3/arnaou/checkpoints/groupgat_Omega_trial_1189_best_state.pt,"{'learning_rate': 0.00012264209364025818, 'lr_reduce': 0.6}",TPESampler,COMPLETE
1190,0.06466535478830338,2025-04-25 22:14:50.612670,2025-04-25 22:16:41.381268,0 days 00:01:50.768598,0.05642637761449658,208,2,1,128,0.10373994968860548,112,4,2,64,0.14239422347604785,32,4,4,80,0.13707563624894517,504,160.0,112.0,3,2,0.000166579290029291,0.6,/work3/arnaou/checkpoints/groupgat_Omega_trial_1190_best_state.pt,"{'learning_rate': 0.000166579290029291, 'lr_reduce': 0.6}",TPESampler,COMPLETE
1191,0.05612209811806679,2025-04-25 22:15:43.889539,2025-04-25 22:17:13.953708,0 days 00:01:30.064169,0.019614082789796015,224,2,3,48,0.16051708008139942,128,2,3,32,0.24314861912673227,32,4,4,48,0.14811199822392265,336,168.0,320.0,3,2,0.00022231619627847076,0.6,/work3/arnaou/checkpoints/groupgat_Omega_trial_1191_best_state.pt,"{'learning_rate': 0.00022231619627847076, 'lr_reduce': 0.6}",TPESampler,COMPLETE
1192,0.049504850059747696,2025-04-25 22:16:40.509141,2025-04-25 22:17:43.868935,0 days 00:01:03.359794,0.021180434564544975,224,1,1,64,0.13049155742266128,192,4,2,96,0.23318193607651846,64,4,3,64,0.26146089027938085,504,168.0,360.0,3,2,0.0009398895755167319,0.6,/work3/arnaou/checkpoints/groupgat_Omega_trial_1192_best_state.pt,"{'learning_rate': 0.0009398895755167319, 'lr_reduce': 0.6}",TPESampler,COMPLETE
1193,0.05971778184175491,2025-04-25 22:16:41.616673,2025-04-25 22:18:09.809794,0 days 00:01:28.193121,0.012875888290730693,192,2,2,32,0.14375183868207672,208,3,3,48,0.17028359310107483,32,3,3,32,0.046592604531123336,352,192.0,,2,2,0.0004329588178672958,0.6,/work3/arnaou/checkpoints/groupgat_Omega_trial_1193_best_state.pt,"{'learning_rate': 0.0004329588178672958, 'lr_reduce': 0.6}",TPESampler,COMPLETE
1194,0.06002167984843254,2025-04-25 22:17:14.205914,2025-04-25 22:18:17.052037,0 days 00:01:02.846123,0.10620148932678047,224,1,1,32,0.21456268315822857,208,4,1,128,0.0875930352921771,80,2,3,112,0.264536132591448,504,168.0,304.0,3,2,0.0012295982003219328,0.6,/work3/arnaou/checkpoints/groupgat_Omega_trial_1194_best_state.pt,"{'learning_rate': 0.0012295982003219328, 'lr_reduce': 0.6}",TPESampler,COMPLETE
1195,0.06551717221736908,2025-04-25 22:17:44.266334,2025-04-25 22:18:40.331778,0 days 00:00:56.065444,0.03981247101366964,160,1,1,80,0.08454488555222153,160,4,3,112,0.24098304912882787,80,3,3,80,0.27159540164139134,456,168.0,424.0,3,2,0.0026615408014613075,0.6,/work3/arnaou/checkpoints/groupgat_Omega_trial_1195_best_state.pt,"{'learning_rate': 0.0026615408014613075, 'lr_reduce': 0.6}",TPESampler,COMPLETE
1196,0.06111416593194008,2025-04-25 22:18:10.068134,2025-04-25 22:19:29.383031,0 days 00:01:19.314897,0.0041386189083584095,256,2,1,64,0.12923403438136957,112,4,2,64,0.22944074313608104,80,3,4,64,0.10710999943013699,368,160.0,392.0,3,2,0.0002385813356738623,0.6,/work3/arnaou/checkpoints/groupgat_Omega_trial_1196_best_state.pt,"{'learning_rate': 0.0002385813356738623, 'lr_reduce': 0.6}",TPESampler,COMPLETE
1197,0.061251018196344376,2025-04-25 22:18:17.312469,2025-04-25 22:20:06.901522,0 days 00:01:49.589053,0.011250577724803755,240,3,2,32,0.13156933472596644,208,4,2,128,0.2848426018600558,128,1,1,64,0.2569124597367871,480,160.0,392.0,3,2,0.00017225339550965119,0.6,/work3/arnaou/checkpoints/groupgat_Omega_trial_1197_best_state.pt,"{'learning_rate': 0.00017225339550965119, 'lr_reduce': 0.6}",TPESampler,COMPLETE
1198,0.05286450684070587,2025-04-25 22:18:40.565063,2025-04-25 22:19:51.712166,0 days 00:01:11.147103,0.04103579077591963,128,1,2,48,0.13120649243000587,256,4,1,128,0.16788263299160908,48,3,1,80,0.28699604245245625,424,152.0,,2,2,0.0003072765064892527,0.6,/work3/arnaou/checkpoints/groupgat_Omega_trial_1198_best_state.pt,"{'learning_rate': 0.0003072765064892527, 'lr_reduce': 0.6}",TPESampler,COMPLETE
1199,0.060031864792108536,2025-04-25 22:19:29.666127,2025-04-25 22:21:14.262042,0 days 00:01:44.595915,0.0128112289281367,160,1,2,64,0.06199721342427325,144,4,2,128,0.20962052313107896,64,3,2,96,0.19191030184904598,432,160.0,376.0,3,2,0.0002702817059596066,0.6,/work3/arnaou/checkpoints/groupgat_Omega_trial_1199_best_state.pt,"{'learning_rate': 0.0002702817059596066, 'lr_reduce': 0.6}",TPESampler,COMPLETE
1200,0.05855535343289375,2025-04-25 22:19:52.015142,2025-04-25 22:21:25.585325,0 days 00:01:33.570183,0.11305325161134952,176,1,1,96,0.041940349454767295,240,4,3,128,0.20941591335742823,32,4,3,48,0.1789355146674306,504,152.0,32.0,3,2,0.00043246564369735626,0.6,/work3/arnaou/checkpoints/groupgat_Omega_trial_1200_best_state.pt,"{'learning_rate': 0.00043246564369735626, 'lr_reduce': 0.6}",TPESampler,COMPLETE
1201,0.059873953461647034,2025-04-25 22:20:07.188223,2025-04-25 22:21:37.110835,0 days 00:01:29.922612,0.13033122909360106,240,2,2,64,0.045296690580678235,192,2,2,112,0.24731928802970496,96,4,4,48,0.2441508974819341,472,184.0,,2,2,0.00019516216122440112,0.6,/work3/arnaou/checkpoints/groupgat_Omega_trial_1201_best_state.pt,"{'learning_rate': 0.00019516216122440112, 'lr_reduce': 0.6}",TPESampler,COMPLETE
1202,0.05804993212223053,2025-04-25 22:21:14.562274,2025-04-25 22:22:38.651506,0 days 00:01:24.089232,0.014918609169974874,192,1,1,80,0.16310692870705457,240,4,2,128,0.2411636590666823,64,1,1,96,0.2888730995981671,360,,,1,2,0.000160502419976582,0.6,/work3/arnaou/checkpoints/groupgat_Omega_trial_1202_best_state.pt,"{'learning_rate': 0.000160502419976582, 'lr_reduce': 0.6}",TPESampler,COMPLETE
1203,0.06345703452825546,2025-04-25 22:21:25.853538,2025-04-25 22:22:45.889958,0 days 00:01:20.036420,0.07134769206550345,240,1,1,96,0.025500363031581846,224,4,2,128,0.23212582530948325,64,1,1,32,0.21454308989007836,400,168.0,,2,2,0.00047362455551351173,0.6,/work3/arnaou/checkpoints/groupgat_Omega_trial_1203_best_state.pt,"{'learning_rate': 0.00047362455551351173, 'lr_reduce': 0.6}",TPESampler,COMPLETE
1204,0.061737000942230225,2025-04-25 22:21:37.486140,2025-04-25 22:22:47.552438,0 days 00:01:10.066298,0.1161042113528807,240,1,1,48,0.22913418933821,256,3,1,112,0.23250839802747283,48,1,2,48,0.13447578398452237,408,192.0,376.0,3,2,0.0002535337055718023,0.6,/work3/arnaou/checkpoints/groupgat_Omega_trial_1204_best_state.pt,"{'learning_rate': 0.0002535337055718023, 'lr_reduce': 0.6}",TPESampler,COMPLETE
1205,0.05473567917943001,2025-04-25 22:22:38.882191,2025-04-25 22:24:07.831064,0 days 00:01:28.948873,0.0454181026633538,240,1,2,32,0.17247121381898486,256,4,1,128,0.2723012622009293,64,3,1,80,0.18065826699528326,408,,,1,2,0.000170416494905326,0.6,/work3/arnaou/checkpoints/groupgat_Omega_trial_1205_best_state.pt,"{'learning_rate': 0.000170416494905326, 'lr_reduce': 0.6}",TPESampler,COMPLETE
1206,0.05266737937927246,2025-04-25 22:22:46.184219,2025-04-25 22:24:00.085850,0 days 00:01:13.901631,0.03236649687520082,176,1,2,64,0.12554622626054546,160,2,3,48,0.23081631128637592,64,4,4,32,0.21351579897080175,400,160.0,424.0,3,2,0.0006385434089554646,0.6,/work3/arnaou/checkpoints/groupgat_Omega_trial_1206_best_state.pt,"{'learning_rate': 0.0006385434089554646, 'lr_reduce': 0.6}",TPESampler,COMPLETE
1207,0.06564591079950333,2025-04-25 22:22:47.904892,2025-04-25 22:23:54.013834,0 days 00:01:06.108942,0.06118968369348579,208,1,1,112,0.1654229556167483,192,2,1,96,0.22160058421594794,80,4,3,64,0.2310585818358208,512,184.0,360.0,3,2,0.0006474975957721159,0.6,/work3/arnaou/checkpoints/groupgat_Omega_trial_1207_best_state.pt,"{'learning_rate': 0.0006474975957721159, 'lr_reduce': 0.6}",TPESampler,COMPLETE
1208,0.04995553568005562,2025-04-25 22:23:54.272611,2025-04-25 22:25:09.318644,0 days 00:01:15.046033,0.008545982152985849,240,2,1,64,0.08857194721296445,192,3,2,96,0.15945249640463816,64,4,3,48,0.2458413889760027,512,200.0,104.0,3,2,0.00036826527069811084,0.6,/work3/arnaou/checkpoints/groupgat_Omega_trial_1208_best_state.pt,"{'learning_rate': 0.00036826527069811084, 'lr_reduce': 0.6}",TPESampler,COMPLETE
