number,value,datetime_start,datetime_complete,duration,params_L1_dropout,params_L1_hidden_dim,params_L1_layers_atom,params_L1_layers_mol,params_L1_out_dim,params_L2_dropout,params_L2_hidden_dim,params_L2_layers_atom,params_L2_layers_mol,params_L2_out_dim,params_L3_dropout,params_L3_hidden_dim,params_L3_layers_atom,params_L3_layers_mol,params_L3_out_dim,params_final_dropout,params_mlp_dim_0,params_mlp_dim_1,params_mlp_dim_2,params_n_mlp_layers,params_num_heads,params_train_learning_rate,params_train_lr_reduce,user_attrs_best_state_dict_path,user_attrs_training_params,system_attrs_auto:sampler,state
1885,0.09451840072870255,2025-04-26 03:05:01.029074,2025-04-26 03:06:07.857444,0 days 00:01:06.828370,0.17079246727261535,96,2,2,112,0.09098541503736673,192,3,3,80,0.011095214083911703,32,3,1,128,0.15626257969987448,408,160.0,,2,2,0.007260906717758295,0.6,/work3/arnaou/checkpoints/groupgat_Omega_trial_1885_best_state.pt,"{'learning_rate': 0.007260906717758295, 'lr_reduce': 0.6}",TPESampler,COMPLETE
1886,0.051415134221315384,2025-04-26 03:05:27.253024,2025-04-26 03:06:41.101617,0 days 00:01:13.848593,0.0044056927614931594,224,1,2,64,0.21312337276569523,192,4,2,128,0.2676555809910044,32,1,1,48,0.15125121548126513,512,264.0,264.0,3,2,0.0004330596487802129,0.6,/work3/arnaou/checkpoints/groupgat_Omega_trial_1886_best_state.pt,"{'learning_rate': 0.0004330596487802129, 'lr_reduce': 0.6}",TPESampler,COMPLETE
1887,0.7934736013412476,2025-04-26 03:05:50.272922,2025-04-26 03:06:05.585531,0 days 00:00:15.312609,0.030282955773558745,192,1,4,64,0.02658395398368671,256,4,3,32,0.06845872563028896,48,1,3,80,0.2682740300730633,32,,,1,2,0.006917789757284799,0.6,/work3/arnaou/checkpoints/groupgat_Omega_trial_1887_best_state.pt,"{'learning_rate': 0.006917789757284799, 'lr_reduce': 0.6}",TPESampler,COMPLETE
1888,0.05398734658956528,2025-04-26 03:06:05.831394,2025-04-26 03:07:09.187599,0 days 00:01:03.356205,0.010966963552374535,224,1,2,48,0.22108995620351307,176,4,3,112,0.19928901604544275,64,2,2,32,0.16746755657167223,464,96.0,376.0,3,2,0.0007161845921323559,0.6,/work3/arnaou/checkpoints/groupgat_Omega_trial_1888_best_state.pt,"{'learning_rate': 0.0007161845921323559, 'lr_reduce': 0.6}",TPESampler,COMPLETE
1889,0.05947034806013107,2025-04-26 03:06:08.174405,2025-04-26 03:07:15.370634,0 days 00:01:07.196229,0.12696504000271003,256,2,1,48,0.14347295168070734,256,2,2,96,0.24210613208930737,32,1,1,32,0.19305579481188004,288,224.0,320.0,3,2,0.00038234139381304036,0.6,/work3/arnaou/checkpoints/groupgat_Omega_trial_1889_best_state.pt,"{'learning_rate': 0.00038234139381304036, 'lr_reduce': 0.6}",TPESampler,COMPLETE
1890,0.050909847021102905,2025-04-26 03:06:41.385705,2025-04-26 03:08:07.741793,0 days 00:01:26.356088,0.04910808452964569,240,1,1,32,0.1302536469014351,208,4,1,128,0.052373946823634915,48,3,1,80,0.19565778076431056,488,64.0,432.0,3,2,0.0003412336599830778,0.6,/work3/arnaou/checkpoints/groupgat_Omega_trial_1890_best_state.pt,"{'learning_rate': 0.0003412336599830778, 'lr_reduce': 0.6}",TPESampler,COMPLETE
1891,0.057340025901794434,2025-04-26 03:07:09.439236,2025-04-26 03:08:19.490507,0 days 00:01:10.051271,0.008161178813279591,160,1,2,64,0.18986192318337117,256,4,1,80,0.23169559976646764,80,4,3,64,0.24243779565639467,488,168.0,272.0,3,2,0.0010678744142548341,0.6,/work3/arnaou/checkpoints/groupgat_Omega_trial_1891_best_state.pt,"{'learning_rate': 0.0010678744142548341, 'lr_reduce': 0.6}",TPESampler,COMPLETE
1892,0.0655343234539032,2025-04-26 03:07:15.749732,2025-04-26 03:08:47.637801,0 days 00:01:31.888069,0.1810970089314311,240,1,1,32,0.15565235533666655,128,4,1,112,0.21528272897106482,96,1,2,96,0.21117595526324714,384,264.0,336.0,3,2,0.0004734931696150673,0.6,/work3/arnaou/checkpoints/groupgat_Omega_trial_1892_best_state.pt,"{'learning_rate': 0.0004734931696150673, 'lr_reduce': 0.6}",TPESampler,COMPLETE
1893,0.08179865032434464,2025-04-26 03:08:07.974775,2025-04-26 03:09:12.062793,0 days 00:01:04.088018,0.21490697761319427,80,2,3,128,0.2826467630071675,80,4,2,80,0.23908476225198477,112,2,3,128,0.20062984252820848,256,,,1,2,0.00899497533342132,0.6,/work3/arnaou/checkpoints/groupgat_Omega_trial_1893_best_state.pt,"{'learning_rate': 0.00899497533342132, 'lr_reduce': 0.6}",TPESampler,COMPLETE
1894,0.07134519517421722,2025-04-26 03:08:19.748372,2025-04-26 03:09:34.286829,0 days 00:01:14.538457,0.19168569167598343,176,3,1,96,0.22486638361480565,208,1,2,112,0.28338453078977366,32,2,3,96,0.04761934155467881,336,200.0,376.0,3,1,0.0007874953742485922,0.6,/work3/arnaou/checkpoints/groupgat_Omega_trial_1894_best_state.pt,"{'learning_rate': 0.0007874953742485922, 'lr_reduce': 0.6}",TPESampler,COMPLETE
1895,0.1058969795703888,2025-04-26 03:08:47.901435,2025-04-26 03:11:10.896370,0 days 00:02:22.994935,0.054747253384713916,208,1,2,48,0.26686246470839886,240,4,2,128,0.01417281669130108,32,3,2,80,0.26600096842446036,504,128.0,296.0,3,2,0.00010812755769397481,0.6,/work3/arnaou/checkpoints/groupgat_Omega_trial_1895_best_state.pt,"{'learning_rate': 0.00010812755769397481, 'lr_reduce': 0.6}",TPESampler,COMPLETE
1896,0.05359142646193504,2025-04-26 03:09:12.301378,2025-04-26 03:10:31.661377,0 days 00:01:19.359999,0.052253204567466946,208,1,3,48,0.1425751741662457,256,4,1,112,0.24519598068301462,48,1,3,96,0.28919930924529996,464,232.0,344.0,3,1,0.0004980860822584623,0.6,/work3/arnaou/checkpoints/groupgat_Omega_trial_1896_best_state.pt,"{'learning_rate': 0.0004980860822584623, 'lr_reduce': 0.6}",TPESampler,COMPLETE
1897,0.05730283260345459,2025-04-26 03:09:34.546453,2025-04-26 03:10:49.317311,0 days 00:01:14.770858,0.0016261129817328607,256,3,1,80,0.2363202298208234,240,3,2,128,0.26298149080311256,80,1,2,80,0.2761460898057993,352,160.0,248.0,3,2,0.00023880828205135354,0.6,/work3/arnaou/checkpoints/groupgat_Omega_trial_1897_best_state.pt,"{'learning_rate': 0.00023880828205135354, 'lr_reduce': 0.6}",TPESampler,COMPLETE
1898,0.0660983994603157,2025-04-26 03:10:31.887505,2025-04-26 03:11:25.633398,0 days 00:00:53.745893,0.15443445143648962,208,1,1,112,0.14166095800260914,112,3,1,128,0.15589617997462538,80,4,4,96,0.2793802659064472,392,96.0,392.0,3,1,0.0021233526938542833,0.6,/work3/arnaou/checkpoints/groupgat_Omega_trial_1898_best_state.pt,"{'learning_rate': 0.0021233526938542833, 'lr_reduce': 0.6}",TPESampler,COMPLETE
1899,0.05711229518055916,2025-04-26 03:10:49.529315,2025-04-26 03:12:21.584285,0 days 00:01:32.054970,0.04344329365725549,224,1,2,32,0.1673347539732136,240,4,1,128,0.015042987270416985,32,3,2,128,0.21483694114428112,464,264.0,304.0,3,2,0.00015773514914267672,0.6,/work3/arnaou/checkpoints/groupgat_Omega_trial_1899_best_state.pt,"{'learning_rate': 0.00015773514914267672, 'lr_reduce': 0.6}",TPESampler,COMPLETE
1900,0.47237300872802734,2025-04-26 03:11:11.189221,2025-04-26 03:11:41.482036,0 days 00:00:30.292815,0.2593522870776457,112,3,4,64,0.2386073890834638,240,3,3,96,0.11086130975336063,80,3,1,96,0.2975015093011113,240,192.0,344.0,3,2,0.005392209032157181,0.6,/work3/arnaou/checkpoints/groupgat_Omega_trial_1900_best_state.pt,"{'learning_rate': 0.005392209032157181, 'lr_reduce': 0.6}",TPESampler,COMPLETE
1901,0.06737679988145828,2025-04-26 03:11:25.857479,2025-04-26 03:12:41.177320,0 days 00:01:15.319841,0.03448955650962984,208,2,1,32,0.16133903304315333,224,3,2,112,0.06677754213737236,64,2,2,112,0.2770542290560709,424,32.0,288.0,3,2,0.0010497326921777854,0.6,/work3/arnaou/checkpoints/groupgat_Omega_trial_1901_best_state.pt,"{'learning_rate': 0.0010497326921777854, 'lr_reduce': 0.6}",TPESampler,COMPLETE
1902,0.07865168154239655,2025-04-26 03:11:41.711632,2025-04-26 03:13:06.580966,0 days 00:01:24.869334,0.009651301060968093,176,4,3,96,0.19105494157463887,64,3,3,48,0.17637656047926814,80,4,1,32,0.21119091577098564,224,224.0,,2,2,0.00097775405140017,0.6,/work3/arnaou/checkpoints/groupgat_Omega_trial_1902_best_state.pt,"{'learning_rate': 0.00097775405140017, 'lr_reduce': 0.6}",TPESampler,COMPLETE
1903,0.07010255753993988,2025-04-26 03:12:21.825510,2025-04-26 03:13:21.732597,0 days 00:00:59.907087,0.030973417954354158,192,1,2,48,0.18561466595182224,176,4,1,128,0.003250224526974682,32,3,2,96,0.276469457176608,456,136.0,360.0,3,1,0.0003271118921726102,0.6,/work3/arnaou/checkpoints/groupgat_Omega_trial_1903_best_state.pt,"{'learning_rate': 0.0003271118921726102, 'lr_reduce': 0.6}",TPESampler,COMPLETE
1904,0.05006404593586922,2025-04-26 03:12:41.416677,2025-04-26 03:13:38.486192,0 days 00:00:57.069515,0.010606010155389221,192,1,1,32,0.29260283992383085,224,3,1,128,0.05686796619614205,32,2,1,112,0.19540974597710414,512,64.0,,2,2,0.0005958131885043561,0.6,/work3/arnaou/checkpoints/groupgat_Omega_trial_1904_best_state.pt,"{'learning_rate': 0.0005958131885043561, 'lr_reduce': 0.6}",TPESampler,COMPLETE
1905,0.05646703019738197,2025-04-26 03:13:06.881213,2025-04-26 03:14:45.269851,0 days 00:01:38.388638,0.043427083293839375,144,2,2,64,0.14471609327094678,256,4,1,128,0.26019332549115703,96,3,2,80,0.14648263277554383,488,176.0,408.0,3,2,0.00016039562527915506,0.6,/work3/arnaou/checkpoints/groupgat_Omega_trial_1905_best_state.pt,"{'learning_rate': 0.00016039562527915506, 'lr_reduce': 0.6}",TPESampler,COMPLETE
1906,0.06183450669050217,2025-04-26 03:13:21.976011,2025-04-26 03:14:31.290956,0 days 00:01:09.314945,0.1848176422201208,256,1,2,80,0.22594019156695078,144,4,1,128,0.2200379537252825,64,1,2,96,0.24648106230807776,408,256.0,,2,2,0.0007909067032934326,0.6,/work3/arnaou/checkpoints/groupgat_Omega_trial_1906_best_state.pt,"{'learning_rate': 0.0007909067032934326, 'lr_reduce': 0.6}",TPESampler,COMPLETE
1907,0.07911155372858047,2025-04-26 03:13:38.684841,2025-04-26 03:14:47.932049,0 days 00:01:09.247208,0.08810024578393671,176,4,2,48,0.19372630108141675,240,1,3,112,0.21011640703596224,128,2,3,80,0.06905444453070303,440,104.0,,2,1,0.001353304532554063,0.6,/work3/arnaou/checkpoints/groupgat_Omega_trial_1907_best_state.pt,"{'learning_rate': 0.001353304532554063, 'lr_reduce': 0.6}",TPESampler,COMPLETE
1908,0.07493117451667786,2025-04-26 03:14:31.563237,2025-04-26 03:15:54.309866,0 days 00:01:22.746629,0.1438913170409691,160,4,2,112,0.04087236055127537,144,4,3,128,0.10999215523161562,48,4,2,48,0.0998914637423217,192,216.0,,2,2,0.001551441669053444,0.6,/work3/arnaou/checkpoints/groupgat_Omega_trial_1908_best_state.pt,"{'learning_rate': 0.001551441669053444, 'lr_reduce': 0.6}",TPESampler,COMPLETE
1909,0.05870657414197922,2025-04-26 03:14:45.438145,2025-04-26 03:16:20.957985,0 days 00:01:35.519840,0.10776193949287619,240,1,1,112,0.0997373398292143,224,4,1,64,0.005859292447690109,64,4,3,64,0.09849672218093225,344,144.0,320.0,3,2,0.00021122416882910863,0.6,/work3/arnaou/checkpoints/groupgat_Omega_trial_1909_best_state.pt,"{'learning_rate': 0.00021122416882910863, 'lr_reduce': 0.6}",TPESampler,COMPLETE
1910,0.06455177813768387,2025-04-26 03:14:48.150713,2025-04-26 03:16:08.341320,0 days 00:01:20.190607,0.09168021698390358,160,2,1,80,0.15912469774055482,144,4,1,96,0.18726230332976967,112,2,4,96,0.1283382075423929,456,264.0,256.0,3,1,0.0011092572127032897,0.6,/work3/arnaou/checkpoints/groupgat_Omega_trial_1910_best_state.pt,"{'learning_rate': 0.0011092572127032897, 'lr_reduce': 0.6}",TPESampler,COMPLETE
1911,0.06132039800286293,2025-04-26 03:15:54.506819,2025-04-26 03:16:59.584384,0 days 00:01:05.077565,0.06398484911898476,144,4,2,96,0.07601278787506116,144,1,2,64,0.09200939089502741,96,3,4,64,0.07428167235601837,96,192.0,,2,2,0.0007373548149490496,0.6,/work3/arnaou/checkpoints/groupgat_Omega_trial_1911_best_state.pt,"{'learning_rate': 0.0007373548149490496, 'lr_reduce': 0.6}",TPESampler,COMPLETE
1912,0.05401380732655525,2025-04-26 03:16:08.605017,2025-04-26 03:17:26.045109,0 days 00:01:17.440092,0.046735616006661235,192,1,1,64,0.14185970669210984,208,4,2,128,0.2341103099162324,64,2,1,96,0.2581231314944598,496,72.0,328.0,3,2,0.0007477325977487358,0.6,/work3/arnaou/checkpoints/groupgat_Omega_trial_1912_best_state.pt,"{'learning_rate': 0.0007477325977487358, 'lr_reduce': 0.6}",TPESampler,COMPLETE
1913,0.0629165917634964,2025-04-26 03:16:21.124202,2025-04-26 03:17:26.459442,0 days 00:01:05.335240,0.03678418564502929,224,1,3,32,0.24856423710663392,240,4,3,96,0.14857317969049744,32,1,1,48,0.1739833456962547,472,296.0,376.0,3,1,0.004210595669076955,0.6,/work3/arnaou/checkpoints/groupgat_Omega_trial_1913_best_state.pt,"{'learning_rate': 0.004210595669076955, 'lr_reduce': 0.6}",TPESampler,COMPLETE
1914,0.05522417277097702,2025-04-26 03:16:59.811185,2025-04-26 03:18:14.339802,0 days 00:01:14.528617,0.07408106961121176,240,1,1,112,0.15387835071107694,176,4,2,128,0.20355087994326357,48,3,3,48,0.27495528876092246,512,224.0,296.0,3,2,0.001128446988275363,0.6,/work3/arnaou/checkpoints/groupgat_Omega_trial_1914_best_state.pt,"{'learning_rate': 0.001128446988275363, 'lr_reduce': 0.6}",TPESampler,COMPLETE
1915,0.0754370167851448,2025-04-26 03:17:26.207951,2025-04-26 03:18:24.391662,0 days 00:00:58.183711,0.013265700463559571,144,2,1,96,0.16047733772788586,256,1,4,80,0.13659289860637783,48,1,1,64,0.11706806762402022,336,128.0,,2,2,0.008428367100731641,0.6,/work3/arnaou/checkpoints/groupgat_Omega_trial_1915_best_state.pt,"{'learning_rate': 0.008428367100731641, 'lr_reduce': 0.6}",TPESampler,COMPLETE
1916,0.08895990997552872,2025-04-26 03:17:26.742742,2025-04-26 03:18:35.256875,0 days 00:01:08.514133,0.24695275534246816,112,1,1,96,0.1725869542420325,192,4,1,112,0.15446040534856426,64,3,3,80,0.22845443323508677,456,184.0,344.0,3,1,0.0002833452522321171,0.6,/work3/arnaou/checkpoints/groupgat_Omega_trial_1916_best_state.pt,"{'learning_rate': 0.0002833452522321171, 'lr_reduce': 0.6}",TPESampler,COMPLETE
1917,0.07125347852706909,2025-04-26 03:18:14.522415,2025-04-26 03:19:19.918032,0 days 00:01:05.395617,0.0959592112244631,112,4,1,48,0.2946204898581304,256,4,3,64,0.22923584710695966,96,2,4,96,0.1964041854022336,328,272.0,248.0,3,1,0.0005356853004310209,0.6,/work3/arnaou/checkpoints/groupgat_Omega_trial_1917_best_state.pt,"{'learning_rate': 0.0005356853004310209, 'lr_reduce': 0.6}",TPESampler,COMPLETE
1918,0.08722001314163208,2025-04-26 03:18:24.676050,2025-04-26 03:20:13.680897,0 days 00:01:49.004847,0.13307700083805177,208,1,2,48,0.1374706461728746,192,4,2,64,0.26969176756991275,80,2,3,112,0.26493360261541393,280,104.0,424.0,3,2,0.0001789308603169644,0.6,/work3/arnaou/checkpoints/groupgat_Omega_trial_1918_best_state.pt,"{'learning_rate': 0.0001789308603169644, 'lr_reduce': 0.6}",TPESampler,COMPLETE
1919,0.07828040421009064,2025-04-26 03:18:35.918734,2025-04-26 03:19:57.680757,0 days 00:01:21.762023,0.24884055493467733,256,3,1,64,0.2896091205491382,144,2,4,112,0.057926835884423294,48,2,3,128,0.025333977066818045,72,168.0,,2,2,0.0035976212923896807,0.6,/work3/arnaou/checkpoints/groupgat_Omega_trial_1919_best_state.pt,"{'learning_rate': 0.0035976212923896807, 'lr_reduce': 0.6}",TPESampler,COMPLETE
1920,0.06265019625425339,2025-04-26 03:19:20.120829,2025-04-26 03:20:12.233884,0 days 00:00:52.113055,0.04098722771490007,192,1,1,64,0.15121115869544016,240,4,1,128,0.22119460512384542,64,2,3,80,0.2446307317835828,256,232.0,,2,1,0.0010202263350598568,0.6,/work3/arnaou/checkpoints/groupgat_Omega_trial_1920_best_state.pt,"{'learning_rate': 0.0010202263350598568, 'lr_reduce': 0.6}",TPESampler,COMPLETE
1921,0.05877416580915451,2025-04-26 03:19:57.850326,2025-04-26 03:21:04.310297,0 days 00:01:06.459971,0.09415568672448864,192,2,2,32,0.14516354866902953,160,4,2,64,0.26899772742902045,48,1,2,80,0.2707969807619529,496,56.0,296.0,3,2,0.001295752002208453,0.6,/work3/arnaou/checkpoints/groupgat_Omega_trial_1921_best_state.pt,"{'learning_rate': 0.001295752002208453, 'lr_reduce': 0.6}",TPESampler,COMPLETE
1922,0.07336840778589249,2025-04-26 03:20:12.446816,2025-04-26 03:21:14.776813,0 days 00:01:02.329997,0.018367809722490358,240,1,1,112,0.08847274980727157,192,3,1,64,0.1030916548629291,32,4,2,80,0.21935913067456764,376,208.0,,2,2,0.0010238983140165277,0.6,/work3/arnaou/checkpoints/groupgat_Omega_trial_1922_best_state.pt,"{'learning_rate': 0.0010238983140165277, 'lr_reduce': 0.6}",TPESampler,COMPLETE
1923,0.05164865404367447,2025-04-26 03:20:13.855661,2025-04-26 03:21:20.159476,0 days 00:01:06.303815,0.029874265383630617,240,1,1,64,0.10418670761418815,144,4,3,96,0.23782912609887577,48,4,4,80,0.2746652957198099,424,144.0,360.0,3,2,0.0007676441478930287,0.6,/work3/arnaou/checkpoints/groupgat_Omega_trial_1923_best_state.pt,"{'learning_rate': 0.0007676441478930287, 'lr_reduce': 0.6}",TPESampler,COMPLETE
1924,0.09414589405059814,2025-04-26 03:21:04.474000,2025-04-26 03:21:39.406485,0 days 00:00:34.932485,0.2283055850594083,192,4,4,128,0.09480777487270473,192,3,2,96,0.1304844813111372,128,2,1,128,0.24416368671718156,288,288.0,320.0,3,2,0.00445893735081534,0.6,/work3/arnaou/checkpoints/groupgat_Omega_trial_1924_best_state.pt,"{'learning_rate': 0.00445893735081534, 'lr_reduce': 0.6}",TPESampler,COMPLETE
1925,0.11301740258932114,2025-04-26 03:21:15.133701,2025-04-26 03:22:14.837213,0 days 00:00:59.703512,0.08793765496749323,240,4,1,64,0.17853203237210907,256,1,4,96,0.06179153930689443,64,4,4,112,0.21327990909813568,208,,,1,2,0.002616030094176169,0.6,/work3/arnaou/checkpoints/groupgat_Omega_trial_1925_best_state.pt,"{'learning_rate': 0.002616030094176169, 'lr_reduce': 0.6}",TPESampler,COMPLETE
1926,0.08354552090167999,2025-04-26 03:21:20.469091,2025-04-26 03:23:08.684421,0 days 00:01:48.215330,0.05377927073395781,256,2,2,32,0.1331597161415614,240,4,2,80,0.22156031549587377,64,1,2,32,0.21837164614470306,512,240.0,,2,2,0.0022536301001702536,0.6,/work3/arnaou/checkpoints/groupgat_Omega_trial_1926_best_state.pt,"{'learning_rate': 0.0022536301001702536, 'lr_reduce': 0.6}",TPESampler,COMPLETE
1927,0.0704173818230629,2025-04-26 03:21:39.560725,2025-04-26 03:23:38.556728,0 days 00:01:58.996003,0.0610934270358459,144,1,4,112,0.21533898626373024,224,4,1,112,0.2967834246191114,128,2,2,48,0.08184485308352779,496,,,1,2,0.00038386123241644047,0.6,/work3/arnaou/checkpoints/groupgat_Omega_trial_1927_best_state.pt,"{'learning_rate': 0.00038386123241644047, 'lr_reduce': 0.6}",TPESampler,COMPLETE
1928,0.05620686337351799,2025-04-26 03:22:15.084054,2025-04-26 03:23:23.674244,0 days 00:01:08.590190,0.004006636856914659,240,1,1,80,0.06032111255630451,192,4,2,96,0.15773948785215736,32,3,4,112,0.2831963466739129,504,328.0,384.0,3,2,0.0007597207588165962,0.6,/work3/arnaou/checkpoints/groupgat_Omega_trial_1928_best_state.pt,"{'learning_rate': 0.0007597207588165962, 'lr_reduce': 0.6}",TPESampler,COMPLETE
1929,0.057192910462617874,2025-04-26 03:23:08.876999,2025-04-26 03:25:04.157509,0 days 00:01:55.280510,0.08840879522633872,224,1,1,80,0.10879704742045905,240,3,3,80,0.17973339425923998,32,4,4,64,0.0888152074958766,480,104.0,280.0,3,2,0.0030429475569216033,0.6,/work3/arnaou/checkpoints/groupgat_Omega_trial_1929_best_state.pt,"{'learning_rate': 0.0030429475569216033, 'lr_reduce': 0.6}",TPESampler,COMPLETE
1930,0.06481229513883591,2025-04-26 03:23:23.840948,2025-04-26 03:24:22.797167,0 days 00:00:58.956219,0.06392528076860189,224,1,2,64,0.037468044641409695,224,2,1,128,0.17313690703109946,64,3,2,112,0.18412030334323704,408,192.0,336.0,3,1,0.0006387305070184671,0.6,/work3/arnaou/checkpoints/groupgat_Omega_trial_1930_best_state.pt,"{'learning_rate': 0.0006387305070184671, 'lr_reduce': 0.6}",TPESampler,COMPLETE
1931,0.4834975302219391,2025-04-26 03:23:38.773605,2025-04-26 03:24:04.365673,0 days 00:00:25.592068,0.23660176692211976,80,2,1,48,0.2567594748398255,80,2,4,112,0.11333384678650366,80,3,1,80,0.04791447682202797,488,32.0,,2,1,0.006525737467395882,0.6,/work3/arnaou/checkpoints/groupgat_Omega_trial_1931_best_state.pt,"{'learning_rate': 0.006525737467395882, 'lr_reduce': 0.6}",TPESampler,COMPLETE
1932,0.05724068358540535,2025-04-26 03:24:04.597709,2025-04-26 03:25:47.645062,0 days 00:01:43.047353,0.009476830596551286,176,1,2,32,0.10527522113993813,64,4,2,96,0.2713138592680839,80,3,2,64,0.1330902630900928,336,168.0,368.0,3,2,0.0001824029749655761,0.6,/work3/arnaou/checkpoints/groupgat_Omega_trial_1932_best_state.pt,"{'learning_rate': 0.0001824029749655761, 'lr_reduce': 0.6}",TPESampler,COMPLETE
1933,0.06400281190872192,2025-04-26 03:24:22.965114,2025-04-26 03:25:40.552700,0 days 00:01:17.587586,0.10648106997462789,176,3,1,32,0.18225879476769438,208,4,2,96,0.1711281272737539,96,2,2,96,0.2961929338770517,448,256.0,312.0,3,2,0.0005183216314477917,0.6,/work3/arnaou/checkpoints/groupgat_Omega_trial_1933_best_state.pt,"{'learning_rate': 0.0005183216314477917, 'lr_reduce': 0.6}",TPESampler,COMPLETE
1934,0.05704059079289436,2025-04-26 03:25:04.584610,2025-04-26 03:26:35.964723,0 days 00:01:31.380113,0.021204601870277895,224,1,3,32,0.08807881294908296,144,4,2,128,0.28305235874566476,48,4,2,112,0.17076383195424888,480,112.0,240.0,3,2,0.0003716141969549108,0.6,/work3/arnaou/checkpoints/groupgat_Omega_trial_1934_best_state.pt,"{'learning_rate': 0.0003716141969549108, 'lr_reduce': 0.6}",TPESampler,COMPLETE
1935,0.0533079095184803,2025-04-26 03:25:40.743237,2025-04-26 03:27:01.044739,0 days 00:01:20.301502,0.01666137527983555,256,1,2,64,0.1412890843351098,128,2,2,80,0.019766688480712225,128,3,1,128,0.11714851951721403,88,224.0,,2,2,0.00013387016885689382,0.6,/work3/arnaou/checkpoints/groupgat_Omega_trial_1935_best_state.pt,"{'learning_rate': 0.00013387016885689382, 'lr_reduce': 0.6}",TPESampler,COMPLETE
1936,0.056797612458467484,2025-04-26 03:25:48.525088,2025-04-26 03:27:07.471118,0 days 00:01:18.946030,0.0028291092635591084,192,1,1,80,0.028172900723942695,192,3,3,48,0.2227419341850486,32,4,3,48,0.1991372531518104,272,152.0,416.0,3,2,0.0003219059538342223,0.6,/work3/arnaou/checkpoints/groupgat_Omega_trial_1936_best_state.pt,"{'learning_rate': 0.0003219059538342223, 'lr_reduce': 0.6}",TPESampler,COMPLETE
