number,value,datetime_start,datetime_complete,duration,params_L1_dropout,params_L1_hidden_dim,params_L1_layers_atom,params_L1_layers_mol,params_L1_out_dim,params_L2_dropout,params_L2_hidden_dim,params_L2_layers_atom,params_L2_layers_mol,params_L2_out_dim,params_L3_dropout,params_L3_hidden_dim,params_L3_layers_atom,params_L3_layers_mol,params_L3_out_dim,params_final_dropout,params_mlp_dim_0,params_mlp_dim_1,params_mlp_dim_2,params_n_mlp_layers,params_num_heads,params_train_learning_rate,params_train_lr_reduce,user_attrs_best_state_dict_path,user_attrs_training_params,system_attrs_auto:sampler,state
1105,0.05016099289059639,2025-04-25 21:39:23.220744,2025-04-25 21:40:36.369005,0 days 00:01:13.148261,0.007414479735643825,256,1,1,32,0.15824049169253065,224,4,1,128,0.13597083041763583,80,2,2,112,0.2930224171430867,496,264.0,344.0,3,2,0.00022853297974925776,0.6,/work3/arnaou/checkpoints/groupgat_Omega_trial_1105_best_state.pt,"{'learning_rate': 0.00022853297974925776, 'lr_reduce': 0.6}",TPESampler,COMPLETE
1106,0.05012232065200806,2025-04-25 21:39:27.833369,2025-04-25 21:41:00.447375,0 days 00:01:32.614006,0.061373348028065225,256,1,1,64,0.046993877430964184,112,4,1,80,0.14974505321784412,48,3,4,112,0.1210119996061253,448,216.0,312.0,3,2,0.00046929478860072827,0.6,/work3/arnaou/checkpoints/groupgat_Omega_trial_1106_best_state.pt,"{'learning_rate': 0.00046929478860072827, 'lr_reduce': 0.6}",TPESampler,COMPLETE
1107,0.051263477653265,2025-04-25 21:39:38.911091,2025-04-25 21:40:44.386733,0 days 00:01:05.475642,0.08106211321708132,208,1,2,32,0.07080705291176159,112,3,1,112,0.19176565031263199,64,4,1,80,0.07497933404752832,512,,,1,2,0.00043758006130464893,0.6,/work3/arnaou/checkpoints/groupgat_Omega_trial_1107_best_state.pt,"{'learning_rate': 0.00043758006130464893, 'lr_reduce': 0.6}",TPESampler,COMPLETE
1108,0.06609989702701569,2025-04-25 21:40:36.612617,2025-04-25 21:42:15.769667,0 days 00:01:39.157050,0.09099153046253859,256,1,1,48,0.19784932110454553,176,4,2,128,0.16498066765725353,64,3,1,112,0.29221876776133493,392,288.0,,2,2,0.0001353029289762708,0.6,/work3/arnaou/checkpoints/groupgat_Omega_trial_1108_best_state.pt,"{'learning_rate': 0.0001353029289762708, 'lr_reduce': 0.6}",TPESampler,COMPLETE
1109,0.054220762103796005,2025-04-25 21:40:44.658523,2025-04-25 21:42:09.270871,0 days 00:01:24.612348,0.04993924896250233,208,1,2,80,0.05101843461491219,128,4,2,48,0.1897157756081541,48,4,3,80,0.15813410831653782,480,280.0,,2,2,0.0002603360271203892,0.6,/work3/arnaou/checkpoints/groupgat_Omega_trial_1109_best_state.pt,"{'learning_rate': 0.0002603360271203892, 'lr_reduce': 0.6}",TPESampler,COMPLETE
1110,0.0534265972673893,2025-04-25 21:41:00.737436,2025-04-25 21:42:07.805854,0 days 00:01:07.068418,0.015978117884645343,224,1,1,64,0.18289720101950677,256,4,2,112,0.1562516500787415,96,1,2,128,0.2440902652058105,488,328.0,392.0,3,2,0.00036840677513789327,0.6,/work3/arnaou/checkpoints/groupgat_Omega_trial_1110_best_state.pt,"{'learning_rate': 0.00036840677513789327, 'lr_reduce': 0.6}",TPESampler,COMPLETE
1111,0.06082209572196007,2025-04-25 21:42:08.076063,2025-04-25 21:43:52.147733,0 days 00:01:44.071670,0.04522566272355138,240,1,2,96,0.10427677822253503,96,4,1,96,0.14174327470987905,48,3,4,128,0.14478924058593012,384,280.0,408.0,3,2,0.0003473986573791438,0.6,/work3/arnaou/checkpoints/groupgat_Omega_trial_1111_best_state.pt,"{'learning_rate': 0.0003473986573791438, 'lr_reduce': 0.6}",TPESampler,COMPLETE
1112,0.06294355541467667,2025-04-25 21:42:09.822339,2025-04-25 21:43:11.748226,0 days 00:01:01.925887,0.049196139117186836,256,2,1,64,0.07877448580380172,224,3,1,96,0.29733381073890086,112,4,4,64,0.29096157216630497,304,264.0,,2,2,0.0012329197001635381,0.6,/work3/arnaou/checkpoints/groupgat_Omega_trial_1112_best_state.pt,"{'learning_rate': 0.0012329197001635381, 'lr_reduce': 0.6}",TPESampler,COMPLETE
1113,0.05181346461176872,2025-04-25 21:42:16.019551,2025-04-25 21:43:29.324523,0 days 00:01:13.304972,0.03180044378797759,224,1,2,64,0.10177167202863763,128,4,2,112,0.2836459551550276,48,4,4,96,0.23071366695704112,480,248.0,360.0,3,2,0.00041252895483133564,0.6,/work3/arnaou/checkpoints/groupgat_Omega_trial_1113_best_state.pt,"{'learning_rate': 0.00041252895483133564, 'lr_reduce': 0.6}",TPESampler,COMPLETE
1114,0.055896129459142685,2025-04-25 21:43:12.054390,2025-04-25 21:44:27.359912,0 days 00:01:15.305522,0.045643787934575616,240,1,1,96,0.0648626574139286,192,4,2,96,0.1477120252702044,48,4,3,96,0.18465157005423383,392,320.0,368.0,3,2,0.0006653683733562457,0.6,/work3/arnaou/checkpoints/groupgat_Omega_trial_1114_best_state.pt,"{'learning_rate': 0.0006653683733562457, 'lr_reduce': 0.6}",TPESampler,COMPLETE
1115,0.06453988701105118,2025-04-25 21:43:29.538839,2025-04-25 21:45:05.538164,0 days 00:01:35.999325,0.12115162489234016,176,1,1,64,0.023972527229773676,64,3,1,32,0.15029204111245176,64,4,4,112,0.11555459289958009,432,256.0,376.0,3,2,0.000337277845609066,0.6,/work3/arnaou/checkpoints/groupgat_Omega_trial_1115_best_state.pt,"{'learning_rate': 0.000337277845609066, 'lr_reduce': 0.6}",TPESampler,COMPLETE
1116,0.061291974037885666,2025-04-25 21:43:52.718346,2025-04-25 21:44:59.133604,0 days 00:01:06.415258,0.05197034808468176,208,2,4,32,0.07839390297066351,224,4,1,128,0.2778888190271732,128,2,1,80,0.1716607809300503,464,240.0,352.0,3,2,0.0007579108871105468,0.6,/work3/arnaou/checkpoints/groupgat_Omega_trial_1116_best_state.pt,"{'learning_rate': 0.0007579108871105468, 'lr_reduce': 0.6}",TPESampler,COMPLETE
1117,0.06620673090219498,2025-04-25 21:44:27.681632,2025-04-25 21:45:47.470183,0 days 00:01:19.788551,0.13357906830554378,224,2,1,48,0.01110947070542219,96,4,1,80,0.17577883051342147,32,3,3,128,0.0731404226095614,376,304.0,400.0,3,2,0.0004019949864592868,0.6,/work3/arnaou/checkpoints/groupgat_Omega_trial_1117_best_state.pt,"{'learning_rate': 0.0004019949864592868, 'lr_reduce': 0.6}",TPESampler,COMPLETE
1118,0.06080975756049156,2025-04-25 21:44:59.385630,2025-04-25 21:46:04.629770,0 days 00:01:05.244140,0.03437834070347261,240,1,2,64,0.0015623246884562542,96,4,1,64,0.10437436235963515,32,2,4,80,0.12081814077557156,504,240.0,344.0,3,2,0.0011705509539250492,0.6,/work3/arnaou/checkpoints/groupgat_Omega_trial_1118_best_state.pt,"{'learning_rate': 0.0011705509539250492, 'lr_reduce': 0.6}",TPESampler,COMPLETE
1119,0.07302310317754745,2025-04-25 21:45:05.754238,2025-04-25 21:46:29.234251,0 days 00:01:23.480013,0.08228294703905305,192,1,1,64,0.09910415179263687,80,4,1,112,0.19651715052257743,80,2,4,112,0.02912018721301622,440,224.0,32.0,3,2,0.00010390316271055642,0.6,/work3/arnaou/checkpoints/groupgat_Omega_trial_1119_best_state.pt,"{'learning_rate': 0.00010390316271055642, 'lr_reduce': 0.6}",TPESampler,COMPLETE
1120,0.06369297206401825,2025-04-25 21:45:48.089028,2025-04-25 21:46:55.364270,0 days 00:01:07.275242,0.04631102892353411,224,1,1,96,0.050896137888967165,112,4,1,80,0.14984308718172254,48,1,4,128,0.0712272943601315,344,288.0,344.0,3,2,0.0029569550212715052,0.6,/work3/arnaou/checkpoints/groupgat_Omega_trial_1120_best_state.pt,"{'learning_rate': 0.0029569550212715052, 'lr_reduce': 0.6}",TPESampler,COMPLETE
1121,0.05843023583292961,2025-04-25 21:46:04.935390,2025-04-25 21:47:26.029219,0 days 00:01:21.093829,0.03290673708367217,256,1,2,64,0.1612256731559761,160,4,1,128,0.03309791342894222,96,2,2,96,0.2970932938830364,448,208.0,344.0,3,2,0.0005237793342005933,0.6,/work3/arnaou/checkpoints/groupgat_Omega_trial_1121_best_state.pt,"{'learning_rate': 0.0005237793342005933, 'lr_reduce': 0.6}",TPESampler,COMPLETE
1122,0.05556049570441246,2025-04-25 21:46:29.534276,2025-04-25 21:47:53.911445,0 days 00:01:24.377169,0.02158302290097734,192,1,1,32,0.13965867488103978,224,4,1,112,0.052034247383595036,112,2,3,112,0.2910031571344747,496,272.0,392.0,3,2,0.00015446770069248308,0.6,/work3/arnaou/checkpoints/groupgat_Omega_trial_1122_best_state.pt,"{'learning_rate': 0.00015446770069248308, 'lr_reduce': 0.6}",TPESampler,COMPLETE
1123,0.05351312831044197,2025-04-25 21:46:55.649806,2025-04-25 21:48:43.937723,0 days 00:01:48.287917,0.03513105459225485,240,1,1,32,0.10872424441246599,176,4,2,128,0.16482688757015776,80,2,2,128,0.257926054311788,424,328.0,328.0,3,2,0.00039224689594901746,0.6,/work3/arnaou/checkpoints/groupgat_Omega_trial_1123_best_state.pt,"{'learning_rate': 0.00039224689594901746, 'lr_reduce': 0.6}",TPESampler,COMPLETE
1124,0.06700525432825089,2025-04-25 21:47:26.493418,2025-04-25 21:48:37.198416,0 days 00:01:10.704998,0.036281636912358306,176,2,1,48,0.08829648712654176,192,3,3,32,0.21146375580637847,64,3,4,48,0.125233928619626,368,224.0,336.0,3,2,0.0029331805735458892,0.6,/work3/arnaou/checkpoints/groupgat_Omega_trial_1124_best_state.pt,"{'learning_rate': 0.0029331805735458892, 'lr_reduce': 0.6}",TPESampler,COMPLETE
1125,0.054813604801893234,2025-04-25 21:47:54.217022,2025-04-25 21:49:30.887699,0 days 00:01:36.670677,0.0038875734624017715,240,2,1,64,0.13951207070768393,224,4,2,128,0.20229175254553533,96,2,3,96,0.22529419066209383,384,256.0,416.0,3,2,0.00011130833755999252,0.6,/work3/arnaou/checkpoints/groupgat_Omega_trial_1125_best_state.pt,"{'learning_rate': 0.00011130833755999252, 'lr_reduce': 0.6}",TPESampler,COMPLETE
1126,0.05024370923638344,2025-04-25 21:48:37.467346,2025-04-25 21:49:39.069323,0 days 00:01:01.601977,0.003168749779054361,192,1,2,48,0.1028588181854336,160,2,3,48,0.26515935092998205,32,4,4,32,0.14814962917061744,384,208.0,312.0,3,2,0.00048628814601564167,0.6,/work3/arnaou/checkpoints/groupgat_Omega_trial_1126_best_state.pt,"{'learning_rate': 0.00048628814601564167, 'lr_reduce': 0.6}",TPESampler,COMPLETE
1127,0.06187896057963371,2025-04-25 21:48:44.377347,2025-04-25 21:49:43.333799,0 days 00:00:58.956452,0.11110788521949508,176,1,2,48,0.08935096151954318,128,3,1,80,0.28328410277153526,48,2,1,112,0.24815821775322555,288,280.0,368.0,3,2,0.0010044857183083326,0.6,/work3/arnaou/checkpoints/groupgat_Omega_trial_1127_best_state.pt,"{'learning_rate': 0.0010044857183083326, 'lr_reduce': 0.6}",TPESampler,COMPLETE
1128,0.06320936232805252,2025-04-25 21:49:31.101941,2025-04-25 21:51:12.235576,0 days 00:01:41.133635,0.06306519081968885,240,1,1,48,0.020057961982449017,96,4,2,96,0.10514796495082468,64,3,4,96,0.12943005341580144,320,256.0,320.0,3,2,0.0001046644471712334,0.6,/work3/arnaou/checkpoints/groupgat_Omega_trial_1128_best_state.pt,"{'learning_rate': 0.0001046644471712334, 'lr_reduce': 0.6}",TPESampler,COMPLETE
1129,0.05987923592329025,2025-04-25 21:49:39.350354,2025-04-25 21:50:41.148937,0 days 00:01:01.798583,0.06238490896662512,256,1,1,32,0.18044423832393042,256,3,1,112,0.020911599981506934,64,2,2,80,0.22762361055304542,488,208.0,264.0,3,2,0.0005164868552579704,0.6,/work3/arnaou/checkpoints/groupgat_Omega_trial_1129_best_state.pt,"{'learning_rate': 0.0005164868552579704, 'lr_reduce': 0.6}",TPESampler,COMPLETE
1130,0.055810730904340744,2025-04-25 21:49:43.608813,2025-04-25 21:51:04.182701,0 days 00:01:20.573888,0.041261836999731225,208,1,1,64,0.15196813626662606,160,2,3,48,0.26368041507666906,32,3,3,32,0.1251758328532582,424,208.0,280.0,3,2,0.00021067154947462902,0.6,/work3/arnaou/checkpoints/groupgat_Omega_trial_1130_best_state.pt,"{'learning_rate': 0.00021067154947462902, 'lr_reduce': 0.6}",TPESampler,COMPLETE
1131,0.05742847919464111,2025-04-25 21:50:41.451448,2025-04-25 21:52:01.148657,0 days 00:01:19.697209,0.01166895504270023,240,3,4,32,0.043267838813793966,256,3,1,128,0.25530736573296847,96,1,1,96,0.1865392404880692,464,200.0,288.0,3,2,0.0002538264145744318,0.6,/work3/arnaou/checkpoints/groupgat_Omega_trial_1131_best_state.pt,"{'learning_rate': 0.0002538264145744318, 'lr_reduce': 0.6}",TPESampler,COMPLETE
1132,0.06355707347393036,2025-04-25 21:51:04.406650,2025-04-25 21:52:06.622610,0 days 00:01:02.215960,0.1357755805483702,240,1,1,32,0.2076897973843721,144,4,1,64,0.2144507901868044,80,2,1,96,0.2548779597603164,488,208.0,,2,2,0.0009585413793125674,0.6,/work3/arnaou/checkpoints/groupgat_Omega_trial_1132_best_state.pt,"{'learning_rate': 0.0009585413793125674, 'lr_reduce': 0.6}",TPESampler,COMPLETE
1133,0.06051165610551834,2025-04-25 21:51:12.772440,2025-04-25 21:52:38.684705,0 days 00:01:25.912265,0.12058930925024794,240,2,2,64,0.09987562280266915,176,3,4,48,0.24484004157073522,32,4,4,32,0.09471301144567665,400,208.0,184.0,3,2,0.0004868692125357392,0.6,/work3/arnaou/checkpoints/groupgat_Omega_trial_1133_best_state.pt,"{'learning_rate': 0.0004868692125357392, 'lr_reduce': 0.6}",TPESampler,COMPLETE
1134,0.05824217572808266,2025-04-25 21:52:01.621472,2025-04-25 21:53:12.985073,0 days 00:01:11.363601,0.014836113036105273,144,1,2,64,0.08554042890633053,144,2,4,32,0.2786245677243122,32,4,4,48,0.1329568662321431,360,224.0,288.0,3,2,0.00032307435349141536,0.6,/work3/arnaou/checkpoints/groupgat_Omega_trial_1134_best_state.pt,"{'learning_rate': 0.00032307435349141536, 'lr_reduce': 0.6}",TPESampler,COMPLETE
1135,0.05812947079539299,2025-04-25 21:52:06.878716,2025-04-25 21:53:10.424624,0 days 00:01:03.545908,0.02826476247407824,240,1,3,32,0.09373261454978711,112,1,3,48,0.28963855225267876,48,3,4,48,0.22528959550227362,464,248.0,312.0,3,2,0.0013430844605943966,0.6,/work3/arnaou/checkpoints/groupgat_Omega_trial_1135_best_state.pt,"{'learning_rate': 0.0013430844605943966, 'lr_reduce': 0.6}",TPESampler,COMPLETE
1136,0.053776707500219345,2025-04-25 21:52:38.924036,2025-04-25 21:53:51.127296,0 days 00:01:12.203260,0.029190421232472473,144,1,3,48,0.18673508441505632,160,2,3,80,0.23302936660970003,64,4,4,64,0.19870746377371565,336,192.0,240.0,3,2,0.0005643878095264739,0.6,/work3/arnaou/checkpoints/groupgat_Omega_trial_1136_best_state.pt,"{'learning_rate': 0.0005643878095264739, 'lr_reduce': 0.6}",TPESampler,COMPLETE
1137,0.05616384744644165,2025-04-25 21:53:10.665592,2025-04-25 21:54:30.534500,0 days 00:01:19.868908,0.009963094757402714,160,2,1,80,0.12602590305118566,224,3,3,64,0.2883830192823946,32,4,4,48,0.171578263427806,344,248.0,296.0,3,2,0.00030122594254982944,0.6,/work3/arnaou/checkpoints/groupgat_Omega_trial_1137_best_state.pt,"{'learning_rate': 0.00030122594254982944, 'lr_reduce': 0.6}",TPESampler,COMPLETE
1138,0.056085217744112015,2025-04-25 21:53:13.301010,2025-04-25 21:54:17.968520,0 days 00:01:04.667510,0.05316894981630987,224,1,1,112,0.18720635778013622,144,4,2,48,0.08909733339638372,48,4,3,128,0.21190826092305035,448,200.0,32.0,3,2,0.0012581075960685123,0.6,/work3/arnaou/checkpoints/groupgat_Omega_trial_1138_best_state.pt,"{'learning_rate': 0.0012581075960685123, 'lr_reduce': 0.6}",TPESampler,COMPLETE
1139,0.055063825100660324,2025-04-25 21:53:51.419805,2025-04-25 21:55:14.840549,0 days 00:01:23.420744,0.010570430851842966,256,2,2,48,0.19251002691029315,208,3,2,112,0.07233648040318154,80,3,2,80,0.2883769045453339,504,312.0,320.0,3,2,0.00011293003900062135,0.6,/work3/arnaou/checkpoints/groupgat_Omega_trial_1139_best_state.pt,"{'learning_rate': 0.00011293003900062135, 'lr_reduce': 0.6}",TPESampler,COMPLETE
1140,0.05958552658557892,2025-04-25 21:54:18.253763,2025-04-25 21:55:40.480736,0 days 00:01:22.226973,0.06959427265226467,240,1,1,32,0.11973436232219721,224,4,1,112,0.10301071916138468,64,2,2,112,0.2656275303733202,328,256.0,248.0,3,2,0.00017549898920460783,0.6,/work3/arnaou/checkpoints/groupgat_Omega_trial_1140_best_state.pt,"{'learning_rate': 0.00017549898920460783, 'lr_reduce': 0.6}",TPESampler,COMPLETE
1141,0.05556630343198776,2025-04-25 21:54:30.839190,2025-04-25 21:55:40.594979,0 days 00:01:09.755789,0.05859200290442452,256,1,1,80,0.23204137646399736,224,3,1,128,0.1846497176026404,64,4,2,64,0.2138376304259997,496,192.0,,2,2,0.0009223832870596165,0.6,/work3/arnaou/checkpoints/groupgat_Omega_trial_1141_best_state.pt,"{'learning_rate': 0.0009223832870596165, 'lr_reduce': 0.6}",TPESampler,COMPLETE
1142,0.06399542838335037,2025-04-25 21:55:15.126320,2025-04-25 21:56:19.630495,0 days 00:01:04.504175,0.05902781184020624,144,1,2,32,0.08951314245359489,112,2,2,48,0.2697564530061697,64,4,4,32,0.2998834875439019,336,272.0,320.0,3,2,0.0010047229934574899,0.6,/work3/arnaou/checkpoints/groupgat_Omega_trial_1142_best_state.pt,"{'learning_rate': 0.0010047229934574899, 'lr_reduce': 0.6}",TPESampler,COMPLETE
1143,0.054146215319633484,2025-04-25 21:55:40.651992,2025-04-25 21:56:57.835364,0 days 00:01:17.183372,0.033367795455493836,256,1,2,64,0.16258183563154033,256,4,1,112,0.27937877248207293,80,3,4,96,0.23114711600020899,512,232.0,,2,2,0.00031523961463634435,0.6,/work3/arnaou/checkpoints/groupgat_Omega_trial_1143_best_state.pt,"{'learning_rate': 0.00031523961463634435, 'lr_reduce': 0.6}",TPESampler,COMPLETE
1144,0.06956081837415695,2025-04-25 21:55:40.749557,2025-04-25 21:57:05.660660,0 days 00:01:24.911103,0.06177337350680201,208,1,1,32,0.1994090714294274,192,3,1,128,0.0390721110182195,96,2,1,128,0.24062957721780037,456,328.0,,2,2,0.00014380553163820947,0.6,/work3/arnaou/checkpoints/groupgat_Omega_trial_1144_best_state.pt,"{'learning_rate': 0.00014380553163820947, 'lr_reduce': 0.6}",TPESampler,COMPLETE
1145,0.05489432439208031,2025-04-25 21:56:19.841708,2025-04-25 21:57:39.017516,0 days 00:01:19.175808,0.07042891569211567,256,1,1,64,0.022257641427463257,112,4,2,48,0.13650607435455112,32,3,4,112,0.16248698202517606,384,184.0,312.0,3,2,0.0007867612945814206,0.6,/work3/arnaou/checkpoints/groupgat_Omega_trial_1145_best_state.pt,"{'learning_rate': 0.0007867612945814206, 'lr_reduce': 0.6}",TPESampler,COMPLETE
1146,0.051456328481435776,2025-04-25 21:56:58.066701,2025-04-25 21:58:14.863372,0 days 00:01:16.796671,0.0037152548544703325,208,1,1,80,0.11212845719971791,176,4,3,64,0.20115990014300825,32,4,3,64,0.09886793041721764,448,280.0,264.0,3,2,0.0005162196075216777,0.6,/work3/arnaou/checkpoints/groupgat_Omega_trial_1146_best_state.pt,"{'learning_rate': 0.0005162196075216777, 'lr_reduce': 0.6}",TPESampler,COMPLETE
1147,0.1185479462146759,2025-04-25 21:57:05.954333,2025-04-25 21:58:54.263815,0 days 00:01:48.309482,0.07178436219773805,208,1,1,32,0.22296810482983653,256,4,2,112,0.12422119627449095,80,2,1,96,0.2705597979444572,488,232.0,344.0,3,2,0.0001814244847203244,0.6,/work3/arnaou/checkpoints/groupgat_Omega_trial_1147_best_state.pt,"{'learning_rate': 0.0001814244847203244, 'lr_reduce': 0.6}",TPESampler,COMPLETE
1148,0.060770418494939804,2025-04-25 21:57:39.332365,2025-04-25 21:59:07.415376,0 days 00:01:28.083011,0.1408136504199094,256,1,2,112,0.18634480622928357,144,4,1,96,0.1690399135529464,80,4,3,112,0.2549675663350325,424,176.0,,2,2,0.00035196501782058695,0.6,/work3/arnaou/checkpoints/groupgat_Omega_trial_1148_best_state.pt,"{'learning_rate': 0.00035196501782058695, 'lr_reduce': 0.6}",TPESampler,COMPLETE
1149,0.05916314199566841,2025-04-25 21:58:15.135894,2025-04-25 21:59:15.635357,0 days 00:01:00.499463,0.009126085315238192,224,1,2,80,0.06881682004438233,128,3,3,48,0.2184926960296542,32,4,4,32,0.11840101092264957,400,288.0,304.0,3,2,0.0012263375614076305,0.6,/work3/arnaou/checkpoints/groupgat_Omega_trial_1149_best_state.pt,"{'learning_rate': 0.0012263375614076305, 'lr_reduce': 0.6}",TPESampler,COMPLETE
1150,0.05328117683529854,2025-04-25 21:58:54.477023,2025-04-25 21:59:50.877116,0 days 00:00:56.400093,0.040336740200470164,240,1,1,32,0.09817253041165909,256,2,1,128,0.2584098867065934,48,1,1,32,0.24937219756577714,368,224.0,344.0,3,2,0.0011754538200746513,0.6,/work3/arnaou/checkpoints/groupgat_Omega_trial_1150_best_state.pt,"{'learning_rate': 0.0011754538200746513, 'lr_reduce': 0.6}",TPESampler,COMPLETE
1151,0.05838674306869507,2025-04-25 21:59:07.671917,2025-04-25 22:00:47.106171,0 days 00:01:39.434254,0.07619056876527056,192,1,1,96,0.0969211222601959,144,4,1,96,0.26762860499791963,96,4,3,48,0.2832524174582503,352,248.0,,2,2,0.0004090125942304888,0.6,/work3/arnaou/checkpoints/groupgat_Omega_trial_1151_best_state.pt,"{'learning_rate': 0.0004090125942304888, 'lr_reduce': 0.6}",TPESampler,COMPLETE
1152,0.056200239807367325,2025-04-25 21:59:15.958437,2025-04-25 22:00:15.244815,0 days 00:00:59.286378,0.001338357944743459,256,1,2,32,0.14240147726108926,224,3,1,112,0.19138883193718106,80,3,1,112,0.2720943854087515,496,176.0,264.0,3,1,0.0002655820299545408,0.6,/work3/arnaou/checkpoints/groupgat_Omega_trial_1152_best_state.pt,"{'learning_rate': 0.0002655820299545408, 'lr_reduce': 0.6}",TPESampler,COMPLETE
1153,0.05379612743854523,2025-04-25 21:59:51.139386,2025-04-25 22:01:04.610360,0 days 00:01:13.470974,0.04864208848638988,176,1,1,32,0.036972718151131165,144,2,3,80,0.2624843553026293,48,4,2,48,0.14159449910547517,376,320.0,360.0,3,2,0.0007832524304431671,0.6,/work3/arnaou/checkpoints/groupgat_Omega_trial_1153_best_state.pt,"{'learning_rate': 0.0007832524304431671, 'lr_reduce': 0.6}",TPESampler,COMPLETE
1154,0.051996663212776184,2025-04-25 22:00:15.640029,2025-04-25 22:01:17.935394,0 days 00:01:02.295365,0.1713000758751106,208,1,2,112,0.12006820028990997,144,4,1,128,0.2859395395969778,112,4,2,32,0.23556492355144049,448,248.0,64.0,3,2,0.0007649477102759978,0.6,/work3/arnaou/checkpoints/groupgat_Omega_trial_1154_best_state.pt,"{'learning_rate': 0.0007649477102759978, 'lr_reduce': 0.6}",TPESampler,COMPLETE
1155,0.06723102182149887,2025-04-25 22:00:47.535306,2025-04-25 22:01:44.291417,0 days 00:00:56.756111,0.009745734894545634,208,2,2,64,0.17331003974000764,176,4,3,96,0.2191392292155884,64,4,4,64,0.28693881412564776,456,160.0,312.0,3,1,0.0012732220961943954,0.6,/work3/arnaou/checkpoints/groupgat_Omega_trial_1155_best_state.pt,"{'learning_rate': 0.0012732220961943954, 'lr_reduce': 0.6}",TPESampler,COMPLETE
1156,0.05550217628479004,2025-04-25 22:01:04.864156,2025-04-25 22:01:55.086473,0 days 00:00:50.222317,0.004606350962067744,144,1,2,64,0.08977597175756069,176,2,2,48,0.2385832469043619,32,4,3,32,0.16253333890228752,344,216.0,184.0,3,2,0.001958020243135482,0.6,/work3/arnaou/checkpoints/groupgat_Omega_trial_1156_best_state.pt,"{'learning_rate': 0.001958020243135482, 'lr_reduce': 0.6}",TPESampler,COMPLETE
