number,value,datetime_start,datetime_complete,duration,params_L1_dropout,params_L1_hidden_dim,params_L1_layers_atom,params_L1_layers_mol,params_L1_out_dim,params_L2_dropout,params_L2_hidden_dim,params_L2_layers_atom,params_L2_layers_mol,params_L2_out_dim,params_L3_dropout,params_L3_hidden_dim,params_L3_layers_atom,params_L3_layers_mol,params_L3_out_dim,params_final_dropout,params_mlp_dim_0,params_mlp_dim_1,params_mlp_dim_2,params_n_mlp_layers,params_num_heads,params_train_learning_rate,params_train_lr_reduce,user_attrs_best_state_dict_path,user_attrs_training_params,system_attrs_auto:sampler,state
157,0.06185847520828247,2025-04-25 14:55:43.072724,2025-04-25 14:57:03.180610,0 days 00:01:20.107886,0.018862084357191056,224,1,2,48,0.09689903913814102,96,4,4,80,0.06838513795476081,80,4,1,64,0.03669224055532759,328,,,1,2,0.00023507907174770906,0.6,/work3/arnaou/checkpoints/groupgat_Omega_trial_157_best_state.pt,"{'learning_rate': 0.00023507907174770906, 'lr_reduce': 0.6}",TPESampler,COMPLETE
158,0.06216926872730255,2025-04-25 14:56:33.690687,2025-04-25 14:57:25.433110,0 days 00:00:51.742423,0.09932119167122794,224,1,1,48,0.20781882395716123,208,3,1,128,0.2714121517416176,48,4,2,128,0.28168545783021304,464,432.0,112.0,3,2,0.0013026577695060791,0.6,/work3/arnaou/checkpoints/groupgat_Omega_trial_158_best_state.pt,"{'learning_rate': 0.0013026577695060791, 'lr_reduce': 0.6}",TPESampler,COMPLETE
159,0.056682150810956955,2025-04-25 14:56:39.316874,2025-04-25 14:57:28.441384,0 days 00:00:49.124510,0.09132263113281221,224,1,1,32,0.06466804316725258,192,4,1,64,0.2897372625347476,32,3,2,128,0.29254222304291083,344,440.0,104.0,3,2,0.0015728156190006068,0.6,/work3/arnaou/checkpoints/groupgat_Omega_trial_159_best_state.pt,"{'learning_rate': 0.0015728156190006068, 'lr_reduce': 0.6}",TPESampler,COMPLETE
160,0.05607666075229645,2025-04-25 14:57:03.311025,2025-04-25 14:58:08.808128,0 days 00:01:05.497103,0.024599395797257857,256,1,2,32,0.10655826769363622,64,4,2,96,0.22690003668114916,64,3,1,80,0.0781780245031151,344,408.0,,2,2,0.0007103327234879319,0.6,/work3/arnaou/checkpoints/groupgat_Omega_trial_160_best_state.pt,"{'learning_rate': 0.0007103327234879319, 'lr_reduce': 0.6}",TPESampler,COMPLETE
161,0.06843344122171402,2025-04-25 14:57:25.561739,2025-04-25 14:59:24.918258,0 days 00:01:59.356519,0.02691941681860588,176,1,1,32,0.17274077630385112,176,2,2,112,0.2570938475731823,32,2,3,128,0.27025547508107656,472,392.0,,2,2,0.00015045282601855635,0.6,/work3/arnaou/checkpoints/groupgat_Omega_trial_161_best_state.pt,"{'learning_rate': 0.00015045282601855635, 'lr_reduce': 0.6}",TPESampler,COMPLETE
162,0.05362860485911369,2025-04-25 14:57:28.734795,2025-04-25 14:58:31.830145,0 days 00:01:03.095350,0.06344212833318484,208,1,1,32,0.0915723095829136,160,3,2,112,0.2267107426096348,32,3,2,112,0.15612530154508247,232,288.0,104.0,3,2,0.0010207423134996996,0.6,/work3/arnaou/checkpoints/groupgat_Omega_trial_162_best_state.pt,"{'learning_rate': 0.0010207423134996996, 'lr_reduce': 0.6}",TPESampler,COMPLETE
163,0.06991051882505417,2025-04-25 14:58:08.978991,2025-04-25 14:59:25.576318,0 days 00:01:16.597327,0.033908486401150795,128,3,2,32,0.010306580619306865,128,4,1,112,0.26976735011336317,32,3,4,128,0.19180378342991528,504,376.0,,2,2,0.0011599191454760576,0.6,/work3/arnaou/checkpoints/groupgat_Omega_trial_163_best_state.pt,"{'learning_rate': 0.0011599191454760576, 'lr_reduce': 0.6}",TPESampler,COMPLETE
164,0.053431764245033264,2025-04-25 14:58:32.026647,2025-04-25 14:59:32.809581,0 days 00:01:00.782934,0.08224856576735853,128,4,2,32,0.22360411844176303,192,1,1,112,0.25855633468484707,32,1,2,128,0.2910134099048253,208,280.0,,2,2,0.0008930875731900079,0.6,/work3/arnaou/checkpoints/groupgat_Omega_trial_164_best_state.pt,"{'learning_rate': 0.0008930875731900079, 'lr_reduce': 0.6}",TPESampler,COMPLETE
165,0.05786164477467537,2025-04-25 14:59:25.090241,2025-04-25 15:00:44.893290,0 days 00:01:19.803049,0.044010994451820856,176,2,1,48,0.1337237625528644,224,2,1,128,0.2617287483807862,32,2,4,128,0.28598625021459373,464,296.0,,2,2,0.00021677402551996034,0.6,/work3/arnaou/checkpoints/groupgat_Omega_trial_165_best_state.pt,"{'learning_rate': 0.00021677402551996034, 'lr_reduce': 0.6}",TPESampler,COMPLETE
166,0.06454622745513916,2025-04-25 14:59:25.786197,2025-04-25 15:00:52.189466,0 days 00:01:26.403269,0.009201349673819841,144,2,1,48,0.12342523699981893,160,3,1,128,0.26938973433557656,48,2,4,128,0.2678138276852309,392,,,1,2,0.00019537353256998007,0.6,/work3/arnaou/checkpoints/groupgat_Omega_trial_166_best_state.pt,"{'learning_rate': 0.00019537353256998007, 'lr_reduce': 0.6}",TPESampler,COMPLETE
167,0.06294989585876465,2025-04-25 14:59:32.981754,2025-04-25 15:01:15.348683,0 days 00:01:42.366929,0.09579359289804809,208,1,1,32,0.14672434768225112,144,4,3,112,0.24658698727081418,32,3,1,112,0.07760001100470879,184,272.0,112.0,3,2,0.00029742192121798506,0.6,/work3/arnaou/checkpoints/groupgat_Omega_trial_167_best_state.pt,"{'learning_rate': 0.00029742192121798506, 'lr_reduce': 0.6}",TPESampler,COMPLETE
168,0.08369249850511551,2025-04-25 15:00:45.059059,2025-04-25 15:01:24.369858,0 days 00:00:39.310799,0.09238041814167847,160,4,1,64,0.24077468935896607,208,1,2,112,0.232915227537398,48,1,3,112,0.25855677561881546,160,,,1,1,0.004469816144134638,0.6,/work3/arnaou/checkpoints/groupgat_Omega_trial_168_best_state.pt,"{'learning_rate': 0.004469816144134638, 'lr_reduce': 0.6}",TPESampler,COMPLETE
169,0.059192195534706116,2025-04-25 15:00:52.340505,2025-04-25 15:02:04.586843,0 days 00:01:12.246338,0.017838974560558163,208,1,1,64,0.0640870947077624,128,2,3,128,0.25321709923580926,32,3,3,96,0.11449203363268029,200,272.0,112.0,3,2,0.0005040192675068909,0.6,/work3/arnaou/checkpoints/groupgat_Omega_trial_169_best_state.pt,"{'learning_rate': 0.0005040192675068909, 'lr_reduce': 0.6}",TPESampler,COMPLETE
170,0.06139761954545975,2025-04-25 15:01:15.537955,2025-04-25 15:02:17.655500,0 days 00:01:02.117545,0.10791700838304086,96,4,2,64,0.15937549763305803,192,2,1,112,0.26038536709973253,32,1,1,128,0.2717241998428172,280,272.0,,2,2,0.0012543167136870564,0.6,/work3/arnaou/checkpoints/groupgat_Omega_trial_170_best_state.pt,"{'learning_rate': 0.0012543167136870564, 'lr_reduce': 0.6}",TPESampler,COMPLETE
171,0.06955831497907639,2025-04-25 15:01:24.561680,2025-04-25 15:02:34.091337,0 days 00:01:09.529657,0.04211724297696924,192,3,1,32,0.21701283350423084,112,1,1,128,0.26529752149821695,64,1,2,128,0.20071788040625466,64,232.0,,2,2,0.0012315256390785492,0.6,/work3/arnaou/checkpoints/groupgat_Omega_trial_171_best_state.pt,"{'learning_rate': 0.0012315256390785492, 'lr_reduce': 0.6}",TPESampler,COMPLETE
172,0.05324019119143486,2025-04-25 15:02:04.735762,2025-04-25 15:03:14.653756,0 days 00:01:09.917994,0.02571696909287672,208,2,1,32,0.08823211003464677,192,4,2,96,0.29683388782112186,32,2,2,128,0.29732896229636185,488,288.0,104.0,3,2,0.000767610218537309,0.6,/work3/arnaou/checkpoints/groupgat_Omega_trial_172_best_state.pt,"{'learning_rate': 0.000767610218537309, 'lr_reduce': 0.6}",TPESampler,COMPLETE
173,0.057729098945856094,2025-04-25 15:02:17.834010,2025-04-25 15:03:17.217577,0 days 00:00:59.383567,0.07048941084954767,112,3,2,48,0.16674795989796065,192,1,1,96,0.29011644749780496,64,2,3,128,0.23587758413382034,216,,,1,2,0.0014553640831051213,0.6,/work3/arnaou/checkpoints/groupgat_Omega_trial_173_best_state.pt,"{'learning_rate': 0.0014553640831051213, 'lr_reduce': 0.6}",TPESampler,COMPLETE
174,0.0643259659409523,2025-04-25 15:02:34.273347,2025-04-25 15:03:59.941218,0 days 00:01:25.667871,0.11576744750904022,208,1,1,64,0.05389621216552244,176,3,2,128,0.22655384880556026,48,3,1,112,0.1722998904746072,192,328.0,104.0,3,2,0.0008778051856974898,0.6,/work3/arnaou/checkpoints/groupgat_Omega_trial_174_best_state.pt,"{'learning_rate': 0.0008778051856974898, 'lr_reduce': 0.6}",TPESampler,COMPLETE
175,0.059563253074884415,2025-04-25 15:03:14.834430,2025-04-25 15:04:59.045289,0 days 00:01:44.210859,0.08589116194336126,160,1,1,32,0.030881617491509437,256,2,1,112,0.27671549333598616,48,3,3,112,0.29263431954049124,480,280.0,,2,2,0.001462571036877826,0.6,/work3/arnaou/checkpoints/groupgat_Omega_trial_175_best_state.pt,"{'learning_rate': 0.001462571036877826, 'lr_reduce': 0.6}",TPESampler,COMPLETE
176,0.05481365695595741,2025-04-25 15:03:17.368747,2025-04-25 15:04:37.042600,0 days 00:01:19.673853,0.1008699672335581,176,2,2,48,0.11668183915573821,224,4,1,96,0.2558205617689787,32,2,2,128,0.21020290265017952,424,288.0,88.0,3,2,0.00032306397877797697,0.6,/work3/arnaou/checkpoints/groupgat_Omega_trial_176_best_state.pt,"{'learning_rate': 0.00032306397877797697, 'lr_reduce': 0.6}",TPESampler,COMPLETE
177,0.05526960641145706,2025-04-25 15:04:00.086237,2025-04-25 15:05:20.133178,0 days 00:01:20.046941,0.009238289987471494,128,3,2,48,0.08393404456966505,80,3,1,128,0.06450829066599653,48,1,3,128,0.23431038043662972,456,216.0,120.0,3,2,0.00012115339396673208,0.6,/work3/arnaou/checkpoints/groupgat_Omega_trial_177_best_state.pt,"{'learning_rate': 0.00012115339396673208, 'lr_reduce': 0.6}",TPESampler,COMPLETE
178,0.06514390558004379,2025-04-25 15:04:37.254832,2025-04-25 15:05:21.483627,0 days 00:00:44.228795,0.13326243968336626,128,4,2,48,0.24579743199238346,160,1,1,96,0.25527075616266265,32,1,2,112,0.2567385510986284,72,288.0,,2,2,0.0013567491953284528,0.6,/work3/arnaou/checkpoints/groupgat_Omega_trial_178_best_state.pt,"{'learning_rate': 0.0013567491953284528, 'lr_reduce': 0.6}",TPESampler,COMPLETE
179,0.06920848041772842,2025-04-25 15:04:59.261940,2025-04-25 15:06:14.847544,0 days 00:01:15.585604,0.03783118766625995,96,1,1,48,0.11537378650103347,192,3,1,112,0.2701540565884915,32,4,4,128,0.24280649974690982,496,176.0,,2,2,0.0037410461166342414,0.6,/work3/arnaou/checkpoints/groupgat_Omega_trial_179_best_state.pt,"{'learning_rate': 0.0037410461166342414, 'lr_reduce': 0.6}",TPESampler,COMPLETE
180,0.06133675575256348,2025-04-25 15:05:20.279626,2025-04-25 15:06:36.180122,0 days 00:01:15.900496,0.06668686549497274,192,1,2,32,0.15010719558591762,112,4,1,96,0.1518170334326232,64,3,2,128,0.20438929254932778,320,272.0,96.0,3,2,0.0007048763213373449,0.6,/work3/arnaou/checkpoints/groupgat_Omega_trial_180_best_state.pt,"{'learning_rate': 0.0007048763213373449, 'lr_reduce': 0.6}",TPESampler,COMPLETE
181,0.0717737153172493,2025-04-25 15:05:21.653440,2025-04-25 15:06:15.589194,0 days 00:00:53.935754,0.06112450050089053,192,2,1,32,0.09128351155415654,112,4,1,80,0.26510397802427366,80,1,3,112,0.27446087876147457,488,304.0,32.0,3,2,0.0019913309828951476,0.6,/work3/arnaou/checkpoints/groupgat_Omega_trial_181_best_state.pt,"{'learning_rate': 0.0019913309828951476, 'lr_reduce': 0.6}",TPESampler,COMPLETE
182,0.08082493394613266,2025-04-25 15:06:15.061719,2025-04-25 15:06:59.500668,0 days 00:00:44.438949,0.007104668451243218,160,2,1,32,0.06108530990076988,240,4,2,80,0.22976803196901951,32,1,1,128,0.26677680626592887,480,344.0,120.0,3,2,0.006676979614190026,0.6,/work3/arnaou/checkpoints/groupgat_Omega_trial_182_best_state.pt,"{'learning_rate': 0.006676979614190026, 'lr_reduce': 0.6}",TPESampler,COMPLETE
183,0.061109233647584915,2025-04-25 15:06:15.739068,2025-04-25 15:07:14.818227,0 days 00:00:59.079159,0.012182574121139874,256,2,1,32,0.00046875397254050877,64,4,1,48,0.10521172988119946,64,3,1,96,0.18504981350485272,464,328.0,80.0,3,2,0.008391087876288967,0.6,/work3/arnaou/checkpoints/groupgat_Omega_trial_183_best_state.pt,"{'learning_rate': 0.008391087876288967, 'lr_reduce': 0.6}",TPESampler,COMPLETE
184,0.07052583247423172,2025-04-25 15:06:36.412454,2025-04-25 15:07:48.260284,0 days 00:01:11.847830,0.036366650544547956,208,2,2,48,0.004141094902909176,240,1,1,112,0.08925595625558475,32,2,3,80,0.15060817149441008,488,232.0,376.0,3,2,0.0010390495361148225,0.6,/work3/arnaou/checkpoints/groupgat_Omega_trial_184_best_state.pt,"{'learning_rate': 0.0010390495361148225, 'lr_reduce': 0.6}",TPESampler,COMPLETE
185,0.13489468395709991,2025-04-25 15:06:59.676832,2025-04-25 15:08:42.299385,0 days 00:01:42.622553,0.05311742952194863,144,3,3,32,0.17651666753927006,176,2,3,112,0.18699098238313303,32,2,3,128,0.2546146694528172,312,136.0,264.0,3,1,0.0001974035745776597,0.6,/work3/arnaou/checkpoints/groupgat_Omega_trial_185_best_state.pt,"{'learning_rate': 0.0001974035745776597, 'lr_reduce': 0.6}",TPESampler,COMPLETE
186,0.052678074687719345,2025-04-25 15:07:14.997013,2025-04-25 15:08:46.964659,0 days 00:01:31.967646,0.08647947617867754,208,2,2,32,0.10854173414495544,176,4,3,80,0.27740141396918794,32,3,2,96,0.27587568809795515,472,328.0,88.0,3,2,0.00046645161980982537,0.6,/work3/arnaou/checkpoints/groupgat_Omega_trial_186_best_state.pt,"{'learning_rate': 0.00046645161980982537, 'lr_reduce': 0.6}",TPESampler,COMPLETE
187,0.06808885931968689,2025-04-25 15:07:48.441185,2025-04-25 15:08:47.873730,0 days 00:00:59.432545,0.09670549639578839,240,1,2,64,0.05802241756941688,80,4,1,48,0.05386258760225189,96,4,1,80,0.038218796867652956,424,,,1,2,0.0006768049214140085,0.6,/work3/arnaou/checkpoints/groupgat_Omega_trial_187_best_state.pt,"{'learning_rate': 0.0006768049214140085, 'lr_reduce': 0.6}",TPESampler,COMPLETE
188,0.06778267025947571,2025-04-25 15:08:42.442114,2025-04-25 15:10:16.367292,0 days 00:01:33.925178,0.07450054106500376,128,4,3,32,0.2190328152764698,240,2,1,128,0.24757484371482308,48,1,3,96,0.29244644673579107,288,240.0,400.0,3,2,0.0003218219568582853,0.6,/work3/arnaou/checkpoints/groupgat_Omega_trial_188_best_state.pt,"{'learning_rate': 0.0003218219568582853, 'lr_reduce': 0.6}",TPESampler,COMPLETE
189,0.058451276272535324,2025-04-25 15:08:47.169505,2025-04-25 15:10:09.366208,0 days 00:01:22.196703,0.033475295018122596,208,2,3,48,0.13118578514933374,256,3,3,64,0.24608491444368508,48,3,1,80,0.28314664101307085,488,304.0,112.0,3,2,0.000534386802165554,0.6,/work3/arnaou/checkpoints/groupgat_Omega_trial_189_best_state.pt,"{'learning_rate': 0.000534386802165554, 'lr_reduce': 0.6}",TPESampler,COMPLETE
190,0.08121944963932037,2025-04-25 15:08:48.143546,2025-04-25 15:10:39.022272,0 days 00:01:50.878726,0.11580452013226553,144,3,2,32,0.14128903507349,240,4,4,128,0.2694045618856088,32,3,1,80,0.19955911489422357,408,312.0,80.0,3,2,0.00019903055563368126,0.6,/work3/arnaou/checkpoints/groupgat_Omega_trial_190_best_state.pt,"{'learning_rate': 0.00019903055563368126, 'lr_reduce': 0.6}",TPESampler,COMPLETE
191,0.0644744485616684,2025-04-25 15:10:09.504594,2025-04-25 15:11:39.083479,0 days 00:01:29.578885,0.0987008859956314,256,2,2,48,0.03457212310354536,160,3,4,80,0.2903254716297393,48,3,1,80,0.18523053869650197,424,184.0,32.0,3,2,0.0002151848053065582,0.6,/work3/arnaou/checkpoints/groupgat_Omega_trial_191_best_state.pt,"{'learning_rate': 0.0002151848053065582, 'lr_reduce': 0.6}",TPESampler,COMPLETE
192,0.07312069088220596,2025-04-25 15:10:16.501935,2025-04-25 15:11:22.330670,0 days 00:01:05.828735,0.08942606343338012,64,3,3,64,0.06550669740194423,64,1,2,96,0.23795707300771377,32,1,4,96,0.2458916464227535,224,264.0,160.0,3,2,0.0022283253496592635,0.6,/work3/arnaou/checkpoints/groupgat_Omega_trial_192_best_state.pt,"{'learning_rate': 0.0022283253496592635, 'lr_reduce': 0.6}",TPESampler,COMPLETE
193,0.05853548273444176,2025-04-25 15:10:39.199849,2025-04-25 15:12:12.728453,0 days 00:01:33.528604,0.0898980952205696,224,2,1,48,0.12326619325426205,176,3,3,80,0.2788374292249885,32,3,1,112,0.28276560187749483,472,352.0,,2,2,0.0003883887084000285,0.6,/work3/arnaou/checkpoints/groupgat_Omega_trial_193_best_state.pt,"{'learning_rate': 0.0003883887084000285, 'lr_reduce': 0.6}",TPESampler,COMPLETE
194,0.057111967355012894,2025-04-25 15:11:22.548851,2025-04-25 15:12:26.927466,0 days 00:01:04.378615,0.022189677782926825,160,1,1,32,0.0528359655824296,64,2,4,64,0.1974530586110298,80,2,3,112,0.24969043727504633,112,,,1,2,0.0008652604327674426,0.6,/work3/arnaou/checkpoints/groupgat_Omega_trial_194_best_state.pt,"{'learning_rate': 0.0008652604327674426, 'lr_reduce': 0.6}",TPESampler,COMPLETE
195,0.07315535843372345,2025-04-25 15:11:39.313702,2025-04-25 15:13:17.724629,0 days 00:01:38.410927,0.011119802157429665,176,2,2,48,0.13084845080343188,128,4,3,64,0.26970981806221045,48,2,1,80,0.23676204851884064,424,352.0,88.0,3,2,0.000281860799521462,0.6,/work3/arnaou/checkpoints/groupgat_Omega_trial_195_best_state.pt,"{'learning_rate': 0.000281860799521462, 'lr_reduce': 0.6}",TPESampler,COMPLETE
196,0.058038998395204544,2025-04-25 15:12:12.907735,2025-04-25 15:13:21.912009,0 days 00:01:09.004274,0.03926712611129394,160,1,1,32,0.11341129996312203,144,4,3,112,0.2584617946999867,32,2,2,128,0.2838066904193133,392,368.0,304.0,3,1,0.0008543158734782178,0.6,/work3/arnaou/checkpoints/groupgat_Omega_trial_196_best_state.pt,"{'learning_rate': 0.0008543158734782178, 'lr_reduce': 0.6}",TPESampler,COMPLETE
197,0.060574281960725784,2025-04-25 15:12:27.129094,2025-04-25 15:13:40.275733,0 days 00:01:13.146639,0.04663390427519343,224,1,2,48,0.09273236798857014,64,4,2,80,0.14686669381644307,96,4,2,80,0.16561102025128874,512,,,1,2,0.0003758544170246052,0.6,/work3/arnaou/checkpoints/groupgat_Omega_trial_197_best_state.pt,"{'learning_rate': 0.0003758544170246052, 'lr_reduce': 0.6}",TPESampler,COMPLETE
198,0.05527786165475845,2025-04-25 15:13:17.909984,2025-04-25 15:14:29.469861,0 days 00:01:11.559877,0.02363097595314728,176,3,3,48,0.0639079452583653,224,1,1,112,0.17469364794589473,48,1,3,128,0.25503383752953707,472,328.0,80.0,3,2,0.00037150855800380673,0.6,/work3/arnaou/checkpoints/groupgat_Omega_trial_198_best_state.pt,"{'learning_rate': 0.00037150855800380673, 'lr_reduce': 0.6}",TPESampler,COMPLETE
199,0.05597485601902008,2025-04-25 15:13:22.060166,2025-04-25 15:14:29.542912,0 days 00:01:07.482746,0.14632271632230742,208,1,1,32,0.16641387498219917,160,2,2,112,0.23614361758570854,32,2,2,96,0.12789287418401854,288,248.0,448.0,3,2,0.0008517566461448654,0.6,/work3/arnaou/checkpoints/groupgat_Omega_trial_199_best_state.pt,"{'learning_rate': 0.0008517566461448654, 'lr_reduce': 0.6}",TPESampler,COMPLETE
200,0.059840645641088486,2025-04-25 15:13:40.421841,2025-04-25 15:14:51.318843,0 days 00:01:10.897002,0.07289755373957604,256,2,1,48,0.04803305244453576,160,4,3,96,0.2866149424701755,32,2,2,112,0.2568014805500979,512,416.0,160.0,3,2,0.0005945155630886576,0.6,/work3/arnaou/checkpoints/groupgat_Omega_trial_200_best_state.pt,"{'learning_rate': 0.0005945155630886576, 'lr_reduce': 0.6}",TPESampler,COMPLETE
201,0.08182041347026825,2025-04-25 15:14:29.613117,2025-04-25 15:15:54.518024,0 days 00:01:24.904907,0.06988643411471573,240,2,3,32,0.09295303694400982,144,3,3,80,0.26219894464042987,32,4,3,64,0.2603411631325028,480,312.0,,2,2,0.0014875476329637494,0.6,/work3/arnaou/checkpoints/groupgat_Omega_trial_201_best_state.pt,"{'learning_rate': 0.0014875476329637494, 'lr_reduce': 0.6}",TPESampler,COMPLETE
202,0.054418276995420456,2025-04-25 15:14:29.647855,2025-04-25 15:15:50.391200,0 days 00:01:20.743345,0.0370927165391973,224,1,2,48,0.06450831964431188,96,3,2,96,0.11241087956083436,96,4,2,80,0.004310080756009534,480,,,1,2,0.0001881320573724167,0.6,/work3/arnaou/checkpoints/groupgat_Omega_trial_202_best_state.pt,"{'learning_rate': 0.0001881320573724167, 'lr_reduce': 0.6}",TPESampler,COMPLETE
203,0.07143422216176987,2025-04-25 15:14:51.499702,2025-04-25 15:16:01.181004,0 days 00:01:09.681302,0.14242883200342998,224,1,1,48,0.10672465023257953,112,4,3,64,0.14527311208027965,48,4,2,128,0.14736177279398727,496,,,1,2,0.0023300475351261023,0.6,/work3/arnaou/checkpoints/groupgat_Omega_trial_203_best_state.pt,"{'learning_rate': 0.0023300475351261023, 'lr_reduce': 0.6}",TPESampler,COMPLETE
204,0.05991772934794426,2025-04-25 15:15:50.527849,2025-04-25 15:17:22.239265,0 days 00:01:31.711416,0.008140054455748572,240,1,1,48,0.1831591053134901,112,4,2,48,0.10058606058678679,80,4,1,80,0.08911303831777986,424,400.0,,2,2,0.002427165909943294,0.6,/work3/arnaou/checkpoints/groupgat_Omega_trial_204_best_state.pt,"{'learning_rate': 0.002427165909943294, 'lr_reduce': 0.6}",TPESampler,COMPLETE
205,0.0830446258187294,2025-04-25 15:15:54.719029,2025-04-25 15:16:53.587491,0 days 00:00:58.868462,0.11255436175148839,144,4,1,48,0.22113677346008145,208,1,3,96,0.24507412041631263,32,1,2,128,0.2484134732434144,336,376.0,,2,2,0.0004626767294395101,0.6,/work3/arnaou/checkpoints/groupgat_Omega_trial_205_best_state.pt,"{'learning_rate': 0.0004626767294395101, 'lr_reduce': 0.6}",TPESampler,COMPLETE
206,0.06128132343292236,2025-04-25 15:16:01.418297,2025-04-25 15:17:09.910331,0 days 00:01:08.492034,0.014556588099824155,176,3,1,48,0.06757924879417823,176,4,1,96,0.2899156202948123,48,2,2,128,0.23892320058355035,480,352.0,32.0,3,2,0.0009565435625419233,0.6,/work3/arnaou/checkpoints/groupgat_Omega_trial_206_best_state.pt,"{'learning_rate': 0.0009565435625419233, 'lr_reduce': 0.6}",TPESampler,COMPLETE
207,0.055647771805524826,2025-04-25 15:16:53.783560,2025-04-25 15:18:30.064454,0 days 00:01:36.280894,0.021741813427107175,176,1,2,32,0.09555646391012279,80,4,4,64,0.10289544120745864,48,4,2,112,0.15432609850081802,472,448.0,,2,2,0.0003579823834477812,0.6,/work3/arnaou/checkpoints/groupgat_Omega_trial_207_best_state.pt,"{'learning_rate': 0.0003579823834477812, 'lr_reduce': 0.6}",TPESampler,COMPLETE
208,0.07732542604207993,2025-04-25 15:17:10.095425,2025-04-25 15:18:40.183948,0 days 00:01:30.088523,0.0475377278853459,160,4,2,48,0.2648877979161812,256,1,1,128,0.2887499119801269,48,1,2,128,0.2933668374462267,120,376.0,,2,2,0.0033451919344179236,0.6,/work3/arnaou/checkpoints/groupgat_Omega_trial_208_best_state.pt,"{'learning_rate': 0.0033451919344179236, 'lr_reduce': 0.6}",TPESampler,COMPLETE
209,0.1747014820575714,2025-04-25 15:17:22.375083,2025-04-25 15:17:57.667582,0 days 00:00:35.292499,0.13094802661453345,176,1,1,32,0.13302579966166744,96,4,4,80,0.1772415560813466,32,3,3,128,0.24942416773397724,264,304.0,,2,2,0.0013112516494628908,0.6,/work3/arnaou/checkpoints/groupgat_Omega_trial_209_best_state.pt,"{'learning_rate': 0.0013112516494628908, 'lr_reduce': 0.6}",TPESampler,COMPLETE
