number,value,datetime_start,datetime_complete,duration,params_L1_dropout,params_L1_hidden_dim,params_L1_layers_atom,params_L1_layers_mol,params_L1_out_dim,params_L2_dropout,params_L2_hidden_dim,params_L2_layers_atom,params_L2_layers_mol,params_L2_out_dim,params_L3_dropout,params_L3_hidden_dim,params_L3_layers_atom,params_L3_layers_mol,params_L3_out_dim,params_final_dropout,params_mlp_dim_0,params_mlp_dim_1,params_mlp_dim_2,params_n_mlp_layers,params_num_heads,params_train_learning_rate,params_train_lr_reduce,user_attrs_best_state_dict_path,user_attrs_training_params,system_attrs_auto:sampler,state
2095,0.06943245232105255,2025-04-26 04:28:19.735538,2025-04-26 04:29:42.868204,0 days 00:01:23.132666,0.005961930387105647,192,2,1,32,0.03916687435211278,80,3,1,112,0.2372135848381588,64,4,2,80,0.04001270680293795,504,,,1,2,0.0023194921371404447,0.6,/work3/arnaou/checkpoints/groupgat_Omega_trial_2095_best_state.pt,"{'learning_rate': 0.0023194921371404447, 'lr_reduce': 0.6}",TPESampler,COMPLETE
2096,0.06113346293568611,2025-04-26 04:28:33.704086,2025-04-26 04:29:38.420688,0 days 00:01:04.716602,0.28506606040207105,256,4,1,112,0.010396900579072665,128,2,1,80,0.1795555232969961,64,3,4,64,0.1296837914393662,144,328.0,,2,1,0.0032998846902964874,0.6,/work3/arnaou/checkpoints/groupgat_Omega_trial_2096_best_state.pt,"{'learning_rate': 0.0032998846902964874, 'lr_reduce': 0.6}",TPESampler,COMPLETE
2097,0.058270104229450226,2025-04-26 04:28:49.313679,2025-04-26 04:30:19.358514,0 days 00:01:30.044835,0.03206021885054178,256,2,2,32,0.16297341052943043,192,4,3,128,0.19752877119928972,64,1,1,64,0.1972298735871573,456,136.0,152.0,3,2,0.0004789528463830921,0.6,/work3/arnaou/checkpoints/groupgat_Omega_trial_2097_best_state.pt,"{'learning_rate': 0.0004789528463830921, 'lr_reduce': 0.6}",TPESampler,COMPLETE
2098,0.06181797757744789,2025-04-26 04:29:38.649012,2025-04-26 04:30:44.244238,0 days 00:01:05.595226,0.06809822574390825,256,1,2,48,0.2568169285131438,256,2,3,112,0.2870242065163741,48,1,2,64,0.2773228407525201,344,248.0,288.0,3,2,0.0003641318996851099,0.6,/work3/arnaou/checkpoints/groupgat_Omega_trial_2098_best_state.pt,"{'learning_rate': 0.0003641318996851099, 'lr_reduce': 0.6}",TPESampler,COMPLETE
2099,0.0698755756020546,2025-04-26 04:29:43.146297,2025-04-26 04:30:23.484370,0 days 00:00:40.338073,0.17235681494491378,208,1,1,80,0.1433826864840108,160,4,1,96,0.17594008329571703,80,4,4,96,0.2174207814011838,512,200.0,,2,2,0.001832437453206473,0.6,/work3/arnaou/checkpoints/groupgat_Omega_trial_2099_best_state.pt,"{'learning_rate': 0.001832437453206473, 'lr_reduce': 0.6}",TPESampler,COMPLETE
2100,0.05588896945118904,2025-04-26 04:30:19.621458,2025-04-26 04:31:24.125873,0 days 00:01:04.504415,0.035975648658933324,224,1,1,64,0.047691449334903754,240,2,2,64,0.26078276532335276,32,3,4,96,0.06966359188242745,496,88.0,368.0,3,2,0.0013141864626382894,0.6,/work3/arnaou/checkpoints/groupgat_Omega_trial_2100_best_state.pt,"{'learning_rate': 0.0013141864626382894, 'lr_reduce': 0.6}",TPESampler,COMPLETE
2101,0.9060448408126831,2025-04-26 04:30:23.753924,2025-04-26 04:30:41.899515,0 days 00:00:18.145591,0.24286020824078136,64,2,3,128,0.2639851766050024,144,2,3,96,0.03931740989142818,96,3,4,128,0.19846799270056523,104,440.0,328.0,3,2,0.00014421986271053166,0.6,/work3/arnaou/checkpoints/groupgat_Omega_trial_2101_best_state.pt,"{'learning_rate': 0.00014421986271053166, 'lr_reduce': 0.6}",TPESampler,COMPLETE
2102,0.05672704055905342,2025-04-26 04:30:42.179152,2025-04-26 04:32:11.393248,0 days 00:01:29.214096,0.07649959226084432,160,2,1,32,0.20328916875443817,192,4,1,96,0.12903840759658708,64,3,2,80,0.24958910191462041,360,288.0,,2,2,0.00036498593313518985,0.6,/work3/arnaou/checkpoints/groupgat_Omega_trial_2102_best_state.pt,"{'learning_rate': 0.00036498593313518985, 'lr_reduce': 0.6}",TPESampler,COMPLETE
2103,0.06481977552175522,2025-04-26 04:30:44.597834,2025-04-26 04:31:54.769668,0 days 00:01:10.171834,0.005992850351226026,224,1,2,32,0.052327388733780844,144,3,2,80,0.18883770566936048,48,3,4,64,0.29428456688347054,496,480.0,,2,2,0.0006087794942407799,0.6,/work3/arnaou/checkpoints/groupgat_Omega_trial_2103_best_state.pt,"{'learning_rate': 0.0006087794942407799, 'lr_reduce': 0.6}",TPESampler,COMPLETE
2104,0.06687821447849274,2025-04-26 04:31:24.382305,2025-04-26 04:32:30.501407,0 days 00:01:06.119102,0.12275127082588969,144,1,1,112,0.202148895488124,160,3,1,96,0.2532033869944608,128,4,4,112,0.20894845228616393,320,184.0,,2,1,0.0011136558999643698,0.6,/work3/arnaou/checkpoints/groupgat_Omega_trial_2104_best_state.pt,"{'learning_rate': 0.0011136558999643698, 'lr_reduce': 0.6}",TPESampler,COMPLETE
2105,0.06713615357875824,2025-04-26 04:31:54.993122,2025-04-26 04:33:12.218257,0 days 00:01:17.225135,0.13063753156856986,240,2,1,80,0.003165750241160975,224,1,1,128,0.2750617569667086,32,3,3,96,0.23176868491813812,40,384.0,,2,1,0.004120149597021452,0.6,/work3/arnaou/checkpoints/groupgat_Omega_trial_2105_best_state.pt,"{'learning_rate': 0.004120149597021452, 'lr_reduce': 0.6}",TPESampler,COMPLETE
2106,0.06661341339349747,2025-04-26 04:32:11.644963,2025-04-26 04:33:24.749949,0 days 00:01:13.104986,0.06984052812620552,176,2,1,80,0.03347829286016754,176,3,2,48,0.2342516948665342,32,4,4,96,0.14170144249306538,368,136.0,248.0,3,2,0.0015083166661611735,0.6,/work3/arnaou/checkpoints/groupgat_Omega_trial_2106_best_state.pt,"{'learning_rate': 0.0015083166661611735, 'lr_reduce': 0.6}",TPESampler,COMPLETE
2107,0.05697482079267502,2025-04-26 04:32:30.746884,2025-04-26 04:33:27.475835,0 days 00:00:56.728951,0.09121073746192943,144,1,2,112,0.10531219385110854,160,1,3,64,0.22063187706312762,96,1,4,32,0.027124487290987695,256,232.0,304.0,3,2,0.0009346890919105933,0.6,/work3/arnaou/checkpoints/groupgat_Omega_trial_2107_best_state.pt,"{'learning_rate': 0.0009346890919105933, 'lr_reduce': 0.6}",TPESampler,COMPLETE
2108,0.049720365554094315,2025-04-26 04:33:12.484541,2025-04-26 04:34:19.953372,0 days 00:01:07.468831,0.0368614888831125,256,2,1,64,0.12009881085589204,240,4,2,128,0.11299813700142676,32,3,1,80,0.2988673471487997,480,64.0,360.0,3,2,0.0007697591839344973,0.6,/work3/arnaou/checkpoints/groupgat_Omega_trial_2108_best_state.pt,"{'learning_rate': 0.0007697591839344973, 'lr_reduce': 0.6}",TPESampler,COMPLETE
2109,0.053287308663129807,2025-04-26 04:33:25.033520,2025-04-26 04:34:49.066536,0 days 00:01:24.033016,0.1293103617231272,160,2,1,48,0.014872160477068706,128,4,1,128,0.13543059066783286,80,4,2,80,0.04123795950081591,400,,,1,2,0.0008381118066423916,0.6,/work3/arnaou/checkpoints/groupgat_Omega_trial_2109_best_state.pt,"{'learning_rate': 0.0008381118066423916, 'lr_reduce': 0.6}",TPESampler,COMPLETE
2110,0.1354542225599289,2025-04-26 04:33:27.747029,2025-04-26 04:34:44.365284,0 days 00:01:16.618255,0.13130755612401313,192,2,1,128,0.20126337330995459,144,4,1,96,0.06949025335721626,96,4,3,96,0.2924042926733995,480,264.0,392.0,3,1,0.0003256364005218967,0.6,/work3/arnaou/checkpoints/groupgat_Omega_trial_2110_best_state.pt,"{'learning_rate': 0.0003256364005218967, 'lr_reduce': 0.6}",TPESampler,COMPLETE
2111,0.0941750556230545,2025-04-26 04:34:20.252969,2025-04-26 04:35:09.551017,0 days 00:00:49.298048,0.03386570294117029,256,2,1,64,0.24842494471035598,224,4,3,128,0.1688185601522958,64,3,1,64,0.26833866020602354,480,80.0,448.0,3,2,0.0009619661248527467,0.6,/work3/arnaou/checkpoints/groupgat_Omega_trial_2111_best_state.pt,"{'learning_rate': 0.0009619661248527467, 'lr_reduce': 0.6}",TPESampler,COMPLETE
2112,0.05842583626508713,2025-04-26 04:34:44.630673,2025-04-26 04:35:41.597147,0 days 00:00:56.966474,0.10373284924050802,240,1,1,112,0.17709118786827763,224,4,2,112,0.214516495794684,32,4,3,64,0.19596780026287855,416,64.0,408.0,3,1,0.0012888323159945727,0.6,/work3/arnaou/checkpoints/groupgat_Omega_trial_2112_best_state.pt,"{'learning_rate': 0.0012888323159945727, 'lr_reduce': 0.6}",TPESampler,COMPLETE
2113,0.05871856212615967,2025-04-26 04:34:49.367231,2025-04-26 04:35:56.846209,0 days 00:01:07.478978,0.09299070110526372,160,2,2,32,0.12146221165309333,176,4,1,48,0.282091560617843,32,2,2,96,0.2847736446732807,344,40.0,416.0,3,2,0.001847240812398977,0.6,/work3/arnaou/checkpoints/groupgat_Omega_trial_2113_best_state.pt,"{'learning_rate': 0.001847240812398977, 'lr_reduce': 0.6}",TPESampler,COMPLETE
2114,0.08681546151638031,2025-04-26 04:35:10.021512,2025-04-26 04:36:12.343175,0 days 00:01:02.321663,0.2421732453558163,96,3,1,128,0.2266614690965452,176,3,2,112,0.014310155194623309,48,4,2,96,0.02899677984697005,384,216.0,360.0,3,1,0.004787047043650071,0.6,/work3/arnaou/checkpoints/groupgat_Omega_trial_2114_best_state.pt,"{'learning_rate': 0.004787047043650071, 'lr_reduce': 0.6}",TPESampler,COMPLETE
2115,0.0622437410056591,2025-04-26 04:35:41.804759,2025-04-26 04:36:43.715902,0 days 00:01:01.911143,0.0034733537604277887,208,1,2,48,0.017514436668555136,256,4,1,128,0.16273135783165588,64,3,1,112,0.2864387180055126,272,440.0,360.0,3,1,0.0004722283484090109,0.6,/work3/arnaou/checkpoints/groupgat_Omega_trial_2115_best_state.pt,"{'learning_rate': 0.0004722283484090109, 'lr_reduce': 0.6}",TPESampler,COMPLETE
2116,0.06150241568684578,2025-04-26 04:35:57.069591,2025-04-26 04:36:54.063091,0 days 00:00:56.993500,0.07811707956672069,224,2,4,112,0.03409548485171625,112,1,2,96,0.25452331506497095,64,1,4,64,0.1840765951805286,152,32.0,,2,1,0.0008417249466956203,0.6,/work3/arnaou/checkpoints/groupgat_Omega_trial_2116_best_state.pt,"{'learning_rate': 0.0008417249466956203, 'lr_reduce': 0.6}",TPESampler,COMPLETE
2117,0.07986197620630264,2025-04-26 04:36:12.580394,2025-04-26 04:38:02.430828,0 days 00:01:49.850434,0.1531659173280114,256,3,1,96,0.24740069838602513,224,3,3,112,0.22989928930965045,64,1,2,80,0.2791374296706536,392,168.0,400.0,3,2,0.0007612655945619321,0.6,/work3/arnaou/checkpoints/groupgat_Omega_trial_2117_best_state.pt,"{'learning_rate': 0.0007612655945619321, 'lr_reduce': 0.6}",TPESampler,COMPLETE
2118,0.07780513912439346,2025-04-26 04:36:43.980576,2025-04-26 04:38:24.937263,0 days 00:01:40.956687,0.15313921296602365,64,1,4,48,0.26184766024374234,176,3,2,64,0.05458991745025078,112,1,4,80,0.26708848300393084,408,288.0,368.0,3,2,0.006599202957687719,0.6,/work3/arnaou/checkpoints/groupgat_Omega_trial_2118_best_state.pt,"{'learning_rate': 0.006599202957687719, 'lr_reduce': 0.6}",TPESampler,COMPLETE
2119,0.09324279427528381,2025-04-26 04:36:54.292444,2025-04-26 04:38:12.730610,0 days 00:01:18.438166,0.12519387978631571,160,2,3,32,0.08266220190036634,144,1,4,48,0.19387442432925675,96,3,3,112,0.18488873542620576,56,,,1,2,0.005357395596054894,0.6,/work3/arnaou/checkpoints/groupgat_Omega_trial_2119_best_state.pt,"{'learning_rate': 0.005357395596054894, 'lr_reduce': 0.6}",TPESampler,COMPLETE
2120,0.056679341942071915,2025-04-26 04:38:02.619383,2025-04-26 04:39:22.175511,0 days 00:01:19.556128,0.0068556016855136695,144,3,1,48,0.19074683315174293,256,4,1,128,0.04075246516787617,32,2,2,128,0.2986982381307879,352,512.0,96.0,3,2,0.0007496159377981839,0.6,/work3/arnaou/checkpoints/groupgat_Omega_trial_2120_best_state.pt,"{'learning_rate': 0.0007496159377981839, 'lr_reduce': 0.6}",TPESampler,COMPLETE
2121,0.079344742000103,2025-04-26 04:38:13.059596,2025-04-26 04:38:54.517825,0 days 00:00:41.458229,0.11056371662048402,256,2,1,48,0.28825739822274943,256,3,1,128,0.2123809115091926,96,1,2,112,0.27490835021376175,304,200.0,,2,2,0.0012410730245368982,0.6,/work3/arnaou/checkpoints/groupgat_Omega_trial_2121_best_state.pt,"{'learning_rate': 0.0012410730245368982, 'lr_reduce': 0.6}",TPESampler,COMPLETE
2122,0.1472739428281784,2025-04-26 04:38:25.223558,2025-04-26 04:39:26.903671,0 days 00:01:01.680113,0.2723107027976648,64,4,1,32,0.25401340001487005,112,4,2,48,0.23190827034385564,64,1,2,96,0.24181151282776653,408,,,1,1,0.0013311663627383898,0.6,/work3/arnaou/checkpoints/groupgat_Omega_trial_2122_best_state.pt,"{'learning_rate': 0.0013311663627383898, 'lr_reduce': 0.6}",TPESampler,COMPLETE
2123,0.0681031346321106,2025-04-26 04:38:54.717406,2025-04-26 04:39:43.970416,0 days 00:00:49.253010,0.02017578762714032,224,2,3,96,0.06602754686447418,208,4,2,80,0.14678398653235994,32,2,3,64,0.23056274792008924,400,240.0,224.0,3,1,0.001439722264686839,0.6,/work3/arnaou/checkpoints/groupgat_Omega_trial_2123_best_state.pt,"{'learning_rate': 0.001439722264686839, 'lr_reduce': 0.6}",TPESampler,COMPLETE
2124,0.0696224495768547,2025-04-26 04:39:22.602254,2025-04-26 04:40:47.122333,0 days 00:01:24.520079,0.2325183249161274,160,3,4,112,0.0016645971897688572,176,3,4,32,0.127242734005477,64,3,3,112,0.07037399232602094,408,336.0,,2,2,0.0007225847067316672,0.6,/work3/arnaou/checkpoints/groupgat_Omega_trial_2124_best_state.pt,"{'learning_rate': 0.0007225847067316672, 'lr_reduce': 0.6}",TPESampler,COMPLETE
2125,0.055327411741018295,2025-04-26 04:39:27.192050,2025-04-26 04:40:31.709570,0 days 00:01:04.517520,0.04247491775983758,224,3,1,64,0.128086542859831,224,4,1,128,0.06984668526218146,32,3,2,80,0.2748754317338126,272,400.0,328.0,3,2,0.0008468851214314466,0.6,/work3/arnaou/checkpoints/groupgat_Omega_trial_2125_best_state.pt,"{'learning_rate': 0.0008468851214314466, 'lr_reduce': 0.6}",TPESampler,COMPLETE
2126,0.05756930634379387,2025-04-26 04:39:44.216584,2025-04-26 04:41:04.708273,0 days 00:01:20.491689,0.017220126783255026,192,1,3,80,0.06281375089435198,208,3,2,96,0.195378274726095,48,4,3,48,0.1452682672712915,304,464.0,264.0,3,2,0.0006392077302687912,0.6,/work3/arnaou/checkpoints/groupgat_Omega_trial_2126_best_state.pt,"{'learning_rate': 0.0006392077302687912, 'lr_reduce': 0.6}",TPESampler,COMPLETE
2127,0.06862398236989975,2025-04-26 04:40:31.962610,2025-04-26 04:42:00.795404,0 days 00:01:28.832794,0.1241947220236467,256,2,1,32,0.2399370561475184,256,3,1,128,0.2501881269126723,64,2,3,80,0.2605430111745036,360,64.0,352.0,3,2,0.00013264942335656924,0.6,/work3/arnaou/checkpoints/groupgat_Omega_trial_2127_best_state.pt,"{'learning_rate': 0.00013264942335656924, 'lr_reduce': 0.6}",TPESampler,COMPLETE
2128,0.06534640491008759,2025-04-26 04:40:47.622701,2025-04-26 04:41:47.293672,0 days 00:00:59.670971,0.0193159420842298,256,1,2,64,0.0748725490096501,96,2,1,112,0.2191974836782283,112,4,2,80,0.0739756206800302,456,168.0,,2,2,0.000853263435531574,0.6,/work3/arnaou/checkpoints/groupgat_Omega_trial_2128_best_state.pt,"{'learning_rate': 0.000853263435531574, 'lr_reduce': 0.6}",TPESampler,COMPLETE
2129,0.06749343872070312,2025-04-26 04:41:05.028447,2025-04-26 04:42:19.508568,0 days 00:01:14.480121,0.20182111419070312,224,4,2,64,0.08274571344241884,256,2,1,32,0.1315537675832875,96,3,2,96,0.03834713631222872,64,240.0,432.0,3,1,0.0003190779276366074,0.6,/work3/arnaou/checkpoints/groupgat_Omega_trial_2129_best_state.pt,"{'learning_rate': 0.0003190779276366074, 'lr_reduce': 0.6}",TPESampler,COMPLETE
2130,0.05420764163136482,2025-04-26 04:41:47.487795,2025-04-26 04:43:14.969332,0 days 00:01:27.481537,0.0637288959137961,256,1,1,32,0.0923412388208357,224,4,1,128,0.27875905362172515,48,4,1,128,0.27481395495257505,496,128.0,,2,2,0.0002063834315473602,0.6,/work3/arnaou/checkpoints/groupgat_Omega_trial_2130_best_state.pt,"{'learning_rate': 0.0002063834315473602, 'lr_reduce': 0.6}",TPESampler,COMPLETE
2131,0.06100792437791824,2025-04-26 04:42:01.046645,2025-04-26 04:43:13.441681,0 days 00:01:12.395036,0.032269372540940075,224,1,2,80,0.11367723347488087,256,4,1,80,0.29877026222485303,32,1,1,32,0.24100112105207921,504,208.0,296.0,3,2,0.0019317877265889521,0.6,/work3/arnaou/checkpoints/groupgat_Omega_trial_2131_best_state.pt,"{'learning_rate': 0.0019317877265889521, 'lr_reduce': 0.6}",TPESampler,COMPLETE
2132,0.05894738435745239,2025-04-26 04:42:19.698467,2025-04-26 04:44:06.174299,0 days 00:01:46.475832,0.10699586391308283,240,2,1,112,0.09790619608872315,144,4,1,80,0.24522168315220724,64,4,2,32,0.20346101808643496,512,272.0,384.0,3,2,0.0003621087468877679,0.6,/work3/arnaou/checkpoints/groupgat_Omega_trial_2132_best_state.pt,"{'learning_rate': 0.0003621087468877679, 'lr_reduce': 0.6}",TPESampler,COMPLETE
2133,0.08279979228973389,2025-04-26 04:43:13.696210,2025-04-26 04:44:37.843658,0 days 00:01:24.147448,0.026028615080654342,224,2,2,48,0.13379300384971612,192,4,2,96,0.12255451615448956,80,4,1,80,0.2750619726108139,512,112.0,328.0,3,1,0.0033706183338438173,0.6,/work3/arnaou/checkpoints/groupgat_Omega_trial_2133_best_state.pt,"{'learning_rate': 0.0033706183338438173, 'lr_reduce': 0.6}",TPESampler,COMPLETE
2134,0.05259069427847862,2025-04-26 04:43:15.143818,2025-04-26 04:44:24.681635,0 days 00:01:09.537817,0.11440973600040816,208,1,3,64,0.10021766424630367,224,4,1,128,0.10329457206472017,48,4,1,64,0.26913272991224935,368,184.0,280.0,3,2,0.0013515332755842046,0.6,/work3/arnaou/checkpoints/groupgat_Omega_trial_2134_best_state.pt,"{'learning_rate': 0.0013515332755842046, 'lr_reduce': 0.6}",TPESampler,COMPLETE
2135,0.05740126594901085,2025-04-26 04:44:06.418843,2025-04-26 04:45:11.268035,0 days 00:01:04.849192,0.158514330262914,192,1,1,96,0.20531936975364856,176,4,1,128,0.09760220068882006,64,4,4,80,0.21131335062786955,480,440.0,376.0,3,1,0.0007825113257292435,0.6,/work3/arnaou/checkpoints/groupgat_Omega_trial_2135_best_state.pt,"{'learning_rate': 0.0007825113257292435, 'lr_reduce': 0.6}",TPESampler,COMPLETE
2136,0.06645234674215317,2025-04-26 04:44:24.918013,2025-04-26 04:45:45.146911,0 days 00:01:20.228898,0.06481863709873545,224,3,2,64,0.16573216416696102,240,4,2,112,0.09576721182605197,32,2,1,64,0.2898587266007041,408,312.0,328.0,3,2,0.0014077532797771468,0.6,/work3/arnaou/checkpoints/groupgat_Omega_trial_2136_best_state.pt,"{'learning_rate': 0.0014077532797771468, 'lr_reduce': 0.6}",TPESampler,COMPLETE
2137,0.05528021231293678,2025-04-26 04:44:38.155913,2025-04-26 04:46:06.204801,0 days 00:01:28.048888,0.08848321240237042,240,1,1,48,0.10800089273207425,240,4,2,112,0.12224489499119323,32,3,1,112,0.29936357031889377,480,64.0,56.0,3,2,0.000541762271949903,0.6,/work3/arnaou/checkpoints/groupgat_Omega_trial_2137_best_state.pt,"{'learning_rate': 0.000541762271949903, 'lr_reduce': 0.6}",TPESampler,COMPLETE
2138,0.08154668658971786,2025-04-26 04:45:11.568716,2025-04-26 04:46:27.362618,0 days 00:01:15.793902,0.12636365949228587,144,2,2,112,0.17211722639497315,176,4,2,32,0.22196436950227091,48,4,2,112,0.23973532203294784,352,,,1,1,0.0014306678947006118,0.6,/work3/arnaou/checkpoints/groupgat_Omega_trial_2138_best_state.pt,"{'learning_rate': 0.0014306678947006118, 'lr_reduce': 0.6}",TPESampler,COMPLETE
2139,0.060751598328351974,2025-04-26 04:45:45.379497,2025-04-26 04:46:55.918587,0 days 00:01:10.539090,0.021556457587939698,224,1,2,32,0.03141996370821157,128,3,1,128,0.1450241477676818,80,4,2,96,0.12206305675362927,344,,,1,2,0.0009386077169439411,0.6,/work3/arnaou/checkpoints/groupgat_Omega_trial_2139_best_state.pt,"{'learning_rate': 0.0009386077169439411, 'lr_reduce': 0.6}",TPESampler,COMPLETE
2140,0.06861168891191483,2025-04-26 04:46:06.468294,2025-04-26 04:47:06.836264,0 days 00:01:00.367970,0.22164843513516486,256,2,3,64,0.0030766420107302406,128,4,3,80,0.20818876125799898,48,2,1,32,0.19622502167970607,96,32.0,312.0,3,1,0.0007311177415494462,0.6,/work3/arnaou/checkpoints/groupgat_Omega_trial_2140_best_state.pt,"{'learning_rate': 0.0007311177415494462, 'lr_reduce': 0.6}",TPESampler,COMPLETE
2141,0.07633847743272781,2025-04-26 04:46:27.632849,2025-04-26 04:47:56.337393,0 days 00:01:28.704544,0.07097582151234073,96,4,2,112,0.007108862663124604,64,2,4,112,0.2026249590700353,80,1,2,64,0.168678707331159,472,240.0,,2,2,0.0008816405918180123,0.6,/work3/arnaou/checkpoints/groupgat_Omega_trial_2141_best_state.pt,"{'learning_rate': 0.0008816405918180123, 'lr_reduce': 0.6}",TPESampler,COMPLETE
2142,0.056594815105199814,2025-04-26 04:46:56.165374,2025-04-26 04:48:17.841131,0 days 00:01:21.675757,0.02071759921428631,240,1,1,64,0.06310358229438168,224,4,3,112,0.11789181476154101,32,2,1,80,0.2865952681903634,480,168.0,360.0,3,2,0.00041281195976596843,0.6,/work3/arnaou/checkpoints/groupgat_Omega_trial_2142_best_state.pt,"{'learning_rate': 0.00041281195976596843, 'lr_reduce': 0.6}",TPESampler,COMPLETE
2143,0.05731235072016716,2025-04-26 04:47:07.131096,2025-04-26 04:48:09.277825,0 days 00:01:02.146729,0.04795850270657989,240,1,2,32,0.14916776679840998,80,2,1,128,0.1305543352196772,64,4,3,48,0.06977607049669232,416,,,1,2,0.0005722023879576395,0.6,/work3/arnaou/checkpoints/groupgat_Omega_trial_2143_best_state.pt,"{'learning_rate': 0.0005722023879576395, 'lr_reduce': 0.6}",TPESampler,COMPLETE
2144,0.06038685515522957,2025-04-26 04:47:56.576028,2025-04-26 04:49:12.704453,0 days 00:01:16.128425,0.04036941218614579,256,1,1,80,0.13404477173372908,176,4,4,48,0.19998269653149653,32,2,3,64,0.19187986819436223,352,368.0,264.0,3,2,0.00574307320947378,0.6,/work3/arnaou/checkpoints/groupgat_Omega_trial_2144_best_state.pt,"{'learning_rate': 0.00574307320947378, 'lr_reduce': 0.6}",TPESampler,COMPLETE
2145,0.0673723891377449,2025-04-26 04:48:09.571389,2025-04-26 04:48:48.801603,0 days 00:00:39.230214,0.10885551318604213,240,2,2,96,0.17544337471504054,224,4,1,96,0.21570878833218626,64,4,3,64,0.22949596216617155,448,104.0,400.0,3,2,0.0018899496910712423,0.6,/work3/arnaou/checkpoints/groupgat_Omega_trial_2145_best_state.pt,"{'learning_rate': 0.0018899496910712423, 'lr_reduce': 0.6}",TPESampler,COMPLETE
2146,0.07471855729818344,2025-04-26 04:48:18.120761,2025-04-26 04:50:42.862343,0 days 00:02:24.741582,0.12295710300590787,208,1,2,64,0.18631417524988686,144,4,2,80,0.12774667081706745,48,4,4,96,0.16704862149678998,456,216.0,336.0,3,2,0.0006494761737985293,0.6,/work3/arnaou/checkpoints/groupgat_Omega_trial_2146_best_state.pt,"{'learning_rate': 0.0006494761737985293, 'lr_reduce': 0.6}",TPESampler,COMPLETE
