number,value,datetime_start,datetime_complete,duration,params_L1_dropout,params_L1_hidden_dim,params_L1_layers_atom,params_L1_layers_mol,params_L1_out_dim,params_L2_dropout,params_L2_hidden_dim,params_L2_layers_atom,params_L2_layers_mol,params_L2_out_dim,params_L3_dropout,params_L3_hidden_dim,params_L3_layers_atom,params_L3_layers_mol,params_L3_out_dim,params_final_dropout,params_mlp_dim_0,params_mlp_dim_1,params_mlp_dim_2,params_n_mlp_layers,params_num_heads,params_train_learning_rate,params_train_lr_reduce,user_attrs_best_state_dict_path,user_attrs_training_params,system_attrs_auto:sampler,state
2042,0.0571245476603508,2025-04-26 04:07:10.904019,2025-04-26 04:08:22.624534,0 days 00:01:11.720515,0.041438981566728476,208,1,1,32,0.0640624168007774,160,4,1,112,0.20182323393136856,32,3,2,80,0.15300328705541172,376,248.0,,2,2,0.00042848981357190494,0.6,/work3/arnaou/checkpoints/groupgat_Omega_trial_2042_best_state.pt,"{'learning_rate': 0.00042848981357190494, 'lr_reduce': 0.6}",TPESampler,COMPLETE
2043,0.8735527396202087,2025-04-26 04:07:55.269858,2025-04-26 04:08:09.944801,0 days 00:00:14.674943,0.28027263586109474,112,4,2,64,0.03509086182667359,80,3,1,112,0.21383243932825508,64,2,2,96,0.2507451280151976,176,472.0,376.0,3,1,0.007430862627524925,0.6,/work3/arnaou/checkpoints/groupgat_Omega_trial_2043_best_state.pt,"{'learning_rate': 0.007430862627524925, 'lr_reduce': 0.6}",TPESampler,COMPLETE
2044,0.05668282508850098,2025-04-26 04:08:10.103201,2025-04-26 04:09:35.643462,0 days 00:01:25.540261,0.08765825464724908,240,1,3,48,0.22368776334783416,160,4,2,96,0.2190074079037903,80,1,2,96,0.19213289516496043,376,168.0,216.0,3,2,0.0007650023636476983,0.6,/work3/arnaou/checkpoints/groupgat_Omega_trial_2044_best_state.pt,"{'learning_rate': 0.0007650023636476983, 'lr_reduce': 0.6}",TPESampler,COMPLETE
2045,0.05918346717953682,2025-04-26 04:08:20.437491,2025-04-26 04:09:23.408055,0 days 00:01:02.970564,0.032754797746391215,256,1,3,32,0.11687290867871913,224,4,1,128,0.2629696952143893,48,1,1,48,0.21706798927289164,400,104.0,,2,2,0.0010161414126269323,0.6,/work3/arnaou/checkpoints/groupgat_Omega_trial_2045_best_state.pt,"{'learning_rate': 0.0010161414126269323, 'lr_reduce': 0.6}",TPESampler,COMPLETE
2046,0.1716238111257553,2025-04-26 04:08:22.866732,2025-04-26 04:09:46.763919,0 days 00:01:23.897187,0.0017331431414695508,128,2,2,112,0.22063214834420264,112,4,3,96,0.2715538035339856,80,4,1,64,0.24486022242112454,360,,,1,1,0.0006683154641239005,0.6,/work3/arnaou/checkpoints/groupgat_Omega_trial_2046_best_state.pt,"{'learning_rate': 0.0006683154641239005, 'lr_reduce': 0.6}",TPESampler,COMPLETE
2047,0.09798413515090942,2025-04-26 04:09:23.681208,2025-04-26 04:10:36.356145,0 days 00:01:12.674937,0.2559950423849443,80,3,1,32,0.27408764892197196,176,3,1,112,0.04308566601213559,96,4,4,80,0.12723448087078704,344,208.0,,2,1,0.0007864366324270654,0.6,/work3/arnaou/checkpoints/groupgat_Omega_trial_2047_best_state.pt,"{'learning_rate': 0.0007864366324270654, 'lr_reduce': 0.6}",TPESampler,COMPLETE
2048,0.05887230858206749,2025-04-26 04:09:35.859950,2025-04-26 04:10:49.116946,0 days 00:01:13.256996,0.00228082210049782,176,1,1,80,0.14227127491499583,208,4,1,112,0.22113558809749861,64,2,1,128,0.2862498445988567,456,272.0,304.0,3,2,0.00019783004240572652,0.6,/work3/arnaou/checkpoints/groupgat_Omega_trial_2048_best_state.pt,"{'learning_rate': 0.00019783004240572652, 'lr_reduce': 0.6}",TPESampler,COMPLETE
2049,0.06193804740905762,2025-04-26 04:09:47.053024,2025-04-26 04:11:07.445378,0 days 00:01:20.392354,0.0644999759678471,176,2,1,48,0.1383064480182506,256,4,2,112,0.27403939487819406,128,1,1,64,0.1738235806424372,512,440.0,264.0,3,2,0.00022269868465443627,0.6,/work3/arnaou/checkpoints/groupgat_Omega_trial_2049_best_state.pt,"{'learning_rate': 0.00022269868465443627, 'lr_reduce': 0.6}",TPESampler,COMPLETE
2050,0.05975891649723053,2025-04-26 04:10:36.768539,2025-04-26 04:11:42.078568,0 days 00:01:05.310029,0.03234130612107152,208,1,2,32,0.10588718513003748,112,4,1,128,0.24132333477389512,32,2,2,64,0.15763368370394373,360,64.0,336.0,3,1,0.000561162388789661,0.6,/work3/arnaou/checkpoints/groupgat_Omega_trial_2050_best_state.pt,"{'learning_rate': 0.000561162388789661, 'lr_reduce': 0.6}",TPESampler,COMPLETE
2051,0.0645541325211525,2025-04-26 04:10:49.280119,2025-04-26 04:12:31.802697,0 days 00:01:42.522578,0.10507329811486692,192,1,1,64,0.19836165608518297,144,4,1,128,0.16248672950286763,80,4,3,96,0.2891690356071461,456,512.0,,2,2,0.00040133622295466766,0.6,/work3/arnaou/checkpoints/groupgat_Omega_trial_2051_best_state.pt,"{'learning_rate': 0.00040133622295466766, 'lr_reduce': 0.6}",TPESampler,COMPLETE
2052,0.06534964591264725,2025-04-26 04:11:07.728685,2025-04-26 04:11:55.585788,0 days 00:00:47.857103,0.014913140872546443,256,1,3,32,0.15980192603097237,208,3,2,112,0.237074120632506,64,1,2,48,0.12938931301340367,488,192.0,384.0,3,2,0.002070353985849291,0.6,/work3/arnaou/checkpoints/groupgat_Omega_trial_2052_best_state.pt,"{'learning_rate': 0.002070353985849291, 'lr_reduce': 0.6}",TPESampler,COMPLETE
2053,0.08230958133935928,2025-04-26 04:11:42.291228,2025-04-26 04:12:49.033010,0 days 00:01:06.741782,0.2672419360009577,208,3,3,128,0.10933010599636431,224,4,3,32,0.229229107483932,32,2,2,128,0.22497751298496482,176,,,1,1,0.00035546496259939537,0.6,/work3/arnaou/checkpoints/groupgat_Omega_trial_2053_best_state.pt,"{'learning_rate': 0.00035546496259939537, 'lr_reduce': 0.6}",TPESampler,COMPLETE
2054,0.06353918462991714,2025-04-26 04:11:55.840948,2025-04-26 04:12:55.696036,0 days 00:00:59.855088,0.0337896106134328,240,1,1,32,0.15591987942296828,112,4,1,128,0.07949640708597738,48,4,2,80,0.04868752699939658,424,,,1,2,0.0013334000996255476,0.6,/work3/arnaou/checkpoints/groupgat_Omega_trial_2054_best_state.pt,"{'learning_rate': 0.0013334000996255476, 'lr_reduce': 0.6}",TPESampler,COMPLETE
2055,0.093925341963768,2025-04-26 04:12:32.000968,2025-04-26 04:13:40.892281,0 days 00:01:08.891313,0.16937677344127913,64,4,4,80,0.20868971438134148,160,4,1,80,0.03481234237938899,112,3,4,32,0.12275538147892236,208,320.0,,2,1,0.0015398245682774643,0.6,/work3/arnaou/checkpoints/groupgat_Omega_trial_2055_best_state.pt,"{'learning_rate': 0.0015398245682774643, 'lr_reduce': 0.6}",TPESampler,COMPLETE
2056,0.06585747003555298,2025-04-26 04:12:49.329837,2025-04-26 04:14:26.337682,0 days 00:01:37.007845,0.04819473736060305,176,4,1,128,0.2565821266677758,256,2,3,128,0.009275061313964855,112,2,1,96,0.28802136194784245,328,,,1,2,0.0002544557440014176,0.6,/work3/arnaou/checkpoints/groupgat_Omega_trial_2056_best_state.pt,"{'learning_rate': 0.0002544557440014176, 'lr_reduce': 0.6}",TPESampler,COMPLETE
2057,0.08572343736886978,2025-04-26 04:12:56.122142,2025-04-26 04:14:08.000279,0 days 00:01:11.878137,0.16324548051083074,240,1,3,32,0.05497015779636395,112,2,1,32,0.04722351028218286,96,1,4,128,0.27036874229368935,248,136.0,,2,2,0.004694223178633373,0.6,/work3/arnaou/checkpoints/groupgat_Omega_trial_2057_best_state.pt,"{'learning_rate': 0.004694223178633373, 'lr_reduce': 0.6}",TPESampler,COMPLETE
2058,0.05301437899470329,2025-04-26 04:13:41.048342,2025-04-26 04:14:44.687634,0 days 00:01:03.639292,0.01777406747365102,256,1,2,32,0.23750058204555102,208,4,1,64,0.1490149936235,32,1,2,32,0.26566720680330097,360,208.0,312.0,3,2,0.0009176729315307606,0.6,/work3/arnaou/checkpoints/groupgat_Omega_trial_2058_best_state.pt,"{'learning_rate': 0.0009176729315307606, 'lr_reduce': 0.6}",TPESampler,COMPLETE
2059,0.0535290353000164,2025-04-26 04:14:08.174419,2025-04-26 04:15:02.014757,0 days 00:00:53.840338,0.009184451423989553,256,1,1,32,0.009833823381739326,256,3,1,96,0.27833458285987395,32,1,2,64,0.2152659138480203,488,256.0,344.0,3,2,0.0013958388605102858,0.6,/work3/arnaou/checkpoints/groupgat_Omega_trial_2059_best_state.pt,"{'learning_rate': 0.0013958388605102858, 'lr_reduce': 0.6}",TPESampler,COMPLETE
2060,0.0636138767004013,2025-04-26 04:14:26.556556,2025-04-26 04:15:21.113221,0 days 00:00:54.556665,0.13618528489652287,144,1,1,64,0.18166329984405505,176,4,1,96,0.2658921836276953,96,4,4,80,0.24680163712614864,464,104.0,264.0,3,1,0.004584806793446123,0.6,/work3/arnaou/checkpoints/groupgat_Omega_trial_2060_best_state.pt,"{'learning_rate': 0.004584806793446123, 'lr_reduce': 0.6}",TPESampler,COMPLETE
2061,0.06447576731443405,2025-04-26 04:14:44.967188,2025-04-26 04:16:18.348252,0 days 00:01:33.381064,0.037336246194737355,256,1,2,32,0.22535918220803935,192,4,1,128,0.07670402087063741,32,3,1,80,0.20666782774203427,416,416.0,,2,2,0.000100446403328826,0.6,/work3/arnaou/checkpoints/groupgat_Omega_trial_2061_best_state.pt,"{'learning_rate': 0.000100446403328826, 'lr_reduce': 0.6}",TPESampler,COMPLETE
2062,0.905572772026062,2025-04-26 04:15:02.239545,2025-04-26 04:15:19.610574,0 days 00:00:17.371029,0.14440612850779894,96,2,4,80,0.2698062052210266,96,4,2,32,0.23841668789242992,112,1,4,96,0.25346699752498847,392,232.0,416.0,3,2,0.00015109138986640997,0.6,/work3/arnaou/checkpoints/groupgat_Omega_trial_2062_best_state.pt,"{'learning_rate': 0.00015109138986640997, 'lr_reduce': 0.6}",TPESampler,COMPLETE
2063,0.1253667175769806,2025-04-26 04:15:19.797268,2025-04-26 04:16:32.101373,0 days 00:01:12.304105,0.13171162157322325,208,3,2,32,0.22571632203039088,144,4,2,64,0.2758865579639935,32,2,2,112,0.27202200257811643,400,176.0,360.0,3,2,0.00031847679711715304,0.6,/work3/arnaou/checkpoints/groupgat_Omega_trial_2063_best_state.pt,"{'learning_rate': 0.00031847679711715304, 'lr_reduce': 0.6}",TPESampler,COMPLETE
2064,0.13181260228157043,2025-04-26 04:15:21.338095,2025-04-26 04:16:43.033144,0 days 00:01:21.695049,0.17695022668903893,128,1,2,80,0.1796115544253449,80,2,3,32,0.24597297249289668,96,2,2,48,0.11091109216505325,456,64.0,,2,2,0.00024444238977800527,0.6,/work3/arnaou/checkpoints/groupgat_Omega_trial_2064_best_state.pt,"{'learning_rate': 0.00024444238977800527, 'lr_reduce': 0.6}",TPESampler,COMPLETE
2065,0.08841770142316818,2025-04-26 04:16:18.504432,2025-04-26 04:17:40.589838,0 days 00:01:22.085406,0.0837744272951798,64,1,2,32,0.16359190079402908,112,4,4,96,0.025874898734300322,48,2,3,128,0.1420529059650182,512,360.0,,2,1,0.003909490799718,0.6,/work3/arnaou/checkpoints/groupgat_Omega_trial_2065_best_state.pt,"{'learning_rate': 0.003909490799718, 'lr_reduce': 0.6}",TPESampler,COMPLETE
2066,0.0727776288986206,2025-04-26 04:16:32.314179,2025-04-26 04:17:45.388559,0 days 00:01:13.074380,0.07098502717290764,192,1,1,32,0.24016473549309225,176,4,1,96,0.20457600584010216,128,1,1,96,0.19330162551370902,480,136.0,304.0,3,1,0.00042649001645085627,0.6,/work3/arnaou/checkpoints/groupgat_Omega_trial_2066_best_state.pt,"{'learning_rate': 0.00042649001645085627, 'lr_reduce': 0.6}",TPESampler,COMPLETE
2067,0.09757081419229507,2025-04-26 04:16:43.271834,2025-04-26 04:17:35.211424,0 days 00:00:51.939590,0.1982678023753443,144,4,1,80,0.27477875148986186,96,3,4,80,0.16845583414401874,96,3,3,96,0.08251894768073309,48,,,1,2,0.002353922188163279,0.6,/work3/arnaou/checkpoints/groupgat_Omega_trial_2067_best_state.pt,"{'learning_rate': 0.002353922188163279, 'lr_reduce': 0.6}",TPESampler,COMPLETE
2068,0.06362695246934891,2025-04-26 04:17:35.435779,2025-04-26 04:18:35.000162,0 days 00:00:59.564383,0.007080531903139637,208,1,1,80,0.05071253652828351,176,3,1,80,0.1679038541522048,48,4,4,48,0.1263498977006179,488,296.0,,2,1,0.0003574338050593483,0.6,/work3/arnaou/checkpoints/groupgat_Omega_trial_2068_best_state.pt,"{'learning_rate': 0.0003574338050593483, 'lr_reduce': 0.6}",TPESampler,COMPLETE
2069,0.07597826421260834,2025-04-26 04:17:40.862273,2025-04-26 04:18:33.595399,0 days 00:00:52.733126,0.12560402749248947,256,3,1,96,0.08141601915760253,80,2,3,80,0.08834078606357545,112,1,2,64,0.11911199806266885,240,472.0,328.0,3,1,0.0022998594288859246,0.6,/work3/arnaou/checkpoints/groupgat_Omega_trial_2069_best_state.pt,"{'learning_rate': 0.0022998594288859246, 'lr_reduce': 0.6}",TPESampler,COMPLETE
2070,0.07234887033700943,2025-04-26 04:17:45.755544,2025-04-26 04:19:03.020377,0 days 00:01:17.264833,0.1347285551777698,240,1,2,48,0.082842467278346,96,4,1,128,0.28956487273745424,32,3,2,80,0.09172206421493337,480,224.0,248.0,3,2,0.00015765910147982497,0.6,/work3/arnaou/checkpoints/groupgat_Omega_trial_2070_best_state.pt,"{'learning_rate': 0.00015765910147982497, 'lr_reduce': 0.6}",TPESampler,COMPLETE
2071,0.07504794746637344,2025-04-26 04:18:33.858097,2025-04-26 04:19:33.801825,0 days 00:00:59.943728,0.013466374385544766,208,4,3,64,0.1287967931540998,128,1,2,80,0.20773095224441984,128,4,1,64,0.025351926480610007,32,,,1,2,0.002321822705821579,0.6,/work3/arnaou/checkpoints/groupgat_Omega_trial_2071_best_state.pt,"{'learning_rate': 0.002321822705821579, 'lr_reduce': 0.6}",TPESampler,COMPLETE
2072,0.0703519955277443,2025-04-26 04:18:35.461244,2025-04-26 04:19:32.854093,0 days 00:00:57.392849,0.12364307674204195,208,1,2,112,0.133870037358284,176,4,1,128,0.18072436799643873,96,3,3,80,0.2714410630541665,424,160.0,112.0,3,1,0.0006520880318085272,0.6,/work3/arnaou/checkpoints/groupgat_Omega_trial_2072_best_state.pt,"{'learning_rate': 0.0006520880318085272, 'lr_reduce': 0.6}",TPESampler,COMPLETE
2073,0.05737750604748726,2025-04-26 04:19:03.323765,2025-04-26 04:20:10.465365,0 days 00:01:07.141600,0.012597455257881154,208,1,1,32,0.1738615799153591,256,3,1,96,0.22247673400690288,32,1,1,32,0.23506347191173182,448,264.0,376.0,3,2,0.0012276099861858248,0.6,/work3/arnaou/checkpoints/groupgat_Omega_trial_2073_best_state.pt,"{'learning_rate': 0.0012276099861858248, 'lr_reduce': 0.6}",TPESampler,COMPLETE
2074,0.10399746894836426,2025-04-26 04:19:33.052260,2025-04-26 04:20:45.046079,0 days 00:01:11.993819,0.14896305741679566,240,4,2,48,0.03876503384909992,144,3,1,32,0.27948988671539615,32,3,2,32,0.15220694952063638,88,,,1,1,0.008350216993611773,0.6,/work3/arnaou/checkpoints/groupgat_Omega_trial_2074_best_state.pt,"{'learning_rate': 0.008350216993611773, 'lr_reduce': 0.6}",TPESampler,COMPLETE
2075,0.06559453159570694,2025-04-26 04:19:33.972710,2025-04-26 04:20:23.496359,0 days 00:00:49.523649,0.021007436748714636,144,1,4,32,0.003183339339108582,192,1,3,64,0.21683772557783848,48,1,1,48,0.04708539525779154,176,104.0,296.0,3,1,0.000951751558437791,0.6,/work3/arnaou/checkpoints/groupgat_Omega_trial_2075_best_state.pt,"{'learning_rate': 0.000951751558437791, 'lr_reduce': 0.6}",TPESampler,COMPLETE
2076,0.059473443776369095,2025-04-26 04:20:10.708858,2025-04-26 04:21:23.602182,0 days 00:01:12.893324,0.005738121851107364,240,1,3,48,0.14914147149371576,176,4,2,112,0.21999723911977073,48,1,3,48,0.25764709370730554,504,448.0,352.0,3,2,0.0008045047215166593,0.6,/work3/arnaou/checkpoints/groupgat_Omega_trial_2076_best_state.pt,"{'learning_rate': 0.0008045047215166593, 'lr_reduce': 0.6}",TPESampler,COMPLETE
2077,0.06704498827457428,2025-04-26 04:20:23.695410,2025-04-26 04:21:25.006353,0 days 00:01:01.310943,0.02234410293698783,240,1,2,32,0.15431112948350822,256,3,1,112,0.29143152770907516,64,1,1,32,0.1832696617859791,384,200.0,288.0,3,2,0.0013055983301878482,0.6,/work3/arnaou/checkpoints/groupgat_Omega_trial_2077_best_state.pt,"{'learning_rate': 0.0013055983301878482, 'lr_reduce': 0.6}",TPESampler,COMPLETE
2078,0.08227282017469406,2025-04-26 04:20:45.327372,2025-04-26 04:22:17.506585,0 days 00:01:32.179213,0.15235012226003708,224,4,1,96,0.10540204823805598,96,2,4,128,0.06665663444778797,64,3,4,128,0.07113277162437853,88,64.0,,2,1,0.000934629886112284,0.6,/work3/arnaou/checkpoints/groupgat_Omega_trial_2078_best_state.pt,"{'learning_rate': 0.000934629886112284, 'lr_reduce': 0.6}",TPESampler,COMPLETE
2079,0.07789690792560577,2025-04-26 04:21:23.809723,2025-04-26 04:22:04.959950,0 days 00:00:41.150227,0.02232339039930853,160,4,1,32,0.2740334667098163,144,4,1,32,0.23353917881692599,112,3,2,48,0.11785043385143176,64,,,1,2,0.0021927075870375084,0.6,/work3/arnaou/checkpoints/groupgat_Omega_trial_2079_best_state.pt,"{'learning_rate': 0.0021927075870375084, 'lr_reduce': 0.6}",TPESampler,COMPLETE
2080,0.05143953114748001,2025-04-26 04:21:25.170498,2025-04-26 04:22:25.204960,0 days 00:01:00.034462,0.06317415712275752,208,1,2,48,0.14588512690774738,224,4,2,96,0.2694657851070489,48,1,2,48,0.2507528226277521,440,392.0,416.0,3,2,0.0011525338823935062,0.6,/work3/arnaou/checkpoints/groupgat_Omega_trial_2080_best_state.pt,"{'learning_rate': 0.0011525338823935062, 'lr_reduce': 0.6}",TPESampler,COMPLETE
2081,0.06246798485517502,2025-04-26 04:22:05.165338,2025-04-26 04:23:05.374164,0 days 00:01:00.208826,0.05890345322071265,192,1,1,32,0.2350615079606969,208,3,1,128,0.18560242430385498,80,2,2,96,0.29476958119298763,288,240.0,328.0,3,1,0.00036922074185031573,0.6,/work3/arnaou/checkpoints/groupgat_Omega_trial_2081_best_state.pt,"{'learning_rate': 0.00036922074185031573, 'lr_reduce': 0.6}",TPESampler,COMPLETE
2082,0.10695711523294449,2025-04-26 04:22:17.723077,2025-04-26 04:23:47.556513,0 days 00:01:29.833436,0.16538072133293258,224,2,2,64,0.1714784326960792,144,4,2,128,0.19218003878006254,64,1,3,64,0.17112682684918012,336,168.0,208.0,3,2,0.00037852880778098294,0.6,/work3/arnaou/checkpoints/groupgat_Omega_trial_2082_best_state.pt,"{'learning_rate': 0.00037852880778098294, 'lr_reduce': 0.6}",TPESampler,COMPLETE
2083,0.11554280668497086,2025-04-26 04:22:25.472846,2025-04-26 04:24:21.691528,0 days 00:01:56.218682,0.23198761212759922,144,3,2,32,0.21901325437115493,208,3,3,64,0.11959768709916392,80,2,1,32,0.027731278352938482,392,,,1,2,0.0010724998956743545,0.6,/work3/arnaou/checkpoints/groupgat_Omega_trial_2083_best_state.pt,"{'learning_rate': 0.0010724998956743545, 'lr_reduce': 0.6}",TPESampler,COMPLETE
2084,0.05707681179046631,2025-04-26 04:23:05.606714,2025-04-26 04:24:28.213471,0 days 00:01:22.606757,0.007077023565251245,208,1,1,48,0.14448721939924936,128,4,2,128,0.29640756861698425,64,2,2,96,0.12226298386111893,480,32.0,368.0,3,2,0.00017442435255669153,0.6,/work3/arnaou/checkpoints/groupgat_Omega_trial_2084_best_state.pt,"{'learning_rate': 0.00017442435255669153, 'lr_reduce': 0.6}",TPESampler,COMPLETE
2085,0.08567672222852707,2025-04-26 04:23:47.881240,2025-04-26 04:26:03.113545,0 days 00:02:15.232305,0.06875682892581209,208,4,3,96,0.06851424385814002,128,3,4,96,0.1644425948011729,128,4,4,128,0.1022264246959142,280,304.0,,2,2,0.00016760134319482374,0.6,/work3/arnaou/checkpoints/groupgat_Omega_trial_2085_best_state.pt,"{'learning_rate': 0.00016760134319482374, 'lr_reduce': 0.6}",TPESampler,COMPLETE
2086,0.059543754905462265,2025-04-26 04:24:21.871447,2025-04-26 04:25:51.879830,0 days 00:01:30.008383,0.0033761145020070327,96,3,3,32,0.21246506279104518,208,4,2,96,0.14677849629344675,96,1,4,112,0.1697628000013854,40,,,1,2,0.0013781548958529826,0.6,/work3/arnaou/checkpoints/groupgat_Omega_trial_2086_best_state.pt,"{'learning_rate': 0.0013781548958529826, 'lr_reduce': 0.6}",TPESampler,COMPLETE
2087,0.06986577808856964,2025-04-26 04:24:28.605522,2025-04-26 04:25:42.896176,0 days 00:01:14.290654,0.09963457171649115,160,2,4,128,0.11341776584912255,240,4,3,112,0.029759003714693366,48,2,1,128,0.2516993459546723,160,128.0,264.0,3,2,0.006637172242467733,0.6,/work3/arnaou/checkpoints/groupgat_Omega_trial_2087_best_state.pt,"{'learning_rate': 0.006637172242467733, 'lr_reduce': 0.6}",TPESampler,COMPLETE
2088,0.07000161707401276,2025-04-26 04:25:43.197406,2025-04-26 04:26:42.567655,0 days 00:00:59.370249,0.04321214870083631,224,3,2,32,0.17474601222913902,208,4,2,64,0.28913273421971997,32,2,1,80,0.2569336130541703,408,200.0,56.0,3,2,0.0011387517925837713,0.6,/work3/arnaou/checkpoints/groupgat_Omega_trial_2088_best_state.pt,"{'learning_rate': 0.0011387517925837713, 'lr_reduce': 0.6}",TPESampler,COMPLETE
2089,0.08200715482234955,2025-04-26 04:25:52.329171,2025-04-26 04:26:52.291791,0 days 00:00:59.962620,0.1756230000871353,96,1,3,64,0.1650978844384971,112,2,4,32,0.01848098010005564,64,1,1,64,0.10804636352206412,320,264.0,,2,1,0.001895954247156106,0.6,/work3/arnaou/checkpoints/groupgat_Omega_trial_2089_best_state.pt,"{'learning_rate': 0.001895954247156106, 'lr_reduce': 0.6}",TPESampler,COMPLETE
2090,0.0831703171133995,2025-04-26 04:26:03.513482,2025-04-26 04:27:35.099578,0 days 00:01:31.586096,0.24497910768919606,96,2,4,48,0.08474476106639658,208,4,2,64,0.12173543669742112,80,3,3,32,0.092318268699187,280,224.0,,2,2,0.003223198145649153,0.6,/work3/arnaou/checkpoints/groupgat_Omega_trial_2090_best_state.pt,"{'learning_rate': 0.003223198145649153, 'lr_reduce': 0.6}",TPESampler,COMPLETE
2091,0.06779313087463379,2025-04-26 04:26:42.785750,2025-04-26 04:27:35.875879,0 days 00:00:53.090129,0.07731394996453886,96,4,3,32,0.16104403557448452,256,1,1,112,0.2910232330095214,96,2,3,64,0.09752285819416373,40,488.0,312.0,3,1,0.0008221492085524307,0.6,/work3/arnaou/checkpoints/groupgat_Omega_trial_2091_best_state.pt,"{'learning_rate': 0.0008221492085524307, 'lr_reduce': 0.6}",TPESampler,COMPLETE
2092,0.07128401845693588,2025-04-26 04:26:52.589928,2025-04-26 04:28:19.456836,0 days 00:01:26.866908,0.2979749556426408,176,1,2,80,0.1535034330888191,224,2,3,80,0.16066686708494501,128,4,4,96,0.09559143687683809,296,104.0,392.0,3,2,0.00023338872163583606,0.6,/work3/arnaou/checkpoints/groupgat_Omega_trial_2092_best_state.pt,"{'learning_rate': 0.00023338872163583606, 'lr_reduce': 0.6}",TPESampler,COMPLETE
2093,0.05820942670106888,2025-04-26 04:27:35.416296,2025-04-26 04:28:33.485464,0 days 00:00:58.069168,0.10357525981240417,176,1,2,32,0.2553629673594856,176,4,1,96,0.2685594364489796,112,1,1,80,0.12276684452692228,496,432.0,480.0,3,2,0.0016640115984462266,0.6,/work3/arnaou/checkpoints/groupgat_Omega_trial_2093_best_state.pt,"{'learning_rate': 0.0016640115984462266, 'lr_reduce': 0.6}",TPESampler,COMPLETE
2094,0.06063663959503174,2025-04-26 04:27:36.099629,2025-04-26 04:28:49.044277,0 days 00:01:12.944648,0.0862617519528946,256,1,2,64,0.20771000114095012,256,3,3,128,0.2946502821922036,80,1,2,112,0.24798236820572278,384,168.0,336.0,3,2,0.0018701948406681364,0.6,/work3/arnaou/checkpoints/groupgat_Omega_trial_2094_best_state.pt,"{'learning_rate': 0.0018701948406681364, 'lr_reduce': 0.6}",TPESampler,COMPLETE
