number,value,datetime_start,datetime_complete,duration,params_L1_dropout,params_L1_hidden_dim,params_L1_layers_atom,params_L1_layers_mol,params_L1_out_dim,params_L2_dropout,params_L2_hidden_dim,params_L2_layers_atom,params_L2_layers_mol,params_L2_out_dim,params_L3_dropout,params_L3_hidden_dim,params_L3_layers_atom,params_L3_layers_mol,params_L3_out_dim,params_final_dropout,params_mlp_dim_0,params_mlp_dim_1,params_mlp_dim_2,params_n_mlp_layers,params_num_heads,params_train_learning_rate,params_train_lr_reduce,user_attrs_best_state_dict_path,user_attrs_training_params,system_attrs_auto:sampler,state
1053,0.05329125374555588,2025-04-25 21:15:58.548776,2025-04-25 21:17:18.755932,0 days 00:01:20.207156,0.030739942643693386,176,1,2,64,0.22888537137852427,256,3,1,128,0.24999863225910518,64,3,2,96,0.2520656901063166,512,176.0,328.0,3,2,0.00019334238187103503,0.6,/work3/arnaou/checkpoints/groupgat_Omega_trial_1053_best_state.pt,"{'learning_rate': 0.00019334238187103503, 'lr_reduce': 0.6}",TPESampler,COMPLETE
1054,0.07666411995887756,2025-04-25 21:16:02.927974,2025-04-25 21:17:40.640463,0 days 00:01:37.712489,0.13675574034463917,128,1,2,32,0.2632340965149296,176,4,1,112,0.2411126111809954,64,3,1,128,0.14548072208376678,512,248.0,384.0,3,2,0.00011361235512737045,0.6,/work3/arnaou/checkpoints/groupgat_Omega_trial_1054_best_state.pt,"{'learning_rate': 0.00011361235512737045, 'lr_reduce': 0.6}",TPESampler,COMPLETE
1055,0.05649149417877197,2025-04-25 21:16:23.394734,2025-04-25 21:17:36.006038,0 days 00:01:12.611304,0.01441374041576734,192,2,1,112,0.10043865940693802,208,4,1,96,0.10116714441440443,48,3,2,128,0.2064006674116878,504,304.0,328.0,3,2,0.0007735635849400885,0.6,/work3/arnaou/checkpoints/groupgat_Omega_trial_1055_best_state.pt,"{'learning_rate': 0.0007735635849400885, 'lr_reduce': 0.6}",TPESampler,COMPLETE
1056,0.054056935012340546,2025-04-25 21:17:18.984596,2025-04-25 21:19:04.814942,0 days 00:01:45.830346,0.1262515666491078,240,1,2,128,0.20957586773574938,224,4,2,112,0.21293196432031194,48,3,3,64,0.19838217645033895,496,168.0,320.0,3,2,0.0006561056520454997,0.6,/work3/arnaou/checkpoints/groupgat_Omega_trial_1056_best_state.pt,"{'learning_rate': 0.0006561056520454997, 'lr_reduce': 0.6}",TPESampler,COMPLETE
1057,0.06266463547945023,2025-04-25 21:17:36.363911,2025-04-25 21:18:47.241159,0 days 00:01:10.877248,0.03290825307715596,208,2,2,112,0.15479445477756984,176,3,3,64,0.13972365111902463,48,4,3,96,0.19454601610480166,440,256.0,384.0,3,2,0.0006260402432428379,0.6,/work3/arnaou/checkpoints/groupgat_Omega_trial_1057_best_state.pt,"{'learning_rate': 0.0006260402432428379, 'lr_reduce': 0.6}",TPESampler,COMPLETE
1058,0.06407437473535538,2025-04-25 21:17:40.964589,2025-04-25 21:18:45.131853,0 days 00:01:04.167264,0.09311857420202944,224,1,3,48,0.1901382086741193,256,3,1,128,0.10187817632823583,48,2,1,96,0.26046923994868887,472,216.0,,2,1,0.0011446674253065186,0.6,/work3/arnaou/checkpoints/groupgat_Omega_trial_1058_best_state.pt,"{'learning_rate': 0.0011446674253065186, 'lr_reduce': 0.6}",TPESampler,COMPLETE
1059,0.05540377274155617,2025-04-25 21:18:45.335716,2025-04-25 21:20:04.751987,0 days 00:01:19.416271,0.03491527501567748,208,1,2,112,0.21065246810072835,208,4,2,96,0.08802130269015056,112,4,4,80,0.24786999609711502,456,312.0,32.0,3,2,0.0009717991597908481,0.6,/work3/arnaou/checkpoints/groupgat_Omega_trial_1059_best_state.pt,"{'learning_rate': 0.0009717991597908481, 'lr_reduce': 0.6}",TPESampler,COMPLETE
1060,0.06635762751102448,2025-04-25 21:18:47.738914,2025-04-25 21:20:18.711533,0 days 00:01:30.972619,0.04513486495117554,160,2,1,96,0.0023531155756144895,256,3,2,96,0.2419148210313336,64,4,4,64,0.12308139120110922,304,256.0,,2,2,0.0001384659174515259,0.6,/work3/arnaou/checkpoints/groupgat_Omega_trial_1060_best_state.pt,"{'learning_rate': 0.0001384659174515259, 'lr_reduce': 0.6}",TPESampler,COMPLETE
1061,0.06428016722202301,2025-04-25 21:19:05.067418,2025-04-25 21:21:26.438953,0 days 00:02:21.371535,0.08799310785776313,256,2,1,112,0.20034568764317162,208,4,1,80,0.16462087677940426,80,4,1,48,0.27885741157524685,464,192.0,320.0,3,2,0.0014130127786124952,0.6,/work3/arnaou/checkpoints/groupgat_Omega_trial_1061_best_state.pt,"{'learning_rate': 0.0014130127786124952, 'lr_reduce': 0.6}",TPESampler,COMPLETE
1062,0.05434895679354668,2025-04-25 21:20:05.175828,2025-04-25 21:21:31.173870,0 days 00:01:25.998042,0.04327322280978183,240,1,2,80,0.17223492140570124,208,4,2,128,0.2768987476395243,32,4,3,80,0.20147413278126364,488,256.0,352.0,3,2,0.0009876059860252275,0.6,/work3/arnaou/checkpoints/groupgat_Omega_trial_1062_best_state.pt,"{'learning_rate': 0.0009876059860252275, 'lr_reduce': 0.6}",TPESampler,COMPLETE
1063,0.05969124287366867,2025-04-25 21:20:18.945772,2025-04-25 21:21:57.737806,0 days 00:01:38.792034,0.01131297875462102,144,2,1,96,0.037615146363222725,160,3,3,48,0.2367829013304323,48,4,4,48,0.14330013888355042,320,160.0,,2,2,0.00020485116950102767,0.6,/work3/arnaou/checkpoints/groupgat_Omega_trial_1063_best_state.pt,"{'learning_rate': 0.00020485116950102767, 'lr_reduce': 0.6}",TPESampler,COMPLETE
1064,0.07798048108816147,2025-04-25 21:21:26.654845,2025-04-25 21:22:56.284773,0 days 00:01:29.629928,0.07840013520975177,240,2,1,96,0.12845227861098477,176,4,2,80,0.12512829290927857,80,3,3,96,0.2508329304749334,352,216.0,304.0,3,2,0.000100445537794963,0.6,/work3/arnaou/checkpoints/groupgat_Omega_trial_1064_best_state.pt,"{'learning_rate': 0.000100445537794963, 'lr_reduce': 0.6}",TPESampler,COMPLETE
1065,0.06190864369273186,2025-04-25 21:21:31.483769,2025-04-25 21:22:39.520273,0 days 00:01:08.036504,0.029973830244504316,256,2,1,96,0.15236435018706515,192,4,1,80,0.18534541092215323,64,4,3,112,0.11691013133893025,432,264.0,392.0,3,2,0.001474144671174267,0.6,/work3/arnaou/checkpoints/groupgat_Omega_trial_1065_best_state.pt,"{'learning_rate': 0.001474144671174267, 'lr_reduce': 0.6}",TPESampler,COMPLETE
1066,0.05773966386914253,2025-04-25 21:21:58.036881,2025-04-25 21:23:23.902758,0 days 00:01:25.865877,0.11260769489619256,256,1,1,96,0.2058108597580033,208,4,1,80,0.19475577099331748,128,4,3,80,0.26904688734476756,480,312.0,320.0,3,2,0.00043633732433028276,0.6,/work3/arnaou/checkpoints/groupgat_Omega_trial_1066_best_state.pt,"{'learning_rate': 0.00043633732433028276, 'lr_reduce': 0.6}",TPESampler,COMPLETE
1067,0.0908799022436142,2025-04-25 21:22:39.821811,2025-04-25 21:24:39.296724,0 days 00:01:59.474913,0.04092500895133221,240,1,1,112,0.22703506775763022,192,4,3,48,0.14981089003041095,32,4,4,64,0.15143950226834674,472,160.0,352.0,3,2,0.00031772705247758306,0.6,/work3/arnaou/checkpoints/groupgat_Omega_trial_1067_best_state.pt,"{'learning_rate': 0.00031772705247758306, 'lr_reduce': 0.6}",TPESampler,COMPLETE
1068,0.0628255158662796,2025-04-25 21:22:56.485098,2025-04-25 21:24:03.783903,0 days 00:01:07.298805,0.027122686900891847,192,1,1,80,0.06863036801603177,192,4,2,96,0.2423803948981622,64,3,4,80,0.14671382268449518,384,216.0,304.0,3,2,0.0006231602358326308,0.6,/work3/arnaou/checkpoints/groupgat_Omega_trial_1068_best_state.pt,"{'learning_rate': 0.0006231602358326308, 'lr_reduce': 0.6}",TPESampler,COMPLETE
1069,0.06082259491086006,2025-04-25 21:23:24.123114,2025-04-25 21:25:15.078436,0 days 00:01:50.955322,0.04827308792075209,208,1,1,64,0.1841628369171026,160,4,1,64,0.004321317362905058,80,4,4,80,0.10728694387368118,504,224.0,368.0,3,2,0.0003076299681333677,0.6,/work3/arnaou/checkpoints/groupgat_Omega_trial_1069_best_state.pt,"{'learning_rate': 0.0003076299681333677, 'lr_reduce': 0.6}",TPESampler,COMPLETE
1070,0.057453591376543045,2025-04-25 21:24:03.971006,2025-04-25 21:25:23.543860,0 days 00:01:19.572854,0.03876681883654402,240,1,1,48,0.013511787917227666,144,4,3,112,0.2508025547595012,48,3,3,64,0.28620252938866175,424,272.0,296.0,3,1,0.00036215169775977206,0.6,/work3/arnaou/checkpoints/groupgat_Omega_trial_1070_best_state.pt,"{'learning_rate': 0.00036215169775977206, 'lr_reduce': 0.6}",TPESampler,COMPLETE
1071,0.05676639825105667,2025-04-25 21:24:39.549924,2025-04-25 21:25:36.488714,0 days 00:00:56.938790,0.009473628034792802,192,1,1,32,0.057458396914530876,224,4,1,128,0.2205593781859779,64,2,3,64,0.2605318777868062,384,320.0,392.0,3,1,0.0007543322318891659,0.6,/work3/arnaou/checkpoints/groupgat_Omega_trial_1071_best_state.pt,"{'learning_rate': 0.0007543322318891659, 'lr_reduce': 0.6}",TPESampler,COMPLETE
1072,0.06230972334742546,2025-04-25 21:25:15.358661,2025-04-25 21:26:45.725855,0 days 00:01:30.367194,0.056155078474841295,224,2,3,80,0.1042852342684014,112,3,2,128,0.2657986686419024,80,4,4,64,0.28717694212812356,416,,,1,2,0.0007257446778357576,0.6,/work3/arnaou/checkpoints/groupgat_Omega_trial_1072_best_state.pt,"{'learning_rate': 0.0007257446778357576, 'lr_reduce': 0.6}",TPESampler,COMPLETE
1073,0.054164666682481766,2025-04-25 21:25:23.751065,2025-04-25 21:27:01.343763,0 days 00:01:37.592698,0.08073227477081439,240,1,1,112,0.09993583918681098,240,4,2,32,0.1438950851641026,96,3,3,96,0.17111032371396953,456,176.0,336.0,3,2,0.0003209245936696351,0.6,/work3/arnaou/checkpoints/groupgat_Omega_trial_1073_best_state.pt,"{'learning_rate': 0.0003209245936696351, 'lr_reduce': 0.6}",TPESampler,COMPLETE
1074,0.05683355778455734,2025-04-25 21:25:36.684516,2025-04-25 21:26:55.042673,0 days 00:01:18.358157,0.18938205529043892,240,1,1,80,0.18887445502727876,128,3,1,112,0.28438641437075785,48,3,3,32,0.2708357625815026,408,256.0,312.0,3,2,0.0005043116468282992,0.6,/work3/arnaou/checkpoints/groupgat_Omega_trial_1074_best_state.pt,"{'learning_rate': 0.0005043116468282992, 'lr_reduce': 0.6}",TPESampler,COMPLETE
1075,0.06911911815404892,2025-04-25 21:26:45.960531,2025-04-25 21:27:47.757361,0 days 00:01:01.796830,0.04787022162985727,208,2,1,64,0.017925659810113015,224,2,3,80,0.13123919950558538,32,4,4,48,0.01540068638104039,456,224.0,392.0,3,2,0.0028930425540397552,0.6,/work3/arnaou/checkpoints/groupgat_Omega_trial_1075_best_state.pt,"{'learning_rate': 0.0028930425540397552, 'lr_reduce': 0.6}",TPESampler,COMPLETE
1076,0.057524118572473526,2025-04-25 21:26:55.262578,2025-04-25 21:27:49.643848,0 days 00:00:54.381270,0.00743102176676566,112,1,2,32,0.03228326460828345,160,1,1,112,0.09787538125834876,32,2,3,96,0.21043255980645123,488,176.0,296.0,3,2,0.000833970879740872,0.6,/work3/arnaou/checkpoints/groupgat_Omega_trial_1076_best_state.pt,"{'learning_rate': 0.000833970879740872, 'lr_reduce': 0.6}",TPESampler,COMPLETE
1077,0.0586501881480217,2025-04-25 21:27:01.565521,2025-04-25 21:28:06.670994,0 days 00:01:05.105473,0.1193205475591424,224,1,1,96,0.20295670612190875,224,4,1,96,0.11034635512663957,80,4,3,64,0.21799415702637456,504,312.0,352.0,3,2,0.0005919416448475006,0.6,/work3/arnaou/checkpoints/groupgat_Omega_trial_1077_best_state.pt,"{'learning_rate': 0.0005919416448475006, 'lr_reduce': 0.6}",TPESampler,COMPLETE
1078,0.05199586972594261,2025-04-25 21:27:48.004978,2025-04-25 21:29:15.865802,0 days 00:01:27.860824,0.021805625838228013,256,1,1,48,0.047125568053670276,160,4,2,80,0.286557836259533,48,4,4,80,0.2374183154566651,344,256.0,288.0,3,2,0.0004411236211247556,0.6,/work3/arnaou/checkpoints/groupgat_Omega_trial_1078_best_state.pt,"{'learning_rate': 0.0004411236211247556, 'lr_reduce': 0.6}",TPESampler,COMPLETE
1079,0.06099395081400871,2025-04-25 21:27:49.968609,2025-04-25 21:29:25.539339,0 days 00:01:35.570730,0.02906944412908114,240,1,1,64,0.1028359349816627,176,4,1,112,0.27339545315095176,48,3,4,80,0.29899193702608456,424,208.0,336.0,3,2,0.004236308347127793,0.6,/work3/arnaou/checkpoints/groupgat_Omega_trial_1079_best_state.pt,"{'learning_rate': 0.004236308347127793, 'lr_reduce': 0.6}",TPESampler,COMPLETE
1080,0.06452956050634384,2025-04-25 21:28:06.898866,2025-04-25 21:29:26.254181,0 days 00:01:19.355315,0.09774692625744691,160,1,1,32,0.0434459467935895,208,4,1,80,0.2649024048295076,48,3,2,96,0.23544952253601895,352,168.0,,2,2,0.000619196389174046,0.6,/work3/arnaou/checkpoints/groupgat_Omega_trial_1080_best_state.pt,"{'learning_rate': 0.000619196389174046, 'lr_reduce': 0.6}",TPESampler,COMPLETE
1081,0.058589380234479904,2025-04-25 21:29:16.113281,2025-04-25 21:30:38.061259,0 days 00:01:21.947978,0.004437635640252312,224,1,1,96,0.18274860087903422,192,4,3,80,0.16792272411243492,64,4,4,128,0.25695133576139895,432,280.0,32.0,3,2,0.00032165735494617097,0.6,/work3/arnaou/checkpoints/groupgat_Omega_trial_1081_best_state.pt,"{'learning_rate': 0.00032165735494617097, 'lr_reduce': 0.6}",TPESampler,COMPLETE
1082,0.06591623276472092,2025-04-25 21:29:25.785676,2025-04-25 21:30:10.063329,0 days 00:00:44.277653,0.1282060479210677,176,1,2,32,0.2546635516404511,192,4,1,64,0.27189141868953054,112,1,1,80,0.2712289148844887,456,232.0,400.0,3,1,0.0010286977537426795,0.6,/work3/arnaou/checkpoints/groupgat_Omega_trial_1082_best_state.pt,"{'learning_rate': 0.0010286977537426795, 'lr_reduce': 0.6}",TPESampler,COMPLETE
1083,0.05919419974088669,2025-04-25 21:29:26.448269,2025-04-25 21:30:49.802001,0 days 00:01:23.353732,0.0018080194171130534,256,2,3,48,0.07228800909321806,176,4,1,128,0.24774100620516443,128,2,1,80,0.1294323398272691,256,152.0,296.0,3,2,0.0003002896228615484,0.6,/work3/arnaou/checkpoints/groupgat_Omega_trial_1083_best_state.pt,"{'learning_rate': 0.0003002896228615484, 'lr_reduce': 0.6}",TPESampler,COMPLETE
1084,0.05516955628991127,2025-04-25 21:30:10.364724,2025-04-25 21:31:28.009094,0 days 00:01:17.644370,0.07808961637792021,256,1,1,80,0.1331984464335381,208,4,3,96,0.15637644895339162,80,4,3,96,0.17131869189634555,456,320.0,376.0,3,2,0.00043060713909437383,0.6,/work3/arnaou/checkpoints/groupgat_Omega_trial_1084_best_state.pt,"{'learning_rate': 0.00043060713909437383, 'lr_reduce': 0.6}",TPESampler,COMPLETE
1085,0.06126450374722481,2025-04-25 21:30:38.322824,2025-04-25 21:32:32.758065,0 days 00:01:54.435241,0.1277877818574885,224,2,1,64,0.1407058948483928,160,4,2,48,0.15295523029272703,32,4,4,64,0.1300344273896773,440,264.0,,2,2,0.0007353684660300784,0.6,/work3/arnaou/checkpoints/groupgat_Omega_trial_1085_best_state.pt,"{'learning_rate': 0.0007353684660300784, 'lr_reduce': 0.6}",TPESampler,COMPLETE
1086,0.05502508208155632,2025-04-25 21:30:50.057666,2025-04-25 21:32:12.520679,0 days 00:01:22.463013,0.059334557027301366,256,1,2,96,0.12435256548001307,224,3,3,96,0.2140557442797031,32,4,4,32,0.05022895151438113,408,208.0,336.0,3,2,0.0006530353745103489,0.6,/work3/arnaou/checkpoints/groupgat_Omega_trial_1086_best_state.pt,"{'learning_rate': 0.0006530353745103489, 'lr_reduce': 0.6}",TPESampler,COMPLETE
1087,0.06133656948804855,2025-04-25 21:31:28.273541,2025-04-25 21:32:50.498659,0 days 00:01:22.225118,0.1736536630043125,128,2,2,32,0.1594982745852516,160,3,3,80,0.20445517313952288,32,2,2,112,0.26884907631865806,408,152.0,280.0,3,2,0.001013099783345847,0.6,/work3/arnaou/checkpoints/groupgat_Omega_trial_1087_best_state.pt,"{'learning_rate': 0.001013099783345847, 'lr_reduce': 0.6}",TPESampler,COMPLETE
1088,0.061581213027238846,2025-04-25 21:32:12.731772,2025-04-25 21:34:02.847952,0 days 00:01:50.116180,0.016157726383440374,96,2,3,128,0.084595228248238,176,4,3,80,0.016446954378153605,32,2,4,48,0.018734468654258374,96,264.0,,2,2,0.00042509313986682654,0.6,/work3/arnaou/checkpoints/groupgat_Omega_trial_1088_best_state.pt,"{'learning_rate': 0.00042509313986682654, 'lr_reduce': 0.6}",TPESampler,COMPLETE
1089,0.05428329482674599,2025-04-25 21:32:33.026468,2025-04-25 21:33:39.483091,0 days 00:01:06.456623,0.020597387260437652,112,2,3,64,0.050673635024216734,256,1,1,128,0.20463064505401568,32,2,3,128,0.12766581346700717,512,216.0,344.0,3,2,0.0003712986098626883,0.6,/work3/arnaou/checkpoints/groupgat_Omega_trial_1089_best_state.pt,"{'learning_rate': 0.0003712986098626883, 'lr_reduce': 0.6}",TPESampler,COMPLETE
1090,0.06730932742357254,2025-04-25 21:32:50.778605,2025-04-25 21:33:55.273179,0 days 00:01:04.494574,0.0537059924192472,240,3,3,48,0.09491181770841405,224,4,2,128,0.2430613455858862,112,1,1,64,0.20176383142390308,376,272.0,280.0,3,1,0.00037598750449346544,0.6,/work3/arnaou/checkpoints/groupgat_Omega_trial_1090_best_state.pt,"{'learning_rate': 0.00037598750449346544, 'lr_reduce': 0.6}",TPESampler,COMPLETE
1091,0.05930760130286217,2025-04-25 21:33:39.793491,2025-04-25 21:34:49.147346,0 days 00:01:09.353855,0.0538282907793365,224,1,1,64,0.16947040209287587,224,3,2,112,0.22890450085994343,32,1,2,32,0.12611470687977527,296,152.0,,2,2,0.0008388258311163897,0.6,/work3/arnaou/checkpoints/groupgat_Omega_trial_1091_best_state.pt,"{'learning_rate': 0.0008388258311163897, 'lr_reduce': 0.6}",TPESampler,COMPLETE
1092,0.05874629691243172,2025-04-25 21:33:55.505110,2025-04-25 21:34:59.771970,0 days 00:01:04.266860,0.019785365082265777,224,2,1,96,0.10320283046555548,224,3,3,48,0.19066372684746033,32,4,4,64,0.10585184819687293,344,312.0,344.0,3,2,0.0007468144457029439,0.6,/work3/arnaou/checkpoints/groupgat_Omega_trial_1092_best_state.pt,"{'learning_rate': 0.0007468144457029439, 'lr_reduce': 0.6}",TPESampler,COMPLETE
1093,0.060781437903642654,2025-04-25 21:34:03.208257,2025-04-25 21:35:27.754951,0 days 00:01:24.546694,0.10018434487623823,160,1,1,64,0.04259949650043553,144,4,1,112,0.24591320554049462,32,4,2,112,0.27551335100892765,408,216.0,32.0,3,2,0.000404919123532461,0.6,/work3/arnaou/checkpoints/groupgat_Omega_trial_1093_best_state.pt,"{'learning_rate': 0.000404919123532461, 'lr_reduce': 0.6}",TPESampler,COMPLETE
1094,0.05919511616230011,2025-04-25 21:34:49.381783,2025-04-25 21:35:44.922867,0 days 00:00:55.541084,0.02077574718985151,256,2,2,64,0.21785487568631662,256,4,1,112,0.19999062305986876,64,3,4,112,0.23279832450483556,416,256.0,,2,2,0.0007794737166518479,0.6,/work3/arnaou/checkpoints/groupgat_Omega_trial_1094_best_state.pt,"{'learning_rate': 0.0007794737166518479, 'lr_reduce': 0.6}",TPESampler,COMPLETE
1095,0.07433997094631195,2025-04-25 21:34:59.951649,2025-04-25 21:36:06.580294,0 days 00:01:06.628645,0.10243990947912844,112,2,2,32,0.13840864960756377,256,4,2,128,0.17984380982776174,32,2,2,64,0.29879143130293095,384,160.0,328.0,3,1,0.0005786493257473532,0.6,/work3/arnaou/checkpoints/groupgat_Omega_trial_1095_best_state.pt,"{'learning_rate': 0.0005786493257473532, 'lr_reduce': 0.6}",TPESampler,COMPLETE
1096,0.05331467464566231,2025-04-25 21:35:27.995818,2025-04-25 21:36:41.384289,0 days 00:01:13.388471,0.07390011781239092,144,2,1,32,0.13209362657148344,176,4,2,64,0.2785145494857496,48,2,3,96,0.2950328285882889,488,224.0,400.0,3,2,0.0005712008957137382,0.6,/work3/arnaou/checkpoints/groupgat_Omega_trial_1096_best_state.pt,"{'learning_rate': 0.0005712008957137382, 'lr_reduce': 0.6}",TPESampler,COMPLETE
1097,0.06254658848047256,2025-04-25 21:35:45.235055,2025-04-25 21:36:59.317684,0 days 00:01:14.082629,0.10614444053802416,208,1,2,32,0.29693524495871426,144,4,1,112,0.19380930363809473,96,1,2,80,0.2519360707333287,368,304.0,264.0,3,2,0.0007537952393975511,0.6,/work3/arnaou/checkpoints/groupgat_Omega_trial_1097_best_state.pt,"{'learning_rate': 0.0007537952393975511, 'lr_reduce': 0.6}",TPESampler,COMPLETE
1098,0.057921621948480606,2025-04-25 21:36:06.840425,2025-04-25 21:37:03.472316,0 days 00:00:56.631891,0.010668404016073867,256,1,1,64,0.12742204575757277,192,4,2,64,0.10886086098717473,48,4,4,64,0.13737861976313961,512,152.0,304.0,3,2,0.0013898474965606633,0.6,/work3/arnaou/checkpoints/groupgat_Omega_trial_1098_best_state.pt,"{'learning_rate': 0.0013898474965606633, 'lr_reduce': 0.6}",TPESampler,COMPLETE
1099,0.07004258781671524,2025-04-25 21:36:41.734545,2025-04-25 21:37:56.053431,0 days 00:01:14.318886,0.027784078367811035,208,1,1,48,0.2569738815210563,224,4,1,96,0.2301165477116294,112,1,2,96,0.15140835345808246,448,216.0,360.0,3,2,0.0004066857611747816,0.6,/work3/arnaou/checkpoints/groupgat_Omega_trial_1099_best_state.pt,"{'learning_rate': 0.0004066857611747816, 'lr_reduce': 0.6}",TPESampler,COMPLETE
1100,0.06270017474889755,2025-04-25 21:36:59.549427,2025-04-25 21:38:32.742859,0 days 00:01:33.193432,0.06109093564732693,112,1,1,80,0.008656475716081947,208,3,3,80,0.20237205621305102,32,4,4,64,0.18640917405599197,360,280.0,312.0,3,2,0.00024241731128582742,0.6,/work3/arnaou/checkpoints/groupgat_Omega_trial_1100_best_state.pt,"{'learning_rate': 0.00024241731128582742, 'lr_reduce': 0.6}",TPESampler,COMPLETE
1101,0.06067853420972824,2025-04-25 21:37:03.763297,2025-04-25 21:38:11.186259,0 days 00:01:07.422962,0.03270339835065003,256,1,1,128,0.06072317185621624,160,3,2,80,0.1438290715453297,64,4,3,80,0.11756528171041633,440,248.0,392.0,3,2,0.0014053051752262182,0.6,/work3/arnaou/checkpoints/groupgat_Omega_trial_1101_best_state.pt,"{'learning_rate': 0.0014053051752262182, 'lr_reduce': 0.6}",TPESampler,COMPLETE
1102,0.05287795141339302,2025-04-25 21:37:56.295600,2025-04-25 21:39:23.008746,0 days 00:01:26.713146,0.03307351968615493,208,2,3,32,0.09884217465307021,208,4,2,128,0.2570334647831459,96,1,1,64,0.19014834344062756,432,160.0,256.0,3,2,0.00030532471315344807,0.6,/work3/arnaou/checkpoints/groupgat_Omega_trial_1102_best_state.pt,"{'learning_rate': 0.00030532471315344807, 'lr_reduce': 0.6}",TPESampler,COMPLETE
1103,0.0573454312980175,2025-04-25 21:38:11.456628,2025-04-25 21:39:27.508121,0 days 00:01:16.051493,0.024474366074103002,208,1,1,64,0.038515630016099485,256,2,2,64,0.23846940350424747,32,4,4,48,0.0318103386762167,288,200.0,352.0,3,2,0.0005226673098131426,0.6,/work3/arnaou/checkpoints/groupgat_Omega_trial_1103_best_state.pt,"{'learning_rate': 0.0005226673098131426, 'lr_reduce': 0.6}",TPESampler,COMPLETE
1104,0.05841786414384842,2025-04-25 21:38:33.006876,2025-04-25 21:39:38.631276,0 days 00:01:05.624400,0.005766656537845558,240,1,3,48,0.0035494308409483033,176,4,1,128,0.2001484660199194,32,2,3,96,0.2626662651425502,288,320.0,296.0,3,1,0.00046490599344615915,0.6,/work3/arnaou/checkpoints/groupgat_Omega_trial_1104_best_state.pt,"{'learning_rate': 0.00046490599344615915, 'lr_reduce': 0.6}",TPESampler,COMPLETE
