number,value,datetime_start,datetime_complete,duration,params_L1_dropout,params_L1_hidden_dim,params_L1_layers_atom,params_L1_layers_mol,params_L1_out_dim,params_L2_dropout,params_L2_hidden_dim,params_L2_layers_atom,params_L2_layers_mol,params_L2_out_dim,params_L3_dropout,params_L3_hidden_dim,params_L3_layers_atom,params_L3_layers_mol,params_L3_out_dim,params_final_dropout,params_mlp_dim_0,params_mlp_dim_1,params_mlp_dim_2,params_n_mlp_layers,params_num_heads,params_train_learning_rate,params_train_lr_reduce,user_attrs_best_state_dict_path,user_attrs_training_params,system_attrs_auto:sampler,state
104,0.09830186516046524,2025-04-25 14:33:54.817132,2025-04-25 14:36:44.388801,0 days 00:02:49.571669,0.08444676488680262,112,4,2,32,0.18006170680459344,144,2,2,128,0.13386728542137968,32,3,3,112,0.15831440145695244,352,240.0,352.0,3,2,0.00015597721718418805,0.6,/work3/arnaou/checkpoints/groupgat_Omega_trial_104_best_state.pt,"{'learning_rate': 0.00015597721718418805, 'lr_reduce': 0.6}",TPESampler,COMPLETE
105,0.05502873659133911,2025-04-25 14:34:34.145504,2025-04-25 14:35:48.054769,0 days 00:01:13.909265,0.009995180076634372,160,1,1,96,0.1153135961850832,208,3,1,112,0.22391975261420355,48,4,4,128,0.13915753473854306,512,344.0,,2,2,0.00046066161231701297,0.6,/work3/arnaou/checkpoints/groupgat_Omega_trial_105_best_state.pt,"{'learning_rate': 0.00046066161231701297, 'lr_reduce': 0.6}",TPESampler,COMPLETE
106,0.05310602858662605,2025-04-25 14:35:13.491592,2025-04-25 14:36:19.215175,0 days 00:01:05.723583,0.04305495469705077,224,1,1,32,0.06079566138862282,112,4,2,64,0.24797515092373262,32,3,3,128,0.21703725247190386,512,296.0,304.0,3,2,0.0008110327079640803,0.6,/work3/arnaou/checkpoints/groupgat_Omega_trial_106_best_state.pt,"{'learning_rate': 0.0008110327079640803, 'lr_reduce': 0.6}",TPESampler,COMPLETE
107,0.09160945564508438,2025-04-25 14:35:48.286850,2025-04-25 14:37:24.961093,0 days 00:01:36.674243,0.08209628912082928,96,1,2,112,0.18582641716610016,176,4,2,96,0.16219083178479385,48,4,3,128,0.06714886466235251,512,336.0,,2,2,0.00021558152424951558,0.6,/work3/arnaou/checkpoints/groupgat_Omega_trial_107_best_state.pt,"{'learning_rate': 0.00021558152424951558, 'lr_reduce': 0.6}",TPESampler,COMPLETE
108,0.08921477198600769,2025-04-25 14:36:19.351753,2025-04-25 14:37:03.996620,0 days 00:00:44.644867,0.04009767598808525,128,4,2,32,0.2322437773825724,144,1,2,96,0.17769467046318255,32,1,4,128,0.2550732805255106,304,288.0,272.0,3,2,0.003312869029463844,0.6,/work3/arnaou/checkpoints/groupgat_Omega_trial_108_best_state.pt,"{'learning_rate': 0.003312869029463844, 'lr_reduce': 0.6}",TPESampler,COMPLETE
109,0.059597380459308624,2025-04-25 14:36:44.579734,2025-04-25 14:38:20.911130,0 days 00:01:36.331396,0.024561524673457718,256,2,2,32,0.044610889326324094,96,4,2,80,0.2957284710008525,48,2,3,112,0.15982619757647032,472,304.0,280.0,3,2,0.001126835100218596,0.6,/work3/arnaou/checkpoints/groupgat_Omega_trial_109_best_state.pt,"{'learning_rate': 0.001126835100218596, 'lr_reduce': 0.6}",TPESampler,COMPLETE
110,0.055013418197631836,2025-04-25 14:37:04.278914,2025-04-25 14:38:05.467814,0 days 00:01:01.188900,0.0027905557124350763,224,1,2,48,0.075516060177571,128,4,1,80,0.08689943427678556,32,3,4,128,0.23316040309538705,432,288.0,192.0,3,2,0.0011210725827670131,0.6,/work3/arnaou/checkpoints/groupgat_Omega_trial_110_best_state.pt,"{'learning_rate': 0.0011210725827670131, 'lr_reduce': 0.6}",TPESampler,COMPLETE
111,0.06429414451122284,2025-04-25 14:37:25.244200,2025-04-25 14:38:43.448049,0 days 00:01:18.203849,0.05765341058301035,112,2,3,32,0.0815764443270429,112,4,1,128,0.2192824685918526,48,2,3,112,0.23974402812728035,416,288.0,,2,2,0.0004853328331597987,0.6,/work3/arnaou/checkpoints/groupgat_Omega_trial_111_best_state.pt,"{'learning_rate': 0.0004853328331597987, 'lr_reduce': 0.6}",TPESampler,COMPLETE
112,0.0542885959148407,2025-04-25 14:38:05.709768,2025-04-25 14:39:28.912784,0 days 00:01:23.203016,0.07617047056712883,192,1,1,32,0.10715831147206412,64,4,3,48,0.2036321772134197,32,4,3,128,0.17322943230072368,448,376.0,,2,2,0.0008730388633974508,0.6,/work3/arnaou/checkpoints/groupgat_Omega_trial_112_best_state.pt,"{'learning_rate': 0.0008730388633974508, 'lr_reduce': 0.6}",TPESampler,COMPLETE
113,0.057275526225566864,2025-04-25 14:38:21.068077,2025-04-25 14:39:05.435498,0 days 00:00:44.367421,0.08905750311883134,256,1,3,48,0.12241586334383614,192,3,1,80,0.03057941110787108,32,4,3,128,0.16991436977147778,408,288.0,152.0,3,2,0.003565316754903187,0.6,/work3/arnaou/checkpoints/groupgat_Omega_trial_113_best_state.pt,"{'learning_rate': 0.003565316754903187, 'lr_reduce': 0.6}",TPESampler,COMPLETE
114,0.0560605525970459,2025-04-25 14:38:43.622369,2025-04-25 14:39:43.399206,0 days 00:00:59.776837,0.0060341202203291495,240,2,2,96,0.0019205422559458868,80,4,1,48,0.016264741120891657,32,3,3,128,0.162949977124896,496,280.0,184.0,3,2,0.0008951734141430799,0.6,/work3/arnaou/checkpoints/groupgat_Omega_trial_114_best_state.pt,"{'learning_rate': 0.0008951734141430799, 'lr_reduce': 0.6}",TPESampler,COMPLETE
115,0.0609506294131279,2025-04-25 14:39:05.719838,2025-04-25 14:40:23.043197,0 days 00:01:17.323359,0.020487511422299678,224,1,2,64,0.12288080560238725,128,4,2,48,0.0817682015066164,48,3,4,128,0.2548953219882346,408,288.0,192.0,3,2,0.0003927095446625082,0.6,/work3/arnaou/checkpoints/groupgat_Omega_trial_115_best_state.pt,"{'learning_rate': 0.0003927095446625082, 'lr_reduce': 0.6}",TPESampler,COMPLETE
116,0.17394039034843445,2025-04-25 14:39:29.041610,2025-04-25 14:42:08.126441,0 days 00:02:39.084831,0.15062492876792055,192,1,1,48,0.0660808123641031,80,4,3,32,0.15842677875816466,64,4,2,128,0.18824735369368062,416,416.0,328.0,3,2,0.00015587548651847035,0.6,/work3/arnaou/checkpoints/groupgat_Omega_trial_116_best_state.pt,"{'learning_rate': 0.00015587548651847035, 'lr_reduce': 0.6}",TPESampler,COMPLETE
117,0.0809885784983635,2025-04-25 14:39:43.551131,2025-04-25 14:41:09.712181,0 days 00:01:26.161050,0.06927100762641669,208,1,2,32,0.1721587871687631,64,4,4,48,0.24513294522386708,48,3,3,128,0.2083891371518869,496,,,1,2,0.0009128781838941205,0.6,/work3/arnaou/checkpoints/groupgat_Omega_trial_117_best_state.pt,"{'learning_rate': 0.0009128781838941205, 'lr_reduce': 0.6}",TPESampler,COMPLETE
118,0.07618371397256851,2025-04-25 14:40:23.221788,2025-04-25 14:41:34.036585,0 days 00:01:10.814797,0.10662614885968438,160,1,2,32,0.011043157687943894,112,3,3,48,0.17240438922340795,64,4,4,112,0.15076057012316527,504,376.0,,2,2,0.0021459873544025163,0.6,/work3/arnaou/checkpoints/groupgat_Omega_trial_118_best_state.pt,"{'learning_rate': 0.0021459873544025163, 'lr_reduce': 0.6}",TPESampler,COMPLETE
119,0.06478496640920639,2025-04-25 14:41:10.083472,2025-04-25 14:42:21.280242,0 days 00:01:11.196770,0.10310511764131237,144,1,1,48,0.15032551803234961,144,4,1,112,0.2612989753547352,32,3,4,128,0.25814961501288286,488,376.0,,2,2,0.00019383867131207022,0.6,/work3/arnaou/checkpoints/groupgat_Omega_trial_119_best_state.pt,"{'learning_rate': 0.00019383867131207022, 'lr_reduce': 0.6}",TPESampler,COMPLETE
120,0.054136645048856735,2025-04-25 14:41:34.218006,2025-04-25 14:42:34.382794,0 days 00:01:00.164788,0.01426201772707271,256,1,2,48,0.10679877794732955,64,4,2,48,0.18341597229935167,80,4,1,80,0.09628228868334815,440,376.0,,2,2,0.0016882163386348376,0.6,/work3/arnaou/checkpoints/groupgat_Omega_trial_120_best_state.pt,"{'learning_rate': 0.0016882163386348376, 'lr_reduce': 0.6}",TPESampler,COMPLETE
121,0.07204236835241318,2025-04-25 14:42:08.464997,2025-04-25 14:43:32.592323,0 days 00:01:24.127326,0.11186200811456679,160,2,1,32,0.07632592569062646,80,4,3,64,0.2534868014911732,32,4,4,128,0.13748666298744236,496,264.0,,2,1,0.0018864629265908947,0.6,/work3/arnaou/checkpoints/groupgat_Omega_trial_121_best_state.pt,"{'learning_rate': 0.0018864629265908947, 'lr_reduce': 0.6}",TPESampler,COMPLETE
122,0.06164652854204178,2025-04-25 14:42:21.464216,2025-04-25 14:43:32.591630,0 days 00:01:11.127414,0.0672981158142403,256,1,1,48,0.09688075078415179,112,3,2,48,0.25741268383402605,48,3,3,128,0.24107536387696404,512,328.0,336.0,3,2,0.00039833759179310705,0.6,/work3/arnaou/checkpoints/groupgat_Omega_trial_122_best_state.pt,"{'learning_rate': 0.00039833759179310705, 'lr_reduce': 0.6}",TPESampler,COMPLETE
123,0.06867941468954086,2025-04-25 14:42:34.537581,2025-04-25 14:43:59.963105,0 days 00:01:25.425524,0.10665813706891333,256,1,2,64,0.08529892929843637,64,4,3,48,0.05903031823183624,80,3,2,112,0.05893228471437083,440,440.0,,2,2,0.006270674917135652,0.6,/work3/arnaou/checkpoints/groupgat_Omega_trial_123_best_state.pt,"{'learning_rate': 0.006270674917135652, 'lr_reduce': 0.6}",TPESampler,COMPLETE
124,0.05265367776155472,2025-04-25 14:43:32.698435,2025-04-25 14:44:33.673081,0 days 00:01:00.974646,0.032562612056283746,240,1,2,64,0.04949845875272069,96,4,2,80,0.10272383410363824,96,4,2,80,0.05342042618663671,456,,,1,2,0.00028953107832910914,0.6,/work3/arnaou/checkpoints/groupgat_Omega_trial_124_best_state.pt,"{'learning_rate': 0.00028953107832910914, 'lr_reduce': 0.6}",TPESampler,COMPLETE
125,0.05791136994957924,2025-04-25 14:43:32.735381,2025-04-25 14:44:41.628356,0 days 00:01:08.892975,0.08273994726471165,256,1,2,48,0.1029809644404574,112,3,2,32,0.19384807753768626,80,4,2,96,0.06831915723360982,480,360.0,,2,2,0.0008262016159836078,0.6,/work3/arnaou/checkpoints/groupgat_Omega_trial_125_best_state.pt,"{'learning_rate': 0.0008262016159836078, 'lr_reduce': 0.6}",TPESampler,COMPLETE
126,0.4521332383155823,2025-04-25 14:44:00.150203,2025-04-25 14:44:25.478411,0 days 00:00:25.328208,0.023104741597454834,224,2,2,64,0.15674799993841504,64,4,2,32,0.1758573500886145,96,4,2,80,0.2024453293654752,448,496.0,,2,2,0.004553530184944229,0.6,/work3/arnaou/checkpoints/groupgat_Omega_trial_126_best_state.pt,"{'learning_rate': 0.004553530184944229, 'lr_reduce': 0.6}",TPESampler,COMPLETE
127,0.06219859793782234,2025-04-25 14:44:25.642257,2025-04-25 14:45:03.672919,0 days 00:00:38.030662,0.05959154722958666,176,1,1,32,0.0599493494700656,224,3,1,128,0.25244504614118674,64,2,4,128,0.29169881492658245,504,392.0,,2,1,0.0015410286668162906,0.6,/work3/arnaou/checkpoints/groupgat_Omega_trial_127_best_state.pt,"{'learning_rate': 0.0015410286668162906, 'lr_reduce': 0.6}",TPESampler,COMPLETE
128,0.061155930161476135,2025-04-25 14:44:33.840885,2025-04-25 14:47:04.840732,0 days 00:02:30.999847,0.04878079640519491,208,2,1,48,0.1532833861701944,80,4,2,48,0.13867795381372916,32,4,1,80,0.11463618530807135,392,240.0,,2,2,0.0007294262868640048,0.6,/work3/arnaou/checkpoints/groupgat_Omega_trial_128_best_state.pt,"{'learning_rate': 0.0007294262868640048, 'lr_reduce': 0.6}",TPESampler,COMPLETE
129,0.0623636320233345,2025-04-25 14:44:41.757685,2025-04-25 14:45:59.487284,0 days 00:01:17.729599,0.0027124905065595006,256,2,2,96,0.04884248080670133,80,4,2,96,0.056924035996001765,80,4,3,64,0.09258484751722029,392,232.0,,2,2,0.00019462423863732,0.6,/work3/arnaou/checkpoints/groupgat_Omega_trial_129_best_state.pt,"{'learning_rate': 0.00019462423863732, 'lr_reduce': 0.6}",TPESampler,COMPLETE
130,0.09949076175689697,2025-04-25 14:45:03.818134,2025-04-25 14:46:21.202653,0 days 00:01:17.384519,0.04468809285148217,144,2,2,80,0.10045556217599638,80,4,2,48,0.09054700702007247,96,4,1,64,0.08005149582281423,432,,,1,2,0.00012845279892780044,0.6,/work3/arnaou/checkpoints/groupgat_Omega_trial_130_best_state.pt,"{'learning_rate': 0.00012845279892780044, 'lr_reduce': 0.6}",TPESampler,COMPLETE
131,0.05456996709108353,2025-04-25 14:45:59.643060,2025-04-25 14:47:35.069930,0 days 00:01:35.426870,0.02445143393100185,240,1,1,32,0.09385051341581041,224,3,1,128,0.11676475416804744,32,2,4,128,0.20466487118449872,464,248.0,,2,2,0.00014924351032741698,0.6,/work3/arnaou/checkpoints/groupgat_Omega_trial_131_best_state.pt,"{'learning_rate': 0.00014924351032741698, 'lr_reduce': 0.6}",TPESampler,COMPLETE
132,0.058581531047821045,2025-04-25 14:46:21.371671,2025-04-25 14:47:42.895387,0 days 00:01:21.523716,0.02336617932911394,192,1,2,80,0.041435033263190306,112,4,2,64,0.09524541971415554,96,4,3,64,0.012589298503993221,512,,,1,2,0.0005589284437066386,0.6,/work3/arnaou/checkpoints/groupgat_Omega_trial_132_best_state.pt,"{'learning_rate': 0.0005589284437066386, 'lr_reduce': 0.6}",TPESampler,COMPLETE
133,0.05268992483615875,2025-04-25 14:47:05.022966,2025-04-25 14:48:14.377289,0 days 00:01:09.354323,0.0549887256877567,96,3,3,64,0.11585722763993794,112,1,1,112,0.2671073981937803,32,1,4,96,0.294372989510925,208,384.0,40.0,3,2,0.0005313789949896429,0.6,/work3/arnaou/checkpoints/groupgat_Omega_trial_133_best_state.pt,"{'learning_rate': 0.0005313789949896429, 'lr_reduce': 0.6}",TPESampler,COMPLETE
134,0.06629489362239838,2025-04-25 14:47:35.227026,2025-04-25 14:48:33.292391,0 days 00:00:58.065365,0.0016572502217110374,112,2,1,32,0.18086550740108093,64,3,3,32,0.2633130802703748,32,4,2,112,0.11499045760822153,424,352.0,360.0,3,2,0.0027504387423537085,0.6,/work3/arnaou/checkpoints/groupgat_Omega_trial_134_best_state.pt,"{'learning_rate': 0.0027504387423537085, 'lr_reduce': 0.6}",TPESampler,COMPLETE
135,0.055672790855169296,2025-04-25 14:47:43.086604,2025-04-25 14:48:48.292419,0 days 00:01:05.205815,0.0021042331243370013,128,2,1,48,0.04240407396224953,128,2,2,112,0.23085700872115628,64,1,1,112,0.2773732192447589,512,344.0,296.0,3,2,0.0003450375954464237,0.6,/work3/arnaou/checkpoints/groupgat_Omega_trial_135_best_state.pt,"{'learning_rate': 0.0003450375954464237, 'lr_reduce': 0.6}",TPESampler,COMPLETE
136,0.0548793263733387,2025-04-25 14:48:14.536918,2025-04-25 14:49:19.620320,0 days 00:01:05.083402,0.0817916407081859,112,3,4,80,0.06483209440298493,176,1,1,96,0.24877128003417961,48,1,4,96,0.2681309861523133,136,400.0,,2,2,0.00023646066161872213,0.6,/work3/arnaou/checkpoints/groupgat_Omega_trial_136_best_state.pt,"{'learning_rate': 0.00023646066161872213, 'lr_reduce': 0.6}",TPESampler,COMPLETE
137,0.07232390344142914,2025-04-25 14:48:33.417964,2025-04-25 14:49:54.771632,0 days 00:01:21.353668,0.09198767042543562,256,1,3,64,0.12165369394706008,144,3,2,96,0.0951900084139071,96,4,2,80,0.09225473570574308,448,,,1,2,0.00045516612635474986,0.6,/work3/arnaou/checkpoints/groupgat_Omega_trial_137_best_state.pt,"{'learning_rate': 0.00045516612635474986, 'lr_reduce': 0.6}",TPESampler,COMPLETE
138,0.05028139427304268,2025-04-25 14:48:48.520871,2025-04-25 14:49:51.768751,0 days 00:01:03.247880,0.004746918720748905,112,2,2,48,0.04786818896143412,208,1,1,112,0.16853179432538487,32,2,3,128,0.2373717567236079,504,248.0,32.0,3,2,0.00040784942219324294,0.6,/work3/arnaou/checkpoints/groupgat_Omega_trial_138_best_state.pt,"{'learning_rate': 0.00040784942219324294, 'lr_reduce': 0.6}",TPESampler,COMPLETE
139,0.06647727638483047,2025-04-25 14:49:19.879126,2025-04-25 14:51:16.155395,0 days 00:01:56.276269,0.010092536570603654,96,3,3,80,0.1370034929717294,112,1,1,112,0.21408762309684554,48,1,4,96,0.25821381050884756,168,56.0,32.0,3,2,0.0002788623208503696,0.6,/work3/arnaou/checkpoints/groupgat_Omega_trial_139_best_state.pt,"{'learning_rate': 0.0002788623208503696, 'lr_reduce': 0.6}",TPESampler,COMPLETE
140,0.05857270210981369,2025-04-25 14:49:51.921504,2025-04-25 14:50:50.182310,0 days 00:00:58.260806,0.026127034142385677,112,2,1,32,0.06631135443730506,176,2,2,96,0.17254703195147428,32,3,3,128,0.224041215592033,344,232.0,40.0,3,2,0.0012198711194040721,0.6,/work3/arnaou/checkpoints/groupgat_Omega_trial_140_best_state.pt,"{'learning_rate': 0.0012198711194040721, 'lr_reduce': 0.6}",TPESampler,COMPLETE
141,0.06605251878499985,2025-04-25 14:49:54.904587,2025-04-25 14:51:11.967916,0 days 00:01:17.063329,0.06170171867551284,96,2,3,32,0.08969095349480999,160,1,2,80,0.1436574290469958,64,2,3,128,0.14482575805850534,488,240.0,40.0,3,2,0.0002600992466147704,0.6,/work3/arnaou/checkpoints/groupgat_Omega_trial_141_best_state.pt,"{'learning_rate': 0.0002600992466147704, 'lr_reduce': 0.6}",TPESampler,COMPLETE
142,0.0645437240600586,2025-04-25 14:50:50.345250,2025-04-25 14:51:44.687219,0 days 00:00:54.341969,0.07297249638167635,144,3,2,48,0.03723772877596443,112,1,1,128,0.2851304826787318,48,1,4,112,0.24943686995566078,192,200.0,,2,2,0.0007003971323581849,0.6,/work3/arnaou/checkpoints/groupgat_Omega_trial_142_best_state.pt,"{'learning_rate': 0.0007003971323581849, 'lr_reduce': 0.6}",TPESampler,COMPLETE
143,0.06516381353139877,2025-04-25 14:51:12.140970,2025-04-25 14:52:26.808339,0 days 00:01:14.667369,0.021038984263698532,80,1,2,64,0.12846561755777186,144,2,1,128,0.2864119827417078,32,4,4,128,0.2742307161531082,256,288.0,,2,2,0.00017127555498262,0.6,/work3/arnaou/checkpoints/groupgat_Omega_trial_143_best_state.pt,"{'learning_rate': 0.00017127555498262, 'lr_reduce': 0.6}",TPESampler,COMPLETE
144,0.0580611489713192,2025-04-25 14:51:16.360021,2025-04-25 14:52:15.647847,0 days 00:00:59.287826,0.005450633236269213,128,1,2,48,0.08325505298018991,160,1,1,112,0.1915420018020124,32,1,4,112,0.20906607090785756,416,272.0,32.0,3,2,0.0003834941880882343,0.6,/work3/arnaou/checkpoints/groupgat_Omega_trial_144_best_state.pt,"{'learning_rate': 0.0003834941880882343, 'lr_reduce': 0.6}",TPESampler,COMPLETE
145,0.06557545065879822,2025-04-25 14:51:44.932718,2025-04-25 14:52:19.748095,0 days 00:00:34.815377,0.06930915335747649,256,1,2,64,0.11105354301982731,96,3,3,80,0.17221412446578752,64,3,1,48,0.12064527857548883,400,176.0,,2,1,0.0023317174268416624,0.6,/work3/arnaou/checkpoints/groupgat_Omega_trial_145_best_state.pt,"{'learning_rate': 0.0023317174268416624, 'lr_reduce': 0.6}",TPESampler,COMPLETE
146,0.05916186049580574,2025-04-25 14:52:15.790110,2025-04-25 14:53:14.306765,0 days 00:00:58.516655,0.029576354647385464,160,1,1,64,0.08379325756158978,240,2,1,128,0.18374335490619786,32,1,2,128,0.28803251792329426,448,312.0,32.0,3,2,0.00036934324531715017,0.6,/work3/arnaou/checkpoints/groupgat_Omega_trial_146_best_state.pt,"{'learning_rate': 0.00036934324531715017, 'lr_reduce': 0.6}",TPESampler,COMPLETE
147,0.060368817299604416,2025-04-25 14:52:19.897810,2025-04-25 14:53:27.396356,0 days 00:01:07.498546,0.06857998282565153,208,2,1,48,0.1084699787786869,176,3,1,48,0.2039321736401426,64,1,4,128,0.2918625395567903,464,224.0,112.0,3,2,0.0002922975501973209,0.6,/work3/arnaou/checkpoints/groupgat_Omega_trial_147_best_state.pt,"{'learning_rate': 0.0002922975501973209, 'lr_reduce': 0.6}",TPESampler,COMPLETE
148,0.061072707176208496,2025-04-25 14:52:27.068645,2025-04-25 14:53:22.788113,0 days 00:00:55.719468,0.038853675631315754,96,3,2,64,0.1362489044781969,192,1,2,112,0.12657787847967486,32,1,2,128,0.17173265581182728,408,128.0,112.0,3,2,0.0010579423046738433,0.6,/work3/arnaou/checkpoints/groupgat_Omega_trial_148_best_state.pt,"{'learning_rate': 0.0010579423046738433, 'lr_reduce': 0.6}",TPESampler,COMPLETE
149,0.06161748245358467,2025-04-25 14:53:14.452022,2025-04-25 14:54:16.781107,0 days 00:01:02.329085,0.12801647723691037,240,1,1,32,0.0869569862523782,160,1,1,128,0.21673233578183582,64,2,4,128,0.2827195477481902,488,,,1,2,0.0008489818653876076,0.6,/work3/arnaou/checkpoints/groupgat_Omega_trial_149_best_state.pt,"{'learning_rate': 0.0008489818653876076, 'lr_reduce': 0.6}",TPESampler,COMPLETE
150,0.06512323766946793,2025-04-25 14:53:22.914164,2025-04-25 14:54:10.320823,0 days 00:00:47.406659,0.015651665984030602,240,1,4,80,0.17363096804471506,80,4,1,64,0.19325031495866102,80,4,2,64,0.09180627666894377,504,320.0,32.0,3,2,0.0018419206971609918,0.6,/work3/arnaou/checkpoints/groupgat_Omega_trial_150_best_state.pt,"{'learning_rate': 0.0018419206971609918, 'lr_reduce': 0.6}",TPESampler,COMPLETE
151,0.06498396396636963,2025-04-25 14:53:27.574062,2025-04-25 14:54:24.171925,0 days 00:00:56.597863,0.019494804790032717,112,2,3,64,0.12002247114129413,112,2,1,80,0.2759078709788859,32,2,2,112,0.28731812690994646,256,232.0,32.0,3,1,0.0015367438669580886,0.6,/work3/arnaou/checkpoints/groupgat_Omega_trial_151_best_state.pt,"{'learning_rate': 0.0015367438669580886, 'lr_reduce': 0.6}",TPESampler,COMPLETE
152,0.05626322701573372,2025-04-25 14:54:10.506812,2025-04-25 14:55:42.941665,0 days 00:01:32.434853,0.09802964656805625,208,2,1,48,0.07561038355937848,128,4,1,96,0.10307489397649701,96,4,2,96,0.07526016800856762,408,,,1,2,0.00039664693610379036,0.6,/work3/arnaou/checkpoints/groupgat_Omega_trial_152_best_state.pt,"{'learning_rate': 0.00039664693610379036, 'lr_reduce': 0.6}",TPESampler,COMPLETE
153,0.06504649668931961,2025-04-25 14:54:16.919100,2025-04-25 14:55:24.212467,0 days 00:01:07.293367,0.03568214530175856,64,2,3,48,0.010701951040883166,192,1,1,128,0.2234304637355919,32,3,4,112,0.28659168556058734,456,360.0,384.0,3,2,0.0002596396646236566,0.6,/work3/arnaou/checkpoints/groupgat_Omega_trial_153_best_state.pt,"{'learning_rate': 0.0002596396646236566, 'lr_reduce': 0.6}",TPESampler,COMPLETE
154,0.05021962895989418,2025-04-25 14:54:24.302526,2025-04-25 14:55:27.033709,0 days 00:01:02.731183,0.07722816175232543,192,1,1,32,0.10654983380155458,160,4,1,96,0.2634023789948509,32,3,2,128,0.22305724713302322,392,408.0,104.0,3,2,0.0006602001946736291,0.6,/work3/arnaou/checkpoints/groupgat_Omega_trial_154_best_state.pt,"{'learning_rate': 0.0006602001946736291, 'lr_reduce': 0.6}",TPESampler,COMPLETE
155,0.05995841324329376,2025-04-25 14:55:24.456774,2025-04-25 14:56:39.113750,0 days 00:01:14.656976,0.036863131803660534,64,1,1,32,0.06385400862408117,160,3,2,112,0.26188525014953945,32,2,4,128,0.26566569151145186,488,,,1,2,0.00043180089172722595,0.6,/work3/arnaou/checkpoints/groupgat_Omega_trial_155_best_state.pt,"{'learning_rate': 0.00043180089172722595, 'lr_reduce': 0.6}",TPESampler,COMPLETE
156,0.06483638286590576,2025-04-25 14:55:27.201598,2025-04-25 14:56:33.539683,0 days 00:01:06.338085,0.016175290665928592,256,1,3,80,0.08639457132738654,96,4,2,80,0.26607863988054925,128,4,1,112,0.10463633918240785,472,,,1,2,0.0004536909852406293,0.6,/work3/arnaou/checkpoints/groupgat_Omega_trial_156_best_state.pt,"{'learning_rate': 0.0004536909852406293, 'lr_reduce': 0.6}",TPESampler,COMPLETE
