number,value,datetime_start,datetime_complete,duration,params_L1_dropout,params_L1_hidden_dim,params_L1_layers_atom,params_L1_layers_mol,params_L1_out_dim,params_L2_dropout,params_L2_hidden_dim,params_L2_layers_atom,params_L2_layers_mol,params_L2_out_dim,params_L3_dropout,params_L3_hidden_dim,params_L3_layers_atom,params_L3_layers_mol,params_L3_out_dim,params_final_dropout,params_mlp_dim_0,params_mlp_dim_1,params_mlp_dim_2,params_n_mlp_layers,params_num_heads,params_train_learning_rate,params_train_lr_reduce,user_attrs_best_state_dict_path,user_attrs_training_params,system_attrs_auto:sampler,state
1989,0.05597858875989914,2025-04-26 03:47:55.108474,2025-04-26 03:48:53.820031,0 days 00:00:58.711557,0.09186802732688884,256,1,1,80,0.16224785721378654,160,4,1,80,0.01950400344100725,32,4,3,80,0.15680800657536104,488,168.0,288.0,3,2,0.0013097587988497904,0.6,/work3/arnaou/checkpoints/groupgat_Omega_trial_1989_best_state.pt,"{'learning_rate': 0.0013097587988497904, 'lr_reduce': 0.6}",TPESampler,COMPLETE
1990,0.06376320123672485,2025-04-26 03:48:01.185772,2025-04-26 03:49:03.680339,0 days 00:01:02.494567,0.05179001359568093,176,1,4,48,0.10385175931792942,64,3,1,112,0.2998684635410599,112,4,1,96,0.2268640724712,360,,,1,1,0.008105653927377669,0.6,/work3/arnaou/checkpoints/groupgat_Omega_trial_1990_best_state.pt,"{'learning_rate': 0.008105653927377669, 'lr_reduce': 0.6}",TPESampler,COMPLETE
1991,0.09343186020851135,2025-04-26 03:48:19.691671,2025-04-26 03:49:26.996258,0 days 00:01:07.304587,0.11159093050683236,144,1,2,80,0.22095470287671054,208,4,3,80,0.23566736823229884,96,3,2,48,0.004863638722789998,256,,,1,1,0.0005253622179636155,0.6,/work3/arnaou/checkpoints/groupgat_Omega_trial_1991_best_state.pt,"{'learning_rate': 0.0005253622179636155, 'lr_reduce': 0.6}",TPESampler,COMPLETE
1992,0.0811992734670639,2025-04-26 03:48:54.003522,2025-04-26 03:50:04.477347,0 days 00:01:10.473825,0.09966767113851763,240,4,1,80,0.15629968488723373,160,4,4,64,0.28544200407790665,32,1,2,80,0.2461516100061369,480,96.0,344.0,3,1,0.0008944845708791202,0.6,/work3/arnaou/checkpoints/groupgat_Omega_trial_1992_best_state.pt,"{'learning_rate': 0.0008944845708791202, 'lr_reduce': 0.6}",TPESampler,COMPLETE
1993,0.05545272305607796,2025-04-26 03:49:03.926673,2025-04-26 03:50:02.938625,0 days 00:00:59.011952,0.014273797829912635,224,1,2,80,0.1134786324430112,208,4,1,112,0.21042349505243146,48,2,2,112,0.27367784186274124,360,240.0,448.0,3,1,0.0006140483591080948,0.6,/work3/arnaou/checkpoints/groupgat_Omega_trial_1993_best_state.pt,"{'learning_rate': 0.0006140483591080948, 'lr_reduce': 0.6}",TPESampler,COMPLETE
1994,0.06581633538007736,2025-04-26 03:49:27.157080,2025-04-26 03:50:48.601881,0 days 00:01:21.444801,0.23585561432219035,112,4,4,48,0.03488095638876278,192,2,4,32,0.23083879498099824,96,1,2,32,0.10790101617151006,152,304.0,,2,1,0.00033238783359771745,0.6,/work3/arnaou/checkpoints/groupgat_Omega_trial_1994_best_state.pt,"{'learning_rate': 0.00033238783359771745, 'lr_reduce': 0.6}",TPESampler,COMPLETE
1995,0.12922275066375732,2025-04-26 03:50:03.171221,2025-04-26 03:51:30.279193,0 days 00:01:27.107972,0.25411552215052485,160,3,2,32,0.25087889078523423,96,2,3,48,0.17227163961585976,64,1,4,32,0.2902383209298704,472,64.0,,2,2,0.00027386583435680043,0.6,/work3/arnaou/checkpoints/groupgat_Omega_trial_1995_best_state.pt,"{'learning_rate': 0.00027386583435680043, 'lr_reduce': 0.6}",TPESampler,COMPLETE
1996,0.07785391062498093,2025-04-26 03:50:04.701007,2025-04-26 03:51:08.264121,0 days 00:01:03.563114,0.23563589847981,112,2,1,32,0.2242540325950248,80,2,4,32,0.29333421781287783,32,1,2,128,0.033154547409981444,264,,,1,2,0.0017900460007190724,0.6,/work3/arnaou/checkpoints/groupgat_Omega_trial_1996_best_state.pt,"{'learning_rate': 0.0017900460007190724, 'lr_reduce': 0.6}",TPESampler,COMPLETE
1997,0.064811110496521,2025-04-26 03:50:48.758686,2025-04-26 03:52:25.690355,0 days 00:01:36.931669,0.1093545725113739,208,2,2,32,0.10340164823211537,256,4,2,64,0.20648864740188114,48,2,2,112,0.2726270602217222,440,184.0,384.0,3,2,0.00020032764836742573,0.6,/work3/arnaou/checkpoints/groupgat_Omega_trial_1997_best_state.pt,"{'learning_rate': 0.00020032764836742573, 'lr_reduce': 0.6}",TPESampler,COMPLETE
1998,0.09277837723493576,2025-04-26 03:51:09.045055,2025-04-26 03:51:37.409090,0 days 00:00:28.364035,0.00551057311957092,208,2,2,32,0.19633842661360254,160,4,2,128,0.2772757626231265,80,1,2,32,0.13994364660241015,488,128.0,64.0,3,1,0.0023244274747075888,0.6,/work3/arnaou/checkpoints/groupgat_Omega_trial_1998_best_state.pt,"{'learning_rate': 0.0023244274747075888, 'lr_reduce': 0.6}",TPESampler,COMPLETE
1999,0.06079374626278877,2025-04-26 03:51:30.511057,2025-04-26 03:52:44.900108,0 days 00:01:14.389051,0.038829324527464515,240,2,2,80,0.11776340040814362,224,2,2,48,0.011659730338507618,96,1,4,48,0.1684929424146887,144,480.0,,2,2,0.0023139485567561847,0.6,/work3/arnaou/checkpoints/groupgat_Omega_trial_1999_best_state.pt,"{'learning_rate': 0.0023139485567561847, 'lr_reduce': 0.6}",TPESampler,COMPLETE
2000,0.06609603017568588,2025-04-26 03:51:37.790048,2025-04-26 03:53:19.009243,0 days 00:01:41.219195,0.03168856335564942,240,1,1,48,0.25672476878258876,176,3,1,96,0.059058661613338975,48,3,1,80,0.22357775155356543,512,248.0,320.0,3,2,0.0001853405416820829,0.6,/work3/arnaou/checkpoints/groupgat_Omega_trial_2000_best_state.pt,"{'learning_rate': 0.0001853405416820829, 'lr_reduce': 0.6}",TPESampler,COMPLETE
2001,0.06275587528944016,2025-04-26 03:52:25.889240,2025-04-26 03:53:46.545347,0 days 00:01:20.656107,0.09753081469120486,192,2,3,112,0.06177612115689338,240,4,1,112,0.20857985083523595,32,4,3,80,0.2701335736019997,424,224.0,264.0,3,2,0.001233904483513437,0.6,/work3/arnaou/checkpoints/groupgat_Omega_trial_2001_best_state.pt,"{'learning_rate': 0.001233904483513437, 'lr_reduce': 0.6}",TPESampler,COMPLETE
2002,0.05701422691345215,2025-04-26 03:52:45.165553,2025-04-26 03:54:01.373820,0 days 00:01:16.208267,0.004633791486736701,256,1,1,48,0.228424411635882,208,4,1,112,0.030447751051800333,32,3,1,96,0.2313789406066668,472,192.0,336.0,3,2,0.00037720511852046447,0.6,/work3/arnaou/checkpoints/groupgat_Omega_trial_2002_best_state.pt,"{'learning_rate': 0.00037720511852046447, 'lr_reduce': 0.6}",TPESampler,COMPLETE
2003,0.08518727868795395,2025-04-26 03:53:19.224806,2025-04-26 03:54:13.000900,0 days 00:00:53.776094,0.22521778356883576,176,4,1,128,0.2164353329541987,160,3,1,48,0.2951816151242436,128,4,1,64,0.02946541348396009,88,440.0,,2,2,0.0021781151767396277,0.6,/work3/arnaou/checkpoints/groupgat_Omega_trial_2003_best_state.pt,"{'learning_rate': 0.0021781151767396277, 'lr_reduce': 0.6}",TPESampler,COMPLETE
2004,0.06250663846731186,2025-04-26 03:53:46.712469,2025-04-26 03:54:40.785396,0 days 00:00:54.072927,0.22845624566553935,208,1,2,80,0.08041177366637885,128,1,1,96,0.06515773240268889,80,4,2,32,0.2659341388665548,48,160.0,408.0,3,2,0.0014894416275796057,0.6,/work3/arnaou/checkpoints/groupgat_Omega_trial_2004_best_state.pt,"{'learning_rate': 0.0014894416275796057, 'lr_reduce': 0.6}",TPESampler,COMPLETE
2005,0.05893488600850105,2025-04-26 03:54:01.577198,2025-04-26 03:55:15.276825,0 days 00:01:13.699627,0.1146249504067539,160,1,1,112,0.16698670561083792,208,3,2,112,0.2427499322863173,32,4,4,48,0.28069531485476334,432,32.0,304.0,3,2,0.0005957332718337495,0.6,/work3/arnaou/checkpoints/groupgat_Omega_trial_2005_best_state.pt,"{'learning_rate': 0.0005957332718337495, 'lr_reduce': 0.6}",TPESampler,COMPLETE
2006,0.06298656761646271,2025-04-26 03:54:13.314030,2025-04-26 03:55:10.387134,0 days 00:00:57.073104,0.28829644377464936,144,1,2,80,0.2567190664666794,224,2,4,32,0.10900416520068809,64,2,3,80,0.23676380174441344,264,336.0,368.0,3,2,0.002574262001962721,0.6,/work3/arnaou/checkpoints/groupgat_Omega_trial_2006_best_state.pt,"{'learning_rate': 0.002574262001962721, 'lr_reduce': 0.6}",TPESampler,COMPLETE
2007,0.12717287242412567,2025-04-26 03:54:41.020005,2025-04-26 03:56:10.182725,0 days 00:01:29.162720,0.24509854934693792,112,2,4,32,0.18752989172230428,240,4,1,112,0.2555782833385846,32,1,4,48,0.0819631054827503,64,280.0,,2,1,0.00022234142078816183,0.6,/work3/arnaou/checkpoints/groupgat_Omega_trial_2007_best_state.pt,"{'learning_rate': 0.00022234142078816183, 'lr_reduce': 0.6}",TPESampler,COMPLETE
2008,0.06307939440011978,2025-04-26 03:55:10.555283,2025-04-26 03:56:11.870264,0 days 00:01:01.314981,0.05903197904297135,240,1,1,64,0.16447875660053934,208,4,2,96,0.2265105715528199,48,2,1,32,0.1996487902881208,312,104.0,232.0,3,2,0.0019080634744846306,0.6,/work3/arnaou/checkpoints/groupgat_Omega_trial_2008_best_state.pt,"{'learning_rate': 0.0019080634744846306, 'lr_reduce': 0.6}",TPESampler,COMPLETE
2009,0.06431923806667328,2025-04-26 03:55:15.566695,2025-04-26 03:56:47.235627,0 days 00:01:31.668932,0.08214863474849429,192,2,2,32,0.007175264031769477,96,4,1,128,0.2392190817582283,48,3,2,80,0.17418555824258009,424,200.0,280.0,3,2,0.0010107791180534427,0.6,/work3/arnaou/checkpoints/groupgat_Omega_trial_2009_best_state.pt,"{'learning_rate': 0.0010107791180534427, 'lr_reduce': 0.6}",TPESampler,COMPLETE
2010,0.10315660387277603,2025-04-26 03:56:10.410088,2025-04-26 03:56:53.917347,0 days 00:00:43.507259,0.05353400001108423,256,4,3,112,0.13498786976691202,224,2,3,32,0.009330652027192715,48,2,4,112,0.04005299050565016,512,,,1,1,0.001246091159844533,0.6,/work3/arnaou/checkpoints/groupgat_Omega_trial_2010_best_state.pt,"{'learning_rate': 0.001246091159844533, 'lr_reduce': 0.6}",TPESampler,COMPLETE
2011,0.07137344032526016,2025-04-26 03:56:12.114537,2025-04-26 03:56:53.632689,0 days 00:00:41.518152,0.04386762005287899,208,4,4,48,0.2764969417835117,160,2,1,80,0.11248238627349591,64,4,4,96,0.08044678778677623,160,144.0,,2,1,0.0021973716273909873,0.6,/work3/arnaou/checkpoints/groupgat_Omega_trial_2011_best_state.pt,"{'learning_rate': 0.0021973716273909873, 'lr_reduce': 0.6}",TPESampler,COMPLETE
2012,0.09414298087358475,2025-04-26 03:56:47.443715,2025-04-26 03:57:56.095073,0 days 00:01:08.651358,0.1797161896586823,176,1,3,128,0.2519002790456808,128,4,3,128,0.004838324276260492,32,2,2,80,0.22370134475152736,296,,,1,1,0.0007397849386318838,0.6,/work3/arnaou/checkpoints/groupgat_Omega_trial_2012_best_state.pt,"{'learning_rate': 0.0007397849386318838, 'lr_reduce': 0.6}",TPESampler,COMPLETE
2013,0.08971045911312103,2025-04-26 03:56:53.870354,2025-04-26 03:57:27.675628,0 days 00:00:33.805274,0.0706992494712023,160,1,2,80,0.16656715492619195,128,4,1,128,0.1456253263937069,80,4,4,96,0.2143188876402951,456,512.0,336.0,3,1,0.004851968378860129,0.6,/work3/arnaou/checkpoints/groupgat_Omega_trial_2013_best_state.pt,"{'learning_rate': 0.004851968378860129, 'lr_reduce': 0.6}",TPESampler,COMPLETE
2014,0.07708538323640823,2025-04-26 03:56:54.292024,2025-04-26 03:57:31.750058,0 days 00:00:37.458034,0.10654001644524588,240,2,1,80,0.17242017776100854,96,4,2,112,0.16236443540576367,80,4,4,96,0.2297068381006775,512,384.0,368.0,3,1,0.0023328845001392676,0.6,/work3/arnaou/checkpoints/groupgat_Omega_trial_2014_best_state.pt,"{'learning_rate': 0.0023328845001392676, 'lr_reduce': 0.6}",TPESampler,COMPLETE
2015,0.13969576358795166,2025-04-26 03:57:27.876643,2025-04-26 03:57:52.202286,0 days 00:00:24.325643,0.2971214181443338,256,4,1,48,0.2717486352166419,80,4,2,32,0.2745774268047803,128,1,1,64,0.10684177272123718,328,248.0,,2,2,0.002993223707895024,0.6,/work3/arnaou/checkpoints/groupgat_Omega_trial_2015_best_state.pt,"{'learning_rate': 0.002993223707895024, 'lr_reduce': 0.6}",TPESampler,COMPLETE
2016,0.06457862257957458,2025-04-26 03:57:32.022151,2025-04-26 03:58:17.571568,0 days 00:00:45.549417,0.03854885153219045,240,2,1,48,0.2883247764663953,256,3,3,128,0.20234415007398748,64,1,3,48,0.2769091846560947,344,72.0,,2,2,0.0014484632414594092,0.6,/work3/arnaou/checkpoints/groupgat_Omega_trial_2016_best_state.pt,"{'learning_rate': 0.0014484632414594092, 'lr_reduce': 0.6}",TPESampler,COMPLETE
2017,0.09549620002508163,2025-04-26 03:57:52.392297,2025-04-26 03:59:20.438139,0 days 00:01:28.045842,0.2840742193880728,240,2,2,48,0.04108817577744196,176,3,4,64,0.24549650564459158,112,3,1,48,0.2837945762699122,56,,,1,1,0.0024838414000706286,0.6,/work3/arnaou/checkpoints/groupgat_Omega_trial_2017_best_state.pt,"{'learning_rate': 0.0024838414000706286, 'lr_reduce': 0.6}",TPESampler,COMPLETE
2018,0.06694686412811279,2025-04-26 03:57:56.341320,2025-04-26 03:58:49.277863,0 days 00:00:52.936543,0.22854071598612746,256,2,2,96,0.03914042255950037,208,3,4,32,0.20997650435392218,96,1,4,96,0.22960229854354788,120,216.0,296.0,3,1,0.0019726596960142535,0.6,/work3/arnaou/checkpoints/groupgat_Omega_trial_2018_best_state.pt,"{'learning_rate': 0.0019726596960142535, 'lr_reduce': 0.6}",TPESampler,COMPLETE
2019,0.06085401028394699,2025-04-26 03:58:17.820533,2025-04-26 03:59:09.783727,0 days 00:00:51.963194,0.06326570348538789,256,1,1,48,0.03756861401801241,224,4,1,128,0.28855156586544345,32,1,1,48,0.2988345724897199,384,456.0,328.0,3,2,0.0008999933250115659,0.6,/work3/arnaou/checkpoints/groupgat_Omega_trial_2019_best_state.pt,"{'learning_rate': 0.0008999933250115659, 'lr_reduce': 0.6}",TPESampler,COMPLETE
2020,0.09810753166675568,2025-04-26 03:58:49.627679,2025-04-26 03:59:26.253289,0 days 00:00:36.625610,0.04979269453582294,96,1,4,112,0.15298843378223095,96,1,3,128,0.09431156402159796,64,4,1,64,0.1755769344223645,240,144.0,408.0,3,2,0.0029026541526860987,0.6,/work3/arnaou/checkpoints/groupgat_Omega_trial_2020_best_state.pt,"{'learning_rate': 0.0029026541526860987, 'lr_reduce': 0.6}",TPESampler,COMPLETE
2021,0.06640078872442245,2025-04-26 03:59:09.969836,2025-04-26 04:00:08.538021,0 days 00:00:58.568185,0.08621688015215652,176,1,2,48,0.04859125974643269,208,3,3,64,0.27228219101351137,32,4,4,64,0.1611297407587385,448,296.0,296.0,3,2,0.0019289564135882128,0.6,/work3/arnaou/checkpoints/groupgat_Omega_trial_2021_best_state.pt,"{'learning_rate': 0.0019289564135882128, 'lr_reduce': 0.6}",TPESampler,COMPLETE
2022,0.06421440094709396,2025-04-26 03:59:20.914673,2025-04-26 04:00:40.662195,0 days 00:01:19.747522,0.18883073491419164,64,1,4,80,0.03262278316798464,112,4,4,64,0.20561598858522423,128,3,1,112,0.036048239881254204,272,416.0,352.0,3,1,0.002261278074078573,0.6,/work3/arnaou/checkpoints/groupgat_Omega_trial_2022_best_state.pt,"{'learning_rate': 0.002261278074078573, 'lr_reduce': 0.6}",TPESampler,COMPLETE
2023,0.06844384223222733,2025-04-26 03:59:26.537262,2025-04-26 04:00:12.353773,0 days 00:00:45.816511,0.10635137679639006,256,1,4,112,0.1316175772450704,240,1,2,80,0.1578677480949163,64,3,3,128,0.016282086882128788,72,104.0,,2,1,0.0012801318975020827,0.6,/work3/arnaou/checkpoints/groupgat_Omega_trial_2023_best_state.pt,"{'learning_rate': 0.0012801318975020827, 'lr_reduce': 0.6}",TPESampler,COMPLETE
2024,0.06353230029344559,2025-04-26 04:00:08.734996,2025-04-26 04:01:33.970792,0 days 00:01:25.235796,0.058066560993360564,240,2,1,64,0.2931450589431722,80,4,4,80,0.11770251292954972,48,1,1,64,0.1348992743096018,160,176.0,,2,2,0.0019044399666613013,0.6,/work3/arnaou/checkpoints/groupgat_Omega_trial_2024_best_state.pt,"{'learning_rate': 0.0019044399666613013, 'lr_reduce': 0.6}",TPESampler,COMPLETE
2025,0.07389512658119202,2025-04-26 04:00:12.628408,2025-04-26 04:01:13.620292,0 days 00:01:00.991884,0.20982921393760215,256,1,4,112,0.05805850122001524,256,4,4,96,0.1173445516366746,80,4,4,48,0.27443412578270077,464,264.0,,2,1,0.0011911711339877128,0.6,/work3/arnaou/checkpoints/groupgat_Omega_trial_2025_best_state.pt,"{'learning_rate': 0.0011911711339877128, 'lr_reduce': 0.6}",TPESampler,COMPLETE
2026,0.05605096369981766,2025-04-26 04:00:40.864375,2025-04-26 04:01:37.919396,0 days 00:00:57.055021,0.07769582961834602,256,1,2,32,0.14130879627974582,240,4,1,128,0.23710803006355735,64,2,2,112,0.28416111537295646,208,216.0,256.0,3,1,0.00029009440653046925,0.6,/work3/arnaou/checkpoints/groupgat_Omega_trial_2026_best_state.pt,"{'learning_rate': 0.00029009440653046925, 'lr_reduce': 0.6}",TPESampler,COMPLETE
2027,0.05912485346198082,2025-04-26 04:01:13.858430,2025-04-26 04:02:21.773106,0 days 00:01:07.914676,0.0011182435212368502,224,1,1,32,0.12707008739866898,80,3,2,96,0.15565905680128764,64,4,1,96,0.026734335783978446,416,,,1,2,0.001652331933110485,0.6,/work3/arnaou/checkpoints/groupgat_Omega_trial_2027_best_state.pt,"{'learning_rate': 0.001652331933110485, 'lr_reduce': 0.6}",TPESampler,COMPLETE
2028,0.06081685796380043,2025-04-26 04:01:34.195083,2025-04-26 04:02:23.494554,0 days 00:00:49.299471,0.04277725756795881,256,1,2,64,0.11693545144534362,240,3,1,128,0.2715861334417873,64,1,1,64,0.22709340580926438,480,32.0,176.0,3,2,0.0023080743163107174,0.6,/work3/arnaou/checkpoints/groupgat_Omega_trial_2028_best_state.pt,"{'learning_rate': 0.0023080743163107174, 'lr_reduce': 0.6}",TPESampler,COMPLETE
2029,0.21041016280651093,2025-04-26 04:01:38.234309,2025-04-26 04:02:59.007229,0 days 00:01:20.772920,0.25259407938013767,160,1,3,80,0.24812530394982663,128,2,4,48,0.06672222459346315,96,3,2,96,0.2349852208362619,440,472.0,,2,1,0.00017275933422735364,0.6,/work3/arnaou/checkpoints/groupgat_Omega_trial_2029_best_state.pt,"{'learning_rate': 0.00017275933422735364, 'lr_reduce': 0.6}",TPESampler,COMPLETE
2030,0.05544692277908325,2025-04-26 04:02:21.955153,2025-04-26 04:03:34.312166,0 days 00:01:12.357013,0.09834114578271481,208,1,3,64,0.0175335403507747,256,4,1,128,0.0960165878190955,64,2,3,64,0.24420893058631893,248,168.0,376.0,3,1,0.0002800113461580736,0.6,/work3/arnaou/checkpoints/groupgat_Omega_trial_2030_best_state.pt,"{'learning_rate': 0.0002800113461580736, 'lr_reduce': 0.6}",TPESampler,COMPLETE
2031,0.05591409653425217,2025-04-26 04:02:23.689237,2025-04-26 04:04:00.453676,0 days 00:01:36.764439,0.09580702846498793,224,2,2,112,0.12976953614596534,208,4,2,112,0.21996314719921664,32,4,3,64,0.22467140163144828,512,240.0,,2,2,0.00045394865684272975,0.6,/work3/arnaou/checkpoints/groupgat_Omega_trial_2031_best_state.pt,"{'learning_rate': 0.00045394865684272975, 'lr_reduce': 0.6}",TPESampler,COMPLETE
2032,0.05858253315091133,2025-04-26 04:02:59.303663,2025-04-26 04:03:58.320952,0 days 00:00:59.017289,0.056337117890859094,208,1,1,48,0.1638012449541941,256,3,1,112,0.16217068425777148,128,2,1,64,0.24364279503720937,480,104.0,328.0,3,2,0.0005726249157133245,0.6,/work3/arnaou/checkpoints/groupgat_Omega_trial_2032_best_state.pt,"{'learning_rate': 0.0005726249157133245, 'lr_reduce': 0.6}",TPESampler,COMPLETE
2033,0.06822175532579422,2025-04-26 04:03:34.533925,2025-04-26 04:04:35.509248,0 days 00:01:00.975323,0.08090026111009112,224,1,1,96,0.1530754933967885,144,4,1,112,0.2424892727124935,96,4,3,64,0.22448696270277205,504,344.0,288.0,3,2,0.0015862726176438826,0.6,/work3/arnaou/checkpoints/groupgat_Omega_trial_2033_best_state.pt,"{'learning_rate': 0.0015862726176438826, 'lr_reduce': 0.6}",TPESampler,COMPLETE
2034,0.08147981017827988,2025-04-26 04:03:58.505032,2025-04-26 04:05:31.493308,0 days 00:01:32.988276,0.04222682171650195,208,4,3,128,0.08974680404882449,128,4,2,32,0.09224981501291812,80,2,4,128,0.2645312279721113,136,64.0,432.0,3,2,0.009633480991939622,0.6,/work3/arnaou/checkpoints/groupgat_Omega_trial_2034_best_state.pt,"{'learning_rate': 0.009633480991939622, 'lr_reduce': 0.6}",TPESampler,COMPLETE
2035,0.05455602705478668,2025-04-26 04:04:01.006095,2025-04-26 04:04:53.427268,0 days 00:00:52.421173,0.014318532117434783,256,1,2,32,0.05305583981124334,128,3,1,128,0.1957433560511194,48,3,2,32,0.11326692001275153,512,,,1,1,0.001216182221903009,0.6,/work3/arnaou/checkpoints/groupgat_Omega_trial_2035_best_state.pt,"{'learning_rate': 0.001216182221903009, 'lr_reduce': 0.6}",TPESampler,COMPLETE
2036,0.0631028488278389,2025-04-26 04:04:35.695382,2025-04-26 04:05:31.697097,0 days 00:00:56.001715,0.13613087071642244,112,1,4,112,0.24232754675563353,128,1,4,64,0.18863079618968784,96,1,1,48,0.13977853292454173,360,,,1,1,0.005864123020170327,0.6,/work3/arnaou/checkpoints/groupgat_Omega_trial_2036_best_state.pt,"{'learning_rate': 0.005864123020170327, 'lr_reduce': 0.6}",TPESampler,COMPLETE
2037,0.05955426022410393,2025-04-26 04:04:53.592564,2025-04-26 04:05:59.726026,0 days 00:01:06.133462,0.03420688957962341,256,2,1,48,0.18873216076786453,224,4,2,96,0.24470357973214293,64,4,3,48,0.2655667054217926,488,208.0,80.0,3,2,0.0008448542658487031,0.6,/work3/arnaou/checkpoints/groupgat_Omega_trial_2037_best_state.pt,"{'learning_rate': 0.0008448542658487031, 'lr_reduce': 0.6}",TPESampler,COMPLETE
2038,0.19133338332176208,2025-04-26 04:05:31.666727,2025-04-26 04:07:10.702436,0 days 00:01:39.035709,0.2640598926940022,96,4,3,128,0.2130684017960738,144,1,4,128,0.1719182839594883,96,4,2,128,0.11826004613343243,256,288.0,,2,1,0.00036982451993361953,0.6,/work3/arnaou/checkpoints/groupgat_Omega_trial_2038_best_state.pt,"{'learning_rate': 0.00036982451993361953, 'lr_reduce': 0.6}",TPESampler,COMPLETE
2039,0.08691097795963287,2025-04-26 04:05:32.075059,2025-04-26 04:06:25.735966,0 days 00:00:53.660907,0.0043240944865101105,240,2,2,96,0.06986437620143852,144,4,4,128,0.1029590818533346,80,3,2,80,0.1500317018739685,96,,,1,1,0.007690387734257668,0.6,/work3/arnaou/checkpoints/groupgat_Omega_trial_2039_best_state.pt,"{'learning_rate': 0.007690387734257668, 'lr_reduce': 0.6}",TPESampler,COMPLETE
2040,0.08479855954647064,2025-04-26 04:05:59.884737,2025-04-26 04:07:55.066168,0 days 00:01:55.181431,0.02842335529750342,256,1,1,80,0.18563893094096695,240,4,3,112,0.13441066625615616,48,4,1,96,0.29892770927215634,256,144.0,336.0,3,2,0.00010262681108696749,0.6,/work3/arnaou/checkpoints/groupgat_Omega_trial_2040_best_state.pt,"{'learning_rate': 0.00010262681108696749, 'lr_reduce': 0.6}",TPESampler,COMPLETE
2041,0.1752198487520218,2025-04-26 04:06:25.928511,2025-04-26 04:08:20.180139,0 days 00:01:54.251628,0.08359065600901437,128,4,3,112,0.20268857678290075,64,1,1,80,0.03864787009865271,32,1,3,96,0.1676076200030589,248,408.0,,2,1,0.00014888967820672627,0.6,/work3/arnaou/checkpoints/groupgat_Omega_trial_2041_best_state.pt,"{'learning_rate': 0.00014888967820672627, 'lr_reduce': 0.6}",TPESampler,COMPLETE
