number,value,datetime_start,datetime_complete,duration,params_L1_dropout,params_L1_hidden_dim,params_L1_layers_atom,params_L1_layers_mol,params_L1_out_dim,params_L2_dropout,params_L2_hidden_dim,params_L2_layers_atom,params_L2_layers_mol,params_L2_out_dim,params_L3_dropout,params_L3_hidden_dim,params_L3_layers_atom,params_L3_layers_mol,params_L3_out_dim,params_final_dropout,params_mlp_dim_0,params_mlp_dim_1,params_mlp_dim_2,params_n_mlp_layers,params_num_heads,params_train_learning_rate,params_train_lr_reduce,user_attrs_best_state_dict_path,user_attrs_training_params,system_attrs_auto:sampler,state
1209,0.060534436255693436,2025-04-25 22:24:00.368273,2025-04-25 22:25:33.405428,0 days 00:01:33.037155,0.023559727521530988,208,2,1,64,0.21999847262290678,256,4,1,128,0.18025394241997283,64,2,2,96,0.2312459619386781,416,,,1,2,0.000437164014712193,0.6,/work3/arnaou/checkpoints/groupgat_Omega_trial_1209_best_state.pt,"{'learning_rate': 0.000437164014712193, 'lr_reduce': 0.6}",TPESampler,COMPLETE
1210,0.0530734546482563,2025-04-25 22:24:08.100513,2025-04-25 22:25:16.869352,0 days 00:01:08.768839,0.028154224990411397,192,1,1,64,0.1633621249751748,192,4,3,96,0.27363734404581974,80,4,3,64,0.19150211420247704,488,144.0,360.0,3,2,0.0009745669038104904,0.6,/work3/arnaou/checkpoints/groupgat_Omega_trial_1210_best_state.pt,"{'learning_rate': 0.0009745669038104904, 'lr_reduce': 0.6}",TPESampler,COMPLETE
1211,0.05382394790649414,2025-04-25 22:25:09.574240,2025-04-25 22:26:48.274770,0 days 00:01:38.700530,0.04437715601826657,256,2,2,64,0.01459438401279732,64,3,1,96,0.15103066014034272,32,4,4,64,0.07869392146596996,328,208.0,128.0,3,2,0.0005101789883002274,0.6,/work3/arnaou/checkpoints/groupgat_Omega_trial_1211_best_state.pt,"{'learning_rate': 0.0005101789883002274, 'lr_reduce': 0.6}",TPESampler,COMPLETE
1212,0.055727165192365646,2025-04-25 22:25:17.313786,2025-04-25 22:26:25.616657,0 days 00:01:08.302871,0.06522715240810226,192,1,1,32,0.05978041959836129,256,3,1,128,0.20490797543307485,96,2,1,112,0.28491196301823324,408,208.0,120.0,3,2,0.000262727584140997,0.6,/work3/arnaou/checkpoints/groupgat_Omega_trial_1212_best_state.pt,"{'learning_rate': 0.000262727584140997, 'lr_reduce': 0.6}",TPESampler,COMPLETE
1213,0.059651341289281845,2025-04-25 22:25:33.704880,2025-04-25 22:26:51.172579,0 days 00:01:17.467699,0.09925922619607229,224,1,2,96,0.17287154076831013,160,4,1,112,0.20898925338149643,96,4,3,64,0.20818911150801397,512,216.0,,2,2,0.0002012675443227123,0.6,/work3/arnaou/checkpoints/groupgat_Omega_trial_1213_best_state.pt,"{'learning_rate': 0.0002012675443227123, 'lr_reduce': 0.6}",TPESampler,COMPLETE
1214,0.0516686849296093,2025-04-25 22:26:25.880722,2025-04-25 22:27:43.275654,0 days 00:01:17.394932,0.0052158393813379715,192,2,1,48,0.09422736185783054,160,2,4,64,0.2783646150682923,32,4,4,48,0.26523175051495174,280,224.0,112.0,3,2,0.0006870006058201255,0.6,/work3/arnaou/checkpoints/groupgat_Omega_trial_1214_best_state.pt,"{'learning_rate': 0.0006870006058201255, 'lr_reduce': 0.6}",TPESampler,COMPLETE
1215,0.05968669429421425,2025-04-25 22:26:48.536727,2025-04-25 22:28:25.134568,0 days 00:01:36.597841,0.04350045244485168,224,2,2,80,0.05048049004217165,224,4,2,128,0.1504249580520537,80,4,3,32,0.187348270229013,464,208.0,104.0,3,2,0.00016576882240436176,0.6,/work3/arnaou/checkpoints/groupgat_Omega_trial_1215_best_state.pt,"{'learning_rate': 0.00016576882240436176, 'lr_reduce': 0.6}",TPESampler,COMPLETE
1216,0.05524052679538727,2025-04-25 22:26:51.442948,2025-04-25 22:28:07.563059,0 days 00:01:16.120111,0.012766765472266909,240,2,1,80,0.06427846242148907,256,2,3,96,0.1548755124336033,80,2,2,64,0.21704471419579904,432,208.0,160.0,3,2,0.0002294639884454533,0.6,/work3/arnaou/checkpoints/groupgat_Omega_trial_1216_best_state.pt,"{'learning_rate': 0.0002294639884454533, 'lr_reduce': 0.6}",TPESampler,COMPLETE
1217,0.05553058534860611,2025-04-25 22:27:43.607419,2025-04-25 22:29:03.240416,0 days 00:01:19.632997,0.04129708057206904,224,1,1,32,0.027835588076648127,240,4,1,128,0.11799901599003933,64,2,2,96,0.1829646163544199,504,232.0,88.0,3,2,0.00017568509017280252,0.6,/work3/arnaou/checkpoints/groupgat_Omega_trial_1217_best_state.pt,"{'learning_rate': 0.00017568509017280252, 'lr_reduce': 0.6}",TPESampler,COMPLETE
1218,0.05468101054430008,2025-04-25 22:28:07.816069,2025-04-25 22:29:05.663527,0 days 00:00:57.847458,0.021090387384183652,240,1,1,96,0.2383678659724565,128,3,2,96,0.11898578108509533,80,4,3,96,0.21445884001059948,464,200.0,136.0,3,2,0.0009158437779337022,0.6,/work3/arnaou/checkpoints/groupgat_Omega_trial_1218_best_state.pt,"{'learning_rate': 0.0009158437779337022, 'lr_reduce': 0.6}",TPESampler,COMPLETE
1219,0.06001092493534088,2025-04-25 22:28:25.391694,2025-04-25 22:29:28.685935,0 days 00:01:03.294241,0.07413601490559621,208,1,2,112,0.2113668656698544,144,4,1,112,0.24324856846187037,64,4,3,48,0.26532783162531554,448,264.0,80.0,3,1,0.0008094168851907669,0.6,/work3/arnaou/checkpoints/groupgat_Omega_trial_1219_best_state.pt,"{'learning_rate': 0.0008094168851907669, 'lr_reduce': 0.6}",TPESampler,COMPLETE
1220,0.06885130703449249,2025-04-25 22:29:03.473650,2025-04-25 22:30:15.021978,0 days 00:01:11.548328,0.07831347451853869,256,2,1,96,0.10487889920751953,192,3,2,64,0.14460449781381415,48,3,3,96,0.18948229283106258,480,144.0,72.0,3,1,0.00027656963346978954,0.6,/work3/arnaou/checkpoints/groupgat_Omega_trial_1220_best_state.pt,"{'learning_rate': 0.00027656963346978954, 'lr_reduce': 0.6}",TPESampler,COMPLETE
1221,0.05334364250302315,2025-04-25 22:29:05.954515,2025-04-25 22:30:09.865357,0 days 00:01:03.910842,0.0028350376003964768,192,1,1,48,0.15979715627958394,192,2,2,112,0.11958102794963124,80,4,2,48,0.1643535891835405,296,232.0,176.0,3,2,0.0002850096101782916,0.6,/work3/arnaou/checkpoints/groupgat_Omega_trial_1221_best_state.pt,"{'learning_rate': 0.0002850096101782916, 'lr_reduce': 0.6}",TPESampler,COMPLETE
1222,0.05842694267630577,2025-04-25 22:29:28.989048,2025-04-25 22:30:08.796417,0 days 00:00:39.807369,0.044338936297269246,224,1,1,48,0.15802184515111353,144,4,2,64,0.24035424293975916,80,4,2,64,0.25818995166462094,464,336.0,96.0,3,2,0.0028572921666045773,0.6,/work3/arnaou/checkpoints/groupgat_Omega_trial_1222_best_state.pt,"{'learning_rate': 0.0028572921666045773, 'lr_reduce': 0.6}",TPESampler,COMPLETE
1223,0.0595954991877079,2025-04-25 22:30:09.031712,2025-04-25 22:31:19.697810,0 days 00:01:10.666098,0.01649171758993284,176,1,1,64,0.055837068588438385,208,3,3,32,0.2278585426249226,32,4,4,32,0.10756521275732205,368,200.0,72.0,3,2,0.0009525915436534972,0.6,/work3/arnaou/checkpoints/groupgat_Omega_trial_1223_best_state.pt,"{'learning_rate': 0.0009525915436534972, 'lr_reduce': 0.6}",TPESampler,COMPLETE
1224,0.06516051292419434,2025-04-25 22:30:10.319106,2025-04-25 22:31:24.343949,0 days 00:01:14.024843,0.1718731761059784,240,1,1,96,0.0015290141530469176,64,4,1,112,0.19951993689962064,32,4,3,112,0.22547802182734777,440,288.0,152.0,3,2,0.0017838660066603375,0.6,/work3/arnaou/checkpoints/groupgat_Omega_trial_1224_best_state.pt,"{'learning_rate': 0.0017838660066603375, 'lr_reduce': 0.6}",TPESampler,COMPLETE
1225,0.06270579993724823,2025-04-25 22:30:15.278457,2025-04-25 22:31:40.127720,0 days 00:01:24.849263,0.07618939547327461,240,1,1,112,0.08054436290491787,256,4,3,128,0.21166656400832717,32,4,3,64,0.28298865435821496,360,248.0,80.0,3,2,0.0012003474180612437,0.6,/work3/arnaou/checkpoints/groupgat_Omega_trial_1225_best_state.pt,"{'learning_rate': 0.0012003474180612437, 'lr_reduce': 0.6}",TPESampler,COMPLETE
1226,0.06686165183782578,2025-04-25 22:31:20.019931,2025-04-25 22:32:26.711867,0 days 00:01:06.691936,0.05351842382041301,224,1,1,48,0.08669344556994443,208,4,3,128,0.194906001453817,64,4,3,48,0.258760705549848,496,200.0,120.0,3,2,0.002093549797883066,0.6,/work3/arnaou/checkpoints/groupgat_Omega_trial_1226_best_state.pt,"{'learning_rate': 0.002093549797883066, 'lr_reduce': 0.6}",TPESampler,COMPLETE
1227,0.0612780787050724,2025-04-25 22:31:24.656327,2025-04-25 22:32:33.683226,0 days 00:01:09.026899,0.09729200018570965,240,1,1,80,0.06843943272093167,176,3,2,96,0.06585842071221353,48,3,3,48,0.2768208652529129,488,144.0,72.0,3,2,0.00040794366908561126,0.6,/work3/arnaou/checkpoints/groupgat_Omega_trial_1227_best_state.pt,"{'learning_rate': 0.00040794366908561126, 'lr_reduce': 0.6}",TPESampler,COMPLETE
1228,0.060928430408239365,2025-04-25 22:31:40.480754,2025-04-25 22:32:50.759543,0 days 00:01:10.278789,0.015381851038067773,160,1,1,80,0.09619726763868937,160,3,1,112,0.2612138561050565,80,3,3,80,0.28200866522773865,512,,,1,2,0.000236420700854511,0.6,/work3/arnaou/checkpoints/groupgat_Omega_trial_1228_best_state.pt,"{'learning_rate': 0.000236420700854511, 'lr_reduce': 0.6}",TPESampler,COMPLETE
1229,0.05173424258828163,2025-04-25 22:32:26.988418,2025-04-25 22:33:37.169395,0 days 00:01:10.180977,0.037591980386988764,240,2,1,96,0.09127129832612665,208,1,3,80,0.15992527069023318,80,4,3,48,0.2515585254529971,504,296.0,56.0,3,2,0.0007410607484041047,0.6,/work3/arnaou/checkpoints/groupgat_Omega_trial_1229_best_state.pt,"{'learning_rate': 0.0007410607484041047, 'lr_reduce': 0.6}",TPESampler,COMPLETE
1230,0.07648692280054092,2025-04-25 22:32:33.983691,2025-04-25 22:33:35.963459,0 days 00:01:01.979768,0.040441929907626586,256,1,1,64,0.08668848732371773,128,1,1,96,0.15927984345396562,80,4,4,64,0.2948334179411747,456,240.0,192.0,3,2,0.0039652162217389385,0.6,/work3/arnaou/checkpoints/groupgat_Omega_trial_1230_best_state.pt,"{'learning_rate': 0.0039652162217389385, 'lr_reduce': 0.6}",TPESampler,COMPLETE
1231,0.062294259667396545,2025-04-25 22:32:51.034103,2025-04-25 22:34:23.296185,0 days 00:01:32.262082,0.10141287268050873,256,1,1,32,0.13207629535231372,256,4,1,112,0.20070722145203074,80,2,2,128,0.2551815612188614,472,184.0,32.0,3,2,0.00021524804570383354,0.6,/work3/arnaou/checkpoints/groupgat_Omega_trial_1231_best_state.pt,"{'learning_rate': 0.00021524804570383354, 'lr_reduce': 0.6}",TPESampler,COMPLETE
1232,0.07288866490125656,2025-04-25 22:33:36.278485,2025-04-25 22:34:21.542839,0 days 00:00:45.264354,0.005044844256495873,256,1,3,48,0.04166309891327363,256,4,2,128,0.2756914701086387,32,1,2,32,0.2449135872730695,496,256.0,120.0,3,2,0.0024197518055706782,0.6,/work3/arnaou/checkpoints/groupgat_Omega_trial_1232_best_state.pt,"{'learning_rate': 0.0024197518055706782, 'lr_reduce': 0.6}",TPESampler,COMPLETE
1233,0.055387433618307114,2025-04-25 22:33:37.707769,2025-04-25 22:34:40.654387,0 days 00:01:02.946618,0.009783680934936478,144,1,1,48,0.05656086093942385,96,3,1,128,0.18438921897876978,64,4,2,80,0.14444328473671061,488,,,1,2,0.0008661020025213175,0.6,/work3/arnaou/checkpoints/groupgat_Omega_trial_1233_best_state.pt,"{'learning_rate': 0.0008661020025213175, 'lr_reduce': 0.6}",TPESampler,COMPLETE
1234,0.06090380251407623,2025-04-25 22:34:21.954978,2025-04-25 22:35:57.069231,0 days 00:01:35.114253,0.10919395202312138,160,2,3,32,0.14321097672426056,176,4,1,80,0.27505744763264217,32,2,2,112,0.2862516183909913,496,160.0,,2,2,0.0002008274870336631,0.6,/work3/arnaou/checkpoints/groupgat_Omega_trial_1234_best_state.pt,"{'learning_rate': 0.0002008274870336631, 'lr_reduce': 0.6}",TPESampler,COMPLETE
1235,0.06321646273136139,2025-04-25 22:34:23.566608,2025-04-25 22:35:25.515574,0 days 00:01:01.948966,0.048296074555857334,224,1,1,80,0.02598916950891131,64,4,1,96,0.057278994927747864,48,4,4,96,0.1259408284982919,456,336.0,352.0,3,2,0.0010418167860445366,0.6,/work3/arnaou/checkpoints/groupgat_Omega_trial_1235_best_state.pt,"{'learning_rate': 0.0010418167860445366, 'lr_reduce': 0.6}",TPESampler,COMPLETE
1236,0.06383170187473297,2025-04-25 22:34:40.939122,2025-04-25 22:35:42.895836,0 days 00:01:01.956714,0.07458890271709563,192,1,2,48,0.05599302519029426,192,4,2,128,0.1373445645833484,64,3,2,96,0.2747765478437155,344,216.0,328.0,3,1,0.0007667280226237258,0.6,/work3/arnaou/checkpoints/groupgat_Omega_trial_1236_best_state.pt,"{'learning_rate': 0.0007667280226237258, 'lr_reduce': 0.6}",TPESampler,COMPLETE
1237,0.0662556067109108,2025-04-25 22:35:25.808884,2025-04-25 22:36:38.444487,0 days 00:01:12.635603,0.20982247729642445,224,1,1,96,0.12641513500350518,208,4,3,128,0.2847148966781189,48,4,3,112,0.24597158904234362,480,288.0,392.0,3,2,0.0015596214690896258,0.6,/work3/arnaou/checkpoints/groupgat_Omega_trial_1237_best_state.pt,"{'learning_rate': 0.0015596214690896258, 'lr_reduce': 0.6}",TPESampler,COMPLETE
1238,0.05802834779024124,2025-04-25 22:35:43.146659,2025-04-25 22:36:33.764465,0 days 00:00:50.617806,0.015002581960900211,240,1,2,112,0.13110657243059348,176,4,2,48,0.14382580152997132,80,4,4,64,0.1641300383625601,368,240.0,320.0,3,1,0.0008305747257365674,0.6,/work3/arnaou/checkpoints/groupgat_Omega_trial_1238_best_state.pt,"{'learning_rate': 0.0008305747257365674, 'lr_reduce': 0.6}",TPESampler,COMPLETE
1239,0.04972332715988159,2025-04-25 22:35:57.382988,2025-04-25 22:37:25.166001,0 days 00:01:27.783013,0.03869348027719193,208,2,1,32,0.17264861428776368,240,4,1,112,0.11326725401113166,80,2,2,112,0.29634017949669017,432,192.0,352.0,3,2,0.0004875405353544448,0.6,/work3/arnaou/checkpoints/groupgat_Omega_trial_1239_best_state.pt,"{'learning_rate': 0.0004875405353544448, 'lr_reduce': 0.6}",TPESampler,COMPLETE
1240,0.052694011479616165,2025-04-25 22:36:34.040668,2025-04-25 22:37:48.754788,0 days 00:01:14.714120,0.04269104302584634,224,2,1,64,0.027999324400278892,176,2,1,80,0.1147332832116732,80,4,2,48,0.2745291808104952,400,144.0,240.0,3,2,0.00042058141718534205,0.6,/work3/arnaou/checkpoints/groupgat_Omega_trial_1240_best_state.pt,"{'learning_rate': 0.00042058141718534205, 'lr_reduce': 0.6}",TPESampler,COMPLETE
1241,0.05670037493109703,2025-04-25 22:36:38.739493,2025-04-25 22:38:17.604564,0 days 00:01:38.865071,0.011266295207518581,208,3,1,32,0.05847438030533244,224,3,2,96,0.10964248110988521,48,3,4,48,0.2508294366507945,376,264.0,104.0,3,2,0.00034209493190927174,0.6,/work3/arnaou/checkpoints/groupgat_Omega_trial_1241_best_state.pt,"{'learning_rate': 0.00034209493190927174, 'lr_reduce': 0.6}",TPESampler,COMPLETE
1242,0.05774911120533943,2025-04-25 22:37:25.396759,2025-04-25 22:38:48.745511,0 days 00:01:23.348752,0.0656871958496502,240,2,1,48,0.12048463193157975,144,3,3,96,0.14207125932324516,64,4,3,32,0.17421285672662298,496,152.0,,2,2,0.0004570188240103907,0.6,/work3/arnaou/checkpoints/groupgat_Omega_trial_1242_best_state.pt,"{'learning_rate': 0.0004570188240103907, 'lr_reduce': 0.6}",TPESampler,COMPLETE
1243,0.06489741057157516,2025-04-25 22:37:49.133106,2025-04-25 22:39:12.379374,0 days 00:01:23.246268,0.12348647904727215,240,1,1,80,0.1626068724621896,128,2,2,112,0.26517184916426906,80,4,4,64,0.26230755944289075,392,144.0,,2,2,0.00031422041081164803,0.6,/work3/arnaou/checkpoints/groupgat_Omega_trial_1243_best_state.pt,"{'learning_rate': 0.00031422041081164803, 'lr_reduce': 0.6}",TPESampler,COMPLETE
1244,0.05973779037594795,2025-04-25 22:38:17.880643,2025-04-25 22:39:29.298640,0 days 00:01:11.417997,0.0979972336057991,256,1,1,80,0.10199447779159188,240,3,3,64,0.26588985130769927,64,4,4,80,0.129088231784766,344,176.0,376.0,3,1,0.0006749465159466684,0.6,/work3/arnaou/checkpoints/groupgat_Omega_trial_1244_best_state.pt,"{'learning_rate': 0.0006749465159466684, 'lr_reduce': 0.6}",TPESampler,COMPLETE
1245,0.06157275661826134,2025-04-25 22:38:48.973924,2025-04-25 22:40:13.644916,0 days 00:01:24.670992,0.08337909647913565,208,3,1,48,0.14999026422620865,240,4,1,96,0.1129977980695534,128,2,2,112,0.24682443669526632,360,184.0,424.0,3,2,0.000217668495289019,0.6,/work3/arnaou/checkpoints/groupgat_Omega_trial_1245_best_state.pt,"{'learning_rate': 0.000217668495289019, 'lr_reduce': 0.6}",TPESampler,COMPLETE
1246,0.06169913336634636,2025-04-25 22:39:12.726500,2025-04-25 22:40:13.579437,0 days 00:01:00.852937,0.05048315648465042,176,1,1,80,0.12137908230556532,160,3,1,96,0.2475544330270438,32,4,2,64,0.28994914945567246,504,144.0,360.0,3,2,0.0015749487287602744,0.6,/work3/arnaou/checkpoints/groupgat_Omega_trial_1246_best_state.pt,"{'learning_rate': 0.0015749487287602744, 'lr_reduce': 0.6}",TPESampler,COMPLETE
1247,0.057650793343782425,2025-04-25 22:39:29.583715,2025-04-25 22:41:20.122698,0 days 00:01:50.538983,0.03051511915577615,208,2,2,48,0.15151584654146968,208,3,2,96,0.17284472876874696,48,4,3,48,0.28146684039099074,448,176.0,344.0,3,2,0.0010218635579907242,0.6,/work3/arnaou/checkpoints/groupgat_Omega_trial_1247_best_state.pt,"{'learning_rate': 0.0010218635579907242, 'lr_reduce': 0.6}",TPESampler,COMPLETE
1248,0.060021501034498215,2025-04-25 22:40:13.719466,2025-04-25 22:41:29.803158,0 days 00:01:16.083692,0.017679074805073157,224,3,1,96,0.08630483101292673,208,2,1,96,0.25219845958526443,48,4,3,32,0.19997280197795914,512,184.0,376.0,3,2,0.00028792261528154926,0.6,/work3/arnaou/checkpoints/groupgat_Omega_trial_1248_best_state.pt,"{'learning_rate': 0.00028792261528154926, 'lr_reduce': 0.6}",TPESampler,COMPLETE
1249,0.055187392979860306,2025-04-25 22:40:13.866466,2025-04-25 22:41:14.970473,0 days 00:01:01.104007,0.0018399998307971539,240,1,1,64,0.16374137822528595,144,3,1,64,0.22717073734524604,64,4,3,80,0.2132487135809218,488,200.0,,2,2,0.0006200813085622159,0.6,/work3/arnaou/checkpoints/groupgat_Omega_trial_1249_best_state.pt,"{'learning_rate': 0.0006200813085622159, 'lr_reduce': 0.6}",TPESampler,COMPLETE
1250,0.07667695730924606,2025-04-25 22:41:15.302630,2025-04-25 22:42:19.358693,0 days 00:01:04.056063,0.040256992453842365,240,2,2,64,0.06167688241983873,192,2,2,128,0.10184214232446208,64,4,4,32,0.19176268131127408,464,144.0,328.0,3,2,0.0011193038186668265,0.6,/work3/arnaou/checkpoints/groupgat_Omega_trial_1250_best_state.pt,"{'learning_rate': 0.0011193038186668265, 'lr_reduce': 0.6}",TPESampler,COMPLETE
1251,0.060497403144836426,2025-04-25 22:41:20.440505,2025-04-25 22:42:28.520469,0 days 00:01:08.079964,0.04254489258686941,224,2,1,32,0.13098368595238585,208,3,1,48,0.17283218989336252,64,4,3,48,0.21795350082673112,432,184.0,408.0,3,2,0.0004138840168004078,0.6,/work3/arnaou/checkpoints/groupgat_Omega_trial_1251_best_state.pt,"{'learning_rate': 0.0004138840168004078, 'lr_reduce': 0.6}",TPESampler,COMPLETE
1252,0.06992863118648529,2025-04-25 22:41:30.135918,2025-04-25 22:42:39.331452,0 days 00:01:09.195534,0.1617083654344745,160,3,4,112,0.1041736193125401,192,1,2,32,0.006170306992618918,128,1,4,32,0.03299954562930496,376,,,1,2,0.00017795649918546713,0.6,/work3/arnaou/checkpoints/groupgat_Omega_trial_1252_best_state.pt,"{'learning_rate': 0.00017795649918546713, 'lr_reduce': 0.6}",TPESampler,COMPLETE
1253,0.06536965072154999,2025-04-25 22:42:19.596517,2025-04-25 22:43:30.128898,0 days 00:01:10.532381,0.013891355375241877,208,1,3,48,0.1322432560787043,240,4,2,128,0.17999657383127576,48,2,2,96,0.25186743045340015,288,200.0,352.0,3,1,0.00021201503024652018,0.6,/work3/arnaou/checkpoints/groupgat_Omega_trial_1253_best_state.pt,"{'learning_rate': 0.00021201503024652018, 'lr_reduce': 0.6}",TPESampler,COMPLETE
1254,0.07186494767665863,2025-04-25 22:42:28.809679,2025-04-25 22:43:55.703799,0 days 00:01:26.894120,0.0560632168466854,224,3,2,32,0.11267087455608948,240,4,1,128,0.0669273783662708,80,2,1,96,0.2594214961323643,368,208.0,304.0,3,2,0.002055712238620633,0.6,/work3/arnaou/checkpoints/groupgat_Omega_trial_1254_best_state.pt,"{'learning_rate': 0.002055712238620633, 'lr_reduce': 0.6}",TPESampler,COMPLETE
1255,0.0737486407160759,2025-04-25 22:42:40.243623,2025-04-25 22:43:24.135672,0 days 00:00:43.892049,0.10766104183826508,160,4,2,32,0.21083868712876805,240,4,1,64,0.16154959586933673,80,3,4,128,0.2917772819605245,440,208.0,368.0,3,2,0.0018099115471793884,0.6,/work3/arnaou/checkpoints/groupgat_Omega_trial_1255_best_state.pt,"{'learning_rate': 0.0018099115471793884, 'lr_reduce': 0.6}",TPESampler,COMPLETE
1256,0.06366755068302155,2025-04-25 22:43:24.364654,2025-04-25 22:44:21.717862,0 days 00:00:57.353208,0.006134598014497963,240,1,3,48,0.07704125493336907,256,4,1,112,0.2533032727945909,80,2,1,48,0.1986082187975403,456,144.0,312.0,3,2,0.001139045380297566,0.6,/work3/arnaou/checkpoints/groupgat_Omega_trial_1256_best_state.pt,"{'learning_rate': 0.001139045380297566, 'lr_reduce': 0.6}",TPESampler,COMPLETE
1257,0.06556103378534317,2025-04-25 22:43:30.476146,2025-04-25 22:44:38.692272,0 days 00:01:08.216126,0.09482562765102706,208,1,1,80,0.03565744437728979,96,3,1,80,0.1432448378047407,64,2,4,128,0.15286414527909478,504,152.0,,2,2,0.001011347448788194,0.6,/work3/arnaou/checkpoints/groupgat_Omega_trial_1257_best_state.pt,"{'learning_rate': 0.001011347448788194, 'lr_reduce': 0.6}",TPESampler,COMPLETE
1258,0.054686665534973145,2025-04-25 22:43:55.986303,2025-04-25 22:44:57.601592,0 days 00:01:01.615289,0.0460398475126083,192,1,2,64,0.14176270978181774,176,4,1,128,0.28826438526222165,64,2,2,80,0.19574117761118726,328,208.0,352.0,3,1,0.0006093070520708165,0.6,/work3/arnaou/checkpoints/groupgat_Omega_trial_1258_best_state.pt,"{'learning_rate': 0.0006093070520708165, 'lr_reduce': 0.6}",TPESampler,COMPLETE
1259,0.058511484414339066,2025-04-25 22:44:21.956384,2025-04-25 22:45:47.927437,0 days 00:01:25.971053,0.05178798776056883,240,3,2,64,0.10844243859459438,176,3,2,128,0.18556500628685713,32,4,2,64,0.22657040578082346,496,136.0,416.0,3,1,0.0001971062101449302,0.6,/work3/arnaou/checkpoints/groupgat_Omega_trial_1259_best_state.pt,"{'learning_rate': 0.0001971062101449302, 'lr_reduce': 0.6}",TPESampler,COMPLETE
1260,0.05634536221623421,2025-04-25 22:44:39.011692,2025-04-25 22:46:03.561529,0 days 00:01:24.549837,0.024040687871351704,256,2,1,32,0.15784579947350252,192,4,1,112,0.08481736753728081,64,2,1,112,0.26225154004857415,440,216.0,288.0,3,2,0.0002861466597846573,0.6,/work3/arnaou/checkpoints/groupgat_Omega_trial_1260_best_state.pt,"{'learning_rate': 0.0002861466597846573, 'lr_reduce': 0.6}",TPESampler,COMPLETE
