number,value,datetime_start,datetime_complete,duration,params_L1_dropout,params_L1_hidden_dim,params_L1_layers_atom,params_L1_layers_mol,params_L1_out_dim,params_L2_dropout,params_L2_hidden_dim,params_L2_layers_atom,params_L2_layers_mol,params_L2_out_dim,params_L3_dropout,params_L3_hidden_dim,params_L3_layers_atom,params_L3_layers_mol,params_L3_out_dim,params_final_dropout,params_mlp_dim_0,params_mlp_dim_1,params_mlp_dim_2,params_n_mlp_layers,params_num_heads,params_train_learning_rate,params_train_lr_reduce,user_attrs_best_state_dict_path,user_attrs_training_params,system_attrs_auto:sampler,state
2461,0.06162147969007492,2025-04-26 06:52:49.231974,2025-04-26 06:54:14.307118,0 days 00:01:25.075144,0.11717156562078072,144,2,3,64,0.18877758615519272,96,3,1,32,0.2844063593806587,32,1,2,96,0.2965947599622765,496,152.0,224.0,3,2,0.0009416454805968936,0.6,/work3/arnaou/checkpoints/groupgat_Omega_trial_2461_best_state.pt,"{'learning_rate': 0.0009416454805968936, 'lr_reduce': 0.6}",TPESampler,COMPLETE
2462,0.0858549103140831,2025-04-26 06:53:06.418087,2025-04-26 06:54:07.689843,0 days 00:01:01.271756,0.005445508516410117,144,1,2,64,0.19655319457949405,256,4,2,64,0.2577217559650218,48,2,3,64,0.20638018224392712,424,152.0,,2,1,0.000130413749366655,0.6,/work3/arnaou/checkpoints/groupgat_Omega_trial_2462_best_state.pt,"{'learning_rate': 0.000130413749366655, 'lr_reduce': 0.6}",TPESampler,COMPLETE
2463,0.0914144515991211,2025-04-26 06:53:41.740806,2025-04-26 06:54:52.101679,0 days 00:01:10.360873,0.05230869134728858,192,1,2,64,0.16325241456688325,224,4,2,80,0.26559424641172,32,2,2,32,0.292964086355396,440,160.0,,2,1,0.0002328316227356363,0.6,/work3/arnaou/checkpoints/groupgat_Omega_trial_2463_best_state.pt,"{'learning_rate': 0.0002328316227356363, 'lr_reduce': 0.6}",TPESampler,COMPLETE
2464,0.06627167016267776,2025-04-26 06:54:07.894473,2025-04-26 06:55:09.152631,0 days 00:01:01.258158,0.08688146483217976,240,3,1,48,0.1507081846015114,240,3,3,96,0.27281721729421937,48,1,1,80,0.2482782079382764,296,160.0,208.0,3,2,0.0006359929376427556,0.6,/work3/arnaou/checkpoints/groupgat_Omega_trial_2464_best_state.pt,"{'learning_rate': 0.0006359929376427556, 'lr_reduce': 0.6}",TPESampler,COMPLETE
2465,0.05709323659539223,2025-04-26 06:54:14.539616,2025-04-26 06:55:08.595623,0 days 00:00:54.056007,0.07426108756647096,176,1,2,48,0.21293381077323892,240,3,2,96,0.2284882587310786,64,3,2,48,0.2873064095818862,368,152.0,,2,1,0.0008071551198488007,0.6,/work3/arnaou/checkpoints/groupgat_Omega_trial_2465_best_state.pt,"{'learning_rate': 0.0008071551198488007, 'lr_reduce': 0.6}",TPESampler,COMPLETE
2466,0.049696166068315506,2025-04-26 06:54:52.329980,2025-04-26 06:55:58.815556,0 days 00:01:06.485576,0.006220727381550563,144,1,3,32,0.10147720824990324,256,4,2,112,0.2815653313085745,48,3,2,64,0.22050653631627418,448,160.0,,2,1,0.00034101533954981086,0.6,/work3/arnaou/checkpoints/groupgat_Omega_trial_2466_best_state.pt,"{'learning_rate': 0.00034101533954981086, 'lr_reduce': 0.6}",TPESampler,COMPLETE
2467,0.06409028172492981,2025-04-26 06:55:08.832097,2025-04-26 06:56:11.029077,0 days 00:01:02.196980,0.006919791349084821,192,1,2,32,0.13938925447184586,224,4,2,48,0.20182123151207,48,3,3,48,0.24849799069249312,456,152.0,224.0,3,1,0.000366745062227486,0.6,/work3/arnaou/checkpoints/groupgat_Omega_trial_2467_best_state.pt,"{'learning_rate': 0.000366745062227486, 'lr_reduce': 0.6}",TPESampler,COMPLETE
2468,0.05734580010175705,2025-04-26 06:55:09.463600,2025-04-26 06:57:16.726326,0 days 00:02:07.262726,0.03413721592616324,192,2,1,32,0.1831814834094608,224,4,1,128,0.19819113216847573,32,2,3,32,0.27167852893360706,392,160.0,,2,1,0.0001556605415885027,0.6,/work3/arnaou/checkpoints/groupgat_Omega_trial_2468_best_state.pt,"{'learning_rate': 0.0001556605415885027, 'lr_reduce': 0.6}",TPESampler,COMPLETE
2469,0.058576930314302444,2025-04-26 06:55:59.029712,2025-04-26 06:57:19.219638,0 days 00:01:20.189926,0.0029559227528922413,240,1,1,96,0.13246316789917395,208,4,2,64,0.21144365250146482,48,3,4,80,0.23494235076295003,416,512.0,168.0,3,2,0.000185382804367033,0.6,/work3/arnaou/checkpoints/groupgat_Omega_trial_2469_best_state.pt,"{'learning_rate': 0.000185382804367033, 'lr_reduce': 0.6}",TPESampler,COMPLETE
2470,0.056438274681568146,2025-04-26 06:56:11.223404,2025-04-26 06:57:25.374217,0 days 00:01:14.150813,0.0213789735832916,128,2,2,64,0.13537183703318187,208,4,1,48,0.2940915045302131,48,3,1,48,0.2594305065798247,408,136.0,,2,1,0.00018118080934768853,0.6,/work3/arnaou/checkpoints/groupgat_Omega_trial_2470_best_state.pt,"{'learning_rate': 0.00018118080934768853, 'lr_reduce': 0.6}",TPESampler,COMPLETE
2471,0.06246267631649971,2025-04-26 06:57:16.994236,2025-04-26 06:58:23.225452,0 days 00:01:06.231216,0.03895581372175905,256,2,1,80,0.28996474583779736,240,3,3,128,0.2718887117904057,80,1,1,48,0.19170572539024422,496,168.0,,2,1,0.0003841538411723471,0.6,/work3/arnaou/checkpoints/groupgat_Omega_trial_2471_best_state.pt,"{'learning_rate': 0.0003841538411723471, 'lr_reduce': 0.6}",TPESampler,COMPLETE
2472,0.05838870257139206,2025-04-26 06:57:19.459282,2025-04-26 06:58:30.571767,0 days 00:01:11.112485,0.04341083421904776,160,2,2,80,0.20864235271022688,256,3,2,96,0.1847875885885493,32,3,2,48,0.21653996638924855,352,160.0,,2,1,0.00044532526168518193,0.6,/work3/arnaou/checkpoints/groupgat_Omega_trial_2472_best_state.pt,"{'learning_rate': 0.00044532526168518193, 'lr_reduce': 0.6}",TPESampler,COMPLETE
2473,0.062151312828063965,2025-04-26 06:57:25.673677,2025-04-26 06:59:00.625121,0 days 00:01:34.951444,0.08017401744633984,256,3,2,64,0.20051036420119991,240,3,3,96,0.2638642258594038,64,1,1,32,0.26703509442273543,440,440.0,224.0,3,2,0.0001727601677461732,0.6,/work3/arnaou/checkpoints/groupgat_Omega_trial_2473_best_state.pt,"{'learning_rate': 0.0001727601677461732, 'lr_reduce': 0.6}",TPESampler,COMPLETE
2474,0.05395382642745972,2025-04-26 06:58:23.427159,2025-04-26 06:59:35.253237,0 days 00:01:11.826078,0.00487855664996777,240,1,1,48,0.1063542320469573,256,4,1,112,0.1942462455228185,48,1,2,112,0.28218910240774664,424,128.0,56.0,3,2,0.00021544400995570235,0.6,/work3/arnaou/checkpoints/groupgat_Omega_trial_2474_best_state.pt,"{'learning_rate': 0.00021544400995570235, 'lr_reduce': 0.6}",TPESampler,COMPLETE
2475,0.0555431991815567,2025-04-26 06:58:31.065063,2025-04-26 06:59:50.039183,0 days 00:01:18.974120,0.018331042168661008,256,2,1,48,0.242741957635239,256,3,3,96,0.22685023242485466,48,1,1,48,0.2765695783579114,272,176.0,,2,2,0.00018546665419520085,0.6,/work3/arnaou/checkpoints/groupgat_Omega_trial_2475_best_state.pt,"{'learning_rate': 0.00018546665419520085, 'lr_reduce': 0.6}",TPESampler,COMPLETE
2476,0.06099240109324455,2025-04-26 06:59:01.003360,2025-04-26 06:59:40.346400,0 days 00:00:39.343040,0.04540956877476917,224,1,2,32,0.11345732690446676,240,4,1,96,0.19683808984602677,64,1,2,48,0.2565279015337512,136,456.0,,2,1,0.002854259930024349,0.6,/work3/arnaou/checkpoints/groupgat_Omega_trial_2476_best_state.pt,"{'learning_rate': 0.002854259930024349, 'lr_reduce': 0.6}",TPESampler,COMPLETE
2477,0.07166670262813568,2025-04-26 06:59:35.502293,2025-04-26 07:00:40.015802,0 days 00:01:04.513509,0.017264181206973723,192,1,3,48,0.2604426253762774,224,4,1,80,0.24638619565024214,32,3,2,64,0.2807324487707093,392,136.0,,2,1,0.00010310174038060534,0.6,/work3/arnaou/checkpoints/groupgat_Omega_trial_2477_best_state.pt,"{'learning_rate': 0.00010310174038060534, 'lr_reduce': 0.6}",TPESampler,COMPLETE
2478,0.05879639461636543,2025-04-26 06:59:40.575156,2025-04-26 07:00:44.646579,0 days 00:01:04.071423,0.0073087105303159825,128,1,1,32,0.16944997961863262,208,4,1,64,0.2480882268854356,32,4,1,64,0.2191101920287598,432,176.0,232.0,3,1,0.0005980400054714064,0.6,/work3/arnaou/checkpoints/groupgat_Omega_trial_2478_best_state.pt,"{'learning_rate': 0.0005980400054714064, 'lr_reduce': 0.6}",TPESampler,COMPLETE
2479,0.07157538831233978,2025-04-26 06:59:50.305497,2025-04-26 07:00:43.491049,0 days 00:00:53.185552,0.18070196972586594,160,3,4,96,0.23649098696844495,160,4,1,112,0.07569251175238796,32,4,1,32,0.1415740138103457,408,328.0,,2,1,0.0019857824428396805,0.6,/work3/arnaou/checkpoints/groupgat_Omega_trial_2479_best_state.pt,"{'learning_rate': 0.0019857824428396805, 'lr_reduce': 0.6}",TPESampler,COMPLETE
2480,0.06658726185560226,2025-04-26 07:00:40.278002,2025-04-26 07:01:24.770582,0 days 00:00:44.492580,0.12196907495270315,192,1,1,80,0.2769459046975856,160,4,2,112,0.13383527892369335,96,4,4,80,0.25869444853311574,304,480.0,104.0,3,1,0.0022479044505956934,0.6,/work3/arnaou/checkpoints/groupgat_Omega_trial_2480_best_state.pt,"{'learning_rate': 0.0022479044505956934, 'lr_reduce': 0.6}",TPESampler,COMPLETE
2481,0.11804531514644623,2025-04-26 07:00:43.727263,2025-04-26 07:01:55.752754,0 days 00:01:12.025491,0.10453226039907915,176,3,2,96,0.15741546064042244,144,2,2,96,0.22611521036566076,80,4,1,112,0.16650949108163973,168,,,1,1,0.0001933950809389606,0.6,/work3/arnaou/checkpoints/groupgat_Omega_trial_2481_best_state.pt,"{'learning_rate': 0.0001933950809389606, 'lr_reduce': 0.6}",TPESampler,COMPLETE
2482,0.06690512597560883,2025-04-26 07:00:44.899781,2025-04-26 07:02:11.805913,0 days 00:01:26.906132,0.13032020392626947,128,4,4,128,0.13356202108519272,224,2,2,112,0.23108283621668602,96,3,4,32,0.27471103578347633,384,416.0,240.0,3,1,0.000377356196375064,0.6,/work3/arnaou/checkpoints/groupgat_Omega_trial_2482_best_state.pt,"{'learning_rate': 0.000377356196375064, 'lr_reduce': 0.6}",TPESampler,COMPLETE
2483,0.06853368133306503,2025-04-26 07:01:25.358135,2025-04-26 07:02:15.117918,0 days 00:00:49.759783,0.04548364378736952,256,1,1,48,0.24621811963483023,192,4,2,80,0.19949985476629556,128,2,1,48,0.2589302597598335,424,128.0,248.0,3,1,0.0008580078594766265,0.6,/work3/arnaou/checkpoints/groupgat_Omega_trial_2483_best_state.pt,"{'learning_rate': 0.0008580078594766265, 'lr_reduce': 0.6}",TPESampler,COMPLETE
2484,0.0689723864197731,2025-04-26 07:01:55.981670,2025-04-26 07:03:57.038266,0 days 00:02:01.056596,0.011789062691577496,176,2,2,64,0.1704691969097834,224,4,1,80,0.28636341850061914,32,2,2,64,0.2850207821145431,384,,,1,1,0.00019768047397363908,0.6,/work3/arnaou/checkpoints/groupgat_Omega_trial_2484_best_state.pt,"{'learning_rate': 0.00019768047397363908, 'lr_reduce': 0.6}",TPESampler,COMPLETE
2485,0.11551006883382797,2025-04-26 07:02:12.077701,2025-04-26 07:04:12.683814,0 days 00:02:00.606113,0.09807381388517186,192,2,1,112,0.2283208976006711,144,3,2,112,0.25043384489658205,48,1,2,64,0.04732175109256932,280,,,1,2,0.00011175272550470889,0.6,/work3/arnaou/checkpoints/groupgat_Omega_trial_2485_best_state.pt,"{'learning_rate': 0.00011175272550470889, 'lr_reduce': 0.6}",TPESampler,COMPLETE
2486,0.06842414289712906,2025-04-26 07:02:15.309514,2025-04-26 07:04:26.505116,0 days 00:02:11.195602,0.21841430125987224,96,4,3,64,0.2812599838429967,240,2,3,64,0.015948196153760696,128,1,1,112,0.1848018589018059,488,160.0,136.0,3,2,0.0007952495043626895,0.6,/work3/arnaou/checkpoints/groupgat_Omega_trial_2486_best_state.pt,"{'learning_rate': 0.0007952495043626895, 'lr_reduce': 0.6}",TPESampler,COMPLETE
2487,0.07253976911306381,2025-04-26 07:03:57.311936,2025-04-26 07:05:27.114538,0 days 00:01:29.802602,0.07908234568364197,144,4,3,32,0.15656675105517318,256,3,3,112,0.022986400558570985,128,4,2,32,0.06924441606744798,208,136.0,,2,1,0.0007137950026148837,0.6,/work3/arnaou/checkpoints/groupgat_Omega_trial_2487_best_state.pt,"{'learning_rate': 0.0007137950026148837, 'lr_reduce': 0.6}",TPESampler,COMPLETE
2488,0.05709497258067131,2025-04-26 07:04:12.899593,2025-04-26 07:05:31.377188,0 days 00:01:18.477595,0.02241025267019992,192,3,1,96,0.22192888478471337,208,3,3,112,0.27639128992257816,48,2,1,32,0.21386437776707767,344,480.0,248.0,3,2,0.0002935059633021713,0.6,/work3/arnaou/checkpoints/groupgat_Omega_trial_2488_best_state.pt,"{'learning_rate': 0.0002935059633021713, 'lr_reduce': 0.6}",TPESampler,COMPLETE
2489,0.085617795586586,2025-04-26 07:04:27.108227,2025-04-26 07:05:50.951692,0 days 00:01:23.843465,0.09525483049666567,160,3,2,64,0.07554949497457378,112,4,4,128,0.2893176858720835,80,1,4,48,0.29570408229439116,312,,,1,2,0.0016007982396230626,0.6,/work3/arnaou/checkpoints/groupgat_Omega_trial_2489_best_state.pt,"{'learning_rate': 0.0016007982396230626, 'lr_reduce': 0.6}",TPESampler,COMPLETE
2490,0.05857224017381668,2025-04-26 07:05:27.340723,2025-04-26 07:06:30.390073,0 days 00:01:03.049350,0.039450075396310395,224,1,3,48,0.1342575778853274,224,4,1,80,0.13961317793329298,48,2,3,64,0.25217028686589915,424,368.0,,2,1,0.00036170954325694896,0.6,/work3/arnaou/checkpoints/groupgat_Omega_trial_2490_best_state.pt,"{'learning_rate': 0.00036170954325694896, 'lr_reduce': 0.6}",TPESampler,COMPLETE
2491,0.1512596309185028,2025-04-26 07:05:31.578672,2025-04-26 07:08:06.584208,0 days 00:02:35.005536,0.24510440709414483,64,3,4,128,0.05286169684560239,96,3,3,80,0.1130829600269565,32,2,4,112,0.1306789805464736,424,168.0,216.0,3,2,0.00011108116695630362,0.6,/work3/arnaou/checkpoints/groupgat_Omega_trial_2491_best_state.pt,"{'learning_rate': 0.00011108116695630362, 'lr_reduce': 0.6}",TPESampler,COMPLETE
2492,0.06435197591781616,2025-04-26 07:05:51.169012,2025-04-26 07:06:49.677125,0 days 00:00:58.508113,0.17048222630605006,240,1,3,112,0.11832167685168846,144,1,3,112,0.13211397078396014,128,3,2,64,0.051066359487480256,32,312.0,,2,2,0.0008071703443002587,0.6,/work3/arnaou/checkpoints/groupgat_Omega_trial_2492_best_state.pt,"{'learning_rate': 0.0008071703443002587, 'lr_reduce': 0.6}",TPESampler,COMPLETE
2493,0.054817259311676025,2025-04-26 07:06:30.597431,2025-04-26 07:07:59.833375,0 days 00:01:29.235944,0.007666494014324218,176,1,1,80,0.11593755960180312,224,4,2,128,0.23629645285412199,112,2,2,96,0.19408524646339909,408,176.0,272.0,3,2,0.00017692093888116466,0.6,/work3/arnaou/checkpoints/groupgat_Omega_trial_2493_best_state.pt,"{'learning_rate': 0.00017692093888116466, 'lr_reduce': 0.6}",TPESampler,COMPLETE
2494,0.06298894435167313,2025-04-26 07:06:49.900187,2025-04-26 07:08:02.234914,0 days 00:01:12.334727,0.00463867917987236,160,2,1,48,0.22009501518541047,240,3,3,128,0.2576734404566726,64,1,2,112,0.26525784567673033,432,512.0,256.0,3,2,0.0009237972024800017,0.6,/work3/arnaou/checkpoints/groupgat_Omega_trial_2494_best_state.pt,"{'learning_rate': 0.0009237972024800017, 'lr_reduce': 0.6}",TPESampler,COMPLETE
2495,0.8833338022232056,2025-04-26 07:08:00.048729,2025-04-26 07:08:12.330512,0 days 00:00:12.281783,0.2493342034620352,64,3,4,112,0.17820998784030467,240,3,3,96,0.11970412681766823,112,1,2,64,0.20746374426272257,192,416.0,,2,1,0.0008157096963661738,0.6,/work3/arnaou/checkpoints/groupgat_Omega_trial_2495_best_state.pt,"{'learning_rate': 0.0008157096963661738, 'lr_reduce': 0.6}",TPESampler,COMPLETE
2496,0.062387917190790176,2025-04-26 07:08:02.411827,2025-04-26 07:09:26.781144,0 days 00:01:24.369317,0.04029252907877381,176,1,3,32,0.11512603844874797,256,3,1,80,0.2744790351765399,48,2,2,48,0.284513976679545,296,128.0,,2,1,0.00010187774755252905,0.6,/work3/arnaou/checkpoints/groupgat_Omega_trial_2496_best_state.pt,"{'learning_rate': 0.00010187774755252905, 'lr_reduce': 0.6}",TPESampler,COMPLETE
2497,0.0556878000497818,2025-04-26 07:08:06.898071,2025-04-26 07:09:03.133957,0 days 00:00:56.235886,0.04510978125057291,208,1,3,64,0.1194792821240927,192,4,1,96,0.28204317737845463,48,2,3,48,0.27139614006917706,464,184.0,,2,1,0.0009589279573985718,0.6,/work3/arnaou/checkpoints/groupgat_Omega_trial_2497_best_state.pt,"{'learning_rate': 0.0009589279573985718, 'lr_reduce': 0.6}",TPESampler,COMPLETE
2498,0.06889326870441437,2025-04-26 07:08:12.685252,2025-04-26 07:09:43.577631,0 days 00:01:30.892379,0.09764215100288132,96,3,4,128,0.04708177780634351,112,4,3,96,0.2198703012434015,48,1,2,112,0.25996134222597145,104,456.0,,2,2,0.0005523422087200571,0.6,/work3/arnaou/checkpoints/groupgat_Omega_trial_2498_best_state.pt,"{'learning_rate': 0.0005523422087200571, 'lr_reduce': 0.6}",TPESampler,COMPLETE
2499,0.06412053108215332,2025-04-26 07:09:03.437271,2025-04-26 07:09:52.781299,0 days 00:00:49.344028,0.012840643294804818,160,2,2,48,0.2068512498209532,240,4,1,96,0.2998800891295979,32,4,2,64,0.2975423139135719,464,176.0,,2,1,0.0002320738972320383,0.6,/work3/arnaou/checkpoints/groupgat_Omega_trial_2499_best_state.pt,"{'learning_rate': 0.0002320738972320383, 'lr_reduce': 0.6}",TPESampler,COMPLETE
