number,value,datetime_start,datetime_complete,duration,params_L1_dropout,params_L1_hidden_dim,params_L1_layers_atom,params_L1_layers_mol,params_L1_out_dim,params_L2_dropout,params_L2_hidden_dim,params_L2_layers_atom,params_L2_layers_mol,params_L2_out_dim,params_L3_dropout,params_L3_hidden_dim,params_L3_layers_atom,params_L3_layers_mol,params_L3_out_dim,params_final_dropout,params_mlp_dim_0,params_mlp_dim_1,params_mlp_dim_2,params_n_mlp_layers,params_num_heads,params_train_learning_rate,params_train_lr_reduce,user_attrs_best_state_dict_path,user_attrs_training_params,system_attrs_auto:sampler,state
843,0.0555688813328743,2025-04-25 19:48:07.500048,2025-04-25 19:49:14.096400,0 days 00:01:06.596352,0.023358167474945086,176,1,1,48,0.12095769792767827,144,2,1,96,0.2415605078729337,32,4,3,128,0.23082579853502683,464,32.0,,2,2,0.0003116860366874414,0.6,/work3/arnaou/checkpoints/groupgat_Omega_trial_843_best_state.pt,"{'learning_rate': 0.0003116860366874414, 'lr_reduce': 0.6}",TPESampler,COMPLETE
844,0.05467422679066658,2025-04-25 19:48:42.375082,2025-04-25 19:49:51.513445,0 days 00:01:09.138363,0.08460471453107386,160,2,1,64,0.10642643101323514,176,4,2,48,0.286030383989249,32,2,1,64,0.24819194866811078,488,96.0,256.0,3,2,0.0007191921953146826,0.6,/work3/arnaou/checkpoints/groupgat_Omega_trial_844_best_state.pt,"{'learning_rate': 0.0007191921953146826, 'lr_reduce': 0.6}",TPESampler,COMPLETE
845,0.05705955997109413,2025-04-25 19:49:14.341199,2025-04-25 19:50:22.294952,0 days 00:01:07.953753,0.04247568975986534,96,2,2,32,0.009587970140710743,112,2,1,112,0.21359357735182577,48,4,2,112,0.13378273643627314,408,72.0,,2,1,0.000822211568140048,0.6,/work3/arnaou/checkpoints/groupgat_Omega_trial_845_best_state.pt,"{'learning_rate': 0.000822211568140048, 'lr_reduce': 0.6}",TPESampler,COMPLETE
846,0.06038593500852585,2025-04-25 19:49:22.788772,2025-04-25 19:50:34.063294,0 days 00:01:11.274522,0.0026010164571601685,240,3,1,64,0.22720170175732382,176,3,3,48,0.04660271077270085,64,2,4,112,0.15723462500267915,80,72.0,328.0,3,2,0.0003634825886416966,0.6,/work3/arnaou/checkpoints/groupgat_Omega_trial_846_best_state.pt,"{'learning_rate': 0.0003634825886416966, 'lr_reduce': 0.6}",TPESampler,COMPLETE
847,0.05712330341339111,2025-04-25 19:49:51.692837,2025-04-25 19:51:46.333623,0 days 00:01:54.640786,0.030651072572150218,208,2,1,32,0.13419813184456647,176,4,3,64,0.07671568994234135,32,2,3,96,0.23656162805210276,152,120.0,280.0,3,2,0.00017471741681018594,0.6,/work3/arnaou/checkpoints/groupgat_Omega_trial_847_best_state.pt,"{'learning_rate': 0.00017471741681018594, 'lr_reduce': 0.6}",TPESampler,COMPLETE
848,0.05857237055897713,2025-04-25 19:50:22.489591,2025-04-25 19:51:38.390368,0 days 00:01:15.900777,0.1745659156734787,256,1,2,32,0.11923579324599876,192,4,1,96,0.2522066750443739,96,1,1,112,0.12301303688817511,312,32.0,208.0,3,2,0.0005770461309006572,0.6,/work3/arnaou/checkpoints/groupgat_Omega_trial_848_best_state.pt,"{'learning_rate': 0.0005770461309006572, 'lr_reduce': 0.6}",TPESampler,COMPLETE
849,0.0520835742354393,2025-04-25 19:50:34.241477,2025-04-25 19:52:08.728508,0 days 00:01:34.487031,0.02253326950892138,256,2,1,32,0.11632014982278267,176,3,2,64,0.18433425012969423,48,2,4,128,0.1700368865506617,144,72.0,360.0,3,2,0.00027847533906933026,0.6,/work3/arnaou/checkpoints/groupgat_Omega_trial_849_best_state.pt,"{'learning_rate': 0.00027847533906933026, 'lr_reduce': 0.6}",TPESampler,COMPLETE
850,0.05494820326566696,2025-04-25 19:51:38.565315,2025-04-25 19:53:09.565261,0 days 00:01:30.999946,0.03760929274396202,240,1,2,32,0.14745131131504305,224,4,1,128,0.19370183062762475,96,1,1,112,0.2310851958265599,280,128.0,288.0,3,2,0.00027393233085381717,0.6,/work3/arnaou/checkpoints/groupgat_Omega_trial_850_best_state.pt,"{'learning_rate': 0.00027393233085381717, 'lr_reduce': 0.6}",TPESampler,COMPLETE
851,0.0542728565633297,2025-04-25 19:51:46.694246,2025-04-25 19:53:16.862851,0 days 00:01:30.168605,0.016466463019125906,144,1,2,32,0.009113303297513232,112,2,1,112,0.2501533252298953,48,3,3,112,0.20337126741257508,344,80.0,,2,2,0.00017279506004681423,0.6,/work3/arnaou/checkpoints/groupgat_Omega_trial_851_best_state.pt,"{'learning_rate': 0.00017279506004681423, 'lr_reduce': 0.6}",TPESampler,COMPLETE
852,0.05563480406999588,2025-04-25 19:52:08.963255,2025-04-25 19:53:18.030301,0 days 00:01:09.067046,0.06370825528689912,224,1,1,32,0.19878820602726718,176,3,1,96,0.25171810254671073,80,1,1,112,0.2760454145607573,376,32.0,448.0,3,2,0.0007372988925428987,0.6,/work3/arnaou/checkpoints/groupgat_Omega_trial_852_best_state.pt,"{'learning_rate': 0.0007372988925428987, 'lr_reduce': 0.6}",TPESampler,COMPLETE
853,0.06094633415341377,2025-04-25 19:53:09.751999,2025-04-25 19:53:53.787158,0 days 00:00:44.035159,0.02046345454292786,240,1,1,32,0.07677132364772835,176,3,2,112,0.25656856992463434,48,2,3,112,0.10928645289746029,352,472.0,,2,2,0.00174190811502495,0.6,/work3/arnaou/checkpoints/groupgat_Omega_trial_853_best_state.pt,"{'learning_rate': 0.00174190811502495, 'lr_reduce': 0.6}",TPESampler,COMPLETE
854,0.06090580299496651,2025-04-25 19:53:17.103479,2025-04-25 19:53:54.977442,0 days 00:00:37.873963,0.06301445733848288,96,1,1,80,0.03355615404645784,224,3,2,112,0.20297779953781567,32,1,1,64,0.2890064026585353,272,128.0,232.0,3,1,0.0027187650835318903,0.6,/work3/arnaou/checkpoints/groupgat_Omega_trial_854_best_state.pt,"{'learning_rate': 0.0027187650835318903, 'lr_reduce': 0.6}",TPESampler,COMPLETE
855,0.05844240263104439,2025-04-25 19:53:18.243272,2025-04-25 19:54:31.241073,0 days 00:01:12.997801,0.03581071083587277,208,3,1,48,0.03578287814426019,144,3,2,64,0.009297866029858964,48,1,2,96,0.2396839835748241,120,80.0,328.0,3,2,0.0006575114914390494,0.6,/work3/arnaou/checkpoints/groupgat_Omega_trial_855_best_state.pt,"{'learning_rate': 0.0006575114914390494, 'lr_reduce': 0.6}",TPESampler,COMPLETE
856,0.055928636342287064,2025-04-25 19:53:53.992837,2025-04-25 19:55:09.626958,0 days 00:01:15.634121,0.028239509347623072,224,1,1,48,0.1358214775307371,256,3,2,112,0.1394368485120538,80,3,3,112,0.2968648642361701,400,112.0,272.0,3,2,0.000306018761476441,0.6,/work3/arnaou/checkpoints/groupgat_Omega_trial_856_best_state.pt,"{'learning_rate': 0.000306018761476441, 'lr_reduce': 0.6}",TPESampler,COMPLETE
857,0.055630818009376526,2025-04-25 19:53:55.235500,2025-04-25 19:54:43.558544,0 days 00:00:48.323044,0.00044925446233366056,256,1,1,48,0.19361384479439936,256,4,1,112,0.20019514066712746,80,1,2,80,0.24721510337125485,384,32.0,368.0,3,1,0.0004690185544540651,0.6,/work3/arnaou/checkpoints/groupgat_Omega_trial_857_best_state.pt,"{'learning_rate': 0.0004690185544540651, 'lr_reduce': 0.6}",TPESampler,COMPLETE
858,0.06356232613325119,2025-04-25 19:54:31.435857,2025-04-25 19:55:31.456238,0 days 00:01:00.020381,0.040755796406002916,160,2,2,32,0.21839747197406167,112,4,2,112,0.18010013346326417,32,4,1,112,0.12023394283033206,464,88.0,312.0,3,1,0.0015175750217552328,0.6,/work3/arnaou/checkpoints/groupgat_Omega_trial_858_best_state.pt,"{'learning_rate': 0.0015175750217552328, 'lr_reduce': 0.6}",TPESampler,COMPLETE
859,0.057961225509643555,2025-04-25 19:54:43.801675,2025-04-25 19:56:12.718979,0 days 00:01:28.917304,0.04769563036828745,224,1,1,64,0.18992353068974893,192,4,1,112,0.22270663683630823,96,2,4,64,0.2218727470461121,352,72.0,,2,2,0.0002031944519362005,0.6,/work3/arnaou/checkpoints/groupgat_Omega_trial_859_best_state.pt,"{'learning_rate': 0.0002031944519362005, 'lr_reduce': 0.6}",TPESampler,COMPLETE
860,0.060314733535051346,2025-04-25 19:55:09.820664,2025-04-25 19:56:47.776590,0 days 00:01:37.955926,0.10161815352364854,240,2,3,48,0.08136970517127075,208,4,1,96,0.28498018765300975,96,1,1,96,0.2565188240570045,456,144.0,224.0,3,2,0.00023166322102777367,0.6,/work3/arnaou/checkpoints/groupgat_Omega_trial_860_best_state.pt,"{'learning_rate': 0.00023166322102777367, 'lr_reduce': 0.6}",TPESampler,COMPLETE
861,0.05985395237803459,2025-04-25 19:55:31.771524,2025-04-25 19:56:37.976289,0 days 00:01:06.204765,0.045258178149039374,208,1,1,32,0.22509445999005434,192,3,2,96,0.28126966153336974,128,1,1,64,0.28838496523324564,392,72.0,280.0,3,2,0.00042866705913303607,0.6,/work3/arnaou/checkpoints/groupgat_Omega_trial_861_best_state.pt,"{'learning_rate': 0.00042866705913303607, 'lr_reduce': 0.6}",TPESampler,COMPLETE
862,0.0714816153049469,2025-04-25 19:56:13.006130,2025-04-25 19:57:27.790467,0 days 00:01:14.784337,0.06714638465537318,224,2,1,48,0.044382289620335746,176,3,3,80,0.05921706941560375,64,1,3,128,0.21504803876991166,344,80.0,392.0,3,2,0.0007200223073804722,0.6,/work3/arnaou/checkpoints/groupgat_Omega_trial_862_best_state.pt,"{'learning_rate': 0.0007200223073804722, 'lr_reduce': 0.6}",TPESampler,COMPLETE
863,0.06126832962036133,2025-04-25 19:56:38.191529,2025-04-25 19:57:50.673456,0 days 00:01:12.481927,0.0548190025903523,224,2,2,32,0.07313983229558385,240,4,2,128,0.21217749453228493,80,2,3,112,0.2173518219189442,496,136.0,320.0,3,2,0.0005010375996780262,0.6,/work3/arnaou/checkpoints/groupgat_Omega_trial_863_best_state.pt,"{'learning_rate': 0.0005010375996780262, 'lr_reduce': 0.6}",TPESampler,COMPLETE
864,0.0582287572324276,2025-04-25 19:56:48.001108,2025-04-25 19:58:25.377629,0 days 00:01:37.376521,0.028802001295653135,256,2,1,48,0.08578379480572243,160,3,2,48,0.06718035758101455,64,2,2,96,0.24304466875890485,176,32.0,256.0,3,2,0.0001134577989510711,0.6,/work3/arnaou/checkpoints/groupgat_Omega_trial_864_best_state.pt,"{'learning_rate': 0.0001134577989510711, 'lr_reduce': 0.6}",TPESampler,COMPLETE
865,0.05467158555984497,2025-04-25 19:57:28.154933,2025-04-25 19:58:53.036230,0 days 00:01:24.881297,0.008721790487001196,240,1,1,32,0.24859763524486245,192,4,1,48,0.2852523808589918,80,1,1,112,0.23348429388136316,512,72.0,336.0,3,2,0.000158198254064333,0.6,/work3/arnaou/checkpoints/groupgat_Omega_trial_865_best_state.pt,"{'learning_rate': 0.000158198254064333, 'lr_reduce': 0.6}",TPESampler,COMPLETE
866,0.057747986167669296,2025-04-25 19:57:50.989915,2025-04-25 19:59:09.888474,0 days 00:01:18.898559,0.015222558869485868,256,2,3,32,0.10173005309420977,176,2,1,128,0.26419156064134364,128,2,1,80,0.24246345076974546,496,32.0,208.0,3,2,0.0001990054071364059,0.6,/work3/arnaou/checkpoints/groupgat_Omega_trial_866_best_state.pt,"{'learning_rate': 0.0001990054071364059, 'lr_reduce': 0.6}",TPESampler,COMPLETE
867,0.08817438036203384,2025-04-25 19:58:25.639045,2025-04-25 19:59:59.136190,0 days 00:01:33.497145,0.04514994161037303,240,1,2,64,0.23424419836745003,112,4,2,112,0.24208325934707134,96,1,2,80,0.13926568781879045,368,136.0,288.0,3,2,0.0004327986279813939,0.6,/work3/arnaou/checkpoints/groupgat_Omega_trial_867_best_state.pt,"{'learning_rate': 0.0004327986279813939, 'lr_reduce': 0.6}",TPESampler,COMPLETE
868,0.06412933021783829,2025-04-25 19:58:53.274367,2025-04-25 20:00:06.474217,0 days 00:01:13.199850,0.07042082112498825,256,2,3,64,0.09328054486573915,144,2,3,64,0.05111261936235368,32,1,4,96,0.17538014970835072,160,112.0,264.0,3,2,0.0005419590392293897,0.6,/work3/arnaou/checkpoints/groupgat_Omega_trial_868_best_state.pt,"{'learning_rate': 0.0005419590392293897, 'lr_reduce': 0.6}",TPESampler,COMPLETE
869,0.05328042060136795,2025-04-25 19:59:10.241144,2025-04-25 20:00:33.292785,0 days 00:01:23.051641,0.11539955274725963,240,1,3,32,0.15424230898322489,176,4,1,112,0.2479541888144433,96,2,2,128,0.03748325438396,432,72.0,344.0,3,2,0.0005677484000718571,0.6,/work3/arnaou/checkpoints/groupgat_Omega_trial_869_best_state.pt,"{'learning_rate': 0.0005677484000718571, 'lr_reduce': 0.6}",TPESampler,COMPLETE
870,0.05084337666630745,2025-04-25 19:59:59.313037,2025-04-25 20:01:03.237417,0 days 00:01:03.924380,0.09857961207949299,256,1,2,32,0.1386460699608394,224,4,1,96,0.27701239381463527,80,1,1,96,0.2253625170655217,464,480.0,432.0,3,2,0.0006771256661599912,0.6,/work3/arnaou/checkpoints/groupgat_Omega_trial_870_best_state.pt,"{'learning_rate': 0.0006771256661599912, 'lr_reduce': 0.6}",TPESampler,COMPLETE
871,0.053904805332422256,2025-04-25 20:00:06.700450,2025-04-25 20:01:11.714122,0 days 00:01:05.013672,0.06961347816019826,112,1,2,112,0.1188358059326774,240,4,1,128,0.22958843691924818,64,2,2,32,0.2945401036433099,312,72.0,296.0,3,1,0.00042339108661058227,0.6,/work3/arnaou/checkpoints/groupgat_Omega_trial_871_best_state.pt,"{'learning_rate': 0.00042339108661058227, 'lr_reduce': 0.6}",TPESampler,COMPLETE
872,0.05385572090744972,2025-04-25 20:00:33.770209,2025-04-25 20:01:39.254360,0 days 00:01:05.484151,0.10852517449550209,208,1,1,48,0.10963839114410823,192,4,1,96,0.29561856180491186,32,2,2,112,0.18230791612290395,448,32.0,216.0,3,2,0.0014944059769220034,0.6,/work3/arnaou/checkpoints/groupgat_Omega_trial_872_best_state.pt,"{'learning_rate': 0.0014944059769220034, 'lr_reduce': 0.6}",TPESampler,COMPLETE
873,0.062002379447221756,2025-04-25 20:01:03.450055,2025-04-25 20:02:22.445867,0 days 00:01:18.995812,0.05654031564791395,224,2,1,32,0.1677058053842458,144,2,2,64,0.023045286303088316,48,3,2,128,0.16390121177187986,376,456.0,432.0,3,2,0.00025549913760207135,0.6,/work3/arnaou/checkpoints/groupgat_Omega_trial_873_best_state.pt,"{'learning_rate': 0.00025549913760207135, 'lr_reduce': 0.6}",TPESampler,COMPLETE
874,0.05116581916809082,2025-04-25 20:01:11.921939,2025-04-25 20:02:26.646269,0 days 00:01:14.724330,0.014406001930267368,160,2,3,48,0.061311268864481586,192,4,1,128,0.28601080026632325,128,1,1,112,0.14851903199067307,384,504.0,424.0,3,2,0.00027652357124757093,0.6,/work3/arnaou/checkpoints/groupgat_Omega_trial_874_best_state.pt,"{'learning_rate': 0.00027652357124757093, 'lr_reduce': 0.6}",TPESampler,COMPLETE
875,0.056792326271533966,2025-04-25 20:01:39.484278,2025-04-25 20:03:04.677984,0 days 00:01:25.193706,0.040301843456266154,256,2,3,48,0.08348561327216555,144,4,1,128,0.2875846766513952,128,1,1,80,0.22908021981421886,488,480.0,432.0,3,2,0.0006827156548950431,0.6,/work3/arnaou/checkpoints/groupgat_Omega_trial_875_best_state.pt,"{'learning_rate': 0.0006827156548950431, 'lr_reduce': 0.6}",TPESampler,COMPLETE
876,0.062182679772377014,2025-04-25 20:02:22.655062,2025-04-25 20:03:15.887324,0 days 00:00:53.232262,0.10336380705792844,256,1,2,48,0.0878702360280797,192,4,1,96,0.23088767130231536,80,1,1,80,0.2639204829134002,408,496.0,,2,2,0.0012030591306088495,0.6,/work3/arnaou/checkpoints/groupgat_Omega_trial_876_best_state.pt,"{'learning_rate': 0.0012030591306088495, 'lr_reduce': 0.6}",TPESampler,COMPLETE
877,0.0585368350148201,2025-04-25 20:02:26.880151,2025-04-25 20:03:41.596295,0 days 00:01:14.716144,0.007242617169500498,144,2,4,32,0.09677136682797693,192,3,1,96,0.22468985997780294,128,1,3,112,0.08540034536780156,400,512.0,424.0,3,2,0.0007185058530332788,0.6,/work3/arnaou/checkpoints/groupgat_Omega_trial_877_best_state.pt,"{'learning_rate': 0.0007185058530332788, 'lr_reduce': 0.6}",TPESampler,COMPLETE
878,0.8956030011177063,2025-04-25 20:03:05.051477,2025-04-25 20:03:22.478894,0 days 00:00:17.427417,0.024288970346584775,96,3,4,48,0.03821212288153086,176,3,1,128,0.2459544151129673,96,1,2,128,0.16063626903989675,432,488.0,464.0,3,2,0.000163042174372203,0.6,/work3/arnaou/checkpoints/groupgat_Omega_trial_878_best_state.pt,"{'learning_rate': 0.000163042174372203, 'lr_reduce': 0.6}",TPESampler,COMPLETE
879,0.06322702020406723,2025-04-25 20:03:16.057699,2025-04-25 20:04:22.437306,0 days 00:01:06.379607,0.04262998660369417,240,1,1,32,0.07924319479936308,176,2,1,96,0.151315218527602,32,1,4,96,0.12305979402816497,352,472.0,496.0,3,2,0.00043992286402959845,0.6,/work3/arnaou/checkpoints/groupgat_Omega_trial_879_best_state.pt,"{'learning_rate': 0.00043992286402959845, 'lr_reduce': 0.6}",TPESampler,COMPLETE
880,0.08441948890686035,2025-04-25 20:03:22.674985,2025-04-25 20:04:25.169223,0 days 00:01:02.494238,0.012431878846761647,192,2,2,64,0.21251019493539086,256,4,1,128,0.26839029026951666,64,3,2,128,0.2775141352482606,288,504.0,472.0,3,1,0.00023509686915469338,0.6,/work3/arnaou/checkpoints/groupgat_Omega_trial_880_best_state.pt,"{'learning_rate': 0.00023509686915469338, 'lr_reduce': 0.6}",TPESampler,COMPLETE
881,0.9006773829460144,2025-04-25 20:03:41.876123,2025-04-25 20:03:57.591901,0 days 00:00:15.715778,0.03579526926224237,128,2,3,32,0.07405810748687702,128,4,1,112,0.22269551941974294,128,1,1,96,0.23488031090006284,368,448.0,432.0,3,2,0.00035546938920741263,0.6,/work3/arnaou/checkpoints/groupgat_Omega_trial_881_best_state.pt,"{'learning_rate': 0.00035546938920741263, 'lr_reduce': 0.6}",TPESampler,COMPLETE
882,0.06042756512761116,2025-04-25 20:03:57.809772,2025-04-25 20:05:08.689070,0 days 00:01:10.879298,0.007220023391170408,240,1,3,48,0.1654409366032018,208,3,1,96,0.28078209284737443,64,1,1,112,0.21394979426402247,488,512.0,432.0,3,2,0.00018031860830021728,0.6,/work3/arnaou/checkpoints/groupgat_Omega_trial_882_best_state.pt,"{'learning_rate': 0.00018031860830021728, 'lr_reduce': 0.6}",TPESampler,COMPLETE
883,0.059046294540166855,2025-04-25 20:04:22.651338,2025-04-25 20:05:30.811476,0 days 00:01:08.160138,0.06291634400399279,256,1,1,48,0.25659599971036895,208,4,1,80,0.27884210923162484,112,1,1,112,0.2539468874548609,376,496.0,,2,2,0.00035123511433196624,0.6,/work3/arnaou/checkpoints/groupgat_Omega_trial_883_best_state.pt,"{'learning_rate': 0.00035123511433196624, 'lr_reduce': 0.6}",TPESampler,COMPLETE
884,0.06489042192697525,2025-04-25 20:04:25.539628,2025-04-25 20:05:55.232497,0 days 00:01:29.692869,0.03475448903772356,160,3,3,80,0.026501229433211614,256,4,2,128,0.2441844892921532,128,3,2,128,0.08484826720609984,384,480.0,408.0,3,2,0.00048639216025289005,0.6,/work3/arnaou/checkpoints/groupgat_Omega_trial_884_best_state.pt,"{'learning_rate': 0.00048639216025289005, 'lr_reduce': 0.6}",TPESampler,COMPLETE
885,0.057104066014289856,2025-04-25 20:05:08.909966,2025-04-25 20:06:29.392800,0 days 00:01:20.482834,0.024150068664349454,256,2,2,32,0.032099870220152746,144,3,1,48,0.29133097292232446,32,3,4,128,0.262800043092164,400,456.0,496.0,3,2,0.00030856337890559346,0.6,/work3/arnaou/checkpoints/groupgat_Omega_trial_885_best_state.pt,"{'learning_rate': 0.00030856337890559346, 'lr_reduce': 0.6}",TPESampler,COMPLETE
886,0.06154664233326912,2025-04-25 20:05:31.048394,2025-04-25 20:07:04.181394,0 days 00:01:33.133000,0.09773721468927891,160,1,3,64,0.00813774422649282,208,4,2,128,0.2746357989909257,96,2,1,96,0.10252746128739892,184,488.0,,2,2,0.0001814934843024956,0.6,/work3/arnaou/checkpoints/groupgat_Omega_trial_886_best_state.pt,"{'learning_rate': 0.0001814934843024956, 'lr_reduce': 0.6}",TPESampler,COMPLETE
887,0.07651541382074356,2025-04-25 20:05:55.457730,2025-04-25 20:07:47.570546,0 days 00:01:52.112816,0.01829114409914018,240,1,1,64,0.12067645217926407,112,2,2,64,0.0797087905683963,48,1,3,128,0.1429454559458054,120,448.0,392.0,3,2,0.00010769220843763694,0.6,/work3/arnaou/checkpoints/groupgat_Omega_trial_887_best_state.pt,"{'learning_rate': 0.00010769220843763694, 'lr_reduce': 0.6}",TPESampler,COMPLETE
888,0.0521993525326252,2025-04-25 20:06:29.692314,2025-04-25 20:07:28.145282,0 days 00:00:58.452968,0.0030829485074787832,256,2,1,32,0.2930517215323039,256,4,1,80,0.2106341167328746,80,2,1,96,0.22432912664697,320,448.0,,2,2,0.0007475832617233454,0.6,/work3/arnaou/checkpoints/groupgat_Omega_trial_888_best_state.pt,"{'learning_rate': 0.0007475832617233454, 'lr_reduce': 0.6}",TPESampler,COMPLETE
889,0.061871860176324844,2025-04-25 20:07:04.498274,2025-04-25 20:08:44.414888,0 days 00:01:39.916614,0.06379333389866595,224,1,4,32,0.045810037635029624,240,4,1,128,0.2737966550628063,112,1,1,64,0.2456907847142206,504,480.0,392.0,3,2,0.0001367112371278676,0.6,/work3/arnaou/checkpoints/groupgat_Omega_trial_889_best_state.pt,"{'learning_rate': 0.0001367112371278676, 'lr_reduce': 0.6}",TPESampler,COMPLETE
890,0.05741569772362709,2025-04-25 20:07:28.409136,2025-04-25 20:08:34.844249,0 days 00:01:06.435113,0.012541994123326218,256,1,2,32,0.1402747772760581,160,4,1,128,0.17270002808156315,48,2,1,80,0.2516425752618145,432,504.0,440.0,3,2,0.0007348068506743967,0.6,/work3/arnaou/checkpoints/groupgat_Omega_trial_890_best_state.pt,"{'learning_rate': 0.0007348068506743967, 'lr_reduce': 0.6}",TPESampler,COMPLETE
891,0.061083052307367325,2025-04-25 20:07:47.849937,2025-04-25 20:09:14.096196,0 days 00:01:26.246259,0.054725713853032654,176,1,2,48,0.14868630943377165,112,4,2,112,0.25549502387264594,32,3,1,80,0.12214723668448019,384,472.0,408.0,3,2,0.00023095647787025957,0.6,/work3/arnaou/checkpoints/groupgat_Omega_trial_891_best_state.pt,"{'learning_rate': 0.00023095647787025957, 'lr_reduce': 0.6}",TPESampler,COMPLETE
892,0.05834110453724861,2025-04-25 20:08:35.072385,2025-04-25 20:10:20.870978,0 days 00:01:45.798593,0.04419006253417475,112,2,3,80,0.047874628730445734,176,4,2,96,0.29496233506634795,128,1,1,112,0.16357022925628312,272,504.0,440.0,3,2,0.0003617725027508278,0.6,/work3/arnaou/checkpoints/groupgat_Omega_trial_892_best_state.pt,"{'learning_rate': 0.0003617725027508278, 'lr_reduce': 0.6}",TPESampler,COMPLETE
893,0.053353097289800644,2025-04-25 20:08:44.632653,2025-04-25 20:10:05.145219,0 days 00:01:20.512566,0.04551741542016263,240,2,1,48,0.04812968041481262,176,4,1,80,0.29791040335258884,48,2,4,128,0.282375615892705,432,472.0,384.0,3,2,0.0003265983086666308,0.6,/work3/arnaou/checkpoints/groupgat_Omega_trial_893_best_state.pt,"{'learning_rate': 0.0003265983086666308, 'lr_reduce': 0.6}",TPESampler,COMPLETE
894,0.0641363337635994,2025-04-25 20:09:14.354747,2025-04-25 20:10:14.920782,0 days 00:01:00.566035,0.11393730918438927,240,1,1,32,0.09618206033179102,256,4,2,112,0.2500801347961885,64,1,1,96,0.2735147673590804,400,512.0,448.0,3,2,0.0009617949822876003,0.6,/work3/arnaou/checkpoints/groupgat_Omega_trial_894_best_state.pt,"{'learning_rate': 0.0009617949822876003, 'lr_reduce': 0.6}",TPESampler,COMPLETE
