number,value,datetime_start,datetime_complete,duration,params_L1_dropout,params_L1_hidden_dim,params_L1_layers_atom,params_L1_layers_mol,params_L1_out_dim,params_L2_dropout,params_L2_hidden_dim,params_L2_layers_atom,params_L2_layers_mol,params_L2_out_dim,params_L3_dropout,params_L3_hidden_dim,params_L3_layers_atom,params_L3_layers_mol,params_L3_out_dim,params_final_dropout,params_mlp_dim_0,params_mlp_dim_1,params_mlp_dim_2,params_n_mlp_layers,params_num_heads,params_train_learning_rate,params_train_lr_reduce,user_attrs_best_state_dict_path,user_attrs_training_params,system_attrs_auto:sampler,state
263,0.04630454257130623,2025-04-25 15:42:30.320150,2025-04-25 15:43:29.429047,0 days 00:00:59.108897,0.035864428477724544,224,1,1,48,0.04668373011846451,80,3,1,128,0.15918312896285328,64,4,2,80,0.054135133637285206,456,,,1,2,0.0005581527947750474,0.6,/work3/arnaou/checkpoints/groupgat_Omega_trial_263_best_state.pt,"{'learning_rate': 0.0005581527947750474, 'lr_reduce': 0.6}",TPESampler,COMPLETE
264,0.06036701425909996,2025-04-25 15:43:30.093874,2025-04-25 15:45:04.279372,0 days 00:01:34.185498,0.035741117823092194,192,2,1,48,0.09493108578859158,128,4,1,80,0.25106485626870173,48,4,2,128,0.10294647995863829,344,152.0,152.0,3,2,0.0012947489317269517,0.6,/work3/arnaou/checkpoints/groupgat_Omega_trial_264_best_state.pt,"{'learning_rate': 0.0012947489317269517, 'lr_reduce': 0.6}",TPESampler,COMPLETE
265,0.058725133538246155,2025-04-25 15:43:30.859678,2025-04-25 15:44:48.170790,0 days 00:01:17.311112,0.02688192860788593,256,1,1,32,0.10110983613735747,80,3,1,128,0.2007722291238656,64,4,2,96,0.021648677475980795,464,,,1,2,0.00022059836374066407,0.6,/work3/arnaou/checkpoints/groupgat_Omega_trial_265_best_state.pt,"{'learning_rate': 0.00022059836374066407, 'lr_reduce': 0.6}",TPESampler,COMPLETE
266,0.06842876970767975,2025-04-25 15:43:36.748394,2025-04-25 15:44:55.594947,0 days 00:01:18.846553,0.13302582041329117,128,3,1,112,0.15708221943293302,176,2,1,80,0.28475926844708144,64,1,4,128,0.1686457083566813,376,112.0,,2,2,0.00013523240632843514,0.6,/work3/arnaou/checkpoints/groupgat_Omega_trial_266_best_state.pt,"{'learning_rate': 0.00013523240632843514, 'lr_reduce': 0.6}",TPESampler,COMPLETE
267,0.06634005904197693,2025-04-25 15:44:48.348321,2025-04-25 15:45:55.632667,0 days 00:01:07.284346,0.0005706369070622094,144,1,1,32,0.03198997046145519,128,4,1,128,0.27937304741883784,48,2,1,112,0.17438061237916763,352,88.0,144.0,3,2,0.000787722861914643,0.6,/work3/arnaou/checkpoints/groupgat_Omega_trial_267_best_state.pt,"{'learning_rate': 0.000787722861914643, 'lr_reduce': 0.6}",TPESampler,COMPLETE
268,0.06365621089935303,2025-04-25 15:44:55.740300,2025-04-25 15:46:12.949716,0 days 00:01:17.209416,0.08391915302819286,208,2,1,128,0.05204862236174096,224,3,1,96,0.2592256055545179,64,1,3,96,0.249888165037824,336,112.0,,2,1,0.00015587051188294774,0.6,/work3/arnaou/checkpoints/groupgat_Omega_trial_268_best_state.pt,"{'learning_rate': 0.00015587051188294774, 'lr_reduce': 0.6}",TPESampler,COMPLETE
269,0.05224885046482086,2025-04-25 15:45:04.489756,2025-04-25 15:46:07.230293,0 days 00:01:02.740537,0.061441125131628985,192,4,2,48,0.12711183958451075,176,1,1,128,0.2770808984267063,32,1,2,128,0.2062042531593643,352,176.0,128.0,3,2,0.00047047735958184993,0.6,/work3/arnaou/checkpoints/groupgat_Omega_trial_269_best_state.pt,"{'learning_rate': 0.00047047735958184993, 'lr_reduce': 0.6}",TPESampler,COMPLETE
270,0.06355578452348709,2025-04-25 15:45:55.769785,2025-04-25 15:47:19.149752,0 days 00:01:23.379967,0.07494977409812496,144,1,2,112,0.11141449834662351,144,2,1,64,0.2622316244144305,48,2,4,64,0.21767699751367134,480,432.0,,2,2,0.00015367880734959972,0.6,/work3/arnaou/checkpoints/groupgat_Omega_trial_270_best_state.pt,"{'learning_rate': 0.00015367880734959972, 'lr_reduce': 0.6}",TPESampler,COMPLETE
271,0.05299628525972366,2025-04-25 15:46:07.442722,2025-04-25 15:47:25.395176,0 days 00:01:17.952454,0.015316707294860368,224,1,1,80,0.09304418104770065,64,3,1,112,0.1499934517284118,64,3,1,48,0.03064765812606104,448,,,1,2,0.0009260875951878752,0.6,/work3/arnaou/checkpoints/groupgat_Omega_trial_271_best_state.pt,"{'learning_rate': 0.0009260875951878752, 'lr_reduce': 0.6}",TPESampler,COMPLETE
272,0.05369572713971138,2025-04-25 15:46:13.609761,2025-04-25 15:47:34.934344,0 days 00:01:21.324583,0.011901258440557824,144,2,2,64,0.02965966164564459,192,2,1,112,0.15701931580577322,32,2,3,128,0.2835746903473958,424,152.0,128.0,3,2,0.0006010410163280588,0.6,/work3/arnaou/checkpoints/groupgat_Omega_trial_272_best_state.pt,"{'learning_rate': 0.0006010410163280588, 'lr_reduce': 0.6}",TPESampler,COMPLETE
273,0.0644996389746666,2025-04-25 15:47:19.327565,2025-04-25 15:48:40.665879,0 days 00:01:21.338314,0.010599325920856877,112,3,3,32,0.22875363224191714,160,1,1,128,0.19811985597263393,80,1,3,128,0.2749468848625417,232,152.0,136.0,3,2,0.00048637209384211875,0.6,/work3/arnaou/checkpoints/groupgat_Omega_trial_273_best_state.pt,"{'learning_rate': 0.00048637209384211875, 'lr_reduce': 0.6}",TPESampler,COMPLETE
274,0.35710933804512024,2025-04-25 15:47:25.551392,2025-04-25 15:47:55.498020,0 days 00:00:29.946628,0.014538312220092001,208,1,1,64,0.04233407827715647,80,4,1,112,0.08275717636491824,80,3,2,32,0.06384946394851587,336,,,1,2,0.0027779108138886047,0.6,/work3/arnaou/checkpoints/groupgat_Omega_trial_274_best_state.pt,"{'learning_rate': 0.0027779108138886047, 'lr_reduce': 0.6}",TPESampler,COMPLETE
275,0.0544636994600296,2025-04-25 15:47:35.111909,2025-04-25 15:49:02.243886,0 days 00:01:27.131977,0.040124978431610364,224,1,1,80,0.08158705475084528,80,2,1,128,0.08510241409539451,32,2,1,48,0.014204522542878292,512,,,1,2,0.0032128675311492057,0.6,/work3/arnaou/checkpoints/groupgat_Omega_trial_275_best_state.pt,"{'learning_rate': 0.0032128675311492057, 'lr_reduce': 0.6}",TPESampler,COMPLETE
276,0.6983815431594849,2025-04-25 15:47:55.701965,2025-04-25 15:48:15.548251,0 days 00:00:19.846286,0.14070452663147154,160,1,1,32,0.07091796970728773,80,4,1,128,0.2812936363694698,32,3,2,112,0.18334934570259218,424,168.0,176.0,3,1,0.0003491329103158059,0.6,/work3/arnaou/checkpoints/groupgat_Omega_trial_276_best_state.pt,"{'learning_rate': 0.0003491329103158059, 'lr_reduce': 0.6}",TPESampler,COMPLETE
277,0.05855657160282135,2025-04-25 15:48:15.789166,2025-04-25 15:49:56.975128,0 days 00:01:41.185962,0.014090808875315445,144,1,1,32,0.17549880285719535,112,4,1,112,0.2513531573824854,32,3,2,128,0.14966403993108346,360,120.0,136.0,3,2,0.0001997219272510397,0.6,/work3/arnaou/checkpoints/groupgat_Omega_trial_277_best_state.pt,"{'learning_rate': 0.0001997219272510397, 'lr_reduce': 0.6}",TPESampler,COMPLETE
278,0.055255867540836334,2025-04-25 15:48:40.817855,2025-04-25 15:50:21.119066,0 days 00:01:40.301211,0.003190452163850728,224,4,2,32,0.21685927821760398,240,2,2,112,0.276297500267633,48,1,2,112,0.1731722800753256,440,168.0,144.0,3,2,0.0001921701980967039,0.6,/work3/arnaou/checkpoints/groupgat_Omega_trial_278_best_state.pt,"{'learning_rate': 0.0001921701980967039, 'lr_reduce': 0.6}",TPESampler,COMPLETE
279,0.06055278331041336,2025-04-25 15:49:02.493149,2025-04-25 15:50:39.998026,0 days 00:01:37.504877,0.04389178929349143,176,2,2,112,0.16205060951473066,144,3,2,96,0.2971335836916577,96,1,4,96,0.24204844793656735,456,,,1,2,0.00034869376598362805,0.6,/work3/arnaou/checkpoints/groupgat_Omega_trial_279_best_state.pt,"{'learning_rate': 0.00034869376598362805, 'lr_reduce': 0.6}",TPESampler,COMPLETE
280,0.05649717524647713,2025-04-25 15:49:57.214661,2025-04-25 15:51:06.944204,0 days 00:01:09.729543,0.0014904880621936477,208,1,1,48,0.018192371770816937,112,3,1,96,0.20464145239488235,48,3,1,64,0.0069135619729819575,416,,,1,2,0.0010103430370872865,0.6,/work3/arnaou/checkpoints/groupgat_Omega_trial_280_best_state.pt,"{'learning_rate': 0.0010103430370872865, 'lr_reduce': 0.6}",TPESampler,COMPLETE
281,0.05595361068844795,2025-04-25 15:50:21.493514,2025-04-25 15:51:47.880416,0 days 00:01:26.386902,0.03122965883290923,208,2,2,112,0.04943409534318862,192,2,1,64,0.25634770857880257,32,1,4,96,0.17664704448091667,320,120.0,,2,2,0.00016048200661659696,0.6,/work3/arnaou/checkpoints/groupgat_Omega_trial_281_best_state.pt,"{'learning_rate': 0.00016048200661659696, 'lr_reduce': 0.6}",TPESampler,COMPLETE
282,0.059819817543029785,2025-04-25 15:50:40.216950,2025-04-25 15:52:04.400304,0 days 00:01:24.183354,0.04040567002405803,176,4,3,64,0.14847217535770638,192,1,1,128,0.19784770862324808,32,2,2,128,0.1305638455174424,240,160.0,136.0,3,2,0.0002666792957986377,0.6,/work3/arnaou/checkpoints/groupgat_Omega_trial_282_best_state.pt,"{'learning_rate': 0.0002666792957986377, 'lr_reduce': 0.6}",TPESampler,COMPLETE
283,0.055029746145009995,2025-04-25 15:51:07.132980,2025-04-25 15:52:30.510210,0 days 00:01:23.377230,0.009681394625605461,192,3,1,32,0.10855846946971248,192,2,1,128,0.18930063639519962,64,3,2,112,0.26102524883451966,504,168.0,264.0,3,2,0.00012003513036539819,0.6,/work3/arnaou/checkpoints/groupgat_Omega_trial_283_best_state.pt,"{'learning_rate': 0.00012003513036539819, 'lr_reduce': 0.6}",TPESampler,COMPLETE
284,0.059488389641046524,2025-04-25 15:51:48.026288,2025-04-25 15:52:49.403016,0 days 00:01:01.376728,0.021952087449575143,128,2,1,48,0.0071286463943000256,160,1,1,80,0.1278129743623636,32,1,3,112,0.2798471799790235,384,184.0,120.0,3,2,0.0007500913168889902,0.6,/work3/arnaou/checkpoints/groupgat_Omega_trial_284_best_state.pt,"{'learning_rate': 0.0007500913168889902, 'lr_reduce': 0.6}",TPESampler,COMPLETE
285,0.05573005974292755,2025-04-25 15:52:04.547774,2025-04-25 15:53:10.489877,0 days 00:01:05.942103,0.051554275100339345,128,2,1,128,0.06456993845712282,160,2,2,80,0.2498611471672898,32,1,3,96,0.2771881845433291,448,96.0,,2,2,0.0004079076666726365,0.6,/work3/arnaou/checkpoints/groupgat_Omega_trial_285_best_state.pt,"{'learning_rate': 0.0004079076666726365, 'lr_reduce': 0.6}",TPESampler,COMPLETE
286,0.05929407849907875,2025-04-25 15:52:30.741853,2025-04-25 15:53:48.097458,0 days 00:01:17.355605,0.018584185291821875,112,2,1,48,0.011449789052367765,144,2,1,112,0.2414612268838961,32,2,3,96,0.2911485536475758,512,192.0,408.0,3,2,0.00020848860168672318,0.6,/work3/arnaou/checkpoints/groupgat_Omega_trial_286_best_state.pt,"{'learning_rate': 0.00020848860168672318, 'lr_reduce': 0.6}",TPESampler,COMPLETE
287,0.05632493272423744,2025-04-25 15:52:49.615593,2025-04-25 15:53:51.034104,0 days 00:01:01.418511,0.0715134909530311,224,3,3,48,0.15804762188270063,144,1,1,96,0.25218982097178466,48,1,2,128,0.26792654489267276,272,184.0,216.0,3,2,0.0004919516512304019,0.6,/work3/arnaou/checkpoints/groupgat_Omega_trial_287_best_state.pt,"{'learning_rate': 0.0004919516512304019, 'lr_reduce': 0.6}",TPESampler,COMPLETE
288,0.0573946051299572,2025-04-25 15:53:10.634239,2025-04-25 15:54:31.143023,0 days 00:01:20.508784,0.08546661375568339,240,2,1,48,0.1311670647479345,64,3,1,96,0.13601387572142146,48,3,1,48,0.05282166334870013,472,,,1,2,0.0011347724644718209,0.6,/work3/arnaou/checkpoints/groupgat_Omega_trial_288_best_state.pt,"{'learning_rate': 0.0011347724644718209, 'lr_reduce': 0.6}",TPESampler,COMPLETE
289,0.05558677390217781,2025-04-25 15:53:48.283485,2025-04-25 15:54:40.646278,0 days 00:00:52.362793,0.12847640379821357,224,4,1,32,0.11799156212492694,224,1,2,128,0.23458103544476008,32,2,2,112,0.287235888480202,240,128.0,120.0,3,1,0.0006447068919088917,0.6,/work3/arnaou/checkpoints/groupgat_Omega_trial_289_best_state.pt,"{'learning_rate': 0.0006447068919088917, 'lr_reduce': 0.6}",TPESampler,COMPLETE
290,0.0559239387512207,2025-04-25 15:53:51.279234,2025-04-25 15:55:09.667987,0 days 00:01:18.388753,0.009594613293149541,192,4,2,48,0.13078965429049175,160,1,1,112,0.2565784719721154,48,1,2,112,0.12586411961706762,312,216.0,120.0,3,2,0.003089248082065884,0.6,/work3/arnaou/checkpoints/groupgat_Omega_trial_290_best_state.pt,"{'learning_rate': 0.003089248082065884, 'lr_reduce': 0.6}",TPESampler,COMPLETE
291,0.054765745997428894,2025-04-25 15:54:31.318094,2025-04-25 15:55:41.594984,0 days 00:01:10.276890,0.024027488126318726,256,1,1,64,0.0012545428160105968,64,2,2,128,0.229395560865381,64,4,3,48,0.0024986937215895136,336,,,1,2,0.0017598333348104022,0.6,/work3/arnaou/checkpoints/groupgat_Omega_trial_291_best_state.pt,"{'learning_rate': 0.0017598333348104022, 'lr_reduce': 0.6}",TPESampler,COMPLETE
292,0.05503552407026291,2025-04-25 15:54:40.878536,2025-04-25 15:55:46.281986,0 days 00:01:05.403450,0.11148919677488606,144,3,1,128,0.1384211163508473,192,1,1,96,0.2559551306004447,64,1,4,48,0.10220123500972167,400,192.0,336.0,3,2,0.0003194546834922833,0.6,/work3/arnaou/checkpoints/groupgat_Omega_trial_292_best_state.pt,"{'learning_rate': 0.0003194546834922833, 'lr_reduce': 0.6}",TPESampler,COMPLETE
293,0.056386906653642654,2025-04-25 15:55:09.852638,2025-04-25 15:56:36.261419,0 days 00:01:26.408781,0.021572466951592924,208,2,2,96,0.10921799227049477,96,3,2,80,0.12049803803344751,64,3,1,48,0.018681537200866467,336,,,1,2,0.0014614033866406403,0.6,/work3/arnaou/checkpoints/groupgat_Omega_trial_293_best_state.pt,"{'learning_rate': 0.0014614033866406403, 'lr_reduce': 0.6}",TPESampler,COMPLETE
294,0.06064354255795479,2025-04-25 15:55:41.765642,2025-04-25 15:56:54.695303,0 days 00:01:12.929661,0.12037116239596649,176,4,2,48,0.08638546004924334,176,2,1,128,0.2729538196922393,32,1,2,112,0.20532274781401944,328,144.0,472.0,3,2,0.00028253432122309584,0.6,/work3/arnaou/checkpoints/groupgat_Omega_trial_294_best_state.pt,"{'learning_rate': 0.00028253432122309584, 'lr_reduce': 0.6}",TPESampler,COMPLETE
295,0.05940422788262367,2025-04-25 15:55:46.471386,2025-04-25 15:57:06.121916,0 days 00:01:19.650530,0.08356631653134437,144,3,1,80,0.045505429899790555,144,3,2,112,0.12755509052289024,48,2,4,128,0.27547930292365624,512,216.0,128.0,3,2,0.0005335585061135778,0.6,/work3/arnaou/checkpoints/groupgat_Omega_trial_295_best_state.pt,"{'learning_rate': 0.0005335585061135778, 'lr_reduce': 0.6}",TPESampler,COMPLETE
296,0.058821797370910645,2025-04-25 15:56:36.442636,2025-04-25 15:57:54.019817,0 days 00:01:17.577181,0.018905392134599755,128,1,1,32,0.042744622581519474,80,3,4,96,0.20409222576973746,48,1,3,96,0.29110976253100496,168,88.0,,2,2,0.0008541285000327331,0.6,/work3/arnaou/checkpoints/groupgat_Omega_trial_296_best_state.pt,"{'learning_rate': 0.0008541285000327331, 'lr_reduce': 0.6}",TPESampler,COMPLETE
297,0.06239144131541252,2025-04-25 15:56:54.846182,2025-04-25 15:57:54.082515,0 days 00:00:59.236333,0.07521551401975081,144,2,3,80,0.08098371387199603,208,2,1,64,0.1473120603074965,32,2,4,128,0.2716469959069877,248,248.0,104.0,3,2,0.001133639514707358,0.6,/work3/arnaou/checkpoints/groupgat_Omega_trial_297_best_state.pt,"{'learning_rate': 0.001133639514707358, 'lr_reduce': 0.6}",TPESampler,COMPLETE
298,0.059820547699928284,2025-04-25 15:57:06.388442,2025-04-25 15:57:56.839338,0 days 00:00:50.450896,0.060873349237384675,64,2,1,64,0.07300495160143343,224,1,1,128,0.10349201614774198,64,2,3,128,0.1566778630647327,488,224.0,272.0,3,2,0.0008650330845147378,0.6,/work3/arnaou/checkpoints/groupgat_Omega_trial_298_best_state.pt,"{'learning_rate': 0.0008650330845147378, 'lr_reduce': 0.6}",TPESampler,COMPLETE
299,0.1155240386724472,2025-04-25 15:57:54.159061,2025-04-25 15:59:12.414905,0 days 00:01:18.255844,0.11740653704932358,144,4,3,64,0.19216914457809012,96,1,2,112,0.2931380517598618,32,1,4,128,0.24747164127080623,192,304.0,408.0,3,2,0.0003576072672231291,0.6,/work3/arnaou/checkpoints/groupgat_Omega_trial_299_best_state.pt,"{'learning_rate': 0.0003576072672231291, 'lr_reduce': 0.6}",TPESampler,COMPLETE
300,0.06062475964426994,2025-04-25 15:57:54.267390,2025-04-25 15:59:02.988706,0 days 00:01:08.721316,0.01357973208588098,112,2,3,64,0.01409842932617684,176,2,2,112,0.09698087804043762,48,2,2,112,0.2781368921834087,408,296.0,408.0,3,2,0.0018556992238885962,0.6,/work3/arnaou/checkpoints/groupgat_Omega_trial_300_best_state.pt,"{'learning_rate': 0.0018556992238885962, 'lr_reduce': 0.6}",TPESampler,COMPLETE
301,0.05170941352844238,2025-04-25 15:57:56.981022,2025-04-25 16:00:00.670499,0 days 00:02:03.689477,0.06012861791290601,192,3,1,32,0.09599081016133701,192,4,2,64,0.27854144084931043,32,2,2,128,0.27223662104974666,496,160.0,104.0,3,2,0.00020047980346249382,0.6,/work3/arnaou/checkpoints/groupgat_Omega_trial_301_best_state.pt,"{'learning_rate': 0.00020047980346249382, 'lr_reduce': 0.6}",TPESampler,COMPLETE
302,0.061005380004644394,2025-04-25 15:59:03.134362,2025-04-25 16:00:44.129542,0 days 00:01:40.995180,0.1174371053050623,112,2,1,80,0.09573448949113486,192,3,1,128,0.23306985702799457,48,4,3,128,0.2940668871627243,384,224.0,104.0,3,2,0.0003455861269675955,0.6,/work3/arnaou/checkpoints/groupgat_Omega_trial_302_best_state.pt,"{'learning_rate': 0.0003455861269675955, 'lr_reduce': 0.6}",TPESampler,COMPLETE
303,0.0559026338160038,2025-04-25 15:59:12.677193,2025-04-25 16:00:07.842313,0 days 00:00:55.165120,0.02581041744374855,112,2,1,48,0.09167287271483165,192,1,1,128,0.17938484070519742,32,1,2,112,0.25431345780129455,104,272.0,,2,1,0.00044723865414099265,0.6,/work3/arnaou/checkpoints/groupgat_Omega_trial_303_best_state.pt,"{'learning_rate': 0.00044723865414099265, 'lr_reduce': 0.6}",TPESampler,COMPLETE
304,0.06789927184581757,2025-04-25 16:00:00.837370,2025-04-25 16:01:36.915962,0 days 00:01:36.078592,0.04889852088938697,112,1,1,32,0.11059897010036934,192,4,1,128,0.19120361924424287,32,2,4,96,0.20963823672968768,432,136.0,,2,2,0.00011831159439433953,0.6,/work3/arnaou/checkpoints/groupgat_Omega_trial_304_best_state.pt,"{'learning_rate': 0.00011831159439433953, 'lr_reduce': 0.6}",TPESampler,COMPLETE
305,0.06757999956607819,2025-04-25 16:00:07.997106,2025-04-25 16:01:09.606610,0 days 00:01:01.609504,0.007933215247752458,192,1,1,96,0.03280805871614489,64,3,2,96,0.189045459838677,80,3,2,48,0.07010494456925452,448,,,1,2,0.0007159744752781736,0.6,/work3/arnaou/checkpoints/groupgat_Omega_trial_305_best_state.pt,"{'learning_rate': 0.0007159744752781736, 'lr_reduce': 0.6}",TPESampler,COMPLETE
306,0.06106099858880043,2025-04-25 16:00:44.347418,2025-04-25 16:01:43.956687,0 days 00:00:59.609269,0.03732588149620836,160,1,1,48,0.10475306245817392,64,4,1,112,0.19320399416020262,48,3,3,128,0.12240649021982414,472,152.0,112.0,3,2,0.001994916360757987,0.6,/work3/arnaou/checkpoints/groupgat_Omega_trial_306_best_state.pt,"{'learning_rate': 0.001994916360757987, 'lr_reduce': 0.6}",TPESampler,COMPLETE
307,0.05707155540585518,2025-04-25 16:01:09.771468,2025-04-25 16:02:18.437610,0 days 00:01:08.666142,0.0023776413713060725,96,4,3,64,0.15400687747292896,128,3,1,80,0.08424041063159894,32,2,3,128,0.16863358297712827,392,160.0,104.0,3,2,0.0011171845157345371,0.6,/work3/arnaou/checkpoints/groupgat_Omega_trial_307_best_state.pt,"{'learning_rate': 0.0011171845157345371, 'lr_reduce': 0.6}",TPESampler,COMPLETE
308,0.09742414206266403,2025-04-25 16:01:37.110982,2025-04-25 16:03:37.148618,0 days 00:02:00.037636,0.06764844362711775,112,3,2,48,0.0960931755273693,176,4,2,48,0.23724819918348997,64,1,1,128,0.269542455170966,504,192.0,104.0,3,2,0.00011065074170513688,0.6,/work3/arnaou/checkpoints/groupgat_Omega_trial_308_best_state.pt,"{'learning_rate': 0.00011065074170513688, 'lr_reduce': 0.6}",TPESampler,COMPLETE
309,0.05469127371907234,2025-04-25 16:01:44.113579,2025-04-25 16:02:51.675897,0 days 00:01:07.562318,0.002824405067578797,256,2,1,96,0.11567627368137358,80,4,1,128,0.2293117908353787,96,3,2,48,0.014034328849789463,248,,,1,2,0.0005803934108299048,0.6,/work3/arnaou/checkpoints/groupgat_Omega_trial_309_best_state.pt,"{'learning_rate': 0.0005803934108299048, 'lr_reduce': 0.6}",TPESampler,COMPLETE
310,0.05852387472987175,2025-04-25 16:02:18.615080,2025-04-25 16:03:24.688738,0 days 00:01:06.073658,0.0568729891660498,224,1,1,64,0.11274105091618432,80,4,1,128,0.11270263127413688,48,4,1,48,0.02981737182801948,472,112.0,,2,2,0.0009968895158609357,0.6,/work3/arnaou/checkpoints/groupgat_Omega_trial_310_best_state.pt,"{'learning_rate': 0.0009968895158609357, 'lr_reduce': 0.6}",TPESampler,COMPLETE
311,0.059723783284425735,2025-04-25 16:02:51.818022,2025-04-25 16:04:11.409271,0 days 00:01:19.591249,0.06169710327760953,240,3,1,48,0.05092781457974188,176,2,1,64,0.2548279734302635,48,2,4,128,0.20786407747379465,360,208.0,176.0,3,2,0.0008011749362002753,0.6,/work3/arnaou/checkpoints/groupgat_Omega_trial_311_best_state.pt,"{'learning_rate': 0.0008011749362002753, 'lr_reduce': 0.6}",TPESampler,COMPLETE
312,0.06743991374969482,2025-04-25 16:03:24.929279,2025-04-25 16:04:51.480146,0 days 00:01:26.550867,0.05222345756906,208,3,1,32,0.1503536447745827,160,4,1,64,0.26871941958595885,64,1,2,96,0.28252526385850524,496,144.0,96.0,3,2,0.0001461381577688088,0.6,/work3/arnaou/checkpoints/groupgat_Omega_trial_312_best_state.pt,"{'learning_rate': 0.0001461381577688088, 'lr_reduce': 0.6}",TPESampler,COMPLETE
313,0.0689556673169136,2025-04-25 16:03:37.420298,2025-04-25 16:04:43.915286,0 days 00:01:06.494988,0.14060283448372052,160,3,1,96,0.06298926610209041,144,1,1,32,0.24715424855815382,64,1,3,80,0.2380624803017812,400,,,1,2,0.0002742276938152867,0.6,/work3/arnaou/checkpoints/groupgat_Omega_trial_313_best_state.pt,"{'learning_rate': 0.0002742276938152867, 'lr_reduce': 0.6}",TPESampler,COMPLETE
314,0.057814307510852814,2025-04-25 16:04:11.602112,2025-04-25 16:05:34.615302,0 days 00:01:23.013190,0.05962779108089278,112,2,3,64,0.02959015891522744,128,1,2,128,0.2868720655360391,48,1,4,80,0.2935950208369946,224,304.0,328.0,3,2,0.0005368353725238947,0.6,/work3/arnaou/checkpoints/groupgat_Omega_trial_314_best_state.pt,"{'learning_rate': 0.0005368353725238947, 'lr_reduce': 0.6}",TPESampler,COMPLETE
315,0.05919620767235756,2025-04-25 16:04:44.099329,2025-04-25 16:06:31.380650,0 days 00:01:47.281321,0.12982807851609815,224,3,1,32,0.030215558137969126,208,4,3,64,0.2503489891244415,32,1,2,128,0.24921814646640483,312,232.0,96.0,3,2,0.0001048817733558042,0.6,/work3/arnaou/checkpoints/groupgat_Omega_trial_315_best_state.pt,"{'learning_rate': 0.0001048817733558042, 'lr_reduce': 0.6}",TPESampler,COMPLETE
