number,value,datetime_start,datetime_complete,duration,params_dropout,params_hidden_channels,params_mlp_dim_00,params_mlp_dim_01,params_mlp_dim_02,params_mlp_dim_03,params_mlp_n_layers,params_num_layers,params_num_timesteps,params_train_learning_rate,params_train_lr_reduce,user_attrs_best_state_dict_path,user_attrs_training_params,system_attrs_auto:sampler,state
2173,0.01755356788635254,2025-04-26 16:50:25.522520,2025-04-26 16:50:46.313262,0 days 00:00:20.790742,0.049708741084948146,96,240,208,160.0,64.0,4,1,2,0.007193985476667545,0.6,/work3/arnaou/checkpoints/Tc_trial_2173_best_state.pt,"{'learning_rate': 0.007193985476667545, 'lr_reduce': 0.6}",TPESampler,COMPLETE
2174,0.017414215952157974,2025-04-26 16:50:29.615812,2025-04-26 16:50:45.042244,0 days 00:00:15.426432,0.03223317339511349,224,256,160,,,2,2,1,0.0026933101772408075,0.6,/work3/arnaou/checkpoints/Tc_trial_2174_best_state.pt,"{'learning_rate': 0.0026933101772408075, 'lr_reduce': 0.6}",TPESampler,COMPLETE
2175,0.01801994815468788,2025-04-26 16:50:39.919277,2025-04-26 16:51:00.573439,0 days 00:00:20.654162,0.13520183244179143,192,208,256,,,2,2,2,0.003722755422961271,0.6,/work3/arnaou/checkpoints/Tc_trial_2175_best_state.pt,"{'learning_rate': 0.003722755422961271, 'lr_reduce': 0.6}",TPESampler,COMPLETE
2176,0.02651882730424404,2025-04-26 16:50:45.253056,2025-04-26 16:51:04.229950,0 days 00:00:18.976894,0.007357166639620764,208,224,192,96.0,32.0,4,2,1,0.008118489401633566,0.6,/work3/arnaou/checkpoints/Tc_trial_2176_best_state.pt,"{'learning_rate': 0.008118489401633566, 'lr_reduce': 0.6}",TPESampler,COMPLETE
2177,0.02537933550775051,2025-04-26 16:50:46.646706,2025-04-26 16:51:02.128254,0 days 00:00:15.481548,0.006412882807849716,256,192,224,,,2,1,1,0.0076304103370697434,0.6,/work3/arnaou/checkpoints/Tc_trial_2177_best_state.pt,"{'learning_rate': 0.0076304103370697434, 'lr_reduce': 0.6}",TPESampler,COMPLETE
2178,0.02049468271434307,2025-04-26 16:51:00.780468,2025-04-26 16:51:21.575555,0 days 00:00:20.795087,0.009817992143379521,160,160,112,,,2,1,3,0.008252741212557356,0.6,/work3/arnaou/checkpoints/Tc_trial_2178_best_state.pt,"{'learning_rate': 0.008252741212557356, 'lr_reduce': 0.6}",TPESampler,COMPLETE
2179,0.01720558851957321,2025-04-26 16:51:02.344171,2025-04-26 16:51:19.717332,0 days 00:00:17.373161,0.008341079524382762,256,192,256,128.0,,3,2,1,0.0020310711109185857,0.6,/work3/arnaou/checkpoints/Tc_trial_2179_best_state.pt,"{'learning_rate': 0.0020310711109185857, 'lr_reduce': 0.6}",TPESampler,COMPLETE
2180,0.02727602608501911,2025-04-26 16:51:04.499435,2025-04-26 16:51:25.302642,0 days 00:00:20.803207,0.00035870526129445565,208,96,224,224.0,80.0,4,1,1,0.005943484629281699,0.6,/work3/arnaou/checkpoints/Tc_trial_2180_best_state.pt,"{'learning_rate': 0.005943484629281699, 'lr_reduce': 0.6}",TPESampler,COMPLETE
2181,0.016094015911221504,2025-04-26 16:51:20.143068,2025-04-26 16:51:39.029327,0 days 00:00:18.886259,0.05167329276556535,208,256,128,176.0,,3,1,1,0.0035225455622111463,0.6,/work3/arnaou/checkpoints/Tc_trial_2181_best_state.pt,"{'learning_rate': 0.0035225455622111463, 'lr_reduce': 0.6}",TPESampler,COMPLETE
2182,0.020040566101670265,2025-04-26 16:51:21.821218,2025-04-26 16:51:42.072917,0 days 00:00:20.251699,0.0282914847980331,240,240,176,192.0,,3,1,1,0.0018763747704738623,0.6,/work3/arnaou/checkpoints/Tc_trial_2182_best_state.pt,"{'learning_rate': 0.0018763747704738623, 'lr_reduce': 0.6}",TPESampler,COMPLETE
2183,0.021693354472517967,2025-04-26 16:51:25.531517,2025-04-26 16:51:53.661659,0 days 00:00:28.130142,6.98939663451581e-07,112,32,128,,,2,4,3,0.0030543055017989693,0.6,/work3/arnaou/checkpoints/Tc_trial_2183_best_state.pt,"{'learning_rate': 0.0030543055017989693, 'lr_reduce': 0.6}",TPESampler,COMPLETE
2184,0.017080094665288925,2025-04-26 16:51:39.252443,2025-04-26 16:51:59.117848,0 days 00:00:19.865405,0.11426174476770004,224,144,192,144.0,,3,1,3,0.005712372148589283,0.6,/work3/arnaou/checkpoints/Tc_trial_2184_best_state.pt,"{'learning_rate': 0.005712372148589283, 'lr_reduce': 0.6}",TPESampler,COMPLETE
2185,0.05968547239899635,2025-04-26 16:51:42.297478,2025-04-26 16:52:04.619411,0 days 00:00:22.321933,0.1916559082469538,240,144,144,160.0,96.0,4,4,3,0.0004040387132752038,0.6,/work3/arnaou/checkpoints/Tc_trial_2185_best_state.pt,"{'learning_rate': 0.0004040387132752038, 'lr_reduce': 0.6}",TPESampler,COMPLETE
2186,0.04735784977674484,2025-04-26 16:51:53.891309,2025-04-26 16:52:20.884362,0 days 00:00:26.993053,0.18034316258214372,32,240,144,,,2,4,2,0.0008012452414032466,0.6,/work3/arnaou/checkpoints/Tc_trial_2186_best_state.pt,"{'learning_rate': 0.0008012452414032466, 'lr_reduce': 0.6}",TPESampler,COMPLETE
2187,0.023426478728652,2025-04-26 16:51:59.350280,2025-04-26 16:52:20.193541,0 days 00:00:20.843261,0.04894020612110225,208,256,240,208.0,64.0,4,1,2,0.008918963527676186,0.6,/work3/arnaou/checkpoints/Tc_trial_2187_best_state.pt,"{'learning_rate': 0.008918963527676186, 'lr_reduce': 0.6}",TPESampler,COMPLETE
2188,0.020340673625469208,2025-04-26 16:52:04.852516,2025-04-26 16:52:25.428782,0 days 00:00:20.576266,0.023660527773865153,224,240,192,176.0,48.0,4,1,1,0.0041885304431457816,0.6,/work3/arnaou/checkpoints/Tc_trial_2188_best_state.pt,"{'learning_rate': 0.0041885304431457816, 'lr_reduce': 0.6}",TPESampler,COMPLETE
2189,0.018243301659822464,2025-04-26 16:52:20.411998,2025-04-26 16:52:40.274538,0 days 00:00:19.862540,0.0030593877152584707,128,240,256,112.0,80.0,4,1,1,0.006612387085885508,0.6,/work3/arnaou/checkpoints/Tc_trial_2189_best_state.pt,"{'learning_rate': 0.006612387085885508, 'lr_reduce': 0.6}",TPESampler,COMPLETE
2190,0.018519841134548187,2025-04-26 16:52:21.182227,2025-04-26 16:52:36.982021,0 days 00:00:15.799794,0.003166575811929671,176,176,160,144.0,96.0,4,1,1,0.008076618775693633,0.6,/work3/arnaou/checkpoints/Tc_trial_2190_best_state.pt,"{'learning_rate': 0.008076618775693633, 'lr_reduce': 0.6}",TPESampler,COMPLETE
2191,0.019326824694871902,2025-04-26 16:52:25.652440,2025-04-26 16:52:48.503274,0 days 00:00:22.850834,0.06462388878691212,128,176,208,192.0,48.0,4,2,1,0.0071839336260878725,0.6,/work3/arnaou/checkpoints/Tc_trial_2191_best_state.pt,"{'learning_rate': 0.0071839336260878725, 'lr_reduce': 0.6}",TPESampler,COMPLETE
2192,0.017149051651358604,2025-04-26 16:52:37.213710,2025-04-26 16:53:00.480796,0 days 00:00:23.267086,0.011078492141753816,256,160,160,240.0,64.0,4,1,2,0.002685536131420495,0.6,/work3/arnaou/checkpoints/Tc_trial_2192_best_state.pt,"{'learning_rate': 0.002685536131420495, 'lr_reduce': 0.6}",TPESampler,COMPLETE
2193,0.016934243962168694,2025-04-26 16:52:40.540378,2025-04-26 16:52:58.637708,0 days 00:00:18.097330,0.07711429791235885,256,256,176,160.0,,3,1,2,0.007993017453745754,0.6,/work3/arnaou/checkpoints/Tc_trial_2193_best_state.pt,"{'learning_rate': 0.007993017453745754, 'lr_reduce': 0.6}",TPESampler,COMPLETE
2194,0.03188510239124298,2025-04-26 16:52:48.813765,2025-04-26 16:53:09.312271,0 days 00:00:20.498506,0.18441837929467822,144,240,224,,,2,1,1,0.0005524936646009219,0.6,/work3/arnaou/checkpoints/Tc_trial_2194_best_state.pt,"{'learning_rate': 0.0005524936646009219, 'lr_reduce': 0.6}",TPESampler,COMPLETE
2195,0.02920108288526535,2025-04-26 16:52:58.861914,2025-04-26 16:53:14.185233,0 days 00:00:15.323319,0.1602940466839853,128,240,80,208.0,80.0,4,1,3,0.001995018405165662,0.6,/work3/arnaou/checkpoints/Tc_trial_2195_best_state.pt,"{'learning_rate': 0.001995018405165662, 'lr_reduce': 0.6}",TPESampler,COMPLETE
2196,0.019825704395771027,2025-04-26 16:53:00.720258,2025-04-26 16:53:20.648554,0 days 00:00:19.928296,0.004399796674655901,256,224,208,80.0,,3,2,1,0.003302964803787797,0.6,/work3/arnaou/checkpoints/Tc_trial_2196_best_state.pt,"{'learning_rate': 0.003302964803787797, 'lr_reduce': 0.6}",TPESampler,COMPLETE
2197,0.023908941075205803,2025-04-26 16:53:09.570581,2025-04-26 16:53:30.439352,0 days 00:00:20.868771,0.048181551559283504,240,224,96,176.0,32.0,4,3,1,0.0077251669436454624,0.6,/work3/arnaou/checkpoints/Tc_trial_2197_best_state.pt,"{'learning_rate': 0.0077251669436454624, 'lr_reduce': 0.6}",TPESampler,COMPLETE
2198,0.03506346046924591,2025-04-26 16:53:14.407638,2025-04-26 16:53:34.437887,0 days 00:00:20.030249,0.0042756094839824735,160,160,256,128.0,96.0,4,2,2,0.008556503864255521,0.6,/work3/arnaou/checkpoints/Tc_trial_2198_best_state.pt,"{'learning_rate': 0.008556503864255521, 'lr_reduce': 0.6}",TPESampler,COMPLETE
2199,0.02257198840379715,2025-04-26 16:53:20.911653,2025-04-26 16:53:42.243206,0 days 00:00:21.331553,0.09832284489234097,160,144,208,160.0,64.0,4,1,3,0.004037328250782429,0.6,/work3/arnaou/checkpoints/Tc_trial_2199_best_state.pt,"{'learning_rate': 0.004037328250782429, 'lr_reduce': 0.6}",TPESampler,COMPLETE
2200,0.018506264314055443,2025-04-26 16:53:30.677016,2025-04-26 16:53:50.477011,0 days 00:00:19.799995,0.005638204834129856,128,128,64,192.0,64.0,4,1,1,0.006075360376344812,0.6,/work3/arnaou/checkpoints/Tc_trial_2200_best_state.pt,"{'learning_rate': 0.006075360376344812, 'lr_reduce': 0.6}",TPESampler,COMPLETE
2201,0.020611971616744995,2025-04-26 16:53:34.660449,2025-04-26 16:53:54.955519,0 days 00:00:20.295070,0.02123318929718803,160,144,160,,,2,2,1,0.007934813293870142,0.6,/work3/arnaou/checkpoints/Tc_trial_2201_best_state.pt,"{'learning_rate': 0.007934813293870142, 'lr_reduce': 0.6}",TPESampler,COMPLETE
2202,0.016829751431941986,2025-04-26 16:53:42.476197,2025-04-26 16:54:03.444658,0 days 00:00:20.968461,0.1169689817102377,208,160,176,224.0,,3,1,2,0.0032674496145349147,0.6,/work3/arnaou/checkpoints/Tc_trial_2202_best_state.pt,"{'learning_rate': 0.0032674496145349147, 'lr_reduce': 0.6}",TPESampler,COMPLETE
2203,0.016535602509975433,2025-04-26 16:53:50.720594,2025-04-26 16:54:10.485787,0 days 00:00:19.765193,0.10825273285122163,256,240,256,144.0,144.0,4,1,1,0.0014459477185470233,0.6,/work3/arnaou/checkpoints/Tc_trial_2203_best_state.pt,"{'learning_rate': 0.0014459477185470233, 'lr_reduce': 0.6}",TPESampler,COMPLETE
2204,0.029383374378085136,2025-04-26 16:53:55.199983,2025-04-26 16:54:12.620897,0 days 00:00:17.420914,0.1239041032653154,192,96,256,256.0,,3,1,2,0.0008138915938397018,0.6,/work3/arnaou/checkpoints/Tc_trial_2204_best_state.pt,"{'learning_rate': 0.0008138915938397018, 'lr_reduce': 0.6}",TPESampler,COMPLETE
2205,0.027384666725993156,2025-04-26 16:54:03.680678,2025-04-26 16:54:21.871279,0 days 00:00:18.190601,0.09702982319876091,176,176,192,176.0,,3,1,3,0.008506882779318445,0.6,/work3/arnaou/checkpoints/Tc_trial_2205_best_state.pt,"{'learning_rate': 0.008506882779318445, 'lr_reduce': 0.6}",TPESampler,COMPLETE
2206,0.06032257899641991,2025-04-26 16:54:10.728864,2025-04-26 16:54:42.824728,0 days 00:00:32.095864,0.12171776009661991,128,96,128,208.0,96.0,4,4,4,0.00017915468438348543,0.6,/work3/arnaou/checkpoints/Tc_trial_2206_best_state.pt,"{'learning_rate': 0.00017915468438348543, 'lr_reduce': 0.6}",TPESampler,COMPLETE
2207,0.016782548278570175,2025-04-26 16:54:12.858994,2025-04-26 16:54:30.174369,0 days 00:00:17.315375,0.07040656455226309,256,224,192,160.0,48.0,4,1,1,0.005053358820633533,0.6,/work3/arnaou/checkpoints/Tc_trial_2207_best_state.pt,"{'learning_rate': 0.005053358820633533, 'lr_reduce': 0.6}",TPESampler,COMPLETE
2208,0.018779529258608818,2025-04-26 16:54:22.102962,2025-04-26 16:54:42.598419,0 days 00:00:20.495457,0.030112868775885458,256,160,256,112.0,,3,1,1,0.0045621491329071616,0.6,/work3/arnaou/checkpoints/Tc_trial_2208_best_state.pt,"{'learning_rate': 0.0045621491329071616, 'lr_reduce': 0.6}",TPESampler,COMPLETE
2209,0.025058509781956673,2025-04-26 16:54:30.432775,2025-04-26 16:54:52.137918,0 days 00:00:21.705143,0.0648425875521646,256,240,176,192.0,,3,2,1,0.00867229006442499,0.6,/work3/arnaou/checkpoints/Tc_trial_2209_best_state.pt,"{'learning_rate': 0.00867229006442499, 'lr_reduce': 0.6}",TPESampler,COMPLETE
2210,0.036565858870744705,2025-04-26 16:54:42.868742,2025-04-26 16:55:07.386401,0 days 00:00:24.517659,0.06662301107152008,96,256,32,,,2,1,2,0.00021729675551173733,0.6,/work3/arnaou/checkpoints/Tc_trial_2210_best_state.pt,"{'learning_rate': 0.00021729675551173733, 'lr_reduce': 0.6}",TPESampler,COMPLETE
2211,0.019308017566800117,2025-04-26 16:54:43.056054,2025-04-26 16:55:06.089050,0 days 00:00:23.032996,0.05381274169067492,208,208,256,64.0,80.0,4,2,2,0.001436742648786015,0.6,/work3/arnaou/checkpoints/Tc_trial_2211_best_state.pt,"{'learning_rate': 0.001436742648786015, 'lr_reduce': 0.6}",TPESampler,COMPLETE
2212,0.0685519278049469,2025-04-26 16:54:52.397202,2025-04-26 16:55:17.935509,0 days 00:00:25.538307,0.14904826710968683,160,240,128,144.0,32.0,4,4,1,0.00018843904916930677,0.6,/work3/arnaou/checkpoints/Tc_trial_2212_best_state.pt,"{'learning_rate': 0.00018843904916930677, 'lr_reduce': 0.6}",TPESampler,COMPLETE
2213,0.0672970861196518,2025-04-26 16:55:06.329314,2025-04-26 16:55:21.606773,0 days 00:00:15.277459,0.18176293584630318,96,32,240,176.0,112.0,4,3,3,0.005563826655845599,0.6,/work3/arnaou/checkpoints/Tc_trial_2213_best_state.pt,"{'learning_rate': 0.005563826655845599, 'lr_reduce': 0.6}",TPESampler,COMPLETE
2214,0.030152665451169014,2025-04-26 16:55:07.754217,2025-04-26 16:55:32.696221,0 days 00:00:24.942004,0.020058046631124066,32,240,80,,,2,3,4,0.0029471054181135713,0.6,/work3/arnaou/checkpoints/Tc_trial_2214_best_state.pt,"{'learning_rate': 0.0029471054181135713, 'lr_reduce': 0.6}",TPESampler,COMPLETE
2215,0.028329836204648018,2025-04-26 16:55:18.154188,2025-04-26 16:55:41.380450,0 days 00:00:23.226262,0.22983576789475474,96,96,32,,,2,4,3,0.0034038363631625403,0.6,/work3/arnaou/checkpoints/Tc_trial_2215_best_state.pt,"{'learning_rate': 0.0034038363631625403, 'lr_reduce': 0.6}",TPESampler,COMPLETE
2216,0.016733365133404732,2025-04-26 16:55:21.810286,2025-04-26 16:55:42.817166,0 days 00:00:21.006880,0.12254552895981326,128,160,128,,,2,3,1,0.004347864524121633,0.6,/work3/arnaou/checkpoints/Tc_trial_2216_best_state.pt,"{'learning_rate': 0.004347864524121633, 'lr_reduce': 0.6}",TPESampler,COMPLETE
2217,0.0214044488966465,2025-04-26 16:55:32.917903,2025-04-26 16:55:58.558311,0 days 00:00:25.640408,0.12212579592953919,144,176,256,,,2,3,1,0.0016545797051440976,0.6,/work3/arnaou/checkpoints/Tc_trial_2217_best_state.pt,"{'learning_rate': 0.0016545797051440976, 'lr_reduce': 0.6}",TPESampler,COMPLETE
2218,0.016430608928203583,2025-04-26 16:55:41.609701,2025-04-26 16:56:00.152980,0 days 00:00:18.543279,0.11941219089586427,160,176,224,128.0,,3,1,1,0.004878451825021296,0.6,/work3/arnaou/checkpoints/Tc_trial_2218_best_state.pt,"{'learning_rate': 0.004878451825021296, 'lr_reduce': 0.6}",TPESampler,COMPLETE
2219,0.020634658634662628,2025-04-26 16:55:43.109936,2025-04-26 16:56:06.380399,0 days 00:00:23.270463,0.08191420482884024,128,96,192,224.0,,3,1,3,0.005566167434221462,0.6,/work3/arnaou/checkpoints/Tc_trial_2219_best_state.pt,"{'learning_rate': 0.005566167434221462, 'lr_reduce': 0.6}",TPESampler,COMPLETE
2220,0.022901521995663643,2025-04-26 16:55:58.792434,2025-04-26 16:56:21.961325,0 days 00:00:23.168891,0.07399211781858588,208,192,176,96.0,64.0,4,2,1,0.0008509095799862502,0.6,/work3/arnaou/checkpoints/Tc_trial_2220_best_state.pt,"{'learning_rate': 0.0008509095799862502, 'lr_reduce': 0.6}",TPESampler,COMPLETE
2221,0.015349864028394222,2025-04-26 16:56:00.572633,2025-04-26 16:56:24.735643,0 days 00:00:24.163010,0.06613117847854472,256,128,208,160.0,,3,3,2,0.0030061020327451105,0.6,/work3/arnaou/checkpoints/Tc_trial_2221_best_state.pt,"{'learning_rate': 0.0030061020327451105, 'lr_reduce': 0.6}",TPESampler,COMPLETE
2222,0.01741688698530197,2025-04-26 16:56:06.621137,2025-04-26 16:56:24.268434,0 days 00:00:17.647297,0.09184789129799326,256,256,192,192.0,,3,1,1,0.0027068125465176725,0.6,/work3/arnaou/checkpoints/Tc_trial_2222_best_state.pt,"{'learning_rate': 0.0027068125465176725, 'lr_reduce': 0.6}",TPESampler,COMPLETE
2223,0.06145131587982178,2025-04-26 16:56:22.199056,2025-04-26 16:56:38.322653,0 days 00:00:16.123597,0.27528838334348615,240,112,128,,,2,4,3,0.008724731241812547,0.6,/work3/arnaou/checkpoints/Tc_trial_2223_best_state.pt,"{'learning_rate': 0.008724731241812547, 'lr_reduce': 0.6}",TPESampler,COMPLETE
2224,0.05336656793951988,2025-04-26 16:56:24.485903,2025-04-26 16:56:47.907110,0 days 00:00:23.421207,0.27727159171936033,208,64,240,,,2,4,1,0.0013010382208314697,0.6,/work3/arnaou/checkpoints/Tc_trial_2224_best_state.pt,"{'learning_rate': 0.0013010382208314697, 'lr_reduce': 0.6}",TPESampler,COMPLETE
2225,0.01889391429722309,2025-04-26 16:56:24.996217,2025-04-26 16:56:42.028137,0 days 00:00:17.031920,0.010314703733611782,224,208,192,176.0,80.0,4,1,2,0.0037359484794508065,0.6,/work3/arnaou/checkpoints/Tc_trial_2225_best_state.pt,"{'learning_rate': 0.0037359484794508065, 'lr_reduce': 0.6}",TPESampler,COMPLETE
2226,0.020903540775179863,2025-04-26 16:56:38.545933,2025-04-26 16:56:56.067465,0 days 00:00:17.521532,0.08178376091074532,256,208,240,144.0,,3,1,2,0.0016925945543837457,0.6,/work3/arnaou/checkpoints/Tc_trial_2226_best_state.pt,"{'learning_rate': 0.0016925945543837457, 'lr_reduce': 0.6}",TPESampler,COMPLETE
2227,0.02108357660472393,2025-04-26 16:56:42.263248,2025-04-26 16:56:59.987926,0 days 00:00:17.724678,0.003849145840980154,208,128,256,192.0,48.0,4,1,2,0.009387163954472467,0.6,/work3/arnaou/checkpoints/Tc_trial_2227_best_state.pt,"{'learning_rate': 0.009387163954472467, 'lr_reduce': 0.6}",TPESampler,COMPLETE
2228,0.01714649796485901,2025-04-26 16:56:48.161176,2025-04-26 16:57:11.315861,0 days 00:00:23.154685,0.053766435342167865,176,208,64,208.0,96.0,4,1,4,0.002208770747272374,0.6,/work3/arnaou/checkpoints/Tc_trial_2228_best_state.pt,"{'learning_rate': 0.002208770747272374, 'lr_reduce': 0.6}",TPESampler,COMPLETE
2229,0.021914469078183174,2025-04-26 16:56:56.310639,2025-04-26 16:57:18.699355,0 days 00:00:22.388716,0.007086107696302781,192,256,176,,,2,3,1,0.005507942662375908,0.6,/work3/arnaou/checkpoints/Tc_trial_2229_best_state.pt,"{'learning_rate': 0.005507942662375908, 'lr_reduce': 0.6}",TPESampler,COMPLETE
2230,0.020111417397856712,2025-04-26 16:57:00.421949,2025-04-26 16:57:19.020881,0 days 00:00:18.598932,0.07917595218890186,208,208,208,128.0,,3,2,1,0.0018594600180156116,0.6,/work3/arnaou/checkpoints/Tc_trial_2230_best_state.pt,"{'learning_rate': 0.0018594600180156116, 'lr_reduce': 0.6}",TPESampler,COMPLETE
2231,0.017624059692025185,2025-04-26 16:57:11.563765,2025-04-26 16:57:30.236799,0 days 00:00:18.673034,0.2649499785737374,240,176,176,,,2,1,3,0.0038767568482224826,0.6,/work3/arnaou/checkpoints/Tc_trial_2231_best_state.pt,"{'learning_rate': 0.0038767568482224826, 'lr_reduce': 0.6}",TPESampler,COMPLETE
2232,0.03958715870976448,2025-04-26 16:57:18.965349,2025-04-26 16:57:44.588413,0 days 00:00:25.623064,0.264582930832923,208,80,240,160.0,64.0,4,1,4,0.00019732548963150807,0.6,/work3/arnaou/checkpoints/Tc_trial_2232_best_state.pt,"{'learning_rate': 0.00019732548963150807, 'lr_reduce': 0.6}",TPESampler,COMPLETE
2233,0.10926447808742523,2025-04-26 16:57:19.325609,2025-04-26 16:57:43.917488,0 days 00:00:24.591879,0.18158129032059614,208,112,80,176.0,80.0,4,1,2,0.0001176543476703967,0.6,/work3/arnaou/checkpoints/Tc_trial_2233_best_state.pt,"{'learning_rate': 0.0001176543476703967, 'lr_reduce': 0.6}",TPESampler,COMPLETE
2234,0.020429745316505432,2025-04-26 16:57:30.642754,2025-04-26 16:57:48.886517,0 days 00:00:18.243763,0.004303142295194209,240,224,160,240.0,48.0,4,1,1,0.0033563995990664513,0.6,/work3/arnaou/checkpoints/Tc_trial_2234_best_state.pt,"{'learning_rate': 0.0033563995990664513, 'lr_reduce': 0.6}",TPESampler,COMPLETE
2235,0.029731102287769318,2025-04-26 16:57:44.190417,2025-04-26 16:57:55.522729,0 days 00:00:11.332312,0.005147749425734038,224,224,192,,,2,2,1,0.0031768426712237585,0.6,/work3/arnaou/checkpoints/Tc_trial_2235_best_state.pt,"{'learning_rate': 0.0031768426712237585, 'lr_reduce': 0.6}",TPESampler,COMPLETE
2236,0.01684975065290928,2025-04-26 16:57:44.932500,2025-04-26 16:58:06.399376,0 days 00:00:21.466876,0.08806070713711622,160,112,176,,,2,3,1,0.0025446272394077834,0.6,/work3/arnaou/checkpoints/Tc_trial_2236_best_state.pt,"{'learning_rate': 0.0025446272394077834, 'lr_reduce': 0.6}",TPESampler,COMPLETE
2237,0.01659894920885563,2025-04-26 16:57:49.154502,2025-04-26 16:58:11.017083,0 days 00:00:21.862581,0.052293143929518365,240,144,144,144.0,,3,1,2,0.0060383206670108465,0.6,/work3/arnaou/checkpoints/Tc_trial_2237_best_state.pt,"{'learning_rate': 0.0060383206670108465, 'lr_reduce': 0.6}",TPESampler,COMPLETE
2238,0.03659134358167648,2025-04-26 16:57:55.741207,2025-04-26 16:58:11.313471,0 days 00:00:15.572264,0.16023111461110107,144,112,144,,,2,2,1,0.007661827315279119,0.6,/work3/arnaou/checkpoints/Tc_trial_2238_best_state.pt,"{'learning_rate': 0.007661827315279119, 'lr_reduce': 0.6}",TPESampler,COMPLETE
2239,0.04001756012439728,2025-04-26 16:58:06.611921,2025-04-26 16:58:19.959007,0 days 00:00:13.347086,0.2521340469348263,96,48,256,,,2,2,4,0.007536518906510983,0.6,/work3/arnaou/checkpoints/Tc_trial_2239_best_state.pt,"{'learning_rate': 0.007536518906510983, 'lr_reduce': 0.6}",TPESampler,COMPLETE
2240,0.018502650782465935,2025-04-26 16:58:11.255770,2025-04-26 16:58:28.096182,0 days 00:00:16.840412,0.05122465063623513,160,144,240,,,2,1,2,0.004120734660479199,0.6,/work3/arnaou/checkpoints/Tc_trial_2240_best_state.pt,"{'learning_rate': 0.004120734660479199, 'lr_reduce': 0.6}",TPESampler,COMPLETE
2241,0.01706850528717041,2025-04-26 16:58:11.621911,2025-04-26 16:58:30.455752,0 days 00:00:18.833841,0.07895515058186357,176,160,256,208.0,,3,1,1,0.007210228027478702,0.6,/work3/arnaou/checkpoints/Tc_trial_2241_best_state.pt,"{'learning_rate': 0.007210228027478702, 'lr_reduce': 0.6}",TPESampler,COMPLETE
2242,0.046656284481287,2025-04-26 16:58:20.175128,2025-04-26 16:58:51.289103,0 days 00:00:31.113975,0.023621728219333393,80,96,144,,,2,4,4,0.00018398378696765966,0.6,/work3/arnaou/checkpoints/Tc_trial_2242_best_state.pt,"{'learning_rate': 0.00018398378696765966, 'lr_reduce': 0.6}",TPESampler,COMPLETE
