number,value,datetime_start,datetime_complete,duration,params_dropout,params_hidden_channels,params_mlp_dim_00,params_mlp_dim_01,params_mlp_dim_02,params_mlp_dim_03,params_mlp_n_layers,params_num_layers,params_num_timesteps,params_train_learning_rate,params_train_lr_reduce,user_attrs_best_state_dict_path,user_attrs_training_params,system_attrs_auto:sampler,state
1055,0.01736280508339405,2025-04-26 14:36:55.071165,2025-04-26 14:37:15.619628,0 days 00:00:20.548463,0.1751079432335506,160,224,128,144.0,96.0,4,2,1,0.002841058808452098,0.6,/work3/arnaou/checkpoints/Tc_trial_1055_best_state.pt,"{'learning_rate': 0.002841058808452098, 'lr_reduce': 0.6}",TPESampler,COMPLETE
1056,0.018657835200428963,2025-04-26 14:37:04.370777,2025-04-26 14:37:22.402763,0 days 00:00:18.031986,0.021227092860519096,128,240,144,176.0,,3,1,1,0.002268090644984121,0.6,/work3/arnaou/checkpoints/Tc_trial_1056_best_state.pt,"{'learning_rate': 0.002268090644984121, 'lr_reduce': 0.6}",TPESampler,COMPLETE
1057,0.0183270201086998,2025-04-26 14:37:04.412831,2025-04-26 14:37:24.701009,0 days 00:00:20.288178,0.09904299948966634,240,256,208,176.0,,3,3,2,0.0021000591356274685,0.6,/work3/arnaou/checkpoints/Tc_trial_1057_best_state.pt,"{'learning_rate': 0.0021000591356274685, 'lr_reduce': 0.6}",TPESampler,COMPLETE
1058,0.1972167193889618,2025-04-26 14:37:15.831500,2025-04-26 14:37:42.879260,0 days 00:00:27.047760,0.20706229095176312,128,240,192,112.0,,3,4,3,0.00011249044810534454,0.6,/work3/arnaou/checkpoints/Tc_trial_1058_best_state.pt,"{'learning_rate': 0.00011249044810534454, 'lr_reduce': 0.6}",TPESampler,COMPLETE
1059,0.14579170942306519,2025-04-26 14:37:22.597578,2025-04-26 14:37:47.896205,0 days 00:00:25.298627,0.25644369270962575,64,208,208,144.0,,3,2,2,0.00011311102381476661,0.6,/work3/arnaou/checkpoints/Tc_trial_1059_best_state.pt,"{'learning_rate': 0.00011311102381476661, 'lr_reduce': 0.6}",TPESampler,COMPLETE
1060,0.0177787896245718,2025-04-26 14:37:24.890096,2025-04-26 14:37:44.523423,0 days 00:00:19.633327,0.007987097179032898,192,208,192,208.0,,3,2,2,0.0028861590888221928,0.6,/work3/arnaou/checkpoints/Tc_trial_1060_best_state.pt,"{'learning_rate': 0.0028861590888221928, 'lr_reduce': 0.6}",TPESampler,COMPLETE
1061,0.022899389266967773,2025-04-26 14:37:43.079606,2025-04-26 14:38:00.858469,0 days 00:00:17.778863,0.09695304410318178,256,176,240,80.0,,3,1,1,0.0022710471809898975,0.6,/work3/arnaou/checkpoints/Tc_trial_1061_best_state.pt,"{'learning_rate': 0.0022710471809898975, 'lr_reduce': 0.6}",TPESampler,COMPLETE
1062,0.02147069200873375,2025-04-26 14:37:44.759323,2025-04-26 14:38:03.041287,0 days 00:00:18.281964,0.1448354896408547,160,144,256,128.0,,3,1,2,0.003048133047558356,0.6,/work3/arnaou/checkpoints/Tc_trial_1062_best_state.pt,"{'learning_rate': 0.003048133047558356, 'lr_reduce': 0.6}",TPESampler,COMPLETE
1063,0.027659757062792778,2025-04-26 14:37:48.159479,2025-04-26 14:38:11.920568,0 days 00:00:23.761089,0.1095038888417374,240,256,160,,,2,2,1,0.009358618531221708,0.6,/work3/arnaou/checkpoints/Tc_trial_1063_best_state.pt,"{'learning_rate': 0.009358618531221708, 'lr_reduce': 0.6}",TPESampler,COMPLETE
1064,0.023472728207707405,2025-04-26 14:38:01.080452,2025-04-26 14:38:22.993442,0 days 00:00:21.912990,0.0821920089123565,176,208,256,160.0,128.0,4,2,1,0.009896353444436122,0.6,/work3/arnaou/checkpoints/Tc_trial_1064_best_state.pt,"{'learning_rate': 0.009896353444436122, 'lr_reduce': 0.6}",TPESampler,COMPLETE
1065,0.01795850321650505,2025-04-26 14:38:03.233069,2025-04-26 14:38:23.595793,0 days 00:00:20.362724,0.036398374530754306,192,224,208,192.0,,3,3,1,0.001648080884387763,0.6,/work3/arnaou/checkpoints/Tc_trial_1065_best_state.pt,"{'learning_rate': 0.001648080884387763, 'lr_reduce': 0.6}",TPESampler,COMPLETE
1066,0.0334433913230896,2025-04-26 14:38:12.129835,2025-04-26 14:38:31.674704,0 days 00:00:19.544869,0.19186439214828147,176,192,48,240.0,,3,2,4,0.0006412648191381542,0.6,/work3/arnaou/checkpoints/Tc_trial_1066_best_state.pt,"{'learning_rate': 0.0006412648191381542, 'lr_reduce': 0.6}",TPESampler,COMPLETE
1067,0.023251211270689964,2025-04-26 14:38:23.184550,2025-04-26 14:38:41.766016,0 days 00:00:18.581466,0.01430737191387648,128,160,208,160.0,,3,1,1,0.008246561684007519,0.6,/work3/arnaou/checkpoints/Tc_trial_1067_best_state.pt,"{'learning_rate': 0.008246561684007519, 'lr_reduce': 0.6}",TPESampler,COMPLETE
1068,0.019854143261909485,2025-04-26 14:38:23.784790,2025-04-26 14:38:43.162290,0 days 00:00:19.377500,0.05799534112098142,176,256,192,112.0,,3,1,1,0.006851834316241575,0.6,/work3/arnaou/checkpoints/Tc_trial_1068_best_state.pt,"{'learning_rate': 0.006851834316241575, 'lr_reduce': 0.6}",TPESampler,COMPLETE
1069,0.019819729030132294,2025-04-26 14:38:31.892243,2025-04-26 14:38:50.900182,0 days 00:00:19.007939,0.006190148912207702,208,256,192,192.0,,3,2,1,0.005996669455063459,0.6,/work3/arnaou/checkpoints/Tc_trial_1069_best_state.pt,"{'learning_rate': 0.005996669455063459, 'lr_reduce': 0.6}",TPESampler,COMPLETE
1070,0.02271338179707527,2025-04-26 14:38:41.967419,2025-04-26 14:38:53.445436,0 days 00:00:11.478017,0.06885706982290138,144,176,176,144.0,,3,1,2,0.008548113243975666,0.6,/work3/arnaou/checkpoints/Tc_trial_1070_best_state.pt,"{'learning_rate': 0.008548113243975666, 'lr_reduce': 0.6}",TPESampler,COMPLETE
1071,0.02016349881887436,2025-04-26 14:38:43.354802,2025-04-26 14:39:04.486693,0 days 00:00:21.131891,0.0033121367897769316,208,240,208,224.0,,3,2,1,0.0026650877837653296,0.6,/work3/arnaou/checkpoints/Tc_trial_1071_best_state.pt,"{'learning_rate': 0.0026650877837653296, 'lr_reduce': 0.6}",TPESampler,COMPLETE
1072,0.017571844160556793,2025-04-26 14:38:51.310071,2025-04-26 14:39:15.303869,0 days 00:00:23.993798,0.09078639561998118,112,144,256,,,2,3,2,0.002369506873529855,0.6,/work3/arnaou/checkpoints/Tc_trial_1072_best_state.pt,"{'learning_rate': 0.002369506873529855, 'lr_reduce': 0.6}",TPESampler,COMPLETE
1073,0.024576755240559578,2025-04-26 14:38:53.624591,2025-04-26 14:39:16.456081,0 days 00:00:22.831490,0.11314869774019631,256,256,240,176.0,,3,3,1,0.00807181371861734,0.6,/work3/arnaou/checkpoints/Tc_trial_1073_best_state.pt,"{'learning_rate': 0.00807181371861734, 'lr_reduce': 0.6}",TPESampler,COMPLETE
1074,0.018940703943371773,2025-04-26 14:39:04.685897,2025-04-26 14:39:26.739171,0 days 00:00:22.053274,0.05131174490049756,224,192,192,,,2,3,2,0.0020134327092262722,0.6,/work3/arnaou/checkpoints/Tc_trial_1074_best_state.pt,"{'learning_rate': 0.0020134327092262722, 'lr_reduce': 0.6}",TPESampler,COMPLETE
1075,0.01578698121011257,2025-04-26 14:39:15.503852,2025-04-26 14:39:33.535416,0 days 00:00:18.031564,0.09244759580419279,256,208,224,128.0,48.0,4,1,1,0.005533962625005616,0.6,/work3/arnaou/checkpoints/Tc_trial_1075_best_state.pt,"{'learning_rate': 0.005533962625005616, 'lr_reduce': 0.6}",TPESampler,COMPLETE
1076,0.01727764867246151,2025-04-26 14:39:16.893432,2025-04-26 14:39:36.748721,0 days 00:00:19.855289,0.06627334098006377,192,240,144,,,2,1,1,0.0021359261317538195,0.6,/work3/arnaou/checkpoints/Tc_trial_1076_best_state.pt,"{'learning_rate': 0.0021359261317538195, 'lr_reduce': 0.6}",TPESampler,COMPLETE
1077,0.02105521224439144,2025-04-26 14:39:26.923196,2025-04-26 14:39:44.718210,0 days 00:00:17.795014,0.13305964087479674,208,208,192,48.0,,3,2,1,0.0013602453318610967,0.6,/work3/arnaou/checkpoints/Tc_trial_1077_best_state.pt,"{'learning_rate': 0.0013602453318610967, 'lr_reduce': 0.6}",TPESampler,COMPLETE
1078,0.023845838382840157,2025-04-26 14:39:33.744531,2025-04-26 14:39:54.801959,0 days 00:00:21.057428,0.11578471628630643,160,96,240,96.0,,3,3,1,0.0051765056115995155,0.6,/work3/arnaou/checkpoints/Tc_trial_1078_best_state.pt,"{'learning_rate': 0.0051765056115995155, 'lr_reduce': 0.6}",TPESampler,COMPLETE
1079,0.019236158579587936,2025-04-26 14:39:36.949965,2025-04-26 14:39:56.257926,0 days 00:00:19.307961,0.08383028903221525,192,128,240,160.0,,3,1,1,0.008349280596064648,0.6,/work3/arnaou/checkpoints/Tc_trial_1079_best_state.pt,"{'learning_rate': 0.008349280596064648, 'lr_reduce': 0.6}",TPESampler,COMPLETE
1080,0.023212365806102753,2025-04-26 14:39:44.944124,2025-04-26 14:40:06.540391,0 days 00:00:21.596267,0.005555451859175012,208,176,256,192.0,,3,2,1,0.0035284494303129514,0.6,/work3/arnaou/checkpoints/Tc_trial_1080_best_state.pt,"{'learning_rate': 0.0035284494303129514, 'lr_reduce': 0.6}",TPESampler,COMPLETE
1081,0.016992833465337753,2025-04-26 14:39:55.005967,2025-04-26 14:40:17.102732,0 days 00:00:22.096765,0.08337844478488164,240,240,224,128.0,,3,2,1,0.005041808916284642,0.6,/work3/arnaou/checkpoints/Tc_trial_1081_best_state.pt,"{'learning_rate': 0.005041808916284642, 'lr_reduce': 0.6}",TPESampler,COMPLETE
1082,0.029722200706601143,2025-04-26 14:39:56.458165,2025-04-26 14:40:10.994948,0 days 00:00:14.536783,0.2602916856400611,80,64,144,160.0,,3,2,2,0.007213269495617011,0.6,/work3/arnaou/checkpoints/Tc_trial_1082_best_state.pt,"{'learning_rate': 0.007213269495617011, 'lr_reduce': 0.6}",TPESampler,COMPLETE
1083,0.03377719223499298,2025-04-26 14:40:06.744621,2025-04-26 14:40:28.261362,0 days 00:00:21.516741,0.10012668298071115,160,112,64,144.0,,3,4,4,0.008272474674076876,0.6,/work3/arnaou/checkpoints/Tc_trial_1083_best_state.pt,"{'learning_rate': 0.008272474674076876, 'lr_reduce': 0.6}",TPESampler,COMPLETE
1084,0.018031656742095947,2025-04-26 14:40:11.185913,2025-04-26 14:40:29.092485,0 days 00:00:17.906572,0.14828826754955482,224,224,224,208.0,,3,2,1,0.00254959413377625,0.6,/work3/arnaou/checkpoints/Tc_trial_1084_best_state.pt,"{'learning_rate': 0.00254959413377625, 'lr_reduce': 0.6}",TPESampler,COMPLETE
1085,0.02023608423769474,2025-04-26 14:40:17.332416,2025-04-26 14:40:34.462739,0 days 00:00:17.130323,0.1085652790579291,192,224,176,112.0,,3,1,1,0.009403052215790554,0.6,/work3/arnaou/checkpoints/Tc_trial_1085_best_state.pt,"{'learning_rate': 0.009403052215790554, 'lr_reduce': 0.6}",TPESampler,COMPLETE
1086,0.01731521636247635,2025-04-26 14:40:28.462205,2025-04-26 14:40:51.691336,0 days 00:00:23.229131,0.08044042007355323,224,160,240,176.0,,3,2,2,0.002805607162586553,0.6,/work3/arnaou/checkpoints/Tc_trial_1086_best_state.pt,"{'learning_rate': 0.002805607162586553, 'lr_reduce': 0.6}",TPESampler,COMPLETE
1087,0.03366752713918686,2025-04-26 14:40:29.300254,2025-04-26 14:40:56.380622,0 days 00:00:27.080368,0.03272931082120009,256,208,192,80.0,,3,3,2,0.0038554198210802326,0.6,/work3/arnaou/checkpoints/Tc_trial_1087_best_state.pt,"{'learning_rate': 0.0038554198210802326, 'lr_reduce': 0.6}",TPESampler,COMPLETE
1088,0.030137576162815094,2025-04-26 14:40:34.659343,2025-04-26 14:40:54.059187,0 days 00:00:19.399844,0.07701850925134104,176,112,192,,,2,2,1,0.0054443849822819745,0.6,/work3/arnaou/checkpoints/Tc_trial_1088_best_state.pt,"{'learning_rate': 0.0054443849822819745, 'lr_reduce': 0.6}",TPESampler,COMPLETE
1089,0.017788995057344437,2025-04-26 14:40:51.885787,2025-04-26 14:41:13.528342,0 days 00:00:21.642555,0.1127422607508517,224,256,176,144.0,,3,1,2,0.0035958266392117923,0.6,/work3/arnaou/checkpoints/Tc_trial_1089_best_state.pt,"{'learning_rate': 0.0035958266392117923, 'lr_reduce': 0.6}",TPESampler,COMPLETE
1090,0.031621336936950684,2025-04-26 14:40:54.265382,2025-04-26 14:41:11.553601,0 days 00:00:17.288219,0.15699064592779177,176,224,192,176.0,,3,2,1,0.009847825281248383,0.6,/work3/arnaou/checkpoints/Tc_trial_1090_best_state.pt,"{'learning_rate': 0.009847825281248383, 'lr_reduce': 0.6}",TPESampler,COMPLETE
1091,0.020116733387112617,2025-04-26 14:40:56.628921,2025-04-26 14:41:20.035783,0 days 00:00:23.406862,0.13023483571995476,256,208,208,256.0,80.0,4,3,1,0.0036203857256712877,0.6,/work3/arnaou/checkpoints/Tc_trial_1091_best_state.pt,"{'learning_rate': 0.0036203857256712877, 'lr_reduce': 0.6}",TPESampler,COMPLETE
1092,0.02217985689640045,2025-04-26 14:41:11.778384,2025-04-26 14:41:31.430285,0 days 00:00:19.651901,0.06433528578759141,160,176,240,208.0,32.0,4,1,2,0.009023751667800282,0.6,/work3/arnaou/checkpoints/Tc_trial_1092_best_state.pt,"{'learning_rate': 0.009023751667800282, 'lr_reduce': 0.6}",TPESampler,COMPLETE
1093,0.019369211047887802,2025-04-26 14:41:13.743689,2025-04-26 14:41:34.066370,0 days 00:00:20.322681,0.018041656944633055,208,96,256,112.0,160.0,4,2,1,0.0016530419608542955,0.6,/work3/arnaou/checkpoints/Tc_trial_1093_best_state.pt,"{'learning_rate': 0.0016530419608542955, 'lr_reduce': 0.6}",TPESampler,COMPLETE
1094,0.019167417660355568,2025-04-26 14:41:20.226167,2025-04-26 14:41:41.650749,0 days 00:00:21.424582,0.06467111962391278,224,144,192,,,2,2,2,0.005986141928878535,0.6,/work3/arnaou/checkpoints/Tc_trial_1094_best_state.pt,"{'learning_rate': 0.005986141928878535, 'lr_reduce': 0.6}",TPESampler,COMPLETE
1095,0.03039165399968624,2025-04-26 14:41:31.646165,2025-04-26 14:41:59.435452,0 days 00:00:27.789287,0.1066413456365963,32,32,32,,,2,3,4,0.001015953628631859,0.6,/work3/arnaou/checkpoints/Tc_trial_1095_best_state.pt,"{'learning_rate': 0.001015953628631859, 'lr_reduce': 0.6}",TPESampler,COMPLETE
1096,0.017700644209980965,2025-04-26 14:41:34.293931,2025-04-26 14:41:52.946651,0 days 00:00:18.652720,0.09322992347835299,144,128,224,,,2,1,2,0.003486965862197068,0.6,/work3/arnaou/checkpoints/Tc_trial_1096_best_state.pt,"{'learning_rate': 0.003486965862197068, 'lr_reduce': 0.6}",TPESampler,COMPLETE
1097,0.032988812774419785,2025-04-26 14:41:41.855494,2025-04-26 14:42:00.660635,0 days 00:00:18.805141,0.25333103513620503,128,256,128,160.0,256.0,4,1,4,0.0009894721998751337,0.6,/work3/arnaou/checkpoints/Tc_trial_1097_best_state.pt,"{'learning_rate': 0.0009894721998751337, 'lr_reduce': 0.6}",TPESampler,COMPLETE
1098,0.016920020803809166,2025-04-26 14:41:53.155603,2025-04-26 14:42:09.257608,0 days 00:00:16.102005,0.08027130862289347,160,144,144,,,2,1,1,0.004002530822955954,0.6,/work3/arnaou/checkpoints/Tc_trial_1098_best_state.pt,"{'learning_rate': 0.004002530822955954, 'lr_reduce': 0.6}",TPESampler,COMPLETE
1099,0.017187366262078285,2025-04-26 14:41:59.629818,2025-04-26 14:42:14.757197,0 days 00:00:15.127379,0.0031327857760809017,192,224,176,128.0,,3,1,1,0.0025242415389258276,0.6,/work3/arnaou/checkpoints/Tc_trial_1099_best_state.pt,"{'learning_rate': 0.0025242415389258276, 'lr_reduce': 0.6}",TPESampler,COMPLETE
1100,0.020288774743676186,2025-04-26 14:42:00.872852,2025-04-26 14:42:24.239832,0 days 00:00:23.366980,0.07327386306002047,208,240,224,192.0,96.0,4,3,1,0.0010012164239041742,0.6,/work3/arnaou/checkpoints/Tc_trial_1100_best_state.pt,"{'learning_rate': 0.0010012164239041742, 'lr_reduce': 0.6}",TPESampler,COMPLETE
1101,0.025195330381393433,2025-04-26 14:42:09.580823,2025-04-26 14:42:32.640379,0 days 00:00:23.059556,0.2795707740987685,160,112,48,,,2,4,1,0.003977850606680313,0.6,/work3/arnaou/checkpoints/Tc_trial_1101_best_state.pt,"{'learning_rate': 0.003977850606680313, 'lr_reduce': 0.6}",TPESampler,COMPLETE
1102,0.08099763095378876,2025-04-26 14:42:14.962406,2025-04-26 14:42:42.799146,0 days 00:00:27.836740,0.1565625902863245,224,224,128,144.0,64.0,4,1,4,0.00011051807614057074,0.6,/work3/arnaou/checkpoints/Tc_trial_1102_best_state.pt,"{'learning_rate': 0.00011051807614057074, 'lr_reduce': 0.6}",TPESampler,COMPLETE
1103,0.025224843993782997,2025-04-26 14:42:24.439400,2025-04-26 14:42:40.475808,0 days 00:00:16.036408,0.16103697969117672,240,224,112,224.0,,3,2,1,0.008745168518487344,0.6,/work3/arnaou/checkpoints/Tc_trial_1103_best_state.pt,"{'learning_rate': 0.008745168518487344, 'lr_reduce': 0.6}",TPESampler,COMPLETE
1104,0.05843112990260124,2025-04-26 14:42:32.860444,2025-04-26 14:42:47.115994,0 days 00:00:14.255550,0.17984395760786534,64,48,80,176.0,112.0,4,4,3,0.00202354709639296,0.6,/work3/arnaou/checkpoints/Tc_trial_1104_best_state.pt,"{'learning_rate': 0.00202354709639296, 'lr_reduce': 0.6}",TPESampler,COMPLETE
1105,0.015722407028079033,2025-04-26 14:42:40.735138,2025-04-26 14:42:59.449098,0 days 00:00:18.713960,0.01791433144156805,144,128,240,96.0,192.0,4,1,1,0.00858613878677097,0.6,/work3/arnaou/checkpoints/Tc_trial_1105_best_state.pt,"{'learning_rate': 0.00858613878677097, 'lr_reduce': 0.6}",TPESampler,COMPLETE
1106,0.016512509435415268,2025-04-26 14:42:43.013020,2025-04-26 14:43:05.447815,0 days 00:00:22.434795,0.061570689063752626,208,224,224,160.0,,3,2,1,0.004691359119234021,0.6,/work3/arnaou/checkpoints/Tc_trial_1106_best_state.pt,"{'learning_rate': 0.004691359119234021, 'lr_reduce': 0.6}",TPESampler,COMPLETE
1107,0.016198204830288887,2025-04-26 14:42:47.336226,2025-04-26 14:43:06.864577,0 days 00:00:19.528351,0.038183205036682086,256,208,160,128.0,,3,1,1,0.00427172953145167,0.6,/work3/arnaou/checkpoints/Tc_trial_1107_best_state.pt,"{'learning_rate': 0.00427172953145167, 'lr_reduce': 0.6}",TPESampler,COMPLETE
1108,0.033247966319322586,2025-04-26 14:42:59.637582,2025-04-26 14:43:17.951785,0 days 00:00:18.314203,0.14632311492006042,240,160,176,192.0,,3,1,2,0.009298602984318186,0.6,/work3/arnaou/checkpoints/Tc_trial_1108_best_state.pt,"{'learning_rate': 0.009298602984318186, 'lr_reduce': 0.6}",TPESampler,COMPLETE
1109,0.014621675945818424,2025-04-26 14:43:05.661020,2025-04-26 14:43:18.323209,0 days 00:00:12.662189,0.010920185859773036,224,176,240,160.0,64.0,4,1,1,0.006664546154721355,0.6,/work3/arnaou/checkpoints/Tc_trial_1109_best_state.pt,"{'learning_rate': 0.006664546154721355, 'lr_reduce': 0.6}",TPESampler,COMPLETE
1110,0.017748897895216942,2025-04-26 14:43:07.141370,2025-04-26 14:43:28.307108,0 days 00:00:21.165738,0.08789296794465287,160,192,160,,,2,2,1,0.002851609861644687,0.6,/work3/arnaou/checkpoints/Tc_trial_1110_best_state.pt,"{'learning_rate': 0.002851609861644687, 'lr_reduce': 0.6}",TPESampler,COMPLETE
1111,0.017671512439846992,2025-04-26 14:43:18.182247,2025-04-26 14:43:36.593621,0 days 00:00:18.411374,0.023188253553649098,240,160,208,160.0,64.0,4,1,1,0.00747206260267469,0.6,/work3/arnaou/checkpoints/Tc_trial_1111_best_state.pt,"{'learning_rate': 0.00747206260267469, 'lr_reduce': 0.6}",TPESampler,COMPLETE
1112,0.03713689371943474,2025-04-26 14:43:18.527514,2025-04-26 14:43:41.511657,0 days 00:00:22.984143,0.19867029628567714,240,160,80,176.0,64.0,4,4,3,0.0028463413941826983,0.6,/work3/arnaou/checkpoints/Tc_trial_1112_best_state.pt,"{'learning_rate': 0.0028463413941826983, 'lr_reduce': 0.6}",TPESampler,COMPLETE
1113,0.020639289170503616,2025-04-26 14:43:28.558975,2025-04-26 14:43:47.798925,0 days 00:00:19.239950,0.02800702603108722,160,160,208,160.0,64.0,4,1,1,0.002434440281088841,0.6,/work3/arnaou/checkpoints/Tc_trial_1113_best_state.pt,"{'learning_rate': 0.002434440281088841, 'lr_reduce': 0.6}",TPESampler,COMPLETE
1114,0.018136339262127876,2025-04-26 14:43:36.799521,2025-04-26 14:43:58.031394,0 days 00:00:21.231873,0.024610951279986106,208,176,224,176.0,64.0,4,1,2,0.005735910911704437,0.6,/work3/arnaou/checkpoints/Tc_trial_1114_best_state.pt,"{'learning_rate': 0.005735910911704437, 'lr_reduce': 0.6}",TPESampler,COMPLETE
1115,0.016503989696502686,2025-04-26 14:43:41.734435,2025-04-26 14:43:59.514885,0 days 00:00:17.780450,0.056530229512627664,192,208,256,160.0,48.0,4,1,1,0.00375344897646362,0.6,/work3/arnaou/checkpoints/Tc_trial_1115_best_state.pt,"{'learning_rate': 0.00375344897646362, 'lr_reduce': 0.6}",TPESampler,COMPLETE
1116,0.014517237432301044,2025-04-26 14:43:48.040833,2025-04-26 14:44:07.580724,0 days 00:00:19.539891,0.013088029259027339,176,208,256,176.0,80.0,4,1,1,0.004714113121254885,0.6,/work3/arnaou/checkpoints/Tc_trial_1116_best_state.pt,"{'learning_rate': 0.004714113121254885, 'lr_reduce': 0.6}",TPESampler,COMPLETE
1117,0.021583087742328644,2025-04-26 14:43:58.243841,2025-04-26 14:44:21.538636,0 days 00:00:23.294795,0.002790397562508677,224,128,192,160.0,32.0,4,1,2,0.0029802660679430436,0.6,/work3/arnaou/checkpoints/Tc_trial_1117_best_state.pt,"{'learning_rate': 0.0029802660679430436, 'lr_reduce': 0.6}",TPESampler,COMPLETE
1118,0.022546634078025818,2025-04-26 14:43:59.757624,2025-04-26 14:44:19.964229,0 days 00:00:20.206605,0.004140909242139676,224,176,240,192.0,80.0,4,2,2,0.0030134383925686393,0.6,/work3/arnaou/checkpoints/Tc_trial_1118_best_state.pt,"{'learning_rate': 0.0030134383925686393, 'lr_reduce': 0.6}",TPESampler,COMPLETE
1119,0.024510985240340233,2025-04-26 14:44:07.786780,2025-04-26 14:44:29.718339,0 days 00:00:21.931559,0.00014790720018631638,224,144,240,160.0,80.0,4,2,1,0.004428199394447763,0.6,/work3/arnaou/checkpoints/Tc_trial_1119_best_state.pt,"{'learning_rate': 0.004428199394447763, 'lr_reduce': 0.6}",TPESampler,COMPLETE
1120,0.013807239010930061,2025-04-26 14:44:20.167169,2025-04-26 14:44:41.551984,0 days 00:00:21.384815,0.004831456822574268,240,208,224,192.0,80.0,4,1,1,0.0047103297035523805,0.6,/work3/arnaou/checkpoints/Tc_trial_1120_best_state.pt,"{'learning_rate': 0.0047103297035523805, 'lr_reduce': 0.6}",TPESampler,COMPLETE
1121,0.029265016317367554,2025-04-26 14:44:21.755071,2025-04-26 14:44:40.284213,0 days 00:00:18.529142,0.018024736770948645,208,224,224,144.0,80.0,4,1,1,0.006471060762289152,0.6,/work3/arnaou/checkpoints/Tc_trial_1121_best_state.pt,"{'learning_rate': 0.006471060762289152, 'lr_reduce': 0.6}",TPESampler,COMPLETE
1122,0.018878063187003136,2025-04-26 14:44:29.928434,2025-04-26 14:44:49.325541,0 days 00:00:19.397107,0.019250352713639295,192,176,256,176.0,64.0,4,1,2,0.0033734976076631243,0.6,/work3/arnaou/checkpoints/Tc_trial_1122_best_state.pt,"{'learning_rate': 0.0033734976076631243, 'lr_reduce': 0.6}",TPESampler,COMPLETE
1123,0.19438904523849487,2025-04-26 14:44:40.488965,2025-04-26 14:45:04.382208,0 days 00:00:23.893243,0.22928789385534182,32,128,160,160.0,,3,3,1,0.00017536030809960402,0.6,/work3/arnaou/checkpoints/Tc_trial_1123_best_state.pt,"{'learning_rate': 0.00017536030809960402, 'lr_reduce': 0.6}",TPESampler,COMPLETE
1124,0.013279030099511147,2025-04-26 14:44:41.792179,2025-04-26 14:45:01.538583,0 days 00:00:19.746404,0.029600292848735683,144,208,256,208.0,80.0,4,1,1,0.005674283333099505,0.6,/work3/arnaou/checkpoints/Tc_trial_1124_best_state.pt,"{'learning_rate': 0.005674283333099505, 'lr_reduce': 0.6}",TPESampler,COMPLETE
