number,value,datetime_start,datetime_complete,duration,params_dropout,params_hidden_channels,params_mlp_dim_00,params_mlp_dim_01,params_mlp_dim_02,params_mlp_dim_03,params_mlp_n_layers,params_num_layers,params_num_timesteps,params_train_learning_rate,params_train_lr_reduce,user_attrs_best_state_dict_path,user_attrs_training_params,system_attrs_auto:sampler,state
421,0.015773991122841835,2025-04-26 13:19:54.736401,2025-04-26 13:20:15.384039,0 days 00:00:20.647638,0.01665643183054451,160,192,256,144.0,96.0,4,2,1,0.004537558985767756,0.6,/work3/arnaou/checkpoints/Tc_trial_421_best_state.pt,"{'learning_rate': 0.004537558985767756, 'lr_reduce': 0.6}",TPESampler,COMPLETE
422,0.021978816017508507,2025-04-26 13:20:05.279230,2025-04-26 13:20:28.588999,0 days 00:00:23.309769,0.29895081496256704,192,240,240,224.0,,3,2,3,0.002282492975226066,0.6,/work3/arnaou/checkpoints/Tc_trial_422_best_state.pt,"{'learning_rate': 0.002282492975226066, 'lr_reduce': 0.6}",TPESampler,COMPLETE
423,0.014865762554109097,2025-04-26 13:20:14.363514,2025-04-26 13:20:34.148435,0 days 00:00:19.784921,0.03015553041829043,256,240,176,176.0,,3,1,1,0.004200294788200307,0.6,/work3/arnaou/checkpoints/Tc_trial_423_best_state.pt,"{'learning_rate': 0.004200294788200307, 'lr_reduce': 0.6}",TPESampler,COMPLETE
424,0.018694406375288963,2025-04-26 13:20:15.576416,2025-04-26 13:20:38.703854,0 days 00:00:23.127438,0.02087944860499147,80,144,96,128.0,128.0,4,3,1,0.0038182846149047824,0.6,/work3/arnaou/checkpoints/Tc_trial_424_best_state.pt,"{'learning_rate': 0.0038182846149047824, 'lr_reduce': 0.6}",TPESampler,COMPLETE
425,0.018689613789319992,2025-04-26 13:20:28.770399,2025-04-26 13:20:50.553182,0 days 00:00:21.782783,0.1177237233743947,128,96,176,,,2,2,1,0.0027691569026880233,0.6,/work3/arnaou/checkpoints/Tc_trial_425_best_state.pt,"{'learning_rate': 0.0027691569026880233, 'lr_reduce': 0.6}",TPESampler,COMPLETE
426,0.01936519704759121,2025-04-26 13:20:34.322520,2025-04-26 13:20:50.758861,0 days 00:00:16.436341,0.017645215009982073,256,208,192,160.0,,3,1,1,0.001992535699091593,0.6,/work3/arnaou/checkpoints/Tc_trial_426_best_state.pt,"{'learning_rate': 0.001992535699091593, 'lr_reduce': 0.6}",TPESampler,COMPLETE
427,0.01788230985403061,2025-04-26 13:20:38.881274,2025-04-26 13:21:00.834804,0 days 00:00:21.953530,0.02821877781563305,240,224,144,176.0,,3,1,1,0.006628715144375135,0.6,/work3/arnaou/checkpoints/Tc_trial_427_best_state.pt,"{'learning_rate': 0.006628715144375135, 'lr_reduce': 0.6}",TPESampler,COMPLETE
428,0.04420330002903938,2025-04-26 13:20:50.712749,2025-04-26 13:21:05.274311,0 days 00:00:14.561562,0.17649896563407988,160,32,192,160.0,32.0,4,1,3,0.0008038351903081422,0.6,/work3/arnaou/checkpoints/Tc_trial_428_best_state.pt,"{'learning_rate': 0.0008038351903081422, 'lr_reduce': 0.6}",TPESampler,COMPLETE
429,0.01836436800658703,2025-04-26 13:20:50.966650,2025-04-26 13:21:13.981115,0 days 00:00:23.014465,0.03207597737858108,160,48,128,,,2,3,1,0.002506270207605005,0.6,/work3/arnaou/checkpoints/Tc_trial_429_best_state.pt,"{'learning_rate': 0.002506270207605005, 'lr_reduce': 0.6}",TPESampler,COMPLETE
430,0.020631760358810425,2025-04-26 13:21:00.982864,2025-04-26 13:21:18.545203,0 days 00:00:17.562339,0.07658955618487505,144,224,208,32.0,32.0,4,1,1,0.008221919183013265,0.6,/work3/arnaou/checkpoints/Tc_trial_430_best_state.pt,"{'learning_rate': 0.008221919183013265, 'lr_reduce': 0.6}",TPESampler,COMPLETE
431,0.026845593005418777,2025-04-26 13:21:05.452243,2025-04-26 13:21:25.847661,0 days 00:00:20.395418,0.1904348837769026,192,240,240,176.0,,3,2,2,0.009715727894046284,0.6,/work3/arnaou/checkpoints/Tc_trial_431_best_state.pt,"{'learning_rate': 0.009715727894046284, 'lr_reduce': 0.6}",TPESampler,COMPLETE
432,0.02164347656071186,2025-04-26 13:21:14.156847,2025-04-26 13:21:27.231147,0 days 00:00:13.074300,0.14104486867478916,176,80,256,144.0,,3,1,2,0.00400407284472839,0.6,/work3/arnaou/checkpoints/Tc_trial_432_best_state.pt,"{'learning_rate': 0.00400407284472839, 'lr_reduce': 0.6}",TPESampler,COMPLETE
433,0.049825068563222885,2025-04-26 13:21:18.706511,2025-04-26 13:21:44.152197,0 days 00:00:25.445686,0.04211598060912422,160,192,128,,,2,2,1,0.00010663798216439048,0.6,/work3/arnaou/checkpoints/Tc_trial_433_best_state.pt,"{'learning_rate': 0.00010663798216439048, 'lr_reduce': 0.6}",TPESampler,COMPLETE
434,0.030041633173823357,2025-04-26 13:21:26.157484,2025-04-26 13:21:44.435331,0 days 00:00:18.277847,0.10010683933890645,256,256,192,176.0,144.0,4,2,2,0.007498012465948266,0.6,/work3/arnaou/checkpoints/Tc_trial_434_best_state.pt,"{'learning_rate': 0.007498012465948266, 'lr_reduce': 0.6}",TPESampler,COMPLETE
435,0.020232757553458214,2025-04-26 13:21:27.397315,2025-04-26 13:21:45.302042,0 days 00:00:17.904727,0.03316391266022288,240,240,160,144.0,,3,1,1,0.0017880086858998844,0.6,/work3/arnaou/checkpoints/Tc_trial_435_best_state.pt,"{'learning_rate': 0.0017880086858998844, 'lr_reduce': 0.6}",TPESampler,COMPLETE
436,0.026592561975121498,2025-04-26 13:21:44.324381,2025-04-26 13:22:08.360978,0 days 00:00:24.036597,0.04131136017716733,240,256,208,176.0,,3,2,1,0.0045301785576475516,0.6,/work3/arnaou/checkpoints/Tc_trial_436_best_state.pt,"{'learning_rate': 0.0045301785576475516, 'lr_reduce': 0.6}",TPESampler,COMPLETE
437,0.020357687026262283,2025-04-26 13:21:44.581546,2025-04-26 13:22:03.380680,0 days 00:00:18.799134,0.013586197111132764,176,176,256,160.0,144.0,4,1,1,0.00962752777847842,0.6,/work3/arnaou/checkpoints/Tc_trial_437_best_state.pt,"{'learning_rate': 0.00962752777847842, 'lr_reduce': 0.6}",TPESampler,COMPLETE
438,0.015150579623878002,2025-04-26 13:21:45.674024,2025-04-26 13:22:03.177463,0 days 00:00:17.503439,0.12087083391948258,208,208,176,144.0,,3,1,1,0.0044352376095562005,0.6,/work3/arnaou/checkpoints/Tc_trial_438_best_state.pt,"{'learning_rate': 0.0044352376095562005, 'lr_reduce': 0.6}",TPESampler,COMPLETE
439,0.016646893694996834,2025-04-26 13:22:03.356899,2025-04-26 13:22:23.568627,0 days 00:00:20.211728,0.10053657893398973,208,192,112,128.0,,3,1,1,0.004601392690300258,0.6,/work3/arnaou/checkpoints/Tc_trial_439_best_state.pt,"{'learning_rate': 0.004601392690300258, 'lr_reduce': 0.6}",TPESampler,COMPLETE
440,0.01956474594771862,2025-04-26 13:22:03.512686,2025-04-26 13:22:25.542236,0 days 00:00:22.029550,0.03068129381824411,256,144,256,144.0,,3,2,1,0.0007189006944380348,0.6,/work3/arnaou/checkpoints/Tc_trial_440_best_state.pt,"{'learning_rate': 0.0007189006944380348, 'lr_reduce': 0.6}",TPESampler,COMPLETE
441,0.01696111261844635,2025-04-26 13:22:08.564274,2025-04-26 13:22:29.051844,0 days 00:00:20.487570,0.02382017622648147,256,208,192,,,2,1,1,0.0036404309572482976,0.6,/work3/arnaou/checkpoints/Tc_trial_441_best_state.pt,"{'learning_rate': 0.0036404309572482976, 'lr_reduce': 0.6}",TPESampler,COMPLETE
442,0.015027345158159733,2025-04-26 13:22:23.722591,2025-04-26 13:22:44.018371,0 days 00:00:20.295780,0.12303213440412798,192,224,192,144.0,,3,1,1,0.006892397116989385,0.6,/work3/arnaou/checkpoints/Tc_trial_442_best_state.pt,"{'learning_rate': 0.006892397116989385, 'lr_reduce': 0.6}",TPESampler,COMPLETE
443,0.01948232762515545,2025-04-26 13:22:25.722904,2025-04-26 13:22:41.958259,0 days 00:00:16.235355,0.04458926670506712,224,240,176,160.0,,3,1,1,0.0055257849439044925,0.6,/work3/arnaou/checkpoints/Tc_trial_443_best_state.pt,"{'learning_rate': 0.0055257849439044925, 'lr_reduce': 0.6}",TPESampler,COMPLETE
444,0.018287019804120064,2025-04-26 13:22:29.247949,2025-04-26 13:22:52.000748,0 days 00:00:22.752799,0.15448226087584746,208,224,176,176.0,,3,1,2,0.0019834822707186246,0.6,/work3/arnaou/checkpoints/Tc_trial_444_best_state.pt,"{'learning_rate': 0.0019834822707186246, 'lr_reduce': 0.6}",TPESampler,COMPLETE
445,0.019917652010917664,2025-04-26 13:22:42.169067,2025-04-26 13:23:01.383324,0 days 00:00:19.214257,0.13037176587062793,192,128,176,128.0,,3,1,1,0.005374443423245245,0.6,/work3/arnaou/checkpoints/Tc_trial_445_best_state.pt,"{'learning_rate': 0.005374443423245245, 'lr_reduce': 0.6}",TPESampler,COMPLETE
446,0.018186770379543304,2025-04-26 13:22:44.291883,2025-04-26 13:23:06.434083,0 days 00:00:22.142200,0.0338002912098698,144,144,192,,,2,2,1,0.004150385347688646,0.6,/work3/arnaou/checkpoints/Tc_trial_446_best_state.pt,"{'learning_rate': 0.004150385347688646, 'lr_reduce': 0.6}",TPESampler,COMPLETE
447,0.02000887133181095,2025-04-26 13:22:52.213433,2025-04-26 13:23:13.047598,0 days 00:00:20.834165,0.11368985528851079,176,192,176,128.0,112.0,4,1,1,0.008573791210397528,0.6,/work3/arnaou/checkpoints/Tc_trial_447_best_state.pt,"{'learning_rate': 0.008573791210397528, 'lr_reduce': 0.6}",TPESampler,COMPLETE
448,0.016009287908673286,2025-04-26 13:23:01.538503,2025-04-26 13:23:21.334450,0 days 00:00:19.795947,0.06520378696753229,240,240,192,144.0,,3,1,2,0.0042150657926899185,0.6,/work3/arnaou/checkpoints/Tc_trial_448_best_state.pt,"{'learning_rate': 0.0042150657926899185, 'lr_reduce': 0.6}",TPESampler,COMPLETE
449,0.03963867202401161,2025-04-26 13:23:06.619792,2025-04-26 13:23:35.491423,0 days 00:00:28.871631,0.02888926841598928,80,144,192,,,2,2,4,0.00027512552239875363,0.6,/work3/arnaou/checkpoints/Tc_trial_449_best_state.pt,"{'learning_rate': 0.00027512552239875363, 'lr_reduce': 0.6}",TPESampler,COMPLETE
450,0.019729522988200188,2025-04-26 13:23:13.210290,2025-04-26 13:23:28.292978,0 days 00:00:15.082688,0.080745417093437,160,192,160,128.0,,3,1,1,0.00988096279337936,0.6,/work3/arnaou/checkpoints/Tc_trial_450_best_state.pt,"{'learning_rate': 0.00988096279337936, 'lr_reduce': 0.6}",TPESampler,COMPLETE
451,0.019230233505368233,2025-04-26 13:23:21.499513,2025-04-26 13:23:48.249517,0 days 00:00:26.750004,0.022614647536036293,256,224,256,144.0,,3,3,2,0.0006489737812781008,0.6,/work3/arnaou/checkpoints/Tc_trial_451_best_state.pt,"{'learning_rate': 0.0006489737812781008, 'lr_reduce': 0.6}",TPESampler,COMPLETE
452,0.09970161318778992,2025-04-26 13:23:28.460920,2025-04-26 13:23:58.110474,0 days 00:00:29.649554,0.2660233992664116,208,48,144,160.0,,3,4,3,0.00019919071877373516,0.6,/work3/arnaou/checkpoints/Tc_trial_452_best_state.pt,"{'learning_rate': 0.00019919071877373516, 'lr_reduce': 0.6}",TPESampler,COMPLETE
453,0.01925870031118393,2025-04-26 13:23:35.668740,2025-04-26 13:24:03.627595,0 days 00:00:27.958855,0.007171237998866018,224,128,240,192.0,,3,3,1,0.002078457307814885,0.6,/work3/arnaou/checkpoints/Tc_trial_453_best_state.pt,"{'learning_rate': 0.002078457307814885, 'lr_reduce': 0.6}",TPESampler,COMPLETE
454,0.017283469438552856,2025-04-26 13:23:48.425817,2025-04-26 13:24:09.026859,0 days 00:00:20.601042,0.005479475227308616,240,224,160,,,2,2,1,0.0018314285434375553,0.6,/work3/arnaou/checkpoints/Tc_trial_454_best_state.pt,"{'learning_rate': 0.0018314285434375553, 'lr_reduce': 0.6}",TPESampler,COMPLETE
455,0.018259095028042793,2025-04-26 13:23:58.286807,2025-04-26 13:24:18.195394,0 days 00:00:19.908587,0.15545800360568682,208,208,192,,,2,2,1,0.002029457611776151,0.6,/work3/arnaou/checkpoints/Tc_trial_455_best_state.pt,"{'learning_rate': 0.002029457611776151, 'lr_reduce': 0.6}",TPESampler,COMPLETE
456,0.016597269102931023,2025-04-26 13:24:03.810412,2025-04-26 13:24:30.636358,0 days 00:00:26.825946,0.14459390805509875,224,224,240,144.0,,3,1,2,0.004951332103889987,0.6,/work3/arnaou/checkpoints/Tc_trial_456_best_state.pt,"{'learning_rate': 0.004951332103889987, 'lr_reduce': 0.6}",TPESampler,COMPLETE
457,0.01893293298780918,2025-04-26 13:24:09.830214,2025-04-26 13:24:32.393498,0 days 00:00:22.563284,0.21252295807319105,176,192,176,,,2,1,1,0.005662088998991944,0.6,/work3/arnaou/checkpoints/Tc_trial_457_best_state.pt,"{'learning_rate': 0.005662088998991944, 'lr_reduce': 0.6}",TPESampler,COMPLETE
458,0.03339095786213875,2025-04-26 13:24:18.365133,2025-04-26 13:24:35.966766,0 days 00:00:17.601633,0.15579546767539418,192,192,192,176.0,,3,1,1,0.009076509567724593,0.6,/work3/arnaou/checkpoints/Tc_trial_458_best_state.pt,"{'learning_rate': 0.009076509567724593, 'lr_reduce': 0.6}",TPESampler,COMPLETE
459,0.021440541371703148,2025-04-26 13:24:30.803593,2025-04-26 13:24:59.131883,0 days 00:00:28.328290,0.12080287547830566,160,240,176,144.0,,3,1,1,0.007024867545032927,0.6,/work3/arnaou/checkpoints/Tc_trial_459_best_state.pt,"{'learning_rate': 0.007024867545032927, 'lr_reduce': 0.6}",TPESampler,COMPLETE
460,0.02076859585940838,2025-04-26 13:24:32.559443,2025-04-26 13:24:57.884113,0 days 00:00:25.324670,0.11667484877249645,208,192,160,192.0,,3,1,2,0.004154834750098677,0.6,/work3/arnaou/checkpoints/Tc_trial_460_best_state.pt,"{'learning_rate': 0.004154834750098677, 'lr_reduce': 0.6}",TPESampler,COMPLETE
461,0.02013850212097168,2025-04-26 13:24:36.540336,2025-04-26 13:25:09.819402,0 days 00:00:33.279066,0.02259766879289728,64,176,208,128.0,32.0,4,1,3,0.002015646422285223,0.6,/work3/arnaou/checkpoints/Tc_trial_461_best_state.pt,"{'learning_rate': 0.002015646422285223, 'lr_reduce': 0.6}",TPESampler,COMPLETE
462,0.03409803658723831,2025-04-26 13:24:58.055729,2025-04-26 13:25:27.001728,0 days 00:00:28.945999,0.011283945239766724,240,256,144,160.0,112.0,4,2,1,0.004595994476464638,0.6,/work3/arnaou/checkpoints/Tc_trial_462_best_state.pt,"{'learning_rate': 0.004595994476464638, 'lr_reduce': 0.6}",TPESampler,COMPLETE
463,0.019374972209334373,2025-04-26 13:24:59.298483,2025-04-26 13:25:23.573598,0 days 00:00:24.275115,0.04340213011510674,256,192,176,192.0,,3,1,2,0.008797120488875187,0.6,/work3/arnaou/checkpoints/Tc_trial_463_best_state.pt,"{'learning_rate': 0.008797120488875187, 'lr_reduce': 0.6}",TPESampler,COMPLETE
464,0.031213711947202682,2025-04-26 13:25:10.002725,2025-04-26 13:25:41.402706,0 days 00:00:31.399981,0.09790725972181726,256,240,224,,,2,1,4,0.00024033852672823922,0.6,/work3/arnaou/checkpoints/Tc_trial_464_best_state.pt,"{'learning_rate': 0.00024033852672823922, 'lr_reduce': 0.6}",TPESampler,COMPLETE
465,0.013841602951288223,2025-04-26 13:25:23.749264,2025-04-26 13:25:42.803182,0 days 00:00:19.053918,0.14774770365578432,192,256,176,160.0,,3,2,1,0.007109335393024674,0.6,/work3/arnaou/checkpoints/Tc_trial_465_best_state.pt,"{'learning_rate': 0.007109335393024674, 'lr_reduce': 0.6}",TPESampler,COMPLETE
466,0.0209906455129385,2025-04-26 13:25:27.188877,2025-04-26 13:25:45.498010,0 days 00:00:18.309133,0.10336033370008971,208,192,176,128.0,,3,2,1,0.0015677864850594774,0.6,/work3/arnaou/checkpoints/Tc_trial_466_best_state.pt,"{'learning_rate': 0.0015677864850594774, 'lr_reduce': 0.6}",TPESampler,COMPLETE
467,0.02188757061958313,2025-04-26 13:25:41.566436,2025-04-26 13:25:56.242602,0 days 00:00:14.676166,0.10356875816565142,160,96,256,176.0,,3,1,1,0.004785345005460033,0.6,/work3/arnaou/checkpoints/Tc_trial_467_best_state.pt,"{'learning_rate': 0.004785345005460033, 'lr_reduce': 0.6}",TPESampler,COMPLETE
468,0.025088787078857422,2025-04-26 13:25:42.993542,2025-04-26 13:26:03.762567,0 days 00:00:20.769025,0.23877007088611468,224,208,176,144.0,,3,2,1,0.005534404637147039,0.6,/work3/arnaou/checkpoints/Tc_trial_468_best_state.pt,"{'learning_rate': 0.005534404637147039, 'lr_reduce': 0.6}",TPESampler,COMPLETE
469,0.01567934639751911,2025-04-26 13:25:45.668974,2025-04-26 13:26:04.599828,0 days 00:00:18.930854,0.13590985840096603,176,256,176,160.0,,3,2,1,0.0027670409327159784,0.6,/work3/arnaou/checkpoints/Tc_trial_469_best_state.pt,"{'learning_rate': 0.0027670409327159784, 'lr_reduce': 0.6}",TPESampler,COMPLETE
470,0.02609408274292946,2025-04-26 13:25:56.425841,2025-04-26 13:26:09.587089,0 days 00:00:13.161248,0.28760609091170886,192,128,128,144.0,64.0,4,1,1,0.002024277869039598,0.6,/work3/arnaou/checkpoints/Tc_trial_470_best_state.pt,"{'learning_rate': 0.002024277869039598, 'lr_reduce': 0.6}",TPESampler,COMPLETE
471,0.030284417793154716,2025-04-26 13:26:03.933801,2025-04-26 13:26:21.535599,0 days 00:00:17.601798,0.12160156679052242,192,208,160,160.0,,3,2,1,0.0065394296967638006,0.6,/work3/arnaou/checkpoints/Tc_trial_471_best_state.pt,"{'learning_rate': 0.0065394296967638006, 'lr_reduce': 0.6}",TPESampler,COMPLETE
472,0.015780964866280556,2025-04-26 13:26:04.821713,2025-04-26 13:26:26.387039,0 days 00:00:21.565326,0.07876714408195254,224,208,160,128.0,,3,2,1,0.0033775586281678317,0.6,/work3/arnaou/checkpoints/Tc_trial_472_best_state.pt,"{'learning_rate': 0.0033775586281678317, 'lr_reduce': 0.6}",TPESampler,COMPLETE
473,0.020978137850761414,2025-04-26 13:26:09.765060,2025-04-26 13:26:33.111186,0 days 00:00:23.346126,0.11370725834837114,192,192,208,160.0,,3,1,3,0.009348294276380337,0.6,/work3/arnaou/checkpoints/Tc_trial_473_best_state.pt,"{'learning_rate': 0.009348294276380337, 'lr_reduce': 0.6}",TPESampler,COMPLETE
474,0.03299384191632271,2025-04-26 13:26:21.715405,2025-04-26 13:26:38.307647,0 days 00:00:16.592242,0.12036898286975471,256,192,160,160.0,,3,1,1,0.008630961512753235,0.6,/work3/arnaou/checkpoints/Tc_trial_474_best_state.pt,"{'learning_rate': 0.008630961512753235, 'lr_reduce': 0.6}",TPESampler,COMPLETE
475,0.01844676025211811,2025-04-26 13:26:26.584538,2025-04-26 13:26:48.760792,0 days 00:00:22.176254,0.07280765954909675,128,224,224,128.0,,3,2,2,0.009949242320192671,0.6,/work3/arnaou/checkpoints/Tc_trial_475_best_state.pt,"{'learning_rate': 0.009949242320192671, 'lr_reduce': 0.6}",TPESampler,COMPLETE
476,0.02012709714472294,2025-04-26 13:26:33.289110,2025-04-26 13:26:52.611314,0 days 00:00:19.322204,0.22424828880011058,240,256,176,160.0,,3,1,1,0.005850117757363035,0.6,/work3/arnaou/checkpoints/Tc_trial_476_best_state.pt,"{'learning_rate': 0.005850117757363035, 'lr_reduce': 0.6}",TPESampler,COMPLETE
477,0.020314320921897888,2025-04-26 13:26:38.490687,2025-04-26 13:26:55.809215,0 days 00:00:17.318528,0.13825225426081428,224,240,192,176.0,,3,1,1,0.008072260033001972,0.6,/work3/arnaou/checkpoints/Tc_trial_477_best_state.pt,"{'learning_rate': 0.008072260033001972, 'lr_reduce': 0.6}",TPESampler,COMPLETE
478,0.019179828464984894,2025-04-26 13:26:48.935887,2025-04-26 13:27:06.595987,0 days 00:00:17.660100,0.12131092997202192,176,224,144,,,2,1,1,0.004341330259089103,0.6,/work3/arnaou/checkpoints/Tc_trial_478_best_state.pt,"{'learning_rate': 0.004341330259089103, 'lr_reduce': 0.6}",TPESampler,COMPLETE
479,0.053806159645318985,2025-04-26 13:26:52.801037,2025-04-26 13:27:18.550623,0 days 00:00:25.749586,0.1883782365841216,144,208,48,,,2,2,3,0.0001513132457449334,0.6,/work3/arnaou/checkpoints/Tc_trial_479_best_state.pt,"{'learning_rate': 0.0001513132457449334, 'lr_reduce': 0.6}",TPESampler,COMPLETE
480,0.021531671285629272,2025-04-26 13:26:56.028021,2025-04-26 13:27:18.640561,0 days 00:00:22.612540,0.12900322468852962,176,240,192,112.0,64.0,4,3,1,0.006992588377669047,0.6,/work3/arnaou/checkpoints/Tc_trial_480_best_state.pt,"{'learning_rate': 0.006992588377669047, 'lr_reduce': 0.6}",TPESampler,COMPLETE
481,0.019779320806264877,2025-04-26 13:27:06.773185,2025-04-26 13:27:26.788087,0 days 00:00:20.014902,0.06743969318360427,144,256,192,144.0,,3,1,2,0.0017345906320606894,0.6,/work3/arnaou/checkpoints/Tc_trial_481_best_state.pt,"{'learning_rate': 0.0017345906320606894, 'lr_reduce': 0.6}",TPESampler,COMPLETE
482,0.02172485552728176,2025-04-26 13:27:18.701539,2025-04-26 13:27:41.509961,0 days 00:00:22.808422,0.05896232157630244,256,256,176,176.0,,3,2,1,0.009464078722812169,0.6,/work3/arnaou/checkpoints/Tc_trial_482_best_state.pt,"{'learning_rate': 0.009464078722812169, 'lr_reduce': 0.6}",TPESampler,COMPLETE
483,0.03498213365674019,2025-04-26 13:27:18.784705,2025-04-26 13:27:42.782987,0 days 00:00:23.998282,0.09543835298333714,144,224,64,160.0,144.0,4,4,3,0.000780798369890104,0.6,/work3/arnaou/checkpoints/Tc_trial_483_best_state.pt,"{'learning_rate': 0.000780798369890104, 'lr_reduce': 0.6}",TPESampler,COMPLETE
484,0.01896815188229084,2025-04-26 13:27:26.983089,2025-04-26 13:27:47.531768,0 days 00:00:20.548679,0.12648041564201506,160,160,240,128.0,,3,2,1,0.008970232231996425,0.6,/work3/arnaou/checkpoints/Tc_trial_484_best_state.pt,"{'learning_rate': 0.008970232231996425, 'lr_reduce': 0.6}",TPESampler,COMPLETE
485,0.024960646405816078,2025-04-26 13:27:41.724008,2025-04-26 13:28:04.928145,0 days 00:00:23.204137,0.29645481473657154,256,192,256,,,2,3,2,0.003961752434807218,0.6,/work3/arnaou/checkpoints/Tc_trial_485_best_state.pt,"{'learning_rate': 0.003961752434807218, 'lr_reduce': 0.6}",TPESampler,COMPLETE
486,0.05503705143928528,2025-04-26 13:27:43.012002,2025-04-26 13:27:55.384899,0 days 00:00:12.372897,0.24510501485683328,192,48,224,,,2,4,3,0.0023237408833237084,0.6,/work3/arnaou/checkpoints/Tc_trial_486_best_state.pt,"{'learning_rate': 0.0023237408833237084, 'lr_reduce': 0.6}",TPESampler,COMPLETE
487,0.02105936035513878,2025-04-26 13:27:47.697229,2025-04-26 13:28:11.278321,0 days 00:00:23.581092,0.09726359534223489,192,256,192,192.0,,3,2,2,0.003867394676179742,0.6,/work3/arnaou/checkpoints/Tc_trial_487_best_state.pt,"{'learning_rate': 0.003867394676179742, 'lr_reduce': 0.6}",TPESampler,COMPLETE
488,0.018695684149861336,2025-04-26 13:27:55.536591,2025-04-26 13:28:17.269484,0 days 00:00:21.732893,0.19025389624778596,160,256,208,160.0,,3,2,1,0.006223225977925882,0.6,/work3/arnaou/checkpoints/Tc_trial_488_best_state.pt,"{'learning_rate': 0.006223225977925882, 'lr_reduce': 0.6}",TPESampler,COMPLETE
489,0.02847379259765148,2025-04-26 13:28:05.100438,2025-04-26 13:28:26.091217,0 days 00:00:20.990779,0.17108912196873727,224,256,208,144.0,,3,3,1,0.00480231920753953,0.6,/work3/arnaou/checkpoints/Tc_trial_489_best_state.pt,"{'learning_rate': 0.00480231920753953, 'lr_reduce': 0.6}",TPESampler,COMPLETE
490,0.02140459232032299,2025-04-26 13:28:11.475664,2025-04-26 13:28:32.398083,0 days 00:00:20.922419,0.0011975472791298965,240,208,240,176.0,32.0,4,1,1,0.0010470003281778512,0.6,/work3/arnaou/checkpoints/Tc_trial_490_best_state.pt,"{'learning_rate': 0.0010470003281778512, 'lr_reduce': 0.6}",TPESampler,COMPLETE
