number,value,datetime_start,datetime_complete,duration,params_dropout,params_hidden_channels,params_mlp_dim_00,params_mlp_dim_01,params_mlp_dim_02,params_mlp_dim_03,params_mlp_n_layers,params_num_layers,params_num_timesteps,params_train_learning_rate,params_train_lr_reduce,user_attrs_best_state_dict_path,user_attrs_training_params,system_attrs_auto:sampler,state
351,0.020995981991291046,2025-04-26 13:11:42.289599,2025-04-26 13:12:06.605607,0 days 00:00:24.316008,0.07071426452994278,224,128,208,208.0,,3,1,2,0.005817124342793526,0.6,/work3/arnaou/checkpoints/Tc_trial_351_best_state.pt,"{'learning_rate': 0.005817124342793526, 'lr_reduce': 0.6}",TPESampler,COMPLETE
352,0.020593097433447838,2025-04-26 13:11:48.750909,2025-04-26 13:12:17.247983,0 days 00:00:28.497074,0.04226109937594901,240,144,240,208.0,80.0,4,4,1,0.0025978664590108128,0.6,/work3/arnaou/checkpoints/Tc_trial_352_best_state.pt,"{'learning_rate': 0.0025978664590108128, 'lr_reduce': 0.6}",TPESampler,COMPLETE
353,0.020535027608275414,2025-04-26 13:12:05.870211,2025-04-26 13:12:33.751005,0 days 00:00:27.880794,0.04234615641840464,192,128,160,192.0,,3,1,2,0.006550402946082005,0.6,/work3/arnaou/checkpoints/Tc_trial_353_best_state.pt,"{'learning_rate': 0.006550402946082005, 'lr_reduce': 0.6}",TPESampler,COMPLETE
354,0.039249490946531296,2025-04-26 13:12:06.832746,2025-04-26 13:12:40.202242,0 days 00:00:33.369496,0.22307657592875751,112,80,256,,,2,3,4,0.0003415114814485971,0.6,/work3/arnaou/checkpoints/Tc_trial_354_best_state.pt,"{'learning_rate': 0.0003415114814485971, 'lr_reduce': 0.6}",TPESampler,COMPLETE
355,0.016032950952649117,2025-04-26 13:12:17.414286,2025-04-26 13:12:43.527498,0 days 00:00:26.113212,0.031623122706518236,256,160,224,176.0,,3,4,1,0.0031508391145087314,0.6,/work3/arnaou/checkpoints/Tc_trial_355_best_state.pt,"{'learning_rate': 0.0031508391145087314, 'lr_reduce': 0.6}",TPESampler,COMPLETE
356,0.024869954213500023,2025-04-26 13:12:33.941699,2025-04-26 13:12:57.191599,0 days 00:00:23.249900,0.13693565436458324,176,208,192,160.0,,3,1,2,0.00884529328362803,0.6,/work3/arnaou/checkpoints/Tc_trial_356_best_state.pt,"{'learning_rate': 0.00884529328362803, 'lr_reduce': 0.6}",TPESampler,COMPLETE
357,0.017138920724391937,2025-04-26 13:12:40.358351,2025-04-26 13:13:06.194027,0 days 00:00:25.835676,0.005171260895120922,256,144,208,208.0,,3,3,1,0.0009083423147100306,0.6,/work3/arnaou/checkpoints/Tc_trial_357_best_state.pt,"{'learning_rate': 0.0009083423147100306, 'lr_reduce': 0.6}",TPESampler,COMPLETE
358,0.029836125671863556,2025-04-26 13:12:43.787201,2025-04-26 13:13:07.853041,0 days 00:00:24.065840,0.09197944248696134,224,64,176,160.0,224.0,4,2,1,0.0002363499065660773,0.6,/work3/arnaou/checkpoints/Tc_trial_358_best_state.pt,"{'learning_rate': 0.0002363499065660773, 'lr_reduce': 0.6}",TPESampler,COMPLETE
359,0.017848292365670204,2025-04-26 13:12:57.394306,2025-04-26 13:13:24.771152,0 days 00:00:27.376846,0.003511237022099321,224,176,256,192.0,144.0,4,3,2,0.0020264571573957247,0.6,/work3/arnaou/checkpoints/Tc_trial_359_best_state.pt,"{'learning_rate': 0.0020264571573957247, 'lr_reduce': 0.6}",TPESampler,COMPLETE
360,0.025761134922504425,2025-04-26 13:13:06.386642,2025-04-26 13:13:22.059181,0 days 00:00:15.672539,0.11393341440100888,128,144,256,160.0,,3,1,3,0.007060155230720544,0.6,/work3/arnaou/checkpoints/Tc_trial_360_best_state.pt,"{'learning_rate': 0.007060155230720544, 'lr_reduce': 0.6}",TPESampler,COMPLETE
361,0.020134348422288895,2025-04-26 13:13:08.068652,2025-04-26 13:13:32.438291,0 days 00:00:24.369639,0.004948096944334816,224,192,256,192.0,,3,3,1,0.000968920666730481,0.6,/work3/arnaou/checkpoints/Tc_trial_361_best_state.pt,"{'learning_rate': 0.000968920666730481, 'lr_reduce': 0.6}",TPESampler,COMPLETE
362,0.022208480164408684,2025-04-26 13:13:22.233884,2025-04-26 13:13:42.781156,0 days 00:00:20.547272,0.1211355131578547,176,144,240,144.0,64.0,4,1,2,0.005618797697690697,0.6,/work3/arnaou/checkpoints/Tc_trial_362_best_state.pt,"{'learning_rate': 0.005618797697690697, 'lr_reduce': 0.6}",TPESampler,COMPLETE
363,0.024098968133330345,2025-04-26 13:13:24.937833,2025-04-26 13:13:48.639731,0 days 00:00:23.701898,0.044655026187443436,208,160,192,160.0,,3,3,1,0.00711950279102273,0.6,/work3/arnaou/checkpoints/Tc_trial_363_best_state.pt,"{'learning_rate': 0.00711950279102273, 'lr_reduce': 0.6}",TPESampler,COMPLETE
364,0.02038085088133812,2025-04-26 13:13:32.598343,2025-04-26 13:13:54.490965,0 days 00:00:21.892622,0.06507555708082427,224,224,256,176.0,,3,2,2,0.009706051559056721,0.6,/work3/arnaou/checkpoints/Tc_trial_364_best_state.pt,"{'learning_rate': 0.009706051559056721, 'lr_reduce': 0.6}",TPESampler,COMPLETE
365,0.028164226561784744,2025-04-26 13:13:42.950536,2025-04-26 13:14:09.102461,0 days 00:00:26.151925,0.010703743675672003,224,224,176,144.0,128.0,4,3,1,0.004139657235940886,0.6,/work3/arnaou/checkpoints/Tc_trial_365_best_state.pt,"{'learning_rate': 0.004139657235940886, 'lr_reduce': 0.6}",TPESampler,COMPLETE
366,0.018833575770258904,2025-04-26 13:13:48.824363,2025-04-26 13:14:16.158271,0 days 00:00:27.333908,0.0010673044242818387,256,240,208,208.0,,3,3,1,0.0033607961304459753,0.6,/work3/arnaou/checkpoints/Tc_trial_366_best_state.pt,"{'learning_rate': 0.0033607961304459753, 'lr_reduce': 0.6}",TPESampler,COMPLETE
367,0.062062837183475494,2025-04-26 13:13:54.667783,2025-04-26 13:14:10.239892,0 days 00:00:15.572109,0.27463658163747984,192,144,96,176.0,192.0,4,3,4,0.0018740745772642127,0.6,/work3/arnaou/checkpoints/Tc_trial_367_best_state.pt,"{'learning_rate': 0.0018740745772642127, 'lr_reduce': 0.6}",TPESampler,COMPLETE
368,0.022585198283195496,2025-04-26 13:14:09.292574,2025-04-26 13:14:25.605980,0 days 00:00:16.313406,0.10148946223459503,176,160,208,144.0,,3,1,2,0.009618753210428049,0.6,/work3/arnaou/checkpoints/Tc_trial_368_best_state.pt,"{'learning_rate': 0.009618753210428049, 'lr_reduce': 0.6}",TPESampler,COMPLETE
369,0.027923205867409706,2025-04-26 13:14:10.476692,2025-04-26 13:14:35.427020,0 days 00:00:24.950328,0.10253402572865225,112,192,160,,,2,4,2,0.000863997111805731,0.6,/work3/arnaou/checkpoints/Tc_trial_369_best_state.pt,"{'learning_rate': 0.000863997111805731, 'lr_reduce': 0.6}",TPESampler,COMPLETE
370,0.02376275695860386,2025-04-26 13:14:16.329016,2025-04-26 13:14:33.652984,0 days 00:00:17.323968,0.024019126574161165,96,96,256,256.0,,3,1,1,0.0017074958813268677,0.6,/work3/arnaou/checkpoints/Tc_trial_370_best_state.pt,"{'learning_rate': 0.0017074958813268677, 'lr_reduce': 0.6}",TPESampler,COMPLETE
371,0.0184521172195673,2025-04-26 13:14:25.774107,2025-04-26 13:14:45.834809,0 days 00:00:20.060702,0.009346329797978241,240,176,224,176.0,,3,1,1,0.001719347423487976,0.6,/work3/arnaou/checkpoints/Tc_trial_371_best_state.pt,"{'learning_rate': 0.001719347423487976, 'lr_reduce': 0.6}",TPESampler,COMPLETE
372,0.032278306782245636,2025-04-26 13:14:33.831268,2025-04-26 13:15:01.073962,0 days 00:00:27.242694,0.036107446557805796,240,224,240,144.0,,3,4,1,0.0003000132678238811,0.6,/work3/arnaou/checkpoints/Tc_trial_372_best_state.pt,"{'learning_rate': 0.0003000132678238811, 'lr_reduce': 0.6}",TPESampler,COMPLETE
373,0.017001444473862648,2025-04-26 13:14:35.595187,2025-04-26 13:14:57.192936,0 days 00:00:21.597749,0.05461544547158329,192,144,176,,,2,2,1,0.0022410131642613823,0.6,/work3/arnaou/checkpoints/Tc_trial_373_best_state.pt,"{'learning_rate': 0.0022410131642613823, 'lr_reduce': 0.6}",TPESampler,COMPLETE
374,0.01737257093191147,2025-04-26 13:14:45.990034,2025-04-26 13:15:09.100287,0 days 00:00:23.110253,0.06770531496737586,224,208,176,192.0,,3,2,2,0.003233565565095266,0.6,/work3/arnaou/checkpoints/Tc_trial_374_best_state.pt,"{'learning_rate': 0.003233565565095266, 'lr_reduce': 0.6}",TPESampler,COMPLETE
375,0.030919542536139488,2025-04-26 13:14:57.357013,2025-04-26 13:15:13.905665,0 days 00:00:16.548652,0.06001969537951802,224,128,176,,,2,1,1,0.007124935837189843,0.6,/work3/arnaou/checkpoints/Tc_trial_375_best_state.pt,"{'learning_rate': 0.007124935837189843, 'lr_reduce': 0.6}",TPESampler,COMPLETE
376,0.0184792373329401,2025-04-26 13:15:01.232979,2025-04-26 13:15:19.830511,0 days 00:00:18.597532,0.014901341074716166,192,256,256,144.0,,3,2,3,0.004537757404852404,0.6,/work3/arnaou/checkpoints/Tc_trial_376_best_state.pt,"{'learning_rate': 0.004537757404852404, 'lr_reduce': 0.6}",TPESampler,COMPLETE
377,0.01812714710831642,2025-04-26 13:15:09.269695,2025-04-26 13:15:30.149439,0 days 00:00:20.879744,0.0631007404447397,224,176,160,176.0,,3,3,1,0.001982476939357222,0.6,/work3/arnaou/checkpoints/Tc_trial_377_best_state.pt,"{'learning_rate': 0.001982476939357222, 'lr_reduce': 0.6}",TPESampler,COMPLETE
378,0.023551778867840767,2025-04-26 13:15:14.072085,2025-04-26 13:15:27.093866,0 days 00:00:13.021781,0.0763182406766229,160,176,240,,,2,1,1,0.008944482617087494,0.6,/work3/arnaou/checkpoints/Tc_trial_378_best_state.pt,"{'learning_rate': 0.008944482617087494, 'lr_reduce': 0.6}",TPESampler,COMPLETE
379,0.02243758924305439,2025-04-26 13:15:20.009285,2025-04-26 13:15:40.276820,0 days 00:00:20.267535,0.06918089748413841,208,176,208,128.0,32.0,4,1,3,0.008510114954257107,0.6,/work3/arnaou/checkpoints/Tc_trial_379_best_state.pt,"{'learning_rate': 0.008510114954257107, 'lr_reduce': 0.6}",TPESampler,COMPLETE
380,0.01566530391573906,2025-04-26 13:15:27.273351,2025-04-26 13:15:45.150171,0 days 00:00:17.876820,0.018131867350963903,224,192,240,160.0,96.0,4,1,1,0.003377343552077301,0.6,/work3/arnaou/checkpoints/Tc_trial_380_best_state.pt,"{'learning_rate': 0.003377343552077301, 'lr_reduce': 0.6}",TPESampler,COMPLETE
381,0.024718735367059708,2025-04-26 13:15:30.329213,2025-04-26 13:15:49.516493,0 days 00:00:19.187280,0.18431627492981584,176,224,192,208.0,240.0,4,1,3,0.005397561707288313,0.6,/work3/arnaou/checkpoints/Tc_trial_381_best_state.pt,"{'learning_rate': 0.005397561707288313, 'lr_reduce': 0.6}",TPESampler,COMPLETE
382,0.018303105607628822,2025-04-26 13:15:40.438419,2025-04-26 13:16:04.972129,0 days 00:00:24.533710,0.005101213763558491,256,176,160,176.0,,3,3,1,0.0030046496931892468,0.6,/work3/arnaou/checkpoints/Tc_trial_382_best_state.pt,"{'learning_rate': 0.0030046496931892468, 'lr_reduce': 0.6}",TPESampler,COMPLETE
383,0.01771225593984127,2025-04-26 13:15:45.362551,2025-04-26 13:16:07.116850,0 days 00:00:21.754299,0.021665930752019842,208,160,192,160.0,96.0,4,2,1,0.005399386897996522,0.6,/work3/arnaou/checkpoints/Tc_trial_383_best_state.pt,"{'learning_rate': 0.005399386897996522, 'lr_reduce': 0.6}",TPESampler,COMPLETE
384,0.020403286442160606,2025-04-26 13:15:49.707489,2025-04-26 13:16:11.159839,0 days 00:00:21.452350,0.07720783507478626,224,176,160,128.0,96.0,4,1,2,0.0017182340695764203,0.6,/work3/arnaou/checkpoints/Tc_trial_384_best_state.pt,"{'learning_rate': 0.0017182340695764203, 'lr_reduce': 0.6}",TPESampler,COMPLETE
385,0.016244126483798027,2025-04-26 13:16:05.146798,2025-04-26 13:16:26.644052,0 days 00:00:21.497254,0.09752069673470722,224,256,208,160.0,,3,2,1,0.0018642918558224224,0.6,/work3/arnaou/checkpoints/Tc_trial_385_best_state.pt,"{'learning_rate': 0.0018642918558224224, 'lr_reduce': 0.6}",TPESampler,COMPLETE
386,0.019901596009731293,2025-04-26 13:16:07.372150,2025-04-26 13:16:27.279567,0 days 00:00:19.907417,0.05869751880672168,176,160,256,192.0,,3,1,2,0.008190162272556771,0.6,/work3/arnaou/checkpoints/Tc_trial_386_best_state.pt,"{'learning_rate': 0.008190162272556771, 'lr_reduce': 0.6}",TPESampler,COMPLETE
387,0.017892908304929733,2025-04-26 13:16:11.324477,2025-04-26 13:16:31.725854,0 days 00:00:20.401377,0.07034994363601368,240,208,224,144.0,112.0,4,1,2,0.002645978900424849,0.6,/work3/arnaou/checkpoints/Tc_trial_387_best_state.pt,"{'learning_rate': 0.002645978900424849, 'lr_reduce': 0.6}",TPESampler,COMPLETE
388,0.017628293484449387,2025-04-26 13:16:26.811424,2025-04-26 13:16:48.644746,0 days 00:00:21.833322,0.005837989679853832,192,96,192,,,2,2,1,0.007169773926542296,0.6,/work3/arnaou/checkpoints/Tc_trial_388_best_state.pt,"{'learning_rate': 0.007169773926542296, 'lr_reduce': 0.6}",TPESampler,COMPLETE
389,0.017105629667639732,2025-04-26 13:16:27.466287,2025-04-26 13:16:49.777229,0 days 00:00:22.310942,0.006928743601442914,240,160,240,176.0,64.0,4,2,1,0.0033548534150014925,0.6,/work3/arnaou/checkpoints/Tc_trial_389_best_state.pt,"{'learning_rate': 0.0033548534150014925, 'lr_reduce': 0.6}",TPESampler,COMPLETE
390,0.01756303384900093,2025-04-26 13:16:32.007298,2025-04-26 13:16:45.693355,0 days 00:00:13.686057,0.055432896530256175,176,192,208,224.0,96.0,4,1,1,0.00226585790373196,0.6,/work3/arnaou/checkpoints/Tc_trial_390_best_state.pt,"{'learning_rate': 0.00226585790373196, 'lr_reduce': 0.6}",TPESampler,COMPLETE
391,0.018473051488399506,2025-04-26 13:16:45.877676,2025-04-26 13:17:07.361418,0 days 00:00:21.483742,0.1392870045653326,208,128,176,,,2,2,1,0.006632941477491186,0.6,/work3/arnaou/checkpoints/Tc_trial_391_best_state.pt,"{'learning_rate': 0.006632941477491186, 'lr_reduce': 0.6}",TPESampler,COMPLETE
392,0.05056551471352577,2025-04-26 13:16:48.827790,2025-04-26 13:17:15.806666,0 days 00:00:26.978876,0.06413182147294084,32,112,48,128.0,,3,3,2,0.0005623766027379672,0.6,/work3/arnaou/checkpoints/Tc_trial_392_best_state.pt,"{'learning_rate': 0.0005623766027379672, 'lr_reduce': 0.6}",TPESampler,COMPLETE
393,0.014639430679380894,2025-04-26 13:16:49.993994,2025-04-26 13:17:09.452577,0 days 00:00:19.458583,0.005191929875743298,208,160,256,160.0,64.0,4,1,1,0.006181777722839616,0.6,/work3/arnaou/checkpoints/Tc_trial_393_best_state.pt,"{'learning_rate': 0.006181777722839616, 'lr_reduce': 0.6}",TPESampler,COMPLETE
394,0.019089078530669212,2025-04-26 13:17:07.528021,2025-04-26 13:17:29.420689,0 days 00:00:21.892668,0.007094441687051603,208,240,256,192.0,,3,2,1,0.0042609940322341205,0.6,/work3/arnaou/checkpoints/Tc_trial_394_best_state.pt,"{'learning_rate': 0.0042609940322341205, 'lr_reduce': 0.6}",TPESampler,COMPLETE
395,0.021615903824567795,2025-04-26 13:17:09.639139,2025-04-26 13:17:28.744896,0 days 00:00:19.105757,0.03399663642232698,224,160,240,160.0,64.0,4,1,2,0.0020939940943456438,0.6,/work3/arnaou/checkpoints/Tc_trial_395_best_state.pt,"{'learning_rate': 0.0020939940943456438, 'lr_reduce': 0.6}",TPESampler,COMPLETE
396,0.02036389894783497,2025-04-26 13:17:16.106532,2025-04-26 13:17:31.874196,0 days 00:00:15.767664,0.03348907757393829,192,192,240,128.0,64.0,4,1,2,0.004495413832286064,0.6,/work3/arnaou/checkpoints/Tc_trial_396_best_state.pt,"{'learning_rate': 0.004495413832286064, 'lr_reduce': 0.6}",TPESampler,COMPLETE
397,0.03307366371154785,2025-04-26 13:17:28.921228,2025-04-26 13:17:56.172641,0 days 00:00:27.251413,0.017103065274342803,240,160,256,160.0,,3,3,2,0.00018696590701630368,0.6,/work3/arnaou/checkpoints/Tc_trial_397_best_state.pt,"{'learning_rate': 0.00018696590701630368, 'lr_reduce': 0.6}",TPESampler,COMPLETE
398,0.015795676037669182,2025-04-26 13:17:29.594917,2025-04-26 13:17:50.908371,0 days 00:00:21.313454,0.026066680124356926,192,112,240,208.0,80.0,4,1,1,0.005068990789323677,0.6,/work3/arnaou/checkpoints/Tc_trial_398_best_state.pt,"{'learning_rate': 0.005068990789323677, 'lr_reduce': 0.6}",TPESampler,COMPLETE
399,0.04106835275888443,2025-04-26 13:17:32.044553,2025-04-26 13:17:58.370899,0 days 00:00:26.326346,0.17322069451292615,96,112,176,,,2,1,3,0.00019782847116932506,0.6,/work3/arnaou/checkpoints/Tc_trial_399_best_state.pt,"{'learning_rate': 0.00019782847116932506, 'lr_reduce': 0.6}",TPESampler,COMPLETE
400,0.020880484953522682,2025-04-26 13:17:51.117967,2025-04-26 13:18:02.962423,0 days 00:00:11.844456,0.035256203892844146,208,192,240,240.0,80.0,4,1,1,0.006452743227032991,0.6,/work3/arnaou/checkpoints/Tc_trial_400_best_state.pt,"{'learning_rate': 0.006452743227032991, 'lr_reduce': 0.6}",TPESampler,COMPLETE
401,0.01674787886440754,2025-04-26 13:17:56.360856,2025-04-26 13:18:15.228191,0 days 00:00:18.867335,0.024376201044601756,224,112,224,224.0,80.0,4,1,1,0.0051028154082983605,0.6,/work3/arnaou/checkpoints/Tc_trial_401_best_state.pt,"{'learning_rate': 0.0051028154082983605, 'lr_reduce': 0.6}",TPESampler,COMPLETE
402,0.04261593520641327,2025-04-26 13:17:58.559359,2025-04-26 13:18:23.167754,0 days 00:00:24.608395,0.29661139096847056,112,176,208,,,2,3,2,0.0004383462968042267,0.6,/work3/arnaou/checkpoints/Tc_trial_402_best_state.pt,"{'learning_rate': 0.0004383462968042267, 'lr_reduce': 0.6}",TPESampler,COMPLETE
403,0.017294352874159813,2025-04-26 13:18:03.124678,2025-04-26 13:18:22.236824,0 days 00:00:19.112146,0.037083694824776185,256,192,224,208.0,64.0,4,1,1,0.0027106421078351545,0.6,/work3/arnaou/checkpoints/Tc_trial_403_best_state.pt,"{'learning_rate': 0.0027106421078351545, 'lr_reduce': 0.6}",TPESampler,COMPLETE
404,0.020816585049033165,2025-04-26 13:18:15.403923,2025-04-26 13:18:34.842837,0 days 00:00:19.438914,0.05316211517690288,176,112,256,208.0,96.0,4,1,1,0.005867390472758747,0.6,/work3/arnaou/checkpoints/Tc_trial_404_best_state.pt,"{'learning_rate': 0.005867390472758747, 'lr_reduce': 0.6}",TPESampler,COMPLETE
405,0.0223634522408247,2025-04-26 13:18:22.408854,2025-04-26 13:18:44.136191,0 days 00:00:21.727337,0.01156496906015006,160,96,176,192.0,,3,2,1,0.004714317266032403,0.6,/work3/arnaou/checkpoints/Tc_trial_405_best_state.pt,"{'learning_rate': 0.004714317266032403, 'lr_reduce': 0.6}",TPESampler,COMPLETE
406,0.031092680990695953,2025-04-26 13:18:23.352307,2025-04-26 13:18:37.027268,0 days 00:00:13.674961,0.27061863020987464,176,176,64,,,2,1,2,0.0007101735143433217,0.6,/work3/arnaou/checkpoints/Tc_trial_406_best_state.pt,"{'learning_rate': 0.0007101735143433217, 'lr_reduce': 0.6}",TPESampler,COMPLETE
407,0.014076816849410534,2025-04-26 13:18:35.027332,2025-04-26 13:18:54.540897,0 days 00:00:19.513565,0.01006422877522009,160,176,224,192.0,64.0,4,1,1,0.00864372855909336,0.6,/work3/arnaou/checkpoints/Tc_trial_407_best_state.pt,"{'learning_rate': 0.00864372855909336, 'lr_reduce': 0.6}",TPESampler,COMPLETE
408,0.01625337265431881,2025-04-26 13:18:37.194257,2025-04-26 13:18:56.191886,0 days 00:00:18.997629,0.02330961945041114,240,112,208,176.0,96.0,4,1,2,0.008185978134718112,0.6,/work3/arnaou/checkpoints/Tc_trial_408_best_state.pt,"{'learning_rate': 0.008185978134718112, 'lr_reduce': 0.6}",TPESampler,COMPLETE
409,0.03163407742977142,2025-04-26 13:18:44.315809,2025-04-26 13:19:06.595077,0 days 00:00:22.279268,0.03036771715308285,240,256,256,224.0,64.0,4,2,1,0.0027639702721874086,0.6,/work3/arnaou/checkpoints/Tc_trial_409_best_state.pt,"{'learning_rate': 0.0027639702721874086, 'lr_reduce': 0.6}",TPESampler,COMPLETE
410,0.04226923733949661,2025-04-26 13:18:54.717583,2025-04-26 13:19:15.825877,0 days 00:00:21.108294,0.1665186204732215,96,48,112,208.0,,3,2,1,0.00026787933707862836,0.6,/work3/arnaou/checkpoints/Tc_trial_410_best_state.pt,"{'learning_rate': 0.00026787933707862836, 'lr_reduce': 0.6}",TPESampler,COMPLETE
411,0.018424803391098976,2025-04-26 13:18:56.380874,2025-04-26 13:19:16.846637,0 days 00:00:20.465763,0.00488357760386798,160,192,224,208.0,,3,1,2,0.006950425445484527,0.6,/work3/arnaou/checkpoints/Tc_trial_411_best_state.pt,"{'learning_rate': 0.006950425445484527, 'lr_reduce': 0.6}",TPESampler,COMPLETE
412,0.018009506165981293,2025-04-26 13:19:06.781449,2025-04-26 13:19:25.727421,0 days 00:00:18.945972,0.009209351199407372,192,144,240,192.0,48.0,4,1,1,0.0036574036352078165,0.6,/work3/arnaou/checkpoints/Tc_trial_412_best_state.pt,"{'learning_rate': 0.0036574036352078165, 'lr_reduce': 0.6}",TPESampler,COMPLETE
413,0.016207661479711533,2025-04-26 13:19:15.990783,2025-04-26 13:19:36.036396,0 days 00:00:20.045613,0.0026789656886985966,160,128,224,192.0,48.0,4,2,1,0.008463875882060453,0.6,/work3/arnaou/checkpoints/Tc_trial_413_best_state.pt,"{'learning_rate': 0.008463875882060453, 'lr_reduce': 0.6}",TPESampler,COMPLETE
414,0.021709388121962547,2025-04-26 13:19:17.036849,2025-04-26 13:19:33.070867,0 days 00:00:16.034018,0.009727442248813672,80,160,224,192.0,64.0,4,1,1,0.008148906596200031,0.6,/work3/arnaou/checkpoints/Tc_trial_414_best_state.pt,"{'learning_rate': 0.008148906596200031, 'lr_reduce': 0.6}",TPESampler,COMPLETE
415,0.019776687026023865,2025-04-26 13:19:25.903087,2025-04-26 13:19:40.717587,0 days 00:00:14.814500,0.12303273720488714,160,224,208,,,2,2,2,0.003314974464196967,0.6,/work3/arnaou/checkpoints/Tc_trial_415_best_state.pt,"{'learning_rate': 0.003314974464196967, 'lr_reduce': 0.6}",TPESampler,COMPLETE
416,0.018372738733887672,2025-04-26 13:19:33.221236,2025-04-26 13:19:54.532429,0 days 00:00:21.311193,0.015473481192907895,160,80,208,192.0,96.0,4,1,2,0.0013108510209130972,0.6,/work3/arnaou/checkpoints/Tc_trial_416_best_state.pt,"{'learning_rate': 0.0013108510209130972, 'lr_reduce': 0.6}",TPESampler,COMPLETE
417,0.01879710704088211,2025-04-26 13:19:36.198533,2025-04-26 13:19:53.176690,0 days 00:00:16.978157,0.0024519161116616436,144,176,208,176.0,32.0,4,1,1,0.005976270620299112,0.6,/work3/arnaou/checkpoints/Tc_trial_417_best_state.pt,"{'learning_rate': 0.005976270620299112, 'lr_reduce': 0.6}",TPESampler,COMPLETE
418,0.01627940684556961,2025-04-26 13:19:40.881657,2025-04-26 13:19:53.720340,0 days 00:00:12.838683,0.14755117985618238,144,224,224,208.0,,3,1,1,0.005079877315077288,0.6,/work3/arnaou/checkpoints/Tc_trial_418_best_state.pt,"{'learning_rate': 0.005079877315077288, 'lr_reduce': 0.6}",TPESampler,COMPLETE
419,0.01965375989675522,2025-04-26 13:19:53.353782,2025-04-26 13:20:05.119710,0 days 00:00:11.765928,0.0006500988649705249,192,192,192,160.0,112.0,4,1,1,0.004482537957772316,0.6,/work3/arnaou/checkpoints/Tc_trial_419_best_state.pt,"{'learning_rate': 0.004482537957772316, 'lr_reduce': 0.6}",TPESampler,COMPLETE
420,0.023740196600556374,2025-04-26 13:19:53.883753,2025-04-26 13:20:14.173666,0 days 00:00:20.289913,0.014425571190988917,176,96,176,176.0,64.0,4,1,1,0.009140886072201771,0.6,/work3/arnaou/checkpoints/Tc_trial_420_best_state.pt,"{'learning_rate': 0.009140886072201771, 'lr_reduce': 0.6}",TPESampler,COMPLETE
