number,value,datetime_start,datetime_complete,duration,params_dropout,params_hidden_channels,params_mlp_dim_00,params_mlp_dim_01,params_mlp_dim_02,params_mlp_dim_03,params_mlp_n_layers,params_num_layers,params_num_timesteps,params_train_learning_rate,params_train_lr_reduce,user_attrs_best_state_dict_path,user_attrs_training_params,system_attrs_auto:sampler,state
1753,0.018612990155816078,2025-04-26 15:58:56.338122,2025-04-26 15:59:26.501853,0 days 00:00:30.163731,0.06342358079987033,240,192,160,160.0,,3,3,1,0.0033780998930585913,0.6,/work3/arnaou/checkpoints/Tc_trial_1753_best_state.pt,"{'learning_rate': 0.0033780998930585913, 'lr_reduce': 0.6}",TPESampler,COMPLETE
1754,0.1707361787557602,2025-04-26 15:59:16.835871,2025-04-26 15:59:42.704588,0 days 00:00:25.868717,0.22702155670601565,144,224,208,112.0,,3,4,1,0.00013122123676689263,0.6,/work3/arnaou/checkpoints/Tc_trial_1754_best_state.pt,"{'learning_rate': 0.00013122123676689263, 'lr_reduce': 0.6}",TPESampler,COMPLETE
1755,0.018379241228103638,2025-04-26 15:59:22.345945,2025-04-26 15:59:44.001175,0 days 00:00:21.655230,0.027666028110026424,176,208,208,208.0,112.0,4,1,2,0.004900330328095127,0.6,/work3/arnaou/checkpoints/Tc_trial_1755_best_state.pt,"{'learning_rate': 0.004900330328095127, 'lr_reduce': 0.6}",TPESampler,COMPLETE
1756,0.03610315918922424,2025-04-26 15:59:26.732541,2025-04-26 15:59:51.082653,0 days 00:00:24.350112,0.15109724627549276,192,176,192,256.0,,3,1,4,0.0005146240861414685,0.6,/work3/arnaou/checkpoints/Tc_trial_1756_best_state.pt,"{'learning_rate': 0.0005146240861414685, 'lr_reduce': 0.6}",TPESampler,COMPLETE
1757,0.021021589636802673,2025-04-26 15:59:42.932498,2025-04-26 16:00:03.752195,0 days 00:00:20.819697,0.030368517919418997,176,192,160,176.0,160.0,4,2,2,0.0014013934038371732,0.6,/work3/arnaou/checkpoints/Tc_trial_1757_best_state.pt,"{'learning_rate': 0.0014013934038371732, 'lr_reduce': 0.6}",TPESampler,COMPLETE
1758,0.023835482075810432,2025-04-26 15:59:44.240015,2025-04-26 16:00:04.911490,0 days 00:00:20.671475,0.05462430456922006,224,208,160,144.0,,3,1,2,0.0018287462639965293,0.6,/work3/arnaou/checkpoints/Tc_trial_1758_best_state.pt,"{'learning_rate': 0.0018287462639965293, 'lr_reduce': 0.6}",TPESampler,COMPLETE
1759,0.03326920419931412,2025-04-26 15:59:51.303672,2025-04-26 16:00:16.321888,0 days 00:00:25.018216,0.1503306156060474,240,96,144,224.0,,3,1,3,0.00018954756239360606,0.6,/work3/arnaou/checkpoints/Tc_trial_1759_best_state.pt,"{'learning_rate': 0.00018954756239360606, 'lr_reduce': 0.6}",TPESampler,COMPLETE
1760,0.07364796102046967,2025-04-26 16:00:03.980130,2025-04-26 16:00:28.495196,0 days 00:00:24.515066,0.2859916551462014,176,96,48,192.0,64.0,4,2,3,0.0002012997266472858,0.6,/work3/arnaou/checkpoints/Tc_trial_1760_best_state.pt,"{'learning_rate': 0.0002012997266472858, 'lr_reduce': 0.6}",TPESampler,COMPLETE
1761,0.01985158585011959,2025-04-26 16:00:05.239468,2025-04-26 16:00:22.438375,0 days 00:00:17.198907,0.005903558546580808,240,112,128,,,2,1,2,0.005087198752291241,0.6,/work3/arnaou/checkpoints/Tc_trial_1761_best_state.pt,"{'learning_rate': 0.005087198752291241, 'lr_reduce': 0.6}",TPESampler,COMPLETE
1762,0.030262328684329987,2025-04-26 16:00:16.552602,2025-04-26 16:00:35.410254,0 days 00:00:18.857652,0.2947976591685252,160,240,240,,,2,3,2,0.005762615477560986,0.6,/work3/arnaou/checkpoints/Tc_trial_1762_best_state.pt,"{'learning_rate': 0.005762615477560986, 'lr_reduce': 0.6}",TPESampler,COMPLETE
1763,0.02625889889895916,2025-04-26 16:00:22.671318,2025-04-26 16:00:41.712694,0 days 00:00:19.041376,0.16883429907350148,176,208,192,160.0,,3,3,1,0.0065100949389141705,0.6,/work3/arnaou/checkpoints/Tc_trial_1763_best_state.pt,"{'learning_rate': 0.0065100949389141705, 'lr_reduce': 0.6}",TPESampler,COMPLETE
1764,0.1467582881450653,2025-04-26 16:00:28.739726,2025-04-26 16:00:55.000852,0 days 00:00:26.261126,0.05953470337948412,80,48,32,,,2,1,4,0.00011762142694825186,0.6,/work3/arnaou/checkpoints/Tc_trial_1764_best_state.pt,"{'learning_rate': 0.00011762142694825186, 'lr_reduce': 0.6}",TPESampler,COMPLETE
1765,0.017085101455450058,2025-04-26 16:00:35.607935,2025-04-26 16:00:57.232820,0 days 00:00:21.624885,0.035625624809876334,208,192,176,128.0,80.0,4,2,1,0.0042755938400698985,0.6,/work3/arnaou/checkpoints/Tc_trial_1765_best_state.pt,"{'learning_rate': 0.0042755938400698985, 'lr_reduce': 0.6}",TPESampler,COMPLETE
1766,0.017036031931638718,2025-04-26 16:00:41.947733,2025-04-26 16:01:03.414868,0 days 00:00:21.467135,0.012447219026407094,176,176,240,176.0,,3,1,2,0.006251974264772892,0.6,/work3/arnaou/checkpoints/Tc_trial_1766_best_state.pt,"{'learning_rate': 0.006251974264772892, 'lr_reduce': 0.6}",TPESampler,COMPLETE
1767,0.0226217620074749,2025-04-26 16:00:55.252814,2025-04-26 16:01:09.560642,0 days 00:00:14.307828,0.02011442276384519,128,192,256,208.0,48.0,4,1,1,0.008093113445775136,0.6,/work3/arnaou/checkpoints/Tc_trial_1767_best_state.pt,"{'learning_rate': 0.008093113445775136, 'lr_reduce': 0.6}",TPESampler,COMPLETE
1768,0.02093755081295967,2025-04-26 16:00:57.470013,2025-04-26 16:01:20.246193,0 days 00:00:22.776180,0.003211829758249976,112,96,128,,,2,2,2,0.0016194217795689376,0.6,/work3/arnaou/checkpoints/Tc_trial_1768_best_state.pt,"{'learning_rate': 0.0016194217795689376, 'lr_reduce': 0.6}",TPESampler,COMPLETE
1769,0.029683945700526237,2025-04-26 16:01:03.645181,2025-04-26 16:01:24.000173,0 days 00:00:20.354992,0.10307279492451171,224,256,208,96.0,,3,2,1,0.008933486577690164,0.6,/work3/arnaou/checkpoints/Tc_trial_1769_best_state.pt,"{'learning_rate': 0.008933486577690164, 'lr_reduce': 0.6}",TPESampler,COMPLETE
1770,0.028798000887036324,2025-04-26 16:01:09.789081,2025-04-26 16:01:30.092619,0 days 00:00:20.303538,0.26918381463020785,48,192,192,160.0,,3,2,1,0.0020689007790914865,0.6,/work3/arnaou/checkpoints/Tc_trial_1770_best_state.pt,"{'learning_rate': 0.0020689007790914865, 'lr_reduce': 0.6}",TPESampler,COMPLETE
1771,0.025006385520100594,2025-04-26 16:01:20.480184,2025-04-26 16:01:42.332256,0 days 00:00:21.852072,0.010201353127888623,224,176,192,192.0,96.0,4,1,1,0.006110055946549706,0.6,/work3/arnaou/checkpoints/Tc_trial_1771_best_state.pt,"{'learning_rate': 0.006110055946549706, 'lr_reduce': 0.6}",TPESampler,COMPLETE
1772,0.015666550025343895,2025-04-26 16:01:24.229418,2025-04-26 16:01:44.371771,0 days 00:00:20.142353,0.07274953429118386,208,224,144,240.0,,3,2,1,0.0020998382274653718,0.6,/work3/arnaou/checkpoints/Tc_trial_1772_best_state.pt,"{'learning_rate': 0.0020998382274653718, 'lr_reduce': 0.6}",TPESampler,COMPLETE
1773,0.018763313069939613,2025-04-26 16:01:30.326581,2025-04-26 16:01:54.350657,0 days 00:00:24.024076,0.048032029588984886,256,160,256,144.0,64.0,4,2,1,0.0010960594368591998,0.6,/work3/arnaou/checkpoints/Tc_trial_1773_best_state.pt,"{'learning_rate': 0.0010960594368591998, 'lr_reduce': 0.6}",TPESampler,COMPLETE
1774,0.03423497453331947,2025-04-26 16:01:42.534365,2025-04-26 16:01:56.197648,0 days 00:00:13.663283,0.0021708435992586275,256,144,256,176.0,48.0,4,2,2,0.0028623218385168906,0.6,/work3/arnaou/checkpoints/Tc_trial_1774_best_state.pt,"{'learning_rate': 0.0028623218385168906, 'lr_reduce': 0.6}",TPESampler,COMPLETE
1775,0.03330298513174057,2025-04-26 16:01:44.636389,2025-04-26 16:02:05.514779,0 days 00:00:20.878390,0.22815814391787045,224,96,240,,,2,1,4,0.0007468444610054592,0.6,/work3/arnaou/checkpoints/Tc_trial_1775_best_state.pt,"{'learning_rate': 0.0007468444610054592, 'lr_reduce': 0.6}",TPESampler,COMPLETE
1776,0.0333571620285511,2025-04-26 16:01:54.590438,2025-04-26 16:02:18.874927,0 days 00:00:24.284489,0.06631410920932027,112,128,128,208.0,80.0,4,1,3,0.00031890715675625316,0.6,/work3/arnaou/checkpoints/Tc_trial_1776_best_state.pt,"{'learning_rate': 0.00031890715675625316, 'lr_reduce': 0.6}",TPESampler,COMPLETE
1777,0.019313406199216843,2025-04-26 16:01:56.431328,2025-04-26 16:02:17.943465,0 days 00:00:21.512137,0.23152970496337438,192,256,192,128.0,,3,2,1,0.008200451371286117,0.6,/work3/arnaou/checkpoints/Tc_trial_1777_best_state.pt,"{'learning_rate': 0.008200451371286117, 'lr_reduce': 0.6}",TPESampler,COMPLETE
1778,0.020176056772470474,2025-04-26 16:02:05.743012,2025-04-26 16:02:28.227053,0 days 00:00:22.484041,0.044987295365852394,256,256,128,160.0,,3,1,2,0.0008720068058576527,0.6,/work3/arnaou/checkpoints/Tc_trial_1778_best_state.pt,"{'learning_rate': 0.0008720068058576527, 'lr_reduce': 0.6}",TPESampler,COMPLETE
1779,0.09606543183326721,2025-04-26 16:02:18.157971,2025-04-26 16:02:45.196718,0 days 00:00:27.038747,0.258382795694589,32,32,128,32.0,,3,1,4,0.0004299772067250006,0.6,/work3/arnaou/checkpoints/Tc_trial_1779_best_state.pt,"{'learning_rate': 0.0004299772067250006, 'lr_reduce': 0.6}",TPESampler,COMPLETE
1780,0.0182208139449358,2025-04-26 16:02:19.211722,2025-04-26 16:02:39.202474,0 days 00:00:19.990752,0.05291419005537626,192,256,192,64.0,,3,2,1,0.0023344988367154187,0.6,/work3/arnaou/checkpoints/Tc_trial_1780_best_state.pt,"{'learning_rate': 0.0023344988367154187, 'lr_reduce': 0.6}",TPESampler,COMPLETE
1781,0.018523139879107475,2025-04-26 16:02:28.457016,2025-04-26 16:02:52.568436,0 days 00:00:24.111420,0.09510097156143663,240,224,144,176.0,,3,3,1,0.0014233851633737413,0.6,/work3/arnaou/checkpoints/Tc_trial_1781_best_state.pt,"{'learning_rate': 0.0014233851633737413, 'lr_reduce': 0.6}",TPESampler,COMPLETE
1782,0.01916787214577198,2025-04-26 16:02:39.686682,2025-04-26 16:03:03.197374,0 days 00:00:23.510692,0.055522262484994256,128,256,224,224.0,224.0,4,2,1,0.0022422321034150515,0.6,/work3/arnaou/checkpoints/Tc_trial_1782_best_state.pt,"{'learning_rate': 0.0022422321034150515, 'lr_reduce': 0.6}",TPESampler,COMPLETE
1783,0.05649717524647713,2025-04-26 16:02:45.487338,2025-04-26 16:03:12.256132,0 days 00:00:26.768794,0.16170099552225253,144,32,112,112.0,,3,4,2,0.0060994152859780324,0.6,/work3/arnaou/checkpoints/Tc_trial_1783_best_state.pt,"{'learning_rate': 0.0060994152859780324, 'lr_reduce': 0.6}",TPESampler,COMPLETE
1784,0.01914011500775814,2025-04-26 16:02:52.894692,2025-04-26 16:03:14.664266,0 days 00:00:21.769574,0.004784613939790588,224,160,256,192.0,112.0,4,1,2,0.005784664283534787,0.6,/work3/arnaou/checkpoints/Tc_trial_1784_best_state.pt,"{'learning_rate': 0.005784664283534787, 'lr_reduce': 0.6}",TPESampler,COMPLETE
1785,0.01619551330804825,2025-04-26 16:03:03.412789,2025-04-26 16:03:19.789199,0 days 00:00:16.376410,0.0020558696472582124,256,224,208,144.0,32.0,4,2,1,0.0055481550778322475,0.6,/work3/arnaou/checkpoints/Tc_trial_1785_best_state.pt,"{'learning_rate': 0.0055481550778322475, 'lr_reduce': 0.6}",TPESampler,COMPLETE
1786,0.016097407788038254,2025-04-26 16:03:12.511948,2025-04-26 16:03:37.508958,0 days 00:00:24.997010,0.04555062880977709,192,192,240,160.0,,3,3,2,0.002966783363507948,0.6,/work3/arnaou/checkpoints/Tc_trial_1786_best_state.pt,"{'learning_rate': 0.002966783363507948, 'lr_reduce': 0.6}",TPESampler,COMPLETE
1787,0.030945848673582077,2025-04-26 16:03:14.948432,2025-04-26 16:03:42.863480,0 days 00:00:27.915048,0.07119420033135235,176,256,256,192.0,80.0,4,2,4,0.0002731964847991936,0.6,/work3/arnaou/checkpoints/Tc_trial_1787_best_state.pt,"{'learning_rate': 0.0002731964847991936, 'lr_reduce': 0.6}",TPESampler,COMPLETE
1788,0.01947091519832611,2025-04-26 16:03:19.987564,2025-04-26 16:03:35.849394,0 days 00:00:15.861830,0.006896791350831105,224,224,224,224.0,64.0,4,1,1,0.0089169215505403,0.6,/work3/arnaou/checkpoints/Tc_trial_1788_best_state.pt,"{'learning_rate': 0.0089169215505403, 'lr_reduce': 0.6}",TPESampler,COMPLETE
1789,0.019552383571863174,2025-04-26 16:03:36.174910,2025-04-26 16:03:53.686957,0 days 00:00:17.512047,0.0748165122578664,240,176,208,176.0,,3,1,1,0.0057893087106549775,0.6,/work3/arnaou/checkpoints/Tc_trial_1789_best_state.pt,"{'learning_rate': 0.0057893087106549775, 'lr_reduce': 0.6}",TPESampler,COMPLETE
1790,0.018796304240822792,2025-04-26 16:03:37.771589,2025-04-26 16:03:58.828575,0 days 00:00:21.056986,0.05517302003346279,240,208,160,80.0,,3,2,1,0.002213262460295319,0.6,/work3/arnaou/checkpoints/Tc_trial_1790_best_state.pt,"{'learning_rate': 0.002213262460295319, 'lr_reduce': 0.6}",TPESampler,COMPLETE
1791,0.035658836364746094,2025-04-26 16:03:43.103080,2025-04-26 16:04:08.708755,0 days 00:00:25.605675,0.19812048669942925,256,112,32,144.0,,3,1,4,0.00021110406199433655,0.6,/work3/arnaou/checkpoints/Tc_trial_1791_best_state.pt,"{'learning_rate': 0.00021110406199433655, 'lr_reduce': 0.6}",TPESampler,COMPLETE
1792,0.04022498056292534,2025-04-26 16:03:53.945632,2025-04-26 16:04:09.470154,0 days 00:00:15.524522,0.2742399100717846,160,176,160,208.0,96.0,4,1,3,0.00949938272986236,0.6,/work3/arnaou/checkpoints/Tc_trial_1792_best_state.pt,"{'learning_rate': 0.00949938272986236, 'lr_reduce': 0.6}",TPESampler,COMPLETE
1793,0.019870415329933167,2025-04-26 16:03:59.140910,2025-04-26 16:04:22.235053,0 days 00:00:23.094143,0.03388654371816262,160,160,256,112.0,64.0,4,1,2,0.0021135189684620527,0.6,/work3/arnaou/checkpoints/Tc_trial_1793_best_state.pt,"{'learning_rate': 0.0021135189684620527, 'lr_reduce': 0.6}",TPESampler,COMPLETE
1794,0.023416511714458466,2025-04-26 16:04:08.937327,2025-04-26 16:04:28.107192,0 days 00:00:19.169865,0.01147407290588974,256,192,256,256.0,,3,3,1,0.004114721011822956,0.6,/work3/arnaou/checkpoints/Tc_trial_1794_best_state.pt,"{'learning_rate': 0.004114721011822956, 'lr_reduce': 0.6}",TPESampler,COMPLETE
1795,0.01712665520608425,2025-04-26 16:04:09.652391,2025-04-26 16:04:34.137685,0 days 00:00:24.485294,0.022520614565285466,208,144,144,,,2,3,1,0.0022309981450231433,0.6,/work3/arnaou/checkpoints/Tc_trial_1795_best_state.pt,"{'learning_rate': 0.0022309981450231433, 'lr_reduce': 0.6}",TPESampler,COMPLETE
1796,0.028584428131580353,2025-04-26 16:04:22.440528,2025-04-26 16:04:51.249583,0 days 00:00:28.809055,0.05845397103333312,160,80,192,160.0,,3,4,3,0.0003682221560756381,0.6,/work3/arnaou/checkpoints/Tc_trial_1796_best_state.pt,"{'learning_rate': 0.0003682221560756381, 'lr_reduce': 0.6}",TPESampler,COMPLETE
1797,0.07200976461172104,2025-04-26 16:04:28.331347,2025-04-26 16:04:46.947378,0 days 00:00:18.616031,0.24085614755290422,240,32,208,192.0,128.0,4,4,4,0.002164313877675691,0.6,/work3/arnaou/checkpoints/Tc_trial_1797_best_state.pt,"{'learning_rate': 0.002164313877675691, 'lr_reduce': 0.6}",TPESampler,COMPLETE
1798,0.018653428182005882,2025-04-26 16:04:34.368027,2025-04-26 16:04:49.287510,0 days 00:00:14.919483,0.005528844010243094,192,208,144,176.0,48.0,4,1,2,0.003750939780256778,0.6,/work3/arnaou/checkpoints/Tc_trial_1798_best_state.pt,"{'learning_rate': 0.003750939780256778, 'lr_reduce': 0.6}",TPESampler,COMPLETE
1799,0.02721952460706234,2025-04-26 16:04:47.152766,2025-04-26 16:05:11.093251,0 days 00:00:23.940485,0.14864325705314446,192,256,208,128.0,,3,3,1,0.007044067842584186,0.6,/work3/arnaou/checkpoints/Tc_trial_1799_best_state.pt,"{'learning_rate': 0.007044067842584186, 'lr_reduce': 0.6}",TPESampler,COMPLETE
1800,0.02046448178589344,2025-04-26 16:04:49.506249,2025-04-26 16:05:09.905403,0 days 00:00:20.399154,0.06846249571767353,224,192,224,160.0,,3,1,1,0.0018561496465919127,0.6,/work3/arnaou/checkpoints/Tc_trial_1800_best_state.pt,"{'learning_rate': 0.0018561496465919127, 'lr_reduce': 0.6}",TPESampler,COMPLETE
1801,0.017990097403526306,2025-04-26 16:04:51.501395,2025-04-26 16:05:12.729517,0 days 00:00:21.228122,0.0059622428989806,240,208,240,208.0,96.0,4,1,2,0.008423328732112548,0.6,/work3/arnaou/checkpoints/Tc_trial_1801_best_state.pt,"{'learning_rate': 0.008423328732112548, 'lr_reduce': 0.6}",TPESampler,COMPLETE
1802,0.02067152038216591,2025-04-26 16:05:10.143327,2025-04-26 16:05:29.293812,0 days 00:00:19.150485,0.003936994473880868,224,176,224,192.0,80.0,4,2,1,0.003763591506085176,0.6,/work3/arnaou/checkpoints/Tc_trial_1802_best_state.pt,"{'learning_rate': 0.003763591506085176, 'lr_reduce': 0.6}",TPESampler,COMPLETE
1803,0.015607836656272411,2025-04-26 16:05:11.328629,2025-04-26 16:05:29.129003,0 days 00:00:17.800374,0.0013524225623130753,208,160,256,144.0,48.0,4,1,1,0.00902507132958718,0.6,/work3/arnaou/checkpoints/Tc_trial_1803_best_state.pt,"{'learning_rate': 0.00902507132958718, 'lr_reduce': 0.6}",TPESampler,COMPLETE
1804,0.04781493544578552,2025-04-26 16:05:13.119549,2025-04-26 16:05:35.019710,0 days 00:00:21.900161,0.18665905336032537,32,80,256,240.0,,3,4,2,0.001452388783751539,0.6,/work3/arnaou/checkpoints/Tc_trial_1804_best_state.pt,"{'learning_rate': 0.001452388783751539, 'lr_reduce': 0.6}",TPESampler,COMPLETE
1805,0.019947029650211334,2025-04-26 16:05:29.335459,2025-04-26 16:05:43.116158,0 days 00:00:13.780699,0.07347065909377135,128,144,240,176.0,,3,1,1,0.006603625778478292,0.6,/work3/arnaou/checkpoints/Tc_trial_1805_best_state.pt,"{'learning_rate': 0.006603625778478292, 'lr_reduce': 0.6}",TPESampler,COMPLETE
1806,0.021799828857183456,2025-04-26 16:05:29.567939,2025-04-26 16:05:44.264683,0 days 00:00:14.696744,0.0016576142516865136,192,192,208,96.0,80.0,4,1,1,0.005077291437126531,0.6,/work3/arnaou/checkpoints/Tc_trial_1806_best_state.pt,"{'learning_rate': 0.005077291437126531, 'lr_reduce': 0.6}",TPESampler,COMPLETE
1807,0.020365307107567787,2025-04-26 16:05:35.282960,2025-04-26 16:06:07.320104,0 days 00:00:32.037144,0.005484067574580989,160,192,144,208.0,,3,2,2,0.007815270550624457,0.6,/work3/arnaou/checkpoints/Tc_trial_1807_best_state.pt,"{'learning_rate': 0.007815270550624457, 'lr_reduce': 0.6}",TPESampler,COMPLETE
1808,0.019585875794291496,2025-04-26 16:05:43.326187,2025-04-26 16:06:14.622045,0 days 00:00:31.295858,0.009725741606292257,256,192,128,160.0,112.0,4,2,1,0.0034526419238268607,0.6,/work3/arnaou/checkpoints/Tc_trial_1808_best_state.pt,"{'learning_rate': 0.0034526419238268607, 'lr_reduce': 0.6}",TPESampler,COMPLETE
1809,0.019281717017292976,2025-04-26 16:05:44.530332,2025-04-26 16:06:14.875023,0 days 00:00:30.344691,0.059912838761749375,224,256,160,144.0,,3,2,1,0.0061316481540252534,0.6,/work3/arnaou/checkpoints/Tc_trial_1809_best_state.pt,"{'learning_rate': 0.0061316481540252534, 'lr_reduce': 0.6}",TPESampler,COMPLETE
1810,0.01905861310660839,2025-04-26 16:06:07.536964,2025-04-26 16:06:31.800162,0 days 00:00:24.263198,0.13203458928688366,240,224,192,176.0,,3,3,1,0.001589621449090224,0.6,/work3/arnaou/checkpoints/Tc_trial_1810_best_state.pt,"{'learning_rate': 0.001589621449090224, 'lr_reduce': 0.6}",TPESampler,COMPLETE
1811,0.03278188779950142,2025-04-26 16:06:14.840371,2025-04-26 16:06:30.553093,0 days 00:00:15.712722,0.17447352879238506,128,32,32,,,2,3,1,0.0015216881308586115,0.6,/work3/arnaou/checkpoints/Tc_trial_1811_best_state.pt,"{'learning_rate': 0.0015216881308586115, 'lr_reduce': 0.6}",TPESampler,COMPLETE
1812,0.04489751532673836,2025-04-26 16:06:15.220083,2025-04-26 16:06:41.886755,0 days 00:00:26.666672,0.22809282289891628,176,256,80,224.0,,3,4,2,0.000251346090088796,0.6,/work3/arnaou/checkpoints/Tc_trial_1812_best_state.pt,"{'learning_rate': 0.000251346090088796, 'lr_reduce': 0.6}",TPESampler,COMPLETE
1813,0.015528627671301365,2025-04-26 16:06:30.958448,2025-04-26 16:06:53.766742,0 days 00:00:22.808294,0.020538257547078984,256,160,256,128.0,,3,2,1,0.003457502290154325,0.6,/work3/arnaou/checkpoints/Tc_trial_1813_best_state.pt,"{'learning_rate': 0.003457502290154325, 'lr_reduce': 0.6}",TPESampler,COMPLETE
1814,0.018028801307082176,2025-04-26 16:06:32.125922,2025-04-26 16:06:52.021436,0 days 00:00:19.895514,0.09306751316874577,256,144,224,192.0,,3,1,2,0.002698547163541112,0.6,/work3/arnaou/checkpoints/Tc_trial_1814_best_state.pt,"{'learning_rate': 0.002698547163541112, 'lr_reduce': 0.6}",TPESampler,COMPLETE
1815,0.018785011023283005,2025-04-26 16:06:42.131858,2025-04-26 16:07:05.093377,0 days 00:00:22.961519,0.07590708383135375,224,128,208,,,2,3,1,0.002092286809714208,0.6,/work3/arnaou/checkpoints/Tc_trial_1815_best_state.pt,"{'learning_rate': 0.002092286809714208, 'lr_reduce': 0.6}",TPESampler,COMPLETE
1816,0.01912340149283409,2025-04-26 16:06:52.286211,2025-04-26 16:07:09.961653,0 days 00:00:17.675442,0.03218047399383453,224,192,256,160.0,,3,1,2,0.0035631333827211777,0.6,/work3/arnaou/checkpoints/Tc_trial_1816_best_state.pt,"{'learning_rate': 0.0035631333827211777, 'lr_reduce': 0.6}",TPESampler,COMPLETE
1817,0.019581889733672142,2025-04-26 16:06:53.975650,2025-04-26 16:07:12.033296,0 days 00:00:18.057646,0.003051468021555606,208,192,256,192.0,32.0,4,1,1,0.0021611220746861853,0.6,/work3/arnaou/checkpoints/Tc_trial_1817_best_state.pt,"{'learning_rate': 0.0021611220746861853, 'lr_reduce': 0.6}",TPESampler,COMPLETE
1818,0.017171818763017654,2025-04-26 16:07:05.340042,2025-04-26 16:07:25.882194,0 days 00:00:20.542152,0.005111039297253678,144,160,256,112.0,,3,1,1,0.002858011244815098,0.6,/work3/arnaou/checkpoints/Tc_trial_1818_best_state.pt,"{'learning_rate': 0.002858011244815098, 'lr_reduce': 0.6}",TPESampler,COMPLETE
1819,0.022675596177577972,2025-04-26 16:07:10.266648,2025-04-26 16:07:24.534816,0 days 00:00:14.268168,0.0006475299874117079,208,144,208,176.0,,3,1,2,0.003353677634499795,0.6,/work3/arnaou/checkpoints/Tc_trial_1819_best_state.pt,"{'learning_rate': 0.003353677634499795, 'lr_reduce': 0.6}",TPESampler,COMPLETE
1820,0.017457248643040657,2025-04-26 16:07:12.335548,2025-04-26 16:07:33.648154,0 days 00:00:21.312606,0.06307883168358033,176,240,256,224.0,,3,2,1,0.0035820887760699706,0.6,/work3/arnaou/checkpoints/Tc_trial_1820_best_state.pt,"{'learning_rate': 0.0035820887760699706, 'lr_reduce': 0.6}",TPESampler,COMPLETE
1821,0.023666569963097572,2025-04-26 16:07:24.757094,2025-04-26 16:07:48.437278,0 days 00:00:23.680184,0.09974140854232992,240,144,160,,,2,1,2,0.00999554611768104,0.6,/work3/arnaou/checkpoints/Tc_trial_1821_best_state.pt,"{'learning_rate': 0.00999554611768104, 'lr_reduce': 0.6}",TPESampler,COMPLETE
1822,0.061796367168426514,2025-04-26 16:07:26.120704,2025-04-26 16:07:41.655990,0 days 00:00:15.535286,0.25747009960172546,144,80,224,144.0,64.0,4,2,3,0.007750346699317303,0.6,/work3/arnaou/checkpoints/Tc_trial_1822_best_state.pt,"{'learning_rate': 0.007750346699317303, 'lr_reduce': 0.6}",TPESampler,COMPLETE
