number,value,datetime_start,datetime_complete,duration,params_dropout,params_hidden_channels,params_mlp_dim_00,params_mlp_dim_01,params_mlp_dim_02,params_mlp_dim_03,params_mlp_n_layers,params_num_layers,params_num_timesteps,params_train_learning_rate,params_train_lr_reduce,user_attrs_best_state_dict_path,user_attrs_training_params,system_attrs_auto:sampler,state
2103,0.022574063390493393,2025-04-26 16:41:25.544440,2025-04-26 16:41:47.614496,0 days 00:00:22.070056,0.04665551267706096,224,256,176,,,2,2,1,0.005532254927223383,0.6,/work3/arnaou/checkpoints/Tc_trial_2103_best_state.pt,"{'learning_rate': 0.005532254927223383, 'lr_reduce': 0.6}",TPESampler,COMPLETE
2104,0.016767309978604317,2025-04-26 16:41:35.986110,2025-04-26 16:42:04.251260,0 days 00:00:28.265150,0.08756704496812218,176,208,128,,,2,3,2,0.003626003239640151,0.6,/work3/arnaou/checkpoints/Tc_trial_2104_best_state.pt,"{'learning_rate': 0.003626003239640151, 'lr_reduce': 0.6}",TPESampler,COMPLETE
2105,0.01831120252609253,2025-04-26 16:41:47.843929,2025-04-26 16:42:14.103197,0 days 00:00:26.259268,0.031077215128197996,224,208,192,176.0,48.0,4,1,3,0.0035334188770973093,0.6,/work3/arnaou/checkpoints/Tc_trial_2105_best_state.pt,"{'learning_rate': 0.0035334188770973093, 'lr_reduce': 0.6}",TPESampler,COMPLETE
2106,0.01927720382809639,2025-04-26 16:41:48.313160,2025-04-26 16:42:13.808385,0 days 00:00:25.495225,0.0590126564861507,160,208,192,160.0,64.0,4,1,1,0.00812720135231704,0.6,/work3/arnaou/checkpoints/Tc_trial_2106_best_state.pt,"{'learning_rate': 0.00812720135231704, 'lr_reduce': 0.6}",TPESampler,COMPLETE
2107,0.02096458338201046,2025-04-26 16:42:04.488652,2025-04-26 16:42:27.467893,0 days 00:00:22.979241,0.06104361824878801,160,208,192,64.0,,3,1,2,0.003975079097116599,0.6,/work3/arnaou/checkpoints/Tc_trial_2107_best_state.pt,"{'learning_rate': 0.003975079097116599, 'lr_reduce': 0.6}",TPESampler,COMPLETE
2108,0.01696653477847576,2025-04-26 16:42:14.057767,2025-04-26 16:42:40.756657,0 days 00:00:26.698890,0.006194607145708249,224,240,176,128.0,64.0,4,1,2,0.0033700052448101783,0.6,/work3/arnaou/checkpoints/Tc_trial_2108_best_state.pt,"{'learning_rate': 0.0033700052448101783, 'lr_reduce': 0.6}",TPESampler,COMPLETE
2109,0.017438525334000587,2025-04-26 16:42:14.388159,2025-04-26 16:42:42.079668,0 days 00:00:27.691509,0.07292643735522714,240,256,192,,,2,2,2,0.0030150359372276376,0.6,/work3/arnaou/checkpoints/Tc_trial_2109_best_state.pt,"{'learning_rate': 0.0030150359372276376, 'lr_reduce': 0.6}",TPESampler,COMPLETE
2110,0.03295250982046127,2025-04-26 16:42:27.764427,2025-04-26 16:42:51.641566,0 days 00:00:23.877139,0.10847341243244872,112,160,144,176.0,80.0,4,1,3,0.008895140174164071,0.6,/work3/arnaou/checkpoints/Tc_trial_2110_best_state.pt,"{'learning_rate': 0.008895140174164071, 'lr_reduce': 0.6}",TPESampler,COMPLETE
2111,0.03123265877366066,2025-04-26 16:42:41.086010,2025-04-26 16:43:03.548693,0 days 00:00:22.462683,0.07896222383566537,256,80,192,144.0,,3,1,1,0.006497913946999676,0.6,/work3/arnaou/checkpoints/Tc_trial_2111_best_state.pt,"{'learning_rate': 0.006497913946999676, 'lr_reduce': 0.6}",TPESampler,COMPLETE
2112,0.016707545146346092,2025-04-26 16:42:42.292138,2025-04-26 16:43:00.094913,0 days 00:00:17.802775,0.03506845314573986,240,208,208,176.0,,3,2,1,0.0024000325795224173,0.6,/work3/arnaou/checkpoints/Tc_trial_2112_best_state.pt,"{'learning_rate': 0.0024000325795224173, 'lr_reduce': 0.6}",TPESampler,COMPLETE
2113,0.020301995798945427,2025-04-26 16:42:51.895570,2025-04-26 16:43:13.390327,0 days 00:00:21.494757,0.04593007599556353,208,240,176,112.0,32.0,4,2,1,0.0035537937086123576,0.6,/work3/arnaou/checkpoints/Tc_trial_2113_best_state.pt,"{'learning_rate': 0.0035537937086123576, 'lr_reduce': 0.6}",TPESampler,COMPLETE
2114,0.019738636910915375,2025-04-26 16:43:00.323576,2025-04-26 16:43:26.052712,0 days 00:00:25.729136,0.10142524713955892,208,160,256,,,2,4,2,0.0027488617727021293,0.6,/work3/arnaou/checkpoints/Tc_trial_2114_best_state.pt,"{'learning_rate': 0.0027488617727021293, 'lr_reduce': 0.6}",TPESampler,COMPLETE
2115,0.017103563994169235,2025-04-26 16:43:03.798820,2025-04-26 16:43:23.483559,0 days 00:00:19.684739,0.07152486246465879,208,240,96,160.0,64.0,4,2,1,0.0031674354783266206,0.6,/work3/arnaou/checkpoints/Tc_trial_2115_best_state.pt,"{'learning_rate': 0.0031674354783266206, 'lr_reduce': 0.6}",TPESampler,COMPLETE
2116,0.016657406464219093,2025-04-26 16:43:13.630307,2025-04-26 16:43:31.498502,0 days 00:00:17.868195,0.0696500093249886,144,224,256,256.0,80.0,4,1,1,0.008228379368149928,0.6,/work3/arnaou/checkpoints/Tc_trial_2116_best_state.pt,"{'learning_rate': 0.008228379368149928, 'lr_reduce': 0.6}",TPESampler,COMPLETE
2117,0.015626804903149605,2025-04-26 16:43:23.815375,2025-04-26 16:43:41.992927,0 days 00:00:18.177552,0.04892232304370042,224,192,256,176.0,,3,2,1,0.0030920389398021134,0.6,/work3/arnaou/checkpoints/Tc_trial_2117_best_state.pt,"{'learning_rate': 0.0030920389398021134, 'lr_reduce': 0.6}",TPESampler,COMPLETE
2118,0.017064346000552177,2025-04-26 16:43:26.328363,2025-04-26 16:43:50.288871,0 days 00:00:23.960508,0.07787506625583368,176,256,208,,,2,2,2,0.007516561083555036,0.6,/work3/arnaou/checkpoints/Tc_trial_2118_best_state.pt,"{'learning_rate': 0.007516561083555036, 'lr_reduce': 0.6}",TPESampler,COMPLETE
2119,0.04008686542510986,2025-04-26 16:43:31.748520,2025-04-26 16:43:52.303385,0 days 00:00:20.554865,0.17510154024303662,256,144,144,144.0,,3,4,1,0.0006345335430350583,0.6,/work3/arnaou/checkpoints/Tc_trial_2119_best_state.pt,"{'learning_rate': 0.0006345335430350583, 'lr_reduce': 0.6}",TPESampler,COMPLETE
2120,0.03401010483503342,2025-04-26 16:43:42.238142,2025-04-26 16:44:09.155617,0 days 00:00:26.917475,0.2871950381039508,176,208,208,80.0,64.0,4,3,4,0.0023869848522307282,0.6,/work3/arnaou/checkpoints/Tc_trial_2120_best_state.pt,"{'learning_rate': 0.0023869848522307282, 'lr_reduce': 0.6}",TPESampler,COMPLETE
2121,0.019537296146154404,2025-04-26 16:43:50.542195,2025-04-26 16:44:11.837732,0 days 00:00:21.295537,0.05245018495356755,176,240,192,,,2,2,2,0.002556312008260188,0.6,/work3/arnaou/checkpoints/Tc_trial_2121_best_state.pt,"{'learning_rate': 0.002556312008260188, 'lr_reduce': 0.6}",TPESampler,COMPLETE
2122,0.024018697440624237,2025-04-26 16:43:52.589285,2025-04-26 16:44:19.110141,0 days 00:00:26.520856,0.008620047545041698,192,48,128,192.0,32.0,4,1,1,0.0006181203836693041,0.6,/work3/arnaou/checkpoints/Tc_trial_2122_best_state.pt,"{'learning_rate': 0.0006181203836693041, 'lr_reduce': 0.6}",TPESampler,COMPLETE
2123,0.027487309649586678,2025-04-26 16:44:09.393602,2025-04-26 16:44:29.596029,0 days 00:00:20.202427,0.2637085696497919,240,256,144,,,2,1,2,0.0009934261224229506,0.6,/work3/arnaou/checkpoints/Tc_trial_2123_best_state.pt,"{'learning_rate': 0.0009934261224229506, 'lr_reduce': 0.6}",TPESampler,COMPLETE
2124,0.02434305101633072,2025-04-26 16:44:12.135788,2025-04-26 16:44:32.608986,0 days 00:00:20.473198,0.03337659316481569,224,192,208,160.0,,3,1,2,0.009874438378447445,0.6,/work3/arnaou/checkpoints/Tc_trial_2124_best_state.pt,"{'learning_rate': 0.009874438378447445, 'lr_reduce': 0.6}",TPESampler,COMPLETE
2125,0.04246075823903084,2025-04-26 16:44:19.367634,2025-04-26 16:44:48.436323,0 days 00:00:29.068689,0.1140316211508074,240,112,240,,,2,2,3,0.00011281591407465962,0.6,/work3/arnaou/checkpoints/Tc_trial_2125_best_state.pt,"{'learning_rate': 0.00011281591407465962, 'lr_reduce': 0.6}",TPESampler,COMPLETE
2126,0.07368705421686172,2025-04-26 16:44:29.802364,2025-04-26 16:44:56.404170,0 days 00:00:26.601806,0.20297242821305564,192,80,256,128.0,,3,2,3,0.0001602950835470203,0.6,/work3/arnaou/checkpoints/Tc_trial_2126_best_state.pt,"{'learning_rate': 0.0001602950835470203, 'lr_reduce': 0.6}",TPESampler,COMPLETE
2127,0.015090180560946465,2025-04-26 16:44:32.854623,2025-04-26 16:44:54.557477,0 days 00:00:21.702854,0.04033181896856456,256,144,256,192.0,,3,2,1,0.006613641128406184,0.6,/work3/arnaou/checkpoints/Tc_trial_2127_best_state.pt,"{'learning_rate': 0.006613641128406184, 'lr_reduce': 0.6}",TPESampler,COMPLETE
2128,0.03599456325173378,2025-04-26 16:44:48.690283,2025-04-26 16:45:15.722813,0 days 00:00:27.032530,0.015863206945669034,240,32,160,,,2,2,3,0.00016764839910046118,0.6,/work3/arnaou/checkpoints/Tc_trial_2128_best_state.pt,"{'learning_rate': 0.00016764839910046118, 'lr_reduce': 0.6}",TPESampler,COMPLETE
2129,0.01873735710978508,2025-04-26 16:44:54.804865,2025-04-26 16:45:14.143376,0 days 00:00:19.338511,0.03233741407499459,208,224,208,176.0,,3,1,1,0.007157795175356129,0.6,/work3/arnaou/checkpoints/Tc_trial_2129_best_state.pt,"{'learning_rate': 0.007157795175356129, 'lr_reduce': 0.6}",TPESampler,COMPLETE
2130,0.01619855873286724,2025-04-26 16:44:56.631695,2025-04-26 16:45:16.977715,0 days 00:00:20.346020,0.06123343487241824,176,224,240,,,2,3,1,0.001566457748517373,0.6,/work3/arnaou/checkpoints/Tc_trial_2130_best_state.pt,"{'learning_rate': 0.001566457748517373, 'lr_reduce': 0.6}",TPESampler,COMPLETE
2131,0.018310965970158577,2025-04-26 16:45:14.375216,2025-04-26 16:45:37.330999,0 days 00:00:22.955783,0.022098369998282307,208,256,144,96.0,,3,2,2,0.0018272985194947686,0.6,/work3/arnaou/checkpoints/Tc_trial_2131_best_state.pt,"{'learning_rate': 0.0018272985194947686, 'lr_reduce': 0.6}",TPESampler,COMPLETE
2132,0.019434114918112755,2025-04-26 16:45:15.958525,2025-04-26 16:45:38.260694,0 days 00:00:22.302169,0.01139629442418618,176,256,224,,,2,2,1,0.0022012093012800235,0.6,/work3/arnaou/checkpoints/Tc_trial_2132_best_state.pt,"{'learning_rate': 0.0022012093012800235, 'lr_reduce': 0.6}",TPESampler,COMPLETE
2133,0.019326958805322647,2025-04-26 16:45:17.217433,2025-04-26 16:45:39.673127,0 days 00:00:22.455694,0.03141762144868242,224,256,224,,,2,3,2,0.00756417040898453,0.6,/work3/arnaou/checkpoints/Tc_trial_2133_best_state.pt,"{'learning_rate': 0.00756417040898453, 'lr_reduce': 0.6}",TPESampler,COMPLETE
2134,0.015648817643523216,2025-04-26 16:45:37.566494,2025-04-26 16:45:56.499293,0 days 00:00:18.932799,0.04374109753851701,256,240,160,144.0,,3,2,1,0.0019718695149401077,0.6,/work3/arnaou/checkpoints/Tc_trial_2134_best_state.pt,"{'learning_rate': 0.0019718695149401077, 'lr_reduce': 0.6}",TPESampler,COMPLETE
2135,0.03149069845676422,2025-04-26 16:45:38.498633,2025-04-26 16:46:06.350151,0 days 00:00:27.851518,0.049784895600592294,192,160,80,176.0,80.0,4,2,4,0.00036516877509535164,0.6,/work3/arnaou/checkpoints/Tc_trial_2135_best_state.pt,"{'learning_rate': 0.00036516877509535164, 'lr_reduce': 0.6}",TPESampler,COMPLETE
2136,0.05244779586791992,2025-04-26 16:45:39.908999,2025-04-26 16:45:58.318445,0 days 00:00:18.409446,0.2931737335952087,192,80,208,,,2,3,3,0.0005868126248007025,0.6,/work3/arnaou/checkpoints/Tc_trial_2136_best_state.pt,"{'learning_rate': 0.0005868126248007025, 'lr_reduce': 0.6}",TPESampler,COMPLETE
2137,0.017560001462697983,2025-04-26 16:45:56.717431,2025-04-26 16:46:13.773269,0 days 00:00:17.055838,0.00039200211412834026,240,160,256,48.0,,3,1,1,0.0044176769345255044,0.6,/work3/arnaou/checkpoints/Tc_trial_2137_best_state.pt,"{'learning_rate': 0.0044176769345255044, 'lr_reduce': 0.6}",TPESampler,COMPLETE
2138,0.037002455443143845,2025-04-26 16:45:58.522554,2025-04-26 16:46:22.878814,0 days 00:00:24.356260,0.20985909622418505,176,160,144,160.0,64.0,4,3,1,0.0002776586022920435,0.6,/work3/arnaou/checkpoints/Tc_trial_2138_best_state.pt,"{'learning_rate': 0.0002776586022920435, 'lr_reduce': 0.6}",TPESampler,COMPLETE
2139,0.01862911321222782,2025-04-26 16:46:06.593366,2025-04-26 16:46:28.316325,0 days 00:00:21.722959,0.06264469256738606,256,256,112,,,2,2,1,0.0043772338220051015,0.6,/work3/arnaou/checkpoints/Tc_trial_2139_best_state.pt,"{'learning_rate': 0.0043772338220051015, 'lr_reduce': 0.6}",TPESampler,COMPLETE
2140,0.023348692804574966,2025-04-26 16:46:13.985286,2025-04-26 16:46:35.475344,0 days 00:00:21.490058,0.0771573600460349,224,256,192,112.0,,3,2,1,0.003705703123627739,0.6,/work3/arnaou/checkpoints/Tc_trial_2140_best_state.pt,"{'learning_rate': 0.003705703123627739, 'lr_reduce': 0.6}",TPESampler,COMPLETE
2141,0.020372983068227768,2025-04-26 16:46:23.115889,2025-04-26 16:46:45.006153,0 days 00:00:21.890264,0.13973511157012097,192,256,160,192.0,,3,2,1,0.006704384908472725,0.6,/work3/arnaou/checkpoints/Tc_trial_2141_best_state.pt,"{'learning_rate': 0.006704384908472725, 'lr_reduce': 0.6}",TPESampler,COMPLETE
2142,0.015125230886042118,2025-04-26 16:46:28.557823,2025-04-26 16:46:50.275014,0 days 00:00:21.717191,0.0041587099596136,240,240,144,,,2,3,1,0.00194563233362004,0.6,/work3/arnaou/checkpoints/Tc_trial_2142_best_state.pt,"{'learning_rate': 0.00194563233362004, 'lr_reduce': 0.6}",TPESampler,COMPLETE
2143,0.021006250753998756,2025-04-26 16:46:35.704454,2025-04-26 16:47:01.004920,0 days 00:00:25.300466,0.006266825399541931,32,144,192,,,2,2,4,0.001962821786405992,0.6,/work3/arnaou/checkpoints/Tc_trial_2143_best_state.pt,"{'learning_rate': 0.001962821786405992, 'lr_reduce': 0.6}",TPESampler,COMPLETE
2144,0.02086568996310234,2025-04-26 16:46:45.241918,2025-04-26 16:47:07.620847,0 days 00:00:22.378929,0.04677991823619139,208,224,160,144.0,,3,2,1,0.0034127438028874885,0.6,/work3/arnaou/checkpoints/Tc_trial_2144_best_state.pt,"{'learning_rate': 0.0034127438028874885, 'lr_reduce': 0.6}",TPESampler,COMPLETE
2145,0.02392396330833435,2025-04-26 16:46:50.522788,2025-04-26 16:47:10.815792,0 days 00:00:20.293004,0.06382251440962217,256,176,256,192.0,256.0,4,1,2,0.003840316703813523,0.6,/work3/arnaou/checkpoints/Tc_trial_2145_best_state.pt,"{'learning_rate': 0.003840316703813523, 'lr_reduce': 0.6}",TPESampler,COMPLETE
2146,0.021606501191854477,2025-04-26 16:47:01.241906,2025-04-26 16:47:22.269384,0 days 00:00:21.027478,0.10419008313599569,192,112,256,160.0,,3,2,1,0.002965685311158317,0.6,/work3/arnaou/checkpoints/Tc_trial_2146_best_state.pt,"{'learning_rate': 0.002965685311158317, 'lr_reduce': 0.6}",TPESampler,COMPLETE
2147,0.026445483788847923,2025-04-26 16:47:07.939494,2025-04-26 16:47:25.623376,0 days 00:00:17.683882,0.07211020857105514,192,64,176,,,2,3,2,0.0046276758709356955,0.6,/work3/arnaou/checkpoints/Tc_trial_2147_best_state.pt,"{'learning_rate': 0.0046276758709356955, 'lr_reduce': 0.6}",TPESampler,COMPLETE
2148,0.022887038066983223,2025-04-26 16:47:11.049433,2025-04-26 16:47:25.343384,0 days 00:00:14.293951,0.14208409659066346,192,176,208,128.0,,3,1,2,0.005470828236780315,0.6,/work3/arnaou/checkpoints/Tc_trial_2148_best_state.pt,"{'learning_rate': 0.005470828236780315, 'lr_reduce': 0.6}",TPESampler,COMPLETE
2149,0.020038558170199394,2025-04-26 16:47:22.495954,2025-04-26 16:47:52.389143,0 days 00:00:29.893189,0.09378330504236142,256,192,256,256.0,,3,4,1,0.002395728299517012,0.6,/work3/arnaou/checkpoints/Tc_trial_2149_best_state.pt,"{'learning_rate': 0.002395728299517012, 'lr_reduce': 0.6}",TPESampler,COMPLETE
2150,0.0174604170024395,2025-04-26 16:47:25.584531,2025-04-26 16:47:47.114956,0 days 00:00:21.530425,0.08008396991467225,240,160,256,176.0,80.0,4,1,1,0.0035352268001911454,0.6,/work3/arnaou/checkpoints/Tc_trial_2150_best_state.pt,"{'learning_rate': 0.0035352268001911454, 'lr_reduce': 0.6}",TPESampler,COMPLETE
2151,0.026749838143587112,2025-04-26 16:47:25.895649,2025-04-26 16:47:56.280745,0 days 00:00:30.385096,0.03133877736109959,80,144,64,,,2,4,1,0.0009725382293802222,0.6,/work3/arnaou/checkpoints/Tc_trial_2151_best_state.pt,"{'learning_rate': 0.0009725382293802222, 'lr_reduce': 0.6}",TPESampler,COMPLETE
2152,0.056367501616477966,2025-04-26 16:47:47.544341,2025-04-26 16:48:17.596342,0 days 00:00:30.052001,0.0013280521771861786,32,128,80,192.0,,3,3,3,0.0002269677084524815,0.6,/work3/arnaou/checkpoints/Tc_trial_2152_best_state.pt,"{'learning_rate': 0.0002269677084524815, 'lr_reduce': 0.6}",TPESampler,COMPLETE
2153,0.01903783529996872,2025-04-26 16:47:52.657004,2025-04-26 16:48:12.356396,0 days 00:00:19.699392,0.04359976254338983,256,208,256,160.0,,3,2,1,0.0031267461236530454,0.6,/work3/arnaou/checkpoints/Tc_trial_2153_best_state.pt,"{'learning_rate': 0.0031267461236530454, 'lr_reduce': 0.6}",TPESampler,COMPLETE
2154,0.027970505878329277,2025-04-26 16:47:56.498542,2025-04-26 16:48:19.763293,0 days 00:00:23.264751,0.13024748195912927,160,256,160,,,2,3,1,0.00981156408640709,0.6,/work3/arnaou/checkpoints/Tc_trial_2154_best_state.pt,"{'learning_rate': 0.00981156408640709, 'lr_reduce': 0.6}",TPESampler,COMPLETE
2155,0.16998818516731262,2025-04-26 16:48:12.606703,2025-04-26 16:48:43.227832,0 days 00:00:30.621129,0.0016232467373941128,144,256,144,144.0,48.0,4,4,3,0.00012208946465692798,0.6,/work3/arnaou/checkpoints/Tc_trial_2155_best_state.pt,"{'learning_rate': 0.00012208946465692798, 'lr_reduce': 0.6}",TPESampler,COMPLETE
2156,0.021011395379900932,2025-04-26 16:48:17.830656,2025-04-26 16:48:40.893967,0 days 00:00:23.063311,0.021108897676549096,256,240,256,,,2,2,1,0.005569034553998812,0.6,/work3/arnaou/checkpoints/Tc_trial_2156_best_state.pt,"{'learning_rate': 0.005569034553998812, 'lr_reduce': 0.6}",TPESampler,COMPLETE
2157,0.020941700786352158,2025-04-26 16:48:20.032759,2025-04-26 16:48:43.184809,0 days 00:00:23.152050,0.013003758792562162,224,208,208,112.0,176.0,4,1,3,0.007800860508608635,0.6,/work3/arnaou/checkpoints/Tc_trial_2157_best_state.pt,"{'learning_rate': 0.007800860508608635, 'lr_reduce': 0.6}",TPESampler,COMPLETE
2158,0.03839942440390587,2025-04-26 16:48:41.132347,2025-04-26 16:48:53.043804,0 days 00:00:11.911457,0.16772220479859315,32,48,96,,,2,1,2,0.009961081020107863,0.6,/work3/arnaou/checkpoints/Tc_trial_2158_best_state.pt,"{'learning_rate': 0.009961081020107863, 'lr_reduce': 0.6}",TPESampler,COMPLETE
2159,0.02195848897099495,2025-04-26 16:48:43.350883,2025-04-26 16:49:00.989085,0 days 00:00:17.638202,0.051243473269282885,160,240,208,176.0,80.0,4,2,1,0.009950002557243313,0.6,/work3/arnaou/checkpoints/Tc_trial_2159_best_state.pt,"{'learning_rate': 0.009950002557243313, 'lr_reduce': 0.6}",TPESampler,COMPLETE
2160,0.018842147663235664,2025-04-26 16:48:43.400809,2025-04-26 16:49:00.014657,0 days 00:00:16.613848,0.038914867699942096,224,192,192,80.0,,3,1,1,0.00289274646597214,0.6,/work3/arnaou/checkpoints/Tc_trial_2160_best_state.pt,"{'learning_rate': 0.00289274646597214, 'lr_reduce': 0.6}",TPESampler,COMPLETE
2161,0.02359793335199356,2025-04-26 16:48:53.320112,2025-04-26 16:49:19.137523,0 days 00:00:25.817411,0.02636852774168843,256,208,192,192.0,,3,2,2,0.004629219237665992,0.6,/work3/arnaou/checkpoints/Tc_trial_2161_best_state.pt,"{'learning_rate': 0.004629219237665992, 'lr_reduce': 0.6}",TPESampler,COMPLETE
2162,0.017330031841993332,2025-04-26 16:49:00.223637,2025-04-26 16:49:22.128630,0 days 00:00:21.904993,0.00897719142974585,256,208,256,144.0,48.0,4,1,1,0.006453293558071215,0.6,/work3/arnaou/checkpoints/Tc_trial_2162_best_state.pt,"{'learning_rate': 0.006453293558071215, 'lr_reduce': 0.6}",TPESampler,COMPLETE
2163,0.02583804726600647,2025-04-26 16:49:01.344416,2025-04-26 16:49:28.757975,0 days 00:00:27.413559,0.0644151772461288,256,240,128,160.0,,3,3,2,0.0004885884397376492,0.6,/work3/arnaou/checkpoints/Tc_trial_2163_best_state.pt,"{'learning_rate': 0.0004885884397376492, 'lr_reduce': 0.6}",TPESampler,COMPLETE
2164,0.11744316667318344,2025-04-26 16:49:19.391026,2025-04-26 16:49:45.210699,0 days 00:00:25.819673,0.07811864894660578,32,176,112,240.0,224.0,4,1,2,0.00011470282607249245,0.6,/work3/arnaou/checkpoints/Tc_trial_2164_best_state.pt,"{'learning_rate': 0.00011470282607249245, 'lr_reduce': 0.6}",TPESampler,COMPLETE
2165,0.020322760567069054,2025-04-26 16:49:22.380116,2025-04-26 16:49:47.463202,0 days 00:00:25.083086,0.042852083213546346,144,96,256,192.0,,3,3,4,0.0018784801504379506,0.6,/work3/arnaou/checkpoints/Tc_trial_2165_best_state.pt,"{'learning_rate': 0.0018784801504379506, 'lr_reduce': 0.6}",TPESampler,COMPLETE
2166,0.016851525753736496,2025-04-26 16:49:28.999491,2025-04-26 16:49:49.250969,0 days 00:00:20.251478,0.015982627495457036,160,224,240,128.0,,3,1,1,0.00496928868267816,0.6,/work3/arnaou/checkpoints/Tc_trial_2166_best_state.pt,"{'learning_rate': 0.00496928868267816, 'lr_reduce': 0.6}",TPESampler,COMPLETE
2167,0.024226943030953407,2025-04-26 16:49:45.443428,2025-04-26 16:50:05.198681,0 days 00:00:19.755253,0.008653086777566835,208,224,208,,,2,2,1,0.007705348493016395,0.6,/work3/arnaou/checkpoints/Tc_trial_2167_best_state.pt,"{'learning_rate': 0.007705348493016395, 'lr_reduce': 0.6}",TPESampler,COMPLETE
2168,0.02602124586701393,2025-04-26 16:49:47.690296,2025-04-26 16:50:08.546727,0 days 00:00:20.856431,0.04573191688083426,208,128,256,176.0,,3,1,1,0.009729086241060841,0.6,/work3/arnaou/checkpoints/Tc_trial_2168_best_state.pt,"{'learning_rate': 0.009729086241060841, 'lr_reduce': 0.6}",TPESampler,COMPLETE
2169,0.035579074174165726,2025-04-26 16:49:49.485980,2025-04-26 16:50:17.809050,0 days 00:00:28.323070,0.034908512121459276,160,128,32,,,2,2,4,0.00020558444425713827,0.6,/work3/arnaou/checkpoints/Tc_trial_2169_best_state.pt,"{'learning_rate': 0.00020558444425713827, 'lr_reduce': 0.6}",TPESampler,COMPLETE
2170,0.03874815255403519,2025-04-26 16:50:05.429757,2025-04-26 16:50:29.378365,0 days 00:00:23.948608,0.03080139652051174,48,32,256,208.0,96.0,4,1,2,0.00028830422591145585,0.6,/work3/arnaou/checkpoints/Tc_trial_2170_best_state.pt,"{'learning_rate': 0.00028830422591145585, 'lr_reduce': 0.6}",TPESampler,COMPLETE
2171,0.015631645917892456,2025-04-26 16:50:08.774045,2025-04-26 16:50:25.304257,0 days 00:00:16.530212,0.025038837909122334,176,240,176,,,2,2,1,0.0037858134204231423,0.6,/work3/arnaou/checkpoints/Tc_trial_2171_best_state.pt,"{'learning_rate': 0.0037858134204231423, 'lr_reduce': 0.6}",TPESampler,COMPLETE
2172,0.025539187714457512,2025-04-26 16:50:18.048040,2025-04-26 16:50:39.696309,0 days 00:00:21.648269,0.1002792842004981,192,144,208,,,2,2,1,0.007759101820776436,0.6,/work3/arnaou/checkpoints/Tc_trial_2172_best_state.pt,"{'learning_rate': 0.007759101820776436, 'lr_reduce': 0.6}",TPESampler,COMPLETE
