number,value,datetime_start,datetime_complete,duration,params_dropout,params_hidden_channels,params_mlp_dim_00,params_mlp_dim_01,params_mlp_dim_02,params_mlp_dim_03,params_mlp_n_layers,params_num_layers,params_num_timesteps,params_train_learning_rate,params_train_lr_reduce,user_attrs_best_state_dict_path,user_attrs_training_params,system_attrs_auto:sampler,state
1823,0.05961122736334801,2025-04-26 16:07:33.852754,2025-04-26 16:07:54.304163,0 days 00:00:20.451409,0.23398988311082608,160,32,256,80.0,96.0,4,3,1,0.0004206780745102416,0.6,/work3/arnaou/checkpoints/Tc_trial_1823_best_state.pt,"{'learning_rate': 0.0004206780745102416, 'lr_reduce': 0.6}",TPESampler,COMPLETE
1824,0.016002938151359558,2025-04-26 16:07:41.950368,2025-04-26 16:08:01.244904,0 days 00:00:19.294536,0.05263968636130377,256,176,192,208.0,192.0,4,1,1,0.002680293324842561,0.6,/work3/arnaou/checkpoints/Tc_trial_1824_best_state.pt,"{'learning_rate': 0.002680293324842561, 'lr_reduce': 0.6}",TPESampler,COMPLETE
1825,0.03065531700849533,2025-04-26 16:07:48.698801,2025-04-26 16:08:16.028885,0 days 00:00:27.330084,0.12955023277861868,80,240,32,160.0,,3,4,2,0.002135680172933238,0.6,/work3/arnaou/checkpoints/Tc_trial_1825_best_state.pt,"{'learning_rate': 0.002135680172933238, 'lr_reduce': 0.6}",TPESampler,COMPLETE
1826,0.01542738452553749,2025-04-26 16:07:54.642770,2025-04-26 16:08:17.946045,0 days 00:00:23.303275,0.00935236235938188,256,240,176,176.0,,3,1,1,0.004249077074418652,0.6,/work3/arnaou/checkpoints/Tc_trial_1826_best_state.pt,"{'learning_rate': 0.004249077074418652, 'lr_reduce': 0.6}",TPESampler,COMPLETE
1827,0.019582251086831093,2025-04-26 16:08:01.445097,2025-04-26 16:08:22.434603,0 days 00:00:20.989506,0.042258927844624705,256,144,224,128.0,,3,1,2,0.007942270912249092,0.6,/work3/arnaou/checkpoints/Tc_trial_1827_best_state.pt,"{'learning_rate': 0.007942270912249092, 'lr_reduce': 0.6}",TPESampler,COMPLETE
1828,0.01782022789120674,2025-04-26 16:08:16.292259,2025-04-26 16:08:37.909218,0 days 00:00:21.616959,0.007555989615300668,192,176,144,240.0,,3,2,1,0.0020980683308639957,0.6,/work3/arnaou/checkpoints/Tc_trial_1828_best_state.pt,"{'learning_rate': 0.0020980683308639957, 'lr_reduce': 0.6}",TPESampler,COMPLETE
1829,0.01616837829351425,2025-04-26 16:08:18.187071,2025-04-26 16:08:39.819574,0 days 00:00:21.632503,0.07024831957126425,256,256,192,192.0,64.0,4,2,1,0.002034085976480627,0.6,/work3/arnaou/checkpoints/Tc_trial_1829_best_state.pt,"{'learning_rate': 0.002034085976480627, 'lr_reduce': 0.6}",TPESampler,COMPLETE
1830,0.01763935759663582,2025-04-26 16:08:22.682430,2025-04-26 16:08:44.550342,0 days 00:00:21.867912,0.008694135363533468,224,208,208,160.0,80.0,4,1,2,0.009160734348931894,0.6,/work3/arnaou/checkpoints/Tc_trial_1830_best_state.pt,"{'learning_rate': 0.009160734348931894, 'lr_reduce': 0.6}",TPESampler,COMPLETE
1831,0.028394950553774834,2025-04-26 16:08:38.164192,2025-04-26 16:09:01.133589,0 days 00:00:22.969397,0.13977999987364323,208,224,224,208.0,,3,4,1,0.003024215722388091,0.6,/work3/arnaou/checkpoints/Tc_trial_1831_best_state.pt,"{'learning_rate': 0.003024215722388091, 'lr_reduce': 0.6}",TPESampler,COMPLETE
1832,0.014976087026298046,2025-04-26 16:08:40.037375,2025-04-26 16:09:00.584094,0 days 00:00:20.546719,0.006298410061129807,176,192,160,144.0,48.0,4,1,1,0.00308743819019721,0.6,/work3/arnaou/checkpoints/Tc_trial_1832_best_state.pt,"{'learning_rate': 0.00308743819019721, 'lr_reduce': 0.6}",TPESampler,COMPLETE
1833,0.018757672980427742,2025-04-26 16:08:44.755749,2025-04-26 16:09:04.374272,0 days 00:00:19.618523,0.03808289829247198,224,176,224,96.0,,3,1,1,0.0036291632845749707,0.6,/work3/arnaou/checkpoints/Tc_trial_1833_best_state.pt,"{'learning_rate': 0.0036291632845749707, 'lr_reduce': 0.6}",TPESampler,COMPLETE
1834,0.018609318882226944,2025-04-26 16:09:00.816090,2025-04-26 16:09:22.468148,0 days 00:00:21.652058,0.06728131296447303,160,112,160,48.0,,3,2,1,0.0038913304602137913,0.6,/work3/arnaou/checkpoints/Tc_trial_1834_best_state.pt,"{'learning_rate': 0.0038913304602137913, 'lr_reduce': 0.6}",TPESampler,COMPLETE
1835,0.020620474591851234,2025-04-26 16:09:01.391387,2025-04-26 16:09:14.579247,0 days 00:00:13.187860,0.10824333429956626,128,128,256,176.0,,3,1,1,0.0029881980769986757,0.6,/work3/arnaou/checkpoints/Tc_trial_1835_best_state.pt,"{'learning_rate': 0.0029881980769986757, 'lr_reduce': 0.6}",TPESampler,COMPLETE
1836,0.01862282119691372,2025-04-26 16:09:04.662323,2025-04-26 16:09:26.437506,0 days 00:00:21.775183,0.09419903358058787,224,240,208,192.0,96.0,4,2,2,0.0026083528348690294,0.6,/work3/arnaou/checkpoints/Tc_trial_1836_best_state.pt,"{'learning_rate': 0.0026083528348690294, 'lr_reduce': 0.6}",TPESampler,COMPLETE
1837,0.02285170555114746,2025-04-26 16:09:14.819533,2025-04-26 16:09:31.719466,0 days 00:00:16.899933,0.049653935815137766,208,192,208,256.0,144.0,4,1,2,0.00958321282964152,0.6,/work3/arnaou/checkpoints/Tc_trial_1837_best_state.pt,"{'learning_rate': 0.00958321282964152, 'lr_reduce': 0.6}",TPESampler,COMPLETE
1838,0.02273428812623024,2025-04-26 16:09:22.701620,2025-04-26 16:09:42.936196,0 days 00:00:20.234576,0.060702517758813024,208,176,240,128.0,64.0,4,1,1,0.002817159985441469,0.6,/work3/arnaou/checkpoints/Tc_trial_1838_best_state.pt,"{'learning_rate': 0.002817159985441469, 'lr_reduce': 0.6}",TPESampler,COMPLETE
1839,0.018445998430252075,2025-04-26 16:09:26.667246,2025-04-26 16:09:42.004541,0 days 00:00:15.337295,0.0012633102586636176,256,176,256,160.0,32.0,4,1,1,0.0031476715541900054,0.6,/work3/arnaou/checkpoints/Tc_trial_1839_best_state.pt,"{'learning_rate': 0.0031476715541900054, 'lr_reduce': 0.6}",TPESampler,COMPLETE
1840,0.02072034403681755,2025-04-26 16:09:31.960325,2025-04-26 16:09:54.058814,0 days 00:00:22.098489,0.022969709401592722,224,208,192,208.0,,3,2,1,0.007261809853276192,0.6,/work3/arnaou/checkpoints/Tc_trial_1840_best_state.pt,"{'learning_rate': 0.007261809853276192, 'lr_reduce': 0.6}",TPESampler,COMPLETE
1841,0.017237428575754166,2025-04-26 16:09:42.257804,2025-04-26 16:10:02.765022,0 days 00:00:20.507218,0.060591529089656926,160,224,256,176.0,,3,1,1,0.004282011334923951,0.6,/work3/arnaou/checkpoints/Tc_trial_1841_best_state.pt,"{'learning_rate': 0.004282011334923951, 'lr_reduce': 0.6}",TPESampler,COMPLETE
1842,0.020703503862023354,2025-04-26 16:09:43.179835,2025-04-26 16:10:00.470464,0 days 00:00:17.290629,0.07141652533877692,240,176,256,,,2,1,2,0.005468548768811367,0.6,/work3/arnaou/checkpoints/Tc_trial_1842_best_state.pt,"{'learning_rate': 0.005468548768811367, 'lr_reduce': 0.6}",TPESampler,COMPLETE
1843,0.02147526852786541,2025-04-26 16:09:54.351601,2025-04-26 16:10:14.714265,0 days 00:00:20.362664,0.07615810834046409,192,96,112,,,2,2,1,0.007119051172170842,0.6,/work3/arnaou/checkpoints/Tc_trial_1843_best_state.pt,"{'learning_rate': 0.007119051172170842, 'lr_reduce': 0.6}",TPESampler,COMPLETE
1844,0.01812475547194481,2025-04-26 16:10:00.751651,2025-04-26 16:10:19.711655,0 days 00:00:18.960004,0.021332751268439427,256,192,224,224.0,,3,1,1,0.0022355157156244585,0.6,/work3/arnaou/checkpoints/Tc_trial_1844_best_state.pt,"{'learning_rate': 0.0022355157156244585, 'lr_reduce': 0.6}",TPESampler,COMPLETE
1845,0.017305413261055946,2025-04-26 16:10:03.011571,2025-04-26 16:10:22.577604,0 days 00:00:19.566033,0.006568326144097646,112,224,256,144.0,80.0,4,1,1,0.003312585349803612,0.6,/work3/arnaou/checkpoints/Tc_trial_1845_best_state.pt,"{'learning_rate': 0.003312585349803612, 'lr_reduce': 0.6}",TPESampler,COMPLETE
1846,0.016186518594622612,2025-04-26 16:10:14.962973,2025-04-26 16:10:39.485438,0 days 00:00:24.522465,0.02675714849070296,192,176,240,,,2,3,2,0.001919892063378435,0.6,/work3/arnaou/checkpoints/Tc_trial_1846_best_state.pt,"{'learning_rate': 0.001919892063378435, 'lr_reduce': 0.6}",TPESampler,COMPLETE
1847,0.03338989242911339,2025-04-26 16:10:20.068150,2025-04-26 16:10:42.497682,0 days 00:00:22.429532,0.01963707819679858,32,48,64,192.0,112.0,4,1,1,0.0008434795329537828,0.6,/work3/arnaou/checkpoints/Tc_trial_1847_best_state.pt,"{'learning_rate': 0.0008434795329537828, 'lr_reduce': 0.6}",TPESampler,COMPLETE
1848,0.022158822044730186,2025-04-26 16:10:22.789676,2025-04-26 16:10:38.320251,0 days 00:00:15.530575,0.0017402515448384423,208,256,160,112.0,,3,1,1,0.001699940452427527,0.6,/work3/arnaou/checkpoints/Tc_trial_1848_best_state.pt,"{'learning_rate': 0.001699940452427527, 'lr_reduce': 0.6}",TPESampler,COMPLETE
1849,0.018229834735393524,2025-04-26 16:10:38.721559,2025-04-26 16:10:57.888541,0 days 00:00:19.166982,0.06850431421713721,256,176,256,160.0,,3,1,1,0.008188635668555832,0.6,/work3/arnaou/checkpoints/Tc_trial_1849_best_state.pt,"{'learning_rate': 0.008188635668555832, 'lr_reduce': 0.6}",TPESampler,COMPLETE
1850,0.026536839082837105,2025-04-26 16:10:39.698132,2025-04-26 16:11:00.664851,0 days 00:00:20.966719,0.26420666951184946,144,160,240,,,2,3,4,0.0021489531853537617,0.6,/work3/arnaou/checkpoints/Tc_trial_1850_best_state.pt,"{'learning_rate': 0.0021489531853537617, 'lr_reduce': 0.6}",TPESampler,COMPLETE
1851,0.021272072568535805,2025-04-26 16:10:42.729825,2025-04-26 16:11:03.663206,0 days 00:00:20.933381,0.03493911996528854,192,144,256,176.0,64.0,4,1,1,0.0010918432482385613,0.6,/work3/arnaou/checkpoints/Tc_trial_1851_best_state.pt,"{'learning_rate': 0.0010918432482385613, 'lr_reduce': 0.6}",TPESampler,COMPLETE
1852,0.016479477286338806,2025-04-26 16:10:58.109058,2025-04-26 16:11:18.462520,0 days 00:00:20.353462,0.11470190206908301,160,144,256,,,2,1,1,0.003507313805410555,0.6,/work3/arnaou/checkpoints/Tc_trial_1852_best_state.pt,"{'learning_rate': 0.003507313805410555, 'lr_reduce': 0.6}",TPESampler,COMPLETE
1853,0.017842330038547516,2025-04-26 16:11:00.892801,2025-04-26 16:11:19.346778,0 days 00:00:18.453977,0.09705207480131033,176,144,208,208.0,,3,1,1,0.004011127774851292,0.6,/work3/arnaou/checkpoints/Tc_trial_1853_best_state.pt,"{'learning_rate': 0.004011127774851292, 'lr_reduce': 0.6}",TPESampler,COMPLETE
1854,0.0156681127846241,2025-04-26 16:11:03.884140,2025-04-26 16:11:26.187291,0 days 00:00:22.303151,0.021812037517392996,240,256,192,144.0,,3,2,1,0.005511870996984366,0.6,/work3/arnaou/checkpoints/Tc_trial_1854_best_state.pt,"{'learning_rate': 0.005511870996984366, 'lr_reduce': 0.6}",TPESampler,COMPLETE
1855,0.01827489770948887,2025-04-26 16:11:18.692089,2025-04-26 16:11:34.828124,0 days 00:00:16.136035,0.04557517478328406,176,224,80,192.0,,3,1,1,0.0023878918993127185,0.6,/work3/arnaou/checkpoints/Tc_trial_1855_best_state.pt,"{'learning_rate': 0.0023878918993127185, 'lr_reduce': 0.6}",TPESampler,COMPLETE
1856,0.01501864567399025,2025-04-26 16:11:19.586496,2025-04-26 16:11:35.645200,0 days 00:00:16.058704,0.0802029194276602,240,144,256,240.0,,3,1,1,0.003621822115538567,0.6,/work3/arnaou/checkpoints/Tc_trial_1856_best_state.pt,"{'learning_rate': 0.003621822115538567, 'lr_reduce': 0.6}",TPESampler,COMPLETE
1857,0.018385356292128563,2025-04-26 16:11:26.394516,2025-04-26 16:11:49.557885,0 days 00:00:23.163369,0.0575129678901249,256,176,160,128.0,,3,2,1,0.006479368768977377,0.6,/work3/arnaou/checkpoints/Tc_trial_1857_best_state.pt,"{'learning_rate': 0.006479368768977377, 'lr_reduce': 0.6}",TPESampler,COMPLETE
1858,0.022610917687416077,2025-04-26 16:11:35.057556,2025-04-26 16:11:56.282877,0 days 00:00:21.225321,0.14807544548779467,176,256,176,64.0,,3,3,2,0.007672532096096522,0.6,/work3/arnaou/checkpoints/Tc_trial_1858_best_state.pt,"{'learning_rate': 0.007672532096096522, 'lr_reduce': 0.6}",TPESampler,COMPLETE
1859,0.044515639543533325,2025-04-26 16:11:35.869374,2025-04-26 16:11:59.584025,0 days 00:00:23.714651,0.14698049079381315,224,144,208,160.0,80.0,4,2,1,0.0002603797963774269,0.6,/work3/arnaou/checkpoints/Tc_trial_1859_best_state.pt,"{'learning_rate': 0.0002603797963774269, 'lr_reduce': 0.6}",TPESampler,COMPLETE
1860,0.019827980548143387,2025-04-26 16:11:49.810578,2025-04-26 16:12:09.522639,0 days 00:00:19.712061,0.019406823731915872,176,208,240,176.0,48.0,4,1,2,0.009230607471013312,0.6,/work3/arnaou/checkpoints/Tc_trial_1860_best_state.pt,"{'learning_rate': 0.009230607471013312, 'lr_reduce': 0.6}",TPESampler,COMPLETE
1861,0.0185463298112154,2025-04-26 16:11:56.686204,2025-04-26 16:12:19.612263,0 days 00:00:22.926059,0.04456109217031151,208,224,176,96.0,96.0,4,2,2,0.0035328095086195103,0.6,/work3/arnaou/checkpoints/Tc_trial_1861_best_state.pt,"{'learning_rate': 0.0035328095086195103, 'lr_reduce': 0.6}",TPESampler,COMPLETE
1862,0.020882034674286842,2025-04-26 16:11:59.815996,2025-04-26 16:12:21.615837,0 days 00:00:21.799841,0.0017059354586972508,176,192,240,224.0,64.0,4,1,1,0.005628340007459571,0.6,/work3/arnaou/checkpoints/Tc_trial_1862_best_state.pt,"{'learning_rate': 0.005628340007459571, 'lr_reduce': 0.6}",TPESampler,COMPLETE
1863,0.018813325092196465,2025-04-26 16:12:09.749432,2025-04-26 16:12:29.422049,0 days 00:00:19.672617,0.08301292267774057,192,176,256,,,2,3,1,0.001818238236606776,0.6,/work3/arnaou/checkpoints/Tc_trial_1863_best_state.pt,"{'learning_rate': 0.001818238236606776, 'lr_reduce': 0.6}",TPESampler,COMPLETE
1864,0.017500638961791992,2025-04-26 16:12:19.819096,2025-04-26 16:12:40.598039,0 days 00:00:20.778943,0.00857087843395467,160,144,192,192.0,112.0,4,2,1,0.004693017907174716,0.6,/work3/arnaou/checkpoints/Tc_trial_1864_best_state.pt,"{'learning_rate': 0.004693017907174716, 'lr_reduce': 0.6}",TPESampler,COMPLETE
1865,0.04691920429468155,2025-04-26 16:12:21.863243,2025-04-26 16:12:46.931389,0 days 00:00:25.068146,0.08581226489897477,208,240,32,144.0,48.0,4,4,4,0.0003954831849824887,0.6,/work3/arnaou/checkpoints/Tc_trial_1865_best_state.pt,"{'learning_rate': 0.0003954831849824887, 'lr_reduce': 0.6}",TPESampler,COMPLETE
1866,0.01818188652396202,2025-04-26 16:12:29.647396,2025-04-26 16:12:53.181799,0 days 00:00:23.534403,0.10391805972047091,256,240,208,176.0,80.0,4,1,3,0.007454703606177171,0.6,/work3/arnaou/checkpoints/Tc_trial_1866_best_state.pt,"{'learning_rate': 0.007454703606177171, 'lr_reduce': 0.6}",TPESampler,COMPLETE
1867,0.025819171220064163,2025-04-26 16:12:40.898029,2025-04-26 16:13:03.373703,0 days 00:00:22.475674,0.010119206358271474,224,256,96,160.0,,3,2,2,0.004769810339447037,0.6,/work3/arnaou/checkpoints/Tc_trial_1867_best_state.pt,"{'learning_rate': 0.004769810339447037, 'lr_reduce': 0.6}",TPESampler,COMPLETE
1868,0.022052455693483353,2025-04-26 16:12:47.235756,2025-04-26 16:13:05.944478,0 days 00:00:18.708722,0.011321065282318006,208,192,224,208.0,,3,1,1,0.008542813285486832,0.6,/work3/arnaou/checkpoints/Tc_trial_1868_best_state.pt,"{'learning_rate': 0.008542813285486832, 'lr_reduce': 0.6}",TPESampler,COMPLETE
1869,0.019593307748436928,2025-04-26 16:12:53.602592,2025-04-26 16:13:15.493226,0 days 00:00:21.890634,0.0001996577621912153,192,144,240,112.0,64.0,4,1,1,0.00399813743171837,0.6,/work3/arnaou/checkpoints/Tc_trial_1869_best_state.pt,"{'learning_rate': 0.00399813743171837, 'lr_reduce': 0.6}",TPESampler,COMPLETE
1870,0.0769699364900589,2025-04-26 16:13:03.595675,2025-04-26 16:13:36.900949,0 days 00:00:33.305274,0.20775566329550643,256,32,32,,,2,4,4,0.00020561397289041886,0.6,/work3/arnaou/checkpoints/Tc_trial_1870_best_state.pt,"{'learning_rate': 0.00020561397289041886, 'lr_reduce': 0.6}",TPESampler,COMPLETE
1871,0.016404006630182266,2025-04-26 16:13:06.178713,2025-04-26 16:13:33.018751,0 days 00:00:26.840038,0.05641301104287916,224,224,192,192.0,,3,3,1,0.0021989981589414396,0.6,/work3/arnaou/checkpoints/Tc_trial_1871_best_state.pt,"{'learning_rate': 0.0021989981589414396, 'lr_reduce': 0.6}",TPESampler,COMPLETE
1872,0.024299131706357002,2025-04-26 16:13:15.733046,2025-04-26 16:13:34.151031,0 days 00:00:18.417985,0.004308177475753002,224,208,208,144.0,,3,2,2,0.00325929277290491,0.6,/work3/arnaou/checkpoints/Tc_trial_1872_best_state.pt,"{'learning_rate': 0.00325929277290491, 'lr_reduce': 0.6}",TPESampler,COMPLETE
1873,0.019564729183912277,2025-04-26 16:13:33.243919,2025-04-26 16:13:52.400565,0 days 00:00:19.156646,0.011949393687310399,240,192,176,224.0,32.0,4,1,1,0.0026879888646024162,0.6,/work3/arnaou/checkpoints/Tc_trial_1873_best_state.pt,"{'learning_rate': 0.0026879888646024162, 'lr_reduce': 0.6}",TPESampler,COMPLETE
1874,0.018424998968839645,2025-04-26 16:13:34.457795,2025-04-26 16:13:56.933144,0 days 00:00:22.475349,0.06350474553932065,192,192,208,176.0,96.0,4,2,1,0.0033612307215632703,0.6,/work3/arnaou/checkpoints/Tc_trial_1874_best_state.pt,"{'learning_rate': 0.0033612307215632703, 'lr_reduce': 0.6}",TPESampler,COMPLETE
1875,0.019742758944630623,2025-04-26 16:13:37.142668,2025-04-26 16:13:56.332795,0 days 00:00:19.190127,0.015113815964953134,256,176,256,128.0,,3,1,1,0.003710595696696557,0.6,/work3/arnaou/checkpoints/Tc_trial_1875_best_state.pt,"{'learning_rate': 0.003710595696696557, 'lr_reduce': 0.6}",TPESampler,COMPLETE
1876,0.03516004607081413,2025-04-26 16:13:52.614140,2025-04-26 16:14:16.214851,0 days 00:00:23.600711,0.20378350569590464,224,192,208,,,2,3,2,0.009453287195374664,0.6,/work3/arnaou/checkpoints/Tc_trial_1876_best_state.pt,"{'learning_rate': 0.009453287195374664, 'lr_reduce': 0.6}",TPESampler,COMPLETE
1877,0.02540614642202854,2025-04-26 16:13:56.562462,2025-04-26 16:14:17.838953,0 days 00:00:21.276491,0.0005914433203617776,224,160,256,160.0,,3,1,1,0.0005996997222605043,0.6,/work3/arnaou/checkpoints/Tc_trial_1877_best_state.pt,"{'learning_rate': 0.0005996997222605043, 'lr_reduce': 0.6}",TPESampler,COMPLETE
1878,0.05738399177789688,2025-04-26 16:13:57.255444,2025-04-26 16:14:22.936362,0 days 00:00:25.680918,0.23066631150635442,80,32,176,,,2,1,3,0.0002442120469863163,0.6,/work3/arnaou/checkpoints/Tc_trial_1878_best_state.pt,"{'learning_rate': 0.0002442120469863163, 'lr_reduce': 0.6}",TPESampler,COMPLETE
1879,0.018978124484419823,2025-04-26 16:14:16.440160,2025-04-26 16:14:33.110030,0 days 00:00:16.669870,0.04497674336756256,256,208,208,80.0,,3,1,1,0.004412578203655887,0.6,/work3/arnaou/checkpoints/Tc_trial_1879_best_state.pt,"{'learning_rate': 0.004412578203655887, 'lr_reduce': 0.6}",TPESampler,COMPLETE
1880,0.027498090639710426,2025-04-26 16:14:18.070029,2025-04-26 16:14:38.743389,0 days 00:00:20.673360,0.05454459932040263,224,224,144,208.0,,3,2,1,0.00953215505412107,0.6,/work3/arnaou/checkpoints/Tc_trial_1880_best_state.pt,"{'learning_rate': 0.00953215505412107, 'lr_reduce': 0.6}",TPESampler,COMPLETE
1881,0.01950337179005146,2025-04-26 16:14:23.158907,2025-04-26 16:14:45.003848,0 days 00:00:21.844941,0.02878866672838514,208,96,208,256.0,80.0,4,2,1,0.00852116884071731,0.6,/work3/arnaou/checkpoints/Tc_trial_1881_best_state.pt,"{'learning_rate': 0.00852116884071731, 'lr_reduce': 0.6}",TPESampler,COMPLETE
1882,0.015760544687509537,2025-04-26 16:14:33.336360,2025-04-26 16:14:54.706021,0 days 00:00:21.369661,0.008042905888586154,208,208,192,176.0,64.0,4,1,1,0.004786579842288661,0.6,/work3/arnaou/checkpoints/Tc_trial_1882_best_state.pt,"{'learning_rate': 0.004786579842288661, 'lr_reduce': 0.6}",TPESampler,COMPLETE
1883,0.01950312964618206,2025-04-26 16:14:38.965006,2025-04-26 16:14:56.729207,0 days 00:00:17.764201,0.016337226450951446,256,208,208,192.0,128.0,4,1,2,0.006191725286054897,0.6,/work3/arnaou/checkpoints/Tc_trial_1883_best_state.pt,"{'learning_rate': 0.006191725286054897, 'lr_reduce': 0.6}",TPESampler,COMPLETE
1884,0.04152084141969681,2025-04-26 16:14:45.237814,2025-04-26 16:15:05.073553,0 days 00:00:19.835739,0.17402994608224823,176,128,128,144.0,96.0,4,2,2,0.0059775770640332895,0.6,/work3/arnaou/checkpoints/Tc_trial_1884_best_state.pt,"{'learning_rate': 0.0059775770640332895, 'lr_reduce': 0.6}",TPESampler,COMPLETE
1885,0.037162505090236664,2025-04-26 16:14:54.971833,2025-04-26 16:15:21.563627,0 days 00:00:26.591794,0.10042871219467281,32,80,192,160.0,48.0,4,4,4,0.003007323165576197,0.6,/work3/arnaou/checkpoints/Tc_trial_1885_best_state.pt,"{'learning_rate': 0.003007323165576197, 'lr_reduce': 0.6}",TPESampler,COMPLETE
1886,0.01718735881149769,2025-04-26 16:14:56.949908,2025-04-26 16:15:15.943643,0 days 00:00:18.993735,0.06448164288951932,160,128,192,,,2,2,1,0.003780422165166822,0.6,/work3/arnaou/checkpoints/Tc_trial_1886_best_state.pt,"{'learning_rate': 0.003780422165166822, 'lr_reduce': 0.6}",TPESampler,COMPLETE
1887,0.01903490722179413,2025-04-26 16:15:05.288842,2025-04-26 16:15:21.527325,0 days 00:00:16.238483,0.004172835031625515,208,176,256,,,2,2,1,0.0019097584136059326,0.6,/work3/arnaou/checkpoints/Tc_trial_1887_best_state.pt,"{'learning_rate': 0.0019097584136059326, 'lr_reduce': 0.6}",TPESampler,COMPLETE
1888,0.017890330404043198,2025-04-26 16:15:16.171174,2025-04-26 16:15:37.932448,0 days 00:00:21.761274,0.03667061421193371,192,256,256,208.0,,3,3,1,0.0013005509357914195,0.6,/work3/arnaou/checkpoints/Tc_trial_1888_best_state.pt,"{'learning_rate': 0.0013005509357914195, 'lr_reduce': 0.6}",TPESampler,COMPLETE
1889,0.022787801921367645,2025-04-26 16:15:21.689628,2025-04-26 16:15:43.395684,0 days 00:00:21.706056,0.052837966841759655,192,144,208,112.0,,3,1,2,0.009863450327127045,0.6,/work3/arnaou/checkpoints/Tc_trial_1889_best_state.pt,"{'learning_rate': 0.009863450327127045, 'lr_reduce': 0.6}",TPESampler,COMPLETE
1890,0.0187979768961668,2025-04-26 16:15:21.743154,2025-04-26 16:15:34.641813,0 days 00:00:12.898659,9.171038805632498e-05,176,160,256,112.0,,3,1,1,0.009522143084911713,0.6,/work3/arnaou/checkpoints/Tc_trial_1890_best_state.pt,"{'learning_rate': 0.009522143084911713, 'lr_reduce': 0.6}",TPESampler,COMPLETE
1891,0.018777523189783096,2025-04-26 16:15:34.877951,2025-04-26 16:15:56.593793,0 days 00:00:21.715842,0.04794332142714477,144,192,192,176.0,80.0,4,1,1,0.004234624995191267,0.6,/work3/arnaou/checkpoints/Tc_trial_1891_best_state.pt,"{'learning_rate': 0.004234624995191267, 'lr_reduce': 0.6}",TPESampler,COMPLETE
1892,0.01607927307486534,2025-04-26 16:15:38.313971,2025-04-26 16:15:57.993320,0 days 00:00:19.679349,0.031605242839125636,256,240,160,192.0,,3,3,1,0.002282761878888311,0.6,/work3/arnaou/checkpoints/Tc_trial_1892_best_state.pt,"{'learning_rate': 0.002282761878888311, 'lr_reduce': 0.6}",TPESampler,COMPLETE
