number,value,datetime_start,datetime_complete,duration,params_dropout,params_hidden_channels,params_mlp_dim_00,params_mlp_dim_01,params_mlp_dim_02,params_mlp_dim_03,params_mlp_n_layers,params_num_layers,params_num_timesteps,params_train_learning_rate,params_train_lr_reduce,user_attrs_best_state_dict_path,user_attrs_training_params,system_attrs_auto:sampler,state
1194,0.025475438684225082,2025-04-26 14:52:30.664075,2025-04-26 14:52:48.122205,0 days 00:00:17.458130,0.00023081238255967616,240,208,240,256.0,48.0,4,1,1,0.00828646283332221,0.6,/work3/arnaou/checkpoints/Tc_trial_1194_best_state.pt,"{'learning_rate': 0.00828646283332221, 'lr_reduce': 0.6}",TPESampler,COMPLETE
1195,0.01951558329164982,2025-04-26 14:52:33.120684,2025-04-26 14:52:53.617826,0 days 00:00:20.497142,0.02699821256343288,192,192,256,208.0,80.0,4,1,1,0.003548247818063606,0.6,/work3/arnaou/checkpoints/Tc_trial_1195_best_state.pt,"{'learning_rate': 0.003548247818063606, 'lr_reduce': 0.6}",TPESampler,COMPLETE
1196,0.026724815368652344,2025-04-26 14:52:43.289589,2025-04-26 14:53:05.816648,0 days 00:00:22.527059,0.017226952742621343,208,224,240,176.0,48.0,4,2,1,0.005199250863809234,0.6,/work3/arnaou/checkpoints/Tc_trial_1196_best_state.pt,"{'learning_rate': 0.005199250863809234, 'lr_reduce': 0.6}",TPESampler,COMPLETE
1197,0.02185903862118721,2025-04-26 14:52:48.363053,2025-04-26 14:53:11.186600,0 days 00:00:22.823547,0.05835139482083065,256,144,224,176.0,112.0,4,2,2,0.0073313132059436665,0.6,/work3/arnaou/checkpoints/Tc_trial_1197_best_state.pt,"{'learning_rate': 0.0073313132059436665, 'lr_reduce': 0.6}",TPESampler,COMPLETE
1198,0.02446850948035717,2025-04-26 14:52:53.843956,2025-04-26 14:53:18.281271,0 days 00:00:24.437315,0.06407142399917325,256,224,160,208.0,80.0,4,1,4,0.0008003624323402422,0.6,/work3/arnaou/checkpoints/Tc_trial_1198_best_state.pt,"{'learning_rate': 0.0008003624323402422, 'lr_reduce': 0.6}",TPESampler,COMPLETE
1199,0.025680726394057274,2025-04-26 14:53:06.030270,2025-04-26 14:53:25.588214,0 days 00:00:19.557944,0.1653013920365773,192,160,240,176.0,64.0,4,1,1,0.006126998544717749,0.6,/work3/arnaou/checkpoints/Tc_trial_1199_best_state.pt,"{'learning_rate': 0.006126998544717749, 'lr_reduce': 0.6}",TPESampler,COMPLETE
1200,0.02231850102543831,2025-04-26 14:53:11.404014,2025-04-26 14:53:24.424892,0 days 00:00:13.020878,0.06988108971260387,208,176,224,208.0,,3,1,2,0.004168395006440748,0.6,/work3/arnaou/checkpoints/Tc_trial_1200_best_state.pt,"{'learning_rate': 0.004168395006440748, 'lr_reduce': 0.6}",TPESampler,COMPLETE
1201,0.15061742067337036,2025-04-26 14:53:18.459433,2025-04-26 14:53:44.618273,0 days 00:00:26.158840,0.11557166388795301,96,208,96,,,2,4,1,0.00024446917596954154,0.6,/work3/arnaou/checkpoints/Tc_trial_1201_best_state.pt,"{'learning_rate': 0.00024446917596954154, 'lr_reduce': 0.6}",TPESampler,COMPLETE
1202,0.03181412070989609,2025-04-26 14:53:24.620563,2025-04-26 14:53:51.262185,0 days 00:00:26.641622,0.15782075088338232,256,240,176,,,2,4,2,0.00016044097086867812,0.6,/work3/arnaou/checkpoints/Tc_trial_1202_best_state.pt,"{'learning_rate': 0.00016044097086867812, 'lr_reduce': 0.6}",TPESampler,COMPLETE
1203,0.016875434666872025,2025-04-26 14:53:25.816498,2025-04-26 14:53:43.585842,0 days 00:00:17.769344,0.05331104670814589,128,224,256,176.0,96.0,4,1,1,0.005799407356419894,0.6,/work3/arnaou/checkpoints/Tc_trial_1203_best_state.pt,"{'learning_rate': 0.005799407356419894, 'lr_reduce': 0.6}",TPESampler,COMPLETE
1204,0.01966319978237152,2025-04-26 14:53:43.768438,2025-04-26 14:54:03.408524,0 days 00:00:19.640086,0.049046543137486895,144,192,240,224.0,48.0,4,1,2,0.0018698586170505232,0.6,/work3/arnaou/checkpoints/Tc_trial_1204_best_state.pt,"{'learning_rate': 0.0018698586170505232, 'lr_reduce': 0.6}",TPESampler,COMPLETE
1205,0.023902835324406624,2025-04-26 14:53:44.859285,2025-04-26 14:54:06.013934,0 days 00:00:21.154649,0.0006519114383257592,192,224,256,160.0,80.0,4,1,1,0.008059930278122636,0.6,/work3/arnaou/checkpoints/Tc_trial_1205_best_state.pt,"{'learning_rate': 0.008059930278122636, 'lr_reduce': 0.6}",TPESampler,COMPLETE
1206,0.05826516076922417,2025-04-26 14:53:51.450939,2025-04-26 14:54:18.358603,0 days 00:00:26.907664,0.21292046904288597,240,32,256,,,2,3,4,0.00015873185991866986,0.6,/work3/arnaou/checkpoints/Tc_trial_1206_best_state.pt,"{'learning_rate': 0.00015873185991866986, 'lr_reduce': 0.6}",TPESampler,COMPLETE
1207,0.035589419305324554,2025-04-26 14:54:03.594543,2025-04-26 14:54:25.247729,0 days 00:00:21.653186,0.2677419780085989,160,112,96,192.0,,3,1,1,0.00027214852353618283,0.6,/work3/arnaou/checkpoints/Tc_trial_1207_best_state.pt,"{'learning_rate': 0.00027214852353618283, 'lr_reduce': 0.6}",TPESampler,COMPLETE
1208,0.02450687624514103,2025-04-26 14:54:06.241449,2025-04-26 14:54:29.571602,0 days 00:00:23.330153,0.0052567011999267,256,224,256,160.0,112.0,4,2,2,0.0035195082354088515,0.6,/work3/arnaou/checkpoints/Tc_trial_1208_best_state.pt,"{'learning_rate': 0.0035195082354088515, 'lr_reduce': 0.6}",TPESampler,COMPLETE
1209,0.016849055886268616,2025-04-26 14:54:18.555418,2025-04-26 14:54:35.963622,0 days 00:00:17.408204,0.038849233542707244,256,240,208,192.0,48.0,4,1,1,0.003725995051292997,0.6,/work3/arnaou/checkpoints/Tc_trial_1209_best_state.pt,"{'learning_rate': 0.003725995051292997, 'lr_reduce': 0.6}",TPESampler,COMPLETE
1210,0.021962549537420273,2025-04-26 14:54:25.439208,2025-04-26 14:54:46.284083,0 days 00:00:20.844875,0.025580458423266363,160,208,224,240.0,80.0,4,1,1,0.009851271068846836,0.6,/work3/arnaou/checkpoints/Tc_trial_1210_best_state.pt,"{'learning_rate': 0.009851271068846836, 'lr_reduce': 0.6}",TPESampler,COMPLETE
1211,0.0150724146515131,2025-04-26 14:54:29.767763,2025-04-26 14:54:49.551912,0 days 00:00:19.784149,0.03693508442273142,256,80,224,160.0,,3,1,2,0.00467110760306413,0.6,/work3/arnaou/checkpoints/Tc_trial_1211_best_state.pt,"{'learning_rate': 0.00467110760306413, 'lr_reduce': 0.6}",TPESampler,COMPLETE
1212,0.018245507031679153,2025-04-26 14:54:36.338476,2025-04-26 14:54:56.306754,0 days 00:00:19.968278,0.0926632221233787,176,96,128,,,2,2,2,0.0034624156033814905,0.6,/work3/arnaou/checkpoints/Tc_trial_1212_best_state.pt,"{'learning_rate': 0.0034624156033814905, 'lr_reduce': 0.6}",TPESampler,COMPLETE
1213,0.027531754225492477,2025-04-26 14:54:46.511432,2025-04-26 14:55:07.627985,0 days 00:00:21.116553,0.113538296677738,144,128,224,208.0,,3,1,2,0.008634440498164708,0.6,/work3/arnaou/checkpoints/Tc_trial_1213_best_state.pt,"{'learning_rate': 0.008634440498164708, 'lr_reduce': 0.6}",TPESampler,COMPLETE
1214,0.019513417035341263,2025-04-26 14:54:49.759351,2025-04-26 14:55:13.147594,0 days 00:00:23.388243,0.016428443265974924,256,160,256,176.0,,3,2,2,0.003504077615568612,0.6,/work3/arnaou/checkpoints/Tc_trial_1214_best_state.pt,"{'learning_rate': 0.003504077615568612, 'lr_reduce': 0.6}",TPESampler,COMPLETE
1215,0.022662369534373283,2025-04-26 14:54:56.526368,2025-04-26 14:55:14.136753,0 days 00:00:17.610385,0.09004435979937767,192,112,112,192.0,,3,2,1,0.0047730275576877545,0.6,/work3/arnaou/checkpoints/Tc_trial_1215_best_state.pt,"{'learning_rate': 0.0047730275576877545, 'lr_reduce': 0.6}",TPESampler,COMPLETE
1216,0.02174006961286068,2025-04-26 14:55:07.823403,2025-04-26 14:55:23.674017,0 days 00:00:15.850614,0.009967396435741599,240,208,240,160.0,64.0,4,1,2,0.0034882257527017926,0.6,/work3/arnaou/checkpoints/Tc_trial_1216_best_state.pt,"{'learning_rate': 0.0034882257527017926, 'lr_reduce': 0.6}",TPESampler,COMPLETE
1217,0.019574230536818504,2025-04-26 14:55:13.350267,2025-04-26 14:55:32.965764,0 days 00:00:19.615497,0.008692426635532578,208,160,176,224.0,96.0,4,1,1,0.0064193495111993185,0.6,/work3/arnaou/checkpoints/Tc_trial_1217_best_state.pt,"{'learning_rate': 0.0064193495111993185, 'lr_reduce': 0.6}",TPESampler,COMPLETE
1218,0.024292470887303352,2025-04-26 14:55:14.329828,2025-04-26 14:55:33.233002,0 days 00:00:18.903174,0.14240913887903622,176,144,128,192.0,,3,1,2,0.001434865617377377,0.6,/work3/arnaou/checkpoints/Tc_trial_1218_best_state.pt,"{'learning_rate': 0.001434865617377377, 'lr_reduce': 0.6}",TPESampler,COMPLETE
1219,0.01939808577299118,2025-04-26 14:55:23.880054,2025-04-26 14:55:40.388437,0 days 00:00:16.508383,0.0006614850140207566,256,160,208,160.0,48.0,4,1,1,0.0026124118194942167,0.6,/work3/arnaou/checkpoints/Tc_trial_1219_best_state.pt,"{'learning_rate': 0.0026124118194942167, 'lr_reduce': 0.6}",TPESampler,COMPLETE
1220,0.01870938017964363,2025-04-26 14:55:33.190393,2025-04-26 14:55:52.537661,0 days 00:00:19.347268,0.012702658080615416,224,160,256,256.0,80.0,4,1,1,0.00247534630642671,0.6,/work3/arnaou/checkpoints/Tc_trial_1220_best_state.pt,"{'learning_rate': 0.00247534630642671, 'lr_reduce': 0.6}",TPESampler,COMPLETE
1221,0.02365230955183506,2025-04-26 14:55:33.488814,2025-04-26 14:55:52.780326,0 days 00:00:19.291512,0.011753352116976395,256,192,256,208.0,112.0,4,1,1,0.003310295582791313,0.6,/work3/arnaou/checkpoints/Tc_trial_1221_best_state.pt,"{'learning_rate': 0.003310295582791313, 'lr_reduce': 0.6}",TPESampler,COMPLETE
1222,0.019087454304099083,2025-04-26 14:55:40.599680,2025-04-26 14:55:55.873810,0 days 00:00:15.274130,0.048343959160675784,144,128,256,176.0,48.0,4,1,1,0.0026712068351816107,0.6,/work3/arnaou/checkpoints/Tc_trial_1222_best_state.pt,"{'learning_rate': 0.0026712068351816107, 'lr_reduce': 0.6}",TPESampler,COMPLETE
1223,0.023097384721040726,2025-04-26 14:55:52.741218,2025-04-26 14:56:13.816691,0 days 00:00:21.075473,0.005364918505645071,256,208,256,160.0,,3,1,2,0.005461494797293529,0.6,/work3/arnaou/checkpoints/Tc_trial_1223_best_state.pt,"{'learning_rate': 0.005461494797293529, 'lr_reduce': 0.6}",TPESampler,COMPLETE
1224,0.019343161955475807,2025-04-26 14:55:53.003015,2025-04-26 14:56:07.980463,0 days 00:00:14.977448,0.0049106823312399135,144,176,208,192.0,80.0,4,1,1,0.003333607288300612,0.6,/work3/arnaou/checkpoints/Tc_trial_1224_best_state.pt,"{'learning_rate': 0.003333607288300612, 'lr_reduce': 0.6}",TPESampler,COMPLETE
1225,0.020701441913843155,2025-04-26 14:55:56.077556,2025-04-26 14:56:12.726781,0 days 00:00:16.649225,0.06440458942992647,176,192,256,224.0,64.0,4,1,1,0.00174832239466472,0.6,/work3/arnaou/checkpoints/Tc_trial_1225_best_state.pt,"{'learning_rate': 0.00174832239466472, 'lr_reduce': 0.6}",TPESampler,COMPLETE
1226,0.01929543726146221,2025-04-26 14:56:08.173962,2025-04-26 14:56:25.492383,0 days 00:00:17.318421,0.009038194896923896,256,208,256,48.0,,3,1,1,0.004583168448025257,0.6,/work3/arnaou/checkpoints/Tc_trial_1226_best_state.pt,"{'learning_rate': 0.004583168448025257, 'lr_reduce': 0.6}",TPESampler,COMPLETE
1227,0.0179664995521307,2025-04-26 14:56:12.958295,2025-04-26 14:56:28.271569,0 days 00:00:15.313274,0.03958538443374841,176,176,192,160.0,96.0,4,1,1,0.0038883236078952046,0.6,/work3/arnaou/checkpoints/Tc_trial_1227_best_state.pt,"{'learning_rate': 0.0038883236078952046, 'lr_reduce': 0.6}",TPESampler,COMPLETE
1228,0.021593891084194183,2025-04-26 14:56:14.166049,2025-04-26 14:56:39.151458,0 days 00:00:24.985409,5.712481822767179e-05,64,256,256,192.0,,3,2,4,0.007114782932897817,0.6,/work3/arnaou/checkpoints/Tc_trial_1228_best_state.pt,"{'learning_rate': 0.007114782932897817, 'lr_reduce': 0.6}",TPESampler,COMPLETE
1229,0.13503135740756989,2025-04-26 14:56:25.703894,2025-04-26 14:56:48.848864,0 days 00:00:23.144970,0.03401479364091217,64,32,176,160.0,48.0,4,2,1,0.00010310553918733382,0.6,/work3/arnaou/checkpoints/Tc_trial_1229_best_state.pt,"{'learning_rate': 0.00010310553918733382, 'lr_reduce': 0.6}",TPESampler,COMPLETE
1230,0.0316082201898098,2025-04-26 14:56:28.478565,2025-04-26 14:56:48.458729,0 days 00:00:19.980164,0.16526993330990028,48,144,256,,,2,2,4,0.001014597541396094,0.6,/work3/arnaou/checkpoints/Tc_trial_1230_best_state.pt,"{'learning_rate': 0.001014597541396094, 'lr_reduce': 0.6}",TPESampler,COMPLETE
1231,0.022602686658501625,2025-04-26 14:56:39.344740,2025-04-26 14:57:04.003229,0 days 00:00:24.658489,0.050652392746929134,240,48,128,176.0,80.0,4,4,1,0.001924381315758472,0.6,/work3/arnaou/checkpoints/Tc_trial_1231_best_state.pt,"{'learning_rate': 0.001924381315758472, 'lr_reduce': 0.6}",TPESampler,COMPLETE
1232,0.024426249787211418,2025-04-26 14:56:48.670350,2025-04-26 14:57:10.409915,0 days 00:00:21.739565,0.0008960449223660528,208,176,256,208.0,112.0,4,1,2,0.008543786501270854,0.6,/work3/arnaou/checkpoints/Tc_trial_1232_best_state.pt,"{'learning_rate': 0.008543786501270854, 'lr_reduce': 0.6}",TPESampler,COMPLETE
1233,0.01892385631799698,2025-04-26 14:56:49.102438,2025-04-26 14:57:06.059603,0 days 00:00:16.957165,0.08514494269968444,192,176,176,144.0,64.0,4,1,2,0.005624580226172513,0.6,/work3/arnaou/checkpoints/Tc_trial_1233_best_state.pt,"{'learning_rate': 0.005624580226172513, 'lr_reduce': 0.6}",TPESampler,COMPLETE
1234,0.022514456883072853,2025-04-26 14:57:04.211552,2025-04-26 14:57:24.606490,0 days 00:00:20.394938,0.03617985631369366,208,160,256,240.0,,3,1,1,0.0017550615472855713,0.6,/work3/arnaou/checkpoints/Tc_trial_1234_best_state.pt,"{'learning_rate': 0.0017550615472855713, 'lr_reduce': 0.6}",TPESampler,COMPLETE
1235,0.01901797018945217,2025-04-26 14:57:06.283171,2025-04-26 14:57:24.100628,0 days 00:00:17.817457,0.06848013737267528,240,144,192,176.0,,3,1,2,0.007689318650789177,0.6,/work3/arnaou/checkpoints/Tc_trial_1235_best_state.pt,"{'learning_rate': 0.007689318650789177, 'lr_reduce': 0.6}",TPESampler,COMPLETE
1236,0.018862644210457802,2025-04-26 14:57:10.624758,2025-04-26 14:57:23.610572,0 days 00:00:12.985814,0.009594696965623241,176,144,192,208.0,32.0,4,1,1,0.009532950042106076,0.6,/work3/arnaou/checkpoints/Tc_trial_1236_best_state.pt,"{'learning_rate': 0.009532950042106076, 'lr_reduce': 0.6}",TPESampler,COMPLETE
1237,0.017802515998482704,2025-04-26 14:57:23.823985,2025-04-26 14:57:52.103840,0 days 00:00:28.279855,0.07707900245197997,256,240,128,,,2,4,2,0.0015304351781230499,0.6,/work3/arnaou/checkpoints/Tc_trial_1237_best_state.pt,"{'learning_rate': 0.0015304351781230499, 'lr_reduce': 0.6}",TPESampler,COMPLETE
1238,0.02655116841197014,2025-04-26 14:57:24.303459,2025-04-26 14:57:45.386379,0 days 00:00:21.082920,0.1438631351261282,224,160,224,144.0,,3,1,2,0.006979694180356742,0.6,/work3/arnaou/checkpoints/Tc_trial_1238_best_state.pt,"{'learning_rate': 0.006979694180356742, 'lr_reduce': 0.6}",TPESampler,COMPLETE
1239,0.04707811772823334,2025-04-26 14:57:24.817198,2025-04-26 14:57:53.179704,0 days 00:00:28.362506,0.1653623705785499,256,32,240,192.0,80.0,4,2,2,0.00015065342951550443,0.6,/work3/arnaou/checkpoints/Tc_trial_1239_best_state.pt,"{'learning_rate': 0.00015065342951550443, 'lr_reduce': 0.6}",TPESampler,COMPLETE
1240,0.08309366554021835,2025-04-26 14:57:45.638941,2025-04-26 14:58:16.937406,0 days 00:00:31.298465,0.2861105876482126,240,256,32,160.0,64.0,4,2,2,0.00019411844444176138,0.6,/work3/arnaou/checkpoints/Tc_trial_1240_best_state.pt,"{'learning_rate': 0.00019411844444176138, 'lr_reduce': 0.6}",TPESampler,COMPLETE
1241,0.02386811189353466,2025-04-26 14:57:52.403418,2025-04-26 14:58:14.614947,0 days 00:00:22.211529,0.0014245914079428074,256,240,160,224.0,112.0,4,1,2,0.0030400712216175404,0.6,/work3/arnaou/checkpoints/Tc_trial_1241_best_state.pt,"{'learning_rate': 0.0030400712216175404, 'lr_reduce': 0.6}",TPESampler,COMPLETE
1242,0.01578974910080433,2025-04-26 14:57:53.511469,2025-04-26 14:58:19.478307,0 days 00:00:25.966838,0.03525805592557433,176,176,256,176.0,80.0,4,2,1,0.0024749257177656913,0.6,/work3/arnaou/checkpoints/Tc_trial_1242_best_state.pt,"{'learning_rate': 0.0024749257177656913, 'lr_reduce': 0.6}",TPESampler,COMPLETE
1243,0.02359693869948387,2025-04-26 14:58:14.815920,2025-04-26 14:58:33.527284,0 days 00:00:18.711364,0.06974054155259225,176,144,256,144.0,48.0,4,1,1,0.008679706262202744,0.6,/work3/arnaou/checkpoints/Tc_trial_1243_best_state.pt,"{'learning_rate': 0.008679706262202744, 'lr_reduce': 0.6}",TPESampler,COMPLETE
1244,0.01931905746459961,2025-04-26 14:58:17.159407,2025-04-26 14:58:32.297823,0 days 00:00:15.138416,0.008214493174591489,256,192,256,192.0,96.0,4,1,2,0.006315377191012014,0.6,/work3/arnaou/checkpoints/Tc_trial_1244_best_state.pt,"{'learning_rate': 0.006315377191012014, 'lr_reduce': 0.6}",TPESampler,COMPLETE
1245,0.020542621612548828,2025-04-26 14:58:19.721096,2025-04-26 14:58:36.506516,0 days 00:00:16.785420,0.16083236141005533,160,144,192,160.0,,3,2,1,0.004279395833758274,0.6,/work3/arnaou/checkpoints/Tc_trial_1245_best_state.pt,"{'learning_rate': 0.004279395833758274, 'lr_reduce': 0.6}",TPESampler,COMPLETE
1246,0.01874617673456669,2025-04-26 14:58:32.485027,2025-04-26 14:58:47.563499,0 days 00:00:15.078472,0.05747311706906652,144,176,256,208.0,64.0,4,1,1,0.0046421855211401285,0.6,/work3/arnaou/checkpoints/Tc_trial_1246_best_state.pt,"{'learning_rate': 0.0046421855211401285, 'lr_reduce': 0.6}",TPESampler,COMPLETE
1247,0.038936764001846313,2025-04-26 14:58:33.763805,2025-04-26 14:58:58.286488,0 days 00:00:24.522683,0.18109393280869154,112,144,96,176.0,80.0,4,3,4,0.0003805128681719828,0.6,/work3/arnaou/checkpoints/Tc_trial_1247_best_state.pt,"{'learning_rate': 0.0003805128681719828, 'lr_reduce': 0.6}",TPESampler,COMPLETE
1248,0.017142299562692642,2025-04-26 14:58:36.713143,2025-04-26 14:58:58.370571,0 days 00:00:21.657428,0.0007660381286071468,256,240,192,144.0,32.0,4,1,1,0.006428578375083829,0.6,/work3/arnaou/checkpoints/Tc_trial_1248_best_state.pt,"{'learning_rate': 0.006428578375083829, 'lr_reduce': 0.6}",TPESampler,COMPLETE
1249,0.020167311653494835,2025-04-26 14:58:47.785438,2025-04-26 14:59:07.260777,0 days 00:00:19.475339,0.0494408437391961,208,48,240,240.0,,3,1,1,0.006388134872601594,0.6,/work3/arnaou/checkpoints/Tc_trial_1249_best_state.pt,"{'learning_rate': 0.006388134872601594, 'lr_reduce': 0.6}",TPESampler,COMPLETE
1250,0.020088011398911476,2025-04-26 14:58:58.442765,2025-04-26 14:59:14.580803,0 days 00:00:16.138038,0.0020956957612838743,176,208,240,192.0,112.0,4,1,1,0.005176751622532602,0.6,/work3/arnaou/checkpoints/Tc_trial_1250_best_state.pt,"{'learning_rate': 0.005176751622532602, 'lr_reduce': 0.6}",TPESampler,COMPLETE
1251,0.01981084607541561,2025-04-26 14:58:58.544371,2025-04-26 14:59:17.751348,0 days 00:00:19.206977,0.015149497413220376,144,192,240,160.0,64.0,4,1,1,0.0069563965608699305,0.6,/work3/arnaou/checkpoints/Tc_trial_1251_best_state.pt,"{'learning_rate': 0.0069563965608699305, 'lr_reduce': 0.6}",TPESampler,COMPLETE
1252,0.019570620730519295,2025-04-26 14:59:07.468007,2025-04-26 14:59:28.530772,0 days 00:00:21.062765,0.0074846788009789895,176,240,224,208.0,80.0,4,1,2,0.001785904180654937,0.6,/work3/arnaou/checkpoints/Tc_trial_1252_best_state.pt,"{'learning_rate': 0.001785904180654937, 'lr_reduce': 0.6}",TPESampler,COMPLETE
1253,0.02574435994029045,2025-04-26 14:59:14.828631,2025-04-26 14:59:34.639568,0 days 00:00:19.810937,0.004056564462969307,256,160,208,176.0,48.0,4,1,1,0.005698992669860642,0.6,/work3/arnaou/checkpoints/Tc_trial_1253_best_state.pt,"{'learning_rate': 0.005698992669860642, 'lr_reduce': 0.6}",TPESampler,COMPLETE
1254,0.020500320941209793,2025-04-26 14:59:17.951908,2025-04-26 14:59:34.199584,0 days 00:00:16.247676,0.16266062434689016,176,128,256,144.0,,3,1,1,0.0026448444384539007,0.6,/work3/arnaou/checkpoints/Tc_trial_1254_best_state.pt,"{'learning_rate': 0.0026448444384539007, 'lr_reduce': 0.6}",TPESampler,COMPLETE
1255,0.028411807492375374,2025-04-26 14:59:28.763494,2025-04-26 14:59:57.434255,0 days 00:00:28.670761,0.02368475639454684,32,80,176,224.0,,3,4,4,0.0006364906813435793,0.6,/work3/arnaou/checkpoints/Tc_trial_1255_best_state.pt,"{'learning_rate': 0.0006364906813435793, 'lr_reduce': 0.6}",TPESampler,COMPLETE
1256,0.02898549847304821,2025-04-26 14:59:34.395412,2025-04-26 14:59:51.892243,0 days 00:00:17.496831,0.008508955609895695,256,192,256,256.0,,3,1,1,0.008067702347517414,0.6,/work3/arnaou/checkpoints/Tc_trial_1256_best_state.pt,"{'learning_rate': 0.008067702347517414, 'lr_reduce': 0.6}",TPESampler,COMPLETE
1257,0.019777074456214905,2025-04-26 14:59:34.920648,2025-04-26 14:59:55.651224,0 days 00:00:20.730576,0.006235558657977365,192,176,240,176.0,96.0,4,2,1,0.00840922330309906,0.6,/work3/arnaou/checkpoints/Tc_trial_1257_best_state.pt,"{'learning_rate': 0.00840922330309906, 'lr_reduce': 0.6}",TPESampler,COMPLETE
1258,0.03252469003200531,2025-04-26 14:59:52.121272,2025-04-26 15:00:11.686374,0 days 00:00:19.565102,0.19477408779263242,240,256,208,144.0,,3,2,1,0.009695865148710717,0.6,/work3/arnaou/checkpoints/Tc_trial_1258_best_state.pt,"{'learning_rate': 0.009695865148710717, 'lr_reduce': 0.6}",TPESampler,COMPLETE
1259,0.016830824315547943,2025-04-26 14:59:55.888020,2025-04-26 15:00:16.402735,0 days 00:00:20.514715,0.11929113945772535,96,208,240,192.0,64.0,4,1,1,0.004723253173097,0.6,/work3/arnaou/checkpoints/Tc_trial_1259_best_state.pt,"{'learning_rate': 0.004723253173097, 'lr_reduce': 0.6}",TPESampler,COMPLETE
1260,0.018465150147676468,2025-04-26 14:59:57.666413,2025-04-26 15:00:15.144002,0 days 00:00:17.477589,0.02886976578736889,256,160,240,176.0,,3,1,1,0.0026967376792267554,0.6,/work3/arnaou/checkpoints/Tc_trial_1260_best_state.pt,"{'learning_rate': 0.0026967376792267554, 'lr_reduce': 0.6}",TPESampler,COMPLETE
1261,0.01676560379564762,2025-04-26 15:00:11.947426,2025-04-26 15:00:27.346363,0 days 00:00:15.398937,0.07464761999654511,208,176,256,208.0,,3,1,1,0.003051828216650568,0.6,/work3/arnaou/checkpoints/Tc_trial_1261_best_state.pt,"{'learning_rate': 0.003051828216650568, 'lr_reduce': 0.6}",TPESampler,COMPLETE
1262,0.020947633311152458,2025-04-26 15:00:15.385809,2025-04-26 15:00:28.210218,0 days 00:00:12.824409,0.12342028630727805,208,112,240,144.0,,3,1,1,0.0035320638737154826,0.6,/work3/arnaou/checkpoints/Tc_trial_1262_best_state.pt,"{'learning_rate': 0.0035320638737154826, 'lr_reduce': 0.6}",TPESampler,COMPLETE
