number,value,datetime_start,datetime_complete,duration,params_dropout,params_hidden_channels,params_mlp_dim_00,params_mlp_dim_01,params_mlp_dim_02,params_mlp_dim_03,params_mlp_n_layers,params_num_layers,params_num_timesteps,params_train_learning_rate,params_train_lr_reduce,user_attrs_best_state_dict_path,user_attrs_training_params,system_attrs_auto:sampler,state
281,0.015119909308850765,2025-04-26 13:03:06.674850,2025-04-26 13:03:27.723465,0 days 00:00:21.048615,0.02630161766118695,208,224,224,112.0,,3,2,1,0.0050137021634993765,0.6,/work3/arnaou/checkpoints/Tc_trial_281_best_state.pt,"{'learning_rate': 0.0050137021634993765, 'lr_reduce': 0.6}",TPESampler,COMPLETE
282,0.019107649102807045,2025-04-26 13:03:13.287772,2025-04-26 13:03:35.488694,0 days 00:00:22.200922,0.09661731727798266,128,128,112,,,2,2,2,0.0018982772541108574,0.6,/work3/arnaou/checkpoints/Tc_trial_282_best_state.pt,"{'learning_rate': 0.0018982772541108574, 'lr_reduce': 0.6}",TPESampler,COMPLETE
283,0.02047145925462246,2025-04-26 13:03:19.119549,2025-04-26 13:03:36.849701,0 days 00:00:17.730152,0.042818205449415156,192,192,192,192.0,80.0,4,2,2,0.0037574893641572054,0.6,/work3/arnaou/checkpoints/Tc_trial_283_best_state.pt,"{'learning_rate': 0.0037574893641572054, 'lr_reduce': 0.6}",TPESampler,COMPLETE
284,0.016042513772845268,2025-04-26 13:03:27.898834,2025-04-26 13:03:50.304846,0 days 00:00:22.406012,0.001067855955448017,208,240,176,112.0,,3,2,1,0.003799389618636721,0.6,/work3/arnaou/checkpoints/Tc_trial_284_best_state.pt,"{'learning_rate': 0.003799389618636721, 'lr_reduce': 0.6}",TPESampler,COMPLETE
285,0.023444799706339836,2025-04-26 13:03:35.646760,2025-04-26 13:03:58.328461,0 days 00:00:22.681701,0.28105084803896113,80,128,48,,,2,1,3,0.0042297802066055094,0.6,/work3/arnaou/checkpoints/Tc_trial_285_best_state.pt,"{'learning_rate': 0.0042297802066055094, 'lr_reduce': 0.6}",TPESampler,COMPLETE
286,0.014593447558581829,2025-04-26 13:03:37.003511,2025-04-26 13:03:58.247341,0 days 00:00:21.243830,0.010785637719307427,256,176,256,128.0,,3,2,1,0.0026551176543226514,0.6,/work3/arnaou/checkpoints/Tc_trial_286_best_state.pt,"{'learning_rate': 0.0026551176543226514, 'lr_reduce': 0.6}",TPESampler,COMPLETE
287,0.02868666686117649,2025-04-26 13:03:50.478183,2025-04-26 13:04:10.447073,0 days 00:00:19.968890,0.15903479181121566,32,80,176,112.0,176.0,4,2,4,0.002010494424534323,0.6,/work3/arnaou/checkpoints/Tc_trial_287_best_state.pt,"{'learning_rate': 0.002010494424534323, 'lr_reduce': 0.6}",TPESampler,COMPLETE
288,0.02132374234497547,2025-04-26 13:03:58.385748,2025-04-26 13:04:17.689599,0 days 00:00:19.303851,0.030870194850912067,128,64,48,128.0,,3,1,4,0.009171174739053947,0.6,/work3/arnaou/checkpoints/Tc_trial_288_best_state.pt,"{'learning_rate': 0.009171174739053947, 'lr_reduce': 0.6}",TPESampler,COMPLETE
289,0.016596617177128792,2025-04-26 13:03:58.519191,2025-04-26 13:04:20.351775,0 days 00:00:21.832584,0.008180265802394936,208,240,208,112.0,,3,2,1,0.0032178748680100934,0.6,/work3/arnaou/checkpoints/Tc_trial_289_best_state.pt,"{'learning_rate': 0.0032178748680100934, 'lr_reduce': 0.6}",TPESampler,COMPLETE
290,0.01787514053285122,2025-04-26 13:04:10.599491,2025-04-26 13:04:37.638474,0 days 00:00:27.038983,0.012921515884334964,176,208,192,112.0,,3,2,2,0.002965926768686773,0.6,/work3/arnaou/checkpoints/Tc_trial_290_best_state.pt,"{'learning_rate': 0.002965926768686773, 'lr_reduce': 0.6}",TPESampler,COMPLETE
291,0.01861526072025299,2025-04-26 13:04:17.839049,2025-04-26 13:04:43.346556,0 days 00:00:25.507507,0.0426726179273661,240,208,224,112.0,32.0,4,2,1,0.0031171060800000857,0.6,/work3/arnaou/checkpoints/Tc_trial_291_best_state.pt,"{'learning_rate': 0.0031171060800000857, 'lr_reduce': 0.6}",TPESampler,COMPLETE
292,0.03111531399190426,2025-04-26 13:04:20.513144,2025-04-26 13:04:46.683685,0 days 00:00:26.170541,0.09030289185398876,192,224,192,112.0,,3,2,1,0.006859706831508487,0.6,/work3/arnaou/checkpoints/Tc_trial_292_best_state.pt,"{'learning_rate': 0.006859706831508487, 'lr_reduce': 0.6}",TPESampler,COMPLETE
293,0.017573416233062744,2025-04-26 13:04:37.807162,2025-04-26 13:05:01.318325,0 days 00:00:23.511163,0.009936511419210132,256,208,192,112.0,,3,2,1,0.004771023315260337,0.6,/work3/arnaou/checkpoints/Tc_trial_293_best_state.pt,"{'learning_rate': 0.004771023315260337, 'lr_reduce': 0.6}",TPESampler,COMPLETE
294,0.021296460181474686,2025-04-26 13:04:43.543439,2025-04-26 13:05:09.069139,0 days 00:00:25.525700,0.0017939633551499533,224,240,256,96.0,,3,3,2,0.005727452364159132,0.6,/work3/arnaou/checkpoints/Tc_trial_294_best_state.pt,"{'learning_rate': 0.005727452364159132, 'lr_reduce': 0.6}",TPESampler,COMPLETE
295,0.016906188800930977,2025-04-26 13:04:46.873833,2025-04-26 13:05:07.369189,0 days 00:00:20.495356,0.0730355359898075,208,224,176,,,2,2,1,0.004496676813098543,0.6,/work3/arnaou/checkpoints/Tc_trial_295_best_state.pt,"{'learning_rate': 0.004496676813098543, 'lr_reduce': 0.6}",TPESampler,COMPLETE
296,0.018610408529639244,2025-04-26 13:05:01.509637,2025-04-26 13:05:24.305875,0 days 00:00:22.796238,0.09459462203922381,256,208,256,,,2,1,2,0.0024591314838043224,0.6,/work3/arnaou/checkpoints/Tc_trial_296_best_state.pt,"{'learning_rate': 0.0024591314838043224, 'lr_reduce': 0.6}",TPESampler,COMPLETE
297,0.046253353357315063,2025-04-26 13:05:07.557460,2025-04-26 13:05:23.589526,0 days 00:00:16.032066,0.15777729416154543,208,256,32,128.0,208.0,4,4,1,0.0019769016659458238,0.6,/work3/arnaou/checkpoints/Tc_trial_297_best_state.pt,"{'learning_rate': 0.0019769016659458238, 'lr_reduce': 0.6}",TPESampler,COMPLETE
298,0.0236591137945652,2025-04-26 13:05:09.218788,2025-04-26 13:05:26.713771,0 days 00:00:17.494983,0.10578178984190995,208,176,256,96.0,,3,2,1,0.004811155047467089,0.6,/work3/arnaou/checkpoints/Tc_trial_298_best_state.pt,"{'learning_rate': 0.004811155047467089, 'lr_reduce': 0.6}",TPESampler,COMPLETE
299,0.05807019770145416,2025-04-26 13:05:23.748596,2025-04-26 13:05:52.748181,0 days 00:00:28.999585,0.13910349306075068,224,48,112,128.0,112.0,4,4,3,0.0002510608458558483,0.6,/work3/arnaou/checkpoints/Tc_trial_299_best_state.pt,"{'learning_rate': 0.0002510608458558483, 'lr_reduce': 0.6}",TPESampler,COMPLETE
300,0.01662437431514263,2025-04-26 13:05:24.471257,2025-04-26 13:05:43.475652,0 days 00:00:19.004395,0.027995785080679708,192,256,208,96.0,,3,2,1,0.002748490590752104,0.6,/work3/arnaou/checkpoints/Tc_trial_300_best_state.pt,"{'learning_rate': 0.002748490590752104, 'lr_reduce': 0.6}",TPESampler,COMPLETE
301,0.019509783014655113,2025-04-26 13:05:26.900695,2025-04-26 13:05:44.303543,0 days 00:00:17.402848,0.07915148275317159,208,160,240,128.0,,3,1,1,0.003189996508347262,0.6,/work3/arnaou/checkpoints/Tc_trial_301_best_state.pt,"{'learning_rate': 0.003189996508347262, 'lr_reduce': 0.6}",TPESampler,COMPLETE
302,0.01856944151222706,2025-04-26 13:05:43.640272,2025-04-26 13:05:59.893132,0 days 00:00:16.252860,0.035545072412252465,256,176,240,144.0,,3,2,2,0.0019801262362359783,0.6,/work3/arnaou/checkpoints/Tc_trial_302_best_state.pt,"{'learning_rate': 0.0019801262362359783, 'lr_reduce': 0.6}",TPESampler,COMPLETE
303,0.018359942361712456,2025-04-26 13:05:44.492954,2025-04-26 13:06:05.402990,0 days 00:00:20.910036,0.003612860841943187,192,208,224,96.0,,3,2,1,0.0024554909884062933,0.6,/work3/arnaou/checkpoints/Tc_trial_303_best_state.pt,"{'learning_rate': 0.0024554909884062933, 'lr_reduce': 0.6}",TPESampler,COMPLETE
304,0.0460175983607769,2025-04-26 13:05:52.921863,2025-04-26 13:06:18.395587,0 days 00:00:25.473724,0.09743766324066477,112,48,176,144.0,80.0,4,1,4,0.00018102592606446128,0.6,/work3/arnaou/checkpoints/Tc_trial_304_best_state.pt,"{'learning_rate': 0.00018102592606446128, 'lr_reduce': 0.6}",TPESampler,COMPLETE
305,0.02897159941494465,2025-04-26 13:06:00.050559,2025-04-26 13:06:18.398655,0 days 00:00:18.348096,0.1721601700041706,176,96,192,,,2,2,2,0.00488601875843099,0.6,/work3/arnaou/checkpoints/Tc_trial_305_best_state.pt,"{'learning_rate': 0.00488601875843099, 'lr_reduce': 0.6}",TPESampler,COMPLETE
306,0.021575573831796646,2025-04-26 13:06:05.569565,2025-04-26 13:06:26.700807,0 days 00:00:21.131242,0.009954475216442773,176,240,128,144.0,,3,2,1,0.0052151938847751645,0.6,/work3/arnaou/checkpoints/Tc_trial_306_best_state.pt,"{'learning_rate': 0.0052151938847751645, 'lr_reduce': 0.6}",TPESampler,COMPLETE
307,0.021898631006479263,2025-04-26 13:06:18.505223,2025-04-26 13:06:44.621607,0 days 00:00:26.116384,0.01983951876299268,160,240,240,80.0,,3,3,1,0.009449654229990789,0.6,/work3/arnaou/checkpoints/Tc_trial_307_best_state.pt,"{'learning_rate': 0.009449654229990789, 'lr_reduce': 0.6}",TPESampler,COMPLETE
308,0.017477013170719147,2025-04-26 13:06:18.545576,2025-04-26 13:06:39.971924,0 days 00:00:21.426348,0.05331886893838057,224,208,208,144.0,,3,2,1,0.004892784832904218,0.6,/work3/arnaou/checkpoints/Tc_trial_308_best_state.pt,"{'learning_rate': 0.004892784832904218, 'lr_reduce': 0.6}",TPESampler,COMPLETE
309,0.040808819234371185,2025-04-26 13:06:26.873928,2025-04-26 13:06:56.027754,0 days 00:00:29.153826,0.2362065035701947,240,192,256,112.0,,3,4,3,0.00034059534776406696,0.6,/work3/arnaou/checkpoints/Tc_trial_309_best_state.pt,"{'learning_rate': 0.00034059534776406696, 'lr_reduce': 0.6}",TPESampler,COMPLETE
310,0.036848459392786026,2025-04-26 13:06:40.159812,2025-04-26 13:06:55.392053,0 days 00:00:15.232241,0.17407733209803325,224,128,256,144.0,,3,1,1,0.006611654515191418,0.6,/work3/arnaou/checkpoints/Tc_trial_310_best_state.pt,"{'learning_rate': 0.006611654515191418, 'lr_reduce': 0.6}",TPESampler,COMPLETE
311,0.02594727836549282,2025-04-26 13:06:44.772798,2025-04-26 13:07:09.181693,0 days 00:00:24.408895,0.026167975617181177,144,240,240,80.0,,3,2,1,0.0003359379528032702,0.6,/work3/arnaou/checkpoints/Tc_trial_311_best_state.pt,"{'learning_rate': 0.0003359379528032702, 'lr_reduce': 0.6}",TPESampler,COMPLETE
312,0.01869005709886551,2025-04-26 13:06:55.572376,2025-04-26 13:07:17.872530,0 days 00:00:22.300154,0.02539313272705987,240,256,240,160.0,,3,2,1,0.004108196527875097,0.6,/work3/arnaou/checkpoints/Tc_trial_312_best_state.pt,"{'learning_rate': 0.004108196527875097, 'lr_reduce': 0.6}",TPESampler,COMPLETE
313,0.019089991226792336,2025-04-26 13:06:56.191718,2025-04-26 13:07:17.663284,0 days 00:00:21.471566,0.02828325482666598,224,160,256,176.0,,3,2,1,0.0016207998981525584,0.6,/work3/arnaou/checkpoints/Tc_trial_313_best_state.pt,"{'learning_rate': 0.0016207998981525584, 'lr_reduce': 0.6}",TPESampler,COMPLETE
314,0.024278748780488968,2025-04-26 13:07:09.360273,2025-04-26 13:07:29.973062,0 days 00:00:20.612789,0.15931589077501584,256,176,160,112.0,,3,2,1,0.0029720010786564283,0.6,/work3/arnaou/checkpoints/Tc_trial_314_best_state.pt,"{'learning_rate': 0.0029720010786564283, 'lr_reduce': 0.6}",TPESampler,COMPLETE
315,0.013819805346429348,2025-04-26 13:07:17.834211,2025-04-26 13:07:34.881537,0 days 00:00:17.047326,0.0987858661309536,192,160,208,160.0,,3,1,2,0.00535415291254343,0.6,/work3/arnaou/checkpoints/Tc_trial_315_best_state.pt,"{'learning_rate': 0.00535415291254343, 'lr_reduce': 0.6}",TPESampler,COMPLETE
316,0.07520551234483719,2025-04-26 13:07:18.072928,2025-04-26 13:07:36.638728,0 days 00:00:18.565800,0.24328648391140228,208,192,240,64.0,144.0,4,4,3,0.006147992814330218,0.6,/work3/arnaou/checkpoints/Tc_trial_316_best_state.pt,"{'learning_rate': 0.006147992814330218, 'lr_reduce': 0.6}",TPESampler,COMPLETE
317,0.01782037504017353,2025-04-26 13:07:30.130269,2025-04-26 13:07:49.498950,0 days 00:00:19.368681,0.040326726370159896,224,160,112,192.0,,3,2,1,0.0028675523018330366,0.6,/work3/arnaou/checkpoints/Tc_trial_317_best_state.pt,"{'learning_rate': 0.0028675523018330366, 'lr_reduce': 0.6}",TPESampler,COMPLETE
318,0.018263941630721092,2025-04-26 13:07:35.060346,2025-04-26 13:07:50.500027,0 days 00:00:15.439681,0.13053603956356905,256,144,224,176.0,,3,1,2,0.004019165243240036,0.6,/work3/arnaou/checkpoints/Tc_trial_318_best_state.pt,"{'learning_rate': 0.004019165243240036, 'lr_reduce': 0.6}",TPESampler,COMPLETE
319,0.015507646836340427,2025-04-26 13:07:36.796012,2025-04-26 13:07:53.756033,0 days 00:00:16.960021,0.12184626018672806,160,208,224,160.0,,3,1,2,0.006293556334974077,0.6,/work3/arnaou/checkpoints/Tc_trial_319_best_state.pt,"{'learning_rate': 0.006293556334974077, 'lr_reduce': 0.6}",TPESampler,COMPLETE
320,0.018973158672451973,2025-04-26 13:07:49.694923,2025-04-26 13:08:07.273444,0 days 00:00:17.578521,0.10864044678937232,176,128,176,,,2,1,1,0.001981428074511853,0.6,/work3/arnaou/checkpoints/Tc_trial_320_best_state.pt,"{'learning_rate': 0.001981428074511853, 'lr_reduce': 0.6}",TPESampler,COMPLETE
321,0.017224207520484924,2025-04-26 13:07:50.680365,2025-04-26 13:08:08.760638,0 days 00:00:18.080273,0.06412356293301037,208,160,224,176.0,,3,1,2,0.0022916859721942907,0.6,/work3/arnaou/checkpoints/Tc_trial_321_best_state.pt,"{'learning_rate': 0.0022916859721942907, 'lr_reduce': 0.6}",TPESampler,COMPLETE
322,0.01835479587316513,2025-04-26 13:07:53.987283,2025-04-26 13:08:14.577631,0 days 00:00:20.590348,0.11446361449650287,160,240,224,160.0,,3,1,4,0.006256042529317681,0.6,/work3/arnaou/checkpoints/Tc_trial_322_best_state.pt,"{'learning_rate': 0.006256042529317681, 'lr_reduce': 0.6}",TPESampler,COMPLETE
323,0.0185101255774498,2025-04-26 13:08:07.432503,2025-04-26 13:08:27.524547,0 days 00:00:20.092044,0.11844187467501859,144,224,256,208.0,,3,1,2,0.0030561154455307606,0.6,/work3/arnaou/checkpoints/Tc_trial_323_best_state.pt,"{'learning_rate': 0.0030561154455307606, 'lr_reduce': 0.6}",TPESampler,COMPLETE
324,0.02540215477347374,2025-04-26 13:08:08.925068,2025-04-26 13:08:29.530838,0 days 00:00:20.605770,0.10559266338493367,160,128,192,96.0,,3,1,3,0.001953465607372876,0.6,/work3/arnaou/checkpoints/Tc_trial_324_best_state.pt,"{'learning_rate': 0.001953465607372876, 'lr_reduce': 0.6}",TPESampler,COMPLETE
325,0.020296121016144753,2025-04-26 13:08:14.764142,2025-04-26 13:08:35.759949,0 days 00:00:20.995807,0.11978654450571956,64,96,32,,,2,2,4,0.005149782193622924,0.6,/work3/arnaou/checkpoints/Tc_trial_325_best_state.pt,"{'learning_rate': 0.005149782193622924, 'lr_reduce': 0.6}",TPESampler,COMPLETE
326,0.019055789336562157,2025-04-26 13:08:27.678363,2025-04-26 13:08:47.891292,0 days 00:00:20.212929,0.134794933835441,80,192,192,160.0,,3,1,2,0.008176560708561122,0.6,/work3/arnaou/checkpoints/Tc_trial_326_best_state.pt,"{'learning_rate': 0.008176560708561122, 'lr_reduce': 0.6}",TPESampler,COMPLETE
327,0.02156922221183777,2025-04-26 13:08:29.703138,2025-04-26 13:08:45.571297,0 days 00:00:15.868159,0.1674490659825057,160,224,224,80.0,,3,2,1,0.0017182357879594024,0.6,/work3/arnaou/checkpoints/Tc_trial_327_best_state.pt,"{'learning_rate': 0.0017182357879594024, 'lr_reduce': 0.6}",TPESampler,COMPLETE
328,0.04923933371901512,2025-04-26 13:08:35.943830,2025-04-26 13:08:56.629274,0 days 00:00:20.685444,0.2083995243518721,32,224,96,192.0,64.0,4,3,4,0.009256669495795877,0.6,/work3/arnaou/checkpoints/Tc_trial_328_best_state.pt,"{'learning_rate': 0.009256669495795877, 'lr_reduce': 0.6}",TPESampler,COMPLETE
329,0.014150927774608135,2025-04-26 13:08:45.737497,2025-04-26 13:09:07.680758,0 days 00:00:21.943261,0.0031118860573805087,224,240,176,144.0,,3,2,1,0.005885939221103741,0.6,/work3/arnaou/checkpoints/Tc_trial_329_best_state.pt,"{'learning_rate': 0.005885939221103741, 'lr_reduce': 0.6}",TPESampler,COMPLETE
330,0.02051500417292118,2025-04-26 13:08:48.053081,2025-04-26 13:09:05.556837,0 days 00:00:17.503756,0.03707350394593606,240,192,144,176.0,,3,2,1,0.001686399504872361,0.6,/work3/arnaou/checkpoints/Tc_trial_330_best_state.pt,"{'learning_rate': 0.001686399504872361, 'lr_reduce': 0.6}",TPESampler,COMPLETE
331,0.018238529562950134,2025-04-26 13:08:56.798058,2025-04-26 13:09:14.548469,0 days 00:00:17.750411,0.13118921025086025,96,256,160,112.0,112.0,4,1,1,0.0034174165823395984,0.6,/work3/arnaou/checkpoints/Tc_trial_331_best_state.pt,"{'learning_rate': 0.0034174165823395984, 'lr_reduce': 0.6}",TPESampler,COMPLETE
332,0.01908539980649948,2025-04-26 13:09:05.731190,2025-04-26 13:09:29.782530,0 days 00:00:24.051340,0.17121568873966797,256,240,48,,,2,1,3,0.0016364634734861278,0.6,/work3/arnaou/checkpoints/Tc_trial_332_best_state.pt,"{'learning_rate': 0.0016364634734861278, 'lr_reduce': 0.6}",TPESampler,COMPLETE
333,0.01845390535891056,2025-04-26 13:09:07.868166,2025-04-26 13:09:34.370217,0 days 00:00:26.502051,0.16942276759693445,224,256,192,,,2,4,3,0.0012781162525297928,0.6,/work3/arnaou/checkpoints/Tc_trial_333_best_state.pt,"{'learning_rate': 0.0012781162525297928, 'lr_reduce': 0.6}",TPESampler,COMPLETE
334,0.032264724373817444,2025-04-26 13:09:14.740754,2025-04-26 13:09:39.543530,0 days 00:00:24.802776,0.2903376833038057,48,256,256,144.0,32.0,4,3,4,0.0022641452103803043,0.6,/work3/arnaou/checkpoints/Tc_trial_334_best_state.pt,"{'learning_rate': 0.0022641452103803043, 'lr_reduce': 0.6}",TPESampler,COMPLETE
335,0.018785707652568817,2025-04-26 13:09:29.973929,2025-04-26 13:09:52.911766,0 days 00:00:22.937837,0.047525154550521,176,192,144,144.0,,3,1,3,0.005381598909952848,0.6,/work3/arnaou/checkpoints/Tc_trial_335_best_state.pt,"{'learning_rate': 0.005381598909952848, 'lr_reduce': 0.6}",TPESampler,COMPLETE
336,0.0196266770362854,2025-04-26 13:09:34.559485,2025-04-26 13:09:53.367164,0 days 00:00:18.807679,0.10633580737299449,160,176,192,144.0,,3,1,2,0.0038648570020368375,0.6,/work3/arnaou/checkpoints/Tc_trial_336_best_state.pt,"{'learning_rate': 0.0038648570020368375, 'lr_reduce': 0.6}",TPESampler,COMPLETE
337,0.02904774248600006,2025-04-26 13:09:39.724035,2025-04-26 13:10:07.031774,0 days 00:00:27.307739,0.006017277147363838,240,256,192,,,2,2,2,0.009067931675949919,0.6,/work3/arnaou/checkpoints/Tc_trial_337_best_state.pt,"{'learning_rate': 0.009067931675949919, 'lr_reduce': 0.6}",TPESampler,COMPLETE
338,0.0464300662279129,2025-04-26 13:09:53.098965,2025-04-26 13:10:14.735317,0 days 00:00:21.636352,0.005944195491150135,208,256,240,160.0,,3,2,1,0.008506883588236614,0.6,/work3/arnaou/checkpoints/Tc_trial_338_best_state.pt,"{'learning_rate': 0.008506883588236614, 'lr_reduce': 0.6}",TPESampler,COMPLETE
339,0.020890848711133003,2025-04-26 13:09:53.532825,2025-04-26 13:10:20.886367,0 days 00:00:27.353542,0.00797998609181054,208,80,240,128.0,,3,3,2,0.0014051672076975058,0.6,/work3/arnaou/checkpoints/Tc_trial_339_best_state.pt,"{'learning_rate': 0.0014051672076975058, 'lr_reduce': 0.6}",TPESampler,COMPLETE
340,0.0173454899340868,2025-04-26 13:10:07.197277,2025-04-26 13:10:27.566776,0 days 00:00:20.369499,0.03617049695254995,192,240,160,160.0,,3,2,1,0.0035441275089686296,0.6,/work3/arnaou/checkpoints/Tc_trial_340_best_state.pt,"{'learning_rate': 0.0035441275089686296, 'lr_reduce': 0.6}",TPESampler,COMPLETE
341,0.015403908677399158,2025-04-26 13:10:14.929937,2025-04-26 13:10:42.346316,0 days 00:00:27.416379,0.013967947425199816,256,176,256,192.0,,3,3,1,0.0011512409775170898,0.6,/work3/arnaou/checkpoints/Tc_trial_341_best_state.pt,"{'learning_rate': 0.0011512409775170898, 'lr_reduce': 0.6}",TPESampler,COMPLETE
342,0.015984628349542618,2025-04-26 13:10:21.084515,2025-04-26 13:10:46.696369,0 days 00:00:25.611854,0.0016503590623800526,240,192,192,160.0,,3,3,1,0.004446910341844177,0.6,/work3/arnaou/checkpoints/Tc_trial_342_best_state.pt,"{'learning_rate': 0.004446910341844177, 'lr_reduce': 0.6}",TPESampler,COMPLETE
343,0.02239971235394478,2025-04-26 13:10:27.728807,2025-04-26 13:10:50.177163,0 days 00:00:22.448356,0.02455221976699587,224,224,160,240.0,,3,2,1,0.008781057984407209,0.6,/work3/arnaou/checkpoints/Tc_trial_343_best_state.pt,"{'learning_rate': 0.008781057984407209, 'lr_reduce': 0.6}",TPESampler,COMPLETE
344,0.02116072177886963,2025-04-26 13:10:42.545289,2025-04-26 13:11:01.782123,0 days 00:00:19.236834,0.045095906394224804,160,96,192,,,2,2,2,0.008942909108235657,0.6,/work3/arnaou/checkpoints/Tc_trial_344_best_state.pt,"{'learning_rate': 0.008942909108235657, 'lr_reduce': 0.6}",TPESampler,COMPLETE
345,0.01469289418309927,2025-04-26 13:10:46.874471,2025-04-26 13:11:13.280319,0 days 00:00:26.405848,0.06599805501514833,192,160,208,208.0,,3,1,2,0.009470926761265836,0.6,/work3/arnaou/checkpoints/Tc_trial_345_best_state.pt,"{'learning_rate': 0.009470926761265836, 'lr_reduce': 0.6}",TPESampler,COMPLETE
346,0.01614421047270298,2025-04-26 13:10:50.359491,2025-04-26 13:11:18.746918,0 days 00:00:28.387427,0.04735663386324491,240,192,224,192.0,,3,3,1,0.001136818325224779,0.6,/work3/arnaou/checkpoints/Tc_trial_346_best_state.pt,"{'learning_rate': 0.001136818325224779, 'lr_reduce': 0.6}",TPESampler,COMPLETE
347,0.02647159807384014,2025-04-26 13:11:01.928133,2025-04-26 13:11:33.784308,0 days 00:00:31.856175,0.007184622881648774,256,192,240,176.0,,3,2,1,0.0035654336776454057,0.6,/work3/arnaou/checkpoints/Tc_trial_347_best_state.pt,"{'learning_rate': 0.0035654336776454057, 'lr_reduce': 0.6}",TPESampler,COMPLETE
348,0.017411457374691963,2025-04-26 13:11:13.447648,2025-04-26 13:11:42.134811,0 days 00:00:28.687163,0.08568356508462402,144,192,208,224.0,,3,1,2,0.007109605174902275,0.6,/work3/arnaou/checkpoints/Tc_trial_348_best_state.pt,"{'learning_rate': 0.007109605174902275, 'lr_reduce': 0.6}",TPESampler,COMPLETE
349,0.018454907462000847,2025-04-26 13:11:18.906733,2025-04-26 13:11:48.555003,0 days 00:00:29.648270,0.058500422803380005,128,128,112,,,2,1,1,0.00992488014066158,0.6,/work3/arnaou/checkpoints/Tc_trial_349_best_state.pt,"{'learning_rate': 0.00992488014066158, 'lr_reduce': 0.6}",TPESampler,COMPLETE
350,0.02414247952401638,2025-04-26 13:11:33.970896,2025-04-26 13:12:05.684507,0 days 00:00:31.713611,0.02850126363348854,144,48,32,224.0,176.0,4,2,3,0.0011439881466072607,0.6,/work3/arnaou/checkpoints/Tc_trial_350_best_state.pt,"{'learning_rate': 0.0011439881466072607, 'lr_reduce': 0.6}",TPESampler,COMPLETE
