number,value,datetime_start,datetime_complete,duration,params_dropout,params_hidden_channels,params_mlp_dim_00,params_mlp_dim_01,params_mlp_dim_02,params_mlp_dim_03,params_mlp_n_layers,params_num_layers,params_num_timesteps,params_train_learning_rate,params_train_lr_reduce,user_attrs_best_state_dict_path,user_attrs_training_params,system_attrs_auto:sampler,state
2243,0.06251927465200424,2025-04-26 16:58:28.337777,2025-04-26 16:58:48.927540,0 days 00:00:20.589763,0.20993837735207932,208,48,160,112.0,112.0,4,4,1,0.0005123778749195297,0.6,/work3/arnaou/checkpoints/Tc_trial_2243_best_state.pt,"{'learning_rate': 0.0005123778749195297, 'lr_reduce': 0.6}",TPESampler,COMPLETE
2244,0.01943332701921463,2025-04-26 16:58:30.721225,2025-04-26 16:58:51.267636,0 days 00:00:20.546411,0.0013405333396993707,224,176,192,48.0,64.0,4,1,2,0.00487581568169684,0.6,/work3/arnaou/checkpoints/Tc_trial_2244_best_state.pt,"{'learning_rate': 0.00487581568169684, 'lr_reduce': 0.6}",TPESampler,COMPLETE
2245,0.03560551255941391,2025-04-26 16:58:49.130790,2025-04-26 16:59:10.448767,0 days 00:00:21.317977,0.1872888720776062,80,256,240,160.0,,3,3,3,0.0006112596944370634,0.6,/work3/arnaou/checkpoints/Tc_trial_2245_best_state.pt,"{'learning_rate': 0.0006112596944370634, 'lr_reduce': 0.6}",TPESampler,COMPLETE
2246,0.02543279528617859,2025-04-26 16:58:51.434688,2025-04-26 16:59:13.953408,0 days 00:00:22.518720,0.03325877363176598,256,240,128,192.0,,3,2,2,0.0040731863300696855,0.6,/work3/arnaou/checkpoints/Tc_trial_2246_best_state.pt,"{'learning_rate': 0.0040731863300696855, 'lr_reduce': 0.6}",TPESampler,COMPLETE
2247,0.033018808811903,2025-04-26 16:58:51.481835,2025-04-26 16:59:15.192129,0 days 00:00:23.710294,0.1494252979422466,48,128,128,,,2,3,1,0.0006727856448369936,0.6,/work3/arnaou/checkpoints/Tc_trial_2247_best_state.pt,"{'learning_rate': 0.0006727856448369936, 'lr_reduce': 0.6}",TPESampler,COMPLETE
2248,0.027398601174354553,2025-04-26 16:59:10.653426,2025-04-26 16:59:29.426543,0 days 00:00:18.773117,0.03793167619926253,224,208,240,176.0,32.0,4,1,1,0.006644595792530449,0.6,/work3/arnaou/checkpoints/Tc_trial_2248_best_state.pt,"{'learning_rate': 0.006644595792530449, 'lr_reduce': 0.6}",TPESampler,COMPLETE
2249,0.019337123259902,2025-04-26 16:59:14.230899,2025-04-26 16:59:32.681408,0 days 00:00:18.450509,0.04125086356892589,192,256,176,80.0,,3,2,1,0.0033620137461176794,0.6,/work3/arnaou/checkpoints/Tc_trial_2249_best_state.pt,"{'learning_rate': 0.0033620137461176794, 'lr_reduce': 0.6}",TPESampler,COMPLETE
2250,0.018420392647385597,2025-04-26 16:59:15.403907,2025-04-26 16:59:36.154494,0 days 00:00:20.750587,0.03613719410379351,160,192,256,144.0,,3,2,1,0.005658996986497466,0.6,/work3/arnaou/checkpoints/Tc_trial_2250_best_state.pt,"{'learning_rate': 0.005658996986497466, 'lr_reduce': 0.6}",TPESampler,COMPLETE
2251,0.019108787178993225,2025-04-26 16:59:30.020598,2025-04-26 16:59:47.799657,0 days 00:00:17.779059,0.10650700823894292,144,112,256,224.0,,3,1,2,0.005572637139670811,0.6,/work3/arnaou/checkpoints/Tc_trial_2251_best_state.pt,"{'learning_rate': 0.005572637139670811, 'lr_reduce': 0.6}",TPESampler,COMPLETE
2252,0.017957497388124466,2025-04-26 16:59:32.912152,2025-04-26 16:59:55.032461,0 days 00:00:22.120309,0.006313539327190962,240,256,176,176.0,,3,2,1,0.004442697488760297,0.6,/work3/arnaou/checkpoints/Tc_trial_2252_best_state.pt,"{'learning_rate': 0.004442697488760297, 'lr_reduce': 0.6}",TPESampler,COMPLETE
2253,0.020002495497465134,2025-04-26 16:59:36.473817,2025-04-26 16:59:59.049888,0 days 00:00:22.576071,0.05169364297047631,192,144,240,256.0,,3,1,3,0.004996948239575341,0.6,/work3/arnaou/checkpoints/Tc_trial_2253_best_state.pt,"{'learning_rate': 0.004996948239575341, 'lr_reduce': 0.6}",TPESampler,COMPLETE
2254,0.015533335506916046,2025-04-26 16:59:48.052391,2025-04-26 17:00:09.658275,0 days 00:00:21.605884,0.020001412456747143,128,112,192,160.0,96.0,4,1,1,0.00979668559148933,0.6,/work3/arnaou/checkpoints/Tc_trial_2254_best_state.pt,"{'learning_rate': 0.00979668559148933, 'lr_reduce': 0.6}",TPESampler,COMPLETE
2255,0.028231091797351837,2025-04-26 16:59:55.232570,2025-04-26 17:00:17.791031,0 days 00:00:22.558461,0.1410656060870213,224,256,128,128.0,,3,3,1,0.005233407678555456,0.6,/work3/arnaou/checkpoints/Tc_trial_2255_best_state.pt,"{'learning_rate': 0.005233407678555456, 'lr_reduce': 0.6}",TPESampler,COMPLETE
2256,0.020902855321764946,2025-04-26 16:59:59.252041,2025-04-26 17:00:21.858181,0 days 00:00:22.606140,0.1615390068662197,160,256,208,208.0,,3,2,1,0.004167266697083568,0.6,/work3/arnaou/checkpoints/Tc_trial_2256_best_state.pt,"{'learning_rate': 0.004167266697083568, 'lr_reduce': 0.6}",TPESampler,COMPLETE
2257,0.01819116808474064,2025-04-26 17:00:09.881114,2025-04-26 17:00:32.146846,0 days 00:00:22.265732,0.011261944494334215,208,128,256,,,2,2,1,0.008898839949639558,0.6,/work3/arnaou/checkpoints/Tc_trial_2257_best_state.pt,"{'learning_rate': 0.008898839949639558, 'lr_reduce': 0.6}",TPESampler,COMPLETE
2258,0.017956597730517387,2025-04-26 17:00:18.048312,2025-04-26 17:00:33.846758,0 days 00:00:15.798446,0.0034714528684652466,144,160,256,96.0,64.0,4,1,1,0.005444818805848039,0.6,/work3/arnaou/checkpoints/Tc_trial_2258_best_state.pt,"{'learning_rate': 0.005444818805848039, 'lr_reduce': 0.6}",TPESampler,COMPLETE
2259,0.04817267507314682,2025-04-26 17:00:22.102097,2025-04-26 17:00:45.396658,0 days 00:00:23.294561,0.2258564739597096,112,64,48,192.0,,3,4,3,0.0004920226046420386,0.6,/work3/arnaou/checkpoints/Tc_trial_2259_best_state.pt,"{'learning_rate': 0.0004920226046420386, 'lr_reduce': 0.6}",TPESampler,COMPLETE
2260,0.017836492508649826,2025-04-26 17:00:32.370186,2025-04-26 17:00:53.942952,0 days 00:00:21.572766,0.09856996839816205,192,240,224,160.0,,3,3,1,0.0017398511694773809,0.6,/work3/arnaou/checkpoints/Tc_trial_2260_best_state.pt,"{'learning_rate': 0.0017398511694773809, 'lr_reduce': 0.6}",TPESampler,COMPLETE
2261,0.018902838230133057,2025-04-26 17:00:34.062832,2025-04-26 17:00:58.388216,0 days 00:00:24.325384,0.07194797321318232,256,208,192,176.0,,3,3,1,0.0006669654789060946,0.6,/work3/arnaou/checkpoints/Tc_trial_2261_best_state.pt,"{'learning_rate': 0.0006669654789060946, 'lr_reduce': 0.6}",TPESampler,COMPLETE
2262,0.02298017404973507,2025-04-26 17:00:45.644490,2025-04-26 17:01:13.660158,0 days 00:00:28.015668,0.02995114703472969,144,176,240,,,2,4,2,0.002376399635914087,0.6,/work3/arnaou/checkpoints/Tc_trial_2262_best_state.pt,"{'learning_rate': 0.002376399635914087, 'lr_reduce': 0.6}",TPESampler,COMPLETE
2263,0.026160527020692825,2025-04-26 17:00:54.184108,2025-04-26 17:01:20.959934,0 days 00:00:26.775826,0.032537208774489235,256,160,240,224.0,80.0,4,1,2,0.0070656373430351875,0.6,/work3/arnaou/checkpoints/Tc_trial_2263_best_state.pt,"{'learning_rate': 0.0070656373430351875, 'lr_reduce': 0.6}",TPESampler,COMPLETE
2264,0.020452022552490234,2025-04-26 17:00:58.623231,2025-04-26 17:01:25.148539,0 days 00:00:26.525308,0.06391720860022213,192,256,256,128.0,,3,3,1,0.005157407297524166,0.6,/work3/arnaou/checkpoints/Tc_trial_2264_best_state.pt,"{'learning_rate': 0.005157407297524166, 'lr_reduce': 0.6}",TPESampler,COMPLETE
2265,0.01781836338341236,2025-04-26 17:01:13.893565,2025-04-26 17:01:40.378129,0 days 00:00:26.484564,0.08552466743723056,224,224,176,192.0,,3,3,1,0.002726056888788023,0.6,/work3/arnaou/checkpoints/Tc_trial_2265_best_state.pt,"{'learning_rate': 0.002726056888788023, 'lr_reduce': 0.6}",TPESampler,COMPLETE
2266,0.025064343586564064,2025-04-26 17:01:21.199716,2025-04-26 17:01:43.810087,0 days 00:00:22.610371,0.05478060061515003,256,256,176,,,2,2,1,0.003875319086791941,0.6,/work3/arnaou/checkpoints/Tc_trial_2266_best_state.pt,"{'learning_rate': 0.003875319086791941, 'lr_reduce': 0.6}",TPESampler,COMPLETE
2267,0.01905803568661213,2025-04-26 17:01:25.406729,2025-04-26 17:01:46.334987,0 days 00:00:20.928258,0.0032421859427176555,160,240,192,144.0,48.0,4,2,1,0.0028138851878585806,0.6,/work3/arnaou/checkpoints/Tc_trial_2267_best_state.pt,"{'learning_rate': 0.0028138851878585806, 'lr_reduce': 0.6}",TPESampler,COMPLETE
2268,0.01665809564292431,2025-04-26 17:01:40.602420,2025-04-26 17:01:56.888955,0 days 00:00:16.286535,0.12232065590476693,176,128,208,160.0,,3,1,1,0.0068006070159431576,0.6,/work3/arnaou/checkpoints/Tc_trial_2268_best_state.pt,"{'learning_rate': 0.0068006070159431576, 'lr_reduce': 0.6}",TPESampler,COMPLETE
2269,0.019072413444519043,2025-04-26 17:01:44.049290,2025-04-26 17:02:06.713109,0 days 00:00:22.663819,0.05778459078219415,256,160,224,208.0,96.0,4,1,1,0.00783705408547607,0.6,/work3/arnaou/checkpoints/Tc_trial_2269_best_state.pt,"{'learning_rate': 0.00783705408547607, 'lr_reduce': 0.6}",TPESampler,COMPLETE
2270,0.023787662386894226,2025-04-26 17:01:46.595733,2025-04-26 17:02:08.596715,0 days 00:00:22.000982,0.14249277910476632,240,256,160,112.0,128.0,4,2,1,0.007381073991798508,0.6,/work3/arnaou/checkpoints/Tc_trial_2270_best_state.pt,"{'learning_rate': 0.007381073991798508, 'lr_reduce': 0.6}",TPESampler,COMPLETE
2271,0.01933126524090767,2025-04-26 17:01:57.115337,2025-04-26 17:02:24.144694,0 days 00:00:27.029357,0.052483347575419975,192,208,208,176.0,,3,4,2,0.0021747526435831155,0.6,/work3/arnaou/checkpoints/Tc_trial_2271_best_state.pt,"{'learning_rate': 0.0021747526435831155, 'lr_reduce': 0.6}",TPESampler,COMPLETE
2272,0.01929585635662079,2025-04-26 17:02:06.957792,2025-04-26 17:02:21.252323,0 days 00:00:14.294531,0.02758590675664612,192,112,176,144.0,,3,1,2,0.006147156198803848,0.6,/work3/arnaou/checkpoints/Tc_trial_2272_best_state.pt,"{'learning_rate': 0.006147156198803848, 'lr_reduce': 0.6}",TPESampler,COMPLETE
2273,0.02153654396533966,2025-04-26 17:02:08.900104,2025-04-26 17:02:27.864223,0 days 00:00:18.964119,0.00029889122205671614,160,224,208,192.0,64.0,4,1,2,0.005682911367830608,0.6,/work3/arnaou/checkpoints/Tc_trial_2273_best_state.pt,"{'learning_rate': 0.005682911367830608, 'lr_reduce': 0.6}",TPESampler,COMPLETE
2274,0.024913957342505455,2025-04-26 17:02:21.471456,2025-04-26 17:02:48.484718,0 days 00:00:27.013262,0.12215617229466433,256,160,256,240.0,,3,2,2,0.004752527631908711,0.6,/work3/arnaou/checkpoints/Tc_trial_2274_best_state.pt,"{'learning_rate': 0.004752527631908711, 'lr_reduce': 0.6}",TPESampler,COMPLETE
2275,0.01872037723660469,2025-04-26 17:02:24.402337,2025-04-26 17:02:43.220319,0 days 00:00:18.817982,0.016247315676438185,256,176,176,160.0,192.0,4,1,1,0.004285499726817493,0.6,/work3/arnaou/checkpoints/Tc_trial_2275_best_state.pt,"{'learning_rate': 0.004285499726817493, 'lr_reduce': 0.6}",TPESampler,COMPLETE
2276,0.0182330384850502,2025-04-26 17:02:28.088018,2025-04-26 17:02:56.564607,0 days 00:00:28.476589,0.0018700202777684888,256,160,256,,,2,3,2,0.0034188025804251223,0.6,/work3/arnaou/checkpoints/Tc_trial_2276_best_state.pt,"{'learning_rate': 0.0034188025804251223, 'lr_reduce': 0.6}",TPESampler,COMPLETE
2277,0.019959835335612297,2025-04-26 17:02:43.704195,2025-04-26 17:03:06.472102,0 days 00:00:22.767907,0.04203628162257225,208,160,256,208.0,,3,1,1,0.003676603260714722,0.6,/work3/arnaou/checkpoints/Tc_trial_2277_best_state.pt,"{'learning_rate': 0.003676603260714722, 'lr_reduce': 0.6}",TPESampler,COMPLETE
2278,0.019175875931978226,2025-04-26 17:02:48.904448,2025-04-26 17:03:12.636901,0 days 00:00:23.732453,0.07549065731033114,192,192,192,176.0,,3,1,2,0.009879763664284471,0.6,/work3/arnaou/checkpoints/Tc_trial_2278_best_state.pt,"{'learning_rate': 0.009879763664284471, 'lr_reduce': 0.6}",TPESampler,COMPLETE
2279,0.022360118106007576,2025-04-26 17:02:56.813904,2025-04-26 17:03:20.056867,0 days 00:00:23.242963,0.0711143194992837,224,208,256,144.0,80.0,4,2,1,0.00355667762022248,0.6,/work3/arnaou/checkpoints/Tc_trial_2279_best_state.pt,"{'learning_rate': 0.00355667762022248, 'lr_reduce': 0.6}",TPESampler,COMPLETE
2280,0.2680875062942505,2025-04-26 17:03:06.703424,2025-04-26 17:03:33.045246,0 days 00:00:26.341822,0.190447791528825,32,256,112,96.0,,3,4,1,0.00027950364634870075,0.6,/work3/arnaou/checkpoints/Tc_trial_2280_best_state.pt,"{'learning_rate': 0.00027950364634870075, 'lr_reduce': 0.6}",TPESampler,COMPLETE
2281,0.018073800951242447,2025-04-26 17:03:12.915919,2025-04-26 17:03:33.115635,0 days 00:00:20.199716,0.0014950919001341378,240,128,208,,,2,1,1,0.0015261581819257834,0.6,/work3/arnaou/checkpoints/Tc_trial_2281_best_state.pt,"{'learning_rate': 0.0015261581819257834, 'lr_reduce': 0.6}",TPESampler,COMPLETE
2282,0.15148083865642548,2025-04-26 17:03:20.330860,2025-04-26 17:03:46.647597,0 days 00:00:26.316737,0.2637095811364118,96,224,64,,,2,2,4,0.0001580785401198046,0.6,/work3/arnaou/checkpoints/Tc_trial_2282_best_state.pt,"{'learning_rate': 0.0001580785401198046, 'lr_reduce': 0.6}",TPESampler,COMPLETE
2283,0.020660215988755226,2025-04-26 17:03:33.203884,2025-04-26 17:03:54.513851,0 days 00:00:21.309967,0.0454786712334557,192,256,192,,,2,1,2,0.004292865039100755,0.6,/work3/arnaou/checkpoints/Tc_trial_2283_best_state.pt,"{'learning_rate': 0.004292865039100755, 'lr_reduce': 0.6}",TPESampler,COMPLETE
2284,0.018284957855939865,2025-04-26 17:03:33.322870,2025-04-26 17:03:59.222133,0 days 00:00:25.899263,0.08206108219485046,256,256,224,192.0,,3,3,2,0.002998549343228117,0.6,/work3/arnaou/checkpoints/Tc_trial_2284_best_state.pt,"{'learning_rate': 0.002998549343228117, 'lr_reduce': 0.6}",TPESampler,COMPLETE
2285,0.017793340608477592,2025-04-26 17:03:46.875948,2025-04-26 17:04:11.923271,0 days 00:00:25.047323,0.047472807562234,208,144,208,,,2,3,1,0.0032153527036458047,0.6,/work3/arnaou/checkpoints/Tc_trial_2285_best_state.pt,"{'learning_rate': 0.0032153527036458047, 'lr_reduce': 0.6}",TPESampler,COMPLETE
2286,0.018367640674114227,2025-04-26 17:03:54.783955,2025-04-26 17:04:17.183487,0 days 00:00:22.399532,0.059601200722488965,176,192,256,,,2,3,1,0.0024974351191496247,0.6,/work3/arnaou/checkpoints/Tc_trial_2286_best_state.pt,"{'learning_rate': 0.0024974351191496247, 'lr_reduce': 0.6}",TPESampler,COMPLETE
2287,0.022691644728183746,2025-04-26 17:03:59.662704,2025-04-26 17:04:24.733989,0 days 00:00:25.071285,0.09570739446901626,256,256,176,160.0,,3,4,1,0.004137512256799918,0.6,/work3/arnaou/checkpoints/Tc_trial_2287_best_state.pt,"{'learning_rate': 0.004137512256799918, 'lr_reduce': 0.6}",TPESampler,COMPLETE
2288,0.0260710921138525,2025-04-26 17:04:12.133025,2025-04-26 17:04:35.311836,0 days 00:00:23.178811,0.021176765653688076,240,256,224,128.0,,3,2,2,0.006761492260154246,0.6,/work3/arnaou/checkpoints/Tc_trial_2288_best_state.pt,"{'learning_rate': 0.006761492260154246, 'lr_reduce': 0.6}",TPESampler,COMPLETE
2289,0.05572185665369034,2025-04-26 17:04:17.444151,2025-04-26 17:04:43.656712,0 days 00:00:26.212561,0.027241055023280475,144,240,48,176.0,32.0,4,1,3,0.0001295398251761885,0.6,/work3/arnaou/checkpoints/Tc_trial_2289_best_state.pt,"{'learning_rate': 0.0001295398251761885, 'lr_reduce': 0.6}",TPESampler,COMPLETE
2290,0.023638105019927025,2025-04-26 17:04:24.970895,2025-04-26 17:04:47.584743,0 days 00:00:22.613848,0.004999060162404176,208,208,240,224.0,64.0,4,1,2,0.007320466671966355,0.6,/work3/arnaou/checkpoints/Tc_trial_2290_best_state.pt,"{'learning_rate': 0.007320466671966355, 'lr_reduce': 0.6}",TPESampler,COMPLETE
2291,0.02363155409693718,2025-04-26 17:04:35.530967,2025-04-26 17:04:54.816400,0 days 00:00:19.285433,0.007310896014383107,256,240,208,64.0,,3,1,1,0.009625836987760173,0.6,/work3/arnaou/checkpoints/Tc_trial_2291_best_state.pt,"{'learning_rate': 0.009625836987760173, 'lr_reduce': 0.6}",TPESampler,COMPLETE
2292,0.02437485381960869,2025-04-26 17:04:43.892561,2025-04-26 17:05:05.300546,0 days 00:00:21.407985,0.01684367084342366,256,256,144,192.0,,3,3,1,0.004650873293362776,0.6,/work3/arnaou/checkpoints/Tc_trial_2292_best_state.pt,"{'learning_rate': 0.004650873293362776, 'lr_reduce': 0.6}",TPESampler,COMPLETE
2293,0.020243465900421143,2025-04-26 17:04:47.806158,2025-04-26 17:05:09.492970,0 days 00:00:21.686812,0.011486810373222649,160,192,208,160.0,96.0,4,1,1,0.008031207012162402,0.6,/work3/arnaou/checkpoints/Tc_trial_2293_best_state.pt,"{'learning_rate': 0.008031207012162402, 'lr_reduce': 0.6}",TPESampler,COMPLETE
2294,0.015253120101988316,2025-04-26 17:04:55.049746,2025-04-26 17:05:17.452185,0 days 00:00:22.402439,0.07914637068521485,256,208,256,112.0,48.0,4,1,1,0.003744880954405026,0.6,/work3/arnaou/checkpoints/Tc_trial_2294_best_state.pt,"{'learning_rate': 0.003744880954405026, 'lr_reduce': 0.6}",TPESampler,COMPLETE
2295,0.018710702657699585,2025-04-26 17:05:05.571206,2025-04-26 17:05:24.253167,0 days 00:00:18.681961,0.047577806890407214,208,128,224,256.0,160.0,4,1,1,0.008464668125863797,0.6,/work3/arnaou/checkpoints/Tc_trial_2295_best_state.pt,"{'learning_rate': 0.008464668125863797, 'lr_reduce': 0.6}",TPESampler,COMPLETE
2296,0.018270131200551987,2025-04-26 17:05:09.996665,2025-04-26 17:05:32.247223,0 days 00:00:22.250558,0.029092470331527197,208,256,176,,,2,1,1,0.0014090960544914236,0.6,/work3/arnaou/checkpoints/Tc_trial_2296_best_state.pt,"{'learning_rate': 0.0014090960544914236, 'lr_reduce': 0.6}",TPESampler,COMPLETE
2297,0.01981930062174797,2025-04-26 17:05:17.679747,2025-04-26 17:05:38.099188,0 days 00:00:20.419441,0.008570491095910108,256,160,256,208.0,80.0,4,1,1,0.006477602123376163,0.6,/work3/arnaou/checkpoints/Tc_trial_2297_best_state.pt,"{'learning_rate': 0.006477602123376163, 'lr_reduce': 0.6}",TPESampler,COMPLETE
2298,0.04156986251473427,2025-04-26 17:05:24.478447,2025-04-26 17:05:53.530708,0 days 00:00:29.052261,0.16010510524091956,144,256,128,,,2,4,4,0.0002975867471489453,0.6,/work3/arnaou/checkpoints/Tc_trial_2298_best_state.pt,"{'learning_rate': 0.0002975867471489453, 'lr_reduce': 0.6}",TPESampler,COMPLETE
2299,0.017811760306358337,2025-04-26 17:05:32.480120,2025-04-26 17:05:54.963788,0 days 00:00:22.483668,0.09938444003369229,192,256,160,144.0,,3,2,2,0.002158323895317609,0.6,/work3/arnaou/checkpoints/Tc_trial_2299_best_state.pt,"{'learning_rate': 0.002158323895317609, 'lr_reduce': 0.6}",TPESampler,COMPLETE
2300,0.018994465470314026,2025-04-26 17:05:38.342790,2025-04-26 17:06:00.234941,0 days 00:00:21.892151,0.045879613886250795,256,208,160,176.0,,3,1,2,0.002698929204483003,0.6,/work3/arnaou/checkpoints/Tc_trial_2300_best_state.pt,"{'learning_rate': 0.002698929204483003, 'lr_reduce': 0.6}",TPESampler,COMPLETE
2301,0.01843397691845894,2025-04-26 17:05:53.735681,2025-04-26 17:06:12.944357,0 days 00:00:19.208676,0.11297839642653958,256,192,144,128.0,,3,2,1,0.005250669484807039,0.6,/work3/arnaou/checkpoints/Tc_trial_2301_best_state.pt,"{'learning_rate': 0.005250669484807039, 'lr_reduce': 0.6}",TPESampler,COMPLETE
2302,0.021544279530644417,2025-04-26 17:05:55.313822,2025-04-26 17:06:16.483052,0 days 00:00:21.169230,0.0028940453976116333,208,192,224,224.0,112.0,4,1,1,0.006417391815174153,0.6,/work3/arnaou/checkpoints/Tc_trial_2302_best_state.pt,"{'learning_rate': 0.006417391815174153, 'lr_reduce': 0.6}",TPESampler,COMPLETE
2303,0.024392081424593925,2025-04-26 17:06:00.486485,2025-04-26 17:06:22.065621,0 days 00:00:21.579136,0.018883662358615175,192,224,176,176.0,,3,2,1,0.009508206063614183,0.6,/work3/arnaou/checkpoints/Tc_trial_2303_best_state.pt,"{'learning_rate': 0.009508206063614183, 'lr_reduce': 0.6}",TPESampler,COMPLETE
2304,0.021354548633098602,2025-04-26 17:06:13.208983,2025-04-26 17:06:41.110822,0 days 00:00:27.901839,0.0593787278516061,48,80,176,80.0,64.0,4,2,4,0.0071932917464922475,0.6,/work3/arnaou/checkpoints/Tc_trial_2304_best_state.pt,"{'learning_rate': 0.0071932917464922475, 'lr_reduce': 0.6}",TPESampler,COMPLETE
2305,0.021559057757258415,2025-04-26 17:06:16.725751,2025-04-26 17:06:44.960353,0 days 00:00:28.234602,0.0028661698969038307,144,224,80,,,2,2,3,0.0005974006435407489,0.6,/work3/arnaou/checkpoints/Tc_trial_2305_best_state.pt,"{'learning_rate': 0.0005974006435407489, 'lr_reduce': 0.6}",TPESampler,COMPLETE
2306,0.023979542776942253,2025-04-26 17:06:22.332513,2025-04-26 17:06:43.613490,0 days 00:00:21.280977,0.0858422938870693,176,256,192,,,2,1,1,0.009043321810356155,0.6,/work3/arnaou/checkpoints/Tc_trial_2306_best_state.pt,"{'learning_rate': 0.009043321810356155, 'lr_reduce': 0.6}",TPESampler,COMPLETE
2307,0.020194541662931442,2025-04-26 17:06:41.358971,2025-04-26 17:07:02.934880,0 days 00:00:21.575909,0.05120365533467287,256,144,256,,,2,1,1,0.004398036274262029,0.6,/work3/arnaou/checkpoints/Tc_trial_2307_best_state.pt,"{'learning_rate': 0.004398036274262029, 'lr_reduce': 0.6}",TPESampler,COMPLETE
2308,0.016880029812455177,2025-04-26 17:06:43.902896,2025-04-26 17:07:03.302178,0 days 00:00:19.399282,0.045894748804043914,256,224,224,192.0,,3,1,2,0.003015273678071887,0.6,/work3/arnaou/checkpoints/Tc_trial_2308_best_state.pt,"{'learning_rate': 0.003015273678071887, 'lr_reduce': 0.6}",TPESampler,COMPLETE
2309,0.05132642015814781,2025-04-26 17:06:45.239930,2025-04-26 17:07:10.624768,0 days 00:00:25.384838,0.29911900468389385,176,208,240,160.0,,3,4,3,0.0006558607405589862,0.6,/work3/arnaou/checkpoints/Tc_trial_2309_best_state.pt,"{'learning_rate': 0.0006558607405589862, 'lr_reduce': 0.6}",TPESampler,COMPLETE
2310,0.017862966284155846,2025-04-26 17:07:03.138901,2025-04-26 17:07:31.132256,0 days 00:00:27.993355,0.000379351309607907,208,128,256,144.0,80.0,4,2,1,0.008798515345927594,0.6,/work3/arnaou/checkpoints/Tc_trial_2310_best_state.pt,"{'learning_rate': 0.008798515345927594, 'lr_reduce': 0.6}",TPESampler,COMPLETE
2311,0.10798350721597672,2025-04-26 17:07:03.580037,2025-04-26 17:07:44.107829,0 days 00:00:40.527792,0.015083806458650206,240,256,144,208.0,,3,4,4,0.00010440192892236456,0.6,/work3/arnaou/checkpoints/Tc_trial_2311_best_state.pt,"{'learning_rate': 0.00010440192892236456, 'lr_reduce': 0.6}",TPESampler,COMPLETE
2312,0.021368449553847313,2025-04-26 17:07:10.876647,2025-04-26 17:07:34.493113,0 days 00:00:23.616466,0.09348011387487636,192,112,176,,,2,1,3,0.009115222034958554,0.6,/work3/arnaou/checkpoints/Tc_trial_2312_best_state.pt,"{'learning_rate': 0.009115222034958554, 'lr_reduce': 0.6}",TPESampler,COMPLETE
