number,value,datetime_start,datetime_complete,duration,params_dropout,params_hidden_channels,params_mlp_dim_00,params_mlp_dim_01,params_mlp_dim_02,params_mlp_dim_03,params_mlp_n_layers,params_num_layers,params_num_timesteps,params_train_learning_rate,params_train_lr_reduce,user_attrs_best_state_dict_path,user_attrs_training_params,system_attrs_auto:sampler,state
915,0.017985327169299126,2025-04-26 14:19:53.547668,2025-04-26 14:20:15.587109,0 days 00:00:22.039441,0.05856039947990772,208,144,256,,,2,2,1,0.002727126515408921,0.6,/work3/arnaou/checkpoints/Tc_trial_915_best_state.pt,"{'learning_rate': 0.002727126515408921, 'lr_reduce': 0.6}",TPESampler,COMPLETE
916,0.023753948509693146,2025-04-26 14:20:03.304046,2025-04-26 14:20:25.421446,0 days 00:00:22.117400,0.07074489526953981,192,256,176,176.0,,3,2,1,0.0050603847917580335,0.6,/work3/arnaou/checkpoints/Tc_trial_916_best_state.pt,"{'learning_rate': 0.0050603847917580335, 'lr_reduce': 0.6}",TPESampler,COMPLETE
917,0.013147620484232903,2025-04-26 14:20:15.786834,2025-04-26 14:20:36.115629,0 days 00:00:20.328795,0.02450195074427032,256,176,256,96.0,,3,1,1,0.0043886721764573155,0.6,/work3/arnaou/checkpoints/Tc_trial_917_best_state.pt,"{'learning_rate': 0.0043886721764573155, 'lr_reduce': 0.6}",TPESampler,COMPLETE
918,0.017209485173225403,2025-04-26 14:20:19.786235,2025-04-26 14:20:39.853975,0 days 00:00:20.067740,0.03328653751753618,192,240,240,176.0,64.0,4,1,1,0.0068311709321104115,0.6,/work3/arnaou/checkpoints/Tc_trial_918_best_state.pt,"{'learning_rate': 0.0068311709321104115, 'lr_reduce': 0.6}",TPESampler,COMPLETE
919,0.04806239902973175,2025-04-26 14:20:25.626145,2025-04-26 14:20:49.411819,0 days 00:00:23.785674,0.06536223754253757,48,80,256,,,2,1,2,0.00020903161096939854,0.6,/work3/arnaou/checkpoints/Tc_trial_919_best_state.pt,"{'learning_rate': 0.00020903161096939854, 'lr_reduce': 0.6}",TPESampler,COMPLETE
920,0.018777864053845406,2025-04-26 14:20:36.337236,2025-04-26 14:20:57.645471,0 days 00:00:21.308235,0.01680560009530911,256,160,240,48.0,,3,1,2,0.00296915353278751,0.6,/work3/arnaou/checkpoints/Tc_trial_920_best_state.pt,"{'learning_rate': 0.00296915353278751, 'lr_reduce': 0.6}",TPESampler,COMPLETE
921,0.018460897728800774,2025-04-26 14:20:40.055134,2025-04-26 14:21:00.020951,0 days 00:00:19.965817,0.04113949882235933,144,256,208,80.0,,3,1,1,0.006689533324263455,0.6,/work3/arnaou/checkpoints/Tc_trial_921_best_state.pt,"{'learning_rate': 0.006689533324263455, 'lr_reduce': 0.6}",TPESampler,COMPLETE
922,0.027661826461553574,2025-04-26 14:20:49.744987,2025-04-26 14:21:17.870945,0 days 00:00:28.125958,0.07706475827300496,80,160,240,96.0,,3,3,1,0.001029448694594685,0.6,/work3/arnaou/checkpoints/Tc_trial_922_best_state.pt,"{'learning_rate': 0.001029448694594685, 'lr_reduce': 0.6}",TPESampler,COMPLETE
923,0.0195892583578825,2025-04-26 14:20:57.873015,2025-04-26 14:21:20.249946,0 days 00:00:22.376931,0.04777930574070786,256,224,256,96.0,,3,2,1,0.0027258555568796497,0.6,/work3/arnaou/checkpoints/Tc_trial_923_best_state.pt,"{'learning_rate': 0.0027258555568796497, 'lr_reduce': 0.6}",TPESampler,COMPLETE
924,0.019996266812086105,2025-04-26 14:21:00.331819,2025-04-26 14:21:31.645688,0 days 00:00:31.313869,0.2553672864002836,192,240,128,,,2,2,4,0.0018669639332029035,0.6,/work3/arnaou/checkpoints/Tc_trial_924_best_state.pt,"{'learning_rate': 0.0018669639332029035, 'lr_reduce': 0.6}",TPESampler,COMPLETE
925,0.03401600942015648,2025-04-26 14:21:18.074826,2025-04-26 14:21:41.539276,0 days 00:00:23.464450,0.12312575004290469,240,208,176,80.0,192.0,4,4,4,0.0009225577498353013,0.6,/work3/arnaou/checkpoints/Tc_trial_925_best_state.pt,"{'learning_rate': 0.0009225577498353013, 'lr_reduce': 0.6}",TPESampler,COMPLETE
926,0.05333387479186058,2025-04-26 14:21:20.477774,2025-04-26 14:21:47.315257,0 days 00:00:26.837483,0.017316576427697072,32,224,64,80.0,80.0,4,1,4,0.00019347913113541075,0.6,/work3/arnaou/checkpoints/Tc_trial_926_best_state.pt,"{'learning_rate': 0.00019347913113541075, 'lr_reduce': 0.6}",TPESampler,COMPLETE
927,0.02070237696170807,2025-04-26 14:21:31.831583,2025-04-26 14:21:48.018618,0 days 00:00:16.187035,0.02817827415618865,256,192,256,,,2,1,1,0.00195394230463112,0.6,/work3/arnaou/checkpoints/Tc_trial_927_best_state.pt,"{'learning_rate': 0.00195394230463112, 'lr_reduce': 0.6}",TPESampler,COMPLETE
928,0.03519217297434807,2025-04-26 14:21:41.745651,2025-04-26 14:21:53.135222,0 days 00:00:11.389571,0.0031516466154362863,160,256,192,112.0,,3,1,1,0.007037097144816418,0.6,/work3/arnaou/checkpoints/Tc_trial_928_best_state.pt,"{'learning_rate': 0.007037097144816418, 'lr_reduce': 0.6}",TPESampler,COMPLETE
929,0.01823614537715912,2025-04-26 14:21:47.532438,2025-04-26 14:22:10.194570,0 days 00:00:22.662132,0.05642160940305124,192,192,192,96.0,,3,1,1,0.008318769134740552,0.6,/work3/arnaou/checkpoints/Tc_trial_929_best_state.pt,"{'learning_rate': 0.008318769134740552, 'lr_reduce': 0.6}",TPESampler,COMPLETE
930,0.02936427854001522,2025-04-26 14:21:48.210819,2025-04-26 14:22:08.109654,0 days 00:00:19.898835,0.14787868055621067,160,240,176,,,2,1,1,0.009283372653184501,0.6,/work3/arnaou/checkpoints/Tc_trial_930_best_state.pt,"{'learning_rate': 0.009283372653184501, 'lr_reduce': 0.6}",TPESampler,COMPLETE
931,0.025668883696198463,2025-04-26 14:21:53.360941,2025-04-26 14:22:16.797696,0 days 00:00:23.436755,0.05792103939621379,256,224,208,64.0,,3,2,1,0.006034317528512405,0.6,/work3/arnaou/checkpoints/Tc_trial_931_best_state.pt,"{'learning_rate': 0.006034317528512405, 'lr_reduce': 0.6}",TPESampler,COMPLETE
932,0.23709753155708313,2025-04-26 14:22:08.292842,2025-04-26 14:22:37.944064,0 days 00:00:29.651222,0.2965511985352339,160,224,192,,,2,3,4,0.00014266320512790377,0.6,/work3/arnaou/checkpoints/Tc_trial_932_best_state.pt,"{'learning_rate': 0.00014266320512790377, 'lr_reduce': 0.6}",TPESampler,COMPLETE
933,0.018843436613678932,2025-04-26 14:22:10.451919,2025-04-26 14:22:29.494979,0 days 00:00:19.043060,0.05752647464124995,256,192,240,96.0,,3,1,1,0.0049881534015595135,0.6,/work3/arnaou/checkpoints/Tc_trial_933_best_state.pt,"{'learning_rate': 0.0049881534015595135, 'lr_reduce': 0.6}",TPESampler,COMPLETE
934,0.027772074565291405,2025-04-26 14:22:17.036763,2025-04-26 14:22:41.122876,0 days 00:00:24.086113,0.2371930485672335,256,208,192,,,2,1,4,0.00042590215661398624,0.6,/work3/arnaou/checkpoints/Tc_trial_934_best_state.pt,"{'learning_rate': 0.00042590215661398624, 'lr_reduce': 0.6}",TPESampler,COMPLETE
935,0.018060779199004173,2025-04-26 14:22:29.694660,2025-04-26 14:22:50.487429,0 days 00:00:20.792769,0.009551285130229445,176,208,208,,,2,2,1,0.004655825619757869,0.6,/work3/arnaou/checkpoints/Tc_trial_935_best_state.pt,"{'learning_rate': 0.004655825619757869, 'lr_reduce': 0.6}",TPESampler,COMPLETE
936,0.02699829638004303,2025-04-26 14:22:38.162722,2025-04-26 14:23:04.130780,0 days 00:00:25.968058,0.002221359703014899,224,192,224,112.0,,3,3,1,0.0032673738021046185,0.6,/work3/arnaou/checkpoints/Tc_trial_936_best_state.pt,"{'learning_rate': 0.0032673738021046185, 'lr_reduce': 0.6}",TPESampler,COMPLETE
937,0.014060400426387787,2025-04-26 14:22:41.346304,2025-04-26 14:23:07.611769,0 days 00:00:26.265465,0.07470138632953185,224,240,208,80.0,,3,3,1,0.002596225512487944,0.6,/work3/arnaou/checkpoints/Tc_trial_937_best_state.pt,"{'learning_rate': 0.002596225512487944, 'lr_reduce': 0.6}",TPESampler,COMPLETE
938,0.023937350139021873,2025-04-26 14:22:50.853163,2025-04-26 14:23:05.252235,0 days 00:00:14.399072,0.12682426390505003,224,160,208,112.0,144.0,4,1,2,0.005158641446787999,0.6,/work3/arnaou/checkpoints/Tc_trial_938_best_state.pt,"{'learning_rate': 0.005158641446787999, 'lr_reduce': 0.6}",TPESampler,COMPLETE
939,0.02012338489294052,2025-04-26 14:23:04.397125,2025-04-26 14:23:25.198816,0 days 00:00:20.801691,0.02115072890565159,224,192,224,128.0,,3,1,1,0.007465901536829652,0.6,/work3/arnaou/checkpoints/Tc_trial_939_best_state.pt,"{'learning_rate': 0.007465901536829652, 'lr_reduce': 0.6}",TPESampler,COMPLETE
940,0.018656160682439804,2025-04-26 14:23:05.523296,2025-04-26 14:23:28.969543,0 days 00:00:23.446247,0.009940676464013426,176,256,144,96.0,,3,1,2,0.005012161594490957,0.6,/work3/arnaou/checkpoints/Tc_trial_940_best_state.pt,"{'learning_rate': 0.005012161594490957, 'lr_reduce': 0.6}",TPESampler,COMPLETE
941,0.04815203696489334,2025-04-26 14:23:07.852509,2025-04-26 14:23:40.196769,0 days 00:00:32.344260,0.008900737170812106,224,144,112,,,2,4,3,0.00012050876952301945,0.6,/work3/arnaou/checkpoints/Tc_trial_941_best_state.pt,"{'learning_rate': 0.00012050876952301945, 'lr_reduce': 0.6}",TPESampler,COMPLETE
942,0.016924120485782623,2025-04-26 14:23:25.558958,2025-04-26 14:23:48.954977,0 days 00:00:23.396019,0.09891062910899218,176,144,160,,,2,2,1,0.005006422940872772,0.6,/work3/arnaou/checkpoints/Tc_trial_942_best_state.pt,"{'learning_rate': 0.005006422940872772, 'lr_reduce': 0.6}",TPESampler,COMPLETE
943,0.05437466874718666,2025-04-26 14:23:29.167105,2025-04-26 14:23:50.225247,0 days 00:00:21.058142,0.25513866409433283,208,112,208,80.0,,3,4,1,0.0004108311392700574,0.6,/work3/arnaou/checkpoints/Tc_trial_943_best_state.pt,"{'learning_rate': 0.0004108311392700574, 'lr_reduce': 0.6}",TPESampler,COMPLETE
944,0.5012332797050476,2025-04-26 14:23:40.419888,2025-04-26 14:23:45.571313,0 days 00:00:05.151425,0.15318528701872075,32,192,208,64.0,256.0,4,3,4,0.00921566129496374,0.6,/work3/arnaou/checkpoints/Tc_trial_944_best_state.pt,"{'learning_rate': 0.00921566129496374, 'lr_reduce': 0.6}",TPESampler,COMPLETE
945,0.0190118458122015,2025-04-26 14:23:45.758968,2025-04-26 14:24:08.446835,0 days 00:00:22.687867,0.06744324595416806,176,208,208,64.0,,3,2,1,0.0021011552687785445,0.6,/work3/arnaou/checkpoints/Tc_trial_945_best_state.pt,"{'learning_rate': 0.0021011552687785445, 'lr_reduce': 0.6}",TPESampler,COMPLETE
946,0.019302451983094215,2025-04-26 14:23:49.146401,2025-04-26 14:24:06.015443,0 days 00:00:16.869042,0.00536138160506533,256,176,224,64.0,,3,1,1,0.004777444032775071,0.6,/work3/arnaou/checkpoints/Tc_trial_946_best_state.pt,"{'learning_rate': 0.004777444032775071, 'lr_reduce': 0.6}",TPESampler,COMPLETE
947,0.01848190277814865,2025-04-26 14:23:50.440950,2025-04-26 14:24:14.885798,0 days 00:00:24.444848,0.0777564340527046,176,240,176,96.0,,3,3,1,0.0016641121204675898,0.6,/work3/arnaou/checkpoints/Tc_trial_947_best_state.pt,"{'learning_rate': 0.0016641121204675898, 'lr_reduce': 0.6}",TPESampler,COMPLETE
948,0.022264087572693825,2025-04-26 14:24:06.226441,2025-04-26 14:24:29.892204,0 days 00:00:23.665763,0.0022567739688410283,224,176,224,48.0,,3,1,1,0.001968265885534052,0.6,/work3/arnaou/checkpoints/Tc_trial_948_best_state.pt,"{'learning_rate': 0.001968265885534052, 'lr_reduce': 0.6}",TPESampler,COMPLETE
949,0.02861066348850727,2025-04-26 14:24:08.665127,2025-04-26 14:24:25.847801,0 days 00:00:17.182674,0.14808551288091926,208,224,96,80.0,32.0,4,1,1,0.006276005483644819,0.6,/work3/arnaou/checkpoints/Tc_trial_949_best_state.pt,"{'learning_rate': 0.006276005483644819, 'lr_reduce': 0.6}",TPESampler,COMPLETE
950,0.016751915216445923,2025-04-26 14:24:15.102721,2025-04-26 14:24:39.334918,0 days 00:00:24.232197,0.030188483430961015,256,128,224,96.0,,3,2,1,0.004513343567397065,0.6,/work3/arnaou/checkpoints/Tc_trial_950_best_state.pt,"{'learning_rate': 0.004513343567397065, 'lr_reduce': 0.6}",TPESampler,COMPLETE
951,0.01868889480829239,2025-04-26 14:24:26.075994,2025-04-26 14:24:53.650497,0 days 00:00:27.574503,0.10918112199211538,176,240,176,64.0,,3,3,1,0.0058533283622500005,0.6,/work3/arnaou/checkpoints/Tc_trial_951_best_state.pt,"{'learning_rate': 0.0058533283622500005, 'lr_reduce': 0.6}",TPESampler,COMPLETE
952,0.018825393170118332,2025-04-26 14:24:30.102575,2025-04-26 14:25:00.466840,0 days 00:00:30.364265,0.061282267826914975,224,256,208,64.0,,3,4,1,0.0031805113390349065,0.6,/work3/arnaou/checkpoints/Tc_trial_952_best_state.pt,"{'learning_rate': 0.0031805113390349065, 'lr_reduce': 0.6}",TPESampler,COMPLETE
953,0.01822110451757908,2025-04-26 14:24:39.535795,2025-04-26 14:25:06.502244,0 days 00:00:26.966449,0.08037875875727532,240,256,224,80.0,,3,3,1,0.002019040904719713,0.6,/work3/arnaou/checkpoints/Tc_trial_953_best_state.pt,"{'learning_rate': 0.002019040904719713, 'lr_reduce': 0.6}",TPESampler,COMPLETE
954,0.08196476101875305,2025-04-26 14:24:53.880120,2025-04-26 14:25:14.751746,0 days 00:00:20.871626,0.28018571856342184,112,32,48,96.0,96.0,4,3,4,0.0008555571669794718,0.6,/work3/arnaou/checkpoints/Tc_trial_954_best_state.pt,"{'learning_rate': 0.0008555571669794718, 'lr_reduce': 0.6}",TPESampler,COMPLETE
955,0.02912571094930172,2025-04-26 14:25:00.670947,2025-04-26 14:25:23.958745,0 days 00:00:23.287798,0.012846775826185059,224,256,176,80.0,64.0,4,2,1,0.009746489931829352,0.6,/work3/arnaou/checkpoints/Tc_trial_955_best_state.pt,"{'learning_rate': 0.009746489931829352, 'lr_reduce': 0.6}",TPESampler,COMPLETE
956,0.025530511513352394,2025-04-26 14:25:06.765796,2025-04-26 14:25:39.034348,0 days 00:00:32.268552,0.0432185964636805,112,192,128,112.0,112.0,4,2,1,0.008923578688601544,0.6,/work3/arnaou/checkpoints/Tc_trial_956_best_state.pt,"{'learning_rate': 0.008923578688601544, 'lr_reduce': 0.6}",TPESampler,COMPLETE
957,0.023794250562787056,2025-04-26 14:25:15.624704,2025-04-26 14:25:46.345705,0 days 00:00:30.721001,0.05237881868235595,240,144,208,128.0,160.0,4,1,1,0.00902853534638844,0.6,/work3/arnaou/checkpoints/Tc_trial_957_best_state.pt,"{'learning_rate': 0.00902853534638844, 'lr_reduce': 0.6}",TPESampler,COMPLETE
958,0.022722944617271423,2025-04-26 14:25:24.158318,2025-04-26 14:25:52.879394,0 days 00:00:28.721076,0.06159113467145906,192,256,224,,,2,2,1,0.006140917974043987,0.6,/work3/arnaou/checkpoints/Tc_trial_958_best_state.pt,"{'learning_rate': 0.006140917974043987, 'lr_reduce': 0.6}",TPESampler,COMPLETE
959,0.01898709498345852,2025-04-26 14:25:39.228725,2025-04-26 14:25:57.655155,0 days 00:00:18.426430,0.09093682053456582,112,144,176,,,2,2,2,0.003983972941355385,0.6,/work3/arnaou/checkpoints/Tc_trial_959_best_state.pt,"{'learning_rate': 0.003983972941355385, 'lr_reduce': 0.6}",TPESampler,COMPLETE
960,0.03546550124883652,2025-04-26 14:25:47.128949,2025-04-26 14:26:20.932566,0 days 00:00:33.803617,0.1854662814518805,128,224,256,96.0,,3,4,3,0.007726183044259855,0.6,/work3/arnaou/checkpoints/Tc_trial_960_best_state.pt,"{'learning_rate': 0.007726183044259855, 'lr_reduce': 0.6}",TPESampler,COMPLETE
961,0.019635077565908432,2025-04-26 14:25:53.068101,2025-04-26 14:26:20.816027,0 days 00:00:27.747926,0.030813411409582686,256,176,256,128.0,,3,2,1,0.004375018179128302,0.6,/work3/arnaou/checkpoints/Tc_trial_961_best_state.pt,"{'learning_rate': 0.004375018179128302, 'lr_reduce': 0.6}",TPESampler,COMPLETE
962,0.017697669565677643,2025-04-26 14:25:57.856299,2025-04-26 14:26:21.603458,0 days 00:00:23.747159,0.05247672945007811,240,256,240,,,2,1,1,0.004721798584005348,0.6,/work3/arnaou/checkpoints/Tc_trial_962_best_state.pt,"{'learning_rate': 0.004721798584005348, 'lr_reduce': 0.6}",TPESampler,COMPLETE
963,0.018852150067687035,2025-04-26 14:26:20.977246,2025-04-26 14:26:47.296783,0 days 00:00:26.319537,0.0767660016236652,256,256,160,112.0,,3,3,1,0.0033386126034897342,0.6,/work3/arnaou/checkpoints/Tc_trial_963_best_state.pt,"{'learning_rate': 0.0033386126034897342, 'lr_reduce': 0.6}",TPESampler,COMPLETE
964,0.018741412088274956,2025-04-26 14:26:21.112828,2025-04-26 14:26:43.568414,0 days 00:00:22.455586,0.03217922947066021,240,144,224,144.0,,3,1,1,0.009242640655458094,0.6,/work3/arnaou/checkpoints/Tc_trial_964_best_state.pt,"{'learning_rate': 0.009242640655458094, 'lr_reduce': 0.6}",TPESampler,COMPLETE
965,0.03493977710604668,2025-04-26 14:26:21.823462,2025-04-26 14:26:42.497558,0 days 00:00:20.674096,0.27122981822651876,48,240,240,,,2,1,1,0.0008197757397525727,0.6,/work3/arnaou/checkpoints/Tc_trial_965_best_state.pt,"{'learning_rate': 0.0008197757397525727, 'lr_reduce': 0.6}",TPESampler,COMPLETE
966,0.018185995519161224,2025-04-26 14:26:42.717638,2025-04-26 14:27:06.748287,0 days 00:00:24.030649,0.13004932155045507,208,240,240,144.0,,3,3,1,0.0017227019796685482,0.6,/work3/arnaou/checkpoints/Tc_trial_966_best_state.pt,"{'learning_rate': 0.0017227019796685482, 'lr_reduce': 0.6}",TPESampler,COMPLETE
967,0.01620316319167614,2025-04-26 14:26:43.756617,2025-04-26 14:27:04.522458,0 days 00:00:20.765841,0.07957389288552764,256,176,176,80.0,,3,1,1,0.0028747837175261593,0.6,/work3/arnaou/checkpoints/Tc_trial_967_best_state.pt,"{'learning_rate': 0.0028747837175261593, 'lr_reduce': 0.6}",TPESampler,COMPLETE
968,0.018969153985381126,2025-04-26 14:26:47.515855,2025-04-26 14:27:06.992928,0 days 00:00:19.477073,0.281441387580179,128,208,32,,,2,2,2,0.005739688628617311,0.6,/work3/arnaou/checkpoints/Tc_trial_968_best_state.pt,"{'learning_rate': 0.005739688628617311, 'lr_reduce': 0.6}",TPESampler,COMPLETE
969,0.018506785854697227,2025-04-26 14:27:04.721440,2025-04-26 14:27:25.027896,0 days 00:00:20.306456,0.01318567929611071,256,128,240,112.0,,3,1,1,0.001717716584232754,0.6,/work3/arnaou/checkpoints/Tc_trial_969_best_state.pt,"{'learning_rate': 0.001717716584232754, 'lr_reduce': 0.6}",TPESampler,COMPLETE
970,0.024841593578457832,2025-04-26 14:27:06.947494,2025-04-26 14:27:28.679036,0 days 00:00:21.731542,0.066199892521811,144,96,256,144.0,,3,2,2,0.008827344965767743,0.6,/work3/arnaou/checkpoints/Tc_trial_970_best_state.pt,"{'learning_rate': 0.008827344965767743, 'lr_reduce': 0.6}",TPESampler,COMPLETE
971,0.021394874900579453,2025-04-26 14:27:07.233779,2025-04-26 14:27:25.023193,0 days 00:00:17.789414,0.0035947910063310225,192,208,208,144.0,64.0,4,1,1,0.009454241376880753,0.6,/work3/arnaou/checkpoints/Tc_trial_971_best_state.pt,"{'learning_rate': 0.009454241376880753, 'lr_reduce': 0.6}",TPESampler,COMPLETE
972,0.021689239889383316,2025-04-26 14:27:25.153187,2025-04-26 14:27:48.396662,0 days 00:00:23.243475,0.0543915376485674,112,144,256,160.0,32.0,4,1,1,0.0035206188265487002,0.6,/work3/arnaou/checkpoints/Tc_trial_972_best_state.pt,"{'learning_rate': 0.0035206188265487002, 'lr_reduce': 0.6}",TPESampler,COMPLETE
973,0.02182726003229618,2025-04-26 14:27:25.194373,2025-04-26 14:27:43.402631,0 days 00:00:18.208258,0.05678159774915508,176,176,224,112.0,32.0,4,2,1,0.004921848580771575,0.6,/work3/arnaou/checkpoints/Tc_trial_973_best_state.pt,"{'learning_rate': 0.004921848580771575, 'lr_reduce': 0.6}",TPESampler,COMPLETE
974,0.01868876814842224,2025-04-26 14:27:28.874152,2025-04-26 14:27:46.303374,0 days 00:00:17.429222,0.014443284781159964,208,256,192,128.0,,3,1,2,0.002809231244145056,0.6,/work3/arnaou/checkpoints/Tc_trial_974_best_state.pt,"{'learning_rate': 0.002809231244145056, 'lr_reduce': 0.6}",TPESampler,COMPLETE
975,0.0326680988073349,2025-04-26 14:27:43.636994,2025-04-26 14:28:13.100495,0 days 00:00:29.463501,0.15592177303515778,192,208,96,144.0,,3,4,4,0.0006642273026992665,0.6,/work3/arnaou/checkpoints/Tc_trial_975_best_state.pt,"{'learning_rate': 0.0006642273026992665, 'lr_reduce': 0.6}",TPESampler,COMPLETE
976,0.016871163621544838,2025-04-26 14:27:46.590764,2025-04-26 14:28:09.225036,0 days 00:00:22.634272,0.04699660421811726,208,208,128,160.0,96.0,4,1,1,0.0017735610328475124,0.6,/work3/arnaou/checkpoints/Tc_trial_976_best_state.pt,"{'learning_rate': 0.0017735610328475124, 'lr_reduce': 0.6}",TPESampler,COMPLETE
977,0.018327537924051285,2025-04-26 14:27:48.743856,2025-04-26 14:28:09.910117,0 days 00:00:21.166261,0.10690311132192556,192,240,208,96.0,,3,2,1,0.0044536894749775836,0.6,/work3/arnaou/checkpoints/Tc_trial_977_best_state.pt,"{'learning_rate': 0.0044536894749775836, 'lr_reduce': 0.6}",TPESampler,COMPLETE
978,0.016483712941408157,2025-04-26 14:28:09.413120,2025-04-26 14:28:35.475073,0 days 00:00:26.061953,0.0822603529515218,208,160,240,160.0,208.0,4,1,1,0.004081274113461357,0.6,/work3/arnaou/checkpoints/Tc_trial_978_best_state.pt,"{'learning_rate': 0.004081274113461357, 'lr_reduce': 0.6}",TPESampler,COMPLETE
979,0.031049838289618492,2025-04-26 14:28:10.061234,2025-04-26 14:28:38.944309,0 days 00:00:28.883075,0.14919921930883415,224,224,176,128.0,,3,2,2,0.0075397732134688126,0.6,/work3/arnaou/checkpoints/Tc_trial_979_best_state.pt,"{'learning_rate': 0.0075397732134688126, 'lr_reduce': 0.6}",TPESampler,COMPLETE
980,0.051532864570617676,2025-04-26 14:28:13.295110,2025-04-26 14:28:37.657033,0 days 00:00:24.361923,0.21975139412862793,112,48,144,,,2,4,2,0.0005557812451242132,0.6,/work3/arnaou/checkpoints/Tc_trial_980_best_state.pt,"{'learning_rate': 0.0005557812451242132, 'lr_reduce': 0.6}",TPESampler,COMPLETE
981,0.019197480753064156,2025-04-26 14:28:35.673297,2025-04-26 14:28:52.932371,0 days 00:00:17.259074,0.12648199238499797,192,224,192,160.0,,3,1,1,0.0026859175346012005,0.6,/work3/arnaou/checkpoints/Tc_trial_981_best_state.pt,"{'learning_rate': 0.0026859175346012005, 'lr_reduce': 0.6}",TPESampler,COMPLETE
982,0.020113497972488403,2025-04-26 14:28:37.874365,2025-04-26 14:28:59.915139,0 days 00:00:22.040774,0.22189412525598878,192,240,192,112.0,,3,2,1,0.0018502117041892274,0.6,/work3/arnaou/checkpoints/Tc_trial_982_best_state.pt,"{'learning_rate': 0.0018502117041892274, 'lr_reduce': 0.6}",TPESampler,COMPLETE
983,0.017069753259420395,2025-04-26 14:28:39.250090,2025-04-26 14:29:03.844760,0 days 00:00:24.594670,0.08450874443447208,192,128,240,176.0,,3,1,3,0.009002637748387343,0.6,/work3/arnaou/checkpoints/Tc_trial_983_best_state.pt,"{'learning_rate': 0.009002637748387343, 'lr_reduce': 0.6}",TPESampler,COMPLETE
984,0.021807832643389702,2025-04-26 14:28:53.182132,2025-04-26 14:29:15.901490,0 days 00:00:22.719358,0.11816114347701027,192,256,176,144.0,128.0,4,2,1,0.0008907653557825759,0.6,/work3/arnaou/checkpoints/Tc_trial_984_best_state.pt,"{'learning_rate': 0.0008907653557825759, 'lr_reduce': 0.6}",TPESampler,COMPLETE
