number,value,datetime_start,datetime_complete,duration,params_dropout,params_hidden_channels,params_mlp_dim_00,params_mlp_dim_01,params_mlp_dim_02,params_mlp_dim_03,params_mlp_n_layers,params_num_layers,params_num_timesteps,params_train_learning_rate,params_train_lr_reduce,user_attrs_best_state_dict_path,user_attrs_training_params,system_attrs_auto:sampler,state
1683,0.24517826735973358,2025-04-26 15:49:30.862183,2025-04-26 15:49:58.625674,0 days 00:00:27.763491,0.22869173935240084,48,64,112,192.0,,3,3,3,0.00031907624014937186,0.6,/work3/arnaou/checkpoints/Tc_trial_1683_best_state.pt,"{'learning_rate': 0.00031907624014937186, 'lr_reduce': 0.6}",TPESampler,COMPLETE
1684,0.022324228659272194,2025-04-26 15:49:40.332815,2025-04-26 15:50:03.973074,0 days 00:00:23.640259,0.0023125729585130664,240,208,192,112.0,,3,3,1,0.008957726288110937,0.6,/work3/arnaou/checkpoints/Tc_trial_1684_best_state.pt,"{'learning_rate': 0.008957726288110937, 'lr_reduce': 0.6}",TPESampler,COMPLETE
1685,0.018627051264047623,2025-04-26 15:49:44.932233,2025-04-26 15:50:03.181761,0 days 00:00:18.249528,0.022628809527321353,192,128,224,160.0,,3,2,1,0.0024642364043664486,0.6,/work3/arnaou/checkpoints/Tc_trial_1685_best_state.pt,"{'learning_rate': 0.0024642364043664486, 'lr_reduce': 0.6}",TPESampler,COMPLETE
1686,0.019778680056333542,2025-04-26 15:49:58.833128,2025-04-26 15:50:25.348978,0 days 00:00:26.515850,0.1060017551766807,96,160,80,224.0,,3,3,1,0.008051290551539095,0.6,/work3/arnaou/checkpoints/Tc_trial_1686_best_state.pt,"{'learning_rate': 0.008051290551539095, 'lr_reduce': 0.6}",TPESampler,COMPLETE
1687,0.024437006562948227,2025-04-26 15:50:03.427022,2025-04-26 15:50:23.838740,0 days 00:00:20.411718,0.20189997228397655,176,112,240,176.0,,3,3,4,0.009841731275005587,0.6,/work3/arnaou/checkpoints/Tc_trial_1687_best_state.pt,"{'learning_rate': 0.009841731275005587, 'lr_reduce': 0.6}",TPESampler,COMPLETE
1688,0.019984440878033638,2025-04-26 15:50:04.174077,2025-04-26 15:50:27.630786,0 days 00:00:23.456709,0.006528136472758331,176,144,208,128.0,64.0,4,1,1,0.007873725734787585,0.6,/work3/arnaou/checkpoints/Tc_trial_1688_best_state.pt,"{'learning_rate': 0.007873725734787585, 'lr_reduce': 0.6}",TPESampler,COMPLETE
1689,0.01808975636959076,2025-04-26 15:50:24.059578,2025-04-26 15:50:43.159960,0 days 00:00:19.100382,0.02287483209840169,144,256,256,208.0,,3,1,2,0.004431782638124649,0.6,/work3/arnaou/checkpoints/Tc_trial_1689_best_state.pt,"{'learning_rate': 0.004431782638124649, 'lr_reduce': 0.6}",TPESampler,COMPLETE
1690,0.014619361609220505,2025-04-26 15:50:25.586141,2025-04-26 15:50:55.303302,0 days 00:00:29.717161,0.001131597427956738,224,208,192,160.0,64.0,4,1,1,0.005442586812243125,0.6,/work3/arnaou/checkpoints/Tc_trial_1690_best_state.pt,"{'learning_rate': 0.005442586812243125, 'lr_reduce': 0.6}",TPESampler,COMPLETE
1691,0.02259449101984501,2025-04-26 15:50:27.859100,2025-04-26 15:50:48.892242,0 days 00:00:21.033142,0.0681042227300662,176,160,256,80.0,112.0,4,2,1,0.0076993981556583305,0.6,/work3/arnaou/checkpoints/Tc_trial_1691_best_state.pt,"{'learning_rate': 0.0076993981556583305, 'lr_reduce': 0.6}",TPESampler,COMPLETE
1692,0.024419058114290237,2025-04-26 15:50:44.073863,2025-04-26 15:51:22.737733,0 days 00:00:38.663870,0.044313289856717133,224,48,256,240.0,,3,4,4,0.0016707823145553605,0.6,/work3/arnaou/checkpoints/Tc_trial_1692_best_state.pt,"{'learning_rate': 0.0016707823145553605, 'lr_reduce': 0.6}",TPESampler,COMPLETE
1693,0.015614473260939121,2025-04-26 15:50:49.139316,2025-04-26 15:51:20.829314,0 days 00:00:31.689998,0.103657003942799,160,256,160,,,2,2,1,0.004887781933824314,0.6,/work3/arnaou/checkpoints/Tc_trial_1693_best_state.pt,"{'learning_rate': 0.004887781933824314, 'lr_reduce': 0.6}",TPESampler,COMPLETE
1694,0.033952582627534866,2025-04-26 15:50:56.008704,2025-04-26 15:51:25.734346,0 days 00:00:29.725642,0.0723081576298424,192,32,160,176.0,48.0,4,1,4,0.0008505369802585781,0.6,/work3/arnaou/checkpoints/Tc_trial_1694_best_state.pt,"{'learning_rate': 0.0008505369802585781, 'lr_reduce': 0.6}",TPESampler,COMPLETE
1695,0.016926834359765053,2025-04-26 15:51:21.037891,2025-04-26 15:51:43.780813,0 days 00:00:22.742922,0.03689803855255564,208,112,256,176.0,,3,2,2,0.003509403981822588,0.6,/work3/arnaou/checkpoints/Tc_trial_1695_best_state.pt,"{'learning_rate': 0.003509403981822588, 'lr_reduce': 0.6}",TPESampler,COMPLETE
1696,0.017666371539235115,2025-04-26 15:51:22.973130,2025-04-26 15:51:44.691983,0 days 00:00:21.718853,0.04995259941985279,256,208,208,192.0,80.0,4,1,2,0.005491572367497151,0.6,/work3/arnaou/checkpoints/Tc_trial_1696_best_state.pt,"{'learning_rate': 0.005491572367497151, 'lr_reduce': 0.6}",TPESampler,COMPLETE
1697,0.019043568521738052,2025-04-26 15:51:25.958919,2025-04-26 15:51:44.770711,0 days 00:00:18.811792,0.09396100140623756,144,256,144,176.0,96.0,4,2,1,0.009393688489740776,0.6,/work3/arnaou/checkpoints/Tc_trial_1697_best_state.pt,"{'learning_rate': 0.009393688489740776, 'lr_reduce': 0.6}",TPESampler,COMPLETE
1698,0.017532827332615852,2025-04-26 15:51:44.007375,2025-04-26 15:52:02.644929,0 days 00:00:18.637554,0.022241654929684836,80,192,128,,,2,2,1,0.0031554896619202374,0.6,/work3/arnaou/checkpoints/Tc_trial_1698_best_state.pt,"{'learning_rate': 0.0031554896619202374, 'lr_reduce': 0.6}",TPESampler,COMPLETE
1699,0.03662974014878273,2025-04-26 15:51:44.879855,2025-04-26 15:52:19.704750,0 days 00:00:34.824895,0.09837821853422238,64,240,144,192.0,,3,1,4,0.00023709110553163262,0.6,/work3/arnaou/checkpoints/Tc_trial_1699_best_state.pt,"{'learning_rate': 0.00023709110553163262, 'lr_reduce': 0.6}",TPESampler,COMPLETE
1700,0.021883942186832428,2025-04-26 15:51:44.999629,2025-04-26 15:52:07.570788,0 days 00:00:22.571159,0.052241956140271585,128,208,256,176.0,144.0,4,1,1,0.001965042921504279,0.6,/work3/arnaou/checkpoints/Tc_trial_1700_best_state.pt,"{'learning_rate': 0.001965042921504279, 'lr_reduce': 0.6}",TPESampler,COMPLETE
1701,0.024417292326688766,2025-04-26 15:52:02.867686,2025-04-26 15:52:29.799810,0 days 00:00:26.932124,0.2947238374957323,224,240,80,,,2,1,1,0.008065351701119727,0.6,/work3/arnaou/checkpoints/Tc_trial_1701_best_state.pt,"{'learning_rate': 0.008065351701119727, 'lr_reduce': 0.6}",TPESampler,COMPLETE
1702,0.02694976143538952,2025-04-26 15:52:07.802947,2025-04-26 15:52:40.882812,0 days 00:00:33.079865,0.031896390046368,240,224,176,208.0,48.0,4,1,2,0.00865161542888818,0.6,/work3/arnaou/checkpoints/Tc_trial_1702_best_state.pt,"{'learning_rate': 0.00865161542888818, 'lr_reduce': 0.6}",TPESampler,COMPLETE
1703,0.015574062243103981,2025-04-26 15:52:20.478811,2025-04-26 15:52:49.148202,0 days 00:00:28.669391,0.03848403401764311,224,192,144,160.0,80.0,4,1,1,0.007136072722503958,0.6,/work3/arnaou/checkpoints/Tc_trial_1703_best_state.pt,"{'learning_rate': 0.007136072722503958, 'lr_reduce': 0.6}",TPESampler,COMPLETE
1704,0.027276253327727318,2025-04-26 15:52:30.033593,2025-04-26 15:53:09.686649,0 days 00:00:39.653056,0.02153575491622372,256,192,208,192.0,64.0,4,1,1,0.009188950765317564,0.6,/work3/arnaou/checkpoints/Tc_trial_1704_best_state.pt,"{'learning_rate': 0.009188950765317564, 'lr_reduce': 0.6}",TPESampler,COMPLETE
1705,0.02529739774763584,2025-04-26 15:52:41.518571,2025-04-26 15:53:13.883874,0 days 00:00:32.365303,0.20243784698407438,176,256,144,160.0,,3,1,1,0.009753196485139457,0.6,/work3/arnaou/checkpoints/Tc_trial_1705_best_state.pt,"{'learning_rate': 0.009753196485139457, 'lr_reduce': 0.6}",TPESampler,COMPLETE
1706,0.021288933232426643,2025-04-26 15:52:52.084120,2025-04-26 15:53:26.317039,0 days 00:00:34.232919,0.045876990467344184,64,160,96,,,2,4,4,0.004213245801683735,0.6,/work3/arnaou/checkpoints/Tc_trial_1706_best_state.pt,"{'learning_rate': 0.004213245801683735, 'lr_reduce': 0.6}",TPESampler,COMPLETE
1707,0.07760780304670334,2025-04-26 15:53:09.905126,2025-04-26 15:53:53.252507,0 days 00:00:43.347381,0.013729627325731797,96,128,112,,,2,4,1,0.00013208920479859307,0.6,/work3/arnaou/checkpoints/Tc_trial_1707_best_state.pt,"{'learning_rate': 0.00013208920479859307, 'lr_reduce': 0.6}",TPESampler,COMPLETE
1708,0.016956346109509468,2025-04-26 15:53:14.104841,2025-04-26 15:53:49.039270,0 days 00:00:34.934429,0.006056264061328054,256,96,256,176.0,,3,2,1,0.0032430088815860176,0.6,/work3/arnaou/checkpoints/Tc_trial_1708_best_state.pt,"{'learning_rate': 0.0032430088815860176, 'lr_reduce': 0.6}",TPESampler,COMPLETE
1709,0.017579255625605583,2025-04-26 15:53:26.539249,2025-04-26 15:54:00.684180,0 days 00:00:34.144931,0.014889474511321521,224,224,144,208.0,32.0,4,1,1,0.005769267391326983,0.6,/work3/arnaou/checkpoints/Tc_trial_1709_best_state.pt,"{'learning_rate': 0.005769267391326983, 'lr_reduce': 0.6}",TPESampler,COMPLETE
1710,0.015965698286890984,2025-04-26 15:53:50.155248,2025-04-26 15:54:13.741941,0 days 00:00:23.586693,0.02621115586726234,208,240,176,160.0,96.0,4,1,1,0.0029935499215906635,0.6,/work3/arnaou/checkpoints/Tc_trial_1710_best_state.pt,"{'learning_rate': 0.0029935499215906635, 'lr_reduce': 0.6}",TPESampler,COMPLETE
1711,0.015313275158405304,2025-04-26 15:53:53.479583,2025-04-26 15:54:18.359642,0 days 00:00:24.880059,0.02934598180054226,208,192,192,192.0,64.0,4,1,1,0.0048670702710185716,0.6,/work3/arnaou/checkpoints/Tc_trial_1711_best_state.pt,"{'learning_rate': 0.0048670702710185716, 'lr_reduce': 0.6}",TPESampler,COMPLETE
1712,0.016704848036170006,2025-04-26 15:54:00.934159,2025-04-26 15:54:31.731373,0 days 00:00:30.797214,0.00472923731713391,256,208,256,240.0,,3,2,1,0.002301592414740044,0.6,/work3/arnaou/checkpoints/Tc_trial_1712_best_state.pt,"{'learning_rate': 0.002301592414740044, 'lr_reduce': 0.6}",TPESampler,COMPLETE
1713,0.015272955410182476,2025-04-26 15:54:13.975880,2025-04-26 15:54:42.619785,0 days 00:00:28.643905,0.021917348293046302,224,224,176,160.0,112.0,4,1,1,0.00784182428779503,0.6,/work3/arnaou/checkpoints/Tc_trial_1713_best_state.pt,"{'learning_rate': 0.00784182428779503, 'lr_reduce': 0.6}",TPESampler,COMPLETE
1714,0.01925518736243248,2025-04-26 15:54:19.444637,2025-04-26 15:54:44.576830,0 days 00:00:25.132193,0.0040095679969752995,224,208,192,192.0,80.0,4,1,1,0.0012820961366695723,0.6,/work3/arnaou/checkpoints/Tc_trial_1714_best_state.pt,"{'learning_rate': 0.0012820961366695723, 'lr_reduce': 0.6}",TPESampler,COMPLETE
1715,0.0404750220477581,2025-04-26 15:54:32.081402,2025-04-26 15:54:59.918733,0 days 00:00:27.837331,0.23450263026051782,176,96,160,,,2,3,4,0.00023775363876873292,0.6,/work3/arnaou/checkpoints/Tc_trial_1715_best_state.pt,"{'learning_rate': 0.00023775363876873292, 'lr_reduce': 0.6}",TPESampler,COMPLETE
1716,0.022567111998796463,2025-04-26 15:54:42.851854,2025-04-26 15:55:04.100729,0 days 00:00:21.248875,0.11087839214142073,160,112,160,,,2,2,1,0.0014623324730582853,0.6,/work3/arnaou/checkpoints/Tc_trial_1716_best_state.pt,"{'learning_rate': 0.0014623324730582853, 'lr_reduce': 0.6}",TPESampler,COMPLETE
1717,0.024789903312921524,2025-04-26 15:54:44.785587,2025-04-26 15:55:06.251561,0 days 00:00:21.465974,0.055293915604884905,192,224,144,224.0,,3,2,1,0.0003946118921515284,0.6,/work3/arnaou/checkpoints/Tc_trial_1717_best_state.pt,"{'learning_rate': 0.0003946118921515284, 'lr_reduce': 0.6}",TPESampler,COMPLETE
1718,0.016061706468462944,2025-04-26 15:55:00.158130,2025-04-26 15:55:21.723977,0 days 00:00:21.565847,0.013852069207247708,128,224,240,176.0,48.0,4,1,2,0.003987550316651411,0.6,/work3/arnaou/checkpoints/Tc_trial_1718_best_state.pt,"{'learning_rate': 0.003987550316651411, 'lr_reduce': 0.6}",TPESampler,COMPLETE
1719,0.01869221404194832,2025-04-26 15:55:04.365513,2025-04-26 15:55:22.887244,0 days 00:00:18.521731,0.01789794251165904,208,224,208,160.0,80.0,4,1,1,0.004939434864316922,0.6,/work3/arnaou/checkpoints/Tc_trial_1719_best_state.pt,"{'learning_rate': 0.004939434864316922, 'lr_reduce': 0.6}",TPESampler,COMPLETE
1720,0.018192430958151817,2025-04-26 15:55:06.479002,2025-04-26 15:55:30.715484,0 days 00:00:24.236482,0.009758842918603468,208,208,112,208.0,,3,3,1,0.0019673749548157586,0.6,/work3/arnaou/checkpoints/Tc_trial_1720_best_state.pt,"{'learning_rate': 0.0019673749548157586, 'lr_reduce': 0.6}",TPESampler,COMPLETE
1721,0.09613227844238281,2025-04-26 15:55:21.962392,2025-04-26 15:55:47.878221,0 days 00:00:25.915829,0.26062074699376314,256,32,160,176.0,256.0,4,2,4,0.00014296712348007044,0.6,/work3/arnaou/checkpoints/Tc_trial_1721_best_state.pt,"{'learning_rate': 0.00014296712348007044, 'lr_reduce': 0.6}",TPESampler,COMPLETE
1722,0.0227008368819952,2025-04-26 15:55:23.343543,2025-04-26 15:55:47.551781,0 days 00:00:24.208238,0.033275622536999665,192,160,128,256.0,64.0,4,2,1,0.009108582705752028,0.6,/work3/arnaou/checkpoints/Tc_trial_1722_best_state.pt,"{'learning_rate': 0.009108582705752028, 'lr_reduce': 0.6}",TPESampler,COMPLETE
1723,0.018073977902531624,2025-04-26 15:55:30.966995,2025-04-26 15:55:55.205091,0 days 00:00:24.238096,0.050853988437519385,208,224,208,192.0,,3,3,1,0.0018535058361393007,0.6,/work3/arnaou/checkpoints/Tc_trial_1723_best_state.pt,"{'learning_rate': 0.0018535058361393007, 'lr_reduce': 0.6}",TPESampler,COMPLETE
1724,0.022099323570728302,2025-04-26 15:55:47.789196,2025-04-26 15:56:09.051858,0 days 00:00:21.262662,0.0873822567627982,176,144,176,,,2,2,2,0.007078468105082889,0.6,/work3/arnaou/checkpoints/Tc_trial_1724_best_state.pt,"{'learning_rate': 0.007078468105082889, 'lr_reduce': 0.6}",TPESampler,COMPLETE
1725,0.01902737095952034,2025-04-26 15:55:48.106602,2025-04-26 15:56:06.881278,0 days 00:00:18.774676,0.12213665756618378,256,128,256,160.0,,3,1,1,0.005135200238457137,0.6,/work3/arnaou/checkpoints/Tc_trial_1725_best_state.pt,"{'learning_rate': 0.005135200238457137, 'lr_reduce': 0.6}",TPESampler,COMPLETE
1726,0.021051784977316856,2025-04-26 15:55:55.419979,2025-04-26 15:56:15.357084,0 days 00:00:19.937105,0.015886080251311805,240,192,224,208.0,112.0,4,1,1,0.004277948542679391,0.6,/work3/arnaou/checkpoints/Tc_trial_1726_best_state.pt,"{'learning_rate': 0.004277948542679391, 'lr_reduce': 0.6}",TPESampler,COMPLETE
1727,0.01738966815173626,2025-04-26 15:56:07.115047,2025-04-26 15:56:23.123365,0 days 00:00:16.008318,0.02738044606830068,96,160,208,64.0,32.0,4,2,2,0.003793880996770225,0.6,/work3/arnaou/checkpoints/Tc_trial_1727_best_state.pt,"{'learning_rate': 0.003793880996770225, 'lr_reduce': 0.6}",TPESampler,COMPLETE
1728,0.023381520062685013,2025-04-26 15:56:09.274521,2025-04-26 15:56:33.110164,0 days 00:00:23.835643,0.06671603586910162,224,160,208,160.0,80.0,4,2,2,0.0032128863979594916,0.6,/work3/arnaou/checkpoints/Tc_trial_1728_best_state.pt,"{'learning_rate': 0.0032128863979594916, 'lr_reduce': 0.6}",TPESampler,COMPLETE
1729,0.01955082081258297,2025-04-26 15:56:15.608996,2025-04-26 15:56:33.363401,0 days 00:00:17.754405,0.04063149425802587,112,208,256,192.0,64.0,4,2,1,0.009662503594615441,0.6,/work3/arnaou/checkpoints/Tc_trial_1729_best_state.pt,"{'learning_rate': 0.009662503594615441, 'lr_reduce': 0.6}",TPESampler,COMPLETE
1730,0.020915569737553596,2025-04-26 15:56:23.342413,2025-04-26 15:56:43.376754,0 days 00:00:20.034341,0.005026221496664119,160,224,192,160.0,96.0,4,1,1,0.007790088597036587,0.6,/work3/arnaou/checkpoints/Tc_trial_1730_best_state.pt,"{'learning_rate': 0.007790088597036587, 'lr_reduce': 0.6}",TPESampler,COMPLETE
1731,0.01619260013103485,2025-04-26 15:56:33.315288,2025-04-26 15:56:49.849815,0 days 00:00:16.534527,0.001947976886938031,224,256,224,224.0,48.0,4,1,1,0.0072259650878776635,0.6,/work3/arnaou/checkpoints/Tc_trial_1731_best_state.pt,"{'learning_rate': 0.0072259650878776635, 'lr_reduce': 0.6}",TPESampler,COMPLETE
1732,0.03824695572257042,2025-04-26 15:56:33.664944,2025-04-26 15:56:56.659907,0 days 00:00:22.994963,0.18500457512621304,224,64,80,144.0,,3,1,1,0.0002312966461767506,0.6,/work3/arnaou/checkpoints/Tc_trial_1732_best_state.pt,"{'learning_rate': 0.0002312966461767506, 'lr_reduce': 0.6}",TPESampler,COMPLETE
1733,0.061236049979925156,2025-04-26 15:56:43.648586,2025-04-26 15:56:56.719380,0 days 00:00:13.070794,0.2285831777298348,256,64,160,,,2,3,2,0.006221350049700171,0.6,/work3/arnaou/checkpoints/Tc_trial_1733_best_state.pt,"{'learning_rate': 0.006221350049700171, 'lr_reduce': 0.6}",TPESampler,COMPLETE
1734,0.038467127829790115,2025-04-26 15:56:50.134519,2025-04-26 15:57:10.623648,0 days 00:00:20.489129,0.2029151056944728,176,240,176,192.0,,3,2,2,0.0069506919562282755,0.6,/work3/arnaou/checkpoints/Tc_trial_1734_best_state.pt,"{'learning_rate': 0.0069506919562282755, 'lr_reduce': 0.6}",TPESampler,COMPLETE
1735,0.01955401711165905,2025-04-26 15:56:56.827697,2025-04-26 15:57:10.240325,0 days 00:00:13.412628,0.06148217422104135,240,176,224,176.0,96.0,4,1,1,0.002406874691542385,0.6,/work3/arnaou/checkpoints/Tc_trial_1735_best_state.pt,"{'learning_rate': 0.002406874691542385, 'lr_reduce': 0.6}",TPESampler,COMPLETE
1736,0.21805588901042938,2025-04-26 15:56:56.884121,2025-04-26 15:57:23.617909,0 days 00:00:26.733788,0.25639896172609117,32,112,48,96.0,96.0,4,3,2,0.00046092202670190393,0.6,/work3/arnaou/checkpoints/Tc_trial_1736_best_state.pt,"{'learning_rate': 0.00046092202670190393, 'lr_reduce': 0.6}",TPESampler,COMPLETE
1737,0.040834978222846985,2025-04-26 15:57:10.451163,2025-04-26 15:57:32.899930,0 days 00:00:22.448767,0.027589202432505344,256,240,176,144.0,,3,1,1,0.00013464728229845794,0.6,/work3/arnaou/checkpoints/Tc_trial_1737_best_state.pt,"{'learning_rate': 0.00013464728229845794, 'lr_reduce': 0.6}",TPESampler,COMPLETE
1738,0.022385530173778534,2025-04-26 15:57:10.888309,2025-04-26 15:57:34.118769,0 days 00:00:23.230460,0.015030059022448621,128,128,240,208.0,64.0,4,2,1,0.004916073263545478,0.6,/work3/arnaou/checkpoints/Tc_trial_1738_best_state.pt,"{'learning_rate': 0.004916073263545478, 'lr_reduce': 0.6}",TPESampler,COMPLETE
1739,0.031813789159059525,2025-04-26 15:57:23.862791,2025-04-26 15:57:41.782547,0 days 00:00:17.919756,0.05144374821084599,256,208,192,176.0,,3,2,2,0.007522349440464361,0.6,/work3/arnaou/checkpoints/Tc_trial_1739_best_state.pt,"{'learning_rate': 0.007522349440464361, 'lr_reduce': 0.6}",TPESampler,COMPLETE
1740,0.28477564454078674,2025-04-26 15:57:33.166454,2025-04-26 15:58:05.924443,0 days 00:00:32.757989,0.22277773513935617,32,240,112,224.0,,3,4,4,0.00014558921614462933,0.6,/work3/arnaou/checkpoints/Tc_trial_1740_best_state.pt,"{'learning_rate': 0.00014558921614462933, 'lr_reduce': 0.6}",TPESampler,COMPLETE
1741,0.027584219351410866,2025-04-26 15:57:34.337050,2025-04-26 15:57:51.293028,0 days 00:00:16.955978,0.13934667971538894,32,256,80,144.0,48.0,4,1,2,0.00848040557611247,0.6,/work3/arnaou/checkpoints/Tc_trial_1741_best_state.pt,"{'learning_rate': 0.00848040557611247, 'lr_reduce': 0.6}",TPESampler,COMPLETE
1742,0.017322689294815063,2025-04-26 15:57:42.046086,2025-04-26 15:57:57.845497,0 days 00:00:15.799411,0.0035872579345278643,224,144,144,176.0,128.0,4,1,1,0.003907435252253381,0.6,/work3/arnaou/checkpoints/Tc_trial_1742_best_state.pt,"{'learning_rate': 0.003907435252253381, 'lr_reduce': 0.6}",TPESampler,COMPLETE
1743,0.01783965714275837,2025-04-26 15:57:51.574038,2025-04-26 15:58:12.304271,0 days 00:00:20.730233,0.03600131646640708,176,224,176,240.0,,3,2,1,0.0019692740476103068,0.6,/work3/arnaou/checkpoints/Tc_trial_1743_best_state.pt,"{'learning_rate': 0.0019692740476103068, 'lr_reduce': 0.6}",TPESampler,COMPLETE
1744,0.023312244564294815,2025-04-26 15:57:58.080334,2025-04-26 15:58:17.105692,0 days 00:00:19.025358,0.09785188607200883,192,128,208,192.0,,3,1,2,0.00798212186893407,0.6,/work3/arnaou/checkpoints/Tc_trial_1744_best_state.pt,"{'learning_rate': 0.00798212186893407, 'lr_reduce': 0.6}",TPESampler,COMPLETE
1745,0.021769268438220024,2025-04-26 15:58:06.142657,2025-04-26 15:58:26.907228,0 days 00:00:20.764571,0.06689843784520684,208,192,224,160.0,80.0,4,1,2,0.006227478919608798,0.6,/work3/arnaou/checkpoints/Tc_trial_1745_best_state.pt,"{'learning_rate': 0.006227478919608798, 'lr_reduce': 0.6}",TPESampler,COMPLETE
1746,0.037221264094114304,2025-04-26 15:58:12.514939,2025-04-26 15:58:35.220677,0 days 00:00:22.705738,0.008379413002780407,144,160,128,80.0,,3,3,1,0.008891276614672925,0.6,/work3/arnaou/checkpoints/Tc_trial_1746_best_state.pt,"{'learning_rate': 0.008891276614672925, 'lr_reduce': 0.6}",TPESampler,COMPLETE
1747,0.019006047397851944,2025-04-26 15:58:17.329174,2025-04-26 15:58:34.789544,0 days 00:00:17.460370,0.19330308894490095,160,208,160,128.0,,3,2,1,0.0028815095220899433,0.6,/work3/arnaou/checkpoints/Tc_trial_1747_best_state.pt,"{'learning_rate': 0.0028815095220899433, 'lr_reduce': 0.6}",TPESampler,COMPLETE
1748,0.0380336195230484,2025-04-26 15:58:27.130352,2025-04-26 15:58:47.109315,0 days 00:00:19.978963,0.06884687689917042,240,256,208,208.0,64.0,4,2,1,0.007198212506516459,0.6,/work3/arnaou/checkpoints/Tc_trial_1748_best_state.pt,"{'learning_rate': 0.007198212506516459, 'lr_reduce': 0.6}",TPESampler,COMPLETE
1749,0.017865493893623352,2025-04-26 15:58:35.000062,2025-04-26 15:58:52.035441,0 days 00:00:17.035379,0.0725306815567121,208,176,192,176.0,,3,1,1,0.004603282577897367,0.6,/work3/arnaou/checkpoints/Tc_trial_1749_best_state.pt,"{'learning_rate': 0.004603282577897367, 'lr_reduce': 0.6}",TPESampler,COMPLETE
1750,0.01835027150809765,2025-04-26 15:58:35.503990,2025-04-26 15:58:55.297845,0 days 00:00:19.793855,0.061586653649151085,256,224,160,144.0,32.0,4,1,1,0.003261225755351368,0.6,/work3/arnaou/checkpoints/Tc_trial_1750_best_state.pt,"{'learning_rate': 0.003261225755351368, 'lr_reduce': 0.6}",TPESampler,COMPLETE
1751,0.02620750293135643,2025-04-26 15:58:47.366341,2025-04-26 15:59:16.617248,0 days 00:00:29.250907,0.00025356994418945095,224,160,224,192.0,80.0,4,2,2,0.006011304089553447,0.6,/work3/arnaou/checkpoints/Tc_trial_1751_best_state.pt,"{'learning_rate': 0.006011304089553447, 'lr_reduce': 0.6}",TPESampler,COMPLETE
1752,0.018067514523863792,2025-04-26 15:58:52.260512,2025-04-26 15:59:22.120370,0 days 00:00:29.859858,0.100902429660896,224,256,208,,,2,3,1,0.004805936616476189,0.6,/work3/arnaou/checkpoints/Tc_trial_1752_best_state.pt,"{'learning_rate': 0.004805936616476189, 'lr_reduce': 0.6}",TPESampler,COMPLETE
