number,value,datetime_start,datetime_complete,duration,params_dropout,params_hidden_channels,params_mlp_dim_00,params_mlp_dim_01,params_mlp_dim_02,params_mlp_dim_03,params_mlp_n_layers,params_num_layers,params_num_timesteps,params_train_learning_rate,params_train_lr_reduce,user_attrs_best_state_dict_path,user_attrs_training_params,system_attrs_auto:sampler,state
2451,0.02646852284669876,2025-04-26 17:26:16.581439,2025-04-26 17:26:41.273158,0 days 00:00:24.691719,0.192420738441675,112,144,208,80.0,80.0,4,4,2,0.00230735386946116,0.6,/work3/arnaou/checkpoints/Tc_trial_2451_best_state.pt,"{'learning_rate': 0.00230735386946116, 'lr_reduce': 0.6}",TPESampler,COMPLETE
2452,0.01765994355082512,2025-04-26 17:26:18.494683,2025-04-26 17:26:36.519161,0 days 00:00:18.024478,0.18753079742305798,96,128,48,,,2,1,1,0.003391805498352714,0.6,/work3/arnaou/checkpoints/Tc_trial_2452_best_state.pt,"{'learning_rate': 0.003391805498352714, 'lr_reduce': 0.6}",TPESampler,COMPLETE
2453,0.018250027671456337,2025-04-26 17:26:35.272001,2025-04-26 17:26:58.949465,0 days 00:00:23.677464,0.01303933171604833,208,224,192,112.0,,3,2,2,0.0031469282704214593,0.6,/work3/arnaou/checkpoints/Tc_trial_2453_best_state.pt,"{'learning_rate': 0.0031469282704214593, 'lr_reduce': 0.6}",TPESampler,COMPLETE
2454,0.01627309061586857,2025-04-26 17:26:36.710639,2025-04-26 17:26:55.149468,0 days 00:00:18.438829,0.04391416444440202,240,256,224,128.0,32.0,4,1,3,0.0035369584856859136,0.6,/work3/arnaou/checkpoints/Tc_trial_2454_best_state.pt,"{'learning_rate': 0.0035369584856859136, 'lr_reduce': 0.6}",TPESampler,COMPLETE
2455,0.018637944012880325,2025-04-26 17:26:41.534935,2025-04-26 17:26:59.524433,0 days 00:00:17.989498,0.1268082596203578,224,128,208,96.0,,3,1,2,0.007878742602568874,0.6,/work3/arnaou/checkpoints/Tc_trial_2455_best_state.pt,"{'learning_rate': 0.007878742602568874, 'lr_reduce': 0.6}",TPESampler,COMPLETE
2456,0.02425602450966835,2025-04-26 17:26:55.335586,2025-04-26 17:27:16.243431,0 days 00:00:20.907845,0.019399359396462923,208,192,256,144.0,64.0,4,2,2,0.004551393697553096,0.6,/work3/arnaou/checkpoints/Tc_trial_2456_best_state.pt,"{'learning_rate': 0.004551393697553096, 'lr_reduce': 0.6}",TPESampler,COMPLETE
2457,0.017457792535424232,2025-04-26 17:26:59.172750,2025-04-26 17:27:19.710922,0 days 00:00:20.538172,0.005676426582471651,176,256,208,128.0,96.0,4,2,2,0.0026721902376433313,0.6,/work3/arnaou/checkpoints/Tc_trial_2457_best_state.pt,"{'learning_rate': 0.0026721902376433313, 'lr_reduce': 0.6}",TPESampler,COMPLETE
2458,0.041898008435964584,2025-04-26 17:26:59.775542,2025-04-26 17:27:14.469370,0 days 00:00:14.693828,0.007914737124672628,256,240,176,80.0,48.0,4,2,2,0.005180014295244155,0.6,/work3/arnaou/checkpoints/Tc_trial_2458_best_state.pt,"{'learning_rate': 0.005180014295244155, 'lr_reduce': 0.6}",TPESampler,COMPLETE
2459,0.017889978364109993,2025-04-26 17:27:14.634931,2025-04-26 17:27:40.595565,0 days 00:00:25.960634,0.05932835996784572,144,192,144,144.0,80.0,4,3,3,0.003333148265407133,0.6,/work3/arnaou/checkpoints/Tc_trial_2459_best_state.pt,"{'learning_rate': 0.003333148265407133, 'lr_reduce': 0.6}",TPESampler,COMPLETE
2460,0.022003376856446266,2025-04-26 17:27:16.452988,2025-04-26 17:27:27.799774,0 days 00:00:11.346786,0.004291384054721416,192,176,208,32.0,32.0,4,1,1,0.008376751120328282,0.6,/work3/arnaou/checkpoints/Tc_trial_2460_best_state.pt,"{'learning_rate': 0.008376751120328282, 'lr_reduce': 0.6}",TPESampler,COMPLETE
2461,0.036534518003463745,2025-04-26 17:27:19.934551,2025-04-26 17:27:43.548289,0 days 00:00:23.613738,0.11339985297121977,192,112,128,112.0,,3,3,3,0.0075530375159048035,0.6,/work3/arnaou/checkpoints/Tc_trial_2461_best_state.pt,"{'learning_rate': 0.0075530375159048035, 'lr_reduce': 0.6}",TPESampler,COMPLETE
2462,0.01902458816766739,2025-04-26 17:27:28.033786,2025-04-26 17:27:50.260830,0 days 00:00:22.227044,0.048276679832638954,224,208,176,96.0,,3,2,1,0.004545399212422598,0.6,/work3/arnaou/checkpoints/Tc_trial_2462_best_state.pt,"{'learning_rate': 0.004545399212422598, 'lr_reduce': 0.6}",TPESampler,COMPLETE
2463,0.02059359662234783,2025-04-26 17:27:40.781493,2025-04-26 17:28:07.893209,0 days 00:00:27.111716,0.009750234421631825,256,240,208,144.0,64.0,4,2,1,0.0009406419429802685,0.6,/work3/arnaou/checkpoints/Tc_trial_2463_best_state.pt,"{'learning_rate': 0.0009406419429802685, 'lr_reduce': 0.6}",TPESampler,COMPLETE
2464,0.021691063418984413,2025-04-26 17:27:44.014868,2025-04-26 17:28:19.049552,0 days 00:00:35.034684,0.03151379972163133,192,256,208,64.0,48.0,4,2,3,0.004309497716422857,0.6,/work3/arnaou/checkpoints/Tc_trial_2464_best_state.pt,"{'learning_rate': 0.004309497716422857, 'lr_reduce': 0.6}",TPESampler,COMPLETE
2465,0.0189739428460598,2025-04-26 17:27:51.126514,2025-04-26 17:28:20.872522,0 days 00:00:29.746008,0.05957725278778475,224,192,176,144.0,,3,2,1,0.0013708802014032809,0.6,/work3/arnaou/checkpoints/Tc_trial_2465_best_state.pt,"{'learning_rate': 0.0013708802014032809, 'lr_reduce': 0.6}",TPESampler,COMPLETE
2466,0.02024233713746071,2025-04-26 17:28:08.110358,2025-04-26 17:28:40.661506,0 days 00:00:32.551148,0.022562457207632947,240,96,112,112.0,96.0,4,3,4,0.003302764132300588,0.6,/work3/arnaou/checkpoints/Tc_trial_2466_best_state.pt,"{'learning_rate': 0.003302764132300588, 'lr_reduce': 0.6}",TPESampler,COMPLETE
2467,0.03091062232851982,2025-04-26 17:28:19.271015,2025-04-26 17:28:49.078671,0 days 00:00:29.807656,0.011044264839157223,224,240,240,128.0,64.0,4,2,3,0.007611616638758463,0.6,/work3/arnaou/checkpoints/Tc_trial_2467_best_state.pt,"{'learning_rate': 0.007611616638758463, 'lr_reduce': 0.6}",TPESampler,COMPLETE
2468,0.0190825704485178,2025-04-26 17:28:21.129062,2025-04-26 17:28:41.864443,0 days 00:00:20.735381,0.029320966957617847,240,160,256,144.0,80.0,4,2,1,0.004716760792748449,0.6,/work3/arnaou/checkpoints/Tc_trial_2468_best_state.pt,"{'learning_rate': 0.004716760792748449, 'lr_reduce': 0.6}",TPESampler,COMPLETE
2469,0.018492968752980232,2025-04-26 17:28:40.923143,2025-04-26 17:29:04.466825,0 days 00:00:23.543682,0.07766712458194654,208,192,192,96.0,32.0,4,3,2,0.006118969718466409,0.6,/work3/arnaou/checkpoints/Tc_trial_2469_best_state.pt,"{'learning_rate': 0.006118969718466409, 'lr_reduce': 0.6}",TPESampler,COMPLETE
2470,0.01959223672747612,2025-04-26 17:28:42.063703,2025-04-26 17:29:06.596307,0 days 00:00:24.532604,0.02895139457371918,224,256,144,144.0,64.0,4,2,2,0.0012598996102919833,0.6,/work3/arnaou/checkpoints/Tc_trial_2470_best_state.pt,"{'learning_rate': 0.0012598996102919833, 'lr_reduce': 0.6}",TPESampler,COMPLETE
2471,0.020498814061284065,2025-04-26 17:28:49.325846,2025-04-26 17:29:08.090681,0 days 00:00:18.764835,0.07795827813628503,96,192,224,112.0,96.0,4,1,1,0.004526683905325584,0.6,/work3/arnaou/checkpoints/Tc_trial_2471_best_state.pt,"{'learning_rate': 0.004526683905325584, 'lr_reduce': 0.6}",TPESampler,COMPLETE
2472,0.04120411351323128,2025-04-26 17:29:04.659212,2025-04-26 17:29:31.546764,0 days 00:00:26.887552,0.10104993081794258,224,256,176,144.0,48.0,4,2,3,0.00029858653778303907,0.6,/work3/arnaou/checkpoints/Tc_trial_2472_best_state.pt,"{'learning_rate': 0.00029858653778303907, 'lr_reduce': 0.6}",TPESampler,COMPLETE
2473,0.01899302750825882,2025-04-26 17:29:06.865659,2025-04-26 17:29:31.396232,0 days 00:00:24.530573,0.005381253645916092,176,224,160,80.0,80.0,4,2,2,0.003932393842261641,0.6,/work3/arnaou/checkpoints/Tc_trial_2473_best_state.pt,"{'learning_rate': 0.003932393842261641, 'lr_reduce': 0.6}",TPESampler,COMPLETE
2474,0.018976695835590363,2025-04-26 17:29:08.302625,2025-04-26 17:29:32.302555,0 days 00:00:23.999930,0.01526731912931851,224,208,112,112.0,,3,2,1,0.0008660589359412421,0.6,/work3/arnaou/checkpoints/Tc_trial_2474_best_state.pt,"{'learning_rate': 0.0008660589359412421, 'lr_reduce': 0.6}",TPESampler,COMPLETE
2475,0.04012742266058922,2025-04-26 17:29:31.605216,2025-04-26 17:29:56.894978,0 days 00:00:25.289762,0.05896207862439536,240,128,112,128.0,48.0,4,4,3,0.00582126561337629,0.6,/work3/arnaou/checkpoints/Tc_trial_2475_best_state.pt,"{'learning_rate': 0.00582126561337629, 'lr_reduce': 0.6}",TPESampler,COMPLETE
2476,0.01896725594997406,2025-04-26 17:29:31.762314,2025-04-26 17:29:50.399922,0 days 00:00:18.637608,0.06920081015592512,144,256,192,144.0,,3,2,1,0.0029858011123064065,0.6,/work3/arnaou/checkpoints/Tc_trial_2476_best_state.pt,"{'learning_rate': 0.0029858011123064065, 'lr_reduce': 0.6}",TPESampler,COMPLETE
2477,0.02887829579412937,2025-04-26 17:29:32.470947,2025-04-26 17:29:51.120209,0 days 00:00:18.649262,0.018024559705994203,112,32,192,,,2,1,1,0.0011285067910593474,0.6,/work3/arnaou/checkpoints/Tc_trial_2477_best_state.pt,"{'learning_rate': 0.0011285067910593474, 'lr_reduce': 0.6}",TPESampler,COMPLETE
2478,0.2237304449081421,2025-04-26 17:29:50.581279,2025-04-26 17:30:19.433412,0 days 00:00:28.852133,0.2640305896260194,176,112,48,96.0,,3,3,4,0.00010686043120817277,0.6,/work3/arnaou/checkpoints/Tc_trial_2478_best_state.pt,"{'learning_rate': 0.00010686043120817277, 'lr_reduce': 0.6}",TPESampler,COMPLETE
2479,0.01798010990023613,2025-04-26 17:29:51.304144,2025-04-26 17:30:11.089596,0 days 00:00:19.785452,0.010050697425951625,192,224,240,64.0,32.0,4,1,1,0.004578776405211728,0.6,/work3/arnaou/checkpoints/Tc_trial_2479_best_state.pt,"{'learning_rate': 0.004578776405211728, 'lr_reduce': 0.6}",TPESampler,COMPLETE
2480,0.02243330329656601,2025-04-26 17:29:57.146945,2025-04-26 17:30:14.931531,0 days 00:00:17.784586,0.05140196188610348,208,208,208,144.0,,3,2,1,0.005013011229001493,0.6,/work3/arnaou/checkpoints/Tc_trial_2480_best_state.pt,"{'learning_rate': 0.005013011229001493, 'lr_reduce': 0.6}",TPESampler,COMPLETE
2481,0.018739504739642143,2025-04-26 17:30:11.283400,2025-04-26 17:30:31.630741,0 days 00:00:20.347341,0.07742080612353075,224,192,192,112.0,64.0,4,1,1,0.003473379150698144,0.6,/work3/arnaou/checkpoints/Tc_trial_2481_best_state.pt,"{'learning_rate': 0.003473379150698144, 'lr_reduce': 0.6}",TPESampler,COMPLETE
2482,0.01729573868215084,2025-04-26 17:30:15.163266,2025-04-26 17:30:42.419145,0 days 00:00:27.255879,0.0683076486253543,144,160,144,144.0,,3,3,4,0.004119260408894697,0.6,/work3/arnaou/checkpoints/Tc_trial_2482_best_state.pt,"{'learning_rate': 0.004119260408894697, 'lr_reduce': 0.6}",TPESampler,COMPLETE
2483,0.017200307920575142,2025-04-26 17:30:19.669022,2025-04-26 17:30:49.459684,0 days 00:00:29.790662,0.01681093599236364,192,160,176,80.0,80.0,4,3,3,0.0017805960227090226,0.6,/work3/arnaou/checkpoints/Tc_trial_2483_best_state.pt,"{'learning_rate': 0.0017805960227090226, 'lr_reduce': 0.6}",TPESampler,COMPLETE
2484,0.019226709380745888,2025-04-26 17:30:31.820495,2025-04-26 17:30:57.871218,0 days 00:00:26.050723,0.01853245417818063,192,256,224,112.0,,3,1,1,0.003451032900874723,0.6,/work3/arnaou/checkpoints/Tc_trial_2484_best_state.pt,"{'learning_rate': 0.003451032900874723, 'lr_reduce': 0.6}",TPESampler,COMPLETE
2485,0.023722989484667778,2025-04-26 17:30:42.668315,2025-04-26 17:31:06.573575,0 days 00:00:23.905260,0.03157031587880866,224,256,192,128.0,48.0,4,2,2,0.006320226649340048,0.6,/work3/arnaou/checkpoints/Tc_trial_2485_best_state.pt,"{'learning_rate': 0.006320226649340048, 'lr_reduce': 0.6}",TPESampler,COMPLETE
2486,0.018370412290096283,2025-04-26 17:30:51.296085,2025-04-26 17:31:10.659523,0 days 00:00:19.363438,0.006352086378951016,208,240,240,144.0,,3,1,1,0.005617388321761685,0.6,/work3/arnaou/checkpoints/Tc_trial_2486_best_state.pt,"{'learning_rate': 0.005617388321761685, 'lr_reduce': 0.6}",TPESampler,COMPLETE
2487,0.022088011726737022,2025-04-26 17:30:58.091049,2025-04-26 17:31:19.273721,0 days 00:00:21.182672,0.014918715152152175,48,112,176,96.0,,3,2,1,0.0026354413092875323,0.6,/work3/arnaou/checkpoints/Tc_trial_2487_best_state.pt,"{'learning_rate': 0.0026354413092875323, 'lr_reduce': 0.6}",TPESampler,COMPLETE
2488,0.018023014068603516,2025-04-26 17:31:06.808590,2025-04-26 17:31:30.056688,0 days 00:00:23.248098,0.06508855151229818,160,128,192,144.0,96.0,4,2,2,0.004972930275006046,0.6,/work3/arnaou/checkpoints/Tc_trial_2488_best_state.pt,"{'learning_rate': 0.004972930275006046, 'lr_reduce': 0.6}",TPESampler,COMPLETE
2489,0.02202705852687359,2025-04-26 17:31:10.874405,2025-04-26 17:31:34.365535,0 days 00:00:23.491130,0.05553329199749121,256,160,32,128.0,64.0,4,1,3,0.0010133387524515426,0.6,/work3/arnaou/checkpoints/Tc_trial_2489_best_state.pt,"{'learning_rate': 0.0010133387524515426, 'lr_reduce': 0.6}",TPESampler,COMPLETE
2490,0.015475318767130375,2025-04-26 17:31:19.565070,2025-04-26 17:31:44.903140,0 days 00:00:25.338070,0.009239341941265168,208,176,144,96.0,32.0,4,3,2,0.0036706178143720695,0.6,/work3/arnaou/checkpoints/Tc_trial_2490_best_state.pt,"{'learning_rate': 0.0036706178143720695, 'lr_reduce': 0.6}",TPESampler,COMPLETE
2491,0.01711444929242134,2025-04-26 17:31:30.302350,2025-04-26 17:31:44.942676,0 days 00:00:14.640326,0.003392084373014459,256,176,224,144.0,80.0,4,1,1,0.004066530819367896,0.6,/work3/arnaou/checkpoints/Tc_trial_2491_best_state.pt,"{'learning_rate': 0.004066530819367896, 'lr_reduce': 0.6}",TPESampler,COMPLETE
2492,0.029360368847846985,2025-04-26 17:31:34.599113,2025-04-26 17:31:51.937158,0 days 00:00:17.338045,0.14395377066912532,64,256,160,,,2,1,1,0.0011490226973587551,0.6,/work3/arnaou/checkpoints/Tc_trial_2492_best_state.pt,"{'learning_rate': 0.0011490226973587551, 'lr_reduce': 0.6}",TPESampler,COMPLETE
2493,0.021973852068185806,2025-04-26 17:31:45.080312,2025-04-26 17:32:05.118191,0 days 00:00:20.037879,0.005614462132184521,224,176,176,160.0,,3,1,1,0.0010595890394357722,0.6,/work3/arnaou/checkpoints/Tc_trial_2493_best_state.pt,"{'learning_rate': 0.0010595890394357722, 'lr_reduce': 0.6}",TPESampler,COMPLETE
2494,0.024933239445090294,2025-04-26 17:31:45.119305,2025-04-26 17:32:08.600142,0 days 00:00:23.480837,0.07689301832297847,192,176,176,112.0,64.0,4,2,2,0.00855752090347848,0.6,/work3/arnaou/checkpoints/Tc_trial_2494_best_state.pt,"{'learning_rate': 0.00855752090347848, 'lr_reduce': 0.6}",TPESampler,COMPLETE
2495,0.01809094101190567,2025-04-26 17:31:52.167299,2025-04-26 17:32:09.012062,0 days 00:00:16.844763,0.0005597331537768609,208,256,224,64.0,,3,2,1,0.003228202069722537,0.6,/work3/arnaou/checkpoints/Tc_trial_2495_best_state.pt,"{'learning_rate': 0.003228202069722537, 'lr_reduce': 0.6}",TPESampler,COMPLETE
2496,0.02222510613501072,2025-04-26 17:32:05.303284,2025-04-26 17:32:29.140971,0 days 00:00:23.837687,0.021973109177938016,256,256,176,,,2,2,1,0.0005479705870672365,0.6,/work3/arnaou/checkpoints/Tc_trial_2496_best_state.pt,"{'learning_rate': 0.0005479705870672365, 'lr_reduce': 0.6}",TPESampler,COMPLETE
2497,0.018262874335050583,2025-04-26 17:32:08.964890,2025-04-26 17:32:36.897464,0 days 00:00:27.932574,0.023351251230045257,208,224,192,160.0,96.0,4,2,3,0.0029287295875320375,0.6,/work3/arnaou/checkpoints/Tc_trial_2497_best_state.pt,"{'learning_rate': 0.0029287295875320375, 'lr_reduce': 0.6}",TPESampler,COMPLETE
2498,0.020064057782292366,2025-04-26 17:32:09.441380,2025-04-26 17:32:37.824399,0 days 00:00:28.383019,0.04018136186785355,208,192,160,128.0,48.0,4,4,3,0.003384484977851071,0.6,/work3/arnaou/checkpoints/Tc_trial_2498_best_state.pt,"{'learning_rate': 0.003384484977851071, 'lr_reduce': 0.6}",TPESampler,COMPLETE
2499,0.02033481001853943,2025-04-26 17:32:29.332223,2025-04-26 17:32:49.477337,0 days 00:00:20.145114,0.023016213907264483,256,240,240,96.0,64.0,4,3,3,0.003646671079512321,0.6,/work3/arnaou/checkpoints/Tc_trial_2499_best_state.pt,"{'learning_rate': 0.003646671079512321, 'lr_reduce': 0.6}",TPESampler,COMPLETE
