number,value,datetime_start,datetime_complete,duration,params_dropout,params_hidden_channels,params_mlp_dim_00,params_mlp_dim_01,params_mlp_dim_02,params_mlp_dim_03,params_mlp_n_layers,params_num_layers,params_num_timesteps,params_train_learning_rate,params_train_lr_reduce,user_attrs_best_state_dict_path,user_attrs_training_params,system_attrs_auto:sampler,state
2382,0.018569104373455048,2025-04-26 17:16:59.608362,2025-04-26 17:17:28.426400,0 days 00:00:28.818038,0.020479576035090933,224,192,224,112.0,32.0,4,2,2,0.0011995321998114138,0.6,/work3/arnaou/checkpoints/Tc_trial_2382_best_state.pt,"{'learning_rate': 0.0011995321998114138, 'lr_reduce': 0.6}",TPESampler,COMPLETE
2383,0.023415183648467064,2025-04-26 17:17:02.377868,2025-04-26 17:17:36.117284,0 days 00:00:33.739416,0.015075517523933993,176,176,192,112.0,32.0,4,2,4,0.0060562808881591814,0.6,/work3/arnaou/checkpoints/Tc_trial_2383_best_state.pt,"{'learning_rate': 0.0060562808881591814, 'lr_reduce': 0.6}",TPESampler,COMPLETE
2384,0.021415604278445244,2025-04-26 17:17:27.617526,2025-04-26 17:17:51.602153,0 days 00:00:23.984627,0.22400973857330378,160,112,112,,,2,1,4,0.0017340374562783306,0.6,/work3/arnaou/checkpoints/Tc_trial_2384_best_state.pt,"{'learning_rate': 0.0017340374562783306, 'lr_reduce': 0.6}",TPESampler,COMPLETE
2385,0.05736790597438812,2025-04-26 17:17:28.800375,2025-04-26 17:17:45.345020,0 days 00:00:16.544645,0.26530695394185766,96,256,32,96.0,,3,4,4,0.009966829837139752,0.6,/work3/arnaou/checkpoints/Tc_trial_2385_best_state.pt,"{'learning_rate': 0.009966829837139752, 'lr_reduce': 0.6}",TPESampler,COMPLETE
2386,0.018400147557258606,2025-04-26 17:17:36.330765,2025-04-26 17:18:03.529538,0 days 00:00:27.198773,0.01973211367960798,208,176,208,112.0,32.0,4,4,2,0.002714238588069248,0.6,/work3/arnaou/checkpoints/Tc_trial_2386_best_state.pt,"{'learning_rate': 0.002714238588069248, 'lr_reduce': 0.6}",TPESampler,COMPLETE
2387,0.016864728182554245,2025-04-26 17:17:45.678756,2025-04-26 17:18:08.942932,0 days 00:00:23.264176,0.03190989181870023,224,224,192,112.0,32.0,4,2,1,0.0033980138432390776,0.6,/work3/arnaou/checkpoints/Tc_trial_2387_best_state.pt,"{'learning_rate': 0.0033980138432390776, 'lr_reduce': 0.6}",TPESampler,COMPLETE
2388,0.021649455651640892,2025-04-26 17:17:51.992865,2025-04-26 17:18:17.300997,0 days 00:00:25.308132,0.07368298335070424,192,112,208,96.0,32.0,4,3,2,0.004734937188472625,0.6,/work3/arnaou/checkpoints/Tc_trial_2388_best_state.pt,"{'learning_rate': 0.004734937188472625, 'lr_reduce': 0.6}",TPESampler,COMPLETE
2389,0.01781529188156128,2025-04-26 17:18:03.708514,2025-04-26 17:18:28.122475,0 days 00:00:24.413961,0.03614946087702027,160,256,160,112.0,32.0,4,2,2,0.0074544165496697274,0.6,/work3/arnaou/checkpoints/Tc_trial_2389_best_state.pt,"{'learning_rate': 0.0074544165496697274, 'lr_reduce': 0.6}",TPESampler,COMPLETE
2390,0.01728914864361286,2025-04-26 17:18:09.190057,2025-04-26 17:18:33.202334,0 days 00:00:24.012277,0.015131999923806073,144,208,192,112.0,32.0,4,3,2,0.005599620407710052,0.6,/work3/arnaou/checkpoints/Tc_trial_2390_best_state.pt,"{'learning_rate': 0.005599620407710052, 'lr_reduce': 0.6}",TPESampler,COMPLETE
2391,0.02753063663840294,2025-04-26 17:18:17.527646,2025-04-26 17:18:41.372563,0 days 00:00:23.844917,0.0720932548339325,224,176,224,112.0,32.0,4,2,1,0.009020388704085995,0.6,/work3/arnaou/checkpoints/Tc_trial_2391_best_state.pt,"{'learning_rate': 0.009020388704085995, 'lr_reduce': 0.6}",TPESampler,COMPLETE
2392,0.025914791971445084,2025-04-26 17:18:28.359842,2025-04-26 17:18:56.014693,0 days 00:00:27.654851,0.014929318407257973,192,224,208,80.0,48.0,4,2,3,0.0009310754590956236,0.6,/work3/arnaou/checkpoints/Tc_trial_2392_best_state.pt,"{'learning_rate': 0.0009310754590956236, 'lr_reduce': 0.6}",TPESampler,COMPLETE
2393,0.018965108320116997,2025-04-26 17:18:33.441180,2025-04-26 17:18:59.826103,0 days 00:00:26.384923,0.03248371998669858,256,240,160,96.0,48.0,4,3,2,0.0013492297275326498,0.6,/work3/arnaou/checkpoints/Tc_trial_2393_best_state.pt,"{'learning_rate': 0.0013492297275326498, 'lr_reduce': 0.6}",TPESampler,COMPLETE
2394,0.020661888644099236,2025-04-26 17:18:41.637754,2025-04-26 17:19:04.733867,0 days 00:00:23.096113,0.0020730955833494213,192,224,208,112.0,,3,1,2,0.0020184369355716386,0.6,/work3/arnaou/checkpoints/Tc_trial_2394_best_state.pt,"{'learning_rate': 0.0020184369355716386, 'lr_reduce': 0.6}",TPESampler,COMPLETE
2395,0.019444234669208527,2025-04-26 17:18:56.251168,2025-04-26 17:19:15.903394,0 days 00:00:19.652226,0.06536599304203917,160,224,208,80.0,32.0,4,1,2,0.004433077986724307,0.6,/work3/arnaou/checkpoints/Tc_trial_2395_best_state.pt,"{'learning_rate': 0.004433077986724307, 'lr_reduce': 0.6}",TPESampler,COMPLETE
2396,0.021632185205817223,2025-04-26 17:19:00.076329,2025-04-26 17:19:28.334298,0 days 00:00:28.257969,0.04892409091318264,224,208,160,128.0,48.0,4,3,4,0.0016753536101231528,0.6,/work3/arnaou/checkpoints/Tc_trial_2396_best_state.pt,"{'learning_rate': 0.0016753536101231528, 'lr_reduce': 0.6}",TPESampler,COMPLETE
2397,0.039566732943058014,2025-04-26 17:19:04.972122,2025-04-26 17:19:19.931544,0 days 00:00:14.959422,0.10804465151625539,160,48,64,96.0,48.0,4,3,3,0.004390575866808787,0.6,/work3/arnaou/checkpoints/Tc_trial_2397_best_state.pt,"{'learning_rate': 0.004390575866808787, 'lr_reduce': 0.6}",TPESampler,COMPLETE
2398,0.020771674811840057,2025-04-26 17:19:16.126924,2025-04-26 17:19:42.107250,0 days 00:00:25.980326,0.12344375100823549,208,208,192,128.0,64.0,4,2,2,0.004358502236168969,0.6,/work3/arnaou/checkpoints/Tc_trial_2398_best_state.pt,"{'learning_rate': 0.004358502236168969, 'lr_reduce': 0.6}",TPESampler,COMPLETE
2399,0.020745353773236275,2025-04-26 17:19:20.196685,2025-04-26 17:19:40.412255,0 days 00:00:20.215570,0.03271255535461087,256,224,224,112.0,32.0,4,2,3,0.0014755210723588494,0.6,/work3/arnaou/checkpoints/Tc_trial_2399_best_state.pt,"{'learning_rate': 0.0014755210723588494, 'lr_reduce': 0.6}",TPESampler,COMPLETE
2400,0.03369971364736557,2025-04-26 17:19:28.578057,2025-04-26 17:20:00.802686,0 days 00:00:32.224629,0.14363645776547046,160,128,224,,,2,1,4,0.00021601679565916973,0.6,/work3/arnaou/checkpoints/Tc_trial_2400_best_state.pt,"{'learning_rate': 0.00021601679565916973, 'lr_reduce': 0.6}",TPESampler,COMPLETE
2401,0.021560436114668846,2025-04-26 17:19:40.601904,2025-04-26 17:20:09.842961,0 days 00:00:29.241057,0.06124055488290136,176,144,208,96.0,64.0,4,3,2,0.0019445815923406784,0.6,/work3/arnaou/checkpoints/Tc_trial_2401_best_state.pt,"{'learning_rate': 0.0019445815923406784, 'lr_reduce': 0.6}",TPESampler,COMPLETE
2402,0.019863003864884377,2025-04-26 17:19:42.552437,2025-04-26 17:20:05.876023,0 days 00:00:23.323586,0.07096905662865,256,192,176,128.0,48.0,4,3,1,0.0022370882956738365,0.6,/work3/arnaou/checkpoints/Tc_trial_2402_best_state.pt,"{'learning_rate': 0.0022370882956738365, 'lr_reduce': 0.6}",TPESampler,COMPLETE
2403,0.018122611567378044,2025-04-26 17:20:00.986275,2025-04-26 17:20:24.817664,0 days 00:00:23.831389,0.012345678476034908,224,256,192,80.0,64.0,4,2,2,0.0014311679692942266,0.6,/work3/arnaou/checkpoints/Tc_trial_2403_best_state.pt,"{'learning_rate': 0.0014311679692942266, 'lr_reduce': 0.6}",TPESampler,COMPLETE
2404,0.031036069616675377,2025-04-26 17:20:06.121578,2025-04-26 17:20:31.422929,0 days 00:00:25.301351,0.02429104410928214,192,128,176,112.0,32.0,4,2,3,0.00922208963347146,0.6,/work3/arnaou/checkpoints/Tc_trial_2404_best_state.pt,"{'learning_rate': 0.00922208963347146, 'lr_reduce': 0.6}",TPESampler,COMPLETE
2405,0.01565803401172161,2025-04-26 17:20:10.245394,2025-04-26 17:20:31.151307,0 days 00:00:20.905913,0.07236561388957943,192,256,224,128.0,64.0,4,2,1,0.0022860026717783756,0.6,/work3/arnaou/checkpoints/Tc_trial_2405_best_state.pt,"{'learning_rate': 0.0022860026717783756, 'lr_reduce': 0.6}",TPESampler,COMPLETE
2406,0.025758158415555954,2025-04-26 17:20:24.979780,2025-04-26 17:20:51.571078,0 days 00:00:26.591298,0.04420598019283199,208,256,160,80.0,64.0,4,3,2,0.003169032553074397,0.6,/work3/arnaou/checkpoints/Tc_trial_2406_best_state.pt,"{'learning_rate': 0.003169032553074397, 'lr_reduce': 0.6}",TPESampler,COMPLETE
2407,0.022298729047179222,2025-04-26 17:20:31.365795,2025-04-26 17:20:51.430537,0 days 00:00:20.064742,0.07035743760262714,208,240,160,128.0,32.0,4,1,2,0.002169403580181261,0.6,/work3/arnaou/checkpoints/Tc_trial_2407_best_state.pt,"{'learning_rate': 0.002169403580181261, 'lr_reduce': 0.6}",TPESampler,COMPLETE
2408,0.01797398366034031,2025-04-26 17:20:31.725454,2025-04-26 17:20:56.533660,0 days 00:00:24.808206,0.014667922851896324,192,144,192,96.0,,3,2,3,0.0017419999305247154,0.6,/work3/arnaou/checkpoints/Tc_trial_2408_best_state.pt,"{'learning_rate': 0.0017419999305247154, 'lr_reduce': 0.6}",TPESampler,COMPLETE
2409,0.03890452906489372,2025-04-26 17:20:51.613667,2025-04-26 17:21:15.594267,0 days 00:00:23.980600,0.004766940638209732,48,160,32,128.0,64.0,4,1,2,0.0008426473799657553,0.6,/work3/arnaou/checkpoints/Tc_trial_2409_best_state.pt,"{'learning_rate': 0.0008426473799657553, 'lr_reduce': 0.6}",TPESampler,COMPLETE
2410,0.025017578154802322,2025-04-26 17:20:51.756887,2025-04-26 17:21:16.713103,0 days 00:00:24.956216,0.025444545019158958,224,208,208,64.0,48.0,4,3,2,0.002971421344232455,0.6,/work3/arnaou/checkpoints/Tc_trial_2410_best_state.pt,"{'learning_rate': 0.002971421344232455, 'lr_reduce': 0.6}",TPESampler,COMPLETE
2411,0.016592975705862045,2025-04-26 17:20:56.759525,2025-04-26 17:21:23.277090,0 days 00:00:26.517565,0.0631299634038194,240,256,240,112.0,80.0,4,4,1,0.0018369453713903464,0.6,/work3/arnaou/checkpoints/Tc_trial_2411_best_state.pt,"{'learning_rate': 0.0018369453713903464, 'lr_reduce': 0.6}",TPESampler,COMPLETE
2412,0.01602107286453247,2025-04-26 17:21:15.774978,2025-04-26 17:21:34.515962,0 days 00:00:18.740984,0.013465965666297312,208,160,176,128.0,48.0,4,2,1,0.003717382507483423,0.6,/work3/arnaou/checkpoints/Tc_trial_2412_best_state.pt,"{'learning_rate': 0.003717382507483423, 'lr_reduce': 0.6}",TPESampler,COMPLETE
2413,0.017466500401496887,2025-04-26 17:21:16.906309,2025-04-26 17:21:44.030992,0 days 00:00:27.124683,0.004535100094960099,144,176,176,128.0,80.0,4,3,4,0.0018006511958917407,0.6,/work3/arnaou/checkpoints/Tc_trial_2413_best_state.pt,"{'learning_rate': 0.0018006511958917407, 'lr_reduce': 0.6}",TPESampler,COMPLETE
2414,0.024134676903486252,2025-04-26 17:21:23.504984,2025-04-26 17:21:46.178564,0 days 00:00:22.673580,0.01370533363350928,208,208,192,96.0,32.0,4,2,2,0.003439523988386053,0.6,/work3/arnaou/checkpoints/Tc_trial_2414_best_state.pt,"{'learning_rate': 0.003439523988386053, 'lr_reduce': 0.6}",TPESampler,COMPLETE
2415,0.017211711034178734,2025-04-26 17:21:34.763466,2025-04-26 17:22:01.604470,0 days 00:00:26.841004,0.027943665047301988,160,208,192,96.0,64.0,4,2,3,0.0038257262472725954,0.6,/work3/arnaou/checkpoints/Tc_trial_2415_best_state.pt,"{'learning_rate': 0.0038257262472725954, 'lr_reduce': 0.6}",TPESampler,COMPLETE
2416,0.07158797979354858,2025-04-26 17:21:44.249007,2025-04-26 17:22:11.951695,0 days 00:00:27.702688,0.11302952894748516,240,32,144,,,2,3,1,0.00010799221602328729,0.6,/work3/arnaou/checkpoints/Tc_trial_2416_best_state.pt,"{'learning_rate': 0.00010799221602328729, 'lr_reduce': 0.6}",TPESampler,COMPLETE
2417,0.018848206847906113,2025-04-26 17:21:46.400021,2025-04-26 17:22:13.715403,0 days 00:00:27.315382,0.03186147560169476,208,208,176,128.0,80.0,4,2,2,0.0018097434429658775,0.6,/work3/arnaou/checkpoints/Tc_trial_2417_best_state.pt,"{'learning_rate': 0.0018097434429658775, 'lr_reduce': 0.6}",TPESampler,COMPLETE
2418,0.020330138504505157,2025-04-26 17:22:01.801101,2025-04-26 17:22:22.687793,0 days 00:00:20.886692,0.0032540721881818696,96,240,160,80.0,48.0,4,1,1,0.009065360700242563,0.6,/work3/arnaou/checkpoints/Tc_trial_2418_best_state.pt,"{'learning_rate': 0.009065360700242563, 'lr_reduce': 0.6}",TPESampler,COMPLETE
2419,0.025222016498446465,2025-04-26 17:22:12.178631,2025-04-26 17:22:36.228737,0 days 00:00:24.050106,0.012745713769023587,208,160,208,112.0,64.0,4,3,2,0.003906403013327383,0.6,/work3/arnaou/checkpoints/Tc_trial_2419_best_state.pt,"{'learning_rate': 0.003906403013327383, 'lr_reduce': 0.6}",TPESampler,COMPLETE
2420,0.018782129511237144,2025-04-26 17:22:13.953126,2025-04-26 17:22:40.612127,0 days 00:00:26.659001,0.03272639087267366,208,240,160,48.0,32.0,4,2,3,0.004457966997527032,0.6,/work3/arnaou/checkpoints/Tc_trial_2420_best_state.pt,"{'learning_rate': 0.004457966997527032, 'lr_reduce': 0.6}",TPESampler,COMPLETE
2421,0.016201896592974663,2025-04-26 17:22:22.922331,2025-04-26 17:22:45.846301,0 days 00:00:22.923970,0.045707930373580424,192,256,112,128.0,,3,3,1,0.003192124805234808,0.6,/work3/arnaou/checkpoints/Tc_trial_2421_best_state.pt,"{'learning_rate': 0.003192124805234808, 'lr_reduce': 0.6}",TPESampler,COMPLETE
2422,0.01784869283437729,2025-04-26 17:22:36.395812,2025-04-26 17:22:57.796120,0 days 00:00:21.400308,0.006469278229505729,176,240,208,128.0,80.0,4,1,1,0.007032363191914325,0.6,/work3/arnaou/checkpoints/Tc_trial_2422_best_state.pt,"{'learning_rate': 0.007032363191914325, 'lr_reduce': 0.6}",TPESampler,COMPLETE
2423,0.01766381599009037,2025-04-26 17:22:40.924006,2025-04-26 17:23:07.544269,0 days 00:00:26.620263,0.01944886479707971,128,128,160,96.0,64.0,4,3,4,0.0056440499145675675,0.6,/work3/arnaou/checkpoints/Tc_trial_2423_best_state.pt,"{'learning_rate': 0.0056440499145675675, 'lr_reduce': 0.6}",TPESampler,COMPLETE
2424,0.029561461880803108,2025-04-26 17:22:46.121581,2025-04-26 17:23:07.091284,0 days 00:00:20.969703,0.06172756729795006,256,240,176,80.0,48.0,4,2,2,0.008513680076198018,0.6,/work3/arnaou/checkpoints/Tc_trial_2424_best_state.pt,"{'learning_rate': 0.008513680076198018, 'lr_reduce': 0.6}",TPESampler,COMPLETE
2425,0.014777543023228645,2025-04-26 17:22:57.987547,2025-04-26 17:23:19.316931,0 days 00:00:21.329384,0.08665656729019339,256,208,192,128.0,80.0,4,2,2,0.0028589318711166596,0.6,/work3/arnaou/checkpoints/Tc_trial_2425_best_state.pt,"{'learning_rate': 0.0028589318711166596, 'lr_reduce': 0.6}",TPESampler,COMPLETE
2426,0.01949494145810604,2025-04-26 17:23:07.306629,2025-04-26 17:23:34.587503,0 days 00:00:27.280874,0.007751442514002213,224,240,192,112.0,32.0,4,3,2,0.003341524642797551,0.6,/work3/arnaou/checkpoints/Tc_trial_2426_best_state.pt,"{'learning_rate': 0.003341524642797551, 'lr_reduce': 0.6}",TPESampler,COMPLETE
2427,0.03181299567222595,2025-04-26 17:23:07.872314,2025-04-26 17:23:39.168768,0 days 00:00:31.296454,0.0069244006200551225,208,160,160,64.0,64.0,4,3,4,0.005495080160362309,0.6,/work3/arnaou/checkpoints/Tc_trial_2427_best_state.pt,"{'learning_rate': 0.005495080160362309, 'lr_reduce': 0.6}",TPESampler,COMPLETE
2428,0.018280547112226486,2025-04-26 17:23:19.521516,2025-04-26 17:23:45.928172,0 days 00:00:26.406656,0.06683601341656727,192,208,224,128.0,80.0,4,3,2,0.0014368079311350094,0.6,/work3/arnaou/checkpoints/Tc_trial_2428_best_state.pt,"{'learning_rate': 0.0014368079311350094, 'lr_reduce': 0.6}",TPESampler,COMPLETE
2429,0.019063260406255722,2025-04-26 17:23:34.807322,2025-04-26 17:24:01.898552,0 days 00:00:27.091230,0.019789294470743346,224,208,208,96.0,,3,3,3,0.004201998373365105,0.6,/work3/arnaou/checkpoints/Tc_trial_2429_best_state.pt,"{'learning_rate': 0.004201998373365105, 'lr_reduce': 0.6}",TPESampler,COMPLETE
2430,0.02782585844397545,2025-04-26 17:23:39.392272,2025-04-26 17:24:07.986882,0 days 00:00:28.594610,0.12926787622014377,96,224,192,,,2,2,4,0.00041514816129203876,0.6,/work3/arnaou/checkpoints/Tc_trial_2430_best_state.pt,"{'learning_rate': 0.00041514816129203876, 'lr_reduce': 0.6}",TPESampler,COMPLETE
2431,0.02536158822476864,2025-04-26 17:23:46.151435,2025-04-26 17:24:11.769109,0 days 00:00:25.617674,0.016944418189364728,144,128,208,128.0,48.0,4,3,3,0.006724431266775456,0.6,/work3/arnaou/checkpoints/Tc_trial_2431_best_state.pt,"{'learning_rate': 0.006724431266775456, 'lr_reduce': 0.6}",TPESampler,COMPLETE
2432,0.02135566808283329,2025-04-26 17:24:02.075457,2025-04-26 17:24:18.069570,0 days 00:00:15.994113,0.015949216605452742,256,256,256,96.0,80.0,4,1,2,0.008853720318248437,0.6,/work3/arnaou/checkpoints/Tc_trial_2432_best_state.pt,"{'learning_rate': 0.008853720318248437, 'lr_reduce': 0.6}",TPESampler,COMPLETE
2433,0.04046173393726349,2025-04-26 17:24:08.185507,2025-04-26 17:24:38.250249,0 days 00:00:30.064742,0.15878621172526175,64,128,224,112.0,48.0,4,4,4,0.0005575008459447256,0.6,/work3/arnaou/checkpoints/Tc_trial_2433_best_state.pt,"{'learning_rate': 0.0005575008459447256, 'lr_reduce': 0.6}",TPESampler,COMPLETE
2434,0.01691124029457569,2025-04-26 17:24:11.995903,2025-04-26 17:24:33.020811,0 days 00:00:21.024908,0.014804297546198018,256,208,208,128.0,32.0,4,1,2,0.0018023271447599304,0.6,/work3/arnaou/checkpoints/Tc_trial_2434_best_state.pt,"{'learning_rate': 0.0018023271447599304, 'lr_reduce': 0.6}",TPESampler,COMPLETE
2435,0.02279617451131344,2025-04-26 17:24:18.293994,2025-04-26 17:24:39.253536,0 days 00:00:20.959542,0.018287297856975058,208,208,176,80.0,,3,1,1,0.009561062088068178,0.6,/work3/arnaou/checkpoints/Tc_trial_2435_best_state.pt,"{'learning_rate': 0.009561062088068178, 'lr_reduce': 0.6}",TPESampler,COMPLETE
2436,0.015703359618782997,2025-04-26 17:24:33.232220,2025-04-26 17:24:49.246485,0 days 00:00:16.014265,0.01499132583794903,192,176,176,128.0,,3,1,1,0.003815414739851775,0.6,/work3/arnaou/checkpoints/Tc_trial_2436_best_state.pt,"{'learning_rate': 0.003815414739851775, 'lr_reduce': 0.6}",TPESampler,COMPLETE
2437,0.14162300527095795,2025-04-26 17:24:38.472553,2025-04-26 17:25:05.113252,0 days 00:00:26.640699,0.16389257916575664,32,144,48,,,2,1,4,0.00022948208100271323,0.6,/work3/arnaou/checkpoints/Tc_trial_2437_best_state.pt,"{'learning_rate': 0.00022948208100271323, 'lr_reduce': 0.6}",TPESampler,COMPLETE
2438,0.029170628637075424,2025-04-26 17:24:39.519537,2025-04-26 17:24:52.995162,0 days 00:00:13.475625,0.006871461895708886,192,256,208,96.0,,3,1,2,0.004999422870059816,0.6,/work3/arnaou/checkpoints/Tc_trial_2438_best_state.pt,"{'learning_rate': 0.004999422870059816, 'lr_reduce': 0.6}",TPESampler,COMPLETE
2439,0.017422087490558624,2025-04-26 17:24:49.473422,2025-04-26 17:25:12.292594,0 days 00:00:22.819172,0.016896303498951132,192,240,240,128.0,64.0,4,2,2,0.004684910813048351,0.6,/work3/arnaou/checkpoints/Tc_trial_2439_best_state.pt,"{'learning_rate': 0.004684910813048351, 'lr_reduce': 0.6}",TPESampler,COMPLETE
2440,0.023182690143585205,2025-04-26 17:24:53.381191,2025-04-26 17:25:16.294281,0 days 00:00:22.913090,0.04991286206361343,240,176,176,64.0,80.0,4,2,2,0.0038122176011512526,0.6,/work3/arnaou/checkpoints/Tc_trial_2440_best_state.pt,"{'learning_rate': 0.0038122176011512526, 'lr_reduce': 0.6}",TPESampler,COMPLETE
2441,0.01819486916065216,2025-04-26 17:25:05.300367,2025-04-26 17:25:23.639738,0 days 00:00:18.339371,0.09099470429613318,176,112,208,112.0,,3,1,2,0.002855792273913554,0.6,/work3/arnaou/checkpoints/Tc_trial_2441_best_state.pt,"{'learning_rate': 0.002855792273913554, 'lr_reduce': 0.6}",TPESampler,COMPLETE
2442,0.022377999499440193,2025-04-26 17:25:12.520480,2025-04-26 17:25:35.925022,0 days 00:00:23.404542,0.031480438849734324,224,256,192,96.0,48.0,4,2,2,0.00213001664412646,0.6,/work3/arnaou/checkpoints/Tc_trial_2442_best_state.pt,"{'learning_rate': 0.00213001664412646, 'lr_reduce': 0.6}",TPESampler,COMPLETE
2443,0.018471738323569298,2025-04-26 17:25:16.522447,2025-04-26 17:25:38.186383,0 days 00:00:21.663936,0.00027091216653943664,240,160,208,112.0,80.0,4,1,1,0.006495235896356469,0.6,/work3/arnaou/checkpoints/Tc_trial_2443_best_state.pt,"{'learning_rate': 0.006495235896356469, 'lr_reduce': 0.6}",TPESampler,COMPLETE
2444,0.018675120547413826,2025-04-26 17:25:23.887480,2025-04-26 17:25:45.277828,0 days 00:00:21.390348,0.07075244165129152,256,96,208,128.0,32.0,4,1,2,0.006465839369396469,0.6,/work3/arnaou/checkpoints/Tc_trial_2444_best_state.pt,"{'learning_rate': 0.006465839369396469, 'lr_reduce': 0.6}",TPESampler,COMPLETE
2445,0.03716864436864853,2025-04-26 17:25:36.124258,2025-04-26 17:25:54.776643,0 days 00:00:18.652385,0.17671239170967729,192,256,192,80.0,64.0,4,3,2,0.003918875291534812,0.6,/work3/arnaou/checkpoints/Tc_trial_2445_best_state.pt,"{'learning_rate': 0.003918875291534812, 'lr_reduce': 0.6}",TPESampler,COMPLETE
2446,0.019123870879411697,2025-04-26 17:25:38.409474,2025-04-26 17:25:52.804508,0 days 00:00:14.395034,0.007031094198302945,224,208,208,128.0,,3,1,1,0.0037353959379442117,0.6,/work3/arnaou/checkpoints/Tc_trial_2446_best_state.pt,"{'learning_rate': 0.0037353959379442117, 'lr_reduce': 0.6}",TPESampler,COMPLETE
2447,0.020067639648914337,2025-04-26 17:25:45.489687,2025-04-26 17:26:09.028376,0 days 00:00:23.538689,0.07679281291374591,240,208,240,128.0,,3,1,3,0.0074917009727373885,0.6,/work3/arnaou/checkpoints/Tc_trial_2447_best_state.pt,"{'learning_rate': 0.0074917009727373885, 'lr_reduce': 0.6}",TPESampler,COMPLETE
2448,0.014947773888707161,2025-04-26 17:25:53.024369,2025-04-26 17:26:16.360087,0 days 00:00:23.335718,0.029128321028418426,208,256,192,48.0,96.0,4,2,2,0.0028543123181965827,0.6,/work3/arnaou/checkpoints/Tc_trial_2448_best_state.pt,"{'learning_rate': 0.0028543123181965827, 'lr_reduce': 0.6}",TPESampler,COMPLETE
2449,0.02183186635375023,2025-04-26 17:25:55.013287,2025-04-26 17:26:18.268971,0 days 00:00:23.255684,0.10678805353559015,176,160,160,96.0,48.0,4,2,4,0.006813314075215216,0.6,/work3/arnaou/checkpoints/Tc_trial_2449_best_state.pt,"{'learning_rate': 0.006813314075215216, 'lr_reduce': 0.6}",TPESampler,COMPLETE
2450,0.02053466998040676,2025-04-26 17:26:09.244941,2025-04-26 17:26:35.070581,0 days 00:00:25.825640,0.09273617687475903,176,176,160,128.0,64.0,4,3,3,0.00677320020187952,0.6,/work3/arnaou/checkpoints/Tc_trial_2450_best_state.pt,"{'learning_rate': 0.00677320020187952, 'lr_reduce': 0.6}",TPESampler,COMPLETE
