number,value,datetime_start,datetime_complete,duration,params_dropout,params_hidden_channels,params_mlp_dim_00,params_mlp_dim_01,params_mlp_dim_02,params_mlp_dim_03,params_mlp_n_layers,params_num_layers,params_num_timesteps,params_train_learning_rate,params_train_lr_reduce,user_attrs_best_state_dict_path,user_attrs_training_params,system_attrs_auto:sampler,state
1263,0.019543439149856567,2025-04-26 15:00:16.671124,2025-04-26 15:00:33.457654,0 days 00:00:16.786530,0.02680246308602783,80,240,240,64.0,112.0,4,1,1,0.008049912778492827,0.6,/work3/arnaou/checkpoints/Tc_trial_1263_best_state.pt,"{'learning_rate': 0.008049912778492827, 'lr_reduce': 0.6}",TPESampler,COMPLETE
1264,0.03422172740101814,2025-04-26 15:00:27.570460,2025-04-26 15:00:53.238189,0 days 00:00:25.667729,0.0016099239174854237,144,192,192,160.0,80.0,4,2,1,0.009947267785139035,0.6,/work3/arnaou/checkpoints/Tc_trial_1264_best_state.pt,"{'learning_rate': 0.009947267785139035, 'lr_reduce': 0.6}",TPESampler,COMPLETE
1265,0.021849503740668297,2025-04-26 15:00:28.446182,2025-04-26 15:00:46.860987,0 days 00:00:18.414805,0.010075456216665333,192,176,208,192.0,48.0,4,1,1,0.006723204642308558,0.6,/work3/arnaou/checkpoints/Tc_trial_1265_best_state.pt,"{'learning_rate': 0.006723204642308558, 'lr_reduce': 0.6}",TPESampler,COMPLETE
1266,0.02846982516348362,2025-04-26 15:00:33.661152,2025-04-26 15:00:56.984813,0 days 00:00:23.323661,0.08636233967484037,256,192,240,160.0,,3,1,2,0.0004069353313504946,0.6,/work3/arnaou/checkpoints/Tc_trial_1266_best_state.pt,"{'learning_rate': 0.0004069353313504946, 'lr_reduce': 0.6}",TPESampler,COMPLETE
1267,0.03222092613577843,2025-04-26 15:00:47.084373,2025-04-26 15:01:09.402283,0 days 00:00:22.317910,0.07036423076776933,144,64,32,208.0,,3,1,2,0.0003092648150298463,0.6,/work3/arnaou/checkpoints/Tc_trial_1267_best_state.pt,"{'learning_rate': 0.0003092648150298463, 'lr_reduce': 0.6}",TPESampler,COMPLETE
1268,0.032777417451143265,2025-04-26 15:00:53.462093,2025-04-26 15:01:18.145701,0 days 00:00:24.683608,0.010911433395931619,224,192,224,224.0,80.0,4,2,3,0.005451405184691215,0.6,/work3/arnaou/checkpoints/Tc_trial_1268_best_state.pt,"{'learning_rate': 0.005451405184691215, 'lr_reduce': 0.6}",TPESampler,COMPLETE
1269,0.01892695017158985,2025-04-26 15:00:57.216827,2025-04-26 15:01:14.579848,0 days 00:00:17.363021,0.059386934935051594,192,160,192,176.0,,3,1,2,0.009108869143060144,0.6,/work3/arnaou/checkpoints/Tc_trial_1269_best_state.pt,"{'learning_rate': 0.009108869143060144, 'lr_reduce': 0.6}",TPESampler,COMPLETE
1270,0.022910060361027718,2025-04-26 15:01:09.617107,2025-04-26 15:01:31.464419,0 days 00:00:21.847312,0.04520516644328897,208,176,256,144.0,32.0,4,2,2,0.005264750175350982,0.6,/work3/arnaou/checkpoints/Tc_trial_1270_best_state.pt,"{'learning_rate': 0.005264750175350982, 'lr_reduce': 0.6}",TPESampler,COMPLETE
1271,0.018148714676499367,2025-04-26 15:01:14.820550,2025-04-26 15:01:31.470251,0 days 00:00:16.649701,0.06962416482907943,176,224,256,192.0,112.0,4,1,2,0.005335531012880679,0.6,/work3/arnaou/checkpoints/Tc_trial_1271_best_state.pt,"{'learning_rate': 0.005335531012880679, 'lr_reduce': 0.6}",TPESampler,COMPLETE
1272,0.018508680164813995,2025-04-26 15:01:18.372228,2025-04-26 15:01:38.058687,0 days 00:00:19.686459,0.060017097667018106,192,160,256,144.0,,3,1,2,0.008380087456914199,0.6,/work3/arnaou/checkpoints/Tc_trial_1272_best_state.pt,"{'learning_rate': 0.008380087456914199, 'lr_reduce': 0.6}",TPESampler,COMPLETE
1273,0.023678191006183624,2025-04-26 15:01:31.619411,2025-04-26 15:01:57.743564,0 days 00:00:26.124153,0.14167907955923492,176,80,224,,,2,4,4,0.002218662224148559,0.6,/work3/arnaou/checkpoints/Tc_trial_1273_best_state.pt,"{'learning_rate': 0.002218662224148559, 'lr_reduce': 0.6}",TPESampler,COMPLETE
1274,0.017874540761113167,2025-04-26 15:01:31.676475,2025-04-26 15:01:50.851851,0 days 00:00:19.175376,0.042407437689817716,128,192,256,176.0,64.0,4,2,1,0.0035275628080665093,0.6,/work3/arnaou/checkpoints/Tc_trial_1274_best_state.pt,"{'learning_rate': 0.0035275628080665093, 'lr_reduce': 0.6}",TPESampler,COMPLETE
1275,0.01800936460494995,2025-04-26 15:01:38.275666,2025-04-26 15:01:57.245963,0 days 00:00:18.970297,0.0598209203227236,256,192,176,240.0,96.0,4,1,2,0.002953522957877599,0.6,/work3/arnaou/checkpoints/Tc_trial_1275_best_state.pt,"{'learning_rate': 0.002953522957877599, 'lr_reduce': 0.6}",TPESampler,COMPLETE
1276,0.016453487798571587,2025-04-26 15:01:51.047211,2025-04-26 15:02:11.212955,0 days 00:00:20.165744,0.002049888376240372,208,176,208,208.0,64.0,4,1,1,0.004020793282978668,0.6,/work3/arnaou/checkpoints/Tc_trial_1276_best_state.pt,"{'learning_rate': 0.004020793282978668, 'lr_reduce': 0.6}",TPESampler,COMPLETE
1277,0.030270598828792572,2025-04-26 15:01:57.464217,2025-04-26 15:02:15.731328,0 days 00:00:18.267111,0.14901878892790552,224,240,32,160.0,80.0,4,2,3,0.005208892986971404,0.6,/work3/arnaou/checkpoints/Tc_trial_1277_best_state.pt,"{'learning_rate': 0.005208892986971404, 'lr_reduce': 0.6}",TPESampler,COMPLETE
1278,0.025168607011437416,2025-04-26 15:01:58.002025,2025-04-26 15:02:15.544062,0 days 00:00:17.542037,0.11249479261306791,192,112,208,192.0,48.0,4,1,2,0.002930024946599854,0.6,/work3/arnaou/checkpoints/Tc_trial_1278_best_state.pt,"{'learning_rate': 0.002930024946599854, 'lr_reduce': 0.6}",TPESampler,COMPLETE
1279,0.023564763367176056,2025-04-26 15:02:11.458926,2025-04-26 15:02:25.712528,0 days 00:00:14.253602,0.099154883417268,224,144,240,32.0,96.0,4,1,2,0.006300669718415109,0.6,/work3/arnaou/checkpoints/Tc_trial_1279_best_state.pt,"{'learning_rate': 0.006300669718415109, 'lr_reduce': 0.6}",TPESampler,COMPLETE
1280,0.024404533207416534,2025-04-26 15:02:15.804076,2025-04-26 15:02:38.855942,0 days 00:00:23.051866,0.0009875016089394215,80,240,224,144.0,48.0,4,2,2,0.0008682575274207133,0.6,/work3/arnaou/checkpoints/Tc_trial_1280_best_state.pt,"{'learning_rate': 0.0008682575274207133, 'lr_reduce': 0.6}",TPESampler,COMPLETE
1281,0.022548776119947433,2025-04-26 15:02:15.972101,2025-04-26 15:02:41.345429,0 days 00:00:25.373328,0.25045242732705175,96,256,224,,,2,3,3,0.0021064514601176264,0.6,/work3/arnaou/checkpoints/Tc_trial_1281_best_state.pt,"{'learning_rate': 0.0021064514601176264, 'lr_reduce': 0.6}",TPESampler,COMPLETE
1282,0.01851644180715084,2025-04-26 15:02:25.908240,2025-04-26 15:02:42.826437,0 days 00:00:16.918197,0.07268192307702265,256,192,256,176.0,80.0,4,1,2,0.00208333029261061,0.6,/work3/arnaou/checkpoints/Tc_trial_1282_best_state.pt,"{'learning_rate': 0.00208333029261061, 'lr_reduce': 0.6}",TPESampler,COMPLETE
1283,0.03296012803912163,2025-04-26 15:02:39.072547,2025-04-26 15:03:03.150729,0 days 00:00:24.078182,0.05252228661526041,256,112,48,224.0,112.0,4,1,1,0.00017707121190886638,0.6,/work3/arnaou/checkpoints/Tc_trial_1283_best_state.pt,"{'learning_rate': 0.00017707121190886638, 'lr_reduce': 0.6}",TPESampler,COMPLETE
1284,0.032139211893081665,2025-04-26 15:02:41.620827,2025-04-26 15:03:00.403203,0 days 00:00:18.782376,0.1667486508181577,192,224,160,160.0,64.0,4,2,1,0.009043245617909326,0.6,/work3/arnaou/checkpoints/Tc_trial_1284_best_state.pt,"{'learning_rate': 0.009043245617909326, 'lr_reduce': 0.6}",TPESampler,COMPLETE
1285,0.02926037646830082,2025-04-26 15:02:43.085287,2025-04-26 15:03:08.911322,0 days 00:00:25.826035,0.10234484170993086,64,48,144,,,2,2,4,0.0010249910011995485,0.6,/work3/arnaou/checkpoints/Tc_trial_1285_best_state.pt,"{'learning_rate': 0.0010249910011995485, 'lr_reduce': 0.6}",TPESampler,COMPLETE
1286,0.020245445892214775,2025-04-26 15:03:00.800070,2025-04-26 15:03:20.030737,0 days 00:00:19.230667,0.1223234516286313,208,112,176,192.0,,3,2,1,0.0013692087264970908,0.6,/work3/arnaou/checkpoints/Tc_trial_1286_best_state.pt,"{'learning_rate': 0.0013692087264970908, 'lr_reduce': 0.6}",TPESampler,COMPLETE
1287,0.02512245625257492,2025-04-26 15:03:03.362441,2025-04-26 15:03:23.212783,0 days 00:00:19.850342,0.11363291424675806,192,128,224,,,2,1,2,0.007737272178431759,0.6,/work3/arnaou/checkpoints/Tc_trial_1287_best_state.pt,"{'learning_rate': 0.007737272178431759, 'lr_reduce': 0.6}",TPESampler,COMPLETE
1288,0.01984633132815361,2025-04-26 15:03:09.128441,2025-04-26 15:03:21.937003,0 days 00:00:12.808562,0.005166554347510744,192,160,224,256.0,32.0,4,1,1,0.003715994516262801,0.6,/work3/arnaou/checkpoints/Tc_trial_1288_best_state.pt,"{'learning_rate': 0.003715994516262801, 'lr_reduce': 0.6}",TPESampler,COMPLETE
1289,0.020591583102941513,2025-04-26 15:03:20.229143,2025-04-26 15:03:37.653421,0 days 00:00:17.424278,0.038907098007107926,208,176,256,,,2,1,1,0.004652714019259168,0.6,/work3/arnaou/checkpoints/Tc_trial_1289_best_state.pt,"{'learning_rate': 0.004652714019259168, 'lr_reduce': 0.6}",TPESampler,COMPLETE
1290,0.024742960929870605,2025-04-26 15:03:22.140549,2025-04-26 15:03:40.252937,0 days 00:00:18.112388,0.08874611680302585,208,240,160,64.0,80.0,4,1,1,0.009838819356417889,0.6,/work3/arnaou/checkpoints/Tc_trial_1290_best_state.pt,"{'learning_rate': 0.009838819356417889, 'lr_reduce': 0.6}",TPESampler,COMPLETE
1291,0.024504391476511955,2025-04-26 15:03:23.470003,2025-04-26 15:03:44.720803,0 days 00:00:21.250800,0.0018811049802367735,224,208,224,144.0,96.0,4,1,2,0.0043205579886614375,0.6,/work3/arnaou/checkpoints/Tc_trial_1291_best_state.pt,"{'learning_rate': 0.0043205579886614375, 'lr_reduce': 0.6}",TPESampler,COMPLETE
1292,0.019327931106090546,2025-04-26 15:03:37.866207,2025-04-26 15:03:55.940511,0 days 00:00:18.074304,0.083710631870957,208,224,256,176.0,,3,1,2,0.0030449572879200537,0.6,/work3/arnaou/checkpoints/Tc_trial_1292_best_state.pt,"{'learning_rate': 0.0030449572879200537, 'lr_reduce': 0.6}",TPESampler,COMPLETE
1293,0.019940609112381935,2025-04-26 15:03:40.462308,2025-04-26 15:03:55.384431,0 days 00:00:14.922123,0.03104019714199426,240,160,256,208.0,,3,1,1,0.0030804042030213017,0.6,/work3/arnaou/checkpoints/Tc_trial_1293_best_state.pt,"{'learning_rate': 0.0030804042030213017, 'lr_reduce': 0.6}",TPESampler,COMPLETE
1294,0.051741231232881546,2025-04-26 15:03:44.943369,2025-04-26 15:03:59.337961,0 days 00:00:14.394592,0.29467753951578773,112,80,176,144.0,,3,4,4,0.002641604210527775,0.6,/work3/arnaou/checkpoints/Tc_trial_1294_best_state.pt,"{'learning_rate': 0.002641604210527775, 'lr_reduce': 0.6}",TPESampler,COMPLETE
1295,0.017784995958209038,2025-04-26 15:03:55.565786,2025-04-26 15:04:14.692611,0 days 00:00:19.126825,0.019348569688090875,240,80,256,176.0,128.0,4,1,1,0.007134166284454686,0.6,/work3/arnaou/checkpoints/Tc_trial_1295_best_state.pt,"{'learning_rate': 0.007134166284454686, 'lr_reduce': 0.6}",TPESampler,COMPLETE
1296,0.01964564062654972,2025-04-26 15:03:56.135997,2025-04-26 15:04:15.609778,0 days 00:00:19.473781,0.10965644291193483,192,160,208,224.0,,3,2,2,0.004586925282296453,0.6,/work3/arnaou/checkpoints/Tc_trial_1296_best_state.pt,"{'learning_rate': 0.004586925282296453, 'lr_reduce': 0.6}",TPESampler,COMPLETE
1297,0.016896052286028862,2025-04-26 15:03:59.550884,2025-04-26 15:04:19.723015,0 days 00:00:20.172131,0.05519037098445868,208,160,240,192.0,64.0,4,1,1,0.004602539107930865,0.6,/work3/arnaou/checkpoints/Tc_trial_1297_best_state.pt,"{'learning_rate': 0.004602539107930865, 'lr_reduce': 0.6}",TPESampler,COMPLETE
1298,0.020638054236769676,2025-04-26 15:04:14.897132,2025-04-26 15:04:33.890682,0 days 00:00:18.993550,0.0663378367080645,160,208,256,160.0,48.0,4,1,1,0.006967020485748113,0.6,/work3/arnaou/checkpoints/Tc_trial_1298_best_state.pt,"{'learning_rate': 0.006967020485748113, 'lr_reduce': 0.6}",TPESampler,COMPLETE
1299,0.016064973548054695,2025-04-26 15:04:15.801888,2025-04-26 15:04:35.148928,0 days 00:00:19.347040,0.060380112373683376,224,208,192,128.0,80.0,4,1,1,0.00962959367727999,0.6,/work3/arnaou/checkpoints/Tc_trial_1299_best_state.pt,"{'learning_rate': 0.00962959367727999, 'lr_reduce': 0.6}",TPESampler,COMPLETE
1300,0.021674374118447304,2025-04-26 15:04:19.915693,2025-04-26 15:04:35.538911,0 days 00:00:15.623218,0.12875031416820787,128,192,208,208.0,,3,1,1,0.007245695999006398,0.6,/work3/arnaou/checkpoints/Tc_trial_1300_best_state.pt,"{'learning_rate': 0.007245695999006398, 'lr_reduce': 0.6}",TPESampler,COMPLETE
1301,0.02113732323050499,2025-04-26 15:04:34.117036,2025-04-26 15:04:56.334909,0 days 00:00:22.217873,0.0004982401476748104,256,192,256,176.0,96.0,4,2,1,0.00488933809020217,0.6,/work3/arnaou/checkpoints/Tc_trial_1301_best_state.pt,"{'learning_rate': 0.00488933809020217, 'lr_reduce': 0.6}",TPESampler,COMPLETE
1302,0.022947700694203377,2025-04-26 15:04:35.382838,2025-04-26 15:04:56.089585,0 days 00:00:20.706747,0.014356810739984226,192,192,256,144.0,,3,1,1,0.005852297047209679,0.6,/work3/arnaou/checkpoints/Tc_trial_1302_best_state.pt,"{'learning_rate': 0.005852297047209679, 'lr_reduce': 0.6}",TPESampler,COMPLETE
1303,0.023273590952157974,2025-04-26 15:04:35.789025,2025-04-26 15:04:54.090667,0 days 00:00:18.301642,0.08247646909271635,112,160,208,192.0,64.0,4,1,2,0.005081184870100208,0.6,/work3/arnaou/checkpoints/Tc_trial_1303_best_state.pt,"{'learning_rate': 0.005081184870100208, 'lr_reduce': 0.6}",TPESampler,COMPLETE
1304,0.01922721043229103,2025-04-26 15:04:54.284806,2025-04-26 15:05:15.209982,0 days 00:00:20.925176,0.06511434220579469,208,192,256,160.0,,3,2,1,0.0015899336973774145,0.6,/work3/arnaou/checkpoints/Tc_trial_1304_best_state.pt,"{'learning_rate': 0.0015899336973774145, 'lr_reduce': 0.6}",TPESampler,COMPLETE
1305,0.022256949916481972,2025-04-26 15:04:56.295392,2025-04-26 15:05:23.346569,0 days 00:00:27.051177,0.21413279818545244,240,224,80,,,2,4,3,0.0019025662820692476,0.6,/work3/arnaou/checkpoints/Tc_trial_1305_best_state.pt,"{'learning_rate': 0.0019025662820692476, 'lr_reduce': 0.6}",TPESampler,COMPLETE
1306,0.04119778424501419,2025-04-26 15:04:56.528984,2025-04-26 15:05:10.021168,0 days 00:00:13.492184,0.14395030909197892,80,32,224,224.0,32.0,4,1,2,0.0016119636160863088,0.6,/work3/arnaou/checkpoints/Tc_trial_1306_best_state.pt,"{'learning_rate': 0.0016119636160863088, 'lr_reduce': 0.6}",TPESampler,COMPLETE
1307,0.017809228971600533,2025-04-26 15:05:10.225161,2025-04-26 15:05:29.244253,0 days 00:00:19.019092,0.0714573810259345,144,64,144,,,2,2,1,0.0037925080380160734,0.6,/work3/arnaou/checkpoints/Tc_trial_1307_best_state.pt,"{'learning_rate': 0.0037925080380160734, 'lr_reduce': 0.6}",TPESampler,COMPLETE
1308,0.021479513496160507,2025-04-26 15:05:15.406367,2025-04-26 15:05:32.055796,0 days 00:00:16.649429,0.09442918141363647,176,160,208,128.0,,3,1,3,0.0036147030959345025,0.6,/work3/arnaou/checkpoints/Tc_trial_1308_best_state.pt,"{'learning_rate': 0.0036147030959345025, 'lr_reduce': 0.6}",TPESampler,COMPLETE
1309,0.018953198567032814,2025-04-26 15:05:23.549638,2025-04-26 15:05:42.444494,0 days 00:00:18.894856,0.17560458647530805,160,160,144,,,2,1,2,0.003922222125755524,0.6,/work3/arnaou/checkpoints/Tc_trial_1309_best_state.pt,"{'learning_rate': 0.003922222125755524, 'lr_reduce': 0.6}",TPESampler,COMPLETE
1310,0.029499035328626633,2025-04-26 15:05:29.482254,2025-04-26 15:05:47.206427,0 days 00:00:17.724173,0.13521726489549035,160,256,144,176.0,,3,2,2,0.008215310771297796,0.6,/work3/arnaou/checkpoints/Tc_trial_1310_best_state.pt,"{'learning_rate': 0.008215310771297796, 'lr_reduce': 0.6}",TPESampler,COMPLETE
1311,0.018947552889585495,2025-04-26 15:05:32.273834,2025-04-26 15:05:52.264818,0 days 00:00:19.990984,0.0768777996231732,144,112,176,208.0,,3,1,1,0.008246263308556412,0.6,/work3/arnaou/checkpoints/Tc_trial_1311_best_state.pt,"{'learning_rate': 0.008246263308556412, 'lr_reduce': 0.6}",TPESampler,COMPLETE
1312,0.023862430825829506,2025-04-26 15:05:42.662051,2025-04-26 15:06:03.684089,0 days 00:00:21.022038,0.040796179093944056,240,208,128,160.0,,3,2,1,0.006207461367830277,0.6,/work3/arnaou/checkpoints/Tc_trial_1312_best_state.pt,"{'learning_rate': 0.006207461367830277, 'lr_reduce': 0.6}",TPESampler,COMPLETE
1313,0.021699372678995132,2025-04-26 15:05:47.427285,2025-04-26 15:06:06.939442,0 days 00:00:19.512157,0.004167022535405971,112,160,256,256.0,80.0,4,1,2,0.009519631634813381,0.6,/work3/arnaou/checkpoints/Tc_trial_1313_best_state.pt,"{'learning_rate': 0.009519631634813381, 'lr_reduce': 0.6}",TPESampler,COMPLETE
1314,0.020614275708794594,2025-04-26 15:05:52.472297,2025-04-26 15:06:12.538418,0 days 00:00:20.066121,0.07561811328162982,176,128,144,192.0,,3,1,2,0.00944667308408226,0.6,/work3/arnaou/checkpoints/Tc_trial_1314_best_state.pt,"{'learning_rate': 0.00944667308408226, 'lr_reduce': 0.6}",TPESampler,COMPLETE
1315,0.02009827457368374,2025-04-26 15:06:03.904289,2025-04-26 15:06:24.053892,0 days 00:00:20.149603,0.005140722478514132,192,208,256,80.0,112.0,4,1,1,0.003458212644871235,0.6,/work3/arnaou/checkpoints/Tc_trial_1315_best_state.pt,"{'learning_rate': 0.003458212644871235, 'lr_reduce': 0.6}",TPESampler,COMPLETE
1316,0.018663698807358742,2025-04-26 15:06:07.136153,2025-04-26 15:06:29.360070,0 days 00:00:22.223917,0.023715702679336433,256,176,192,144.0,,3,1,3,0.009907657906593016,0.6,/work3/arnaou/checkpoints/Tc_trial_1316_best_state.pt,"{'learning_rate': 0.009907657906593016, 'lr_reduce': 0.6}",TPESampler,COMPLETE
1317,0.020517472177743912,2025-04-26 15:06:12.739721,2025-04-26 15:06:29.791422,0 days 00:00:17.051701,0.034740434298774756,256,112,256,,,2,1,2,0.0020248424000513655,0.6,/work3/arnaou/checkpoints/Tc_trial_1317_best_state.pt,"{'learning_rate': 0.0020248424000513655, 'lr_reduce': 0.6}",TPESampler,COMPLETE
1318,0.016437772661447525,2025-04-26 15:06:24.422416,2025-04-26 15:06:46.871985,0 days 00:00:22.449569,0.07202987806150014,192,240,208,176.0,64.0,4,1,2,0.007756131244136299,0.6,/work3/arnaou/checkpoints/Tc_trial_1318_best_state.pt,"{'learning_rate': 0.007756131244136299, 'lr_reduce': 0.6}",TPESampler,COMPLETE
1319,0.038832761347293854,2025-04-26 15:06:29.587480,2025-04-26 15:06:50.342209,0 days 00:00:20.754729,0.18103656075011604,256,96,256,128.0,48.0,4,3,4,0.0006312952874576451,0.6,/work3/arnaou/checkpoints/Tc_trial_1319_best_state.pt,"{'learning_rate': 0.0006312952874576451, 'lr_reduce': 0.6}",TPESampler,COMPLETE
1320,0.019694296643137932,2025-04-26 15:06:30.010726,2025-04-26 15:06:50.539625,0 days 00:00:20.528899,0.1253198800447026,160,192,192,,,2,1,2,0.0036676939780048213,0.6,/work3/arnaou/checkpoints/Tc_trial_1320_best_state.pt,"{'learning_rate': 0.0036676939780048213, 'lr_reduce': 0.6}",TPESampler,COMPLETE
1321,0.01738985814154148,2025-04-26 15:06:47.079803,2025-04-26 15:07:07.508157,0 days 00:00:20.428354,0.1989044695264195,144,256,192,224.0,96.0,4,2,1,0.0038959946944929946,0.6,/work3/arnaou/checkpoints/Tc_trial_1321_best_state.pt,"{'learning_rate': 0.0038959946944929946, 'lr_reduce': 0.6}",TPESampler,COMPLETE
1322,0.022416919469833374,2025-04-26 15:06:50.540278,2025-04-26 15:07:10.828527,0 days 00:00:20.288249,0.08800952174507763,144,192,160,,,2,2,1,0.009872580711499655,0.6,/work3/arnaou/checkpoints/Tc_trial_1322_best_state.pt,"{'learning_rate': 0.009872580711499655, 'lr_reduce': 0.6}",TPESampler,COMPLETE
1323,0.019810641184449196,2025-04-26 15:06:50.694120,2025-04-26 15:07:12.364228,0 days 00:00:21.670108,0.09111296940127733,192,224,224,,,2,3,1,0.0012686219995545834,0.6,/work3/arnaou/checkpoints/Tc_trial_1323_best_state.pt,"{'learning_rate': 0.0012686219995545834, 'lr_reduce': 0.6}",TPESampler,COMPLETE
1324,0.020649295300245285,2025-04-26 15:07:07.716538,2025-04-26 15:07:20.788984,0 days 00:00:13.072446,0.0002355967592719433,256,208,192,192.0,80.0,4,1,1,0.002708237641719701,0.6,/work3/arnaou/checkpoints/Tc_trial_1324_best_state.pt,"{'learning_rate': 0.002708237641719701, 'lr_reduce': 0.6}",TPESampler,COMPLETE
1325,0.016570430248975754,2025-04-26 15:07:11.045395,2025-04-26 15:07:33.308501,0 days 00:00:22.263106,0.026813963382969687,224,144,208,,,2,2,1,0.0018240280744493363,0.6,/work3/arnaou/checkpoints/Tc_trial_1325_best_state.pt,"{'learning_rate': 0.0018240280744493363, 'lr_reduce': 0.6}",TPESampler,COMPLETE
1326,0.02262037992477417,2025-04-26 15:07:12.619199,2025-04-26 15:07:30.407520,0 days 00:00:17.788321,0.017390093254098828,128,160,256,160.0,128.0,4,1,1,0.003804207371173532,0.6,/work3/arnaou/checkpoints/Tc_trial_1326_best_state.pt,"{'learning_rate': 0.003804207371173532, 'lr_reduce': 0.6}",TPESampler,COMPLETE
1327,0.01726507395505905,2025-04-26 15:07:21.043580,2025-04-26 15:07:42.409476,0 days 00:00:21.365896,0.017693448467042027,192,160,240,160.0,64.0,4,1,1,0.009035294248054878,0.6,/work3/arnaou/checkpoints/Tc_trial_1327_best_state.pt,"{'learning_rate': 0.009035294248054878, 'lr_reduce': 0.6}",TPESampler,COMPLETE
1328,0.02296747826039791,2025-04-26 15:07:30.596865,2025-04-26 15:07:49.501606,0 days 00:00:18.904741,0.09710317800330262,192,160,208,208.0,,3,1,2,0.0017151658382681884,0.6,/work3/arnaou/checkpoints/Tc_trial_1328_best_state.pt,"{'learning_rate': 0.0017151658382681884, 'lr_reduce': 0.6}",TPESampler,COMPLETE
1329,0.017978360876441002,2025-04-26 15:07:33.534761,2025-04-26 15:07:57.143313,0 days 00:00:23.608552,0.020484399781036576,256,208,208,128.0,48.0,4,1,2,0.005724596028141335,0.6,/work3/arnaou/checkpoints/Tc_trial_1329_best_state.pt,"{'learning_rate': 0.005724596028141335, 'lr_reduce': 0.6}",TPESampler,COMPLETE
1330,0.033901214599609375,2025-04-26 15:07:42.648836,2025-04-26 15:08:05.213472,0 days 00:00:22.564636,0.15756221623542513,224,224,160,176.0,,3,3,1,0.008692004926661246,0.6,/work3/arnaou/checkpoints/Tc_trial_1330_best_state.pt,"{'learning_rate': 0.008692004926661246, 'lr_reduce': 0.6}",TPESampler,COMPLETE
1331,0.018464606255292892,2025-04-26 15:07:49.778503,2025-04-26 15:08:14.447813,0 days 00:00:24.669310,0.10244024553683165,240,224,208,240.0,,3,3,1,0.0022950364326152434,0.6,/work3/arnaou/checkpoints/Tc_trial_1331_best_state.pt,"{'learning_rate': 0.0022950364326152434, 'lr_reduce': 0.6}",TPESampler,COMPLETE
1332,0.017236225306987762,2025-04-26 15:07:57.393387,2025-04-26 15:08:14.868407,0 days 00:00:17.475020,0.019373547349125286,256,176,192,192.0,,3,1,2,0.004619837105940571,0.6,/work3/arnaou/checkpoints/Tc_trial_1332_best_state.pt,"{'learning_rate': 0.004619837105940571, 'lr_reduce': 0.6}",TPESampler,COMPLETE
