number,value,datetime_start,datetime_complete,duration,params_dropout,params_hidden_channels,params_mlp_dim_00,params_mlp_dim_01,params_mlp_dim_02,params_mlp_dim_03,params_mlp_n_layers,params_num_layers,params_num_timesteps,params_train_learning_rate,params_train_lr_reduce,user_attrs_best_state_dict_path,user_attrs_training_params,system_attrs_auto:sampler,state
985,0.016319515183568,2025-04-26 14:29:00.092275,2025-04-26 14:29:20.054463,0 days 00:00:19.962188,0.019538810431432834,208,160,256,64.0,,3,1,1,0.0038812106079167724,0.6,/work3/arnaou/checkpoints/Tc_trial_985_best_state.pt,"{'learning_rate': 0.0038812106079167724, 'lr_reduce': 0.6}",TPESampler,COMPLETE
986,0.02075272984802723,2025-04-26 14:29:04.042890,2025-04-26 14:29:25.031412,0 days 00:00:20.988522,0.008255636282579564,160,256,160,160.0,,3,2,1,0.0052627318265384675,0.6,/work3/arnaou/checkpoints/Tc_trial_986_best_state.pt,"{'learning_rate': 0.0052627318265384675, 'lr_reduce': 0.6}",TPESampler,COMPLETE
987,0.021353917196393013,2025-04-26 14:29:16.088157,2025-04-26 14:29:39.348394,0 days 00:00:23.260237,0.10764864863026864,192,64,176,,,2,2,1,0.003557165404064357,0.6,/work3/arnaou/checkpoints/Tc_trial_987_best_state.pt,"{'learning_rate': 0.003557165404064357, 'lr_reduce': 0.6}",TPESampler,COMPLETE
988,0.022922007367014885,2025-04-26 14:29:20.492600,2025-04-26 14:29:43.040895,0 days 00:00:22.548295,0.044091364390891105,192,256,176,128.0,,3,1,1,0.004920072023162398,0.6,/work3/arnaou/checkpoints/Tc_trial_988_best_state.pt,"{'learning_rate': 0.004920072023162398, 'lr_reduce': 0.6}",TPESampler,COMPLETE
989,0.019746433943510056,2025-04-26 14:29:25.222116,2025-04-26 14:29:48.731624,0 days 00:00:23.509508,0.0379102614769697,208,208,240,96.0,,3,2,2,0.005815668436497645,0.6,/work3/arnaou/checkpoints/Tc_trial_989_best_state.pt,"{'learning_rate': 0.005815668436497645, 'lr_reduce': 0.6}",TPESampler,COMPLETE
990,0.03764265775680542,2025-04-26 14:29:39.544415,2025-04-26 14:29:59.784494,0 days 00:00:20.240079,0.24651352567060913,96,192,80,,,2,4,1,0.0009164437618099123,0.6,/work3/arnaou/checkpoints/Tc_trial_990_best_state.pt,"{'learning_rate': 0.0009164437618099123, 'lr_reduce': 0.6}",TPESampler,COMPLETE
991,0.06674396246671677,2025-04-26 14:29:43.341527,2025-04-26 14:29:59.533876,0 days 00:00:16.192349,0.2943070038836166,48,80,224,176.0,,3,3,1,0.0010452581839172832,0.6,/work3/arnaou/checkpoints/Tc_trial_991_best_state.pt,"{'learning_rate': 0.0010452581839172832, 'lr_reduce': 0.6}",TPESampler,COMPLETE
992,0.052483029663562775,2025-04-26 14:29:48.979201,2025-04-26 14:29:58.603593,0 days 00:00:09.624392,0.2869206077699987,96,32,32,,,2,2,2,0.004543059842461827,0.6,/work3/arnaou/checkpoints/Tc_trial_992_best_state.pt,"{'learning_rate': 0.004543059842461827, 'lr_reduce': 0.6}",TPESampler,COMPLETE
993,0.015790021046996117,2025-04-26 14:29:58.787693,2025-04-26 14:30:22.090657,0 days 00:00:23.302964,0.04342460965151486,256,128,256,144.0,80.0,4,1,1,0.0035501865233994747,0.6,/work3/arnaou/checkpoints/Tc_trial_993_best_state.pt,"{'learning_rate': 0.0035501865233994747, 'lr_reduce': 0.6}",TPESampler,COMPLETE
994,0.017249835655093193,2025-04-26 14:29:59.741596,2025-04-26 14:30:21.435946,0 days 00:00:21.694350,0.11458929919039965,192,224,160,176.0,,3,1,1,0.004026412454109001,0.6,/work3/arnaou/checkpoints/Tc_trial_994_best_state.pt,"{'learning_rate': 0.004026412454109001, 'lr_reduce': 0.6}",TPESampler,COMPLETE
995,0.01977583020925522,2025-04-26 14:30:00.487159,2025-04-26 14:30:27.225820,0 days 00:00:26.738661,0.03922802503026679,256,192,176,,,2,2,1,0.004815965555823311,0.6,/work3/arnaou/checkpoints/Tc_trial_995_best_state.pt,"{'learning_rate': 0.004815965555823311, 'lr_reduce': 0.6}",TPESampler,COMPLETE
996,0.01815742813050747,2025-04-26 14:30:21.665052,2025-04-26 14:30:36.525212,0 days 00:00:14.860160,0.010413834550704725,256,192,224,128.0,,3,1,1,0.003573970424564464,0.6,/work3/arnaou/checkpoints/Tc_trial_996_best_state.pt,"{'learning_rate': 0.003573970424564464, 'lr_reduce': 0.6}",TPESampler,COMPLETE
997,0.018799666315317154,2025-04-26 14:30:22.287542,2025-04-26 14:30:42.498926,0 days 00:00:20.211384,0.07616530785972224,208,160,192,80.0,,3,1,2,0.003453099936835185,0.6,/work3/arnaou/checkpoints/Tc_trial_997_best_state.pt,"{'learning_rate': 0.003453099936835185, 'lr_reduce': 0.6}",TPESampler,COMPLETE
998,0.02764139696955681,2025-04-26 14:30:27.461238,2025-04-26 14:30:44.806860,0 days 00:00:17.345622,0.10118174943999882,128,128,256,160.0,64.0,4,2,1,0.009963038558471783,0.6,/work3/arnaou/checkpoints/Tc_trial_998_best_state.pt,"{'learning_rate': 0.009963038558471783, 'lr_reduce': 0.6}",TPESampler,COMPLETE
999,0.018071280792355537,2025-04-26 14:30:36.730765,2025-04-26 14:30:54.778236,0 days 00:00:18.047471,0.10003329505023557,240,128,256,,,2,1,1,0.006984715761288848,0.6,/work3/arnaou/checkpoints/Tc_trial_999_best_state.pt,"{'learning_rate': 0.006984715761288848, 'lr_reduce': 0.6}",TPESampler,COMPLETE
1000,0.0237229373306036,2025-04-26 14:30:42.695938,2025-04-26 14:31:08.581498,0 days 00:00:25.885560,0.11377238446167436,192,240,176,176.0,,3,3,2,0.0014707335847489373,0.6,/work3/arnaou/checkpoints/Tc_trial_1000_best_state.pt,"{'learning_rate': 0.0014707335847489373, 'lr_reduce': 0.6}",TPESampler,COMPLETE
1001,0.021665889769792557,2025-04-26 14:30:44.993417,2025-04-26 14:31:05.050269,0 days 00:00:20.056852,0.05453143280889369,176,256,240,112.0,112.0,4,2,2,0.001958949214326219,0.6,/work3/arnaou/checkpoints/Tc_trial_1001_best_state.pt,"{'learning_rate': 0.001958949214326219, 'lr_reduce': 0.6}",TPESampler,COMPLETE
1002,0.022424904629588127,2025-04-26 14:30:54.993556,2025-04-26 14:31:12.638322,0 days 00:00:17.644766,0.10714623497781599,144,144,256,144.0,,3,1,1,0.009905131211724668,0.6,/work3/arnaou/checkpoints/Tc_trial_1002_best_state.pt,"{'learning_rate': 0.009905131211724668, 'lr_reduce': 0.6}",TPESampler,COMPLETE
1003,0.02226118929684162,2025-04-26 14:31:05.243076,2025-04-26 14:31:20.886879,0 days 00:00:15.643803,0.04899783928722869,240,192,80,,,2,1,2,0.005663556092263785,0.6,/work3/arnaou/checkpoints/Tc_trial_1003_best_state.pt,"{'learning_rate': 0.005663556092263785, 'lr_reduce': 0.6}",TPESampler,COMPLETE
1004,0.018371857702732086,2025-04-26 14:31:08.789429,2025-04-26 14:31:31.192803,0 days 00:00:22.403374,0.04880947167284214,192,192,240,,,2,1,2,0.008501979829144902,0.6,/work3/arnaou/checkpoints/Tc_trial_1004_best_state.pt,"{'learning_rate': 0.008501979829144902, 'lr_reduce': 0.6}",TPESampler,COMPLETE
1005,0.01934867352247238,2025-04-26 14:31:12.826138,2025-04-26 14:31:31.757369,0 days 00:00:18.931231,0.07369573164853391,112,64,256,,,2,3,1,0.0032124375486967892,0.6,/work3/arnaou/checkpoints/Tc_trial_1005_best_state.pt,"{'learning_rate': 0.0032124375486967892, 'lr_reduce': 0.6}",TPESampler,COMPLETE
1006,0.04419991746544838,2025-04-26 14:31:21.075922,2025-04-26 14:31:35.071626,0 days 00:00:13.995704,0.29497646102259956,256,80,64,,,2,1,1,0.005522662549028035,0.6,/work3/arnaou/checkpoints/Tc_trial_1006_best_state.pt,"{'learning_rate': 0.005522662549028035, 'lr_reduce': 0.6}",TPESampler,COMPLETE
1007,0.015444316901266575,2025-04-26 14:31:31.386401,2025-04-26 14:31:52.552979,0 days 00:00:21.166578,0.005240246211685506,256,176,112,176.0,,3,1,1,0.003956139037529162,0.6,/work3/arnaou/checkpoints/Tc_trial_1007_best_state.pt,"{'learning_rate': 0.003956139037529162, 'lr_reduce': 0.6}",TPESampler,COMPLETE
1008,0.018166180700063705,2025-04-26 14:31:31.960453,2025-04-26 14:31:56.661495,0 days 00:00:24.701042,0.048818952288617615,192,144,192,144.0,,3,2,2,0.0062277996581038084,0.6,/work3/arnaou/checkpoints/Tc_trial_1008_best_state.pt,"{'learning_rate': 0.0062277996581038084, 'lr_reduce': 0.6}",TPESampler,COMPLETE
1009,0.02504769153892994,2025-04-26 14:31:35.264711,2025-04-26 14:31:56.637870,0 days 00:00:21.373159,0.28774539825114526,240,224,144,,,2,4,1,0.000993966388987076,0.6,/work3/arnaou/checkpoints/Tc_trial_1009_best_state.pt,"{'learning_rate': 0.000993966388987076, 'lr_reduce': 0.6}",TPESampler,COMPLETE
1010,0.06642212718725204,2025-04-26 14:31:52.772898,2025-04-26 14:32:06.562330,0 days 00:00:13.789432,0.21309901162191633,80,176,32,192.0,176.0,4,4,1,0.0011541842858962172,0.6,/work3/arnaou/checkpoints/Tc_trial_1010_best_state.pt,"{'learning_rate': 0.0011541842858962172, 'lr_reduce': 0.6}",TPESampler,COMPLETE
1011,0.024248845875263214,2025-04-26 14:31:56.764883,2025-04-26 14:32:16.806407,0 days 00:00:20.041524,0.07318278169632073,208,224,208,224.0,,3,3,1,0.003771751163343245,0.6,/work3/arnaou/checkpoints/Tc_trial_1011_best_state.pt,"{'learning_rate': 0.003771751163343245, 'lr_reduce': 0.6}",TPESampler,COMPLETE
1012,0.014823130331933498,2025-04-26 14:31:56.819321,2025-04-26 14:32:17.795864,0 days 00:00:20.976543,0.03790893949633178,256,176,256,256.0,,3,1,1,0.0039037068061863298,0.6,/work3/arnaou/checkpoints/Tc_trial_1012_best_state.pt,"{'learning_rate': 0.0039037068061863298, 'lr_reduce': 0.6}",TPESampler,COMPLETE
1013,0.022403646260499954,2025-04-26 14:32:06.791010,2025-04-26 14:32:31.950869,0 days 00:00:25.159859,0.08022230042039652,224,256,192,112.0,,3,3,1,0.000684756819037668,0.6,/work3/arnaou/checkpoints/Tc_trial_1013_best_state.pt,"{'learning_rate': 0.000684756819037668, 'lr_reduce': 0.6}",TPESampler,COMPLETE
1014,0.05479174107313156,2025-04-26 14:32:17.000431,2025-04-26 14:32:46.754226,0 days 00:00:29.753795,0.09335414758698074,48,176,32,,,2,4,3,0.00035335116146464337,0.6,/work3/arnaou/checkpoints/Tc_trial_1014_best_state.pt,"{'learning_rate': 0.00035335116146464337, 'lr_reduce': 0.6}",TPESampler,COMPLETE
1015,0.02322167344391346,2025-04-26 14:32:18.029248,2025-04-26 14:32:33.973508,0 days 00:00:15.944260,0.0024900667801758813,240,144,256,240.0,,3,1,1,0.004732111475881717,0.6,/work3/arnaou/checkpoints/Tc_trial_1015_best_state.pt,"{'learning_rate': 0.004732111475881717, 'lr_reduce': 0.6}",TPESampler,COMPLETE
1016,0.04947054758667946,2025-04-26 14:32:32.134551,2025-04-26 14:32:45.658074,0 days 00:00:13.523523,0.24293534605757658,208,144,96,256.0,,3,2,3,0.005771325682790485,0.6,/work3/arnaou/checkpoints/Tc_trial_1016_best_state.pt,"{'learning_rate': 0.005771325682790485, 'lr_reduce': 0.6}",TPESampler,COMPLETE
1017,0.052051663398742676,2025-04-26 14:32:34.157454,2025-04-26 14:32:50.700096,0 days 00:00:16.542642,0.15882632387364784,48,48,32,240.0,,3,4,1,0.001579917935681327,0.6,/work3/arnaou/checkpoints/Tc_trial_1017_best_state.pt,"{'learning_rate': 0.001579917935681327, 'lr_reduce': 0.6}",TPESampler,COMPLETE
1018,0.017821429297327995,2025-04-26 14:32:45.893997,2025-04-26 14:33:10.622463,0 days 00:00:24.728466,0.014410387340803542,240,192,144,256.0,,3,2,2,0.004983247903923731,0.6,/work3/arnaou/checkpoints/Tc_trial_1018_best_state.pt,"{'learning_rate': 0.004983247903923731, 'lr_reduce': 0.6}",TPESampler,COMPLETE
1019,0.017754388973116875,2025-04-26 14:32:46.941883,2025-04-26 14:33:09.914812,0 days 00:00:22.972929,0.0030675963677790387,192,224,208,256.0,,3,2,1,0.006490145558985141,0.6,/work3/arnaou/checkpoints/Tc_trial_1019_best_state.pt,"{'learning_rate': 0.006490145558985141, 'lr_reduce': 0.6}",TPESampler,COMPLETE
1020,0.03242109715938568,2025-04-26 14:32:50.952763,2025-04-26 14:33:12.971335,0 days 00:00:22.018572,0.005576789778589521,240,224,192,256.0,,3,2,1,0.008675150052567374,0.6,/work3/arnaou/checkpoints/Tc_trial_1020_best_state.pt,"{'learning_rate': 0.008675150052567374, 'lr_reduce': 0.6}",TPESampler,COMPLETE
1021,0.021695982664823532,2025-04-26 14:33:10.123938,2025-04-26 14:33:33.989365,0 days 00:00:23.865427,0.029441004411412574,160,256,224,256.0,,3,3,2,0.0035940854466771613,0.6,/work3/arnaou/checkpoints/Tc_trial_1021_best_state.pt,"{'learning_rate': 0.0035940854466771613, 'lr_reduce': 0.6}",TPESampler,COMPLETE
1022,0.02871381863951683,2025-04-26 14:33:10.811986,2025-04-26 14:33:34.936272,0 days 00:00:24.124286,0.11090388907751197,32,224,32,,,2,3,2,0.005661693310507833,0.6,/work3/arnaou/checkpoints/Tc_trial_1022_best_state.pt,"{'learning_rate': 0.005661693310507833, 'lr_reduce': 0.6}",TPESampler,COMPLETE
1023,0.02200797013938427,2025-04-26 14:33:13.197774,2025-04-26 14:33:31.877706,0 days 00:00:18.679932,0.0581080325371843,240,160,240,256.0,,3,1,1,0.006292895270589188,0.6,/work3/arnaou/checkpoints/Tc_trial_1023_best_state.pt,"{'learning_rate': 0.006292895270589188, 'lr_reduce': 0.6}",TPESampler,COMPLETE
1024,0.018416905775666237,2025-04-26 14:33:32.104662,2025-04-26 14:33:52.828948,0 days 00:00:20.724286,0.09762194907809271,192,192,160,256.0,,3,1,2,0.007236330591965796,0.6,/work3/arnaou/checkpoints/Tc_trial_1024_best_state.pt,"{'learning_rate': 0.007236330591965796, 'lr_reduce': 0.6}",TPESampler,COMPLETE
1025,0.022661231458187103,2025-04-26 14:33:34.181290,2025-04-26 14:33:52.787674,0 days 00:00:18.606384,0.16384455100793135,144,256,112,256.0,,3,3,1,0.008464400463454213,0.6,/work3/arnaou/checkpoints/Tc_trial_1025_best_state.pt,"{'learning_rate': 0.008464400463454213, 'lr_reduce': 0.6}",TPESampler,COMPLETE
1026,0.023216724395751953,2025-04-26 14:33:35.230180,2025-04-26 14:33:50.071942,0 days 00:00:14.841762,0.0847399191125595,176,48,96,224.0,64.0,4,1,1,0.006311453237774763,0.6,/work3/arnaou/checkpoints/Tc_trial_1026_best_state.pt,"{'learning_rate': 0.006311453237774763, 'lr_reduce': 0.6}",TPESampler,COMPLETE
1027,0.016614552587270737,2025-04-26 14:33:50.272133,2025-04-26 14:34:14.790299,0 days 00:00:24.518166,0.01437511726035582,224,208,176,256.0,,3,3,1,0.002565964790982603,0.6,/work3/arnaou/checkpoints/Tc_trial_1027_best_state.pt,"{'learning_rate': 0.002565964790982603, 'lr_reduce': 0.6}",TPESampler,COMPLETE
1028,0.020686134696006775,2025-04-26 14:33:52.971926,2025-04-26 14:34:09.731234,0 days 00:00:16.759308,0.019062149618284764,256,256,176,32.0,,3,1,1,0.004828038871746705,0.6,/work3/arnaou/checkpoints/Tc_trial_1028_best_state.pt,"{'learning_rate': 0.004828038871746705, 'lr_reduce': 0.6}",TPESampler,COMPLETE
1029,0.01908278837800026,2025-04-26 14:33:53.028169,2025-04-26 14:34:14.450519,0 days 00:00:21.422350,0.06849421184820523,208,192,256,240.0,,3,1,1,0.007006325520126598,0.6,/work3/arnaou/checkpoints/Tc_trial_1029_best_state.pt,"{'learning_rate': 0.007006325520126598, 'lr_reduce': 0.6}",TPESampler,COMPLETE
1030,0.02969597838819027,2025-04-26 14:34:10.117054,2025-04-26 14:34:31.714153,0 days 00:00:21.597099,0.022875651220093468,240,192,160,224.0,128.0,4,1,2,0.00823274255272359,0.6,/work3/arnaou/checkpoints/Tc_trial_1030_best_state.pt,"{'learning_rate': 0.00823274255272359, 'lr_reduce': 0.6}",TPESampler,COMPLETE
1031,0.015600064769387245,2025-04-26 14:34:14.643880,2025-04-26 14:34:36.192817,0 days 00:00:21.548937,0.06582431293401746,240,240,176,224.0,,3,2,1,0.003283021412185964,0.6,/work3/arnaou/checkpoints/Tc_trial_1031_best_state.pt,"{'learning_rate': 0.003283021412185964, 'lr_reduce': 0.6}",TPESampler,COMPLETE
1032,0.018938232213258743,2025-04-26 14:34:15.002362,2025-04-26 14:34:32.711623,0 days 00:00:17.709261,0.05930605769315243,208,112,208,,,2,2,2,0.0019313583138649527,0.6,/work3/arnaou/checkpoints/Tc_trial_1032_best_state.pt,"{'learning_rate': 0.0019313583138649527, 'lr_reduce': 0.6}",TPESampler,COMPLETE
1033,0.022694779559969902,2025-04-26 14:34:31.929504,2025-04-26 14:34:51.493886,0 days 00:00:19.564382,0.07019017960756865,144,112,224,224.0,,3,1,1,0.0019583225068667905,0.6,/work3/arnaou/checkpoints/Tc_trial_1033_best_state.pt,"{'learning_rate': 0.0019583225068667905, 'lr_reduce': 0.6}",TPESampler,COMPLETE
1034,0.059613533318042755,2025-04-26 14:34:33.034187,2025-04-26 14:34:46.555733,0 days 00:00:13.521546,0.2249795087305923,144,96,32,80.0,96.0,4,4,1,0.003432086652133871,0.6,/work3/arnaou/checkpoints/Tc_trial_1034_best_state.pt,"{'learning_rate': 0.003432086652133871, 'lr_reduce': 0.6}",TPESampler,COMPLETE
1035,0.02331155352294445,2025-04-26 14:34:36.399156,2025-04-26 14:34:56.601364,0 days 00:00:20.202208,0.05949901711429089,256,176,256,240.0,,3,1,1,0.00723610064866975,0.6,/work3/arnaou/checkpoints/Tc_trial_1035_best_state.pt,"{'learning_rate': 0.00723610064866975, 'lr_reduce': 0.6}",TPESampler,COMPLETE
1036,0.034730903804302216,2025-04-26 14:34:46.740039,2025-04-26 14:35:09.498856,0 days 00:00:22.758817,0.24416789234407188,96,208,64,96.0,,3,1,3,0.0006135921818640741,0.6,/work3/arnaou/checkpoints/Tc_trial_1036_best_state.pt,"{'learning_rate': 0.0006135921818640741, 'lr_reduce': 0.6}",TPESampler,COMPLETE
1037,0.01862928457558155,2025-04-26 14:34:51.713292,2025-04-26 14:35:04.053417,0 days 00:00:12.340125,0.009864391468011866,160,144,160,112.0,32.0,4,1,1,0.005147400975328351,0.6,/work3/arnaou/checkpoints/Tc_trial_1037_best_state.pt,"{'learning_rate': 0.005147400975328351, 'lr_reduce': 0.6}",TPESampler,COMPLETE
1038,0.018747592344880104,2025-04-26 14:34:56.792631,2025-04-26 14:35:14.661252,0 days 00:00:17.868621,0.11589737887109842,208,208,224,208.0,224.0,4,2,1,0.003022545994248211,0.6,/work3/arnaou/checkpoints/Tc_trial_1038_best_state.pt,"{'learning_rate': 0.003022545994248211, 'lr_reduce': 0.6}",TPESampler,COMPLETE
1039,0.01758638396859169,2025-04-26 14:35:04.245671,2025-04-26 14:35:25.680539,0 days 00:00:21.434868,0.0286936049280442,192,160,224,208.0,,3,1,2,0.007643686403655974,0.6,/work3/arnaou/checkpoints/Tc_trial_1039_best_state.pt,"{'learning_rate': 0.007643686403655974, 'lr_reduce': 0.6}",TPESampler,COMPLETE
1040,0.02072056569159031,2025-04-26 14:35:09.700042,2025-04-26 14:35:29.088572,0 days 00:00:19.388530,0.03467300547300817,192,256,224,128.0,,3,1,2,0.009593552746416899,0.6,/work3/arnaou/checkpoints/Tc_trial_1040_best_state.pt,"{'learning_rate': 0.009593552746416899, 'lr_reduce': 0.6}",TPESampler,COMPLETE
1041,0.02565939910709858,2025-04-26 14:35:14.868763,2025-04-26 14:35:36.174660,0 days 00:00:21.305897,0.07384166098431798,256,192,256,96.0,,3,1,2,0.004840969195645599,0.6,/work3/arnaou/checkpoints/Tc_trial_1041_best_state.pt,"{'learning_rate': 0.004840969195645599, 'lr_reduce': 0.6}",TPESampler,COMPLETE
1042,0.02059420384466648,2025-04-26 14:35:25.884790,2025-04-26 14:35:40.997575,0 days 00:00:15.112785,0.13717316566293122,192,128,208,192.0,,3,1,2,0.0020894436966612303,0.6,/work3/arnaou/checkpoints/Tc_trial_1042_best_state.pt,"{'learning_rate': 0.0020894436966612303, 'lr_reduce': 0.6}",TPESampler,COMPLETE
1043,0.018527092412114143,2025-04-26 14:35:29.287407,2025-04-26 14:35:52.240857,0 days 00:00:22.953450,0.035520230280102115,176,224,192,128.0,,3,3,1,0.004356254508124898,0.6,/work3/arnaou/checkpoints/Tc_trial_1043_best_state.pt,"{'learning_rate': 0.004356254508124898, 'lr_reduce': 0.6}",TPESampler,COMPLETE
1044,0.03057209588587284,2025-04-26 14:35:36.387904,2025-04-26 14:35:57.145156,0 days 00:00:20.757252,0.1341078507642739,208,176,224,192.0,,3,2,1,0.009001551897577733,0.6,/work3/arnaou/checkpoints/Tc_trial_1044_best_state.pt,"{'learning_rate': 0.009001551897577733, 'lr_reduce': 0.6}",TPESampler,COMPLETE
1045,0.01827092655003071,2025-04-26 14:35:41.184654,2025-04-26 14:36:02.471990,0 days 00:00:21.287336,0.09880910499466698,112,112,256,,,2,3,1,0.008880432826530456,0.6,/work3/arnaou/checkpoints/Tc_trial_1045_best_state.pt,"{'learning_rate': 0.008880432826530456, 'lr_reduce': 0.6}",TPESampler,COMPLETE
1046,0.03573218733072281,2025-04-26 14:35:52.481574,2025-04-26 14:36:15.110792,0 days 00:00:22.629218,0.1271428114744855,240,176,160,256.0,,3,4,4,0.0064590408940174236,0.6,/work3/arnaou/checkpoints/Tc_trial_1046_best_state.pt,"{'learning_rate': 0.0064590408940174236, 'lr_reduce': 0.6}",TPESampler,COMPLETE
1047,0.04446161910891533,2025-04-26 14:35:57.358253,2025-04-26 14:36:17.983282,0 days 00:00:20.625029,0.2542616855985336,192,144,96,64.0,,3,3,3,0.0005283770066040116,0.6,/work3/arnaou/checkpoints/Tc_trial_1047_best_state.pt,"{'learning_rate': 0.0005283770066040116, 'lr_reduce': 0.6}",TPESampler,COMPLETE
1048,0.016027482226490974,2025-04-26 14:36:02.661929,2025-04-26 14:36:23.015153,0 days 00:00:20.353224,0.07155149364757643,240,160,256,160.0,160.0,4,2,1,0.0056716950966292905,0.6,/work3/arnaou/checkpoints/Tc_trial_1048_best_state.pt,"{'learning_rate': 0.0056716950966292905, 'lr_reduce': 0.6}",TPESampler,COMPLETE
1049,0.08099927008152008,2025-04-26 14:36:15.309442,2025-04-26 14:36:45.093211,0 days 00:00:29.783769,0.07289930681916602,32,32,96,224.0,,3,4,3,0.000383588361495533,0.6,/work3/arnaou/checkpoints/Tc_trial_1049_best_state.pt,"{'learning_rate': 0.000383588361495533, 'lr_reduce': 0.6}",TPESampler,COMPLETE
1050,0.02158992923796177,2025-04-26 14:36:18.174240,2025-04-26 14:36:38.906021,0 days 00:00:20.731781,0.010658575957923614,192,160,224,128.0,64.0,4,2,1,0.008029611223387637,0.6,/work3/arnaou/checkpoints/Tc_trial_1050_best_state.pt,"{'learning_rate': 0.008029611223387637, 'lr_reduce': 0.6}",TPESampler,COMPLETE
1051,0.017920589074492455,2025-04-26 14:36:23.205503,2025-04-26 14:36:43.279051,0 days 00:00:20.073548,0.036158885465001886,192,192,192,192.0,,3,2,1,0.004538275492361474,0.6,/work3/arnaou/checkpoints/Tc_trial_1051_best_state.pt,"{'learning_rate': 0.004538275492361474, 'lr_reduce': 0.6}",TPESampler,COMPLETE
1052,0.01787836104631424,2025-04-26 14:36:39.094742,2025-04-26 14:36:54.872920,0 days 00:00:15.778178,0.10616166916595325,112,224,176,96.0,,3,1,1,0.0027614845120888347,0.6,/work3/arnaou/checkpoints/Tc_trial_1052_best_state.pt,"{'learning_rate': 0.0027614845120888347, 'lr_reduce': 0.6}",TPESampler,COMPLETE
1053,0.017240649089217186,2025-04-26 14:36:43.501661,2025-04-26 14:37:04.246488,0 days 00:00:20.744827,0.09082971024036487,208,208,144,160.0,,3,2,1,0.004945804578873896,0.6,/work3/arnaou/checkpoints/Tc_trial_1053_best_state.pt,"{'learning_rate': 0.004945804578873896, 'lr_reduce': 0.6}",TPESampler,COMPLETE
1054,0.02337704226374626,2025-04-26 14:36:45.282772,2025-04-26 14:37:04.206972,0 days 00:00:18.924200,0.06000719857126636,224,256,144,,,2,2,2,0.0048591987813847125,0.6,/work3/arnaou/checkpoints/Tc_trial_1054_best_state.pt,"{'learning_rate': 0.0048591987813847125, 'lr_reduce': 0.6}",TPESampler,COMPLETE
