number,value,datetime_start,datetime_complete,duration,params_dropout,params_hidden_channels,params_mlp_dim_00,params_mlp_dim_01,params_mlp_dim_02,params_mlp_dim_03,params_mlp_n_layers,params_num_layers,params_num_timesteps,params_train_learning_rate,params_train_lr_reduce,user_attrs_best_state_dict_path,user_attrs_training_params,system_attrs_auto:sampler,state
1543,0.024016134440898895,2025-04-26 15:33:31.482420,2025-04-26 15:33:48.065406,0 days 00:00:16.582986,0.10513934368689495,128,48,48,,,2,3,2,0.008455922698340106,0.6,/work3/arnaou/checkpoints/Tc_trial_1543_best_state.pt,"{'learning_rate': 0.008455922698340106, 'lr_reduce': 0.6}",TPESampler,COMPLETE
1544,0.01906486041843891,2025-04-26 15:33:41.555732,2025-04-26 15:34:03.361117,0 days 00:00:21.805385,0.015009972610996469,256,144,256,112.0,,3,1,1,0.00910475545823013,0.6,/work3/arnaou/checkpoints/Tc_trial_1544_best_state.pt,"{'learning_rate': 0.00910475545823013, 'lr_reduce': 0.6}",TPESampler,COMPLETE
1545,0.017747560515999794,2025-04-26 15:33:48.299725,2025-04-26 15:34:07.865345,0 days 00:00:19.565620,0.1028180487155085,208,160,256,192.0,,3,1,1,0.007695639098782294,0.6,/work3/arnaou/checkpoints/Tc_trial_1545_best_state.pt,"{'learning_rate': 0.007695639098782294, 'lr_reduce': 0.6}",TPESampler,COMPLETE
1546,0.019520672038197517,2025-04-26 15:33:55.478632,2025-04-26 15:34:17.624890,0 days 00:00:22.146258,0.030619531997528936,256,240,160,,,2,1,2,0.0015515006059709147,0.6,/work3/arnaou/checkpoints/Tc_trial_1546_best_state.pt,"{'learning_rate': 0.0015515006059709147, 'lr_reduce': 0.6}",TPESampler,COMPLETE
1547,0.019488196820020676,2025-04-26 15:34:03.601165,2025-04-26 15:34:25.965941,0 days 00:00:22.364776,0.007314997437343625,192,176,224,176.0,64.0,4,1,2,0.004476088684176408,0.6,/work3/arnaou/checkpoints/Tc_trial_1547_best_state.pt,"{'learning_rate': 0.004476088684176408, 'lr_reduce': 0.6}",TPESampler,COMPLETE
1548,0.019676573574543,2025-04-26 15:34:08.072071,2025-04-26 15:34:28.280684,0 days 00:00:20.208613,0.010896824624533515,256,176,256,144.0,32.0,4,1,1,0.007772462108033871,0.6,/work3/arnaou/checkpoints/Tc_trial_1548_best_state.pt,"{'learning_rate': 0.007772462108033871, 'lr_reduce': 0.6}",TPESampler,COMPLETE
1549,0.031337663531303406,2025-04-26 15:34:17.871748,2025-04-26 15:34:32.852411,0 days 00:00:14.980663,0.1318433673283275,208,144,240,80.0,80.0,4,1,1,0.007131264612270175,0.6,/work3/arnaou/checkpoints/Tc_trial_1549_best_state.pt,"{'learning_rate': 0.007131264612270175, 'lr_reduce': 0.6}",TPESampler,COMPLETE
1550,0.017723409458994865,2025-04-26 15:34:26.193511,2025-04-26 15:34:51.617877,0 days 00:00:25.424366,0.08057894546123728,192,256,256,208.0,,3,3,2,0.001875287266740846,0.6,/work3/arnaou/checkpoints/Tc_trial_1550_best_state.pt,"{'learning_rate': 0.001875287266740846, 'lr_reduce': 0.6}",TPESampler,COMPLETE
1551,0.029274987056851387,2025-04-26 15:34:28.623491,2025-04-26 15:34:50.998769,0 days 00:00:22.375278,0.05394085902238531,224,64,48,160.0,,3,2,1,0.0005521675184434945,0.6,/work3/arnaou/checkpoints/Tc_trial_1551_best_state.pt,"{'learning_rate': 0.0005521675184434945, 'lr_reduce': 0.6}",TPESampler,COMPLETE
1552,0.02707183174788952,2025-04-26 15:34:33.083432,2025-04-26 15:34:54.892086,0 days 00:00:21.808654,0.040771474542246944,224,208,224,32.0,64.0,4,2,1,0.007278970061016297,0.6,/work3/arnaou/checkpoints/Tc_trial_1552_best_state.pt,"{'learning_rate': 0.007278970061016297, 'lr_reduce': 0.6}",TPESampler,COMPLETE
1553,0.020449355244636536,2025-04-26 15:34:51.203518,2025-04-26 15:35:11.229261,0 days 00:00:20.025743,0.1246835583560854,224,176,240,224.0,96.0,4,1,1,0.001315749821670231,0.6,/work3/arnaou/checkpoints/Tc_trial_1553_best_state.pt,"{'learning_rate': 0.001315749821670231, 'lr_reduce': 0.6}",TPESampler,COMPLETE
1554,0.01857832260429859,2025-04-26 15:34:51.815773,2025-04-26 15:35:07.299437,0 days 00:00:15.483664,0.01265779520091555,160,224,240,176.0,48.0,4,1,1,0.009580862172825508,0.6,/work3/arnaou/checkpoints/Tc_trial_1554_best_state.pt,"{'learning_rate': 0.009580862172825508, 'lr_reduce': 0.6}",TPESampler,COMPLETE
1555,0.019162539392709732,2025-04-26 15:34:55.126508,2025-04-26 15:35:16.169828,0 days 00:00:21.043320,0.061831473831202764,240,208,224,128.0,,3,1,2,0.005883127775890899,0.6,/work3/arnaou/checkpoints/Tc_trial_1555_best_state.pt,"{'learning_rate': 0.005883127775890899, 'lr_reduce': 0.6}",TPESampler,COMPLETE
1556,0.01623143069446087,2025-04-26 15:35:07.579568,2025-04-26 15:35:26.396222,0 days 00:00:18.816654,0.06593656538387431,192,208,256,192.0,80.0,4,1,1,0.005587993783897061,0.6,/work3/arnaou/checkpoints/Tc_trial_1556_best_state.pt,"{'learning_rate': 0.005587993783897061, 'lr_reduce': 0.6}",TPESampler,COMPLETE
1557,0.04465588182210922,2025-04-26 15:35:11.486699,2025-04-26 15:35:34.619216,0 days 00:00:23.132517,0.108141905354107,96,128,32,160.0,,3,2,1,0.00018805309582764954,0.6,/work3/arnaou/checkpoints/Tc_trial_1557_best_state.pt,"{'learning_rate': 0.00018805309582764954, 'lr_reduce': 0.6}",TPESampler,COMPLETE
1558,0.02334621548652649,2025-04-26 15:35:16.393708,2025-04-26 15:35:33.083452,0 days 00:00:16.689744,0.1198063224513872,160,96,160,,,2,2,2,0.007250469156727937,0.6,/work3/arnaou/checkpoints/Tc_trial_1558_best_state.pt,"{'learning_rate': 0.007250469156727937, 'lr_reduce': 0.6}",TPESampler,COMPLETE
1559,0.03310076519846916,2025-04-26 15:35:26.620441,2025-04-26 15:35:44.797890,0 days 00:00:18.177449,0.297993730646343,176,176,208,,,2,1,2,0.0004274664159554589,0.6,/work3/arnaou/checkpoints/Tc_trial_1559_best_state.pt,"{'learning_rate': 0.0004274664159554589, 'lr_reduce': 0.6}",TPESampler,COMPLETE
1560,0.018756061792373657,2025-04-26 15:35:33.327783,2025-04-26 15:35:57.528963,0 days 00:00:24.201180,0.12075062663810081,192,256,160,,,2,1,4,0.004096591619452627,0.6,/work3/arnaou/checkpoints/Tc_trial_1560_best_state.pt,"{'learning_rate': 0.004096591619452627, 'lr_reduce': 0.6}",TPESampler,COMPLETE
1561,0.01814175769686699,2025-04-26 15:35:35.190435,2025-04-26 15:35:53.334068,0 days 00:00:18.143633,0.10349201120995258,144,176,240,112.0,96.0,4,1,1,0.0034089075520496686,0.6,/work3/arnaou/checkpoints/Tc_trial_1561_best_state.pt,"{'learning_rate': 0.0034089075520496686, 'lr_reduce': 0.6}",TPESampler,COMPLETE
1562,0.021387016400694847,2025-04-26 15:35:45.024619,2025-04-26 15:36:03.782727,0 days 00:00:18.758108,0.009430467514910352,224,256,160,208.0,,3,2,1,0.0016311736873851719,0.6,/work3/arnaou/checkpoints/Tc_trial_1562_best_state.pt,"{'learning_rate': 0.0016311736873851719, 'lr_reduce': 0.6}",TPESampler,COMPLETE
1563,0.016841359436511993,2025-04-26 15:35:53.564471,2025-04-26 15:36:13.500028,0 days 00:00:19.935557,0.04485584591130005,256,256,128,144.0,64.0,4,1,1,0.004466970256912445,0.6,/work3/arnaou/checkpoints/Tc_trial_1563_best_state.pt,"{'learning_rate': 0.004466970256912445, 'lr_reduce': 0.6}",TPESampler,COMPLETE
1564,0.017484985291957855,2025-04-26 15:35:57.751289,2025-04-26 15:36:15.543084,0 days 00:00:17.791795,0.0337968690256363,192,224,192,176.0,48.0,4,1,1,0.0036689386739024673,0.6,/work3/arnaou/checkpoints/Tc_trial_1564_best_state.pt,"{'learning_rate': 0.0036689386739024673, 'lr_reduce': 0.6}",TPESampler,COMPLETE
1565,0.021228328347206116,2025-04-26 15:36:03.999936,2025-04-26 15:36:24.139760,0 days 00:00:20.139824,0.04943866303018246,176,208,176,224.0,112.0,4,1,3,0.009155090771871476,0.6,/work3/arnaou/checkpoints/Tc_trial_1565_best_state.pt,"{'learning_rate': 0.009155090771871476, 'lr_reduce': 0.6}",TPESampler,COMPLETE
1566,0.01732165738940239,2025-04-26 15:36:13.740918,2025-04-26 15:36:27.416968,0 days 00:00:13.676050,0.0005937640343721719,160,192,256,192.0,80.0,4,1,1,0.003771332180661147,0.6,/work3/arnaou/checkpoints/Tc_trial_1566_best_state.pt,"{'learning_rate': 0.003771332180661147, 'lr_reduce': 0.6}",TPESampler,COMPLETE
1567,0.024066701531410217,2025-04-26 15:36:15.781563,2025-04-26 15:36:38.817431,0 days 00:00:23.035868,0.08052896213096715,128,128,160,,,2,2,1,0.00824929251240163,0.6,/work3/arnaou/checkpoints/Tc_trial_1567_best_state.pt,"{'learning_rate': 0.00824929251240163, 'lr_reduce': 0.6}",TPESampler,COMPLETE
1568,0.020223567262291908,2025-04-26 15:36:24.342562,2025-04-26 15:36:42.811740,0 days 00:00:18.469178,0.010067018578090732,224,192,240,144.0,48.0,4,1,1,0.00315824313475018,0.6,/work3/arnaou/checkpoints/Tc_trial_1568_best_state.pt,"{'learning_rate': 0.00315824313475018, 'lr_reduce': 0.6}",TPESampler,COMPLETE
1569,0.18729856610298157,2025-04-26 15:36:27.660185,2025-04-26 15:36:52.256562,0 days 00:00:24.596377,0.24866102385029182,192,32,256,,,2,4,1,0.00012243612688861102,0.6,/work3/arnaou/checkpoints/Tc_trial_1569_best_state.pt,"{'learning_rate': 0.00012243612688861102, 'lr_reduce': 0.6}",TPESampler,COMPLETE
1570,0.019386926665902138,2025-04-26 15:36:39.001834,2025-04-26 15:37:01.081241,0 days 00:00:22.079407,0.069703254750488,144,192,256,176.0,80.0,4,1,2,0.005164180074924326,0.6,/work3/arnaou/checkpoints/Tc_trial_1570_best_state.pt,"{'learning_rate': 0.005164180074924326, 'lr_reduce': 0.6}",TPESampler,COMPLETE
1571,0.020221563056111336,2025-04-26 15:36:43.029467,2025-04-26 15:37:04.241967,0 days 00:00:21.212500,0.09327126009919588,256,192,224,96.0,32.0,4,1,2,0.007667549444509997,0.6,/work3/arnaou/checkpoints/Tc_trial_1571_best_state.pt,"{'learning_rate': 0.007667549444509997, 'lr_reduce': 0.6}",TPESampler,COMPLETE
1572,0.019684921950101852,2025-04-26 15:36:52.489081,2025-04-26 15:37:09.277966,0 days 00:00:16.788885,0.17711961458581701,208,144,128,,,2,2,1,0.002762143228684449,0.6,/work3/arnaou/checkpoints/Tc_trial_1572_best_state.pt,"{'learning_rate': 0.002762143228684449, 'lr_reduce': 0.6}",TPESampler,COMPLETE
1573,0.2825354337692261,2025-04-26 15:37:01.291959,2025-04-26 15:37:18.209122,0 days 00:00:16.917163,0.21460269105578117,32,80,240,,,2,3,4,0.0001320533322365658,0.6,/work3/arnaou/checkpoints/Tc_trial_1573_best_state.pt,"{'learning_rate': 0.0001320533322365658, 'lr_reduce': 0.6}",TPESampler,COMPLETE
1574,0.018510401248931885,2025-04-26 15:37:04.445032,2025-04-26 15:37:23.133004,0 days 00:00:18.687972,0.11075080323210865,192,176,240,240.0,96.0,4,1,1,0.005835556638948922,0.6,/work3/arnaou/checkpoints/Tc_trial_1574_best_state.pt,"{'learning_rate': 0.005835556638948922, 'lr_reduce': 0.6}",TPESampler,COMPLETE
1575,0.01639617420732975,2025-04-26 15:37:09.500560,2025-04-26 15:37:28.247294,0 days 00:00:18.746734,0.09993500889387344,176,208,208,160.0,64.0,4,1,1,0.008107191764864337,0.6,/work3/arnaou/checkpoints/Tc_trial_1575_best_state.pt,"{'learning_rate': 0.008107191764864337, 'lr_reduce': 0.6}",TPESampler,COMPLETE
1576,0.05269857123494148,2025-04-26 15:37:18.410109,2025-04-26 15:37:34.328621,0 days 00:00:15.918512,0.16031338658620364,32,112,32,208.0,,3,3,3,0.0026520105956139117,0.6,/work3/arnaou/checkpoints/Tc_trial_1576_best_state.pt,"{'learning_rate': 0.0026520105956139117, 'lr_reduce': 0.6}",TPESampler,COMPLETE
1577,0.015962954610586166,2025-04-26 15:37:23.361340,2025-04-26 15:37:45.657194,0 days 00:00:22.295854,0.09908225692039693,160,144,240,128.0,,3,2,2,0.008935519599466113,0.6,/work3/arnaou/checkpoints/Tc_trial_1577_best_state.pt,"{'learning_rate': 0.008935519599466113, 'lr_reduce': 0.6}",TPESampler,COMPLETE
1578,0.015315735712647438,2025-04-26 15:37:28.440773,2025-04-26 15:37:46.921369,0 days 00:00:18.480596,0.013016323343053193,224,192,224,192.0,,3,2,1,0.003561790349326219,0.6,/work3/arnaou/checkpoints/Tc_trial_1578_best_state.pt,"{'learning_rate': 0.003561790349326219, 'lr_reduce': 0.6}",TPESampler,COMPLETE
1579,0.01971942000091076,2025-04-26 15:37:34.538291,2025-04-26 15:37:56.239998,0 days 00:00:21.701707,0.0654312474528813,176,192,240,160.0,64.0,4,1,1,0.00884148690945968,0.6,/work3/arnaou/checkpoints/Tc_trial_1579_best_state.pt,"{'learning_rate': 0.00884148690945968, 'lr_reduce': 0.6}",TPESampler,COMPLETE
1580,0.020580094307661057,2025-04-26 15:37:45.972610,2025-04-26 15:38:02.868915,0 days 00:00:16.896305,0.0054474452934904355,224,160,256,176.0,,3,2,1,0.002810248419886275,0.6,/work3/arnaou/checkpoints/Tc_trial_1580_best_state.pt,"{'learning_rate': 0.002810248419886275, 'lr_reduce': 0.6}",TPESampler,COMPLETE
1581,0.02361338399350643,2025-04-26 15:37:47.276618,2025-04-26 15:38:08.868053,0 days 00:00:21.591435,0.0243494415760701,208,112,256,144.0,112.0,4,1,1,0.0069059877809723134,0.6,/work3/arnaou/checkpoints/Tc_trial_1581_best_state.pt,"{'learning_rate': 0.0069059877809723134, 'lr_reduce': 0.6}",TPESampler,COMPLETE
1582,0.019466936588287354,2025-04-26 15:37:56.528531,2025-04-26 15:38:19.082112,0 days 00:00:22.553581,0.013341788039728497,256,144,256,64.0,,3,1,2,0.00431646861874571,0.6,/work3/arnaou/checkpoints/Tc_trial_1582_best_state.pt,"{'learning_rate': 0.00431646861874571, 'lr_reduce': 0.6}",TPESampler,COMPLETE
1583,0.017063194885849953,2025-04-26 15:38:03.087108,2025-04-26 15:38:23.345274,0 days 00:00:20.258166,0.06701423050002617,240,256,144,,,2,2,1,0.0017209124138110718,0.6,/work3/arnaou/checkpoints/Tc_trial_1583_best_state.pt,"{'learning_rate': 0.0017209124138110718, 'lr_reduce': 0.6}",TPESampler,COMPLETE
1584,0.021026987582445145,2025-04-26 15:38:09.117919,2025-04-26 15:38:25.361337,0 days 00:00:16.243418,0.08564748380520844,144,144,224,256.0,,3,2,1,0.004037842652407196,0.6,/work3/arnaou/checkpoints/Tc_trial_1584_best_state.pt,"{'learning_rate': 0.004037842652407196, 'lr_reduce': 0.6}",TPESampler,COMPLETE
1585,0.01949588768184185,2025-04-26 15:38:19.298579,2025-04-26 15:38:39.289797,0 days 00:00:19.991218,0.17385373082311784,160,208,256,208.0,80.0,4,2,1,0.004210238351007091,0.6,/work3/arnaou/checkpoints/Tc_trial_1585_best_state.pt,"{'learning_rate': 0.004210238351007091, 'lr_reduce': 0.6}",TPESampler,COMPLETE
1586,0.02026086114346981,2025-04-26 15:38:23.702557,2025-04-26 15:38:42.485689,0 days 00:00:18.783132,0.003617668625280391,256,176,224,128.0,48.0,4,1,2,0.0020598259986383317,0.6,/work3/arnaou/checkpoints/Tc_trial_1586_best_state.pt,"{'learning_rate': 0.0020598259986383317, 'lr_reduce': 0.6}",TPESampler,COMPLETE
1587,0.01561811938881874,2025-04-26 15:38:25.581507,2025-04-26 15:38:45.014351,0 days 00:00:19.432844,0.0032278664167881242,240,256,144,192.0,,3,1,1,0.007605950670914351,0.6,/work3/arnaou/checkpoints/Tc_trial_1587_best_state.pt,"{'learning_rate': 0.007605950670914351, 'lr_reduce': 0.6}",TPESampler,COMPLETE
1588,0.01707916148006916,2025-04-26 15:38:39.609431,2025-04-26 15:39:00.903221,0 days 00:00:21.293790,0.027765801492082364,192,256,240,160.0,96.0,4,1,1,0.002475338701384948,0.6,/work3/arnaou/checkpoints/Tc_trial_1588_best_state.pt,"{'learning_rate': 0.002475338701384948, 'lr_reduce': 0.6}",TPESampler,COMPLETE
1589,0.026469379663467407,2025-04-26 15:38:42.730826,2025-04-26 15:38:54.657769,0 days 00:00:11.926943,0.20338673657538658,224,256,128,224.0,,3,2,1,0.00355565335742562,0.6,/work3/arnaou/checkpoints/Tc_trial_1589_best_state.pt,"{'learning_rate': 0.00355565335742562, 'lr_reduce': 0.6}",TPESampler,COMPLETE
1590,0.019160881638526917,2025-04-26 15:38:45.252843,2025-04-26 15:39:03.501979,0 days 00:00:18.249136,0.09340329157239988,224,176,256,112.0,64.0,4,1,2,0.0036267643997434265,0.6,/work3/arnaou/checkpoints/Tc_trial_1590_best_state.pt,"{'learning_rate': 0.0036267643997434265, 'lr_reduce': 0.6}",TPESampler,COMPLETE
1591,0.017714262008666992,2025-04-26 15:38:54.914701,2025-04-26 15:39:14.269436,0 days 00:00:19.354735,0.049742735743834116,192,240,208,176.0,,3,2,2,0.0014372068339353777,0.6,/work3/arnaou/checkpoints/Tc_trial_1591_best_state.pt,"{'learning_rate': 0.0014372068339353777, 'lr_reduce': 0.6}",TPESampler,COMPLETE
1592,0.031246822327375412,2025-04-26 15:39:01.134348,2025-04-26 15:39:30.282666,0 days 00:00:29.148318,0.03147812063518246,176,240,112,144.0,32.0,4,3,4,0.0003041308132055495,0.6,/work3/arnaou/checkpoints/Tc_trial_1592_best_state.pt,"{'learning_rate': 0.0003041308132055495, 'lr_reduce': 0.6}",TPESampler,COMPLETE
1593,0.01872767135500908,2025-04-26 15:39:03.715718,2025-04-26 15:39:20.305244,0 days 00:00:16.589526,0.09457612049223738,160,128,256,192.0,128.0,4,1,2,0.004131154755186643,0.6,/work3/arnaou/checkpoints/Tc_trial_1593_best_state.pt,"{'learning_rate': 0.004131154755186643, 'lr_reduce': 0.6}",TPESampler,COMPLETE
1594,0.01678655296564102,2025-04-26 15:39:14.494873,2025-04-26 15:39:32.302878,0 days 00:00:17.808005,0.13878585534111376,192,112,192,,,2,3,1,0.0023360677723089484,0.6,/work3/arnaou/checkpoints/Tc_trial_1594_best_state.pt,"{'learning_rate': 0.0023360677723089484, 'lr_reduce': 0.6}",TPESampler,COMPLETE
1595,0.02852320484817028,2025-04-26 15:39:20.514670,2025-04-26 15:39:43.420428,0 days 00:00:22.905758,0.07854802183299935,192,176,176,160.0,,3,2,3,0.007997005264645668,0.6,/work3/arnaou/checkpoints/Tc_trial_1595_best_state.pt,"{'learning_rate': 0.007997005264645668, 'lr_reduce': 0.6}",TPESampler,COMPLETE
1596,0.0369931198656559,2025-04-26 15:39:30.539546,2025-04-26 15:39:42.992996,0 days 00:00:12.453450,0.19074211259075435,160,80,208,96.0,,3,1,1,0.008633439727183622,0.6,/work3/arnaou/checkpoints/Tc_trial_1596_best_state.pt,"{'learning_rate': 0.008633439727183622, 'lr_reduce': 0.6}",TPESampler,COMPLETE
1597,0.018477771431207657,2025-04-26 15:39:32.535090,2025-04-26 15:39:45.489844,0 days 00:00:12.954754,0.01625226637957611,192,160,256,208.0,80.0,4,1,1,0.0033401672944616575,0.6,/work3/arnaou/checkpoints/Tc_trial_1597_best_state.pt,"{'learning_rate': 0.0033401672944616575, 'lr_reduce': 0.6}",TPESampler,COMPLETE
1598,0.02907475270330906,2025-04-26 15:39:43.369685,2025-04-26 15:40:10.959435,0 days 00:00:27.589750,0.012289156725993011,48,240,224,,,2,2,4,0.0006391256443498951,0.6,/work3/arnaou/checkpoints/Tc_trial_1598_best_state.pt,"{'learning_rate': 0.0006391256443498951, 'lr_reduce': 0.6}",TPESampler,COMPLETE
1599,0.026208123192191124,2025-04-26 15:39:43.718067,2025-04-26 15:40:03.443242,0 days 00:00:19.725175,0.18573524649598117,176,224,144,,,2,2,1,0.009965286481903304,0.6,/work3/arnaou/checkpoints/Tc_trial_1599_best_state.pt,"{'learning_rate': 0.009965286481903304, 'lr_reduce': 0.6}",TPESampler,COMPLETE
1600,0.0773046687245369,2025-04-26 15:39:45.711767,2025-04-26 15:40:01.540295,0 days 00:00:15.828528,0.23132666558459436,192,80,32,176.0,64.0,4,4,4,0.0009705065302853977,0.6,/work3/arnaou/checkpoints/Tc_trial_1600_best_state.pt,"{'learning_rate': 0.0009705065302853977, 'lr_reduce': 0.6}",TPESampler,COMPLETE
1601,0.016233602538704872,2025-04-26 15:40:01.802228,2025-04-26 15:40:17.000782,0 days 00:00:15.198554,0.02108170176747995,208,208,208,144.0,96.0,4,1,1,0.004742716091112409,0.6,/work3/arnaou/checkpoints/Tc_trial_1601_best_state.pt,"{'learning_rate': 0.004742716091112409, 'lr_reduce': 0.6}",TPESampler,COMPLETE
1602,0.2652184069156647,2025-04-26 15:40:03.697582,2025-04-26 15:40:23.571783,0 days 00:00:19.874201,0.22249074885889994,64,112,208,224.0,,3,4,3,0.00010581724299256381,0.6,/work3/arnaou/checkpoints/Tc_trial_1602_best_state.pt,"{'learning_rate': 0.00010581724299256381, 'lr_reduce': 0.6}",TPESampler,COMPLETE
1603,0.020058827474713326,2025-04-26 15:40:11.195418,2025-04-26 15:40:31.147560,0 days 00:00:19.952142,0.1268315249222171,240,192,128,192.0,,3,2,2,0.0013512911513955702,0.6,/work3/arnaou/checkpoints/Tc_trial_1603_best_state.pt,"{'learning_rate': 0.0013512911513955702, 'lr_reduce': 0.6}",TPESampler,COMPLETE
1604,0.025216424837708473,2025-04-26 15:40:17.241385,2025-04-26 15:40:38.949370,0 days 00:00:21.707985,0.013647164326984651,128,176,192,128.0,64.0,4,2,1,0.0007603564965549327,0.6,/work3/arnaou/checkpoints/Tc_trial_1604_best_state.pt,"{'learning_rate': 0.0007603564965549327, 'lr_reduce': 0.6}",TPESampler,COMPLETE
1605,0.019973086193203926,2025-04-26 15:40:23.790624,2025-04-26 15:40:49.099677,0 days 00:00:25.309053,0.014220548215442663,240,32,208,176.0,,3,2,4,0.0009302968345425278,0.6,/work3/arnaou/checkpoints/Tc_trial_1605_best_state.pt,"{'learning_rate': 0.0009302968345425278, 'lr_reduce': 0.6}",TPESampler,COMPLETE
1606,0.0164079237729311,2025-04-26 15:40:31.385650,2025-04-26 15:40:52.502133,0 days 00:00:21.116483,0.0034217906291235927,192,176,224,160.0,96.0,4,1,1,0.00366262663772133,0.6,/work3/arnaou/checkpoints/Tc_trial_1606_best_state.pt,"{'learning_rate': 0.00366262663772133, 'lr_reduce': 0.6}",TPESampler,COMPLETE
1607,0.016827015206217766,2025-04-26 15:40:39.183352,2025-04-26 15:41:02.216994,0 days 00:00:23.033642,0.005269363103193758,192,144,240,,,2,3,1,0.002695931029779297,0.6,/work3/arnaou/checkpoints/Tc_trial_1607_best_state.pt,"{'learning_rate': 0.002695931029779297, 'lr_reduce': 0.6}",TPESampler,COMPLETE
1608,0.017465095967054367,2025-04-26 15:40:49.335355,2025-04-26 15:41:06.014018,0 days 00:00:16.678663,0.06666963701858522,176,112,256,240.0,,3,1,1,0.006942959557646934,0.6,/work3/arnaou/checkpoints/Tc_trial_1608_best_state.pt,"{'learning_rate': 0.006942959557646934, 'lr_reduce': 0.6}",TPESampler,COMPLETE
1609,0.01862874999642372,2025-04-26 15:40:52.733805,2025-04-26 15:41:13.428330,0 days 00:00:20.694525,0.05780471391852033,176,208,192,,,2,2,2,0.005011281366080479,0.6,/work3/arnaou/checkpoints/Tc_trial_1609_best_state.pt,"{'learning_rate': 0.005011281366080479, 'lr_reduce': 0.6}",TPESampler,COMPLETE
1610,0.016995752230286598,2025-04-26 15:41:02.474624,2025-04-26 15:41:25.719479,0 days 00:00:23.244855,0.041161391460766396,224,256,208,208.0,,3,2,2,0.003560942415310145,0.6,/work3/arnaou/checkpoints/Tc_trial_1610_best_state.pt,"{'learning_rate': 0.003560942415310145, 'lr_reduce': 0.6}",TPESampler,COMPLETE
1611,0.01902158185839653,2025-04-26 15:41:06.269768,2025-04-26 15:41:23.938482,0 days 00:00:17.668714,0.08337903318854764,224,208,176,80.0,,3,2,1,0.0029865363067189264,0.6,/work3/arnaou/checkpoints/Tc_trial_1611_best_state.pt,"{'learning_rate': 0.0029865363067189264, 'lr_reduce': 0.6}",TPESampler,COMPLETE
1612,0.026178346946835518,2025-04-26 15:41:13.676722,2025-04-26 15:41:34.861752,0 days 00:00:21.185030,0.16084256517517959,192,256,256,112.0,48.0,4,1,2,0.0015361578980388362,0.6,/work3/arnaou/checkpoints/Tc_trial_1612_best_state.pt,"{'learning_rate': 0.0015361578980388362, 'lr_reduce': 0.6}",TPESampler,COMPLETE
