number,value,datetime_start,datetime_complete,duration,params_dropout,params_hidden_channels,params_mlp_dim_00,params_mlp_dim_01,params_mlp_dim_02,params_mlp_dim_03,params_mlp_n_layers,params_num_layers,params_num_timesteps,params_train_learning_rate,params_train_lr_reduce,user_attrs_best_state_dict_path,user_attrs_training_params,system_attrs_auto:sampler,state
1125,0.02155941352248192,2025-04-26 14:44:49.512020,2025-04-26 14:45:09.056678,0 days 00:00:19.544658,0.03327248908991744,208,160,208,208.0,80.0,4,1,1,0.0048665611129377695,0.6,/work3/arnaou/checkpoints/Tc_trial_1125_best_state.pt,"{'learning_rate': 0.0048665611129377695, 'lr_reduce': 0.6}",TPESampler,COMPLETE
1126,0.02089555747807026,2025-04-26 14:45:01.724053,2025-04-26 14:45:15.114641,0 days 00:00:13.390588,0.0053477717565311965,144,256,240,224.0,80.0,4,1,1,0.005466131793737384,0.6,/work3/arnaou/checkpoints/Tc_trial_1126_best_state.pt,"{'learning_rate': 0.005466131793737384, 'lr_reduce': 0.6}",TPESampler,COMPLETE
1127,0.026507610455155373,2025-04-26 14:45:04.631083,2025-04-26 14:45:22.836336,0 days 00:00:18.205253,0.2789891403779038,160,160,176,224.0,80.0,4,3,2,0.0028586663156492057,0.6,/work3/arnaou/checkpoints/Tc_trial_1127_best_state.pt,"{'learning_rate': 0.0028586663156492057, 'lr_reduce': 0.6}",TPESampler,COMPLETE
1128,0.019324932247400284,2025-04-26 14:45:09.269580,2025-04-26 14:45:28.187347,0 days 00:00:18.917767,0.05792436787350067,208,224,240,208.0,80.0,4,1,1,0.004650675211319755,0.6,/work3/arnaou/checkpoints/Tc_trial_1128_best_state.pt,"{'learning_rate': 0.004650675211319755, 'lr_reduce': 0.6}",TPESampler,COMPLETE
1129,0.027559855952858925,2025-04-26 14:45:15.333726,2025-04-26 14:45:32.903188,0 days 00:00:17.569462,0.265046192449459,192,144,256,208.0,80.0,4,1,4,0.004712256051196675,0.6,/work3/arnaou/checkpoints/Tc_trial_1129_best_state.pt,"{'learning_rate': 0.004712256051196675, 'lr_reduce': 0.6}",TPESampler,COMPLETE
1130,0.021951710805296898,2025-04-26 14:45:23.063910,2025-04-26 14:45:37.345944,0 days 00:00:14.282034,0.023357002690518665,128,240,256,208.0,80.0,4,1,1,0.0022917406135925756,0.6,/work3/arnaou/checkpoints/Tc_trial_1130_best_state.pt,"{'learning_rate': 0.0022917406135925756, 'lr_reduce': 0.6}",TPESampler,COMPLETE
1131,0.023919712752103806,2025-04-26 14:45:28.376859,2025-04-26 14:45:49.053094,0 days 00:00:20.676235,0.014305077345545154,160,224,256,224.0,64.0,4,1,2,0.008307091899797356,0.6,/work3/arnaou/checkpoints/Tc_trial_1131_best_state.pt,"{'learning_rate': 0.008307091899797356, 'lr_reduce': 0.6}",TPESampler,COMPLETE
1132,0.04474753513932228,2025-04-26 14:45:33.106825,2025-04-26 14:45:50.600723,0 days 00:00:17.493898,0.2899479701054617,240,96,208,208.0,,3,4,2,0.007016944244357169,0.6,/work3/arnaou/checkpoints/Tc_trial_1132_best_state.pt,"{'learning_rate': 0.007016944244357169, 'lr_reduce': 0.6}",TPESampler,COMPLETE
1133,0.01493212953209877,2025-04-26 14:45:37.539794,2025-04-26 14:45:53.248593,0 days 00:00:15.708799,0.02143355056604863,176,176,256,208.0,96.0,4,1,1,0.0034898686252161667,0.6,/work3/arnaou/checkpoints/Tc_trial_1133_best_state.pt,"{'learning_rate': 0.0034898686252161667, 'lr_reduce': 0.6}",TPESampler,COMPLETE
1134,0.03335951641201973,2025-04-26 14:45:49.245123,2025-04-26 14:46:08.825246,0 days 00:00:19.580123,0.07432074984778271,48,32,80,192.0,,3,1,4,0.0021493318908516203,0.6,/work3/arnaou/checkpoints/Tc_trial_1134_best_state.pt,"{'learning_rate': 0.0021493318908516203, 'lr_reduce': 0.6}",TPESampler,COMPLETE
1135,0.018716316670179367,2025-04-26 14:45:50.812889,2025-04-26 14:46:10.447623,0 days 00:00:19.634734,0.05802818244239193,224,224,240,240.0,64.0,4,1,1,0.002235040080154773,0.6,/work3/arnaou/checkpoints/Tc_trial_1135_best_state.pt,"{'learning_rate': 0.002235040080154773, 'lr_reduce': 0.6}",TPESampler,COMPLETE
1136,0.015858352184295654,2025-04-26 14:45:53.447431,2025-04-26 14:46:11.459371,0 days 00:00:18.011940,0.015779210934659504,176,208,256,224.0,96.0,4,1,1,0.002786081560958637,0.6,/work3/arnaou/checkpoints/Tc_trial_1136_best_state.pt,"{'learning_rate': 0.002786081560958637, 'lr_reduce': 0.6}",TPESampler,COMPLETE
1137,0.020369093865156174,2025-04-26 14:46:09.047803,2025-04-26 14:46:27.636023,0 days 00:00:18.588220,0.004573495977879993,224,224,256,208.0,96.0,4,1,1,0.0032683349551288813,0.6,/work3/arnaou/checkpoints/Tc_trial_1137_best_state.pt,"{'learning_rate': 0.0032683349551288813, 'lr_reduce': 0.6}",TPESampler,COMPLETE
1138,0.018871858716011047,2025-04-26 14:46:10.833661,2025-04-26 14:46:30.274598,0 days 00:00:19.440937,0.033466468619768215,128,208,192,224.0,96.0,4,1,1,0.002909170134296058,0.6,/work3/arnaou/checkpoints/Tc_trial_1138_best_state.pt,"{'learning_rate': 0.002909170134296058, 'lr_reduce': 0.6}",TPESampler,COMPLETE
1139,0.01991233043372631,2025-04-26 14:46:11.688132,2025-04-26 14:46:30.688306,0 days 00:00:19.000174,0.11292062091146271,160,208,256,208.0,96.0,4,1,1,0.0035884624296434755,0.6,/work3/arnaou/checkpoints/Tc_trial_1139_best_state.pt,"{'learning_rate': 0.0035884624296434755, 'lr_reduce': 0.6}",TPESampler,COMPLETE
1140,0.027907663956284523,2025-04-26 14:46:27.877468,2025-04-26 14:46:48.526322,0 days 00:00:20.648854,0.050304694123035704,128,224,224,208.0,96.0,4,2,1,0.008081160049983637,0.6,/work3/arnaou/checkpoints/Tc_trial_1140_best_state.pt,"{'learning_rate': 0.008081160049983637, 'lr_reduce': 0.6}",TPESampler,COMPLETE
1141,0.019423993304371834,2025-04-26 14:46:30.480763,2025-04-26 14:46:49.854078,0 days 00:00:19.373315,0.0384838242546297,192,176,240,208.0,64.0,4,1,1,0.006108551251775271,0.6,/work3/arnaou/checkpoints/Tc_trial_1141_best_state.pt,"{'learning_rate': 0.006108551251775271, 'lr_reduce': 0.6}",TPESampler,COMPLETE
1142,0.01732846349477768,2025-04-26 14:46:30.920623,2025-04-26 14:46:48.777758,0 days 00:00:17.857135,0.08051225099869488,160,192,240,240.0,,3,1,1,0.0021702390876266174,0.6,/work3/arnaou/checkpoints/Tc_trial_1142_best_state.pt,"{'learning_rate': 0.0021702390876266174, 'lr_reduce': 0.6}",TPESampler,COMPLETE
1143,0.018635358661413193,2025-04-26 14:46:48.730731,2025-04-26 14:47:09.325493,0 days 00:00:20.594762,0.03922020213888977,128,176,240,208.0,80.0,4,1,1,0.007650619077356263,0.6,/work3/arnaou/checkpoints/Tc_trial_1143_best_state.pt,"{'learning_rate': 0.007650619077356263, 'lr_reduce': 0.6}",TPESampler,COMPLETE
1144,0.01811933144927025,2025-04-26 14:46:48.988117,2025-04-26 14:47:05.910313,0 days 00:00:16.922196,0.0005861278995479176,176,160,240,192.0,96.0,4,1,1,0.002637820110747339,0.6,/work3/arnaou/checkpoints/Tc_trial_1144_best_state.pt,"{'learning_rate': 0.002637820110747339, 'lr_reduce': 0.6}",TPESampler,COMPLETE
1145,0.15436771512031555,2025-04-26 14:46:50.120285,2025-04-26 14:47:14.174741,0 days 00:00:24.054456,0.13040165289946784,64,128,80,,,2,1,2,0.0001290645348499442,0.6,/work3/arnaou/checkpoints/Tc_trial_1145_best_state.pt,"{'learning_rate': 0.0001290645348499442, 'lr_reduce': 0.6}",TPESampler,COMPLETE
1146,0.01465200912207365,2025-04-26 14:47:06.115301,2025-04-26 14:47:26.724969,0 days 00:00:20.609668,0.02172905830209349,256,176,240,192.0,64.0,4,1,2,0.00638327506294656,0.6,/work3/arnaou/checkpoints/Tc_trial_1146_best_state.pt,"{'learning_rate': 0.00638327506294656, 'lr_reduce': 0.6}",TPESampler,COMPLETE
1147,0.018873268738389015,2025-04-26 14:47:09.581385,2025-04-26 14:47:28.828678,0 days 00:00:19.247293,0.025679334006454838,208,208,256,208.0,64.0,4,1,1,0.004654026020154807,0.6,/work3/arnaou/checkpoints/Tc_trial_1147_best_state.pt,"{'learning_rate': 0.004654026020154807, 'lr_reduce': 0.6}",TPESampler,COMPLETE
1148,0.017282338812947273,2025-04-26 14:47:14.407402,2025-04-26 14:47:30.595203,0 days 00:00:16.187801,0.050871743156262035,144,240,240,224.0,96.0,4,1,1,0.0055627306345222925,0.6,/work3/arnaou/checkpoints/Tc_trial_1148_best_state.pt,"{'learning_rate': 0.0055627306345222925, 'lr_reduce': 0.6}",TPESampler,COMPLETE
1149,0.018701845780014992,2025-04-26 14:47:26.925683,2025-04-26 14:47:46.066302,0 days 00:00:19.140619,0.0011125711576875042,256,144,256,192.0,64.0,4,1,2,0.004747149788199277,0.6,/work3/arnaou/checkpoints/Tc_trial_1149_best_state.pt,"{'learning_rate': 0.004747149788199277, 'lr_reduce': 0.6}",TPESampler,COMPLETE
1150,0.021006882190704346,2025-04-26 14:47:29.054303,2025-04-26 14:47:47.817595,0 days 00:00:18.763292,0.04217001707791085,256,176,240,192.0,64.0,4,1,1,0.006552116390258608,0.6,/work3/arnaou/checkpoints/Tc_trial_1150_best_state.pt,"{'learning_rate': 0.006552116390258608, 'lr_reduce': 0.6}",TPESampler,COMPLETE
1151,0.011765589006245136,2025-04-26 14:47:30.805133,2025-04-26 14:47:48.431095,0 days 00:00:17.625962,0.01916322789560209,224,208,224,192.0,64.0,4,1,2,0.006773807459645278,0.6,/work3/arnaou/checkpoints/Tc_trial_1151_best_state.pt,"{'learning_rate': 0.006773807459645278, 'lr_reduce': 0.6}",TPESampler,COMPLETE
1152,0.01631816476583481,2025-04-26 14:47:46.354738,2025-04-26 14:48:06.684042,0 days 00:00:20.329304,0.033876709277865624,160,224,240,240.0,64.0,4,1,1,0.006181905803431435,0.6,/work3/arnaou/checkpoints/Tc_trial_1152_best_state.pt,"{'learning_rate': 0.006181905803431435, 'lr_reduce': 0.6}",TPESampler,COMPLETE
1153,0.02326314151287079,2025-04-26 14:47:48.148330,2025-04-26 14:48:09.055504,0 days 00:00:20.907174,0.06703212998081612,240,176,256,208.0,64.0,4,1,1,0.00730932454504707,0.6,/work3/arnaou/checkpoints/Tc_trial_1153_best_state.pt,"{'learning_rate': 0.00730932454504707, 'lr_reduce': 0.6}",TPESampler,COMPLETE
1154,0.015932796522974968,2025-04-26 14:47:48.790124,2025-04-26 14:48:10.819209,0 days 00:00:22.029085,0.06615382548474302,64,224,256,208.0,64.0,4,1,2,0.005357252947863543,0.6,/work3/arnaou/checkpoints/Tc_trial_1154_best_state.pt,"{'learning_rate': 0.005357252947863543, 'lr_reduce': 0.6}",TPESampler,COMPLETE
1155,0.02014273777604103,2025-04-26 14:48:06.883428,2025-04-26 14:48:27.602510,0 days 00:00:20.719082,0.030165604118035524,240,224,224,224.0,48.0,4,1,2,0.008005586540664801,0.6,/work3/arnaou/checkpoints/Tc_trial_1155_best_state.pt,"{'learning_rate': 0.008005586540664801, 'lr_reduce': 0.6}",TPESampler,COMPLETE
1156,0.0182182639837265,2025-04-26 14:48:09.265374,2025-04-26 14:48:26.816346,0 days 00:00:17.550972,0.021416890021617205,240,256,256,192.0,64.0,4,1,1,0.0062032362464548955,0.6,/work3/arnaou/checkpoints/Tc_trial_1156_best_state.pt,"{'learning_rate': 0.0062032362464548955, 'lr_reduce': 0.6}",TPESampler,COMPLETE
1157,0.017624428495764732,2025-04-26 14:48:11.025584,2025-04-26 14:48:35.476982,0 days 00:00:24.451398,0.00047652750188383834,240,240,256,192.0,80.0,4,1,2,0.001435093133200259,0.6,/work3/arnaou/checkpoints/Tc_trial_1157_best_state.pt,"{'learning_rate': 0.001435093133200259, 'lr_reduce': 0.6}",TPESampler,COMPLETE
1158,0.020534737035632133,2025-04-26 14:48:27.053487,2025-04-26 14:48:49.066494,0 days 00:00:22.013007,0.006013210715633566,144,176,256,224.0,48.0,4,2,1,0.00934663306948227,0.6,/work3/arnaou/checkpoints/Tc_trial_1158_best_state.pt,"{'learning_rate': 0.00934663306948227, 'lr_reduce': 0.6}",TPESampler,COMPLETE
1159,0.018379148095846176,2025-04-26 14:48:27.826815,2025-04-26 14:48:43.645089,0 days 00:00:15.818274,0.02950940688748428,240,192,224,192.0,80.0,4,1,2,0.00326372687640066,0.6,/work3/arnaou/checkpoints/Tc_trial_1159_best_state.pt,"{'learning_rate': 0.00326372687640066, 'lr_reduce': 0.6}",TPESampler,COMPLETE
1160,0.03183528408408165,2025-04-26 14:48:35.672048,2025-04-26 14:48:56.651685,0 days 00:00:20.979637,0.013398493304893632,160,224,176,192.0,96.0,4,1,2,0.0052792367059907985,0.6,/work3/arnaou/checkpoints/Tc_trial_1160_best_state.pt,"{'learning_rate': 0.0052792367059907985, 'lr_reduce': 0.6}",TPESampler,COMPLETE
1161,0.033271003514528275,2025-04-26 14:48:43.858808,2025-04-26 14:49:04.743358,0 days 00:00:20.884550,0.016481767339681753,256,176,240,208.0,48.0,4,1,2,0.00802525692006794,0.6,/work3/arnaou/checkpoints/Tc_trial_1161_best_state.pt,"{'learning_rate': 0.00802525692006794, 'lr_reduce': 0.6}",TPESampler,COMPLETE
1162,0.01840313896536827,2025-04-26 14:48:49.309329,2025-04-26 14:49:06.800049,0 days 00:00:17.490720,0.0774299977046993,224,192,160,240.0,80.0,4,1,1,0.004329721430204649,0.6,/work3/arnaou/checkpoints/Tc_trial_1162_best_state.pt,"{'learning_rate': 0.004329721430204649, 'lr_reduce': 0.6}",TPESampler,COMPLETE
1163,0.018375735729932785,2025-04-26 14:48:56.869551,2025-04-26 14:49:17.308675,0 days 00:00:20.439124,0.014431089233610746,224,144,256,192.0,48.0,4,1,1,0.005388760755762462,0.6,/work3/arnaou/checkpoints/Tc_trial_1163_best_state.pt,"{'learning_rate': 0.005388760755762462, 'lr_reduce': 0.6}",TPESampler,COMPLETE
1164,0.019121725112199783,2025-04-26 14:49:04.936650,2025-04-26 14:49:25.340974,0 days 00:00:20.404324,0.08677570257459474,240,224,240,224.0,96.0,4,1,2,0.005953207189956625,0.6,/work3/arnaou/checkpoints/Tc_trial_1164_best_state.pt,"{'learning_rate': 0.005953207189956625, 'lr_reduce': 0.6}",TPESampler,COMPLETE
1165,0.019982777535915375,2025-04-26 14:49:07.014952,2025-04-26 14:49:26.940041,0 days 00:00:19.925089,0.01513734633489399,224,192,240,192.0,64.0,4,1,2,0.009255759832301376,0.6,/work3/arnaou/checkpoints/Tc_trial_1165_best_state.pt,"{'learning_rate': 0.009255759832301376, 'lr_reduce': 0.6}",TPESampler,COMPLETE
1166,0.03521566465497017,2025-04-26 14:49:17.494444,2025-04-26 14:49:35.167956,0 days 00:00:17.673512,0.04485720837963242,224,208,208,192.0,80.0,4,2,2,0.007496386020888066,0.6,/work3/arnaou/checkpoints/Tc_trial_1166_best_state.pt,"{'learning_rate': 0.007496386020888066, 'lr_reduce': 0.6}",TPESampler,COMPLETE
1167,0.01899753324687481,2025-04-26 14:49:25.721782,2025-04-26 14:49:44.277995,0 days 00:00:18.556213,0.025095938952110458,160,208,224,224.0,48.0,4,1,1,0.002673191060259172,0.6,/work3/arnaou/checkpoints/Tc_trial_1167_best_state.pt,"{'learning_rate': 0.002673191060259172, 'lr_reduce': 0.6}",TPESampler,COMPLETE
1168,0.019045088440179825,2025-04-26 14:49:27.151681,2025-04-26 14:49:46.654580,0 days 00:00:19.502899,0.003023755489796779,224,208,224,192.0,96.0,4,1,1,0.0025588030921780787,0.6,/work3/arnaou/checkpoints/Tc_trial_1168_best_state.pt,"{'learning_rate': 0.0025588030921780787, 'lr_reduce': 0.6}",TPESampler,COMPLETE
1169,0.022424904629588127,2025-04-26 14:49:35.363238,2025-04-26 14:49:51.563478,0 days 00:00:16.200240,0.0012159525311299362,96,176,256,192.0,64.0,4,1,1,0.0021157636837613658,0.6,/work3/arnaou/checkpoints/Tc_trial_1169_best_state.pt,"{'learning_rate': 0.0021157636837613658, 'lr_reduce': 0.6}",TPESampler,COMPLETE
1170,0.017785755917429924,2025-04-26 14:49:44.508109,2025-04-26 14:50:04.588327,0 days 00:00:20.080218,0.01554534045931176,192,128,256,240.0,96.0,4,1,2,0.0035187254328552737,0.6,/work3/arnaou/checkpoints/Tc_trial_1170_best_state.pt,"{'learning_rate': 0.0035187254328552737, 'lr_reduce': 0.6}",TPESampler,COMPLETE
1171,0.020995106548070908,2025-04-26 14:49:46.878635,2025-04-26 14:50:10.429695,0 days 00:00:23.551060,0.05403641660809928,240,144,224,192.0,48.0,4,1,3,0.004827042661955586,0.6,/work3/arnaou/checkpoints/Tc_trial_1171_best_state.pt,"{'learning_rate': 0.004827042661955586, 'lr_reduce': 0.6}",TPESampler,COMPLETE
1172,0.04489268735051155,2025-04-26 14:49:51.781795,2025-04-26 14:50:09.720883,0 days 00:00:17.939088,0.26833222656184574,32,48,192,,,2,1,4,0.001835647925452298,0.6,/work3/arnaou/checkpoints/Tc_trial_1172_best_state.pt,"{'learning_rate': 0.001835647925452298, 'lr_reduce': 0.6}",TPESampler,COMPLETE
1173,0.015612568706274033,2025-04-26 14:50:04.793005,2025-04-26 14:50:22.117458,0 days 00:00:17.324453,0.0322059389689216,160,192,256,208.0,80.0,4,1,1,0.005533616037704541,0.6,/work3/arnaou/checkpoints/Tc_trial_1173_best_state.pt,"{'learning_rate': 0.005533616037704541, 'lr_reduce': 0.6}",TPESampler,COMPLETE
1174,0.01757308840751648,2025-04-26 14:50:09.933734,2025-04-26 14:50:33.406792,0 days 00:00:23.473058,0.060024985624219214,208,256,256,192.0,64.0,4,1,3,0.005842642744999081,0.6,/work3/arnaou/checkpoints/Tc_trial_1174_best_state.pt,"{'learning_rate': 0.005842642744999081, 'lr_reduce': 0.6}",TPESampler,COMPLETE
1175,0.04840772971510887,2025-04-26 14:50:10.623913,2025-04-26 14:50:33.410353,0 days 00:00:22.786440,0.009442383570133026,256,224,192,224.0,96.0,4,2,2,0.00853726503381717,0.6,/work3/arnaou/checkpoints/Tc_trial_1175_best_state.pt,"{'learning_rate': 0.00853726503381717, 'lr_reduce': 0.6}",TPESampler,COMPLETE
1176,0.018752237781882286,2025-04-26 14:50:22.341336,2025-04-26 14:50:44.776571,0 days 00:00:22.435235,0.03705671859245577,256,192,224,256.0,48.0,4,1,1,0.0031653661169446837,0.6,/work3/arnaou/checkpoints/Tc_trial_1176_best_state.pt,"{'learning_rate': 0.0031653661169446837, 'lr_reduce': 0.6}",TPESampler,COMPLETE
1177,0.020422952249646187,2025-04-26 14:50:33.584580,2025-04-26 14:50:55.699827,0 days 00:00:22.115247,0.09538601439226427,176,128,256,176.0,80.0,4,1,1,0.002048600723626912,0.6,/work3/arnaou/checkpoints/Tc_trial_1177_best_state.pt,"{'learning_rate': 0.002048600723626912, 'lr_reduce': 0.6}",TPESampler,COMPLETE
1178,0.03218900412321091,2025-04-26 14:50:33.737907,2025-04-26 14:50:55.191288,0 days 00:00:21.453381,0.13027428176707,144,112,240,176.0,48.0,4,1,3,0.0003770771687015755,0.6,/work3/arnaou/checkpoints/Tc_trial_1178_best_state.pt,"{'learning_rate': 0.0003770771687015755, 'lr_reduce': 0.6}",TPESampler,COMPLETE
1179,0.022880826145410538,2025-04-26 14:50:45.012840,2025-04-26 14:51:05.054295,0 days 00:00:20.041455,0.03101429892315316,224,176,240,208.0,96.0,4,1,1,0.00933089259360362,0.6,/work3/arnaou/checkpoints/Tc_trial_1179_best_state.pt,"{'learning_rate': 0.00933089259360362, 'lr_reduce': 0.6}",TPESampler,COMPLETE
1180,0.018150335177779198,2025-04-26 14:50:55.408834,2025-04-26 14:51:13.336005,0 days 00:00:17.927171,0.02876239544617771,256,224,240,176.0,64.0,4,1,3,0.006452315772238369,0.6,/work3/arnaou/checkpoints/Tc_trial_1180_best_state.pt,"{'learning_rate': 0.006452315772238369, 'lr_reduce': 0.6}",TPESampler,COMPLETE
1181,0.21969079971313477,2025-04-26 14:50:55.926427,2025-04-26 14:51:25.669198,0 days 00:00:29.742771,0.050887390988673675,48,176,224,192.0,,3,3,4,0.00010467166042297466,0.6,/work3/arnaou/checkpoints/Tc_trial_1181_best_state.pt,"{'learning_rate': 0.00010467166042297466, 'lr_reduce': 0.6}",TPESampler,COMPLETE
1182,0.018185047432780266,2025-04-26 14:51:05.252368,2025-04-26 14:51:24.634910,0 days 00:00:19.382542,0.010686001755608542,192,192,224,208.0,96.0,4,2,1,0.002025476172518538,0.6,/work3/arnaou/checkpoints/Tc_trial_1182_best_state.pt,"{'learning_rate': 0.002025476172518538, 'lr_reduce': 0.6}",TPESampler,COMPLETE
1183,0.022377384826540947,2025-04-26 14:51:13.611036,2025-04-26 14:51:31.326984,0 days 00:00:17.715948,0.035935521222094806,208,240,192,176.0,48.0,4,1,2,0.002232252919322748,0.6,/work3/arnaou/checkpoints/Tc_trial_1183_best_state.pt,"{'learning_rate': 0.002232252919322748, 'lr_reduce': 0.6}",TPESampler,COMPLETE
1184,0.018892543390393257,2025-04-26 14:51:24.850336,2025-04-26 14:51:45.233724,0 days 00:00:20.383388,0.0053312919219059805,160,192,240,192.0,80.0,4,1,2,0.004156008326184997,0.6,/work3/arnaou/checkpoints/Tc_trial_1184_best_state.pt,"{'learning_rate': 0.004156008326184997, 'lr_reduce': 0.6}",TPESampler,COMPLETE
1185,0.022348415106534958,2025-04-26 14:51:25.869368,2025-04-26 14:51:47.699745,0 days 00:00:21.830377,0.041657856423843696,256,176,224,224.0,112.0,4,1,3,0.003668266270157181,0.6,/work3/arnaou/checkpoints/Tc_trial_1185_best_state.pt,"{'learning_rate': 0.003668266270157181, 'lr_reduce': 0.6}",TPESampler,COMPLETE
1186,0.01921144127845764,2025-04-26 14:51:31.514123,2025-04-26 14:51:51.728616,0 days 00:00:20.214493,0.025035207815537867,240,192,192,176.0,64.0,4,1,2,0.007271321631028732,0.6,/work3/arnaou/checkpoints/Tc_trial_1186_best_state.pt,"{'learning_rate': 0.007271321631028732, 'lr_reduce': 0.6}",TPESampler,COMPLETE
1187,0.01699530892074108,2025-04-26 14:51:45.430002,2025-04-26 14:52:04.184013,0 days 00:00:18.754011,0.04269290373748988,160,176,256,176.0,,3,1,1,0.004219130237424436,0.6,/work3/arnaou/checkpoints/Tc_trial_1187_best_state.pt,"{'learning_rate': 0.004219130237424436, 'lr_reduce': 0.6}",TPESampler,COMPLETE
1188,0.029232239350676537,2025-04-26 14:51:47.892467,2025-04-26 14:52:10.566768,0 days 00:00:22.674301,0.0005697781738302383,176,240,240,240.0,80.0,4,2,2,0.008725689686894394,0.6,/work3/arnaou/checkpoints/Tc_trial_1188_best_state.pt,"{'learning_rate': 0.008725689686894394, 'lr_reduce': 0.6}",TPESampler,COMPLETE
1189,0.02126302942633629,2025-04-26 14:51:51.922444,2025-04-26 14:52:11.586066,0 days 00:00:19.663622,0.004847478129500355,160,192,256,208.0,,3,1,1,0.001451542530254141,0.6,/work3/arnaou/checkpoints/Tc_trial_1189_best_state.pt,"{'learning_rate': 0.001451542530254141, 'lr_reduce': 0.6}",TPESampler,COMPLETE
1190,0.055303655564785004,2025-04-26 14:52:04.367186,2025-04-26 14:52:23.020981,0 days 00:00:18.653795,0.2804619783752166,256,80,144,192.0,,3,3,2,0.0006738749975873847,0.6,/work3/arnaou/checkpoints/Tc_trial_1190_best_state.pt,"{'learning_rate': 0.0006738749975873847, 'lr_reduce': 0.6}",TPESampler,COMPLETE
1191,0.016524268314242363,2025-04-26 14:52:10.791024,2025-04-26 14:52:32.911201,0 days 00:00:22.120177,0.06842966821880285,256,176,240,176.0,48.0,4,1,2,0.005134744644703691,0.6,/work3/arnaou/checkpoints/Tc_trial_1191_best_state.pt,"{'learning_rate': 0.005134744644703691, 'lr_reduce': 0.6}",TPESampler,COMPLETE
1192,0.016769759356975555,2025-04-26 14:52:11.835281,2025-04-26 14:52:30.459505,0 days 00:00:18.624224,0.03573256461098512,160,192,256,224.0,112.0,4,1,1,0.002859521594538257,0.6,/work3/arnaou/checkpoints/Tc_trial_1192_best_state.pt,"{'learning_rate': 0.002859521594538257, 'lr_reduce': 0.6}",TPESampler,COMPLETE
1193,0.02401459589600563,2025-04-26 14:52:23.219863,2025-04-26 14:52:42.994925,0 days 00:00:19.775062,0.004367553689195948,192,208,192,176.0,80.0,4,1,2,0.0066795256455801835,0.6,/work3/arnaou/checkpoints/Tc_trial_1193_best_state.pt,"{'learning_rate': 0.0066795256455801835, 'lr_reduce': 0.6}",TPESampler,COMPLETE
