number,value,datetime_start,datetime_complete,duration,params_dropout,params_hidden_channels,params_mlp_dim_00,params_mlp_dim_01,params_mlp_dim_02,params_mlp_dim_03,params_mlp_n_layers,params_num_layers,params_num_timesteps,params_train_learning_rate,params_train_lr_reduce,user_attrs_best_state_dict_path,user_attrs_training_params,system_attrs_auto:sampler,state
1473,0.01613127812743187,2025-04-26 15:25:13.171585,2025-04-26 15:25:38.917449,0 days 00:00:25.745864,0.02438503677167911,208,160,32,128.0,48.0,4,3,1,0.0040578628814145305,0.6,/work3/arnaou/checkpoints/Tc_trial_1473_best_state.pt,"{'learning_rate': 0.0040578628814145305, 'lr_reduce': 0.6}",TPESampler,COMPLETE
1474,0.02115664631128311,2025-04-26 15:25:16.854896,2025-04-26 15:25:44.061165,0 days 00:00:27.206269,0.04980960019630942,224,64,128,,,2,4,2,0.008005885063355494,0.6,/work3/arnaou/checkpoints/Tc_trial_1474_best_state.pt,"{'learning_rate': 0.008005885063355494, 'lr_reduce': 0.6}",TPESampler,COMPLETE
1475,0.01900804415345192,2025-04-26 15:25:25.858065,2025-04-26 15:25:41.921739,0 days 00:00:16.063674,0.06105142518048169,256,144,256,192.0,,3,1,1,0.002297444429909779,0.6,/work3/arnaou/checkpoints/Tc_trial_1475_best_state.pt,"{'learning_rate': 0.002297444429909779, 'lr_reduce': 0.6}",TPESampler,COMPLETE
1476,0.03329125791788101,2025-04-26 15:25:39.145392,2025-04-26 15:26:07.074921,0 days 00:00:27.929529,0.0704267010324071,80,160,64,224.0,80.0,4,4,4,0.0006105116693860554,0.6,/work3/arnaou/checkpoints/Tc_trial_1476_best_state.pt,"{'learning_rate': 0.0006105116693860554, 'lr_reduce': 0.6}",TPESampler,COMPLETE
1477,0.018933404237031937,2025-04-26 15:25:42.112354,2025-04-26 15:26:03.653562,0 days 00:00:21.541208,0.007944593767476079,256,224,224,144.0,128.0,4,1,1,0.004032401512030518,0.6,/work3/arnaou/checkpoints/Tc_trial_1477_best_state.pt,"{'learning_rate': 0.004032401512030518, 'lr_reduce': 0.6}",TPESampler,COMPLETE
1478,0.021307019516825676,2025-04-26 15:25:44.353531,2025-04-26 15:26:08.756325,0 days 00:00:24.402794,0.12158067481607607,112,256,112,48.0,64.0,4,4,1,0.0013616303563339445,0.6,/work3/arnaou/checkpoints/Tc_trial_1478_best_state.pt,"{'learning_rate': 0.0013616303563339445, 'lr_reduce': 0.6}",TPESampler,COMPLETE
1479,0.01893172785639763,2025-04-26 15:26:03.872575,2025-04-26 15:26:20.584869,0 days 00:00:16.712294,0.008057258172349405,144,208,256,112.0,96.0,4,1,1,0.0045181777028684275,0.6,/work3/arnaou/checkpoints/Tc_trial_1479_best_state.pt,"{'learning_rate': 0.0045181777028684275, 'lr_reduce': 0.6}",TPESampler,COMPLETE
1480,0.016479462385177612,2025-04-26 15:26:07.301060,2025-04-26 15:26:28.538078,0 days 00:00:21.237018,0.046886064661406324,192,224,144,176.0,,3,2,1,0.0047854753069347805,0.6,/work3/arnaou/checkpoints/Tc_trial_1480_best_state.pt,"{'learning_rate': 0.0047854753069347805, 'lr_reduce': 0.6}",TPESampler,COMPLETE
1481,0.01909782551229,2025-04-26 15:26:09.043877,2025-04-26 15:26:26.356994,0 days 00:00:17.313117,0.0145138664762327,224,176,208,240.0,,3,2,2,0.0037706093686015302,0.6,/work3/arnaou/checkpoints/Tc_trial_1481_best_state.pt,"{'learning_rate': 0.0037706093686015302, 'lr_reduce': 0.6}",TPESampler,COMPLETE
1482,0.01942186802625656,2025-04-26 15:26:20.815059,2025-04-26 15:26:42.926994,0 days 00:00:22.111935,0.012265874798489392,176,240,256,160.0,32.0,4,2,1,0.005613708749528249,0.6,/work3/arnaou/checkpoints/Tc_trial_1482_best_state.pt,"{'learning_rate': 0.005613708749528249, 'lr_reduce': 0.6}",TPESampler,COMPLETE
1483,0.02049275115132332,2025-04-26 15:26:26.567451,2025-04-26 15:26:43.398462,0 days 00:00:16.831011,0.04511959980868746,96,176,160,208.0,80.0,4,1,1,0.006944235838273563,0.6,/work3/arnaou/checkpoints/Tc_trial_1483_best_state.pt,"{'learning_rate': 0.006944235838273563, 'lr_reduce': 0.6}",TPESampler,COMPLETE
1484,0.04508650675415993,2025-04-26 15:26:28.742925,2025-04-26 15:26:46.888484,0 days 00:00:18.145559,0.261549148708681,96,112,144,192.0,64.0,4,2,3,0.0007929415461316575,0.6,/work3/arnaou/checkpoints/Tc_trial_1484_best_state.pt,"{'learning_rate': 0.0007929415461316575, 'lr_reduce': 0.6}",TPESampler,COMPLETE
1485,0.020847128704190254,2025-04-26 15:26:43.173563,2025-04-26 15:26:59.392775,0 days 00:00:16.219212,0.0753984010869469,240,256,160,144.0,,3,1,1,0.009520993900859288,0.6,/work3/arnaou/checkpoints/Tc_trial_1485_best_state.pt,"{'learning_rate': 0.009520993900859288, 'lr_reduce': 0.6}",TPESampler,COMPLETE
1486,0.01893487013876438,2025-04-26 15:26:43.655812,2025-04-26 15:26:56.880517,0 days 00:00:13.224705,0.020590556150232017,256,176,256,176.0,,3,1,1,0.0033174802581864993,0.6,/work3/arnaou/checkpoints/Tc_trial_1486_best_state.pt,"{'learning_rate': 0.0033174802581864993, 'lr_reduce': 0.6}",TPESampler,COMPLETE
1487,0.042125847190618515,2025-04-26 15:26:47.126765,2025-04-26 15:27:02.004577,0 days 00:00:14.877812,0.22984560281608063,80,144,160,112.0,112.0,4,3,2,0.009582525447385496,0.6,/work3/arnaou/checkpoints/Tc_trial_1487_best_state.pt,"{'learning_rate': 0.009582525447385496, 'lr_reduce': 0.6}",TPESampler,COMPLETE
1488,0.022454915568232536,2025-04-26 15:26:57.113519,2025-04-26 15:27:21.129877,0 days 00:00:24.016358,0.004604255306397659,160,176,240,144.0,,3,2,2,0.009081778427010377,0.6,/work3/arnaou/checkpoints/Tc_trial_1488_best_state.pt,"{'learning_rate': 0.009081778427010377, 'lr_reduce': 0.6}",TPESampler,COMPLETE
1489,0.028917191550135612,2025-04-26 15:26:59.622877,2025-04-26 15:27:24.686753,0 days 00:00:25.063876,0.04755671647860632,256,176,240,208.0,48.0,4,2,2,0.0052127427390297075,0.6,/work3/arnaou/checkpoints/Tc_trial_1489_best_state.pt,"{'learning_rate': 0.0052127427390297075, 'lr_reduce': 0.6}",TPESampler,COMPLETE
1490,0.015375676564872265,2025-04-26 15:27:02.223834,2025-04-26 15:27:24.795427,0 days 00:00:22.571593,0.005937427047975188,192,192,256,176.0,80.0,4,2,1,0.0024453918165744585,0.6,/work3/arnaou/checkpoints/Tc_trial_1490_best_state.pt,"{'learning_rate': 0.0024453918165744585, 'lr_reduce': 0.6}",TPESampler,COMPLETE
1491,0.05745098367333412,2025-04-26 15:27:21.483670,2025-04-26 15:27:52.512973,0 days 00:00:31.029303,0.29163059598066154,160,240,128,256.0,96.0,4,4,4,0.0003181646937054532,0.6,/work3/arnaou/checkpoints/Tc_trial_1491_best_state.pt,"{'learning_rate': 0.0003181646937054532, 'lr_reduce': 0.6}",TPESampler,COMPLETE
1492,0.019631072878837585,2025-04-26 15:27:24.894268,2025-04-26 15:27:49.708242,0 days 00:00:24.813974,0.015619434219809098,160,160,256,80.0,64.0,4,1,1,0.0024200213486908874,0.6,/work3/arnaou/checkpoints/Tc_trial_1492_best_state.pt,"{'learning_rate': 0.0024200213486908874, 'lr_reduce': 0.6}",TPESampler,COMPLETE
1493,0.01717057265341282,2025-04-26 15:27:24.953800,2025-04-26 15:27:50.333393,0 days 00:00:25.379593,0.06622205564042527,256,208,176,,,2,3,1,0.0023646742451089485,0.6,/work3/arnaou/checkpoints/Tc_trial_1493_best_state.pt,"{'learning_rate': 0.0023646742451089485, 'lr_reduce': 0.6}",TPESampler,COMPLETE
1494,0.032272323966026306,2025-04-26 15:27:50.060680,2025-04-26 15:28:09.962883,0 days 00:00:19.902203,0.08416779129943543,160,144,208,160.0,32.0,4,2,1,0.005466583948420522,0.6,/work3/arnaou/checkpoints/Tc_trial_1494_best_state.pt,"{'learning_rate': 0.005466583948420522, 'lr_reduce': 0.6}",TPESampler,COMPLETE
1495,0.01902785152196884,2025-04-26 15:27:50.639918,2025-04-26 15:28:14.266183,0 days 00:00:23.626265,0.05990853822872564,256,256,160,192.0,,3,2,2,0.002992090255007834,0.6,/work3/arnaou/checkpoints/Tc_trial_1495_best_state.pt,"{'learning_rate': 0.002992090255007834, 'lr_reduce': 0.6}",TPESampler,COMPLETE
1496,0.01907327212393284,2025-04-26 15:27:52.887682,2025-04-26 15:28:11.483914,0 days 00:00:18.596232,0.0318243581592453,160,160,192,224.0,,3,1,3,0.00814992181500409,0.6,/work3/arnaou/checkpoints/Tc_trial_1496_best_state.pt,"{'learning_rate': 0.00814992181500409, 'lr_reduce': 0.6}",TPESampler,COMPLETE
1497,0.046433597803115845,2025-04-26 15:28:10.194579,2025-04-26 15:28:33.536753,0 days 00:00:23.342174,0.2392400693977657,32,160,80,,,2,1,2,0.000319882512338916,0.6,/work3/arnaou/checkpoints/Tc_trial_1497_best_state.pt,"{'learning_rate': 0.000319882512338916, 'lr_reduce': 0.6}",TPESampler,COMPLETE
1498,0.01604965515434742,2025-04-26 15:28:11.732262,2025-04-26 15:28:32.508105,0 days 00:00:20.775843,0.07056349750096395,192,160,256,144.0,,3,2,1,0.004408074031319913,0.6,/work3/arnaou/checkpoints/Tc_trial_1498_best_state.pt,"{'learning_rate': 0.004408074031319913, 'lr_reduce': 0.6}",TPESampler,COMPLETE
1499,0.019539427012205124,2025-04-26 15:28:14.508312,2025-04-26 15:28:35.151547,0 days 00:00:20.643235,0.04491412568396814,176,128,208,176.0,112.0,4,1,2,0.00886981072698452,0.6,/work3/arnaou/checkpoints/Tc_trial_1499_best_state.pt,"{'learning_rate': 0.00886981072698452, 'lr_reduce': 0.6}",TPESampler,COMPLETE
1500,0.020230095833539963,2025-04-26 15:28:32.731237,2025-04-26 15:28:53.637095,0 days 00:00:20.905858,0.17303988534606735,176,256,208,128.0,80.0,4,1,1,0.005335936102041103,0.6,/work3/arnaou/checkpoints/Tc_trial_1500_best_state.pt,"{'learning_rate': 0.005335936102041103, 'lr_reduce': 0.6}",TPESampler,COMPLETE
1501,0.016844429075717926,2025-04-26 15:28:33.758273,2025-04-26 15:28:55.348350,0 days 00:00:21.590077,0.024033709056077608,208,240,192,,,2,3,1,0.0021199296159662463,0.6,/work3/arnaou/checkpoints/Tc_trial_1501_best_state.pt,"{'learning_rate': 0.0021199296159662463, 'lr_reduce': 0.6}",TPESampler,COMPLETE
1502,0.016820857301354408,2025-04-26 15:28:35.406151,2025-04-26 15:29:01.055121,0 days 00:00:25.648970,0.017626783731788886,32,192,96,208.0,64.0,4,4,2,0.009770562412502126,0.6,/work3/arnaou/checkpoints/Tc_trial_1502_best_state.pt,"{'learning_rate': 0.009770562412502126, 'lr_reduce': 0.6}",TPESampler,COMPLETE
1503,0.03483066335320473,2025-04-26 15:28:53.837303,2025-04-26 15:29:19.204093,0 days 00:00:25.366790,0.15542875764616326,112,224,96,,,2,1,4,0.00022622377480350443,0.6,/work3/arnaou/checkpoints/Tc_trial_1503_best_state.pt,"{'learning_rate': 0.00022622377480350443, 'lr_reduce': 0.6}",TPESampler,COMPLETE
1504,0.11898700147867203,2025-04-26 15:28:55.554027,2025-04-26 15:29:22.008946,0 days 00:00:26.454919,0.17467968818419677,144,80,32,160.0,,3,3,2,0.00010857426376142846,0.6,/work3/arnaou/checkpoints/Tc_trial_1504_best_state.pt,"{'learning_rate': 0.00010857426376142846, 'lr_reduce': 0.6}",TPESampler,COMPLETE
1505,0.01660710759460926,2025-04-26 15:29:01.268477,2025-04-26 15:29:16.966707,0 days 00:00:15.698230,0.04910450402960721,128,224,192,192.0,48.0,4,1,1,0.004418484725450374,0.6,/work3/arnaou/checkpoints/Tc_trial_1505_best_state.pt,"{'learning_rate': 0.004418484725450374, 'lr_reduce': 0.6}",TPESampler,COMPLETE
1506,0.025768134742975235,2025-04-26 15:29:17.186827,2025-04-26 15:29:37.838841,0 days 00:00:20.652014,0.0012524917246303502,224,256,192,112.0,,3,3,1,0.004847890913873815,0.6,/work3/arnaou/checkpoints/Tc_trial_1506_best_state.pt,"{'learning_rate': 0.004847890913873815, 'lr_reduce': 0.6}",TPESampler,COMPLETE
1507,0.021463776007294655,2025-04-26 15:29:19.418857,2025-04-26 15:29:40.492312,0 days 00:00:21.073455,0.039054864379335266,160,176,208,160.0,,3,1,1,0.005910699165304031,0.6,/work3/arnaou/checkpoints/Tc_trial_1507_best_state.pt,"{'learning_rate': 0.005910699165304031, 'lr_reduce': 0.6}",TPESampler,COMPLETE
1508,0.029123008251190186,2025-04-26 15:29:22.264118,2025-04-26 15:29:43.891207,0 days 00:00:21.627089,0.062452726172964684,176,160,208,224.0,96.0,4,1,1,0.00938247185369714,0.6,/work3/arnaou/checkpoints/Tc_trial_1508_best_state.pt,"{'learning_rate': 0.00938247185369714, 'lr_reduce': 0.6}",TPESampler,COMPLETE
1509,0.023129908367991447,2025-04-26 15:29:38.061899,2025-04-26 15:29:59.910515,0 days 00:00:21.848616,0.06917758017982617,256,160,208,192.0,,3,2,1,0.006999521554996349,0.6,/work3/arnaou/checkpoints/Tc_trial_1509_best_state.pt,"{'learning_rate': 0.006999521554996349, 'lr_reduce': 0.6}",TPESampler,COMPLETE
1510,0.03274000808596611,2025-04-26 15:29:40.748810,2025-04-26 15:30:04.250648,0 days 00:00:23.501838,0.010749503859557695,224,128,256,144.0,144.0,4,2,3,0.009858079627399348,0.6,/work3/arnaou/checkpoints/Tc_trial_1510_best_state.pt,"{'learning_rate': 0.009858079627399348, 'lr_reduce': 0.6}",TPESampler,COMPLETE
1511,0.023348508402705193,2025-04-26 15:29:44.119098,2025-04-26 15:30:04.767641,0 days 00:00:20.648543,0.0538242604079584,128,208,256,176.0,,3,1,1,0.009938397230586765,0.6,/work3/arnaou/checkpoints/Tc_trial_1511_best_state.pt,"{'learning_rate': 0.009938397230586765, 'lr_reduce': 0.6}",TPESampler,COMPLETE
1512,0.020504126325249672,2025-04-26 15:30:00.116069,2025-04-26 15:30:13.427162,0 days 00:00:13.311093,0.02568335988005097,224,208,224,,,2,2,1,0.003233818640214446,0.6,/work3/arnaou/checkpoints/Tc_trial_1512_best_state.pt,"{'learning_rate': 0.003233818640214446, 'lr_reduce': 0.6}",TPESampler,COMPLETE
1513,0.12839625775814056,2025-04-26 15:30:04.460492,2025-04-26 15:30:34.715851,0 days 00:00:30.255359,0.2273644111962218,48,224,192,128.0,80.0,4,4,4,0.0003268158509929865,0.6,/work3/arnaou/checkpoints/Tc_trial_1513_best_state.pt,"{'learning_rate': 0.0003268158509929865, 'lr_reduce': 0.6}",TPESampler,COMPLETE
1514,0.023939531296491623,2025-04-26 15:30:05.011698,2025-04-26 15:30:24.172350,0 days 00:00:19.160652,0.00914034105297342,144,176,208,96.0,240.0,4,1,1,0.00947317891883807,0.6,/work3/arnaou/checkpoints/Tc_trial_1514_best_state.pt,"{'learning_rate': 0.00947317891883807, 'lr_reduce': 0.6}",TPESampler,COMPLETE
1515,0.020168842747807503,2025-04-26 15:30:13.688513,2025-04-26 15:30:32.825170,0 days 00:00:19.136657,0.057857815398266364,240,208,256,240.0,48.0,4,1,2,0.007526558667986124,0.6,/work3/arnaou/checkpoints/Tc_trial_1515_best_state.pt,"{'learning_rate': 0.007526558667986124, 'lr_reduce': 0.6}",TPESampler,COMPLETE
1516,0.018840249627828598,2025-04-26 15:30:24.404350,2025-04-26 15:30:43.333717,0 days 00:00:18.929367,0.0029154472126329267,176,208,208,208.0,80.0,4,1,1,0.001732069289989865,0.6,/work3/arnaou/checkpoints/Tc_trial_1516_best_state.pt,"{'learning_rate': 0.001732069289989865, 'lr_reduce': 0.6}",TPESampler,COMPLETE
1517,0.01986968144774437,2025-04-26 15:30:33.054985,2025-04-26 15:30:56.409855,0 days 00:00:23.354870,0.07631702388669952,224,256,192,160.0,,3,3,1,0.0044430809529056444,0.6,/work3/arnaou/checkpoints/Tc_trial_1517_best_state.pt,"{'learning_rate': 0.0044430809529056444, 'lr_reduce': 0.6}",TPESampler,COMPLETE
1518,0.019796349108219147,2025-04-26 15:30:35.177251,2025-04-26 15:30:55.303013,0 days 00:00:20.125762,0.005835145451040783,208,192,256,64.0,,3,1,1,0.002802671077506747,0.6,/work3/arnaou/checkpoints/Tc_trial_1518_best_state.pt,"{'learning_rate': 0.002802671077506747, 'lr_reduce': 0.6}",TPESampler,COMPLETE
1519,0.017738649621605873,2025-04-26 15:30:43.583954,2025-04-26 15:31:04.926809,0 days 00:00:21.342855,0.07892172046881427,208,144,256,192.0,112.0,4,2,1,0.0038409118361064525,0.6,/work3/arnaou/checkpoints/Tc_trial_1519_best_state.pt,"{'learning_rate': 0.0038409118361064525, 'lr_reduce': 0.6}",TPESampler,COMPLETE
1520,0.030915895476937294,2025-04-26 15:30:55.535397,2025-04-26 15:31:11.842993,0 days 00:00:16.307596,0.13702524740996633,64,48,176,176.0,,3,2,1,0.002937857438849219,0.6,/work3/arnaou/checkpoints/Tc_trial_1520_best_state.pt,"{'learning_rate': 0.002937857438849219, 'lr_reduce': 0.6}",TPESampler,COMPLETE
1521,0.02880251035094261,2025-04-26 15:30:56.644895,2025-04-26 15:31:24.092789,0 days 00:00:27.447894,0.07105900332223108,256,64,48,,,2,4,3,0.00035685520108081037,0.6,/work3/arnaou/checkpoints/Tc_trial_1521_best_state.pt,"{'learning_rate': 0.00035685520108081037, 'lr_reduce': 0.6}",TPESampler,COMPLETE
1522,0.014934290200471878,2025-04-26 15:31:05.179290,2025-04-26 15:31:26.831981,0 days 00:00:21.652691,0.09557658295054831,192,192,256,144.0,64.0,4,1,1,0.007183539496697241,0.6,/work3/arnaou/checkpoints/Tc_trial_1522_best_state.pt,"{'learning_rate': 0.007183539496697241, 'lr_reduce': 0.6}",TPESampler,COMPLETE
1523,0.03539424017071724,2025-04-26 15:31:12.065119,2025-04-26 15:31:37.504545,0 days 00:00:25.439426,0.17896960998230246,224,144,192,208.0,,3,4,2,0.003170376839200941,0.6,/work3/arnaou/checkpoints/Tc_trial_1523_best_state.pt,"{'learning_rate': 0.003170376839200941, 'lr_reduce': 0.6}",TPESampler,COMPLETE
1524,0.017095018178224564,2025-04-26 15:31:24.474750,2025-04-26 15:31:41.858046,0 days 00:00:17.383296,0.008388617582315136,224,160,208,160.0,32.0,4,1,2,0.0035148874701816804,0.6,/work3/arnaou/checkpoints/Tc_trial_1524_best_state.pt,"{'learning_rate': 0.0035148874701816804, 'lr_reduce': 0.6}",TPESampler,COMPLETE
1525,0.016517791897058487,2025-04-26 15:31:27.077019,2025-04-26 15:31:48.020588,0 days 00:00:20.943569,0.09885257133193086,192,128,224,128.0,64.0,4,1,1,0.007008402435280334,0.6,/work3/arnaou/checkpoints/Tc_trial_1525_best_state.pt,"{'learning_rate': 0.007008402435280334, 'lr_reduce': 0.6}",TPESampler,COMPLETE
1526,0.017038026824593544,2025-04-26 15:31:37.747017,2025-04-26 15:31:56.820562,0 days 00:00:19.073545,0.1101956208932568,208,208,256,176.0,64.0,4,1,1,0.005809317657302204,0.6,/work3/arnaou/checkpoints/Tc_trial_1526_best_state.pt,"{'learning_rate': 0.005809317657302204, 'lr_reduce': 0.6}",TPESampler,COMPLETE
1527,0.019688960164785385,2025-04-26 15:31:42.074699,2025-04-26 15:32:02.770940,0 days 00:00:20.696241,0.0011231843124244294,256,208,192,144.0,,3,1,1,0.005790712422196996,0.6,/work3/arnaou/checkpoints/Tc_trial_1527_best_state.pt,"{'learning_rate': 0.005790712422196996, 'lr_reduce': 0.6}",TPESampler,COMPLETE
1528,0.02271297574043274,2025-04-26 15:31:48.239399,2025-04-26 15:32:07.136324,0 days 00:00:18.896925,0.1444187699613135,224,176,256,240.0,64.0,4,2,1,0.006188437721717442,0.6,/work3/arnaou/checkpoints/Tc_trial_1528_best_state.pt,"{'learning_rate': 0.006188437721717442, 'lr_reduce': 0.6}",TPESampler,COMPLETE
1529,0.016658218577504158,2025-04-26 15:31:57.056900,2025-04-26 15:32:15.270519,0 days 00:00:18.213619,0.007402466227607096,240,240,192,192.0,48.0,4,2,1,0.002810433741255329,0.6,/work3/arnaou/checkpoints/Tc_trial_1529_best_state.pt,"{'learning_rate': 0.002810433741255329, 'lr_reduce': 0.6}",TPESampler,COMPLETE
1530,0.02020212635397911,2025-04-26 15:32:03.045780,2025-04-26 15:32:26.774572,0 days 00:00:23.728792,0.2017414696681334,96,256,48,,,2,3,3,0.006361578332394324,0.6,/work3/arnaou/checkpoints/Tc_trial_1530_best_state.pt,"{'learning_rate': 0.006361578332394324, 'lr_reduce': 0.6}",TPESampler,COMPLETE
1531,0.019282184541225433,2025-04-26 15:32:07.340316,2025-04-26 15:32:24.921821,0 days 00:00:17.581505,0.06750941195766258,240,176,224,96.0,80.0,4,1,1,0.004858037552825979,0.6,/work3/arnaou/checkpoints/Tc_trial_1531_best_state.pt,"{'learning_rate': 0.004858037552825979, 'lr_reduce': 0.6}",TPESampler,COMPLETE
1532,0.019826414063572884,2025-04-26 15:32:15.645041,2025-04-26 15:32:34.931992,0 days 00:00:19.286951,0.12847388315045444,176,192,240,160.0,64.0,4,1,1,0.0050640741109090935,0.6,/work3/arnaou/checkpoints/Tc_trial_1532_best_state.pt,"{'learning_rate': 0.0050640741109090935, 'lr_reduce': 0.6}",TPESampler,COMPLETE
1533,0.19913144409656525,2025-04-26 15:32:25.136543,2025-04-26 15:32:51.577689,0 days 00:00:26.441146,0.17409968296085826,80,48,224,208.0,48.0,4,1,3,0.0001188180737597939,0.6,/work3/arnaou/checkpoints/Tc_trial_1533_best_state.pt,"{'learning_rate': 0.0001188180737597939, 'lr_reduce': 0.6}",TPESampler,COMPLETE
1534,0.04469519108533859,2025-04-26 15:32:27.027245,2025-04-26 15:32:52.280927,0 days 00:00:25.253682,0.09605251366332737,224,256,80,128.0,,3,1,2,0.00010555881997629897,0.6,/work3/arnaou/checkpoints/Tc_trial_1534_best_state.pt,"{'learning_rate': 0.00010555881997629897, 'lr_reduce': 0.6}",TPESampler,COMPLETE
1535,0.019536659121513367,2025-04-26 15:32:35.139200,2025-04-26 15:32:58.552147,0 days 00:00:23.412947,0.09083802298039688,224,96,176,,,2,2,1,0.007326498282375478,0.6,/work3/arnaou/checkpoints/Tc_trial_1535_best_state.pt,"{'learning_rate': 0.007326498282375478, 'lr_reduce': 0.6}",TPESampler,COMPLETE
1536,0.016949452459812164,2025-04-26 15:32:51.817035,2025-04-26 15:33:11.249674,0 days 00:00:19.432639,0.056933402343343896,208,176,240,176.0,80.0,4,1,1,0.004325853544493327,0.6,/work3/arnaou/checkpoints/Tc_trial_1536_best_state.pt,"{'learning_rate': 0.004325853544493327, 'lr_reduce': 0.6}",TPESampler,COMPLETE
1537,0.020666275173425674,2025-04-26 15:32:52.509351,2025-04-26 15:33:14.962013,0 days 00:00:22.452662,0.05220830496470989,176,144,192,,,2,2,1,0.003933955581936134,0.6,/work3/arnaou/checkpoints/Tc_trial_1537_best_state.pt,"{'learning_rate': 0.003933955581936134, 'lr_reduce': 0.6}",TPESampler,COMPLETE
1538,0.016244934871792793,2025-04-26 15:32:58.854172,2025-04-26 15:33:19.003171,0 days 00:00:20.148999,0.030566045410183786,256,240,192,224.0,,3,1,2,0.002966061061219518,0.6,/work3/arnaou/checkpoints/Tc_trial_1538_best_state.pt,"{'learning_rate': 0.002966061061219518, 'lr_reduce': 0.6}",TPESampler,COMPLETE
1539,0.018312891945242882,2025-04-26 15:33:11.494332,2025-04-26 15:33:31.180473,0 days 00:00:19.686141,0.11242143378550071,112,208,256,144.0,80.0,4,1,1,0.007594257786075613,0.6,/work3/arnaou/checkpoints/Tc_trial_1539_best_state.pt,"{'learning_rate': 0.007594257786075613, 'lr_reduce': 0.6}",TPESampler,COMPLETE
1540,0.02943587861955166,2025-04-26 15:33:15.181966,2025-04-26 15:33:31.307552,0 days 00:00:16.125586,0.008048470470059577,256,176,256,192.0,48.0,4,2,2,0.009854370526165663,0.6,/work3/arnaou/checkpoints/Tc_trial_1540_best_state.pt,"{'learning_rate': 0.009854370526165663, 'lr_reduce': 0.6}",TPESampler,COMPLETE
1541,0.035165973007678986,2025-04-26 15:33:19.228688,2025-04-26 15:33:41.323820,0 days 00:00:22.095132,0.26494029325914586,256,160,192,256.0,96.0,4,2,3,0.0005561591396451907,0.6,/work3/arnaou/checkpoints/Tc_trial_1541_best_state.pt,"{'learning_rate': 0.0005561591396451907, 'lr_reduce': 0.6}",TPESampler,COMPLETE
1542,0.01884203962981701,2025-04-26 15:33:31.369184,2025-04-26 15:33:55.267555,0 days 00:00:23.898371,0.07216540748661107,192,160,192,160.0,,3,3,1,0.0018604574506781567,0.6,/work3/arnaou/checkpoints/Tc_trial_1542_best_state.pt,"{'learning_rate': 0.0018604574506781567, 'lr_reduce': 0.6}",TPESampler,COMPLETE
