number,value,datetime_start,datetime_complete,duration,params_dropout,params_hidden_channels,params_mlp_dim_00,params_mlp_dim_01,params_mlp_dim_02,params_mlp_dim_03,params_mlp_n_layers,params_num_layers,params_num_timesteps,params_train_learning_rate,params_train_lr_reduce,user_attrs_best_state_dict_path,user_attrs_training_params,system_attrs_auto:sampler,state
1963,0.029269712045788765,2025-04-26 16:24:03.302097,2025-04-26 16:24:30.243610,0 days 00:00:26.941513,0.26938622423555486,208,240,160,,,2,4,4,0.0005996039717013693,0.6,/work3/arnaou/checkpoints/Tc_trial_1963_best_state.pt,"{'learning_rate': 0.0005996039717013693, 'lr_reduce': 0.6}",TPESampler,COMPLETE
1964,0.022617490962147713,2025-04-26 16:24:21.002242,2025-04-26 16:24:43.462216,0 days 00:00:22.459974,0.04659301927873117,240,240,128,160.0,,3,2,1,0.00319188581579769,0.6,/work3/arnaou/checkpoints/Tc_trial_1964_best_state.pt,"{'learning_rate': 0.00319188581579769, 'lr_reduce': 0.6}",TPESampler,COMPLETE
1965,0.26140469312667847,2025-04-26 16:24:22.492046,2025-04-26 16:24:57.439184,0 days 00:00:34.947138,0.2906151794831363,32,32,64,192.0,,3,4,4,0.00011388290602364227,0.6,/work3/arnaou/checkpoints/Tc_trial_1965_best_state.pt,"{'learning_rate': 0.00011388290602364227, 'lr_reduce': 0.6}",TPESampler,COMPLETE
1966,0.01803344115614891,2025-04-26 16:24:30.483385,2025-04-26 16:24:52.531089,0 days 00:00:22.047704,0.08420747702928282,160,160,240,128.0,,3,1,2,0.007152423908830926,0.6,/work3/arnaou/checkpoints/Tc_trial_1966_best_state.pt,"{'learning_rate': 0.007152423908830926, 'lr_reduce': 0.6}",TPESampler,COMPLETE
1967,0.02217945083975792,2025-04-26 16:24:43.695572,2025-04-26 16:25:03.849665,0 days 00:00:20.154093,0.0169210428718352,176,176,256,224.0,80.0,4,1,1,0.009307168550968439,0.6,/work3/arnaou/checkpoints/Tc_trial_1967_best_state.pt,"{'learning_rate': 0.009307168550968439, 'lr_reduce': 0.6}",TPESampler,COMPLETE
1968,0.01903999038040638,2025-04-26 16:24:52.776730,2025-04-26 16:25:14.420479,0 days 00:00:21.643749,0.0010608917186223556,224,208,192,176.0,48.0,4,1,1,0.005613935353506929,0.6,/work3/arnaou/checkpoints/Tc_trial_1968_best_state.pt,"{'learning_rate': 0.005613935353506929, 'lr_reduce': 0.6}",TPESampler,COMPLETE
1969,0.017692627385258675,2025-04-26 16:24:57.702373,2025-04-26 16:25:20.264019,0 days 00:00:22.561646,0.00237976920220365,256,160,224,144.0,,3,2,1,0.003655066741300594,0.6,/work3/arnaou/checkpoints/Tc_trial_1969_best_state.pt,"{'learning_rate': 0.003655066741300594, 'lr_reduce': 0.6}",TPESampler,COMPLETE
1970,0.01995193026959896,2025-04-26 16:25:04.092041,2025-04-26 16:25:21.781376,0 days 00:00:17.689335,0.052296314340833094,256,224,192,192.0,,3,2,2,0.0018081058870539604,0.6,/work3/arnaou/checkpoints/Tc_trial_1970_best_state.pt,"{'learning_rate': 0.0018081058870539604, 'lr_reduce': 0.6}",TPESampler,COMPLETE
1971,0.019054852426052094,2025-04-26 16:25:14.644188,2025-04-26 16:25:31.743578,0 days 00:00:17.099390,0.13207451128759592,208,256,160,,,2,2,1,0.0029049996332012975,0.6,/work3/arnaou/checkpoints/Tc_trial_1971_best_state.pt,"{'learning_rate': 0.0029049996332012975, 'lr_reduce': 0.6}",TPESampler,COMPLETE
1972,0.01711825467646122,2025-04-26 16:25:20.572413,2025-04-26 16:25:41.126520,0 days 00:00:20.554107,0.09887167250413037,80,80,128,,,2,3,3,0.004648253518524108,0.6,/work3/arnaou/checkpoints/Tc_trial_1972_best_state.pt,"{'learning_rate': 0.004648253518524108, 'lr_reduce': 0.6}",TPESampler,COMPLETE
1973,0.01933668740093708,2025-04-26 16:25:21.988956,2025-04-26 16:25:41.412864,0 days 00:00:19.423908,0.035104279715470074,192,112,160,,,2,2,1,0.0019680081605045092,0.6,/work3/arnaou/checkpoints/Tc_trial_1973_best_state.pt,"{'learning_rate': 0.0019680081605045092, 'lr_reduce': 0.6}",TPESampler,COMPLETE
1974,0.019360652193427086,2025-04-26 16:25:31.964704,2025-04-26 16:25:51.544748,0 days 00:00:19.580044,0.059743735526999395,160,240,256,256.0,64.0,4,1,1,0.0025856122946555115,0.6,/work3/arnaou/checkpoints/Tc_trial_1974_best_state.pt,"{'learning_rate': 0.0025856122946555115, 'lr_reduce': 0.6}",TPESampler,COMPLETE
1975,0.03755766525864601,2025-04-26 16:25:41.357815,2025-04-26 16:26:05.019433,0 days 00:00:23.661618,0.2153122162186538,160,128,256,80.0,,3,2,2,0.0006233048417389991,0.6,/work3/arnaou/checkpoints/Tc_trial_1975_best_state.pt,"{'learning_rate': 0.0006233048417389991, 'lr_reduce': 0.6}",TPESampler,COMPLETE
1976,0.015156538225710392,2025-04-26 16:25:41.628422,2025-04-26 16:26:03.682221,0 days 00:00:22.053799,0.00030682154199499444,224,208,224,160.0,112.0,4,2,1,0.0022696094445038935,0.6,/work3/arnaou/checkpoints/Tc_trial_1976_best_state.pt,"{'learning_rate': 0.0022696094445038935, 'lr_reduce': 0.6}",TPESampler,COMPLETE
1977,0.020253542810678482,2025-04-26 16:25:51.795178,2025-04-26 16:26:11.304050,0 days 00:00:19.508872,0.019087830496511096,144,176,176,208.0,80.0,4,1,2,0.00981841300943828,0.6,/work3/arnaou/checkpoints/Tc_trial_1977_best_state.pt,"{'learning_rate': 0.00981841300943828, 'lr_reduce': 0.6}",TPESampler,COMPLETE
1978,0.026811184361577034,2025-04-26 16:26:04.184869,2025-04-26 16:26:25.111413,0 days 00:00:20.926544,0.09152003038894037,256,160,256,176.0,32.0,4,2,3,0.009616429386700124,0.6,/work3/arnaou/checkpoints/Tc_trial_1978_best_state.pt,"{'learning_rate': 0.009616429386700124, 'lr_reduce': 0.6}",TPESampler,COMPLETE
1979,0.016839895397424698,2025-04-26 16:26:05.241709,2025-04-26 16:26:28.503883,0 days 00:00:23.262174,0.03728537658648301,224,256,192,112.0,,3,2,1,0.0026859407177382212,0.6,/work3/arnaou/checkpoints/Tc_trial_1979_best_state.pt,"{'learning_rate': 0.0026859407177382212, 'lr_reduce': 0.6}",TPESampler,COMPLETE
1980,0.019910374656319618,2025-04-26 16:26:11.550601,2025-04-26 16:26:33.432697,0 days 00:00:21.882096,0.03558822169605079,256,128,256,144.0,64.0,4,1,2,0.0032106714820631,0.6,/work3/arnaou/checkpoints/Tc_trial_1980_best_state.pt,"{'learning_rate': 0.0032106714820631, 'lr_reduce': 0.6}",TPESampler,COMPLETE
1981,0.026861513033509254,2025-04-26 16:26:25.329009,2025-04-26 16:26:50.057937,0 days 00:00:24.728928,0.013445582476304542,160,208,208,224.0,96.0,4,4,1,0.0093793116752268,0.6,/work3/arnaou/checkpoints/Tc_trial_1981_best_state.pt,"{'learning_rate': 0.0093793116752268, 'lr_reduce': 0.6}",TPESampler,COMPLETE
1982,0.023574812337756157,2025-04-26 16:26:28.742005,2025-04-26 16:26:43.314549,0 days 00:00:14.572544,0.14605012447365234,192,48,224,,,2,1,1,0.0031962079759230433,0.6,/work3/arnaou/checkpoints/Tc_trial_1982_best_state.pt,"{'learning_rate': 0.0031962079759230433, 'lr_reduce': 0.6}",TPESampler,COMPLETE
1983,0.15668810904026031,2025-04-26 16:26:33.655897,2025-04-26 16:26:57.518833,0 days 00:00:23.862936,0.22470675153105096,128,224,160,,,2,2,2,0.0001300030995387324,0.6,/work3/arnaou/checkpoints/Tc_trial_1983_best_state.pt,"{'learning_rate': 0.0001300030995387324, 'lr_reduce': 0.6}",TPESampler,COMPLETE
1984,0.02570665255188942,2025-04-26 16:26:43.536015,2025-04-26 16:27:07.747836,0 days 00:00:24.211821,0.031740296513415034,192,128,224,,,2,3,1,0.0008059597013078626,0.6,/work3/arnaou/checkpoints/Tc_trial_1984_best_state.pt,"{'learning_rate': 0.0008059597013078626, 'lr_reduce': 0.6}",TPESampler,COMPLETE
1985,0.01970980316400528,2025-04-26 16:26:50.335773,2025-04-26 16:27:13.771191,0 days 00:00:23.435418,0.02227438717142515,176,208,256,176.0,64.0,4,1,2,0.00211915638336804,0.6,/work3/arnaou/checkpoints/Tc_trial_1985_best_state.pt,"{'learning_rate': 0.00211915638336804, 'lr_reduce': 0.6}",TPESampler,COMPLETE
1986,0.025656921789050102,2025-04-26 16:26:57.738027,2025-04-26 16:27:21.757506,0 days 00:00:24.019479,0.051657191002698666,224,224,224,144.0,,3,3,1,0.005567190414148433,0.6,/work3/arnaou/checkpoints/Tc_trial_1986_best_state.pt,"{'learning_rate': 0.005567190414148433, 'lr_reduce': 0.6}",TPESampler,COMPLETE
1987,0.019686458632349968,2025-04-26 16:27:08.004621,2025-04-26 16:27:25.915131,0 days 00:00:17.910510,0.16188338223300025,160,240,176,192.0,,3,2,1,0.002496420183975795,0.6,/work3/arnaou/checkpoints/Tc_trial_1987_best_state.pt,"{'learning_rate': 0.002496420183975795, 'lr_reduce': 0.6}",TPESampler,COMPLETE
1988,0.034986261278390884,2025-04-26 16:27:13.979528,2025-04-26 16:27:43.635321,0 days 00:00:29.655793,0.11519454342263791,192,192,160,160.0,,3,3,4,0.00021134074592304828,0.6,/work3/arnaou/checkpoints/Tc_trial_1988_best_state.pt,"{'learning_rate': 0.00021134074592304828, 'lr_reduce': 0.6}",TPESampler,COMPLETE
1989,0.019782092422246933,2025-04-26 16:27:21.996485,2025-04-26 16:27:38.968549,0 days 00:00:16.972064,0.11025131330598584,176,144,160,208.0,,3,1,2,0.007874195650066229,0.6,/work3/arnaou/checkpoints/Tc_trial_1989_best_state.pt,"{'learning_rate': 0.007874195650066229, 'lr_reduce': 0.6}",TPESampler,COMPLETE
1990,0.024228893220424652,2025-04-26 16:27:26.160382,2025-04-26 16:27:47.292523,0 days 00:00:21.132141,0.06533247451986707,256,192,256,128.0,,3,2,2,0.006138150307685319,0.6,/work3/arnaou/checkpoints/Tc_trial_1990_best_state.pt,"{'learning_rate': 0.006138150307685319, 'lr_reduce': 0.6}",TPESampler,COMPLETE
1991,0.023967374116182327,2025-04-26 16:27:39.206764,2025-04-26 16:28:02.088329,0 days 00:00:22.881565,0.06782356258730621,256,176,224,176.0,96.0,4,1,2,0.009341028383711066,0.6,/work3/arnaou/checkpoints/Tc_trial_1991_best_state.pt,"{'learning_rate': 0.009341028383711066, 'lr_reduce': 0.6}",TPESampler,COMPLETE
1992,0.01693234220147133,2025-04-26 16:27:43.880959,2025-04-26 16:28:03.523860,0 days 00:00:19.642901,0.00017714991464848687,144,208,256,240.0,48.0,4,1,1,0.003760546278213154,0.6,/work3/arnaou/checkpoints/Tc_trial_1992_best_state.pt,"{'learning_rate': 0.003760546278213154, 'lr_reduce': 0.6}",TPESampler,COMPLETE
1993,0.020748868584632874,2025-04-26 16:27:47.517512,2025-04-26 16:28:08.823376,0 days 00:00:21.305864,0.05989545855114432,176,128,208,160.0,,3,1,1,0.005135702267606879,0.6,/work3/arnaou/checkpoints/Tc_trial_1993_best_state.pt,"{'learning_rate': 0.005135702267606879, 'lr_reduce': 0.6}",TPESampler,COMPLETE
1994,0.01986013539135456,2025-04-26 16:28:02.344174,2025-04-26 16:28:23.574977,0 days 00:00:21.230803,0.07880012998883383,192,192,240,192.0,,3,1,1,0.0051783433131766836,0.6,/work3/arnaou/checkpoints/Tc_trial_1994_best_state.pt,"{'learning_rate': 0.0051783433131766836, 'lr_reduce': 0.6}",TPESampler,COMPLETE
1995,0.018467111513018608,2025-04-26 16:28:03.810664,2025-04-26 16:28:29.044132,0 days 00:00:25.233468,0.003935770880038863,144,208,256,112.0,128.0,4,2,1,0.0008832623564720121,0.6,/work3/arnaou/checkpoints/Tc_trial_1995_best_state.pt,"{'learning_rate': 0.0008832623564720121, 'lr_reduce': 0.6}",TPESampler,COMPLETE
1996,0.023920996114611626,2025-04-26 16:28:09.056088,2025-04-26 16:28:38.163361,0 days 00:00:29.107273,0.017429529744149352,192,64,240,208.0,,3,2,4,0.008547096737683543,0.6,/work3/arnaou/checkpoints/Tc_trial_1996_best_state.pt,"{'learning_rate': 0.008547096737683543, 'lr_reduce': 0.6}",TPESampler,COMPLETE
1997,0.024110425263643265,2025-04-26 16:28:23.791585,2025-04-26 16:28:48.062601,0 days 00:00:24.271016,0.11383897994573136,192,208,160,144.0,,3,3,1,0.004601160437873446,0.6,/work3/arnaou/checkpoints/Tc_trial_1997_best_state.pt,"{'learning_rate': 0.004601160437873446, 'lr_reduce': 0.6}",TPESampler,COMPLETE
1998,0.026184609159827232,2025-04-26 16:28:29.265273,2025-04-26 16:28:54.126474,0 days 00:00:24.861201,0.06656626461887044,160,144,192,,,2,3,1,0.00663102723420309,0.6,/work3/arnaou/checkpoints/Tc_trial_1998_best_state.pt,"{'learning_rate': 0.00663102723420309, 'lr_reduce': 0.6}",TPESampler,COMPLETE
1999,0.016984177753329277,2025-04-26 16:28:38.837424,2025-04-26 16:28:58.491514,0 days 00:00:19.654090,0.07629584267630792,256,192,256,176.0,,3,1,1,0.00386472565356791,0.6,/work3/arnaou/checkpoints/Tc_trial_1999_best_state.pt,"{'learning_rate': 0.00386472565356791, 'lr_reduce': 0.6}",TPESampler,COMPLETE
2000,0.016179144382476807,2025-04-26 16:28:48.465606,2025-04-26 16:29:11.087009,0 days 00:00:22.621403,0.04624359402469849,208,112,256,80.0,,3,1,2,0.006589622081922476,0.6,/work3/arnaou/checkpoints/Tc_trial_2000_best_state.pt,"{'learning_rate': 0.006589622081922476, 'lr_reduce': 0.6}",TPESampler,COMPLETE
2001,0.020379027351737022,2025-04-26 16:28:54.375134,2025-04-26 16:29:17.755681,0 days 00:00:23.380547,0.09784808709364531,256,240,192,160.0,,3,2,1,0.003840819046157194,0.6,/work3/arnaou/checkpoints/Tc_trial_2001_best_state.pt,"{'learning_rate': 0.003840819046157194, 'lr_reduce': 0.6}",TPESampler,COMPLETE
2002,0.015142916701734066,2025-04-26 16:28:58.742757,2025-04-26 16:29:22.654449,0 days 00:00:23.911692,0.01802103196802293,208,144,256,224.0,80.0,4,2,1,0.0030135001273889988,0.6,/work3/arnaou/checkpoints/Tc_trial_2002_best_state.pt,"{'learning_rate': 0.0030135001273889988, 'lr_reduce': 0.6}",TPESampler,COMPLETE
2003,0.19913052022457123,2025-04-26 16:29:11.363837,2025-04-26 16:29:35.890253,0 days 00:00:24.526416,0.2866937172200991,48,64,112,192.0,48.0,4,2,1,0.00016247434440808377,0.6,/work3/arnaou/checkpoints/Tc_trial_2003_best_state.pt,"{'learning_rate': 0.00016247434440808377, 'lr_reduce': 0.6}",TPESampler,COMPLETE
2004,0.03380206599831581,2025-04-26 16:29:18.001403,2025-04-26 16:29:32.539941,0 days 00:00:14.538538,0.28346719056809555,48,48,48,,,2,1,4,0.0030687374249504205,0.6,/work3/arnaou/checkpoints/Tc_trial_2004_best_state.pt,"{'learning_rate': 0.0030687374249504205, 'lr_reduce': 0.6}",TPESampler,COMPLETE
2005,0.017325885593891144,2025-04-26 16:29:22.878990,2025-04-26 16:29:42.844163,0 days 00:00:19.965173,0.06811011229370748,256,224,176,128.0,,3,1,1,0.008179872391331174,0.6,/work3/arnaou/checkpoints/Tc_trial_2005_best_state.pt,"{'learning_rate': 0.008179872391331174, 'lr_reduce': 0.6}",TPESampler,COMPLETE
2006,0.027419425547122955,2025-04-26 16:29:32.782413,2025-04-26 16:29:57.812709,0 days 00:00:25.030296,0.2098736719178899,240,128,64,,,2,4,4,0.0009368085904461122,0.6,/work3/arnaou/checkpoints/Tc_trial_2006_best_state.pt,"{'learning_rate': 0.0009368085904461122, 'lr_reduce': 0.6}",TPESampler,COMPLETE
2007,0.04919463396072388,2025-04-26 16:29:36.130908,2025-04-26 16:30:02.422583,0 days 00:00:26.291675,0.1427102876308716,160,80,160,160.0,,3,2,3,0.00016422384717112577,0.6,/work3/arnaou/checkpoints/Tc_trial_2007_best_state.pt,"{'learning_rate': 0.00016422384717112577, 'lr_reduce': 0.6}",TPESampler,COMPLETE
2008,0.01837848871946335,2025-04-26 16:29:43.088537,2025-04-26 16:29:58.236522,0 days 00:00:15.147985,0.004958129202142128,192,256,256,192.0,80.0,4,1,1,0.0023788517349626415,0.6,/work3/arnaou/checkpoints/Tc_trial_2008_best_state.pt,"{'learning_rate': 0.0023788517349626415, 'lr_reduce': 0.6}",TPESampler,COMPLETE
2009,0.016006115823984146,2025-04-26 16:29:58.025594,2025-04-26 16:30:19.354509,0 days 00:00:21.328915,0.13055833393003297,176,224,160,96.0,,3,2,1,0.0049527732603527,0.6,/work3/arnaou/checkpoints/Tc_trial_2009_best_state.pt,"{'learning_rate': 0.0049527732603527, 'lr_reduce': 0.6}",TPESampler,COMPLETE
2010,0.019230563193559647,2025-04-26 16:29:58.544064,2025-04-26 16:30:20.565622,0 days 00:00:22.021558,0.00027351207535586397,256,144,208,208.0,,3,1,1,0.005821112142195191,0.6,/work3/arnaou/checkpoints/Tc_trial_2010_best_state.pt,"{'learning_rate': 0.005821112142195191, 'lr_reduce': 0.6}",TPESampler,COMPLETE
2011,0.02868112362921238,2025-04-26 16:30:02.659740,2025-04-26 16:30:24.010056,0 days 00:00:21.350316,0.0527905797532881,176,256,192,144.0,,3,3,1,0.008756266148458963,0.6,/work3/arnaou/checkpoints/Tc_trial_2011_best_state.pt,"{'learning_rate': 0.008756266148458963, 'lr_reduce': 0.6}",TPESampler,COMPLETE
2012,0.023255128413438797,2025-04-26 16:30:19.569818,2025-04-26 16:30:41.535184,0 days 00:00:21.965366,0.06433732379924956,176,208,256,176.0,,3,1,2,0.009124498776165061,0.6,/work3/arnaou/checkpoints/Tc_trial_2012_best_state.pt,"{'learning_rate': 0.009124498776165061, 'lr_reduce': 0.6}",TPESampler,COMPLETE
2013,0.017288750037550926,2025-04-26 16:30:21.070428,2025-04-26 16:30:42.178851,0 days 00:00:21.108423,0.06053480538477396,208,192,224,,,2,3,1,0.0036006024571659623,0.6,/work3/arnaou/checkpoints/Tc_trial_2013_best_state.pt,"{'learning_rate': 0.0036006024571659623, 'lr_reduce': 0.6}",TPESampler,COMPLETE
2014,0.01889149844646454,2025-04-26 16:30:24.242978,2025-04-26 16:30:52.073845,0 days 00:00:27.830867,0.029720200143118367,256,112,240,,,2,3,4,0.0022127599370999054,0.6,/work3/arnaou/checkpoints/Tc_trial_2014_best_state.pt,"{'learning_rate': 0.0022127599370999054, 'lr_reduce': 0.6}",TPESampler,COMPLETE
2015,0.0181185994297266,2025-04-26 16:30:41.744079,2025-04-26 16:31:17.621935,0 days 00:00:35.877856,0.02394387270524271,256,224,160,240.0,,3,2,1,0.0037724933241559586,0.6,/work3/arnaou/checkpoints/Tc_trial_2015_best_state.pt,"{'learning_rate': 0.0037724933241559586, 'lr_reduce': 0.6}",TPESampler,COMPLETE
2016,0.020166898146271706,2025-04-26 16:30:42.401545,2025-04-26 16:31:09.393531,0 days 00:00:26.991986,0.007556792544645556,192,208,256,176.0,64.0,4,1,1,0.003514130322525531,0.6,/work3/arnaou/checkpoints/Tc_trial_2016_best_state.pt,"{'learning_rate': 0.003514130322525531, 'lr_reduce': 0.6}",TPESampler,COMPLETE
2017,0.016039663925766945,2025-04-26 16:30:52.335904,2025-04-26 16:31:25.051062,0 days 00:00:32.715158,0.00262362142266534,256,224,240,64.0,96.0,4,1,2,0.004338408000104011,0.6,/work3/arnaou/checkpoints/Tc_trial_2017_best_state.pt,"{'learning_rate': 0.004338408000104011, 'lr_reduce': 0.6}",TPESampler,COMPLETE
2018,0.02687469683587551,2025-04-26 16:31:09.877849,2025-04-26 16:31:38.223769,0 days 00:00:28.345920,0.017906615636829788,224,176,256,128.0,,3,2,2,0.006319018940434024,0.6,/work3/arnaou/checkpoints/Tc_trial_2018_best_state.pt,"{'learning_rate': 0.006319018940434024, 'lr_reduce': 0.6}",TPESampler,COMPLETE
2019,0.01685476303100586,2025-04-26 16:31:18.269137,2025-04-26 16:31:41.307004,0 days 00:00:23.037867,0.05361592850481925,256,208,192,208.0,,3,1,1,0.0029950973819567006,0.6,/work3/arnaou/checkpoints/Tc_trial_2019_best_state.pt,"{'learning_rate': 0.0029950973819567006, 'lr_reduce': 0.6}",TPESampler,COMPLETE
2020,0.015964120626449585,2025-04-26 16:31:25.291835,2025-04-26 16:31:46.634624,0 days 00:00:21.342789,0.05477999147105184,192,176,144,,,2,2,1,0.007937940221986043,0.6,/work3/arnaou/checkpoints/Tc_trial_2020_best_state.pt,"{'learning_rate': 0.007937940221986043, 'lr_reduce': 0.6}",TPESampler,COMPLETE
2021,0.025218650698661804,2025-04-26 16:31:38.444193,2025-04-26 16:32:00.206327,0 days 00:00:21.762134,0.09003194091277712,112,176,256,160.0,32.0,4,2,1,0.0013363630935098842,0.6,/work3/arnaou/checkpoints/Tc_trial_2021_best_state.pt,"{'learning_rate': 0.0013363630935098842, 'lr_reduce': 0.6}",TPESampler,COMPLETE
2022,0.017817778512835503,2025-04-26 16:31:41.532230,2025-04-26 16:31:59.120685,0 days 00:00:17.588455,0.013885121697226194,256,192,240,192.0,80.0,4,1,1,0.005055218938922709,0.6,/work3/arnaou/checkpoints/Tc_trial_2022_best_state.pt,"{'learning_rate': 0.005055218938922709, 'lr_reduce': 0.6}",TPESampler,COMPLETE
2023,0.019020898267626762,2025-04-26 16:31:46.891070,2025-04-26 16:31:59.498405,0 days 00:00:12.607335,0.03920733151443692,208,128,192,256.0,112.0,4,1,1,0.0033647306164030816,0.6,/work3/arnaou/checkpoints/Tc_trial_2023_best_state.pt,"{'learning_rate': 0.0033647306164030816, 'lr_reduce': 0.6}",TPESampler,COMPLETE
2024,0.02274654060602188,2025-04-26 16:31:59.327864,2025-04-26 16:32:22.045995,0 days 00:00:22.718131,0.03377584090415439,80,208,144,,,2,1,3,0.0014289389805291382,0.6,/work3/arnaou/checkpoints/Tc_trial_2024_best_state.pt,"{'learning_rate': 0.0014289389805291382, 'lr_reduce': 0.6}",TPESampler,COMPLETE
2025,0.02950160764157772,2025-04-26 16:31:59.730378,2025-04-26 16:32:23.486480,0 days 00:00:23.756102,0.15413326498846583,240,144,208,,,2,2,3,0.008516748744317307,0.6,/work3/arnaou/checkpoints/Tc_trial_2025_best_state.pt,"{'learning_rate': 0.008516748744317307, 'lr_reduce': 0.6}",TPESampler,COMPLETE
2026,0.021387500688433647,2025-04-26 16:32:00.559433,2025-04-26 16:32:22.014015,0 days 00:00:21.454582,0.09113916310333012,224,112,144,,,2,1,1,0.0017432170458679486,0.6,/work3/arnaou/checkpoints/Tc_trial_2026_best_state.pt,"{'learning_rate': 0.0017432170458679486, 'lr_reduce': 0.6}",TPESampler,COMPLETE
2027,0.020852958783507347,2025-04-26 16:32:22.142175,2025-04-26 16:32:38.514075,0 days 00:00:16.371900,0.11123277817019336,224,144,256,,,2,1,1,0.0017370800861359055,0.6,/work3/arnaou/checkpoints/Tc_trial_2027_best_state.pt,"{'learning_rate': 0.0017370800861359055, 'lr_reduce': 0.6}",TPESampler,COMPLETE
2028,0.026836412027478218,2025-04-26 16:32:22.224308,2025-04-26 16:32:38.477259,0 days 00:00:16.252951,0.07226028594469233,144,48,208,,,2,2,1,0.008531227423661195,0.6,/work3/arnaou/checkpoints/Tc_trial_2028_best_state.pt,"{'learning_rate': 0.008531227423661195, 'lr_reduce': 0.6}",TPESampler,COMPLETE
2029,0.024091850966215134,2025-04-26 16:32:23.736743,2025-04-26 16:32:48.238876,0 days 00:00:24.502133,0.04495314112484712,128,144,224,144.0,,3,4,2,0.00995276606653099,0.6,/work3/arnaou/checkpoints/Tc_trial_2029_best_state.pt,"{'learning_rate': 0.00995276606653099, 'lr_reduce': 0.6}",TPESampler,COMPLETE
2030,0.015915723517537117,2025-04-26 16:32:38.645542,2025-04-26 16:32:58.306448,0 days 00:00:19.660906,0.007982417182800149,192,160,256,112.0,64.0,4,1,2,0.004058848359380891,0.6,/work3/arnaou/checkpoints/Tc_trial_2030_best_state.pt,"{'learning_rate': 0.004058848359380891, 'lr_reduce': 0.6}",TPESampler,COMPLETE
2031,0.022556981071829796,2025-04-26 16:32:38.688387,2025-04-26 16:33:03.384724,0 days 00:00:24.696337,0.025536268785734034,192,80,32,112.0,,3,1,4,0.0016998640242186515,0.6,/work3/arnaou/checkpoints/Tc_trial_2031_best_state.pt,"{'learning_rate': 0.0016998640242186515, 'lr_reduce': 0.6}",TPESampler,COMPLETE
2032,0.019196834415197372,2025-04-26 16:32:48.481765,2025-04-26 16:33:08.296373,0 days 00:00:19.814608,0.05861803915360421,96,208,224,224.0,,3,1,1,0.00312224393076009,0.6,/work3/arnaou/checkpoints/Tc_trial_2032_best_state.pt,"{'learning_rate': 0.00312224393076009, 'lr_reduce': 0.6}",TPESampler,COMPLETE
