number,value,datetime_start,datetime_complete,duration,params_dropout,params_hidden_channels,params_mlp_dim_00,params_mlp_dim_01,params_mlp_dim_02,params_mlp_dim_03,params_mlp_n_layers,params_num_layers,params_num_timesteps,params_train_learning_rate,params_train_lr_reduce,user_attrs_best_state_dict_path,user_attrs_training_params,system_attrs_auto:sampler,state
1893,0.022596323862671852,2025-04-26 16:15:43.638632,2025-04-26 16:16:05.275724,0 days 00:00:21.637092,0.01425001048495172,256,192,192,,,2,2,1,0.00138062944384227,0.6,/work3/arnaou/checkpoints/Tc_trial_1893_best_state.pt,"{'learning_rate': 0.00138062944384227, 'lr_reduce': 0.6}",TPESampler,COMPLETE
1894,0.07144489139318466,2025-04-26 16:15:56.820918,2025-04-26 16:16:09.776640,0 days 00:00:12.955722,0.2903726915868855,176,80,128,240.0,48.0,4,4,2,0.0028375956864191173,0.6,/work3/arnaou/checkpoints/Tc_trial_1894_best_state.pt,"{'learning_rate': 0.0028375956864191173, 'lr_reduce': 0.6}",TPESampler,COMPLETE
1895,0.02149822749197483,2025-04-26 16:15:58.307381,2025-04-26 16:16:20.255904,0 days 00:00:21.948523,0.06784031741056437,256,192,224,144.0,,3,2,1,0.004233134339639234,0.6,/work3/arnaou/checkpoints/Tc_trial_1895_best_state.pt,"{'learning_rate': 0.004233134339639234, 'lr_reduce': 0.6}",TPESampler,COMPLETE
1896,0.016771454364061356,2025-04-26 16:16:05.677772,2025-04-26 16:16:24.673791,0 days 00:00:18.996019,0.054769420261243484,256,128,240,160.0,112.0,4,1,1,0.006318751142142376,0.6,/work3/arnaou/checkpoints/Tc_trial_1896_best_state.pt,"{'learning_rate': 0.006318751142142376, 'lr_reduce': 0.6}",TPESampler,COMPLETE
1897,0.016368823125958443,2025-04-26 16:16:10.027726,2025-04-26 16:16:27.323944,0 days 00:00:17.296218,0.09131052236349403,256,224,112,208.0,,3,2,1,0.0017927918048890993,0.6,/work3/arnaou/checkpoints/Tc_trial_1897_best_state.pt,"{'learning_rate': 0.0017927918048890993, 'lr_reduce': 0.6}",TPESampler,COMPLETE
1898,0.01764957420527935,2025-04-26 16:16:20.473813,2025-04-26 16:16:43.321287,0 days 00:00:22.847474,0.1074599195449505,224,256,208,176.0,,3,3,1,0.0028018097205486764,0.6,/work3/arnaou/checkpoints/Tc_trial_1898_best_state.pt,"{'learning_rate': 0.0028018097205486764, 'lr_reduce': 0.6}",TPESampler,COMPLETE
1899,0.06620293855667114,2025-04-26 16:16:24.934969,2025-04-26 16:16:58.244088,0 days 00:00:33.309119,0.026346850395254418,160,256,256,128.0,,3,4,4,0.00010297264538626795,0.6,/work3/arnaou/checkpoints/Tc_trial_1899_best_state.pt,"{'learning_rate': 0.00010297264538626795, 'lr_reduce': 0.6}",TPESampler,COMPLETE
1900,0.030702903866767883,2025-04-26 16:16:27.534641,2025-04-26 16:16:39.618420,0 days 00:00:12.083779,0.25152976975613095,32,80,192,,,2,1,1,0.006115027942903513,0.6,/work3/arnaou/checkpoints/Tc_trial_1900_best_state.pt,"{'learning_rate': 0.006115027942903513, 'lr_reduce': 0.6}",TPESampler,COMPLETE
1901,0.02230893261730671,2025-04-26 16:16:39.835463,2025-04-26 16:16:56.576841,0 days 00:00:16.741378,0.001764675531684103,208,208,176,192.0,,3,2,2,0.005947695967670717,0.6,/work3/arnaou/checkpoints/Tc_trial_1901_best_state.pt,"{'learning_rate': 0.005947695967670717, 'lr_reduce': 0.6}",TPESampler,COMPLETE
1902,0.022974472492933273,2025-04-26 16:16:43.584913,2025-04-26 16:16:59.542279,0 days 00:00:15.957366,1.847753027810553e-05,208,192,256,224.0,64.0,4,2,1,0.00714270071164677,0.6,/work3/arnaou/checkpoints/Tc_trial_1902_best_state.pt,"{'learning_rate': 0.00714270071164677, 'lr_reduce': 0.6}",TPESampler,COMPLETE
1903,0.020562507212162018,2025-04-26 16:16:56.953359,2025-04-26 16:17:20.569573,0 days 00:00:23.616214,0.05906831841065687,208,192,256,160.0,80.0,4,1,3,0.002277928758177088,0.6,/work3/arnaou/checkpoints/Tc_trial_1903_best_state.pt,"{'learning_rate': 0.002277928758177088, 'lr_reduce': 0.6}",TPESampler,COMPLETE
1904,0.12720368802547455,2025-04-26 16:16:58.572049,2025-04-26 16:17:28.322228,0 days 00:00:29.750179,0.01454495725413063,32,64,144,80.0,32.0,4,1,3,0.0001970829937695668,0.6,/work3/arnaou/checkpoints/Tc_trial_1904_best_state.pt,"{'learning_rate': 0.0001970829937695668, 'lr_reduce': 0.6}",TPESampler,COMPLETE
1905,0.026337536051869392,2025-04-26 16:17:00.373676,2025-04-26 16:17:28.766360,0 days 00:00:28.392684,0.009016090016886413,112,112,48,,,2,4,3,0.0005998270304929721,0.6,/work3/arnaou/checkpoints/Tc_trial_1905_best_state.pt,"{'learning_rate': 0.0005998270304929721, 'lr_reduce': 0.6}",TPESampler,COMPLETE
1906,0.047128867357969284,2025-04-26 16:17:20.776109,2025-04-26 16:17:30.209902,0 days 00:00:09.433793,0.29757531996916425,80,80,112,144.0,96.0,4,3,1,0.008465596121991785,0.6,/work3/arnaou/checkpoints/Tc_trial_1906_best_state.pt,"{'learning_rate': 0.008465596121991785, 'lr_reduce': 0.6}",TPESampler,COMPLETE
1907,0.021840671077370644,2025-04-26 16:17:28.552417,2025-04-26 16:17:53.900646,0 days 00:00:25.348229,0.023136058346112476,96,256,256,176.0,64.0,4,2,2,0.00420481105696495,0.6,/work3/arnaou/checkpoints/Tc_trial_1907_best_state.pt,"{'learning_rate': 0.00420481105696495, 'lr_reduce': 0.6}",TPESampler,COMPLETE
1908,0.022968556731939316,2025-04-26 16:17:29.029321,2025-04-26 16:17:54.059156,0 days 00:00:25.029835,0.08194123097652836,224,64,256,208.0,80.0,4,4,2,0.0010994594068144397,0.6,/work3/arnaou/checkpoints/Tc_trial_1908_best_state.pt,"{'learning_rate': 0.0010994594068144397, 'lr_reduce': 0.6}",TPESampler,COMPLETE
1909,0.01705090142786503,2025-04-26 16:17:30.456268,2025-04-26 16:17:55.897754,0 days 00:00:25.441486,0.07962290000358946,176,192,256,128.0,,3,3,1,0.002733653282665476,0.6,/work3/arnaou/checkpoints/Tc_trial_1909_best_state.pt,"{'learning_rate': 0.002733653282665476, 'lr_reduce': 0.6}",TPESampler,COMPLETE
1910,0.01662122644484043,2025-04-26 16:17:54.072109,2025-04-26 16:18:18.294257,0 days 00:00:24.222148,0.07393971478979275,128,224,256,,,2,2,1,0.0015600534201309312,0.6,/work3/arnaou/checkpoints/Tc_trial_1910_best_state.pt,"{'learning_rate': 0.0015600534201309312, 'lr_reduce': 0.6}",TPESampler,COMPLETE
1911,0.01947810687124729,2025-04-26 16:17:54.254578,2025-04-26 16:18:16.422776,0 days 00:00:22.168198,0.0612739833391926,256,176,208,192.0,,3,1,1,0.0010032828086800124,0.6,/work3/arnaou/checkpoints/Tc_trial_1911_best_state.pt,"{'learning_rate': 0.0010032828086800124, 'lr_reduce': 0.6}",TPESampler,COMPLETE
1912,0.019817540422081947,2025-04-26 16:17:56.307275,2025-04-26 16:18:22.352777,0 days 00:00:26.045502,0.03141781455332694,256,128,208,160.0,,3,2,2,0.001220893559063952,0.6,/work3/arnaou/checkpoints/Tc_trial_1912_best_state.pt,"{'learning_rate': 0.001220893559063952, 'lr_reduce': 0.6}",TPESampler,COMPLETE
1913,0.02707446552813053,2025-04-26 16:18:16.659450,2025-04-26 16:18:38.745520,0 days 00:00:22.086070,0.25223036944047866,240,176,160,240.0,48.0,4,4,1,0.002582104524068993,0.6,/work3/arnaou/checkpoints/Tc_trial_1913_best_state.pt,"{'learning_rate': 0.002582104524068993, 'lr_reduce': 0.6}",TPESampler,COMPLETE
1914,0.02600940316915512,2025-04-26 16:18:18.498686,2025-04-26 16:18:36.789398,0 days 00:00:18.290712,0.004613517189937946,240,176,224,176.0,144.0,4,1,1,0.008777455100007742,0.6,/work3/arnaou/checkpoints/Tc_trial_1914_best_state.pt,"{'learning_rate': 0.008777455100007742, 'lr_reduce': 0.6}",TPESampler,COMPLETE
1915,0.11636972427368164,2025-04-26 16:18:22.627560,2025-04-26 16:18:53.395976,0 days 00:00:30.768416,0.10947728558029415,96,160,176,224.0,,3,4,4,0.0001577738802134691,0.6,/work3/arnaou/checkpoints/Tc_trial_1915_best_state.pt,"{'learning_rate': 0.0001577738802134691, 'lr_reduce': 0.6}",TPESampler,COMPLETE
1916,0.019270721822977066,2025-04-26 16:18:36.996988,2025-04-26 16:18:49.920401,0 days 00:00:12.923413,0.033579536508996255,256,240,240,96.0,112.0,4,1,1,0.0031273911762758912,0.6,/work3/arnaou/checkpoints/Tc_trial_1916_best_state.pt,"{'learning_rate': 0.0031273911762758912, 'lr_reduce': 0.6}",TPESampler,COMPLETE
1917,0.019909333437681198,2025-04-26 16:18:38.966417,2025-04-26 16:18:55.097680,0 days 00:00:16.131263,0.0261725246564867,208,112,192,144.0,,3,1,1,0.0027061166266105145,0.6,/work3/arnaou/checkpoints/Tc_trial_1917_best_state.pt,"{'learning_rate': 0.0027061166266105145, 'lr_reduce': 0.6}",TPESampler,COMPLETE
1918,0.020591288805007935,2025-04-26 16:18:50.131866,2025-04-26 16:19:09.844716,0 days 00:00:19.712850,0.005336617537776915,208,176,256,192.0,,3,2,1,0.0013179245162789918,0.6,/work3/arnaou/checkpoints/Tc_trial_1918_best_state.pt,"{'learning_rate': 0.0013179245162789918, 'lr_reduce': 0.6}",TPESampler,COMPLETE
1919,0.019374199211597443,2025-04-26 16:18:53.621199,2025-04-26 16:19:13.757628,0 days 00:00:20.136429,0.05012543076713365,176,96,160,,,2,1,1,0.00605056055815053,0.6,/work3/arnaou/checkpoints/Tc_trial_1919_best_state.pt,"{'learning_rate': 0.00605056055815053, 'lr_reduce': 0.6}",TPESampler,COMPLETE
1920,0.01661296933889389,2025-04-26 16:18:55.331814,2025-04-26 16:19:14.757944,0 days 00:00:19.426130,0.05577979647081035,176,208,256,160.0,64.0,4,1,1,0.003564144687776235,0.6,/work3/arnaou/checkpoints/Tc_trial_1920_best_state.pt,"{'learning_rate': 0.003564144687776235, 'lr_reduce': 0.6}",TPESampler,COMPLETE
1921,0.01854546368122101,2025-04-26 16:19:10.076004,2025-04-26 16:19:26.522012,0 days 00:00:16.446008,0.1200873943162635,256,240,112,208.0,,3,1,1,0.0017923490917571027,0.6,/work3/arnaou/checkpoints/Tc_trial_1921_best_state.pt,"{'learning_rate': 0.0017923490917571027, 'lr_reduce': 0.6}",TPESampler,COMPLETE
1922,0.07367558777332306,2025-04-26 16:19:14.023519,2025-04-26 16:19:24.649552,0 days 00:00:10.626033,0.281465831317685,128,64,48,128.0,96.0,4,1,2,0.00204582203382048,0.6,/work3/arnaou/checkpoints/Tc_trial_1922_best_state.pt,"{'learning_rate': 0.00204582203382048, 'lr_reduce': 0.6}",TPESampler,COMPLETE
1923,0.018215563148260117,2025-04-26 16:19:14.979371,2025-04-26 16:19:35.231396,0 days 00:00:20.252025,0.014841149376638,208,208,256,176.0,32.0,4,1,1,0.007897883528862525,0.6,/work3/arnaou/checkpoints/Tc_trial_1923_best_state.pt,"{'learning_rate': 0.007897883528862525, 'lr_reduce': 0.6}",TPESampler,COMPLETE
1924,0.017306087538599968,2025-04-26 16:19:24.854357,2025-04-26 16:19:42.504762,0 days 00:00:17.650405,0.07357171888659292,208,240,208,,,2,2,1,0.002444891744868856,0.6,/work3/arnaou/checkpoints/Tc_trial_1924_best_state.pt,"{'learning_rate': 0.002444891744868856, 'lr_reduce': 0.6}",TPESampler,COMPLETE
1925,0.029453102499246597,2025-04-26 16:19:26.739996,2025-04-26 16:19:43.309186,0 days 00:00:16.569190,0.23272614355549592,112,128,192,,,2,1,2,0.0010087261177562535,0.6,/work3/arnaou/checkpoints/Tc_trial_1925_best_state.pt,"{'learning_rate': 0.0010087261177562535, 'lr_reduce': 0.6}",TPESampler,COMPLETE
1926,0.028324594721198082,2025-04-26 16:19:35.428305,2025-04-26 16:19:59.228786,0 days 00:00:23.800481,0.18429071534030436,208,144,144,,,2,3,4,0.006221298344042074,0.6,/work3/arnaou/checkpoints/Tc_trial_1926_best_state.pt,"{'learning_rate': 0.006221298344042074, 'lr_reduce': 0.6}",TPESampler,COMPLETE
1927,0.02716686949133873,2025-04-26 16:19:42.727354,2025-04-26 16:20:03.996061,0 days 00:00:21.268707,0.25538752245867546,224,192,256,,,2,3,3,0.0008980449341352626,0.6,/work3/arnaou/checkpoints/Tc_trial_1927_best_state.pt,"{'learning_rate': 0.0008980449341352626, 'lr_reduce': 0.6}",TPESampler,COMPLETE
1928,0.028078095987439156,2025-04-26 16:19:43.651353,2025-04-26 16:20:06.793620,0 days 00:00:23.142267,0.09016994920571872,256,144,192,64.0,80.0,4,1,3,0.00912540175069012,0.6,/work3/arnaou/checkpoints/Tc_trial_1928_best_state.pt,"{'learning_rate': 0.00912540175069012, 'lr_reduce': 0.6}",TPESampler,COMPLETE
1929,0.01693784072995186,2025-04-26 16:19:59.518315,2025-04-26 16:20:18.516407,0 days 00:00:18.998092,0.07009996953578113,176,192,208,160.0,,3,2,1,0.0038149130084543137,0.6,/work3/arnaou/checkpoints/Tc_trial_1929_best_state.pt,"{'learning_rate': 0.0038149130084543137, 'lr_reduce': 0.6}",TPESampler,COMPLETE
1930,0.019791701808571815,2025-04-26 16:20:04.204389,2025-04-26 16:20:20.891729,0 days 00:00:16.687340,0.03912549169256143,256,208,176,,,2,1,2,0.003919156448000646,0.6,/work3/arnaou/checkpoints/Tc_trial_1930_best_state.pt,"{'learning_rate': 0.003919156448000646, 'lr_reduce': 0.6}",TPESampler,COMPLETE
1931,0.01988459751009941,2025-04-26 16:20:07.035393,2025-04-26 16:20:27.139869,0 days 00:00:20.104476,0.06903926272227619,256,224,240,192.0,,3,2,1,0.0015909710520377216,0.6,/work3/arnaou/checkpoints/Tc_trial_1931_best_state.pt,"{'learning_rate': 0.0015909710520377216, 'lr_reduce': 0.6}",TPESampler,COMPLETE
1932,0.022721445187926292,2025-04-26 16:20:18.770231,2025-04-26 16:20:37.401795,0 days 00:00:18.631564,0.006353235520783859,112,160,192,256.0,64.0,4,1,1,0.006168751066792526,0.6,/work3/arnaou/checkpoints/Tc_trial_1932_best_state.pt,"{'learning_rate': 0.006168751066792526, 'lr_reduce': 0.6}",TPESampler,COMPLETE
1933,0.018738998100161552,2025-04-26 16:20:21.146067,2025-04-26 16:20:40.369150,0 days 00:00:19.223083,0.07890634977659264,96,160,240,224.0,96.0,4,1,1,0.009797532663490444,0.6,/work3/arnaou/checkpoints/Tc_trial_1933_best_state.pt,"{'learning_rate': 0.009797532663490444, 'lr_reduce': 0.6}",TPESampler,COMPLETE
1934,0.13399101793766022,2025-04-26 16:20:27.390157,2025-04-26 16:20:54.663295,0 days 00:00:27.273138,0.10238689184148776,48,144,192,144.0,64.0,4,3,2,0.000242862790859544,0.6,/work3/arnaou/checkpoints/Tc_trial_1934_best_state.pt,"{'learning_rate': 0.000242862790859544, 'lr_reduce': 0.6}",TPESampler,COMPLETE
1935,0.032572660595178604,2025-04-26 16:20:37.609780,2025-04-26 16:21:02.908553,0 days 00:00:25.298773,0.2569670592412068,160,160,144,176.0,48.0,4,4,4,0.0038941200644769217,0.6,/work3/arnaou/checkpoints/Tc_trial_1935_best_state.pt,"{'learning_rate': 0.0038941200644769217, 'lr_reduce': 0.6}",TPESampler,COMPLETE
1936,0.020306121557950974,2025-04-26 16:20:40.607383,2025-04-26 16:21:05.858887,0 days 00:00:25.251504,0.083612047624719,208,256,144,96.0,,3,3,2,0.004139954005474017,0.6,/work3/arnaou/checkpoints/Tc_trial_1936_best_state.pt,"{'learning_rate': 0.004139954005474017, 'lr_reduce': 0.6}",TPESampler,COMPLETE
1937,0.019300589337944984,2025-04-26 16:20:54.886333,2025-04-26 16:21:15.918891,0 days 00:00:21.032558,0.018596070586337946,256,208,144,208.0,,3,1,1,0.003717112091971535,0.6,/work3/arnaou/checkpoints/Tc_trial_1937_best_state.pt,"{'learning_rate': 0.003717112091971535, 'lr_reduce': 0.6}",TPESampler,COMPLETE
1938,0.02100701816380024,2025-04-26 16:21:03.156912,2025-04-26 16:21:21.641921,0 days 00:00:18.485009,0.02386011763640522,128,128,192,128.0,80.0,4,1,2,0.0025404479570084156,0.6,/work3/arnaou/checkpoints/Tc_trial_1938_best_state.pt,"{'learning_rate': 0.0025404479570084156, 'lr_reduce': 0.6}",TPESampler,COMPLETE
1939,0.027288904413580894,2025-04-26 16:21:06.086346,2025-04-26 16:21:26.202485,0 days 00:00:20.116139,0.09484004117974607,96,112,96,160.0,,3,2,1,0.0018169798438880645,0.6,/work3/arnaou/checkpoints/Tc_trial_1939_best_state.pt,"{'learning_rate': 0.0018169798438880645, 'lr_reduce': 0.6}",TPESampler,COMPLETE
1940,0.026840167120099068,2025-04-26 16:21:16.180424,2025-04-26 16:21:33.788915,0 days 00:00:17.608491,0.2394397085608206,64,240,96,192.0,112.0,4,3,1,0.005348880551187596,0.6,/work3/arnaou/checkpoints/Tc_trial_1940_best_state.pt,"{'learning_rate': 0.005348880551187596, 'lr_reduce': 0.6}",TPESampler,COMPLETE
1941,0.01976703107357025,2025-04-26 16:21:21.874837,2025-04-26 16:21:37.964900,0 days 00:00:16.090063,0.024464484554575,240,224,256,176.0,,3,1,1,0.003646430465449746,0.6,/work3/arnaou/checkpoints/Tc_trial_1941_best_state.pt,"{'learning_rate': 0.003646430465449746, 'lr_reduce': 0.6}",TPESampler,COMPLETE
1942,0.027343396097421646,2025-04-26 16:21:26.426344,2025-04-26 16:21:47.568369,0 days 00:00:21.142025,0.16943017914234534,192,256,224,,,2,2,1,0.008158887620938223,0.6,/work3/arnaou/checkpoints/Tc_trial_1942_best_state.pt,"{'learning_rate': 0.008158887620938223, 'lr_reduce': 0.6}",TPESampler,COMPLETE
1943,0.034908413887023926,2025-04-26 16:21:34.061642,2025-04-26 16:22:03.197898,0 days 00:00:29.136256,0.08851606346988686,256,224,208,144.0,64.0,4,4,2,0.00228985109919447,0.6,/work3/arnaou/checkpoints/Tc_trial_1943_best_state.pt,"{'learning_rate': 0.00228985109919447, 'lr_reduce': 0.6}",TPESampler,COMPLETE
1944,0.02525646798312664,2025-04-26 16:21:38.181885,2025-04-26 16:22:02.493841,0 days 00:00:24.311956,0.07258175602447701,192,240,208,224.0,,3,2,2,0.006960743480907597,0.6,/work3/arnaou/checkpoints/Tc_trial_1944_best_state.pt,"{'learning_rate': 0.006960743480907597, 'lr_reduce': 0.6}",TPESampler,COMPLETE
1945,0.03190763667225838,2025-04-26 16:21:47.810442,2025-04-26 16:22:11.196385,0 days 00:00:23.385943,0.09680449092765009,240,208,128,112.0,32.0,4,2,2,0.008653401320740134,0.6,/work3/arnaou/checkpoints/Tc_trial_1945_best_state.pt,"{'learning_rate': 0.008653401320740134, 'lr_reduce': 0.6}",TPESampler,COMPLETE
1946,0.022243373095989227,2025-04-26 16:22:02.715507,2025-04-26 16:22:24.153656,0 days 00:00:21.438149,0.025850420498163842,208,192,208,192.0,176.0,4,2,1,0.008471154560111847,0.6,/work3/arnaou/checkpoints/Tc_trial_1946_best_state.pt,"{'learning_rate': 0.008471154560111847, 'lr_reduce': 0.6}",TPESampler,COMPLETE
1947,0.055803604423999786,2025-04-26 16:22:03.418609,2025-04-26 16:22:17.973420,0 days 00:00:14.554811,0.24611178951245355,144,160,48,160.0,,3,1,4,0.008783630383991025,0.6,/work3/arnaou/checkpoints/Tc_trial_1947_best_state.pt,"{'learning_rate': 0.008783630383991025, 'lr_reduce': 0.6}",TPESampler,COMPLETE
1948,0.01878190040588379,2025-04-26 16:22:11.548581,2025-04-26 16:22:29.191883,0 days 00:00:17.643302,0.04514861521185215,224,240,160,176.0,,3,1,1,0.004214512997207834,0.6,/work3/arnaou/checkpoints/Tc_trial_1948_best_state.pt,"{'learning_rate': 0.004214512997207834, 'lr_reduce': 0.6}",TPESampler,COMPLETE
1949,0.03011004626750946,2025-04-26 16:22:18.212067,2025-04-26 16:22:48.402013,0 days 00:00:30.189946,0.11445433299174701,208,64,112,,,2,3,4,0.00031703694926410475,0.6,/work3/arnaou/checkpoints/Tc_trial_1949_best_state.pt,"{'learning_rate': 0.00031703694926410475, 'lr_reduce': 0.6}",TPESampler,COMPLETE
1950,0.01785927265882492,2025-04-26 16:22:24.381846,2025-04-26 16:22:46.974284,0 days 00:00:22.592438,0.012621264102576555,192,176,208,208.0,,3,2,1,0.0019287836876548802,0.6,/work3/arnaou/checkpoints/Tc_trial_1950_best_state.pt,"{'learning_rate': 0.0019287836876548802, 'lr_reduce': 0.6}",TPESampler,COMPLETE
1951,0.01705327257514,2025-04-26 16:22:29.431640,2025-04-26 16:22:54.519387,0 days 00:00:25.087747,0.08331576770721635,256,256,208,,,2,3,1,0.0011605677859714357,0.6,/work3/arnaou/checkpoints/Tc_trial_1951_best_state.pt,"{'learning_rate': 0.0011605677859714357, 'lr_reduce': 0.6}",TPESampler,COMPLETE
1952,0.045307457447052,2025-04-26 16:22:47.263245,2025-04-26 16:23:09.352152,0 days 00:00:22.088907,0.22694436665518963,176,80,224,128.0,96.0,4,3,3,0.0009448383765836985,0.6,/work3/arnaou/checkpoints/Tc_trial_1952_best_state.pt,"{'learning_rate': 0.0009448383765836985, 'lr_reduce': 0.6}",TPESampler,COMPLETE
1953,0.04686424881219864,2025-04-26 16:22:48.711351,2025-04-26 16:23:14.989845,0 days 00:00:26.278494,0.09854079479824664,176,64,160,160.0,80.0,4,4,1,0.0005597392584744143,0.6,/work3/arnaou/checkpoints/Tc_trial_1953_best_state.pt,"{'learning_rate': 0.0005597392584744143, 'lr_reduce': 0.6}",TPESampler,COMPLETE
1954,0.033815521746873856,2025-04-26 16:22:55.158150,2025-04-26 16:23:08.256886,0 days 00:00:13.098736,0.1287045254983734,208,80,224,192.0,,3,2,2,0.00801529641117259,0.6,/work3/arnaou/checkpoints/Tc_trial_1954_best_state.pt,"{'learning_rate': 0.00801529641117259, 'lr_reduce': 0.6}",TPESampler,COMPLETE
1955,0.021433193236589432,2025-04-26 16:23:08.540834,2025-04-26 16:23:33.241394,0 days 00:00:24.700560,0.11369594260408461,208,176,224,,,2,4,1,0.007129616768449045,0.6,/work3/arnaou/checkpoints/Tc_trial_1955_best_state.pt,"{'learning_rate': 0.007129616768449045, 'lr_reduce': 0.6}",TPESampler,COMPLETE
1956,0.02285168506205082,2025-04-26 16:23:09.595981,2025-04-26 16:23:33.170654,0 days 00:00:23.574673,0.14341169900672174,208,256,176,240.0,,3,2,2,0.005912118945225739,0.6,/work3/arnaou/checkpoints/Tc_trial_1956_best_state.pt,"{'learning_rate': 0.005912118945225739, 'lr_reduce': 0.6}",TPESampler,COMPLETE
1957,0.01748906634747982,2025-04-26 16:23:15.472193,2025-04-26 16:23:37.543550,0 days 00:00:22.071357,0.039546057773825236,208,176,240,144.0,240.0,4,1,1,0.0038239372768090604,0.6,/work3/arnaou/checkpoints/Tc_trial_1957_best_state.pt,"{'learning_rate': 0.0038239372768090604, 'lr_reduce': 0.6}",TPESampler,COMPLETE
1958,0.04160211607813835,2025-04-26 16:23:33.343858,2025-04-26 16:24:03.073030,0 days 00:00:29.729172,0.13905002358811555,256,224,112,48.0,128.0,4,3,4,0.00026095959343914093,0.6,/work3/arnaou/checkpoints/Tc_trial_1958_best_state.pt,"{'learning_rate': 0.00026095959343914093, 'lr_reduce': 0.6}",TPESampler,COMPLETE
1959,0.015982190147042274,2025-04-26 16:23:33.398886,2025-04-26 16:23:56.535088,0 days 00:00:23.136202,0.023994477856666873,176,96,256,176.0,48.0,4,1,2,0.009975083906411445,0.6,/work3/arnaou/checkpoints/Tc_trial_1959_best_state.pt,"{'learning_rate': 0.009975083906411445, 'lr_reduce': 0.6}",TPESampler,COMPLETE
1960,0.021802788600325584,2025-04-26 16:23:37.810941,2025-04-26 16:24:01.802751,0 days 00:00:23.991810,0.007874188338575373,192,160,208,208.0,64.0,4,1,2,0.008845656691505973,0.6,/work3/arnaou/checkpoints/Tc_trial_1960_best_state.pt,"{'learning_rate': 0.008845656691505973, 'lr_reduce': 0.6}",TPESampler,COMPLETE
1961,0.01849585585296154,2025-04-26 16:23:56.771759,2025-04-26 16:24:20.778733,0 days 00:00:24.006974,0.07400775992779063,144,208,192,,,2,3,2,0.0015908214401972743,0.6,/work3/arnaou/checkpoints/Tc_trial_1961_best_state.pt,"{'learning_rate': 0.0015908214401972743, 'lr_reduce': 0.6}",TPESampler,COMPLETE
1962,0.018367474898695946,2025-04-26 16:24:02.063456,2025-04-26 16:24:22.171171,0 days 00:00:20.107715,0.039276298439636176,240,224,208,96.0,96.0,4,1,2,0.0029412905761878505,0.6,/work3/arnaou/checkpoints/Tc_trial_1962_best_state.pt,"{'learning_rate': 0.0029412905761878505, 'lr_reduce': 0.6}",TPESampler,COMPLETE
