number,value,datetime_start,datetime_complete,duration,params_dropout,params_hidden_channels,params_mlp_dim_00,params_mlp_dim_01,params_mlp_dim_02,params_mlp_dim_03,params_mlp_n_layers,params_num_layers,params_num_timesteps,params_train_learning_rate,params_train_lr_reduce,user_attrs_best_state_dict_path,user_attrs_training_params,system_attrs_auto:sampler,state
2033,0.030118633061647415,2025-04-26 16:32:58.517443,2025-04-26 16:33:20.252904,0 days 00:00:21.735461,0.17163871041131207,176,112,128,,,2,4,1,0.0005109577686825972,0.6,/work3/arnaou/checkpoints/Tc_trial_2033_best_state.pt,"{'learning_rate': 0.0005109577686825972, 'lr_reduce': 0.6}",TPESampler,COMPLETE
2034,0.021552491933107376,2025-04-26 16:33:03.592032,2025-04-26 16:33:19.658421,0 days 00:00:16.066389,0.0008207863094971887,144,192,176,176.0,,3,1,1,0.007677183674281488,0.6,/work3/arnaou/checkpoints/Tc_trial_2034_best_state.pt,"{'learning_rate': 0.007677183674281488, 'lr_reduce': 0.6}",TPESampler,COMPLETE
2035,0.019620470702648163,2025-04-26 16:33:08.702410,2025-04-26 16:33:21.676988,0 days 00:00:12.974578,0.004147564700642432,256,176,256,160.0,,3,1,2,0.0041257381881541835,0.6,/work3/arnaou/checkpoints/Tc_trial_2035_best_state.pt,"{'learning_rate': 0.0041257381881541835, 'lr_reduce': 0.6}",TPESampler,COMPLETE
2036,0.024357585236430168,2025-04-26 16:33:19.872197,2025-04-26 16:33:44.502829,0 days 00:00:24.630632,0.013772510768311569,256,160,176,192.0,48.0,4,2,2,0.006012486874052125,0.6,/work3/arnaou/checkpoints/Tc_trial_2036_best_state.pt,"{'learning_rate': 0.006012486874052125, 'lr_reduce': 0.6}",TPESampler,COMPLETE
2037,0.017026787623763084,2025-04-26 16:33:20.554224,2025-04-26 16:33:41.217837,0 days 00:00:20.663613,0.004315205895714016,208,176,224,144.0,80.0,4,1,1,0.00793003322064967,0.6,/work3/arnaou/checkpoints/Tc_trial_2037_best_state.pt,"{'learning_rate': 0.00793003322064967, 'lr_reduce': 0.6}",TPESampler,COMPLETE
2038,0.22362905740737915,2025-04-26 16:33:21.940883,2025-04-26 16:33:49.045038,0 days 00:00:27.104155,0.19964333807419074,128,112,112,,,2,4,3,0.00010286716488306898,0.6,/work3/arnaou/checkpoints/Tc_trial_2038_best_state.pt,"{'learning_rate': 0.00010286716488306898, 'lr_reduce': 0.6}",TPESampler,COMPLETE
2039,0.01744101382791996,2025-04-26 16:33:41.454814,2025-04-26 16:34:05.398144,0 days 00:00:23.943330,0.004942305642268672,240,192,176,208.0,112.0,4,2,2,0.0016448980837505491,0.6,/work3/arnaou/checkpoints/Tc_trial_2039_best_state.pt,"{'learning_rate': 0.0016448980837505491, 'lr_reduce': 0.6}",TPESampler,COMPLETE
2040,0.013935438357293606,2025-04-26 16:33:44.738469,2025-04-26 16:34:05.440788,0 days 00:00:20.702319,0.04588192150890802,224,256,176,,,2,2,1,0.0041483719999501215,0.6,/work3/arnaou/checkpoints/Tc_trial_2040_best_state.pt,"{'learning_rate': 0.0041483719999501215, 'lr_reduce': 0.6}",TPESampler,COMPLETE
2041,0.023354580625891685,2025-04-26 16:33:49.281358,2025-04-26 16:34:08.804322,0 days 00:00:19.522964,0.057538448176579285,128,240,96,176.0,64.0,4,3,4,0.006792253827067567,0.6,/work3/arnaou/checkpoints/Tc_trial_2041_best_state.pt,"{'learning_rate': 0.006792253827067567, 'lr_reduce': 0.6}",TPESampler,COMPLETE
2042,0.0328424833714962,2025-04-26 16:34:05.565002,2025-04-26 16:34:35.282106,0 days 00:00:29.717104,0.0637975363769918,256,240,32,32.0,,3,3,3,0.0003085830747399426,0.6,/work3/arnaou/checkpoints/Tc_trial_2042_best_state.pt,"{'learning_rate': 0.0003085830747399426, 'lr_reduce': 0.6}",TPESampler,COMPLETE
2043,0.03626908361911774,2025-04-26 16:34:05.608074,2025-04-26 16:34:31.805809,0 days 00:00:26.197735,0.10627667790927432,176,112,96,,,2,1,1,0.00017427055517501956,0.6,/work3/arnaou/checkpoints/Tc_trial_2043_best_state.pt,"{'learning_rate': 0.00017427055517501956, 'lr_reduce': 0.6}",TPESampler,COMPLETE
2044,0.019545461982488632,2025-04-26 16:34:09.077571,2025-04-26 16:34:35.475812,0 days 00:00:26.398241,0.0019208399465292306,192,208,160,,,2,3,2,0.0018391958259996032,0.6,/work3/arnaou/checkpoints/Tc_trial_2044_best_state.pt,"{'learning_rate': 0.0018391958259996032, 'lr_reduce': 0.6}",TPESampler,COMPLETE
2045,0.0201436635106802,2025-04-26 16:34:32.040927,2025-04-26 16:34:52.402490,0 days 00:00:20.361563,0.004678879767829883,240,160,224,128.0,32.0,4,1,2,0.004060691106398959,0.6,/work3/arnaou/checkpoints/Tc_trial_2045_best_state.pt,"{'learning_rate': 0.004060691106398959, 'lr_reduce': 0.6}",TPESampler,COMPLETE
2046,0.023608362302184105,2025-04-26 16:34:35.491633,2025-04-26 16:35:01.523966,0 days 00:00:26.032333,0.02114363869010462,224,208,192,,,2,3,1,0.007719699143603182,0.6,/work3/arnaou/checkpoints/Tc_trial_2046_best_state.pt,"{'learning_rate': 0.007719699143603182, 'lr_reduce': 0.6}",TPESampler,COMPLETE
2047,0.021632295101881027,2025-04-26 16:34:35.711861,2025-04-26 16:34:59.227017,0 days 00:00:23.515156,0.0657938266986212,240,208,256,96.0,32.0,4,2,1,0.007666210497914297,0.6,/work3/arnaou/checkpoints/Tc_trial_2047_best_state.pt,"{'learning_rate': 0.007666210497914297, 'lr_reduce': 0.6}",TPESampler,COMPLETE
2048,0.02024831622838974,2025-04-26 16:34:52.652434,2025-04-26 16:35:12.872857,0 days 00:00:20.220423,0.06451856993915271,240,192,144,,,2,2,1,0.0025531799506511538,0.6,/work3/arnaou/checkpoints/Tc_trial_2048_best_state.pt,"{'learning_rate': 0.0025531799506511538, 'lr_reduce': 0.6}",TPESampler,COMPLETE
2049,0.07549861073493958,2025-04-26 16:35:00.229662,2025-04-26 16:35:33.887099,0 days 00:00:33.657437,0.022538899693087533,144,192,80,,,2,4,4,0.00017600104328829465,0.6,/work3/arnaou/checkpoints/Tc_trial_2049_best_state.pt,"{'learning_rate': 0.00017600104328829465, 'lr_reduce': 0.6}",TPESampler,COMPLETE
2050,0.01869240216910839,2025-04-26 16:35:01.797654,2025-04-26 16:35:19.292743,0 days 00:00:17.495089,0.0191054334991757,208,240,192,,,2,1,1,0.004108052187686303,0.6,/work3/arnaou/checkpoints/Tc_trial_2050_best_state.pt,"{'learning_rate': 0.004108052187686303, 'lr_reduce': 0.6}",TPESampler,COMPLETE
2051,0.020852167159318924,2025-04-26 16:35:13.265175,2025-04-26 16:35:36.310651,0 days 00:00:23.045476,0.07747876061803594,208,240,224,,,2,2,1,0.005267477710458324,0.6,/work3/arnaou/checkpoints/Tc_trial_2051_best_state.pt,"{'learning_rate': 0.005267477710458324, 'lr_reduce': 0.6}",TPESampler,COMPLETE
2052,0.02031548134982586,2025-04-26 16:35:19.528934,2025-04-26 16:35:38.082387,0 days 00:00:18.553453,0.052141999627768915,224,192,208,,,2,2,2,0.0037049181965990437,0.6,/work3/arnaou/checkpoints/Tc_trial_2052_best_state.pt,"{'learning_rate': 0.0037049181965990437, 'lr_reduce': 0.6}",TPESampler,COMPLETE
2053,0.2609105408191681,2025-04-26 16:35:34.123718,2025-04-26 16:36:02.258727,0 days 00:00:28.135009,0.20855619443688578,32,48,208,144.0,32.0,4,3,3,0.00020429155288769925,0.6,/work3/arnaou/checkpoints/Tc_trial_2053_best_state.pt,"{'learning_rate': 0.00020429155288769925, 'lr_reduce': 0.6}",TPESampler,COMPLETE
2054,0.02519562467932701,2025-04-26 16:35:36.560224,2025-04-26 16:35:57.086642,0 days 00:00:20.526418,0.08219075775337464,128,80,240,128.0,,3,1,3,0.0015303822146828664,0.6,/work3/arnaou/checkpoints/Tc_trial_2054_best_state.pt,"{'learning_rate': 0.0015303822146828664, 'lr_reduce': 0.6}",TPESampler,COMPLETE
2055,0.015922361984848976,2025-04-26 16:35:38.334098,2025-04-26 16:35:59.034361,0 days 00:00:20.700263,0.021839788802634725,208,224,128,,,2,2,1,0.003118608703020314,0.6,/work3/arnaou/checkpoints/Tc_trial_2055_best_state.pt,"{'learning_rate': 0.003118608703020314, 'lr_reduce': 0.6}",TPESampler,COMPLETE
2056,0.052788905799388885,2025-04-26 16:35:57.295197,2025-04-26 16:36:25.904198,0 days 00:00:28.609001,0.036545698468139,224,32,48,,,2,4,1,0.00010290467600506812,0.6,/work3/arnaou/checkpoints/Tc_trial_2056_best_state.pt,"{'learning_rate': 0.00010290467600506812, 'lr_reduce': 0.6}",TPESampler,COMPLETE
2057,0.02330874465405941,2025-04-26 16:35:59.267769,2025-04-26 16:36:19.621727,0 days 00:00:20.353958,0.130281092062231,208,240,160,64.0,,3,2,2,0.0010171260835895265,0.6,/work3/arnaou/checkpoints/Tc_trial_2057_best_state.pt,"{'learning_rate': 0.0010171260835895265, 'lr_reduce': 0.6}",TPESampler,COMPLETE
2058,0.020026447251439095,2025-04-26 16:36:02.506315,2025-04-26 16:36:19.444767,0 days 00:00:16.938452,0.062161929305337996,192,160,176,,,2,1,2,0.004477295934122697,0.6,/work3/arnaou/checkpoints/Tc_trial_2058_best_state.pt,"{'learning_rate': 0.004477295934122697, 'lr_reduce': 0.6}",TPESampler,COMPLETE
2059,0.021510746330022812,2025-04-26 16:36:19.640091,2025-04-26 16:36:41.474747,0 days 00:00:21.834656,0.10184758489239651,208,256,176,144.0,,3,2,1,0.0012221103902277017,0.6,/work3/arnaou/checkpoints/Tc_trial_2059_best_state.pt,"{'learning_rate': 0.0012221103902277017, 'lr_reduce': 0.6}",TPESampler,COMPLETE
2060,0.01703539490699768,2025-04-26 16:36:19.824009,2025-04-26 16:36:37.262413,0 days 00:00:17.438404,0.056136356854336496,208,240,176,,,2,3,1,0.003252438814814913,0.6,/work3/arnaou/checkpoints/Tc_trial_2060_best_state.pt,"{'learning_rate': 0.003252438814814913, 'lr_reduce': 0.6}",TPESampler,COMPLETE
2061,0.021012166514992714,2025-04-26 16:36:26.130034,2025-04-26 16:36:49.893834,0 days 00:00:23.763800,0.07962490227053111,208,176,208,160.0,,3,2,2,0.006998745129658002,0.6,/work3/arnaou/checkpoints/Tc_trial_2061_best_state.pt,"{'learning_rate': 0.006998745129658002, 'lr_reduce': 0.6}",TPESampler,COMPLETE
2062,0.018708012998104095,2025-04-26 16:36:37.464349,2025-04-26 16:36:57.983075,0 days 00:00:20.518726,0.01832539345235971,256,208,160,96.0,48.0,4,1,1,0.0077509545351391864,0.6,/work3/arnaou/checkpoints/Tc_trial_2062_best_state.pt,"{'learning_rate': 0.0077509545351391864, 'lr_reduce': 0.6}",TPESampler,COMPLETE
2063,0.017600474879145622,2025-04-26 16:36:41.721041,2025-04-26 16:37:02.531977,0 days 00:00:20.810936,0.01153684463426783,240,240,128,,,2,1,1,0.0030629585186741468,0.6,/work3/arnaou/checkpoints/Tc_trial_2063_best_state.pt,"{'learning_rate': 0.0030629585186741468, 'lr_reduce': 0.6}",TPESampler,COMPLETE
2064,0.015796471387147903,2025-04-26 16:36:50.147126,2025-04-26 16:37:10.384313,0 days 00:00:20.237187,0.06940794487398701,240,224,208,,,2,2,1,0.002178325561178594,0.6,/work3/arnaou/checkpoints/Tc_trial_2064_best_state.pt,"{'learning_rate': 0.002178325561178594, 'lr_reduce': 0.6}",TPESampler,COMPLETE
2065,0.02050681598484516,2025-04-26 16:36:58.214149,2025-04-26 16:37:19.914374,0 days 00:00:21.700225,0.030385957481503162,160,256,144,,,2,1,2,0.0016125905507514318,0.6,/work3/arnaou/checkpoints/Tc_trial_2065_best_state.pt,"{'learning_rate': 0.0016125905507514318, 'lr_reduce': 0.6}",TPESampler,COMPLETE
2066,0.01758492924273014,2025-04-26 16:37:02.748419,2025-04-26 16:37:23.155665,0 days 00:00:20.407246,0.0945846512099923,192,128,160,144.0,,3,2,2,0.0029710257144978133,0.6,/work3/arnaou/checkpoints/Tc_trial_2066_best_state.pt,"{'learning_rate': 0.0029710257144978133, 'lr_reduce': 0.6}",TPESampler,COMPLETE
2067,0.02846810780465603,2025-04-26 16:37:10.637631,2025-04-26 16:37:27.407803,0 days 00:00:16.770172,0.05369898605256162,256,224,176,,,2,2,1,0.008346789469974284,0.6,/work3/arnaou/checkpoints/Tc_trial_2067_best_state.pt,"{'learning_rate': 0.008346789469974284, 'lr_reduce': 0.6}",TPESampler,COMPLETE
2068,0.02390192449092865,2025-04-26 16:37:20.162016,2025-04-26 16:37:39.163501,0 days 00:00:19.001485,0.023514940513268967,224,240,160,,,2,2,1,0.00597044384858596,0.6,/work3/arnaou/checkpoints/Tc_trial_2068_best_state.pt,"{'learning_rate': 0.00597044384858596, 'lr_reduce': 0.6}",TPESampler,COMPLETE
2069,0.021858982741832733,2025-04-26 16:37:23.391655,2025-04-26 16:37:48.292207,0 days 00:00:24.900552,0.02392306321639177,256,224,144,,,2,3,1,0.0059441672589046,0.6,/work3/arnaou/checkpoints/Tc_trial_2069_best_state.pt,"{'learning_rate': 0.0059441672589046, 'lr_reduce': 0.6}",TPESampler,COMPLETE
2070,0.03563104197382927,2025-04-26 16:37:27.638908,2025-04-26 16:37:51.496852,0 days 00:00:23.857944,0.28131593517223363,256,256,128,160.0,48.0,4,3,1,0.0005121378990404062,0.6,/work3/arnaou/checkpoints/Tc_trial_2070_best_state.pt,"{'learning_rate': 0.0005121378990404062, 'lr_reduce': 0.6}",TPESampler,COMPLETE
2071,0.03157712146639824,2025-04-26 16:37:39.404707,2025-04-26 16:38:04.447528,0 days 00:00:25.042821,0.1332270893777419,256,176,80,128.0,,3,2,1,0.00030249795967400746,0.6,/work3/arnaou/checkpoints/Tc_trial_2071_best_state.pt,"{'learning_rate': 0.00030249795967400746, 'lr_reduce': 0.6}",TPESampler,COMPLETE
2072,0.01813669502735138,2025-04-26 16:37:48.657894,2025-04-26 16:38:05.768860,0 days 00:00:17.110966,0.06321604123967156,256,144,256,160.0,,3,2,1,0.0013912811697034007,0.6,/work3/arnaou/checkpoints/Tc_trial_2072_best_state.pt,"{'learning_rate': 0.0013912811697034007, 'lr_reduce': 0.6}",TPESampler,COMPLETE
2073,0.02173290029168129,2025-04-26 16:37:51.778824,2025-04-26 16:38:15.500270,0 days 00:00:23.721446,0.037522240743745314,208,224,208,112.0,,3,2,1,0.008697196456754343,0.6,/work3/arnaou/checkpoints/Tc_trial_2073_best_state.pt,"{'learning_rate': 0.008697196456754343, 'lr_reduce': 0.6}",TPESampler,COMPLETE
2074,0.017910460010170937,2025-04-26 16:38:04.686329,2025-04-26 16:38:20.765144,0 days 00:00:16.078815,0.06911700897192165,192,256,112,,,2,2,1,0.003209760264954661,0.6,/work3/arnaou/checkpoints/Tc_trial_2074_best_state.pt,"{'learning_rate': 0.003209760264954661, 'lr_reduce': 0.6}",TPESampler,COMPLETE
2075,0.018527977168560028,2025-04-26 16:38:06.069080,2025-04-26 16:38:29.706800,0 days 00:00:23.637720,0.07877813120778586,240,240,176,,,2,2,2,0.0064857928610862845,0.6,/work3/arnaou/checkpoints/Tc_trial_2075_best_state.pt,"{'learning_rate': 0.0064857928610862845, 'lr_reduce': 0.6}",TPESampler,COMPLETE
2076,0.01955306902527809,2025-04-26 16:38:15.712191,2025-04-26 16:38:38.785559,0 days 00:00:23.073368,0.08069445070613648,208,144,256,160.0,,3,1,1,0.004896937473123094,0.6,/work3/arnaou/checkpoints/Tc_trial_2076_best_state.pt,"{'learning_rate': 0.004896937473123094, 'lr_reduce': 0.6}",TPESampler,COMPLETE
2077,0.01982618123292923,2025-04-26 16:38:21.017504,2025-04-26 16:38:47.951111,0 days 00:00:26.933607,0.07852349415979473,112,112,80,128.0,208.0,4,4,2,0.0027692857995699253,0.6,/work3/arnaou/checkpoints/Tc_trial_2077_best_state.pt,"{'learning_rate': 0.0027692857995699253, 'lr_reduce': 0.6}",TPESampler,COMPLETE
2078,0.03537996485829353,2025-04-26 16:38:30.112763,2025-04-26 16:38:53.146743,0 days 00:00:23.033980,0.025134374117399404,240,240,160,,,2,2,2,0.004337859759841511,0.6,/work3/arnaou/checkpoints/Tc_trial_2078_best_state.pt,"{'learning_rate': 0.004337859759841511, 'lr_reduce': 0.6}",TPESampler,COMPLETE
2079,0.020419279113411903,2025-04-26 16:38:38.998780,2025-04-26 16:39:02.076105,0 days 00:00:23.077325,0.1397994217819717,192,208,160,,,2,3,1,0.0010303594311694122,0.6,/work3/arnaou/checkpoints/Tc_trial_2079_best_state.pt,"{'learning_rate': 0.0010303594311694122, 'lr_reduce': 0.6}",TPESampler,COMPLETE
2080,0.017199624329805374,2025-04-26 16:38:48.173736,2025-04-26 16:39:13.176815,0 days 00:00:25.003079,0.16475493813751713,208,240,176,80.0,,3,2,1,0.00394431223803686,0.6,/work3/arnaou/checkpoints/Tc_trial_2080_best_state.pt,"{'learning_rate': 0.00394431223803686, 'lr_reduce': 0.6}",TPESampler,COMPLETE
2081,0.08726914972066879,2025-04-26 16:38:53.389711,2025-04-26 16:39:21.481700,0 days 00:00:28.091989,0.19993070128623597,80,160,176,160.0,48.0,4,1,3,0.0001957048146440087,0.6,/work3/arnaou/checkpoints/Tc_trial_2081_best_state.pt,"{'learning_rate': 0.0001957048146440087, 'lr_reduce': 0.6}",TPESampler,COMPLETE
2082,0.01868433877825737,2025-04-26 16:39:02.295777,2025-04-26 16:39:25.050522,0 days 00:00:22.754745,0.03925383342641191,224,256,192,,,2,2,1,0.0036290347693349453,0.6,/work3/arnaou/checkpoints/Tc_trial_2082_best_state.pt,"{'learning_rate': 0.0036290347693349453, 'lr_reduce': 0.6}",TPESampler,COMPLETE
2083,0.02214111015200615,2025-04-26 16:39:13.394853,2025-04-26 16:39:30.623279,0 days 00:00:17.228426,0.027660402022557953,176,208,176,144.0,,3,2,1,0.005398511462102448,0.6,/work3/arnaou/checkpoints/Tc_trial_2083_best_state.pt,"{'learning_rate': 0.005398511462102448, 'lr_reduce': 0.6}",TPESampler,COMPLETE
2084,0.03716574236750603,2025-04-26 16:39:21.866863,2025-04-26 16:39:36.009601,0 days 00:00:14.142738,0.05605432223212874,208,240,160,,,2,2,1,0.008815761056310944,0.6,/work3/arnaou/checkpoints/Tc_trial_2084_best_state.pt,"{'learning_rate': 0.008815761056310944, 'lr_reduce': 0.6}",TPESampler,COMPLETE
2085,0.025437084957957268,2025-04-26 16:39:25.310194,2025-04-26 16:39:48.471755,0 days 00:00:23.161561,0.008703800639722724,192,256,176,176.0,,3,2,2,0.006732161000795002,0.6,/work3/arnaou/checkpoints/Tc_trial_2085_best_state.pt,"{'learning_rate': 0.006732161000795002, 'lr_reduce': 0.6}",TPESampler,COMPLETE
2086,0.018375996500253677,2025-04-26 16:39:30.885641,2025-04-26 16:39:54.378836,0 days 00:00:23.493195,0.06525991325826205,256,256,192,,,2,3,1,0.00268247031839421,0.6,/work3/arnaou/checkpoints/Tc_trial_2086_best_state.pt,"{'learning_rate': 0.00268247031839421, 'lr_reduce': 0.6}",TPESampler,COMPLETE
2087,0.01724737510085106,2025-04-26 16:39:36.216938,2025-04-26 16:39:57.501386,0 days 00:00:21.284448,0.033668051974598864,240,256,224,,,2,2,1,0.00231678801149185,0.6,/work3/arnaou/checkpoints/Tc_trial_2087_best_state.pt,"{'learning_rate': 0.00231678801149185, 'lr_reduce': 0.6}",TPESampler,COMPLETE
2088,0.03053802065551281,2025-04-26 16:39:48.711898,2025-04-26 16:40:16.182183,0 days 00:00:27.470285,0.1427903513062437,112,208,160,160.0,,3,4,3,0.0009016161031982722,0.6,/work3/arnaou/checkpoints/Tc_trial_2088_best_state.pt,"{'learning_rate': 0.0009016161031982722, 'lr_reduce': 0.6}",TPESampler,COMPLETE
2089,0.018199512735009193,2025-04-26 16:39:54.604814,2025-04-26 16:40:14.026103,0 days 00:00:19.421289,0.08005521535139457,208,128,144,,,2,2,1,0.003825894321489525,0.6,/work3/arnaou/checkpoints/Tc_trial_2089_best_state.pt,"{'learning_rate': 0.003825894321489525, 'lr_reduce': 0.6}",TPESampler,COMPLETE
2090,0.02105136029422283,2025-04-26 16:39:57.742627,2025-04-26 16:40:19.201176,0 days 00:00:21.458549,0.07007337896806834,208,256,144,,,2,2,1,0.004756764078460175,0.6,/work3/arnaou/checkpoints/Tc_trial_2090_best_state.pt,"{'learning_rate': 0.004756764078460175, 'lr_reduce': 0.6}",TPESampler,COMPLETE
2091,0.026323998346924782,2025-04-26 16:40:14.232136,2025-04-26 16:40:29.263867,0 days 00:00:15.031731,0.03646909533872296,208,224,192,112.0,,3,1,2,0.007014390563153554,0.6,/work3/arnaou/checkpoints/Tc_trial_2091_best_state.pt,"{'learning_rate': 0.007014390563153554, 'lr_reduce': 0.6}",TPESampler,COMPLETE
2092,0.02344839833676815,2025-04-26 16:40:16.430216,2025-04-26 16:40:38.670572,0 days 00:00:22.240356,0.10824632132010457,224,128,192,144.0,,3,2,1,0.00579082303694807,0.6,/work3/arnaou/checkpoints/Tc_trial_2092_best_state.pt,"{'learning_rate': 0.00579082303694807, 'lr_reduce': 0.6}",TPESampler,COMPLETE
2093,0.027533838525414467,2025-04-26 16:40:19.493808,2025-04-26 16:40:39.746031,0 days 00:00:20.252223,0.18823984612190472,64,160,96,176.0,32.0,4,1,1,0.0017858141523366346,0.6,/work3/arnaou/checkpoints/Tc_trial_2093_best_state.pt,"{'learning_rate': 0.0017858141523366346, 'lr_reduce': 0.6}",TPESampler,COMPLETE
2094,0.017735321074724197,2025-04-26 16:40:29.492215,2025-04-26 16:40:48.218239,0 days 00:00:18.726024,0.08677876435132101,224,192,192,,,2,2,1,0.003973171262421691,0.6,/work3/arnaou/checkpoints/Tc_trial_2094_best_state.pt,"{'learning_rate': 0.003973171262421691, 'lr_reduce': 0.6}",TPESampler,COMPLETE
2095,0.01843119040131569,2025-04-26 16:40:38.910296,2025-04-26 16:40:57.166415,0 days 00:00:18.256119,0.005233908876150975,208,240,224,176.0,,3,2,1,0.002058023344758331,0.6,/work3/arnaou/checkpoints/Tc_trial_2095_best_state.pt,"{'learning_rate': 0.002058023344758331, 'lr_reduce': 0.6}",TPESampler,COMPLETE
2096,0.058890070766210556,2025-04-26 16:40:39.939549,2025-04-26 16:40:47.966981,0 days 00:00:08.027432,0.28250913579532966,192,32,128,,,2,1,3,0.006176872022456642,0.6,/work3/arnaou/checkpoints/Tc_trial_2096_best_state.pt,"{'learning_rate': 0.006176872022456642, 'lr_reduce': 0.6}",TPESampler,COMPLETE
2097,0.03818348050117493,2025-04-26 16:40:48.169271,2025-04-26 16:41:04.463129,0 days 00:00:16.293858,0.25217557895378767,240,80,144,128.0,,3,1,3,0.0018633084848944167,0.6,/work3/arnaou/checkpoints/Tc_trial_2097_best_state.pt,"{'learning_rate': 0.0018633084848944167, 'lr_reduce': 0.6}",TPESampler,COMPLETE
2098,0.021626995876431465,2025-04-26 16:40:48.437812,2025-04-26 16:41:12.103478,0 days 00:00:23.665666,0.04972038346487408,256,256,192,,,2,1,1,0.0026825358371295326,0.6,/work3/arnaou/checkpoints/Tc_trial_2098_best_state.pt,"{'learning_rate': 0.0026825358371295326, 'lr_reduce': 0.6}",TPESampler,COMPLETE
2099,0.016897371038794518,2025-04-26 16:40:57.457265,2025-04-26 16:41:20.376634,0 days 00:00:22.919369,0.060089095477566204,224,208,256,160.0,64.0,4,1,2,0.007020096779542541,0.6,/work3/arnaou/checkpoints/Tc_trial_2099_best_state.pt,"{'learning_rate': 0.007020096779542541, 'lr_reduce': 0.6}",TPESampler,COMPLETE
2100,0.02277062088251114,2025-04-26 16:41:04.692592,2025-04-26 16:41:25.165481,0 days 00:00:20.472889,0.08325989952491225,208,176,192,96.0,64.0,4,1,1,0.008709760167003323,0.6,/work3/arnaou/checkpoints/Tc_trial_2100_best_state.pt,"{'learning_rate': 0.008709760167003323, 'lr_reduce': 0.6}",TPESampler,COMPLETE
2101,0.031223203986883163,2025-04-26 16:41:12.331271,2025-04-26 16:41:35.779206,0 days 00:00:23.447935,0.12099872834444113,208,240,48,144.0,48.0,4,4,3,0.0097523995418377,0.6,/work3/arnaou/checkpoints/Tc_trial_2101_best_state.pt,"{'learning_rate': 0.0097523995418377, 'lr_reduce': 0.6}",TPESampler,COMPLETE
2102,0.020323414355516434,2025-04-26 16:41:20.628339,2025-04-26 16:41:48.071659,0 days 00:00:27.443320,0.05297859261720342,208,256,160,,,2,3,2,0.0006566592894388801,0.6,/work3/arnaou/checkpoints/Tc_trial_2102_best_state.pt,"{'learning_rate': 0.0006566592894388801, 'lr_reduce': 0.6}",TPESampler,COMPLETE
