number,value,datetime_start,datetime_complete,duration,params_dropout,params_hidden_channels,params_mlp_dim_00,params_mlp_dim_01,params_mlp_dim_02,params_mlp_dim_03,params_mlp_n_layers,params_num_layers,params_num_timesteps,params_train_learning_rate,params_train_lr_reduce,user_attrs_best_state_dict_path,user_attrs_training_params,system_attrs_auto:sampler,state
1333,0.02755560912191868,2025-04-26 15:08:05.464836,2025-04-26 15:08:26.438288,0 days 00:00:20.973452,0.09347584063810963,160,144,144,,,2,2,1,0.0006686714294388342,0.6,/work3/arnaou/checkpoints/Tc_trial_1333_best_state.pt,"{'learning_rate': 0.0006686714294388342, 'lr_reduce': 0.6}",TPESampler,COMPLETE
1334,0.01850697211921215,2025-04-26 15:08:14.657051,2025-04-26 15:08:34.740991,0 days 00:00:20.083940,0.057500584791978546,160,112,144,,,2,2,1,0.003193412295167288,0.6,/work3/arnaou/checkpoints/Tc_trial_1334_best_state.pt,"{'learning_rate': 0.003193412295167288, 'lr_reduce': 0.6}",TPESampler,COMPLETE
1335,0.021279877051711082,2025-04-26 15:08:15.157146,2025-04-26 15:08:35.613206,0 days 00:00:20.456060,0.0139080505083802,176,208,256,144.0,96.0,4,1,1,0.000801568049963234,0.6,/work3/arnaou/checkpoints/Tc_trial_1335_best_state.pt,"{'learning_rate': 0.000801568049963234, 'lr_reduce': 0.6}",TPESampler,COMPLETE
1336,0.022091036662459373,2025-04-26 15:08:26.657472,2025-04-26 15:08:48.069678,0 days 00:00:21.412206,0.07807434461424614,80,192,240,176.0,,3,2,1,0.006335295018705833,0.6,/work3/arnaou/checkpoints/Tc_trial_1336_best_state.pt,"{'learning_rate': 0.006335295018705833, 'lr_reduce': 0.6}",TPESampler,COMPLETE
1337,0.01638401299715042,2025-04-26 15:08:34.949610,2025-04-26 15:08:48.845935,0 days 00:00:13.896325,0.00978339292568944,128,192,256,64.0,,3,2,1,0.0038607617886882773,0.6,/work3/arnaou/checkpoints/Tc_trial_1337_best_state.pt,"{'learning_rate': 0.0038607617886882773, 'lr_reduce': 0.6}",TPESampler,COMPLETE
1338,0.014738034456968307,2025-04-26 15:08:35.824060,2025-04-26 15:08:56.890888,0 days 00:00:21.066828,0.05925494639803114,240,240,144,208.0,,3,2,1,0.0023598784634645317,0.6,/work3/arnaou/checkpoints/Tc_trial_1338_best_state.pt,"{'learning_rate': 0.0023598784634645317, 'lr_reduce': 0.6}",TPESampler,COMPLETE
1339,0.01717819832265377,2025-04-26 15:08:48.279271,2025-04-26 15:09:08.049459,0 days 00:00:19.770188,0.04965449496524987,224,144,256,144.0,,3,1,2,0.0031741469531448036,0.6,/work3/arnaou/checkpoints/Tc_trial_1339_best_state.pt,"{'learning_rate': 0.0031741469531448036, 'lr_reduce': 0.6}",TPESampler,COMPLETE
1340,0.019030699506402016,2025-04-26 15:08:49.033980,2025-04-26 15:09:11.734281,0 days 00:00:22.700301,0.047550627658458966,192,176,112,,,2,2,2,0.0014591575449217447,0.6,/work3/arnaou/checkpoints/Tc_trial_1340_best_state.pt,"{'learning_rate': 0.0014591575449217447, 'lr_reduce': 0.6}",TPESampler,COMPLETE
1341,0.027614334598183632,2025-04-26 15:08:57.135957,2025-04-26 15:09:18.209125,0 days 00:00:21.073168,0.06000620873609861,240,256,112,208.0,,3,2,1,0.00499848040909595,0.6,/work3/arnaou/checkpoints/Tc_trial_1341_best_state.pt,"{'learning_rate': 0.00499848040909595, 'lr_reduce': 0.6}",TPESampler,COMPLETE
1342,0.028527265414595604,2025-04-26 15:09:08.262980,2025-04-26 15:09:31.902423,0 days 00:00:23.639443,0.07335582046379593,256,256,256,160.0,80.0,4,2,2,0.009171555892433864,0.6,/work3/arnaou/checkpoints/Tc_trial_1342_best_state.pt,"{'learning_rate': 0.009171555892433864, 'lr_reduce': 0.6}",TPESampler,COMPLETE
1343,0.018316185101866722,2025-04-26 15:09:11.951733,2025-04-26 15:09:31.754445,0 days 00:00:19.802712,0.06624102804799065,240,224,112,192.0,,3,2,1,0.001489232872777181,0.6,/work3/arnaou/checkpoints/Tc_trial_1343_best_state.pt,"{'learning_rate': 0.001489232872777181, 'lr_reduce': 0.6}",TPESampler,COMPLETE
1344,0.01793568953871727,2025-04-26 15:09:18.466068,2025-04-26 15:09:39.405302,0 days 00:00:20.939234,0.08617741590753902,240,240,144,128.0,,3,2,1,0.0011614573157064543,0.6,/work3/arnaou/checkpoints/Tc_trial_1344_best_state.pt,"{'learning_rate': 0.0011614573157064543, 'lr_reduce': 0.6}",TPESampler,COMPLETE
1345,0.01858319155871868,2025-04-26 15:09:31.961869,2025-04-26 15:09:52.474666,0 days 00:00:20.512797,0.032460491310428795,192,160,256,224.0,32.0,4,1,1,0.005222951617564133,0.6,/work3/arnaou/checkpoints/Tc_trial_1345_best_state.pt,"{'learning_rate': 0.005222951617564133, 'lr_reduce': 0.6}",TPESampler,COMPLETE
1346,0.02194727584719658,2025-04-26 15:09:32.122849,2025-04-26 15:09:53.399393,0 days 00:00:21.276544,0.0032825141107528585,240,224,144,176.0,,3,1,2,0.0072252625498325914,0.6,/work3/arnaou/checkpoints/Tc_trial_1346_best_state.pt,"{'learning_rate': 0.0072252625498325914, 'lr_reduce': 0.6}",TPESampler,COMPLETE
1347,0.031062064692378044,2025-04-26 15:09:39.661818,2025-04-26 15:09:59.671198,0 days 00:00:20.009380,0.0040246815243623855,256,240,176,,,2,1,1,0.00646401806003679,0.6,/work3/arnaou/checkpoints/Tc_trial_1347_best_state.pt,"{'learning_rate': 0.00646401806003679, 'lr_reduce': 0.6}",TPESampler,COMPLETE
1348,0.046255774796009064,2025-04-26 15:09:52.856776,2025-04-26 15:10:10.638905,0 days 00:00:17.782129,0.2599519262842364,192,64,208,80.0,,3,1,2,0.0007846173948820157,0.6,/work3/arnaou/checkpoints/Tc_trial_1348_best_state.pt,"{'learning_rate': 0.0007846173948820157, 'lr_reduce': 0.6}",TPESampler,COMPLETE
1349,0.01821204274892807,2025-04-26 15:09:53.646009,2025-04-26 15:10:14.068307,0 days 00:00:20.422298,0.005403005811374092,192,240,128,160.0,64.0,4,2,1,0.0027620205007558418,0.6,/work3/arnaou/checkpoints/Tc_trial_1349_best_state.pt,"{'learning_rate': 0.0027620205007558418, 'lr_reduce': 0.6}",TPESampler,COMPLETE
1350,0.017564447596669197,2025-04-26 15:09:59.910538,2025-04-26 15:10:22.390770,0 days 00:00:22.480232,0.06269100699380567,240,240,176,192.0,,3,2,1,0.0014510195167323852,0.6,/work3/arnaou/checkpoints/Tc_trial_1350_best_state.pt,"{'learning_rate': 0.0014510195167323852, 'lr_reduce': 0.6}",TPESampler,COMPLETE
1351,0.01629815250635147,2025-04-26 15:10:10.876517,2025-04-26 15:10:32.377803,0 days 00:00:21.501286,0.073142874372389,256,176,240,240.0,,3,1,1,0.003365523288340826,0.6,/work3/arnaou/checkpoints/Tc_trial_1351_best_state.pt,"{'learning_rate': 0.003365523288340826, 'lr_reduce': 0.6}",TPESampler,COMPLETE
1352,0.060723867267370224,2025-04-26 15:10:14.272375,2025-04-26 15:10:25.086099,0 days 00:00:10.813724,0.21804326627849552,192,32,80,128.0,112.0,4,3,1,0.00479111416758805,0.6,/work3/arnaou/checkpoints/Tc_trial_1352_best_state.pt,"{'learning_rate': 0.00479111416758805, 'lr_reduce': 0.6}",TPESampler,COMPLETE
1353,0.019180603325366974,2025-04-26 15:10:22.655494,2025-04-26 15:10:45.591352,0 days 00:00:22.935858,0.0439535874545354,256,208,192,160.0,80.0,4,2,1,0.004008996845787289,0.6,/work3/arnaou/checkpoints/Tc_trial_1353_best_state.pt,"{'learning_rate': 0.004008996845787289, 'lr_reduce': 0.6}",TPESampler,COMPLETE
1354,0.020340703427791595,2025-04-26 15:10:25.288718,2025-04-26 15:10:47.284750,0 days 00:00:21.996032,0.06046421548566064,176,176,112,208.0,,3,2,1,0.001680952807274228,0.6,/work3/arnaou/checkpoints/Tc_trial_1354_best_state.pt,"{'learning_rate': 0.001680952807274228, 'lr_reduce': 0.6}",TPESampler,COMPLETE
1355,0.02059382200241089,2025-04-26 15:10:32.600997,2025-04-26 15:11:02.105813,0 days 00:00:29.504816,0.03413194700331787,176,32,80,176.0,64.0,4,4,4,0.002001583526690417,0.6,/work3/arnaou/checkpoints/Tc_trial_1355_best_state.pt,"{'learning_rate': 0.002001583526690417, 'lr_reduce': 0.6}",TPESampler,COMPLETE
1356,0.016561124473810196,2025-04-26 15:10:46.007269,2025-04-26 15:11:10.818682,0 days 00:00:24.811413,0.08994712002626186,224,256,80,144.0,,3,2,2,0.004258789940098397,0.6,/work3/arnaou/checkpoints/Tc_trial_1356_best_state.pt,"{'learning_rate': 0.004258789940098397, 'lr_reduce': 0.6}",TPESampler,COMPLETE
1357,0.01991228014230728,2025-04-26 15:10:47.504598,2025-04-26 15:11:05.092793,0 days 00:00:17.588195,0.03065167737218142,256,256,208,192.0,,3,1,1,0.007745055285176246,0.6,/work3/arnaou/checkpoints/Tc_trial_1357_best_state.pt,"{'learning_rate': 0.007745055285176246, 'lr_reduce': 0.6}",TPESampler,COMPLETE
1358,0.01571405492722988,2025-04-26 15:11:02.389820,2025-04-26 15:11:25.006985,0 days 00:00:22.617165,0.07983583832620067,208,256,128,224.0,,3,2,1,0.0019590678412011626,0.6,/work3/arnaou/checkpoints/Tc_trial_1358_best_state.pt,"{'learning_rate': 0.0019590678412011626, 'lr_reduce': 0.6}",TPESampler,COMPLETE
1359,0.017135120928287506,2025-04-26 15:11:05.332444,2025-04-26 15:11:29.274322,0 days 00:00:23.941878,0.019027286208895818,256,208,256,160.0,,3,2,2,0.0018760730622985168,0.6,/work3/arnaou/checkpoints/Tc_trial_1359_best_state.pt,"{'learning_rate': 0.0018760730622985168, 'lr_reduce': 0.6}",TPESampler,COMPLETE
1360,0.019333265721797943,2025-04-26 15:11:11.038239,2025-04-26 15:11:26.141037,0 days 00:00:15.102798,0.0064901629400729525,240,256,160,,,2,2,1,0.008309294799014965,0.6,/work3/arnaou/checkpoints/Tc_trial_1360_best_state.pt,"{'learning_rate': 0.008309294799014965, 'lr_reduce': 0.6}",TPESampler,COMPLETE
1361,0.015250313095748425,2025-04-26 15:11:25.208344,2025-04-26 15:11:42.151643,0 days 00:00:16.943299,0.010801816308433528,224,160,256,128.0,96.0,4,1,1,0.006354011804479813,0.6,/work3/arnaou/checkpoints/Tc_trial_1361_best_state.pt,"{'learning_rate': 0.006354011804479813, 'lr_reduce': 0.6}",TPESampler,COMPLETE
1362,0.015608923509716988,2025-04-26 15:11:26.395646,2025-04-26 15:11:38.719174,0 days 00:00:12.323528,0.07240217194119009,240,256,128,192.0,,3,1,1,0.004433532965582364,0.6,/work3/arnaou/checkpoints/Tc_trial_1362_best_state.pt,"{'learning_rate': 0.004433532965582364, 'lr_reduce': 0.6}",TPESampler,COMPLETE
1363,0.023208515718579292,2025-04-26 15:11:29.514584,2025-04-26 15:11:48.059010,0 days 00:00:18.544426,0.012224083129775118,144,160,240,256.0,,3,1,2,0.0027904012443825317,0.6,/work3/arnaou/checkpoints/Tc_trial_1363_best_state.pt,"{'learning_rate': 0.0027904012443825317, 'lr_reduce': 0.6}",TPESampler,COMPLETE
1364,0.018041281029582024,2025-04-26 15:11:38.939940,2025-04-26 15:11:58.139153,0 days 00:00:19.199213,0.023842695624796868,192,192,224,,,2,3,1,0.0017476211551419344,0.6,/work3/arnaou/checkpoints/Tc_trial_1364_best_state.pt,"{'learning_rate': 0.0017476211551419344, 'lr_reduce': 0.6}",TPESampler,COMPLETE
1365,0.020432595163583755,2025-04-26 15:11:42.369396,2025-04-26 15:12:04.289190,0 days 00:00:21.919794,0.0810485685025538,240,224,96,176.0,48.0,4,2,2,0.002937216380103033,0.6,/work3/arnaou/checkpoints/Tc_trial_1365_best_state.pt,"{'learning_rate': 0.002937216380103033, 'lr_reduce': 0.6}",TPESampler,COMPLETE
1366,0.08024302124977112,2025-04-26 15:11:48.295639,2025-04-26 15:11:57.645300,0 days 00:00:09.349661,0.2851626493804277,224,32,176,144.0,80.0,4,1,1,0.0025270291026437833,0.6,/work3/arnaou/checkpoints/Tc_trial_1366_best_state.pt,"{'learning_rate': 0.0025270291026437833, 'lr_reduce': 0.6}",TPESampler,COMPLETE
1367,0.017797647044062614,2025-04-26 15:11:57.845680,2025-04-26 15:12:19.013217,0 days 00:00:21.167537,0.024014911184401685,256,240,176,96.0,,3,2,1,0.0028722563174325352,0.6,/work3/arnaou/checkpoints/Tc_trial_1367_best_state.pt,"{'learning_rate': 0.0028722563174325352, 'lr_reduce': 0.6}",TPESampler,COMPLETE
1368,0.02410236746072769,2025-04-26 15:11:58.376641,2025-04-26 15:12:24.321121,0 days 00:00:25.944480,0.13540511286373022,224,128,80,,,2,4,2,0.002776065925643789,0.6,/work3/arnaou/checkpoints/Tc_trial_1368_best_state.pt,"{'learning_rate': 0.002776065925643789, 'lr_reduce': 0.6}",TPESampler,COMPLETE
1369,0.016300847753882408,2025-04-26 15:12:04.506531,2025-04-26 15:12:25.795840,0 days 00:00:21.289309,0.06404270797886999,256,256,176,224.0,,3,2,1,0.0031120613581292877,0.6,/work3/arnaou/checkpoints/Tc_trial_1369_best_state.pt,"{'learning_rate': 0.0031120613581292877, 'lr_reduce': 0.6}",TPESampler,COMPLETE
1370,0.026319580152630806,2025-04-26 15:12:19.257231,2025-04-26 15:12:38.452651,0 days 00:00:19.195420,0.0504852835292549,224,144,176,160.0,48.0,4,1,2,0.008735518549934058,0.6,/work3/arnaou/checkpoints/Tc_trial_1370_best_state.pt,"{'learning_rate': 0.008735518549934058, 'lr_reduce': 0.6}",TPESampler,COMPLETE
1371,0.017733870074152946,2025-04-26 15:12:24.547247,2025-04-26 15:12:47.836345,0 days 00:00:23.289098,0.05753397731147907,208,240,112,208.0,,3,2,2,0.001238888807129306,0.6,/work3/arnaou/checkpoints/Tc_trial_1371_best_state.pt,"{'learning_rate': 0.001238888807129306, 'lr_reduce': 0.6}",TPESampler,COMPLETE
1372,0.01976202428340912,2025-04-26 15:12:26.011126,2025-04-26 15:12:51.352919,0 days 00:00:25.341793,0.13311225935030646,208,240,176,176.0,,3,4,1,0.001183220126263657,0.6,/work3/arnaou/checkpoints/Tc_trial_1372_best_state.pt,"{'learning_rate': 0.001183220126263657, 'lr_reduce': 0.6}",TPESampler,COMPLETE
1373,0.022905737161636353,2025-04-26 15:12:38.675552,2025-04-26 15:13:03.236519,0 days 00:00:24.560967,0.014590612654274273,208,144,256,144.0,128.0,4,1,2,0.0008085154344594063,0.6,/work3/arnaou/checkpoints/Tc_trial_1373_best_state.pt,"{'learning_rate': 0.0008085154344594063, 'lr_reduce': 0.6}",TPESampler,COMPLETE
1374,0.09150372445583344,2025-04-26 15:12:48.062375,2025-04-26 15:13:17.147469,0 days 00:00:29.085094,0.2111430277038614,240,160,240,192.0,,3,2,4,0.00011658674308939851,0.6,/work3/arnaou/checkpoints/Tc_trial_1374_best_state.pt,"{'learning_rate': 0.00011658674308939851, 'lr_reduce': 0.6}",TPESampler,COMPLETE
1375,0.016909191384911537,2025-04-26 15:12:51.686553,2025-04-26 15:13:11.381314,0 days 00:00:19.694761,0.020994512542644145,160,192,240,112.0,96.0,4,2,2,0.003147591594802672,0.6,/work3/arnaou/checkpoints/Tc_trial_1375_best_state.pt,"{'learning_rate': 0.003147591594802672, 'lr_reduce': 0.6}",TPESampler,COMPLETE
1376,0.019556060433387756,2025-04-26 15:13:03.438688,2025-04-26 15:13:25.055262,0 days 00:00:21.616574,0.18359894837022642,256,224,128,176.0,64.0,4,1,3,0.0016915336751655201,0.6,/work3/arnaou/checkpoints/Tc_trial_1376_best_state.pt,"{'learning_rate': 0.0016915336751655201, 'lr_reduce': 0.6}",TPESampler,COMPLETE
1377,0.02031528763473034,2025-04-26 15:13:11.618331,2025-04-26 15:13:37.471272,0 days 00:00:25.852941,0.11122763117839293,192,256,256,208.0,32.0,4,4,1,0.004102885684951974,0.6,/work3/arnaou/checkpoints/Tc_trial_1377_best_state.pt,"{'learning_rate': 0.004102885684951974, 'lr_reduce': 0.6}",TPESampler,COMPLETE
1378,0.017374739050865173,2025-04-26 15:13:17.392240,2025-04-26 15:13:40.018523,0 days 00:00:22.626283,0.06377543944942043,256,160,256,80.0,,3,2,1,0.005253135716295425,0.6,/work3/arnaou/checkpoints/Tc_trial_1378_best_state.pt,"{'learning_rate': 0.005253135716295425, 'lr_reduce': 0.6}",TPESampler,COMPLETE
1379,0.018604271113872528,2025-04-26 15:13:25.274956,2025-04-26 15:13:52.158886,0 days 00:00:26.883930,0.016920064446654448,176,224,256,,,2,4,1,0.005112596114362036,0.6,/work3/arnaou/checkpoints/Tc_trial_1379_best_state.pt,"{'learning_rate': 0.005112596114362036, 'lr_reduce': 0.6}",TPESampler,COMPLETE
1380,0.02076505869626999,2025-04-26 15:13:37.698622,2025-04-26 15:13:59.992859,0 days 00:00:22.294237,0.03445210589956519,208,224,240,,,2,2,2,0.0010569130091772816,0.6,/work3/arnaou/checkpoints/Tc_trial_1380_best_state.pt,"{'learning_rate': 0.0010569130091772816, 'lr_reduce': 0.6}",TPESampler,COMPLETE
1381,0.018478937447071075,2025-04-26 15:13:40.249890,2025-04-26 15:13:57.738097,0 days 00:00:17.488207,0.11798933267601572,160,144,208,,,2,2,1,0.004369513230023637,0.6,/work3/arnaou/checkpoints/Tc_trial_1381_best_state.pt,"{'learning_rate': 0.004369513230023637, 'lr_reduce': 0.6}",TPESampler,COMPLETE
1382,0.025429634377360344,2025-04-26 15:13:52.388144,2025-04-26 15:14:17.587265,0 days 00:00:25.199121,0.18473962645288974,160,192,32,,,2,4,4,0.001351848775529706,0.6,/work3/arnaou/checkpoints/Tc_trial_1382_best_state.pt,"{'learning_rate': 0.001351848775529706, 'lr_reduce': 0.6}",TPESampler,COMPLETE
1383,0.04604463651776314,2025-04-26 15:13:57.960739,2025-04-26 15:14:13.255489,0 days 00:00:15.294750,0.2667970414069494,48,64,112,128.0,80.0,4,2,1,0.001396657467239402,0.6,/work3/arnaou/checkpoints/Tc_trial_1383_best_state.pt,"{'learning_rate': 0.001396657467239402, 'lr_reduce': 0.6}",TPESampler,COMPLETE
1384,0.022970102727413177,2025-04-26 15:14:00.190223,2025-04-26 15:14:18.034839,0 days 00:00:17.844616,0.06447293759854877,224,176,208,160.0,112.0,4,1,2,0.005162876263334112,0.6,/work3/arnaou/checkpoints/Tc_trial_1384_best_state.pt,"{'learning_rate': 0.005162876263334112, 'lr_reduce': 0.6}",TPESampler,COMPLETE
1385,0.02539977617561817,2025-04-26 15:14:13.470034,2025-04-26 15:14:35.226670,0 days 00:00:21.756636,0.01063812492709597,256,128,256,192.0,64.0,4,2,1,0.008366164335614542,0.6,/work3/arnaou/checkpoints/Tc_trial_1385_best_state.pt,"{'learning_rate': 0.008366164335614542, 'lr_reduce': 0.6}",TPESampler,COMPLETE
1386,0.019473303109407425,2025-04-26 15:14:17.804773,2025-04-26 15:14:32.959006,0 days 00:00:15.154233,0.05984725420266767,256,240,176,48.0,,3,1,1,0.0021705465380906196,0.6,/work3/arnaou/checkpoints/Tc_trial_1386_best_state.pt,"{'learning_rate': 0.0021705465380906196, 'lr_reduce': 0.6}",TPESampler,COMPLETE
1387,0.03335995599627495,2025-04-26 15:14:18.286218,2025-04-26 15:14:40.002372,0 days 00:00:21.716154,0.12502099137582046,176,256,192,240.0,,3,2,1,0.009128329839902728,0.6,/work3/arnaou/checkpoints/Tc_trial_1387_best_state.pt,"{'learning_rate': 0.009128329839902728, 'lr_reduce': 0.6}",TPESampler,COMPLETE
1388,0.01715276576578617,2025-04-26 15:14:33.197513,2025-04-26 15:14:56.037723,0 days 00:00:22.840210,0.05574700864305038,256,144,256,144.0,80.0,4,1,2,0.007816697071899763,0.6,/work3/arnaou/checkpoints/Tc_trial_1388_best_state.pt,"{'learning_rate': 0.007816697071899763, 'lr_reduce': 0.6}",TPESampler,COMPLETE
1389,0.022379634901881218,2025-04-26 15:14:35.430870,2025-04-26 15:14:58.423259,0 days 00:00:22.992389,0.15061151709564297,192,128,48,,,2,2,2,0.000987612043014144,0.6,/work3/arnaou/checkpoints/Tc_trial_1389_best_state.pt,"{'learning_rate': 0.000987612043014144, 'lr_reduce': 0.6}",TPESampler,COMPLETE
1390,0.023558352142572403,2025-04-26 15:14:40.232956,2025-04-26 15:15:03.836904,0 days 00:00:23.603948,0.22274273746324386,160,256,160,176.0,,3,3,1,0.005774062540465131,0.6,/work3/arnaou/checkpoints/Tc_trial_1390_best_state.pt,"{'learning_rate': 0.005774062540465131, 'lr_reduce': 0.6}",TPESampler,COMPLETE
1391,0.02052414044737816,2025-04-26 15:14:56.260249,2025-04-26 15:15:20.505932,0 days 00:00:24.245683,0.02409323334004538,224,208,160,208.0,,3,2,2,0.0012510212862546994,0.6,/work3/arnaou/checkpoints/Tc_trial_1391_best_state.pt,"{'learning_rate': 0.0012510212862546994, 'lr_reduce': 0.6}",TPESampler,COMPLETE
1392,0.02002762258052826,2025-04-26 15:14:58.617466,2025-04-26 15:15:20.676494,0 days 00:00:22.059028,0.06142264977785854,256,144,192,160.0,48.0,4,2,1,0.0028754887836237343,0.6,/work3/arnaou/checkpoints/Tc_trial_1392_best_state.pt,"{'learning_rate': 0.0028754887836237343, 'lr_reduce': 0.6}",TPESampler,COMPLETE
1393,0.016826989129185677,2025-04-26 15:15:04.071247,2025-04-26 15:15:25.724566,0 days 00:00:21.653319,0.14145097540009824,208,256,160,128.0,,3,2,1,0.005433227442223682,0.6,/work3/arnaou/checkpoints/Tc_trial_1393_best_state.pt,"{'learning_rate': 0.005433227442223682, 'lr_reduce': 0.6}",TPESampler,COMPLETE
1394,0.018454784527420998,2025-04-26 15:15:20.699230,2025-04-26 15:15:40.185394,0 days 00:00:19.486164,0.015916279592388775,256,160,240,192.0,,3,2,1,0.0023248025345012175,0.6,/work3/arnaou/checkpoints/Tc_trial_1394_best_state.pt,"{'learning_rate': 0.0023248025345012175, 'lr_reduce': 0.6}",TPESampler,COMPLETE
1395,0.022246960550546646,2025-04-26 15:15:20.859641,2025-04-26 15:15:40.268966,0 days 00:00:19.409325,0.004980189879176509,176,240,256,160.0,96.0,4,1,2,0.003540929895313486,0.6,/work3/arnaou/checkpoints/Tc_trial_1395_best_state.pt,"{'learning_rate': 0.003540929895313486, 'lr_reduce': 0.6}",TPESampler,COMPLETE
1396,0.056475281715393066,2025-04-26 15:15:26.019040,2025-04-26 15:15:37.200037,0 days 00:00:11.180997,0.01610059893746052,192,176,192,224.0,64.0,4,2,2,0.009937013934020215,0.6,/work3/arnaou/checkpoints/Tc_trial_1396_best_state.pt,"{'learning_rate': 0.009937013934020215, 'lr_reduce': 0.6}",TPESampler,COMPLETE
1397,0.023629719391465187,2025-04-26 15:15:37.446886,2025-04-26 15:15:52.664717,0 days 00:00:15.217831,0.012600246039673003,256,160,208,112.0,96.0,4,1,2,0.008984003761408824,0.6,/work3/arnaou/checkpoints/Tc_trial_1397_best_state.pt,"{'learning_rate': 0.008984003761408824, 'lr_reduce': 0.6}",TPESampler,COMPLETE
1398,0.019726933911442757,2025-04-26 15:15:40.417424,2025-04-26 15:16:06.674315,0 days 00:00:26.256891,0.04581086789617847,208,240,128,,,2,4,4,0.0019022131945132404,0.6,/work3/arnaou/checkpoints/Tc_trial_1398_best_state.pt,"{'learning_rate': 0.0019022131945132404, 'lr_reduce': 0.6}",TPESampler,COMPLETE
1399,0.018764678388834,2025-04-26 15:15:40.468586,2025-04-26 15:16:00.373531,0 days 00:00:19.904945,0.14179675735944675,128,256,176,176.0,,3,1,1,0.008643075091992141,0.6,/work3/arnaou/checkpoints/Tc_trial_1399_best_state.pt,"{'learning_rate': 0.008643075091992141, 'lr_reduce': 0.6}",TPESampler,COMPLETE
1400,0.01843569613993168,2025-04-26 15:15:52.894208,2025-04-26 15:16:13.900805,0 days 00:00:21.006597,0.008501235631197486,192,96,240,144.0,32.0,4,1,1,0.002500695392171801,0.6,/work3/arnaou/checkpoints/Tc_trial_1400_best_state.pt,"{'learning_rate': 0.002500695392171801, 'lr_reduce': 0.6}",TPESampler,COMPLETE
1401,0.02415492571890354,2025-04-26 15:16:00.582209,2025-04-26 15:16:23.126013,0 days 00:00:22.543804,0.07926251804178178,192,144,160,,,2,3,1,0.006004827947183121,0.6,/work3/arnaou/checkpoints/Tc_trial_1401_best_state.pt,"{'learning_rate': 0.006004827947183121, 'lr_reduce': 0.6}",TPESampler,COMPLETE
1402,0.021986106410622597,2025-04-26 15:16:06.893970,2025-04-26 15:16:23.402361,0 days 00:00:16.508391,0.08108587608972544,256,112,240,208.0,,3,2,1,0.002263173469451144,0.6,/work3/arnaou/checkpoints/Tc_trial_1402_best_state.pt,"{'learning_rate': 0.002263173469451144, 'lr_reduce': 0.6}",TPESampler,COMPLETE
