number,value,datetime_start,datetime_complete,duration,params_dropout,params_hidden_channels,params_mlp_dim_00,params_mlp_dim_01,params_mlp_dim_02,params_mlp_dim_03,params_mlp_n_layers,params_num_layers,params_num_timesteps,params_train_learning_rate,params_train_lr_reduce,user_attrs_best_state_dict_path,user_attrs_training_params,system_attrs_auto:sampler,state
491,0.03144104778766632,2025-04-26 13:28:17.443571,2025-04-26 13:28:45.275205,0 days 00:00:27.831634,0.13340463206079692,160,128,240,112.0,,3,4,4,0.0003707238442358423,0.6,/work3/arnaou/checkpoints/Tc_trial_491_best_state.pt,"{'learning_rate': 0.0003707238442358423, 'lr_reduce': 0.6}",TPESampler,COMPLETE
492,0.03890872746706009,2025-04-26 13:28:26.247500,2025-04-26 13:28:46.001012,0 days 00:00:19.753512,0.1429074784992954,64,240,32,192.0,,3,3,4,0.0012864635338011932,0.6,/work3/arnaou/checkpoints/Tc_trial_492_best_state.pt,"{'learning_rate': 0.0012864635338011932, 'lr_reduce': 0.6}",TPESampler,COMPLETE
493,0.03293076157569885,2025-04-26 13:28:32.569924,2025-04-26 13:28:55.453571,0 days 00:00:22.883647,0.17953528425565787,48,224,256,144.0,,3,4,1,0.0012036792122670848,0.6,/work3/arnaou/checkpoints/Tc_trial_493_best_state.pt,"{'learning_rate': 0.0012036792122670848, 'lr_reduce': 0.6}",TPESampler,COMPLETE
494,0.02796497568488121,2025-04-26 13:28:45.443307,2025-04-26 13:29:08.634631,0 days 00:00:23.191324,0.043068601141235854,208,176,208,160.0,,3,2,2,0.009474987046607803,0.6,/work3/arnaou/checkpoints/Tc_trial_494_best_state.pt,"{'learning_rate': 0.009474987046607803, 'lr_reduce': 0.6}",TPESampler,COMPLETE
495,0.02277558669447899,2025-04-26 13:28:46.164188,2025-04-26 13:29:09.463393,0 days 00:00:23.299205,0.00442494775524701,240,192,240,192.0,112.0,4,2,1,0.007693558996377709,0.6,/work3/arnaou/checkpoints/Tc_trial_495_best_state.pt,"{'learning_rate': 0.007693558996377709, 'lr_reduce': 0.6}",TPESampler,COMPLETE
496,0.023418761789798737,2025-04-26 13:28:55.668343,2025-04-26 13:29:21.856517,0 days 00:00:26.188174,0.2964608016092056,208,160,32,,,2,4,3,0.0021927812221144483,0.6,/work3/arnaou/checkpoints/Tc_trial_496_best_state.pt,"{'learning_rate': 0.0021927812221144483, 'lr_reduce': 0.6}",TPESampler,COMPLETE
497,0.016866957768797874,2025-04-26 13:29:08.816894,2025-04-26 13:29:25.391085,0 days 00:00:16.574191,0.0862010730745657,144,160,256,128.0,,3,1,1,0.0037582846788080182,0.6,/work3/arnaou/checkpoints/Tc_trial_497_best_state.pt,"{'learning_rate': 0.0037582846788080182, 'lr_reduce': 0.6}",TPESampler,COMPLETE
498,0.041865382343530655,2025-04-26 13:29:09.651803,2025-04-26 13:29:24.107055,0 days 00:00:14.455252,0.26871773702236323,80,112,32,160.0,,3,2,1,0.0014098132406001867,0.6,/work3/arnaou/checkpoints/Tc_trial_498_best_state.pt,"{'learning_rate': 0.0014098132406001867, 'lr_reduce': 0.6}",TPESampler,COMPLETE
499,0.1306849867105484,2025-04-26 13:29:22.047309,2025-04-26 13:29:35.127955,0 days 00:00:13.080646,0.29965069927468957,112,32,128,176.0,80.0,4,1,2,0.0008093294602355624,0.6,/work3/arnaou/checkpoints/Tc_trial_499_best_state.pt,"{'learning_rate': 0.0008093294602355624, 'lr_reduce': 0.6}",TPESampler,COMPLETE
500,0.020464235916733742,2025-04-26 13:29:24.279141,2025-04-26 13:29:42.352992,0 days 00:00:18.073851,0.06706589951408232,176,176,208,144.0,96.0,4,1,1,0.007392764085782871,0.6,/work3/arnaou/checkpoints/Tc_trial_500_best_state.pt,"{'learning_rate': 0.007392764085782871, 'lr_reduce': 0.6}",TPESampler,COMPLETE
501,0.1919131577014923,2025-04-26 13:29:25.583861,2025-04-26 13:29:58.024469,0 days 00:00:32.440608,0.2792618486571302,112,144,128,208.0,,3,2,3,0.00014637711697825298,0.6,/work3/arnaou/checkpoints/Tc_trial_501_best_state.pt,"{'learning_rate': 0.00014637711697825298, 'lr_reduce': 0.6}",TPESampler,COMPLETE
502,0.022636549547314644,2025-04-26 13:29:35.297479,2025-04-26 13:30:07.082557,0 days 00:00:31.785078,0.03719241996198341,256,160,240,,,2,3,2,0.0007482328425411016,0.6,/work3/arnaou/checkpoints/Tc_trial_502_best_state.pt,"{'learning_rate': 0.0007482328425411016, 'lr_reduce': 0.6}",TPESampler,COMPLETE
503,0.02010301500558853,2025-04-26 13:29:42.538638,2025-04-26 13:30:07.168883,0 days 00:00:24.630245,0.08624250394746474,176,160,176,,,2,1,2,0.004733543411766381,0.6,/work3/arnaou/checkpoints/Tc_trial_503_best_state.pt,"{'learning_rate': 0.004733543411766381, 'lr_reduce': 0.6}",TPESampler,COMPLETE
504,0.02320033498108387,2025-04-26 13:29:58.677642,2025-04-26 13:30:17.065487,0 days 00:00:18.387845,0.14088784258967965,192,240,144,176.0,,3,2,1,0.00699146424799283,0.6,/work3/arnaou/checkpoints/Tc_trial_504_best_state.pt,"{'learning_rate': 0.00699146424799283, 'lr_reduce': 0.6}",TPESampler,COMPLETE
505,0.017426954582333565,2025-04-26 13:30:07.246668,2025-04-26 13:30:23.798002,0 days 00:00:16.551334,0.09702248184814993,256,256,160,128.0,,3,1,1,0.0029152986722075303,0.6,/work3/arnaou/checkpoints/Tc_trial_505_best_state.pt,"{'learning_rate': 0.0029152986722075303, 'lr_reduce': 0.6}",TPESampler,COMPLETE
506,0.09003457427024841,2025-04-26 13:30:07.352975,2025-04-26 13:30:38.186697,0 days 00:00:30.833722,0.09145732748476731,64,256,112,160.0,,3,3,4,0.0001746811128483783,0.6,/work3/arnaou/checkpoints/Tc_trial_506_best_state.pt,"{'learning_rate': 0.0001746811128483783, 'lr_reduce': 0.6}",TPESampler,COMPLETE
507,0.024711547419428825,2025-04-26 13:30:17.231438,2025-04-26 13:30:39.684278,0 days 00:00:22.452840,0.10932495624230168,176,144,176,112.0,,3,2,2,0.005654577712377163,0.6,/work3/arnaou/checkpoints/Tc_trial_507_best_state.pt,"{'learning_rate': 0.005654577712377163, 'lr_reduce': 0.6}",TPESampler,COMPLETE
508,0.03252055123448372,2025-04-26 13:30:23.967654,2025-04-26 13:30:44.118815,0 days 00:00:20.151161,0.001404602248134098,256,128,256,192.0,,3,3,1,0.007675856748248751,0.6,/work3/arnaou/checkpoints/Tc_trial_508_best_state.pt,"{'learning_rate': 0.007675856748248751, 'lr_reduce': 0.6}",TPESampler,COMPLETE
509,0.02424025349318981,2025-04-26 13:30:38.361084,2025-04-26 13:30:56.793899,0 days 00:00:18.432815,0.1303469514541166,144,256,240,160.0,160.0,4,1,2,0.006924150186151128,0.6,/work3/arnaou/checkpoints/Tc_trial_509_best_state.pt,"{'learning_rate': 0.006924150186151128, 'lr_reduce': 0.6}",TPESampler,COMPLETE
510,0.016773393377661705,2025-04-26 13:30:39.878438,2025-04-26 13:30:59.037919,0 days 00:00:19.159481,0.006781125077584093,224,240,176,144.0,,3,1,1,0.0039690261214054496,0.6,/work3/arnaou/checkpoints/Tc_trial_510_best_state.pt,"{'learning_rate': 0.0039690261214054496, 'lr_reduce': 0.6}",TPESampler,COMPLETE
511,0.022006265819072723,2025-04-26 13:30:44.303624,2025-04-26 13:31:04.628352,0 days 00:00:20.324728,0.05803990610700985,176,112,256,,,2,2,1,0.00567795550596206,0.6,/work3/arnaou/checkpoints/Tc_trial_511_best_state.pt,"{'learning_rate': 0.00567795550596206, 'lr_reduce': 0.6}",TPESampler,COMPLETE
512,0.021119724959135056,2025-04-26 13:30:56.994259,2025-04-26 13:31:11.971142,0 days 00:00:14.976883,0.129330445898108,176,192,192,192.0,,3,1,1,0.004125764866608143,0.6,/work3/arnaou/checkpoints/Tc_trial_512_best_state.pt,"{'learning_rate': 0.004125764866608143, 'lr_reduce': 0.6}",TPESampler,COMPLETE
513,0.019386669620871544,2025-04-26 13:30:59.210575,2025-04-26 13:31:19.099018,0 days 00:00:19.888443,0.01487081325696852,208,176,176,160.0,,3,2,1,0.003008883581473258,0.6,/work3/arnaou/checkpoints/Tc_trial_513_best_state.pt,"{'learning_rate': 0.003008883581473258, 'lr_reduce': 0.6}",TPESampler,COMPLETE
514,0.042298268526792526,2025-04-26 13:31:04.826889,2025-04-26 13:31:28.848905,0 days 00:00:24.022016,0.005056172789635036,224,224,128,112.0,,3,3,2,0.009700017334971648,0.6,/work3/arnaou/checkpoints/Tc_trial_514_best_state.pt,"{'learning_rate': 0.009700017334971648, 'lr_reduce': 0.6}",TPESampler,COMPLETE
515,0.02367803081870079,2025-04-26 13:31:12.149444,2025-04-26 13:31:31.313530,0 days 00:00:19.164086,0.033507547048678726,256,208,192,176.0,,3,2,1,0.007000354262312784,0.6,/work3/arnaou/checkpoints/Tc_trial_515_best_state.pt,"{'learning_rate': 0.007000354262312784, 'lr_reduce': 0.6}",TPESampler,COMPLETE
516,0.02274937927722931,2025-04-26 13:31:19.282942,2025-04-26 13:31:40.751685,0 days 00:00:21.468743,0.18227196430285042,160,192,224,224.0,,3,1,3,0.0026885494829186896,0.6,/work3/arnaou/checkpoints/Tc_trial_516_best_state.pt,"{'learning_rate': 0.0026885494829186896, 'lr_reduce': 0.6}",TPESampler,COMPLETE
517,0.019587978720664978,2025-04-26 13:31:29.023110,2025-04-26 13:31:52.662000,0 days 00:00:23.638890,0.10226551325164494,176,208,48,,,2,4,2,0.005393167434503864,0.6,/work3/arnaou/checkpoints/Tc_trial_517_best_state.pt,"{'learning_rate': 0.005393167434503864, 'lr_reduce': 0.6}",TPESampler,COMPLETE
518,0.020389510318636894,2025-04-26 13:31:31.472051,2025-04-26 13:31:53.493229,0 days 00:00:22.021178,0.002088618040605613,176,96,176,,,2,3,1,0.006052007022241582,0.6,/work3/arnaou/checkpoints/Tc_trial_518_best_state.pt,"{'learning_rate': 0.006052007022241582, 'lr_reduce': 0.6}",TPESampler,COMPLETE
519,0.01767321303486824,2025-04-26 13:31:40.912679,2025-04-26 13:31:58.997166,0 days 00:00:18.084487,0.030673200396732842,112,176,256,144.0,64.0,4,1,2,0.005071997782260952,0.6,/work3/arnaou/checkpoints/Tc_trial_519_best_state.pt,"{'learning_rate': 0.005071997782260952, 'lr_reduce': 0.6}",TPESampler,COMPLETE
520,0.02124236337840557,2025-04-26 13:31:52.844702,2025-04-26 13:32:13.507523,0 days 00:00:20.662821,0.005811728279144708,192,240,208,176.0,,3,2,1,0.007170644220283618,0.6,/work3/arnaou/checkpoints/Tc_trial_520_best_state.pt,"{'learning_rate': 0.007170644220283618, 'lr_reduce': 0.6}",TPESampler,COMPLETE
521,0.01726873219013214,2025-04-26 13:31:53.663388,2025-04-26 13:32:12.787548,0 days 00:00:19.124160,0.02872020154350524,256,256,208,,,2,2,1,0.0027460149770795594,0.6,/work3/arnaou/checkpoints/Tc_trial_521_best_state.pt,"{'learning_rate': 0.0027460149770795594, 'lr_reduce': 0.6}",TPESampler,COMPLETE
522,0.04282550513744354,2025-04-26 13:31:59.185489,2025-04-26 13:32:24.945319,0 days 00:00:25.759830,0.28086903391753665,112,208,208,144.0,32.0,4,4,2,0.0008727220262760781,0.6,/work3/arnaou/checkpoints/Tc_trial_522_best_state.pt,"{'learning_rate': 0.0008727220262760781, 'lr_reduce': 0.6}",TPESampler,COMPLETE
523,0.015034135431051254,2025-04-26 13:32:12.974741,2025-04-26 13:32:33.119722,0 days 00:00:20.144981,0.11247321098579165,192,160,208,208.0,,3,1,2,0.0041629544370596116,0.6,/work3/arnaou/checkpoints/Tc_trial_523_best_state.pt,"{'learning_rate': 0.0041629544370596116, 'lr_reduce': 0.6}",TPESampler,COMPLETE
524,0.017675787210464478,2025-04-26 13:32:13.694683,2025-04-26 13:32:34.334982,0 days 00:00:20.640299,0.035038913979366815,208,176,240,176.0,,3,2,1,0.004614310562384862,0.6,/work3/arnaou/checkpoints/Tc_trial_524_best_state.pt,"{'learning_rate': 0.004614310562384862, 'lr_reduce': 0.6}",TPESampler,COMPLETE
525,0.029126115143299103,2025-04-26 13:32:25.114544,2025-04-26 13:32:37.751996,0 days 00:00:12.637452,0.26535132442503145,176,256,112,112.0,,3,2,1,0.00445055273310321,0.6,/work3/arnaou/checkpoints/Tc_trial_525_best_state.pt,"{'learning_rate': 0.00445055273310321, 'lr_reduce': 0.6}",TPESampler,COMPLETE
526,0.01747782900929451,2025-04-26 13:32:33.306181,2025-04-26 13:32:56.309858,0 days 00:00:23.003677,0.0525621982730853,192,224,208,224.0,,3,1,2,0.006135691371907894,0.6,/work3/arnaou/checkpoints/Tc_trial_526_best_state.pt,"{'learning_rate': 0.006135691371907894, 'lr_reduce': 0.6}",TPESampler,COMPLETE
527,0.01764933578670025,2025-04-26 13:32:34.492948,2025-04-26 13:32:55.942477,0 days 00:00:21.449529,0.13184524682446527,240,176,176,,,2,1,2,0.002586202622078845,0.6,/work3/arnaou/checkpoints/Tc_trial_527_best_state.pt,"{'learning_rate': 0.002586202622078845, 'lr_reduce': 0.6}",TPESampler,COMPLETE
528,0.016406813636422157,2025-04-26 13:32:37.961918,2025-04-26 13:33:01.676013,0 days 00:00:23.714095,0.019159208672877282,240,160,256,224.0,,3,3,1,0.002428857323409957,0.6,/work3/arnaou/checkpoints/Tc_trial_528_best_state.pt,"{'learning_rate': 0.002428857323409957, 'lr_reduce': 0.6}",TPESampler,COMPLETE
529,0.020508773624897003,2025-04-26 13:32:56.258933,2025-04-26 13:33:17.017278,0 days 00:00:20.758345,0.005606138820091762,128,192,208,208.0,128.0,4,1,2,0.0096960021998307,0.6,/work3/arnaou/checkpoints/Tc_trial_529_best_state.pt,"{'learning_rate': 0.0096960021998307, 'lr_reduce': 0.6}",TPESampler,COMPLETE
530,0.016982609406113625,2025-04-26 13:32:56.531451,2025-04-26 13:33:12.928860,0 days 00:00:16.397409,0.06761827727264015,256,160,240,,,2,2,1,0.0016303483681257812,0.6,/work3/arnaou/checkpoints/Tc_trial_530_best_state.pt,"{'learning_rate': 0.0016303483681257812, 'lr_reduce': 0.6}",TPESampler,COMPLETE
531,0.23558461666107178,2025-04-26 13:33:01.888128,2025-04-26 13:33:31.091796,0 days 00:00:29.203668,0.10400715851738396,32,64,256,224.0,80.0,4,3,4,0.00014372103956731546,0.6,/work3/arnaou/checkpoints/Tc_trial_531_best_state.pt,"{'learning_rate': 0.00014372103956731546, 'lr_reduce': 0.6}",TPESampler,COMPLETE
532,0.020032573491334915,2025-04-26 13:33:13.293795,2025-04-26 13:33:32.886777,0 days 00:00:19.592982,0.016841418965964763,112,96,192,,,2,1,1,0.007920568879491524,0.6,/work3/arnaou/checkpoints/Tc_trial_532_best_state.pt,"{'learning_rate': 0.007920568879491524, 'lr_reduce': 0.6}",TPESampler,COMPLETE
533,0.020399000495672226,2025-04-26 13:33:17.183965,2025-04-26 13:33:37.792967,0 days 00:00:20.609002,0.18904312049993766,128,224,144,256.0,,3,2,2,0.003507179958774149,0.6,/work3/arnaou/checkpoints/Tc_trial_533_best_state.pt,"{'learning_rate': 0.003507179958774149, 'lr_reduce': 0.6}",TPESampler,COMPLETE
534,0.020437290892004967,2025-04-26 13:33:31.281506,2025-04-26 13:33:49.127842,0 days 00:00:17.846336,0.06537454773340408,208,128,192,208.0,,3,1,3,0.004958466725474628,0.6,/work3/arnaou/checkpoints/Tc_trial_534_best_state.pt,"{'learning_rate': 0.004958466725474628, 'lr_reduce': 0.6}",TPESampler,COMPLETE
535,0.016429081559181213,2025-04-26 13:33:33.073732,2025-04-26 13:33:57.649770,0 days 00:00:24.576038,0.0143864585210651,256,176,256,,,2,3,1,0.0006063438830289631,0.6,/work3/arnaou/checkpoints/Tc_trial_535_best_state.pt,"{'learning_rate': 0.0006063438830289631, 'lr_reduce': 0.6}",TPESampler,COMPLETE
536,0.018999513238668442,2025-04-26 13:33:37.990358,2025-04-26 13:33:58.350746,0 days 00:00:20.360388,0.06405003829723932,208,192,256,192.0,112.0,4,1,1,0.004470981053427431,0.6,/work3/arnaou/checkpoints/Tc_trial_536_best_state.pt,"{'learning_rate': 0.004470981053427431, 'lr_reduce': 0.6}",TPESampler,COMPLETE
537,0.018082141876220703,2025-04-26 13:33:49.311883,2025-04-26 13:34:06.307233,0 days 00:00:16.995350,0.029924936713286193,256,176,240,192.0,,3,2,1,0.0022291677300280335,0.6,/work3/arnaou/checkpoints/Tc_trial_537_best_state.pt,"{'learning_rate': 0.0022291677300280335, 'lr_reduce': 0.6}",TPESampler,COMPLETE
538,0.018124280497431755,2025-04-26 13:33:57.843938,2025-04-26 13:34:16.250957,0 days 00:00:18.407019,0.00410329201179775,240,224,208,208.0,64.0,4,1,1,0.006600396968722344,0.6,/work3/arnaou/checkpoints/Tc_trial_538_best_state.pt,"{'learning_rate': 0.006600396968722344, 'lr_reduce': 0.6}",TPESampler,COMPLETE
539,0.10106972604990005,2025-04-26 13:33:58.536317,2025-04-26 13:34:24.283841,0 days 00:00:25.747524,0.1288938123136553,32,208,96,176.0,256.0,4,3,2,0.0004860012661955924,0.6,/work3/arnaou/checkpoints/Tc_trial_539_best_state.pt,"{'learning_rate': 0.0004860012661955924, 'lr_reduce': 0.6}",TPESampler,COMPLETE
540,0.039391256868839264,2025-04-26 13:34:06.656275,2025-04-26 13:34:22.135476,0 days 00:00:15.479201,0.09906847363157766,96,48,128,144.0,96.0,4,2,2,0.00197146184937589,0.6,/work3/arnaou/checkpoints/Tc_trial_540_best_state.pt,"{'learning_rate': 0.00197146184937589, 'lr_reduce': 0.6}",TPESampler,COMPLETE
541,0.027506083250045776,2025-04-26 13:34:16.419703,2025-04-26 13:34:36.607074,0 days 00:00:20.187371,0.1336184548832008,208,256,208,192.0,32.0,4,2,1,0.005808743380483396,0.6,/work3/arnaou/checkpoints/Tc_trial_541_best_state.pt,"{'learning_rate': 0.005808743380483396, 'lr_reduce': 0.6}",TPESampler,COMPLETE
542,0.02033861167728901,2025-04-26 13:34:22.327410,2025-04-26 13:34:40.766888,0 days 00:00:18.439478,0.1457260032809551,224,192,160,160.0,,3,1,1,0.002320958808186736,0.6,/work3/arnaou/checkpoints/Tc_trial_542_best_state.pt,"{'learning_rate': 0.002320958808186736, 'lr_reduce': 0.6}",TPESampler,COMPLETE
543,0.020388949662446976,2025-04-26 13:34:24.462112,2025-04-26 13:34:45.667952,0 days 00:00:21.205840,0.1913842167009869,176,176,192,160.0,,3,1,2,0.0034930429149260625,0.6,/work3/arnaou/checkpoints/Tc_trial_543_best_state.pt,"{'learning_rate': 0.0034930429149260625, 'lr_reduce': 0.6}",TPESampler,COMPLETE
544,0.020751161500811577,2025-04-26 13:34:36.799961,2025-04-26 13:34:53.640107,0 days 00:00:16.840146,0.17309007307243301,240,240,128,192.0,,3,2,2,0.003458313999093741,0.6,/work3/arnaou/checkpoints/Tc_trial_544_best_state.pt,"{'learning_rate': 0.003458313999093741, 'lr_reduce': 0.6}",TPESampler,COMPLETE
545,0.022473983466625214,2025-04-26 13:34:40.972074,2025-04-26 13:34:59.365696,0 days 00:00:18.393622,0.12656123184247178,192,160,208,144.0,,3,1,2,0.006355278141446639,0.6,/work3/arnaou/checkpoints/Tc_trial_545_best_state.pt,"{'learning_rate': 0.006355278141446639, 'lr_reduce': 0.6}",TPESampler,COMPLETE
546,0.034297287464141846,2025-04-26 13:34:45.861738,2025-04-26 13:34:58.675447,0 days 00:00:12.813709,0.2498529002994322,64,80,256,176.0,176.0,4,2,1,0.008244453966667287,0.6,/work3/arnaou/checkpoints/Tc_trial_546_best_state.pt,"{'learning_rate': 0.008244453966667287, 'lr_reduce': 0.6}",TPESampler,COMPLETE
547,0.021952148526906967,2025-04-26 13:34:53.811453,2025-04-26 13:35:18.520992,0 days 00:00:24.709539,0.04075151140471002,256,192,224,208.0,80.0,4,3,1,0.0006171063110428945,0.6,/work3/arnaou/checkpoints/Tc_trial_547_best_state.pt,"{'learning_rate': 0.0006171063110428945, 'lr_reduce': 0.6}",TPESampler,COMPLETE
548,0.019770408049225807,2025-04-26 13:34:58.878782,2025-04-26 13:35:14.768575,0 days 00:00:15.889793,0.1352751522732086,192,160,224,,,2,1,2,0.0028295131659518804,0.6,/work3/arnaou/checkpoints/Tc_trial_548_best_state.pt,"{'learning_rate': 0.0028295131659518804, 'lr_reduce': 0.6}",TPESampler,COMPLETE
549,0.016531238332390785,2025-04-26 13:34:59.545004,2025-04-26 13:35:20.294565,0 days 00:00:20.749561,0.05993610033803852,176,128,192,144.0,,3,2,1,0.007756390271435899,0.6,/work3/arnaou/checkpoints/Tc_trial_549_best_state.pt,"{'learning_rate': 0.007756390271435899, 'lr_reduce': 0.6}",TPESampler,COMPLETE
550,0.016412751749157906,2025-04-26 13:35:14.940867,2025-04-26 13:35:34.072492,0 days 00:00:19.131625,0.07072763150660244,176,160,176,176.0,,3,1,1,0.001983734416129668,0.6,/work3/arnaou/checkpoints/Tc_trial_550_best_state.pt,"{'learning_rate': 0.001983734416129668, 'lr_reduce': 0.6}",TPESampler,COMPLETE
551,0.020689411088824272,2025-04-26 13:35:18.894944,2025-04-26 13:35:40.542823,0 days 00:00:21.647879,0.027546013692737785,176,160,128,,,2,2,1,0.005572019843539782,0.6,/work3/arnaou/checkpoints/Tc_trial_551_best_state.pt,"{'learning_rate': 0.005572019843539782, 'lr_reduce': 0.6}",TPESampler,COMPLETE
552,0.023218709975481033,2025-04-26 13:35:20.466459,2025-04-26 13:35:40.671201,0 days 00:00:20.204742,0.11833687366434201,192,224,208,,,2,2,1,0.009108662746973015,0.6,/work3/arnaou/checkpoints/Tc_trial_552_best_state.pt,"{'learning_rate': 0.009108662746973015, 'lr_reduce': 0.6}",TPESampler,COMPLETE
553,0.01729106530547142,2025-04-26 13:35:34.248972,2025-04-26 13:35:53.597056,0 days 00:00:19.348084,0.08738447723563467,192,240,192,128.0,,3,2,1,0.0022364027635361334,0.6,/work3/arnaou/checkpoints/Tc_trial_553_best_state.pt,"{'learning_rate': 0.0022364027635361334, 'lr_reduce': 0.6}",TPESampler,COMPLETE
554,0.02096896804869175,2025-04-26 13:35:40.742407,2025-04-26 13:36:01.445777,0 days 00:00:20.703370,0.039557727892283304,144,224,32,,,2,2,3,0.003236825905219411,0.6,/work3/arnaou/checkpoints/Tc_trial_554_best_state.pt,"{'learning_rate': 0.003236825905219411, 'lr_reduce': 0.6}",TPESampler,COMPLETE
555,0.0195896178483963,2025-04-26 13:35:40.833552,2025-04-26 13:35:54.194256,0 days 00:00:13.360704,0.06546467001990114,176,128,256,160.0,,3,1,2,0.003728511809836526,0.6,/work3/arnaou/checkpoints/Tc_trial_555_best_state.pt,"{'learning_rate': 0.003728511809836526, 'lr_reduce': 0.6}",TPESampler,COMPLETE
556,0.01728980801999569,2025-04-26 13:35:53.781801,2025-04-26 13:36:12.024924,0 days 00:00:18.243123,0.10622611463944669,208,256,128,192.0,,3,1,1,0.007385836120386942,0.6,/work3/arnaou/checkpoints/Tc_trial_556_best_state.pt,"{'learning_rate': 0.007385836120386942, 'lr_reduce': 0.6}",TPESampler,COMPLETE
557,0.020287806168198586,2025-04-26 13:35:54.343955,2025-04-26 13:36:17.860181,0 days 00:00:23.516226,0.13626215664592245,192,112,224,160.0,,3,2,3,0.00291285225600688,0.6,/work3/arnaou/checkpoints/Tc_trial_557_best_state.pt,"{'learning_rate': 0.00291285225600688, 'lr_reduce': 0.6}",TPESampler,COMPLETE
558,0.04078231006860733,2025-04-26 13:36:01.616996,2025-04-26 13:36:18.086598,0 days 00:00:16.469602,0.17848986967369723,48,240,32,240.0,128.0,4,3,2,0.00747229750966022,0.6,/work3/arnaou/checkpoints/Tc_trial_558_best_state.pt,"{'learning_rate': 0.00747229750966022, 'lr_reduce': 0.6}",TPESampler,COMPLETE
559,0.018203875049948692,2025-04-26 13:36:12.184107,2025-04-26 13:36:32.434863,0 days 00:00:20.250756,0.05078544111544072,240,224,192,128.0,,3,2,1,0.0012308624046917381,0.6,/work3/arnaou/checkpoints/Tc_trial_559_best_state.pt,"{'learning_rate': 0.0012308624046917381, 'lr_reduce': 0.6}",TPESampler,COMPLETE
560,0.020027058199048042,2025-04-26 13:36:18.048902,2025-04-26 13:36:36.473709,0 days 00:00:18.424807,0.1456813023389744,176,256,208,176.0,,3,1,1,0.0019626834858036016,0.6,/work3/arnaou/checkpoints/Tc_trial_560_best_state.pt,"{'learning_rate': 0.0019626834858036016, 'lr_reduce': 0.6}",TPESampler,COMPLETE
561,0.0231984481215477,2025-04-26 13:36:18.267449,2025-04-26 13:36:38.572033,0 days 00:00:20.304584,0.0049239685389495386,144,128,160,,,2,2,2,0.008494957607870323,0.6,/work3/arnaou/checkpoints/Tc_trial_561_best_state.pt,"{'learning_rate': 0.008494957607870323, 'lr_reduce': 0.6}",TPESampler,COMPLETE
