number,value,datetime_start,datetime_complete,duration,params_dropout,params_hidden_channels,params_mlp_dim_00,params_mlp_dim_01,params_mlp_dim_02,params_mlp_dim_03,params_mlp_n_layers,params_num_layers,params_num_timesteps,params_train_learning_rate,params_train_lr_reduce,user_attrs_best_state_dict_path,user_attrs_training_params,system_attrs_auto:sampler,state
140,0.019142940640449524,2025-04-26 12:46:24.985548,2025-04-26 12:46:42.721014,0 days 00:00:17.735466,0.00713306016782107,240,240,224,224.0,,3,2,1,0.0026695239874969688,0.6,/work3/arnaou/checkpoints/Tc_trial_140_best_state.pt,"{'learning_rate': 0.0026695239874969688, 'lr_reduce': 0.6}",TPESampler,COMPLETE
141,0.028121916577219963,2025-04-26 12:46:33.824469,2025-04-26 12:46:56.111462,0 days 00:00:22.286993,0.120652047336177,144,80,160,192.0,32.0,4,4,2,0.0056105809882797,0.6,/work3/arnaou/checkpoints/Tc_trial_141_best_state.pt,"{'learning_rate': 0.0056105809882797, 'lr_reduce': 0.6}",TPESampler,COMPLETE
142,0.021242747083306313,2025-04-26 12:46:42.863552,2025-04-26 12:47:00.509519,0 days 00:00:17.645967,0.04666384021498591,176,128,240,144.0,160.0,4,1,2,0.007735942007552503,0.6,/work3/arnaou/checkpoints/Tc_trial_142_best_state.pt,"{'learning_rate': 0.007735942007552503, 'lr_reduce': 0.6}",TPESampler,COMPLETE
143,0.03253857046365738,2025-04-26 12:46:44.899937,2025-04-26 12:47:03.456952,0 days 00:00:18.557015,0.08357219491982157,208,112,64,208.0,,3,3,1,0.009954538799913237,0.6,/work3/arnaou/checkpoints/Tc_trial_143_best_state.pt,"{'learning_rate': 0.009954538799913237, 'lr_reduce': 0.6}",TPESampler,COMPLETE
144,0.022135701030492783,2025-04-26 12:46:56.276243,2025-04-26 12:47:14.378331,0 days 00:00:18.102088,0.022478572655268238,256,176,224,192.0,,3,1,2,0.003821033271810767,0.6,/work3/arnaou/checkpoints/Tc_trial_144_best_state.pt,"{'learning_rate': 0.003821033271810767, 'lr_reduce': 0.6}",TPESampler,COMPLETE
145,0.0226967204362154,2025-04-26 12:47:00.684036,2025-04-26 12:47:22.216080,0 days 00:00:21.532044,0.014465814495475347,208,224,144,176.0,,3,2,1,0.003924576118453064,0.6,/work3/arnaou/checkpoints/Tc_trial_145_best_state.pt,"{'learning_rate': 0.003924576118453064, 'lr_reduce': 0.6}",TPESampler,COMPLETE
146,0.04397263005375862,2025-04-26 12:47:03.634215,2025-04-26 12:47:29.040592,0 days 00:00:25.406377,0.21267655632185306,240,128,176,192.0,,3,2,2,0.00015329243853303505,0.6,/work3/arnaou/checkpoints/Tc_trial_146_best_state.pt,"{'learning_rate': 0.00015329243853303505, 'lr_reduce': 0.6}",TPESampler,COMPLETE
147,0.02158624306321144,2025-04-26 12:47:14.554914,2025-04-26 12:47:37.032445,0 days 00:00:22.477531,0.017288408066350302,224,224,256,160.0,,3,1,1,0.005030063519817304,0.6,/work3/arnaou/checkpoints/Tc_trial_147_best_state.pt,"{'learning_rate': 0.005030063519817304, 'lr_reduce': 0.6}",TPESampler,COMPLETE
148,0.019606806337833405,2025-04-26 12:47:22.407029,2025-04-26 12:47:39.356674,0 days 00:00:16.949645,0.007169579535498126,256,176,192,192.0,,3,2,1,0.0022572599382092978,0.6,/work3/arnaou/checkpoints/Tc_trial_148_best_state.pt,"{'learning_rate': 0.0022572599382092978, 'lr_reduce': 0.6}",TPESampler,COMPLETE
149,0.06474100053310394,2025-04-26 12:47:29.195886,2025-04-26 12:47:59.390992,0 days 00:00:30.195106,0.09838845451150367,48,32,112,160.0,,3,4,1,0.0003483995741831536,0.6,/work3/arnaou/checkpoints/Tc_trial_149_best_state.pt,"{'learning_rate': 0.0003483995741831536, 'lr_reduce': 0.6}",TPESampler,COMPLETE
150,0.017366033047437668,2025-04-26 12:47:37.202087,2025-04-26 12:48:02.798678,0 days 00:00:25.596591,0.048446060797272594,224,208,128,256.0,,3,1,1,0.001176158549622512,0.6,/work3/arnaou/checkpoints/Tc_trial_150_best_state.pt,"{'learning_rate': 0.001176158549622512, 'lr_reduce': 0.6}",TPESampler,COMPLETE
151,0.025872277095913887,2025-04-26 12:47:39.675946,2025-04-26 12:48:06.147763,0 days 00:00:26.471817,0.28403852227116155,160,96,64,,,2,3,2,0.0011227115963884247,0.6,/work3/arnaou/checkpoints/Tc_trial_151_best_state.pt,"{'learning_rate': 0.0011227115963884247, 'lr_reduce': 0.6}",TPESampler,COMPLETE
152,0.019065367057919502,2025-04-26 12:47:59.542532,2025-04-26 12:48:31.760752,0 days 00:00:32.218220,0.0031411479123681797,240,256,192,208.0,,3,3,1,0.0011132948649397896,0.6,/work3/arnaou/checkpoints/Tc_trial_152_best_state.pt,"{'learning_rate': 0.0011132948649397896, 'lr_reduce': 0.6}",TPESampler,COMPLETE
153,0.020715823397040367,2025-04-26 12:48:02.973562,2025-04-26 12:48:33.503422,0 days 00:00:30.529860,0.2137226634146479,224,144,208,128.0,,3,1,2,0.0022179136797402317,0.6,/work3/arnaou/checkpoints/Tc_trial_153_best_state.pt,"{'learning_rate': 0.0022179136797402317, 'lr_reduce': 0.6}",TPESampler,COMPLETE
154,0.012904505245387554,2025-04-26 12:48:06.343752,2025-04-26 12:48:36.025063,0 days 00:00:29.681311,0.08966290349724301,176,144,256,160.0,,3,1,1,0.0053644645279717585,0.6,/work3/arnaou/checkpoints/Tc_trial_154_best_state.pt,"{'learning_rate': 0.0053644645279717585, 'lr_reduce': 0.6}",TPESampler,COMPLETE
155,0.024556543678045273,2025-04-26 12:48:31.940552,2025-04-26 12:49:12.164205,0 days 00:00:40.223653,0.09154453903039844,64,176,176,160.0,,3,4,4,0.002538801333791421,0.6,/work3/arnaou/checkpoints/Tc_trial_155_best_state.pt,"{'learning_rate': 0.002538801333791421, 'lr_reduce': 0.6}",TPESampler,COMPLETE
156,0.19171299040317535,2025-04-26 12:48:33.658428,2025-04-26 12:49:11.710164,0 days 00:00:38.051736,0.20989007247051972,240,48,144,,,2,4,1,0.00012405394074339995,0.6,/work3/arnaou/checkpoints/Tc_trial_156_best_state.pt,"{'learning_rate': 0.00012405394074339995, 'lr_reduce': 0.6}",TPESampler,COMPLETE
157,0.020589418709278107,2025-04-26 12:48:36.156550,2025-04-26 12:48:57.954194,0 days 00:00:21.797644,0.1523458384312003,160,160,208,176.0,,3,1,1,0.0016114874436976082,0.6,/work3/arnaou/checkpoints/Tc_trial_157_best_state.pt,"{'learning_rate': 0.0016114874436976082, 'lr_reduce': 0.6}",TPESampler,COMPLETE
158,0.030877601355314255,2025-04-26 12:48:58.099932,2025-04-26 12:49:31.042710,0 days 00:00:32.942778,0.009612363482465292,240,256,256,128.0,208.0,4,2,3,0.004074095517257203,0.6,/work3/arnaou/checkpoints/Tc_trial_158_best_state.pt,"{'learning_rate': 0.004074095517257203, 'lr_reduce': 0.6}",TPESampler,COMPLETE
159,0.019485527649521828,2025-04-26 12:49:11.874391,2025-04-26 12:49:25.891729,0 days 00:00:14.017338,0.10545289836098708,128,144,224,176.0,,3,1,1,0.005042028318239688,0.6,/work3/arnaou/checkpoints/Tc_trial_159_best_state.pt,"{'learning_rate': 0.005042028318239688, 'lr_reduce': 0.6}",TPESampler,COMPLETE
160,0.022201623767614365,2025-04-26 12:49:12.296168,2025-04-26 12:49:36.962499,0 days 00:00:24.666331,0.09818502352175677,240,256,224,,,2,2,1,0.0005541376384093004,0.6,/work3/arnaou/checkpoints/Tc_trial_160_best_state.pt,"{'learning_rate': 0.0005541376384093004, 'lr_reduce': 0.6}",TPESampler,COMPLETE
161,0.019504858180880547,2025-04-26 12:49:26.083008,2025-04-26 12:49:50.605687,0 days 00:00:24.522679,0.06318659790400763,256,224,176,160.0,,3,2,1,0.0026212550850758316,0.6,/work3/arnaou/checkpoints/Tc_trial_161_best_state.pt,"{'learning_rate': 0.0026212550850758316, 'lr_reduce': 0.6}",TPESampler,COMPLETE
162,0.027726616710424423,2025-04-26 12:49:31.202621,2025-04-26 12:49:57.248944,0 days 00:00:26.046323,0.29844797406262796,96,256,64,,,2,2,4,0.0026970885604672,0.6,/work3/arnaou/checkpoints/Tc_trial_162_best_state.pt,"{'learning_rate': 0.0026970885604672, 'lr_reduce': 0.6}",TPESampler,COMPLETE
163,0.01941845566034317,2025-04-26 12:49:37.219118,2025-04-26 12:49:49.655151,0 days 00:00:12.436033,0.03853466221405827,256,208,208,144.0,,3,1,1,0.0021540051121971162,0.6,/work3/arnaou/checkpoints/Tc_trial_163_best_state.pt,"{'learning_rate': 0.0021540051121971162, 'lr_reduce': 0.6}",TPESampler,COMPLETE
164,0.01560954749584198,2025-04-26 12:49:49.819228,2025-04-26 12:50:06.787960,0 days 00:00:16.968732,0.08627875814580799,208,160,240,160.0,,3,1,1,0.003607808319170724,0.6,/work3/arnaou/checkpoints/Tc_trial_164_best_state.pt,"{'learning_rate': 0.003607808319170724, 'lr_reduce': 0.6}",TPESampler,COMPLETE
165,0.025920378044247627,2025-04-26 12:49:50.851277,2025-04-26 12:50:08.579048,0 days 00:00:17.727771,0.16827981242418588,256,240,224,176.0,,3,1,1,0.0010346358427015003,0.6,/work3/arnaou/checkpoints/Tc_trial_165_best_state.pt,"{'learning_rate': 0.0010346358427015003, 'lr_reduce': 0.6}",TPESampler,COMPLETE
166,0.01985868625342846,2025-04-26 12:49:57.433292,2025-04-26 12:50:19.659235,0 days 00:00:22.225943,0.14875753434993236,224,256,208,160.0,,3,2,1,0.0048288507550770365,0.6,/work3/arnaou/checkpoints/Tc_trial_166_best_state.pt,"{'learning_rate': 0.0048288507550770365, 'lr_reduce': 0.6}",TPESampler,COMPLETE
167,0.018115581944584846,2025-04-26 12:50:06.963929,2025-04-26 12:50:25.887820,0 days 00:00:18.923891,0.11935870726180343,176,144,256,,,2,1,1,0.0019822509728428853,0.6,/work3/arnaou/checkpoints/Tc_trial_167_best_state.pt,"{'learning_rate': 0.0019822509728428853, 'lr_reduce': 0.6}",TPESampler,COMPLETE
168,0.0195744801312685,2025-04-26 12:50:08.730930,2025-04-26 12:50:28.007028,0 days 00:00:19.276098,0.01423248184523752,240,256,176,192.0,,3,2,1,0.0018610738767332884,0.6,/work3/arnaou/checkpoints/Tc_trial_168_best_state.pt,"{'learning_rate': 0.0018610738767332884, 'lr_reduce': 0.6}",TPESampler,COMPLETE
169,0.01807618886232376,2025-04-26 12:50:19.816208,2025-04-26 12:50:39.201426,0 days 00:00:19.385218,0.05591619621320771,192,128,256,144.0,,3,1,1,0.005494213653503202,0.6,/work3/arnaou/checkpoints/Tc_trial_169_best_state.pt,"{'learning_rate': 0.005494213653503202, 'lr_reduce': 0.6}",TPESampler,COMPLETE
170,0.021579699590802193,2025-04-26 12:50:26.047654,2025-04-26 12:50:44.209249,0 days 00:00:18.161595,0.06625543207827742,160,176,240,176.0,,3,1,2,0.0020055265296695267,0.6,/work3/arnaou/checkpoints/Tc_trial_170_best_state.pt,"{'learning_rate': 0.0020055265296695267, 'lr_reduce': 0.6}",TPESampler,COMPLETE
171,0.02612319029867649,2025-04-26 12:50:28.363153,2025-04-26 12:50:50.063586,0 days 00:00:21.700433,0.05666417235165591,224,128,256,128.0,128.0,4,2,1,0.007198995653749201,0.6,/work3/arnaou/checkpoints/Tc_trial_171_best_state.pt,"{'learning_rate': 0.007198995653749201, 'lr_reduce': 0.6}",TPESampler,COMPLETE
172,0.017294742166996002,2025-04-26 12:50:39.367220,2025-04-26 12:51:01.152076,0 days 00:00:21.784856,0.046752858878181904,256,160,256,176.0,80.0,4,1,2,0.006723972918408043,0.6,/work3/arnaou/checkpoints/Tc_trial_172_best_state.pt,"{'learning_rate': 0.006723972918408043, 'lr_reduce': 0.6}",TPESampler,COMPLETE
173,0.04652585834264755,2025-04-26 12:50:44.401492,2025-04-26 12:51:08.915389,0 days 00:00:24.513897,0.2319566914657398,256,144,96,32.0,176.0,4,2,4,0.0002954363117249221,0.6,/work3/arnaou/checkpoints/Tc_trial_173_best_state.pt,"{'learning_rate': 0.0002954363117249221, 'lr_reduce': 0.6}",TPESampler,COMPLETE
174,0.021336931735277176,2025-04-26 12:50:50.243484,2025-04-26 12:51:11.375217,0 days 00:00:21.131733,0.17055684220662004,256,224,256,160.0,,3,1,1,0.004840956632516264,0.6,/work3/arnaou/checkpoints/Tc_trial_174_best_state.pt,"{'learning_rate': 0.004840956632516264, 'lr_reduce': 0.6}",TPESampler,COMPLETE
175,0.018618132919073105,2025-04-26 12:51:01.317396,2025-04-26 12:51:16.790086,0 days 00:00:15.472690,0.09914820848079813,208,224,224,160.0,,3,1,1,0.002668903992576773,0.6,/work3/arnaou/checkpoints/Tc_trial_175_best_state.pt,"{'learning_rate': 0.002668903992576773, 'lr_reduce': 0.6}",TPESampler,COMPLETE
176,0.016157807782292366,2025-04-26 12:51:09.091358,2025-04-26 12:51:26.714264,0 days 00:00:17.622906,0.12019297213393643,240,160,256,160.0,,3,1,1,0.004530403982964914,0.6,/work3/arnaou/checkpoints/Tc_trial_176_best_state.pt,"{'learning_rate': 0.004530403982964914, 'lr_reduce': 0.6}",TPESampler,COMPLETE
177,0.022718707099556923,2025-04-26 12:51:11.552023,2025-04-26 12:51:31.520980,0 days 00:00:19.968957,0.002450612313982513,240,256,208,208.0,,3,2,1,0.007580250441627085,0.6,/work3/arnaou/checkpoints/Tc_trial_177_best_state.pt,"{'learning_rate': 0.007580250441627085, 'lr_reduce': 0.6}",TPESampler,COMPLETE
178,0.017231320962309837,2025-04-26 12:51:16.963449,2025-04-26 12:51:42.430239,0 days 00:00:25.466790,0.07062498599346924,240,176,208,144.0,,3,3,2,0.002334696145914697,0.6,/work3/arnaou/checkpoints/Tc_trial_178_best_state.pt,"{'learning_rate': 0.002334696145914697, 'lr_reduce': 0.6}",TPESampler,COMPLETE
179,0.01658841036260128,2025-04-26 12:51:26.887890,2025-04-26 12:51:42.880056,0 days 00:00:15.992166,0.1107659729457185,240,160,224,176.0,,3,1,1,0.003626602473598041,0.6,/work3/arnaou/checkpoints/Tc_trial_179_best_state.pt,"{'learning_rate': 0.003626602473598041, 'lr_reduce': 0.6}",TPESampler,COMPLETE
180,0.24087849259376526,2025-04-26 12:51:31.693636,2025-04-26 12:51:59.734070,0 days 00:00:28.040434,0.29489488502785877,48,256,112,,,2,3,3,0.00013408231305137564,0.6,/work3/arnaou/checkpoints/Tc_trial_180_best_state.pt,"{'learning_rate': 0.00013408231305137564, 'lr_reduce': 0.6}",TPESampler,COMPLETE
181,0.03944868594408035,2025-04-26 12:51:42.585582,2025-04-26 12:52:05.181656,0 days 00:00:22.596074,0.03950909541853394,192,112,224,,,2,1,2,0.0001474301188439426,0.6,/work3/arnaou/checkpoints/Tc_trial_181_best_state.pt,"{'learning_rate': 0.0001474301188439426, 'lr_reduce': 0.6}",TPESampler,COMPLETE
182,0.019383028149604797,2025-04-26 12:51:43.047183,2025-04-26 12:52:00.426714,0 days 00:00:17.379531,0.17342851788166713,176,160,256,192.0,,3,1,2,0.009637511759740786,0.6,/work3/arnaou/checkpoints/Tc_trial_182_best_state.pt,"{'learning_rate': 0.009637511759740786, 'lr_reduce': 0.6}",TPESampler,COMPLETE
183,0.018714910373091698,2025-04-26 12:51:59.926653,2025-04-26 12:52:23.609354,0 days 00:00:23.682701,0.09816226138716075,208,192,208,176.0,,3,2,2,0.005052457159653128,0.6,/work3/arnaou/checkpoints/Tc_trial_183_best_state.pt,"{'learning_rate': 0.005052457159653128, 'lr_reduce': 0.6}",TPESampler,COMPLETE
184,0.01746012084186077,2025-04-26 12:52:00.587893,2025-04-26 12:52:20.362309,0 days 00:00:19.774416,0.09988461800800737,240,128,240,160.0,,3,1,1,0.008082849836194495,0.6,/work3/arnaou/checkpoints/Tc_trial_184_best_state.pt,"{'learning_rate': 0.008082849836194495, 'lr_reduce': 0.6}",TPESampler,COMPLETE
185,0.020935101434588432,2025-04-26 12:52:05.376741,2025-04-26 12:52:30.248373,0 days 00:00:24.871632,0.044078888274448905,224,192,128,176.0,,3,3,1,0.000626540738582943,0.6,/work3/arnaou/checkpoints/Tc_trial_185_best_state.pt,"{'learning_rate': 0.000626540738582943, 'lr_reduce': 0.6}",TPESampler,COMPLETE
186,0.018456730991601944,2025-04-26 12:52:20.541898,2025-04-26 12:52:41.541657,0 days 00:00:20.999759,0.044642547951925855,240,192,240,208.0,,3,1,1,0.003387798989106117,0.6,/work3/arnaou/checkpoints/Tc_trial_186_best_state.pt,"{'learning_rate': 0.003387798989106117, 'lr_reduce': 0.6}",TPESampler,COMPLETE
187,0.01908286288380623,2025-04-26 12:52:23.883258,2025-04-26 12:52:45.142241,0 days 00:00:21.258983,0.15457869147066094,224,144,208,160.0,,3,1,1,0.004487847523184351,0.6,/work3/arnaou/checkpoints/Tc_trial_187_best_state.pt,"{'learning_rate': 0.004487847523184351, 'lr_reduce': 0.6}",TPESampler,COMPLETE
188,0.01758006401360035,2025-04-26 12:52:30.444067,2025-04-26 12:52:51.028821,0 days 00:00:20.584754,0.11827236771346966,192,112,256,128.0,,3,2,1,0.004678425381467216,0.6,/work3/arnaou/checkpoints/Tc_trial_188_best_state.pt,"{'learning_rate': 0.004678425381467216, 'lr_reduce': 0.6}",TPESampler,COMPLETE
189,0.018682150170207024,2025-04-26 12:52:41.721274,2025-04-26 12:52:59.538200,0 days 00:00:17.816926,0.005569914682936565,208,192,256,192.0,,3,1,2,0.0018869420582168434,0.6,/work3/arnaou/checkpoints/Tc_trial_189_best_state.pt,"{'learning_rate': 0.0018869420582168434, 'lr_reduce': 0.6}",TPESampler,COMPLETE
190,0.02871857024729252,2025-04-26 12:52:45.416887,2025-04-26 12:53:08.274856,0 days 00:00:22.857969,0.016584069068113397,208,256,192,160.0,32.0,4,1,1,0.0007563695094245612,0.6,/work3/arnaou/checkpoints/Tc_trial_190_best_state.pt,"{'learning_rate': 0.0007563695094245612, 'lr_reduce': 0.6}",TPESampler,COMPLETE
191,0.018425021320581436,2025-04-26 12:52:51.227582,2025-04-26 12:53:15.343432,0 days 00:00:24.115850,0.06336515881277408,256,208,240,64.0,,3,3,1,0.002054762011416785,0.6,/work3/arnaou/checkpoints/Tc_trial_191_best_state.pt,"{'learning_rate': 0.002054762011416785, 'lr_reduce': 0.6}",TPESampler,COMPLETE
192,0.021305883303284645,2025-04-26 12:52:59.719093,2025-04-26 12:53:21.209504,0 days 00:00:21.490411,0.0799231906805337,224,176,224,192.0,,3,2,1,0.0009293738486432182,0.6,/work3/arnaou/checkpoints/Tc_trial_192_best_state.pt,"{'learning_rate': 0.0009293738486432182, 'lr_reduce': 0.6}",TPESampler,COMPLETE
193,0.017309512943029404,2025-04-26 12:53:08.466550,2025-04-26 12:53:29.167783,0 days 00:00:20.701233,0.11271158910015878,240,176,224,160.0,,3,1,1,0.0023401608070526456,0.6,/work3/arnaou/checkpoints/Tc_trial_193_best_state.pt,"{'learning_rate': 0.0023401608070526456, 'lr_reduce': 0.6}",TPESampler,COMPLETE
194,0.024333711713552475,2025-04-26 12:53:15.506385,2025-04-26 12:53:36.501525,0 days 00:00:20.995140,0.07271697890376246,208,224,192,160.0,,3,2,1,0.0029598218940041373,0.6,/work3/arnaou/checkpoints/Tc_trial_194_best_state.pt,"{'learning_rate': 0.0029598218940041373, 'lr_reduce': 0.6}",TPESampler,COMPLETE
195,0.01974533684551716,2025-04-26 12:53:21.379905,2025-04-26 12:53:45.604764,0 days 00:00:24.224859,0.17172318232694397,64,192,144,144.0,224.0,4,4,2,0.00436070062204611,0.6,/work3/arnaou/checkpoints/Tc_trial_195_best_state.pt,"{'learning_rate': 0.00436070062204611, 'lr_reduce': 0.6}",TPESampler,COMPLETE
196,0.041191067546606064,2025-04-26 12:53:29.331747,2025-04-26 12:53:49.509820,0 days 00:00:20.178073,0.2962059450622349,32,160,128,,,2,4,2,0.0022985725438432053,0.6,/work3/arnaou/checkpoints/Tc_trial_196_best_state.pt,"{'learning_rate': 0.0022985725438432053, 'lr_reduce': 0.6}",TPESampler,COMPLETE
197,0.020045725628733635,2025-04-26 12:53:36.652742,2025-04-26 12:53:53.779590,0 days 00:00:17.126848,0.09774418470417945,240,144,256,176.0,,3,2,2,0.002174956100531246,0.6,/work3/arnaou/checkpoints/Tc_trial_197_best_state.pt,"{'learning_rate': 0.002174956100531246, 'lr_reduce': 0.6}",TPESampler,COMPLETE
198,0.018107706680893898,2025-04-26 12:53:45.770032,2025-04-26 12:54:04.875143,0 days 00:00:19.105111,0.11685495496942076,192,176,224,176.0,,3,1,1,0.0031883434711189994,0.6,/work3/arnaou/checkpoints/Tc_trial_198_best_state.pt,"{'learning_rate': 0.0031883434711189994, 'lr_reduce': 0.6}",TPESampler,COMPLETE
199,0.02252260036766529,2025-04-26 12:53:49.670120,2025-04-26 12:54:14.658997,0 days 00:00:24.988877,0.08130011718792116,240,128,144,128.0,128.0,4,1,4,0.0007583448839277438,0.6,/work3/arnaou/checkpoints/Tc_trial_199_best_state.pt,"{'learning_rate': 0.0007583448839277438, 'lr_reduce': 0.6}",TPESampler,COMPLETE
200,0.02101321332156658,2025-04-26 12:53:53.931541,2025-04-26 12:54:14.351831,0 days 00:00:20.420290,0.050360954850163356,160,176,240,176.0,,3,2,1,0.004438207721676824,0.6,/work3/arnaou/checkpoints/Tc_trial_200_best_state.pt,"{'learning_rate': 0.004438207721676824, 'lr_reduce': 0.6}",TPESampler,COMPLETE
201,0.019512280821800232,2025-04-26 12:54:05.050460,2025-04-26 12:54:21.404074,0 days 00:00:16.353614,0.11268003816942498,240,128,224,208.0,96.0,4,1,1,0.003256973313669043,0.6,/work3/arnaou/checkpoints/Tc_trial_201_best_state.pt,"{'learning_rate': 0.003256973313669043, 'lr_reduce': 0.6}",TPESampler,COMPLETE
202,0.019274849444627762,2025-04-26 12:54:14.516391,2025-04-26 12:54:34.526328,0 days 00:00:20.009937,0.04175640729345544,240,208,256,96.0,,3,2,1,0.002514133954794818,0.6,/work3/arnaou/checkpoints/Tc_trial_202_best_state.pt,"{'learning_rate': 0.002514133954794818, 'lr_reduce': 0.6}",TPESampler,COMPLETE
203,0.02984531782567501,2025-04-26 12:54:14.847129,2025-04-26 12:54:37.496790,0 days 00:00:22.649661,0.031075183561015768,48,32,192,96.0,,3,2,1,0.0006023764177134954,0.6,/work3/arnaou/checkpoints/Tc_trial_203_best_state.pt,"{'learning_rate': 0.0006023764177134954, 'lr_reduce': 0.6}",TPESampler,COMPLETE
204,0.035193201154470444,2025-04-26 12:54:21.572106,2025-04-26 12:54:42.068458,0 days 00:00:20.496352,0.21671258072674127,80,96,96,,,2,4,4,0.009085849488481222,0.6,/work3/arnaou/checkpoints/Tc_trial_204_best_state.pt,"{'learning_rate': 0.009085849488481222, 'lr_reduce': 0.6}",TPESampler,COMPLETE
205,0.020870273932814598,2025-04-26 12:54:34.678069,2025-04-26 12:54:59.253364,0 days 00:00:24.575295,0.0020011259637707276,256,192,176,80.0,,3,2,2,0.0010868776702050516,0.6,/work3/arnaou/checkpoints/Tc_trial_205_best_state.pt,"{'learning_rate': 0.0010868776702050516, 'lr_reduce': 0.6}",TPESampler,COMPLETE
206,0.01675952784717083,2025-04-26 12:54:37.661790,2025-04-26 12:55:00.110168,0 days 00:00:22.448378,0.026048597324936317,224,256,256,112.0,,3,2,2,0.0038776394593918505,0.6,/work3/arnaou/checkpoints/Tc_trial_206_best_state.pt,"{'learning_rate': 0.0038776394593918505, 'lr_reduce': 0.6}",TPESampler,COMPLETE
207,0.02311914972960949,2025-04-26 12:54:42.239378,2025-04-26 12:55:04.912441,0 days 00:00:22.673063,0.015062263791124927,224,176,240,144.0,,3,2,1,0.008083829351479103,0.6,/work3/arnaou/checkpoints/Tc_trial_207_best_state.pt,"{'learning_rate': 0.008083829351479103, 'lr_reduce': 0.6}",TPESampler,COMPLETE
208,0.03945295512676239,2025-04-26 12:54:59.428701,2025-04-26 12:55:14.165816,0 days 00:00:14.737115,0.20540610264112613,208,112,48,176.0,176.0,4,1,1,0.00045960383669899985,0.6,/work3/arnaou/checkpoints/Tc_trial_208_best_state.pt,"{'learning_rate': 0.00045960383669899985, 'lr_reduce': 0.6}",TPESampler,COMPLETE
209,0.22023604810237885,2025-04-26 12:55:00.289576,2025-04-26 12:55:29.863702,0 days 00:00:29.574126,0.16972186472071385,112,208,192,112.0,256.0,4,3,4,0.00010481807907919081,0.6,/work3/arnaou/checkpoints/Tc_trial_209_best_state.pt,"{'learning_rate': 0.00010481807907919081, 'lr_reduce': 0.6}",TPESampler,COMPLETE
