number,value,datetime_start,datetime_complete,duration,params_dropout,params_hidden_channels,params_mlp_dim_00,params_mlp_dim_01,params_mlp_dim_02,params_mlp_dim_03,params_mlp_n_layers,params_num_layers,params_num_timesteps,params_train_learning_rate,params_train_lr_reduce,user_attrs_best_state_dict_path,user_attrs_training_params,system_attrs_auto:sampler,state
1403,0.021039478480815887,2025-04-26 15:16:14.114151,2025-04-26 15:16:28.810130,0 days 00:00:14.695979,0.0018042628740564046,224,192,160,176.0,,3,1,1,0.00600667389971939,0.6,/work3/arnaou/checkpoints/Tc_trial_1403_best_state.pt,"{'learning_rate': 0.00600667389971939, 'lr_reduce': 0.6}",TPESampler,COMPLETE
1404,0.017694491893053055,2025-04-26 15:16:23.344133,2025-04-26 15:16:37.513664,0 days 00:00:14.169531,0.07466690707469645,208,144,208,256.0,64.0,4,1,1,0.0031818267768216582,0.6,/work3/arnaou/checkpoints/Tc_trial_1404_best_state.pt,"{'learning_rate': 0.0031818267768216582, 'lr_reduce': 0.6}",TPESampler,COMPLETE
1405,0.021725747734308243,2025-04-26 15:16:23.605637,2025-04-26 15:16:38.662872,0 days 00:00:15.057235,0.14034938519069595,208,208,96,144.0,,3,2,1,0.002822835867277116,0.6,/work3/arnaou/checkpoints/Tc_trial_1405_best_state.pt,"{'learning_rate': 0.002822835867277116, 'lr_reduce': 0.6}",TPESampler,COMPLETE
1406,0.02051530033349991,2025-04-26 15:16:29.038461,2025-04-26 15:16:43.978981,0 days 00:00:14.940520,0.04900600167152986,160,128,256,192.0,,3,1,1,0.004227713965491144,0.6,/work3/arnaou/checkpoints/Tc_trial_1406_best_state.pt,"{'learning_rate': 0.004227713965491144, 'lr_reduce': 0.6}",TPESampler,COMPLETE
1407,0.03450493887066841,2025-04-26 15:16:37.750511,2025-04-26 15:17:05.340487,0 days 00:00:27.589976,0.03480080208448939,48,224,144,96.0,,3,3,3,0.0004885241798328045,0.6,/work3/arnaou/checkpoints/Tc_trial_1407_best_state.pt,"{'learning_rate': 0.0004885241798328045, 'lr_reduce': 0.6}",TPESampler,COMPLETE
1408,0.022975752130150795,2025-04-26 15:16:38.873602,2025-04-26 15:16:59.744293,0 days 00:00:20.870691,0.00754746113266244,224,224,144,160.0,,3,2,1,0.003551460565595118,0.6,/work3/arnaou/checkpoints/Tc_trial_1408_best_state.pt,"{'learning_rate': 0.003551460565595118, 'lr_reduce': 0.6}",TPESampler,COMPLETE
1409,0.01838310994207859,2025-04-26 15:16:44.191248,2025-04-26 15:17:06.355392,0 days 00:00:22.164144,0.10095923400361462,240,208,112,,,2,2,1,0.003261414112498402,0.6,/work3/arnaou/checkpoints/Tc_trial_1409_best_state.pt,"{'learning_rate': 0.003261414112498402, 'lr_reduce': 0.6}",TPESampler,COMPLETE
1410,0.019931193441152573,2025-04-26 15:16:59.968422,2025-04-26 15:17:20.304400,0 days 00:00:20.335978,0.006075563403224075,128,192,256,192.0,128.0,4,1,1,0.005770929761761975,0.6,/work3/arnaou/checkpoints/Tc_trial_1410_best_state.pt,"{'learning_rate': 0.005770929761761975, 'lr_reduce': 0.6}",TPESampler,COMPLETE
1411,0.020851820707321167,2025-04-26 15:17:05.549583,2025-04-26 15:17:26.604265,0 days 00:00:21.054682,0.07942933520561869,224,176,224,224.0,,3,1,2,0.009353888690684075,0.6,/work3/arnaou/checkpoints/Tc_trial_1411_best_state.pt,"{'learning_rate': 0.009353888690684075, 'lr_reduce': 0.6}",TPESampler,COMPLETE
1412,0.020113307982683182,2025-04-26 15:17:06.603581,2025-04-26 15:17:27.768845,0 days 00:00:21.165264,0.06454428267701733,224,208,160,,,2,2,1,0.001125029830043295,0.6,/work3/arnaou/checkpoints/Tc_trial_1412_best_state.pt,"{'learning_rate': 0.001125029830043295, 'lr_reduce': 0.6}",TPESampler,COMPLETE
1413,0.019294144585728645,2025-04-26 15:17:20.539652,2025-04-26 15:17:47.711608,0 days 00:00:27.171956,0.01749535442771004,192,144,240,,,2,3,2,0.004504443904733693,0.6,/work3/arnaou/checkpoints/Tc_trial_1413_best_state.pt,"{'learning_rate': 0.004504443904733693, 'lr_reduce': 0.6}",TPESampler,COMPLETE
1414,0.01577485166490078,2025-04-26 15:17:26.846826,2025-04-26 15:17:47.549504,0 days 00:00:20.702678,0.049448304436190096,240,128,256,128.0,,3,1,1,0.0059908473811999185,0.6,/work3/arnaou/checkpoints/Tc_trial_1414_best_state.pt,"{'learning_rate': 0.0059908473811999185, 'lr_reduce': 0.6}",TPESampler,COMPLETE
1415,0.02316669188439846,2025-04-26 15:17:27.984855,2025-04-26 15:17:48.311971,0 days 00:00:20.327116,0.20533367429496685,176,240,224,160.0,,3,1,1,0.006867450991342462,0.6,/work3/arnaou/checkpoints/Tc_trial_1415_best_state.pt,"{'learning_rate': 0.006867450991342462, 'lr_reduce': 0.6}",TPESampler,COMPLETE
1416,0.01579388603568077,2025-04-26 15:17:47.792354,2025-04-26 15:18:08.993072,0 days 00:00:21.200718,0.05423958236068186,224,208,192,208.0,,3,1,1,0.004059741981934109,0.6,/work3/arnaou/checkpoints/Tc_trial_1416_best_state.pt,"{'learning_rate': 0.004059741981934109, 'lr_reduce': 0.6}",TPESampler,COMPLETE
1417,0.019554395228624344,2025-04-26 15:17:47.950124,2025-04-26 15:18:09.463595,0 days 00:00:21.513471,0.03748742894162159,208,224,192,80.0,80.0,4,1,1,0.0020802537861260724,0.6,/work3/arnaou/checkpoints/Tc_trial_1417_best_state.pt,"{'learning_rate': 0.0020802537861260724, 'lr_reduce': 0.6}",TPESampler,COMPLETE
1418,0.018048975616693497,2025-04-26 15:17:48.528593,2025-04-26 15:18:11.597299,0 days 00:00:23.068706,0.01602346846651983,208,192,208,176.0,64.0,4,1,2,0.0021921778271609283,0.6,/work3/arnaou/checkpoints/Tc_trial_1418_best_state.pt,"{'learning_rate': 0.0021921778271609283, 'lr_reduce': 0.6}",TPESampler,COMPLETE
1419,0.018073419108986855,2025-04-26 15:18:09.363535,2025-04-26 15:18:26.638281,0 days 00:00:17.274746,0.10488223936315233,208,224,256,128.0,,3,1,1,0.004683315279854157,0.6,/work3/arnaou/checkpoints/Tc_trial_1419_best_state.pt,"{'learning_rate': 0.004683315279854157, 'lr_reduce': 0.6}",TPESampler,COMPLETE
1420,0.020006489008665085,2025-04-26 15:18:09.734905,2025-04-26 15:18:29.119822,0 days 00:00:19.384917,0.04294150574725653,256,240,128,192.0,96.0,4,2,1,0.0012543066849917664,0.6,/work3/arnaou/checkpoints/Tc_trial_1420_best_state.pt,"{'learning_rate': 0.0012543066849917664, 'lr_reduce': 0.6}",TPESampler,COMPLETE
1421,0.030245285481214523,2025-04-26 15:18:11.834730,2025-04-26 15:18:39.652751,0 days 00:00:27.818021,0.015224115644837999,240,144,192,,,2,2,4,0.00022267116873277653,0.6,/work3/arnaou/checkpoints/Tc_trial_1421_best_state.pt,"{'learning_rate': 0.00022267116873277653, 'lr_reduce': 0.6}",TPESampler,COMPLETE
1422,0.12669114768505096,2025-04-26 15:18:26.816865,2025-04-26 15:18:53.984696,0 days 00:00:27.167831,0.21776266365098929,64,192,64,,,2,4,3,0.0003759228664820459,0.6,/work3/arnaou/checkpoints/Tc_trial_1422_best_state.pt,"{'learning_rate': 0.0003759228664820459, 'lr_reduce': 0.6}",TPESampler,COMPLETE
1423,0.0248460341244936,2025-04-26 15:18:29.322873,2025-04-26 15:18:45.390489,0 days 00:00:16.067616,0.04841266630135615,192,224,176,160.0,48.0,4,2,1,0.00443544699758978,0.6,/work3/arnaou/checkpoints/Tc_trial_1423_best_state.pt,"{'learning_rate': 0.00443544699758978, 'lr_reduce': 0.6}",TPESampler,COMPLETE
1424,0.018754787743091583,2025-04-26 15:18:39.878274,2025-04-26 15:19:00.543310,0 days 00:00:20.665036,0.1086485615385209,256,224,224,240.0,,3,1,1,0.005219341506898942,0.6,/work3/arnaou/checkpoints/Tc_trial_1424_best_state.pt,"{'learning_rate': 0.005219341506898942, 'lr_reduce': 0.6}",TPESampler,COMPLETE
1425,0.021163156256079674,2025-04-26 15:18:45.629411,2025-04-26 15:19:03.742224,0 days 00:00:18.112813,0.0028851162480486078,160,208,240,144.0,80.0,4,2,1,0.004286959178075304,0.6,/work3/arnaou/checkpoints/Tc_trial_1425_best_state.pt,"{'learning_rate': 0.004286959178075304, 'lr_reduce': 0.6}",TPESampler,COMPLETE
1426,0.018762711435556412,2025-04-26 15:18:54.223674,2025-04-26 15:19:11.998383,0 days 00:00:17.774709,0.05982169865678756,256,208,256,208.0,,3,1,1,0.0018318154283474347,0.6,/work3/arnaou/checkpoints/Tc_trial_1426_best_state.pt,"{'learning_rate': 0.0018318154283474347, 'lr_reduce': 0.6}",TPESampler,COMPLETE
1427,0.02745627611875534,2025-04-26 15:19:00.784963,2025-04-26 15:19:17.202490,0 days 00:00:16.417527,0.0010232632824023011,192,160,208,160.0,,3,1,1,0.00755899646637345,0.6,/work3/arnaou/checkpoints/Tc_trial_1427_best_state.pt,"{'learning_rate': 0.00755899646637345, 'lr_reduce': 0.6}",TPESampler,COMPLETE
1428,0.016913512721657753,2025-04-26 15:19:03.988015,2025-04-26 15:19:30.099364,0 days 00:00:26.111349,0.07097407851797016,208,208,176,176.0,,3,3,2,0.0028886428706733883,0.6,/work3/arnaou/checkpoints/Tc_trial_1428_best_state.pt,"{'learning_rate': 0.0028886428706733883, 'lr_reduce': 0.6}",TPESampler,COMPLETE
1429,0.024337299168109894,2025-04-26 15:19:12.707068,2025-04-26 15:19:36.313347,0 days 00:00:23.606279,0.059109565896999325,240,240,144,112.0,,3,3,1,0.0064504960509847034,0.6,/work3/arnaou/checkpoints/Tc_trial_1429_best_state.pt,"{'learning_rate': 0.0064504960509847034, 'lr_reduce': 0.6}",TPESampler,COMPLETE
1430,0.033797379583120346,2025-04-26 15:19:17.435219,2025-04-26 15:19:41.439085,0 days 00:00:24.003866,0.17729793505032204,48,240,160,192.0,112.0,4,1,4,0.007472361935360237,0.6,/work3/arnaou/checkpoints/Tc_trial_1430_best_state.pt,"{'learning_rate': 0.007472361935360237, 'lr_reduce': 0.6}",TPESampler,COMPLETE
1431,0.018257346004247665,2025-04-26 15:19:30.325416,2025-04-26 15:19:51.068558,0 days 00:00:20.743142,0.06532495753565691,176,192,192,224.0,48.0,4,1,1,0.00461316663704404,0.6,/work3/arnaou/checkpoints/Tc_trial_1431_best_state.pt,"{'learning_rate': 0.00461316663704404, 'lr_reduce': 0.6}",TPESampler,COMPLETE
1432,0.036949846893548965,2025-04-26 15:19:36.556356,2025-04-26 15:20:00.168282,0 days 00:00:23.611926,0.04760703440219252,48,208,32,144.0,80.0,4,4,2,0.0009432272917990229,0.6,/work3/arnaou/checkpoints/Tc_trial_1432_best_state.pt,"{'learning_rate': 0.0009432272917990229, 'lr_reduce': 0.6}",TPESampler,COMPLETE
1433,0.0450800321996212,2025-04-26 15:19:41.652721,2025-04-26 15:20:09.463197,0 days 00:00:27.810476,0.048304490907572495,128,64,64,176.0,,3,4,1,0.00041475342124960043,0.6,/work3/arnaou/checkpoints/Tc_trial_1433_best_state.pt,"{'learning_rate': 0.00041475342124960043, 'lr_reduce': 0.6}",TPESampler,COMPLETE
1434,0.024300191551446915,2025-04-26 15:19:51.286246,2025-04-26 15:20:13.473553,0 days 00:00:22.187307,0.06088030970355275,256,160,208,,,2,1,1,0.005821985568390746,0.6,/work3/arnaou/checkpoints/Tc_trial_1434_best_state.pt,"{'learning_rate': 0.005821985568390746, 'lr_reduce': 0.6}",TPESampler,COMPLETE
1435,0.024865034967660904,2025-04-26 15:20:00.427399,2025-04-26 15:20:29.505347,0 days 00:00:29.077948,0.05927717919032073,240,128,160,208.0,,3,4,4,0.0009954099823391946,0.6,/work3/arnaou/checkpoints/Tc_trial_1435_best_state.pt,"{'learning_rate': 0.0009954099823391946, 'lr_reduce': 0.6}",TPESampler,COMPLETE
1436,0.018637986853718758,2025-04-26 15:20:09.662824,2025-04-26 15:20:38.276048,0 days 00:00:28.613224,0.05211720879403664,256,240,176,64.0,,3,4,1,0.0012209898781111684,0.6,/work3/arnaou/checkpoints/Tc_trial_1436_best_state.pt,"{'learning_rate': 0.0012209898781111684, 'lr_reduce': 0.6}",TPESampler,COMPLETE
1437,0.02120029926300049,2025-04-26 15:20:13.738981,2025-04-26 15:20:39.359770,0 days 00:00:25.620789,0.0009121856726700996,224,160,256,128.0,64.0,4,1,1,0.007490661127691802,0.6,/work3/arnaou/checkpoints/Tc_trial_1437_best_state.pt,"{'learning_rate': 0.007490661127691802, 'lr_reduce': 0.6}",TPESampler,COMPLETE
1438,0.017313245683908463,2025-04-26 15:20:29.721960,2025-04-26 15:20:49.694276,0 days 00:00:19.972316,0.08038730612418396,192,256,256,176.0,96.0,4,1,1,0.0036940146077050246,0.6,/work3/arnaou/checkpoints/Tc_trial_1438_best_state.pt,"{'learning_rate': 0.0036940146077050246, 'lr_reduce': 0.6}",TPESampler,COMPLETE
1439,0.0195075161755085,2025-04-26 15:20:38.466122,2025-04-26 15:21:03.797521,0 days 00:00:25.331399,0.09873176144384083,256,240,160,160.0,,3,2,1,0.0037825734361815744,0.6,/work3/arnaou/checkpoints/Tc_trial_1439_best_state.pt,"{'learning_rate': 0.0037825734361815744, 'lr_reduce': 0.6}",TPESampler,COMPLETE
1440,0.0503523163497448,2025-04-26 15:20:39.869264,2025-04-26 15:20:55.788969,0 days 00:00:15.919705,0.2411254925267028,256,112,208,96.0,32.0,4,2,2,0.007664734840525107,0.6,/work3/arnaou/checkpoints/Tc_trial_1440_best_state.pt,"{'learning_rate': 0.007664734840525107, 'lr_reduce': 0.6}",TPESampler,COMPLETE
1441,0.04062861204147339,2025-04-26 15:20:49.923432,2025-04-26 15:21:15.203608,0 days 00:00:25.280176,0.14200312171604834,176,144,256,192.0,,3,1,1,0.006848617446773758,0.6,/work3/arnaou/checkpoints/Tc_trial_1441_best_state.pt,"{'learning_rate': 0.006848617446773758, 'lr_reduce': 0.6}",TPESampler,COMPLETE
1442,0.023442059755325317,2025-04-26 15:20:56.013761,2025-04-26 15:21:32.391833,0 days 00:00:36.378072,0.03786255639149211,192,176,256,144.0,128.0,4,1,1,0.008751103711810352,0.6,/work3/arnaou/checkpoints/Tc_trial_1442_best_state.pt,"{'learning_rate': 0.008751103711810352, 'lr_reduce': 0.6}",TPESampler,COMPLETE
1443,0.018016392365098,2025-04-26 15:21:04.085848,2025-04-26 15:21:43.957495,0 days 00:00:39.871647,0.0018069841947178401,256,224,80,240.0,,3,2,1,0.0030001404511482295,0.6,/work3/arnaou/checkpoints/Tc_trial_1443_best_state.pt,"{'learning_rate': 0.0030001404511482295, 'lr_reduce': 0.6}",TPESampler,COMPLETE
1444,0.020610181614756584,2025-04-26 15:21:15.404708,2025-04-26 15:21:58.691380,0 days 00:00:43.286672,0.013494236539948048,256,240,144,208.0,,3,2,1,0.005868593591622955,0.6,/work3/arnaou/checkpoints/Tc_trial_1444_best_state.pt,"{'learning_rate': 0.005868593591622955, 'lr_reduce': 0.6}",TPESampler,COMPLETE
1445,0.03530661761760712,2025-04-26 15:21:32.670640,2025-04-26 15:22:08.459963,0 days 00:00:35.789323,0.038190473995464096,240,208,256,176.0,,3,2,1,0.00622185107005588,0.6,/work3/arnaou/checkpoints/Tc_trial_1445_best_state.pt,"{'learning_rate': 0.00622185107005588, 'lr_reduce': 0.6}",TPESampler,COMPLETE
1446,0.03129749000072479,2025-04-26 15:21:44.821081,2025-04-26 15:22:20.201667,0 days 00:00:35.380586,0.07956508627193938,160,48,224,,,2,2,4,0.0005423466031489455,0.6,/work3/arnaou/checkpoints/Tc_trial_1446_best_state.pt,"{'learning_rate': 0.0005423466031489455, 'lr_reduce': 0.6}",TPESampler,COMPLETE
1447,0.024321362376213074,2025-04-26 15:21:58.998573,2025-04-26 15:22:24.662743,0 days 00:00:25.664170,0.17796961200379358,144,256,240,112.0,,3,3,1,0.0030008922948745113,0.6,/work3/arnaou/checkpoints/Tc_trial_1447_best_state.pt,"{'learning_rate': 0.0030008922948745113, 'lr_reduce': 0.6}",TPESampler,COMPLETE
1448,0.017606420442461967,2025-04-26 15:22:08.946333,2025-04-26 15:22:36.261525,0 days 00:00:27.315192,0.07030628721233839,208,192,160,144.0,64.0,4,3,1,0.001959564665527067,0.6,/work3/arnaou/checkpoints/Tc_trial_1448_best_state.pt,"{'learning_rate': 0.001959564665527067, 'lr_reduce': 0.6}",TPESampler,COMPLETE
1449,0.029519042000174522,2025-04-26 15:22:20.416825,2025-04-26 15:22:48.238604,0 days 00:00:27.821779,0.13199273228960368,96,144,256,192.0,96.0,4,4,3,0.00803136511150202,0.6,/work3/arnaou/checkpoints/Tc_trial_1449_best_state.pt,"{'learning_rate': 0.00803136511150202, 'lr_reduce': 0.6}",TPESampler,COMPLETE
1450,0.025725409388542175,2025-04-26 15:22:24.878949,2025-04-26 15:22:49.694151,0 days 00:00:24.815202,0.09237646233916766,192,192,240,224.0,64.0,4,1,2,0.004258055064798857,0.6,/work3/arnaou/checkpoints/Tc_trial_1450_best_state.pt,"{'learning_rate': 0.004258055064798857, 'lr_reduce': 0.6}",TPESampler,COMPLETE
1451,0.018953794613480568,2025-04-26 15:22:36.488893,2025-04-26 15:22:56.018857,0 days 00:00:19.529964,0.015773374133580043,176,160,256,160.0,80.0,4,1,1,0.0055864756608647835,0.6,/work3/arnaou/checkpoints/Tc_trial_1451_best_state.pt,"{'learning_rate': 0.0055864756608647835, 'lr_reduce': 0.6}",TPESampler,COMPLETE
1452,0.018643394112586975,2025-04-26 15:22:48.572406,2025-04-26 15:23:08.237100,0 days 00:00:19.664694,0.053000383210060086,240,192,240,256.0,32.0,4,2,1,0.0019499647394391718,0.6,/work3/arnaou/checkpoints/Tc_trial_1452_best_state.pt,"{'learning_rate': 0.0019499647394391718, 'lr_reduce': 0.6}",TPESampler,COMPLETE
1453,0.021048685535788536,2025-04-26 15:22:50.012670,2025-04-26 15:23:12.418438,0 days 00:00:22.405768,0.00038089806893307557,208,240,208,176.0,112.0,4,1,2,0.0061191354344379955,0.6,/work3/arnaou/checkpoints/Tc_trial_1453_best_state.pt,"{'learning_rate': 0.0061191354344379955, 'lr_reduce': 0.6}",TPESampler,COMPLETE
1454,0.01824810542166233,2025-04-26 15:22:56.308272,2025-04-26 15:23:13.149179,0 days 00:00:16.840907,0.013501669075678721,240,176,256,128.0,,3,1,1,0.003255791592281609,0.6,/work3/arnaou/checkpoints/Tc_trial_1454_best_state.pt,"{'learning_rate': 0.003255791592281609, 'lr_reduce': 0.6}",TPESampler,COMPLETE
1455,0.01615595631301403,2025-04-26 15:23:08.448293,2025-04-26 15:23:25.513930,0 days 00:00:17.065637,0.07110447883363358,256,176,240,208.0,,3,2,1,0.0024728437409365224,0.6,/work3/arnaou/checkpoints/Tc_trial_1455_best_state.pt,"{'learning_rate': 0.0024728437409365224, 'lr_reduce': 0.6}",TPESampler,COMPLETE
1456,0.018076518550515175,2025-04-26 15:23:12.673101,2025-04-26 15:23:35.254456,0 days 00:00:22.581355,0.025405153899490274,256,256,112,160.0,,3,2,1,0.0015250602598308935,0.6,/work3/arnaou/checkpoints/Tc_trial_1456_best_state.pt,"{'learning_rate': 0.0015250602598308935, 'lr_reduce': 0.6}",TPESampler,COMPLETE
1457,0.017401019111275673,2025-04-26 15:23:13.358333,2025-04-26 15:23:34.583701,0 days 00:00:21.225368,0.07106512234426231,160,176,240,192.0,64.0,4,1,1,0.0022484231729597184,0.6,/work3/arnaou/checkpoints/Tc_trial_1457_best_state.pt,"{'learning_rate': 0.0022484231729597184, 'lr_reduce': 0.6}",TPESampler,COMPLETE
1458,0.02658657729625702,2025-04-26 15:23:25.734065,2025-04-26 15:23:45.723174,0 days 00:00:19.989109,0.05683260182661285,240,208,208,144.0,96.0,4,1,1,0.006554453136474672,0.6,/work3/arnaou/checkpoints/Tc_trial_1458_best_state.pt,"{'learning_rate': 0.006554453136474672, 'lr_reduce': 0.6}",TPESampler,COMPLETE
1459,0.024268880486488342,2025-04-26 15:23:35.114854,2025-04-26 15:23:58.811128,0 days 00:00:23.696274,0.07016954939353232,240,208,160,96.0,,3,2,2,0.003401847997933782,0.6,/work3/arnaou/checkpoints/Tc_trial_1459_best_state.pt,"{'learning_rate': 0.003401847997933782, 'lr_reduce': 0.6}",TPESampler,COMPLETE
1460,0.033941809087991714,2025-04-26 15:23:35.491101,2025-04-26 15:23:58.863516,0 days 00:00:23.372415,0.29671314614065547,176,208,144,176.0,,3,2,2,0.0003043562913905578,0.6,/work3/arnaou/checkpoints/Tc_trial_1460_best_state.pt,"{'learning_rate': 0.0003043562913905578, 'lr_reduce': 0.6}",TPESampler,COMPLETE
1461,0.21647456288337708,2025-04-26 15:23:45.928676,2025-04-26 15:24:10.255711,0 days 00:00:24.327035,0.19939453217239406,128,96,192,,,2,3,1,0.00010602318519747908,0.6,/work3/arnaou/checkpoints/Tc_trial_1461_best_state.pt,"{'learning_rate': 0.00010602318519747908, 'lr_reduce': 0.6}",TPESampler,COMPLETE
1462,0.016351478174328804,2025-04-26 15:23:58.970235,2025-04-26 15:24:21.479191,0 days 00:00:22.508956,0.09064805542852042,192,160,224,,,2,2,1,0.003187913398912617,0.6,/work3/arnaou/checkpoints/Tc_trial_1462_best_state.pt,"{'learning_rate': 0.003187913398912617, 'lr_reduce': 0.6}",TPESampler,COMPLETE
1463,0.018779808655381203,2025-04-26 15:23:59.008511,2025-04-26 15:24:22.373439,0 days 00:00:23.364928,0.09289007818049924,224,256,160,224.0,48.0,4,3,1,0.0020885726832429578,0.6,/work3/arnaou/checkpoints/Tc_trial_1463_best_state.pt,"{'learning_rate': 0.0020885726832429578, 'lr_reduce': 0.6}",TPESampler,COMPLETE
1464,0.018874671310186386,2025-04-26 15:24:10.477166,2025-04-26 15:24:34.395893,0 days 00:00:23.918727,0.003796318485118447,256,192,256,128.0,80.0,4,1,3,0.008450223997670994,0.6,/work3/arnaou/checkpoints/Tc_trial_1464_best_state.pt,"{'learning_rate': 0.008450223997670994, 'lr_reduce': 0.6}",TPESampler,COMPLETE
1465,0.019864201545715332,2025-04-26 15:24:21.683927,2025-04-26 15:24:41.836656,0 days 00:00:20.152729,0.05172114496281181,192,192,176,192.0,,3,1,2,0.008608769918365908,0.6,/work3/arnaou/checkpoints/Tc_trial_1465_best_state.pt,"{'learning_rate': 0.008608769918365908, 'lr_reduce': 0.6}",TPESampler,COMPLETE
1466,0.018540378659963608,2025-04-26 15:24:22.545744,2025-04-26 15:24:42.963079,0 days 00:00:20.417335,0.056956574975450834,240,128,256,,,2,3,1,0.003074086231707378,0.6,/work3/arnaou/checkpoints/Tc_trial_1466_best_state.pt,"{'learning_rate': 0.003074086231707378, 'lr_reduce': 0.6}",TPESampler,COMPLETE
1467,0.0244744960218668,2025-04-26 15:24:34.735445,2025-04-26 15:24:54.633701,0 days 00:00:19.898256,0.12863204000334785,112,224,256,160.0,64.0,4,1,1,0.0011705650208021837,0.6,/work3/arnaou/checkpoints/Tc_trial_1467_best_state.pt,"{'learning_rate': 0.0011705650208021837, 'lr_reduce': 0.6}",TPESampler,COMPLETE
1468,0.020188383758068085,2025-04-26 15:24:42.028232,2025-04-26 15:25:03.127995,0 days 00:00:21.099763,0.04819139039059106,208,192,256,80.0,96.0,4,1,2,0.005051105058695061,0.6,/work3/arnaou/checkpoints/Tc_trial_1468_best_state.pt,"{'learning_rate': 0.005051105058695061, 'lr_reduce': 0.6}",TPESampler,COMPLETE
1469,0.02062172256410122,2025-04-26 15:24:43.200506,2025-04-26 15:25:01.402225,0 days 00:00:18.201719,0.058297344391082175,256,192,144,208.0,,3,1,1,0.0017493715157646517,0.6,/work3/arnaou/checkpoints/Tc_trial_1469_best_state.pt,"{'learning_rate': 0.0017493715157646517, 'lr_reduce': 0.6}",TPESampler,COMPLETE
1470,0.020262079313397408,2025-04-26 15:24:54.859202,2025-04-26 15:25:16.585644,0 days 00:00:21.726442,0.0660304186066234,160,128,208,160.0,,3,1,2,0.0033456111220162964,0.6,/work3/arnaou/checkpoints/Tc_trial_1470_best_state.pt,"{'learning_rate': 0.0033456111220162964, 'lr_reduce': 0.6}",TPESampler,COMPLETE
1471,0.033628448843955994,2025-04-26 15:25:01.617857,2025-04-26 15:25:12.953211,0 days 00:00:11.335354,0.0007996359007581624,224,160,208,176.0,,3,2,1,0.005101958496482096,0.6,/work3/arnaou/checkpoints/Tc_trial_1471_best_state.pt,"{'learning_rate': 0.005101958496482096, 'lr_reduce': 0.6}",TPESampler,COMPLETE
1472,0.018709668889641762,2025-04-26 15:25:03.333440,2025-04-26 15:25:25.609898,0 days 00:00:22.276458,0.05403063758397801,176,112,208,,,2,1,1,0.0023097651659509904,0.6,/work3/arnaou/checkpoints/Tc_trial_1472_best_state.pt,"{'learning_rate': 0.0023097651659509904, 'lr_reduce': 0.6}",TPESampler,COMPLETE
