number,value,datetime_start,datetime_complete,duration,params_dropout,params_hidden_channels,params_mlp_dim_00,params_mlp_dim_01,params_mlp_dim_02,params_mlp_dim_03,params_mlp_n_layers,params_num_layers,params_num_timesteps,params_train_learning_rate,params_train_lr_reduce,user_attrs_best_state_dict_path,user_attrs_training_params,system_attrs_auto:sampler,state
562,0.017128946259617805,2025-04-26 13:36:32.622549,2025-04-26 13:36:48.898149,0 days 00:00:16.275600,0.06452596227980598,192,208,176,208.0,,3,1,1,0.0028138312409729175,0.6,/work3/arnaou/checkpoints/Tc_trial_562_best_state.pt,"{'learning_rate': 0.0028138312409729175, 'lr_reduce': 0.6}",TPESampler,COMPLETE
563,0.019117245450615883,2025-04-26 13:36:36.663502,2025-04-26 13:36:53.992877,0 days 00:00:17.329375,0.11514187779429402,176,112,160,144.0,,3,1,2,0.004649816209149747,0.6,/work3/arnaou/checkpoints/Tc_trial_563_best_state.pt,"{'learning_rate': 0.004649816209149747, 'lr_reduce': 0.6}",TPESampler,COMPLETE
564,0.022385768592357635,2025-04-26 13:36:38.753381,2025-04-26 13:37:05.040325,0 days 00:00:26.286944,0.03762203312130401,192,160,256,160.0,,3,4,2,0.000686036696759639,0.6,/work3/arnaou/checkpoints/Tc_trial_564_best_state.pt,"{'learning_rate': 0.000686036696759639, 'lr_reduce': 0.6}",TPESampler,COMPLETE
565,0.0479566752910614,2025-04-26 13:36:49.073556,2025-04-26 13:37:04.674053,0 days 00:00:15.600497,0.2405829819860515,32,80,32,128.0,,3,3,2,0.008359787191990266,0.6,/work3/arnaou/checkpoints/Tc_trial_565_best_state.pt,"{'learning_rate': 0.008359787191990266, 'lr_reduce': 0.6}",TPESampler,COMPLETE
566,0.01986505649983883,2025-04-26 13:36:54.171845,2025-04-26 13:37:12.005600,0 days 00:00:17.833755,0.11040277835494348,160,128,160,,,2,2,1,0.004154128766724979,0.6,/work3/arnaou/checkpoints/Tc_trial_566_best_state.pt,"{'learning_rate': 0.004154128766724979, 'lr_reduce': 0.6}",TPESampler,COMPLETE
567,0.04930224269628525,2025-04-26 13:37:04.860083,2025-04-26 13:37:29.627914,0 days 00:00:24.767831,0.1944023520414373,176,240,80,192.0,64.0,4,2,2,0.00012348228950512097,0.6,/work3/arnaou/checkpoints/Tc_trial_567_best_state.pt,"{'learning_rate': 0.00012348228950512097, 'lr_reduce': 0.6}",TPESampler,COMPLETE
568,0.019319279119372368,2025-04-26 13:37:05.247877,2025-04-26 13:37:24.960457,0 days 00:00:19.712580,0.0076386189230362375,112,224,256,160.0,,3,1,1,0.008084078727511452,0.6,/work3/arnaou/checkpoints/Tc_trial_568_best_state.pt,"{'learning_rate': 0.008084078727511452, 'lr_reduce': 0.6}",TPESampler,COMPLETE
569,0.028739280998706818,2025-04-26 13:37:12.165326,2025-04-26 13:37:33.424138,0 days 00:00:21.258812,0.11991008604938845,160,240,240,,,2,1,3,0.008919391132819077,0.6,/work3/arnaou/checkpoints/Tc_trial_569_best_state.pt,"{'learning_rate': 0.008919391132819077, 'lr_reduce': 0.6}",TPESampler,COMPLETE
570,0.02287185750901699,2025-04-26 13:37:25.117318,2025-04-26 13:37:49.231011,0 days 00:00:24.113693,0.16741642781048532,208,256,128,,,2,3,2,0.007821653226901745,0.6,/work3/arnaou/checkpoints/Tc_trial_570_best_state.pt,"{'learning_rate': 0.007821653226901745, 'lr_reduce': 0.6}",TPESampler,COMPLETE
571,0.018793225288391113,2025-04-26 13:37:29.803598,2025-04-26 13:37:49.885460,0 days 00:00:20.081862,0.11436138632624405,192,256,224,176.0,,3,1,1,0.007164493791000128,0.6,/work3/arnaou/checkpoints/Tc_trial_571_best_state.pt,"{'learning_rate': 0.007164493791000128, 'lr_reduce': 0.6}",TPESampler,COMPLETE
572,0.03043152391910553,2025-04-26 13:37:33.583514,2025-04-26 13:37:49.363785,0 days 00:00:15.780271,0.22695002972133332,240,224,64,128.0,96.0,4,1,1,0.0010565309975314606,0.6,/work3/arnaou/checkpoints/Tc_trial_572_best_state.pt,"{'learning_rate': 0.0010565309975314606, 'lr_reduce': 0.6}",TPESampler,COMPLETE
573,0.031232593581080437,2025-04-26 13:37:49.400851,2025-04-26 13:38:10.104338,0 days 00:00:20.703487,0.14872599967453315,112,112,224,192.0,,3,3,2,0.0009761388643002375,0.6,/work3/arnaou/checkpoints/Tc_trial_573_best_state.pt,"{'learning_rate': 0.0009761388643002375, 'lr_reduce': 0.6}",TPESampler,COMPLETE
574,0.017651578411459923,2025-04-26 13:37:49.552544,2025-04-26 13:38:08.791011,0 days 00:00:19.238467,0.08650197736893944,160,128,224,160.0,,3,2,1,0.0019858599171275267,0.6,/work3/arnaou/checkpoints/Tc_trial_574_best_state.pt,"{'learning_rate': 0.0019858599171275267, 'lr_reduce': 0.6}",TPESampler,COMPLETE
575,0.020016144961118698,2025-04-26 13:37:50.155783,2025-04-26 13:38:10.747263,0 days 00:00:20.591480,0.10412555660688833,176,192,240,224.0,,3,1,2,0.008561491214925122,0.6,/work3/arnaou/checkpoints/Tc_trial_575_best_state.pt,"{'learning_rate': 0.008561491214925122, 'lr_reduce': 0.6}",TPESampler,COMPLETE
576,0.01892947219312191,2025-04-26 13:38:08.955871,2025-04-26 13:38:30.328315,0 days 00:00:21.372444,0.03860813330036884,256,208,192,144.0,,3,2,1,0.0014842809234813755,0.6,/work3/arnaou/checkpoints/Tc_trial_576_best_state.pt,"{'learning_rate': 0.0014842809234813755, 'lr_reduce': 0.6}",TPESampler,COMPLETE
577,0.02484426088631153,2025-04-26 13:38:10.299273,2025-04-26 13:38:25.905847,0 days 00:00:15.606574,0.03666181935604831,192,144,240,192.0,64.0,4,1,1,0.008657777947758188,0.6,/work3/arnaou/checkpoints/Tc_trial_577_best_state.pt,"{'learning_rate': 0.008657777947758188, 'lr_reduce': 0.6}",TPESampler,COMPLETE
578,0.018789907917380333,2025-04-26 13:38:10.920003,2025-04-26 13:38:28.078391,0 days 00:00:17.158388,0.03458149235969059,192,80,208,,,2,1,2,0.009457834414954975,0.6,/work3/arnaou/checkpoints/Tc_trial_578_best_state.pt,"{'learning_rate': 0.009457834414954975, 'lr_reduce': 0.6}",TPESampler,COMPLETE
579,0.20962247252464294,2025-04-26 13:38:26.076802,2025-04-26 13:38:52.668147,0 days 00:00:26.591345,0.06400312806710881,48,80,224,,,2,4,2,0.00033251933466768926,0.6,/work3/arnaou/checkpoints/Tc_trial_579_best_state.pt,"{'learning_rate': 0.00033251933466768926, 'lr_reduce': 0.6}",TPESampler,COMPLETE
580,0.03195248916745186,2025-04-26 13:38:28.249178,2025-04-26 13:38:48.625807,0 days 00:00:20.376629,0.1301141966285671,144,256,192,160.0,,3,2,1,0.009540099181986348,0.6,/work3/arnaou/checkpoints/Tc_trial_580_best_state.pt,"{'learning_rate': 0.009540099181986348, 'lr_reduce': 0.6}",TPESampler,COMPLETE
581,0.014621449634432793,2025-04-26 13:38:30.506080,2025-04-26 13:38:49.633130,0 days 00:00:19.127050,0.046540106663057815,240,240,176,128.0,,3,2,1,0.0036181507408843817,0.6,/work3/arnaou/checkpoints/Tc_trial_581_best_state.pt,"{'learning_rate': 0.0036181507408843817, 'lr_reduce': 0.6}",TPESampler,COMPLETE
582,0.0177436675876379,2025-04-26 13:38:48.828233,2025-04-26 13:39:05.167977,0 days 00:00:16.339744,0.12123236653297864,192,160,256,176.0,,3,1,1,0.0012371212106353638,0.6,/work3/arnaou/checkpoints/Tc_trial_582_best_state.pt,"{'learning_rate': 0.0012371212106353638, 'lr_reduce': 0.6}",TPESampler,COMPLETE
583,0.20900958776474,2025-04-26 13:38:49.817447,2025-04-26 13:39:16.286298,0 days 00:00:26.468851,0.10155605784249208,32,128,160,128.0,,3,1,4,0.00013318644252334664,0.6,/work3/arnaou/checkpoints/Tc_trial_583_best_state.pt,"{'learning_rate': 0.00013318644252334664, 'lr_reduce': 0.6}",TPESampler,COMPLETE
584,0.015866650268435478,2025-04-26 13:38:52.858032,2025-04-26 13:39:15.878143,0 days 00:00:23.020111,0.06797391315505849,240,240,176,112.0,,3,2,2,0.0025008668283651356,0.6,/work3/arnaou/checkpoints/Tc_trial_584_best_state.pt,"{'learning_rate': 0.0025008668283651356, 'lr_reduce': 0.6}",TPESampler,COMPLETE
585,0.020947985351085663,2025-04-26 13:39:05.350884,2025-04-26 13:39:23.250646,0 days 00:00:17.899762,0.0990940449846331,224,208,224,112.0,,3,2,1,0.0032857003796308033,0.6,/work3/arnaou/checkpoints/Tc_trial_585_best_state.pt,"{'learning_rate': 0.0032857003796308033, 'lr_reduce': 0.6}",TPESampler,COMPLETE
586,0.04017037898302078,2025-04-26 13:39:16.059872,2025-04-26 13:39:40.266388,0 days 00:00:24.206516,0.2603680921627203,256,224,192,128.0,32.0,4,1,1,0.0002984480117638919,0.6,/work3/arnaou/checkpoints/Tc_trial_586_best_state.pt,"{'learning_rate': 0.0002984480117638919, 'lr_reduce': 0.6}",TPESampler,COMPLETE
587,0.02275853604078293,2025-04-26 13:39:16.524343,2025-04-26 13:39:44.313231,0 days 00:00:27.788888,0.00476508708104879,224,176,256,144.0,,3,4,1,0.0006331901674164705,0.6,/work3/arnaou/checkpoints/Tc_trial_587_best_state.pt,"{'learning_rate': 0.0006331901674164705, 'lr_reduce': 0.6}",TPESampler,COMPLETE
588,0.01787412352859974,2025-04-26 13:39:23.632120,2025-04-26 13:39:41.748769,0 days 00:00:18.116649,0.10283750220831726,208,256,176,128.0,128.0,4,1,1,0.0027023314381118746,0.6,/work3/arnaou/checkpoints/Tc_trial_588_best_state.pt,"{'learning_rate': 0.0027023314381118746, 'lr_reduce': 0.6}",TPESampler,COMPLETE
589,0.04386226460337639,2025-04-26 13:39:40.451699,2025-04-26 13:40:07.122852,0 days 00:00:26.671153,0.2642539570932007,224,80,112,,,2,1,4,0.00015209977349716378,0.6,/work3/arnaou/checkpoints/Tc_trial_589_best_state.pt,"{'learning_rate': 0.00015209977349716378, 'lr_reduce': 0.6}",TPESampler,COMPLETE
590,0.016103524714708328,2025-04-26 13:39:41.964986,2025-04-26 13:40:02.275846,0 days 00:00:20.310860,0.07539273424039525,176,176,224,144.0,,3,2,2,0.003096388741400987,0.6,/work3/arnaou/checkpoints/Tc_trial_590_best_state.pt,"{'learning_rate': 0.003096388741400987, 'lr_reduce': 0.6}",TPESampler,COMPLETE
591,0.016484791412949562,2025-04-26 13:39:44.497270,2025-04-26 13:40:06.372037,0 days 00:00:21.874767,0.04137535321239167,208,224,208,144.0,,3,2,1,0.004922000115896421,0.6,/work3/arnaou/checkpoints/Tc_trial_591_best_state.pt,"{'learning_rate': 0.004922000115896421, 'lr_reduce': 0.6}",TPESampler,COMPLETE
592,0.017213882878422737,2025-04-26 13:40:02.467360,2025-04-26 13:40:24.750452,0 days 00:00:22.283092,0.02356126108684778,256,224,144,160.0,,3,2,1,0.002576272188453311,0.6,/work3/arnaou/checkpoints/Tc_trial_592_best_state.pt,"{'learning_rate': 0.002576272188453311, 'lr_reduce': 0.6}",TPESampler,COMPLETE
593,0.017495956271886826,2025-04-26 13:40:06.567167,2025-04-26 13:40:30.952597,0 days 00:00:24.385430,0.03626435255624927,224,240,176,208.0,,3,2,2,0.006197396663477502,0.6,/work3/arnaou/checkpoints/Tc_trial_593_best_state.pt,"{'learning_rate': 0.006197396663477502, 'lr_reduce': 0.6}",TPESampler,COMPLETE
594,0.018832752481102943,2025-04-26 13:40:07.294181,2025-04-26 13:40:30.202774,0 days 00:00:22.908593,0.11021405243202863,224,240,176,112.0,,3,2,1,0.005740195986015476,0.6,/work3/arnaou/checkpoints/Tc_trial_594_best_state.pt,"{'learning_rate': 0.005740195986015476, 'lr_reduce': 0.6}",TPESampler,COMPLETE
595,0.020871900022029877,2025-04-26 13:40:24.938860,2025-04-26 13:40:38.120263,0 days 00:00:13.181403,0.009326587407012966,256,176,256,176.0,192.0,4,1,1,0.002304827008758476,0.6,/work3/arnaou/checkpoints/Tc_trial_595_best_state.pt,"{'learning_rate': 0.002304827008758476, 'lr_reduce': 0.6}",TPESampler,COMPLETE
596,0.024185119196772575,2025-04-26 13:40:30.372839,2025-04-26 13:40:55.205772,0 days 00:00:24.832933,0.129266405836219,64,256,224,,,2,4,1,0.008639687016523692,0.6,/work3/arnaou/checkpoints/Tc_trial_596_best_state.pt,"{'learning_rate': 0.008639687016523692, 'lr_reduce': 0.6}",TPESampler,COMPLETE
597,0.017322678118944168,2025-04-26 13:40:31.163191,2025-04-26 13:40:52.733782,0 days 00:00:21.570591,0.030235655960815448,256,176,240,144.0,,3,2,1,0.0013483785119695712,0.6,/work3/arnaou/checkpoints/Tc_trial_597_best_state.pt,"{'learning_rate': 0.0013483785119695712, 'lr_reduce': 0.6}",TPESampler,COMPLETE
598,0.03908643499016762,2025-04-26 13:40:38.325873,2025-04-26 13:41:04.396640,0 days 00:00:26.070767,0.2535916180839774,48,160,208,176.0,,3,3,4,0.0005577073510588075,0.6,/work3/arnaou/checkpoints/Tc_trial_598_best_state.pt,"{'learning_rate': 0.0005577073510588075, 'lr_reduce': 0.6}",TPESampler,COMPLETE
599,0.01813606545329094,2025-04-26 13:40:52.902166,2025-04-26 13:41:08.619472,0 days 00:00:15.717306,0.009615764390753482,192,192,224,128.0,96.0,4,1,1,0.004555133959291981,0.6,/work3/arnaou/checkpoints/Tc_trial_599_best_state.pt,"{'learning_rate': 0.004555133959291981, 'lr_reduce': 0.6}",TPESampler,COMPLETE
600,0.05929914489388466,2025-04-26 13:40:55.383436,2025-04-26 13:41:09.477446,0 days 00:00:14.094010,0.22372726468197543,144,32,80,160.0,,3,1,4,0.0022508518764083802,0.6,/work3/arnaou/checkpoints/Tc_trial_600_best_state.pt,"{'learning_rate': 0.0022508518764083802, 'lr_reduce': 0.6}",TPESampler,COMPLETE
601,0.01582813262939453,2025-04-26 13:41:04.580118,2025-04-26 13:41:20.720307,0 days 00:00:16.140189,0.13322861061428354,176,208,240,208.0,,3,1,1,0.0045214980173882615,0.6,/work3/arnaou/checkpoints/Tc_trial_601_best_state.pt,"{'learning_rate': 0.0045214980173882615, 'lr_reduce': 0.6}",TPESampler,COMPLETE
602,0.020638462156057358,2025-04-26 13:41:08.794940,2025-04-26 13:41:26.401381,0 days 00:00:17.606441,0.12302272110375224,224,144,192,160.0,,3,1,2,0.002463308128659514,0.6,/work3/arnaou/checkpoints/Tc_trial_602_best_state.pt,"{'learning_rate': 0.002463308128659514, 'lr_reduce': 0.6}",TPESampler,COMPLETE
603,0.03189893439412117,2025-04-26 13:41:09.672798,2025-04-26 13:41:36.362621,0 days 00:00:26.689823,0.02131709913385539,176,128,240,192.0,64.0,4,3,1,0.0005494175495605415,0.6,/work3/arnaou/checkpoints/Tc_trial_603_best_state.pt,"{'learning_rate': 0.0005494175495605415, 'lr_reduce': 0.6}",TPESampler,COMPLETE
604,0.017849765717983246,2025-04-26 13:41:20.885151,2025-04-26 13:41:44.093172,0 days 00:00:23.208021,0.004615411340488491,208,240,192,128.0,,3,2,1,0.0008810763419204207,0.6,/work3/arnaou/checkpoints/Tc_trial_604_best_state.pt,"{'learning_rate': 0.0008810763419204207, 'lr_reduce': 0.6}",TPESampler,COMPLETE
605,0.024036787450313568,2025-04-26 13:41:26.596310,2025-04-26 13:41:49.154276,0 days 00:00:22.557966,0.16766874508008633,256,192,208,160.0,144.0,4,2,2,0.0019211153887083562,0.6,/work3/arnaou/checkpoints/Tc_trial_605_best_state.pt,"{'learning_rate': 0.0019211153887083562, 'lr_reduce': 0.6}",TPESampler,COMPLETE
606,0.016701456159353256,2025-04-26 13:41:36.583389,2025-04-26 13:42:03.620031,0 days 00:00:27.036642,0.010104798980671492,256,176,240,176.0,,3,3,2,0.0015630399334858938,0.6,/work3/arnaou/checkpoints/Tc_trial_606_best_state.pt,"{'learning_rate': 0.0015630399334858938, 'lr_reduce': 0.6}",TPESampler,COMPLETE
607,0.042693398892879486,2025-04-26 13:41:44.294839,2025-04-26 13:42:11.579240,0 days 00:00:27.284401,0.10712720503774627,240,128,208,144.0,96.0,4,1,4,0.000130088416695774,0.6,/work3/arnaou/checkpoints/Tc_trial_607_best_state.pt,"{'learning_rate': 0.000130088416695774, 'lr_reduce': 0.6}",TPESampler,COMPLETE
608,0.022633403539657593,2025-04-26 13:41:49.342702,2025-04-26 13:42:10.687891,0 days 00:00:21.345189,0.015116812846698677,208,208,160,,,2,2,1,0.005524271035436551,0.6,/work3/arnaou/checkpoints/Tc_trial_608_best_state.pt,"{'learning_rate': 0.005524271035436551, 'lr_reduce': 0.6}",TPESampler,COMPLETE
609,0.020946158096194267,2025-04-26 13:42:03.793466,2025-04-26 13:42:22.036413,0 days 00:00:18.242947,0.1337949630140056,256,176,256,112.0,,3,3,1,0.0011103085824283414,0.6,/work3/arnaou/checkpoints/Tc_trial_609_best_state.pt,"{'learning_rate': 0.0011103085824283414, 'lr_reduce': 0.6}",TPESampler,COMPLETE
610,0.02230948768556118,2025-04-26 13:42:10.913984,2025-04-26 13:42:30.436731,0 days 00:00:19.522747,0.01899298766146551,256,256,192,208.0,,3,1,1,0.0029840904336785614,0.6,/work3/arnaou/checkpoints/Tc_trial_610_best_state.pt,"{'learning_rate': 0.0029840904336785614, 'lr_reduce': 0.6}",TPESampler,COMPLETE
611,0.08403196930885315,2025-04-26 13:42:11.755537,2025-04-26 13:42:26.559907,0 days 00:00:14.804370,0.28220836152619244,160,32,160,176.0,,3,4,1,0.008775834837408302,0.6,/work3/arnaou/checkpoints/Tc_trial_611_best_state.pt,"{'learning_rate': 0.008775834837408302, 'lr_reduce': 0.6}",TPESampler,COMPLETE
612,0.019263483583927155,2025-04-26 13:42:22.214586,2025-04-26 13:42:44.494154,0 days 00:00:22.279568,0.028400963474033356,208,128,208,160.0,,3,1,2,0.009338055086702055,0.6,/work3/arnaou/checkpoints/Tc_trial_612_best_state.pt,"{'learning_rate': 0.009338055086702055, 'lr_reduce': 0.6}",TPESampler,COMPLETE
613,0.03179507330060005,2025-04-26 13:42:26.740451,2025-04-26 13:42:48.027060,0 days 00:00:21.286609,0.2210405413475866,176,32,80,,,2,2,1,0.00046110948182049753,0.6,/work3/arnaou/checkpoints/Tc_trial_613_best_state.pt,"{'learning_rate': 0.00046110948182049753, 'lr_reduce': 0.6}",TPESampler,COMPLETE
614,0.035666342824697495,2025-04-26 13:42:30.629594,2025-04-26 13:42:53.526872,0 days 00:00:22.897278,0.06556033824648579,256,32,48,144.0,64.0,4,4,3,0.00879430939624436,0.6,/work3/arnaou/checkpoints/Tc_trial_614_best_state.pt,"{'learning_rate': 0.00879430939624436, 'lr_reduce': 0.6}",TPESampler,COMPLETE
615,0.01780073530972004,2025-04-26 13:42:44.674569,2025-04-26 13:43:11.939262,0 days 00:00:27.264693,0.11940016685265097,176,176,208,192.0,,3,1,2,0.0034189512700731773,0.6,/work3/arnaou/checkpoints/Tc_trial_615_best_state.pt,"{'learning_rate': 0.0034189512700731773, 'lr_reduce': 0.6}",TPESampler,COMPLETE
616,0.017604360356926918,2025-04-26 13:42:48.253427,2025-04-26 13:43:14.312640,0 days 00:00:26.059213,0.008758858146667183,224,224,160,224.0,,3,2,1,0.003009353488895988,0.6,/work3/arnaou/checkpoints/Tc_trial_616_best_state.pt,"{'learning_rate': 0.003009353488895988, 'lr_reduce': 0.6}",TPESampler,COMPLETE
617,0.02049657516181469,2025-04-26 13:42:54.015729,2025-04-26 13:43:21.110048,0 days 00:00:27.094319,0.12674333107428337,240,208,160,112.0,32.0,4,2,1,0.0023127612698253404,0.6,/work3/arnaou/checkpoints/Tc_trial_617_best_state.pt,"{'learning_rate': 0.0023127612698253404, 'lr_reduce': 0.6}",TPESampler,COMPLETE
618,0.0360458567738533,2025-04-26 13:43:12.132306,2025-04-26 13:43:32.870820,0 days 00:00:20.738514,0.24650831383986815,112,176,224,144.0,,3,4,1,0.0076403871515378485,0.6,/work3/arnaou/checkpoints/Tc_trial_618_best_state.pt,"{'learning_rate': 0.0076403871515378485, 'lr_reduce': 0.6}",TPESampler,COMPLETE
619,0.017970364540815353,2025-04-26 13:43:14.495077,2025-04-26 13:43:33.297788,0 days 00:00:18.802711,0.0322110930656458,256,224,192,176.0,112.0,4,2,2,0.0025018385232891244,0.6,/work3/arnaou/checkpoints/Tc_trial_619_best_state.pt,"{'learning_rate': 0.0025018385232891244, 'lr_reduce': 0.6}",TPESampler,COMPLETE
620,0.019953109323978424,2025-04-26 13:43:21.310201,2025-04-26 13:43:39.673861,0 days 00:00:18.363660,0.020751016884997996,240,192,240,192.0,,3,1,1,0.003865385410073579,0.6,/work3/arnaou/checkpoints/Tc_trial_620_best_state.pt,"{'learning_rate': 0.003865385410073579, 'lr_reduce': 0.6}",TPESampler,COMPLETE
621,0.03457232937216759,2025-04-26 13:43:33.052852,2025-04-26 13:43:51.194627,0 days 00:00:18.141775,0.12028672488668427,144,64,80,144.0,224.0,4,3,1,0.0005810544935789321,0.6,/work3/arnaou/checkpoints/Tc_trial_621_best_state.pt,"{'learning_rate': 0.0005810544935789321, 'lr_reduce': 0.6}",TPESampler,COMPLETE
622,0.01918194256722927,2025-04-26 13:43:33.473584,2025-04-26 13:43:51.325850,0 days 00:00:17.852266,0.01326544005278093,224,224,192,160.0,64.0,4,2,1,0.0023722261953484794,0.6,/work3/arnaou/checkpoints/Tc_trial_622_best_state.pt,"{'learning_rate': 0.0023722261953484794, 'lr_reduce': 0.6}",TPESampler,COMPLETE
623,0.023265954107046127,2025-04-26 13:43:40.002609,2025-04-26 13:44:01.154672,0 days 00:00:21.152063,0.06061267007032296,96,64,192,,,2,1,4,0.004277972466827086,0.6,/work3/arnaou/checkpoints/Tc_trial_623_best_state.pt,"{'learning_rate': 0.004277972466827086, 'lr_reduce': 0.6}",TPESampler,COMPLETE
624,0.02097466215491295,2025-04-26 13:43:51.362084,2025-04-26 13:44:08.011072,0 days 00:00:16.648988,0.058417105255820514,176,208,224,,,2,1,1,0.0018352055981895657,0.6,/work3/arnaou/checkpoints/Tc_trial_624_best_state.pt,"{'learning_rate': 0.0018352055981895657, 'lr_reduce': 0.6}",TPESampler,COMPLETE
625,0.023836689069867134,2025-04-26 13:43:51.500796,2025-04-26 13:44:15.646950,0 days 00:00:24.146154,0.07369489557793092,256,112,32,128.0,,3,4,4,0.0017831836239707902,0.6,/work3/arnaou/checkpoints/Tc_trial_625_best_state.pt,"{'learning_rate': 0.0017831836239707902, 'lr_reduce': 0.6}",TPESampler,COMPLETE
626,0.017739519476890564,2025-04-26 13:44:01.340821,2025-04-26 13:44:21.956083,0 days 00:00:20.615262,0.008879362951949714,192,160,240,176.0,160.0,4,1,1,0.002348660239332103,0.6,/work3/arnaou/checkpoints/Tc_trial_626_best_state.pt,"{'learning_rate': 0.002348660239332103, 'lr_reduce': 0.6}",TPESampler,COMPLETE
627,0.04000339284539223,2025-04-26 13:44:08.202814,2025-04-26 13:44:26.133490,0 days 00:00:17.930676,0.11445782060439996,192,160,208,208.0,,3,1,1,0.009379531360197207,0.6,/work3/arnaou/checkpoints/Tc_trial_627_best_state.pt,"{'learning_rate': 0.009379531360197207, 'lr_reduce': 0.6}",TPESampler,COMPLETE
628,0.020447496324777603,2025-04-26 13:44:15.842109,2025-04-26 13:44:35.716953,0 days 00:00:19.874844,0.0722094018812784,192,176,224,160.0,,3,1,2,0.004465390132551477,0.6,/work3/arnaou/checkpoints/Tc_trial_628_best_state.pt,"{'learning_rate': 0.004465390132551477, 'lr_reduce': 0.6}",TPESampler,COMPLETE
629,0.03145010396838188,2025-04-26 13:44:22.128910,2025-04-26 13:44:43.518552,0 days 00:00:21.389642,0.1871657450895322,96,128,240,112.0,96.0,4,1,1,0.0004368581846856967,0.6,/work3/arnaou/checkpoints/Tc_trial_629_best_state.pt,"{'learning_rate': 0.0004368581846856967, 'lr_reduce': 0.6}",TPESampler,COMPLETE
630,0.020942216739058495,2025-04-26 13:44:26.313259,2025-04-26 13:44:50.216452,0 days 00:00:23.903193,0.07496775896708699,240,208,208,,,2,3,1,0.0038485721323011633,0.6,/work3/arnaou/checkpoints/Tc_trial_630_best_state.pt,"{'learning_rate': 0.0038485721323011633, 'lr_reduce': 0.6}",TPESampler,COMPLETE
631,0.023429367691278458,2025-04-26 13:44:35.996365,2025-04-26 13:44:57.288148,0 days 00:00:21.291783,0.2558470853137065,80,112,128,,,2,2,1,0.0023299836796040626,0.6,/work3/arnaou/checkpoints/Tc_trial_631_best_state.pt,"{'learning_rate': 0.0023299836796040626, 'lr_reduce': 0.6}",TPESampler,COMPLETE
