number,value,datetime_start,datetime_complete,duration,params_dropout,params_hidden_channels,params_mlp_dim_00,params_mlp_dim_01,params_mlp_dim_02,params_mlp_dim_03,params_mlp_n_layers,params_num_layers,params_num_timesteps,params_train_learning_rate,params_train_lr_reduce,user_attrs_best_state_dict_path,user_attrs_training_params,system_attrs_auto:sampler,state
632,0.01872077025473118,2025-04-26 13:44:43.701795,2025-04-26 13:45:05.968685,0 days 00:00:22.266890,0.011818978489682712,256,144,256,240.0,,3,2,1,0.0028886969266323542,0.6,/work3/arnaou/checkpoints/Tc_trial_632_best_state.pt,"{'learning_rate': 0.0028886969266323542, 'lr_reduce': 0.6}",TPESampler,COMPLETE
633,0.01948375813663006,2025-04-26 13:44:50.423483,2025-04-26 13:45:06.566807,0 days 00:00:16.143324,0.19561263108909166,112,128,256,192.0,,3,1,1,0.004546135831905942,0.6,/work3/arnaou/checkpoints/Tc_trial_633_best_state.pt,"{'learning_rate': 0.004546135831905942, 'lr_reduce': 0.6}",TPESampler,COMPLETE
634,0.016427738592028618,2025-04-26 13:44:57.462876,2025-04-26 13:45:17.749601,0 days 00:00:20.286725,0.12875184720759192,256,240,176,144.0,,3,2,1,0.0019527277895294982,0.6,/work3/arnaou/checkpoints/Tc_trial_634_best_state.pt,"{'learning_rate': 0.0019527277895294982, 'lr_reduce': 0.6}",TPESampler,COMPLETE
635,0.0924067497253418,2025-04-26 13:45:06.161007,2025-04-26 13:45:20.657906,0 days 00:00:14.496899,0.24600313819472358,224,48,80,176.0,,3,3,4,0.005309726815533362,0.6,/work3/arnaou/checkpoints/Tc_trial_635_best_state.pt,"{'learning_rate': 0.005309726815533362, 'lr_reduce': 0.6}",TPESampler,COMPLETE
636,0.025935262441635132,2025-04-26 13:45:06.708227,2025-04-26 13:45:25.679880,0 days 00:00:18.971653,0.2631558499979416,144,224,192,144.0,32.0,4,1,1,0.001750098670726519,0.6,/work3/arnaou/checkpoints/Tc_trial_636_best_state.pt,"{'learning_rate': 0.001750098670726519, 'lr_reduce': 0.6}",TPESampler,COMPLETE
637,0.018505819141864777,2025-04-26 13:45:17.920729,2025-04-26 13:45:40.001876,0 days 00:00:22.081147,0.07341914512832173,224,176,192,176.0,,3,2,1,0.003910745602545677,0.6,/work3/arnaou/checkpoints/Tc_trial_637_best_state.pt,"{'learning_rate': 0.003910745602545677, 'lr_reduce': 0.6}",TPESampler,COMPLETE
638,0.022129520773887634,2025-04-26 13:45:20.820300,2025-04-26 13:45:43.247831,0 days 00:00:22.427531,0.009744499299426126,240,256,176,128.0,,3,2,1,0.0042841050587939964,0.6,/work3/arnaou/checkpoints/Tc_trial_638_best_state.pt,"{'learning_rate': 0.0042841050587939964, 'lr_reduce': 0.6}",TPESampler,COMPLETE
639,0.03019120544195175,2025-04-26 13:45:25.882392,2025-04-26 13:45:41.133847,0 days 00:00:15.251455,0.0023747602375324556,224,160,256,208.0,64.0,4,1,1,0.009988958547459844,0.6,/work3/arnaou/checkpoints/Tc_trial_639_best_state.pt,"{'learning_rate': 0.009988958547459844, 'lr_reduce': 0.6}",TPESampler,COMPLETE
640,0.018884267657995224,2025-04-26 13:45:40.186951,2025-04-26 13:45:58.922805,0 days 00:00:18.735854,0.09339231707401098,208,208,176,160.0,,3,1,1,0.003213534438473578,0.6,/work3/arnaou/checkpoints/Tc_trial_640_best_state.pt,"{'learning_rate': 0.003213534438473578, 'lr_reduce': 0.6}",TPESampler,COMPLETE
641,0.06833509355783463,2025-04-26 13:45:41.301663,2025-04-26 13:46:05.211179,0 days 00:00:23.909516,0.265117076609972,80,112,240,176.0,,3,2,2,0.00021655094223474222,0.6,/work3/arnaou/checkpoints/Tc_trial_641_best_state.pt,"{'learning_rate': 0.00021655094223474222, 'lr_reduce': 0.6}",TPESampler,COMPLETE
642,0.01760360412299633,2025-04-26 13:45:43.473629,2025-04-26 13:46:02.676770,0 days 00:00:19.203141,0.08141837838238997,176,160,256,144.0,,3,1,1,0.007170417021278277,0.6,/work3/arnaou/checkpoints/Tc_trial_642_best_state.pt,"{'learning_rate': 0.007170417021278277, 'lr_reduce': 0.6}",TPESampler,COMPLETE
643,0.017910076305270195,2025-04-26 13:45:59.111889,2025-04-26 13:46:22.729168,0 days 00:00:23.617279,0.004802868657290127,256,224,240,,,2,3,1,0.0018085713581715824,0.6,/work3/arnaou/checkpoints/Tc_trial_643_best_state.pt,"{'learning_rate': 0.0018085713581715824, 'lr_reduce': 0.6}",TPESampler,COMPLETE
644,0.01566389389336109,2025-04-26 13:46:02.851121,2025-04-26 13:46:21.422910,0 days 00:00:18.571789,0.05714681227401704,208,176,176,112.0,,3,1,2,0.006067669615509949,0.6,/work3/arnaou/checkpoints/Tc_trial_644_best_state.pt,"{'learning_rate': 0.006067669615509949, 'lr_reduce': 0.6}",TPESampler,COMPLETE
645,0.023151075467467308,2025-04-26 13:46:05.394756,2025-04-26 13:46:26.266185,0 days 00:00:20.871429,0.14388800243950087,160,208,112,192.0,,3,1,1,0.0012083407710267858,0.6,/work3/arnaou/checkpoints/Tc_trial_645_best_state.pt,"{'learning_rate': 0.0012083407710267858, 'lr_reduce': 0.6}",TPESampler,COMPLETE
646,0.03794916346669197,2025-04-26 13:46:21.589194,2025-04-26 13:46:44.787718,0 days 00:00:23.198524,0.23600451009260115,240,192,80,96.0,,3,1,1,0.00016908505112816182,0.6,/work3/arnaou/checkpoints/Tc_trial_646_best_state.pt,"{'learning_rate': 0.00016908505112816182, 'lr_reduce': 0.6}",TPESampler,COMPLETE
647,0.023176180198788643,2025-04-26 13:46:22.950573,2025-04-26 13:46:45.990839,0 days 00:00:23.040266,0.10659929142505596,192,224,224,96.0,,3,3,2,0.0038434218158420147,0.6,/work3/arnaou/checkpoints/Tc_trial_647_best_state.pt,"{'learning_rate': 0.0038434218158420147, 'lr_reduce': 0.6}",TPESampler,COMPLETE
648,0.015217226929962635,2025-04-26 13:46:26.451196,2025-04-26 13:46:50.460299,0 days 00:00:24.009103,0.04717237643952944,192,240,192,112.0,,3,3,1,0.0027566794997095486,0.6,/work3/arnaou/checkpoints/Tc_trial_648_best_state.pt,"{'learning_rate': 0.0027566794997095486, 'lr_reduce': 0.6}",TPESampler,COMPLETE
649,0.048003148287534714,2025-04-26 13:46:44.973264,2025-04-26 13:47:11.511809,0 days 00:00:26.538545,0.19676739832519896,256,144,64,112.0,208.0,4,3,2,0.00014594598047667915,0.6,/work3/arnaou/checkpoints/Tc_trial_649_best_state.pt,"{'learning_rate': 0.00014594598047667915, 'lr_reduce': 0.6}",TPESampler,COMPLETE
650,0.021851880475878716,2025-04-26 13:46:46.189677,2025-04-26 13:47:07.372694,0 days 00:00:21.183017,0.00873637313721709,32,128,96,112.0,256.0,4,2,3,0.005699198938910272,0.6,/work3/arnaou/checkpoints/Tc_trial_650_best_state.pt,"{'learning_rate': 0.005699198938910272, 'lr_reduce': 0.6}",TPESampler,COMPLETE
651,0.025179745629429817,2025-04-26 13:46:50.693545,2025-04-26 13:47:14.865562,0 days 00:00:24.172017,0.05692824172550849,192,224,224,112.0,,3,3,1,0.006346880856362547,0.6,/work3/arnaou/checkpoints/Tc_trial_651_best_state.pt,"{'learning_rate': 0.006346880856362547, 'lr_reduce': 0.6}",TPESampler,COMPLETE
652,0.016963433474302292,2025-04-26 13:47:07.565671,2025-04-26 13:47:27.903282,0 days 00:00:20.337611,0.1818159227392155,144,240,224,112.0,,3,1,2,0.006881836427360696,0.6,/work3/arnaou/checkpoints/Tc_trial_652_best_state.pt,"{'learning_rate': 0.006881836427360696, 'lr_reduce': 0.6}",TPESampler,COMPLETE
653,0.030767446383833885,2025-04-26 13:47:11.696246,2025-04-26 13:47:33.726916,0 days 00:00:22.030670,0.08861941464398139,32,256,192,,,2,2,2,0.0012059161604751126,0.6,/work3/arnaou/checkpoints/Tc_trial_653_best_state.pt,"{'learning_rate': 0.0012059161604751126, 'lr_reduce': 0.6}",TPESampler,COMPLETE
654,0.022069986909627914,2025-04-26 13:47:15.058342,2025-04-26 13:47:40.504012,0 days 00:00:25.445670,0.17817527924104265,144,240,176,128.0,,3,4,1,0.0022166060144210827,0.6,/work3/arnaou/checkpoints/Tc_trial_654_best_state.pt,"{'learning_rate': 0.0022166060144210827, 'lr_reduce': 0.6}",TPESampler,COMPLETE
655,0.018861625343561172,2025-04-26 13:47:28.256882,2025-04-26 13:47:53.558782,0 days 00:00:25.301900,0.06837597267374236,144,240,176,208.0,,3,4,1,0.002901996468852261,0.6,/work3/arnaou/checkpoints/Tc_trial_655_best_state.pt,"{'learning_rate': 0.002901996468852261, 'lr_reduce': 0.6}",TPESampler,COMPLETE
656,0.01767631620168686,2025-04-26 13:47:34.001477,2025-04-26 13:48:01.782732,0 days 00:00:27.781255,0.023699035473127007,144,208,192,128.0,,3,3,1,0.0013367074031639759,0.6,/work3/arnaou/checkpoints/Tc_trial_656_best_state.pt,"{'learning_rate': 0.0013367074031639759, 'lr_reduce': 0.6}",TPESampler,COMPLETE
657,0.020077476277947426,2025-04-26 13:47:40.669487,2025-04-26 13:48:07.524394,0 days 00:00:26.854907,0.046700226841764295,256,256,144,224.0,,3,1,2,0.00601701256843207,0.6,/work3/arnaou/checkpoints/Tc_trial_657_best_state.pt,"{'learning_rate': 0.00601701256843207, 'lr_reduce': 0.6}",TPESampler,COMPLETE
658,0.01674462854862213,2025-04-26 13:47:53.806541,2025-04-26 13:48:17.277177,0 days 00:00:23.470636,0.014497078017961164,176,240,128,128.0,176.0,4,1,1,0.008804240148161327,0.6,/work3/arnaou/checkpoints/Tc_trial_658_best_state.pt,"{'learning_rate': 0.008804240148161327, 'lr_reduce': 0.6}",TPESampler,COMPLETE
659,0.039356835186481476,2025-04-26 13:48:02.060149,2025-04-26 13:48:22.210802,0 days 00:00:20.150653,0.199299417100606,208,256,144,144.0,160.0,4,2,2,0.007181466973325952,0.6,/work3/arnaou/checkpoints/Tc_trial_659_best_state.pt,"{'learning_rate': 0.007181466973325952, 'lr_reduce': 0.6}",TPESampler,COMPLETE
660,0.02184903435409069,2025-04-26 13:48:07.722320,2025-04-26 13:48:35.706511,0 days 00:00:27.984191,0.17167583185244276,128,144,144,,,2,2,4,0.007293405510346164,0.6,/work3/arnaou/checkpoints/Tc_trial_660_best_state.pt,"{'learning_rate': 0.007293405510346164, 'lr_reduce': 0.6}",TPESampler,COMPLETE
661,0.03582979366183281,2025-04-26 13:48:17.472790,2025-04-26 13:48:46.556575,0 days 00:00:29.083785,0.1382467463177582,240,32,176,,,2,4,3,0.000880668958523092,0.6,/work3/arnaou/checkpoints/Tc_trial_661_best_state.pt,"{'learning_rate': 0.000880668958523092, 'lr_reduce': 0.6}",TPESampler,COMPLETE
662,0.021867187693715096,2025-04-26 13:48:22.436325,2025-04-26 13:48:41.080730,0 days 00:00:18.644405,0.10617470823181696,224,128,256,192.0,,3,1,2,0.005831035633052284,0.6,/work3/arnaou/checkpoints/Tc_trial_662_best_state.pt,"{'learning_rate': 0.005831035633052284, 'lr_reduce': 0.6}",TPESampler,COMPLETE
663,0.018285851925611496,2025-04-26 13:48:35.971005,2025-04-26 13:49:00.077846,0 days 00:00:24.106841,0.06403067938767405,224,208,192,96.0,,3,1,1,0.007148791070938578,0.6,/work3/arnaou/checkpoints/Tc_trial_663_best_state.pt,"{'learning_rate': 0.007148791070938578, 'lr_reduce': 0.6}",TPESampler,COMPLETE
664,0.027997268363833427,2025-04-26 13:48:41.251202,2025-04-26 13:49:21.270358,0 days 00:00:40.019156,0.05179100120100173,80,80,208,144.0,,3,4,4,0.006101493983761294,0.6,/work3/arnaou/checkpoints/Tc_trial_664_best_state.pt,"{'learning_rate': 0.006101493983761294, 'lr_reduce': 0.6}",TPESampler,COMPLETE
665,0.0307355597615242,2025-04-26 13:48:46.828924,2025-04-26 13:49:18.196937,0 days 00:00:31.368013,0.13617888334188055,176,96,160,,,2,3,1,0.008845349709931971,0.6,/work3/arnaou/checkpoints/Tc_trial_665_best_state.pt,"{'learning_rate': 0.008845349709931971, 'lr_reduce': 0.6}",TPESampler,COMPLETE
666,0.021272024139761925,2025-04-26 13:49:00.251185,2025-04-26 13:49:31.634034,0 days 00:00:31.382849,0.0007592756691394559,240,224,224,176.0,,3,1,2,0.001858002859248621,0.6,/work3/arnaou/checkpoints/Tc_trial_666_best_state.pt,"{'learning_rate': 0.001858002859248621, 'lr_reduce': 0.6}",TPESampler,COMPLETE
667,0.018432820215821266,2025-04-26 13:49:18.356204,2025-04-26 13:49:36.420489,0 days 00:00:18.064285,0.15123148673032186,112,144,192,128.0,32.0,4,1,2,0.003993087150193159,0.6,/work3/arnaou/checkpoints/Tc_trial_667_best_state.pt,"{'learning_rate': 0.003993087150193159, 'lr_reduce': 0.6}",TPESampler,COMPLETE
668,0.019515514373779297,2025-04-26 13:49:21.475118,2025-04-26 13:49:42.053533,0 days 00:00:20.578415,0.14229739828697321,192,224,208,160.0,,3,2,1,0.004891616074629022,0.6,/work3/arnaou/checkpoints/Tc_trial_668_best_state.pt,"{'learning_rate': 0.004891616074629022, 'lr_reduce': 0.6}",TPESampler,COMPLETE
669,0.06326601654291153,2025-04-26 13:49:31.808225,2025-04-26 13:49:45.003045,0 days 00:00:13.194820,0.21303556677916363,32,48,32,208.0,208.0,4,1,4,0.003024488272062938,0.6,/work3/arnaou/checkpoints/Tc_trial_669_best_state.pt,"{'learning_rate': 0.003024488272062938, 'lr_reduce': 0.6}",TPESampler,COMPLETE
670,0.17889456450939178,2025-04-26 13:49:36.588314,2025-04-26 13:50:03.749354,0 days 00:00:27.161040,0.2550210874976428,224,224,48,,,2,4,3,0.00011145000203174433,0.6,/work3/arnaou/checkpoints/Tc_trial_670_best_state.pt,"{'learning_rate': 0.00011145000203174433, 'lr_reduce': 0.6}",TPESampler,COMPLETE
671,0.02096264250576496,2025-04-26 13:49:42.241638,2025-04-26 13:50:07.482722,0 days 00:00:25.241084,0.036387543789173006,192,256,192,,,2,4,1,0.0038255195522025245,0.6,/work3/arnaou/checkpoints/Tc_trial_671_best_state.pt,"{'learning_rate': 0.0038255195522025245, 'lr_reduce': 0.6}",TPESampler,COMPLETE
672,0.02600858174264431,2025-04-26 13:49:45.176884,2025-04-26 13:50:09.981419,0 days 00:00:24.804535,0.1477903277752947,176,192,192,176.0,,3,2,2,0.006734445966199511,0.6,/work3/arnaou/checkpoints/Tc_trial_672_best_state.pt,"{'learning_rate': 0.006734445966199511, 'lr_reduce': 0.6}",TPESampler,COMPLETE
673,0.04455525055527687,2025-04-26 13:50:03.917683,2025-04-26 13:50:29.073893,0 days 00:00:25.156210,0.20156502136055734,208,256,32,,,2,3,1,0.0001488589216018878,0.6,/work3/arnaou/checkpoints/Tc_trial_673_best_state.pt,"{'learning_rate': 0.0001488589216018878, 'lr_reduce': 0.6}",TPESampler,COMPLETE
674,0.016919633373618126,2025-04-26 13:50:07.689985,2025-04-26 13:50:30.225319,0 days 00:00:22.535334,0.0530219577339202,208,256,160,144.0,,3,3,1,0.0024670765201952813,0.6,/work3/arnaou/checkpoints/Tc_trial_674_best_state.pt,"{'learning_rate': 0.0024670765201952813, 'lr_reduce': 0.6}",TPESampler,COMPLETE
675,0.016495952382683754,2025-04-26 13:50:10.183201,2025-04-26 13:50:29.656582,0 days 00:00:19.473381,0.09956829263168203,256,256,176,,,2,1,1,0.00348467324784203,0.6,/work3/arnaou/checkpoints/Tc_trial_675_best_state.pt,"{'learning_rate': 0.00348467324784203, 'lr_reduce': 0.6}",TPESampler,COMPLETE
676,0.025748755782842636,2025-04-26 13:50:29.267650,2025-04-26 13:50:51.190175,0 days 00:00:21.922525,0.10035757205500223,144,192,160,192.0,,3,3,1,0.005363998963176101,0.6,/work3/arnaou/checkpoints/Tc_trial_676_best_state.pt,"{'learning_rate': 0.005363998963176101, 'lr_reduce': 0.6}",TPESampler,COMPLETE
677,0.018843192607164383,2025-04-26 13:50:29.813887,2025-04-26 13:50:56.657132,0 days 00:00:26.843245,0.020745682905438732,240,256,208,112.0,,3,3,2,0.0016116790057427546,0.6,/work3/arnaou/checkpoints/Tc_trial_677_best_state.pt,"{'learning_rate': 0.0016116790057427546, 'lr_reduce': 0.6}",TPESampler,COMPLETE
678,0.0197577103972435,2025-04-26 13:50:30.506341,2025-04-26 13:50:50.256398,0 days 00:00:19.750057,0.08700394180747355,160,256,128,240.0,,3,2,1,0.0014387201420675985,0.6,/work3/arnaou/checkpoints/Tc_trial_678_best_state.pt,"{'learning_rate': 0.0014387201420675985, 'lr_reduce': 0.6}",TPESampler,COMPLETE
679,0.03531389310956001,2025-04-26 13:50:50.416913,2025-04-26 13:51:11.407867,0 days 00:00:20.990954,0.02404168158411693,128,32,144,160.0,,3,1,1,0.00027693873652712896,0.6,/work3/arnaou/checkpoints/Tc_trial_679_best_state.pt,"{'learning_rate': 0.00027693873652712896, 'lr_reduce': 0.6}",TPESampler,COMPLETE
680,0.018459998071193695,2025-04-26 13:50:51.415732,2025-04-26 13:51:11.741397,0 days 00:00:20.325665,0.1827686471996072,144,256,160,,,2,2,1,0.0037744303819283015,0.6,/work3/arnaou/checkpoints/Tc_trial_680_best_state.pt,"{'learning_rate': 0.0037744303819283015, 'lr_reduce': 0.6}",TPESampler,COMPLETE
681,0.017535479739308357,2025-04-26 13:50:56.840549,2025-04-26 13:51:16.087232,0 days 00:00:19.246683,0.008976723545085982,192,256,128,,,2,1,1,0.00870279849308596,0.6,/work3/arnaou/checkpoints/Tc_trial_681_best_state.pt,"{'learning_rate': 0.00870279849308596, 'lr_reduce': 0.6}",TPESampler,COMPLETE
682,0.019638128578662872,2025-04-26 13:51:11.597279,2025-04-26 13:51:32.474039,0 days 00:00:20.876760,0.004964300696254975,160,240,192,,,2,2,1,0.0015803862815964504,0.6,/work3/arnaou/checkpoints/Tc_trial_682_best_state.pt,"{'learning_rate': 0.0015803862815964504, 'lr_reduce': 0.6}",TPESampler,COMPLETE
683,0.022221995517611504,2025-04-26 13:51:11.912256,2025-04-26 13:51:31.645016,0 days 00:00:19.732760,0.020102229291487663,224,224,192,144.0,,3,2,1,0.004169338545199973,0.6,/work3/arnaou/checkpoints/Tc_trial_683_best_state.pt,"{'learning_rate': 0.004169338545199973, 'lr_reduce': 0.6}",TPESampler,COMPLETE
684,0.040237121284008026,2025-04-26 13:51:16.271464,2025-04-26 13:51:46.385749,0 days 00:00:30.114285,0.10288178140681777,48,80,128,192.0,144.0,4,3,4,0.0003298850208092299,0.6,/work3/arnaou/checkpoints/Tc_trial_684_best_state.pt,"{'learning_rate': 0.0003298850208092299, 'lr_reduce': 0.6}",TPESampler,COMPLETE
685,0.016457805410027504,2025-04-26 13:51:31.815408,2025-04-26 13:51:51.112108,0 days 00:00:19.296700,0.06207085880524382,176,128,208,160.0,,3,1,1,0.004680764644387298,0.6,/work3/arnaou/checkpoints/Tc_trial_685_best_state.pt,"{'learning_rate': 0.004680764644387298, 'lr_reduce': 0.6}",TPESampler,COMPLETE
686,0.01868456043303013,2025-04-26 13:51:32.819490,2025-04-26 13:51:53.621156,0 days 00:00:20.801666,0.098910066561605,176,240,240,128.0,,3,2,1,0.004736728355204172,0.6,/work3/arnaou/checkpoints/Tc_trial_686_best_state.pt,"{'learning_rate': 0.004736728355204172, 'lr_reduce': 0.6}",TPESampler,COMPLETE
687,0.01707257516682148,2025-04-26 13:51:46.636691,2025-04-26 13:52:08.443743,0 days 00:00:21.807052,0.06310091253195041,160,256,240,176.0,,3,3,1,0.0024989000115645506,0.6,/work3/arnaou/checkpoints/Tc_trial_687_best_state.pt,"{'learning_rate': 0.0024989000115645506, 'lr_reduce': 0.6}",TPESampler,COMPLETE
688,0.020437143743038177,2025-04-26 13:51:51.305534,2025-04-26 13:52:11.639630,0 days 00:00:20.334096,0.11432927053125003,160,224,208,208.0,,3,1,2,0.007879540561069804,0.6,/work3/arnaou/checkpoints/Tc_trial_688_best_state.pt,"{'learning_rate': 0.007879540561069804, 'lr_reduce': 0.6}",TPESampler,COMPLETE
689,0.20317833125591278,2025-04-26 13:51:53.797390,2025-04-26 13:52:19.361107,0 days 00:00:25.563717,0.2817250493786122,80,224,112,160.0,,3,4,2,0.00030152033257566807,0.6,/work3/arnaou/checkpoints/Tc_trial_689_best_state.pt,"{'learning_rate': 0.00030152033257566807, 'lr_reduce': 0.6}",TPESampler,COMPLETE
690,0.20044507086277008,2025-04-26 13:52:08.650672,2025-04-26 13:52:35.036701,0 days 00:00:26.386029,0.29199146337371984,32,176,256,,,2,1,4,0.00015439689314175774,0.6,/work3/arnaou/checkpoints/Tc_trial_690_best_state.pt,"{'learning_rate': 0.00015439689314175774, 'lr_reduce': 0.6}",TPESampler,COMPLETE
691,0.034148987382650375,2025-04-26 13:52:11.836366,2025-04-26 13:52:29.205808,0 days 00:00:17.369442,0.10678097342925005,192,176,240,96.0,32.0,4,2,2,0.009599858384041782,0.6,/work3/arnaou/checkpoints/Tc_trial_691_best_state.pt,"{'learning_rate': 0.009599858384041782, 'lr_reduce': 0.6}",TPESampler,COMPLETE
692,0.021275751292705536,2025-04-26 13:52:19.560036,2025-04-26 13:52:36.377664,0 days 00:00:16.817628,0.13622016111607538,208,112,64,,,2,1,1,0.006795725151749573,0.6,/work3/arnaou/checkpoints/Tc_trial_692_best_state.pt,"{'learning_rate': 0.006795725151749573, 'lr_reduce': 0.6}",TPESampler,COMPLETE
693,0.01860661245882511,2025-04-26 13:52:29.396857,2025-04-26 13:52:54.178406,0 days 00:00:24.781549,0.021383963172897272,208,256,160,128.0,,3,2,2,0.003467801729464039,0.6,/work3/arnaou/checkpoints/Tc_trial_693_best_state.pt,"{'learning_rate': 0.003467801729464039, 'lr_reduce': 0.6}",TPESampler,COMPLETE
694,0.021832022815942764,2025-04-26 13:52:35.219452,2025-04-26 13:53:08.233103,0 days 00:00:33.013651,0.015791101687203712,192,224,160,176.0,,3,4,3,0.0006486831808081167,0.6,/work3/arnaou/checkpoints/Tc_trial_694_best_state.pt,"{'learning_rate': 0.0006486831808081167, 'lr_reduce': 0.6}",TPESampler,COMPLETE
695,0.029331812635064125,2025-04-26 13:52:36.822335,2025-04-26 13:52:59.080594,0 days 00:00:22.258259,0.06631223366400406,144,176,224,144.0,128.0,4,1,1,0.009701871040017091,0.6,/work3/arnaou/checkpoints/Tc_trial_695_best_state.pt,"{'learning_rate': 0.009701871040017091, 'lr_reduce': 0.6}",TPESampler,COMPLETE
696,0.016203247010707855,2025-04-26 13:52:54.391991,2025-04-26 13:53:16.489308,0 days 00:00:22.097317,0.0962449498633346,176,160,224,208.0,,3,1,2,0.003024751123595667,0.6,/work3/arnaou/checkpoints/Tc_trial_696_best_state.pt,"{'learning_rate': 0.003024751123595667, 'lr_reduce': 0.6}",TPESampler,COMPLETE
697,0.01782706193625927,2025-04-26 13:52:59.277283,2025-04-26 13:53:19.233025,0 days 00:00:19.955742,0.008014879274118883,224,256,144,176.0,,3,2,1,0.00642183398672153,0.6,/work3/arnaou/checkpoints/Tc_trial_697_best_state.pt,"{'learning_rate': 0.00642183398672153, 'lr_reduce': 0.6}",TPESampler,COMPLETE
698,0.018648168072104454,2025-04-26 13:53:08.439119,2025-04-26 13:53:25.616000,0 days 00:00:17.176881,0.060863434491525745,128,144,176,144.0,32.0,4,1,1,0.003336113658171209,0.6,/work3/arnaou/checkpoints/Tc_trial_698_best_state.pt,"{'learning_rate': 0.003336113658171209, 'lr_reduce': 0.6}",TPESampler,COMPLETE
699,0.018435273319482803,2025-04-26 13:53:16.674635,2025-04-26 13:53:38.875187,0 days 00:00:22.200552,0.032197906185212885,176,208,160,112.0,,3,3,1,0.0024307114909818722,0.6,/work3/arnaou/checkpoints/Tc_trial_699_best_state.pt,"{'learning_rate': 0.0024307114909818722, 'lr_reduce': 0.6}",TPESampler,COMPLETE
700,0.021486040204763412,2025-04-26 13:53:19.407684,2025-04-26 13:53:35.709795,0 days 00:00:16.302111,0.01584941632973328,208,192,160,160.0,,3,2,1,0.00865151974779045,0.6,/work3/arnaou/checkpoints/Tc_trial_700_best_state.pt,"{'learning_rate': 0.00865151974779045, 'lr_reduce': 0.6}",TPESampler,COMPLETE
701,0.03205795958638191,2025-04-26 13:53:25.821409,2025-04-26 13:53:56.821051,0 days 00:00:30.999642,0.06004701720785023,176,32,144,192.0,,3,3,4,0.000494985857722491,0.6,/work3/arnaou/checkpoints/Tc_trial_701_best_state.pt,"{'learning_rate': 0.000494985857722491, 'lr_reduce': 0.6}",TPESampler,COMPLETE
