number,value,datetime_start,datetime_complete,duration,params_dropout,params_hidden_channels,params_mlp_dim_00,params_mlp_dim_01,params_mlp_dim_02,params_mlp_dim_03,params_mlp_n_layers,params_num_layers,params_num_timesteps,params_train_learning_rate,params_train_lr_reduce,user_attrs_best_state_dict_path,user_attrs_training_params,system_attrs_auto:sampler,state
1613,0.01921658404171467,2025-04-26 15:41:24.162527,2025-04-26 15:41:45.690516,0 days 00:00:21.527989,0.0529632937437162,160,176,224,176.0,,3,1,2,0.0037690956301035033,0.6,/work3/arnaou/checkpoints/Tc_trial_1613_best_state.pt,"{'learning_rate': 0.0037690956301035033, 'lr_reduce': 0.6}",TPESampler,COMPLETE
1614,0.01946438103914261,2025-04-26 15:41:25.946477,2025-04-26 15:41:48.592534,0 days 00:00:22.646057,0.0412666387686854,256,240,240,144.0,,3,3,1,0.002351903369722892,0.6,/work3/arnaou/checkpoints/Tc_trial_1614_best_state.pt,"{'learning_rate': 0.002351903369722892, 'lr_reduce': 0.6}",TPESampler,COMPLETE
1615,0.0246950164437294,2025-04-26 15:41:35.131386,2025-04-26 15:41:56.388327,0 days 00:00:21.256941,0.001159334425073006,224,192,176,192.0,80.0,4,1,1,0.009542793371406375,0.6,/work3/arnaou/checkpoints/Tc_trial_1615_best_state.pt,"{'learning_rate': 0.009542793371406375, 'lr_reduce': 0.6}",TPESampler,COMPLETE
1616,0.019726581871509552,2025-04-26 15:41:45.952552,2025-04-26 15:42:07.545299,0 days 00:00:21.592747,0.06071565957151904,224,224,208,160.0,,3,2,1,0.0029383556062830486,0.6,/work3/arnaou/checkpoints/Tc_trial_1616_best_state.pt,"{'learning_rate': 0.0029383556062830486, 'lr_reduce': 0.6}",TPESampler,COMPLETE
1617,0.02102363109588623,2025-04-26 15:41:48.850632,2025-04-26 15:42:10.310486,0 days 00:00:21.459854,0.020564622530808915,176,160,256,208.0,112.0,4,1,2,0.009852065930955523,0.6,/work3/arnaou/checkpoints/Tc_trial_1617_best_state.pt,"{'learning_rate': 0.009852065930955523, 'lr_reduce': 0.6}",TPESampler,COMPLETE
1618,0.01967456005513668,2025-04-26 15:41:56.653301,2025-04-26 15:42:17.321429,0 days 00:00:20.668128,0.08487871280261414,224,224,240,128.0,32.0,4,1,1,0.006285052170745807,0.6,/work3/arnaou/checkpoints/Tc_trial_1618_best_state.pt,"{'learning_rate': 0.006285052170745807, 'lr_reduce': 0.6}",TPESampler,COMPLETE
1619,0.021730516105890274,2025-04-26 15:42:07.793320,2025-04-26 15:42:26.227058,0 days 00:00:18.433738,0.08522089425967849,48,144,80,,,2,1,3,0.0013883139959122892,0.6,/work3/arnaou/checkpoints/Tc_trial_1619_best_state.pt,"{'learning_rate': 0.0013883139959122892, 'lr_reduce': 0.6}",TPESampler,COMPLETE
1620,0.03875928744673729,2025-04-26 15:42:10.515402,2025-04-26 15:42:24.274105,0 days 00:00:13.758703,0.0007775203380837969,224,176,240,176.0,,3,2,1,0.008994768762944453,0.6,/work3/arnaou/checkpoints/Tc_trial_1620_best_state.pt,"{'learning_rate': 0.008994768762944453, 'lr_reduce': 0.6}",TPESampler,COMPLETE
1621,0.022249100729823112,2025-04-26 15:42:17.530485,2025-04-26 15:42:39.252251,0 days 00:00:21.721766,0.006457228719262659,208,32,48,,,2,4,1,0.008609013523138047,0.6,/work3/arnaou/checkpoints/Tc_trial_1621_best_state.pt,"{'learning_rate': 0.008609013523138047, 'lr_reduce': 0.6}",TPESampler,COMPLETE
1622,0.015506932511925697,2025-04-26 15:42:24.500692,2025-04-26 15:42:42.631862,0 days 00:00:18.131170,0.07660680781983102,160,144,256,224.0,64.0,4,1,1,0.006320012413227812,0.6,/work3/arnaou/checkpoints/Tc_trial_1622_best_state.pt,"{'learning_rate': 0.006320012413227812, 'lr_reduce': 0.6}",TPESampler,COMPLETE
1623,0.02266678400337696,2025-04-26 15:42:26.427368,2025-04-26 15:42:47.272823,0 days 00:00:20.845455,0.009682054205181895,208,160,160,144.0,,3,1,2,0.001926279995909379,0.6,/work3/arnaou/checkpoints/Tc_trial_1623_best_state.pt,"{'learning_rate': 0.001926279995909379, 'lr_reduce': 0.6}",TPESampler,COMPLETE
1624,0.03446051478385925,2025-04-26 15:42:39.469052,2025-04-26 15:43:08.429159,0 days 00:00:28.960107,0.03453559794024082,64,256,256,256.0,80.0,4,2,4,0.00028939318973152675,0.6,/work3/arnaou/checkpoints/Tc_trial_1624_best_state.pt,"{'learning_rate': 0.00028939318973152675, 'lr_reduce': 0.6}",TPESampler,COMPLETE
1625,0.020182279869914055,2025-04-26 15:42:42.896361,2025-04-26 15:43:04.430656,0 days 00:00:21.534295,0.09751022188025231,192,176,256,192.0,64.0,4,1,1,0.008954939237595253,0.6,/work3/arnaou/checkpoints/Tc_trial_1625_best_state.pt,"{'learning_rate': 0.008954939237595253, 'lr_reduce': 0.6}",TPESampler,COMPLETE
1626,0.017630046233534813,2025-04-26 15:42:47.520338,2025-04-26 15:43:08.232260,0 days 00:00:20.711922,0.09201133507012849,224,256,144,160.0,,3,2,1,0.0027731254860150095,0.6,/work3/arnaou/checkpoints/Tc_trial_1626_best_state.pt,"{'learning_rate': 0.0027731254860150095, 'lr_reduce': 0.6}",TPESampler,COMPLETE
1627,0.018221428617835045,2025-04-26 15:43:04.650674,2025-04-26 15:43:24.488970,0 days 00:00:19.838296,0.21390197415046389,64,224,64,,,2,2,1,0.006153585145755173,0.6,/work3/arnaou/checkpoints/Tc_trial_1627_best_state.pt,"{'learning_rate': 0.006153585145755173, 'lr_reduce': 0.6}",TPESampler,COMPLETE
1628,0.01893129199743271,2025-04-26 15:43:08.428020,2025-04-26 15:43:30.558680,0 days 00:00:22.130660,0.027747785880654713,208,80,176,64.0,,3,2,2,0.002192670410171361,0.6,/work3/arnaou/checkpoints/Tc_trial_1628_best_state.pt,"{'learning_rate': 0.002192670410171361, 'lr_reduce': 0.6}",TPESampler,COMPLETE
1629,0.028451763093471527,2025-04-26 15:43:08.616100,2025-04-26 15:43:22.200262,0 days 00:00:13.584162,0.19891143150185014,192,208,224,112.0,96.0,4,1,2,0.009517774775640241,0.6,/work3/arnaou/checkpoints/Tc_trial_1629_best_state.pt,"{'learning_rate': 0.009517774775640241, 'lr_reduce': 0.6}",TPESampler,COMPLETE
1630,0.02965494804084301,2025-04-26 15:43:22.410369,2025-04-26 15:43:42.063426,0 days 00:00:19.653057,0.00660344086433938,240,160,256,,,2,1,1,0.005304151610986264,0.6,/work3/arnaou/checkpoints/Tc_trial_1630_best_state.pt,"{'learning_rate': 0.005304151610986264, 'lr_reduce': 0.6}",TPESampler,COMPLETE
1631,0.019680913537740707,2025-04-26 15:43:24.698473,2025-04-26 15:43:43.874265,0 days 00:00:19.175792,0.0874484378105411,240,192,240,,,2,3,1,0.001662848586515402,0.6,/work3/arnaou/checkpoints/Tc_trial_1631_best_state.pt,"{'learning_rate': 0.001662848586515402, 'lr_reduce': 0.6}",TPESampler,COMPLETE
1632,0.01637532189488411,2025-04-26 15:43:30.801375,2025-04-26 15:43:46.499165,0 days 00:00:15.697790,0.09453701862603506,240,208,240,,,2,1,1,0.0033538019120581703,0.6,/work3/arnaou/checkpoints/Tc_trial_1632_best_state.pt,"{'learning_rate': 0.0033538019120581703, 'lr_reduce': 0.6}",TPESampler,COMPLETE
1633,0.06886462867259979,2025-04-26 15:43:42.281729,2025-04-26 15:44:07.597843,0 days 00:00:25.316114,0.18671473729348703,48,80,64,176.0,128.0,4,1,3,0.00040633085722554694,0.6,/work3/arnaou/checkpoints/Tc_trial_1633_best_state.pt,"{'learning_rate': 0.00040633085722554694, 'lr_reduce': 0.6}",TPESampler,COMPLETE
1634,0.018054546788334846,2025-04-26 15:43:44.074940,2025-04-26 15:44:05.133158,0 days 00:00:21.058218,0.08436443527979606,144,144,208,208.0,,3,1,2,0.009517600543244006,0.6,/work3/arnaou/checkpoints/Tc_trial_1634_best_state.pt,"{'learning_rate': 0.009517600543244006, 'lr_reduce': 0.6}",TPESampler,COMPLETE
1635,0.0487162210047245,2025-04-26 15:43:46.852795,2025-04-26 15:43:55.227844,0 days 00:00:08.375049,0.2319266441662875,32,32,48,144.0,,3,1,1,0.004542814528285186,0.6,/work3/arnaou/checkpoints/Tc_trial_1635_best_state.pt,"{'learning_rate': 0.004542814528285186, 'lr_reduce': 0.6}",TPESampler,COMPLETE
1636,0.02290002815425396,2025-04-26 15:43:55.457716,2025-04-26 15:44:16.962246,0 days 00:00:21.504530,0.03220433083384497,224,208,256,192.0,,3,1,1,0.008882123754022789,0.6,/work3/arnaou/checkpoints/Tc_trial_1636_best_state.pt,"{'learning_rate': 0.008882123754022789, 'lr_reduce': 0.6}",TPESampler,COMPLETE
1637,0.01533991377800703,2025-04-26 15:44:05.366259,2025-04-26 15:44:31.667555,0 days 00:00:26.301296,0.013389108627210378,256,224,144,160.0,,3,3,2,0.0027819867568874353,0.6,/work3/arnaou/checkpoints/Tc_trial_1637_best_state.pt,"{'learning_rate': 0.0027819867568874353, 'lr_reduce': 0.6}",TPESampler,COMPLETE
1638,0.019661791622638702,2025-04-26 15:44:07.852296,2025-04-26 15:44:32.410346,0 days 00:00:24.558050,0.01411989652736794,256,176,192,224.0,48.0,4,2,1,0.006485468142403386,0.6,/work3/arnaou/checkpoints/Tc_trial_1638_best_state.pt,"{'learning_rate': 0.006485468142403386, 'lr_reduce': 0.6}",TPESampler,COMPLETE
1639,0.02820076420903206,2025-04-26 15:44:17.351418,2025-04-26 15:44:36.086194,0 days 00:00:18.734776,0.0681429399659303,192,208,224,128.0,80.0,4,2,2,0.00847744896677841,0.6,/work3/arnaou/checkpoints/Tc_trial_1639_best_state.pt,"{'learning_rate': 0.00847744896677841, 'lr_reduce': 0.6}",TPESampler,COMPLETE
1640,0.019461622461676598,2025-04-26 15:44:31.914800,2025-04-26 15:44:54.707365,0 days 00:00:22.792565,0.020642174158297534,256,176,240,96.0,,3,1,2,0.0014014332898361793,0.6,/work3/arnaou/checkpoints/Tc_trial_1640_best_state.pt,"{'learning_rate': 0.0014014332898361793, 'lr_reduce': 0.6}",TPESampler,COMPLETE
1641,0.017866341397166252,2025-04-26 15:44:32.603957,2025-04-26 15:44:51.224304,0 days 00:00:18.620347,0.026901981702241236,192,192,208,176.0,,3,1,1,0.003256054971887686,0.6,/work3/arnaou/checkpoints/Tc_trial_1641_best_state.pt,"{'learning_rate': 0.003256054971887686, 'lr_reduce': 0.6}",TPESampler,COMPLETE
1642,0.027917154133319855,2025-04-26 15:44:36.352993,2025-04-26 15:44:56.513120,0 days 00:00:20.160127,0.1812784762273206,240,112,208,,,2,1,2,0.0006645933296883082,0.6,/work3/arnaou/checkpoints/Tc_trial_1642_best_state.pt,"{'learning_rate': 0.0006645933296883082, 'lr_reduce': 0.6}",TPESampler,COMPLETE
1643,0.02018204890191555,2025-04-26 15:44:51.439440,2025-04-26 15:45:12.934667,0 days 00:00:21.495227,0.11158342864507541,256,176,96,192.0,,3,2,1,0.002427619938871116,0.6,/work3/arnaou/checkpoints/Tc_trial_1643_best_state.pt,"{'learning_rate': 0.002427619938871116, 'lr_reduce': 0.6}",TPESampler,COMPLETE
1644,0.022357067093253136,2025-04-26 15:44:54.949220,2025-04-26 15:45:10.036501,0 days 00:00:15.087281,0.003547734512182023,224,128,240,144.0,48.0,4,1,1,0.0027943170964179484,0.6,/work3/arnaou/checkpoints/Tc_trial_1644_best_state.pt,"{'learning_rate': 0.0027943170964179484, 'lr_reduce': 0.6}",TPESampler,COMPLETE
1645,0.03624583035707474,2025-04-26 15:44:56.838159,2025-04-26 15:45:21.421066,0 days 00:00:24.582907,0.14357680951684249,32,128,32,,,2,4,1,0.0008504548206226964,0.6,/work3/arnaou/checkpoints/Tc_trial_1645_best_state.pt,"{'learning_rate': 0.0008504548206226964, 'lr_reduce': 0.6}",TPESampler,COMPLETE
1646,0.015006469562649727,2025-04-26 15:45:10.250775,2025-04-26 15:45:34.692832,0 days 00:00:24.442057,0.002033169073221571,256,224,256,,,2,2,2,0.003426539844717147,0.6,/work3/arnaou/checkpoints/Tc_trial_1646_best_state.pt,"{'learning_rate': 0.003426539844717147, 'lr_reduce': 0.6}",TPESampler,COMPLETE
1647,0.023317797109484673,2025-04-26 15:45:13.196313,2025-04-26 15:45:37.811297,0 days 00:00:24.614984,0.2609992100508613,240,256,256,240.0,96.0,4,4,1,0.002812048582721053,0.6,/work3/arnaou/checkpoints/Tc_trial_1647_best_state.pt,"{'learning_rate': 0.002812048582721053, 'lr_reduce': 0.6}",TPESampler,COMPLETE
1648,0.01500350795686245,2025-04-26 15:45:21.634540,2025-04-26 15:45:41.783735,0 days 00:00:20.149195,0.03498390419759675,256,144,208,160.0,,3,1,1,0.003924628230684581,0.6,/work3/arnaou/checkpoints/Tc_trial_1648_best_state.pt,"{'learning_rate': 0.003924628230684581, 'lr_reduce': 0.6}",TPESampler,COMPLETE
1649,0.045173291116952896,2025-04-26 15:45:34.932446,2025-04-26 15:46:02.407177,0 days 00:00:27.474731,0.25993308255855124,96,240,208,,,2,4,4,0.0004885704735293016,0.6,/work3/arnaou/checkpoints/Tc_trial_1649_best_state.pt,"{'learning_rate': 0.0004885704735293016, 'lr_reduce': 0.6}",TPESampler,COMPLETE
1650,0.017379477620124817,2025-04-26 15:45:38.160987,2025-04-26 15:45:59.453741,0 days 00:00:21.292754,0.003353476695892711,256,256,224,208.0,,3,1,1,0.0027848947881716104,0.6,/work3/arnaou/checkpoints/Tc_trial_1650_best_state.pt,"{'learning_rate': 0.0027848947881716104, 'lr_reduce': 0.6}",TPESampler,COMPLETE
1651,0.02362823858857155,2025-04-26 15:45:42.083706,2025-04-26 15:46:05.276728,0 days 00:00:23.193022,0.03321127931407539,160,240,64,176.0,64.0,4,3,1,0.0006172043869681148,0.6,/work3/arnaou/checkpoints/Tc_trial_1651_best_state.pt,"{'learning_rate': 0.0006172043869681148, 'lr_reduce': 0.6}",TPESampler,COMPLETE
1652,0.019061334431171417,2025-04-26 15:45:59.672864,2025-04-26 15:46:22.006117,0 days 00:00:22.333253,0.0010715274312155416,208,208,240,160.0,80.0,4,1,1,0.003627206476204255,0.6,/work3/arnaou/checkpoints/Tc_trial_1652_best_state.pt,"{'learning_rate': 0.003627206476204255, 'lr_reduce': 0.6}",TPESampler,COMPLETE
1653,0.01794314756989479,2025-04-26 15:46:02.646684,2025-04-26 15:46:24.805993,0 days 00:00:22.159309,0.11326491620284374,240,256,96,128.0,,3,3,1,0.0015215328233657704,0.6,/work3/arnaou/checkpoints/Tc_trial_1653_best_state.pt,"{'learning_rate': 0.0015215328233657704, 'lr_reduce': 0.6}",TPESampler,COMPLETE
1654,0.034515127539634705,2025-04-26 15:46:05.491755,2025-04-26 15:46:29.397032,0 days 00:00:23.905277,0.22265324386068638,112,256,208,80.0,32.0,4,2,2,0.0003876006931984186,0.6,/work3/arnaou/checkpoints/Tc_trial_1654_best_state.pt,"{'learning_rate': 0.0003876006931984186, 'lr_reduce': 0.6}",TPESampler,COMPLETE
1655,0.018870752304792404,2025-04-26 15:46:22.207918,2025-04-26 15:46:44.267047,0 days 00:00:22.059129,0.07051565511954691,256,224,128,,,2,1,1,0.0032947946898914293,0.6,/work3/arnaou/checkpoints/Tc_trial_1655_best_state.pt,"{'learning_rate': 0.0032947946898914293, 'lr_reduce': 0.6}",TPESampler,COMPLETE
1656,0.01829381287097931,2025-04-26 15:46:25.049533,2025-04-26 15:46:48.826791,0 days 00:00:23.777258,0.13772562863657245,160,176,128,192.0,,3,2,4,0.0021699013149255875,0.6,/work3/arnaou/checkpoints/Tc_trial_1656_best_state.pt,"{'learning_rate': 0.0021699013149255875, 'lr_reduce': 0.6}",TPESampler,COMPLETE
1657,0.017725806683301926,2025-04-26 15:46:29.605101,2025-04-26 15:46:54.823949,0 days 00:00:25.218848,0.036491245521576426,160,112,96,,,2,3,4,0.0023808528826050166,0.6,/work3/arnaou/checkpoints/Tc_trial_1657_best_state.pt,"{'learning_rate': 0.0023808528826050166, 'lr_reduce': 0.6}",TPESampler,COMPLETE
1658,0.016579555347561836,2025-04-26 15:46:44.490642,2025-04-26 15:46:59.902711,0 days 00:00:15.412069,0.07595888497450373,176,144,256,208.0,,3,1,1,0.0026348870178704745,0.6,/work3/arnaou/checkpoints/Tc_trial_1658_best_state.pt,"{'learning_rate': 0.0026348870178704745, 'lr_reduce': 0.6}",TPESampler,COMPLETE
1659,0.02676800824701786,2025-04-26 15:46:49.031719,2025-04-26 15:47:13.240862,0 days 00:00:24.209143,0.010702467364022611,64,128,256,160.0,112.0,4,2,2,0.0004509176819066859,0.6,/work3/arnaou/checkpoints/Tc_trial_1659_best_state.pt,"{'learning_rate': 0.0004509176819066859, 'lr_reduce': 0.6}",TPESampler,COMPLETE
1660,0.03003336302936077,2025-04-26 15:46:55.047820,2025-04-26 15:47:14.393125,0 days 00:00:19.345305,0.06850286384621765,144,176,256,112.0,64.0,4,1,1,0.005842367489489771,0.6,/work3/arnaou/checkpoints/Tc_trial_1660_best_state.pt,"{'learning_rate': 0.005842367489489771, 'lr_reduce': 0.6}",TPESampler,COMPLETE
1661,0.02788558043539524,2025-04-26 15:47:00.118310,2025-04-26 15:47:19.727094,0 days 00:00:19.608784,0.14108974372932329,176,256,112,224.0,,3,2,1,0.005200228498081853,0.6,/work3/arnaou/checkpoints/Tc_trial_1661_best_state.pt,"{'learning_rate': 0.005200228498081853, 'lr_reduce': 0.6}",TPESampler,COMPLETE
1662,0.02227376215159893,2025-04-26 15:47:13.454882,2025-04-26 15:47:36.969506,0 days 00:00:23.514624,0.07437073271325678,144,208,256,176.0,80.0,4,2,2,0.005086230266907578,0.6,/work3/arnaou/checkpoints/Tc_trial_1662_best_state.pt,"{'learning_rate': 0.005086230266907578, 'lr_reduce': 0.6}",TPESampler,COMPLETE
1663,0.018389930948615074,2025-04-26 15:47:14.654729,2025-04-26 15:47:36.048987,0 days 00:00:21.394258,0.009488554685653908,208,224,176,144.0,,3,2,1,0.005594624592785615,0.6,/work3/arnaou/checkpoints/Tc_trial_1663_best_state.pt,"{'learning_rate': 0.005594624592785615, 'lr_reduce': 0.6}",TPESampler,COMPLETE
1664,0.02520783618092537,2025-04-26 15:47:19.951338,2025-04-26 15:47:39.166717,0 days 00:00:19.215379,0.06959637839056083,208,208,224,,,2,4,2,0.0037893761445831104,0.6,/work3/arnaou/checkpoints/Tc_trial_1664_best_state.pt,"{'learning_rate': 0.0037893761445831104, 'lr_reduce': 0.6}",TPESampler,COMPLETE
1665,0.01818314753472805,2025-04-26 15:47:36.264975,2025-04-26 15:47:54.930968,0 days 00:00:18.665993,0.048679176269980466,176,192,256,192.0,48.0,4,2,1,0.005063550343809543,0.6,/work3/arnaou/checkpoints/Tc_trial_1665_best_state.pt,"{'learning_rate': 0.005063550343809543, 'lr_reduce': 0.6}",TPESampler,COMPLETE
1666,0.020626338198781013,2025-04-26 15:47:37.193521,2025-04-26 15:48:00.367989,0 days 00:00:23.174468,0.0018288282404986273,224,208,256,176.0,96.0,4,1,2,0.004154350878914775,0.6,/work3/arnaou/checkpoints/Tc_trial_1666_best_state.pt,"{'learning_rate': 0.004154350878914775, 'lr_reduce': 0.6}",TPESampler,COMPLETE
1667,0.03415301814675331,2025-04-26 15:47:39.358570,2025-04-26 15:47:54.603610,0 days 00:00:15.245040,0.16299198314927052,256,208,256,128.0,64.0,4,1,1,0.0072107306149491466,0.6,/work3/arnaou/checkpoints/Tc_trial_1667_best_state.pt,"{'learning_rate': 0.0072107306149491466, 'lr_reduce': 0.6}",TPESampler,COMPLETE
1668,0.021422814577817917,2025-04-26 15:47:54.861559,2025-04-26 15:48:12.621645,0 days 00:00:17.760086,0.054674629010767424,256,224,256,256.0,,3,1,1,0.006819237789077848,0.6,/work3/arnaou/checkpoints/Tc_trial_1668_best_state.pt,"{'learning_rate': 0.006819237789077848, 'lr_reduce': 0.6}",TPESampler,COMPLETE
1669,0.017001038417220116,2025-04-26 15:47:55.206620,2025-04-26 15:48:18.051992,0 days 00:00:22.845372,0.0965317705975445,176,192,208,,,2,3,1,0.0033520704647096713,0.6,/work3/arnaou/checkpoints/Tc_trial_1669_best_state.pt,"{'learning_rate': 0.0033520704647096713, 'lr_reduce': 0.6}",TPESampler,COMPLETE
1670,0.0335867814719677,2025-04-26 15:48:00.710503,2025-04-26 15:48:21.247908,0 days 00:00:20.537405,0.14072181870240152,240,176,192,,,2,2,1,0.006584475571752131,0.6,/work3/arnaou/checkpoints/Tc_trial_1670_best_state.pt,"{'learning_rate': 0.006584475571752131, 'lr_reduce': 0.6}",TPESampler,COMPLETE
1671,0.02098916843533516,2025-04-26 15:48:12.846899,2025-04-26 15:48:27.863333,0 days 00:00:15.016434,0.08374883017000649,176,160,208,,,2,1,1,0.00879978461289439,0.6,/work3/arnaou/checkpoints/Tc_trial_1671_best_state.pt,"{'learning_rate': 0.00879978461289439, 'lr_reduce': 0.6}",TPESampler,COMPLETE
1672,0.05999301001429558,2025-04-26 15:48:18.277034,2025-04-26 15:48:37.014281,0 days 00:00:18.737247,0.23599453558331795,96,112,32,160.0,128.0,4,3,3,0.009906115828034823,0.6,/work3/arnaou/checkpoints/Tc_trial_1672_best_state.pt,"{'learning_rate': 0.009906115828034823, 'lr_reduce': 0.6}",TPESampler,COMPLETE
1673,0.0194277074187994,2025-04-26 15:48:21.445599,2025-04-26 15:48:42.365110,0 days 00:00:20.919511,0.0014569911729713607,176,192,240,224.0,208.0,4,1,1,0.00691671518623858,0.6,/work3/arnaou/checkpoints/Tc_trial_1673_best_state.pt,"{'learning_rate': 0.00691671518623858, 'lr_reduce': 0.6}",TPESampler,COMPLETE
1674,0.018292749300599098,2025-04-26 15:48:28.072597,2025-04-26 15:48:51.083289,0 days 00:00:23.010692,0.0003825586490454995,224,208,208,192.0,,3,1,2,0.005360455205339916,0.6,/work3/arnaou/checkpoints/Tc_trial_1674_best_state.pt,"{'learning_rate': 0.005360455205339916, 'lr_reduce': 0.6}",TPESampler,COMPLETE
1675,0.02133353054523468,2025-04-26 15:48:37.242679,2025-04-26 15:48:53.541640,0 days 00:00:16.298961,0.03038354613980858,256,144,208,144.0,80.0,4,1,2,0.00492473118527446,0.6,/work3/arnaou/checkpoints/Tc_trial_1675_best_state.pt,"{'learning_rate': 0.00492473118527446, 'lr_reduce': 0.6}",TPESampler,COMPLETE
1676,0.06078440323472023,2025-04-26 15:48:42.597352,2025-04-26 15:48:54.166978,0 days 00:00:11.569626,0.2576297689485618,208,32,176,208.0,32.0,4,1,4,0.0018018084545715128,0.6,/work3/arnaou/checkpoints/Tc_trial_1676_best_state.pt,"{'learning_rate': 0.0018018084545715128, 'lr_reduce': 0.6}",TPESampler,COMPLETE
1677,0.020233094692230225,2025-04-26 15:48:51.307186,2025-04-26 15:49:11.713776,0 days 00:00:20.406590,0.08038704086988524,208,256,160,48.0,,3,1,1,0.0014687683874771297,0.6,/work3/arnaou/checkpoints/Tc_trial_1677_best_state.pt,"{'learning_rate': 0.0014687683874771297, 'lr_reduce': 0.6}",TPESampler,COMPLETE
1678,0.04984030872583389,2025-04-26 15:48:53.776186,2025-04-26 15:49:21.756725,0 days 00:00:27.980539,0.2721345963241365,32,160,128,176.0,96.0,4,2,4,0.00048442294127016,0.6,/work3/arnaou/checkpoints/Tc_trial_1678_best_state.pt,"{'learning_rate': 0.00048442294127016, 'lr_reduce': 0.6}",TPESampler,COMPLETE
1679,0.021889524534344673,2025-04-26 15:48:54.377541,2025-04-26 15:49:17.316666,0 days 00:00:22.939125,0.0006195019542669308,208,256,144,96.0,,3,2,1,0.005140965492697381,0.6,/work3/arnaou/checkpoints/Tc_trial_1679_best_state.pt,"{'learning_rate': 0.005140965492697381, 'lr_reduce': 0.6}",TPESampler,COMPLETE
1680,0.02246471494436264,2025-04-26 15:49:11.966946,2025-04-26 15:49:30.637853,0 days 00:00:18.670907,0.08332673802705254,208,176,224,144.0,,3,1,2,0.009592646692351997,0.6,/work3/arnaou/checkpoints/Tc_trial_1680_best_state.pt,"{'learning_rate': 0.009592646692351997, 'lr_reduce': 0.6}",TPESampler,COMPLETE
1681,0.018341679126024246,2025-04-26 15:49:17.508135,2025-04-26 15:49:40.090829,0 days 00:00:22.582694,0.004114857453226098,192,192,240,,,2,3,1,0.0031520494757845286,0.6,/work3/arnaou/checkpoints/Tc_trial_1681_best_state.pt,"{'learning_rate': 0.0031520494757845286, 'lr_reduce': 0.6}",TPESampler,COMPLETE
1682,0.03556329756975174,2025-04-26 15:49:21.994289,2025-04-26 15:49:44.696510,0 days 00:00:22.702221,0.2799536473653049,208,96,64,,,2,3,1,0.0002911114059119686,0.6,/work3/arnaou/checkpoints/Tc_trial_1682_best_state.pt,"{'learning_rate': 0.0002911114059119686, 'lr_reduce': 0.6}",TPESampler,COMPLETE
