number,value,datetime_start,datetime_complete,duration,params_dropout,params_hidden_channels,params_mlp_dim_00,params_mlp_dim_01,params_mlp_dim_02,params_mlp_dim_03,params_mlp_n_layers,params_num_layers,params_num_timesteps,params_train_learning_rate,params_train_lr_reduce,user_attrs_best_state_dict_path,user_attrs_training_params,system_attrs_auto:sampler,state
702,0.018882088363170624,2025-04-26 13:53:35.914325,2025-04-26 13:53:59.053079,0 days 00:00:23.138754,0.050669420009261376,208,256,192,224.0,,3,3,1,0.0035043713207547973,0.6,/work3/arnaou/checkpoints/Tc_trial_702_best_state.pt,"{'learning_rate': 0.0035043713207547973, 'lr_reduce': 0.6}",TPESampler,COMPLETE
703,0.02435772679746151,2025-04-26 13:53:39.068006,2025-04-26 13:53:58.686763,0 days 00:00:19.618757,0.01537407076673011,176,192,240,128.0,,3,1,1,0.009242011158607358,0.6,/work3/arnaou/checkpoints/Tc_trial_703_best_state.pt,"{'learning_rate': 0.009242011158607358, 'lr_reduce': 0.6}",TPESampler,COMPLETE
704,0.02910284698009491,2025-04-26 13:53:57.013531,2025-04-26 13:54:14.584866,0 days 00:00:17.571335,0.1605767878373919,208,128,96,160.0,192.0,4,2,3,0.0016287131418805086,0.6,/work3/arnaou/checkpoints/Tc_trial_704_best_state.pt,"{'learning_rate': 0.0016287131418805086, 'lr_reduce': 0.6}",TPESampler,COMPLETE
705,0.01993054710328579,2025-04-26 13:53:58.882458,2025-04-26 13:54:13.859091,0 days 00:00:14.976633,0.09108414895499267,208,128,176,,,2,2,1,0.003479570428822026,0.6,/work3/arnaou/checkpoints/Tc_trial_705_best_state.pt,"{'learning_rate': 0.003479570428822026, 'lr_reduce': 0.6}",TPESampler,COMPLETE
706,0.026861483231186867,2025-04-26 13:53:59.240968,2025-04-26 13:54:16.613104,0 days 00:00:17.372136,0.005365788547281074,240,160,256,192.0,,3,1,2,0.007656493894060528,0.6,/work3/arnaou/checkpoints/Tc_trial_706_best_state.pt,"{'learning_rate': 0.007656493894060528, 'lr_reduce': 0.6}",TPESampler,COMPLETE
707,0.018669379875063896,2025-04-26 13:54:14.017004,2025-04-26 13:54:33.103751,0 days 00:00:19.086747,0.1292689912456294,192,176,240,144.0,,3,1,1,0.0033062582427423252,0.6,/work3/arnaou/checkpoints/Tc_trial_707_best_state.pt,"{'learning_rate': 0.0033062582427423252, 'lr_reduce': 0.6}",TPESampler,COMPLETE
708,0.024639682844281197,2025-04-26 13:54:14.752988,2025-04-26 13:54:38.286649,0 days 00:00:23.533661,0.08483334159100306,208,256,112,,,2,3,1,0.00443691298765812,0.6,/work3/arnaou/checkpoints/Tc_trial_708_best_state.pt,"{'learning_rate': 0.00443691298765812, 'lr_reduce': 0.6}",TPESampler,COMPLETE
709,0.022768376395106316,2025-04-26 13:54:16.819624,2025-04-26 13:54:39.929388,0 days 00:00:23.109764,0.0734455589138708,256,240,112,,,2,2,2,0.0014444887061434949,0.6,/work3/arnaou/checkpoints/Tc_trial_709_best_state.pt,"{'learning_rate': 0.0014444887061434949, 'lr_reduce': 0.6}",TPESampler,COMPLETE
710,0.02324581891298294,2025-04-26 13:54:33.306377,2025-04-26 13:54:56.550662,0 days 00:00:23.244285,0.03581053105437575,176,240,192,176.0,128.0,4,2,2,0.007391297864686125,0.6,/work3/arnaou/checkpoints/Tc_trial_710_best_state.pt,"{'learning_rate': 0.007391297864686125, 'lr_reduce': 0.6}",TPESampler,COMPLETE
711,0.015908727422356606,2025-04-26 13:54:38.527472,2025-04-26 13:54:59.375425,0 days 00:00:20.847953,0.07882570454667043,224,160,176,112.0,,3,1,1,0.0047874464269089334,0.6,/work3/arnaou/checkpoints/Tc_trial_711_best_state.pt,"{'learning_rate': 0.0047874464269089334, 'lr_reduce': 0.6}",TPESampler,COMPLETE
712,0.016594966873526573,2025-04-26 13:54:40.117872,2025-04-26 13:55:02.382602,0 days 00:00:22.264730,0.010499513196626628,256,176,176,160.0,,3,2,1,0.0018738386302201153,0.6,/work3/arnaou/checkpoints/Tc_trial_712_best_state.pt,"{'learning_rate': 0.0018738386302201153, 'lr_reduce': 0.6}",TPESampler,COMPLETE
713,0.023763293400406837,2025-04-26 13:54:56.746559,2025-04-26 13:55:20.644265,0 days 00:00:23.897706,0.0828274434610118,240,208,256,192.0,,3,3,1,0.0004930896203610973,0.6,/work3/arnaou/checkpoints/Tc_trial_713_best_state.pt,"{'learning_rate': 0.0004930896203610973, 'lr_reduce': 0.6}",TPESampler,COMPLETE
714,0.021913284435868263,2025-04-26 13:54:59.572408,2025-04-26 13:55:26.600399,0 days 00:00:27.027991,0.29023267819942544,240,112,144,,,2,3,4,0.0010669115437242356,0.6,/work3/arnaou/checkpoints/Tc_trial_714_best_state.pt,"{'learning_rate': 0.0010669115437242356, 'lr_reduce': 0.6}",TPESampler,COMPLETE
715,0.018327506259083748,2025-04-26 13:55:02.590411,2025-04-26 13:55:23.060604,0 days 00:00:20.470193,0.0011151389756687419,144,96,256,128.0,,3,1,1,0.009830683822174831,0.6,/work3/arnaou/checkpoints/Tc_trial_715_best_state.pt,"{'learning_rate': 0.009830683822174831, 'lr_reduce': 0.6}",TPESampler,COMPLETE
716,0.0181746706366539,2025-04-26 13:55:20.833806,2025-04-26 13:55:43.039347,0 days 00:00:22.205541,0.18058110144339923,208,240,144,160.0,,3,3,1,0.003236108904095213,0.6,/work3/arnaou/checkpoints/Tc_trial_716_best_state.pt,"{'learning_rate': 0.003236108904095213, 'lr_reduce': 0.6}",TPESampler,COMPLETE
717,0.022064652293920517,2025-04-26 13:55:23.237874,2025-04-26 13:55:43.461998,0 days 00:00:20.224124,0.02705104683986258,256,208,192,224.0,,3,1,1,0.00972223671972249,0.6,/work3/arnaou/checkpoints/Tc_trial_717_best_state.pt,"{'learning_rate': 0.00972223671972249, 'lr_reduce': 0.6}",TPESampler,COMPLETE
718,0.051426962018013,2025-04-26 13:55:26.804249,2025-04-26 13:55:45.376585,0 days 00:00:18.572336,0.2981126240237021,112,112,112,144.0,,3,4,1,0.0006404424466559096,0.6,/work3/arnaou/checkpoints/Tc_trial_718_best_state.pt,"{'learning_rate': 0.0006404424466559096, 'lr_reduce': 0.6}",TPESampler,COMPLETE
719,0.018373962491750717,2025-04-26 13:55:43.239907,2025-04-26 13:56:08.988829,0 days 00:00:25.748922,0.01636134646402397,192,208,176,192.0,64.0,4,4,1,0.001421181416076133,0.6,/work3/arnaou/checkpoints/Tc_trial_719_best_state.pt,"{'learning_rate': 0.001421181416076133, 'lr_reduce': 0.6}",TPESampler,COMPLETE
720,0.01649433746933937,2025-04-26 13:55:43.657686,2025-04-26 13:56:07.784777,0 days 00:00:24.127091,0.04669279957633212,256,160,240,96.0,,3,3,1,0.0012998164779352086,0.6,/work3/arnaou/checkpoints/Tc_trial_720_best_state.pt,"{'learning_rate': 0.0012998164779352086, 'lr_reduce': 0.6}",TPESampler,COMPLETE
721,0.01592399738729,2025-04-26 13:55:45.575876,2025-04-26 13:56:09.305225,0 days 00:00:23.729349,0.04863578777606179,240,192,192,176.0,,3,2,1,0.002187522762950008,0.6,/work3/arnaou/checkpoints/Tc_trial_721_best_state.pt,"{'learning_rate': 0.002187522762950008, 'lr_reduce': 0.6}",TPESampler,COMPLETE
722,0.020803973078727722,2025-04-26 13:56:07.968594,2025-04-26 13:56:27.490708,0 days 00:00:19.522114,0.004029593260826001,256,240,128,128.0,,3,1,1,0.0021023411522623566,0.6,/work3/arnaou/checkpoints/Tc_trial_722_best_state.pt,"{'learning_rate': 0.0021023411522623566, 'lr_reduce': 0.6}",TPESampler,COMPLETE
723,0.018428027629852295,2025-04-26 13:56:09.167983,2025-04-26 13:56:26.595851,0 days 00:00:17.427868,0.1482837680525503,208,208,192,160.0,256.0,4,1,1,0.0035424697001654746,0.6,/work3/arnaou/checkpoints/Tc_trial_723_best_state.pt,"{'learning_rate': 0.0035424697001654746, 'lr_reduce': 0.6}",TPESampler,COMPLETE
724,0.034337062388658524,2025-04-26 13:56:09.471263,2025-04-26 13:56:35.501902,0 days 00:00:26.030639,0.15601247611793384,160,192,144,,,2,2,3,0.0003637164815570677,0.6,/work3/arnaou/checkpoints/Tc_trial_724_best_state.pt,"{'learning_rate': 0.0003637164815570677, 'lr_reduce': 0.6}",TPESampler,COMPLETE
725,0.03673575818538666,2025-04-26 13:56:26.767090,2025-04-26 13:56:46.169025,0 days 00:00:19.401935,0.09092587604535449,240,224,240,208.0,,3,2,1,0.009755783251957166,0.6,/work3/arnaou/checkpoints/Tc_trial_725_best_state.pt,"{'learning_rate': 0.009755783251957166, 'lr_reduce': 0.6}",TPESampler,COMPLETE
726,0.018933642655611038,2025-04-26 13:56:27.698140,2025-04-26 13:56:47.271244,0 days 00:00:19.573104,0.14945680695158065,192,224,192,144.0,,3,1,1,0.006169172055592044,0.6,/work3/arnaou/checkpoints/Tc_trial_726_best_state.pt,"{'learning_rate': 0.006169172055592044, 'lr_reduce': 0.6}",TPESampler,COMPLETE
727,0.023569904267787933,2025-04-26 13:56:35.669234,2025-04-26 13:56:58.661862,0 days 00:00:22.992628,0.05390400645696011,192,64,112,,,2,1,3,0.0009298732166872611,0.6,/work3/arnaou/checkpoints/Tc_trial_727_best_state.pt,"{'learning_rate': 0.0009298732166872611, 'lr_reduce': 0.6}",TPESampler,COMPLETE
728,0.037093330174684525,2025-04-26 13:56:46.546465,2025-04-26 13:57:11.830227,0 days 00:00:25.283762,0.14742331157275704,48,224,112,,,2,4,4,0.0011773757695637441,0.6,/work3/arnaou/checkpoints/Tc_trial_728_best_state.pt,"{'learning_rate': 0.0011773757695637441, 'lr_reduce': 0.6}",TPESampler,COMPLETE
729,0.023050755262374878,2025-04-26 13:56:47.449710,2025-04-26 13:57:03.213163,0 days 00:00:15.763453,0.09268198413984621,224,208,224,176.0,,3,2,2,0.0031688863461647016,0.6,/work3/arnaou/checkpoints/Tc_trial_729_best_state.pt,"{'learning_rate': 0.0031688863461647016, 'lr_reduce': 0.6}",TPESampler,COMPLETE
730,0.024859368801116943,2025-04-26 13:56:58.849602,2025-04-26 13:57:14.770091,0 days 00:00:15.920489,0.08891817515265801,96,176,144,144.0,,3,1,2,0.0023699601684967395,0.6,/work3/arnaou/checkpoints/Tc_trial_730_best_state.pt,"{'learning_rate': 0.0023699601684967395, 'lr_reduce': 0.6}",TPESampler,COMPLETE
731,0.01925087533891201,2025-04-26 13:57:03.386167,2025-04-26 13:57:23.518842,0 days 00:00:20.132675,0.04659401478518582,208,208,192,112.0,,3,2,1,0.0020713003374602536,0.6,/work3/arnaou/checkpoints/Tc_trial_731_best_state.pt,"{'learning_rate': 0.0020713003374602536, 'lr_reduce': 0.6}",TPESampler,COMPLETE
732,0.020853934809565544,2025-04-26 13:57:12.202733,2025-04-26 13:57:26.994203,0 days 00:00:14.791470,0.008863039364641199,144,176,208,176.0,160.0,4,1,1,0.009656717427864253,0.6,/work3/arnaou/checkpoints/Tc_trial_732_best_state.pt,"{'learning_rate': 0.009656717427864253, 'lr_reduce': 0.6}",TPESampler,COMPLETE
733,0.019915366545319557,2025-04-26 13:57:15.107822,2025-04-26 13:57:36.728738,0 days 00:00:21.620916,0.018243407763686586,256,192,256,208.0,,3,2,1,0.001192129626239675,0.6,/work3/arnaou/checkpoints/Tc_trial_733_best_state.pt,"{'learning_rate': 0.001192129626239675, 'lr_reduce': 0.6}",TPESampler,COMPLETE
734,0.01858339086174965,2025-04-26 13:57:23.715963,2025-04-26 13:57:46.873252,0 days 00:00:23.157289,0.11587323041312642,176,208,192,160.0,,3,3,1,0.0012083752259790961,0.6,/work3/arnaou/checkpoints/Tc_trial_734_best_state.pt,"{'learning_rate': 0.0012083752259790961, 'lr_reduce': 0.6}",TPESampler,COMPLETE
735,0.01714204251766205,2025-04-26 13:57:27.204645,2025-04-26 13:57:42.633296,0 days 00:00:15.428651,0.05310375083485116,160,240,176,128.0,,3,1,1,0.003623238792197944,0.6,/work3/arnaou/checkpoints/Tc_trial_735_best_state.pt,"{'learning_rate': 0.003623238792197944, 'lr_reduce': 0.6}",TPESampler,COMPLETE
736,0.019469760358333588,2025-04-26 13:57:36.910783,2025-04-26 13:58:02.911193,0 days 00:00:26.000410,0.010784433952490527,240,224,176,192.0,,3,2,1,0.0026560977304445894,0.6,/work3/arnaou/checkpoints/Tc_trial_736_best_state.pt,"{'learning_rate': 0.0026560977304445894, 'lr_reduce': 0.6}",TPESampler,COMPLETE
737,0.018721673637628555,2025-04-26 13:57:42.787314,2025-04-26 13:58:10.495552,0 days 00:00:27.708238,0.0829440699370914,256,192,224,160.0,,3,3,1,0.004473568371542751,0.6,/work3/arnaou/checkpoints/Tc_trial_737_best_state.pt,"{'learning_rate': 0.004473568371542751, 'lr_reduce': 0.6}",TPESampler,COMPLETE
738,0.017406800761818886,2025-04-26 13:57:47.098400,2025-04-26 13:58:12.986887,0 days 00:00:25.888487,0.013565000229614203,256,192,240,128.0,,3,2,1,0.003937082722999604,0.6,/work3/arnaou/checkpoints/Tc_trial_738_best_state.pt,"{'learning_rate': 0.003937082722999604, 'lr_reduce': 0.6}",TPESampler,COMPLETE
739,0.05737519636750221,2025-04-26 13:58:03.138935,2025-04-26 13:58:32.691448,0 days 00:00:29.552513,0.006637885577352898,224,96,96,176.0,96.0,4,3,1,0.00010464009702791538,0.6,/work3/arnaou/checkpoints/Tc_trial_739_best_state.pt,"{'learning_rate': 0.00010464009702791538, 'lr_reduce': 0.6}",TPESampler,COMPLETE
740,0.018858857452869415,2025-04-26 13:58:10.709252,2025-04-26 13:58:27.172647,0 days 00:00:16.463395,0.08747706580705239,208,192,176,,,2,1,1,0.0054946945115173385,0.6,/work3/arnaou/checkpoints/Tc_trial_740_best_state.pt,"{'learning_rate': 0.0054946945115173385, 'lr_reduce': 0.6}",TPESampler,COMPLETE
741,0.0212034173309803,2025-04-26 13:58:13.408280,2025-04-26 13:58:35.292830,0 days 00:00:21.884550,0.008298918454369312,192,128,256,,,2,1,1,0.0015386536828159204,0.6,/work3/arnaou/checkpoints/Tc_trial_741_best_state.pt,"{'learning_rate': 0.0015386536828159204, 'lr_reduce': 0.6}",TPESampler,COMPLETE
742,0.02889459766447544,2025-04-26 13:58:27.343498,2025-04-26 13:59:01.792345,0 days 00:00:34.448847,0.02995573364387355,80,112,112,96.0,,3,4,3,0.0029059638136863797,0.6,/work3/arnaou/checkpoints/Tc_trial_742_best_state.pt,"{'learning_rate': 0.0029059638136863797, 'lr_reduce': 0.6}",TPESampler,COMPLETE
743,0.02804575487971306,2025-04-26 13:58:32.888708,2025-04-26 13:58:58.213106,0 days 00:00:25.324398,0.06107067707674051,176,128,176,,,2,3,2,0.00306186366405884,0.6,/work3/arnaou/checkpoints/Tc_trial_743_best_state.pt,"{'learning_rate': 0.00306186366405884, 'lr_reduce': 0.6}",TPESampler,COMPLETE
744,0.03344356268644333,2025-04-26 13:58:35.513264,2025-04-26 13:59:04.966891,0 days 00:00:29.453627,0.16742572125160404,176,256,160,240.0,,3,2,1,0.005950364201637563,0.6,/work3/arnaou/checkpoints/Tc_trial_744_best_state.pt,"{'learning_rate': 0.005950364201637563, 'lr_reduce': 0.6}",TPESampler,COMPLETE
745,0.0157281756401062,2025-04-26 13:58:58.385494,2025-04-26 13:59:27.776228,0 days 00:00:29.390734,0.08025159357703492,192,256,176,144.0,,3,2,1,0.004641899296704749,0.6,/work3/arnaou/checkpoints/Tc_trial_745_best_state.pt,"{'learning_rate': 0.004641899296704749, 'lr_reduce': 0.6}",TPESampler,COMPLETE
746,0.01822182536125183,2025-04-26 13:59:01.993709,2025-04-26 13:59:22.909656,0 days 00:00:20.915947,0.07538495093173415,240,240,208,192.0,,3,1,1,0.0015232292040338127,0.6,/work3/arnaou/checkpoints/Tc_trial_746_best_state.pt,"{'learning_rate': 0.0015232292040338127, 'lr_reduce': 0.6}",TPESampler,COMPLETE
747,0.0427727997303009,2025-04-26 13:59:05.460556,2025-04-26 13:59:37.701770,0 days 00:00:32.241214,0.2574863738715123,80,160,96,160.0,,3,4,4,0.0018289086010037045,0.6,/work3/arnaou/checkpoints/Tc_trial_747_best_state.pt,"{'learning_rate': 0.0018289086010037045, 'lr_reduce': 0.6}",TPESampler,COMPLETE
748,0.020681696012616158,2025-04-26 13:59:23.076345,2025-04-26 13:59:39.703123,0 days 00:00:16.626778,0.2020110145803008,192,128,208,208.0,,3,1,3,0.00874161998698137,0.6,/work3/arnaou/checkpoints/Tc_trial_748_best_state.pt,"{'learning_rate': 0.00874161998698137, 'lr_reduce': 0.6}",TPESampler,COMPLETE
749,0.04602663591504097,2025-04-26 13:59:27.964543,2025-04-26 13:59:52.551836,0 days 00:00:24.587293,0.10904566763297668,240,256,160,128.0,,3,3,2,0.007174356869195142,0.6,/work3/arnaou/checkpoints/Tc_trial_749_best_state.pt,"{'learning_rate': 0.007174356869195142, 'lr_reduce': 0.6}",TPESampler,COMPLETE
750,0.020674889907240868,2025-04-26 13:59:37.896361,2025-04-26 14:00:03.240175,0 days 00:00:25.343814,0.09798761256893068,224,256,240,176.0,,3,2,1,0.0016943385934472873,0.6,/work3/arnaou/checkpoints/Tc_trial_750_best_state.pt,"{'learning_rate': 0.0016943385934472873, 'lr_reduce': 0.6}",TPESampler,COMPLETE
751,0.17551378905773163,2025-04-26 13:59:39.906605,2025-04-26 14:00:12.364269,0 days 00:00:32.457664,0.27652232205972593,224,208,208,144.0,,3,3,2,0.00011173609486938575,0.6,/work3/arnaou/checkpoints/Tc_trial_751_best_state.pt,"{'learning_rate': 0.00011173609486938575, 'lr_reduce': 0.6}",TPESampler,COMPLETE
752,0.028582148253917694,2025-04-26 13:59:52.781111,2025-04-26 14:00:22.577925,0 days 00:00:29.796814,0.13055396111882941,192,112,208,160.0,,3,1,2,0.005843904008567643,0.6,/work3/arnaou/checkpoints/Tc_trial_752_best_state.pt,"{'learning_rate': 0.005843904008567643, 'lr_reduce': 0.6}",TPESampler,COMPLETE
753,0.14166924357414246,2025-04-26 14:00:03.498931,2025-04-26 14:00:33.854971,0 days 00:00:30.356040,0.006652542509447523,80,32,144,192.0,32.0,4,4,2,0.00017581817900971772,0.6,/work3/arnaou/checkpoints/Tc_trial_753_best_state.pt,"{'learning_rate': 0.00017581817900971772, 'lr_reduce': 0.6}",TPESampler,COMPLETE
754,0.01744851842522621,2025-04-26 14:00:12.571311,2025-04-26 14:00:33.995479,0 days 00:00:21.424168,0.011498104128514744,256,176,256,,,2,2,1,0.0038322390621483293,0.6,/work3/arnaou/checkpoints/Tc_trial_754_best_state.pt,"{'learning_rate': 0.0038322390621483293, 'lr_reduce': 0.6}",TPESampler,COMPLETE
755,0.019316619262099266,2025-04-26 14:00:22.800507,2025-04-26 14:00:45.811066,0 days 00:00:23.010559,0.017432693063030656,240,240,192,112.0,,3,2,1,0.0034888470859217374,0.6,/work3/arnaou/checkpoints/Tc_trial_755_best_state.pt,"{'learning_rate': 0.0034888470859217374, 'lr_reduce': 0.6}",TPESampler,COMPLETE
756,0.023458516225218773,2025-04-26 14:00:34.056129,2025-04-26 14:00:56.089317,0 days 00:00:22.033188,0.1539779038638961,48,144,112,160.0,,3,2,3,0.0025176302757592495,0.6,/work3/arnaou/checkpoints/Tc_trial_756_best_state.pt,"{'learning_rate': 0.0025176302757592495, 'lr_reduce': 0.6}",TPESampler,COMPLETE
757,0.0219741128385067,2025-04-26 14:00:34.194717,2025-04-26 14:00:53.208426,0 days 00:00:19.013709,0.1277743699019616,208,144,176,224.0,,3,1,3,0.005794990955018009,0.6,/work3/arnaou/checkpoints/Tc_trial_757_best_state.pt,"{'learning_rate': 0.005794990955018009, 'lr_reduce': 0.6}",TPESampler,COMPLETE
758,0.01898696832358837,2025-04-26 14:00:45.985696,2025-04-26 14:01:02.655523,0 days 00:00:16.669827,0.008154443404486901,240,192,192,144.0,,3,1,1,0.0034482355869285258,0.6,/work3/arnaou/checkpoints/Tc_trial_758_best_state.pt,"{'learning_rate': 0.0034482355869285258, 'lr_reduce': 0.6}",TPESampler,COMPLETE
759,0.02088903822004795,2025-04-26 14:00:53.392578,2025-04-26 14:01:16.894567,0 days 00:00:23.501989,0.05680580840516228,48,240,32,176.0,,3,2,4,0.009500933179381192,0.6,/work3/arnaou/checkpoints/Tc_trial_759_best_state.pt,"{'learning_rate': 0.009500933179381192, 'lr_reduce': 0.6}",TPESampler,COMPLETE
760,0.0353318490087986,2025-04-26 14:00:56.272269,2025-04-26 14:01:22.216758,0 days 00:00:25.944489,0.14215298428954615,144,256,256,,,2,4,3,0.00040639939625626575,0.6,/work3/arnaou/checkpoints/Tc_trial_760_best_state.pt,"{'learning_rate': 0.00040639939625626575, 'lr_reduce': 0.6}",TPESampler,COMPLETE
761,0.04572664946317673,2025-04-26 14:01:02.825476,2025-04-26 14:01:27.968794,0 days 00:00:25.143318,0.22074632363918478,112,80,176,128.0,64.0,4,3,2,0.0003822171972343581,0.6,/work3/arnaou/checkpoints/Tc_trial_761_best_state.pt,"{'learning_rate': 0.0003822171972343581, 'lr_reduce': 0.6}",TPESampler,COMPLETE
762,0.019664058461785316,2025-04-26 14:01:17.085814,2025-04-26 14:01:36.602120,0 days 00:00:19.516306,0.07117230261001348,208,144,256,192.0,,3,1,1,0.0021206011933793427,0.6,/work3/arnaou/checkpoints/Tc_trial_762_best_state.pt,"{'learning_rate': 0.0021206011933793427, 'lr_reduce': 0.6}",TPESampler,COMPLETE
763,0.015788063406944275,2025-04-26 14:01:22.431885,2025-04-26 14:01:43.272064,0 days 00:00:20.840179,0.15558221972419145,160,176,144,96.0,,3,1,1,0.00617839938798312,0.6,/work3/arnaou/checkpoints/Tc_trial_763_best_state.pt,"{'learning_rate': 0.00617839938798312, 'lr_reduce': 0.6}",TPESampler,COMPLETE
764,0.020335782319307327,2025-04-26 14:01:28.166017,2025-04-26 14:01:57.669248,0 days 00:00:29.503231,0.0858204101064548,176,208,208,160.0,,3,3,1,0.00342515945650377,0.6,/work3/arnaou/checkpoints/Tc_trial_764_best_state.pt,"{'learning_rate': 0.00342515945650377, 'lr_reduce': 0.6}",TPESampler,COMPLETE
765,0.017042607069015503,2025-04-26 14:01:36.806963,2025-04-26 14:02:04.445375,0 days 00:00:27.638412,0.15272248002902472,224,240,176,144.0,,3,2,1,0.005534411168058947,0.6,/work3/arnaou/checkpoints/Tc_trial_765_best_state.pt,"{'learning_rate': 0.005534411168058947, 'lr_reduce': 0.6}",TPESampler,COMPLETE
766,0.023644447326660156,2025-04-26 14:01:43.760388,2025-04-26 14:02:10.865138,0 days 00:00:27.104750,0.14755756263835168,48,208,80,,,2,2,2,0.0012081497817482073,0.6,/work3/arnaou/checkpoints/Tc_trial_766_best_state.pt,"{'learning_rate': 0.0012081497817482073, 'lr_reduce': 0.6}",TPESampler,COMPLETE
767,0.02669866569340229,2025-04-26 14:01:57.883238,2025-04-26 14:02:21.884065,0 days 00:00:24.000827,0.0667399307546868,256,208,160,208.0,,3,2,1,0.00426950666175819,0.6,/work3/arnaou/checkpoints/Tc_trial_767_best_state.pt,"{'learning_rate': 0.00426950666175819, 'lr_reduce': 0.6}",TPESampler,COMPLETE
768,0.03766065090894699,2025-04-26 14:02:04.704038,2025-04-26 14:02:26.779746,0 days 00:00:22.075708,0.245226400022733,32,256,64,,,2,1,1,0.0006607800588397906,0.6,/work3/arnaou/checkpoints/Tc_trial_768_best_state.pt,"{'learning_rate': 0.0006607800588397906, 'lr_reduce': 0.6}",TPESampler,COMPLETE
769,0.01837734505534172,2025-04-26 14:02:11.061406,2025-04-26 14:02:33.783317,0 days 00:00:22.721911,0.01397380048921213,256,112,240,176.0,,3,1,2,0.0008401076660643392,0.6,/work3/arnaou/checkpoints/Tc_trial_769_best_state.pt,"{'learning_rate': 0.0008401076660643392, 'lr_reduce': 0.6}",TPESampler,COMPLETE
770,0.01745034195482731,2025-04-26 14:02:22.086014,2025-04-26 14:02:43.649605,0 days 00:00:21.563591,0.10805617461115909,192,144,192,128.0,,3,1,2,0.005246832054157967,0.6,/work3/arnaou/checkpoints/Tc_trial_770_best_state.pt,"{'learning_rate': 0.005246832054157967, 'lr_reduce': 0.6}",TPESampler,COMPLETE
771,0.023799927905201912,2025-04-26 14:02:26.952843,2025-04-26 14:02:48.671756,0 days 00:00:21.718913,0.11083409777720021,224,192,208,160.0,,3,1,2,0.009617235010008872,0.6,/work3/arnaou/checkpoints/Tc_trial_771_best_state.pt,"{'learning_rate': 0.009617235010008872, 'lr_reduce': 0.6}",TPESampler,COMPLETE
772,0.01851608231663704,2025-04-26 14:02:33.985005,2025-04-26 14:02:53.965243,0 days 00:00:19.980238,0.0334929183533975,144,128,192,192.0,,3,1,2,0.005799259041016751,0.6,/work3/arnaou/checkpoints/Tc_trial_772_best_state.pt,"{'learning_rate': 0.005799259041016751, 'lr_reduce': 0.6}",TPESampler,COMPLETE
