number,value,datetime_start,datetime_complete,duration,params_dropout,params_hidden_channels,params_mlp_dim_00,params_mlp_dim_01,params_mlp_dim_02,params_mlp_dim_03,params_mlp_n_layers,params_num_layers,params_num_timesteps,params_train_learning_rate,params_train_lr_reduce,user_attrs_best_state_dict_path,user_attrs_training_params,system_attrs_auto:sampler,state
210,0.019972749054431915,2025-04-26 12:55:05.079656,2025-04-26 12:55:23.598011,0 days 00:00:18.518355,0.015056363191384422,240,208,256,,,2,1,1,0.0010029057079541464,0.6,/work3/arnaou/checkpoints/Tc_trial_210_best_state.pt,"{'learning_rate': 0.0010029057079541464, 'lr_reduce': 0.6}",TPESampler,COMPLETE
211,0.02798362262547016,2025-04-26 12:55:14.321556,2025-04-26 12:55:34.842419,0 days 00:00:20.520863,0.05750959362375467,32,224,96,144.0,,3,2,1,0.002271407673198378,0.6,/work3/arnaou/checkpoints/Tc_trial_211_best_state.pt,"{'learning_rate': 0.002271407673198378, 'lr_reduce': 0.6}",TPESampler,COMPLETE
212,0.019204705953598022,2025-04-26 12:55:23.817374,2025-04-26 12:55:47.042191,0 days 00:00:23.224817,0.006811080878706858,192,224,256,,,2,3,2,0.0030863480912206812,0.6,/work3/arnaou/checkpoints/Tc_trial_212_best_state.pt,"{'learning_rate': 0.0030863480912206812, 'lr_reduce': 0.6}",TPESampler,COMPLETE
213,0.017303429543972015,2025-04-26 12:55:30.036760,2025-04-26 12:55:50.614019,0 days 00:00:20.577259,0.02702792492895222,256,256,224,112.0,,3,2,1,0.0017437452883224253,0.6,/work3/arnaou/checkpoints/Tc_trial_213_best_state.pt,"{'learning_rate': 0.0017437452883224253, 'lr_reduce': 0.6}",TPESampler,COMPLETE
214,0.017339013516902924,2025-04-26 12:55:35.003752,2025-04-26 12:55:54.297290,0 days 00:00:19.293538,9.666175961265061e-05,176,240,256,128.0,,3,1,1,0.0026295827487518046,0.6,/work3/arnaou/checkpoints/Tc_trial_214_best_state.pt,"{'learning_rate': 0.0026295827487518046, 'lr_reduce': 0.6}",TPESampler,COMPLETE
215,0.022685188800096512,2025-04-26 12:55:47.217757,2025-04-26 12:56:04.160422,0 days 00:00:16.942665,0.0911503444566707,48,48,256,,,2,3,1,0.007370507420426976,0.6,/work3/arnaou/checkpoints/Tc_trial_215_best_state.pt,"{'learning_rate': 0.007370507420426976, 'lr_reduce': 0.6}",TPESampler,COMPLETE
216,0.015768837183713913,2025-04-26 12:55:50.786316,2025-04-26 12:56:11.921126,0 days 00:00:21.134810,0.009877711009317088,224,240,256,80.0,,3,2,1,0.0027790003996061687,0.6,/work3/arnaou/checkpoints/Tc_trial_216_best_state.pt,"{'learning_rate': 0.0027790003996061687, 'lr_reduce': 0.6}",TPESampler,COMPLETE
217,0.030373958870768547,2025-04-26 12:55:54.578128,2025-04-26 12:56:13.828533,0 days 00:00:19.250405,0.13030939343130127,32,64,112,176.0,,3,4,1,0.005160530784996252,0.6,/work3/arnaou/checkpoints/Tc_trial_217_best_state.pt,"{'learning_rate': 0.005160530784996252, 'lr_reduce': 0.6}",TPESampler,COMPLETE
218,0.015951648354530334,2025-04-26 12:56:04.345796,2025-04-26 12:56:19.012246,0 days 00:00:14.666450,0.05932518061240517,256,176,256,96.0,,3,1,1,0.003373184194138097,0.6,/work3/arnaou/checkpoints/Tc_trial_218_best_state.pt,"{'learning_rate': 0.003373184194138097, 'lr_reduce': 0.6}",TPESampler,COMPLETE
219,0.028817614540457726,2025-04-26 12:56:12.080644,2025-04-26 12:56:38.518627,0 days 00:00:26.437983,0.1402655397115786,208,256,144,,,2,3,4,0.009800980968946002,0.6,/work3/arnaou/checkpoints/Tc_trial_219_best_state.pt,"{'learning_rate': 0.009800980968946002, 'lr_reduce': 0.6}",TPESampler,COMPLETE
220,0.23942190408706665,2025-04-26 12:56:13.984054,2025-04-26 12:56:41.433248,0 days 00:00:27.449194,0.2648127708888282,32,96,48,,,2,2,2,0.00011764545596546665,0.6,/work3/arnaou/checkpoints/Tc_trial_220_best_state.pt,"{'learning_rate': 0.00011764545596546665, 'lr_reduce': 0.6}",TPESampler,COMPLETE
221,0.01599827967584133,2025-04-26 12:56:19.164864,2025-04-26 12:56:41.303805,0 days 00:00:22.138941,0.08186821374100375,256,176,256,80.0,,3,1,1,0.002879305234519329,0.6,/work3/arnaou/checkpoints/Tc_trial_221_best_state.pt,"{'learning_rate': 0.002879305234519329, 'lr_reduce': 0.6}",TPESampler,COMPLETE
222,0.020043034106492996,2025-04-26 12:56:38.689635,2025-04-26 12:56:56.538736,0 days 00:00:17.849101,0.1599292157648235,224,160,256,64.0,,3,2,1,0.0029332099167461217,0.6,/work3/arnaou/checkpoints/Tc_trial_222_best_state.pt,"{'learning_rate': 0.0029332099167461217, 'lr_reduce': 0.6}",TPESampler,COMPLETE
223,0.045978814363479614,2025-04-26 12:56:41.486553,2025-04-26 12:57:03.209852,0 days 00:00:21.723299,0.07072826175799533,32,240,128,,,2,1,1,0.00022312534043225407,0.6,/work3/arnaou/checkpoints/Tc_trial_223_best_state.pt,"{'learning_rate': 0.00022312534043225407, 'lr_reduce': 0.6}",TPESampler,COMPLETE
224,0.0196984875947237,2025-04-26 12:56:41.598286,2025-04-26 12:57:01.308294,0 days 00:00:19.710008,0.09041002200451533,240,176,256,80.0,,3,1,1,0.007078592047462916,0.6,/work3/arnaou/checkpoints/Tc_trial_224_best_state.pt,"{'learning_rate': 0.007078592047462916, 'lr_reduce': 0.6}",TPESampler,COMPLETE
225,0.03843739628791809,2025-04-26 12:56:56.694377,2025-04-26 12:57:30.289388,0 days 00:00:33.595011,0.04088200106722145,48,112,240,,,2,4,4,0.00034254648587223144,0.6,/work3/arnaou/checkpoints/Tc_trial_225_best_state.pt,"{'learning_rate': 0.00034254648587223144, 'lr_reduce': 0.6}",TPESampler,COMPLETE
226,0.018000062555074692,2025-04-26 12:57:01.477373,2025-04-26 12:57:18.639523,0 days 00:00:17.162150,0.06972342763979317,256,208,256,96.0,,3,1,1,0.003695489904889147,0.6,/work3/arnaou/checkpoints/Tc_trial_226_best_state.pt,"{'learning_rate': 0.003695489904889147, 'lr_reduce': 0.6}",TPESampler,COMPLETE
227,0.016147391870617867,2025-04-26 12:57:03.390458,2025-04-26 12:57:17.310704,0 days 00:00:13.920246,0.057862979932162426,208,160,240,80.0,,3,1,1,0.004719588915669555,0.6,/work3/arnaou/checkpoints/Tc_trial_227_best_state.pt,"{'learning_rate': 0.004719588915669555, 'lr_reduce': 0.6}",TPESampler,COMPLETE
228,0.016723331063985825,2025-04-26 12:57:17.475384,2025-04-26 12:57:33.586797,0 days 00:00:16.111413,0.003842355199771868,256,224,240,64.0,,3,1,1,0.00580682577999947,0.6,/work3/arnaou/checkpoints/Tc_trial_228_best_state.pt,"{'learning_rate': 0.00580682577999947, 'lr_reduce': 0.6}",TPESampler,COMPLETE
229,0.01990094780921936,2025-04-26 12:57:18.796339,2025-04-26 12:57:42.501800,0 days 00:00:23.705461,0.021642485955067986,160,160,48,80.0,128.0,4,3,3,0.002167565743163257,0.6,/work3/arnaou/checkpoints/Tc_trial_229_best_state.pt,"{'learning_rate': 0.002167565743163257, 'lr_reduce': 0.6}",TPESampler,COMPLETE
230,0.016533080488443375,2025-04-26 12:57:30.444082,2025-04-26 12:57:48.882858,0 days 00:00:18.438776,0.020274143260587817,192,144,224,80.0,,3,1,1,0.003703713021665852,0.6,/work3/arnaou/checkpoints/Tc_trial_230_best_state.pt,"{'learning_rate': 0.003703713021665852, 'lr_reduce': 0.6}",TPESampler,COMPLETE
231,0.0516749732196331,2025-04-26 12:57:33.746172,2025-04-26 12:57:56.679299,0 days 00:00:22.933127,0.2632711527406445,80,240,112,64.0,64.0,4,2,1,0.0003558594463548578,0.6,/work3/arnaou/checkpoints/Tc_trial_231_best_state.pt,"{'learning_rate': 0.0003558594463548578, 'lr_reduce': 0.6}",TPESampler,COMPLETE
232,0.018745526671409607,2025-04-26 12:57:42.776319,2025-04-26 12:57:58.217664,0 days 00:00:15.441345,0.0927954485311773,224,128,224,80.0,,3,1,1,0.002519333171229971,0.6,/work3/arnaou/checkpoints/Tc_trial_232_best_state.pt,"{'learning_rate': 0.002519333171229971, 'lr_reduce': 0.6}",TPESampler,COMPLETE
233,0.017291167750954628,2025-04-26 12:57:49.135343,2025-04-26 12:58:07.042941,0 days 00:00:17.907598,0.056681425554323074,256,176,224,,,2,2,2,0.0034118319474538555,0.6,/work3/arnaou/checkpoints/Tc_trial_233_best_state.pt,"{'learning_rate': 0.0034118319474538555, 'lr_reduce': 0.6}",TPESampler,COMPLETE
234,0.01756889931857586,2025-04-26 12:57:56.857525,2025-04-26 12:58:11.941215,0 days 00:00:15.083690,0.004999401477752765,160,160,240,64.0,208.0,4,1,1,0.003377971825479201,0.6,/work3/arnaou/checkpoints/Tc_trial_234_best_state.pt,"{'learning_rate': 0.003377971825479201, 'lr_reduce': 0.6}",TPESampler,COMPLETE
235,0.018846038728952408,2025-04-26 12:57:58.385707,2025-04-26 12:58:15.699416,0 days 00:00:17.313709,0.08079298964819866,256,160,240,80.0,,3,1,1,0.0020846741779992155,0.6,/work3/arnaou/checkpoints/Tc_trial_235_best_state.pt,"{'learning_rate': 0.0020846741779992155, 'lr_reduce': 0.6}",TPESampler,COMPLETE
236,0.021281538531184196,2025-04-26 12:58:07.219398,2025-04-26 12:58:22.723030,0 days 00:00:15.503632,0.006120992484440237,192,144,240,80.0,,3,1,1,0.004092213008233958,0.6,/work3/arnaou/checkpoints/Tc_trial_236_best_state.pt,"{'learning_rate': 0.004092213008233958, 'lr_reduce': 0.6}",TPESampler,COMPLETE
237,0.01715034991502762,2025-04-26 12:58:12.107977,2025-04-26 12:58:30.763507,0 days 00:00:18.655530,0.10261543107555048,160,144,256,80.0,,3,1,1,0.005922867860517663,0.6,/work3/arnaou/checkpoints/Tc_trial_237_best_state.pt,"{'learning_rate': 0.005922867860517663, 'lr_reduce': 0.6}",TPESampler,COMPLETE
238,0.024036511778831482,2025-04-26 12:58:15.858619,2025-04-26 12:58:40.988598,0 days 00:00:25.129979,0.09652497608514048,208,208,176,96.0,,3,4,1,0.004343726775066574,0.6,/work3/arnaou/checkpoints/Tc_trial_238_best_state.pt,"{'learning_rate': 0.004343726775066574, 'lr_reduce': 0.6}",TPESampler,COMPLETE
239,0.047382306307554245,2025-04-26 12:58:22.884528,2025-04-26 12:58:41.199803,0 days 00:00:18.315275,0.27579410543546967,192,64,240,,,2,2,1,0.000985971659334267,0.6,/work3/arnaou/checkpoints/Tc_trial_239_best_state.pt,"{'learning_rate': 0.000985971659334267, 'lr_reduce': 0.6}",TPESampler,COMPLETE
240,0.025332339107990265,2025-04-26 12:58:30.944112,2025-04-26 12:58:52.052164,0 days 00:00:21.108052,0.10831273904654219,256,240,160,48.0,,3,2,1,0.0004170851806303913,0.6,/work3/arnaou/checkpoints/Tc_trial_240_best_state.pt,"{'learning_rate': 0.0004170851806303913, 'lr_reduce': 0.6}",TPESampler,COMPLETE
241,0.019418608397245407,2025-04-26 12:58:41.156644,2025-04-26 12:58:58.306655,0 days 00:00:17.150011,0.01826470841519128,192,176,176,208.0,,3,1,1,0.005719405382526048,0.6,/work3/arnaou/checkpoints/Tc_trial_241_best_state.pt,"{'learning_rate': 0.005719405382526048, 'lr_reduce': 0.6}",TPESampler,COMPLETE
242,0.018652839586138725,2025-04-26 12:58:41.337588,2025-04-26 12:59:02.222467,0 days 00:00:20.884879,0.010098919142414408,208,176,192,192.0,,3,1,1,0.0053010091775170815,0.6,/work3/arnaou/checkpoints/Tc_trial_242_best_state.pt,"{'learning_rate': 0.0053010091775170815, 'lr_reduce': 0.6}",TPESampler,COMPLETE
243,0.02112121693789959,2025-04-26 12:58:52.228630,2025-04-26 12:59:06.695371,0 days 00:00:14.466741,0.024016299706994072,256,160,256,64.0,32.0,4,1,1,0.00879077571542268,0.6,/work3/arnaou/checkpoints/Tc_trial_243_best_state.pt,"{'learning_rate': 0.00879077571542268, 'lr_reduce': 0.6}",TPESampler,COMPLETE
244,0.018080294132232666,2025-04-26 12:58:58.474581,2025-04-26 12:59:20.385802,0 days 00:00:21.911221,0.01945402507181076,208,224,256,,,2,2,1,0.0046897709805418875,0.6,/work3/arnaou/checkpoints/Tc_trial_244_best_state.pt,"{'learning_rate': 0.0046897709805418875, 'lr_reduce': 0.6}",TPESampler,COMPLETE
245,0.015668628737330437,2025-04-26 12:59:02.409922,2025-04-26 12:59:24.872470,0 days 00:00:22.462548,0.010722728013030522,176,96,192,,,2,2,1,0.006929511712075492,0.6,/work3/arnaou/checkpoints/Tc_trial_245_best_state.pt,"{'learning_rate': 0.006929511712075492, 'lr_reduce': 0.6}",TPESampler,COMPLETE
246,0.019982336089015007,2025-04-26 12:59:06.858770,2025-04-26 12:59:27.372243,0 days 00:00:20.513473,0.00266374811715445,256,240,224,48.0,,3,1,1,0.001855600312098046,0.6,/work3/arnaou/checkpoints/Tc_trial_246_best_state.pt,"{'learning_rate': 0.001855600312098046, 'lr_reduce': 0.6}",TPESampler,COMPLETE
247,0.021986238658428192,2025-04-26 12:59:20.561046,2025-04-26 12:59:36.626591,0 days 00:00:16.065545,0.01113345805182904,240,144,240,,,2,1,1,0.004035661101549491,0.6,/work3/arnaou/checkpoints/Tc_trial_247_best_state.pt,"{'learning_rate': 0.004035661101549491, 'lr_reduce': 0.6}",TPESampler,COMPLETE
248,0.01772531121969223,2025-04-26 12:59:25.049932,2025-04-26 12:59:45.128231,0 days 00:00:20.078299,0.0035946230619124664,256,144,256,176.0,,3,1,1,0.003463101838675516,0.6,/work3/arnaou/checkpoints/Tc_trial_248_best_state.pt,"{'learning_rate': 0.003463101838675516, 'lr_reduce': 0.6}",TPESampler,COMPLETE
249,0.01371399499475956,2025-04-26 12:59:27.531583,2025-04-26 12:59:48.676686,0 days 00:00:21.145103,0.03367665911224436,208,224,208,160.0,,3,2,1,0.003410872256513862,0.6,/work3/arnaou/checkpoints/Tc_trial_249_best_state.pt,"{'learning_rate': 0.003410872256513862, 'lr_reduce': 0.6}",TPESampler,COMPLETE
250,0.017290938645601273,2025-04-26 12:59:36.799478,2025-04-26 12:59:55.919782,0 days 00:00:19.120304,0.10498182930083533,192,256,224,,,2,3,1,0.0020366723463992723,0.6,/work3/arnaou/checkpoints/Tc_trial_250_best_state.pt,"{'learning_rate': 0.0020366723463992723, 'lr_reduce': 0.6}",TPESampler,COMPLETE
251,0.014750830829143524,2025-04-26 12:59:45.314280,2025-04-26 13:00:06.815873,0 days 00:00:21.501593,0.07576134550643425,176,128,176,,,2,2,1,0.004701975574049857,0.6,/work3/arnaou/checkpoints/Tc_trial_251_best_state.pt,"{'learning_rate': 0.004701975574049857, 'lr_reduce': 0.6}",TPESampler,COMPLETE
252,0.022035444155335426,2025-04-26 12:59:48.844310,2025-04-26 13:00:03.638787,0 days 00:00:14.794477,0.04914627976335419,160,64,192,144.0,,3,1,2,0.003452103854671907,0.6,/work3/arnaou/checkpoints/Tc_trial_252_best_state.pt,"{'learning_rate': 0.003452103854671907, 'lr_reduce': 0.6}",TPESampler,COMPLETE
253,0.01769222319126129,2025-04-26 12:59:56.074574,2025-04-26 13:00:17.103685,0 days 00:00:21.029111,0.03091049305249346,192,80,192,,,2,2,1,0.0029190538609246757,0.6,/work3/arnaou/checkpoints/Tc_trial_253_best_state.pt,"{'learning_rate': 0.0029190538609246757, 'lr_reduce': 0.6}",TPESampler,COMPLETE
254,0.026322321966290474,2025-04-26 13:00:03.789081,2025-04-26 13:00:25.562941,0 days 00:00:21.773860,0.042883013903851415,208,48,176,,,2,2,1,0.009703278014644197,0.6,/work3/arnaou/checkpoints/Tc_trial_254_best_state.pt,"{'learning_rate': 0.009703278014644197, 'lr_reduce': 0.6}",TPESampler,COMPLETE
255,0.024367600679397583,2025-04-26 13:00:06.984824,2025-04-26 13:00:26.904343,0 days 00:00:19.919519,0.05556299580056594,240,208,160,96.0,160.0,4,2,1,0.007361346315270659,0.6,/work3/arnaou/checkpoints/Tc_trial_255_best_state.pt,"{'learning_rate': 0.007361346315270659, 'lr_reduce': 0.6}",TPESampler,COMPLETE
256,0.016166893765330315,2025-04-26 13:00:17.278756,2025-04-26 13:00:34.313090,0 days 00:00:17.034334,0.010797923435332694,192,224,256,144.0,,3,2,1,0.002270824364422542,0.6,/work3/arnaou/checkpoints/Tc_trial_256_best_state.pt,"{'learning_rate': 0.002270824364422542, 'lr_reduce': 0.6}",TPESampler,COMPLETE
257,0.02144812047481537,2025-04-26 13:00:25.731464,2025-04-26 13:00:41.053894,0 days 00:00:15.322430,0.14115356558138953,128,160,176,,,2,2,1,0.006454861287896234,0.6,/work3/arnaou/checkpoints/Tc_trial_257_best_state.pt,"{'learning_rate': 0.006454861287896234, 'lr_reduce': 0.6}",TPESampler,COMPLETE
258,0.020191891118884087,2025-04-26 13:00:27.076627,2025-04-26 13:00:47.449794,0 days 00:00:20.373167,0.05114796735802009,208,160,208,,,2,2,1,0.006764389484407521,0.6,/work3/arnaou/checkpoints/Tc_trial_258_best_state.pt,"{'learning_rate': 0.006764389484407521, 'lr_reduce': 0.6}",TPESampler,COMPLETE
259,0.018318215385079384,2025-04-26 13:00:34.480996,2025-04-26 13:00:52.173898,0 days 00:00:17.692902,0.018980706134585048,160,224,208,144.0,,3,2,1,0.0023075127097292466,0.6,/work3/arnaou/checkpoints/Tc_trial_259_best_state.pt,"{'learning_rate': 0.0023075127097292466, 'lr_reduce': 0.6}",TPESampler,COMPLETE
260,0.02203579619526863,2025-04-26 13:00:41.199363,2025-04-26 13:00:59.992092,0 days 00:00:18.792729,0.00472124824307769,144,64,240,,,2,2,1,0.007055040043091355,0.6,/work3/arnaou/checkpoints/Tc_trial_260_best_state.pt,"{'learning_rate': 0.007055040043091355, 'lr_reduce': 0.6}",TPESampler,COMPLETE
261,0.028927864506840706,2025-04-26 13:00:47.633311,2025-04-26 13:01:11.644338,0 days 00:00:24.011027,0.15293755372106585,64,208,64,144.0,96.0,4,1,4,0.0006877978235603936,0.6,/work3/arnaou/checkpoints/Tc_trial_261_best_state.pt,"{'learning_rate': 0.0006877978235603936, 'lr_reduce': 0.6}",TPESampler,COMPLETE
262,0.020305080339312553,2025-04-26 13:00:52.349802,2025-04-26 13:01:07.804424,0 days 00:00:15.454622,0.02657476063233205,128,112,176,,,2,3,1,0.003203964203967261,0.6,/work3/arnaou/checkpoints/Tc_trial_262_best_state.pt,"{'learning_rate': 0.003203964203967261, 'lr_reduce': 0.6}",TPESampler,COMPLETE
263,0.028295792639255524,2025-04-26 13:01:00.140607,2025-04-26 13:01:20.611146,0 days 00:00:20.470539,0.018468125146707863,208,144,160,,,2,3,1,0.006864827503083609,0.6,/work3/arnaou/checkpoints/Tc_trial_263_best_state.pt,"{'learning_rate': 0.006864827503083609, 'lr_reduce': 0.6}",TPESampler,COMPLETE
264,0.016894206404685974,2025-04-26 13:01:07.972426,2025-04-26 13:01:28.927738,0 days 00:00:20.955312,0.013118127235810958,176,176,240,144.0,,3,3,1,0.001855322887445039,0.6,/work3/arnaou/checkpoints/Tc_trial_264_best_state.pt,"{'learning_rate': 0.001855322887445039, 'lr_reduce': 0.6}",TPESampler,COMPLETE
265,0.019812878221273422,2025-04-26 13:01:11.816590,2025-04-26 13:01:31.359302,0 days 00:00:19.542712,0.04000325468080234,256,256,144,160.0,,3,2,1,0.004025981383994928,0.6,/work3/arnaou/checkpoints/Tc_trial_265_best_state.pt,"{'learning_rate': 0.004025981383994928, 'lr_reduce': 0.6}",TPESampler,COMPLETE
266,0.01906256563961506,2025-04-26 13:01:20.831110,2025-04-26 13:01:36.421184,0 days 00:00:15.590074,0.07414246476458383,176,224,240,160.0,,3,2,1,0.0023130478105287283,0.6,/work3/arnaou/checkpoints/Tc_trial_266_best_state.pt,"{'learning_rate': 0.0023130478105287283, 'lr_reduce': 0.6}",TPESampler,COMPLETE
267,0.022624680772423744,2025-04-26 13:01:29.102795,2025-04-26 13:01:48.423465,0 days 00:00:19.320670,0.06022367416613443,144,128,208,,,2,2,1,0.00844273816211746,0.6,/work3/arnaou/checkpoints/Tc_trial_267_best_state.pt,"{'learning_rate': 0.00844273816211746, 'lr_reduce': 0.6}",TPESampler,COMPLETE
268,0.026623988524079323,2025-04-26 13:01:31.565337,2025-04-26 13:01:55.666332,0 days 00:00:24.100995,0.14078508881571158,64,240,240,,,2,1,4,0.001023984397814753,0.6,/work3/arnaou/checkpoints/Tc_trial_268_best_state.pt,"{'learning_rate': 0.001023984397814753, 'lr_reduce': 0.6}",TPESampler,COMPLETE
269,0.020862024277448654,2025-04-26 13:01:36.579538,2025-04-26 13:01:56.029255,0 days 00:00:19.449717,0.008146539331249932,176,112,128,,,2,1,1,0.0022109352485665448,0.6,/work3/arnaou/checkpoints/Tc_trial_269_best_state.pt,"{'learning_rate': 0.0022109352485665448, 'lr_reduce': 0.6}",TPESampler,COMPLETE
270,0.01714341901242733,2025-04-26 13:01:48.594463,2025-04-26 13:02:09.076359,0 days 00:00:20.481896,2.0666035077838985e-05,224,256,256,160.0,,3,1,2,0.005301472794363868,0.6,/work3/arnaou/checkpoints/Tc_trial_270_best_state.pt,"{'learning_rate': 0.005301472794363868, 'lr_reduce': 0.6}",TPESampler,COMPLETE
271,0.03248041123151779,2025-04-26 13:01:55.828985,2025-04-26 13:02:17.208138,0 days 00:00:21.379153,0.22844869026968848,112,208,256,128.0,128.0,4,1,4,0.0006196713309150419,0.6,/work3/arnaou/checkpoints/Tc_trial_271_best_state.pt,"{'learning_rate': 0.0006196713309150419, 'lr_reduce': 0.6}",TPESampler,COMPLETE
272,0.020460594445466995,2025-04-26 13:01:56.271274,2025-04-26 13:02:19.889240,0 days 00:00:23.617966,0.19399773165174375,80,256,176,,,2,2,3,0.009066155996163939,0.6,/work3/arnaou/checkpoints/Tc_trial_272_best_state.pt,"{'learning_rate': 0.009066155996163939, 'lr_reduce': 0.6}",TPESampler,COMPLETE
273,0.018797047436237335,2025-04-26 13:02:09.246360,2025-04-26 13:02:31.251079,0 days 00:00:22.004719,0.0017078182279149402,256,240,208,160.0,,3,2,2,0.00361448790823893,0.6,/work3/arnaou/checkpoints/Tc_trial_273_best_state.pt,"{'learning_rate': 0.00361448790823893, 'lr_reduce': 0.6}",TPESampler,COMPLETE
274,0.017678329721093178,2025-04-26 13:02:17.369025,2025-04-26 13:02:41.383287,0 days 00:00:24.014262,0.04619649569035863,224,240,256,176.0,,3,3,1,0.002636271156545712,0.6,/work3/arnaou/checkpoints/Tc_trial_274_best_state.pt,"{'learning_rate': 0.002636271156545712, 'lr_reduce': 0.6}",TPESampler,COMPLETE
275,0.026731807738542557,2025-04-26 13:02:20.194371,2025-04-26 13:02:40.580179,0 days 00:00:20.385808,0.06883971330013305,192,112,144,,,2,2,1,0.0058694263555600385,0.6,/work3/arnaou/checkpoints/Tc_trial_275_best_state.pt,"{'learning_rate': 0.0058694263555600385, 'lr_reduce': 0.6}",TPESampler,COMPLETE
276,0.01946120522916317,2025-04-26 13:02:31.417011,2025-04-26 13:02:51.093845,0 days 00:00:19.676834,0.0832558061646223,256,176,256,128.0,256.0,4,1,1,0.0013080574160482985,0.6,/work3/arnaou/checkpoints/Tc_trial_276_best_state.pt,"{'learning_rate': 0.0013080574160482985, 'lr_reduce': 0.6}",TPESampler,COMPLETE
277,0.04110955446958542,2025-04-26 13:02:40.758366,2025-04-26 13:02:58.693235,0 days 00:00:17.934869,0.17199913311895643,48,32,224,,,2,4,3,0.003236589319958104,0.6,/work3/arnaou/checkpoints/Tc_trial_277_best_state.pt,"{'learning_rate': 0.003236589319958104, 'lr_reduce': 0.6}",TPESampler,COMPLETE
278,0.019732210785150528,2025-04-26 13:02:41.569237,2025-04-26 13:03:06.505317,0 days 00:00:24.936080,0.018899779163965656,224,240,176,224.0,,3,3,1,0.005220536120316592,0.6,/work3/arnaou/checkpoints/Tc_trial_278_best_state.pt,"{'learning_rate': 0.005220536120316592, 'lr_reduce': 0.6}",TPESampler,COMPLETE
279,0.01940329559147358,2025-04-26 13:02:51.294918,2025-04-26 13:03:13.120632,0 days 00:00:21.825714,0.010025715017335754,208,240,256,176.0,,3,2,1,0.0015443787701797794,0.6,/work3/arnaou/checkpoints/Tc_trial_279_best_state.pt,"{'learning_rate': 0.0015443787701797794, 'lr_reduce': 0.6}",TPESampler,COMPLETE
280,0.017757603898644447,2025-04-26 13:02:58.869110,2025-04-26 13:03:18.960993,0 days 00:00:20.091883,0.03559604016715602,224,192,224,160.0,,3,2,1,0.0015097779030996735,0.6,/work3/arnaou/checkpoints/Tc_trial_280_best_state.pt,"{'learning_rate': 0.0015097779030996735, 'lr_reduce': 0.6}",TPESampler,COMPLETE
