[I 2024-12-25 19:14:01,061] Trial 736 finished with value: 0.11605165898799896 and parameters: {'L1_hidden_dim': 176, 'L1_layers_atom': 2, 'L1_layers_mol': 3, 'L1_dropout': 0.24184044419055337, 'L1_out_dim': 96, 'L2_hidden_dim': 256, 'L2_layers_atom': 3, 'L2_layers_mol': 2, 'L2_out_dim': 96, 'L2_dropout': 0.022978061865187402, 'L3_hidden_dim': 64, 'L3_layers_atom': 4, 'L3_layers_mol': 1, 'L3_out_dim': 96, 'L3_dropout': 0.03874849906516316, 'n_mlp_layers': 3, 'mlp_dim_0': 448, 'mlp_dim_1': 472, 'mlp_dim_2': 120, 'num_heads': 1, 'final_dropout': 0.18259657928233336, 'train_learning_rate': 0.004952927129703335, 'train_lr_reduce': 0.6}. Best is trial 613 with value: 0.045173268765211105.
[I 2024-12-25 19:14:48,933] Trial 738 finished with value: 0.0779244601726532 and parameters: {'L1_hidden_dim': 64, 'L1_layers_atom': 1, 'L1_layers_mol': 1, 'L1_dropout': 0.07696102147175209, 'L1_out_dim': 32, 'L2_hidden_dim': 160, 'L2_layers_atom': 2, 'L2_layers_mol': 1, 'L2_out_dim': 112, 'L2_dropout': 0.08342320209372106, 'L3_hidden_dim': 80, 'L3_layers_atom': 3, 'L3_layers_mol': 1, 'L3_out_dim': 96, 'L3_dropout': 0.07645998765173244, 'n_mlp_layers': 2, 'mlp_dim_0': 352, 'mlp_dim_1': 248, 'num_heads': 1, 'final_dropout': 0.02366239754173926, 'train_learning_rate': 0.00022755803124566252, 'train_lr_reduce': 0.6}. Best is trial 613 with value: 0.045173268765211105.
[I 2024-12-25 19:14:48,987] Trial 737 finished with value: 0.07203052192926407 and parameters: {'L1_hidden_dim': 80, 'L1_layers_atom': 3, 'L1_layers_mol': 3, 'L1_dropout': 0.29443010693166793, 'L1_out_dim': 48, 'L2_hidden_dim': 240, 'L2_layers_atom': 2, 'L2_layers_mol': 2, 'L2_out_dim': 80, 'L2_dropout': 0.15457697628397646, 'L3_hidden_dim': 32, 'L3_layers_atom': 4, 'L3_layers_mol': 1, 'L3_out_dim': 80, 'L3_dropout': 0.2799422911075125, 'n_mlp_layers': 3, 'mlp_dim_0': 72, 'mlp_dim_1': 384, 'mlp_dim_2': 32, 'num_heads': 2, 'final_dropout': 0.1940398441367812, 'train_learning_rate': 0.00014505444496542078, 'train_lr_reduce': 0.6}. Best is trial 613 with value: 0.045173268765211105.
[I 2024-12-25 19:16:32,196] Trial 739 finished with value: 0.07526997476816177 and parameters: {'L1_hidden_dim': 96, 'L1_layers_atom': 2, 'L1_layers_mol': 3, 'L1_dropout': 0.21274867981260365, 'L1_out_dim': 112, 'L2_hidden_dim': 192, 'L2_layers_atom': 2, 'L2_layers_mol': 2, 'L2_out_dim': 128, 'L2_dropout': 0.00710901166407304, 'L3_hidden_dim': 96, 'L3_layers_atom': 3, 'L3_layers_mol': 1, 'L3_out_dim': 112, 'L3_dropout': 0.15591536937532022, 'n_mlp_layers': 1, 'mlp_dim_0': 168, 'num_heads': 1, 'final_dropout': 0.1522626575045762, 'train_learning_rate': 0.0007287902625604225, 'train_lr_reduce': 0.6}. Best is trial 613 with value: 0.045173268765211105.
[I 2024-12-25 19:16:45,338] Trial 740 finished with value: 0.09220156818628311 and parameters: {'L1_hidden_dim': 128, 'L1_layers_atom': 3, 'L1_layers_mol': 2, 'L1_dropout': 0.26153085154932787, 'L1_out_dim': 112, 'L2_hidden_dim': 256, 'L2_layers_atom': 1, 'L2_layers_mol': 4, 'L2_out_dim': 32, 'L2_dropout': 0.11113807116662994, 'L3_hidden_dim': 64, 'L3_layers_atom': 4, 'L3_layers_mol': 4, 'L3_out_dim': 64, 'L3_dropout': 0.044698691930551405, 'n_mlp_layers': 3, 'mlp_dim_0': 384, 'mlp_dim_1': 424, 'mlp_dim_2': 200, 'num_heads': 2, 'final_dropout': 0.07317215237313708, 'train_learning_rate': 0.002940191495950331, 'train_lr_reduce': 0.6}. Best is trial 613 with value: 0.045173268765211105.
[I 2024-12-25 19:17:28,898] Trial 741 finished with value: 0.07058395445346832 and parameters: {'L1_hidden_dim': 64, 'L1_layers_atom': 1, 'L1_layers_mol': 3, 'L1_dropout': 0.25411992421784985, 'L1_out_dim': 32, 'L2_hidden_dim': 160, 'L2_layers_atom': 2, 'L2_layers_mol': 1, 'L2_out_dim': 112, 'L2_dropout': 0.06012329105723704, 'L3_hidden_dim': 64, 'L3_layers_atom': 4, 'L3_layers_mol': 1, 'L3_out_dim': 128, 'L3_dropout': 0.26536454200285786, 'n_mlp_layers': 1, 'mlp_dim_0': 192, 'num_heads': 2, 'final_dropout': 0.013286816956481609, 'train_learning_rate': 0.0001722448855873311, 'train_lr_reduce': 0.6}. Best is trial 613 with value: 0.045173268765211105.
[I 2024-12-25 19:18:18,035] Trial 743 finished with value: 0.06295446306467056 and parameters: {'L1_hidden_dim': 96, 'L1_layers_atom': 3, 'L1_layers_mol': 4, 'L1_dropout': 0.23366136439468946, 'L1_out_dim': 128, 'L2_hidden_dim': 176, 'L2_layers_atom': 2, 'L2_layers_mol': 1, 'L2_out_dim': 112, 'L2_dropout': 0.0013196067112322893, 'L3_hidden_dim': 32, 'L3_layers_atom': 3, 'L3_layers_mol': 1, 'L3_out_dim': 112, 'L3_dropout': 0.277722543729862, 'n_mlp_layers': 3, 'mlp_dim_0': 136, 'mlp_dim_1': 472, 'mlp_dim_2': 80, 'num_heads': 1, 'final_dropout': 0.04088542291087195, 'train_learning_rate': 0.0005858596686563999, 'train_lr_reduce': 0.6}. Best is trial 613 with value: 0.045173268765211105.
[I 2024-12-25 19:18:20,057] Trial 742 finished with value: 0.08258038759231567 and parameters: {'L1_hidden_dim': 64, 'L1_layers_atom': 2, 'L1_layers_mol': 2, 'L1_dropout': 0.13264111145269966, 'L1_out_dim': 48, 'L2_hidden_dim': 144, 'L2_layers_atom': 1, 'L2_layers_mol': 1, 'L2_out_dim': 80, 'L2_dropout': 0.06767346596773333, 'L3_hidden_dim': 112, 'L3_layers_atom': 4, 'L3_layers_mol': 1, 'L3_out_dim': 80, 'L3_dropout': 0.028564615403062855, 'n_mlp_layers': 3, 'mlp_dim_0': 296, 'mlp_dim_1': 512, 'mlp_dim_2': 368, 'num_heads': 2, 'final_dropout': 0.10151262604700446, 'train_learning_rate': 0.00038066108697788097, 'train_lr_reduce': 0.6}. Best is trial 613 with value: 0.045173268765211105.
[I 2024-12-25 19:19:09,165] Trial 744 finished with value: 0.08270280063152313 and parameters: {'L1_hidden_dim': 96, 'L1_layers_atom': 4, 'L1_layers_mol': 2, 'L1_dropout': 0.08620959460794082, 'L1_out_dim': 80, 'L2_hidden_dim': 256, 'L2_layers_atom': 2, 'L2_layers_mol': 4, 'L2_out_dim': 80, 'L2_dropout': 0.04159936866335661, 'L3_hidden_dim': 80, 'L3_layers_atom': 2, 'L3_layers_mol': 1, 'L3_out_dim': 96, 'L3_dropout': 0.019342677894717802, 'n_mlp_layers': 3, 'mlp_dim_0': 440, 'mlp_dim_1': 432, 'mlp_dim_2': 144, 'num_heads': 1, 'final_dropout': 0.07480767194404236, 'train_learning_rate': 0.0032684799797980404, 'train_lr_reduce': 0.6}. Best is trial 613 with value: 0.045173268765211105.
[I 2024-12-25 19:19:58,433] Trial 745 finished with value: 0.07662872970104218 and parameters: {'L1_hidden_dim': 64, 'L1_layers_atom': 3, 'L1_layers_mol': 3, 'L1_dropout': 0.26337452989782584, 'L1_out_dim': 128, 'L2_hidden_dim': 240, 'L2_layers_atom': 4, 'L2_layers_mol': 4, 'L2_out_dim': 128, 'L2_dropout': 0.07554194275839504, 'L3_hidden_dim': 80, 'L3_layers_atom': 1, 'L3_layers_mol': 1, 'L3_out_dim': 128, 'L3_dropout': 0.11791913984797961, 'n_mlp_layers': 3, 'mlp_dim_0': 368, 'mlp_dim_1': 312, 'mlp_dim_2': 96, 'num_heads': 1, 'final_dropout': 0.005276272464513683, 'train_learning_rate': 0.002770452474420028, 'train_lr_reduce': 0.6}. Best is trial 613 with value: 0.045173268765211105.
[I 2024-12-25 19:20:10,268] Trial 746 finished with value: 0.08328847587108612 and parameters: {'L1_hidden_dim': 96, 'L1_layers_atom': 2, 'L1_layers_mol': 3, 'L1_dropout': 0.2871618135527294, 'L1_out_dim': 112, 'L2_hidden_dim': 176, 'L2_layers_atom': 1, 'L2_layers_mol': 4, 'L2_out_dim': 112, 'L2_dropout': 0.0661956376622419, 'L3_hidden_dim': 128, 'L3_layers_atom': 2, 'L3_layers_mol': 2, 'L3_out_dim': 112, 'L3_dropout': 0.19114485173416682, 'n_mlp_layers': 2, 'mlp_dim_0': 200, 'mlp_dim_1': 376, 'num_heads': 1, 'final_dropout': 0.06844192795536069, 'train_learning_rate': 0.0038064541029455574, 'train_lr_reduce': 0.6}. Best is trial 613 with value: 0.045173268765211105.
[I 2024-12-25 19:20:27,143] Trial 747 finished with value: 0.0841594710946083 and parameters: {'L1_hidden_dim': 80, 'L1_layers_atom': 1, 'L1_layers_mol': 1, 'L1_dropout': 0.11562237930377271, 'L1_out_dim': 96, 'L2_hidden_dim': 240, 'L2_layers_atom': 4, 'L2_layers_mol': 4, 'L2_out_dim': 80, 'L2_dropout': 0.12561812641136508, 'L3_hidden_dim': 112, 'L3_layers_atom': 4, 'L3_layers_mol': 1, 'L3_out_dim': 96, 'L3_dropout': 0.04155423422418275, 'n_mlp_layers': 3, 'mlp_dim_0': 480, 'mlp_dim_1': 472, 'mlp_dim_2': 152, 'num_heads': 1, 'final_dropout': 0.06216644922356308, 'train_learning_rate': 0.0014315657340996171, 'train_lr_reduce': 0.6}. Best is trial 613 with value: 0.045173268765211105.
[I 2024-12-25 19:21:18,315] Trial 748 finished with value: 0.06743211299180984 and parameters: {'L1_hidden_dim': 64, 'L1_layers_atom': 2, 'L1_layers_mol': 3, 'L1_dropout': 0.19763011363860397, 'L1_out_dim': 112, 'L2_hidden_dim': 224, 'L2_layers_atom': 2, 'L2_layers_mol': 2, 'L2_out_dim': 112, 'L2_dropout': 0.03105458048981527, 'L3_hidden_dim': 80, 'L3_layers_atom': 2, 'L3_layers_mol': 1, 'L3_out_dim': 128, 'L3_dropout': 0.18144883704638498, 'n_mlp_layers': 3, 'mlp_dim_0': 360, 'mlp_dim_1': 512, 'mlp_dim_2': 80, 'num_heads': 1, 'final_dropout': 0.05453893138121635, 'train_learning_rate': 0.0009836604504443796, 'train_lr_reduce': 0.6}. Best is trial 613 with value: 0.045173268765211105.
[I 2024-12-25 19:21:50,401] Trial 749 finished with value: 0.07677169889211655 and parameters: {'L1_hidden_dim': 96, 'L1_layers_atom': 3, 'L1_layers_mol': 2, 'L1_dropout': 0.296773221804079, 'L1_out_dim': 128, 'L2_hidden_dim': 256, 'L2_layers_atom': 2, 'L2_layers_mol': 1, 'L2_out_dim': 128, 'L2_dropout': 0.00943583477370213, 'L3_hidden_dim': 48, 'L3_layers_atom': 4, 'L3_layers_mol': 2, 'L3_out_dim': 128, 'L3_dropout': 0.2330717443476985, 'n_mlp_layers': 3, 'mlp_dim_0': 80, 'mlp_dim_1': 424, 'mlp_dim_2': 136, 'num_heads': 2, 'final_dropout': 0.0541321690113753, 'train_learning_rate': 0.0002448557353877778, 'train_lr_reduce': 0.6}. Best is trial 613 with value: 0.045173268765211105.
[I 2024-12-25 19:22:56,410] Trial 750 finished with value: 0.06321755051612854 and parameters: {'L1_hidden_dim': 80, 'L1_layers_atom': 3, 'L1_layers_mol': 2, 'L1_dropout': 0.2751403577193342, 'L1_out_dim': 64, 'L2_hidden_dim': 224, 'L2_layers_atom': 4, 'L2_layers_mol': 2, 'L2_out_dim': 128, 'L2_dropout': 0.039427662059628395, 'L3_hidden_dim': 32, 'L3_layers_atom': 4, 'L3_layers_mol': 2, 'L3_out_dim': 112, 'L3_dropout': 0.29501218359674614, 'n_mlp_layers': 2, 'mlp_dim_0': 96, 'mlp_dim_1': 272, 'num_heads': 2, 'final_dropout': 0.16125775651332228, 'train_learning_rate': 0.00031575272183988933, 'train_lr_reduce': 0.6}. Best is trial 613 with value: 0.045173268765211105.
[I 2024-12-25 19:23:12,067] Trial 751 finished with value: 0.09714073687791824 and parameters: {'L1_hidden_dim': 64, 'L1_layers_atom': 1, 'L1_layers_mol': 3, 'L1_dropout': 0.2988597058506327, 'L1_out_dim': 48, 'L2_hidden_dim': 176, 'L2_layers_atom': 2, 'L2_layers_mol': 2, 'L2_out_dim': 128, 'L2_dropout': 0.05747645045706847, 'L3_hidden_dim': 64, 'L3_layers_atom': 3, 'L3_layers_mol': 2, 'L3_out_dim': 128, 'L3_dropout': 0.28827945460831683, 'n_mlp_layers': 2, 'mlp_dim_0': 336, 'mlp_dim_1': 464, 'num_heads': 1, 'final_dropout': 0.015117089031709574, 'train_learning_rate': 0.00014810329005870363, 'train_lr_reduce': 0.6}. Best is trial 613 with value: 0.045173268765211105.
[I 2024-12-25 19:23:55,460] Trial 752 finished with value: 0.0817488580942154 and parameters: {'L1_hidden_dim': 80, 'L1_layers_atom': 4, 'L1_layers_mol': 3, 'L1_dropout': 0.2994236391884621, 'L1_out_dim': 112, 'L2_hidden_dim': 240, 'L2_layers_atom': 2, 'L2_layers_mol': 3, 'L2_out_dim': 128, 'L2_dropout': 0.04636843620963964, 'L3_hidden_dim': 32, 'L3_layers_atom': 3, 'L3_layers_mol': 1, 'L3_out_dim': 128, 'L3_dropout': 0.19747358382178015, 'n_mlp_layers': 2, 'mlp_dim_0': 48, 'mlp_dim_1': 320, 'num_heads': 2, 'final_dropout': 0.02750208069332097, 'train_learning_rate': 0.0007984809023882241, 'train_lr_reduce': 0.6}. Best is trial 613 with value: 0.045173268765211105.
[I 2024-12-25 19:24:21,297] Trial 754 finished with value: 0.0732850432395935 and parameters: {'L1_hidden_dim': 112, 'L1_layers_atom': 2, 'L1_layers_mol': 3, 'L1_dropout': 0.15460739227799333, 'L1_out_dim': 96, 'L2_hidden_dim': 192, 'L2_layers_atom': 1, 'L2_layers_mol': 2, 'L2_out_dim': 48, 'L2_dropout': 0.05218654278306549, 'L3_hidden_dim': 96, 'L3_layers_atom': 2, 'L3_layers_mol': 1, 'L3_out_dim': 80, 'L3_dropout': 0.04315108294223099, 'n_mlp_layers': 3, 'mlp_dim_0': 184, 'mlp_dim_1': 200, 'mlp_dim_2': 216, 'num_heads': 1, 'final_dropout': 0.08259884905699885, 'train_learning_rate': 0.0014059419930484277, 'train_lr_reduce': 0.6}. Best is trial 613 with value: 0.045173268765211105.
[I 2024-12-25 19:24:53,366] Trial 753 finished with value: 0.07628674805164337 and parameters: {'L1_hidden_dim': 64, 'L1_layers_atom': 2, 'L1_layers_mol': 2, 'L1_dropout': 0.12818069969221102, 'L1_out_dim': 32, 'L2_hidden_dim': 128, 'L2_layers_atom': 1, 'L2_layers_mol': 1, 'L2_out_dim': 128, 'L2_dropout': 0.036239622056868113, 'L3_hidden_dim': 112, 'L3_layers_atom': 4, 'L3_layers_mol': 1, 'L3_out_dim': 64, 'L3_dropout': 0.05188053403464422, 'n_mlp_layers': 2, 'mlp_dim_0': 216, 'mlp_dim_1': 80, 'num_heads': 1, 'final_dropout': 0.07656447712722333, 'train_learning_rate': 0.00020675021811877777, 'train_lr_reduce': 0.6}. Best is trial 613 with value: 0.045173268765211105.
[I 2024-12-25 19:25:40,104] Trial 756 finished with value: 0.06871146708726883 and parameters: {'L1_hidden_dim': 64, 'L1_layers_atom': 4, 'L1_layers_mol': 3, 'L1_dropout': 0.0960463541482506, 'L1_out_dim': 80, 'L2_hidden_dim': 176, 'L2_layers_atom': 2, 'L2_layers_mol': 3, 'L2_out_dim': 48, 'L2_dropout': 0.010590156124368765, 'L3_hidden_dim': 80, 'L3_layers_atom': 2, 'L3_layers_mol': 1, 'L3_out_dim': 112, 'L3_dropout': 0.03624475994791682, 'n_mlp_layers': 3, 'mlp_dim_0': 136, 'mlp_dim_1': 472, 'mlp_dim_2': 72, 'num_heads': 1, 'final_dropout': 0.0999299932063192, 'train_learning_rate': 0.0017307679845107627, 'train_lr_reduce': 0.6}. Best is trial 613 with value: 0.045173268765211105.
[I 2024-12-25 19:26:25,521] Trial 755 finished with value: 0.1585633009672165 and parameters: {'L1_hidden_dim': 128, 'L1_layers_atom': 4, 'L1_layers_mol': 3, 'L1_dropout': 0.23231434216196195, 'L1_out_dim': 128, 'L2_hidden_dim': 240, 'L2_layers_atom': 4, 'L2_layers_mol': 2, 'L2_out_dim': 112, 'L2_dropout': 0.23179338577900344, 'L3_hidden_dim': 48, 'L3_layers_atom': 4, 'L3_layers_mol': 1, 'L3_out_dim': 128, 'L3_dropout': 0.27460601553249525, 'n_mlp_layers': 1, 'mlp_dim_0': 176, 'num_heads': 2, 'final_dropout': 0.14769145109215032, 'train_learning_rate': 0.0002646898880328083, 'train_lr_reduce': 0.6}. Best is trial 613 with value: 0.045173268765211105.
[I 2024-12-25 19:26:56,555] Trial 757 finished with value: 0.05918220803141594 and parameters: {'L1_hidden_dim': 80, 'L1_layers_atom': 4, 'L1_layers_mol': 2, 'L1_dropout': 0.2837162451222087, 'L1_out_dim': 128, 'L2_hidden_dim': 192, 'L2_layers_atom': 3, 'L2_layers_mol': 1, 'L2_out_dim': 80, 'L2_dropout': 0.022950050915073163, 'L3_hidden_dim': 80, 'L3_layers_atom': 3, 'L3_layers_mol': 1, 'L3_out_dim': 32, 'L3_dropout': 0.2816948541107592, 'n_mlp_layers': 3, 'mlp_dim_0': 48, 'mlp_dim_1': 384, 'mlp_dim_2': 128, 'num_heads': 2, 'final_dropout': 0.0045346158893324095, 'train_learning_rate': 0.0008434338577572327, 'train_lr_reduce': 0.6}. Best is trial 613 with value: 0.045173268765211105.
[I 2024-12-25 19:27:41,216] Trial 759 finished with value: 0.07890968769788742 and parameters: {'L1_hidden_dim': 80, 'L1_layers_atom': 2, 'L1_layers_mol': 2, 'L1_dropout': 0.213282412538933, 'L1_out_dim': 128, 'L2_hidden_dim': 240, 'L2_layers_atom': 4, 'L2_layers_mol': 1, 'L2_out_dim': 112, 'L2_dropout': 0.08411977256445019, 'L3_hidden_dim': 32, 'L3_layers_atom': 4, 'L3_layers_mol': 1, 'L3_out_dim': 128, 'L3_dropout': 0.25860645313242475, 'n_mlp_layers': 2, 'mlp_dim_0': 112, 'mlp_dim_1': 424, 'num_heads': 2, 'final_dropout': 0.08486179895568943, 'train_learning_rate': 0.0015709111056300476, 'train_lr_reduce': 0.6}. Best is trial 613 with value: 0.045173268765211105.
[I 2024-12-25 19:28:04,158] Trial 758 finished with value: 0.06611625850200653 and parameters: {'L1_hidden_dim': 64, 'L1_layers_atom': 4, 'L1_layers_mol': 4, 'L1_dropout': 0.22256826964448714, 'L1_out_dim': 112, 'L2_hidden_dim': 224, 'L2_layers_atom': 4, 'L2_layers_mol': 2, 'L2_out_dim': 96, 'L2_dropout': 0.07409319319694377, 'L3_hidden_dim': 32, 'L3_layers_atom': 4, 'L3_layers_mol': 2, 'L3_out_dim': 128, 'L3_dropout': 0.2698902523737295, 'n_mlp_layers': 2, 'mlp_dim_0': 40, 'mlp_dim_1': 512, 'num_heads': 2, 'final_dropout': 0.016548376717319634, 'train_learning_rate': 0.0007438352131619783, 'train_lr_reduce': 0.6}. Best is trial 613 with value: 0.045173268765211105.
[I 2024-12-25 19:28:39,051] Trial 760 finished with value: 0.07420095056295395 and parameters: {'L1_hidden_dim': 144, 'L1_layers_atom': 4, 'L1_layers_mol': 3, 'L1_dropout': 0.165961805208989, 'L1_out_dim': 128, 'L2_hidden_dim': 224, 'L2_layers_atom': 2, 'L2_layers_mol': 1, 'L2_out_dim': 96, 'L2_dropout': 0.07473402090879908, 'L3_hidden_dim': 80, 'L3_layers_atom': 3, 'L3_layers_mol': 2, 'L3_out_dim': 32, 'L3_dropout': 0.2204607326452923, 'n_mlp_layers': 3, 'mlp_dim_0': 72, 'mlp_dim_1': 376, 'mlp_dim_2': 144, 'num_heads': 2, 'final_dropout': 0.022622866067504126, 'train_learning_rate': 0.0005026068983073733, 'train_lr_reduce': 0.6}. Best is trial 613 with value: 0.045173268765211105.
[I 2024-12-25 19:29:26,793] Trial 761 finished with value: 0.0726289376616478 and parameters: {'L1_hidden_dim': 160, 'L1_layers_atom': 3, 'L1_layers_mol': 1, 'L1_dropout': 0.2846232961151743, 'L1_out_dim': 80, 'L2_hidden_dim': 224, 'L2_layers_atom': 1, 'L2_layers_mol': 2, 'L2_out_dim': 128, 'L2_dropout': 0.000993025411535098, 'L3_hidden_dim': 80, 'L3_layers_atom': 4, 'L3_layers_mol': 4, 'L3_out_dim': 48, 'L3_dropout': 0.28676903419074157, 'n_mlp_layers': 1, 'mlp_dim_0': 112, 'num_heads': 1, 'final_dropout': 0.08250615475130241, 'train_learning_rate': 0.00025445723481976626, 'train_lr_reduce': 0.6}. Best is trial 613 with value: 0.045173268765211105.
[I 2024-12-25 19:29:29,166] Trial 762 finished with value: 0.07092586904764175 and parameters: {'L1_hidden_dim': 64, 'L1_layers_atom': 3, 'L1_layers_mol': 2, 'L1_dropout': 0.20812744872113081, 'L1_out_dim': 128, 'L2_hidden_dim': 160, 'L2_layers_atom': 3, 'L2_layers_mol': 1, 'L2_out_dim': 64, 'L2_dropout': 0.029259852606736848, 'L3_hidden_dim': 80, 'L3_layers_atom': 3, 'L3_layers_mol': 2, 'L3_out_dim': 32, 'L3_dropout': 0.2668611254685761, 'n_mlp_layers': 3, 'mlp_dim_0': 72, 'mlp_dim_1': 376, 'mlp_dim_2': 128, 'num_heads': 2, 'final_dropout': 0.059998127856619704, 'train_learning_rate': 0.001549682074299318, 'train_lr_reduce': 0.6}. Best is trial 613 with value: 0.045173268765211105.
[I 2024-12-25 19:30:30,976] Trial 763 finished with value: 0.06557072699069977 and parameters: {'L1_hidden_dim': 96, 'L1_layers_atom': 4, 'L1_layers_mol': 3, 'L1_dropout': 0.29587529153253633, 'L1_out_dim': 96, 'L2_hidden_dim': 192, 'L2_layers_atom': 1, 'L2_layers_mol': 2, 'L2_out_dim': 112, 'L2_dropout': 0.0235414188291705, 'L3_hidden_dim': 32, 'L3_layers_atom': 4, 'L3_layers_mol': 4, 'L3_out_dim': 80, 'L3_dropout': 0.26069915493894835, 'n_mlp_layers': 1, 'mlp_dim_0': 112, 'num_heads': 2, 'final_dropout': 0.0585752080224521, 'train_learning_rate': 0.00027240872747399795, 'train_lr_reduce': 0.6}. Best is trial 613 with value: 0.045173268765211105.
[I 2024-12-25 19:31:18,016] Trial 764 finished with value: 0.06587667763233185 and parameters: {'L1_hidden_dim': 96, 'L1_layers_atom': 2, 'L1_layers_mol': 2, 'L1_dropout': 0.27635646026792743, 'L1_out_dim': 80, 'L2_hidden_dim': 208, 'L2_layers_atom': 2, 'L2_layers_mol': 1, 'L2_out_dim': 112, 'L2_dropout': 0.040432955880054515, 'L3_hidden_dim': 48, 'L3_layers_atom': 4, 'L3_layers_mol': 4, 'L3_out_dim': 32, 'L3_dropout': 0.24690985079970895, 'n_mlp_layers': 1, 'mlp_dim_0': 144, 'num_heads': 2, 'final_dropout': 0.028087096289078472, 'train_learning_rate': 0.00032965625393169924, 'train_lr_reduce': 0.6}. Best is trial 613 with value: 0.045173268765211105.
[I 2024-12-25 19:31:44,209] Trial 766 finished with value: 0.07495412230491638 and parameters: {'L1_hidden_dim': 96, 'L1_layers_atom': 1, 'L1_layers_mol': 2, 'L1_dropout': 0.22592982923395824, 'L1_out_dim': 112, 'L2_hidden_dim': 176, 'L2_layers_atom': 1, 'L2_layers_mol': 1, 'L2_out_dim': 96, 'L2_dropout': 0.005887512477752592, 'L3_hidden_dim': 112, 'L3_layers_atom': 3, 'L3_layers_mol': 2, 'L3_out_dim': 112, 'L3_dropout': 0.19304018260822026, 'n_mlp_layers': 2, 'mlp_dim_0': 88, 'mlp_dim_1': 352, 'num_heads': 1, 'final_dropout': 0.12689311676520332, 'train_learning_rate': 0.0034104937106528566, 'train_lr_reduce': 0.6}. Best is trial 613 with value: 0.045173268765211105.
[I 2024-12-25 19:31:52,654] Trial 765 finished with value: 0.07514314353466034 and parameters: {'L1_hidden_dim': 64, 'L1_layers_atom': 4, 'L1_layers_mol': 1, 'L1_dropout': 0.2933243124217839, 'L1_out_dim': 96, 'L2_hidden_dim': 128, 'L2_layers_atom': 3, 'L2_layers_mol': 1, 'L2_out_dim': 48, 'L2_dropout': 0.041673955384058894, 'L3_hidden_dim': 48, 'L3_layers_atom': 2, 'L3_layers_mol': 1, 'L3_out_dim': 32, 'L3_dropout': 0.24007659267302178, 'n_mlp_layers': 2, 'mlp_dim_0': 48, 'mlp_dim_1': 376, 'num_heads': 1, 'final_dropout': 0.0495257078608724, 'train_learning_rate': 0.00012534557312928772, 'train_lr_reduce': 0.6}. Best is trial 613 with value: 0.045173268765211105.
[I 2024-12-25 19:33:18,856] Trial 769 finished with value: 0.0738813728094101 and parameters: {'L1_hidden_dim': 64, 'L1_layers_atom': 1, 'L1_layers_mol': 1, 'L1_dropout': 0.14738813229902747, 'L1_out_dim': 112, 'L2_hidden_dim': 224, 'L2_layers_atom': 1, 'L2_layers_mol': 3, 'L2_out_dim': 96, 'L2_dropout': 0.02004443418199052, 'L3_hidden_dim': 96, 'L3_layers_atom': 4, 'L3_layers_mol': 2, 'L3_out_dim': 80, 'L3_dropout': 0.1412012576569811, 'n_mlp_layers': 3, 'mlp_dim_0': 80, 'mlp_dim_1': 392, 'mlp_dim_2': 112, 'num_heads': 1, 'final_dropout': 0.14685062574795602, 'train_learning_rate': 0.0026650799549299813, 'train_lr_reduce': 0.6}. Best is trial 613 with value: 0.045173268765211105.
