[I 2024-12-26 01:27:09,399] Trial 1440 finished with value: 1.1377242803573608 and parameters: {'L1_hidden_dim': 80, 'L1_layers_atom': 1, 'L1_layers_mol': 3, 'L1_dropout': 0.2714214049900428, 'L1_out_dim': 64, 'L2_hidden_dim': 224, 'L2_layers_atom': 4, 'L2_layers_mol': 2, 'L2_out_dim': 128, 'L2_dropout': 0.09488890243221096, 'L3_hidden_dim': 112, 'L3_layers_atom': 2, 'L3_layers_mol': 1, 'L3_out_dim': 128, 'L3_dropout': 0.10067136649214573, 'n_mlp_layers': 3, 'mlp_dim_0': 408, 'mlp_dim_1': 504, 'mlp_dim_2': 136, 'num_heads': 1, 'final_dropout': 0.0069677825302768195, 'train_learning_rate': 0.0006397372449529225, 'train_lr_reduce': 0.6}. Best is trial 1286 with value: 0.03935658559203148.
[I 2024-12-26 01:27:28,680] Trial 1441 finished with value: 1.1499682664871216 and parameters: {'L1_hidden_dim': 80, 'L1_layers_atom': 4, 'L1_layers_mol': 3, 'L1_dropout': 0.1943760603207479, 'L1_out_dim': 48, 'L2_hidden_dim': 176, 'L2_layers_atom': 4, 'L2_layers_mol': 4, 'L2_out_dim': 64, 'L2_dropout': 0.023630192661335356, 'L3_hidden_dim': 64, 'L3_layers_atom': 4, 'L3_layers_mol': 2, 'L3_out_dim': 48, 'L3_dropout': 0.29480554490154276, 'n_mlp_layers': 2, 'mlp_dim_0': 144, 'mlp_dim_1': 480, 'num_heads': 1, 'final_dropout': 0.006622012236440791, 'train_learning_rate': 0.0006281415806236137, 'train_lr_reduce': 0.6}. Best is trial 1286 with value: 0.03935658559203148.
[I 2024-12-26 01:28:02,359] Trial 1438 finished with value: 0.07321606576442719 and parameters: {'L1_hidden_dim': 64, 'L1_layers_atom': 1, 'L1_layers_mol': 2, 'L1_dropout': 0.19333012152515033, 'L1_out_dim': 32, 'L2_hidden_dim': 256, 'L2_layers_atom': 4, 'L2_layers_mol': 3, 'L2_out_dim': 96, 'L2_dropout': 0.032239788053722615, 'L3_hidden_dim': 80, 'L3_layers_atom': 3, 'L3_layers_mol': 1, 'L3_out_dim': 128, 'L3_dropout': 0.20432846290705353, 'n_mlp_layers': 3, 'mlp_dim_0': 408, 'mlp_dim_1': 400, 'mlp_dim_2': 184, 'num_heads': 1, 'final_dropout': 0.026246057442089226, 'train_learning_rate': 0.0020682429992883583, 'train_lr_reduce': 0.6}. Best is trial 1286 with value: 0.03935658559203148.
[I 2024-12-26 01:28:22,086] Trial 1444 finished with value: 1.1502190828323364 and parameters: {'L1_hidden_dim': 64, 'L1_layers_atom': 1, 'L1_layers_mol': 2, 'L1_dropout': 0.17732240130804539, 'L1_out_dim': 64, 'L2_hidden_dim': 176, 'L2_layers_atom': 4, 'L2_layers_mol': 3, 'L2_out_dim': 112, 'L2_dropout': 0.14395135643356233, 'L3_hidden_dim': 112, 'L3_layers_atom': 3, 'L3_layers_mol': 2, 'L3_out_dim': 128, 'L3_dropout': 0.15015155312878575, 'n_mlp_layers': 3, 'mlp_dim_0': 392, 'mlp_dim_1': 496, 'mlp_dim_2': 336, 'num_heads': 1, 'final_dropout': 0.001509661688718209, 'train_learning_rate': 0.0004883478488821773, 'train_lr_reduce': 0.6}. Best is trial 1286 with value: 0.03935658559203148.
[I 2024-12-26 01:29:09,821] Trial 1442 finished with value: 0.05839269980788231 and parameters: {'L1_hidden_dim': 80, 'L1_layers_atom': 2, 'L1_layers_mol': 3, 'L1_dropout': 0.28395924744581624, 'L1_out_dim': 48, 'L2_hidden_dim': 144, 'L2_layers_atom': 2, 'L2_layers_mol': 2, 'L2_out_dim': 112, 'L2_dropout': 0.018077206430233146, 'L3_hidden_dim': 128, 'L3_layers_atom': 4, 'L3_layers_mol': 1, 'L3_out_dim': 112, 'L3_dropout': 0.15092962702340637, 'n_mlp_layers': 2, 'mlp_dim_0': 96, 'mlp_dim_1': 512, 'num_heads': 1, 'final_dropout': 0.08132902969954858, 'train_learning_rate': 0.005481959040721628, 'train_lr_reduce': 0.6}. Best is trial 1286 with value: 0.03935658559203148.
[I 2024-12-26 01:29:16,280] Trial 1443 finished with value: 0.07612955570220947 and parameters: {'L1_hidden_dim': 128, 'L1_layers_atom': 3, 'L1_layers_mol': 3, 'L1_dropout': 0.1722276282035039, 'L1_out_dim': 112, 'L2_hidden_dim': 176, 'L2_layers_atom': 1, 'L2_layers_mol': 1, 'L2_out_dim': 96, 'L2_dropout': 0.07653527897491469, 'L3_hidden_dim': 112, 'L3_layers_atom': 4, 'L3_layers_mol': 1, 'L3_out_dim': 48, 'L3_dropout': 0.29788356336098915, 'n_mlp_layers': 1, 'mlp_dim_0': 80, 'num_heads': 2, 'final_dropout': 0.11293190469831098, 'train_learning_rate': 0.0020053903759589707, 'train_lr_reduce': 0.6}. Best is trial 1286 with value: 0.03935658559203148.
[I 2024-12-26 01:29:47,840] Trial 1445 finished with value: 0.07650522142648697 and parameters: {'L1_hidden_dim': 64, 'L1_layers_atom': 2, 'L1_layers_mol': 4, 'L1_dropout': 0.2813165560672676, 'L1_out_dim': 64, 'L2_hidden_dim': 144, 'L2_layers_atom': 2, 'L2_layers_mol': 3, 'L2_out_dim': 112, 'L2_dropout': 0.086844923423524, 'L3_hidden_dim': 80, 'L3_layers_atom': 3, 'L3_layers_mol': 2, 'L3_out_dim': 80, 'L3_dropout': 0.19398115762734078, 'n_mlp_layers': 2, 'mlp_dim_0': 312, 'mlp_dim_1': 464, 'num_heads': 1, 'final_dropout': 0.06083162982180949, 'train_learning_rate': 0.0020046850565008183, 'train_lr_reduce': 0.6}. Best is trial 1286 with value: 0.03935658559203148.
[I 2024-12-26 01:30:28,672] Trial 1448 finished with value: 0.8799762725830078 and parameters: {'L1_hidden_dim': 64, 'L1_layers_atom': 3, 'L1_layers_mol': 4, 'L1_dropout': 0.19555847002877436, 'L1_out_dim': 128, 'L2_hidden_dim': 256, 'L2_layers_atom': 1, 'L2_layers_mol': 2, 'L2_out_dim': 112, 'L2_dropout': 0.01907839681760542, 'L3_hidden_dim': 32, 'L3_layers_atom': 3, 'L3_layers_mol': 1, 'L3_out_dim': 48, 'L3_dropout': 0.15116437581065953, 'n_mlp_layers': 2, 'mlp_dim_0': 400, 'mlp_dim_1': 512, 'num_heads': 2, 'final_dropout': 0.08264758638118702, 'train_learning_rate': 0.007344183294548777, 'train_lr_reduce': 0.6}. Best is trial 1286 with value: 0.03935658559203148.
[I 2024-12-26 01:30:40,574] Trial 1447 finished with value: 0.06375239789485931 and parameters: {'L1_hidden_dim': 64, 'L1_layers_atom': 2, 'L1_layers_mol': 3, 'L1_dropout': 0.16806488894621585, 'L1_out_dim': 48, 'L2_hidden_dim': 112, 'L2_layers_atom': 2, 'L2_layers_mol': 2, 'L2_out_dim': 80, 'L2_dropout': 0.07929741521039971, 'L3_hidden_dim': 128, 'L3_layers_atom': 3, 'L3_layers_mol': 1, 'L3_out_dim': 96, 'L3_dropout': 0.18071400820186342, 'n_mlp_layers': 2, 'mlp_dim_0': 136, 'mlp_dim_1': 512, 'num_heads': 1, 'final_dropout': 0.12746443212358866, 'train_learning_rate': 0.004651107844194743, 'train_lr_reduce': 0.6}. Best is trial 1286 with value: 0.03935658559203148.
[I 2024-12-26 01:30:41,533] Trial 1446 finished with value: 0.07585175335407257 and parameters: {'L1_hidden_dim': 112, 'L1_layers_atom': 2, 'L1_layers_mol': 4, 'L1_dropout': 0.2402504070904301, 'L1_out_dim': 48, 'L2_hidden_dim': 128, 'L2_layers_atom': 3, 'L2_layers_mol': 2, 'L2_out_dim': 128, 'L2_dropout': 0.05090277774470295, 'L3_hidden_dim': 128, 'L3_layers_atom': 4, 'L3_layers_mol': 2, 'L3_out_dim': 112, 'L3_dropout': 0.12676870988123595, 'n_mlp_layers': 2, 'mlp_dim_0': 56, 'mlp_dim_1': 496, 'num_heads': 1, 'final_dropout': 0.04375035989307841, 'train_learning_rate': 0.003818580662932821, 'train_lr_reduce': 0.6}. Best is trial 1286 with value: 0.03935658559203148.
[I 2024-12-26 01:32:16,105] Trial 1451 finished with value: 0.07331892848014832 and parameters: {'L1_hidden_dim': 64, 'L1_layers_atom': 4, 'L1_layers_mol': 1, 'L1_dropout': 0.2929053498216714, 'L1_out_dim': 128, 'L2_hidden_dim': 240, 'L2_layers_atom': 4, 'L2_layers_mol': 1, 'L2_out_dim': 80, 'L2_dropout': 0.045739833330983325, 'L3_hidden_dim': 80, 'L3_layers_atom': 4, 'L3_layers_mol': 2, 'L3_out_dim': 80, 'L3_dropout': 0.21334767084656808, 'n_mlp_layers': 3, 'mlp_dim_0': 80, 'mlp_dim_1': 496, 'mlp_dim_2': 80, 'num_heads': 1, 'final_dropout': 0.02307722845032993, 'train_learning_rate': 0.0012133520178676872, 'train_lr_reduce': 0.6}. Best is trial 1286 with value: 0.03935658559203148.
[I 2024-12-26 01:32:28,673] Trial 1449 finished with value: 0.1354088932275772 and parameters: {'L1_hidden_dim': 96, 'L1_layers_atom': 2, 'L1_layers_mol': 3, 'L1_dropout': 0.24768819244538673, 'L1_out_dim': 48, 'L2_hidden_dim': 128, 'L2_layers_atom': 2, 'L2_layers_mol': 2, 'L2_out_dim': 112, 'L2_dropout': 0.03476740321841399, 'L3_hidden_dim': 96, 'L3_layers_atom': 3, 'L3_layers_mol': 1, 'L3_out_dim': 112, 'L3_dropout': 0.16484127492732426, 'n_mlp_layers': 2, 'mlp_dim_0': 144, 'mlp_dim_1': 512, 'num_heads': 1, 'final_dropout': 0.21176934722419774, 'train_learning_rate': 0.006811595359736883, 'train_lr_reduce': 0.6}. Best is trial 1286 with value: 0.03935658559203148.
[I 2024-12-26 01:32:34,009] Trial 1450 finished with value: 0.06854593753814697 and parameters: {'L1_hidden_dim': 96, 'L1_layers_atom': 3, 'L1_layers_mol': 3, 'L1_dropout': 0.29009365887525407, 'L1_out_dim': 48, 'L2_hidden_dim': 144, 'L2_layers_atom': 2, 'L2_layers_mol': 2, 'L2_out_dim': 112, 'L2_dropout': 0.02834400482765547, 'L3_hidden_dim': 112, 'L3_layers_atom': 4, 'L3_layers_mol': 1, 'L3_out_dim': 112, 'L3_dropout': 0.12845168240792382, 'n_mlp_layers': 2, 'mlp_dim_0': 152, 'mlp_dim_1': 496, 'num_heads': 1, 'final_dropout': 0.10813312428819875, 'train_learning_rate': 0.0016849488191062524, 'train_lr_reduce': 0.6}. Best is trial 1286 with value: 0.03935658559203148.
[I 2024-12-26 01:33:50,183] Trial 1452 finished with value: 0.06475820392370224 and parameters: {'L1_hidden_dim': 96, 'L1_layers_atom': 2, 'L1_layers_mol': 3, 'L1_dropout': 0.23420867542611692, 'L1_out_dim': 96, 'L2_hidden_dim': 80, 'L2_layers_atom': 3, 'L2_layers_mol': 1, 'L2_out_dim': 112, 'L2_dropout': 0.06477138735229558, 'L3_hidden_dim': 128, 'L3_layers_atom': 4, 'L3_layers_mol': 1, 'L3_out_dim': 112, 'L3_dropout': 0.22269444693998952, 'n_mlp_layers': 2, 'mlp_dim_0': 48, 'mlp_dim_1': 504, 'num_heads': 1, 'final_dropout': 0.15491112058579587, 'train_learning_rate': 0.006531515864459018, 'train_lr_reduce': 0.6}. Best is trial 1286 with value: 0.03935658559203148.
[I 2024-12-26 01:34:16,011] Trial 1454 finished with value: 0.07369246333837509 and parameters: {'L1_hidden_dim': 80, 'L1_layers_atom': 2, 'L1_layers_mol': 3, 'L1_dropout': 0.21574212173360258, 'L1_out_dim': 80, 'L2_hidden_dim': 96, 'L2_layers_atom': 3, 'L2_layers_mol': 2, 'L2_out_dim': 128, 'L2_dropout': 0.007543661630903912, 'L3_hidden_dim': 112, 'L3_layers_atom': 3, 'L3_layers_mol': 1, 'L3_out_dim': 96, 'L3_dropout': 0.1792254898727826, 'n_mlp_layers': 1, 'mlp_dim_0': 312, 'num_heads': 1, 'final_dropout': 0.14860714606662861, 'train_learning_rate': 0.0014990129455258491, 'train_lr_reduce': 0.6}. Best is trial 1286 with value: 0.03935658559203148.
[I 2024-12-26 01:35:15,682] Trial 1453 finished with value: 0.09718304872512817 and parameters: {'L1_hidden_dim': 96, 'L1_layers_atom': 1, 'L1_layers_mol': 3, 'L1_dropout': 0.28645206172094106, 'L1_out_dim': 112, 'L2_hidden_dim': 160, 'L2_layers_atom': 2, 'L2_layers_mol': 2, 'L2_out_dim': 128, 'L2_dropout': 0.06746977788250522, 'L3_hidden_dim': 112, 'L3_layers_atom': 3, 'L3_layers_mol': 1, 'L3_out_dim': 80, 'L3_dropout': 0.11468485933207587, 'n_mlp_layers': 1, 'mlp_dim_0': 232, 'num_heads': 1, 'final_dropout': 0.14316302050552235, 'train_learning_rate': 0.00435315057638816, 'train_lr_reduce': 0.6}. Best is trial 1286 with value: 0.03935658559203148.
[I 2024-12-26 01:35:20,218] Trial 1456 finished with value: 0.08465230464935303 and parameters: {'L1_hidden_dim': 64, 'L1_layers_atom': 3, 'L1_layers_mol': 4, 'L1_dropout': 0.19444875481239313, 'L1_out_dim': 48, 'L2_hidden_dim': 128, 'L2_layers_atom': 1, 'L2_layers_mol': 3, 'L2_out_dim': 96, 'L2_dropout': 0.010573349178549303, 'L3_hidden_dim': 112, 'L3_layers_atom': 4, 'L3_layers_mol': 1, 'L3_out_dim': 128, 'L3_dropout': 0.12150341228020452, 'n_mlp_layers': 3, 'mlp_dim_0': 72, 'mlp_dim_1': 512, 'mlp_dim_2': 128, 'num_heads': 1, 'final_dropout': 0.013869345953191226, 'train_learning_rate': 0.003468988081272391, 'train_lr_reduce': 0.6}. Best is trial 1286 with value: 0.03935658559203148.
[I 2024-12-26 01:35:53,120] Trial 1455 finished with value: 0.08424132317304611 and parameters: {'L1_hidden_dim': 64, 'L1_layers_atom': 1, 'L1_layers_mol': 4, 'L1_dropout': 0.2849160003542725, 'L1_out_dim': 32, 'L2_hidden_dim': 112, 'L2_layers_atom': 3, 'L2_layers_mol': 2, 'L2_out_dim': 128, 'L2_dropout': 0.0022510595704099516, 'L3_hidden_dim': 128, 'L3_layers_atom': 3, 'L3_layers_mol': 1, 'L3_out_dim': 112, 'L3_dropout': 0.19941157142789578, 'n_mlp_layers': 2, 'mlp_dim_0': 120, 'mlp_dim_1': 512, 'num_heads': 1, 'final_dropout': 0.08282599925880157, 'train_learning_rate': 0.004414044358189849, 'train_lr_reduce': 0.6}. Best is trial 1286 with value: 0.03935658559203148.
[I 2024-12-26 01:36:47,159] Trial 1457 finished with value: 0.0770958960056305 and parameters: {'L1_hidden_dim': 96, 'L1_layers_atom': 4, 'L1_layers_mol': 3, 'L1_dropout': 0.20658239138218357, 'L1_out_dim': 48, 'L2_hidden_dim': 192, 'L2_layers_atom': 3, 'L2_layers_mol': 4, 'L2_out_dim': 80, 'L2_dropout': 0.014465691556904263, 'L3_hidden_dim': 112, 'L3_layers_atom': 4, 'L3_layers_mol': 1, 'L3_out_dim': 80, 'L3_dropout': 0.2476172826463479, 'n_mlp_layers': 2, 'mlp_dim_0': 104, 'mlp_dim_1': 504, 'num_heads': 1, 'final_dropout': 0.08493999174406641, 'train_learning_rate': 0.0012019703232810776, 'train_lr_reduce': 0.6}. Best is trial 1286 with value: 0.03935658559203148.
[I 2024-12-26 01:37:12,836] Trial 1459 finished with value: 0.08328011631965637 and parameters: {'L1_hidden_dim': 160, 'L1_layers_atom': 1, 'L1_layers_mol': 3, 'L1_dropout': 0.26443606731733355, 'L1_out_dim': 48, 'L2_hidden_dim': 144, 'L2_layers_atom': 1, 'L2_layers_mol': 1, 'L2_out_dim': 112, 'L2_dropout': 0.07098673368511267, 'L3_hidden_dim': 128, 'L3_layers_atom': 4, 'L3_layers_mol': 2, 'L3_out_dim': 96, 'L3_dropout': 0.10932633240458733, 'n_mlp_layers': 2, 'mlp_dim_0': 104, 'mlp_dim_1': 512, 'num_heads': 1, 'final_dropout': 0.12620418312629791, 'train_learning_rate': 0.0035283234552807305, 'train_lr_reduce': 0.6}. Best is trial 1286 with value: 0.03935658559203148.
[I 2024-12-26 01:38:07,059] Trial 1458 finished with value: 0.13370688259601593 and parameters: {'L1_hidden_dim': 64, 'L1_layers_atom': 2, 'L1_layers_mol': 2, 'L1_dropout': 0.27150489072863704, 'L1_out_dim': 96, 'L2_hidden_dim': 128, 'L2_layers_atom': 2, 'L2_layers_mol': 3, 'L2_out_dim': 80, 'L2_dropout': 0.035385538721171964, 'L3_hidden_dim': 112, 'L3_layers_atom': 3, 'L3_layers_mol': 1, 'L3_out_dim': 96, 'L3_dropout': 0.0617590342209549, 'n_mlp_layers': 2, 'mlp_dim_0': 264, 'mlp_dim_1': 512, 'num_heads': 1, 'final_dropout': 0.09493782757125746, 'train_learning_rate': 0.004039691247217703, 'train_lr_reduce': 0.6}. Best is trial 1286 with value: 0.03935658559203148.
[I 2024-12-26 01:38:45,548] Trial 1460 finished with value: 0.0675007775425911 and parameters: {'L1_hidden_dim': 80, 'L1_layers_atom': 4, 'L1_layers_mol': 1, 'L1_dropout': 0.29454465652218165, 'L1_out_dim': 96, 'L2_hidden_dim': 144, 'L2_layers_atom': 4, 'L2_layers_mol': 1, 'L2_out_dim': 48, 'L2_dropout': 0.007020153773566018, 'L3_hidden_dim': 64, 'L3_layers_atom': 2, 'L3_layers_mol': 1, 'L3_out_dim': 112, 'L3_dropout': 0.29623366498590564, 'n_mlp_layers': 3, 'mlp_dim_0': 104, 'mlp_dim_1': 512, 'mlp_dim_2': 208, 'num_heads': 1, 'final_dropout': 0.036005738578693755, 'train_learning_rate': 0.0013103696807962512, 'train_lr_reduce': 0.6}. Best is trial 1286 with value: 0.03935658559203148.
[I 2024-12-26 01:39:02,634] Trial 1461 finished with value: 0.10486632585525513 and parameters: {'L1_hidden_dim': 112, 'L1_layers_atom': 2, 'L1_layers_mol': 4, 'L1_dropout': 0.06482778065642897, 'L1_out_dim': 112, 'L2_hidden_dim': 224, 'L2_layers_atom': 4, 'L2_layers_mol': 1, 'L2_out_dim': 64, 'L2_dropout': 0.16547585535925513, 'L3_hidden_dim': 80, 'L3_layers_atom': 2, 'L3_layers_mol': 4, 'L3_out_dim': 80, 'L3_dropout': 0.08777312366320425, 'n_mlp_layers': 1, 'mlp_dim_0': 472, 'num_heads': 2, 'final_dropout': 0.2494027491178828, 'train_learning_rate': 0.0005566848920188593, 'train_lr_reduce': 0.6}. Best is trial 1286 with value: 0.03935658559203148.
[I 2024-12-26 01:39:22,531] Trial 1463 finished with value: 0.7667922377586365 and parameters: {'L1_hidden_dim': 112, 'L1_layers_atom': 2, 'L1_layers_mol': 2, 'L1_dropout': 0.2385437434147251, 'L1_out_dim': 48, 'L2_hidden_dim': 176, 'L2_layers_atom': 3, 'L2_layers_mol': 4, 'L2_out_dim': 128, 'L2_dropout': 0.06469820984585964, 'L3_hidden_dim': 64, 'L3_layers_atom': 4, 'L3_layers_mol': 2, 'L3_out_dim': 112, 'L3_dropout': 0.1631446922583197, 'n_mlp_layers': 3, 'mlp_dim_0': 392, 'mlp_dim_1': 480, 'mlp_dim_2': 80, 'num_heads': 1, 'final_dropout': 0.030457334647260567, 'train_learning_rate': 0.0007100037087156171, 'train_lr_reduce': 0.6}. Best is trial 1286 with value: 0.03935658559203148.
[I 2024-12-26 01:40:40,698] Trial 1464 finished with value: 0.22665488719940186 and parameters: {'L1_hidden_dim': 112, 'L1_layers_atom': 4, 'L1_layers_mol': 3, 'L1_dropout': 0.1771373006096535, 'L1_out_dim': 64, 'L2_hidden_dim': 144, 'L2_layers_atom': 3, 'L2_layers_mol': 2, 'L2_out_dim': 64, 'L2_dropout': 0.20814989347185395, 'L3_hidden_dim': 128, 'L3_layers_atom': 4, 'L3_layers_mol': 2, 'L3_out_dim': 48, 'L3_dropout': 0.2883376653804539, 'n_mlp_layers': 3, 'mlp_dim_0': 304, 'mlp_dim_1': 480, 'mlp_dim_2': 80, 'num_heads': 1, 'final_dropout': 0.08239218593382648, 'train_learning_rate': 0.008520269486521842, 'train_lr_reduce': 0.6}. Best is trial 1286 with value: 0.03935658559203148.
[I 2024-12-26 01:40:45,295] Trial 1462 finished with value: 0.050587404519319534 and parameters: {'L1_hidden_dim': 64, 'L1_layers_atom': 4, 'L1_layers_mol': 4, 'L1_dropout': 0.2764514851763825, 'L1_out_dim': 80, 'L2_hidden_dim': 240, 'L2_layers_atom': 1, 'L2_layers_mol': 2, 'L2_out_dim': 128, 'L2_dropout': 0.002032842239886326, 'L3_hidden_dim': 96, 'L3_layers_atom': 3, 'L3_layers_mol': 1, 'L3_out_dim': 80, 'L3_dropout': 0.1294601149413655, 'n_mlp_layers': 2, 'mlp_dim_0': 336, 'mlp_dim_1': 480, 'num_heads': 2, 'final_dropout': 0.1633073593967201, 'train_learning_rate': 0.003236316840933324, 'train_lr_reduce': 0.6}. Best is trial 1286 with value: 0.03935658559203148.
[I 2024-12-26 01:41:04,956] Trial 1467 finished with value: 0.8780729174613953 and parameters: {'L1_hidden_dim': 80, 'L1_layers_atom': 1, 'L1_layers_mol': 4, 'L1_dropout': 0.28669768936422796, 'L1_out_dim': 64, 'L2_hidden_dim': 208, 'L2_layers_atom': 2, 'L2_layers_mol': 2, 'L2_out_dim': 112, 'L2_dropout': 0.028126918852931573, 'L3_hidden_dim': 128, 'L3_layers_atom': 4, 'L3_layers_mol': 2, 'L3_out_dim': 112, 'L3_dropout': 0.14899878946703662, 'n_mlp_layers': 2, 'mlp_dim_0': 432, 'mlp_dim_1': 512, 'num_heads': 1, 'final_dropout': 0.1196023022923827, 'train_learning_rate': 0.003417274469362688, 'train_lr_reduce': 0.6}. Best is trial 1286 with value: 0.03935658559203148.
[I 2024-12-26 01:41:08,496] Trial 1465 finished with value: 0.06462915986776352 and parameters: {'L1_hidden_dim': 80, 'L1_layers_atom': 4, 'L1_layers_mol': 4, 'L1_dropout': 0.24857590565115617, 'L1_out_dim': 48, 'L2_hidden_dim': 160, 'L2_layers_atom': 3, 'L2_layers_mol': 3, 'L2_out_dim': 64, 'L2_dropout': 0.10338908790795956, 'L3_hidden_dim': 96, 'L3_layers_atom': 3, 'L3_layers_mol': 1, 'L3_out_dim': 48, 'L3_dropout': 0.28892762121384097, 'n_mlp_layers': 2, 'mlp_dim_0': 232, 'mlp_dim_1': 480, 'num_heads': 1, 'final_dropout': 0.015727529703074037, 'train_learning_rate': 0.001537096001387387, 'train_lr_reduce': 0.6}. Best is trial 1286 with value: 0.03935658559203148.
[I 2024-12-26 01:41:27,499] Trial 1469 finished with value: 0.8873710632324219 and parameters: {'L1_hidden_dim': 80, 'L1_layers_atom': 2, 'L1_layers_mol': 3, 'L1_dropout': 0.29397359493100134, 'L1_out_dim': 80, 'L2_hidden_dim': 176, 'L2_layers_atom': 1, 'L2_layers_mol': 1, 'L2_out_dim': 64, 'L2_dropout': 0.08318590216585971, 'L3_hidden_dim': 96, 'L3_layers_atom': 2, 'L3_layers_mol': 1, 'L3_out_dim': 112, 'L3_dropout': 0.22560382642907967, 'n_mlp_layers': 1, 'mlp_dim_0': 272, 'num_heads': 1, 'final_dropout': 0.08219826759647379, 'train_learning_rate': 0.005522911696353922, 'train_lr_reduce': 0.6}. Best is trial 1286 with value: 0.03935658559203148.
[I 2024-12-26 01:42:07,549] Trial 1466 finished with value: 0.08252137154340744 and parameters: {'L1_hidden_dim': 112, 'L1_layers_atom': 1, 'L1_layers_mol': 4, 'L1_dropout': 0.25364543529054695, 'L1_out_dim': 80, 'L2_hidden_dim': 192, 'L2_layers_atom': 1, 'L2_layers_mol': 2, 'L2_out_dim': 112, 'L2_dropout': 0.039763184865155565, 'L3_hidden_dim': 128, 'L3_layers_atom': 4, 'L3_layers_mol': 1, 'L3_out_dim': 128, 'L3_dropout': 0.14676886775239265, 'n_mlp_layers': 2, 'mlp_dim_0': 168, 'mlp_dim_1': 512, 'num_heads': 1, 'final_dropout': 0.057207057408166936, 'train_learning_rate': 0.0032319846139860883, 'train_lr_reduce': 0.6}. Best is trial 1286 with value: 0.03935658559203148.
[I 2024-12-26 01:43:15,337] Trial 1470 finished with value: 0.09814486652612686 and parameters: {'L1_hidden_dim': 112, 'L1_layers_atom': 4, 'L1_layers_mol': 4, 'L1_dropout': 0.2534655486200165, 'L1_out_dim': 64, 'L2_hidden_dim': 256, 'L2_layers_atom': 1, 'L2_layers_mol': 2, 'L2_out_dim': 96, 'L2_dropout': 0.02224913071931093, 'L3_hidden_dim': 96, 'L3_layers_atom': 3, 'L3_layers_mol': 1, 'L3_out_dim': 64, 'L3_dropout': 0.085243716540109, 'n_mlp_layers': 2, 'mlp_dim_0': 344, 'mlp_dim_1': 480, 'num_heads': 2, 'final_dropout': 0.06742694761843639, 'train_learning_rate': 0.0068038080138124795, 'train_lr_reduce': 0.6}. Best is trial 1286 with value: 0.03935658559203148.
[I 2024-12-26 01:43:58,616] Trial 1471 finished with value: 0.0775146633386612 and parameters: {'L1_hidden_dim': 80, 'L1_layers_atom': 4, 'L1_layers_mol': 4, 'L1_dropout': 0.2882264863524773, 'L1_out_dim': 32, 'L2_hidden_dim': 208, 'L2_layers_atom': 3, 'L2_layers_mol': 3, 'L2_out_dim': 32, 'L2_dropout': 0.08659431509883254, 'L3_hidden_dim': 48, 'L3_layers_atom': 3, 'L3_layers_mol': 4, 'L3_out_dim': 80, 'L3_dropout': 0.11213833573245789, 'n_mlp_layers': 3, 'mlp_dim_0': 464, 'mlp_dim_1': 472, 'mlp_dim_2': 72, 'num_heads': 1, 'final_dropout': 0.14134885172045336, 'train_learning_rate': 0.0034489498088552733, 'train_lr_reduce': 0.6}. Best is trial 1286 with value: 0.03935658559203148.
