[I 2024-12-19 18:26:50,201] Trial 383 finished with value: 0.1441732943058014 and parameters: {'mlp_n_layers': 4, 'mlp_dim_00': 492, 'mlp_dim_01': 509, 'mlp_dim_02': 154, 'mlp_dim_03': 395, 'node_hidden_dim': 84, 'edge_hidden_dim': 62, 'depth': 2, 'rep_dropout': 0.12200127598841004, 'train_learning_rate': 0.0004747134564217048, 'train_lr_reduce': 0.6}. Best is trial 122 with value: 0.09548358619213104.
[I 2024-12-19 18:26:51,332] Trial 384 finished with value: 0.18773433566093445 and parameters: {'mlp_n_layers': 3, 'mlp_dim_00': 364, 'mlp_dim_01': 414, 'mlp_dim_02': 510, 'node_hidden_dim': 98, 'edge_hidden_dim': 97, 'depth': 1, 'rep_dropout': 0.12363442282359235, 'train_learning_rate': 0.00028226718765290954, 'train_lr_reduce': 0.6}. Best is trial 122 with value: 0.09548358619213104.
[I 2024-12-19 18:26:54,988] Trial 390 finished with value: 1.671003818511963 and parameters: {'mlp_n_layers': 4, 'mlp_dim_00': 497, 'mlp_dim_01': 512, 'mlp_dim_02': 163, 'mlp_dim_03': 326, 'node_hidden_dim': 62, 'edge_hidden_dim': 59, 'depth': 1, 'rep_dropout': 0.1232351962998526, 'train_learning_rate': 0.0005981320821889656, 'train_lr_reduce': 0.6}. Best is trial 122 with value: 0.09548358619213104.
[I 2024-12-19 18:27:27,285] Trial 391 finished with value: 0.12093041092157364 and parameters: {'mlp_n_layers': 3, 'mlp_dim_00': 110, 'mlp_dim_01': 434, 'mlp_dim_02': 223, 'node_hidden_dim': 59, 'edge_hidden_dim': 41, 'depth': 1, 'rep_dropout': 0.01692447173717833, 'train_learning_rate': 0.0015785193889221163, 'train_lr_reduce': 0.6}. Best is trial 122 with value: 0.09548358619213104.
[I 2024-12-19 18:27:27,427] Trial 389 finished with value: 0.10596150904893875 and parameters: {'mlp_n_layers': 3, 'mlp_dim_00': 406, 'mlp_dim_01': 351, 'mlp_dim_02': 321, 'node_hidden_dim': 34, 'edge_hidden_dim': 41, 'depth': 1, 'rep_dropout': 0.14265242634246117, 'train_learning_rate': 0.006577204500394854, 'train_lr_reduce': 0.6}. Best is trial 122 with value: 0.09548358619213104.
[I 2024-12-19 18:27:31,744] Trial 393 finished with value: 1.6440850496292114 and parameters: {'mlp_n_layers': 3, 'mlp_dim_00': 426, 'mlp_dim_01': 321, 'mlp_dim_02': 319, 'node_hidden_dim': 42, 'edge_hidden_dim': 33, 'depth': 1, 'rep_dropout': 0.10507813057685644, 'train_learning_rate': 0.004841076116304836, 'train_lr_reduce': 0.6}. Best is trial 122 with value: 0.09548358619213104.
[I 2024-12-19 18:27:32,851] Trial 394 finished with value: 1.5627601146697998 and parameters: {'mlp_n_layers': 1, 'mlp_dim_00': 360, 'node_hidden_dim': 65, 'edge_hidden_dim': 100, 'depth': 4, 'rep_dropout': 0.03388226581115891, 'train_learning_rate': 0.008173351829488407, 'train_lr_reduce': 0.6}. Best is trial 122 with value: 0.09548358619213104.
[I 2024-12-19 18:27:33,873] Trial 392 finished with value: 0.10775879770517349 and parameters: {'mlp_n_layers': 4, 'mlp_dim_00': 501, 'mlp_dim_01': 466, 'mlp_dim_02': 476, 'mlp_dim_03': 411, 'node_hidden_dim': 79, 'edge_hidden_dim': 90, 'depth': 1, 'rep_dropout': 0.1248531401394183, 'train_learning_rate': 0.0011448236640147433, 'train_lr_reduce': 0.6}. Best is trial 122 with value: 0.09548358619213104.
[I 2024-12-19 18:27:35,347] Trial 395 finished with value: 1.685990810394287 and parameters: {'mlp_n_layers': 3, 'mlp_dim_00': 144, 'mlp_dim_01': 286, 'mlp_dim_02': 311, 'node_hidden_dim': 44, 'edge_hidden_dim': 112, 'depth': 1, 'rep_dropout': 0.003826902812692226, 'train_learning_rate': 0.0002166487985188833, 'train_lr_reduce': 0.6}. Best is trial 122 with value: 0.09548358619213104.
[I 2024-12-19 18:27:37,168] Trial 396 finished with value: 1.5800180435180664 and parameters: {'mlp_n_layers': 3, 'mlp_dim_00': 407, 'mlp_dim_01': 300, 'mlp_dim_02': 301, 'node_hidden_dim': 39, 'edge_hidden_dim': 45, 'depth': 2, 'rep_dropout': 0.14016643632812137, 'train_learning_rate': 0.006691995367453731, 'train_lr_reduce': 0.6}. Best is trial 122 with value: 0.09548358619213104.
[I 2024-12-19 18:27:37,514] Trial 397 finished with value: 1.5940778255462646 and parameters: {'mlp_n_layers': 3, 'mlp_dim_00': 364, 'mlp_dim_01': 342, 'mlp_dim_02': 510, 'node_hidden_dim': 32, 'edge_hidden_dim': 72, 'depth': 1, 'rep_dropout': 0.11156994554704724, 'train_learning_rate': 0.0053700082529758875, 'train_lr_reduce': 0.6}. Best is trial 122 with value: 0.09548358619213104.
[I 2024-12-19 18:27:51,489] Trial 399 finished with value: 0.5146925449371338 and parameters: {'mlp_n_layers': 4, 'mlp_dim_00': 511, 'mlp_dim_01': 512, 'mlp_dim_02': 462, 'mlp_dim_03': 392, 'node_hidden_dim': 102, 'edge_hidden_dim': 37, 'depth': 1, 'rep_dropout': 0.12109721146682934, 'train_learning_rate': 0.0023658313382270675, 'train_lr_reduce': 0.6}. Best is trial 122 with value: 0.09548358619213104.
[I 2024-12-19 18:27:57,979] Trial 401 finished with value: 1.6682530641555786 and parameters: {'mlp_n_layers': 3, 'mlp_dim_00': 417, 'mlp_dim_01': 355, 'mlp_dim_02': 335, 'node_hidden_dim': 77, 'edge_hidden_dim': 94, 'depth': 1, 'rep_dropout': 0.14500721915236117, 'train_learning_rate': 0.00033033629856277853, 'train_lr_reduce': 0.6}. Best is trial 122 with value: 0.09548358619213104.
[I 2024-12-19 18:28:04,939] Trial 402 finished with value: 1.5638177394866943 and parameters: {'mlp_n_layers': 2, 'mlp_dim_00': 458, 'mlp_dim_01': 468, 'node_hidden_dim': 38, 'edge_hidden_dim': 53, 'depth': 1, 'rep_dropout': 0.11904466404703457, 'train_learning_rate': 0.00789484113274129, 'train_lr_reduce': 0.6}. Best is trial 122 with value: 0.09548358619213104.
[I 2024-12-19 18:28:17,828] Trial 398 finished with value: 0.11013684421777725 and parameters: {'mlp_n_layers': 4, 'mlp_dim_00': 512, 'mlp_dim_01': 477, 'mlp_dim_02': 287, 'mlp_dim_03': 452, 'node_hidden_dim': 78, 'edge_hidden_dim': 70, 'depth': 1, 'rep_dropout': 0.0930035577509169, 'train_learning_rate': 0.0011086238375565885, 'train_lr_reduce': 0.6}. Best is trial 122 with value: 0.09548358619213104.
[I 2024-12-19 18:28:23,645] Trial 400 finished with value: 0.10749230533838272 and parameters: {'mlp_n_layers': 4, 'mlp_dim_00': 362, 'mlp_dim_01': 473, 'mlp_dim_02': 477, 'mlp_dim_03': 453, 'node_hidden_dim': 87, 'edge_hidden_dim': 47, 'depth': 1, 'rep_dropout': 0.061679330504840715, 'train_learning_rate': 0.000945984027307743, 'train_lr_reduce': 0.6}. Best is trial 122 with value: 0.09548358619213104.
[I 2024-12-19 18:28:28,563] Trial 405 finished with value: 1.633029818534851 and parameters: {'mlp_n_layers': 3, 'mlp_dim_00': 345, 'mlp_dim_01': 461, 'mlp_dim_02': 471, 'node_hidden_dim': 88, 'edge_hidden_dim': 48, 'depth': 1, 'rep_dropout': 0.048022772094158325, 'train_learning_rate': 0.0007409135002157519, 'train_lr_reduce': 0.6}. Best is trial 122 with value: 0.09548358619213104.
[I 2024-12-19 18:28:38,133] Trial 404 finished with value: 0.39875105023384094 and parameters: {'mlp_n_layers': 4, 'mlp_dim_00': 410, 'mlp_dim_01': 471, 'mlp_dim_02': 343, 'mlp_dim_03': 399, 'node_hidden_dim': 103, 'edge_hidden_dim': 53, 'depth': 2, 'rep_dropout': 0.10981267702487005, 'train_learning_rate': 0.0011182340887174371, 'train_lr_reduce': 0.6}. Best is trial 122 with value: 0.09548358619213104.
[I 2024-12-19 18:28:47,273] Trial 403 finished with value: 0.11085174232721329 and parameters: {'mlp_n_layers': 3, 'mlp_dim_00': 433, 'mlp_dim_01': 231, 'mlp_dim_02': 479, 'node_hidden_dim': 107, 'edge_hidden_dim': 38, 'depth': 1, 'rep_dropout': 0.09016456027244722, 'train_learning_rate': 0.0006757898966894864, 'train_lr_reduce': 0.6}. Best is trial 122 with value: 0.09548358619213104.
[I 2024-12-19 18:28:51,987] Trial 408 finished with value: 1.5803275108337402 and parameters: {'mlp_n_layers': 4, 'mlp_dim_00': 480, 'mlp_dim_01': 376, 'mlp_dim_02': 340, 'mlp_dim_03': 467, 'node_hidden_dim': 80, 'edge_hidden_dim': 43, 'depth': 1, 'rep_dropout': 0.11666682405956795, 'train_learning_rate': 0.0016761605773780003, 'train_lr_reduce': 0.6}. Best is trial 122 with value: 0.09548358619213104.
[I 2024-12-19 18:29:10,604] Trial 406 finished with value: 0.12063956260681152 and parameters: {'mlp_n_layers': 4, 'mlp_dim_00': 389, 'mlp_dim_01': 197, 'mlp_dim_02': 484, 'mlp_dim_03': 457, 'node_hidden_dim': 85, 'edge_hidden_dim': 56, 'depth': 1, 'rep_dropout': 0.08103425591662387, 'train_learning_rate': 0.0010360319929981565, 'train_lr_reduce': 0.6}. Best is trial 122 with value: 0.09548358619213104.
[I 2024-12-19 18:29:15,143] Trial 410 finished with value: 1.6447243690490723 and parameters: {'mlp_n_layers': 4, 'mlp_dim_00': 288, 'mlp_dim_01': 459, 'mlp_dim_02': 343, 'mlp_dim_03': 506, 'node_hidden_dim': 93, 'edge_hidden_dim': 52, 'depth': 1, 'rep_dropout': 0.049265767155447705, 'train_learning_rate': 0.001322816968119024, 'train_lr_reduce': 0.6}. Best is trial 122 with value: 0.09548358619213104.
[I 2024-12-19 18:29:16,613] Trial 407 finished with value: 0.24631839990615845 and parameters: {'mlp_n_layers': 4, 'mlp_dim_00': 432, 'mlp_dim_01': 465, 'mlp_dim_02': 509, 'mlp_dim_03': 461, 'node_hidden_dim': 39, 'edge_hidden_dim': 57, 'depth': 1, 'rep_dropout': 0.14455689680224226, 'train_learning_rate': 0.007051093094230744, 'train_lr_reduce': 0.6}. Best is trial 122 with value: 0.09548358619213104.
[I 2024-12-19 18:29:19,338] Trial 411 finished with value: 1.6320308446884155 and parameters: {'mlp_n_layers': 2, 'mlp_dim_00': 438, 'mlp_dim_01': 362, 'node_hidden_dim': 35, 'edge_hidden_dim': 37, 'depth': 1, 'rep_dropout': 0.13646244249285486, 'train_learning_rate': 0.004264648406439398, 'train_lr_reduce': 0.6}. Best is trial 122 with value: 0.09548358619213104.
[I 2024-12-19 18:29:20,615] Trial 412 finished with value: 1.5869746208190918 and parameters: {'mlp_n_layers': 3, 'mlp_dim_00': 456, 'mlp_dim_01': 447, 'mlp_dim_02': 510, 'node_hidden_dim': 127, 'edge_hidden_dim': 72, 'depth': 1, 'rep_dropout': 0.018059605901513353, 'train_learning_rate': 0.0012033689103459586, 'train_lr_reduce': 0.6}. Best is trial 122 with value: 0.09548358619213104.
[I 2024-12-19 18:29:25,372] Trial 413 finished with value: 1.6824289560317993 and parameters: {'mlp_n_layers': 4, 'mlp_dim_00': 185, 'mlp_dim_01': 262, 'mlp_dim_02': 127, 'mlp_dim_03': 437, 'node_hidden_dim': 122, 'edge_hidden_dim': 95, 'depth': 1, 'rep_dropout': 0.05749161500034361, 'train_learning_rate': 0.00014851521364416589, 'train_lr_reduce': 0.6}. Best is trial 122 with value: 0.09548358619213104.
[I 2024-12-19 18:29:32,708] Trial 409 finished with value: 0.11545469611883163 and parameters: {'mlp_n_layers': 4, 'mlp_dim_00': 509, 'mlp_dim_01': 146, 'mlp_dim_02': 260, 'mlp_dim_03': 452, 'node_hidden_dim': 99, 'edge_hidden_dim': 42, 'depth': 1, 'rep_dropout': 0.11065788514029146, 'train_learning_rate': 0.0005753341787933503, 'train_lr_reduce': 0.6}. Best is trial 122 with value: 0.09548358619213104.
[I 2024-12-19 18:29:37,801] Trial 416 finished with value: 1.607785701751709 and parameters: {'mlp_n_layers': 3, 'mlp_dim_00': 454, 'mlp_dim_01': 473, 'mlp_dim_02': 374, 'node_hidden_dim': 55, 'edge_hidden_dim': 37, 'depth': 1, 'rep_dropout': 0.14164694876036124, 'train_learning_rate': 0.00954705530772188, 'train_lr_reduce': 0.6}. Best is trial 122 with value: 0.09548358619213104.
[I 2024-12-19 18:30:05,155] Trial 414 finished with value: 0.13665935397148132 and parameters: {'mlp_n_layers': 4, 'mlp_dim_00': 306, 'mlp_dim_01': 465, 'mlp_dim_02': 413, 'mlp_dim_03': 462, 'node_hidden_dim': 105, 'edge_hidden_dim': 52, 'depth': 1, 'rep_dropout': 0.046719178525751436, 'train_learning_rate': 0.0003801051996961204, 'train_lr_reduce': 0.6}. Best is trial 122 with value: 0.09548358619213104.
[I 2024-12-19 18:30:07,558] Trial 417 finished with value: 0.29942113161087036 and parameters: {'mlp_n_layers': 4, 'mlp_dim_00': 359, 'mlp_dim_01': 469, 'mlp_dim_02': 126, 'mlp_dim_03': 511, 'node_hidden_dim': 48, 'edge_hidden_dim': 38, 'depth': 1, 'rep_dropout': 0.11848493781897151, 'train_learning_rate': 0.006569418904536305, 'train_lr_reduce': 0.6}. Best is trial 122 with value: 0.09548358619213104.
[I 2024-12-19 18:30:10,105] Trial 415 finished with value: 0.14335088431835175 and parameters: {'mlp_n_layers': 4, 'mlp_dim_00': 346, 'mlp_dim_01': 428, 'mlp_dim_02': 301, 'mlp_dim_03': 416, 'node_hidden_dim': 71, 'edge_hidden_dim': 53, 'depth': 1, 'rep_dropout': 0.08262022804705911, 'train_learning_rate': 0.0004183949360674683, 'train_lr_reduce': 0.6}. Best is trial 122 with value: 0.09548358619213104.
[I 2024-12-19 18:30:31,738] Trial 419 finished with value: 0.2795366048812866 and parameters: {'mlp_n_layers': 3, 'mlp_dim_00': 377, 'mlp_dim_01': 417, 'mlp_dim_02': 347, 'node_hidden_dim': 39, 'edge_hidden_dim': 39, 'depth': 1, 'rep_dropout': 0.14387043747738756, 'train_learning_rate': 0.005130765287473461, 'train_lr_reduce': 0.6}. Best is trial 122 with value: 0.09548358619213104.
[I 2024-12-19 18:30:37,608] Trial 421 finished with value: 1.6865016222000122 and parameters: {'mlp_n_layers': 3, 'mlp_dim_00': 208, 'mlp_dim_01': 478, 'mlp_dim_02': 467, 'node_hidden_dim': 38, 'edge_hidden_dim': 48, 'depth': 2, 'rep_dropout': 0.06246850507329909, 'train_learning_rate': 0.00013047480717838722, 'train_lr_reduce': 0.6}. Best is trial 122 with value: 0.09548358619213104.
[I 2024-12-19 18:30:52,064] Trial 418 finished with value: 0.22885161638259888 and parameters: {'mlp_n_layers': 4, 'mlp_dim_00': 447, 'mlp_dim_01': 333, 'mlp_dim_02': 446, 'mlp_dim_03': 422, 'node_hidden_dim': 93, 'edge_hidden_dim': 61, 'depth': 1, 'rep_dropout': 0.14362137986340445, 'train_learning_rate': 0.00037141862119095863, 'train_lr_reduce': 0.6}. Best is trial 122 with value: 0.09548358619213104.
[I 2024-12-19 18:30:55,493] Trial 420 finished with value: 0.29389697313308716 and parameters: {'mlp_n_layers': 3, 'mlp_dim_00': 115, 'mlp_dim_01': 162, 'mlp_dim_02': 114, 'node_hidden_dim': 96, 'edge_hidden_dim': 126, 'depth': 1, 'rep_dropout': 0.1489610958451748, 'train_learning_rate': 0.0020316614467531433, 'train_lr_reduce': 0.6}. Best is trial 122 with value: 0.09548358619213104.
[I 2024-12-19 18:30:56,723] Trial 423 finished with value: 1.6062833070755005 and parameters: {'mlp_n_layers': 3, 'mlp_dim_00': 444, 'mlp_dim_01': 478, 'mlp_dim_02': 270, 'node_hidden_dim': 97, 'edge_hidden_dim': 74, 'depth': 4, 'rep_dropout': 0.13601003851100218, 'train_learning_rate': 0.0017477508288105531, 'train_lr_reduce': 0.6}. Best is trial 122 with value: 0.09548358619213104.
[I 2024-12-19 18:31:01,174] Trial 425 finished with value: 1.64540433883667 and parameters: {'mlp_n_layers': 3, 'mlp_dim_00': 383, 'mlp_dim_01': 510, 'mlp_dim_02': 458, 'node_hidden_dim': 100, 'edge_hidden_dim': 69, 'depth': 2, 'rep_dropout': 0.1425610841551066, 'train_learning_rate': 0.0009639707582791149, 'train_lr_reduce': 0.6}. Best is trial 122 with value: 0.09548358619213104.
[I 2024-12-19 18:31:10,226] Trial 424 finished with value: 0.6267759203910828 and parameters: {'mlp_n_layers': 4, 'mlp_dim_00': 327, 'mlp_dim_01': 423, 'mlp_dim_02': 128, 'mlp_dim_03': 453, 'node_hidden_dim': 68, 'edge_hidden_dim': 53, 'depth': 2, 'rep_dropout': 0.044818358527388344, 'train_learning_rate': 0.0034144795179058963, 'train_lr_reduce': 0.6}. Best is trial 122 with value: 0.09548358619213104.
[I 2024-12-19 18:31:21,100] Trial 422 finished with value: 0.2038356065750122 and parameters: {'mlp_n_layers': 3, 'mlp_dim_00': 176, 'mlp_dim_01': 375, 'mlp_dim_02': 365, 'node_hidden_dim': 57, 'edge_hidden_dim': 79, 'depth': 1, 'rep_dropout': 0.10668112382405981, 'train_learning_rate': 0.0009024536027650331, 'train_lr_reduce': 0.6}. Best is trial 122 with value: 0.09548358619213104.
[I 2024-12-19 18:31:43,522] Trial 426 finished with value: 0.10568413883447647 and parameters: {'mlp_n_layers': 4, 'mlp_dim_00': 493, 'mlp_dim_01': 221, 'mlp_dim_02': 317, 'mlp_dim_03': 465, 'node_hidden_dim': 126, 'edge_hidden_dim': 69, 'depth': 1, 'rep_dropout': 0.1088436035436319, 'train_learning_rate': 0.00048770923193663034, 'train_lr_reduce': 0.6}. Best is trial 122 with value: 0.09548358619213104.
[I 2024-12-19 18:31:54,881] Trial 427 finished with value: 0.11398690938949585 and parameters: {'mlp_n_layers': 3, 'mlp_dim_00': 439, 'mlp_dim_01': 287, 'mlp_dim_02': 410, 'node_hidden_dim': 103, 'edge_hidden_dim': 52, 'depth': 1, 'rep_dropout': 0.13491943545672785, 'train_learning_rate': 0.000608263998568299, 'train_lr_reduce': 0.6}. Best is trial 122 with value: 0.09548358619213104.
[I 2024-12-19 18:32:05,536] Trial 428 finished with value: 0.17609955370426178 and parameters: {'mlp_n_layers': 4, 'mlp_dim_00': 420, 'mlp_dim_01': 427, 'mlp_dim_02': 64, 'mlp_dim_03': 170, 'node_hidden_dim': 47, 'edge_hidden_dim': 47, 'depth': 2, 'rep_dropout': 0.14343321488685704, 'train_learning_rate': 0.0014053713201863083, 'train_lr_reduce': 0.6}. Best is trial 122 with value: 0.09548358619213104.
[I 2024-12-19 18:32:15,499] Trial 430 finished with value: 0.296783983707428 and parameters: {'mlp_n_layers': 3, 'mlp_dim_00': 508, 'mlp_dim_01': 228, 'mlp_dim_02': 284, 'node_hidden_dim': 91, 'edge_hidden_dim': 75, 'depth': 1, 'rep_dropout': 0.0031093590038398858, 'train_learning_rate': 0.0017971604100186019, 'train_lr_reduce': 0.6}. Best is trial 122 with value: 0.09548358619213104.
[I 2024-12-19 18:32:21,028] Trial 431 finished with value: 0.36359915137290955 and parameters: {'mlp_n_layers': 4, 'mlp_dim_00': 333, 'mlp_dim_01': 202, 'mlp_dim_02': 157, 'mlp_dim_03': 469, 'node_hidden_dim': 112, 'edge_hidden_dim': 57, 'depth': 1, 'rep_dropout': 0.11858564319995259, 'train_learning_rate': 0.000916482990046454, 'train_lr_reduce': 0.6}. Best is trial 122 with value: 0.09548358619213104.
[I 2024-12-19 18:32:25,517] Trial 429 finished with value: 0.10859130322933197 and parameters: {'mlp_n_layers': 4, 'mlp_dim_00': 425, 'mlp_dim_01': 257, 'mlp_dim_02': 311, 'mlp_dim_03': 466, 'node_hidden_dim': 127, 'edge_hidden_dim': 87, 'depth': 1, 'rep_dropout': 0.07424800991453707, 'train_learning_rate': 0.0006361499782336338, 'train_lr_reduce': 0.6}. Best is trial 122 with value: 0.09548358619213104.
[I 2024-12-19 18:32:26,374] Trial 433 finished with value: 1.63222336769104 and parameters: {'mlp_n_layers': 2, 'mlp_dim_00': 94, 'mlp_dim_01': 227, 'node_hidden_dim': 54, 'edge_hidden_dim': 84, 'depth': 2, 'rep_dropout': 0.032675797477530785, 'train_learning_rate': 0.0018197650839599563, 'train_lr_reduce': 0.6}. Best is trial 122 with value: 0.09548358619213104.
[I 2024-12-19 18:32:37,310] Trial 432 finished with value: 0.2616507112979889 and parameters: {'mlp_n_layers': 4, 'mlp_dim_00': 479, 'mlp_dim_01': 199, 'mlp_dim_02': 508, 'mlp_dim_03': 467, 'node_hidden_dim': 128, 'edge_hidden_dim': 61, 'depth': 1, 'rep_dropout': 0.12096511003025075, 'train_learning_rate': 0.0007290867006649578, 'train_lr_reduce': 0.6}. Best is trial 122 with value: 0.09548358619213104.
[I 2024-12-19 18:32:42,155] Trial 436 finished with value: 1.5602575540542603 and parameters: {'mlp_n_layers': 3, 'mlp_dim_00': 444, 'mlp_dim_01': 267, 'mlp_dim_02': 319, 'node_hidden_dim': 38, 'edge_hidden_dim': 45, 'depth': 1, 'rep_dropout': 0.1494240250584963, 'train_learning_rate': 0.003474972101101109, 'train_lr_reduce': 0.6}. Best is trial 122 with value: 0.09548358619213104.
[I 2024-12-19 18:32:49,178] Trial 437 finished with value: 1.6162290573120117 and parameters: {'mlp_n_layers': 4, 'mlp_dim_00': 128, 'mlp_dim_01': 248, 'mlp_dim_02': 307, 'mlp_dim_03': 470, 'node_hidden_dim': 121, 'edge_hidden_dim': 100, 'depth': 2, 'rep_dropout': 0.054262659775253574, 'train_learning_rate': 0.008169719674529934, 'train_lr_reduce': 0.6}. Best is trial 122 with value: 0.09548358619213104.
[I 2024-12-19 18:33:07,022] Trial 435 finished with value: 0.12455419450998306 and parameters: {'mlp_n_layers': 3, 'mlp_dim_00': 329, 'mlp_dim_01': 254, 'mlp_dim_02': 291, 'node_hidden_dim': 117, 'edge_hidden_dim': 90, 'depth': 1, 'rep_dropout': 0.0557734482654612, 'train_learning_rate': 0.0007608650352270699, 'train_lr_reduce': 0.6}. Best is trial 122 with value: 0.09548358619213104.
[I 2024-12-19 18:33:09,156] Trial 434 finished with value: 0.1066087931394577 and parameters: {'mlp_n_layers': 4, 'mlp_dim_00': 409, 'mlp_dim_01': 285, 'mlp_dim_02': 270, 'mlp_dim_03': 467, 'node_hidden_dim': 113, 'edge_hidden_dim': 94, 'depth': 1, 'rep_dropout': 0.10410605743790681, 'train_learning_rate': 0.000799444618904026, 'train_lr_reduce': 0.6}. Best is trial 122 with value: 0.09548358619213104.
[I 2024-12-19 18:33:13,012] Trial 439 finished with value: 1.6808228492736816 and parameters: {'mlp_n_layers': 4, 'mlp_dim_00': 419, 'mlp_dim_01': 292, 'mlp_dim_02': 319, 'mlp_dim_03': 421, 'node_hidden_dim': 110, 'edge_hidden_dim': 91, 'depth': 1, 'rep_dropout': 0.07987587387578882, 'train_learning_rate': 0.00012715783517674173, 'train_lr_reduce': 0.6}. Best is trial 122 with value: 0.09548358619213104.
[I 2024-12-19 18:33:38,885] Trial 438 finished with value: 0.4860033094882965 and parameters: {'mlp_n_layers': 4, 'mlp_dim_00': 408, 'mlp_dim_01': 243, 'mlp_dim_02': 233, 'mlp_dim_03': 512, 'node_hidden_dim': 83, 'edge_hidden_dim': 40, 'depth': 2, 'rep_dropout': 0.05752375253784765, 'train_learning_rate': 0.0008237938950711925, 'train_lr_reduce': 0.6}. Best is trial 122 with value: 0.09548358619213104.
[I 2024-12-19 18:33:46,363] Trial 442 finished with value: 1.5124890804290771 and parameters: {'mlp_n_layers': 2, 'mlp_dim_00': 276, 'mlp_dim_01': 270, 'node_hidden_dim': 40, 'edge_hidden_dim': 119, 'depth': 3, 'rep_dropout': 0.009469400446959639, 'train_learning_rate': 0.003233284264594842, 'train_lr_reduce': 0.6}. Best is trial 122 with value: 0.09548358619213104.
[I 2024-12-19 18:33:48,836] Trial 440 finished with value: 0.10626927018165588 and parameters: {'mlp_n_layers': 3, 'mlp_dim_00': 421, 'mlp_dim_01': 334, 'mlp_dim_02': 255, 'node_hidden_dim': 87, 'edge_hidden_dim': 61, 'depth': 1, 'rep_dropout': 0.09810732658440138, 'train_learning_rate': 0.000509032426284655, 'train_lr_reduce': 0.6}. Best is trial 122 with value: 0.09548358619213104.
