[I 2024-12-19 07:37:30,889] Trial 58 finished with value: 1.1422433853149414 and parameters: {'mlp_n_layers': 4, 'mlp_dim_00': 211, 'mlp_dim_01': 140, 'mlp_dim_02': 70, 'mlp_dim_03': 164, 'node_hidden_dim': 38, 'edge_hidden_dim': 65, 'depth': 4, 'rep_dropout': 0.027545647153321855, 'train_learning_rate': 0.0004602845503297193, 'train_lr_reduce': 0.6}. Best is trial 55 with value: 1.1414035558700562.
[I 2024-12-19 07:37:37,141] Trial 60 finished with value: 1.1420619487762451 and parameters: {'mlp_n_layers': 3, 'mlp_dim_00': 144, 'mlp_dim_01': 162, 'mlp_dim_02': 76, 'node_hidden_dim': 41, 'edge_hidden_dim': 33, 'depth': 4, 'rep_dropout': 0.059600772368471146, 'train_learning_rate': 0.00020510997996579797, 'train_lr_reduce': 0.6}. Best is trial 55 with value: 1.1414035558700562.
[I 2024-12-19 07:37:40,001] Trial 59 finished with value: 1.1417864561080933 and parameters: {'mlp_n_layers': 4, 'mlp_dim_00': 71, 'mlp_dim_01': 124, 'mlp_dim_02': 65, 'mlp_dim_03': 378, 'node_hidden_dim': 70, 'edge_hidden_dim': 57, 'depth': 4, 'rep_dropout': 0.0070700392623573236, 'train_learning_rate': 0.00015720368187728873, 'train_lr_reduce': 0.6}. Best is trial 55 with value: 1.1414035558700562.
[I 2024-12-19 07:37:41,133] Trial 61 finished with value: 1.1421550512313843 and parameters: {'mlp_n_layers': 4, 'mlp_dim_00': 100, 'mlp_dim_01': 288, 'mlp_dim_02': 81, 'mlp_dim_03': 154, 'node_hidden_dim': 73, 'edge_hidden_dim': 33, 'depth': 3, 'rep_dropout': 0.13637615648504484, 'train_learning_rate': 0.00012026752409726341, 'train_lr_reduce': 0.6}. Best is trial 55 with value: 1.1414035558700562.
[I 2024-12-19 07:37:50,834] Trial 64 finished with value: 1.142144799232483 and parameters: {'mlp_n_layers': 4, 'mlp_dim_00': 68, 'mlp_dim_01': 120, 'mlp_dim_02': 76, 'mlp_dim_03': 356, 'node_hidden_dim': 68, 'edge_hidden_dim': 35, 'depth': 4, 'rep_dropout': 0.09129379789854467, 'train_learning_rate': 0.0003645390293940854, 'train_lr_reduce': 0.6}. Best is trial 55 with value: 1.1414035558700562.
[I 2024-12-19 07:37:50,995] Trial 63 finished with value: 1.14180588722229 and parameters: {'mlp_n_layers': 4, 'mlp_dim_00': 123, 'mlp_dim_01': 93, 'mlp_dim_02': 64, 'mlp_dim_03': 393, 'node_hidden_dim': 90, 'edge_hidden_dim': 53, 'depth': 4, 'rep_dropout': 0.016894756416578557, 'train_learning_rate': 0.0004025773911661636, 'train_lr_reduce': 0.6}. Best is trial 55 with value: 1.1414035558700562.
[I 2024-12-19 07:37:53,018] Trial 62 finished with value: 1.1414358615875244 and parameters: {'mlp_n_layers': 3, 'mlp_dim_00': 141, 'mlp_dim_01': 135, 'mlp_dim_02': 64, 'node_hidden_dim': 58, 'edge_hidden_dim': 73, 'depth': 4, 'rep_dropout': 0.040491350808911024, 'train_learning_rate': 0.00010095529744003106, 'train_lr_reduce': 0.6}. Best is trial 55 with value: 1.1414035558700562.
[I 2024-12-19 07:38:02,119] Trial 65 finished with value: 1.1421513557434082 and parameters: {'mlp_n_layers': 4, 'mlp_dim_00': 132, 'mlp_dim_01': 95, 'mlp_dim_02': 72, 'mlp_dim_03': 402, 'node_hidden_dim': 72, 'edge_hidden_dim': 54, 'depth': 4, 'rep_dropout': 0.038649995239183874, 'train_learning_rate': 0.00015384533160956105, 'train_lr_reduce': 0.6}. Best is trial 55 with value: 1.1414035558700562.
[I 2024-12-19 07:38:03,446] Trial 67 finished with value: 1.142066240310669 and parameters: {'mlp_n_layers': 3, 'mlp_dim_00': 142, 'mlp_dim_01': 180, 'mlp_dim_02': 65, 'node_hidden_dim': 53, 'edge_hidden_dim': 71, 'depth': 4, 'rep_dropout': 0.04934284626822089, 'train_learning_rate': 0.00014733682972517997, 'train_lr_reduce': 0.6}. Best is trial 55 with value: 1.1414035558700562.
[I 2024-12-19 07:38:04,762] Trial 66 finished with value: 1.1421165466308594 and parameters: {'mlp_n_layers': 4, 'mlp_dim_00': 176, 'mlp_dim_01': 83, 'mlp_dim_02': 66, 'mlp_dim_03': 414, 'node_hidden_dim': 99, 'edge_hidden_dim': 62, 'depth': 4, 'rep_dropout': 0.001499940758447076, 'train_learning_rate': 0.00016385009415917606, 'train_lr_reduce': 0.6}. Best is trial 55 with value: 1.1414035558700562.
[I 2024-12-19 07:38:12,159] Trial 69 finished with value: 1.1421877145767212 and parameters: {'mlp_n_layers': 4, 'mlp_dim_00': 118, 'mlp_dim_01': 186, 'mlp_dim_02': 67, 'mlp_dim_03': 283, 'node_hidden_dim': 115, 'edge_hidden_dim': 48, 'depth': 4, 'rep_dropout': 0.05948140041468106, 'train_learning_rate': 0.0004904156100911236, 'train_lr_reduce': 0.6}. Best is trial 55 with value: 1.1414035558700562.
[I 2024-12-19 07:38:15,978] Trial 68 finished with value: 1.1418431997299194 and parameters: {'mlp_n_layers': 4, 'mlp_dim_00': 65, 'mlp_dim_01': 103, 'mlp_dim_02': 67, 'mlp_dim_03': 388, 'node_hidden_dim': 48, 'edge_hidden_dim': 60, 'depth': 3, 'rep_dropout': 0.07131267724537341, 'train_learning_rate': 0.0001002636469055123, 'train_lr_reduce': 0.6}. Best is trial 55 with value: 1.1414035558700562.
[I 2024-12-19 07:38:19,689] Trial 70 finished with value: 1.1419100761413574 and parameters: {'mlp_n_layers': 4, 'mlp_dim_00': 77, 'mlp_dim_01': 180, 'mlp_dim_02': 65, 'mlp_dim_03': 122, 'node_hidden_dim': 53, 'edge_hidden_dim': 47, 'depth': 4, 'rep_dropout': 0.10665152367741917, 'train_learning_rate': 0.00012792457320180063, 'train_lr_reduce': 0.6}. Best is trial 55 with value: 1.1414035558700562.
[I 2024-12-19 07:38:20,751] Trial 71 finished with value: 1.14224112033844 and parameters: {'mlp_n_layers': 4, 'mlp_dim_00': 70, 'mlp_dim_01': 226, 'mlp_dim_02': 65, 'mlp_dim_03': 435, 'node_hidden_dim': 65, 'edge_hidden_dim': 81, 'depth': 4, 'rep_dropout': 0.005748894075109366, 'train_learning_rate': 0.0003516415719765641, 'train_lr_reduce': 0.6}. Best is trial 55 with value: 1.1414035558700562.
[I 2024-12-19 07:38:27,159] Trial 72 finished with value: 1.142157793045044 and parameters: {'mlp_n_layers': 4, 'mlp_dim_00': 118, 'mlp_dim_01': 159, 'mlp_dim_02': 64, 'mlp_dim_03': 373, 'node_hidden_dim': 41, 'edge_hidden_dim': 82, 'depth': 3, 'rep_dropout': 0.08793410184392408, 'train_learning_rate': 0.00011744099260352903, 'train_lr_reduce': 0.6}. Best is trial 55 with value: 1.1414035558700562.
[I 2024-12-19 07:38:29,730] Trial 73 finished with value: 1.1420838832855225 and parameters: {'mlp_n_layers': 4, 'mlp_dim_00': 130, 'mlp_dim_01': 111, 'mlp_dim_02': 130, 'mlp_dim_03': 390, 'node_hidden_dim': 42, 'edge_hidden_dim': 41, 'depth': 3, 'rep_dropout': 0.04068379468722019, 'train_learning_rate': 0.00027156678577813786, 'train_lr_reduce': 0.6}. Best is trial 55 with value: 1.1414035558700562.
[I 2024-12-19 07:38:31,237] Trial 74 finished with value: 1.1421465873718262 and parameters: {'mlp_n_layers': 3, 'mlp_dim_00': 71, 'mlp_dim_01': 91, 'mlp_dim_02': 121, 'node_hidden_dim': 65, 'edge_hidden_dim': 77, 'depth': 3, 'rep_dropout': 0.08110288967092688, 'train_learning_rate': 0.00014712700889181623, 'train_lr_reduce': 0.6}. Best is trial 55 with value: 1.1414035558700562.
[I 2024-12-19 07:38:36,968] Trial 75 finished with value: 1.142154335975647 and parameters: {'mlp_n_layers': 4, 'mlp_dim_00': 73, 'mlp_dim_01': 83, 'mlp_dim_02': 69, 'mlp_dim_03': 357, 'node_hidden_dim': 63, 'edge_hidden_dim': 76, 'depth': 4, 'rep_dropout': 0.008402173789429241, 'train_learning_rate': 0.00022467120448402478, 'train_lr_reduce': 0.6}. Best is trial 55 with value: 1.1414035558700562.
[I 2024-12-19 07:38:38,044] Trial 76 finished with value: 1.1430189609527588 and parameters: {'mlp_n_layers': 4, 'mlp_dim_00': 250, 'mlp_dim_01': 99, 'mlp_dim_02': 67, 'mlp_dim_03': 406, 'node_hidden_dim': 90, 'edge_hidden_dim': 39, 'depth': 4, 'rep_dropout': 0.034026722253918756, 'train_learning_rate': 0.0007105282124637187, 'train_lr_reduce': 0.6}. Best is trial 55 with value: 1.1414035558700562.
[I 2024-12-19 07:38:45,582] Trial 77 finished with value: 1.1416938304901123 and parameters: {'mlp_n_layers': 4, 'mlp_dim_00': 197, 'mlp_dim_01': 145, 'mlp_dim_02': 65, 'mlp_dim_03': 74, 'node_hidden_dim': 40, 'edge_hidden_dim': 34, 'depth': 3, 'rep_dropout': 0.1589681563267809, 'train_learning_rate': 0.0001029538889221782, 'train_lr_reduce': 0.6}. Best is trial 55 with value: 1.1414035558700562.
[I 2024-12-19 07:38:48,039] Trial 78 finished with value: 1.1420841217041016 and parameters: {'mlp_n_layers': 4, 'mlp_dim_00': 158, 'mlp_dim_01': 79, 'mlp_dim_02': 133, 'mlp_dim_03': 355, 'node_hidden_dim': 42, 'edge_hidden_dim': 51, 'depth': 4, 'rep_dropout': 0.03768047622729443, 'train_learning_rate': 0.0001405773865036392, 'train_lr_reduce': 0.6}. Best is trial 55 with value: 1.1414035558700562.
[I 2024-12-19 07:38:48,893] Trial 79 finished with value: 1.1421945095062256 and parameters: {'mlp_n_layers': 4, 'mlp_dim_00': 96, 'mlp_dim_01': 146, 'mlp_dim_02': 64, 'mlp_dim_03': 433, 'node_hidden_dim': 56, 'edge_hidden_dim': 62, 'depth': 3, 'rep_dropout': 0.037418575809394165, 'train_learning_rate': 0.0001616374030797093, 'train_lr_reduce': 0.6}. Best is trial 55 with value: 1.1414035558700562.
[I 2024-12-19 07:38:55,012] Trial 80 finished with value: 1.1422202587127686 and parameters: {'mlp_n_layers': 4, 'mlp_dim_00': 208, 'mlp_dim_01': 275, 'mlp_dim_02': 64, 'mlp_dim_03': 67, 'node_hidden_dim': 35, 'edge_hidden_dim': 40, 'depth': 2, 'rep_dropout': 0.1581134013940894, 'train_learning_rate': 0.00015438221090202436, 'train_lr_reduce': 0.6}. Best is trial 55 with value: 1.1414035558700562.
[I 2024-12-19 07:38:55,901] Trial 81 finished with value: 1.1422137022018433 and parameters: {'mlp_n_layers': 3, 'mlp_dim_00': 238, 'mlp_dim_01': 115, 'mlp_dim_02': 64, 'node_hidden_dim': 62, 'edge_hidden_dim': 40, 'depth': 2, 'rep_dropout': 0.1482778577205818, 'train_learning_rate': 0.00013357652338740386, 'train_lr_reduce': 0.6}. Best is trial 55 with value: 1.1414035558700562.
[I 2024-12-19 07:39:01,204] Trial 84 finished with value: 1.141279697418213 and parameters: {'mlp_n_layers': 2, 'mlp_dim_00': 68, 'mlp_dim_01': 201, 'node_hidden_dim': 75, 'edge_hidden_dim': 47, 'depth': 3, 'rep_dropout': 0.07829207113922726, 'train_learning_rate': 0.004237097927365993, 'train_lr_reduce': 0.6}. Best is trial 84 with value: 1.141279697418213.
[I 2024-12-19 07:39:02,052] Trial 82 finished with value: 1.141960859298706 and parameters: {'mlp_n_layers': 4, 'mlp_dim_00': 209, 'mlp_dim_01': 96, 'mlp_dim_02': 134, 'mlp_dim_03': 78, 'node_hidden_dim': 41, 'edge_hidden_dim': 38, 'depth': 3, 'rep_dropout': 0.20523791990083007, 'train_learning_rate': 0.00012428465258784626, 'train_lr_reduce': 0.6}. Best is trial 84 with value: 1.141279697418213.
[I 2024-12-19 07:39:06,513] Trial 83 finished with value: 1.1418575048446655 and parameters: {'mlp_n_layers': 4, 'mlp_dim_00': 117, 'mlp_dim_01': 104, 'mlp_dim_02': 124, 'mlp_dim_03': 142, 'node_hidden_dim': 58, 'edge_hidden_dim': 61, 'depth': 3, 'rep_dropout': 0.11168897499586537, 'train_learning_rate': 0.00012924154198564123, 'train_lr_reduce': 0.6}. Best is trial 84 with value: 1.141279697418213.
[I 2024-12-19 07:39:07,973] Trial 85 finished with value: 1.1447012424468994 and parameters: {'mlp_n_layers': 2, 'mlp_dim_00': 183, 'mlp_dim_01': 213, 'node_hidden_dim': 75, 'edge_hidden_dim': 63, 'depth': 3, 'rep_dropout': 0.05726215802865257, 'train_learning_rate': 0.006582975766961806, 'train_lr_reduce': 0.6}. Best is trial 84 with value: 1.141279697418213.
[I 2024-12-19 07:39:12,867] Trial 88 finished with value: 1.1501946449279785 and parameters: {'mlp_n_layers': 2, 'mlp_dim_00': 83, 'mlp_dim_01': 131, 'node_hidden_dim': 76, 'edge_hidden_dim': 56, 'depth': 3, 'rep_dropout': 0.12671119378942325, 'train_learning_rate': 0.0028095895536301733, 'train_lr_reduce': 0.6}. Best is trial 84 with value: 1.141279697418213.
[I 2024-12-19 07:39:14,904] Trial 86 finished with value: 1.1418472528457642 and parameters: {'mlp_n_layers': 3, 'mlp_dim_00': 65, 'mlp_dim_01': 86, 'mlp_dim_02': 65, 'node_hidden_dim': 102, 'edge_hidden_dim': 37, 'depth': 4, 'rep_dropout': 0.044712492504205455, 'train_learning_rate': 0.0001081545160976043, 'train_lr_reduce': 0.6}. Best is trial 84 with value: 1.141279697418213.
[I 2024-12-19 07:39:15,224] Trial 87 finished with value: 1.1421549320220947 and parameters: {'mlp_n_layers': 4, 'mlp_dim_00': 127, 'mlp_dim_01': 140, 'mlp_dim_02': 143, 'mlp_dim_03': 107, 'node_hidden_dim': 53, 'edge_hidden_dim': 34, 'depth': 3, 'rep_dropout': 0.13316234762367435, 'train_learning_rate': 0.0002656542914788014, 'train_lr_reduce': 0.6}. Best is trial 84 with value: 1.141279697418213.
[I 2024-12-19 07:39:18,745] Trial 89 finished with value: 1.1444706916809082 and parameters: {'mlp_n_layers': 2, 'mlp_dim_00': 131, 'mlp_dim_01': 294, 'node_hidden_dim': 52, 'edge_hidden_dim': 48, 'depth': 3, 'rep_dropout': 0.05387987620400421, 'train_learning_rate': 0.004178287136780642, 'train_lr_reduce': 0.6}. Best is trial 84 with value: 1.141279697418213.
[I 2024-12-19 07:39:23,449] Trial 90 finished with value: 1.1421871185302734 and parameters: {'mlp_n_layers': 3, 'mlp_dim_00': 132, 'mlp_dim_01': 73, 'mlp_dim_02': 71, 'node_hidden_dim': 99, 'edge_hidden_dim': 46, 'depth': 4, 'rep_dropout': 0.02717964312953492, 'train_learning_rate': 0.0007814906877155597, 'train_lr_reduce': 0.6}. Best is trial 84 with value: 1.141279697418213.
[I 2024-12-19 07:39:24,082] Trial 92 finished with value: 1.142568826675415 and parameters: {'mlp_n_layers': 2, 'mlp_dim_00': 140, 'mlp_dim_01': 264, 'node_hidden_dim': 90, 'edge_hidden_dim': 39, 'depth': 3, 'rep_dropout': 0.09292553058016191, 'train_learning_rate': 0.007050218225063584, 'train_lr_reduce': 0.6}. Best is trial 84 with value: 1.141279697418213.
[I 2024-12-19 07:39:24,930] Trial 91 finished with value: 1.141818881034851 and parameters: {'mlp_n_layers': 2, 'mlp_dim_00': 119, 'mlp_dim_01': 97, 'node_hidden_dim': 59, 'edge_hidden_dim': 81, 'depth': 4, 'rep_dropout': 0.03168420313529226, 'train_learning_rate': 0.00012522704845211612, 'train_lr_reduce': 0.6}. Best is trial 84 with value: 1.141279697418213.
[I 2024-12-19 07:39:33,737] Trial 95 finished with value: 1.1417521238327026 and parameters: {'mlp_n_layers': 2, 'mlp_dim_00': 233, 'mlp_dim_01': 72, 'node_hidden_dim': 78, 'edge_hidden_dim': 92, 'depth': 4, 'rep_dropout': 0.03757280370985942, 'train_learning_rate': 0.00012829707068687672, 'train_lr_reduce': 0.6}. Best is trial 84 with value: 1.141279697418213.
[I 2024-12-19 07:39:35,207] Trial 94 finished with value: 1.1420344114303589 and parameters: {'mlp_n_layers': 3, 'mlp_dim_00': 121, 'mlp_dim_01': 102, 'mlp_dim_02': 130, 'node_hidden_dim': 123, 'edge_hidden_dim': 35, 'depth': 4, 'rep_dropout': 0.07391856415554256, 'train_learning_rate': 0.00011074868727142805, 'train_lr_reduce': 0.6}. Best is trial 84 with value: 1.141279697418213.
[I 2024-12-19 07:39:40,440] Trial 96 finished with value: 1.1422984600067139 and parameters: {'mlp_n_layers': 2, 'mlp_dim_00': 147, 'mlp_dim_01': 81, 'node_hidden_dim': 80, 'edge_hidden_dim': 100, 'depth': 4, 'rep_dropout': 0.023444868508924126, 'train_learning_rate': 0.00028069882773291857, 'train_lr_reduce': 0.6}. Best is trial 84 with value: 1.141279697418213.
[I 2024-12-19 07:39:40,463] Trial 93 finished with value: 1.141932487487793 and parameters: {'mlp_n_layers': 4, 'mlp_dim_00': 236, 'mlp_dim_01': 70, 'mlp_dim_02': 132, 'mlp_dim_03': 77, 'node_hidden_dim': 32, 'edge_hidden_dim': 44, 'depth': 3, 'rep_dropout': 0.12014577302242396, 'train_learning_rate': 0.00010245583360194643, 'train_lr_reduce': 0.6}. Best is trial 84 with value: 1.141279697418213.
[I 2024-12-19 07:39:41,634] Trial 97 finished with value: 1.1419932842254639 and parameters: {'mlp_n_layers': 2, 'mlp_dim_00': 286, 'mlp_dim_01': 72, 'node_hidden_dim': 85, 'edge_hidden_dim': 102, 'depth': 4, 'rep_dropout': 0.08255558431214924, 'train_learning_rate': 0.0001135642128703066, 'train_lr_reduce': 0.6}. Best is trial 84 with value: 1.141279697418213.
[I 2024-12-19 07:39:47,215] Trial 98 finished with value: 1.1427202224731445 and parameters: {'mlp_n_layers': 2, 'mlp_dim_00': 223, 'mlp_dim_01': 99, 'node_hidden_dim': 43, 'edge_hidden_dim': 98, 'depth': 3, 'rep_dropout': 0.002129109044177062, 'train_learning_rate': 0.0004113131550010159, 'train_lr_reduce': 0.6}. Best is trial 84 with value: 1.141279697418213.
[I 2024-12-19 07:39:49,384] Trial 100 finished with value: 1.142203450202942 and parameters: {'mlp_n_layers': 2, 'mlp_dim_00': 127, 'mlp_dim_01': 127, 'node_hidden_dim': 60, 'edge_hidden_dim': 88, 'depth': 4, 'rep_dropout': 0.0156304169313249, 'train_learning_rate': 0.00024620958063903517, 'train_lr_reduce': 0.6}. Best is trial 84 with value: 1.141279697418213.
[I 2024-12-19 07:39:50,239] Trial 99 finished with value: 1.1421172618865967 and parameters: {'mlp_n_layers': 2, 'mlp_dim_00': 284, 'mlp_dim_01': 123, 'node_hidden_dim': 58, 'edge_hidden_dim': 73, 'depth': 4, 'rep_dropout': 0.053402109938046616, 'train_learning_rate': 0.0001117935948470269, 'train_lr_reduce': 0.6}. Best is trial 84 with value: 1.141279697418213.
[I 2024-12-19 07:39:55,893] Trial 102 finished with value: 1.1427668333053589 and parameters: {'mlp_n_layers': 2, 'mlp_dim_00': 85, 'mlp_dim_01': 264, 'node_hidden_dim': 76, 'edge_hidden_dim': 56, 'depth': 4, 'rep_dropout': 0.06774436023527369, 'train_learning_rate': 0.0026788172283306777, 'train_lr_reduce': 0.6}. Best is trial 84 with value: 1.141279697418213.
[I 2024-12-19 07:39:59,222] Trial 101 finished with value: 1.1414755582809448 and parameters: {'mlp_n_layers': 3, 'mlp_dim_00': 141, 'mlp_dim_01': 175, 'mlp_dim_02': 64, 'node_hidden_dim': 70, 'edge_hidden_dim': 56, 'depth': 4, 'rep_dropout': 0.03055621019248557, 'train_learning_rate': 0.00010727348566994721, 'train_lr_reduce': 0.6}. Best is trial 84 with value: 1.141279697418213.
[I 2024-12-19 07:40:02,013] Trial 103 finished with value: 1.142293930053711 and parameters: {'mlp_n_layers': 2, 'mlp_dim_00': 92, 'mlp_dim_01': 113, 'node_hidden_dim': 38, 'edge_hidden_dim': 76, 'depth': 4, 'rep_dropout': 0.05846526930247765, 'train_learning_rate': 0.00013340587160228662, 'train_lr_reduce': 0.6}. Best is trial 84 with value: 1.141279697418213.
[I 2024-12-19 07:40:04,737] Trial 104 finished with value: 1.1416466236114502 and parameters: {'mlp_n_layers': 3, 'mlp_dim_00': 80, 'mlp_dim_01': 68, 'mlp_dim_02': 70, 'node_hidden_dim': 101, 'edge_hidden_dim': 51, 'depth': 4, 'rep_dropout': 0.027370726022606647, 'train_learning_rate': 0.0002348623578054743, 'train_lr_reduce': 0.6}. Best is trial 84 with value: 1.141279697418213.
[I 2024-12-19 07:40:07,377] Trial 105 finished with value: 1.1420550346374512 and parameters: {'mlp_n_layers': 2, 'mlp_dim_00': 177, 'mlp_dim_01': 116, 'node_hidden_dim': 86, 'edge_hidden_dim': 68, 'depth': 4, 'rep_dropout': 0.06123567555163145, 'train_learning_rate': 0.0001415352192858864, 'train_lr_reduce': 0.6}. Best is trial 84 with value: 1.141279697418213.
[I 2024-12-19 07:40:11,433] Trial 107 finished with value: 1.1430294513702393 and parameters: {'mlp_n_layers': 4, 'mlp_dim_00': 71, 'mlp_dim_01': 153, 'mlp_dim_02': 65, 'mlp_dim_03': 309, 'node_hidden_dim': 107, 'edge_hidden_dim': 81, 'depth': 4, 'rep_dropout': 0.006334387938233467, 'train_learning_rate': 0.001218016359649598, 'train_lr_reduce': 0.6}. Best is trial 84 with value: 1.141279697418213.
[I 2024-12-19 07:40:11,929] Trial 106 finished with value: 1.1422301530838013 and parameters: {'mlp_n_layers': 3, 'mlp_dim_00': 275, 'mlp_dim_01': 222, 'mlp_dim_02': 336, 'node_hidden_dim': 85, 'edge_hidden_dim': 71, 'depth': 4, 'rep_dropout': 0.026707903058698464, 'train_learning_rate': 0.00013501814536268862, 'train_lr_reduce': 0.6}. Best is trial 84 with value: 1.141279697418213.
[I 2024-12-19 07:40:14,770] Trial 108 finished with value: 1.1418700218200684 and parameters: {'mlp_n_layers': 4, 'mlp_dim_00': 103, 'mlp_dim_01': 149, 'mlp_dim_02': 132, 'mlp_dim_03': 472, 'node_hidden_dim': 86, 'edge_hidden_dim': 59, 'depth': 4, 'rep_dropout': 0.007706352386221155, 'train_learning_rate': 0.00042990425199411985, 'train_lr_reduce': 0.6}. Best is trial 84 with value: 1.141279697418213.
[I 2024-12-19 07:40:18,536] Trial 110 finished with value: 1.144267201423645 and parameters: {'mlp_n_layers': 2, 'mlp_dim_00': 93, 'mlp_dim_01': 131, 'node_hidden_dim': 61, 'edge_hidden_dim': 33, 'depth': 3, 'rep_dropout': 0.019521661600392343, 'train_learning_rate': 0.0033231846292124494, 'train_lr_reduce': 0.6}. Best is trial 84 with value: 1.141279697418213.
[I 2024-12-19 07:40:20,832] Trial 111 finished with value: 1.1421564817428589 and parameters: {'mlp_n_layers': 2, 'mlp_dim_00': 229, 'mlp_dim_01': 253, 'node_hidden_dim': 74, 'edge_hidden_dim': 37, 'depth': 3, 'rep_dropout': 0.11788203970076995, 'train_learning_rate': 0.0007511850318134504, 'train_lr_reduce': 0.6}. Best is trial 84 with value: 1.141279697418213.
[I 2024-12-19 07:40:21,549] Trial 109 finished with value: 1.1417484283447266 and parameters: {'mlp_n_layers': 3, 'mlp_dim_00': 126, 'mlp_dim_01': 295, 'mlp_dim_02': 64, 'node_hidden_dim': 78, 'edge_hidden_dim': 34, 'depth': 4, 'rep_dropout': 0.046485176855568425, 'train_learning_rate': 0.00010563350347524967, 'train_lr_reduce': 0.6}. Best is trial 84 with value: 1.141279697418213.
[I 2024-12-19 07:40:28,638] Trial 113 finished with value: 1.1422842741012573 and parameters: {'mlp_n_layers': 3, 'mlp_dim_00': 88, 'mlp_dim_01': 133, 'mlp_dim_02': 65, 'node_hidden_dim': 124, 'edge_hidden_dim': 62, 'depth': 4, 'rep_dropout': 0.025812250727849827, 'train_learning_rate': 0.0003877968371232324, 'train_lr_reduce': 0.6}. Best is trial 84 with value: 1.141279697418213.
[I 2024-12-19 07:40:30,040] Trial 112 finished with value: 1.142219066619873 and parameters: {'mlp_n_layers': 3, 'mlp_dim_00': 290, 'mlp_dim_01': 282, 'mlp_dim_02': 131, 'node_hidden_dim': 51, 'edge_hidden_dim': 35, 'depth': 4, 'rep_dropout': 0.14437095174413814, 'train_learning_rate': 0.00010413514812099844, 'train_lr_reduce': 0.6}. Best is trial 84 with value: 1.141279697418213.
