[I 2024-12-04 17:37:40,431] Trial 840 finished with value: 0.3111004074521518 and parameters: {'n_estimators': 892, 'max_depth': 6, 'learning_rate': 0.07332053230047593, 'subsample': 0.762140254147522, 'colsample_bytree': 0.7227363583381051, 'min_child_weight': 2, 'gamma': 0.0007206171157761673, 'reg_alpha': 3.102694872922061e-05, 'reg_lambda': 0.016215743180868686}. Best is trial 821 with value: 0.30830442867849367.
[I 2024-12-04 17:37:41,805] Trial 841 finished with value: 0.32346596037235853 and parameters: {'n_estimators': 876, 'max_depth': 6, 'learning_rate': 0.073034841260473, 'subsample': 0.7645584907116941, 'colsample_bytree': 0.7315953289313397, 'min_child_weight': 2, 'gamma': 0.0007198896253284493, 'reg_alpha': 3.6028955820214583e-05, 'reg_lambda': 0.015359389711627078}. Best is trial 821 with value: 0.30830442867849367.
[I 2024-12-04 17:37:43,186] Trial 842 finished with value: 0.32874036024050773 and parameters: {'n_estimators': 886, 'max_depth': 6, 'learning_rate': 0.07555256742278692, 'subsample': 0.7636717287127268, 'colsample_bytree': 0.7234794040589436, 'min_child_weight': 2, 'gamma': 0.0007882501006993045, 'reg_alpha': 5.412540524050723e-05, 'reg_lambda': 0.010647914305506817}. Best is trial 821 with value: 0.30830442867849367.
[I 2024-12-04 17:37:44,563] Trial 843 finished with value: 0.31639722993234315 and parameters: {'n_estimators': 883, 'max_depth': 6, 'learning_rate': 0.07414514079957746, 'subsample': 0.7667030134875727, 'colsample_bytree': 0.7149575322905384, 'min_child_weight': 2, 'gamma': 0.0006251236267786523, 'reg_alpha': 2.957010937994764e-05, 'reg_lambda': 0.014165881242569804}. Best is trial 821 with value: 0.30830442867849367.
[I 2024-12-04 17:37:45,951] Trial 844 finished with value: 0.31040921255000026 and parameters: {'n_estimators': 898, 'max_depth': 6, 'learning_rate': 0.07510180765110062, 'subsample': 0.7680380278897841, 'colsample_bytree': 0.7210476943282239, 'min_child_weight': 2, 'gamma': 0.00045002392991682, 'reg_alpha': 3.161876329345316e-05, 'reg_lambda': 0.01622502973555479}. Best is trial 821 with value: 0.30830442867849367.
[I 2024-12-04 17:37:47,337] Trial 845 finished with value: 0.31891570182583934 and parameters: {'n_estimators': 893, 'max_depth': 6, 'learning_rate': 0.07643260517273964, 'subsample': 0.7624165397015343, 'colsample_bytree': 0.7220744754136337, 'min_child_weight': 2, 'gamma': 0.0008320064496317892, 'reg_alpha': 4.883588501696444e-05, 'reg_lambda': 0.01058596103220769}. Best is trial 821 with value: 0.30830442867849367.
[I 2024-12-04 17:37:48,716] Trial 846 finished with value: 0.3157350145063887 and parameters: {'n_estimators': 890, 'max_depth': 6, 'learning_rate': 0.07494478626142881, 'subsample': 0.763278067407591, 'colsample_bytree': 0.7217360381062081, 'min_child_weight': 2, 'gamma': 0.0006587281874485278, 'reg_alpha': 3.5797411662995565e-05, 'reg_lambda': 0.01013752047654345}. Best is trial 821 with value: 0.30830442867849367.
[I 2024-12-04 17:37:50,160] Trial 847 finished with value: 0.31857880553089557 and parameters: {'n_estimators': 873, 'max_depth': 6, 'learning_rate': 0.07325949104807059, 'subsample': 0.7631847750897974, 'colsample_bytree': 0.7185017879090688, 'min_child_weight': 2, 'gamma': 0.0007030787922518137, 'reg_alpha': 3.850825210650676e-05, 'reg_lambda': 0.013290908287486681}. Best is trial 821 with value: 0.30830442867849367.
[I 2024-12-04 17:37:51,626] Trial 848 finished with value: 0.317782252873657 and parameters: {'n_estimators': 897, 'max_depth': 6, 'learning_rate': 0.07328018601792734, 'subsample': 0.7649321828929246, 'colsample_bytree': 0.7200064705600929, 'min_child_weight': 2, 'gamma': 0.0006952444685751989, 'reg_alpha': 2.6697029331186604e-05, 'reg_lambda': 0.018369290365439113}. Best is trial 821 with value: 0.30830442867849367.
[I 2024-12-04 17:37:53,123] Trial 849 finished with value: 0.3097441366302146 and parameters: {'n_estimators': 907, 'max_depth': 6, 'learning_rate': 0.07410471310001175, 'subsample': 0.7664975937245049, 'colsample_bytree': 0.7216601117648586, 'min_child_weight': 2, 'gamma': 0.00045981015276153086, 'reg_alpha': 3.079779017078076e-05, 'reg_lambda': 0.01548239602125086}. Best is trial 821 with value: 0.30830442867849367.
[I 2024-12-04 17:37:54,547] Trial 850 finished with value: 0.3180018363114746 and parameters: {'n_estimators': 915, 'max_depth': 6, 'learning_rate': 0.07320440700009608, 'subsample': 0.7647244404265496, 'colsample_bytree': 0.7164354281910589, 'min_child_weight': 2, 'gamma': 0.0006389426974435764, 'reg_alpha': 3.339119347454805e-05, 'reg_lambda': 0.015489991870925991}. Best is trial 821 with value: 0.30830442867849367.
[I 2024-12-04 17:37:56,007] Trial 851 finished with value: 0.3157797649850762 and parameters: {'n_estimators': 882, 'max_depth': 6, 'learning_rate': 0.07320351680073008, 'subsample': 0.7675591843534677, 'colsample_bytree': 0.7208658277742757, 'min_child_weight': 2, 'gamma': 0.0004603066389029931, 'reg_alpha': 2.3029062924349067e-05, 'reg_lambda': 0.018040194062031882}. Best is trial 821 with value: 0.30830442867849367.
[I 2024-12-04 17:37:57,422] Trial 852 finished with value: 0.31548649176289456 and parameters: {'n_estimators': 894, 'max_depth': 6, 'learning_rate': 0.07540755418559786, 'subsample': 0.7646128929513252, 'colsample_bytree': 0.7243140914988687, 'min_child_weight': 2, 'gamma': 0.00038041300974219063, 'reg_alpha': 2.746421615818699e-05, 'reg_lambda': 0.015611228393535395}. Best is trial 821 with value: 0.30830442867849367.
[I 2024-12-04 17:37:58,878] Trial 853 finished with value: 0.3105235868921014 and parameters: {'n_estimators': 888, 'max_depth': 6, 'learning_rate': 0.07511426733074673, 'subsample': 0.7629060737034731, 'colsample_bytree': 0.7247531049387849, 'min_child_weight': 2, 'gamma': 0.0004914228706131763, 'reg_alpha': 3.12323806076787e-05, 'reg_lambda': 0.01683873830773305}. Best is trial 821 with value: 0.30830442867849367.
[I 2024-12-04 17:38:00,319] Trial 854 finished with value: 0.3100052651703827 and parameters: {'n_estimators': 900, 'max_depth': 6, 'learning_rate': 0.07547861213838723, 'subsample': 0.7666093085586845, 'colsample_bytree': 0.7199644695039868, 'min_child_weight': 2, 'gamma': 0.00045976807238139585, 'reg_alpha': 2.4916867952607762e-05, 'reg_lambda': 0.013557459986228306}. Best is trial 821 with value: 0.30830442867849367.
[I 2024-12-04 17:38:01,872] Trial 855 finished with value: 0.3096178333323421 and parameters: {'n_estimators': 873, 'max_depth': 6, 'learning_rate': 0.0763083506224593, 'subsample': 0.7655942022171159, 'colsample_bytree': 0.7184212968349389, 'min_child_weight': 2, 'gamma': 0.0005940134491175871, 'reg_alpha': 5.0065327442969456e-05, 'reg_lambda': 0.015780085622845694}. Best is trial 821 with value: 0.30830442867849367.
[I 2024-12-04 17:38:03,377] Trial 856 finished with value: 0.3150487890679051 and parameters: {'n_estimators': 868, 'max_depth': 6, 'learning_rate': 0.07629881949072567, 'subsample': 0.7613832857173095, 'colsample_bytree': 0.7232389716415034, 'min_child_weight': 2, 'gamma': 0.0005316241443974928, 'reg_alpha': 3.699709298771771e-05, 'reg_lambda': 0.01777046947494453}. Best is trial 821 with value: 0.30830442867849367.
[I 2024-12-04 17:38:04,781] Trial 857 finished with value: 0.32090189480500414 and parameters: {'n_estimators': 891, 'max_depth': 6, 'learning_rate': 0.07560460578736541, 'subsample': 0.7673506933952874, 'colsample_bytree': 0.7244402398105767, 'min_child_weight': 2, 'gamma': 0.00045404535185920164, 'reg_alpha': 3.208163058218878e-05, 'reg_lambda': 0.015375595083346436}. Best is trial 821 with value: 0.30830442867849367.
[I 2024-12-04 17:38:06,225] Trial 858 finished with value: 0.3162154697623782 and parameters: {'n_estimators': 895, 'max_depth': 6, 'learning_rate': 0.0768381044178206, 'subsample': 0.7655359126647739, 'colsample_bytree': 0.7206212755752998, 'min_child_weight': 2, 'gamma': 0.0004826109347012652, 'reg_alpha': 3.960298603513057e-05, 'reg_lambda': 0.016181620488339096}. Best is trial 821 with value: 0.30830442867849367.
[I 2024-12-04 17:38:07,728] Trial 859 finished with value: 0.3203509978792219 and parameters: {'n_estimators': 906, 'max_depth': 6, 'learning_rate': 0.07434675668731969, 'subsample': 0.765956682833121, 'colsample_bytree': 0.7191075634412883, 'min_child_weight': 2, 'gamma': 0.0005279390139242397, 'reg_alpha': 3.9985839978499135e-05, 'reg_lambda': 0.015292965054540824}. Best is trial 821 with value: 0.30830442867849367.
[I 2024-12-04 17:38:09,152] Trial 860 finished with value: 0.315561205823229 and parameters: {'n_estimators': 871, 'max_depth': 6, 'learning_rate': 0.07552250637823545, 'subsample': 0.7694131271495983, 'colsample_bytree': 0.718649816762995, 'min_child_weight': 2, 'gamma': 0.000511586788271639, 'reg_alpha': 3.7087313538440144e-05, 'reg_lambda': 0.013741725527746447}. Best is trial 821 with value: 0.30830442867849367.
[I 2024-12-04 17:38:10,570] Trial 861 finished with value: 0.32559124347281404 and parameters: {'n_estimators': 912, 'max_depth': 6, 'learning_rate': 0.07955765651737588, 'subsample': 0.7676353052146795, 'colsample_bytree': 0.7139339039358854, 'min_child_weight': 2, 'gamma': 0.00034149582247974103, 'reg_alpha': 3.9993250362393253e-05, 'reg_lambda': 0.01547000263151233}. Best is trial 821 with value: 0.30830442867849367.
[I 2024-12-04 17:38:12,016] Trial 862 finished with value: 0.3147434265971185 and parameters: {'n_estimators': 899, 'max_depth': 6, 'learning_rate': 0.07413696946203825, 'subsample': 0.7627780785673863, 'colsample_bytree': 0.7207664875493986, 'min_child_weight': 2, 'gamma': 0.000551649186555863, 'reg_alpha': 2.5521850746007602e-05, 'reg_lambda': 0.011117551858567476}. Best is trial 821 with value: 0.30830442867849367.
[I 2024-12-04 17:38:13,426] Trial 863 finished with value: 0.31707751730486694 and parameters: {'n_estimators': 891, 'max_depth': 6, 'learning_rate': 0.07581925707852696, 'subsample': 0.7657073844684852, 'colsample_bytree': 0.7211003514184047, 'min_child_weight': 2, 'gamma': 0.0005194345635040484, 'reg_alpha': 3.6268495326509625e-05, 'reg_lambda': 0.015723361869063875}. Best is trial 821 with value: 0.30830442867849367.
[I 2024-12-04 17:38:14,847] Trial 864 finished with value: 0.3139283288129228 and parameters: {'n_estimators': 905, 'max_depth': 6, 'learning_rate': 0.07476229113592738, 'subsample': 0.7694722343264839, 'colsample_bytree': 0.7170653883825686, 'min_child_weight': 2, 'gamma': 0.000545704049759653, 'reg_alpha': 4.152426398308123e-05, 'reg_lambda': 0.016298643008124614}. Best is trial 821 with value: 0.30830442867849367.
[I 2024-12-04 17:38:16,323] Trial 865 finished with value: 0.3148895189119012 and parameters: {'n_estimators': 898, 'max_depth': 6, 'learning_rate': 0.07569682651155782, 'subsample': 0.7628022153456119, 'colsample_bytree': 0.7194863934261035, 'min_child_weight': 2, 'gamma': 0.0005271268331192894, 'reg_alpha': 3.2882417905181544e-05, 'reg_lambda': 0.013570956716596468}. Best is trial 821 with value: 0.30830442867849367.
[I 2024-12-04 17:38:17,800] Trial 866 finished with value: 0.3240811726564596 and parameters: {'n_estimators': 890, 'max_depth': 6, 'learning_rate': 0.07672089206441683, 'subsample': 0.7690508819962629, 'colsample_bytree': 0.71468110067422, 'min_child_weight': 2, 'gamma': 0.0003865147603669199, 'reg_alpha': 3.110476064679218e-05, 'reg_lambda': 0.01693627195492667}. Best is trial 821 with value: 0.30830442867849367.
[I 2024-12-04 17:38:19,250] Trial 867 finished with value: 0.31752164852901954 and parameters: {'n_estimators': 917, 'max_depth': 6, 'learning_rate': 0.07658100357809969, 'subsample': 0.766063378353102, 'colsample_bytree': 0.7138894170459457, 'min_child_weight': 2, 'gamma': 0.0004964960059662103, 'reg_alpha': 4.0533279342482495e-05, 'reg_lambda': 0.015982322591881117}. Best is trial 821 with value: 0.30830442867849367.
[I 2024-12-04 17:38:20,638] Trial 868 finished with value: 0.3183872974324883 and parameters: {'n_estimators': 903, 'max_depth': 6, 'learning_rate': 0.07654681894850889, 'subsample': 0.7652455803098798, 'colsample_bytree': 0.719414223379625, 'min_child_weight': 2, 'gamma': 0.0004519222164053991, 'reg_alpha': 3.635785676973035e-05, 'reg_lambda': 0.01807923348363097}. Best is trial 821 with value: 0.30830442867849367.
[I 2024-12-04 17:38:22,138] Trial 869 finished with value: 0.3122997953452325 and parameters: {'n_estimators': 878, 'max_depth': 6, 'learning_rate': 0.07400782978656228, 'subsample': 0.7676403836183835, 'colsample_bytree': 0.7180067240202399, 'min_child_weight': 2, 'gamma': 0.0005207865547228016, 'reg_alpha': 3.364330611110555e-05, 'reg_lambda': 0.014012634010289213}. Best is trial 821 with value: 0.30830442867849367.
[I 2024-12-04 17:38:23,743] Trial 870 finished with value: 0.31099039190253214 and parameters: {'n_estimators': 931, 'max_depth': 6, 'learning_rate': 0.0730381530333705, 'subsample': 0.7672675734578152, 'colsample_bytree': 0.7227111275208775, 'min_child_weight': 2, 'gamma': 0.0005327327146040191, 'reg_alpha': 3.28388087177619e-05, 'reg_lambda': 0.016353702316075164}. Best is trial 821 with value: 0.30830442867849367.
[I 2024-12-04 17:38:25,156] Trial 871 finished with value: 0.32015948115614895 and parameters: {'n_estimators': 907, 'max_depth': 6, 'learning_rate': 0.07445721946591974, 'subsample': 0.767078449463308, 'colsample_bytree': 0.7265255573965652, 'min_child_weight': 2, 'gamma': 0.0004866374113197445, 'reg_alpha': 3.398951759262068e-05, 'reg_lambda': 0.013087579982662917}. Best is trial 821 with value: 0.30830442867849367.
[I 2024-12-04 17:38:26,591] Trial 872 finished with value: 0.30954284965386514 and parameters: {'n_estimators': 909, 'max_depth': 6, 'learning_rate': 0.07298447614805612, 'subsample': 0.7692621004456424, 'colsample_bytree': 0.7170547744566446, 'min_child_weight': 2, 'gamma': 0.0006087139164344849, 'reg_alpha': 3.065327297248381e-05, 'reg_lambda': 0.015013426341486438}. Best is trial 821 with value: 0.30830442867849367.
[I 2024-12-04 17:38:28,051] Trial 873 finished with value: 0.31455597654257855 and parameters: {'n_estimators': 904, 'max_depth': 6, 'learning_rate': 0.0757460913913216, 'subsample': 0.7659167825058288, 'colsample_bytree': 0.7158313914738934, 'min_child_weight': 2, 'gamma': 0.0005123058484627802, 'reg_alpha': 4.003798196461214e-05, 'reg_lambda': 0.012215348188863865}. Best is trial 821 with value: 0.30830442867849367.
[I 2024-12-04 17:38:29,531] Trial 874 finished with value: 0.3090060732528057 and parameters: {'n_estimators': 893, 'max_depth': 6, 'learning_rate': 0.07555009812532937, 'subsample': 0.7664448128306381, 'colsample_bytree': 0.7203799159008456, 'min_child_weight': 2, 'gamma': 0.0005814219756701717, 'reg_alpha': 3.435088160801825e-05, 'reg_lambda': 0.013674906330979203}. Best is trial 821 with value: 0.30830442867849367.
[I 2024-12-04 17:38:30,954] Trial 875 finished with value: 0.3117068700849954 and parameters: {'n_estimators': 895, 'max_depth': 6, 'learning_rate': 0.07355867191364623, 'subsample': 0.7662044187346123, 'colsample_bytree': 0.7225625875041218, 'min_child_weight': 2, 'gamma': 0.0005645778062333557, 'reg_alpha': 3.3806787818623754e-05, 'reg_lambda': 0.015908781994828376}. Best is trial 821 with value: 0.30830442867849367.
[I 2024-12-04 17:38:32,450] Trial 876 finished with value: 0.31024468686987994 and parameters: {'n_estimators': 895, 'max_depth': 6, 'learning_rate': 0.07415649892909999, 'subsample': 0.7642568139915054, 'colsample_bytree': 0.7263142160257022, 'min_child_weight': 2, 'gamma': 0.0005357463941642269, 'reg_alpha': 2.9844039277752933e-05, 'reg_lambda': 0.01613562078559178}. Best is trial 821 with value: 0.30830442867849367.
[I 2024-12-04 17:38:33,879] Trial 877 finished with value: 0.31854124869261286 and parameters: {'n_estimators': 896, 'max_depth': 6, 'learning_rate': 0.07591930867959892, 'subsample': 0.765667433040486, 'colsample_bytree': 0.7179790170909548, 'min_child_weight': 2, 'gamma': 0.0005648378216973142, 'reg_alpha': 2.9790050471588474e-05, 'reg_lambda': 0.012533249409184315}. Best is trial 821 with value: 0.30830442867849367.
[I 2024-12-04 17:38:35,289] Trial 878 finished with value: 0.31323571878320866 and parameters: {'n_estimators': 885, 'max_depth': 6, 'learning_rate': 0.07492507127317122, 'subsample': 0.7672418590394997, 'colsample_bytree': 0.7171315049873306, 'min_child_weight': 2, 'gamma': 0.0005227666984930298, 'reg_alpha': 3.935253135206846e-05, 'reg_lambda': 0.012246523954141428}. Best is trial 821 with value: 0.30830442867849367.
[I 2024-12-04 17:38:36,804] Trial 879 finished with value: 0.3222229209997173 and parameters: {'n_estimators': 899, 'max_depth': 6, 'learning_rate': 0.07484327575265168, 'subsample': 0.7686167033170976, 'colsample_bytree': 0.7197676847864927, 'min_child_weight': 2, 'gamma': 0.000520992928935028, 'reg_alpha': 2.885206488402861e-05, 'reg_lambda': 0.011323801503318763}. Best is trial 821 with value: 0.30830442867849367.
[I 2024-12-04 17:38:38,241] Trial 880 finished with value: 0.3115206562347211 and parameters: {'n_estimators': 882, 'max_depth': 6, 'learning_rate': 0.07325512999488258, 'subsample': 0.7648878688260871, 'colsample_bytree': 0.7250815025250726, 'min_child_weight': 2, 'gamma': 0.0009142777536106133, 'reg_alpha': 3.735607537407382e-05, 'reg_lambda': 0.014922586754706625}. Best is trial 821 with value: 0.30830442867849367.
[I 2024-12-04 17:38:39,648] Trial 881 finished with value: 0.3146669704897833 and parameters: {'n_estimators': 900, 'max_depth': 6, 'learning_rate': 0.07217780361759667, 'subsample': 0.7694087800303062, 'colsample_bytree': 0.721234407467544, 'min_child_weight': 2, 'gamma': 0.0006664848911412875, 'reg_alpha': 3.51199307926334e-05, 'reg_lambda': 0.014608729478440073}. Best is trial 821 with value: 0.30830442867849367.
[I 2024-12-04 17:38:41,140] Trial 882 finished with value: 0.31475820324766535 and parameters: {'n_estimators': 904, 'max_depth': 6, 'learning_rate': 0.07447900000471866, 'subsample': 0.7669823284305288, 'colsample_bytree': 0.7214004986131151, 'min_child_weight': 2, 'gamma': 0.0007264134452650707, 'reg_alpha': 4.195261163373553e-05, 'reg_lambda': 0.014606667745692508}. Best is trial 821 with value: 0.30830442867849367.
[I 2024-12-04 17:38:42,563] Trial 883 finished with value: 0.3097839529759099 and parameters: {'n_estimators': 897, 'max_depth': 6, 'learning_rate': 0.07324131278799179, 'subsample': 0.7670640610210965, 'colsample_bytree': 0.7209104018504131, 'min_child_weight': 2, 'gamma': 0.0006237561516501359, 'reg_alpha': 2.7105780846986766e-05, 'reg_lambda': 0.015107185609385617}. Best is trial 821 with value: 0.30830442867849367.
[I 2024-12-04 17:38:43,963] Trial 884 finished with value: 0.31478610392023576 and parameters: {'n_estimators': 885, 'max_depth': 6, 'learning_rate': 0.07561843066294179, 'subsample': 0.7679357710056629, 'colsample_bytree': 0.7199910923542636, 'min_child_weight': 2, 'gamma': 0.0005454908143273027, 'reg_alpha': 3.953717141309047e-05, 'reg_lambda': 0.016735822193536677}. Best is trial 821 with value: 0.30830442867849367.
[I 2024-12-04 17:38:45,424] Trial 885 finished with value: 0.3165552038218884 and parameters: {'n_estimators': 906, 'max_depth': 6, 'learning_rate': 0.07420263827985171, 'subsample': 0.7660585334090381, 'colsample_bytree': 0.7195203492526825, 'min_child_weight': 2, 'gamma': 0.0006280215934772917, 'reg_alpha': 4.0990464351323146e-05, 'reg_lambda': 0.014285995343196542}. Best is trial 821 with value: 0.30830442867849367.
[I 2024-12-04 17:38:46,881] Trial 886 finished with value: 0.3234463178873825 and parameters: {'n_estimators': 889, 'max_depth': 6, 'learning_rate': 0.07502407091539777, 'subsample': 0.764147597389346, 'colsample_bytree': 0.7247003105829254, 'min_child_weight': 2, 'gamma': 0.0005585634820969376, 'reg_alpha': 3.347151515164648e-05, 'reg_lambda': 0.013861660678186621}. Best is trial 821 with value: 0.30830442867849367.
[I 2024-12-04 17:38:48,301] Trial 887 finished with value: 0.3194447039569378 and parameters: {'n_estimators': 906, 'max_depth': 6, 'learning_rate': 0.07336259539249339, 'subsample': 0.7658988654990874, 'colsample_bytree': 0.7219072989243205, 'min_child_weight': 2, 'gamma': 0.000604202583075623, 'reg_alpha': 3.059217744575318e-05, 'reg_lambda': 0.015148618413260612}. Best is trial 821 with value: 0.30830442867849367.
[I 2024-12-04 17:38:49,766] Trial 888 finished with value: 0.3170513913767827 and parameters: {'n_estimators': 877, 'max_depth': 6, 'learning_rate': 0.07519266301355816, 'subsample': 0.7673471479579506, 'colsample_bytree': 0.7231315272410358, 'min_child_weight': 2, 'gamma': 0.0005379477747594558, 'reg_alpha': 3.5915532465133885e-05, 'reg_lambda': 0.015682060949430338}. Best is trial 821 with value: 0.30830442867849367.
[I 2024-12-04 17:38:51,278] Trial 889 finished with value: 0.3160862677705798 and parameters: {'n_estimators': 881, 'max_depth': 6, 'learning_rate': 0.07128479055687337, 'subsample': 0.767664743150468, 'colsample_bytree': 0.7230056319733484, 'min_child_weight': 2, 'gamma': 0.0008109531915140331, 'reg_alpha': 3.876394868943335e-05, 'reg_lambda': 0.014703200188437926}. Best is trial 821 with value: 0.30830442867849367.
[I 2024-12-04 17:38:52,709] Trial 890 finished with value: 0.3185520676548816 and parameters: {'n_estimators': 900, 'max_depth': 6, 'learning_rate': 0.0736161028655616, 'subsample': 0.7681816270498889, 'colsample_bytree': 0.7210570383576604, 'min_child_weight': 2, 'gamma': 0.0005968938569265858, 'reg_alpha': 3.1434588760222254e-05, 'reg_lambda': 0.01546949515451758}. Best is trial 821 with value: 0.30830442867849367.
[I 2024-12-04 17:38:54,111] Trial 891 finished with value: 0.3147437002188879 and parameters: {'n_estimators': 898, 'max_depth': 6, 'learning_rate': 0.0733835986836741, 'subsample': 0.7697554098839472, 'colsample_bytree': 0.7207843103646324, 'min_child_weight': 2, 'gamma': 0.0007190220123736826, 'reg_alpha': 3.8528483103974876e-05, 'reg_lambda': 0.01266839145750291}. Best is trial 821 with value: 0.30830442867849367.
