[I 2024-12-19 18:33:50,926] Trial 443 finished with value: 1.6683629751205444 and parameters: {'mlp_n_layers': 4, 'mlp_dim_00': 509, 'mlp_dim_01': 297, 'mlp_dim_02': 251, 'mlp_dim_03': 470, 'node_hidden_dim': 107, 'edge_hidden_dim': 77, 'depth': 1, 'rep_dropout': 0.10785720043011676, 'train_learning_rate': 0.0005847272214029655, 'train_lr_reduce': 0.6}. Best is trial 122 with value: 0.09548358619213104.
[I 2024-12-19 18:33:52,921] Trial 441 finished with value: 0.1202084869146347 and parameters: {'mlp_n_layers': 4, 'mlp_dim_00': 340, 'mlp_dim_01': 325, 'mlp_dim_02': 221, 'mlp_dim_03': 423, 'node_hidden_dim': 87, 'edge_hidden_dim': 36, 'depth': 1, 'rep_dropout': 0.05593601308456733, 'train_learning_rate': 0.0008194611570734374, 'train_lr_reduce': 0.6}. Best is trial 122 with value: 0.09548358619213104.
[I 2024-12-19 18:33:55,679] Trial 444 finished with value: 1.6233797073364258 and parameters: {'mlp_n_layers': 1, 'mlp_dim_00': 143, 'node_hidden_dim': 64, 'edge_hidden_dim': 102, 'depth': 4, 'rep_dropout': 0.08735163835149166, 'train_learning_rate': 0.002837919088416618, 'train_lr_reduce': 0.6}. Best is trial 122 with value: 0.09548358619213104.
[I 2024-12-19 18:33:57,279] Trial 446 finished with value: 1.6696174144744873 and parameters: {'mlp_n_layers': 3, 'mlp_dim_00': 481, 'mlp_dim_01': 351, 'mlp_dim_02': 261, 'node_hidden_dim': 69, 'edge_hidden_dim': 73, 'depth': 1, 'rep_dropout': 0.08601784805618234, 'train_learning_rate': 0.0004713071386899593, 'train_lr_reduce': 0.6}. Best is trial 122 with value: 0.09548358619213104.
[I 2024-12-19 18:34:34,675] Trial 445 finished with value: 0.11837849766016006 and parameters: {'mlp_n_layers': 4, 'mlp_dim_00': 442, 'mlp_dim_01': 324, 'mlp_dim_02': 240, 'mlp_dim_03': 511, 'node_hidden_dim': 114, 'edge_hidden_dim': 109, 'depth': 1, 'rep_dropout': 0.09870892199144866, 'train_learning_rate': 0.0017351760031924126, 'train_lr_reduce': 0.6}. Best is trial 122 with value: 0.09548358619213104.
[I 2024-12-19 18:34:42,552] Trial 448 finished with value: 0.12407302111387253 and parameters: {'mlp_n_layers': 3, 'mlp_dim_00': 510, 'mlp_dim_01': 362, 'mlp_dim_02': 242, 'node_hidden_dim': 120, 'edge_hidden_dim': 79, 'depth': 2, 'rep_dropout': 0.11941102422082366, 'train_learning_rate': 0.000498580866236682, 'train_lr_reduce': 0.6}. Best is trial 122 with value: 0.09548358619213104.
[I 2024-12-19 18:34:44,446] Trial 447 finished with value: 0.11467376351356506 and parameters: {'mlp_n_layers': 4, 'mlp_dim_00': 456, 'mlp_dim_01': 348, 'mlp_dim_02': 270, 'mlp_dim_03': 424, 'node_hidden_dim': 119, 'edge_hidden_dim': 68, 'depth': 1, 'rep_dropout': 0.10615573746167589, 'train_learning_rate': 0.0003948368348308303, 'train_lr_reduce': 0.6}. Best is trial 122 with value: 0.09548358619213104.
[I 2024-12-19 18:34:48,091] Trial 450 finished with value: 1.6378253698349 and parameters: {'mlp_n_layers': 1, 'mlp_dim_00': 305, 'node_hidden_dim': 34, 'edge_hidden_dim': 106, 'depth': 4, 'rep_dropout': 0.07578189749858442, 'train_learning_rate': 0.0005007598633458017, 'train_lr_reduce': 0.6}. Best is trial 122 with value: 0.09548358619213104.
[I 2024-12-19 18:34:49,280] Trial 451 finished with value: 1.5952056646347046 and parameters: {'mlp_n_layers': 3, 'mlp_dim_00': 277, 'mlp_dim_01': 381, 'mlp_dim_02': 200, 'node_hidden_dim': 33, 'edge_hidden_dim': 49, 'depth': 1, 'rep_dropout': 0.14935333950864957, 'train_learning_rate': 0.008328406041308384, 'train_lr_reduce': 0.6}. Best is trial 122 with value: 0.09548358619213104.
[I 2024-12-19 18:34:49,678] Trial 449 finished with value: 0.4266722798347473 and parameters: {'mlp_n_layers': 4, 'mlp_dim_00': 422, 'mlp_dim_01': 346, 'mlp_dim_02': 263, 'mlp_dim_03': 466, 'node_hidden_dim': 118, 'edge_hidden_dim': 80, 'depth': 1, 'rep_dropout': 0.10573797842598996, 'train_learning_rate': 0.0013662699555960633, 'train_lr_reduce': 0.6}. Best is trial 122 with value: 0.09548358619213104.
[I 2024-12-19 18:34:52,152] Trial 452 finished with value: 1.637654185295105 and parameters: {'mlp_n_layers': 1, 'mlp_dim_00': 76, 'node_hidden_dim': 52, 'edge_hidden_dim': 73, 'depth': 1, 'rep_dropout': 0.10213206009161116, 'train_learning_rate': 0.000328116170485359, 'train_lr_reduce': 0.6}. Best is trial 122 with value: 0.09548358619213104.
[I 2024-12-19 18:35:09,683] Trial 453 finished with value: 0.2911680340766907 and parameters: {'mlp_n_layers': 3, 'mlp_dim_00': 503, 'mlp_dim_01': 384, 'mlp_dim_02': 259, 'node_hidden_dim': 109, 'edge_hidden_dim': 65, 'depth': 1, 'rep_dropout': 0.10836716214270221, 'train_learning_rate': 0.002369061990751207, 'train_lr_reduce': 0.6}. Best is trial 122 with value: 0.09548358619213104.
[I 2024-12-19 18:35:14,738] Trial 456 finished with value: 1.6669366359710693 and parameters: {'mlp_n_layers': 3, 'mlp_dim_00': 408, 'mlp_dim_01': 507, 'mlp_dim_02': 285, 'node_hidden_dim': 97, 'edge_hidden_dim': 72, 'depth': 1, 'rep_dropout': 0.06863432801237208, 'train_learning_rate': 0.0004075779074844155, 'train_lr_reduce': 0.6}. Best is trial 122 with value: 0.09548358619213104.
[I 2024-12-19 18:35:21,140] Trial 455 finished with value: 0.2496311068534851 and parameters: {'mlp_n_layers': 4, 'mlp_dim_00': 347, 'mlp_dim_01': 404, 'mlp_dim_02': 187, 'mlp_dim_03': 469, 'node_hidden_dim': 121, 'edge_hidden_dim': 109, 'depth': 3, 'rep_dropout': 0.099696299335707, 'train_learning_rate': 0.006374292381647091, 'train_lr_reduce': 0.6}. Best is trial 122 with value: 0.09548358619213104.
[I 2024-12-19 18:35:21,444] Trial 457 finished with value: 1.626227617263794 and parameters: {'mlp_n_layers': 4, 'mlp_dim_00': 354, 'mlp_dim_01': 428, 'mlp_dim_02': 206, 'mlp_dim_03': 408, 'node_hidden_dim': 34, 'edge_hidden_dim': 115, 'depth': 4, 'rep_dropout': 0.14046278135664975, 'train_learning_rate': 0.008589173018478858, 'train_lr_reduce': 0.6}. Best is trial 122 with value: 0.09548358619213104.
[I 2024-12-19 18:35:31,708] Trial 454 finished with value: 0.14244040846824646 and parameters: {'mlp_n_layers': 4, 'mlp_dim_00': 464, 'mlp_dim_01': 325, 'mlp_dim_02': 133, 'mlp_dim_03': 415, 'node_hidden_dim': 105, 'edge_hidden_dim': 105, 'depth': 1, 'rep_dropout': 0.08361844834823906, 'train_learning_rate': 0.0004215107781561581, 'train_lr_reduce': 0.6}. Best is trial 122 with value: 0.09548358619213104.
[I 2024-12-19 18:35:48,465] Trial 458 finished with value: 0.19311009347438812 and parameters: {'mlp_n_layers': 4, 'mlp_dim_00': 496, 'mlp_dim_01': 475, 'mlp_dim_02': 107, 'mlp_dim_03': 465, 'node_hidden_dim': 102, 'edge_hidden_dim': 38, 'depth': 2, 'rep_dropout': 0.08948569052925531, 'train_learning_rate': 0.0007970067871779994, 'train_lr_reduce': 0.6}. Best is trial 122 with value: 0.09548358619213104.
[I 2024-12-19 18:35:57,889] Trial 461 finished with value: 1.3626433610916138 and parameters: {'mlp_n_layers': 4, 'mlp_dim_00': 236, 'mlp_dim_01': 434, 'mlp_dim_02': 281, 'mlp_dim_03': 465, 'node_hidden_dim': 120, 'edge_hidden_dim': 103, 'depth': 2, 'rep_dropout': 0.1406674685436632, 'train_learning_rate': 0.0008294158200653697, 'train_lr_reduce': 0.6}. Best is trial 122 with value: 0.09548358619213104.
[I 2024-12-19 18:36:02,526] Trial 459 finished with value: 0.11840657889842987 and parameters: {'mlp_n_layers': 4, 'mlp_dim_00': 457, 'mlp_dim_01': 383, 'mlp_dim_02': 109, 'mlp_dim_03': 510, 'node_hidden_dim': 104, 'edge_hidden_dim': 105, 'depth': 1, 'rep_dropout': 0.13289249606498785, 'train_learning_rate': 0.00050364986051107, 'train_lr_reduce': 0.6}. Best is trial 122 with value: 0.09548358619213104.
[I 2024-12-19 18:36:03,134] Trial 462 finished with value: 1.6552305221557617 and parameters: {'mlp_n_layers': 2, 'mlp_dim_00': 434, 'mlp_dim_01': 323, 'node_hidden_dim': 89, 'edge_hidden_dim': 71, 'depth': 1, 'rep_dropout': 0.09647590793976954, 'train_learning_rate': 0.0005267005816028, 'train_lr_reduce': 0.6}. Best is trial 122 with value: 0.09548358619213104.
[I 2024-12-19 18:36:07,672] Trial 463 finished with value: 1.6732797622680664 and parameters: {'mlp_n_layers': 4, 'mlp_dim_00': 312, 'mlp_dim_01': 462, 'mlp_dim_02': 219, 'mlp_dim_03': 413, 'node_hidden_dim': 60, 'edge_hidden_dim': 50, 'depth': 2, 'rep_dropout': 0.016706517250800766, 'train_learning_rate': 0.0005352581671703343, 'train_lr_reduce': 0.6}. Best is trial 122 with value: 0.09548358619213104.
[I 2024-12-19 18:36:08,116] Trial 464 finished with value: 1.647634744644165 and parameters: {'mlp_n_layers': 3, 'mlp_dim_00': 110, 'mlp_dim_01': 422, 'mlp_dim_02': 102, 'node_hidden_dim': 38, 'edge_hidden_dim': 52, 'depth': 2, 'rep_dropout': 0.11370524470237978, 'train_learning_rate': 0.0012056716612315768, 'train_lr_reduce': 0.6}. Best is trial 122 with value: 0.09548358619213104.
[I 2024-12-19 18:36:13,314] Trial 466 finished with value: 1.6586610078811646 and parameters: {'mlp_n_layers': 3, 'mlp_dim_00': 459, 'mlp_dim_01': 363, 'mlp_dim_02': 289, 'node_hidden_dim': 85, 'edge_hidden_dim': 68, 'depth': 1, 'rep_dropout': 0.10914336707445296, 'train_learning_rate': 0.0005684204692076814, 'train_lr_reduce': 0.6}. Best is trial 122 with value: 0.09548358619213104.
[I 2024-12-19 18:36:20,389] Trial 460 finished with value: 0.6031948328018188 and parameters: {'mlp_n_layers': 4, 'mlp_dim_00': 467, 'mlp_dim_01': 510, 'mlp_dim_02': 146, 'mlp_dim_03': 409, 'node_hidden_dim': 119, 'edge_hidden_dim': 91, 'depth': 1, 'rep_dropout': 0.11584503563725489, 'train_learning_rate': 0.0003150877347575837, 'train_lr_reduce': 0.6}. Best is trial 122 with value: 0.09548358619213104.
[I 2024-12-19 18:36:20,720] Trial 467 finished with value: 1.6642892360687256 and parameters: {'mlp_n_layers': 3, 'mlp_dim_00': 342, 'mlp_dim_01': 474, 'mlp_dim_02': 64, 'node_hidden_dim': 120, 'edge_hidden_dim': 75, 'depth': 2, 'rep_dropout': 0.09920588633648753, 'train_learning_rate': 0.0003038075106260159, 'train_lr_reduce': 0.6}. Best is trial 122 with value: 0.09548358619213104.
[I 2024-12-19 18:36:25,541] Trial 468 finished with value: 1.683894157409668 and parameters: {'mlp_n_layers': 4, 'mlp_dim_00': 497, 'mlp_dim_01': 414, 'mlp_dim_02': 221, 'mlp_dim_03': 510, 'node_hidden_dim': 44, 'edge_hidden_dim': 34, 'depth': 2, 'rep_dropout': 0.10114088112559032, 'train_learning_rate': 0.00029211788078005707, 'train_lr_reduce': 0.6}. Best is trial 122 with value: 0.09548358619213104.
[I 2024-12-19 18:36:25,835] Trial 469 finished with value: 1.6792927980422974 and parameters: {'mlp_n_layers': 4, 'mlp_dim_00': 459, 'mlp_dim_01': 511, 'mlp_dim_02': 153, 'mlp_dim_03': 393, 'node_hidden_dim': 75, 'edge_hidden_dim': 51, 'depth': 1, 'rep_dropout': 0.11503167332578638, 'train_learning_rate': 0.00031597007956838156, 'train_lr_reduce': 0.6}. Best is trial 122 with value: 0.09548358619213104.
[I 2024-12-19 18:36:55,292] Trial 465 finished with value: 0.138234943151474 and parameters: {'mlp_n_layers': 4, 'mlp_dim_00': 485, 'mlp_dim_01': 465, 'mlp_dim_02': 162, 'mlp_dim_03': 468, 'node_hidden_dim': 121, 'edge_hidden_dim': 71, 'depth': 1, 'rep_dropout': 0.10203968390834711, 'train_learning_rate': 0.00017056975248697873, 'train_lr_reduce': 0.6}. Best is trial 122 with value: 0.09548358619213104.
[I 2024-12-19 18:37:00,003] Trial 472 finished with value: 1.6713178157806396 and parameters: {'mlp_n_layers': 1, 'mlp_dim_00': 155, 'node_hidden_dim': 50, 'edge_hidden_dim': 58, 'depth': 4, 'rep_dropout': 0.02932314577647511, 'train_learning_rate': 0.00030321836435261086, 'train_lr_reduce': 0.6}. Best is trial 122 with value: 0.09548358619213104.
[I 2024-12-19 18:37:01,706] Trial 470 finished with value: 0.14104406535625458 and parameters: {'mlp_n_layers': 3, 'mlp_dim_00': 376, 'mlp_dim_01': 431, 'mlp_dim_02': 296, 'node_hidden_dim': 127, 'edge_hidden_dim': 56, 'depth': 1, 'rep_dropout': 0.08983656678325477, 'train_learning_rate': 0.0004298234488369507, 'train_lr_reduce': 0.6}. Best is trial 122 with value: 0.09548358619213104.
[I 2024-12-19 18:37:06,751] Trial 471 finished with value: 0.11211245507001877 and parameters: {'mlp_n_layers': 3, 'mlp_dim_00': 456, 'mlp_dim_01': 477, 'mlp_dim_02': 112, 'node_hidden_dim': 79, 'edge_hidden_dim': 55, 'depth': 1, 'rep_dropout': 0.10676372287386603, 'train_learning_rate': 0.0005765412991479126, 'train_lr_reduce': 0.6}. Best is trial 122 with value: 0.09548358619213104.
[I 2024-12-19 18:37:08,524] Trial 474 finished with value: 1.2337052822113037 and parameters: {'mlp_n_layers': 4, 'mlp_dim_00': 307, 'mlp_dim_01': 391, 'mlp_dim_02': 456, 'mlp_dim_03': 449, 'node_hidden_dim': 110, 'edge_hidden_dim': 89, 'depth': 1, 'rep_dropout': 0.10140348443365747, 'train_learning_rate': 0.0027108125010760257, 'train_lr_reduce': 0.6}. Best is trial 122 with value: 0.09548358619213104.
[I 2024-12-19 18:37:12,032] Trial 475 finished with value: 1.665435791015625 and parameters: {'mlp_n_layers': 3, 'mlp_dim_00': 393, 'mlp_dim_01': 471, 'mlp_dim_02': 183, 'node_hidden_dim': 81, 'edge_hidden_dim': 46, 'depth': 2, 'rep_dropout': 0.08610861761357387, 'train_learning_rate': 0.0009363723222472485, 'train_lr_reduce': 0.6}. Best is trial 122 with value: 0.09548358619213104.
[I 2024-12-19 18:37:17,329] Trial 477 finished with value: 1.6821796894073486 and parameters: {'mlp_n_layers': 3, 'mlp_dim_00': 360, 'mlp_dim_01': 480, 'mlp_dim_02': 433, 'node_hidden_dim': 72, 'edge_hidden_dim': 61, 'depth': 1, 'rep_dropout': 0.08145075869484228, 'train_learning_rate': 0.00030239679327041655, 'train_lr_reduce': 0.6}. Best is trial 122 with value: 0.09548358619213104.
[I 2024-12-19 18:37:18,309] Trial 473 finished with value: 0.2723802924156189 and parameters: {'mlp_n_layers': 4, 'mlp_dim_00': 496, 'mlp_dim_01': 321, 'mlp_dim_02': 327, 'mlp_dim_03': 212, 'node_hidden_dim': 108, 'edge_hidden_dim': 51, 'depth': 1, 'rep_dropout': 0.10972421794170156, 'train_learning_rate': 0.0010934915613699343, 'train_lr_reduce': 0.6}. Best is trial 122 with value: 0.09548358619213104.
[I 2024-12-19 18:37:22,750] Trial 479 finished with value: 1.6418676376342773 and parameters: {'mlp_n_layers': 4, 'mlp_dim_00': 358, 'mlp_dim_01': 372, 'mlp_dim_02': 338, 'mlp_dim_03': 408, 'node_hidden_dim': 113, 'edge_hidden_dim': 95, 'depth': 2, 'rep_dropout': 0.08548764817003325, 'train_learning_rate': 0.001286320742816566, 'train_lr_reduce': 0.6}. Best is trial 122 with value: 0.09548358619213104.
[I 2024-12-19 18:37:40,672] Trial 480 finished with value: 1.2513978481292725 and parameters: {'mlp_n_layers': 4, 'mlp_dim_00': 479, 'mlp_dim_01': 426, 'mlp_dim_02': 164, 'mlp_dim_03': 512, 'node_hidden_dim': 68, 'edge_hidden_dim': 81, 'depth': 2, 'rep_dropout': 0.12813095502450103, 'train_learning_rate': 0.0007236793756713179, 'train_lr_reduce': 0.6}. Best is trial 122 with value: 0.09548358619213104.
[I 2024-12-19 18:37:53,056] Trial 476 finished with value: 0.11854566633701324 and parameters: {'mlp_n_layers': 4, 'mlp_dim_00': 449, 'mlp_dim_01': 431, 'mlp_dim_02': 89, 'mlp_dim_03': 464, 'node_hidden_dim': 81, 'edge_hidden_dim': 57, 'depth': 1, 'rep_dropout': 0.10843670330702783, 'train_learning_rate': 0.0009688435392871772, 'train_lr_reduce': 0.6}. Best is trial 122 with value: 0.09548358619213104.
[I 2024-12-19 18:38:03,073] Trial 478 finished with value: 0.12468353658914566 and parameters: {'mlp_n_layers': 3, 'mlp_dim_00': 375, 'mlp_dim_01': 511, 'mlp_dim_02': 246, 'node_hidden_dim': 108, 'edge_hidden_dim': 66, 'depth': 1, 'rep_dropout': 0.09935394897375441, 'train_learning_rate': 0.0005541792690058008, 'train_lr_reduce': 0.6}. Best is trial 122 with value: 0.09548358619213104.
[I 2024-12-19 18:38:23,093] Trial 481 finished with value: 0.14556793868541718 and parameters: {'mlp_n_layers': 3, 'mlp_dim_00': 498, 'mlp_dim_01': 299, 'mlp_dim_02': 283, 'node_hidden_dim': 101, 'edge_hidden_dim': 63, 'depth': 1, 'rep_dropout': 0.1366356316954623, 'train_learning_rate': 0.0018831086290148384, 'train_lr_reduce': 0.6}. Best is trial 122 with value: 0.09548358619213104.
[I 2024-12-19 18:38:26,901] Trial 482 finished with value: 0.18425330519676208 and parameters: {'mlp_n_layers': 4, 'mlp_dim_00': 426, 'mlp_dim_01': 512, 'mlp_dim_02': 423, 'mlp_dim_03': 431, 'node_hidden_dim': 122, 'edge_hidden_dim': 105, 'depth': 2, 'rep_dropout': 0.12312070656911021, 'train_learning_rate': 0.0011259301215969162, 'train_lr_reduce': 0.6}. Best is trial 122 with value: 0.09548358619213104.
[I 2024-12-19 18:38:30,015] Trial 484 finished with value: 1.4154860973358154 and parameters: {'mlp_n_layers': 4, 'mlp_dim_00': 201, 'mlp_dim_01': 197, 'mlp_dim_02': 127, 'mlp_dim_03': 468, 'node_hidden_dim': 40, 'edge_hidden_dim': 91, 'depth': 2, 'rep_dropout': 0.11821147472203401, 'train_learning_rate': 0.0029728543303219105, 'train_lr_reduce': 0.6}. Best is trial 122 with value: 0.09548358619213104.
[I 2024-12-19 18:38:32,654] Trial 483 finished with value: 0.11034998297691345 and parameters: {'mlp_n_layers': 4, 'mlp_dim_00': 443, 'mlp_dim_01': 464, 'mlp_dim_02': 66, 'mlp_dim_03': 375, 'node_hidden_dim': 87, 'edge_hidden_dim': 80, 'depth': 1, 'rep_dropout': 0.1318453724430068, 'train_learning_rate': 0.0007325497699779332, 'train_lr_reduce': 0.6}. Best is trial 122 with value: 0.09548358619213104.
[I 2024-12-19 18:38:34,645] Trial 486 finished with value: 1.61995530128479 and parameters: {'mlp_n_layers': 4, 'mlp_dim_00': 124, 'mlp_dim_01': 444, 'mlp_dim_02': 198, 'mlp_dim_03': 511, 'node_hidden_dim': 36, 'edge_hidden_dim': 50, 'depth': 1, 'rep_dropout': 0.1228796910457838, 'train_learning_rate': 0.002634199267178636, 'train_lr_reduce': 0.6}. Best is trial 122 with value: 0.09548358619213104.
[I 2024-12-19 18:38:39,337] Trial 488 finished with value: 1.665961742401123 and parameters: {'mlp_n_layers': 3, 'mlp_dim_00': 406, 'mlp_dim_01': 348, 'mlp_dim_02': 323, 'node_hidden_dim': 86, 'edge_hidden_dim': 74, 'depth': 1, 'rep_dropout': 0.13168450739282345, 'train_learning_rate': 0.00018190918531667746, 'train_lr_reduce': 0.6}. Best is trial 122 with value: 0.09548358619213104.
[I 2024-12-19 18:38:55,797] Trial 487 finished with value: 0.16935408115386963 and parameters: {'mlp_n_layers': 4, 'mlp_dim_00': 309, 'mlp_dim_01': 465, 'mlp_dim_02': 463, 'mlp_dim_03': 422, 'node_hidden_dim': 106, 'edge_hidden_dim': 98, 'depth': 1, 'rep_dropout': 0.11766378541336373, 'train_learning_rate': 0.0008173018882948683, 'train_lr_reduce': 0.6}. Best is trial 122 with value: 0.09548358619213104.
[I 2024-12-19 18:38:59,921] Trial 489 finished with value: 0.23625709116458893 and parameters: {'mlp_n_layers': 4, 'mlp_dim_00': 409, 'mlp_dim_01': 417, 'mlp_dim_02': 144, 'mlp_dim_03': 384, 'node_hidden_dim': 98, 'edge_hidden_dim': 41, 'depth': 1, 'rep_dropout': 0.08991561143972789, 'train_learning_rate': 0.000850774938209757, 'train_lr_reduce': 0.6}. Best is trial 122 with value: 0.09548358619213104.
[I 2024-12-19 18:39:02,483] Trial 490 finished with value: 1.5672944784164429 and parameters: {'mlp_n_layers': 1, 'mlp_dim_00': 270, 'node_hidden_dim': 123, 'edge_hidden_dim': 99, 'depth': 4, 'rep_dropout': 0.10709966187892583, 'train_learning_rate': 0.004947608920537731, 'train_lr_reduce': 0.6}. Best is trial 122 with value: 0.09548358619213104.
[I 2024-12-19 18:39:08,487] Trial 485 finished with value: 0.10905684530735016 and parameters: {'mlp_n_layers': 4, 'mlp_dim_00': 504, 'mlp_dim_01': 376, 'mlp_dim_02': 368, 'mlp_dim_03': 459, 'node_hidden_dim': 61, 'edge_hidden_dim': 45, 'depth': 1, 'rep_dropout': 0.1476190644696015, 'train_learning_rate': 0.0021502181084990975, 'train_lr_reduce': 0.6}. Best is trial 122 with value: 0.09548358619213104.
[I 2024-12-19 18:39:13,782] Trial 493 finished with value: 1.587451457977295 and parameters: {'mlp_n_layers': 1, 'mlp_dim_00': 355, 'node_hidden_dim': 107, 'edge_hidden_dim': 43, 'depth': 3, 'rep_dropout': 0.08033226976019454, 'train_learning_rate': 0.0006422704314096324, 'train_lr_reduce': 0.6}. Best is trial 122 with value: 0.09548358619213104.
[I 2024-12-19 18:39:23,010] Trial 492 finished with value: 0.3386828601360321 and parameters: {'mlp_n_layers': 3, 'mlp_dim_00': 398, 'mlp_dim_01': 462, 'mlp_dim_02': 107, 'node_hidden_dim': 127, 'edge_hidden_dim': 111, 'depth': 1, 'rep_dropout': 0.09038120228848531, 'train_learning_rate': 0.0006977533063522921, 'train_lr_reduce': 0.6}. Best is trial 122 with value: 0.09548358619213104.
[I 2024-12-19 18:39:42,598] Trial 491 finished with value: 0.10416711121797562 and parameters: {'mlp_n_layers': 4, 'mlp_dim_00': 509, 'mlp_dim_01': 511, 'mlp_dim_02': 267, 'mlp_dim_03': 463, 'node_hidden_dim': 89, 'edge_hidden_dim': 45, 'depth': 1, 'rep_dropout': 0.09093562915165923, 'train_learning_rate': 0.0006205858517119137, 'train_lr_reduce': 0.6}. Best is trial 122 with value: 0.09548358619213104.
[I 2024-12-19 18:39:48,979] Trial 496 finished with value: 1.6797003746032715 and parameters: {'mlp_n_layers': 3, 'mlp_dim_00': 419, 'mlp_dim_01': 509, 'mlp_dim_02': 249, 'node_hidden_dim': 35, 'edge_hidden_dim': 39, 'depth': 1, 'rep_dropout': 0.13843010521438412, 'train_learning_rate': 0.0003690878962870825, 'train_lr_reduce': 0.6}. Best is trial 122 with value: 0.09548358619213104.
[I 2024-12-19 18:39:53,714] Trial 497 finished with value: 1.6815346479415894 and parameters: {'mlp_n_layers': 3, 'mlp_dim_00': 490, 'mlp_dim_01': 503, 'mlp_dim_02': 250, 'node_hidden_dim': 87, 'edge_hidden_dim': 61, 'depth': 1, 'rep_dropout': 0.07241860504386313, 'train_learning_rate': 0.0001617754018416094, 'train_lr_reduce': 0.6}. Best is trial 122 with value: 0.09548358619213104.
[I 2024-12-19 18:39:59,173] Trial 498 finished with value: 1.6653966903686523 and parameters: {'mlp_n_layers': 4, 'mlp_dim_00': 479, 'mlp_dim_01': 509, 'mlp_dim_02': 278, 'mlp_dim_03': 509, 'node_hidden_dim': 83, 'edge_hidden_dim': 47, 'depth': 1, 'rep_dropout': 0.08241763796679649, 'train_learning_rate': 0.0004940659357249242, 'train_lr_reduce': 0.6}. Best is trial 122 with value: 0.09548358619213104.
