[I 2024-12-15 23:33:51,826] Trial 1104 finished with value: 0.11645541340112686 and parameters: {'mlp_n_layers': 2, 'mlp_dim_00': 256, 'mlp_dim_01': 240, 'hidden_channels': 96, 'num_layers': 3, 'num_timesteps': 2, 'dropout': 0.1573160697509317, 'train_learning_rate': 0.009274801900469806, 'train_lr_reduce': 0.6}. Best is trial 130 with value: 0.0812772810459137.
[I 2024-12-15 23:34:01,314] Trial 1106 finished with value: 0.09875813126564026 and parameters: {'mlp_n_layers': 3, 'mlp_dim_00': 240, 'mlp_dim_01': 224, 'mlp_dim_02': 128, 'hidden_channels': 32, 'num_layers': 2, 'num_timesteps': 4, 'dropout': 0.2658406996832522, 'train_learning_rate': 0.004350035526518731, 'train_lr_reduce': 0.6}. Best is trial 130 with value: 0.0812772810459137.
[I 2024-12-15 23:34:07,607] Trial 1108 finished with value: 0.10374768078327179 and parameters: {'mlp_n_layers': 2, 'mlp_dim_00': 208, 'mlp_dim_01': 224, 'hidden_channels': 96, 'num_layers': 3, 'num_timesteps': 3, 'dropout': 0.22033511719115684, 'train_learning_rate': 0.008631924183361046, 'train_lr_reduce': 0.6}. Best is trial 130 with value: 0.0812772810459137.
[I 2024-12-15 23:34:09,019] Trial 1107 finished with value: 0.1469929814338684 and parameters: {'mlp_n_layers': 3, 'mlp_dim_00': 64, 'mlp_dim_01': 176, 'mlp_dim_02': 96, 'hidden_channels': 160, 'num_layers': 1, 'num_timesteps': 1, 'dropout': 0.1704967709721503, 'train_learning_rate': 0.0007042296803675548, 'train_lr_reduce': 0.6}. Best is trial 130 with value: 0.0812772810459137.
[I 2024-12-15 23:34:09,022] Trial 1109 finished with value: 0.11370295286178589 and parameters: {'mlp_n_layers': 2, 'mlp_dim_00': 208, 'mlp_dim_01': 176, 'hidden_channels': 144, 'num_layers': 1, 'num_timesteps': 3, 'dropout': 0.24569120629040228, 'train_learning_rate': 0.004943245936989484, 'train_lr_reduce': 0.6}. Best is trial 130 with value: 0.0812772810459137.
[I 2024-12-15 23:34:27,403] Trial 1110 finished with value: 0.14760364592075348 and parameters: {'mlp_n_layers': 2, 'mlp_dim_00': 64, 'mlp_dim_01': 176, 'hidden_channels': 144, 'num_layers': 3, 'num_timesteps': 4, 'dropout': 0.0224027732788534, 'train_learning_rate': 0.0014819797526325353, 'train_lr_reduce': 0.6}. Best is trial 130 with value: 0.0812772810459137.
[I 2024-12-15 23:34:27,975] Trial 1111 finished with value: 0.11965137720108032 and parameters: {'mlp_n_layers': 3, 'mlp_dim_00': 240, 'mlp_dim_01': 176, 'mlp_dim_02': 160, 'hidden_channels': 32, 'num_layers': 2, 'num_timesteps': 3, 'dropout': 0.25288118308619884, 'train_learning_rate': 0.006682139791141433, 'train_lr_reduce': 0.6}. Best is trial 130 with value: 0.0812772810459137.
[I 2024-12-15 23:34:32,749] Trial 1112 finished with value: 0.14212939143180847 and parameters: {'mlp_n_layers': 2, 'mlp_dim_00': 144, 'mlp_dim_01': 192, 'hidden_channels': 208, 'num_layers': 4, 'num_timesteps': 3, 'dropout': 0.18343162351437342, 'train_learning_rate': 0.0018012166184574931, 'train_lr_reduce': 0.6}. Best is trial 130 with value: 0.0812772810459137.
[I 2024-12-15 23:34:43,927] Trial 1113 finished with value: 0.11101274937391281 and parameters: {'mlp_n_layers': 2, 'mlp_dim_00': 128, 'mlp_dim_01': 256, 'hidden_channels': 32, 'num_layers': 2, 'num_timesteps': 4, 'dropout': 0.12227504640567505, 'train_learning_rate': 0.005724798877210819, 'train_lr_reduce': 0.6}. Best is trial 130 with value: 0.0812772810459137.
[I 2024-12-15 23:34:53,727] Trial 1115 finished with value: 0.12946340441703796 and parameters: {'mlp_n_layers': 2, 'mlp_dim_00': 256, 'mlp_dim_01': 80, 'hidden_channels': 240, 'num_layers': 3, 'num_timesteps': 1, 'dropout': 0.2219899957378217, 'train_learning_rate': 0.0088611071001696, 'train_lr_reduce': 0.6}. Best is trial 130 with value: 0.0812772810459137.
[I 2024-12-15 23:34:54,459] Trial 1114 finished with value: 0.14087989926338196 and parameters: {'mlp_n_layers': 3, 'mlp_dim_00': 64, 'mlp_dim_01': 240, 'mlp_dim_02': 192, 'hidden_channels': 208, 'num_layers': 4, 'num_timesteps': 3, 'dropout': 0.016072224255061662, 'train_learning_rate': 0.000732452323402524, 'train_lr_reduce': 0.6}. Best is trial 130 with value: 0.0812772810459137.
[I 2024-12-15 23:35:05,876] Trial 1116 finished with value: 0.1001182571053505 and parameters: {'mlp_n_layers': 3, 'mlp_dim_00': 256, 'mlp_dim_01': 208, 'mlp_dim_02': 144, 'hidden_channels': 32, 'num_layers': 2, 'num_timesteps': 3, 'dropout': 0.25982212403404237, 'train_learning_rate': 0.006860086154449272, 'train_lr_reduce': 0.6}. Best is trial 130 with value: 0.0812772810459137.
[I 2024-12-15 23:35:06,775] Trial 1117 finished with value: 0.12914389371871948 and parameters: {'mlp_n_layers': 2, 'mlp_dim_00': 208, 'mlp_dim_01': 224, 'hidden_channels': 96, 'num_layers': 2, 'num_timesteps': 3, 'dropout': 0.1526829000756085, 'train_learning_rate': 0.0070656608801744035, 'train_lr_reduce': 0.6}. Best is trial 130 with value: 0.0812772810459137.
[I 2024-12-15 23:35:08,662] Trial 1118 finished with value: 0.15933769941329956 and parameters: {'mlp_n_layers': 3, 'mlp_dim_00': 256, 'mlp_dim_01': 112, 'mlp_dim_02': 96, 'hidden_channels': 144, 'num_layers': 3, 'num_timesteps': 3, 'dropout': 0.29351302042221955, 'train_learning_rate': 0.00945693592941111, 'train_lr_reduce': 0.6}. Best is trial 130 with value: 0.0812772810459137.
[I 2024-12-15 23:35:18,521] Trial 1119 finished with value: 0.10387914627790451 and parameters: {'mlp_n_layers': 2, 'mlp_dim_00': 208, 'mlp_dim_01': 240, 'hidden_channels': 112, 'num_layers': 1, 'num_timesteps': 3, 'dropout': 0.2358653440460474, 'train_learning_rate': 0.005528318496600424, 'train_lr_reduce': 0.6}. Best is trial 130 with value: 0.0812772810459137.
[I 2024-12-15 23:35:19,287] Trial 1120 finished with value: 0.11625321954488754 and parameters: {'mlp_n_layers': 2, 'mlp_dim_00': 240, 'mlp_dim_01': 192, 'hidden_channels': 48, 'num_layers': 4, 'num_timesteps': 4, 'dropout': 0.16898981107485284, 'train_learning_rate': 0.008910633325812415, 'train_lr_reduce': 0.6}. Best is trial 130 with value: 0.0812772810459137.
[I 2024-12-15 23:35:20,933] Trial 1121 finished with value: 0.13220646977424622 and parameters: {'mlp_n_layers': 4, 'mlp_dim_00': 256, 'mlp_dim_01': 144, 'mlp_dim_02': 160, 'mlp_dim_03': 96, 'hidden_channels': 80, 'num_layers': 2, 'num_timesteps': 2, 'dropout': 0.15541694356491337, 'train_learning_rate': 0.0027723072749012553, 'train_lr_reduce': 0.6}. Best is trial 130 with value: 0.0812772810459137.
[I 2024-12-15 23:35:33,133] Trial 1123 finished with value: 0.13134412467479706 and parameters: {'mlp_n_layers': 2, 'mlp_dim_00': 144, 'mlp_dim_01': 112, 'hidden_channels': 64, 'num_layers': 4, 'num_timesteps': 2, 'dropout': 0.16256939820182925, 'train_learning_rate': 0.0038249852552103415, 'train_lr_reduce': 0.6}. Best is trial 130 with value: 0.0812772810459137.
[I 2024-12-15 23:35:39,780] Trial 1122 finished with value: 0.09990431368350983 and parameters: {'mlp_n_layers': 2, 'mlp_dim_00': 256, 'mlp_dim_01': 208, 'hidden_channels': 48, 'num_layers': 3, 'num_timesteps': 3, 'dropout': 0.19283909228128115, 'train_learning_rate': 0.008666343165852696, 'train_lr_reduce': 0.6}. Best is trial 130 with value: 0.0812772810459137.
[I 2024-12-15 23:35:43,581] Trial 1125 finished with value: 0.11200883239507675 and parameters: {'mlp_n_layers': 2, 'mlp_dim_00': 128, 'mlp_dim_01': 256, 'hidden_channels': 32, 'num_layers': 3, 'num_timesteps': 4, 'dropout': 0.07952940554735165, 'train_learning_rate': 0.008868476267696605, 'train_lr_reduce': 0.6}. Best is trial 130 with value: 0.0812772810459137.
[I 2024-12-15 23:35:45,562] Trial 1124 finished with value: 0.10633108764886856 and parameters: {'mlp_n_layers': 2, 'mlp_dim_00': 240, 'mlp_dim_01': 160, 'hidden_channels': 48, 'num_layers': 3, 'num_timesteps': 3, 'dropout': 0.12957856261437628, 'train_learning_rate': 0.009243021212655779, 'train_lr_reduce': 0.6}. Best is trial 130 with value: 0.0812772810459137.
[I 2024-12-15 23:35:50,403] Trial 1126 finished with value: 0.10517583787441254 and parameters: {'mlp_n_layers': 3, 'mlp_dim_00': 64, 'mlp_dim_01': 64, 'mlp_dim_02': 128, 'hidden_channels': 96, 'num_layers': 1, 'num_timesteps': 3, 'dropout': 0.09702343190939719, 'train_learning_rate': 0.003257188451273615, 'train_lr_reduce': 0.6}. Best is trial 130 with value: 0.0812772810459137.
[I 2024-12-15 23:35:54,767] Trial 1127 finished with value: 0.09898393601179123 and parameters: {'mlp_n_layers': 2, 'mlp_dim_00': 208, 'mlp_dim_01': 176, 'hidden_channels': 48, 'num_layers': 2, 'num_timesteps': 4, 'dropout': 0.07376333000618047, 'train_learning_rate': 0.0063723406597122135, 'train_lr_reduce': 0.6}. Best is trial 130 with value: 0.0812772810459137.
[I 2024-12-15 23:36:06,636] Trial 1128 finished with value: 0.1499166488647461 and parameters: {'mlp_n_layers': 3, 'mlp_dim_00': 224, 'mlp_dim_01': 32, 'mlp_dim_02': 192, 'hidden_channels': 80, 'num_layers': 4, 'num_timesteps': 4, 'dropout': 0.02555930668575963, 'train_learning_rate': 0.00667077127776587, 'train_lr_reduce': 0.6}. Best is trial 130 with value: 0.0812772810459137.
[I 2024-12-15 23:36:11,905] Trial 1129 finished with value: 0.11919199675321579 and parameters: {'mlp_n_layers': 2, 'mlp_dim_00': 256, 'mlp_dim_01': 32, 'hidden_channels': 80, 'num_layers': 3, 'num_timesteps': 4, 'dropout': 0.299936528302681, 'train_learning_rate': 0.0024394287188678064, 'train_lr_reduce': 0.6}. Best is trial 130 with value: 0.0812772810459137.
[I 2024-12-15 23:36:12,773] Trial 1130 finished with value: 0.1453275978565216 and parameters: {'mlp_n_layers': 2, 'mlp_dim_00': 176, 'mlp_dim_01': 160, 'hidden_channels': 208, 'num_layers': 2, 'num_timesteps': 1, 'dropout': 0.1693119205597342, 'train_learning_rate': 0.00819197893797396, 'train_lr_reduce': 0.6}. Best is trial 130 with value: 0.0812772810459137.
[I 2024-12-15 23:36:24,679] Trial 1131 finished with value: 0.1494779735803604 and parameters: {'mlp_n_layers': 2, 'mlp_dim_00': 144, 'mlp_dim_01': 176, 'hidden_channels': 32, 'num_layers': 3, 'num_timesteps': 4, 'dropout': 0.13131705902071203, 'train_learning_rate': 0.006918414966004955, 'train_lr_reduce': 0.6}. Best is trial 130 with value: 0.0812772810459137.
[I 2024-12-15 23:36:24,983] Trial 1133 finished with value: 0.13897256553173065 and parameters: {'mlp_n_layers': 4, 'mlp_dim_00': 192, 'mlp_dim_01': 112, 'mlp_dim_02': 48, 'mlp_dim_03': 32, 'hidden_channels': 64, 'num_layers': 1, 'num_timesteps': 2, 'dropout': 0.19832731638675768, 'train_learning_rate': 0.0042266357025087156, 'train_lr_reduce': 0.6}. Best is trial 130 with value: 0.0812772810459137.
[I 2024-12-15 23:36:26,132] Trial 1132 finished with value: 0.13078930974006653 and parameters: {'mlp_n_layers': 3, 'mlp_dim_00': 160, 'mlp_dim_01': 96, 'mlp_dim_02': 160, 'hidden_channels': 128, 'num_layers': 4, 'num_timesteps': 4, 'dropout': 0.08556573833604228, 'train_learning_rate': 0.004694468216490912, 'train_lr_reduce': 0.6}. Best is trial 130 with value: 0.0812772810459137.
[I 2024-12-15 23:36:37,238] Trial 1136 finished with value: 0.09478206187486649 and parameters: {'mlp_n_layers': 2, 'mlp_dim_00': 208, 'mlp_dim_01': 176, 'hidden_channels': 32, 'num_layers': 1, 'num_timesteps': 2, 'dropout': 0.2886206710049435, 'train_learning_rate': 0.005859028209148028, 'train_lr_reduce': 0.6}. Best is trial 130 with value: 0.0812772810459137.
[I 2024-12-15 23:36:37,369] Trial 1135 finished with value: 0.10603979974985123 and parameters: {'mlp_n_layers': 3, 'mlp_dim_00': 160, 'mlp_dim_01': 160, 'mlp_dim_02': 112, 'hidden_channels': 32, 'num_layers': 2, 'num_timesteps': 4, 'dropout': 0.178421949132403, 'train_learning_rate': 0.009015461807517462, 'train_lr_reduce': 0.6}. Best is trial 130 with value: 0.0812772810459137.
[I 2024-12-15 23:36:49,706] Trial 1138 finished with value: 0.1665370762348175 and parameters: {'mlp_n_layers': 3, 'mlp_dim_00': 96, 'mlp_dim_01': 32, 'mlp_dim_02': 192, 'hidden_channels': 32, 'num_layers': 3, 'num_timesteps': 3, 'dropout': 0.29088710580115246, 'train_learning_rate': 0.009219502338067438, 'train_lr_reduce': 0.6}. Best is trial 130 with value: 0.0812772810459137.
[I 2024-12-15 23:36:49,953] Trial 1134 finished with value: 0.1091032549738884 and parameters: {'mlp_n_layers': 2, 'mlp_dim_00': 192, 'mlp_dim_01': 144, 'hidden_channels': 32, 'num_layers': 4, 'num_timesteps': 3, 'dropout': 0.19186553883402982, 'train_learning_rate': 0.0008958859619577275, 'train_lr_reduce': 0.6}. Best is trial 130 with value: 0.0812772810459137.
[I 2024-12-15 23:36:51,924] Trial 1137 finished with value: 0.09966441243886948 and parameters: {'mlp_n_layers': 4, 'mlp_dim_00': 240, 'mlp_dim_01': 160, 'mlp_dim_02': 144, 'mlp_dim_03': 144, 'hidden_channels': 80, 'num_layers': 1, 'num_timesteps': 2, 'dropout': 0.15512013292078536, 'train_learning_rate': 0.007522833526892356, 'train_lr_reduce': 0.6}. Best is trial 130 with value: 0.0812772810459137.
[I 2024-12-15 23:37:05,356] Trial 1141 finished with value: 0.16568490862846375 and parameters: {'mlp_n_layers': 3, 'mlp_dim_00': 224, 'mlp_dim_01': 160, 'mlp_dim_02': 128, 'hidden_channels': 160, 'num_layers': 3, 'num_timesteps': 1, 'dropout': 0.2403707559904107, 'train_learning_rate': 0.008684696162297426, 'train_lr_reduce': 0.6}. Best is trial 130 with value: 0.0812772810459137.
[I 2024-12-15 23:37:11,631] Trial 1140 finished with value: 0.12572090327739716 and parameters: {'mlp_n_layers': 2, 'mlp_dim_00': 112, 'mlp_dim_01': 96, 'hidden_channels': 32, 'num_layers': 4, 'num_timesteps': 3, 'dropout': 0.1802041326472238, 'train_learning_rate': 0.00429602031923521, 'train_lr_reduce': 0.6}. Best is trial 130 with value: 0.0812772810459137.
[I 2024-12-15 23:37:15,935] Trial 1139 finished with value: 0.1077028140425682 and parameters: {'mlp_n_layers': 2, 'mlp_dim_00': 96, 'mlp_dim_01': 96, 'hidden_channels': 48, 'num_layers': 4, 'num_timesteps': 4, 'dropout': 0.251746113856629, 'train_learning_rate': 0.0028192881179380405, 'train_lr_reduce': 0.6}. Best is trial 130 with value: 0.0812772810459137.
[I 2024-12-15 23:37:23,086] Trial 1143 finished with value: 0.18808932602405548 and parameters: {'mlp_n_layers': 2, 'mlp_dim_00': 240, 'mlp_dim_01': 160, 'hidden_channels': 176, 'num_layers': 2, 'num_timesteps': 1, 'dropout': 0.26067926830999383, 'train_learning_rate': 0.0089153287287099, 'train_lr_reduce': 0.6}. Best is trial 130 with value: 0.0812772810459137.
[I 2024-12-15 23:37:25,685] Trial 1144 finished with value: 0.11685536801815033 and parameters: {'mlp_n_layers': 2, 'mlp_dim_00': 256, 'mlp_dim_01': 208, 'hidden_channels': 48, 'num_layers': 2, 'num_timesteps': 3, 'dropout': 0.15964784825654327, 'train_learning_rate': 0.004561370892676724, 'train_lr_reduce': 0.6}. Best is trial 130 with value: 0.0812772810459137.
[I 2024-12-15 23:37:25,922] Trial 1142 finished with value: 0.13993749022483826 and parameters: {'mlp_n_layers': 2, 'mlp_dim_00': 256, 'mlp_dim_01': 176, 'hidden_channels': 112, 'num_layers': 2, 'num_timesteps': 2, 'dropout': 0.050523677629722014, 'train_learning_rate': 0.0003122857910057228, 'train_lr_reduce': 0.6}. Best is trial 130 with value: 0.0812772810459137.
[I 2024-12-15 23:37:35,761] Trial 1147 finished with value: 0.09969625622034073 and parameters: {'mlp_n_layers': 2, 'mlp_dim_00': 208, 'mlp_dim_01': 256, 'hidden_channels': 128, 'num_layers': 1, 'num_timesteps': 2, 'dropout': 0.19943702978211209, 'train_learning_rate': 0.003951348036029737, 'train_lr_reduce': 0.6}. Best is trial 130 with value: 0.0812772810459137.
[I 2024-12-15 23:37:37,891] Trial 1145 finished with value: 0.10109444707632065 and parameters: {'mlp_n_layers': 2, 'mlp_dim_00': 160, 'mlp_dim_01': 224, 'hidden_channels': 32, 'num_layers': 3, 'num_timesteps': 3, 'dropout': 0.18832808883340652, 'train_learning_rate': 0.006058104189126929, 'train_lr_reduce': 0.6}. Best is trial 130 with value: 0.0812772810459137.
[I 2024-12-15 23:37:43,023] Trial 1146 finished with value: 0.166952446103096 and parameters: {'mlp_n_layers': 3, 'mlp_dim_00': 112, 'mlp_dim_01': 48, 'mlp_dim_02': 80, 'hidden_channels': 80, 'num_layers': 3, 'num_timesteps': 2, 'dropout': 0.1527304427536758, 'train_learning_rate': 0.008528930899037702, 'train_lr_reduce': 0.6}. Best is trial 130 with value: 0.0812772810459137.
[I 2024-12-15 23:37:48,826] Trial 1148 finished with value: 0.12967097759246826 and parameters: {'mlp_n_layers': 3, 'mlp_dim_00': 224, 'mlp_dim_01': 256, 'mlp_dim_02': 176, 'hidden_channels': 208, 'num_layers': 1, 'num_timesteps': 3, 'dropout': 0.10233621110917429, 'train_learning_rate': 0.00086117706591075, 'train_lr_reduce': 0.6}. Best is trial 130 with value: 0.0812772810459137.
[I 2024-12-15 23:37:56,068] Trial 1149 finished with value: 0.10760710388422012 and parameters: {'mlp_n_layers': 2, 'mlp_dim_00': 128, 'mlp_dim_01': 208, 'hidden_channels': 32, 'num_layers': 2, 'num_timesteps': 4, 'dropout': 0.19110609127182765, 'train_learning_rate': 0.009352721298335583, 'train_lr_reduce': 0.6}. Best is trial 130 with value: 0.0812772810459137.
[I 2024-12-15 23:38:06,660] Trial 1151 finished with value: 0.147999569773674 and parameters: {'mlp_n_layers': 3, 'mlp_dim_00': 64, 'mlp_dim_01': 240, 'mlp_dim_02': 160, 'hidden_channels': 176, 'num_layers': 1, 'num_timesteps': 3, 'dropout': 0.2223060121535647, 'train_learning_rate': 0.00048801469072753685, 'train_lr_reduce': 0.6}. Best is trial 130 with value: 0.0812772810459137.
[I 2024-12-15 23:38:13,011] Trial 1150 finished with value: 0.1580309271812439 and parameters: {'mlp_n_layers': 4, 'mlp_dim_00': 240, 'mlp_dim_01': 80, 'mlp_dim_02': 144, 'mlp_dim_03': 224, 'hidden_channels': 160, 'num_layers': 1, 'num_timesteps': 3, 'dropout': 0.26529130817341273, 'train_learning_rate': 0.0002860942152437929, 'train_lr_reduce': 0.6}. Best is trial 130 with value: 0.0812772810459137.
[I 2024-12-15 23:38:27,559] Trial 1152 finished with value: 0.14212609827518463 and parameters: {'mlp_n_layers': 3, 'mlp_dim_00': 64, 'mlp_dim_01': 128, 'mlp_dim_02': 112, 'hidden_channels': 192, 'num_layers': 4, 'num_timesteps': 1, 'dropout': 0.08242646531257122, 'train_learning_rate': 0.0005221177811274159, 'train_lr_reduce': 0.6}. Best is trial 130 with value: 0.0812772810459137.
[I 2024-12-15 23:38:28,412] Trial 1154 finished with value: 0.15145820379257202 and parameters: {'mlp_n_layers': 3, 'mlp_dim_00': 208, 'mlp_dim_01': 48, 'mlp_dim_02': 192, 'hidden_channels': 128, 'num_layers': 4, 'num_timesteps': 4, 'dropout': 0.09339761705785316, 'train_learning_rate': 0.003998005063819141, 'train_lr_reduce': 0.6}. Best is trial 130 with value: 0.0812772810459137.
[I 2024-12-15 23:38:32,904] Trial 1153 finished with value: 0.18850593268871307 and parameters: {'mlp_n_layers': 2, 'mlp_dim_00': 112, 'mlp_dim_01': 192, 'hidden_channels': 96, 'num_layers': 1, 'num_timesteps': 2, 'dropout': 0.07170909940895745, 'train_learning_rate': 0.00015398620425683218, 'train_lr_reduce': 0.6}. Best is trial 130 with value: 0.0812772810459137.
[I 2024-12-15 23:38:42,961] Trial 1156 finished with value: 0.10111435502767563 and parameters: {'mlp_n_layers': 2, 'mlp_dim_00': 160, 'mlp_dim_01': 112, 'hidden_channels': 48, 'num_layers': 3, 'num_timesteps': 4, 'dropout': 0.175554330152574, 'train_learning_rate': 0.006291093064213683, 'train_lr_reduce': 0.6}. Best is trial 130 with value: 0.0812772810459137.
[I 2024-12-15 23:38:43,006] Trial 1155 finished with value: 0.10494694113731384 and parameters: {'mlp_n_layers': 3, 'mlp_dim_00': 208, 'mlp_dim_01': 192, 'mlp_dim_02': 128, 'hidden_channels': 32, 'num_layers': 2, 'num_timesteps': 3, 'dropout': 0.16886929865468153, 'train_learning_rate': 0.004060924341675764, 'train_lr_reduce': 0.6}. Best is trial 130 with value: 0.0812772810459137.
[I 2024-12-15 23:38:43,660] Trial 1157 finished with value: 0.10756754130125046 and parameters: {'mlp_n_layers': 2, 'mlp_dim_00': 256, 'mlp_dim_01': 240, 'hidden_channels': 112, 'num_layers': 2, 'num_timesteps': 3, 'dropout': 0.2251070088364115, 'train_learning_rate': 0.004356916215322675, 'train_lr_reduce': 0.6}. Best is trial 130 with value: 0.0812772810459137.
[I 2024-12-15 23:38:50,878] Trial 1158 finished with value: 0.12175202369689941 and parameters: {'mlp_n_layers': 3, 'mlp_dim_00': 192, 'mlp_dim_01': 224, 'mlp_dim_02': 160, 'hidden_channels': 32, 'num_layers': 1, 'num_timesteps': 2, 'dropout': 0.1485007930013075, 'train_learning_rate': 0.004645463639362083, 'train_lr_reduce': 0.6}. Best is trial 130 with value: 0.0812772810459137.
[I 2024-12-15 23:38:53,793] Trial 1159 finished with value: 0.11769574135541916 and parameters: {'mlp_n_layers': 2, 'mlp_dim_00': 128, 'mlp_dim_01': 256, 'hidden_channels': 112, 'num_layers': 1, 'num_timesteps': 2, 'dropout': 0.12652740726506573, 'train_learning_rate': 0.0020386709631962556, 'train_lr_reduce': 0.6}. Best is trial 130 with value: 0.0812772810459137.
[I 2024-12-15 23:39:05,393] Trial 1160 finished with value: 0.12456658482551575 and parameters: {'mlp_n_layers': 3, 'mlp_dim_00': 48, 'mlp_dim_01': 256, 'mlp_dim_02': 96, 'hidden_channels': 48, 'num_layers': 2, 'num_timesteps': 4, 'dropout': 0.15407404561156876, 'train_learning_rate': 0.009859371233509134, 'train_lr_reduce': 0.6}. Best is trial 130 with value: 0.0812772810459137.
[I 2024-12-15 23:39:08,439] Trial 1161 finished with value: 0.10439866781234741 and parameters: {'mlp_n_layers': 2, 'mlp_dim_00': 144, 'mlp_dim_01': 112, 'hidden_channels': 32, 'num_layers': 3, 'num_timesteps': 3, 'dropout': 0.21170993443914266, 'train_learning_rate': 0.0026883697803752825, 'train_lr_reduce': 0.6}. Best is trial 130 with value: 0.0812772810459137.
[I 2024-12-15 23:39:10,464] Trial 1162 finished with value: 0.10259423404932022 and parameters: {'mlp_n_layers': 2, 'mlp_dim_00': 96, 'mlp_dim_01': 256, 'hidden_channels': 64, 'num_layers': 2, 'num_timesteps': 3, 'dropout': 0.10086802731167077, 'train_learning_rate': 0.007242084255886196, 'train_lr_reduce': 0.6}. Best is trial 130 with value: 0.0812772810459137.
