[I 2024-12-20 01:30:33,289] Trial 2100 finished with value: 1.4784984588623047 and parameters: {'mlp_n_layers': 4, 'mlp_dim_00': 134, 'mlp_dim_01': 346, 'mlp_dim_02': 422, 'mlp_dim_03': 157, 'node_hidden_dim': 86, 'edge_hidden_dim': 43, 'depth': 1, 'rep_dropout': 0.0033830833435849784, 'train_learning_rate': 0.001978364999901416, 'train_lr_reduce': 0.6}. Best is trial 558 with value: 0.30280801653862.
[I 2024-12-20 01:30:34,903] Trial 2096 finished with value: 0.329540878534317 and parameters: {'mlp_n_layers': 4, 'mlp_dim_00': 155, 'mlp_dim_01': 313, 'mlp_dim_02': 430, 'mlp_dim_03': 101, 'node_hidden_dim': 103, 'edge_hidden_dim': 42, 'depth': 1, 'rep_dropout': 0.040202958352859294, 'train_learning_rate': 0.0010978900333944517, 'train_lr_reduce': 0.6}. Best is trial 558 with value: 0.30280801653862.
[I 2024-12-20 01:30:35,111] Trial 2101 finished with value: 1.552904725074768 and parameters: {'mlp_n_layers': 4, 'mlp_dim_00': 106, 'mlp_dim_01': 307, 'mlp_dim_02': 424, 'mlp_dim_03': 130, 'node_hidden_dim': 94, 'edge_hidden_dim': 32, 'depth': 1, 'rep_dropout': 0.02911831071253467, 'train_learning_rate': 0.0010056758920073676, 'train_lr_reduce': 0.6}. Best is trial 558 with value: 0.30280801653862.
[I 2024-12-20 01:30:37,455] Trial 2102 finished with value: 1.3827940225601196 and parameters: {'mlp_n_layers': 4, 'mlp_dim_00': 252, 'mlp_dim_01': 385, 'mlp_dim_02': 471, 'mlp_dim_03': 90, 'node_hidden_dim': 86, 'edge_hidden_dim': 47, 'depth': 1, 'rep_dropout': 0.054205381698653646, 'train_learning_rate': 0.004474843606314376, 'train_lr_reduce': 0.6}. Best is trial 558 with value: 0.30280801653862.
[I 2024-12-20 01:30:39,251] Trial 2103 finished with value: 1.2826906442642212 and parameters: {'mlp_n_layers': 2, 'mlp_dim_00': 337, 'mlp_dim_01': 350, 'node_hidden_dim': 66, 'edge_hidden_dim': 95, 'depth': 3, 'rep_dropout': 0.13185377936647158, 'train_learning_rate': 0.005736549023307176, 'train_lr_reduce': 0.6}. Best is trial 558 with value: 0.30280801653862.
[I 2024-12-20 01:30:39,865] Trial 2104 finished with value: 1.5262010097503662 and parameters: {'mlp_n_layers': 4, 'mlp_dim_00': 83, 'mlp_dim_01': 346, 'mlp_dim_02': 439, 'mlp_dim_03': 64, 'node_hidden_dim': 119, 'edge_hidden_dim': 58, 'depth': 2, 'rep_dropout': 0.03792209198572964, 'train_learning_rate': 0.0024980693745654276, 'train_lr_reduce': 0.6}. Best is trial 558 with value: 0.30280801653862.
[I 2024-12-20 01:30:44,703] Trial 2107 finished with value: 1.3154771327972412 and parameters: {'mlp_n_layers': 2, 'mlp_dim_00': 199, 'mlp_dim_01': 325, 'node_hidden_dim': 121, 'edge_hidden_dim': 122, 'depth': 2, 'rep_dropout': 0.047997212206024445, 'train_learning_rate': 0.009390647146106625, 'train_lr_reduce': 0.6}. Best is trial 558 with value: 0.30280801653862.
[I 2024-12-20 01:30:48,786] Trial 2108 finished with value: 1.5164198875427246 and parameters: {'mlp_n_layers': 3, 'mlp_dim_00': 172, 'mlp_dim_01': 392, 'mlp_dim_02': 468, 'node_hidden_dim': 94, 'edge_hidden_dim': 43, 'depth': 1, 'rep_dropout': 0.02112608844495253, 'train_learning_rate': 0.0009893689560641927, 'train_lr_reduce': 0.6}. Best is trial 558 with value: 0.30280801653862.
[I 2024-12-20 01:30:53,485] Trial 2106 finished with value: 0.44414302706718445 and parameters: {'mlp_n_layers': 4, 'mlp_dim_00': 146, 'mlp_dim_01': 387, 'mlp_dim_02': 418, 'mlp_dim_03': 145, 'node_hidden_dim': 97, 'edge_hidden_dim': 33, 'depth': 1, 'rep_dropout': 0.02419168709462061, 'train_learning_rate': 0.001295063950748879, 'train_lr_reduce': 0.6}. Best is trial 558 with value: 0.30280801653862.
[I 2024-12-20 01:30:53,956] Trial 2105 finished with value: 0.3598124086856842 and parameters: {'mlp_n_layers': 3, 'mlp_dim_00': 418, 'mlp_dim_01': 305, 'mlp_dim_02': 434, 'node_hidden_dim': 112, 'edge_hidden_dim': 43, 'depth': 1, 'rep_dropout': 0.00027358931163910805, 'train_learning_rate': 0.00195223169628748, 'train_lr_reduce': 0.6}. Best is trial 558 with value: 0.30280801653862.
[I 2024-12-20 01:30:57,663] Trial 2110 finished with value: 1.4763665199279785 and parameters: {'mlp_n_layers': 4, 'mlp_dim_00': 65, 'mlp_dim_01': 352, 'mlp_dim_02': 472, 'mlp_dim_03': 65, 'node_hidden_dim': 120, 'edge_hidden_dim': 43, 'depth': 1, 'rep_dropout': 0.012663735435826318, 'train_learning_rate': 0.0017289878525947881, 'train_lr_reduce': 0.6}. Best is trial 558 with value: 0.30280801653862.
[I 2024-12-20 01:31:01,573] Trial 2112 finished with value: 1.499468445777893 and parameters: {'mlp_n_layers': 4, 'mlp_dim_00': 158, 'mlp_dim_01': 309, 'mlp_dim_02': 411, 'mlp_dim_03': 123, 'node_hidden_dim': 94, 'edge_hidden_dim': 53, 'depth': 1, 'rep_dropout': 0.04106053282106838, 'train_learning_rate': 0.00016159894854803715, 'train_lr_reduce': 0.6}. Best is trial 558 with value: 0.30280801653862.
[I 2024-12-20 01:31:12,520] Trial 2109 finished with value: 0.34584781527519226 and parameters: {'mlp_n_layers': 4, 'mlp_dim_00': 161, 'mlp_dim_01': 309, 'mlp_dim_02': 411, 'mlp_dim_03': 104, 'node_hidden_dim': 109, 'edge_hidden_dim': 42, 'depth': 1, 'rep_dropout': 0.029020173561399486, 'train_learning_rate': 0.0034218399847679233, 'train_lr_reduce': 0.6}. Best is trial 558 with value: 0.30280801653862.
[I 2024-12-20 01:31:13,951] Trial 2111 finished with value: 0.425831139087677 and parameters: {'mlp_n_layers': 4, 'mlp_dim_00': 416, 'mlp_dim_01': 108, 'mlp_dim_02': 417, 'mlp_dim_03': 140, 'node_hidden_dim': 83, 'edge_hidden_dim': 37, 'depth': 2, 'rep_dropout': 0.004775334405407514, 'train_learning_rate': 0.0025105025027970865, 'train_lr_reduce': 0.6}. Best is trial 558 with value: 0.30280801653862.
[I 2024-12-20 01:31:18,355] Trial 2115 finished with value: 1.5591098070144653 and parameters: {'mlp_n_layers': 3, 'mlp_dim_00': 162, 'mlp_dim_01': 346, 'mlp_dim_02': 445, 'node_hidden_dim': 105, 'edge_hidden_dim': 32, 'depth': 1, 'rep_dropout': 0.02175715147077645, 'train_learning_rate': 0.0007461239029784396, 'train_lr_reduce': 0.6}. Best is trial 558 with value: 0.30280801653862.
[I 2024-12-20 01:31:24,701] Trial 2116 finished with value: 1.553855538368225 and parameters: {'mlp_n_layers': 4, 'mlp_dim_00': 194, 'mlp_dim_01': 313, 'mlp_dim_02': 407, 'mlp_dim_03': 104, 'node_hidden_dim': 104, 'edge_hidden_dim': 34, 'depth': 2, 'rep_dropout': 0.0013272054696168295, 'train_learning_rate': 0.0013305387102307883, 'train_lr_reduce': 0.6}. Best is trial 558 with value: 0.30280801653862.
[I 2024-12-20 01:31:29,269] Trial 2114 finished with value: 0.38478752970695496 and parameters: {'mlp_n_layers': 4, 'mlp_dim_00': 117, 'mlp_dim_01': 397, 'mlp_dim_02': 410, 'mlp_dim_03': 66, 'node_hidden_dim': 106, 'edge_hidden_dim': 49, 'depth': 1, 'rep_dropout': 0.03563700116450884, 'train_learning_rate': 0.0028701806197824974, 'train_lr_reduce': 0.6}. Best is trial 558 with value: 0.30280801653862.
[I 2024-12-20 01:31:29,271] Trial 2117 finished with value: 1.583587408065796 and parameters: {'mlp_n_layers': 4, 'mlp_dim_00': 78, 'mlp_dim_01': 391, 'mlp_dim_02': 459, 'mlp_dim_03': 174, 'node_hidden_dim': 109, 'edge_hidden_dim': 32, 'depth': 1, 'rep_dropout': 0.0451099168801565, 'train_learning_rate': 0.00030700915045950224, 'train_lr_reduce': 0.6}. Best is trial 558 with value: 0.30280801653862.
[I 2024-12-20 01:31:37,287] Trial 2113 finished with value: 0.3731379508972168 and parameters: {'mlp_n_layers': 4, 'mlp_dim_00': 170, 'mlp_dim_01': 356, 'mlp_dim_02': 475, 'mlp_dim_03': 173, 'node_hidden_dim': 105, 'edge_hidden_dim': 32, 'depth': 1, 'rep_dropout': 0.036185326507635104, 'train_learning_rate': 0.001888764196029092, 'train_lr_reduce': 0.6}. Best is trial 558 with value: 0.30280801653862.
[I 2024-12-20 01:31:41,799] Trial 2120 finished with value: 1.515795350074768 and parameters: {'mlp_n_layers': 1, 'mlp_dim_00': 481, 'node_hidden_dim': 104, 'edge_hidden_dim': 72, 'depth': 3, 'rep_dropout': 0.10580886127093718, 'train_learning_rate': 0.00029983488156285176, 'train_lr_reduce': 0.6}. Best is trial 558 with value: 0.30280801653862.
[I 2024-12-20 01:31:42,003] Trial 2118 finished with value: 1.2907326221466064 and parameters: {'mlp_n_layers': 4, 'mlp_dim_00': 412, 'mlp_dim_01': 350, 'mlp_dim_02': 405, 'mlp_dim_03': 120, 'node_hidden_dim': 107, 'edge_hidden_dim': 61, 'depth': 2, 'rep_dropout': 0.017202913113120444, 'train_learning_rate': 0.0011699761184626642, 'train_lr_reduce': 0.6}. Best is trial 558 with value: 0.30280801653862.
[I 2024-12-20 01:31:46,626] Trial 2121 finished with value: 1.5772154331207275 and parameters: {'mlp_n_layers': 4, 'mlp_dim_00': 184, 'mlp_dim_01': 308, 'mlp_dim_02': 436, 'mlp_dim_03': 155, 'node_hidden_dim': 99, 'edge_hidden_dim': 37, 'depth': 1, 'rep_dropout': 0.011206327862467799, 'train_learning_rate': 0.0005753226245503152, 'train_lr_reduce': 0.6}. Best is trial 558 with value: 0.30280801653862.
[I 2024-12-20 01:31:47,222] Trial 2122 finished with value: 1.2836992740631104 and parameters: {'mlp_n_layers': 2, 'mlp_dim_00': 494, 'mlp_dim_01': 393, 'node_hidden_dim': 94, 'edge_hidden_dim': 93, 'depth': 2, 'rep_dropout': 0.07246842750234588, 'train_learning_rate': 0.009660625775257819, 'train_lr_reduce': 0.6}. Best is trial 558 with value: 0.30280801653862.
[I 2024-12-20 01:31:50,946] Trial 2123 finished with value: 1.5483691692352295 and parameters: {'mlp_n_layers': 4, 'mlp_dim_00': 75, 'mlp_dim_01': 305, 'mlp_dim_02': 401, 'mlp_dim_03': 97, 'node_hidden_dim': 127, 'edge_hidden_dim': 63, 'depth': 1, 'rep_dropout': 0.011497935191021637, 'train_learning_rate': 0.000472739895331468, 'train_lr_reduce': 0.6}. Best is trial 558 with value: 0.30280801653862.
[I 2024-12-20 01:31:58,698] Trial 2124 finished with value: 0.42215028405189514 and parameters: {'mlp_n_layers': 4, 'mlp_dim_00': 140, 'mlp_dim_01': 350, 'mlp_dim_02': 478, 'mlp_dim_03': 139, 'node_hidden_dim': 105, 'edge_hidden_dim': 49, 'depth': 1, 'rep_dropout': 0.004347894930988168, 'train_learning_rate': 0.001949151903969084, 'train_lr_reduce': 0.6}. Best is trial 558 with value: 0.30280801653862.
[I 2024-12-20 01:31:59,649] Trial 2119 finished with value: 0.33263885974884033 and parameters: {'mlp_n_layers': 4, 'mlp_dim_00': 491, 'mlp_dim_01': 349, 'mlp_dim_02': 472, 'mlp_dim_03': 126, 'node_hidden_dim': 107, 'edge_hidden_dim': 48, 'depth': 1, 'rep_dropout': 0.0012584462847931737, 'train_learning_rate': 0.0033111710211164223, 'train_lr_reduce': 0.6}. Best is trial 558 with value: 0.30280801653862.
[I 2024-12-20 01:32:05,264] Trial 2127 finished with value: 1.5629873275756836 and parameters: {'mlp_n_layers': 4, 'mlp_dim_00': 427, 'mlp_dim_01': 378, 'mlp_dim_02': 512, 'mlp_dim_03': 96, 'node_hidden_dim': 104, 'edge_hidden_dim': 35, 'depth': 2, 'rep_dropout': 0.0042034074181551, 'train_learning_rate': 0.0016570743518761178, 'train_lr_reduce': 0.6}. Best is trial 558 with value: 0.30280801653862.
[I 2024-12-20 01:32:06,563] Trial 2126 finished with value: 1.570180058479309 and parameters: {'mlp_n_layers': 4, 'mlp_dim_00': 508, 'mlp_dim_01': 310, 'mlp_dim_02': 440, 'mlp_dim_03': 95, 'node_hidden_dim': 108, 'edge_hidden_dim': 124, 'depth': 4, 'rep_dropout': 0.1011770495892099, 'train_learning_rate': 0.00011520221269089109, 'train_lr_reduce': 0.6}. Best is trial 558 with value: 0.30280801653862.
[I 2024-12-20 01:32:14,148] Trial 2125 finished with value: 0.39136287569999695 and parameters: {'mlp_n_layers': 4, 'mlp_dim_00': 164, 'mlp_dim_01': 124, 'mlp_dim_02': 407, 'mlp_dim_03': 108, 'node_hidden_dim': 119, 'edge_hidden_dim': 32, 'depth': 1, 'rep_dropout': 0.04286587485345547, 'train_learning_rate': 0.0022495665959208367, 'train_lr_reduce': 0.6}. Best is trial 558 with value: 0.30280801653862.
[I 2024-12-20 01:32:18,392] Trial 2130 finished with value: 1.3354593515396118 and parameters: {'mlp_n_layers': 4, 'mlp_dim_00': 127, 'mlp_dim_01': 308, 'mlp_dim_02': 408, 'mlp_dim_03': 89, 'node_hidden_dim': 97, 'edge_hidden_dim': 60, 'depth': 1, 'rep_dropout': 0.0026992780905820725, 'train_learning_rate': 0.006793988307603318, 'train_lr_reduce': 0.6}. Best is trial 558 with value: 0.30280801653862.
[I 2024-12-20 01:32:21,251] Trial 2128 finished with value: 0.34315553307533264 and parameters: {'mlp_n_layers': 3, 'mlp_dim_00': 79, 'mlp_dim_01': 343, 'mlp_dim_02': 393, 'node_hidden_dim': 75, 'edge_hidden_dim': 42, 'depth': 1, 'rep_dropout': 0.01546950410650311, 'train_learning_rate': 0.0018195426967517493, 'train_lr_reduce': 0.6}. Best is trial 558 with value: 0.30280801653862.
[I 2024-12-20 01:32:23,664] Trial 2131 finished with value: 1.5848435163497925 and parameters: {'mlp_n_layers': 4, 'mlp_dim_00': 119, 'mlp_dim_01': 353, 'mlp_dim_02': 388, 'mlp_dim_03': 129, 'node_hidden_dim': 66, 'edge_hidden_dim': 84, 'depth': 2, 'rep_dropout': 0.0025049871734017515, 'train_learning_rate': 0.00010993273961033648, 'train_lr_reduce': 0.6}. Best is trial 558 with value: 0.30280801653862.
[I 2024-12-20 01:32:28,017] Trial 2133 finished with value: 1.447185754776001 and parameters: {'mlp_n_layers': 3, 'mlp_dim_00': 83, 'mlp_dim_01': 404, 'mlp_dim_02': 434, 'node_hidden_dim': 91, 'edge_hidden_dim': 36, 'depth': 1, 'rep_dropout': 0.023912279226916258, 'train_learning_rate': 0.001539229816437478, 'train_lr_reduce': 0.6}. Best is trial 558 with value: 0.30280801653862.
[I 2024-12-20 01:32:32,409] Trial 2134 finished with value: 1.3281421661376953 and parameters: {'mlp_n_layers': 1, 'mlp_dim_00': 187, 'node_hidden_dim': 72, 'edge_hidden_dim': 106, 'depth': 1, 'rep_dropout': 0.1394341054856621, 'train_learning_rate': 0.0028147878774842277, 'train_lr_reduce': 0.6}. Best is trial 558 with value: 0.30280801653862.
[I 2024-12-20 01:32:40,169] Trial 2129 finished with value: 0.39200231432914734 and parameters: {'mlp_n_layers': 4, 'mlp_dim_00': 495, 'mlp_dim_01': 391, 'mlp_dim_02': 438, 'mlp_dim_03': 151, 'node_hidden_dim': 104, 'edge_hidden_dim': 37, 'depth': 1, 'rep_dropout': 0.012365132503055924, 'train_learning_rate': 0.00289632704313778, 'train_lr_reduce': 0.6}. Best is trial 558 with value: 0.30280801653862.
[I 2024-12-20 01:32:40,483] Trial 2135 finished with value: 1.4125494956970215 and parameters: {'mlp_n_layers': 4, 'mlp_dim_00': 147, 'mlp_dim_01': 344, 'mlp_dim_02': 387, 'mlp_dim_03': 66, 'node_hidden_dim': 100, 'edge_hidden_dim': 52, 'depth': 2, 'rep_dropout': 0.05241793932972224, 'train_learning_rate': 0.002433880936000056, 'train_lr_reduce': 0.6}. Best is trial 558 with value: 0.30280801653862.
[I 2024-12-20 01:32:47,973] Trial 2136 finished with value: 1.373949646949768 and parameters: {'mlp_n_layers': 4, 'mlp_dim_00': 176, 'mlp_dim_01': 310, 'mlp_dim_02': 65, 'mlp_dim_03': 172, 'node_hidden_dim': 123, 'edge_hidden_dim': 33, 'depth': 2, 'rep_dropout': 0.03674470694568173, 'train_learning_rate': 0.0019107715162091326, 'train_lr_reduce': 0.6}. Best is trial 558 with value: 0.30280801653862.
[I 2024-12-20 01:32:52,298] Trial 2132 finished with value: 0.3708859384059906 and parameters: {'mlp_n_layers': 4, 'mlp_dim_00': 378, 'mlp_dim_01': 305, 'mlp_dim_02': 474, 'mlp_dim_03': 91, 'node_hidden_dim': 108, 'edge_hidden_dim': 44, 'depth': 1, 'rep_dropout': 0.03438124224936196, 'train_learning_rate': 0.009090887837125788, 'train_lr_reduce': 0.6}. Best is trial 558 with value: 0.30280801653862.
[I 2024-12-20 01:32:52,301] Trial 2138 finished with value: 1.5185879468917847 and parameters: {'mlp_n_layers': 2, 'mlp_dim_00': 431, 'mlp_dim_01': 394, 'node_hidden_dim': 106, 'edge_hidden_dim': 44, 'depth': 2, 'rep_dropout': 0.09009883064255822, 'train_learning_rate': 0.00010377105929587366, 'train_lr_reduce': 0.6}. Best is trial 558 with value: 0.30280801653862.
[I 2024-12-20 01:32:57,831] Trial 2139 finished with value: 1.2833565473556519 and parameters: {'mlp_n_layers': 3, 'mlp_dim_00': 374, 'mlp_dim_01': 338, 'mlp_dim_02': 480, 'node_hidden_dim': 80, 'edge_hidden_dim': 127, 'depth': 3, 'rep_dropout': 0.045537795703013, 'train_learning_rate': 0.005335728830141218, 'train_lr_reduce': 0.6}. Best is trial 558 with value: 0.30280801653862.
[I 2024-12-20 01:32:58,396] Trial 2137 finished with value: 0.3634840250015259 and parameters: {'mlp_n_layers': 4, 'mlp_dim_00': 204, 'mlp_dim_01': 362, 'mlp_dim_02': 444, 'mlp_dim_03': 67, 'node_hidden_dim': 107, 'edge_hidden_dim': 32, 'depth': 1, 'rep_dropout': 0.010670049538089693, 'train_learning_rate': 0.0015723809492819466, 'train_lr_reduce': 0.6}. Best is trial 558 with value: 0.30280801653862.
[I 2024-12-20 01:33:02,916] Trial 2142 finished with value: 1.5234788656234741 and parameters: {'mlp_n_layers': 4, 'mlp_dim_00': 139, 'mlp_dim_01': 134, 'mlp_dim_02': 397, 'mlp_dim_03': 156, 'node_hidden_dim': 102, 'edge_hidden_dim': 32, 'depth': 2, 'rep_dropout': 0.03568711587483944, 'train_learning_rate': 0.001490092230796333, 'train_lr_reduce': 0.6}. Best is trial 558 with value: 0.30280801653862.
[I 2024-12-20 01:33:03,194] Trial 2140 finished with value: 0.42797237634658813 and parameters: {'mlp_n_layers': 3, 'mlp_dim_00': 201, 'mlp_dim_01': 313, 'mlp_dim_02': 390, 'node_hidden_dim': 101, 'edge_hidden_dim': 32, 'depth': 1, 'rep_dropout': 0.03319105132171518, 'train_learning_rate': 0.0036113278523656825, 'train_lr_reduce': 0.6}. Best is trial 558 with value: 0.30280801653862.
[I 2024-12-20 01:33:05,323] Trial 2141 finished with value: 1.3576582670211792 and parameters: {'mlp_n_layers': 4, 'mlp_dim_00': 136, 'mlp_dim_01': 367, 'mlp_dim_02': 422, 'mlp_dim_03': 133, 'node_hidden_dim': 110, 'edge_hidden_dim': 128, 'depth': 2, 'rep_dropout': 0.042157224477765876, 'train_learning_rate': 0.0009866086605509856, 'train_lr_reduce': 0.6}. Best is trial 558 with value: 0.30280801653862.
[I 2024-12-20 01:33:06,744] Trial 2143 finished with value: 1.5548187494277954 and parameters: {'mlp_n_layers': 2, 'mlp_dim_00': 173, 'mlp_dim_01': 306, 'node_hidden_dim': 88, 'edge_hidden_dim': 59, 'depth': 4, 'rep_dropout': 0.01812293680764114, 'train_learning_rate': 0.00028113995848144023, 'train_lr_reduce': 0.6}. Best is trial 558 with value: 0.30280801653862.
[I 2024-12-20 01:33:07,276] Trial 2144 finished with value: 1.5286026000976562 and parameters: {'mlp_n_layers': 3, 'mlp_dim_00': 507, 'mlp_dim_01': 391, 'mlp_dim_02': 448, 'node_hidden_dim': 100, 'edge_hidden_dim': 64, 'depth': 2, 'rep_dropout': 0.047951982131279214, 'train_learning_rate': 0.0007310453838596896, 'train_lr_reduce': 0.6}. Best is trial 558 with value: 0.30280801653862.
[I 2024-12-20 01:33:08,916] Trial 2145 finished with value: 1.5786042213439941 and parameters: {'mlp_n_layers': 3, 'mlp_dim_00': 372, 'mlp_dim_01': 345, 'mlp_dim_02': 379, 'node_hidden_dim': 55, 'edge_hidden_dim': 50, 'depth': 2, 'rep_dropout': 0.06160937296462244, 'train_learning_rate': 0.00024918389842166117, 'train_lr_reduce': 0.6}. Best is trial 558 with value: 0.30280801653862.
[I 2024-12-20 01:33:10,623] Trial 2146 finished with value: 1.5503790378570557 and parameters: {'mlp_n_layers': 4, 'mlp_dim_00': 112, 'mlp_dim_01': 305, 'mlp_dim_02': 484, 'mlp_dim_03': 174, 'node_hidden_dim': 109, 'edge_hidden_dim': 35, 'depth': 2, 'rep_dropout': 0.0389159636515876, 'train_learning_rate': 0.0008136278873681882, 'train_lr_reduce': 0.6}. Best is trial 558 with value: 0.30280801653862.
[I 2024-12-20 01:33:13,254] Trial 2148 finished with value: 1.563485026359558 and parameters: {'mlp_n_layers': 4, 'mlp_dim_00': 183, 'mlp_dim_01': 397, 'mlp_dim_02': 374, 'mlp_dim_03': 116, 'node_hidden_dim': 79, 'edge_hidden_dim': 44, 'depth': 2, 'rep_dropout': 0.016446380869175152, 'train_learning_rate': 0.0011339658058163449, 'train_lr_reduce': 0.6}. Best is trial 558 with value: 0.30280801653862.
[I 2024-12-20 01:33:15,587] Trial 2149 finished with value: 1.5601626634597778 and parameters: {'mlp_n_layers': 2, 'mlp_dim_00': 406, 'mlp_dim_01': 332, 'node_hidden_dim': 108, 'edge_hidden_dim': 34, 'depth': 4, 'rep_dropout': 0.13494641425269738, 'train_learning_rate': 0.00027928751531302286, 'train_lr_reduce': 0.6}. Best is trial 558 with value: 0.30280801653862.
[I 2024-12-20 01:33:17,453] Trial 2150 finished with value: 1.5624663829803467 and parameters: {'mlp_n_layers': 4, 'mlp_dim_00': 486, 'mlp_dim_01': 298, 'mlp_dim_02': 417, 'mlp_dim_03': 66, 'node_hidden_dim': 93, 'edge_hidden_dim': 33, 'depth': 2, 'rep_dropout': 0.09419360929384843, 'train_learning_rate': 0.001848055490317865, 'train_lr_reduce': 0.6}. Best is trial 558 with value: 0.30280801653862.
[I 2024-12-20 01:33:22,252] Trial 2152 finished with value: 1.4965462684631348 and parameters: {'mlp_n_layers': 4, 'mlp_dim_00': 80, 'mlp_dim_01': 411, 'mlp_dim_02': 380, 'mlp_dim_03': 180, 'node_hidden_dim': 63, 'edge_hidden_dim': 74, 'depth': 4, 'rep_dropout': 0.025443476897964, 'train_learning_rate': 0.0018066478076986256, 'train_lr_reduce': 0.6}. Best is trial 558 with value: 0.30280801653862.
[I 2024-12-20 01:33:26,383] Trial 2153 finished with value: 1.325387716293335 and parameters: {'mlp_n_layers': 4, 'mlp_dim_00': 342, 'mlp_dim_01': 296, 'mlp_dim_02': 444, 'mlp_dim_03': 394, 'node_hidden_dim': 91, 'edge_hidden_dim': 32, 'depth': 1, 'rep_dropout': 0.0005768067259607143, 'train_learning_rate': 0.0031742893123349793, 'train_lr_reduce': 0.6}. Best is trial 558 with value: 0.30280801653862.
[I 2024-12-20 01:33:27,518] Trial 2147 finished with value: 0.41662174463272095 and parameters: {'mlp_n_layers': 4, 'mlp_dim_00': 184, 'mlp_dim_01': 357, 'mlp_dim_02': 429, 'mlp_dim_03': 111, 'node_hidden_dim': 102, 'edge_hidden_dim': 35, 'depth': 1, 'rep_dropout': 0.053738176145186, 'train_learning_rate': 0.0024647925440143483, 'train_lr_reduce': 0.6}. Best is trial 558 with value: 0.30280801653862.
[I 2024-12-20 01:33:30,866] Trial 2151 finished with value: 0.4043727219104767 and parameters: {'mlp_n_layers': 4, 'mlp_dim_00': 87, 'mlp_dim_01': 364, 'mlp_dim_02': 511, 'mlp_dim_03': 129, 'node_hidden_dim': 99, 'edge_hidden_dim': 58, 'depth': 1, 'rep_dropout': 0.011883078258134096, 'train_learning_rate': 0.0014752908060500297, 'train_lr_reduce': 0.6}. Best is trial 558 with value: 0.30280801653862.
