[I 2024-12-25 16:46:34,743] Trial 480 finished with value: 0.08388169854879379 and parameters: {'L1_hidden_dim': 96, 'L1_layers_atom': 3, 'L1_layers_mol': 2, 'L1_dropout': 0.26894479763126633, 'L1_out_dim': 64, 'L2_hidden_dim': 192, 'L2_layers_atom': 2, 'L2_layers_mol': 1, 'L2_out_dim': 32, 'L2_dropout': 0.042452879589801824, 'L3_hidden_dim': 80, 'L3_layers_atom': 4, 'L3_layers_mol': 1, 'L3_out_dim': 64, 'L3_dropout': 0.2734646443326449, 'n_mlp_layers': 3, 'mlp_dim_0': 352, 'mlp_dim_1': 392, 'mlp_dim_2': 88, 'num_heads': 1, 'final_dropout': 0.035014979684742535, 'train_learning_rate': 0.0024489563107178663, 'train_lr_reduce': 0.6}. Best is trial 332 with value: 0.04597867280244827.
[I 2024-12-25 16:46:50,306] Trial 482 finished with value: 0.8860236406326294 and parameters: {'L1_hidden_dim': 64, 'L1_layers_atom': 4, 'L1_layers_mol': 4, 'L1_dropout': 0.17153535355620952, 'L1_out_dim': 128, 'L2_hidden_dim': 240, 'L2_layers_atom': 3, 'L2_layers_mol': 4, 'L2_out_dim': 96, 'L2_dropout': 0.024702523369708632, 'L3_hidden_dim': 80, 'L3_layers_atom': 2, 'L3_layers_mol': 1, 'L3_out_dim': 128, 'L3_dropout': 0.2222757796433591, 'n_mlp_layers': 3, 'mlp_dim_0': 344, 'mlp_dim_1': 304, 'mlp_dim_2': 192, 'num_heads': 1, 'final_dropout': 0.049717482623822015, 'train_learning_rate': 0.00949524867832939, 'train_lr_reduce': 0.6}. Best is trial 332 with value: 0.04597867280244827.
[I 2024-12-25 16:48:02,171] Trial 484 finished with value: 0.11167693138122559 and parameters: {'L1_hidden_dim': 112, 'L1_layers_atom': 4, 'L1_layers_mol': 3, 'L1_dropout': 0.1488286544749893, 'L1_out_dim': 128, 'L2_hidden_dim': 208, 'L2_layers_atom': 3, 'L2_layers_mol': 3, 'L2_out_dim': 128, 'L2_dropout': 0.09235876499216689, 'L3_hidden_dim': 112, 'L3_layers_atom': 3, 'L3_layers_mol': 2, 'L3_out_dim': 128, 'L3_dropout': 0.18470132916076523, 'n_mlp_layers': 3, 'mlp_dim_0': 320, 'mlp_dim_1': 408, 'mlp_dim_2': 128, 'num_heads': 1, 'final_dropout': 0.11391027674359462, 'train_learning_rate': 0.0012771040711321972, 'train_lr_reduce': 0.6}. Best is trial 332 with value: 0.04597867280244827.
[I 2024-12-25 16:48:09,933] Trial 483 finished with value: 0.0747082382440567 and parameters: {'L1_hidden_dim': 64, 'L1_layers_atom': 1, 'L1_layers_mol': 2, 'L1_dropout': 0.1853688463994047, 'L1_out_dim': 80, 'L2_hidden_dim': 128, 'L2_layers_atom': 1, 'L2_layers_mol': 2, 'L2_out_dim': 96, 'L2_dropout': 0.023027088065085334, 'L3_hidden_dim': 128, 'L3_layers_atom': 4, 'L3_layers_mol': 1, 'L3_out_dim': 80, 'L3_dropout': 0.21494031334038405, 'n_mlp_layers': 2, 'mlp_dim_0': 504, 'mlp_dim_1': 408, 'num_heads': 1, 'final_dropout': 0.05842785286828607, 'train_learning_rate': 0.0003668865156640498, 'train_lr_reduce': 0.6}. Best is trial 332 with value: 0.04597867280244827.
[I 2024-12-25 16:48:32,476] Trial 481 finished with value: 0.0626588687300682 and parameters: {'L1_hidden_dim': 80, 'L1_layers_atom': 4, 'L1_layers_mol': 3, 'L1_dropout': 0.22470637082109757, 'L1_out_dim': 96, 'L2_hidden_dim': 192, 'L2_layers_atom': 3, 'L2_layers_mol': 1, 'L2_out_dim': 128, 'L2_dropout': 0.001115087357549574, 'L3_hidden_dim': 48, 'L3_layers_atom': 4, 'L3_layers_mol': 3, 'L3_out_dim': 128, 'L3_dropout': 0.26009752417457577, 'n_mlp_layers': 2, 'mlp_dim_0': 64, 'mlp_dim_1': 400, 'num_heads': 2, 'final_dropout': 0.009597002112680424, 'train_learning_rate': 0.00044321706246461566, 'train_lr_reduce': 0.6}. Best is trial 332 with value: 0.04597867280244827.
[I 2024-12-25 16:48:53,355] Trial 487 finished with value: 1.1541557312011719 and parameters: {'L1_hidden_dim': 64, 'L1_layers_atom': 4, 'L1_layers_mol': 3, 'L1_dropout': 0.2059861786196894, 'L1_out_dim': 64, 'L2_hidden_dim': 224, 'L2_layers_atom': 3, 'L2_layers_mol': 2, 'L2_out_dim': 32, 'L2_dropout': 0.03605192344385189, 'L3_hidden_dim': 64, 'L3_layers_atom': 4, 'L3_layers_mol': 2, 'L3_out_dim': 96, 'L3_dropout': 0.09356481021882586, 'n_mlp_layers': 3, 'mlp_dim_0': 376, 'mlp_dim_1': 360, 'mlp_dim_2': 184, 'num_heads': 1, 'final_dropout': 0.24784153097222858, 'train_learning_rate': 0.00043917173616557704, 'train_lr_reduce': 0.6}. Best is trial 332 with value: 0.04597867280244827.
[I 2024-12-25 16:49:17,991] Trial 485 finished with value: 0.13571807742118835 and parameters: {'L1_hidden_dim': 128, 'L1_layers_atom': 3, 'L1_layers_mol': 2, 'L1_dropout': 0.2550087190297597, 'L1_out_dim': 112, 'L2_hidden_dim': 240, 'L2_layers_atom': 4, 'L2_layers_mol': 4, 'L2_out_dim': 96, 'L2_dropout': 0.011003669063437391, 'L3_hidden_dim': 112, 'L3_layers_atom': 1, 'L3_layers_mol': 1, 'L3_out_dim': 112, 'L3_dropout': 0.13465827390828983, 'n_mlp_layers': 3, 'mlp_dim_0': 488, 'mlp_dim_1': 360, 'mlp_dim_2': 80, 'num_heads': 1, 'final_dropout': 0.0865103899921145, 'train_learning_rate': 0.0056541329891359755, 'train_lr_reduce': 0.6}. Best is trial 332 with value: 0.04597867280244827.
[I 2024-12-25 16:49:55,764] Trial 486 finished with value: 0.07231511920690536 and parameters: {'L1_hidden_dim': 64, 'L1_layers_atom': 3, 'L1_layers_mol': 3, 'L1_dropout': 0.2471129308763005, 'L1_out_dim': 96, 'L2_hidden_dim': 256, 'L2_layers_atom': 2, 'L2_layers_mol': 2, 'L2_out_dim': 128, 'L2_dropout': 0.03787433512630731, 'L3_hidden_dim': 32, 'L3_layers_atom': 4, 'L3_layers_mol': 2, 'L3_out_dim': 128, 'L3_dropout': 0.2976005704780771, 'n_mlp_layers': 2, 'mlp_dim_0': 96, 'mlp_dim_1': 416, 'num_heads': 2, 'final_dropout': 0.1021603877185121, 'train_learning_rate': 0.0009467903222250821, 'train_lr_reduce': 0.6}. Best is trial 332 with value: 0.04597867280244827.
[I 2024-12-25 16:50:19,892] Trial 488 finished with value: 0.10786992311477661 and parameters: {'L1_hidden_dim': 144, 'L1_layers_atom': 3, 'L1_layers_mol': 3, 'L1_dropout': 0.12519044876962288, 'L1_out_dim': 96, 'L2_hidden_dim': 240, 'L2_layers_atom': 3, 'L2_layers_mol': 4, 'L2_out_dim': 112, 'L2_dropout': 0.01621574925048601, 'L3_hidden_dim': 64, 'L3_layers_atom': 2, 'L3_layers_mol': 1, 'L3_out_dim': 112, 'L3_dropout': 0.14199248615391316, 'n_mlp_layers': 3, 'mlp_dim_0': 408, 'mlp_dim_1': 368, 'mlp_dim_2': 128, 'num_heads': 1, 'final_dropout': 0.06743805803866684, 'train_learning_rate': 0.0007529625255319872, 'train_lr_reduce': 0.6}. Best is trial 332 with value: 0.04597867280244827.
[I 2024-12-25 16:51:22,968] Trial 489 finished with value: 0.05869855731725693 and parameters: {'L1_hidden_dim': 64, 'L1_layers_atom': 3, 'L1_layers_mol': 3, 'L1_dropout': 0.2709707257307671, 'L1_out_dim': 112, 'L2_hidden_dim': 176, 'L2_layers_atom': 2, 'L2_layers_mol': 1, 'L2_out_dim': 128, 'L2_dropout': 0.03156996080966744, 'L3_hidden_dim': 32, 'L3_layers_atom': 4, 'L3_layers_mol': 4, 'L3_out_dim': 96, 'L3_dropout': 0.2646434012293421, 'n_mlp_layers': 2, 'mlp_dim_0': 96, 'mlp_dim_1': 400, 'num_heads': 2, 'final_dropout': 0.049410470108628396, 'train_learning_rate': 0.00046653758167958156, 'train_lr_reduce': 0.6}. Best is trial 332 with value: 0.04597867280244827.
[I 2024-12-25 16:51:29,951] Trial 490 finished with value: 0.06264251470565796 and parameters: {'L1_hidden_dim': 112, 'L1_layers_atom': 2, 'L1_layers_mol': 4, 'L1_dropout': 0.28214627986361085, 'L1_out_dim': 128, 'L2_hidden_dim': 256, 'L2_layers_atom': 2, 'L2_layers_mol': 1, 'L2_out_dim': 128, 'L2_dropout': 0.05180798403860304, 'L3_hidden_dim': 80, 'L3_layers_atom': 4, 'L3_layers_mol': 2, 'L3_out_dim': 128, 'L3_dropout': 0.288020661466373, 'n_mlp_layers': 3, 'mlp_dim_0': 232, 'mlp_dim_1': 312, 'mlp_dim_2': 216, 'num_heads': 2, 'final_dropout': 0.02249373592343742, 'train_learning_rate': 0.0008157159380913003, 'train_lr_reduce': 0.6}. Best is trial 332 with value: 0.04597867280244827.
[I 2024-12-25 16:52:17,509] Trial 491 finished with value: 0.07270382344722748 and parameters: {'L1_hidden_dim': 80, 'L1_layers_atom': 2, 'L1_layers_mol': 4, 'L1_dropout': 0.18245066434322937, 'L1_out_dim': 96, 'L2_hidden_dim': 256, 'L2_layers_atom': 4, 'L2_layers_mol': 4, 'L2_out_dim': 112, 'L2_dropout': 0.04013650231566827, 'L3_hidden_dim': 80, 'L3_layers_atom': 3, 'L3_layers_mol': 1, 'L3_out_dim': 128, 'L3_dropout': 0.18014805283920715, 'n_mlp_layers': 3, 'mlp_dim_0': 480, 'mlp_dim_1': 400, 'mlp_dim_2': 80, 'num_heads': 1, 'final_dropout': 0.13855417481515486, 'train_learning_rate': 0.0013656978401636868, 'train_lr_reduce': 0.6}. Best is trial 332 with value: 0.04597867280244827.
[I 2024-12-25 16:53:11,536] Trial 492 finished with value: 0.0657702162861824 and parameters: {'L1_hidden_dim': 80, 'L1_layers_atom': 3, 'L1_layers_mol': 3, 'L1_dropout': 0.29713056313783587, 'L1_out_dim': 96, 'L2_hidden_dim': 240, 'L2_layers_atom': 4, 'L2_layers_mol': 1, 'L2_out_dim': 128, 'L2_dropout': 0.021198342412938078, 'L3_hidden_dim': 48, 'L3_layers_atom': 4, 'L3_layers_mol': 3, 'L3_out_dim': 96, 'L3_dropout': 0.2690415858039955, 'n_mlp_layers': 2, 'mlp_dim_0': 40, 'mlp_dim_1': 392, 'num_heads': 2, 'final_dropout': 0.008589467192895203, 'train_learning_rate': 0.0010012212916287798, 'train_lr_reduce': 0.6}. Best is trial 332 with value: 0.04597867280244827.
[I 2024-12-25 16:53:42,196] Trial 493 finished with value: 0.07476405799388885 and parameters: {'L1_hidden_dim': 64, 'L1_layers_atom': 4, 'L1_layers_mol': 3, 'L1_dropout': 0.260782648667843, 'L1_out_dim': 128, 'L2_hidden_dim': 240, 'L2_layers_atom': 2, 'L2_layers_mol': 1, 'L2_out_dim': 128, 'L2_dropout': 0.030309982970635287, 'L3_hidden_dim': 32, 'L3_layers_atom': 4, 'L3_layers_mol': 2, 'L3_out_dim': 112, 'L3_dropout': 0.25424359923458445, 'n_mlp_layers': 1, 'mlp_dim_0': 224, 'num_heads': 2, 'final_dropout': 0.0141574816415528, 'train_learning_rate': 0.0009378765661952486, 'train_lr_reduce': 0.6}. Best is trial 332 with value: 0.04597867280244827.
[I 2024-12-25 16:53:42,567] Trial 494 finished with value: 0.07619702070951462 and parameters: {'L1_hidden_dim': 128, 'L1_layers_atom': 2, 'L1_layers_mol': 4, 'L1_dropout': 0.26936462901681785, 'L1_out_dim': 128, 'L2_hidden_dim': 240, 'L2_layers_atom': 2, 'L2_layers_mol': 1, 'L2_out_dim': 128, 'L2_dropout': 0.05074055685012744, 'L3_hidden_dim': 96, 'L3_layers_atom': 3, 'L3_layers_mol': 2, 'L3_out_dim': 128, 'L3_dropout': 0.22476072411097892, 'n_mlp_layers': 2, 'mlp_dim_0': 184, 'mlp_dim_1': 344, 'num_heads': 2, 'final_dropout': 0.06758737938838821, 'train_learning_rate': 0.001144561982466916, 'train_lr_reduce': 0.6}. Best is trial 332 with value: 0.04597867280244827.
[I 2024-12-25 16:55:22,193] Trial 495 finished with value: 0.0912867859005928 and parameters: {'L1_hidden_dim': 144, 'L1_layers_atom': 3, 'L1_layers_mol': 3, 'L1_dropout': 0.18610260185591548, 'L1_out_dim': 112, 'L2_hidden_dim': 160, 'L2_layers_atom': 1, 'L2_layers_mol': 1, 'L2_out_dim': 128, 'L2_dropout': 0.10191422377321291, 'L3_hidden_dim': 32, 'L3_layers_atom': 4, 'L3_layers_mol': 4, 'L3_out_dim': 96, 'L3_dropout': 0.2856868296298186, 'n_mlp_layers': 2, 'mlp_dim_0': 88, 'mlp_dim_1': 336, 'num_heads': 1, 'final_dropout': 0.031005206249235407, 'train_learning_rate': 0.00025426669834448826, 'train_lr_reduce': 0.6}. Best is trial 332 with value: 0.04597867280244827.
[I 2024-12-25 16:55:27,616] Trial 496 finished with value: 0.0631275549530983 and parameters: {'L1_hidden_dim': 64, 'L1_layers_atom': 3, 'L1_layers_mol': 2, 'L1_dropout': 0.28913015322801144, 'L1_out_dim': 112, 'L2_hidden_dim': 160, 'L2_layers_atom': 2, 'L2_layers_mol': 1, 'L2_out_dim': 112, 'L2_dropout': 0.036430550292857744, 'L3_hidden_dim': 32, 'L3_layers_atom': 4, 'L3_layers_mol': 4, 'L3_out_dim': 80, 'L3_dropout': 0.20973630356462292, 'n_mlp_layers': 2, 'mlp_dim_0': 88, 'mlp_dim_1': 376, 'num_heads': 2, 'final_dropout': 0.029885093446917903, 'train_learning_rate': 0.001025347214749457, 'train_lr_reduce': 0.6}. Best is trial 332 with value: 0.04597867280244827.
[I 2024-12-25 16:56:27,688] Trial 497 finished with value: 0.07087896764278412 and parameters: {'L1_hidden_dim': 96, 'L1_layers_atom': 2, 'L1_layers_mol': 3, 'L1_dropout': 0.18114559270341343, 'L1_out_dim': 128, 'L2_hidden_dim': 112, 'L2_layers_atom': 2, 'L2_layers_mol': 2, 'L2_out_dim': 128, 'L2_dropout': 0.02646295904863442, 'L3_hidden_dim': 32, 'L3_layers_atom': 4, 'L3_layers_mol': 4, 'L3_out_dim': 48, 'L3_dropout': 0.1982483052506644, 'n_mlp_layers': 3, 'mlp_dim_0': 176, 'mlp_dim_1': 376, 'mlp_dim_2': 264, 'num_heads': 2, 'final_dropout': 0.03686576599679773, 'train_learning_rate': 0.0005217054518934008, 'train_lr_reduce': 0.6}. Best is trial 332 with value: 0.04597867280244827.
[I 2024-12-25 16:57:18,260] Trial 498 finished with value: 0.07621599733829498 and parameters: {'L1_hidden_dim': 144, 'L1_layers_atom': 4, 'L1_layers_mol': 3, 'L1_dropout': 0.22646459572670832, 'L1_out_dim': 80, 'L2_hidden_dim': 144, 'L2_layers_atom': 3, 'L2_layers_mol': 1, 'L2_out_dim': 112, 'L2_dropout': 0.0375968305312699, 'L3_hidden_dim': 64, 'L3_layers_atom': 4, 'L3_layers_mol': 3, 'L3_out_dim': 128, 'L3_dropout': 0.17743713088462001, 'n_mlp_layers': 2, 'mlp_dim_0': 144, 'mlp_dim_1': 392, 'num_heads': 2, 'final_dropout': 0.029917360115894513, 'train_learning_rate': 0.00030922240908216143, 'train_lr_reduce': 0.6}. Best is trial 332 with value: 0.04597867280244827.
[I 2024-12-25 16:57:40,559] Trial 499 finished with value: 0.09518972784280777 and parameters: {'L1_hidden_dim': 112, 'L1_layers_atom': 4, 'L1_layers_mol': 3, 'L1_dropout': 0.23041399653333058, 'L1_out_dim': 80, 'L2_hidden_dim': 256, 'L2_layers_atom': 4, 'L2_layers_mol': 3, 'L2_out_dim': 128, 'L2_dropout': 0.0468398582155699, 'L3_hidden_dim': 48, 'L3_layers_atom': 2, 'L3_layers_mol': 3, 'L3_out_dim': 96, 'L3_dropout': 0.1174048596212687, 'n_mlp_layers': 3, 'mlp_dim_0': 496, 'mlp_dim_1': 328, 'mlp_dim_2': 200, 'num_heads': 1, 'final_dropout': 0.018422973972229098, 'train_learning_rate': 0.008431026710915702, 'train_lr_reduce': 0.6}. Best is trial 332 with value: 0.04597867280244827.
[I 2024-12-25 16:58:30,694] Trial 500 finished with value: 0.0837385505437851 and parameters: {'L1_hidden_dim': 144, 'L1_layers_atom': 1, 'L1_layers_mol': 1, 'L1_dropout': 0.17238454040856588, 'L1_out_dim': 64, 'L2_hidden_dim': 256, 'L2_layers_atom': 3, 'L2_layers_mol': 2, 'L2_out_dim': 96, 'L2_dropout': 0.0077964213718894155, 'L3_hidden_dim': 112, 'L3_layers_atom': 4, 'L3_layers_mol': 4, 'L3_out_dim': 80, 'L3_dropout': 0.17002080947027723, 'n_mlp_layers': 2, 'mlp_dim_0': 176, 'mlp_dim_1': 384, 'num_heads': 2, 'final_dropout': 0.28708573994268355, 'train_learning_rate': 0.0004797598706730178, 'train_lr_reduce': 0.6}. Best is trial 332 with value: 0.04597867280244827.
[I 2024-12-25 16:58:44,761] Trial 501 finished with value: 0.0799841359257698 and parameters: {'L1_hidden_dim': 128, 'L1_layers_atom': 3, 'L1_layers_mol': 2, 'L1_dropout': 0.26510961152184825, 'L1_out_dim': 112, 'L2_hidden_dim': 160, 'L2_layers_atom': 1, 'L2_layers_mol': 2, 'L2_out_dim': 80, 'L2_dropout': 0.0006702440955803565, 'L3_hidden_dim': 32, 'L3_layers_atom': 4, 'L3_layers_mol': 3, 'L3_out_dim': 64, 'L3_dropout': 0.18019626014440018, 'n_mlp_layers': 2, 'mlp_dim_0': 80, 'mlp_dim_1': 320, 'num_heads': 2, 'final_dropout': 0.035117268434365655, 'train_learning_rate': 0.002307437255048704, 'train_lr_reduce': 0.6}. Best is trial 332 with value: 0.04597867280244827.
[I 2024-12-25 16:59:54,301] Trial 504 finished with value: 0.0913013219833374 and parameters: {'L1_hidden_dim': 128, 'L1_layers_atom': 3, 'L1_layers_mol': 1, 'L1_dropout': 0.2502470658731699, 'L1_out_dim': 112, 'L2_hidden_dim': 144, 'L2_layers_atom': 3, 'L2_layers_mol': 1, 'L2_out_dim': 128, 'L2_dropout': 0.03673696303385752, 'L3_hidden_dim': 48, 'L3_layers_atom': 4, 'L3_layers_mol': 4, 'L3_out_dim': 80, 'L3_dropout': 0.21348851740720534, 'n_mlp_layers': 2, 'mlp_dim_0': 64, 'mlp_dim_1': 416, 'num_heads': 1, 'final_dropout': 0.16669243238656306, 'train_learning_rate': 0.0030371531153021774, 'train_lr_reduce': 0.6}. Best is trial 332 with value: 0.04597867280244827.
[I 2024-12-25 17:00:40,383] Trial 502 finished with value: 0.06258033961057663 and parameters: {'L1_hidden_dim': 64, 'L1_layers_atom': 4, 'L1_layers_mol': 4, 'L1_dropout': 0.12097522142410391, 'L1_out_dim': 112, 'L2_hidden_dim': 176, 'L2_layers_atom': 3, 'L2_layers_mol': 1, 'L2_out_dim': 128, 'L2_dropout': 0.011008344170857966, 'L3_hidden_dim': 32, 'L3_layers_atom': 3, 'L3_layers_mol': 2, 'L3_out_dim': 128, 'L3_dropout': 0.23603503203847231, 'n_mlp_layers': 1, 'mlp_dim_0': 96, 'num_heads': 2, 'final_dropout': 0.0017833780739479228, 'train_learning_rate': 0.0004523877094631869, 'train_lr_reduce': 0.6}. Best is trial 332 with value: 0.04597867280244827.
[I 2024-12-25 17:02:01,586] Trial 503 finished with value: 0.08349420130252838 and parameters: {'L1_hidden_dim': 80, 'L1_layers_atom': 3, 'L1_layers_mol': 2, 'L1_dropout': 0.2403535235627678, 'L1_out_dim': 32, 'L2_hidden_dim': 240, 'L2_layers_atom': 4, 'L2_layers_mol': 1, 'L2_out_dim': 80, 'L2_dropout': 0.11812918561187996, 'L3_hidden_dim': 48, 'L3_layers_atom': 4, 'L3_layers_mol': 1, 'L3_out_dim': 112, 'L3_dropout': 0.1784968977677169, 'n_mlp_layers': 2, 'mlp_dim_0': 96, 'mlp_dim_1': 408, 'num_heads': 2, 'final_dropout': 0.19561092538097039, 'train_learning_rate': 0.00011088267782876905, 'train_lr_reduce': 0.6}. Best is trial 332 with value: 0.04597867280244827.
[I 2024-12-25 17:02:06,898] Trial 505 finished with value: 0.06430879235267639 and parameters: {'L1_hidden_dim': 128, 'L1_layers_atom': 1, 'L1_layers_mol': 4, 'L1_dropout': 0.2837798326928947, 'L1_out_dim': 112, 'L2_hidden_dim': 240, 'L2_layers_atom': 3, 'L2_layers_mol': 2, 'L2_out_dim': 128, 'L2_dropout': 0.029735657190308292, 'L3_hidden_dim': 80, 'L3_layers_atom': 4, 'L3_layers_mol': 2, 'L3_out_dim': 128, 'L3_dropout': 0.2138174322661504, 'n_mlp_layers': 3, 'mlp_dim_0': 176, 'mlp_dim_1': 368, 'mlp_dim_2': 200, 'num_heads': 2, 'final_dropout': 0.05140222442896765, 'train_learning_rate': 0.00021844364694331565, 'train_lr_reduce': 0.6}. Best is trial 332 with value: 0.04597867280244827.
[I 2024-12-25 17:03:12,408] Trial 506 finished with value: 0.06652520596981049 and parameters: {'L1_hidden_dim': 64, 'L1_layers_atom': 4, 'L1_layers_mol': 4, 'L1_dropout': 0.11030210223079272, 'L1_out_dim': 112, 'L2_hidden_dim': 208, 'L2_layers_atom': 3, 'L2_layers_mol': 2, 'L2_out_dim': 128, 'L2_dropout': 0.059358795733153086, 'L3_hidden_dim': 32, 'L3_layers_atom': 3, 'L3_layers_mol': 2, 'L3_out_dim': 128, 'L3_dropout': 0.2649562789398596, 'n_mlp_layers': 2, 'mlp_dim_0': 256, 'mlp_dim_1': 320, 'num_heads': 2, 'final_dropout': 0.003650353921275518, 'train_learning_rate': 0.000699753039626396, 'train_lr_reduce': 0.6}. Best is trial 332 with value: 0.04597867280244827.
[I 2024-12-25 17:04:04,568] Trial 507 finished with value: 0.06608762592077255 and parameters: {'L1_hidden_dim': 80, 'L1_layers_atom': 2, 'L1_layers_mol': 1, 'L1_dropout': 0.2794219754549614, 'L1_out_dim': 112, 'L2_hidden_dim': 176, 'L2_layers_atom': 2, 'L2_layers_mol': 1, 'L2_out_dim': 128, 'L2_dropout': 0.016225096827451227, 'L3_hidden_dim': 48, 'L3_layers_atom': 3, 'L3_layers_mol': 3, 'L3_out_dim': 96, 'L3_dropout': 0.12708320451376173, 'n_mlp_layers': 1, 'mlp_dim_0': 112, 'num_heads': 2, 'final_dropout': 0.016681026304172925, 'train_learning_rate': 0.0004762701272621054, 'train_lr_reduce': 0.6}. Best is trial 332 with value: 0.04597867280244827.
[I 2024-12-25 17:04:22,151] Trial 508 finished with value: 0.07452969998121262 and parameters: {'L1_hidden_dim': 96, 'L1_layers_atom': 4, 'L1_layers_mol': 3, 'L1_dropout': 0.015817239534171842, 'L1_out_dim': 96, 'L2_hidden_dim': 240, 'L2_layers_atom': 4, 'L2_layers_mol': 1, 'L2_out_dim': 112, 'L2_dropout': 0.011039294702056687, 'L3_hidden_dim': 48, 'L3_layers_atom': 2, 'L3_layers_mol': 1, 'L3_out_dim': 128, 'L3_dropout': 0.278733030307841, 'n_mlp_layers': 1, 'mlp_dim_0': 32, 'num_heads': 2, 'final_dropout': 0.03652512954821162, 'train_learning_rate': 0.00022368603204903713, 'train_lr_reduce': 0.6}. Best is trial 332 with value: 0.04597867280244827.
[I 2024-12-25 17:05:00,418] Trial 509 finished with value: 0.07824558764696121 and parameters: {'L1_hidden_dim': 112, 'L1_layers_atom': 3, 'L1_layers_mol': 2, 'L1_dropout': 0.2869621653792452, 'L1_out_dim': 128, 'L2_hidden_dim': 176, 'L2_layers_atom': 3, 'L2_layers_mol': 1, 'L2_out_dim': 128, 'L2_dropout': 0.0855401985085224, 'L3_hidden_dim': 32, 'L3_layers_atom': 4, 'L3_layers_mol': 4, 'L3_out_dim': 96, 'L3_dropout': 0.2611484950002504, 'n_mlp_layers': 2, 'mlp_dim_0': 152, 'mlp_dim_1': 360, 'num_heads': 2, 'final_dropout': 0.10439597233503309, 'train_learning_rate': 0.0005841350619935676, 'train_lr_reduce': 0.6}. Best is trial 332 with value: 0.04597867280244827.
[I 2024-12-25 17:05:17,402] Trial 510 finished with value: 0.07655685395002365 and parameters: {'L1_hidden_dim': 96, 'L1_layers_atom': 1, 'L1_layers_mol': 3, 'L1_dropout': 0.28270093075810054, 'L1_out_dim': 112, 'L2_hidden_dim': 224, 'L2_layers_atom': 2, 'L2_layers_mol': 2, 'L2_out_dim': 128, 'L2_dropout': 0.06698591189729262, 'L3_hidden_dim': 80, 'L3_layers_atom': 4, 'L3_layers_mol': 2, 'L3_out_dim': 112, 'L3_dropout': 0.25678222595305417, 'n_mlp_layers': 3, 'mlp_dim_0': 328, 'mlp_dim_1': 408, 'mlp_dim_2': 32, 'num_heads': 2, 'final_dropout': 0.03828444895516016, 'train_learning_rate': 0.0016656531680619333, 'train_lr_reduce': 0.6}. Best is trial 332 with value: 0.04597867280244827.
[I 2024-12-25 17:05:41,508] Trial 513 finished with value: 1.1289795637130737 and parameters: {'L1_hidden_dim': 96, 'L1_layers_atom': 4, 'L1_layers_mol': 4, 'L1_dropout': 0.1293684497334616, 'L1_out_dim': 96, 'L2_hidden_dim': 128, 'L2_layers_atom': 3, 'L2_layers_mol': 1, 'L2_out_dim': 128, 'L2_dropout': 0.09334729119117714, 'L3_hidden_dim': 32, 'L3_layers_atom': 2, 'L3_layers_mol': 2, 'L3_out_dim': 96, 'L3_dropout': 0.25950391247575405, 'n_mlp_layers': 1, 'mlp_dim_0': 144, 'num_heads': 2, 'final_dropout': 0.027984686941413477, 'train_learning_rate': 0.00024663559686246206, 'train_lr_reduce': 0.6}. Best is trial 332 with value: 0.04597867280244827.
