Seed set to 42
[I 2024-12-19 07:34:58,942] A new study created in RDB with name: megnet_Omega_megnet
[I 2024-12-19 07:35:10,836] Trial 1 finished with value: 1.585576057434082 and parameters: {'mlp_n_layers': 4, 'mlp_dim_00': 165, 'mlp_dim_01': 97, 'mlp_dim_02': 452, 'mlp_dim_03': 216, 'node_hidden_dim': 51, 'edge_hidden_dim': 95, 'depth': 2, 'rep_dropout': 0.17754327168066758, 'train_learning_rate': 0.00011836940149436818, 'train_lr_reduce': 0.6}. Best is trial 1 with value: 1.585576057434082.
[I 2024-12-19 07:35:10,908] Trial 2 finished with value: 1.5341745615005493 and parameters: {'mlp_n_layers': 2, 'mlp_dim_00': 166, 'mlp_dim_01': 406, 'node_hidden_dim': 104, 'edge_hidden_dim': 122, 'depth': 4, 'rep_dropout': 0.04303998706485887, 'train_learning_rate': 0.0007080233409706368, 'train_lr_reduce': 0.6}. Best is trial 2 with value: 1.5341745615005493.
[I 2024-12-19 07:35:12,019] Trial 0 finished with value: 1.5853078365325928 and parameters: {'mlp_n_layers': 2, 'mlp_dim_00': 157, 'mlp_dim_01': 113, 'node_hidden_dim': 46, 'edge_hidden_dim': 90, 'depth': 2, 'rep_dropout': 0.033520507582334075, 'train_learning_rate': 0.0002525463350970539, 'train_lr_reduce': 0.6}. Best is trial 2 with value: 1.5341745615005493.
[I 2024-12-19 07:35:14,504] Trial 3 finished with value: 1.5663478374481201 and parameters: {'mlp_n_layers': 2, 'mlp_dim_00': 261, 'mlp_dim_01': 154, 'node_hidden_dim': 86, 'edge_hidden_dim': 81, 'depth': 3, 'rep_dropout': 0.13860660379778625, 'train_learning_rate': 0.00020422561429665802, 'train_lr_reduce': 0.6}. Best is trial 2 with value: 1.5341745615005493.
[I 2024-12-19 07:35:14,615] Trial 4 finished with value: 1.4744281768798828 and parameters: {'mlp_n_layers': 4, 'mlp_dim_00': 449, 'mlp_dim_01': 175, 'mlp_dim_02': 253, 'mlp_dim_03': 480, 'node_hidden_dim': 82, 'edge_hidden_dim': 38, 'depth': 3, 'rep_dropout': 0.026860261688936432, 'train_learning_rate': 0.003953827202170608, 'train_lr_reduce': 0.6}. Best is trial 4 with value: 1.4744281768798828.
[I 2024-12-19 07:35:15,879] Trial 5 finished with value: 1.4348174333572388 and parameters: {'mlp_n_layers': 4, 'mlp_dim_00': 403, 'mlp_dim_01': 203, 'mlp_dim_02': 336, 'mlp_dim_03': 477, 'node_hidden_dim': 107, 'edge_hidden_dim': 73, 'depth': 2, 'rep_dropout': 0.09127119822408325, 'train_learning_rate': 0.0021942736238514736, 'train_lr_reduce': 0.6}. Best is trial 5 with value: 1.4348174333572388.
[I 2024-12-19 07:35:18,985] Trial 7 finished with value: 1.545951247215271 and parameters: {'mlp_n_layers': 2, 'mlp_dim_00': 508, 'mlp_dim_01': 212, 'node_hidden_dim': 128, 'edge_hidden_dim': 40, 'depth': 3, 'rep_dropout': 0.12310788916503998, 'train_learning_rate': 0.0002249404839945441, 'train_lr_reduce': 0.6}. Best is trial 5 with value: 1.4348174333572388.
[I 2024-12-19 07:35:19,089] Trial 6 finished with value: 1.5341538190841675 and parameters: {'mlp_n_layers': 4, 'mlp_dim_00': 324, 'mlp_dim_01': 448, 'mlp_dim_02': 125, 'mlp_dim_03': 231, 'node_hidden_dim': 111, 'edge_hidden_dim': 85, 'depth': 4, 'rep_dropout': 0.12442265717553203, 'train_learning_rate': 0.004029878782192506, 'train_lr_reduce': 0.6}. Best is trial 5 with value: 1.4348174333572388.
[I 2024-12-19 07:35:19,644] Trial 8 finished with value: 1.436341404914856 and parameters: {'mlp_n_layers': 4, 'mlp_dim_00': 440, 'mlp_dim_01': 186, 'mlp_dim_02': 161, 'mlp_dim_03': 321, 'node_hidden_dim': 86, 'edge_hidden_dim': 32, 'depth': 4, 'rep_dropout': 0.15888471921131422, 'train_learning_rate': 0.004693312736925177, 'train_lr_reduce': 0.6}. Best is trial 5 with value: 1.4348174333572388.
[I 2024-12-19 07:35:22,448] Trial 9 finished with value: 1.54696524143219 and parameters: {'mlp_n_layers': 4, 'mlp_dim_00': 457, 'mlp_dim_01': 474, 'mlp_dim_02': 92, 'mlp_dim_03': 368, 'node_hidden_dim': 122, 'edge_hidden_dim': 76, 'depth': 2, 'rep_dropout': 0.04753669071265873, 'train_learning_rate': 0.0014150944088965522, 'train_lr_reduce': 0.6}. Best is trial 5 with value: 1.4348174333572388.
[I 2024-12-19 07:35:23,277] Trial 10 finished with value: 1.4488378763198853 and parameters: {'mlp_n_layers': 3, 'mlp_dim_00': 399, 'mlp_dim_01': 440, 'mlp_dim_02': 336, 'node_hidden_dim': 46, 'edge_hidden_dim': 117, 'depth': 4, 'rep_dropout': 0.16801396952308537, 'train_learning_rate': 0.0011643178980403465, 'train_lr_reduce': 0.6}. Best is trial 5 with value: 1.4348174333572388.
[I 2024-12-19 07:35:23,580] Trial 11 finished with value: 1.542867660522461 and parameters: {'mlp_n_layers': 3, 'mlp_dim_00': 505, 'mlp_dim_01': 467, 'mlp_dim_02': 486, 'node_hidden_dim': 108, 'edge_hidden_dim': 40, 'depth': 2, 'rep_dropout': 0.17166784902334029, 'train_learning_rate': 0.0005173171263372355, 'train_lr_reduce': 0.6}. Best is trial 5 with value: 1.4348174333572388.
[I 2024-12-19 07:35:26,933] Trial 12 finished with value: 1.3487480878829956 and parameters: {'mlp_n_layers': 4, 'mlp_dim_00': 317, 'mlp_dim_01': 92, 'mlp_dim_02': 341, 'mlp_dim_03': 86, 'node_hidden_dim': 115, 'edge_hidden_dim': 108, 'depth': 3, 'rep_dropout': 0.13685545191055584, 'train_learning_rate': 0.006175695490697824, 'train_lr_reduce': 0.6}. Best is trial 12 with value: 1.3487480878829956.
[I 2024-12-19 07:35:27,327] Trial 13 finished with value: 1.4602848291397095 and parameters: {'mlp_n_layers': 4, 'mlp_dim_00': 394, 'mlp_dim_01': 127, 'mlp_dim_02': 212, 'mlp_dim_03': 378, 'node_hidden_dim': 76, 'edge_hidden_dim': 53, 'depth': 4, 'rep_dropout': 0.20836741724173577, 'train_learning_rate': 0.004713055981119541, 'train_lr_reduce': 0.6}. Best is trial 12 with value: 1.3487480878829956.
[I 2024-12-19 07:35:27,770] Trial 14 finished with value: 1.555637001991272 and parameters: {'mlp_n_layers': 4, 'mlp_dim_00': 463, 'mlp_dim_01': 74, 'mlp_dim_02': 215, 'mlp_dim_03': 506, 'node_hidden_dim': 74, 'edge_hidden_dim': 36, 'depth': 4, 'rep_dropout': 0.15551662386901047, 'train_learning_rate': 0.0008686742611435576, 'train_lr_reduce': 0.6}. Best is trial 12 with value: 1.3487480878829956.
[I 2024-12-19 07:35:31,319] Trial 16 finished with value: 1.3449888229370117 and parameters: {'mlp_n_layers': 4, 'mlp_dim_00': 493, 'mlp_dim_01': 124, 'mlp_dim_02': 349, 'mlp_dim_03': 119, 'node_hidden_dim': 107, 'edge_hidden_dim': 104, 'depth': 2, 'rep_dropout': 0.06913321654373344, 'train_learning_rate': 0.004010609012740733, 'train_lr_reduce': 0.6}. Best is trial 16 with value: 1.3449888229370117.
[I 2024-12-19 07:35:32,086] Trial 17 finished with value: 1.5638750791549683 and parameters: {'mlp_n_layers': 4, 'mlp_dim_00': 344, 'mlp_dim_01': 171, 'mlp_dim_02': 387, 'mlp_dim_03': 80, 'node_hidden_dim': 98, 'edge_hidden_dim': 109, 'depth': 3, 'rep_dropout': 0.14521815568621158, 'train_learning_rate': 0.000876646275594727, 'train_lr_reduce': 0.6}. Best is trial 16 with value: 1.3449888229370117.
[I 2024-12-19 07:35:32,966] Trial 15 finished with value: 1.3467307090759277 and parameters: {'mlp_n_layers': 4, 'mlp_dim_00': 153, 'mlp_dim_01': 76, 'mlp_dim_02': 359, 'mlp_dim_03': 75, 'node_hidden_dim': 101, 'edge_hidden_dim': 93, 'depth': 3, 'rep_dropout': 0.07842972841175153, 'train_learning_rate': 0.004113993751224865, 'train_lr_reduce': 0.6}. Best is trial 16 with value: 1.3449888229370117.
[I 2024-12-19 07:35:35,899] Trial 18 finished with value: 1.2993062734603882 and parameters: {'mlp_n_layers': 4, 'mlp_dim_00': 294, 'mlp_dim_01': 87, 'mlp_dim_02': 303, 'mlp_dim_03': 159, 'node_hidden_dim': 108, 'edge_hidden_dim': 116, 'depth': 3, 'rep_dropout': 0.24170520057866668, 'train_learning_rate': 0.009515972113496632, 'train_lr_reduce': 0.6}. Best is trial 18 with value: 1.2993062734603882.
[I 2024-12-19 07:35:37,305] Trial 20 finished with value: 1.4426268339157104 and parameters: {'mlp_n_layers': 4, 'mlp_dim_00': 100, 'mlp_dim_01': 75, 'mlp_dim_02': 503, 'mlp_dim_03': 67, 'node_hidden_dim': 82, 'edge_hidden_dim': 90, 'depth': 2, 'rep_dropout': 0.07073955910409484, 'train_learning_rate': 0.009024625119593866, 'train_lr_reduce': 0.6}. Best is trial 18 with value: 1.2993062734603882.
[I 2024-12-19 07:35:40,736] Trial 19 finished with value: 1.3440390825271606 and parameters: {'mlp_n_layers': 4, 'mlp_dim_00': 483, 'mlp_dim_01': 123, 'mlp_dim_02': 409, 'mlp_dim_03': 150, 'node_hidden_dim': 89, 'edge_hidden_dim': 127, 'depth': 2, 'rep_dropout': 0.07404112167739119, 'train_learning_rate': 0.002314604559253738, 'train_lr_reduce': 0.6}. Best is trial 18 with value: 1.2993062734603882.
[I 2024-12-19 07:35:41,657] Trial 22 finished with value: 1.3700836896896362 and parameters: {'mlp_n_layers': 4, 'mlp_dim_00': 250, 'mlp_dim_01': 190, 'mlp_dim_02': 278, 'mlp_dim_03': 189, 'node_hidden_dim': 98, 'edge_hidden_dim': 127, 'depth': 4, 'rep_dropout': 0.20421039676022013, 'train_learning_rate': 0.005540912715734994, 'train_lr_reduce': 0.6}. Best is trial 18 with value: 1.2993062734603882.
[I 2024-12-19 07:35:48,787] Trial 23 finished with value: 1.362752079963684 and parameters: {'mlp_n_layers': 4, 'mlp_dim_00': 490, 'mlp_dim_01': 93, 'mlp_dim_02': 399, 'mlp_dim_03': 173, 'node_hidden_dim': 105, 'edge_hidden_dim': 113, 'depth': 2, 'rep_dropout': 0.021927447807468886, 'train_learning_rate': 0.001258701848430863, 'train_lr_reduce': 0.6}. Best is trial 18 with value: 1.2993062734603882.
[I 2024-12-19 07:35:49,812] Trial 24 finished with value: 1.3875929117202759 and parameters: {'mlp_n_layers': 4, 'mlp_dim_00': 447, 'mlp_dim_01': 188, 'mlp_dim_02': 402, 'mlp_dim_03': 158, 'node_hidden_dim': 55, 'edge_hidden_dim': 102, 'depth': 3, 'rep_dropout': 0.052707881226922874, 'train_learning_rate': 0.0015371777607354404, 'train_lr_reduce': 0.6}. Best is trial 18 with value: 1.2993062734603882.
[I 2024-12-19 07:35:50,342] Trial 21 finished with value: 0.39451584219932556 and parameters: {'mlp_n_layers': 4, 'mlp_dim_00': 509, 'mlp_dim_01': 274, 'mlp_dim_02': 277, 'mlp_dim_03': 202, 'node_hidden_dim': 127, 'edge_hidden_dim': 117, 'depth': 2, 'rep_dropout': 0.10642609000834768, 'train_learning_rate': 0.0053479151792748475, 'train_lr_reduce': 0.6}. Best is trial 21 with value: 0.39451584219932556.
[I 2024-12-19 07:35:52,915] Trial 25 finished with value: 1.480247139930725 and parameters: {'mlp_n_layers': 3, 'mlp_dim_00': 420, 'mlp_dim_01': 170, 'mlp_dim_02': 336, 'node_hidden_dim': 78, 'edge_hidden_dim': 124, 'depth': 2, 'rep_dropout': 0.1290732291307583, 'train_learning_rate': 0.005011387623862622, 'train_lr_reduce': 0.6}. Best is trial 21 with value: 0.39451584219932556.
[I 2024-12-19 07:35:54,049] Trial 26 finished with value: 1.4068711996078491 and parameters: {'mlp_n_layers': 3, 'mlp_dim_00': 169, 'mlp_dim_01': 162, 'mlp_dim_02': 256, 'node_hidden_dim': 100, 'edge_hidden_dim': 102, 'depth': 3, 'rep_dropout': 0.2379577979582535, 'train_learning_rate': 0.008574442502105357, 'train_lr_reduce': 0.6}. Best is trial 21 with value: 0.39451584219932556.
[I 2024-12-19 07:35:57,755] Trial 28 finished with value: 1.4562857151031494 and parameters: {'mlp_n_layers': 4, 'mlp_dim_00': 441, 'mlp_dim_01': 73, 'mlp_dim_02': 272, 'mlp_dim_03': 218, 'node_hidden_dim': 110, 'edge_hidden_dim': 104, 'depth': 2, 'rep_dropout': 0.23795640316690236, 'train_learning_rate': 0.007069768076611682, 'train_lr_reduce': 0.6}. Best is trial 21 with value: 0.39451584219932556.
[I 2024-12-19 07:35:58,192] Trial 29 finished with value: 1.2856110334396362 and parameters: {'mlp_n_layers': 4, 'mlp_dim_00': 188, 'mlp_dim_01': 104, 'mlp_dim_02': 427, 'mlp_dim_03': 187, 'node_hidden_dim': 76, 'edge_hidden_dim': 128, 'depth': 2, 'rep_dropout': 0.22823165276532867, 'train_learning_rate': 0.00408256408749617, 'train_lr_reduce': 0.6}. Best is trial 21 with value: 0.39451584219932556.
[I 2024-12-19 07:36:02,506] Trial 31 finished with value: 1.3926626443862915 and parameters: {'mlp_n_layers': 4, 'mlp_dim_00': 218, 'mlp_dim_01': 149, 'mlp_dim_02': 217, 'mlp_dim_03': 207, 'node_hidden_dim': 71, 'edge_hidden_dim': 121, 'depth': 2, 'rep_dropout': 0.2069481748757284, 'train_learning_rate': 0.0076138899333448185, 'train_lr_reduce': 0.6}. Best is trial 21 with value: 0.39451584219932556.
[I 2024-12-19 07:36:03,758] Trial 27 finished with value: 0.4313233196735382 and parameters: {'mlp_n_layers': 4, 'mlp_dim_00': 512, 'mlp_dim_01': 357, 'mlp_dim_02': 270, 'mlp_dim_03': 255, 'node_hidden_dim': 123, 'edge_hidden_dim': 101, 'depth': 2, 'rep_dropout': 0.07623017411666867, 'train_learning_rate': 0.005119532869100108, 'train_lr_reduce': 0.6}. Best is trial 21 with value: 0.39451584219932556.
[I 2024-12-19 07:36:06,859] Trial 30 finished with value: 1.3430534601211548 and parameters: {'mlp_n_layers': 4, 'mlp_dim_00': 206, 'mlp_dim_01': 128, 'mlp_dim_02': 451, 'mlp_dim_03': 271, 'node_hidden_dim': 79, 'edge_hidden_dim': 127, 'depth': 2, 'rep_dropout': 0.1731986784097852, 'train_learning_rate': 0.0012166066236035525, 'train_lr_reduce': 0.6}. Best is trial 21 with value: 0.39451584219932556.
[I 2024-12-19 07:36:08,143] Trial 32 finished with value: 1.4019075632095337 and parameters: {'mlp_n_layers': 4, 'mlp_dim_00': 457, 'mlp_dim_01': 282, 'mlp_dim_02': 293, 'mlp_dim_03': 281, 'node_hidden_dim': 128, 'edge_hidden_dim': 90, 'depth': 2, 'rep_dropout': 0.20110652635166448, 'train_learning_rate': 0.001292020329240151, 'train_lr_reduce': 0.6}. Best is trial 21 with value: 0.39451584219932556.
[I 2024-12-19 07:36:08,409] Trial 33 finished with value: 1.2868314981460571 and parameters: {'mlp_n_layers': 4, 'mlp_dim_00': 441, 'mlp_dim_01': 371, 'mlp_dim_02': 268, 'mlp_dim_03': 250, 'node_hidden_dim': 127, 'edge_hidden_dim': 123, 'depth': 2, 'rep_dropout': 0.06604443360635837, 'train_learning_rate': 0.007230250240260788, 'train_lr_reduce': 0.6}. Best is trial 21 with value: 0.39451584219932556.
[I 2024-12-19 07:36:11,354] Trial 34 finished with value: 1.2874194383621216 and parameters: {'mlp_n_layers': 4, 'mlp_dim_00': 278, 'mlp_dim_01': 79, 'mlp_dim_02': 275, 'mlp_dim_03': 200, 'node_hidden_dim': 108, 'edge_hidden_dim': 111, 'depth': 3, 'rep_dropout': 0.24852600357625484, 'train_learning_rate': 0.007321757969634213, 'train_lr_reduce': 0.6}. Best is trial 21 with value: 0.39451584219932556.
[I 2024-12-19 07:36:12,494] Trial 36 finished with value: 1.3143726587295532 and parameters: {'mlp_n_layers': 4, 'mlp_dim_00': 495, 'mlp_dim_01': 355, 'mlp_dim_02': 254, 'mlp_dim_03': 284, 'node_hidden_dim': 128, 'edge_hidden_dim': 116, 'depth': 2, 'rep_dropout': 0.024761132727198792, 'train_learning_rate': 0.005937728885713681, 'train_lr_reduce': 0.6}. Best is trial 21 with value: 0.39451584219932556.
[I 2024-12-19 07:36:12,874] Trial 35 finished with value: 1.443968653678894 and parameters: {'mlp_n_layers': 4, 'mlp_dim_00': 481, 'mlp_dim_01': 323, 'mlp_dim_02': 204, 'mlp_dim_03': 274, 'node_hidden_dim': 116, 'edge_hidden_dim': 94, 'depth': 2, 'rep_dropout': 0.12432068776062544, 'train_learning_rate': 0.008537620857042374, 'train_lr_reduce': 0.6}. Best is trial 21 with value: 0.39451584219932556.
[I 2024-12-19 07:36:15,629] Trial 37 finished with value: 1.3501750230789185 and parameters: {'mlp_n_layers': 4, 'mlp_dim_00': 435, 'mlp_dim_01': 320, 'mlp_dim_02': 238, 'mlp_dim_03': 262, 'node_hidden_dim': 122, 'edge_hidden_dim': 128, 'depth': 2, 'rep_dropout': 0.10079810487228186, 'train_learning_rate': 0.003743595276362446, 'train_lr_reduce': 0.6}. Best is trial 21 with value: 0.39451584219932556.
[I 2024-12-19 07:36:16,771] Trial 38 finished with value: 1.2837024927139282 and parameters: {'mlp_n_layers': 3, 'mlp_dim_00': 438, 'mlp_dim_01': 444, 'mlp_dim_02': 280, 'node_hidden_dim': 128, 'edge_hidden_dim': 109, 'depth': 2, 'rep_dropout': 0.07295710890924181, 'train_learning_rate': 0.007040977042035975, 'train_lr_reduce': 0.6}. Best is trial 21 with value: 0.39451584219932556.
[I 2024-12-19 07:36:17,579] Trial 39 finished with value: 1.5419920682907104 and parameters: {'mlp_n_layers': 4, 'mlp_dim_00': 350, 'mlp_dim_01': 407, 'mlp_dim_02': 154, 'mlp_dim_03': 243, 'node_hidden_dim': 94, 'edge_hidden_dim': 124, 'depth': 2, 'rep_dropout': 0.04522789964467239, 'train_learning_rate': 0.00894284535863945, 'train_lr_reduce': 0.6}. Best is trial 21 with value: 0.39451584219932556.
[I 2024-12-19 07:36:20,717] Trial 40 finished with value: 1.4652284383773804 and parameters: {'mlp_n_layers': 4, 'mlp_dim_00': 493, 'mlp_dim_01': 214, 'mlp_dim_02': 284, 'mlp_dim_03': 221, 'node_hidden_dim': 128, 'edge_hidden_dim': 117, 'depth': 3, 'rep_dropout': 0.10428924841938293, 'train_learning_rate': 0.0063940609399165335, 'train_lr_reduce': 0.6}. Best is trial 21 with value: 0.39451584219932556.
[I 2024-12-19 07:36:21,465] Trial 42 finished with value: 1.2908083200454712 and parameters: {'mlp_n_layers': 3, 'mlp_dim_00': 341, 'mlp_dim_01': 449, 'mlp_dim_02': 326, 'node_hidden_dim': 119, 'edge_hidden_dim': 95, 'depth': 2, 'rep_dropout': 0.09710301269332972, 'train_learning_rate': 0.009522579655441869, 'train_lr_reduce': 0.6}. Best is trial 21 with value: 0.39451584219932556.
[I 2024-12-19 07:36:23,361] Trial 41 finished with value: 1.3706552982330322 and parameters: {'mlp_n_layers': 3, 'mlp_dim_00': 483, 'mlp_dim_01': 381, 'mlp_dim_02': 435, 'node_hidden_dim': 80, 'edge_hidden_dim': 100, 'depth': 2, 'rep_dropout': 0.048289049775577325, 'train_learning_rate': 0.0019648265929048067, 'train_lr_reduce': 0.6}. Best is trial 21 with value: 0.39451584219932556.
[I 2024-12-19 07:36:24,758] Trial 43 finished with value: 1.4712754487991333 and parameters: {'mlp_n_layers': 2, 'mlp_dim_00': 414, 'mlp_dim_01': 486, 'node_hidden_dim': 108, 'edge_hidden_dim': 111, 'depth': 2, 'rep_dropout': 0.054077028117275314, 'train_learning_rate': 0.0018657670083041345, 'train_lr_reduce': 0.6}. Best is trial 21 with value: 0.39451584219932556.
[I 2024-12-19 07:36:25,520] Trial 44 finished with value: 1.2895452976226807 and parameters: {'mlp_n_layers': 3, 'mlp_dim_00': 500, 'mlp_dim_01': 512, 'mlp_dim_02': 270, 'node_hidden_dim': 105, 'edge_hidden_dim': 111, 'depth': 2, 'rep_dropout': 0.05766351891232941, 'train_learning_rate': 0.009056994071441159, 'train_lr_reduce': 0.6}. Best is trial 21 with value: 0.39451584219932556.
[I 2024-12-19 07:36:27,345] Trial 45 finished with value: 1.4583889245986938 and parameters: {'mlp_n_layers': 4, 'mlp_dim_00': 161, 'mlp_dim_01': 82, 'mlp_dim_02': 276, 'mlp_dim_03': 308, 'node_hidden_dim': 45, 'edge_hidden_dim': 111, 'depth': 2, 'rep_dropout': 0.2495740784226478, 'train_learning_rate': 0.0037372089044911566, 'train_lr_reduce': 0.6}. Best is trial 21 with value: 0.39451584219932556.
[I 2024-12-19 07:36:29,099] Trial 46 finished with value: 1.2838315963745117 and parameters: {'mlp_n_layers': 3, 'mlp_dim_00': 477, 'mlp_dim_01': 358, 'mlp_dim_02': 269, 'node_hidden_dim': 121, 'edge_hidden_dim': 98, 'depth': 3, 'rep_dropout': 0.0389497795123068, 'train_learning_rate': 0.007961244841763382, 'train_lr_reduce': 0.6}. Best is trial 21 with value: 0.39451584219932556.
[I 2024-12-19 07:36:31,874] Trial 48 finished with value: 1.376278281211853 and parameters: {'mlp_n_layers': 3, 'mlp_dim_00': 336, 'mlp_dim_01': 262, 'mlp_dim_02': 305, 'node_hidden_dim': 126, 'edge_hidden_dim': 124, 'depth': 2, 'rep_dropout': 0.06661870642958193, 'train_learning_rate': 0.007244478774056105, 'train_lr_reduce': 0.6}. Best is trial 21 with value: 0.39451584219932556.
[I 2024-12-19 07:36:35,033] Trial 49 finished with value: 1.3749258518218994 and parameters: {'mlp_n_layers': 2, 'mlp_dim_00': 506, 'mlp_dim_01': 405, 'node_hidden_dim': 118, 'edge_hidden_dim': 102, 'depth': 4, 'rep_dropout': 0.004491902634347587, 'train_learning_rate': 0.00759423331338746, 'train_lr_reduce': 0.6}. Best is trial 21 with value: 0.39451584219932556.
[I 2024-12-19 07:36:35,820] Trial 50 finished with value: 1.3012534379959106 and parameters: {'mlp_n_layers': 3, 'mlp_dim_00': 501, 'mlp_dim_01': 279, 'mlp_dim_02': 301, 'node_hidden_dim': 128, 'edge_hidden_dim': 82, 'depth': 3, 'rep_dropout': 0.04577738983424484, 'train_learning_rate': 0.0038692752740792256, 'train_lr_reduce': 0.6}. Best is trial 21 with value: 0.39451584219932556.
[I 2024-12-19 07:36:36,522] Trial 47 finished with value: 0.42645543813705444 and parameters: {'mlp_n_layers': 3, 'mlp_dim_00': 489, 'mlp_dim_01': 360, 'mlp_dim_02': 221, 'node_hidden_dim': 125, 'edge_hidden_dim': 113, 'depth': 2, 'rep_dropout': 0.11343987038625289, 'train_learning_rate': 0.004558123451336364, 'train_lr_reduce': 0.6}. Best is trial 21 with value: 0.39451584219932556.
[I 2024-12-19 07:36:39,938] Trial 52 finished with value: 1.4920223951339722 and parameters: {'mlp_n_layers': 3, 'mlp_dim_00': 312, 'mlp_dim_01': 343, 'mlp_dim_02': 332, 'node_hidden_dim': 115, 'edge_hidden_dim': 101, 'depth': 4, 'rep_dropout': 0.028109175008033727, 'train_learning_rate': 0.0009921006502000187, 'train_lr_reduce': 0.6}. Best is trial 21 with value: 0.39451584219932556.
[I 2024-12-19 07:36:40,371] Trial 51 finished with value: 1.335718035697937 and parameters: {'mlp_n_layers': 3, 'mlp_dim_00': 440, 'mlp_dim_01': 448, 'mlp_dim_02': 195, 'node_hidden_dim': 125, 'edge_hidden_dim': 93, 'depth': 3, 'rep_dropout': 0.07143724094554887, 'train_learning_rate': 0.009259027218167811, 'train_lr_reduce': 0.6}. Best is trial 21 with value: 0.39451584219932556.
[I 2024-12-19 07:36:40,583] Trial 53 finished with value: 1.3030143976211548 and parameters: {'mlp_n_layers': 3, 'mlp_dim_00': 416, 'mlp_dim_01': 411, 'mlp_dim_02': 203, 'node_hidden_dim': 112, 'edge_hidden_dim': 121, 'depth': 2, 'rep_dropout': 0.09651109201929328, 'train_learning_rate': 0.0038396707461818553, 'train_lr_reduce': 0.6}. Best is trial 21 with value: 0.39451584219932556.
[I 2024-12-19 07:36:44,032] Trial 54 finished with value: 1.283780813217163 and parameters: {'mlp_n_layers': 3, 'mlp_dim_00': 509, 'mlp_dim_01': 160, 'mlp_dim_02': 100, 'node_hidden_dim': 127, 'edge_hidden_dim': 108, 'depth': 2, 'rep_dropout': 0.13465707553994344, 'train_learning_rate': 0.009261147057681302, 'train_lr_reduce': 0.6}. Best is trial 21 with value: 0.39451584219932556.
