[I 2024-12-04 18:05:44,990] Trial 1967 finished with value: 0.31844657356686845 and parameters: {'n_estimators': 916, 'max_depth': 6, 'learning_rate': 0.0746747050981112, 'subsample': 0.7682042933048348, 'colsample_bytree': 0.7184973125123447, 'min_child_weight': 2, 'gamma': 0.0007476341855695824, 'reg_alpha': 0.00014741351561170504, 'reg_lambda': 0.012065831741772014}. Best is trial 1319 with value: 0.30197738672869706.
[I 2024-12-04 18:05:46,414] Trial 1968 finished with value: 0.3110331948870471 and parameters: {'n_estimators': 905, 'max_depth': 6, 'learning_rate': 0.07409182896673616, 'subsample': 0.7690770638565565, 'colsample_bytree': 0.7185878197626165, 'min_child_weight': 2, 'gamma': 0.000773328477051743, 'reg_alpha': 0.00011342529294713381, 'reg_lambda': 0.012030088201500979}. Best is trial 1319 with value: 0.30197738672869706.
[I 2024-12-04 18:05:47,927] Trial 1969 finished with value: 0.31045760797330724 and parameters: {'n_estimators': 909, 'max_depth': 6, 'learning_rate': 0.07448647664863256, 'subsample': 0.7684771580683465, 'colsample_bytree': 0.7179524599288976, 'min_child_weight': 2, 'gamma': 0.0007519352327994049, 'reg_alpha': 0.00011873250131605762, 'reg_lambda': 0.012738446207750862}. Best is trial 1319 with value: 0.30197738672869706.
[I 2024-12-04 18:05:49,355] Trial 1970 finished with value: 0.3177369986095785 and parameters: {'n_estimators': 912, 'max_depth': 6, 'learning_rate': 0.0744103537612933, 'subsample': 0.7689421895520224, 'colsample_bytree': 0.718036471530934, 'min_child_weight': 2, 'gamma': 0.000778893354211612, 'reg_alpha': 0.00011593825273378797, 'reg_lambda': 0.012403728865928972}. Best is trial 1319 with value: 0.30197738672869706.
[I 2024-12-04 18:05:50,777] Trial 1971 finished with value: 0.3104785411209482 and parameters: {'n_estimators': 908, 'max_depth': 6, 'learning_rate': 0.0741782445120015, 'subsample': 0.7690504817864238, 'colsample_bytree': 0.717386990845139, 'min_child_weight': 2, 'gamma': 0.0007915019205626706, 'reg_alpha': 0.00012130078299506848, 'reg_lambda': 0.012377377350007492}. Best is trial 1319 with value: 0.30197738672869706.
[I 2024-12-04 18:05:52,209] Trial 1972 finished with value: 0.3122918021138894 and parameters: {'n_estimators': 908, 'max_depth': 6, 'learning_rate': 0.0740826776617581, 'subsample': 0.7696332684207828, 'colsample_bytree': 0.718335218233219, 'min_child_weight': 2, 'gamma': 0.0008200190610908698, 'reg_alpha': 0.00012218612733998617, 'reg_lambda': 0.011532076100551618}. Best is trial 1319 with value: 0.30197738672869706.
[I 2024-12-04 18:05:53,660] Trial 1973 finished with value: 0.3088796235926859 and parameters: {'n_estimators': 917, 'max_depth': 6, 'learning_rate': 0.07420494361557502, 'subsample': 0.7688706520184562, 'colsample_bytree': 0.717201693570456, 'min_child_weight': 2, 'gamma': 0.0007404089555553822, 'reg_alpha': 0.00010693525087174595, 'reg_lambda': 0.01196642474401341}. Best is trial 1319 with value: 0.30197738672869706.
[I 2024-12-04 18:05:55,122] Trial 1974 finished with value: 0.3112441918954014 and parameters: {'n_estimators': 911, 'max_depth': 6, 'learning_rate': 0.07480765940543377, 'subsample': 0.7685577613711162, 'colsample_bytree': 0.7181840685635774, 'min_child_weight': 2, 'gamma': 0.0007854553813384217, 'reg_alpha': 0.00012823945343206483, 'reg_lambda': 0.012704029642758397}. Best is trial 1319 with value: 0.30197738672869706.
[I 2024-12-04 18:05:56,644] Trial 1975 finished with value: 0.3132756446126598 and parameters: {'n_estimators': 908, 'max_depth': 6, 'learning_rate': 0.0741860810355269, 'subsample': 0.7698487366184097, 'colsample_bytree': 0.7189747052061184, 'min_child_weight': 2, 'gamma': 0.0008155563423914084, 'reg_alpha': 0.00010746410237747088, 'reg_lambda': 0.011606438169406036}. Best is trial 1319 with value: 0.30197738672869706.
[I 2024-12-04 18:05:58,086] Trial 1976 finished with value: 0.31102728902995386 and parameters: {'n_estimators': 910, 'max_depth': 6, 'learning_rate': 0.07424576582693966, 'subsample': 0.7695290994404871, 'colsample_bytree': 0.7174584221444201, 'min_child_weight': 2, 'gamma': 0.0008123000690657005, 'reg_alpha': 0.0001143241277566781, 'reg_lambda': 0.012066054110622004}. Best is trial 1319 with value: 0.30197738672869706.
[I 2024-12-04 18:05:59,532] Trial 1977 finished with value: 0.3102728474086975 and parameters: {'n_estimators': 909, 'max_depth': 6, 'learning_rate': 0.07464111920535745, 'subsample': 0.7694856564964452, 'colsample_bytree': 0.7164846435673811, 'min_child_weight': 2, 'gamma': 0.0008080631166506201, 'reg_alpha': 0.00013632128807691756, 'reg_lambda': 0.012705967828361538}. Best is trial 1319 with value: 0.30197738672869706.
[I 2024-12-04 18:06:01,100] Trial 1978 finished with value: 0.31332108759805616 and parameters: {'n_estimators': 909, 'max_depth': 6, 'learning_rate': 0.07403482669969233, 'subsample': 0.7694287551518216, 'colsample_bytree': 0.7191901113993238, 'min_child_weight': 2, 'gamma': 0.000782963114487087, 'reg_alpha': 0.00010640409073551313, 'reg_lambda': 0.012058596360718044}. Best is trial 1319 with value: 0.30197738672869706.
[I 2024-12-04 18:06:02,648] Trial 1979 finished with value: 0.3152147634640403 and parameters: {'n_estimators': 912, 'max_depth': 6, 'learning_rate': 0.07457889808404329, 'subsample': 0.7683682074426053, 'colsample_bytree': 0.7180010202850792, 'min_child_weight': 2, 'gamma': 0.0007843928461052747, 'reg_alpha': 0.00013108562009218823, 'reg_lambda': 0.012918666753426325}. Best is trial 1319 with value: 0.30197738672869706.
[I 2024-12-04 18:06:04,107] Trial 1980 finished with value: 0.31355094455522314 and parameters: {'n_estimators': 912, 'max_depth': 6, 'learning_rate': 0.07480919223388147, 'subsample': 0.7687815121043928, 'colsample_bytree': 0.7177749647664908, 'min_child_weight': 2, 'gamma': 0.0008091508796346236, 'reg_alpha': 0.0001293437820670437, 'reg_lambda': 0.012809019967525957}. Best is trial 1319 with value: 0.30197738672869706.
[I 2024-12-04 18:06:05,575] Trial 1981 finished with value: 0.3200714579550436 and parameters: {'n_estimators': 919, 'max_depth': 6, 'learning_rate': 0.0740528040839862, 'subsample': 0.7696886475227869, 'colsample_bytree': 0.7167278045695056, 'min_child_weight': 2, 'gamma': 0.0007547796665003905, 'reg_alpha': 0.00012387258304322386, 'reg_lambda': 0.011488387604283494}. Best is trial 1319 with value: 0.30197738672869706.
[I 2024-12-04 18:06:07,028] Trial 1982 finished with value: 0.3155279987303901 and parameters: {'n_estimators': 908, 'max_depth': 6, 'learning_rate': 0.07455608218132695, 'subsample': 0.7691598164028948, 'colsample_bytree': 0.7187214303358518, 'min_child_weight': 2, 'gamma': 0.0007444191673234117, 'reg_alpha': 0.0001209142719133592, 'reg_lambda': 0.01281020453029067}. Best is trial 1319 with value: 0.30197738672869706.
[I 2024-12-04 18:06:08,500] Trial 1983 finished with value: 0.3137230463576811 and parameters: {'n_estimators': 917, 'max_depth': 6, 'learning_rate': 0.07418221440253209, 'subsample': 0.768525915543711, 'colsample_bytree': 0.7165623306990412, 'min_child_weight': 2, 'gamma': 0.0007230069335554096, 'reg_alpha': 0.00011012394645994551, 'reg_lambda': 0.01204324917088009}. Best is trial 1319 with value: 0.30197738672869706.
[I 2024-12-04 18:06:09,942] Trial 1984 finished with value: 0.31548134501638897 and parameters: {'n_estimators': 914, 'max_depth': 6, 'learning_rate': 0.07468272002584699, 'subsample': 0.7688780873810106, 'colsample_bytree': 0.7177122228780577, 'min_child_weight': 2, 'gamma': 0.000733366087778917, 'reg_alpha': 0.00010118043504802266, 'reg_lambda': 0.013223781726066516}. Best is trial 1319 with value: 0.30197738672869706.
[I 2024-12-04 18:06:11,378] Trial 1985 finished with value: 0.3071033179126621 and parameters: {'n_estimators': 913, 'max_depth': 6, 'learning_rate': 0.07444683152980408, 'subsample': 0.7688214009401644, 'colsample_bytree': 0.7178404678121264, 'min_child_weight': 2, 'gamma': 0.0007398514277070101, 'reg_alpha': 0.00011166284839364817, 'reg_lambda': 0.012309920409705548}. Best is trial 1319 with value: 0.30197738672869706.
[I 2024-12-04 18:06:12,819] Trial 1986 finished with value: 0.3158033173027764 and parameters: {'n_estimators': 918, 'max_depth': 6, 'learning_rate': 0.07397760832837441, 'subsample': 0.7682413117560579, 'colsample_bytree': 0.7163571726639733, 'min_child_weight': 2, 'gamma': 0.0007314913276341116, 'reg_alpha': 0.00011515726553382017, 'reg_lambda': 0.012023797911484805}. Best is trial 1319 with value: 0.30197738672869706.
[I 2024-12-04 18:06:14,260] Trial 1987 finished with value: 0.31148204880534486 and parameters: {'n_estimators': 910, 'max_depth': 6, 'learning_rate': 0.07490898152458172, 'subsample': 0.7684302080090817, 'colsample_bytree': 0.7187337399926093, 'min_child_weight': 2, 'gamma': 0.0007821011899981165, 'reg_alpha': 0.0001327007844859463, 'reg_lambda': 0.013414360031903666}. Best is trial 1319 with value: 0.30197738672869706.
[I 2024-12-04 18:06:15,739] Trial 1988 finished with value: 0.31708434016789455 and parameters: {'n_estimators': 916, 'max_depth': 6, 'learning_rate': 0.07421039328264863, 'subsample': 0.769041588600768, 'colsample_bytree': 0.7163739924681064, 'min_child_weight': 2, 'gamma': 0.0007346933632120926, 'reg_alpha': 0.00010975430825542121, 'reg_lambda': 0.011791835323637473}. Best is trial 1319 with value: 0.30197738672869706.
[I 2024-12-04 18:06:17,303] Trial 1989 finished with value: 0.3166058156285642 and parameters: {'n_estimators': 912, 'max_depth': 6, 'learning_rate': 0.0747676185877257, 'subsample': 0.7691887325232766, 'colsample_bytree': 0.7193440318482645, 'min_child_weight': 2, 'gamma': 0.0007493957739732522, 'reg_alpha': 0.00011328097255911546, 'reg_lambda': 0.012605967545683336}. Best is trial 1319 with value: 0.30197738672869706.
[I 2024-12-04 18:06:18,987] Trial 1990 finished with value: 0.3178258614185116 and parameters: {'n_estimators': 913, 'max_depth': 6, 'learning_rate': 0.07432427417411544, 'subsample': 0.7682696571147577, 'colsample_bytree': 0.7175159868503145, 'min_child_weight': 2, 'gamma': 0.0007497796127127869, 'reg_alpha': 0.00012172622075410562, 'reg_lambda': 0.012344383208117468}. Best is trial 1319 with value: 0.30197738672869706.
[I 2024-12-04 18:06:20,442] Trial 1991 finished with value: 0.31121242394514376 and parameters: {'n_estimators': 911, 'max_depth': 6, 'learning_rate': 0.07505550733301948, 'subsample': 0.7685933637410393, 'colsample_bytree': 0.7189536827821098, 'min_child_weight': 2, 'gamma': 0.0007633078337900317, 'reg_alpha': 0.00012594981195617082, 'reg_lambda': 0.01391218900051391}. Best is trial 1319 with value: 0.30197738672869706.
[I 2024-12-04 18:06:21,905] Trial 1992 finished with value: 0.3099109787405094 and parameters: {'n_estimators': 912, 'max_depth': 6, 'learning_rate': 0.07443287102483881, 'subsample': 0.7690319627149652, 'colsample_bytree': 0.7182952077507014, 'min_child_weight': 2, 'gamma': 0.0007607737325150473, 'reg_alpha': 0.00012368219686606028, 'reg_lambda': 0.013136290305449532}. Best is trial 1319 with value: 0.30197738672869706.
[I 2024-12-04 18:06:23,404] Trial 1993 finished with value: 0.31692371514559614 and parameters: {'n_estimators': 916, 'max_depth': 6, 'learning_rate': 0.0746381794865668, 'subsample': 0.76893960635886, 'colsample_bytree': 0.7170545101006149, 'min_child_weight': 2, 'gamma': 0.0007512071296881572, 'reg_alpha': 0.0001282691738376376, 'reg_lambda': 0.012931244081940548}. Best is trial 1319 with value: 0.30197738672869706.
[I 2024-12-04 18:06:24,857] Trial 1994 finished with value: 0.3146293033334055 and parameters: {'n_estimators': 917, 'max_depth': 6, 'learning_rate': 0.07497619378784479, 'subsample': 0.7687515172098683, 'colsample_bytree': 0.7169657857374063, 'min_child_weight': 2, 'gamma': 0.0007625976290761989, 'reg_alpha': 0.00012401716066798903, 'reg_lambda': 0.012292487903679943}. Best is trial 1319 with value: 0.30197738672869706.
[I 2024-12-04 18:06:26,312] Trial 1995 finished with value: 0.3080742074669308 and parameters: {'n_estimators': 915, 'max_depth': 6, 'learning_rate': 0.07421717229210269, 'subsample': 0.7684653303126399, 'colsample_bytree': 0.7179044323614274, 'min_child_weight': 2, 'gamma': 0.0007278018610397044, 'reg_alpha': 0.00010935278508744779, 'reg_lambda': 0.012734941945677123}. Best is trial 1319 with value: 0.30197738672869706.
[I 2024-12-04 18:06:27,770] Trial 1996 finished with value: 0.31349908370158697 and parameters: {'n_estimators': 911, 'max_depth': 6, 'learning_rate': 0.07484411844264902, 'subsample': 0.7690862610473357, 'colsample_bytree': 0.7181250372450538, 'min_child_weight': 2, 'gamma': 0.0007884823591295413, 'reg_alpha': 0.00012241215479633007, 'reg_lambda': 0.012803897129488973}. Best is trial 1319 with value: 0.30197738672869706.
[I 2024-12-04 18:06:29,352] Trial 1997 finished with value: 0.30984460170340106 and parameters: {'n_estimators': 915, 'max_depth': 6, 'learning_rate': 0.07464033654961337, 'subsample': 0.7686061536087931, 'colsample_bytree': 0.7181791562124668, 'min_child_weight': 2, 'gamma': 0.0007331872348007628, 'reg_alpha': 0.00011304434737814987, 'reg_lambda': 0.012878031512426018}. Best is trial 1319 with value: 0.30197738672869706.
[I 2024-12-04 18:06:30,874] Trial 1998 finished with value: 0.31559195769854803 and parameters: {'n_estimators': 913, 'max_depth': 6, 'learning_rate': 0.07466895614126692, 'subsample': 0.7675055604524463, 'colsample_bytree': 0.7186517155238803, 'min_child_weight': 2, 'gamma': 0.0007470329355219255, 'reg_alpha': 0.00013074234114142963, 'reg_lambda': 0.012539570739531077}. Best is trial 1319 with value: 0.30197738672869706.
[I 2024-12-04 18:06:32,383] Trial 1999 finished with value: 0.3095361415352852 and parameters: {'n_estimators': 912, 'max_depth': 6, 'learning_rate': 0.0745052846153961, 'subsample': 0.7683064043312837, 'colsample_bytree': 0.7171427706199297, 'min_child_weight': 2, 'gamma': 0.0007771707676178966, 'reg_alpha': 0.00012395921698141665, 'reg_lambda': 0.011790152224670739}. Best is trial 1319 with value: 0.30197738672869706.
[I 2024-12-04 18:06:33,820] Trial 2000 finished with value: 0.31763242566861827 and parameters: {'n_estimators': 917, 'max_depth': 6, 'learning_rate': 0.07423919937872651, 'subsample': 0.7684679870711618, 'colsample_bytree': 0.7185872921441844, 'min_child_weight': 2, 'gamma': 0.0006999139595725118, 'reg_alpha': 0.0001081741946323211, 'reg_lambda': 0.012014350851785984}. Best is trial 1319 with value: 0.30197738672869706.
[I 2024-12-04 18:06:35,415] Trial 2001 finished with value: 0.31352916733689007 and parameters: {'n_estimators': 917, 'max_depth': 6, 'learning_rate': 0.07443678277216122, 'subsample': 0.7685846615546162, 'colsample_bytree': 0.7168394321817585, 'min_child_weight': 2, 'gamma': 0.0007499654764790706, 'reg_alpha': 0.00011999965176450986, 'reg_lambda': 0.013472827411512902}. Best is trial 1319 with value: 0.30197738672869706.
[I 2024-12-04 18:06:36,866] Trial 2002 finished with value: 0.31255244481309397 and parameters: {'n_estimators': 914, 'max_depth': 6, 'learning_rate': 0.07413342141655205, 'subsample': 0.7688880352016672, 'colsample_bytree': 0.7179628077113154, 'min_child_weight': 2, 'gamma': 0.0007332783090593277, 'reg_alpha': 0.00010583479398786764, 'reg_lambda': 0.012595713937783101}. Best is trial 1319 with value: 0.30197738672869706.
[I 2024-12-04 18:06:38,315] Trial 2003 finished with value: 0.3143679877441766 and parameters: {'n_estimators': 912, 'max_depth': 6, 'learning_rate': 0.07432352909357995, 'subsample': 0.7690815704239505, 'colsample_bytree': 0.7168376294029573, 'min_child_weight': 2, 'gamma': 0.0007718901105466121, 'reg_alpha': 0.0001361339089798697, 'reg_lambda': 0.012155556235754407}. Best is trial 1319 with value: 0.30197738672869706.
[I 2024-12-04 18:06:39,772] Trial 2004 finished with value: 0.31015976811830276 and parameters: {'n_estimators': 915, 'max_depth': 6, 'learning_rate': 0.07454723675521305, 'subsample': 0.7683523473727886, 'colsample_bytree': 0.7176017914715221, 'min_child_weight': 2, 'gamma': 0.0007281954465032815, 'reg_alpha': 0.00011338341219601499, 'reg_lambda': 0.01352231147557523}. Best is trial 1319 with value: 0.30197738672869706.
[I 2024-12-04 18:06:41,235] Trial 2005 finished with value: 0.31289434329506577 and parameters: {'n_estimators': 917, 'max_depth': 6, 'learning_rate': 0.07447976738964793, 'subsample': 0.7689363166213912, 'colsample_bytree': 0.7170089890929483, 'min_child_weight': 2, 'gamma': 0.0007563712718392766, 'reg_alpha': 0.00011830044495313471, 'reg_lambda': 0.012830315627800654}. Best is trial 1319 with value: 0.30197738672869706.
[I 2024-12-04 18:06:42,697] Trial 2006 finished with value: 0.30583826688170146 and parameters: {'n_estimators': 910, 'max_depth': 6, 'learning_rate': 0.07479774876446785, 'subsample': 0.7685273501932263, 'colsample_bytree': 0.7197313461514074, 'min_child_weight': 2, 'gamma': 0.0007923977731901441, 'reg_alpha': 0.00012688480544510489, 'reg_lambda': 0.013651380521293848}. Best is trial 1319 with value: 0.30197738672869706.
[I 2024-12-04 18:06:44,166] Trial 2007 finished with value: 0.3138849362580709 and parameters: {'n_estimators': 916, 'max_depth': 6, 'learning_rate': 0.07393551575794696, 'subsample': 0.7686795204130688, 'colsample_bytree': 0.7175856882266247, 'min_child_weight': 2, 'gamma': 0.0007435053387102783, 'reg_alpha': 0.0001163410132585198, 'reg_lambda': 0.012153143986453006}. Best is trial 1319 with value: 0.30197738672869706.
[I 2024-12-04 18:06:45,628] Trial 2008 finished with value: 0.31721793820507793 and parameters: {'n_estimators': 916, 'max_depth': 6, 'learning_rate': 0.07457894185182369, 'subsample': 0.7677710472397883, 'colsample_bytree': 0.7197879822822103, 'min_child_weight': 2, 'gamma': 0.0006936737654338849, 'reg_alpha': 0.00010025647704530346, 'reg_lambda': 0.014357727028240197}. Best is trial 1319 with value: 0.30197738672869706.
[I 2024-12-04 18:06:47,169] Trial 2009 finished with value: 0.31470464038865936 and parameters: {'n_estimators': 912, 'max_depth': 6, 'learning_rate': 0.074614632820263, 'subsample': 0.7689362085539209, 'colsample_bytree': 0.7185982361425186, 'min_child_weight': 2, 'gamma': 0.0007592822135703662, 'reg_alpha': 0.00011466160406439858, 'reg_lambda': 0.013475968676834246}. Best is trial 1319 with value: 0.30197738672869706.
[I 2024-12-04 18:06:48,643] Trial 2010 finished with value: 0.3176897442085453 and parameters: {'n_estimators': 910, 'max_depth': 6, 'learning_rate': 0.07479796842444979, 'subsample': 0.7683086564456942, 'colsample_bytree': 0.7192803419918671, 'min_child_weight': 2, 'gamma': 0.0007918159618179635, 'reg_alpha': 0.00012366347493623074, 'reg_lambda': 0.01336833837665815}. Best is trial 1319 with value: 0.30197738672869706.
[I 2024-12-04 18:06:50,091] Trial 2011 finished with value: 0.3097205289608982 and parameters: {'n_estimators': 909, 'max_depth': 6, 'learning_rate': 0.07441361436509915, 'subsample': 0.7686458173330368, 'colsample_bytree': 0.7188826317399082, 'min_child_weight': 2, 'gamma': 0.0007832489807626753, 'reg_alpha': 0.00012003625959237285, 'reg_lambda': 0.013172043834263805}. Best is trial 1319 with value: 0.30197738672869706.
[I 2024-12-04 18:06:51,558] Trial 2012 finished with value: 0.31531580726301417 and parameters: {'n_estimators': 911, 'max_depth': 6, 'learning_rate': 0.07480457836623285, 'subsample': 0.768460244677713, 'colsample_bytree': 0.718841080188616, 'min_child_weight': 2, 'gamma': 0.0007580443055751707, 'reg_alpha': 0.0001255343776062672, 'reg_lambda': 0.012818133404516143}. Best is trial 1319 with value: 0.30197738672869706.
[I 2024-12-04 18:06:53,006] Trial 2013 finished with value: 0.3148185781296791 and parameters: {'n_estimators': 914, 'max_depth': 6, 'learning_rate': 0.0744876907803155, 'subsample': 0.7687910110795912, 'colsample_bytree': 0.7176313113829991, 'min_child_weight': 2, 'gamma': 0.0007708591623012683, 'reg_alpha': 0.00012111360091712486, 'reg_lambda': 0.01279708647926846}. Best is trial 1319 with value: 0.30197738672869706.
[I 2024-12-04 18:06:54,431] Trial 2014 finished with value: 0.31018472288437526 and parameters: {'n_estimators': 909, 'max_depth': 6, 'learning_rate': 0.07480414078257838, 'subsample': 0.7686800156759992, 'colsample_bytree': 0.7187848785945706, 'min_child_weight': 2, 'gamma': 0.0008411626539674376, 'reg_alpha': 0.0001312051739222947, 'reg_lambda': 0.012721292563251219}. Best is trial 1319 with value: 0.30197738672869706.
[I 2024-12-04 18:06:55,907] Trial 2015 finished with value: 0.3171834231267731 and parameters: {'n_estimators': 909, 'max_depth': 6, 'learning_rate': 0.07455837097267813, 'subsample': 0.7684803643470898, 'colsample_bytree': 0.7177171055758973, 'min_child_weight': 2, 'gamma': 0.000804112899808107, 'reg_alpha': 0.0001321221671736358, 'reg_lambda': 0.012644320880787938}. Best is trial 1319 with value: 0.30197738672869706.
[I 2024-12-04 18:06:57,424] Trial 2016 finished with value: 0.3115487953125848 and parameters: {'n_estimators': 916, 'max_depth': 6, 'learning_rate': 0.07443615701056103, 'subsample': 0.767902343332439, 'colsample_bytree': 0.7181396878741387, 'min_child_weight': 2, 'gamma': 0.0007882469321433672, 'reg_alpha': 0.00012165420990106116, 'reg_lambda': 0.01333713059728501}. Best is trial 1319 with value: 0.30197738672869706.
[I 2024-12-04 18:06:58,868] Trial 2017 finished with value: 0.31513592447851996 and parameters: {'n_estimators': 916, 'max_depth': 6, 'learning_rate': 0.0746424407523604, 'subsample': 0.7678276608024284, 'colsample_bytree': 0.7182922173200752, 'min_child_weight': 2, 'gamma': 0.0007570997045517333, 'reg_alpha': 0.00012470849746083922, 'reg_lambda': 0.013420700655847828}. Best is trial 1319 with value: 0.30197738672869706.
