[I 2024-12-19 08:25:19,328] Trial 1445 finished with value: 1.322733759880066 and parameters: {'mlp_n_layers': 3, 'mlp_dim_00': 501, 'mlp_dim_01': 462, 'mlp_dim_02': 279, 'node_hidden_dim': 100, 'edge_hidden_dim': 86, 'depth': 2, 'rep_dropout': 0.11534389187452025, 'train_learning_rate': 0.0067171302675086845, 'train_lr_reduce': 0.6}. Best is trial 1170 with value: 0.3284205496311188.
[I 2024-12-19 08:25:21,029] Trial 1446 finished with value: 1.285285234451294 and parameters: {'mlp_n_layers': 4, 'mlp_dim_00': 276, 'mlp_dim_01': 235, 'mlp_dim_02': 319, 'mlp_dim_03': 147, 'node_hidden_dim': 117, 'edge_hidden_dim': 48, 'depth': 2, 'rep_dropout': 0.017863070195997893, 'train_learning_rate': 0.006514816141798819, 'train_lr_reduce': 0.6}. Best is trial 1170 with value: 0.3284205496311188.
[I 2024-12-19 08:25:21,958] Trial 1447 finished with value: 1.2881460189819336 and parameters: {'mlp_n_layers': 3, 'mlp_dim_00': 468, 'mlp_dim_01': 507, 'mlp_dim_02': 472, 'node_hidden_dim': 101, 'edge_hidden_dim': 111, 'depth': 2, 'rep_dropout': 0.04899087092867654, 'train_learning_rate': 0.004116074762646958, 'train_lr_reduce': 0.6}. Best is trial 1170 with value: 0.3284205496311188.
[I 2024-12-19 08:25:23,910] Trial 1448 finished with value: 1.3152443170547485 and parameters: {'mlp_n_layers': 3, 'mlp_dim_00': 359, 'mlp_dim_01': 129, 'mlp_dim_02': 387, 'node_hidden_dim': 80, 'edge_hidden_dim': 118, 'depth': 2, 'rep_dropout': 0.03368343095695628, 'train_learning_rate': 0.007189263988262063, 'train_lr_reduce': 0.6}. Best is trial 1170 with value: 0.3284205496311188.
[I 2024-12-19 08:25:25,294] Trial 1449 finished with value: 1.505845546722412 and parameters: {'mlp_n_layers': 2, 'mlp_dim_00': 148, 'mlp_dim_01': 159, 'node_hidden_dim': 125, 'edge_hidden_dim': 103, 'depth': 2, 'rep_dropout': 0.017780649497935536, 'train_learning_rate': 0.002388271864529774, 'train_lr_reduce': 0.6}. Best is trial 1170 with value: 0.3284205496311188.
[I 2024-12-19 08:25:29,197] Trial 1450 finished with value: 1.334038496017456 and parameters: {'mlp_n_layers': 4, 'mlp_dim_00': 139, 'mlp_dim_01': 141, 'mlp_dim_02': 236, 'mlp_dim_03': 242, 'node_hidden_dim': 41, 'edge_hidden_dim': 69, 'depth': 2, 'rep_dropout': 0.11944641064859224, 'train_learning_rate': 0.006031445331914599, 'train_lr_reduce': 0.6}. Best is trial 1170 with value: 0.3284205496311188.
[I 2024-12-19 08:25:31,393] Trial 1452 finished with value: 1.5079724788665771 and parameters: {'mlp_n_layers': 4, 'mlp_dim_00': 68, 'mlp_dim_01': 383, 'mlp_dim_02': 270, 'mlp_dim_03': 105, 'node_hidden_dim': 106, 'edge_hidden_dim': 98, 'depth': 2, 'rep_dropout': 0.026268536194260325, 'train_learning_rate': 0.003894000937886479, 'train_lr_reduce': 0.6}. Best is trial 1170 with value: 0.3284205496311188.
[I 2024-12-19 08:25:33,268] Trial 1451 finished with value: 1.3844140768051147 and parameters: {'mlp_n_layers': 4, 'mlp_dim_00': 220, 'mlp_dim_01': 387, 'mlp_dim_02': 181, 'mlp_dim_03': 184, 'node_hidden_dim': 124, 'edge_hidden_dim': 54, 'depth': 2, 'rep_dropout': 0.01768696869202276, 'train_learning_rate': 0.0022506212929042178, 'train_lr_reduce': 0.6}. Best is trial 1170 with value: 0.3284205496311188.
[I 2024-12-19 08:25:33,333] Trial 1453 finished with value: 1.4868041276931763 and parameters: {'mlp_n_layers': 3, 'mlp_dim_00': 424, 'mlp_dim_01': 279, 'mlp_dim_02': 319, 'node_hidden_dim': 32, 'edge_hidden_dim': 39, 'depth': 3, 'rep_dropout': 0.08323979719641969, 'train_learning_rate': 0.003113817660994947, 'train_lr_reduce': 0.6}. Best is trial 1170 with value: 0.3284205496311188.
[I 2024-12-19 08:25:35,744] Trial 1454 finished with value: 1.531699776649475 and parameters: {'mlp_n_layers': 3, 'mlp_dim_00': 402, 'mlp_dim_01': 156, 'mlp_dim_02': 431, 'node_hidden_dim': 65, 'edge_hidden_dim': 92, 'depth': 2, 'rep_dropout': 0.14858821879627415, 'train_learning_rate': 0.0013927257552603545, 'train_lr_reduce': 0.6}. Best is trial 1170 with value: 0.3284205496311188.
[I 2024-12-19 08:25:37,839] Trial 1456 finished with value: 1.2851319313049316 and parameters: {'mlp_n_layers': 3, 'mlp_dim_00': 388, 'mlp_dim_01': 97, 'mlp_dim_02': 343, 'node_hidden_dim': 69, 'edge_hidden_dim': 76, 'depth': 3, 'rep_dropout': 0.01095965142695514, 'train_learning_rate': 0.007681297534152439, 'train_lr_reduce': 0.6}. Best is trial 1170 with value: 0.3284205496311188.
[I 2024-12-19 08:25:38,477] Trial 1455 finished with value: 1.5536999702453613 and parameters: {'mlp_n_layers': 4, 'mlp_dim_00': 205, 'mlp_dim_01': 97, 'mlp_dim_02': 357, 'mlp_dim_03': 235, 'node_hidden_dim': 89, 'edge_hidden_dim': 127, 'depth': 4, 'rep_dropout': 0.09601560011417348, 'train_learning_rate': 0.0003022048904007445, 'train_lr_reduce': 0.6}. Best is trial 1170 with value: 0.3284205496311188.
[I 2024-12-19 08:25:40,559] Trial 1457 finished with value: 1.3975305557250977 and parameters: {'mlp_n_layers': 4, 'mlp_dim_00': 430, 'mlp_dim_01': 69, 'mlp_dim_02': 224, 'mlp_dim_03': 147, 'node_hidden_dim': 87, 'edge_hidden_dim': 66, 'depth': 2, 'rep_dropout': 0.10360034820544184, 'train_learning_rate': 0.008396268240811536, 'train_lr_reduce': 0.6}. Best is trial 1170 with value: 0.3284205496311188.
[I 2024-12-19 08:25:42,343] Trial 1458 finished with value: 1.3610494136810303 and parameters: {'mlp_n_layers': 3, 'mlp_dim_00': 503, 'mlp_dim_01': 386, 'mlp_dim_02': 472, 'node_hidden_dim': 113, 'edge_hidden_dim': 91, 'depth': 2, 'rep_dropout': 0.16995904519380922, 'train_learning_rate': 0.0049565280364509134, 'train_lr_reduce': 0.6}. Best is trial 1170 with value: 0.3284205496311188.
[I 2024-12-19 08:25:43,574] Trial 1459 finished with value: 1.286450743675232 and parameters: {'mlp_n_layers': 4, 'mlp_dim_00': 459, 'mlp_dim_01': 330, 'mlp_dim_02': 276, 'mlp_dim_03': 98, 'node_hidden_dim': 116, 'edge_hidden_dim': 128, 'depth': 2, 'rep_dropout': 0.10015156268442815, 'train_learning_rate': 0.00858609287151996, 'train_lr_reduce': 0.6}. Best is trial 1170 with value: 0.3284205496311188.
[I 2024-12-19 08:25:46,036] Trial 1460 finished with value: 1.4555262327194214 and parameters: {'mlp_n_layers': 4, 'mlp_dim_00': 386, 'mlp_dim_01': 234, 'mlp_dim_02': 387, 'mlp_dim_03': 193, 'node_hidden_dim': 47, 'edge_hidden_dim': 52, 'depth': 3, 'rep_dropout': 0.12179815693530881, 'train_learning_rate': 0.007384890186214553, 'train_lr_reduce': 0.6}. Best is trial 1170 with value: 0.3284205496311188.
[I 2024-12-19 08:25:46,979] Trial 1461 finished with value: 1.3997145891189575 and parameters: {'mlp_n_layers': 4, 'mlp_dim_00': 241, 'mlp_dim_01': 300, 'mlp_dim_02': 314, 'mlp_dim_03': 155, 'node_hidden_dim': 116, 'edge_hidden_dim': 50, 'depth': 2, 'rep_dropout': 0.06450830260149253, 'train_learning_rate': 0.0074602243101561565, 'train_lr_reduce': 0.6}. Best is trial 1170 with value: 0.3284205496311188.
[I 2024-12-19 08:25:48,136] Trial 1462 finished with value: 1.433531641960144 and parameters: {'mlp_n_layers': 3, 'mlp_dim_00': 78, 'mlp_dim_01': 461, 'mlp_dim_02': 182, 'node_hidden_dim': 118, 'edge_hidden_dim': 90, 'depth': 2, 'rep_dropout': 0.03244824242895238, 'train_learning_rate': 0.00685677520490497, 'train_lr_reduce': 0.6}. Best is trial 1170 with value: 0.3284205496311188.
[I 2024-12-19 08:25:51,090] Trial 1464 finished with value: 1.4696650505065918 and parameters: {'mlp_n_layers': 2, 'mlp_dim_00': 299, 'mlp_dim_01': 362, 'node_hidden_dim': 85, 'edge_hidden_dim': 107, 'depth': 2, 'rep_dropout': 0.2023152697761467, 'train_learning_rate': 0.0011393229277726756, 'train_lr_reduce': 0.6}. Best is trial 1170 with value: 0.3284205496311188.
[I 2024-12-19 08:25:59,194] Trial 1466 finished with value: 1.344421625137329 and parameters: {'mlp_n_layers': 4, 'mlp_dim_00': 213, 'mlp_dim_01': 417, 'mlp_dim_02': 298, 'mlp_dim_03': 224, 'node_hidden_dim': 99, 'edge_hidden_dim': 57, 'depth': 2, 'rep_dropout': 0.04219804455649068, 'train_learning_rate': 0.002058137187687051, 'train_lr_reduce': 0.6}. Best is trial 1170 with value: 0.3284205496311188.
[I 2024-12-19 08:26:00,223] Trial 1463 finished with value: 0.4692245125770569 and parameters: {'mlp_n_layers': 3, 'mlp_dim_00': 317, 'mlp_dim_01': 138, 'mlp_dim_02': 242, 'node_hidden_dim': 126, 'edge_hidden_dim': 67, 'depth': 2, 'rep_dropout': 0.04125727091808747, 'train_learning_rate': 0.006605907903152256, 'train_lr_reduce': 0.6}. Best is trial 1170 with value: 0.3284205496311188.
[I 2024-12-19 08:26:02,520] Trial 1465 finished with value: 0.3580104112625122 and parameters: {'mlp_n_layers': 2, 'mlp_dim_00': 203, 'mlp_dim_01': 71, 'node_hidden_dim': 122, 'edge_hidden_dim': 87, 'depth': 2, 'rep_dropout': 0.011868158871171982, 'train_learning_rate': 0.007407069510952267, 'train_lr_reduce': 0.6}. Best is trial 1170 with value: 0.3284205496311188.
[I 2024-12-19 08:26:06,791] Trial 1467 finished with value: 1.373543381690979 and parameters: {'mlp_n_layers': 3, 'mlp_dim_00': 498, 'mlp_dim_01': 219, 'mlp_dim_02': 358, 'node_hidden_dim': 84, 'edge_hidden_dim': 86, 'depth': 3, 'rep_dropout': 0.16659939353393033, 'train_learning_rate': 0.0028839327578003356, 'train_lr_reduce': 0.6}. Best is trial 1170 with value: 0.3284205496311188.
[I 2024-12-19 08:26:06,850] Trial 1468 finished with value: 1.3164114952087402 and parameters: {'mlp_n_layers': 2, 'mlp_dim_00': 155, 'mlp_dim_01': 379, 'node_hidden_dim': 107, 'edge_hidden_dim': 113, 'depth': 2, 'rep_dropout': 0.13641743207629056, 'train_learning_rate': 0.006433177743061667, 'train_lr_reduce': 0.6}. Best is trial 1170 with value: 0.3284205496311188.
[I 2024-12-19 08:26:10,318] Trial 1469 finished with value: 0.826586127281189 and parameters: {'mlp_n_layers': 2, 'mlp_dim_00': 267, 'mlp_dim_01': 114, 'node_hidden_dim': 126, 'edge_hidden_dim': 100, 'depth': 3, 'rep_dropout': 0.0069927920223379555, 'train_learning_rate': 0.00822798078351838, 'train_lr_reduce': 0.6}. Best is trial 1170 with value: 0.3284205496311188.
[I 2024-12-19 08:26:10,882] Trial 1470 finished with value: 1.3749960660934448 and parameters: {'mlp_n_layers': 2, 'mlp_dim_00': 83, 'mlp_dim_01': 72, 'node_hidden_dim': 110, 'edge_hidden_dim': 77, 'depth': 2, 'rep_dropout': 0.04507971422210576, 'train_learning_rate': 0.0026059888838456577, 'train_lr_reduce': 0.6}. Best is trial 1170 with value: 0.3284205496311188.
[I 2024-12-19 08:26:11,384] Trial 1471 finished with value: 1.4084315299987793 and parameters: {'mlp_n_layers': 4, 'mlp_dim_00': 131, 'mlp_dim_01': 128, 'mlp_dim_02': 180, 'mlp_dim_03': 66, 'node_hidden_dim': 53, 'edge_hidden_dim': 73, 'depth': 2, 'rep_dropout': 0.19423572211633652, 'train_learning_rate': 0.006542685528966138, 'train_lr_reduce': 0.6}. Best is trial 1170 with value: 0.3284205496311188.
[I 2024-12-19 08:26:15,615] Trial 1474 finished with value: 1.5829015970230103 and parameters: {'mlp_n_layers': 3, 'mlp_dim_00': 227, 'mlp_dim_01': 345, 'mlp_dim_02': 260, 'node_hidden_dim': 102, 'edge_hidden_dim': 47, 'depth': 4, 'rep_dropout': 0.19072380497727237, 'train_learning_rate': 0.00018666789708730224, 'train_lr_reduce': 0.6}. Best is trial 1170 with value: 0.3284205496311188.
[I 2024-12-19 08:26:17,210] Trial 1472 finished with value: 1.3378063440322876 and parameters: {'mlp_n_layers': 4, 'mlp_dim_00': 172, 'mlp_dim_01': 303, 'mlp_dim_02': 225, 'mlp_dim_03': 103, 'node_hidden_dim': 119, 'edge_hidden_dim': 34, 'depth': 2, 'rep_dropout': 0.04774444484800903, 'train_learning_rate': 0.0030838981341168165, 'train_lr_reduce': 0.6}. Best is trial 1170 with value: 0.3284205496311188.
[I 2024-12-19 08:26:19,275] Trial 1473 finished with value: 0.8220901489257812 and parameters: {'mlp_n_layers': 3, 'mlp_dim_00': 173, 'mlp_dim_01': 269, 'mlp_dim_02': 509, 'node_hidden_dim': 107, 'edge_hidden_dim': 84, 'depth': 2, 'rep_dropout': 0.06645738361846718, 'train_learning_rate': 0.009960407786266657, 'train_lr_reduce': 0.6}. Best is trial 1170 with value: 0.3284205496311188.
[I 2024-12-19 08:26:19,880] Trial 1475 finished with value: 1.4276446104049683 and parameters: {'mlp_n_layers': 2, 'mlp_dim_00': 169, 'mlp_dim_01': 132, 'node_hidden_dim': 111, 'edge_hidden_dim': 110, 'depth': 2, 'rep_dropout': 0.05866131908833147, 'train_learning_rate': 0.0055686914357993954, 'train_lr_reduce': 0.6}. Best is trial 1170 with value: 0.3284205496311188.
[I 2024-12-19 08:26:21,651] Trial 1476 finished with value: 1.4783293008804321 and parameters: {'mlp_n_layers': 4, 'mlp_dim_00': 299, 'mlp_dim_01': 370, 'mlp_dim_02': 228, 'mlp_dim_03': 96, 'node_hidden_dim': 111, 'edge_hidden_dim': 35, 'depth': 2, 'rep_dropout': 0.009976545126393758, 'train_learning_rate': 0.005281582868207239, 'train_lr_reduce': 0.6}. Best is trial 1170 with value: 0.3284205496311188.
[I 2024-12-19 08:26:23,554] Trial 1477 finished with value: 1.2852835655212402 and parameters: {'mlp_n_layers': 3, 'mlp_dim_00': 410, 'mlp_dim_01': 393, 'mlp_dim_02': 259, 'node_hidden_dim': 77, 'edge_hidden_dim': 127, 'depth': 2, 'rep_dropout': 0.2001528985024621, 'train_learning_rate': 0.0060612971153405385, 'train_lr_reduce': 0.6}. Best is trial 1170 with value: 0.3284205496311188.
[I 2024-12-19 08:26:26,072] Trial 1479 finished with value: 1.4285751581192017 and parameters: {'mlp_n_layers': 3, 'mlp_dim_00': 292, 'mlp_dim_01': 172, 'mlp_dim_02': 182, 'node_hidden_dim': 89, 'edge_hidden_dim': 95, 'depth': 2, 'rep_dropout': 0.014109615092705642, 'train_learning_rate': 0.00731354802478692, 'train_lr_reduce': 0.6}. Best is trial 1170 with value: 0.3284205496311188.
[I 2024-12-19 08:26:26,645] Trial 1478 finished with value: 1.2747875452041626 and parameters: {'mlp_n_layers': 2, 'mlp_dim_00': 168, 'mlp_dim_01': 86, 'node_hidden_dim': 115, 'edge_hidden_dim': 97, 'depth': 2, 'rep_dropout': 0.039495591088202275, 'train_learning_rate': 0.006384677289241395, 'train_lr_reduce': 0.6}. Best is trial 1170 with value: 0.3284205496311188.
[I 2024-12-19 08:26:30,931] Trial 1481 finished with value: 1.3050785064697266 and parameters: {'mlp_n_layers': 3, 'mlp_dim_00': 129, 'mlp_dim_01': 370, 'mlp_dim_02': 478, 'node_hidden_dim': 116, 'edge_hidden_dim': 90, 'depth': 2, 'rep_dropout': 0.14819409998454502, 'train_learning_rate': 0.008905320061005107, 'train_lr_reduce': 0.6}. Best is trial 1170 with value: 0.3284205496311188.
[I 2024-12-19 08:26:31,190] Trial 1482 finished with value: 1.4972039461135864 and parameters: {'mlp_n_layers': 4, 'mlp_dim_00': 281, 'mlp_dim_01': 137, 'mlp_dim_02': 276, 'mlp_dim_03': 125, 'node_hidden_dim': 68, 'edge_hidden_dim': 80, 'depth': 2, 'rep_dropout': 0.2396151384728562, 'train_learning_rate': 0.0033299590026754466, 'train_lr_reduce': 0.6}. Best is trial 1170 with value: 0.3284205496311188.
[I 2024-12-19 08:26:33,482] Trial 1480 finished with value: 1.3264309167861938 and parameters: {'mlp_n_layers': 4, 'mlp_dim_00': 474, 'mlp_dim_01': 292, 'mlp_dim_02': 463, 'mlp_dim_03': 103, 'node_hidden_dim': 61, 'edge_hidden_dim': 37, 'depth': 4, 'rep_dropout': 0.022396483768223452, 'train_learning_rate': 0.0039013539696945276, 'train_lr_reduce': 0.6}. Best is trial 1170 with value: 0.3284205496311188.
[I 2024-12-19 08:26:36,276] Trial 1484 finished with value: 1.2888576984405518 and parameters: {'mlp_n_layers': 3, 'mlp_dim_00': 77, 'mlp_dim_01': 410, 'mlp_dim_02': 218, 'node_hidden_dim': 110, 'edge_hidden_dim': 96, 'depth': 2, 'rep_dropout': 0.11301554491381377, 'train_learning_rate': 0.007082672309870302, 'train_lr_reduce': 0.6}. Best is trial 1170 with value: 0.3284205496311188.
[I 2024-12-19 08:26:41,527] Trial 1486 finished with value: 1.469110131263733 and parameters: {'mlp_n_layers': 4, 'mlp_dim_00': 463, 'mlp_dim_01': 134, 'mlp_dim_02': 186, 'mlp_dim_03': 97, 'node_hidden_dim': 105, 'edge_hidden_dim': 128, 'depth': 3, 'rep_dropout': 0.17993378303052265, 'train_learning_rate': 0.0075528533531989, 'train_lr_reduce': 0.6}. Best is trial 1170 with value: 0.3284205496311188.
[I 2024-12-19 08:26:46,268] Trial 1483 finished with value: 0.2768918573856354 and parameters: {'mlp_n_layers': 2, 'mlp_dim_00': 295, 'mlp_dim_01': 114, 'node_hidden_dim': 123, 'edge_hidden_dim': 49, 'depth': 2, 'rep_dropout': 0.0029922312119090057, 'train_learning_rate': 0.0077179638037396065, 'train_lr_reduce': 0.6}. Best is trial 1483 with value: 0.2768918573856354.
[I 2024-12-19 08:26:47,545] Trial 1485 finished with value: 0.44335615634918213 and parameters: {'mlp_n_layers': 3, 'mlp_dim_00': 473, 'mlp_dim_01': 390, 'mlp_dim_02': 275, 'node_hidden_dim': 92, 'edge_hidden_dim': 119, 'depth': 2, 'rep_dropout': 0.07477187780084257, 'train_learning_rate': 0.0046334297508415865, 'train_lr_reduce': 0.6}. Best is trial 1483 with value: 0.2768918573856354.
[I 2024-12-19 08:26:47,837] Trial 1487 finished with value: 1.343347430229187 and parameters: {'mlp_n_layers': 2, 'mlp_dim_00': 151, 'mlp_dim_01': 222, 'node_hidden_dim': 114, 'edge_hidden_dim': 82, 'depth': 2, 'rep_dropout': 0.013754377783006472, 'train_learning_rate': 0.006202092488796349, 'train_lr_reduce': 0.6}. Best is trial 1483 with value: 0.2768918573856354.
[I 2024-12-19 08:26:50,787] Trial 1488 finished with value: 1.3039041757583618 and parameters: {'mlp_n_layers': 2, 'mlp_dim_00': 325, 'mlp_dim_01': 87, 'node_hidden_dim': 107, 'edge_hidden_dim': 39, 'depth': 2, 'rep_dropout': 0.023770515950647133, 'train_learning_rate': 0.006953183487498635, 'train_lr_reduce': 0.6}. Best is trial 1483 with value: 0.2768918573856354.
[I 2024-12-19 08:26:51,945] Trial 1490 finished with value: 1.3896064758300781 and parameters: {'mlp_n_layers': 2, 'mlp_dim_00': 300, 'mlp_dim_01': 82, 'node_hidden_dim': 104, 'edge_hidden_dim': 46, 'depth': 2, 'rep_dropout': 0.02046168131848673, 'train_learning_rate': 0.0023714802966892266, 'train_lr_reduce': 0.6}. Best is trial 1483 with value: 0.2768918573856354.
[I 2024-12-19 08:26:54,541] Trial 1489 finished with value: 1.3139598369598389 and parameters: {'mlp_n_layers': 2, 'mlp_dim_00': 468, 'mlp_dim_01': 150, 'node_hidden_dim': 125, 'edge_hidden_dim': 66, 'depth': 2, 'rep_dropout': 0.04307572733012206, 'train_learning_rate': 0.008421438016239282, 'train_lr_reduce': 0.6}. Best is trial 1483 with value: 0.2768918573856354.
[I 2024-12-19 08:26:54,782] Trial 1491 finished with value: 1.4918144941329956 and parameters: {'mlp_n_layers': 2, 'mlp_dim_00': 240, 'mlp_dim_01': 147, 'node_hidden_dim': 128, 'edge_hidden_dim': 87, 'depth': 2, 'rep_dropout': 0.014015879653476783, 'train_learning_rate': 0.002924255810448827, 'train_lr_reduce': 0.6}. Best is trial 1483 with value: 0.2768918573856354.
[I 2024-12-19 08:26:58,951] Trial 1493 finished with value: 1.524719476699829 and parameters: {'mlp_n_layers': 3, 'mlp_dim_00': 329, 'mlp_dim_01': 92, 'mlp_dim_02': 458, 'node_hidden_dim': 105, 'edge_hidden_dim': 92, 'depth': 4, 'rep_dropout': 0.1140167718535178, 'train_learning_rate': 0.0010637489868963305, 'train_lr_reduce': 0.6}. Best is trial 1483 with value: 0.2768918573856354.
[I 2024-12-19 08:27:03,093] Trial 1495 finished with value: 1.3341944217681885 and parameters: {'mlp_n_layers': 2, 'mlp_dim_00': 351, 'mlp_dim_01': 122, 'node_hidden_dim': 127, 'edge_hidden_dim': 53, 'depth': 2, 'rep_dropout': 0.018616526072123912, 'train_learning_rate': 0.005326036783059149, 'train_lr_reduce': 0.6}. Best is trial 1483 with value: 0.2768918573856354.
[I 2024-12-19 08:27:06,314] Trial 1492 finished with value: 0.479108601808548 and parameters: {'mlp_n_layers': 2, 'mlp_dim_00': 202, 'mlp_dim_01': 85, 'node_hidden_dim': 125, 'edge_hidden_dim': 37, 'depth': 2, 'rep_dropout': 0.012437118715848655, 'train_learning_rate': 0.00428132115876703, 'train_lr_reduce': 0.6}. Best is trial 1483 with value: 0.2768918573856354.
[I 2024-12-19 08:27:10,472] Trial 1494 finished with value: 0.3900658190250397 and parameters: {'mlp_n_layers': 4, 'mlp_dim_00': 228, 'mlp_dim_01': 283, 'mlp_dim_02': 510, 'mlp_dim_03': 71, 'node_hidden_dim': 123, 'edge_hidden_dim': 57, 'depth': 2, 'rep_dropout': 0.007971380518981386, 'train_learning_rate': 0.003995491773591278, 'train_lr_reduce': 0.6}. Best is trial 1483 with value: 0.2768918573856354.
[I 2024-12-19 08:27:16,297] Trial 1496 finished with value: 0.33171191811561584 and parameters: {'mlp_n_layers': 2, 'mlp_dim_00': 229, 'mlp_dim_01': 156, 'node_hidden_dim': 119, 'edge_hidden_dim': 47, 'depth': 2, 'rep_dropout': 0.07627128303696146, 'train_learning_rate': 0.0087771599416315, 'train_lr_reduce': 0.6}. Best is trial 1483 with value: 0.2768918573856354.
[I 2024-12-19 08:27:18,737] Trial 1498 finished with value: 1.3510589599609375 and parameters: {'mlp_n_layers': 4, 'mlp_dim_00': 184, 'mlp_dim_01': 385, 'mlp_dim_02': 491, 'mlp_dim_03': 71, 'node_hidden_dim': 116, 'edge_hidden_dim': 75, 'depth': 2, 'rep_dropout': 0.009350539046431398, 'train_learning_rate': 0.003197348042857752, 'train_lr_reduce': 0.6}. Best is trial 1483 with value: 0.2768918573856354.
[I 2024-12-19 08:27:20,920] Trial 1499 finished with value: 1.4304379224777222 and parameters: {'mlp_n_layers': 2, 'mlp_dim_00': 276, 'mlp_dim_01': 118, 'node_hidden_dim': 107, 'edge_hidden_dim': 71, 'depth': 2, 'rep_dropout': 0.022102592435071896, 'train_learning_rate': 0.004821019554262014, 'train_lr_reduce': 0.6}. Best is trial 1483 with value: 0.2768918573856354.
[I 2024-12-19 08:27:21,740] Trial 1497 finished with value: 0.46957504749298096 and parameters: {'mlp_n_layers': 2, 'mlp_dim_00': 215, 'mlp_dim_01': 100, 'node_hidden_dim': 118, 'edge_hidden_dim': 83, 'depth': 2, 'rep_dropout': 0.029571257939078232, 'train_learning_rate': 0.005870700554557336, 'train_lr_reduce': 0.6}. Best is trial 1483 with value: 0.2768918573856354.
[I 2024-12-19 08:27:23,862] Trial 1500 finished with value: 1.2862886190414429 and parameters: {'mlp_n_layers': 2, 'mlp_dim_00': 230, 'mlp_dim_01': 139, 'node_hidden_dim': 113, 'edge_hidden_dim': 58, 'depth': 3, 'rep_dropout': 0.04504519442285601, 'train_learning_rate': 0.007764744377637529, 'train_lr_reduce': 0.6}. Best is trial 1483 with value: 0.2768918573856354.
