[I 2024-12-19 22:50:04,438] Trial 2405 finished with value: 0.25253382325172424 and parameters: {'mlp_n_layers': 1, 'mlp_dim_00': 511, 'node_hidden_dim': 64, 'edge_hidden_dim': 70, 'depth': 1, 'rep_dropout': 0.038429193928155095, 'train_learning_rate': 0.007799293690926755, 'train_lr_reduce': 0.6}. Best is trial 1909 with value: 0.10777772963047028.
[I 2024-12-19 22:50:19,028] Trial 2406 finished with value: 0.13266296684741974 and parameters: {'mlp_n_layers': 1, 'mlp_dim_00': 462, 'node_hidden_dim': 48, 'edge_hidden_dim': 73, 'depth': 1, 'rep_dropout': 0.03355450426992534, 'train_learning_rate': 0.0031985853049981946, 'train_lr_reduce': 0.6}. Best is trial 1909 with value: 0.10777772963047028.
[I 2024-12-19 22:50:23,913] Trial 2411 finished with value: 1.1415090560913086 and parameters: {'mlp_n_layers': 1, 'mlp_dim_00': 77, 'node_hidden_dim': 35, 'edge_hidden_dim': 116, 'depth': 1, 'rep_dropout': 0.08475722499144095, 'train_learning_rate': 0.00022032156187072147, 'train_lr_reduce': 0.6}. Best is trial 1909 with value: 0.10777772963047028.
[I 2024-12-19 22:50:29,022] Trial 2412 finished with value: 1.143964409828186 and parameters: {'mlp_n_layers': 1, 'mlp_dim_00': 460, 'node_hidden_dim': 32, 'edge_hidden_dim': 61, 'depth': 2, 'rep_dropout': 0.053250727481389426, 'train_learning_rate': 0.0006797443091160635, 'train_lr_reduce': 0.6}. Best is trial 1909 with value: 0.10777772963047028.
[I 2024-12-19 22:50:35,139] Trial 2409 finished with value: 0.11360903829336166 and parameters: {'mlp_n_layers': 1, 'mlp_dim_00': 418, 'node_hidden_dim': 33, 'edge_hidden_dim': 45, 'depth': 1, 'rep_dropout': 0.042585439440310166, 'train_learning_rate': 0.004360593645147381, 'train_lr_reduce': 0.6}. Best is trial 1909 with value: 0.10777772963047028.
[I 2024-12-19 22:50:43,922] Trial 2410 finished with value: 0.1267269402742386 and parameters: {'mlp_n_layers': 2, 'mlp_dim_00': 497, 'mlp_dim_01': 127, 'node_hidden_dim': 32, 'edge_hidden_dim': 48, 'depth': 1, 'rep_dropout': 0.05865536006986846, 'train_learning_rate': 0.002965723068789571, 'train_lr_reduce': 0.6}. Best is trial 1909 with value: 0.10777772963047028.
[I 2024-12-19 22:50:53,177] Trial 2414 finished with value: 0.20141245424747467 and parameters: {'mlp_n_layers': 1, 'mlp_dim_00': 437, 'node_hidden_dim': 39, 'edge_hidden_dim': 42, 'depth': 1, 'rep_dropout': 0.033245869887573276, 'train_learning_rate': 0.0059089719992930795, 'train_lr_reduce': 0.6}. Best is trial 1909 with value: 0.10777772963047028.
[I 2024-12-19 22:50:56,090] Trial 2413 finished with value: 0.14870546758174896 and parameters: {'mlp_n_layers': 1, 'mlp_dim_00': 488, 'node_hidden_dim': 34, 'edge_hidden_dim': 45, 'depth': 1, 'rep_dropout': 0.032388414909026685, 'train_learning_rate': 0.00575132198636685, 'train_lr_reduce': 0.6}. Best is trial 1909 with value: 0.10777772963047028.
[I 2024-12-19 22:51:21,957] Trial 2415 finished with value: 0.13441652059555054 and parameters: {'mlp_n_layers': 1, 'mlp_dim_00': 399, 'node_hidden_dim': 40, 'edge_hidden_dim': 54, 'depth': 1, 'rep_dropout': 0.03479759267026995, 'train_learning_rate': 0.005884576352045919, 'train_lr_reduce': 0.6}. Best is trial 1909 with value: 0.10777772963047028.
[I 2024-12-19 22:51:32,325] Trial 2416 finished with value: 0.15578460693359375 and parameters: {'mlp_n_layers': 2, 'mlp_dim_00': 494, 'mlp_dim_01': 234, 'node_hidden_dim': 41, 'edge_hidden_dim': 67, 'depth': 1, 'rep_dropout': 0.0769811979236268, 'train_learning_rate': 0.0031585158117119544, 'train_lr_reduce': 0.6}. Best is trial 1909 with value: 0.10777772963047028.
[I 2024-12-19 22:51:37,177] Trial 2417 finished with value: 0.12649330496788025 and parameters: {'mlp_n_layers': 1, 'mlp_dim_00': 417, 'node_hidden_dim': 41, 'edge_hidden_dim': 59, 'depth': 1, 'rep_dropout': 0.0456873866367756, 'train_learning_rate': 0.003866568384035253, 'train_lr_reduce': 0.6}. Best is trial 1909 with value: 0.10777772963047028.
[I 2024-12-19 22:51:37,973] Trial 2419 finished with value: 1.143760323524475 and parameters: {'mlp_n_layers': 2, 'mlp_dim_00': 492, 'mlp_dim_01': 184, 'node_hidden_dim': 57, 'edge_hidden_dim': 106, 'depth': 2, 'rep_dropout': 0.10666341242926122, 'train_learning_rate': 0.0004685402600294532, 'train_lr_reduce': 0.6}. Best is trial 1909 with value: 0.10777772963047028.
[I 2024-12-19 22:51:43,325] Trial 2418 finished with value: 0.33310019969940186 and parameters: {'mlp_n_layers': 3, 'mlp_dim_00': 488, 'mlp_dim_01': 101, 'mlp_dim_02': 467, 'node_hidden_dim': 62, 'edge_hidden_dim': 92, 'depth': 2, 'rep_dropout': 0.00520815138966665, 'train_learning_rate': 0.0029169104851990355, 'train_lr_reduce': 0.6}. Best is trial 1909 with value: 0.10777772963047028.
[I 2024-12-19 22:51:44,033] Trial 2421 finished with value: 1.153207778930664 and parameters: {'mlp_n_layers': 3, 'mlp_dim_00': 305, 'mlp_dim_01': 143, 'mlp_dim_02': 345, 'node_hidden_dim': 100, 'edge_hidden_dim': 59, 'depth': 4, 'rep_dropout': 0.12943668374791706, 'train_learning_rate': 0.005437898832423011, 'train_lr_reduce': 0.6}. Best is trial 1909 with value: 0.10777772963047028.
[I 2024-12-19 22:51:48,135] Trial 2422 finished with value: 1.142085313796997 and parameters: {'mlp_n_layers': 1, 'mlp_dim_00': 143, 'node_hidden_dim': 38, 'edge_hidden_dim': 50, 'depth': 3, 'rep_dropout': 0.02777434555691946, 'train_learning_rate': 0.0007830416830532993, 'train_lr_reduce': 0.6}. Best is trial 1909 with value: 0.10777772963047028.
[I 2024-12-19 22:51:53,352] Trial 2424 finished with value: 1.144555926322937 and parameters: {'mlp_n_layers': 2, 'mlp_dim_00': 441, 'mlp_dim_01': 102, 'node_hidden_dim': 68, 'edge_hidden_dim': 69, 'depth': 3, 'rep_dropout': 0.13772913370887802, 'train_learning_rate': 0.0005258518497865354, 'train_lr_reduce': 0.6}. Best is trial 1909 with value: 0.10777772963047028.
[I 2024-12-19 22:52:17,953] Trial 2420 finished with value: 0.12750712037086487 and parameters: {'mlp_n_layers': 1, 'mlp_dim_00': 422, 'node_hidden_dim': 34, 'edge_hidden_dim': 43, 'depth': 1, 'rep_dropout': 0.0658348452266839, 'train_learning_rate': 0.002336204354837981, 'train_lr_reduce': 0.6}. Best is trial 1909 with value: 0.10777772963047028.
[I 2024-12-19 22:52:23,248] Trial 2425 finished with value: 0.3051201403141022 and parameters: {'mlp_n_layers': 2, 'mlp_dim_00': 420, 'mlp_dim_01': 167, 'node_hidden_dim': 34, 'edge_hidden_dim': 47, 'depth': 1, 'rep_dropout': 0.03540993884409527, 'train_learning_rate': 0.008414025499804516, 'train_lr_reduce': 0.6}. Best is trial 1909 with value: 0.10777772963047028.
[I 2024-12-19 22:52:23,450] Trial 2426 finished with value: 1.1435866355895996 and parameters: {'mlp_n_layers': 3, 'mlp_dim_00': 113, 'mlp_dim_01': 131, 'mlp_dim_02': 177, 'node_hidden_dim': 38, 'edge_hidden_dim': 38, 'depth': 3, 'rep_dropout': 0.010125553086994726, 'train_learning_rate': 0.006653943792941219, 'train_lr_reduce': 0.6}. Best is trial 1909 with value: 0.10777772963047028.
[I 2024-12-19 22:52:23,771] Trial 2423 finished with value: 0.13220259547233582 and parameters: {'mlp_n_layers': 1, 'mlp_dim_00': 413, 'node_hidden_dim': 32, 'edge_hidden_dim': 48, 'depth': 1, 'rep_dropout': 0.04818905120619006, 'train_learning_rate': 0.002609361718988709, 'train_lr_reduce': 0.6}. Best is trial 1909 with value: 0.10777772963047028.
[I 2024-12-19 22:52:29,841] Trial 2429 finished with value: 1.1450037956237793 and parameters: {'mlp_n_layers': 4, 'mlp_dim_00': 246, 'mlp_dim_01': 96, 'mlp_dim_02': 419, 'mlp_dim_03': 252, 'node_hidden_dim': 48, 'edge_hidden_dim': 64, 'depth': 3, 'rep_dropout': 0.021372489738758903, 'train_learning_rate': 0.0015536912492729936, 'train_lr_reduce': 0.6}. Best is trial 1909 with value: 0.10777772963047028.
[I 2024-12-19 22:53:00,863] Trial 2427 finished with value: 0.17031700909137726 and parameters: {'mlp_n_layers': 1, 'mlp_dim_00': 431, 'node_hidden_dim': 47, 'edge_hidden_dim': 60, 'depth': 1, 'rep_dropout': 0.02053873353463362, 'train_learning_rate': 0.004260317191571621, 'train_lr_reduce': 0.6}. Best is trial 1909 with value: 0.10777772963047028.
[I 2024-12-19 22:53:08,041] Trial 2428 finished with value: 0.17534540593624115 and parameters: {'mlp_n_layers': 2, 'mlp_dim_00': 330, 'mlp_dim_01': 214, 'node_hidden_dim': 111, 'edge_hidden_dim': 51, 'depth': 1, 'rep_dropout': 0.05527778961726947, 'train_learning_rate': 0.003368408248631882, 'train_lr_reduce': 0.6}. Best is trial 1909 with value: 0.10777772963047028.
[I 2024-12-19 22:53:13,789] Trial 2432 finished with value: 1.1425143480300903 and parameters: {'mlp_n_layers': 1, 'mlp_dim_00': 418, 'node_hidden_dim': 44, 'edge_hidden_dim': 51, 'depth': 2, 'rep_dropout': 0.030623636464919803, 'train_learning_rate': 0.003199556663871496, 'train_lr_reduce': 0.6}. Best is trial 1909 with value: 0.10777772963047028.
[I 2024-12-19 22:53:14,661] Trial 2430 finished with value: 0.11867225170135498 and parameters: {'mlp_n_layers': 2, 'mlp_dim_00': 507, 'mlp_dim_01': 185, 'node_hidden_dim': 32, 'edge_hidden_dim': 63, 'depth': 1, 'rep_dropout': 0.06728810035332462, 'train_learning_rate': 0.0029004304128902886, 'train_lr_reduce': 0.6}. Best is trial 1909 with value: 0.10777772963047028.
[I 2024-12-19 22:53:18,972] Trial 2433 finished with value: 1.14226496219635 and parameters: {'mlp_n_layers': 1, 'mlp_dim_00': 483, 'node_hidden_dim': 32, 'edge_hidden_dim': 46, 'depth': 1, 'rep_dropout': 0.0441904126201468, 'train_learning_rate': 0.0020505163382360772, 'train_lr_reduce': 0.6}. Best is trial 1909 with value: 0.10777772963047028.
[I 2024-12-19 22:53:29,545] Trial 2431 finished with value: 0.15288664400577545 and parameters: {'mlp_n_layers': 1, 'mlp_dim_00': 500, 'node_hidden_dim': 32, 'edge_hidden_dim': 52, 'depth': 1, 'rep_dropout': 0.003553220873394914, 'train_learning_rate': 0.0016349812302668954, 'train_lr_reduce': 0.6}. Best is trial 1909 with value: 0.10777772963047028.
[I 2024-12-19 22:53:40,692] Trial 2435 finished with value: 0.33914634585380554 and parameters: {'mlp_n_layers': 1, 'mlp_dim_00': 437, 'node_hidden_dim': 42, 'edge_hidden_dim': 33, 'depth': 1, 'rep_dropout': 0.05833480600194951, 'train_learning_rate': 0.007546768290395095, 'train_lr_reduce': 0.6}. Best is trial 1909 with value: 0.10777772963047028.
[I 2024-12-19 22:53:42,899] Trial 2436 finished with value: 0.24673935770988464 and parameters: {'mlp_n_layers': 1, 'mlp_dim_00': 367, 'node_hidden_dim': 34, 'edge_hidden_dim': 45, 'depth': 1, 'rep_dropout': 0.04329981134482552, 'train_learning_rate': 0.00631338518852372, 'train_lr_reduce': 0.6}. Best is trial 1909 with value: 0.10777772963047028.
[I 2024-12-19 22:53:53,783] Trial 2434 finished with value: 0.289167195558548 and parameters: {'mlp_n_layers': 1, 'mlp_dim_00': 104, 'node_hidden_dim': 96, 'edge_hidden_dim': 50, 'depth': 2, 'rep_dropout': 0.1158357744506906, 'train_learning_rate': 0.0029731069049168403, 'train_lr_reduce': 0.6}. Best is trial 1909 with value: 0.10777772963047028.
[I 2024-12-19 22:54:01,013] Trial 2437 finished with value: 0.6742885708808899 and parameters: {'mlp_n_layers': 3, 'mlp_dim_00': 451, 'mlp_dim_01': 66, 'mlp_dim_02': 117, 'node_hidden_dim': 50, 'edge_hidden_dim': 98, 'depth': 2, 'rep_dropout': 0.13395543821914455, 'train_learning_rate': 0.008094652079444134, 'train_lr_reduce': 0.6}. Best is trial 1909 with value: 0.10777772963047028.
[I 2024-12-19 22:54:12,247] Trial 2438 finished with value: 0.3568176329135895 and parameters: {'mlp_n_layers': 1, 'mlp_dim_00': 436, 'node_hidden_dim': 118, 'edge_hidden_dim': 88, 'depth': 2, 'rep_dropout': 0.12207471842611312, 'train_learning_rate': 0.003334895858261226, 'train_lr_reduce': 0.6}. Best is trial 1909 with value: 0.10777772963047028.
[I 2024-12-19 22:54:17,524] Trial 2439 finished with value: 0.2067411094903946 and parameters: {'mlp_n_layers': 1, 'mlp_dim_00': 430, 'node_hidden_dim': 32, 'edge_hidden_dim': 59, 'depth': 1, 'rep_dropout': 0.02279175534036042, 'train_learning_rate': 0.0025588760696934384, 'train_lr_reduce': 0.6}. Best is trial 1909 with value: 0.10777772963047028.
[I 2024-12-19 22:54:23,220] Trial 2442 finished with value: 1.1448167562484741 and parameters: {'mlp_n_layers': 2, 'mlp_dim_00': 512, 'mlp_dim_01': 118, 'node_hidden_dim': 33, 'edge_hidden_dim': 81, 'depth': 2, 'rep_dropout': 0.025790357216324333, 'train_learning_rate': 0.0029705006923595565, 'train_lr_reduce': 0.6}. Best is trial 1909 with value: 0.10777772963047028.
[I 2024-12-19 22:54:28,392] Trial 2440 finished with value: 0.19202911853790283 and parameters: {'mlp_n_layers': 2, 'mlp_dim_00': 411, 'mlp_dim_01': 136, 'node_hidden_dim': 38, 'edge_hidden_dim': 44, 'depth': 1, 'rep_dropout': 0.04059062928149604, 'train_learning_rate': 0.003569636367632864, 'train_lr_reduce': 0.6}. Best is trial 1909 with value: 0.10777772963047028.
[I 2024-12-19 22:54:43,031] Trial 2444 finished with value: 0.3742265999317169 and parameters: {'mlp_n_layers': 1, 'mlp_dim_00': 511, 'node_hidden_dim': 53, 'edge_hidden_dim': 37, 'depth': 1, 'rep_dropout': 0.05281914394127496, 'train_learning_rate': 0.007291721430456294, 'train_lr_reduce': 0.6}. Best is trial 1909 with value: 0.10777772963047028.
[I 2024-12-19 22:54:44,920] Trial 2443 finished with value: 0.18337833881378174 and parameters: {'mlp_n_layers': 1, 'mlp_dim_00': 488, 'node_hidden_dim': 33, 'edge_hidden_dim': 52, 'depth': 1, 'rep_dropout': 0.045143076081836556, 'train_learning_rate': 0.004139396343380167, 'train_lr_reduce': 0.6}. Best is trial 1909 with value: 0.10777772963047028.
[I 2024-12-19 22:54:48,958] Trial 2445 finished with value: 1.142256736755371 and parameters: {'mlp_n_layers': 2, 'mlp_dim_00': 339, 'mlp_dim_01': 204, 'node_hidden_dim': 122, 'edge_hidden_dim': 75, 'depth': 3, 'rep_dropout': 0.07971661359786797, 'train_learning_rate': 0.00020246271355464225, 'train_lr_reduce': 0.6}. Best is trial 1909 with value: 0.10777772963047028.
[I 2024-12-19 22:54:49,539] Trial 2441 finished with value: 0.18727858364582062 and parameters: {'mlp_n_layers': 2, 'mlp_dim_00': 509, 'mlp_dim_01': 165, 'node_hidden_dim': 34, 'edge_hidden_dim': 81, 'depth': 1, 'rep_dropout': 0.03971478400682042, 'train_learning_rate': 0.009821741880140624, 'train_lr_reduce': 0.6}. Best is trial 1909 with value: 0.10777772963047028.
[I 2024-12-19 22:54:54,893] Trial 2447 finished with value: 1.1441713571548462 and parameters: {'mlp_n_layers': 1, 'mlp_dim_00': 500, 'node_hidden_dim': 32, 'edge_hidden_dim': 64, 'depth': 1, 'rep_dropout': 0.02034336393841455, 'train_learning_rate': 0.002525980001718832, 'train_lr_reduce': 0.6}. Best is trial 1909 with value: 0.10777772963047028.
[I 2024-12-19 22:54:55,142] Trial 2448 finished with value: 1.142738699913025 and parameters: {'mlp_n_layers': 1, 'mlp_dim_00': 73, 'node_hidden_dim': 93, 'edge_hidden_dim': 51, 'depth': 4, 'rep_dropout': 0.106185349967091, 'train_learning_rate': 0.0007740401811680092, 'train_lr_reduce': 0.6}. Best is trial 1909 with value: 0.10777772963047028.
[I 2024-12-19 22:55:01,286] Trial 2450 finished with value: 1.1524009704589844 and parameters: {'mlp_n_layers': 1, 'mlp_dim_00': 279, 'node_hidden_dim': 38, 'edge_hidden_dim': 58, 'depth': 4, 'rep_dropout': 0.11228188463466963, 'train_learning_rate': 0.0028972708079599125, 'train_lr_reduce': 0.6}. Best is trial 1909 with value: 0.10777772963047028.
[I 2024-12-19 22:55:01,497] Trial 2449 finished with value: 1.1448758840560913 and parameters: {'mlp_n_layers': 1, 'mlp_dim_00': 437, 'node_hidden_dim': 35, 'edge_hidden_dim': 35, 'depth': 2, 'rep_dropout': 0.05677293234061183, 'train_learning_rate': 0.0018148047226830366, 'train_lr_reduce': 0.6}. Best is trial 1909 with value: 0.10777772963047028.
[I 2024-12-19 22:55:09,753] Trial 2446 finished with value: 0.3816353380680084 and parameters: {'mlp_n_layers': 2, 'mlp_dim_00': 138, 'mlp_dim_01': 94, 'node_hidden_dim': 71, 'edge_hidden_dim': 45, 'depth': 3, 'rep_dropout': 0.03871244564424018, 'train_learning_rate': 0.006965431219697244, 'train_lr_reduce': 0.6}. Best is trial 1909 with value: 0.10777772963047028.
[I 2024-12-19 22:55:29,586] Trial 2453 finished with value: 0.2880375385284424 and parameters: {'mlp_n_layers': 2, 'mlp_dim_00': 172, 'mlp_dim_01': 230, 'node_hidden_dim': 44, 'edge_hidden_dim': 104, 'depth': 1, 'rep_dropout': 0.1295610414708549, 'train_learning_rate': 0.00860415583989739, 'train_lr_reduce': 0.6}. Best is trial 1909 with value: 0.10777772963047028.
[I 2024-12-19 22:55:32,866] Trial 2451 finished with value: 0.17920774221420288 and parameters: {'mlp_n_layers': 2, 'mlp_dim_00': 409, 'mlp_dim_01': 151, 'node_hidden_dim': 46, 'edge_hidden_dim': 51, 'depth': 1, 'rep_dropout': 0.0328634643397589, 'train_learning_rate': 0.0058672735907515415, 'train_lr_reduce': 0.6}. Best is trial 1909 with value: 0.10777772963047028.
[I 2024-12-19 22:55:34,561] Trial 2454 finished with value: 1.1467944383621216 and parameters: {'mlp_n_layers': 1, 'mlp_dim_00': 446, 'node_hidden_dim': 46, 'edge_hidden_dim': 42, 'depth': 2, 'rep_dropout': 0.0006215747304449233, 'train_learning_rate': 0.0038043550496465596, 'train_lr_reduce': 0.6}. Best is trial 1909 with value: 0.10777772963047028.
[I 2024-12-19 22:55:44,882] Trial 2452 finished with value: 0.14271180331707 and parameters: {'mlp_n_layers': 2, 'mlp_dim_00': 395, 'mlp_dim_01': 127, 'node_hidden_dim': 51, 'edge_hidden_dim': 84, 'depth': 1, 'rep_dropout': 0.005399690801553919, 'train_learning_rate': 0.003908103357753366, 'train_lr_reduce': 0.6}. Best is trial 1909 with value: 0.10777772963047028.
[I 2024-12-19 22:55:50,652] Trial 2457 finished with value: 1.144153118133545 and parameters: {'mlp_n_layers': 1, 'mlp_dim_00': 442, 'node_hidden_dim': 63, 'edge_hidden_dim': 46, 'depth': 4, 'rep_dropout': 0.12634442932286802, 'train_learning_rate': 0.0002602044464256022, 'train_lr_reduce': 0.6}. Best is trial 1909 with value: 0.10777772963047028.
[I 2024-12-19 22:55:56,611] Trial 2455 finished with value: 0.2648608982563019 and parameters: {'mlp_n_layers': 1, 'mlp_dim_00': 401, 'node_hidden_dim': 32, 'edge_hidden_dim': 38, 'depth': 1, 'rep_dropout': 0.03025633290778908, 'train_learning_rate': 0.00806629119771559, 'train_lr_reduce': 0.6}. Best is trial 1909 with value: 0.10777772963047028.
[I 2024-12-19 22:56:12,806] Trial 2456 finished with value: 0.1350298821926117 and parameters: {'mlp_n_layers': 1, 'mlp_dim_00': 509, 'node_hidden_dim': 34, 'edge_hidden_dim': 78, 'depth': 1, 'rep_dropout': 0.04280936363176616, 'train_learning_rate': 0.003056979499251353, 'train_lr_reduce': 0.6}. Best is trial 1909 with value: 0.10777772963047028.
[I 2024-12-19 22:56:31,439] Trial 2458 finished with value: 0.18587850034236908 and parameters: {'mlp_n_layers': 1, 'mlp_dim_00': 408, 'node_hidden_dim': 52, 'edge_hidden_dim': 34, 'depth': 1, 'rep_dropout': 0.042433732258094006, 'train_learning_rate': 0.003506160977826035, 'train_lr_reduce': 0.6}. Best is trial 1909 with value: 0.10777772963047028.
[I 2024-12-19 22:56:36,573] Trial 2459 finished with value: 0.13325084745883942 and parameters: {'mlp_n_layers': 1, 'mlp_dim_00': 497, 'node_hidden_dim': 43, 'edge_hidden_dim': 79, 'depth': 1, 'rep_dropout': 0.002053823014954977, 'train_learning_rate': 0.0020843649916535457, 'train_lr_reduce': 0.6}. Best is trial 1909 with value: 0.10777772963047028.
[I 2024-12-19 22:56:41,888] Trial 2462 finished with value: 1.1428650617599487 and parameters: {'mlp_n_layers': 2, 'mlp_dim_00': 401, 'mlp_dim_01': 178, 'node_hidden_dim': 32, 'edge_hidden_dim': 57, 'depth': 2, 'rep_dropout': 0.04903228830251173, 'train_learning_rate': 0.002696201783060584, 'train_lr_reduce': 0.6}. Best is trial 1909 with value: 0.10777772963047028.
[I 2024-12-19 22:56:48,275] Trial 2460 finished with value: 0.1764577031135559 and parameters: {'mlp_n_layers': 1, 'mlp_dim_00': 467, 'node_hidden_dim': 103, 'edge_hidden_dim': 113, 'depth': 1, 'rep_dropout': 0.1238799615237815, 'train_learning_rate': 0.004353831201444905, 'train_lr_reduce': 0.6}. Best is trial 1909 with value: 0.10777772963047028.
[I 2024-12-19 22:57:02,984] Trial 2463 finished with value: 0.17638710141181946 and parameters: {'mlp_n_layers': 1, 'mlp_dim_00': 437, 'node_hidden_dim': 32, 'edge_hidden_dim': 35, 'depth': 1, 'rep_dropout': 0.006360602589299763, 'train_learning_rate': 0.004820131934698953, 'train_lr_reduce': 0.6}. Best is trial 1909 with value: 0.10777772963047028.
[I 2024-12-19 22:57:04,272] Trial 2464 finished with value: 0.24144750833511353 and parameters: {'mlp_n_layers': 1, 'mlp_dim_00': 430, 'node_hidden_dim': 32, 'edge_hidden_dim': 64, 'depth': 1, 'rep_dropout': 0.025658471652246863, 'train_learning_rate': 0.005648768373547895, 'train_lr_reduce': 0.6}. Best is trial 1909 with value: 0.10777772963047028.
[I 2024-12-19 22:57:07,790] Trial 2461 finished with value: 0.12764352560043335 and parameters: {'mlp_n_layers': 1, 'mlp_dim_00': 436, 'node_hidden_dim': 33, 'edge_hidden_dim': 57, 'depth': 1, 'rep_dropout': 0.05843308902078952, 'train_learning_rate': 0.004015109084034933, 'train_lr_reduce': 0.6}. Best is trial 1909 with value: 0.10777772963047028.
[I 2024-12-19 22:57:07,839] Trial 2465 finished with value: 1.14231276512146 and parameters: {'mlp_n_layers': 2, 'mlp_dim_00': 498, 'mlp_dim_01': 98, 'node_hidden_dim': 49, 'edge_hidden_dim': 93, 'depth': 2, 'rep_dropout': 0.003246373221835467, 'train_learning_rate': 0.0018295287661740133, 'train_lr_reduce': 0.6}. Best is trial 1909 with value: 0.10777772963047028.
[I 2024-12-19 22:57:10,710] Trial 2466 finished with value: 1.145086407661438 and parameters: {'mlp_n_layers': 1, 'mlp_dim_00': 409, 'node_hidden_dim': 43, 'edge_hidden_dim': 35, 'depth': 2, 'rep_dropout': 0.00511684560059646, 'train_learning_rate': 0.0014949756948441457, 'train_lr_reduce': 0.6}. Best is trial 1909 with value: 0.10777772963047028.
[I 2024-12-19 22:57:14,619] Trial 2467 finished with value: 1.1425483226776123 and parameters: {'mlp_n_layers': 1, 'mlp_dim_00': 93, 'node_hidden_dim': 83, 'edge_hidden_dim': 81, 'depth': 4, 'rep_dropout': 0.017640829608819, 'train_learning_rate': 0.0003763976349849938, 'train_lr_reduce': 0.6}. Best is trial 1909 with value: 0.10777772963047028.
