[I 2024-12-15 23:50:06,455] Trial 1279 finished with value: 0.10433067381381989 and parameters: {'mlp_n_layers': 2, 'mlp_dim_00': 240, 'mlp_dim_01': 256, 'hidden_channels': 112, 'num_layers': 2, 'num_timesteps': 2, 'dropout': 0.19464483846310923, 'train_learning_rate': 0.00700322481855639, 'train_lr_reduce': 0.6}. Best is trial 130 with value: 0.0812772810459137.
[I 2024-12-15 23:50:06,968] Trial 1278 finished with value: 0.11653993278741837 and parameters: {'mlp_n_layers': 2, 'mlp_dim_00': 208, 'mlp_dim_01': 160, 'hidden_channels': 80, 'num_layers': 1, 'num_timesteps': 3, 'dropout': 0.27208505963203977, 'train_learning_rate': 0.008581081385512397, 'train_lr_reduce': 0.6}. Best is trial 130 with value: 0.0812772810459137.
[I 2024-12-15 23:50:17,015] Trial 1280 finished with value: 0.13085521757602692 and parameters: {'mlp_n_layers': 2, 'mlp_dim_00': 96, 'mlp_dim_01': 112, 'hidden_channels': 144, 'num_layers': 4, 'num_timesteps': 1, 'dropout': 0.20759881998040286, 'train_learning_rate': 0.0012451683713149719, 'train_lr_reduce': 0.6}. Best is trial 130 with value: 0.0812772810459137.
[I 2024-12-15 23:50:21,655] Trial 1282 finished with value: 0.0991898700594902 and parameters: {'mlp_n_layers': 2, 'mlp_dim_00': 208, 'mlp_dim_01': 224, 'hidden_channels': 192, 'num_layers': 1, 'num_timesteps': 3, 'dropout': 0.16536725266035798, 'train_learning_rate': 0.005325767427965904, 'train_lr_reduce': 0.6}. Best is trial 130 with value: 0.0812772810459137.
[I 2024-12-15 23:50:33,745] Trial 1283 finished with value: 0.09967772662639618 and parameters: {'mlp_n_layers': 2, 'mlp_dim_00': 160, 'mlp_dim_01': 192, 'hidden_channels': 48, 'num_layers': 2, 'num_timesteps': 4, 'dropout': 0.08455496928118797, 'train_learning_rate': 0.005963459720705498, 'train_lr_reduce': 0.6}. Best is trial 130 with value: 0.0812772810459137.
[I 2024-12-15 23:50:34,212] Trial 1281 finished with value: 0.11636452376842499 and parameters: {'mlp_n_layers': 2, 'mlp_dim_00': 224, 'mlp_dim_01': 208, 'hidden_channels': 256, 'num_layers': 2, 'num_timesteps': 4, 'dropout': 0.09853572757870212, 'train_learning_rate': 0.00856426411815117, 'train_lr_reduce': 0.6}. Best is trial 130 with value: 0.0812772810459137.
[I 2024-12-15 23:50:36,617] Trial 1284 finished with value: 0.1100870817899704 and parameters: {'mlp_n_layers': 2, 'mlp_dim_00': 96, 'mlp_dim_01': 80, 'hidden_channels': 32, 'num_layers': 4, 'num_timesteps': 4, 'dropout': 0.25592581391835095, 'train_learning_rate': 0.00875042221076159, 'train_lr_reduce': 0.6}. Best is trial 130 with value: 0.0812772810459137.
[I 2024-12-15 23:50:46,261] Trial 1286 finished with value: 0.10281407088041306 and parameters: {'mlp_n_layers': 2, 'mlp_dim_00': 224, 'mlp_dim_01': 256, 'hidden_channels': 160, 'num_layers': 1, 'num_timesteps': 2, 'dropout': 0.1713993132548241, 'train_learning_rate': 0.005078170669804767, 'train_lr_reduce': 0.6}. Best is trial 130 with value: 0.0812772810459137.
[I 2024-12-15 23:50:46,262] Trial 1287 finished with value: 0.10504749417304993 and parameters: {'mlp_n_layers': 2, 'mlp_dim_00': 256, 'mlp_dim_01': 192, 'hidden_channels': 144, 'num_layers': 1, 'num_timesteps': 3, 'dropout': 0.22126178843451952, 'train_learning_rate': 0.0059308850384705725, 'train_lr_reduce': 0.6}. Best is trial 130 with value: 0.0812772810459137.
[I 2024-12-15 23:50:47,131] Trial 1285 finished with value: 0.11225011199712753 and parameters: {'mlp_n_layers': 2, 'mlp_dim_00': 224, 'mlp_dim_01': 160, 'hidden_channels': 32, 'num_layers': 2, 'num_timesteps': 4, 'dropout': 0.15870044078648532, 'train_learning_rate': 0.00976914702902915, 'train_lr_reduce': 0.6}. Best is trial 130 with value: 0.0812772810459137.
[I 2024-12-15 23:51:04,436] Trial 1288 finished with value: 0.1135583370923996 and parameters: {'mlp_n_layers': 3, 'mlp_dim_00': 192, 'mlp_dim_01': 208, 'mlp_dim_02': 96, 'hidden_channels': 32, 'num_layers': 2, 'num_timesteps': 4, 'dropout': 0.2695453544932851, 'train_learning_rate': 0.009466873027789155, 'train_lr_reduce': 0.6}. Best is trial 130 with value: 0.0812772810459137.
[I 2024-12-15 23:51:06,195] Trial 1289 finished with value: 0.10457248985767365 and parameters: {'mlp_n_layers': 2, 'mlp_dim_00': 144, 'mlp_dim_01': 176, 'hidden_channels': 48, 'num_layers': 3, 'num_timesteps': 4, 'dropout': 0.04385771784247909, 'train_learning_rate': 0.008282289040776148, 'train_lr_reduce': 0.6}. Best is trial 130 with value: 0.0812772810459137.
[I 2024-12-15 23:51:21,536] Trial 1290 finished with value: 0.14451837539672852 and parameters: {'mlp_n_layers': 3, 'mlp_dim_00': 112, 'mlp_dim_01': 176, 'mlp_dim_02': 208, 'hidden_channels': 224, 'num_layers': 4, 'num_timesteps': 3, 'dropout': 0.0832905811963246, 'train_learning_rate': 0.00021180247279068394, 'train_lr_reduce': 0.6}. Best is trial 130 with value: 0.0812772810459137.
[I 2024-12-15 23:51:21,947] Trial 1291 finished with value: 0.11662064492702484 and parameters: {'mlp_n_layers': 2, 'mlp_dim_00': 192, 'mlp_dim_01': 192, 'hidden_channels': 160, 'num_layers': 1, 'num_timesteps': 4, 'dropout': 0.196079611912542, 'train_learning_rate': 0.007436988120360859, 'train_lr_reduce': 0.6}. Best is trial 130 with value: 0.0812772810459137.
[I 2024-12-15 23:51:24,377] Trial 1292 finished with value: 0.09073939919471741 and parameters: {'mlp_n_layers': 3, 'mlp_dim_00': 224, 'mlp_dim_01': 256, 'mlp_dim_02': 128, 'hidden_channels': 80, 'num_layers': 1, 'num_timesteps': 2, 'dropout': 0.25402011828295146, 'train_learning_rate': 0.007316157832040908, 'train_lr_reduce': 0.6}. Best is trial 130 with value: 0.0812772810459137.
[I 2024-12-15 23:51:33,062] Trial 1294 finished with value: 0.12814617156982422 and parameters: {'mlp_n_layers': 3, 'mlp_dim_00': 256, 'mlp_dim_01': 224, 'mlp_dim_02': 144, 'hidden_channels': 144, 'num_layers': 1, 'num_timesteps': 3, 'dropout': 0.20532348646020712, 'train_learning_rate': 0.002574114985054455, 'train_lr_reduce': 0.6}. Best is trial 130 with value: 0.0812772810459137.
[I 2024-12-15 23:51:33,267] Trial 1295 finished with value: 0.13255849480628967 and parameters: {'mlp_n_layers': 2, 'mlp_dim_00': 240, 'mlp_dim_01': 176, 'hidden_channels': 48, 'num_layers': 1, 'num_timesteps': 1, 'dropout': 0.21532468253086562, 'train_learning_rate': 0.00953490826543673, 'train_lr_reduce': 0.6}. Best is trial 130 with value: 0.0812772810459137.
[I 2024-12-15 23:51:36,039] Trial 1293 finished with value: 0.12453196197748184 and parameters: {'mlp_n_layers': 3, 'mlp_dim_00': 240, 'mlp_dim_01': 240, 'mlp_dim_02': 176, 'hidden_channels': 192, 'num_layers': 1, 'num_timesteps': 3, 'dropout': 0.19943290029665464, 'train_learning_rate': 0.002375506676229412, 'train_lr_reduce': 0.6}. Best is trial 130 with value: 0.0812772810459137.
[I 2024-12-15 23:51:46,352] Trial 1296 finished with value: 0.10786480456590652 and parameters: {'mlp_n_layers': 3, 'mlp_dim_00': 208, 'mlp_dim_01': 256, 'mlp_dim_02': 112, 'hidden_channels': 80, 'num_layers': 1, 'num_timesteps': 2, 'dropout': 0.20847811868960486, 'train_learning_rate': 0.009801932862290516, 'train_lr_reduce': 0.6}. Best is trial 130 with value: 0.0812772810459137.
[I 2024-12-15 23:51:48,238] Trial 1297 finished with value: 0.13359567523002625 and parameters: {'mlp_n_layers': 3, 'mlp_dim_00': 256, 'mlp_dim_01': 144, 'mlp_dim_02': 112, 'hidden_channels': 48, 'num_layers': 2, 'num_timesteps': 2, 'dropout': 0.2477731036212151, 'train_learning_rate': 0.009728658200190601, 'train_lr_reduce': 0.6}. Best is trial 130 with value: 0.0812772810459137.
[I 2024-12-15 23:51:56,872] Trial 1299 finished with value: 0.11479413509368896 and parameters: {'mlp_n_layers': 3, 'mlp_dim_00': 128, 'mlp_dim_01': 160, 'mlp_dim_02': 128, 'hidden_channels': 64, 'num_layers': 1, 'num_timesteps': 2, 'dropout': 0.25027231614118894, 'train_learning_rate': 0.002842065623071553, 'train_lr_reduce': 0.6}. Best is trial 130 with value: 0.0812772810459137.
[I 2024-12-15 23:52:00,752] Trial 1300 finished with value: 0.1255549192428589 and parameters: {'mlp_n_layers': 4, 'mlp_dim_00': 224, 'mlp_dim_01': 224, 'mlp_dim_02': 112, 'mlp_dim_03': 128, 'hidden_channels': 128, 'num_layers': 1, 'num_timesteps': 2, 'dropout': 0.2952503236227683, 'train_learning_rate': 0.004729820051206324, 'train_lr_reduce': 0.6}. Best is trial 130 with value: 0.0812772810459137.
[I 2024-12-15 23:52:02,914] Trial 1298 finished with value: 0.1372193694114685 and parameters: {'mlp_n_layers': 2, 'mlp_dim_00': 48, 'mlp_dim_01': 48, 'hidden_channels': 128, 'num_layers': 4, 'num_timesteps': 4, 'dropout': 0.11607184951790253, 'train_learning_rate': 0.001118407088405138, 'train_lr_reduce': 0.6}. Best is trial 130 with value: 0.0812772810459137.
[I 2024-12-15 23:52:08,573] Trial 1301 finished with value: 0.1156240850687027 and parameters: {'mlp_n_layers': 3, 'mlp_dim_00': 208, 'mlp_dim_01': 240, 'mlp_dim_02': 128, 'hidden_channels': 64, 'num_layers': 2, 'num_timesteps': 2, 'dropout': 0.24539311171111095, 'train_learning_rate': 0.0022403548968581138, 'train_lr_reduce': 0.6}. Best is trial 130 with value: 0.0812772810459137.
[I 2024-12-15 23:52:14,966] Trial 1302 finished with value: 0.12322594225406647 and parameters: {'mlp_n_layers': 3, 'mlp_dim_00': 224, 'mlp_dim_01': 256, 'mlp_dim_02': 128, 'hidden_channels': 80, 'num_layers': 1, 'num_timesteps': 2, 'dropout': 0.2872084786358688, 'train_learning_rate': 0.0030414578880755155, 'train_lr_reduce': 0.6}. Best is trial 130 with value: 0.0812772810459137.
[I 2024-12-15 23:52:18,900] Trial 1303 finished with value: 0.1339631974697113 and parameters: {'mlp_n_layers': 2, 'mlp_dim_00': 80, 'mlp_dim_01': 96, 'hidden_channels': 80, 'num_layers': 4, 'num_timesteps': 2, 'dropout': 0.24836811773818884, 'train_learning_rate': 0.006910796254074769, 'train_lr_reduce': 0.6}. Best is trial 130 with value: 0.0812772810459137.
[I 2024-12-15 23:52:20,019] Trial 1304 finished with value: 0.10267780721187592 and parameters: {'mlp_n_layers': 3, 'mlp_dim_00': 240, 'mlp_dim_01': 240, 'mlp_dim_02': 80, 'hidden_channels': 112, 'num_layers': 1, 'num_timesteps': 2, 'dropout': 0.23737306493633437, 'train_learning_rate': 0.005691904017043001, 'train_lr_reduce': 0.6}. Best is trial 130 with value: 0.0812772810459137.
[I 2024-12-15 23:52:25,438] Trial 1305 finished with value: 0.11656630039215088 and parameters: {'mlp_n_layers': 3, 'mlp_dim_00': 128, 'mlp_dim_01': 144, 'mlp_dim_02': 128, 'hidden_channels': 32, 'num_layers': 2, 'num_timesteps': 2, 'dropout': 0.24855811187156338, 'train_learning_rate': 0.004466310706160206, 'train_lr_reduce': 0.6}. Best is trial 130 with value: 0.0812772810459137.
[I 2024-12-15 23:52:31,944] Trial 1306 finished with value: 0.10913307964801788 and parameters: {'mlp_n_layers': 3, 'mlp_dim_00': 144, 'mlp_dim_01': 176, 'mlp_dim_02': 96, 'hidden_channels': 32, 'num_layers': 1, 'num_timesteps': 2, 'dropout': 0.2823004157831235, 'train_learning_rate': 0.004226889017416228, 'train_lr_reduce': 0.6}. Best is trial 130 with value: 0.0812772810459137.
[I 2024-12-15 23:52:39,485] Trial 1307 finished with value: 0.15052294731140137 and parameters: {'mlp_n_layers': 2, 'mlp_dim_00': 128, 'mlp_dim_01': 240, 'hidden_channels': 96, 'num_layers': 3, 'num_timesteps': 3, 'dropout': 0.2147609446191886, 'train_learning_rate': 0.006092269179886305, 'train_lr_reduce': 0.6}. Best is trial 130 with value: 0.0812772810459137.
[I 2024-12-15 23:52:43,007] Trial 1308 finished with value: 0.11505716294050217 and parameters: {'mlp_n_layers': 3, 'mlp_dim_00': 256, 'mlp_dim_01': 240, 'mlp_dim_02': 128, 'hidden_channels': 144, 'num_layers': 2, 'num_timesteps': 1, 'dropout': 0.2472786016906906, 'train_learning_rate': 0.004232072452967076, 'train_lr_reduce': 0.6}. Best is trial 130 with value: 0.0812772810459137.
[I 2024-12-15 23:52:43,536] Trial 1309 finished with value: 0.11621835827827454 and parameters: {'mlp_n_layers': 3, 'mlp_dim_00': 256, 'mlp_dim_01': 240, 'mlp_dim_02': 144, 'hidden_channels': 48, 'num_layers': 2, 'num_timesteps': 2, 'dropout': 0.21216262141467762, 'train_learning_rate': 0.0037868465912474555, 'train_lr_reduce': 0.6}. Best is trial 130 with value: 0.0812772810459137.
[I 2024-12-15 23:52:54,379] Trial 1310 finished with value: 0.10589158535003662 and parameters: {'mlp_n_layers': 3, 'mlp_dim_00': 240, 'mlp_dim_01': 240, 'mlp_dim_02': 112, 'hidden_channels': 80, 'num_layers': 1, 'num_timesteps': 3, 'dropout': 0.2269855970378443, 'train_learning_rate': 0.008345895134816313, 'train_lr_reduce': 0.6}. Best is trial 130 with value: 0.0812772810459137.
[I 2024-12-15 23:52:58,858] Trial 1312 finished with value: 0.15697234869003296 and parameters: {'mlp_n_layers': 3, 'mlp_dim_00': 32, 'mlp_dim_01': 96, 'mlp_dim_02': 144, 'hidden_channels': 48, 'num_layers': 1, 'num_timesteps': 2, 'dropout': 0.27083378988853346, 'train_learning_rate': 0.006593135442393634, 'train_lr_reduce': 0.6}. Best is trial 130 with value: 0.0812772810459137.
[I 2024-12-15 23:53:15,256] Trial 1311 finished with value: 0.17751185595989227 and parameters: {'mlp_n_layers': 2, 'mlp_dim_00': 240, 'mlp_dim_01': 208, 'hidden_channels': 256, 'num_layers': 3, 'num_timesteps': 1, 'dropout': 0.270610944524689, 'train_learning_rate': 0.00010802121855882832, 'train_lr_reduce': 0.6}. Best is trial 130 with value: 0.0812772810459137.
[I 2024-12-15 23:53:21,983] Trial 1314 finished with value: 0.12239102274179459 and parameters: {'mlp_n_layers': 4, 'mlp_dim_00': 208, 'mlp_dim_01': 192, 'mlp_dim_02': 96, 'mlp_dim_03': 176, 'hidden_channels': 48, 'num_layers': 1, 'num_timesteps': 2, 'dropout': 0.28409485478228796, 'train_learning_rate': 0.00926792435921092, 'train_lr_reduce': 0.6}. Best is trial 130 with value: 0.0812772810459137.
[I 2024-12-15 23:53:22,175] Trial 1313 finished with value: 0.11069556325674057 and parameters: {'mlp_n_layers': 3, 'mlp_dim_00': 240, 'mlp_dim_01': 128, 'mlp_dim_02': 144, 'hidden_channels': 32, 'num_layers': 3, 'num_timesteps': 3, 'dropout': 0.18715588386765672, 'train_learning_rate': 0.0013387342215924625, 'train_lr_reduce': 0.6}. Best is trial 130 with value: 0.0812772810459137.
[I 2024-12-15 23:53:28,146] Trial 1317 finished with value: 0.5112529397010803 and parameters: {'mlp_n_layers': 3, 'mlp_dim_00': 192, 'mlp_dim_01': 256, 'mlp_dim_02': 128, 'hidden_channels': 48, 'num_layers': 2, 'num_timesteps': 2, 'dropout': 0.2853034351201534, 'train_learning_rate': 0.007017485502978041, 'train_lr_reduce': 0.6}. Best is trial 130 with value: 0.0812772810459137.
[I 2024-12-15 23:53:34,909] Trial 1316 finished with value: 0.11887536197900772 and parameters: {'mlp_n_layers': 2, 'mlp_dim_00': 64, 'mlp_dim_01': 192, 'hidden_channels': 48, 'num_layers': 2, 'num_timesteps': 3, 'dropout': 0.11710125091674244, 'train_learning_rate': 0.008663537852621417, 'train_lr_reduce': 0.6}. Best is trial 130 with value: 0.0812772810459137.
[I 2024-12-15 23:53:38,972] Trial 1318 finished with value: 0.10763630270957947 and parameters: {'mlp_n_layers': 2, 'mlp_dim_00': 128, 'mlp_dim_01': 176, 'hidden_channels': 96, 'num_layers': 2, 'num_timesteps': 3, 'dropout': 0.08913466832251647, 'train_learning_rate': 0.00652009859201962, 'train_lr_reduce': 0.6}. Best is trial 130 with value: 0.0812772810459137.
[I 2024-12-15 23:53:40,444] Trial 1315 finished with value: 0.14965708553791046 and parameters: {'mlp_n_layers': 2, 'mlp_dim_00': 80, 'mlp_dim_01': 112, 'hidden_channels': 176, 'num_layers': 3, 'num_timesteps': 2, 'dropout': 0.012389025730314751, 'train_learning_rate': 0.000335252286107423, 'train_lr_reduce': 0.6}. Best is trial 130 with value: 0.0812772810459137.
[I 2024-12-15 23:53:44,587] Trial 1319 finished with value: 0.10323337465524673 and parameters: {'mlp_n_layers': 2, 'mlp_dim_00': 192, 'mlp_dim_01': 144, 'hidden_channels': 48, 'num_layers': 1, 'num_timesteps': 2, 'dropout': 0.20745106668430277, 'train_learning_rate': 0.0051642310022992745, 'train_lr_reduce': 0.6}. Best is trial 130 with value: 0.0812772810459137.
[I 2024-12-15 23:53:49,391] Trial 1321 finished with value: 0.1098146066069603 and parameters: {'mlp_n_layers': 2, 'mlp_dim_00': 176, 'mlp_dim_01': 160, 'hidden_channels': 48, 'num_layers': 1, 'num_timesteps': 2, 'dropout': 0.2999844712302102, 'train_learning_rate': 0.004079458679572461, 'train_lr_reduce': 0.6}. Best is trial 130 with value: 0.0812772810459137.
[I 2024-12-15 23:53:53,988] Trial 1320 finished with value: 0.13443100452423096 and parameters: {'mlp_n_layers': 2, 'mlp_dim_00': 208, 'mlp_dim_01': 256, 'hidden_channels': 112, 'num_layers': 1, 'num_timesteps': 2, 'dropout': 0.20704981482657647, 'train_learning_rate': 0.008901005354548476, 'train_lr_reduce': 0.6}. Best is trial 130 with value: 0.0812772810459137.
[I 2024-12-15 23:53:57,900] Trial 1322 finished with value: 0.10155680030584335 and parameters: {'mlp_n_layers': 2, 'mlp_dim_00': 208, 'mlp_dim_01': 240, 'hidden_channels': 32, 'num_layers': 1, 'num_timesteps': 2, 'dropout': 0.2633893997845288, 'train_learning_rate': 0.006906771889707868, 'train_lr_reduce': 0.6}. Best is trial 130 with value: 0.0812772810459137.
[I 2024-12-15 23:54:00,106] Trial 1323 finished with value: 0.14155513048171997 and parameters: {'mlp_n_layers': 2, 'mlp_dim_00': 192, 'mlp_dim_01': 256, 'hidden_channels': 32, 'num_layers': 3, 'num_timesteps': 4, 'dropout': 0.1288945800219699, 'train_learning_rate': 0.007451906210425706, 'train_lr_reduce': 0.6}. Best is trial 130 with value: 0.0812772810459137.
[I 2024-12-15 23:54:03,550] Trial 1324 finished with value: 0.11162182688713074 and parameters: {'mlp_n_layers': 3, 'mlp_dim_00': 208, 'mlp_dim_01': 208, 'mlp_dim_02': 144, 'hidden_channels': 32, 'num_layers': 2, 'num_timesteps': 3, 'dropout': 0.28475053239230524, 'train_learning_rate': 0.0076339670930333425, 'train_lr_reduce': 0.6}. Best is trial 130 with value: 0.0812772810459137.
[I 2024-12-15 23:54:10,441] Trial 1326 finished with value: 0.14295771718025208 and parameters: {'mlp_n_layers': 2, 'mlp_dim_00': 64, 'mlp_dim_01': 80, 'hidden_channels': 240, 'num_layers': 1, 'num_timesteps': 4, 'dropout': 0.22037001587287375, 'train_learning_rate': 0.007874685054125833, 'train_lr_reduce': 0.6}. Best is trial 130 with value: 0.0812772810459137.
[I 2024-12-15 23:54:15,486] Trial 1325 finished with value: 0.12319906055927277 and parameters: {'mlp_n_layers': 2, 'mlp_dim_00': 256, 'mlp_dim_01': 256, 'hidden_channels': 32, 'num_layers': 4, 'num_timesteps': 3, 'dropout': 0.1641204469037882, 'train_learning_rate': 0.004258424744965048, 'train_lr_reduce': 0.6}. Best is trial 130 with value: 0.0812772810459137.
[I 2024-12-15 23:54:15,639] Trial 1328 finished with value: 0.7966400980949402 and parameters: {'mlp_n_layers': 3, 'mlp_dim_00': 208, 'mlp_dim_01': 240, 'mlp_dim_02': 112, 'hidden_channels': 80, 'num_layers': 1, 'num_timesteps': 2, 'dropout': 0.2480590178922039, 'train_learning_rate': 0.005405473575889507, 'train_lr_reduce': 0.6}. Best is trial 130 with value: 0.0812772810459137.
[I 2024-12-15 23:54:18,040] Trial 1327 finished with value: 0.10551776736974716 and parameters: {'mlp_n_layers': 2, 'mlp_dim_00': 128, 'mlp_dim_01': 192, 'hidden_channels': 64, 'num_layers': 1, 'num_timesteps': 2, 'dropout': 0.27488186381351015, 'train_learning_rate': 0.009832392222989279, 'train_lr_reduce': 0.6}. Best is trial 130 with value: 0.0812772810459137.
[I 2024-12-15 23:54:26,282] Trial 1331 finished with value: 0.0993351861834526 and parameters: {'mlp_n_layers': 3, 'mlp_dim_00': 224, 'mlp_dim_01': 256, 'mlp_dim_02': 80, 'hidden_channels': 64, 'num_layers': 1, 'num_timesteps': 2, 'dropout': 0.25337191911123214, 'train_learning_rate': 0.006882425491387712, 'train_lr_reduce': 0.6}. Best is trial 130 with value: 0.0812772810459137.
[I 2024-12-15 23:54:30,016] Trial 1329 finished with value: 0.14873874187469482 and parameters: {'mlp_n_layers': 4, 'mlp_dim_00': 256, 'mlp_dim_01': 176, 'mlp_dim_02': 160, 'mlp_dim_03': 80, 'hidden_channels': 32, 'num_layers': 2, 'num_timesteps': 4, 'dropout': 0.23419484392285322, 'train_learning_rate': 0.007031936892228383, 'train_lr_reduce': 0.6}. Best is trial 130 with value: 0.0812772810459137.
[I 2024-12-15 23:54:35,701] Trial 1330 finished with value: 0.10941054672002792 and parameters: {'mlp_n_layers': 4, 'mlp_dim_00': 256, 'mlp_dim_01': 144, 'mlp_dim_02': 144, 'mlp_dim_03': 224, 'hidden_channels': 32, 'num_layers': 2, 'num_timesteps': 2, 'dropout': 0.07696164662085954, 'train_learning_rate': 0.0058193073809193465, 'train_lr_reduce': 0.6}. Best is trial 130 with value: 0.0812772810459137.
[I 2024-12-15 23:54:41,054] Trial 1332 finished with value: 0.11136651039123535 and parameters: {'mlp_n_layers': 3, 'mlp_dim_00': 256, 'mlp_dim_01': 256, 'mlp_dim_02': 112, 'hidden_channels': 64, 'num_layers': 1, 'num_timesteps': 2, 'dropout': 0.2522046976057069, 'train_learning_rate': 0.009812840291609965, 'train_lr_reduce': 0.6}. Best is trial 130 with value: 0.0812772810459137.
[I 2024-12-15 23:54:41,733] Trial 1333 finished with value: 0.1026158332824707 and parameters: {'mlp_n_layers': 2, 'mlp_dim_00': 176, 'mlp_dim_01': 192, 'hidden_channels': 48, 'num_layers': 1, 'num_timesteps': 3, 'dropout': 0.23762879099599266, 'train_learning_rate': 0.002880196559472424, 'train_lr_reduce': 0.6}. Best is trial 130 with value: 0.0812772810459137.
[I 2024-12-15 23:54:56,409] Trial 1336 finished with value: 0.16996823251247406 and parameters: {'mlp_n_layers': 2, 'mlp_dim_00': 128, 'mlp_dim_01': 80, 'hidden_channels': 112, 'num_layers': 4, 'num_timesteps': 3, 'dropout': 0.22330715312427102, 'train_learning_rate': 0.0065521234138615145, 'train_lr_reduce': 0.6}. Best is trial 130 with value: 0.0812772810459137.
[I 2024-12-15 23:55:01,109] Trial 1334 finished with value: 0.12685593962669373 and parameters: {'mlp_n_layers': 2, 'mlp_dim_00': 80, 'mlp_dim_01': 32, 'hidden_channels': 208, 'num_layers': 3, 'num_timesteps': 1, 'dropout': 0.29654477186319816, 'train_learning_rate': 0.0008343530416636287, 'train_lr_reduce': 0.6}. Best is trial 130 with value: 0.0812772810459137.
