[I 2024-12-04 18:12:15,993] Trial 2222 finished with value: 0.30980587518332153 and parameters: {'n_estimators': 909, 'max_depth': 6, 'learning_rate': 0.07510038714969833, 'subsample': 0.7690935052368207, 'colsample_bytree': 0.7177447687087779, 'min_child_weight': 2, 'gamma': 0.0008735062856206038, 'reg_alpha': 0.0001596128575069537, 'reg_lambda': 0.013505463032414504}. Best is trial 1319 with value: 0.30197738672869706.
[I 2024-12-04 18:12:17,834] Trial 2223 finished with value: 0.31158616907405606 and parameters: {'n_estimators': 910, 'max_depth': 6, 'learning_rate': 0.07504741674911806, 'subsample': 0.7687476619411876, 'colsample_bytree': 0.7174393315581606, 'min_child_weight': 2, 'gamma': 0.0008569847011510433, 'reg_alpha': 0.0001610761432845484, 'reg_lambda': 0.013455762901298135}. Best is trial 1319 with value: 0.30197738672869706.
[I 2024-12-04 18:12:19,423] Trial 2224 finished with value: 0.3147862693916115 and parameters: {'n_estimators': 910, 'max_depth': 6, 'learning_rate': 0.07514109243745595, 'subsample': 0.7688405628085216, 'colsample_bytree': 0.7173579262505847, 'min_child_weight': 2, 'gamma': 0.0008605260647275795, 'reg_alpha': 0.00016217921370217876, 'reg_lambda': 0.01363165929247213}. Best is trial 1319 with value: 0.30197738672869706.
[I 2024-12-04 18:12:20,917] Trial 2225 finished with value: 0.3106110427135624 and parameters: {'n_estimators': 907, 'max_depth': 6, 'learning_rate': 0.07499682425678784, 'subsample': 0.769064716119685, 'colsample_bytree': 0.7172879196374875, 'min_child_weight': 2, 'gamma': 0.0008778890986283777, 'reg_alpha': 0.0001612183768115119, 'reg_lambda': 0.013112285010337184}. Best is trial 1319 with value: 0.30197738672869706.
[I 2024-12-04 18:12:22,525] Trial 2226 finished with value: 0.3151106751774433 and parameters: {'n_estimators': 910, 'max_depth': 6, 'learning_rate': 0.07487968277379244, 'subsample': 0.7691167321429312, 'colsample_bytree': 0.7177202727877375, 'min_child_weight': 2, 'gamma': 0.0008823940095038875, 'reg_alpha': 0.00016039851061241066, 'reg_lambda': 0.013300464164417063}. Best is trial 1319 with value: 0.30197738672869706.
[I 2024-12-04 18:12:24,097] Trial 2227 finished with value: 0.30942294811486576 and parameters: {'n_estimators': 910, 'max_depth': 6, 'learning_rate': 0.07455499112312214, 'subsample': 0.7691392141612035, 'colsample_bytree': 0.717312617759771, 'min_child_weight': 2, 'gamma': 0.0008505143738222494, 'reg_alpha': 0.00015385557131873467, 'reg_lambda': 0.01265717579221357}. Best is trial 1319 with value: 0.30197738672869706.
[I 2024-12-04 18:12:25,597] Trial 2228 finished with value: 0.31115841047018683 and parameters: {'n_estimators': 909, 'max_depth': 6, 'learning_rate': 0.07503289164754047, 'subsample': 0.7691378339067706, 'colsample_bytree': 0.7175548947667509, 'min_child_weight': 2, 'gamma': 0.0008931409944543062, 'reg_alpha': 0.00016224479580600245, 'reg_lambda': 0.013238817288173886}. Best is trial 1319 with value: 0.30197738672869706.
[I 2024-12-04 18:12:27,124] Trial 2229 finished with value: 0.3126927064825375 and parameters: {'n_estimators': 908, 'max_depth': 6, 'learning_rate': 0.07492441598323119, 'subsample': 0.7692696676990639, 'colsample_bytree': 0.7176987325383635, 'min_child_weight': 2, 'gamma': 0.0008900990598161294, 'reg_alpha': 0.00017031150169090245, 'reg_lambda': 0.013208732667350294}. Best is trial 1319 with value: 0.30197738672869706.
[I 2024-12-04 18:12:28,705] Trial 2230 finished with value: 0.3138351809059182 and parameters: {'n_estimators': 909, 'max_depth': 6, 'learning_rate': 0.07498782593009942, 'subsample': 0.7688383885615759, 'colsample_bytree': 0.7170851322715831, 'min_child_weight': 2, 'gamma': 0.0008597925307740947, 'reg_alpha': 0.00016129927397791122, 'reg_lambda': 0.013019622082615258}. Best is trial 1319 with value: 0.30197738672869706.
[I 2024-12-04 18:12:30,157] Trial 2231 finished with value: 0.3118680019542451 and parameters: {'n_estimators': 908, 'max_depth': 6, 'learning_rate': 0.07485646144128004, 'subsample': 0.7691217883723565, 'colsample_bytree': 0.7172123571862655, 'min_child_weight': 2, 'gamma': 0.000873714016072595, 'reg_alpha': 0.0001641833562277471, 'reg_lambda': 0.01280829544988739}. Best is trial 1319 with value: 0.30197738672869706.
[I 2024-12-04 18:12:31,600] Trial 2232 finished with value: 0.31585988559150624 and parameters: {'n_estimators': 909, 'max_depth': 6, 'learning_rate': 0.07492213005548397, 'subsample': 0.769186579781759, 'colsample_bytree': 0.7176216720807415, 'min_child_weight': 2, 'gamma': 0.0008740361885130348, 'reg_alpha': 0.0001676416551183454, 'reg_lambda': 0.012971633205678628}. Best is trial 1319 with value: 0.30197738672869706.
[I 2024-12-04 18:12:33,160] Trial 2233 finished with value: 0.3133230669542903 and parameters: {'n_estimators': 906, 'max_depth': 6, 'learning_rate': 0.07499553171047105, 'subsample': 0.7692544138542969, 'colsample_bytree': 0.7176881685007162, 'min_child_weight': 2, 'gamma': 0.0008916337679732713, 'reg_alpha': 0.00016735331553135234, 'reg_lambda': 0.013265400329365679}. Best is trial 1319 with value: 0.30197738672869706.
[I 2024-12-04 18:12:34,743] Trial 2234 finished with value: 0.32072277151774903 and parameters: {'n_estimators': 908, 'max_depth': 6, 'learning_rate': 0.07492253572582804, 'subsample': 0.7691731309116019, 'colsample_bytree': 0.7175472366312073, 'min_child_weight': 2, 'gamma': 0.0008802270427989554, 'reg_alpha': 0.00016306951262974086, 'reg_lambda': 0.01342648346527629}. Best is trial 1319 with value: 0.30197738672869706.
[I 2024-12-04 18:12:36,191] Trial 2235 finished with value: 0.31374940812171 and parameters: {'n_estimators': 910, 'max_depth': 6, 'learning_rate': 0.07499521533683788, 'subsample': 0.7691097537742676, 'colsample_bytree': 0.7175536794229205, 'min_child_weight': 2, 'gamma': 0.0008766599542701164, 'reg_alpha': 0.00016652145546667608, 'reg_lambda': 0.012856717440835724}. Best is trial 1319 with value: 0.30197738672869706.
[I 2024-12-04 18:12:37,639] Trial 2236 finished with value: 0.3141251274816163 and parameters: {'n_estimators': 907, 'max_depth': 6, 'learning_rate': 0.0749736540100344, 'subsample': 0.7691040374976729, 'colsample_bytree': 0.7176682541275341, 'min_child_weight': 2, 'gamma': 0.0008784565506049922, 'reg_alpha': 0.00016231223183022666, 'reg_lambda': 0.013608583941355572}. Best is trial 1319 with value: 0.30197738672869706.
[I 2024-12-04 18:12:39,245] Trial 2237 finished with value: 0.3085690318023519 and parameters: {'n_estimators': 908, 'max_depth': 6, 'learning_rate': 0.07501218933482832, 'subsample': 0.7693402639036059, 'colsample_bytree': 0.7174711501663266, 'min_child_weight': 2, 'gamma': 0.0008947325278048544, 'reg_alpha': 0.00016955506177712728, 'reg_lambda': 0.013072053396491375}. Best is trial 1319 with value: 0.30197738672869706.
[I 2024-12-04 18:12:40,704] Trial 2238 finished with value: 0.31040725355181886 and parameters: {'n_estimators': 910, 'max_depth': 6, 'learning_rate': 0.07487674962020245, 'subsample': 0.768890410078493, 'colsample_bytree': 0.7170722314016083, 'min_child_weight': 2, 'gamma': 0.0008483939128253405, 'reg_alpha': 0.00015659887441281592, 'reg_lambda': 0.013059020939899302}. Best is trial 1319 with value: 0.30197738672869706.
[I 2024-12-04 18:12:42,671] Trial 2239 finished with value: 0.3127032870726212 and parameters: {'n_estimators': 910, 'max_depth': 6, 'learning_rate': 0.07484840967825386, 'subsample': 0.7691220289999894, 'colsample_bytree': 0.7169907889532066, 'min_child_weight': 2, 'gamma': 0.0008495758002344457, 'reg_alpha': 0.00015381372575360913, 'reg_lambda': 0.012754643612400533}. Best is trial 1319 with value: 0.30197738672869706.
[I 2024-12-04 18:12:44,252] Trial 2240 finished with value: 0.31227465873765436 and parameters: {'n_estimators': 908, 'max_depth': 6, 'learning_rate': 0.07486945251635421, 'subsample': 0.7693046965027973, 'colsample_bytree': 0.7174804347327794, 'min_child_weight': 2, 'gamma': 0.0008839192943748592, 'reg_alpha': 0.00016728475446729912, 'reg_lambda': 0.012828540246585871}. Best is trial 1319 with value: 0.30197738672869706.
[I 2024-12-04 18:12:45,691] Trial 2241 finished with value: 0.3101213793289447 and parameters: {'n_estimators': 908, 'max_depth': 6, 'learning_rate': 0.0750962205239454, 'subsample': 0.7692620155949278, 'colsample_bytree': 0.7174058747984646, 'min_child_weight': 2, 'gamma': 0.0008828200929223112, 'reg_alpha': 0.00016863112142102572, 'reg_lambda': 0.01309597011716513}. Best is trial 1319 with value: 0.30197738672869706.
[I 2024-12-04 18:12:47,374] Trial 2242 finished with value: 0.31059076537886476 and parameters: {'n_estimators': 909, 'max_depth': 6, 'learning_rate': 0.07490520718559399, 'subsample': 0.769222220590355, 'colsample_bytree': 0.7174147273400864, 'min_child_weight': 2, 'gamma': 0.0008770754059208875, 'reg_alpha': 0.00016210901301230875, 'reg_lambda': 0.012995126769603037}. Best is trial 1319 with value: 0.30197738672869706.
[I 2024-12-04 18:12:48,819] Trial 2243 finished with value: 0.3107298136144392 and parameters: {'n_estimators': 908, 'max_depth': 6, 'learning_rate': 0.0750301201240494, 'subsample': 0.7690700602737015, 'colsample_bytree': 0.7172764475222843, 'min_child_weight': 2, 'gamma': 0.0008917808019775541, 'reg_alpha': 0.00017374825901002, 'reg_lambda': 0.012989734809474959}. Best is trial 1319 with value: 0.30197738672869706.
[I 2024-12-04 18:12:50,248] Trial 2244 finished with value: 0.31265176433862846 and parameters: {'n_estimators': 907, 'max_depth': 6, 'learning_rate': 0.07502218754339827, 'subsample': 0.7691899696219509, 'colsample_bytree': 0.7175769754563979, 'min_child_weight': 2, 'gamma': 0.0008915123949304037, 'reg_alpha': 0.00017181938799389637, 'reg_lambda': 0.013085494240070723}. Best is trial 1319 with value: 0.30197738672869706.
[I 2024-12-04 18:12:51,684] Trial 2245 finished with value: 0.31101710023409995 and parameters: {'n_estimators': 907, 'max_depth': 6, 'learning_rate': 0.07491752526777218, 'subsample': 0.769448625057092, 'colsample_bytree': 0.7171090721507026, 'min_child_weight': 2, 'gamma': 0.0008887418615551431, 'reg_alpha': 0.00016637219360856044, 'reg_lambda': 0.013226910560090373}. Best is trial 1319 with value: 0.30197738672869706.
[I 2024-12-04 18:12:53,114] Trial 2246 finished with value: 0.3103243897674429 and parameters: {'n_estimators': 909, 'max_depth': 6, 'learning_rate': 0.07495662299203625, 'subsample': 0.7691873479121859, 'colsample_bytree': 0.7169312029324677, 'min_child_weight': 2, 'gamma': 0.0008781099238160762, 'reg_alpha': 0.00016327938319283492, 'reg_lambda': 0.013280300351288939}. Best is trial 1319 with value: 0.30197738672869706.
[I 2024-12-04 18:12:54,567] Trial 2247 finished with value: 0.310797791658636 and parameters: {'n_estimators': 908, 'max_depth': 6, 'learning_rate': 0.07498485435505463, 'subsample': 0.7692277446180209, 'colsample_bytree': 0.7172221456012361, 'min_child_weight': 2, 'gamma': 0.0008657448617694347, 'reg_alpha': 0.00016408539006571834, 'reg_lambda': 0.013248036598275219}. Best is trial 1319 with value: 0.30197738672869706.
[I 2024-12-04 18:12:56,053] Trial 2248 finished with value: 0.30993311909277554 and parameters: {'n_estimators': 908, 'max_depth': 6, 'learning_rate': 0.07491229717464377, 'subsample': 0.7690687608472366, 'colsample_bytree': 0.7171984769669745, 'min_child_weight': 2, 'gamma': 0.0008929185133649519, 'reg_alpha': 0.0001699419327480912, 'reg_lambda': 0.012976652068024588}. Best is trial 1319 with value: 0.30197738672869706.
[I 2024-12-04 18:12:57,590] Trial 2249 finished with value: 0.3096524744694803 and parameters: {'n_estimators': 907, 'max_depth': 6, 'learning_rate': 0.07490119299201477, 'subsample': 0.7691974828926157, 'colsample_bytree': 0.7177113330447794, 'min_child_weight': 2, 'gamma': 0.0008875861397173045, 'reg_alpha': 0.00016911264508178447, 'reg_lambda': 0.013232735706169696}. Best is trial 1319 with value: 0.30197738672869706.
[I 2024-12-04 18:12:59,070] Trial 2250 finished with value: 0.31678029629298465 and parameters: {'n_estimators': 908, 'max_depth': 6, 'learning_rate': 0.07508091091569312, 'subsample': 0.7691796231268184, 'colsample_bytree': 0.7175400407533556, 'min_child_weight': 2, 'gamma': 0.0008929498340372427, 'reg_alpha': 0.00016659747211753906, 'reg_lambda': 0.013178105540832916}. Best is trial 1319 with value: 0.30197738672869706.
[I 2024-12-04 18:13:00,541] Trial 2251 finished with value: 0.31158754604495864 and parameters: {'n_estimators': 909, 'max_depth': 6, 'learning_rate': 0.07492085230628354, 'subsample': 0.7692910538327228, 'colsample_bytree': 0.7171473434763802, 'min_child_weight': 2, 'gamma': 0.0008758729287034348, 'reg_alpha': 0.00016545421319414316, 'reg_lambda': 0.012824698108227743}. Best is trial 1319 with value: 0.30197738672869706.
[I 2024-12-04 18:13:02,031] Trial 2252 finished with value: 0.31538962823138283 and parameters: {'n_estimators': 907, 'max_depth': 6, 'learning_rate': 0.07492507859245914, 'subsample': 0.7691986392093172, 'colsample_bytree': 0.7174019948486308, 'min_child_weight': 2, 'gamma': 0.0008828986905419435, 'reg_alpha': 0.00016637364959628083, 'reg_lambda': 0.013084923028217831}. Best is trial 1319 with value: 0.30197738672869706.
[I 2024-12-04 18:13:03,510] Trial 2253 finished with value: 0.3111778169439361 and parameters: {'n_estimators': 908, 'max_depth': 6, 'learning_rate': 0.0750374006187199, 'subsample': 0.7691193425025964, 'colsample_bytree': 0.7172500504943634, 'min_child_weight': 2, 'gamma': 0.0008992453319146513, 'reg_alpha': 0.00017489857863417719, 'reg_lambda': 0.013033397238169325}. Best is trial 1319 with value: 0.30197738672869706.
[I 2024-12-04 18:13:05,163] Trial 2254 finished with value: 0.30892522223190483 and parameters: {'n_estimators': 909, 'max_depth': 6, 'learning_rate': 0.07501286926103201, 'subsample': 0.7691400323071658, 'colsample_bytree': 0.7172677250403304, 'min_child_weight': 2, 'gamma': 0.0008852042794830486, 'reg_alpha': 0.00016964284643667155, 'reg_lambda': 0.013158273137100098}. Best is trial 1319 with value: 0.30197738672869706.
[I 2024-12-04 18:13:06,702] Trial 2255 finished with value: 0.30971509892952265 and parameters: {'n_estimators': 909, 'max_depth': 6, 'learning_rate': 0.07495263898761913, 'subsample': 0.769086157011182, 'colsample_bytree': 0.7171460699340846, 'min_child_weight': 2, 'gamma': 0.000879852588950561, 'reg_alpha': 0.00016381373749409245, 'reg_lambda': 0.012998296187367038}. Best is trial 1319 with value: 0.30197738672869706.
[I 2024-12-04 18:13:08,205] Trial 2256 finished with value: 0.3142692483000023 and parameters: {'n_estimators': 910, 'max_depth': 6, 'learning_rate': 0.07508876505451023, 'subsample': 0.7690102464195433, 'colsample_bytree': 0.7174353223310059, 'min_child_weight': 2, 'gamma': 0.0008698381609762439, 'reg_alpha': 0.0001690864265150587, 'reg_lambda': 0.013416150235668249}. Best is trial 1319 with value: 0.30197738672869706.
[I 2024-12-04 18:13:09,679] Trial 2257 finished with value: 0.3110304487194609 and parameters: {'n_estimators': 908, 'max_depth': 6, 'learning_rate': 0.07496162932202098, 'subsample': 0.7691060073207149, 'colsample_bytree': 0.7170157598134255, 'min_child_weight': 2, 'gamma': 0.000871455215770262, 'reg_alpha': 0.0001656600037622705, 'reg_lambda': 0.013378719471187682}. Best is trial 1319 with value: 0.30197738672869706.
[I 2024-12-04 18:13:11,271] Trial 2258 finished with value: 0.3121552811580049 and parameters: {'n_estimators': 907, 'max_depth': 6, 'learning_rate': 0.0751023097711062, 'subsample': 0.7691848051226071, 'colsample_bytree': 0.7172108145074049, 'min_child_weight': 2, 'gamma': 0.0008970023203875492, 'reg_alpha': 0.0001776910389127364, 'reg_lambda': 0.013276612037031756}. Best is trial 1319 with value: 0.30197738672869706.
[I 2024-12-04 18:13:12,898] Trial 2259 finished with value: 0.31141698654351985 and parameters: {'n_estimators': 908, 'max_depth': 6, 'learning_rate': 0.07501246723987368, 'subsample': 0.7692415968482433, 'colsample_bytree': 0.7172768948884538, 'min_child_weight': 2, 'gamma': 0.0008910609204547327, 'reg_alpha': 0.00016758071798971628, 'reg_lambda': 0.013132806955369801}. Best is trial 1319 with value: 0.30197738672869706.
[I 2024-12-04 18:13:14,623] Trial 2260 finished with value: 0.3135102043312932 and parameters: {'n_estimators': 909, 'max_depth': 6, 'learning_rate': 0.07510040803885863, 'subsample': 0.7688444368074763, 'colsample_bytree': 0.7172412779707678, 'min_child_weight': 2, 'gamma': 0.0008786576106246028, 'reg_alpha': 0.00017080730558539697, 'reg_lambda': 0.013354271607758053}. Best is trial 1319 with value: 0.30197738672869706.
[I 2024-12-04 18:13:16,113] Trial 2261 finished with value: 0.3089659246158614 and parameters: {'n_estimators': 908, 'max_depth': 6, 'learning_rate': 0.07482021191460558, 'subsample': 0.7692906875724069, 'colsample_bytree': 0.7171461743382134, 'min_child_weight': 2, 'gamma': 0.0009010569957569907, 'reg_alpha': 0.0001727485000546208, 'reg_lambda': 0.012788392047277468}. Best is trial 1319 with value: 0.30197738672869706.
[I 2024-12-04 18:13:17,579] Trial 2262 finished with value: 0.3103297883485337 and parameters: {'n_estimators': 907, 'max_depth': 6, 'learning_rate': 0.07505861882533384, 'subsample': 0.7692195456132996, 'colsample_bytree': 0.7174242582230768, 'min_child_weight': 2, 'gamma': 0.0008960447666683173, 'reg_alpha': 0.00016689287794774185, 'reg_lambda': 0.013201216217951369}. Best is trial 1319 with value: 0.30197738672869706.
[I 2024-12-04 18:13:19,168] Trial 2263 finished with value: 0.3155042950149901 and parameters: {'n_estimators': 909, 'max_depth': 6, 'learning_rate': 0.07500610972313419, 'subsample': 0.7690726864167102, 'colsample_bytree': 0.7172109795943304, 'min_child_weight': 2, 'gamma': 0.0008996299899670998, 'reg_alpha': 0.00017414111788746818, 'reg_lambda': 0.013238382767424145}. Best is trial 1319 with value: 0.30197738672869706.
[I 2024-12-04 18:13:20,841] Trial 2264 finished with value: 0.31237190139513227 and parameters: {'n_estimators': 909, 'max_depth': 6, 'learning_rate': 0.0750726090142892, 'subsample': 0.7692058500374972, 'colsample_bytree': 0.7173078951674198, 'min_child_weight': 2, 'gamma': 0.000875072824432744, 'reg_alpha': 0.00016265889148056722, 'reg_lambda': 0.013368999103359784}. Best is trial 1319 with value: 0.30197738672869706.
[I 2024-12-04 18:13:22,316] Trial 2265 finished with value: 0.31058758079784815 and parameters: {'n_estimators': 909, 'max_depth': 6, 'learning_rate': 0.0749961022376636, 'subsample': 0.7693067957822081, 'colsample_bytree': 0.7174583838007612, 'min_child_weight': 2, 'gamma': 0.0008864383191880315, 'reg_alpha': 0.00017025735576898095, 'reg_lambda': 0.013443210045533713}. Best is trial 1319 with value: 0.30197738672869706.
[I 2024-12-04 18:13:23,937] Trial 2266 finished with value: 0.3084587461923066 and parameters: {'n_estimators': 908, 'max_depth': 6, 'learning_rate': 0.07498223978544984, 'subsample': 0.7691536384141342, 'colsample_bytree': 0.7174522285453843, 'min_child_weight': 2, 'gamma': 0.0008829133581906348, 'reg_alpha': 0.00016514950710623975, 'reg_lambda': 0.013331846852551467}. Best is trial 1319 with value: 0.30197738672869706.
[I 2024-12-04 18:13:25,532] Trial 2267 finished with value: 0.30879338776815557 and parameters: {'n_estimators': 908, 'max_depth': 6, 'learning_rate': 0.07509263791323922, 'subsample': 0.7692592789864827, 'colsample_bytree': 0.7177634279991877, 'min_child_weight': 2, 'gamma': 0.0008812585581357216, 'reg_alpha': 0.00016673051524578836, 'reg_lambda': 0.013183694758744282}. Best is trial 1319 with value: 0.30197738672869706.
[I 2024-12-04 18:13:26,992] Trial 2268 finished with value: 0.3111488664235517 and parameters: {'n_estimators': 908, 'max_depth': 6, 'learning_rate': 0.0748660166690671, 'subsample': 0.7692340354856692, 'colsample_bytree': 0.7172802373428058, 'min_child_weight': 2, 'gamma': 0.0008854988093715757, 'reg_alpha': 0.00016824715508129343, 'reg_lambda': 0.012988675393589371}. Best is trial 1319 with value: 0.30197738672869706.
[I 2024-12-04 18:13:28,540] Trial 2269 finished with value: 0.31519399919061303 and parameters: {'n_estimators': 908, 'max_depth': 6, 'learning_rate': 0.07493525532064561, 'subsample': 0.7692364578441614, 'colsample_bytree': 0.7175458509405366, 'min_child_weight': 2, 'gamma': 0.00088502860740212, 'reg_alpha': 0.00016158851749325972, 'reg_lambda': 0.01333691168231646}. Best is trial 1319 with value: 0.30197738672869706.
[I 2024-12-04 18:13:30,012] Trial 2270 finished with value: 0.3092587433731577 and parameters: {'n_estimators': 908, 'max_depth': 6, 'learning_rate': 0.07510981539747238, 'subsample': 0.7692898834963161, 'colsample_bytree': 0.7175889406352762, 'min_child_weight': 2, 'gamma': 0.0009118681827995225, 'reg_alpha': 0.0001787503786234078, 'reg_lambda': 0.01333975169179932}. Best is trial 1319 with value: 0.30197738672869706.
[I 2024-12-04 18:13:31,490] Trial 2271 finished with value: 0.3093128451420825 and parameters: {'n_estimators': 908, 'max_depth': 6, 'learning_rate': 0.07503707293734284, 'subsample': 0.7693646600750363, 'colsample_bytree': 0.7174417425680348, 'min_child_weight': 2, 'gamma': 0.0009055837024349183, 'reg_alpha': 0.0001718399603218959, 'reg_lambda': 0.013082137487308411}. Best is trial 1319 with value: 0.30197738672869706.
[I 2024-12-04 18:13:33,013] Trial 2272 finished with value: 0.31301255833101055 and parameters: {'n_estimators': 908, 'max_depth': 6, 'learning_rate': 0.07505549202264003, 'subsample': 0.7693375158969205, 'colsample_bytree': 0.7174031559131804, 'min_child_weight': 2, 'gamma': 0.0008947740628322933, 'reg_alpha': 0.0001704601529755293, 'reg_lambda': 0.013190270051542859}. Best is trial 1319 with value: 0.30197738672869706.
