[I 2024-12-19 18:46:14,448] Trial 550 finished with value: 0.13933557271957397 and parameters: {'mlp_n_layers': 2, 'mlp_dim_00': 493, 'mlp_dim_01': 149, 'node_hidden_dim': 97, 'edge_hidden_dim': 49, 'depth': 1, 'rep_dropout': 0.1497092037103494, 'train_learning_rate': 0.0007735520408548666, 'train_lr_reduce': 0.6}. Best is trial 122 with value: 0.09548358619213104.
[I 2024-12-19 18:46:28,988] Trial 552 finished with value: 0.11256874352693558 and parameters: {'mlp_n_layers': 4, 'mlp_dim_00': 473, 'mlp_dim_01': 461, 'mlp_dim_02': 382, 'mlp_dim_03': 354, 'node_hidden_dim': 60, 'edge_hidden_dim': 45, 'depth': 1, 'rep_dropout': 0.12630728482876927, 'train_learning_rate': 0.0011072820459146963, 'train_lr_reduce': 0.6}. Best is trial 122 with value: 0.09548358619213104.
[I 2024-12-19 18:46:29,175] Trial 555 finished with value: 1.1975127458572388 and parameters: {'mlp_n_layers': 4, 'mlp_dim_00': 449, 'mlp_dim_01': 398, 'mlp_dim_02': 347, 'mlp_dim_03': 396, 'node_hidden_dim': 68, 'edge_hidden_dim': 63, 'depth': 2, 'rep_dropout': 0.14942742953351418, 'train_learning_rate': 0.0016660550451532883, 'train_lr_reduce': 0.6}. Best is trial 122 with value: 0.09548358619213104.
[I 2024-12-19 18:46:33,709] Trial 556 finished with value: 1.651839017868042 and parameters: {'mlp_n_layers': 4, 'mlp_dim_00': 501, 'mlp_dim_01': 466, 'mlp_dim_02': 344, 'mlp_dim_03': 399, 'node_hidden_dim': 54, 'edge_hidden_dim': 53, 'depth': 2, 'rep_dropout': 0.1421839412743991, 'train_learning_rate': 0.0010610400588225992, 'train_lr_reduce': 0.6}. Best is trial 122 with value: 0.09548358619213104.
[I 2024-12-19 18:46:33,974] Trial 557 finished with value: 1.6724416017532349 and parameters: {'mlp_n_layers': 3, 'mlp_dim_00': 374, 'mlp_dim_01': 285, 'mlp_dim_02': 279, 'node_hidden_dim': 96, 'edge_hidden_dim': 53, 'depth': 1, 'rep_dropout': 0.10903987500395423, 'train_learning_rate': 0.00032703097895591044, 'train_lr_reduce': 0.6}. Best is trial 122 with value: 0.09548358619213104.
[I 2024-12-19 18:46:38,784] Trial 558 finished with value: 1.6455546617507935 and parameters: {'mlp_n_layers': 1, 'mlp_dim_00': 438, 'node_hidden_dim': 62, 'edge_hidden_dim': 70, 'depth': 4, 'rep_dropout': 0.0407680179202827, 'train_learning_rate': 0.00019640700416280913, 'train_lr_reduce': 0.6}. Best is trial 122 with value: 0.09548358619213104.
[I 2024-12-19 18:46:52,583] Trial 554 finished with value: 0.15401512384414673 and parameters: {'mlp_n_layers': 4, 'mlp_dim_00': 352, 'mlp_dim_01': 207, 'mlp_dim_02': 380, 'mlp_dim_03': 389, 'node_hidden_dim': 127, 'edge_hidden_dim': 72, 'depth': 2, 'rep_dropout': 0.10917283273308377, 'train_learning_rate': 0.000540544090860996, 'train_lr_reduce': 0.6}. Best is trial 122 with value: 0.09548358619213104.
[I 2024-12-19 18:47:16,020] Trial 559 finished with value: 0.12162964046001434 and parameters: {'mlp_n_layers': 4, 'mlp_dim_00': 419, 'mlp_dim_01': 425, 'mlp_dim_02': 393, 'mlp_dim_03': 402, 'node_hidden_dim': 84, 'edge_hidden_dim': 59, 'depth': 1, 'rep_dropout': 0.1362553366849609, 'train_learning_rate': 0.0012866912195894894, 'train_lr_reduce': 0.6}. Best is trial 122 with value: 0.09548358619213104.
[I 2024-12-19 18:47:18,759] Trial 560 finished with value: 0.10511697083711624 and parameters: {'mlp_n_layers': 4, 'mlp_dim_00': 394, 'mlp_dim_01': 473, 'mlp_dim_02': 330, 'mlp_dim_03': 273, 'node_hidden_dim': 71, 'edge_hidden_dim': 69, 'depth': 1, 'rep_dropout': 0.13050195898861328, 'train_learning_rate': 0.0008345897039954954, 'train_lr_reduce': 0.6}. Best is trial 122 with value: 0.09548358619213104.
[I 2024-12-19 18:47:21,360] Trial 562 finished with value: 1.6767268180847168 and parameters: {'mlp_n_layers': 3, 'mlp_dim_00': 483, 'mlp_dim_01': 468, 'mlp_dim_02': 396, 'node_hidden_dim': 97, 'edge_hidden_dim': 62, 'depth': 2, 'rep_dropout': 0.12992462426436546, 'train_learning_rate': 0.00036384928032353746, 'train_lr_reduce': 0.6}. Best is trial 122 with value: 0.09548358619213104.
[I 2024-12-19 18:47:26,249] Trial 564 finished with value: 1.6825813055038452 and parameters: {'mlp_n_layers': 4, 'mlp_dim_00': 337, 'mlp_dim_01': 467, 'mlp_dim_02': 344, 'mlp_dim_03': 272, 'node_hidden_dim': 82, 'edge_hidden_dim': 69, 'depth': 2, 'rep_dropout': 0.13628070877655107, 'train_learning_rate': 0.0005540008757604956, 'train_lr_reduce': 0.6}. Best is trial 122 with value: 0.09548358619213104.
[I 2024-12-19 18:47:39,083] Trial 561 finished with value: 0.18468551337718964 and parameters: {'mlp_n_layers': 4, 'mlp_dim_00': 315, 'mlp_dim_01': 377, 'mlp_dim_02': 255, 'mlp_dim_03': 416, 'node_hidden_dim': 99, 'edge_hidden_dim': 61, 'depth': 1, 'rep_dropout': 0.1439482197747424, 'train_learning_rate': 0.0006914067189090015, 'train_lr_reduce': 0.6}. Best is trial 122 with value: 0.09548358619213104.
[I 2024-12-19 18:47:44,640] Trial 566 finished with value: 1.6428500413894653 and parameters: {'mlp_n_layers': 4, 'mlp_dim_00': 374, 'mlp_dim_01': 511, 'mlp_dim_02': 380, 'mlp_dim_03': 277, 'node_hidden_dim': 56, 'edge_hidden_dim': 77, 'depth': 1, 'rep_dropout': 0.13637534417200992, 'train_learning_rate': 0.0016730506887315622, 'train_lr_reduce': 0.6}. Best is trial 122 with value: 0.09548358619213104.
[I 2024-12-19 18:47:46,535] Trial 563 finished with value: 0.17523027956485748 and parameters: {'mlp_n_layers': 4, 'mlp_dim_00': 375, 'mlp_dim_01': 473, 'mlp_dim_02': 347, 'mlp_dim_03': 309, 'node_hidden_dim': 59, 'edge_hidden_dim': 59, 'depth': 1, 'rep_dropout': 0.12362068163558244, 'train_learning_rate': 0.0012807930207298854, 'train_lr_reduce': 0.6}. Best is trial 122 with value: 0.09548358619213104.
[I 2024-12-19 18:47:51,895] Trial 567 finished with value: 1.5685070753097534 and parameters: {'mlp_n_layers': 1, 'mlp_dim_00': 263, 'node_hidden_dim': 110, 'edge_hidden_dim': 110, 'depth': 1, 'rep_dropout': 0.14115042196172203, 'train_learning_rate': 0.008036424582709499, 'train_lr_reduce': 0.6}. Best is trial 122 with value: 0.09548358619213104.
[I 2024-12-19 18:47:59,291] Trial 569 finished with value: 1.5631797313690186 and parameters: {'mlp_n_layers': 4, 'mlp_dim_00': 415, 'mlp_dim_01': 468, 'mlp_dim_02': 342, 'mlp_dim_03': 185, 'node_hidden_dim': 66, 'edge_hidden_dim': 72, 'depth': 4, 'rep_dropout': 0.11335301356581515, 'train_learning_rate': 0.009388935551248185, 'train_lr_reduce': 0.6}. Best is trial 122 with value: 0.09548358619213104.
[I 2024-12-19 18:48:04,771] Trial 570 finished with value: 1.6840431690216064 and parameters: {'mlp_n_layers': 4, 'mlp_dim_00': 405, 'mlp_dim_01': 429, 'mlp_dim_02': 394, 'mlp_dim_03': 262, 'node_hidden_dim': 102, 'edge_hidden_dim': 63, 'depth': 2, 'rep_dropout': 0.08864315272188712, 'train_learning_rate': 0.0002832723614445291, 'train_lr_reduce': 0.6}. Best is trial 122 with value: 0.09548358619213104.
[I 2024-12-19 18:48:11,337] Trial 565 finished with value: 0.1433626264333725 and parameters: {'mlp_n_layers': 4, 'mlp_dim_00': 375, 'mlp_dim_01': 474, 'mlp_dim_02': 347, 'mlp_dim_03': 217, 'node_hidden_dim': 48, 'edge_hidden_dim': 57, 'depth': 2, 'rep_dropout': 0.10262315668416436, 'train_learning_rate': 0.0009111863886071687, 'train_lr_reduce': 0.6}. Best is trial 122 with value: 0.09548358619213104.
[I 2024-12-19 18:48:13,896] Trial 568 finished with value: 0.17221315205097198 and parameters: {'mlp_n_layers': 4, 'mlp_dim_00': 433, 'mlp_dim_01': 431, 'mlp_dim_02': 314, 'mlp_dim_03': 293, 'node_hidden_dim': 78, 'edge_hidden_dim': 66, 'depth': 1, 'rep_dropout': 0.13758194217987485, 'train_learning_rate': 0.0006449061701889329, 'train_lr_reduce': 0.6}. Best is trial 122 with value: 0.09548358619213104.
[I 2024-12-19 18:48:16,423] Trial 572 finished with value: 1.6335638761520386 and parameters: {'mlp_n_layers': 4, 'mlp_dim_00': 473, 'mlp_dim_01': 510, 'mlp_dim_02': 159, 'mlp_dim_03': 252, 'node_hidden_dim': 53, 'edge_hidden_dim': 55, 'depth': 4, 'rep_dropout': 0.04710412281302352, 'train_learning_rate': 0.0023442322712403864, 'train_lr_reduce': 0.6}. Best is trial 122 with value: 0.09548358619213104.
[I 2024-12-19 18:48:21,093] Trial 574 finished with value: 1.6795196533203125 and parameters: {'mlp_n_layers': 4, 'mlp_dim_00': 424, 'mlp_dim_01': 473, 'mlp_dim_02': 330, 'mlp_dim_03': 310, 'node_hidden_dim': 55, 'edge_hidden_dim': 71, 'depth': 1, 'rep_dropout': 0.13976378728667002, 'train_learning_rate': 0.0005177223241587902, 'train_lr_reduce': 0.6}. Best is trial 122 with value: 0.09548358619213104.
[I 2024-12-19 18:48:26,486] Trial 575 finished with value: 1.6772955656051636 and parameters: {'mlp_n_layers': 4, 'mlp_dim_00': 304, 'mlp_dim_01': 435, 'mlp_dim_02': 405, 'mlp_dim_03': 405, 'node_hidden_dim': 105, 'edge_hidden_dim': 69, 'depth': 1, 'rep_dropout': 0.08842641721951482, 'train_learning_rate': 0.00014761536672638749, 'train_lr_reduce': 0.6}. Best is trial 122 with value: 0.09548358619213104.
[I 2024-12-19 18:48:46,913] Trial 573 finished with value: 0.12132357060909271 and parameters: {'mlp_n_layers': 4, 'mlp_dim_00': 332, 'mlp_dim_01': 423, 'mlp_dim_02': 380, 'mlp_dim_03': 365, 'node_hidden_dim': 121, 'edge_hidden_dim': 35, 'depth': 1, 'rep_dropout': 0.04840241304597924, 'train_learning_rate': 0.0026750615379415085, 'train_lr_reduce': 0.6}. Best is trial 122 with value: 0.09548358619213104.
[I 2024-12-19 18:48:50,475] Trial 571 finished with value: 0.9287046194076538 and parameters: {'mlp_n_layers': 4, 'mlp_dim_00': 357, 'mlp_dim_01': 473, 'mlp_dim_02': 318, 'mlp_dim_03': 342, 'node_hidden_dim': 74, 'edge_hidden_dim': 89, 'depth': 1, 'rep_dropout': 0.14832775882934282, 'train_learning_rate': 0.0010158669897253555, 'train_lr_reduce': 0.6}. Best is trial 122 with value: 0.09548358619213104.
[I 2024-12-19 18:48:51,887] Trial 577 finished with value: 1.55748450756073 and parameters: {'mlp_n_layers': 2, 'mlp_dim_00': 347, 'mlp_dim_01': 402, 'node_hidden_dim': 40, 'edge_hidden_dim': 52, 'depth': 3, 'rep_dropout': 0.07963383466288698, 'train_learning_rate': 0.001611675766440342, 'train_lr_reduce': 0.6}. Best is trial 122 with value: 0.09548358619213104.
[I 2024-12-19 18:49:07,631] Trial 576 finished with value: 0.1244053989648819 and parameters: {'mlp_n_layers': 4, 'mlp_dim_00': 389, 'mlp_dim_01': 474, 'mlp_dim_02': 182, 'mlp_dim_03': 429, 'node_hidden_dim': 67, 'edge_hidden_dim': 32, 'depth': 1, 'rep_dropout': 0.13931336649201626, 'train_learning_rate': 0.0008875126577112522, 'train_lr_reduce': 0.6}. Best is trial 122 with value: 0.09548358619213104.
[I 2024-12-19 18:49:12,496] Trial 580 finished with value: 1.6322126388549805 and parameters: {'mlp_n_layers': 3, 'mlp_dim_00': 456, 'mlp_dim_01': 479, 'mlp_dim_02': 417, 'node_hidden_dim': 128, 'edge_hidden_dim': 62, 'depth': 2, 'rep_dropout': 0.0723970294180438, 'train_learning_rate': 0.0006872768376291811, 'train_lr_reduce': 0.6}. Best is trial 122 with value: 0.09548358619213104.
[I 2024-12-19 18:49:14,417] Trial 579 finished with value: 0.23053519427776337 and parameters: {'mlp_n_layers': 4, 'mlp_dim_00': 500, 'mlp_dim_01': 429, 'mlp_dim_02': 191, 'mlp_dim_03': 359, 'node_hidden_dim': 73, 'edge_hidden_dim': 63, 'depth': 1, 'rep_dropout': 0.130982241948979, 'train_learning_rate': 0.00180712864353467, 'train_lr_reduce': 0.6}. Best is trial 122 with value: 0.09548358619213104.
[I 2024-12-19 18:49:17,684] Trial 581 finished with value: 1.5720350742340088 and parameters: {'mlp_n_layers': 3, 'mlp_dim_00': 492, 'mlp_dim_01': 381, 'mlp_dim_02': 311, 'node_hidden_dim': 33, 'edge_hidden_dim': 58, 'depth': 2, 'rep_dropout': 0.13581486344102706, 'train_learning_rate': 0.00852184258012342, 'train_lr_reduce': 0.6}. Best is trial 122 with value: 0.09548358619213104.
[I 2024-12-19 18:49:21,552] Trial 582 finished with value: 1.3948795795440674 and parameters: {'mlp_n_layers': 4, 'mlp_dim_00': 446, 'mlp_dim_01': 512, 'mlp_dim_02': 156, 'mlp_dim_03': 438, 'node_hidden_dim': 62, 'edge_hidden_dim': 55, 'depth': 2, 'rep_dropout': 0.1163000568928727, 'train_learning_rate': 0.003013600017463435, 'train_lr_reduce': 0.6}. Best is trial 122 with value: 0.09548358619213104.
[I 2024-12-19 18:49:22,262] Trial 583 finished with value: 1.648321509361267 and parameters: {'mlp_n_layers': 2, 'mlp_dim_00': 113, 'mlp_dim_01': 169, 'node_hidden_dim': 112, 'edge_hidden_dim': 69, 'depth': 3, 'rep_dropout': 0.026637733422460057, 'train_learning_rate': 0.0017880006213738442, 'train_lr_reduce': 0.6}. Best is trial 122 with value: 0.09548358619213104.
[I 2024-12-19 18:49:26,600] Trial 585 finished with value: 1.6157444715499878 and parameters: {'mlp_n_layers': 2, 'mlp_dim_00': 311, 'mlp_dim_01': 470, 'node_hidden_dim': 54, 'edge_hidden_dim': 42, 'depth': 2, 'rep_dropout': 0.14855626590327978, 'train_learning_rate': 0.00519820366899199, 'train_lr_reduce': 0.6}. Best is trial 122 with value: 0.09548358619213104.
[I 2024-12-19 18:49:28,121] Trial 578 finished with value: 0.10716066509485245 and parameters: {'mlp_n_layers': 4, 'mlp_dim_00': 508, 'mlp_dim_01': 511, 'mlp_dim_02': 317, 'mlp_dim_03': 419, 'node_hidden_dim': 88, 'edge_hidden_dim': 54, 'depth': 1, 'rep_dropout': 0.1476318711517181, 'train_learning_rate': 0.0014647855333100904, 'train_lr_reduce': 0.6}. Best is trial 122 with value: 0.09548358619213104.
[I 2024-12-19 18:49:34,253] Trial 587 finished with value: 1.630282998085022 and parameters: {'mlp_n_layers': 4, 'mlp_dim_00': 470, 'mlp_dim_01': 512, 'mlp_dim_02': 360, 'mlp_dim_03': 455, 'node_hidden_dim': 82, 'edge_hidden_dim': 53, 'depth': 1, 'rep_dropout': 0.09622791700334421, 'train_learning_rate': 0.003958642204874888, 'train_lr_reduce': 0.6}. Best is trial 122 with value: 0.09548358619213104.
[I 2024-12-19 18:49:39,731] Trial 588 finished with value: 1.6827760934829712 and parameters: {'mlp_n_layers': 3, 'mlp_dim_00': 356, 'mlp_dim_01': 112, 'mlp_dim_02': 317, 'node_hidden_dim': 71, 'edge_hidden_dim': 58, 'depth': 1, 'rep_dropout': 0.14223085905365548, 'train_learning_rate': 0.00041454722188082884, 'train_lr_reduce': 0.6}. Best is trial 122 with value: 0.09548358619213104.
[I 2024-12-19 18:49:45,205] Trial 589 finished with value: 1.654616355895996 and parameters: {'mlp_n_layers': 1, 'mlp_dim_00': 478, 'node_hidden_dim': 73, 'edge_hidden_dim': 112, 'depth': 4, 'rep_dropout': 0.00022234968413559208, 'train_learning_rate': 0.000155230942444127, 'train_lr_reduce': 0.6}. Best is trial 122 with value: 0.09548358619213104.
[I 2024-12-19 18:49:47,179] Trial 586 finished with value: 0.29060161113739014 and parameters: {'mlp_n_layers': 4, 'mlp_dim_00': 505, 'mlp_dim_01': 430, 'mlp_dim_02': 197, 'mlp_dim_03': 426, 'node_hidden_dim': 75, 'edge_hidden_dim': 71, 'depth': 1, 'rep_dropout': 0.11877686582993738, 'train_learning_rate': 0.000866323512465939, 'train_lr_reduce': 0.6}. Best is trial 122 with value: 0.09548358619213104.
[I 2024-12-19 18:49:52,396] Trial 591 finished with value: 1.6762584447860718 and parameters: {'mlp_n_layers': 4, 'mlp_dim_00': 413, 'mlp_dim_01': 466, 'mlp_dim_02': 158, 'mlp_dim_03': 382, 'node_hidden_dim': 69, 'edge_hidden_dim': 59, 'depth': 1, 'rep_dropout': 0.12045134554897748, 'train_learning_rate': 0.0005135010471052069, 'train_lr_reduce': 0.6}. Best is trial 122 with value: 0.09548358619213104.
[I 2024-12-19 18:49:56,461] Trial 590 finished with value: 0.884256899356842 and parameters: {'mlp_n_layers': 2, 'mlp_dim_00': 87, 'mlp_dim_01': 369, 'node_hidden_dim': 109, 'edge_hidden_dim': 112, 'depth': 2, 'rep_dropout': 0.003920154580229929, 'train_learning_rate': 0.008690744703610172, 'train_lr_reduce': 0.6}. Best is trial 122 with value: 0.09548358619213104.
[I 2024-12-19 18:50:00,127] Trial 584 finished with value: 0.13392597436904907 and parameters: {'mlp_n_layers': 4, 'mlp_dim_00': 454, 'mlp_dim_01': 433, 'mlp_dim_02': 360, 'mlp_dim_03': 251, 'node_hidden_dim': 92, 'edge_hidden_dim': 54, 'depth': 2, 'rep_dropout': 0.09346188874944085, 'train_learning_rate': 0.0008181176205567285, 'train_lr_reduce': 0.6}. Best is trial 122 with value: 0.09548358619213104.
[I 2024-12-19 18:50:01,470] Trial 593 finished with value: 1.6073100566864014 and parameters: {'mlp_n_layers': 3, 'mlp_dim_00': 149, 'mlp_dim_01': 473, 'mlp_dim_02': 426, 'node_hidden_dim': 92, 'edge_hidden_dim': 58, 'depth': 3, 'rep_dropout': 0.13496420595014216, 'train_learning_rate': 0.001171004641081956, 'train_lr_reduce': 0.6}. Best is trial 122 with value: 0.09548358619213104.
[I 2024-12-19 18:50:33,070] Trial 592 finished with value: 0.11426381766796112 and parameters: {'mlp_n_layers': 3, 'mlp_dim_00': 427, 'mlp_dim_01': 422, 'mlp_dim_02': 222, 'node_hidden_dim': 82, 'edge_hidden_dim': 74, 'depth': 1, 'rep_dropout': 0.10862741772095635, 'train_learning_rate': 0.001374397410243044, 'train_lr_reduce': 0.6}. Best is trial 122 with value: 0.09548358619213104.
[I 2024-12-19 18:50:38,442] Trial 596 finished with value: 1.686927080154419 and parameters: {'mlp_n_layers': 4, 'mlp_dim_00': 472, 'mlp_dim_01': 460, 'mlp_dim_02': 369, 'mlp_dim_03': 457, 'node_hidden_dim': 127, 'edge_hidden_dim': 56, 'depth': 1, 'rep_dropout': 0.13828963304019087, 'train_learning_rate': 0.00015230834268151064, 'train_lr_reduce': 0.6}. Best is trial 122 with value: 0.09548358619213104.
[I 2024-12-19 18:50:40,883] Trial 594 finished with value: 0.11350829899311066 and parameters: {'mlp_n_layers': 4, 'mlp_dim_00': 481, 'mlp_dim_01': 387, 'mlp_dim_02': 295, 'mlp_dim_03': 152, 'node_hidden_dim': 65, 'edge_hidden_dim': 58, 'depth': 1, 'rep_dropout': 0.09988064509064715, 'train_learning_rate': 0.0010398510934342367, 'train_lr_reduce': 0.6}. Best is trial 122 with value: 0.09548358619213104.
[I 2024-12-19 18:50:43,301] Trial 595 finished with value: 0.14451949298381805 and parameters: {'mlp_n_layers': 3, 'mlp_dim_00': 486, 'mlp_dim_01': 186, 'mlp_dim_02': 153, 'node_hidden_dim': 125, 'edge_hidden_dim': 39, 'depth': 1, 'rep_dropout': 0.10399746024935448, 'train_learning_rate': 0.0008744823196650446, 'train_lr_reduce': 0.6}. Best is trial 122 with value: 0.09548358619213104.
[I 2024-12-19 18:50:43,317] Trial 597 finished with value: 1.5751824378967285 and parameters: {'mlp_n_layers': 1, 'mlp_dim_00': 482, 'node_hidden_dim': 126, 'edge_hidden_dim': 57, 'depth': 3, 'rep_dropout': 0.1404077273272692, 'train_learning_rate': 0.0013244686786654527, 'train_lr_reduce': 0.6}. Best is trial 122 with value: 0.09548358619213104.
[I 2024-12-19 18:50:47,943] Trial 599 finished with value: 1.633059024810791 and parameters: {'mlp_n_layers': 3, 'mlp_dim_00': 406, 'mlp_dim_01': 429, 'mlp_dim_02': 419, 'node_hidden_dim': 80, 'edge_hidden_dim': 60, 'depth': 1, 'rep_dropout': 0.09413744239539559, 'train_learning_rate': 0.0007890939551653054, 'train_lr_reduce': 0.6}. Best is trial 122 with value: 0.09548358619213104.
[I 2024-12-19 18:50:48,252] Trial 600 finished with value: 1.6788432598114014 and parameters: {'mlp_n_layers': 4, 'mlp_dim_00': 497, 'mlp_dim_01': 417, 'mlp_dim_02': 134, 'mlp_dim_03': 461, 'node_hidden_dim': 63, 'edge_hidden_dim': 46, 'depth': 2, 'rep_dropout': 0.10344083307631198, 'train_learning_rate': 0.0004948611614476186, 'train_lr_reduce': 0.6}. Best is trial 122 with value: 0.09548358619213104.
[I 2024-12-19 18:50:53,229] Trial 602 finished with value: 1.6253547668457031 and parameters: {'mlp_n_layers': 3, 'mlp_dim_00': 473, 'mlp_dim_01': 373, 'mlp_dim_02': 343, 'node_hidden_dim': 47, 'edge_hidden_dim': 40, 'depth': 1, 'rep_dropout': 0.1276215290538637, 'train_learning_rate': 0.0016181392174706053, 'train_lr_reduce': 0.6}. Best is trial 122 with value: 0.09548358619213104.
[I 2024-12-19 18:51:23,442] Trial 598 finished with value: 0.16406820714473724 and parameters: {'mlp_n_layers': 4, 'mlp_dim_00': 421, 'mlp_dim_01': 512, 'mlp_dim_02': 213, 'mlp_dim_03': 427, 'node_hidden_dim': 128, 'edge_hidden_dim': 60, 'depth': 2, 'rep_dropout': 0.0902222267662038, 'train_learning_rate': 0.0015017669249362603, 'train_lr_reduce': 0.6}. Best is trial 122 with value: 0.09548358619213104.
[I 2024-12-19 18:51:36,655] Trial 601 finished with value: 0.22372500598430634 and parameters: {'mlp_n_layers': 4, 'mlp_dim_00': 398, 'mlp_dim_01': 472, 'mlp_dim_02': 291, 'mlp_dim_03': 369, 'node_hidden_dim': 111, 'edge_hidden_dim': 56, 'depth': 1, 'rep_dropout': 0.08009464325911378, 'train_learning_rate': 0.001730063819549228, 'train_lr_reduce': 0.6}. Best is trial 122 with value: 0.09548358619213104.
[I 2024-12-19 18:51:37,129] Trial 603 finished with value: 0.14044830203056335 and parameters: {'mlp_n_layers': 4, 'mlp_dim_00': 489, 'mlp_dim_01': 469, 'mlp_dim_02': 236, 'mlp_dim_03': 463, 'node_hidden_dim': 77, 'edge_hidden_dim': 45, 'depth': 2, 'rep_dropout': 0.09966636759778759, 'train_learning_rate': 0.0011871085069806741, 'train_lr_reduce': 0.6}. Best is trial 122 with value: 0.09548358619213104.
[I 2024-12-19 18:52:00,332] Trial 605 finished with value: 0.22914578020572662 and parameters: {'mlp_n_layers': 4, 'mlp_dim_00': 512, 'mlp_dim_01': 472, 'mlp_dim_02': 140, 'mlp_dim_03': 406, 'node_hidden_dim': 93, 'edge_hidden_dim': 34, 'depth': 1, 'rep_dropout': 0.07930221068636678, 'train_learning_rate': 0.000599484341520088, 'train_lr_reduce': 0.6}. Best is trial 122 with value: 0.09548358619213104.
[I 2024-12-19 18:52:02,967] Trial 604 finished with value: 0.16661125421524048 and parameters: {'mlp_n_layers': 1, 'mlp_dim_00': 176, 'node_hidden_dim': 121, 'edge_hidden_dim': 33, 'depth': 1, 'rep_dropout': 0.12481902301797629, 'train_learning_rate': 0.0005497204286568928, 'train_lr_reduce': 0.6}. Best is trial 122 with value: 0.09548358619213104.
[I 2024-12-19 18:52:05,343] Trial 607 finished with value: 1.5582404136657715 and parameters: {'mlp_n_layers': 4, 'mlp_dim_00': 294, 'mlp_dim_01': 209, 'mlp_dim_02': 377, 'mlp_dim_03': 474, 'node_hidden_dim': 65, 'edge_hidden_dim': 37, 'depth': 4, 'rep_dropout': 0.14661787909293605, 'train_learning_rate': 0.0038261439205691463, 'train_lr_reduce': 0.6}. Best is trial 122 with value: 0.09548358619213104.
