[I 2024-12-04 17:51:51,695] Trial 1406 finished with value: 0.3113098305258101 and parameters: {'n_estimators': 893, 'max_depth': 6, 'learning_rate': 0.07474052446482911, 'subsample': 0.7720170738463912, 'colsample_bytree': 0.7188781790082386, 'min_child_weight': 2, 'gamma': 0.0009070122306182989, 'reg_alpha': 0.0001027719451295023, 'reg_lambda': 0.01329312968260277}. Best is trial 1319 with value: 0.30197738672869706.
[I 2024-12-04 17:51:53,135] Trial 1407 finished with value: 0.31673925075233084 and parameters: {'n_estimators': 898, 'max_depth': 6, 'learning_rate': 0.0753657913368183, 'subsample': 0.770073131673597, 'colsample_bytree': 0.7167753109051576, 'min_child_weight': 2, 'gamma': 0.0008332228442451768, 'reg_alpha': 0.00010484702869544394, 'reg_lambda': 0.014012778769365212}. Best is trial 1319 with value: 0.30197738672869706.
[I 2024-12-04 17:51:54,718] Trial 1408 finished with value: 0.3146239023082715 and parameters: {'n_estimators': 900, 'max_depth': 6, 'learning_rate': 0.07424273813453543, 'subsample': 0.7697180089804562, 'colsample_bytree': 0.7179180047513719, 'min_child_weight': 2, 'gamma': 0.0008074426184938717, 'reg_alpha': 9.488449194434147e-05, 'reg_lambda': 0.013194131426358497}. Best is trial 1319 with value: 0.30197738672869706.
[I 2024-12-04 17:51:56,274] Trial 1409 finished with value: 0.31167718485593443 and parameters: {'n_estimators': 898, 'max_depth': 6, 'learning_rate': 0.07531295206814692, 'subsample': 0.7688994587373589, 'colsample_bytree': 0.7176514558036851, 'min_child_weight': 2, 'gamma': 0.0007554615831803007, 'reg_alpha': 9.771701211965577e-05, 'reg_lambda': 0.014170145168781527}. Best is trial 1319 with value: 0.30197738672869706.
[I 2024-12-04 17:51:57,722] Trial 1410 finished with value: 0.310842352971146 and parameters: {'n_estimators': 900, 'max_depth': 6, 'learning_rate': 0.07584335957808958, 'subsample': 0.7686341125642862, 'colsample_bytree': 0.7175678693791626, 'min_child_weight': 2, 'gamma': 0.0007391043839792466, 'reg_alpha': 0.00010630818689956604, 'reg_lambda': 0.015027211398343895}. Best is trial 1319 with value: 0.30197738672869706.
[I 2024-12-04 17:51:59,656] Trial 1411 finished with value: 0.31147915937841963 and parameters: {'n_estimators': 896, 'max_depth': 6, 'learning_rate': 0.07450936460522065, 'subsample': 0.7697079883870401, 'colsample_bytree': 0.7192375672515603, 'min_child_weight': 2, 'gamma': 0.0008051732523899692, 'reg_alpha': 9.269016340038023e-05, 'reg_lambda': 0.013911385983175201}. Best is trial 1319 with value: 0.30197738672869706.
[I 2024-12-04 17:52:01,106] Trial 1412 finished with value: 0.31103258273343526 and parameters: {'n_estimators': 901, 'max_depth': 6, 'learning_rate': 0.07523637639758556, 'subsample': 0.7679583756641221, 'colsample_bytree': 0.7173528016033544, 'min_child_weight': 2, 'gamma': 0.0007918332903113607, 'reg_alpha': 9.498249102932567e-05, 'reg_lambda': 0.013434260873045162}. Best is trial 1319 with value: 0.30197738672869706.
[I 2024-12-04 17:52:03,027] Trial 1413 finished with value: 0.3077118718465436 and parameters: {'n_estimators': 899, 'max_depth': 6, 'learning_rate': 0.07511055958098684, 'subsample': 0.7687897599215663, 'colsample_bytree': 0.7185106713245476, 'min_child_weight': 2, 'gamma': 0.0008135592147588767, 'reg_alpha': 0.00010574873960863016, 'reg_lambda': 0.013771209703359906}. Best is trial 1319 with value: 0.30197738672869706.
[I 2024-12-04 17:52:05,445] Trial 1414 finished with value: 0.30873456790949033 and parameters: {'n_estimators': 900, 'max_depth': 6, 'learning_rate': 0.07490468113004031, 'subsample': 0.7695206050259348, 'colsample_bytree': 0.7189939549285504, 'min_child_weight': 2, 'gamma': 0.0008513030060234837, 'reg_alpha': 0.0001104129864931619, 'reg_lambda': 0.01374158077595488}. Best is trial 1319 with value: 0.30197738672869706.
[I 2024-12-04 17:52:07,710] Trial 1415 finished with value: 0.3108192082779823 and parameters: {'n_estimators': 897, 'max_depth': 6, 'learning_rate': 0.07529960131315419, 'subsample': 0.7687701873834962, 'colsample_bytree': 0.7172361762689432, 'min_child_weight': 2, 'gamma': 0.000846316414534361, 'reg_alpha': 0.00011481664722855121, 'reg_lambda': 0.013209522127027026}. Best is trial 1319 with value: 0.30197738672869706.
[I 2024-12-04 17:52:09,442] Trial 1416 finished with value: 0.30913817404500754 and parameters: {'n_estimators': 898, 'max_depth': 6, 'learning_rate': 0.07526691125424385, 'subsample': 0.7690684218122911, 'colsample_bytree': 0.7178124557325901, 'min_child_weight': 2, 'gamma': 0.0007802065955862226, 'reg_alpha': 0.00010847959173814602, 'reg_lambda': 0.013920684520409852}. Best is trial 1319 with value: 0.30197738672869706.
[I 2024-12-04 17:52:11,036] Trial 1417 finished with value: 0.31787424569784306 and parameters: {'n_estimators': 898, 'max_depth': 6, 'learning_rate': 0.07519316769408194, 'subsample': 0.7710962561151761, 'colsample_bytree': 0.7158430500195617, 'min_child_weight': 2, 'gamma': 0.0007918238280513761, 'reg_alpha': 0.00011988408714172741, 'reg_lambda': 0.013020918982381878}. Best is trial 1319 with value: 0.30197738672869706.
[I 2024-12-04 17:52:12,788] Trial 1418 finished with value: 0.3121952921708744 and parameters: {'n_estimators': 902, 'max_depth': 6, 'learning_rate': 0.0752638150940838, 'subsample': 0.7684100870099502, 'colsample_bytree': 0.7173052945081263, 'min_child_weight': 2, 'gamma': 0.0007424879018488455, 'reg_alpha': 9.73513266975732e-05, 'reg_lambda': 0.01474656340961708}. Best is trial 1319 with value: 0.30197738672869706.
[I 2024-12-04 17:52:14,989] Trial 1419 finished with value: 0.30979611154852665 and parameters: {'n_estimators': 898, 'max_depth': 6, 'learning_rate': 0.07570616462184977, 'subsample': 0.7694789287380853, 'colsample_bytree': 0.7177123584966036, 'min_child_weight': 2, 'gamma': 0.0008006814680725587, 'reg_alpha': 0.00010605792230447854, 'reg_lambda': 0.014822593149700953}. Best is trial 1319 with value: 0.30197738672869706.
[I 2024-12-04 17:52:16,786] Trial 1420 finished with value: 0.3109132691041433 and parameters: {'n_estimators': 898, 'max_depth': 6, 'learning_rate': 0.07594070195262836, 'subsample': 0.7684589673755227, 'colsample_bytree': 0.7188991561945856, 'min_child_weight': 2, 'gamma': 0.0008007893697278266, 'reg_alpha': 0.00011620680197229943, 'reg_lambda': 0.01487177429061724}. Best is trial 1319 with value: 0.30197738672869706.
[I 2024-12-04 17:52:18,241] Trial 1421 finished with value: 0.3121603911891947 and parameters: {'n_estimators': 906, 'max_depth': 6, 'learning_rate': 0.07482235009612899, 'subsample': 0.7696827189002864, 'colsample_bytree': 0.7172640542723409, 'min_child_weight': 2, 'gamma': 0.0008077544928943902, 'reg_alpha': 0.00010910795300448071, 'reg_lambda': 0.012696322359283745}. Best is trial 1319 with value: 0.30197738672869706.
[I 2024-12-04 17:52:19,665] Trial 1422 finished with value: 0.3096285471917259 and parameters: {'n_estimators': 904, 'max_depth': 6, 'learning_rate': 0.07474214871692644, 'subsample': 0.7696849128414941, 'colsample_bytree': 0.7167550125361777, 'min_child_weight': 2, 'gamma': 0.0008499387632743357, 'reg_alpha': 0.00010728129874326345, 'reg_lambda': 0.014102793517172366}. Best is trial 1319 with value: 0.30197738672869706.
[I 2024-12-04 17:52:21,339] Trial 1423 finished with value: 0.31350157630577974 and parameters: {'n_estimators': 904, 'max_depth': 6, 'learning_rate': 0.07501036829234427, 'subsample': 0.7698280744426556, 'colsample_bytree': 0.7185900805523106, 'min_child_weight': 2, 'gamma': 0.0008086209565404304, 'reg_alpha': 9.805878982221845e-05, 'reg_lambda': 0.014118790770434398}. Best is trial 1319 with value: 0.30197738672869706.
[I 2024-12-04 17:52:22,896] Trial 1424 finished with value: 0.31127366157796504 and parameters: {'n_estimators': 900, 'max_depth': 6, 'learning_rate': 0.07599324281209427, 'subsample': 0.7671577678549681, 'colsample_bytree': 0.717803701292585, 'min_child_weight': 2, 'gamma': 0.0007419782974409562, 'reg_alpha': 0.00011293375998025232, 'reg_lambda': 0.014321292836153954}. Best is trial 1319 with value: 0.30197738672869706.
[I 2024-12-04 17:52:24,319] Trial 1425 finished with value: 0.31211738775449255 and parameters: {'n_estimators': 898, 'max_depth': 6, 'learning_rate': 0.07504994223787292, 'subsample': 0.7697143566004987, 'colsample_bytree': 0.7183842337964994, 'min_child_weight': 2, 'gamma': 0.0008918549193610754, 'reg_alpha': 0.00010277505392630094, 'reg_lambda': 0.013655825094671309}. Best is trial 1319 with value: 0.30197738672869706.
[I 2024-12-04 17:52:25,733] Trial 1426 finished with value: 0.30731363303114334 and parameters: {'n_estimators': 897, 'max_depth': 6, 'learning_rate': 0.07578190332720602, 'subsample': 0.7687000769299993, 'colsample_bytree': 0.7188327258266127, 'min_child_weight': 2, 'gamma': 0.0008244458111072099, 'reg_alpha': 0.00012185991125277769, 'reg_lambda': 0.014705613900487321}. Best is trial 1319 with value: 0.30197738672869706.
[I 2024-12-04 17:52:27,239] Trial 1427 finished with value: 0.31481396473126727 and parameters: {'n_estimators': 902, 'max_depth': 6, 'learning_rate': 0.07504954038091224, 'subsample': 0.7681784580512775, 'colsample_bytree': 0.7195716975727574, 'min_child_weight': 2, 'gamma': 0.0008932039915055145, 'reg_alpha': 0.0001053008014020433, 'reg_lambda': 0.014239615490599126}. Best is trial 1319 with value: 0.30197738672869706.
[I 2024-12-04 17:52:28,765] Trial 1428 finished with value: 0.310147366337428 and parameters: {'n_estimators': 900, 'max_depth': 6, 'learning_rate': 0.07477560854967202, 'subsample': 0.7690669496612345, 'colsample_bytree': 0.718690209708285, 'min_child_weight': 2, 'gamma': 0.0008474212356339326, 'reg_alpha': 0.00010331498006150734, 'reg_lambda': 0.014099203066123903}. Best is trial 1319 with value: 0.30197738672869706.
[I 2024-12-04 17:52:30,465] Trial 1429 finished with value: 0.310454561927837 and parameters: {'n_estimators': 900, 'max_depth': 6, 'learning_rate': 0.07635875162560753, 'subsample': 0.7691170555364042, 'colsample_bytree': 0.7186078754382441, 'min_child_weight': 2, 'gamma': 0.0007979792468831705, 'reg_alpha': 0.0001205384169857399, 'reg_lambda': 0.013905586804940364}. Best is trial 1319 with value: 0.30197738672869706.
[I 2024-12-04 17:52:31,973] Trial 1430 finished with value: 0.31311449496370486 and parameters: {'n_estimators': 901, 'max_depth': 6, 'learning_rate': 0.07506398977526431, 'subsample': 0.7691879518844619, 'colsample_bytree': 0.7183979596804361, 'min_child_weight': 2, 'gamma': 0.0008234400964942017, 'reg_alpha': 0.00010757074344875404, 'reg_lambda': 0.015330331820435802}. Best is trial 1319 with value: 0.30197738672869706.
[I 2024-12-04 17:52:33,452] Trial 1431 finished with value: 0.313078491711805 and parameters: {'n_estimators': 894, 'max_depth': 6, 'learning_rate': 0.07508168089412394, 'subsample': 0.7688690976858056, 'colsample_bytree': 0.717275105466731, 'min_child_weight': 2, 'gamma': 0.0008449070310653137, 'reg_alpha': 0.00010710495726127759, 'reg_lambda': 0.013800222918657923}. Best is trial 1319 with value: 0.30197738672869706.
[I 2024-12-04 17:52:34,957] Trial 1432 finished with value: 0.3235576323645904 and parameters: {'n_estimators': 901, 'max_depth': 6, 'learning_rate': 0.07638484472615728, 'subsample': 0.7678885071035416, 'colsample_bytree': 0.7164805694512526, 'min_child_weight': 2, 'gamma': 0.0007993600924833399, 'reg_alpha': 0.00012354419375703077, 'reg_lambda': 0.015062762939263053}. Best is trial 1319 with value: 0.30197738672869706.
[I 2024-12-04 17:52:36,566] Trial 1433 finished with value: 0.31081686556598304 and parameters: {'n_estimators': 887, 'max_depth': 6, 'learning_rate': 0.07538627389991467, 'subsample': 0.7692664129421234, 'colsample_bytree': 0.7199821483516017, 'min_child_weight': 2, 'gamma': 0.0008685175086092617, 'reg_alpha': 0.00011382104103206546, 'reg_lambda': 0.015781414520340247}. Best is trial 1319 with value: 0.30197738672869706.
[I 2024-12-04 17:52:38,033] Trial 1434 finished with value: 0.31658871991352655 and parameters: {'n_estimators': 904, 'max_depth': 6, 'learning_rate': 0.07601435846676305, 'subsample': 0.7682165486910176, 'colsample_bytree': 0.7164777930777351, 'min_child_weight': 2, 'gamma': 0.0008125827282966861, 'reg_alpha': 0.00010768100079501638, 'reg_lambda': 0.014337762409586821}. Best is trial 1319 with value: 0.30197738672869706.
[I 2024-12-04 17:52:39,596] Trial 1435 finished with value: 0.31443317611509874 and parameters: {'n_estimators': 903, 'max_depth': 6, 'learning_rate': 0.07500217982394505, 'subsample': 0.7690452134147352, 'colsample_bytree': 0.7195834065046803, 'min_child_weight': 2, 'gamma': 0.0008724139249993392, 'reg_alpha': 0.0001085897791408027, 'reg_lambda': 0.015363388733418188}. Best is trial 1319 with value: 0.30197738672869706.
[I 2024-12-04 17:52:41,114] Trial 1436 finished with value: 0.31339101900447214 and parameters: {'n_estimators': 900, 'max_depth': 6, 'learning_rate': 0.0753776888030605, 'subsample': 0.7696759374796677, 'colsample_bytree': 0.7184786617402062, 'min_child_weight': 2, 'gamma': 0.0008782861380695618, 'reg_alpha': 0.00012045552597967756, 'reg_lambda': 0.01401786524177669}. Best is trial 1319 with value: 0.30197738672869706.
[I 2024-12-04 17:52:42,761] Trial 1437 finished with value: 0.31060431449259285 and parameters: {'n_estimators': 899, 'max_depth': 6, 'learning_rate': 0.07594336332411765, 'subsample': 0.7671272452037213, 'colsample_bytree': 0.7186669348022536, 'min_child_weight': 2, 'gamma': 0.0008491703353933947, 'reg_alpha': 0.000124492700610492, 'reg_lambda': 0.015286127372695689}. Best is trial 1319 with value: 0.30197738672869706.
[I 2024-12-04 17:52:44,186] Trial 1438 finished with value: 0.3142181125773352 and parameters: {'n_estimators': 907, 'max_depth': 6, 'learning_rate': 0.07548010644139808, 'subsample': 0.7686671672776159, 'colsample_bytree': 0.7187503988018268, 'min_child_weight': 2, 'gamma': 0.0008207792705499771, 'reg_alpha': 0.00010627109933491541, 'reg_lambda': 0.014308691249282445}. Best is trial 1319 with value: 0.30197738672869706.
[I 2024-12-04 17:52:45,804] Trial 1439 finished with value: 0.312666315194243 and parameters: {'n_estimators': 898, 'max_depth': 6, 'learning_rate': 0.07592361469361043, 'subsample': 0.7673233215997718, 'colsample_bytree': 0.7204298569317806, 'min_child_weight': 2, 'gamma': 0.0008165023521494032, 'reg_alpha': 0.00010835035092870158, 'reg_lambda': 0.01570675053866311}. Best is trial 1319 with value: 0.30197738672869706.
[I 2024-12-04 17:52:47,220] Trial 1440 finished with value: 0.31876668793091273 and parameters: {'n_estimators': 903, 'max_depth': 6, 'learning_rate': 0.07632983028557153, 'subsample': 0.7683373180926537, 'colsample_bytree': 0.718987622681301, 'min_child_weight': 2, 'gamma': 0.0007814170065739305, 'reg_alpha': 0.0001041518947183063, 'reg_lambda': 0.014293887974859677}. Best is trial 1319 with value: 0.30197738672869706.
[I 2024-12-04 17:52:48,676] Trial 1441 finished with value: 0.3154450003454527 and parameters: {'n_estimators': 897, 'max_depth': 6, 'learning_rate': 0.07631468090386974, 'subsample': 0.7686466385934895, 'colsample_bytree': 0.7198230195290637, 'min_child_weight': 2, 'gamma': 0.0008491440311904994, 'reg_alpha': 0.00012732237486130012, 'reg_lambda': 0.016226664006896173}. Best is trial 1319 with value: 0.30197738672869706.
[I 2024-12-04 17:52:50,075] Trial 1442 finished with value: 0.31572323505003 and parameters: {'n_estimators': 894, 'max_depth': 6, 'learning_rate': 0.0767576121266425, 'subsample': 0.766986027753241, 'colsample_bytree': 0.7178893919339371, 'min_child_weight': 2, 'gamma': 0.0008041568167654991, 'reg_alpha': 0.00012971173778652704, 'reg_lambda': 0.0157650287815995}. Best is trial 1319 with value: 0.30197738672869706.
[I 2024-12-04 17:52:51,456] Trial 1443 finished with value: 0.31640860418686123 and parameters: {'n_estimators': 894, 'max_depth': 6, 'learning_rate': 0.0763622503726982, 'subsample': 0.7675298723636188, 'colsample_bytree': 0.7185715449596409, 'min_child_weight': 2, 'gamma': 0.0008243171220839949, 'reg_alpha': 0.00013086186666656752, 'reg_lambda': 0.013441837279151884}. Best is trial 1319 with value: 0.30197738672869706.
[I 2024-12-04 17:52:52,878] Trial 1444 finished with value: 0.3174907880159473 and parameters: {'n_estimators': 890, 'max_depth': 6, 'learning_rate': 0.0762031284637792, 'subsample': 0.7695010967206649, 'colsample_bytree': 0.7197200580760725, 'min_child_weight': 2, 'gamma': 0.0008643800915049004, 'reg_alpha': 0.0001329067668409344, 'reg_lambda': 0.014487510388118413}. Best is trial 1319 with value: 0.30197738672869706.
[I 2024-12-04 17:52:54,259] Trial 1445 finished with value: 0.31679049684945904 and parameters: {'n_estimators': 892, 'max_depth': 6, 'learning_rate': 0.0751512786310673, 'subsample': 0.7698193598012277, 'colsample_bytree': 0.7206064438939284, 'min_child_weight': 2, 'gamma': 0.0008088116135415459, 'reg_alpha': 0.00010087760109820569, 'reg_lambda': 0.015498759000472713}. Best is trial 1319 with value: 0.30197738672869706.
[I 2024-12-04 17:52:55,637] Trial 1446 finished with value: 0.3120082491808253 and parameters: {'n_estimators': 900, 'max_depth': 6, 'learning_rate': 0.07649239664813255, 'subsample': 0.7686934377512222, 'colsample_bytree': 0.719940092530287, 'min_child_weight': 2, 'gamma': 0.0008826971004200412, 'reg_alpha': 0.00013435849522472495, 'reg_lambda': 0.014442677198627997}. Best is trial 1319 with value: 0.30197738672869706.
[I 2024-12-04 17:52:57,021] Trial 1447 finished with value: 0.3181959129881127 and parameters: {'n_estimators': 901, 'max_depth': 6, 'learning_rate': 0.07524439733271772, 'subsample': 0.769575941180775, 'colsample_bytree': 0.718772419306547, 'min_child_weight': 2, 'gamma': 0.0008347508007719845, 'reg_alpha': 0.00010378730001234644, 'reg_lambda': 0.014579124667078055}. Best is trial 1319 with value: 0.30197738672869706.
[I 2024-12-04 17:52:58,411] Trial 1448 finished with value: 0.3146576644695578 and parameters: {'n_estimators': 894, 'max_depth': 6, 'learning_rate': 0.07588887550701857, 'subsample': 0.7695000339570747, 'colsample_bytree': 0.7187518331515597, 'min_child_weight': 2, 'gamma': 0.000825531685509574, 'reg_alpha': 0.00013003370170017558, 'reg_lambda': 0.016009110484360285}. Best is trial 1319 with value: 0.30197738672869706.
[I 2024-12-04 17:52:59,875] Trial 1449 finished with value: 0.3104396697480773 and parameters: {'n_estimators': 899, 'max_depth': 6, 'learning_rate': 0.07616905768955332, 'subsample': 0.7683253222600702, 'colsample_bytree': 0.7208988402859237, 'min_child_weight': 2, 'gamma': 0.0008420871401511112, 'reg_alpha': 0.00012670548616594774, 'reg_lambda': 0.015690725201017205}. Best is trial 1319 with value: 0.30197738672869706.
[I 2024-12-04 17:53:01,261] Trial 1450 finished with value: 0.31550131984205015 and parameters: {'n_estimators': 900, 'max_depth': 6, 'learning_rate': 0.07571314150939563, 'subsample': 0.7680400144693287, 'colsample_bytree': 0.719287482619003, 'min_child_weight': 2, 'gamma': 0.0009067433489112491, 'reg_alpha': 0.00013176087458696963, 'reg_lambda': 0.014144148183340274}. Best is trial 1319 with value: 0.30197738672869706.
[I 2024-12-04 17:53:02,661] Trial 1451 finished with value: 0.32234976424853784 and parameters: {'n_estimators': 900, 'max_depth': 6, 'learning_rate': 0.07674124411449411, 'subsample': 0.7679821515846736, 'colsample_bytree': 0.718958642278303, 'min_child_weight': 2, 'gamma': 0.000799014676380789, 'reg_alpha': 0.00014079336236668972, 'reg_lambda': 0.01504869226488873}. Best is trial 1319 with value: 0.30197738672869706.
[I 2024-12-04 17:53:04,095] Trial 1452 finished with value: 0.3142332083978737 and parameters: {'n_estimators': 905, 'max_depth': 6, 'learning_rate': 0.07534217439823754, 'subsample': 0.7684731071855931, 'colsample_bytree': 0.7215665969731879, 'min_child_weight': 2, 'gamma': 0.0007887689396102916, 'reg_alpha': 0.00010789639994613849, 'reg_lambda': 0.015513318222394266}. Best is trial 1319 with value: 0.30197738672869706.
[I 2024-12-04 17:53:05,525] Trial 1453 finished with value: 0.3138667724692183 and parameters: {'n_estimators': 892, 'max_depth': 6, 'learning_rate': 0.07464008361282495, 'subsample': 0.7681863859010529, 'colsample_bytree': 0.7198142030566669, 'min_child_weight': 2, 'gamma': 0.0007618961905938544, 'reg_alpha': 0.00010293640132298243, 'reg_lambda': 0.01286718059345583}. Best is trial 1319 with value: 0.30197738672869706.
[I 2024-12-04 17:53:07,069] Trial 1454 finished with value: 0.31973294327123475 and parameters: {'n_estimators': 890, 'max_depth': 6, 'learning_rate': 0.07569839145856419, 'subsample': 0.7681076404195619, 'colsample_bytree': 0.7198361618689192, 'min_child_weight': 2, 'gamma': 0.0008717336287026317, 'reg_alpha': 0.00013257843056287957, 'reg_lambda': 0.015313843634597563}. Best is trial 1319 with value: 0.30197738672869706.
[I 2024-12-04 17:53:08,499] Trial 1455 finished with value: 0.3147753488552983 and parameters: {'n_estimators': 899, 'max_depth': 6, 'learning_rate': 0.07539246289713174, 'subsample': 0.7684799246214027, 'colsample_bytree': 0.7207514231660628, 'min_child_weight': 2, 'gamma': 0.0007998732826921151, 'reg_alpha': 0.00010601094525209136, 'reg_lambda': 0.015946116605396944}. Best is trial 1319 with value: 0.30197738672869706.
[I 2024-12-04 17:53:10,052] Trial 1456 finished with value: 0.3259569491691541 and parameters: {'n_estimators': 901, 'max_depth': 6, 'learning_rate': 0.0768742324209173, 'subsample': 0.7692581666836532, 'colsample_bytree': 0.7211269850203, 'min_child_weight': 2, 'gamma': 0.000864001206556958, 'reg_alpha': 0.00013428861603168027, 'reg_lambda': 0.01748673479037697}. Best is trial 1319 with value: 0.30197738672869706.
