[I 2024-12-19 20:59:04,221] Trial 1708 finished with value: 1.6842730045318604 and parameters: {'mlp_n_layers': 3, 'mlp_dim_00': 439, 'mlp_dim_01': 450, 'mlp_dim_02': 388, 'node_hidden_dim': 121, 'edge_hidden_dim': 32, 'depth': 3, 'rep_dropout': 0.07707942729492197, 'train_learning_rate': 0.00011608644982223168, 'train_lr_reduce': 0.6}. Best is trial 122 with value: 0.09548358619213104.
[I 2024-12-19 20:59:10,766] Trial 1704 finished with value: 0.14614753425121307 and parameters: {'mlp_n_layers': 2, 'mlp_dim_00': 217, 'mlp_dim_01': 274, 'node_hidden_dim': 75, 'edge_hidden_dim': 49, 'depth': 3, 'rep_dropout': 0.0597653353881441, 'train_learning_rate': 0.0054792039381090065, 'train_lr_reduce': 0.6}. Best is trial 122 with value: 0.09548358619213104.
[I 2024-12-19 20:59:25,812] Trial 1710 finished with value: 0.2702127993106842 and parameters: {'mlp_n_layers': 4, 'mlp_dim_00': 223, 'mlp_dim_01': 211, 'mlp_dim_02': 346, 'mlp_dim_03': 267, 'node_hidden_dim': 74, 'edge_hidden_dim': 45, 'depth': 1, 'rep_dropout': 0.08083901584493178, 'train_learning_rate': 0.0013794322715082502, 'train_lr_reduce': 0.6}. Best is trial 122 with value: 0.09548358619213104.
[I 2024-12-19 20:59:25,816] Trial 1706 finished with value: 0.2701185345649719 and parameters: {'mlp_n_layers': 4, 'mlp_dim_00': 498, 'mlp_dim_01': 112, 'mlp_dim_02': 319, 'mlp_dim_03': 482, 'node_hidden_dim': 87, 'edge_hidden_dim': 57, 'depth': 1, 'rep_dropout': 0.10922791561873643, 'train_learning_rate': 0.0037275543632124715, 'train_lr_reduce': 0.6}. Best is trial 122 with value: 0.09548358619213104.
[I 2024-12-19 20:59:25,831] Trial 1709 finished with value: 0.2509002387523651 and parameters: {'mlp_n_layers': 4, 'mlp_dim_00': 489, 'mlp_dim_01': 325, 'mlp_dim_02': 436, 'mlp_dim_03': 403, 'node_hidden_dim': 93, 'edge_hidden_dim': 35, 'depth': 1, 'rep_dropout': 0.0917732064467563, 'train_learning_rate': 0.0027910281258770714, 'train_lr_reduce': 0.6}. Best is trial 122 with value: 0.09548358619213104.
[I 2024-12-19 20:59:29,882] Trial 1712 finished with value: 1.6213486194610596 and parameters: {'mlp_n_layers': 4, 'mlp_dim_00': 396, 'mlp_dim_01': 413, 'mlp_dim_02': 371, 'mlp_dim_03': 440, 'node_hidden_dim': 49, 'edge_hidden_dim': 36, 'depth': 1, 'rep_dropout': 0.08011772548026883, 'train_learning_rate': 0.0018299943970099947, 'train_lr_reduce': 0.6}. Best is trial 122 with value: 0.09548358619213104.
[I 2024-12-19 20:59:31,085] Trial 1711 finished with value: 1.6710456609725952 and parameters: {'mlp_n_layers': 4, 'mlp_dim_00': 288, 'mlp_dim_01': 512, 'mlp_dim_02': 445, 'mlp_dim_03': 474, 'node_hidden_dim': 78, 'edge_hidden_dim': 59, 'depth': 1, 'rep_dropout': 0.09692716672766072, 'train_learning_rate': 0.0009963877106921029, 'train_lr_reduce': 0.6}. Best is trial 122 with value: 0.09548358619213104.
[I 2024-12-19 20:59:50,699] Trial 1713 finished with value: 0.17477542161941528 and parameters: {'mlp_n_layers': 4, 'mlp_dim_00': 391, 'mlp_dim_01': 293, 'mlp_dim_02': 374, 'mlp_dim_03': 371, 'node_hidden_dim': 56, 'edge_hidden_dim': 34, 'depth': 1, 'rep_dropout': 0.09348420105297311, 'train_learning_rate': 0.00379592488459101, 'train_lr_reduce': 0.6}. Best is trial 122 with value: 0.09548358619213104.
[I 2024-12-19 20:59:56,437] Trial 1716 finished with value: 1.6292400360107422 and parameters: {'mlp_n_layers': 4, 'mlp_dim_00': 340, 'mlp_dim_01': 394, 'mlp_dim_02': 479, 'mlp_dim_03': 512, 'node_hidden_dim': 85, 'edge_hidden_dim': 50, 'depth': 2, 'rep_dropout': 0.1043060763186372, 'train_learning_rate': 0.0019329624819407316, 'train_lr_reduce': 0.6}. Best is trial 122 with value: 0.09548358619213104.
[I 2024-12-19 21:00:11,575] Trial 1715 finished with value: 0.11111725121736526 and parameters: {'mlp_n_layers': 4, 'mlp_dim_00': 416, 'mlp_dim_01': 454, 'mlp_dim_02': 400, 'mlp_dim_03': 317, 'node_hidden_dim': 79, 'edge_hidden_dim': 33, 'depth': 1, 'rep_dropout': 0.04554159368270804, 'train_learning_rate': 0.0007667769790682475, 'train_lr_reduce': 0.6}. Best is trial 122 with value: 0.09548358619213104.
[I 2024-12-19 21:00:12,275] Trial 1714 finished with value: 0.11845524609088898 and parameters: {'mlp_n_layers': 4, 'mlp_dim_00': 501, 'mlp_dim_01': 363, 'mlp_dim_02': 309, 'mlp_dim_03': 442, 'node_hidden_dim': 70, 'edge_hidden_dim': 58, 'depth': 1, 'rep_dropout': 0.11024227910022236, 'train_learning_rate': 0.001380232569600905, 'train_lr_reduce': 0.6}. Best is trial 122 with value: 0.09548358619213104.
[I 2024-12-19 21:00:16,460] Trial 1718 finished with value: 1.6204705238342285 and parameters: {'mlp_n_layers': 4, 'mlp_dim_00': 510, 'mlp_dim_01': 332, 'mlp_dim_02': 512, 'mlp_dim_03': 402, 'node_hidden_dim': 45, 'edge_hidden_dim': 33, 'depth': 1, 'rep_dropout': 0.09223763506395902, 'train_learning_rate': 0.001873289862735054, 'train_lr_reduce': 0.6}. Best is trial 122 with value: 0.09548358619213104.
[I 2024-12-19 21:00:17,800] Trial 1719 finished with value: 1.6824592351913452 and parameters: {'mlp_n_layers': 4, 'mlp_dim_00': 482, 'mlp_dim_01': 438, 'mlp_dim_02': 429, 'mlp_dim_03': 451, 'node_hidden_dim': 91, 'edge_hidden_dim': 44, 'depth': 1, 'rep_dropout': 0.0813615253642127, 'train_learning_rate': 0.00021152713971899086, 'train_lr_reduce': 0.6}. Best is trial 122 with value: 0.09548358619213104.
[I 2024-12-19 21:00:22,085] Trial 1720 finished with value: 1.6300175189971924 and parameters: {'mlp_n_layers': 2, 'mlp_dim_00': 421, 'mlp_dim_01': 280, 'node_hidden_dim': 117, 'edge_hidden_dim': 108, 'depth': 4, 'rep_dropout': 0.08385353845036714, 'train_learning_rate': 0.0012969476101308969, 'train_lr_reduce': 0.6}. Best is trial 122 with value: 0.09548358619213104.
[I 2024-12-19 21:00:40,832] Trial 1717 finished with value: 0.1217048242688179 and parameters: {'mlp_n_layers': 4, 'mlp_dim_00': 432, 'mlp_dim_01': 512, 'mlp_dim_02': 214, 'mlp_dim_03': 202, 'node_hidden_dim': 82, 'edge_hidden_dim': 61, 'depth': 1, 'rep_dropout': 0.09581780274499356, 'train_learning_rate': 0.00044971274321426976, 'train_lr_reduce': 0.6}. Best is trial 122 with value: 0.09548358619213104.
[I 2024-12-19 21:00:46,397] Trial 1723 finished with value: 1.6528791189193726 and parameters: {'mlp_n_layers': 3, 'mlp_dim_00': 502, 'mlp_dim_01': 323, 'mlp_dim_02': 480, 'node_hidden_dim': 70, 'edge_hidden_dim': 54, 'depth': 2, 'rep_dropout': 0.14329249135786654, 'train_learning_rate': 0.0011407635680136345, 'train_lr_reduce': 0.6}. Best is trial 122 with value: 0.09548358619213104.
[I 2024-12-19 21:00:52,250] Trial 1724 finished with value: 1.683820128440857 and parameters: {'mlp_n_layers': 2, 'mlp_dim_00': 84, 'mlp_dim_01': 410, 'node_hidden_dim': 75, 'edge_hidden_dim': 47, 'depth': 2, 'rep_dropout': 0.005696598001975722, 'train_learning_rate': 0.0003608877249980937, 'train_lr_reduce': 0.6}. Best is trial 122 with value: 0.09548358619213104.
[I 2024-12-19 21:00:57,070] Trial 1721 finished with value: 0.0979982241988182 and parameters: {'mlp_n_layers': 4, 'mlp_dim_00': 316, 'mlp_dim_01': 368, 'mlp_dim_02': 331, 'mlp_dim_03': 372, 'node_hidden_dim': 51, 'edge_hidden_dim': 72, 'depth': 1, 'rep_dropout': 0.11637529495505546, 'train_learning_rate': 0.0003506478194622507, 'train_lr_reduce': 0.6}. Best is trial 122 with value: 0.09548358619213104.
[I 2024-12-19 21:00:57,417] Trial 1725 finished with value: 1.668261170387268 and parameters: {'mlp_n_layers': 4, 'mlp_dim_00': 452, 'mlp_dim_01': 250, 'mlp_dim_02': 408, 'mlp_dim_03': 412, 'node_hidden_dim': 106, 'edge_hidden_dim': 55, 'depth': 1, 'rep_dropout': 0.14806698902409673, 'train_learning_rate': 0.0002524196491593829, 'train_lr_reduce': 0.6}. Best is trial 122 with value: 0.09548358619213104.
[I 2024-12-19 21:01:03,044] Trial 1727 finished with value: 1.6764978170394897 and parameters: {'mlp_n_layers': 4, 'mlp_dim_00': 329, 'mlp_dim_01': 323, 'mlp_dim_02': 245, 'mlp_dim_03': 348, 'node_hidden_dim': 38, 'edge_hidden_dim': 72, 'depth': 1, 'rep_dropout': 0.07957691054120342, 'train_learning_rate': 0.0005430427356194251, 'train_lr_reduce': 0.6}. Best is trial 122 with value: 0.09548358619213104.
[I 2024-12-19 21:01:06,407] Trial 1722 finished with value: 0.28776735067367554 and parameters: {'mlp_n_layers': 4, 'mlp_dim_00': 372, 'mlp_dim_01': 478, 'mlp_dim_02': 287, 'mlp_dim_03': 472, 'node_hidden_dim': 85, 'edge_hidden_dim': 57, 'depth': 1, 'rep_dropout': 0.09356394792025899, 'train_learning_rate': 0.0010194154735067378, 'train_lr_reduce': 0.6}. Best is trial 122 with value: 0.09548358619213104.
[I 2024-12-19 21:01:13,413] Trial 1729 finished with value: 1.6704713106155396 and parameters: {'mlp_n_layers': 4, 'mlp_dim_00': 319, 'mlp_dim_01': 348, 'mlp_dim_02': 478, 'mlp_dim_03': 344, 'node_hidden_dim': 40, 'edge_hidden_dim': 67, 'depth': 1, 'rep_dropout': 0.12083458388733506, 'train_learning_rate': 0.0003846836168509721, 'train_lr_reduce': 0.6}. Best is trial 122 with value: 0.09548358619213104.
[I 2024-12-19 21:01:42,980] Trial 1726 finished with value: 0.1537698358297348 and parameters: {'mlp_n_layers': 3, 'mlp_dim_00': 198, 'mlp_dim_01': 336, 'mlp_dim_02': 296, 'node_hidden_dim': 77, 'edge_hidden_dim': 89, 'depth': 1, 'rep_dropout': 0.1303966896819143, 'train_learning_rate': 0.0008002826014928784, 'train_lr_reduce': 0.6}. Best is trial 122 with value: 0.09548358619213104.
[I 2024-12-19 21:01:46,588] Trial 1728 finished with value: 0.10736699402332306 and parameters: {'mlp_n_layers': 4, 'mlp_dim_00': 391, 'mlp_dim_01': 348, 'mlp_dim_02': 333, 'mlp_dim_03': 344, 'node_hidden_dim': 62, 'edge_hidden_dim': 91, 'depth': 1, 'rep_dropout': 0.11944304919364172, 'train_learning_rate': 0.00045406969244210255, 'train_lr_reduce': 0.6}. Best is trial 122 with value: 0.09548358619213104.
[I 2024-12-19 21:01:51,827] Trial 1732 finished with value: 1.6629730463027954 and parameters: {'mlp_n_layers': 2, 'mlp_dim_00': 510, 'mlp_dim_01': 272, 'node_hidden_dim': 56, 'edge_hidden_dim': 92, 'depth': 2, 'rep_dropout': 0.03484645353319735, 'train_learning_rate': 0.0001106324730252521, 'train_lr_reduce': 0.6}. Best is trial 122 with value: 0.09548358619213104.
[I 2024-12-19 21:01:55,523] Trial 1730 finished with value: 0.1382986307144165 and parameters: {'mlp_n_layers': 4, 'mlp_dim_00': 282, 'mlp_dim_01': 352, 'mlp_dim_02': 333, 'mlp_dim_03': 357, 'node_hidden_dim': 46, 'edge_hidden_dim': 83, 'depth': 1, 'rep_dropout': 0.1153623090768782, 'train_learning_rate': 0.00043782117949395927, 'train_lr_reduce': 0.6}. Best is trial 122 with value: 0.09548358619213104.
[I 2024-12-19 21:01:57,457] Trial 1733 finished with value: 1.6696408987045288 and parameters: {'mlp_n_layers': 3, 'mlp_dim_00': 455, 'mlp_dim_01': 298, 'mlp_dim_02': 152, 'node_hidden_dim': 94, 'edge_hidden_dim': 64, 'depth': 1, 'rep_dropout': 0.08872558943293249, 'train_learning_rate': 0.00028641913614172414, 'train_lr_reduce': 0.6}. Best is trial 122 with value: 0.09548358619213104.
[I 2024-12-19 21:01:59,819] Trial 1734 finished with value: 1.6795192956924438 and parameters: {'mlp_n_layers': 4, 'mlp_dim_00': 319, 'mlp_dim_01': 357, 'mlp_dim_02': 261, 'mlp_dim_03': 368, 'node_hidden_dim': 72, 'edge_hidden_dim': 79, 'depth': 1, 'rep_dropout': 0.11971858994943438, 'train_learning_rate': 0.00012400869239220598, 'train_lr_reduce': 0.6}. Best is trial 122 with value: 0.09548358619213104.
[I 2024-12-19 21:02:01,968] Trial 1735 finished with value: 1.676243543624878 and parameters: {'mlp_n_layers': 4, 'mlp_dim_00': 337, 'mlp_dim_01': 364, 'mlp_dim_02': 367, 'mlp_dim_03': 315, 'node_hidden_dim': 62, 'edge_hidden_dim': 72, 'depth': 1, 'rep_dropout': 0.08548465033708792, 'train_learning_rate': 0.00023678669872418922, 'train_lr_reduce': 0.6}. Best is trial 122 with value: 0.09548358619213104.
[I 2024-12-19 21:02:04,504] Trial 1736 finished with value: 1.6554913520812988 and parameters: {'mlp_n_layers': 3, 'mlp_dim_00': 298, 'mlp_dim_01': 300, 'mlp_dim_02': 404, 'node_hidden_dim': 52, 'edge_hidden_dim': 70, 'depth': 1, 'rep_dropout': 0.11594355268960545, 'train_learning_rate': 0.0007624945333807269, 'train_lr_reduce': 0.6}. Best is trial 122 with value: 0.09548358619213104.
[I 2024-12-19 21:02:09,907] Trial 1738 finished with value: 1.6769224405288696 and parameters: {'mlp_n_layers': 4, 'mlp_dim_00': 417, 'mlp_dim_01': 482, 'mlp_dim_02': 317, 'mlp_dim_03': 367, 'node_hidden_dim': 74, 'edge_hidden_dim': 73, 'depth': 1, 'rep_dropout': 0.1493522471392142, 'train_learning_rate': 0.00029429016659062547, 'train_lr_reduce': 0.6}. Best is trial 122 with value: 0.09548358619213104.
[I 2024-12-19 21:02:16,783] Trial 1737 finished with value: 1.3087958097457886 and parameters: {'mlp_n_layers': 4, 'mlp_dim_00': 369, 'mlp_dim_01': 371, 'mlp_dim_02': 446, 'mlp_dim_03': 371, 'node_hidden_dim': 38, 'edge_hidden_dim': 67, 'depth': 2, 'rep_dropout': 0.122302466403816, 'train_learning_rate': 0.0006069115080922381, 'train_lr_reduce': 0.6}. Best is trial 122 with value: 0.09548358619213104.
[I 2024-12-19 21:02:17,817] Trial 1739 finished with value: 1.4069033861160278 and parameters: {'mlp_n_layers': 4, 'mlp_dim_00': 227, 'mlp_dim_01': 309, 'mlp_dim_02': 477, 'mlp_dim_03': 320, 'node_hidden_dim': 99, 'edge_hidden_dim': 74, 'depth': 2, 'rep_dropout': 0.08084881323331766, 'train_learning_rate': 0.002806889480097894, 'train_lr_reduce': 0.6}. Best is trial 122 with value: 0.09548358619213104.
[I 2024-12-19 21:02:22,366] Trial 1741 finished with value: 1.645909309387207 and parameters: {'mlp_n_layers': 1, 'mlp_dim_00': 325, 'node_hidden_dim': 86, 'edge_hidden_dim': 126, 'depth': 1, 'rep_dropout': 0.1124644320426684, 'train_learning_rate': 0.00012266163206657162, 'train_lr_reduce': 0.6}. Best is trial 122 with value: 0.09548358619213104.
[I 2024-12-19 21:02:23,875] Trial 1731 finished with value: 0.12543833255767822 and parameters: {'mlp_n_layers': 3, 'mlp_dim_00': 493, 'mlp_dim_01': 317, 'mlp_dim_02': 443, 'node_hidden_dim': 81, 'edge_hidden_dim': 33, 'depth': 1, 'rep_dropout': 0.10990430652036143, 'train_learning_rate': 0.0011479224422512617, 'train_lr_reduce': 0.6}. Best is trial 122 with value: 0.09548358619213104.
[I 2024-12-19 21:02:27,639] Trial 1742 finished with value: 1.6804773807525635 and parameters: {'mlp_n_layers': 4, 'mlp_dim_00': 288, 'mlp_dim_01': 372, 'mlp_dim_02': 411, 'mlp_dim_03': 381, 'node_hidden_dim': 53, 'edge_hidden_dim': 80, 'depth': 1, 'rep_dropout': 0.12013177714928287, 'train_learning_rate': 0.0004047005286657582, 'train_lr_reduce': 0.6}. Best is trial 122 with value: 0.09548358619213104.
[I 2024-12-19 21:02:28,021] Trial 1743 finished with value: 1.6688746213912964 and parameters: {'mlp_n_layers': 3, 'mlp_dim_00': 440, 'mlp_dim_01': 484, 'mlp_dim_02': 288, 'node_hidden_dim': 79, 'edge_hidden_dim': 55, 'depth': 1, 'rep_dropout': 0.11678580122170874, 'train_learning_rate': 0.0005273638488045177, 'train_lr_reduce': 0.6}. Best is trial 122 with value: 0.09548358619213104.
[I 2024-12-19 21:02:32,014] Trial 1744 finished with value: 1.5627729892730713 and parameters: {'mlp_n_layers': 1, 'mlp_dim_00': 451, 'node_hidden_dim': 101, 'edge_hidden_dim': 84, 'depth': 2, 'rep_dropout': 0.004913240784394646, 'train_learning_rate': 0.0010088183894842297, 'train_lr_reduce': 0.6}. Best is trial 122 with value: 0.09548358619213104.
[I 2024-12-19 21:02:32,761] Trial 1745 finished with value: 1.6839338541030884 and parameters: {'mlp_n_layers': 4, 'mlp_dim_00': 219, 'mlp_dim_01': 305, 'mlp_dim_02': 474, 'mlp_dim_03': 322, 'node_hidden_dim': 55, 'edge_hidden_dim': 78, 'depth': 1, 'rep_dropout': 0.11809041193390026, 'train_learning_rate': 0.00016909740341941926, 'train_lr_reduce': 0.6}. Best is trial 122 with value: 0.09548358619213104.
[I 2024-12-19 21:02:46,651] Trial 1747 finished with value: 0.34389761090278625 and parameters: {'mlp_n_layers': 4, 'mlp_dim_00': 335, 'mlp_dim_01': 235, 'mlp_dim_02': 372, 'mlp_dim_03': 370, 'node_hidden_dim': 88, 'edge_hidden_dim': 49, 'depth': 1, 'rep_dropout': 0.10081698113794992, 'train_learning_rate': 0.001429965259556839, 'train_lr_reduce': 0.6}. Best is trial 122 with value: 0.09548358619213104.
[I 2024-12-19 21:02:52,666] Trial 1746 finished with value: 0.33938026428222656 and parameters: {'mlp_n_layers': 1, 'mlp_dim_00': 87, 'node_hidden_dim': 61, 'edge_hidden_dim': 74, 'depth': 1, 'rep_dropout': 0.11366757341590358, 'train_learning_rate': 0.007095559379538449, 'train_lr_reduce': 0.6}. Best is trial 122 with value: 0.09548358619213104.
[I 2024-12-19 21:02:57,058] Trial 1740 finished with value: 0.12269982695579529 and parameters: {'mlp_n_layers': 3, 'mlp_dim_00': 399, 'mlp_dim_01': 326, 'mlp_dim_02': 355, 'node_hidden_dim': 90, 'edge_hidden_dim': 39, 'depth': 1, 'rep_dropout': 0.12716200429740887, 'train_learning_rate': 0.0014148313268072324, 'train_lr_reduce': 0.6}. Best is trial 122 with value: 0.09548358619213104.
[I 2024-12-19 21:03:03,476] Trial 1750 finished with value: 1.6279222965240479 and parameters: {'mlp_n_layers': 1, 'mlp_dim_00': 408, 'node_hidden_dim': 99, 'edge_hidden_dim': 42, 'depth': 4, 'rep_dropout': 0.03688153342596812, 'train_learning_rate': 0.0024095342058177813, 'train_lr_reduce': 0.6}. Best is trial 122 with value: 0.09548358619213104.
[I 2024-12-19 21:03:11,230] Trial 1751 finished with value: 1.688579797744751 and parameters: {'mlp_n_layers': 4, 'mlp_dim_00': 265, 'mlp_dim_01': 271, 'mlp_dim_02': 334, 'mlp_dim_03': 388, 'node_hidden_dim': 36, 'edge_hidden_dim': 55, 'depth': 1, 'rep_dropout': 0.10157811281437251, 'train_learning_rate': 0.0002298883563782487, 'train_lr_reduce': 0.6}. Best is trial 122 with value: 0.09548358619213104.
[I 2024-12-19 21:03:35,976] Trial 1748 finished with value: 0.18571795523166656 and parameters: {'mlp_n_layers': 4, 'mlp_dim_00': 293, 'mlp_dim_01': 349, 'mlp_dim_02': 439, 'mlp_dim_03': 361, 'node_hidden_dim': 69, 'edge_hidden_dim': 61, 'depth': 1, 'rep_dropout': 0.12071368664797669, 'train_learning_rate': 0.001199671681615672, 'train_lr_reduce': 0.6}. Best is trial 122 with value: 0.09548358619213104.
[I 2024-12-19 21:03:39,645] Trial 1749 finished with value: 0.1102372482419014 and parameters: {'mlp_n_layers': 4, 'mlp_dim_00': 283, 'mlp_dim_01': 486, 'mlp_dim_02': 184, 'mlp_dim_03': 299, 'node_hidden_dim': 76, 'edge_hidden_dim': 77, 'depth': 1, 'rep_dropout': 0.11788118087238662, 'train_learning_rate': 0.0004450350789612223, 'train_lr_reduce': 0.6}. Best is trial 122 with value: 0.09548358619213104.
[I 2024-12-19 21:03:40,337] Trial 1753 finished with value: 1.6746474504470825 and parameters: {'mlp_n_layers': 3, 'mlp_dim_00': 341, 'mlp_dim_01': 512, 'mlp_dim_02': 400, 'node_hidden_dim': 77, 'edge_hidden_dim': 48, 'depth': 1, 'rep_dropout': 0.09460289687967838, 'train_learning_rate': 0.0003732039137291792, 'train_lr_reduce': 0.6}. Best is trial 122 with value: 0.09548358619213104.
[I 2024-12-19 21:03:45,669] Trial 1755 finished with value: 1.6759555339813232 and parameters: {'mlp_n_layers': 4, 'mlp_dim_00': 336, 'mlp_dim_01': 336, 'mlp_dim_02': 446, 'mlp_dim_03': 387, 'node_hidden_dim': 57, 'edge_hidden_dim': 63, 'depth': 1, 'rep_dropout': 0.14123025061178196, 'train_learning_rate': 0.00023997775222104917, 'train_lr_reduce': 0.6}. Best is trial 122 with value: 0.09548358619213104.
[I 2024-12-19 21:03:50,517] Trial 1756 finished with value: 1.6597009897232056 and parameters: {'mlp_n_layers': 3, 'mlp_dim_00': 271, 'mlp_dim_01': 288, 'mlp_dim_02': 295, 'node_hidden_dim': 58, 'edge_hidden_dim': 70, 'depth': 1, 'rep_dropout': 0.120204121801706, 'train_learning_rate': 0.00017514009711581624, 'train_lr_reduce': 0.6}. Best is trial 122 with value: 0.09548358619213104.
[I 2024-12-19 21:03:51,240] Trial 1752 finished with value: 0.11205349117517471 and parameters: {'mlp_n_layers': 3, 'mlp_dim_00': 495, 'mlp_dim_01': 374, 'mlp_dim_02': 511, 'node_hidden_dim': 92, 'edge_hidden_dim': 48, 'depth': 1, 'rep_dropout': 0.1433894568441388, 'train_learning_rate': 0.0012799495595344716, 'train_lr_reduce': 0.6}. Best is trial 122 with value: 0.09548358619213104.
[I 2024-12-19 21:03:55,118] Trial 1757 finished with value: 1.5590579509735107 and parameters: {'mlp_n_layers': 1, 'mlp_dim_00': 219, 'node_hidden_dim': 90, 'edge_hidden_dim': 45, 'depth': 2, 'rep_dropout': 0.10508882837017017, 'train_learning_rate': 0.001596460628086064, 'train_lr_reduce': 0.6}. Best is trial 122 with value: 0.09548358619213104.
[I 2024-12-19 21:03:59,861] Trial 1759 finished with value: 1.5998324155807495 and parameters: {'mlp_n_layers': 3, 'mlp_dim_00': 397, 'mlp_dim_01': 478, 'mlp_dim_02': 381, 'node_hidden_dim': 87, 'edge_hidden_dim': 56, 'depth': 1, 'rep_dropout': 0.12721716196089877, 'train_learning_rate': 0.0012923918717445153, 'train_lr_reduce': 0.6}. Best is trial 122 with value: 0.09548358619213104.
[I 2024-12-19 21:04:07,365] Trial 1760 finished with value: 1.6868135929107666 and parameters: {'mlp_n_layers': 4, 'mlp_dim_00': 408, 'mlp_dim_01': 328, 'mlp_dim_02': 411, 'mlp_dim_03': 387, 'node_hidden_dim': 87, 'edge_hidden_dim': 95, 'depth': 2, 'rep_dropout': 0.13665592128197132, 'train_learning_rate': 0.00021249796702251628, 'train_lr_reduce': 0.6}. Best is trial 122 with value: 0.09548358619213104.
[I 2024-12-19 21:04:13,501] Trial 1761 finished with value: 1.5735770463943481 and parameters: {'mlp_n_layers': 4, 'mlp_dim_00': 481, 'mlp_dim_01': 392, 'mlp_dim_02': 332, 'mlp_dim_03': 340, 'node_hidden_dim': 100, 'edge_hidden_dim': 57, 'depth': 4, 'rep_dropout': 0.10897880750878419, 'train_learning_rate': 0.0066665613664172885, 'train_lr_reduce': 0.6}. Best is trial 122 with value: 0.09548358619213104.
[I 2024-12-19 21:04:18,382] Trial 1762 finished with value: 1.6891456842422485 and parameters: {'mlp_n_layers': 4, 'mlp_dim_00': 384, 'mlp_dim_01': 443, 'mlp_dim_02': 511, 'mlp_dim_03': 106, 'node_hidden_dim': 71, 'edge_hidden_dim': 65, 'depth': 1, 'rep_dropout': 0.09576364826578508, 'train_learning_rate': 0.0001969466703037312, 'train_lr_reduce': 0.6}. Best is trial 122 with value: 0.09548358619213104.
