[I 2024-12-15 16:03:09,028] Trial 938 finished with value: 0.27573883533477783 and parameters: {'mlp_n_layers': 4, 'mlp_dim_00': 208, 'mlp_dim_01': 240, 'mlp_dim_02': 176, 'mlp_dim_03': 96, 'hidden_channels': 192, 'num_layers': 2, 'num_timesteps': 4, 'dropout': 0.07105718626553133, 'train_learning_rate': 0.0028611239827768136, 'train_lr_reduce': 0.6}. Best is trial 632 with value: 0.13978464901447296.
[I 2024-12-15 16:03:13,719] Trial 939 finished with value: 0.1963391900062561 and parameters: {'mlp_n_layers': 3, 'mlp_dim_00': 144, 'mlp_dim_01': 192, 'mlp_dim_02': 192, 'hidden_channels': 256, 'num_layers': 1, 'num_timesteps': 4, 'dropout': 0.043728508388370724, 'train_learning_rate': 0.0028037779889776163, 'train_lr_reduce': 0.6}. Best is trial 632 with value: 0.13978464901447296.
[I 2024-12-15 16:03:15,811] Trial 940 finished with value: 0.1828279048204422 and parameters: {'mlp_n_layers': 4, 'mlp_dim_00': 128, 'mlp_dim_01': 240, 'mlp_dim_02': 224, 'mlp_dim_03': 64, 'hidden_channels': 192, 'num_layers': 1, 'num_timesteps': 4, 'dropout': 0.05118446567643791, 'train_learning_rate': 0.0014098108569985778, 'train_lr_reduce': 0.6}. Best is trial 632 with value: 0.13978464901447296.
[I 2024-12-15 16:03:18,991] Trial 941 finished with value: 0.1684381514787674 and parameters: {'mlp_n_layers': 4, 'mlp_dim_00': 160, 'mlp_dim_01': 256, 'mlp_dim_02': 176, 'mlp_dim_03': 112, 'hidden_channels': 224, 'num_layers': 1, 'num_timesteps': 4, 'dropout': 0.07228176250756557, 'train_learning_rate': 0.0012312550160760913, 'train_lr_reduce': 0.6}. Best is trial 632 with value: 0.13978464901447296.
[I 2024-12-15 16:03:20,764] Trial 942 finished with value: 0.18930140137672424 and parameters: {'mlp_n_layers': 4, 'mlp_dim_00': 176, 'mlp_dim_01': 256, 'mlp_dim_02': 208, 'mlp_dim_03': 96, 'hidden_channels': 240, 'num_layers': 1, 'num_timesteps': 4, 'dropout': 0.050744193803236026, 'train_learning_rate': 0.004152374980442131, 'train_lr_reduce': 0.6}. Best is trial 632 with value: 0.13978464901447296.
[I 2024-12-15 16:03:26,014] Trial 944 finished with value: 0.1561693549156189 and parameters: {'mlp_n_layers': 3, 'mlp_dim_00': 144, 'mlp_dim_01': 160, 'mlp_dim_02': 176, 'hidden_channels': 224, 'num_layers': 1, 'num_timesteps': 2, 'dropout': 0.02430737318063332, 'train_learning_rate': 0.002634751729706616, 'train_lr_reduce': 0.6}. Best is trial 632 with value: 0.13978464901447296.
[I 2024-12-15 16:03:30,380] Trial 945 finished with value: 0.22386805713176727 and parameters: {'mlp_n_layers': 3, 'mlp_dim_00': 256, 'mlp_dim_01': 176, 'mlp_dim_02': 176, 'hidden_channels': 240, 'num_layers': 2, 'num_timesteps': 3, 'dropout': 0.014959636235660184, 'train_learning_rate': 0.009213075134871034, 'train_lr_reduce': 0.6}. Best is trial 632 with value: 0.13978464901447296.
[I 2024-12-15 16:03:32,049] Trial 943 finished with value: 0.22828544676303864 and parameters: {'mlp_n_layers': 2, 'mlp_dim_00': 256, 'mlp_dim_01': 32, 'hidden_channels': 112, 'num_layers': 1, 'num_timesteps': 3, 'dropout': 0.2841588345685432, 'train_learning_rate': 0.0003537927937665776, 'train_lr_reduce': 0.6}. Best is trial 632 with value: 0.13978464901447296.
[I 2024-12-15 16:03:41,644] Trial 946 finished with value: 0.23043271899223328 and parameters: {'mlp_n_layers': 3, 'mlp_dim_00': 240, 'mlp_dim_01': 192, 'mlp_dim_02': 176, 'hidden_channels': 208, 'num_layers': 1, 'num_timesteps': 4, 'dropout': 0.040265491771769156, 'train_learning_rate': 0.008339423756595105, 'train_lr_reduce': 0.6}. Best is trial 632 with value: 0.13978464901447296.
[I 2024-12-15 16:03:43,447] Trial 947 finished with value: 0.21414346992969513 and parameters: {'mlp_n_layers': 4, 'mlp_dim_00': 176, 'mlp_dim_01': 208, 'mlp_dim_02': 176, 'mlp_dim_03': 96, 'hidden_channels': 240, 'num_layers': 2, 'num_timesteps': 4, 'dropout': 0.03204548327009504, 'train_learning_rate': 0.0006437337595512076, 'train_lr_reduce': 0.6}. Best is trial 632 with value: 0.13978464901447296.
[I 2024-12-15 16:03:43,698] Trial 948 finished with value: 0.20800566673278809 and parameters: {'mlp_n_layers': 3, 'mlp_dim_00': 128, 'mlp_dim_01': 96, 'mlp_dim_02': 160, 'hidden_channels': 176, 'num_layers': 1, 'num_timesteps': 2, 'dropout': 0.060041821018001984, 'train_learning_rate': 0.004261103924792471, 'train_lr_reduce': 0.6}. Best is trial 632 with value: 0.13978464901447296.
[I 2024-12-15 16:03:48,291] Trial 949 finished with value: 0.23040689527988434 and parameters: {'mlp_n_layers': 3, 'mlp_dim_00': 192, 'mlp_dim_01': 112, 'mlp_dim_02': 176, 'hidden_channels': 208, 'num_layers': 1, 'num_timesteps': 2, 'dropout': 0.00045193893395972795, 'train_learning_rate': 0.002171110856411392, 'train_lr_reduce': 0.6}. Best is trial 632 with value: 0.13978464901447296.
[I 2024-12-15 16:03:54,193] Trial 950 finished with value: 0.2011711746454239 and parameters: {'mlp_n_layers': 3, 'mlp_dim_00': 128, 'mlp_dim_01': 160, 'mlp_dim_02': 160, 'hidden_channels': 176, 'num_layers': 1, 'num_timesteps': 2, 'dropout': 0.056681698332268986, 'train_learning_rate': 0.002577631610903907, 'train_lr_reduce': 0.6}. Best is trial 632 with value: 0.13978464901447296.
[I 2024-12-15 16:03:55,105] Trial 952 finished with value: 0.23028196394443512 and parameters: {'mlp_n_layers': 2, 'mlp_dim_00': 192, 'mlp_dim_01': 144, 'hidden_channels': 160, 'num_layers': 2, 'num_timesteps': 1, 'dropout': 0.04772749894528372, 'train_learning_rate': 0.0012176355397441358, 'train_lr_reduce': 0.6}. Best is trial 632 with value: 0.13978464901447296.
[I 2024-12-15 16:03:59,071] Trial 951 finished with value: 0.18758156895637512 and parameters: {'mlp_n_layers': 4, 'mlp_dim_00': 48, 'mlp_dim_01': 112, 'mlp_dim_02': 176, 'mlp_dim_03': 144, 'hidden_channels': 256, 'num_layers': 1, 'num_timesteps': 4, 'dropout': 0.006121496708205683, 'train_learning_rate': 0.007186278203797192, 'train_lr_reduce': 0.6}. Best is trial 632 with value: 0.13978464901447296.
[I 2024-12-15 16:04:01,649] Trial 953 finished with value: 0.25580111145973206 and parameters: {'mlp_n_layers': 4, 'mlp_dim_00': 160, 'mlp_dim_01': 256, 'mlp_dim_02': 160, 'mlp_dim_03': 112, 'hidden_channels': 208, 'num_layers': 1, 'num_timesteps': 3, 'dropout': 0.0501027674699703, 'train_learning_rate': 0.005863195097869438, 'train_lr_reduce': 0.6}. Best is trial 632 with value: 0.13978464901447296.
[I 2024-12-15 16:04:05,890] Trial 954 finished with value: 0.18842434883117676 and parameters: {'mlp_n_layers': 3, 'mlp_dim_00': 224, 'mlp_dim_01': 192, 'mlp_dim_02': 192, 'hidden_channels': 256, 'num_layers': 1, 'num_timesteps': 2, 'dropout': 0.0019200048601522059, 'train_learning_rate': 0.0017645997852026353, 'train_lr_reduce': 0.6}. Best is trial 632 with value: 0.13978464901447296.
[I 2024-12-15 16:04:09,697] Trial 956 finished with value: 0.20545600354671478 and parameters: {'mlp_n_layers': 4, 'mlp_dim_00': 128, 'mlp_dim_01': 144, 'mlp_dim_02': 224, 'mlp_dim_03': 128, 'hidden_channels': 176, 'num_layers': 1, 'num_timesteps': 3, 'dropout': 0.012616689592799935, 'train_learning_rate': 0.0022612366688689106, 'train_lr_reduce': 0.6}. Best is trial 632 with value: 0.13978464901447296.
[I 2024-12-15 16:04:09,746] Trial 955 finished with value: 0.17520825564861298 and parameters: {'mlp_n_layers': 4, 'mlp_dim_00': 160, 'mlp_dim_01': 208, 'mlp_dim_02': 160, 'mlp_dim_03': 96, 'hidden_channels': 144, 'num_layers': 1, 'num_timesteps': 4, 'dropout': 0.06893326703589953, 'train_learning_rate': 0.00169130930770151, 'train_lr_reduce': 0.6}. Best is trial 632 with value: 0.13978464901447296.
[I 2024-12-15 16:04:17,430] Trial 957 finished with value: 0.16574686765670776 and parameters: {'mlp_n_layers': 2, 'mlp_dim_00': 176, 'mlp_dim_01': 192, 'hidden_channels': 224, 'num_layers': 1, 'num_timesteps': 1, 'dropout': 0.021131667563569455, 'train_learning_rate': 0.0021802280473216707, 'train_lr_reduce': 0.6}. Best is trial 632 with value: 0.13978464901447296.
[I 2024-12-15 16:04:21,739] Trial 958 finished with value: 0.2192198485136032 and parameters: {'mlp_n_layers': 4, 'mlp_dim_00': 160, 'mlp_dim_01': 208, 'mlp_dim_02': 176, 'mlp_dim_03': 112, 'hidden_channels': 256, 'num_layers': 2, 'num_timesteps': 3, 'dropout': 0.10503073318740191, 'train_learning_rate': 0.0032345329044737, 'train_lr_reduce': 0.6}. Best is trial 632 with value: 0.13978464901447296.
[I 2024-12-15 16:04:24,234] Trial 959 finished with value: 0.15824471414089203 and parameters: {'mlp_n_layers': 4, 'mlp_dim_00': 208, 'mlp_dim_01': 240, 'mlp_dim_02': 176, 'mlp_dim_03': 80, 'hidden_channels': 240, 'num_layers': 1, 'num_timesteps': 4, 'dropout': 0.006290245101061999, 'train_learning_rate': 0.0029476247278121767, 'train_lr_reduce': 0.6}. Best is trial 632 with value: 0.13978464901447296.
[I 2024-12-15 16:04:30,312] Trial 961 finished with value: 0.23795825242996216 and parameters: {'mlp_n_layers': 3, 'mlp_dim_00': 160, 'mlp_dim_01': 144, 'mlp_dim_02': 128, 'hidden_channels': 192, 'num_layers': 2, 'num_timesteps': 1, 'dropout': 0.01958114198874507, 'train_learning_rate': 0.0031727318123748066, 'train_lr_reduce': 0.6}. Best is trial 632 with value: 0.13978464901447296.
[I 2024-12-15 16:04:33,896] Trial 962 finished with value: 0.18174824118614197 and parameters: {'mlp_n_layers': 4, 'mlp_dim_00': 128, 'mlp_dim_01': 128, 'mlp_dim_02': 160, 'mlp_dim_03': 80, 'hidden_channels': 256, 'num_layers': 1, 'num_timesteps': 1, 'dropout': 0.02627503139470038, 'train_learning_rate': 0.0023735461856371665, 'train_lr_reduce': 0.6}. Best is trial 632 with value: 0.13978464901447296.
[I 2024-12-15 16:04:36,846] Trial 960 finished with value: 0.2563408613204956 and parameters: {'mlp_n_layers': 3, 'mlp_dim_00': 256, 'mlp_dim_01': 48, 'mlp_dim_02': 208, 'hidden_channels': 224, 'num_layers': 2, 'num_timesteps': 4, 'dropout': 0.15210557249516773, 'train_learning_rate': 0.00012550035716161266, 'train_lr_reduce': 0.6}. Best is trial 632 with value: 0.13978464901447296.
[I 2024-12-15 16:04:42,881] Trial 964 finished with value: 0.2194366157054901 and parameters: {'mlp_n_layers': 4, 'mlp_dim_00': 128, 'mlp_dim_01': 192, 'mlp_dim_02': 144, 'mlp_dim_03': 64, 'hidden_channels': 224, 'num_layers': 1, 'num_timesteps': 2, 'dropout': 0.031840459397431305, 'train_learning_rate': 0.004820303700428403, 'train_lr_reduce': 0.6}. Best is trial 632 with value: 0.13978464901447296.
[I 2024-12-15 16:04:43,453] Trial 963 finished with value: 0.21521373093128204 and parameters: {'mlp_n_layers': 4, 'mlp_dim_00': 160, 'mlp_dim_01': 192, 'mlp_dim_02': 160, 'mlp_dim_03': 80, 'hidden_channels': 192, 'num_layers': 1, 'num_timesteps': 3, 'dropout': 0.08415088016895061, 'train_learning_rate': 0.00271391276397729, 'train_lr_reduce': 0.6}. Best is trial 632 with value: 0.13978464901447296.
[I 2024-12-15 16:04:44,580] Trial 965 finished with value: 0.20083114504814148 and parameters: {'mlp_n_layers': 3, 'mlp_dim_00': 128, 'mlp_dim_01': 224, 'mlp_dim_02': 160, 'hidden_channels': 192, 'num_layers': 1, 'num_timesteps': 4, 'dropout': 0.0454526442772139, 'train_learning_rate': 0.0014832477665370951, 'train_lr_reduce': 0.6}. Best is trial 632 with value: 0.13978464901447296.
[I 2024-12-15 16:04:53,158] Trial 966 finished with value: 0.22593845427036285 and parameters: {'mlp_n_layers': 4, 'mlp_dim_00': 176, 'mlp_dim_01': 160, 'mlp_dim_02': 160, 'mlp_dim_03': 80, 'hidden_channels': 176, 'num_layers': 2, 'num_timesteps': 4, 'dropout': 0.07397023561565874, 'train_learning_rate': 0.0013942161189019356, 'train_lr_reduce': 0.6}. Best is trial 632 with value: 0.13978464901447296.
[I 2024-12-15 16:04:56,088] Trial 967 finished with value: 0.21518686413764954 and parameters: {'mlp_n_layers': 3, 'mlp_dim_00': 160, 'mlp_dim_01': 160, 'mlp_dim_02': 128, 'hidden_channels': 224, 'num_layers': 2, 'num_timesteps': 2, 'dropout': 0.00037269179378523337, 'train_learning_rate': 0.0005713001526378637, 'train_lr_reduce': 0.6}. Best is trial 632 with value: 0.13978464901447296.
[I 2024-12-15 16:04:57,168] Trial 968 finished with value: 0.1718103140592575 and parameters: {'mlp_n_layers': 3, 'mlp_dim_00': 128, 'mlp_dim_01': 176, 'mlp_dim_02': 176, 'hidden_channels': 224, 'num_layers': 1, 'num_timesteps': 2, 'dropout': 0.04752685989561971, 'train_learning_rate': 0.0031839216265133253, 'train_lr_reduce': 0.6}. Best is trial 632 with value: 0.13978464901447296.
[I 2024-12-15 16:04:59,881] Trial 969 finished with value: 0.23385673761367798 and parameters: {'mlp_n_layers': 4, 'mlp_dim_00': 144, 'mlp_dim_01': 80, 'mlp_dim_02': 176, 'mlp_dim_03': 80, 'hidden_channels': 208, 'num_layers': 2, 'num_timesteps': 1, 'dropout': 0.12066377947151183, 'train_learning_rate': 0.004732094046115672, 'train_lr_reduce': 0.6}. Best is trial 632 with value: 0.13978464901447296.
[I 2024-12-15 16:05:04,779] Trial 970 finished with value: 0.23417526483535767 and parameters: {'mlp_n_layers': 4, 'mlp_dim_00': 112, 'mlp_dim_01': 224, 'mlp_dim_02': 144, 'mlp_dim_03': 64, 'hidden_channels': 192, 'num_layers': 2, 'num_timesteps': 3, 'dropout': 0.06931459933247694, 'train_learning_rate': 0.0038828509137383968, 'train_lr_reduce': 0.6}. Best is trial 632 with value: 0.13978464901447296.
[I 2024-12-15 16:05:06,028] Trial 971 finished with value: 0.17364934086799622 and parameters: {'mlp_n_layers': 3, 'mlp_dim_00': 224, 'mlp_dim_01': 256, 'mlp_dim_02': 112, 'hidden_channels': 256, 'num_layers': 1, 'num_timesteps': 3, 'dropout': 0.09522417869473379, 'train_learning_rate': 0.003030048731528332, 'train_lr_reduce': 0.6}. Best is trial 632 with value: 0.13978464901447296.
[I 2024-12-15 16:05:06,255] Trial 972 finished with value: 0.2220483124256134 and parameters: {'mlp_n_layers': 3, 'mlp_dim_00': 176, 'mlp_dim_01': 192, 'mlp_dim_02': 176, 'hidden_channels': 144, 'num_layers': 1, 'num_timesteps': 2, 'dropout': 0.13968014295226208, 'train_learning_rate': 0.006848562547502844, 'train_lr_reduce': 0.6}. Best is trial 632 with value: 0.13978464901447296.
[I 2024-12-15 16:05:10,553] Trial 975 finished with value: 0.8979375958442688 and parameters: {'mlp_n_layers': 4, 'mlp_dim_00': 224, 'mlp_dim_01': 208, 'mlp_dim_02': 192, 'mlp_dim_03': 64, 'hidden_channels': 256, 'num_layers': 2, 'num_timesteps': 4, 'dropout': 0.036334889688238135, 'train_learning_rate': 0.006546841474721351, 'train_lr_reduce': 0.6}. Best is trial 632 with value: 0.13978464901447296.
[I 2024-12-15 16:05:13,393] Trial 973 finished with value: 0.16575579345226288 and parameters: {'mlp_n_layers': 4, 'mlp_dim_00': 224, 'mlp_dim_01': 240, 'mlp_dim_02': 144, 'mlp_dim_03': 176, 'hidden_channels': 224, 'num_layers': 1, 'num_timesteps': 4, 'dropout': 0.003330519073005461, 'train_learning_rate': 0.006658086527865311, 'train_lr_reduce': 0.6}. Best is trial 632 with value: 0.13978464901447296.
[I 2024-12-15 16:05:16,450] Trial 974 finished with value: 0.22027680277824402 and parameters: {'mlp_n_layers': 4, 'mlp_dim_00': 128, 'mlp_dim_01': 80, 'mlp_dim_02': 160, 'mlp_dim_03': 80, 'hidden_channels': 256, 'num_layers': 2, 'num_timesteps': 4, 'dropout': 0.14842343041768807, 'train_learning_rate': 0.004766678792812861, 'train_lr_reduce': 0.6}. Best is trial 632 with value: 0.13978464901447296.
[I 2024-12-15 16:05:23,478] Trial 977 finished with value: 0.20191001892089844 and parameters: {'mlp_n_layers': 3, 'mlp_dim_00': 160, 'mlp_dim_01': 144, 'mlp_dim_02': 128, 'hidden_channels': 192, 'num_layers': 1, 'num_timesteps': 1, 'dropout': 0.05557143086680276, 'train_learning_rate': 0.0006072144357770513, 'train_lr_reduce': 0.6}. Best is trial 632 with value: 0.13978464901447296.
[I 2024-12-15 16:05:23,904] Trial 976 finished with value: 0.1910492330789566 and parameters: {'mlp_n_layers': 4, 'mlp_dim_00': 144, 'mlp_dim_01': 112, 'mlp_dim_02': 176, 'mlp_dim_03': 80, 'hidden_channels': 208, 'num_layers': 1, 'num_timesteps': 2, 'dropout': 0.014202163626060851, 'train_learning_rate': 0.0016074614867573312, 'train_lr_reduce': 0.6}. Best is trial 632 with value: 0.13978464901447296.
[I 2024-12-15 16:05:25,569] Trial 978 finished with value: 0.28032633662223816 and parameters: {'mlp_n_layers': 4, 'mlp_dim_00': 192, 'mlp_dim_01': 256, 'mlp_dim_02': 160, 'mlp_dim_03': 96, 'hidden_channels': 240, 'num_layers': 2, 'num_timesteps': 4, 'dropout': 0.01186595125224476, 'train_learning_rate': 0.002666125208682362, 'train_lr_reduce': 0.6}. Best is trial 632 with value: 0.13978464901447296.
[I 2024-12-15 16:05:33,809] Trial 980 finished with value: 0.20719848573207855 and parameters: {'mlp_n_layers': 4, 'mlp_dim_00': 144, 'mlp_dim_01': 192, 'mlp_dim_02': 240, 'mlp_dim_03': 64, 'hidden_channels': 224, 'num_layers': 2, 'num_timesteps': 4, 'dropout': 0.0074604859590883844, 'train_learning_rate': 0.0028225010541545166, 'train_lr_reduce': 0.6}. Best is trial 632 with value: 0.13978464901447296.
[I 2024-12-15 16:05:33,837] Trial 979 finished with value: 0.19246654212474823 and parameters: {'mlp_n_layers': 3, 'mlp_dim_00': 176, 'mlp_dim_01': 160, 'mlp_dim_02': 192, 'hidden_channels': 256, 'num_layers': 1, 'num_timesteps': 2, 'dropout': 0.05141585867180694, 'train_learning_rate': 0.004089018120056972, 'train_lr_reduce': 0.6}. Best is trial 632 with value: 0.13978464901447296.
[I 2024-12-15 16:05:34,404] Trial 981 finished with value: 0.18451786041259766 and parameters: {'mlp_n_layers': 4, 'mlp_dim_00': 192, 'mlp_dim_01': 240, 'mlp_dim_02': 112, 'mlp_dim_03': 96, 'hidden_channels': 160, 'num_layers': 1, 'num_timesteps': 4, 'dropout': 0.051784243620900935, 'train_learning_rate': 0.0029166022397816046, 'train_lr_reduce': 0.6}. Best is trial 632 with value: 0.13978464901447296.
[I 2024-12-15 16:05:40,981] Trial 982 finished with value: 0.17999322712421417 and parameters: {'mlp_n_layers': 2, 'mlp_dim_00': 80, 'mlp_dim_01': 160, 'hidden_channels': 256, 'num_layers': 1, 'num_timesteps': 2, 'dropout': 0.011788509349365171, 'train_learning_rate': 0.004271965448242849, 'train_lr_reduce': 0.6}. Best is trial 632 with value: 0.13978464901447296.
[I 2024-12-15 16:05:45,411] Trial 983 finished with value: 0.17967136204242706 and parameters: {'mlp_n_layers': 4, 'mlp_dim_00': 144, 'mlp_dim_01': 96, 'mlp_dim_02': 144, 'mlp_dim_03': 144, 'hidden_channels': 256, 'num_layers': 1, 'num_timesteps': 4, 'dropout': 0.09446140084603698, 'train_learning_rate': 0.003302250841201021, 'train_lr_reduce': 0.6}. Best is trial 632 with value: 0.13978464901447296.
[I 2024-12-15 16:05:46,663] Trial 984 finished with value: 0.19667792320251465 and parameters: {'mlp_n_layers': 4, 'mlp_dim_00': 224, 'mlp_dim_01': 192, 'mlp_dim_02': 176, 'mlp_dim_03': 64, 'hidden_channels': 176, 'num_layers': 1, 'num_timesteps': 3, 'dropout': 0.1342026375892284, 'train_learning_rate': 0.00241893317951638, 'train_lr_reduce': 0.6}. Best is trial 632 with value: 0.13978464901447296.
[I 2024-12-15 16:05:55,072] Trial 987 finished with value: 0.23055264353752136 and parameters: {'mlp_n_layers': 4, 'mlp_dim_00': 112, 'mlp_dim_01': 128, 'mlp_dim_02': 176, 'mlp_dim_03': 160, 'hidden_channels': 208, 'num_layers': 2, 'num_timesteps': 2, 'dropout': 0.023278871448010247, 'train_learning_rate': 0.0021171728952723277, 'train_lr_reduce': 0.6}. Best is trial 632 with value: 0.13978464901447296.
[I 2024-12-15 16:05:57,244] Trial 985 finished with value: 0.19898952543735504 and parameters: {'mlp_n_layers': 4, 'mlp_dim_00': 160, 'mlp_dim_01': 144, 'mlp_dim_02': 208, 'mlp_dim_03': 96, 'hidden_channels': 256, 'num_layers': 2, 'num_timesteps': 4, 'dropout': 0.0014873965445872887, 'train_learning_rate': 0.003577228231968717, 'train_lr_reduce': 0.6}. Best is trial 632 with value: 0.13978464901447296.
[I 2024-12-15 16:05:58,347] Trial 986 finished with value: 0.15463167428970337 and parameters: {'mlp_n_layers': 3, 'mlp_dim_00': 176, 'mlp_dim_01': 176, 'mlp_dim_02': 144, 'hidden_channels': 224, 'num_layers': 1, 'num_timesteps': 4, 'dropout': 0.007587515760362332, 'train_learning_rate': 0.00887014874086198, 'train_lr_reduce': 0.6}. Best is trial 632 with value: 0.13978464901447296.
[I 2024-12-15 16:06:04,589] Trial 989 finished with value: 0.19530847668647766 and parameters: {'mlp_n_layers': 4, 'mlp_dim_00': 64, 'mlp_dim_01': 192, 'mlp_dim_02': 160, 'mlp_dim_03': 112, 'hidden_channels': 256, 'num_layers': 1, 'num_timesteps': 4, 'dropout': 0.003616837904602055, 'train_learning_rate': 0.004718122398053388, 'train_lr_reduce': 0.6}. Best is trial 632 with value: 0.13978464901447296.
[I 2024-12-15 16:06:06,836] Trial 988 finished with value: 0.24525614082813263 and parameters: {'mlp_n_layers': 3, 'mlp_dim_00': 240, 'mlp_dim_01': 80, 'mlp_dim_02': 208, 'hidden_channels': 144, 'num_layers': 4, 'num_timesteps': 3, 'dropout': 0.2090013064986136, 'train_learning_rate': 0.003651285125874564, 'train_lr_reduce': 0.6}. Best is trial 632 with value: 0.13978464901447296.
[I 2024-12-15 16:06:10,681] Trial 990 finished with value: 0.20620222389698029 and parameters: {'mlp_n_layers': 3, 'mlp_dim_00': 160, 'mlp_dim_01': 192, 'mlp_dim_02': 128, 'hidden_channels': 208, 'num_layers': 2, 'num_timesteps': 4, 'dropout': 0.005904402334604271, 'train_learning_rate': 0.009581325111957785, 'train_lr_reduce': 0.6}. Best is trial 632 with value: 0.13978464901447296.
[I 2024-12-15 16:06:11,717] Trial 991 finished with value: 0.21440215408802032 and parameters: {'mlp_n_layers': 3, 'mlp_dim_00': 192, 'mlp_dim_01': 112, 'mlp_dim_02': 128, 'hidden_channels': 224, 'num_layers': 1, 'num_timesteps': 4, 'dropout': 0.003147609811740967, 'train_learning_rate': 0.009004552875264622, 'train_lr_reduce': 0.6}. Best is trial 632 with value: 0.13978464901447296.
[I 2024-12-15 16:06:13,962] Trial 992 finished with value: 0.18368633091449738 and parameters: {'mlp_n_layers': 3, 'mlp_dim_00': 160, 'mlp_dim_01': 176, 'mlp_dim_02': 144, 'hidden_channels': 256, 'num_layers': 1, 'num_timesteps': 4, 'dropout': 0.04542828109786157, 'train_learning_rate': 0.008658377846567141, 'train_lr_reduce': 0.6}. Best is trial 632 with value: 0.13978464901447296.
