[I 2024-12-19 07:36:44,462] Trial 55 finished with value: 1.289153814315796 and parameters: {'mlp_n_layers': 2, 'mlp_dim_00': 459, 'mlp_dim_01': 423, 'node_hidden_dim': 119, 'edge_hidden_dim': 105, 'depth': 3, 'rep_dropout': 0.14973284898415357, 'train_learning_rate': 0.004335422166518221, 'train_lr_reduce': 0.6}. Best is trial 21 with value: 0.39451584219932556.
[I 2024-12-19 07:36:44,847] Trial 56 finished with value: 1.406964898109436 and parameters: {'mlp_n_layers': 3, 'mlp_dim_00': 278, 'mlp_dim_01': 300, 'mlp_dim_02': 209, 'node_hidden_dim': 95, 'edge_hidden_dim': 128, 'depth': 2, 'rep_dropout': 0.23262424327384928, 'train_learning_rate': 0.0016394167769990429, 'train_lr_reduce': 0.6}. Best is trial 21 with value: 0.39451584219932556.
[I 2024-12-19 07:36:48,243] Trial 57 finished with value: 1.431997537612915 and parameters: {'mlp_n_layers': 3, 'mlp_dim_00': 472, 'mlp_dim_01': 225, 'mlp_dim_02': 70, 'node_hidden_dim': 122, 'edge_hidden_dim': 101, 'depth': 2, 'rep_dropout': 0.10806658318350286, 'train_learning_rate': 0.0017411891293900787, 'train_lr_reduce': 0.6}. Best is trial 21 with value: 0.39451584219932556.
[I 2024-12-19 07:36:48,996] Trial 59 finished with value: 1.5404144525527954 and parameters: {'mlp_n_layers': 4, 'mlp_dim_00': 511, 'mlp_dim_01': 454, 'mlp_dim_02': 76, 'mlp_dim_03': 410, 'node_hidden_dim': 125, 'edge_hidden_dim': 114, 'depth': 2, 'rep_dropout': 0.15061581423801426, 'train_learning_rate': 0.0035532320500441875, 'train_lr_reduce': 0.6}. Best is trial 21 with value: 0.39451584219932556.
[I 2024-12-19 07:36:49,034] Trial 58 finished with value: 1.4707711935043335 and parameters: {'mlp_n_layers': 3, 'mlp_dim_00': 443, 'mlp_dim_01': 209, 'mlp_dim_02': 118, 'node_hidden_dim': 108, 'edge_hidden_dim': 114, 'depth': 2, 'rep_dropout': 0.13782007718976275, 'train_learning_rate': 0.008817196286940141, 'train_lr_reduce': 0.6}. Best is trial 21 with value: 0.39451584219932556.
[I 2024-12-19 07:36:52,275] Trial 60 finished with value: 1.3057615756988525 and parameters: {'mlp_n_layers': 4, 'mlp_dim_00': 316, 'mlp_dim_01': 381, 'mlp_dim_02': 137, 'mlp_dim_03': 373, 'node_hidden_dim': 111, 'edge_hidden_dim': 77, 'depth': 3, 'rep_dropout': 0.002008086354603207, 'train_learning_rate': 0.0057208952078611, 'train_lr_reduce': 0.6}. Best is trial 21 with value: 0.39451584219932556.
[I 2024-12-19 07:36:53,584] Trial 61 finished with value: 1.423595905303955 and parameters: {'mlp_n_layers': 2, 'mlp_dim_00': 432, 'mlp_dim_01': 400, 'node_hidden_dim': 123, 'edge_hidden_dim': 110, 'depth': 2, 'rep_dropout': 0.10364598653867065, 'train_learning_rate': 0.009292647002500935, 'train_lr_reduce': 0.6}. Best is trial 21 with value: 0.39451584219932556.
[I 2024-12-19 07:36:56,554] Trial 63 finished with value: 1.4239357709884644 and parameters: {'mlp_n_layers': 3, 'mlp_dim_00': 466, 'mlp_dim_01': 366, 'mlp_dim_02': 229, 'node_hidden_dim': 117, 'edge_hidden_dim': 98, 'depth': 2, 'rep_dropout': 0.05467552087556113, 'train_learning_rate': 0.006335026834406817, 'train_lr_reduce': 0.6}. Best is trial 21 with value: 0.39451584219932556.
[I 2024-12-19 07:36:58,120] Trial 64 finished with value: 1.309559941291809 and parameters: {'mlp_n_layers': 3, 'mlp_dim_00': 458, 'mlp_dim_01': 141, 'mlp_dim_02': 247, 'node_hidden_dim': 127, 'edge_hidden_dim': 103, 'depth': 2, 'rep_dropout': 0.0639401166332569, 'train_learning_rate': 0.009727852225979812, 'train_lr_reduce': 0.6}. Best is trial 21 with value: 0.39451584219932556.
[I 2024-12-19 07:37:01,196] Trial 65 finished with value: 1.4336943626403809 and parameters: {'mlp_n_layers': 2, 'mlp_dim_00': 496, 'mlp_dim_01': 134, 'node_hidden_dim': 70, 'edge_hidden_dim': 49, 'depth': 4, 'rep_dropout': 0.048875614590047384, 'train_learning_rate': 0.004308008510301453, 'train_lr_reduce': 0.6}. Best is trial 21 with value: 0.39451584219932556.
[I 2024-12-19 07:37:02,264] Trial 66 finished with value: 1.4858229160308838 and parameters: {'mlp_n_layers': 4, 'mlp_dim_00': 225, 'mlp_dim_01': 175, 'mlp_dim_02': 65, 'mlp_dim_03': 176, 'node_hidden_dim': 72, 'edge_hidden_dim': 122, 'depth': 3, 'rep_dropout': 0.22399898037603347, 'train_learning_rate': 0.0032027349451015795, 'train_lr_reduce': 0.6}. Best is trial 21 with value: 0.39451584219932556.
[I 2024-12-19 07:37:03,961] Trial 62 finished with value: 0.8498772382736206 and parameters: {'mlp_n_layers': 3, 'mlp_dim_00': 483, 'mlp_dim_01': 297, 'mlp_dim_02': 157, 'node_hidden_dim': 110, 'edge_hidden_dim': 127, 'depth': 3, 'rep_dropout': 0.03828131534311845, 'train_learning_rate': 0.008524984917492597, 'train_lr_reduce': 0.6}. Best is trial 21 with value: 0.39451584219932556.
[I 2024-12-19 07:37:06,921] Trial 68 finished with value: 1.30138099193573 and parameters: {'mlp_n_layers': 3, 'mlp_dim_00': 487, 'mlp_dim_01': 265, 'mlp_dim_02': 387, 'node_hidden_dim': 127, 'edge_hidden_dim': 112, 'depth': 2, 'rep_dropout': 0.20515190661359395, 'train_learning_rate': 0.004975955444159263, 'train_lr_reduce': 0.6}. Best is trial 21 with value: 0.39451584219932556.
[I 2024-12-19 07:37:09,245] Trial 69 finished with value: 1.3300291299819946 and parameters: {'mlp_n_layers': 2, 'mlp_dim_00': 507, 'mlp_dim_01': 136, 'node_hidden_dim': 108, 'edge_hidden_dim': 120, 'depth': 3, 'rep_dropout': 0.15054323198273453, 'train_learning_rate': 0.007518118469239088, 'train_lr_reduce': 0.6}. Best is trial 21 with value: 0.39451584219932556.
[I 2024-12-19 07:37:10,209] Trial 67 finished with value: 1.332985520362854 and parameters: {'mlp_n_layers': 3, 'mlp_dim_00': 503, 'mlp_dim_01': 386, 'mlp_dim_02': 505, 'node_hidden_dim': 116, 'edge_hidden_dim': 103, 'depth': 3, 'rep_dropout': 0.13010881564038776, 'train_learning_rate': 0.00035894812719894435, 'train_lr_reduce': 0.6}. Best is trial 21 with value: 0.39451584219932556.
[I 2024-12-19 07:37:12,001] Trial 70 finished with value: 1.4216482639312744 and parameters: {'mlp_n_layers': 2, 'mlp_dim_00': 458, 'mlp_dim_01': 255, 'node_hidden_dim': 98, 'edge_hidden_dim': 122, 'depth': 3, 'rep_dropout': 0.007231774360344355, 'train_learning_rate': 0.0064789939118569, 'train_lr_reduce': 0.6}. Best is trial 21 with value: 0.39451584219932556.
[I 2024-12-19 07:37:15,308] Trial 72 finished with value: 1.5890361070632935 and parameters: {'mlp_n_layers': 4, 'mlp_dim_00': 325, 'mlp_dim_01': 300, 'mlp_dim_02': 155, 'mlp_dim_03': 369, 'node_hidden_dim': 38, 'edge_hidden_dim': 51, 'depth': 4, 'rep_dropout': 0.00968966990251574, 'train_learning_rate': 0.00021916360478170058, 'train_lr_reduce': 0.6}. Best is trial 21 with value: 0.39451584219932556.
[I 2024-12-19 07:37:15,741] Trial 71 finished with value: 1.4201483726501465 and parameters: {'mlp_n_layers': 3, 'mlp_dim_00': 475, 'mlp_dim_01': 307, 'mlp_dim_02': 147, 'node_hidden_dim': 106, 'edge_hidden_dim': 125, 'depth': 3, 'rep_dropout': 0.10260259848957429, 'train_learning_rate': 0.00423178287917305, 'train_lr_reduce': 0.6}. Best is trial 21 with value: 0.39451584219932556.
[I 2024-12-19 07:37:17,175] Trial 73 finished with value: 1.3707103729248047 and parameters: {'mlp_n_layers': 3, 'mlp_dim_00': 492, 'mlp_dim_01': 425, 'mlp_dim_02': 136, 'node_hidden_dim': 124, 'edge_hidden_dim': 124, 'depth': 3, 'rep_dropout': 0.03131643916867574, 'train_learning_rate': 0.003944656939152655, 'train_lr_reduce': 0.6}. Best is trial 21 with value: 0.39451584219932556.
[I 2024-12-19 07:37:20,447] Trial 74 finished with value: 1.4414291381835938 and parameters: {'mlp_n_layers': 4, 'mlp_dim_00': 420, 'mlp_dim_01': 296, 'mlp_dim_02': 195, 'mlp_dim_03': 185, 'node_hidden_dim': 89, 'edge_hidden_dim': 100, 'depth': 4, 'rep_dropout': 0.02407163879767215, 'train_learning_rate': 0.009888355794474963, 'train_lr_reduce': 0.6}. Best is trial 21 with value: 0.39451584219932556.
[I 2024-12-19 07:37:20,586] Trial 75 finished with value: 1.314453125 and parameters: {'mlp_n_layers': 3, 'mlp_dim_00': 390, 'mlp_dim_01': 256, 'mlp_dim_02': 248, 'node_hidden_dim': 107, 'edge_hidden_dim': 87, 'depth': 4, 'rep_dropout': 0.11691496607537603, 'train_learning_rate': 0.00722327284524848, 'train_lr_reduce': 0.6}. Best is trial 21 with value: 0.39451584219932556.
[I 2024-12-19 07:37:21,654] Trial 76 finished with value: 1.2938385009765625 and parameters: {'mlp_n_layers': 3, 'mlp_dim_00': 458, 'mlp_dim_01': 267, 'mlp_dim_02': 257, 'node_hidden_dim': 123, 'edge_hidden_dim': 111, 'depth': 3, 'rep_dropout': 0.04726483386211511, 'train_learning_rate': 0.008349307059907145, 'train_lr_reduce': 0.6}. Best is trial 21 with value: 0.39451584219932556.
[I 2024-12-19 07:37:24,439] Trial 77 finished with value: 1.54904305934906 and parameters: {'mlp_n_layers': 4, 'mlp_dim_00': 483, 'mlp_dim_01': 291, 'mlp_dim_02': 153, 'mlp_dim_03': 311, 'node_hidden_dim': 110, 'edge_hidden_dim': 84, 'depth': 2, 'rep_dropout': 0.053926193844057536, 'train_learning_rate': 0.0030995958946049926, 'train_lr_reduce': 0.6}. Best is trial 21 with value: 0.39451584219932556.
[I 2024-12-19 07:37:24,636] Trial 78 finished with value: 1.4614136219024658 and parameters: {'mlp_n_layers': 4, 'mlp_dim_00': 190, 'mlp_dim_01': 95, 'mlp_dim_02': 330, 'mlp_dim_03': 225, 'node_hidden_dim': 89, 'edge_hidden_dim': 122, 'depth': 2, 'rep_dropout': 0.23991687322515123, 'train_learning_rate': 0.003523240632875561, 'train_lr_reduce': 0.6}. Best is trial 21 with value: 0.39451584219932556.
[I 2024-12-19 07:37:25,893] Trial 79 finished with value: 1.515726089477539 and parameters: {'mlp_n_layers': 2, 'mlp_dim_00': 100, 'mlp_dim_01': 439, 'node_hidden_dim': 64, 'edge_hidden_dim': 86, 'depth': 2, 'rep_dropout': 0.10547654188500047, 'train_learning_rate': 0.0012670397773530242, 'train_lr_reduce': 0.6}. Best is trial 21 with value: 0.39451584219932556.
[I 2024-12-19 07:37:28,771] Trial 80 finished with value: 1.2834045886993408 and parameters: {'mlp_n_layers': 3, 'mlp_dim_00': 477, 'mlp_dim_01': 328, 'mlp_dim_02': 232, 'node_hidden_dim': 87, 'edge_hidden_dim': 119, 'depth': 3, 'rep_dropout': 0.015353344623419175, 'train_learning_rate': 0.008174906720305202, 'train_lr_reduce': 0.6}. Best is trial 21 with value: 0.39451584219932556.
[I 2024-12-19 07:37:32,447] Trial 82 finished with value: 1.2453651428222656 and parameters: {'mlp_n_layers': 3, 'mlp_dim_00': 437, 'mlp_dim_01': 105, 'mlp_dim_02': 298, 'node_hidden_dim': 113, 'edge_hidden_dim': 90, 'depth': 2, 'rep_dropout': 0.14894074911776695, 'train_learning_rate': 0.007613159383303068, 'train_lr_reduce': 0.6}. Best is trial 21 with value: 0.39451584219932556.
[I 2024-12-19 07:37:33,631] Trial 83 finished with value: 1.3918437957763672 and parameters: {'mlp_n_layers': 3, 'mlp_dim_00': 428, 'mlp_dim_01': 303, 'mlp_dim_02': 211, 'node_hidden_dim': 84, 'edge_hidden_dim': 128, 'depth': 3, 'rep_dropout': 0.0288955430954647, 'train_learning_rate': 0.00456758166675362, 'train_lr_reduce': 0.6}. Best is trial 21 with value: 0.39451584219932556.
[I 2024-12-19 07:37:37,509] Trial 84 finished with value: 1.4548180103302002 and parameters: {'mlp_n_layers': 3, 'mlp_dim_00': 378, 'mlp_dim_01': 95, 'mlp_dim_02': 288, 'node_hidden_dim': 116, 'edge_hidden_dim': 94, 'depth': 2, 'rep_dropout': 0.16588246646882157, 'train_learning_rate': 0.0072760704762358545, 'train_lr_reduce': 0.6}. Best is trial 21 with value: 0.39451584219932556.
[I 2024-12-19 07:37:37,748] Trial 85 finished with value: 1.2992740869522095 and parameters: {'mlp_n_layers': 3, 'mlp_dim_00': 509, 'mlp_dim_01': 65, 'mlp_dim_02': 267, 'node_hidden_dim': 118, 'edge_hidden_dim': 116, 'depth': 2, 'rep_dropout': 0.14357778888048278, 'train_learning_rate': 0.008089504609717994, 'train_lr_reduce': 0.6}. Best is trial 21 with value: 0.39451584219932556.
[I 2024-12-19 07:37:40,024] Trial 81 finished with value: 0.5563046336174011 and parameters: {'mlp_n_layers': 4, 'mlp_dim_00': 86, 'mlp_dim_01': 222, 'mlp_dim_02': 410, 'mlp_dim_03': 147, 'node_hidden_dim': 77, 'edge_hidden_dim': 126, 'depth': 2, 'rep_dropout': 0.23471206315078935, 'train_learning_rate': 0.0015979072303242033, 'train_lr_reduce': 0.6}. Best is trial 21 with value: 0.39451584219932556.
[I 2024-12-19 07:37:41,802] Trial 86 finished with value: 1.295210599899292 and parameters: {'mlp_n_layers': 3, 'mlp_dim_00': 495, 'mlp_dim_01': 410, 'mlp_dim_02': 255, 'node_hidden_dim': 83, 'edge_hidden_dim': 128, 'depth': 3, 'rep_dropout': 0.03902036158821996, 'train_learning_rate': 0.008270042908623031, 'train_lr_reduce': 0.6}. Best is trial 21 with value: 0.39451584219932556.
[I 2024-12-19 07:37:42,416] Trial 87 finished with value: 1.580683946609497 and parameters: {'mlp_n_layers': 4, 'mlp_dim_00': 210, 'mlp_dim_01': 247, 'mlp_dim_02': 302, 'mlp_dim_03': 449, 'node_hidden_dim': 58, 'edge_hidden_dim': 34, 'depth': 2, 'rep_dropout': 0.21498416857668678, 'train_learning_rate': 0.00017396792226343738, 'train_lr_reduce': 0.6}. Best is trial 21 with value: 0.39451584219932556.
[I 2024-12-19 07:37:44,796] Trial 88 finished with value: 1.574803352355957 and parameters: {'mlp_n_layers': 4, 'mlp_dim_00': 205, 'mlp_dim_01': 227, 'mlp_dim_02': 359, 'mlp_dim_03': 122, 'node_hidden_dim': 55, 'edge_hidden_dim': 110, 'depth': 2, 'rep_dropout': 0.22782755852032033, 'train_learning_rate': 0.0006943432713267601, 'train_lr_reduce': 0.6}. Best is trial 21 with value: 0.39451584219932556.
[I 2024-12-19 07:37:46,071] Trial 89 finished with value: 1.557922601699829 and parameters: {'mlp_n_layers': 4, 'mlp_dim_00': 79, 'mlp_dim_01': 154, 'mlp_dim_02': 195, 'mlp_dim_03': 103, 'node_hidden_dim': 94, 'edge_hidden_dim': 113, 'depth': 2, 'rep_dropout': 0.19777761460365403, 'train_learning_rate': 0.0008199254983480412, 'train_lr_reduce': 0.6}. Best is trial 21 with value: 0.39451584219932556.
[I 2024-12-19 07:37:48,113] Trial 90 finished with value: 1.5651476383209229 and parameters: {'mlp_n_layers': 4, 'mlp_dim_00': 154, 'mlp_dim_01': 205, 'mlp_dim_02': 407, 'mlp_dim_03': 106, 'node_hidden_dim': 72, 'edge_hidden_dim': 120, 'depth': 2, 'rep_dropout': 0.24841489914556347, 'train_learning_rate': 0.0009020530322093253, 'train_lr_reduce': 0.6}. Best is trial 21 with value: 0.39451584219932556.
[I 2024-12-19 07:37:51,795] Trial 91 finished with value: 1.3356870412826538 and parameters: {'mlp_n_layers': 3, 'mlp_dim_00': 487, 'mlp_dim_01': 343, 'mlp_dim_02': 332, 'node_hidden_dim': 73, 'edge_hidden_dim': 93, 'depth': 3, 'rep_dropout': 0.06709822245561724, 'train_learning_rate': 0.006524977676037777, 'train_lr_reduce': 0.6}. Best is trial 21 with value: 0.39451584219932556.
[I 2024-12-19 07:37:52,921] Trial 92 finished with value: 1.4170368909835815 and parameters: {'mlp_n_layers': 3, 'mlp_dim_00': 93, 'mlp_dim_01': 281, 'mlp_dim_02': 211, 'node_hidden_dim': 82, 'edge_hidden_dim': 124, 'depth': 2, 'rep_dropout': 0.2297698882316333, 'train_learning_rate': 0.002695910840692303, 'train_lr_reduce': 0.6}. Best is trial 21 with value: 0.39451584219932556.
[I 2024-12-19 07:37:53,365] Trial 93 finished with value: 1.509856939315796 and parameters: {'mlp_n_layers': 3, 'mlp_dim_00': 506, 'mlp_dim_01': 88, 'mlp_dim_02': 283, 'node_hidden_dim': 81, 'edge_hidden_dim': 72, 'depth': 2, 'rep_dropout': 0.20590450984800035, 'train_learning_rate': 0.003494353818019423, 'train_lr_reduce': 0.6}. Best is trial 21 with value: 0.39451584219932556.
[I 2024-12-19 07:37:57,299] Trial 95 finished with value: 1.323752760887146 and parameters: {'mlp_n_layers': 3, 'mlp_dim_00': 487, 'mlp_dim_01': 166, 'mlp_dim_02': 271, 'node_hidden_dim': 123, 'edge_hidden_dim': 87, 'depth': 2, 'rep_dropout': 0.13893306258040625, 'train_learning_rate': 0.003940170292206158, 'train_lr_reduce': 0.6}. Best is trial 21 with value: 0.39451584219932556.
[I 2024-12-19 07:37:59,132] Trial 94 finished with value: 1.2845909595489502 and parameters: {'mlp_n_layers': 3, 'mlp_dim_00': 457, 'mlp_dim_01': 124, 'mlp_dim_02': 262, 'node_hidden_dim': 126, 'edge_hidden_dim': 69, 'depth': 3, 'rep_dropout': 0.1470231154553665, 'train_learning_rate': 0.00818000344053071, 'train_lr_reduce': 0.6}. Best is trial 21 with value: 0.39451584219932556.
[I 2024-12-19 07:38:02,072] Trial 97 finished with value: 1.3637712001800537 and parameters: {'mlp_n_layers': 4, 'mlp_dim_00': 418, 'mlp_dim_01': 210, 'mlp_dim_02': 320, 'mlp_dim_03': 149, 'node_hidden_dim': 118, 'edge_hidden_dim': 116, 'depth': 2, 'rep_dropout': 0.12807863514684623, 'train_learning_rate': 0.007011467291144026, 'train_lr_reduce': 0.6}. Best is trial 21 with value: 0.39451584219932556.
[I 2024-12-19 07:38:02,954] Trial 96 finished with value: 1.3661527633666992 and parameters: {'mlp_n_layers': 4, 'mlp_dim_00': 111, 'mlp_dim_01': 340, 'mlp_dim_02': 220, 'mlp_dim_03': 322, 'node_hidden_dim': 74, 'edge_hidden_dim': 90, 'depth': 2, 'rep_dropout': 0.23667035280034818, 'train_learning_rate': 0.0017975813865327298, 'train_lr_reduce': 0.6}. Best is trial 21 with value: 0.39451584219932556.
[I 2024-12-19 07:38:05,237] Trial 98 finished with value: 1.3196320533752441 and parameters: {'mlp_n_layers': 3, 'mlp_dim_00': 453, 'mlp_dim_01': 226, 'mlp_dim_02': 125, 'node_hidden_dim': 80, 'edge_hidden_dim': 122, 'depth': 2, 'rep_dropout': 0.0026570324601034034, 'train_learning_rate': 0.008900054188552173, 'train_lr_reduce': 0.6}. Best is trial 21 with value: 0.39451584219932556.
[I 2024-12-19 07:38:05,820] Trial 99 finished with value: 1.3643128871917725 and parameters: {'mlp_n_layers': 3, 'mlp_dim_00': 499, 'mlp_dim_01': 423, 'mlp_dim_02': 250, 'node_hidden_dim': 113, 'edge_hidden_dim': 90, 'depth': 2, 'rep_dropout': 0.09529041303248009, 'train_learning_rate': 0.0014385375104808086, 'train_lr_reduce': 0.6}. Best is trial 21 with value: 0.39451584219932556.
[I 2024-12-19 07:38:06,966] Trial 100 finished with value: 1.5845322608947754 and parameters: {'mlp_n_layers': 4, 'mlp_dim_00': 153, 'mlp_dim_01': 311, 'mlp_dim_02': 305, 'mlp_dim_03': 65, 'node_hidden_dim': 42, 'edge_hidden_dim': 114, 'depth': 3, 'rep_dropout': 0.0276692036088573, 'train_learning_rate': 0.0001846097840325552, 'train_lr_reduce': 0.6}. Best is trial 21 with value: 0.39451584219932556.
[I 2024-12-19 07:38:10,603] Trial 101 finished with value: 1.5677990913391113 and parameters: {'mlp_n_layers': 2, 'mlp_dim_00': 286, 'mlp_dim_01': 508, 'node_hidden_dim': 95, 'edge_hidden_dim': 33, 'depth': 3, 'rep_dropout': 0.10302129837967611, 'train_learning_rate': 0.00019076608600844877, 'train_lr_reduce': 0.6}. Best is trial 21 with value: 0.39451584219932556.
[I 2024-12-19 07:38:12,419] Trial 103 finished with value: 1.4834619760513306 and parameters: {'mlp_n_layers': 2, 'mlp_dim_00': 473, 'mlp_dim_01': 106, 'node_hidden_dim': 127, 'edge_hidden_dim': 81, 'depth': 3, 'rep_dropout': 0.09120216853796742, 'train_learning_rate': 0.00789871988888303, 'train_lr_reduce': 0.6}. Best is trial 21 with value: 0.39451584219932556.
[I 2024-12-19 07:38:14,363] Trial 102 finished with value: 1.416826844215393 and parameters: {'mlp_n_layers': 4, 'mlp_dim_00': 508, 'mlp_dim_01': 334, 'mlp_dim_02': 195, 'mlp_dim_03': 164, 'node_hidden_dim': 110, 'edge_hidden_dim': 113, 'depth': 2, 'rep_dropout': 0.08598644935516711, 'train_learning_rate': 0.0014289562930420287, 'train_lr_reduce': 0.6}. Best is trial 21 with value: 0.39451584219932556.
[I 2024-12-19 07:38:17,219] Trial 105 finished with value: 1.5104576349258423 and parameters: {'mlp_n_layers': 4, 'mlp_dim_00': 492, 'mlp_dim_01': 276, 'mlp_dim_02': 261, 'mlp_dim_03': 336, 'node_hidden_dim': 128, 'edge_hidden_dim': 112, 'depth': 2, 'rep_dropout': 0.07824200939032963, 'train_learning_rate': 0.003968390854972666, 'train_lr_reduce': 0.6}. Best is trial 21 with value: 0.39451584219932556.
[I 2024-12-19 07:38:20,595] Trial 106 finished with value: 1.4277359247207642 and parameters: {'mlp_n_layers': 3, 'mlp_dim_00': 333, 'mlp_dim_01': 95, 'mlp_dim_02': 253, 'node_hidden_dim': 118, 'edge_hidden_dim': 61, 'depth': 3, 'rep_dropout': 0.11221172410334417, 'train_learning_rate': 0.009713822778793036, 'train_lr_reduce': 0.6}. Best is trial 21 with value: 0.39451584219932556.
[I 2024-12-19 07:38:21,245] Trial 107 finished with value: 1.4654992818832397 and parameters: {'mlp_n_layers': 4, 'mlp_dim_00': 92, 'mlp_dim_01': 226, 'mlp_dim_02': 314, 'mlp_dim_03': 148, 'node_hidden_dim': 76, 'edge_hidden_dim': 118, 'depth': 2, 'rep_dropout': 0.20671400429563158, 'train_learning_rate': 0.0031375164295282935, 'train_lr_reduce': 0.6}. Best is trial 21 with value: 0.39451584219932556.
[I 2024-12-19 07:38:25,528] Trial 104 finished with value: 0.36589494347572327 and parameters: {'mlp_n_layers': 4, 'mlp_dim_00': 444, 'mlp_dim_01': 120, 'mlp_dim_02': 264, 'mlp_dim_03': 225, 'node_hidden_dim': 128, 'edge_hidden_dim': 45, 'depth': 3, 'rep_dropout': 0.14336375826332937, 'train_learning_rate': 0.005819514580109408, 'train_lr_reduce': 0.6}. Best is trial 104 with value: 0.36589494347572327.
[I 2024-12-19 07:38:25,566] Trial 109 finished with value: 1.4622327089309692 and parameters: {'mlp_n_layers': 3, 'mlp_dim_00': 485, 'mlp_dim_01': 191, 'mlp_dim_02': 289, 'node_hidden_dim': 104, 'edge_hidden_dim': 122, 'depth': 3, 'rep_dropout': 0.06386700422648983, 'train_learning_rate': 0.0075023101461933655, 'train_lr_reduce': 0.6}. Best is trial 104 with value: 0.36589494347572327.
[I 2024-12-19 07:38:28,748] Trial 108 finished with value: 1.433286428451538 and parameters: {'mlp_n_layers': 3, 'mlp_dim_00': 91, 'mlp_dim_01': 440, 'mlp_dim_02': 229, 'node_hidden_dim': 36, 'edge_hidden_dim': 101, 'depth': 4, 'rep_dropout': 0.006675018810654937, 'train_learning_rate': 0.006674082100277552, 'train_lr_reduce': 0.6}. Best is trial 104 with value: 0.36589494347572327.
[I 2024-12-19 07:38:30,019] Trial 111 finished with value: 1.548818588256836 and parameters: {'mlp_n_layers': 4, 'mlp_dim_00': 444, 'mlp_dim_01': 120, 'mlp_dim_02': 117, 'mlp_dim_03': 229, 'node_hidden_dim': 97, 'edge_hidden_dim': 34, 'depth': 3, 'rep_dropout': 0.23227767813486863, 'train_learning_rate': 0.002467184417046457, 'train_lr_reduce': 0.6}. Best is trial 104 with value: 0.36589494347572327.
