[I 2024-12-19 07:52:24,037] Trial 286 finished with value: 0.5139240026473999 and parameters: {'mlp_n_layers': 3, 'mlp_dim_00': 397, 'mlp_dim_01': 256, 'mlp_dim_02': 391, 'node_hidden_dim': 111, 'edge_hidden_dim': 67, 'depth': 2, 'rep_dropout': 0.006119870754985296, 'train_learning_rate': 0.004862074603031436, 'train_lr_reduce': 0.6}. Best is trial 231 with value: 0.17593608796596527.
[I 2024-12-19 07:52:27,043] Trial 288 finished with value: 1.1427302360534668 and parameters: {'mlp_n_layers': 4, 'mlp_dim_00': 218, 'mlp_dim_01': 408, 'mlp_dim_02': 380, 'mlp_dim_03': 339, 'node_hidden_dim': 126, 'edge_hidden_dim': 38, 'depth': 2, 'rep_dropout': 0.0012099708988021346, 'train_learning_rate': 0.001816570876457082, 'train_lr_reduce': 0.6}. Best is trial 231 with value: 0.17593608796596527.
[I 2024-12-19 07:52:30,584] Trial 287 finished with value: 0.4661974608898163 and parameters: {'mlp_n_layers': 3, 'mlp_dim_00': 255, 'mlp_dim_01': 206, 'mlp_dim_02': 341, 'node_hidden_dim': 65, 'edge_hidden_dim': 33, 'depth': 2, 'rep_dropout': 0.09327576456570458, 'train_learning_rate': 0.008666667512412058, 'train_lr_reduce': 0.6}. Best is trial 231 with value: 0.17593608796596527.
[I 2024-12-19 07:52:33,633] Trial 290 finished with value: 1.142431378364563 and parameters: {'mlp_n_layers': 2, 'mlp_dim_00': 253, 'mlp_dim_01': 88, 'node_hidden_dim': 58, 'edge_hidden_dim': 49, 'depth': 2, 'rep_dropout': 0.11921760568762092, 'train_learning_rate': 0.004786961914186788, 'train_lr_reduce': 0.6}. Best is trial 231 with value: 0.17593608796596527.
[I 2024-12-19 07:52:40,326] Trial 292 finished with value: 1.1471563577651978 and parameters: {'mlp_n_layers': 2, 'mlp_dim_00': 392, 'mlp_dim_01': 345, 'node_hidden_dim': 51, 'edge_hidden_dim': 43, 'depth': 2, 'rep_dropout': 0.04120517106970621, 'train_learning_rate': 0.006010979396242499, 'train_lr_reduce': 0.6}. Best is trial 231 with value: 0.17593608796596527.
[I 2024-12-19 07:52:44,902] Trial 289 finished with value: 0.5741881132125854 and parameters: {'mlp_n_layers': 3, 'mlp_dim_00': 312, 'mlp_dim_01': 511, 'mlp_dim_02': 377, 'node_hidden_dim': 117, 'edge_hidden_dim': 68, 'depth': 2, 'rep_dropout': 0.022657117571251054, 'train_learning_rate': 0.009582931285663928, 'train_lr_reduce': 0.6}. Best is trial 231 with value: 0.17593608796596527.
[I 2024-12-19 07:52:54,056] Trial 291 finished with value: 0.3165310025215149 and parameters: {'mlp_n_layers': 2, 'mlp_dim_00': 378, 'mlp_dim_01': 221, 'node_hidden_dim': 106, 'edge_hidden_dim': 66, 'depth': 2, 'rep_dropout': 0.022673969877869935, 'train_learning_rate': 0.004374425378781641, 'train_lr_reduce': 0.6}. Best is trial 231 with value: 0.17593608796596527.
[I 2024-12-19 07:53:02,128] Trial 295 finished with value: 1.1440645456314087 and parameters: {'mlp_n_layers': 2, 'mlp_dim_00': 328, 'mlp_dim_01': 235, 'node_hidden_dim': 92, 'edge_hidden_dim': 37, 'depth': 2, 'rep_dropout': 0.05557650938837466, 'train_learning_rate': 0.0076974048448315785, 'train_lr_reduce': 0.6}. Best is trial 231 with value: 0.17593608796596527.
[I 2024-12-19 07:53:02,397] Trial 293 finished with value: 0.37044498324394226 and parameters: {'mlp_n_layers': 4, 'mlp_dim_00': 141, 'mlp_dim_01': 349, 'mlp_dim_02': 390, 'mlp_dim_03': 414, 'node_hidden_dim': 124, 'edge_hidden_dim': 43, 'depth': 2, 'rep_dropout': 0.018414402406279198, 'train_learning_rate': 0.006706928936332804, 'train_lr_reduce': 0.6}. Best is trial 231 with value: 0.17593608796596527.
[I 2024-12-19 07:53:07,959] Trial 294 finished with value: 0.2762037515640259 and parameters: {'mlp_n_layers': 3, 'mlp_dim_00': 288, 'mlp_dim_01': 467, 'mlp_dim_02': 396, 'node_hidden_dim': 86, 'edge_hidden_dim': 59, 'depth': 2, 'rep_dropout': 0.0704345093953929, 'train_learning_rate': 0.006939402081288868, 'train_lr_reduce': 0.6}. Best is trial 231 with value: 0.17593608796596527.
[I 2024-12-19 07:53:14,056] Trial 298 finished with value: 1.142790675163269 and parameters: {'mlp_n_layers': 3, 'mlp_dim_00': 218, 'mlp_dim_01': 421, 'mlp_dim_02': 388, 'node_hidden_dim': 97, 'edge_hidden_dim': 69, 'depth': 2, 'rep_dropout': 0.06914941626791915, 'train_learning_rate': 0.005513381695481027, 'train_lr_reduce': 0.6}. Best is trial 231 with value: 0.17593608796596527.
[I 2024-12-19 07:53:25,107] Trial 296 finished with value: 0.7640251517295837 and parameters: {'mlp_n_layers': 4, 'mlp_dim_00': 245, 'mlp_dim_01': 452, 'mlp_dim_02': 319, 'mlp_dim_03': 340, 'node_hidden_dim': 117, 'edge_hidden_dim': 40, 'depth': 3, 'rep_dropout': 0.06341155968169569, 'train_learning_rate': 0.009937635604089664, 'train_lr_reduce': 0.6}. Best is trial 231 with value: 0.17593608796596527.
[I 2024-12-19 07:53:26,793] Trial 297 finished with value: 0.37388119101524353 and parameters: {'mlp_n_layers': 4, 'mlp_dim_00': 233, 'mlp_dim_01': 477, 'mlp_dim_02': 385, 'mlp_dim_03': 411, 'node_hidden_dim': 113, 'edge_hidden_dim': 39, 'depth': 2, 'rep_dropout': 0.02707593584700871, 'train_learning_rate': 0.004667723603937291, 'train_lr_reduce': 0.6}. Best is trial 231 with value: 0.17593608796596527.
[I 2024-12-19 07:53:31,841] Trial 300 finished with value: 1.1444013118743896 and parameters: {'mlp_n_layers': 4, 'mlp_dim_00': 346, 'mlp_dim_01': 325, 'mlp_dim_02': 396, 'mlp_dim_03': 397, 'node_hidden_dim': 72, 'edge_hidden_dim': 37, 'depth': 2, 'rep_dropout': 0.11603345212284548, 'train_learning_rate': 0.006608111750465466, 'train_lr_reduce': 0.6}. Best is trial 231 with value: 0.17593608796596527.
[I 2024-12-19 07:53:33,365] Trial 299 finished with value: 0.3786407709121704 and parameters: {'mlp_n_layers': 2, 'mlp_dim_00': 173, 'mlp_dim_01': 162, 'node_hidden_dim': 41, 'edge_hidden_dim': 64, 'depth': 2, 'rep_dropout': 0.12026631720350717, 'train_learning_rate': 0.00867384733970352, 'train_lr_reduce': 0.6}. Best is trial 231 with value: 0.17593608796596527.
[I 2024-12-19 07:53:38,249] Trial 302 finished with value: 1.143662691116333 and parameters: {'mlp_n_layers': 3, 'mlp_dim_00': 219, 'mlp_dim_01': 429, 'mlp_dim_02': 328, 'node_hidden_dim': 74, 'edge_hidden_dim': 67, 'depth': 3, 'rep_dropout': 0.05913541012950106, 'train_learning_rate': 0.0021683442339887823, 'train_lr_reduce': 0.6}. Best is trial 231 with value: 0.17593608796596527.
[I 2024-12-19 07:53:38,506] Trial 303 finished with value: 1.1428813934326172 and parameters: {'mlp_n_layers': 2, 'mlp_dim_00': 491, 'mlp_dim_01': 157, 'node_hidden_dim': 96, 'edge_hidden_dim': 87, 'depth': 2, 'rep_dropout': 0.1195379952798238, 'train_learning_rate': 0.0027828481231806815, 'train_lr_reduce': 0.6}. Best is trial 231 with value: 0.17593608796596527.
[I 2024-12-19 07:53:43,722] Trial 305 finished with value: 1.1485596895217896 and parameters: {'mlp_n_layers': 2, 'mlp_dim_00': 378, 'mlp_dim_01': 123, 'node_hidden_dim': 43, 'edge_hidden_dim': 52, 'depth': 2, 'rep_dropout': 0.07573698744665233, 'train_learning_rate': 0.008095296411686022, 'train_lr_reduce': 0.6}. Best is trial 231 with value: 0.17593608796596527.
[I 2024-12-19 07:53:44,899] Trial 304 finished with value: 1.1422152519226074 and parameters: {'mlp_n_layers': 3, 'mlp_dim_00': 247, 'mlp_dim_01': 81, 'mlp_dim_02': 417, 'node_hidden_dim': 45, 'edge_hidden_dim': 102, 'depth': 2, 'rep_dropout': 0.17088848284639077, 'train_learning_rate': 0.009333333902747126, 'train_lr_reduce': 0.6}. Best is trial 231 with value: 0.17593608796596527.
[I 2024-12-19 07:53:49,493] Trial 306 finished with value: 1.1450436115264893 and parameters: {'mlp_n_layers': 2, 'mlp_dim_00': 346, 'mlp_dim_01': 204, 'node_hidden_dim': 92, 'edge_hidden_dim': 40, 'depth': 2, 'rep_dropout': 0.008664873815770455, 'train_learning_rate': 0.0020224838207097266, 'train_lr_reduce': 0.6}. Best is trial 231 with value: 0.17593608796596527.
[I 2024-12-19 07:53:49,636] Trial 301 finished with value: 0.34299275279045105 and parameters: {'mlp_n_layers': 3, 'mlp_dim_00': 375, 'mlp_dim_01': 420, 'mlp_dim_02': 399, 'node_hidden_dim': 80, 'edge_hidden_dim': 60, 'depth': 2, 'rep_dropout': 0.06561235280295928, 'train_learning_rate': 0.004575288955182231, 'train_lr_reduce': 0.6}. Best is trial 231 with value: 0.17593608796596527.
[I 2024-12-19 07:53:55,715] Trial 308 finished with value: 1.1445279121398926 and parameters: {'mlp_n_layers': 2, 'mlp_dim_00': 259, 'mlp_dim_01': 72, 'node_hidden_dim': 88, 'edge_hidden_dim': 93, 'depth': 3, 'rep_dropout': 0.09517638704884247, 'train_learning_rate': 0.003240413603063702, 'train_lr_reduce': 0.6}. Best is trial 231 with value: 0.17593608796596527.
[I 2024-12-19 07:54:02,322] Trial 310 finished with value: 1.1433050632476807 and parameters: {'mlp_n_layers': 3, 'mlp_dim_00': 292, 'mlp_dim_01': 313, 'mlp_dim_02': 439, 'node_hidden_dim': 62, 'edge_hidden_dim': 54, 'depth': 3, 'rep_dropout': 0.05706994541997068, 'train_learning_rate': 0.006070237253002274, 'train_lr_reduce': 0.6}. Best is trial 231 with value: 0.17593608796596527.
[I 2024-12-19 07:54:06,242] Trial 307 finished with value: 0.3185673654079437 and parameters: {'mlp_n_layers': 3, 'mlp_dim_00': 327, 'mlp_dim_01': 114, 'mlp_dim_02': 426, 'node_hidden_dim': 120, 'edge_hidden_dim': 46, 'depth': 2, 'rep_dropout': 0.026645793795054905, 'train_learning_rate': 0.005380722032584452, 'train_lr_reduce': 0.6}. Best is trial 231 with value: 0.17593608796596527.
[I 2024-12-19 07:54:08,440] Trial 311 finished with value: 1.1421575546264648 and parameters: {'mlp_n_layers': 2, 'mlp_dim_00': 98, 'mlp_dim_01': 158, 'node_hidden_dim': 93, 'edge_hidden_dim': 63, 'depth': 2, 'rep_dropout': 0.16723408732400222, 'train_learning_rate': 0.004190118834662413, 'train_lr_reduce': 0.6}. Best is trial 231 with value: 0.17593608796596527.
[I 2024-12-19 07:54:14,201] Trial 309 finished with value: 0.5622035264968872 and parameters: {'mlp_n_layers': 2, 'mlp_dim_00': 506, 'mlp_dim_01': 264, 'node_hidden_dim': 122, 'edge_hidden_dim': 82, 'depth': 3, 'rep_dropout': 0.013127756549075813, 'train_learning_rate': 0.005294866551028948, 'train_lr_reduce': 0.6}. Best is trial 231 with value: 0.17593608796596527.
[I 2024-12-19 07:54:21,053] Trial 314 finished with value: 1.1425789594650269 and parameters: {'mlp_n_layers': 3, 'mlp_dim_00': 203, 'mlp_dim_01': 500, 'mlp_dim_02': 376, 'node_hidden_dim': 71, 'edge_hidden_dim': 47, 'depth': 2, 'rep_dropout': 0.01921978497111791, 'train_learning_rate': 0.002265190284915028, 'train_lr_reduce': 0.6}. Best is trial 231 with value: 0.17593608796596527.
[I 2024-12-19 07:54:27,539] Trial 312 finished with value: 0.2686367928981781 and parameters: {'mlp_n_layers': 3, 'mlp_dim_00': 354, 'mlp_dim_01': 436, 'mlp_dim_02': 348, 'node_hidden_dim': 105, 'edge_hidden_dim': 42, 'depth': 2, 'rep_dropout': 0.04252005421175897, 'train_learning_rate': 0.0047906824849647455, 'train_lr_reduce': 0.6}. Best is trial 231 with value: 0.17593608796596527.
[I 2024-12-19 07:54:27,956] Trial 313 finished with value: 0.20272380113601685 and parameters: {'mlp_n_layers': 3, 'mlp_dim_00': 304, 'mlp_dim_01': 399, 'mlp_dim_02': 441, 'node_hidden_dim': 61, 'edge_hidden_dim': 36, 'depth': 2, 'rep_dropout': 0.05136991419330032, 'train_learning_rate': 0.008241829628525687, 'train_lr_reduce': 0.6}. Best is trial 231 with value: 0.17593608796596527.
[I 2024-12-19 07:54:33,337] Trial 316 finished with value: 1.1424963474273682 and parameters: {'mlp_n_layers': 3, 'mlp_dim_00': 292, 'mlp_dim_01': 459, 'mlp_dim_02': 300, 'node_hidden_dim': 54, 'edge_hidden_dim': 42, 'depth': 2, 'rep_dropout': 0.009096602118634554, 'train_learning_rate': 0.006853539820174959, 'train_lr_reduce': 0.6}. Best is trial 231 with value: 0.17593608796596527.
[I 2024-12-19 07:54:43,729] Trial 315 finished with value: 0.6282947659492493 and parameters: {'mlp_n_layers': 2, 'mlp_dim_00': 194, 'mlp_dim_01': 72, 'node_hidden_dim': 85, 'edge_hidden_dim': 75, 'depth': 2, 'rep_dropout': 0.11790895765583903, 'train_learning_rate': 0.006112156633237506, 'train_lr_reduce': 0.6}. Best is trial 231 with value: 0.17593608796596527.
[I 2024-12-19 07:54:47,410] Trial 317 finished with value: 0.4988471269607544 and parameters: {'mlp_n_layers': 3, 'mlp_dim_00': 289, 'mlp_dim_01': 356, 'mlp_dim_02': 349, 'node_hidden_dim': 52, 'edge_hidden_dim': 48, 'depth': 2, 'rep_dropout': 0.11342618231903374, 'train_learning_rate': 0.007990469475816159, 'train_lr_reduce': 0.6}. Best is trial 231 with value: 0.17593608796596527.
[I 2024-12-19 07:54:54,974] Trial 318 finished with value: 0.3109613060951233 and parameters: {'mlp_n_layers': 3, 'mlp_dim_00': 289, 'mlp_dim_01': 451, 'mlp_dim_02': 364, 'node_hidden_dim': 74, 'edge_hidden_dim': 51, 'depth': 2, 'rep_dropout': 0.0734717595058171, 'train_learning_rate': 0.009624515882765573, 'train_lr_reduce': 0.6}. Best is trial 231 with value: 0.17593608796596527.
[I 2024-12-19 07:55:04,243] Trial 321 finished with value: 1.1421196460723877 and parameters: {'mlp_n_layers': 4, 'mlp_dim_00': 157, 'mlp_dim_01': 433, 'mlp_dim_02': 413, 'mlp_dim_03': 335, 'node_hidden_dim': 128, 'edge_hidden_dim': 46, 'depth': 2, 'rep_dropout': 0.05400927213200479, 'train_learning_rate': 0.00010513166675661779, 'train_lr_reduce': 0.6}. Best is trial 231 with value: 0.17593608796596527.
[I 2024-12-19 07:55:07,899] Trial 319 finished with value: 0.5734637379646301 and parameters: {'mlp_n_layers': 2, 'mlp_dim_00': 113, 'mlp_dim_01': 430, 'node_hidden_dim': 63, 'edge_hidden_dim': 75, 'depth': 2, 'rep_dropout': 0.11931451761334247, 'train_learning_rate': 0.004142697167213818, 'train_lr_reduce': 0.6}. Best is trial 231 with value: 0.17593608796596527.
[I 2024-12-19 07:55:08,029] Trial 320 finished with value: 0.31752631068229675 and parameters: {'mlp_n_layers': 3, 'mlp_dim_00': 354, 'mlp_dim_01': 282, 'mlp_dim_02': 420, 'node_hidden_dim': 70, 'edge_hidden_dim': 44, 'depth': 2, 'rep_dropout': 0.03375648218871122, 'train_learning_rate': 0.009806620203396862, 'train_lr_reduce': 0.6}. Best is trial 231 with value: 0.17593608796596527.
[I 2024-12-19 07:55:16,260] Trial 323 finished with value: 1.1441606283187866 and parameters: {'mlp_n_layers': 3, 'mlp_dim_00': 260, 'mlp_dim_01': 416, 'mlp_dim_02': 432, 'node_hidden_dim': 117, 'edge_hidden_dim': 35, 'depth': 3, 'rep_dropout': 0.014774598208685739, 'train_learning_rate': 0.008450911065072633, 'train_lr_reduce': 0.6}. Best is trial 231 with value: 0.17593608796596527.
[I 2024-12-19 07:55:25,043] Trial 325 finished with value: 1.1470624208450317 and parameters: {'mlp_n_layers': 4, 'mlp_dim_00': 253, 'mlp_dim_01': 425, 'mlp_dim_02': 437, 'mlp_dim_03': 408, 'node_hidden_dim': 108, 'edge_hidden_dim': 34, 'depth': 2, 'rep_dropout': 0.0012479058947726662, 'train_learning_rate': 0.009931716883306352, 'train_lr_reduce': 0.6}. Best is trial 231 with value: 0.17593608796596527.
[I 2024-12-19 07:55:25,697] Trial 322 finished with value: 0.2976917624473572 and parameters: {'mlp_n_layers': 3, 'mlp_dim_00': 439, 'mlp_dim_01': 480, 'mlp_dim_02': 355, 'node_hidden_dim': 107, 'edge_hidden_dim': 55, 'depth': 2, 'rep_dropout': 0.003520494792799412, 'train_learning_rate': 0.005243954665692562, 'train_lr_reduce': 0.6}. Best is trial 231 with value: 0.17593608796596527.
[I 2024-12-19 07:55:28,255] Trial 324 finished with value: 0.5011692643165588 and parameters: {'mlp_n_layers': 2, 'mlp_dim_00': 97, 'mlp_dim_01': 69, 'node_hidden_dim': 72, 'edge_hidden_dim': 60, 'depth': 2, 'rep_dropout': 0.08965507166133956, 'train_learning_rate': 0.009865047473976736, 'train_lr_reduce': 0.6}. Best is trial 231 with value: 0.17593608796596527.
[I 2024-12-19 07:55:31,419] Trial 326 finished with value: 1.1464241743087769 and parameters: {'mlp_n_layers': 2, 'mlp_dim_00': 85, 'mlp_dim_01': 66, 'node_hidden_dim': 97, 'edge_hidden_dim': 91, 'depth': 2, 'rep_dropout': 0.1364339363825972, 'train_learning_rate': 0.006285061492064426, 'train_lr_reduce': 0.6}. Best is trial 231 with value: 0.17593608796596527.
[I 2024-12-19 07:55:34,664] Trial 328 finished with value: 1.1428728103637695 and parameters: {'mlp_n_layers': 3, 'mlp_dim_00': 379, 'mlp_dim_01': 482, 'mlp_dim_02': 338, 'node_hidden_dim': 116, 'edge_hidden_dim': 63, 'depth': 2, 'rep_dropout': 0.04455585826003358, 'train_learning_rate': 0.00226778837017016, 'train_lr_reduce': 0.6}. Best is trial 231 with value: 0.17593608796596527.
[I 2024-12-19 07:55:41,264] Trial 330 finished with value: 1.1488757133483887 and parameters: {'mlp_n_layers': 4, 'mlp_dim_00': 405, 'mlp_dim_01': 373, 'mlp_dim_02': 374, 'mlp_dim_03': 314, 'node_hidden_dim': 40, 'edge_hidden_dim': 33, 'depth': 3, 'rep_dropout': 0.07588107585991698, 'train_learning_rate': 0.007968273799065022, 'train_lr_reduce': 0.6}. Best is trial 231 with value: 0.17593608796596527.
[I 2024-12-19 07:55:46,885] Trial 327 finished with value: 0.26869112253189087 and parameters: {'mlp_n_layers': 3, 'mlp_dim_00': 491, 'mlp_dim_01': 463, 'mlp_dim_02': 320, 'node_hidden_dim': 95, 'edge_hidden_dim': 41, 'depth': 2, 'rep_dropout': 0.007320525128045805, 'train_learning_rate': 0.004854928605415218, 'train_lr_reduce': 0.6}. Best is trial 231 with value: 0.17593608796596527.
[I 2024-12-19 07:55:54,515] Trial 329 finished with value: 0.2600339949131012 and parameters: {'mlp_n_layers': 3, 'mlp_dim_00': 398, 'mlp_dim_01': 426, 'mlp_dim_02': 337, 'node_hidden_dim': 113, 'edge_hidden_dim': 36, 'depth': 2, 'rep_dropout': 0.00883518430431595, 'train_learning_rate': 0.0043585927314003904, 'train_lr_reduce': 0.6}. Best is trial 231 with value: 0.17593608796596527.
[I 2024-12-19 07:56:00,994] Trial 331 finished with value: 0.4744865298271179 and parameters: {'mlp_n_layers': 2, 'mlp_dim_00': 70, 'mlp_dim_01': 145, 'node_hidden_dim': 89, 'edge_hidden_dim': 35, 'depth': 2, 'rep_dropout': 0.06492789236387522, 'train_learning_rate': 0.008549494388221517, 'train_lr_reduce': 0.6}. Best is trial 231 with value: 0.17593608796596527.
[I 2024-12-19 07:56:01,473] Trial 333 finished with value: 1.1452715396881104 and parameters: {'mlp_n_layers': 3, 'mlp_dim_00': 412, 'mlp_dim_01': 394, 'mlp_dim_02': 264, 'node_hidden_dim': 120, 'edge_hidden_dim': 50, 'depth': 2, 'rep_dropout': 0.03824400190898409, 'train_learning_rate': 0.00259163573771473, 'train_lr_reduce': 0.6}. Best is trial 231 with value: 0.17593608796596527.
[I 2024-12-19 07:56:06,659] Trial 334 finished with value: 1.1469775438308716 and parameters: {'mlp_n_layers': 3, 'mlp_dim_00': 501, 'mlp_dim_01': 483, 'mlp_dim_02': 297, 'node_hidden_dim': 75, 'edge_hidden_dim': 34, 'depth': 2, 'rep_dropout': 0.033121211828276355, 'train_learning_rate': 0.000986567419825942, 'train_lr_reduce': 0.6}. Best is trial 231 with value: 0.17593608796596527.
[I 2024-12-19 07:56:08,135] Trial 335 finished with value: 1.1425447463989258 and parameters: {'mlp_n_layers': 3, 'mlp_dim_00': 406, 'mlp_dim_01': 434, 'mlp_dim_02': 294, 'node_hidden_dim': 92, 'edge_hidden_dim': 34, 'depth': 3, 'rep_dropout': 0.003760138091873241, 'train_learning_rate': 0.0024156718842648756, 'train_lr_reduce': 0.6}. Best is trial 231 with value: 0.17593608796596527.
[I 2024-12-19 07:56:08,140] Trial 332 finished with value: 0.3742496967315674 and parameters: {'mlp_n_layers': 2, 'mlp_dim_00': 417, 'mlp_dim_01': 459, 'node_hidden_dim': 114, 'edge_hidden_dim': 125, 'depth': 2, 'rep_dropout': 0.04760956515830786, 'train_learning_rate': 0.006358344048944425, 'train_lr_reduce': 0.6}. Best is trial 231 with value: 0.17593608796596527.
[I 2024-12-19 07:56:12,451] Trial 336 finished with value: 1.146437168121338 and parameters: {'mlp_n_layers': 3, 'mlp_dim_00': 426, 'mlp_dim_01': 466, 'mlp_dim_02': 329, 'node_hidden_dim': 108, 'edge_hidden_dim': 34, 'depth': 2, 'rep_dropout': 0.019187756847794127, 'train_learning_rate': 0.002251552529579624, 'train_lr_reduce': 0.6}. Best is trial 231 with value: 0.17593608796596527.
[I 2024-12-19 07:56:14,338] Trial 337 finished with value: 1.145068645477295 and parameters: {'mlp_n_layers': 2, 'mlp_dim_00': 496, 'mlp_dim_01': 192, 'node_hidden_dim': 104, 'edge_hidden_dim': 65, 'depth': 2, 'rep_dropout': 0.0050995825470876, 'train_learning_rate': 0.0032626746716696467, 'train_lr_reduce': 0.6}. Best is trial 231 with value: 0.17593608796596527.
[I 2024-12-19 07:56:18,774] Trial 339 finished with value: 1.143434762954712 and parameters: {'mlp_n_layers': 3, 'mlp_dim_00': 303, 'mlp_dim_01': 364, 'mlp_dim_02': 342, 'node_hidden_dim': 127, 'edge_hidden_dim': 39, 'depth': 2, 'rep_dropout': 0.03212181552671776, 'train_learning_rate': 0.005213241172543589, 'train_lr_reduce': 0.6}. Best is trial 231 with value: 0.17593608796596527.
[I 2024-12-19 07:56:20,578] Trial 340 finished with value: 1.1425011157989502 and parameters: {'mlp_n_layers': 3, 'mlp_dim_00': 463, 'mlp_dim_01': 495, 'mlp_dim_02': 357, 'node_hidden_dim': 83, 'edge_hidden_dim': 32, 'depth': 2, 'rep_dropout': 0.006672564784744468, 'train_learning_rate': 0.0037296390621473236, 'train_lr_reduce': 0.6}. Best is trial 231 with value: 0.17593608796596527.
[I 2024-12-19 07:56:25,627] Trial 341 finished with value: 1.1436315774917603 and parameters: {'mlp_n_layers': 3, 'mlp_dim_00': 281, 'mlp_dim_01': 366, 'mlp_dim_02': 378, 'node_hidden_dim': 95, 'edge_hidden_dim': 36, 'depth': 2, 'rep_dropout': 0.0652090195877435, 'train_learning_rate': 0.003242665658891462, 'train_lr_reduce': 0.6}. Best is trial 231 with value: 0.17593608796596527.
[I 2024-12-19 07:56:29,482] Trial 338 finished with value: 0.25236523151397705 and parameters: {'mlp_n_layers': 2, 'mlp_dim_00': 510, 'mlp_dim_01': 509, 'node_hidden_dim': 108, 'edge_hidden_dim': 40, 'depth': 2, 'rep_dropout': 0.04427689606275985, 'train_learning_rate': 0.005575489502271512, 'train_lr_reduce': 0.6}. Best is trial 231 with value: 0.17593608796596527.
[I 2024-12-19 07:56:32,484] Trial 343 finished with value: 1.1421339511871338 and parameters: {'mlp_n_layers': 2, 'mlp_dim_00': 466, 'mlp_dim_01': 506, 'node_hidden_dim': 71, 'edge_hidden_dim': 92, 'depth': 3, 'rep_dropout': 0.14779755902011074, 'train_learning_rate': 0.00012818509172815264, 'train_lr_reduce': 0.6}. Best is trial 231 with value: 0.17593608796596527.
