[I 2024-12-25 17:44:24,247] Trial 575 finished with value: 0.07567967474460602 and parameters: {'L1_hidden_dim': 64, 'L1_layers_atom': 3, 'L1_layers_mol': 2, 'L1_dropout': 0.29482291802152505, 'L1_out_dim': 80, 'L2_hidden_dim': 256, 'L2_layers_atom': 3, 'L2_layers_mol': 2, 'L2_out_dim': 32, 'L2_dropout': 0.013276014831222475, 'L3_hidden_dim': 64, 'L3_layers_atom': 4, 'L3_layers_mol': 1, 'L3_out_dim': 128, 'L3_dropout': 0.11126585567103228, 'n_mlp_layers': 3, 'mlp_dim_0': 392, 'mlp_dim_1': 464, 'mlp_dim_2': 88, 'num_heads': 1, 'final_dropout': 0.10475548460981483, 'train_learning_rate': 0.0008428765993744663, 'train_lr_reduce': 0.6}. Best is trial 332 with value: 0.04597867280244827.
[I 2024-12-25 17:45:31,435] Trial 578 finished with value: 0.07118560373783112 and parameters: {'L1_hidden_dim': 64, 'L1_layers_atom': 1, 'L1_layers_mol': 1, 'L1_dropout': 0.08085479409398502, 'L1_out_dim': 32, 'L2_hidden_dim': 160, 'L2_layers_atom': 2, 'L2_layers_mol': 1, 'L2_out_dim': 112, 'L2_dropout': 0.030518867527773216, 'L3_hidden_dim': 80, 'L3_layers_atom': 4, 'L3_layers_mol': 2, 'L3_out_dim': 48, 'L3_dropout': 0.04401344171982026, 'n_mlp_layers': 2, 'mlp_dim_0': 368, 'mlp_dim_1': 472, 'num_heads': 1, 'final_dropout': 0.1827264158634822, 'train_learning_rate': 0.000566811492285377, 'train_lr_reduce': 0.6}. Best is trial 332 with value: 0.04597867280244827.
[I 2024-12-25 17:45:58,332] Trial 577 finished with value: 0.08614002168178558 and parameters: {'L1_hidden_dim': 64, 'L1_layers_atom': 4, 'L1_layers_mol': 2, 'L1_dropout': 0.22201426743940747, 'L1_out_dim': 64, 'L2_hidden_dim': 256, 'L2_layers_atom': 3, 'L2_layers_mol': 4, 'L2_out_dim': 32, 'L2_dropout': 0.014576838127097102, 'L3_hidden_dim': 48, 'L3_layers_atom': 3, 'L3_layers_mol': 3, 'L3_out_dim': 64, 'L3_dropout': 0.029956640015360587, 'n_mlp_layers': 3, 'mlp_dim_0': 320, 'mlp_dim_1': 472, 'mlp_dim_2': 176, 'num_heads': 1, 'final_dropout': 0.13282833493173288, 'train_learning_rate': 0.0022246821039939428, 'train_lr_reduce': 0.6}. Best is trial 332 with value: 0.04597867280244827.
[I 2024-12-25 17:46:02,159] Trial 579 finished with value: 0.06602013111114502 and parameters: {'L1_hidden_dim': 144, 'L1_layers_atom': 2, 'L1_layers_mol': 2, 'L1_dropout': 0.22264542188367067, 'L1_out_dim': 80, 'L2_hidden_dim': 256, 'L2_layers_atom': 3, 'L2_layers_mol': 2, 'L2_out_dim': 64, 'L2_dropout': 0.03426683225477804, 'L3_hidden_dim': 80, 'L3_layers_atom': 3, 'L3_layers_mol': 1, 'L3_out_dim': 64, 'L3_dropout': 0.09244846537371547, 'n_mlp_layers': 3, 'mlp_dim_0': 368, 'mlp_dim_1': 288, 'mlp_dim_2': 32, 'num_heads': 1, 'final_dropout': 0.264660385432169, 'train_learning_rate': 0.0008528306516616767, 'train_lr_reduce': 0.6}. Best is trial 332 with value: 0.04597867280244827.
[I 2024-12-25 17:47:08,386] Trial 581 finished with value: 0.058649249374866486 and parameters: {'L1_hidden_dim': 80, 'L1_layers_atom': 4, 'L1_layers_mol': 3, 'L1_dropout': 0.11440930460223377, 'L1_out_dim': 96, 'L2_hidden_dim': 240, 'L2_layers_atom': 2, 'L2_layers_mol': 4, 'L2_out_dim': 80, 'L2_dropout': 0.006178563600181227, 'L3_hidden_dim': 96, 'L3_layers_atom': 2, 'L3_layers_mol': 1, 'L3_out_dim': 112, 'L3_dropout': 0.03129497677652647, 'n_mlp_layers': 3, 'mlp_dim_0': 320, 'mlp_dim_1': 312, 'mlp_dim_2': 128, 'num_heads': 1, 'final_dropout': 0.08335644131691904, 'train_learning_rate': 0.0019150530417204868, 'train_lr_reduce': 0.6}. Best is trial 332 with value: 0.04597867280244827.
[I 2024-12-25 17:47:24,636] Trial 582 finished with value: 0.07018791139125824 and parameters: {'L1_hidden_dim': 64, 'L1_layers_atom': 4, 'L1_layers_mol': 3, 'L1_dropout': 0.2662610152054844, 'L1_out_dim': 128, 'L2_hidden_dim': 160, 'L2_layers_atom': 1, 'L2_layers_mol': 1, 'L2_out_dim': 128, 'L2_dropout': 0.05800290847845501, 'L3_hidden_dim': 48, 'L3_layers_atom': 2, 'L3_layers_mol': 3, 'L3_out_dim': 128, 'L3_dropout': 0.2573848361658806, 'n_mlp_layers': 2, 'mlp_dim_0': 112, 'mlp_dim_1': 512, 'num_heads': 1, 'final_dropout': 0.10181351439966699, 'train_learning_rate': 0.0009152580998712113, 'train_lr_reduce': 0.6}. Best is trial 332 with value: 0.04597867280244827.
[I 2024-12-25 17:48:12,558] Trial 580 finished with value: 0.09698677062988281 and parameters: {'L1_hidden_dim': 80, 'L1_layers_atom': 3, 'L1_layers_mol': 1, 'L1_dropout': 0.2921481206756594, 'L1_out_dim': 80, 'L2_hidden_dim': 256, 'L2_layers_atom': 1, 'L2_layers_mol': 2, 'L2_out_dim': 32, 'L2_dropout': 0.0813898841104751, 'L3_hidden_dim': 32, 'L3_layers_atom': 3, 'L3_layers_mol': 3, 'L3_out_dim': 96, 'L3_dropout': 0.10832355882149233, 'n_mlp_layers': 3, 'mlp_dim_0': 376, 'mlp_dim_1': 472, 'mlp_dim_2': 112, 'num_heads': 1, 'final_dropout': 0.1494889379588986, 'train_learning_rate': 0.005674780751928995, 'train_lr_reduce': 0.6}. Best is trial 332 with value: 0.04597867280244827.
[I 2024-12-25 17:48:30,922] Trial 584 finished with value: 0.08725085109472275 and parameters: {'L1_hidden_dim': 96, 'L1_layers_atom': 4, 'L1_layers_mol': 3, 'L1_dropout': 0.027299608937426764, 'L1_out_dim': 112, 'L2_hidden_dim': 240, 'L2_layers_atom': 2, 'L2_layers_mol': 4, 'L2_out_dim': 80, 'L2_dropout': 0.03261929378623791, 'L3_hidden_dim': 96, 'L3_layers_atom': 1, 'L3_layers_mol': 1, 'L3_out_dim': 96, 'L3_dropout': 0.002799161706960856, 'n_mlp_layers': 3, 'mlp_dim_0': 264, 'mlp_dim_1': 464, 'mlp_dim_2': 104, 'num_heads': 1, 'final_dropout': 0.06001834293638081, 'train_learning_rate': 0.0016857206243406778, 'train_lr_reduce': 0.6}. Best is trial 332 with value: 0.04597867280244827.
[I 2024-12-25 17:49:27,549] Trial 583 finished with value: 0.08131013065576553 and parameters: {'L1_hidden_dim': 96, 'L1_layers_atom': 3, 'L1_layers_mol': 2, 'L1_dropout': 0.23594745994421593, 'L1_out_dim': 80, 'L2_hidden_dim': 256, 'L2_layers_atom': 3, 'L2_layers_mol': 2, 'L2_out_dim': 128, 'L2_dropout': 0.0679451749474594, 'L3_hidden_dim': 112, 'L3_layers_atom': 3, 'L3_layers_mol': 1, 'L3_out_dim': 128, 'L3_dropout': 0.2204448159219915, 'n_mlp_layers': 2, 'mlp_dim_0': 320, 'mlp_dim_1': 224, 'num_heads': 1, 'final_dropout': 0.0938363061777572, 'train_learning_rate': 0.003993731594969927, 'train_lr_reduce': 0.6}. Best is trial 332 with value: 0.04597867280244827.
[I 2024-12-25 17:50:04,937] Trial 586 finished with value: 0.09446777403354645 and parameters: {'L1_hidden_dim': 96, 'L1_layers_atom': 4, 'L1_layers_mol': 3, 'L1_dropout': 0.10599598704824005, 'L1_out_dim': 80, 'L2_hidden_dim': 240, 'L2_layers_atom': 2, 'L2_layers_mol': 4, 'L2_out_dim': 80, 'L2_dropout': 0.02191268254089991, 'L3_hidden_dim': 80, 'L3_layers_atom': 2, 'L3_layers_mol': 2, 'L3_out_dim': 128, 'L3_dropout': 0.08193820067140538, 'n_mlp_layers': 3, 'mlp_dim_0': 304, 'mlp_dim_1': 320, 'mlp_dim_2': 96, 'num_heads': 1, 'final_dropout': 0.0414935711143464, 'train_learning_rate': 0.0023481566833419222, 'train_lr_reduce': 0.6}. Best is trial 332 with value: 0.04597867280244827.
[I 2024-12-25 17:50:06,864] Trial 585 finished with value: 0.16465213894844055 and parameters: {'L1_hidden_dim': 96, 'L1_layers_atom': 3, 'L1_layers_mol': 2, 'L1_dropout': 0.11727818501414329, 'L1_out_dim': 32, 'L2_hidden_dim': 256, 'L2_layers_atom': 4, 'L2_layers_mol': 4, 'L2_out_dim': 64, 'L2_dropout': 0.07694612242210265, 'L3_hidden_dim': 64, 'L3_layers_atom': 4, 'L3_layers_mol': 4, 'L3_out_dim': 64, 'L3_dropout': 0.22485688455750374, 'n_mlp_layers': 2, 'mlp_dim_0': 40, 'mlp_dim_1': 464, 'num_heads': 1, 'final_dropout': 0.26034622679200975, 'train_learning_rate': 0.00017258390616069287, 'train_lr_reduce': 0.6}. Best is trial 332 with value: 0.04597867280244827.
[I 2024-12-25 17:50:24,374] Trial 588 finished with value: 1.0843089818954468 and parameters: {'L1_hidden_dim': 80, 'L1_layers_atom': 3, 'L1_layers_mol': 4, 'L1_dropout': 0.0978412225472131, 'L1_out_dim': 96, 'L2_hidden_dim': 160, 'L2_layers_atom': 3, 'L2_layers_mol': 4, 'L2_out_dim': 80, 'L2_dropout': 0.016149857625615376, 'L3_hidden_dim': 112, 'L3_layers_atom': 1, 'L3_layers_mol': 1, 'L3_out_dim': 96, 'L3_dropout': 0.13589475730396494, 'n_mlp_layers': 2, 'mlp_dim_0': 416, 'mlp_dim_1': 512, 'num_heads': 1, 'final_dropout': 0.12428422059494834, 'train_learning_rate': 0.0011026229595314267, 'train_lr_reduce': 0.6}. Best is trial 332 with value: 0.04597867280244827.
[I 2024-12-25 17:51:05,620] Trial 587 finished with value: 0.06542690843343735 and parameters: {'L1_hidden_dim': 64, 'L1_layers_atom': 2, 'L1_layers_mol': 3, 'L1_dropout': 0.17698306127418112, 'L1_out_dim': 96, 'L2_hidden_dim': 224, 'L2_layers_atom': 3, 'L2_layers_mol': 3, 'L2_out_dim': 48, 'L2_dropout': 0.04391238229276104, 'L3_hidden_dim': 112, 'L3_layers_atom': 4, 'L3_layers_mol': 1, 'L3_out_dim': 96, 'L3_dropout': 0.0028868142051310386, 'n_mlp_layers': 2, 'mlp_dim_0': 416, 'mlp_dim_1': 440, 'num_heads': 1, 'final_dropout': 0.20364641552781507, 'train_learning_rate': 0.0007458453543389204, 'train_lr_reduce': 0.6}. Best is trial 332 with value: 0.04597867280244827.
[I 2024-12-25 17:52:25,298] Trial 591 finished with value: 0.09478037059307098 and parameters: {'L1_hidden_dim': 96, 'L1_layers_atom': 4, 'L1_layers_mol': 3, 'L1_dropout': 0.21459138168418299, 'L1_out_dim': 112, 'L2_hidden_dim': 176, 'L2_layers_atom': 2, 'L2_layers_mol': 3, 'L2_out_dim': 128, 'L2_dropout': 0.008768065210783854, 'L3_hidden_dim': 112, 'L3_layers_atom': 3, 'L3_layers_mol': 1, 'L3_out_dim': 112, 'L3_dropout': 0.14182420804475962, 'n_mlp_layers': 3, 'mlp_dim_0': 224, 'mlp_dim_1': 512, 'mlp_dim_2': 136, 'num_heads': 1, 'final_dropout': 0.0366615140929144, 'train_learning_rate': 0.0013098536723238907, 'train_lr_reduce': 0.6}. Best is trial 332 with value: 0.04597867280244827.
[I 2024-12-25 17:52:29,295] Trial 590 finished with value: 0.08261747658252716 and parameters: {'L1_hidden_dim': 96, 'L1_layers_atom': 3, 'L1_layers_mol': 2, 'L1_dropout': 0.259301508713985, 'L1_out_dim': 80, 'L2_hidden_dim': 224, 'L2_layers_atom': 2, 'L2_layers_mol': 3, 'L2_out_dim': 48, 'L2_dropout': 0.015350505234873524, 'L3_hidden_dim': 48, 'L3_layers_atom': 4, 'L3_layers_mol': 3, 'L3_out_dim': 96, 'L3_dropout': 0.032134413911058535, 'n_mlp_layers': 3, 'mlp_dim_0': 400, 'mlp_dim_1': 464, 'mlp_dim_2': 80, 'num_heads': 1, 'final_dropout': 0.11067471919892116, 'train_learning_rate': 0.0017217149592955465, 'train_lr_reduce': 0.6}. Best is trial 332 with value: 0.04597867280244827.
[I 2024-12-25 17:53:35,776] Trial 589 finished with value: 0.07022980600595474 and parameters: {'L1_hidden_dim': 80, 'L1_layers_atom': 3, 'L1_layers_mol': 2, 'L1_dropout': 0.14656707643484504, 'L1_out_dim': 32, 'L2_hidden_dim': 256, 'L2_layers_atom': 3, 'L2_layers_mol': 4, 'L2_out_dim': 112, 'L2_dropout': 0.014652304741818405, 'L3_hidden_dim': 32, 'L3_layers_atom': 4, 'L3_layers_mol': 4, 'L3_out_dim': 32, 'L3_dropout': 0.23330208484013087, 'n_mlp_layers': 3, 'mlp_dim_0': 216, 'mlp_dim_1': 440, 'mlp_dim_2': 128, 'num_heads': 2, 'final_dropout': 0.23762833384685272, 'train_learning_rate': 0.0001035316032270894, 'train_lr_reduce': 0.6}. Best is trial 332 with value: 0.04597867280244827.
[I 2024-12-25 17:54:04,259] Trial 592 finished with value: 0.07226212322711945 and parameters: {'L1_hidden_dim': 64, 'L1_layers_atom': 4, 'L1_layers_mol': 3, 'L1_dropout': 0.13196453832225052, 'L1_out_dim': 80, 'L2_hidden_dim': 240, 'L2_layers_atom': 2, 'L2_layers_mol': 3, 'L2_out_dim': 128, 'L2_dropout': 0.054108658915349175, 'L3_hidden_dim': 64, 'L3_layers_atom': 3, 'L3_layers_mol': 2, 'L3_out_dim': 96, 'L3_dropout': 0.1454528638421172, 'n_mlp_layers': 3, 'mlp_dim_0': 160, 'mlp_dim_1': 320, 'mlp_dim_2': 128, 'num_heads': 1, 'final_dropout': 0.04481357381415943, 'train_learning_rate': 0.0010766183666011094, 'train_lr_reduce': 0.6}. Best is trial 332 with value: 0.04597867280244827.
[I 2024-12-25 17:54:32,881] Trial 593 finished with value: 0.08961522579193115 and parameters: {'L1_hidden_dim': 96, 'L1_layers_atom': 3, 'L1_layers_mol': 4, 'L1_dropout': 0.08608360951873958, 'L1_out_dim': 128, 'L2_hidden_dim': 160, 'L2_layers_atom': 3, 'L2_layers_mol': 1, 'L2_out_dim': 112, 'L2_dropout': 0.03746301564229823, 'L3_hidden_dim': 32, 'L3_layers_atom': 4, 'L3_layers_mol': 2, 'L3_out_dim': 128, 'L3_dropout': 0.24039880687688456, 'n_mlp_layers': 1, 'mlp_dim_0': 48, 'num_heads': 2, 'final_dropout': 0.0035999752791336806, 'train_learning_rate': 0.0008425710002014313, 'train_lr_reduce': 0.6}. Best is trial 332 with value: 0.04597867280244827.
[I 2024-12-25 17:54:51,090] Trial 594 finished with value: 0.094441719353199 and parameters: {'L1_hidden_dim': 112, 'L1_layers_atom': 2, 'L1_layers_mol': 3, 'L1_dropout': 0.17280155917843537, 'L1_out_dim': 112, 'L2_hidden_dim': 176, 'L2_layers_atom': 4, 'L2_layers_mol': 1, 'L2_out_dim': 112, 'L2_dropout': 0.07073908624220288, 'L3_hidden_dim': 64, 'L3_layers_atom': 4, 'L3_layers_mol': 1, 'L3_out_dim': 128, 'L3_dropout': 0.26314169684166755, 'n_mlp_layers': 2, 'mlp_dim_0': 160, 'mlp_dim_1': 440, 'num_heads': 2, 'final_dropout': 0.04526158841377851, 'train_learning_rate': 0.0023999850714442514, 'train_lr_reduce': 0.6}. Best is trial 332 with value: 0.04597867280244827.
[I 2024-12-25 17:55:43,110] Trial 595 finished with value: 0.07179457694292068 and parameters: {'L1_hidden_dim': 96, 'L1_layers_atom': 3, 'L1_layers_mol': 1, 'L1_dropout': 0.26061816278180644, 'L1_out_dim': 128, 'L2_hidden_dim': 176, 'L2_layers_atom': 4, 'L2_layers_mol': 1, 'L2_out_dim': 112, 'L2_dropout': 0.13219157074572663, 'L3_hidden_dim': 80, 'L3_layers_atom': 3, 'L3_layers_mol': 1, 'L3_out_dim': 64, 'L3_dropout': 0.2676549752616069, 'n_mlp_layers': 3, 'mlp_dim_0': 40, 'mlp_dim_1': 472, 'mlp_dim_2': 72, 'num_heads': 1, 'final_dropout': 0.007579179308843178, 'train_learning_rate': 0.00047681892037043845, 'train_lr_reduce': 0.6}. Best is trial 332 with value: 0.04597867280244827.
[I 2024-12-25 17:56:29,789] Trial 597 finished with value: 0.16467168927192688 and parameters: {'L1_hidden_dim': 96, 'L1_layers_atom': 4, 'L1_layers_mol': 4, 'L1_dropout': 0.21777393959757887, 'L1_out_dim': 80, 'L2_hidden_dim': 256, 'L2_layers_atom': 2, 'L2_layers_mol': 4, 'L2_out_dim': 32, 'L2_dropout': 0.04134288586642238, 'L3_hidden_dim': 48, 'L3_layers_atom': 4, 'L3_layers_mol': 3, 'L3_out_dim': 80, 'L3_dropout': 0.025703280599611283, 'n_mlp_layers': 2, 'mlp_dim_0': 416, 'mlp_dim_1': 128, 'num_heads': 1, 'final_dropout': 0.2241190839961572, 'train_learning_rate': 0.009340995817232415, 'train_lr_reduce': 0.6}. Best is trial 332 with value: 0.04597867280244827.
[I 2024-12-25 17:57:15,660] Trial 598 finished with value: 0.07194862514734268 and parameters: {'L1_hidden_dim': 80, 'L1_layers_atom': 2, 'L1_layers_mol': 3, 'L1_dropout': 0.20497160747796792, 'L1_out_dim': 112, 'L2_hidden_dim': 208, 'L2_layers_atom': 3, 'L2_layers_mol': 4, 'L2_out_dim': 128, 'L2_dropout': 0.007479062600892154, 'L3_hidden_dim': 64, 'L3_layers_atom': 1, 'L3_layers_mol': 2, 'L3_out_dim': 128, 'L3_dropout': 0.06589872684914991, 'n_mlp_layers': 2, 'mlp_dim_0': 432, 'mlp_dim_1': 272, 'num_heads': 1, 'final_dropout': 0.04827023423060732, 'train_learning_rate': 0.001022975605456691, 'train_lr_reduce': 0.6}. Best is trial 332 with value: 0.04597867280244827.
[I 2024-12-25 17:57:36,293] Trial 596 finished with value: 0.08583426475524902 and parameters: {'L1_hidden_dim': 80, 'L1_layers_atom': 3, 'L1_layers_mol': 4, 'L1_dropout': 0.21722717456152174, 'L1_out_dim': 64, 'L2_hidden_dim': 192, 'L2_layers_atom': 4, 'L2_layers_mol': 2, 'L2_out_dim': 80, 'L2_dropout': 0.03235252529269355, 'L3_hidden_dim': 48, 'L3_layers_atom': 4, 'L3_layers_mol': 1, 'L3_out_dim': 96, 'L3_dropout': 0.2466374235285144, 'n_mlp_layers': 1, 'mlp_dim_0': 104, 'num_heads': 2, 'final_dropout': 0.1820622057500099, 'train_learning_rate': 0.00022234803153609603, 'train_lr_reduce': 0.6}. Best is trial 332 with value: 0.04597867280244827.
[I 2024-12-25 17:57:50,155] Trial 599 finished with value: 0.09322118759155273 and parameters: {'L1_hidden_dim': 112, 'L1_layers_atom': 2, 'L1_layers_mol': 1, 'L1_dropout': 0.19921357764890119, 'L1_out_dim': 112, 'L2_hidden_dim': 192, 'L2_layers_atom': 3, 'L2_layers_mol': 2, 'L2_out_dim': 64, 'L2_dropout': 0.02967950155124446, 'L3_hidden_dim': 32, 'L3_layers_atom': 4, 'L3_layers_mol': 1, 'L3_out_dim': 112, 'L3_dropout': 0.12376824377667589, 'n_mlp_layers': 3, 'mlp_dim_0': 224, 'mlp_dim_1': 424, 'mlp_dim_2': 136, 'num_heads': 1, 'final_dropout': 0.234704385508843, 'train_learning_rate': 0.0015500608983128788, 'train_lr_reduce': 0.6}. Best is trial 332 with value: 0.04597867280244827.
[I 2024-12-25 17:59:16,951] Trial 601 finished with value: 0.11351845413446426 and parameters: {'L1_hidden_dim': 144, 'L1_layers_atom': 1, 'L1_layers_mol': 2, 'L1_dropout': 0.1252335686610963, 'L1_out_dim': 80, 'L2_hidden_dim': 128, 'L2_layers_atom': 1, 'L2_layers_mol': 2, 'L2_out_dim': 128, 'L2_dropout': 0.07788357403803499, 'L3_hidden_dim': 32, 'L3_layers_atom': 4, 'L3_layers_mol': 2, 'L3_out_dim': 128, 'L3_dropout': 0.2754973000998379, 'n_mlp_layers': 2, 'mlp_dim_0': 224, 'mlp_dim_1': 336, 'num_heads': 1, 'final_dropout': 0.008845689542118718, 'train_learning_rate': 0.0002055075508102022, 'train_lr_reduce': 0.6}. Best is trial 332 with value: 0.04597867280244827.
[I 2024-12-25 17:59:30,604] Trial 602 finished with value: 0.06925524026155472 and parameters: {'L1_hidden_dim': 64, 'L1_layers_atom': 2, 'L1_layers_mol': 4, 'L1_dropout': 0.23080725231833732, 'L1_out_dim': 128, 'L2_hidden_dim': 160, 'L2_layers_atom': 2, 'L2_layers_mol': 1, 'L2_out_dim': 96, 'L2_dropout': 0.037647843159586705, 'L3_hidden_dim': 32, 'L3_layers_atom': 1, 'L3_layers_mol': 1, 'L3_out_dim': 80, 'L3_dropout': 0.2951159067543758, 'n_mlp_layers': 3, 'mlp_dim_0': 232, 'mlp_dim_1': 512, 'mlp_dim_2': 152, 'num_heads': 1, 'final_dropout': 0.08812721072647337, 'train_learning_rate': 0.0030000319547161328, 'train_lr_reduce': 0.6}. Best is trial 332 with value: 0.04597867280244827.
[I 2024-12-25 17:59:55,764] Trial 600 finished with value: 0.21426206827163696 and parameters: {'L1_hidden_dim': 80, 'L1_layers_atom': 4, 'L1_layers_mol': 3, 'L1_dropout': 0.13878296392422435, 'L1_out_dim': 80, 'L2_hidden_dim': 192, 'L2_layers_atom': 3, 'L2_layers_mol': 3, 'L2_out_dim': 32, 'L2_dropout': 0.13268312888723546, 'L3_hidden_dim': 64, 'L3_layers_atom': 4, 'L3_layers_mol': 2, 'L3_out_dim': 80, 'L3_dropout': 0.008623603452070416, 'n_mlp_layers': 3, 'mlp_dim_0': 440, 'mlp_dim_1': 480, 'mlp_dim_2': 72, 'num_heads': 1, 'final_dropout': 0.14423009055835712, 'train_learning_rate': 0.00632402230350893, 'train_lr_reduce': 0.6}. Best is trial 332 with value: 0.04597867280244827.
[I 2024-12-25 18:00:46,076] Trial 604 finished with value: 0.09141072630882263 and parameters: {'L1_hidden_dim': 80, 'L1_layers_atom': 4, 'L1_layers_mol': 2, 'L1_dropout': 0.12285677981066163, 'L1_out_dim': 96, 'L2_hidden_dim': 224, 'L2_layers_atom': 2, 'L2_layers_mol': 4, 'L2_out_dim': 80, 'L2_dropout': 0.11197939050232805, 'L3_hidden_dim': 128, 'L3_layers_atom': 2, 'L3_layers_mol': 2, 'L3_out_dim': 80, 'L3_dropout': 0.10171651182821946, 'n_mlp_layers': 3, 'mlp_dim_0': 288, 'mlp_dim_1': 424, 'mlp_dim_2': 136, 'num_heads': 1, 'final_dropout': 0.07324283214327576, 'train_learning_rate': 0.0009355355682721223, 'train_lr_reduce': 0.6}. Best is trial 332 with value: 0.04597867280244827.
[I 2024-12-25 18:00:54,373] Trial 603 finished with value: 0.08472931385040283 and parameters: {'L1_hidden_dim': 80, 'L1_layers_atom': 3, 'L1_layers_mol': 2, 'L1_dropout': 0.29903439665917714, 'L1_out_dim': 128, 'L2_hidden_dim': 208, 'L2_layers_atom': 4, 'L2_layers_mol': 1, 'L2_out_dim': 96, 'L2_dropout': 0.06538056499657893, 'L3_hidden_dim': 32, 'L3_layers_atom': 2, 'L3_layers_mol': 1, 'L3_out_dim': 32, 'L3_dropout': 0.2775073336213116, 'n_mlp_layers': 3, 'mlp_dim_0': 88, 'mlp_dim_1': 424, 'mlp_dim_2': 32, 'num_heads': 1, 'final_dropout': 0.01594758438180883, 'train_learning_rate': 0.0011892395154205354, 'train_lr_reduce': 0.6}. Best is trial 332 with value: 0.04597867280244827.
[I 2024-12-25 18:01:13,487] Trial 605 finished with value: 0.061379507184028625 and parameters: {'L1_hidden_dim': 96, 'L1_layers_atom': 3, 'L1_layers_mol': 3, 'L1_dropout': 0.13429676954597403, 'L1_out_dim': 96, 'L2_hidden_dim': 224, 'L2_layers_atom': 2, 'L2_layers_mol': 3, 'L2_out_dim': 64, 'L2_dropout': 0.03454703469029079, 'L3_hidden_dim': 128, 'L3_layers_atom': 2, 'L3_layers_mol': 1, 'L3_out_dim': 112, 'L3_dropout': 0.06969787551823789, 'n_mlp_layers': 3, 'mlp_dim_0': 296, 'mlp_dim_1': 512, 'mlp_dim_2': 104, 'num_heads': 1, 'final_dropout': 0.10626782044690211, 'train_learning_rate': 0.0013816708211772599, 'train_lr_reduce': 0.6}. Best is trial 332 with value: 0.04597867280244827.
[I 2024-12-25 18:02:38,353] Trial 607 finished with value: 0.08525808900594711 and parameters: {'L1_hidden_dim': 80, 'L1_layers_atom': 4, 'L1_layers_mol': 2, 'L1_dropout': 0.23331237869799187, 'L1_out_dim': 128, 'L2_hidden_dim': 224, 'L2_layers_atom': 3, 'L2_layers_mol': 1, 'L2_out_dim': 112, 'L2_dropout': 0.03181469589744391, 'L3_hidden_dim': 64, 'L3_layers_atom': 4, 'L3_layers_mol': 1, 'L3_out_dim': 64, 'L3_dropout': 0.25338745240198773, 'n_mlp_layers': 3, 'mlp_dim_0': 48, 'mlp_dim_1': 320, 'mlp_dim_2': 160, 'num_heads': 1, 'final_dropout': 0.025867978056803086, 'train_learning_rate': 0.0035095964121585796, 'train_lr_reduce': 0.6}. Best is trial 332 with value: 0.04597867280244827.
[I 2024-12-25 18:02:48,816] Trial 606 finished with value: 0.08964535593986511 and parameters: {'L1_hidden_dim': 144, 'L1_layers_atom': 1, 'L1_layers_mol': 1, 'L1_dropout': 0.1790825454756355, 'L1_out_dim': 32, 'L2_hidden_dim': 224, 'L2_layers_atom': 2, 'L2_layers_mol': 3, 'L2_out_dim': 112, 'L2_dropout': 0.017645028728692502, 'L3_hidden_dim': 128, 'L3_layers_atom': 3, 'L3_layers_mol': 3, 'L3_out_dim': 96, 'L3_dropout': 0.17153592457177572, 'n_mlp_layers': 2, 'mlp_dim_0': 80, 'mlp_dim_1': 464, 'num_heads': 2, 'final_dropout': 0.26771643464767053, 'train_learning_rate': 0.00047625746365466377, 'train_lr_reduce': 0.6}. Best is trial 332 with value: 0.04597867280244827.
