[I 2024-12-04 17:42:51,856] Trial 1048 finished with value: 0.3247396925258875 and parameters: {'n_estimators': 868, 'max_depth': 6, 'learning_rate': 0.07342956721159564, 'subsample': 0.7709218244464778, 'colsample_bytree': 0.7224132868698464, 'min_child_weight': 2, 'gamma': 0.0009049610471237549, 'reg_alpha': 6.734607950668047e-05, 'reg_lambda': 0.014328820095498246}. Best is trial 1028 with value: 0.30714193220690206.
[I 2024-12-04 17:42:53,695] Trial 1049 finished with value: 0.31695895845197286 and parameters: {'n_estimators': 891, 'max_depth': 6, 'learning_rate': 0.0741222800500693, 'subsample': 0.771408512874208, 'colsample_bytree': 0.7226252749558256, 'min_child_weight': 2, 'gamma': 0.0005898458245771211, 'reg_alpha': 6.204449667508057e-05, 'reg_lambda': 0.017950949641339257}. Best is trial 1028 with value: 0.30714193220690206.
[I 2024-12-04 17:42:55,348] Trial 1050 finished with value: 0.3179650976107366 and parameters: {'n_estimators': 916, 'max_depth': 6, 'learning_rate': 0.07276698564209354, 'subsample': 0.7723743808215018, 'colsample_bytree': 0.7194217580004607, 'min_child_weight': 2, 'gamma': 0.0008151090217216474, 'reg_alpha': 5.5367411728825364e-05, 'reg_lambda': 0.01766404253747661}. Best is trial 1028 with value: 0.30714193220690206.
[I 2024-12-04 17:42:56,835] Trial 1051 finished with value: 0.3099216964894463 and parameters: {'n_estimators': 905, 'max_depth': 6, 'learning_rate': 0.0734677318907466, 'subsample': 0.7700476585301811, 'colsample_bytree': 0.7170447010567196, 'min_child_weight': 2, 'gamma': 0.0006859514946466068, 'reg_alpha': 5.416368068106126e-05, 'reg_lambda': 0.01976448746070016}. Best is trial 1028 with value: 0.30714193220690206.
[I 2024-12-04 17:42:58,283] Trial 1052 finished with value: 0.31013728973577814 and parameters: {'n_estimators': 893, 'max_depth': 6, 'learning_rate': 0.07351993838642015, 'subsample': 0.7729422484104053, 'colsample_bytree': 0.7181887117300088, 'min_child_weight': 2, 'gamma': 0.0006296105577458939, 'reg_alpha': 5.70864389508585e-05, 'reg_lambda': 0.01544802788089108}. Best is trial 1028 with value: 0.30714193220690206.
[I 2024-12-04 17:42:59,830] Trial 1053 finished with value: 0.3172069874346839 and parameters: {'n_estimators': 887, 'max_depth': 6, 'learning_rate': 0.07276717057301138, 'subsample': 0.7708995320853969, 'colsample_bytree': 0.7169998833828286, 'min_child_weight': 2, 'gamma': 0.000693181778084538, 'reg_alpha': 7.384747397564415e-05, 'reg_lambda': 0.013154865139493535}. Best is trial 1028 with value: 0.30714193220690206.
[I 2024-12-04 17:43:01,286] Trial 1054 finished with value: 0.32043586933487955 and parameters: {'n_estimators': 886, 'max_depth': 6, 'learning_rate': 0.0725042775307449, 'subsample': 0.7714116939688768, 'colsample_bytree': 0.7202409039500726, 'min_child_weight': 2, 'gamma': 0.0008828533696110478, 'reg_alpha': 0.00010024230876739241, 'reg_lambda': 0.01380173017970425}. Best is trial 1028 with value: 0.30714193220690206.
[I 2024-12-04 17:43:02,780] Trial 1055 finished with value: 0.3150141804585809 and parameters: {'n_estimators': 912, 'max_depth': 6, 'learning_rate': 0.07347513525220252, 'subsample': 0.7730485751925837, 'colsample_bytree': 0.7197143540084945, 'min_child_weight': 2, 'gamma': 0.000694096677818187, 'reg_alpha': 6.894658790436203e-05, 'reg_lambda': 0.01575396764239887}. Best is trial 1028 with value: 0.30714193220690206.
[I 2024-12-04 17:43:04,289] Trial 1056 finished with value: 0.313250775279433 and parameters: {'n_estimators': 881, 'max_depth': 6, 'learning_rate': 0.07357685486990141, 'subsample': 0.770323424311947, 'colsample_bytree': 0.7197947671162925, 'min_child_weight': 2, 'gamma': 0.0006089211590197327, 'reg_alpha': 6.954763295226753e-05, 'reg_lambda': 0.016814587633691487}. Best is trial 1028 with value: 0.30714193220690206.
[I 2024-12-04 17:43:05,684] Trial 1057 finished with value: 0.31288223896761624 and parameters: {'n_estimators': 883, 'max_depth': 6, 'learning_rate': 0.07230903896703522, 'subsample': 0.7734146555911439, 'colsample_bytree': 0.7205029533457596, 'min_child_weight': 2, 'gamma': 0.0007043238982940834, 'reg_alpha': 6.735741106681264e-05, 'reg_lambda': 0.014125483731465278}. Best is trial 1028 with value: 0.30714193220690206.
[I 2024-12-04 17:43:07,125] Trial 1058 finished with value: 0.3173572571063285 and parameters: {'n_estimators': 883, 'max_depth': 6, 'learning_rate': 0.07135406036019816, 'subsample': 0.7677494191988257, 'colsample_bytree': 0.7193964543858, 'min_child_weight': 2, 'gamma': 0.0007256663778319579, 'reg_alpha': 7.1058432064771e-05, 'reg_lambda': 0.015775907009538903}. Best is trial 1028 with value: 0.30714193220690206.
[I 2024-12-04 17:43:08,626] Trial 1059 finished with value: 0.3149517417430957 and parameters: {'n_estimators': 904, 'max_depth': 6, 'learning_rate': 0.07191420788008054, 'subsample': 0.7721901841384959, 'colsample_bytree': 0.7175688088107729, 'min_child_weight': 2, 'gamma': 0.0008205787119077664, 'reg_alpha': 5.8253237135113784e-05, 'reg_lambda': 0.015185729810341523}. Best is trial 1028 with value: 0.30714193220690206.
[I 2024-12-04 17:43:10,105] Trial 1060 finished with value: 0.31352106618060044 and parameters: {'n_estimators': 910, 'max_depth': 6, 'learning_rate': 0.07219346783105607, 'subsample': 0.7730794949669679, 'colsample_bytree': 0.7210424603840241, 'min_child_weight': 2, 'gamma': 0.0006612930632878325, 'reg_alpha': 4.944970305269946e-05, 'reg_lambda': 0.016340210564398144}. Best is trial 1028 with value: 0.30714193220690206.
[I 2024-12-04 17:43:11,646] Trial 1061 finished with value: 0.31171164763239634 and parameters: {'n_estimators': 900, 'max_depth': 6, 'learning_rate': 0.07220979655095637, 'subsample': 0.7670004670198826, 'colsample_bytree': 0.7192842799212775, 'min_child_weight': 2, 'gamma': 0.0006745099046304107, 'reg_alpha': 5.299671813408868e-05, 'reg_lambda': 0.01686555904005731}. Best is trial 1028 with value: 0.30714193220690206.
[I 2024-12-04 17:43:13,083] Trial 1062 finished with value: 0.3196525175187374 and parameters: {'n_estimators': 907, 'max_depth': 6, 'learning_rate': 0.07299537648241815, 'subsample': 0.772771239185685, 'colsample_bytree': 0.7153983588849078, 'min_child_weight': 2, 'gamma': 0.0006276182945327805, 'reg_alpha': 6.324996315410496e-05, 'reg_lambda': 0.01764936417535078}. Best is trial 1028 with value: 0.30714193220690206.
[I 2024-12-04 17:43:14,500] Trial 1063 finished with value: 0.3109692014426735 and parameters: {'n_estimators': 894, 'max_depth': 6, 'learning_rate': 0.07284339002404172, 'subsample': 0.7661444613479355, 'colsample_bytree': 0.7161854264542585, 'min_child_weight': 2, 'gamma': 0.0006175895725094019, 'reg_alpha': 4.905689806984232e-05, 'reg_lambda': 0.01731584524855664}. Best is trial 1028 with value: 0.30714193220690206.
[I 2024-12-04 17:43:16,062] Trial 1064 finished with value: 0.307687722667327 and parameters: {'n_estimators': 904, 'max_depth': 6, 'learning_rate': 0.07406872868301399, 'subsample': 0.7676822089287906, 'colsample_bytree': 0.7199291659676967, 'min_child_weight': 2, 'gamma': 0.0006889859827328425, 'reg_alpha': 5.1931697624755335e-05, 'reg_lambda': 0.016176801939848762}. Best is trial 1028 with value: 0.30714193220690206.
[I 2024-12-04 17:43:17,506] Trial 1065 finished with value: 0.31597743543038587 and parameters: {'n_estimators': 894, 'max_depth': 6, 'learning_rate': 0.07146415414110903, 'subsample': 0.772493261938493, 'colsample_bytree': 0.7217897878755215, 'min_child_weight': 2, 'gamma': 0.0006319013100950975, 'reg_alpha': 4.034878023077498e-05, 'reg_lambda': 0.017130500815997186}. Best is trial 1028 with value: 0.30714193220690206.
[I 2024-12-04 17:43:18,940] Trial 1066 finished with value: 0.31856650398400993 and parameters: {'n_estimators': 902, 'max_depth': 6, 'learning_rate': 0.07434408951991271, 'subsample': 0.7727540879863989, 'colsample_bytree': 0.7159767722727418, 'min_child_weight': 2, 'gamma': 0.0005809866896397416, 'reg_alpha': 6.714329211553635e-05, 'reg_lambda': 0.01639376404153056}. Best is trial 1028 with value: 0.30714193220690206.
[I 2024-12-04 17:43:20,356] Trial 1067 finished with value: 0.3123926911850299 and parameters: {'n_estimators': 911, 'max_depth': 6, 'learning_rate': 0.07330761818001794, 'subsample': 0.7733179094149685, 'colsample_bytree': 0.7171228027068828, 'min_child_weight': 2, 'gamma': 0.0005609142967840188, 'reg_alpha': 5.4355527350560176e-05, 'reg_lambda': 0.015783662748199506}. Best is trial 1028 with value: 0.30714193220690206.
[I 2024-12-04 17:43:21,853] Trial 1068 finished with value: 0.31562169647320026 and parameters: {'n_estimators': 921, 'max_depth': 6, 'learning_rate': 0.07488530049851745, 'subsample': 0.7717488844072505, 'colsample_bytree': 0.7179499638107618, 'min_child_weight': 2, 'gamma': 0.000748296140985701, 'reg_alpha': 7.314068056970528e-05, 'reg_lambda': 0.017706874779059387}. Best is trial 1028 with value: 0.30714193220690206.
[I 2024-12-04 17:43:24,459] Trial 1069 finished with value: 0.31140647418809786 and parameters: {'n_estimators': 903, 'max_depth': 6, 'learning_rate': 0.07144570559188766, 'subsample': 0.771283427191534, 'colsample_bytree': 0.7201413309614151, 'min_child_weight': 2, 'gamma': 0.0006893093688968997, 'reg_alpha': 4.393044508547562e-05, 'reg_lambda': 0.015140323481325973}. Best is trial 1028 with value: 0.30714193220690206.
[I 2024-12-04 17:43:25,876] Trial 1070 finished with value: 0.3210719340616012 and parameters: {'n_estimators': 889, 'max_depth': 6, 'learning_rate': 0.07367485770802809, 'subsample': 0.7639504624054525, 'colsample_bytree': 0.719552574166952, 'min_child_weight': 2, 'gamma': 0.0006670316971307922, 'reg_alpha': 5.4907319362370236e-05, 'reg_lambda': 0.0145382032358867}. Best is trial 1028 with value: 0.30714193220690206.
[I 2024-12-04 17:43:27,303] Trial 1071 finished with value: 0.3145888408436101 and parameters: {'n_estimators': 913, 'max_depth': 6, 'learning_rate': 0.07339083986810015, 'subsample': 0.770933485478619, 'colsample_bytree': 0.7202208010516522, 'min_child_weight': 2, 'gamma': 0.0006438867591360636, 'reg_alpha': 5.7739629093903615e-05, 'reg_lambda': 0.017922563418890494}. Best is trial 1028 with value: 0.30714193220690206.
[I 2024-12-04 17:43:28,730] Trial 1072 finished with value: 0.31882933310297873 and parameters: {'n_estimators': 889, 'max_depth': 6, 'learning_rate': 0.0724452402545902, 'subsample': 0.7644739903874778, 'colsample_bytree': 0.7213148445100313, 'min_child_weight': 2, 'gamma': 0.0007038092773382169, 'reg_alpha': 4.746074366722368e-05, 'reg_lambda': 0.014315452252187113}. Best is trial 1028 with value: 0.30714193220690206.
[I 2024-12-04 17:43:30,276] Trial 1073 finished with value: 0.31202389021499105 and parameters: {'n_estimators': 898, 'max_depth': 6, 'learning_rate': 0.07203727734171272, 'subsample': 0.768759135305071, 'colsample_bytree': 0.7235750959201994, 'min_child_weight': 2, 'gamma': 0.0007673739120200133, 'reg_alpha': 4.623314260326376e-05, 'reg_lambda': 0.01663790050781537}. Best is trial 1028 with value: 0.30714193220690206.
[I 2024-12-04 17:43:31,694] Trial 1074 finished with value: 0.3183613816777115 and parameters: {'n_estimators': 895, 'max_depth': 6, 'learning_rate': 0.07277439388774257, 'subsample': 0.7700209618178078, 'colsample_bytree': 0.7163291713671835, 'min_child_weight': 2, 'gamma': 0.0007205561065367228, 'reg_alpha': 5.2102950130076806e-05, 'reg_lambda': 0.016713327232521172}. Best is trial 1028 with value: 0.30714193220690206.
[I 2024-12-04 17:43:33,093] Trial 1075 finished with value: 0.31394977032325844 and parameters: {'n_estimators': 899, 'max_depth': 6, 'learning_rate': 0.0724952388867947, 'subsample': 0.7675721435950744, 'colsample_bytree': 0.7199005389970948, 'min_child_weight': 2, 'gamma': 0.0006318449806282163, 'reg_alpha': 5.5946877909003804e-05, 'reg_lambda': 0.012672861349870338}. Best is trial 1028 with value: 0.30714193220690206.
[I 2024-12-04 17:43:34,501] Trial 1076 finished with value: 0.31854625189513597 and parameters: {'n_estimators': 888, 'max_depth': 6, 'learning_rate': 0.0734695754486076, 'subsample': 0.7721658397005386, 'colsample_bytree': 0.7181839018399203, 'min_child_weight': 2, 'gamma': 0.0005786084025770343, 'reg_alpha': 5.0446718329423536e-05, 'reg_lambda': 0.020475873472530683}. Best is trial 1028 with value: 0.30714193220690206.
[I 2024-12-04 17:43:36,030] Trial 1077 finished with value: 0.3140163265851155 and parameters: {'n_estimators': 902, 'max_depth': 6, 'learning_rate': 0.07365311960364944, 'subsample': 0.7640447447586096, 'colsample_bytree': 0.7195185637984755, 'min_child_weight': 2, 'gamma': 0.0006486064454527167, 'reg_alpha': 5.994822308506018e-05, 'reg_lambda': 0.01751060614498518}. Best is trial 1028 with value: 0.30714193220690206.
[I 2024-12-04 17:43:37,444] Trial 1078 finished with value: 0.3145629704408342 and parameters: {'n_estimators': 904, 'max_depth': 6, 'learning_rate': 0.07463484192891594, 'subsample': 0.7687050248301975, 'colsample_bytree': 0.7189093605245391, 'min_child_weight': 2, 'gamma': 0.0006051080269083498, 'reg_alpha': 6.420743280938245e-05, 'reg_lambda': 0.01726005668107992}. Best is trial 1028 with value: 0.30714193220690206.
[I 2024-12-04 17:43:38,947] Trial 1079 finished with value: 0.32233727277313334 and parameters: {'n_estimators': 899, 'max_depth': 6, 'learning_rate': 0.07157046633086675, 'subsample': 0.7708695537399906, 'colsample_bytree': 0.7211502400317188, 'min_child_weight': 2, 'gamma': 0.0007901715109641449, 'reg_alpha': 5.758292788738915e-05, 'reg_lambda': 0.01038314220378146}. Best is trial 1028 with value: 0.30714193220690206.
[I 2024-12-04 17:43:40,365] Trial 1080 finished with value: 0.3131997657679992 and parameters: {'n_estimators': 896, 'max_depth': 6, 'learning_rate': 0.07147443135518075, 'subsample': 0.7737268426540116, 'colsample_bytree': 0.7192299752945972, 'min_child_weight': 2, 'gamma': 0.000760305948912268, 'reg_alpha': 5.332048530988551e-05, 'reg_lambda': 0.01337791722118061}. Best is trial 1028 with value: 0.30714193220690206.
[I 2024-12-04 17:43:41,780] Trial 1081 finished with value: 0.31536617440782955 and parameters: {'n_estimators': 898, 'max_depth': 6, 'learning_rate': 0.07123546318176421, 'subsample': 0.7712979442594792, 'colsample_bytree': 0.7210215879827782, 'min_child_weight': 2, 'gamma': 0.0007474017664910682, 'reg_alpha': 4.66840323907519e-05, 'reg_lambda': 0.015272526693168642}. Best is trial 1028 with value: 0.30714193220690206.
[I 2024-12-04 17:43:43,208] Trial 1082 finished with value: 0.31231418355004137 and parameters: {'n_estimators': 906, 'max_depth': 6, 'learning_rate': 0.0728772804883379, 'subsample': 0.7698499147296617, 'colsample_bytree': 0.7190439823993044, 'min_child_weight': 2, 'gamma': 0.0007146717803579097, 'reg_alpha': 5.60049212491099e-05, 'reg_lambda': 0.015068697046374554}. Best is trial 1028 with value: 0.30714193220690206.
[I 2024-12-04 17:43:44,640] Trial 1083 finished with value: 0.31080578751209326 and parameters: {'n_estimators': 909, 'max_depth': 6, 'learning_rate': 0.07177826411090958, 'subsample': 0.7687042339367915, 'colsample_bytree': 0.7186852988848332, 'min_child_weight': 2, 'gamma': 0.0006931064349752178, 'reg_alpha': 4.634594379711365e-05, 'reg_lambda': 0.014643406850712727}. Best is trial 1028 with value: 0.30714193220690206.
[I 2024-12-04 17:43:46,062] Trial 1084 finished with value: 0.31298054784102064 and parameters: {'n_estimators': 897, 'max_depth': 6, 'learning_rate': 0.0725121421857518, 'subsample': 0.7704536254805828, 'colsample_bytree': 0.7226339264236694, 'min_child_weight': 2, 'gamma': 0.000644127565812314, 'reg_alpha': 4.05752512364526e-05, 'reg_lambda': 0.014223693649239338}. Best is trial 1028 with value: 0.30714193220690206.
[I 2024-12-04 17:43:47,506] Trial 1085 finished with value: 0.3148110911130089 and parameters: {'n_estimators': 890, 'max_depth': 6, 'learning_rate': 0.07022488312371544, 'subsample': 0.7686172703542468, 'colsample_bytree': 0.7232066352984194, 'min_child_weight': 2, 'gamma': 0.0007819321605582348, 'reg_alpha': 4.502295640348695e-05, 'reg_lambda': 0.01208257485791701}. Best is trial 1028 with value: 0.30714193220690206.
[I 2024-12-04 17:43:48,948] Trial 1086 finished with value: 0.314892901436722 and parameters: {'n_estimators': 900, 'max_depth': 6, 'learning_rate': 0.07112172400620044, 'subsample': 0.7692322395031438, 'colsample_bytree': 0.7214202108760275, 'min_child_weight': 2, 'gamma': 0.0008410443650782918, 'reg_alpha': 4.525120162378745e-05, 'reg_lambda': 0.014181755058687844}. Best is trial 1028 with value: 0.30714193220690206.
[I 2024-12-04 17:43:50,382] Trial 1087 finished with value: 0.3139291308402528 and parameters: {'n_estimators': 904, 'max_depth': 6, 'learning_rate': 0.07275355983932773, 'subsample': 0.7694994665851429, 'colsample_bytree': 0.7160476194744904, 'min_child_weight': 2, 'gamma': 0.0006844243588344269, 'reg_alpha': 4.8184063613041936e-05, 'reg_lambda': 0.015383022467054492}. Best is trial 1028 with value: 0.30714193220690206.
[I 2024-12-04 17:43:51,799] Trial 1088 finished with value: 0.31402402747981684 and parameters: {'n_estimators': 909, 'max_depth': 6, 'learning_rate': 0.07199378799094183, 'subsample': 0.7705023213682365, 'colsample_bytree': 0.7213298378783574, 'min_child_weight': 2, 'gamma': 0.000713368718265134, 'reg_alpha': 4.309511795956764e-05, 'reg_lambda': 0.017826125200485307}. Best is trial 1028 with value: 0.30714193220690206.
[I 2024-12-04 17:43:53,379] Trial 1089 finished with value: 0.3119125786647001 and parameters: {'n_estimators': 897, 'max_depth': 6, 'learning_rate': 0.07314869487224526, 'subsample': 0.766740298852797, 'colsample_bytree': 0.7248893093379027, 'min_child_weight': 2, 'gamma': 0.0007898921698847975, 'reg_alpha': 5.9465250477682514e-05, 'reg_lambda': 0.013406765520243422}. Best is trial 1028 with value: 0.30714193220690206.
[I 2024-12-04 17:43:54,853] Trial 1090 finished with value: 0.3145327796436594 and parameters: {'n_estimators': 910, 'max_depth': 6, 'learning_rate': 0.0712438414447911, 'subsample': 0.7709997451693439, 'colsample_bytree': 0.7204285840319389, 'min_child_weight': 2, 'gamma': 0.0006931971197008345, 'reg_alpha': 3.854521908573509e-05, 'reg_lambda': 0.014233246226239752}. Best is trial 1028 with value: 0.30714193220690206.
[I 2024-12-04 17:43:56,410] Trial 1091 finished with value: 0.3158791805602744 and parameters: {'n_estimators': 899, 'max_depth': 6, 'learning_rate': 0.07193290115519574, 'subsample': 0.7681914863521584, 'colsample_bytree': 0.7203946653552512, 'min_child_weight': 2, 'gamma': 0.0007790696992911577, 'reg_alpha': 4.985720673449005e-05, 'reg_lambda': 0.012486845001384264}. Best is trial 1028 with value: 0.30714193220690206.
[I 2024-12-04 17:43:57,893] Trial 1092 finished with value: 0.3176518925780992 and parameters: {'n_estimators': 901, 'max_depth': 6, 'learning_rate': 0.07250211867568568, 'subsample': 0.768072935257869, 'colsample_bytree': 0.7195358351796793, 'min_child_weight': 2, 'gamma': 0.000637606516041181, 'reg_alpha': 5.285854942136202e-05, 'reg_lambda': 0.0145243977190684}. Best is trial 1028 with value: 0.30714193220690206.
[I 2024-12-04 17:43:59,302] Trial 1093 finished with value: 0.3141533611953128 and parameters: {'n_estimators': 905, 'max_depth': 6, 'learning_rate': 0.07212586011617607, 'subsample': 0.7702081928567053, 'colsample_bytree': 0.7215366349930121, 'min_child_weight': 2, 'gamma': 0.0006478951528429405, 'reg_alpha': 4.7428875647179244e-05, 'reg_lambda': 0.014073146790196292}. Best is trial 1028 with value: 0.30714193220690206.
[I 2024-12-04 17:44:00,729] Trial 1094 finished with value: 0.31313326991246304 and parameters: {'n_estimators': 898, 'max_depth': 6, 'learning_rate': 0.07223357053369783, 'subsample': 0.7690011821051834, 'colsample_bytree': 0.7206473550706289, 'min_child_weight': 2, 'gamma': 0.0008346132141648788, 'reg_alpha': 5.0050701549017965e-05, 'reg_lambda': 0.01433982813199682}. Best is trial 1028 with value: 0.30714193220690206.
[I 2024-12-04 17:44:02,135] Trial 1095 finished with value: 0.30949616981163164 and parameters: {'n_estimators': 901, 'max_depth': 6, 'learning_rate': 0.07318933766825246, 'subsample': 0.7703178315018839, 'colsample_bytree': 0.7176492819997664, 'min_child_weight': 2, 'gamma': 0.0006650590234046766, 'reg_alpha': 5.869483312993357e-05, 'reg_lambda': 0.013687644489871547}. Best is trial 1028 with value: 0.30714193220690206.
[I 2024-12-04 17:44:03,543] Trial 1096 finished with value: 0.3083211855106161 and parameters: {'n_estimators': 903, 'max_depth': 6, 'learning_rate': 0.07296749543557528, 'subsample': 0.7667184852857989, 'colsample_bytree': 0.7242420537140524, 'min_child_weight': 2, 'gamma': 0.0007677304433907785, 'reg_alpha': 4.017619279082263e-05, 'reg_lambda': 0.013711053910067734}. Best is trial 1028 with value: 0.30714193220690206.
[I 2024-12-04 17:44:04,940] Trial 1097 finished with value: 0.31428783110402797 and parameters: {'n_estimators': 903, 'max_depth': 6, 'learning_rate': 0.0724568359372428, 'subsample': 0.7704884368081868, 'colsample_bytree': 0.7224569187332495, 'min_child_weight': 2, 'gamma': 0.0006992329877532484, 'reg_alpha': 4.8963635825744315e-05, 'reg_lambda': 0.016679628243727596}. Best is trial 1028 with value: 0.30714193220690206.
[I 2024-12-04 17:44:06,352] Trial 1098 finished with value: 0.32050122703231265 and parameters: {'n_estimators': 898, 'max_depth': 6, 'learning_rate': 0.07246045713324129, 'subsample': 0.7717022957024133, 'colsample_bytree': 0.7192813736275968, 'min_child_weight': 2, 'gamma': 0.0006908364536140967, 'reg_alpha': 4.917525553369922e-05, 'reg_lambda': 0.014543429857910009}. Best is trial 1028 with value: 0.30714193220690206.
