[I 2024-12-19 18:40:02,556] Trial 494 finished with value: 0.22760449349880219 and parameters: {'mlp_n_layers': 4, 'mlp_dim_00': 430, 'mlp_dim_01': 397, 'mlp_dim_02': 418, 'mlp_dim_03': 432, 'node_hidden_dim': 88, 'edge_hidden_dim': 61, 'depth': 1, 'rep_dropout': 0.06430796168319212, 'train_learning_rate': 0.0005855440194323897, 'train_lr_reduce': 0.6}. Best is trial 122 with value: 0.09548358619213104.
[I 2024-12-19 18:40:05,247] Trial 495 finished with value: 0.1060590073466301 and parameters: {'mlp_n_layers': 4, 'mlp_dim_00': 502, 'mlp_dim_01': 470, 'mlp_dim_02': 212, 'mlp_dim_03': 471, 'node_hidden_dim': 57, 'edge_hidden_dim': 55, 'depth': 1, 'rep_dropout': 0.12423811516876745, 'train_learning_rate': 0.0007078661427596303, 'train_lr_reduce': 0.6}. Best is trial 122 with value: 0.09548358619213104.
[I 2024-12-19 18:40:11,212] Trial 501 finished with value: 1.675003170967102 and parameters: {'mlp_n_layers': 4, 'mlp_dim_00': 493, 'mlp_dim_01': 512, 'mlp_dim_02': 220, 'mlp_dim_03': 478, 'node_hidden_dim': 68, 'edge_hidden_dim': 61, 'depth': 1, 'rep_dropout': 0.14071160513596667, 'train_learning_rate': 0.00047202934566332707, 'train_lr_reduce': 0.6}. Best is trial 122 with value: 0.09548358619213104.
[I 2024-12-19 18:40:16,826] Trial 502 finished with value: 1.6785600185394287 and parameters: {'mlp_n_layers': 4, 'mlp_dim_00': 107, 'mlp_dim_01': 310, 'mlp_dim_02': 217, 'mlp_dim_03': 478, 'node_hidden_dim': 33, 'edge_hidden_dim': 98, 'depth': 4, 'rep_dropout': 0.01168885292267409, 'train_learning_rate': 0.0006061657135387965, 'train_lr_reduce': 0.6}. Best is trial 122 with value: 0.09548358619213104.
[I 2024-12-19 18:40:22,407] Trial 503 finished with value: 1.683275580406189 and parameters: {'mlp_n_layers': 4, 'mlp_dim_00': 427, 'mlp_dim_01': 367, 'mlp_dim_02': 224, 'mlp_dim_03': 476, 'node_hidden_dim': 48, 'edge_hidden_dim': 61, 'depth': 1, 'rep_dropout': 0.12561842842882476, 'train_learning_rate': 0.000620945444350785, 'train_lr_reduce': 0.6}. Best is trial 122 with value: 0.09548358619213104.
[I 2024-12-19 18:40:27,426] Trial 504 finished with value: 1.6858456134796143 and parameters: {'mlp_n_layers': 3, 'mlp_dim_00': 70, 'mlp_dim_01': 285, 'mlp_dim_02': 207, 'node_hidden_dim': 98, 'edge_hidden_dim': 71, 'depth': 2, 'rep_dropout': 0.029369531823675556, 'train_learning_rate': 0.00026804422333841265, 'train_lr_reduce': 0.6}. Best is trial 122 with value: 0.09548358619213104.
[I 2024-12-19 18:40:32,614] Trial 505 finished with value: 1.6867194175720215 and parameters: {'mlp_n_layers': 1, 'mlp_dim_00': 146, 'node_hidden_dim': 55, 'edge_hidden_dim': 48, 'depth': 1, 'rep_dropout': 0.02242637474601287, 'train_learning_rate': 0.00015956849582813638, 'train_lr_reduce': 0.6}. Best is trial 122 with value: 0.09548358619213104.
[I 2024-12-19 18:40:39,217] Trial 500 finished with value: 0.14154069125652313 and parameters: {'mlp_n_layers': 3, 'mlp_dim_00': 487, 'mlp_dim_01': 197, 'mlp_dim_02': 278, 'node_hidden_dim': 106, 'edge_hidden_dim': 51, 'depth': 2, 'rep_dropout': 0.1263563918175015, 'train_learning_rate': 0.0009710761823488555, 'train_lr_reduce': 0.6}. Best is trial 122 with value: 0.09548358619213104.
[I 2024-12-19 18:40:41,801] Trial 499 finished with value: 0.1509968787431717 and parameters: {'mlp_n_layers': 4, 'mlp_dim_00': 497, 'mlp_dim_01': 512, 'mlp_dim_02': 292, 'mlp_dim_03': 473, 'node_hidden_dim': 89, 'edge_hidden_dim': 45, 'depth': 1, 'rep_dropout': 0.11727150978200868, 'train_learning_rate': 0.00047773076481216796, 'train_lr_reduce': 0.6}. Best is trial 122 with value: 0.09548358619213104.
[I 2024-12-19 18:40:45,177] Trial 507 finished with value: 1.5865108966827393 and parameters: {'mlp_n_layers': 2, 'mlp_dim_00': 323, 'mlp_dim_01': 435, 'node_hidden_dim': 115, 'edge_hidden_dim': 40, 'depth': 4, 'rep_dropout': 0.07184474713550132, 'train_learning_rate': 0.00658483019690648, 'train_lr_reduce': 0.6}. Best is trial 122 with value: 0.09548358619213104.
[I 2024-12-19 18:40:47,030] Trial 508 finished with value: 1.6764225959777832 and parameters: {'mlp_n_layers': 3, 'mlp_dim_00': 481, 'mlp_dim_01': 221, 'mlp_dim_02': 194, 'node_hidden_dim': 105, 'edge_hidden_dim': 112, 'depth': 4, 'rep_dropout': 0.03026657732897403, 'train_learning_rate': 0.00010357200175395628, 'train_lr_reduce': 0.6}. Best is trial 122 with value: 0.09548358619213104.
[I 2024-12-19 18:40:51,566] Trial 510 finished with value: 1.607121467590332 and parameters: {'mlp_n_layers': 3, 'mlp_dim_00': 497, 'mlp_dim_01': 466, 'mlp_dim_02': 151, 'node_hidden_dim': 101, 'edge_hidden_dim': 47, 'depth': 1, 'rep_dropout': 0.08542006601920869, 'train_learning_rate': 0.0012288533901094578, 'train_lr_reduce': 0.6}. Best is trial 122 with value: 0.09548358619213104.
[I 2024-12-19 18:41:00,799] Trial 511 finished with value: 1.581972360610962 and parameters: {'mlp_n_layers': 2, 'mlp_dim_00': 345, 'mlp_dim_01': 395, 'node_hidden_dim': 97, 'edge_hidden_dim': 114, 'depth': 4, 'rep_dropout': 0.0048452023487786655, 'train_learning_rate': 0.002710025553626859, 'train_lr_reduce': 0.6}. Best is trial 122 with value: 0.09548358619213104.
[I 2024-12-19 18:41:05,890] Trial 512 finished with value: 1.6773244142532349 and parameters: {'mlp_n_layers': 4, 'mlp_dim_00': 511, 'mlp_dim_01': 339, 'mlp_dim_02': 319, 'mlp_dim_03': 472, 'node_hidden_dim': 75, 'edge_hidden_dim': 62, 'depth': 1, 'rep_dropout': 0.09813090203586913, 'train_learning_rate': 0.0004343182324189426, 'train_lr_reduce': 0.6}. Best is trial 122 with value: 0.09548358619213104.
[I 2024-12-19 18:41:10,379] Trial 513 finished with value: 1.65334951877594 and parameters: {'mlp_n_layers': 2, 'mlp_dim_00': 305, 'mlp_dim_01': 438, 'node_hidden_dim': 87, 'edge_hidden_dim': 67, 'depth': 1, 'rep_dropout': 0.12101009179443854, 'train_learning_rate': 0.00029318324223339255, 'train_lr_reduce': 0.6}. Best is trial 122 with value: 0.09548358619213104.
[I 2024-12-19 18:41:15,706] Trial 506 finished with value: 0.13836054503917694 and parameters: {'mlp_n_layers': 4, 'mlp_dim_00': 496, 'mlp_dim_01': 509, 'mlp_dim_02': 239, 'mlp_dim_03': 508, 'node_hidden_dim': 37, 'edge_hidden_dim': 50, 'depth': 1, 'rep_dropout': 0.12533559584190643, 'train_learning_rate': 0.000869619776418307, 'train_lr_reduce': 0.6}. Best is trial 122 with value: 0.09548358619213104.
[I 2024-12-19 18:41:16,234] Trial 514 finished with value: 1.5609302520751953 and parameters: {'mlp_n_layers': 4, 'mlp_dim_00': 378, 'mlp_dim_01': 465, 'mlp_dim_02': 185, 'mlp_dim_03': 511, 'node_hidden_dim': 87, 'edge_hidden_dim': 62, 'depth': 1, 'rep_dropout': 0.13040883515565072, 'train_learning_rate': 0.004256791691803311, 'train_lr_reduce': 0.6}. Best is trial 122 with value: 0.09548358619213104.
[I 2024-12-19 18:41:21,081] Trial 515 finished with value: 1.655229926109314 and parameters: {'mlp_n_layers': 1, 'mlp_dim_00': 90, 'node_hidden_dim': 55, 'edge_hidden_dim': 106, 'depth': 2, 'rep_dropout': 0.0435466910797745, 'train_learning_rate': 0.00015811407855348942, 'train_lr_reduce': 0.6}. Best is trial 122 with value: 0.09548358619213104.
[I 2024-12-19 18:41:21,085] Trial 516 finished with value: 1.6774169206619263 and parameters: {'mlp_n_layers': 3, 'mlp_dim_00': 84, 'mlp_dim_01': 170, 'mlp_dim_02': 300, 'node_hidden_dim': 76, 'edge_hidden_dim': 118, 'depth': 4, 'rep_dropout': 0.043465222204283005, 'train_learning_rate': 0.00013965005427252192, 'train_lr_reduce': 0.6}. Best is trial 122 with value: 0.09548358619213104.
[I 2024-12-19 18:41:25,347] Trial 509 finished with value: 0.1216907948255539 and parameters: {'mlp_n_layers': 4, 'mlp_dim_00': 481, 'mlp_dim_01': 511, 'mlp_dim_02': 255, 'mlp_dim_03': 466, 'node_hidden_dim': 58, 'edge_hidden_dim': 38, 'depth': 1, 'rep_dropout': 0.0987143930931915, 'train_learning_rate': 0.00085521239407702, 'train_lr_reduce': 0.6}. Best is trial 122 with value: 0.09548358619213104.
[I 2024-12-19 18:41:25,859] Trial 518 finished with value: 1.6631982326507568 and parameters: {'mlp_n_layers': 4, 'mlp_dim_00': 299, 'mlp_dim_01': 404, 'mlp_dim_02': 340, 'mlp_dim_03': 441, 'node_hidden_dim': 32, 'edge_hidden_dim': 74, 'depth': 1, 'rep_dropout': 0.14128071299355574, 'train_learning_rate': 0.0011393203609189853, 'train_lr_reduce': 0.6}. Best is trial 122 with value: 0.09548358619213104.
[I 2024-12-19 18:41:30,729] Trial 519 finished with value: 1.678221583366394 and parameters: {'mlp_n_layers': 3, 'mlp_dim_00': 497, 'mlp_dim_01': 453, 'mlp_dim_02': 168, 'node_hidden_dim': 57, 'edge_hidden_dim': 45, 'depth': 1, 'rep_dropout': 0.11252060020475668, 'train_learning_rate': 0.0002844405019272011, 'train_lr_reduce': 0.6}. Best is trial 122 with value: 0.09548358619213104.
[I 2024-12-19 18:41:56,457] Trial 517 finished with value: 0.1365189105272293 and parameters: {'mlp_n_layers': 4, 'mlp_dim_00': 484, 'mlp_dim_01': 511, 'mlp_dim_02': 237, 'mlp_dim_03': 79, 'node_hidden_dim': 63, 'edge_hidden_dim': 63, 'depth': 1, 'rep_dropout': 0.1233975746952469, 'train_learning_rate': 0.0009743822597040346, 'train_lr_reduce': 0.6}. Best is trial 122 with value: 0.09548358619213104.
[I 2024-12-19 18:42:02,059] Trial 522 finished with value: 1.6119996309280396 and parameters: {'mlp_n_layers': 3, 'mlp_dim_00': 268, 'mlp_dim_01': 349, 'mlp_dim_02': 199, 'node_hidden_dim': 74, 'edge_hidden_dim': 77, 'depth': 4, 'rep_dropout': 0.12410646115276432, 'train_learning_rate': 0.003257152853897843, 'train_lr_reduce': 0.6}. Best is trial 122 with value: 0.09548358619213104.
[I 2024-12-19 18:42:06,757] Trial 523 finished with value: 1.663758397102356 and parameters: {'mlp_n_layers': 4, 'mlp_dim_00': 177, 'mlp_dim_01': 512, 'mlp_dim_02': 352, 'mlp_dim_03': 511, 'node_hidden_dim': 32, 'edge_hidden_dim': 70, 'depth': 2, 'rep_dropout': 0.12242219730293434, 'train_learning_rate': 0.0009224731220440346, 'train_lr_reduce': 0.6}. Best is trial 122 with value: 0.09548358619213104.
[I 2024-12-19 18:42:08,141] Trial 520 finished with value: 0.10795623064041138 and parameters: {'mlp_n_layers': 4, 'mlp_dim_00': 487, 'mlp_dim_01': 112, 'mlp_dim_02': 104, 'mlp_dim_03': 241, 'node_hidden_dim': 103, 'edge_hidden_dim': 49, 'depth': 1, 'rep_dropout': 0.07055910169876907, 'train_learning_rate': 0.0007009701048293046, 'train_lr_reduce': 0.6}. Best is trial 122 with value: 0.09548358619213104.
[I 2024-12-19 18:42:11,645] Trial 524 finished with value: 1.6809478998184204 and parameters: {'mlp_n_layers': 4, 'mlp_dim_00': 396, 'mlp_dim_01': 217, 'mlp_dim_02': 103, 'mlp_dim_03': 440, 'node_hidden_dim': 73, 'edge_hidden_dim': 47, 'depth': 2, 'rep_dropout': 0.12399047391973538, 'train_learning_rate': 0.0006275644134402506, 'train_lr_reduce': 0.6}. Best is trial 122 with value: 0.09548358619213104.
[I 2024-12-19 18:42:12,772] Trial 521 finished with value: 0.13441471755504608 and parameters: {'mlp_n_layers': 4, 'mlp_dim_00': 511, 'mlp_dim_01': 293, 'mlp_dim_02': 274, 'mlp_dim_03': 453, 'node_hidden_dim': 73, 'edge_hidden_dim': 35, 'depth': 1, 'rep_dropout': 0.10906536045310031, 'train_learning_rate': 0.000492855328664653, 'train_lr_reduce': 0.6}. Best is trial 122 with value: 0.09548358619213104.
[I 2024-12-19 18:42:16,184] Trial 526 finished with value: 1.670461654663086 and parameters: {'mlp_n_layers': 3, 'mlp_dim_00': 486, 'mlp_dim_01': 391, 'mlp_dim_02': 155, 'node_hidden_dim': 85, 'edge_hidden_dim': 47, 'depth': 1, 'rep_dropout': 0.0838220784737444, 'train_learning_rate': 0.0004967327332404945, 'train_lr_reduce': 0.6}. Best is trial 122 with value: 0.09548358619213104.
[I 2024-12-19 18:42:45,476] Trial 528 finished with value: 0.1538962423801422 and parameters: {'mlp_n_layers': 4, 'mlp_dim_00': 388, 'mlp_dim_01': 471, 'mlp_dim_02': 343, 'mlp_dim_03': 474, 'node_hidden_dim': 72, 'edge_hidden_dim': 53, 'depth': 1, 'rep_dropout': 0.12159165478597815, 'train_learning_rate': 0.00107038222797057, 'train_lr_reduce': 0.6}. Best is trial 122 with value: 0.09548358619213104.
[I 2024-12-19 18:42:46,983] Trial 525 finished with value: 0.10327349603176117 and parameters: {'mlp_n_layers': 4, 'mlp_dim_00': 488, 'mlp_dim_01': 467, 'mlp_dim_02': 67, 'mlp_dim_03': 459, 'node_hidden_dim': 83, 'edge_hidden_dim': 60, 'depth': 1, 'rep_dropout': 0.12522659050719123, 'train_learning_rate': 0.0008219315085858435, 'train_lr_reduce': 0.6}. Best is trial 122 with value: 0.09548358619213104.
[I 2024-12-19 18:42:58,469] Trial 527 finished with value: 0.14286494255065918 and parameters: {'mlp_n_layers': 4, 'mlp_dim_00': 162, 'mlp_dim_01': 436, 'mlp_dim_02': 280, 'mlp_dim_03': 422, 'node_hidden_dim': 53, 'edge_hidden_dim': 60, 'depth': 1, 'rep_dropout': 0.13285172996267275, 'train_learning_rate': 0.0015414847440548755, 'train_lr_reduce': 0.6}. Best is trial 122 with value: 0.09548358619213104.
[I 2024-12-19 18:43:04,228] Trial 531 finished with value: 1.567065954208374 and parameters: {'mlp_n_layers': 1, 'mlp_dim_00': 233, 'node_hidden_dim': 53, 'edge_hidden_dim': 105, 'depth': 1, 'rep_dropout': 0.039581870094710814, 'train_learning_rate': 0.0009596909659903739, 'train_lr_reduce': 0.6}. Best is trial 122 with value: 0.09548358619213104.
[I 2024-12-19 18:43:27,692] Trial 530 finished with value: 0.109800785779953 and parameters: {'mlp_n_layers': 4, 'mlp_dim_00': 495, 'mlp_dim_01': 422, 'mlp_dim_02': 66, 'mlp_dim_03': 415, 'node_hidden_dim': 77, 'edge_hidden_dim': 50, 'depth': 1, 'rep_dropout': 0.08949200437048598, 'train_learning_rate': 0.0012242195624849268, 'train_lr_reduce': 0.6}. Best is trial 122 with value: 0.09548358619213104.
[I 2024-12-19 18:43:33,356] Trial 529 finished with value: 0.11801601201295853 and parameters: {'mlp_n_layers': 3, 'mlp_dim_00': 473, 'mlp_dim_01': 512, 'mlp_dim_02': 210, 'node_hidden_dim': 117, 'edge_hidden_dim': 62, 'depth': 1, 'rep_dropout': 0.10068541731790172, 'train_learning_rate': 0.0003412804044352051, 'train_lr_reduce': 0.6}. Best is trial 122 with value: 0.09548358619213104.
[I 2024-12-19 18:43:39,053] Trial 534 finished with value: 1.6758817434310913 and parameters: {'mlp_n_layers': 4, 'mlp_dim_00': 225, 'mlp_dim_01': 438, 'mlp_dim_02': 252, 'mlp_dim_03': 438, 'node_hidden_dim': 38, 'edge_hidden_dim': 126, 'depth': 4, 'rep_dropout': 0.11101833034053318, 'train_learning_rate': 0.0001599473382747533, 'train_lr_reduce': 0.6}. Best is trial 122 with value: 0.09548358619213104.
[I 2024-12-19 18:43:47,353] Trial 532 finished with value: 0.13224567472934723 and parameters: {'mlp_n_layers': 4, 'mlp_dim_00': 334, 'mlp_dim_01': 421, 'mlp_dim_02': 306, 'mlp_dim_03': 376, 'node_hidden_dim': 119, 'edge_hidden_dim': 81, 'depth': 1, 'rep_dropout': 0.10625155518241015, 'train_learning_rate': 0.0004507854684534255, 'train_lr_reduce': 0.6}. Best is trial 122 with value: 0.09548358619213104.
[I 2024-12-19 18:44:00,545] Trial 533 finished with value: 0.12978805601596832 and parameters: {'mlp_n_layers': 4, 'mlp_dim_00': 496, 'mlp_dim_01': 363, 'mlp_dim_02': 149, 'mlp_dim_03': 429, 'node_hidden_dim': 83, 'edge_hidden_dim': 51, 'depth': 1, 'rep_dropout': 0.11187122577862757, 'train_learning_rate': 0.0007908451635609663, 'train_lr_reduce': 0.6}. Best is trial 122 with value: 0.09548358619213104.
[I 2024-12-19 18:44:14,282] Trial 535 finished with value: 0.18783386051654816 and parameters: {'mlp_n_layers': 3, 'mlp_dim_00': 496, 'mlp_dim_01': 243, 'mlp_dim_02': 379, 'node_hidden_dim': 36, 'edge_hidden_dim': 74, 'depth': 1, 'rep_dropout': 0.12009629492910887, 'train_learning_rate': 0.0009460624403414462, 'train_lr_reduce': 0.6}. Best is trial 122 with value: 0.09548358619213104.
[I 2024-12-19 18:44:28,704] Trial 536 finished with value: 0.21841062605381012 and parameters: {'mlp_n_layers': 2, 'mlp_dim_00': 280, 'mlp_dim_01': 455, 'node_hidden_dim': 64, 'edge_hidden_dim': 127, 'depth': 1, 'rep_dropout': 0.026945417947487782, 'train_learning_rate': 0.00623832101265523, 'train_lr_reduce': 0.6}. Best is trial 122 with value: 0.09548358619213104.
[I 2024-12-19 18:44:34,029] Trial 539 finished with value: 1.6780840158462524 and parameters: {'mlp_n_layers': 4, 'mlp_dim_00': 504, 'mlp_dim_01': 457, 'mlp_dim_02': 314, 'mlp_dim_03': 446, 'node_hidden_dim': 90, 'edge_hidden_dim': 69, 'depth': 1, 'rep_dropout': 0.14725732031673106, 'train_learning_rate': 0.0005526603211899247, 'train_lr_reduce': 0.6}. Best is trial 122 with value: 0.09548358619213104.
[I 2024-12-19 18:44:44,145] Trial 537 finished with value: 0.12431192398071289 and parameters: {'mlp_n_layers': 4, 'mlp_dim_00': 424, 'mlp_dim_01': 393, 'mlp_dim_02': 149, 'mlp_dim_03': 445, 'node_hidden_dim': 96, 'edge_hidden_dim': 67, 'depth': 1, 'rep_dropout': 0.11446351353188981, 'train_learning_rate': 0.0007768340469551407, 'train_lr_reduce': 0.6}. Best is trial 122 with value: 0.09548358619213104.
[I 2024-12-19 18:44:50,045] Trial 541 finished with value: 1.6804158687591553 and parameters: {'mlp_n_layers': 4, 'mlp_dim_00': 414, 'mlp_dim_01': 178, 'mlp_dim_02': 244, 'mlp_dim_03': 454, 'node_hidden_dim': 48, 'edge_hidden_dim': 49, 'depth': 1, 'rep_dropout': 0.14798340970434437, 'train_learning_rate': 0.00037463005927741504, 'train_lr_reduce': 0.6}. Best is trial 122 with value: 0.09548358619213104.
[I 2024-12-19 18:44:54,717] Trial 542 finished with value: 1.6242624521255493 and parameters: {'mlp_n_layers': 2, 'mlp_dim_00': 438, 'mlp_dim_01': 386, 'node_hidden_dim': 92, 'edge_hidden_dim': 74, 'depth': 1, 'rep_dropout': 0.14783101238428517, 'train_learning_rate': 0.00048413463001642374, 'train_lr_reduce': 0.6}. Best is trial 122 with value: 0.09548358619213104.
[I 2024-12-19 18:44:57,417] Trial 538 finished with value: 0.11999733746051788 and parameters: {'mlp_n_layers': 4, 'mlp_dim_00': 511, 'mlp_dim_01': 315, 'mlp_dim_02': 104, 'mlp_dim_03': 362, 'node_hidden_dim': 119, 'edge_hidden_dim': 65, 'depth': 1, 'rep_dropout': 0.09435175798258919, 'train_learning_rate': 0.0005220902757368533, 'train_lr_reduce': 0.6}. Best is trial 122 with value: 0.09548358619213104.
[I 2024-12-19 18:45:00,540] Trial 543 finished with value: 1.6790021657943726 and parameters: {'mlp_n_layers': 2, 'mlp_dim_00': 67, 'mlp_dim_01': 435, 'node_hidden_dim': 67, 'edge_hidden_dim': 109, 'depth': 4, 'rep_dropout': 0.1427993027281761, 'train_learning_rate': 0.00012658637787805072, 'train_lr_reduce': 0.6}. Best is trial 122 with value: 0.09548358619213104.
[I 2024-12-19 18:45:04,042] Trial 540 finished with value: 0.19687218964099884 and parameters: {'mlp_n_layers': 3, 'mlp_dim_00': 479, 'mlp_dim_01': 464, 'mlp_dim_02': 187, 'node_hidden_dim': 99, 'edge_hidden_dim': 74, 'depth': 1, 'rep_dropout': 0.12694890016396604, 'train_learning_rate': 0.0004887083865316013, 'train_lr_reduce': 0.6}. Best is trial 122 with value: 0.09548358619213104.
[I 2024-12-19 18:45:05,106] Trial 545 finished with value: 1.6419892311096191 and parameters: {'mlp_n_layers': 3, 'mlp_dim_00': 216, 'mlp_dim_01': 348, 'mlp_dim_02': 65, 'node_hidden_dim': 121, 'edge_hidden_dim': 54, 'depth': 1, 'rep_dropout': 0.0885130086069332, 'train_learning_rate': 0.0004213098343705135, 'train_lr_reduce': 0.6}. Best is trial 122 with value: 0.09548358619213104.
[I 2024-12-19 18:45:09,117] Trial 546 finished with value: 1.5602225065231323 and parameters: {'mlp_n_layers': 4, 'mlp_dim_00': 381, 'mlp_dim_01': 266, 'mlp_dim_02': 305, 'mlp_dim_03': 463, 'node_hidden_dim': 32, 'edge_hidden_dim': 40, 'depth': 1, 'rep_dropout': 0.14862574607908222, 'train_learning_rate': 0.003236021372384325, 'train_lr_reduce': 0.6}. Best is trial 122 with value: 0.09548358619213104.
[I 2024-12-19 18:45:27,402] Trial 547 finished with value: 0.1985052227973938 and parameters: {'mlp_n_layers': 4, 'mlp_dim_00': 504, 'mlp_dim_01': 423, 'mlp_dim_02': 200, 'mlp_dim_03': 223, 'node_hidden_dim': 50, 'edge_hidden_dim': 68, 'depth': 1, 'rep_dropout': 0.07729565168068862, 'train_learning_rate': 0.0005755087767921833, 'train_lr_reduce': 0.6}. Best is trial 122 with value: 0.09548358619213104.
[I 2024-12-19 18:45:33,674] Trial 549 finished with value: 1.6875890493392944 and parameters: {'mlp_n_layers': 4, 'mlp_dim_00': 503, 'mlp_dim_01': 407, 'mlp_dim_02': 349, 'mlp_dim_03': 417, 'node_hidden_dim': 57, 'edge_hidden_dim': 38, 'depth': 1, 'rep_dropout': 0.13766341437893326, 'train_learning_rate': 0.00021056549972788078, 'train_lr_reduce': 0.6}. Best is trial 122 with value: 0.09548358619213104.
[I 2024-12-19 18:45:39,852] Trial 544 finished with value: 0.10242704302072525 and parameters: {'mlp_n_layers': 4, 'mlp_dim_00': 451, 'mlp_dim_01': 474, 'mlp_dim_02': 378, 'mlp_dim_03': 400, 'node_hidden_dim': 62, 'edge_hidden_dim': 52, 'depth': 1, 'rep_dropout': 0.13134357578525, 'train_learning_rate': 0.0011375779511832427, 'train_lr_reduce': 0.6}. Best is trial 122 with value: 0.09548358619213104.
[I 2024-12-19 18:45:45,356] Trial 551 finished with value: 1.6539521217346191 and parameters: {'mlp_n_layers': 3, 'mlp_dim_00': 465, 'mlp_dim_01': 459, 'mlp_dim_02': 371, 'node_hidden_dim': 56, 'edge_hidden_dim': 56, 'depth': 2, 'rep_dropout': 0.10945293226871201, 'train_learning_rate': 0.0014361241597000444, 'train_lr_reduce': 0.6}. Best is trial 122 with value: 0.09548358619213104.
[I 2024-12-19 18:45:56,755] Trial 548 finished with value: 0.16557635366916656 and parameters: {'mlp_n_layers': 3, 'mlp_dim_00': 505, 'mlp_dim_01': 471, 'mlp_dim_02': 121, 'node_hidden_dim': 70, 'edge_hidden_dim': 69, 'depth': 2, 'rep_dropout': 0.148562102278859, 'train_learning_rate': 0.0006014599472101881, 'train_lr_reduce': 0.6}. Best is trial 122 with value: 0.09548358619213104.
[I 2024-12-19 18:46:11,607] Trial 553 finished with value: 1.4168615341186523 and parameters: {'mlp_n_layers': 4, 'mlp_dim_00': 452, 'mlp_dim_01': 345, 'mlp_dim_02': 390, 'mlp_dim_03': 367, 'node_hidden_dim': 36, 'edge_hidden_dim': 121, 'depth': 4, 'rep_dropout': 0.0012168749759078612, 'train_learning_rate': 0.0070722282522245, 'train_lr_reduce': 0.6}. Best is trial 122 with value: 0.09548358619213104.
