[I 2024-12-16 00:41:49,459] Trial 1862 finished with value: 0.11633693426847458 and parameters: {'mlp_n_layers': 2, 'mlp_dim_00': 192, 'mlp_dim_01': 160, 'hidden_channels': 32, 'num_layers': 1, 'num_timesteps': 3, 'dropout': 0.2417164860048417, 'train_learning_rate': 0.006398577443650443, 'train_lr_reduce': 0.6}. Best is trial 130 with value: 0.0812772810459137.
[I 2024-12-16 00:41:54,638] Trial 1863 finished with value: 0.104544997215271 and parameters: {'mlp_n_layers': 3, 'mlp_dim_00': 224, 'mlp_dim_01': 192, 'mlp_dim_02': 64, 'hidden_channels': 112, 'num_layers': 1, 'num_timesteps': 3, 'dropout': 0.17385865526424082, 'train_learning_rate': 0.009019022746084846, 'train_lr_reduce': 0.6}. Best is trial 130 with value: 0.0812772810459137.
[I 2024-12-16 00:42:00,959] Trial 1865 finished with value: 0.1069435402750969 and parameters: {'mlp_n_layers': 2, 'mlp_dim_00': 256, 'mlp_dim_01': 176, 'hidden_channels': 64, 'num_layers': 1, 'num_timesteps': 3, 'dropout': 0.163714730958043, 'train_learning_rate': 0.00737341651599232, 'train_lr_reduce': 0.6}. Best is trial 130 with value: 0.0812772810459137.
[I 2024-12-16 00:42:01,122] Trial 1864 finished with value: 0.09871063381433487 and parameters: {'mlp_n_layers': 2, 'mlp_dim_00': 160, 'mlp_dim_01': 160, 'hidden_channels': 96, 'num_layers': 2, 'num_timesteps': 3, 'dropout': 0.19996026199479477, 'train_learning_rate': 0.005490332873320161, 'train_lr_reduce': 0.6}. Best is trial 130 with value: 0.0812772810459137.
[I 2024-12-16 00:42:07,324] Trial 1866 finished with value: 0.1117624044418335 and parameters: {'mlp_n_layers': 2, 'mlp_dim_00': 176, 'mlp_dim_01': 176, 'hidden_channels': 32, 'num_layers': 2, 'num_timesteps': 3, 'dropout': 0.2755774571919735, 'train_learning_rate': 0.0074118778879755974, 'train_lr_reduce': 0.6}. Best is trial 130 with value: 0.0812772810459137.
[I 2024-12-16 00:42:14,347] Trial 1867 finished with value: 0.11547408998012543 and parameters: {'mlp_n_layers': 2, 'mlp_dim_00': 240, 'mlp_dim_01': 160, 'hidden_channels': 32, 'num_layers': 1, 'num_timesteps': 4, 'dropout': 0.2925178060676509, 'train_learning_rate': 0.0021112758344901663, 'train_lr_reduce': 0.6}. Best is trial 130 with value: 0.0812772810459137.
[I 2024-12-16 00:42:14,503] Trial 1868 finished with value: 0.10340899229049683 and parameters: {'mlp_n_layers': 2, 'mlp_dim_00': 224, 'mlp_dim_01': 192, 'hidden_channels': 32, 'num_layers': 2, 'num_timesteps': 4, 'dropout': 0.23622156930960392, 'train_learning_rate': 0.008453329989308516, 'train_lr_reduce': 0.6}. Best is trial 130 with value: 0.0812772810459137.
[I 2024-12-16 00:42:17,812] Trial 1869 finished with value: 0.09366659075021744 and parameters: {'mlp_n_layers': 2, 'mlp_dim_00': 176, 'mlp_dim_01': 256, 'hidden_channels': 48, 'num_layers': 1, 'num_timesteps': 2, 'dropout': 0.22733189917521585, 'train_learning_rate': 0.00837202024491464, 'train_lr_reduce': 0.6}. Best is trial 130 with value: 0.0812772810459137.
[I 2024-12-16 00:42:29,012] Trial 1871 finished with value: 0.11566490679979324 and parameters: {'mlp_n_layers': 2, 'mlp_dim_00': 256, 'mlp_dim_01': 176, 'hidden_channels': 48, 'num_layers': 1, 'num_timesteps': 2, 'dropout': 0.27636017059430285, 'train_learning_rate': 0.004936967768192376, 'train_lr_reduce': 0.6}. Best is trial 130 with value: 0.0812772810459137.
[I 2024-12-16 00:42:29,460] Trial 1870 finished with value: 0.08982408046722412 and parameters: {'mlp_n_layers': 2, 'mlp_dim_00': 240, 'mlp_dim_01': 128, 'hidden_channels': 128, 'num_layers': 1, 'num_timesteps': 3, 'dropout': 0.2699278787564393, 'train_learning_rate': 0.009157300199888972, 'train_lr_reduce': 0.6}. Best is trial 130 with value: 0.0812772810459137.
[I 2024-12-16 00:42:31,250] Trial 1872 finished with value: 0.10904743522405624 and parameters: {'mlp_n_layers': 2, 'mlp_dim_00': 240, 'mlp_dim_01': 176, 'hidden_channels': 80, 'num_layers': 1, 'num_timesteps': 3, 'dropout': 0.22513015713743323, 'train_learning_rate': 0.009484694114976955, 'train_lr_reduce': 0.6}. Best is trial 130 with value: 0.0812772810459137.
[I 2024-12-16 00:42:40,038] Trial 1874 finished with value: 0.09996126592159271 and parameters: {'mlp_n_layers': 2, 'mlp_dim_00': 208, 'mlp_dim_01': 224, 'hidden_channels': 32, 'num_layers': 1, 'num_timesteps': 2, 'dropout': 0.2559852018558472, 'train_learning_rate': 0.008892512564282194, 'train_lr_reduce': 0.6}. Best is trial 130 with value: 0.0812772810459137.
[I 2024-12-16 00:42:41,849] Trial 1875 finished with value: 0.1095239669084549 and parameters: {'mlp_n_layers': 2, 'mlp_dim_00': 224, 'mlp_dim_01': 192, 'hidden_channels': 32, 'num_layers': 1, 'num_timesteps': 3, 'dropout': 0.25795666042808557, 'train_learning_rate': 0.004671506477701651, 'train_lr_reduce': 0.6}. Best is trial 130 with value: 0.0812772810459137.
[I 2024-12-16 00:42:45,511] Trial 1873 finished with value: 0.12179065495729446 and parameters: {'mlp_n_layers': 3, 'mlp_dim_00': 176, 'mlp_dim_01': 192, 'mlp_dim_02': 32, 'hidden_channels': 80, 'num_layers': 2, 'num_timesteps': 2, 'dropout': 0.1597204555524532, 'train_learning_rate': 0.008852930213043368, 'train_lr_reduce': 0.6}. Best is trial 130 with value: 0.0812772810459137.
[I 2024-12-16 00:42:51,016] Trial 1876 finished with value: 0.0910893976688385 and parameters: {'mlp_n_layers': 3, 'mlp_dim_00': 240, 'mlp_dim_01': 208, 'mlp_dim_02': 256, 'hidden_channels': 48, 'num_layers': 1, 'num_timesteps': 2, 'dropout': 0.18676261006501244, 'train_learning_rate': 0.008552813919505737, 'train_lr_reduce': 0.6}. Best is trial 130 with value: 0.0812772810459137.
[I 2024-12-16 00:42:52,790] Trial 1877 finished with value: 0.09556800127029419 and parameters: {'mlp_n_layers': 2, 'mlp_dim_00': 256, 'mlp_dim_01': 160, 'hidden_channels': 64, 'num_layers': 1, 'num_timesteps': 4, 'dropout': 0.2655611456603211, 'train_learning_rate': 0.007196831828494482, 'train_lr_reduce': 0.6}. Best is trial 130 with value: 0.0812772810459137.
[I 2024-12-16 00:42:57,767] Trial 1878 finished with value: 0.10846186429262161 and parameters: {'mlp_n_layers': 2, 'mlp_dim_00': 240, 'mlp_dim_01': 176, 'hidden_channels': 32, 'num_layers': 1, 'num_timesteps': 3, 'dropout': 0.23966271298076203, 'train_learning_rate': 0.0035925070482489786, 'train_lr_reduce': 0.6}. Best is trial 130 with value: 0.0812772810459137.
[I 2024-12-16 00:43:06,209] Trial 1879 finished with value: 0.09894534945487976 and parameters: {'mlp_n_layers': 2, 'mlp_dim_00': 240, 'mlp_dim_01': 160, 'hidden_channels': 64, 'num_layers': 2, 'num_timesteps': 3, 'dropout': 0.299107893523212, 'train_learning_rate': 0.0055445127219425705, 'train_lr_reduce': 0.6}. Best is trial 130 with value: 0.0812772810459137.
[I 2024-12-16 00:43:06,459] Trial 1880 finished with value: 0.14096440374851227 and parameters: {'mlp_n_layers': 2, 'mlp_dim_00': 240, 'mlp_dim_01': 144, 'hidden_channels': 128, 'num_layers': 3, 'num_timesteps': 3, 'dropout': 0.17408806364190532, 'train_learning_rate': 0.007232046904774943, 'train_lr_reduce': 0.6}. Best is trial 130 with value: 0.0812772810459137.
[I 2024-12-16 00:43:12,404] Trial 1881 finished with value: 0.1038961261510849 and parameters: {'mlp_n_layers': 2, 'mlp_dim_00': 192, 'mlp_dim_01': 144, 'hidden_channels': 112, 'num_layers': 2, 'num_timesteps': 3, 'dropout': 0.050385470225987536, 'train_learning_rate': 0.008825503410947035, 'train_lr_reduce': 0.6}. Best is trial 130 with value: 0.0812772810459137.
[I 2024-12-16 00:43:26,461] Trial 1884 finished with value: 0.1019207090139389 and parameters: {'mlp_n_layers': 2, 'mlp_dim_00': 224, 'mlp_dim_01': 144, 'hidden_channels': 32, 'num_layers': 1, 'num_timesteps': 2, 'dropout': 0.2872098524305576, 'train_learning_rate': 0.004971759878166839, 'train_lr_reduce': 0.6}. Best is trial 130 with value: 0.0812772810459137.
[I 2024-12-16 00:43:28,629] Trial 1882 finished with value: 0.1442955881357193 and parameters: {'mlp_n_layers': 4, 'mlp_dim_00': 48, 'mlp_dim_01': 160, 'mlp_dim_02': 64, 'mlp_dim_03': 176, 'hidden_channels': 256, 'num_layers': 2, 'num_timesteps': 4, 'dropout': 0.00336009276176949, 'train_learning_rate': 0.0006817936798127374, 'train_lr_reduce': 0.6}. Best is trial 130 with value: 0.0812772810459137.
[I 2024-12-16 00:43:35,885] Trial 1883 finished with value: 0.1456596404314041 and parameters: {'mlp_n_layers': 2, 'mlp_dim_00': 112, 'mlp_dim_01': 208, 'hidden_channels': 240, 'num_layers': 1, 'num_timesteps': 4, 'dropout': 0.08877519356305763, 'train_learning_rate': 0.0008960034120933254, 'train_lr_reduce': 0.6}. Best is trial 130 with value: 0.0812772810459137.
[I 2024-12-16 00:43:44,294] Trial 1886 finished with value: 0.12986648082733154 and parameters: {'mlp_n_layers': 2, 'mlp_dim_00': 224, 'mlp_dim_01': 240, 'hidden_channels': 48, 'num_layers': 2, 'num_timesteps': 3, 'dropout': 0.13994085687751123, 'train_learning_rate': 0.004233719246136174, 'train_lr_reduce': 0.6}. Best is trial 130 with value: 0.0812772810459137.
[I 2024-12-16 00:43:48,253] Trial 1887 finished with value: 0.1059495136141777 and parameters: {'mlp_n_layers': 2, 'mlp_dim_00': 160, 'mlp_dim_01': 192, 'hidden_channels': 48, 'num_layers': 2, 'num_timesteps': 2, 'dropout': 0.0032963251096778667, 'train_learning_rate': 0.004978963056800313, 'train_lr_reduce': 0.6}. Best is trial 130 with value: 0.0812772810459137.
[I 2024-12-16 00:43:49,319] Trial 1885 finished with value: 0.19259990751743317 and parameters: {'mlp_n_layers': 3, 'mlp_dim_00': 32, 'mlp_dim_01': 240, 'mlp_dim_02': 256, 'hidden_channels': 240, 'num_layers': 4, 'num_timesteps': 1, 'dropout': 0.13561520046711364, 'train_learning_rate': 0.0031212290420084225, 'train_lr_reduce': 0.6}. Best is trial 130 with value: 0.0812772810459137.
[I 2024-12-16 00:43:56,867] Trial 1888 finished with value: 0.09164424240589142 and parameters: {'mlp_n_layers': 2, 'mlp_dim_00': 256, 'mlp_dim_01': 208, 'hidden_channels': 32, 'num_layers': 2, 'num_timesteps': 2, 'dropout': 0.18298428714221548, 'train_learning_rate': 0.002910848488704021, 'train_lr_reduce': 0.6}. Best is trial 130 with value: 0.0812772810459137.
[I 2024-12-16 00:43:59,557] Trial 1890 finished with value: 0.12809200584888458 and parameters: {'mlp_n_layers': 2, 'mlp_dim_00': 224, 'mlp_dim_01': 208, 'hidden_channels': 48, 'num_layers': 1, 'num_timesteps': 2, 'dropout': 0.23295152156099616, 'train_learning_rate': 0.002660607886114094, 'train_lr_reduce': 0.6}. Best is trial 130 with value: 0.0812772810459137.
[I 2024-12-16 00:44:08,875] Trial 1889 finished with value: 0.10867675393819809 and parameters: {'mlp_n_layers': 3, 'mlp_dim_00': 128, 'mlp_dim_01': 192, 'mlp_dim_02': 64, 'hidden_channels': 32, 'num_layers': 4, 'num_timesteps': 4, 'dropout': 0.0008890785974339371, 'train_learning_rate': 0.004386984390301045, 'train_lr_reduce': 0.6}. Best is trial 130 with value: 0.0812772810459137.
[I 2024-12-16 00:44:09,168] Trial 1891 finished with value: 0.10200811922550201 and parameters: {'mlp_n_layers': 2, 'mlp_dim_00': 240, 'mlp_dim_01': 112, 'hidden_channels': 80, 'num_layers': 1, 'num_timesteps': 3, 'dropout': 0.2949945099521937, 'train_learning_rate': 0.006570838313923304, 'train_lr_reduce': 0.6}. Best is trial 130 with value: 0.0812772810459137.
[I 2024-12-16 00:44:14,156] Trial 1892 finished with value: 0.1284639686346054 and parameters: {'mlp_n_layers': 3, 'mlp_dim_00': 96, 'mlp_dim_01': 144, 'mlp_dim_02': 80, 'hidden_channels': 96, 'num_layers': 1, 'num_timesteps': 2, 'dropout': 0.22130752102756707, 'train_learning_rate': 0.0010471330751368815, 'train_lr_reduce': 0.6}. Best is trial 130 with value: 0.0812772810459137.
[I 2024-12-16 00:44:19,470] Trial 1893 finished with value: 0.10084671527147293 and parameters: {'mlp_n_layers': 2, 'mlp_dim_00': 256, 'mlp_dim_01': 192, 'hidden_channels': 32, 'num_layers': 1, 'num_timesteps': 3, 'dropout': 0.23051420444344142, 'train_learning_rate': 0.006873719462075033, 'train_lr_reduce': 0.6}. Best is trial 130 with value: 0.0812772810459137.
[I 2024-12-16 00:44:25,623] Trial 1894 finished with value: 0.10728952288627625 and parameters: {'mlp_n_layers': 2, 'mlp_dim_00': 208, 'mlp_dim_01': 224, 'hidden_channels': 32, 'num_layers': 1, 'num_timesteps': 3, 'dropout': 0.21135472169829803, 'train_learning_rate': 0.009447668121350061, 'train_lr_reduce': 0.6}. Best is trial 130 with value: 0.0812772810459137.
[I 2024-12-16 00:44:27,809] Trial 1895 finished with value: 0.10334627330303192 and parameters: {'mlp_n_layers': 2, 'mlp_dim_00': 160, 'mlp_dim_01': 192, 'hidden_channels': 32, 'num_layers': 3, 'num_timesteps': 2, 'dropout': 0.1743294122433668, 'train_learning_rate': 0.0072000801830857325, 'train_lr_reduce': 0.6}. Best is trial 130 with value: 0.0812772810459137.
[I 2024-12-16 00:44:28,864] Trial 1896 finished with value: 0.09501535445451736 and parameters: {'mlp_n_layers': 2, 'mlp_dim_00': 240, 'mlp_dim_01': 192, 'hidden_channels': 32, 'num_layers': 1, 'num_timesteps': 3, 'dropout': 0.2556567401114931, 'train_learning_rate': 0.008369826686918228, 'train_lr_reduce': 0.6}. Best is trial 130 with value: 0.0812772810459137.
[I 2024-12-16 00:44:40,979] Trial 1898 finished with value: 0.10160297900438309 and parameters: {'mlp_n_layers': 2, 'mlp_dim_00': 192, 'mlp_dim_01': 240, 'hidden_channels': 48, 'num_layers': 3, 'num_timesteps': 3, 'dropout': 0.20175093498788407, 'train_learning_rate': 0.00990726685386938, 'train_lr_reduce': 0.6}. Best is trial 130 with value: 0.0812772810459137.
[I 2024-12-16 00:44:41,005] Trial 1897 finished with value: 0.113656185567379 and parameters: {'mlp_n_layers': 2, 'mlp_dim_00': 208, 'mlp_dim_01': 192, 'hidden_channels': 64, 'num_layers': 2, 'num_timesteps': 3, 'dropout': 0.15588113289841288, 'train_learning_rate': 0.009100961199340818, 'train_lr_reduce': 0.6}. Best is trial 130 with value: 0.0812772810459137.
[I 2024-12-16 00:44:45,105] Trial 1899 finished with value: 0.13016347587108612 and parameters: {'mlp_n_layers': 2, 'mlp_dim_00': 160, 'mlp_dim_01': 160, 'hidden_channels': 128, 'num_layers': 2, 'num_timesteps': 3, 'dropout': 0.1396986649707923, 'train_learning_rate': 0.009415826098814712, 'train_lr_reduce': 0.6}. Best is trial 130 with value: 0.0812772810459137.
[I 2024-12-16 00:44:51,024] Trial 1900 finished with value: 0.094716876745224 and parameters: {'mlp_n_layers': 3, 'mlp_dim_00': 240, 'mlp_dim_01': 208, 'mlp_dim_02': 256, 'hidden_channels': 32, 'num_layers': 1, 'num_timesteps': 2, 'dropout': 0.212259155318959, 'train_learning_rate': 0.005920823417625299, 'train_lr_reduce': 0.6}. Best is trial 130 with value: 0.0812772810459137.
[I 2024-12-16 00:44:53,969] Trial 1901 finished with value: 0.11284594237804413 and parameters: {'mlp_n_layers': 2, 'mlp_dim_00': 224, 'mlp_dim_01': 160, 'hidden_channels': 64, 'num_layers': 2, 'num_timesteps': 3, 'dropout': 0.1899284400594506, 'train_learning_rate': 0.004586338765046195, 'train_lr_reduce': 0.6}. Best is trial 130 with value: 0.0812772810459137.
[I 2024-12-16 00:45:01,642] Trial 1902 finished with value: 0.15698117017745972 and parameters: {'mlp_n_layers': 3, 'mlp_dim_00': 64, 'mlp_dim_01': 224, 'mlp_dim_02': 64, 'hidden_channels': 96, 'num_layers': 4, 'num_timesteps': 4, 'dropout': 0.051597666198333114, 'train_learning_rate': 0.009876310290982706, 'train_lr_reduce': 0.6}. Best is trial 130 with value: 0.0812772810459137.
[I 2024-12-16 00:45:02,788] Trial 1903 finished with value: 0.10966150462627411 and parameters: {'mlp_n_layers': 2, 'mlp_dim_00': 208, 'mlp_dim_01': 176, 'hidden_channels': 128, 'num_layers': 1, 'num_timesteps': 3, 'dropout': 0.17264693374860246, 'train_learning_rate': 0.009321889429301466, 'train_lr_reduce': 0.6}. Best is trial 130 with value: 0.0812772810459137.
[I 2024-12-16 00:45:02,792] Trial 1904 finished with value: 0.12389829009771347 and parameters: {'mlp_n_layers': 2, 'mlp_dim_00': 176, 'mlp_dim_01': 144, 'hidden_channels': 80, 'num_layers': 1, 'num_timesteps': 3, 'dropout': 0.20924969064118804, 'train_learning_rate': 0.004932366648526514, 'train_lr_reduce': 0.6}. Best is trial 130 with value: 0.0812772810459137.
[I 2024-12-16 00:45:13,820] Trial 1906 finished with value: 0.11490149050951004 and parameters: {'mlp_n_layers': 2, 'mlp_dim_00': 224, 'mlp_dim_01': 176, 'hidden_channels': 64, 'num_layers': 1, 'num_timesteps': 2, 'dropout': 0.2238067014450136, 'train_learning_rate': 0.0046145753673688655, 'train_lr_reduce': 0.6}. Best is trial 130 with value: 0.0812772810459137.
[I 2024-12-16 00:45:14,206] Trial 1905 finished with value: 0.11692268401384354 and parameters: {'mlp_n_layers': 2, 'mlp_dim_00': 240, 'mlp_dim_01': 176, 'hidden_channels': 128, 'num_layers': 2, 'num_timesteps': 3, 'dropout': 0.13433384098419443, 'train_learning_rate': 0.003111722701803975, 'train_lr_reduce': 0.6}. Best is trial 130 with value: 0.0812772810459137.
[I 2024-12-16 00:45:17,035] Trial 1907 finished with value: 0.10713697969913483 and parameters: {'mlp_n_layers': 2, 'mlp_dim_00': 208, 'mlp_dim_01': 224, 'hidden_channels': 32, 'num_layers': 3, 'num_timesteps': 3, 'dropout': 0.19500435283386977, 'train_learning_rate': 0.00996801869755648, 'train_lr_reduce': 0.6}. Best is trial 130 with value: 0.0812772810459137.
[I 2024-12-16 00:45:23,758] Trial 1908 finished with value: 0.11831149458885193 and parameters: {'mlp_n_layers': 3, 'mlp_dim_00': 176, 'mlp_dim_01': 192, 'mlp_dim_02': 80, 'hidden_channels': 80, 'num_layers': 1, 'num_timesteps': 3, 'dropout': 0.17030984749031844, 'train_learning_rate': 0.002923962574471254, 'train_lr_reduce': 0.6}. Best is trial 130 with value: 0.0812772810459137.
[I 2024-12-16 00:45:29,711] Trial 1910 finished with value: 0.14311540126800537 and parameters: {'mlp_n_layers': 2, 'mlp_dim_00': 176, 'mlp_dim_01': 192, 'hidden_channels': 64, 'num_layers': 1, 'num_timesteps': 2, 'dropout': 0.21662485084017855, 'train_learning_rate': 0.009625436588546182, 'train_lr_reduce': 0.6}. Best is trial 130 with value: 0.0812772810459137.
[I 2024-12-16 00:45:30,875] Trial 1909 finished with value: 0.13243220746517181 and parameters: {'mlp_n_layers': 2, 'mlp_dim_00': 256, 'mlp_dim_01': 144, 'hidden_channels': 112, 'num_layers': 2, 'num_timesteps': 3, 'dropout': 0.16177211427580518, 'train_learning_rate': 0.007580801817391956, 'train_lr_reduce': 0.6}. Best is trial 130 with value: 0.0812772810459137.
[I 2024-12-16 00:45:34,879] Trial 1911 finished with value: 0.12490641325712204 and parameters: {'mlp_n_layers': 2, 'mlp_dim_00': 240, 'mlp_dim_01': 208, 'hidden_channels': 96, 'num_layers': 1, 'num_timesteps': 3, 'dropout': 0.24295698392985246, 'train_learning_rate': 0.0052934888894672575, 'train_lr_reduce': 0.6}. Best is trial 130 with value: 0.0812772810459137.
[I 2024-12-16 00:45:42,447] Trial 1913 finished with value: 0.1229168102145195 and parameters: {'mlp_n_layers': 2, 'mlp_dim_00': 256, 'mlp_dim_01': 224, 'hidden_channels': 80, 'num_layers': 2, 'num_timesteps': 3, 'dropout': 0.1717264351540554, 'train_learning_rate': 0.007810559994451368, 'train_lr_reduce': 0.6}. Best is trial 130 with value: 0.0812772810459137.
[I 2024-12-16 00:45:45,882] Trial 1914 finished with value: 0.10884042084217072 and parameters: {'mlp_n_layers': 2, 'mlp_dim_00': 224, 'mlp_dim_01': 192, 'hidden_channels': 32, 'num_layers': 1, 'num_timesteps': 2, 'dropout': 0.2517674613577118, 'train_learning_rate': 0.008282472704545829, 'train_lr_reduce': 0.6}. Best is trial 130 with value: 0.0812772810459137.
[I 2024-12-16 00:45:46,070] Trial 1912 finished with value: 0.11126119643449783 and parameters: {'mlp_n_layers': 2, 'mlp_dim_00': 96, 'mlp_dim_01': 192, 'hidden_channels': 80, 'num_layers': 3, 'num_timesteps': 3, 'dropout': 0.03954401281161545, 'train_learning_rate': 0.009239444826803942, 'train_lr_reduce': 0.6}. Best is trial 130 with value: 0.0812772810459137.
[I 2024-12-16 00:45:57,355] Trial 1917 finished with value: 0.08811608701944351 and parameters: {'mlp_n_layers': 2, 'mlp_dim_00': 240, 'mlp_dim_01': 176, 'hidden_channels': 48, 'num_layers': 1, 'num_timesteps': 3, 'dropout': 0.26409307120507625, 'train_learning_rate': 0.00787498605635828, 'train_lr_reduce': 0.6}. Best is trial 130 with value: 0.0812772810459137.
[I 2024-12-16 00:45:59,270] Trial 1915 finished with value: 0.10126759111881256 and parameters: {'mlp_n_layers': 2, 'mlp_dim_00': 256, 'mlp_dim_01': 192, 'hidden_channels': 48, 'num_layers': 2, 'num_timesteps': 3, 'dropout': 0.23715377233618515, 'train_learning_rate': 0.008538527114248273, 'train_lr_reduce': 0.6}. Best is trial 130 with value: 0.0812772810459137.
[I 2024-12-16 00:46:01,277] Trial 1916 finished with value: 0.11424068361520767 and parameters: {'mlp_n_layers': 2, 'mlp_dim_00': 192, 'mlp_dim_01': 144, 'hidden_channels': 48, 'num_layers': 1, 'num_timesteps': 2, 'dropout': 0.28014115995588407, 'train_learning_rate': 0.009058133972435512, 'train_lr_reduce': 0.6}. Best is trial 130 with value: 0.0812772810459137.
[I 2024-12-16 00:46:08,446] Trial 1919 finished with value: 0.1017860397696495 and parameters: {'mlp_n_layers': 2, 'mlp_dim_00': 256, 'mlp_dim_01': 208, 'hidden_channels': 96, 'num_layers': 1, 'num_timesteps': 3, 'dropout': 0.2614393715060673, 'train_learning_rate': 0.005758116800423103, 'train_lr_reduce': 0.6}. Best is trial 130 with value: 0.0812772810459137.
[I 2024-12-16 00:46:11,888] Trial 1918 finished with value: 0.08138836920261383 and parameters: {'mlp_n_layers': 2, 'mlp_dim_00': 192, 'mlp_dim_01': 176, 'hidden_channels': 96, 'num_layers': 2, 'num_timesteps': 3, 'dropout': 0.22093673545919346, 'train_learning_rate': 0.00935395229971098, 'train_lr_reduce': 0.6}. Best is trial 130 with value: 0.0812772810459137.
[I 2024-12-16 00:46:15,820] Trial 1920 finished with value: 0.1421068161725998 and parameters: {'mlp_n_layers': 2, 'mlp_dim_00': 256, 'mlp_dim_01': 192, 'hidden_channels': 48, 'num_layers': 1, 'num_timesteps': 2, 'dropout': 0.27938364679122546, 'train_learning_rate': 0.007032423361331478, 'train_lr_reduce': 0.6}. Best is trial 130 with value: 0.0812772810459137.
