[I 2024-12-15 17:31:33,797] Trial 2384 finished with value: 0.8423069715499878 and parameters: {'mlp_n_layers': 4, 'mlp_dim_00': 160, 'mlp_dim_01': 32, 'mlp_dim_02': 64, 'mlp_dim_03': 32, 'hidden_channels': 224, 'num_layers': 4, 'num_timesteps': 1, 'dropout': 0.15715166061270872, 'train_learning_rate': 0.004714926255620515, 'train_lr_reduce': 0.6}. Best is trial 2056 with value: 0.13246719539165497.
[I 2024-12-15 17:31:41,876] Trial 2382 finished with value: 0.22501082718372345 and parameters: {'mlp_n_layers': 2, 'mlp_dim_00': 224, 'mlp_dim_01': 208, 'hidden_channels': 64, 'num_layers': 4, 'num_timesteps': 4, 'dropout': 0.07757265681368572, 'train_learning_rate': 0.00029678583255538773, 'train_lr_reduce': 0.6}. Best is trial 2056 with value: 0.13246719539165497.
[I 2024-12-15 17:31:43,921] Trial 2383 finished with value: 0.45198574662208557 and parameters: {'mlp_n_layers': 3, 'mlp_dim_00': 192, 'mlp_dim_01': 32, 'mlp_dim_02': 48, 'hidden_channels': 48, 'num_layers': 2, 'num_timesteps': 1, 'dropout': 0.013658918798754693, 'train_learning_rate': 0.00012285917252050907, 'train_lr_reduce': 0.6}. Best is trial 2056 with value: 0.13246719539165497.
[I 2024-12-15 17:31:43,983] Trial 2385 finished with value: 0.19678035378456116 and parameters: {'mlp_n_layers': 4, 'mlp_dim_00': 64, 'mlp_dim_01': 144, 'mlp_dim_02': 32, 'mlp_dim_03': 96, 'hidden_channels': 240, 'num_layers': 2, 'num_timesteps': 3, 'dropout': 0.09047903128013307, 'train_learning_rate': 0.00735108405426574, 'train_lr_reduce': 0.6}. Best is trial 2056 with value: 0.13246719539165497.
[I 2024-12-15 17:31:46,504] Trial 2386 finished with value: 0.84052973985672 and parameters: {'mlp_n_layers': 4, 'mlp_dim_00': 32, 'mlp_dim_01': 256, 'mlp_dim_02': 64, 'mlp_dim_03': 144, 'hidden_channels': 208, 'num_layers': 2, 'num_timesteps': 4, 'dropout': 0.006250507876105526, 'train_learning_rate': 0.00541524478711793, 'train_lr_reduce': 0.6}. Best is trial 2056 with value: 0.13246719539165497.
[I 2024-12-15 17:31:50,570] Trial 2388 finished with value: 0.23717239499092102 and parameters: {'mlp_n_layers': 3, 'mlp_dim_00': 48, 'mlp_dim_01': 176, 'mlp_dim_02': 48, 'hidden_channels': 256, 'num_layers': 1, 'num_timesteps': 4, 'dropout': 0.006807708543075691, 'train_learning_rate': 0.00640307417034417, 'train_lr_reduce': 0.6}. Best is trial 2056 with value: 0.13246719539165497.
[I 2024-12-15 17:31:51,758] Trial 2387 finished with value: 0.23668336868286133 and parameters: {'mlp_n_layers': 3, 'mlp_dim_00': 176, 'mlp_dim_01': 128, 'mlp_dim_02': 240, 'hidden_channels': 96, 'num_layers': 4, 'num_timesteps': 2, 'dropout': 0.14426862892064765, 'train_learning_rate': 0.0026291010992750804, 'train_lr_reduce': 0.6}. Best is trial 2056 with value: 0.13246719539165497.
[I 2024-12-15 17:31:54,162] Trial 2389 finished with value: 0.21760194003582 and parameters: {'mlp_n_layers': 4, 'mlp_dim_00': 64, 'mlp_dim_01': 112, 'mlp_dim_02': 64, 'mlp_dim_03': 112, 'hidden_channels': 208, 'num_layers': 1, 'num_timesteps': 4, 'dropout': 0.01411870552208394, 'train_learning_rate': 0.002996006233430632, 'train_lr_reduce': 0.6}. Best is trial 2056 with value: 0.13246719539165497.
[I 2024-12-15 17:32:04,421] Trial 2390 finished with value: 0.23147302865982056 and parameters: {'mlp_n_layers': 4, 'mlp_dim_00': 208, 'mlp_dim_01': 128, 'mlp_dim_02': 128, 'mlp_dim_03': 80, 'hidden_channels': 160, 'num_layers': 4, 'num_timesteps': 3, 'dropout': 0.20619959450622813, 'train_learning_rate': 0.00081175948173729, 'train_lr_reduce': 0.6}. Best is trial 2056 with value: 0.13246719539165497.
[I 2024-12-15 17:32:06,948] Trial 2391 finished with value: 0.19572456181049347 and parameters: {'mlp_n_layers': 4, 'mlp_dim_00': 32, 'mlp_dim_01': 96, 'mlp_dim_02': 224, 'mlp_dim_03': 64, 'hidden_channels': 256, 'num_layers': 1, 'num_timesteps': 4, 'dropout': 0.012585896108220807, 'train_learning_rate': 0.002606999144059176, 'train_lr_reduce': 0.6}. Best is trial 2056 with value: 0.13246719539165497.
[I 2024-12-15 17:32:08,306] Trial 2392 finished with value: 0.18021178245544434 and parameters: {'mlp_n_layers': 2, 'mlp_dim_00': 128, 'mlp_dim_01': 256, 'hidden_channels': 160, 'num_layers': 1, 'num_timesteps': 4, 'dropout': 0.053253434398585306, 'train_learning_rate': 0.002676568807414828, 'train_lr_reduce': 0.6}. Best is trial 2056 with value: 0.13246719539165497.
[I 2024-12-15 17:32:16,155] Trial 2393 finished with value: 0.18143625557422638 and parameters: {'mlp_n_layers': 3, 'mlp_dim_00': 64, 'mlp_dim_01': 160, 'mlp_dim_02': 32, 'hidden_channels': 208, 'num_layers': 1, 'num_timesteps': 4, 'dropout': 0.008306348317851837, 'train_learning_rate': 0.003682453579759613, 'train_lr_reduce': 0.6}. Best is trial 2056 with value: 0.13246719539165497.
[I 2024-12-15 17:32:18,264] Trial 2394 finished with value: 0.1976441890001297 and parameters: {'mlp_n_layers': 4, 'mlp_dim_00': 48, 'mlp_dim_01': 160, 'mlp_dim_02': 80, 'mlp_dim_03': 128, 'hidden_channels': 224, 'num_layers': 1, 'num_timesteps': 3, 'dropout': 0.008659008434090471, 'train_learning_rate': 0.00818949449446952, 'train_lr_reduce': 0.6}. Best is trial 2056 with value: 0.13246719539165497.
[I 2024-12-15 17:32:19,736] Trial 2395 finished with value: 0.20308148860931396 and parameters: {'mlp_n_layers': 4, 'mlp_dim_00': 64, 'mlp_dim_01': 192, 'mlp_dim_02': 48, 'mlp_dim_03': 96, 'hidden_channels': 256, 'num_layers': 1, 'num_timesteps': 3, 'dropout': 0.003206310199799144, 'train_learning_rate': 0.0009688391713788007, 'train_lr_reduce': 0.6}. Best is trial 2056 with value: 0.13246719539165497.
[I 2024-12-15 17:32:24,682] Trial 2396 finished with value: 0.24572975933551788 and parameters: {'mlp_n_layers': 2, 'mlp_dim_00': 240, 'mlp_dim_01': 160, 'hidden_channels': 32, 'num_layers': 3, 'num_timesteps': 1, 'dropout': 0.21090914479786488, 'train_learning_rate': 0.009219834631117267, 'train_lr_reduce': 0.6}. Best is trial 2056 with value: 0.13246719539165497.
[I 2024-12-15 17:32:36,044] Trial 2397 finished with value: 0.19296222925186157 and parameters: {'mlp_n_layers': 3, 'mlp_dim_00': 96, 'mlp_dim_01': 112, 'mlp_dim_02': 240, 'hidden_channels': 256, 'num_layers': 1, 'num_timesteps': 3, 'dropout': 0.06149928874444879, 'train_learning_rate': 0.0003636250673978053, 'train_lr_reduce': 0.6}. Best is trial 2056 with value: 0.13246719539165497.
[I 2024-12-15 17:32:38,031] Trial 2398 finished with value: 0.16960197687149048 and parameters: {'mlp_n_layers': 3, 'mlp_dim_00': 96, 'mlp_dim_01': 160, 'mlp_dim_02': 112, 'hidden_channels': 208, 'num_layers': 1, 'num_timesteps': 4, 'dropout': 0.003594063249658337, 'train_learning_rate': 0.0014029823335118125, 'train_lr_reduce': 0.6}. Best is trial 2056 with value: 0.13246719539165497.
[I 2024-12-15 17:32:42,186] Trial 2400 finished with value: 0.18404941260814667 and parameters: {'mlp_n_layers': 3, 'mlp_dim_00': 128, 'mlp_dim_01': 128, 'mlp_dim_02': 64, 'hidden_channels': 176, 'num_layers': 1, 'num_timesteps': 4, 'dropout': 0.04303574049174745, 'train_learning_rate': 0.006800203995052906, 'train_lr_reduce': 0.6}. Best is trial 2056 with value: 0.13246719539165497.
[I 2024-12-15 17:32:46,263] Trial 2399 finished with value: 0.18961922824382782 and parameters: {'mlp_n_layers': 4, 'mlp_dim_00': 48, 'mlp_dim_01': 160, 'mlp_dim_02': 224, 'mlp_dim_03': 32, 'hidden_channels': 224, 'num_layers': 1, 'num_timesteps': 4, 'dropout': 0.0006445735313415531, 'train_learning_rate': 0.0027861134106450603, 'train_lr_reduce': 0.6}. Best is trial 2056 with value: 0.13246719539165497.
[I 2024-12-15 17:32:46,707] Trial 2402 finished with value: 1.1663496494293213 and parameters: {'mlp_n_layers': 4, 'mlp_dim_00': 112, 'mlp_dim_01': 112, 'mlp_dim_02': 48, 'mlp_dim_03': 64, 'hidden_channels': 256, 'num_layers': 1, 'num_timesteps': 4, 'dropout': 0.07932172352804007, 'train_learning_rate': 0.005374120979526392, 'train_lr_reduce': 0.6}. Best is trial 2056 with value: 0.13246719539165497.
[I 2024-12-15 17:33:04,925] Trial 2403 finished with value: 0.23827272653579712 and parameters: {'mlp_n_layers': 4, 'mlp_dim_00': 80, 'mlp_dim_01': 112, 'mlp_dim_02': 240, 'mlp_dim_03': 144, 'hidden_channels': 256, 'num_layers': 1, 'num_timesteps': 3, 'dropout': 0.12336734997280138, 'train_learning_rate': 0.008212121034971069, 'train_lr_reduce': 0.6}. Best is trial 2056 with value: 0.13246719539165497.
[I 2024-12-15 17:33:05,105] Trial 2401 finished with value: 0.23351065814495087 and parameters: {'mlp_n_layers': 3, 'mlp_dim_00': 48, 'mlp_dim_01': 128, 'mlp_dim_02': 80, 'hidden_channels': 256, 'num_layers': 2, 'num_timesteps': 4, 'dropout': 0.027538347312738104, 'train_learning_rate': 0.0005332273656760582, 'train_lr_reduce': 0.6}. Best is trial 2056 with value: 0.13246719539165497.
[I 2024-12-15 17:33:10,593] Trial 2404 finished with value: 0.23228499293327332 and parameters: {'mlp_n_layers': 4, 'mlp_dim_00': 80, 'mlp_dim_01': 192, 'mlp_dim_02': 128, 'mlp_dim_03': 96, 'hidden_channels': 208, 'num_layers': 2, 'num_timesteps': 3, 'dropout': 0.019594296554597657, 'train_learning_rate': 0.0006925942444984909, 'train_lr_reduce': 0.6}. Best is trial 2056 with value: 0.13246719539165497.
[I 2024-12-15 17:33:14,173] Trial 2405 finished with value: 0.22380627691745758 and parameters: {'mlp_n_layers': 4, 'mlp_dim_00': 192, 'mlp_dim_01': 224, 'mlp_dim_02': 96, 'mlp_dim_03': 48, 'hidden_channels': 256, 'num_layers': 1, 'num_timesteps': 3, 'dropout': 0.011760804317560627, 'train_learning_rate': 0.0028339173554209774, 'train_lr_reduce': 0.6}. Best is trial 2056 with value: 0.13246719539165497.
[I 2024-12-15 17:33:21,032] Trial 2406 finished with value: 0.1551700085401535 and parameters: {'mlp_n_layers': 3, 'mlp_dim_00': 64, 'mlp_dim_01': 208, 'mlp_dim_02': 224, 'hidden_channels': 208, 'num_layers': 1, 'num_timesteps': 4, 'dropout': 0.03722104417097268, 'train_learning_rate': 0.002541965145138914, 'train_lr_reduce': 0.6}. Best is trial 2056 with value: 0.13246719539165497.
[I 2024-12-15 17:33:30,109] Trial 2407 finished with value: 0.2793957591056824 and parameters: {'mlp_n_layers': 3, 'mlp_dim_00': 112, 'mlp_dim_01': 64, 'mlp_dim_02': 64, 'hidden_channels': 48, 'num_layers': 2, 'num_timesteps': 3, 'dropout': 0.24224991776073884, 'train_learning_rate': 0.0002781405821431655, 'train_lr_reduce': 0.6}. Best is trial 2056 with value: 0.13246719539165497.
[I 2024-12-15 17:33:30,160] Trial 2409 finished with value: 0.22973084449768066 and parameters: {'mlp_n_layers': 2, 'mlp_dim_00': 240, 'mlp_dim_01': 176, 'hidden_channels': 208, 'num_layers': 1, 'num_timesteps': 3, 'dropout': 0.03993528989697488, 'train_learning_rate': 0.009162942239207135, 'train_lr_reduce': 0.6}. Best is trial 2056 with value: 0.13246719539165497.
[I 2024-12-15 17:33:33,866] Trial 2408 finished with value: 0.6465794444084167 and parameters: {'mlp_n_layers': 3, 'mlp_dim_00': 48, 'mlp_dim_01': 48, 'mlp_dim_02': 32, 'hidden_channels': 176, 'num_layers': 3, 'num_timesteps': 2, 'dropout': 0.26197966542481427, 'train_learning_rate': 0.00017147045329010937, 'train_lr_reduce': 0.6}. Best is trial 2056 with value: 0.13246719539165497.
[I 2024-12-15 17:33:38,716] Trial 2411 finished with value: 0.22012753784656525 and parameters: {'mlp_n_layers': 4, 'mlp_dim_00': 64, 'mlp_dim_01': 144, 'mlp_dim_02': 240, 'mlp_dim_03': 112, 'hidden_channels': 208, 'num_layers': 1, 'num_timesteps': 4, 'dropout': 0.011027351924631992, 'train_learning_rate': 0.0038535688153419315, 'train_lr_reduce': 0.6}. Best is trial 2056 with value: 0.13246719539165497.
[I 2024-12-15 17:33:43,393] Trial 2410 finished with value: 0.21568913757801056 and parameters: {'mlp_n_layers': 3, 'mlp_dim_00': 48, 'mlp_dim_01': 32, 'mlp_dim_02': 80, 'hidden_channels': 112, 'num_layers': 3, 'num_timesteps': 2, 'dropout': 0.1937547091997557, 'train_learning_rate': 0.0009212699551880444, 'train_lr_reduce': 0.6}. Best is trial 2056 with value: 0.13246719539165497.
[I 2024-12-15 17:33:44,152] Trial 2412 finished with value: 0.2072131633758545 and parameters: {'mlp_n_layers': 3, 'mlp_dim_00': 128, 'mlp_dim_01': 112, 'mlp_dim_02': 256, 'hidden_channels': 256, 'num_layers': 2, 'num_timesteps': 4, 'dropout': 0.006077021602799411, 'train_learning_rate': 0.0038969307856114234, 'train_lr_reduce': 0.6}. Best is trial 2056 with value: 0.13246719539165497.
[I 2024-12-15 17:33:47,676] Trial 2413 finished with value: 0.2141568660736084 and parameters: {'mlp_n_layers': 3, 'mlp_dim_00': 64, 'mlp_dim_01': 112, 'mlp_dim_02': 48, 'hidden_channels': 224, 'num_layers': 1, 'num_timesteps': 4, 'dropout': 0.00023008622098232663, 'train_learning_rate': 0.002718839679552041, 'train_lr_reduce': 0.6}. Best is trial 2056 with value: 0.13246719539165497.
[I 2024-12-15 17:33:51,547] Trial 2415 finished with value: 0.22195090353488922 and parameters: {'mlp_n_layers': 4, 'mlp_dim_00': 112, 'mlp_dim_01': 144, 'mlp_dim_02': 224, 'mlp_dim_03': 80, 'hidden_channels': 192, 'num_layers': 1, 'num_timesteps': 4, 'dropout': 0.0028804128127844176, 'train_learning_rate': 0.005036720557501864, 'train_lr_reduce': 0.6}. Best is trial 2056 with value: 0.13246719539165497.
[I 2024-12-15 17:33:51,838] Trial 2414 finished with value: 0.22478505969047546 and parameters: {'mlp_n_layers': 3, 'mlp_dim_00': 80, 'mlp_dim_01': 144, 'mlp_dim_02': 112, 'hidden_channels': 208, 'num_layers': 2, 'num_timesteps': 4, 'dropout': 0.05703125879295456, 'train_learning_rate': 0.004117024366832297, 'train_lr_reduce': 0.6}. Best is trial 2056 with value: 0.13246719539165497.
[I 2024-12-15 17:34:01,113] Trial 2416 finished with value: 0.14123134315013885 and parameters: {'mlp_n_layers': 3, 'mlp_dim_00': 112, 'mlp_dim_01': 160, 'mlp_dim_02': 64, 'hidden_channels': 240, 'num_layers': 1, 'num_timesteps': 4, 'dropout': 0.0022947917282020508, 'train_learning_rate': 0.0019659900387832482, 'train_lr_reduce': 0.6}. Best is trial 2056 with value: 0.13246719539165497.
[I 2024-12-15 17:34:02,352] Trial 2418 finished with value: 0.22093527019023895 and parameters: {'mlp_n_layers': 4, 'mlp_dim_00': 80, 'mlp_dim_01': 192, 'mlp_dim_02': 96, 'mlp_dim_03': 128, 'hidden_channels': 224, 'num_layers': 1, 'num_timesteps': 3, 'dropout': 0.05563440004032473, 'train_learning_rate': 0.005930287258353768, 'train_lr_reduce': 0.6}. Best is trial 2056 with value: 0.13246719539165497.
[I 2024-12-15 17:34:02,644] Trial 2417 finished with value: 0.19049212336540222 and parameters: {'mlp_n_layers': 3, 'mlp_dim_00': 48, 'mlp_dim_01': 176, 'mlp_dim_02': 32, 'hidden_channels': 208, 'num_layers': 1, 'num_timesteps': 3, 'dropout': 0.061114121024353985, 'train_learning_rate': 0.0013861258948846893, 'train_lr_reduce': 0.6}. Best is trial 2056 with value: 0.13246719539165497.
[I 2024-12-15 17:34:16,170] Trial 2419 finished with value: 0.19416385889053345 and parameters: {'mlp_n_layers': 3, 'mlp_dim_00': 96, 'mlp_dim_01': 112, 'mlp_dim_02': 64, 'hidden_channels': 208, 'num_layers': 1, 'num_timesteps': 3, 'dropout': 0.03774761069166239, 'train_learning_rate': 0.004662035091801903, 'train_lr_reduce': 0.6}. Best is trial 2056 with value: 0.13246719539165497.
[I 2024-12-15 17:34:17,069] Trial 2421 finished with value: 0.1509021669626236 and parameters: {'mlp_n_layers': 3, 'mlp_dim_00': 128, 'mlp_dim_01': 176, 'mlp_dim_02': 64, 'hidden_channels': 240, 'num_layers': 1, 'num_timesteps': 3, 'dropout': 6.218654234386241e-05, 'train_learning_rate': 0.001930620192624902, 'train_lr_reduce': 0.6}. Best is trial 2056 with value: 0.13246719539165497.
[I 2024-12-15 17:34:19,230] Trial 2420 finished with value: 0.2077852338552475 and parameters: {'mlp_n_layers': 4, 'mlp_dim_00': 80, 'mlp_dim_01': 224, 'mlp_dim_02': 64, 'mlp_dim_03': 64, 'hidden_channels': 96, 'num_layers': 1, 'num_timesteps': 1, 'dropout': 0.12552053132310753, 'train_learning_rate': 0.0003461822515256297, 'train_lr_reduce': 0.6}. Best is trial 2056 with value: 0.13246719539165497.
[I 2024-12-15 17:34:27,263] Trial 2424 finished with value: 0.22276261448860168 and parameters: {'mlp_n_layers': 4, 'mlp_dim_00': 48, 'mlp_dim_01': 192, 'mlp_dim_02': 64, 'mlp_dim_03': 96, 'hidden_channels': 240, 'num_layers': 1, 'num_timesteps': 4, 'dropout': 0.057794364932621245, 'train_learning_rate': 0.0027348346754802817, 'train_lr_reduce': 0.6}. Best is trial 2056 with value: 0.13246719539165497.
[I 2024-12-15 17:34:28,459] Trial 2422 finished with value: 0.20229336619377136 and parameters: {'mlp_n_layers': 3, 'mlp_dim_00': 128, 'mlp_dim_01': 176, 'mlp_dim_02': 64, 'hidden_channels': 192, 'num_layers': 2, 'num_timesteps': 4, 'dropout': 0.021751263095778663, 'train_learning_rate': 0.0018252454615179544, 'train_lr_reduce': 0.6}. Best is trial 2056 with value: 0.13246719539165497.
[I 2024-12-15 17:34:29,699] Trial 2423 finished with value: 0.2088899165391922 and parameters: {'mlp_n_layers': 3, 'mlp_dim_00': 224, 'mlp_dim_01': 48, 'mlp_dim_02': 80, 'hidden_channels': 32, 'num_layers': 3, 'num_timesteps': 2, 'dropout': 0.1597273015408853, 'train_learning_rate': 0.0014675987061008049, 'train_lr_reduce': 0.6}. Best is trial 2056 with value: 0.13246719539165497.
[I 2024-12-15 17:34:33,673] Trial 2425 finished with value: 0.20317219197750092 and parameters: {'mlp_n_layers': 3, 'mlp_dim_00': 112, 'mlp_dim_01': 192, 'mlp_dim_02': 48, 'hidden_channels': 224, 'num_layers': 1, 'num_timesteps': 4, 'dropout': 0.061895873124926434, 'train_learning_rate': 0.00437306015138399, 'train_lr_reduce': 0.6}. Best is trial 2056 with value: 0.13246719539165497.
[I 2024-12-15 17:34:39,485] Trial 2427 finished with value: 0.21956904232501984 and parameters: {'mlp_n_layers': 3, 'mlp_dim_00': 96, 'mlp_dim_01': 128, 'mlp_dim_02': 48, 'hidden_channels': 224, 'num_layers': 2, 'num_timesteps': 4, 'dropout': 0.09187389791367703, 'train_learning_rate': 0.0010440515792271986, 'train_lr_reduce': 0.6}. Best is trial 2056 with value: 0.13246719539165497.
[I 2024-12-15 17:34:40,117] Trial 2426 finished with value: 0.2074163556098938 and parameters: {'mlp_n_layers': 3, 'mlp_dim_00': 128, 'mlp_dim_01': 176, 'mlp_dim_02': 80, 'hidden_channels': 240, 'num_layers': 2, 'num_timesteps': 4, 'dropout': 0.011034164838192851, 'train_learning_rate': 0.000807003642092404, 'train_lr_reduce': 0.6}. Best is trial 2056 with value: 0.13246719539165497.
[I 2024-12-15 17:34:42,092] Trial 2428 finished with value: 0.22520163655281067 and parameters: {'mlp_n_layers': 2, 'mlp_dim_00': 96, 'mlp_dim_01': 80, 'hidden_channels': 192, 'num_layers': 4, 'num_timesteps': 1, 'dropout': 0.1271540561088838, 'train_learning_rate': 0.003840833261218645, 'train_lr_reduce': 0.6}. Best is trial 2056 with value: 0.13246719539165497.
[I 2024-12-15 17:34:48,667] Trial 2430 finished with value: 0.18808667361736298 and parameters: {'mlp_n_layers': 3, 'mlp_dim_00': 96, 'mlp_dim_01': 192, 'mlp_dim_02': 64, 'hidden_channels': 208, 'num_layers': 1, 'num_timesteps': 4, 'dropout': 0.02035730342513161, 'train_learning_rate': 0.0016882173429745146, 'train_lr_reduce': 0.6}. Best is trial 2056 with value: 0.13246719539165497.
[I 2024-12-15 17:34:53,706] Trial 2431 finished with value: 0.21537646651268005 and parameters: {'mlp_n_layers': 2, 'mlp_dim_00': 96, 'mlp_dim_01': 192, 'hidden_channels': 256, 'num_layers': 1, 'num_timesteps': 3, 'dropout': 0.05186218446890327, 'train_learning_rate': 0.00044667556326073927, 'train_lr_reduce': 0.6}. Best is trial 2056 with value: 0.13246719539165497.
[I 2024-12-15 17:34:57,497] Trial 2432 finished with value: 0.21173150837421417 and parameters: {'mlp_n_layers': 2, 'mlp_dim_00': 208, 'mlp_dim_01': 256, 'hidden_channels': 64, 'num_layers': 4, 'num_timesteps': 3, 'dropout': 0.03245474938218336, 'train_learning_rate': 0.002826856233435252, 'train_lr_reduce': 0.6}. Best is trial 2056 with value: 0.13246719539165497.
[I 2024-12-15 17:35:00,565] Trial 2429 finished with value: 0.4227464497089386 and parameters: {'mlp_n_layers': 4, 'mlp_dim_00': 256, 'mlp_dim_01': 80, 'mlp_dim_02': 80, 'mlp_dim_03': 144, 'hidden_channels': 64, 'num_layers': 1, 'num_timesteps': 3, 'dropout': 0.04950663577397092, 'train_learning_rate': 0.00010049392561675742, 'train_lr_reduce': 0.6}. Best is trial 2056 with value: 0.13246719539165497.
[I 2024-12-15 17:35:07,118] Trial 2433 finished with value: 0.18735496699810028 and parameters: {'mlp_n_layers': 3, 'mlp_dim_00': 112, 'mlp_dim_01': 160, 'mlp_dim_02': 80, 'hidden_channels': 256, 'num_layers': 1, 'num_timesteps': 4, 'dropout': 0.03671992066874865, 'train_learning_rate': 0.0006571578325653406, 'train_lr_reduce': 0.6}. Best is trial 2056 with value: 0.13246719539165497.
[I 2024-12-15 17:35:10,700] Trial 2434 finished with value: 0.15898142755031586 and parameters: {'mlp_n_layers': 4, 'mlp_dim_00': 80, 'mlp_dim_01': 112, 'mlp_dim_02': 48, 'mlp_dim_03': 112, 'hidden_channels': 192, 'num_layers': 1, 'num_timesteps': 3, 'dropout': 0.006941204334397297, 'train_learning_rate': 0.0034929510434776596, 'train_lr_reduce': 0.6}. Best is trial 2056 with value: 0.13246719539165497.
[I 2024-12-15 17:35:16,725] Trial 2436 finished with value: 0.16375945508480072 and parameters: {'mlp_n_layers': 3, 'mlp_dim_00': 112, 'mlp_dim_01': 176, 'mlp_dim_02': 48, 'hidden_channels': 192, 'num_layers': 1, 'num_timesteps': 4, 'dropout': 0.05028764220634355, 'train_learning_rate': 0.00415159260293877, 'train_lr_reduce': 0.6}. Best is trial 2056 with value: 0.13246719539165497.
[I 2024-12-15 17:35:18,847] Trial 2437 finished with value: 0.19305075705051422 and parameters: {'mlp_n_layers': 3, 'mlp_dim_00': 112, 'mlp_dim_01': 144, 'mlp_dim_02': 80, 'hidden_channels': 240, 'num_layers': 1, 'num_timesteps': 4, 'dropout': 0.0037810910385015243, 'train_learning_rate': 0.004244538207088874, 'train_lr_reduce': 0.6}. Best is trial 2056 with value: 0.13246719539165497.
[I 2024-12-15 17:35:20,103] Trial 2435 finished with value: 0.23218709230422974 and parameters: {'mlp_n_layers': 3, 'mlp_dim_00': 176, 'mlp_dim_01': 160, 'mlp_dim_02': 64, 'hidden_channels': 128, 'num_layers': 3, 'num_timesteps': 4, 'dropout': 0.02215072531384668, 'train_learning_rate': 0.00020321618978327136, 'train_lr_reduce': 0.6}. Best is trial 2056 with value: 0.13246719539165497.
