[I 2024-12-15 16:43:22,711] Trial 1604 finished with value: 0.1897909939289093 and parameters: {'mlp_n_layers': 3, 'mlp_dim_00': 32, 'mlp_dim_01': 192, 'mlp_dim_02': 240, 'hidden_channels': 32, 'num_layers': 1, 'num_timesteps': 3, 'dropout': 0.01607162498321428, 'train_learning_rate': 0.002335932964688048, 'train_lr_reduce': 0.6}. Best is trial 632 with value: 0.13978464901447296.
[I 2024-12-15 16:43:23,708] Trial 1605 finished with value: 0.20374198257923126 and parameters: {'mlp_n_layers': 2, 'mlp_dim_00': 48, 'mlp_dim_01': 128, 'hidden_channels': 64, 'num_layers': 1, 'num_timesteps': 3, 'dropout': 0.0036617998809083292, 'train_learning_rate': 0.00402188463449788, 'train_lr_reduce': 0.6}. Best is trial 632 with value: 0.13978464901447296.
[I 2024-12-15 16:43:31,951] Trial 1607 finished with value: 0.18852564692497253 and parameters: {'mlp_n_layers': 3, 'mlp_dim_00': 240, 'mlp_dim_01': 176, 'mlp_dim_02': 224, 'hidden_channels': 240, 'num_layers': 1, 'num_timesteps': 4, 'dropout': 0.04774449837294149, 'train_learning_rate': 0.0018952622109067807, 'train_lr_reduce': 0.6}. Best is trial 632 with value: 0.13978464901447296.
[I 2024-12-15 16:43:32,269] Trial 1608 finished with value: 0.21186582744121552 and parameters: {'mlp_n_layers': 2, 'mlp_dim_00': 48, 'mlp_dim_01': 144, 'hidden_channels': 128, 'num_layers': 2, 'num_timesteps': 3, 'dropout': 0.11962376460963925, 'train_learning_rate': 0.001797364989785499, 'train_lr_reduce': 0.6}. Best is trial 632 with value: 0.13978464901447296.
[I 2024-12-15 16:43:33,186] Trial 1606 finished with value: 0.21244129538536072 and parameters: {'mlp_n_layers': 3, 'mlp_dim_00': 256, 'mlp_dim_01': 208, 'mlp_dim_02': 192, 'hidden_channels': 224, 'num_layers': 1, 'num_timesteps': 4, 'dropout': 0.07805659371262612, 'train_learning_rate': 0.007788346482074902, 'train_lr_reduce': 0.6}. Best is trial 632 with value: 0.13978464901447296.
[I 2024-12-15 16:43:38,705] Trial 1611 finished with value: 0.23836609721183777 and parameters: {'mlp_n_layers': 3, 'mlp_dim_00': 208, 'mlp_dim_01': 240, 'mlp_dim_02': 256, 'hidden_channels': 160, 'num_layers': 1, 'num_timesteps': 4, 'dropout': 0.07280242845870355, 'train_learning_rate': 0.006549075234850244, 'train_lr_reduce': 0.6}. Best is trial 632 with value: 0.13978464901447296.
[I 2024-12-15 16:43:43,300] Trial 1609 finished with value: 0.17243482172489166 and parameters: {'mlp_n_layers': 2, 'mlp_dim_00': 32, 'mlp_dim_01': 96, 'hidden_channels': 128, 'num_layers': 1, 'num_timesteps': 4, 'dropout': 0.05190878893051613, 'train_learning_rate': 0.0049419108206476756, 'train_lr_reduce': 0.6}. Best is trial 632 with value: 0.13978464901447296.
[I 2024-12-15 16:43:43,897] Trial 1610 finished with value: 0.20671343803405762 and parameters: {'mlp_n_layers': 2, 'mlp_dim_00': 144, 'mlp_dim_01': 112, 'hidden_channels': 64, 'num_layers': 2, 'num_timesteps': 2, 'dropout': 0.24413423488497915, 'train_learning_rate': 0.0013519349322212437, 'train_lr_reduce': 0.6}. Best is trial 632 with value: 0.13978464901447296.
[I 2024-12-15 16:43:48,238] Trial 1612 finished with value: 0.23493565618991852 and parameters: {'mlp_n_layers': 2, 'mlp_dim_00': 176, 'mlp_dim_01': 48, 'hidden_channels': 48, 'num_layers': 2, 'num_timesteps': 4, 'dropout': 0.2890735914014857, 'train_learning_rate': 0.0013978324072080777, 'train_lr_reduce': 0.6}. Best is trial 632 with value: 0.13978464901447296.
[I 2024-12-15 16:43:50,722] Trial 1613 finished with value: 0.19690179824829102 and parameters: {'mlp_n_layers': 3, 'mlp_dim_00': 80, 'mlp_dim_01': 208, 'mlp_dim_02': 176, 'hidden_channels': 128, 'num_layers': 1, 'num_timesteps': 3, 'dropout': 0.02492029256113404, 'train_learning_rate': 0.002676312245749706, 'train_lr_reduce': 0.6}. Best is trial 632 with value: 0.13978464901447296.
[I 2024-12-15 16:43:53,269] Trial 1614 finished with value: 0.19919328391551971 and parameters: {'mlp_n_layers': 2, 'mlp_dim_00': 32, 'mlp_dim_01': 144, 'hidden_channels': 112, 'num_layers': 1, 'num_timesteps': 4, 'dropout': 0.08420071302314185, 'train_learning_rate': 0.005099548011915885, 'train_lr_reduce': 0.6}. Best is trial 632 with value: 0.13978464901447296.
[I 2024-12-15 16:43:56,926] Trial 1615 finished with value: 0.20032933354377747 and parameters: {'mlp_n_layers': 4, 'mlp_dim_00': 240, 'mlp_dim_01': 80, 'mlp_dim_02': 224, 'mlp_dim_03': 144, 'hidden_channels': 192, 'num_layers': 1, 'num_timesteps': 3, 'dropout': 0.022926586225028685, 'train_learning_rate': 0.003355600807210513, 'train_lr_reduce': 0.6}. Best is trial 632 with value: 0.13978464901447296.
[I 2024-12-15 16:44:01,486] Trial 1617 finished with value: 0.2327526956796646 and parameters: {'mlp_n_layers': 3, 'mlp_dim_00': 224, 'mlp_dim_01': 208, 'mlp_dim_02': 176, 'hidden_channels': 144, 'num_layers': 4, 'num_timesteps': 1, 'dropout': 0.040199985332005986, 'train_learning_rate': 0.0012177591710597379, 'train_lr_reduce': 0.6}. Best is trial 632 with value: 0.13978464901447296.
[I 2024-12-15 16:44:02,174] Trial 1616 finished with value: 0.15186259150505066 and parameters: {'mlp_n_layers': 2, 'mlp_dim_00': 80, 'mlp_dim_01': 112, 'hidden_channels': 144, 'num_layers': 1, 'num_timesteps': 3, 'dropout': 0.0007996481154297283, 'train_learning_rate': 0.002655138818587016, 'train_lr_reduce': 0.6}. Best is trial 632 with value: 0.13978464901447296.
[I 2024-12-15 16:44:09,462] Trial 1619 finished with value: 0.19120542705059052 and parameters: {'mlp_n_layers': 2, 'mlp_dim_00': 80, 'mlp_dim_01': 160, 'hidden_channels': 112, 'num_layers': 1, 'num_timesteps': 4, 'dropout': 0.04779683150444784, 'train_learning_rate': 0.002485987572016704, 'train_lr_reduce': 0.6}. Best is trial 632 with value: 0.13978464901447296.
[I 2024-12-15 16:44:09,634] Trial 1618 finished with value: 0.21436943113803864 and parameters: {'mlp_n_layers': 2, 'mlp_dim_00': 32, 'mlp_dim_01': 144, 'hidden_channels': 112, 'num_layers': 1, 'num_timesteps': 2, 'dropout': 0.0015601242220985266, 'train_learning_rate': 0.0026879655868736773, 'train_lr_reduce': 0.6}. Best is trial 632 with value: 0.13978464901447296.
[I 2024-12-15 16:44:15,571] Trial 1620 finished with value: 0.2608218491077423 and parameters: {'mlp_n_layers': 4, 'mlp_dim_00': 224, 'mlp_dim_01': 32, 'mlp_dim_02': 208, 'mlp_dim_03': 48, 'hidden_channels': 208, 'num_layers': 4, 'num_timesteps': 2, 'dropout': 0.026365662975877585, 'train_learning_rate': 0.00018857950475031007, 'train_lr_reduce': 0.6}. Best is trial 632 with value: 0.13978464901447296.
[I 2024-12-15 16:44:18,423] Trial 1622 finished with value: 0.17625053226947784 and parameters: {'mlp_n_layers': 2, 'mlp_dim_00': 80, 'mlp_dim_01': 192, 'hidden_channels': 80, 'num_layers': 1, 'num_timesteps': 3, 'dropout': 0.05358047918307818, 'train_learning_rate': 0.0047232780485279196, 'train_lr_reduce': 0.6}. Best is trial 632 with value: 0.13978464901447296.
[I 2024-12-15 16:44:23,859] Trial 1621 finished with value: 0.1560448557138443 and parameters: {'mlp_n_layers': 3, 'mlp_dim_00': 192, 'mlp_dim_01': 256, 'mlp_dim_02': 256, 'hidden_channels': 192, 'num_layers': 1, 'num_timesteps': 3, 'dropout': 0.03548173285398064, 'train_learning_rate': 0.0022933954499684142, 'train_lr_reduce': 0.6}. Best is trial 632 with value: 0.13978464901447296.
[I 2024-12-15 16:44:25,371] Trial 1623 finished with value: 0.18928048014640808 and parameters: {'mlp_n_layers': 4, 'mlp_dim_00': 48, 'mlp_dim_01': 128, 'mlp_dim_02': 224, 'mlp_dim_03': 160, 'hidden_channels': 192, 'num_layers': 1, 'num_timesteps': 4, 'dropout': 0.003322169779472514, 'train_learning_rate': 0.0014910328815504947, 'train_lr_reduce': 0.6}. Best is trial 632 with value: 0.13978464901447296.
[I 2024-12-15 16:44:29,369] Trial 1624 finished with value: 0.19284112751483917 and parameters: {'mlp_n_layers': 3, 'mlp_dim_00': 208, 'mlp_dim_01': 256, 'mlp_dim_02': 32, 'hidden_channels': 256, 'num_layers': 1, 'num_timesteps': 4, 'dropout': 0.037576230746203594, 'train_learning_rate': 0.0018076212380100439, 'train_lr_reduce': 0.6}. Best is trial 632 with value: 0.13978464901447296.
[I 2024-12-15 16:44:37,441] Trial 1625 finished with value: 0.24880215525627136 and parameters: {'mlp_n_layers': 2, 'mlp_dim_00': 64, 'mlp_dim_01': 256, 'hidden_channels': 256, 'num_layers': 4, 'num_timesteps': 3, 'dropout': 0.1177268125645846, 'train_learning_rate': 0.0002868789799433401, 'train_lr_reduce': 0.6}. Best is trial 632 with value: 0.13978464901447296.
[I 2024-12-15 16:44:37,769] Trial 1627 finished with value: 0.1848527193069458 and parameters: {'mlp_n_layers': 2, 'mlp_dim_00': 64, 'mlp_dim_01': 160, 'hidden_channels': 128, 'num_layers': 1, 'num_timesteps': 3, 'dropout': 0.005846033898515582, 'train_learning_rate': 0.004857801499209604, 'train_lr_reduce': 0.6}. Best is trial 632 with value: 0.13978464901447296.
[I 2024-12-15 16:44:39,787] Trial 1626 finished with value: 0.1766355186700821 and parameters: {'mlp_n_layers': 3, 'mlp_dim_00': 256, 'mlp_dim_01': 32, 'mlp_dim_02': 176, 'hidden_channels': 224, 'num_layers': 1, 'num_timesteps': 4, 'dropout': 0.04258993475728858, 'train_learning_rate': 0.0049956354371111615, 'train_lr_reduce': 0.6}. Best is trial 632 with value: 0.13978464901447296.
[I 2024-12-15 16:44:48,950] Trial 1628 finished with value: 0.17893753945827484 and parameters: {'mlp_n_layers': 2, 'mlp_dim_00': 48, 'mlp_dim_01': 176, 'hidden_channels': 96, 'num_layers': 1, 'num_timesteps': 3, 'dropout': 0.033413223141707325, 'train_learning_rate': 0.002633435081754649, 'train_lr_reduce': 0.6}. Best is trial 632 with value: 0.13978464901447296.
[I 2024-12-15 16:44:52,288] Trial 1629 finished with value: 0.17591150104999542 and parameters: {'mlp_n_layers': 3, 'mlp_dim_00': 256, 'mlp_dim_01': 256, 'mlp_dim_02': 240, 'hidden_channels': 112, 'num_layers': 1, 'num_timesteps': 4, 'dropout': 0.02948008065315993, 'train_learning_rate': 0.0036593795035813124, 'train_lr_reduce': 0.6}. Best is trial 632 with value: 0.13978464901447296.
[I 2024-12-15 16:44:54,068] Trial 1630 finished with value: 0.24632743000984192 and parameters: {'mlp_n_layers': 4, 'mlp_dim_00': 192, 'mlp_dim_01': 48, 'mlp_dim_02': 192, 'mlp_dim_03': 128, 'hidden_channels': 80, 'num_layers': 3, 'num_timesteps': 4, 'dropout': 0.20268707355888513, 'train_learning_rate': 0.0007231449558002698, 'train_lr_reduce': 0.6}. Best is trial 632 with value: 0.13978464901447296.
[I 2024-12-15 16:45:01,665] Trial 1633 finished with value: 0.21021974086761475 and parameters: {'mlp_n_layers': 4, 'mlp_dim_00': 160, 'mlp_dim_01': 256, 'mlp_dim_02': 256, 'mlp_dim_03': 48, 'hidden_channels': 192, 'num_layers': 1, 'num_timesteps': 4, 'dropout': 0.08266844659730821, 'train_learning_rate': 0.0020583724271858793, 'train_lr_reduce': 0.6}. Best is trial 632 with value: 0.13978464901447296.
[I 2024-12-15 16:45:03,080] Trial 1632 finished with value: 0.187268927693367 and parameters: {'mlp_n_layers': 2, 'mlp_dim_00': 32, 'mlp_dim_01': 176, 'hidden_channels': 160, 'num_layers': 1, 'num_timesteps': 3, 'dropout': 0.11633713724527554, 'train_learning_rate': 0.004760824568680882, 'train_lr_reduce': 0.6}. Best is trial 632 with value: 0.13978464901447296.
[I 2024-12-15 16:45:03,431] Trial 1631 finished with value: 0.18903405964374542 and parameters: {'mlp_n_layers': 4, 'mlp_dim_00': 128, 'mlp_dim_01': 64, 'mlp_dim_02': 208, 'mlp_dim_03': 160, 'hidden_channels': 224, 'num_layers': 1, 'num_timesteps': 4, 'dropout': 0.0739673387220037, 'train_learning_rate': 0.003478287234874581, 'train_lr_reduce': 0.6}. Best is trial 632 with value: 0.13978464901447296.
[I 2024-12-15 16:45:10,265] Trial 1635 finished with value: 0.204153373837471 and parameters: {'mlp_n_layers': 3, 'mlp_dim_00': 240, 'mlp_dim_01': 240, 'mlp_dim_02': 176, 'hidden_channels': 256, 'num_layers': 2, 'num_timesteps': 2, 'dropout': 0.07937184640955293, 'train_learning_rate': 0.006111463453227976, 'train_lr_reduce': 0.6}. Best is trial 632 with value: 0.13978464901447296.
[I 2024-12-15 16:45:13,421] Trial 1637 finished with value: 0.9651911854743958 and parameters: {'mlp_n_layers': 3, 'mlp_dim_00': 208, 'mlp_dim_01': 192, 'mlp_dim_02': 240, 'hidden_channels': 176, 'num_layers': 2, 'num_timesteps': 4, 'dropout': 0.033498952559146804, 'train_learning_rate': 0.009466313648352185, 'train_lr_reduce': 0.6}. Best is trial 632 with value: 0.13978464901447296.
[I 2024-12-15 16:45:13,862] Trial 1636 finished with value: 0.14986945688724518 and parameters: {'mlp_n_layers': 3, 'mlp_dim_00': 176, 'mlp_dim_01': 224, 'mlp_dim_02': 224, 'hidden_channels': 208, 'num_layers': 1, 'num_timesteps': 4, 'dropout': 0.004301396033101316, 'train_learning_rate': 0.0030508372276610014, 'train_lr_reduce': 0.6}. Best is trial 632 with value: 0.13978464901447296.
[I 2024-12-15 16:45:15,757] Trial 1634 finished with value: 0.17803719639778137 and parameters: {'mlp_n_layers': 2, 'mlp_dim_00': 32, 'mlp_dim_01': 208, 'hidden_channels': 96, 'num_layers': 1, 'num_timesteps': 2, 'dropout': 0.042487841736546565, 'train_learning_rate': 0.004031973243470811, 'train_lr_reduce': 0.6}. Best is trial 632 with value: 0.13978464901447296.
[I 2024-12-15 16:45:22,763] Trial 1640 finished with value: 0.20047307014465332 and parameters: {'mlp_n_layers': 3, 'mlp_dim_00': 208, 'mlp_dim_01': 144, 'mlp_dim_02': 240, 'hidden_channels': 208, 'num_layers': 1, 'num_timesteps': 4, 'dropout': 0.022033552069486234, 'train_learning_rate': 0.0027809693169003643, 'train_lr_reduce': 0.6}. Best is trial 632 with value: 0.13978464901447296.
[I 2024-12-15 16:45:29,858] Trial 1639 finished with value: 0.17772778868675232 and parameters: {'mlp_n_layers': 3, 'mlp_dim_00': 224, 'mlp_dim_01': 144, 'mlp_dim_02': 240, 'hidden_channels': 240, 'num_layers': 1, 'num_timesteps': 4, 'dropout': 0.0037697795459944276, 'train_learning_rate': 0.0004038978349003274, 'train_lr_reduce': 0.6}. Best is trial 632 with value: 0.13978464901447296.
[I 2024-12-15 16:45:30,137] Trial 1641 finished with value: 0.21707603335380554 and parameters: {'mlp_n_layers': 3, 'mlp_dim_00': 256, 'mlp_dim_01': 176, 'mlp_dim_02': 224, 'hidden_channels': 176, 'num_layers': 1, 'num_timesteps': 4, 'dropout': 0.04380998099986085, 'train_learning_rate': 0.0034108106820305443, 'train_lr_reduce': 0.6}. Best is trial 632 with value: 0.13978464901447296.
[I 2024-12-15 16:45:31,881] Trial 1638 finished with value: 0.22123432159423828 and parameters: {'mlp_n_layers': 2, 'mlp_dim_00': 48, 'mlp_dim_01': 176, 'hidden_channels': 208, 'num_layers': 1, 'num_timesteps': 2, 'dropout': 0.16614834801352765, 'train_learning_rate': 0.00011897665427800255, 'train_lr_reduce': 0.6}. Best is trial 632 with value: 0.13978464901447296.
[I 2024-12-15 16:45:38,848] Trial 1643 finished with value: 0.2297484576702118 and parameters: {'mlp_n_layers': 4, 'mlp_dim_00': 192, 'mlp_dim_01': 128, 'mlp_dim_02': 240, 'mlp_dim_03': 160, 'hidden_channels': 144, 'num_layers': 1, 'num_timesteps': 3, 'dropout': 0.0019931252335332866, 'train_learning_rate': 0.006660219592771473, 'train_lr_reduce': 0.6}. Best is trial 632 with value: 0.13978464901447296.
[I 2024-12-15 16:45:40,425] Trial 1644 finished with value: 0.19819417595863342 and parameters: {'mlp_n_layers': 4, 'mlp_dim_00': 160, 'mlp_dim_01': 128, 'mlp_dim_02': 224, 'mlp_dim_03': 128, 'hidden_channels': 176, 'num_layers': 1, 'num_timesteps': 4, 'dropout': 0.06343696512141253, 'train_learning_rate': 0.004492009230289237, 'train_lr_reduce': 0.6}. Best is trial 632 with value: 0.13978464901447296.
[I 2024-12-15 16:45:43,316] Trial 1642 finished with value: 0.1634722501039505 and parameters: {'mlp_n_layers': 2, 'mlp_dim_00': 48, 'mlp_dim_01': 176, 'hidden_channels': 112, 'num_layers': 1, 'num_timesteps': 3, 'dropout': 0.013437651592267225, 'train_learning_rate': 0.005748404626913376, 'train_lr_reduce': 0.6}. Best is trial 632 with value: 0.13978464901447296.
[I 2024-12-15 16:45:48,736] Trial 1646 finished with value: 0.19115273654460907 and parameters: {'mlp_n_layers': 3, 'mlp_dim_00': 192, 'mlp_dim_01': 208, 'mlp_dim_02': 224, 'hidden_channels': 224, 'num_layers': 1, 'num_timesteps': 4, 'dropout': 0.03102709252899708, 'train_learning_rate': 0.0028076801883578605, 'train_lr_reduce': 0.6}. Best is trial 632 with value: 0.13978464901447296.
[I 2024-12-15 16:45:51,377] Trial 1645 finished with value: 0.19269292056560516 and parameters: {'mlp_n_layers': 4, 'mlp_dim_00': 64, 'mlp_dim_01': 144, 'mlp_dim_02': 240, 'mlp_dim_03': 32, 'hidden_channels': 240, 'num_layers': 1, 'num_timesteps': 4, 'dropout': 0.005443941243172291, 'train_learning_rate': 0.0028718511799693657, 'train_lr_reduce': 0.6}. Best is trial 632 with value: 0.13978464901447296.
[I 2024-12-15 16:45:54,842] Trial 1648 finished with value: 0.2102086842060089 and parameters: {'mlp_n_layers': 3, 'mlp_dim_00': 160, 'mlp_dim_01': 192, 'mlp_dim_02': 224, 'hidden_channels': 224, 'num_layers': 1, 'num_timesteps': 4, 'dropout': 0.08242263614246599, 'train_learning_rate': 0.0032576044942504608, 'train_lr_reduce': 0.6}. Best is trial 632 with value: 0.13978464901447296.
[I 2024-12-15 16:46:00,191] Trial 1649 finished with value: 0.2025536447763443 and parameters: {'mlp_n_layers': 3, 'mlp_dim_00': 128, 'mlp_dim_01': 208, 'mlp_dim_02': 256, 'hidden_channels': 256, 'num_layers': 2, 'num_timesteps': 4, 'dropout': 0.010542667590811933, 'train_learning_rate': 0.004940313599052256, 'train_lr_reduce': 0.6}. Best is trial 632 with value: 0.13978464901447296.
[I 2024-12-15 16:46:04,224] Trial 1650 finished with value: 0.17185039818286896 and parameters: {'mlp_n_layers': 3, 'mlp_dim_00': 96, 'mlp_dim_01': 144, 'mlp_dim_02': 224, 'hidden_channels': 224, 'num_layers': 1, 'num_timesteps': 4, 'dropout': 0.06119726890478697, 'train_learning_rate': 0.005902100538274008, 'train_lr_reduce': 0.6}. Best is trial 632 with value: 0.13978464901447296.
[I 2024-12-15 16:46:04,796] Trial 1647 finished with value: 0.5392690300941467 and parameters: {'mlp_n_layers': 3, 'mlp_dim_00': 176, 'mlp_dim_01': 208, 'mlp_dim_02': 256, 'hidden_channels': 48, 'num_layers': 4, 'num_timesteps': 4, 'dropout': 0.14209134369976928, 'train_learning_rate': 0.00018478779449102316, 'train_lr_reduce': 0.6}. Best is trial 632 with value: 0.13978464901447296.
[I 2024-12-15 16:46:12,337] Trial 1651 finished with value: 0.2505204975605011 and parameters: {'mlp_n_layers': 4, 'mlp_dim_00': 240, 'mlp_dim_01': 128, 'mlp_dim_02': 240, 'mlp_dim_03': 64, 'hidden_channels': 240, 'num_layers': 3, 'num_timesteps': 1, 'dropout': 0.2957717743364068, 'train_learning_rate': 0.0002971775222650194, 'train_lr_reduce': 0.6}. Best is trial 632 with value: 0.13978464901447296.
[I 2024-12-15 16:46:12,658] Trial 1652 finished with value: 0.287701815366745 and parameters: {'mlp_n_layers': 2, 'mlp_dim_00': 208, 'mlp_dim_01': 192, 'hidden_channels': 256, 'num_layers': 1, 'num_timesteps': 2, 'dropout': 0.002497505039701406, 'train_learning_rate': 0.0050422098577458194, 'train_lr_reduce': 0.6}. Best is trial 632 with value: 0.13978464901447296.
[I 2024-12-15 16:46:16,280] Trial 1653 finished with value: 0.18067395687103271 and parameters: {'mlp_n_layers': 4, 'mlp_dim_00': 96, 'mlp_dim_01': 144, 'mlp_dim_02': 240, 'mlp_dim_03': 160, 'hidden_channels': 256, 'num_layers': 1, 'num_timesteps': 3, 'dropout': 0.0021802932934714882, 'train_learning_rate': 0.002103989683585418, 'train_lr_reduce': 0.6}. Best is trial 632 with value: 0.13978464901447296.
[I 2024-12-15 16:46:21,195] Trial 1655 finished with value: 0.19821222126483917 and parameters: {'mlp_n_layers': 3, 'mlp_dim_00': 144, 'mlp_dim_01': 144, 'mlp_dim_02': 256, 'hidden_channels': 128, 'num_layers': 2, 'num_timesteps': 4, 'dropout': 0.036988676567937556, 'train_learning_rate': 0.0018891110870392948, 'train_lr_reduce': 0.6}. Best is trial 632 with value: 0.13978464901447296.
[I 2024-12-15 16:46:24,635] Trial 1656 finished with value: 0.2386215478181839 and parameters: {'mlp_n_layers': 4, 'mlp_dim_00': 112, 'mlp_dim_01': 48, 'mlp_dim_02': 224, 'mlp_dim_03': 160, 'hidden_channels': 256, 'num_layers': 2, 'num_timesteps': 3, 'dropout': 0.07648263168830739, 'train_learning_rate': 0.0017082690830538146, 'train_lr_reduce': 0.6}. Best is trial 632 with value: 0.13978464901447296.
[I 2024-12-15 16:46:29,647] Trial 1654 finished with value: 0.18282409012317657 and parameters: {'mlp_n_layers': 4, 'mlp_dim_00': 192, 'mlp_dim_01': 160, 'mlp_dim_02': 224, 'mlp_dim_03': 128, 'hidden_channels': 240, 'num_layers': 1, 'num_timesteps': 4, 'dropout': 0.0012958034965224229, 'train_learning_rate': 0.0033725329291317647, 'train_lr_reduce': 0.6}. Best is trial 632 with value: 0.13978464901447296.
[I 2024-12-15 16:46:30,527] Trial 1657 finished with value: 0.21613727509975433 and parameters: {'mlp_n_layers': 3, 'mlp_dim_00': 224, 'mlp_dim_01': 224, 'mlp_dim_02': 224, 'hidden_channels': 192, 'num_layers': 1, 'num_timesteps': 4, 'dropout': 0.019664916659342717, 'train_learning_rate': 0.008422471053035691, 'train_lr_reduce': 0.6}. Best is trial 632 with value: 0.13978464901447296.
[I 2024-12-15 16:46:37,941] Trial 1658 finished with value: 0.193556010723114 and parameters: {'mlp_n_layers': 3, 'mlp_dim_00': 64, 'mlp_dim_01': 176, 'mlp_dim_02': 256, 'hidden_channels': 144, 'num_layers': 1, 'num_timesteps': 4, 'dropout': 0.04477757303587986, 'train_learning_rate': 0.003793959624909965, 'train_lr_reduce': 0.6}. Best is trial 632 with value: 0.13978464901447296.
[I 2024-12-15 16:46:44,257] Trial 1659 finished with value: 0.15550072491168976 and parameters: {'mlp_n_layers': 4, 'mlp_dim_00': 144, 'mlp_dim_01': 144, 'mlp_dim_02': 224, 'mlp_dim_03': 64, 'hidden_channels': 208, 'num_layers': 1, 'num_timesteps': 4, 'dropout': 0.0002871833251011308, 'train_learning_rate': 0.0022305621621772635, 'train_lr_reduce': 0.6}. Best is trial 632 with value: 0.13978464901447296.
[I 2024-12-15 16:46:45,887] Trial 1660 finished with value: 0.19991514086723328 and parameters: {'mlp_n_layers': 3, 'mlp_dim_00': 240, 'mlp_dim_01': 176, 'mlp_dim_02': 208, 'hidden_channels': 240, 'num_layers': 1, 'num_timesteps': 3, 'dropout': 0.12021583893966473, 'train_learning_rate': 0.0042149758388264165, 'train_lr_reduce': 0.6}. Best is trial 632 with value: 0.13978464901447296.
