[I 2024-12-25 00:03:43,323] Trial 868 finished with value: 0.011448969133198261 and parameters: {'L1_hidden_dim': 240, 'L1_layers_atom': 1, 'L1_layers_mol': 4, 'L1_dropout': 0.04787747016126464, 'L1_out_dim': 112, 'L2_hidden_dim': 96, 'L2_layers_atom': 3, 'L2_layers_mol': 1, 'L2_out_dim': 48, 'L2_dropout': 0.07991998444005889, 'L3_hidden_dim': 112, 'L3_layers_atom': 3, 'L3_layers_mol': 2, 'L3_out_dim': 128, 'L3_dropout': 0.277893445533555, 'n_mlp_layers': 1, 'mlp_dim_0': 328, 'num_heads': 1, 'final_dropout': 0.2476601031786676, 'train_learning_rate': 0.0012178920701743103, 'train_lr_reduce': 0.6}. Best is trial 570 with value: 0.00952998548746109.
[I 2024-12-25 00:04:02,778] Trial 867 finished with value: 0.01269384566694498 and parameters: {'L1_hidden_dim': 208, 'L1_layers_atom': 2, 'L1_layers_mol': 3, 'L1_dropout': 0.031716914828719134, 'L1_out_dim': 96, 'L2_hidden_dim': 64, 'L2_layers_atom': 4, 'L2_layers_mol': 1, 'L2_out_dim': 96, 'L2_dropout': 0.06879828371967887, 'L3_hidden_dim': 112, 'L3_layers_atom': 2, 'L3_layers_mol': 2, 'L3_out_dim': 128, 'L3_dropout': 0.21142817310928308, 'n_mlp_layers': 1, 'mlp_dim_0': 480, 'num_heads': 1, 'final_dropout': 0.0681058962411903, 'train_learning_rate': 0.0036916278378847467, 'train_lr_reduce': 0.6}. Best is trial 570 with value: 0.00952998548746109.
[I 2024-12-25 00:04:25,216] Trial 869 finished with value: 0.019581254571676254 and parameters: {'L1_hidden_dim': 256, 'L1_layers_atom': 1, 'L1_layers_mol': 4, 'L1_dropout': 0.04984000072927529, 'L1_out_dim': 112, 'L2_hidden_dim': 80, 'L2_layers_atom': 3, 'L2_layers_mol': 2, 'L2_out_dim': 32, 'L2_dropout': 0.12387398670361766, 'L3_hidden_dim': 96, 'L3_layers_atom': 3, 'L3_layers_mol': 2, 'L3_out_dim': 96, 'L3_dropout': 0.14681063910010783, 'n_mlp_layers': 2, 'mlp_dim_0': 408, 'mlp_dim_1': 392, 'num_heads': 1, 'final_dropout': 0.163302724393569, 'train_learning_rate': 0.0005898836742648276, 'train_lr_reduce': 0.6}. Best is trial 570 with value: 0.00952998548746109.
[I 2024-12-25 00:05:44,083] Trial 872 finished with value: 0.012725763022899628 and parameters: {'L1_hidden_dim': 240, 'L1_layers_atom': 1, 'L1_layers_mol': 4, 'L1_dropout': 0.0022571540135049454, 'L1_out_dim': 112, 'L2_hidden_dim': 80, 'L2_layers_atom': 3, 'L2_layers_mol': 1, 'L2_out_dim': 64, 'L2_dropout': 0.11940605545384826, 'L3_hidden_dim': 96, 'L3_layers_atom': 2, 'L3_layers_mol': 1, 'L3_out_dim': 96, 'L3_dropout': 0.26280375979748866, 'n_mlp_layers': 1, 'mlp_dim_0': 448, 'num_heads': 1, 'final_dropout': 0.19560035284620422, 'train_learning_rate': 0.0007647187047373548, 'train_lr_reduce': 0.6}. Best is trial 570 with value: 0.00952998548746109.
[I 2024-12-25 00:05:46,148] Trial 870 finished with value: 0.01129651814699173 and parameters: {'L1_hidden_dim': 80, 'L1_layers_atom': 4, 'L1_layers_mol': 1, 'L1_dropout': 0.0022330921507218056, 'L1_out_dim': 64, 'L2_hidden_dim': 80, 'L2_layers_atom': 4, 'L2_layers_mol': 1, 'L2_out_dim': 112, 'L2_dropout': 0.08713986213513304, 'L3_hidden_dim': 96, 'L3_layers_atom': 3, 'L3_layers_mol': 1, 'L3_out_dim': 128, 'L3_dropout': 0.2674344276358617, 'n_mlp_layers': 1, 'mlp_dim_0': 184, 'num_heads': 1, 'final_dropout': 0.13750932888062106, 'train_learning_rate': 0.0006992482855601995, 'train_lr_reduce': 0.6}. Best is trial 570 with value: 0.00952998548746109.
[I 2024-12-25 00:05:47,210] Trial 871 finished with value: 0.021360091865062714 and parameters: {'L1_hidden_dim': 256, 'L1_layers_atom': 3, 'L1_layers_mol': 4, 'L1_dropout': 0.007995523399183226, 'L1_out_dim': 96, 'L2_hidden_dim': 144, 'L2_layers_atom': 4, 'L2_layers_mol': 4, 'L2_out_dim': 80, 'L2_dropout': 0.19726696860503093, 'L3_hidden_dim': 80, 'L3_layers_atom': 3, 'L3_layers_mol': 1, 'L3_out_dim': 112, 'L3_dropout': 0.2907029542160003, 'n_mlp_layers': 2, 'mlp_dim_0': 152, 'mlp_dim_1': 304, 'num_heads': 2, 'final_dropout': 0.24801177954953516, 'train_learning_rate': 0.006568986443146342, 'train_lr_reduce': 0.6}. Best is trial 570 with value: 0.00952998548746109.
[I 2024-12-25 00:07:26,986] Trial 875 finished with value: 0.010918352752923965 and parameters: {'L1_hidden_dim': 192, 'L1_layers_atom': 2, 'L1_layers_mol': 3, 'L1_dropout': 0.023186410446952504, 'L1_out_dim': 32, 'L2_hidden_dim': 144, 'L2_layers_atom': 2, 'L2_layers_mol': 1, 'L2_out_dim': 128, 'L2_dropout': 0.0179978739682159, 'L3_hidden_dim': 112, 'L3_layers_atom': 4, 'L3_layers_mol': 1, 'L3_out_dim': 128, 'L3_dropout': 0.13129709420777247, 'n_mlp_layers': 1, 'mlp_dim_0': 232, 'num_heads': 1, 'final_dropout': 0.08969552012973969, 'train_learning_rate': 0.0020646565188832925, 'train_lr_reduce': 0.6}. Best is trial 570 with value: 0.00952998548746109.
[I 2024-12-25 00:07:31,258] Trial 874 finished with value: 0.011091739870607853 and parameters: {'L1_hidden_dim': 240, 'L1_layers_atom': 2, 'L1_layers_mol': 3, 'L1_dropout': 0.0071559484980594276, 'L1_out_dim': 80, 'L2_hidden_dim': 80, 'L2_layers_atom': 3, 'L2_layers_mol': 4, 'L2_out_dim': 64, 'L2_dropout': 0.20265336130929362, 'L3_hidden_dim': 32, 'L3_layers_atom': 3, 'L3_layers_mol': 1, 'L3_out_dim': 112, 'L3_dropout': 0.27936986082058485, 'n_mlp_layers': 3, 'mlp_dim_0': 224, 'mlp_dim_1': 344, 'mlp_dim_2': 168, 'num_heads': 2, 'final_dropout': 0.241209308277351, 'train_learning_rate': 0.0023333095850869116, 'train_lr_reduce': 0.6}. Best is trial 570 with value: 0.00952998548746109.
[I 2024-12-25 00:07:38,814] Trial 873 finished with value: 0.011614780873060226 and parameters: {'L1_hidden_dim': 256, 'L1_layers_atom': 3, 'L1_layers_mol': 4, 'L1_dropout': 0.01843174455417637, 'L1_out_dim': 48, 'L2_hidden_dim': 144, 'L2_layers_atom': 4, 'L2_layers_mol': 1, 'L2_out_dim': 48, 'L2_dropout': 0.1086248864076482, 'L3_hidden_dim': 64, 'L3_layers_atom': 4, 'L3_layers_mol': 1, 'L3_out_dim': 128, 'L3_dropout': 0.2662114962364082, 'n_mlp_layers': 1, 'mlp_dim_0': 392, 'num_heads': 2, 'final_dropout': 0.024163092292128947, 'train_learning_rate': 0.001484213301531368, 'train_lr_reduce': 0.6}. Best is trial 570 with value: 0.00952998548746109.
[I 2024-12-25 00:09:30,764] Trial 876 finished with value: 0.01073183212429285 and parameters: {'L1_hidden_dim': 144, 'L1_layers_atom': 4, 'L1_layers_mol': 3, 'L1_dropout': 0.05140755235289372, 'L1_out_dim': 32, 'L2_hidden_dim': 128, 'L2_layers_atom': 3, 'L2_layers_mol': 2, 'L2_out_dim': 32, 'L2_dropout': 0.14051901688673593, 'L3_hidden_dim': 128, 'L3_layers_atom': 4, 'L3_layers_mol': 1, 'L3_out_dim': 128, 'L3_dropout': 0.14186414601856173, 'n_mlp_layers': 1, 'mlp_dim_0': 224, 'num_heads': 2, 'final_dropout': 0.03375546062862758, 'train_learning_rate': 0.0009804007011978441, 'train_lr_reduce': 0.6}. Best is trial 570 with value: 0.00952998548746109.
[I 2024-12-25 00:09:40,004] Trial 877 finished with value: 0.012912049889564514 and parameters: {'L1_hidden_dim': 224, 'L1_layers_atom': 2, 'L1_layers_mol': 3, 'L1_dropout': 0.11095724354539548, 'L1_out_dim': 80, 'L2_hidden_dim': 208, 'L2_layers_atom': 3, 'L2_layers_mol': 2, 'L2_out_dim': 64, 'L2_dropout': 0.009580457450083494, 'L3_hidden_dim': 128, 'L3_layers_atom': 4, 'L3_layers_mol': 1, 'L3_out_dim': 128, 'L3_dropout': 0.29740916899264774, 'n_mlp_layers': 1, 'mlp_dim_0': 328, 'num_heads': 1, 'final_dropout': 0.12560167547761542, 'train_learning_rate': 0.0003586313446655516, 'train_lr_reduce': 0.6}. Best is trial 570 with value: 0.00952998548746109.
[I 2024-12-25 00:10:03,380] Trial 878 finished with value: 0.014468614012002945 and parameters: {'L1_hidden_dim': 256, 'L1_layers_atom': 2, 'L1_layers_mol': 3, 'L1_dropout': 0.07124502243101435, 'L1_out_dim': 32, 'L2_hidden_dim': 160, 'L2_layers_atom': 4, 'L2_layers_mol': 1, 'L2_out_dim': 48, 'L2_dropout': 0.025370128260668458, 'L3_hidden_dim': 96, 'L3_layers_atom': 4, 'L3_layers_mol': 1, 'L3_out_dim': 112, 'L3_dropout': 0.27626835228446195, 'n_mlp_layers': 1, 'mlp_dim_0': 496, 'num_heads': 1, 'final_dropout': 0.05865575820209656, 'train_learning_rate': 0.00023981348445891942, 'train_lr_reduce': 0.6}. Best is trial 570 with value: 0.00952998548746109.
[I 2024-12-25 00:11:22,650] Trial 880 finished with value: 0.011690782383084297 and parameters: {'L1_hidden_dim': 80, 'L1_layers_atom': 4, 'L1_layers_mol': 3, 'L1_dropout': 0.004689188091257526, 'L1_out_dim': 32, 'L2_hidden_dim': 112, 'L2_layers_atom': 4, 'L2_layers_mol': 2, 'L2_out_dim': 80, 'L2_dropout': 0.06699874090034638, 'L3_hidden_dim': 128, 'L3_layers_atom': 3, 'L3_layers_mol': 1, 'L3_out_dim': 112, 'L3_dropout': 0.22346345607923018, 'n_mlp_layers': 1, 'mlp_dim_0': 416, 'num_heads': 1, 'final_dropout': 0.015876910322403542, 'train_learning_rate': 0.003116913757896949, 'train_lr_reduce': 0.6}. Best is trial 570 with value: 0.00952998548746109.
[I 2024-12-25 00:11:34,341] Trial 879 finished with value: 0.011666855774819851 and parameters: {'L1_hidden_dim': 144, 'L1_layers_atom': 2, 'L1_layers_mol': 1, 'L1_dropout': 0.038088001814150264, 'L1_out_dim': 32, 'L2_hidden_dim': 64, 'L2_layers_atom': 4, 'L2_layers_mol': 1, 'L2_out_dim': 112, 'L2_dropout': 0.014374237131886593, 'L3_hidden_dim': 96, 'L3_layers_atom': 4, 'L3_layers_mol': 2, 'L3_out_dim': 128, 'L3_dropout': 0.19885387825522122, 'n_mlp_layers': 1, 'mlp_dim_0': 248, 'num_heads': 1, 'final_dropout': 0.13748078821735366, 'train_learning_rate': 0.0023201579933949004, 'train_lr_reduce': 0.6}. Best is trial 570 with value: 0.00952998548746109.
[I 2024-12-25 00:13:24,085] Trial 881 finished with value: 0.011782540939748287 and parameters: {'L1_hidden_dim': 256, 'L1_layers_atom': 3, 'L1_layers_mol': 3, 'L1_dropout': 0.05354528838129461, 'L1_out_dim': 80, 'L2_hidden_dim': 160, 'L2_layers_atom': 3, 'L2_layers_mol': 1, 'L2_out_dim': 32, 'L2_dropout': 0.01467530194888825, 'L3_hidden_dim': 64, 'L3_layers_atom': 3, 'L3_layers_mol': 1, 'L3_out_dim': 128, 'L3_dropout': 0.21770788715040143, 'n_mlp_layers': 2, 'mlp_dim_0': 480, 'mlp_dim_1': 360, 'num_heads': 2, 'final_dropout': 0.04879020831239475, 'train_learning_rate': 0.0011127522475230932, 'train_lr_reduce': 0.6}. Best is trial 570 with value: 0.00952998548746109.
[I 2024-12-25 00:13:42,261] Trial 883 finished with value: 0.01105964370071888 and parameters: {'L1_hidden_dim': 256, 'L1_layers_atom': 4, 'L1_layers_mol': 4, 'L1_dropout': 0.10412422475368553, 'L1_out_dim': 32, 'L2_hidden_dim': 160, 'L2_layers_atom': 3, 'L2_layers_mol': 1, 'L2_out_dim': 32, 'L2_dropout': 0.03508142136287749, 'L3_hidden_dim': 112, 'L3_layers_atom': 3, 'L3_layers_mol': 1, 'L3_out_dim': 128, 'L3_dropout': 0.18746336604069513, 'n_mlp_layers': 1, 'mlp_dim_0': 352, 'num_heads': 1, 'final_dropout': 0.08005824346682827, 'train_learning_rate': 0.0005231107006746376, 'train_lr_reduce': 0.6}. Best is trial 570 with value: 0.00952998548746109.
[I 2024-12-25 00:14:05,442] Trial 882 finished with value: 0.010113744996488094 and parameters: {'L1_hidden_dim': 240, 'L1_layers_atom': 4, 'L1_layers_mol': 3, 'L1_dropout': 0.033423612614155246, 'L1_out_dim': 48, 'L2_hidden_dim': 224, 'L2_layers_atom': 4, 'L2_layers_mol': 1, 'L2_out_dim': 64, 'L2_dropout': 0.10061873332361759, 'L3_hidden_dim': 112, 'L3_layers_atom': 4, 'L3_layers_mol': 3, 'L3_out_dim': 128, 'L3_dropout': 0.17286672134826678, 'n_mlp_layers': 3, 'mlp_dim_0': 224, 'mlp_dim_1': 296, 'mlp_dim_2': 112, 'num_heads': 2, 'final_dropout': 0.1417300266314246, 'train_learning_rate': 0.0005576114571770229, 'train_lr_reduce': 0.6}. Best is trial 570 with value: 0.00952998548746109.
[I 2024-12-25 00:16:55,628] Trial 884 finished with value: 0.01029637549072504 and parameters: {'L1_hidden_dim': 208, 'L1_layers_atom': 4, 'L1_layers_mol': 2, 'L1_dropout': 0.012236586363802609, 'L1_out_dim': 48, 'L2_hidden_dim': 224, 'L2_layers_atom': 4, 'L2_layers_mol': 1, 'L2_out_dim': 64, 'L2_dropout': 0.1336309652991761, 'L3_hidden_dim': 128, 'L3_layers_atom': 4, 'L3_layers_mol': 4, 'L3_out_dim': 128, 'L3_dropout': 0.21896445512810112, 'n_mlp_layers': 3, 'mlp_dim_0': 336, 'mlp_dim_1': 288, 'mlp_dim_2': 224, 'num_heads': 2, 'final_dropout': 0.08339121105099927, 'train_learning_rate': 0.0005576085994576706, 'train_lr_reduce': 0.6}. Best is trial 570 with value: 0.00952998548746109.
[I 2024-12-25 00:17:26,788] Trial 887 finished with value: 0.7177943587303162 and parameters: {'L1_hidden_dim': 64, 'L1_layers_atom': 3, 'L1_layers_mol': 2, 'L1_dropout': 0.007565834018971079, 'L1_out_dim': 64, 'L2_hidden_dim': 192, 'L2_layers_atom': 4, 'L2_layers_mol': 1, 'L2_out_dim': 112, 'L2_dropout': 0.07196583143749091, 'L3_hidden_dim': 80, 'L3_layers_atom': 4, 'L3_layers_mol': 2, 'L3_out_dim': 112, 'L3_dropout': 0.2517431375167964, 'n_mlp_layers': 2, 'mlp_dim_0': 304, 'mlp_dim_1': 288, 'num_heads': 2, 'final_dropout': 0.172055467731995, 'train_learning_rate': 0.009701043081761234, 'train_lr_reduce': 0.6}. Best is trial 570 with value: 0.00952998548746109.
[I 2024-12-25 00:17:57,684] Trial 886 finished with value: 0.011078820563852787 and parameters: {'L1_hidden_dim': 224, 'L1_layers_atom': 4, 'L1_layers_mol': 3, 'L1_dropout': 0.01824252811340933, 'L1_out_dim': 64, 'L2_hidden_dim': 240, 'L2_layers_atom': 4, 'L2_layers_mol': 1, 'L2_out_dim': 48, 'L2_dropout': 0.10947165561902743, 'L3_hidden_dim': 96, 'L3_layers_atom': 4, 'L3_layers_mol': 3, 'L3_out_dim': 112, 'L3_dropout': 0.1836362447027203, 'n_mlp_layers': 3, 'mlp_dim_0': 208, 'mlp_dim_1': 288, 'mlp_dim_2': 104, 'num_heads': 2, 'final_dropout': 0.1771117005354979, 'train_learning_rate': 0.00016615184976437848, 'train_lr_reduce': 0.6}. Best is trial 570 with value: 0.00952998548746109.
[I 2024-12-25 00:19:13,125] Trial 888 finished with value: 0.011203162372112274 and parameters: {'L1_hidden_dim': 240, 'L1_layers_atom': 2, 'L1_layers_mol': 3, 'L1_dropout': 0.01695268505385439, 'L1_out_dim': 32, 'L2_hidden_dim': 96, 'L2_layers_atom': 4, 'L2_layers_mol': 1, 'L2_out_dim': 48, 'L2_dropout': 0.05639485489548971, 'L3_hidden_dim': 128, 'L3_layers_atom': 4, 'L3_layers_mol': 2, 'L3_out_dim': 112, 'L3_dropout': 0.29891441871272423, 'n_mlp_layers': 1, 'mlp_dim_0': 304, 'num_heads': 1, 'final_dropout': 0.07314994357334326, 'train_learning_rate': 0.000606841544654496, 'train_lr_reduce': 0.6}. Best is trial 570 with value: 0.00952998548746109.
[I 2024-12-25 00:19:18,840] Trial 885 finished with value: 0.016655437648296356 and parameters: {'L1_hidden_dim': 144, 'L1_layers_atom': 4, 'L1_layers_mol': 3, 'L1_dropout': 0.015564900347804956, 'L1_out_dim': 32, 'L2_hidden_dim': 144, 'L2_layers_atom': 4, 'L2_layers_mol': 1, 'L2_out_dim': 48, 'L2_dropout': 0.06808223201325504, 'L3_hidden_dim': 112, 'L3_layers_atom': 3, 'L3_layers_mol': 1, 'L3_out_dim': 128, 'L3_dropout': 0.20541681475964715, 'n_mlp_layers': 1, 'mlp_dim_0': 408, 'num_heads': 2, 'final_dropout': 0.11556945092794252, 'train_learning_rate': 0.0002318691487782049, 'train_lr_reduce': 0.6}. Best is trial 570 with value: 0.00952998548746109.
[I 2024-12-25 00:20:26,884] Trial 889 finished with value: 0.010644753463566303 and parameters: {'L1_hidden_dim': 192, 'L1_layers_atom': 4, 'L1_layers_mol': 4, 'L1_dropout': 0.023698018172652532, 'L1_out_dim': 32, 'L2_hidden_dim': 176, 'L2_layers_atom': 4, 'L2_layers_mol': 1, 'L2_out_dim': 64, 'L2_dropout': 0.22470794424400453, 'L3_hidden_dim': 96, 'L3_layers_atom': 3, 'L3_layers_mol': 3, 'L3_out_dim': 128, 'L3_dropout': 0.20594486488919841, 'n_mlp_layers': 3, 'mlp_dim_0': 192, 'mlp_dim_1': 288, 'mlp_dim_2': 264, 'num_heads': 2, 'final_dropout': 0.09849154681910677, 'train_learning_rate': 0.001023457633778569, 'train_lr_reduce': 0.6}. Best is trial 570 with value: 0.00952998548746109.
[I 2024-12-25 00:22:32,774] Trial 892 finished with value: 0.010894281789660454 and parameters: {'L1_hidden_dim': 240, 'L1_layers_atom': 3, 'L1_layers_mol': 3, 'L1_dropout': 0.02061950951493142, 'L1_out_dim': 48, 'L2_hidden_dim': 144, 'L2_layers_atom': 4, 'L2_layers_mol': 1, 'L2_out_dim': 80, 'L2_dropout': 0.024376276620858707, 'L3_hidden_dim': 80, 'L3_layers_atom': 4, 'L3_layers_mol': 1, 'L3_out_dim': 128, 'L3_dropout': 0.22653665322886127, 'n_mlp_layers': 1, 'mlp_dim_0': 304, 'num_heads': 1, 'final_dropout': 0.1122238468177511, 'train_learning_rate': 0.000676922355662718, 'train_lr_reduce': 0.6}. Best is trial 570 with value: 0.00952998548746109.
[I 2024-12-25 00:22:48,449] Trial 891 finished with value: 0.010960113257169724 and parameters: {'L1_hidden_dim': 160, 'L1_layers_atom': 4, 'L1_layers_mol': 2, 'L1_dropout': 0.004235609993048273, 'L1_out_dim': 64, 'L2_hidden_dim': 176, 'L2_layers_atom': 4, 'L2_layers_mol': 1, 'L2_out_dim': 80, 'L2_dropout': 0.12204867701165581, 'L3_hidden_dim': 112, 'L3_layers_atom': 4, 'L3_layers_mol': 4, 'L3_out_dim': 128, 'L3_dropout': 0.19262899108467157, 'n_mlp_layers': 3, 'mlp_dim_0': 160, 'mlp_dim_1': 304, 'mlp_dim_2': 240, 'num_heads': 2, 'final_dropout': 0.05660864087762039, 'train_learning_rate': 0.0005834415443655045, 'train_lr_reduce': 0.6}. Best is trial 570 with value: 0.00952998548746109.
[I 2024-12-25 00:22:49,084] Trial 890 finished with value: 0.011450247839093208 and parameters: {'L1_hidden_dim': 224, 'L1_layers_atom': 4, 'L1_layers_mol': 2, 'L1_dropout': 0.07612385640702041, 'L1_out_dim': 48, 'L2_hidden_dim': 192, 'L2_layers_atom': 4, 'L2_layers_mol': 1, 'L2_out_dim': 80, 'L2_dropout': 0.11471980312108962, 'L3_hidden_dim': 128, 'L3_layers_atom': 4, 'L3_layers_mol': 4, 'L3_out_dim': 96, 'L3_dropout': 0.1665768735315492, 'n_mlp_layers': 3, 'mlp_dim_0': 336, 'mlp_dim_1': 296, 'mlp_dim_2': 232, 'num_heads': 2, 'final_dropout': 0.0941793045864665, 'train_learning_rate': 0.0004799079083703046, 'train_lr_reduce': 0.6}. Best is trial 570 with value: 0.00952998548746109.
[I 2024-12-25 00:24:24,482] Trial 893 finished with value: 0.014706483110785484 and parameters: {'L1_hidden_dim': 240, 'L1_layers_atom': 1, 'L1_layers_mol': 3, 'L1_dropout': 0.01175294683090071, 'L1_out_dim': 128, 'L2_hidden_dim': 80, 'L2_layers_atom': 3, 'L2_layers_mol': 2, 'L2_out_dim': 80, 'L2_dropout': 0.005344502360691908, 'L3_hidden_dim': 128, 'L3_layers_atom': 3, 'L3_layers_mol': 3, 'L3_out_dim': 96, 'L3_dropout': 0.278047674306424, 'n_mlp_layers': 1, 'mlp_dim_0': 416, 'num_heads': 1, 'final_dropout': 0.15440325743997993, 'train_learning_rate': 0.0031750299828001882, 'train_lr_reduce': 0.6}. Best is trial 570 with value: 0.00952998548746109.
[I 2024-12-25 00:25:48,604] Trial 895 finished with value: 0.012423153966665268 and parameters: {'L1_hidden_dim': 224, 'L1_layers_atom': 2, 'L1_layers_mol': 1, 'L1_dropout': 0.06093273628807071, 'L1_out_dim': 32, 'L2_hidden_dim': 128, 'L2_layers_atom': 3, 'L2_layers_mol': 2, 'L2_out_dim': 128, 'L2_dropout': 0.04731456681606362, 'L3_hidden_dim': 80, 'L3_layers_atom': 4, 'L3_layers_mol': 1, 'L3_out_dim': 112, 'L3_dropout': 0.20654528632477354, 'n_mlp_layers': 1, 'mlp_dim_0': 152, 'num_heads': 1, 'final_dropout': 0.1210368433166942, 'train_learning_rate': 0.00041348125372090165, 'train_lr_reduce': 0.6}. Best is trial 570 with value: 0.00952998548746109.
[I 2024-12-25 00:25:49,774] Trial 894 finished with value: 0.010735025629401207 and parameters: {'L1_hidden_dim': 256, 'L1_layers_atom': 4, 'L1_layers_mol': 2, 'L1_dropout': 0.0008564984463746497, 'L1_out_dim': 32, 'L2_hidden_dim': 240, 'L2_layers_atom': 4, 'L2_layers_mol': 1, 'L2_out_dim': 64, 'L2_dropout': 0.07539233457763335, 'L3_hidden_dim': 128, 'L3_layers_atom': 3, 'L3_layers_mol': 3, 'L3_out_dim': 112, 'L3_dropout': 0.1881404698437663, 'n_mlp_layers': 3, 'mlp_dim_0': 88, 'mlp_dim_1': 280, 'mlp_dim_2': 224, 'num_heads': 2, 'final_dropout': 0.057539854040021585, 'train_learning_rate': 0.0007419231506345863, 'train_lr_reduce': 0.6}. Best is trial 570 with value: 0.00952998548746109.
[I 2024-12-25 00:26:31,070] Trial 896 finished with value: 0.011961954645812511 and parameters: {'L1_hidden_dim': 240, 'L1_layers_atom': 3, 'L1_layers_mol': 4, 'L1_dropout': 0.06880243203948622, 'L1_out_dim': 48, 'L2_hidden_dim': 256, 'L2_layers_atom': 4, 'L2_layers_mol': 1, 'L2_out_dim': 64, 'L2_dropout': 0.0609934848293017, 'L3_hidden_dim': 128, 'L3_layers_atom': 4, 'L3_layers_mol': 2, 'L3_out_dim': 112, 'L3_dropout': 0.11218532114578056, 'n_mlp_layers': 3, 'mlp_dim_0': 216, 'mlp_dim_1': 336, 'mlp_dim_2': 216, 'num_heads': 2, 'final_dropout': 0.15187712212489288, 'train_learning_rate': 0.0006075585309349664, 'train_lr_reduce': 0.6}. Best is trial 570 with value: 0.00952998548746109.
[I 2024-12-25 00:27:42,420] Trial 897 finished with value: 0.016362076625227928 and parameters: {'L1_hidden_dim': 240, 'L1_layers_atom': 1, 'L1_layers_mol': 4, 'L1_dropout': 0.03234114271081686, 'L1_out_dim': 96, 'L2_hidden_dim': 80, 'L2_layers_atom': 3, 'L2_layers_mol': 1, 'L2_out_dim': 48, 'L2_dropout': 0.20538486565133643, 'L3_hidden_dim': 128, 'L3_layers_atom': 2, 'L3_layers_mol': 2, 'L3_out_dim': 112, 'L3_dropout': 0.28593889241525045, 'n_mlp_layers': 1, 'mlp_dim_0': 368, 'num_heads': 2, 'final_dropout': 0.18056439879527686, 'train_learning_rate': 0.00438355302711013, 'train_lr_reduce': 0.6}. Best is trial 570 with value: 0.00952998548746109.
[I 2024-12-25 00:28:15,265] Trial 898 finished with value: 0.012013700790703297 and parameters: {'L1_hidden_dim': 64, 'L1_layers_atom': 2, 'L1_layers_mol': 4, 'L1_dropout': 0.0169168421941644, 'L1_out_dim': 112, 'L2_hidden_dim': 176, 'L2_layers_atom': 4, 'L2_layers_mol': 1, 'L2_out_dim': 112, 'L2_dropout': 0.0024955790307485126, 'L3_hidden_dim': 80, 'L3_layers_atom': 3, 'L3_layers_mol': 4, 'L3_out_dim': 32, 'L3_dropout': 0.182938752913415, 'n_mlp_layers': 1, 'mlp_dim_0': 480, 'num_heads': 1, 'final_dropout': 0.1465649180863346, 'train_learning_rate': 0.0002260262148260331, 'train_lr_reduce': 0.6}. Best is trial 570 with value: 0.00952998548746109.
