[I 2024-12-25 23:18:10,474] Trial 1182 finished with value: 0.0667019635438919 and parameters: {'L1_hidden_dim': 64, 'L1_layers_atom': 4, 'L1_layers_mol': 3, 'L1_dropout': 0.2129096157512432, 'L1_out_dim': 32, 'L2_hidden_dim': 224, 'L2_layers_atom': 3, 'L2_layers_mol': 3, 'L2_out_dim': 64, 'L2_dropout': 0.04069676903606784, 'L3_hidden_dim': 32, 'L3_layers_atom': 3, 'L3_layers_mol': 2, 'L3_out_dim': 112, 'L3_dropout': 0.03506041947509017, 'n_mlp_layers': 3, 'mlp_dim_0': 384, 'mlp_dim_1': 344, 'mlp_dim_2': 72, 'num_heads': 1, 'final_dropout': 0.0764360065437325, 'train_learning_rate': 0.0006300568838258022, 'train_lr_reduce': 0.6}. Best is trial 613 with value: 0.045173268765211105.
[I 2024-12-25 23:18:21,742] Trial 1184 finished with value: 0.08894934505224228 and parameters: {'L1_hidden_dim': 80, 'L1_layers_atom': 4, 'L1_layers_mol': 2, 'L1_dropout': 0.2970541892491503, 'L1_out_dim': 96, 'L2_hidden_dim': 144, 'L2_layers_atom': 3, 'L2_layers_mol': 2, 'L2_out_dim': 128, 'L2_dropout': 0.0215354770179147, 'L3_hidden_dim': 80, 'L3_layers_atom': 3, 'L3_layers_mol': 1, 'L3_out_dim': 32, 'L3_dropout': 0.20399106810918438, 'n_mlp_layers': 2, 'mlp_dim_0': 88, 'mlp_dim_1': 472, 'num_heads': 2, 'final_dropout': 0.13943277037445337, 'train_learning_rate': 0.0008482527011203144, 'train_lr_reduce': 0.6}. Best is trial 613 with value: 0.045173268765211105.
[I 2024-12-25 23:19:09,594] Trial 1185 finished with value: 0.07233311980962753 and parameters: {'L1_hidden_dim': 96, 'L1_layers_atom': 4, 'L1_layers_mol': 3, 'L1_dropout': 0.29587088052191324, 'L1_out_dim': 112, 'L2_hidden_dim': 224, 'L2_layers_atom': 3, 'L2_layers_mol': 3, 'L2_out_dim': 128, 'L2_dropout': 0.03586564615334939, 'L3_hidden_dim': 32, 'L3_layers_atom': 4, 'L3_layers_mol': 2, 'L3_out_dim': 112, 'L3_dropout': 0.29979930361402823, 'n_mlp_layers': 3, 'mlp_dim_0': 56, 'mlp_dim_1': 336, 'mlp_dim_2': 80, 'num_heads': 2, 'final_dropout': 0.014395061282462051, 'train_learning_rate': 0.0007457971754629407, 'train_lr_reduce': 0.6}. Best is trial 613 with value: 0.045173268765211105.
[I 2024-12-25 23:19:30,235] Trial 1187 finished with value: 0.15771903097629547 and parameters: {'L1_hidden_dim': 80, 'L1_layers_atom': 2, 'L1_layers_mol': 3, 'L1_dropout': 0.1604966085011773, 'L1_out_dim': 112, 'L2_hidden_dim': 240, 'L2_layers_atom': 1, 'L2_layers_mol': 4, 'L2_out_dim': 112, 'L2_dropout': 0.05600902316669931, 'L3_hidden_dim': 96, 'L3_layers_atom': 4, 'L3_layers_mol': 3, 'L3_out_dim': 80, 'L3_dropout': 0.2961535662297208, 'n_mlp_layers': 3, 'mlp_dim_0': 144, 'mlp_dim_1': 440, 'mlp_dim_2': 80, 'num_heads': 1, 'final_dropout': 0.037463581628118706, 'train_learning_rate': 0.005682293287893952, 'train_lr_reduce': 0.6}. Best is trial 613 with value: 0.045173268765211105.
[I 2024-12-25 23:20:31,859] Trial 1188 finished with value: 0.06648842990398407 and parameters: {'L1_hidden_dim': 64, 'L1_layers_atom': 1, 'L1_layers_mol': 3, 'L1_dropout': 0.22991820613159353, 'L1_out_dim': 112, 'L2_hidden_dim': 144, 'L2_layers_atom': 1, 'L2_layers_mol': 4, 'L2_out_dim': 112, 'L2_dropout': 0.14850675403517916, 'L3_hidden_dim': 80, 'L3_layers_atom': 2, 'L3_layers_mol': 2, 'L3_out_dim': 128, 'L3_dropout': 0.28922481782933007, 'n_mlp_layers': 2, 'mlp_dim_0': 224, 'mlp_dim_1': 392, 'num_heads': 1, 'final_dropout': 0.11923822661507652, 'train_learning_rate': 0.002518543590789224, 'train_lr_reduce': 0.6}. Best is trial 613 with value: 0.045173268765211105.
[I 2024-12-25 23:20:33,439] Trial 1186 finished with value: 0.10592257231473923 and parameters: {'L1_hidden_dim': 64, 'L1_layers_atom': 4, 'L1_layers_mol': 4, 'L1_dropout': 0.2870122756687907, 'L1_out_dim': 64, 'L2_hidden_dim': 240, 'L2_layers_atom': 3, 'L2_layers_mol': 3, 'L2_out_dim': 48, 'L2_dropout': 0.07945258226954402, 'L3_hidden_dim': 64, 'L3_layers_atom': 4, 'L3_layers_mol': 2, 'L3_out_dim': 80, 'L3_dropout': 0.012437322658876697, 'n_mlp_layers': 3, 'mlp_dim_0': 352, 'mlp_dim_1': 32, 'mlp_dim_2': 72, 'num_heads': 1, 'final_dropout': 0.11807633702119025, 'train_learning_rate': 0.0047976793189909925, 'train_lr_reduce': 0.6}. Best is trial 613 with value: 0.045173268765211105.
[I 2024-12-25 23:20:52,089] Trial 1189 finished with value: 0.06343873590230942 and parameters: {'L1_hidden_dim': 64, 'L1_layers_atom': 4, 'L1_layers_mol': 3, 'L1_dropout': 0.20837861704626576, 'L1_out_dim': 128, 'L2_hidden_dim': 240, 'L2_layers_atom': 3, 'L2_layers_mol': 4, 'L2_out_dim': 64, 'L2_dropout': 0.030441389702811954, 'L3_hidden_dim': 112, 'L3_layers_atom': 2, 'L3_layers_mol': 1, 'L3_out_dim': 112, 'L3_dropout': 0.012716297695487294, 'n_mlp_layers': 3, 'mlp_dim_0': 224, 'mlp_dim_1': 344, 'mlp_dim_2': 32, 'num_heads': 1, 'final_dropout': 0.0807802802658328, 'train_learning_rate': 0.0011067273939450691, 'train_lr_reduce': 0.6}. Best is trial 613 with value: 0.045173268765211105.
[I 2024-12-25 23:22:03,421] Trial 1191 finished with value: 0.13982655107975006 and parameters: {'L1_hidden_dim': 96, 'L1_layers_atom': 2, 'L1_layers_mol': 2, 'L1_dropout': 0.17264595830619126, 'L1_out_dim': 128, 'L2_hidden_dim': 208, 'L2_layers_atom': 2, 'L2_layers_mol': 3, 'L2_out_dim': 112, 'L2_dropout': 0.1189116645459104, 'L3_hidden_dim': 96, 'L3_layers_atom': 2, 'L3_layers_mol': 3, 'L3_out_dim': 128, 'L3_dropout': 0.21133015445196268, 'n_mlp_layers': 3, 'mlp_dim_0': 288, 'mlp_dim_1': 472, 'mlp_dim_2': 88, 'num_heads': 1, 'final_dropout': 0.11334579509548819, 'train_learning_rate': 0.006866610177272703, 'train_lr_reduce': 0.6}. Best is trial 613 with value: 0.045173268765211105.
[I 2024-12-25 23:22:06,113] Trial 1192 finished with value: 0.10447580367326736 and parameters: {'L1_hidden_dim': 112, 'L1_layers_atom': 1, 'L1_layers_mol': 2, 'L1_dropout': 0.2767918709932481, 'L1_out_dim': 112, 'L2_hidden_dim': 224, 'L2_layers_atom': 2, 'L2_layers_mol': 4, 'L2_out_dim': 112, 'L2_dropout': 0.11920312927409944, 'L3_hidden_dim': 112, 'L3_layers_atom': 4, 'L3_layers_mol': 2, 'L3_out_dim': 80, 'L3_dropout': 0.2554948839098675, 'n_mlp_layers': 3, 'mlp_dim_0': 136, 'mlp_dim_1': 432, 'mlp_dim_2': 80, 'num_heads': 1, 'final_dropout': 0.05917360224131356, 'train_learning_rate': 0.004150960860178596, 'train_lr_reduce': 0.6}. Best is trial 613 with value: 0.045173268765211105.
[I 2024-12-25 23:22:49,286] Trial 1190 finished with value: 0.08882005512714386 and parameters: {'L1_hidden_dim': 256, 'L1_layers_atom': 1, 'L1_layers_mol': 3, 'L1_dropout': 0.23347517704925622, 'L1_out_dim': 96, 'L2_hidden_dim': 112, 'L2_layers_atom': 3, 'L2_layers_mol': 2, 'L2_out_dim': 80, 'L2_dropout': 0.22516155423940493, 'L3_hidden_dim': 112, 'L3_layers_atom': 4, 'L3_layers_mol': 4, 'L3_out_dim': 128, 'L3_dropout': 0.12275450286685126, 'n_mlp_layers': 1, 'mlp_dim_0': 472, 'num_heads': 1, 'final_dropout': 0.16969577313059822, 'train_learning_rate': 0.00773852418152046, 'train_lr_reduce': 0.6}. Best is trial 613 with value: 0.045173268765211105.
[I 2024-12-25 23:23:29,913] Trial 1194 finished with value: 0.07828377187252045 and parameters: {'L1_hidden_dim': 128, 'L1_layers_atom': 3, 'L1_layers_mol': 3, 'L1_dropout': 0.2746310955201419, 'L1_out_dim': 128, 'L2_hidden_dim': 160, 'L2_layers_atom': 1, 'L2_layers_mol': 1, 'L2_out_dim': 112, 'L2_dropout': 0.020050637420363573, 'L3_hidden_dim': 32, 'L3_layers_atom': 4, 'L3_layers_mol': 4, 'L3_out_dim': 96, 'L3_dropout': 0.26339860178041646, 'n_mlp_layers': 2, 'mlp_dim_0': 112, 'mlp_dim_1': 336, 'num_heads': 2, 'final_dropout': 0.013070892752627461, 'train_learning_rate': 0.0010067589209306887, 'train_lr_reduce': 0.6}. Best is trial 613 with value: 0.045173268765211105.
[I 2024-12-25 23:23:41,781] Trial 1193 finished with value: 0.0798516571521759 and parameters: {'L1_hidden_dim': 64, 'L1_layers_atom': 4, 'L1_layers_mol': 3, 'L1_dropout': 0.21407928970747403, 'L1_out_dim': 128, 'L2_hidden_dim': 144, 'L2_layers_atom': 2, 'L2_layers_mol': 1, 'L2_out_dim': 80, 'L2_dropout': 0.01690319207520792, 'L3_hidden_dim': 96, 'L3_layers_atom': 4, 'L3_layers_mol': 1, 'L3_out_dim': 32, 'L3_dropout': 0.24442755902485017, 'n_mlp_layers': 2, 'mlp_dim_0': 40, 'mlp_dim_1': 384, 'num_heads': 2, 'final_dropout': 0.05984948036233517, 'train_learning_rate': 0.0013243553344432898, 'train_lr_reduce': 0.6}. Best is trial 613 with value: 0.045173268765211105.
[I 2024-12-25 23:24:05,916] Trial 1195 finished with value: 0.07564035803079605 and parameters: {'L1_hidden_dim': 128, 'L1_layers_atom': 3, 'L1_layers_mol': 3, 'L1_dropout': 0.2574193853882845, 'L1_out_dim': 96, 'L2_hidden_dim': 208, 'L2_layers_atom': 3, 'L2_layers_mol': 2, 'L2_out_dim': 128, 'L2_dropout': 0.10494212405558273, 'L3_hidden_dim': 128, 'L3_layers_atom': 4, 'L3_layers_mol': 1, 'L3_out_dim': 128, 'L3_dropout': 0.19362759298566667, 'n_mlp_layers': 3, 'mlp_dim_0': 200, 'mlp_dim_1': 472, 'mlp_dim_2': 32, 'num_heads': 1, 'final_dropout': 0.14041403848235245, 'train_learning_rate': 0.0016063214089335762, 'train_lr_reduce': 0.6}. Best is trial 613 with value: 0.045173268765211105.
[I 2024-12-25 23:25:01,297] Trial 1196 finished with value: 0.06740746647119522 and parameters: {'L1_hidden_dim': 64, 'L1_layers_atom': 4, 'L1_layers_mol': 4, 'L1_dropout': 0.26589864889248677, 'L1_out_dim': 112, 'L2_hidden_dim': 192, 'L2_layers_atom': 2, 'L2_layers_mol': 1, 'L2_out_dim': 128, 'L2_dropout': 0.06943848206446517, 'L3_hidden_dim': 48, 'L3_layers_atom': 2, 'L3_layers_mol': 2, 'L3_out_dim': 112, 'L3_dropout': 0.26938090645413343, 'n_mlp_layers': 2, 'mlp_dim_0': 64, 'mlp_dim_1': 400, 'num_heads': 1, 'final_dropout': 0.041420632429235264, 'train_learning_rate': 0.00036739202401549795, 'train_lr_reduce': 0.6}. Best is trial 613 with value: 0.045173268765211105.
[I 2024-12-25 23:25:13,004] Trial 1198 finished with value: 0.07343510538339615 and parameters: {'L1_hidden_dim': 64, 'L1_layers_atom': 1, 'L1_layers_mol': 3, 'L1_dropout': 0.26371352900478784, 'L1_out_dim': 128, 'L2_hidden_dim': 240, 'L2_layers_atom': 1, 'L2_layers_mol': 4, 'L2_out_dim': 128, 'L2_dropout': 0.0887151178072066, 'L3_hidden_dim': 80, 'L3_layers_atom': 3, 'L3_layers_mol': 2, 'L3_out_dim': 112, 'L3_dropout': 0.2951701498285956, 'n_mlp_layers': 3, 'mlp_dim_0': 192, 'mlp_dim_1': 480, 'mlp_dim_2': 80, 'num_heads': 1, 'final_dropout': 0.1057028777960029, 'train_learning_rate': 0.002259065398645656, 'train_lr_reduce': 0.6}. Best is trial 613 with value: 0.045173268765211105.
[I 2024-12-25 23:25:17,271] Trial 1197 finished with value: 0.08816765993833542 and parameters: {'L1_hidden_dim': 64, 'L1_layers_atom': 3, 'L1_layers_mol': 1, 'L1_dropout': 0.26115526377613263, 'L1_out_dim': 128, 'L2_hidden_dim': 176, 'L2_layers_atom': 2, 'L2_layers_mol': 3, 'L2_out_dim': 128, 'L2_dropout': 0.058667966680518005, 'L3_hidden_dim': 96, 'L3_layers_atom': 3, 'L3_layers_mol': 2, 'L3_out_dim': 128, 'L3_dropout': 0.1263402793831353, 'n_mlp_layers': 2, 'mlp_dim_0': 96, 'mlp_dim_1': 432, 'num_heads': 1, 'final_dropout': 0.11346744417432479, 'train_learning_rate': 0.0008563328064407782, 'train_lr_reduce': 0.6}. Best is trial 613 with value: 0.045173268765211105.
[I 2024-12-25 23:26:28,346] Trial 1199 finished with value: 0.046705301851034164 and parameters: {'L1_hidden_dim': 64, 'L1_layers_atom': 1, 'L1_layers_mol': 2, 'L1_dropout': 0.2434288497915812, 'L1_out_dim': 96, 'L2_hidden_dim': 208, 'L2_layers_atom': 4, 'L2_layers_mol': 4, 'L2_out_dim': 112, 'L2_dropout': 0.0441355985292258, 'L3_hidden_dim': 112, 'L3_layers_atom': 3, 'L3_layers_mol': 1, 'L3_out_dim': 128, 'L3_dropout': 0.11439944429997165, 'n_mlp_layers': 3, 'mlp_dim_0': 360, 'mlp_dim_1': 336, 'mlp_dim_2': 96, 'num_heads': 1, 'final_dropout': 0.054107699689886796, 'train_learning_rate': 0.0016901628129443447, 'train_lr_reduce': 0.6}. Best is trial 613 with value: 0.045173268765211105.
[I 2024-12-25 23:26:53,086] Trial 1200 finished with value: 0.07317037880420685 and parameters: {'L1_hidden_dim': 96, 'L1_layers_atom': 4, 'L1_layers_mol': 3, 'L1_dropout': 0.25041652192465086, 'L1_out_dim': 64, 'L2_hidden_dim': 192, 'L2_layers_atom': 3, 'L2_layers_mol': 3, 'L2_out_dim': 32, 'L2_dropout': 0.04702601899142081, 'L3_hidden_dim': 80, 'L3_layers_atom': 3, 'L3_layers_mol': 4, 'L3_out_dim': 96, 'L3_dropout': 0.030086423638957423, 'n_mlp_layers': 3, 'mlp_dim_0': 464, 'mlp_dim_1': 384, 'mlp_dim_2': 88, 'num_heads': 1, 'final_dropout': 0.1320888609155776, 'train_learning_rate': 0.001300350882216959, 'train_lr_reduce': 0.6}. Best is trial 613 with value: 0.045173268765211105.
[I 2024-12-25 23:27:13,621] Trial 1201 finished with value: 0.07213861495256424 and parameters: {'L1_hidden_dim': 80, 'L1_layers_atom': 3, 'L1_layers_mol': 4, 'L1_dropout': 0.22469352565387815, 'L1_out_dim': 128, 'L2_hidden_dim': 144, 'L2_layers_atom': 2, 'L2_layers_mol': 2, 'L2_out_dim': 128, 'L2_dropout': 0.12051715015865795, 'L3_hidden_dim': 32, 'L3_layers_atom': 4, 'L3_layers_mol': 4, 'L3_out_dim': 96, 'L3_dropout': 0.22757308511447266, 'n_mlp_layers': 2, 'mlp_dim_0': 64, 'mlp_dim_1': 432, 'num_heads': 2, 'final_dropout': 0.14932904207835807, 'train_learning_rate': 0.000971647330184569, 'train_lr_reduce': 0.6}. Best is trial 613 with value: 0.045173268765211105.
[I 2024-12-25 23:27:50,025] Trial 1202 finished with value: 0.06776749342679977 and parameters: {'L1_hidden_dim': 80, 'L1_layers_atom': 2, 'L1_layers_mol': 4, 'L1_dropout': 0.26210607914170697, 'L1_out_dim': 64, 'L2_hidden_dim': 144, 'L2_layers_atom': 1, 'L2_layers_mol': 2, 'L2_out_dim': 128, 'L2_dropout': 0.05158818477948432, 'L3_hidden_dim': 128, 'L3_layers_atom': 3, 'L3_layers_mol': 1, 'L3_out_dim': 128, 'L3_dropout': 0.10833289185251833, 'n_mlp_layers': 2, 'mlp_dim_0': 264, 'mlp_dim_1': 336, 'num_heads': 1, 'final_dropout': 0.18258973366105466, 'train_learning_rate': 0.0006143812203490126, 'train_lr_reduce': 0.6}. Best is trial 613 with value: 0.045173268765211105.
[I 2024-12-25 23:28:03,131] Trial 1203 finished with value: 0.07041503489017487 and parameters: {'L1_hidden_dim': 96, 'L1_layers_atom': 1, 'L1_layers_mol': 2, 'L1_dropout': 0.2694344821022745, 'L1_out_dim': 112, 'L2_hidden_dim': 224, 'L2_layers_atom': 2, 'L2_layers_mol': 4, 'L2_out_dim': 96, 'L2_dropout': 0.039637829249559414, 'L3_hidden_dim': 128, 'L3_layers_atom': 2, 'L3_layers_mol': 1, 'L3_out_dim': 128, 'L3_dropout': 0.13831071552526455, 'n_mlp_layers': 3, 'mlp_dim_0': 464, 'mlp_dim_1': 320, 'mlp_dim_2': 32, 'num_heads': 1, 'final_dropout': 0.04587764075086517, 'train_learning_rate': 0.0016558337132551537, 'train_lr_reduce': 0.6}. Best is trial 613 with value: 0.045173268765211105.
[I 2024-12-25 23:28:20,584] Trial 1204 finished with value: 0.09053348004817963 and parameters: {'L1_hidden_dim': 64, 'L1_layers_atom': 2, 'L1_layers_mol': 2, 'L1_dropout': 0.2132773644956889, 'L1_out_dim': 96, 'L2_hidden_dim': 192, 'L2_layers_atom': 1, 'L2_layers_mol': 3, 'L2_out_dim': 128, 'L2_dropout': 0.04718645811032443, 'L3_hidden_dim': 80, 'L3_layers_atom': 2, 'L3_layers_mol': 1, 'L3_out_dim': 128, 'L3_dropout': 0.24280027473870014, 'n_mlp_layers': 3, 'mlp_dim_0': 248, 'mlp_dim_1': 320, 'mlp_dim_2': 80, 'num_heads': 2, 'final_dropout': 0.1376812402075732, 'train_learning_rate': 0.0021248440234948453, 'train_lr_reduce': 0.6}. Best is trial 613 with value: 0.045173268765211105.
[I 2024-12-25 23:29:25,838] Trial 1205 finished with value: 0.06687050312757492 and parameters: {'L1_hidden_dim': 80, 'L1_layers_atom': 4, 'L1_layers_mol': 4, 'L1_dropout': 0.23817492839763682, 'L1_out_dim': 96, 'L2_hidden_dim': 240, 'L2_layers_atom': 2, 'L2_layers_mol': 1, 'L2_out_dim': 128, 'L2_dropout': 0.042154082082924274, 'L3_hidden_dim': 32, 'L3_layers_atom': 1, 'L3_layers_mol': 3, 'L3_out_dim': 112, 'L3_dropout': 0.28264851027271365, 'n_mlp_layers': 1, 'mlp_dim_0': 40, 'num_heads': 1, 'final_dropout': 0.022376725531979738, 'train_learning_rate': 0.0014399838004931678, 'train_lr_reduce': 0.6}. Best is trial 613 with value: 0.045173268765211105.
[I 2024-12-25 23:29:28,486] Trial 1206 finished with value: 0.06699910014867783 and parameters: {'L1_hidden_dim': 96, 'L1_layers_atom': 2, 'L1_layers_mol': 1, 'L1_dropout': 0.18370089652401994, 'L1_out_dim': 96, 'L2_hidden_dim': 224, 'L2_layers_atom': 4, 'L2_layers_mol': 3, 'L2_out_dim': 128, 'L2_dropout': 0.09726051958835459, 'L3_hidden_dim': 112, 'L3_layers_atom': 3, 'L3_layers_mol': 2, 'L3_out_dim': 96, 'L3_dropout': 0.1621738695629395, 'n_mlp_layers': 3, 'mlp_dim_0': 336, 'mlp_dim_1': 328, 'mlp_dim_2': 88, 'num_heads': 1, 'final_dropout': 0.1011704597272931, 'train_learning_rate': 0.001591969744672448, 'train_lr_reduce': 0.6}. Best is trial 613 with value: 0.045173268765211105.
[I 2024-12-25 23:29:59,089] Trial 1207 finished with value: 0.09546194970607758 and parameters: {'L1_hidden_dim': 176, 'L1_layers_atom': 2, 'L1_layers_mol': 1, 'L1_dropout': 0.29305597731148453, 'L1_out_dim': 64, 'L2_hidden_dim': 80, 'L2_layers_atom': 4, 'L2_layers_mol': 2, 'L2_out_dim': 32, 'L2_dropout': 0.040958994407458246, 'L3_hidden_dim': 112, 'L3_layers_atom': 1, 'L3_layers_mol': 4, 'L3_out_dim': 80, 'L3_dropout': 0.20670185818624057, 'n_mlp_layers': 3, 'mlp_dim_0': 72, 'mlp_dim_1': 320, 'mlp_dim_2': 80, 'num_heads': 2, 'final_dropout': 0.2930729325400576, 'train_learning_rate': 0.0012293303002050531, 'train_lr_reduce': 0.6}. Best is trial 613 with value: 0.045173268765211105.
[I 2024-12-25 23:30:33,435] Trial 1209 finished with value: 0.08284139633178711 and parameters: {'L1_hidden_dim': 64, 'L1_layers_atom': 3, 'L1_layers_mol': 4, 'L1_dropout': 0.26650397442083795, 'L1_out_dim': 112, 'L2_hidden_dim': 208, 'L2_layers_atom': 1, 'L2_layers_mol': 3, 'L2_out_dim': 96, 'L2_dropout': 0.1219785519067366, 'L3_hidden_dim': 112, 'L3_layers_atom': 3, 'L3_layers_mol': 2, 'L3_out_dim': 128, 'L3_dropout': 0.2216796024195551, 'n_mlp_layers': 3, 'mlp_dim_0': 88, 'mlp_dim_1': 352, 'mlp_dim_2': 96, 'num_heads': 1, 'final_dropout': 0.10634610873824163, 'train_learning_rate': 0.0017322833435886324, 'train_lr_reduce': 0.6}. Best is trial 613 with value: 0.045173268765211105.
[I 2024-12-25 23:30:55,917] Trial 1208 finished with value: 0.15325665473937988 and parameters: {'L1_hidden_dim': 96, 'L1_layers_atom': 1, 'L1_layers_mol': 2, 'L1_dropout': 0.2112097421903079, 'L1_out_dim': 64, 'L2_hidden_dim': 224, 'L2_layers_atom': 4, 'L2_layers_mol': 3, 'L2_out_dim': 96, 'L2_dropout': 0.057296973504482616, 'L3_hidden_dim': 80, 'L3_layers_atom': 4, 'L3_layers_mol': 2, 'L3_out_dim': 112, 'L3_dropout': 0.0883726706611907, 'n_mlp_layers': 3, 'mlp_dim_0': 272, 'mlp_dim_1': 352, 'mlp_dim_2': 32, 'num_heads': 1, 'final_dropout': 0.11987400047279761, 'train_learning_rate': 0.006534769498176624, 'train_lr_reduce': 0.6}. Best is trial 613 with value: 0.045173268765211105.
[I 2024-12-25 23:31:11,138] Trial 1210 finished with value: 0.07414169609546661 and parameters: {'L1_hidden_dim': 112, 'L1_layers_atom': 2, 'L1_layers_mol': 3, 'L1_dropout': 0.282462849895023, 'L1_out_dim': 112, 'L2_hidden_dim': 176, 'L2_layers_atom': 2, 'L2_layers_mol': 1, 'L2_out_dim': 128, 'L2_dropout': 0.11693042888791536, 'L3_hidden_dim': 128, 'L3_layers_atom': 2, 'L3_layers_mol': 1, 'L3_out_dim': 128, 'L3_dropout': 0.20922286433727957, 'n_mlp_layers': 3, 'mlp_dim_0': 312, 'mlp_dim_1': 296, 'mlp_dim_2': 88, 'num_heads': 1, 'final_dropout': 0.19419345716891462, 'train_learning_rate': 0.001780133094585822, 'train_lr_reduce': 0.6}. Best is trial 613 with value: 0.045173268765211105.
[I 2024-12-25 23:32:08,528] Trial 1212 finished with value: 0.10472346842288971 and parameters: {'L1_hidden_dim': 96, 'L1_layers_atom': 2, 'L1_layers_mol': 2, 'L1_dropout': 0.21215130251634443, 'L1_out_dim': 64, 'L2_hidden_dim': 176, 'L2_layers_atom': 4, 'L2_layers_mol': 4, 'L2_out_dim': 128, 'L2_dropout': 0.05969825724157314, 'L3_hidden_dim': 128, 'L3_layers_atom': 3, 'L3_layers_mol': 3, 'L3_out_dim': 128, 'L3_dropout': 0.09660678932814577, 'n_mlp_layers': 3, 'mlp_dim_0': 296, 'mlp_dim_1': 320, 'mlp_dim_2': 88, 'num_heads': 1, 'final_dropout': 0.0993936059913035, 'train_learning_rate': 0.0015106888072627114, 'train_lr_reduce': 0.6}. Best is trial 613 with value: 0.045173268765211105.
[I 2024-12-25 23:32:14,758] Trial 1211 finished with value: 0.06588646024465561 and parameters: {'L1_hidden_dim': 80, 'L1_layers_atom': 1, 'L1_layers_mol': 2, 'L1_dropout': 0.23354108836210488, 'L1_out_dim': 96, 'L2_hidden_dim': 224, 'L2_layers_atom': 4, 'L2_layers_mol': 3, 'L2_out_dim': 96, 'L2_dropout': 0.029799919689291646, 'L3_hidden_dim': 112, 'L3_layers_atom': 4, 'L3_layers_mol': 1, 'L3_out_dim': 112, 'L3_dropout': 0.07771121885237905, 'n_mlp_layers': 3, 'mlp_dim_0': 424, 'mlp_dim_1': 368, 'mlp_dim_2': 96, 'num_heads': 1, 'final_dropout': 0.05549137251179025, 'train_learning_rate': 0.0004375093568566734, 'train_lr_reduce': 0.6}. Best is trial 613 with value: 0.045173268765211105.
[I 2024-12-25 23:32:59,966] Trial 1213 finished with value: 0.0718403160572052 and parameters: {'L1_hidden_dim': 80, 'L1_layers_atom': 4, 'L1_layers_mol': 3, 'L1_dropout': 0.22569743778126045, 'L1_out_dim': 64, 'L2_hidden_dim': 208, 'L2_layers_atom': 2, 'L2_layers_mol': 3, 'L2_out_dim': 32, 'L2_dropout': 0.0922145519269684, 'L3_hidden_dim': 48, 'L3_layers_atom': 3, 'L3_layers_mol': 3, 'L3_out_dim': 112, 'L3_dropout': 0.027537771491787873, 'n_mlp_layers': 3, 'mlp_dim_0': 440, 'mlp_dim_1': 368, 'mlp_dim_2': 80, 'num_heads': 1, 'final_dropout': 0.16878730292682853, 'train_learning_rate': 0.0012592651719352831, 'train_lr_reduce': 0.6}. Best is trial 613 with value: 0.045173268765211105.
[I 2024-12-25 23:33:35,281] Trial 1215 finished with value: 0.16885578632354736 and parameters: {'L1_hidden_dim': 224, 'L1_layers_atom': 4, 'L1_layers_mol': 2, 'L1_dropout': 0.062403095682489376, 'L1_out_dim': 112, 'L2_hidden_dim': 208, 'L2_layers_atom': 4, 'L2_layers_mol': 4, 'L2_out_dim': 48, 'L2_dropout': 0.29146189864806593, 'L3_hidden_dim': 32, 'L3_layers_atom': 4, 'L3_layers_mol': 2, 'L3_out_dim': 48, 'L3_dropout': 0.07610872746367679, 'n_mlp_layers': 1, 'mlp_dim_0': 456, 'num_heads': 2, 'final_dropout': 0.008693276671542793, 'train_learning_rate': 0.006003088777674023, 'train_lr_reduce': 0.6}. Best is trial 613 with value: 0.045173268765211105.
