[I 2024-12-25 23:33:37,899] Trial 1214 finished with value: 0.07709882408380508 and parameters: {'L1_hidden_dim': 64, 'L1_layers_atom': 2, 'L1_layers_mol': 3, 'L1_dropout': 0.18969777947925623, 'L1_out_dim': 112, 'L2_hidden_dim': 224, 'L2_layers_atom': 1, 'L2_layers_mol': 4, 'L2_out_dim': 96, 'L2_dropout': 0.07160835415914668, 'L3_hidden_dim': 80, 'L3_layers_atom': 3, 'L3_layers_mol': 2, 'L3_out_dim': 128, 'L3_dropout': 0.2290990904757539, 'n_mlp_layers': 3, 'mlp_dim_0': 336, 'mlp_dim_1': 376, 'mlp_dim_2': 392, 'num_heads': 1, 'final_dropout': 0.2409940072370474, 'train_learning_rate': 0.000981120058819884, 'train_lr_reduce': 0.6}. Best is trial 613 with value: 0.045173268765211105.
[I 2024-12-25 23:34:08,857] Trial 1216 finished with value: 0.07690255343914032 and parameters: {'L1_hidden_dim': 80, 'L1_layers_atom': 3, 'L1_layers_mol': 3, 'L1_dropout': 0.2607338528334839, 'L1_out_dim': 96, 'L2_hidden_dim': 224, 'L2_layers_atom': 2, 'L2_layers_mol': 2, 'L2_out_dim': 112, 'L2_dropout': 0.015471595960925049, 'L3_hidden_dim': 96, 'L3_layers_atom': 2, 'L3_layers_mol': 1, 'L3_out_dim': 128, 'L3_dropout': 0.20034159085618286, 'n_mlp_layers': 3, 'mlp_dim_0': 184, 'mlp_dim_1': 312, 'mlp_dim_2': 120, 'num_heads': 1, 'final_dropout': 0.12162481175901793, 'train_learning_rate': 0.002360512876862004, 'train_lr_reduce': 0.6}. Best is trial 613 with value: 0.045173268765211105.
[I 2024-12-25 23:35:01,357] Trial 1217 finished with value: 0.08076509088277817 and parameters: {'L1_hidden_dim': 64, 'L1_layers_atom': 2, 'L1_layers_mol': 3, 'L1_dropout': 0.2579078538221885, 'L1_out_dim': 112, 'L2_hidden_dim': 224, 'L2_layers_atom': 2, 'L2_layers_mol': 3, 'L2_out_dim': 128, 'L2_dropout': 0.08854573069023532, 'L3_hidden_dim': 128, 'L3_layers_atom': 4, 'L3_layers_mol': 1, 'L3_out_dim': 128, 'L3_dropout': 0.10901257706215811, 'n_mlp_layers': 1, 'mlp_dim_0': 168, 'num_heads': 1, 'final_dropout': 0.05876883392146866, 'train_learning_rate': 0.002981128041185511, 'train_lr_reduce': 0.6}. Best is trial 613 with value: 0.045173268765211105.
[I 2024-12-25 23:35:06,232] Trial 1218 finished with value: 0.07752344012260437 and parameters: {'L1_hidden_dim': 112, 'L1_layers_atom': 2, 'L1_layers_mol': 3, 'L1_dropout': 0.223900380299012, 'L1_out_dim': 128, 'L2_hidden_dim': 160, 'L2_layers_atom': 1, 'L2_layers_mol': 4, 'L2_out_dim': 128, 'L2_dropout': 0.11841497531725881, 'L3_hidden_dim': 112, 'L3_layers_atom': 4, 'L3_layers_mol': 1, 'L3_out_dim': 112, 'L3_dropout': 0.2073436018195407, 'n_mlp_layers': 3, 'mlp_dim_0': 312, 'mlp_dim_1': 376, 'mlp_dim_2': 80, 'num_heads': 1, 'final_dropout': 0.19269063996496305, 'train_learning_rate': 0.004987996724862309, 'train_lr_reduce': 0.6}. Best is trial 613 with value: 0.045173268765211105.
[I 2024-12-25 23:35:17,267] Trial 1219 finished with value: 0.08771320432424545 and parameters: {'L1_hidden_dim': 64, 'L1_layers_atom': 1, 'L1_layers_mol': 1, 'L1_dropout': 0.27589006863402593, 'L1_out_dim': 64, 'L2_hidden_dim': 192, 'L2_layers_atom': 4, 'L2_layers_mol': 3, 'L2_out_dim': 96, 'L2_dropout': 0.1191028567672697, 'L3_hidden_dim': 128, 'L3_layers_atom': 3, 'L3_layers_mol': 1, 'L3_out_dim': 112, 'L3_dropout': 0.06977018315349627, 'n_mlp_layers': 3, 'mlp_dim_0': 248, 'mlp_dim_1': 304, 'mlp_dim_2': 128, 'num_heads': 1, 'final_dropout': 0.03154282218836392, 'train_learning_rate': 0.0012009819840724716, 'train_lr_reduce': 0.6}. Best is trial 613 with value: 0.045173268765211105.
[I 2024-12-25 23:36:50,537] Trial 1220 finished with value: 0.06396303325891495 and parameters: {'L1_hidden_dim': 80, 'L1_layers_atom': 3, 'L1_layers_mol': 3, 'L1_dropout': 0.29956907492664525, 'L1_out_dim': 48, 'L2_hidden_dim': 176, 'L2_layers_atom': 4, 'L2_layers_mol': 4, 'L2_out_dim': 48, 'L2_dropout': 0.05024354784655284, 'L3_hidden_dim': 48, 'L3_layers_atom': 3, 'L3_layers_mol': 4, 'L3_out_dim': 112, 'L3_dropout': 0.06872077622495143, 'n_mlp_layers': 3, 'mlp_dim_0': 368, 'mlp_dim_1': 392, 'mlp_dim_2': 32, 'num_heads': 1, 'final_dropout': 0.2379621078939194, 'train_learning_rate': 0.0014245881829253158, 'train_lr_reduce': 0.6}. Best is trial 613 with value: 0.045173268765211105.
[I 2024-12-25 23:37:00,033] Trial 1222 finished with value: 0.07104633003473282 and parameters: {'L1_hidden_dim': 64, 'L1_layers_atom': 3, 'L1_layers_mol': 4, 'L1_dropout': 0.1559934786103959, 'L1_out_dim': 96, 'L2_hidden_dim': 176, 'L2_layers_atom': 1, 'L2_layers_mol': 2, 'L2_out_dim': 128, 'L2_dropout': 0.006824860623052466, 'L3_hidden_dim': 80, 'L3_layers_atom': 3, 'L3_layers_mol': 2, 'L3_out_dim': 128, 'L3_dropout': 0.20796722565390896, 'n_mlp_layers': 2, 'mlp_dim_0': 240, 'mlp_dim_1': 432, 'num_heads': 1, 'final_dropout': 0.17860201895772645, 'train_learning_rate': 0.002149906575011645, 'train_lr_reduce': 0.6}. Best is trial 613 with value: 0.045173268765211105.
[I 2024-12-25 23:37:03,709] Trial 1221 finished with value: 0.07502259314060211 and parameters: {'L1_hidden_dim': 128, 'L1_layers_atom': 4, 'L1_layers_mol': 2, 'L1_dropout': 0.29135510874925435, 'L1_out_dim': 128, 'L2_hidden_dim': 192, 'L2_layers_atom': 3, 'L2_layers_mol': 2, 'L2_out_dim': 80, 'L2_dropout': 0.03516113896108011, 'L3_hidden_dim': 80, 'L3_layers_atom': 2, 'L3_layers_mol': 3, 'L3_out_dim': 48, 'L3_dropout': 0.20049678565328033, 'n_mlp_layers': 2, 'mlp_dim_0': 48, 'mlp_dim_1': 344, 'num_heads': 2, 'final_dropout': 0.02426512513969512, 'train_learning_rate': 0.0005973540738541131, 'train_lr_reduce': 0.6}. Best is trial 613 with value: 0.045173268765211105.
[I 2024-12-25 23:37:47,825] Trial 1223 finished with value: 0.09225355088710785 and parameters: {'L1_hidden_dim': 80, 'L1_layers_atom': 2, 'L1_layers_mol': 4, 'L1_dropout': 0.173010753372019, 'L1_out_dim': 80, 'L2_hidden_dim': 224, 'L2_layers_atom': 1, 'L2_layers_mol': 4, 'L2_out_dim': 112, 'L2_dropout': 0.046650331622239784, 'L3_hidden_dim': 64, 'L3_layers_atom': 2, 'L3_layers_mol': 2, 'L3_out_dim': 128, 'L3_dropout': 0.2467032290743061, 'n_mlp_layers': 3, 'mlp_dim_0': 112, 'mlp_dim_1': 392, 'mlp_dim_2': 32, 'num_heads': 1, 'final_dropout': 0.05528094721903121, 'train_learning_rate': 0.003712664650514578, 'train_lr_reduce': 0.6}. Best is trial 613 with value: 0.045173268765211105.
[I 2024-12-25 23:38:34,969] Trial 1225 finished with value: 0.05829091742634773 and parameters: {'L1_hidden_dim': 80, 'L1_layers_atom': 4, 'L1_layers_mol': 3, 'L1_dropout': 0.2978500333150241, 'L1_out_dim': 96, 'L2_hidden_dim': 192, 'L2_layers_atom': 1, 'L2_layers_mol': 1, 'L2_out_dim': 128, 'L2_dropout': 0.012674133782500173, 'L3_hidden_dim': 96, 'L3_layers_atom': 3, 'L3_layers_mol': 1, 'L3_out_dim': 32, 'L3_dropout': 0.2890446519297282, 'n_mlp_layers': 2, 'mlp_dim_0': 128, 'mlp_dim_1': 344, 'num_heads': 2, 'final_dropout': 0.05429776110953827, 'train_learning_rate': 0.001810668500156011, 'train_lr_reduce': 0.6}. Best is trial 613 with value: 0.045173268765211105.
[I 2024-12-25 23:38:53,792] Trial 1224 finished with value: 0.0725596472620964 and parameters: {'L1_hidden_dim': 64, 'L1_layers_atom': 4, 'L1_layers_mol': 1, 'L1_dropout': 0.2813870170728196, 'L1_out_dim': 112, 'L2_hidden_dim': 224, 'L2_layers_atom': 4, 'L2_layers_mol': 1, 'L2_out_dim': 128, 'L2_dropout': 0.009215972160938394, 'L3_hidden_dim': 64, 'L3_layers_atom': 3, 'L3_layers_mol': 1, 'L3_out_dim': 64, 'L3_dropout': 0.2887239062624729, 'n_mlp_layers': 3, 'mlp_dim_0': 40, 'mlp_dim_1': 480, 'mlp_dim_2': 120, 'num_heads': 1, 'final_dropout': 0.02545672176582706, 'train_learning_rate': 0.0030990270012470275, 'train_lr_reduce': 0.6}. Best is trial 613 with value: 0.045173268765211105.
[I 2024-12-25 23:39:31,889] Trial 1228 finished with value: 0.8651767373085022 and parameters: {'L1_hidden_dim': 64, 'L1_layers_atom': 2, 'L1_layers_mol': 2, 'L1_dropout': 0.20080536165765359, 'L1_out_dim': 96, 'L2_hidden_dim': 208, 'L2_layers_atom': 4, 'L2_layers_mol': 4, 'L2_out_dim': 128, 'L2_dropout': 0.03519191469975821, 'L3_hidden_dim': 128, 'L3_layers_atom': 4, 'L3_layers_mol': 1, 'L3_out_dim': 112, 'L3_dropout': 0.21642491582256757, 'n_mlp_layers': 3, 'mlp_dim_0': 392, 'mlp_dim_1': 304, 'mlp_dim_2': 152, 'num_heads': 1, 'final_dropout': 0.09151256037288671, 'train_learning_rate': 0.0037958495541357204, 'train_lr_reduce': 0.6}. Best is trial 613 with value: 0.045173268765211105.
[I 2024-12-25 23:39:52,682] Trial 1226 finished with value: 0.056281816214323044 and parameters: {'L1_hidden_dim': 64, 'L1_layers_atom': 1, 'L1_layers_mol': 2, 'L1_dropout': 0.23821760262334546, 'L1_out_dim': 64, 'L2_hidden_dim': 208, 'L2_layers_atom': 4, 'L2_layers_mol': 3, 'L2_out_dim': 128, 'L2_dropout': 0.09214367497947328, 'L3_hidden_dim': 96, 'L3_layers_atom': 3, 'L3_layers_mol': 1, 'L3_out_dim': 128, 'L3_dropout': 0.1200931560405483, 'n_mlp_layers': 3, 'mlp_dim_0': 464, 'mlp_dim_1': 312, 'mlp_dim_2': 88, 'num_heads': 1, 'final_dropout': 0.005635464856629337, 'train_learning_rate': 0.0017118584491818607, 'train_lr_reduce': 0.6}. Best is trial 613 with value: 0.045173268765211105.
[I 2024-12-25 23:40:12,822] Trial 1230 finished with value: 0.8849043846130371 and parameters: {'L1_hidden_dim': 96, 'L1_layers_atom': 1, 'L1_layers_mol': 1, 'L1_dropout': 0.2761223068484841, 'L1_out_dim': 112, 'L2_hidden_dim': 192, 'L2_layers_atom': 4, 'L2_layers_mol': 4, 'L2_out_dim': 80, 'L2_dropout': 0.10170265634966222, 'L3_hidden_dim': 96, 'L3_layers_atom': 4, 'L3_layers_mol': 1, 'L3_out_dim': 128, 'L3_dropout': 0.11505573453829926, 'n_mlp_layers': 3, 'mlp_dim_0': 400, 'mlp_dim_1': 344, 'mlp_dim_2': 32, 'num_heads': 1, 'final_dropout': 0.03020256255656621, 'train_learning_rate': 0.005676948790545293, 'train_lr_reduce': 0.6}. Best is trial 613 with value: 0.045173268765211105.
[I 2024-12-25 23:40:22,071] Trial 1227 finished with value: 0.0807156041264534 and parameters: {'L1_hidden_dim': 128, 'L1_layers_atom': 1, 'L1_layers_mol': 2, 'L1_dropout': 0.2177456927236512, 'L1_out_dim': 96, 'L2_hidden_dim': 224, 'L2_layers_atom': 3, 'L2_layers_mol': 4, 'L2_out_dim': 128, 'L2_dropout': 0.08784252548692159, 'L3_hidden_dim': 96, 'L3_layers_atom': 3, 'L3_layers_mol': 1, 'L3_out_dim': 112, 'L3_dropout': 0.16563394131044926, 'n_mlp_layers': 3, 'mlp_dim_0': 336, 'mlp_dim_1': 336, 'mlp_dim_2': 152, 'num_heads': 2, 'final_dropout': 0.05701182271841901, 'train_learning_rate': 0.001672333275365481, 'train_lr_reduce': 0.6}. Best is trial 613 with value: 0.045173268765211105.
[I 2024-12-25 23:40:35,987] Trial 1231 finished with value: 0.8436831831932068 and parameters: {'L1_hidden_dim': 64, 'L1_layers_atom': 2, 'L1_layers_mol': 2, 'L1_dropout': 0.2707403542987768, 'L1_out_dim': 80, 'L2_hidden_dim': 240, 'L2_layers_atom': 4, 'L2_layers_mol': 3, 'L2_out_dim': 96, 'L2_dropout': 0.08935699136116654, 'L3_hidden_dim': 80, 'L3_layers_atom': 2, 'L3_layers_mol': 1, 'L3_out_dim': 112, 'L3_dropout': 0.07047495148999389, 'n_mlp_layers': 3, 'mlp_dim_0': 368, 'mlp_dim_1': 304, 'mlp_dim_2': 32, 'num_heads': 1, 'final_dropout': 0.06747291269800774, 'train_learning_rate': 0.006717346545048454, 'train_lr_reduce': 0.6}. Best is trial 613 with value: 0.045173268765211105.
[I 2024-12-25 23:41:29,593] Trial 1229 finished with value: 0.0703265443444252 and parameters: {'L1_hidden_dim': 80, 'L1_layers_atom': 1, 'L1_layers_mol': 2, 'L1_dropout': 0.2506802138868038, 'L1_out_dim': 96, 'L2_hidden_dim': 192, 'L2_layers_atom': 4, 'L2_layers_mol': 4, 'L2_out_dim': 112, 'L2_dropout': 0.007658623973059872, 'L3_hidden_dim': 96, 'L3_layers_atom': 2, 'L3_layers_mol': 2, 'L3_out_dim': 128, 'L3_dropout': 0.10824515346220649, 'n_mlp_layers': 3, 'mlp_dim_0': 408, 'mlp_dim_1': 336, 'mlp_dim_2': 144, 'num_heads': 1, 'final_dropout': 0.07941029423901627, 'train_learning_rate': 0.0025750722672800166, 'train_lr_reduce': 0.6}. Best is trial 613 with value: 0.045173268765211105.
[I 2024-12-25 23:42:00,032] Trial 1233 finished with value: 0.06851430237293243 and parameters: {'L1_hidden_dim': 64, 'L1_layers_atom': 1, 'L1_layers_mol': 1, 'L1_dropout': 0.26317175143869637, 'L1_out_dim': 96, 'L2_hidden_dim': 208, 'L2_layers_atom': 4, 'L2_layers_mol': 3, 'L2_out_dim': 128, 'L2_dropout': 0.06247143281012388, 'L3_hidden_dim': 80, 'L3_layers_atom': 3, 'L3_layers_mol': 1, 'L3_out_dim': 128, 'L3_dropout': 0.22154175951920604, 'n_mlp_layers': 3, 'mlp_dim_0': 440, 'mlp_dim_1': 344, 'mlp_dim_2': 80, 'num_heads': 1, 'final_dropout': 0.036155736894117343, 'train_learning_rate': 0.000897738592844187, 'train_lr_reduce': 0.6}. Best is trial 613 with value: 0.045173268765211105.
[I 2024-12-25 23:42:09,501] Trial 1232 finished with value: 0.08461088687181473 and parameters: {'L1_hidden_dim': 96, 'L1_layers_atom': 1, 'L1_layers_mol': 1, 'L1_dropout': 0.17492440783150356, 'L1_out_dim': 48, 'L2_hidden_dim': 224, 'L2_layers_atom': 3, 'L2_layers_mol': 3, 'L2_out_dim': 128, 'L2_dropout': 0.16471900497682196, 'L3_hidden_dim': 80, 'L3_layers_atom': 3, 'L3_layers_mol': 1, 'L3_out_dim': 112, 'L3_dropout': 0.07238697490298551, 'n_mlp_layers': 3, 'mlp_dim_0': 400, 'mlp_dim_1': 352, 'mlp_dim_2': 80, 'num_heads': 1, 'final_dropout': 0.03168082932080197, 'train_learning_rate': 0.0016875288255803565, 'train_lr_reduce': 0.6}. Best is trial 613 with value: 0.045173268765211105.
[I 2024-12-25 23:43:00,603] Trial 1234 finished with value: 0.05443473905324936 and parameters: {'L1_hidden_dim': 80, 'L1_layers_atom': 4, 'L1_layers_mol': 4, 'L1_dropout': 0.2672963371558373, 'L1_out_dim': 96, 'L2_hidden_dim': 176, 'L2_layers_atom': 1, 'L2_layers_mol': 1, 'L2_out_dim': 128, 'L2_dropout': 0.0382141455068792, 'L3_hidden_dim': 96, 'L3_layers_atom': 3, 'L3_layers_mol': 1, 'L3_out_dim': 64, 'L3_dropout': 0.22230590948961457, 'n_mlp_layers': 2, 'mlp_dim_0': 80, 'mlp_dim_1': 304, 'num_heads': 2, 'final_dropout': 0.061412691057082136, 'train_learning_rate': 0.0024869815193682096, 'train_lr_reduce': 0.6}. Best is trial 613 with value: 0.045173268765211105.
[I 2024-12-25 23:43:07,543] Trial 1235 finished with value: 0.08807890862226486 and parameters: {'L1_hidden_dim': 144, 'L1_layers_atom': 3, 'L1_layers_mol': 3, 'L1_dropout': 0.2868015711186899, 'L1_out_dim': 128, 'L2_hidden_dim': 192, 'L2_layers_atom': 2, 'L2_layers_mol': 2, 'L2_out_dim': 128, 'L2_dropout': 0.01066579100787168, 'L3_hidden_dim': 112, 'L3_layers_atom': 2, 'L3_layers_mol': 1, 'L3_out_dim': 32, 'L3_dropout': 0.2931866627945908, 'n_mlp_layers': 2, 'mlp_dim_0': 144, 'mlp_dim_1': 360, 'num_heads': 2, 'final_dropout': 0.05527790771343044, 'train_learning_rate': 0.001295613300459265, 'train_lr_reduce': 0.6}. Best is trial 613 with value: 0.045173268765211105.
[I 2024-12-25 23:43:22,208] Trial 1236 finished with value: 0.08254572004079819 and parameters: {'L1_hidden_dim': 64, 'L1_layers_atom': 1, 'L1_layers_mol': 3, 'L1_dropout': 0.27714322589850615, 'L1_out_dim': 48, 'L2_hidden_dim': 224, 'L2_layers_atom': 4, 'L2_layers_mol': 4, 'L2_out_dim': 112, 'L2_dropout': 0.11233645395588157, 'L3_hidden_dim': 112, 'L3_layers_atom': 3, 'L3_layers_mol': 1, 'L3_out_dim': 128, 'L3_dropout': 0.11435008519201009, 'n_mlp_layers': 3, 'mlp_dim_0': 472, 'mlp_dim_1': 360, 'mlp_dim_2': 88, 'num_heads': 1, 'final_dropout': 0.06717654846227525, 'train_learning_rate': 0.0024343176966260542, 'train_lr_reduce': 0.6}. Best is trial 613 with value: 0.045173268765211105.
[I 2024-12-25 23:44:49,460] Trial 1238 finished with value: 0.07105059176683426 and parameters: {'L1_hidden_dim': 96, 'L1_layers_atom': 1, 'L1_layers_mol': 3, 'L1_dropout': 0.23816867547030665, 'L1_out_dim': 80, 'L2_hidden_dim': 144, 'L2_layers_atom': 4, 'L2_layers_mol': 3, 'L2_out_dim': 128, 'L2_dropout': 0.02377604244122128, 'L3_hidden_dim': 96, 'L3_layers_atom': 3, 'L3_layers_mol': 1, 'L3_out_dim': 128, 'L3_dropout': 0.18789894368866683, 'n_mlp_layers': 3, 'mlp_dim_0': 400, 'mlp_dim_1': 304, 'mlp_dim_2': 72, 'num_heads': 1, 'final_dropout': 0.04093296790137443, 'train_learning_rate': 0.0025603430477924146, 'train_lr_reduce': 0.6}. Best is trial 613 with value: 0.045173268765211105.
[I 2024-12-25 23:45:37,611] Trial 1239 finished with value: 0.07222243398427963 and parameters: {'L1_hidden_dim': 112, 'L1_layers_atom': 4, 'L1_layers_mol': 4, 'L1_dropout': 0.29724703191364565, 'L1_out_dim': 112, 'L2_hidden_dim': 144, 'L2_layers_atom': 1, 'L2_layers_mol': 2, 'L2_out_dim': 128, 'L2_dropout': 0.027017660541100982, 'L3_hidden_dim': 80, 'L3_layers_atom': 4, 'L3_layers_mol': 1, 'L3_out_dim': 64, 'L3_dropout': 0.23190198345801866, 'n_mlp_layers': 1, 'mlp_dim_0': 120, 'num_heads': 2, 'final_dropout': 0.028515922519075535, 'train_learning_rate': 0.0009211191862832308, 'train_lr_reduce': 0.6}. Best is trial 613 with value: 0.045173268765211105.
[I 2024-12-25 23:46:11,129] Trial 1237 finished with value: 0.06632469594478607 and parameters: {'L1_hidden_dim': 64, 'L1_layers_atom': 4, 'L1_layers_mol': 3, 'L1_dropout': 0.19527697285948015, 'L1_out_dim': 32, 'L2_hidden_dim': 176, 'L2_layers_atom': 4, 'L2_layers_mol': 4, 'L2_out_dim': 48, 'L2_dropout': 0.15979462950364826, 'L3_hidden_dim': 48, 'L3_layers_atom': 3, 'L3_layers_mol': 3, 'L3_out_dim': 96, 'L3_dropout': 0.021562487676815248, 'n_mlp_layers': 3, 'mlp_dim_0': 512, 'mlp_dim_1': 288, 'mlp_dim_2': 32, 'num_heads': 2, 'final_dropout': 0.14116348906198853, 'train_learning_rate': 0.0013802969041218796, 'train_lr_reduce': 0.6}. Best is trial 613 with value: 0.045173268765211105.
[I 2024-12-25 23:46:34,240] Trial 1240 finished with value: 0.06789878755807877 and parameters: {'L1_hidden_dim': 64, 'L1_layers_atom': 2, 'L1_layers_mol': 1, 'L1_dropout': 0.29486038633571443, 'L1_out_dim': 96, 'L2_hidden_dim': 192, 'L2_layers_atom': 4, 'L2_layers_mol': 4, 'L2_out_dim': 128, 'L2_dropout': 0.009564601503026973, 'L3_hidden_dim': 96, 'L3_layers_atom': 3, 'L3_layers_mol': 1, 'L3_out_dim': 112, 'L3_dropout': 0.061197503577356205, 'n_mlp_layers': 2, 'mlp_dim_0': 416, 'mlp_dim_1': 280, 'num_heads': 1, 'final_dropout': 0.04407774398490456, 'train_learning_rate': 0.0008032834558887107, 'train_lr_reduce': 0.6}. Best is trial 613 with value: 0.045173268765211105.
[I 2024-12-25 23:46:44,564] Trial 1241 finished with value: 0.07295388728380203 and parameters: {'L1_hidden_dim': 80, 'L1_layers_atom': 3, 'L1_layers_mol': 4, 'L1_dropout': 0.19440583620400292, 'L1_out_dim': 80, 'L2_hidden_dim': 144, 'L2_layers_atom': 1, 'L2_layers_mol': 1, 'L2_out_dim': 112, 'L2_dropout': 0.055835512948155246, 'L3_hidden_dim': 112, 'L3_layers_atom': 4, 'L3_layers_mol': 1, 'L3_out_dim': 80, 'L3_dropout': 0.20862240746338537, 'n_mlp_layers': 2, 'mlp_dim_0': 64, 'mlp_dim_1': 288, 'num_heads': 2, 'final_dropout': 0.1137154677008759, 'train_learning_rate': 0.001620720255242117, 'train_lr_reduce': 0.6}. Best is trial 613 with value: 0.045173268765211105.
[I 2024-12-25 23:47:50,170] Trial 1242 finished with value: 0.09467174112796783 and parameters: {'L1_hidden_dim': 64, 'L1_layers_atom': 4, 'L1_layers_mol': 1, 'L1_dropout': 0.2871192490791861, 'L1_out_dim': 64, 'L2_hidden_dim': 256, 'L2_layers_atom': 2, 'L2_layers_mol': 4, 'L2_out_dim': 64, 'L2_dropout': 0.10147440142751626, 'L3_hidden_dim': 80, 'L3_layers_atom': 4, 'L3_layers_mol': 4, 'L3_out_dim': 128, 'L3_dropout': 0.12304313402458668, 'n_mlp_layers': 2, 'mlp_dim_0': 336, 'mlp_dim_1': 288, 'num_heads': 1, 'final_dropout': 0.23137737029201175, 'train_learning_rate': 0.0006251414558280673, 'train_lr_reduce': 0.6}. Best is trial 613 with value: 0.045173268765211105.
[I 2024-12-25 23:47:57,564] Trial 1243 finished with value: 0.08968771994113922 and parameters: {'L1_hidden_dim': 96, 'L1_layers_atom': 1, 'L1_layers_mol': 3, 'L1_dropout': 0.2618095083417681, 'L1_out_dim': 112, 'L2_hidden_dim': 208, 'L2_layers_atom': 1, 'L2_layers_mol': 4, 'L2_out_dim': 80, 'L2_dropout': 0.09708986559655808, 'L3_hidden_dim': 80, 'L3_layers_atom': 4, 'L3_layers_mol': 2, 'L3_out_dim': 64, 'L3_dropout': 0.29946065115302634, 'n_mlp_layers': 3, 'mlp_dim_0': 216, 'mlp_dim_1': 296, 'mlp_dim_2': 64, 'num_heads': 1, 'final_dropout': 0.06750550196904849, 'train_learning_rate': 0.0011646123392260704, 'train_lr_reduce': 0.6}. Best is trial 613 with value: 0.045173268765211105.
[I 2024-12-25 23:48:24,259] Trial 1244 finished with value: 0.06229894980788231 and parameters: {'L1_hidden_dim': 64, 'L1_layers_atom': 1, 'L1_layers_mol': 3, 'L1_dropout': 0.18902763512391801, 'L1_out_dim': 32, 'L2_hidden_dim': 240, 'L2_layers_atom': 4, 'L2_layers_mol': 1, 'L2_out_dim': 128, 'L2_dropout': 0.13391006059699037, 'L3_hidden_dim': 112, 'L3_layers_atom': 3, 'L3_layers_mol': 1, 'L3_out_dim': 112, 'L3_dropout': 0.09753172902895844, 'n_mlp_layers': 3, 'mlp_dim_0': 440, 'mlp_dim_1': 312, 'mlp_dim_2': 32, 'num_heads': 1, 'final_dropout': 0.05028871491295091, 'train_learning_rate': 0.0025893728915416647, 'train_lr_reduce': 0.6}. Best is trial 613 with value: 0.045173268765211105.
[I 2024-12-25 23:49:13,199] Trial 1246 finished with value: 0.06780855357646942 and parameters: {'L1_hidden_dim': 64, 'L1_layers_atom': 4, 'L1_layers_mol': 4, 'L1_dropout': 0.2925165290128899, 'L1_out_dim': 112, 'L2_hidden_dim': 144, 'L2_layers_atom': 1, 'L2_layers_mol': 1, 'L2_out_dim': 128, 'L2_dropout': 0.022219460189698885, 'L3_hidden_dim': 80, 'L3_layers_atom': 4, 'L3_layers_mol': 2, 'L3_out_dim': 96, 'L3_dropout': 0.1221162459561826, 'n_mlp_layers': 2, 'mlp_dim_0': 40, 'mlp_dim_1': 320, 'num_heads': 2, 'final_dropout': 0.015500592688782226, 'train_learning_rate': 0.0032964397609604812, 'train_lr_reduce': 0.6}. Best is trial 613 with value: 0.045173268765211105.
[I 2024-12-25 23:49:16,399] Trial 1245 finished with value: 0.10419904440641403 and parameters: {'L1_hidden_dim': 80, 'L1_layers_atom': 3, 'L1_layers_mol': 2, 'L1_dropout': 0.16380555496157145, 'L1_out_dim': 96, 'L2_hidden_dim': 256, 'L2_layers_atom': 4, 'L2_layers_mol': 4, 'L2_out_dim': 112, 'L2_dropout': 0.06651974287134373, 'L3_hidden_dim': 96, 'L3_layers_atom': 1, 'L3_layers_mol': 2, 'L3_out_dim': 96, 'L3_dropout': 0.05823873701091162, 'n_mlp_layers': 3, 'mlp_dim_0': 416, 'mlp_dim_1': 288, 'mlp_dim_2': 32, 'num_heads': 1, 'final_dropout': 0.006776617697065633, 'train_learning_rate': 0.001183437084024116, 'train_lr_reduce': 0.6}. Best is trial 613 with value: 0.045173268765211105.
