[I 2024-12-19 08:15:56,732] Trial 1165 finished with value: 1.4843939542770386 and parameters: {'mlp_n_layers': 4, 'mlp_dim_00': 209, 'mlp_dim_01': 185, 'mlp_dim_02': 349, 'mlp_dim_03': 150, 'node_hidden_dim': 43, 'edge_hidden_dim': 90, 'depth': 2, 'rep_dropout': 0.18798673872538646, 'train_learning_rate': 0.005478462843559502, 'train_lr_reduce': 0.6}. Best is trial 156 with value: 0.33254924416542053.
[I 2024-12-19 08:15:58,590] Trial 1166 finished with value: 1.2952808141708374 and parameters: {'mlp_n_layers': 2, 'mlp_dim_00': 338, 'mlp_dim_01': 94, 'node_hidden_dim': 62, 'edge_hidden_dim': 118, 'depth': 2, 'rep_dropout': 0.07360246398030929, 'train_learning_rate': 0.0038698602531125046, 'train_lr_reduce': 0.6}. Best is trial 156 with value: 0.33254924416542053.
[I 2024-12-19 08:15:59,246] Trial 1167 finished with value: 1.5264098644256592 and parameters: {'mlp_n_layers': 4, 'mlp_dim_00': 502, 'mlp_dim_01': 132, 'mlp_dim_02': 305, 'mlp_dim_03': 208, 'node_hidden_dim': 76, 'edge_hidden_dim': 47, 'depth': 2, 'rep_dropout': 0.021313761181139937, 'train_learning_rate': 0.001884476032739136, 'train_lr_reduce': 0.6}. Best is trial 156 with value: 0.33254924416542053.
[I 2024-12-19 08:16:01,334] Trial 1168 finished with value: 1.2986711263656616 and parameters: {'mlp_n_layers': 4, 'mlp_dim_00': 120, 'mlp_dim_01': 326, 'mlp_dim_02': 372, 'mlp_dim_03': 124, 'node_hidden_dim': 115, 'edge_hidden_dim': 108, 'depth': 2, 'rep_dropout': 0.06121409771301665, 'train_learning_rate': 0.006384919000611933, 'train_lr_reduce': 0.6}. Best is trial 156 with value: 0.33254924416542053.
[I 2024-12-19 08:16:02,643] Trial 1169 finished with value: 1.459761142730713 and parameters: {'mlp_n_layers': 3, 'mlp_dim_00': 496, 'mlp_dim_01': 192, 'mlp_dim_02': 264, 'node_hidden_dim': 83, 'edge_hidden_dim': 60, 'depth': 2, 'rep_dropout': 0.14148082855778177, 'train_learning_rate': 0.0022805167849963724, 'train_lr_reduce': 0.6}. Best is trial 156 with value: 0.33254924416542053.
[I 2024-12-19 08:16:06,353] Trial 1171 finished with value: 1.4231817722320557 and parameters: {'mlp_n_layers': 3, 'mlp_dim_00': 474, 'mlp_dim_01': 254, 'mlp_dim_02': 318, 'node_hidden_dim': 98, 'edge_hidden_dim': 67, 'depth': 3, 'rep_dropout': 0.1179132820605952, 'train_learning_rate': 0.00485935427738335, 'train_lr_reduce': 0.6}. Best is trial 156 with value: 0.33254924416542053.
[I 2024-12-19 08:16:10,978] Trial 1173 finished with value: 1.5086419582366943 and parameters: {'mlp_n_layers': 4, 'mlp_dim_00': 507, 'mlp_dim_01': 266, 'mlp_dim_02': 394, 'mlp_dim_03': 415, 'node_hidden_dim': 119, 'edge_hidden_dim': 122, 'depth': 2, 'rep_dropout': 0.10349750287468425, 'train_learning_rate': 0.00292535937378614, 'train_lr_reduce': 0.6}. Best is trial 156 with value: 0.33254924416542053.
[I 2024-12-19 08:16:11,703] Trial 1170 finished with value: 0.3284205496311188 and parameters: {'mlp_n_layers': 3, 'mlp_dim_00': 228, 'mlp_dim_01': 118, 'mlp_dim_02': 469, 'node_hidden_dim': 125, 'edge_hidden_dim': 34, 'depth': 2, 'rep_dropout': 0.05606637736170875, 'train_learning_rate': 0.00847866792540051, 'train_lr_reduce': 0.6}. Best is trial 1170 with value: 0.3284205496311188.
[I 2024-12-19 08:16:16,035] Trial 1174 finished with value: 1.574374794960022 and parameters: {'mlp_n_layers': 4, 'mlp_dim_00': 423, 'mlp_dim_01': 190, 'mlp_dim_02': 498, 'mlp_dim_03': 198, 'node_hidden_dim': 64, 'edge_hidden_dim': 52, 'depth': 2, 'rep_dropout': 0.06199973535221201, 'train_learning_rate': 0.000687195721075674, 'train_lr_reduce': 0.6}. Best is trial 1170 with value: 0.3284205496311188.
[I 2024-12-19 08:16:16,547] Trial 1172 finished with value: 0.3605582118034363 and parameters: {'mlp_n_layers': 3, 'mlp_dim_00': 65, 'mlp_dim_01': 429, 'mlp_dim_02': 214, 'node_hidden_dim': 116, 'edge_hidden_dim': 90, 'depth': 2, 'rep_dropout': 0.10839031325523751, 'train_learning_rate': 0.0072394715614891815, 'train_lr_reduce': 0.6}. Best is trial 1170 with value: 0.3284205496311188.
[I 2024-12-19 08:16:18,292] Trial 1175 finished with value: 1.3886786699295044 and parameters: {'mlp_n_layers': 3, 'mlp_dim_00': 78, 'mlp_dim_01': 187, 'mlp_dim_02': 468, 'node_hidden_dim': 109, 'edge_hidden_dim': 44, 'depth': 3, 'rep_dropout': 0.07968212446900054, 'train_learning_rate': 0.006602681554086779, 'train_lr_reduce': 0.6}. Best is trial 1170 with value: 0.3284205496311188.
[I 2024-12-19 08:16:20,806] Trial 1176 finished with value: 1.4399875402450562 and parameters: {'mlp_n_layers': 3, 'mlp_dim_00': 93, 'mlp_dim_01': 369, 'mlp_dim_02': 473, 'node_hidden_dim': 113, 'edge_hidden_dim': 71, 'depth': 2, 'rep_dropout': 0.13514560150068874, 'train_learning_rate': 0.004659983350559428, 'train_lr_reduce': 0.6}. Best is trial 1170 with value: 0.3284205496311188.
[I 2024-12-19 08:16:20,881] Trial 1177 finished with value: 1.3163639307022095 and parameters: {'mlp_n_layers': 3, 'mlp_dim_00': 335, 'mlp_dim_01': 100, 'mlp_dim_02': 476, 'node_hidden_dim': 44, 'edge_hidden_dim': 86, 'depth': 2, 'rep_dropout': 0.10571867289055333, 'train_learning_rate': 0.008732778733718787, 'train_lr_reduce': 0.6}. Best is trial 1170 with value: 0.3284205496311188.
[I 2024-12-19 08:16:22,436] Trial 1178 finished with value: 1.2938545942306519 and parameters: {'mlp_n_layers': 2, 'mlp_dim_00': 146, 'mlp_dim_01': 367, 'node_hidden_dim': 126, 'edge_hidden_dim': 83, 'depth': 2, 'rep_dropout': 0.09318924802347285, 'train_learning_rate': 0.004004380784168707, 'train_lr_reduce': 0.6}. Best is trial 1170 with value: 0.3284205496311188.
[I 2024-12-19 08:16:25,145] Trial 1180 finished with value: 1.38720703125 and parameters: {'mlp_n_layers': 3, 'mlp_dim_00': 156, 'mlp_dim_01': 124, 'mlp_dim_02': 210, 'node_hidden_dim': 118, 'edge_hidden_dim': 35, 'depth': 2, 'rep_dropout': 0.08621362286421475, 'train_learning_rate': 0.004487052844022401, 'train_lr_reduce': 0.6}. Best is trial 1170 with value: 0.3284205496311188.
[I 2024-12-19 08:16:25,385] Trial 1179 finished with value: 1.4987674951553345 and parameters: {'mlp_n_layers': 3, 'mlp_dim_00': 260, 'mlp_dim_01': 130, 'mlp_dim_02': 438, 'node_hidden_dim': 98, 'edge_hidden_dim': 44, 'depth': 2, 'rep_dropout': 0.05856297044312939, 'train_learning_rate': 0.0027194237142366706, 'train_lr_reduce': 0.6}. Best is trial 1170 with value: 0.3284205496311188.
[I 2024-12-19 08:16:28,392] Trial 1181 finished with value: 1.5183566808700562 and parameters: {'mlp_n_layers': 2, 'mlp_dim_00': 301, 'mlp_dim_01': 145, 'node_hidden_dim': 119, 'edge_hidden_dim': 121, 'depth': 2, 'rep_dropout': 0.007704924346816766, 'train_learning_rate': 0.008156383234904266, 'train_lr_reduce': 0.6}. Best is trial 1170 with value: 0.3284205496311188.
[I 2024-12-19 08:16:29,249] Trial 1182 finished with value: 1.2871013879776 and parameters: {'mlp_n_layers': 3, 'mlp_dim_00': 138, 'mlp_dim_01': 420, 'mlp_dim_02': 472, 'node_hidden_dim': 128, 'edge_hidden_dim': 85, 'depth': 2, 'rep_dropout': 0.10830095288854932, 'train_learning_rate': 0.006103423196133942, 'train_lr_reduce': 0.6}. Best is trial 1170 with value: 0.3284205496311188.
[I 2024-12-19 08:16:30,391] Trial 1183 finished with value: 1.354364275932312 and parameters: {'mlp_n_layers': 4, 'mlp_dim_00': 222, 'mlp_dim_01': 506, 'mlp_dim_02': 466, 'mlp_dim_03': 255, 'node_hidden_dim': 89, 'edge_hidden_dim': 88, 'depth': 2, 'rep_dropout': 0.11680169035305929, 'train_learning_rate': 0.0043304075375431034, 'train_lr_reduce': 0.6}. Best is trial 1170 with value: 0.3284205496311188.
[I 2024-12-19 08:16:32,835] Trial 1184 finished with value: 1.3277307748794556 and parameters: {'mlp_n_layers': 3, 'mlp_dim_00': 94, 'mlp_dim_01': 425, 'mlp_dim_02': 466, 'node_hidden_dim': 107, 'edge_hidden_dim': 112, 'depth': 2, 'rep_dropout': 0.06374567070933504, 'train_learning_rate': 0.008030412016383898, 'train_lr_reduce': 0.6}. Best is trial 1170 with value: 0.3284205496311188.
[I 2024-12-19 08:16:37,293] Trial 1187 finished with value: 1.3363423347473145 and parameters: {'mlp_n_layers': 3, 'mlp_dim_00': 64, 'mlp_dim_01': 363, 'mlp_dim_02': 214, 'node_hidden_dim': 106, 'edge_hidden_dim': 85, 'depth': 2, 'rep_dropout': 0.1181444710731176, 'train_learning_rate': 0.0040387276511388345, 'train_lr_reduce': 0.6}. Best is trial 1170 with value: 0.3284205496311188.
[I 2024-12-19 08:16:37,747] Trial 1186 finished with value: 0.8082135319709778 and parameters: {'mlp_n_layers': 3, 'mlp_dim_00': 184, 'mlp_dim_01': 171, 'mlp_dim_02': 222, 'node_hidden_dim': 116, 'edge_hidden_dim': 33, 'depth': 2, 'rep_dropout': 0.05914376105088502, 'train_learning_rate': 0.009060983854871522, 'train_lr_reduce': 0.6}. Best is trial 1170 with value: 0.3284205496311188.
[I 2024-12-19 08:16:41,982] Trial 1189 finished with value: 1.285624623298645 and parameters: {'mlp_n_layers': 2, 'mlp_dim_00': 457, 'mlp_dim_01': 91, 'node_hidden_dim': 55, 'edge_hidden_dim': 79, 'depth': 2, 'rep_dropout': 0.08031983209086269, 'train_learning_rate': 0.003987789101664425, 'train_lr_reduce': 0.6}. Best is trial 1170 with value: 0.3284205496311188.
[I 2024-12-19 08:16:42,282] Trial 1188 finished with value: 1.2832838296890259 and parameters: {'mlp_n_layers': 3, 'mlp_dim_00': 148, 'mlp_dim_01': 488, 'mlp_dim_02': 452, 'node_hidden_dim': 124, 'edge_hidden_dim': 108, 'depth': 2, 'rep_dropout': 0.17667868646273754, 'train_learning_rate': 0.0053092269887912045, 'train_lr_reduce': 0.6}. Best is trial 1170 with value: 0.3284205496311188.
[I 2024-12-19 08:16:44,128] Trial 1185 finished with value: 1.130608320236206 and parameters: {'mlp_n_layers': 3, 'mlp_dim_00': 398, 'mlp_dim_01': 154, 'mlp_dim_02': 201, 'node_hidden_dim': 48, 'edge_hidden_dim': 79, 'depth': 2, 'rep_dropout': 0.0690017805019553, 'train_learning_rate': 0.0017759465335151956, 'train_lr_reduce': 0.6}. Best is trial 1170 with value: 0.3284205496311188.
[I 2024-12-19 08:16:46,432] Trial 1190 finished with value: 1.2827893495559692 and parameters: {'mlp_n_layers': 4, 'mlp_dim_00': 84, 'mlp_dim_01': 502, 'mlp_dim_02': 208, 'mlp_dim_03': 286, 'node_hidden_dim': 116, 'edge_hidden_dim': 68, 'depth': 2, 'rep_dropout': 0.07944025561261171, 'train_learning_rate': 0.005855742192056027, 'train_lr_reduce': 0.6}. Best is trial 1170 with value: 0.3284205496311188.
[I 2024-12-19 08:16:47,514] Trial 1191 finished with value: 1.4102140665054321 and parameters: {'mlp_n_layers': 3, 'mlp_dim_00': 95, 'mlp_dim_01': 433, 'mlp_dim_02': 437, 'node_hidden_dim': 102, 'edge_hidden_dim': 68, 'depth': 2, 'rep_dropout': 0.10475356520982596, 'train_learning_rate': 0.0072833898303353095, 'train_lr_reduce': 0.6}. Best is trial 1170 with value: 0.3284205496311188.
[I 2024-12-19 08:16:48,007] Trial 1192 finished with value: 1.4093700647354126 and parameters: {'mlp_n_layers': 2, 'mlp_dim_00': 442, 'mlp_dim_01': 231, 'node_hidden_dim': 94, 'edge_hidden_dim': 77, 'depth': 2, 'rep_dropout': 0.13301019619347157, 'train_learning_rate': 0.0013530138308795543, 'train_lr_reduce': 0.6}. Best is trial 1170 with value: 0.3284205496311188.
[I 2024-12-19 08:16:51,572] Trial 1194 finished with value: 1.3642860651016235 and parameters: {'mlp_n_layers': 3, 'mlp_dim_00': 95, 'mlp_dim_01': 491, 'mlp_dim_02': 437, 'node_hidden_dim': 95, 'edge_hidden_dim': 65, 'depth': 2, 'rep_dropout': 0.11753466315640648, 'train_learning_rate': 0.0018342728183771814, 'train_lr_reduce': 0.6}. Best is trial 1170 with value: 0.3284205496311188.
[I 2024-12-19 08:16:51,711] Trial 1195 finished with value: 1.4262186288833618 and parameters: {'mlp_n_layers': 3, 'mlp_dim_00': 74, 'mlp_dim_01': 463, 'mlp_dim_02': 474, 'node_hidden_dim': 112, 'edge_hidden_dim': 91, 'depth': 2, 'rep_dropout': 0.12179908213953528, 'train_learning_rate': 0.0024849829705087026, 'train_lr_reduce': 0.6}. Best is trial 1170 with value: 0.3284205496311188.
[I 2024-12-19 08:16:55,660] Trial 1197 finished with value: 1.2832459211349487 and parameters: {'mlp_n_layers': 3, 'mlp_dim_00': 68, 'mlp_dim_01': 423, 'mlp_dim_02': 260, 'node_hidden_dim': 119, 'edge_hidden_dim': 88, 'depth': 2, 'rep_dropout': 0.09038714750285029, 'train_learning_rate': 0.0041912255045507526, 'train_lr_reduce': 0.6}. Best is trial 1170 with value: 0.3284205496311188.
[I 2024-12-19 08:16:55,665] Trial 1196 finished with value: 1.2916961908340454 and parameters: {'mlp_n_layers': 2, 'mlp_dim_00': 130, 'mlp_dim_01': 74, 'node_hidden_dim': 127, 'edge_hidden_dim': 35, 'depth': 2, 'rep_dropout': 0.07157556217591711, 'train_learning_rate': 0.008418038598313322, 'train_lr_reduce': 0.6}. Best is trial 1170 with value: 0.3284205496311188.
[I 2024-12-19 08:17:00,420] Trial 1198 finished with value: 1.292310357093811 and parameters: {'mlp_n_layers': 3, 'mlp_dim_00': 68, 'mlp_dim_01': 376, 'mlp_dim_02': 215, 'node_hidden_dim': 96, 'edge_hidden_dim': 92, 'depth': 2, 'rep_dropout': 0.18672382255322487, 'train_learning_rate': 0.006386037695346206, 'train_lr_reduce': 0.6}. Best is trial 1170 with value: 0.3284205496311188.
[I 2024-12-19 08:17:00,694] Trial 1199 finished with value: 1.2941309213638306 and parameters: {'mlp_n_layers': 4, 'mlp_dim_00': 108, 'mlp_dim_01': 396, 'mlp_dim_02': 237, 'mlp_dim_03': 369, 'node_hidden_dim': 89, 'edge_hidden_dim': 77, 'depth': 2, 'rep_dropout': 0.0885588183182375, 'train_learning_rate': 0.0055137543526689965, 'train_lr_reduce': 0.6}. Best is trial 1170 with value: 0.3284205496311188.
[I 2024-12-19 08:17:01,242] Trial 1193 finished with value: 0.5802851915359497 and parameters: {'mlp_n_layers': 4, 'mlp_dim_00': 362, 'mlp_dim_01': 127, 'mlp_dim_02': 230, 'mlp_dim_03': 278, 'node_hidden_dim': 79, 'edge_hidden_dim': 46, 'depth': 2, 'rep_dropout': 0.09686914320618965, 'train_learning_rate': 0.007429189516854859, 'train_lr_reduce': 0.6}. Best is trial 1170 with value: 0.3284205496311188.
[I 2024-12-19 08:17:04,696] Trial 1200 finished with value: 1.539245367050171 and parameters: {'mlp_n_layers': 3, 'mlp_dim_00': 474, 'mlp_dim_01': 70, 'mlp_dim_02': 482, 'node_hidden_dim': 93, 'edge_hidden_dim': 102, 'depth': 2, 'rep_dropout': 0.1268859612640276, 'train_learning_rate': 0.0011569836231698721, 'train_lr_reduce': 0.6}. Best is trial 1170 with value: 0.3284205496311188.
[I 2024-12-19 08:17:05,623] Trial 1202 finished with value: 1.4121252298355103 and parameters: {'mlp_n_layers': 4, 'mlp_dim_00': 385, 'mlp_dim_01': 78, 'mlp_dim_02': 205, 'mlp_dim_03': 228, 'node_hidden_dim': 123, 'edge_hidden_dim': 71, 'depth': 2, 'rep_dropout': 0.05233524614790035, 'train_learning_rate': 0.004287209431096034, 'train_lr_reduce': 0.6}. Best is trial 1170 with value: 0.3284205496311188.
[I 2024-12-19 08:17:07,459] Trial 1201 finished with value: 1.1900465488433838 and parameters: {'mlp_n_layers': 4, 'mlp_dim_00': 198, 'mlp_dim_01': 109, 'mlp_dim_02': 249, 'mlp_dim_03': 253, 'node_hidden_dim': 123, 'edge_hidden_dim': 32, 'depth': 2, 'rep_dropout': 0.05542694745241946, 'train_learning_rate': 0.008836726933057643, 'train_lr_reduce': 0.6}. Best is trial 1170 with value: 0.3284205496311188.
[I 2024-12-19 08:17:09,117] Trial 1203 finished with value: 1.5698106288909912 and parameters: {'mlp_n_layers': 2, 'mlp_dim_00': 490, 'mlp_dim_01': 275, 'node_hidden_dim': 36, 'edge_hidden_dim': 56, 'depth': 2, 'rep_dropout': 0.11643782821524942, 'train_learning_rate': 0.00023633794284081268, 'train_lr_reduce': 0.6}. Best is trial 1170 with value: 0.3284205496311188.
[I 2024-12-19 08:17:12,386] Trial 1205 finished with value: 1.3233377933502197 and parameters: {'mlp_n_layers': 3, 'mlp_dim_00': 476, 'mlp_dim_01': 221, 'mlp_dim_02': 431, 'node_hidden_dim': 78, 'edge_hidden_dim': 75, 'depth': 2, 'rep_dropout': 0.12599030387806648, 'train_learning_rate': 0.005328002445070413, 'train_lr_reduce': 0.6}. Best is trial 1170 with value: 0.3284205496311188.
[I 2024-12-19 08:17:13,405] Trial 1204 finished with value: 1.3250250816345215 and parameters: {'mlp_n_layers': 3, 'mlp_dim_00': 470, 'mlp_dim_01': 99, 'mlp_dim_02': 414, 'node_hidden_dim': 95, 'edge_hidden_dim': 75, 'depth': 2, 'rep_dropout': 0.15503065138117353, 'train_learning_rate': 0.0010653756248391278, 'train_lr_reduce': 0.6}. Best is trial 1170 with value: 0.3284205496311188.
[I 2024-12-19 08:17:18,233] Trial 1207 finished with value: 1.57772696018219 and parameters: {'mlp_n_layers': 3, 'mlp_dim_00': 355, 'mlp_dim_01': 261, 'mlp_dim_02': 511, 'node_hidden_dim': 124, 'edge_hidden_dim': 43, 'depth': 3, 'rep_dropout': 0.0171505202506283, 'train_learning_rate': 0.00014914433203910415, 'train_lr_reduce': 0.6}. Best is trial 1170 with value: 0.3284205496311188.
[I 2024-12-19 08:17:19,197] Trial 1208 finished with value: 1.2895700931549072 and parameters: {'mlp_n_layers': 3, 'mlp_dim_00': 405, 'mlp_dim_01': 345, 'mlp_dim_02': 250, 'node_hidden_dim': 97, 'edge_hidden_dim': 102, 'depth': 2, 'rep_dropout': 0.16360875180471107, 'train_learning_rate': 0.006527763453718635, 'train_lr_reduce': 0.6}. Best is trial 1170 with value: 0.3284205496311188.
[I 2024-12-19 08:17:23,675] Trial 1206 finished with value: 0.35167670249938965 and parameters: {'mlp_n_layers': 2, 'mlp_dim_00': 159, 'mlp_dim_01': 460, 'node_hidden_dim': 111, 'edge_hidden_dim': 121, 'depth': 2, 'rep_dropout': 0.09691897203237695, 'train_learning_rate': 0.006311479474035657, 'train_lr_reduce': 0.6}. Best is trial 1170 with value: 0.3284205496311188.
[I 2024-12-19 08:17:24,222] Trial 1209 finished with value: 1.4153060913085938 and parameters: {'mlp_n_layers': 4, 'mlp_dim_00': 494, 'mlp_dim_01': 214, 'mlp_dim_02': 254, 'mlp_dim_03': 270, 'node_hidden_dim': 78, 'edge_hidden_dim': 86, 'depth': 3, 'rep_dropout': 0.09955481512159103, 'train_learning_rate': 0.004863984131631715, 'train_lr_reduce': 0.6}. Best is trial 1170 with value: 0.3284205496311188.
[I 2024-12-19 08:17:25,446] Trial 1210 finished with value: 1.31083083152771 and parameters: {'mlp_n_layers': 4, 'mlp_dim_00': 417, 'mlp_dim_01': 209, 'mlp_dim_02': 474, 'mlp_dim_03': 224, 'node_hidden_dim': 124, 'edge_hidden_dim': 36, 'depth': 3, 'rep_dropout': 0.2307865334205276, 'train_learning_rate': 0.007344129951123283, 'train_lr_reduce': 0.6}. Best is trial 1170 with value: 0.3284205496311188.
[I 2024-12-19 08:17:27,975] Trial 1211 finished with value: 1.4339097738265991 and parameters: {'mlp_n_layers': 2, 'mlp_dim_00': 351, 'mlp_dim_01': 457, 'node_hidden_dim': 114, 'edge_hidden_dim': 51, 'depth': 3, 'rep_dropout': 0.034781274836001436, 'train_learning_rate': 0.0029869779214213234, 'train_lr_reduce': 0.6}. Best is trial 1170 with value: 0.3284205496311188.
[I 2024-12-19 08:17:29,477] Trial 1212 finished with value: 1.4404269456863403 and parameters: {'mlp_n_layers': 2, 'mlp_dim_00': 507, 'mlp_dim_01': 365, 'node_hidden_dim': 92, 'edge_hidden_dim': 127, 'depth': 2, 'rep_dropout': 0.20034504084615523, 'train_learning_rate': 0.0031762257776574436, 'train_lr_reduce': 0.6}. Best is trial 1170 with value: 0.3284205496311188.
[I 2024-12-19 08:17:29,916] Trial 1213 finished with value: 1.478537678718567 and parameters: {'mlp_n_layers': 2, 'mlp_dim_00': 215, 'mlp_dim_01': 473, 'node_hidden_dim': 99, 'edge_hidden_dim': 108, 'depth': 2, 'rep_dropout': 0.11170622648448934, 'train_learning_rate': 0.006383794419475226, 'train_lr_reduce': 0.6}. Best is trial 1170 with value: 0.3284205496311188.
[I 2024-12-19 08:17:32,281] Trial 1214 finished with value: 1.5069605112075806 and parameters: {'mlp_n_layers': 2, 'mlp_dim_00': 201, 'mlp_dim_01': 476, 'node_hidden_dim': 127, 'edge_hidden_dim': 126, 'depth': 2, 'rep_dropout': 0.12198909683031776, 'train_learning_rate': 0.002715294902935414, 'train_lr_reduce': 0.6}. Best is trial 1170 with value: 0.3284205496311188.
[I 2024-12-19 08:17:35,376] Trial 1215 finished with value: 1.333421230316162 and parameters: {'mlp_n_layers': 2, 'mlp_dim_00': 110, 'mlp_dim_01': 493, 'node_hidden_dim': 109, 'edge_hidden_dim': 126, 'depth': 2, 'rep_dropout': 0.10281008570548902, 'train_learning_rate': 0.007613458395859571, 'train_lr_reduce': 0.6}. Best is trial 1170 with value: 0.3284205496311188.
[I 2024-12-19 08:17:36,220] Trial 1217 finished with value: 1.2892872095108032 and parameters: {'mlp_n_layers': 2, 'mlp_dim_00': 104, 'mlp_dim_01': 358, 'node_hidden_dim': 102, 'edge_hidden_dim': 120, 'depth': 2, 'rep_dropout': 0.0954987175216116, 'train_learning_rate': 0.005368870162753207, 'train_lr_reduce': 0.6}. Best is trial 1170 with value: 0.3284205496311188.
[I 2024-12-19 08:17:41,678] Trial 1218 finished with value: 1.3055719137191772 and parameters: {'mlp_n_layers': 3, 'mlp_dim_00': 74, 'mlp_dim_01': 501, 'mlp_dim_02': 432, 'node_hidden_dim': 107, 'edge_hidden_dim': 118, 'depth': 3, 'rep_dropout': 0.13225992647914275, 'train_learning_rate': 0.005885965870896892, 'train_lr_reduce': 0.6}. Best is trial 1170 with value: 0.3284205496311188.
[I 2024-12-19 08:17:45,529] Trial 1216 finished with value: 0.4029200077056885 and parameters: {'mlp_n_layers': 3, 'mlp_dim_00': 176, 'mlp_dim_01': 467, 'mlp_dim_02': 430, 'node_hidden_dim': 100, 'edge_hidden_dim': 118, 'depth': 2, 'rep_dropout': 0.06984699711081353, 'train_learning_rate': 0.004572135970183804, 'train_lr_reduce': 0.6}. Best is trial 1170 with value: 0.3284205496311188.
[I 2024-12-19 08:17:46,423] Trial 1220 finished with value: 1.398491382598877 and parameters: {'mlp_n_layers': 2, 'mlp_dim_00': 206, 'mlp_dim_01': 419, 'node_hidden_dim': 102, 'edge_hidden_dim': 116, 'depth': 2, 'rep_dropout': 0.12586472949281646, 'train_learning_rate': 0.00184368957949735, 'train_lr_reduce': 0.6}. Best is trial 1170 with value: 0.3284205496311188.
[I 2024-12-19 08:17:47,667] Trial 1219 finished with value: 1.3880318403244019 and parameters: {'mlp_n_layers': 3, 'mlp_dim_00': 87, 'mlp_dim_01': 192, 'mlp_dim_02': 407, 'node_hidden_dim': 40, 'edge_hidden_dim': 57, 'depth': 4, 'rep_dropout': 0.10175357355897552, 'train_learning_rate': 0.0017189663335054782, 'train_lr_reduce': 0.6}. Best is trial 1170 with value: 0.3284205496311188.
