[I 2024-12-26 01:44:05,897] Trial 1468 finished with value: 0.1073429137468338 and parameters: {'L1_hidden_dim': 64, 'L1_layers_atom': 2, 'L1_layers_mol': 2, 'L1_dropout': 0.2660594794441363, 'L1_out_dim': 48, 'L2_hidden_dim': 208, 'L2_layers_atom': 4, 'L2_layers_mol': 2, 'L2_out_dim': 128, 'L2_dropout': 0.05423567177968483, 'L3_hidden_dim': 96, 'L3_layers_atom': 3, 'L3_layers_mol': 1, 'L3_out_dim': 128, 'L3_dropout': 0.06822172394209348, 'n_mlp_layers': 3, 'mlp_dim_0': 448, 'mlp_dim_1': 512, 'mlp_dim_2': 32, 'num_heads': 1, 'final_dropout': 0.02093495429553853, 'train_learning_rate': 0.006513456148356387, 'train_lr_reduce': 0.6}. Best is trial 1286 with value: 0.03935658559203148.
[I 2024-12-26 01:44:49,736] Trial 1473 finished with value: 0.10988038778305054 and parameters: {'L1_hidden_dim': 64, 'L1_layers_atom': 1, 'L1_layers_mol': 3, 'L1_dropout': 0.023999419553192597, 'L1_out_dim': 112, 'L2_hidden_dim': 208, 'L2_layers_atom': 1, 'L2_layers_mol': 4, 'L2_out_dim': 112, 'L2_dropout': 0.08986893993599082, 'L3_hidden_dim': 112, 'L3_layers_atom': 2, 'L3_layers_mol': 4, 'L3_out_dim': 96, 'L3_dropout': 0.07373489259326327, 'n_mlp_layers': 2, 'mlp_dim_0': 192, 'mlp_dim_1': 472, 'num_heads': 1, 'final_dropout': 0.2999711664373812, 'train_learning_rate': 0.0034206614903005373, 'train_lr_reduce': 0.6}. Best is trial 1286 with value: 0.03935658559203148.
[I 2024-12-26 01:45:28,207] Trial 1472 finished with value: 0.0935540720820427 and parameters: {'L1_hidden_dim': 96, 'L1_layers_atom': 3, 'L1_layers_mol': 3, 'L1_dropout': 0.20832474287645705, 'L1_out_dim': 64, 'L2_hidden_dim': 160, 'L2_layers_atom': 2, 'L2_layers_mol': 3, 'L2_out_dim': 96, 'L2_dropout': 0.05604161032117022, 'L3_hidden_dim': 128, 'L3_layers_atom': 3, 'L3_layers_mol': 1, 'L3_out_dim': 112, 'L3_dropout': 0.1877475812394096, 'n_mlp_layers': 1, 'mlp_dim_0': 56, 'num_heads': 1, 'final_dropout': 0.05887989588671903, 'train_learning_rate': 0.007339133666315751, 'train_lr_reduce': 0.6}. Best is trial 1286 with value: 0.03935658559203148.
[I 2024-12-26 01:46:30,137] Trial 1476 finished with value: 0.12392265349626541 and parameters: {'L1_hidden_dim': 80, 'L1_layers_atom': 1, 'L1_layers_mol': 4, 'L1_dropout': 0.2688194482927734, 'L1_out_dim': 80, 'L2_hidden_dim': 192, 'L2_layers_atom': 2, 'L2_layers_mol': 1, 'L2_out_dim': 96, 'L2_dropout': 0.003917668785734756, 'L3_hidden_dim': 80, 'L3_layers_atom': 2, 'L3_layers_mol': 2, 'L3_out_dim': 128, 'L3_dropout': 0.14169777586275598, 'n_mlp_layers': 2, 'mlp_dim_0': 352, 'mlp_dim_1': 472, 'num_heads': 1, 'final_dropout': 0.20878711091399552, 'train_learning_rate': 0.0087883376135835, 'train_lr_reduce': 0.6}. Best is trial 1286 with value: 0.03935658559203148.
[I 2024-12-26 01:46:45,608] Trial 1475 finished with value: 0.09297438710927963 and parameters: {'L1_hidden_dim': 80, 'L1_layers_atom': 3, 'L1_layers_mol': 3, 'L1_dropout': 0.20067959528199364, 'L1_out_dim': 80, 'L2_hidden_dim': 192, 'L2_layers_atom': 1, 'L2_layers_mol': 1, 'L2_out_dim': 128, 'L2_dropout': 0.1279598010258463, 'L3_hidden_dim': 80, 'L3_layers_atom': 2, 'L3_layers_mol': 2, 'L3_out_dim': 80, 'L3_dropout': 0.1369573029354948, 'n_mlp_layers': 2, 'mlp_dim_0': 456, 'mlp_dim_1': 512, 'num_heads': 2, 'final_dropout': 0.2879179000222337, 'train_learning_rate': 0.002658398444796408, 'train_lr_reduce': 0.6}. Best is trial 1286 with value: 0.03935658559203148.
[I 2024-12-26 01:47:18,597] Trial 1474 finished with value: 0.0916418805718422 and parameters: {'L1_hidden_dim': 96, 'L1_layers_atom': 2, 'L1_layers_mol': 2, 'L1_dropout': 0.23763687676140177, 'L1_out_dim': 48, 'L2_hidden_dim': 128, 'L2_layers_atom': 2, 'L2_layers_mol': 2, 'L2_out_dim': 96, 'L2_dropout': 0.05253346944626696, 'L3_hidden_dim': 128, 'L3_layers_atom': 4, 'L3_layers_mol': 2, 'L3_out_dim': 128, 'L3_dropout': 0.2255975086700415, 'n_mlp_layers': 2, 'mlp_dim_0': 112, 'mlp_dim_1': 512, 'num_heads': 1, 'final_dropout': 0.027954789185865456, 'train_learning_rate': 0.006174174192670605, 'train_lr_reduce': 0.6}. Best is trial 1286 with value: 0.03935658559203148.
[I 2024-12-26 01:47:58,200] Trial 1477 finished with value: 0.0747080147266388 and parameters: {'L1_hidden_dim': 80, 'L1_layers_atom': 3, 'L1_layers_mol': 2, 'L1_dropout': 0.2341861375076575, 'L1_out_dim': 64, 'L2_hidden_dim': 192, 'L2_layers_atom': 1, 'L2_layers_mol': 1, 'L2_out_dim': 96, 'L2_dropout': 0.03999283410396039, 'L3_hidden_dim': 112, 'L3_layers_atom': 4, 'L3_layers_mol': 1, 'L3_out_dim': 32, 'L3_dropout': 0.2888423129382772, 'n_mlp_layers': 2, 'mlp_dim_0': 72, 'mlp_dim_1': 512, 'num_heads': 2, 'final_dropout': 0.10761044161288937, 'train_learning_rate': 0.0007183850149225954, 'train_lr_reduce': 0.6}. Best is trial 1286 with value: 0.03935658559203148.
[I 2024-12-26 01:48:33,334] Trial 1478 finished with value: 0.08229781687259674 and parameters: {'L1_hidden_dim': 64, 'L1_layers_atom': 4, 'L1_layers_mol': 4, 'L1_dropout': 0.24610721648798897, 'L1_out_dim': 96, 'L2_hidden_dim': 240, 'L2_layers_atom': 1, 'L2_layers_mol': 2, 'L2_out_dim': 128, 'L2_dropout': 0.06413088670179122, 'L3_hidden_dim': 112, 'L3_layers_atom': 3, 'L3_layers_mol': 1, 'L3_out_dim': 64, 'L3_dropout': 0.19175895789443798, 'n_mlp_layers': 2, 'mlp_dim_0': 376, 'mlp_dim_1': 472, 'num_heads': 2, 'final_dropout': 0.0852857516094936, 'train_learning_rate': 0.0074530662415346225, 'train_lr_reduce': 0.6}. Best is trial 1286 with value: 0.03935658559203148.
[I 2024-12-26 01:48:41,022] Trial 1479 finished with value: 0.07512512803077698 and parameters: {'L1_hidden_dim': 112, 'L1_layers_atom': 3, 'L1_layers_mol': 2, 'L1_dropout': 0.27548558556432806, 'L1_out_dim': 80, 'L2_hidden_dim': 208, 'L2_layers_atom': 3, 'L2_layers_mol': 1, 'L2_out_dim': 128, 'L2_dropout': 0.0042457461512270915, 'L3_hidden_dim': 128, 'L3_layers_atom': 4, 'L3_layers_mol': 2, 'L3_out_dim': 32, 'L3_dropout': 0.2576251467023452, 'n_mlp_layers': 2, 'mlp_dim_0': 120, 'mlp_dim_1': 456, 'num_heads': 2, 'final_dropout': 0.11781917415861697, 'train_learning_rate': 0.0015716724988149885, 'train_lr_reduce': 0.6}. Best is trial 1286 with value: 0.03935658559203148.
[I 2024-12-26 01:49:10,775] Trial 1480 finished with value: 0.08308038115501404 and parameters: {'L1_hidden_dim': 96, 'L1_layers_atom': 1, 'L1_layers_mol': 3, 'L1_dropout': 0.26534714489071554, 'L1_out_dim': 80, 'L2_hidden_dim': 112, 'L2_layers_atom': 2, 'L2_layers_mol': 1, 'L2_out_dim': 96, 'L2_dropout': 0.038270351304550046, 'L3_hidden_dim': 112, 'L3_layers_atom': 2, 'L3_layers_mol': 1, 'L3_out_dim': 96, 'L3_dropout': 0.0834938363299927, 'n_mlp_layers': 2, 'mlp_dim_0': 64, 'mlp_dim_1': 456, 'num_heads': 1, 'final_dropout': 0.07487162242791597, 'train_learning_rate': 0.005111401566324123, 'train_lr_reduce': 0.6}. Best is trial 1286 with value: 0.03935658559203148.
[I 2024-12-26 01:49:51,847] Trial 1481 finished with value: 0.08777090162038803 and parameters: {'L1_hidden_dim': 64, 'L1_layers_atom': 1, 'L1_layers_mol': 4, 'L1_dropout': 0.2710138168479783, 'L1_out_dim': 128, 'L2_hidden_dim': 240, 'L2_layers_atom': 1, 'L2_layers_mol': 4, 'L2_out_dim': 112, 'L2_dropout': 1.4781503035021792e-05, 'L3_hidden_dim': 128, 'L3_layers_atom': 4, 'L3_layers_mol': 2, 'L3_out_dim': 64, 'L3_dropout': 0.27306683350966243, 'n_mlp_layers': 3, 'mlp_dim_0': 136, 'mlp_dim_1': 472, 'mlp_dim_2': 72, 'num_heads': 1, 'final_dropout': 0.0077845739755223325, 'train_learning_rate': 0.0034753765895100363, 'train_lr_reduce': 0.6}. Best is trial 1286 with value: 0.03935658559203148.
[I 2024-12-26 01:50:23,367] Trial 1482 finished with value: 0.12006781995296478 and parameters: {'L1_hidden_dim': 64, 'L1_layers_atom': 4, 'L1_layers_mol': 4, 'L1_dropout': 0.05645203891815642, 'L1_out_dim': 48, 'L2_hidden_dim': 224, 'L2_layers_atom': 3, 'L2_layers_mol': 3, 'L2_out_dim': 32, 'L2_dropout': 0.023495283242450052, 'L3_hidden_dim': 32, 'L3_layers_atom': 3, 'L3_layers_mol': 4, 'L3_out_dim': 64, 'L3_dropout': 0.03351318072812824, 'n_mlp_layers': 3, 'mlp_dim_0': 440, 'mlp_dim_1': 472, 'mlp_dim_2': 72, 'num_heads': 2, 'final_dropout': 0.1533367969220086, 'train_learning_rate': 0.002848247990489991, 'train_lr_reduce': 0.6}. Best is trial 1286 with value: 0.03935658559203148.
[I 2024-12-26 01:51:20,020] Trial 1483 finished with value: 0.06824208050966263 and parameters: {'L1_hidden_dim': 64, 'L1_layers_atom': 3, 'L1_layers_mol': 4, 'L1_dropout': 0.29090903851817573, 'L1_out_dim': 64, 'L2_hidden_dim': 224, 'L2_layers_atom': 1, 'L2_layers_mol': 1, 'L2_out_dim': 128, 'L2_dropout': 0.0011327820898089512, 'L3_hidden_dim': 80, 'L3_layers_atom': 3, 'L3_layers_mol': 1, 'L3_out_dim': 96, 'L3_dropout': 0.060302560237650474, 'n_mlp_layers': 2, 'mlp_dim_0': 504, 'mlp_dim_1': 464, 'num_heads': 2, 'final_dropout': 0.20228981633256954, 'train_learning_rate': 0.002923100619430326, 'train_lr_reduce': 0.6}. Best is trial 1286 with value: 0.03935658559203148.
[I 2024-12-26 01:52:03,204] Trial 1485 finished with value: 0.08570358902215958 and parameters: {'L1_hidden_dim': 80, 'L1_layers_atom': 2, 'L1_layers_mol': 2, 'L1_dropout': 0.263481684962948, 'L1_out_dim': 48, 'L2_hidden_dim': 160, 'L2_layers_atom': 4, 'L2_layers_mol': 1, 'L2_out_dim': 112, 'L2_dropout': 0.13523230369931996, 'L3_hidden_dim': 112, 'L3_layers_atom': 4, 'L3_layers_mol': 1, 'L3_out_dim': 128, 'L3_dropout': 0.2350937888134651, 'n_mlp_layers': 1, 'mlp_dim_0': 256, 'num_heads': 1, 'final_dropout': 0.11621959836872214, 'train_learning_rate': 0.003931050137271131, 'train_lr_reduce': 0.6}. Best is trial 1286 with value: 0.03935658559203148.
[I 2024-12-26 01:52:22,791] Trial 1487 finished with value: 1.160913348197937 and parameters: {'L1_hidden_dim': 64, 'L1_layers_atom': 4, 'L1_layers_mol': 1, 'L1_dropout': 0.29060561050760847, 'L1_out_dim': 128, 'L2_hidden_dim': 208, 'L2_layers_atom': 3, 'L2_layers_mol': 1, 'L2_out_dim': 96, 'L2_dropout': 0.02377677795863268, 'L3_hidden_dim': 112, 'L3_layers_atom': 3, 'L3_layers_mol': 2, 'L3_out_dim': 112, 'L3_dropout': 0.28171220260138286, 'n_mlp_layers': 3, 'mlp_dim_0': 104, 'mlp_dim_1': 472, 'mlp_dim_2': 392, 'num_heads': 1, 'final_dropout': 0.05150918824412404, 'train_learning_rate': 0.0004017741011402435, 'train_lr_reduce': 0.6}. Best is trial 1286 with value: 0.03935658559203148.
[I 2024-12-26 01:52:55,213] Trial 1486 finished with value: 0.07012943178415298 and parameters: {'L1_hidden_dim': 80, 'L1_layers_atom': 4, 'L1_layers_mol': 3, 'L1_dropout': 0.09467210735717674, 'L1_out_dim': 48, 'L2_hidden_dim': 160, 'L2_layers_atom': 2, 'L2_layers_mol': 4, 'L2_out_dim': 80, 'L2_dropout': 0.06904876829967765, 'L3_hidden_dim': 80, 'L3_layers_atom': 4, 'L3_layers_mol': 1, 'L3_out_dim': 64, 'L3_dropout': 0.25422717913552123, 'n_mlp_layers': 3, 'mlp_dim_0': 216, 'mlp_dim_1': 456, 'mlp_dim_2': 32, 'num_heads': 1, 'final_dropout': 0.022750303889747272, 'train_learning_rate': 0.0008446066277053945, 'train_lr_reduce': 0.6}. Best is trial 1286 with value: 0.03935658559203148.
[I 2024-12-26 01:53:39,265] Trial 1484 finished with value: 0.12503594160079956 and parameters: {'L1_hidden_dim': 96, 'L1_layers_atom': 2, 'L1_layers_mol': 2, 'L1_dropout': 0.21880051500710512, 'L1_out_dim': 48, 'L2_hidden_dim': 224, 'L2_layers_atom': 2, 'L2_layers_mol': 2, 'L2_out_dim': 96, 'L2_dropout': 0.06361989119203106, 'L3_hidden_dim': 128, 'L3_layers_atom': 4, 'L3_layers_mol': 1, 'L3_out_dim': 112, 'L3_dropout': 0.09767723334184754, 'n_mlp_layers': 3, 'mlp_dim_0': 144, 'mlp_dim_1': 512, 'mlp_dim_2': 72, 'num_heads': 1, 'final_dropout': 0.060660902890565804, 'train_learning_rate': 0.0062049656692844575, 'train_lr_reduce': 0.6}. Best is trial 1286 with value: 0.03935658559203148.
[I 2024-12-26 01:54:14,914] Trial 1489 finished with value: 0.07293913513422012 and parameters: {'L1_hidden_dim': 64, 'L1_layers_atom': 2, 'L1_layers_mol': 3, 'L1_dropout': 0.2837186787395642, 'L1_out_dim': 112, 'L2_hidden_dim': 176, 'L2_layers_atom': 1, 'L2_layers_mol': 2, 'L2_out_dim': 128, 'L2_dropout': 0.030661487540481654, 'L3_hidden_dim': 112, 'L3_layers_atom': 3, 'L3_layers_mol': 1, 'L3_out_dim': 112, 'L3_dropout': 0.18389432834814737, 'n_mlp_layers': 2, 'mlp_dim_0': 184, 'mlp_dim_1': 456, 'num_heads': 1, 'final_dropout': 0.09804411594524334, 'train_learning_rate': 0.003899744895058512, 'train_lr_reduce': 0.6}. Best is trial 1286 with value: 0.03935658559203148.
[I 2024-12-26 01:54:34,294] Trial 1491 finished with value: 1.119133710861206 and parameters: {'L1_hidden_dim': 64, 'L1_layers_atom': 3, 'L1_layers_mol': 4, 'L1_dropout': 0.1876472676227536, 'L1_out_dim': 48, 'L2_hidden_dim': 160, 'L2_layers_atom': 3, 'L2_layers_mol': 3, 'L2_out_dim': 48, 'L2_dropout': 0.006589833714447945, 'L3_hidden_dim': 96, 'L3_layers_atom': 4, 'L3_layers_mol': 1, 'L3_out_dim': 32, 'L3_dropout': 0.2733230623929554, 'n_mlp_layers': 2, 'mlp_dim_0': 144, 'mlp_dim_1': 472, 'num_heads': 1, 'final_dropout': 0.04066876047356217, 'train_learning_rate': 0.0007194743581714498, 'train_lr_reduce': 0.6}. Best is trial 1286 with value: 0.03935658559203148.
[I 2024-12-26 01:55:03,621] Trial 1490 finished with value: 0.08238951116800308 and parameters: {'L1_hidden_dim': 64, 'L1_layers_atom': 4, 'L1_layers_mol': 4, 'L1_dropout': 0.22656409372874087, 'L1_out_dim': 48, 'L2_hidden_dim': 208, 'L2_layers_atom': 3, 'L2_layers_mol': 1, 'L2_out_dim': 128, 'L2_dropout': 0.0003447295341654777, 'L3_hidden_dim': 112, 'L3_layers_atom': 3, 'L3_layers_mol': 1, 'L3_out_dim': 64, 'L3_dropout': 0.14906696444056772, 'n_mlp_layers': 1, 'mlp_dim_0': 216, 'num_heads': 2, 'final_dropout': 0.1241730756153151, 'train_learning_rate': 0.0015396644291185075, 'train_lr_reduce': 0.6}. Best is trial 1286 with value: 0.03935658559203148.
[I 2024-12-26 01:55:11,053] Trial 1488 finished with value: 0.09374278038740158 and parameters: {'L1_hidden_dim': 64, 'L1_layers_atom': 1, 'L1_layers_mol': 2, 'L1_dropout': 0.2698426854596458, 'L1_out_dim': 32, 'L2_hidden_dim': 176, 'L2_layers_atom': 2, 'L2_layers_mol': 3, 'L2_out_dim': 96, 'L2_dropout': 0.010354903232983343, 'L3_hidden_dim': 80, 'L3_layers_atom': 4, 'L3_layers_mol': 1, 'L3_out_dim': 128, 'L3_dropout': 0.14551495839883313, 'n_mlp_layers': 3, 'mlp_dim_0': 56, 'mlp_dim_1': 512, 'mlp_dim_2': 72, 'num_heads': 2, 'final_dropout': 0.0798245155440123, 'train_learning_rate': 0.005648313916299883, 'train_lr_reduce': 0.6}. Best is trial 1286 with value: 0.03935658559203148.
[I 2024-12-26 01:56:05,551] Trial 1492 finished with value: 0.1075645387172699 and parameters: {'L1_hidden_dim': 80, 'L1_layers_atom': 1, 'L1_layers_mol': 3, 'L1_dropout': 0.2616150423270614, 'L1_out_dim': 64, 'L2_hidden_dim': 144, 'L2_layers_atom': 2, 'L2_layers_mol': 2, 'L2_out_dim': 128, 'L2_dropout': 0.12858854262274289, 'L3_hidden_dim': 128, 'L3_layers_atom': 4, 'L3_layers_mol': 1, 'L3_out_dim': 96, 'L3_dropout': 0.19643530352949545, 'n_mlp_layers': 2, 'mlp_dim_0': 96, 'mlp_dim_1': 512, 'num_heads': 1, 'final_dropout': 0.12931443485742045, 'train_learning_rate': 0.004061066899286694, 'train_lr_reduce': 0.6}. Best is trial 1286 with value: 0.03935658559203148.
[I 2024-12-26 01:56:16,264] Trial 1494 finished with value: 0.07488618046045303 and parameters: {'L1_hidden_dim': 112, 'L1_layers_atom': 4, 'L1_layers_mol': 1, 'L1_dropout': 0.28756747002992866, 'L1_out_dim': 128, 'L2_hidden_dim': 224, 'L2_layers_atom': 3, 'L2_layers_mol': 1, 'L2_out_dim': 64, 'L2_dropout': 0.10055893423905193, 'L3_hidden_dim': 96, 'L3_layers_atom': 3, 'L3_layers_mol': 1, 'L3_out_dim': 128, 'L3_dropout': 0.29812949847017184, 'n_mlp_layers': 3, 'mlp_dim_0': 32, 'mlp_dim_1': 464, 'mlp_dim_2': 32, 'num_heads': 1, 'final_dropout': 0.011731038905496566, 'train_learning_rate': 0.0026638243301170764, 'train_lr_reduce': 0.6}. Best is trial 1286 with value: 0.03935658559203148.
[I 2024-12-26 01:56:41,060] Trial 1493 finished with value: 0.10557260364294052 and parameters: {'L1_hidden_dim': 64, 'L1_layers_atom': 1, 'L1_layers_mol': 2, 'L1_dropout': 0.2389136028337055, 'L1_out_dim': 80, 'L2_hidden_dim': 192, 'L2_layers_atom': 3, 'L2_layers_mol': 4, 'L2_out_dim': 112, 'L2_dropout': 0.09758978057538806, 'L3_hidden_dim': 112, 'L3_layers_atom': 3, 'L3_layers_mol': 1, 'L3_out_dim': 128, 'L3_dropout': 0.07575256279116305, 'n_mlp_layers': 3, 'mlp_dim_0': 384, 'mlp_dim_1': 464, 'mlp_dim_2': 72, 'num_heads': 1, 'final_dropout': 0.01098625730452868, 'train_learning_rate': 0.0006842997946640316, 'train_lr_reduce': 0.6}. Best is trial 1286 with value: 0.03935658559203148.
[I 2024-12-26 01:57:28,103] Trial 1496 finished with value: 0.07977627962827682 and parameters: {'L1_hidden_dim': 80, 'L1_layers_atom': 1, 'L1_layers_mol': 3, 'L1_dropout': 0.19975150028363992, 'L1_out_dim': 48, 'L2_hidden_dim': 160, 'L2_layers_atom': 1, 'L2_layers_mol': 2, 'L2_out_dim': 112, 'L2_dropout': 0.020896685314970312, 'L3_hidden_dim': 80, 'L3_layers_atom': 3, 'L3_layers_mol': 1, 'L3_out_dim': 112, 'L3_dropout': 0.09645138513252012, 'n_mlp_layers': 3, 'mlp_dim_0': 280, 'mlp_dim_1': 512, 'mlp_dim_2': 128, 'num_heads': 1, 'final_dropout': 0.12134311042061266, 'train_learning_rate': 0.00252014246804707, 'train_lr_reduce': 0.6}. Best is trial 1286 with value: 0.03935658559203148.
[I 2024-12-26 01:58:00,039] Trial 1497 finished with value: 0.0864628255367279 and parameters: {'L1_hidden_dim': 96, 'L1_layers_atom': 2, 'L1_layers_mol': 3, 'L1_dropout': 0.29580972770829617, 'L1_out_dim': 80, 'L2_hidden_dim': 144, 'L2_layers_atom': 1, 'L2_layers_mol': 2, 'L2_out_dim': 96, 'L2_dropout': 0.051222849783307, 'L3_hidden_dim': 128, 'L3_layers_atom': 4, 'L3_layers_mol': 2, 'L3_out_dim': 128, 'L3_dropout': 0.17075306029924725, 'n_mlp_layers': 2, 'mlp_dim_0': 32, 'mlp_dim_1': 448, 'num_heads': 1, 'final_dropout': 0.08447524398805481, 'train_learning_rate': 0.009755080817773395, 'train_lr_reduce': 0.6}. Best is trial 1286 with value: 0.03935658559203148.
[I 2024-12-26 01:58:13,372] Trial 1495 finished with value: 0.08965255320072174 and parameters: {'L1_hidden_dim': 96, 'L1_layers_atom': 4, 'L1_layers_mol': 2, 'L1_dropout': 0.21988842644734818, 'L1_out_dim': 80, 'L2_hidden_dim': 256, 'L2_layers_atom': 2, 'L2_layers_mol': 2, 'L2_out_dim': 128, 'L2_dropout': 0.06859473236632595, 'L3_hidden_dim': 80, 'L3_layers_atom': 2, 'L3_layers_mol': 1, 'L3_out_dim': 80, 'L3_dropout': 0.15156415265816225, 'n_mlp_layers': 2, 'mlp_dim_0': 360, 'mlp_dim_1': 464, 'num_heads': 2, 'final_dropout': 0.24222227871108606, 'train_learning_rate': 0.0026671249204877692, 'train_lr_reduce': 0.6}. Best is trial 1286 with value: 0.03935658559203148.
[I 2024-12-26 01:59:07,792] Trial 1498 finished with value: 0.13770760595798492 and parameters: {'L1_hidden_dim': 192, 'L1_layers_atom': 3, 'L1_layers_mol': 2, 'L1_dropout': 0.07662984144671463, 'L1_out_dim': 48, 'L2_hidden_dim': 64, 'L2_layers_atom': 3, 'L2_layers_mol': 3, 'L2_out_dim': 80, 'L2_dropout': 0.10568469923629675, 'L3_hidden_dim': 96, 'L3_layers_atom': 2, 'L3_layers_mol': 1, 'L3_out_dim': 128, 'L3_dropout': 0.13102618794161447, 'n_mlp_layers': 3, 'mlp_dim_0': 224, 'mlp_dim_1': 472, 'mlp_dim_2': 120, 'num_heads': 1, 'final_dropout': 0.19799750573939123, 'train_learning_rate': 0.00021244143869920327, 'train_lr_reduce': 0.6}. Best is trial 1286 with value: 0.03935658559203148.
[I 2024-12-26 01:59:10,316] Trial 1499 finished with value: 0.07989190518856049 and parameters: {'L1_hidden_dim': 128, 'L1_layers_atom': 3, 'L1_layers_mol': 3, 'L1_dropout': 0.2713286482420897, 'L1_out_dim': 96, 'L2_hidden_dim': 208, 'L2_layers_atom': 1, 'L2_layers_mol': 1, 'L2_out_dim': 128, 'L2_dropout': 0.005788466833087455, 'L3_hidden_dim': 80, 'L3_layers_atom': 3, 'L3_layers_mol': 1, 'L3_out_dim': 32, 'L3_dropout': 0.2952741937471318, 'n_mlp_layers': 3, 'mlp_dim_0': 40, 'mlp_dim_1': 456, 'mlp_dim_2': 32, 'num_heads': 2, 'final_dropout': 0.0825061557722003, 'train_learning_rate': 0.0028450099472337427, 'train_lr_reduce': 0.6}. Best is trial 1286 with value: 0.03935658559203148.
[I 2024-12-26 01:59:50,007] Trial 1500 finished with value: 0.08117040246725082 and parameters: {'L1_hidden_dim': 96, 'L1_layers_atom': 3, 'L1_layers_mol': 4, 'L1_dropout': 0.24563556811285422, 'L1_out_dim': 80, 'L2_hidden_dim': 240, 'L2_layers_atom': 1, 'L2_layers_mol': 1, 'L2_out_dim': 128, 'L2_dropout': 0.09764143360926182, 'L3_hidden_dim': 112, 'L3_layers_atom': 3, 'L3_layers_mol': 1, 'L3_out_dim': 80, 'L3_dropout': 0.07892496198834267, 'n_mlp_layers': 1, 'mlp_dim_0': 240, 'num_heads': 2, 'final_dropout': 0.21925546022212564, 'train_learning_rate': 0.0007871898481847675, 'train_lr_reduce': 0.6}. Best is trial 1286 with value: 0.03935658559203148.
[I 2024-12-26 02:00:17,138] Trial 1501 finished with value: 0.077210433781147 and parameters: {'L1_hidden_dim': 96, 'L1_layers_atom': 2, 'L1_layers_mol': 3, 'L1_dropout': 0.2957227213989661, 'L1_out_dim': 48, 'L2_hidden_dim': 160, 'L2_layers_atom': 2, 'L2_layers_mol': 2, 'L2_out_dim': 96, 'L2_dropout': 0.005827272674328527, 'L3_hidden_dim': 128, 'L3_layers_atom': 4, 'L3_layers_mol': 1, 'L3_out_dim': 128, 'L3_dropout': 0.07331746856235177, 'n_mlp_layers': 1, 'mlp_dim_0': 96, 'num_heads': 1, 'final_dropout': 0.0861526907434252, 'train_learning_rate': 0.005641498138629189, 'train_lr_reduce': 0.6}. Best is trial 1286 with value: 0.03935658559203148.
[I 2024-12-26 02:01:12,466] Trial 1503 finished with value: 0.06573488563299179 and parameters: {'L1_hidden_dim': 80, 'L1_layers_atom': 2, 'L1_layers_mol': 3, 'L1_dropout': 0.25763339385823375, 'L1_out_dim': 64, 'L2_hidden_dim': 128, 'L2_layers_atom': 3, 'L2_layers_mol': 2, 'L2_out_dim': 96, 'L2_dropout': 0.027613169044038186, 'L3_hidden_dim': 128, 'L3_layers_atom': 4, 'L3_layers_mol': 2, 'L3_out_dim': 128, 'L3_dropout': 0.19373631824960902, 'n_mlp_layers': 2, 'mlp_dim_0': 304, 'mlp_dim_1': 448, 'num_heads': 1, 'final_dropout': 0.07493296925457954, 'train_learning_rate': 0.0022774700352884095, 'train_lr_reduce': 0.6}. Best is trial 1286 with value: 0.03935658559203148.
