[I 2024-12-19 18:09:27,282] Trial 222 finished with value: 1.6719474792480469 and parameters: {'mlp_n_layers': 2, 'mlp_dim_00': 425, 'mlp_dim_01': 443, 'node_hidden_dim': 91, 'edge_hidden_dim': 64, 'depth': 2, 'rep_dropout': 0.10003295019254929, 'train_learning_rate': 0.0002596504734432189, 'train_lr_reduce': 0.6}. Best is trial 122 with value: 0.09548358619213104.
[I 2024-12-19 18:09:31,020] Trial 217 finished with value: 0.19448406994342804 and parameters: {'mlp_n_layers': 3, 'mlp_dim_00': 227, 'mlp_dim_01': 459, 'mlp_dim_02': 97, 'node_hidden_dim': 34, 'edge_hidden_dim': 48, 'depth': 1, 'rep_dropout': 0.12962160454253893, 'train_learning_rate': 0.0010358748105120813, 'train_lr_reduce': 0.6}. Best is trial 122 with value: 0.09548358619213104.
[I 2024-12-19 18:09:31,513] Trial 224 finished with value: 1.5718846321105957 and parameters: {'mlp_n_layers': 1, 'mlp_dim_00': 266, 'node_hidden_dim': 76, 'edge_hidden_dim': 58, 'depth': 3, 'rep_dropout': 0.011747400987097381, 'train_learning_rate': 0.0006897511693187422, 'train_lr_reduce': 0.6}. Best is trial 122 with value: 0.09548358619213104.
[I 2024-12-19 18:09:36,636] Trial 225 finished with value: 1.6825114488601685 and parameters: {'mlp_n_layers': 4, 'mlp_dim_00': 403, 'mlp_dim_01': 460, 'mlp_dim_02': 457, 'mlp_dim_03': 415, 'node_hidden_dim': 97, 'edge_hidden_dim': 74, 'depth': 1, 'rep_dropout': 0.14521824186663942, 'train_learning_rate': 0.00019572044491562998, 'train_lr_reduce': 0.6}. Best is trial 122 with value: 0.09548358619213104.
[I 2024-12-19 18:10:02,099] Trial 223 finished with value: 0.10330402106046677 and parameters: {'mlp_n_layers': 4, 'mlp_dim_00': 506, 'mlp_dim_01': 462, 'mlp_dim_02': 180, 'mlp_dim_03': 402, 'node_hidden_dim': 101, 'edge_hidden_dim': 42, 'depth': 1, 'rep_dropout': 0.10213365773528461, 'train_learning_rate': 0.000842078006812456, 'train_lr_reduce': 0.6}. Best is trial 122 with value: 0.09548358619213104.
[I 2024-12-19 18:10:03,810] Trial 226 finished with value: 0.11164858192205429 and parameters: {'mlp_n_layers': 4, 'mlp_dim_00': 90, 'mlp_dim_01': 469, 'mlp_dim_02': 73, 'mlp_dim_03': 444, 'node_hidden_dim': 42, 'edge_hidden_dim': 75, 'depth': 1, 'rep_dropout': 0.04115223665915573, 'train_learning_rate': 0.0023638888801769224, 'train_lr_reduce': 0.6}. Best is trial 122 with value: 0.09548358619213104.
[I 2024-12-19 18:10:15,462] Trial 227 finished with value: 0.12017672508955002 and parameters: {'mlp_n_layers': 4, 'mlp_dim_00': 282, 'mlp_dim_01': 457, 'mlp_dim_02': 163, 'mlp_dim_03': 365, 'node_hidden_dim': 79, 'edge_hidden_dim': 89, 'depth': 1, 'rep_dropout': 0.12855138800485727, 'train_learning_rate': 0.0004375454136888721, 'train_lr_reduce': 0.6}. Best is trial 122 with value: 0.09548358619213104.
[I 2024-12-19 18:10:20,168] Trial 230 finished with value: 1.676893711090088 and parameters: {'mlp_n_layers': 1, 'mlp_dim_00': 339, 'node_hidden_dim': 32, 'edge_hidden_dim': 99, 'depth': 2, 'rep_dropout': 0.09801858893278521, 'train_learning_rate': 0.00016379723544125113, 'train_lr_reduce': 0.6}. Best is trial 122 with value: 0.09548358619213104.
[I 2024-12-19 18:10:22,240] Trial 229 finished with value: 0.22967436909675598 and parameters: {'mlp_n_layers': 3, 'mlp_dim_00': 109, 'mlp_dim_01': 463, 'mlp_dim_02': 64, 'node_hidden_dim': 45, 'edge_hidden_dim': 68, 'depth': 1, 'rep_dropout': 0.05764345988037158, 'train_learning_rate': 0.004127642896188807, 'train_lr_reduce': 0.6}. Best is trial 122 with value: 0.09548358619213104.
[I 2024-12-19 18:10:34,405] Trial 232 finished with value: 1.2976266145706177 and parameters: {'mlp_n_layers': 4, 'mlp_dim_00': 171, 'mlp_dim_01': 459, 'mlp_dim_02': 122, 'mlp_dim_03': 393, 'node_hidden_dim': 56, 'edge_hidden_dim': 76, 'depth': 2, 'rep_dropout': 0.015846156054843172, 'train_learning_rate': 0.0011696042620027995, 'train_lr_reduce': 0.6}. Best is trial 122 with value: 0.09548358619213104.
[I 2024-12-19 18:10:41,135] Trial 228 finished with value: 0.11520001292228699 and parameters: {'mlp_n_layers': 3, 'mlp_dim_00': 403, 'mlp_dim_01': 399, 'mlp_dim_02': 202, 'node_hidden_dim': 85, 'edge_hidden_dim': 43, 'depth': 1, 'rep_dropout': 0.1435026039267162, 'train_learning_rate': 0.0010018164724340983, 'train_lr_reduce': 0.6}. Best is trial 122 with value: 0.09548358619213104.
[I 2024-12-19 18:11:01,348] Trial 231 finished with value: 0.15177011489868164 and parameters: {'mlp_n_layers': 4, 'mlp_dim_00': 464, 'mlp_dim_01': 461, 'mlp_dim_02': 156, 'mlp_dim_03': 394, 'node_hidden_dim': 78, 'edge_hidden_dim': 91, 'depth': 1, 'rep_dropout': 0.09886023900616489, 'train_learning_rate': 0.0004344695527829929, 'train_lr_reduce': 0.6}. Best is trial 122 with value: 0.09548358619213104.
[I 2024-12-19 18:11:02,061] Trial 234 finished with value: 0.12945391237735748 and parameters: {'mlp_n_layers': 4, 'mlp_dim_00': 109, 'mlp_dim_01': 410, 'mlp_dim_02': 229, 'mlp_dim_03': 409, 'node_hidden_dim': 51, 'edge_hidden_dim': 53, 'depth': 1, 'rep_dropout': 0.14589609726044794, 'train_learning_rate': 0.00147070468014817, 'train_lr_reduce': 0.6}. Best is trial 122 with value: 0.09548358619213104.
[I 2024-12-19 18:11:05,671] Trial 235 finished with value: 1.6739997863769531 and parameters: {'mlp_n_layers': 4, 'mlp_dim_00': 490, 'mlp_dim_01': 402, 'mlp_dim_02': 211, 'mlp_dim_03': 420, 'node_hidden_dim': 106, 'edge_hidden_dim': 38, 'depth': 1, 'rep_dropout': 0.12599337973603716, 'train_learning_rate': 0.0005709495916219669, 'train_lr_reduce': 0.6}. Best is trial 122 with value: 0.09548358619213104.
[I 2024-12-19 18:11:09,216] Trial 233 finished with value: 0.11312765628099442 and parameters: {'mlp_n_layers': 3, 'mlp_dim_00': 457, 'mlp_dim_01': 512, 'mlp_dim_02': 74, 'node_hidden_dim': 72, 'edge_hidden_dim': 53, 'depth': 1, 'rep_dropout': 0.11344863181506483, 'train_learning_rate': 0.0010247115224275363, 'train_lr_reduce': 0.6}. Best is trial 122 with value: 0.09548358619213104.
[I 2024-12-19 18:11:12,046] Trial 237 finished with value: 1.6763023138046265 and parameters: {'mlp_n_layers': 4, 'mlp_dim_00': 148, 'mlp_dim_01': 455, 'mlp_dim_02': 165, 'mlp_dim_03': 458, 'node_hidden_dim': 61, 'edge_hidden_dim': 52, 'depth': 4, 'rep_dropout': 0.007077684278346416, 'train_learning_rate': 0.00019909930824271076, 'train_lr_reduce': 0.6}. Best is trial 122 with value: 0.09548358619213104.
[I 2024-12-19 18:11:13,356] Trial 238 finished with value: 1.6134016513824463 and parameters: {'mlp_n_layers': 3, 'mlp_dim_00': 416, 'mlp_dim_01': 498, 'mlp_dim_02': 71, 'node_hidden_dim': 87, 'edge_hidden_dim': 52, 'depth': 1, 'rep_dropout': 0.0950088402419055, 'train_learning_rate': 0.0017263027689273626, 'train_lr_reduce': 0.6}. Best is trial 122 with value: 0.09548358619213104.
[I 2024-12-19 18:11:17,428] Trial 240 finished with value: 1.6565006971359253 and parameters: {'mlp_n_layers': 1, 'mlp_dim_00': 255, 'node_hidden_dim': 128, 'edge_hidden_dim': 68, 'depth': 1, 'rep_dropout': 0.11256430081433134, 'train_learning_rate': 0.00025301607121330983, 'train_lr_reduce': 0.6}. Best is trial 122 with value: 0.09548358619213104.
[I 2024-12-19 18:11:21,573] Trial 241 finished with value: 1.6016780138015747 and parameters: {'mlp_n_layers': 2, 'mlp_dim_00': 361, 'mlp_dim_01': 498, 'node_hidden_dim': 76, 'edge_hidden_dim': 37, 'depth': 1, 'rep_dropout': 0.1413252823277611, 'train_learning_rate': 0.000901499922021302, 'train_lr_reduce': 0.6}. Best is trial 122 with value: 0.09548358619213104.
[I 2024-12-19 18:11:27,959] Trial 236 finished with value: 0.167457714676857 and parameters: {'mlp_n_layers': 3, 'mlp_dim_00': 369, 'mlp_dim_01': 410, 'mlp_dim_02': 187, 'node_hidden_dim': 83, 'edge_hidden_dim': 54, 'depth': 1, 'rep_dropout': 0.12174424197408967, 'train_learning_rate': 0.0008352407722735881, 'train_lr_reduce': 0.6}. Best is trial 122 with value: 0.09548358619213104.
[I 2024-12-19 18:11:50,897] Trial 239 finished with value: 0.19881336390972137 and parameters: {'mlp_n_layers': 3, 'mlp_dim_00': 467, 'mlp_dim_01': 512, 'mlp_dim_02': 65, 'node_hidden_dim': 73, 'edge_hidden_dim': 79, 'depth': 1, 'rep_dropout': 0.07515981631215324, 'train_learning_rate': 0.0013765365518806692, 'train_lr_reduce': 0.6}. Best is trial 122 with value: 0.09548358619213104.
[I 2024-12-19 18:11:55,193] Trial 244 finished with value: 1.667866587638855 and parameters: {'mlp_n_layers': 1, 'mlp_dim_00': 357, 'node_hidden_dim': 67, 'edge_hidden_dim': 111, 'depth': 1, 'rep_dropout': 0.006496146180137136, 'train_learning_rate': 0.00013812470165069723, 'train_lr_reduce': 0.6}. Best is trial 122 with value: 0.09548358619213104.
[I 2024-12-19 18:11:58,025] Trial 242 finished with value: 0.2503376603126526 and parameters: {'mlp_n_layers': 4, 'mlp_dim_00': 147, 'mlp_dim_01': 462, 'mlp_dim_02': 124, 'mlp_dim_03': 367, 'node_hidden_dim': 45, 'edge_hidden_dim': 83, 'depth': 2, 'rep_dropout': 0.04163191242628993, 'train_learning_rate': 0.0028623204187974115, 'train_lr_reduce': 0.6}. Best is trial 122 with value: 0.09548358619213104.
[I 2024-12-19 18:12:00,745] Trial 245 finished with value: 1.6713711023330688 and parameters: {'mlp_n_layers': 3, 'mlp_dim_00': 468, 'mlp_dim_01': 406, 'mlp_dim_02': 259, 'node_hidden_dim': 97, 'edge_hidden_dim': 76, 'depth': 2, 'rep_dropout': 0.11559683292619265, 'train_learning_rate': 0.0007618762179270085, 'train_lr_reduce': 0.6}. Best is trial 122 with value: 0.09548358619213104.
[I 2024-12-19 18:12:08,694] Trial 243 finished with value: 0.1268271952867508 and parameters: {'mlp_n_layers': 3, 'mlp_dim_00': 502, 'mlp_dim_01': 510, 'mlp_dim_02': 68, 'node_hidden_dim': 118, 'edge_hidden_dim': 49, 'depth': 1, 'rep_dropout': 0.009220036283188082, 'train_learning_rate': 0.000990303515519283, 'train_lr_reduce': 0.6}. Best is trial 122 with value: 0.09548358619213104.
[I 2024-12-19 18:12:13,590] Trial 248 finished with value: 1.5724289417266846 and parameters: {'mlp_n_layers': 2, 'mlp_dim_00': 420, 'mlp_dim_01': 510, 'node_hidden_dim': 64, 'edge_hidden_dim': 54, 'depth': 1, 'rep_dropout': 0.10380561076225431, 'train_learning_rate': 0.0012464720737924984, 'train_lr_reduce': 0.6}. Best is trial 122 with value: 0.09548358619213104.
[I 2024-12-19 18:12:26,778] Trial 247 finished with value: 0.15754657983779907 and parameters: {'mlp_n_layers': 4, 'mlp_dim_00': 481, 'mlp_dim_01': 456, 'mlp_dim_02': 193, 'mlp_dim_03': 455, 'node_hidden_dim': 100, 'edge_hidden_dim': 64, 'depth': 1, 'rep_dropout': 0.1044275492160944, 'train_learning_rate': 0.0006799437731300538, 'train_lr_reduce': 0.6}. Best is trial 122 with value: 0.09548358619213104.
[I 2024-12-19 18:12:37,553] Trial 246 finished with value: 0.12789113819599152 and parameters: {'mlp_n_layers': 3, 'mlp_dim_00': 489, 'mlp_dim_01': 457, 'mlp_dim_02': 118, 'node_hidden_dim': 100, 'edge_hidden_dim': 57, 'depth': 1, 'rep_dropout': 0.10263473987193696, 'train_learning_rate': 0.0008652080589736837, 'train_lr_reduce': 0.6}. Best is trial 122 with value: 0.09548358619213104.
[I 2024-12-19 18:12:41,192] Trial 250 finished with value: 0.29508647322654724 and parameters: {'mlp_n_layers': 4, 'mlp_dim_00': 486, 'mlp_dim_01': 512, 'mlp_dim_02': 68, 'mlp_dim_03': 512, 'node_hidden_dim': 107, 'edge_hidden_dim': 38, 'depth': 1, 'rep_dropout': 0.09697469614865689, 'train_learning_rate': 0.0015875645357969256, 'train_lr_reduce': 0.6}. Best is trial 122 with value: 0.09548358619213104.
[I 2024-12-19 18:12:45,230] Trial 249 finished with value: 0.1455131620168686 and parameters: {'mlp_n_layers': 2, 'mlp_dim_00': 110, 'mlp_dim_01': 396, 'node_hidden_dim': 48, 'edge_hidden_dim': 58, 'depth': 1, 'rep_dropout': 0.045456707059455544, 'train_learning_rate': 0.0014081694069032731, 'train_lr_reduce': 0.6}. Best is trial 122 with value: 0.09548358619213104.
[I 2024-12-19 18:12:46,460] Trial 252 finished with value: 1.630676031112671 and parameters: {'mlp_n_layers': 4, 'mlp_dim_00': 105, 'mlp_dim_01': 390, 'mlp_dim_02': 148, 'mlp_dim_03': 447, 'node_hidden_dim': 119, 'edge_hidden_dim': 92, 'depth': 4, 'rep_dropout': 0.1236958891136726, 'train_learning_rate': 0.005118150819143144, 'train_lr_reduce': 0.6}. Best is trial 122 with value: 0.09548358619213104.
[I 2024-12-19 18:12:51,337] Trial 254 finished with value: 1.6708320379257202 and parameters: {'mlp_n_layers': 3, 'mlp_dim_00': 475, 'mlp_dim_01': 388, 'mlp_dim_02': 112, 'node_hidden_dim': 73, 'edge_hidden_dim': 42, 'depth': 1, 'rep_dropout': 0.0989629398363983, 'train_learning_rate': 0.0005481185085853634, 'train_lr_reduce': 0.6}. Best is trial 122 with value: 0.09548358619213104.
[I 2024-12-19 18:13:04,290] Trial 251 finished with value: 0.11675851792097092 and parameters: {'mlp_n_layers': 4, 'mlp_dim_00': 95, 'mlp_dim_01': 450, 'mlp_dim_02': 112, 'mlp_dim_03': 409, 'node_hidden_dim': 51, 'edge_hidden_dim': 66, 'depth': 1, 'rep_dropout': 0.06824892150300985, 'train_learning_rate': 0.0027289153527788423, 'train_lr_reduce': 0.6}. Best is trial 122 with value: 0.09548358619213104.
[I 2024-12-19 18:13:06,641] Trial 253 finished with value: 0.21672120690345764 and parameters: {'mlp_n_layers': 4, 'mlp_dim_00': 461, 'mlp_dim_01': 462, 'mlp_dim_02': 65, 'mlp_dim_03': 355, 'node_hidden_dim': 88, 'edge_hidden_dim': 71, 'depth': 1, 'rep_dropout': 0.108229990413932, 'train_learning_rate': 0.0012481411564277064, 'train_lr_reduce': 0.6}. Best is trial 122 with value: 0.09548358619213104.
[I 2024-12-19 18:13:10,284] Trial 257 finished with value: 1.5793101787567139 and parameters: {'mlp_n_layers': 2, 'mlp_dim_00': 469, 'mlp_dim_01': 512, 'node_hidden_dim': 96, 'edge_hidden_dim': 76, 'depth': 1, 'rep_dropout': 0.12200862970622182, 'train_learning_rate': 0.0007577785334982862, 'train_lr_reduce': 0.6}. Best is trial 122 with value: 0.09548358619213104.
[I 2024-12-19 18:13:10,811] Trial 255 finished with value: 0.3360586166381836 and parameters: {'mlp_n_layers': 4, 'mlp_dim_00': 104, 'mlp_dim_01': 456, 'mlp_dim_02': 228, 'mlp_dim_03': 411, 'node_hidden_dim': 53, 'edge_hidden_dim': 79, 'depth': 1, 'rep_dropout': 0.029424657726033695, 'train_learning_rate': 0.0016232953822248482, 'train_lr_reduce': 0.6}. Best is trial 122 with value: 0.09548358619213104.
[I 2024-12-19 18:13:15,046] Trial 259 finished with value: 1.6278870105743408 and parameters: {'mlp_n_layers': 3, 'mlp_dim_00': 488, 'mlp_dim_01': 460, 'mlp_dim_02': 512, 'node_hidden_dim': 83, 'edge_hidden_dim': 57, 'depth': 1, 'rep_dropout': 0.11103779019596106, 'train_learning_rate': 0.0010893863969912811, 'train_lr_reduce': 0.6}. Best is trial 122 with value: 0.09548358619213104.
[I 2024-12-19 18:13:15,806] Trial 258 finished with value: 1.6760964393615723 and parameters: {'mlp_n_layers': 3, 'mlp_dim_00': 241, 'mlp_dim_01': 428, 'mlp_dim_02': 65, 'node_hidden_dim': 42, 'edge_hidden_dim': 78, 'depth': 4, 'rep_dropout': 0.1063113945955099, 'train_learning_rate': 0.0002566717480110585, 'train_lr_reduce': 0.6}. Best is trial 122 with value: 0.09548358619213104.
[I 2024-12-19 18:13:19,930] Trial 260 finished with value: 1.6834678649902344 and parameters: {'mlp_n_layers': 4, 'mlp_dim_00': 366, 'mlp_dim_01': 377, 'mlp_dim_02': 124, 'mlp_dim_03': 467, 'node_hidden_dim': 74, 'edge_hidden_dim': 38, 'depth': 1, 'rep_dropout': 0.1484507417845692, 'train_learning_rate': 0.00040895148238314304, 'train_lr_reduce': 0.6}. Best is trial 122 with value: 0.09548358619213104.
[I 2024-12-19 18:13:19,984] Trial 261 finished with value: 1.6541850566864014 and parameters: {'mlp_n_layers': 4, 'mlp_dim_00': 447, 'mlp_dim_01': 467, 'mlp_dim_02': 111, 'mlp_dim_03': 467, 'node_hidden_dim': 78, 'edge_hidden_dim': 40, 'depth': 2, 'rep_dropout': 0.1497709804938763, 'train_learning_rate': 0.0011992369526072407, 'train_lr_reduce': 0.6}. Best is trial 122 with value: 0.09548358619213104.
[I 2024-12-19 18:13:24,526] Trial 262 finished with value: 1.5583930015563965 and parameters: {'mlp_n_layers': 2, 'mlp_dim_00': 451, 'mlp_dim_01': 508, 'node_hidden_dim': 121, 'edge_hidden_dim': 68, 'depth': 1, 'rep_dropout': 0.02132883623821207, 'train_learning_rate': 0.0009535119796240487, 'train_lr_reduce': 0.6}. Best is trial 122 with value: 0.09548358619213104.
[I 2024-12-19 18:13:29,683] Trial 264 finished with value: 1.6715867519378662 and parameters: {'mlp_n_layers': 3, 'mlp_dim_00': 370, 'mlp_dim_01': 511, 'mlp_dim_02': 69, 'node_hidden_dim': 91, 'edge_hidden_dim': 32, 'depth': 1, 'rep_dropout': 0.11966290844704099, 'train_learning_rate': 0.00045541235156088515, 'train_lr_reduce': 0.6}. Best is trial 122 with value: 0.09548358619213104.
[I 2024-12-19 18:13:41,914] Trial 256 finished with value: 0.11847866326570511 and parameters: {'mlp_n_layers': 3, 'mlp_dim_00': 431, 'mlp_dim_01': 217, 'mlp_dim_02': 175, 'node_hidden_dim': 61, 'edge_hidden_dim': 72, 'depth': 1, 'rep_dropout': 0.14110873276426816, 'train_learning_rate': 0.0005793894234133121, 'train_lr_reduce': 0.6}. Best is trial 122 with value: 0.09548358619213104.
[I 2024-12-19 18:13:46,164] Trial 265 finished with value: 0.36004966497421265 and parameters: {'mlp_n_layers': 4, 'mlp_dim_00': 433, 'mlp_dim_01': 368, 'mlp_dim_02': 113, 'mlp_dim_03': 506, 'node_hidden_dim': 92, 'edge_hidden_dim': 41, 'depth': 1, 'rep_dropout': 0.1032672834927172, 'train_learning_rate': 0.0009791498126491577, 'train_lr_reduce': 0.6}. Best is trial 122 with value: 0.09548358619213104.
[I 2024-12-19 18:13:56,429] Trial 267 finished with value: 1.61753249168396 and parameters: {'mlp_n_layers': 4, 'mlp_dim_00': 181, 'mlp_dim_01': 428, 'mlp_dim_02': 234, 'mlp_dim_03': 418, 'node_hidden_dim': 34, 'edge_hidden_dim': 53, 'depth': 4, 'rep_dropout': 0.04002763405226728, 'train_learning_rate': 0.006556033784160924, 'train_lr_reduce': 0.6}. Best is trial 122 with value: 0.09548358619213104.
[I 2024-12-19 18:13:59,922] Trial 263 finished with value: 0.10340386629104614 and parameters: {'mlp_n_layers': 4, 'mlp_dim_00': 409, 'mlp_dim_01': 416, 'mlp_dim_02': 174, 'mlp_dim_03': 403, 'node_hidden_dim': 117, 'edge_hidden_dim': 54, 'depth': 1, 'rep_dropout': 0.06966708723446641, 'train_learning_rate': 0.000729140683242296, 'train_lr_reduce': 0.6}. Best is trial 122 with value: 0.09548358619213104.
[I 2024-12-19 18:14:05,333] Trial 269 finished with value: 1.5815343856811523 and parameters: {'mlp_n_layers': 1, 'mlp_dim_00': 270, 'node_hidden_dim': 34, 'edge_hidden_dim': 34, 'depth': 4, 'rep_dropout': 0.12840839172322266, 'train_learning_rate': 0.004138787090904696, 'train_lr_reduce': 0.6}. Best is trial 122 with value: 0.09548358619213104.
[I 2024-12-19 18:14:23,169] Trial 266 finished with value: 0.14800778031349182 and parameters: {'mlp_n_layers': 4, 'mlp_dim_00': 472, 'mlp_dim_01': 454, 'mlp_dim_02': 420, 'mlp_dim_03': 346, 'node_hidden_dim': 105, 'edge_hidden_dim': 46, 'depth': 1, 'rep_dropout': 0.14587481113241238, 'train_learning_rate': 0.001605915450869134, 'train_lr_reduce': 0.6}. Best is trial 122 with value: 0.09548358619213104.
[I 2024-12-19 18:14:31,699] Trial 268 finished with value: 0.1028035506606102 and parameters: {'mlp_n_layers': 4, 'mlp_dim_00': 450, 'mlp_dim_01': 192, 'mlp_dim_02': 110, 'mlp_dim_03': 455, 'node_hidden_dim': 63, 'edge_hidden_dim': 51, 'depth': 1, 'rep_dropout': 0.11930361779304464, 'train_learning_rate': 0.0010577132395293625, 'train_lr_reduce': 0.6}. Best is trial 122 with value: 0.09548358619213104.
[I 2024-12-19 18:14:36,449] Trial 272 finished with value: 1.639546275138855 and parameters: {'mlp_n_layers': 4, 'mlp_dim_00': 285, 'mlp_dim_01': 197, 'mlp_dim_02': 136, 'mlp_dim_03': 409, 'node_hidden_dim': 59, 'edge_hidden_dim': 37, 'depth': 2, 'rep_dropout': 0.09610358024429588, 'train_learning_rate': 0.0020807601297235727, 'train_lr_reduce': 0.6}. Best is trial 122 with value: 0.09548358619213104.
[I 2024-12-19 18:14:45,752] Trial 270 finished with value: 0.14137104153633118 and parameters: {'mlp_n_layers': 3, 'mlp_dim_00': 447, 'mlp_dim_01': 428, 'mlp_dim_02': 181, 'node_hidden_dim': 68, 'edge_hidden_dim': 51, 'depth': 2, 'rep_dropout': 0.12449681477650759, 'train_learning_rate': 0.001239032481966949, 'train_lr_reduce': 0.6}. Best is trial 122 with value: 0.09548358619213104.
[I 2024-12-19 18:14:50,259] Trial 274 finished with value: 1.6243096590042114 and parameters: {'mlp_n_layers': 2, 'mlp_dim_00': 334, 'mlp_dim_01': 201, 'node_hidden_dim': 73, 'edge_hidden_dim': 91, 'depth': 1, 'rep_dropout': 0.07207446465393684, 'train_learning_rate': 0.0010403642760794195, 'train_lr_reduce': 0.6}. Best is trial 122 with value: 0.09548358619213104.
[I 2024-12-19 18:14:50,320] Trial 271 finished with value: 0.10971575230360031 and parameters: {'mlp_n_layers': 3, 'mlp_dim_00': 410, 'mlp_dim_01': 419, 'mlp_dim_02': 180, 'node_hidden_dim': 66, 'edge_hidden_dim': 58, 'depth': 1, 'rep_dropout': 0.1484353373896364, 'train_learning_rate': 0.0014759080996811602, 'train_lr_reduce': 0.6}. Best is trial 122 with value: 0.09548358619213104.
[I 2024-12-19 18:15:11,637] Trial 273 finished with value: 0.11415299773216248 and parameters: {'mlp_n_layers': 4, 'mlp_dim_00': 424, 'mlp_dim_01': 167, 'mlp_dim_02': 118, 'mlp_dim_03': 411, 'node_hidden_dim': 114, 'edge_hidden_dim': 50, 'depth': 1, 'rep_dropout': 0.06055612748317543, 'train_learning_rate': 0.0009299744057408272, 'train_lr_reduce': 0.6}. Best is trial 122 with value: 0.09548358619213104.
[I 2024-12-19 18:15:25,023] Trial 276 finished with value: 0.19849009811878204 and parameters: {'mlp_n_layers': 3, 'mlp_dim_00': 346, 'mlp_dim_01': 220, 'mlp_dim_02': 171, 'node_hidden_dim': 74, 'edge_hidden_dim': 59, 'depth': 2, 'rep_dropout': 0.14580350930984615, 'train_learning_rate': 0.003191962383042269, 'train_lr_reduce': 0.6}. Best is trial 122 with value: 0.09548358619213104.
[I 2024-12-19 18:15:27,530] Trial 275 finished with value: 0.1058686301112175 and parameters: {'mlp_n_layers': 4, 'mlp_dim_00': 474, 'mlp_dim_01': 160, 'mlp_dim_02': 169, 'mlp_dim_03': 449, 'node_hidden_dim': 56, 'edge_hidden_dim': 54, 'depth': 1, 'rep_dropout': 0.12696385227218515, 'train_learning_rate': 0.0005701782543252143, 'train_lr_reduce': 0.6}. Best is trial 122 with value: 0.09548358619213104.
