[I 2024-12-16 00:00:31,009] Trial 1394 finished with value: 0.1265355944633484 and parameters: {'mlp_n_layers': 2, 'mlp_dim_00': 32, 'mlp_dim_01': 256, 'hidden_channels': 32, 'num_layers': 3, 'num_timesteps': 4, 'dropout': 0.08052561086814486, 'train_learning_rate': 0.00387478801538786, 'train_lr_reduce': 0.6}. Best is trial 130 with value: 0.0812772810459137.
[I 2024-12-16 00:00:35,320] Trial 1395 finished with value: 0.12322857230901718 and parameters: {'mlp_n_layers': 3, 'mlp_dim_00': 64, 'mlp_dim_01': 144, 'mlp_dim_02': 256, 'hidden_channels': 64, 'num_layers': 2, 'num_timesteps': 3, 'dropout': 0.1431101343151361, 'train_learning_rate': 0.0010013642930817915, 'train_lr_reduce': 0.6}. Best is trial 130 with value: 0.0812772810459137.
[I 2024-12-16 00:00:36,728] Trial 1396 finished with value: 0.1105397418141365 and parameters: {'mlp_n_layers': 2, 'mlp_dim_00': 32, 'mlp_dim_01': 240, 'hidden_channels': 32, 'num_layers': 2, 'num_timesteps': 4, 'dropout': 0.1776032202662737, 'train_learning_rate': 0.002385235243419691, 'train_lr_reduce': 0.6}. Best is trial 130 with value: 0.0812772810459137.
[I 2024-12-16 00:00:41,022] Trial 1397 finished with value: 0.10137266665697098 and parameters: {'mlp_n_layers': 2, 'mlp_dim_00': 64, 'mlp_dim_01': 240, 'hidden_channels': 48, 'num_layers': 2, 'num_timesteps': 3, 'dropout': 0.15495699374966548, 'train_learning_rate': 0.009766904346542158, 'train_lr_reduce': 0.6}. Best is trial 130 with value: 0.0812772810459137.
[I 2024-12-16 00:00:46,381] Trial 1398 finished with value: 0.11649557948112488 and parameters: {'mlp_n_layers': 2, 'mlp_dim_00': 48, 'mlp_dim_01': 240, 'hidden_channels': 80, 'num_layers': 1, 'num_timesteps': 3, 'dropout': 0.07937248124431419, 'train_learning_rate': 0.002656093184175372, 'train_lr_reduce': 0.6}. Best is trial 130 with value: 0.0812772810459137.
[I 2024-12-16 00:00:51,027] Trial 1399 finished with value: 0.10212308913469315 and parameters: {'mlp_n_layers': 2, 'mlp_dim_00': 64, 'mlp_dim_01': 256, 'hidden_channels': 64, 'num_layers': 3, 'num_timesteps': 4, 'dropout': 0.019836081918408216, 'train_learning_rate': 0.00985999010445362, 'train_lr_reduce': 0.6}. Best is trial 130 with value: 0.0812772810459137.
[I 2024-12-16 00:00:51,815] Trial 1400 finished with value: 0.12054882943630219 and parameters: {'mlp_n_layers': 2, 'mlp_dim_00': 48, 'mlp_dim_01': 256, 'hidden_channels': 32, 'num_layers': 2, 'num_timesteps': 4, 'dropout': 0.14724350854317128, 'train_learning_rate': 0.006209630606396086, 'train_lr_reduce': 0.6}. Best is trial 130 with value: 0.0812772810459137.
[I 2024-12-16 00:00:59,698] Trial 1401 finished with value: 0.12004175782203674 and parameters: {'mlp_n_layers': 2, 'mlp_dim_00': 240, 'mlp_dim_01': 240, 'hidden_channels': 144, 'num_layers': 1, 'num_timesteps': 3, 'dropout': 0.1807815320104753, 'train_learning_rate': 0.00966511508513523, 'train_lr_reduce': 0.6}. Best is trial 130 with value: 0.0812772810459137.
[I 2024-12-16 00:01:07,130] Trial 1402 finished with value: 0.10832991451025009 and parameters: {'mlp_n_layers': 2, 'mlp_dim_00': 144, 'mlp_dim_01': 48, 'hidden_channels': 32, 'num_layers': 3, 'num_timesteps': 3, 'dropout': 0.17007020726180427, 'train_learning_rate': 0.006836616592223019, 'train_lr_reduce': 0.6}. Best is trial 130 with value: 0.0812772810459137.
[I 2024-12-16 00:01:14,495] Trial 1404 finished with value: 0.10898423939943314 and parameters: {'mlp_n_layers': 2, 'mlp_dim_00': 48, 'mlp_dim_01': 256, 'hidden_channels': 48, 'num_layers': 2, 'num_timesteps': 4, 'dropout': 0.07156074904983273, 'train_learning_rate': 0.005364962719091249, 'train_lr_reduce': 0.6}. Best is trial 130 with value: 0.0812772810459137.
[I 2024-12-16 00:01:18,409] Trial 1403 finished with value: 0.6812863349914551 and parameters: {'mlp_n_layers': 3, 'mlp_dim_00': 128, 'mlp_dim_01': 160, 'mlp_dim_02': 240, 'hidden_channels': 64, 'num_layers': 1, 'num_timesteps': 4, 'dropout': 0.266125485513051, 'train_learning_rate': 0.00012012342183447523, 'train_lr_reduce': 0.6}. Best is trial 130 with value: 0.0812772810459137.
[I 2024-12-16 00:01:28,381] Trial 1406 finished with value: 0.09895220398902893 and parameters: {'mlp_n_layers': 2, 'mlp_dim_00': 64, 'mlp_dim_01': 256, 'hidden_channels': 32, 'num_layers': 1, 'num_timesteps': 3, 'dropout': 0.1000922048273358, 'train_learning_rate': 0.009553464018492275, 'train_lr_reduce': 0.6}. Best is trial 130 with value: 0.0812772810459137.
[I 2024-12-16 00:01:34,331] Trial 1405 finished with value: 0.12862175703048706 and parameters: {'mlp_n_layers': 3, 'mlp_dim_00': 160, 'mlp_dim_01': 160, 'mlp_dim_02': 176, 'hidden_channels': 208, 'num_layers': 2, 'num_timesteps': 4, 'dropout': 0.26563252068946314, 'train_learning_rate': 0.00029705966657359224, 'train_lr_reduce': 0.6}. Best is trial 130 with value: 0.0812772810459137.
[I 2024-12-16 00:01:36,212] Trial 1407 finished with value: 0.1272827833890915 and parameters: {'mlp_n_layers': 2, 'mlp_dim_00': 256, 'mlp_dim_01': 144, 'hidden_channels': 192, 'num_layers': 3, 'num_timesteps': 1, 'dropout': 0.025302013848133798, 'train_learning_rate': 0.0007445133092215063, 'train_lr_reduce': 0.6}. Best is trial 130 with value: 0.0812772810459137.
[I 2024-12-16 00:01:40,927] Trial 1408 finished with value: 0.1002584919333458 and parameters: {'mlp_n_layers': 2, 'mlp_dim_00': 144, 'mlp_dim_01': 192, 'hidden_channels': 32, 'num_layers': 2, 'num_timesteps': 3, 'dropout': 0.1414499129293583, 'train_learning_rate': 0.006996973491699941, 'train_lr_reduce': 0.6}. Best is trial 130 with value: 0.0812772810459137.
[I 2024-12-16 00:01:54,408] Trial 1411 finished with value: 0.12983866035938263 and parameters: {'mlp_n_layers': 2, 'mlp_dim_00': 160, 'mlp_dim_01': 64, 'hidden_channels': 224, 'num_layers': 1, 'num_timesteps': 3, 'dropout': 0.13829642817888657, 'train_learning_rate': 0.0017455306981250362, 'train_lr_reduce': 0.6}. Best is trial 130 with value: 0.0812772810459137.
[I 2024-12-16 00:01:55,833] Trial 1409 finished with value: 0.102761410176754 and parameters: {'mlp_n_layers': 2, 'mlp_dim_00': 64, 'mlp_dim_01': 208, 'hidden_channels': 208, 'num_layers': 2, 'num_timesteps': 2, 'dropout': 0.040779379394520365, 'train_learning_rate': 0.007112031074817202, 'train_lr_reduce': 0.6}. Best is trial 130 with value: 0.0812772810459137.
[I 2024-12-16 00:01:57,695] Trial 1410 finished with value: 0.12022548913955688 and parameters: {'mlp_n_layers': 2, 'mlp_dim_00': 64, 'mlp_dim_01': 256, 'hidden_channels': 32, 'num_layers': 1, 'num_timesteps': 4, 'dropout': 0.17649540919812035, 'train_learning_rate': 0.0015559013882256642, 'train_lr_reduce': 0.6}. Best is trial 130 with value: 0.0812772810459137.
[I 2024-12-16 00:02:18,389] Trial 1412 finished with value: 0.14120778441429138 and parameters: {'mlp_n_layers': 4, 'mlp_dim_00': 112, 'mlp_dim_01': 208, 'mlp_dim_02': 192, 'mlp_dim_03': 32, 'hidden_channels': 176, 'num_layers': 1, 'num_timesteps': 1, 'dropout': 0.28490796123436085, 'train_learning_rate': 0.0005627443529915082, 'train_lr_reduce': 0.6}. Best is trial 130 with value: 0.0812772810459137.
[I 2024-12-16 00:02:22,365] Trial 1414 finished with value: 0.10161162912845612 and parameters: {'mlp_n_layers': 2, 'mlp_dim_00': 128, 'mlp_dim_01': 64, 'hidden_channels': 32, 'num_layers': 4, 'num_timesteps': 3, 'dropout': 0.25414832233496365, 'train_learning_rate': 0.0030400424652013286, 'train_lr_reduce': 0.6}. Best is trial 130 with value: 0.0812772810459137.
[I 2024-12-16 00:02:23,332] Trial 1413 finished with value: 0.1355835199356079 and parameters: {'mlp_n_layers': 4, 'mlp_dim_00': 112, 'mlp_dim_01': 144, 'mlp_dim_02': 192, 'mlp_dim_03': 64, 'hidden_channels': 256, 'num_layers': 4, 'num_timesteps': 1, 'dropout': 0.08887401536695477, 'train_learning_rate': 0.0015156969152186283, 'train_lr_reduce': 0.6}. Best is trial 130 with value: 0.0812772810459137.
[I 2024-12-16 00:02:33,145] Trial 1415 finished with value: 0.10576941072940826 and parameters: {'mlp_n_layers': 2, 'mlp_dim_00': 64, 'mlp_dim_01': 240, 'hidden_channels': 32, 'num_layers': 2, 'num_timesteps': 4, 'dropout': 0.12141667975596113, 'train_learning_rate': 0.008406118018633228, 'train_lr_reduce': 0.6}. Best is trial 130 with value: 0.0812772810459137.
[I 2024-12-16 00:02:37,638] Trial 1416 finished with value: 0.12307026237249374 and parameters: {'mlp_n_layers': 3, 'mlp_dim_00': 256, 'mlp_dim_01': 224, 'mlp_dim_02': 192, 'hidden_channels': 112, 'num_layers': 1, 'num_timesteps': 1, 'dropout': 0.14385502871544206, 'train_learning_rate': 0.0016961028172711387, 'train_lr_reduce': 0.6}. Best is trial 130 with value: 0.0812772810459137.
[I 2024-12-16 00:02:44,177] Trial 1417 finished with value: 0.13539095222949982 and parameters: {'mlp_n_layers': 4, 'mlp_dim_00': 160, 'mlp_dim_01': 112, 'mlp_dim_02': 80, 'mlp_dim_03': 80, 'hidden_channels': 144, 'num_layers': 4, 'num_timesteps': 1, 'dropout': 0.20699180715736912, 'train_learning_rate': 0.001939332058905133, 'train_lr_reduce': 0.6}. Best is trial 130 with value: 0.0812772810459137.
[I 2024-12-16 00:02:51,108] Trial 1419 finished with value: 0.11666925996541977 and parameters: {'mlp_n_layers': 2, 'mlp_dim_00': 96, 'mlp_dim_01': 176, 'hidden_channels': 96, 'num_layers': 2, 'num_timesteps': 4, 'dropout': 0.2154563503976949, 'train_learning_rate': 0.004956032961703874, 'train_lr_reduce': 0.6}. Best is trial 130 with value: 0.0812772810459137.
[I 2024-12-16 00:03:03,191] Trial 1420 finished with value: 0.13405674695968628 and parameters: {'mlp_n_layers': 2, 'mlp_dim_00': 128, 'mlp_dim_01': 224, 'hidden_channels': 208, 'num_layers': 2, 'num_timesteps': 3, 'dropout': 0.17387381832738, 'train_learning_rate': 0.009524631272344819, 'train_lr_reduce': 0.6}. Best is trial 130 with value: 0.0812772810459137.
[I 2024-12-16 00:03:03,895] Trial 1421 finished with value: 0.09683918207883835 and parameters: {'mlp_n_layers': 3, 'mlp_dim_00': 144, 'mlp_dim_01': 240, 'mlp_dim_02': 176, 'hidden_channels': 48, 'num_layers': 2, 'num_timesteps': 3, 'dropout': 0.096881205425187, 'train_learning_rate': 0.009836937266104288, 'train_lr_reduce': 0.6}. Best is trial 130 with value: 0.0812772810459137.
[I 2024-12-16 00:03:04,939] Trial 1418 finished with value: 0.13466262817382812 and parameters: {'mlp_n_layers': 4, 'mlp_dim_00': 112, 'mlp_dim_01': 208, 'mlp_dim_02': 224, 'mlp_dim_03': 256, 'hidden_channels': 160, 'num_layers': 4, 'num_timesteps': 4, 'dropout': 0.14821448165927661, 'train_learning_rate': 0.0019125792935667813, 'train_lr_reduce': 0.6}. Best is trial 130 with value: 0.0812772810459137.
[I 2024-12-16 00:03:15,131] Trial 1423 finished with value: 0.12354674935340881 and parameters: {'mlp_n_layers': 2, 'mlp_dim_00': 32, 'mlp_dim_01': 256, 'hidden_channels': 48, 'num_layers': 1, 'num_timesteps': 4, 'dropout': 0.08539215251761234, 'train_learning_rate': 0.0036584985257246743, 'train_lr_reduce': 0.6}. Best is trial 130 with value: 0.0812772810459137.
[I 2024-12-16 00:03:15,668] Trial 1422 finished with value: 0.14848592877388 and parameters: {'mlp_n_layers': 3, 'mlp_dim_00': 32, 'mlp_dim_01': 208, 'mlp_dim_02': 160, 'hidden_channels': 112, 'num_layers': 1, 'num_timesteps': 4, 'dropout': 0.044345694429809665, 'train_learning_rate': 0.007226507169332878, 'train_lr_reduce': 0.6}. Best is trial 130 with value: 0.0812772810459137.
[I 2024-12-16 00:03:17,574] Trial 1424 finished with value: 0.11998637020587921 and parameters: {'mlp_n_layers': 2, 'mlp_dim_00': 48, 'mlp_dim_01': 256, 'hidden_channels': 32, 'num_layers': 3, 'num_timesteps': 3, 'dropout': 0.11421433194071579, 'train_learning_rate': 0.00888167520006763, 'train_lr_reduce': 0.6}. Best is trial 130 with value: 0.0812772810459137.
[I 2024-12-16 00:03:26,976] Trial 1425 finished with value: 0.11262813955545425 and parameters: {'mlp_n_layers': 2, 'mlp_dim_00': 96, 'mlp_dim_01': 192, 'hidden_channels': 32, 'num_layers': 1, 'num_timesteps': 3, 'dropout': 0.14945083682570842, 'train_learning_rate': 0.005616886865105477, 'train_lr_reduce': 0.6}. Best is trial 130 with value: 0.0812772810459137.
[I 2024-12-16 00:03:30,300] Trial 1427 finished with value: 0.1300451159477234 and parameters: {'mlp_n_layers': 2, 'mlp_dim_00': 112, 'mlp_dim_01': 112, 'hidden_channels': 96, 'num_layers': 4, 'num_timesteps': 1, 'dropout': 0.03777193394599218, 'train_learning_rate': 0.005804618662620903, 'train_lr_reduce': 0.6}. Best is trial 130 with value: 0.0812772810459137.
[I 2024-12-16 00:03:32,171] Trial 1426 finished with value: 0.1233002319931984 and parameters: {'mlp_n_layers': 2, 'mlp_dim_00': 176, 'mlp_dim_01': 144, 'hidden_channels': 48, 'num_layers': 3, 'num_timesteps': 3, 'dropout': 0.16385486763346907, 'train_learning_rate': 0.002375344688808122, 'train_lr_reduce': 0.6}. Best is trial 130 with value: 0.0812772810459137.
[I 2024-12-16 00:03:38,394] Trial 1428 finished with value: 0.10555228590965271 and parameters: {'mlp_n_layers': 3, 'mlp_dim_00': 112, 'mlp_dim_01': 128, 'mlp_dim_02': 64, 'hidden_channels': 32, 'num_layers': 1, 'num_timesteps': 2, 'dropout': 0.20200000393224174, 'train_learning_rate': 0.004217508262957363, 'train_lr_reduce': 0.6}. Best is trial 130 with value: 0.0812772810459137.
[I 2024-12-16 00:03:44,112] Trial 1429 finished with value: 0.09862330555915833 and parameters: {'mlp_n_layers': 2, 'mlp_dim_00': 64, 'mlp_dim_01': 256, 'hidden_channels': 32, 'num_layers': 2, 'num_timesteps': 4, 'dropout': 0.19884404832796324, 'train_learning_rate': 0.004148006172597902, 'train_lr_reduce': 0.6}. Best is trial 130 with value: 0.0812772810459137.
[I 2024-12-16 00:03:44,270] Trial 1430 finished with value: 0.10599107295274734 and parameters: {'mlp_n_layers': 2, 'mlp_dim_00': 160, 'mlp_dim_01': 176, 'hidden_channels': 48, 'num_layers': 1, 'num_timesteps': 4, 'dropout': 0.03894152016071949, 'train_learning_rate': 0.007116514297401166, 'train_lr_reduce': 0.6}. Best is trial 130 with value: 0.0812772810459137.
[I 2024-12-16 00:03:54,568] Trial 1431 finished with value: 0.11841690540313721 and parameters: {'mlp_n_layers': 3, 'mlp_dim_00': 256, 'mlp_dim_01': 256, 'mlp_dim_02': 144, 'hidden_channels': 32, 'num_layers': 2, 'num_timesteps': 2, 'dropout': 0.16900942979019065, 'train_learning_rate': 0.007010446090350221, 'train_lr_reduce': 0.6}. Best is trial 130 with value: 0.0812772810459137.
[I 2024-12-16 00:03:55,320] Trial 1433 finished with value: 0.12214237451553345 and parameters: {'mlp_n_layers': 2, 'mlp_dim_00': 128, 'mlp_dim_01': 128, 'hidden_channels': 32, 'num_layers': 2, 'num_timesteps': 3, 'dropout': 0.2539168904590176, 'train_learning_rate': 0.0035011865080898374, 'train_lr_reduce': 0.6}. Best is trial 130 with value: 0.0812772810459137.
[I 2024-12-16 00:03:56,642] Trial 1432 finished with value: 0.12804456055164337 and parameters: {'mlp_n_layers': 2, 'mlp_dim_00': 128, 'mlp_dim_01': 240, 'hidden_channels': 96, 'num_layers': 1, 'num_timesteps': 4, 'dropout': 0.21665893566500616, 'train_learning_rate': 0.0029407358122523638, 'train_lr_reduce': 0.6}. Best is trial 130 with value: 0.0812772810459137.
[I 2024-12-16 00:04:09,220] Trial 1435 finished with value: 0.10575325042009354 and parameters: {'mlp_n_layers': 2, 'mlp_dim_00': 256, 'mlp_dim_01': 144, 'hidden_channels': 32, 'num_layers': 2, 'num_timesteps': 3, 'dropout': 0.14906088188886182, 'train_learning_rate': 0.008509640090626443, 'train_lr_reduce': 0.6}. Best is trial 130 with value: 0.0812772810459137.
[I 2024-12-16 00:04:11,421] Trial 1434 finished with value: 0.10801708698272705 and parameters: {'mlp_n_layers': 2, 'mlp_dim_00': 240, 'mlp_dim_01': 144, 'hidden_channels': 32, 'num_layers': 3, 'num_timesteps': 4, 'dropout': 0.21558375340382535, 'train_learning_rate': 0.00525945004368647, 'train_lr_reduce': 0.6}. Best is trial 130 with value: 0.0812772810459137.
[I 2024-12-16 00:04:22,304] Trial 1437 finished with value: 0.12474989891052246 and parameters: {'mlp_n_layers': 2, 'mlp_dim_00': 256, 'mlp_dim_01': 256, 'hidden_channels': 128, 'num_layers': 2, 'num_timesteps': 2, 'dropout': 0.2041447635925928, 'train_learning_rate': 0.0015663036820313546, 'train_lr_reduce': 0.6}. Best is trial 130 with value: 0.0812772810459137.
[I 2024-12-16 00:04:27,351] Trial 1436 finished with value: 0.14941228926181793 and parameters: {'mlp_n_layers': 2, 'mlp_dim_00': 64, 'mlp_dim_01': 208, 'hidden_channels': 208, 'num_layers': 4, 'num_timesteps': 3, 'dropout': 0.21484920532801982, 'train_learning_rate': 0.00026899111336973905, 'train_lr_reduce': 0.6}. Best is trial 130 with value: 0.0812772810459137.
[I 2024-12-16 00:04:32,599] Trial 1438 finished with value: 0.09150553494691849 and parameters: {'mlp_n_layers': 2, 'mlp_dim_00': 112, 'mlp_dim_01': 224, 'hidden_channels': 32, 'num_layers': 3, 'num_timesteps': 4, 'dropout': 0.17930138883040656, 'train_learning_rate': 0.004939301015351301, 'train_lr_reduce': 0.6}. Best is trial 130 with value: 0.0812772810459137.
[I 2024-12-16 00:04:35,669] Trial 1439 finished with value: 0.10299568623304367 and parameters: {'mlp_n_layers': 2, 'mlp_dim_00': 240, 'mlp_dim_01': 208, 'hidden_channels': 96, 'num_layers': 3, 'num_timesteps': 3, 'dropout': 0.1913872750304192, 'train_learning_rate': 0.004755912692804808, 'train_lr_reduce': 0.6}. Best is trial 130 with value: 0.0812772810459137.
[I 2024-12-16 00:04:43,779] Trial 1440 finished with value: 0.10571296513080597 and parameters: {'mlp_n_layers': 4, 'mlp_dim_00': 128, 'mlp_dim_01': 96, 'mlp_dim_02': 176, 'mlp_dim_03': 32, 'hidden_channels': 64, 'num_layers': 1, 'num_timesteps': 2, 'dropout': 0.2935237085888261, 'train_learning_rate': 0.003384656910324346, 'train_lr_reduce': 0.6}. Best is trial 130 with value: 0.0812772810459137.
[I 2024-12-16 00:04:44,666] Trial 1442 finished with value: 0.1172359511256218 and parameters: {'mlp_n_layers': 2, 'mlp_dim_00': 240, 'mlp_dim_01': 192, 'hidden_channels': 192, 'num_layers': 1, 'num_timesteps': 3, 'dropout': 0.14748291164198377, 'train_learning_rate': 0.005827787891304261, 'train_lr_reduce': 0.6}. Best is trial 130 with value: 0.0812772810459137.
[I 2024-12-16 00:04:46,924] Trial 1441 finished with value: 0.09595741331577301 and parameters: {'mlp_n_layers': 2, 'mlp_dim_00': 80, 'mlp_dim_01': 176, 'hidden_channels': 32, 'num_layers': 3, 'num_timesteps': 4, 'dropout': 0.09103146839521384, 'train_learning_rate': 0.008596654094369445, 'train_lr_reduce': 0.6}. Best is trial 130 with value: 0.0812772810459137.
[I 2024-12-16 00:04:57,486] Trial 1443 finished with value: 0.10984045267105103 and parameters: {'mlp_n_layers': 2, 'mlp_dim_00': 224, 'mlp_dim_01': 176, 'hidden_channels': 32, 'num_layers': 4, 'num_timesteps': 2, 'dropout': 0.19513826245395893, 'train_learning_rate': 0.005971184512591989, 'train_lr_reduce': 0.6}. Best is trial 130 with value: 0.0812772810459137.
[I 2024-12-16 00:04:59,171] Trial 1444 finished with value: 0.1020212471485138 and parameters: {'mlp_n_layers': 2, 'mlp_dim_00': 128, 'mlp_dim_01': 192, 'hidden_channels': 64, 'num_layers': 2, 'num_timesteps': 4, 'dropout': 0.19025027922073617, 'train_learning_rate': 0.004055367679256047, 'train_lr_reduce': 0.6}. Best is trial 130 with value: 0.0812772810459137.
[I 2024-12-16 00:05:11,546] Trial 1446 finished with value: 0.10729555040597916 and parameters: {'mlp_n_layers': 3, 'mlp_dim_00': 144, 'mlp_dim_01': 240, 'mlp_dim_02': 192, 'hidden_channels': 48, 'num_layers': 2, 'num_timesteps': 4, 'dropout': 0.20500999641723563, 'train_learning_rate': 0.0035394530979251746, 'train_lr_reduce': 0.6}. Best is trial 130 with value: 0.0812772810459137.
[I 2024-12-16 00:05:14,536] Trial 1447 finished with value: 0.10312184691429138 and parameters: {'mlp_n_layers': 2, 'mlp_dim_00': 192, 'mlp_dim_01': 192, 'hidden_channels': 32, 'num_layers': 3, 'num_timesteps': 3, 'dropout': 0.2149430337646585, 'train_learning_rate': 0.005805300398577902, 'train_lr_reduce': 0.6}. Best is trial 130 with value: 0.0812772810459137.
[I 2024-12-16 00:05:17,013] Trial 1445 finished with value: 0.17813768982887268 and parameters: {'mlp_n_layers': 2, 'mlp_dim_00': 176, 'mlp_dim_01': 128, 'hidden_channels': 144, 'num_layers': 4, 'num_timesteps': 4, 'dropout': 0.032608576983070583, 'train_learning_rate': 0.00012330427265484255, 'train_lr_reduce': 0.6}. Best is trial 130 with value: 0.0812772810459137.
[I 2024-12-16 00:05:25,965] Trial 1449 finished with value: 0.1416211575269699 and parameters: {'mlp_n_layers': 2, 'mlp_dim_00': 32, 'mlp_dim_01': 224, 'hidden_channels': 112, 'num_layers': 2, 'num_timesteps': 3, 'dropout': 0.12386455375273148, 'train_learning_rate': 0.0085365128632172, 'train_lr_reduce': 0.6}. Best is trial 130 with value: 0.0812772810459137.
[I 2024-12-16 00:05:26,317] Trial 1450 finished with value: 0.11089134961366653 and parameters: {'mlp_n_layers': 2, 'mlp_dim_00': 256, 'mlp_dim_01': 224, 'hidden_channels': 128, 'num_layers': 1, 'num_timesteps': 3, 'dropout': 0.23757480014249535, 'train_learning_rate': 0.002987252555341727, 'train_lr_reduce': 0.6}. Best is trial 130 with value: 0.0812772810459137.
[I 2024-12-16 00:05:27,435] Trial 1448 finished with value: 0.09587676078081131 and parameters: {'mlp_n_layers': 2, 'mlp_dim_00': 144, 'mlp_dim_01': 192, 'hidden_channels': 32, 'num_layers': 2, 'num_timesteps': 4, 'dropout': 0.1614030353700116, 'train_learning_rate': 0.004207374767491727, 'train_lr_reduce': 0.6}. Best is trial 130 with value: 0.0812772810459137.
[I 2024-12-16 00:05:41,041] Trial 1452 finished with value: 0.12203660607337952 and parameters: {'mlp_n_layers': 2, 'mlp_dim_00': 160, 'mlp_dim_01': 144, 'hidden_channels': 80, 'num_layers': 2, 'num_timesteps': 4, 'dropout': 0.15192240532678877, 'train_learning_rate': 0.0029064254823181956, 'train_lr_reduce': 0.6}. Best is trial 130 with value: 0.0812772810459137.
[I 2024-12-16 00:05:56,957] Trial 1451 finished with value: 0.26164984703063965 and parameters: {'mlp_n_layers': 2, 'mlp_dim_00': 96, 'mlp_dim_01': 224, 'hidden_channels': 48, 'num_layers': 1, 'num_timesteps': 4, 'dropout': 0.19310616493048843, 'train_learning_rate': 0.00019217293185728765, 'train_lr_reduce': 0.6}. Best is trial 130 with value: 0.0812772810459137.
