[I 2024-12-19 18:27:51,661] Trial 419 finished with value: 0.17636793851852417 and parameters: {'mlp_n_layers': 1, 'mlp_dim_00': 350, 'node_hidden_dim': 34, 'edge_hidden_dim': 39, 'depth': 1, 'rep_dropout': 0.017532552909327696, 'train_learning_rate': 0.002707652384987682, 'train_lr_reduce': 0.6}. Best is trial 158 with value: 0.11393879354000092.
[I 2024-12-19 18:28:15,603] Trial 418 finished with value: 0.2260781228542328 and parameters: {'mlp_n_layers': 2, 'mlp_dim_00': 375, 'mlp_dim_01': 131, 'node_hidden_dim': 60, 'edge_hidden_dim': 41, 'depth': 1, 'rep_dropout': 0.011861213680689667, 'train_learning_rate': 0.0017280754181601258, 'train_lr_reduce': 0.6}. Best is trial 158 with value: 0.11393879354000092.
[I 2024-12-19 18:28:20,398] Trial 421 finished with value: 0.6777125597000122 and parameters: {'mlp_n_layers': 2, 'mlp_dim_00': 262, 'mlp_dim_01': 460, 'node_hidden_dim': 119, 'edge_hidden_dim': 127, 'depth': 3, 'rep_dropout': 0.08887861959834935, 'train_learning_rate': 0.005948936466157542, 'train_lr_reduce': 0.6}. Best is trial 158 with value: 0.11393879354000092.
[I 2024-12-19 18:28:41,357] Trial 422 finished with value: 0.12763777375221252 and parameters: {'mlp_n_layers': 1, 'mlp_dim_00': 402, 'node_hidden_dim': 39, 'edge_hidden_dim': 80, 'depth': 1, 'rep_dropout': 0.04893612071414506, 'train_learning_rate': 0.0036596892884492582, 'train_lr_reduce': 0.6}. Best is trial 158 with value: 0.11393879354000092.
[I 2024-12-19 18:28:56,883] Trial 423 finished with value: 0.16125324368476868 and parameters: {'mlp_n_layers': 2, 'mlp_dim_00': 370, 'mlp_dim_01': 295, 'node_hidden_dim': 56, 'edge_hidden_dim': 45, 'depth': 1, 'rep_dropout': 0.0060456185482411105, 'train_learning_rate': 0.003912518443908969, 'train_lr_reduce': 0.6}. Best is trial 158 with value: 0.11393879354000092.
[I 2024-12-19 18:29:02,082] Trial 424 finished with value: 0.13069112598896027 and parameters: {'mlp_n_layers': 1, 'mlp_dim_00': 415, 'node_hidden_dim': 72, 'edge_hidden_dim': 91, 'depth': 1, 'rep_dropout': 0.051819076978342836, 'train_learning_rate': 0.003668260086065153, 'train_lr_reduce': 0.6}. Best is trial 158 with value: 0.11393879354000092.
[I 2024-12-19 18:29:03,704] Trial 426 finished with value: 1.142137050628662 and parameters: {'mlp_n_layers': 3, 'mlp_dim_00': 138, 'mlp_dim_01': 384, 'mlp_dim_02': 148, 'node_hidden_dim': 45, 'edge_hidden_dim': 45, 'depth': 1, 'rep_dropout': 0.05904652637651718, 'train_learning_rate': 0.00020675788737611347, 'train_lr_reduce': 0.6}. Best is trial 158 with value: 0.11393879354000092.
[I 2024-12-19 18:29:15,163] Trial 425 finished with value: 0.1762370765209198 and parameters: {'mlp_n_layers': 1, 'mlp_dim_00': 383, 'node_hidden_dim': 45, 'edge_hidden_dim': 85, 'depth': 1, 'rep_dropout': 0.061910724603242484, 'train_learning_rate': 0.003826271186794007, 'train_lr_reduce': 0.6}. Best is trial 158 with value: 0.11393879354000092.
[I 2024-12-19 18:29:20,908] Trial 429 finished with value: 1.1431849002838135 and parameters: {'mlp_n_layers': 2, 'mlp_dim_00': 375, 'mlp_dim_01': 512, 'node_hidden_dim': 35, 'edge_hidden_dim': 56, 'depth': 1, 'rep_dropout': 0.0034543790594290845, 'train_learning_rate': 0.002371101345682706, 'train_lr_reduce': 0.6}. Best is trial 158 with value: 0.11393879354000092.
[I 2024-12-19 18:29:21,670] Trial 427 finished with value: 0.1824672967195511 and parameters: {'mlp_n_layers': 1, 'mlp_dim_00': 417, 'node_hidden_dim': 41, 'edge_hidden_dim': 81, 'depth': 1, 'rep_dropout': 0.036020257338455826, 'train_learning_rate': 0.002472362129521988, 'train_lr_reduce': 0.6}. Best is trial 158 with value: 0.11393879354000092.
[I 2024-12-19 18:29:26,413] Trial 430 finished with value: 1.1420327425003052 and parameters: {'mlp_n_layers': 1, 'mlp_dim_00': 417, 'node_hidden_dim': 32, 'edge_hidden_dim': 69, 'depth': 1, 'rep_dropout': 0.04282127721998243, 'train_learning_rate': 0.001950869479279348, 'train_lr_reduce': 0.6}. Best is trial 158 with value: 0.11393879354000092.
[I 2024-12-19 18:29:32,937] Trial 428 finished with value: 0.147424578666687 and parameters: {'mlp_n_layers': 2, 'mlp_dim_00': 452, 'mlp_dim_01': 215, 'node_hidden_dim': 34, 'edge_hidden_dim': 71, 'depth': 1, 'rep_dropout': 0.05235862687867286, 'train_learning_rate': 0.0034877654270537924, 'train_lr_reduce': 0.6}. Best is trial 158 with value: 0.11393879354000092.
[I 2024-12-19 18:29:42,223] Trial 433 finished with value: 1.1470322608947754 and parameters: {'mlp_n_layers': 4, 'mlp_dim_00': 419, 'mlp_dim_01': 437, 'mlp_dim_02': 285, 'mlp_dim_03': 329, 'node_hidden_dim': 122, 'edge_hidden_dim': 104, 'depth': 3, 'rep_dropout': 0.01807244514213449, 'train_learning_rate': 0.009456153042075017, 'train_lr_reduce': 0.6}. Best is trial 158 with value: 0.11393879354000092.
[I 2024-12-19 18:30:07,423] Trial 432 finished with value: 0.4647998511791229 and parameters: {'mlp_n_layers': 4, 'mlp_dim_00': 250, 'mlp_dim_01': 340, 'mlp_dim_02': 377, 'mlp_dim_03': 252, 'node_hidden_dim': 89, 'edge_hidden_dim': 127, 'depth': 4, 'rep_dropout': 0.14392272989358765, 'train_learning_rate': 0.004224675970294849, 'train_lr_reduce': 0.6}. Best is trial 158 with value: 0.11393879354000092.
[I 2024-12-19 18:30:08,743] Trial 431 finished with value: 0.12713028490543365 and parameters: {'mlp_n_layers': 1, 'mlp_dim_00': 421, 'node_hidden_dim': 34, 'edge_hidden_dim': 91, 'depth': 1, 'rep_dropout': 0.0016550538686071765, 'train_learning_rate': 0.0017618512623816028, 'train_lr_reduce': 0.6}. Best is trial 158 with value: 0.11393879354000092.
[I 2024-12-19 18:30:13,546] Trial 436 finished with value: 1.14508056640625 and parameters: {'mlp_n_layers': 1, 'mlp_dim_00': 280, 'node_hidden_dim': 53, 'edge_hidden_dim': 57, 'depth': 2, 'rep_dropout': 0.041221070366758594, 'train_learning_rate': 0.0022262851636000954, 'train_lr_reduce': 0.6}. Best is trial 158 with value: 0.11393879354000092.
[I 2024-12-19 18:30:27,073] Trial 434 finished with value: 0.14968331158161163 and parameters: {'mlp_n_layers': 1, 'mlp_dim_00': 289, 'node_hidden_dim': 46, 'edge_hidden_dim': 44, 'depth': 1, 'rep_dropout': 0.051087086845226753, 'train_learning_rate': 0.004167040640424809, 'train_lr_reduce': 0.6}. Best is trial 158 with value: 0.11393879354000092.
[I 2024-12-19 18:30:32,031] Trial 438 finished with value: 1.142396330833435 and parameters: {'mlp_n_layers': 1, 'mlp_dim_00': 342, 'node_hidden_dim': 36, 'edge_hidden_dim': 89, 'depth': 1, 'rep_dropout': 0.009127284075978069, 'train_learning_rate': 0.0006686672575901346, 'train_lr_reduce': 0.6}. Best is trial 158 with value: 0.11393879354000092.
[I 2024-12-19 18:30:52,148] Trial 435 finished with value: 0.14662185311317444 and parameters: {'mlp_n_layers': 1, 'mlp_dim_00': 343, 'node_hidden_dim': 48, 'edge_hidden_dim': 75, 'depth': 1, 'rep_dropout': 0.0350169732489279, 'train_learning_rate': 0.0036591766891437313, 'train_lr_reduce': 0.6}. Best is trial 158 with value: 0.11393879354000092.
[I 2024-12-19 18:30:55,072] Trial 437 finished with value: 0.19822493195533752 and parameters: {'mlp_n_layers': 2, 'mlp_dim_00': 427, 'mlp_dim_01': 401, 'node_hidden_dim': 91, 'edge_hidden_dim': 40, 'depth': 1, 'rep_dropout': 0.026485564997426783, 'train_learning_rate': 0.0035631131502619736, 'train_lr_reduce': 0.6}. Best is trial 158 with value: 0.11393879354000092.
[I 2024-12-19 18:30:58,246] Trial 440 finished with value: 1.14415442943573 and parameters: {'mlp_n_layers': 1, 'mlp_dim_00': 334, 'node_hidden_dim': 56, 'edge_hidden_dim': 62, 'depth': 2, 'rep_dropout': 0.021242730794332, 'train_learning_rate': 0.002393848366160388, 'train_lr_reduce': 0.6}. Best is trial 158 with value: 0.11393879354000092.
[I 2024-12-19 18:31:00,201] Trial 441 finished with value: 1.1421685218811035 and parameters: {'mlp_n_layers': 2, 'mlp_dim_00': 408, 'mlp_dim_01': 330, 'node_hidden_dim': 95, 'edge_hidden_dim': 83, 'depth': 1, 'rep_dropout': 0.09891247170030865, 'train_learning_rate': 0.0001617073227093701, 'train_lr_reduce': 0.6}. Best is trial 158 with value: 0.11393879354000092.
[I 2024-12-19 18:31:06,082] Trial 443 finished with value: 1.145086646080017 and parameters: {'mlp_n_layers': 1, 'mlp_dim_00': 441, 'node_hidden_dim': 36, 'edge_hidden_dim': 87, 'depth': 1, 'rep_dropout': 0.008459586053133118, 'train_learning_rate': 0.0010017326273373674, 'train_lr_reduce': 0.6}. Best is trial 158 with value: 0.11393879354000092.
[I 2024-12-19 18:31:11,351] Trial 444 finished with value: 1.1457147598266602 and parameters: {'mlp_n_layers': 1, 'mlp_dim_00': 277, 'node_hidden_dim': 89, 'edge_hidden_dim': 40, 'depth': 3, 'rep_dropout': 0.1033452938230511, 'train_learning_rate': 0.005160714501264509, 'train_lr_reduce': 0.6}. Best is trial 158 with value: 0.11393879354000092.
[I 2024-12-19 18:31:17,199] Trial 439 finished with value: 0.17498742043972015 and parameters: {'mlp_n_layers': 1, 'mlp_dim_00': 408, 'node_hidden_dim': 49, 'edge_hidden_dim': 94, 'depth': 1, 'rep_dropout': 0.010181614412698495, 'train_learning_rate': 0.0011758858019417777, 'train_lr_reduce': 0.6}. Best is trial 158 with value: 0.11393879354000092.
[I 2024-12-19 18:31:22,610] Trial 446 finished with value: 1.1440569162368774 and parameters: {'mlp_n_layers': 1, 'mlp_dim_00': 337, 'node_hidden_dim': 55, 'edge_hidden_dim': 116, 'depth': 1, 'rep_dropout': 0.07789179418200633, 'train_learning_rate': 0.0002555060322767826, 'train_lr_reduce': 0.6}. Best is trial 158 with value: 0.11393879354000092.
[I 2024-12-19 18:31:28,489] Trial 447 finished with value: 1.142305850982666 and parameters: {'mlp_n_layers': 3, 'mlp_dim_00': 463, 'mlp_dim_01': 270, 'mlp_dim_02': 206, 'node_hidden_dim': 69, 'edge_hidden_dim': 35, 'depth': 1, 'rep_dropout': 0.044332047033488205, 'train_learning_rate': 0.002026951350871831, 'train_lr_reduce': 0.6}. Best is trial 158 with value: 0.11393879354000092.
[I 2024-12-19 18:31:33,719] Trial 448 finished with value: 1.142547845840454 and parameters: {'mlp_n_layers': 2, 'mlp_dim_00': 343, 'mlp_dim_01': 511, 'node_hidden_dim': 65, 'edge_hidden_dim': 55, 'depth': 2, 'rep_dropout': 0.0968441337860845, 'train_learning_rate': 0.004923489112052138, 'train_lr_reduce': 0.6}. Best is trial 158 with value: 0.11393879354000092.
[I 2024-12-19 18:31:40,856] Trial 442 finished with value: 0.13292425870895386 and parameters: {'mlp_n_layers': 1, 'mlp_dim_00': 450, 'node_hidden_dim': 48, 'edge_hidden_dim': 80, 'depth': 1, 'rep_dropout': 0.02799066126112219, 'train_learning_rate': 0.003975093383921213, 'train_lr_reduce': 0.6}. Best is trial 158 with value: 0.11393879354000092.
[I 2024-12-19 18:31:51,695] Trial 445 finished with value: 0.14159074425697327 and parameters: {'mlp_n_layers': 2, 'mlp_dim_00': 483, 'mlp_dim_01': 452, 'node_hidden_dim': 52, 'edge_hidden_dim': 50, 'depth': 1, 'rep_dropout': 0.038093311263655685, 'train_learning_rate': 0.009724026904121923, 'train_lr_reduce': 0.6}. Best is trial 158 with value: 0.11393879354000092.
[I 2024-12-19 18:32:14,766] Trial 449 finished with value: 0.17313818633556366 and parameters: {'mlp_n_layers': 1, 'mlp_dim_00': 319, 'node_hidden_dim': 43, 'edge_hidden_dim': 32, 'depth': 1, 'rep_dropout': 0.03801134558434584, 'train_learning_rate': 0.005719949928526484, 'train_lr_reduce': 0.6}. Best is trial 158 with value: 0.11393879354000092.
[I 2024-12-19 18:32:15,073] Trial 450 finished with value: 0.14733417332172394 and parameters: {'mlp_n_layers': 1, 'mlp_dim_00': 366, 'node_hidden_dim': 39, 'edge_hidden_dim': 102, 'depth': 1, 'rep_dropout': 0.05207557944269937, 'train_learning_rate': 0.0014555772582812302, 'train_lr_reduce': 0.6}. Best is trial 158 with value: 0.11393879354000092.
[I 2024-12-19 18:32:21,715] Trial 453 finished with value: 1.14304780960083 and parameters: {'mlp_n_layers': 1, 'mlp_dim_00': 456, 'node_hidden_dim': 59, 'edge_hidden_dim': 39, 'depth': 2, 'rep_dropout': 0.041867483614278014, 'train_learning_rate': 0.001981503433270945, 'train_lr_reduce': 0.6}. Best is trial 158 with value: 0.11393879354000092.
[I 2024-12-19 18:32:22,214] Trial 451 finished with value: 0.42240986227989197 and parameters: {'mlp_n_layers': 1, 'mlp_dim_00': 432, 'node_hidden_dim': 43, 'edge_hidden_dim': 99, 'depth': 2, 'rep_dropout': 0.06262897896605862, 'train_learning_rate': 0.0045452034756621774, 'train_lr_reduce': 0.6}. Best is trial 158 with value: 0.11393879354000092.
[I 2024-12-19 18:32:27,522] Trial 455 finished with value: 1.1420042514801025 and parameters: {'mlp_n_layers': 1, 'mlp_dim_00': 107, 'node_hidden_dim': 74, 'edge_hidden_dim': 103, 'depth': 4, 'rep_dropout': 0.09707397396468967, 'train_learning_rate': 0.005921736662319446, 'train_lr_reduce': 0.6}. Best is trial 158 with value: 0.11393879354000092.
[I 2024-12-19 18:32:59,099] Trial 452 finished with value: 0.18959437310695648 and parameters: {'mlp_n_layers': 1, 'mlp_dim_00': 460, 'node_hidden_dim': 56, 'edge_hidden_dim': 37, 'depth': 1, 'rep_dropout': 0.060572664467439225, 'train_learning_rate': 0.007845393109269065, 'train_lr_reduce': 0.6}. Best is trial 158 with value: 0.11393879354000092.
[I 2024-12-19 18:33:06,513] Trial 454 finished with value: 0.12544798851013184 and parameters: {'mlp_n_layers': 1, 'mlp_dim_00': 471, 'node_hidden_dim': 32, 'edge_hidden_dim': 35, 'depth': 1, 'rep_dropout': 0.0342103361309134, 'train_learning_rate': 0.0054206321187407445, 'train_lr_reduce': 0.6}. Best is trial 158 with value: 0.11393879354000092.
[I 2024-12-19 18:33:07,427] Trial 456 finished with value: 0.16289356350898743 and parameters: {'mlp_n_layers': 1, 'mlp_dim_00': 388, 'node_hidden_dim': 58, 'edge_hidden_dim': 38, 'depth': 1, 'rep_dropout': 0.0039562333957168655, 'train_learning_rate': 0.0018924756107141585, 'train_lr_reduce': 0.6}. Best is trial 158 with value: 0.11393879354000092.
[I 2024-12-19 18:33:12,293] Trial 458 finished with value: 1.1462651491165161 and parameters: {'mlp_n_layers': 1, 'mlp_dim_00': 425, 'node_hidden_dim': 42, 'edge_hidden_dim': 37, 'depth': 2, 'rep_dropout': 0.04832667191434692, 'train_learning_rate': 0.003139796827408449, 'train_lr_reduce': 0.6}. Best is trial 158 with value: 0.11393879354000092.
[I 2024-12-19 18:33:36,575] Trial 460 finished with value: 0.20890359580516815 and parameters: {'mlp_n_layers': 1, 'mlp_dim_00': 491, 'node_hidden_dim': 35, 'edge_hidden_dim': 32, 'depth': 1, 'rep_dropout': 0.04821492296936214, 'train_learning_rate': 0.003092330352669109, 'train_lr_reduce': 0.6}. Best is trial 158 with value: 0.11393879354000092.
[I 2024-12-19 18:33:43,249] Trial 457 finished with value: 0.1205548495054245 and parameters: {'mlp_n_layers': 1, 'mlp_dim_00': 309, 'node_hidden_dim': 33, 'edge_hidden_dim': 88, 'depth': 1, 'rep_dropout': 0.024225603609431164, 'train_learning_rate': 0.003012151437906241, 'train_lr_reduce': 0.6}. Best is trial 158 with value: 0.11393879354000092.
[I 2024-12-19 18:33:43,697] Trial 461 finished with value: 1.149731993675232 and parameters: {'mlp_n_layers': 2, 'mlp_dim_00': 429, 'mlp_dim_01': 73, 'node_hidden_dim': 72, 'edge_hidden_dim': 70, 'depth': 4, 'rep_dropout': 0.03903592817699375, 'train_learning_rate': 0.00825963082947473, 'train_lr_reduce': 0.6}. Best is trial 158 with value: 0.11393879354000092.
[I 2024-12-19 18:33:47,847] Trial 459 finished with value: 0.13832083344459534 and parameters: {'mlp_n_layers': 1, 'mlp_dim_00': 396, 'node_hidden_dim': 33, 'edge_hidden_dim': 81, 'depth': 1, 'rep_dropout': 0.05447080840598416, 'train_learning_rate': 0.003183380461180306, 'train_lr_reduce': 0.6}. Best is trial 158 with value: 0.11393879354000092.
[I 2024-12-19 18:34:22,720] Trial 464 finished with value: 0.15895217657089233 and parameters: {'mlp_n_layers': 1, 'mlp_dim_00': 416, 'node_hidden_dim': 41, 'edge_hidden_dim': 33, 'depth': 1, 'rep_dropout': 0.036224335750380254, 'train_learning_rate': 0.0052039869869509175, 'train_lr_reduce': 0.6}. Best is trial 158 with value: 0.11393879354000092.
[I 2024-12-19 18:34:26,475] Trial 462 finished with value: 0.13601739704608917 and parameters: {'mlp_n_layers': 1, 'mlp_dim_00': 365, 'node_hidden_dim': 37, 'edge_hidden_dim': 120, 'depth': 1, 'rep_dropout': 0.01287170892122757, 'train_learning_rate': 0.0018149543281033385, 'train_lr_reduce': 0.6}. Best is trial 158 with value: 0.11393879354000092.
[I 2024-12-19 18:34:27,033] Trial 463 finished with value: 0.1254497468471527 and parameters: {'mlp_n_layers': 1, 'mlp_dim_00': 472, 'node_hidden_dim': 32, 'edge_hidden_dim': 65, 'depth': 1, 'rep_dropout': 0.03494477262425946, 'train_learning_rate': 0.005499398246647421, 'train_lr_reduce': 0.6}. Best is trial 158 with value: 0.11393879354000092.
[I 2024-12-19 18:34:31,872] Trial 466 finished with value: 1.1449545621871948 and parameters: {'mlp_n_layers': 2, 'mlp_dim_00': 491, 'mlp_dim_01': 385, 'node_hidden_dim': 55, 'edge_hidden_dim': 48, 'depth': 1, 'rep_dropout': 0.040823429244150125, 'train_learning_rate': 0.0009406964802900429, 'train_lr_reduce': 0.6}. Best is trial 158 with value: 0.11393879354000092.
[I 2024-12-19 18:34:32,518] Trial 467 finished with value: 1.1424301862716675 and parameters: {'mlp_n_layers': 2, 'mlp_dim_00': 472, 'mlp_dim_01': 450, 'node_hidden_dim': 35, 'edge_hidden_dim': 76, 'depth': 2, 'rep_dropout': 0.00570259816969728, 'train_learning_rate': 0.003643201420035864, 'train_lr_reduce': 0.6}. Best is trial 158 with value: 0.11393879354000092.
[I 2024-12-19 18:35:03,742] Trial 465 finished with value: 0.1602083444595337 and parameters: {'mlp_n_layers': 1, 'mlp_dim_00': 298, 'node_hidden_dim': 37, 'edge_hidden_dim': 89, 'depth': 1, 'rep_dropout': 0.02179560735486192, 'train_learning_rate': 0.0038039780631548893, 'train_lr_reduce': 0.6}. Best is trial 158 with value: 0.11393879354000092.
[I 2024-12-19 18:35:16,869] Trial 468 finished with value: 0.18215152621269226 and parameters: {'mlp_n_layers': 1, 'mlp_dim_00': 428, 'node_hidden_dim': 52, 'edge_hidden_dim': 37, 'depth': 2, 'rep_dropout': 0.02441745878194149, 'train_learning_rate': 0.00829118264155558, 'train_lr_reduce': 0.6}. Best is trial 158 with value: 0.11393879354000092.
[I 2024-12-19 18:35:17,366] Trial 469 finished with value: 0.19985775649547577 and parameters: {'mlp_n_layers': 1, 'mlp_dim_00': 482, 'node_hidden_dim': 33, 'edge_hidden_dim': 59, 'depth': 1, 'rep_dropout': 0.004844172987064943, 'train_learning_rate': 0.005687668810090445, 'train_lr_reduce': 0.6}. Best is trial 158 with value: 0.11393879354000092.
[I 2024-12-19 18:35:41,547] Trial 472 finished with value: 0.29838818311691284 and parameters: {'mlp_n_layers': 1, 'mlp_dim_00': 412, 'node_hidden_dim': 35, 'edge_hidden_dim': 54, 'depth': 2, 'rep_dropout': 0.0503247853434605, 'train_learning_rate': 0.008897498186252272, 'train_lr_reduce': 0.6}. Best is trial 158 with value: 0.11393879354000092.
[I 2024-12-19 18:35:45,562] Trial 470 finished with value: 0.15677513182163239 and parameters: {'mlp_n_layers': 2, 'mlp_dim_00': 415, 'mlp_dim_01': 343, 'node_hidden_dim': 37, 'edge_hidden_dim': 108, 'depth': 1, 'rep_dropout': 0.024188788095377278, 'train_learning_rate': 0.001662122738866749, 'train_lr_reduce': 0.6}. Best is trial 158 with value: 0.11393879354000092.
[I 2024-12-19 18:35:48,703] Trial 473 finished with value: 1.1418033838272095 and parameters: {'mlp_n_layers': 3, 'mlp_dim_00': 380, 'mlp_dim_01': 417, 'mlp_dim_02': 68, 'node_hidden_dim': 48, 'edge_hidden_dim': 77, 'depth': 1, 'rep_dropout': 0.06040221754614501, 'train_learning_rate': 0.0001277673803026614, 'train_lr_reduce': 0.6}. Best is trial 158 with value: 0.11393879354000092.
[I 2024-12-19 18:36:01,635] Trial 471 finished with value: 0.170150026679039 and parameters: {'mlp_n_layers': 2, 'mlp_dim_00': 487, 'mlp_dim_01': 189, 'node_hidden_dim': 40, 'edge_hidden_dim': 54, 'depth': 1, 'rep_dropout': 0.032067859794066886, 'train_learning_rate': 0.002756855184551012, 'train_lr_reduce': 0.6}. Best is trial 158 with value: 0.11393879354000092.
[I 2024-12-19 18:36:27,800] Trial 474 finished with value: 0.13183672726154327 and parameters: {'mlp_n_layers': 1, 'mlp_dim_00': 373, 'node_hidden_dim': 37, 'edge_hidden_dim': 82, 'depth': 1, 'rep_dropout': 0.006337448479896138, 'train_learning_rate': 0.0019376774928327371, 'train_lr_reduce': 0.6}. Best is trial 158 with value: 0.11393879354000092.
[I 2024-12-19 18:36:32,826] Trial 475 finished with value: 0.24302701652050018 and parameters: {'mlp_n_layers': 1, 'mlp_dim_00': 426, 'node_hidden_dim': 43, 'edge_hidden_dim': 64, 'depth': 1, 'rep_dropout': 0.022072432793204557, 'train_learning_rate': 0.007134169400167048, 'train_lr_reduce': 0.6}. Best is trial 158 with value: 0.11393879354000092.
[I 2024-12-19 18:36:35,713] Trial 477 finished with value: 1.1422659158706665 and parameters: {'mlp_n_layers': 4, 'mlp_dim_00': 460, 'mlp_dim_01': 293, 'mlp_dim_02': 437, 'mlp_dim_03': 195, 'node_hidden_dim': 75, 'edge_hidden_dim': 105, 'depth': 4, 'rep_dropout': 0.01011052593150702, 'train_learning_rate': 0.00017862556482697988, 'train_lr_reduce': 0.6}. Best is trial 158 with value: 0.11393879354000092.
[I 2024-12-19 18:36:37,811] Trial 478 finished with value: 1.142181634902954 and parameters: {'mlp_n_layers': 1, 'mlp_dim_00': 116, 'node_hidden_dim': 37, 'edge_hidden_dim': 100, 'depth': 1, 'rep_dropout': 0.05482784746723007, 'train_learning_rate': 0.0018331865920698455, 'train_lr_reduce': 0.6}. Best is trial 158 with value: 0.11393879354000092.
[I 2024-12-19 18:36:43,168] Trial 480 finished with value: 1.1432775259017944 and parameters: {'mlp_n_layers': 1, 'mlp_dim_00': 500, 'node_hidden_dim': 39, 'edge_hidden_dim': 42, 'depth': 2, 'rep_dropout': 0.03542875142328343, 'train_learning_rate': 0.00829588055356779, 'train_lr_reduce': 0.6}. Best is trial 158 with value: 0.11393879354000092.
[I 2024-12-19 18:36:45,088] Trial 476 finished with value: 0.12649132311344147 and parameters: {'mlp_n_layers': 1, 'mlp_dim_00': 370, 'node_hidden_dim': 33, 'edge_hidden_dim': 83, 'depth': 1, 'rep_dropout': 0.005113782894133979, 'train_learning_rate': 0.0026968715559083263, 'train_lr_reduce': 0.6}. Best is trial 158 with value: 0.11393879354000092.
