Seed set to 42
Seed set to 42
[I 2024-12-25 12:03:16,139] A new study created in RDB with name: groupgat_Pc_groupgat
[I 2024-12-25 12:04:55,185] Trial 0 finished with value: 0.2326938509941101 and parameters: {'L1_hidden_dim': 128, 'L1_layers_atom': 1, 'L1_layers_mol': 2, 'L1_dropout': 0.14818662144411607, 'L1_out_dim': 48, 'L2_hidden_dim': 160, 'L2_layers_atom': 4, 'L2_layers_mol': 4, 'L2_out_dim': 96, 'L2_dropout': 0.1556013868337287, 'L3_hidden_dim': 32, 'L3_layers_atom': 4, 'L3_layers_mol': 2, 'L3_out_dim': 96, 'L3_dropout': 0.2284967944393168, 'n_mlp_layers': 2, 'mlp_dim_0': 112, 'mlp_dim_1': 424, 'num_heads': 1, 'final_dropout': 0.19518888774565482, 'train_learning_rate': 0.00015393560680936925, 'train_lr_reduce': 0.6}. Best is trial 0 with value: 0.2326938509941101.
[I 2024-12-25 12:04:57,034] Trial 1 finished with value: 0.1295640915632248 and parameters: {'L1_hidden_dim': 112, 'L1_layers_atom': 4, 'L1_layers_mol': 3, 'L1_dropout': 0.019991016513133397, 'L1_out_dim': 48, 'L2_hidden_dim': 144, 'L2_layers_atom': 3, 'L2_layers_mol': 2, 'L2_out_dim': 80, 'L2_dropout': 0.2861413448724862, 'L3_hidden_dim': 96, 'L3_layers_atom': 2, 'L3_layers_mol': 1, 'L3_out_dim': 96, 'L3_dropout': 0.14878878742540932, 'n_mlp_layers': 1, 'mlp_dim_0': 416, 'num_heads': 2, 'final_dropout': 0.14155599188170062, 'train_learning_rate': 0.0019807647716156953, 'train_lr_reduce': 0.6}. Best is trial 1 with value: 0.1295640915632248.
[I 2024-12-25 12:05:15,282] Trial 2 finished with value: 0.15475867688655853 and parameters: {'L1_hidden_dim': 192, 'L1_layers_atom': 3, 'L1_layers_mol': 2, 'L1_dropout': 0.26000954853306785, 'L1_out_dim': 64, 'L2_hidden_dim': 208, 'L2_layers_atom': 4, 'L2_layers_mol': 4, 'L2_out_dim': 80, 'L2_dropout': 0.1284131674739162, 'L3_hidden_dim': 32, 'L3_layers_atom': 3, 'L3_layers_mol': 3, 'L3_out_dim': 48, 'L3_dropout': 0.08466890372842245, 'n_mlp_layers': 2, 'mlp_dim_0': 368, 'mlp_dim_1': 200, 'num_heads': 1, 'final_dropout': 0.12856804486794135, 'train_learning_rate': 0.00026852070225518923, 'train_lr_reduce': 0.6}. Best is trial 1 with value: 0.1295640915632248.
[I 2024-12-25 12:06:28,262] Trial 4 finished with value: 0.08633371442556381 and parameters: {'L1_hidden_dim': 80, 'L1_layers_atom': 1, 'L1_layers_mol': 2, 'L1_dropout': 0.22398114826682677, 'L1_out_dim': 64, 'L2_hidden_dim': 112, 'L2_layers_atom': 3, 'L2_layers_mol': 2, 'L2_out_dim': 48, 'L2_dropout': 0.25216340958922057, 'L3_hidden_dim': 112, 'L3_layers_atom': 3, 'L3_layers_mol': 2, 'L3_out_dim': 80, 'L3_dropout': 0.2173773853473237, 'n_mlp_layers': 1, 'mlp_dim_0': 128, 'num_heads': 1, 'final_dropout': 0.009395006310437637, 'train_learning_rate': 0.0011011859580482939, 'train_lr_reduce': 0.6}. Best is trial 4 with value: 0.08633371442556381.
[I 2024-12-25 12:06:32,381] Trial 5 finished with value: 0.11315047740936279 and parameters: {'L1_hidden_dim': 208, 'L1_layers_atom': 3, 'L1_layers_mol': 2, 'L1_dropout': 0.04650005433970857, 'L1_out_dim': 96, 'L2_hidden_dim': 112, 'L2_layers_atom': 1, 'L2_layers_mol': 4, 'L2_out_dim': 32, 'L2_dropout': 0.2578213451010723, 'L3_hidden_dim': 64, 'L3_layers_atom': 1, 'L3_layers_mol': 3, 'L3_out_dim': 48, 'L3_dropout': 0.026378632987091286, 'n_mlp_layers': 2, 'mlp_dim_0': 96, 'mlp_dim_1': 360, 'num_heads': 2, 'final_dropout': 0.20910609371226543, 'train_learning_rate': 0.005750116740728586, 'train_lr_reduce': 0.6}. Best is trial 4 with value: 0.08633371442556381.
[I 2024-12-25 12:07:37,902] Trial 3 finished with value: 0.12740527093410492 and parameters: {'L1_hidden_dim': 240, 'L1_layers_atom': 3, 'L1_layers_mol': 3, 'L1_dropout': 0.11084666333249608, 'L1_out_dim': 112, 'L2_hidden_dim': 256, 'L2_layers_atom': 3, 'L2_layers_mol': 4, 'L2_out_dim': 48, 'L2_dropout': 0.26962464407790177, 'L3_hidden_dim': 32, 'L3_layers_atom': 2, 'L3_layers_mol': 2, 'L3_out_dim': 128, 'L3_dropout': 0.0825625428112905, 'n_mlp_layers': 1, 'mlp_dim_0': 112, 'num_heads': 1, 'final_dropout': 0.21189044299383705, 'train_learning_rate': 0.001870913188587989, 'train_lr_reduce': 0.6}. Best is trial 4 with value: 0.08633371442556381.
[I 2024-12-25 12:08:20,965] Trial 6 finished with value: 0.08933334797620773 and parameters: {'L1_hidden_dim': 224, 'L1_layers_atom': 3, 'L1_layers_mol': 1, 'L1_dropout': 0.08859215704020858, 'L1_out_dim': 48, 'L2_hidden_dim': 224, 'L2_layers_atom': 4, 'L2_layers_mol': 4, 'L2_out_dim': 32, 'L2_dropout': 0.1620223721380827, 'L3_hidden_dim': 96, 'L3_layers_atom': 2, 'L3_layers_mol': 1, 'L3_out_dim': 128, 'L3_dropout': 0.21344638928045054, 'n_mlp_layers': 3, 'mlp_dim_0': 80, 'mlp_dim_1': 456, 'mlp_dim_2': 256, 'num_heads': 2, 'final_dropout': 0.15840752119706433, 'train_learning_rate': 0.0008770294844179848, 'train_lr_reduce': 0.6}. Best is trial 4 with value: 0.08633371442556381.
[I 2024-12-25 12:08:26,248] Trial 7 finished with value: 0.15430226922035217 and parameters: {'L1_hidden_dim': 112, 'L1_layers_atom': 2, 'L1_layers_mol': 4, 'L1_dropout': 0.07464994229471995, 'L1_out_dim': 80, 'L2_hidden_dim': 144, 'L2_layers_atom': 4, 'L2_layers_mol': 3, 'L2_out_dim': 32, 'L2_dropout': 0.12135287592483876, 'L3_hidden_dim': 32, 'L3_layers_atom': 3, 'L3_layers_mol': 3, 'L3_out_dim': 48, 'L3_dropout': 0.22763674536934558, 'n_mlp_layers': 2, 'mlp_dim_0': 456, 'mlp_dim_1': 216, 'num_heads': 1, 'final_dropout': 0.14410034640201907, 'train_learning_rate': 0.0002957009301950074, 'train_lr_reduce': 0.6}. Best is trial 4 with value: 0.08633371442556381.
[I 2024-12-25 12:08:43,590] Trial 8 finished with value: 0.10573995858430862 and parameters: {'L1_hidden_dim': 144, 'L1_layers_atom': 1, 'L1_layers_mol': 2, 'L1_dropout': 0.017076377887630678, 'L1_out_dim': 96, 'L2_hidden_dim': 176, 'L2_layers_atom': 3, 'L2_layers_mol': 3, 'L2_out_dim': 96, 'L2_dropout': 0.29099483516133573, 'L3_hidden_dim': 96, 'L3_layers_atom': 2, 'L3_layers_mol': 1, 'L3_out_dim': 48, 'L3_dropout': 0.18620801915489407, 'n_mlp_layers': 3, 'mlp_dim_0': 328, 'mlp_dim_1': 232, 'mlp_dim_2': 104, 'num_heads': 1, 'final_dropout': 0.16419812536116593, 'train_learning_rate': 0.0010590293437893344, 'train_lr_reduce': 0.6}. Best is trial 4 with value: 0.08633371442556381.
[I 2024-12-25 12:10:01,433] Trial 10 finished with value: 0.12459540367126465 and parameters: {'L1_hidden_dim': 224, 'L1_layers_atom': 4, 'L1_layers_mol': 3, 'L1_dropout': 0.024811180257808384, 'L1_out_dim': 112, 'L2_hidden_dim': 144, 'L2_layers_atom': 1, 'L2_layers_mol': 2, 'L2_out_dim': 32, 'L2_dropout': 0.21137481527174026, 'L3_hidden_dim': 96, 'L3_layers_atom': 4, 'L3_layers_mol': 3, 'L3_out_dim': 128, 'L3_dropout': 0.1366334730521123, 'n_mlp_layers': 1, 'mlp_dim_0': 48, 'num_heads': 1, 'final_dropout': 0.11971045151313738, 'train_learning_rate': 0.0002079349880094153, 'train_lr_reduce': 0.6}. Best is trial 4 with value: 0.08633371442556381.
[I 2024-12-25 12:10:04,428] Trial 11 finished with value: 0.08969272673130035 and parameters: {'L1_hidden_dim': 112, 'L1_layers_atom': 3, 'L1_layers_mol': 1, 'L1_dropout': 0.0321679255058423, 'L1_out_dim': 128, 'L2_hidden_dim': 128, 'L2_layers_atom': 4, 'L2_layers_mol': 1, 'L2_out_dim': 128, 'L2_dropout': 0.21113053328088668, 'L3_hidden_dim': 96, 'L3_layers_atom': 1, 'L3_layers_mol': 1, 'L3_out_dim': 64, 'L3_dropout': 0.14399354804813377, 'n_mlp_layers': 3, 'mlp_dim_0': 40, 'mlp_dim_1': 256, 'mlp_dim_2': 216, 'num_heads': 2, 'final_dropout': 0.2755509921801019, 'train_learning_rate': 0.0003642845000789541, 'train_lr_reduce': 0.6}. Best is trial 4 with value: 0.08633371442556381.
[I 2024-12-25 12:10:08,457] Trial 9 finished with value: 0.07121339440345764 and parameters: {'L1_hidden_dim': 112, 'L1_layers_atom': 1, 'L1_layers_mol': 2, 'L1_dropout': 0.14314380149755382, 'L1_out_dim': 32, 'L2_hidden_dim': 192, 'L2_layers_atom': 1, 'L2_layers_mol': 2, 'L2_out_dim': 128, 'L2_dropout': 0.013680453048477658, 'L3_hidden_dim': 112, 'L3_layers_atom': 3, 'L3_layers_mol': 2, 'L3_out_dim': 80, 'L3_dropout': 0.1206561321098931, 'n_mlp_layers': 2, 'mlp_dim_0': 440, 'mlp_dim_1': 360, 'num_heads': 1, 'final_dropout': 0.14148113630182965, 'train_learning_rate': 0.00016932206696833777, 'train_lr_reduce': 0.6}. Best is trial 9 with value: 0.07121339440345764.
[I 2024-12-25 12:10:53,353] Trial 13 finished with value: 0.12369413673877716 and parameters: {'L1_hidden_dim': 160, 'L1_layers_atom': 3, 'L1_layers_mol': 1, 'L1_dropout': 0.055655336168500255, 'L1_out_dim': 32, 'L2_hidden_dim': 256, 'L2_layers_atom': 3, 'L2_layers_mol': 3, 'L2_out_dim': 48, 'L2_dropout': 0.19516899136254115, 'L3_hidden_dim': 64, 'L3_layers_atom': 2, 'L3_layers_mol': 1, 'L3_out_dim': 112, 'L3_dropout': 0.21790209705865282, 'n_mlp_layers': 3, 'mlp_dim_0': 96, 'mlp_dim_1': 496, 'mlp_dim_2': 488, 'num_heads': 2, 'final_dropout': 0.18561359926383367, 'train_learning_rate': 0.0017757000068842866, 'train_lr_reduce': 0.6}. Best is trial 9 with value: 0.07121339440345764.
[I 2024-12-25 12:11:17,125] Trial 12 finished with value: 0.0699688121676445 and parameters: {'L1_hidden_dim': 80, 'L1_layers_atom': 2, 'L1_layers_mol': 3, 'L1_dropout': 0.21581112056873822, 'L1_out_dim': 48, 'L2_hidden_dim': 112, 'L2_layers_atom': 3, 'L2_layers_mol': 2, 'L2_out_dim': 48, 'L2_dropout': 0.2510317261894294, 'L3_hidden_dim': 128, 'L3_layers_atom': 2, 'L3_layers_mol': 3, 'L3_out_dim': 112, 'L3_dropout': 0.25056313288682225, 'n_mlp_layers': 2, 'mlp_dim_0': 56, 'mlp_dim_1': 80, 'num_heads': 1, 'final_dropout': 0.0001461332007747368, 'train_learning_rate': 0.006080733887812205, 'train_lr_reduce': 0.6}. Best is trial 12 with value: 0.0699688121676445.
[I 2024-12-25 12:11:43,210] Trial 14 finished with value: 0.0801241397857666 and parameters: {'L1_hidden_dim': 128, 'L1_layers_atom': 1, 'L1_layers_mol': 2, 'L1_dropout': 0.07959045630312726, 'L1_out_dim': 32, 'L2_hidden_dim': 176, 'L2_layers_atom': 1, 'L2_layers_mol': 2, 'L2_out_dim': 128, 'L2_dropout': 0.09208212774702802, 'L3_hidden_dim': 96, 'L3_layers_atom': 3, 'L3_layers_mol': 2, 'L3_out_dim': 64, 'L3_dropout': 0.17418448651617396, 'n_mlp_layers': 2, 'mlp_dim_0': 248, 'mlp_dim_1': 32, 'num_heads': 1, 'final_dropout': 0.19250616911480595, 'train_learning_rate': 0.000171489449724136, 'train_lr_reduce': 0.6}. Best is trial 12 with value: 0.0699688121676445.
[I 2024-12-25 12:12:12,634] Trial 15 finished with value: 0.47602638602256775 and parameters: {'L1_hidden_dim': 80, 'L1_layers_atom': 1, 'L1_layers_mol': 1, 'L1_dropout': 0.2185270638620044, 'L1_out_dim': 80, 'L2_hidden_dim': 112, 'L2_layers_atom': 3, 'L2_layers_mol': 3, 'L2_out_dim': 64, 'L2_dropout': 0.2404330306186631, 'L3_hidden_dim': 80, 'L3_layers_atom': 3, 'L3_layers_mol': 2, 'L3_out_dim': 80, 'L3_dropout': 0.2869125030219225, 'n_mlp_layers': 1, 'mlp_dim_0': 320, 'num_heads': 1, 'final_dropout': 0.04382420213333456, 'train_learning_rate': 0.0005138478708035542, 'train_lr_reduce': 0.6}. Best is trial 12 with value: 0.0699688121676445.
[I 2024-12-25 12:12:46,987] Trial 17 finished with value: 0.10440358519554138 and parameters: {'L1_hidden_dim': 80, 'L1_layers_atom': 2, 'L1_layers_mol': 3, 'L1_dropout': 0.23921774846520502, 'L1_out_dim': 112, 'L2_hidden_dim': 160, 'L2_layers_atom': 2, 'L2_layers_mol': 2, 'L2_out_dim': 80, 'L2_dropout': 0.26122533837812545, 'L3_hidden_dim': 112, 'L3_layers_atom': 1, 'L3_layers_mol': 4, 'L3_out_dim': 96, 'L3_dropout': 0.2999509134505213, 'n_mlp_layers': 3, 'mlp_dim_0': 64, 'mlp_dim_1': 104, 'mlp_dim_2': 368, 'num_heads': 1, 'final_dropout': 0.01091861447483279, 'train_learning_rate': 0.006723658193211111, 'train_lr_reduce': 0.6}. Best is trial 12 with value: 0.0699688121676445.
[I 2024-12-25 12:12:56,522] Trial 16 finished with value: 0.06671455502510071 and parameters: {'L1_hidden_dim': 112, 'L1_layers_atom': 2, 'L1_layers_mol': 3, 'L1_dropout': 0.25287418106538834, 'L1_out_dim': 64, 'L2_hidden_dim': 160, 'L2_layers_atom': 1, 'L2_layers_mol': 3, 'L2_out_dim': 128, 'L2_dropout': 0.001031295443812261, 'L3_hidden_dim': 128, 'L3_layers_atom': 2, 'L3_layers_mol': 2, 'L3_out_dim': 112, 'L3_dropout': 0.07862330178261762, 'n_mlp_layers': 2, 'mlp_dim_0': 360, 'mlp_dim_1': 96, 'num_heads': 1, 'final_dropout': 0.1542405573421356, 'train_learning_rate': 0.00022130869078013172, 'train_lr_reduce': 0.6}. Best is trial 16 with value: 0.06671455502510071.
[I 2024-12-25 12:13:33,224] Trial 18 finished with value: 0.07717995345592499 and parameters: {'L1_hidden_dim': 64, 'L1_layers_atom': 3, 'L1_layers_mol': 2, 'L1_dropout': 0.11799867425252863, 'L1_out_dim': 32, 'L2_hidden_dim': 64, 'L2_layers_atom': 3, 'L2_layers_mol': 2, 'L2_out_dim': 32, 'L2_dropout': 0.29283497031737626, 'L3_hidden_dim': 112, 'L3_layers_atom': 1, 'L3_layers_mol': 4, 'L3_out_dim': 80, 'L3_dropout': 0.29928988895600306, 'n_mlp_layers': 2, 'mlp_dim_0': 64, 'mlp_dim_1': 328, 'num_heads': 1, 'final_dropout': 0.029521219331940306, 'train_learning_rate': 0.007466232693407556, 'train_lr_reduce': 0.6}. Best is trial 16 with value: 0.06671455502510071.
[I 2024-12-25 12:14:28,849] Trial 21 finished with value: 0.10859149694442749 and parameters: {'L1_hidden_dim': 128, 'L1_layers_atom': 1, 'L1_layers_mol': 4, 'L1_dropout': 0.2165071697825843, 'L1_out_dim': 32, 'L2_hidden_dim': 176, 'L2_layers_atom': 4, 'L2_layers_mol': 2, 'L2_out_dim': 48, 'L2_dropout': 0.1614469935052374, 'L3_hidden_dim': 96, 'L3_layers_atom': 1, 'L3_layers_mol': 4, 'L3_out_dim': 112, 'L3_dropout': 0.23706695742204578, 'n_mlp_layers': 2, 'mlp_dim_0': 176, 'mlp_dim_1': 32, 'num_heads': 1, 'final_dropout': 0.03250875934532208, 'train_learning_rate': 0.004779129822691911, 'train_lr_reduce': 0.6}. Best is trial 16 with value: 0.06671455502510071.
[I 2024-12-25 12:14:29,910] Trial 19 finished with value: 0.14250624179840088 and parameters: {'L1_hidden_dim': 192, 'L1_layers_atom': 1, 'L1_layers_mol': 3, 'L1_dropout': 0.21499977171549578, 'L1_out_dim': 32, 'L2_hidden_dim': 160, 'L2_layers_atom': 1, 'L2_layers_mol': 2, 'L2_out_dim': 128, 'L2_dropout': 0.1253570523328689, 'L3_hidden_dim': 112, 'L3_layers_atom': 4, 'L3_layers_mol': 2, 'L3_out_dim': 48, 'L3_dropout': 0.11230322620884631, 'n_mlp_layers': 1, 'mlp_dim_0': 504, 'num_heads': 1, 'final_dropout': 0.054663225797874485, 'train_learning_rate': 0.00010246978813251526, 'train_lr_reduce': 0.6}. Best is trial 16 with value: 0.06671455502510071.
[I 2024-12-25 12:14:40,569] Trial 20 finished with value: 0.08557625114917755 and parameters: {'L1_hidden_dim': 80, 'L1_layers_atom': 2, 'L1_layers_mol': 3, 'L1_dropout': 0.2661115701341089, 'L1_out_dim': 48, 'L2_hidden_dim': 112, 'L2_layers_atom': 3, 'L2_layers_mol': 4, 'L2_out_dim': 112, 'L2_dropout': 0.015560381451867559, 'L3_hidden_dim': 112, 'L3_layers_atom': 2, 'L3_layers_mol': 1, 'L3_out_dim': 96, 'L3_dropout': 0.012412589823587436, 'n_mlp_layers': 2, 'mlp_dim_0': 312, 'mlp_dim_1': 104, 'num_heads': 1, 'final_dropout': 0.18341865978880775, 'train_learning_rate': 0.00030273732031930003, 'train_lr_reduce': 0.6}. Best is trial 16 with value: 0.06671455502510071.
[I 2024-12-25 12:15:49,464] Trial 23 finished with value: 0.10322889685630798 and parameters: {'L1_hidden_dim': 64, 'L1_layers_atom': 2, 'L1_layers_mol': 4, 'L1_dropout': 0.24953646821286846, 'L1_out_dim': 64, 'L2_hidden_dim': 112, 'L2_layers_atom': 4, 'L2_layers_mol': 2, 'L2_out_dim': 64, 'L2_dropout': 0.23904573604496282, 'L3_hidden_dim': 128, 'L3_layers_atom': 2, 'L3_layers_mol': 2, 'L3_out_dim': 96, 'L3_dropout': 0.23329394972652717, 'n_mlp_layers': 3, 'mlp_dim_0': 80, 'mlp_dim_1': 128, 'mlp_dim_2': 88, 'num_heads': 1, 'final_dropout': 0.0337814608181879, 'train_learning_rate': 0.0025092045679881983, 'train_lr_reduce': 0.6}. Best is trial 16 with value: 0.06671455502510071.
[I 2024-12-25 12:16:34,021] Trial 24 finished with value: 0.0836542397737503 and parameters: {'L1_hidden_dim': 80, 'L1_layers_atom': 2, 'L1_layers_mol': 3, 'L1_dropout': 0.25608136394435577, 'L1_out_dim': 64, 'L2_hidden_dim': 208, 'L2_layers_atom': 1, 'L2_layers_mol': 2, 'L2_out_dim': 112, 'L2_dropout': 0.04916377973246832, 'L3_hidden_dim': 96, 'L3_layers_atom': 2, 'L3_layers_mol': 2, 'L3_out_dim': 112, 'L3_dropout': 0.08502906698175618, 'n_mlp_layers': 1, 'mlp_dim_0': 368, 'num_heads': 2, 'final_dropout': 0.09174004676642115, 'train_learning_rate': 0.00019875656080967397, 'train_lr_reduce': 0.6}. Best is trial 16 with value: 0.06671455502510071.
[I 2024-12-25 12:16:34,024] Trial 22 finished with value: 0.09991703182458878 and parameters: {'L1_hidden_dim': 144, 'L1_layers_atom': 1, 'L1_layers_mol': 3, 'L1_dropout': 0.29413970243192655, 'L1_out_dim': 112, 'L2_hidden_dim': 96, 'L2_layers_atom': 1, 'L2_layers_mol': 3, 'L2_out_dim': 96, 'L2_dropout': 0.013365382878451432, 'L3_hidden_dim': 112, 'L3_layers_atom': 1, 'L3_layers_mol': 2, 'L3_out_dim': 96, 'L3_dropout': 0.07382211633526874, 'n_mlp_layers': 1, 'mlp_dim_0': 288, 'num_heads': 1, 'final_dropout': 0.10336051839986908, 'train_learning_rate': 0.00010758229805796174, 'train_lr_reduce': 0.6}. Best is trial 16 with value: 0.06671455502510071.
[I 2024-12-25 12:16:52,049] Trial 27 finished with value: 1.1143144369125366 and parameters: {'L1_hidden_dim': 160, 'L1_layers_atom': 3, 'L1_layers_mol': 3, 'L1_dropout': 0.20566665376712953, 'L1_out_dim': 64, 'L2_hidden_dim': 144, 'L2_layers_atom': 1, 'L2_layers_mol': 3, 'L2_out_dim': 128, 'L2_dropout': 0.12059801930922971, 'L3_hidden_dim': 112, 'L3_layers_atom': 1, 'L3_layers_mol': 3, 'L3_out_dim': 128, 'L3_dropout': 0.12323672349424379, 'n_mlp_layers': 2, 'mlp_dim_0': 464, 'mlp_dim_1': 344, 'num_heads': 1, 'final_dropout': 0.17086609950682394, 'train_learning_rate': 0.000362180621504278, 'train_lr_reduce': 0.6}. Best is trial 16 with value: 0.06671455502510071.
[I 2024-12-25 12:17:48,946] Trial 25 finished with value: 0.12282317131757736 and parameters: {'L1_hidden_dim': 128, 'L1_layers_atom': 2, 'L1_layers_mol': 4, 'L1_dropout': 0.2290980606421131, 'L1_out_dim': 32, 'L2_hidden_dim': 144, 'L2_layers_atom': 1, 'L2_layers_mol': 3, 'L2_out_dim': 128, 'L2_dropout': 0.005225335211124632, 'L3_hidden_dim': 128, 'L3_layers_atom': 4, 'L3_layers_mol': 2, 'L3_out_dim': 128, 'L3_dropout': 0.07756788827964639, 'n_mlp_layers': 2, 'mlp_dim_0': 216, 'mlp_dim_1': 136, 'num_heads': 1, 'final_dropout': 0.032770229341285664, 'train_learning_rate': 0.0006455270442460829, 'train_lr_reduce': 0.6}. Best is trial 16 with value: 0.06671455502510071.
[I 2024-12-25 12:18:27,230] Trial 28 finished with value: 0.07328233867883682 and parameters: {'L1_hidden_dim': 64, 'L1_layers_atom': 3, 'L1_layers_mol': 3, 'L1_dropout': 0.20479403193782922, 'L1_out_dim': 32, 'L2_hidden_dim': 160, 'L2_layers_atom': 2, 'L2_layers_mol': 1, 'L2_out_dim': 32, 'L2_dropout': 0.1761991388087419, 'L3_hidden_dim': 112, 'L3_layers_atom': 3, 'L3_layers_mol': 2, 'L3_out_dim': 128, 'L3_dropout': 0.09620778193891621, 'n_mlp_layers': 2, 'mlp_dim_0': 104, 'mlp_dim_1': 144, 'num_heads': 1, 'final_dropout': 0.049044709282793794, 'train_learning_rate': 0.005216542603839361, 'train_lr_reduce': 0.6}. Best is trial 16 with value: 0.06671455502510071.
[I 2024-12-25 12:18:37,558] Trial 26 finished with value: 0.0847511813044548 and parameters: {'L1_hidden_dim': 112, 'L1_layers_atom': 2, 'L1_layers_mol': 3, 'L1_dropout': 0.1336910904318825, 'L1_out_dim': 64, 'L2_hidden_dim': 192, 'L2_layers_atom': 1, 'L2_layers_mol': 3, 'L2_out_dim': 128, 'L2_dropout': 0.016405821105154605, 'L3_hidden_dim': 128, 'L3_layers_atom': 2, 'L3_layers_mol': 2, 'L3_out_dim': 112, 'L3_dropout': 0.20689784803556915, 'n_mlp_layers': 2, 'mlp_dim_0': 472, 'mlp_dim_1': 32, 'num_heads': 1, 'final_dropout': 0.15142739338730543, 'train_learning_rate': 0.0001699088383165509, 'train_lr_reduce': 0.6}. Best is trial 16 with value: 0.06671455502510071.
[I 2024-12-25 12:19:21,730] Trial 29 finished with value: 0.07397288829088211 and parameters: {'L1_hidden_dim': 144, 'L1_layers_atom': 1, 'L1_layers_mol': 2, 'L1_dropout': 0.1939389851637824, 'L1_out_dim': 32, 'L2_hidden_dim': 224, 'L2_layers_atom': 2, 'L2_layers_mol': 2, 'L2_out_dim': 96, 'L2_dropout': 0.02168454180405919, 'L3_hidden_dim': 80, 'L3_layers_atom': 3, 'L3_layers_mol': 2, 'L3_out_dim': 96, 'L3_dropout': 0.11426868352883403, 'n_mlp_layers': 2, 'mlp_dim_0': 472, 'mlp_dim_1': 128, 'num_heads': 1, 'final_dropout': 0.14103835396559186, 'train_learning_rate': 0.0010829961014875062, 'train_lr_reduce': 0.6}. Best is trial 16 with value: 0.06671455502510071.
[I 2024-12-25 12:19:38,556] Trial 30 finished with value: 0.09428159147500992 and parameters: {'L1_hidden_dim': 96, 'L1_layers_atom': 3, 'L1_layers_mol': 4, 'L1_dropout': 0.19750290920624936, 'L1_out_dim': 64, 'L2_hidden_dim': 64, 'L2_layers_atom': 2, 'L2_layers_mol': 3, 'L2_out_dim': 64, 'L2_dropout': 0.20585533833525121, 'L3_hidden_dim': 128, 'L3_layers_atom': 2, 'L3_layers_mol': 4, 'L3_out_dim': 128, 'L3_dropout': 0.26757338390943397, 'n_mlp_layers': 2, 'mlp_dim_0': 48, 'mlp_dim_1': 304, 'num_heads': 2, 'final_dropout': 0.0355424261576526, 'train_learning_rate': 0.0038653351407170683, 'train_lr_reduce': 0.6}. Best is trial 16 with value: 0.06671455502510071.
[I 2024-12-25 12:20:00,416] Trial 31 finished with value: 0.07470690459012985 and parameters: {'L1_hidden_dim': 80, 'L1_layers_atom': 1, 'L1_layers_mol': 1, 'L1_dropout': 0.09785132758312581, 'L1_out_dim': 64, 'L2_hidden_dim': 176, 'L2_layers_atom': 1, 'L2_layers_mol': 1, 'L2_out_dim': 128, 'L2_dropout': 0.005678819314192911, 'L3_hidden_dim': 96, 'L3_layers_atom': 3, 'L3_layers_mol': 3, 'L3_out_dim': 64, 'L3_dropout': 0.1919800343123506, 'n_mlp_layers': 1, 'mlp_dim_0': 464, 'num_heads': 1, 'final_dropout': 0.03837830382365627, 'train_learning_rate': 0.0011300138033959583, 'train_lr_reduce': 0.6}. Best is trial 16 with value: 0.06671455502510071.
