[I 2024-12-20 01:46:25,280] Trial 2375 finished with value: 1.5261203050613403 and parameters: {'mlp_n_layers': 4, 'mlp_dim_00': 171, 'mlp_dim_01': 261, 'mlp_dim_02': 510, 'mlp_dim_03': 368, 'node_hidden_dim': 101, 'edge_hidden_dim': 58, 'depth': 1, 'rep_dropout': 0.07706220145725878, 'train_learning_rate': 0.001342057298269726, 'train_lr_reduce': 0.6}. Best is trial 558 with value: 0.30280801653862.
[I 2024-12-20 01:46:28,511] Trial 2376 finished with value: 1.3650842905044556 and parameters: {'mlp_n_layers': 1, 'mlp_dim_00': 196, 'node_hidden_dim': 94, 'edge_hidden_dim': 57, 'depth': 2, 'rep_dropout': 0.07686981443707136, 'train_learning_rate': 0.003036059408139906, 'train_lr_reduce': 0.6}. Best is trial 558 with value: 0.30280801653862.
[I 2024-12-20 01:46:29,185] Trial 2377 finished with value: 1.566149353981018 and parameters: {'mlp_n_layers': 4, 'mlp_dim_00': 146, 'mlp_dim_01': 354, 'mlp_dim_02': 395, 'mlp_dim_03': 442, 'node_hidden_dim': 98, 'edge_hidden_dim': 35, 'depth': 1, 'rep_dropout': 0.02370587797621381, 'train_learning_rate': 0.0005829442557808474, 'train_lr_reduce': 0.6}. Best is trial 558 with value: 0.30280801653862.
[I 2024-12-20 01:46:32,048] Trial 2371 finished with value: 0.3452627956867218 and parameters: {'mlp_n_layers': 4, 'mlp_dim_00': 460, 'mlp_dim_01': 317, 'mlp_dim_02': 348, 'mlp_dim_03': 272, 'node_hidden_dim': 115, 'edge_hidden_dim': 56, 'depth': 1, 'rep_dropout': 0.04282971348643177, 'train_learning_rate': 0.0010450229886741023, 'train_lr_reduce': 0.6}. Best is trial 558 with value: 0.30280801653862.
[I 2024-12-20 01:46:32,373] Trial 2378 finished with value: 1.3436620235443115 and parameters: {'mlp_n_layers': 3, 'mlp_dim_00': 496, 'mlp_dim_01': 304, 'mlp_dim_02': 444, 'node_hidden_dim': 112, 'edge_hidden_dim': 46, 'depth': 1, 'rep_dropout': 0.07014150650427026, 'train_learning_rate': 0.0024177791672177823, 'train_lr_reduce': 0.6}. Best is trial 558 with value: 0.30280801653862.
[I 2024-12-20 01:46:37,805] Trial 2381 finished with value: 1.5726069211959839 and parameters: {'mlp_n_layers': 4, 'mlp_dim_00': 437, 'mlp_dim_01': 293, 'mlp_dim_02': 472, 'mlp_dim_03': 330, 'node_hidden_dim': 128, 'edge_hidden_dim': 32, 'depth': 2, 'rep_dropout': 0.02130069969306703, 'train_learning_rate': 0.0008139986103141322, 'train_lr_reduce': 0.6}. Best is trial 558 with value: 0.30280801653862.
[I 2024-12-20 01:46:40,076] Trial 2380 finished with value: 0.8232040405273438 and parameters: {'mlp_n_layers': 4, 'mlp_dim_00': 350, 'mlp_dim_01': 339, 'mlp_dim_02': 401, 'mlp_dim_03': 238, 'node_hidden_dim': 116, 'edge_hidden_dim': 35, 'depth': 1, 'rep_dropout': 0.002304669505334063, 'train_learning_rate': 0.0058866869444089585, 'train_lr_reduce': 0.6}. Best is trial 558 with value: 0.30280801653862.
[I 2024-12-20 01:46:43,094] Trial 2382 finished with value: 1.5825248956680298 and parameters: {'mlp_n_layers': 4, 'mlp_dim_00': 123, 'mlp_dim_01': 363, 'mlp_dim_02': 360, 'mlp_dim_03': 471, 'node_hidden_dim': 107, 'edge_hidden_dim': 34, 'depth': 1, 'rep_dropout': 0.007271148496060071, 'train_learning_rate': 0.0004460407915803174, 'train_lr_reduce': 0.6}. Best is trial 558 with value: 0.30280801653862.
[I 2024-12-20 01:46:50,514] Trial 2379 finished with value: 0.3728303909301758 and parameters: {'mlp_n_layers': 4, 'mlp_dim_00': 440, 'mlp_dim_01': 398, 'mlp_dim_02': 316, 'mlp_dim_03': 176, 'node_hidden_dim': 92, 'edge_hidden_dim': 56, 'depth': 1, 'rep_dropout': 0.02512222292933753, 'train_learning_rate': 0.001372391016963795, 'train_lr_reduce': 0.6}. Best is trial 558 with value: 0.30280801653862.
[I 2024-12-20 01:46:54,667] Trial 2385 finished with value: 1.4624712467193604 and parameters: {'mlp_n_layers': 3, 'mlp_dim_00': 142, 'mlp_dim_01': 415, 'mlp_dim_02': 454, 'node_hidden_dim': 96, 'edge_hidden_dim': 33, 'depth': 1, 'rep_dropout': 0.051076944511063746, 'train_learning_rate': 0.0015012306010876342, 'train_lr_reduce': 0.6}. Best is trial 558 with value: 0.30280801653862.
[I 2024-12-20 01:46:57,131] Trial 2383 finished with value: 0.4007321000099182 and parameters: {'mlp_n_layers': 4, 'mlp_dim_00': 69, 'mlp_dim_01': 326, 'mlp_dim_02': 418, 'mlp_dim_03': 130, 'node_hidden_dim': 102, 'edge_hidden_dim': 37, 'depth': 1, 'rep_dropout': 0.031016859434083426, 'train_learning_rate': 0.0013730652504908224, 'train_lr_reduce': 0.6}. Best is trial 558 with value: 0.30280801653862.
[I 2024-12-20 01:47:00,621] Trial 2384 finished with value: 0.3746834099292755 and parameters: {'mlp_n_layers': 4, 'mlp_dim_00': 426, 'mlp_dim_01': 257, 'mlp_dim_02': 323, 'mlp_dim_03': 374, 'node_hidden_dim': 87, 'edge_hidden_dim': 60, 'depth': 2, 'rep_dropout': 0.02756317327225956, 'train_learning_rate': 0.0024058332442263314, 'train_lr_reduce': 0.6}. Best is trial 558 with value: 0.30280801653862.
[I 2024-12-20 01:47:01,247] Trial 2387 finished with value: 1.5301204919815063 and parameters: {'mlp_n_layers': 4, 'mlp_dim_00': 505, 'mlp_dim_01': 355, 'mlp_dim_02': 417, 'mlp_dim_03': 511, 'node_hidden_dim': 95, 'edge_hidden_dim': 49, 'depth': 1, 'rep_dropout': 0.011563860605502735, 'train_learning_rate': 0.0010792348220500778, 'train_lr_reduce': 0.6}. Best is trial 558 with value: 0.30280801653862.
[I 2024-12-20 01:47:05,066] Trial 2389 finished with value: 1.5440466403961182 and parameters: {'mlp_n_layers': 1, 'mlp_dim_00': 225, 'node_hidden_dim': 55, 'edge_hidden_dim': 94, 'depth': 2, 'rep_dropout': 0.019987036829503174, 'train_learning_rate': 0.00012047860016092071, 'train_lr_reduce': 0.6}. Best is trial 558 with value: 0.30280801653862.
[I 2024-12-20 01:47:05,271] Trial 2388 finished with value: 1.4420605897903442 and parameters: {'mlp_n_layers': 4, 'mlp_dim_00': 285, 'mlp_dim_01': 293, 'mlp_dim_02': 288, 'mlp_dim_03': 107, 'node_hidden_dim': 98, 'edge_hidden_dim': 128, 'depth': 2, 'rep_dropout': 0.018747368932534952, 'train_learning_rate': 0.005433812138542147, 'train_lr_reduce': 0.6}. Best is trial 558 with value: 0.30280801653862.
[I 2024-12-20 01:47:09,304] Trial 2390 finished with value: 1.5292237997055054 and parameters: {'mlp_n_layers': 3, 'mlp_dim_00': 304, 'mlp_dim_01': 377, 'mlp_dim_02': 476, 'node_hidden_dim': 52, 'edge_hidden_dim': 51, 'depth': 3, 'rep_dropout': 0.04457449929120136, 'train_learning_rate': 0.000884783604854797, 'train_lr_reduce': 0.6}. Best is trial 558 with value: 0.30280801653862.
[I 2024-12-20 01:47:09,613] Trial 2391 finished with value: 1.3290239572525024 and parameters: {'mlp_n_layers': 4, 'mlp_dim_00': 113, 'mlp_dim_01': 320, 'mlp_dim_02': 352, 'mlp_dim_03': 65, 'node_hidden_dim': 93, 'edge_hidden_dim': 32, 'depth': 2, 'rep_dropout': 0.03079069420929388, 'train_learning_rate': 0.0038496949376590627, 'train_lr_reduce': 0.6}. Best is trial 558 with value: 0.30280801653862.
[I 2024-12-20 01:47:13,649] Trial 2392 finished with value: 1.5547102689743042 and parameters: {'mlp_n_layers': 4, 'mlp_dim_00': 143, 'mlp_dim_01': 339, 'mlp_dim_02': 512, 'mlp_dim_03': 402, 'node_hidden_dim': 105, 'edge_hidden_dim': 49, 'depth': 1, 'rep_dropout': 0.02782977646539586, 'train_learning_rate': 0.0015160531782659034, 'train_lr_reduce': 0.6}. Best is trial 558 with value: 0.30280801653862.
[I 2024-12-20 01:47:13,690] Trial 2393 finished with value: 1.4854851961135864 and parameters: {'mlp_n_layers': 4, 'mlp_dim_00': 469, 'mlp_dim_01': 411, 'mlp_dim_02': 390, 'mlp_dim_03': 349, 'node_hidden_dim': 114, 'edge_hidden_dim': 43, 'depth': 1, 'rep_dropout': 0.019279263300564925, 'train_learning_rate': 0.0017212112584774225, 'train_lr_reduce': 0.6}. Best is trial 558 with value: 0.30280801653862.
[I 2024-12-20 01:47:16,258] Trial 2386 finished with value: 0.3675951361656189 and parameters: {'mlp_n_layers': 4, 'mlp_dim_00': 133, 'mlp_dim_01': 143, 'mlp_dim_02': 375, 'mlp_dim_03': 287, 'node_hidden_dim': 123, 'edge_hidden_dim': 36, 'depth': 1, 'rep_dropout': 0.030521667832052114, 'train_learning_rate': 0.002182504681384234, 'train_lr_reduce': 0.6}. Best is trial 558 with value: 0.30280801653862.
[I 2024-12-20 01:47:17,872] Trial 2395 finished with value: 1.5233254432678223 and parameters: {'mlp_n_layers': 4, 'mlp_dim_00': 181, 'mlp_dim_01': 277, 'mlp_dim_02': 437, 'mlp_dim_03': 432, 'node_hidden_dim': 107, 'edge_hidden_dim': 32, 'depth': 1, 'rep_dropout': 0.02027208079865384, 'train_learning_rate': 0.0012699487077561058, 'train_lr_reduce': 0.6}. Best is trial 558 with value: 0.30280801653862.
[I 2024-12-20 01:47:18,165] Trial 2394 finished with value: 1.566003441810608 and parameters: {'mlp_n_layers': 4, 'mlp_dim_00': 463, 'mlp_dim_01': 264, 'mlp_dim_02': 432, 'mlp_dim_03': 199, 'node_hidden_dim': 112, 'edge_hidden_dim': 32, 'depth': 1, 'rep_dropout': 0.0014874397597945906, 'train_learning_rate': 0.001280492221082073, 'train_lr_reduce': 0.6}. Best is trial 558 with value: 0.30280801653862.
[I 2024-12-20 01:47:22,024] Trial 2396 finished with value: 1.5044348239898682 and parameters: {'mlp_n_layers': 4, 'mlp_dim_00': 365, 'mlp_dim_01': 363, 'mlp_dim_02': 380, 'mlp_dim_03': 371, 'node_hidden_dim': 109, 'edge_hidden_dim': 50, 'depth': 2, 'rep_dropout': 0.07560460690870575, 'train_learning_rate': 0.004341523461395203, 'train_lr_reduce': 0.6}. Best is trial 558 with value: 0.30280801653862.
[I 2024-12-20 01:47:26,782] Trial 2399 finished with value: 1.5610694885253906 and parameters: {'mlp_n_layers': 4, 'mlp_dim_00': 120, 'mlp_dim_01': 391, 'mlp_dim_02': 451, 'mlp_dim_03': 475, 'node_hidden_dim': 100, 'edge_hidden_dim': 32, 'depth': 1, 'rep_dropout': 0.03771659494291581, 'train_learning_rate': 0.0013992980379413295, 'train_lr_reduce': 0.6}. Best is trial 558 with value: 0.30280801653862.
[I 2024-12-20 01:47:34,743] Trial 2400 finished with value: 1.4071879386901855 and parameters: {'mlp_n_layers': 4, 'mlp_dim_00': 321, 'mlp_dim_01': 337, 'mlp_dim_02': 337, 'mlp_dim_03': 263, 'node_hidden_dim': 85, 'edge_hidden_dim': 81, 'depth': 4, 'rep_dropout': 0.10327887014139432, 'train_learning_rate': 0.0011967519067642113, 'train_lr_reduce': 0.6}. Best is trial 558 with value: 0.30280801653862.
[I 2024-12-20 01:47:34,820] Trial 2397 finished with value: 0.4572400152683258 and parameters: {'mlp_n_layers': 3, 'mlp_dim_00': 100, 'mlp_dim_01': 444, 'mlp_dim_02': 340, 'node_hidden_dim': 115, 'edge_hidden_dim': 47, 'depth': 1, 'rep_dropout': 0.0189980697040115, 'train_learning_rate': 0.001095738418991712, 'train_lr_reduce': 0.6}. Best is trial 558 with value: 0.30280801653862.
[I 2024-12-20 01:47:38,595] Trial 2401 finished with value: 1.3971632719039917 and parameters: {'mlp_n_layers': 3, 'mlp_dim_00': 156, 'mlp_dim_01': 366, 'mlp_dim_02': 285, 'node_hidden_dim': 86, 'edge_hidden_dim': 49, 'depth': 1, 'rep_dropout': 0.05270287275570601, 'train_learning_rate': 0.0036046937570680896, 'train_lr_reduce': 0.6}. Best is trial 558 with value: 0.30280801653862.
[I 2024-12-20 01:47:39,975] Trial 2398 finished with value: 0.3734923005104065 and parameters: {'mlp_n_layers': 4, 'mlp_dim_00': 181, 'mlp_dim_01': 313, 'mlp_dim_02': 404, 'mlp_dim_03': 311, 'node_hidden_dim': 114, 'edge_hidden_dim': 32, 'depth': 1, 'rep_dropout': 0.03874486535832664, 'train_learning_rate': 0.0008217916469417662, 'train_lr_reduce': 0.6}. Best is trial 558 with value: 0.30280801653862.
[I 2024-12-20 01:47:48,091] Trial 2402 finished with value: 0.4541341960430145 and parameters: {'mlp_n_layers': 4, 'mlp_dim_00': 409, 'mlp_dim_01': 186, 'mlp_dim_02': 392, 'mlp_dim_03': 97, 'node_hidden_dim': 122, 'edge_hidden_dim': 57, 'depth': 1, 'rep_dropout': 0.026837632158495398, 'train_learning_rate': 0.0012997312712175338, 'train_lr_reduce': 0.6}. Best is trial 558 with value: 0.30280801653862.
[I 2024-12-20 01:47:50,638] Trial 2404 finished with value: 0.4443877041339874 and parameters: {'mlp_n_layers': 4, 'mlp_dim_00': 196, 'mlp_dim_01': 329, 'mlp_dim_02': 369, 'mlp_dim_03': 151, 'node_hidden_dim': 79, 'edge_hidden_dim': 45, 'depth': 1, 'rep_dropout': 0.03361284614619269, 'train_learning_rate': 0.00329611067329476, 'train_lr_reduce': 0.6}. Best is trial 558 with value: 0.30280801653862.
[I 2024-12-20 01:47:55,855] Trial 2406 finished with value: 1.5152416229248047 and parameters: {'mlp_n_layers': 2, 'mlp_dim_00': 508, 'mlp_dim_01': 103, 'node_hidden_dim': 37, 'edge_hidden_dim': 99, 'depth': 3, 'rep_dropout': 0.09413103275667142, 'train_learning_rate': 0.002618715302693562, 'train_lr_reduce': 0.6}. Best is trial 558 with value: 0.30280801653862.
[I 2024-12-20 01:47:59,820] Trial 2403 finished with value: 0.3554988503456116 and parameters: {'mlp_n_layers': 4, 'mlp_dim_00': 179, 'mlp_dim_01': 302, 'mlp_dim_02': 475, 'mlp_dim_03': 400, 'node_hidden_dim': 109, 'edge_hidden_dim': 50, 'depth': 1, 'rep_dropout': 0.060044180346889554, 'train_learning_rate': 0.0018343629640625433, 'train_lr_reduce': 0.6}. Best is trial 558 with value: 0.30280801653862.
[I 2024-12-20 01:48:00,239] Trial 2407 finished with value: 1.504752516746521 and parameters: {'mlp_n_layers': 3, 'mlp_dim_00': 233, 'mlp_dim_01': 361, 'mlp_dim_02': 323, 'node_hidden_dim': 105, 'edge_hidden_dim': 42, 'depth': 2, 'rep_dropout': 0.0450326840912125, 'train_learning_rate': 0.0013395402659461477, 'train_lr_reduce': 0.6}. Best is trial 558 with value: 0.30280801653862.
[I 2024-12-20 01:48:04,465] Trial 2409 finished with value: 1.5787326097488403 and parameters: {'mlp_n_layers': 2, 'mlp_dim_00': 72, 'mlp_dim_01': 299, 'node_hidden_dim': 118, 'edge_hidden_dim': 41, 'depth': 2, 'rep_dropout': 0.07827850527126455, 'train_learning_rate': 0.00016400414505534456, 'train_lr_reduce': 0.6}. Best is trial 558 with value: 0.30280801653862.
[I 2024-12-20 01:48:04,921] Trial 2408 finished with value: 1.5712594985961914 and parameters: {'mlp_n_layers': 4, 'mlp_dim_00': 142, 'mlp_dim_01': 254, 'mlp_dim_02': 414, 'mlp_dim_03': 443, 'node_hidden_dim': 98, 'edge_hidden_dim': 57, 'depth': 4, 'rep_dropout': 0.02292876986925517, 'train_learning_rate': 0.0007114413148138535, 'train_lr_reduce': 0.6}. Best is trial 558 with value: 0.30280801653862.
[I 2024-12-20 01:48:09,236] Trial 2405 finished with value: 0.34668657183647156 and parameters: {'mlp_n_layers': 4, 'mlp_dim_00': 370, 'mlp_dim_01': 399, 'mlp_dim_02': 423, 'mlp_dim_03': 336, 'node_hidden_dim': 82, 'edge_hidden_dim': 58, 'depth': 1, 'rep_dropout': 0.010725970022681485, 'train_learning_rate': 0.0011350289740578183, 'train_lr_reduce': 0.6}. Best is trial 558 with value: 0.30280801653862.
[I 2024-12-20 01:48:15,175] Trial 2412 finished with value: 1.5828495025634766 and parameters: {'mlp_n_layers': 3, 'mlp_dim_00': 291, 'mlp_dim_01': 425, 'mlp_dim_02': 475, 'node_hidden_dim': 67, 'edge_hidden_dim': 61, 'depth': 4, 'rep_dropout': 0.0823315834174213, 'train_learning_rate': 0.00011698409172510018, 'train_lr_reduce': 0.6}. Best is trial 558 with value: 0.30280801653862.
[I 2024-12-20 01:48:19,213] Trial 2413 finished with value: 1.4942970275878906 and parameters: {'mlp_n_layers': 4, 'mlp_dim_00': 409, 'mlp_dim_01': 340, 'mlp_dim_02': 387, 'mlp_dim_03': 306, 'node_hidden_dim': 96, 'edge_hidden_dim': 49, 'depth': 1, 'rep_dropout': 0.037943872920127165, 'train_learning_rate': 0.004572886853014587, 'train_lr_reduce': 0.6}. Best is trial 558 with value: 0.30280801653862.
[I 2024-12-20 01:48:19,315] Trial 2410 finished with value: 0.507179319858551 and parameters: {'mlp_n_layers': 4, 'mlp_dim_00': 412, 'mlp_dim_01': 335, 'mlp_dim_02': 453, 'mlp_dim_03': 378, 'node_hidden_dim': 111, 'edge_hidden_dim': 37, 'depth': 1, 'rep_dropout': 0.024723306480799775, 'train_learning_rate': 0.0035495984289501048, 'train_lr_reduce': 0.6}. Best is trial 558 with value: 0.30280801653862.
[I 2024-12-20 01:48:28,474] Trial 2414 finished with value: 1.3630727529525757 and parameters: {'mlp_n_layers': 4, 'mlp_dim_00': 169, 'mlp_dim_01': 289, 'mlp_dim_02': 511, 'mlp_dim_03': 433, 'node_hidden_dim': 93, 'edge_hidden_dim': 128, 'depth': 4, 'rep_dropout': 0.13693345974350046, 'train_learning_rate': 0.0004953161205448803, 'train_lr_reduce': 0.6}. Best is trial 558 with value: 0.30280801653862.
[I 2024-12-20 01:48:31,288] Trial 2411 finished with value: 0.3408900797367096 and parameters: {'mlp_n_layers': 4, 'mlp_dim_00': 362, 'mlp_dim_01': 380, 'mlp_dim_02': 361, 'mlp_dim_03': 132, 'node_hidden_dim': 111, 'edge_hidden_dim': 33, 'depth': 1, 'rep_dropout': 0.0011439743676821008, 'train_learning_rate': 0.001206797955436497, 'train_lr_reduce': 0.6}. Best is trial 558 with value: 0.30280801653862.
[I 2024-12-20 01:48:31,863] Trial 2416 finished with value: 1.3719452619552612 and parameters: {'mlp_n_layers': 1, 'mlp_dim_00': 435, 'node_hidden_dim': 66, 'edge_hidden_dim': 107, 'depth': 1, 'rep_dropout': 0.08016943658216871, 'train_learning_rate': 0.002306631884353856, 'train_lr_reduce': 0.6}. Best is trial 558 with value: 0.30280801653862.
[I 2024-12-20 01:48:33,428] Trial 2415 finished with value: 0.4093548059463501 and parameters: {'mlp_n_layers': 2, 'mlp_dim_00': 121, 'mlp_dim_01': 235, 'node_hidden_dim': 76, 'edge_hidden_dim': 32, 'depth': 1, 'rep_dropout': 0.07557863012330975, 'train_learning_rate': 0.0034866472400416778, 'train_lr_reduce': 0.6}. Best is trial 558 with value: 0.30280801653862.
[I 2024-12-20 01:48:36,119] Trial 2417 finished with value: 1.575732707977295 and parameters: {'mlp_n_layers': 4, 'mlp_dim_00': 200, 'mlp_dim_01': 369, 'mlp_dim_02': 420, 'mlp_dim_03': 510, 'node_hidden_dim': 116, 'edge_hidden_dim': 49, 'depth': 3, 'rep_dropout': 0.09917395555591883, 'train_learning_rate': 0.00022746342288315182, 'train_lr_reduce': 0.6}. Best is trial 558 with value: 0.30280801653862.
[I 2024-12-20 01:48:40,647] Trial 2420 finished with value: 1.4064699411392212 and parameters: {'mlp_n_layers': 4, 'mlp_dim_00': 425, 'mlp_dim_01': 407, 'mlp_dim_02': 368, 'mlp_dim_03': 108, 'node_hidden_dim': 114, 'edge_hidden_dim': 52, 'depth': 1, 'rep_dropout': 0.02579089101365758, 'train_learning_rate': 0.006987890844593749, 'train_lr_reduce': 0.6}. Best is trial 558 with value: 0.30280801653862.
[I 2024-12-20 01:48:46,132] Trial 2418 finished with value: 0.38295188546180725 and parameters: {'mlp_n_layers': 4, 'mlp_dim_00': 511, 'mlp_dim_01': 143, 'mlp_dim_02': 285, 'mlp_dim_03': 249, 'node_hidden_dim': 116, 'edge_hidden_dim': 34, 'depth': 1, 'rep_dropout': 0.021247001118811434, 'train_learning_rate': 0.0018116110728091212, 'train_lr_reduce': 0.6}. Best is trial 558 with value: 0.30280801653862.
[I 2024-12-20 01:48:50,821] Trial 2422 finished with value: 1.5646214485168457 and parameters: {'mlp_n_layers': 4, 'mlp_dim_00': 181, 'mlp_dim_01': 290, 'mlp_dim_02': 410, 'mlp_dim_03': 398, 'node_hidden_dim': 93, 'edge_hidden_dim': 32, 'depth': 2, 'rep_dropout': 0.020642409935239244, 'train_learning_rate': 0.001108137319044779, 'train_lr_reduce': 0.6}. Best is trial 558 with value: 0.30280801653862.
[I 2024-12-20 01:48:51,665] Trial 2419 finished with value: 0.34705105423927307 and parameters: {'mlp_n_layers': 4, 'mlp_dim_00': 433, 'mlp_dim_01': 319, 'mlp_dim_02': 322, 'mlp_dim_03': 348, 'node_hidden_dim': 123, 'edge_hidden_dim': 32, 'depth': 1, 'rep_dropout': 0.026117878876960925, 'train_learning_rate': 0.0017656314967813749, 'train_lr_reduce': 0.6}. Best is trial 558 with value: 0.30280801653862.
[I 2024-12-20 01:48:55,041] Trial 2423 finished with value: 1.5306017398834229 and parameters: {'mlp_n_layers': 1, 'mlp_dim_00': 93, 'node_hidden_dim': 46, 'edge_hidden_dim': 91, 'depth': 4, 'rep_dropout': 0.13395806208928862, 'train_learning_rate': 0.0004162106889420332, 'train_lr_reduce': 0.6}. Best is trial 558 with value: 0.30280801653862.
[I 2024-12-20 01:48:56,152] Trial 2421 finished with value: 0.4207676351070404 and parameters: {'mlp_n_layers': 3, 'mlp_dim_00': 86, 'mlp_dim_01': 347, 'mlp_dim_02': 439, 'node_hidden_dim': 83, 'edge_hidden_dim': 33, 'depth': 1, 'rep_dropout': 0.06448110841910676, 'train_learning_rate': 0.003643046111440779, 'train_lr_reduce': 0.6}. Best is trial 558 with value: 0.30280801653862.
[I 2024-12-20 01:48:58,469] Trial 2424 finished with value: 1.1631970405578613 and parameters: {'mlp_n_layers': 4, 'mlp_dim_00': 387, 'mlp_dim_01': 378, 'mlp_dim_02': 354, 'mlp_dim_03': 479, 'node_hidden_dim': 102, 'edge_hidden_dim': 33, 'depth': 2, 'rep_dropout': 0.043602993838715055, 'train_learning_rate': 0.008473293482066569, 'train_lr_reduce': 0.6}. Best is trial 558 with value: 0.30280801653862.
[I 2024-12-20 01:48:59,277] Trial 2425 finished with value: 1.5761640071868896 and parameters: {'mlp_n_layers': 3, 'mlp_dim_00': 170, 'mlp_dim_01': 444, 'mlp_dim_02': 455, 'node_hidden_dim': 98, 'edge_hidden_dim': 34, 'depth': 1, 'rep_dropout': 0.012488352068565425, 'train_learning_rate': 0.00026733777472368975, 'train_lr_reduce': 0.6}. Best is trial 558 with value: 0.30280801653862.
[I 2024-12-20 01:48:59,609] Trial 2426 finished with value: 1.448509693145752 and parameters: {'mlp_n_layers': 3, 'mlp_dim_00': 510, 'mlp_dim_01': 321, 'mlp_dim_02': 392, 'node_hidden_dim': 96, 'edge_hidden_dim': 33, 'depth': 1, 'rep_dropout': 0.045352091265694665, 'train_learning_rate': 0.002360485196412037, 'train_lr_reduce': 0.6}. Best is trial 558 with value: 0.30280801653862.
[I 2024-12-20 01:49:02,365] Trial 2427 finished with value: 1.578682541847229 and parameters: {'mlp_n_layers': 4, 'mlp_dim_00': 207, 'mlp_dim_01': 193, 'mlp_dim_02': 335, 'mlp_dim_03': 293, 'node_hidden_dim': 41, 'edge_hidden_dim': 36, 'depth': 1, 'rep_dropout': 0.14695219830294026, 'train_learning_rate': 0.00035938870403321555, 'train_lr_reduce': 0.6}. Best is trial 558 with value: 0.30280801653862.
[I 2024-12-20 01:49:03,015] Trial 2429 finished with value: 1.4958752393722534 and parameters: {'mlp_n_layers': 1, 'mlp_dim_00': 209, 'node_hidden_dim': 122, 'edge_hidden_dim': 78, 'depth': 3, 'rep_dropout': 0.12943077384207735, 'train_learning_rate': 0.0002923717978588336, 'train_lr_reduce': 0.6}. Best is trial 558 with value: 0.30280801653862.
