[I 2024-12-26 03:47:15,351] Trial 1642 finished with value: 0.06278049200773239 and parameters: {'L1_hidden_dim': 80, 'L1_layers_atom': 4, 'L1_layers_mol': 3, 'L1_dropout': 0.29938067721447875, 'L1_out_dim': 112, 'L2_hidden_dim': 192, 'L2_layers_atom': 3, 'L2_layers_mol': 2, 'L2_out_dim': 128, 'L2_dropout': 0.01776102061082596, 'L3_hidden_dim': 112, 'L3_layers_atom': 2, 'L3_layers_mol': 1, 'L3_out_dim': 112, 'L3_dropout': 0.09719668038586746, 'n_mlp_layers': 2, 'mlp_dim_0': 272, 'mlp_dim_1': 432, 'num_heads': 2, 'final_dropout': 0.22914578703240623, 'train_learning_rate': 0.0013535208584048621, 'train_lr_reduce': 0.6}. Best is trial 1286 with value: 0.03935658559203148.
[I 2024-12-26 03:47:25,330] Trial 1643 finished with value: 0.07344989478588104 and parameters: {'L1_hidden_dim': 64, 'L1_layers_atom': 4, 'L1_layers_mol': 3, 'L1_dropout': 0.26289999583618157, 'L1_out_dim': 64, 'L2_hidden_dim': 240, 'L2_layers_atom': 2, 'L2_layers_mol': 3, 'L2_out_dim': 128, 'L2_dropout': 0.006843567667453216, 'L3_hidden_dim': 128, 'L3_layers_atom': 3, 'L3_layers_mol': 1, 'L3_out_dim': 64, 'L3_dropout': 0.058287032381027434, 'n_mlp_layers': 1, 'mlp_dim_0': 264, 'num_heads': 2, 'final_dropout': 0.1442912286650909, 'train_learning_rate': 0.0004329172175171705, 'train_lr_reduce': 0.6}. Best is trial 1286 with value: 0.03935658559203148.
[I 2024-12-26 03:48:22,976] Trial 1644 finished with value: 0.06860358268022537 and parameters: {'L1_hidden_dim': 96, 'L1_layers_atom': 4, 'L1_layers_mol': 2, 'L1_dropout': 0.19107874033728336, 'L1_out_dim': 64, 'L2_hidden_dim': 160, 'L2_layers_atom': 3, 'L2_layers_mol': 1, 'L2_out_dim': 128, 'L2_dropout': 0.1071347031521522, 'L3_hidden_dim': 128, 'L3_layers_atom': 2, 'L3_layers_mol': 2, 'L3_out_dim': 32, 'L3_dropout': 0.2724315132445998, 'n_mlp_layers': 3, 'mlp_dim_0': 256, 'mlp_dim_1': 400, 'mlp_dim_2': 136, 'num_heads': 1, 'final_dropout': 0.017833167305513847, 'train_learning_rate': 0.0005327220761704354, 'train_lr_reduce': 0.6}. Best is trial 1286 with value: 0.03935658559203148.
[I 2024-12-26 03:48:57,388] Trial 1645 finished with value: 0.07544587552547455 and parameters: {'L1_hidden_dim': 64, 'L1_layers_atom': 4, 'L1_layers_mol': 3, 'L1_dropout': 0.16743599007282997, 'L1_out_dim': 48, 'L2_hidden_dim': 128, 'L2_layers_atom': 2, 'L2_layers_mol': 3, 'L2_out_dim': 128, 'L2_dropout': 0.07221221820179022, 'L3_hidden_dim': 128, 'L3_layers_atom': 3, 'L3_layers_mol': 1, 'L3_out_dim': 48, 'L3_dropout': 0.27371290433698253, 'n_mlp_layers': 3, 'mlp_dim_0': 256, 'mlp_dim_1': 448, 'mlp_dim_2': 456, 'num_heads': 1, 'final_dropout': 0.09766119971129145, 'train_learning_rate': 0.0007538920463895775, 'train_lr_reduce': 0.6}. Best is trial 1286 with value: 0.03935658559203148.
[I 2024-12-26 03:49:38,426] Trial 1646 finished with value: 0.06933031976222992 and parameters: {'L1_hidden_dim': 96, 'L1_layers_atom': 4, 'L1_layers_mol': 4, 'L1_dropout': 0.25955434233712266, 'L1_out_dim': 80, 'L2_hidden_dim': 128, 'L2_layers_atom': 1, 'L2_layers_mol': 2, 'L2_out_dim': 112, 'L2_dropout': 0.14071244601115662, 'L3_hidden_dim': 112, 'L3_layers_atom': 4, 'L3_layers_mol': 1, 'L3_out_dim': 48, 'L3_dropout': 0.12055075000024881, 'n_mlp_layers': 1, 'mlp_dim_0': 184, 'num_heads': 2, 'final_dropout': 0.17633421955035816, 'train_learning_rate': 0.002703377469224134, 'train_lr_reduce': 0.6}. Best is trial 1286 with value: 0.03935658559203148.
[I 2024-12-26 03:49:59,853] Trial 1648 finished with value: 0.0706682801246643 and parameters: {'L1_hidden_dim': 64, 'L1_layers_atom': 4, 'L1_layers_mol': 2, 'L1_dropout': 0.28890166022023994, 'L1_out_dim': 128, 'L2_hidden_dim': 128, 'L2_layers_atom': 1, 'L2_layers_mol': 3, 'L2_out_dim': 128, 'L2_dropout': 0.021978211248787065, 'L3_hidden_dim': 128, 'L3_layers_atom': 3, 'L3_layers_mol': 1, 'L3_out_dim': 80, 'L3_dropout': 0.0572578043397313, 'n_mlp_layers': 2, 'mlp_dim_0': 264, 'mlp_dim_1': 376, 'num_heads': 2, 'final_dropout': 0.0895472248669202, 'train_learning_rate': 0.0022121605678474526, 'train_lr_reduce': 0.6}. Best is trial 1286 with value: 0.03935658559203148.
[I 2024-12-26 03:50:44,390] Trial 1647 finished with value: 0.0749383196234703 and parameters: {'L1_hidden_dim': 128, 'L1_layers_atom': 3, 'L1_layers_mol': 3, 'L1_dropout': 0.29922594044449236, 'L1_out_dim': 112, 'L2_hidden_dim': 160, 'L2_layers_atom': 1, 'L2_layers_mol': 3, 'L2_out_dim': 112, 'L2_dropout': 0.011331983544733366, 'L3_hidden_dim': 112, 'L3_layers_atom': 2, 'L3_layers_mol': 1, 'L3_out_dim': 64, 'L3_dropout': 0.014739859581629267, 'n_mlp_layers': 1, 'mlp_dim_0': 360, 'num_heads': 2, 'final_dropout': 0.14968880526878428, 'train_learning_rate': 0.0019417019386532158, 'train_lr_reduce': 0.6}. Best is trial 1286 with value: 0.03935658559203148.
[I 2024-12-26 03:51:02,639] Trial 1649 finished with value: 0.12518826127052307 and parameters: {'L1_hidden_dim': 64, 'L1_layers_atom': 4, 'L1_layers_mol': 2, 'L1_dropout': 0.19922943576789712, 'L1_out_dim': 64, 'L2_hidden_dim': 96, 'L2_layers_atom': 2, 'L2_layers_mol': 2, 'L2_out_dim': 96, 'L2_dropout': 0.1510658357547368, 'L3_hidden_dim': 112, 'L3_layers_atom': 4, 'L3_layers_mol': 1, 'L3_out_dim': 32, 'L3_dropout': 0.23443470252584958, 'n_mlp_layers': 3, 'mlp_dim_0': 96, 'mlp_dim_1': 456, 'mlp_dim_2': 160, 'num_heads': 1, 'final_dropout': 0.15153214428714643, 'train_learning_rate': 0.005312218838101792, 'train_lr_reduce': 0.6}. Best is trial 1286 with value: 0.03935658559203148.
[I 2024-12-26 03:51:13,769] Trial 1650 finished with value: 0.0769132599234581 and parameters: {'L1_hidden_dim': 128, 'L1_layers_atom': 4, 'L1_layers_mol': 4, 'L1_dropout': 0.23277879161012816, 'L1_out_dim': 112, 'L2_hidden_dim': 192, 'L2_layers_atom': 2, 'L2_layers_mol': 1, 'L2_out_dim': 128, 'L2_dropout': 0.01247991572548356, 'L3_hidden_dim': 128, 'L3_layers_atom': 4, 'L3_layers_mol': 2, 'L3_out_dim': 80, 'L3_dropout': 0.2807976581564361, 'n_mlp_layers': 2, 'mlp_dim_0': 80, 'mlp_dim_1': 416, 'num_heads': 2, 'final_dropout': 0.0011692755197966753, 'train_learning_rate': 0.002966914471970278, 'train_lr_reduce': 0.6}. Best is trial 1286 with value: 0.03935658559203148.
[I 2024-12-26 03:52:05,144] Trial 1652 finished with value: 0.07603909820318222 and parameters: {'L1_hidden_dim': 80, 'L1_layers_atom': 4, 'L1_layers_mol': 4, 'L1_dropout': 0.28052313322493433, 'L1_out_dim': 112, 'L2_hidden_dim': 208, 'L2_layers_atom': 1, 'L2_layers_mol': 1, 'L2_out_dim': 128, 'L2_dropout': 0.011600552861375, 'L3_hidden_dim': 96, 'L3_layers_atom': 4, 'L3_layers_mol': 2, 'L3_out_dim': 112, 'L3_dropout': 0.23990879937708254, 'n_mlp_layers': 2, 'mlp_dim_0': 104, 'mlp_dim_1': 368, 'num_heads': 2, 'final_dropout': 0.019268598597778557, 'train_learning_rate': 0.0019456745446200943, 'train_lr_reduce': 0.6}. Best is trial 1286 with value: 0.03935658559203148.
[I 2024-12-26 03:52:23,424] Trial 1651 finished with value: 0.08015240728855133 and parameters: {'L1_hidden_dim': 64, 'L1_layers_atom': 3, 'L1_layers_mol': 2, 'L1_dropout': 0.12804658714169254, 'L1_out_dim': 80, 'L2_hidden_dim': 208, 'L2_layers_atom': 4, 'L2_layers_mol': 2, 'L2_out_dim': 112, 'L2_dropout': 0.10141505889917671, 'L3_hidden_dim': 128, 'L3_layers_atom': 4, 'L3_layers_mol': 1, 'L3_out_dim': 32, 'L3_dropout': 0.27025283860712723, 'n_mlp_layers': 3, 'mlp_dim_0': 272, 'mlp_dim_1': 472, 'mlp_dim_2': 160, 'num_heads': 1, 'final_dropout': 0.1311956947609005, 'train_learning_rate': 0.001465063583352752, 'train_lr_reduce': 0.6}. Best is trial 1286 with value: 0.03935658559203148.
[I 2024-12-26 03:52:31,511] Trial 1653 finished with value: 0.08286041766405106 and parameters: {'L1_hidden_dim': 64, 'L1_layers_atom': 4, 'L1_layers_mol': 3, 'L1_dropout': 0.2792359111729151, 'L1_out_dim': 112, 'L2_hidden_dim': 208, 'L2_layers_atom': 1, 'L2_layers_mol': 4, 'L2_out_dim': 96, 'L2_dropout': 0.10043328782531971, 'L3_hidden_dim': 112, 'L3_layers_atom': 2, 'L3_layers_mol': 1, 'L3_out_dim': 64, 'L3_dropout': 0.010868074382257405, 'n_mlp_layers': 2, 'mlp_dim_0': 288, 'mlp_dim_1': 416, 'num_heads': 1, 'final_dropout': 0.24069595767554103, 'train_learning_rate': 0.000926091738127307, 'train_lr_reduce': 0.6}. Best is trial 1286 with value: 0.03935658559203148.
[I 2024-12-26 03:53:17,329] Trial 1654 finished with value: 0.10110795497894287 and parameters: {'L1_hidden_dim': 80, 'L1_layers_atom': 3, 'L1_layers_mol': 2, 'L1_dropout': 0.17721610416516378, 'L1_out_dim': 80, 'L2_hidden_dim': 96, 'L2_layers_atom': 4, 'L2_layers_mol': 1, 'L2_out_dim': 112, 'L2_dropout': 0.08379516441718834, 'L3_hidden_dim': 112, 'L3_layers_atom': 3, 'L3_layers_mol': 1, 'L3_out_dim': 64, 'L3_dropout': 0.2979415984496421, 'n_mlp_layers': 2, 'mlp_dim_0': 256, 'mlp_dim_1': 376, 'num_heads': 1, 'final_dropout': 0.055005574498181234, 'train_learning_rate': 0.00485714242846608, 'train_lr_reduce': 0.6}. Best is trial 1286 with value: 0.03935658559203148.
[I 2024-12-26 03:53:40,762] Trial 1656 finished with value: 0.13201482594013214 and parameters: {'L1_hidden_dim': 64, 'L1_layers_atom': 4, 'L1_layers_mol': 3, 'L1_dropout': 0.2696674513038034, 'L1_out_dim': 96, 'L2_hidden_dim': 192, 'L2_layers_atom': 2, 'L2_layers_mol': 3, 'L2_out_dim': 128, 'L2_dropout': 0.030684528789907625, 'L3_hidden_dim': 128, 'L3_layers_atom': 4, 'L3_layers_mol': 2, 'L3_out_dim': 48, 'L3_dropout': 0.0657941408876946, 'n_mlp_layers': 2, 'mlp_dim_0': 144, 'mlp_dim_1': 448, 'num_heads': 2, 'final_dropout': 0.15961446701608137, 'train_learning_rate': 0.0038233588989895553, 'train_lr_reduce': 0.6}. Best is trial 1286 with value: 0.03935658559203148.
[I 2024-12-26 03:54:24,522] Trial 1655 finished with value: 0.10061493515968323 and parameters: {'L1_hidden_dim': 64, 'L1_layers_atom': 3, 'L1_layers_mol': 4, 'L1_dropout': 0.24078199722176036, 'L1_out_dim': 112, 'L2_hidden_dim': 208, 'L2_layers_atom': 1, 'L2_layers_mol': 2, 'L2_out_dim': 96, 'L2_dropout': 0.012085129105400001, 'L3_hidden_dim': 64, 'L3_layers_atom': 4, 'L3_layers_mol': 1, 'L3_out_dim': 96, 'L3_dropout': 0.1281321161545582, 'n_mlp_layers': 2, 'mlp_dim_0': 256, 'mlp_dim_1': 472, 'num_heads': 2, 'final_dropout': 0.2242995775808327, 'train_learning_rate': 0.007219441911607033, 'train_lr_reduce': 0.6}. Best is trial 1286 with value: 0.03935658559203148.
[I 2024-12-26 03:54:34,318] Trial 1657 finished with value: 0.07144857943058014 and parameters: {'L1_hidden_dim': 96, 'L1_layers_atom': 3, 'L1_layers_mol': 4, 'L1_dropout': 0.24051947966831821, 'L1_out_dim': 64, 'L2_hidden_dim': 192, 'L2_layers_atom': 1, 'L2_layers_mol': 2, 'L2_out_dim': 112, 'L2_dropout': 0.19869451830981033, 'L3_hidden_dim': 96, 'L3_layers_atom': 4, 'L3_layers_mol': 1, 'L3_out_dim': 80, 'L3_dropout': 0.24385381010555052, 'n_mlp_layers': 3, 'mlp_dim_0': 424, 'mlp_dim_1': 368, 'mlp_dim_2': 216, 'num_heads': 2, 'final_dropout': 0.19725274066779447, 'train_learning_rate': 0.0007722559941383465, 'train_lr_reduce': 0.6}. Best is trial 1286 with value: 0.03935658559203148.
[I 2024-12-26 03:54:56,556] Trial 1658 finished with value: 0.07492531836032867 and parameters: {'L1_hidden_dim': 80, 'L1_layers_atom': 4, 'L1_layers_mol': 4, 'L1_dropout': 0.24644098912977364, 'L1_out_dim': 64, 'L2_hidden_dim': 176, 'L2_layers_atom': 1, 'L2_layers_mol': 1, 'L2_out_dim': 96, 'L2_dropout': 0.030245698338379493, 'L3_hidden_dim': 80, 'L3_layers_atom': 3, 'L3_layers_mol': 2, 'L3_out_dim': 64, 'L3_dropout': 0.23351624677145275, 'n_mlp_layers': 2, 'mlp_dim_0': 32, 'mlp_dim_1': 440, 'num_heads': 2, 'final_dropout': 0.04392394272668945, 'train_learning_rate': 0.005024925743948301, 'train_lr_reduce': 0.6}. Best is trial 1286 with value: 0.03935658559203148.
[I 2024-12-26 03:55:45,831] Trial 1660 finished with value: 0.07992015779018402 and parameters: {'L1_hidden_dim': 64, 'L1_layers_atom': 4, 'L1_layers_mol': 3, 'L1_dropout': 0.1921398259649895, 'L1_out_dim': 96, 'L2_hidden_dim': 192, 'L2_layers_atom': 2, 'L2_layers_mol': 2, 'L2_out_dim': 128, 'L2_dropout': 0.04007202500335147, 'L3_hidden_dim': 112, 'L3_layers_atom': 3, 'L3_layers_mol': 1, 'L3_out_dim': 80, 'L3_dropout': 0.06461479655944526, 'n_mlp_layers': 1, 'mlp_dim_0': 328, 'num_heads': 2, 'final_dropout': 0.23620029602493528, 'train_learning_rate': 0.0015912651962668826, 'train_lr_reduce': 0.6}. Best is trial 1286 with value: 0.03935658559203148.
[I 2024-12-26 03:55:50,448] Trial 1659 finished with value: 0.07780658453702927 and parameters: {'L1_hidden_dim': 96, 'L1_layers_atom': 4, 'L1_layers_mol': 2, 'L1_dropout': 0.17557028373257721, 'L1_out_dim': 80, 'L2_hidden_dim': 208, 'L2_layers_atom': 2, 'L2_layers_mol': 2, 'L2_out_dim': 112, 'L2_dropout': 0.06725108492811525, 'L3_hidden_dim': 128, 'L3_layers_atom': 4, 'L3_layers_mol': 1, 'L3_out_dim': 48, 'L3_dropout': 0.2630969126021162, 'n_mlp_layers': 3, 'mlp_dim_0': 168, 'mlp_dim_1': 408, 'mlp_dim_2': 120, 'num_heads': 1, 'final_dropout': 0.10744955689195335, 'train_learning_rate': 0.0004326325017958855, 'train_lr_reduce': 0.6}. Best is trial 1286 with value: 0.03935658559203148.
[I 2024-12-26 03:56:28,671] Trial 1661 finished with value: 0.06717013567686081 and parameters: {'L1_hidden_dim': 112, 'L1_layers_atom': 4, 'L1_layers_mol': 4, 'L1_dropout': 0.28327152845178805, 'L1_out_dim': 80, 'L2_hidden_dim': 224, 'L2_layers_atom': 1, 'L2_layers_mol': 1, 'L2_out_dim': 112, 'L2_dropout': 0.060230824332829516, 'L3_hidden_dim': 112, 'L3_layers_atom': 4, 'L3_layers_mol': 1, 'L3_out_dim': 112, 'L3_dropout': 0.2472190967972588, 'n_mlp_layers': 2, 'mlp_dim_0': 72, 'mlp_dim_1': 472, 'num_heads': 1, 'final_dropout': 0.08840912046740329, 'train_learning_rate': 0.0028744606846719868, 'train_lr_reduce': 0.6}. Best is trial 1286 with value: 0.03935658559203148.
[I 2024-12-26 03:56:58,751] Trial 1662 finished with value: 0.055141400545835495 and parameters: {'L1_hidden_dim': 80, 'L1_layers_atom': 4, 'L1_layers_mol': 3, 'L1_dropout': 0.27591389219336054, 'L1_out_dim': 48, 'L2_hidden_dim': 160, 'L2_layers_atom': 2, 'L2_layers_mol': 2, 'L2_out_dim': 80, 'L2_dropout': 0.02241502441769752, 'L3_hidden_dim': 128, 'L3_layers_atom': 4, 'L3_layers_mol': 1, 'L3_out_dim': 32, 'L3_dropout': 0.2095741679353636, 'n_mlp_layers': 3, 'mlp_dim_0': 192, 'mlp_dim_1': 368, 'mlp_dim_2': 280, 'num_heads': 1, 'final_dropout': 0.07399102937748957, 'train_learning_rate': 0.002348748401609375, 'train_lr_reduce': 0.6}. Best is trial 1286 with value: 0.03935658559203148.
[I 2024-12-26 03:57:24,822] Trial 1664 finished with value: 0.08571915328502655 and parameters: {'L1_hidden_dim': 80, 'L1_layers_atom': 2, 'L1_layers_mol': 3, 'L1_dropout': 0.26354841161985615, 'L1_out_dim': 64, 'L2_hidden_dim': 240, 'L2_layers_atom': 1, 'L2_layers_mol': 2, 'L2_out_dim': 112, 'L2_dropout': 0.04423102858508923, 'L3_hidden_dim': 112, 'L3_layers_atom': 4, 'L3_layers_mol': 1, 'L3_out_dim': 96, 'L3_dropout': 0.2994288327624698, 'n_mlp_layers': 2, 'mlp_dim_0': 80, 'mlp_dim_1': 472, 'num_heads': 2, 'final_dropout': 0.010476288802489433, 'train_learning_rate': 0.003048498138219007, 'train_lr_reduce': 0.6}. Best is trial 1286 with value: 0.03935658559203148.
[I 2024-12-26 03:57:48,783] Trial 1663 finished with value: 0.13602420687675476 and parameters: {'L1_hidden_dim': 64, 'L1_layers_atom': 3, 'L1_layers_mol': 3, 'L1_dropout': 0.2994989365280178, 'L1_out_dim': 80, 'L2_hidden_dim': 224, 'L2_layers_atom': 1, 'L2_layers_mol': 2, 'L2_out_dim': 128, 'L2_dropout': 0.01870350882834064, 'L3_hidden_dim': 128, 'L3_layers_atom': 2, 'L3_layers_mol': 1, 'L3_out_dim': 64, 'L3_dropout': 0.1842936286821035, 'n_mlp_layers': 2, 'mlp_dim_0': 264, 'mlp_dim_1': 408, 'num_heads': 2, 'final_dropout': 0.11934241303939774, 'train_learning_rate': 0.004801453082289775, 'train_lr_reduce': 0.6}. Best is trial 1286 with value: 0.03935658559203148.
[I 2024-12-26 03:58:41,664] Trial 1665 finished with value: 0.10485966503620148 and parameters: {'L1_hidden_dim': 64, 'L1_layers_atom': 3, 'L1_layers_mol': 4, 'L1_dropout': 0.2401861852587103, 'L1_out_dim': 64, 'L2_hidden_dim': 112, 'L2_layers_atom': 1, 'L2_layers_mol': 2, 'L2_out_dim': 32, 'L2_dropout': 0.056570677812590814, 'L3_hidden_dim': 112, 'L3_layers_atom': 4, 'L3_layers_mol': 1, 'L3_out_dim': 32, 'L3_dropout': 0.2779160443975222, 'n_mlp_layers': 3, 'mlp_dim_0': 80, 'mlp_dim_1': 352, 'mlp_dim_2': 312, 'num_heads': 1, 'final_dropout': 0.1103634627685886, 'train_learning_rate': 0.006064964736792178, 'train_lr_reduce': 0.6}. Best is trial 1286 with value: 0.03935658559203148.
[I 2024-12-26 03:59:18,155] Trial 1666 finished with value: 0.09200123697519302 and parameters: {'L1_hidden_dim': 64, 'L1_layers_atom': 3, 'L1_layers_mol': 2, 'L1_dropout': 0.28838872811869287, 'L1_out_dim': 96, 'L2_hidden_dim': 240, 'L2_layers_atom': 2, 'L2_layers_mol': 3, 'L2_out_dim': 32, 'L2_dropout': 0.038349051336723804, 'L3_hidden_dim': 48, 'L3_layers_atom': 4, 'L3_layers_mol': 3, 'L3_out_dim': 80, 'L3_dropout': 0.008775148876060075, 'n_mlp_layers': 2, 'mlp_dim_0': 448, 'mlp_dim_1': 360, 'num_heads': 1, 'final_dropout': 0.08470660456010976, 'train_learning_rate': 0.004309223660128033, 'train_lr_reduce': 0.6}. Best is trial 1286 with value: 0.03935658559203148.
[I 2024-12-26 04:00:20,501] Trial 1668 finished with value: 0.07338284701108932 and parameters: {'L1_hidden_dim': 96, 'L1_layers_atom': 4, 'L1_layers_mol': 3, 'L1_dropout': 0.29115217194051024, 'L1_out_dim': 48, 'L2_hidden_dim': 144, 'L2_layers_atom': 1, 'L2_layers_mol': 1, 'L2_out_dim': 96, 'L2_dropout': 0.02103080269347509, 'L3_hidden_dim': 128, 'L3_layers_atom': 4, 'L3_layers_mol': 1, 'L3_out_dim': 80, 'L3_dropout': 0.21126386663826718, 'n_mlp_layers': 3, 'mlp_dim_0': 320, 'mlp_dim_1': 360, 'mlp_dim_2': 264, 'num_heads': 2, 'final_dropout': 0.10365347551109094, 'train_learning_rate': 0.0011698143348370397, 'train_lr_reduce': 0.6}. Best is trial 1286 with value: 0.03935658559203148.
[I 2024-12-26 04:00:33,752] Trial 1667 finished with value: 0.08992760628461838 and parameters: {'L1_hidden_dim': 64, 'L1_layers_atom': 4, 'L1_layers_mol': 1, 'L1_dropout': 0.2973815303224484, 'L1_out_dim': 128, 'L2_hidden_dim': 176, 'L2_layers_atom': 3, 'L2_layers_mol': 2, 'L2_out_dim': 64, 'L2_dropout': 0.005506325711597932, 'L3_hidden_dim': 96, 'L3_layers_atom': 3, 'L3_layers_mol': 1, 'L3_out_dim': 112, 'L3_dropout': 0.22649755676322086, 'n_mlp_layers': 3, 'mlp_dim_0': 64, 'mlp_dim_1': 352, 'mlp_dim_2': 280, 'num_heads': 1, 'final_dropout': 0.04832613923167449, 'train_learning_rate': 0.0012974280059371679, 'train_lr_reduce': 0.6}. Best is trial 1286 with value: 0.03935658559203148.
[I 2024-12-26 04:00:39,328] Trial 1669 finished with value: 0.07123883068561554 and parameters: {'L1_hidden_dim': 64, 'L1_layers_atom': 4, 'L1_layers_mol': 3, 'L1_dropout': 0.28895074174528396, 'L1_out_dim': 112, 'L2_hidden_dim': 240, 'L2_layers_atom': 1, 'L2_layers_mol': 2, 'L2_out_dim': 112, 'L2_dropout': 0.018860388950440485, 'L3_hidden_dim': 96, 'L3_layers_atom': 3, 'L3_layers_mol': 2, 'L3_out_dim': 96, 'L3_dropout': 0.15884721937360152, 'n_mlp_layers': 3, 'mlp_dim_0': 336, 'mlp_dim_1': 360, 'mlp_dim_2': 328, 'num_heads': 2, 'final_dropout': 0.10399084569805853, 'train_learning_rate': 0.002480895050166451, 'train_lr_reduce': 0.6}. Best is trial 1286 with value: 0.03935658559203148.
[I 2024-12-26 04:01:03,059] Trial 1670 finished with value: 0.19492852687835693 and parameters: {'L1_hidden_dim': 128, 'L1_layers_atom': 3, 'L1_layers_mol': 3, 'L1_dropout': 0.2576922443612288, 'L1_out_dim': 48, 'L2_hidden_dim': 128, 'L2_layers_atom': 4, 'L2_layers_mol': 2, 'L2_out_dim': 48, 'L2_dropout': 0.06139590791987268, 'L3_hidden_dim': 112, 'L3_layers_atom': 4, 'L3_layers_mol': 1, 'L3_out_dim': 64, 'L3_dropout': 0.1630803510770474, 'n_mlp_layers': 3, 'mlp_dim_0': 352, 'mlp_dim_1': 360, 'mlp_dim_2': 264, 'num_heads': 1, 'final_dropout': 0.08453345540486909, 'train_learning_rate': 0.005241129995128803, 'train_lr_reduce': 0.6}. Best is trial 1286 with value: 0.03935658559203148.
[I 2024-12-26 04:02:26,292] Trial 1673 finished with value: 0.08582378178834915 and parameters: {'L1_hidden_dim': 128, 'L1_layers_atom': 4, 'L1_layers_mol': 3, 'L1_dropout': 0.26964036203860225, 'L1_out_dim': 96, 'L2_hidden_dim': 176, 'L2_layers_atom': 2, 'L2_layers_mol': 3, 'L2_out_dim': 128, 'L2_dropout': 0.020420617609747005, 'L3_hidden_dim': 128, 'L3_layers_atom': 3, 'L3_layers_mol': 1, 'L3_out_dim': 80, 'L3_dropout': 0.08074891561425818, 'n_mlp_layers': 2, 'mlp_dim_0': 280, 'mlp_dim_1': 352, 'num_heads': 2, 'final_dropout': 0.21913096724238976, 'train_learning_rate': 0.0027479995992952576, 'train_lr_reduce': 0.6}. Best is trial 1286 with value: 0.03935658559203148.
[I 2024-12-26 04:02:50,776] Trial 1672 finished with value: 0.11179943382740021 and parameters: {'L1_hidden_dim': 128, 'L1_layers_atom': 4, 'L1_layers_mol': 3, 'L1_dropout': 0.2459303570917598, 'L1_out_dim': 48, 'L2_hidden_dim': 176, 'L2_layers_atom': 3, 'L2_layers_mol': 2, 'L2_out_dim': 48, 'L2_dropout': 0.06898992990056312, 'L3_hidden_dim': 128, 'L3_layers_atom': 4, 'L3_layers_mol': 1, 'L3_out_dim': 32, 'L3_dropout': 0.24171971934440897, 'n_mlp_layers': 3, 'mlp_dim_0': 160, 'mlp_dim_1': 376, 'mlp_dim_2': 320, 'num_heads': 1, 'final_dropout': 0.13806634309152258, 'train_learning_rate': 0.00630465888688697, 'train_lr_reduce': 0.6}. Best is trial 1286 with value: 0.03935658559203148.
[I 2024-12-26 04:02:53,501] Trial 1671 finished with value: 0.06623126566410065 and parameters: {'L1_hidden_dim': 96, 'L1_layers_atom': 4, 'L1_layers_mol': 3, 'L1_dropout': 0.27943292876093917, 'L1_out_dim': 96, 'L2_hidden_dim': 176, 'L2_layers_atom': 1, 'L2_layers_mol': 2, 'L2_out_dim': 128, 'L2_dropout': 0.10979393332266632, 'L3_hidden_dim': 112, 'L3_layers_atom': 4, 'L3_layers_mol': 1, 'L3_out_dim': 64, 'L3_dropout': 0.25361279212146204, 'n_mlp_layers': 2, 'mlp_dim_0': 376, 'mlp_dim_1': 368, 'num_heads': 2, 'final_dropout': 0.17848816466589365, 'train_learning_rate': 0.00042243569792514766, 'train_lr_reduce': 0.6}. Best is trial 1286 with value: 0.03935658559203148.
