[I 2024-12-26 06:26:24,292] Trial 1326 finished with value: 0.01534624770283699 and parameters: {'L1_hidden_dim': 144, 'L1_layers_atom': 2, 'L1_layers_mol': 1, 'L1_dropout': 0.03766526082881549, 'L1_out_dim': 80, 'L2_hidden_dim': 144, 'L2_layers_atom': 1, 'L2_layers_mol': 4, 'L2_out_dim': 128, 'L2_dropout': 0.02761048274930679, 'L3_hidden_dim': 96, 'L3_layers_atom': 4, 'L3_layers_mol': 1, 'L3_out_dim': 128, 'L3_dropout': 0.07939194766913851, 'n_mlp_layers': 3, 'mlp_dim_0': 408, 'mlp_dim_1': 480, 'mlp_dim_2': 352, 'num_heads': 2, 'final_dropout': 0.1938552467529071, 'train_learning_rate': 0.0001553977618485507, 'train_lr_reduce': 0.6}. Best is trial 1073 with value: 0.009419886395335197.
[I 2024-12-26 06:27:22,812] Trial 1328 finished with value: 0.011242715641856194 and parameters: {'L1_hidden_dim': 64, 'L1_layers_atom': 3, 'L1_layers_mol': 2, 'L1_dropout': 0.021236318621842977, 'L1_out_dim': 64, 'L2_hidden_dim': 160, 'L2_layers_atom': 2, 'L2_layers_mol': 4, 'L2_out_dim': 112, 'L2_dropout': 0.01741949349201792, 'L3_hidden_dim': 96, 'L3_layers_atom': 4, 'L3_layers_mol': 1, 'L3_out_dim': 96, 'L3_dropout': 0.05553414910405771, 'n_mlp_layers': 3, 'mlp_dim_0': 440, 'mlp_dim_1': 496, 'mlp_dim_2': 360, 'num_heads': 2, 'final_dropout': 0.006590102146187521, 'train_learning_rate': 0.0006271189290638645, 'train_lr_reduce': 0.6}. Best is trial 1073 with value: 0.009419886395335197.
[I 2024-12-26 06:29:06,050] Trial 1331 finished with value: 0.013120866380631924 and parameters: {'L1_hidden_dim': 64, 'L1_layers_atom': 3, 'L1_layers_mol': 3, 'L1_dropout': 0.0056784689484341115, 'L1_out_dim': 48, 'L2_hidden_dim': 176, 'L2_layers_atom': 1, 'L2_layers_mol': 4, 'L2_out_dim': 64, 'L2_dropout': 0.04848159415029716, 'L3_hidden_dim': 112, 'L3_layers_atom': 4, 'L3_layers_mol': 2, 'L3_out_dim': 96, 'L3_dropout': 0.09333426443519298, 'n_mlp_layers': 3, 'mlp_dim_0': 280, 'mlp_dim_1': 472, 'mlp_dim_2': 400, 'num_heads': 2, 'final_dropout': 0.15897028216670947, 'train_learning_rate': 0.0014382059153740907, 'train_lr_reduce': 0.6}. Best is trial 1073 with value: 0.009419886395335197.
[I 2024-12-26 06:29:36,742] Trial 1330 finished with value: 0.014656303450465202 and parameters: {'L1_hidden_dim': 128, 'L1_layers_atom': 3, 'L1_layers_mol': 4, 'L1_dropout': 0.04415849317096973, 'L1_out_dim': 64, 'L2_hidden_dim': 240, 'L2_layers_atom': 1, 'L2_layers_mol': 4, 'L2_out_dim': 128, 'L2_dropout': 0.06574652266985336, 'L3_hidden_dim': 80, 'L3_layers_atom': 4, 'L3_layers_mol': 1, 'L3_out_dim': 112, 'L3_dropout': 0.07673699886247942, 'n_mlp_layers': 3, 'mlp_dim_0': 496, 'mlp_dim_1': 512, 'mlp_dim_2': 368, 'num_heads': 2, 'final_dropout': 0.0780291849622491, 'train_learning_rate': 0.00240885650949812, 'train_lr_reduce': 0.6}. Best is trial 1073 with value: 0.009419886395335197.
[I 2024-12-26 06:30:18,544] Trial 1329 finished with value: 0.02147369459271431 and parameters: {'L1_hidden_dim': 96, 'L1_layers_atom': 3, 'L1_layers_mol': 3, 'L1_dropout': 0.03554938843192092, 'L1_out_dim': 32, 'L2_hidden_dim': 256, 'L2_layers_atom': 1, 'L2_layers_mol': 4, 'L2_out_dim': 128, 'L2_dropout': 0.057602236079923735, 'L3_hidden_dim': 80, 'L3_layers_atom': 3, 'L3_layers_mol': 1, 'L3_out_dim': 128, 'L3_dropout': 0.003749725609282495, 'n_mlp_layers': 3, 'mlp_dim_0': 216, 'mlp_dim_1': 480, 'mlp_dim_2': 416, 'num_heads': 2, 'final_dropout': 0.007467532974562596, 'train_learning_rate': 0.0024846583124619546, 'train_lr_reduce': 0.6}. Best is trial 1073 with value: 0.009419886395335197.
[I 2024-12-26 06:31:12,057] Trial 1332 finished with value: 0.011538436636328697 and parameters: {'L1_hidden_dim': 192, 'L1_layers_atom': 1, 'L1_layers_mol': 2, 'L1_dropout': 0.002903925934289408, 'L1_out_dim': 64, 'L2_hidden_dim': 256, 'L2_layers_atom': 1, 'L2_layers_mol': 3, 'L2_out_dim': 128, 'L2_dropout': 0.02418246168224514, 'L3_hidden_dim': 32, 'L3_layers_atom': 1, 'L3_layers_mol': 1, 'L3_out_dim': 128, 'L3_dropout': 0.05087977087302468, 'n_mlp_layers': 3, 'mlp_dim_0': 480, 'mlp_dim_1': 488, 'mlp_dim_2': 368, 'num_heads': 2, 'final_dropout': 0.2960905756710691, 'train_learning_rate': 0.0005166748043924507, 'train_lr_reduce': 0.6}. Best is trial 1073 with value: 0.009419886395335197.
[I 2024-12-26 06:32:23,479] Trial 1333 finished with value: 0.012068413197994232 and parameters: {'L1_hidden_dim': 208, 'L1_layers_atom': 4, 'L1_layers_mol': 3, 'L1_dropout': 0.054623529878774627, 'L1_out_dim': 48, 'L2_hidden_dim': 144, 'L2_layers_atom': 2, 'L2_layers_mol': 1, 'L2_out_dim': 128, 'L2_dropout': 0.0034898885221634167, 'L3_hidden_dim': 112, 'L3_layers_atom': 4, 'L3_layers_mol': 3, 'L3_out_dim': 128, 'L3_dropout': 0.005539895246052584, 'n_mlp_layers': 3, 'mlp_dim_0': 488, 'mlp_dim_1': 512, 'mlp_dim_2': 352, 'num_heads': 2, 'final_dropout': 0.12949992542085872, 'train_learning_rate': 0.00029145474272368243, 'train_lr_reduce': 0.6}. Best is trial 1073 with value: 0.009419886395335197.
[I 2024-12-26 06:33:15,244] Trial 1334 finished with value: 0.013408787548542023 and parameters: {'L1_hidden_dim': 64, 'L1_layers_atom': 3, 'L1_layers_mol': 4, 'L1_dropout': 0.02237307206365513, 'L1_out_dim': 128, 'L2_hidden_dim': 256, 'L2_layers_atom': 2, 'L2_layers_mol': 2, 'L2_out_dim': 64, 'L2_dropout': 0.09033065618099392, 'L3_hidden_dim': 96, 'L3_layers_atom': 4, 'L3_layers_mol': 1, 'L3_out_dim': 128, 'L3_dropout': 0.030071425689441128, 'n_mlp_layers': 3, 'mlp_dim_0': 512, 'mlp_dim_1': 440, 'mlp_dim_2': 360, 'num_heads': 2, 'final_dropout': 0.10832382768406554, 'train_learning_rate': 0.00016154543056426978, 'train_lr_reduce': 0.6}. Best is trial 1073 with value: 0.009419886395335197.
[I 2024-12-26 06:34:03,401] Trial 1335 finished with value: 0.010916913859546185 and parameters: {'L1_hidden_dim': 144, 'L1_layers_atom': 2, 'L1_layers_mol': 4, 'L1_dropout': 0.03181387926012541, 'L1_out_dim': 128, 'L2_hidden_dim': 256, 'L2_layers_atom': 1, 'L2_layers_mol': 3, 'L2_out_dim': 128, 'L2_dropout': 0.01119839872582384, 'L3_hidden_dim': 80, 'L3_layers_atom': 4, 'L3_layers_mol': 1, 'L3_out_dim': 112, 'L3_dropout': 0.1140535556881263, 'n_mlp_layers': 3, 'mlp_dim_0': 176, 'mlp_dim_1': 448, 'mlp_dim_2': 408, 'num_heads': 2, 'final_dropout': 0.10048529388716992, 'train_learning_rate': 0.00016640384872438922, 'train_lr_reduce': 0.6}. Best is trial 1073 with value: 0.009419886395335197.
[I 2024-12-26 06:35:16,606] Trial 1336 finished with value: 0.030356910079717636 and parameters: {'L1_hidden_dim': 128, 'L1_layers_atom': 2, 'L1_layers_mol': 4, 'L1_dropout': 0.07300417930688104, 'L1_out_dim': 96, 'L2_hidden_dim': 224, 'L2_layers_atom': 2, 'L2_layers_mol': 3, 'L2_out_dim': 80, 'L2_dropout': 0.09424821157609581, 'L3_hidden_dim': 128, 'L3_layers_atom': 4, 'L3_layers_mol': 1, 'L3_out_dim': 128, 'L3_dropout': 0.14970556345214642, 'n_mlp_layers': 2, 'mlp_dim_0': 104, 'mlp_dim_1': 464, 'num_heads': 2, 'final_dropout': 0.014202182432389784, 'train_learning_rate': 0.00015322194209929085, 'train_lr_reduce': 0.6}. Best is trial 1073 with value: 0.009419886395335197.
[I 2024-12-26 06:35:21,424] Trial 1337 finished with value: 0.010552842170000076 and parameters: {'L1_hidden_dim': 64, 'L1_layers_atom': 3, 'L1_layers_mol': 2, 'L1_dropout': 0.014668926878268599, 'L1_out_dim': 80, 'L2_hidden_dim': 224, 'L2_layers_atom': 1, 'L2_layers_mol': 4, 'L2_out_dim': 112, 'L2_dropout': 0.058136235208068175, 'L3_hidden_dim': 112, 'L3_layers_atom': 4, 'L3_layers_mol': 1, 'L3_out_dim': 128, 'L3_dropout': 0.05827214000194289, 'n_mlp_layers': 3, 'mlp_dim_0': 504, 'mlp_dim_1': 448, 'mlp_dim_2': 344, 'num_heads': 2, 'final_dropout': 0.12172728404411487, 'train_learning_rate': 0.0007937440164730246, 'train_lr_reduce': 0.6}. Best is trial 1073 with value: 0.009419886395335197.
[I 2024-12-26 06:37:18,184] Trial 1338 finished with value: 0.010442993603646755 and parameters: {'L1_hidden_dim': 112, 'L1_layers_atom': 2, 'L1_layers_mol': 2, 'L1_dropout': 0.0808866403364536, 'L1_out_dim': 96, 'L2_hidden_dim': 192, 'L2_layers_atom': 2, 'L2_layers_mol': 4, 'L2_out_dim': 128, 'L2_dropout': 0.0006060466085590788, 'L3_hidden_dim': 80, 'L3_layers_atom': 4, 'L3_layers_mol': 1, 'L3_out_dim': 112, 'L3_dropout': 0.12609333579696058, 'n_mlp_layers': 3, 'mlp_dim_0': 512, 'mlp_dim_1': 512, 'mlp_dim_2': 456, 'num_heads': 2, 'final_dropout': 0.08862941211288872, 'train_learning_rate': 0.0003679073685148505, 'train_lr_reduce': 0.6}. Best is trial 1073 with value: 0.009419886395335197.
[I 2024-12-26 06:37:46,132] Trial 1340 finished with value: 0.010777126997709274 and parameters: {'L1_hidden_dim': 112, 'L1_layers_atom': 3, 'L1_layers_mol': 4, 'L1_dropout': 0.024916085095965948, 'L1_out_dim': 112, 'L2_hidden_dim': 256, 'L2_layers_atom': 1, 'L2_layers_mol': 4, 'L2_out_dim': 48, 'L2_dropout': 0.06400463259820038, 'L3_hidden_dim': 80, 'L3_layers_atom': 4, 'L3_layers_mol': 1, 'L3_out_dim': 128, 'L3_dropout': 0.11514613730059191, 'n_mlp_layers': 3, 'mlp_dim_0': 144, 'mlp_dim_1': 432, 'mlp_dim_2': 344, 'num_heads': 2, 'final_dropout': 0.0811385687590506, 'train_learning_rate': 0.0004996557290123895, 'train_lr_reduce': 0.6}. Best is trial 1073 with value: 0.009419886395335197.
[I 2024-12-26 06:37:55,674] Trial 1339 finished with value: 0.028209343552589417 and parameters: {'L1_hidden_dim': 96, 'L1_layers_atom': 1, 'L1_layers_mol': 1, 'L1_dropout': 0.11401726530861578, 'L1_out_dim': 48, 'L2_hidden_dim': 208, 'L2_layers_atom': 1, 'L2_layers_mol': 3, 'L2_out_dim': 112, 'L2_dropout': 0.08657851789073549, 'L3_hidden_dim': 64, 'L3_layers_atom': 4, 'L3_layers_mol': 1, 'L3_out_dim': 128, 'L3_dropout': 0.006556599745021027, 'n_mlp_layers': 3, 'mlp_dim_0': 408, 'mlp_dim_1': 432, 'mlp_dim_2': 400, 'num_heads': 2, 'final_dropout': 0.15428789082886327, 'train_learning_rate': 0.00014829064872514175, 'train_lr_reduce': 0.6}. Best is trial 1073 with value: 0.009419886395335197.
[I 2024-12-26 06:39:17,861] Trial 1342 finished with value: 0.031519170850515366 and parameters: {'L1_hidden_dim': 160, 'L1_layers_atom': 4, 'L1_layers_mol': 2, 'L1_dropout': 0.1006923036645975, 'L1_out_dim': 48, 'L2_hidden_dim': 128, 'L2_layers_atom': 1, 'L2_layers_mol': 4, 'L2_out_dim': 128, 'L2_dropout': 0.07584430644075064, 'L3_hidden_dim': 64, 'L3_layers_atom': 4, 'L3_layers_mol': 1, 'L3_out_dim': 128, 'L3_dropout': 0.03898027099456344, 'n_mlp_layers': 3, 'mlp_dim_0': 512, 'mlp_dim_1': 472, 'mlp_dim_2': 344, 'num_heads': 2, 'final_dropout': 0.10822267235763038, 'train_learning_rate': 0.002591563944248578, 'train_lr_reduce': 0.6}. Best is trial 1073 with value: 0.009419886395335197.
[I 2024-12-26 06:39:59,573] Trial 1341 finished with value: 0.015083285048604012 and parameters: {'L1_hidden_dim': 96, 'L1_layers_atom': 4, 'L1_layers_mol': 2, 'L1_dropout': 0.05214238347258401, 'L1_out_dim': 64, 'L2_hidden_dim': 208, 'L2_layers_atom': 1, 'L2_layers_mol': 4, 'L2_out_dim': 128, 'L2_dropout': 0.09284876970918529, 'L3_hidden_dim': 96, 'L3_layers_atom': 4, 'L3_layers_mol': 1, 'L3_out_dim': 112, 'L3_dropout': 0.03853382463633535, 'n_mlp_layers': 3, 'mlp_dim_0': 352, 'mlp_dim_1': 472, 'mlp_dim_2': 344, 'num_heads': 1, 'final_dropout': 0.11649684243826175, 'train_learning_rate': 0.0005090156528893499, 'train_lr_reduce': 0.6}. Best is trial 1073 with value: 0.009419886395335197.
[I 2024-12-26 06:40:41,205] Trial 1343 finished with value: 0.016345802694559097 and parameters: {'L1_hidden_dim': 80, 'L1_layers_atom': 2, 'L1_layers_mol': 4, 'L1_dropout': 0.022218724443013236, 'L1_out_dim': 112, 'L2_hidden_dim': 192, 'L2_layers_atom': 1, 'L2_layers_mol': 2, 'L2_out_dim': 96, 'L2_dropout': 0.05563883696346808, 'L3_hidden_dim': 128, 'L3_layers_atom': 3, 'L3_layers_mol': 1, 'L3_out_dim': 128, 'L3_dropout': 0.09279746117094025, 'n_mlp_layers': 2, 'mlp_dim_0': 288, 'mlp_dim_1': 432, 'num_heads': 2, 'final_dropout': 0.07536165352418522, 'train_learning_rate': 0.00020081365690983031, 'train_lr_reduce': 0.6}. Best is trial 1073 with value: 0.009419886395335197.
[I 2024-12-26 06:42:03,906] Trial 1344 finished with value: 0.013693026266992092 and parameters: {'L1_hidden_dim': 80, 'L1_layers_atom': 3, 'L1_layers_mol': 1, 'L1_dropout': 0.05610906690507214, 'L1_out_dim': 48, 'L2_hidden_dim': 240, 'L2_layers_atom': 1, 'L2_layers_mol': 4, 'L2_out_dim': 128, 'L2_dropout': 0.0468102368150075, 'L3_hidden_dim': 80, 'L3_layers_atom': 4, 'L3_layers_mol': 2, 'L3_out_dim': 112, 'L3_dropout': 0.0417165174166704, 'n_mlp_layers': 2, 'mlp_dim_0': 296, 'mlp_dim_1': 432, 'num_heads': 2, 'final_dropout': 0.054535481335141106, 'train_learning_rate': 0.0004098036257810527, 'train_lr_reduce': 0.6}. Best is trial 1073 with value: 0.009419886395335197.
[I 2024-12-26 06:42:35,892] Trial 1345 finished with value: 0.014247086830437183 and parameters: {'L1_hidden_dim': 224, 'L1_layers_atom': 4, 'L1_layers_mol': 3, 'L1_dropout': 0.02348141361649581, 'L1_out_dim': 48, 'L2_hidden_dim': 256, 'L2_layers_atom': 3, 'L2_layers_mol': 1, 'L2_out_dim': 128, 'L2_dropout': 0.018325143685095545, 'L3_hidden_dim': 96, 'L3_layers_atom': 4, 'L3_layers_mol': 2, 'L3_out_dim': 112, 'L3_dropout': 0.21806077143702202, 'n_mlp_layers': 2, 'mlp_dim_0': 504, 'mlp_dim_1': 472, 'num_heads': 1, 'final_dropout': 0.12353916376529023, 'train_learning_rate': 0.0001466668488889669, 'train_lr_reduce': 0.6}. Best is trial 1073 with value: 0.009419886395335197.
[I 2024-12-26 06:43:24,563] Trial 1346 finished with value: 0.015194352716207504 and parameters: {'L1_hidden_dim': 144, 'L1_layers_atom': 1, 'L1_layers_mol': 3, 'L1_dropout': 0.27733542324394517, 'L1_out_dim': 64, 'L2_hidden_dim': 192, 'L2_layers_atom': 2, 'L2_layers_mol': 1, 'L2_out_dim': 96, 'L2_dropout': 0.10542124201108208, 'L3_hidden_dim': 96, 'L3_layers_atom': 2, 'L3_layers_mol': 1, 'L3_out_dim': 80, 'L3_dropout': 0.03221431428024478, 'n_mlp_layers': 1, 'mlp_dim_0': 448, 'num_heads': 2, 'final_dropout': 0.0821709591799769, 'train_learning_rate': 0.0015151279548817522, 'train_lr_reduce': 0.6}. Best is trial 1073 with value: 0.009419886395335197.
[I 2024-12-26 06:44:53,664] Trial 1347 finished with value: 0.011567698791623116 and parameters: {'L1_hidden_dim': 80, 'L1_layers_atom': 3, 'L1_layers_mol': 3, 'L1_dropout': 0.06891823193928624, 'L1_out_dim': 64, 'L2_hidden_dim': 240, 'L2_layers_atom': 2, 'L2_layers_mol': 4, 'L2_out_dim': 112, 'L2_dropout': 0.053912206009351094, 'L3_hidden_dim': 112, 'L3_layers_atom': 2, 'L3_layers_mol': 1, 'L3_out_dim': 128, 'L3_dropout': 0.020229320809498068, 'n_mlp_layers': 3, 'mlp_dim_0': 464, 'mlp_dim_1': 424, 'mlp_dim_2': 344, 'num_heads': 2, 'final_dropout': 0.04116431610894351, 'train_learning_rate': 0.0006199606344563805, 'train_lr_reduce': 0.6}. Best is trial 1073 with value: 0.009419886395335197.
[I 2024-12-26 06:45:08,136] Trial 1348 finished with value: 0.029580876231193542 and parameters: {'L1_hidden_dim': 128, 'L1_layers_atom': 3, 'L1_layers_mol': 4, 'L1_dropout': 0.11560990867204435, 'L1_out_dim': 96, 'L2_hidden_dim': 176, 'L2_layers_atom': 1, 'L2_layers_mol': 3, 'L2_out_dim': 96, 'L2_dropout': 0.1161950682979113, 'L3_hidden_dim': 128, 'L3_layers_atom': 3, 'L3_layers_mol': 1, 'L3_out_dim': 128, 'L3_dropout': 0.12112386439201142, 'n_mlp_layers': 3, 'mlp_dim_0': 112, 'mlp_dim_1': 488, 'mlp_dim_2': 400, 'num_heads': 1, 'final_dropout': 0.09563023672496793, 'train_learning_rate': 0.0003957292217124201, 'train_lr_reduce': 0.6}. Best is trial 1073 with value: 0.009419886395335197.
[I 2024-12-26 06:45:21,336] Trial 1349 finished with value: 0.01044685859233141 and parameters: {'L1_hidden_dim': 256, 'L1_layers_atom': 3, 'L1_layers_mol': 1, 'L1_dropout': 0.10171374410757306, 'L1_out_dim': 32, 'L2_hidden_dim': 192, 'L2_layers_atom': 1, 'L2_layers_mol': 1, 'L2_out_dim': 128, 'L2_dropout': 0.006814343803240497, 'L3_hidden_dim': 96, 'L3_layers_atom': 2, 'L3_layers_mol': 1, 'L3_out_dim': 80, 'L3_dropout': 0.026067970199732025, 'n_mlp_layers': 3, 'mlp_dim_0': 160, 'mlp_dim_1': 512, 'mlp_dim_2': 376, 'num_heads': 2, 'final_dropout': 0.2878856216103738, 'train_learning_rate': 0.0006550225349091427, 'train_lr_reduce': 0.6}. Best is trial 1073 with value: 0.009419886395335197.
[I 2024-12-26 06:47:58,717] Trial 1350 finished with value: 0.01356497872620821 and parameters: {'L1_hidden_dim': 128, 'L1_layers_atom': 3, 'L1_layers_mol': 4, 'L1_dropout': 0.059740143311320285, 'L1_out_dim': 112, 'L2_hidden_dim': 224, 'L2_layers_atom': 1, 'L2_layers_mol': 3, 'L2_out_dim': 128, 'L2_dropout': 0.002165579380994813, 'L3_hidden_dim': 128, 'L3_layers_atom': 4, 'L3_layers_mol': 1, 'L3_out_dim': 128, 'L3_dropout': 0.04644906824895474, 'n_mlp_layers': 2, 'mlp_dim_0': 32, 'mlp_dim_1': 432, 'num_heads': 2, 'final_dropout': 0.04103437528851793, 'train_learning_rate': 0.00017280974524160652, 'train_lr_reduce': 0.6}. Best is trial 1073 with value: 0.009419886395335197.
[I 2024-12-26 06:48:23,316] Trial 1352 finished with value: 0.018131762742996216 and parameters: {'L1_hidden_dim': 160, 'L1_layers_atom': 3, 'L1_layers_mol': 1, 'L1_dropout': 0.007400538928957919, 'L1_out_dim': 64, 'L2_hidden_dim': 208, 'L2_layers_atom': 1, 'L2_layers_mol': 3, 'L2_out_dim': 112, 'L2_dropout': 0.0188154081285648, 'L3_hidden_dim': 64, 'L3_layers_atom': 3, 'L3_layers_mol': 1, 'L3_out_dim': 112, 'L3_dropout': 0.10427376774568062, 'n_mlp_layers': 3, 'mlp_dim_0': 344, 'mlp_dim_1': 480, 'mlp_dim_2': 336, 'num_heads': 2, 'final_dropout': 0.10001959825895126, 'train_learning_rate': 0.003116712214921424, 'train_lr_reduce': 0.6}. Best is trial 1073 with value: 0.009419886395335197.
[I 2024-12-26 06:48:31,050] Trial 1351 finished with value: 0.011040081270039082 and parameters: {'L1_hidden_dim': 80, 'L1_layers_atom': 3, 'L1_layers_mol': 3, 'L1_dropout': 0.057318907557312546, 'L1_out_dim': 128, 'L2_hidden_dim': 240, 'L2_layers_atom': 2, 'L2_layers_mol': 3, 'L2_out_dim': 96, 'L2_dropout': 0.0004650685412303304, 'L3_hidden_dim': 96, 'L3_layers_atom': 4, 'L3_layers_mol': 1, 'L3_out_dim': 112, 'L3_dropout': 0.14034730698634929, 'n_mlp_layers': 2, 'mlp_dim_0': 304, 'mlp_dim_1': 424, 'num_heads': 2, 'final_dropout': 0.03972147930029904, 'train_learning_rate': 0.000320429935777175, 'train_lr_reduce': 0.6}. Best is trial 1073 with value: 0.009419886395335197.
[I 2024-12-26 06:51:01,219] Trial 1353 finished with value: 0.011000001803040504 and parameters: {'L1_hidden_dim': 96, 'L1_layers_atom': 3, 'L1_layers_mol': 4, 'L1_dropout': 0.12052430816294027, 'L1_out_dim': 112, 'L2_hidden_dim': 256, 'L2_layers_atom': 3, 'L2_layers_mol': 3, 'L2_out_dim': 64, 'L2_dropout': 0.07603829038691906, 'L3_hidden_dim': 128, 'L3_layers_atom': 3, 'L3_layers_mol': 2, 'L3_out_dim': 112, 'L3_dropout': 0.06084121648660219, 'n_mlp_layers': 3, 'mlp_dim_0': 128, 'mlp_dim_1': 424, 'mlp_dim_2': 440, 'num_heads': 2, 'final_dropout': 0.07779322224827229, 'train_learning_rate': 0.0004448029397924922, 'train_lr_reduce': 0.6}. Best is trial 1073 with value: 0.009419886395335197.
[I 2024-12-26 06:51:21,866] Trial 1354 finished with value: 0.01206579152494669 and parameters: {'L1_hidden_dim': 80, 'L1_layers_atom': 4, 'L1_layers_mol': 1, 'L1_dropout': 0.016945151844831804, 'L1_out_dim': 64, 'L2_hidden_dim': 256, 'L2_layers_atom': 1, 'L2_layers_mol': 4, 'L2_out_dim': 128, 'L2_dropout': 0.04169326746748766, 'L3_hidden_dim': 48, 'L3_layers_atom': 4, 'L3_layers_mol': 2, 'L3_out_dim': 128, 'L3_dropout': 0.04576837707385606, 'n_mlp_layers': 3, 'mlp_dim_0': 480, 'mlp_dim_1': 408, 'mlp_dim_2': 336, 'num_heads': 2, 'final_dropout': 0.09186831455712909, 'train_learning_rate': 0.000656858196679311, 'train_lr_reduce': 0.6}. Best is trial 1073 with value: 0.009419886395335197.
[I 2024-12-26 06:51:43,055] Trial 1355 finished with value: 0.011260634288191795 and parameters: {'L1_hidden_dim': 64, 'L1_layers_atom': 3, 'L1_layers_mol': 4, 'L1_dropout': 0.027215348429097043, 'L1_out_dim': 128, 'L2_hidden_dim': 240, 'L2_layers_atom': 2, 'L2_layers_mol': 4, 'L2_out_dim': 64, 'L2_dropout': 0.0985388320400761, 'L3_hidden_dim': 32, 'L3_layers_atom': 3, 'L3_layers_mol': 1, 'L3_out_dim': 128, 'L3_dropout': 0.019919467564106064, 'n_mlp_layers': 3, 'mlp_dim_0': 272, 'mlp_dim_1': 464, 'mlp_dim_2': 376, 'num_heads': 2, 'final_dropout': 0.10590828433818053, 'train_learning_rate': 0.0008441768940062356, 'train_lr_reduce': 0.6}. Best is trial 1073 with value: 0.009419886395335197.
[I 2024-12-26 06:53:37,201] Trial 1356 finished with value: 0.01543975155800581 and parameters: {'L1_hidden_dim': 192, 'L1_layers_atom': 4, 'L1_layers_mol': 1, 'L1_dropout': 0.12023507093525754, 'L1_out_dim': 48, 'L2_hidden_dim': 224, 'L2_layers_atom': 1, 'L2_layers_mol': 3, 'L2_out_dim': 64, 'L2_dropout': 0.054654578365380194, 'L3_hidden_dim': 80, 'L3_layers_atom': 1, 'L3_layers_mol': 2, 'L3_out_dim': 80, 'L3_dropout': 0.05717308232973069, 'n_mlp_layers': 3, 'mlp_dim_0': 168, 'mlp_dim_1': 408, 'mlp_dim_2': 328, 'num_heads': 2, 'final_dropout': 0.13825592889924687, 'train_learning_rate': 0.0001434473081147117, 'train_lr_reduce': 0.6}. Best is trial 1073 with value: 0.009419886395335197.
[I 2024-12-26 06:54:00,852] Trial 1357 finished with value: 0.010427836328744888 and parameters: {'L1_hidden_dim': 96, 'L1_layers_atom': 4, 'L1_layers_mol': 2, 'L1_dropout': 0.07623489756825845, 'L1_out_dim': 80, 'L2_hidden_dim': 176, 'L2_layers_atom': 2, 'L2_layers_mol': 1, 'L2_out_dim': 128, 'L2_dropout': 0.022444150923760106, 'L3_hidden_dim': 128, 'L3_layers_atom': 1, 'L3_layers_mol': 3, 'L3_out_dim': 80, 'L3_dropout': 0.02926999306250759, 'n_mlp_layers': 3, 'mlp_dim_0': 424, 'mlp_dim_1': 472, 'mlp_dim_2': 312, 'num_heads': 2, 'final_dropout': 0.17208804726696753, 'train_learning_rate': 0.0003488451297764925, 'train_lr_reduce': 0.6}. Best is trial 1073 with value: 0.009419886395335197.
