[I 2024-12-26 06:00:13,252] Trial 1898 finished with value: 0.10650743544101715 and parameters: {'L1_hidden_dim': 80, 'L1_layers_atom': 1, 'L1_layers_mol': 1, 'L1_dropout': 0.10425109170919883, 'L1_out_dim': 48, 'L2_hidden_dim': 256, 'L2_layers_atom': 1, 'L2_layers_mol': 4, 'L2_out_dim': 96, 'L2_dropout': 0.07567955754609243, 'L3_hidden_dim': 32, 'L3_layers_atom': 2, 'L3_layers_mol': 4, 'L3_out_dim': 128, 'L3_dropout': 0.1770701731929583, 'n_mlp_layers': 1, 'mlp_dim_0': 240, 'num_heads': 1, 'final_dropout': 0.17339174491669004, 'train_learning_rate': 0.0024360085386021055, 'train_lr_reduce': 0.6}. Best is trial 1286 with value: 0.03935658559203148.
[I 2024-12-26 06:00:44,561] Trial 1900 finished with value: 0.07068540900945663 and parameters: {'L1_hidden_dim': 64, 'L1_layers_atom': 4, 'L1_layers_mol': 4, 'L1_dropout': 0.2505747577695781, 'L1_out_dim': 80, 'L2_hidden_dim': 192, 'L2_layers_atom': 1, 'L2_layers_mol': 1, 'L2_out_dim': 128, 'L2_dropout': 0.11550023059208905, 'L3_hidden_dim': 128, 'L3_layers_atom': 3, 'L3_layers_mol': 1, 'L3_out_dim': 64, 'L3_dropout': 0.2898845220361563, 'n_mlp_layers': 3, 'mlp_dim_0': 312, 'mlp_dim_1': 480, 'mlp_dim_2': 152, 'num_heads': 2, 'final_dropout': 0.1682335665156135, 'train_learning_rate': 0.0009637546674705642, 'train_lr_reduce': 0.6}. Best is trial 1286 with value: 0.03935658559203148.
[I 2024-12-26 06:00:55,407] Trial 1899 finished with value: 0.10639113932847977 and parameters: {'L1_hidden_dim': 224, 'L1_layers_atom': 4, 'L1_layers_mol': 4, 'L1_dropout': 0.08906107697641569, 'L1_out_dim': 64, 'L2_hidden_dim': 240, 'L2_layers_atom': 2, 'L2_layers_mol': 3, 'L2_out_dim': 96, 'L2_dropout': 0.1828332377175592, 'L3_hidden_dim': 80, 'L3_layers_atom': 4, 'L3_layers_mol': 4, 'L3_out_dim': 64, 'L3_dropout': 0.2299141723076094, 'n_mlp_layers': 2, 'mlp_dim_0': 320, 'mlp_dim_1': 264, 'num_heads': 2, 'final_dropout': 0.13887133619637718, 'train_learning_rate': 0.0006509927412899642, 'train_lr_reduce': 0.6}. Best is trial 1286 with value: 0.03935658559203148.
[I 2024-12-26 06:01:41,926] Trial 1901 finished with value: 0.12720032036304474 and parameters: {'L1_hidden_dim': 80, 'L1_layers_atom': 3, 'L1_layers_mol': 2, 'L1_dropout': 0.20505162833963225, 'L1_out_dim': 80, 'L2_hidden_dim': 80, 'L2_layers_atom': 2, 'L2_layers_mol': 3, 'L2_out_dim': 128, 'L2_dropout': 0.123291009136968, 'L3_hidden_dim': 128, 'L3_layers_atom': 3, 'L3_layers_mol': 1, 'L3_out_dim': 128, 'L3_dropout': 0.037133678082075045, 'n_mlp_layers': 2, 'mlp_dim_0': 264, 'mlp_dim_1': 328, 'num_heads': 1, 'final_dropout': 0.08756171159128205, 'train_learning_rate': 0.0008612560924751001, 'train_lr_reduce': 0.6}. Best is trial 1286 with value: 0.03935658559203148.
[I 2024-12-26 06:02:18,237] Trial 1903 finished with value: 0.07929016649723053 and parameters: {'L1_hidden_dim': 64, 'L1_layers_atom': 1, 'L1_layers_mol': 1, 'L1_dropout': 0.20831435090266312, 'L1_out_dim': 32, 'L2_hidden_dim': 256, 'L2_layers_atom': 4, 'L2_layers_mol': 3, 'L2_out_dim': 128, 'L2_dropout': 0.08441028809718074, 'L3_hidden_dim': 96, 'L3_layers_atom': 3, 'L3_layers_mol': 1, 'L3_out_dim': 112, 'L3_dropout': 0.10195784193241224, 'n_mlp_layers': 3, 'mlp_dim_0': 440, 'mlp_dim_1': 384, 'mlp_dim_2': 232, 'num_heads': 2, 'final_dropout': 0.02297060578631439, 'train_learning_rate': 0.0012173032596649984, 'train_lr_reduce': 0.6}. Best is trial 1286 with value: 0.03935658559203148.
[I 2024-12-26 06:02:47,602] Trial 1902 finished with value: 0.10618364065885544 and parameters: {'L1_hidden_dim': 176, 'L1_layers_atom': 2, 'L1_layers_mol': 1, 'L1_dropout': 0.07635899662208888, 'L1_out_dim': 128, 'L2_hidden_dim': 208, 'L2_layers_atom': 1, 'L2_layers_mol': 4, 'L2_out_dim': 48, 'L2_dropout': 0.2985510945001844, 'L3_hidden_dim': 80, 'L3_layers_atom': 1, 'L3_layers_mol': 2, 'L3_out_dim': 112, 'L3_dropout': 0.23724394226966178, 'n_mlp_layers': 2, 'mlp_dim_0': 400, 'mlp_dim_1': 440, 'num_heads': 2, 'final_dropout': 0.23037261142485838, 'train_learning_rate': 0.003053686883157813, 'train_lr_reduce': 0.6}. Best is trial 1286 with value: 0.03935658559203148.
[I 2024-12-26 06:03:05,199] Trial 1905 finished with value: 0.18346956372261047 and parameters: {'L1_hidden_dim': 80, 'L1_layers_atom': 1, 'L1_layers_mol': 3, 'L1_dropout': 0.010875331308020458, 'L1_out_dim': 112, 'L2_hidden_dim': 192, 'L2_layers_atom': 1, 'L2_layers_mol': 1, 'L2_out_dim': 96, 'L2_dropout': 0.1417673041452225, 'L3_hidden_dim': 32, 'L3_layers_atom': 2, 'L3_layers_mol': 3, 'L3_out_dim': 128, 'L3_dropout': 0.13257177041473583, 'n_mlp_layers': 2, 'mlp_dim_0': 128, 'mlp_dim_1': 472, 'num_heads': 1, 'final_dropout': 0.13988358735417766, 'train_learning_rate': 0.008569023619500526, 'train_lr_reduce': 0.6}. Best is trial 1286 with value: 0.03935658559203148.
[I 2024-12-26 06:03:40,834] Trial 1906 finished with value: 0.12441204488277435 and parameters: {'L1_hidden_dim': 176, 'L1_layers_atom': 2, 'L1_layers_mol': 4, 'L1_dropout': 0.18894650511747357, 'L1_out_dim': 128, 'L2_hidden_dim': 80, 'L2_layers_atom': 1, 'L2_layers_mol': 2, 'L2_out_dim': 48, 'L2_dropout': 0.2645003661783828, 'L3_hidden_dim': 128, 'L3_layers_atom': 1, 'L3_layers_mol': 1, 'L3_out_dim': 96, 'L3_dropout': 0.15661998227138949, 'n_mlp_layers': 1, 'mlp_dim_0': 240, 'num_heads': 1, 'final_dropout': 0.19628377017076315, 'train_learning_rate': 0.005802980958129248, 'train_lr_reduce': 0.6}. Best is trial 1286 with value: 0.03935658559203148.
[I 2024-12-26 06:03:59,754] Trial 1904 finished with value: 0.07884220778942108 and parameters: {'L1_hidden_dim': 80, 'L1_layers_atom': 4, 'L1_layers_mol': 4, 'L1_dropout': 0.19310723743525593, 'L1_out_dim': 96, 'L2_hidden_dim': 256, 'L2_layers_atom': 3, 'L2_layers_mol': 3, 'L2_out_dim': 48, 'L2_dropout': 0.03984127813975288, 'L3_hidden_dim': 64, 'L3_layers_atom': 4, 'L3_layers_mol': 2, 'L3_out_dim': 80, 'L3_dropout': 0.038969306547229784, 'n_mlp_layers': 2, 'mlp_dim_0': 320, 'mlp_dim_1': 224, 'num_heads': 1, 'final_dropout': 0.1131063076631739, 'train_learning_rate': 0.006046528371347868, 'train_lr_reduce': 0.6}. Best is trial 1286 with value: 0.03935658559203148.
[I 2024-12-26 06:04:41,336] Trial 1907 finished with value: 0.084658682346344 and parameters: {'L1_hidden_dim': 64, 'L1_layers_atom': 2, 'L1_layers_mol': 2, 'L1_dropout': 0.2892485879259936, 'L1_out_dim': 96, 'L2_hidden_dim': 192, 'L2_layers_atom': 3, 'L2_layers_mol': 2, 'L2_out_dim': 96, 'L2_dropout': 0.006042606593604276, 'L3_hidden_dim': 128, 'L3_layers_atom': 3, 'L3_layers_mol': 2, 'L3_out_dim': 128, 'L3_dropout': 0.02744867032282991, 'n_mlp_layers': 2, 'mlp_dim_0': 344, 'mlp_dim_1': 288, 'num_heads': 1, 'final_dropout': 0.0011888288164711297, 'train_learning_rate': 0.001720204299859057, 'train_lr_reduce': 0.6}. Best is trial 1286 with value: 0.03935658559203148.
[I 2024-12-26 06:05:18,269] Trial 1909 finished with value: 0.07627926021814346 and parameters: {'L1_hidden_dim': 144, 'L1_layers_atom': 4, 'L1_layers_mol': 1, 'L1_dropout': 0.2916678149312329, 'L1_out_dim': 128, 'L2_hidden_dim': 224, 'L2_layers_atom': 4, 'L2_layers_mol': 1, 'L2_out_dim': 64, 'L2_dropout': 0.010739212968409666, 'L3_hidden_dim': 112, 'L3_layers_atom': 2, 'L3_layers_mol': 1, 'L3_out_dim': 96, 'L3_dropout': 0.2671533126441208, 'n_mlp_layers': 3, 'mlp_dim_0': 56, 'mlp_dim_1': 416, 'mlp_dim_2': 80, 'num_heads': 1, 'final_dropout': 0.0640743906684334, 'train_learning_rate': 0.000621909752682495, 'train_lr_reduce': 0.6}. Best is trial 1286 with value: 0.03935658559203148.
[I 2024-12-26 06:05:21,728] Trial 1908 finished with value: 0.08538737893104553 and parameters: {'L1_hidden_dim': 64, 'L1_layers_atom': 1, 'L1_layers_mol': 3, 'L1_dropout': 0.2382647374873917, 'L1_out_dim': 96, 'L2_hidden_dim': 224, 'L2_layers_atom': 1, 'L2_layers_mol': 4, 'L2_out_dim': 128, 'L2_dropout': 0.012837035366620668, 'L3_hidden_dim': 128, 'L3_layers_atom': 2, 'L3_layers_mol': 1, 'L3_out_dim': 128, 'L3_dropout': 0.11719294365752517, 'n_mlp_layers': 2, 'mlp_dim_0': 160, 'mlp_dim_1': 360, 'num_heads': 2, 'final_dropout': 0.1236847341464395, 'train_learning_rate': 0.006167455872990009, 'train_lr_reduce': 0.6}. Best is trial 1286 with value: 0.03935658559203148.
[I 2024-12-26 06:06:06,159] Trial 1910 finished with value: 0.08393509685993195 and parameters: {'L1_hidden_dim': 96, 'L1_layers_atom': 3, 'L1_layers_mol': 2, 'L1_dropout': 0.27163506792784814, 'L1_out_dim': 96, 'L2_hidden_dim': 176, 'L2_layers_atom': 1, 'L2_layers_mol': 4, 'L2_out_dim': 64, 'L2_dropout': 0.05845171996251109, 'L3_hidden_dim': 112, 'L3_layers_atom': 4, 'L3_layers_mol': 4, 'L3_out_dim': 128, 'L3_dropout': 0.0032943129008100556, 'n_mlp_layers': 2, 'mlp_dim_0': 392, 'mlp_dim_1': 328, 'num_heads': 1, 'final_dropout': 0.23895478094670006, 'train_learning_rate': 0.002694025329725437, 'train_lr_reduce': 0.6}. Best is trial 1286 with value: 0.03935658559203148.
[I 2024-12-26 06:06:44,537] Trial 1912 finished with value: 0.07649072259664536 and parameters: {'L1_hidden_dim': 112, 'L1_layers_atom': 3, 'L1_layers_mol': 2, 'L1_dropout': 0.24489159057697096, 'L1_out_dim': 80, 'L2_hidden_dim': 160, 'L2_layers_atom': 2, 'L2_layers_mol': 3, 'L2_out_dim': 80, 'L2_dropout': 0.09076624695759096, 'L3_hidden_dim': 112, 'L3_layers_atom': 2, 'L3_layers_mol': 1, 'L3_out_dim': 128, 'L3_dropout': 0.01919352155725737, 'n_mlp_layers': 1, 'mlp_dim_0': 368, 'num_heads': 1, 'final_dropout': 0.1800514662499927, 'train_learning_rate': 0.0008523235238043424, 'train_lr_reduce': 0.6}. Best is trial 1286 with value: 0.03935658559203148.
[I 2024-12-26 06:07:04,893] Trial 1913 finished with value: 0.09600025415420532 and parameters: {'L1_hidden_dim': 80, 'L1_layers_atom': 4, 'L1_layers_mol': 4, 'L1_dropout': 0.24627114451307425, 'L1_out_dim': 64, 'L2_hidden_dim': 176, 'L2_layers_atom': 1, 'L2_layers_mol': 1, 'L2_out_dim': 128, 'L2_dropout': 0.007497520882894872, 'L3_hidden_dim': 128, 'L3_layers_atom': 3, 'L3_layers_mol': 1, 'L3_out_dim': 80, 'L3_dropout': 0.15938208685246413, 'n_mlp_layers': 2, 'mlp_dim_0': 64, 'mlp_dim_1': 400, 'num_heads': 2, 'final_dropout': 0.19971709000053162, 'train_learning_rate': 0.0035014880460090725, 'train_lr_reduce': 0.6}. Best is trial 1286 with value: 0.03935658559203148.
[I 2024-12-26 06:07:07,089] Trial 1911 finished with value: 0.08757496625185013 and parameters: {'L1_hidden_dim': 96, 'L1_layers_atom': 2, 'L1_layers_mol': 3, 'L1_dropout': 0.2879952713698105, 'L1_out_dim': 96, 'L2_hidden_dim': 160, 'L2_layers_atom': 2, 'L2_layers_mol': 2, 'L2_out_dim': 112, 'L2_dropout': 0.007063776666343941, 'L3_hidden_dim': 96, 'L3_layers_atom': 4, 'L3_layers_mol': 1, 'L3_out_dim': 128, 'L3_dropout': 0.23845986732359772, 'n_mlp_layers': 2, 'mlp_dim_0': 328, 'mlp_dim_1': 448, 'num_heads': 1, 'final_dropout': 0.08495543766165324, 'train_learning_rate': 0.003505767043149777, 'train_lr_reduce': 0.6}. Best is trial 1286 with value: 0.03935658559203148.
[I 2024-12-26 06:08:08,652] Trial 1916 finished with value: 0.07215460389852524 and parameters: {'L1_hidden_dim': 80, 'L1_layers_atom': 2, 'L1_layers_mol': 1, 'L1_dropout': 0.26952111408572843, 'L1_out_dim': 128, 'L2_hidden_dim': 240, 'L2_layers_atom': 1, 'L2_layers_mol': 2, 'L2_out_dim': 128, 'L2_dropout': 0.033234011789084195, 'L3_hidden_dim': 80, 'L3_layers_atom': 2, 'L3_layers_mol': 2, 'L3_out_dim': 128, 'L3_dropout': 0.1702607734123277, 'n_mlp_layers': 2, 'mlp_dim_0': 96, 'mlp_dim_1': 448, 'num_heads': 1, 'final_dropout': 0.13827298723657575, 'train_learning_rate': 0.0017639711147006355, 'train_lr_reduce': 0.6}. Best is trial 1286 with value: 0.03935658559203148.
[I 2024-12-26 06:08:24,299] Trial 1914 finished with value: 0.1107465922832489 and parameters: {'L1_hidden_dim': 240, 'L1_layers_atom': 4, 'L1_layers_mol': 1, 'L1_dropout': 0.0023746273832617737, 'L1_out_dim': 32, 'L2_hidden_dim': 240, 'L2_layers_atom': 4, 'L2_layers_mol': 2, 'L2_out_dim': 96, 'L2_dropout': 0.28828801407331145, 'L3_hidden_dim': 96, 'L3_layers_atom': 1, 'L3_layers_mol': 3, 'L3_out_dim': 96, 'L3_dropout': 0.15446666313552787, 'n_mlp_layers': 3, 'mlp_dim_0': 96, 'mlp_dim_1': 512, 'mlp_dim_2': 120, 'num_heads': 2, 'final_dropout': 0.16359842215779047, 'train_learning_rate': 0.0003236363955083752, 'train_lr_reduce': 0.6}. Best is trial 1286 with value: 0.03935658559203148.
[I 2024-12-26 06:08:32,896] Trial 1915 finished with value: 0.09735017269849777 and parameters: {'L1_hidden_dim': 128, 'L1_layers_atom': 2, 'L1_layers_mol': 2, 'L1_dropout': 0.18834212970081088, 'L1_out_dim': 80, 'L2_hidden_dim': 112, 'L2_layers_atom': 3, 'L2_layers_mol': 2, 'L2_out_dim': 112, 'L2_dropout': 0.019210846772491158, 'L3_hidden_dim': 112, 'L3_layers_atom': 3, 'L3_layers_mol': 1, 'L3_out_dim': 128, 'L3_dropout': 0.01590095441420091, 'n_mlp_layers': 2, 'mlp_dim_0': 232, 'mlp_dim_1': 360, 'num_heads': 1, 'final_dropout': 0.16543350106260835, 'train_learning_rate': 0.0007317520280977946, 'train_lr_reduce': 0.6}. Best is trial 1286 with value: 0.03935658559203148.
[I 2024-12-26 06:09:27,387] Trial 1917 finished with value: 0.060052093118429184 and parameters: {'L1_hidden_dim': 80, 'L1_layers_atom': 4, 'L1_layers_mol': 4, 'L1_dropout': 0.28569413051009335, 'L1_out_dim': 96, 'L2_hidden_dim': 224, 'L2_layers_atom': 1, 'L2_layers_mol': 1, 'L2_out_dim': 128, 'L2_dropout': 0.04549660433519152, 'L3_hidden_dim': 112, 'L3_layers_atom': 4, 'L3_layers_mol': 1, 'L3_out_dim': 64, 'L3_dropout': 0.294260761519558, 'n_mlp_layers': 2, 'mlp_dim_0': 104, 'mlp_dim_1': 264, 'num_heads': 1, 'final_dropout': 0.008720133500779086, 'train_learning_rate': 0.002401837231853539, 'train_lr_reduce': 0.6}. Best is trial 1286 with value: 0.03935658559203148.
[I 2024-12-26 06:09:51,676] Trial 1919 finished with value: 0.08651324361562729 and parameters: {'L1_hidden_dim': 80, 'L1_layers_atom': 2, 'L1_layers_mol': 2, 'L1_dropout': 0.24144158346437372, 'L1_out_dim': 112, 'L2_hidden_dim': 256, 'L2_layers_atom': 1, 'L2_layers_mol': 3, 'L2_out_dim': 80, 'L2_dropout': 0.038636775228644865, 'L3_hidden_dim': 112, 'L3_layers_atom': 3, 'L3_layers_mol': 2, 'L3_out_dim': 128, 'L3_dropout': 0.17565194730142128, 'n_mlp_layers': 2, 'mlp_dim_0': 48, 'mlp_dim_1': 320, 'num_heads': 1, 'final_dropout': 0.1364231778315762, 'train_learning_rate': 0.002068161097827315, 'train_lr_reduce': 0.6}. Best is trial 1286 with value: 0.03935658559203148.
[I 2024-12-26 06:10:27,506] Trial 1918 finished with value: 0.0654536560177803 and parameters: {'L1_hidden_dim': 128, 'L1_layers_atom': 3, 'L1_layers_mol': 4, 'L1_dropout': 0.28943203040656357, 'L1_out_dim': 80, 'L2_hidden_dim': 192, 'L2_layers_atom': 1, 'L2_layers_mol': 1, 'L2_out_dim': 128, 'L2_dropout': 0.07889571998280298, 'L3_hidden_dim': 128, 'L3_layers_atom': 2, 'L3_layers_mol': 2, 'L3_out_dim': 64, 'L3_dropout': 0.20246576957794835, 'n_mlp_layers': 2, 'mlp_dim_0': 232, 'mlp_dim_1': 408, 'num_heads': 2, 'final_dropout': 0.12562241499547241, 'train_learning_rate': 0.0016923765171300853, 'train_lr_reduce': 0.6}. Best is trial 1286 with value: 0.03935658559203148.
[I 2024-12-26 06:10:38,523] Trial 1920 finished with value: 0.08991522341966629 and parameters: {'L1_hidden_dim': 112, 'L1_layers_atom': 2, 'L1_layers_mol': 3, 'L1_dropout': 0.2133232745258528, 'L1_out_dim': 80, 'L2_hidden_dim': 256, 'L2_layers_atom': 1, 'L2_layers_mol': 3, 'L2_out_dim': 32, 'L2_dropout': 0.22096725598213268, 'L3_hidden_dim': 32, 'L3_layers_atom': 3, 'L3_layers_mol': 2, 'L3_out_dim': 80, 'L3_dropout': 0.11179969391052255, 'n_mlp_layers': 3, 'mlp_dim_0': 432, 'mlp_dim_1': 368, 'mlp_dim_2': 80, 'num_heads': 1, 'final_dropout': 0.13974826943553875, 'train_learning_rate': 0.0016580944949771722, 'train_lr_reduce': 0.6}. Best is trial 1286 with value: 0.03935658559203148.
[I 2024-12-26 06:11:13,725] Trial 1921 finished with value: 0.1615586280822754 and parameters: {'L1_hidden_dim': 240, 'L1_layers_atom': 4, 'L1_layers_mol': 3, 'L1_dropout': 0.23936571773671872, 'L1_out_dim': 96, 'L2_hidden_dim': 128, 'L2_layers_atom': 1, 'L2_layers_mol': 4, 'L2_out_dim': 48, 'L2_dropout': 0.1805057985648732, 'L3_hidden_dim': 80, 'L3_layers_atom': 2, 'L3_layers_mol': 4, 'L3_out_dim': 64, 'L3_dropout': 0.18503087657878856, 'n_mlp_layers': 3, 'mlp_dim_0': 424, 'mlp_dim_1': 448, 'mlp_dim_2': 152, 'num_heads': 1, 'final_dropout': 0.13115529712242419, 'train_learning_rate': 0.0005446405142458556, 'train_lr_reduce': 0.6}. Best is trial 1286 with value: 0.03935658559203148.
[I 2024-12-26 06:12:06,415] Trial 1922 finished with value: 0.09165749698877335 and parameters: {'L1_hidden_dim': 160, 'L1_layers_atom': 1, 'L1_layers_mol': 3, 'L1_dropout': 0.2662961549630477, 'L1_out_dim': 96, 'L2_hidden_dim': 80, 'L2_layers_atom': 3, 'L2_layers_mol': 1, 'L2_out_dim': 48, 'L2_dropout': 0.05152096975203413, 'L3_hidden_dim': 128, 'L3_layers_atom': 1, 'L3_layers_mol': 4, 'L3_out_dim': 80, 'L3_dropout': 0.0027812493888987044, 'n_mlp_layers': 1, 'mlp_dim_0': 504, 'num_heads': 2, 'final_dropout': 0.26484185353159884, 'train_learning_rate': 0.00015024819837011687, 'train_lr_reduce': 0.6}. Best is trial 1286 with value: 0.03935658559203148.
[I 2024-12-26 06:12:25,431] Trial 1924 finished with value: 0.1391468495130539 and parameters: {'L1_hidden_dim': 112, 'L1_layers_atom': 4, 'L1_layers_mol': 4, 'L1_dropout': 0.2708695257322066, 'L1_out_dim': 96, 'L2_hidden_dim': 192, 'L2_layers_atom': 2, 'L2_layers_mol': 1, 'L2_out_dim': 128, 'L2_dropout': 0.03832842241376855, 'L3_hidden_dim': 128, 'L3_layers_atom': 4, 'L3_layers_mol': 2, 'L3_out_dim': 112, 'L3_dropout': 0.19996755955026954, 'n_mlp_layers': 2, 'mlp_dim_0': 112, 'mlp_dim_1': 408, 'num_heads': 2, 'final_dropout': 0.04657862169751249, 'train_learning_rate': 0.0036757010003901198, 'train_lr_reduce': 0.6}. Best is trial 1286 with value: 0.03935658559203148.
[I 2024-12-26 06:13:03,894] Trial 1923 finished with value: 0.12420725077390671 and parameters: {'L1_hidden_dim': 96, 'L1_layers_atom': 4, 'L1_layers_mol': 4, 'L1_dropout': 0.26903719407338345, 'L1_out_dim': 96, 'L2_hidden_dim': 208, 'L2_layers_atom': 1, 'L2_layers_mol': 1, 'L2_out_dim': 112, 'L2_dropout': 0.07135177415316035, 'L3_hidden_dim': 128, 'L3_layers_atom': 4, 'L3_layers_mol': 1, 'L3_out_dim': 64, 'L3_dropout': 0.22082080566963813, 'n_mlp_layers': 1, 'mlp_dim_0': 248, 'num_heads': 1, 'final_dropout': 0.12085797663955292, 'train_learning_rate': 0.004678177513885684, 'train_lr_reduce': 0.6}. Best is trial 1286 with value: 0.03935658559203148.
[I 2024-12-26 06:13:15,298] Trial 1925 finished with value: 0.08056134730577469 and parameters: {'L1_hidden_dim': 96, 'L1_layers_atom': 3, 'L1_layers_mol': 2, 'L1_dropout': 0.29242543585612, 'L1_out_dim': 128, 'L2_hidden_dim': 208, 'L2_layers_atom': 4, 'L2_layers_mol': 1, 'L2_out_dim': 48, 'L2_dropout': 0.03316156541095607, 'L3_hidden_dim': 96, 'L3_layers_atom': 3, 'L3_layers_mol': 2, 'L3_out_dim': 80, 'L3_dropout': 0.28355117022252646, 'n_mlp_layers': 3, 'mlp_dim_0': 160, 'mlp_dim_1': 480, 'mlp_dim_2': 72, 'num_heads': 1, 'final_dropout': 0.009661523882271084, 'train_learning_rate': 0.0018120624405209807, 'train_lr_reduce': 0.6}. Best is trial 1286 with value: 0.03935658559203148.
[I 2024-12-26 06:14:01,611] Trial 1927 finished with value: 0.12203344702720642 and parameters: {'L1_hidden_dim': 256, 'L1_layers_atom': 2, 'L1_layers_mol': 4, 'L1_dropout': 0.05237176524888916, 'L1_out_dim': 80, 'L2_hidden_dim': 224, 'L2_layers_atom': 2, 'L2_layers_mol': 1, 'L2_out_dim': 112, 'L2_dropout': 0.16004178203933628, 'L3_hidden_dim': 96, 'L3_layers_atom': 1, 'L3_layers_mol': 4, 'L3_out_dim': 96, 'L3_dropout': 0.06065291714843073, 'n_mlp_layers': 3, 'mlp_dim_0': 224, 'mlp_dim_1': 296, 'mlp_dim_2': 320, 'num_heads': 1, 'final_dropout': 0.18779079267795562, 'train_learning_rate': 0.003639009887598372, 'train_lr_reduce': 0.6}. Best is trial 1286 with value: 0.03935658559203148.
[I 2024-12-26 06:14:17,403] Trial 1926 finished with value: 0.09955195337533951 and parameters: {'L1_hidden_dim': 256, 'L1_layers_atom': 2, 'L1_layers_mol': 2, 'L1_dropout': 0.1000865428864118, 'L1_out_dim': 48, 'L2_hidden_dim': 224, 'L2_layers_atom': 2, 'L2_layers_mol': 4, 'L2_out_dim': 48, 'L2_dropout': 0.12547971955432882, 'L3_hidden_dim': 48, 'L3_layers_atom': 1, 'L3_layers_mol': 2, 'L3_out_dim': 48, 'L3_dropout': 0.05441774913374732, 'n_mlp_layers': 1, 'mlp_dim_0': 424, 'num_heads': 2, 'final_dropout': 0.21201119011101888, 'train_learning_rate': 0.0008546502606928648, 'train_lr_reduce': 0.6}. Best is trial 1286 with value: 0.03935658559203148.
[I 2024-12-26 06:15:00,182] Trial 1928 finished with value: 0.10810159146785736 and parameters: {'L1_hidden_dim': 64, 'L1_layers_atom': 2, 'L1_layers_mol': 4, 'L1_dropout': 0.20973209659384653, 'L1_out_dim': 48, 'L2_hidden_dim': 208, 'L2_layers_atom': 1, 'L2_layers_mol': 2, 'L2_out_dim': 128, 'L2_dropout': 0.004138263390798518, 'L3_hidden_dim': 128, 'L3_layers_atom': 3, 'L3_layers_mol': 1, 'L3_out_dim': 64, 'L3_dropout': 0.24375945174200075, 'n_mlp_layers': 3, 'mlp_dim_0': 336, 'mlp_dim_1': 472, 'mlp_dim_2': 120, 'num_heads': 2, 'final_dropout': 0.138621536796653, 'train_learning_rate': 0.004036735761689098, 'train_lr_reduce': 0.6}. Best is trial 1286 with value: 0.03935658559203148.
[I 2024-12-26 06:15:42,298] Trial 1929 finished with value: 0.0958859845995903 and parameters: {'L1_hidden_dim': 80, 'L1_layers_atom': 3, 'L1_layers_mol': 3, 'L1_dropout': 0.14942045117001088, 'L1_out_dim': 48, 'L2_hidden_dim': 208, 'L2_layers_atom': 2, 'L2_layers_mol': 4, 'L2_out_dim': 128, 'L2_dropout': 0.06219011950482427, 'L3_hidden_dim': 96, 'L3_layers_atom': 4, 'L3_layers_mol': 1, 'L3_out_dim': 32, 'L3_dropout': 0.2463022723571088, 'n_mlp_layers': 2, 'mlp_dim_0': 88, 'mlp_dim_1': 368, 'num_heads': 1, 'final_dropout': 0.018516712847066363, 'train_learning_rate': 0.0006661463703945473, 'train_lr_reduce': 0.6}. Best is trial 1286 with value: 0.03935658559203148.
