[I 2024-12-26 05:28:12,356] Trial 1836 finished with value: 0.07750362902879715 and parameters: {'L1_hidden_dim': 64, 'L1_layers_atom': 3, 'L1_layers_mol': 3, 'L1_dropout': 0.23900597980900753, 'L1_out_dim': 80, 'L2_hidden_dim': 224, 'L2_layers_atom': 2, 'L2_layers_mol': 2, 'L2_out_dim': 128, 'L2_dropout': 0.001088313473027026, 'L3_hidden_dim': 96, 'L3_layers_atom': 4, 'L3_layers_mol': 1, 'L3_out_dim': 80, 'L3_dropout': 0.03829409664330362, 'n_mlp_layers': 3, 'mlp_dim_0': 104, 'mlp_dim_1': 512, 'mlp_dim_2': 448, 'num_heads': 2, 'final_dropout': 0.24749955999124842, 'train_learning_rate': 0.0016826420390415116, 'train_lr_reduce': 0.6}. Best is trial 1286 with value: 0.03935658559203148.
[I 2024-12-26 05:28:34,238] Trial 1834 finished with value: 0.07247428596019745 and parameters: {'L1_hidden_dim': 128, 'L1_layers_atom': 3, 'L1_layers_mol': 4, 'L1_dropout': 0.13120291680110388, 'L1_out_dim': 80, 'L2_hidden_dim': 160, 'L2_layers_atom': 2, 'L2_layers_mol': 1, 'L2_out_dim': 128, 'L2_dropout': 0.021328001453861368, 'L3_hidden_dim': 112, 'L3_layers_atom': 3, 'L3_layers_mol': 1, 'L3_out_dim': 128, 'L3_dropout': 0.03348879913035708, 'n_mlp_layers': 3, 'mlp_dim_0': 424, 'mlp_dim_1': 376, 'mlp_dim_2': 128, 'num_heads': 1, 'final_dropout': 0.16208358825556268, 'train_learning_rate': 0.00019455953958574064, 'train_lr_reduce': 0.6}. Best is trial 1286 with value: 0.03935658559203148.
[I 2024-12-26 05:28:56,296] Trial 1835 finished with value: 0.08106040954589844 and parameters: {'L1_hidden_dim': 64, 'L1_layers_atom': 4, 'L1_layers_mol': 4, 'L1_dropout': 0.2831065618146148, 'L1_out_dim': 96, 'L2_hidden_dim': 160, 'L2_layers_atom': 1, 'L2_layers_mol': 1, 'L2_out_dim': 112, 'L2_dropout': 0.08534673900776882, 'L3_hidden_dim': 80, 'L3_layers_atom': 3, 'L3_layers_mol': 1, 'L3_out_dim': 64, 'L3_dropout': 0.19555836083080583, 'n_mlp_layers': 2, 'mlp_dim_0': 32, 'mlp_dim_1': 440, 'num_heads': 2, 'final_dropout': 0.11125783171972141, 'train_learning_rate': 0.004184280346419889, 'train_lr_reduce': 0.6}. Best is trial 1286 with value: 0.03935658559203148.
[I 2024-12-26 05:30:05,755] Trial 1838 finished with value: 0.07155578583478928 and parameters: {'L1_hidden_dim': 64, 'L1_layers_atom': 4, 'L1_layers_mol': 4, 'L1_dropout': 0.2697500479208534, 'L1_out_dim': 48, 'L2_hidden_dim': 160, 'L2_layers_atom': 1, 'L2_layers_mol': 2, 'L2_out_dim': 128, 'L2_dropout': 0.04630835628236887, 'L3_hidden_dim': 128, 'L3_layers_atom': 4, 'L3_layers_mol': 1, 'L3_out_dim': 64, 'L3_dropout': 0.21515707577817567, 'n_mlp_layers': 2, 'mlp_dim_0': 352, 'mlp_dim_1': 392, 'num_heads': 2, 'final_dropout': 0.27025545352338143, 'train_learning_rate': 0.0009652993151875502, 'train_lr_reduce': 0.6}. Best is trial 1286 with value: 0.03935658559203148.
[I 2024-12-26 05:30:13,874] Trial 1837 finished with value: 0.10592830926179886 and parameters: {'L1_hidden_dim': 256, 'L1_layers_atom': 4, 'L1_layers_mol': 1, 'L1_dropout': 0.06749318708285705, 'L1_out_dim': 48, 'L2_hidden_dim': 96, 'L2_layers_atom': 4, 'L2_layers_mol': 3, 'L2_out_dim': 64, 'L2_dropout': 0.054147698343615616, 'L3_hidden_dim': 96, 'L3_layers_atom': 4, 'L3_layers_mol': 3, 'L3_out_dim': 48, 'L3_dropout': 0.12662456872054423, 'n_mlp_layers': 3, 'mlp_dim_0': 144, 'mlp_dim_1': 224, 'mlp_dim_2': 104, 'num_heads': 1, 'final_dropout': 0.29092404863998156, 'train_learning_rate': 0.0001299952797592636, 'train_lr_reduce': 0.6}. Best is trial 1286 with value: 0.03935658559203148.
[I 2024-12-26 05:30:23,507] Trial 1839 finished with value: 0.076535165309906 and parameters: {'L1_hidden_dim': 80, 'L1_layers_atom': 2, 'L1_layers_mol': 2, 'L1_dropout': 0.22080000406767755, 'L1_out_dim': 96, 'L2_hidden_dim': 240, 'L2_layers_atom': 4, 'L2_layers_mol': 4, 'L2_out_dim': 112, 'L2_dropout': 0.07100458623654661, 'L3_hidden_dim': 64, 'L3_layers_atom': 3, 'L3_layers_mol': 1, 'L3_out_dim': 96, 'L3_dropout': 0.10325215650443278, 'n_mlp_layers': 3, 'mlp_dim_0': 352, 'mlp_dim_1': 440, 'mlp_dim_2': 280, 'num_heads': 1, 'final_dropout': 0.055266900282668646, 'train_learning_rate': 0.0009569235995939126, 'train_lr_reduce': 0.6}. Best is trial 1286 with value: 0.03935658559203148.
[I 2024-12-26 05:31:09,836] Trial 1840 finished with value: 0.08354514092206955 and parameters: {'L1_hidden_dim': 96, 'L1_layers_atom': 2, 'L1_layers_mol': 2, 'L1_dropout': 0.243109854948087, 'L1_out_dim': 128, 'L2_hidden_dim': 208, 'L2_layers_atom': 1, 'L2_layers_mol': 2, 'L2_out_dim': 96, 'L2_dropout': 0.11640026418469895, 'L3_hidden_dim': 80, 'L3_layers_atom': 4, 'L3_layers_mol': 2, 'L3_out_dim': 96, 'L3_dropout': 0.1578558750920979, 'n_mlp_layers': 2, 'mlp_dim_0': 72, 'mlp_dim_1': 344, 'num_heads': 1, 'final_dropout': 0.061015705366385446, 'train_learning_rate': 0.0023759481668713554, 'train_lr_reduce': 0.6}. Best is trial 1286 with value: 0.03935658559203148.
[I 2024-12-26 05:31:43,290] Trial 1841 finished with value: 0.07744832336902618 and parameters: {'L1_hidden_dim': 96, 'L1_layers_atom': 2, 'L1_layers_mol': 3, 'L1_dropout': 0.13796750877510458, 'L1_out_dim': 96, 'L2_hidden_dim': 160, 'L2_layers_atom': 2, 'L2_layers_mol': 2, 'L2_out_dim': 96, 'L2_dropout': 0.029730229706635723, 'L3_hidden_dim': 112, 'L3_layers_atom': 2, 'L3_layers_mol': 2, 'L3_out_dim': 128, 'L3_dropout': 0.07635601672554639, 'n_mlp_layers': 2, 'mlp_dim_0': 320, 'mlp_dim_1': 304, 'num_heads': 1, 'final_dropout': 0.015145558749063301, 'train_learning_rate': 0.0014098565644498386, 'train_lr_reduce': 0.6}. Best is trial 1286 with value: 0.03935658559203148.
[I 2024-12-26 05:31:56,169] Trial 1842 finished with value: 0.07673327624797821 and parameters: {'L1_hidden_dim': 64, 'L1_layers_atom': 2, 'L1_layers_mol': 2, 'L1_dropout': 0.23291716217754105, 'L1_out_dim': 128, 'L2_hidden_dim': 224, 'L2_layers_atom': 2, 'L2_layers_mol': 4, 'L2_out_dim': 128, 'L2_dropout': 0.005575095593528652, 'L3_hidden_dim': 80, 'L3_layers_atom': 3, 'L3_layers_mol': 3, 'L3_out_dim': 112, 'L3_dropout': 0.2517612891612947, 'n_mlp_layers': 2, 'mlp_dim_0': 72, 'mlp_dim_1': 408, 'num_heads': 1, 'final_dropout': 0.04860466132757512, 'train_learning_rate': 0.0004261153082012255, 'train_lr_reduce': 0.6}. Best is trial 1286 with value: 0.03935658559203148.
[I 2024-12-26 05:32:14,403] Trial 1843 finished with value: 0.08113940805196762 and parameters: {'L1_hidden_dim': 64, 'L1_layers_atom': 2, 'L1_layers_mol': 3, 'L1_dropout': 0.2944569115289864, 'L1_out_dim': 80, 'L2_hidden_dim': 176, 'L2_layers_atom': 2, 'L2_layers_mol': 2, 'L2_out_dim': 80, 'L2_dropout': 0.02513767489507597, 'L3_hidden_dim': 112, 'L3_layers_atom': 4, 'L3_layers_mol': 1, 'L3_out_dim': 112, 'L3_dropout': 0.13718248001122352, 'n_mlp_layers': 3, 'mlp_dim_0': 232, 'mlp_dim_1': 472, 'mlp_dim_2': 112, 'num_heads': 1, 'final_dropout': 0.053041510604748515, 'train_learning_rate': 0.001847901412001302, 'train_lr_reduce': 0.6}. Best is trial 1286 with value: 0.03935658559203148.
[I 2024-12-26 05:32:59,076] Trial 1844 finished with value: 0.08772546797990799 and parameters: {'L1_hidden_dim': 64, 'L1_layers_atom': 4, 'L1_layers_mol': 4, 'L1_dropout': 0.27855807286612927, 'L1_out_dim': 80, 'L2_hidden_dim': 224, 'L2_layers_atom': 1, 'L2_layers_mol': 2, 'L2_out_dim': 128, 'L2_dropout': 0.010692982077287444, 'L3_hidden_dim': 80, 'L3_layers_atom': 4, 'L3_layers_mol': 2, 'L3_out_dim': 48, 'L3_dropout': 0.14282862894738113, 'n_mlp_layers': 3, 'mlp_dim_0': 272, 'mlp_dim_1': 360, 'mlp_dim_2': 368, 'num_heads': 2, 'final_dropout': 0.1903418944613424, 'train_learning_rate': 0.002817904074730866, 'train_lr_reduce': 0.6}. Best is trial 1286 with value: 0.03935658559203148.
[I 2024-12-26 05:33:49,286] Trial 1846 finished with value: 0.09167506545782089 and parameters: {'L1_hidden_dim': 64, 'L1_layers_atom': 1, 'L1_layers_mol': 3, 'L1_dropout': 0.2828548752032534, 'L1_out_dim': 128, 'L2_hidden_dim': 192, 'L2_layers_atom': 3, 'L2_layers_mol': 4, 'L2_out_dim': 112, 'L2_dropout': 0.026615784628625055, 'L3_hidden_dim': 112, 'L3_layers_atom': 3, 'L3_layers_mol': 1, 'L3_out_dim': 128, 'L3_dropout': 0.09130546890435168, 'n_mlp_layers': 3, 'mlp_dim_0': 216, 'mlp_dim_1': 480, 'mlp_dim_2': 104, 'num_heads': 1, 'final_dropout': 0.04193054363297509, 'train_learning_rate': 0.004451377230886984, 'train_lr_reduce': 0.6}. Best is trial 1286 with value: 0.03935658559203148.
[I 2024-12-26 05:34:06,020] Trial 1845 finished with value: 0.06922398507595062 and parameters: {'L1_hidden_dim': 64, 'L1_layers_atom': 4, 'L1_layers_mol': 4, 'L1_dropout': 0.2723224399579908, 'L1_out_dim': 48, 'L2_hidden_dim': 192, 'L2_layers_atom': 1, 'L2_layers_mol': 1, 'L2_out_dim': 80, 'L2_dropout': 0.097131201074705, 'L3_hidden_dim': 96, 'L3_layers_atom': 3, 'L3_layers_mol': 2, 'L3_out_dim': 64, 'L3_dropout': 0.19697979280946448, 'n_mlp_layers': 2, 'mlp_dim_0': 288, 'mlp_dim_1': 280, 'num_heads': 1, 'final_dropout': 0.1439043600009026, 'train_learning_rate': 0.00032392987800920135, 'train_lr_reduce': 0.6}. Best is trial 1286 with value: 0.03935658559203148.
[I 2024-12-26 05:34:40,695] Trial 1847 finished with value: 0.3346066474914551 and parameters: {'L1_hidden_dim': 256, 'L1_layers_atom': 1, 'L1_layers_mol': 1, 'L1_dropout': 0.005119876154193348, 'L1_out_dim': 80, 'L2_hidden_dim': 160, 'L2_layers_atom': 4, 'L2_layers_mol': 2, 'L2_out_dim': 96, 'L2_dropout': 0.29886059995144076, 'L3_hidden_dim': 128, 'L3_layers_atom': 4, 'L3_layers_mol': 1, 'L3_out_dim': 112, 'L3_dropout': 0.2798120795597071, 'n_mlp_layers': 1, 'mlp_dim_0': 376, 'num_heads': 1, 'final_dropout': 0.10173467326420446, 'train_learning_rate': 0.00011246489601830094, 'train_lr_reduce': 0.6}. Best is trial 1286 with value: 0.03935658559203148.
[I 2024-12-26 05:35:11,865] Trial 1848 finished with value: 0.06958127021789551 and parameters: {'L1_hidden_dim': 144, 'L1_layers_atom': 3, 'L1_layers_mol': 4, 'L1_dropout': 0.2163698790584852, 'L1_out_dim': 80, 'L2_hidden_dim': 160, 'L2_layers_atom': 2, 'L2_layers_mol': 2, 'L2_out_dim': 96, 'L2_dropout': 0.0800126633593408, 'L3_hidden_dim': 128, 'L3_layers_atom': 4, 'L3_layers_mol': 1, 'L3_out_dim': 128, 'L3_dropout': 0.04116083220576788, 'n_mlp_layers': 2, 'mlp_dim_0': 312, 'mlp_dim_1': 408, 'num_heads': 1, 'final_dropout': 0.10826242463834163, 'train_learning_rate': 0.0013083780425589434, 'train_lr_reduce': 0.6}. Best is trial 1286 with value: 0.03935658559203148.
[I 2024-12-26 05:35:41,095] Trial 1849 finished with value: 0.1681503802537918 and parameters: {'L1_hidden_dim': 96, 'L1_layers_atom': 3, 'L1_layers_mol': 1, 'L1_dropout': 0.26687927747598744, 'L1_out_dim': 48, 'L2_hidden_dim': 256, 'L2_layers_atom': 1, 'L2_layers_mol': 4, 'L2_out_dim': 80, 'L2_dropout': 0.15914300391876124, 'L3_hidden_dim': 80, 'L3_layers_atom': 3, 'L3_layers_mol': 3, 'L3_out_dim': 96, 'L3_dropout': 0.02046150758510023, 'n_mlp_layers': 2, 'mlp_dim_0': 328, 'mlp_dim_1': 448, 'num_heads': 1, 'final_dropout': 0.21172404740302259, 'train_learning_rate': 0.008080057949340403, 'train_lr_reduce': 0.6}. Best is trial 1286 with value: 0.03935658559203148.
[I 2024-12-26 05:36:11,243] Trial 1851 finished with value: 0.06516806036233902 and parameters: {'L1_hidden_dim': 64, 'L1_layers_atom': 3, 'L1_layers_mol': 4, 'L1_dropout': 0.24714518272315247, 'L1_out_dim': 80, 'L2_hidden_dim': 224, 'L2_layers_atom': 1, 'L2_layers_mol': 1, 'L2_out_dim': 80, 'L2_dropout': 0.05798415009643826, 'L3_hidden_dim': 96, 'L3_layers_atom': 4, 'L3_layers_mol': 1, 'L3_out_dim': 48, 'L3_dropout': 0.1444318959733619, 'n_mlp_layers': 3, 'mlp_dim_0': 312, 'mlp_dim_1': 360, 'mlp_dim_2': 168, 'num_heads': 1, 'final_dropout': 0.15161326364270192, 'train_learning_rate': 0.001512092678120594, 'train_lr_reduce': 0.6}. Best is trial 1286 with value: 0.03935658559203148.
[I 2024-12-26 05:36:42,399] Trial 1850 finished with value: 0.10768294334411621 and parameters: {'L1_hidden_dim': 144, 'L1_layers_atom': 2, 'L1_layers_mol': 2, 'L1_dropout': 0.24482945267360134, 'L1_out_dim': 48, 'L2_hidden_dim': 240, 'L2_layers_atom': 2, 'L2_layers_mol': 4, 'L2_out_dim': 48, 'L2_dropout': 0.03267967265017045, 'L3_hidden_dim': 32, 'L3_layers_atom': 4, 'L3_layers_mol': 3, 'L3_out_dim': 96, 'L3_dropout': 0.006178099090063116, 'n_mlp_layers': 1, 'mlp_dim_0': 288, 'num_heads': 1, 'final_dropout': 0.17383689121900534, 'train_learning_rate': 0.0015683688322282734, 'train_lr_reduce': 0.6}. Best is trial 1286 with value: 0.03935658559203148.
[I 2024-12-26 05:37:26,842] Trial 1852 finished with value: 0.0997575893998146 and parameters: {'L1_hidden_dim': 256, 'L1_layers_atom': 1, 'L1_layers_mol': 3, 'L1_dropout': 0.1971171251538899, 'L1_out_dim': 112, 'L2_hidden_dim': 176, 'L2_layers_atom': 3, 'L2_layers_mol': 3, 'L2_out_dim': 80, 'L2_dropout': 0.1288351845510961, 'L3_hidden_dim': 48, 'L3_layers_atom': 1, 'L3_layers_mol': 2, 'L3_out_dim': 32, 'L3_dropout': 0.0273694016727951, 'n_mlp_layers': 3, 'mlp_dim_0': 224, 'mlp_dim_1': 400, 'mlp_dim_2': 112, 'num_heads': 2, 'final_dropout': 0.06032726929069927, 'train_learning_rate': 0.00042628088829301186, 'train_lr_reduce': 0.6}. Best is trial 1286 with value: 0.03935658559203148.
[I 2024-12-26 05:37:51,991] Trial 1854 finished with value: 0.10347500443458557 and parameters: {'L1_hidden_dim': 112, 'L1_layers_atom': 4, 'L1_layers_mol': 4, 'L1_dropout': 0.2994279382011395, 'L1_out_dim': 64, 'L2_hidden_dim': 192, 'L2_layers_atom': 2, 'L2_layers_mol': 2, 'L2_out_dim': 64, 'L2_dropout': 0.01545999930745218, 'L3_hidden_dim': 128, 'L3_layers_atom': 4, 'L3_layers_mol': 1, 'L3_out_dim': 32, 'L3_dropout': 0.149859599904775, 'n_mlp_layers': 3, 'mlp_dim_0': 304, 'mlp_dim_1': 512, 'mlp_dim_2': 96, 'num_heads': 1, 'final_dropout': 0.11756751128604867, 'train_learning_rate': 0.001492396690406059, 'train_lr_reduce': 0.6}. Best is trial 1286 with value: 0.03935658559203148.
[I 2024-12-26 05:38:02,783] Trial 1853 finished with value: 0.10368159413337708 and parameters: {'L1_hidden_dim': 240, 'L1_layers_atom': 3, 'L1_layers_mol': 1, 'L1_dropout': 0.022950094312677333, 'L1_out_dim': 128, 'L2_hidden_dim': 144, 'L2_layers_atom': 1, 'L2_layers_mol': 1, 'L2_out_dim': 32, 'L2_dropout': 0.06002490313285984, 'L3_hidden_dim': 96, 'L3_layers_atom': 1, 'L3_layers_mol': 4, 'L3_out_dim': 80, 'L3_dropout': 0.16301009799338367, 'n_mlp_layers': 2, 'mlp_dim_0': 48, 'mlp_dim_1': 328, 'num_heads': 1, 'final_dropout': 0.12104976120039038, 'train_learning_rate': 0.00010660967045462782, 'train_lr_reduce': 0.6}. Best is trial 1286 with value: 0.03935658559203148.
[I 2024-12-26 05:38:55,467] Trial 1855 finished with value: 0.27454984188079834 and parameters: {'L1_hidden_dim': 224, 'L1_layers_atom': 4, 'L1_layers_mol': 4, 'L1_dropout': 0.2127115196106772, 'L1_out_dim': 64, 'L2_hidden_dim': 192, 'L2_layers_atom': 3, 'L2_layers_mol': 4, 'L2_out_dim': 96, 'L2_dropout': 0.009136829628611731, 'L3_hidden_dim': 32, 'L3_layers_atom': 2, 'L3_layers_mol': 1, 'L3_out_dim': 128, 'L3_dropout': 0.1572594074770664, 'n_mlp_layers': 1, 'mlp_dim_0': 336, 'num_heads': 1, 'final_dropout': 0.22730048483928544, 'train_learning_rate': 0.0068675034046197835, 'train_lr_reduce': 0.6}. Best is trial 1286 with value: 0.03935658559203148.
[I 2024-12-26 05:39:16,063] Trial 1856 finished with value: 0.0708814486861229 and parameters: {'L1_hidden_dim': 112, 'L1_layers_atom': 2, 'L1_layers_mol': 3, 'L1_dropout': 0.28997189673037843, 'L1_out_dim': 112, 'L2_hidden_dim': 176, 'L2_layers_atom': 1, 'L2_layers_mol': 4, 'L2_out_dim': 128, 'L2_dropout': 0.02773424502267919, 'L3_hidden_dim': 128, 'L3_layers_atom': 4, 'L3_layers_mol': 2, 'L3_out_dim': 128, 'L3_dropout': 0.1870172287943539, 'n_mlp_layers': 2, 'mlp_dim_0': 200, 'mlp_dim_1': 440, 'num_heads': 1, 'final_dropout': 0.11077944135788222, 'train_learning_rate': 0.0014508154207603617, 'train_lr_reduce': 0.6}. Best is trial 1286 with value: 0.03935658559203148.
[I 2024-12-26 05:39:17,233] Trial 1857 finished with value: 0.0666981190443039 and parameters: {'L1_hidden_dim': 64, 'L1_layers_atom': 1, 'L1_layers_mol': 2, 'L1_dropout': 0.2913447698811859, 'L1_out_dim': 80, 'L2_hidden_dim': 160, 'L2_layers_atom': 2, 'L2_layers_mol': 2, 'L2_out_dim': 128, 'L2_dropout': 0.06271804105305742, 'L3_hidden_dim': 128, 'L3_layers_atom': 2, 'L3_layers_mol': 1, 'L3_out_dim': 112, 'L3_dropout': 0.18610272178608547, 'n_mlp_layers': 2, 'mlp_dim_0': 352, 'mlp_dim_1': 248, 'num_heads': 1, 'final_dropout': 0.12346218340565655, 'train_learning_rate': 0.001485439251487073, 'train_lr_reduce': 0.6}. Best is trial 1286 with value: 0.03935658559203148.
[I 2024-12-26 05:40:31,539] Trial 1860 finished with value: 0.0772709771990776 and parameters: {'L1_hidden_dim': 112, 'L1_layers_atom': 2, 'L1_layers_mol': 2, 'L1_dropout': 0.25634396459702474, 'L1_out_dim': 80, 'L2_hidden_dim': 256, 'L2_layers_atom': 1, 'L2_layers_mol': 3, 'L2_out_dim': 96, 'L2_dropout': 0.05289203823619062, 'L3_hidden_dim': 96, 'L3_layers_atom': 4, 'L3_layers_mol': 3, 'L3_out_dim': 112, 'L3_dropout': 0.008868549678856724, 'n_mlp_layers': 2, 'mlp_dim_0': 392, 'mlp_dim_1': 368, 'num_heads': 1, 'final_dropout': 0.20091940577845935, 'train_learning_rate': 0.0012993726097461666, 'train_lr_reduce': 0.6}. Best is trial 1286 with value: 0.03935658559203148.
[I 2024-12-26 05:40:53,687] Trial 1859 finished with value: 0.07423480600118637 and parameters: {'L1_hidden_dim': 96, 'L1_layers_atom': 4, 'L1_layers_mol': 4, 'L1_dropout': 0.27863121193712875, 'L1_out_dim': 80, 'L2_hidden_dim': 160, 'L2_layers_atom': 2, 'L2_layers_mol': 1, 'L2_out_dim': 128, 'L2_dropout': 0.05352233044213022, 'L3_hidden_dim': 128, 'L3_layers_atom': 4, 'L3_layers_mol': 1, 'L3_out_dim': 64, 'L3_dropout': 0.23281112492471695, 'n_mlp_layers': 1, 'mlp_dim_0': 64, 'num_heads': 2, 'final_dropout': 0.016356258981996295, 'train_learning_rate': 0.001701371202214516, 'train_lr_reduce': 0.6}. Best is trial 1286 with value: 0.03935658559203148.
[I 2024-12-26 05:41:08,537] Trial 1858 finished with value: 0.08812195062637329 and parameters: {'L1_hidden_dim': 64, 'L1_layers_atom': 4, 'L1_layers_mol': 4, 'L1_dropout': 0.253269261471423, 'L1_out_dim': 112, 'L2_hidden_dim': 256, 'L2_layers_atom': 1, 'L2_layers_mol': 3, 'L2_out_dim': 112, 'L2_dropout': 0.04424810553100672, 'L3_hidden_dim': 112, 'L3_layers_atom': 3, 'L3_layers_mol': 2, 'L3_out_dim': 64, 'L3_dropout': 0.11527893697542037, 'n_mlp_layers': 2, 'mlp_dim_0': 320, 'mlp_dim_1': 480, 'num_heads': 2, 'final_dropout': 0.16357393767712197, 'train_learning_rate': 0.002907469499532626, 'train_lr_reduce': 0.6}. Best is trial 1286 with value: 0.03935658559203148.
[I 2024-12-26 05:41:29,685] Trial 1862 finished with value: 0.770798921585083 and parameters: {'L1_hidden_dim': 64, 'L1_layers_atom': 2, 'L1_layers_mol': 1, 'L1_dropout': 0.18549249160941753, 'L1_out_dim': 112, 'L2_hidden_dim': 224, 'L2_layers_atom': 4, 'L2_layers_mol': 4, 'L2_out_dim': 96, 'L2_dropout': 0.09915061871811193, 'L3_hidden_dim': 96, 'L3_layers_atom': 2, 'L3_layers_mol': 1, 'L3_out_dim': 96, 'L3_dropout': 0.15394546611567783, 'n_mlp_layers': 3, 'mlp_dim_0': 464, 'mlp_dim_1': 440, 'mlp_dim_2': 208, 'num_heads': 1, 'final_dropout': 0.025390951676876973, 'train_learning_rate': 0.0017761447473885453, 'train_lr_reduce': 0.6}. Best is trial 1286 with value: 0.03935658559203148.
[I 2024-12-26 05:41:41,251] Trial 1861 finished with value: 0.09241949021816254 and parameters: {'L1_hidden_dim': 64, 'L1_layers_atom': 1, 'L1_layers_mol': 3, 'L1_dropout': 0.21358240003241916, 'L1_out_dim': 112, 'L2_hidden_dim': 192, 'L2_layers_atom': 1, 'L2_layers_mol': 4, 'L2_out_dim': 128, 'L2_dropout': 0.08908089972795342, 'L3_hidden_dim': 96, 'L3_layers_atom': 4, 'L3_layers_mol': 2, 'L3_out_dim': 96, 'L3_dropout': 0.29879554114195434, 'n_mlp_layers': 3, 'mlp_dim_0': 160, 'mlp_dim_1': 288, 'mlp_dim_2': 160, 'num_heads': 1, 'final_dropout': 0.06620980440942492, 'train_learning_rate': 0.004482341114040919, 'train_lr_reduce': 0.6}. Best is trial 1286 with value: 0.03935658559203148.
[I 2024-12-26 05:42:17,926] Trial 1864 finished with value: 0.10380522906780243 and parameters: {'L1_hidden_dim': 64, 'L1_layers_atom': 3, 'L1_layers_mol': 4, 'L1_dropout': 0.2069586397940343, 'L1_out_dim': 80, 'L2_hidden_dim': 160, 'L2_layers_atom': 2, 'L2_layers_mol': 1, 'L2_out_dim': 80, 'L2_dropout': 0.016147024040912217, 'L3_hidden_dim': 128, 'L3_layers_atom': 3, 'L3_layers_mol': 1, 'L3_out_dim': 48, 'L3_dropout': 0.16324822808584205, 'n_mlp_layers': 2, 'mlp_dim_0': 144, 'mlp_dim_1': 400, 'num_heads': 1, 'final_dropout': 0.18392319504011473, 'train_learning_rate': 0.003707403674941122, 'train_lr_reduce': 0.6}. Best is trial 1286 with value: 0.03935658559203148.
[I 2024-12-26 05:43:03,468] Trial 1863 finished with value: 0.141196146607399 and parameters: {'L1_hidden_dim': 80, 'L1_layers_atom': 4, 'L1_layers_mol': 4, 'L1_dropout': 0.15177505629223925, 'L1_out_dim': 48, 'L2_hidden_dim': 160, 'L2_layers_atom': 2, 'L2_layers_mol': 2, 'L2_out_dim': 32, 'L2_dropout': 0.212979079684981, 'L3_hidden_dim': 80, 'L3_layers_atom': 3, 'L3_layers_mol': 4, 'L3_out_dim': 80, 'L3_dropout': 0.15366191436617901, 'n_mlp_layers': 1, 'mlp_dim_0': 512, 'num_heads': 2, 'final_dropout': 0.29608639046081264, 'train_learning_rate': 0.00022299422657042105, 'train_lr_reduce': 0.6}. Best is trial 1286 with value: 0.03935658559203148.
[I 2024-12-26 05:43:20,002] Trial 1865 finished with value: 0.0835648700594902 and parameters: {'L1_hidden_dim': 192, 'L1_layers_atom': 3, 'L1_layers_mol': 1, 'L1_dropout': 0.19012888783052878, 'L1_out_dim': 32, 'L2_hidden_dim': 80, 'L2_layers_atom': 3, 'L2_layers_mol': 4, 'L2_out_dim': 96, 'L2_dropout': 0.19912815536453246, 'L3_hidden_dim': 48, 'L3_layers_atom': 3, 'L3_layers_mol': 4, 'L3_out_dim': 64, 'L3_dropout': 0.1413443736617336, 'n_mlp_layers': 1, 'mlp_dim_0': 384, 'num_heads': 1, 'final_dropout': 0.29240113620421115, 'train_learning_rate': 0.006703619870759668, 'train_lr_reduce': 0.6}. Best is trial 1286 with value: 0.03935658559203148.
