[I 2024-12-26 08:47:55,933] Trial 1482 finished with value: 0.010872681625187397 and parameters: {'L1_hidden_dim': 208, 'L1_layers_atom': 1, 'L1_layers_mol': 1, 'L1_dropout': 0.025626049131357603, 'L1_out_dim': 112, 'L2_hidden_dim': 192, 'L2_layers_atom': 2, 'L2_layers_mol': 4, 'L2_out_dim': 96, 'L2_dropout': 0.02787258143087746, 'L3_hidden_dim': 112, 'L3_layers_atom': 4, 'L3_layers_mol': 1, 'L3_out_dim': 96, 'L3_dropout': 0.06326762503744343, 'n_mlp_layers': 3, 'mlp_dim_0': 480, 'mlp_dim_1': 400, 'mlp_dim_2': 472, 'num_heads': 2, 'final_dropout': 0.031874863754602384, 'train_learning_rate': 0.0004082985252402273, 'train_lr_reduce': 0.6}. Best is trial 1073 with value: 0.009419886395335197.
[I 2024-12-26 08:48:47,142] Trial 1484 finished with value: 0.012834617868065834 and parameters: {'L1_hidden_dim': 80, 'L1_layers_atom': 3, 'L1_layers_mol': 2, 'L1_dropout': 0.009210649147192013, 'L1_out_dim': 32, 'L2_hidden_dim': 208, 'L2_layers_atom': 2, 'L2_layers_mol': 3, 'L2_out_dim': 112, 'L2_dropout': 0.07147773906102178, 'L3_hidden_dim': 64, 'L3_layers_atom': 3, 'L3_layers_mol': 1, 'L3_out_dim': 128, 'L3_dropout': 0.1356795852162952, 'n_mlp_layers': 3, 'mlp_dim_0': 272, 'mlp_dim_1': 408, 'mlp_dim_2': 512, 'num_heads': 2, 'final_dropout': 0.1581852004600328, 'train_learning_rate': 0.0010625345293270912, 'train_lr_reduce': 0.6}. Best is trial 1073 with value: 0.009419886395335197.
[I 2024-12-26 08:48:52,087] Trial 1483 finished with value: 0.010670566000044346 and parameters: {'L1_hidden_dim': 64, 'L1_layers_atom': 3, 'L1_layers_mol': 3, 'L1_dropout': 0.05206456810657417, 'L1_out_dim': 32, 'L2_hidden_dim': 224, 'L2_layers_atom': 1, 'L2_layers_mol': 3, 'L2_out_dim': 64, 'L2_dropout': 0.05712469122923744, 'L3_hidden_dim': 80, 'L3_layers_atom': 3, 'L3_layers_mol': 1, 'L3_out_dim': 128, 'L3_dropout': 0.04641096226091254, 'n_mlp_layers': 3, 'mlp_dim_0': 416, 'mlp_dim_1': 456, 'mlp_dim_2': 512, 'num_heads': 2, 'final_dropout': 0.13855458229585282, 'train_learning_rate': 0.0005613732917349498, 'train_lr_reduce': 0.6}. Best is trial 1073 with value: 0.009419886395335197.
[I 2024-12-26 08:50:58,245] Trial 1485 finished with value: 0.011260674335062504 and parameters: {'L1_hidden_dim': 256, 'L1_layers_atom': 3, 'L1_layers_mol': 1, 'L1_dropout': 0.0028015586540598033, 'L1_out_dim': 80, 'L2_hidden_dim': 208, 'L2_layers_atom': 1, 'L2_layers_mol': 2, 'L2_out_dim': 128, 'L2_dropout': 0.02990737261446221, 'L3_hidden_dim': 48, 'L3_layers_atom': 3, 'L3_layers_mol': 2, 'L3_out_dim': 96, 'L3_dropout': 0.024008457115138576, 'n_mlp_layers': 3, 'mlp_dim_0': 376, 'mlp_dim_1': 464, 'mlp_dim_2': 448, 'num_heads': 2, 'final_dropout': 0.13408937633241633, 'train_learning_rate': 0.00026484005234078537, 'train_lr_reduce': 0.6}. Best is trial 1073 with value: 0.009419886395335197.
[I 2024-12-26 08:51:29,688] Trial 1487 finished with value: 0.011910195462405682 and parameters: {'L1_hidden_dim': 128, 'L1_layers_atom': 2, 'L1_layers_mol': 2, 'L1_dropout': 0.10906770280224926, 'L1_out_dim': 64, 'L2_hidden_dim': 208, 'L2_layers_atom': 2, 'L2_layers_mol': 3, 'L2_out_dim': 96, 'L2_dropout': 0.07520962613551149, 'L3_hidden_dim': 80, 'L3_layers_atom': 3, 'L3_layers_mol': 1, 'L3_out_dim': 128, 'L3_dropout': 0.12074678251843678, 'n_mlp_layers': 3, 'mlp_dim_0': 344, 'mlp_dim_1': 392, 'mlp_dim_2': 432, 'num_heads': 2, 'final_dropout': 0.10296590039605212, 'train_learning_rate': 0.00038918477080258804, 'train_lr_reduce': 0.6}. Best is trial 1073 with value: 0.009419886395335197.
[I 2024-12-26 08:51:57,466] Trial 1486 finished with value: 0.018648039549589157 and parameters: {'L1_hidden_dim': 64, 'L1_layers_atom': 3, 'L1_layers_mol': 3, 'L1_dropout': 0.0015717600963608728, 'L1_out_dim': 128, 'L2_hidden_dim': 208, 'L2_layers_atom': 1, 'L2_layers_mol': 4, 'L2_out_dim': 32, 'L2_dropout': 0.057463777340576755, 'L3_hidden_dim': 48, 'L3_layers_atom': 4, 'L3_layers_mol': 2, 'L3_out_dim': 128, 'L3_dropout': 0.06225383669676014, 'n_mlp_layers': 1, 'mlp_dim_0': 192, 'num_heads': 2, 'final_dropout': 0.18514762179727862, 'train_learning_rate': 0.0006634889915931926, 'train_lr_reduce': 0.6}. Best is trial 1073 with value: 0.009419886395335197.
[I 2024-12-26 08:53:32,952] Trial 1488 finished with value: 0.011278878897428513 and parameters: {'L1_hidden_dim': 80, 'L1_layers_atom': 4, 'L1_layers_mol': 2, 'L1_dropout': 0.0235957273038922, 'L1_out_dim': 32, 'L2_hidden_dim': 240, 'L2_layers_atom': 1, 'L2_layers_mol': 3, 'L2_out_dim': 96, 'L2_dropout': 0.052192355066699565, 'L3_hidden_dim': 112, 'L3_layers_atom': 2, 'L3_layers_mol': 1, 'L3_out_dim': 80, 'L3_dropout': 0.06266606189905358, 'n_mlp_layers': 3, 'mlp_dim_0': 384, 'mlp_dim_1': 440, 'mlp_dim_2': 448, 'num_heads': 2, 'final_dropout': 0.1688922329292018, 'train_learning_rate': 0.00018048770248974756, 'train_lr_reduce': 0.6}. Best is trial 1073 with value: 0.009419886395335197.
[I 2024-12-26 08:54:12,943] Trial 1489 finished with value: 0.011371172033250332 and parameters: {'L1_hidden_dim': 144, 'L1_layers_atom': 2, 'L1_layers_mol': 3, 'L1_dropout': 0.030814504254790882, 'L1_out_dim': 64, 'L2_hidden_dim': 224, 'L2_layers_atom': 2, 'L2_layers_mol': 3, 'L2_out_dim': 64, 'L2_dropout': 0.0159227023511974, 'L3_hidden_dim': 32, 'L3_layers_atom': 3, 'L3_layers_mol': 1, 'L3_out_dim': 80, 'L3_dropout': 0.1037660509701808, 'n_mlp_layers': 3, 'mlp_dim_0': 432, 'mlp_dim_1': 400, 'mlp_dim_2': 472, 'num_heads': 2, 'final_dropout': 0.14792897392722165, 'train_learning_rate': 0.0006658584190798395, 'train_lr_reduce': 0.6}. Best is trial 1073 with value: 0.009419886395335197.
[I 2024-12-26 08:54:19,229] Trial 1490 finished with value: 0.011831982061266899 and parameters: {'L1_hidden_dim': 112, 'L1_layers_atom': 2, 'L1_layers_mol': 3, 'L1_dropout': 0.06616974445753412, 'L1_out_dim': 80, 'L2_hidden_dim': 192, 'L2_layers_atom': 2, 'L2_layers_mol': 4, 'L2_out_dim': 128, 'L2_dropout': 0.009924369845342175, 'L3_hidden_dim': 128, 'L3_layers_atom': 4, 'L3_layers_mol': 2, 'L3_out_dim': 128, 'L3_dropout': 0.013091025614018125, 'n_mlp_layers': 3, 'mlp_dim_0': 264, 'mlp_dim_1': 472, 'mlp_dim_2': 416, 'num_heads': 2, 'final_dropout': 0.09913715620520193, 'train_learning_rate': 0.0002974574180549182, 'train_lr_reduce': 0.6}. Best is trial 1073 with value: 0.009419886395335197.
[I 2024-12-26 08:55:33,823] Trial 1491 finished with value: 0.018459325656294823 and parameters: {'L1_hidden_dim': 192, 'L1_layers_atom': 2, 'L1_layers_mol': 1, 'L1_dropout': 0.09512965742232062, 'L1_out_dim': 128, 'L2_hidden_dim': 240, 'L2_layers_atom': 1, 'L2_layers_mol': 4, 'L2_out_dim': 80, 'L2_dropout': 0.011859083475573321, 'L3_hidden_dim': 112, 'L3_layers_atom': 4, 'L3_layers_mol': 2, 'L3_out_dim': 96, 'L3_dropout': 0.056318548654730585, 'n_mlp_layers': 3, 'mlp_dim_0': 440, 'mlp_dim_1': 384, 'mlp_dim_2': 480, 'num_heads': 2, 'final_dropout': 0.04886959284563346, 'train_learning_rate': 0.0014033128924655568, 'train_lr_reduce': 0.6}. Best is trial 1073 with value: 0.009419886395335197.
[I 2024-12-26 08:56:57,672] Trial 1493 finished with value: 0.012357963249087334 and parameters: {'L1_hidden_dim': 144, 'L1_layers_atom': 3, 'L1_layers_mol': 1, 'L1_dropout': 0.10587013923685779, 'L1_out_dim': 80, 'L2_hidden_dim': 176, 'L2_layers_atom': 1, 'L2_layers_mol': 3, 'L2_out_dim': 48, 'L2_dropout': 0.03165034275125172, 'L3_hidden_dim': 48, 'L3_layers_atom': 4, 'L3_layers_mol': 1, 'L3_out_dim': 80, 'L3_dropout': 0.25804966792338146, 'n_mlp_layers': 3, 'mlp_dim_0': 376, 'mlp_dim_1': 432, 'mlp_dim_2': 472, 'num_heads': 2, 'final_dropout': 0.19444396619568555, 'train_learning_rate': 0.0008024180073863768, 'train_lr_reduce': 0.6}. Best is trial 1073 with value: 0.009419886395335197.
[I 2024-12-26 08:57:19,440] Trial 1492 finished with value: 0.02031797170639038 and parameters: {'L1_hidden_dim': 64, 'L1_layers_atom': 3, 'L1_layers_mol': 2, 'L1_dropout': 0.016690101965842648, 'L1_out_dim': 48, 'L2_hidden_dim': 256, 'L2_layers_atom': 2, 'L2_layers_mol': 4, 'L2_out_dim': 128, 'L2_dropout': 0.08886863237573014, 'L3_hidden_dim': 128, 'L3_layers_atom': 4, 'L3_layers_mol': 2, 'L3_out_dim': 112, 'L3_dropout': 0.0472352621375562, 'n_mlp_layers': 3, 'mlp_dim_0': 328, 'mlp_dim_1': 456, 'mlp_dim_2': 408, 'num_heads': 2, 'final_dropout': 0.059054533305564254, 'train_learning_rate': 0.0017108558066119633, 'train_lr_reduce': 0.6}. Best is trial 1073 with value: 0.009419886395335197.
[I 2024-12-26 08:58:15,133] Trial 1494 finished with value: 0.012465192005038261 and parameters: {'L1_hidden_dim': 144, 'L1_layers_atom': 1, 'L1_layers_mol': 2, 'L1_dropout': 0.11912192438693742, 'L1_out_dim': 112, 'L2_hidden_dim': 240, 'L2_layers_atom': 1, 'L2_layers_mol': 4, 'L2_out_dim': 128, 'L2_dropout': 0.020943889578623254, 'L3_hidden_dim': 96, 'L3_layers_atom': 3, 'L3_layers_mol': 2, 'L3_out_dim': 128, 'L3_dropout': 0.16917687662786268, 'n_mlp_layers': 3, 'mlp_dim_0': 352, 'mlp_dim_1': 392, 'mlp_dim_2': 456, 'num_heads': 2, 'final_dropout': 0.08060085627035253, 'train_learning_rate': 0.00013337618884921368, 'train_lr_reduce': 0.6}. Best is trial 1073 with value: 0.009419886395335197.
[I 2024-12-26 08:59:50,952] Trial 1495 finished with value: 0.012291290797293186 and parameters: {'L1_hidden_dim': 128, 'L1_layers_atom': 3, 'L1_layers_mol': 2, 'L1_dropout': 0.06063942763119574, 'L1_out_dim': 96, 'L2_hidden_dim': 240, 'L2_layers_atom': 1, 'L2_layers_mol': 4, 'L2_out_dim': 96, 'L2_dropout': 0.039023571437771916, 'L3_hidden_dim': 80, 'L3_layers_atom': 3, 'L3_layers_mol': 1, 'L3_out_dim': 96, 'L3_dropout': 0.20495205754448909, 'n_mlp_layers': 3, 'mlp_dim_0': 368, 'mlp_dim_1': 472, 'mlp_dim_2': 416, 'num_heads': 2, 'final_dropout': 0.1843864144521698, 'train_learning_rate': 0.00011477008651805608, 'train_lr_reduce': 0.6}. Best is trial 1073 with value: 0.009419886395335197.
[I 2024-12-26 09:00:08,657] Trial 1497 finished with value: 0.013944713398814201 and parameters: {'L1_hidden_dim': 112, 'L1_layers_atom': 3, 'L1_layers_mol': 2, 'L1_dropout': 0.15100358331919136, 'L1_out_dim': 48, 'L2_hidden_dim': 192, 'L2_layers_atom': 1, 'L2_layers_mol': 1, 'L2_out_dim': 128, 'L2_dropout': 0.023920523814172825, 'L3_hidden_dim': 112, 'L3_layers_atom': 2, 'L3_layers_mol': 3, 'L3_out_dim': 64, 'L3_dropout': 0.011560149860262187, 'n_mlp_layers': 3, 'mlp_dim_0': 400, 'mlp_dim_1': 376, 'mlp_dim_2': 416, 'num_heads': 2, 'final_dropout': 0.24347726392405372, 'train_learning_rate': 0.0010084101613388233, 'train_lr_reduce': 0.6}. Best is trial 1073 with value: 0.009419886395335197.
[I 2024-12-26 09:00:09,463] Trial 1496 finished with value: 0.012431793846189976 and parameters: {'L1_hidden_dim': 176, 'L1_layers_atom': 2, 'L1_layers_mol': 2, 'L1_dropout': 0.012614059471084425, 'L1_out_dim': 64, 'L2_hidden_dim': 160, 'L2_layers_atom': 1, 'L2_layers_mol': 3, 'L2_out_dim': 80, 'L2_dropout': 0.10873503676887106, 'L3_hidden_dim': 48, 'L3_layers_atom': 4, 'L3_layers_mol': 1, 'L3_out_dim': 96, 'L3_dropout': 0.15937209334557068, 'n_mlp_layers': 3, 'mlp_dim_0': 440, 'mlp_dim_1': 432, 'mlp_dim_2': 480, 'num_heads': 2, 'final_dropout': 0.2618165543229711, 'train_learning_rate': 0.0013630159926220236, 'train_lr_reduce': 0.6}. Best is trial 1073 with value: 0.009419886395335197.
[I 2024-12-26 09:02:05,853] Trial 1498 finished with value: 0.01146369706839323 and parameters: {'L1_hidden_dim': 80, 'L1_layers_atom': 4, 'L1_layers_mol': 2, 'L1_dropout': 0.0475231440311084, 'L1_out_dim': 32, 'L2_hidden_dim': 256, 'L2_layers_atom': 1, 'L2_layers_mol': 2, 'L2_out_dim': 128, 'L2_dropout': 0.0665633451989087, 'L3_hidden_dim': 80, 'L3_layers_atom': 3, 'L3_layers_mol': 1, 'L3_out_dim': 128, 'L3_dropout': 0.04315624181098543, 'n_mlp_layers': 3, 'mlp_dim_0': 200, 'mlp_dim_1': 376, 'mlp_dim_2': 512, 'num_heads': 2, 'final_dropout': 0.13912209359982927, 'train_learning_rate': 0.0003417008923891589, 'train_lr_reduce': 0.6}. Best is trial 1073 with value: 0.009419886395335197.
[I 2024-12-26 09:02:22,383] Trial 1499 finished with value: 0.011886337772011757 and parameters: {'L1_hidden_dim': 112, 'L1_layers_atom': 1, 'L1_layers_mol': 1, 'L1_dropout': 0.0018271438567528317, 'L1_out_dim': 80, 'L2_hidden_dim': 176, 'L2_layers_atom': 1, 'L2_layers_mol': 3, 'L2_out_dim': 80, 'L2_dropout': 0.02712065008867784, 'L3_hidden_dim': 64, 'L3_layers_atom': 3, 'L3_layers_mol': 1, 'L3_out_dim': 96, 'L3_dropout': 0.11152431651416933, 'n_mlp_layers': 3, 'mlp_dim_0': 384, 'mlp_dim_1': 432, 'mlp_dim_2': 512, 'num_heads': 1, 'final_dropout': 0.22695378068376193, 'train_learning_rate': 0.0004477816734242056, 'train_lr_reduce': 0.6}. Best is trial 1073 with value: 0.009419886395335197.
[I 2024-12-26 09:02:54,724] Trial 1500 finished with value: 0.011332734487950802 and parameters: {'L1_hidden_dim': 112, 'L1_layers_atom': 2, 'L1_layers_mol': 2, 'L1_dropout': 0.048321972471212206, 'L1_out_dim': 80, 'L2_hidden_dim': 256, 'L2_layers_atom': 2, 'L2_layers_mol': 1, 'L2_out_dim': 64, 'L2_dropout': 0.053522273751740235, 'L3_hidden_dim': 32, 'L3_layers_atom': 4, 'L3_layers_mol': 1, 'L3_out_dim': 112, 'L3_dropout': 0.02964808176351215, 'n_mlp_layers': 3, 'mlp_dim_0': 328, 'mlp_dim_1': 472, 'mlp_dim_2': 416, 'num_heads': 2, 'final_dropout': 0.14221955896106694, 'train_learning_rate': 0.0004292631520277611, 'train_lr_reduce': 0.6}. Best is trial 1073 with value: 0.009419886395335197.
[I 2024-12-26 09:05:04,425] Trial 1502 finished with value: 0.013990815728902817 and parameters: {'L1_hidden_dim': 192, 'L1_layers_atom': 3, 'L1_layers_mol': 2, 'L1_dropout': 0.02925798430173204, 'L1_out_dim': 48, 'L2_hidden_dim': 224, 'L2_layers_atom': 1, 'L2_layers_mol': 3, 'L2_out_dim': 96, 'L2_dropout': 0.04290751558094313, 'L3_hidden_dim': 80, 'L3_layers_atom': 4, 'L3_layers_mol': 2, 'L3_out_dim': 128, 'L3_dropout': 0.19795070438132578, 'n_mlp_layers': 3, 'mlp_dim_0': 464, 'mlp_dim_1': 360, 'mlp_dim_2': 408, 'num_heads': 2, 'final_dropout': 0.23484322973592317, 'train_learning_rate': 0.0014754095856538893, 'train_lr_reduce': 0.6}. Best is trial 1073 with value: 0.009419886395335197.
[I 2024-12-26 09:05:20,087] Trial 1503 finished with value: 0.010405655950307846 and parameters: {'L1_hidden_dim': 112, 'L1_layers_atom': 2, 'L1_layers_mol': 1, 'L1_dropout': 0.025348597608249472, 'L1_out_dim': 48, 'L2_hidden_dim': 208, 'L2_layers_atom': 1, 'L2_layers_mol': 4, 'L2_out_dim': 96, 'L2_dropout': 0.0008422917027814293, 'L3_hidden_dim': 96, 'L3_layers_atom': 2, 'L3_layers_mol': 1, 'L3_out_dim': 112, 'L3_dropout': 0.04038993094238731, 'n_mlp_layers': 3, 'mlp_dim_0': 400, 'mlp_dim_1': 472, 'mlp_dim_2': 464, 'num_heads': 2, 'final_dropout': 0.15421886235421428, 'train_learning_rate': 0.0003015581710573854, 'train_lr_reduce': 0.6}. Best is trial 1073 with value: 0.009419886395335197.
[I 2024-12-26 09:05:38,098] Trial 1501 finished with value: 0.01394539326429367 and parameters: {'L1_hidden_dim': 128, 'L1_layers_atom': 2, 'L1_layers_mol': 2, 'L1_dropout': 0.03564379234374005, 'L1_out_dim': 64, 'L2_hidden_dim': 224, 'L2_layers_atom': 1, 'L2_layers_mol': 2, 'L2_out_dim': 96, 'L2_dropout': 0.09785407952268417, 'L3_hidden_dim': 48, 'L3_layers_atom': 4, 'L3_layers_mol': 1, 'L3_out_dim': 112, 'L3_dropout': 0.12295634905139083, 'n_mlp_layers': 3, 'mlp_dim_0': 416, 'mlp_dim_1': 416, 'mlp_dim_2': 456, 'num_heads': 2, 'final_dropout': 0.06674039813020795, 'train_learning_rate': 0.00028270883921164923, 'train_lr_reduce': 0.6}. Best is trial 1073 with value: 0.009419886395335197.
[I 2024-12-26 09:06:57,541] Trial 1505 finished with value: 0.015257961116731167 and parameters: {'L1_hidden_dim': 112, 'L1_layers_atom': 3, 'L1_layers_mol': 1, 'L1_dropout': 0.04189853982381542, 'L1_out_dim': 32, 'L2_hidden_dim': 224, 'L2_layers_atom': 2, 'L2_layers_mol': 2, 'L2_out_dim': 128, 'L2_dropout': 0.035468184890529775, 'L3_hidden_dim': 112, 'L3_layers_atom': 3, 'L3_layers_mol': 1, 'L3_out_dim': 112, 'L3_dropout': 0.10898915348676709, 'n_mlp_layers': 3, 'mlp_dim_0': 320, 'mlp_dim_1': 408, 'mlp_dim_2': 512, 'num_heads': 2, 'final_dropout': 0.12396393188548196, 'train_learning_rate': 0.0012834404284117356, 'train_lr_reduce': 0.6}. Best is trial 1073 with value: 0.009419886395335197.
[I 2024-12-26 09:07:24,672] Trial 1504 finished with value: 0.011973223648965359 and parameters: {'L1_hidden_dim': 144, 'L1_layers_atom': 4, 'L1_layers_mol': 4, 'L1_dropout': 0.01471759160324694, 'L1_out_dim': 32, 'L2_hidden_dim': 112, 'L2_layers_atom': 1, 'L2_layers_mol': 1, 'L2_out_dim': 128, 'L2_dropout': 0.1071280486305081, 'L3_hidden_dim': 64, 'L3_layers_atom': 4, 'L3_layers_mol': 1, 'L3_out_dim': 80, 'L3_dropout': 0.008647694085305881, 'n_mlp_layers': 3, 'mlp_dim_0': 360, 'mlp_dim_1': 312, 'mlp_dim_2': 408, 'num_heads': 2, 'final_dropout': 0.114455318482798, 'train_learning_rate': 0.000275971879504372, 'train_lr_reduce': 0.6}. Best is trial 1073 with value: 0.009419886395335197.
[I 2024-12-26 09:07:56,122] Trial 1506 finished with value: 0.011258125305175781 and parameters: {'L1_hidden_dim': 64, 'L1_layers_atom': 2, 'L1_layers_mol': 1, 'L1_dropout': 0.10911536405166389, 'L1_out_dim': 32, 'L2_hidden_dim': 192, 'L2_layers_atom': 1, 'L2_layers_mol': 3, 'L2_out_dim': 128, 'L2_dropout': 0.01946266345708797, 'L3_hidden_dim': 64, 'L3_layers_atom': 4, 'L3_layers_mol': 2, 'L3_out_dim': 112, 'L3_dropout': 0.10378274760825994, 'n_mlp_layers': 3, 'mlp_dim_0': 256, 'mlp_dim_1': 376, 'mlp_dim_2': 456, 'num_heads': 2, 'final_dropout': 0.13181453581373337, 'train_learning_rate': 0.0009984478280521748, 'train_lr_reduce': 0.6}. Best is trial 1073 with value: 0.009419886395335197.
[I 2024-12-26 09:09:38,455] Trial 1507 finished with value: 0.015067878179252148 and parameters: {'L1_hidden_dim': 64, 'L1_layers_atom': 3, 'L1_layers_mol': 1, 'L1_dropout': 0.04503050035276196, 'L1_out_dim': 48, 'L2_hidden_dim': 240, 'L2_layers_atom': 1, 'L2_layers_mol': 4, 'L2_out_dim': 112, 'L2_dropout': 0.0009560019179237955, 'L3_hidden_dim': 112, 'L3_layers_atom': 4, 'L3_layers_mol': 1, 'L3_out_dim': 128, 'L3_dropout': 0.02606148553357708, 'n_mlp_layers': 3, 'mlp_dim_0': 376, 'mlp_dim_1': 440, 'mlp_dim_2': 456, 'num_heads': 2, 'final_dropout': 0.012745702087061273, 'train_learning_rate': 0.0018321085946227428, 'train_lr_reduce': 0.6}. Best is trial 1073 with value: 0.009419886395335197.
[I 2024-12-26 09:10:19,254] Trial 1509 finished with value: 0.01135160680860281 and parameters: {'L1_hidden_dim': 176, 'L1_layers_atom': 4, 'L1_layers_mol': 2, 'L1_dropout': 0.02119258507063284, 'L1_out_dim': 32, 'L2_hidden_dim': 176, 'L2_layers_atom': 2, 'L2_layers_mol': 1, 'L2_out_dim': 112, 'L2_dropout': 0.01472963506549255, 'L3_hidden_dim': 96, 'L3_layers_atom': 3, 'L3_layers_mol': 2, 'L3_out_dim': 80, 'L3_dropout': 0.24765771860311045, 'n_mlp_layers': 3, 'mlp_dim_0': 488, 'mlp_dim_1': 360, 'mlp_dim_2': 408, 'num_heads': 1, 'final_dropout': 0.09556777700891692, 'train_learning_rate': 0.0002861579553390247, 'train_lr_reduce': 0.6}. Best is trial 1073 with value: 0.009419886395335197.
[I 2024-12-26 09:11:29,576] Trial 1508 finished with value: 0.010834082961082458 and parameters: {'L1_hidden_dim': 80, 'L1_layers_atom': 3, 'L1_layers_mol': 2, 'L1_dropout': 0.01467972910834426, 'L1_out_dim': 64, 'L2_hidden_dim': 192, 'L2_layers_atom': 1, 'L2_layers_mol': 4, 'L2_out_dim': 80, 'L2_dropout': 0.01050005978978158, 'L3_hidden_dim': 64, 'L3_layers_atom': 2, 'L3_layers_mol': 1, 'L3_out_dim': 128, 'L3_dropout': 0.1516259007817415, 'n_mlp_layers': 2, 'mlp_dim_0': 280, 'mlp_dim_1': 432, 'num_heads': 2, 'final_dropout': 0.14432533623727758, 'train_learning_rate': 0.00047766972834352027, 'train_lr_reduce': 0.6}. Best is trial 1073 with value: 0.009419886395335197.
[I 2024-12-26 09:12:16,422] Trial 1510 finished with value: 0.011627624742686749 and parameters: {'L1_hidden_dim': 256, 'L1_layers_atom': 4, 'L1_layers_mol': 1, 'L1_dropout': 0.01209928849088163, 'L1_out_dim': 48, 'L2_hidden_dim': 256, 'L2_layers_atom': 4, 'L2_layers_mol': 2, 'L2_out_dim': 112, 'L2_dropout': 0.023416762324032205, 'L3_hidden_dim': 64, 'L3_layers_atom': 3, 'L3_layers_mol': 2, 'L3_out_dim': 64, 'L3_dropout': 0.09707418387188352, 'n_mlp_layers': 3, 'mlp_dim_0': 512, 'mlp_dim_1': 472, 'mlp_dim_2': 456, 'num_heads': 2, 'final_dropout': 0.08603239723530438, 'train_learning_rate': 0.0004724856987910458, 'train_lr_reduce': 0.6}. Best is trial 1073 with value: 0.009419886395335197.
[I 2024-12-26 09:13:33,795] Trial 1511 finished with value: 0.010762847028672695 and parameters: {'L1_hidden_dim': 64, 'L1_layers_atom': 2, 'L1_layers_mol': 2, 'L1_dropout': 0.0679176499529896, 'L1_out_dim': 48, 'L2_hidden_dim': 240, 'L2_layers_atom': 1, 'L2_layers_mol': 2, 'L2_out_dim': 128, 'L2_dropout': 0.017662601793308197, 'L3_hidden_dim': 112, 'L3_layers_atom': 4, 'L3_layers_mol': 2, 'L3_out_dim': 112, 'L3_dropout': 0.03147589057784314, 'n_mlp_layers': 3, 'mlp_dim_0': 256, 'mlp_dim_1': 312, 'mlp_dim_2': 400, 'num_heads': 2, 'final_dropout': 0.1327178470241998, 'train_learning_rate': 0.00014669406611027635, 'train_lr_reduce': 0.6}. Best is trial 1073 with value: 0.009419886395335197.
[I 2024-12-26 09:14:40,418] Trial 1513 finished with value: 0.01240602508187294 and parameters: {'L1_hidden_dim': 192, 'L1_layers_atom': 3, 'L1_layers_mol': 2, 'L1_dropout': 0.05847153368544726, 'L1_out_dim': 112, 'L2_hidden_dim': 176, 'L2_layers_atom': 1, 'L2_layers_mol': 4, 'L2_out_dim': 96, 'L2_dropout': 0.008730068583692616, 'L3_hidden_dim': 80, 'L3_layers_atom': 3, 'L3_layers_mol': 1, 'L3_out_dim': 80, 'L3_dropout': 0.12443683390927279, 'n_mlp_layers': 3, 'mlp_dim_0': 456, 'mlp_dim_1': 480, 'mlp_dim_2': 512, 'num_heads': 2, 'final_dropout': 0.007723741558793282, 'train_learning_rate': 0.0012024638264016396, 'train_lr_reduce': 0.6}. Best is trial 1073 with value: 0.009419886395335197.
