[I 2024-12-04 17:22:02,777] Trial 468 finished with value: 0.3341560197365395 and parameters: {'n_estimators': 878, 'max_depth': 11, 'learning_rate': 0.09337870318845261, 'subsample': 0.7585719849682786, 'colsample_bytree': 0.7686269521131641, 'min_child_weight': 2, 'gamma': 0.002190544567537093, 'reg_alpha': 0.0009203541565208689, 'reg_lambda': 0.016454480265534848}. Best is trial 435 with value: 0.31178151468232856.
[I 2024-12-04 17:22:02,909] Trial 484 finished with value: 0.3220780492063008 and parameters: {'n_estimators': 858, 'max_depth': 7, 'learning_rate': 0.06819903153168033, 'subsample': 0.7489171214999611, 'colsample_bytree': 0.7971600945641844, 'min_child_weight': 2, 'gamma': 0.003101872207250231, 'reg_alpha': 4.581622796358926e-05, 'reg_lambda': 0.01807683222790997}. Best is trial 435 with value: 0.31178151468232856.
[I 2024-12-04 17:22:03,627] Trial 477 finished with value: 0.3275396389245394 and parameters: {'n_estimators': 748, 'max_depth': 6, 'learning_rate': 0.0941946150567666, 'subsample': 0.732824914896546, 'colsample_bytree': 0.7425317549371685, 'min_child_weight': 2, 'gamma': 0.0015553820042535666, 'reg_alpha': 6.798390387168915e-05, 'reg_lambda': 0.02267501302325727}. Best is trial 435 with value: 0.31178151468232856.
[I 2024-12-04 17:22:04,178] Trial 469 finished with value: 0.32635508210334885 and parameters: {'n_estimators': 563, 'max_depth': 8, 'learning_rate': 0.08979567207035363, 'subsample': 0.7217982462341198, 'colsample_bytree': 0.8033352811321466, 'min_child_weight': 2, 'gamma': 0.0044301034843676765, 'reg_alpha': 0.00013001183248680245, 'reg_lambda': 0.021081233470045067}. Best is trial 435 with value: 0.31178151468232856.
[I 2024-12-04 17:22:05,218] Trial 483 finished with value: 0.3275319091628745 and parameters: {'n_estimators': 721, 'max_depth': 8, 'learning_rate': 0.0899383033547476, 'subsample': 0.7574687564061058, 'colsample_bytree': 0.833577999318851, 'min_child_weight': 2, 'gamma': 0.0010560849330998648, 'reg_alpha': 0.00012716228358586405, 'reg_lambda': 0.05435544413856589}. Best is trial 435 with value: 0.31178151468232856.
[I 2024-12-04 17:22:06,586] Trial 464 finished with value: 0.33134788437760837 and parameters: {'n_estimators': 621, 'max_depth': 10, 'learning_rate': 0.07610608780224531, 'subsample': 0.7174081938192521, 'colsample_bytree': 0.7927578143588563, 'min_child_weight': 2, 'gamma': 0.00819322734662213, 'reg_alpha': 0.0002512017442668952, 'reg_lambda': 0.15819822149980012}. Best is trial 435 with value: 0.31178151468232856.
[I 2024-12-04 17:22:07,928] Trial 490 finished with value: 0.3314943579187496 and parameters: {'n_estimators': 864, 'max_depth': 8, 'learning_rate': 0.053596390641431575, 'subsample': 0.708001904602644, 'colsample_bytree': 0.7077907361145943, 'min_child_weight': 2, 'gamma': 0.008316757745928069, 'reg_alpha': 3.305865647690188e-05, 'reg_lambda': 0.15300267268800685}. Best is trial 435 with value: 0.31178151468232856.
[I 2024-12-04 17:22:09,565] Trial 480 finished with value: 0.33263241228285423 and parameters: {'n_estimators': 557, 'max_depth': 8, 'learning_rate': 0.08797204614257755, 'subsample': 0.7179329803069409, 'colsample_bytree': 0.7771509608974304, 'min_child_weight': 2, 'gamma': 0.0016971806801765392, 'reg_alpha': 0.0017146334469637316, 'reg_lambda': 0.06396597209952203}. Best is trial 435 with value: 0.31178151468232856.
[I 2024-12-04 17:22:09,585] Trial 488 finished with value: 0.32301633306772154 and parameters: {'n_estimators': 839, 'max_depth': 8, 'learning_rate': 0.06472276776101196, 'subsample': 0.7239499844648907, 'colsample_bytree': 0.760022976380428, 'min_child_weight': 2, 'gamma': 0.005857517986966641, 'reg_alpha': 2.2864708863362292e-05, 'reg_lambda': 0.08775429691932318}. Best is trial 435 with value: 0.31178151468232856.
[I 2024-12-04 17:22:09,890] Trial 482 finished with value: 0.3402385848343216 and parameters: {'n_estimators': 722, 'max_depth': 8, 'learning_rate': 0.07565730521502703, 'subsample': 0.7608762054647107, 'colsample_bytree': 0.8034865627988118, 'min_child_weight': 2, 'gamma': 0.00190081970143863, 'reg_alpha': 3.145530954585467e-05, 'reg_lambda': 0.10549478226516981}. Best is trial 435 with value: 0.31178151468232856.
[I 2024-12-04 17:22:09,988] Trial 487 finished with value: 0.3263961368988175 and parameters: {'n_estimators': 952, 'max_depth': 8, 'learning_rate': 0.06033838847039962, 'subsample': 0.7517782744173868, 'colsample_bytree': 0.7863851366880873, 'min_child_weight': 2, 'gamma': 0.006380240266297343, 'reg_alpha': 0.00026179095205787034, 'reg_lambda': 0.00872646486351741}. Best is trial 435 with value: 0.31178151468232856.
[I 2024-12-04 17:22:10,587] Trial 491 finished with value: 0.32867777548719507 and parameters: {'n_estimators': 735, 'max_depth': 7, 'learning_rate': 0.07602929304597224, 'subsample': 0.7388874635872879, 'colsample_bytree': 0.7225096357719644, 'min_child_weight': 2, 'gamma': 0.010779711076920084, 'reg_alpha': 3.716961735012757e-05, 'reg_lambda': 0.04378805661575868}. Best is trial 435 with value: 0.31178151468232856.
[I 2024-12-04 17:22:11,414] Trial 481 finished with value: 0.3365617305840045 and parameters: {'n_estimators': 794, 'max_depth': 8, 'learning_rate': 0.09057188115781206, 'subsample': 0.7748190908001473, 'colsample_bytree': 0.8364255677772279, 'min_child_weight': 2, 'gamma': 0.003360312065957615, 'reg_alpha': 9.994413062892211e-05, 'reg_lambda': 0.03641711052840658}. Best is trial 435 with value: 0.31178151468232856.
[I 2024-12-04 17:22:12,608] Trial 486 finished with value: 0.31770315214144673 and parameters: {'n_estimators': 751, 'max_depth': 7, 'learning_rate': 0.06332505472545509, 'subsample': 0.739175408795465, 'colsample_bytree': 0.8119937281369836, 'min_child_weight': 2, 'gamma': 0.002414168923862507, 'reg_alpha': 2.5627202161640835e-05, 'reg_lambda': 0.08055692332664122}. Best is trial 435 with value: 0.31178151468232856.
[I 2024-12-04 17:22:13,171] Trial 485 finished with value: 0.3317905501675906 and parameters: {'n_estimators': 848, 'max_depth': 8, 'learning_rate': 0.09563187043536649, 'subsample': 0.7525992731986832, 'colsample_bytree': 0.783759931998794, 'min_child_weight': 2, 'gamma': 0.0023674075327102116, 'reg_alpha': 5.9955693996272516e-05, 'reg_lambda': 0.08993836197751066}. Best is trial 435 with value: 0.31178151468232856.
[I 2024-12-04 17:22:15,001] Trial 489 finished with value: 0.37871289097824096 and parameters: {'n_estimators': 698, 'max_depth': 8, 'learning_rate': 0.059134188691101625, 'subsample': 0.7636319001912224, 'colsample_bytree': 0.7822946633870727, 'min_child_weight': 2, 'gamma': 0.16436590715930727, 'reg_alpha': 8.092803447910777e-05, 'reg_lambda': 0.0060740363889998554}. Best is trial 435 with value: 0.31178151468232856.
[I 2024-12-04 17:22:15,074] Trial 492 finished with value: 0.3325796211762475 and parameters: {'n_estimators': 777, 'max_depth': 9, 'learning_rate': 0.09835589155328843, 'subsample': 0.7269110482495372, 'colsample_bytree': 0.8439319260138458, 'min_child_weight': 2, 'gamma': 0.004237849530183321, 'reg_alpha': 0.00020321059677428282, 'reg_lambda': 0.2874224553302401}. Best is trial 435 with value: 0.31178151468232856.
[I 2024-12-04 17:22:16,602] Trial 497 finished with value: 0.32100742643359387 and parameters: {'n_estimators': 869, 'max_depth': 8, 'learning_rate': 0.0906914053875865, 'subsample': 0.725259612854082, 'colsample_bytree': 0.8010200678112684, 'min_child_weight': 2, 'gamma': 0.011621724996050376, 'reg_alpha': 0.00019785487168727468, 'reg_lambda': 0.05749669395480393}. Best is trial 435 with value: 0.31178151468232856.
[I 2024-12-04 17:22:17,694] Trial 495 finished with value: 0.3340141601774781 and parameters: {'n_estimators': 845, 'max_depth': 8, 'learning_rate': 0.07538435517902535, 'subsample': 0.7559812783254225, 'colsample_bytree': 0.7912756980865584, 'min_child_weight': 2, 'gamma': 0.018374276814535757, 'reg_alpha': 0.00017623966855713608, 'reg_lambda': 0.06663166334444964}. Best is trial 435 with value: 0.31178151468232856.
[I 2024-12-04 17:22:18,054] Trial 500 finished with value: 0.3414037196564883 and parameters: {'n_estimators': 818, 'max_depth': 8, 'learning_rate': 0.08255147451640416, 'subsample': 0.7492941301623932, 'colsample_bytree': 0.7643926201042996, 'min_child_weight': 2, 'gamma': 0.05042981996890239, 'reg_alpha': 0.0001071554997102281, 'reg_lambda': 0.1104383699134262}. Best is trial 435 with value: 0.31178151468232856.
[I 2024-12-04 17:22:18,098] Trial 499 finished with value: 0.3278502701479843 and parameters: {'n_estimators': 667, 'max_depth': 9, 'learning_rate': 0.06570646009030758, 'subsample': 0.7310892529540367, 'colsample_bytree': 0.7979583086344779, 'min_child_weight': 2, 'gamma': 0.018354397501670585, 'reg_alpha': 5.4067495064301995e-05, 'reg_lambda': 0.09247461224969333}. Best is trial 435 with value: 0.31178151468232856.
[I 2024-12-04 17:22:19,515] Trial 505 finished with value: 0.33383594264709593 and parameters: {'n_estimators': 850, 'max_depth': 8, 'learning_rate': 0.09405212305707226, 'subsample': 0.738729388664887, 'colsample_bytree': 0.7661104957798435, 'min_child_weight': 2, 'gamma': 0.012566299060701494, 'reg_alpha': 0.000293439736759957, 'reg_lambda': 0.01984669245403194}. Best is trial 435 with value: 0.31178151468232856.
[I 2024-12-04 17:22:19,568] Trial 502 finished with value: 0.3201790850946618 and parameters: {'n_estimators': 825, 'max_depth': 8, 'learning_rate': 0.06720183899443397, 'subsample': 0.7679592008024525, 'colsample_bytree': 0.7670822249770178, 'min_child_weight': 2, 'gamma': 0.008223681560012262, 'reg_alpha': 4.546084983842522e-05, 'reg_lambda': 0.05139855901331136}. Best is trial 435 with value: 0.31178151468232856.
[I 2024-12-04 17:22:20,060] Trial 493 finished with value: 0.38857269803528194 and parameters: {'n_estimators': 821, 'max_depth': 7, 'learning_rate': 0.08185727301011558, 'subsample': 0.7261388402531472, 'colsample_bytree': 0.7884161438015269, 'min_child_weight': 3, 'gamma': 0.0033792306110470506, 'reg_alpha': 0.0010680105347193076, 'reg_lambda': 0.011952151367769916}. Best is trial 435 with value: 0.31178151468232856.
[I 2024-12-04 17:22:20,146] Trial 509 finished with value: 0.3358239881855269 and parameters: {'n_estimators': 574, 'max_depth': 7, 'learning_rate': 0.09518518541315861, 'subsample': 0.7719926658434462, 'colsample_bytree': 0.8543491161856863, 'min_child_weight': 2, 'gamma': 0.0099837429628024, 'reg_alpha': 0.00025664962733238533, 'reg_lambda': 0.03312904332930253}. Best is trial 435 with value: 0.31178151468232856.
[I 2024-12-04 17:22:20,731] Trial 506 finished with value: 0.33517946888048605 and parameters: {'n_estimators': 820, 'max_depth': 8, 'learning_rate': 0.08674202380161476, 'subsample': 0.718766779638788, 'colsample_bytree': 0.7701836270186218, 'min_child_weight': 2, 'gamma': 0.004049626035215871, 'reg_alpha': 0.00069980354610917, 'reg_lambda': 0.16667758275244185}. Best is trial 435 with value: 0.31178151468232856.
[I 2024-12-04 17:22:20,781] Trial 494 finished with value: 0.3203360680047159 and parameters: {'n_estimators': 753, 'max_depth': 7, 'learning_rate': 0.09337226728277163, 'subsample': 0.7289354636333394, 'colsample_bytree': 0.7264727896811416, 'min_child_weight': 2, 'gamma': 0.001968506290287028, 'reg_alpha': 0.0002814532680732233, 'reg_lambda': 0.10601167403965127}. Best is trial 435 with value: 0.31178151468232856.
