[I 2024-12-19 08:55:56,174] Trial 2307 finished with value: 1.3052839040756226 and parameters: {'mlp_n_layers': 2, 'mlp_dim_00': 166, 'mlp_dim_01': 341, 'node_hidden_dim': 75, 'edge_hidden_dim': 50, 'depth': 2, 'rep_dropout': 0.03706777166658917, 'train_learning_rate': 0.006273050410455593, 'train_lr_reduce': 0.6}. Best is trial 1483 with value: 0.2768918573856354.
[I 2024-12-19 08:55:59,351] Trial 2308 finished with value: 1.2963025569915771 and parameters: {'mlp_n_layers': 2, 'mlp_dim_00': 213, 'mlp_dim_01': 293, 'node_hidden_dim': 61, 'edge_hidden_dim': 62, 'depth': 2, 'rep_dropout': 0.10359226093517811, 'train_learning_rate': 0.007065420233891808, 'train_lr_reduce': 0.6}. Best is trial 1483 with value: 0.2768918573856354.
[I 2024-12-19 08:56:01,179] Trial 2309 finished with value: 1.4451175928115845 and parameters: {'mlp_n_layers': 3, 'mlp_dim_00': 433, 'mlp_dim_01': 66, 'mlp_dim_02': 176, 'node_hidden_dim': 64, 'edge_hidden_dim': 101, 'depth': 2, 'rep_dropout': 0.11691927832495012, 'train_learning_rate': 0.004725098086646558, 'train_lr_reduce': 0.6}. Best is trial 1483 with value: 0.2768918573856354.
[I 2024-12-19 08:56:04,662] Trial 2310 finished with value: 1.4518637657165527 and parameters: {'mlp_n_layers': 2, 'mlp_dim_00': 133, 'mlp_dim_01': 182, 'node_hidden_dim': 44, 'edge_hidden_dim': 65, 'depth': 2, 'rep_dropout': 0.07229307590420368, 'train_learning_rate': 0.008461232267587894, 'train_lr_reduce': 0.6}. Best is trial 1483 with value: 0.2768918573856354.
[I 2024-12-19 08:56:04,665] Trial 2305 finished with value: 0.5141212940216064 and parameters: {'mlp_n_layers': 3, 'mlp_dim_00': 104, 'mlp_dim_01': 155, 'mlp_dim_02': 454, 'node_hidden_dim': 110, 'edge_hidden_dim': 81, 'depth': 2, 'rep_dropout': 0.038181547456985626, 'train_learning_rate': 0.005293880372639005, 'train_lr_reduce': 0.6}. Best is trial 1483 with value: 0.2768918573856354.
[I 2024-12-19 08:56:06,939] Trial 2311 finished with value: 1.4161430597305298 and parameters: {'mlp_n_layers': 2, 'mlp_dim_00': 285, 'mlp_dim_01': 329, 'node_hidden_dim': 95, 'edge_hidden_dim': 73, 'depth': 2, 'rep_dropout': 0.14287177676914253, 'train_learning_rate': 0.004939266193398267, 'train_lr_reduce': 0.6}. Best is trial 1483 with value: 0.2768918573856354.
[I 2024-12-19 08:56:09,962] Trial 2313 finished with value: 1.5704975128173828 and parameters: {'mlp_n_layers': 4, 'mlp_dim_00': 351, 'mlp_dim_01': 434, 'mlp_dim_02': 472, 'mlp_dim_03': 175, 'node_hidden_dim': 116, 'edge_hidden_dim': 80, 'depth': 4, 'rep_dropout': 0.24258749916655392, 'train_learning_rate': 0.00010426718629467845, 'train_lr_reduce': 0.6}. Best is trial 1483 with value: 0.2768918573856354.
[I 2024-12-19 08:56:10,170] Trial 2312 finished with value: 1.570827841758728 and parameters: {'mlp_n_layers': 3, 'mlp_dim_00': 250, 'mlp_dim_01': 164, 'mlp_dim_02': 473, 'node_hidden_dim': 126, 'edge_hidden_dim': 122, 'depth': 3, 'rep_dropout': 0.006857868201497919, 'train_learning_rate': 0.0004325663180236653, 'train_lr_reduce': 0.6}. Best is trial 1483 with value: 0.2768918573856354.
[I 2024-12-19 08:56:14,237] Trial 2315 finished with value: 1.3577162027359009 and parameters: {'mlp_n_layers': 2, 'mlp_dim_00': 106, 'mlp_dim_01': 193, 'node_hidden_dim': 84, 'edge_hidden_dim': 48, 'depth': 2, 'rep_dropout': 0.07662538854457848, 'train_learning_rate': 0.009282424196255589, 'train_lr_reduce': 0.6}. Best is trial 1483 with value: 0.2768918573856354.
[I 2024-12-19 08:56:15,837] Trial 2316 finished with value: 1.34568190574646 and parameters: {'mlp_n_layers': 3, 'mlp_dim_00': 512, 'mlp_dim_01': 432, 'mlp_dim_02': 438, 'node_hidden_dim': 91, 'edge_hidden_dim': 86, 'depth': 2, 'rep_dropout': 0.08048716009190478, 'train_learning_rate': 0.003054453936112179, 'train_lr_reduce': 0.6}. Best is trial 1483 with value: 0.2768918573856354.
[I 2024-12-19 08:56:18,852] Trial 2317 finished with value: 1.2850035429000854 and parameters: {'mlp_n_layers': 3, 'mlp_dim_00': 296, 'mlp_dim_01': 362, 'mlp_dim_02': 431, 'node_hidden_dim': 64, 'edge_hidden_dim': 66, 'depth': 2, 'rep_dropout': 0.11360378968824, 'train_learning_rate': 0.008789816626408176, 'train_lr_reduce': 0.6}. Best is trial 1483 with value: 0.2768918573856354.
[I 2024-12-19 08:56:22,756] Trial 2314 finished with value: 0.5006340146064758 and parameters: {'mlp_n_layers': 4, 'mlp_dim_00': 309, 'mlp_dim_01': 305, 'mlp_dim_02': 176, 'mlp_dim_03': 112, 'node_hidden_dim': 98, 'edge_hidden_dim': 92, 'depth': 2, 'rep_dropout': 0.012821034635309633, 'train_learning_rate': 0.00295503224330907, 'train_lr_reduce': 0.6}. Best is trial 1483 with value: 0.2768918573856354.
[I 2024-12-19 08:56:23,536] Trial 2318 finished with value: 1.2390605211257935 and parameters: {'mlp_n_layers': 2, 'mlp_dim_00': 253, 'mlp_dim_01': 247, 'node_hidden_dim': 79, 'edge_hidden_dim': 50, 'depth': 2, 'rep_dropout': 0.05026398078952959, 'train_learning_rate': 0.007649806765809995, 'train_lr_reduce': 0.6}. Best is trial 1483 with value: 0.2768918573856354.
[I 2024-12-19 08:56:23,561] Trial 2319 finished with value: 1.2930752038955688 and parameters: {'mlp_n_layers': 2, 'mlp_dim_00': 187, 'mlp_dim_01': 174, 'node_hidden_dim': 62, 'edge_hidden_dim': 43, 'depth': 2, 'rep_dropout': 0.07619516642236895, 'train_learning_rate': 0.004101617024195023, 'train_lr_reduce': 0.6}. Best is trial 1483 with value: 0.2768918573856354.
[I 2024-12-19 08:56:27,918] Trial 2320 finished with value: 1.2862907648086548 and parameters: {'mlp_n_layers': 3, 'mlp_dim_00': 165, 'mlp_dim_01': 321, 'mlp_dim_02': 471, 'node_hidden_dim': 98, 'edge_hidden_dim': 65, 'depth': 2, 'rep_dropout': 0.0018251585532500156, 'train_learning_rate': 0.006533142439150391, 'train_lr_reduce': 0.6}. Best is trial 1483 with value: 0.2768918573856354.
[I 2024-12-19 08:56:28,280] Trial 2321 finished with value: 1.3801532983779907 and parameters: {'mlp_n_layers': 3, 'mlp_dim_00': 312, 'mlp_dim_01': 459, 'mlp_dim_02': 429, 'node_hidden_dim': 85, 'edge_hidden_dim': 99, 'depth': 2, 'rep_dropout': 0.21473428339624567, 'train_learning_rate': 0.002811615986346657, 'train_lr_reduce': 0.6}. Best is trial 1483 with value: 0.2768918573856354.
[I 2024-12-19 08:56:30,317] Trial 2322 finished with value: 1.2865350246429443 and parameters: {'mlp_n_layers': 2, 'mlp_dim_00': 191, 'mlp_dim_01': 295, 'node_hidden_dim': 96, 'edge_hidden_dim': 55, 'depth': 2, 'rep_dropout': 0.06161768687292303, 'train_learning_rate': 0.006698157640556992, 'train_lr_reduce': 0.6}. Best is trial 1483 with value: 0.2768918573856354.
[I 2024-12-19 08:56:33,204] Trial 2324 finished with value: 1.5818787813186646 and parameters: {'mlp_n_layers': 3, 'mlp_dim_00': 320, 'mlp_dim_01': 418, 'mlp_dim_02': 484, 'node_hidden_dim': 123, 'edge_hidden_dim': 40, 'depth': 4, 'rep_dropout': 0.2462372199086234, 'train_learning_rate': 0.0001891989237353674, 'train_lr_reduce': 0.6}. Best is trial 1483 with value: 0.2768918573856354.
[I 2024-12-19 08:56:35,216] Trial 2325 finished with value: 1.397238850593567 and parameters: {'mlp_n_layers': 3, 'mlp_dim_00': 293, 'mlp_dim_01': 508, 'mlp_dim_02': 422, 'node_hidden_dim': 114, 'edge_hidden_dim': 34, 'depth': 2, 'rep_dropout': 0.01950670773392258, 'train_learning_rate': 0.005840985581959495, 'train_lr_reduce': 0.6}. Best is trial 1483 with value: 0.2768918573856354.
[I 2024-12-19 08:56:38,180] Trial 2326 finished with value: 1.5514185428619385 and parameters: {'mlp_n_layers': 4, 'mlp_dim_00': 157, 'mlp_dim_01': 171, 'mlp_dim_02': 187, 'mlp_dim_03': 208, 'node_hidden_dim': 32, 'edge_hidden_dim': 59, 'depth': 3, 'rep_dropout': 0.17946858666984025, 'train_learning_rate': 0.002073033891371688, 'train_lr_reduce': 0.6}. Best is trial 1483 with value: 0.2768918573856354.
[I 2024-12-19 08:56:38,381] Trial 2323 finished with value: 0.44848358631134033 and parameters: {'mlp_n_layers': 2, 'mlp_dim_00': 229, 'mlp_dim_01': 266, 'node_hidden_dim': 93, 'edge_hidden_dim': 39, 'depth': 2, 'rep_dropout': 0.07140226453299185, 'train_learning_rate': 0.008632365649342999, 'train_lr_reduce': 0.6}. Best is trial 1483 with value: 0.2768918573856354.
[I 2024-12-19 08:56:40,831] Trial 2327 finished with value: 1.483907699584961 and parameters: {'mlp_n_layers': 4, 'mlp_dim_00': 314, 'mlp_dim_01': 132, 'mlp_dim_02': 442, 'mlp_dim_03': 141, 'node_hidden_dim': 38, 'edge_hidden_dim': 59, 'depth': 3, 'rep_dropout': 0.18363749590997142, 'train_learning_rate': 0.008694043647224555, 'train_lr_reduce': 0.6}. Best is trial 1483 with value: 0.2768918573856354.
[I 2024-12-19 08:56:43,534] Trial 2328 finished with value: 1.4733225107192993 and parameters: {'mlp_n_layers': 3, 'mlp_dim_00': 436, 'mlp_dim_01': 458, 'mlp_dim_02': 466, 'node_hidden_dim': 38, 'edge_hidden_dim': 92, 'depth': 2, 'rep_dropout': 0.03225689104517199, 'train_learning_rate': 0.006035444596103212, 'train_lr_reduce': 0.6}. Best is trial 1483 with value: 0.2768918573856354.
[I 2024-12-19 08:56:43,917] Trial 2329 finished with value: 1.501534342765808 and parameters: {'mlp_n_layers': 4, 'mlp_dim_00': 176, 'mlp_dim_01': 75, 'mlp_dim_02': 511, 'mlp_dim_03': 276, 'node_hidden_dim': 49, 'edge_hidden_dim': 63, 'depth': 3, 'rep_dropout': 0.20175311045538638, 'train_learning_rate': 0.0050561869204991125, 'train_lr_reduce': 0.6}. Best is trial 1483 with value: 0.2768918573856354.
[I 2024-12-19 08:56:47,262] Trial 2330 finished with value: 1.3391486406326294 and parameters: {'mlp_n_layers': 3, 'mlp_dim_00': 184, 'mlp_dim_01': 262, 'mlp_dim_02': 415, 'node_hidden_dim': 86, 'edge_hidden_dim': 89, 'depth': 3, 'rep_dropout': 0.12299058220762639, 'train_learning_rate': 0.0011119241097314028, 'train_lr_reduce': 0.6}. Best is trial 1483 with value: 0.2768918573856354.
[I 2024-12-19 08:56:48,344] Trial 2332 finished with value: 1.3255383968353271 and parameters: {'mlp_n_layers': 2, 'mlp_dim_00': 112, 'mlp_dim_01': 248, 'node_hidden_dim': 64, 'edge_hidden_dim': 66, 'depth': 2, 'rep_dropout': 0.06961454162075575, 'train_learning_rate': 0.008440628863428078, 'train_lr_reduce': 0.6}. Best is trial 1483 with value: 0.2768918573856354.
[I 2024-12-19 08:56:51,047] Trial 2331 finished with value: 1.3804963827133179 and parameters: {'mlp_n_layers': 2, 'mlp_dim_00': 280, 'mlp_dim_01': 362, 'node_hidden_dim': 94, 'edge_hidden_dim': 74, 'depth': 2, 'rep_dropout': 0.07805084355173283, 'train_learning_rate': 0.0037882151533571717, 'train_lr_reduce': 0.6}. Best is trial 1483 with value: 0.2768918573856354.
[I 2024-12-19 08:56:53,292] Trial 2334 finished with value: 1.2938957214355469 and parameters: {'mlp_n_layers': 2, 'mlp_dim_00': 331, 'mlp_dim_01': 318, 'node_hidden_dim': 88, 'edge_hidden_dim': 63, 'depth': 2, 'rep_dropout': 0.11693518882902654, 'train_learning_rate': 0.0058539969263690745, 'train_lr_reduce': 0.6}. Best is trial 1483 with value: 0.2768918573856354.
[I 2024-12-19 08:56:55,675] Trial 2335 finished with value: 1.3254234790802002 and parameters: {'mlp_n_layers': 3, 'mlp_dim_00': 505, 'mlp_dim_01': 510, 'mlp_dim_02': 482, 'node_hidden_dim': 108, 'edge_hidden_dim': 93, 'depth': 2, 'rep_dropout': 0.09097535626104873, 'train_learning_rate': 0.0035055275905629436, 'train_lr_reduce': 0.6}. Best is trial 1483 with value: 0.2768918573856354.
[I 2024-12-19 08:57:00,647] Trial 2333 finished with value: 0.35367318987846375 and parameters: {'mlp_n_layers': 2, 'mlp_dim_00': 183, 'mlp_dim_01': 371, 'node_hidden_dim': 71, 'edge_hidden_dim': 35, 'depth': 2, 'rep_dropout': 0.06210092636906028, 'train_learning_rate': 0.008835030208279821, 'train_lr_reduce': 0.6}. Best is trial 1483 with value: 0.2768918573856354.
[I 2024-12-19 08:57:05,570] Trial 2338 finished with value: 1.4718890190124512 and parameters: {'mlp_n_layers': 2, 'mlp_dim_00': 193, 'mlp_dim_01': 273, 'node_hidden_dim': 106, 'edge_hidden_dim': 67, 'depth': 2, 'rep_dropout': 0.0324604973894021, 'train_learning_rate': 0.007861053159886403, 'train_lr_reduce': 0.6}. Best is trial 1483 with value: 0.2768918573856354.
[I 2024-12-19 08:57:08,553] Trial 2336 finished with value: 0.5001171231269836 and parameters: {'mlp_n_layers': 2, 'mlp_dim_00': 221, 'mlp_dim_01': 297, 'node_hidden_dim': 83, 'edge_hidden_dim': 51, 'depth': 2, 'rep_dropout': 0.06983239976880538, 'train_learning_rate': 0.008405501345717919, 'train_lr_reduce': 0.6}. Best is trial 1483 with value: 0.2768918573856354.
[I 2024-12-19 08:57:10,401] Trial 2337 finished with value: 0.3873545229434967 and parameters: {'mlp_n_layers': 2, 'mlp_dim_00': 303, 'mlp_dim_01': 69, 'node_hidden_dim': 113, 'edge_hidden_dim': 68, 'depth': 2, 'rep_dropout': 0.0015107017104868115, 'train_learning_rate': 0.009047206765022527, 'train_lr_reduce': 0.6}. Best is trial 1483 with value: 0.2768918573856354.
[I 2024-12-19 08:57:11,947] Trial 2339 finished with value: 1.5561678409576416 and parameters: {'mlp_n_layers': 2, 'mlp_dim_00': 69, 'mlp_dim_01': 297, 'node_hidden_dim': 103, 'edge_hidden_dim': 60, 'depth': 4, 'rep_dropout': 0.11566485963744216, 'train_learning_rate': 0.00014948850350347348, 'train_lr_reduce': 0.6}. Best is trial 1483 with value: 0.2768918573856354.
[I 2024-12-19 08:57:13,294] Trial 2340 finished with value: 1.2835549116134644 and parameters: {'mlp_n_layers': 2, 'mlp_dim_00': 323, 'mlp_dim_01': 217, 'node_hidden_dim': 80, 'edge_hidden_dim': 71, 'depth': 2, 'rep_dropout': 0.11214631151186337, 'train_learning_rate': 0.0037119394808579876, 'train_lr_reduce': 0.6}. Best is trial 1483 with value: 0.2768918573856354.
[I 2024-12-19 08:57:14,983] Trial 2341 finished with value: 1.3298941850662231 and parameters: {'mlp_n_layers': 2, 'mlp_dim_00': 187, 'mlp_dim_01': 242, 'node_hidden_dim': 107, 'edge_hidden_dim': 61, 'depth': 2, 'rep_dropout': 0.08649099251440398, 'train_learning_rate': 0.005908449932411591, 'train_lr_reduce': 0.6}. Best is trial 1483 with value: 0.2768918573856354.
[I 2024-12-19 08:57:17,057] Trial 2342 finished with value: 1.571319341659546 and parameters: {'mlp_n_layers': 3, 'mlp_dim_00': 321, 'mlp_dim_01': 199, 'mlp_dim_02': 512, 'node_hidden_dim': 45, 'edge_hidden_dim': 115, 'depth': 2, 'rep_dropout': 0.14733252107218453, 'train_learning_rate': 0.00041989205259776945, 'train_lr_reduce': 0.6}. Best is trial 1483 with value: 0.2768918573856354.
[I 2024-12-19 08:57:19,839] Trial 2344 finished with value: 1.282962441444397 and parameters: {'mlp_n_layers': 2, 'mlp_dim_00': 151, 'mlp_dim_01': 264, 'node_hidden_dim': 73, 'edge_hidden_dim': 52, 'depth': 3, 'rep_dropout': 0.026606705762648376, 'train_learning_rate': 0.00558579837378441, 'train_lr_reduce': 0.6}. Best is trial 1483 with value: 0.2768918573856354.
[I 2024-12-19 08:57:21,043] Trial 2343 finished with value: 1.101431131362915 and parameters: {'mlp_n_layers': 4, 'mlp_dim_00': 146, 'mlp_dim_01': 305, 'mlp_dim_02': 216, 'mlp_dim_03': 108, 'node_hidden_dim': 107, 'edge_hidden_dim': 68, 'depth': 2, 'rep_dropout': 0.08842038787479126, 'train_learning_rate': 0.006407041437166956, 'train_lr_reduce': 0.6}. Best is trial 1483 with value: 0.2768918573856354.
[I 2024-12-19 08:57:22,022] Trial 2345 finished with value: 1.377972960472107 and parameters: {'mlp_n_layers': 3, 'mlp_dim_00': 110, 'mlp_dim_01': 141, 'mlp_dim_02': 413, 'node_hidden_dim': 127, 'edge_hidden_dim': 37, 'depth': 2, 'rep_dropout': 0.07682550569979042, 'train_learning_rate': 0.007575243459840666, 'train_lr_reduce': 0.6}. Best is trial 1483 with value: 0.2768918573856354.
[I 2024-12-19 08:57:24,465] Trial 2346 finished with value: 1.3263146877288818 and parameters: {'mlp_n_layers': 2, 'mlp_dim_00': 206, 'mlp_dim_01': 371, 'node_hidden_dim': 46, 'edge_hidden_dim': 73, 'depth': 2, 'rep_dropout': 0.1594952448963734, 'train_learning_rate': 0.004644681474761469, 'train_lr_reduce': 0.6}. Best is trial 1483 with value: 0.2768918573856354.
[I 2024-12-19 08:57:25,410] Trial 2347 finished with value: 1.394276738166809 and parameters: {'mlp_n_layers': 2, 'mlp_dim_00': 278, 'mlp_dim_01': 104, 'node_hidden_dim': 117, 'edge_hidden_dim': 38, 'depth': 2, 'rep_dropout': 0.0035048422317748105, 'train_learning_rate': 0.003794938451324028, 'train_lr_reduce': 0.6}. Best is trial 1483 with value: 0.2768918573856354.
[I 2024-12-19 08:57:26,816] Trial 2348 finished with value: 1.3663623332977295 and parameters: {'mlp_n_layers': 4, 'mlp_dim_00': 227, 'mlp_dim_01': 280, 'mlp_dim_02': 176, 'mlp_dim_03': 335, 'node_hidden_dim': 116, 'edge_hidden_dim': 95, 'depth': 2, 'rep_dropout': 0.09593458781663582, 'train_learning_rate': 0.008627932324534848, 'train_lr_reduce': 0.6}. Best is trial 1483 with value: 0.2768918573856354.
[I 2024-12-19 08:57:29,307] Trial 2349 finished with value: 1.3455727100372314 and parameters: {'mlp_n_layers': 2, 'mlp_dim_00': 246, 'mlp_dim_01': 364, 'node_hidden_dim': 92, 'edge_hidden_dim': 64, 'depth': 2, 'rep_dropout': 0.15483836394726674, 'train_learning_rate': 0.00847242322496969, 'train_lr_reduce': 0.6}. Best is trial 1483 with value: 0.2768918573856354.
[I 2024-12-19 08:57:29,630] Trial 2350 finished with value: 1.3042558431625366 and parameters: {'mlp_n_layers': 2, 'mlp_dim_00': 158, 'mlp_dim_01': 144, 'node_hidden_dim': 89, 'edge_hidden_dim': 68, 'depth': 2, 'rep_dropout': 0.07600935299043618, 'train_learning_rate': 0.007859845174894589, 'train_lr_reduce': 0.6}. Best is trial 1483 with value: 0.2768918573856354.
[I 2024-12-19 08:57:31,453] Trial 2351 finished with value: 1.2892301082611084 and parameters: {'mlp_n_layers': 2, 'mlp_dim_00': 269, 'mlp_dim_01': 367, 'node_hidden_dim': 71, 'edge_hidden_dim': 58, 'depth': 2, 'rep_dropout': 0.13772245443889664, 'train_learning_rate': 0.008627150265540888, 'train_lr_reduce': 0.6}. Best is trial 1483 with value: 0.2768918573856354.
[I 2024-12-19 08:57:33,774] Trial 2352 finished with value: 1.3975615501403809 and parameters: {'mlp_n_layers': 2, 'mlp_dim_00': 256, 'mlp_dim_01': 331, 'node_hidden_dim': 89, 'edge_hidden_dim': 108, 'depth': 2, 'rep_dropout': 0.13166428615025777, 'train_learning_rate': 0.0054175995503749136, 'train_lr_reduce': 0.6}. Best is trial 1483 with value: 0.2768918573856354.
[I 2024-12-19 08:57:34,104] Trial 2353 finished with value: 1.3508974313735962 and parameters: {'mlp_n_layers': 2, 'mlp_dim_00': 248, 'mlp_dim_01': 136, 'node_hidden_dim': 121, 'edge_hidden_dim': 34, 'depth': 2, 'rep_dropout': 0.003144606764146348, 'train_learning_rate': 0.008874762025531613, 'train_lr_reduce': 0.6}. Best is trial 1483 with value: 0.2768918573856354.
[I 2024-12-19 08:57:36,198] Trial 2354 finished with value: 1.405604600906372 and parameters: {'mlp_n_layers': 3, 'mlp_dim_00': 153, 'mlp_dim_01': 117, 'mlp_dim_02': 447, 'node_hidden_dim': 128, 'edge_hidden_dim': 95, 'depth': 2, 'rep_dropout': 0.0025572080348807043, 'train_learning_rate': 0.002562088066156711, 'train_lr_reduce': 0.6}. Best is trial 1483 with value: 0.2768918573856354.
[I 2024-12-19 08:57:38,976] Trial 2356 finished with value: 1.3596562147140503 and parameters: {'mlp_n_layers': 3, 'mlp_dim_00': 466, 'mlp_dim_01': 426, 'mlp_dim_02': 220, 'node_hidden_dim': 114, 'edge_hidden_dim': 122, 'depth': 2, 'rep_dropout': 0.005357957539857211, 'train_learning_rate': 0.004849819444686442, 'train_lr_reduce': 0.6}. Best is trial 1483 with value: 0.2768918573856354.
[I 2024-12-19 08:57:40,560] Trial 2355 finished with value: 1.5118019580841064 and parameters: {'mlp_n_layers': 3, 'mlp_dim_00': 444, 'mlp_dim_01': 493, 'mlp_dim_02': 414, 'node_hidden_dim': 120, 'edge_hidden_dim': 78, 'depth': 3, 'rep_dropout': 0.11058432024328657, 'train_learning_rate': 0.009160210206131754, 'train_lr_reduce': 0.6}. Best is trial 1483 with value: 0.2768918573856354.
[I 2024-12-19 08:57:41,038] Trial 2357 finished with value: 1.3287044763565063 and parameters: {'mlp_n_layers': 2, 'mlp_dim_00': 283, 'mlp_dim_01': 137, 'node_hidden_dim': 85, 'edge_hidden_dim': 34, 'depth': 2, 'rep_dropout': 0.10713371560567678, 'train_learning_rate': 0.008957466332442777, 'train_lr_reduce': 0.6}. Best is trial 1483 with value: 0.2768918573856354.
[I 2024-12-19 08:57:43,739] Trial 2358 finished with value: 1.5320026874542236 and parameters: {'mlp_n_layers': 3, 'mlp_dim_00': 148, 'mlp_dim_01': 334, 'mlp_dim_02': 477, 'node_hidden_dim': 91, 'edge_hidden_dim': 55, 'depth': 2, 'rep_dropout': 0.13046310584336884, 'train_learning_rate': 0.0010405988497491831, 'train_lr_reduce': 0.6}. Best is trial 1483 with value: 0.2768918573856354.
[I 2024-12-19 08:57:46,287] Trial 2360 finished with value: 1.3475788831710815 and parameters: {'mlp_n_layers': 2, 'mlp_dim_00': 340, 'mlp_dim_01': 432, 'node_hidden_dim': 94, 'edge_hidden_dim': 81, 'depth': 2, 'rep_dropout': 0.12246893289593955, 'train_learning_rate': 0.0059391971887029224, 'train_lr_reduce': 0.6}. Best is trial 1483 with value: 0.2768918573856354.
[I 2024-12-19 08:57:47,169] Trial 2359 finished with value: 1.4876991510391235 and parameters: {'mlp_n_layers': 3, 'mlp_dim_00': 151, 'mlp_dim_01': 369, 'mlp_dim_02': 444, 'node_hidden_dim': 88, 'edge_hidden_dim': 68, 'depth': 3, 'rep_dropout': 0.10812625249978455, 'train_learning_rate': 0.008906397163038406, 'train_lr_reduce': 0.6}. Best is trial 1483 with value: 0.2768918573856354.
[I 2024-12-19 08:57:50,822] Trial 2361 finished with value: 1.303573727607727 and parameters: {'mlp_n_layers': 2, 'mlp_dim_00': 370, 'mlp_dim_01': 476, 'node_hidden_dim': 107, 'edge_hidden_dim': 102, 'depth': 4, 'rep_dropout': 0.02292316064894251, 'train_learning_rate': 0.001453100018156135, 'train_lr_reduce': 0.6}. Best is trial 1483 with value: 0.2768918573856354.
[I 2024-12-19 08:57:55,167] Trial 2363 finished with value: 1.569670557975769 and parameters: {'mlp_n_layers': 3, 'mlp_dim_00': 377, 'mlp_dim_01': 195, 'mlp_dim_02': 223, 'node_hidden_dim': 34, 'edge_hidden_dim': 110, 'depth': 4, 'rep_dropout': 0.18981200331829395, 'train_learning_rate': 0.00023730286784977327, 'train_lr_reduce': 0.6}. Best is trial 1483 with value: 0.2768918573856354.
