[I 2024-12-19 20:50:55,407] Trial 1508 finished with value: 1.1424318552017212 and parameters: {'mlp_n_layers': 2, 'mlp_dim_00': 475, 'mlp_dim_01': 367, 'node_hidden_dim': 33, 'edge_hidden_dim': 41, 'depth': 1, 'rep_dropout': 0.034112036456028075, 'train_learning_rate': 0.0018444156778247166, 'train_lr_reduce': 0.6}. Best is trial 673 with value: 0.11172225326299667.
[I 2024-12-19 20:51:00,456] Trial 1509 finished with value: 1.1435546875 and parameters: {'mlp_n_layers': 2, 'mlp_dim_00': 395, 'mlp_dim_01': 448, 'node_hidden_dim': 32, 'edge_hidden_dim': 71, 'depth': 1, 'rep_dropout': 0.02716045581796428, 'train_learning_rate': 0.0015694037159124875, 'train_lr_reduce': 0.6}. Best is trial 673 with value: 0.11172225326299667.
[I 2024-12-19 20:51:02,166] Trial 1505 finished with value: 0.2454620897769928 and parameters: {'mlp_n_layers': 1, 'mlp_dim_00': 445, 'node_hidden_dim': 34, 'edge_hidden_dim': 35, 'depth': 1, 'rep_dropout': 0.028567082042834736, 'train_learning_rate': 0.006395379869329887, 'train_lr_reduce': 0.6}. Best is trial 673 with value: 0.11172225326299667.
[I 2024-12-19 20:51:24,831] Trial 1506 finished with value: 0.14821654558181763 and parameters: {'mlp_n_layers': 2, 'mlp_dim_00': 483, 'mlp_dim_01': 116, 'node_hidden_dim': 34, 'edge_hidden_dim': 35, 'depth': 1, 'rep_dropout': 0.007520873563636615, 'train_learning_rate': 0.0035214068186267536, 'train_lr_reduce': 0.6}. Best is trial 673 with value: 0.11172225326299667.
[I 2024-12-19 20:51:30,681] Trial 1512 finished with value: 1.1470378637313843 and parameters: {'mlp_n_layers': 1, 'mlp_dim_00': 480, 'node_hidden_dim': 32, 'edge_hidden_dim': 64, 'depth': 2, 'rep_dropout': 0.038465066945049024, 'train_learning_rate': 0.002215720451329674, 'train_lr_reduce': 0.6}. Best is trial 673 with value: 0.11172225326299667.
[I 2024-12-19 20:51:36,520] Trial 1513 finished with value: 1.1483572721481323 and parameters: {'mlp_n_layers': 1, 'mlp_dim_00': 441, 'node_hidden_dim': 32, 'edge_hidden_dim': 44, 'depth': 2, 'rep_dropout': 0.00865291945221245, 'train_learning_rate': 0.002074297410824004, 'train_lr_reduce': 0.6}. Best is trial 673 with value: 0.11172225326299667.
[I 2024-12-19 20:51:37,955] Trial 1510 finished with value: 0.12561100721359253 and parameters: {'mlp_n_layers': 1, 'mlp_dim_00': 427, 'node_hidden_dim': 46, 'edge_hidden_dim': 52, 'depth': 1, 'rep_dropout': 0.03995572273100559, 'train_learning_rate': 0.001738159449495375, 'train_lr_reduce': 0.6}. Best is trial 673 with value: 0.11172225326299667.
[I 2024-12-19 20:51:39,247] Trial 1511 finished with value: 0.12520016729831696 and parameters: {'mlp_n_layers': 1, 'mlp_dim_00': 473, 'node_hidden_dim': 41, 'edge_hidden_dim': 51, 'depth': 1, 'rep_dropout': 0.046063131461028015, 'train_learning_rate': 0.0012343214432883384, 'train_lr_reduce': 0.6}. Best is trial 673 with value: 0.11172225326299667.
[I 2024-12-19 20:51:42,029] Trial 1514 finished with value: 1.1421308517456055 and parameters: {'mlp_n_layers': 2, 'mlp_dim_00': 322, 'mlp_dim_01': 407, 'node_hidden_dim': 122, 'edge_hidden_dim': 80, 'depth': 1, 'rep_dropout': 0.028108016957778488, 'train_learning_rate': 0.0005200657141871917, 'train_lr_reduce': 0.6}. Best is trial 673 with value: 0.11172225326299667.
[I 2024-12-19 20:51:43,883] Trial 1515 finished with value: 1.1481820344924927 and parameters: {'mlp_n_layers': 1, 'mlp_dim_00': 440, 'node_hidden_dim': 32, 'edge_hidden_dim': 41, 'depth': 2, 'rep_dropout': 0.039835866191258056, 'train_learning_rate': 0.0013755305022160158, 'train_lr_reduce': 0.6}. Best is trial 673 with value: 0.11172225326299667.
[I 2024-12-19 20:51:49,898] Trial 1518 finished with value: 1.145241618156433 and parameters: {'mlp_n_layers': 1, 'mlp_dim_00': 503, 'node_hidden_dim': 35, 'edge_hidden_dim': 59, 'depth': 2, 'rep_dropout': 0.010184184539189782, 'train_learning_rate': 0.0014316552328232828, 'train_lr_reduce': 0.6}. Best is trial 673 with value: 0.11172225326299667.
[I 2024-12-19 20:52:06,142] Trial 1517 finished with value: 0.18460047245025635 and parameters: {'mlp_n_layers': 1, 'mlp_dim_00': 404, 'node_hidden_dim': 45, 'edge_hidden_dim': 43, 'depth': 1, 'rep_dropout': 0.062224860325435574, 'train_learning_rate': 0.0037264666472596243, 'train_lr_reduce': 0.6}. Best is trial 673 with value: 0.11172225326299667.
[I 2024-12-19 20:52:11,536] Trial 1520 finished with value: 1.1430436372756958 and parameters: {'mlp_n_layers': 1, 'mlp_dim_00': 416, 'node_hidden_dim': 58, 'edge_hidden_dim': 48, 'depth': 1, 'rep_dropout': 0.0315926564440805, 'train_learning_rate': 0.0011356965259149223, 'train_lr_reduce': 0.6}. Best is trial 673 with value: 0.11172225326299667.
[I 2024-12-19 20:52:11,540] Trial 1516 finished with value: 0.17713850736618042 and parameters: {'mlp_n_layers': 2, 'mlp_dim_00': 371, 'mlp_dim_01': 470, 'node_hidden_dim': 46, 'edge_hidden_dim': 45, 'depth': 1, 'rep_dropout': 0.02994945395619341, 'train_learning_rate': 0.003485988209396864, 'train_lr_reduce': 0.6}. Best is trial 673 with value: 0.11172225326299667.
[I 2024-12-19 20:52:32,916] Trial 1519 finished with value: 0.14760428667068481 and parameters: {'mlp_n_layers': 1, 'mlp_dim_00': 487, 'node_hidden_dim': 42, 'edge_hidden_dim': 61, 'depth': 1, 'rep_dropout': 1.711728445178036e-06, 'train_learning_rate': 0.0020118481285537637, 'train_lr_reduce': 0.6}. Best is trial 673 with value: 0.11172225326299667.
[I 2024-12-19 20:52:38,568] Trial 1523 finished with value: 1.1422849893569946 and parameters: {'mlp_n_layers': 2, 'mlp_dim_00': 372, 'mlp_dim_01': 202, 'node_hidden_dim': 64, 'edge_hidden_dim': 122, 'depth': 4, 'rep_dropout': 0.11301351954159142, 'train_learning_rate': 0.001661896783073686, 'train_lr_reduce': 0.6}. Best is trial 673 with value: 0.11172225326299667.
[I 2024-12-19 20:52:45,526] Trial 1524 finished with value: 1.1420170068740845 and parameters: {'mlp_n_layers': 4, 'mlp_dim_00': 478, 'mlp_dim_01': 402, 'mlp_dim_02': 148, 'mlp_dim_03': 191, 'node_hidden_dim': 55, 'edge_hidden_dim': 63, 'depth': 2, 'rep_dropout': 9.245909426588983e-05, 'train_learning_rate': 0.00025265034094257744, 'train_lr_reduce': 0.6}. Best is trial 673 with value: 0.11172225326299667.
[I 2024-12-19 20:52:52,975] Trial 1522 finished with value: 0.1452249437570572 and parameters: {'mlp_n_layers': 2, 'mlp_dim_00': 467, 'mlp_dim_01': 342, 'node_hidden_dim': 59, 'edge_hidden_dim': 46, 'depth': 1, 'rep_dropout': 0.06689944369056289, 'train_learning_rate': 0.0038976795741375264, 'train_lr_reduce': 0.6}. Best is trial 673 with value: 0.11172225326299667.
[I 2024-12-19 20:52:55,972] Trial 1521 finished with value: 0.18534083664417267 and parameters: {'mlp_n_layers': 1, 'mlp_dim_00': 474, 'node_hidden_dim': 34, 'edge_hidden_dim': 33, 'depth': 1, 'rep_dropout': 0.03924685490796539, 'train_learning_rate': 0.0025615946915858133, 'train_lr_reduce': 0.6}. Best is trial 673 with value: 0.11172225326299667.
[I 2024-12-19 20:53:22,149] Trial 1527 finished with value: 0.16940875351428986 and parameters: {'mlp_n_layers': 1, 'mlp_dim_00': 316, 'node_hidden_dim': 32, 'edge_hidden_dim': 47, 'depth': 1, 'rep_dropout': 0.0421960118123936, 'train_learning_rate': 0.00225658031570002, 'train_lr_reduce': 0.6}. Best is trial 673 with value: 0.11172225326299667.
[I 2024-12-19 20:53:27,700] Trial 1528 finished with value: 1.1422443389892578 and parameters: {'mlp_n_layers': 2, 'mlp_dim_00': 84, 'mlp_dim_01': 430, 'node_hidden_dim': 87, 'edge_hidden_dim': 70, 'depth': 2, 'rep_dropout': 0.1203505794718565, 'train_learning_rate': 0.0009092316519266376, 'train_lr_reduce': 0.6}. Best is trial 673 with value: 0.11172225326299667.
[I 2024-12-19 20:53:28,482] Trial 1525 finished with value: 0.12623122334480286 and parameters: {'mlp_n_layers': 2, 'mlp_dim_00': 446, 'mlp_dim_01': 281, 'node_hidden_dim': 34, 'edge_hidden_dim': 52, 'depth': 1, 'rep_dropout': 0.04310379376707646, 'train_learning_rate': 0.004908824027685307, 'train_lr_reduce': 0.6}. Best is trial 673 with value: 0.11172225326299667.
[I 2024-12-19 20:53:33,742] Trial 1526 finished with value: 0.18119001388549805 and parameters: {'mlp_n_layers': 2, 'mlp_dim_00': 445, 'mlp_dim_01': 470, 'node_hidden_dim': 53, 'edge_hidden_dim': 52, 'depth': 1, 'rep_dropout': 0.0027270183986820573, 'train_learning_rate': 0.0030702513050486053, 'train_lr_reduce': 0.6}. Best is trial 673 with value: 0.11172225326299667.
[I 2024-12-19 20:53:34,959] Trial 1530 finished with value: 1.1423603296279907 and parameters: {'mlp_n_layers': 4, 'mlp_dim_00': 133, 'mlp_dim_01': 364, 'mlp_dim_02': 405, 'mlp_dim_03': 71, 'node_hidden_dim': 50, 'edge_hidden_dim': 55, 'depth': 2, 'rep_dropout': 0.11770753033167243, 'train_learning_rate': 0.0004245864163069806, 'train_lr_reduce': 0.6}. Best is trial 673 with value: 0.11172225326299667.
[I 2024-12-19 20:53:40,039] Trial 1532 finished with value: 1.142024278640747 and parameters: {'mlp_n_layers': 1, 'mlp_dim_00': 172, 'node_hidden_dim': 77, 'edge_hidden_dim': 57, 'depth': 3, 'rep_dropout': 0.14131597246303246, 'train_learning_rate': 0.0008565982650844848, 'train_lr_reduce': 0.6}. Best is trial 673 with value: 0.11172225326299667.
[I 2024-12-19 20:53:44,527] Trial 1533 finished with value: 1.1424472332000732 and parameters: {'mlp_n_layers': 1, 'mlp_dim_00': 243, 'node_hidden_dim': 61, 'edge_hidden_dim': 52, 'depth': 1, 'rep_dropout': 0.00602502277283561, 'train_learning_rate': 0.0006501660965608981, 'train_lr_reduce': 0.6}. Best is trial 673 with value: 0.11172225326299667.
[I 2024-12-19 20:54:03,076] Trial 1531 finished with value: 0.19697901606559753 and parameters: {'mlp_n_layers': 2, 'mlp_dim_00': 510, 'mlp_dim_01': 511, 'node_hidden_dim': 44, 'edge_hidden_dim': 40, 'depth': 1, 'rep_dropout': 0.03365344782592848, 'train_learning_rate': 0.004485718614943075, 'train_lr_reduce': 0.6}. Best is trial 673 with value: 0.11172225326299667.
[I 2024-12-19 20:54:06,748] Trial 1529 finished with value: 0.13908641040325165 and parameters: {'mlp_n_layers': 1, 'mlp_dim_00': 429, 'node_hidden_dim': 45, 'edge_hidden_dim': 41, 'depth': 1, 'rep_dropout': 0.029594716061905883, 'train_learning_rate': 0.0026620031252706008, 'train_lr_reduce': 0.6}. Best is trial 673 with value: 0.11172225326299667.
[I 2024-12-19 20:54:07,708] Trial 1535 finished with value: 1.1426843404769897 and parameters: {'mlp_n_layers': 2, 'mlp_dim_00': 400, 'mlp_dim_01': 402, 'node_hidden_dim': 82, 'edge_hidden_dim': 85, 'depth': 2, 'rep_dropout': 0.05908977934004752, 'train_learning_rate': 0.0019786471549820416, 'train_lr_reduce': 0.6}. Best is trial 673 with value: 0.11172225326299667.
[I 2024-12-19 20:54:13,600] Trial 1537 finished with value: 1.1419862508773804 and parameters: {'mlp_n_layers': 3, 'mlp_dim_00': 455, 'mlp_dim_01': 325, 'mlp_dim_02': 64, 'node_hidden_dim': 118, 'edge_hidden_dim': 77, 'depth': 1, 'rep_dropout': 0.06931127786814417, 'train_learning_rate': 0.00018767162754155053, 'train_lr_reduce': 0.6}. Best is trial 673 with value: 0.11172225326299667.
[I 2024-12-19 20:54:22,561] Trial 1534 finished with value: 0.13094303011894226 and parameters: {'mlp_n_layers': 1, 'mlp_dim_00': 434, 'node_hidden_dim': 34, 'edge_hidden_dim': 52, 'depth': 1, 'rep_dropout': 0.07638180639375249, 'train_learning_rate': 0.003577103069858801, 'train_lr_reduce': 0.6}. Best is trial 673 with value: 0.11172225326299667.
[I 2024-12-19 20:54:48,840] Trial 1536 finished with value: 0.1262715756893158 and parameters: {'mlp_n_layers': 1, 'mlp_dim_00': 512, 'node_hidden_dim': 32, 'edge_hidden_dim': 48, 'depth': 1, 'rep_dropout': 0.004528044714909375, 'train_learning_rate': 0.006123258180829112, 'train_lr_reduce': 0.6}. Best is trial 673 with value: 0.11172225326299667.
[I 2024-12-19 20:54:51,809] Trial 1538 finished with value: 0.12097159773111343 and parameters: {'mlp_n_layers': 1, 'mlp_dim_00': 490, 'node_hidden_dim': 35, 'edge_hidden_dim': 55, 'depth': 1, 'rep_dropout': 0.03069572250728328, 'train_learning_rate': 0.002752534280174089, 'train_lr_reduce': 0.6}. Best is trial 673 with value: 0.11172225326299667.
[I 2024-12-19 20:55:00,462] Trial 1539 finished with value: 0.14609377086162567 and parameters: {'mlp_n_layers': 1, 'mlp_dim_00': 511, 'node_hidden_dim': 54, 'edge_hidden_dim': 72, 'depth': 1, 'rep_dropout': 0.07384692210903895, 'train_learning_rate': 0.004083613393428807, 'train_lr_reduce': 0.6}. Best is trial 673 with value: 0.11172225326299667.
[I 2024-12-19 20:55:07,128] Trial 1542 finished with value: 1.1456347703933716 and parameters: {'mlp_n_layers': 2, 'mlp_dim_00': 301, 'mlp_dim_01': 427, 'node_hidden_dim': 69, 'edge_hidden_dim': 42, 'depth': 4, 'rep_dropout': 0.1202473575942555, 'train_learning_rate': 0.007416662090193511, 'train_lr_reduce': 0.6}. Best is trial 673 with value: 0.11172225326299667.
[I 2024-12-19 20:55:29,082] Trial 1540 finished with value: 0.18177936971187592 and parameters: {'mlp_n_layers': 3, 'mlp_dim_00': 359, 'mlp_dim_01': 468, 'mlp_dim_02': 308, 'node_hidden_dim': 63, 'edge_hidden_dim': 38, 'depth': 1, 'rep_dropout': 0.04775872446122134, 'train_learning_rate': 0.003921824155343524, 'train_lr_reduce': 0.6}. Best is trial 673 with value: 0.11172225326299667.
[I 2024-12-19 20:55:34,785] Trial 1541 finished with value: 0.1973619908094406 and parameters: {'mlp_n_layers': 1, 'mlp_dim_00': 504, 'node_hidden_dim': 32, 'edge_hidden_dim': 37, 'depth': 1, 'rep_dropout': 0.027735883424729435, 'train_learning_rate': 0.0020342597585003915, 'train_lr_reduce': 0.6}. Best is trial 673 with value: 0.11172225326299667.
[I 2024-12-19 20:55:40,177] Trial 1545 finished with value: 1.147141695022583 and parameters: {'mlp_n_layers': 2, 'mlp_dim_00': 242, 'mlp_dim_01': 363, 'node_hidden_dim': 88, 'edge_hidden_dim': 34, 'depth': 3, 'rep_dropout': 0.05589465893318454, 'train_learning_rate': 0.0012929213069681565, 'train_lr_reduce': 0.6}. Best is trial 673 with value: 0.11172225326299667.
[I 2024-12-19 20:55:46,394] Trial 1546 finished with value: 1.1445976495742798 and parameters: {'mlp_n_layers': 1, 'mlp_dim_00': 444, 'node_hidden_dim': 45, 'edge_hidden_dim': 68, 'depth': 1, 'rep_dropout': 0.03186484431975767, 'train_learning_rate': 0.0008656693876689549, 'train_lr_reduce': 0.6}. Best is trial 673 with value: 0.11172225326299667.
[I 2024-12-19 20:55:49,272] Trial 1543 finished with value: 0.339328408241272 and parameters: {'mlp_n_layers': 3, 'mlp_dim_00': 90, 'mlp_dim_01': 511, 'mlp_dim_02': 463, 'node_hidden_dim': 48, 'edge_hidden_dim': 82, 'depth': 2, 'rep_dropout': 0.07551099399929423, 'train_learning_rate': 0.006389421152078547, 'train_lr_reduce': 0.6}. Best is trial 673 with value: 0.11172225326299667.
[I 2024-12-19 20:56:03,217] Trial 1544 finished with value: 0.13679170608520508 and parameters: {'mlp_n_layers': 1, 'mlp_dim_00': 504, 'node_hidden_dim': 45, 'edge_hidden_dim': 66, 'depth': 1, 'rep_dropout': 0.024346424642782794, 'train_learning_rate': 0.0035918838777933035, 'train_lr_reduce': 0.6}. Best is trial 673 with value: 0.11172225326299667.
[I 2024-12-19 20:56:08,122] Trial 1549 finished with value: 1.1442664861679077 and parameters: {'mlp_n_layers': 2, 'mlp_dim_00': 440, 'mlp_dim_01': 254, 'node_hidden_dim': 33, 'edge_hidden_dim': 60, 'depth': 2, 'rep_dropout': 0.03271424767500417, 'train_learning_rate': 0.001662646277592655, 'train_lr_reduce': 0.6}. Best is trial 673 with value: 0.11172225326299667.
[I 2024-12-19 20:56:13,866] Trial 1550 finished with value: 1.1429791450500488 and parameters: {'mlp_n_layers': 3, 'mlp_dim_00': 296, 'mlp_dim_01': 446, 'mlp_dim_02': 200, 'node_hidden_dim': 118, 'edge_hidden_dim': 59, 'depth': 2, 'rep_dropout': 0.019226800457365675, 'train_learning_rate': 0.0008256237452509658, 'train_lr_reduce': 0.6}. Best is trial 673 with value: 0.11172225326299667.
[I 2024-12-19 20:56:21,255] Trial 1547 finished with value: 0.13875125348567963 and parameters: {'mlp_n_layers': 1, 'mlp_dim_00': 499, 'node_hidden_dim': 32, 'edge_hidden_dim': 63, 'depth': 1, 'rep_dropout': 0.02799136644431278, 'train_learning_rate': 0.005393923648373692, 'train_lr_reduce': 0.6}. Best is trial 673 with value: 0.11172225326299667.
[I 2024-12-19 20:56:26,448] Trial 1552 finished with value: 1.1423168182373047 and parameters: {'mlp_n_layers': 1, 'mlp_dim_00': 503, 'node_hidden_dim': 39, 'edge_hidden_dim': 41, 'depth': 2, 'rep_dropout': 0.04462379372665412, 'train_learning_rate': 0.001994643124831301, 'train_lr_reduce': 0.6}. Best is trial 673 with value: 0.11172225326299667.
[I 2024-12-19 20:56:27,559] Trial 1548 finished with value: 0.12868274748325348 and parameters: {'mlp_n_layers': 1, 'mlp_dim_00': 507, 'node_hidden_dim': 44, 'edge_hidden_dim': 58, 'depth': 1, 'rep_dropout': 0.026833422140313506, 'train_learning_rate': 0.003497949344105847, 'train_lr_reduce': 0.6}. Best is trial 673 with value: 0.11172225326299667.
[I 2024-12-19 20:56:30,581] Trial 1551 finished with value: 0.2810106873512268 and parameters: {'mlp_n_layers': 1, 'mlp_dim_00': 503, 'node_hidden_dim': 54, 'edge_hidden_dim': 47, 'depth': 1, 'rep_dropout': 0.0658832008010351, 'train_learning_rate': 0.006000410652564984, 'train_lr_reduce': 0.6}. Best is trial 673 with value: 0.11172225326299667.
[I 2024-12-19 20:56:32,084] Trial 1554 finished with value: 1.1451359987258911 and parameters: {'mlp_n_layers': 1, 'mlp_dim_00': 510, 'node_hidden_dim': 48, 'edge_hidden_dim': 59, 'depth': 1, 'rep_dropout': 0.020082713503906682, 'train_learning_rate': 0.0009034318638670878, 'train_lr_reduce': 0.6}. Best is trial 673 with value: 0.11172225326299667.
[I 2024-12-19 20:56:36,111] Trial 1555 finished with value: 1.1467870473861694 and parameters: {'mlp_n_layers': 1, 'mlp_dim_00': 418, 'node_hidden_dim': 50, 'edge_hidden_dim': 68, 'depth': 2, 'rep_dropout': 0.03080049539759984, 'train_learning_rate': 0.0030957461390361323, 'train_lr_reduce': 0.6}. Best is trial 673 with value: 0.11172225326299667.
[I 2024-12-19 20:56:37,390] Trial 1556 finished with value: 1.146945834159851 and parameters: {'mlp_n_layers': 1, 'mlp_dim_00': 476, 'node_hidden_dim': 36, 'edge_hidden_dim': 46, 'depth': 2, 'rep_dropout': 0.048784891992801435, 'train_learning_rate': 0.003701777897835708, 'train_lr_reduce': 0.6}. Best is trial 673 with value: 0.11172225326299667.
[I 2024-12-19 20:56:48,310] Trial 1553 finished with value: 0.326372355222702 and parameters: {'mlp_n_layers': 1, 'mlp_dim_00': 499, 'node_hidden_dim': 57, 'edge_hidden_dim': 46, 'depth': 1, 'rep_dropout': 0.03140242903009255, 'train_learning_rate': 0.009130941054575471, 'train_lr_reduce': 0.6}. Best is trial 673 with value: 0.11172225326299667.
[I 2024-12-19 20:57:17,016] Trial 1557 finished with value: 0.15010125935077667 and parameters: {'mlp_n_layers': 1, 'mlp_dim_00': 505, 'node_hidden_dim': 55, 'edge_hidden_dim': 55, 'depth': 1, 'rep_dropout': 0.03765899059723985, 'train_learning_rate': 0.002731277043817499, 'train_lr_reduce': 0.6}. Best is trial 673 with value: 0.11172225326299667.
[I 2024-12-19 20:57:18,451] Trial 1558 finished with value: 0.156225323677063 and parameters: {'mlp_n_layers': 1, 'mlp_dim_00': 481, 'node_hidden_dim': 34, 'edge_hidden_dim': 70, 'depth': 1, 'rep_dropout': 0.02428413708041993, 'train_learning_rate': 0.001127560639739107, 'train_lr_reduce': 0.6}. Best is trial 673 with value: 0.11172225326299667.
[I 2024-12-19 20:57:24,388] Trial 1561 finished with value: 1.1445856094360352 and parameters: {'mlp_n_layers': 1, 'mlp_dim_00': 256, 'node_hidden_dim': 39, 'edge_hidden_dim': 114, 'depth': 3, 'rep_dropout': 0.13098541545487039, 'train_learning_rate': 0.002179233010832851, 'train_lr_reduce': 0.6}. Best is trial 673 with value: 0.11172225326299667.
[I 2024-12-19 20:57:27,030] Trial 1559 finished with value: 0.11043421924114227 and parameters: {'mlp_n_layers': 1, 'mlp_dim_00': 506, 'node_hidden_dim': 32, 'edge_hidden_dim': 56, 'depth': 1, 'rep_dropout': 0.04452801632954518, 'train_learning_rate': 0.0035506228340834904, 'train_lr_reduce': 0.6}. Best is trial 1559 with value: 0.11043421924114227.
[I 2024-12-19 20:57:29,724] Trial 1562 finished with value: 1.142363429069519 and parameters: {'mlp_n_layers': 2, 'mlp_dim_00': 495, 'mlp_dim_01': 305, 'node_hidden_dim': 37, 'edge_hidden_dim': 77, 'depth': 2, 'rep_dropout': 0.040649579463031736, 'train_learning_rate': 0.0035988548874321628, 'train_lr_reduce': 0.6}. Best is trial 1559 with value: 0.11043421924114227.
[I 2024-12-19 20:57:34,684] Trial 1563 finished with value: 1.1420669555664062 and parameters: {'mlp_n_layers': 4, 'mlp_dim_00': 496, 'mlp_dim_01': 467, 'mlp_dim_02': 357, 'mlp_dim_03': 509, 'node_hidden_dim': 65, 'edge_hidden_dim': 76, 'depth': 3, 'rep_dropout': 0.0923843793087882, 'train_learning_rate': 0.00015268096677383642, 'train_lr_reduce': 0.6}. Best is trial 1559 with value: 0.11043421924114227.
[I 2024-12-19 20:57:36,005] Trial 1564 finished with value: 1.1420749425888062 and parameters: {'mlp_n_layers': 3, 'mlp_dim_00': 459, 'mlp_dim_01': 385, 'mlp_dim_02': 145, 'node_hidden_dim': 65, 'edge_hidden_dim': 33, 'depth': 1, 'rep_dropout': 0.10142064368780333, 'train_learning_rate': 0.00021010801106930707, 'train_lr_reduce': 0.6}. Best is trial 1559 with value: 0.11043421924114227.
[I 2024-12-19 20:57:49,323] Trial 1560 finished with value: 0.24331428110599518 and parameters: {'mlp_n_layers': 3, 'mlp_dim_00': 325, 'mlp_dim_01': 395, 'mlp_dim_02': 511, 'node_hidden_dim': 46, 'edge_hidden_dim': 65, 'depth': 1, 'rep_dropout': 0.004633506101222426, 'train_learning_rate': 0.007390743767305577, 'train_lr_reduce': 0.6}. Best is trial 1559 with value: 0.11043421924114227.
[I 2024-12-19 20:58:16,949] Trial 1565 finished with value: 0.13885323703289032 and parameters: {'mlp_n_layers': 1, 'mlp_dim_00': 478, 'node_hidden_dim': 36, 'edge_hidden_dim': 60, 'depth': 1, 'rep_dropout': 0.00835367800698332, 'train_learning_rate': 0.0016374757593892743, 'train_lr_reduce': 0.6}. Best is trial 1559 with value: 0.11043421924114227.
