[I 2024-12-24 20:45:55,103] Trial 611 finished with value: 0.016965052112936974 and parameters: {'L1_hidden_dim': 224, 'L1_layers_atom': 4, 'L1_layers_mol': 3, 'L1_dropout': 0.043443360187370154, 'L1_out_dim': 128, 'L2_hidden_dim': 160, 'L2_layers_atom': 3, 'L2_layers_mol': 3, 'L2_out_dim': 32, 'L2_dropout': 0.17165006801878513, 'L3_hidden_dim': 64, 'L3_layers_atom': 1, 'L3_layers_mol': 2, 'L3_out_dim': 128, 'L3_dropout': 0.2941585191372935, 'n_mlp_layers': 3, 'mlp_dim_0': 128, 'mlp_dim_1': 32, 'mlp_dim_2': 384, 'num_heads': 1, 'final_dropout': 0.16419898869923852, 'train_learning_rate': 0.001766619139607786, 'train_lr_reduce': 0.6}. Best is trial 570 with value: 0.00952998548746109.
[I 2024-12-24 20:46:23,922] Trial 612 finished with value: 0.014829210005700588 and parameters: {'L1_hidden_dim': 256, 'L1_layers_atom': 2, 'L1_layers_mol': 4, 'L1_dropout': 0.041221352339139185, 'L1_out_dim': 32, 'L2_hidden_dim': 240, 'L2_layers_atom': 3, 'L2_layers_mol': 1, 'L2_out_dim': 32, 'L2_dropout': 0.10271959148507473, 'L3_hidden_dim': 128, 'L3_layers_atom': 2, 'L3_layers_mol': 2, 'L3_out_dim': 128, 'L3_dropout': 0.2470775674634803, 'n_mlp_layers': 3, 'mlp_dim_0': 464, 'mlp_dim_1': 120, 'mlp_dim_2': 312, 'num_heads': 1, 'final_dropout': 0.1799926023650712, 'train_learning_rate': 0.005255967359770238, 'train_lr_reduce': 0.6}. Best is trial 570 with value: 0.00952998548746109.
[I 2024-12-24 20:46:45,851] Trial 610 finished with value: 0.011650830507278442 and parameters: {'L1_hidden_dim': 112, 'L1_layers_atom': 2, 'L1_layers_mol': 2, 'L1_dropout': 0.050475098833517716, 'L1_out_dim': 48, 'L2_hidden_dim': 64, 'L2_layers_atom': 4, 'L2_layers_mol': 1, 'L2_out_dim': 128, 'L2_dropout': 0.08716231469060239, 'L3_hidden_dim': 96, 'L3_layers_atom': 4, 'L3_layers_mol': 1, 'L3_out_dim': 128, 'L3_dropout': 0.2570292163767235, 'n_mlp_layers': 1, 'mlp_dim_0': 320, 'num_heads': 2, 'final_dropout': 0.10139504085615862, 'train_learning_rate': 0.0017839928371221254, 'train_lr_reduce': 0.6}. Best is trial 570 with value: 0.00952998548746109.
[I 2024-12-24 20:48:08,520] Trial 613 finished with value: 0.012138495221734047 and parameters: {'L1_hidden_dim': 144, 'L1_layers_atom': 3, 'L1_layers_mol': 3, 'L1_dropout': 0.08636422895995698, 'L1_out_dim': 48, 'L2_hidden_dim': 144, 'L2_layers_atom': 4, 'L2_layers_mol': 1, 'L2_out_dim': 64, 'L2_dropout': 0.02458441255495091, 'L3_hidden_dim': 128, 'L3_layers_atom': 3, 'L3_layers_mol': 2, 'L3_out_dim': 80, 'L3_dropout': 0.20209154466358065, 'n_mlp_layers': 1, 'mlp_dim_0': 200, 'num_heads': 1, 'final_dropout': 0.15628483582841907, 'train_learning_rate': 0.0008125627565906247, 'train_lr_reduce': 0.6}. Best is trial 570 with value: 0.00952998548746109.
[I 2024-12-24 20:48:22,456] Trial 614 finished with value: 0.01137232780456543 and parameters: {'L1_hidden_dim': 224, 'L1_layers_atom': 3, 'L1_layers_mol': 4, 'L1_dropout': 0.030009949855978733, 'L1_out_dim': 112, 'L2_hidden_dim': 224, 'L2_layers_atom': 2, 'L2_layers_mol': 3, 'L2_out_dim': 64, 'L2_dropout': 0.1547104101451482, 'L3_hidden_dim': 64, 'L3_layers_atom': 3, 'L3_layers_mol': 3, 'L3_out_dim': 112, 'L3_dropout': 0.2953667368737902, 'n_mlp_layers': 3, 'mlp_dim_0': 32, 'mlp_dim_1': 32, 'mlp_dim_2': 384, 'num_heads': 2, 'final_dropout': 0.2357783471219016, 'train_learning_rate': 0.0009668824562593197, 'train_lr_reduce': 0.6}. Best is trial 570 with value: 0.00952998548746109.
[I 2024-12-24 20:49:02,813] Trial 615 finished with value: 0.011327261105179787 and parameters: {'L1_hidden_dim': 160, 'L1_layers_atom': 4, 'L1_layers_mol': 3, 'L1_dropout': 0.010443558221144662, 'L1_out_dim': 48, 'L2_hidden_dim': 224, 'L2_layers_atom': 4, 'L2_layers_mol': 1, 'L2_out_dim': 96, 'L2_dropout': 0.06544560328772187, 'L3_hidden_dim': 80, 'L3_layers_atom': 4, 'L3_layers_mol': 1, 'L3_out_dim': 128, 'L3_dropout': 0.2904457311734975, 'n_mlp_layers': 2, 'mlp_dim_0': 456, 'mlp_dim_1': 248, 'num_heads': 2, 'final_dropout': 0.15328448589085514, 'train_learning_rate': 0.001648476680495882, 'train_lr_reduce': 0.6}. Best is trial 570 with value: 0.00952998548746109.
[I 2024-12-24 20:50:26,893] Trial 616 finished with value: 0.010854014195501804 and parameters: {'L1_hidden_dim': 240, 'L1_layers_atom': 3, 'L1_layers_mol': 4, 'L1_dropout': 0.029325478776924086, 'L1_out_dim': 32, 'L2_hidden_dim': 144, 'L2_layers_atom': 4, 'L2_layers_mol': 1, 'L2_out_dim': 48, 'L2_dropout': 0.08798549702469975, 'L3_hidden_dim': 128, 'L3_layers_atom': 4, 'L3_layers_mol': 1, 'L3_out_dim': 112, 'L3_dropout': 0.276961028294595, 'n_mlp_layers': 2, 'mlp_dim_0': 464, 'mlp_dim_1': 88, 'num_heads': 2, 'final_dropout': 0.16735260836205146, 'train_learning_rate': 0.0007555883794747328, 'train_lr_reduce': 0.6}. Best is trial 570 with value: 0.00952998548746109.
[I 2024-12-24 20:50:45,303] Trial 617 finished with value: 0.010941285640001297 and parameters: {'L1_hidden_dim': 256, 'L1_layers_atom': 3, 'L1_layers_mol': 4, 'L1_dropout': 0.028928430204315413, 'L1_out_dim': 80, 'L2_hidden_dim': 176, 'L2_layers_atom': 3, 'L2_layers_mol': 1, 'L2_out_dim': 64, 'L2_dropout': 0.03294893975519991, 'L3_hidden_dim': 80, 'L3_layers_atom': 2, 'L3_layers_mol': 4, 'L3_out_dim': 112, 'L3_dropout': 0.2177862177072477, 'n_mlp_layers': 1, 'mlp_dim_0': 312, 'num_heads': 2, 'final_dropout': 0.2619628643062864, 'train_learning_rate': 0.0011299418761958535, 'train_lr_reduce': 0.6}. Best is trial 570 with value: 0.00952998548746109.
[I 2024-12-24 20:50:48,392] Trial 618 finished with value: 0.012185224331915379 and parameters: {'L1_hidden_dim': 224, 'L1_layers_atom': 3, 'L1_layers_mol': 4, 'L1_dropout': 0.04855329414667335, 'L1_out_dim': 48, 'L2_hidden_dim': 240, 'L2_layers_atom': 2, 'L2_layers_mol': 1, 'L2_out_dim': 48, 'L2_dropout': 0.002923130019808401, 'L3_hidden_dim': 112, 'L3_layers_atom': 3, 'L3_layers_mol': 3, 'L3_out_dim': 112, 'L3_dropout': 0.2511865431285875, 'n_mlp_layers': 3, 'mlp_dim_0': 360, 'mlp_dim_1': 152, 'mlp_dim_2': 96, 'num_heads': 1, 'final_dropout': 0.06669735484942042, 'train_learning_rate': 0.0028735903898443383, 'train_lr_reduce': 0.6}. Best is trial 570 with value: 0.00952998548746109.
[I 2024-12-24 20:52:48,917] Trial 619 finished with value: 0.013709031976759434 and parameters: {'L1_hidden_dim': 224, 'L1_layers_atom': 4, 'L1_layers_mol': 4, 'L1_dropout': 0.12799477276520435, 'L1_out_dim': 48, 'L2_hidden_dim': 144, 'L2_layers_atom': 2, 'L2_layers_mol': 1, 'L2_out_dim': 64, 'L2_dropout': 0.2182564176290663, 'L3_hidden_dim': 64, 'L3_layers_atom': 4, 'L3_layers_mol': 1, 'L3_out_dim': 96, 'L3_dropout': 0.2412162509884482, 'n_mlp_layers': 1, 'mlp_dim_0': 408, 'num_heads': 2, 'final_dropout': 0.09524495432266461, 'train_learning_rate': 0.0006526633737346829, 'train_lr_reduce': 0.6}. Best is trial 570 with value: 0.00952998548746109.
[I 2024-12-24 20:54:04,227] Trial 621 finished with value: 0.013811424374580383 and parameters: {'L1_hidden_dim': 256, 'L1_layers_atom': 4, 'L1_layers_mol': 3, 'L1_dropout': 0.07582576274619773, 'L1_out_dim': 80, 'L2_hidden_dim': 208, 'L2_layers_atom': 4, 'L2_layers_mol': 3, 'L2_out_dim': 64, 'L2_dropout': 0.03819557013984839, 'L3_hidden_dim': 128, 'L3_layers_atom': 4, 'L3_layers_mol': 4, 'L3_out_dim': 128, 'L3_dropout': 0.26112146100904204, 'n_mlp_layers': 2, 'mlp_dim_0': 256, 'mlp_dim_1': 216, 'num_heads': 2, 'final_dropout': 0.25383639858029045, 'train_learning_rate': 0.00033451324633409146, 'train_lr_reduce': 0.6}. Best is trial 570 with value: 0.00952998548746109.
[I 2024-12-24 20:55:08,660] Trial 620 finished with value: 0.01520116999745369 and parameters: {'L1_hidden_dim': 224, 'L1_layers_atom': 3, 'L1_layers_mol': 4, 'L1_dropout': 0.013135462707809329, 'L1_out_dim': 32, 'L2_hidden_dim': 80, 'L2_layers_atom': 4, 'L2_layers_mol': 1, 'L2_out_dim': 32, 'L2_dropout': 0.2583221529580205, 'L3_hidden_dim': 48, 'L3_layers_atom': 3, 'L3_layers_mol': 1, 'L3_out_dim': 112, 'L3_dropout': 0.26020641771317227, 'n_mlp_layers': 2, 'mlp_dim_0': 456, 'mlp_dim_1': 80, 'num_heads': 2, 'final_dropout': 0.20326316754551346, 'train_learning_rate': 0.0006706145961442343, 'train_lr_reduce': 0.6}. Best is trial 570 with value: 0.00952998548746109.
[I 2024-12-24 20:55:30,572] Trial 622 finished with value: 0.013332861475646496 and parameters: {'L1_hidden_dim': 224, 'L1_layers_atom': 4, 'L1_layers_mol': 4, 'L1_dropout': 0.011314937111835791, 'L1_out_dim': 48, 'L2_hidden_dim': 112, 'L2_layers_atom': 4, 'L2_layers_mol': 2, 'L2_out_dim': 96, 'L2_dropout': 0.13528361709406633, 'L3_hidden_dim': 80, 'L3_layers_atom': 4, 'L3_layers_mol': 2, 'L3_out_dim': 112, 'L3_dropout': 0.187863345897459, 'n_mlp_layers': 1, 'mlp_dim_0': 504, 'num_heads': 2, 'final_dropout': 0.15590551785456164, 'train_learning_rate': 0.002225077716582295, 'train_lr_reduce': 0.6}. Best is trial 570 with value: 0.00952998548746109.
[I 2024-12-24 20:55:47,405] Trial 623 finished with value: 0.009868442080914974 and parameters: {'L1_hidden_dim': 160, 'L1_layers_atom': 2, 'L1_layers_mol': 2, 'L1_dropout': 0.024188898131519924, 'L1_out_dim': 48, 'L2_hidden_dim': 144, 'L2_layers_atom': 3, 'L2_layers_mol': 1, 'L2_out_dim': 112, 'L2_dropout': 0.01983609815371789, 'L3_hidden_dim': 96, 'L3_layers_atom': 4, 'L3_layers_mol': 1, 'L3_out_dim': 128, 'L3_dropout': 0.2329871729534937, 'n_mlp_layers': 1, 'mlp_dim_0': 200, 'num_heads': 1, 'final_dropout': 0.15978832233384657, 'train_learning_rate': 0.0011491832442000565, 'train_lr_reduce': 0.6}. Best is trial 570 with value: 0.00952998548746109.
[I 2024-12-24 20:56:55,487] Trial 625 finished with value: 0.01110895350575447 and parameters: {'L1_hidden_dim': 112, 'L1_layers_atom': 2, 'L1_layers_mol': 1, 'L1_dropout': 0.03663276610477002, 'L1_out_dim': 48, 'L2_hidden_dim': 96, 'L2_layers_atom': 4, 'L2_layers_mol': 1, 'L2_out_dim': 80, 'L2_dropout': 0.1714999139980682, 'L3_hidden_dim': 80, 'L3_layers_atom': 4, 'L3_layers_mol': 1, 'L3_out_dim': 128, 'L3_dropout': 0.2683430127322901, 'n_mlp_layers': 1, 'mlp_dim_0': 192, 'num_heads': 1, 'final_dropout': 0.14209846521329095, 'train_learning_rate': 0.00093613029237554, 'train_lr_reduce': 0.6}. Best is trial 570 with value: 0.00952998548746109.
[I 2024-12-24 20:57:41,513] Trial 624 finished with value: 0.012606495060026646 and parameters: {'L1_hidden_dim': 192, 'L1_layers_atom': 4, 'L1_layers_mol': 4, 'L1_dropout': 0.00864926229119046, 'L1_out_dim': 96, 'L2_hidden_dim': 128, 'L2_layers_atom': 2, 'L2_layers_mol': 3, 'L2_out_dim': 32, 'L2_dropout': 0.161159559518878, 'L3_hidden_dim': 48, 'L3_layers_atom': 4, 'L3_layers_mol': 3, 'L3_out_dim': 112, 'L3_dropout': 0.24264251889258057, 'n_mlp_layers': 3, 'mlp_dim_0': 120, 'mlp_dim_1': 144, 'mlp_dim_2': 392, 'num_heads': 2, 'final_dropout': 0.28137614782131143, 'train_learning_rate': 0.009866973620006549, 'train_lr_reduce': 0.6}. Best is trial 570 with value: 0.00952998548746109.
[I 2024-12-24 20:57:43,181] Trial 626 finished with value: 0.011656302958726883 and parameters: {'L1_hidden_dim': 128, 'L1_layers_atom': 1, 'L1_layers_mol': 2, 'L1_dropout': 0.01976047445413757, 'L1_out_dim': 48, 'L2_hidden_dim': 112, 'L2_layers_atom': 2, 'L2_layers_mol': 1, 'L2_out_dim': 128, 'L2_dropout': 0.054010815167398904, 'L3_hidden_dim': 112, 'L3_layers_atom': 3, 'L3_layers_mol': 1, 'L3_out_dim': 112, 'L3_dropout': 0.20679117380507406, 'n_mlp_layers': 1, 'mlp_dim_0': 112, 'num_heads': 1, 'final_dropout': 0.19269099928848177, 'train_learning_rate': 0.0009537073278121364, 'train_lr_reduce': 0.6}. Best is trial 570 with value: 0.00952998548746109.
[I 2024-12-24 20:59:21,522] Trial 627 finished with value: 0.009788807481527328 and parameters: {'L1_hidden_dim': 224, 'L1_layers_atom': 4, 'L1_layers_mol': 4, 'L1_dropout': 0.013565606180284944, 'L1_out_dim': 48, 'L2_hidden_dim': 176, 'L2_layers_atom': 3, 'L2_layers_mol': 1, 'L2_out_dim': 48, 'L2_dropout': 0.13444680288064345, 'L3_hidden_dim': 112, 'L3_layers_atom': 3, 'L3_layers_mol': 4, 'L3_out_dim': 96, 'L3_dropout': 0.18680476796798898, 'n_mlp_layers': 2, 'mlp_dim_0': 192, 'mlp_dim_1': 80, 'num_heads': 2, 'final_dropout': 0.1729603030114647, 'train_learning_rate': 0.0008231287076434667, 'train_lr_reduce': 0.6}. Best is trial 570 with value: 0.00952998548746109.
[I 2024-12-24 20:59:36,766] Trial 628 finished with value: 0.013374404981732368 and parameters: {'L1_hidden_dim': 176, 'L1_layers_atom': 1, 'L1_layers_mol': 2, 'L1_dropout': 0.06642838962816507, 'L1_out_dim': 48, 'L2_hidden_dim': 224, 'L2_layers_atom': 3, 'L2_layers_mol': 1, 'L2_out_dim': 128, 'L2_dropout': 0.0726160929451257, 'L3_hidden_dim': 64, 'L3_layers_atom': 4, 'L3_layers_mol': 2, 'L3_out_dim': 128, 'L3_dropout': 0.29570240998219605, 'n_mlp_layers': 1, 'mlp_dim_0': 288, 'num_heads': 1, 'final_dropout': 0.13451098972173195, 'train_learning_rate': 0.00024229148277482375, 'train_lr_reduce': 0.6}. Best is trial 570 with value: 0.00952998548746109.
[I 2024-12-24 20:59:49,609] Trial 629 finished with value: 0.011737658642232418 and parameters: {'L1_hidden_dim': 208, 'L1_layers_atom': 4, 'L1_layers_mol': 1, 'L1_dropout': 0.051787595790538536, 'L1_out_dim': 32, 'L2_hidden_dim': 160, 'L2_layers_atom': 4, 'L2_layers_mol': 1, 'L2_out_dim': 80, 'L2_dropout': 0.11701728293077451, 'L3_hidden_dim': 80, 'L3_layers_atom': 2, 'L3_layers_mol': 3, 'L3_out_dim': 112, 'L3_dropout': 0.25369771702774635, 'n_mlp_layers': 2, 'mlp_dim_0': 440, 'mlp_dim_1': 312, 'num_heads': 2, 'final_dropout': 0.01915885879784666, 'train_learning_rate': 0.0006066633102121286, 'train_lr_reduce': 0.6}. Best is trial 570 with value: 0.00952998548746109.
[I 2024-12-24 20:59:53,764] Trial 630 finished with value: 0.16761557757854462 and parameters: {'L1_hidden_dim': 144, 'L1_layers_atom': 4, 'L1_layers_mol': 3, 'L1_dropout': 0.048319639019537924, 'L1_out_dim': 32, 'L2_hidden_dim': 64, 'L2_layers_atom': 3, 'L2_layers_mol': 3, 'L2_out_dim': 64, 'L2_dropout': 0.02530558968481533, 'L3_hidden_dim': 112, 'L3_layers_atom': 2, 'L3_layers_mol': 1, 'L3_out_dim': 128, 'L3_dropout': 0.23413592952190163, 'n_mlp_layers': 1, 'mlp_dim_0': 336, 'num_heads': 1, 'final_dropout': 0.12622205425165106, 'train_learning_rate': 0.0015009791183421277, 'train_lr_reduce': 0.6}. Best is trial 570 with value: 0.00952998548746109.
[I 2024-12-24 21:01:32,816] Trial 631 finished with value: 0.012381810694932938 and parameters: {'L1_hidden_dim': 176, 'L1_layers_atom': 1, 'L1_layers_mol': 2, 'L1_dropout': 0.042027592659192155, 'L1_out_dim': 32, 'L2_hidden_dim': 112, 'L2_layers_atom': 3, 'L2_layers_mol': 2, 'L2_out_dim': 112, 'L2_dropout': 0.1065756151910518, 'L3_hidden_dim': 80, 'L3_layers_atom': 4, 'L3_layers_mol': 2, 'L3_out_dim': 128, 'L3_dropout': 0.2843599963118134, 'n_mlp_layers': 1, 'mlp_dim_0': 240, 'num_heads': 1, 'final_dropout': 0.08245642843520086, 'train_learning_rate': 0.0007957376516866829, 'train_lr_reduce': 0.6}. Best is trial 570 with value: 0.00952998548746109.
[I 2024-12-24 21:02:36,730] Trial 632 finished with value: 0.010270742699503899 and parameters: {'L1_hidden_dim': 224, 'L1_layers_atom': 3, 'L1_layers_mol': 4, 'L1_dropout': 0.06180523846357575, 'L1_out_dim': 48, 'L2_hidden_dim': 176, 'L2_layers_atom': 4, 'L2_layers_mol': 1, 'L2_out_dim': 48, 'L2_dropout': 0.07402148400211642, 'L3_hidden_dim': 64, 'L3_layers_atom': 4, 'L3_layers_mol': 1, 'L3_out_dim': 128, 'L3_dropout': 0.2807399318185007, 'n_mlp_layers': 1, 'mlp_dim_0': 360, 'num_heads': 2, 'final_dropout': 0.02874825881407579, 'train_learning_rate': 0.0009911929997714988, 'train_lr_reduce': 0.6}. Best is trial 570 with value: 0.00952998548746109.
[I 2024-12-24 21:03:28,769] Trial 633 finished with value: 0.012544582597911358 and parameters: {'L1_hidden_dim': 192, 'L1_layers_atom': 3, 'L1_layers_mol': 4, 'L1_dropout': 0.08519262089108044, 'L1_out_dim': 64, 'L2_hidden_dim': 176, 'L2_layers_atom': 3, 'L2_layers_mol': 1, 'L2_out_dim': 48, 'L2_dropout': 0.17977063836497742, 'L3_hidden_dim': 128, 'L3_layers_atom': 3, 'L3_layers_mol': 4, 'L3_out_dim': 80, 'L3_dropout': 0.17649436790781575, 'n_mlp_layers': 3, 'mlp_dim_0': 80, 'mlp_dim_1': 72, 'mlp_dim_2': 104, 'num_heads': 2, 'final_dropout': 0.18711892409275432, 'train_learning_rate': 0.0009590506302268624, 'train_lr_reduce': 0.6}. Best is trial 570 with value: 0.00952998548746109.
[I 2024-12-24 21:04:23,012] Trial 635 finished with value: 0.013077709823846817 and parameters: {'L1_hidden_dim': 144, 'L1_layers_atom': 1, 'L1_layers_mol': 3, 'L1_dropout': 0.016963329374796526, 'L1_out_dim': 112, 'L2_hidden_dim': 128, 'L2_layers_atom': 4, 'L2_layers_mol': 1, 'L2_out_dim': 112, 'L2_dropout': 0.09570113976675297, 'L3_hidden_dim': 80, 'L3_layers_atom': 3, 'L3_layers_mol': 4, 'L3_out_dim': 64, 'L3_dropout': 0.21946834382936659, 'n_mlp_layers': 1, 'mlp_dim_0': 392, 'num_heads': 1, 'final_dropout': 0.05196266662379723, 'train_learning_rate': 0.00036146675921951713, 'train_lr_reduce': 0.6}. Best is trial 570 with value: 0.00952998548746109.
[I 2024-12-24 21:04:45,234] Trial 634 finished with value: 0.010446865111589432 and parameters: {'L1_hidden_dim': 224, 'L1_layers_atom': 2, 'L1_layers_mol': 4, 'L1_dropout': 0.05582755023212219, 'L1_out_dim': 80, 'L2_hidden_dim': 96, 'L2_layers_atom': 4, 'L2_layers_mol': 1, 'L2_out_dim': 32, 'L2_dropout': 0.03456157095701749, 'L3_hidden_dim': 96, 'L3_layers_atom': 4, 'L3_layers_mol': 1, 'L3_out_dim': 128, 'L3_dropout': 0.24110398626211127, 'n_mlp_layers': 1, 'mlp_dim_0': 504, 'num_heads': 2, 'final_dropout': 0.10226017850452263, 'train_learning_rate': 0.000992015726422223, 'train_lr_reduce': 0.6}. Best is trial 570 with value: 0.00952998548746109.
[I 2024-12-24 21:04:57,558] Trial 636 finished with value: 0.010496336966753006 and parameters: {'L1_hidden_dim': 192, 'L1_layers_atom': 2, 'L1_layers_mol': 2, 'L1_dropout': 0.05291892757231609, 'L1_out_dim': 48, 'L2_hidden_dim': 144, 'L2_layers_atom': 3, 'L2_layers_mol': 1, 'L2_out_dim': 96, 'L2_dropout': 0.04321036927505597, 'L3_hidden_dim': 64, 'L3_layers_atom': 3, 'L3_layers_mol': 1, 'L3_out_dim': 128, 'L3_dropout': 0.20415202128032972, 'n_mlp_layers': 1, 'mlp_dim_0': 280, 'num_heads': 1, 'final_dropout': 0.2531391440119601, 'train_learning_rate': 0.0006031488627999631, 'train_lr_reduce': 0.6}. Best is trial 570 with value: 0.00952998548746109.
[I 2024-12-24 21:05:55,186] Trial 637 finished with value: 0.011211608536541462 and parameters: {'L1_hidden_dim': 224, 'L1_layers_atom': 4, 'L1_layers_mol': 4, 'L1_dropout': 0.04352061832308034, 'L1_out_dim': 32, 'L2_hidden_dim': 176, 'L2_layers_atom': 3, 'L2_layers_mol': 1, 'L2_out_dim': 32, 'L2_dropout': 0.11255949856290653, 'L3_hidden_dim': 64, 'L3_layers_atom': 4, 'L3_layers_mol': 4, 'L3_out_dim': 96, 'L3_dropout': 0.17253747495597516, 'n_mlp_layers': 2, 'mlp_dim_0': 256, 'mlp_dim_1': 32, 'num_heads': 2, 'final_dropout': 0.19976911906527506, 'train_learning_rate': 0.002172863486297535, 'train_lr_reduce': 0.6}. Best is trial 570 with value: 0.00952998548746109.
[I 2024-12-24 21:06:50,173] Trial 639 finished with value: 0.011460411362349987 and parameters: {'L1_hidden_dim': 240, 'L1_layers_atom': 4, 'L1_layers_mol': 3, 'L1_dropout': 0.03725220428158563, 'L1_out_dim': 32, 'L2_hidden_dim': 176, 'L2_layers_atom': 3, 'L2_layers_mol': 1, 'L2_out_dim': 48, 'L2_dropout': 0.10048537727122389, 'L3_hidden_dim': 128, 'L3_layers_atom': 2, 'L3_layers_mol': 4, 'L3_out_dim': 80, 'L3_dropout': 0.15258452892750868, 'n_mlp_layers': 2, 'mlp_dim_0': 192, 'mlp_dim_1': 64, 'num_heads': 1, 'final_dropout': 0.18883614859399098, 'train_learning_rate': 0.0007772912555481763, 'train_lr_reduce': 0.6}. Best is trial 570 with value: 0.00952998548746109.
[I 2024-12-24 21:07:40,993] Trial 640 finished with value: 0.012580709531903267 and parameters: {'L1_hidden_dim': 176, 'L1_layers_atom': 3, 'L1_layers_mol': 4, 'L1_dropout': 0.06787726999210064, 'L1_out_dim': 48, 'L2_hidden_dim': 96, 'L2_layers_atom': 3, 'L2_layers_mol': 1, 'L2_out_dim': 32, 'L2_dropout': 0.032032432776202935, 'L3_hidden_dim': 80, 'L3_layers_atom': 4, 'L3_layers_mol': 1, 'L3_out_dim': 128, 'L3_dropout': 0.18102734292909817, 'n_mlp_layers': 2, 'mlp_dim_0': 392, 'mlp_dim_1': 32, 'num_heads': 2, 'final_dropout': 0.03385243878831058, 'train_learning_rate': 0.0024210609771287803, 'train_lr_reduce': 0.6}. Best is trial 570 with value: 0.00952998548746109.
[I 2024-12-24 21:08:29,372] Trial 638 finished with value: 0.011317722499370575 and parameters: {'L1_hidden_dim': 240, 'L1_layers_atom': 2, 'L1_layers_mol': 4, 'L1_dropout': 0.02061414963228924, 'L1_out_dim': 80, 'L2_hidden_dim': 96, 'L2_layers_atom': 4, 'L2_layers_mol': 2, 'L2_out_dim': 32, 'L2_dropout': 0.025041815095687966, 'L3_hidden_dim': 96, 'L3_layers_atom': 3, 'L3_layers_mol': 1, 'L3_out_dim': 128, 'L3_dropout': 0.29129285201189026, 'n_mlp_layers': 1, 'mlp_dim_0': 496, 'num_heads': 2, 'final_dropout': 0.11548639709608412, 'train_learning_rate': 0.0003338992288036632, 'train_lr_reduce': 0.6}. Best is trial 570 with value: 0.00952998548746109.
[I 2024-12-24 21:08:46,558] Trial 641 finished with value: 0.010645479895174503 and parameters: {'L1_hidden_dim': 224, 'L1_layers_atom': 1, 'L1_layers_mol': 2, 'L1_dropout': 0.019618757635998282, 'L1_out_dim': 48, 'L2_hidden_dim': 128, 'L2_layers_atom': 4, 'L2_layers_mol': 1, 'L2_out_dim': 96, 'L2_dropout': 0.02505361644493193, 'L3_hidden_dim': 96, 'L3_layers_atom': 2, 'L3_layers_mol': 1, 'L3_out_dim': 112, 'L3_dropout': 0.11776850678086613, 'n_mlp_layers': 1, 'mlp_dim_0': 280, 'num_heads': 1, 'final_dropout': 0.2633908103756564, 'train_learning_rate': 0.0013554036553588705, 'train_lr_reduce': 0.6}. Best is trial 570 with value: 0.00952998548746109.
