[I 2024-12-19 19:20:50,533] Trial 844 finished with value: 1.1554415225982666 and parameters: {'mlp_n_layers': 1, 'mlp_dim_00': 299, 'node_hidden_dim': 34, 'edge_hidden_dim': 91, 'depth': 2, 'rep_dropout': 0.035601452791252985, 'train_learning_rate': 0.003236355663459866, 'train_lr_reduce': 0.6}. Best is trial 673 with value: 0.11172225326299667.
[I 2024-12-19 19:20:56,650] Trial 846 finished with value: 1.1439367532730103 and parameters: {'mlp_n_layers': 4, 'mlp_dim_00': 264, 'mlp_dim_01': 410, 'mlp_dim_02': 249, 'mlp_dim_03': 205, 'node_hidden_dim': 56, 'edge_hidden_dim': 79, 'depth': 4, 'rep_dropout': 0.10377536691166324, 'train_learning_rate': 0.0005303958197237906, 'train_lr_reduce': 0.6}. Best is trial 673 with value: 0.11172225326299667.
[I 2024-12-19 19:20:57,470] Trial 847 finished with value: 1.1424291133880615 and parameters: {'mlp_n_layers': 2, 'mlp_dim_00': 64, 'mlp_dim_01': 336, 'node_hidden_dim': 40, 'edge_hidden_dim': 63, 'depth': 3, 'rep_dropout': 0.04970291163403702, 'train_learning_rate': 0.00027172194855680395, 'train_lr_reduce': 0.6}. Best is trial 673 with value: 0.11172225326299667.
[I 2024-12-19 19:21:03,517] Trial 849 finished with value: 1.1426652669906616 and parameters: {'mlp_n_layers': 4, 'mlp_dim_00': 283, 'mlp_dim_01': 378, 'mlp_dim_02': 367, 'mlp_dim_03': 64, 'node_hidden_dim': 85, 'edge_hidden_dim': 33, 'depth': 3, 'rep_dropout': 0.12789929539386993, 'train_learning_rate': 0.0006044390872363273, 'train_lr_reduce': 0.6}. Best is trial 673 with value: 0.11172225326299667.
[I 2024-12-19 19:21:08,257] Trial 850 finished with value: 1.1431069374084473 and parameters: {'mlp_n_layers': 2, 'mlp_dim_00': 355, 'mlp_dim_01': 439, 'node_hidden_dim': 34, 'edge_hidden_dim': 64, 'depth': 1, 'rep_dropout': 0.021089386572121775, 'train_learning_rate': 0.0026969645261469464, 'train_lr_reduce': 0.6}. Best is trial 673 with value: 0.11172225326299667.
[I 2024-12-19 19:21:30,599] Trial 845 finished with value: 0.123356893658638 and parameters: {'mlp_n_layers': 1, 'mlp_dim_00': 322, 'node_hidden_dim': 36, 'edge_hidden_dim': 32, 'depth': 1, 'rep_dropout': 0.010796516048225159, 'train_learning_rate': 0.0031229944635149925, 'train_lr_reduce': 0.6}. Best is trial 673 with value: 0.11172225326299667.
[I 2024-12-19 19:21:32,464] Trial 851 finished with value: 0.188351571559906 and parameters: {'mlp_n_layers': 1, 'mlp_dim_00': 264, 'node_hidden_dim': 32, 'edge_hidden_dim': 89, 'depth': 1, 'rep_dropout': 0.01686341771206754, 'train_learning_rate': 0.00282295202651779, 'train_lr_reduce': 0.6}. Best is trial 673 with value: 0.11172225326299667.
[I 2024-12-19 19:21:42,187] Trial 848 finished with value: 0.15491273999214172 and parameters: {'mlp_n_layers': 2, 'mlp_dim_00': 266, 'mlp_dim_01': 412, 'node_hidden_dim': 44, 'edge_hidden_dim': 52, 'depth': 1, 'rep_dropout': 0.0014249423289537655, 'train_learning_rate': 0.004292664269072085, 'train_lr_reduce': 0.6}. Best is trial 673 with value: 0.11172225326299667.
[I 2024-12-19 19:21:55,528] Trial 852 finished with value: 0.17979690432548523 and parameters: {'mlp_n_layers': 2, 'mlp_dim_00': 346, 'mlp_dim_01': 324, 'node_hidden_dim': 32, 'edge_hidden_dim': 32, 'depth': 1, 'rep_dropout': 0.052895559894996974, 'train_learning_rate': 0.00515922484257036, 'train_lr_reduce': 0.6}. Best is trial 673 with value: 0.11172225326299667.
[I 2024-12-19 19:22:04,644] Trial 853 finished with value: 0.2098388969898224 and parameters: {'mlp_n_layers': 1, 'mlp_dim_00': 277, 'node_hidden_dim': 37, 'edge_hidden_dim': 37, 'depth': 1, 'rep_dropout': 0.03211021202701268, 'train_learning_rate': 0.002016701089173067, 'train_lr_reduce': 0.6}. Best is trial 673 with value: 0.11172225326299667.
[I 2024-12-19 19:22:10,078] Trial 856 finished with value: 1.1423914432525635 and parameters: {'mlp_n_layers': 2, 'mlp_dim_00': 314, 'mlp_dim_01': 441, 'node_hidden_dim': 32, 'edge_hidden_dim': 56, 'depth': 2, 'rep_dropout': 0.032357394584431445, 'train_learning_rate': 0.006130570758585173, 'train_lr_reduce': 0.6}. Best is trial 673 with value: 0.11172225326299667.
[I 2024-12-19 19:22:20,317] Trial 855 finished with value: 0.1576470285654068 and parameters: {'mlp_n_layers': 3, 'mlp_dim_00': 404, 'mlp_dim_01': 381, 'mlp_dim_02': 187, 'node_hidden_dim': 59, 'edge_hidden_dim': 48, 'depth': 1, 'rep_dropout': 0.00022610544391408333, 'train_learning_rate': 0.009777097450327375, 'train_lr_reduce': 0.6}. Best is trial 673 with value: 0.11172225326299667.
[I 2024-12-19 19:22:26,851] Trial 858 finished with value: 1.1512432098388672 and parameters: {'mlp_n_layers': 1, 'mlp_dim_00': 242, 'node_hidden_dim': 97, 'edge_hidden_dim': 111, 'depth': 2, 'rep_dropout': 0.08176637783768685, 'train_learning_rate': 0.001104338635499442, 'train_lr_reduce': 0.6}. Best is trial 673 with value: 0.11172225326299667.
[I 2024-12-19 19:22:27,821] Trial 854 finished with value: 0.15914560854434967 and parameters: {'mlp_n_layers': 1, 'mlp_dim_00': 407, 'node_hidden_dim': 32, 'edge_hidden_dim': 32, 'depth': 1, 'rep_dropout': 0.015571634279353161, 'train_learning_rate': 0.0013591324911933847, 'train_lr_reduce': 0.6}. Best is trial 673 with value: 0.11172225326299667.
[I 2024-12-19 19:22:28,528] Trial 857 finished with value: 0.22676819562911987 and parameters: {'mlp_n_layers': 1, 'mlp_dim_00': 251, 'node_hidden_dim': 45, 'edge_hidden_dim': 40, 'depth': 1, 'rep_dropout': 0.016741010568717803, 'train_learning_rate': 0.0038645454479568323, 'train_lr_reduce': 0.6}. Best is trial 673 with value: 0.11172225326299667.
[I 2024-12-19 19:22:33,882] Trial 861 finished with value: 1.1428483724594116 and parameters: {'mlp_n_layers': 3, 'mlp_dim_00': 510, 'mlp_dim_01': 360, 'mlp_dim_02': 307, 'node_hidden_dim': 97, 'edge_hidden_dim': 86, 'depth': 2, 'rep_dropout': 0.00803239093916383, 'train_learning_rate': 0.0008426624112772871, 'train_lr_reduce': 0.6}. Best is trial 673 with value: 0.11172225326299667.
[I 2024-12-19 19:23:01,543] Trial 860 finished with value: 0.21947810053825378 and parameters: {'mlp_n_layers': 1, 'mlp_dim_00': 247, 'node_hidden_dim': 55, 'edge_hidden_dim': 32, 'depth': 1, 'rep_dropout': 0.048525582264663206, 'train_learning_rate': 0.004424810040931806, 'train_lr_reduce': 0.6}. Best is trial 673 with value: 0.11172225326299667.
[I 2024-12-19 19:23:14,472] Trial 859 finished with value: 0.12727798521518707 and parameters: {'mlp_n_layers': 1, 'mlp_dim_00': 299, 'node_hidden_dim': 33, 'edge_hidden_dim': 57, 'depth': 1, 'rep_dropout': 0.005488502748313793, 'train_learning_rate': 0.004170884832579856, 'train_lr_reduce': 0.6}. Best is trial 673 with value: 0.11172225326299667.
[I 2024-12-19 19:23:18,625] Trial 862 finished with value: 0.1564723253250122 and parameters: {'mlp_n_layers': 1, 'mlp_dim_00': 285, 'node_hidden_dim': 32, 'edge_hidden_dim': 42, 'depth': 1, 'rep_dropout': 0.03155916045452178, 'train_learning_rate': 0.003442714023116933, 'train_lr_reduce': 0.6}. Best is trial 673 with value: 0.11172225326299667.
[I 2024-12-19 19:23:38,594] Trial 865 finished with value: 0.23540185391902924 and parameters: {'mlp_n_layers': 1, 'mlp_dim_00': 359, 'node_hidden_dim': 43, 'edge_hidden_dim': 48, 'depth': 1, 'rep_dropout': 0.004684743519905941, 'train_learning_rate': 0.004846713721947128, 'train_lr_reduce': 0.6}. Best is trial 673 with value: 0.11172225326299667.
[I 2024-12-19 19:23:40,516] Trial 864 finished with value: 0.24259820580482483 and parameters: {'mlp_n_layers': 1, 'mlp_dim_00': 375, 'node_hidden_dim': 37, 'edge_hidden_dim': 37, 'depth': 1, 'rep_dropout': 0.007013250888129088, 'train_learning_rate': 0.003265319372934521, 'train_lr_reduce': 0.6}. Best is trial 673 with value: 0.11172225326299667.
[I 2024-12-19 19:23:44,224] Trial 863 finished with value: 0.1685469150543213 and parameters: {'mlp_n_layers': 3, 'mlp_dim_00': 441, 'mlp_dim_01': 428, 'mlp_dim_02': 411, 'node_hidden_dim': 45, 'edge_hidden_dim': 57, 'depth': 1, 'rep_dropout': 0.033498374594107205, 'train_learning_rate': 0.006007899354400312, 'train_lr_reduce': 0.6}. Best is trial 673 with value: 0.11172225326299667.
[I 2024-12-19 19:23:46,819] Trial 867 finished with value: 1.142500638961792 and parameters: {'mlp_n_layers': 2, 'mlp_dim_00': 279, 'mlp_dim_01': 320, 'node_hidden_dim': 49, 'edge_hidden_dim': 60, 'depth': 4, 'rep_dropout': 0.036662929116237426, 'train_learning_rate': 0.0013222229599543728, 'train_lr_reduce': 0.6}. Best is trial 673 with value: 0.11172225326299667.
[I 2024-12-19 19:23:50,249] Trial 868 finished with value: 1.142256259918213 and parameters: {'mlp_n_layers': 4, 'mlp_dim_00': 66, 'mlp_dim_01': 377, 'mlp_dim_02': 242, 'mlp_dim_03': 146, 'node_hidden_dim': 126, 'edge_hidden_dim': 53, 'depth': 2, 'rep_dropout': 0.10528049461076372, 'train_learning_rate': 0.0016870870850341875, 'train_lr_reduce': 0.6}. Best is trial 673 with value: 0.11172225326299667.
[I 2024-12-19 19:23:52,210] Trial 869 finished with value: 1.1424047946929932 and parameters: {'mlp_n_layers': 1, 'mlp_dim_00': 244, 'node_hidden_dim': 42, 'edge_hidden_dim': 34, 'depth': 1, 'rep_dropout': 0.025458511564630498, 'train_learning_rate': 0.0005109078857281793, 'train_lr_reduce': 0.6}. Best is trial 673 with value: 0.11172225326299667.
[I 2024-12-19 19:23:57,175] Trial 866 finished with value: 0.18787993490695953 and parameters: {'mlp_n_layers': 1, 'mlp_dim_00': 454, 'node_hidden_dim': 55, 'edge_hidden_dim': 69, 'depth': 1, 'rep_dropout': 0.058154464120834, 'train_learning_rate': 0.003941143514048156, 'train_lr_reduce': 0.6}. Best is trial 673 with value: 0.11172225326299667.
[I 2024-12-19 19:23:59,075] Trial 871 finished with value: 1.146201491355896 and parameters: {'mlp_n_layers': 4, 'mlp_dim_00': 510, 'mlp_dim_01': 395, 'mlp_dim_02': 147, 'mlp_dim_03': 451, 'node_hidden_dim': 33, 'edge_hidden_dim': 81, 'depth': 4, 'rep_dropout': 0.07922279685496635, 'train_learning_rate': 0.0011544844019586945, 'train_lr_reduce': 0.6}. Best is trial 673 with value: 0.11172225326299667.
[I 2024-12-19 19:24:04,650] Trial 873 finished with value: 1.1423780918121338 and parameters: {'mlp_n_layers': 2, 'mlp_dim_00': 342, 'mlp_dim_01': 322, 'node_hidden_dim': 41, 'edge_hidden_dim': 48, 'depth': 2, 'rep_dropout': 0.019290741799858156, 'train_learning_rate': 0.003007933309202152, 'train_lr_reduce': 0.6}. Best is trial 673 with value: 0.11172225326299667.
[I 2024-12-19 19:24:13,519] Trial 870 finished with value: 0.2222086787223816 and parameters: {'mlp_n_layers': 2, 'mlp_dim_00': 392, 'mlp_dim_01': 446, 'node_hidden_dim': 55, 'edge_hidden_dim': 43, 'depth': 1, 'rep_dropout': 0.03911265306603884, 'train_learning_rate': 0.005366876025148014, 'train_lr_reduce': 0.6}. Best is trial 673 with value: 0.11172225326299667.
[I 2024-12-19 19:24:15,062] Trial 872 finished with value: 0.23954343795776367 and parameters: {'mlp_n_layers': 1, 'mlp_dim_00': 322, 'node_hidden_dim': 48, 'edge_hidden_dim': 47, 'depth': 1, 'rep_dropout': 0.014884758729546747, 'train_learning_rate': 0.0035421473208660246, 'train_lr_reduce': 0.6}. Best is trial 673 with value: 0.11172225326299667.
[I 2024-12-19 19:24:20,481] Trial 876 finished with value: 1.1423429250717163 and parameters: {'mlp_n_layers': 2, 'mlp_dim_00': 506, 'mlp_dim_01': 371, 'node_hidden_dim': 57, 'edge_hidden_dim': 67, 'depth': 2, 'rep_dropout': 0.036612528071164656, 'train_learning_rate': 0.006431318278048378, 'train_lr_reduce': 0.6}. Best is trial 673 with value: 0.11172225326299667.
[I 2024-12-19 19:24:36,308] Trial 874 finished with value: 0.18258927762508392 and parameters: {'mlp_n_layers': 1, 'mlp_dim_00': 363, 'node_hidden_dim': 46, 'edge_hidden_dim': 32, 'depth': 1, 'rep_dropout': 0.031150524797909692, 'train_learning_rate': 0.006883088215223126, 'train_lr_reduce': 0.6}. Best is trial 673 with value: 0.11172225326299667.
[I 2024-12-19 19:24:54,059] Trial 875 finished with value: 0.19882157444953918 and parameters: {'mlp_n_layers': 2, 'mlp_dim_00': 372, 'mlp_dim_01': 452, 'node_hidden_dim': 35, 'edge_hidden_dim': 52, 'depth': 1, 'rep_dropout': 0.031624356415735654, 'train_learning_rate': 0.005293149680801324, 'train_lr_reduce': 0.6}. Best is trial 673 with value: 0.11172225326299667.
[I 2024-12-19 19:24:59,517] Trial 879 finished with value: 1.1436256170272827 and parameters: {'mlp_n_layers': 1, 'mlp_dim_00': 476, 'node_hidden_dim': 126, 'edge_hidden_dim': 105, 'depth': 3, 'rep_dropout': 0.02042702613556669, 'train_learning_rate': 0.00014867299121178193, 'train_lr_reduce': 0.6}. Best is trial 673 with value: 0.11172225326299667.
[I 2024-12-19 19:25:00,389] Trial 878 finished with value: 0.20084042847156525 and parameters: {'mlp_n_layers': 1, 'mlp_dim_00': 273, 'node_hidden_dim': 38, 'edge_hidden_dim': 33, 'depth': 1, 'rep_dropout': 0.020844234016688418, 'train_learning_rate': 0.003140183029423431, 'train_lr_reduce': 0.6}. Best is trial 673 with value: 0.11172225326299667.
[I 2024-12-19 19:25:00,985] Trial 877 finished with value: 0.15044768154621124 and parameters: {'mlp_n_layers': 1, 'mlp_dim_00': 308, 'node_hidden_dim': 49, 'edge_hidden_dim': 44, 'depth': 1, 'rep_dropout': 0.02321957328299052, 'train_learning_rate': 0.00284679158056684, 'train_lr_reduce': 0.6}. Best is trial 673 with value: 0.11172225326299667.
[I 2024-12-19 19:25:05,373] Trial 881 finished with value: 1.1463817358016968 and parameters: {'mlp_n_layers': 1, 'mlp_dim_00': 392, 'node_hidden_dim': 50, 'edge_hidden_dim': 41, 'depth': 1, 'rep_dropout': 0.048876168518062216, 'train_learning_rate': 0.0009925959737491258, 'train_lr_reduce': 0.6}. Best is trial 673 with value: 0.11172225326299667.
[I 2024-12-19 19:25:06,484] Trial 882 finished with value: 1.1428661346435547 and parameters: {'mlp_n_layers': 1, 'mlp_dim_00': 211, 'node_hidden_dim': 124, 'edge_hidden_dim': 36, 'depth': 4, 'rep_dropout': 0.10634749971475536, 'train_learning_rate': 0.00024858128333295345, 'train_lr_reduce': 0.6}. Best is trial 673 with value: 0.11172225326299667.
[I 2024-12-19 19:25:36,277] Trial 880 finished with value: 0.14223282039165497 and parameters: {'mlp_n_layers': 2, 'mlp_dim_00': 305, 'mlp_dim_01': 421, 'node_hidden_dim': 32, 'edge_hidden_dim': 54, 'depth': 1, 'rep_dropout': 0.02846133266139056, 'train_learning_rate': 0.0046407571031294274, 'train_lr_reduce': 0.6}. Best is trial 673 with value: 0.11172225326299667.
[I 2024-12-19 19:25:49,568] Trial 884 finished with value: 0.13810043036937714 and parameters: {'mlp_n_layers': 1, 'mlp_dim_00': 482, 'node_hidden_dim': 36, 'edge_hidden_dim': 37, 'depth': 1, 'rep_dropout': 0.00024472509460833364, 'train_learning_rate': 0.003611441119626779, 'train_lr_reduce': 0.6}. Best is trial 673 with value: 0.11172225326299667.
[I 2024-12-19 19:25:50,213] Trial 883 finished with value: 0.15987160801887512 and parameters: {'mlp_n_layers': 1, 'mlp_dim_00': 355, 'node_hidden_dim': 41, 'edge_hidden_dim': 33, 'depth': 1, 'rep_dropout': 0.02692289480814479, 'train_learning_rate': 0.0020583406238781203, 'train_lr_reduce': 0.6}. Best is trial 673 with value: 0.11172225326299667.
[I 2024-12-19 19:26:08,403] Trial 885 finished with value: 0.18000540137290955 and parameters: {'mlp_n_layers': 1, 'mlp_dim_00': 349, 'node_hidden_dim': 34, 'edge_hidden_dim': 42, 'depth': 1, 'rep_dropout': 0.002819410096407269, 'train_learning_rate': 0.0032217670412227387, 'train_lr_reduce': 0.6}. Best is trial 673 with value: 0.11172225326299667.
[I 2024-12-19 19:26:09,501] Trial 886 finished with value: 0.1806836873292923 and parameters: {'mlp_n_layers': 2, 'mlp_dim_00': 425, 'mlp_dim_01': 313, 'node_hidden_dim': 33, 'edge_hidden_dim': 63, 'depth': 1, 'rep_dropout': 0.03639981077866346, 'train_learning_rate': 0.009861602953826258, 'train_lr_reduce': 0.6}. Best is trial 673 with value: 0.11172225326299667.
[I 2024-12-19 19:26:15,682] Trial 888 finished with value: 1.1440293788909912 and parameters: {'mlp_n_layers': 1, 'mlp_dim_00': 367, 'node_hidden_dim': 87, 'edge_hidden_dim': 86, 'depth': 4, 'rep_dropout': 0.03641363755411681, 'train_learning_rate': 0.0017159247945651213, 'train_lr_reduce': 0.6}. Best is trial 673 with value: 0.11172225326299667.
[I 2024-12-19 19:26:15,737] Trial 889 finished with value: 1.1445112228393555 and parameters: {'mlp_n_layers': 3, 'mlp_dim_00': 438, 'mlp_dim_01': 449, 'mlp_dim_02': 459, 'node_hidden_dim': 44, 'edge_hidden_dim': 43, 'depth': 2, 'rep_dropout': 0.05329361546142371, 'train_learning_rate': 0.002211867196246648, 'train_lr_reduce': 0.6}. Best is trial 673 with value: 0.11172225326299667.
[I 2024-12-19 19:26:38,693] Trial 887 finished with value: 0.24490384757518768 and parameters: {'mlp_n_layers': 2, 'mlp_dim_00': 335, 'mlp_dim_01': 369, 'node_hidden_dim': 41, 'edge_hidden_dim': 48, 'depth': 2, 'rep_dropout': 0.002088889288412943, 'train_learning_rate': 0.004774432882533818, 'train_lr_reduce': 0.6}. Best is trial 673 with value: 0.11172225326299667.
[I 2024-12-19 19:26:45,460] Trial 892 finished with value: 1.1429048776626587 and parameters: {'mlp_n_layers': 1, 'mlp_dim_00': 412, 'node_hidden_dim': 33, 'edge_hidden_dim': 38, 'depth': 2, 'rep_dropout': 0.043735975064817086, 'train_learning_rate': 0.0030972647924458778, 'train_lr_reduce': 0.6}. Best is trial 673 with value: 0.11172225326299667.
[I 2024-12-19 19:26:53,096] Trial 893 finished with value: 1.1433703899383545 and parameters: {'mlp_n_layers': 3, 'mlp_dim_00': 430, 'mlp_dim_01': 460, 'mlp_dim_02': 343, 'node_hidden_dim': 92, 'edge_hidden_dim': 38, 'depth': 4, 'rep_dropout': 0.08686937982556782, 'train_learning_rate': 0.0004146958827121011, 'train_lr_reduce': 0.6}. Best is trial 673 with value: 0.11172225326299667.
[I 2024-12-19 19:27:01,951] Trial 891 finished with value: 0.13181544840335846 and parameters: {'mlp_n_layers': 2, 'mlp_dim_00': 472, 'mlp_dim_01': 310, 'node_hidden_dim': 53, 'edge_hidden_dim': 56, 'depth': 1, 'rep_dropout': 0.0002874626189995205, 'train_learning_rate': 0.0014827361893336474, 'train_lr_reduce': 0.6}. Best is trial 673 with value: 0.11172225326299667.
[I 2024-12-19 19:27:02,900] Trial 890 finished with value: 0.3105064630508423 and parameters: {'mlp_n_layers': 2, 'mlp_dim_00': 284, 'mlp_dim_01': 389, 'node_hidden_dim': 128, 'edge_hidden_dim': 38, 'depth': 2, 'rep_dropout': 0.11427623476647816, 'train_learning_rate': 0.0023429487288877497, 'train_lr_reduce': 0.6}. Best is trial 673 with value: 0.11172225326299667.
[I 2024-12-19 19:27:08,044] Trial 896 finished with value: 1.1430643796920776 and parameters: {'mlp_n_layers': 1, 'mlp_dim_00': 283, 'node_hidden_dim': 118, 'edge_hidden_dim': 76, 'depth': 1, 'rep_dropout': 0.06960914372273978, 'train_learning_rate': 0.00017250291307021102, 'train_lr_reduce': 0.6}. Best is trial 673 with value: 0.11172225326299667.
[I 2024-12-19 19:27:10,837] Trial 895 finished with value: 0.827557384967804 and parameters: {'mlp_n_layers': 1, 'mlp_dim_00': 290, 'node_hidden_dim': 37, 'edge_hidden_dim': 49, 'depth': 2, 'rep_dropout': 0.002944467804352858, 'train_learning_rate': 0.00843406355395436, 'train_lr_reduce': 0.6}. Best is trial 673 with value: 0.11172225326299667.
[I 2024-12-19 19:27:13,892] Trial 897 finished with value: 1.1460524797439575 and parameters: {'mlp_n_layers': 1, 'mlp_dim_00': 346, 'node_hidden_dim': 36, 'edge_hidden_dim': 46, 'depth': 2, 'rep_dropout': 0.035922642794401674, 'train_learning_rate': 0.0016027702777398505, 'train_lr_reduce': 0.6}. Best is trial 673 with value: 0.11172225326299667.
[I 2024-12-19 19:27:18,381] Trial 898 finished with value: 1.142156720161438 and parameters: {'mlp_n_layers': 1, 'mlp_dim_00': 175, 'node_hidden_dim': 86, 'edge_hidden_dim': 45, 'depth': 4, 'rep_dropout': 0.00827059804959647, 'train_learning_rate': 0.0019253072273923086, 'train_lr_reduce': 0.6}. Best is trial 673 with value: 0.11172225326299667.
[I 2024-12-19 19:27:19,319] Trial 899 finished with value: 1.142174243927002 and parameters: {'mlp_n_layers': 2, 'mlp_dim_00': 362, 'mlp_dim_01': 357, 'node_hidden_dim': 126, 'edge_hidden_dim': 51, 'depth': 1, 'rep_dropout': 0.1146017311441423, 'train_learning_rate': 0.00030944161567870147, 'train_lr_reduce': 0.6}. Best is trial 673 with value: 0.11172225326299667.
[I 2024-12-19 19:27:24,727] Trial 900 finished with value: 1.1445302963256836 and parameters: {'mlp_n_layers': 3, 'mlp_dim_00': 463, 'mlp_dim_01': 418, 'mlp_dim_02': 277, 'node_hidden_dim': 125, 'edge_hidden_dim': 121, 'depth': 3, 'rep_dropout': 0.02222879081009318, 'train_learning_rate': 0.002001570041732069, 'train_lr_reduce': 0.6}. Best is trial 673 with value: 0.11172225326299667.
[I 2024-12-19 19:27:33,923] Trial 894 finished with value: 0.16034255921840668 and parameters: {'mlp_n_layers': 1, 'mlp_dim_00': 445, 'node_hidden_dim': 49, 'edge_hidden_dim': 54, 'depth': 1, 'rep_dropout': 0.05169510461779539, 'train_learning_rate': 0.005411088296282896, 'train_lr_reduce': 0.6}. Best is trial 673 with value: 0.11172225326299667.
[I 2024-12-19 19:27:51,438] Trial 903 finished with value: 0.667138397693634 and parameters: {'mlp_n_layers': 1, 'mlp_dim_00': 368, 'node_hidden_dim': 36, 'edge_hidden_dim': 76, 'depth': 1, 'rep_dropout': 0.016672957096975638, 'train_learning_rate': 0.008177877502156521, 'train_lr_reduce': 0.6}. Best is trial 673 with value: 0.11172225326299667.
[I 2024-12-19 19:27:58,067] Trial 901 finished with value: 0.16379259526729584 and parameters: {'mlp_n_layers': 1, 'mlp_dim_00': 348, 'node_hidden_dim': 34, 'edge_hidden_dim': 59, 'depth': 1, 'rep_dropout': 0.031909853855290056, 'train_learning_rate': 0.001944363000641216, 'train_lr_reduce': 0.6}. Best is trial 673 with value: 0.11172225326299667.
[I 2024-12-19 19:28:10,028] Trial 902 finished with value: 0.13961651921272278 and parameters: {'mlp_n_layers': 1, 'mlp_dim_00': 360, 'node_hidden_dim': 34, 'edge_hidden_dim': 42, 'depth': 1, 'rep_dropout': 0.034568302324659975, 'train_learning_rate': 0.003801311417980544, 'train_lr_reduce': 0.6}. Best is trial 673 with value: 0.11172225326299667.
