[I 2024-12-19 23:39:30,777] Trial 54 finished with value: 0.4243384301662445 and parameters: {'mlp_n_layers': 4, 'mlp_dim_00': 402, 'mlp_dim_01': 71, 'mlp_dim_02': 193, 'mlp_dim_03': 377, 'node_hidden_dim': 80, 'edge_hidden_dim': 53, 'depth': 1, 'rep_dropout': 0.00674312380643062, 'train_learning_rate': 0.0035479736722018765, 'train_lr_reduce': 0.6}. Best is trial 46 with value: 0.35614898800849915.
[I 2024-12-19 23:39:31,449] Trial 57 finished with value: 1.5525702238082886 and parameters: {'mlp_n_layers': 4, 'mlp_dim_00': 462, 'mlp_dim_01': 148, 'mlp_dim_02': 292, 'mlp_dim_03': 67, 'node_hidden_dim': 69, 'edge_hidden_dim': 51, 'depth': 1, 'rep_dropout': 0.0012781789689727194, 'train_learning_rate': 0.0005050557472600515, 'train_lr_reduce': 0.6}. Best is trial 46 with value: 0.35614898800849915.
[I 2024-12-19 23:39:34,394] Trial 59 finished with value: 1.3151459693908691 and parameters: {'mlp_n_layers': 4, 'mlp_dim_00': 305, 'mlp_dim_01': 130, 'mlp_dim_02': 188, 'mlp_dim_03': 289, 'node_hidden_dim': 81, 'edge_hidden_dim': 57, 'depth': 1, 'rep_dropout': 0.0033966356637555248, 'train_learning_rate': 0.008425963757145213, 'train_lr_reduce': 0.6}. Best is trial 46 with value: 0.35614898800849915.
[I 2024-12-19 23:39:35,548] Trial 60 finished with value: 1.2898725271224976 and parameters: {'mlp_n_layers': 2, 'mlp_dim_00': 352, 'mlp_dim_01': 326, 'node_hidden_dim': 34, 'edge_hidden_dim': 67, 'depth': 4, 'rep_dropout': 0.04647484379595246, 'train_learning_rate': 0.0025540155196564383, 'train_lr_reduce': 0.6}. Best is trial 46 with value: 0.35614898800849915.
[I 2024-12-19 23:39:37,980] Trial 61 finished with value: 1.5315314531326294 and parameters: {'mlp_n_layers': 4, 'mlp_dim_00': 452, 'mlp_dim_01': 184, 'mlp_dim_02': 222, 'mlp_dim_03': 432, 'node_hidden_dim': 57, 'edge_hidden_dim': 39, 'depth': 2, 'rep_dropout': 0.05634333263402782, 'train_learning_rate': 0.0015132468053854304, 'train_lr_reduce': 0.6}. Best is trial 46 with value: 0.35614898800849915.
[I 2024-12-19 23:39:39,846] Trial 62 finished with value: 1.5458992719650269 and parameters: {'mlp_n_layers': 1, 'mlp_dim_00': 387, 'node_hidden_dim': 52, 'edge_hidden_dim': 90, 'depth': 4, 'rep_dropout': 0.07903358369238639, 'train_learning_rate': 0.00023965140995531144, 'train_lr_reduce': 0.6}. Best is trial 46 with value: 0.35614898800849915.
[I 2024-12-19 23:39:40,242] Trial 58 finished with value: 0.46571674942970276 and parameters: {'mlp_n_layers': 4, 'mlp_dim_00': 234, 'mlp_dim_01': 232, 'mlp_dim_02': 273, 'mlp_dim_03': 427, 'node_hidden_dim': 117, 'edge_hidden_dim': 58, 'depth': 1, 'rep_dropout': 0.00502367117346059, 'train_learning_rate': 0.00306715807798831, 'train_lr_reduce': 0.6}. Best is trial 46 with value: 0.35614898800849915.
[I 2024-12-19 23:39:40,881] Trial 63 finished with value: 1.5015087127685547 and parameters: {'mlp_n_layers': 4, 'mlp_dim_00': 503, 'mlp_dim_01': 171, 'mlp_dim_02': 375, 'mlp_dim_03': 219, 'node_hidden_dim': 59, 'edge_hidden_dim': 35, 'depth': 1, 'rep_dropout': 0.019349791608136328, 'train_learning_rate': 0.0017381835261064842, 'train_lr_reduce': 0.6}. Best is trial 46 with value: 0.35614898800849915.
[I 2024-12-19 23:39:42,847] Trial 64 finished with value: 1.3405230045318604 and parameters: {'mlp_n_layers': 4, 'mlp_dim_00': 450, 'mlp_dim_01': 156, 'mlp_dim_02': 350, 'mlp_dim_03': 248, 'node_hidden_dim': 69, 'edge_hidden_dim': 69, 'depth': 1, 'rep_dropout': 0.03617479346624433, 'train_learning_rate': 0.004408561923464487, 'train_lr_reduce': 0.6}. Best is trial 46 with value: 0.35614898800849915.
[I 2024-12-19 23:39:46,030] Trial 66 finished with value: 1.2642619609832764 and parameters: {'mlp_n_layers': 4, 'mlp_dim_00': 281, 'mlp_dim_01': 212, 'mlp_dim_02': 320, 'mlp_dim_03': 291, 'node_hidden_dim': 93, 'edge_hidden_dim': 82, 'depth': 1, 'rep_dropout': 0.12062278542096291, 'train_learning_rate': 0.0018990611735571355, 'train_lr_reduce': 0.6}. Best is trial 46 with value: 0.35614898800849915.
[I 2024-12-19 23:39:46,058] Trial 67 finished with value: 1.4936174154281616 and parameters: {'mlp_n_layers': 3, 'mlp_dim_00': 512, 'mlp_dim_01': 163, 'mlp_dim_02': 493, 'node_hidden_dim': 61, 'edge_hidden_dim': 65, 'depth': 1, 'rep_dropout': 0.047896122453940315, 'train_learning_rate': 0.001070518918202843, 'train_lr_reduce': 0.6}. Best is trial 46 with value: 0.35614898800849915.
[I 2024-12-19 23:39:49,344] Trial 69 finished with value: 1.493680715560913 and parameters: {'mlp_n_layers': 1, 'mlp_dim_00': 492, 'node_hidden_dim': 116, 'edge_hidden_dim': 99, 'depth': 1, 'rep_dropout': 0.11436570291300441, 'train_learning_rate': 0.00041602164463681683, 'train_lr_reduce': 0.6}. Best is trial 46 with value: 0.35614898800849915.
[I 2024-12-19 23:39:50,030] Trial 68 finished with value: 1.5552366971969604 and parameters: {'mlp_n_layers': 1, 'mlp_dim_00': 140, 'node_hidden_dim': 54, 'edge_hidden_dim': 82, 'depth': 3, 'rep_dropout': 0.04224791280319327, 'train_learning_rate': 0.0002654849732961728, 'train_lr_reduce': 0.6}. Best is trial 46 with value: 0.35614898800849915.
[I 2024-12-19 23:39:51,926] Trial 65 finished with value: 0.38459524512290955 and parameters: {'mlp_n_layers': 4, 'mlp_dim_00': 405, 'mlp_dim_01': 118, 'mlp_dim_02': 345, 'mlp_dim_03': 268, 'node_hidden_dim': 46, 'edge_hidden_dim': 56, 'depth': 1, 'rep_dropout': 0.05829463900845272, 'train_learning_rate': 0.001930268096212599, 'train_lr_reduce': 0.6}. Best is trial 46 with value: 0.35614898800849915.
[I 2024-12-19 23:39:52,495] Trial 70 finished with value: 1.4115980863571167 and parameters: {'mlp_n_layers': 3, 'mlp_dim_00': 348, 'mlp_dim_01': 116, 'mlp_dim_02': 286, 'node_hidden_dim': 77, 'edge_hidden_dim': 76, 'depth': 1, 'rep_dropout': 0.07126865962863939, 'train_learning_rate': 0.0019861205870124314, 'train_lr_reduce': 0.6}. Best is trial 46 with value: 0.35614898800849915.
[I 2024-12-19 23:39:53,349] Trial 71 finished with value: 1.5202986001968384 and parameters: {'mlp_n_layers': 3, 'mlp_dim_00': 80, 'mlp_dim_01': 252, 'mlp_dim_02': 64, 'node_hidden_dim': 88, 'edge_hidden_dim': 59, 'depth': 2, 'rep_dropout': 0.09605673862682419, 'train_learning_rate': 0.00040777351350846145, 'train_lr_reduce': 0.6}. Best is trial 46 with value: 0.35614898800849915.
[I 2024-12-19 23:39:55,524] Trial 73 finished with value: 1.5559395551681519 and parameters: {'mlp_n_layers': 4, 'mlp_dim_00': 439, 'mlp_dim_01': 120, 'mlp_dim_02': 375, 'mlp_dim_03': 255, 'node_hidden_dim': 46, 'edge_hidden_dim': 50, 'depth': 1, 'rep_dropout': 0.05715052018039547, 'train_learning_rate': 0.0012848304786030242, 'train_lr_reduce': 0.6}. Best is trial 46 with value: 0.35614898800849915.
[I 2024-12-19 23:39:55,718] Trial 72 finished with value: 1.386577844619751 and parameters: {'mlp_n_layers': 3, 'mlp_dim_00': 70, 'mlp_dim_01': 74, 'mlp_dim_02': 379, 'node_hidden_dim': 50, 'edge_hidden_dim': 122, 'depth': 4, 'rep_dropout': 0.09417408698026386, 'train_learning_rate': 0.0066028314848453045, 'train_lr_reduce': 0.6}. Best is trial 46 with value: 0.35614898800849915.
[I 2024-12-19 23:39:56,226] Trial 74 finished with value: 1.3587881326675415 and parameters: {'mlp_n_layers': 4, 'mlp_dim_00': 440, 'mlp_dim_01': 127, 'mlp_dim_02': 337, 'mlp_dim_03': 245, 'node_hidden_dim': 32, 'edge_hidden_dim': 67, 'depth': 1, 'rep_dropout': 0.025058395875128377, 'train_learning_rate': 0.004990948991802297, 'train_lr_reduce': 0.6}. Best is trial 46 with value: 0.35614898800849915.
[I 2024-12-19 23:39:59,207] Trial 76 finished with value: 1.5646013021469116 and parameters: {'mlp_n_layers': 4, 'mlp_dim_00': 437, 'mlp_dim_01': 106, 'mlp_dim_02': 174, 'mlp_dim_03': 293, 'node_hidden_dim': 45, 'edge_hidden_dim': 80, 'depth': 2, 'rep_dropout': 0.09436826624603947, 'train_learning_rate': 0.0008959454966729556, 'train_lr_reduce': 0.6}. Best is trial 46 with value: 0.35614898800849915.
[I 2024-12-19 23:40:03,699] Trial 78 finished with value: 1.5692538022994995 and parameters: {'mlp_n_layers': 4, 'mlp_dim_00': 279, 'mlp_dim_01': 168, 'mlp_dim_02': 290, 'mlp_dim_03': 290, 'node_hidden_dim': 35, 'edge_hidden_dim': 51, 'depth': 1, 'rep_dropout': 0.03376911093284295, 'train_learning_rate': 0.0012269794486975678, 'train_lr_reduce': 0.6}. Best is trial 46 with value: 0.35614898800849915.
[I 2024-12-19 23:40:13,990] Trial 79 finished with value: 0.532393217086792 and parameters: {'mlp_n_layers': 4, 'mlp_dim_00': 342, 'mlp_dim_01': 106, 'mlp_dim_02': 227, 'mlp_dim_03': 219, 'node_hidden_dim': 100, 'edge_hidden_dim': 87, 'depth': 1, 'rep_dropout': 0.013200241633075932, 'train_learning_rate': 0.00845387841423487, 'train_lr_reduce': 0.6}. Best is trial 46 with value: 0.35614898800849915.
[I 2024-12-19 23:40:15,507] Trial 75 finished with value: 0.37019649147987366 and parameters: {'mlp_n_layers': 4, 'mlp_dim_00': 503, 'mlp_dim_01': 161, 'mlp_dim_02': 324, 'mlp_dim_03': 170, 'node_hidden_dim': 54, 'edge_hidden_dim': 61, 'depth': 1, 'rep_dropout': 0.015143018145201845, 'train_learning_rate': 0.0026440216336300433, 'train_lr_reduce': 0.6}. Best is trial 46 with value: 0.35614898800849915.
[I 2024-12-19 23:40:20,201] Trial 81 finished with value: 1.2856162786483765 and parameters: {'mlp_n_layers': 1, 'mlp_dim_00': 244, 'node_hidden_dim': 123, 'edge_hidden_dim': 40, 'depth': 3, 'rep_dropout': 0.0593092876660032, 'train_learning_rate': 0.008925069697689678, 'train_lr_reduce': 0.6}. Best is trial 46 with value: 0.35614898800849915.
[I 2024-12-19 23:40:24,268] Trial 82 finished with value: 1.5423215627670288 and parameters: {'mlp_n_layers': 4, 'mlp_dim_00': 320, 'mlp_dim_01': 139, 'mlp_dim_02': 281, 'mlp_dim_03': 146, 'node_hidden_dim': 59, 'edge_hidden_dim': 68, 'depth': 2, 'rep_dropout': 0.06302910437777955, 'train_learning_rate': 0.001514850123660061, 'train_lr_reduce': 0.6}. Best is trial 46 with value: 0.35614898800849915.
[I 2024-12-19 23:40:26,999] Trial 77 finished with value: 0.366972416639328 and parameters: {'mlp_n_layers': 3, 'mlp_dim_00': 373, 'mlp_dim_01': 180, 'mlp_dim_02': 408, 'node_hidden_dim': 72, 'edge_hidden_dim': 37, 'depth': 1, 'rep_dropout': 0.034043339520975255, 'train_learning_rate': 0.002583434742601793, 'train_lr_reduce': 0.6}. Best is trial 46 with value: 0.35614898800849915.
[I 2024-12-19 23:40:27,932] Trial 83 finished with value: 1.5456997156143188 and parameters: {'mlp_n_layers': 3, 'mlp_dim_00': 484, 'mlp_dim_01': 176, 'mlp_dim_02': 340, 'node_hidden_dim': 101, 'edge_hidden_dim': 71, 'depth': 3, 'rep_dropout': 0.07922941764795398, 'train_learning_rate': 0.0010063933518348952, 'train_lr_reduce': 0.6}. Best is trial 46 with value: 0.35614898800849915.
[I 2024-12-19 23:40:27,985] Trial 80 finished with value: 0.38191118836402893 and parameters: {'mlp_n_layers': 3, 'mlp_dim_00': 251, 'mlp_dim_01': 189, 'mlp_dim_02': 308, 'node_hidden_dim': 116, 'edge_hidden_dim': 53, 'depth': 1, 'rep_dropout': 0.11028440876858378, 'train_learning_rate': 0.0006166564433528348, 'train_lr_reduce': 0.6}. Best is trial 46 with value: 0.35614898800849915.
[I 2024-12-19 23:40:30,537] Trial 84 finished with value: 1.5672940015792847 and parameters: {'mlp_n_layers': 4, 'mlp_dim_00': 426, 'mlp_dim_01': 202, 'mlp_dim_02': 476, 'mlp_dim_03': 166, 'node_hidden_dim': 51, 'edge_hidden_dim': 74, 'depth': 1, 'rep_dropout': 0.020516897042173233, 'train_learning_rate': 0.0009474157963829412, 'train_lr_reduce': 0.6}. Best is trial 46 with value: 0.35614898800849915.
[I 2024-12-19 23:40:31,840] Trial 86 finished with value: 1.5848164558410645 and parameters: {'mlp_n_layers': 2, 'mlp_dim_00': 291, 'mlp_dim_01': 207, 'node_hidden_dim': 117, 'edge_hidden_dim': 56, 'depth': 1, 'rep_dropout': 0.12587102245068768, 'train_learning_rate': 0.0001861350678326552, 'train_lr_reduce': 0.6}. Best is trial 46 with value: 0.35614898800849915.
[I 2024-12-19 23:40:35,252] Trial 88 finished with value: 1.496572494506836 and parameters: {'mlp_n_layers': 2, 'mlp_dim_00': 404, 'mlp_dim_01': 187, 'node_hidden_dim': 83, 'edge_hidden_dim': 56, 'depth': 1, 'rep_dropout': 0.043471072692862725, 'train_learning_rate': 0.0029295223099774508, 'train_lr_reduce': 0.6}. Best is trial 46 with value: 0.35614898800849915.
[I 2024-12-19 23:40:37,332] Trial 85 finished with value: 0.3976859450340271 and parameters: {'mlp_n_layers': 2, 'mlp_dim_00': 314, 'mlp_dim_01': 244, 'node_hidden_dim': 91, 'edge_hidden_dim': 52, 'depth': 1, 'rep_dropout': 0.11609358460051751, 'train_learning_rate': 0.0007613717251968997, 'train_lr_reduce': 0.6}. Best is trial 46 with value: 0.35614898800849915.
[I 2024-12-19 23:40:38,293] Trial 89 finished with value: 1.5086184740066528 and parameters: {'mlp_n_layers': 2, 'mlp_dim_00': 305, 'mlp_dim_01': 186, 'node_hidden_dim': 62, 'edge_hidden_dim': 46, 'depth': 1, 'rep_dropout': 0.05335817014283204, 'train_learning_rate': 0.0012565853653036016, 'train_lr_reduce': 0.6}. Best is trial 46 with value: 0.35614898800849915.
[I 2024-12-19 23:40:41,918] Trial 91 finished with value: 1.316760778427124 and parameters: {'mlp_n_layers': 3, 'mlp_dim_00': 370, 'mlp_dim_01': 174, 'mlp_dim_02': 416, 'node_hidden_dim': 62, 'edge_hidden_dim': 40, 'depth': 1, 'rep_dropout': 0.013265666456573844, 'train_learning_rate': 0.003337749807057668, 'train_lr_reduce': 0.6}. Best is trial 46 with value: 0.35614898800849915.
[I 2024-12-19 23:40:43,452] Trial 90 finished with value: 1.2905186414718628 and parameters: {'mlp_n_layers': 4, 'mlp_dim_00': 363, 'mlp_dim_01': 175, 'mlp_dim_02': 260, 'mlp_dim_03': 137, 'node_hidden_dim': 107, 'edge_hidden_dim': 82, 'depth': 1, 'rep_dropout': 0.04209083165077776, 'train_learning_rate': 0.0007619508963988393, 'train_lr_reduce': 0.6}. Best is trial 46 with value: 0.35614898800849915.
[I 2024-12-19 23:40:45,378] Trial 92 finished with value: 1.5619218349456787 and parameters: {'mlp_n_layers': 4, 'mlp_dim_00': 295, 'mlp_dim_01': 261, 'mlp_dim_02': 173, 'mlp_dim_03': 374, 'node_hidden_dim': 96, 'edge_hidden_dim': 107, 'depth': 2, 'rep_dropout': 0.08549562719012992, 'train_learning_rate': 0.00036818334130004504, 'train_lr_reduce': 0.6}. Best is trial 46 with value: 0.35614898800849915.
[I 2024-12-19 23:40:46,723] Trial 87 finished with value: 0.35034599900245667 and parameters: {'mlp_n_layers': 3, 'mlp_dim_00': 250, 'mlp_dim_01': 205, 'mlp_dim_02': 392, 'node_hidden_dim': 115, 'edge_hidden_dim': 51, 'depth': 1, 'rep_dropout': 0.11615492050253551, 'train_learning_rate': 0.0005734805611317029, 'train_lr_reduce': 0.6}. Best is trial 87 with value: 0.35034599900245667.
[I 2024-12-19 23:40:46,826] Trial 93 finished with value: 1.563341498374939 and parameters: {'mlp_n_layers': 4, 'mlp_dim_00': 105, 'mlp_dim_01': 120, 'mlp_dim_02': 334, 'mlp_dim_03': 348, 'node_hidden_dim': 48, 'edge_hidden_dim': 90, 'depth': 4, 'rep_dropout': 0.1287159624345418, 'train_learning_rate': 0.000871353682440176, 'train_lr_reduce': 0.6}. Best is trial 87 with value: 0.35034599900245667.
[I 2024-12-19 23:41:05,852] Trial 96 finished with value: 0.40256625413894653 and parameters: {'mlp_n_layers': 3, 'mlp_dim_00': 233, 'mlp_dim_01': 219, 'mlp_dim_02': 414, 'node_hidden_dim': 127, 'edge_hidden_dim': 46, 'depth': 1, 'rep_dropout': 0.14361723324159262, 'train_learning_rate': 0.0008819689389083674, 'train_lr_reduce': 0.6}. Best is trial 87 with value: 0.35034599900245667.
[I 2024-12-19 23:41:09,009] Trial 95 finished with value: 0.3559529483318329 and parameters: {'mlp_n_layers': 4, 'mlp_dim_00': 245, 'mlp_dim_01': 229, 'mlp_dim_02': 414, 'mlp_dim_03': 454, 'node_hidden_dim': 117, 'edge_hidden_dim': 43, 'depth': 1, 'rep_dropout': 0.0922353373150824, 'train_learning_rate': 0.0009245188251685007, 'train_lr_reduce': 0.6}. Best is trial 87 with value: 0.35034599900245667.
[I 2024-12-19 23:41:09,140] Trial 97 finished with value: 1.4755403995513916 and parameters: {'mlp_n_layers': 2, 'mlp_dim_00': 176, 'mlp_dim_01': 197, 'node_hidden_dim': 109, 'edge_hidden_dim': 57, 'depth': 2, 'rep_dropout': 0.10141184053390406, 'train_learning_rate': 0.001511663200135723, 'train_lr_reduce': 0.6}. Best is trial 87 with value: 0.35034599900245667.
[I 2024-12-19 23:41:14,377] Trial 99 finished with value: 1.5671684741973877 and parameters: {'mlp_n_layers': 2, 'mlp_dim_00': 81, 'mlp_dim_01': 245, 'node_hidden_dim': 38, 'edge_hidden_dim': 34, 'depth': 3, 'rep_dropout': 0.1062317644013299, 'train_learning_rate': 0.0008651460054160331, 'train_lr_reduce': 0.6}. Best is trial 87 with value: 0.35034599900245667.
[I 2024-12-19 23:41:19,344] Trial 94 finished with value: 0.4133244752883911 and parameters: {'mlp_n_layers': 4, 'mlp_dim_00': 314, 'mlp_dim_01': 138, 'mlp_dim_02': 413, 'mlp_dim_03': 195, 'node_hidden_dim': 90, 'edge_hidden_dim': 47, 'depth': 1, 'rep_dropout': 0.04017890874857552, 'train_learning_rate': 0.0036633231090152534, 'train_lr_reduce': 0.6}. Best is trial 87 with value: 0.35034599900245667.
[I 2024-12-19 23:41:21,127] Trial 100 finished with value: 1.5896896123886108 and parameters: {'mlp_n_layers': 3, 'mlp_dim_00': 194, 'mlp_dim_01': 223, 'mlp_dim_02': 448, 'node_hidden_dim': 120, 'edge_hidden_dim': 61, 'depth': 2, 'rep_dropout': 0.08041010587949715, 'train_learning_rate': 0.00012962684282492902, 'train_lr_reduce': 0.6}. Best is trial 87 with value: 0.35034599900245667.
[I 2024-12-19 23:41:22,686] Trial 101 finished with value: 1.416487693786621 and parameters: {'mlp_n_layers': 4, 'mlp_dim_00': 235, 'mlp_dim_01': 174, 'mlp_dim_02': 438, 'mlp_dim_03': 464, 'node_hidden_dim': 114, 'edge_hidden_dim': 58, 'depth': 2, 'rep_dropout': 0.09617425331755726, 'train_learning_rate': 0.0024902753801034714, 'train_lr_reduce': 0.6}. Best is trial 87 with value: 0.35034599900245667.
[I 2024-12-19 23:41:24,056] Trial 102 finished with value: 1.5099177360534668 and parameters: {'mlp_n_layers': 4, 'mlp_dim_00': 179, 'mlp_dim_01': 383, 'mlp_dim_02': 406, 'mlp_dim_03': 486, 'node_hidden_dim': 109, 'edge_hidden_dim': 45, 'depth': 1, 'rep_dropout': 0.08718884556823843, 'train_learning_rate': 0.0012121395807271158, 'train_lr_reduce': 0.6}. Best is trial 87 with value: 0.35034599900245667.
[I 2024-12-19 23:41:24,067] Trial 98 finished with value: 0.3935345709323883 and parameters: {'mlp_n_layers': 3, 'mlp_dim_00': 332, 'mlp_dim_01': 284, 'mlp_dim_02': 432, 'node_hidden_dim': 121, 'edge_hidden_dim': 33, 'depth': 1, 'rep_dropout': 0.08999108310527044, 'train_learning_rate': 0.0006392744886768525, 'train_lr_reduce': 0.6}. Best is trial 87 with value: 0.35034599900245667.
[I 2024-12-19 23:41:26,305] Trial 103 finished with value: 1.5764933824539185 and parameters: {'mlp_n_layers': 4, 'mlp_dim_00': 338, 'mlp_dim_01': 195, 'mlp_dim_02': 240, 'mlp_dim_03': 439, 'node_hidden_dim': 93, 'edge_hidden_dim': 42, 'depth': 1, 'rep_dropout': 0.05476447817007927, 'train_learning_rate': 0.0003757988545586144, 'train_lr_reduce': 0.6}. Best is trial 87 with value: 0.35034599900245667.
[I 2024-12-19 23:41:28,172] Trial 105 finished with value: 1.561761498451233 and parameters: {'mlp_n_layers': 3, 'mlp_dim_00': 263, 'mlp_dim_01': 179, 'mlp_dim_02': 349, 'node_hidden_dim': 105, 'edge_hidden_dim': 67, 'depth': 2, 'rep_dropout': 0.12305051737458403, 'train_learning_rate': 0.0003365900322727587, 'train_lr_reduce': 0.6}. Best is trial 87 with value: 0.35034599900245667.
[I 2024-12-19 23:41:31,781] Trial 107 finished with value: 1.5835316181182861 and parameters: {'mlp_n_layers': 3, 'mlp_dim_00': 150, 'mlp_dim_01': 161, 'mlp_dim_02': 281, 'node_hidden_dim': 112, 'edge_hidden_dim': 43, 'depth': 1, 'rep_dropout': 0.13642302952072402, 'train_learning_rate': 0.00026387785491385833, 'train_lr_reduce': 0.6}. Best is trial 87 with value: 0.35034599900245667.
[I 2024-12-19 23:41:34,789] Trial 104 finished with value: 0.38225454092025757 and parameters: {'mlp_n_layers': 3, 'mlp_dim_00': 280, 'mlp_dim_01': 191, 'mlp_dim_02': 240, 'node_hidden_dim': 105, 'edge_hidden_dim': 58, 'depth': 1, 'rep_dropout': 0.07431000038224961, 'train_learning_rate': 0.0011561813203650449, 'train_lr_reduce': 0.6}. Best is trial 87 with value: 0.35034599900245667.
[I 2024-12-19 23:41:35,145] Trial 106 finished with value: 0.4702322781085968 and parameters: {'mlp_n_layers': 4, 'mlp_dim_00': 286, 'mlp_dim_01': 244, 'mlp_dim_02': 194, 'mlp_dim_03': 428, 'node_hidden_dim': 109, 'edge_hidden_dim': 46, 'depth': 1, 'rep_dropout': 0.12275795527819791, 'train_learning_rate': 0.002221825525273816, 'train_lr_reduce': 0.6}. Best is trial 87 with value: 0.35034599900245667.
[I 2024-12-19 23:41:35,552] Trial 108 finished with value: 1.5850846767425537 and parameters: {'mlp_n_layers': 4, 'mlp_dim_00': 218, 'mlp_dim_01': 164, 'mlp_dim_02': 400, 'mlp_dim_03': 374, 'node_hidden_dim': 102, 'edge_hidden_dim': 38, 'depth': 1, 'rep_dropout': 0.09567650888392341, 'train_learning_rate': 0.00022839486962437024, 'train_lr_reduce': 0.6}. Best is trial 87 with value: 0.35034599900245667.
[I 2024-12-19 23:41:37,673] Trial 109 finished with value: 1.48191499710083 and parameters: {'mlp_n_layers': 3, 'mlp_dim_00': 397, 'mlp_dim_01': 228, 'mlp_dim_02': 226, 'node_hidden_dim': 80, 'edge_hidden_dim': 51, 'depth': 2, 'rep_dropout': 0.055539658855650306, 'train_learning_rate': 0.0019863258039130274, 'train_lr_reduce': 0.6}. Best is trial 87 with value: 0.35034599900245667.
[I 2024-12-19 23:41:38,122] Trial 110 finished with value: 1.5686746835708618 and parameters: {'mlp_n_layers': 3, 'mlp_dim_00': 285, 'mlp_dim_01': 148, 'mlp_dim_02': 301, 'node_hidden_dim': 113, 'edge_hidden_dim': 69, 'depth': 1, 'rep_dropout': 0.12355706530515714, 'train_learning_rate': 0.0007045244922423019, 'train_lr_reduce': 0.6}. Best is trial 87 with value: 0.35034599900245667.
[I 2024-12-19 23:41:40,774] Trial 112 finished with value: 1.5663210153579712 and parameters: {'mlp_n_layers': 4, 'mlp_dim_00': 156, 'mlp_dim_01': 207, 'mlp_dim_02': 237, 'mlp_dim_03': 386, 'node_hidden_dim': 126, 'edge_hidden_dim': 43, 'depth': 1, 'rep_dropout': 0.08697072406069388, 'train_learning_rate': 0.0005802034264103267, 'train_lr_reduce': 0.6}. Best is trial 87 with value: 0.35034599900245667.
