[I 2024-12-15 21:59:24,721] Trial 59 finished with value: 0.0986979603767395 and parameters: {'mlp_n_layers': 2, 'mlp_dim_00': 240, 'mlp_dim_01': 32, 'hidden_channels': 64, 'num_layers': 2, 'num_timesteps': 3, 'dropout': 0.247820361295932, 'train_learning_rate': 0.00418150075552411, 'train_lr_reduce': 0.6}. Best is trial 56 with value: 0.09111598879098892.
[I 2024-12-15 21:59:26,313] Trial 58 finished with value: 0.09601046144962311 and parameters: {'mlp_n_layers': 2, 'mlp_dim_00': 176, 'mlp_dim_01': 64, 'hidden_channels': 32, 'num_layers': 3, 'num_timesteps': 2, 'dropout': 0.10876901895366606, 'train_learning_rate': 0.0018022621217063488, 'train_lr_reduce': 0.6}. Best is trial 56 with value: 0.09111598879098892.
[I 2024-12-15 21:59:34,288] Trial 60 finished with value: 0.13009563088417053 and parameters: {'mlp_n_layers': 4, 'mlp_dim_00': 256, 'mlp_dim_01': 256, 'mlp_dim_02': 128, 'mlp_dim_03': 240, 'hidden_channels': 96, 'num_layers': 1, 'num_timesteps': 2, 'dropout': 0.24791302659417683, 'train_learning_rate': 0.005888009409579278, 'train_lr_reduce': 0.6}. Best is trial 56 with value: 0.09111598879098892.
[I 2024-12-15 21:59:40,718] Trial 62 finished with value: 0.11920502781867981 and parameters: {'mlp_n_layers': 2, 'mlp_dim_00': 144, 'mlp_dim_01': 48, 'hidden_channels': 64, 'num_layers': 3, 'num_timesteps': 1, 'dropout': 0.08701032537636166, 'train_learning_rate': 0.001853500111586666, 'train_lr_reduce': 0.6}. Best is trial 56 with value: 0.09111598879098892.
[I 2024-12-15 21:59:45,289] Trial 61 finished with value: 0.10604294389486313 and parameters: {'mlp_n_layers': 2, 'mlp_dim_00': 192, 'mlp_dim_01': 48, 'hidden_channels': 112, 'num_layers': 3, 'num_timesteps': 2, 'dropout': 0.26589490631859436, 'train_learning_rate': 0.002347463623760272, 'train_lr_reduce': 0.6}. Best is trial 56 with value: 0.09111598879098892.
[I 2024-12-15 21:59:45,407] Trial 63 finished with value: 0.13219669461250305 and parameters: {'mlp_n_layers': 2, 'mlp_dim_00': 256, 'mlp_dim_01': 80, 'hidden_channels': 64, 'num_layers': 3, 'num_timesteps': 4, 'dropout': 0.22772352339417334, 'train_learning_rate': 0.007810826543332464, 'train_lr_reduce': 0.6}. Best is trial 56 with value: 0.09111598879098892.
[I 2024-12-15 21:59:50,751] Trial 64 finished with value: 0.09191881865262985 and parameters: {'mlp_n_layers': 2, 'mlp_dim_00': 224, 'mlp_dim_01': 64, 'hidden_channels': 32, 'num_layers': 1, 'num_timesteps': 4, 'dropout': 0.2687548072850856, 'train_learning_rate': 0.0036351531702633224, 'train_lr_reduce': 0.6}. Best is trial 56 with value: 0.09111598879098892.
[I 2024-12-15 21:59:59,797] Trial 65 finished with value: 0.12164008617401123 and parameters: {'mlp_n_layers': 3, 'mlp_dim_00': 208, 'mlp_dim_01': 192, 'mlp_dim_02': 96, 'hidden_channels': 32, 'num_layers': 1, 'num_timesteps': 1, 'dropout': 0.22891924234384772, 'train_learning_rate': 0.007487699826954974, 'train_lr_reduce': 0.6}. Best is trial 56 with value: 0.09111598879098892.
[I 2024-12-15 22:00:03,525] Trial 67 finished with value: 0.10744670778512955 and parameters: {'mlp_n_layers': 2, 'mlp_dim_00': 176, 'mlp_dim_01': 48, 'hidden_channels': 32, 'num_layers': 1, 'num_timesteps': 4, 'dropout': 0.25628185929366853, 'train_learning_rate': 0.003463502466562201, 'train_lr_reduce': 0.6}. Best is trial 56 with value: 0.09111598879098892.
[I 2024-12-15 22:00:04,736] Trial 66 finished with value: 0.13226425647735596 and parameters: {'mlp_n_layers': 2, 'mlp_dim_00': 128, 'mlp_dim_01': 64, 'hidden_channels': 64, 'num_layers': 3, 'num_timesteps': 4, 'dropout': 0.13416807842346457, 'train_learning_rate': 0.0013612376980297767, 'train_lr_reduce': 0.6}. Best is trial 56 with value: 0.09111598879098892.
[I 2024-12-15 22:00:17,209] Trial 68 finished with value: 0.11114495247602463 and parameters: {'mlp_n_layers': 2, 'mlp_dim_00': 256, 'mlp_dim_01': 64, 'hidden_channels': 80, 'num_layers': 1, 'num_timesteps': 4, 'dropout': 0.26501168239059764, 'train_learning_rate': 0.000797700978346947, 'train_lr_reduce': 0.6}. Best is trial 56 with value: 0.09111598879098892.
[I 2024-12-15 22:00:18,849] Trial 70 finished with value: 0.11020533740520477 and parameters: {'mlp_n_layers': 3, 'mlp_dim_00': 224, 'mlp_dim_01': 80, 'mlp_dim_02': 160, 'hidden_channels': 64, 'num_layers': 3, 'num_timesteps': 2, 'dropout': 0.10570377912374535, 'train_learning_rate': 0.002208863640358266, 'train_lr_reduce': 0.6}. Best is trial 56 with value: 0.09111598879098892.
[I 2024-12-15 22:00:27,777] Trial 69 finished with value: 0.13682840764522552 and parameters: {'mlp_n_layers': 2, 'mlp_dim_00': 160, 'mlp_dim_01': 80, 'hidden_channels': 32, 'num_layers': 3, 'num_timesteps': 2, 'dropout': 0.00698144440656695, 'train_learning_rate': 0.0004114464594170397, 'train_lr_reduce': 0.6}. Best is trial 56 with value: 0.09111598879098892.
[I 2024-12-15 22:00:34,760] Trial 72 finished with value: 0.10364612936973572 and parameters: {'mlp_n_layers': 2, 'mlp_dim_00': 208, 'mlp_dim_01': 48, 'hidden_channels': 32, 'num_layers': 3, 'num_timesteps': 3, 'dropout': 0.14744539666835982, 'train_learning_rate': 0.002195165209199621, 'train_lr_reduce': 0.6}. Best is trial 56 with value: 0.09111598879098892.
[I 2024-12-15 22:00:38,052] Trial 71 finished with value: 0.16238804161548615 and parameters: {'mlp_n_layers': 3, 'mlp_dim_00': 256, 'mlp_dim_01': 144, 'mlp_dim_02': 144, 'hidden_channels': 80, 'num_layers': 1, 'num_timesteps': 2, 'dropout': 0.2805589121983328, 'train_learning_rate': 0.007588909138355049, 'train_lr_reduce': 0.6}. Best is trial 56 with value: 0.09111598879098892.
[I 2024-12-15 22:00:40,861] Trial 73 finished with value: 0.10980266332626343 and parameters: {'mlp_n_layers': 3, 'mlp_dim_00': 256, 'mlp_dim_01': 32, 'mlp_dim_02': 160, 'hidden_channels': 32, 'num_layers': 1, 'num_timesteps': 3, 'dropout': 0.21832129198233982, 'train_learning_rate': 0.005137153763732651, 'train_lr_reduce': 0.6}. Best is trial 56 with value: 0.09111598879098892.
[I 2024-12-15 22:00:47,853] Trial 74 finished with value: 0.10138928890228271 and parameters: {'mlp_n_layers': 2, 'mlp_dim_00': 96, 'mlp_dim_01': 160, 'hidden_channels': 64, 'num_layers': 1, 'num_timesteps': 4, 'dropout': 0.12496180906729398, 'train_learning_rate': 0.007103372936039228, 'train_lr_reduce': 0.6}. Best is trial 56 with value: 0.09111598879098892.
[I 2024-12-15 22:00:47,954] Trial 76 finished with value: 0.1083887591958046 and parameters: {'mlp_n_layers': 2, 'mlp_dim_00': 224, 'mlp_dim_01': 128, 'hidden_channels': 32, 'num_layers': 1, 'num_timesteps': 1, 'dropout': 0.17154624406628632, 'train_learning_rate': 0.0034585783674626397, 'train_lr_reduce': 0.6}. Best is trial 56 with value: 0.09111598879098892.
[I 2024-12-15 22:00:52,365] Trial 75 finished with value: 0.11429658532142639 and parameters: {'mlp_n_layers': 2, 'mlp_dim_00': 256, 'mlp_dim_01': 80, 'hidden_channels': 80, 'num_layers': 1, 'num_timesteps': 4, 'dropout': 0.2704985374108166, 'train_learning_rate': 0.005934845281050177, 'train_lr_reduce': 0.6}. Best is trial 56 with value: 0.09111598879098892.
[I 2024-12-15 22:00:58,339] Trial 77 finished with value: 0.11994597315788269 and parameters: {'mlp_n_layers': 2, 'mlp_dim_00': 112, 'mlp_dim_01': 128, 'hidden_channels': 112, 'num_layers': 1, 'num_timesteps': 4, 'dropout': 0.10150253451581918, 'train_learning_rate': 0.0030871107307227285, 'train_lr_reduce': 0.6}. Best is trial 56 with value: 0.09111598879098892.
[I 2024-12-15 22:01:02,058] Trial 78 finished with value: 0.08939243108034134 and parameters: {'mlp_n_layers': 2, 'mlp_dim_00': 80, 'mlp_dim_01': 256, 'hidden_channels': 32, 'num_layers': 2, 'num_timesteps': 4, 'dropout': 0.1329182062799465, 'train_learning_rate': 0.005999591714442332, 'train_lr_reduce': 0.6}. Best is trial 78 with value: 0.08939243108034134.
[I 2024-12-15 22:01:02,742] Trial 79 finished with value: 0.10109321027994156 and parameters: {'mlp_n_layers': 2, 'mlp_dim_00': 80, 'mlp_dim_01': 192, 'hidden_channels': 80, 'num_layers': 1, 'num_timesteps': 3, 'dropout': 0.12930570611212724, 'train_learning_rate': 0.008755610952484673, 'train_lr_reduce': 0.6}. Best is trial 78 with value: 0.08939243108034134.
[I 2024-12-15 22:01:11,120] Trial 80 finished with value: 0.12564265727996826 and parameters: {'mlp_n_layers': 3, 'mlp_dim_00': 176, 'mlp_dim_01': 192, 'mlp_dim_02': 96, 'hidden_channels': 32, 'num_layers': 1, 'num_timesteps': 2, 'dropout': 0.290619988776857, 'train_learning_rate': 0.006723909809592945, 'train_lr_reduce': 0.6}. Best is trial 78 with value: 0.08939243108034134.
[I 2024-12-15 22:01:15,693] Trial 82 finished with value: 0.11768839508295059 and parameters: {'mlp_n_layers': 2, 'mlp_dim_00': 224, 'mlp_dim_01': 64, 'hidden_channels': 80, 'num_layers': 2, 'num_timesteps': 3, 'dropout': 0.28259604150797385, 'train_learning_rate': 0.002514516060001965, 'train_lr_reduce': 0.6}. Best is trial 78 with value: 0.08939243108034134.
[I 2024-12-15 22:01:17,308] Trial 81 finished with value: 0.08691484481096268 and parameters: {'mlp_n_layers': 2, 'mlp_dim_00': 32, 'mlp_dim_01': 208, 'hidden_channels': 32, 'num_layers': 3, 'num_timesteps': 4, 'dropout': 0.09286691317292473, 'train_learning_rate': 0.006680414962104059, 'train_lr_reduce': 0.6}. Best is trial 81 with value: 0.08691484481096268.
[I 2024-12-15 22:01:24,467] Trial 83 finished with value: 0.12150654196739197 and parameters: {'mlp_n_layers': 2, 'mlp_dim_00': 112, 'mlp_dim_01': 208, 'hidden_channels': 144, 'num_layers': 1, 'num_timesteps': 2, 'dropout': 0.09250862975422398, 'train_learning_rate': 0.0038883813882355503, 'train_lr_reduce': 0.6}. Best is trial 81 with value: 0.08691484481096268.
[I 2024-12-15 22:01:32,553] Trial 84 finished with value: 0.09632742404937744 and parameters: {'mlp_n_layers': 2, 'mlp_dim_00': 64, 'mlp_dim_01': 256, 'hidden_channels': 32, 'num_layers': 2, 'num_timesteps': 4, 'dropout': 0.07649307459995872, 'train_learning_rate': 0.008163810126762882, 'train_lr_reduce': 0.6}. Best is trial 81 with value: 0.08691484481096268.
[I 2024-12-15 22:01:33,380] Trial 85 finished with value: 0.12057732790708542 and parameters: {'mlp_n_layers': 2, 'mlp_dim_00': 32, 'mlp_dim_01': 176, 'hidden_channels': 48, 'num_layers': 3, 'num_timesteps': 4, 'dropout': 0.06239117864753051, 'train_learning_rate': 0.0037768244194313553, 'train_lr_reduce': 0.6}. Best is trial 81 with value: 0.08691484481096268.
[I 2024-12-15 22:01:36,130] Trial 86 finished with value: 0.1349007487297058 and parameters: {'mlp_n_layers': 3, 'mlp_dim_00': 96, 'mlp_dim_01': 256, 'mlp_dim_02': 176, 'hidden_channels': 48, 'num_layers': 2, 'num_timesteps': 4, 'dropout': 0.15113382269513884, 'train_learning_rate': 0.0035953391204835037, 'train_lr_reduce': 0.6}. Best is trial 81 with value: 0.08691484481096268.
[I 2024-12-15 22:01:45,950] Trial 87 finished with value: 0.09990061819553375 and parameters: {'mlp_n_layers': 2, 'mlp_dim_00': 48, 'mlp_dim_01': 240, 'hidden_channels': 32, 'num_layers': 3, 'num_timesteps': 4, 'dropout': 0.1492856508932039, 'train_learning_rate': 0.00792007149428045, 'train_lr_reduce': 0.6}. Best is trial 81 with value: 0.08691484481096268.
[I 2024-12-15 22:01:46,427] Trial 88 finished with value: 0.09425735473632812 and parameters: {'mlp_n_layers': 2, 'mlp_dim_00': 160, 'mlp_dim_01': 208, 'hidden_channels': 32, 'num_layers': 2, 'num_timesteps': 4, 'dropout': 0.12939404372958405, 'train_learning_rate': 0.0023288120820662197, 'train_lr_reduce': 0.6}. Best is trial 81 with value: 0.08691484481096268.
[I 2024-12-15 22:01:54,190] Trial 89 finished with value: 0.10343741625547409 and parameters: {'mlp_n_layers': 2, 'mlp_dim_00': 80, 'mlp_dim_01': 240, 'hidden_channels': 32, 'num_layers': 3, 'num_timesteps': 3, 'dropout': 0.06125430023029109, 'train_learning_rate': 0.009410624619501474, 'train_lr_reduce': 0.6}. Best is trial 81 with value: 0.08691484481096268.
[I 2024-12-15 22:01:57,787] Trial 90 finished with value: 0.1217961236834526 and parameters: {'mlp_n_layers': 2, 'mlp_dim_00': 64, 'mlp_dim_01': 240, 'hidden_channels': 80, 'num_layers': 2, 'num_timesteps': 4, 'dropout': 0.11248446379317424, 'train_learning_rate': 0.0033885383961391406, 'train_lr_reduce': 0.6}. Best is trial 81 with value: 0.08691484481096268.
[I 2024-12-15 22:02:03,593] Trial 91 finished with value: 0.1108088344335556 and parameters: {'mlp_n_layers': 2, 'mlp_dim_00': 112, 'mlp_dim_01': 256, 'hidden_channels': 48, 'num_layers': 2, 'num_timesteps': 3, 'dropout': 0.0857919744950848, 'train_learning_rate': 0.0006475692826323553, 'train_lr_reduce': 0.6}. Best is trial 81 with value: 0.08691484481096268.
[I 2024-12-15 22:02:06,541] Trial 92 finished with value: 0.12849561870098114 and parameters: {'mlp_n_layers': 2, 'mlp_dim_00': 176, 'mlp_dim_01': 240, 'hidden_channels': 32, 'num_layers': 2, 'num_timesteps': 3, 'dropout': 0.12969209411673877, 'train_learning_rate': 0.003585834206847339, 'train_lr_reduce': 0.6}. Best is trial 81 with value: 0.08691484481096268.
[I 2024-12-15 22:02:12,893] Trial 93 finished with value: 0.11525841802358627 and parameters: {'mlp_n_layers': 3, 'mlp_dim_00': 144, 'mlp_dim_01': 192, 'mlp_dim_02': 128, 'hidden_channels': 48, 'num_layers': 1, 'num_timesteps': 4, 'dropout': 0.07738618370780825, 'train_learning_rate': 0.0010891749251667898, 'train_lr_reduce': 0.6}. Best is trial 81 with value: 0.08691484481096268.
[I 2024-12-15 22:02:19,841] Trial 95 finished with value: 0.10964685678482056 and parameters: {'mlp_n_layers': 2, 'mlp_dim_00': 112, 'mlp_dim_01': 240, 'hidden_channels': 32, 'num_layers': 1, 'num_timesteps': 4, 'dropout': 0.16163478527230493, 'train_learning_rate': 0.002100951436991697, 'train_lr_reduce': 0.6}. Best is trial 81 with value: 0.08691484481096268.
[I 2024-12-15 22:02:23,186] Trial 94 finished with value: 0.1251237839460373 and parameters: {'mlp_n_layers': 2, 'mlp_dim_00': 144, 'mlp_dim_01': 144, 'hidden_channels': 64, 'num_layers': 2, 'num_timesteps': 4, 'dropout': 0.16739774631149598, 'train_learning_rate': 0.0015399623033939367, 'train_lr_reduce': 0.6}. Best is trial 81 with value: 0.08691484481096268.
[I 2024-12-15 22:02:26,009] Trial 96 finished with value: 0.11495821177959442 and parameters: {'mlp_n_layers': 2, 'mlp_dim_00': 144, 'mlp_dim_01': 96, 'hidden_channels': 64, 'num_layers': 3, 'num_timesteps': 2, 'dropout': 0.11343207504296911, 'train_learning_rate': 0.00242283990800383, 'train_lr_reduce': 0.6}. Best is trial 81 with value: 0.08691484481096268.
[I 2024-12-15 22:02:34,269] Trial 97 finished with value: 0.13285332918167114 and parameters: {'mlp_n_layers': 2, 'mlp_dim_00': 32, 'mlp_dim_01': 224, 'hidden_channels': 32, 'num_layers': 2, 'num_timesteps': 4, 'dropout': 0.04835206266630146, 'train_learning_rate': 0.004227620737054435, 'train_lr_reduce': 0.6}. Best is trial 81 with value: 0.08691484481096268.
[I 2024-12-15 22:02:37,898] Trial 98 finished with value: 0.11191274970769882 and parameters: {'mlp_n_layers': 2, 'mlp_dim_00': 160, 'mlp_dim_01': 224, 'hidden_channels': 32, 'num_layers': 3, 'num_timesteps': 4, 'dropout': 0.12178967013492055, 'train_learning_rate': 0.002793887505368996, 'train_lr_reduce': 0.6}. Best is trial 81 with value: 0.08691484481096268.
[I 2024-12-15 22:02:40,340] Trial 99 finished with value: 0.10766816139221191 and parameters: {'mlp_n_layers': 3, 'mlp_dim_00': 192, 'mlp_dim_01': 240, 'mlp_dim_02': 192, 'hidden_channels': 80, 'num_layers': 1, 'num_timesteps': 3, 'dropout': 0.2418283527466113, 'train_learning_rate': 0.007544764446477303, 'train_lr_reduce': 0.6}. Best is trial 81 with value: 0.08691484481096268.
[I 2024-12-15 22:02:46,038] Trial 100 finished with value: 0.14038825035095215 and parameters: {'mlp_n_layers': 3, 'mlp_dim_00': 80, 'mlp_dim_01': 224, 'mlp_dim_02': 96, 'hidden_channels': 32, 'num_layers': 2, 'num_timesteps': 4, 'dropout': 0.07601738607705012, 'train_learning_rate': 0.007245157018625641, 'train_lr_reduce': 0.6}. Best is trial 81 with value: 0.08691484481096268.
[I 2024-12-15 22:02:52,710] Trial 101 finished with value: 0.10731812566518784 and parameters: {'mlp_n_layers': 3, 'mlp_dim_00': 256, 'mlp_dim_01': 224, 'mlp_dim_02': 144, 'hidden_channels': 48, 'num_layers': 1, 'num_timesteps': 2, 'dropout': 0.29741987500739964, 'train_learning_rate': 0.0063205569983924475, 'train_lr_reduce': 0.6}. Best is trial 81 with value: 0.08691484481096268.
[I 2024-12-15 22:03:04,595] Trial 103 finished with value: 0.15700753033161163 and parameters: {'mlp_n_layers': 3, 'mlp_dim_00': 32, 'mlp_dim_01': 176, 'mlp_dim_02': 80, 'hidden_channels': 80, 'num_layers': 3, 'num_timesteps': 3, 'dropout': 0.21460720476520423, 'train_learning_rate': 0.0071147982735311945, 'train_lr_reduce': 0.6}. Best is trial 81 with value: 0.08691484481096268.
[I 2024-12-15 22:03:05,817] Trial 102 finished with value: 0.12744683027267456 and parameters: {'mlp_n_layers': 2, 'mlp_dim_00': 224, 'mlp_dim_01': 32, 'hidden_channels': 32, 'num_layers': 3, 'num_timesteps': 1, 'dropout': 0.08082486321140478, 'train_learning_rate': 0.0012318379133165404, 'train_lr_reduce': 0.6}. Best is trial 81 with value: 0.08691484481096268.
[I 2024-12-15 22:03:07,280] Trial 104 finished with value: 0.11546444892883301 and parameters: {'mlp_n_layers': 2, 'mlp_dim_00': 32, 'mlp_dim_01': 256, 'hidden_channels': 64, 'num_layers': 3, 'num_timesteps': 4, 'dropout': 0.16821310756937438, 'train_learning_rate': 0.0031633702879871268, 'train_lr_reduce': 0.6}. Best is trial 81 with value: 0.08691484481096268.
[I 2024-12-15 22:03:18,817] Trial 106 finished with value: 0.10756751149892807 and parameters: {'mlp_n_layers': 2, 'mlp_dim_00': 96, 'mlp_dim_01': 240, 'hidden_channels': 32, 'num_layers': 2, 'num_timesteps': 4, 'dropout': 0.12313020825953122, 'train_learning_rate': 0.006692477999151227, 'train_lr_reduce': 0.6}. Best is trial 81 with value: 0.08691484481096268.
[I 2024-12-15 22:03:21,070] Trial 107 finished with value: 0.16393139958381653 and parameters: {'mlp_n_layers': 2, 'mlp_dim_00': 32, 'mlp_dim_01': 224, 'hidden_channels': 80, 'num_layers': 3, 'num_timesteps': 4, 'dropout': 0.1984343433917731, 'train_learning_rate': 0.009538826725789104, 'train_lr_reduce': 0.6}. Best is trial 81 with value: 0.08691484481096268.
[I 2024-12-15 22:03:23,866] Trial 105 finished with value: 0.12127351015806198 and parameters: {'mlp_n_layers': 2, 'mlp_dim_00': 48, 'mlp_dim_01': 192, 'hidden_channels': 64, 'num_layers': 4, 'num_timesteps': 4, 'dropout': 0.12010840171297489, 'train_learning_rate': 0.0042681682606720865, 'train_lr_reduce': 0.6}. Best is trial 81 with value: 0.08691484481096268.
[I 2024-12-15 22:03:31,964] Trial 108 finished with value: 0.11743473261594772 and parameters: {'mlp_n_layers': 2, 'mlp_dim_00': 160, 'mlp_dim_01': 32, 'hidden_channels': 48, 'num_layers': 2, 'num_timesteps': 3, 'dropout': 0.02866782818648883, 'train_learning_rate': 0.00309640111556683, 'train_lr_reduce': 0.6}. Best is trial 81 with value: 0.08691484481096268.
[I 2024-12-15 22:03:35,596] Trial 110 finished with value: 0.12694042921066284 and parameters: {'mlp_n_layers': 2, 'mlp_dim_00': 224, 'mlp_dim_01': 112, 'hidden_channels': 32, 'num_layers': 1, 'num_timesteps': 4, 'dropout': 0.24558513109674168, 'train_learning_rate': 0.00245916838273665, 'train_lr_reduce': 0.6}. Best is trial 81 with value: 0.08691484481096268.
[I 2024-12-15 22:03:40,707] Trial 109 finished with value: 0.10546064376831055 and parameters: {'mlp_n_layers': 2, 'mlp_dim_00': 32, 'mlp_dim_01': 224, 'hidden_channels': 48, 'num_layers': 4, 'num_timesteps': 4, 'dropout': 0.09465362656752009, 'train_learning_rate': 0.009756121899648322, 'train_lr_reduce': 0.6}. Best is trial 81 with value: 0.08691484481096268.
[I 2024-12-15 22:03:41,596] Trial 111 finished with value: 0.0992889553308487 and parameters: {'mlp_n_layers': 4, 'mlp_dim_00': 240, 'mlp_dim_01': 160, 'mlp_dim_02': 192, 'mlp_dim_03': 176, 'hidden_channels': 48, 'num_layers': 1, 'num_timesteps': 2, 'dropout': 0.20763679172909855, 'train_learning_rate': 0.0034893428998817415, 'train_lr_reduce': 0.6}. Best is trial 81 with value: 0.08691484481096268.
[I 2024-12-15 22:03:47,356] Trial 112 finished with value: 0.12631095945835114 and parameters: {'mlp_n_layers': 2, 'mlp_dim_00': 160, 'mlp_dim_01': 192, 'hidden_channels': 64, 'num_layers': 2, 'num_timesteps': 4, 'dropout': 0.11450676278607255, 'train_learning_rate': 0.006386527897175897, 'train_lr_reduce': 0.6}. Best is trial 81 with value: 0.08691484481096268.
[I 2024-12-15 22:03:54,595] Trial 114 finished with value: 0.12538361549377441 and parameters: {'mlp_n_layers': 4, 'mlp_dim_00': 192, 'mlp_dim_01': 160, 'mlp_dim_02': 208, 'mlp_dim_03': 176, 'hidden_channels': 96, 'num_layers': 1, 'num_timesteps': 2, 'dropout': 0.22819108238971816, 'train_learning_rate': 0.002164402077087802, 'train_lr_reduce': 0.6}. Best is trial 81 with value: 0.08691484481096268.
[I 2024-12-15 22:04:06,774] Trial 113 finished with value: 0.17787444591522217 and parameters: {'mlp_n_layers': 3, 'mlp_dim_00': 64, 'mlp_dim_01': 96, 'mlp_dim_02': 128, 'hidden_channels': 224, 'num_layers': 2, 'num_timesteps': 2, 'dropout': 0.20384565539867933, 'train_learning_rate': 0.0001575966452984632, 'train_lr_reduce': 0.6}. Best is trial 81 with value: 0.08691484481096268.
[I 2024-12-15 22:04:08,717] Trial 115 finished with value: 0.13775767385959625 and parameters: {'mlp_n_layers': 2, 'mlp_dim_00': 224, 'mlp_dim_01': 224, 'hidden_channels': 48, 'num_layers': 2, 'num_timesteps': 4, 'dropout': 0.09633322123863743, 'train_learning_rate': 0.0006899564549824193, 'train_lr_reduce': 0.6}. Best is trial 81 with value: 0.08691484481096268.
[I 2024-12-15 22:04:10,891] Trial 116 finished with value: 0.13056471943855286 and parameters: {'mlp_n_layers': 4, 'mlp_dim_00': 240, 'mlp_dim_01': 144, 'mlp_dim_02': 192, 'mlp_dim_03': 256, 'hidden_channels': 48, 'num_layers': 1, 'num_timesteps': 1, 'dropout': 0.22898540220568708, 'train_learning_rate': 0.0036600976424357337, 'train_lr_reduce': 0.6}. Best is trial 81 with value: 0.08691484481096268.
