[I 2024-12-19 08:23:19,978] Trial 1391 finished with value: 1.5481497049331665 and parameters: {'mlp_n_layers': 4, 'mlp_dim_00': 220, 'mlp_dim_01': 302, 'mlp_dim_02': 202, 'mlp_dim_03': 141, 'node_hidden_dim': 103, 'edge_hidden_dim': 58, 'depth': 2, 'rep_dropout': 0.053804372289926045, 'train_learning_rate': 0.0011999360617557153, 'train_lr_reduce': 0.6}. Best is trial 1170 with value: 0.3284205496311188.
[I 2024-12-19 08:23:20,137] Trial 1392 finished with value: 1.3649582862854004 and parameters: {'mlp_n_layers': 4, 'mlp_dim_00': 216, 'mlp_dim_01': 272, 'mlp_dim_02': 236, 'mlp_dim_03': 140, 'node_hidden_dim': 114, 'edge_hidden_dim': 72, 'depth': 3, 'rep_dropout': 0.016065902072356454, 'train_learning_rate': 0.0053149442915204495, 'train_lr_reduce': 0.6}. Best is trial 1170 with value: 0.3284205496311188.
[I 2024-12-19 08:23:21,200] Trial 1388 finished with value: 1.417919397354126 and parameters: {'mlp_n_layers': 3, 'mlp_dim_00': 209, 'mlp_dim_01': 294, 'mlp_dim_02': 178, 'node_hidden_dim': 117, 'edge_hidden_dim': 32, 'depth': 3, 'rep_dropout': 0.046228993093133726, 'train_learning_rate': 0.0015458316467404335, 'train_lr_reduce': 0.6}. Best is trial 1170 with value: 0.3284205496311188.
[I 2024-12-19 08:23:24,714] Trial 1394 finished with value: 1.3635817766189575 and parameters: {'mlp_n_layers': 4, 'mlp_dim_00': 259, 'mlp_dim_01': 325, 'mlp_dim_02': 238, 'mlp_dim_03': 152, 'node_hidden_dim': 126, 'edge_hidden_dim': 71, 'depth': 2, 'rep_dropout': 0.04105903890369239, 'train_learning_rate': 0.003974547077363008, 'train_lr_reduce': 0.6}. Best is trial 1170 with value: 0.3284205496311188.
[I 2024-12-19 08:23:24,882] Trial 1393 finished with value: 1.4210582971572876 and parameters: {'mlp_n_layers': 4, 'mlp_dim_00': 169, 'mlp_dim_01': 378, 'mlp_dim_02': 215, 'mlp_dim_03': 115, 'node_hidden_dim': 116, 'edge_hidden_dim': 45, 'depth': 2, 'rep_dropout': 0.05525642289685546, 'train_learning_rate': 0.009575767882056494, 'train_lr_reduce': 0.6}. Best is trial 1170 with value: 0.3284205496311188.
[I 2024-12-19 08:23:30,148] Trial 1397 finished with value: 1.3077685832977295 and parameters: {'mlp_n_layers': 3, 'mlp_dim_00': 398, 'mlp_dim_01': 495, 'mlp_dim_02': 202, 'node_hidden_dim': 101, 'edge_hidden_dim': 99, 'depth': 2, 'rep_dropout': 0.047775542357053134, 'train_learning_rate': 0.009561971863274631, 'train_lr_reduce': 0.6}. Best is trial 1170 with value: 0.3284205496311188.
[I 2024-12-19 08:23:30,429] Trial 1395 finished with value: 1.3173737525939941 and parameters: {'mlp_n_layers': 4, 'mlp_dim_00': 187, 'mlp_dim_01': 425, 'mlp_dim_02': 253, 'mlp_dim_03': 112, 'node_hidden_dim': 115, 'edge_hidden_dim': 35, 'depth': 2, 'rep_dropout': 0.04310680592410691, 'train_learning_rate': 0.0023762241242983465, 'train_lr_reduce': 0.6}. Best is trial 1170 with value: 0.3284205496311188.
[I 2024-12-19 08:23:34,203] Trial 1398 finished with value: 1.3408552408218384 and parameters: {'mlp_n_layers': 3, 'mlp_dim_00': 198, 'mlp_dim_01': 460, 'mlp_dim_02': 213, 'node_hidden_dim': 98, 'edge_hidden_dim': 63, 'depth': 2, 'rep_dropout': 0.0460529858008295, 'train_learning_rate': 0.00341523088051829, 'train_lr_reduce': 0.6}. Best is trial 1170 with value: 0.3284205496311188.
[I 2024-12-19 08:23:38,539] Trial 1400 finished with value: 1.4576493501663208 and parameters: {'mlp_n_layers': 4, 'mlp_dim_00': 387, 'mlp_dim_01': 374, 'mlp_dim_02': 189, 'mlp_dim_03': 112, 'node_hidden_dim': 106, 'edge_hidden_dim': 34, 'depth': 2, 'rep_dropout': 0.04129835012039722, 'train_learning_rate': 0.0021606712031303713, 'train_lr_reduce': 0.6}. Best is trial 1170 with value: 0.3284205496311188.
[I 2024-12-19 08:23:38,544] Trial 1396 finished with value: 0.7266107201576233 and parameters: {'mlp_n_layers': 4, 'mlp_dim_00': 216, 'mlp_dim_01': 267, 'mlp_dim_02': 197, 'mlp_dim_03': 164, 'node_hidden_dim': 96, 'edge_hidden_dim': 44, 'depth': 2, 'rep_dropout': 0.024444657084964683, 'train_learning_rate': 0.002642558785600463, 'train_lr_reduce': 0.6}. Best is trial 1170 with value: 0.3284205496311188.
[I 2024-12-19 08:23:39,808] Trial 1399 finished with value: 1.4110959768295288 and parameters: {'mlp_n_layers': 4, 'mlp_dim_00': 206, 'mlp_dim_01': 303, 'mlp_dim_02': 211, 'mlp_dim_03': 151, 'node_hidden_dim': 126, 'edge_hidden_dim': 49, 'depth': 3, 'rep_dropout': 0.027813413706974148, 'train_learning_rate': 0.0016210226343791932, 'train_lr_reduce': 0.6}. Best is trial 1170 with value: 0.3284205496311188.
[I 2024-12-19 08:23:43,388] Trial 1401 finished with value: 1.42188560962677 and parameters: {'mlp_n_layers': 3, 'mlp_dim_00': 409, 'mlp_dim_01': 109, 'mlp_dim_02': 213, 'node_hidden_dim': 64, 'edge_hidden_dim': 110, 'depth': 2, 'rep_dropout': 0.08878722350008626, 'train_learning_rate': 0.0036649313539679866, 'train_lr_reduce': 0.6}. Best is trial 1170 with value: 0.3284205496311188.
[I 2024-12-19 08:23:45,237] Trial 1403 finished with value: 1.5805150270462036 and parameters: {'mlp_n_layers': 3, 'mlp_dim_00': 99, 'mlp_dim_01': 485, 'mlp_dim_02': 251, 'node_hidden_dim': 81, 'edge_hidden_dim': 44, 'depth': 2, 'rep_dropout': 0.10710984545577734, 'train_learning_rate': 0.00029837158389486764, 'train_lr_reduce': 0.6}. Best is trial 1170 with value: 0.3284205496311188.
[I 2024-12-19 08:23:47,435] Trial 1404 finished with value: 1.2832437753677368 and parameters: {'mlp_n_layers': 2, 'mlp_dim_00': 159, 'mlp_dim_01': 434, 'node_hidden_dim': 84, 'edge_hidden_dim': 126, 'depth': 2, 'rep_dropout': 0.15327472048645713, 'train_learning_rate': 0.004527755097975646, 'train_lr_reduce': 0.6}. Best is trial 1170 with value: 0.3284205496311188.
[I 2024-12-19 08:23:48,543] Trial 1402 finished with value: 1.4021583795547485 and parameters: {'mlp_n_layers': 4, 'mlp_dim_00': 255, 'mlp_dim_01': 304, 'mlp_dim_02': 204, 'mlp_dim_03': 183, 'node_hidden_dim': 128, 'edge_hidden_dim': 43, 'depth': 2, 'rep_dropout': 0.04146532608242712, 'train_learning_rate': 0.0009435292029199638, 'train_lr_reduce': 0.6}. Best is trial 1170 with value: 0.3284205496311188.
[I 2024-12-19 08:23:52,558] Trial 1406 finished with value: 1.2882049083709717 and parameters: {'mlp_n_layers': 4, 'mlp_dim_00': 357, 'mlp_dim_01': 394, 'mlp_dim_02': 190, 'mlp_dim_03': 192, 'node_hidden_dim': 101, 'edge_hidden_dim': 83, 'depth': 2, 'rep_dropout': 0.09214860380997694, 'train_learning_rate': 0.009911935419286595, 'train_lr_reduce': 0.6}. Best is trial 1170 with value: 0.3284205496311188.
[I 2024-12-19 08:23:52,565] Trial 1407 finished with value: 1.3504635095596313 and parameters: {'mlp_n_layers': 4, 'mlp_dim_00': 411, 'mlp_dim_01': 168, 'mlp_dim_02': 250, 'mlp_dim_03': 149, 'node_hidden_dim': 80, 'edge_hidden_dim': 52, 'depth': 2, 'rep_dropout': 0.06918568255806173, 'train_learning_rate': 0.005660533412740012, 'train_lr_reduce': 0.6}. Best is trial 1170 with value: 0.3284205496311188.
[I 2024-12-19 08:23:54,309] Trial 1405 finished with value: 1.376456618309021 and parameters: {'mlp_n_layers': 4, 'mlp_dim_00': 331, 'mlp_dim_01': 131, 'mlp_dim_02': 184, 'mlp_dim_03': 113, 'node_hidden_dim': 119, 'edge_hidden_dim': 61, 'depth': 4, 'rep_dropout': 0.13788478513915403, 'train_learning_rate': 0.003872422874483961, 'train_lr_reduce': 0.6}. Best is trial 1170 with value: 0.3284205496311188.
[I 2024-12-19 08:23:57,485] Trial 1408 finished with value: 1.2929655313491821 and parameters: {'mlp_n_layers': 2, 'mlp_dim_00': 490, 'mlp_dim_01': 414, 'node_hidden_dim': 106, 'edge_hidden_dim': 114, 'depth': 2, 'rep_dropout': 0.18917504402521446, 'train_learning_rate': 0.009272994814966318, 'train_lr_reduce': 0.6}. Best is trial 1170 with value: 0.3284205496311188.
[I 2024-12-19 08:24:03,016] Trial 1410 finished with value: 1.3456796407699585 and parameters: {'mlp_n_layers': 4, 'mlp_dim_00': 160, 'mlp_dim_01': 332, 'mlp_dim_02': 261, 'mlp_dim_03': 191, 'node_hidden_dim': 112, 'edge_hidden_dim': 48, 'depth': 2, 'rep_dropout': 0.021814695731773963, 'train_learning_rate': 0.002513443385601176, 'train_lr_reduce': 0.6}. Best is trial 1170 with value: 0.3284205496311188.
[I 2024-12-19 08:24:07,004] Trial 1409 finished with value: 0.41775959730148315 and parameters: {'mlp_n_layers': 4, 'mlp_dim_00': 219, 'mlp_dim_01': 447, 'mlp_dim_02': 468, 'mlp_dim_03': 102, 'node_hidden_dim': 128, 'edge_hidden_dim': 58, 'depth': 2, 'rep_dropout': 0.016780635360983336, 'train_learning_rate': 0.0028579900698694786, 'train_lr_reduce': 0.6}. Best is trial 1170 with value: 0.3284205496311188.
[I 2024-12-19 08:24:08,100] Trial 1412 finished with value: 1.5316590070724487 and parameters: {'mlp_n_layers': 4, 'mlp_dim_00': 305, 'mlp_dim_01': 404, 'mlp_dim_02': 243, 'mlp_dim_03': 149, 'node_hidden_dim': 61, 'edge_hidden_dim': 86, 'depth': 3, 'rep_dropout': 0.04459192865238498, 'train_learning_rate': 0.00012121492638231637, 'train_lr_reduce': 0.6}. Best is trial 1170 with value: 0.3284205496311188.
[I 2024-12-19 08:24:12,662] Trial 1413 finished with value: 1.5795893669128418 and parameters: {'mlp_n_layers': 2, 'mlp_dim_00': 196, 'mlp_dim_01': 272, 'node_hidden_dim': 126, 'edge_hidden_dim': 103, 'depth': 3, 'rep_dropout': 0.030416416905925947, 'train_learning_rate': 0.00012911207511954485, 'train_lr_reduce': 0.6}. Best is trial 1170 with value: 0.3284205496311188.
[I 2024-12-19 08:24:12,762] Trial 1411 finished with value: 0.4695589244365692 and parameters: {'mlp_n_layers': 3, 'mlp_dim_00': 258, 'mlp_dim_01': 131, 'mlp_dim_02': 187, 'node_hidden_dim': 128, 'edge_hidden_dim': 76, 'depth': 2, 'rep_dropout': 0.06387762064856183, 'train_learning_rate': 0.00519750816984891, 'train_lr_reduce': 0.6}. Best is trial 1170 with value: 0.3284205496311188.
[I 2024-12-19 08:24:17,470] Trial 1415 finished with value: 1.3139203786849976 and parameters: {'mlp_n_layers': 2, 'mlp_dim_00': 491, 'mlp_dim_01': 270, 'node_hidden_dim': 112, 'edge_hidden_dim': 54, 'depth': 4, 'rep_dropout': 0.07995973125482636, 'train_learning_rate': 0.002003785475111773, 'train_lr_reduce': 0.6}. Best is trial 1170 with value: 0.3284205496311188.
[I 2024-12-19 08:24:18,306] Trial 1414 finished with value: 1.2578086853027344 and parameters: {'mlp_n_layers': 4, 'mlp_dim_00': 238, 'mlp_dim_01': 386, 'mlp_dim_02': 512, 'mlp_dim_03': 212, 'node_hidden_dim': 100, 'edge_hidden_dim': 40, 'depth': 2, 'rep_dropout': 0.013402425343551329, 'train_learning_rate': 0.0018205232763286278, 'train_lr_reduce': 0.6}. Best is trial 1170 with value: 0.3284205496311188.
[I 2024-12-19 08:24:21,606] Trial 1417 finished with value: 1.3869514465332031 and parameters: {'mlp_n_layers': 3, 'mlp_dim_00': 390, 'mlp_dim_01': 68, 'mlp_dim_02': 272, 'node_hidden_dim': 58, 'edge_hidden_dim': 87, 'depth': 2, 'rep_dropout': 0.1007536826959433, 'train_learning_rate': 0.005807281939301452, 'train_lr_reduce': 0.6}. Best is trial 1170 with value: 0.3284205496311188.
[I 2024-12-19 08:24:23,166] Trial 1418 finished with value: 1.4220832586288452 and parameters: {'mlp_n_layers': 4, 'mlp_dim_00': 287, 'mlp_dim_01': 352, 'mlp_dim_02': 231, 'mlp_dim_03': 165, 'node_hidden_dim': 108, 'edge_hidden_dim': 59, 'depth': 2, 'rep_dropout': 0.016660899103281286, 'train_learning_rate': 0.003952234414080709, 'train_lr_reduce': 0.6}. Best is trial 1170 with value: 0.3284205496311188.
[I 2024-12-19 08:24:28,632] Trial 1416 finished with value: 0.4341902434825897 and parameters: {'mlp_n_layers': 4, 'mlp_dim_00': 328, 'mlp_dim_01': 353, 'mlp_dim_02': 470, 'mlp_dim_03': 100, 'node_hidden_dim': 117, 'edge_hidden_dim': 50, 'depth': 3, 'rep_dropout': 0.021185150348788262, 'train_learning_rate': 0.0036817092168213933, 'train_lr_reduce': 0.6}. Best is trial 1170 with value: 0.3284205496311188.
[I 2024-12-19 08:24:30,786] Trial 1419 finished with value: 1.4144041538238525 and parameters: {'mlp_n_layers': 4, 'mlp_dim_00': 329, 'mlp_dim_01': 81, 'mlp_dim_02': 281, 'mlp_dim_03': 219, 'node_hidden_dim': 66, 'edge_hidden_dim': 63, 'depth': 2, 'rep_dropout': 0.10916507055912535, 'train_learning_rate': 0.00179976180890804, 'train_lr_reduce': 0.6}. Best is trial 1170 with value: 0.3284205496311188.
[I 2024-12-19 08:24:32,266] Trial 1420 finished with value: 1.426331639289856 and parameters: {'mlp_n_layers': 2, 'mlp_dim_00': 82, 'mlp_dim_01': 460, 'node_hidden_dim': 111, 'edge_hidden_dim': 115, 'depth': 2, 'rep_dropout': 0.09322454923374994, 'train_learning_rate': 0.0029909582977717267, 'train_lr_reduce': 0.6}. Best is trial 1170 with value: 0.3284205496311188.
[I 2024-12-19 08:24:33,757] Trial 1421 finished with value: 1.566002368927002 and parameters: {'mlp_n_layers': 3, 'mlp_dim_00': 412, 'mlp_dim_01': 412, 'mlp_dim_02': 195, 'node_hidden_dim': 125, 'edge_hidden_dim': 63, 'depth': 2, 'rep_dropout': 0.23289622118346417, 'train_learning_rate': 0.00020998181520615297, 'train_lr_reduce': 0.6}. Best is trial 1170 with value: 0.3284205496311188.
[I 2024-12-19 08:24:36,696] Trial 1423 finished with value: 1.2924636602401733 and parameters: {'mlp_n_layers': 4, 'mlp_dim_00': 129, 'mlp_dim_01': 419, 'mlp_dim_02': 280, 'mlp_dim_03': 97, 'node_hidden_dim': 106, 'edge_hidden_dim': 98, 'depth': 2, 'rep_dropout': 0.06625979039207719, 'train_learning_rate': 0.005000998358483603, 'train_lr_reduce': 0.6}. Best is trial 1170 with value: 0.3284205496311188.
[I 2024-12-19 08:24:38,186] Trial 1424 finished with value: 1.3469818830490112 and parameters: {'mlp_n_layers': 4, 'mlp_dim_00': 197, 'mlp_dim_01': 383, 'mlp_dim_02': 473, 'mlp_dim_03': 143, 'node_hidden_dim': 120, 'edge_hidden_dim': 62, 'depth': 2, 'rep_dropout': 0.0660056008402225, 'train_learning_rate': 0.00372057297485529, 'train_lr_reduce': 0.6}. Best is trial 1170 with value: 0.3284205496311188.
[I 2024-12-19 08:24:40,145] Trial 1422 finished with value: 0.6070046424865723 and parameters: {'mlp_n_layers': 2, 'mlp_dim_00': 447, 'mlp_dim_01': 107, 'node_hidden_dim': 84, 'edge_hidden_dim': 40, 'depth': 3, 'rep_dropout': 0.10727038504875694, 'train_learning_rate': 0.00851647893877758, 'train_lr_reduce': 0.6}. Best is trial 1170 with value: 0.3284205496311188.
[I 2024-12-19 08:24:42,404] Trial 1425 finished with value: 1.5768135786056519 and parameters: {'mlp_n_layers': 3, 'mlp_dim_00': 454, 'mlp_dim_01': 376, 'mlp_dim_02': 239, 'node_hidden_dim': 67, 'edge_hidden_dim': 126, 'depth': 3, 'rep_dropout': 0.006477908296778079, 'train_learning_rate': 0.00026488263220518526, 'train_lr_reduce': 0.6}. Best is trial 1170 with value: 0.3284205496311188.
[I 2024-12-19 08:24:44,557] Trial 1427 finished with value: 1.3547812700271606 and parameters: {'mlp_n_layers': 4, 'mlp_dim_00': 318, 'mlp_dim_01': 499, 'mlp_dim_02': 297, 'mlp_dim_03': 192, 'node_hidden_dim': 103, 'edge_hidden_dim': 68, 'depth': 2, 'rep_dropout': 0.0040195036514789895, 'train_learning_rate': 0.004813018589279499, 'train_lr_reduce': 0.6}. Best is trial 1170 with value: 0.3284205496311188.
[I 2024-12-19 08:24:46,800] Trial 1428 finished with value: 1.543784260749817 and parameters: {'mlp_n_layers': 2, 'mlp_dim_00': 88, 'mlp_dim_01': 497, 'node_hidden_dim': 47, 'edge_hidden_dim': 99, 'depth': 2, 'rep_dropout': 0.14897658202002928, 'train_learning_rate': 0.0002948593181489395, 'train_lr_reduce': 0.6}. Best is trial 1170 with value: 0.3284205496311188.
[I 2024-12-19 08:24:49,088] Trial 1429 finished with value: 1.5485697984695435 and parameters: {'mlp_n_layers': 4, 'mlp_dim_00': 284, 'mlp_dim_01': 496, 'mlp_dim_02': 234, 'mlp_dim_03': 64, 'node_hidden_dim': 100, 'edge_hidden_dim': 46, 'depth': 2, 'rep_dropout': 0.010724719256550476, 'train_learning_rate': 0.0008327005184646239, 'train_lr_reduce': 0.6}. Best is trial 1170 with value: 0.3284205496311188.
[I 2024-12-19 08:24:51,970] Trial 1430 finished with value: 1.3983798027038574 and parameters: {'mlp_n_layers': 3, 'mlp_dim_00': 289, 'mlp_dim_01': 140, 'mlp_dim_02': 184, 'node_hidden_dim': 115, 'edge_hidden_dim': 33, 'depth': 2, 'rep_dropout': 0.10744926026989152, 'train_learning_rate': 0.008841953208691862, 'train_lr_reduce': 0.6}. Best is trial 1170 with value: 0.3284205496311188.
[I 2024-12-19 08:24:53,588] Trial 1426 finished with value: 0.4519707262516022 and parameters: {'mlp_n_layers': 3, 'mlp_dim_00': 243, 'mlp_dim_01': 416, 'mlp_dim_02': 297, 'node_hidden_dim': 126, 'edge_hidden_dim': 74, 'depth': 2, 'rep_dropout': 0.003722815052745127, 'train_learning_rate': 0.0034687637787021706, 'train_lr_reduce': 0.6}. Best is trial 1170 with value: 0.3284205496311188.
[I 2024-12-19 08:24:54,958] Trial 1431 finished with value: 1.4760518074035645 and parameters: {'mlp_n_layers': 4, 'mlp_dim_00': 462, 'mlp_dim_01': 383, 'mlp_dim_02': 438, 'mlp_dim_03': 222, 'node_hidden_dim': 65, 'edge_hidden_dim': 90, 'depth': 3, 'rep_dropout': 0.1568068156090147, 'train_learning_rate': 0.006061160376979898, 'train_lr_reduce': 0.6}. Best is trial 1170 with value: 0.3284205496311188.
[I 2024-12-19 08:24:57,259] Trial 1432 finished with value: 1.5675195455551147 and parameters: {'mlp_n_layers': 3, 'mlp_dim_00': 496, 'mlp_dim_01': 395, 'mlp_dim_02': 301, 'node_hidden_dim': 43, 'edge_hidden_dim': 108, 'depth': 2, 'rep_dropout': 0.07459042190962417, 'train_learning_rate': 0.0008622755113119347, 'train_lr_reduce': 0.6}. Best is trial 1170 with value: 0.3284205496311188.
[I 2024-12-19 08:24:59,421] Trial 1434 finished with value: 1.4125553369522095 and parameters: {'mlp_n_layers': 4, 'mlp_dim_00': 464, 'mlp_dim_01': 474, 'mlp_dim_02': 252, 'mlp_dim_03': 142, 'node_hidden_dim': 99, 'edge_hidden_dim': 94, 'depth': 2, 'rep_dropout': 0.1128853538709742, 'train_learning_rate': 0.00754536151511069, 'train_lr_reduce': 0.6}. Best is trial 1170 with value: 0.3284205496311188.
[I 2024-12-19 08:25:02,062] Trial 1433 finished with value: 1.3784385919570923 and parameters: {'mlp_n_layers': 3, 'mlp_dim_00': 309, 'mlp_dim_01': 401, 'mlp_dim_02': 479, 'node_hidden_dim': 123, 'edge_hidden_dim': 64, 'depth': 3, 'rep_dropout': 0.007847897921637877, 'train_learning_rate': 0.001313604942666967, 'train_lr_reduce': 0.6}. Best is trial 1170 with value: 0.3284205496311188.
[I 2024-12-19 08:25:03,952] Trial 1436 finished with value: 1.4143511056900024 and parameters: {'mlp_n_layers': 3, 'mlp_dim_00': 235, 'mlp_dim_01': 361, 'mlp_dim_02': 185, 'node_hidden_dim': 113, 'edge_hidden_dim': 45, 'depth': 2, 'rep_dropout': 0.007178445938180251, 'train_learning_rate': 0.007007209957131426, 'train_lr_reduce': 0.6}. Best is trial 1170 with value: 0.3284205496311188.
[I 2024-12-19 08:25:05,298] Trial 1435 finished with value: 1.3432074785232544 and parameters: {'mlp_n_layers': 4, 'mlp_dim_00': 178, 'mlp_dim_01': 174, 'mlp_dim_02': 308, 'mlp_dim_03': 104, 'node_hidden_dim': 59, 'edge_hidden_dim': 81, 'depth': 3, 'rep_dropout': 0.1736364638399954, 'train_learning_rate': 0.003768027730096668, 'train_lr_reduce': 0.6}. Best is trial 1170 with value: 0.3284205496311188.
[I 2024-12-19 08:25:06,788] Trial 1437 finished with value: 1.5559308528900146 and parameters: {'mlp_n_layers': 3, 'mlp_dim_00': 162, 'mlp_dim_01': 407, 'mlp_dim_02': 271, 'node_hidden_dim': 124, 'edge_hidden_dim': 59, 'depth': 2, 'rep_dropout': 0.020208468122246453, 'train_learning_rate': 0.0011472685796044982, 'train_lr_reduce': 0.6}. Best is trial 1170 with value: 0.3284205496311188.
[I 2024-12-19 08:25:08,850] Trial 1438 finished with value: 1.3234825134277344 and parameters: {'mlp_n_layers': 3, 'mlp_dim_00': 507, 'mlp_dim_01': 277, 'mlp_dim_02': 512, 'node_hidden_dim': 86, 'edge_hidden_dim': 107, 'depth': 2, 'rep_dropout': 0.22736072998745008, 'train_learning_rate': 0.007939019600378386, 'train_lr_reduce': 0.6}. Best is trial 1170 with value: 0.3284205496311188.
[I 2024-12-19 08:25:10,383] Trial 1439 finished with value: 1.577607274055481 and parameters: {'mlp_n_layers': 4, 'mlp_dim_00': 374, 'mlp_dim_01': 191, 'mlp_dim_02': 320, 'mlp_dim_03': 193, 'node_hidden_dim': 33, 'edge_hidden_dim': 70, 'depth': 4, 'rep_dropout': 0.22885182486818725, 'train_learning_rate': 0.0003991976140649238, 'train_lr_reduce': 0.6}. Best is trial 1170 with value: 0.3284205496311188.
[I 2024-12-19 08:25:11,443] Trial 1440 finished with value: 1.4040946960449219 and parameters: {'mlp_n_layers': 3, 'mlp_dim_00': 453, 'mlp_dim_01': 474, 'mlp_dim_02': 428, 'node_hidden_dim': 33, 'edge_hidden_dim': 37, 'depth': 3, 'rep_dropout': 0.17243281180554554, 'train_learning_rate': 0.00336061418883226, 'train_lr_reduce': 0.6}. Best is trial 1170 with value: 0.3284205496311188.
[I 2024-12-19 08:25:12,744] Trial 1441 finished with value: 1.2907747030258179 and parameters: {'mlp_n_layers': 2, 'mlp_dim_00': 93, 'mlp_dim_01': 435, 'node_hidden_dim': 72, 'edge_hidden_dim': 85, 'depth': 2, 'rep_dropout': 0.09961608895347897, 'train_learning_rate': 0.008153075358579065, 'train_lr_reduce': 0.6}. Best is trial 1170 with value: 0.3284205496311188.
[I 2024-12-19 08:25:14,852] Trial 1442 finished with value: 1.3564730882644653 and parameters: {'mlp_n_layers': 3, 'mlp_dim_00': 227, 'mlp_dim_01': 83, 'mlp_dim_02': 229, 'node_hidden_dim': 40, 'edge_hidden_dim': 109, 'depth': 2, 'rep_dropout': 0.034166300101079516, 'train_learning_rate': 0.004417022019176099, 'train_lr_reduce': 0.6}. Best is trial 1170 with value: 0.3284205496311188.
[I 2024-12-19 08:25:16,646] Trial 1443 finished with value: 1.3341901302337646 and parameters: {'mlp_n_layers': 2, 'mlp_dim_00': 461, 'mlp_dim_01': 450, 'node_hidden_dim': 126, 'edge_hidden_dim': 83, 'depth': 3, 'rep_dropout': 0.24390677956861778, 'train_learning_rate': 0.007981569889386853, 'train_lr_reduce': 0.6}. Best is trial 1170 with value: 0.3284205496311188.
[I 2024-12-19 08:25:17,240] Trial 1444 finished with value: 1.5105226039886475 and parameters: {'mlp_n_layers': 3, 'mlp_dim_00': 111, 'mlp_dim_01': 202, 'mlp_dim_02': 356, 'node_hidden_dim': 128, 'edge_hidden_dim': 89, 'depth': 2, 'rep_dropout': 0.003393010261094174, 'train_learning_rate': 0.00881008789999779, 'train_lr_reduce': 0.6}. Best is trial 1170 with value: 0.3284205496311188.
