[I 2024-12-26 02:18:49,023] Trial 1536 finished with value: 0.07432862371206284 and parameters: {'L1_hidden_dim': 64, 'L1_layers_atom': 3, 'L1_layers_mol': 2, 'L1_dropout': 0.23895522404549588, 'L1_out_dim': 128, 'L2_hidden_dim': 176, 'L2_layers_atom': 2, 'L2_layers_mol': 3, 'L2_out_dim': 112, 'L2_dropout': 0.0678770649069966, 'L3_hidden_dim': 128, 'L3_layers_atom': 3, 'L3_layers_mol': 1, 'L3_out_dim': 80, 'L3_dropout': 0.2657933340991415, 'n_mlp_layers': 3, 'mlp_dim_0': 352, 'mlp_dim_1': 440, 'mlp_dim_2': 112, 'num_heads': 1, 'final_dropout': 0.1268174221994271, 'train_learning_rate': 0.002934182189312475, 'train_lr_reduce': 0.6}. Best is trial 1286 with value: 0.03935658559203148.
[I 2024-12-26 02:19:40,655] Trial 1537 finished with value: 0.08130238950252533 and parameters: {'L1_hidden_dim': 96, 'L1_layers_atom': 3, 'L1_layers_mol': 1, 'L1_dropout': 0.27083002525303407, 'L1_out_dim': 128, 'L2_hidden_dim': 96, 'L2_layers_atom': 3, 'L2_layers_mol': 4, 'L2_out_dim': 128, 'L2_dropout': 0.0015523460357648178, 'L3_hidden_dim': 112, 'L3_layers_atom': 3, 'L3_layers_mol': 1, 'L3_out_dim': 112, 'L3_dropout': 0.2003879929767431, 'n_mlp_layers': 3, 'mlp_dim_0': 304, 'mlp_dim_1': 416, 'mlp_dim_2': 104, 'num_heads': 1, 'final_dropout': 0.1507678562867061, 'train_learning_rate': 0.0012388304883802954, 'train_lr_reduce': 0.6}. Best is trial 1286 with value: 0.03935658559203148.
[I 2024-12-26 02:20:23,463] Trial 1535 finished with value: 0.09218854457139969 and parameters: {'L1_hidden_dim': 112, 'L1_layers_atom': 4, 'L1_layers_mol': 4, 'L1_dropout': 0.2773508743241027, 'L1_out_dim': 96, 'L2_hidden_dim': 240, 'L2_layers_atom': 3, 'L2_layers_mol': 1, 'L2_out_dim': 80, 'L2_dropout': 0.0372614668248943, 'L3_hidden_dim': 128, 'L3_layers_atom': 4, 'L3_layers_mol': 2, 'L3_out_dim': 96, 'L3_dropout': 0.22531998953144466, 'n_mlp_layers': 2, 'mlp_dim_0': 120, 'mlp_dim_1': 440, 'num_heads': 2, 'final_dropout': 0.026553759088654063, 'train_learning_rate': 0.003418351445887089, 'train_lr_reduce': 0.6}. Best is trial 1286 with value: 0.03935658559203148.
[I 2024-12-26 02:20:34,823] Trial 1538 finished with value: 0.09052786231040955 and parameters: {'L1_hidden_dim': 64, 'L1_layers_atom': 3, 'L1_layers_mol': 2, 'L1_dropout': 0.11528184718346547, 'L1_out_dim': 32, 'L2_hidden_dim': 208, 'L2_layers_atom': 3, 'L2_layers_mol': 3, 'L2_out_dim': 64, 'L2_dropout': 0.03621897427896646, 'L3_hidden_dim': 64, 'L3_layers_atom': 2, 'L3_layers_mol': 4, 'L3_out_dim': 80, 'L3_dropout': 0.04511288370558523, 'n_mlp_layers': 3, 'mlp_dim_0': 512, 'mlp_dim_1': 416, 'mlp_dim_2': 168, 'num_heads': 1, 'final_dropout': 0.2459506488040448, 'train_learning_rate': 0.003843116282229479, 'train_lr_reduce': 0.6}. Best is trial 1286 with value: 0.03935658559203148.
[I 2024-12-26 02:21:32,071] Trial 1540 finished with value: 0.07639957964420319 and parameters: {'L1_hidden_dim': 144, 'L1_layers_atom': 4, 'L1_layers_mol': 4, 'L1_dropout': 0.24958271368577084, 'L1_out_dim': 80, 'L2_hidden_dim': 240, 'L2_layers_atom': 1, 'L2_layers_mol': 2, 'L2_out_dim': 112, 'L2_dropout': 0.016215865477785918, 'L3_hidden_dim': 128, 'L3_layers_atom': 3, 'L3_layers_mol': 2, 'L3_out_dim': 96, 'L3_dropout': 0.17519457743528027, 'n_mlp_layers': 2, 'mlp_dim_0': 56, 'mlp_dim_1': 472, 'num_heads': 2, 'final_dropout': 0.061130086582630916, 'train_learning_rate': 0.0032292901951182307, 'train_lr_reduce': 0.6}. Best is trial 1286 with value: 0.03935658559203148.
[I 2024-12-26 02:21:41,263] Trial 1539 finished with value: 0.07676069438457489 and parameters: {'L1_hidden_dim': 112, 'L1_layers_atom': 3, 'L1_layers_mol': 3, 'L1_dropout': 0.22947055747750017, 'L1_out_dim': 80, 'L2_hidden_dim': 224, 'L2_layers_atom': 2, 'L2_layers_mol': 4, 'L2_out_dim': 32, 'L2_dropout': 0.058028924674301686, 'L3_hidden_dim': 80, 'L3_layers_atom': 4, 'L3_layers_mol': 4, 'L3_out_dim': 128, 'L3_dropout': 0.010298894096150684, 'n_mlp_layers': 1, 'mlp_dim_0': 288, 'num_heads': 1, 'final_dropout': 0.2075011930801107, 'train_learning_rate': 0.0011136794201404448, 'train_lr_reduce': 0.6}. Best is trial 1286 with value: 0.03935658559203148.
[I 2024-12-26 02:21:44,394] Trial 1541 finished with value: 0.09094628691673279 and parameters: {'L1_hidden_dim': 112, 'L1_layers_atom': 4, 'L1_layers_mol': 1, 'L1_dropout': 0.25867806228178974, 'L1_out_dim': 48, 'L2_hidden_dim': 144, 'L2_layers_atom': 2, 'L2_layers_mol': 1, 'L2_out_dim': 96, 'L2_dropout': 0.07561974785156701, 'L3_hidden_dim': 112, 'L3_layers_atom': 4, 'L3_layers_mol': 1, 'L3_out_dim': 48, 'L3_dropout': 0.2822236161918535, 'n_mlp_layers': 3, 'mlp_dim_0': 152, 'mlp_dim_1': 416, 'mlp_dim_2': 104, 'num_heads': 1, 'final_dropout': 0.001385107617583245, 'train_learning_rate': 0.0015214356411809046, 'train_lr_reduce': 0.6}. Best is trial 1286 with value: 0.03935658559203148.
[I 2024-12-26 02:23:08,386] Trial 1544 finished with value: 0.07713724672794342 and parameters: {'L1_hidden_dim': 128, 'L1_layers_atom': 4, 'L1_layers_mol': 3, 'L1_dropout': 0.2316964975044349, 'L1_out_dim': 80, 'L2_hidden_dim': 224, 'L2_layers_atom': 2, 'L2_layers_mol': 1, 'L2_out_dim': 112, 'L2_dropout': 0.012332128172646853, 'L3_hidden_dim': 112, 'L3_layers_atom': 3, 'L3_layers_mol': 2, 'L3_out_dim': 96, 'L3_dropout': 0.22450557062734475, 'n_mlp_layers': 3, 'mlp_dim_0': 32, 'mlp_dim_1': 472, 'mlp_dim_2': 80, 'num_heads': 1, 'final_dropout': 0.010648829966059578, 'train_learning_rate': 0.001639110277793439, 'train_lr_reduce': 0.6}. Best is trial 1286 with value: 0.03935658559203148.
[I 2024-12-26 02:23:15,694] Trial 1543 finished with value: 0.08304652571678162 and parameters: {'L1_hidden_dim': 96, 'L1_layers_atom': 4, 'L1_layers_mol': 1, 'L1_dropout': 0.2566817033865863, 'L1_out_dim': 48, 'L2_hidden_dim': 224, 'L2_layers_atom': 1, 'L2_layers_mol': 4, 'L2_out_dim': 80, 'L2_dropout': 0.04707654182308678, 'L3_hidden_dim': 48, 'L3_layers_atom': 3, 'L3_layers_mol': 3, 'L3_out_dim': 128, 'L3_dropout': 0.04497242879438319, 'n_mlp_layers': 2, 'mlp_dim_0': 472, 'mlp_dim_1': 416, 'num_heads': 1, 'final_dropout': 0.11323804158226826, 'train_learning_rate': 0.0019677714243967787, 'train_lr_reduce': 0.6}. Best is trial 1286 with value: 0.03935658559203148.
[I 2024-12-26 02:24:03,100] Trial 1542 finished with value: 0.07297283411026001 and parameters: {'L1_hidden_dim': 64, 'L1_layers_atom': 4, 'L1_layers_mol': 3, 'L1_dropout': 0.2514243339610658, 'L1_out_dim': 112, 'L2_hidden_dim': 256, 'L2_layers_atom': 1, 'L2_layers_mol': 2, 'L2_out_dim': 128, 'L2_dropout': 0.014984337108459048, 'L3_hidden_dim': 96, 'L3_layers_atom': 3, 'L3_layers_mol': 1, 'L3_out_dim': 80, 'L3_dropout': 0.2007438835778842, 'n_mlp_layers': 2, 'mlp_dim_0': 456, 'mlp_dim_1': 464, 'num_heads': 2, 'final_dropout': 0.2364789303776793, 'train_learning_rate': 0.002647534442705208, 'train_lr_reduce': 0.6}. Best is trial 1286 with value: 0.03935658559203148.
[I 2024-12-26 02:24:38,946] Trial 1545 finished with value: 0.1250562220811844 and parameters: {'L1_hidden_dim': 96, 'L1_layers_atom': 4, 'L1_layers_mol': 4, 'L1_dropout': 0.2395603929854107, 'L1_out_dim': 112, 'L2_hidden_dim': 208, 'L2_layers_atom': 1, 'L2_layers_mol': 1, 'L2_out_dim': 128, 'L2_dropout': 0.15978528708494405, 'L3_hidden_dim': 112, 'L3_layers_atom': 4, 'L3_layers_mol': 2, 'L3_out_dim': 80, 'L3_dropout': 0.2044931681176381, 'n_mlp_layers': 2, 'mlp_dim_0': 56, 'mlp_dim_1': 432, 'num_heads': 2, 'final_dropout': 0.04575573134061798, 'train_learning_rate': 0.007669309445987996, 'train_lr_reduce': 0.6}. Best is trial 1286 with value: 0.03935658559203148.
[I 2024-12-26 02:25:21,629] Trial 1546 finished with value: 0.07484787702560425 and parameters: {'L1_hidden_dim': 80, 'L1_layers_atom': 3, 'L1_layers_mol': 4, 'L1_dropout': 0.23058839523726982, 'L1_out_dim': 96, 'L2_hidden_dim': 192, 'L2_layers_atom': 2, 'L2_layers_mol': 1, 'L2_out_dim': 112, 'L2_dropout': 0.012970129771462686, 'L3_hidden_dim': 112, 'L3_layers_atom': 4, 'L3_layers_mol': 3, 'L3_out_dim': 112, 'L3_dropout': 0.13762646210133164, 'n_mlp_layers': 3, 'mlp_dim_0': 208, 'mlp_dim_1': 464, 'mlp_dim_2': 120, 'num_heads': 2, 'final_dropout': 0.0844253002952057, 'train_learning_rate': 0.002954252824570945, 'train_lr_reduce': 0.6}. Best is trial 1286 with value: 0.03935658559203148.
[I 2024-12-26 02:25:51,900] Trial 1547 finished with value: 0.07182633131742477 and parameters: {'L1_hidden_dim': 64, 'L1_layers_atom': 4, 'L1_layers_mol': 3, 'L1_dropout': 0.22913043171928255, 'L1_out_dim': 48, 'L2_hidden_dim': 208, 'L2_layers_atom': 1, 'L2_layers_mol': 2, 'L2_out_dim': 80, 'L2_dropout': 0.1126276346145461, 'L3_hidden_dim': 128, 'L3_layers_atom': 3, 'L3_layers_mol': 1, 'L3_out_dim': 64, 'L3_dropout': 0.08711223336055308, 'n_mlp_layers': 2, 'mlp_dim_0': 352, 'mlp_dim_1': 416, 'num_heads': 1, 'final_dropout': 0.24283836008414542, 'train_learning_rate': 0.0022129820010184506, 'train_lr_reduce': 0.6}. Best is trial 1286 with value: 0.03935658559203148.
[I 2024-12-26 02:26:28,332] Trial 1548 finished with value: 0.09451236575841904 and parameters: {'L1_hidden_dim': 96, 'L1_layers_atom': 4, 'L1_layers_mol': 4, 'L1_dropout': 0.25008948276766796, 'L1_out_dim': 80, 'L2_hidden_dim': 208, 'L2_layers_atom': 1, 'L2_layers_mol': 1, 'L2_out_dim': 128, 'L2_dropout': 0.051275289117780364, 'L3_hidden_dim': 128, 'L3_layers_atom': 4, 'L3_layers_mol': 1, 'L3_out_dim': 112, 'L3_dropout': 0.2882670127111222, 'n_mlp_layers': 3, 'mlp_dim_0': 112, 'mlp_dim_1': 416, 'mlp_dim_2': 208, 'num_heads': 2, 'final_dropout': 0.03867074821951527, 'train_learning_rate': 0.006817223564199502, 'train_lr_reduce': 0.6}. Best is trial 1286 with value: 0.03935658559203148.
[I 2024-12-26 02:27:22,666] Trial 1549 finished with value: 0.11383716762065887 and parameters: {'L1_hidden_dim': 144, 'L1_layers_atom': 4, 'L1_layers_mol': 4, 'L1_dropout': 0.1927842449456248, 'L1_out_dim': 80, 'L2_hidden_dim': 192, 'L2_layers_atom': 1, 'L2_layers_mol': 2, 'L2_out_dim': 128, 'L2_dropout': 0.12113879890742359, 'L3_hidden_dim': 112, 'L3_layers_atom': 4, 'L3_layers_mol': 1, 'L3_out_dim': 96, 'L3_dropout': 0.24998841329575472, 'n_mlp_layers': 2, 'mlp_dim_0': 336, 'mlp_dim_1': 464, 'num_heads': 2, 'final_dropout': 0.00718954009644333, 'train_learning_rate': 0.005228557489026404, 'train_lr_reduce': 0.6}. Best is trial 1286 with value: 0.03935658559203148.
[I 2024-12-26 02:27:33,792] Trial 1550 finished with value: 0.07695384323596954 and parameters: {'L1_hidden_dim': 128, 'L1_layers_atom': 3, 'L1_layers_mol': 2, 'L1_dropout': 0.1378280599686147, 'L1_out_dim': 128, 'L2_hidden_dim': 176, 'L2_layers_atom': 2, 'L2_layers_mol': 3, 'L2_out_dim': 112, 'L2_dropout': 0.05315279243741509, 'L3_hidden_dim': 128, 'L3_layers_atom': 1, 'L3_layers_mol': 1, 'L3_out_dim': 80, 'L3_dropout': 0.23601483268705642, 'n_mlp_layers': 3, 'mlp_dim_0': 384, 'mlp_dim_1': 472, 'mlp_dim_2': 152, 'num_heads': 1, 'final_dropout': 0.13932099372642728, 'train_learning_rate': 0.0013946799100065497, 'train_lr_reduce': 0.6}. Best is trial 1286 with value: 0.03935658559203148.
[I 2024-12-26 02:28:58,422] Trial 1551 finished with value: 0.07233502715826035 and parameters: {'L1_hidden_dim': 80, 'L1_layers_atom': 4, 'L1_layers_mol': 4, 'L1_dropout': 0.29150617050871774, 'L1_out_dim': 64, 'L2_hidden_dim': 240, 'L2_layers_atom': 2, 'L2_layers_mol': 4, 'L2_out_dim': 112, 'L2_dropout': 0.04658818554737116, 'L3_hidden_dim': 64, 'L3_layers_atom': 3, 'L3_layers_mol': 1, 'L3_out_dim': 112, 'L3_dropout': 0.0804346771262468, 'n_mlp_layers': 2, 'mlp_dim_0': 368, 'mlp_dim_1': 400, 'num_heads': 2, 'final_dropout': 0.12306121901340383, 'train_learning_rate': 0.002013497728972677, 'train_lr_reduce': 0.6}. Best is trial 1286 with value: 0.03935658559203148.
[I 2024-12-26 02:29:12,075] Trial 1552 finished with value: 0.09003373980522156 and parameters: {'L1_hidden_dim': 208, 'L1_layers_atom': 3, 'L1_layers_mol': 4, 'L1_dropout': 0.17640374262957792, 'L1_out_dim': 96, 'L2_hidden_dim': 176, 'L2_layers_atom': 2, 'L2_layers_mol': 1, 'L2_out_dim': 80, 'L2_dropout': 0.05294096948288597, 'L3_hidden_dim': 112, 'L3_layers_atom': 3, 'L3_layers_mol': 3, 'L3_out_dim': 96, 'L3_dropout': 0.22964112625641941, 'n_mlp_layers': 2, 'mlp_dim_0': 120, 'mlp_dim_1': 464, 'num_heads': 2, 'final_dropout': 0.019486825099007676, 'train_learning_rate': 0.0034705214994511942, 'train_lr_reduce': 0.6}. Best is trial 1286 with value: 0.03935658559203148.
[I 2024-12-26 02:30:13,612] Trial 1553 finished with value: 0.09780532866716385 and parameters: {'L1_hidden_dim': 144, 'L1_layers_atom': 3, 'L1_layers_mol': 4, 'L1_dropout': 0.29789500868296453, 'L1_out_dim': 96, 'L2_hidden_dim': 128, 'L2_layers_atom': 3, 'L2_layers_mol': 1, 'L2_out_dim': 96, 'L2_dropout': 0.005398624705306398, 'L3_hidden_dim': 112, 'L3_layers_atom': 4, 'L3_layers_mol': 2, 'L3_out_dim': 80, 'L3_dropout': 0.24555972887363192, 'n_mlp_layers': 1, 'mlp_dim_0': 256, 'num_heads': 2, 'final_dropout': 0.03278088174128184, 'train_learning_rate': 0.002957695754567752, 'train_lr_reduce': 0.6}. Best is trial 1286 with value: 0.03935658559203148.
[I 2024-12-26 02:30:16,755] Trial 1555 finished with value: 0.10624785721302032 and parameters: {'L1_hidden_dim': 80, 'L1_layers_atom': 4, 'L1_layers_mol': 4, 'L1_dropout': 0.24016593882395484, 'L1_out_dim': 96, 'L2_hidden_dim': 224, 'L2_layers_atom': 1, 'L2_layers_mol': 2, 'L2_out_dim': 80, 'L2_dropout': 0.06465458615147686, 'L3_hidden_dim': 128, 'L3_layers_atom': 4, 'L3_layers_mol': 1, 'L3_out_dim': 128, 'L3_dropout': 0.2751691818756655, 'n_mlp_layers': 2, 'mlp_dim_0': 184, 'mlp_dim_1': 408, 'num_heads': 2, 'final_dropout': 0.04332433273457968, 'train_learning_rate': 0.0035699806937061237, 'train_lr_reduce': 0.6}. Best is trial 1286 with value: 0.03935658559203148.
[I 2024-12-26 02:31:13,284] Trial 1554 finished with value: 0.10183436423540115 and parameters: {'L1_hidden_dim': 160, 'L1_layers_atom': 4, 'L1_layers_mol': 4, 'L1_dropout': 0.20136840459423921, 'L1_out_dim': 112, 'L2_hidden_dim': 160, 'L2_layers_atom': 2, 'L2_layers_mol': 1, 'L2_out_dim': 128, 'L2_dropout': 0.04594321130607975, 'L3_hidden_dim': 112, 'L3_layers_atom': 4, 'L3_layers_mol': 2, 'L3_out_dim': 128, 'L3_dropout': 0.29347829274005416, 'n_mlp_layers': 1, 'mlp_dim_0': 152, 'num_heads': 2, 'final_dropout': 0.042696591548933904, 'train_learning_rate': 0.004905200876453477, 'train_lr_reduce': 0.6}. Best is trial 1286 with value: 0.03935658559203148.
[I 2024-12-26 02:31:58,978] Trial 1557 finished with value: 0.07613186538219452 and parameters: {'L1_hidden_dim': 96, 'L1_layers_atom': 4, 'L1_layers_mol': 4, 'L1_dropout': 0.13762438320803824, 'L1_out_dim': 48, 'L2_hidden_dim': 96, 'L2_layers_atom': 2, 'L2_layers_mol': 4, 'L2_out_dim': 80, 'L2_dropout': 0.011778665201284575, 'L3_hidden_dim': 112, 'L3_layers_atom': 4, 'L3_layers_mol': 2, 'L3_out_dim': 48, 'L3_dropout': 0.26665444293497437, 'n_mlp_layers': 3, 'mlp_dim_0': 88, 'mlp_dim_1': 416, 'mlp_dim_2': 72, 'num_heads': 1, 'final_dropout': 0.008398648400252822, 'train_learning_rate': 0.001053269746680783, 'train_lr_reduce': 0.6}. Best is trial 1286 with value: 0.03935658559203148.
[I 2024-12-26 02:32:06,658] Trial 1556 finished with value: 0.1316232681274414 and parameters: {'L1_hidden_dim': 128, 'L1_layers_atom': 4, 'L1_layers_mol': 4, 'L1_dropout': 0.2493758011534333, 'L1_out_dim': 112, 'L2_hidden_dim': 224, 'L2_layers_atom': 2, 'L2_layers_mol': 1, 'L2_out_dim': 112, 'L2_dropout': 0.043036871125316456, 'L3_hidden_dim': 112, 'L3_layers_atom': 3, 'L3_layers_mol': 1, 'L3_out_dim': 80, 'L3_dropout': 0.2555740992925807, 'n_mlp_layers': 2, 'mlp_dim_0': 64, 'mlp_dim_1': 472, 'num_heads': 2, 'final_dropout': 0.02049004686277805, 'train_learning_rate': 0.009306677644712704, 'train_lr_reduce': 0.6}. Best is trial 1286 with value: 0.03935658559203148.
[I 2024-12-26 02:32:18,459] Trial 1558 finished with value: 0.07190006971359253 and parameters: {'L1_hidden_dim': 64, 'L1_layers_atom': 2, 'L1_layers_mol': 2, 'L1_dropout': 0.2195526298069636, 'L1_out_dim': 96, 'L2_hidden_dim': 80, 'L2_layers_atom': 1, 'L2_layers_mol': 1, 'L2_out_dim': 32, 'L2_dropout': 0.10610107024048435, 'L3_hidden_dim': 128, 'L3_layers_atom': 2, 'L3_layers_mol': 4, 'L3_out_dim': 112, 'L3_dropout': 0.18296649688454725, 'n_mlp_layers': 3, 'mlp_dim_0': 440, 'mlp_dim_1': 464, 'mlp_dim_2': 80, 'num_heads': 2, 'final_dropout': 0.08504036686005882, 'train_learning_rate': 0.0023413045847580165, 'train_lr_reduce': 0.6}. Best is trial 1286 with value: 0.03935658559203148.
[I 2024-12-26 02:33:11,537] Trial 1559 finished with value: 0.17400766909122467 and parameters: {'L1_hidden_dim': 128, 'L1_layers_atom': 4, 'L1_layers_mol': 4, 'L1_dropout': 0.2686299541628108, 'L1_out_dim': 112, 'L2_hidden_dim': 240, 'L2_layers_atom': 1, 'L2_layers_mol': 2, 'L2_out_dim': 128, 'L2_dropout': 0.10290722101891525, 'L3_hidden_dim': 112, 'L3_layers_atom': 4, 'L3_layers_mol': 1, 'L3_out_dim': 112, 'L3_dropout': 0.2954714722550142, 'n_mlp_layers': 2, 'mlp_dim_0': 144, 'mlp_dim_1': 432, 'num_heads': 2, 'final_dropout': 0.0069854226294076074, 'train_learning_rate': 0.009026074406957386, 'train_lr_reduce': 0.6}. Best is trial 1286 with value: 0.03935658559203148.
[I 2024-12-26 02:33:37,691] Trial 1561 finished with value: 0.07536779344081879 and parameters: {'L1_hidden_dim': 96, 'L1_layers_atom': 4, 'L1_layers_mol': 3, 'L1_dropout': 0.23370905803522665, 'L1_out_dim': 96, 'L2_hidden_dim': 208, 'L2_layers_atom': 2, 'L2_layers_mol': 1, 'L2_out_dim': 112, 'L2_dropout': 0.014257954409889077, 'L3_hidden_dim': 128, 'L3_layers_atom': 3, 'L3_layers_mol': 1, 'L3_out_dim': 128, 'L3_dropout': 0.2642284669897276, 'n_mlp_layers': 2, 'mlp_dim_0': 64, 'mlp_dim_1': 408, 'num_heads': 2, 'final_dropout': 0.01969456721451414, 'train_learning_rate': 0.0007542671981888212, 'train_lr_reduce': 0.6}. Best is trial 1286 with value: 0.03935658559203148.
[I 2024-12-26 02:33:49,476] Trial 1560 finished with value: 0.08099684119224548 and parameters: {'L1_hidden_dim': 64, 'L1_layers_atom': 4, 'L1_layers_mol': 1, 'L1_dropout': 0.2575929706984844, 'L1_out_dim': 128, 'L2_hidden_dim': 192, 'L2_layers_atom': 4, 'L2_layers_mol': 2, 'L2_out_dim': 64, 'L2_dropout': 0.060485783048220804, 'L3_hidden_dim': 48, 'L3_layers_atom': 3, 'L3_layers_mol': 1, 'L3_out_dim': 112, 'L3_dropout': 0.28702307021543705, 'n_mlp_layers': 3, 'mlp_dim_0': 32, 'mlp_dim_1': 480, 'mlp_dim_2': 120, 'num_heads': 1, 'final_dropout': 0.004491514898130582, 'train_learning_rate': 0.003761741931901669, 'train_lr_reduce': 0.6}. Best is trial 1286 with value: 0.03935658559203148.
[I 2024-12-26 02:35:31,913] Trial 1563 finished with value: 0.08418573439121246 and parameters: {'L1_hidden_dim': 144, 'L1_layers_atom': 4, 'L1_layers_mol': 4, 'L1_dropout': 0.2678874969552052, 'L1_out_dim': 80, 'L2_hidden_dim': 256, 'L2_layers_atom': 2, 'L2_layers_mol': 2, 'L2_out_dim': 128, 'L2_dropout': 0.020444390933370027, 'L3_hidden_dim': 128, 'L3_layers_atom': 4, 'L3_layers_mol': 2, 'L3_out_dim': 96, 'L3_dropout': 0.2565010235258639, 'n_mlp_layers': 2, 'mlp_dim_0': 216, 'mlp_dim_1': 408, 'num_heads': 2, 'final_dropout': 0.007486412187231967, 'train_learning_rate': 0.0025267659916134093, 'train_lr_reduce': 0.6}. Best is trial 1286 with value: 0.03935658559203148.
[I 2024-12-26 02:35:43,440] Trial 1562 finished with value: 0.1431710422039032 and parameters: {'L1_hidden_dim': 128, 'L1_layers_atom': 4, 'L1_layers_mol': 2, 'L1_dropout': 0.19537015757114712, 'L1_out_dim': 64, 'L2_hidden_dim': 256, 'L2_layers_atom': 1, 'L2_layers_mol': 1, 'L2_out_dim': 96, 'L2_dropout': 0.02116566189605852, 'L3_hidden_dim': 112, 'L3_layers_atom': 4, 'L3_layers_mol': 2, 'L3_out_dim': 112, 'L3_dropout': 0.2555054458724726, 'n_mlp_layers': 2, 'mlp_dim_0': 280, 'mlp_dim_1': 472, 'num_heads': 2, 'final_dropout': 0.0725373032906016, 'train_learning_rate': 0.009708944963920031, 'train_lr_reduce': 0.6}. Best is trial 1286 with value: 0.03935658559203148.
[I 2024-12-26 02:35:46,111] Trial 1564 finished with value: 0.06145618483424187 and parameters: {'L1_hidden_dim': 64, 'L1_layers_atom': 2, 'L1_layers_mol': 1, 'L1_dropout': 0.14020437776508232, 'L1_out_dim': 112, 'L2_hidden_dim': 256, 'L2_layers_atom': 3, 'L2_layers_mol': 4, 'L2_out_dim': 128, 'L2_dropout': 0.05426087145518164, 'L3_hidden_dim': 80, 'L3_layers_atom': 2, 'L3_layers_mol': 1, 'L3_out_dim': 112, 'L3_dropout': 0.1636021469349283, 'n_mlp_layers': 2, 'mlp_dim_0': 296, 'mlp_dim_1': 440, 'num_heads': 1, 'final_dropout': 0.018705329183697026, 'train_learning_rate': 0.0007435013903874218, 'train_lr_reduce': 0.6}. Best is trial 1286 with value: 0.03935658559203148.
[I 2024-12-26 02:36:06,556] Trial 1567 finished with value: 1.150030255317688 and parameters: {'L1_hidden_dim': 96, 'L1_layers_atom': 3, 'L1_layers_mol': 2, 'L1_dropout': 0.2791672705545715, 'L1_out_dim': 128, 'L2_hidden_dim': 224, 'L2_layers_atom': 4, 'L2_layers_mol': 2, 'L2_out_dim': 64, 'L2_dropout': 0.06030981034930464, 'L3_hidden_dim': 80, 'L3_layers_atom': 2, 'L3_layers_mol': 1, 'L3_out_dim': 96, 'L3_dropout': 0.2576402158587857, 'n_mlp_layers': 3, 'mlp_dim_0': 32, 'mlp_dim_1': 480, 'mlp_dim_2': 160, 'num_heads': 1, 'final_dropout': 0.008010948466538447, 'train_learning_rate': 0.0005728637334872209, 'train_lr_reduce': 0.6}. Best is trial 1286 with value: 0.03935658559203148.
[I 2024-12-26 02:36:46,234] Trial 1565 finished with value: 0.08250804245471954 and parameters: {'L1_hidden_dim': 96, 'L1_layers_atom': 2, 'L1_layers_mol': 3, 'L1_dropout': 0.2830855097312915, 'L1_out_dim': 48, 'L2_hidden_dim': 240, 'L2_layers_atom': 1, 'L2_layers_mol': 3, 'L2_out_dim': 48, 'L2_dropout': 0.05512714454056536, 'L3_hidden_dim': 64, 'L3_layers_atom': 4, 'L3_layers_mol': 3, 'L3_out_dim': 96, 'L3_dropout': 0.03843748167422853, 'n_mlp_layers': 3, 'mlp_dim_0': 472, 'mlp_dim_1': 472, 'mlp_dim_2': 72, 'num_heads': 1, 'final_dropout': 0.1944115552870077, 'train_learning_rate': 0.0021887562880798725, 'train_lr_reduce': 0.6}. Best is trial 1286 with value: 0.03935658559203148.
