[I 2024-12-24 17:04:18,585] Trial 320 finished with value: 0.010778816416859627 and parameters: {'L1_hidden_dim': 192, 'L1_layers_atom': 1, 'L1_layers_mol': 4, 'L1_dropout': 0.019989070994710152, 'L1_out_dim': 96, 'L2_hidden_dim': 160, 'L2_layers_atom': 4, 'L2_layers_mol': 1, 'L2_out_dim': 128, 'L2_dropout': 0.10327015883553546, 'L3_hidden_dim': 80, 'L3_layers_atom': 1, 'L3_layers_mol': 2, 'L3_out_dim': 48, 'L3_dropout': 0.10158733343336887, 'n_mlp_layers': 3, 'mlp_dim_0': 256, 'mlp_dim_1': 168, 'mlp_dim_2': 184, 'num_heads': 1, 'final_dropout': 0.18764727528691194, 'train_learning_rate': 0.009108867832240967, 'train_lr_reduce': 0.6}. Best is trial 236 with value: 0.009785382077097893.
[I 2024-12-24 17:05:08,482] Trial 321 finished with value: 0.012262492440640926 and parameters: {'L1_hidden_dim': 64, 'L1_layers_atom': 2, 'L1_layers_mol': 1, 'L1_dropout': 0.0014578585102048638, 'L1_out_dim': 32, 'L2_hidden_dim': 144, 'L2_layers_atom': 4, 'L2_layers_mol': 1, 'L2_out_dim': 112, 'L2_dropout': 0.06533743725191332, 'L3_hidden_dim': 128, 'L3_layers_atom': 4, 'L3_layers_mol': 1, 'L3_out_dim': 128, 'L3_dropout': 0.18939434070336306, 'n_mlp_layers': 3, 'mlp_dim_0': 480, 'mlp_dim_1': 168, 'mlp_dim_2': 200, 'num_heads': 2, 'final_dropout': 0.20531376490483141, 'train_learning_rate': 0.0006908933298636577, 'train_lr_reduce': 0.6}. Best is trial 236 with value: 0.009785382077097893.
[I 2024-12-24 17:06:13,915] Trial 323 finished with value: 0.011718682013452053 and parameters: {'L1_hidden_dim': 208, 'L1_layers_atom': 1, 'L1_layers_mol': 4, 'L1_dropout': 0.02507392709270439, 'L1_out_dim': 96, 'L2_hidden_dim': 144, 'L2_layers_atom': 4, 'L2_layers_mol': 1, 'L2_out_dim': 112, 'L2_dropout': 0.048645175362348615, 'L3_hidden_dim': 128, 'L3_layers_atom': 2, 'L3_layers_mol': 3, 'L3_out_dim': 32, 'L3_dropout': 0.13111109743898047, 'n_mlp_layers': 2, 'mlp_dim_0': 360, 'mlp_dim_1': 208, 'num_heads': 1, 'final_dropout': 0.22767240350006382, 'train_learning_rate': 0.0029389216715458195, 'train_lr_reduce': 0.6}. Best is trial 236 with value: 0.009785382077097893.
[I 2024-12-24 17:06:24,777] Trial 322 finished with value: 0.060414016246795654 and parameters: {'L1_hidden_dim': 160, 'L1_layers_atom': 4, 'L1_layers_mol': 3, 'L1_dropout': 0.056530143992872116, 'L1_out_dim': 80, 'L2_hidden_dim': 192, 'L2_layers_atom': 4, 'L2_layers_mol': 2, 'L2_out_dim': 64, 'L2_dropout': 0.1288122386777678, 'L3_hidden_dim': 112, 'L3_layers_atom': 1, 'L3_layers_mol': 4, 'L3_out_dim': 128, 'L3_dropout': 0.21290069230750602, 'n_mlp_layers': 3, 'mlp_dim_0': 488, 'mlp_dim_1': 152, 'mlp_dim_2': 80, 'num_heads': 1, 'final_dropout': 0.07625917934658274, 'train_learning_rate': 0.00011435082273197516, 'train_lr_reduce': 0.6}. Best is trial 236 with value: 0.009785382077097893.
[I 2024-12-24 17:06:28,180] Trial 324 finished with value: 0.01351090706884861 and parameters: {'L1_hidden_dim': 208, 'L1_layers_atom': 1, 'L1_layers_mol': 3, 'L1_dropout': 0.05103749148436833, 'L1_out_dim': 128, 'L2_hidden_dim': 176, 'L2_layers_atom': 4, 'L2_layers_mol': 1, 'L2_out_dim': 112, 'L2_dropout': 0.12173541644272418, 'L3_hidden_dim': 48, 'L3_layers_atom': 2, 'L3_layers_mol': 1, 'L3_out_dim': 64, 'L3_dropout': 0.07796668428565924, 'n_mlp_layers': 3, 'mlp_dim_0': 296, 'mlp_dim_1': 184, 'mlp_dim_2': 136, 'num_heads': 2, 'final_dropout': 0.17665697741317068, 'train_learning_rate': 0.005631577291769589, 'train_lr_reduce': 0.6}. Best is trial 236 with value: 0.009785382077097893.
[I 2024-12-24 17:07:22,330] Trial 325 finished with value: 0.019106866791844368 and parameters: {'L1_hidden_dim': 192, 'L1_layers_atom': 1, 'L1_layers_mol': 4, 'L1_dropout': 0.08167895178588522, 'L1_out_dim': 64, 'L2_hidden_dim': 144, 'L2_layers_atom': 4, 'L2_layers_mol': 2, 'L2_out_dim': 128, 'L2_dropout': 0.12646631007872094, 'L3_hidden_dim': 80, 'L3_layers_atom': 2, 'L3_layers_mol': 1, 'L3_out_dim': 64, 'L3_dropout': 0.10033703700259403, 'n_mlp_layers': 3, 'mlp_dim_0': 160, 'mlp_dim_1': 168, 'mlp_dim_2': 168, 'num_heads': 1, 'final_dropout': 0.15719098516565833, 'train_learning_rate': 0.008414532482030479, 'train_lr_reduce': 0.6}. Best is trial 236 with value: 0.009785382077097893.
[I 2024-12-24 17:07:33,467] Trial 327 finished with value: 0.011691395193338394 and parameters: {'L1_hidden_dim': 176, 'L1_layers_atom': 1, 'L1_layers_mol': 4, 'L1_dropout': 0.004129358087643968, 'L1_out_dim': 96, 'L2_hidden_dim': 144, 'L2_layers_atom': 3, 'L2_layers_mol': 1, 'L2_out_dim': 128, 'L2_dropout': 0.1594813055616281, 'L3_hidden_dim': 112, 'L3_layers_atom': 1, 'L3_layers_mol': 2, 'L3_out_dim': 80, 'L3_dropout': 0.04143252249499286, 'n_mlp_layers': 3, 'mlp_dim_0': 208, 'mlp_dim_1': 152, 'mlp_dim_2': 216, 'num_heads': 1, 'final_dropout': 0.17274560946173817, 'train_learning_rate': 0.0024429999628957557, 'train_lr_reduce': 0.6}. Best is trial 236 with value: 0.009785382077097893.
[I 2024-12-24 17:07:43,393] Trial 326 finished with value: 0.013855363242328167 and parameters: {'L1_hidden_dim': 208, 'L1_layers_atom': 2, 'L1_layers_mol': 4, 'L1_dropout': 0.0560292805168004, 'L1_out_dim': 112, 'L2_hidden_dim': 160, 'L2_layers_atom': 4, 'L2_layers_mol': 1, 'L2_out_dim': 128, 'L2_dropout': 0.09390193206758826, 'L3_hidden_dim': 64, 'L3_layers_atom': 1, 'L3_layers_mol': 2, 'L3_out_dim': 32, 'L3_dropout': 0.08677383968659672, 'n_mlp_layers': 3, 'mlp_dim_0': 136, 'mlp_dim_1': 248, 'mlp_dim_2': 200, 'num_heads': 1, 'final_dropout': 0.27508429922918665, 'train_learning_rate': 0.007562321653114902, 'train_lr_reduce': 0.6}. Best is trial 236 with value: 0.009785382077097893.
[I 2024-12-24 17:08:56,064] Trial 328 finished with value: 0.012603383511304855 and parameters: {'L1_hidden_dim': 256, 'L1_layers_atom': 2, 'L1_layers_mol': 4, 'L1_dropout': 0.06134233668331943, 'L1_out_dim': 64, 'L2_hidden_dim': 256, 'L2_layers_atom': 3, 'L2_layers_mol': 1, 'L2_out_dim': 32, 'L2_dropout': 0.1113160380761395, 'L3_hidden_dim': 112, 'L3_layers_atom': 2, 'L3_layers_mol': 2, 'L3_out_dim': 128, 'L3_dropout': 0.24541035327738073, 'n_mlp_layers': 3, 'mlp_dim_0': 496, 'mlp_dim_1': 160, 'mlp_dim_2': 128, 'num_heads': 1, 'final_dropout': 0.07074335817654051, 'train_learning_rate': 0.001878742867845594, 'train_lr_reduce': 0.6}. Best is trial 236 with value: 0.009785382077097893.
[I 2024-12-24 17:10:03,136] Trial 329 finished with value: 0.012523294426500797 and parameters: {'L1_hidden_dim': 208, 'L1_layers_atom': 4, 'L1_layers_mol': 4, 'L1_dropout': 0.12234448518680019, 'L1_out_dim': 80, 'L2_hidden_dim': 224, 'L2_layers_atom': 3, 'L2_layers_mol': 1, 'L2_out_dim': 32, 'L2_dropout': 0.11636251894127626, 'L3_hidden_dim': 128, 'L3_layers_atom': 1, 'L3_layers_mol': 4, 'L3_out_dim': 112, 'L3_dropout': 0.25791785565335706, 'n_mlp_layers': 3, 'mlp_dim_0': 392, 'mlp_dim_1': 168, 'mlp_dim_2': 216, 'num_heads': 1, 'final_dropout': 0.03639166327260703, 'train_learning_rate': 0.0004689951609692854, 'train_lr_reduce': 0.6}. Best is trial 236 with value: 0.009785382077097893.
[I 2024-12-24 17:10:56,207] Trial 331 finished with value: 0.010682368651032448 and parameters: {'L1_hidden_dim': 192, 'L1_layers_atom': 3, 'L1_layers_mol': 2, 'L1_dropout': 0.0012295188763876072, 'L1_out_dim': 32, 'L2_hidden_dim': 160, 'L2_layers_atom': 4, 'L2_layers_mol': 2, 'L2_out_dim': 96, 'L2_dropout': 0.05472501047641396, 'L3_hidden_dim': 128, 'L3_layers_atom': 4, 'L3_layers_mol': 2, 'L3_out_dim': 96, 'L3_dropout': 0.2916780246367561, 'n_mlp_layers': 1, 'mlp_dim_0': 336, 'num_heads': 2, 'final_dropout': 0.06499045641706828, 'train_learning_rate': 0.001542144606280865, 'train_lr_reduce': 0.6}. Best is trial 236 with value: 0.009785382077097893.
[I 2024-12-24 17:12:16,635] Trial 330 finished with value: 0.011051224544644356 and parameters: {'L1_hidden_dim': 128, 'L1_layers_atom': 3, 'L1_layers_mol': 3, 'L1_dropout': 0.0430341702121156, 'L1_out_dim': 48, 'L2_hidden_dim': 160, 'L2_layers_atom': 3, 'L2_layers_mol': 1, 'L2_out_dim': 48, 'L2_dropout': 0.025762013558298075, 'L3_hidden_dim': 96, 'L3_layers_atom': 4, 'L3_layers_mol': 1, 'L3_out_dim': 128, 'L3_dropout': 0.28714017044996143, 'n_mlp_layers': 2, 'mlp_dim_0': 448, 'mlp_dim_1': 408, 'num_heads': 2, 'final_dropout': 0.14752228764764153, 'train_learning_rate': 0.0022893790242831, 'train_lr_reduce': 0.6}. Best is trial 236 with value: 0.009785382077097893.
[I 2024-12-24 17:12:55,436] Trial 333 finished with value: 0.016253070905804634 and parameters: {'L1_hidden_dim': 160, 'L1_layers_atom': 2, 'L1_layers_mol': 3, 'L1_dropout': 0.01347940615659369, 'L1_out_dim': 80, 'L2_hidden_dim': 240, 'L2_layers_atom': 4, 'L2_layers_mol': 1, 'L2_out_dim': 128, 'L2_dropout': 0.01607466004092238, 'L3_hidden_dim': 96, 'L3_layers_atom': 1, 'L3_layers_mol': 1, 'L3_out_dim': 48, 'L3_dropout': 0.07634031968330193, 'n_mlp_layers': 2, 'mlp_dim_0': 320, 'mlp_dim_1': 144, 'num_heads': 1, 'final_dropout': 0.12967179314178276, 'train_learning_rate': 0.0043576871225584355, 'train_lr_reduce': 0.6}. Best is trial 236 with value: 0.009785382077097893.
[I 2024-12-24 17:13:36,172] Trial 332 finished with value: 0.012018118984997272 and parameters: {'L1_hidden_dim': 96, 'L1_layers_atom': 2, 'L1_layers_mol': 2, 'L1_dropout': 0.06410855589505152, 'L1_out_dim': 32, 'L2_hidden_dim': 160, 'L2_layers_atom': 4, 'L2_layers_mol': 1, 'L2_out_dim': 64, 'L2_dropout': 0.017038690725363514, 'L3_hidden_dim': 80, 'L3_layers_atom': 3, 'L3_layers_mol': 2, 'L3_out_dim': 128, 'L3_dropout': 0.2624545642236523, 'n_mlp_layers': 3, 'mlp_dim_0': 432, 'mlp_dim_1': 224, 'mlp_dim_2': 160, 'num_heads': 2, 'final_dropout': 0.16643102924474462, 'train_learning_rate': 0.005602398643334788, 'train_lr_reduce': 0.6}. Best is trial 236 with value: 0.009785382077097893.
[I 2024-12-24 17:14:48,094] Trial 335 finished with value: 0.012473504059016705 and parameters: {'L1_hidden_dim': 80, 'L1_layers_atom': 2, 'L1_layers_mol': 4, 'L1_dropout': 0.05542601139095439, 'L1_out_dim': 32, 'L2_hidden_dim': 96, 'L2_layers_atom': 3, 'L2_layers_mol': 3, 'L2_out_dim': 64, 'L2_dropout': 0.14370750878387073, 'L3_hidden_dim': 112, 'L3_layers_atom': 4, 'L3_layers_mol': 1, 'L3_out_dim': 96, 'L3_dropout': 0.2371842860604648, 'n_mlp_layers': 3, 'mlp_dim_0': 504, 'mlp_dim_1': 312, 'mlp_dim_2': 208, 'num_heads': 2, 'final_dropout': 0.20893391968500552, 'train_learning_rate': 0.0021791398794583534, 'train_lr_reduce': 0.6}. Best is trial 236 with value: 0.009785382077097893.
[I 2024-12-24 17:15:06,119] Trial 334 finished with value: 0.011424022726714611 and parameters: {'L1_hidden_dim': 144, 'L1_layers_atom': 3, 'L1_layers_mol': 2, 'L1_dropout': 0.014686886356597264, 'L1_out_dim': 32, 'L2_hidden_dim': 192, 'L2_layers_atom': 3, 'L2_layers_mol': 2, 'L2_out_dim': 128, 'L2_dropout': 0.00424155993301141, 'L3_hidden_dim': 128, 'L3_layers_atom': 4, 'L3_layers_mol': 2, 'L3_out_dim': 112, 'L3_dropout': 0.26464909326756286, 'n_mlp_layers': 1, 'mlp_dim_0': 416, 'num_heads': 2, 'final_dropout': 0.025045253933366513, 'train_learning_rate': 0.00046097427831277035, 'train_lr_reduce': 0.6}. Best is trial 236 with value: 0.009785382077097893.
[I 2024-12-24 17:15:18,480] Trial 336 finished with value: 0.018422545865178108 and parameters: {'L1_hidden_dim': 256, 'L1_layers_atom': 2, 'L1_layers_mol': 3, 'L1_dropout': 0.003754912793341983, 'L1_out_dim': 48, 'L2_hidden_dim': 208, 'L2_layers_atom': 4, 'L2_layers_mol': 2, 'L2_out_dim': 112, 'L2_dropout': 0.08089357221912799, 'L3_hidden_dim': 128, 'L3_layers_atom': 4, 'L3_layers_mol': 3, 'L3_out_dim': 80, 'L3_dropout': 0.29099297471649255, 'n_mlp_layers': 1, 'mlp_dim_0': 328, 'num_heads': 2, 'final_dropout': 0.007391087513807633, 'train_learning_rate': 0.008584559449855483, 'train_lr_reduce': 0.6}. Best is trial 236 with value: 0.009785382077097893.
[I 2024-12-24 17:16:06,558] Trial 339 finished with value: 0.17247776687145233 and parameters: {'L1_hidden_dim': 192, 'L1_layers_atom': 3, 'L1_layers_mol': 1, 'L1_dropout': 0.0740071918851559, 'L1_out_dim': 80, 'L2_hidden_dim': 160, 'L2_layers_atom': 4, 'L2_layers_mol': 4, 'L2_out_dim': 80, 'L2_dropout': 0.08090448839338504, 'L3_hidden_dim': 128, 'L3_layers_atom': 3, 'L3_layers_mol': 3, 'L3_out_dim': 80, 'L3_dropout': 0.27150735480357213, 'n_mlp_layers': 1, 'mlp_dim_0': 496, 'num_heads': 2, 'final_dropout': 0.08476709820885321, 'train_learning_rate': 0.0008796189067563629, 'train_lr_reduce': 0.6}. Best is trial 236 with value: 0.009785382077097893.
[I 2024-12-24 17:16:56,571] Trial 337 finished with value: 0.01300038117915392 and parameters: {'L1_hidden_dim': 64, 'L1_layers_atom': 3, 'L1_layers_mol': 3, 'L1_dropout': 0.011841230793779491, 'L1_out_dim': 96, 'L2_hidden_dim': 96, 'L2_layers_atom': 1, 'L2_layers_mol': 4, 'L2_out_dim': 32, 'L2_dropout': 0.059378081818563626, 'L3_hidden_dim': 48, 'L3_layers_atom': 2, 'L3_layers_mol': 1, 'L3_out_dim': 80, 'L3_dropout': 0.207037496990028, 'n_mlp_layers': 1, 'mlp_dim_0': 512, 'num_heads': 2, 'final_dropout': 0.1721693711976447, 'train_learning_rate': 0.001805695477538442, 'train_lr_reduce': 0.6}. Best is trial 236 with value: 0.009785382077097893.
[I 2024-12-24 17:17:26,553] Trial 338 finished with value: 0.011302648112177849 and parameters: {'L1_hidden_dim': 96, 'L1_layers_atom': 2, 'L1_layers_mol': 3, 'L1_dropout': 0.0297581757329633, 'L1_out_dim': 48, 'L2_hidden_dim': 112, 'L2_layers_atom': 4, 'L2_layers_mol': 1, 'L2_out_dim': 80, 'L2_dropout': 0.16163030166548054, 'L3_hidden_dim': 112, 'L3_layers_atom': 4, 'L3_layers_mol': 1, 'L3_out_dim': 112, 'L3_dropout': 0.2960169220996632, 'n_mlp_layers': 1, 'mlp_dim_0': 448, 'num_heads': 2, 'final_dropout': 0.1661728303597804, 'train_learning_rate': 0.0007681360039184064, 'train_lr_reduce': 0.6}. Best is trial 236 with value: 0.009785382077097893.
[I 2024-12-24 17:18:06,860] Trial 340 finished with value: 0.01140934880822897 and parameters: {'L1_hidden_dim': 192, 'L1_layers_atom': 4, 'L1_layers_mol': 4, 'L1_dropout': 0.05864764495113687, 'L1_out_dim': 48, 'L2_hidden_dim': 208, 'L2_layers_atom': 3, 'L2_layers_mol': 1, 'L2_out_dim': 32, 'L2_dropout': 0.027830798040174652, 'L3_hidden_dim': 128, 'L3_layers_atom': 4, 'L3_layers_mol': 1, 'L3_out_dim': 96, 'L3_dropout': 0.22586308358123391, 'n_mlp_layers': 3, 'mlp_dim_0': 360, 'mlp_dim_1': 152, 'mlp_dim_2': 144, 'num_heads': 2, 'final_dropout': 0.07382102892749168, 'train_learning_rate': 0.0006889477878576313, 'train_lr_reduce': 0.6}. Best is trial 236 with value: 0.009785382077097893.
[I 2024-12-24 17:19:40,446] Trial 341 finished with value: 0.01234873291105032 and parameters: {'L1_hidden_dim': 192, 'L1_layers_atom': 3, 'L1_layers_mol': 4, 'L1_dropout': 0.026907370369507678, 'L1_out_dim': 128, 'L2_hidden_dim': 144, 'L2_layers_atom': 4, 'L2_layers_mol': 1, 'L2_out_dim': 128, 'L2_dropout': 0.021447547433838126, 'L3_hidden_dim': 80, 'L3_layers_atom': 2, 'L3_layers_mol': 2, 'L3_out_dim': 48, 'L3_dropout': 0.1266392989109619, 'n_mlp_layers': 2, 'mlp_dim_0': 488, 'mlp_dim_1': 136, 'num_heads': 1, 'final_dropout': 0.2766414454494456, 'train_learning_rate': 0.0001936000680797057, 'train_lr_reduce': 0.6}. Best is trial 236 with value: 0.009785382077097893.
[I 2024-12-24 17:19:47,243] Trial 342 finished with value: 0.017389893531799316 and parameters: {'L1_hidden_dim': 192, 'L1_layers_atom': 3, 'L1_layers_mol': 4, 'L1_dropout': 0.041430065616998774, 'L1_out_dim': 64, 'L2_hidden_dim': 256, 'L2_layers_atom': 4, 'L2_layers_mol': 2, 'L2_out_dim': 32, 'L2_dropout': 0.14925598901211673, 'L3_hidden_dim': 128, 'L3_layers_atom': 2, 'L3_layers_mol': 3, 'L3_out_dim': 96, 'L3_dropout': 0.2805376602792375, 'n_mlp_layers': 3, 'mlp_dim_0': 504, 'mlp_dim_1': 216, 'mlp_dim_2': 56, 'num_heads': 1, 'final_dropout': 0.054168199559997146, 'train_learning_rate': 0.00045624510602589865, 'train_lr_reduce': 0.6}. Best is trial 236 with value: 0.009785382077097893.
[I 2024-12-24 17:20:03,910] Trial 343 finished with value: 0.01132782269269228 and parameters: {'L1_hidden_dim': 128, 'L1_layers_atom': 1, 'L1_layers_mol': 3, 'L1_dropout': 0.028819777238925946, 'L1_out_dim': 32, 'L2_hidden_dim': 192, 'L2_layers_atom': 4, 'L2_layers_mol': 1, 'L2_out_dim': 80, 'L2_dropout': 0.03805141262918171, 'L3_hidden_dim': 80, 'L3_layers_atom': 4, 'L3_layers_mol': 1, 'L3_out_dim': 112, 'L3_dropout': 0.29779913929121615, 'n_mlp_layers': 2, 'mlp_dim_0': 392, 'mlp_dim_1': 136, 'num_heads': 2, 'final_dropout': 0.24103511228059776, 'train_learning_rate': 0.0011534165701962374, 'train_lr_reduce': 0.6}. Best is trial 236 with value: 0.009785382077097893.
[I 2024-12-24 17:21:11,607] Trial 344 finished with value: 0.014462514780461788 and parameters: {'L1_hidden_dim': 144, 'L1_layers_atom': 1, 'L1_layers_mol': 4, 'L1_dropout': 0.01606819387868775, 'L1_out_dim': 112, 'L2_hidden_dim': 176, 'L2_layers_atom': 3, 'L2_layers_mol': 2, 'L2_out_dim': 112, 'L2_dropout': 0.07730333589704487, 'L3_hidden_dim': 64, 'L3_layers_atom': 1, 'L3_layers_mol': 2, 'L3_out_dim': 48, 'L3_dropout': 0.07585392209893199, 'n_mlp_layers': 3, 'mlp_dim_0': 272, 'mlp_dim_1': 136, 'mlp_dim_2': 232, 'num_heads': 1, 'final_dropout': 0.12426900756077428, 'train_learning_rate': 0.0033614466216999295, 'train_lr_reduce': 0.6}. Best is trial 236 with value: 0.009785382077097893.
[I 2024-12-24 17:21:29,049] Trial 346 finished with value: 0.01122397929430008 and parameters: {'L1_hidden_dim': 176, 'L1_layers_atom': 1, 'L1_layers_mol': 3, 'L1_dropout': 0.05004025926186166, 'L1_out_dim': 128, 'L2_hidden_dim': 240, 'L2_layers_atom': 4, 'L2_layers_mol': 1, 'L2_out_dim': 112, 'L2_dropout': 0.06560924917232254, 'L3_hidden_dim': 96, 'L3_layers_atom': 3, 'L3_layers_mol': 2, 'L3_out_dim': 32, 'L3_dropout': 0.040538752151067545, 'n_mlp_layers': 2, 'mlp_dim_0': 448, 'mlp_dim_1': 120, 'num_heads': 1, 'final_dropout': 0.1923039400673652, 'train_learning_rate': 0.0008737721856308504, 'train_lr_reduce': 0.6}. Best is trial 236 with value: 0.009785382077097893.
[I 2024-12-24 17:21:33,218] Trial 345 finished with value: 0.01175457052886486 and parameters: {'L1_hidden_dim': 208, 'L1_layers_atom': 2, 'L1_layers_mol': 4, 'L1_dropout': 0.010036726773332968, 'L1_out_dim': 96, 'L2_hidden_dim': 112, 'L2_layers_atom': 3, 'L2_layers_mol': 2, 'L2_out_dim': 112, 'L2_dropout': 0.11417871849973742, 'L3_hidden_dim': 112, 'L3_layers_atom': 3, 'L3_layers_mol': 2, 'L3_out_dim': 48, 'L3_dropout': 0.1899288303935095, 'n_mlp_layers': 3, 'mlp_dim_0': 512, 'mlp_dim_1': 32, 'mlp_dim_2': 168, 'num_heads': 1, 'final_dropout': 0.06631035409833796, 'train_learning_rate': 0.000641384933045304, 'train_lr_reduce': 0.6}. Best is trial 236 with value: 0.009785382077097893.
[I 2024-12-24 17:22:22,650] Trial 349 finished with value: 0.024920623749494553 and parameters: {'L1_hidden_dim': 208, 'L1_layers_atom': 1, 'L1_layers_mol': 4, 'L1_dropout': 0.10767703516557574, 'L1_out_dim': 128, 'L2_hidden_dim': 160, 'L2_layers_atom': 4, 'L2_layers_mol': 1, 'L2_out_dim': 128, 'L2_dropout': 0.04651034370496684, 'L3_hidden_dim': 112, 'L3_layers_atom': 2, 'L3_layers_mol': 2, 'L3_out_dim': 48, 'L3_dropout': 0.032758187544233305, 'n_mlp_layers': 2, 'mlp_dim_0': 304, 'mlp_dim_1': 264, 'num_heads': 1, 'final_dropout': 0.1921051256121356, 'train_learning_rate': 0.00145995268998711, 'train_lr_reduce': 0.6}. Best is trial 236 with value: 0.009785382077097893.
[I 2024-12-24 17:23:19,861] Trial 348 finished with value: 0.010880797170102596 and parameters: {'L1_hidden_dim': 208, 'L1_layers_atom': 2, 'L1_layers_mol': 3, 'L1_dropout': 0.045106534617016206, 'L1_out_dim': 96, 'L2_hidden_dim': 192, 'L2_layers_atom': 4, 'L2_layers_mol': 1, 'L2_out_dim': 128, 'L2_dropout': 0.012879531488499827, 'L3_hidden_dim': 96, 'L3_layers_atom': 3, 'L3_layers_mol': 3, 'L3_out_dim': 32, 'L3_dropout': 0.15358610307780818, 'n_mlp_layers': 3, 'mlp_dim_0': 392, 'mlp_dim_1': 120, 'mlp_dim_2': 160, 'num_heads': 1, 'final_dropout': 0.1425997575918532, 'train_learning_rate': 0.0002397605753124012, 'train_lr_reduce': 0.6}. Best is trial 236 with value: 0.009785382077097893.
[I 2024-12-24 17:23:50,911] Trial 347 finished with value: 0.010953775607049465 and parameters: {'L1_hidden_dim': 96, 'L1_layers_atom': 3, 'L1_layers_mol': 4, 'L1_dropout': 0.008259785723601192, 'L1_out_dim': 64, 'L2_hidden_dim': 128, 'L2_layers_atom': 2, 'L2_layers_mol': 3, 'L2_out_dim': 48, 'L2_dropout': 0.09743137382519891, 'L3_hidden_dim': 96, 'L3_layers_atom': 4, 'L3_layers_mol': 1, 'L3_out_dim': 112, 'L3_dropout': 0.2915711065281537, 'n_mlp_layers': 3, 'mlp_dim_0': 408, 'mlp_dim_1': 200, 'mlp_dim_2': 232, 'num_heads': 2, 'final_dropout': 0.038854265442145194, 'train_learning_rate': 0.0015288321115376413, 'train_lr_reduce': 0.6}. Best is trial 236 with value: 0.009785382077097893.
[I 2024-12-24 17:24:30,535] Trial 350 finished with value: 0.012921737506985664 and parameters: {'L1_hidden_dim': 160, 'L1_layers_atom': 2, 'L1_layers_mol': 4, 'L1_dropout': 0.0945054551730845, 'L1_out_dim': 64, 'L2_hidden_dim': 224, 'L2_layers_atom': 4, 'L2_layers_mol': 1, 'L2_out_dim': 32, 'L2_dropout': 0.1434969844427738, 'L3_hidden_dim': 96, 'L3_layers_atom': 1, 'L3_layers_mol': 4, 'L3_out_dim': 112, 'L3_dropout': 0.1780671148364894, 'n_mlp_layers': 3, 'mlp_dim_0': 448, 'mlp_dim_1': 32, 'mlp_dim_2': 232, 'num_heads': 1, 'final_dropout': 0.08530363780581292, 'train_learning_rate': 0.00021823608326712696, 'train_lr_reduce': 0.6}. Best is trial 236 with value: 0.009785382077097893.
[I 2024-12-24 17:24:53,536] Trial 352 finished with value: 0.12453112751245499 and parameters: {'L1_hidden_dim': 192, 'L1_layers_atom': 2, 'L1_layers_mol': 2, 'L1_dropout': 0.043401782186300045, 'L1_out_dim': 32, 'L2_hidden_dim': 96, 'L2_layers_atom': 4, 'L2_layers_mol': 3, 'L2_out_dim': 48, 'L2_dropout': 0.046081018138691976, 'L3_hidden_dim': 112, 'L3_layers_atom': 3, 'L3_layers_mol': 3, 'L3_out_dim': 96, 'L3_dropout': 0.26188507061248534, 'n_mlp_layers': 1, 'mlp_dim_0': 456, 'num_heads': 2, 'final_dropout': 0.15370054667992247, 'train_learning_rate': 0.0008317194891560976, 'train_lr_reduce': 0.6}. Best is trial 236 with value: 0.009785382077097893.
