[I 2024-12-19 22:11:03,214] Trial 2311 finished with value: 1.6881344318389893 and parameters: {'mlp_n_layers': 3, 'mlp_dim_00': 417, 'mlp_dim_01': 366, 'mlp_dim_02': 433, 'node_hidden_dim': 73, 'edge_hidden_dim': 60, 'depth': 1, 'rep_dropout': 0.07042379171080226, 'train_learning_rate': 0.0001330070005491915, 'train_lr_reduce': 0.6}. Best is trial 122 with value: 0.09548358619213104.
[I 2024-12-19 22:11:09,597] Trial 2313 finished with value: 1.6427043676376343 and parameters: {'mlp_n_layers': 1, 'mlp_dim_00': 329, 'node_hidden_dim': 38, 'edge_hidden_dim': 33, 'depth': 3, 'rep_dropout': 0.11076595634671679, 'train_learning_rate': 0.0008073979481962493, 'train_lr_reduce': 0.6}. Best is trial 122 with value: 0.09548358619213104.
[I 2024-12-19 22:11:14,526] Trial 2314 finished with value: 1.6808979511260986 and parameters: {'mlp_n_layers': 4, 'mlp_dim_00': 417, 'mlp_dim_01': 400, 'mlp_dim_02': 512, 'mlp_dim_03': 427, 'node_hidden_dim': 74, 'edge_hidden_dim': 62, 'depth': 1, 'rep_dropout': 0.09155789447838922, 'train_learning_rate': 0.00028689121969672083, 'train_lr_reduce': 0.6}. Best is trial 122 with value: 0.09548358619213104.
[I 2024-12-19 22:11:29,499] Trial 2309 finished with value: 0.135883629322052 and parameters: {'mlp_n_layers': 3, 'mlp_dim_00': 296, 'mlp_dim_01': 286, 'mlp_dim_02': 475, 'node_hidden_dim': 81, 'edge_hidden_dim': 65, 'depth': 1, 'rep_dropout': 0.04540097520442646, 'train_learning_rate': 0.0011557050653375866, 'train_lr_reduce': 0.6}. Best is trial 122 with value: 0.09548358619213104.
[I 2024-12-19 22:11:40,405] Trial 2312 finished with value: 0.12136926501989365 and parameters: {'mlp_n_layers': 4, 'mlp_dim_00': 297, 'mlp_dim_01': 325, 'mlp_dim_02': 381, 'mlp_dim_03': 389, 'node_hidden_dim': 69, 'edge_hidden_dim': 81, 'depth': 1, 'rep_dropout': 0.021331214417702332, 'train_learning_rate': 0.0004278090078178824, 'train_lr_reduce': 0.6}. Best is trial 122 with value: 0.09548358619213104.
[I 2024-12-19 22:11:45,261] Trial 2316 finished with value: 0.34252747893333435 and parameters: {'mlp_n_layers': 4, 'mlp_dim_00': 300, 'mlp_dim_01': 355, 'mlp_dim_02': 330, 'mlp_dim_03': 383, 'node_hidden_dim': 93, 'edge_hidden_dim': 54, 'depth': 1, 'rep_dropout': 0.0511830808594578, 'train_learning_rate': 0.0007061636987629223, 'train_lr_reduce': 0.6}. Best is trial 122 with value: 0.09548358619213104.
[I 2024-12-19 22:12:01,389] Trial 2315 finished with value: 0.22409872710704803 and parameters: {'mlp_n_layers': 4, 'mlp_dim_00': 221, 'mlp_dim_01': 310, 'mlp_dim_02': 268, 'mlp_dim_03': 445, 'node_hidden_dim': 58, 'edge_hidden_dim': 52, 'depth': 1, 'rep_dropout': 0.10952322940452063, 'train_learning_rate': 0.000655869356409004, 'train_lr_reduce': 0.6}. Best is trial 122 with value: 0.09548358619213104.
[I 2024-12-19 22:12:30,920] Trial 2317 finished with value: 0.1993952989578247 and parameters: {'mlp_n_layers': 3, 'mlp_dim_00': 264, 'mlp_dim_01': 276, 'mlp_dim_02': 385, 'node_hidden_dim': 94, 'edge_hidden_dim': 81, 'depth': 2, 'rep_dropout': 0.07535642650607756, 'train_learning_rate': 0.0009582827543582488, 'train_lr_reduce': 0.6}. Best is trial 122 with value: 0.09548358619213104.
[I 2024-12-19 22:12:39,597] Trial 2318 finished with value: 1.005307912826538 and parameters: {'mlp_n_layers': 4, 'mlp_dim_00': 471, 'mlp_dim_01': 390, 'mlp_dim_02': 444, 'mlp_dim_03': 338, 'node_hidden_dim': 76, 'edge_hidden_dim': 74, 'depth': 2, 'rep_dropout': 0.12120225611324846, 'train_learning_rate': 0.0002754751927396255, 'train_lr_reduce': 0.6}. Best is trial 122 with value: 0.09548358619213104.
[I 2024-12-19 22:12:43,144] Trial 2319 finished with value: 0.10040328651666641 and parameters: {'mlp_n_layers': 4, 'mlp_dim_00': 386, 'mlp_dim_01': 195, 'mlp_dim_02': 341, 'mlp_dim_03': 199, 'node_hidden_dim': 93, 'edge_hidden_dim': 65, 'depth': 1, 'rep_dropout': 0.07136445956747962, 'train_learning_rate': 0.0006743699695728525, 'train_lr_reduce': 0.6}. Best is trial 122 with value: 0.09548358619213104.
[I 2024-12-19 22:12:45,514] Trial 2321 finished with value: 1.6360920667648315 and parameters: {'mlp_n_layers': 2, 'mlp_dim_00': 135, 'mlp_dim_01': 396, 'node_hidden_dim': 81, 'edge_hidden_dim': 35, 'depth': 3, 'rep_dropout': 0.10142055022648895, 'train_learning_rate': 0.0014374620837077619, 'train_lr_reduce': 0.6}. Best is trial 122 with value: 0.09548358619213104.
[I 2024-12-19 22:13:10,918] Trial 2323 finished with value: 0.2599143981933594 and parameters: {'mlp_n_layers': 4, 'mlp_dim_00': 182, 'mlp_dim_01': 359, 'mlp_dim_02': 307, 'mlp_dim_03': 400, 'node_hidden_dim': 87, 'edge_hidden_dim': 72, 'depth': 1, 'rep_dropout': 0.09572692027505678, 'train_learning_rate': 0.0020906533092162312, 'train_lr_reduce': 0.6}. Best is trial 122 with value: 0.09548358619213104.
[I 2024-12-19 22:13:16,544] Trial 2324 finished with value: 1.683459758758545 and parameters: {'mlp_n_layers': 4, 'mlp_dim_00': 269, 'mlp_dim_01': 260, 'mlp_dim_02': 512, 'mlp_dim_03': 444, 'node_hidden_dim': 41, 'edge_hidden_dim': 49, 'depth': 2, 'rep_dropout': 0.13533525654267567, 'train_learning_rate': 0.00048714274174269546, 'train_lr_reduce': 0.6}. Best is trial 122 with value: 0.09548358619213104.
[I 2024-12-19 22:13:19,839] Trial 2320 finished with value: 0.10123378783464432 and parameters: {'mlp_n_layers': 4, 'mlp_dim_00': 355, 'mlp_dim_01': 318, 'mlp_dim_02': 406, 'mlp_dim_03': 453, 'node_hidden_dim': 56, 'edge_hidden_dim': 43, 'depth': 1, 'rep_dropout': 0.13273818721554367, 'train_learning_rate': 0.0007538288366012024, 'train_lr_reduce': 0.6}. Best is trial 122 with value: 0.09548358619213104.
[I 2024-12-19 22:13:22,888] Trial 2325 finished with value: 1.676774024963379 and parameters: {'mlp_n_layers': 4, 'mlp_dim_00': 377, 'mlp_dim_01': 406, 'mlp_dim_02': 360, 'mlp_dim_03': 375, 'node_hidden_dim': 82, 'edge_hidden_dim': 63, 'depth': 2, 'rep_dropout': 0.1487192133953115, 'train_learning_rate': 0.0001813796552097133, 'train_lr_reduce': 0.6}. Best is trial 122 with value: 0.09548358619213104.
[I 2024-12-19 22:13:26,146] Trial 2326 finished with value: 1.6831475496292114 and parameters: {'mlp_n_layers': 4, 'mlp_dim_00': 344, 'mlp_dim_01': 300, 'mlp_dim_02': 421, 'mlp_dim_03': 419, 'node_hidden_dim': 41, 'edge_hidden_dim': 44, 'depth': 2, 'rep_dropout': 0.12811061129375428, 'train_learning_rate': 0.0005897532644779282, 'train_lr_reduce': 0.6}. Best is trial 122 with value: 0.09548358619213104.
[I 2024-12-19 22:13:28,943] Trial 2327 finished with value: 1.6812225580215454 and parameters: {'mlp_n_layers': 4, 'mlp_dim_00': 306, 'mlp_dim_01': 357, 'mlp_dim_02': 374, 'mlp_dim_03': 477, 'node_hidden_dim': 56, 'edge_hidden_dim': 46, 'depth': 2, 'rep_dropout': 0.08038545900439016, 'train_learning_rate': 0.0003111899329925866, 'train_lr_reduce': 0.6}. Best is trial 122 with value: 0.09548358619213104.
[I 2024-12-19 22:13:29,460] Trial 2322 finished with value: 0.1326231211423874 and parameters: {'mlp_n_layers': 3, 'mlp_dim_00': 328, 'mlp_dim_01': 340, 'mlp_dim_02': 480, 'node_hidden_dim': 102, 'edge_hidden_dim': 68, 'depth': 1, 'rep_dropout': 0.12139956260354952, 'train_learning_rate': 0.0005524137867524284, 'train_lr_reduce': 0.6}. Best is trial 122 with value: 0.09548358619213104.
[I 2024-12-19 22:13:34,175] Trial 2329 finished with value: 1.6662778854370117 and parameters: {'mlp_n_layers': 4, 'mlp_dim_00': 401, 'mlp_dim_01': 321, 'mlp_dim_02': 331, 'mlp_dim_03': 403, 'node_hidden_dim': 77, 'edge_hidden_dim': 67, 'depth': 2, 'rep_dropout': 0.09129657784785172, 'train_learning_rate': 0.0006236701629050167, 'train_lr_reduce': 0.6}. Best is trial 122 with value: 0.09548358619213104.
[I 2024-12-19 22:13:35,945] Trial 2330 finished with value: 1.6887849569320679 and parameters: {'mlp_n_layers': 4, 'mlp_dim_00': 307, 'mlp_dim_01': 407, 'mlp_dim_02': 297, 'mlp_dim_03': 480, 'node_hidden_dim': 49, 'edge_hidden_dim': 74, 'depth': 1, 'rep_dropout': 0.11480066666980737, 'train_learning_rate': 0.0002553133200671178, 'train_lr_reduce': 0.6}. Best is trial 122 with value: 0.09548358619213104.
[I 2024-12-19 22:13:39,181] Trial 2331 finished with value: 1.6077430248260498 and parameters: {'mlp_n_layers': 4, 'mlp_dim_00': 355, 'mlp_dim_01': 280, 'mlp_dim_02': 390, 'mlp_dim_03': 440, 'node_hidden_dim': 66, 'edge_hidden_dim': 72, 'depth': 1, 'rep_dropout': 0.04696662464960973, 'train_learning_rate': 0.005349788097469914, 'train_lr_reduce': 0.6}. Best is trial 122 with value: 0.09548358619213104.
[I 2024-12-19 22:13:44,024] Trial 2333 finished with value: 1.6107921600341797 and parameters: {'mlp_n_layers': 3, 'mlp_dim_00': 319, 'mlp_dim_01': 311, 'mlp_dim_02': 343, 'node_hidden_dim': 87, 'edge_hidden_dim': 60, 'depth': 1, 'rep_dropout': 0.09031596688710518, 'train_learning_rate': 0.0012397533726093196, 'train_lr_reduce': 0.6}. Best is trial 122 with value: 0.09548358619213104.
[I 2024-12-19 22:13:51,178] Trial 2334 finished with value: 1.6861683130264282 and parameters: {'mlp_n_layers': 4, 'mlp_dim_00': 130, 'mlp_dim_01': 397, 'mlp_dim_02': 443, 'mlp_dim_03': 450, 'node_hidden_dim': 128, 'edge_hidden_dim': 69, 'depth': 3, 'rep_dropout': 0.05588089167559032, 'train_learning_rate': 0.00014573426634559422, 'train_lr_reduce': 0.6}. Best is trial 122 with value: 0.09548358619213104.
[I 2024-12-19 22:14:07,591] Trial 2328 finished with value: 0.11091503500938416 and parameters: {'mlp_n_layers': 4, 'mlp_dim_00': 342, 'mlp_dim_01': 221, 'mlp_dim_02': 446, 'mlp_dim_03': 336, 'node_hidden_dim': 49, 'edge_hidden_dim': 43, 'depth': 1, 'rep_dropout': 0.1479021298622287, 'train_learning_rate': 0.0013039563311480983, 'train_lr_reduce': 0.6}. Best is trial 122 with value: 0.09548358619213104.
[I 2024-12-19 22:14:22,458] Trial 2332 finished with value: 0.642943799495697 and parameters: {'mlp_n_layers': 4, 'mlp_dim_00': 434, 'mlp_dim_01': 360, 'mlp_dim_02': 483, 'mlp_dim_03': 370, 'node_hidden_dim': 91, 'edge_hidden_dim': 86, 'depth': 1, 'rep_dropout': 0.07606706509775295, 'train_learning_rate': 0.00046473882908342856, 'train_lr_reduce': 0.6}. Best is trial 122 with value: 0.09548358619213104.
[I 2024-12-19 22:14:27,399] Trial 2337 finished with value: 1.6677210330963135 and parameters: {'mlp_n_layers': 3, 'mlp_dim_00': 332, 'mlp_dim_01': 287, 'mlp_dim_02': 266, 'node_hidden_dim': 63, 'edge_hidden_dim': 71, 'depth': 1, 'rep_dropout': 0.08326463691876473, 'train_learning_rate': 0.000671694153137387, 'train_lr_reduce': 0.6}. Best is trial 122 with value: 0.09548358619213104.
[I 2024-12-19 22:14:33,271] Trial 2338 finished with value: 1.6521127223968506 and parameters: {'mlp_n_layers': 2, 'mlp_dim_00': 424, 'mlp_dim_01': 241, 'node_hidden_dim': 72, 'edge_hidden_dim': 54, 'depth': 2, 'rep_dropout': 0.11188455223439357, 'train_learning_rate': 0.000660237559803184, 'train_lr_reduce': 0.6}. Best is trial 122 with value: 0.09548358619213104.
[I 2024-12-19 22:14:35,445] Trial 2335 finished with value: 0.10547560453414917 and parameters: {'mlp_n_layers': 3, 'mlp_dim_00': 331, 'mlp_dim_01': 406, 'mlp_dim_02': 413, 'node_hidden_dim': 100, 'edge_hidden_dim': 84, 'depth': 1, 'rep_dropout': 0.05612505791199326, 'train_learning_rate': 0.00040285242591216744, 'train_lr_reduce': 0.6}. Best is trial 122 with value: 0.09548358619213104.
[I 2024-12-19 22:14:38,631] Trial 2339 finished with value: 1.681603193283081 and parameters: {'mlp_n_layers': 4, 'mlp_dim_00': 346, 'mlp_dim_01': 337, 'mlp_dim_02': 471, 'mlp_dim_03': 400, 'node_hidden_dim': 42, 'edge_hidden_dim': 51, 'depth': 1, 'rep_dropout': 0.14501002571875032, 'train_learning_rate': 0.000606129359913241, 'train_lr_reduce': 0.6}. Best is trial 122 with value: 0.09548358619213104.
[I 2024-12-19 22:14:49,995] Trial 2336 finished with value: 0.16400156915187836 and parameters: {'mlp_n_layers': 4, 'mlp_dim_00': 265, 'mlp_dim_01': 356, 'mlp_dim_02': 359, 'mlp_dim_03': 334, 'node_hidden_dim': 41, 'edge_hidden_dim': 91, 'depth': 1, 'rep_dropout': 0.11080382043974898, 'train_learning_rate': 0.0007091452448800876, 'train_lr_reduce': 0.6}. Best is trial 122 with value: 0.09548358619213104.
[I 2024-12-19 22:14:55,458] Trial 2342 finished with value: 1.6809667348861694 and parameters: {'mlp_n_layers': 4, 'mlp_dim_00': 412, 'mlp_dim_01': 406, 'mlp_dim_02': 362, 'mlp_dim_03': 417, 'node_hidden_dim': 41, 'edge_hidden_dim': 36, 'depth': 2, 'rep_dropout': 0.14178024543396767, 'train_learning_rate': 0.00037392799921655745, 'train_lr_reduce': 0.6}. Best is trial 122 with value: 0.09548358619213104.
[I 2024-12-19 22:14:57,806] Trial 2340 finished with value: 0.20441007614135742 and parameters: {'mlp_n_layers': 3, 'mlp_dim_00': 389, 'mlp_dim_01': 377, 'mlp_dim_02': 390, 'node_hidden_dim': 97, 'edge_hidden_dim': 39, 'depth': 1, 'rep_dropout': 0.10307321751515362, 'train_learning_rate': 0.0009921400951257062, 'train_lr_reduce': 0.6}. Best is trial 122 with value: 0.09548358619213104.
[I 2024-12-19 22:15:02,945] Trial 2344 finished with value: 1.5826177597045898 and parameters: {'mlp_n_layers': 4, 'mlp_dim_00': 270, 'mlp_dim_01': 267, 'mlp_dim_02': 419, 'mlp_dim_03': 370, 'node_hidden_dim': 66, 'edge_hidden_dim': 92, 'depth': 1, 'rep_dropout': 0.10157583802726086, 'train_learning_rate': 0.004107085379068348, 'train_lr_reduce': 0.6}. Best is trial 122 with value: 0.09548358619213104.
[I 2024-12-19 22:15:18,392] Trial 2341 finished with value: 0.10998628288507462 and parameters: {'mlp_n_layers': 4, 'mlp_dim_00': 323, 'mlp_dim_01': 312, 'mlp_dim_02': 319, 'mlp_dim_03': 484, 'node_hidden_dim': 97, 'edge_hidden_dim': 73, 'depth': 1, 'rep_dropout': 0.0761156498670802, 'train_learning_rate': 0.0010793658387700184, 'train_lr_reduce': 0.6}. Best is trial 122 with value: 0.09548358619213104.
[I 2024-12-19 22:15:35,613] Trial 2346 finished with value: 0.29821649193763733 and parameters: {'mlp_n_layers': 4, 'mlp_dim_00': 229, 'mlp_dim_01': 406, 'mlp_dim_02': 450, 'mlp_dim_03': 483, 'node_hidden_dim': 102, 'edge_hidden_dim': 83, 'depth': 1, 'rep_dropout': 0.09883644201642719, 'train_learning_rate': 0.0010637257502705431, 'train_lr_reduce': 0.6}. Best is trial 122 with value: 0.09548358619213104.
[I 2024-12-19 22:15:35,684] Trial 2343 finished with value: 0.10303425788879395 and parameters: {'mlp_n_layers': 4, 'mlp_dim_00': 297, 'mlp_dim_01': 364, 'mlp_dim_02': 512, 'mlp_dim_03': 443, 'node_hidden_dim': 94, 'edge_hidden_dim': 44, 'depth': 1, 'rep_dropout': 0.08810205883665383, 'train_learning_rate': 0.0013264490815672189, 'train_lr_reduce': 0.6}. Best is trial 122 with value: 0.09548358619213104.
[I 2024-12-19 22:15:45,968] Trial 2345 finished with value: 0.1608458310365677 and parameters: {'mlp_n_layers': 3, 'mlp_dim_00': 367, 'mlp_dim_01': 331, 'mlp_dim_02': 304, 'node_hidden_dim': 100, 'edge_hidden_dim': 41, 'depth': 2, 'rep_dropout': 0.11584190516206667, 'train_learning_rate': 0.0008791416963920318, 'train_lr_reduce': 0.6}. Best is trial 122 with value: 0.09548358619213104.
[I 2024-12-19 22:16:16,614] Trial 2348 finished with value: 0.20955505967140198 and parameters: {'mlp_n_layers': 4, 'mlp_dim_00': 403, 'mlp_dim_01': 288, 'mlp_dim_02': 349, 'mlp_dim_03': 334, 'node_hidden_dim': 87, 'edge_hidden_dim': 92, 'depth': 1, 'rep_dropout': 0.10030472885712252, 'train_learning_rate': 0.0005391275852720961, 'train_lr_reduce': 0.6}. Best is trial 122 with value: 0.09548358619213104.
[I 2024-12-19 22:16:17,538] Trial 2347 finished with value: 0.20838984847068787 and parameters: {'mlp_n_layers': 3, 'mlp_dim_00': 274, 'mlp_dim_01': 310, 'mlp_dim_02': 382, 'node_hidden_dim': 45, 'edge_hidden_dim': 97, 'depth': 1, 'rep_dropout': 0.062220214830762746, 'train_learning_rate': 0.003846038344499167, 'train_lr_reduce': 0.6}. Best is trial 122 with value: 0.09548358619213104.
[I 2024-12-19 22:16:22,920] Trial 2351 finished with value: 1.5684044361114502 and parameters: {'mlp_n_layers': 1, 'mlp_dim_00': 422, 'node_hidden_dim': 122, 'edge_hidden_dim': 33, 'depth': 3, 'rep_dropout': 0.1367405016067889, 'train_learning_rate': 0.004237016683246112, 'train_lr_reduce': 0.6}. Best is trial 122 with value: 0.09548358619213104.
[I 2024-12-19 22:16:26,634] Trial 2349 finished with value: 0.11015781760215759 and parameters: {'mlp_n_layers': 4, 'mlp_dim_00': 286, 'mlp_dim_01': 365, 'mlp_dim_02': 475, 'mlp_dim_03': 391, 'node_hidden_dim': 73, 'edge_hidden_dim': 68, 'depth': 1, 'rep_dropout': 0.10311344217062554, 'train_learning_rate': 0.0006680574747461035, 'train_lr_reduce': 0.6}. Best is trial 122 with value: 0.09548358619213104.
[I 2024-12-19 22:16:39,172] Trial 2352 finished with value: 1.2140973806381226 and parameters: {'mlp_n_layers': 4, 'mlp_dim_00': 243, 'mlp_dim_01': 330, 'mlp_dim_02': 512, 'mlp_dim_03': 442, 'node_hidden_dim': 50, 'edge_hidden_dim': 65, 'depth': 1, 'rep_dropout': 0.05968990531553532, 'train_learning_rate': 0.0004797798100907944, 'train_lr_reduce': 0.6}. Best is trial 122 with value: 0.09548358619213104.
[I 2024-12-19 22:16:47,606] Trial 2350 finished with value: 0.13138334453105927 and parameters: {'mlp_n_layers': 3, 'mlp_dim_00': 403, 'mlp_dim_01': 415, 'mlp_dim_02': 421, 'node_hidden_dim': 90, 'edge_hidden_dim': 45, 'depth': 1, 'rep_dropout': 0.11197247813469614, 'train_learning_rate': 0.0009557248525698715, 'train_lr_reduce': 0.6}. Best is trial 122 with value: 0.09548358619213104.
[I 2024-12-19 22:16:53,099] Trial 2355 finished with value: 1.6870402097702026 and parameters: {'mlp_n_layers': 4, 'mlp_dim_00': 463, 'mlp_dim_01': 408, 'mlp_dim_02': 387, 'mlp_dim_03': 416, 'node_hidden_dim': 76, 'edge_hidden_dim': 45, 'depth': 1, 'rep_dropout': 0.10063829666364928, 'train_learning_rate': 0.00010344921816843142, 'train_lr_reduce': 0.6}. Best is trial 122 with value: 0.09548358619213104.
[I 2024-12-19 22:16:56,982] Trial 2354 finished with value: 0.27561303973197937 and parameters: {'mlp_n_layers': 4, 'mlp_dim_00': 277, 'mlp_dim_01': 370, 'mlp_dim_02': 273, 'mlp_dim_03': 482, 'node_hidden_dim': 112, 'edge_hidden_dim': 64, 'depth': 1, 'rep_dropout': 0.05934836340560165, 'train_learning_rate': 0.001021271101195014, 'train_lr_reduce': 0.6}. Best is trial 122 with value: 0.09548358619213104.
[I 2024-12-19 22:16:57,418] Trial 2356 finished with value: 1.6819854974746704 and parameters: {'mlp_n_layers': 4, 'mlp_dim_00': 168, 'mlp_dim_01': 279, 'mlp_dim_02': 446, 'mlp_dim_03': 323, 'node_hidden_dim': 93, 'edge_hidden_dim': 83, 'depth': 1, 'rep_dropout': 0.019648061017072914, 'train_learning_rate': 0.0002795404563203933, 'train_lr_reduce': 0.6}. Best is trial 122 with value: 0.09548358619213104.
[I 2024-12-19 22:17:01,694] Trial 2357 finished with value: 1.63374924659729 and parameters: {'mlp_n_layers': 4, 'mlp_dim_00': 242, 'mlp_dim_01': 329, 'mlp_dim_02': 341, 'mlp_dim_03': 443, 'node_hidden_dim': 88, 'edge_hidden_dim': 56, 'depth': 2, 'rep_dropout': 0.10504572036766359, 'train_learning_rate': 0.0016498653794255313, 'train_lr_reduce': 0.6}. Best is trial 122 with value: 0.09548358619213104.
[I 2024-12-19 22:17:05,212] Trial 2353 finished with value: 0.12779279053211212 and parameters: {'mlp_n_layers': 4, 'mlp_dim_00': 197, 'mlp_dim_01': 251, 'mlp_dim_02': 323, 'mlp_dim_03': 373, 'node_hidden_dim': 125, 'edge_hidden_dim': 35, 'depth': 1, 'rep_dropout': 0.06757879424495496, 'train_learning_rate': 0.0008056465342254422, 'train_lr_reduce': 0.6}. Best is trial 122 with value: 0.09548358619213104.
[I 2024-12-19 22:17:07,749] Trial 2358 finished with value: 1.4374133348464966 and parameters: {'mlp_n_layers': 4, 'mlp_dim_00': 132, 'mlp_dim_01': 409, 'mlp_dim_02': 479, 'mlp_dim_03': 404, 'node_hidden_dim': 106, 'edge_hidden_dim': 38, 'depth': 4, 'rep_dropout': 0.13157453652056425, 'train_learning_rate': 0.0015323960020081108, 'train_lr_reduce': 0.6}. Best is trial 122 with value: 0.09548358619213104.
[I 2024-12-19 22:17:30,075] Trial 2359 finished with value: 0.18746626377105713 and parameters: {'mlp_n_layers': 4, 'mlp_dim_00': 363, 'mlp_dim_01': 363, 'mlp_dim_02': 412, 'mlp_dim_03': 478, 'node_hidden_dim': 97, 'edge_hidden_dim': 50, 'depth': 1, 'rep_dropout': 0.09762713401392707, 'train_learning_rate': 0.0006352710613979658, 'train_lr_reduce': 0.6}. Best is trial 122 with value: 0.09548358619213104.
[I 2024-12-19 22:17:32,197] Trial 2360 finished with value: 0.21640941500663757 and parameters: {'mlp_n_layers': 4, 'mlp_dim_00': 426, 'mlp_dim_01': 309, 'mlp_dim_02': 361, 'mlp_dim_03': 363, 'node_hidden_dim': 116, 'edge_hidden_dim': 98, 'depth': 2, 'rep_dropout': 0.14348539913312058, 'train_learning_rate': 0.00046847444517971793, 'train_lr_reduce': 0.6}. Best is trial 122 with value: 0.09548358619213104.
[I 2024-12-19 22:17:35,413] Trial 2362 finished with value: 1.6832916736602783 and parameters: {'mlp_n_layers': 4, 'mlp_dim_00': 440, 'mlp_dim_01': 344, 'mlp_dim_02': 389, 'mlp_dim_03': 409, 'node_hidden_dim': 109, 'edge_hidden_dim': 87, 'depth': 2, 'rep_dropout': 0.039402788406263455, 'train_learning_rate': 0.00043168446125574247, 'train_lr_reduce': 0.6}. Best is trial 122 with value: 0.09548358619213104.
[I 2024-12-19 22:17:53,982] Trial 2361 finished with value: 0.11542293429374695 and parameters: {'mlp_n_layers': 4, 'mlp_dim_00': 298, 'mlp_dim_01': 410, 'mlp_dim_02': 307, 'mlp_dim_03': 447, 'node_hidden_dim': 77, 'edge_hidden_dim': 47, 'depth': 1, 'rep_dropout': 0.10828832337301592, 'train_learning_rate': 0.0006834457180620026, 'train_lr_reduce': 0.6}. Best is trial 122 with value: 0.09548358619213104.
[I 2024-12-19 22:17:55,253] Trial 2364 finished with value: 0.3001883029937744 and parameters: {'mlp_n_layers': 4, 'mlp_dim_00': 366, 'mlp_dim_01': 373, 'mlp_dim_02': 346, 'mlp_dim_03': 362, 'node_hidden_dim': 84, 'edge_hidden_dim': 64, 'depth': 1, 'rep_dropout': 0.11520689137549703, 'train_learning_rate': 0.0019369242402669353, 'train_lr_reduce': 0.6}. Best is trial 122 with value: 0.09548358619213104.
