[I 2024-12-19 20:03:42,533] Trial 1145 finished with value: 0.1893886774778366 and parameters: {'mlp_n_layers': 1, 'mlp_dim_00': 426, 'node_hidden_dim': 44, 'edge_hidden_dim': 46, 'depth': 1, 'rep_dropout': 0.014930321326368588, 'train_learning_rate': 0.009157713029188799, 'train_lr_reduce': 0.6}. Best is trial 673 with value: 0.11172225326299667.
[I 2024-12-19 20:03:48,886] Trial 1148 finished with value: 1.1431995630264282 and parameters: {'mlp_n_layers': 1, 'mlp_dim_00': 137, 'node_hidden_dim': 108, 'edge_hidden_dim': 53, 'depth': 4, 'rep_dropout': 0.03163661869216778, 'train_learning_rate': 0.0003321446824105467, 'train_lr_reduce': 0.6}. Best is trial 673 with value: 0.11172225326299667.
[I 2024-12-19 20:03:59,774] Trial 1147 finished with value: 0.20819750428199768 and parameters: {'mlp_n_layers': 3, 'mlp_dim_00': 393, 'mlp_dim_01': 429, 'mlp_dim_02': 164, 'node_hidden_dim': 40, 'edge_hidden_dim': 87, 'depth': 1, 'rep_dropout': 0.00409780161144568, 'train_learning_rate': 0.0037928737062476996, 'train_lr_reduce': 0.6}. Best is trial 673 with value: 0.11172225326299667.
[I 2024-12-19 20:04:00,309] Trial 1146 finished with value: 0.1766926646232605 and parameters: {'mlp_n_layers': 3, 'mlp_dim_00': 497, 'mlp_dim_01': 467, 'mlp_dim_02': 234, 'node_hidden_dim': 51, 'edge_hidden_dim': 40, 'depth': 1, 'rep_dropout': 0.03409246777084624, 'train_learning_rate': 0.003918060592480617, 'train_lr_reduce': 0.6}. Best is trial 673 with value: 0.11172225326299667.
[I 2024-12-19 20:04:30,098] Trial 1149 finished with value: 0.16364099085330963 and parameters: {'mlp_n_layers': 2, 'mlp_dim_00': 337, 'mlp_dim_01': 507, 'node_hidden_dim': 74, 'edge_hidden_dim': 51, 'depth': 1, 'rep_dropout': 0.005437114412849219, 'train_learning_rate': 0.00896111596585501, 'train_lr_reduce': 0.6}. Best is trial 673 with value: 0.11172225326299667.
[I 2024-12-19 20:04:35,636] Trial 1152 finished with value: 1.143027424812317 and parameters: {'mlp_n_layers': 3, 'mlp_dim_00': 492, 'mlp_dim_01': 471, 'mlp_dim_02': 369, 'node_hidden_dim': 64, 'edge_hidden_dim': 66, 'depth': 2, 'rep_dropout': 0.04900255180440843, 'train_learning_rate': 0.0010732738504894586, 'train_lr_reduce': 0.6}. Best is trial 673 with value: 0.11172225326299667.
[I 2024-12-19 20:04:39,289] Trial 1150 finished with value: 0.16017797589302063 and parameters: {'mlp_n_layers': 1, 'mlp_dim_00': 464, 'node_hidden_dim': 57, 'edge_hidden_dim': 38, 'depth': 1, 'rep_dropout': 0.00267006037093184, 'train_learning_rate': 0.0023045813666990474, 'train_lr_reduce': 0.6}. Best is trial 673 with value: 0.11172225326299667.
[I 2024-12-19 20:04:42,559] Trial 1151 finished with value: 0.17800025641918182 and parameters: {'mlp_n_layers': 2, 'mlp_dim_00': 511, 'mlp_dim_01': 425, 'node_hidden_dim': 53, 'edge_hidden_dim': 67, 'depth': 1, 'rep_dropout': 0.0526939347531698, 'train_learning_rate': 0.007496968162475702, 'train_lr_reduce': 0.6}. Best is trial 673 with value: 0.11172225326299667.
[I 2024-12-19 20:04:58,136] Trial 1153 finished with value: 0.31137120723724365 and parameters: {'mlp_n_layers': 2, 'mlp_dim_00': 102, 'mlp_dim_01': 510, 'node_hidden_dim': 75, 'edge_hidden_dim': 32, 'depth': 2, 'rep_dropout': 0.1245750458242666, 'train_learning_rate': 0.006395646790094881, 'train_lr_reduce': 0.6}. Best is trial 673 with value: 0.11172225326299667.
[I 2024-12-19 20:05:23,006] Trial 1155 finished with value: 0.21063658595085144 and parameters: {'mlp_n_layers': 3, 'mlp_dim_00': 413, 'mlp_dim_01': 416, 'mlp_dim_02': 296, 'node_hidden_dim': 67, 'edge_hidden_dim': 55, 'depth': 1, 'rep_dropout': 0.024527139372384463, 'train_learning_rate': 0.0024668073730537456, 'train_lr_reduce': 0.6}. Best is trial 673 with value: 0.11172225326299667.
[I 2024-12-19 20:05:24,149] Trial 1154 finished with value: 0.1554863601922989 and parameters: {'mlp_n_layers': 1, 'mlp_dim_00': 420, 'node_hidden_dim': 39, 'edge_hidden_dim': 46, 'depth': 1, 'rep_dropout': 0.001241708899902876, 'train_learning_rate': 0.00378087711305992, 'train_lr_reduce': 0.6}. Best is trial 673 with value: 0.11172225326299667.
[I 2024-12-19 20:05:29,639] Trial 1158 finished with value: 1.1468479633331299 and parameters: {'mlp_n_layers': 2, 'mlp_dim_00': 374, 'mlp_dim_01': 464, 'node_hidden_dim': 58, 'edge_hidden_dim': 44, 'depth': 2, 'rep_dropout': 0.05084588847514555, 'train_learning_rate': 0.0033961854542566144, 'train_lr_reduce': 0.6}. Best is trial 673 with value: 0.11172225326299667.
[I 2024-12-19 20:05:34,896] Trial 1159 finished with value: 1.1424928903579712 and parameters: {'mlp_n_layers': 1, 'mlp_dim_00': 292, 'node_hidden_dim': 36, 'edge_hidden_dim': 41, 'depth': 2, 'rep_dropout': 0.03470173165664942, 'train_learning_rate': 0.0018373195803432078, 'train_lr_reduce': 0.6}. Best is trial 673 with value: 0.11172225326299667.
[I 2024-12-19 20:05:39,099] Trial 1156 finished with value: 0.14857394993305206 and parameters: {'mlp_n_layers': 1, 'mlp_dim_00': 485, 'node_hidden_dim': 57, 'edge_hidden_dim': 63, 'depth': 1, 'rep_dropout': 0.011349503247963036, 'train_learning_rate': 0.003137005980851546, 'train_lr_reduce': 0.6}. Best is trial 673 with value: 0.11172225326299667.
[I 2024-12-19 20:05:40,264] Trial 1160 finished with value: 1.1478028297424316 and parameters: {'mlp_n_layers': 1, 'mlp_dim_00': 361, 'node_hidden_dim': 66, 'edge_hidden_dim': 69, 'depth': 1, 'rep_dropout': 0.0007276363503308887, 'train_learning_rate': 0.0008542238122969607, 'train_lr_reduce': 0.6}. Best is trial 673 with value: 0.11172225326299667.
[I 2024-12-19 20:05:44,197] Trial 1161 finished with value: 1.142240047454834 and parameters: {'mlp_n_layers': 2, 'mlp_dim_00': 311, 'mlp_dim_01': 401, 'node_hidden_dim': 74, 'edge_hidden_dim': 57, 'depth': 2, 'rep_dropout': 0.004928170953425095, 'train_learning_rate': 0.0033419328303889565, 'train_lr_reduce': 0.6}. Best is trial 673 with value: 0.11172225326299667.
[I 2024-12-19 20:06:03,462] Trial 1163 finished with value: 0.2268313318490982 and parameters: {'mlp_n_layers': 1, 'mlp_dim_00': 367, 'node_hidden_dim': 59, 'edge_hidden_dim': 45, 'depth': 1, 'rep_dropout': 0.019140392442743345, 'train_learning_rate': 0.003725804429426485, 'train_lr_reduce': 0.6}. Best is trial 673 with value: 0.11172225326299667.
[I 2024-12-19 20:06:09,732] Trial 1157 finished with value: 0.19511385262012482 and parameters: {'mlp_n_layers': 2, 'mlp_dim_00': 437, 'mlp_dim_01': 411, 'node_hidden_dim': 52, 'edge_hidden_dim': 59, 'depth': 2, 'rep_dropout': 0.00845572475220804, 'train_learning_rate': 0.004678899438605777, 'train_lr_reduce': 0.6}. Best is trial 673 with value: 0.11172225326299667.
[I 2024-12-19 20:06:14,932] Trial 1165 finished with value: 1.1429184675216675 and parameters: {'mlp_n_layers': 2, 'mlp_dim_00': 396, 'mlp_dim_01': 456, 'node_hidden_dim': 71, 'edge_hidden_dim': 53, 'depth': 1, 'rep_dropout': 0.033779422198064575, 'train_learning_rate': 0.000765717305729657, 'train_lr_reduce': 0.6}. Best is trial 673 with value: 0.11172225326299667.
[I 2024-12-19 20:06:19,464] Trial 1162 finished with value: 0.15362808108329773 and parameters: {'mlp_n_layers': 1, 'mlp_dim_00': 228, 'node_hidden_dim': 35, 'edge_hidden_dim': 92, 'depth': 1, 'rep_dropout': 0.036461374391884786, 'train_learning_rate': 0.003798299277616685, 'train_lr_reduce': 0.6}. Best is trial 673 with value: 0.11172225326299667.
[I 2024-12-19 20:06:22,302] Trial 1166 finished with value: 1.1419072151184082 and parameters: {'mlp_n_layers': 3, 'mlp_dim_00': 448, 'mlp_dim_01': 421, 'mlp_dim_02': 511, 'node_hidden_dim': 122, 'edge_hidden_dim': 126, 'depth': 3, 'rep_dropout': 0.08086203750716642, 'train_learning_rate': 0.00010923671182638292, 'train_lr_reduce': 0.6}. Best is trial 673 with value: 0.11172225326299667.
[I 2024-12-19 20:06:25,377] Trial 1167 finished with value: 1.14187490940094 and parameters: {'mlp_n_layers': 4, 'mlp_dim_00': 96, 'mlp_dim_01': 466, 'mlp_dim_02': 114, 'mlp_dim_03': 141, 'node_hidden_dim': 43, 'edge_hidden_dim': 110, 'depth': 1, 'rep_dropout': 0.021480259660582382, 'train_learning_rate': 0.0008871118233081568, 'train_lr_reduce': 0.6}. Best is trial 673 with value: 0.11172225326299667.
[I 2024-12-19 20:06:27,039] Trial 1164 finished with value: 0.2381000965833664 and parameters: {'mlp_n_layers': 2, 'mlp_dim_00': 424, 'mlp_dim_01': 511, 'node_hidden_dim': 57, 'edge_hidden_dim': 51, 'depth': 1, 'rep_dropout': 0.013322472327633422, 'train_learning_rate': 0.005922303939664916, 'train_lr_reduce': 0.6}. Best is trial 673 with value: 0.11172225326299667.
[I 2024-12-19 20:06:33,011] Trial 1170 finished with value: 1.1415917873382568 and parameters: {'mlp_n_layers': 1, 'mlp_dim_00': 111, 'node_hidden_dim': 78, 'edge_hidden_dim': 97, 'depth': 3, 'rep_dropout': 0.04250556672672732, 'train_learning_rate': 0.00011350325319660439, 'train_lr_reduce': 0.6}. Best is trial 673 with value: 0.11172225326299667.
[I 2024-12-19 20:06:39,226] Trial 1168 finished with value: 0.21173527836799622 and parameters: {'mlp_n_layers': 1, 'mlp_dim_00': 263, 'node_hidden_dim': 32, 'edge_hidden_dim': 52, 'depth': 1, 'rep_dropout': 0.03632028772384166, 'train_learning_rate': 0.004648757549111561, 'train_lr_reduce': 0.6}. Best is trial 673 with value: 0.11172225326299667.
[I 2024-12-19 20:06:51,444] Trial 1169 finished with value: 0.15050940215587616 and parameters: {'mlp_n_layers': 1, 'mlp_dim_00': 461, 'node_hidden_dim': 33, 'edge_hidden_dim': 47, 'depth': 1, 'rep_dropout': 0.04674142871265633, 'train_learning_rate': 0.0067604429993379095, 'train_lr_reduce': 0.6}. Best is trial 673 with value: 0.11172225326299667.
[I 2024-12-19 20:07:14,285] Trial 1171 finished with value: 0.1426224261522293 and parameters: {'mlp_n_layers': 1, 'mlp_dim_00': 439, 'node_hidden_dim': 56, 'edge_hidden_dim': 51, 'depth': 1, 'rep_dropout': 0.04527532744340056, 'train_learning_rate': 0.002026607695126044, 'train_lr_reduce': 0.6}. Best is trial 673 with value: 0.11172225326299667.
[I 2024-12-19 20:07:17,948] Trial 1172 finished with value: 0.21976500749588013 and parameters: {'mlp_n_layers': 1, 'mlp_dim_00': 496, 'node_hidden_dim': 46, 'edge_hidden_dim': 71, 'depth': 1, 'rep_dropout': 0.004944674830279843, 'train_learning_rate': 0.005008140877417763, 'train_lr_reduce': 0.6}. Best is trial 673 with value: 0.11172225326299667.
[I 2024-12-19 20:07:18,822] Trial 1173 finished with value: 0.35569697618484497 and parameters: {'mlp_n_layers': 1, 'mlp_dim_00': 320, 'node_hidden_dim': 48, 'edge_hidden_dim': 77, 'depth': 2, 'rep_dropout': 0.03548284144972155, 'train_learning_rate': 0.006719461426820878, 'train_lr_reduce': 0.6}. Best is trial 673 with value: 0.11172225326299667.
[I 2024-12-19 20:07:19,551] Trial 1174 finished with value: 1.144022822380066 and parameters: {'mlp_n_layers': 1, 'mlp_dim_00': 509, 'node_hidden_dim': 32, 'edge_hidden_dim': 58, 'depth': 2, 'rep_dropout': 0.02983389918893922, 'train_learning_rate': 0.003678997129149975, 'train_lr_reduce': 0.6}. Best is trial 673 with value: 0.11172225326299667.
[I 2024-12-19 20:07:24,992] Trial 1176 finished with value: 1.150071382522583 and parameters: {'mlp_n_layers': 1, 'mlp_dim_00': 432, 'node_hidden_dim': 32, 'edge_hidden_dim': 48, 'depth': 2, 'rep_dropout': 0.009833867929176603, 'train_learning_rate': 0.0046983954771116655, 'train_lr_reduce': 0.6}. Best is trial 673 with value: 0.11172225326299667.
[I 2024-12-19 20:07:30,935] Trial 1178 finished with value: 1.1423275470733643 and parameters: {'mlp_n_layers': 3, 'mlp_dim_00': 93, 'mlp_dim_01': 466, 'mlp_dim_02': 456, 'node_hidden_dim': 89, 'edge_hidden_dim': 55, 'depth': 1, 'rep_dropout': 0.052252548345499555, 'train_learning_rate': 0.0006216746523624885, 'train_lr_reduce': 0.6}. Best is trial 673 with value: 0.11172225326299667.
[I 2024-12-19 20:08:03,395] Trial 1175 finished with value: 0.15420392155647278 and parameters: {'mlp_n_layers': 2, 'mlp_dim_00': 369, 'mlp_dim_01': 395, 'node_hidden_dim': 32, 'edge_hidden_dim': 84, 'depth': 1, 'rep_dropout': 0.0490355544268315, 'train_learning_rate': 0.002257500100740565, 'train_lr_reduce': 0.6}. Best is trial 673 with value: 0.11172225326299667.
[I 2024-12-19 20:08:04,464] Trial 1177 finished with value: 0.12262728810310364 and parameters: {'mlp_n_layers': 1, 'mlp_dim_00': 399, 'node_hidden_dim': 52, 'edge_hidden_dim': 46, 'depth': 1, 'rep_dropout': 0.02244860336236789, 'train_learning_rate': 0.002849139025668738, 'train_lr_reduce': 0.6}. Best is trial 673 with value: 0.11172225326299667.
[I 2024-12-19 20:08:10,309] Trial 1179 finished with value: 0.22456558048725128 and parameters: {'mlp_n_layers': 3, 'mlp_dim_00': 459, 'mlp_dim_01': 402, 'mlp_dim_02': 216, 'node_hidden_dim': 65, 'edge_hidden_dim': 60, 'depth': 1, 'rep_dropout': 0.0009736041665408951, 'train_learning_rate': 0.0030161289992119665, 'train_lr_reduce': 0.6}. Best is trial 673 with value: 0.11172225326299667.
[I 2024-12-19 20:08:25,180] Trial 1180 finished with value: 0.1522298902273178 and parameters: {'mlp_n_layers': 1, 'mlp_dim_00': 338, 'node_hidden_dim': 32, 'edge_hidden_dim': 49, 'depth': 1, 'rep_dropout': 0.029866151496754745, 'train_learning_rate': 0.003965091513618409, 'train_lr_reduce': 0.6}. Best is trial 673 with value: 0.11172225326299667.
[I 2024-12-19 20:08:44,021] Trial 1182 finished with value: 0.21239028871059418 and parameters: {'mlp_n_layers': 2, 'mlp_dim_00': 445, 'mlp_dim_01': 471, 'node_hidden_dim': 39, 'edge_hidden_dim': 54, 'depth': 1, 'rep_dropout': 0.0026941580426254573, 'train_learning_rate': 0.006373356816079384, 'train_lr_reduce': 0.6}. Best is trial 673 with value: 0.11172225326299667.
[I 2024-12-19 20:08:47,299] Trial 1181 finished with value: 0.1527414172887802 and parameters: {'mlp_n_layers': 2, 'mlp_dim_00': 401, 'mlp_dim_01': 426, 'node_hidden_dim': 59, 'edge_hidden_dim': 60, 'depth': 1, 'rep_dropout': 0.03664750137836192, 'train_learning_rate': 0.0016306804150752066, 'train_lr_reduce': 0.6}. Best is trial 673 with value: 0.11172225326299667.
[I 2024-12-19 20:08:49,172] Trial 1184 finished with value: 1.1430556774139404 and parameters: {'mlp_n_layers': 1, 'mlp_dim_00': 280, 'node_hidden_dim': 96, 'edge_hidden_dim': 55, 'depth': 2, 'rep_dropout': 0.07206006436093704, 'train_learning_rate': 0.0006898831389655644, 'train_lr_reduce': 0.6}. Best is trial 673 with value: 0.11172225326299667.
[I 2024-12-19 20:09:01,451] Trial 1183 finished with value: 0.1436496376991272 and parameters: {'mlp_n_layers': 1, 'mlp_dim_00': 362, 'node_hidden_dim': 65, 'edge_hidden_dim': 35, 'depth': 1, 'rep_dropout': 0.03622799754481011, 'train_learning_rate': 0.0016702446740546515, 'train_lr_reduce': 0.6}. Best is trial 673 with value: 0.11172225326299667.
[I 2024-12-19 20:09:26,925] Trial 1185 finished with value: 0.1364339143037796 and parameters: {'mlp_n_layers': 1, 'mlp_dim_00': 452, 'node_hidden_dim': 54, 'edge_hidden_dim': 36, 'depth': 1, 'rep_dropout': 0.038683362223137674, 'train_learning_rate': 0.0036733313740382957, 'train_lr_reduce': 0.6}. Best is trial 673 with value: 0.11172225326299667.
[I 2024-12-19 20:09:32,212] Trial 1186 finished with value: 0.37253111600875854 and parameters: {'mlp_n_layers': 1, 'mlp_dim_00': 336, 'node_hidden_dim': 32, 'edge_hidden_dim': 47, 'depth': 1, 'rep_dropout': 0.0014289182731707264, 'train_learning_rate': 0.00981705955918464, 'train_lr_reduce': 0.6}. Best is trial 673 with value: 0.11172225326299667.
[I 2024-12-19 20:09:42,107] Trial 1187 finished with value: 0.12348255515098572 and parameters: {'mlp_n_layers': 1, 'mlp_dim_00': 499, 'node_hidden_dim': 32, 'edge_hidden_dim': 63, 'depth': 1, 'rep_dropout': 0.010597731913112057, 'train_learning_rate': 0.0036071612326710866, 'train_lr_reduce': 0.6}. Best is trial 673 with value: 0.11172225326299667.
[I 2024-12-19 20:10:06,523] Trial 1188 finished with value: 0.2697544991970062 and parameters: {'mlp_n_layers': 1, 'mlp_dim_00': 471, 'node_hidden_dim': 82, 'edge_hidden_dim': 59, 'depth': 1, 'rep_dropout': 0.007154673826180211, 'train_learning_rate': 0.007345677583510855, 'train_lr_reduce': 0.6}. Best is trial 673 with value: 0.11172225326299667.
[I 2024-12-19 20:10:12,159] Trial 1189 finished with value: 0.11778467893600464 and parameters: {'mlp_n_layers': 1, 'mlp_dim_00': 511, 'node_hidden_dim': 32, 'edge_hidden_dim': 46, 'depth': 1, 'rep_dropout': 0.030985751008603776, 'train_learning_rate': 0.003360633460657504, 'train_lr_reduce': 0.6}. Best is trial 673 with value: 0.11172225326299667.
[I 2024-12-19 20:10:19,795] Trial 1190 finished with value: 0.17965932190418243 and parameters: {'mlp_n_layers': 1, 'mlp_dim_00': 370, 'node_hidden_dim': 56, 'edge_hidden_dim': 53, 'depth': 1, 'rep_dropout': 0.03460594781777062, 'train_learning_rate': 0.0043762226048338106, 'train_lr_reduce': 0.6}. Best is trial 673 with value: 0.11172225326299667.
[I 2024-12-19 20:10:25,123] Trial 1193 finished with value: 1.1472406387329102 and parameters: {'mlp_n_layers': 3, 'mlp_dim_00': 364, 'mlp_dim_01': 512, 'mlp_dim_02': 302, 'node_hidden_dim': 69, 'edge_hidden_dim': 72, 'depth': 2, 'rep_dropout': 0.03950053314891411, 'train_learning_rate': 0.005831125725835199, 'train_lr_reduce': 0.6}. Best is trial 673 with value: 0.11172225326299667.
[I 2024-12-19 20:10:44,912] Trial 1191 finished with value: 0.17428672313690186 and parameters: {'mlp_n_layers': 2, 'mlp_dim_00': 345, 'mlp_dim_01': 384, 'node_hidden_dim': 50, 'edge_hidden_dim': 50, 'depth': 1, 'rep_dropout': 0.01970166751919749, 'train_learning_rate': 0.0028289627834341483, 'train_lr_reduce': 0.6}. Best is trial 673 with value: 0.11172225326299667.
[I 2024-12-19 20:10:52,124] Trial 1192 finished with value: 0.1225101426243782 and parameters: {'mlp_n_layers': 1, 'mlp_dim_00': 402, 'node_hidden_dim': 32, 'edge_hidden_dim': 43, 'depth': 1, 'rep_dropout': 0.028947419158019357, 'train_learning_rate': 0.0016780901211872223, 'train_lr_reduce': 0.6}. Best is trial 673 with value: 0.11172225326299667.
[I 2024-12-19 20:10:57,426] Trial 1196 finished with value: 1.1496727466583252 and parameters: {'mlp_n_layers': 1, 'mlp_dim_00': 394, 'node_hidden_dim': 32, 'edge_hidden_dim': 45, 'depth': 1, 'rep_dropout': 0.05175415662507765, 'train_learning_rate': 0.0012518996207693288, 'train_lr_reduce': 0.6}. Best is trial 673 with value: 0.11172225326299667.
[I 2024-12-19 20:11:03,450] Trial 1194 finished with value: 0.17406004667282104 and parameters: {'mlp_n_layers': 1, 'mlp_dim_00': 512, 'node_hidden_dim': 37, 'edge_hidden_dim': 62, 'depth': 1, 'rep_dropout': 0.040405384220374214, 'train_learning_rate': 0.0015369606648938817, 'train_lr_reduce': 0.6}. Best is trial 673 with value: 0.11172225326299667.
[I 2024-12-19 20:11:09,488] Trial 1198 finished with value: 1.1491528749465942 and parameters: {'mlp_n_layers': 1, 'mlp_dim_00': 510, 'node_hidden_dim': 38, 'edge_hidden_dim': 61, 'depth': 2, 'rep_dropout': 0.005606239228957537, 'train_learning_rate': 0.0008238741822715415, 'train_lr_reduce': 0.6}. Best is trial 673 with value: 0.11172225326299667.
[I 2024-12-19 20:11:25,555] Trial 1195 finished with value: 0.22473254799842834 and parameters: {'mlp_n_layers': 3, 'mlp_dim_00': 483, 'mlp_dim_01': 378, 'mlp_dim_02': 390, 'node_hidden_dim': 124, 'edge_hidden_dim': 34, 'depth': 1, 'rep_dropout': 0.03237322439477541, 'train_learning_rate': 0.001221829519987287, 'train_lr_reduce': 0.6}. Best is trial 673 with value: 0.11172225326299667.
[I 2024-12-19 20:11:33,954] Trial 1197 finished with value: 0.14858056604862213 and parameters: {'mlp_n_layers': 1, 'mlp_dim_00': 495, 'node_hidden_dim': 46, 'edge_hidden_dim': 49, 'depth': 1, 'rep_dropout': 0.048664461475417295, 'train_learning_rate': 0.002466750213222068, 'train_lr_reduce': 0.6}. Best is trial 673 with value: 0.11172225326299667.
[I 2024-12-19 20:11:46,547] Trial 1200 finished with value: 0.24708086252212524 and parameters: {'mlp_n_layers': 3, 'mlp_dim_00': 488, 'mlp_dim_01': 466, 'mlp_dim_02': 124, 'node_hidden_dim': 41, 'edge_hidden_dim': 68, 'depth': 1, 'rep_dropout': 0.052538112372409684, 'train_learning_rate': 0.0022931809795763733, 'train_lr_reduce': 0.6}. Best is trial 673 with value: 0.11172225326299667.
[I 2024-12-19 20:11:49,393] Trial 1199 finished with value: 0.1488945633172989 and parameters: {'mlp_n_layers': 2, 'mlp_dim_00': 496, 'mlp_dim_01': 431, 'node_hidden_dim': 34, 'edge_hidden_dim': 43, 'depth': 1, 'rep_dropout': 0.02180890497309181, 'train_learning_rate': 0.009846897646015308, 'train_lr_reduce': 0.6}. Best is trial 673 with value: 0.11172225326299667.
[I 2024-12-19 20:11:53,294] Trial 1201 finished with value: 0.698887288570404 and parameters: {'mlp_n_layers': 2, 'mlp_dim_00': 340, 'mlp_dim_01': 512, 'node_hidden_dim': 126, 'edge_hidden_dim': 65, 'depth': 3, 'rep_dropout': 0.046612001636223435, 'train_learning_rate': 0.008432743364064594, 'train_lr_reduce': 0.6}. Best is trial 673 with value: 0.11172225326299667.
[I 2024-12-19 20:11:58,637] Trial 1204 finished with value: 1.144028663635254 and parameters: {'mlp_n_layers': 1, 'mlp_dim_00': 407, 'node_hidden_dim': 52, 'edge_hidden_dim': 36, 'depth': 2, 'rep_dropout': 0.011706489438582449, 'train_learning_rate': 0.00041297466102738347, 'train_lr_reduce': 0.6}. Best is trial 673 with value: 0.11172225326299667.
[I 2024-12-19 20:12:03,492] Trial 1205 finished with value: 1.1427077054977417 and parameters: {'mlp_n_layers': 1, 'mlp_dim_00': 466, 'node_hidden_dim': 34, 'edge_hidden_dim': 40, 'depth': 1, 'rep_dropout': 0.040899085783201096, 'train_learning_rate': 0.0009630725769680424, 'train_lr_reduce': 0.6}. Best is trial 673 with value: 0.11172225326299667.
[I 2024-12-19 20:12:10,956] Trial 1202 finished with value: 0.18868598341941833 and parameters: {'mlp_n_layers': 2, 'mlp_dim_00': 442, 'mlp_dim_01': 375, 'node_hidden_dim': 56, 'edge_hidden_dim': 56, 'depth': 1, 'rep_dropout': 0.0014939083244700745, 'train_learning_rate': 0.006136465218057388, 'train_lr_reduce': 0.6}. Best is trial 673 with value: 0.11172225326299667.
