Seed set to 42
[I 2024-12-15 01:02:23,904] A new study created in RDB with name: Pc_afp
[I 2024-12-15 01:02:54,704] Trial 0 finished with value: 0.10267738997936249 and parameters: {'mlp_n_layers': 3, 'mlp_dim_00': 176, 'mlp_dim_01': 240, 'mlp_dim_02': 48, 'hidden_channels': 144, 'num_layers': 1, 'num_timesteps': 2, 'dropout': 0.09143609770607969, 'train_learning_rate': 0.005587109761567411, 'train_lr_reduce': 0.6}. Best is trial 0 with value: 0.10267738997936249.
[I 2024-12-15 01:03:00,194] Trial 2 finished with value: 0.12346253544092178 and parameters: {'mlp_n_layers': 3, 'mlp_dim_00': 128, 'mlp_dim_01': 48, 'mlp_dim_02': 80, 'hidden_channels': 32, 'num_layers': 1, 'num_timesteps': 1, 'dropout': 0.06407161855806091, 'train_learning_rate': 0.0022003254816332497, 'train_lr_reduce': 0.6}. Best is trial 0 with value: 0.10267738997936249.
[I 2024-12-15 01:03:10,141] Trial 3 finished with value: 0.1417674869298935 and parameters: {'mlp_n_layers': 4, 'mlp_dim_00': 192, 'mlp_dim_01': 176, 'mlp_dim_02': 208, 'mlp_dim_03': 64, 'hidden_channels': 112, 'num_layers': 4, 'num_timesteps': 4, 'dropout': 0.26407605583354443, 'train_learning_rate': 0.0012249088545607748, 'train_lr_reduce': 0.6}. Best is trial 0 with value: 0.10267738997936249.
[I 2024-12-15 01:03:12,923] Trial 1 finished with value: 0.14879807829856873 and parameters: {'mlp_n_layers': 3, 'mlp_dim_00': 96, 'mlp_dim_01': 96, 'mlp_dim_02': 176, 'hidden_channels': 48, 'num_layers': 3, 'num_timesteps': 2, 'dropout': 0.21223541949262165, 'train_learning_rate': 0.007593834890871029, 'train_lr_reduce': 0.6}. Best is trial 0 with value: 0.10267738997936249.
[I 2024-12-15 01:03:24,808] Trial 4 finished with value: 0.25011250376701355 and parameters: {'mlp_n_layers': 2, 'mlp_dim_00': 144, 'mlp_dim_01': 192, 'hidden_channels': 80, 'num_layers': 4, 'num_timesteps': 3, 'dropout': 0.2963559353260519, 'train_learning_rate': 0.00016892091789070802, 'train_lr_reduce': 0.6}. Best is trial 0 with value: 0.10267738997936249.
[I 2024-12-15 01:03:37,210] Trial 5 finished with value: 0.19850698113441467 and parameters: {'mlp_n_layers': 2, 'mlp_dim_00': 112, 'mlp_dim_01': 32, 'hidden_channels': 224, 'num_layers': 1, 'num_timesteps': 4, 'dropout': 0.09616411294708857, 'train_learning_rate': 0.00010271915216287599, 'train_lr_reduce': 0.6}. Best is trial 0 with value: 0.10267738997936249.
[I 2024-12-15 01:03:41,290] Trial 7 finished with value: 0.159782275557518 and parameters: {'mlp_n_layers': 4, 'mlp_dim_00': 224, 'mlp_dim_01': 176, 'mlp_dim_02': 144, 'mlp_dim_03': 256, 'hidden_channels': 48, 'num_layers': 4, 'num_timesteps': 3, 'dropout': 0.2727506109533525, 'train_learning_rate': 0.0006475735925343638, 'train_lr_reduce': 0.6}. Best is trial 0 with value: 0.10267738997936249.
[I 2024-12-15 01:03:42,685] Trial 6 finished with value: 0.3303495943546295 and parameters: {'mlp_n_layers': 4, 'mlp_dim_00': 240, 'mlp_dim_01': 208, 'mlp_dim_02': 176, 'mlp_dim_03': 144, 'hidden_channels': 48, 'num_layers': 1, 'num_timesteps': 4, 'dropout': 0.10815348829524153, 'train_learning_rate': 0.00012509041893473655, 'train_lr_reduce': 0.6}. Best is trial 0 with value: 0.10267738997936249.
[I 2024-12-15 01:03:45,465] Trial 8 finished with value: 0.12191631644964218 and parameters: {'mlp_n_layers': 2, 'mlp_dim_00': 224, 'mlp_dim_01': 48, 'hidden_channels': 32, 'num_layers': 2, 'num_timesteps': 3, 'dropout': 0.0034378199151533393, 'train_learning_rate': 0.0010159358356761044, 'train_lr_reduce': 0.6}. Best is trial 0 with value: 0.10267738997936249.
[I 2024-12-15 01:04:00,017] Trial 9 finished with value: 0.16180109977722168 and parameters: {'mlp_n_layers': 2, 'mlp_dim_00': 32, 'mlp_dim_01': 128, 'hidden_channels': 48, 'num_layers': 4, 'num_timesteps': 1, 'dropout': 0.03546630522447023, 'train_learning_rate': 0.00028863280118677, 'train_lr_reduce': 0.6}. Best is trial 0 with value: 0.10267738997936249.
[I 2024-12-15 01:04:00,474] Trial 13 finished with value: 0.17746877670288086 and parameters: {'mlp_n_layers': 2, 'mlp_dim_00': 112, 'mlp_dim_01': 64, 'hidden_channels': 208, 'num_layers': 2, 'num_timesteps': 2, 'dropout': 0.020253260133519246, 'train_learning_rate': 0.005433515432831171, 'train_lr_reduce': 0.6}. Best is trial 0 with value: 0.10267738997936249.
[I 2024-12-15 01:04:07,796] Trial 12 finished with value: 0.13541650772094727 and parameters: {'mlp_n_layers': 3, 'mlp_dim_00': 128, 'mlp_dim_01': 208, 'mlp_dim_02': 256, 'hidden_channels': 208, 'num_layers': 1, 'num_timesteps': 1, 'dropout': 0.2562011399522525, 'train_learning_rate': 0.0003854678019157255, 'train_lr_reduce': 0.6}. Best is trial 0 with value: 0.10267738997936249.
[I 2024-12-15 01:04:16,050] Trial 15 finished with value: 0.15226438641548157 and parameters: {'mlp_n_layers': 3, 'mlp_dim_00': 80, 'mlp_dim_01': 224, 'mlp_dim_02': 32, 'hidden_channels': 176, 'num_layers': 1, 'num_timesteps': 1, 'dropout': 0.10543862298082686, 'train_learning_rate': 0.004833462468436005, 'train_lr_reduce': 0.6}. Best is trial 0 with value: 0.10267738997936249.
[I 2024-12-15 01:04:16,230] Trial 10 finished with value: 0.1736808866262436 and parameters: {'mlp_n_layers': 2, 'mlp_dim_00': 32, 'mlp_dim_01': 240, 'hidden_channels': 224, 'num_layers': 2, 'num_timesteps': 4, 'dropout': 0.28228997523529287, 'train_learning_rate': 0.00014137594090896045, 'train_lr_reduce': 0.6}. Best is trial 0 with value: 0.10267738997936249.
[I 2024-12-15 01:04:20,607] Trial 11 finished with value: 0.1554306298494339 and parameters: {'mlp_n_layers': 4, 'mlp_dim_00': 224, 'mlp_dim_01': 32, 'mlp_dim_02': 80, 'mlp_dim_03': 176, 'hidden_channels': 176, 'num_layers': 4, 'num_timesteps': 4, 'dropout': 0.02921144952614929, 'train_learning_rate': 0.00023417541004862723, 'train_lr_reduce': 0.6}. Best is trial 0 with value: 0.10267738997936249.
[I 2024-12-15 01:04:22,226] Trial 14 finished with value: 0.11296675354242325 and parameters: {'mlp_n_layers': 2, 'mlp_dim_00': 176, 'mlp_dim_01': 96, 'hidden_channels': 48, 'num_layers': 2, 'num_timesteps': 3, 'dropout': 0.014268261174270668, 'train_learning_rate': 0.0010216229857611956, 'train_lr_reduce': 0.6}. Best is trial 0 with value: 0.10267738997936249.
[I 2024-12-15 01:04:22,493] Trial 16 finished with value: 0.09994537383317947 and parameters: {'mlp_n_layers': 3, 'mlp_dim_00': 160, 'mlp_dim_01': 192, 'mlp_dim_02': 32, 'hidden_channels': 48, 'num_layers': 1, 'num_timesteps': 2, 'dropout': 0.14702744334577295, 'train_learning_rate': 0.003902597198718978, 'train_lr_reduce': 0.6}. Best is trial 16 with value: 0.09994537383317947.
[I 2024-12-15 01:04:32,932] Trial 17 finished with value: 0.13595135509967804 and parameters: {'mlp_n_layers': 3, 'mlp_dim_00': 176, 'mlp_dim_01': 208, 'mlp_dim_02': 112, 'hidden_channels': 224, 'num_layers': 2, 'num_timesteps': 2, 'dropout': 0.056439361454110486, 'train_learning_rate': 0.0020414180637741467, 'train_lr_reduce': 0.6}. Best is trial 16 with value: 0.09994537383317947.
[I 2024-12-15 01:04:38,149] Trial 21 finished with value: 0.11967405676841736 and parameters: {'mlp_n_layers': 3, 'mlp_dim_00': 224, 'mlp_dim_01': 224, 'mlp_dim_02': 32, 'hidden_channels': 64, 'num_layers': 1, 'num_timesteps': 1, 'dropout': 0.1510929651091455, 'train_learning_rate': 0.003285950518979961, 'train_lr_reduce': 0.6}. Best is trial 16 with value: 0.09994537383317947.
[I 2024-12-15 01:04:43,995] Trial 20 finished with value: 0.11635813862085342 and parameters: {'mlp_n_layers': 3, 'mlp_dim_00': 192, 'mlp_dim_01': 256, 'mlp_dim_02': 32, 'hidden_channels': 112, 'num_layers': 1, 'num_timesteps': 2, 'dropout': 0.20314360078851376, 'train_learning_rate': 0.00556759987523319, 'train_lr_reduce': 0.6}. Best is trial 16 with value: 0.09994537383317947.
[I 2024-12-15 01:04:47,137] Trial 19 finished with value: 0.16932566463947296 and parameters: {'mlp_n_layers': 2, 'mlp_dim_00': 208, 'mlp_dim_01': 32, 'hidden_channels': 48, 'num_layers': 1, 'num_timesteps': 1, 'dropout': 0.053224397123644705, 'train_learning_rate': 0.00023049990840377067, 'train_lr_reduce': 0.6}. Best is trial 16 with value: 0.09994537383317947.
[I 2024-12-15 01:04:51,134] Trial 18 finished with value: 0.2254868894815445 and parameters: {'mlp_n_layers': 2, 'mlp_dim_00': 240, 'mlp_dim_01': 64, 'hidden_channels': 32, 'num_layers': 3, 'num_timesteps': 3, 'dropout': 0.1777521345975583, 'train_learning_rate': 0.0004004424983825501, 'train_lr_reduce': 0.6}. Best is trial 16 with value: 0.09994537383317947.
[I 2024-12-15 01:04:51,975] Trial 23 finished with value: 0.09901189804077148 and parameters: {'mlp_n_layers': 3, 'mlp_dim_00': 176, 'mlp_dim_01': 128, 'mlp_dim_02': 32, 'hidden_channels': 80, 'num_layers': 1, 'num_timesteps': 3, 'dropout': 0.2408076868656145, 'train_learning_rate': 0.004213446311424564, 'train_lr_reduce': 0.6}. Best is trial 23 with value: 0.09901189804077148.
[I 2024-12-15 01:04:55,794] Trial 24 finished with value: 0.11522815376520157 and parameters: {'mlp_n_layers': 2, 'mlp_dim_00': 112, 'mlp_dim_01': 208, 'hidden_channels': 32, 'num_layers': 1, 'num_timesteps': 3, 'dropout': 0.11724477026963562, 'train_learning_rate': 0.0016028505198489613, 'train_lr_reduce': 0.6}. Best is trial 23 with value: 0.09901189804077148.
[I 2024-12-15 01:04:56,699] Trial 22 finished with value: 0.11377675831317902 and parameters: {'mlp_n_layers': 3, 'mlp_dim_00': 128, 'mlp_dim_01': 256, 'mlp_dim_02': 80, 'hidden_channels': 112, 'num_layers': 3, 'num_timesteps': 3, 'dropout': 0.086650865675875, 'train_learning_rate': 0.0031871208181183767, 'train_lr_reduce': 0.6}. Best is trial 23 with value: 0.09901189804077148.
