[I 2024-12-19 21:28:34,657] Trial 1811 finished with value: 0.25135883688926697 and parameters: {'mlp_n_layers': 1, 'mlp_dim_00': 451, 'node_hidden_dim': 33, 'edge_hidden_dim': 59, 'depth': 1, 'rep_dropout': 0.010329277792503578, 'train_learning_rate': 0.0028913862295921904, 'train_lr_reduce': 0.6}. Best is trial 1559 with value: 0.11043421924114227.
[I 2024-12-19 21:28:45,392] Trial 1810 finished with value: 0.2004622370004654 and parameters: {'mlp_n_layers': 1, 'mlp_dim_00': 503, 'node_hidden_dim': 56, 'edge_hidden_dim': 50, 'depth': 1, 'rep_dropout': 0.070886231658282, 'train_learning_rate': 0.006398982143054106, 'train_lr_reduce': 0.6}. Best is trial 1559 with value: 0.11043421924114227.
[I 2024-12-19 21:28:53,488] Trial 1809 finished with value: 0.1179213672876358 and parameters: {'mlp_n_layers': 1, 'mlp_dim_00': 475, 'node_hidden_dim': 33, 'edge_hidden_dim': 65, 'depth': 1, 'rep_dropout': 0.027451352092425656, 'train_learning_rate': 0.003119595228452522, 'train_lr_reduce': 0.6}. Best is trial 1559 with value: 0.11043421924114227.
[I 2024-12-19 21:28:58,580] Trial 1814 finished with value: 1.143295407295227 and parameters: {'mlp_n_layers': 2, 'mlp_dim_00': 377, 'mlp_dim_01': 352, 'node_hidden_dim': 43, 'edge_hidden_dim': 45, 'depth': 2, 'rep_dropout': 0.049175539186186244, 'train_learning_rate': 0.009935711295115493, 'train_lr_reduce': 0.6}. Best is trial 1559 with value: 0.11043421924114227.
[I 2024-12-19 21:29:16,492] Trial 1812 finished with value: 0.16061022877693176 and parameters: {'mlp_n_layers': 1, 'mlp_dim_00': 461, 'node_hidden_dim': 33, 'edge_hidden_dim': 67, 'depth': 2, 'rep_dropout': 0.026004844610091057, 'train_learning_rate': 0.005680704899760125, 'train_lr_reduce': 0.6}. Best is trial 1559 with value: 0.11043421924114227.
[I 2024-12-19 21:29:21,153] Trial 1816 finished with value: 1.1423203945159912 and parameters: {'mlp_n_layers': 2, 'mlp_dim_00': 432, 'mlp_dim_01': 433, 'node_hidden_dim': 32, 'edge_hidden_dim': 50, 'depth': 1, 'rep_dropout': 0.02496245956529031, 'train_learning_rate': 0.004375109516227504, 'train_lr_reduce': 0.6}. Best is trial 1559 with value: 0.11043421924114227.
[I 2024-12-19 21:29:23,686] Trial 1813 finished with value: 0.12190727144479752 and parameters: {'mlp_n_layers': 1, 'mlp_dim_00': 507, 'node_hidden_dim': 32, 'edge_hidden_dim': 56, 'depth': 1, 'rep_dropout': 0.026032216031952837, 'train_learning_rate': 0.0023994866362294495, 'train_lr_reduce': 0.6}. Best is trial 1559 with value: 0.11043421924114227.
[I 2024-12-19 21:29:36,401] Trial 1815 finished with value: 0.14726021885871887 and parameters: {'mlp_n_layers': 1, 'mlp_dim_00': 450, 'node_hidden_dim': 34, 'edge_hidden_dim': 49, 'depth': 1, 'rep_dropout': 0.028352276548790738, 'train_learning_rate': 0.0018864455507968583, 'train_lr_reduce': 0.6}. Best is trial 1559 with value: 0.11043421924114227.
[I 2024-12-19 21:29:52,095] Trial 1818 finished with value: 0.1718759983778 and parameters: {'mlp_n_layers': 1, 'mlp_dim_00': 471, 'node_hidden_dim': 32, 'edge_hidden_dim': 71, 'depth': 1, 'rep_dropout': 0.0011984538020336603, 'train_learning_rate': 0.001705148328922645, 'train_lr_reduce': 0.6}. Best is trial 1559 with value: 0.11043421924114227.
[I 2024-12-19 21:29:53,754] Trial 1817 finished with value: 0.20201493799686432 and parameters: {'mlp_n_layers': 1, 'mlp_dim_00': 420, 'node_hidden_dim': 40, 'edge_hidden_dim': 32, 'depth': 1, 'rep_dropout': 0.05639291970666338, 'train_learning_rate': 0.0022834071301016832, 'train_lr_reduce': 0.6}. Best is trial 1559 with value: 0.11043421924114227.
[I 2024-12-19 21:30:14,976] Trial 1820 finished with value: 0.18297363817691803 and parameters: {'mlp_n_layers': 1, 'mlp_dim_00': 437, 'node_hidden_dim': 35, 'edge_hidden_dim': 69, 'depth': 1, 'rep_dropout': 0.0270056528136567, 'train_learning_rate': 0.0027543173066941866, 'train_lr_reduce': 0.6}. Best is trial 1559 with value: 0.11043421924114227.
[I 2024-12-19 21:30:17,424] Trial 1819 finished with value: 0.1351614147424698 and parameters: {'mlp_n_layers': 1, 'mlp_dim_00': 484, 'node_hidden_dim': 51, 'edge_hidden_dim': 68, 'depth': 1, 'rep_dropout': 0.04875257792642491, 'train_learning_rate': 0.002222369727297535, 'train_lr_reduce': 0.6}. Best is trial 1559 with value: 0.11043421924114227.
[I 2024-12-19 21:30:21,565] Trial 1821 finished with value: 0.13239812850952148 and parameters: {'mlp_n_layers': 1, 'mlp_dim_00': 229, 'node_hidden_dim': 90, 'edge_hidden_dim': 66, 'depth': 1, 'rep_dropout': 0.09994833450948269, 'train_learning_rate': 0.008023168271917453, 'train_lr_reduce': 0.6}. Best is trial 1559 with value: 0.11043421924114227.
[I 2024-12-19 21:30:26,580] Trial 1824 finished with value: 1.1470540761947632 and parameters: {'mlp_n_layers': 1, 'mlp_dim_00': 488, 'node_hidden_dim': 35, 'edge_hidden_dim': 83, 'depth': 1, 'rep_dropout': 0.05470135294523727, 'train_learning_rate': 0.0018196873624349973, 'train_lr_reduce': 0.6}. Best is trial 1559 with value: 0.11043421924114227.
[I 2024-12-19 21:30:32,500] Trial 1825 finished with value: 1.1426671743392944 and parameters: {'mlp_n_layers': 3, 'mlp_dim_00': 359, 'mlp_dim_01': 470, 'mlp_dim_02': 324, 'node_hidden_dim': 59, 'edge_hidden_dim': 68, 'depth': 3, 'rep_dropout': 0.10750050487211926, 'train_learning_rate': 0.001004134485455966, 'train_lr_reduce': 0.6}. Best is trial 1559 with value: 0.11043421924114227.
[I 2024-12-19 21:30:32,814] Trial 1823 finished with value: 0.3189043700695038 and parameters: {'mlp_n_layers': 1, 'mlp_dim_00': 474, 'node_hidden_dim': 32, 'edge_hidden_dim': 60, 'depth': 1, 'rep_dropout': 0.048900778564727056, 'train_learning_rate': 0.002027937343864187, 'train_lr_reduce': 0.6}. Best is trial 1559 with value: 0.11043421924114227.
[I 2024-12-19 21:30:37,266] Trial 1826 finished with value: 1.142655849456787 and parameters: {'mlp_n_layers': 2, 'mlp_dim_00': 459, 'mlp_dim_01': 381, 'node_hidden_dim': 53, 'edge_hidden_dim': 33, 'depth': 1, 'rep_dropout': 0.014610750428492317, 'train_learning_rate': 0.001209812182385073, 'train_lr_reduce': 0.6}. Best is trial 1559 with value: 0.11043421924114227.
[I 2024-12-19 21:30:42,777] Trial 1828 finished with value: 1.14205801486969 and parameters: {'mlp_n_layers': 1, 'mlp_dim_00': 297, 'node_hidden_dim': 32, 'edge_hidden_dim': 39, 'depth': 2, 'rep_dropout': 0.058786791321666226, 'train_learning_rate': 0.005161494981334824, 'train_lr_reduce': 0.6}. Best is trial 1559 with value: 0.11043421924114227.
[I 2024-12-19 21:30:43,219] Trial 1827 finished with value: 0.618213951587677 and parameters: {'mlp_n_layers': 2, 'mlp_dim_00': 244, 'mlp_dim_01': 298, 'node_hidden_dim': 51, 'edge_hidden_dim': 46, 'depth': 1, 'rep_dropout': 0.035197830098496856, 'train_learning_rate': 0.007710732524226412, 'train_lr_reduce': 0.6}. Best is trial 1559 with value: 0.11043421924114227.
[I 2024-12-19 21:30:53,899] Trial 1822 finished with value: 0.1429937183856964 and parameters: {'mlp_n_layers': 1, 'mlp_dim_00': 508, 'node_hidden_dim': 45, 'edge_hidden_dim': 63, 'depth': 1, 'rep_dropout': 0.005026116081943955, 'train_learning_rate': 0.0028600642151943726, 'train_lr_reduce': 0.6}. Best is trial 1559 with value: 0.11043421924114227.
[I 2024-12-19 21:30:53,934] Trial 1829 finished with value: 0.7308580875396729 and parameters: {'mlp_n_layers': 1, 'mlp_dim_00': 408, 'node_hidden_dim': 49, 'edge_hidden_dim': 68, 'depth': 1, 'rep_dropout': 0.038730279292490316, 'train_learning_rate': 0.007420786816620106, 'train_lr_reduce': 0.6}. Best is trial 1559 with value: 0.11043421924114227.
[I 2024-12-19 21:31:02,908] Trial 1832 finished with value: 1.142103672027588 and parameters: {'mlp_n_layers': 4, 'mlp_dim_00': 379, 'mlp_dim_01': 431, 'mlp_dim_02': 451, 'mlp_dim_03': 437, 'node_hidden_dim': 54, 'edge_hidden_dim': 113, 'depth': 4, 'rep_dropout': 0.03588615557816753, 'train_learning_rate': 0.00011445119261202403, 'train_lr_reduce': 0.6}. Best is trial 1559 with value: 0.11043421924114227.
[I 2024-12-19 21:31:06,092] Trial 1830 finished with value: 0.19598335027694702 and parameters: {'mlp_n_layers': 1, 'mlp_dim_00': 464, 'node_hidden_dim': 47, 'edge_hidden_dim': 76, 'depth': 1, 'rep_dropout': 0.01262996809080271, 'train_learning_rate': 0.00509994824100155, 'train_lr_reduce': 0.6}. Best is trial 1559 with value: 0.11043421924114227.
[I 2024-12-19 21:31:08,800] Trial 1833 finished with value: 1.1438647508621216 and parameters: {'mlp_n_layers': 1, 'mlp_dim_00': 102, 'node_hidden_dim': 64, 'edge_hidden_dim': 80, 'depth': 4, 'rep_dropout': 0.04830345745139135, 'train_learning_rate': 0.007169583721364173, 'train_lr_reduce': 0.6}. Best is trial 1559 with value: 0.11043421924114227.
[I 2024-12-19 21:31:13,686] Trial 1835 finished with value: 1.1421180963516235 and parameters: {'mlp_n_layers': 1, 'mlp_dim_00': 507, 'node_hidden_dim': 32, 'edge_hidden_dim': 53, 'depth': 1, 'rep_dropout': 0.054033988595643144, 'train_learning_rate': 0.00169053220236884, 'train_lr_reduce': 0.6}. Best is trial 1559 with value: 0.11043421924114227.
[I 2024-12-19 21:31:32,498] Trial 1831 finished with value: 0.11840102076530457 and parameters: {'mlp_n_layers': 1, 'mlp_dim_00': 512, 'node_hidden_dim': 48, 'edge_hidden_dim': 45, 'depth': 1, 'rep_dropout': 0.06065319513925302, 'train_learning_rate': 0.002246048851156591, 'train_lr_reduce': 0.6}. Best is trial 1559 with value: 0.11043421924114227.
[I 2024-12-19 21:31:38,073] Trial 1836 finished with value: 0.21333345770835876 and parameters: {'mlp_n_layers': 2, 'mlp_dim_00': 500, 'mlp_dim_01': 203, 'node_hidden_dim': 88, 'edge_hidden_dim': 42, 'depth': 1, 'rep_dropout': 0.05170718326918348, 'train_learning_rate': 0.0021975224420482686, 'train_lr_reduce': 0.6}. Best is trial 1559 with value: 0.11043421924114227.
[I 2024-12-19 21:31:38,123] Trial 1837 finished with value: 1.1443588733673096 and parameters: {'mlp_n_layers': 1, 'mlp_dim_00': 503, 'node_hidden_dim': 34, 'edge_hidden_dim': 44, 'depth': 2, 'rep_dropout': 0.056335766214732214, 'train_learning_rate': 0.0032764391384856703, 'train_lr_reduce': 0.6}. Best is trial 1559 with value: 0.11043421924114227.
[I 2024-12-19 21:31:46,485] Trial 1834 finished with value: 0.14396639168262482 and parameters: {'mlp_n_layers': 1, 'mlp_dim_00': 371, 'node_hidden_dim': 56, 'edge_hidden_dim': 50, 'depth': 1, 'rep_dropout': 0.035285494108437954, 'train_learning_rate': 0.0018051817891565226, 'train_lr_reduce': 0.6}. Best is trial 1559 with value: 0.11043421924114227.
[I 2024-12-19 21:32:12,003] Trial 1840 finished with value: 0.19273176789283752 and parameters: {'mlp_n_layers': 1, 'mlp_dim_00': 499, 'node_hidden_dim': 70, 'edge_hidden_dim': 42, 'depth': 1, 'rep_dropout': 0.09061759118854029, 'train_learning_rate': 0.00350757541949525, 'train_lr_reduce': 0.6}. Best is trial 1559 with value: 0.11043421924114227.
[I 2024-12-19 21:32:19,914] Trial 1841 finished with value: 1.1419247388839722 and parameters: {'mlp_n_layers': 3, 'mlp_dim_00': 337, 'mlp_dim_01': 362, 'mlp_dim_02': 269, 'node_hidden_dim': 75, 'edge_hidden_dim': 36, 'depth': 2, 'rep_dropout': 0.0647327030669103, 'train_learning_rate': 0.00010106680128841747, 'train_lr_reduce': 0.6}. Best is trial 1559 with value: 0.11043421924114227.
[I 2024-12-19 21:32:19,917] Trial 1839 finished with value: 0.12396081537008286 and parameters: {'mlp_n_layers': 2, 'mlp_dim_00': 482, 'mlp_dim_01': 476, 'node_hidden_dim': 46, 'edge_hidden_dim': 83, 'depth': 1, 'rep_dropout': 0.022395944742085845, 'train_learning_rate': 0.003382914163343025, 'train_lr_reduce': 0.6}. Best is trial 1559 with value: 0.11043421924114227.
[I 2024-12-19 21:32:22,167] Trial 1838 finished with value: 0.16115035116672516 and parameters: {'mlp_n_layers': 1, 'mlp_dim_00': 300, 'node_hidden_dim': 83, 'edge_hidden_dim': 63, 'depth': 1, 'rep_dropout': 0.0020312164850134823, 'train_learning_rate': 0.003871615866932898, 'train_lr_reduce': 0.6}. Best is trial 1559 with value: 0.11043421924114227.
[I 2024-12-19 21:32:29,201] Trial 1844 finished with value: 1.1425540447235107 and parameters: {'mlp_n_layers': 4, 'mlp_dim_00': 278, 'mlp_dim_01': 512, 'mlp_dim_02': 173, 'mlp_dim_03': 299, 'node_hidden_dim': 115, 'edge_hidden_dim': 94, 'depth': 4, 'rep_dropout': 0.00952811233814127, 'train_learning_rate': 0.0004811930780686087, 'train_lr_reduce': 0.6}. Best is trial 1559 with value: 0.11043421924114227.
[I 2024-12-19 21:32:31,444] Trial 1843 finished with value: 0.4698682427406311 and parameters: {'mlp_n_layers': 1, 'mlp_dim_00': 502, 'node_hidden_dim': 48, 'edge_hidden_dim': 38, 'depth': 2, 'rep_dropout': 0.05736190153088189, 'train_learning_rate': 0.008107562519292894, 'train_lr_reduce': 0.6}. Best is trial 1559 with value: 0.11043421924114227.
[I 2024-12-19 21:32:34,387] Trial 1845 finished with value: 1.1427255868911743 and parameters: {'mlp_n_layers': 1, 'mlp_dim_00': 493, 'node_hidden_dim': 59, 'edge_hidden_dim': 48, 'depth': 1, 'rep_dropout': 0.060224565490287096, 'train_learning_rate': 0.001604182940779961, 'train_lr_reduce': 0.6}. Best is trial 1559 with value: 0.11043421924114227.
[I 2024-12-19 21:33:04,997] Trial 1842 finished with value: 0.5461871027946472 and parameters: {'mlp_n_layers': 1, 'mlp_dim_00': 458, 'node_hidden_dim': 46, 'edge_hidden_dim': 68, 'depth': 1, 'rep_dropout': 0.048762347843762, 'train_learning_rate': 0.00985155243215182, 'train_lr_reduce': 0.6}. Best is trial 1559 with value: 0.11043421924114227.
[I 2024-12-19 21:33:10,067] Trial 1846 finished with value: 0.19574734568595886 and parameters: {'mlp_n_layers': 1, 'mlp_dim_00': 423, 'node_hidden_dim': 77, 'edge_hidden_dim': 68, 'depth': 1, 'rep_dropout': 0.05021557866744099, 'train_learning_rate': 0.003976547625739208, 'train_lr_reduce': 0.6}. Best is trial 1559 with value: 0.11043421924114227.
[I 2024-12-19 21:33:18,144] Trial 1847 finished with value: 0.17077341675758362 and parameters: {'mlp_n_layers': 1, 'mlp_dim_00': 401, 'node_hidden_dim': 54, 'edge_hidden_dim': 35, 'depth': 1, 'rep_dropout': 0.09789825465517388, 'train_learning_rate': 0.0016202445435880475, 'train_lr_reduce': 0.6}. Best is trial 1559 with value: 0.11043421924114227.
[I 2024-12-19 21:33:23,631] Trial 1848 finished with value: 0.22210687398910522 and parameters: {'mlp_n_layers': 1, 'mlp_dim_00': 457, 'node_hidden_dim': 66, 'edge_hidden_dim': 33, 'depth': 1, 'rep_dropout': 0.04646763622717105, 'train_learning_rate': 0.0020834972924797693, 'train_lr_reduce': 0.6}. Best is trial 1559 with value: 0.11043421924114227.
[I 2024-12-19 21:33:39,204] Trial 1849 finished with value: 0.1882973164319992 and parameters: {'mlp_n_layers': 1, 'mlp_dim_00': 508, 'node_hidden_dim': 65, 'edge_hidden_dim': 61, 'depth': 1, 'rep_dropout': 0.042668781910672554, 'train_learning_rate': 0.0012070429961999203, 'train_lr_reduce': 0.6}. Best is trial 1559 with value: 0.11043421924114227.
[I 2024-12-19 21:33:44,486] Trial 1852 finished with value: 1.1456983089447021 and parameters: {'mlp_n_layers': 2, 'mlp_dim_00': 453, 'mlp_dim_01': 321, 'node_hidden_dim': 49, 'edge_hidden_dim': 63, 'depth': 2, 'rep_dropout': 0.057139726405224696, 'train_learning_rate': 0.0038439697736949415, 'train_lr_reduce': 0.6}. Best is trial 1559 with value: 0.11043421924114227.
[I 2024-12-19 21:33:49,253] Trial 1853 finished with value: 1.1473314762115479 and parameters: {'mlp_n_layers': 2, 'mlp_dim_00': 451, 'mlp_dim_01': 463, 'node_hidden_dim': 58, 'edge_hidden_dim': 98, 'depth': 1, 'rep_dropout': 0.09855133829162904, 'train_learning_rate': 0.007066122736839709, 'train_lr_reduce': 0.6}. Best is trial 1559 with value: 0.11043421924114227.
[I 2024-12-19 21:33:52,272] Trial 1850 finished with value: 0.1834295243024826 and parameters: {'mlp_n_layers': 2, 'mlp_dim_00': 512, 'mlp_dim_01': 408, 'node_hidden_dim': 69, 'edge_hidden_dim': 46, 'depth': 1, 'rep_dropout': 0.06504035086599357, 'train_learning_rate': 0.002952942677300474, 'train_lr_reduce': 0.6}. Best is trial 1559 with value: 0.11043421924114227.
[I 2024-12-19 21:34:06,748] Trial 1851 finished with value: 0.15897983312606812 and parameters: {'mlp_n_layers': 1, 'mlp_dim_00': 448, 'node_hidden_dim': 54, 'edge_hidden_dim': 54, 'depth': 1, 'rep_dropout': 0.06855964559874944, 'train_learning_rate': 0.002858112916012656, 'train_lr_reduce': 0.6}. Best is trial 1559 with value: 0.11043421924114227.
[I 2024-12-19 21:34:27,642] Trial 1854 finished with value: 0.15121851861476898 and parameters: {'mlp_n_layers': 1, 'mlp_dim_00': 478, 'node_hidden_dim': 59, 'edge_hidden_dim': 53, 'depth': 1, 'rep_dropout': 0.05677928085757675, 'train_learning_rate': 0.002007899603122018, 'train_lr_reduce': 0.6}. Best is trial 1559 with value: 0.11043421924114227.
[I 2024-12-19 21:34:32,577] Trial 1855 finished with value: 0.13711367547512054 and parameters: {'mlp_n_layers': 1, 'mlp_dim_00': 503, 'node_hidden_dim': 36, 'edge_hidden_dim': 74, 'depth': 1, 'rep_dropout': 0.017602440660353474, 'train_learning_rate': 0.002717901468996375, 'train_lr_reduce': 0.6}. Best is trial 1559 with value: 0.11043421924114227.
[I 2024-12-19 21:34:49,057] Trial 1856 finished with value: 0.13584363460540771 and parameters: {'mlp_n_layers': 2, 'mlp_dim_00': 509, 'mlp_dim_01': 401, 'node_hidden_dim': 45, 'edge_hidden_dim': 52, 'depth': 1, 'rep_dropout': 0.07471556573050657, 'train_learning_rate': 0.0022634445216820308, 'train_lr_reduce': 0.6}. Best is trial 1559 with value: 0.11043421924114227.
[I 2024-12-19 21:35:07,309] Trial 1857 finished with value: 0.13244055211544037 and parameters: {'mlp_n_layers': 1, 'mlp_dim_00': 472, 'node_hidden_dim': 55, 'edge_hidden_dim': 49, 'depth': 1, 'rep_dropout': 0.0666032533866484, 'train_learning_rate': 0.002744027698570647, 'train_lr_reduce': 0.6}. Best is trial 1559 with value: 0.11043421924114227.
[I 2024-12-19 21:35:12,195] Trial 1858 finished with value: 0.13617555797100067 and parameters: {'mlp_n_layers': 1, 'mlp_dim_00': 512, 'node_hidden_dim': 51, 'edge_hidden_dim': 62, 'depth': 1, 'rep_dropout': 0.04146531559394419, 'train_learning_rate': 0.003324759741392043, 'train_lr_reduce': 0.6}. Best is trial 1559 with value: 0.11043421924114227.
[I 2024-12-19 21:35:12,273] Trial 1860 finished with value: 1.1487468481063843 and parameters: {'mlp_n_layers': 1, 'mlp_dim_00': 459, 'node_hidden_dim': 35, 'edge_hidden_dim': 82, 'depth': 2, 'rep_dropout': 0.03787749639564303, 'train_learning_rate': 0.0037278251405563575, 'train_lr_reduce': 0.6}. Best is trial 1559 with value: 0.11043421924114227.
[I 2024-12-19 21:35:17,577] Trial 1862 finished with value: 1.1436028480529785 and parameters: {'mlp_n_layers': 2, 'mlp_dim_00': 406, 'mlp_dim_01': 363, 'node_hidden_dim': 34, 'edge_hidden_dim': 62, 'depth': 2, 'rep_dropout': 0.0030055933913460484, 'train_learning_rate': 0.004190340749752295, 'train_lr_reduce': 0.6}. Best is trial 1559 with value: 0.11043421924114227.
[I 2024-12-19 21:35:17,926] Trial 1861 finished with value: 1.1422479152679443 and parameters: {'mlp_n_layers': 4, 'mlp_dim_00': 245, 'mlp_dim_01': 474, 'mlp_dim_02': 373, 'mlp_dim_03': 231, 'node_hidden_dim': 124, 'edge_hidden_dim': 115, 'depth': 3, 'rep_dropout': 0.013942961887240535, 'train_learning_rate': 0.0022543785256144266, 'train_lr_reduce': 0.6}. Best is trial 1559 with value: 0.11043421924114227.
[I 2024-12-19 21:35:22,848] Trial 1864 finished with value: 1.1412746906280518 and parameters: {'mlp_n_layers': 1, 'mlp_dim_00': 508, 'node_hidden_dim': 32, 'edge_hidden_dim': 50, 'depth': 2, 'rep_dropout': 0.021132812850182803, 'train_learning_rate': 0.0019407865899917062, 'train_lr_reduce': 0.6}. Best is trial 1559 with value: 0.11043421924114227.
[I 2024-12-19 21:35:22,866] Trial 1863 finished with value: 1.1531771421432495 and parameters: {'mlp_n_layers': 2, 'mlp_dim_00': 405, 'mlp_dim_01': 512, 'node_hidden_dim': 33, 'edge_hidden_dim': 48, 'depth': 1, 'rep_dropout': 0.08517917868447644, 'train_learning_rate': 0.0013795692656529911, 'train_lr_reduce': 0.6}. Best is trial 1559 with value: 0.11043421924114227.
[I 2024-12-19 21:35:28,784] Trial 1859 finished with value: 0.1354784369468689 and parameters: {'mlp_n_layers': 1, 'mlp_dim_00': 460, 'node_hidden_dim': 51, 'edge_hidden_dim': 65, 'depth': 1, 'rep_dropout': 0.024870692175802084, 'train_learning_rate': 0.003631538910046123, 'train_lr_reduce': 0.6}. Best is trial 1559 with value: 0.11043421924114227.
[I 2024-12-19 21:35:28,983] Trial 1866 finished with value: 1.1493816375732422 and parameters: {'mlp_n_layers': 3, 'mlp_dim_00': 115, 'mlp_dim_01': 255, 'mlp_dim_02': 212, 'node_hidden_dim': 98, 'edge_hidden_dim': 73, 'depth': 4, 'rep_dropout': 0.005272564574286223, 'train_learning_rate': 0.002122687304370718, 'train_lr_reduce': 0.6}. Best is trial 1559 with value: 0.11043421924114227.
[I 2024-12-19 21:35:33,502] Trial 1867 finished with value: 1.1434677839279175 and parameters: {'mlp_n_layers': 2, 'mlp_dim_00': 393, 'mlp_dim_01': 429, 'node_hidden_dim': 45, 'edge_hidden_dim': 64, 'depth': 1, 'rep_dropout': 0.05381390850916427, 'train_learning_rate': 0.0022693089554159645, 'train_lr_reduce': 0.6}. Best is trial 1559 with value: 0.11043421924114227.
[I 2024-12-19 21:36:03,019] Trial 1868 finished with value: 0.14845262467861176 and parameters: {'mlp_n_layers': 1, 'mlp_dim_00': 439, 'node_hidden_dim': 34, 'edge_hidden_dim': 33, 'depth': 1, 'rep_dropout': 0.0011193399263124896, 'train_learning_rate': 0.005439969511496657, 'train_lr_reduce': 0.6}. Best is trial 1559 with value: 0.11043421924114227.
[I 2024-12-19 21:36:03,611] Trial 1865 finished with value: 0.13002577424049377 and parameters: {'mlp_n_layers': 1, 'mlp_dim_00': 507, 'node_hidden_dim': 39, 'edge_hidden_dim': 52, 'depth': 1, 'rep_dropout': 0.008532302172771117, 'train_learning_rate': 0.0024140568941754845, 'train_lr_reduce': 0.6}. Best is trial 1559 with value: 0.11043421924114227.
[I 2024-12-19 21:36:13,628] Trial 1869 finished with value: 0.11757058650255203 and parameters: {'mlp_n_layers': 1, 'mlp_dim_00': 443, 'node_hidden_dim': 34, 'edge_hidden_dim': 74, 'depth': 1, 'rep_dropout': 0.017118088007956958, 'train_learning_rate': 0.00397885420533583, 'train_lr_reduce': 0.6}. Best is trial 1559 with value: 0.11043421924114227.
