[I 2024-12-19 19:35:45,642] Trial 992 finished with value: 1.6226239204406738 and parameters: {'mlp_n_layers': 4, 'mlp_dim_00': 463, 'mlp_dim_01': 510, 'mlp_dim_02': 430, 'mlp_dim_03': 399, 'node_hidden_dim': 64, 'edge_hidden_dim': 32, 'depth': 1, 'rep_dropout': 0.12955997146837908, 'train_learning_rate': 0.0020503136334109042, 'train_lr_reduce': 0.6}. Best is trial 122 with value: 0.09548358619213104.
[I 2024-12-19 19:35:46,473] Trial 993 finished with value: 1.668476939201355 and parameters: {'mlp_n_layers': 4, 'mlp_dim_00': 464, 'mlp_dim_01': 430, 'mlp_dim_02': 372, 'mlp_dim_03': 467, 'node_hidden_dim': 53, 'edge_hidden_dim': 38, 'depth': 1, 'rep_dropout': 0.12224613672441817, 'train_learning_rate': 0.0006037579440893754, 'train_lr_reduce': 0.6}. Best is trial 122 with value: 0.09548358619213104.
[I 2024-12-19 19:35:50,487] Trial 994 finished with value: 1.6457834243774414 and parameters: {'mlp_n_layers': 3, 'mlp_dim_00': 493, 'mlp_dim_01': 353, 'mlp_dim_02': 328, 'node_hidden_dim': 127, 'edge_hidden_dim': 54, 'depth': 2, 'rep_dropout': 0.14974849397144027, 'train_learning_rate': 0.001316223227234624, 'train_lr_reduce': 0.6}. Best is trial 122 with value: 0.09548358619213104.
[I 2024-12-19 19:35:50,645] Trial 995 finished with value: 1.577415108680725 and parameters: {'mlp_n_layers': 1, 'mlp_dim_00': 82, 'node_hidden_dim': 92, 'edge_hidden_dim': 117, 'depth': 1, 'rep_dropout': 0.09882068598152055, 'train_learning_rate': 0.0014902588401161983, 'train_lr_reduce': 0.6}. Best is trial 122 with value: 0.09548358619213104.
[I 2024-12-19 19:35:53,816] Trial 991 finished with value: 0.49704527854919434 and parameters: {'mlp_n_layers': 4, 'mlp_dim_00': 443, 'mlp_dim_01': 475, 'mlp_dim_02': 433, 'mlp_dim_03': 384, 'node_hidden_dim': 73, 'edge_hidden_dim': 50, 'depth': 1, 'rep_dropout': 0.10929542493234043, 'train_learning_rate': 0.0017756785241287573, 'train_lr_reduce': 0.6}. Best is trial 122 with value: 0.09548358619213104.
[I 2024-12-19 19:35:54,598] Trial 996 finished with value: 1.6757614612579346 and parameters: {'mlp_n_layers': 4, 'mlp_dim_00': 443, 'mlp_dim_01': 441, 'mlp_dim_02': 259, 'mlp_dim_03': 472, 'node_hidden_dim': 79, 'edge_hidden_dim': 62, 'depth': 1, 'rep_dropout': 0.11551977459828502, 'train_learning_rate': 0.000519297549061364, 'train_lr_reduce': 0.6}. Best is trial 122 with value: 0.09548358619213104.
[I 2024-12-19 19:36:16,052] Trial 999 finished with value: 0.29571229219436646 and parameters: {'mlp_n_layers': 4, 'mlp_dim_00': 439, 'mlp_dim_01': 401, 'mlp_dim_02': 297, 'mlp_dim_03': 328, 'node_hidden_dim': 63, 'edge_hidden_dim': 72, 'depth': 1, 'rep_dropout': 0.12969181203638364, 'train_learning_rate': 0.0012284013468987327, 'train_lr_reduce': 0.6}. Best is trial 122 with value: 0.09548358619213104.
[I 2024-12-19 19:36:21,510] Trial 1000 finished with value: 1.6619459390640259 and parameters: {'mlp_n_layers': 4, 'mlp_dim_00': 426, 'mlp_dim_01': 471, 'mlp_dim_02': 332, 'mlp_dim_03': 438, 'node_hidden_dim': 54, 'edge_hidden_dim': 66, 'depth': 1, 'rep_dropout': 0.10264204954156535, 'train_learning_rate': 0.0008260027922558539, 'train_lr_reduce': 0.6}. Best is trial 122 with value: 0.09548358619213104.
[I 2024-12-19 19:36:36,741] Trial 997 finished with value: 0.13518710434436798 and parameters: {'mlp_n_layers': 4, 'mlp_dim_00': 434, 'mlp_dim_01': 512, 'mlp_dim_02': 504, 'mlp_dim_03': 435, 'node_hidden_dim': 67, 'edge_hidden_dim': 53, 'depth': 1, 'rep_dropout': 0.1336937010923403, 'train_learning_rate': 0.0008354674088960515, 'train_lr_reduce': 0.6}. Best is trial 122 with value: 0.09548358619213104.
[I 2024-12-19 19:36:40,325] Trial 998 finished with value: 0.15372899174690247 and parameters: {'mlp_n_layers': 4, 'mlp_dim_00': 345, 'mlp_dim_01': 475, 'mlp_dim_02': 383, 'mlp_dim_03': 512, 'node_hidden_dim': 87, 'edge_hidden_dim': 70, 'depth': 1, 'rep_dropout': 0.14423142073173525, 'train_learning_rate': 0.000520801727722768, 'train_lr_reduce': 0.6}. Best is trial 122 with value: 0.09548358619213104.
[I 2024-12-19 19:36:56,753] Trial 1003 finished with value: 0.27772557735443115 and parameters: {'mlp_n_layers': 4, 'mlp_dim_00': 451, 'mlp_dim_01': 476, 'mlp_dim_02': 386, 'mlp_dim_03': 418, 'node_hidden_dim': 76, 'edge_hidden_dim': 72, 'depth': 1, 'rep_dropout': 0.07158353611839408, 'train_learning_rate': 0.0018798543837144372, 'train_lr_reduce': 0.6}. Best is trial 122 with value: 0.09548358619213104.
[I 2024-12-19 19:37:03,915] Trial 1001 finished with value: 0.11230190843343735 and parameters: {'mlp_n_layers': 4, 'mlp_dim_00': 416, 'mlp_dim_01': 512, 'mlp_dim_02': 108, 'mlp_dim_03': 384, 'node_hidden_dim': 89, 'edge_hidden_dim': 54, 'depth': 1, 'rep_dropout': 0.09272086414141405, 'train_learning_rate': 0.0004228812025160224, 'train_lr_reduce': 0.6}. Best is trial 122 with value: 0.09548358619213104.
[I 2024-12-19 19:37:09,038] Trial 1005 finished with value: 1.654170274734497 and parameters: {'mlp_n_layers': 4, 'mlp_dim_00': 439, 'mlp_dim_01': 512, 'mlp_dim_02': 329, 'mlp_dim_03': 348, 'node_hidden_dim': 54, 'edge_hidden_dim': 55, 'depth': 2, 'rep_dropout': 0.0950626515184112, 'train_learning_rate': 0.0009460106024442963, 'train_lr_reduce': 0.6}. Best is trial 122 with value: 0.09548358619213104.
[I 2024-12-19 19:37:14,790] Trial 1006 finished with value: 1.6740087270736694 and parameters: {'mlp_n_layers': 4, 'mlp_dim_00': 442, 'mlp_dim_01': 401, 'mlp_dim_02': 268, 'mlp_dim_03': 468, 'node_hidden_dim': 62, 'edge_hidden_dim': 33, 'depth': 1, 'rep_dropout': 0.12158479567928526, 'train_learning_rate': 0.0005813745303716982, 'train_lr_reduce': 0.6}. Best is trial 122 with value: 0.09548358619213104.
[I 2024-12-19 19:37:20,845] Trial 1007 finished with value: 1.6540908813476562 and parameters: {'mlp_n_layers': 3, 'mlp_dim_00': 381, 'mlp_dim_01': 512, 'mlp_dim_02': 406, 'node_hidden_dim': 63, 'edge_hidden_dim': 38, 'depth': 2, 'rep_dropout': 0.02241540701808859, 'train_learning_rate': 0.0008958892978212406, 'train_lr_reduce': 0.6}. Best is trial 122 with value: 0.09548358619213104.
[I 2024-12-19 19:37:23,319] Trial 1002 finished with value: 0.1328207403421402 and parameters: {'mlp_n_layers': 4, 'mlp_dim_00': 456, 'mlp_dim_01': 437, 'mlp_dim_02': 457, 'mlp_dim_03': 468, 'node_hidden_dim': 69, 'edge_hidden_dim': 33, 'depth': 2, 'rep_dropout': 0.08463906237006823, 'train_learning_rate': 0.0009040569396491948, 'train_lr_reduce': 0.6}. Best is trial 122 with value: 0.09548358619213104.
[I 2024-12-19 19:37:25,790] Trial 1008 finished with value: 1.5930731296539307 and parameters: {'mlp_n_layers': 3, 'mlp_dim_00': 427, 'mlp_dim_01': 444, 'mlp_dim_02': 467, 'node_hidden_dim': 76, 'edge_hidden_dim': 56, 'depth': 2, 'rep_dropout': 0.14885969091628132, 'train_learning_rate': 0.0014668061958665122, 'train_lr_reduce': 0.6}. Best is trial 122 with value: 0.09548358619213104.
[I 2024-12-19 19:37:31,224] Trial 1010 finished with value: 1.6824936866760254 and parameters: {'mlp_n_layers': 4, 'mlp_dim_00': 443, 'mlp_dim_01': 351, 'mlp_dim_02': 367, 'mlp_dim_03': 414, 'node_hidden_dim': 79, 'edge_hidden_dim': 61, 'depth': 2, 'rep_dropout': 0.14662152691091693, 'train_learning_rate': 0.00041361688202861096, 'train_lr_reduce': 0.6}. Best is trial 122 with value: 0.09548358619213104.
[I 2024-12-19 19:37:36,562] Trial 1011 finished with value: 1.6759816408157349 and parameters: {'mlp_n_layers': 1, 'mlp_dim_00': 70, 'node_hidden_dim': 75, 'edge_hidden_dim': 113, 'depth': 2, 'rep_dropout': 0.11014013305700276, 'train_learning_rate': 0.00010569845953461018, 'train_lr_reduce': 0.6}. Best is trial 122 with value: 0.09548358619213104.
[I 2024-12-19 19:37:42,316] Trial 1012 finished with value: 1.6195107698440552 and parameters: {'mlp_n_layers': 1, 'mlp_dim_00': 76, 'node_hidden_dim': 54, 'edge_hidden_dim': 42, 'depth': 4, 'rep_dropout': 0.09276620646084949, 'train_learning_rate': 0.003205744540749328, 'train_lr_reduce': 0.6}. Best is trial 122 with value: 0.09548358619213104.
[I 2024-12-19 19:37:44,361] Trial 1004 finished with value: 0.23215149343013763 and parameters: {'mlp_n_layers': 4, 'mlp_dim_00': 432, 'mlp_dim_01': 439, 'mlp_dim_02': 364, 'mlp_dim_03': 511, 'node_hidden_dim': 60, 'edge_hidden_dim': 57, 'depth': 2, 'rep_dropout': 0.10766159653541485, 'train_learning_rate': 0.00034406117924037796, 'train_lr_reduce': 0.6}. Best is trial 122 with value: 0.09548358619213104.
[I 2024-12-19 19:38:07,241] Trial 1009 finished with value: 0.11792049556970596 and parameters: {'mlp_n_layers': 3, 'mlp_dim_00': 291, 'mlp_dim_01': 469, 'mlp_dim_02': 338, 'node_hidden_dim': 112, 'edge_hidden_dim': 63, 'depth': 1, 'rep_dropout': 0.1085073713397967, 'train_learning_rate': 0.00025998351416783535, 'train_lr_reduce': 0.6}. Best is trial 122 with value: 0.09548358619213104.
[I 2024-12-19 19:38:08,939] Trial 1013 finished with value: 0.14305706322193146 and parameters: {'mlp_n_layers': 4, 'mlp_dim_00': 414, 'mlp_dim_01': 471, 'mlp_dim_02': 294, 'mlp_dim_03': 470, 'node_hidden_dim': 87, 'edge_hidden_dim': 67, 'depth': 1, 'rep_dropout': 0.1176975098241592, 'train_learning_rate': 0.0007805289771287624, 'train_lr_reduce': 0.6}. Best is trial 122 with value: 0.09548358619213104.
[I 2024-12-19 19:38:12,130] Trial 1015 finished with value: 1.6837623119354248 and parameters: {'mlp_n_layers': 4, 'mlp_dim_00': 247, 'mlp_dim_01': 478, 'mlp_dim_02': 126, 'mlp_dim_03': 295, 'node_hidden_dim': 104, 'edge_hidden_dim': 72, 'depth': 1, 'rep_dropout': 0.12500355331301782, 'train_learning_rate': 0.0003312358973034984, 'train_lr_reduce': 0.6}. Best is trial 122 with value: 0.09548358619213104.
[I 2024-12-19 19:38:27,378] Trial 1014 finished with value: 0.09903141856193542 and parameters: {'mlp_n_layers': 3, 'mlp_dim_00': 425, 'mlp_dim_01': 409, 'mlp_dim_02': 418, 'node_hidden_dim': 93, 'edge_hidden_dim': 49, 'depth': 1, 'rep_dropout': 0.10633410845891271, 'train_learning_rate': 0.0007000659077071558, 'train_lr_reduce': 0.6}. Best is trial 122 with value: 0.09548358619213104.
[I 2024-12-19 19:38:34,444] Trial 1016 finished with value: 0.29531145095825195 and parameters: {'mlp_n_layers': 2, 'mlp_dim_00': 149, 'mlp_dim_01': 437, 'node_hidden_dim': 124, 'edge_hidden_dim': 87, 'depth': 1, 'rep_dropout': 0.12494069323732737, 'train_learning_rate': 0.0033250100015282153, 'train_lr_reduce': 0.6}. Best is trial 122 with value: 0.09548358619213104.
[I 2024-12-19 19:38:38,803] Trial 1019 finished with value: 1.6084585189819336 and parameters: {'mlp_n_layers': 3, 'mlp_dim_00': 445, 'mlp_dim_01': 369, 'mlp_dim_02': 429, 'node_hidden_dim': 73, 'edge_hidden_dim': 68, 'depth': 1, 'rep_dropout': 0.10770164182354162, 'train_learning_rate': 0.0019230677503706258, 'train_lr_reduce': 0.6}. Best is trial 122 with value: 0.09548358619213104.
[I 2024-12-19 19:38:48,034] Trial 1017 finished with value: 0.11329488456249237 and parameters: {'mlp_n_layers': 4, 'mlp_dim_00': 233, 'mlp_dim_01': 475, 'mlp_dim_02': 347, 'mlp_dim_03': 375, 'node_hidden_dim': 81, 'edge_hidden_dim': 80, 'depth': 1, 'rep_dropout': 0.14287358132073666, 'train_learning_rate': 0.0015195803157427527, 'train_lr_reduce': 0.6}. Best is trial 122 with value: 0.09548358619213104.
[I 2024-12-19 19:38:56,993] Trial 1021 finished with value: 1.6897227764129639 and parameters: {'mlp_n_layers': 3, 'mlp_dim_00': 311, 'mlp_dim_01': 395, 'mlp_dim_02': 422, 'node_hidden_dim': 86, 'edge_hidden_dim': 33, 'depth': 1, 'rep_dropout': 0.11905883911882148, 'train_learning_rate': 0.00011959371628719105, 'train_lr_reduce': 0.6}. Best is trial 122 with value: 0.09548358619213104.
[I 2024-12-19 19:38:58,606] Trial 1020 finished with value: 0.31235453486442566 and parameters: {'mlp_n_layers': 4, 'mlp_dim_00': 409, 'mlp_dim_01': 340, 'mlp_dim_02': 443, 'mlp_dim_03': 478, 'node_hidden_dim': 56, 'edge_hidden_dim': 55, 'depth': 1, 'rep_dropout': 0.08778017859196566, 'train_learning_rate': 0.005832614228219075, 'train_lr_reduce': 0.6}. Best is trial 122 with value: 0.09548358619213104.
[I 2024-12-19 19:39:02,382] Trial 1018 finished with value: 0.12248958647251129 and parameters: {'mlp_n_layers': 3, 'mlp_dim_00': 358, 'mlp_dim_01': 405, 'mlp_dim_02': 427, 'node_hidden_dim': 91, 'edge_hidden_dim': 34, 'depth': 1, 'rep_dropout': 0.0702054166985523, 'train_learning_rate': 0.0008731919092399464, 'train_lr_reduce': 0.6}. Best is trial 122 with value: 0.09548358619213104.
[I 2024-12-19 19:39:07,483] Trial 1022 finished with value: 0.7073407173156738 and parameters: {'mlp_n_layers': 3, 'mlp_dim_00': 70, 'mlp_dim_01': 378, 'mlp_dim_02': 405, 'node_hidden_dim': 93, 'edge_hidden_dim': 124, 'depth': 1, 'rep_dropout': 0.08781473803784862, 'train_learning_rate': 0.004074859735601508, 'train_lr_reduce': 0.6}. Best is trial 122 with value: 0.09548358619213104.
[I 2024-12-19 19:39:11,911] Trial 1025 finished with value: 1.5978084802627563 and parameters: {'mlp_n_layers': 2, 'mlp_dim_00': 453, 'mlp_dim_01': 400, 'node_hidden_dim': 89, 'edge_hidden_dim': 47, 'depth': 1, 'rep_dropout': 0.10048297460597222, 'train_learning_rate': 0.001479176696558577, 'train_lr_reduce': 0.6}. Best is trial 122 with value: 0.09548358619213104.
[I 2024-12-19 19:39:17,213] Trial 1026 finished with value: 1.6781220436096191 and parameters: {'mlp_n_layers': 3, 'mlp_dim_00': 452, 'mlp_dim_01': 343, 'mlp_dim_02': 401, 'node_hidden_dim': 93, 'edge_hidden_dim': 51, 'depth': 1, 'rep_dropout': 0.11151065599631933, 'train_learning_rate': 0.0003198013030001802, 'train_lr_reduce': 0.6}. Best is trial 122 with value: 0.09548358619213104.
[I 2024-12-19 19:39:21,769] Trial 1027 finished with value: 1.6530736684799194 and parameters: {'mlp_n_layers': 4, 'mlp_dim_00': 494, 'mlp_dim_01': 412, 'mlp_dim_02': 461, 'mlp_dim_03': 508, 'node_hidden_dim': 77, 'edge_hidden_dim': 36, 'depth': 1, 'rep_dropout': 0.03252816238784973, 'train_learning_rate': 0.0012952890383397882, 'train_lr_reduce': 0.6}. Best is trial 122 with value: 0.09548358619213104.
[I 2024-12-19 19:39:34,930] Trial 1024 finished with value: 0.10410825163125992 and parameters: {'mlp_n_layers': 3, 'mlp_dim_00': 438, 'mlp_dim_01': 393, 'mlp_dim_02': 427, 'node_hidden_dim': 71, 'edge_hidden_dim': 78, 'depth': 1, 'rep_dropout': 0.1299375613604112, 'train_learning_rate': 0.0005263222272896148, 'train_lr_reduce': 0.6}. Best is trial 122 with value: 0.09548358619213104.
[I 2024-12-19 19:39:37,580] Trial 1023 finished with value: 0.1204105019569397 and parameters: {'mlp_n_layers': 3, 'mlp_dim_00': 382, 'mlp_dim_01': 375, 'mlp_dim_02': 458, 'node_hidden_dim': 82, 'edge_hidden_dim': 52, 'depth': 1, 'rep_dropout': 0.1079304545038831, 'train_learning_rate': 0.00046472950237624405, 'train_lr_reduce': 0.6}. Best is trial 122 with value: 0.09548358619213104.
[I 2024-12-19 19:39:42,527] Trial 1030 finished with value: 1.6565724611282349 and parameters: {'mlp_n_layers': 2, 'mlp_dim_00': 429, 'mlp_dim_01': 430, 'node_hidden_dim': 102, 'edge_hidden_dim': 50, 'depth': 2, 'rep_dropout': 0.11998868902514659, 'train_learning_rate': 0.00039893226937551615, 'train_lr_reduce': 0.6}. Best is trial 122 with value: 0.09548358619213104.
[I 2024-12-19 19:39:47,711] Trial 1031 finished with value: 1.6359118223190308 and parameters: {'mlp_n_layers': 3, 'mlp_dim_00': 504, 'mlp_dim_01': 359, 'mlp_dim_02': 396, 'node_hidden_dim': 39, 'edge_hidden_dim': 40, 'depth': 4, 'rep_dropout': 0.01352520067170869, 'train_learning_rate': 0.0009885232585604665, 'train_lr_reduce': 0.6}. Best is trial 122 with value: 0.09548358619213104.
[I 2024-12-19 19:39:53,161] Trial 1032 finished with value: 1.6387163400650024 and parameters: {'mlp_n_layers': 4, 'mlp_dim_00': 448, 'mlp_dim_01': 417, 'mlp_dim_02': 466, 'mlp_dim_03': 442, 'node_hidden_dim': 52, 'edge_hidden_dim': 57, 'depth': 1, 'rep_dropout': 0.1259677786091638, 'train_learning_rate': 0.0014424381666275803, 'train_lr_reduce': 0.6}. Best is trial 122 with value: 0.09548358619213104.
[I 2024-12-19 19:39:57,994] Trial 1033 finished with value: 1.64164137840271 and parameters: {'mlp_n_layers': 3, 'mlp_dim_00': 427, 'mlp_dim_01': 440, 'mlp_dim_02': 370, 'node_hidden_dim': 84, 'edge_hidden_dim': 53, 'depth': 2, 'rep_dropout': 0.1222933979423928, 'train_learning_rate': 0.0006823324297415624, 'train_lr_reduce': 0.6}. Best is trial 122 with value: 0.09548358619213104.
[I 2024-12-19 19:40:01,349] Trial 1028 finished with value: 0.12305600196123123 and parameters: {'mlp_n_layers': 4, 'mlp_dim_00': 501, 'mlp_dim_01': 414, 'mlp_dim_02': 396, 'mlp_dim_03': 470, 'node_hidden_dim': 44, 'edge_hidden_dim': 56, 'depth': 1, 'rep_dropout': 0.0937805441046403, 'train_learning_rate': 0.0033418274441839304, 'train_lr_reduce': 0.6}. Best is trial 122 with value: 0.09548358619213104.
[I 2024-12-19 19:40:14,752] Trial 1029 finished with value: 0.1069052517414093 and parameters: {'mlp_n_layers': 4, 'mlp_dim_00': 416, 'mlp_dim_01': 512, 'mlp_dim_02': 387, 'mlp_dim_03': 473, 'node_hidden_dim': 81, 'edge_hidden_dim': 44, 'depth': 1, 'rep_dropout': 0.1488621590548964, 'train_learning_rate': 0.00129613831322732, 'train_lr_reduce': 0.6}. Best is trial 122 with value: 0.09548358619213104.
[I 2024-12-19 19:40:20,444] Trial 1036 finished with value: 1.6394304037094116 and parameters: {'mlp_n_layers': 3, 'mlp_dim_00': 512, 'mlp_dim_01': 370, 'mlp_dim_02': 354, 'node_hidden_dim': 59, 'edge_hidden_dim': 44, 'depth': 1, 'rep_dropout': 0.1194195328289328, 'train_learning_rate': 0.0007959369126559776, 'train_lr_reduce': 0.6}. Best is trial 122 with value: 0.09548358619213104.
[I 2024-12-19 19:40:29,727] Trial 1035 finished with value: 0.2634885311126709 and parameters: {'mlp_n_layers': 4, 'mlp_dim_00': 418, 'mlp_dim_01': 441, 'mlp_dim_02': 416, 'mlp_dim_03': 475, 'node_hidden_dim': 79, 'edge_hidden_dim': 63, 'depth': 2, 'rep_dropout': 0.11726579088943802, 'train_learning_rate': 0.0017948186009649353, 'train_lr_reduce': 0.6}. Best is trial 122 with value: 0.09548358619213104.
[I 2024-12-19 19:40:34,870] Trial 1038 finished with value: 1.6576457023620605 and parameters: {'mlp_n_layers': 3, 'mlp_dim_00': 415, 'mlp_dim_01': 400, 'mlp_dim_02': 440, 'node_hidden_dim': 84, 'edge_hidden_dim': 48, 'depth': 1, 'rep_dropout': 0.11546582780261891, 'train_learning_rate': 0.0007444587300593533, 'train_lr_reduce': 0.6}. Best is trial 122 with value: 0.09548358619213104.
[I 2024-12-19 19:40:40,634] Trial 1034 finished with value: 0.12190359085798264 and parameters: {'mlp_n_layers': 3, 'mlp_dim_00': 354, 'mlp_dim_01': 511, 'mlp_dim_02': 490, 'node_hidden_dim': 117, 'edge_hidden_dim': 83, 'depth': 1, 'rep_dropout': 0.12011315121215459, 'train_learning_rate': 0.00036900140084457096, 'train_lr_reduce': 0.6}. Best is trial 122 with value: 0.09548358619213104.
[I 2024-12-19 19:41:01,100] Trial 1037 finished with value: 0.11970394104719162 and parameters: {'mlp_n_layers': 3, 'mlp_dim_00': 392, 'mlp_dim_01': 470, 'mlp_dim_02': 323, 'node_hidden_dim': 101, 'edge_hidden_dim': 41, 'depth': 1, 'rep_dropout': 0.10242696515494448, 'train_learning_rate': 0.0019945306467214624, 'train_lr_reduce': 0.6}. Best is trial 122 with value: 0.09548358619213104.
[I 2024-12-19 19:41:07,247] Trial 1041 finished with value: 1.6794023513793945 and parameters: {'mlp_n_layers': 3, 'mlp_dim_00': 485, 'mlp_dim_01': 476, 'mlp_dim_02': 398, 'node_hidden_dim': 74, 'edge_hidden_dim': 83, 'depth': 2, 'rep_dropout': 0.1211556490538899, 'train_learning_rate': 0.00020782895672449988, 'train_lr_reduce': 0.6}. Best is trial 122 with value: 0.09548358619213104.
[I 2024-12-19 19:41:11,538] Trial 1042 finished with value: 1.5795495510101318 and parameters: {'mlp_n_layers': 2, 'mlp_dim_00': 357, 'mlp_dim_01': 511, 'node_hidden_dim': 104, 'edge_hidden_dim': 59, 'depth': 1, 'rep_dropout': 0.11348216153850309, 'train_learning_rate': 0.0008259815932154851, 'train_lr_reduce': 0.6}. Best is trial 122 with value: 0.09548358619213104.
[I 2024-12-19 19:41:13,690] Trial 1039 finished with value: 0.10549203306436539 and parameters: {'mlp_n_layers': 3, 'mlp_dim_00': 403, 'mlp_dim_01': 475, 'mlp_dim_02': 370, 'node_hidden_dim': 76, 'edge_hidden_dim': 62, 'depth': 1, 'rep_dropout': 0.101853862439397, 'train_learning_rate': 0.0007837949942699836, 'train_lr_reduce': 0.6}. Best is trial 122 with value: 0.09548358619213104.
[I 2024-12-19 19:41:16,700] Trial 1043 finished with value: 1.6862001419067383 and parameters: {'mlp_n_layers': 4, 'mlp_dim_00': 488, 'mlp_dim_01': 416, 'mlp_dim_02': 313, 'mlp_dim_03': 511, 'node_hidden_dim': 54, 'edge_hidden_dim': 45, 'depth': 2, 'rep_dropout': 0.14707204404975305, 'train_learning_rate': 0.00053751666168733, 'train_lr_reduce': 0.6}. Best is trial 122 with value: 0.09548358619213104.
[I 2024-12-19 19:41:17,820] Trial 1044 finished with value: 1.6100714206695557 and parameters: {'mlp_n_layers': 3, 'mlp_dim_00': 417, 'mlp_dim_01': 437, 'mlp_dim_02': 355, 'node_hidden_dim': 89, 'edge_hidden_dim': 69, 'depth': 1, 'rep_dropout': 0.08703592444565357, 'train_learning_rate': 0.001269592049526919, 'train_lr_reduce': 0.6}. Best is trial 122 with value: 0.09548358619213104.
[I 2024-12-19 19:41:19,048] Trial 1040 finished with value: 0.10098989307880402 and parameters: {'mlp_n_layers': 4, 'mlp_dim_00': 423, 'mlp_dim_01': 444, 'mlp_dim_02': 510, 'mlp_dim_03': 289, 'node_hidden_dim': 84, 'edge_hidden_dim': 62, 'depth': 1, 'rep_dropout': 0.1491775798077065, 'train_learning_rate': 0.0011117815125118397, 'train_lr_reduce': 0.6}. Best is trial 122 with value: 0.09548358619213104.
[I 2024-12-19 19:41:21,421] Trial 1045 finished with value: 1.6681736707687378 and parameters: {'mlp_n_layers': 4, 'mlp_dim_00': 499, 'mlp_dim_01': 470, 'mlp_dim_02': 465, 'mlp_dim_03': 433, 'node_hidden_dim': 73, 'edge_hidden_dim': 42, 'depth': 1, 'rep_dropout': 0.07093129178730391, 'train_learning_rate': 0.0014566432564819423, 'train_lr_reduce': 0.6}. Best is trial 122 with value: 0.09548358619213104.
