[I 2024-12-19 19:44:51,375] Trial 1023 finished with value: 0.20655705034732819 and parameters: {'mlp_n_layers': 1, 'mlp_dim_00': 243, 'node_hidden_dim': 33, 'edge_hidden_dim': 71, 'depth': 1, 'rep_dropout': 0.040991522016269516, 'train_learning_rate': 0.009643743821319944, 'train_lr_reduce': 0.6}. Best is trial 673 with value: 0.11172225326299667.
[I 2024-12-19 19:45:27,532] Trial 1025 finished with value: 0.1447230726480484 and parameters: {'mlp_n_layers': 1, 'mlp_dim_00': 506, 'node_hidden_dim': 33, 'edge_hidden_dim': 50, 'depth': 1, 'rep_dropout': 0.010299191871637173, 'train_learning_rate': 0.0031514092542355493, 'train_lr_reduce': 0.6}. Best is trial 673 with value: 0.11172225326299667.
[I 2024-12-19 19:45:34,301] Trial 1026 finished with value: 0.12345294654369354 and parameters: {'mlp_n_layers': 2, 'mlp_dim_00': 416, 'mlp_dim_01': 509, 'node_hidden_dim': 49, 'edge_hidden_dim': 82, 'depth': 1, 'rep_dropout': 0.04202435423846041, 'train_learning_rate': 0.004140785433880609, 'train_lr_reduce': 0.6}. Best is trial 673 with value: 0.11172225326299667.
[I 2024-12-19 19:45:37,524] Trial 1027 finished with value: 0.1495090126991272 and parameters: {'mlp_n_layers': 1, 'mlp_dim_00': 397, 'node_hidden_dim': 49, 'edge_hidden_dim': 65, 'depth': 1, 'rep_dropout': 0.012884623330751282, 'train_learning_rate': 0.0023742437935589584, 'train_lr_reduce': 0.6}. Best is trial 673 with value: 0.11172225326299667.
[I 2024-12-19 19:45:39,341] Trial 1029 finished with value: 1.1444717645645142 and parameters: {'mlp_n_layers': 1, 'mlp_dim_00': 483, 'node_hidden_dim': 33, 'edge_hidden_dim': 54, 'depth': 1, 'rep_dropout': 0.04129826496614422, 'train_learning_rate': 0.0032822724129732204, 'train_lr_reduce': 0.6}. Best is trial 673 with value: 0.11172225326299667.
[I 2024-12-19 19:46:13,331] Trial 1028 finished with value: 0.13067010045051575 and parameters: {'mlp_n_layers': 4, 'mlp_dim_00': 221, 'mlp_dim_01': 273, 'mlp_dim_02': 398, 'mlp_dim_03': 378, 'node_hidden_dim': 109, 'edge_hidden_dim': 39, 'depth': 1, 'rep_dropout': 0.07691832728723133, 'train_learning_rate': 0.005747172828349026, 'train_lr_reduce': 0.6}. Best is trial 673 with value: 0.11172225326299667.
[I 2024-12-19 19:46:22,101] Trial 1030 finished with value: 0.34958410263061523 and parameters: {'mlp_n_layers': 1, 'mlp_dim_00': 475, 'node_hidden_dim': 56, 'edge_hidden_dim': 69, 'depth': 2, 'rep_dropout': 0.0695822960792372, 'train_learning_rate': 0.008255064255649718, 'train_lr_reduce': 0.6}. Best is trial 673 with value: 0.11172225326299667.
[I 2024-12-19 19:46:27,814] Trial 1031 finished with value: 0.17945650219917297 and parameters: {'mlp_n_layers': 2, 'mlp_dim_00': 468, 'mlp_dim_01': 507, 'node_hidden_dim': 37, 'edge_hidden_dim': 56, 'depth': 1, 'rep_dropout': 0.0012371183067305912, 'train_learning_rate': 0.002973919444308174, 'train_lr_reduce': 0.6}. Best is trial 673 with value: 0.11172225326299667.
[I 2024-12-19 19:46:36,709] Trial 1032 finished with value: 0.1960829347372055 and parameters: {'mlp_n_layers': 1, 'mlp_dim_00': 416, 'node_hidden_dim': 36, 'edge_hidden_dim': 46, 'depth': 1, 'rep_dropout': 0.00470057749209166, 'train_learning_rate': 0.005443224663023089, 'train_lr_reduce': 0.6}. Best is trial 673 with value: 0.11172225326299667.
[I 2024-12-19 19:47:02,861] Trial 1035 finished with value: 0.18400442600250244 and parameters: {'mlp_n_layers': 2, 'mlp_dim_00': 388, 'mlp_dim_01': 181, 'node_hidden_dim': 43, 'edge_hidden_dim': 72, 'depth': 1, 'rep_dropout': 0.06683308611708097, 'train_learning_rate': 0.0049645195063636955, 'train_lr_reduce': 0.6}. Best is trial 673 with value: 0.11172225326299667.
[I 2024-12-19 19:47:07,325] Trial 1033 finished with value: 0.13400372862815857 and parameters: {'mlp_n_layers': 2, 'mlp_dim_00': 492, 'mlp_dim_01': 282, 'node_hidden_dim': 36, 'edge_hidden_dim': 76, 'depth': 1, 'rep_dropout': 0.026901233185068027, 'train_learning_rate': 0.002430874258614312, 'train_lr_reduce': 0.6}. Best is trial 673 with value: 0.11172225326299667.
[I 2024-12-19 19:47:10,755] Trial 1034 finished with value: 0.12631085515022278 and parameters: {'mlp_n_layers': 1, 'mlp_dim_00': 271, 'node_hidden_dim': 34, 'edge_hidden_dim': 61, 'depth': 1, 'rep_dropout': 0.01867066416443242, 'train_learning_rate': 0.0026137831596078696, 'train_lr_reduce': 0.6}. Best is trial 673 with value: 0.11172225326299667.
[I 2024-12-19 19:47:15,498] Trial 1037 finished with value: 1.1424405574798584 and parameters: {'mlp_n_layers': 4, 'mlp_dim_00': 75, 'mlp_dim_01': 228, 'mlp_dim_02': 511, 'mlp_dim_03': 279, 'node_hidden_dim': 68, 'edge_hidden_dim': 94, 'depth': 2, 'rep_dropout': 0.020945236529751277, 'train_learning_rate': 0.00020689951692295583, 'train_lr_reduce': 0.6}. Best is trial 673 with value: 0.11172225326299667.
[I 2024-12-19 19:47:28,419] Trial 1038 finished with value: 0.28547707200050354 and parameters: {'mlp_n_layers': 1, 'mlp_dim_00': 331, 'node_hidden_dim': 45, 'edge_hidden_dim': 35, 'depth': 1, 'rep_dropout': 0.02758421060575843, 'train_learning_rate': 0.0044792924749182126, 'train_lr_reduce': 0.6}. Best is trial 673 with value: 0.11172225326299667.
[I 2024-12-19 19:47:34,808] Trial 1040 finished with value: 1.1453567743301392 and parameters: {'mlp_n_layers': 1, 'mlp_dim_00': 396, 'node_hidden_dim': 57, 'edge_hidden_dim': 64, 'depth': 2, 'rep_dropout': 0.07128113179199777, 'train_learning_rate': 0.0015905073110612186, 'train_lr_reduce': 0.6}. Best is trial 673 with value: 0.11172225326299667.
[I 2024-12-19 19:47:35,208] Trial 1039 finished with value: 0.2745254337787628 and parameters: {'mlp_n_layers': 1, 'mlp_dim_00': 374, 'node_hidden_dim': 32, 'edge_hidden_dim': 64, 'depth': 1, 'rep_dropout': 0.03326203194540307, 'train_learning_rate': 0.008204662431865725, 'train_lr_reduce': 0.6}. Best is trial 673 with value: 0.11172225326299667.
[I 2024-12-19 19:47:40,714] Trial 1042 finished with value: 1.1458619832992554 and parameters: {'mlp_n_layers': 1, 'mlp_dim_00': 320, 'node_hidden_dim': 34, 'edge_hidden_dim': 56, 'depth': 2, 'rep_dropout': 0.0880129943295009, 'train_learning_rate': 0.00220696594507125, 'train_lr_reduce': 0.6}. Best is trial 673 with value: 0.11172225326299667.
[I 2024-12-19 19:47:45,029] Trial 1036 finished with value: 0.1528661549091339 and parameters: {'mlp_n_layers': 1, 'mlp_dim_00': 406, 'node_hidden_dim': 39, 'edge_hidden_dim': 32, 'depth': 1, 'rep_dropout': 0.06778881285288368, 'train_learning_rate': 0.0035555024374928387, 'train_lr_reduce': 0.6}. Best is trial 673 with value: 0.11172225326299667.
[I 2024-12-19 19:47:46,170] Trial 1043 finished with value: 1.1411875486373901 and parameters: {'mlp_n_layers': 1, 'mlp_dim_00': 303, 'node_hidden_dim': 32, 'edge_hidden_dim': 59, 'depth': 2, 'rep_dropout': 0.049199475112251784, 'train_learning_rate': 0.0025808407476702955, 'train_lr_reduce': 0.6}. Best is trial 673 with value: 0.11172225326299667.
[I 2024-12-19 19:47:51,743] Trial 1045 finished with value: 1.1414220333099365 and parameters: {'mlp_n_layers': 2, 'mlp_dim_00': 425, 'mlp_dim_01': 310, 'node_hidden_dim': 43, 'edge_hidden_dim': 80, 'depth': 1, 'rep_dropout': 0.08366741272777445, 'train_learning_rate': 0.0007222942222744824, 'train_lr_reduce': 0.6}. Best is trial 673 with value: 0.11172225326299667.
[I 2024-12-19 19:47:57,112] Trial 1046 finished with value: 1.1471760272979736 and parameters: {'mlp_n_layers': 1, 'mlp_dim_00': 445, 'node_hidden_dim': 58, 'edge_hidden_dim': 56, 'depth': 1, 'rep_dropout': 0.05726603549782059, 'train_learning_rate': 0.0008536257300120669, 'train_lr_reduce': 0.6}. Best is trial 673 with value: 0.11172225326299667.
[I 2024-12-19 19:48:07,219] Trial 1041 finished with value: 0.1675899475812912 and parameters: {'mlp_n_layers': 2, 'mlp_dim_00': 478, 'mlp_dim_01': 508, 'node_hidden_dim': 52, 'edge_hidden_dim': 55, 'depth': 1, 'rep_dropout': 0.026397123542667638, 'train_learning_rate': 0.006410291761062655, 'train_lr_reduce': 0.6}. Best is trial 673 with value: 0.11172225326299667.
[I 2024-12-19 19:48:27,996] Trial 1047 finished with value: 0.18774628639221191 and parameters: {'mlp_n_layers': 1, 'mlp_dim_00': 412, 'node_hidden_dim': 52, 'edge_hidden_dim': 50, 'depth': 1, 'rep_dropout': 0.03781594908205332, 'train_learning_rate': 0.0054193100534286375, 'train_lr_reduce': 0.6}. Best is trial 673 with value: 0.11172225326299667.
[I 2024-12-19 19:48:30,303] Trial 1044 finished with value: 0.1699213683605194 and parameters: {'mlp_n_layers': 1, 'mlp_dim_00': 378, 'node_hidden_dim': 36, 'edge_hidden_dim': 45, 'depth': 1, 'rep_dropout': 0.0014724538636449545, 'train_learning_rate': 0.004501326895619498, 'train_lr_reduce': 0.6}. Best is trial 673 with value: 0.11172225326299667.
[I 2024-12-19 19:48:36,997] Trial 1049 finished with value: 1.1420490741729736 and parameters: {'mlp_n_layers': 4, 'mlp_dim_00': 480, 'mlp_dim_01': 317, 'mlp_dim_02': 199, 'mlp_dim_03': 184, 'node_hidden_dim': 51, 'edge_hidden_dim': 61, 'depth': 4, 'rep_dropout': 0.0505639218453592, 'train_learning_rate': 0.00023166521960035815, 'train_lr_reduce': 0.6}. Best is trial 673 with value: 0.11172225326299667.
[I 2024-12-19 19:48:51,749] Trial 1048 finished with value: 0.16516084969043732 and parameters: {'mlp_n_layers': 1, 'mlp_dim_00': 305, 'node_hidden_dim': 47, 'edge_hidden_dim': 32, 'depth': 1, 'rep_dropout': 0.014632585661665342, 'train_learning_rate': 0.009102752945508365, 'train_lr_reduce': 0.6}. Best is trial 673 with value: 0.11172225326299667.
[I 2024-12-19 19:49:09,412] Trial 1050 finished with value: 0.14722256362438202 and parameters: {'mlp_n_layers': 2, 'mlp_dim_00': 302, 'mlp_dim_01': 65, 'node_hidden_dim': 33, 'edge_hidden_dim': 72, 'depth': 1, 'rep_dropout': 0.06082672359933575, 'train_learning_rate': 0.003181604999025941, 'train_lr_reduce': 0.6}. Best is trial 673 with value: 0.11172225326299667.
[I 2024-12-19 19:49:12,339] Trial 1051 finished with value: 0.1649150252342224 and parameters: {'mlp_n_layers': 1, 'mlp_dim_00': 272, 'node_hidden_dim': 32, 'edge_hidden_dim': 44, 'depth': 1, 'rep_dropout': 2.0229643462805688e-05, 'train_learning_rate': 0.004127639202600037, 'train_lr_reduce': 0.6}. Best is trial 673 with value: 0.11172225326299667.
[I 2024-12-19 19:49:20,086] Trial 1054 finished with value: 1.142199158668518 and parameters: {'mlp_n_layers': 4, 'mlp_dim_00': 403, 'mlp_dim_01': 512, 'mlp_dim_02': 333, 'mlp_dim_03': 459, 'node_hidden_dim': 94, 'edge_hidden_dim': 123, 'depth': 2, 'rep_dropout': 0.07409484298504997, 'train_learning_rate': 0.00015979372760043778, 'train_lr_reduce': 0.6}. Best is trial 673 with value: 0.11172225326299667.
[I 2024-12-19 19:49:25,875] Trial 1055 finished with value: 1.1433085203170776 and parameters: {'mlp_n_layers': 2, 'mlp_dim_00': 253, 'mlp_dim_01': 268, 'node_hidden_dim': 45, 'edge_hidden_dim': 35, 'depth': 2, 'rep_dropout': 0.05299710057821751, 'train_learning_rate': 0.0015413957153225355, 'train_lr_reduce': 0.6}. Best is trial 673 with value: 0.11172225326299667.
[I 2024-12-19 19:49:31,229] Trial 1053 finished with value: 0.22721469402313232 and parameters: {'mlp_n_layers': 2, 'mlp_dim_00': 418, 'mlp_dim_01': 466, 'node_hidden_dim': 61, 'edge_hidden_dim': 32, 'depth': 1, 'rep_dropout': 0.027577501095128236, 'train_learning_rate': 0.002354575946022654, 'train_lr_reduce': 0.6}. Best is trial 673 with value: 0.11172225326299667.
[I 2024-12-19 19:49:35,511] Trial 1052 finished with value: 0.15533438324928284 and parameters: {'mlp_n_layers': 1, 'mlp_dim_00': 320, 'node_hidden_dim': 60, 'edge_hidden_dim': 57, 'depth': 1, 'rep_dropout': 0.00899188347999216, 'train_learning_rate': 0.0018530080227571908, 'train_lr_reduce': 0.6}. Best is trial 673 with value: 0.11172225326299667.
[I 2024-12-19 19:49:40,792] Trial 1058 finished with value: 1.1511403322219849 and parameters: {'mlp_n_layers': 2, 'mlp_dim_00': 398, 'mlp_dim_01': 346, 'node_hidden_dim': 52, 'edge_hidden_dim': 64, 'depth': 2, 'rep_dropout': 0.038876778570210796, 'train_learning_rate': 0.00266557054176157, 'train_lr_reduce': 0.6}. Best is trial 673 with value: 0.11172225326299667.
[I 2024-12-19 19:49:53,687] Trial 1056 finished with value: 0.2322460412979126 and parameters: {'mlp_n_layers': 1, 'mlp_dim_00': 443, 'node_hidden_dim': 58, 'edge_hidden_dim': 34, 'depth': 1, 'rep_dropout': 0.06975936409899114, 'train_learning_rate': 0.0018585487415345475, 'train_lr_reduce': 0.6}. Best is trial 673 with value: 0.11172225326299667.
[I 2024-12-19 19:50:18,458] Trial 1057 finished with value: 0.21833087503910065 and parameters: {'mlp_n_layers': 1, 'mlp_dim_00': 394, 'node_hidden_dim': 51, 'edge_hidden_dim': 55, 'depth': 1, 'rep_dropout': 0.02091383850508329, 'train_learning_rate': 0.004225647845731098, 'train_lr_reduce': 0.6}. Best is trial 673 with value: 0.11172225326299667.
[I 2024-12-19 19:50:22,892] Trial 1059 finished with value: 0.11835186928510666 and parameters: {'mlp_n_layers': 1, 'mlp_dim_00': 414, 'node_hidden_dim': 32, 'edge_hidden_dim': 41, 'depth': 1, 'rep_dropout': 0.044578325028248, 'train_learning_rate': 0.003359206291568559, 'train_lr_reduce': 0.6}. Best is trial 673 with value: 0.11172225326299667.
[I 2024-12-19 19:50:24,406] Trial 1060 finished with value: 0.30957508087158203 and parameters: {'mlp_n_layers': 1, 'mlp_dim_00': 431, 'node_hidden_dim': 54, 'edge_hidden_dim': 51, 'depth': 2, 'rep_dropout': 0.008082318310053932, 'train_learning_rate': 0.0042534126147028015, 'train_lr_reduce': 0.6}. Best is trial 673 with value: 0.11172225326299667.
[I 2024-12-19 19:50:59,524] Trial 1061 finished with value: 0.1497606486082077 and parameters: {'mlp_n_layers': 1, 'mlp_dim_00': 358, 'node_hidden_dim': 34, 'edge_hidden_dim': 48, 'depth': 1, 'rep_dropout': 0.004746249780190543, 'train_learning_rate': 0.0018567583468405654, 'train_lr_reduce': 0.6}. Best is trial 673 with value: 0.11172225326299667.
[I 2024-12-19 19:51:08,290] Trial 1062 finished with value: 0.3725091218948364 and parameters: {'mlp_n_layers': 3, 'mlp_dim_00': 485, 'mlp_dim_01': 208, 'mlp_dim_02': 113, 'node_hidden_dim': 64, 'edge_hidden_dim': 37, 'depth': 2, 'rep_dropout': 0.057451577403911255, 'train_learning_rate': 0.004903525887562844, 'train_lr_reduce': 0.6}. Best is trial 673 with value: 0.11172225326299667.
[I 2024-12-19 19:51:09,626] Trial 1063 finished with value: 0.1404116302728653 and parameters: {'mlp_n_layers': 1, 'mlp_dim_00': 480, 'node_hidden_dim': 34, 'edge_hidden_dim': 51, 'depth': 1, 'rep_dropout': 0.0046019469823713015, 'train_learning_rate': 0.0015033493538864815, 'train_lr_reduce': 0.6}. Best is trial 673 with value: 0.11172225326299667.
[I 2024-12-19 19:51:42,724] Trial 1064 finished with value: 0.1461373269557953 and parameters: {'mlp_n_layers': 1, 'mlp_dim_00': 474, 'node_hidden_dim': 32, 'edge_hidden_dim': 52, 'depth': 1, 'rep_dropout': 0.06289217425389741, 'train_learning_rate': 0.0018817435453893497, 'train_lr_reduce': 0.6}. Best is trial 673 with value: 0.11172225326299667.
[I 2024-12-19 19:51:49,180] Trial 1065 finished with value: 0.12933452427387238 and parameters: {'mlp_n_layers': 1, 'mlp_dim_00': 317, 'node_hidden_dim': 33, 'edge_hidden_dim': 86, 'depth': 1, 'rep_dropout': 0.04047684473092456, 'train_learning_rate': 0.006560786561039955, 'train_lr_reduce': 0.6}. Best is trial 673 with value: 0.11172225326299667.
[I 2024-12-19 19:51:51,942] Trial 1066 finished with value: 0.25393906235694885 and parameters: {'mlp_n_layers': 1, 'mlp_dim_00': 363, 'node_hidden_dim': 35, 'edge_hidden_dim': 33, 'depth': 1, 'rep_dropout': 0.04923868823929606, 'train_learning_rate': 0.007917466413429481, 'train_lr_reduce': 0.6}. Best is trial 673 with value: 0.11172225326299667.
[I 2024-12-19 19:51:58,928] Trial 1069 finished with value: 1.1446269750595093 and parameters: {'mlp_n_layers': 2, 'mlp_dim_00': 438, 'mlp_dim_01': 132, 'node_hidden_dim': 110, 'edge_hidden_dim': 85, 'depth': 4, 'rep_dropout': 0.09113563866836255, 'train_learning_rate': 0.005510796720686547, 'train_lr_reduce': 0.6}. Best is trial 673 with value: 0.11172225326299667.
[I 2024-12-19 19:52:24,297] Trial 1067 finished with value: 0.1256846785545349 and parameters: {'mlp_n_layers': 1, 'mlp_dim_00': 484, 'node_hidden_dim': 32, 'edge_hidden_dim': 62, 'depth': 1, 'rep_dropout': 0.026189356491875364, 'train_learning_rate': 0.0038357413657173546, 'train_lr_reduce': 0.6}. Best is trial 673 with value: 0.11172225326299667.
[I 2024-12-19 19:52:31,829] Trial 1068 finished with value: 0.1808542013168335 and parameters: {'mlp_n_layers': 1, 'mlp_dim_00': 403, 'node_hidden_dim': 52, 'edge_hidden_dim': 33, 'depth': 1, 'rep_dropout': 0.0468555878445694, 'train_learning_rate': 0.0031699428058470846, 'train_lr_reduce': 0.6}. Best is trial 673 with value: 0.11172225326299667.
[I 2024-12-19 19:52:37,069] Trial 1072 finished with value: 1.1424344778060913 and parameters: {'mlp_n_layers': 1, 'mlp_dim_00': 482, 'node_hidden_dim': 33, 'edge_hidden_dim': 46, 'depth': 1, 'rep_dropout': 0.026934379048431895, 'train_learning_rate': 0.004700222288351314, 'train_lr_reduce': 0.6}. Best is trial 673 with value: 0.11172225326299667.
[I 2024-12-19 19:52:41,923] Trial 1070 finished with value: 0.11825266480445862 and parameters: {'mlp_n_layers': 1, 'mlp_dim_00': 313, 'node_hidden_dim': 32, 'edge_hidden_dim': 57, 'depth': 1, 'rep_dropout': 0.04478245210658781, 'train_learning_rate': 0.0025342411527888415, 'train_lr_reduce': 0.6}. Best is trial 673 with value: 0.11172225326299667.
[I 2024-12-19 19:52:48,956] Trial 1074 finished with value: 1.1508255004882812 and parameters: {'mlp_n_layers': 4, 'mlp_dim_00': 430, 'mlp_dim_01': 474, 'mlp_dim_02': 225, 'mlp_dim_03': 511, 'node_hidden_dim': 65, 'edge_hidden_dim': 51, 'depth': 2, 'rep_dropout': 0.1389455577210954, 'train_learning_rate': 0.002556550053065085, 'train_lr_reduce': 0.6}. Best is trial 673 with value: 0.11172225326299667.
[I 2024-12-19 19:52:55,047] Trial 1075 finished with value: 1.1421772241592407 and parameters: {'mlp_n_layers': 1, 'mlp_dim_00': 387, 'node_hidden_dim': 34, 'edge_hidden_dim': 48, 'depth': 1, 'rep_dropout': 0.0420307247705353, 'train_learning_rate': 0.001676953931246261, 'train_lr_reduce': 0.6}. Best is trial 673 with value: 0.11172225326299667.
[I 2024-12-19 19:53:01,688] Trial 1071 finished with value: 0.16540493071079254 and parameters: {'mlp_n_layers': 1, 'mlp_dim_00': 381, 'node_hidden_dim': 47, 'edge_hidden_dim': 61, 'depth': 1, 'rep_dropout': 0.06333024810028884, 'train_learning_rate': 0.003332011849102935, 'train_lr_reduce': 0.6}. Best is trial 673 with value: 0.11172225326299667.
[I 2024-12-19 19:53:17,034] Trial 1073 finished with value: 0.17099948227405548 and parameters: {'mlp_n_layers': 1, 'mlp_dim_00': 319, 'node_hidden_dim': 32, 'edge_hidden_dim': 41, 'depth': 1, 'rep_dropout': 0.07214951164621726, 'train_learning_rate': 0.005707724769455507, 'train_lr_reduce': 0.6}. Best is trial 673 with value: 0.11172225326299667.
[I 2024-12-19 19:53:30,944] Trial 1077 finished with value: 0.20661868155002594 and parameters: {'mlp_n_layers': 1, 'mlp_dim_00': 197, 'node_hidden_dim': 39, 'edge_hidden_dim': 61, 'depth': 1, 'rep_dropout': 0.04260250047185704, 'train_learning_rate': 0.0026912284005156423, 'train_lr_reduce': 0.6}. Best is trial 673 with value: 0.11172225326299667.
[I 2024-12-19 19:53:33,307] Trial 1076 finished with value: 0.15581601858139038 and parameters: {'mlp_n_layers': 1, 'mlp_dim_00': 323, 'node_hidden_dim': 43, 'edge_hidden_dim': 60, 'depth': 1, 'rep_dropout': 0.02102979106613707, 'train_learning_rate': 0.0021357684027925677, 'train_lr_reduce': 0.6}. Best is trial 673 with value: 0.11172225326299667.
[I 2024-12-19 19:53:39,352] Trial 1080 finished with value: 1.1422024965286255 and parameters: {'mlp_n_layers': 1, 'mlp_dim_00': 290, 'node_hidden_dim': 40, 'edge_hidden_dim': 90, 'depth': 2, 'rep_dropout': 0.1132035818139765, 'train_learning_rate': 0.00015782950636188285, 'train_lr_reduce': 0.6}. Best is trial 673 with value: 0.11172225326299667.
[I 2024-12-19 19:53:57,474] Trial 1078 finished with value: 0.1351887732744217 and parameters: {'mlp_n_layers': 1, 'mlp_dim_00': 355, 'node_hidden_dim': 34, 'edge_hidden_dim': 58, 'depth': 1, 'rep_dropout': 0.038528600228112525, 'train_learning_rate': 0.0023520496276938523, 'train_lr_reduce': 0.6}. Best is trial 673 with value: 0.11172225326299667.
[I 2024-12-19 19:54:12,046] Trial 1079 finished with value: 0.12446778267621994 and parameters: {'mlp_n_layers': 1, 'mlp_dim_00': 342, 'node_hidden_dim': 35, 'edge_hidden_dim': 51, 'depth': 1, 'rep_dropout': 0.047164160560553024, 'train_learning_rate': 0.0024672320203473264, 'train_lr_reduce': 0.6}. Best is trial 673 with value: 0.11172225326299667.
[I 2024-12-19 19:54:22,906] Trial 1081 finished with value: 0.16059307754039764 and parameters: {'mlp_n_layers': 1, 'mlp_dim_00': 342, 'node_hidden_dim': 53, 'edge_hidden_dim': 70, 'depth': 1, 'rep_dropout': 0.004407149820853511, 'train_learning_rate': 0.002725320508335225, 'train_lr_reduce': 0.6}. Best is trial 673 with value: 0.11172225326299667.
[I 2024-12-19 19:54:29,418] Trial 1082 finished with value: 0.19445067644119263 and parameters: {'mlp_n_layers': 2, 'mlp_dim_00': 428, 'mlp_dim_01': 328, 'node_hidden_dim': 42, 'edge_hidden_dim': 36, 'depth': 1, 'rep_dropout': 0.04996055076924701, 'train_learning_rate': 0.004892470022158261, 'train_lr_reduce': 0.6}. Best is trial 673 with value: 0.11172225326299667.
[I 2024-12-19 19:54:29,771] Trial 1084 finished with value: 1.1463892459869385 and parameters: {'mlp_n_layers': 4, 'mlp_dim_00': 407, 'mlp_dim_01': 380, 'mlp_dim_02': 401, 'mlp_dim_03': 331, 'node_hidden_dim': 87, 'edge_hidden_dim': 87, 'depth': 2, 'rep_dropout': 0.09898881842446795, 'train_learning_rate': 0.0014458199983259693, 'train_lr_reduce': 0.6}. Best is trial 673 with value: 0.11172225326299667.
[I 2024-12-19 19:54:34,864] Trial 1086 finished with value: 1.146058201789856 and parameters: {'mlp_n_layers': 1, 'mlp_dim_00': 364, 'node_hidden_dim': 35, 'edge_hidden_dim': 57, 'depth': 1, 'rep_dropout': 0.07439475549448823, 'train_learning_rate': 0.0007531353420506462, 'train_lr_reduce': 0.6}. Best is trial 673 with value: 0.11172225326299667.
