[I 2024-12-15 16:13:14,575] Trial 1105 finished with value: 0.16021618247032166 and parameters: {'mlp_n_layers': 3, 'mlp_dim_00': 144, 'mlp_dim_01': 112, 'mlp_dim_02': 160, 'hidden_channels': 240, 'num_layers': 1, 'num_timesteps': 2, 'dropout': 0.016550392296471733, 'train_learning_rate': 0.002632277191166568, 'train_lr_reduce': 0.6}. Best is trial 632 with value: 0.13978464901447296.
[I 2024-12-15 16:13:17,925] Trial 1107 finished with value: 0.19894257187843323 and parameters: {'mlp_n_layers': 4, 'mlp_dim_00': 240, 'mlp_dim_01': 192, 'mlp_dim_02': 192, 'mlp_dim_03': 48, 'hidden_channels': 224, 'num_layers': 1, 'num_timesteps': 4, 'dropout': 0.00010128368707835577, 'train_learning_rate': 0.0010626109706545774, 'train_lr_reduce': 0.6}. Best is trial 632 with value: 0.13978464901447296.
[I 2024-12-15 16:13:24,627] Trial 1108 finished with value: 0.200277641415596 and parameters: {'mlp_n_layers': 2, 'mlp_dim_00': 240, 'mlp_dim_01': 96, 'hidden_channels': 144, 'num_layers': 1, 'num_timesteps': 4, 'dropout': 0.026666027215503055, 'train_learning_rate': 0.0023447936826445793, 'train_lr_reduce': 0.6}. Best is trial 632 with value: 0.13978464901447296.
[I 2024-12-15 16:13:28,061] Trial 1106 finished with value: 0.815403938293457 and parameters: {'mlp_n_layers': 3, 'mlp_dim_00': 32, 'mlp_dim_01': 80, 'mlp_dim_02': 112, 'hidden_channels': 80, 'num_layers': 3, 'num_timesteps': 4, 'dropout': 0.28261967861719184, 'train_learning_rate': 0.00019256941063456953, 'train_lr_reduce': 0.6}. Best is trial 632 with value: 0.13978464901447296.
[I 2024-12-15 16:13:30,611] Trial 1109 finished with value: 0.32665514945983887 and parameters: {'mlp_n_layers': 4, 'mlp_dim_00': 160, 'mlp_dim_01': 96, 'mlp_dim_02': 144, 'mlp_dim_03': 112, 'hidden_channels': 80, 'num_layers': 2, 'num_timesteps': 3, 'dropout': 0.2882546440341585, 'train_learning_rate': 0.0004001471602281517, 'train_lr_reduce': 0.6}. Best is trial 632 with value: 0.13978464901447296.
[I 2024-12-15 16:13:33,701] Trial 1110 finished with value: 0.16807542741298676 and parameters: {'mlp_n_layers': 3, 'mlp_dim_00': 128, 'mlp_dim_01': 208, 'mlp_dim_02': 176, 'hidden_channels': 256, 'num_layers': 1, 'num_timesteps': 3, 'dropout': 0.01806396325661218, 'train_learning_rate': 0.005868299468334764, 'train_lr_reduce': 0.6}. Best is trial 632 with value: 0.13978464901447296.
[I 2024-12-15 16:13:39,154] Trial 1111 finished with value: 0.1991250365972519 and parameters: {'mlp_n_layers': 4, 'mlp_dim_00': 224, 'mlp_dim_01': 144, 'mlp_dim_02': 160, 'mlp_dim_03': 48, 'hidden_channels': 240, 'num_layers': 1, 'num_timesteps': 1, 'dropout': 0.049748207727123, 'train_learning_rate': 0.0028530410541737234, 'train_lr_reduce': 0.6}. Best is trial 632 with value: 0.13978464901447296.
[I 2024-12-15 16:13:40,536] Trial 1113 finished with value: 0.2051258236169815 and parameters: {'mlp_n_layers': 3, 'mlp_dim_00': 48, 'mlp_dim_01': 96, 'mlp_dim_02': 128, 'hidden_channels': 256, 'num_layers': 1, 'num_timesteps': 3, 'dropout': 0.04504168245483482, 'train_learning_rate': 0.0030599136952697207, 'train_lr_reduce': 0.6}. Best is trial 632 with value: 0.13978464901447296.
[I 2024-12-15 16:13:40,749] Trial 1112 finished with value: 0.24248941242694855 and parameters: {'mlp_n_layers': 3, 'mlp_dim_00': 208, 'mlp_dim_01': 224, 'mlp_dim_02': 192, 'hidden_channels': 256, 'num_layers': 1, 'num_timesteps': 2, 'dropout': 0.11945744163821742, 'train_learning_rate': 0.0055013202890599995, 'train_lr_reduce': 0.6}. Best is trial 632 with value: 0.13978464901447296.
[I 2024-12-15 16:13:46,487] Trial 1114 finished with value: 0.2178499549627304 and parameters: {'mlp_n_layers': 3, 'mlp_dim_00': 224, 'mlp_dim_01': 240, 'mlp_dim_02': 160, 'hidden_channels': 208, 'num_layers': 1, 'num_timesteps': 4, 'dropout': 0.014938125392622851, 'train_learning_rate': 0.0020205106122004397, 'train_lr_reduce': 0.6}. Best is trial 632 with value: 0.13978464901447296.
[I 2024-12-15 16:13:47,994] Trial 1116 finished with value: 0.20338456332683563 and parameters: {'mlp_n_layers': 4, 'mlp_dim_00': 208, 'mlp_dim_01': 256, 'mlp_dim_02': 144, 'mlp_dim_03': 96, 'hidden_channels': 208, 'num_layers': 1, 'num_timesteps': 4, 'dropout': 0.012069092997406047, 'train_learning_rate': 0.0035417827303492453, 'train_lr_reduce': 0.6}. Best is trial 632 with value: 0.13978464901447296.
[I 2024-12-15 16:13:48,296] Trial 1115 finished with value: 0.2366035282611847 and parameters: {'mlp_n_layers': 3, 'mlp_dim_00': 192, 'mlp_dim_01': 192, 'mlp_dim_02': 176, 'hidden_channels': 240, 'num_layers': 1, 'num_timesteps': 3, 'dropout': 0.12128161829384318, 'train_learning_rate': 0.008363137960740502, 'train_lr_reduce': 0.6}. Best is trial 632 with value: 0.13978464901447296.
[I 2024-12-15 16:13:55,741] Trial 1117 finished with value: 0.20430147647857666 and parameters: {'mlp_n_layers': 4, 'mlp_dim_00': 112, 'mlp_dim_01': 128, 'mlp_dim_02': 192, 'mlp_dim_03': 128, 'hidden_channels': 176, 'num_layers': 1, 'num_timesteps': 2, 'dropout': 0.019608966587535297, 'train_learning_rate': 0.005542733493373041, 'train_lr_reduce': 0.6}. Best is trial 632 with value: 0.13978464901447296.
[I 2024-12-15 16:13:56,333] Trial 1118 finished with value: 0.19916974008083344 and parameters: {'mlp_n_layers': 4, 'mlp_dim_00': 80, 'mlp_dim_01': 144, 'mlp_dim_02': 112, 'mlp_dim_03': 160, 'hidden_channels': 192, 'num_layers': 1, 'num_timesteps': 4, 'dropout': 0.014783678261983069, 'train_learning_rate': 0.00710287600309913, 'train_lr_reduce': 0.6}. Best is trial 632 with value: 0.13978464901447296.
[I 2024-12-15 16:13:57,665] Trial 1119 finished with value: 0.20698939263820648 and parameters: {'mlp_n_layers': 3, 'mlp_dim_00': 256, 'mlp_dim_01': 128, 'mlp_dim_02': 160, 'hidden_channels': 208, 'num_layers': 2, 'num_timesteps': 4, 'dropout': 0.04779060975809184, 'train_learning_rate': 0.0010215083994369162, 'train_lr_reduce': 0.6}. Best is trial 632 with value: 0.13978464901447296.
[I 2024-12-15 16:14:03,708] Trial 1122 finished with value: 0.2254589945077896 and parameters: {'mlp_n_layers': 3, 'mlp_dim_00': 240, 'mlp_dim_01': 208, 'mlp_dim_02': 176, 'hidden_channels': 256, 'num_layers': 1, 'num_timesteps': 3, 'dropout': 0.01616153182058537, 'train_learning_rate': 0.005721150411480197, 'train_lr_reduce': 0.6}. Best is trial 632 with value: 0.13978464901447296.
[I 2024-12-15 16:14:03,805] Trial 1120 finished with value: 0.19766762852668762 and parameters: {'mlp_n_layers': 2, 'mlp_dim_00': 144, 'mlp_dim_01': 256, 'hidden_channels': 112, 'num_layers': 1, 'num_timesteps': 4, 'dropout': 0.017777333866177192, 'train_learning_rate': 0.0022186013197686054, 'train_lr_reduce': 0.6}. Best is trial 632 with value: 0.13978464901447296.
[I 2024-12-15 16:14:11,798] Trial 1124 finished with value: 0.22913728654384613 and parameters: {'mlp_n_layers': 4, 'mlp_dim_00': 112, 'mlp_dim_01': 144, 'mlp_dim_02': 144, 'mlp_dim_03': 48, 'hidden_channels': 240, 'num_layers': 2, 'num_timesteps': 3, 'dropout': 0.0033667882219922812, 'train_learning_rate': 0.0022125165254358757, 'train_lr_reduce': 0.6}. Best is trial 632 with value: 0.13978464901447296.
[I 2024-12-15 16:14:13,138] Trial 1121 finished with value: 0.24466557800769806 and parameters: {'mlp_n_layers': 2, 'mlp_dim_00': 144, 'mlp_dim_01': 144, 'hidden_channels': 112, 'num_layers': 4, 'num_timesteps': 3, 'dropout': 0.14746384145340433, 'train_learning_rate': 0.00025160221510249736, 'train_lr_reduce': 0.6}. Best is trial 632 with value: 0.13978464901447296.
[I 2024-12-15 16:14:14,032] Trial 1123 finished with value: 0.16965098679065704 and parameters: {'mlp_n_layers': 3, 'mlp_dim_00': 256, 'mlp_dim_01': 160, 'mlp_dim_02': 144, 'hidden_channels': 256, 'num_layers': 1, 'num_timesteps': 4, 'dropout': 0.007416488768498167, 'train_learning_rate': 0.0014612723806070752, 'train_lr_reduce': 0.6}. Best is trial 632 with value: 0.13978464901447296.
[I 2024-12-15 16:14:20,732] Trial 1125 finished with value: 0.22575010359287262 and parameters: {'mlp_n_layers': 2, 'mlp_dim_00': 32, 'mlp_dim_01': 64, 'hidden_channels': 96, 'num_layers': 1, 'num_timesteps': 1, 'dropout': 0.2828175259845222, 'train_learning_rate': 0.0017533352876265606, 'train_lr_reduce': 0.6}. Best is trial 632 with value: 0.13978464901447296.
[I 2024-12-15 16:14:21,473] Trial 1126 finished with value: 0.16672183573246002 and parameters: {'mlp_n_layers': 4, 'mlp_dim_00': 192, 'mlp_dim_01': 176, 'mlp_dim_02': 192, 'mlp_dim_03': 96, 'hidden_channels': 256, 'num_layers': 1, 'num_timesteps': 2, 'dropout': 0.06922749386142157, 'train_learning_rate': 0.002097165140600527, 'train_lr_reduce': 0.6}. Best is trial 632 with value: 0.13978464901447296.
[I 2024-12-15 16:14:28,184] Trial 1128 finished with value: 0.23794524371623993 and parameters: {'mlp_n_layers': 3, 'mlp_dim_00': 208, 'mlp_dim_01': 224, 'mlp_dim_02': 128, 'hidden_channels': 240, 'num_layers': 1, 'num_timesteps': 4, 'dropout': 0.05966031534157207, 'train_learning_rate': 0.009808274734886924, 'train_lr_reduce': 0.6}. Best is trial 632 with value: 0.13978464901447296.
[I 2024-12-15 16:14:28,897] Trial 1127 finished with value: 0.16404031217098236 and parameters: {'mlp_n_layers': 4, 'mlp_dim_00': 176, 'mlp_dim_01': 240, 'mlp_dim_02': 176, 'mlp_dim_03': 128, 'hidden_channels': 256, 'num_layers': 1, 'num_timesteps': 3, 'dropout': 0.08142979305839822, 'train_learning_rate': 0.0018413698695119596, 'train_lr_reduce': 0.6}. Best is trial 632 with value: 0.13978464901447296.
[I 2024-12-15 16:14:30,811] Trial 1129 finished with value: 0.20426931977272034 and parameters: {'mlp_n_layers': 2, 'mlp_dim_00': 128, 'mlp_dim_01': 128, 'hidden_channels': 240, 'num_layers': 1, 'num_timesteps': 2, 'dropout': 0.0016980203896454354, 'train_learning_rate': 0.0014702101712851412, 'train_lr_reduce': 0.6}. Best is trial 632 with value: 0.13978464901447296.
[I 2024-12-15 16:14:34,747] Trial 1131 finished with value: 0.2424526810646057 and parameters: {'mlp_n_layers': 4, 'mlp_dim_00': 32, 'mlp_dim_01': 80, 'mlp_dim_02': 160, 'mlp_dim_03': 80, 'hidden_channels': 240, 'num_layers': 1, 'num_timesteps': 2, 'dropout': 0.023087899397901762, 'train_learning_rate': 0.0025390948463867398, 'train_lr_reduce': 0.6}. Best is trial 632 with value: 0.13978464901447296.
[I 2024-12-15 16:14:40,240] Trial 1130 finished with value: 0.19421260058879852 and parameters: {'mlp_n_layers': 3, 'mlp_dim_00': 240, 'mlp_dim_01': 208, 'mlp_dim_02': 192, 'hidden_channels': 160, 'num_layers': 1, 'num_timesteps': 4, 'dropout': 0.03876344858508475, 'train_learning_rate': 0.0004600644517251859, 'train_lr_reduce': 0.6}. Best is trial 632 with value: 0.13978464901447296.
[I 2024-12-15 16:14:40,567] Trial 1132 finished with value: 0.1586945354938507 and parameters: {'mlp_n_layers': 4, 'mlp_dim_00': 144, 'mlp_dim_01': 240, 'mlp_dim_02': 160, 'mlp_dim_03': 48, 'hidden_channels': 256, 'num_layers': 1, 'num_timesteps': 3, 'dropout': 0.02025804643850585, 'train_learning_rate': 0.006741473574866453, 'train_lr_reduce': 0.6}. Best is trial 632 with value: 0.13978464901447296.
[I 2024-12-15 16:14:42,144] Trial 1133 finished with value: 0.16831283271312714 and parameters: {'mlp_n_layers': 2, 'mlp_dim_00': 208, 'mlp_dim_01': 160, 'hidden_channels': 176, 'num_layers': 1, 'num_timesteps': 4, 'dropout': 0.04419000643966064, 'train_learning_rate': 0.0088088400091114, 'train_lr_reduce': 0.6}. Best is trial 632 with value: 0.13978464901447296.
[I 2024-12-15 16:14:49,319] Trial 1135 finished with value: 0.20879687368869781 and parameters: {'mlp_n_layers': 3, 'mlp_dim_00': 160, 'mlp_dim_01': 128, 'mlp_dim_02': 192, 'hidden_channels': 256, 'num_layers': 1, 'num_timesteps': 4, 'dropout': 0.03855837829053012, 'train_learning_rate': 0.0037405724412306806, 'train_lr_reduce': 0.6}. Best is trial 632 with value: 0.13978464901447296.
[I 2024-12-15 16:14:49,541] Trial 1134 finished with value: 0.21759220957756042 and parameters: {'mlp_n_layers': 3, 'mlp_dim_00': 128, 'mlp_dim_01': 64, 'mlp_dim_02': 128, 'hidden_channels': 192, 'num_layers': 3, 'num_timesteps': 4, 'dropout': 0.22687135558927707, 'train_learning_rate': 0.001089136616115755, 'train_lr_reduce': 0.6}. Best is trial 632 with value: 0.13978464901447296.
[I 2024-12-15 16:14:50,133] Trial 1136 finished with value: 0.2562582194805145 and parameters: {'mlp_n_layers': 4, 'mlp_dim_00': 256, 'mlp_dim_01': 256, 'mlp_dim_02': 160, 'mlp_dim_03': 96, 'hidden_channels': 224, 'num_layers': 2, 'num_timesteps': 3, 'dropout': 0.007566195661241525, 'train_learning_rate': 0.002430862962600874, 'train_lr_reduce': 0.6}. Best is trial 632 with value: 0.13978464901447296.
[I 2024-12-15 16:14:56,093] Trial 1138 finished with value: 0.22971749305725098 and parameters: {'mlp_n_layers': 3, 'mlp_dim_00': 224, 'mlp_dim_01': 144, 'mlp_dim_02': 144, 'hidden_channels': 224, 'num_layers': 1, 'num_timesteps': 4, 'dropout': 0.06248212555562059, 'train_learning_rate': 0.0037847353823742065, 'train_lr_reduce': 0.6}. Best is trial 632 with value: 0.13978464901447296.
[I 2024-12-15 16:14:57,342] Trial 1137 finished with value: 0.22032715380191803 and parameters: {'mlp_n_layers': 3, 'mlp_dim_00': 208, 'mlp_dim_01': 144, 'mlp_dim_02': 176, 'hidden_channels': 240, 'num_layers': 1, 'num_timesteps': 3, 'dropout': 0.038170296747202646, 'train_learning_rate': 0.004277280667071861, 'train_lr_reduce': 0.6}. Best is trial 632 with value: 0.13978464901447296.
[I 2024-12-15 16:15:04,854] Trial 1140 finished with value: 0.23982718586921692 and parameters: {'mlp_n_layers': 3, 'mlp_dim_00': 176, 'mlp_dim_01': 160, 'mlp_dim_02': 112, 'hidden_channels': 208, 'num_layers': 1, 'num_timesteps': 4, 'dropout': 0.08346207898128395, 'train_learning_rate': 0.00857978491639389, 'train_lr_reduce': 0.6}. Best is trial 632 with value: 0.13978464901447296.
[I 2024-12-15 16:15:05,956] Trial 1139 finished with value: 0.20480142533779144 and parameters: {'mlp_n_layers': 2, 'mlp_dim_00': 32, 'mlp_dim_01': 256, 'hidden_channels': 96, 'num_layers': 2, 'num_timesteps': 4, 'dropout': 0.05002114615559208, 'train_learning_rate': 0.0003188028444491603, 'train_lr_reduce': 0.6}. Best is trial 632 with value: 0.13978464901447296.
[I 2024-12-15 16:15:06,412] Trial 1141 finished with value: 0.170298233628273 and parameters: {'mlp_n_layers': 4, 'mlp_dim_00': 176, 'mlp_dim_01': 176, 'mlp_dim_02': 176, 'mlp_dim_03': 128, 'hidden_channels': 256, 'num_layers': 1, 'num_timesteps': 4, 'dropout': 0.0027010022809820225, 'train_learning_rate': 0.002669954769712481, 'train_lr_reduce': 0.6}. Best is trial 632 with value: 0.13978464901447296.
[I 2024-12-15 16:15:14,122] Trial 1143 finished with value: 0.2132856696844101 and parameters: {'mlp_n_layers': 4, 'mlp_dim_00': 176, 'mlp_dim_01': 192, 'mlp_dim_02': 144, 'mlp_dim_03': 48, 'hidden_channels': 224, 'num_layers': 1, 'num_timesteps': 4, 'dropout': 0.0013981482453395326, 'train_learning_rate': 0.006291895087405164, 'train_lr_reduce': 0.6}. Best is trial 632 with value: 0.13978464901447296.
[I 2024-12-15 16:15:15,496] Trial 1144 finished with value: 0.18094635009765625 and parameters: {'mlp_n_layers': 3, 'mlp_dim_00': 192, 'mlp_dim_01': 176, 'mlp_dim_02': 192, 'hidden_channels': 208, 'num_layers': 1, 'num_timesteps': 4, 'dropout': 0.009531165097912336, 'train_learning_rate': 0.006553358096590878, 'train_lr_reduce': 0.6}. Best is trial 632 with value: 0.13978464901447296.
[I 2024-12-15 16:15:20,813] Trial 1142 finished with value: 0.23944635689258575 and parameters: {'mlp_n_layers': 2, 'mlp_dim_00': 80, 'mlp_dim_01': 176, 'hidden_channels': 112, 'num_layers': 2, 'num_timesteps': 1, 'dropout': 0.10464433335704851, 'train_learning_rate': 0.0002783813383562607, 'train_lr_reduce': 0.6}. Best is trial 632 with value: 0.13978464901447296.
[I 2024-12-15 16:15:22,206] Trial 1145 finished with value: 0.20762234926223755 and parameters: {'mlp_n_layers': 4, 'mlp_dim_00': 224, 'mlp_dim_01': 192, 'mlp_dim_02': 160, 'mlp_dim_03': 80, 'hidden_channels': 176, 'num_layers': 1, 'num_timesteps': 4, 'dropout': 0.12060350114215695, 'train_learning_rate': 0.004033840411383608, 'train_lr_reduce': 0.6}. Best is trial 632 with value: 0.13978464901447296.
[I 2024-12-15 16:15:22,454] Trial 1146 finished with value: 0.2027091532945633 and parameters: {'mlp_n_layers': 3, 'mlp_dim_00': 256, 'mlp_dim_01': 224, 'mlp_dim_02': 192, 'hidden_channels': 224, 'num_layers': 1, 'num_timesteps': 3, 'dropout': 0.0048763333105943316, 'train_learning_rate': 0.0015576540634924616, 'train_lr_reduce': 0.6}. Best is trial 632 with value: 0.13978464901447296.
[I 2024-12-15 16:15:29,112] Trial 1147 finished with value: 0.23705850541591644 and parameters: {'mlp_n_layers': 2, 'mlp_dim_00': 144, 'mlp_dim_01': 112, 'hidden_channels': 80, 'num_layers': 4, 'num_timesteps': 3, 'dropout': 0.23750254297263323, 'train_learning_rate': 0.007081001026505681, 'train_lr_reduce': 0.6}. Best is trial 632 with value: 0.13978464901447296.
[I 2024-12-15 16:15:30,476] Trial 1148 finished with value: 0.20662085711956024 and parameters: {'mlp_n_layers': 3, 'mlp_dim_00': 224, 'mlp_dim_01': 208, 'mlp_dim_02': 128, 'hidden_channels': 208, 'num_layers': 1, 'num_timesteps': 3, 'dropout': 0.06970490523549597, 'train_learning_rate': 0.004185142548292546, 'train_lr_reduce': 0.6}. Best is trial 632 with value: 0.13978464901447296.
[I 2024-12-15 16:15:30,705] Trial 1149 finished with value: 0.20691032707691193 and parameters: {'mlp_n_layers': 3, 'mlp_dim_00': 160, 'mlp_dim_01': 160, 'mlp_dim_02': 160, 'hidden_channels': 256, 'num_layers': 1, 'num_timesteps': 4, 'dropout': 0.010809887426667079, 'train_learning_rate': 0.00982248666160423, 'train_lr_reduce': 0.6}. Best is trial 632 with value: 0.13978464901447296.
[I 2024-12-15 16:15:39,435] Trial 1151 finished with value: 0.22735919058322906 and parameters: {'mlp_n_layers': 3, 'mlp_dim_00': 96, 'mlp_dim_01': 32, 'mlp_dim_02': 144, 'hidden_channels': 208, 'num_layers': 4, 'num_timesteps': 1, 'dropout': 0.06887877179280585, 'train_learning_rate': 0.0007506613600206932, 'train_lr_reduce': 0.6}. Best is trial 632 with value: 0.13978464901447296.
[I 2024-12-15 16:15:43,801] Trial 1152 finished with value: 0.21586495637893677 and parameters: {'mlp_n_layers': 4, 'mlp_dim_00': 224, 'mlp_dim_01': 256, 'mlp_dim_02': 192, 'mlp_dim_03': 112, 'hidden_channels': 240, 'num_layers': 1, 'num_timesteps': 2, 'dropout': 0.033612132020005334, 'train_learning_rate': 0.0022385060058581862, 'train_lr_reduce': 0.6}. Best is trial 632 with value: 0.13978464901447296.
[I 2024-12-15 16:15:44,553] Trial 1150 finished with value: 0.15559226274490356 and parameters: {'mlp_n_layers': 3, 'mlp_dim_00': 160, 'mlp_dim_01': 128, 'mlp_dim_02': 176, 'hidden_channels': 256, 'num_layers': 2, 'num_timesteps': 4, 'dropout': 0.001886035740382836, 'train_learning_rate': 0.0015536002484569972, 'train_lr_reduce': 0.6}. Best is trial 632 with value: 0.13978464901447296.
[I 2024-12-15 16:15:46,786] Trial 1153 finished with value: 0.18647348880767822 and parameters: {'mlp_n_layers': 2, 'mlp_dim_00': 160, 'mlp_dim_01': 176, 'hidden_channels': 128, 'num_layers': 1, 'num_timesteps': 3, 'dropout': 0.12414529395569808, 'train_learning_rate': 0.0035533588157734526, 'train_lr_reduce': 0.6}. Best is trial 632 with value: 0.13978464901447296.
[I 2024-12-15 16:15:50,664] Trial 1154 finished with value: 0.21195083856582642 and parameters: {'mlp_n_layers': 4, 'mlp_dim_00': 208, 'mlp_dim_01': 192, 'mlp_dim_02': 112, 'mlp_dim_03': 160, 'hidden_channels': 192, 'num_layers': 1, 'num_timesteps': 3, 'dropout': 0.06238077083059721, 'train_learning_rate': 0.0037746864606810556, 'train_lr_reduce': 0.6}. Best is trial 632 with value: 0.13978464901447296.
[I 2024-12-15 16:15:53,056] Trial 1155 finished with value: 0.19981446862220764 and parameters: {'mlp_n_layers': 3, 'mlp_dim_00': 176, 'mlp_dim_01': 176, 'mlp_dim_02': 160, 'hidden_channels': 224, 'num_layers': 1, 'num_timesteps': 2, 'dropout': 0.01682943961389821, 'train_learning_rate': 0.002143813208238735, 'train_lr_reduce': 0.6}. Best is trial 632 with value: 0.13978464901447296.
[I 2024-12-15 16:15:53,096] Trial 1156 finished with value: 0.21193872392177582 and parameters: {'mlp_n_layers': 3, 'mlp_dim_00': 144, 'mlp_dim_01': 192, 'mlp_dim_02': 176, 'hidden_channels': 192, 'num_layers': 1, 'num_timesteps': 2, 'dropout': 0.06362585077236366, 'train_learning_rate': 0.007857003505540883, 'train_lr_reduce': 0.6}. Best is trial 632 with value: 0.13978464901447296.
[I 2024-12-15 16:15:58,147] Trial 1157 finished with value: 0.22348971664905548 and parameters: {'mlp_n_layers': 2, 'mlp_dim_00': 176, 'mlp_dim_01': 96, 'hidden_channels': 224, 'num_layers': 2, 'num_timesteps': 4, 'dropout': 0.03486448729814562, 'train_learning_rate': 0.0034798448232720935, 'train_lr_reduce': 0.6}. Best is trial 632 with value: 0.13978464901447296.
[I 2024-12-15 16:16:03,707] Trial 1159 finished with value: 0.2094259113073349 and parameters: {'mlp_n_layers': 3, 'mlp_dim_00': 176, 'mlp_dim_01': 96, 'mlp_dim_02': 208, 'hidden_channels': 224, 'num_layers': 2, 'num_timesteps': 4, 'dropout': 0.03587707464893247, 'train_learning_rate': 0.0007900692356314431, 'train_lr_reduce': 0.6}. Best is trial 632 with value: 0.13978464901447296.
[I 2024-12-15 16:16:04,205] Trial 1160 finished with value: 0.21504303812980652 and parameters: {'mlp_n_layers': 3, 'mlp_dim_00': 48, 'mlp_dim_01': 128, 'mlp_dim_02': 160, 'hidden_channels': 192, 'num_layers': 2, 'num_timesteps': 1, 'dropout': 0.10636157857647512, 'train_learning_rate': 0.002281799677291083, 'train_lr_reduce': 0.6}. Best is trial 632 with value: 0.13978464901447296.
[I 2024-12-15 16:16:07,598] Trial 1162 finished with value: 1.1176481246948242 and parameters: {'mlp_n_layers': 4, 'mlp_dim_00': 224, 'mlp_dim_01': 192, 'mlp_dim_02': 256, 'mlp_dim_03': 128, 'hidden_channels': 96, 'num_layers': 3, 'num_timesteps': 1, 'dropout': 0.19696288366090164, 'train_learning_rate': 0.007300039946407938, 'train_lr_reduce': 0.6}. Best is trial 632 with value: 0.13978464901447296.
