[I 2024-12-24 22:51:19,145] Trial 770 finished with value: 0.011797347106039524 and parameters: {'L1_hidden_dim': 208, 'L1_layers_atom': 4, 'L1_layers_mol': 4, 'L1_dropout': 0.04024237605753578, 'L1_out_dim': 80, 'L2_hidden_dim': 128, 'L2_layers_atom': 2, 'L2_layers_mol': 1, 'L2_out_dim': 80, 'L2_dropout': 0.1305062379179098, 'L3_hidden_dim': 96, 'L3_layers_atom': 2, 'L3_layers_mol': 4, 'L3_out_dim': 96, 'L3_dropout': 0.22581653443949457, 'n_mlp_layers': 1, 'mlp_dim_0': 232, 'num_heads': 2, 'final_dropout': 0.24313478661325874, 'train_learning_rate': 0.0013088415157791855, 'train_lr_reduce': 0.6}. Best is trial 570 with value: 0.00952998548746109.
[I 2024-12-24 22:52:29,621] Trial 772 finished with value: 0.011526505462825298 and parameters: {'L1_hidden_dim': 240, 'L1_layers_atom': 4, 'L1_layers_mol': 2, 'L1_dropout': 0.002732623827114436, 'L1_out_dim': 48, 'L2_hidden_dim': 208, 'L2_layers_atom': 4, 'L2_layers_mol': 2, 'L2_out_dim': 32, 'L2_dropout': 0.12072642501835934, 'L3_hidden_dim': 96, 'L3_layers_atom': 4, 'L3_layers_mol': 3, 'L3_out_dim': 128, 'L3_dropout': 0.2641245779524038, 'n_mlp_layers': 3, 'mlp_dim_0': 240, 'mlp_dim_1': 296, 'mlp_dim_2': 152, 'num_heads': 2, 'final_dropout': 0.023364716939986263, 'train_learning_rate': 0.00020729886956544698, 'train_lr_reduce': 0.6}. Best is trial 570 with value: 0.00952998548746109.
[I 2024-12-24 22:52:33,464] Trial 773 finished with value: 0.02060762606561184 and parameters: {'L1_hidden_dim': 256, 'L1_layers_atom': 3, 'L1_layers_mol': 3, 'L1_dropout': 0.14023954016052706, 'L1_out_dim': 112, 'L2_hidden_dim': 192, 'L2_layers_atom': 4, 'L2_layers_mol': 4, 'L2_out_dim': 48, 'L2_dropout': 0.0893521864523192, 'L3_hidden_dim': 80, 'L3_layers_atom': 4, 'L3_layers_mol': 2, 'L3_out_dim': 128, 'L3_dropout': 0.192256502460548, 'n_mlp_layers': 3, 'mlp_dim_0': 104, 'mlp_dim_1': 336, 'mlp_dim_2': 80, 'num_heads': 2, 'final_dropout': 0.14528194944812228, 'train_learning_rate': 0.008477874743011956, 'train_lr_reduce': 0.6}. Best is trial 570 with value: 0.00952998548746109.
[I 2024-12-24 22:53:26,936] Trial 774 finished with value: 0.01127599086612463 and parameters: {'L1_hidden_dim': 224, 'L1_layers_atom': 2, 'L1_layers_mol': 4, 'L1_dropout': 0.00947175225145486, 'L1_out_dim': 32, 'L2_hidden_dim': 144, 'L2_layers_atom': 3, 'L2_layers_mol': 1, 'L2_out_dim': 32, 'L2_dropout': 0.08645458668641058, 'L3_hidden_dim': 80, 'L3_layers_atom': 4, 'L3_layers_mol': 2, 'L3_out_dim': 112, 'L3_dropout': 0.2667699107404352, 'n_mlp_layers': 1, 'mlp_dim_0': 480, 'num_heads': 2, 'final_dropout': 0.0879485918073698, 'train_learning_rate': 0.0013826423130487004, 'train_lr_reduce': 0.6}. Best is trial 570 with value: 0.00952998548746109.
[I 2024-12-24 22:54:45,490] Trial 776 finished with value: 0.010447479784488678 and parameters: {'L1_hidden_dim': 176, 'L1_layers_atom': 1, 'L1_layers_mol': 3, 'L1_dropout': 0.02625493603249597, 'L1_out_dim': 96, 'L2_hidden_dim': 192, 'L2_layers_atom': 3, 'L2_layers_mol': 1, 'L2_out_dim': 64, 'L2_dropout': 0.026510932019549446, 'L3_hidden_dim': 96, 'L3_layers_atom': 3, 'L3_layers_mol': 2, 'L3_out_dim': 80, 'L3_dropout': 0.19455458956317256, 'n_mlp_layers': 2, 'mlp_dim_0': 400, 'mlp_dim_1': 392, 'num_heads': 1, 'final_dropout': 0.065821706349036, 'train_learning_rate': 0.00027764982971403287, 'train_lr_reduce': 0.6}. Best is trial 570 with value: 0.00952998548746109.
[I 2024-12-24 22:55:16,867] Trial 775 finished with value: 0.010503644123673439 and parameters: {'L1_hidden_dim': 224, 'L1_layers_atom': 4, 'L1_layers_mol': 2, 'L1_dropout': 0.009173127671564751, 'L1_out_dim': 32, 'L2_hidden_dim': 192, 'L2_layers_atom': 4, 'L2_layers_mol': 1, 'L2_out_dim': 48, 'L2_dropout': 0.07388289244801584, 'L3_hidden_dim': 112, 'L3_layers_atom': 4, 'L3_layers_mol': 3, 'L3_out_dim': 128, 'L3_dropout': 0.22532390553715423, 'n_mlp_layers': 2, 'mlp_dim_0': 104, 'mlp_dim_1': 280, 'num_heads': 2, 'final_dropout': 0.09409527596110788, 'train_learning_rate': 0.001482589265494355, 'train_lr_reduce': 0.6}. Best is trial 570 with value: 0.00952998548746109.
[I 2024-12-24 22:55:53,104] Trial 777 finished with value: 0.013381408527493477 and parameters: {'L1_hidden_dim': 176, 'L1_layers_atom': 3, 'L1_layers_mol': 3, 'L1_dropout': 0.03634398965308508, 'L1_out_dim': 32, 'L2_hidden_dim': 224, 'L2_layers_atom': 4, 'L2_layers_mol': 1, 'L2_out_dim': 32, 'L2_dropout': 0.03355309362169802, 'L3_hidden_dim': 32, 'L3_layers_atom': 4, 'L3_layers_mol': 1, 'L3_out_dim': 80, 'L3_dropout': 0.21784721100755175, 'n_mlp_layers': 1, 'mlp_dim_0': 472, 'num_heads': 2, 'final_dropout': 0.04753093690824278, 'train_learning_rate': 0.001828804779838506, 'train_lr_reduce': 0.6}. Best is trial 570 with value: 0.00952998548746109.
[I 2024-12-24 22:57:55,292] Trial 780 finished with value: 0.013838966377079487 and parameters: {'L1_hidden_dim': 240, 'L1_layers_atom': 2, 'L1_layers_mol': 4, 'L1_dropout': 0.06884811346577667, 'L1_out_dim': 80, 'L2_hidden_dim': 80, 'L2_layers_atom': 4, 'L2_layers_mol': 1, 'L2_out_dim': 32, 'L2_dropout': 0.1183053313063001, 'L3_hidden_dim': 96, 'L3_layers_atom': 4, 'L3_layers_mol': 2, 'L3_out_dim': 128, 'L3_dropout': 0.2951123883625054, 'n_mlp_layers': 1, 'mlp_dim_0': 488, 'num_heads': 1, 'final_dropout': 0.24529828229837225, 'train_learning_rate': 0.0016134401838588256, 'train_lr_reduce': 0.6}. Best is trial 570 with value: 0.00952998548746109.
[I 2024-12-24 22:58:46,426] Trial 781 finished with value: 0.083393394947052 and parameters: {'L1_hidden_dim': 224, 'L1_layers_atom': 4, 'L1_layers_mol': 3, 'L1_dropout': 0.07141648715657394, 'L1_out_dim': 32, 'L2_hidden_dim': 96, 'L2_layers_atom': 4, 'L2_layers_mol': 2, 'L2_out_dim': 32, 'L2_dropout': 0.16529383307589557, 'L3_hidden_dim': 128, 'L3_layers_atom': 4, 'L3_layers_mol': 3, 'L3_out_dim': 128, 'L3_dropout': 0.1631929519485092, 'n_mlp_layers': 3, 'mlp_dim_0': 376, 'mlp_dim_1': 280, 'mlp_dim_2': 176, 'num_heads': 2, 'final_dropout': 0.07128028503592075, 'train_learning_rate': 0.0010347765819212094, 'train_lr_reduce': 0.6}. Best is trial 570 with value: 0.00952998548746109.
[I 2024-12-24 22:58:51,578] Trial 778 finished with value: 0.015404018573462963 and parameters: {'L1_hidden_dim': 112, 'L1_layers_atom': 4, 'L1_layers_mol': 3, 'L1_dropout': 0.007222567622777856, 'L1_out_dim': 48, 'L2_hidden_dim': 144, 'L2_layers_atom': 4, 'L2_layers_mol': 1, 'L2_out_dim': 32, 'L2_dropout': 0.1103467097578365, 'L3_hidden_dim': 128, 'L3_layers_atom': 2, 'L3_layers_mol': 4, 'L3_out_dim': 64, 'L3_dropout': 0.23294501236256782, 'n_mlp_layers': 2, 'mlp_dim_0': 256, 'mlp_dim_1': 320, 'num_heads': 2, 'final_dropout': 0.22360651637368364, 'train_learning_rate': 0.00028488134702509904, 'train_lr_reduce': 0.6}. Best is trial 570 with value: 0.00952998548746109.
[I 2024-12-24 22:58:51,712] Trial 779 finished with value: 0.012442948296666145 and parameters: {'L1_hidden_dim': 192, 'L1_layers_atom': 4, 'L1_layers_mol': 3, 'L1_dropout': 0.05052966548471055, 'L1_out_dim': 64, 'L2_hidden_dim': 208, 'L2_layers_atom': 2, 'L2_layers_mol': 2, 'L2_out_dim': 64, 'L2_dropout': 0.11888047250604432, 'L3_hidden_dim': 112, 'L3_layers_atom': 4, 'L3_layers_mol': 4, 'L3_out_dim': 96, 'L3_dropout': 0.1627206592889136, 'n_mlp_layers': 1, 'mlp_dim_0': 272, 'num_heads': 2, 'final_dropout': 0.091415568690751, 'train_learning_rate': 0.0013155834557865877, 'train_lr_reduce': 0.6}. Best is trial 570 with value: 0.00952998548746109.
[I 2024-12-24 23:00:09,737] Trial 783 finished with value: 0.012571862898766994 and parameters: {'L1_hidden_dim': 208, 'L1_layers_atom': 1, 'L1_layers_mol': 1, 'L1_dropout': 0.1066583133737723, 'L1_out_dim': 80, 'L2_hidden_dim': 80, 'L2_layers_atom': 2, 'L2_layers_mol': 1, 'L2_out_dim': 112, 'L2_dropout': 0.01077149009821297, 'L3_hidden_dim': 64, 'L3_layers_atom': 4, 'L3_layers_mol': 2, 'L3_out_dim': 128, 'L3_dropout': 0.16447877669090533, 'n_mlp_layers': 1, 'mlp_dim_0': 96, 'num_heads': 1, 'final_dropout': 0.22036108015064984, 'train_learning_rate': 0.002386352791643444, 'train_lr_reduce': 0.6}. Best is trial 570 with value: 0.00952998548746109.
[I 2024-12-24 23:00:16,776] Trial 782 finished with value: 0.013633276335895061 and parameters: {'L1_hidden_dim': 80, 'L1_layers_atom': 2, 'L1_layers_mol': 1, 'L1_dropout': 0.0017718711380608344, 'L1_out_dim': 32, 'L2_hidden_dim': 144, 'L2_layers_atom': 4, 'L2_layers_mol': 1, 'L2_out_dim': 128, 'L2_dropout': 0.014992434320373544, 'L3_hidden_dim': 128, 'L3_layers_atom': 4, 'L3_layers_mol': 1, 'L3_out_dim': 112, 'L3_dropout': 0.09689681796295524, 'n_mlp_layers': 3, 'mlp_dim_0': 392, 'mlp_dim_1': 336, 'mlp_dim_2': 104, 'num_heads': 1, 'final_dropout': 0.13081811982265004, 'train_learning_rate': 0.009895994828090879, 'train_lr_reduce': 0.6}. Best is trial 570 with value: 0.00952998548746109.
[I 2024-12-24 23:00:49,851] Trial 784 finished with value: 0.011545860208570957 and parameters: {'L1_hidden_dim': 192, 'L1_layers_atom': 3, 'L1_layers_mol': 4, 'L1_dropout': 0.04125512843865182, 'L1_out_dim': 64, 'L2_hidden_dim': 176, 'L2_layers_atom': 4, 'L2_layers_mol': 1, 'L2_out_dim': 80, 'L2_dropout': 0.20235634866170696, 'L3_hidden_dim': 96, 'L3_layers_atom': 4, 'L3_layers_mol': 3, 'L3_out_dim': 112, 'L3_dropout': 0.23199357808623156, 'n_mlp_layers': 3, 'mlp_dim_0': 224, 'mlp_dim_1': 272, 'mlp_dim_2': 168, 'num_heads': 2, 'final_dropout': 0.00897299602754753, 'train_learning_rate': 0.0005036196817040061, 'train_lr_reduce': 0.6}. Best is trial 570 with value: 0.00952998548746109.
[I 2024-12-24 23:01:39,610] Trial 785 finished with value: 0.012355776503682137 and parameters: {'L1_hidden_dim': 128, 'L1_layers_atom': 1, 'L1_layers_mol': 3, 'L1_dropout': 0.06037660357310795, 'L1_out_dim': 48, 'L2_hidden_dim': 176, 'L2_layers_atom': 3, 'L2_layers_mol': 1, 'L2_out_dim': 112, 'L2_dropout': 0.012005226860451369, 'L3_hidden_dim': 80, 'L3_layers_atom': 4, 'L3_layers_mol': 2, 'L3_out_dim': 112, 'L3_dropout': 0.20636846396026287, 'n_mlp_layers': 1, 'mlp_dim_0': 80, 'num_heads': 1, 'final_dropout': 0.12580195217243356, 'train_learning_rate': 0.002234371011348114, 'train_lr_reduce': 0.6}. Best is trial 570 with value: 0.00952998548746109.
[I 2024-12-24 23:02:53,158] Trial 786 finished with value: 0.011468963697552681 and parameters: {'L1_hidden_dim': 208, 'L1_layers_atom': 3, 'L1_layers_mol': 4, 'L1_dropout': 0.022641424642526074, 'L1_out_dim': 32, 'L2_hidden_dim': 160, 'L2_layers_atom': 3, 'L2_layers_mol': 1, 'L2_out_dim': 48, 'L2_dropout': 0.28535348621378775, 'L3_hidden_dim': 112, 'L3_layers_atom': 4, 'L3_layers_mol': 4, 'L3_out_dim': 128, 'L3_dropout': 0.1962716507172854, 'n_mlp_layers': 3, 'mlp_dim_0': 240, 'mlp_dim_1': 344, 'mlp_dim_2': 72, 'num_heads': 2, 'final_dropout': 0.05372210420227614, 'train_learning_rate': 0.0005040760701083909, 'train_lr_reduce': 0.6}. Best is trial 570 with value: 0.00952998548746109.
[I 2024-12-24 23:04:02,341] Trial 787 finished with value: 0.011401438154280186 and parameters: {'L1_hidden_dim': 224, 'L1_layers_atom': 4, 'L1_layers_mol': 4, 'L1_dropout': 0.012313665305048127, 'L1_out_dim': 112, 'L2_hidden_dim': 208, 'L2_layers_atom': 2, 'L2_layers_mol': 1, 'L2_out_dim': 96, 'L2_dropout': 0.08771421464199475, 'L3_hidden_dim': 112, 'L3_layers_atom': 2, 'L3_layers_mol': 4, 'L3_out_dim': 80, 'L3_dropout': 0.24743994140239717, 'n_mlp_layers': 1, 'mlp_dim_0': 360, 'num_heads': 2, 'final_dropout': 0.2714025096533358, 'train_learning_rate': 0.0002558613241084844, 'train_lr_reduce': 0.6}. Best is trial 570 with value: 0.00952998548746109.
[I 2024-12-24 23:05:04,398] Trial 788 finished with value: 0.01150879729539156 and parameters: {'L1_hidden_dim': 192, 'L1_layers_atom': 4, 'L1_layers_mol': 4, 'L1_dropout': 0.0017077771930123263, 'L1_out_dim': 32, 'L2_hidden_dim': 192, 'L2_layers_atom': 4, 'L2_layers_mol': 2, 'L2_out_dim': 64, 'L2_dropout': 0.2266149239910665, 'L3_hidden_dim': 80, 'L3_layers_atom': 3, 'L3_layers_mol': 1, 'L3_out_dim': 128, 'L3_dropout': 0.29863017485710247, 'n_mlp_layers': 1, 'mlp_dim_0': 472, 'num_heads': 2, 'final_dropout': 0.186953878748067, 'train_learning_rate': 0.0011500862564210997, 'train_lr_reduce': 0.6}. Best is trial 570 with value: 0.00952998548746109.
[I 2024-12-24 23:06:18,501] Trial 790 finished with value: 0.0115787573158741 and parameters: {'L1_hidden_dim': 256, 'L1_layers_atom': 4, 'L1_layers_mol': 2, 'L1_dropout': 0.07062636572913475, 'L1_out_dim': 48, 'L2_hidden_dim': 192, 'L2_layers_atom': 3, 'L2_layers_mol': 1, 'L2_out_dim': 48, 'L2_dropout': 0.08028832964298274, 'L3_hidden_dim': 128, 'L3_layers_atom': 3, 'L3_layers_mol': 3, 'L3_out_dim': 128, 'L3_dropout': 0.20129423997284715, 'n_mlp_layers': 3, 'mlp_dim_0': 216, 'mlp_dim_1': 384, 'mlp_dim_2': 168, 'num_heads': 2, 'final_dropout': 0.14094326315740813, 'train_learning_rate': 0.0003388119185395984, 'train_lr_reduce': 0.6}. Best is trial 570 with value: 0.00952998548746109.
[I 2024-12-24 23:06:20,069] Trial 789 finished with value: 0.011288048699498177 and parameters: {'L1_hidden_dim': 176, 'L1_layers_atom': 3, 'L1_layers_mol': 4, 'L1_dropout': 0.006703497033188607, 'L1_out_dim': 32, 'L2_hidden_dim': 192, 'L2_layers_atom': 3, 'L2_layers_mol': 1, 'L2_out_dim': 64, 'L2_dropout': 0.04156284206578659, 'L3_hidden_dim': 112, 'L3_layers_atom': 4, 'L3_layers_mol': 4, 'L3_out_dim': 96, 'L3_dropout': 0.24446763427828494, 'n_mlp_layers': 3, 'mlp_dim_0': 160, 'mlp_dim_1': 272, 'mlp_dim_2': 120, 'num_heads': 1, 'final_dropout': 0.11312872204241647, 'train_learning_rate': 0.00022391491894069277, 'train_lr_reduce': 0.6}. Best is trial 570 with value: 0.00952998548746109.
[I 2024-12-24 23:08:14,364] Trial 791 finished with value: 0.01135227456688881 and parameters: {'L1_hidden_dim': 176, 'L1_layers_atom': 2, 'L1_layers_mol': 3, 'L1_dropout': 0.012709434919106716, 'L1_out_dim': 48, 'L2_hidden_dim': 176, 'L2_layers_atom': 4, 'L2_layers_mol': 1, 'L2_out_dim': 64, 'L2_dropout': 0.15184706936757061, 'L3_hidden_dim': 96, 'L3_layers_atom': 3, 'L3_layers_mol': 2, 'L3_out_dim': 128, 'L3_dropout': 0.19295872243141932, 'n_mlp_layers': 3, 'mlp_dim_0': 368, 'mlp_dim_1': 320, 'mlp_dim_2': 112, 'num_heads': 2, 'final_dropout': 0.06346777652592751, 'train_learning_rate': 0.0007327721689555504, 'train_lr_reduce': 0.6}. Best is trial 570 with value: 0.00952998548746109.
[I 2024-12-24 23:08:15,561] Trial 793 finished with value: 0.013095705769956112 and parameters: {'L1_hidden_dim': 256, 'L1_layers_atom': 3, 'L1_layers_mol': 4, 'L1_dropout': 0.014797413730152364, 'L1_out_dim': 48, 'L2_hidden_dim': 240, 'L2_layers_atom': 4, 'L2_layers_mol': 1, 'L2_out_dim': 32, 'L2_dropout': 0.11450313113302106, 'L3_hidden_dim': 128, 'L3_layers_atom': 2, 'L3_layers_mol': 4, 'L3_out_dim': 128, 'L3_dropout': 0.28102171019110883, 'n_mlp_layers': 3, 'mlp_dim_0': 448, 'mlp_dim_1': 328, 'mlp_dim_2': 176, 'num_heads': 2, 'final_dropout': 0.07347195078423817, 'train_learning_rate': 0.002627769130822398, 'train_lr_reduce': 0.6}. Best is trial 570 with value: 0.00952998548746109.
[I 2024-12-24 23:08:21,798] Trial 792 finished with value: 0.01107583288103342 and parameters: {'L1_hidden_dim': 240, 'L1_layers_atom': 4, 'L1_layers_mol': 4, 'L1_dropout': 0.048500064706522794, 'L1_out_dim': 48, 'L2_hidden_dim': 144, 'L2_layers_atom': 3, 'L2_layers_mol': 1, 'L2_out_dim': 32, 'L2_dropout': 0.0338606646861999, 'L3_hidden_dim': 112, 'L3_layers_atom': 3, 'L3_layers_mol': 4, 'L3_out_dim': 80, 'L3_dropout': 0.2230164707438564, 'n_mlp_layers': 2, 'mlp_dim_0': 240, 'mlp_dim_1': 272, 'num_heads': 2, 'final_dropout': 0.08271681793647026, 'train_learning_rate': 0.0011620187393674571, 'train_lr_reduce': 0.6}. Best is trial 570 with value: 0.00952998548746109.
[I 2024-12-24 23:11:13,868] Trial 795 finished with value: 0.011679356917738914 and parameters: {'L1_hidden_dim': 208, 'L1_layers_atom': 4, 'L1_layers_mol': 2, 'L1_dropout': 0.023616377571871957, 'L1_out_dim': 80, 'L2_hidden_dim': 96, 'L2_layers_atom': 4, 'L2_layers_mol': 1, 'L2_out_dim': 64, 'L2_dropout': 0.06609057278535377, 'L3_hidden_dim': 112, 'L3_layers_atom': 2, 'L3_layers_mol': 4, 'L3_out_dim': 112, 'L3_dropout': 0.28838794971897047, 'n_mlp_layers': 2, 'mlp_dim_0': 320, 'mlp_dim_1': 280, 'num_heads': 2, 'final_dropout': 0.10736247846438438, 'train_learning_rate': 0.002153903703433106, 'train_lr_reduce': 0.6}. Best is trial 570 with value: 0.00952998548746109.
[I 2024-12-24 23:11:19,406] Trial 794 finished with value: 0.01142818108201027 and parameters: {'L1_hidden_dim': 224, 'L1_layers_atom': 4, 'L1_layers_mol': 4, 'L1_dropout': 0.007137146143810913, 'L1_out_dim': 32, 'L2_hidden_dim': 160, 'L2_layers_atom': 3, 'L2_layers_mol': 1, 'L2_out_dim': 64, 'L2_dropout': 0.11686856984401338, 'L3_hidden_dim': 96, 'L3_layers_atom': 3, 'L3_layers_mol': 3, 'L3_out_dim': 96, 'L3_dropout': 0.07200263428083964, 'n_mlp_layers': 2, 'mlp_dim_0': 160, 'mlp_dim_1': 408, 'num_heads': 2, 'final_dropout': 0.016750800309824176, 'train_learning_rate': 0.00028293242581664655, 'train_lr_reduce': 0.6}. Best is trial 570 with value: 0.00952998548746109.
[I 2024-12-24 23:11:29,832] Trial 796 finished with value: 0.016412928700447083 and parameters: {'L1_hidden_dim': 256, 'L1_layers_atom': 4, 'L1_layers_mol': 3, 'L1_dropout': 0.00868387751881302, 'L1_out_dim': 64, 'L2_hidden_dim': 192, 'L2_layers_atom': 3, 'L2_layers_mol': 1, 'L2_out_dim': 80, 'L2_dropout': 0.0484308312032585, 'L3_hidden_dim': 96, 'L3_layers_atom': 2, 'L3_layers_mol': 4, 'L3_out_dim': 128, 'L3_dropout': 0.26821897093401154, 'n_mlp_layers': 1, 'mlp_dim_0': 464, 'num_heads': 2, 'final_dropout': 0.046935254883113106, 'train_learning_rate': 0.0019073192176555383, 'train_lr_reduce': 0.6}. Best is trial 570 with value: 0.00952998548746109.
[I 2024-12-24 23:13:33,671] Trial 799 finished with value: 0.038424231112003326 and parameters: {'L1_hidden_dim': 240, 'L1_layers_atom': 4, 'L1_layers_mol': 4, 'L1_dropout': 0.06656737902676045, 'L1_out_dim': 32, 'L2_hidden_dim': 144, 'L2_layers_atom': 4, 'L2_layers_mol': 3, 'L2_out_dim': 32, 'L2_dropout': 0.20385102612593292, 'L3_hidden_dim': 128, 'L3_layers_atom': 4, 'L3_layers_mol': 4, 'L3_out_dim': 128, 'L3_dropout': 0.20577169420581792, 'n_mlp_layers': 3, 'mlp_dim_0': 360, 'mlp_dim_1': 368, 'mlp_dim_2': 56, 'num_heads': 1, 'final_dropout': 0.02308294655926222, 'train_learning_rate': 0.0003367960151712662, 'train_lr_reduce': 0.6}. Best is trial 570 with value: 0.00952998548746109.
[I 2024-12-24 23:13:38,465] Trial 797 finished with value: 0.01053012814372778 and parameters: {'L1_hidden_dim': 176, 'L1_layers_atom': 4, 'L1_layers_mol': 4, 'L1_dropout': 0.01800691392589883, 'L1_out_dim': 32, 'L2_hidden_dim': 144, 'L2_layers_atom': 4, 'L2_layers_mol': 1, 'L2_out_dim': 64, 'L2_dropout': 0.10135351265953713, 'L3_hidden_dim': 64, 'L3_layers_atom': 4, 'L3_layers_mol': 1, 'L3_out_dim': 112, 'L3_dropout': 0.215080729437565, 'n_mlp_layers': 2, 'mlp_dim_0': 472, 'mlp_dim_1': 336, 'num_heads': 2, 'final_dropout': 0.1892759164030154, 'train_learning_rate': 0.0007267799068328315, 'train_lr_reduce': 0.6}. Best is trial 570 with value: 0.00952998548746109.
[I 2024-12-24 23:14:18,068] Trial 798 finished with value: 0.012103899382054806 and parameters: {'L1_hidden_dim': 208, 'L1_layers_atom': 3, 'L1_layers_mol': 3, 'L1_dropout': 0.04259982905345081, 'L1_out_dim': 32, 'L2_hidden_dim': 208, 'L2_layers_atom': 4, 'L2_layers_mol': 1, 'L2_out_dim': 64, 'L2_dropout': 0.1125537227584889, 'L3_hidden_dim': 64, 'L3_layers_atom': 3, 'L3_layers_mol': 2, 'L3_out_dim': 112, 'L3_dropout': 0.2987380438674278, 'n_mlp_layers': 2, 'mlp_dim_0': 264, 'mlp_dim_1': 272, 'num_heads': 2, 'final_dropout': 0.030336509110578426, 'train_learning_rate': 0.001530872360235752, 'train_lr_reduce': 0.6}. Best is trial 570 with value: 0.00952998548746109.
[I 2024-12-24 23:15:11,502] Trial 801 finished with value: 0.012508024461567402 and parameters: {'L1_hidden_dim': 176, 'L1_layers_atom': 3, 'L1_layers_mol': 2, 'L1_dropout': 0.06530385628526532, 'L1_out_dim': 64, 'L2_hidden_dim': 176, 'L2_layers_atom': 3, 'L2_layers_mol': 1, 'L2_out_dim': 96, 'L2_dropout': 0.031266995177382004, 'L3_hidden_dim': 112, 'L3_layers_atom': 4, 'L3_layers_mol': 1, 'L3_out_dim': 128, 'L3_dropout': 0.24168113271922803, 'n_mlp_layers': 2, 'mlp_dim_0': 192, 'mlp_dim_1': 328, 'num_heads': 1, 'final_dropout': 0.19229579149107812, 'train_learning_rate': 0.0011858332504313398, 'train_lr_reduce': 0.6}. Best is trial 570 with value: 0.00952998548746109.
[I 2024-12-24 23:16:57,029] Trial 802 finished with value: 0.013143951073288918 and parameters: {'L1_hidden_dim': 112, 'L1_layers_atom': 4, 'L1_layers_mol': 3, 'L1_dropout': 0.022541472065333225, 'L1_out_dim': 32, 'L2_hidden_dim': 96, 'L2_layers_atom': 4, 'L2_layers_mol': 3, 'L2_out_dim': 128, 'L2_dropout': 0.0249055772588815, 'L3_hidden_dim': 80, 'L3_layers_atom': 3, 'L3_layers_mol': 1, 'L3_out_dim': 128, 'L3_dropout': 0.2923285248397425, 'n_mlp_layers': 1, 'mlp_dim_0': 400, 'num_heads': 1, 'final_dropout': 0.1284744367621723, 'train_learning_rate': 0.007165017696425014, 'train_lr_reduce': 0.6}. Best is trial 570 with value: 0.00952998548746109.
[I 2024-12-24 23:17:01,851] Trial 800 finished with value: 0.011725809425115585 and parameters: {'L1_hidden_dim': 224, 'L1_layers_atom': 4, 'L1_layers_mol': 3, 'L1_dropout': 0.06331042531069694, 'L1_out_dim': 64, 'L2_hidden_dim': 240, 'L2_layers_atom': 3, 'L2_layers_mol': 1, 'L2_out_dim': 32, 'L2_dropout': 0.13681008570217584, 'L3_hidden_dim': 96, 'L3_layers_atom': 3, 'L3_layers_mol': 4, 'L3_out_dim': 64, 'L3_dropout': 0.25665465221083944, 'n_mlp_layers': 2, 'mlp_dim_0': 168, 'mlp_dim_1': 264, 'num_heads': 2, 'final_dropout': 0.16778990531264631, 'train_learning_rate': 0.00028887695606943107, 'train_lr_reduce': 0.6}. Best is trial 570 with value: 0.00952998548746109.
