[I 2024-12-19 08:10:01,843] Trial 997 finished with value: 1.37001371383667 and parameters: {'mlp_n_layers': 4, 'mlp_dim_00': 204, 'mlp_dim_01': 142, 'mlp_dim_02': 360, 'mlp_dim_03': 153, 'node_hidden_dim': 44, 'edge_hidden_dim': 128, 'depth': 3, 'rep_dropout': 0.14028196416012703, 'train_learning_rate': 0.0031543676487263425, 'train_lr_reduce': 0.6}. Best is trial 156 with value: 0.33254924416542053.
[I 2024-12-19 08:10:03,555] Trial 998 finished with value: 1.4385651350021362 and parameters: {'mlp_n_layers': 3, 'mlp_dim_00': 503, 'mlp_dim_01': 135, 'mlp_dim_02': 313, 'node_hidden_dim': 98, 'edge_hidden_dim': 81, 'depth': 2, 'rep_dropout': 0.13358501293367953, 'train_learning_rate': 0.0018939591241663196, 'train_lr_reduce': 0.6}. Best is trial 156 with value: 0.33254924416542053.
[I 2024-12-19 08:10:05,292] Trial 1000 finished with value: 1.4822654724121094 and parameters: {'mlp_n_layers': 3, 'mlp_dim_00': 347, 'mlp_dim_01': 146, 'mlp_dim_02': 296, 'node_hidden_dim': 60, 'edge_hidden_dim': 77, 'depth': 2, 'rep_dropout': 0.16539271145909598, 'train_learning_rate': 0.003912807148022335, 'train_lr_reduce': 0.6}. Best is trial 156 with value: 0.33254924416542053.
[I 2024-12-19 08:10:06,483] Trial 1001 finished with value: 1.4443690776824951 and parameters: {'mlp_n_layers': 2, 'mlp_dim_00': 404, 'mlp_dim_01': 236, 'node_hidden_dim': 77, 'edge_hidden_dim': 63, 'depth': 3, 'rep_dropout': 0.13898558843456482, 'train_learning_rate': 0.005626943267272676, 'train_lr_reduce': 0.6}. Best is trial 156 with value: 0.33254924416542053.
[I 2024-12-19 08:10:09,334] Trial 1002 finished with value: 1.4376912117004395 and parameters: {'mlp_n_layers': 3, 'mlp_dim_00': 412, 'mlp_dim_01': 223, 'mlp_dim_02': 348, 'node_hidden_dim': 89, 'edge_hidden_dim': 42, 'depth': 2, 'rep_dropout': 0.17068324816419345, 'train_learning_rate': 0.007339411797359287, 'train_lr_reduce': 0.6}. Best is trial 156 with value: 0.33254924416542053.
[I 2024-12-19 08:10:09,487] Trial 1003 finished with value: 1.375399112701416 and parameters: {'mlp_n_layers': 4, 'mlp_dim_00': 500, 'mlp_dim_01': 66, 'mlp_dim_02': 309, 'mlp_dim_03': 155, 'node_hidden_dim': 81, 'edge_hidden_dim': 59, 'depth': 2, 'rep_dropout': 0.10264552731064698, 'train_learning_rate': 0.0049190629138062035, 'train_lr_reduce': 0.6}. Best is trial 156 with value: 0.33254924416542053.
[I 2024-12-19 08:10:11,486] Trial 1004 finished with value: 1.424161672592163 and parameters: {'mlp_n_layers': 3, 'mlp_dim_00': 445, 'mlp_dim_01': 292, 'mlp_dim_02': 404, 'node_hidden_dim': 60, 'edge_hidden_dim': 62, 'depth': 3, 'rep_dropout': 0.13909996722640197, 'train_learning_rate': 0.005074898771424936, 'train_lr_reduce': 0.6}. Best is trial 156 with value: 0.33254924416542053.
[I 2024-12-19 08:10:13,988] Trial 1005 finished with value: 1.4243055582046509 and parameters: {'mlp_n_layers': 3, 'mlp_dim_00': 401, 'mlp_dim_01': 127, 'mlp_dim_02': 355, 'node_hidden_dim': 82, 'edge_hidden_dim': 65, 'depth': 3, 'rep_dropout': 0.13227769070219855, 'train_learning_rate': 0.003394945530062657, 'train_lr_reduce': 0.6}. Best is trial 156 with value: 0.33254924416542053.
[I 2024-12-19 08:10:14,260] Trial 1006 finished with value: 1.340199589729309 and parameters: {'mlp_n_layers': 3, 'mlp_dim_00': 249, 'mlp_dim_01': 228, 'mlp_dim_02': 296, 'node_hidden_dim': 69, 'edge_hidden_dim': 75, 'depth': 2, 'rep_dropout': 0.17529341173659424, 'train_learning_rate': 0.007903737315276957, 'train_lr_reduce': 0.6}. Best is trial 156 with value: 0.33254924416542053.
[I 2024-12-19 08:10:16,426] Trial 1007 finished with value: 1.300418496131897 and parameters: {'mlp_n_layers': 4, 'mlp_dim_00': 371, 'mlp_dim_01': 257, 'mlp_dim_02': 345, 'mlp_dim_03': 151, 'node_hidden_dim': 120, 'edge_hidden_dim': 51, 'depth': 3, 'rep_dropout': 0.03380863829339456, 'train_learning_rate': 0.00622972935491068, 'train_lr_reduce': 0.6}. Best is trial 156 with value: 0.33254924416542053.
[I 2024-12-19 08:10:18,498] Trial 1008 finished with value: 1.5597500801086426 and parameters: {'mlp_n_layers': 4, 'mlp_dim_00': 401, 'mlp_dim_01': 119, 'mlp_dim_02': 295, 'mlp_dim_03': 132, 'node_hidden_dim': 67, 'edge_hidden_dim': 35, 'depth': 2, 'rep_dropout': 0.1460232888618101, 'train_learning_rate': 0.0015634293541207161, 'train_lr_reduce': 0.6}. Best is trial 156 with value: 0.33254924416542053.
[I 2024-12-19 08:10:20,472] Trial 1010 finished with value: 1.4553565979003906 and parameters: {'mlp_n_layers': 2, 'mlp_dim_00': 187, 'mlp_dim_01': 400, 'node_hidden_dim': 35, 'edge_hidden_dim': 65, 'depth': 3, 'rep_dropout': 0.22088423080261538, 'train_learning_rate': 0.001368331822031409, 'train_lr_reduce': 0.6}. Best is trial 156 with value: 0.33254924416542053.
[I 2024-12-19 08:10:23,026] Trial 1011 finished with value: 1.553709626197815 and parameters: {'mlp_n_layers': 4, 'mlp_dim_00': 313, 'mlp_dim_01': 165, 'mlp_dim_02': 285, 'mlp_dim_03': 119, 'node_hidden_dim': 98, 'edge_hidden_dim': 48, 'depth': 2, 'rep_dropout': 0.1541521689622153, 'train_learning_rate': 0.0035333783105918094, 'train_lr_reduce': 0.6}. Best is trial 156 with value: 0.33254924416542053.
[I 2024-12-19 08:10:24,748] Trial 1012 finished with value: 1.4394235610961914 and parameters: {'mlp_n_layers': 3, 'mlp_dim_00': 475, 'mlp_dim_01': 243, 'mlp_dim_02': 342, 'node_hidden_dim': 105, 'edge_hidden_dim': 55, 'depth': 2, 'rep_dropout': 0.16172479134462972, 'train_learning_rate': 0.0029571563675735582, 'train_lr_reduce': 0.6}. Best is trial 156 with value: 0.33254924416542053.
[I 2024-12-19 08:10:27,982] Trial 1013 finished with value: 1.3284279108047485 and parameters: {'mlp_n_layers': 3, 'mlp_dim_00': 325, 'mlp_dim_01': 145, 'mlp_dim_02': 322, 'node_hidden_dim': 48, 'edge_hidden_dim': 57, 'depth': 2, 'rep_dropout': 0.024830918194599733, 'train_learning_rate': 0.008903850980369945, 'train_lr_reduce': 0.6}. Best is trial 156 with value: 0.33254924416542053.
[I 2024-12-19 08:10:28,353] Trial 1009 finished with value: 0.42605119943618774 and parameters: {'mlp_n_layers': 4, 'mlp_dim_00': 454, 'mlp_dim_01': 431, 'mlp_dim_02': 400, 'mlp_dim_03': 168, 'node_hidden_dim': 76, 'edge_hidden_dim': 106, 'depth': 2, 'rep_dropout': 0.07261911532117435, 'train_learning_rate': 0.00826796919241966, 'train_lr_reduce': 0.6}. Best is trial 156 with value: 0.33254924416542053.
[I 2024-12-19 08:10:29,314] Trial 1014 finished with value: 1.4753495454788208 and parameters: {'mlp_n_layers': 4, 'mlp_dim_00': 437, 'mlp_dim_01': 73, 'mlp_dim_02': 285, 'mlp_dim_03': 182, 'node_hidden_dim': 102, 'edge_hidden_dim': 64, 'depth': 2, 'rep_dropout': 0.15765741371343683, 'train_learning_rate': 0.003942896715809595, 'train_lr_reduce': 0.6}. Best is trial 156 with value: 0.33254924416542053.
[I 2024-12-19 08:10:32,432] Trial 1016 finished with value: 1.2854067087173462 and parameters: {'mlp_n_layers': 3, 'mlp_dim_00': 366, 'mlp_dim_01': 265, 'mlp_dim_02': 293, 'node_hidden_dim': 66, 'edge_hidden_dim': 67, 'depth': 2, 'rep_dropout': 0.17840175862883223, 'train_learning_rate': 0.008220312117417182, 'train_lr_reduce': 0.6}. Best is trial 156 with value: 0.33254924416542053.
[I 2024-12-19 08:10:32,826] Trial 1015 finished with value: 1.445726990699768 and parameters: {'mlp_n_layers': 3, 'mlp_dim_00': 385, 'mlp_dim_01': 155, 'mlp_dim_02': 343, 'node_hidden_dim': 86, 'edge_hidden_dim': 71, 'depth': 2, 'rep_dropout': 0.15924743319615894, 'train_learning_rate': 0.0019054639941675788, 'train_lr_reduce': 0.6}. Best is trial 156 with value: 0.33254924416542053.
[I 2024-12-19 08:10:34,306] Trial 1017 finished with value: 1.5829402208328247 and parameters: {'mlp_n_layers': 3, 'mlp_dim_00': 79, 'mlp_dim_01': 133, 'mlp_dim_02': 408, 'node_hidden_dim': 51, 'edge_hidden_dim': 101, 'depth': 4, 'rep_dropout': 0.01639962929227856, 'train_learning_rate': 0.00011492689122777352, 'train_lr_reduce': 0.6}. Best is trial 156 with value: 0.33254924416542053.
[I 2024-12-19 08:10:37,592] Trial 1019 finished with value: 1.3933165073394775 and parameters: {'mlp_n_layers': 3, 'mlp_dim_00': 380, 'mlp_dim_01': 204, 'mlp_dim_02': 294, 'node_hidden_dim': 86, 'edge_hidden_dim': 66, 'depth': 2, 'rep_dropout': 0.13933082248012854, 'train_learning_rate': 0.008941061800278696, 'train_lr_reduce': 0.6}. Best is trial 156 with value: 0.33254924416542053.
[I 2024-12-19 08:10:39,093] Trial 1020 finished with value: 1.284136414527893 and parameters: {'mlp_n_layers': 3, 'mlp_dim_00': 444, 'mlp_dim_01': 275, 'mlp_dim_02': 337, 'node_hidden_dim': 79, 'edge_hidden_dim': 75, 'depth': 2, 'rep_dropout': 0.17246242078236593, 'train_learning_rate': 0.0036018391297829478, 'train_lr_reduce': 0.6}. Best is trial 156 with value: 0.33254924416542053.
[I 2024-12-19 08:10:43,509] Trial 1021 finished with value: 1.3273588418960571 and parameters: {'mlp_n_layers': 4, 'mlp_dim_00': 308, 'mlp_dim_01': 170, 'mlp_dim_02': 277, 'mlp_dim_03': 182, 'node_hidden_dim': 54, 'edge_hidden_dim': 76, 'depth': 2, 'rep_dropout': 0.14333367678020753, 'train_learning_rate': 0.005806325851720399, 'train_lr_reduce': 0.6}. Best is trial 156 with value: 0.33254924416542053.
[I 2024-12-19 08:10:43,815] Trial 1022 finished with value: 1.5294958353042603 and parameters: {'mlp_n_layers': 3, 'mlp_dim_00': 403, 'mlp_dim_01': 263, 'mlp_dim_02': 380, 'node_hidden_dim': 97, 'edge_hidden_dim': 74, 'depth': 2, 'rep_dropout': 0.10547005561078027, 'train_learning_rate': 0.003157057132789418, 'train_lr_reduce': 0.6}. Best is trial 156 with value: 0.33254924416542053.
[I 2024-12-19 08:10:46,764] Trial 1018 finished with value: 0.4415650963783264 and parameters: {'mlp_n_layers': 4, 'mlp_dim_00': 461, 'mlp_dim_01': 250, 'mlp_dim_02': 366, 'mlp_dim_03': 118, 'node_hidden_dim': 99, 'edge_hidden_dim': 60, 'depth': 2, 'rep_dropout': 0.16285441054466387, 'train_learning_rate': 0.0024222497865128015, 'train_lr_reduce': 0.6}. Best is trial 156 with value: 0.33254924416542053.
[I 2024-12-19 08:10:48,349] Trial 1023 finished with value: 1.4346542358398438 and parameters: {'mlp_n_layers': 2, 'mlp_dim_00': 307, 'mlp_dim_01': 474, 'node_hidden_dim': 32, 'edge_hidden_dim': 53, 'depth': 4, 'rep_dropout': 0.14452542690426665, 'train_learning_rate': 0.002067062618793324, 'train_lr_reduce': 0.6}. Best is trial 156 with value: 0.33254924416542053.
[I 2024-12-19 08:10:51,006] Trial 1025 finished with value: 1.4832191467285156 and parameters: {'mlp_n_layers': 3, 'mlp_dim_00': 387, 'mlp_dim_01': 207, 'mlp_dim_02': 330, 'node_hidden_dim': 71, 'edge_hidden_dim': 71, 'depth': 2, 'rep_dropout': 0.11249990761382503, 'train_learning_rate': 0.0022624898208582424, 'train_lr_reduce': 0.6}. Best is trial 156 with value: 0.33254924416542053.
[I 2024-12-19 08:10:55,315] Trial 1026 finished with value: 1.562705636024475 and parameters: {'mlp_n_layers': 4, 'mlp_dim_00': 141, 'mlp_dim_01': 441, 'mlp_dim_02': 271, 'mlp_dim_03': 120, 'node_hidden_dim': 89, 'edge_hidden_dim': 125, 'depth': 4, 'rep_dropout': 0.21441625987318902, 'train_learning_rate': 0.00020013358035933146, 'train_lr_reduce': 0.6}. Best is trial 156 with value: 0.33254924416542053.
[I 2024-12-19 08:10:55,617] Trial 1027 finished with value: 1.3844645023345947 and parameters: {'mlp_n_layers': 3, 'mlp_dim_00': 207, 'mlp_dim_01': 73, 'mlp_dim_02': 404, 'node_hidden_dim': 111, 'edge_hidden_dim': 36, 'depth': 2, 'rep_dropout': 0.013557959641304278, 'train_learning_rate': 0.007139612769654489, 'train_lr_reduce': 0.6}. Best is trial 156 with value: 0.33254924416542053.
[I 2024-12-19 08:10:58,508] Trial 1024 finished with value: 0.38125351071357727 and parameters: {'mlp_n_layers': 2, 'mlp_dim_00': 438, 'mlp_dim_01': 91, 'node_hidden_dim': 87, 'edge_hidden_dim': 66, 'depth': 2, 'rep_dropout': 0.14793346411228048, 'train_learning_rate': 0.0054648917386265275, 'train_lr_reduce': 0.6}. Best is trial 156 with value: 0.33254924416542053.
[I 2024-12-19 08:10:59,671] Trial 1029 finished with value: 1.3195176124572754 and parameters: {'mlp_n_layers': 3, 'mlp_dim_00': 482, 'mlp_dim_01': 78, 'mlp_dim_02': 285, 'node_hidden_dim': 84, 'edge_hidden_dim': 76, 'depth': 2, 'rep_dropout': 0.10786492576569608, 'train_learning_rate': 0.00520487481614183, 'train_lr_reduce': 0.6}. Best is trial 156 with value: 0.33254924416542053.
[I 2024-12-19 08:10:59,808] Trial 1028 finished with value: 1.421215534210205 and parameters: {'mlp_n_layers': 3, 'mlp_dim_00': 489, 'mlp_dim_01': 110, 'mlp_dim_02': 331, 'node_hidden_dim': 92, 'edge_hidden_dim': 61, 'depth': 3, 'rep_dropout': 0.10444285555831419, 'train_learning_rate': 0.004207628644759478, 'train_lr_reduce': 0.6}. Best is trial 156 with value: 0.33254924416542053.
[I 2024-12-19 08:11:02,935] Trial 1030 finished with value: 1.2909417152404785 and parameters: {'mlp_n_layers': 4, 'mlp_dim_00': 330, 'mlp_dim_01': 119, 'mlp_dim_02': 408, 'mlp_dim_03': 196, 'node_hidden_dim': 80, 'edge_hidden_dim': 74, 'depth': 2, 'rep_dropout': 0.1390684043827408, 'train_learning_rate': 0.004828657078627549, 'train_lr_reduce': 0.6}. Best is trial 156 with value: 0.33254924416542053.
[I 2024-12-19 08:11:04,391] Trial 1032 finished with value: 1.4329756498336792 and parameters: {'mlp_n_layers': 2, 'mlp_dim_00': 384, 'mlp_dim_01': 171, 'node_hidden_dim': 81, 'edge_hidden_dim': 46, 'depth': 2, 'rep_dropout': 0.14264955885784555, 'train_learning_rate': 0.003387895031712975, 'train_lr_reduce': 0.6}. Best is trial 156 with value: 0.33254924416542053.
[I 2024-12-19 08:11:04,422] Trial 1031 finished with value: 1.580919861793518 and parameters: {'mlp_n_layers': 3, 'mlp_dim_00': 486, 'mlp_dim_01': 102, 'mlp_dim_02': 392, 'node_hidden_dim': 110, 'edge_hidden_dim': 59, 'depth': 2, 'rep_dropout': 0.08176779660414325, 'train_learning_rate': 0.0005657424665478884, 'train_lr_reduce': 0.6}. Best is trial 156 with value: 0.33254924416542053.
[I 2024-12-19 08:11:07,771] Trial 1033 finished with value: 1.4574341773986816 and parameters: {'mlp_n_layers': 2, 'mlp_dim_00': 310, 'mlp_dim_01': 107, 'node_hidden_dim': 92, 'edge_hidden_dim': 58, 'depth': 2, 'rep_dropout': 0.17643976484899665, 'train_learning_rate': 0.006589396638318127, 'train_lr_reduce': 0.6}. Best is trial 156 with value: 0.33254924416542053.
[I 2024-12-19 08:11:08,954] Trial 1035 finished with value: 1.4582338333129883 and parameters: {'mlp_n_layers': 4, 'mlp_dim_00': 392, 'mlp_dim_01': 66, 'mlp_dim_02': 378, 'mlp_dim_03': 200, 'node_hidden_dim': 90, 'edge_hidden_dim': 62, 'depth': 2, 'rep_dropout': 0.10758928263855923, 'train_learning_rate': 0.002555819665484598, 'train_lr_reduce': 0.6}. Best is trial 156 with value: 0.33254924416542053.
[I 2024-12-19 08:11:11,747] Trial 1036 finished with value: 1.5600717067718506 and parameters: {'mlp_n_layers': 2, 'mlp_dim_00': 267, 'mlp_dim_01': 452, 'node_hidden_dim': 48, 'edge_hidden_dim': 33, 'depth': 2, 'rep_dropout': 0.15373925454980877, 'train_learning_rate': 0.0001622671842567372, 'train_lr_reduce': 0.6}. Best is trial 156 with value: 0.33254924416542053.
[I 2024-12-19 08:11:13,300] Trial 1037 finished with value: 1.2861096858978271 and parameters: {'mlp_n_layers': 2, 'mlp_dim_00': 383, 'mlp_dim_01': 166, 'node_hidden_dim': 97, 'edge_hidden_dim': 80, 'depth': 2, 'rep_dropout': 0.15217402871035393, 'train_learning_rate': 0.007511097649559422, 'train_lr_reduce': 0.6}. Best is trial 156 with value: 0.33254924416542053.
[I 2024-12-19 08:11:16,110] Trial 1038 finished with value: 1.3032952547073364 and parameters: {'mlp_n_layers': 2, 'mlp_dim_00': 396, 'mlp_dim_01': 183, 'node_hidden_dim': 83, 'edge_hidden_dim': 63, 'depth': 2, 'rep_dropout': 0.07418103687417615, 'train_learning_rate': 0.008408141433522441, 'train_lr_reduce': 0.6}. Best is trial 156 with value: 0.33254924416542053.
[I 2024-12-19 08:11:17,536] Trial 1039 finished with value: 1.5232826471328735 and parameters: {'mlp_n_layers': 2, 'mlp_dim_00': 392, 'mlp_dim_01': 495, 'node_hidden_dim': 73, 'edge_hidden_dim': 114, 'depth': 3, 'rep_dropout': 0.22561169539379292, 'train_learning_rate': 0.0007370388422588839, 'train_lr_reduce': 0.6}. Best is trial 156 with value: 0.33254924416542053.
[I 2024-12-19 08:11:18,896] Trial 1034 finished with value: 0.3950280547142029 and parameters: {'mlp_n_layers': 4, 'mlp_dim_00': 453, 'mlp_dim_01': 86, 'mlp_dim_02': 364, 'mlp_dim_03': 196, 'node_hidden_dim': 83, 'edge_hidden_dim': 54, 'depth': 2, 'rep_dropout': 0.06868330266651221, 'train_learning_rate': 0.002776766143671862, 'train_lr_reduce': 0.6}. Best is trial 156 with value: 0.33254924416542053.
[I 2024-12-19 08:11:20,655] Trial 1040 finished with value: 1.3505094051361084 and parameters: {'mlp_n_layers': 4, 'mlp_dim_00': 293, 'mlp_dim_01': 272, 'mlp_dim_02': 358, 'mlp_dim_03': 195, 'node_hidden_dim': 99, 'edge_hidden_dim': 63, 'depth': 2, 'rep_dropout': 0.047165196106394414, 'train_learning_rate': 0.0038199307277301574, 'train_lr_reduce': 0.6}. Best is trial 156 with value: 0.33254924416542053.
[I 2024-12-19 08:11:22,041] Trial 1041 finished with value: 1.574064016342163 and parameters: {'mlp_n_layers': 3, 'mlp_dim_00': 142, 'mlp_dim_01': 226, 'mlp_dim_02': 422, 'node_hidden_dim': 58, 'edge_hidden_dim': 32, 'depth': 4, 'rep_dropout': 0.14844386589438308, 'train_learning_rate': 0.00010499928792879954, 'train_lr_reduce': 0.6}. Best is trial 156 with value: 0.33254924416542053.
[I 2024-12-19 08:11:23,819] Trial 1042 finished with value: 1.549088478088379 and parameters: {'mlp_n_layers': 4, 'mlp_dim_00': 404, 'mlp_dim_01': 71, 'mlp_dim_02': 368, 'mlp_dim_03': 201, 'node_hidden_dim': 96, 'edge_hidden_dim': 57, 'depth': 3, 'rep_dropout': 0.1385037327003503, 'train_learning_rate': 0.0017568238860727538, 'train_lr_reduce': 0.6}. Best is trial 156 with value: 0.33254924416542053.
[I 2024-12-19 08:11:25,403] Trial 1043 finished with value: 1.3632179498672485 and parameters: {'mlp_n_layers': 2, 'mlp_dim_00': 469, 'mlp_dim_01': 97, 'node_hidden_dim': 79, 'edge_hidden_dim': 76, 'depth': 2, 'rep_dropout': 0.2039669401957234, 'train_learning_rate': 0.005658189328690062, 'train_lr_reduce': 0.6}. Best is trial 156 with value: 0.33254924416542053.
[I 2024-12-19 08:11:26,475] Trial 1044 finished with value: 1.301167607307434 and parameters: {'mlp_n_layers': 2, 'mlp_dim_00': 447, 'mlp_dim_01': 135, 'node_hidden_dim': 85, 'edge_hidden_dim': 63, 'depth': 2, 'rep_dropout': 0.15629764785789077, 'train_learning_rate': 0.008348565062550963, 'train_lr_reduce': 0.6}. Best is trial 156 with value: 0.33254924416542053.
[I 2024-12-19 08:11:28,773] Trial 1045 finished with value: 1.5517158508300781 and parameters: {'mlp_n_layers': 4, 'mlp_dim_00': 438, 'mlp_dim_01': 184, 'mlp_dim_02': 371, 'mlp_dim_03': 202, 'node_hidden_dim': 62, 'edge_hidden_dim': 34, 'depth': 2, 'rep_dropout': 0.04660031390875696, 'train_learning_rate': 0.003069976184318419, 'train_lr_reduce': 0.6}. Best is trial 156 with value: 0.33254924416542053.
[I 2024-12-19 08:11:30,692] Trial 1047 finished with value: 1.5636104345321655 and parameters: {'mlp_n_layers': 4, 'mlp_dim_00': 393, 'mlp_dim_01': 80, 'mlp_dim_02': 360, 'mlp_dim_03': 188, 'node_hidden_dim': 78, 'edge_hidden_dim': 78, 'depth': 2, 'rep_dropout': 0.024592012366853246, 'train_learning_rate': 0.0006285571146777236, 'train_lr_reduce': 0.6}. Best is trial 156 with value: 0.33254924416542053.
[I 2024-12-19 08:11:34,237] Trial 1046 finished with value: 1.1382747888565063 and parameters: {'mlp_n_layers': 4, 'mlp_dim_00': 408, 'mlp_dim_01': 143, 'mlp_dim_02': 408, 'mlp_dim_03': 197, 'node_hidden_dim': 74, 'edge_hidden_dim': 64, 'depth': 2, 'rep_dropout': 0.03132427764891931, 'train_learning_rate': 0.004175193798899939, 'train_lr_reduce': 0.6}. Best is trial 156 with value: 0.33254924416542053.
[I 2024-12-19 08:11:34,953] Trial 1049 finished with value: 1.4536863565444946 and parameters: {'mlp_n_layers': 3, 'mlp_dim_00': 213, 'mlp_dim_01': 334, 'mlp_dim_02': 351, 'node_hidden_dim': 73, 'edge_hidden_dim': 44, 'depth': 4, 'rep_dropout': 0.06692168988240152, 'train_learning_rate': 0.001649935938509128, 'train_lr_reduce': 0.6}. Best is trial 156 with value: 0.33254924416542053.
[I 2024-12-19 08:11:39,385] Trial 1050 finished with value: 1.5569206476211548 and parameters: {'mlp_n_layers': 4, 'mlp_dim_00': 508, 'mlp_dim_01': 94, 'mlp_dim_02': 409, 'mlp_dim_03': 161, 'node_hidden_dim': 70, 'edge_hidden_dim': 52, 'depth': 2, 'rep_dropout': 0.07424871618958487, 'train_learning_rate': 0.0017870816442520983, 'train_lr_reduce': 0.6}. Best is trial 156 with value: 0.33254924416542053.
[I 2024-12-19 08:11:40,933] Trial 1051 finished with value: 1.5852830410003662 and parameters: {'mlp_n_layers': 3, 'mlp_dim_00': 335, 'mlp_dim_01': 266, 'mlp_dim_02': 357, 'node_hidden_dim': 61, 'edge_hidden_dim': 47, 'depth': 2, 'rep_dropout': 0.24062406048763516, 'train_learning_rate': 0.00026460797353424533, 'train_lr_reduce': 0.6}. Best is trial 156 with value: 0.33254924416542053.
[I 2024-12-19 08:11:43,784] Trial 1048 finished with value: 1.0147006511688232 and parameters: {'mlp_n_layers': 4, 'mlp_dim_00': 478, 'mlp_dim_01': 297, 'mlp_dim_02': 333, 'mlp_dim_03': 225, 'node_hidden_dim': 88, 'edge_hidden_dim': 45, 'depth': 2, 'rep_dropout': 0.1006248871884074, 'train_learning_rate': 0.002466990011920873, 'train_lr_reduce': 0.6}. Best is trial 156 with value: 0.33254924416542053.
[I 2024-12-19 08:11:45,170] Trial 1053 finished with value: 1.4656834602355957 and parameters: {'mlp_n_layers': 4, 'mlp_dim_00': 416, 'mlp_dim_01': 71, 'mlp_dim_02': 380, 'mlp_dim_03': 231, 'node_hidden_dim': 82, 'edge_hidden_dim': 43, 'depth': 2, 'rep_dropout': 0.0609969566715684, 'train_learning_rate': 0.00221447318131274, 'train_lr_reduce': 0.6}. Best is trial 156 with value: 0.33254924416542053.
[I 2024-12-19 08:11:48,655] Trial 1052 finished with value: 0.6759857535362244 and parameters: {'mlp_n_layers': 3, 'mlp_dim_00': 375, 'mlp_dim_01': 210, 'mlp_dim_02': 331, 'node_hidden_dim': 63, 'edge_hidden_dim': 67, 'depth': 2, 'rep_dropout': 0.06911698633855384, 'train_learning_rate': 0.0061901467109502185, 'train_lr_reduce': 0.6}. Best is trial 156 with value: 0.33254924416542053.
