[I 2024-12-25 01:23:24,500] Trial 962 finished with value: 0.011278992518782616 and parameters: {'L1_hidden_dim': 224, 'L1_layers_atom': 3, 'L1_layers_mol': 4, 'L1_dropout': 0.03207530871519387, 'L1_out_dim': 80, 'L2_hidden_dim': 128, 'L2_layers_atom': 3, 'L2_layers_mol': 1, 'L2_out_dim': 48, 'L2_dropout': 0.06516969059240718, 'L3_hidden_dim': 80, 'L3_layers_atom': 4, 'L3_layers_mol': 1, 'L3_out_dim': 112, 'L3_dropout': 0.21211161466438647, 'n_mlp_layers': 1, 'mlp_dim_0': 360, 'num_heads': 2, 'final_dropout': 0.11504510337653417, 'train_learning_rate': 0.00046057139369033896, 'train_lr_reduce': 0.6}. Best is trial 570 with value: 0.00952998548746109.
[I 2024-12-25 01:23:52,942] Trial 963 finished with value: 0.01151190884411335 and parameters: {'L1_hidden_dim': 144, 'L1_layers_atom': 3, 'L1_layers_mol': 4, 'L1_dropout': 0.03544466937546624, 'L1_out_dim': 48, 'L2_hidden_dim': 256, 'L2_layers_atom': 3, 'L2_layers_mol': 1, 'L2_out_dim': 32, 'L2_dropout': 0.07003653549341589, 'L3_hidden_dim': 64, 'L3_layers_atom': 4, 'L3_layers_mol': 2, 'L3_out_dim': 112, 'L3_dropout': 0.20810434385968957, 'n_mlp_layers': 1, 'mlp_dim_0': 224, 'num_heads': 2, 'final_dropout': 0.09319510098793266, 'train_learning_rate': 0.001979379741296191, 'train_lr_reduce': 0.6}. Best is trial 570 with value: 0.00952998548746109.
[I 2024-12-25 01:24:38,719] Trial 966 finished with value: 0.012380384840071201 and parameters: {'L1_hidden_dim': 224, 'L1_layers_atom': 1, 'L1_layers_mol': 4, 'L1_dropout': 0.011044726605615025, 'L1_out_dim': 112, 'L2_hidden_dim': 128, 'L2_layers_atom': 3, 'L2_layers_mol': 1, 'L2_out_dim': 32, 'L2_dropout': 0.06506669793613716, 'L3_hidden_dim': 112, 'L3_layers_atom': 2, 'L3_layers_mol': 2, 'L3_out_dim': 96, 'L3_dropout': 0.1802122366972157, 'n_mlp_layers': 1, 'mlp_dim_0': 320, 'num_heads': 1, 'final_dropout': 0.15685566981037094, 'train_learning_rate': 0.00401011555894388, 'train_lr_reduce': 0.6}. Best is trial 570 with value: 0.00952998548746109.
[I 2024-12-25 01:25:18,898] Trial 965 finished with value: 0.013328575529158115 and parameters: {'L1_hidden_dim': 176, 'L1_layers_atom': 4, 'L1_layers_mol': 4, 'L1_dropout': 0.08165417007020065, 'L1_out_dim': 48, 'L2_hidden_dim': 192, 'L2_layers_atom': 3, 'L2_layers_mol': 2, 'L2_out_dim': 48, 'L2_dropout': 0.15884358489596861, 'L3_hidden_dim': 48, 'L3_layers_atom': 3, 'L3_layers_mol': 1, 'L3_out_dim': 112, 'L3_dropout': 0.20794769691147846, 'n_mlp_layers': 1, 'mlp_dim_0': 504, 'num_heads': 2, 'final_dropout': 0.03972755566346712, 'train_learning_rate': 0.001776649075388164, 'train_lr_reduce': 0.6}. Best is trial 570 with value: 0.00952998548746109.
[I 2024-12-25 01:26:20,004] Trial 967 finished with value: 0.012841718271374702 and parameters: {'L1_hidden_dim': 80, 'L1_layers_atom': 2, 'L1_layers_mol': 2, 'L1_dropout': 0.014628402475403321, 'L1_out_dim': 64, 'L2_hidden_dim': 128, 'L2_layers_atom': 3, 'L2_layers_mol': 1, 'L2_out_dim': 96, 'L2_dropout': 0.04864451241774732, 'L3_hidden_dim': 96, 'L3_layers_atom': 3, 'L3_layers_mol': 1, 'L3_out_dim': 112, 'L3_dropout': 0.2008131522100036, 'n_mlp_layers': 3, 'mlp_dim_0': 480, 'mlp_dim_1': 304, 'mlp_dim_2': 144, 'num_heads': 2, 'final_dropout': 0.10656734793743777, 'train_learning_rate': 0.004363857849704178, 'train_lr_reduce': 0.6}. Best is trial 570 with value: 0.00952998548746109.
[I 2024-12-25 01:26:41,648] Trial 968 finished with value: 0.011761719360947609 and parameters: {'L1_hidden_dim': 192, 'L1_layers_atom': 4, 'L1_layers_mol': 4, 'L1_dropout': 0.03223905723824244, 'L1_out_dim': 32, 'L2_hidden_dim': 256, 'L2_layers_atom': 3, 'L2_layers_mol': 1, 'L2_out_dim': 32, 'L2_dropout': 0.1158562840835743, 'L3_hidden_dim': 48, 'L3_layers_atom': 4, 'L3_layers_mol': 3, 'L3_out_dim': 96, 'L3_dropout': 0.25715558707393504, 'n_mlp_layers': 1, 'mlp_dim_0': 288, 'num_heads': 1, 'final_dropout': 0.0629578710492153, 'train_learning_rate': 0.0009266102481828779, 'train_lr_reduce': 0.6}. Best is trial 570 with value: 0.00952998548746109.
[I 2024-12-25 01:28:24,433] Trial 969 finished with value: 0.011506158858537674 and parameters: {'L1_hidden_dim': 192, 'L1_layers_atom': 3, 'L1_layers_mol': 4, 'L1_dropout': 0.04267756807255903, 'L1_out_dim': 32, 'L2_hidden_dim': 240, 'L2_layers_atom': 4, 'L2_layers_mol': 2, 'L2_out_dim': 32, 'L2_dropout': 0.09904118917977581, 'L3_hidden_dim': 48, 'L3_layers_atom': 3, 'L3_layers_mol': 2, 'L3_out_dim': 80, 'L3_dropout': 0.2092849841939441, 'n_mlp_layers': 1, 'mlp_dim_0': 112, 'num_heads': 2, 'final_dropout': 0.005180225586526199, 'train_learning_rate': 0.0004928769629288564, 'train_lr_reduce': 0.6}. Best is trial 570 with value: 0.00952998548746109.
[I 2024-12-25 01:29:29,120] Trial 970 finished with value: 0.015208289958536625 and parameters: {'L1_hidden_dim': 144, 'L1_layers_atom': 4, 'L1_layers_mol': 4, 'L1_dropout': 0.06677625133106682, 'L1_out_dim': 64, 'L2_hidden_dim': 256, 'L2_layers_atom': 2, 'L2_layers_mol': 2, 'L2_out_dim': 48, 'L2_dropout': 0.1159733187960537, 'L3_hidden_dim': 32, 'L3_layers_atom': 4, 'L3_layers_mol': 1, 'L3_out_dim': 96, 'L3_dropout': 0.2682643621489251, 'n_mlp_layers': 1, 'mlp_dim_0': 376, 'num_heads': 2, 'final_dropout': 0.008032869671524438, 'train_learning_rate': 0.00031396850730375296, 'train_lr_reduce': 0.6}. Best is trial 570 with value: 0.00952998548746109.
[I 2024-12-25 01:29:33,099] Trial 971 finished with value: 0.010900905355811119 and parameters: {'L1_hidden_dim': 208, 'L1_layers_atom': 4, 'L1_layers_mol': 3, 'L1_dropout': 0.028309623185979876, 'L1_out_dim': 32, 'L2_hidden_dim': 224, 'L2_layers_atom': 3, 'L2_layers_mol': 2, 'L2_out_dim': 32, 'L2_dropout': 0.04850716614697038, 'L3_hidden_dim': 32, 'L3_layers_atom': 4, 'L3_layers_mol': 3, 'L3_out_dim': 128, 'L3_dropout': 0.25960453903876335, 'n_mlp_layers': 1, 'mlp_dim_0': 312, 'num_heads': 2, 'final_dropout': 0.16974502468297595, 'train_learning_rate': 0.0009337524596568613, 'train_lr_reduce': 0.6}. Best is trial 570 with value: 0.00952998548746109.
[I 2024-12-25 01:31:05,683] Trial 972 finished with value: 0.011730089783668518 and parameters: {'L1_hidden_dim': 192, 'L1_layers_atom': 4, 'L1_layers_mol': 3, 'L1_dropout': 0.0036928164647401186, 'L1_out_dim': 32, 'L2_hidden_dim': 192, 'L2_layers_atom': 3, 'L2_layers_mol': 1, 'L2_out_dim': 80, 'L2_dropout': 0.10388974710802448, 'L3_hidden_dim': 112, 'L3_layers_atom': 2, 'L3_layers_mol': 4, 'L3_out_dim': 80, 'L3_dropout': 0.25935857820773156, 'n_mlp_layers': 1, 'mlp_dim_0': 216, 'num_heads': 2, 'final_dropout': 0.03907154371980851, 'train_learning_rate': 0.0006280267877488464, 'train_lr_reduce': 0.6}. Best is trial 570 with value: 0.00952998548746109.
[I 2024-12-25 01:31:21,469] Trial 973 finished with value: 0.010966312140226364 and parameters: {'L1_hidden_dim': 96, 'L1_layers_atom': 2, 'L1_layers_mol': 2, 'L1_dropout': 0.02292971133868393, 'L1_out_dim': 32, 'L2_hidden_dim': 112, 'L2_layers_atom': 4, 'L2_layers_mol': 2, 'L2_out_dim': 96, 'L2_dropout': 0.035922597808362294, 'L3_hidden_dim': 128, 'L3_layers_atom': 3, 'L3_layers_mol': 1, 'L3_out_dim': 96, 'L3_dropout': 0.2374193353606166, 'n_mlp_layers': 3, 'mlp_dim_0': 504, 'mlp_dim_1': 264, 'mlp_dim_2': 88, 'num_heads': 2, 'final_dropout': 0.1955712251760845, 'train_learning_rate': 0.003553462273459622, 'train_lr_reduce': 0.6}. Best is trial 570 with value: 0.00952998548746109.
[I 2024-12-25 01:32:12,853] Trial 974 finished with value: 0.011598778888583183 and parameters: {'L1_hidden_dim': 144, 'L1_layers_atom': 4, 'L1_layers_mol': 4, 'L1_dropout': 0.046906802470937294, 'L1_out_dim': 32, 'L2_hidden_dim': 112, 'L2_layers_atom': 3, 'L2_layers_mol': 1, 'L2_out_dim': 32, 'L2_dropout': 0.01677979518729754, 'L3_hidden_dim': 128, 'L3_layers_atom': 4, 'L3_layers_mol': 1, 'L3_out_dim': 112, 'L3_dropout': 0.2599037367861224, 'n_mlp_layers': 1, 'mlp_dim_0': 256, 'num_heads': 2, 'final_dropout': 0.1500864363528042, 'train_learning_rate': 0.0010214020452231098, 'train_lr_reduce': 0.6}. Best is trial 570 with value: 0.00952998548746109.
[I 2024-12-25 01:33:53,511] Trial 976 finished with value: 0.011432874016463757 and parameters: {'L1_hidden_dim': 192, 'L1_layers_atom': 4, 'L1_layers_mol': 1, 'L1_dropout': 0.022903084580432484, 'L1_out_dim': 32, 'L2_hidden_dim': 208, 'L2_layers_atom': 3, 'L2_layers_mol': 1, 'L2_out_dim': 48, 'L2_dropout': 0.17475255361669395, 'L3_hidden_dim': 128, 'L3_layers_atom': 4, 'L3_layers_mol': 4, 'L3_out_dim': 128, 'L3_dropout': 0.18312573452800512, 'n_mlp_layers': 3, 'mlp_dim_0': 368, 'mlp_dim_1': 512, 'mlp_dim_2': 152, 'num_heads': 2, 'final_dropout': 0.08886129157717756, 'train_learning_rate': 0.0005404424459235451, 'train_lr_reduce': 0.6}. Best is trial 570 with value: 0.00952998548746109.
[I 2024-12-25 01:34:02,094] Trial 975 finished with value: 0.012283903546631336 and parameters: {'L1_hidden_dim': 192, 'L1_layers_atom': 3, 'L1_layers_mol': 4, 'L1_dropout': 0.005377499030699801, 'L1_out_dim': 64, 'L2_hidden_dim': 224, 'L2_layers_atom': 4, 'L2_layers_mol': 1, 'L2_out_dim': 48, 'L2_dropout': 0.2303132665822764, 'L3_hidden_dim': 80, 'L3_layers_atom': 4, 'L3_layers_mol': 3, 'L3_out_dim': 112, 'L3_dropout': 0.191320596348715, 'n_mlp_layers': 2, 'mlp_dim_0': 208, 'mlp_dim_1': 336, 'num_heads': 2, 'final_dropout': 0.0010381333212477611, 'train_learning_rate': 0.0033990266711503955, 'train_lr_reduce': 0.6}. Best is trial 570 with value: 0.00952998548746109.
[I 2024-12-25 01:35:04,924] Trial 977 finished with value: 0.013686788268387318 and parameters: {'L1_hidden_dim': 144, 'L1_layers_atom': 2, 'L1_layers_mol': 2, 'L1_dropout': 0.008095621890766227, 'L1_out_dim': 32, 'L2_hidden_dim': 208, 'L2_layers_atom': 4, 'L2_layers_mol': 1, 'L2_out_dim': 96, 'L2_dropout': 0.06602162799759573, 'L3_hidden_dim': 112, 'L3_layers_atom': 4, 'L3_layers_mol': 1, 'L3_out_dim': 64, 'L3_dropout': 0.23827708889116633, 'n_mlp_layers': 3, 'mlp_dim_0': 488, 'mlp_dim_1': 248, 'mlp_dim_2': 256, 'num_heads': 2, 'final_dropout': 0.1641495170582883, 'train_learning_rate': 0.004448508176926275, 'train_lr_reduce': 0.6}. Best is trial 570 with value: 0.00952998548746109.
[I 2024-12-25 01:35:48,574] Trial 979 finished with value: 0.01428996492177248 and parameters: {'L1_hidden_dim': 160, 'L1_layers_atom': 3, 'L1_layers_mol': 2, 'L1_dropout': 0.026704464354992772, 'L1_out_dim': 32, 'L2_hidden_dim': 80, 'L2_layers_atom': 4, 'L2_layers_mol': 1, 'L2_out_dim': 64, 'L2_dropout': 0.12205794785368596, 'L3_hidden_dim': 96, 'L3_layers_atom': 4, 'L3_layers_mol': 1, 'L3_out_dim': 128, 'L3_dropout': 0.2922492810479722, 'n_mlp_layers': 1, 'mlp_dim_0': 136, 'num_heads': 1, 'final_dropout': 0.15699263968232052, 'train_learning_rate': 0.0036561870246412708, 'train_lr_reduce': 0.6}. Best is trial 570 with value: 0.00952998548746109.
[I 2024-12-25 01:35:52,862] Trial 978 finished with value: 0.011072185821831226 and parameters: {'L1_hidden_dim': 224, 'L1_layers_atom': 4, 'L1_layers_mol': 3, 'L1_dropout': 0.009480698326873364, 'L1_out_dim': 32, 'L2_hidden_dim': 96, 'L2_layers_atom': 2, 'L2_layers_mol': 1, 'L2_out_dim': 48, 'L2_dropout': 0.1399059679745063, 'L3_hidden_dim': 128, 'L3_layers_atom': 4, 'L3_layers_mol': 4, 'L3_out_dim': 80, 'L3_dropout': 0.20022506372338406, 'n_mlp_layers': 2, 'mlp_dim_0': 352, 'mlp_dim_1': 304, 'num_heads': 2, 'final_dropout': 0.04114060349221908, 'train_learning_rate': 0.0019269673617149858, 'train_lr_reduce': 0.6}. Best is trial 570 with value: 0.00952998548746109.
[I 2024-12-25 01:36:50,447] Trial 980 finished with value: 0.010655849240720272 and parameters: {'L1_hidden_dim': 256, 'L1_layers_atom': 2, 'L1_layers_mol': 4, 'L1_dropout': 0.023865961862504413, 'L1_out_dim': 96, 'L2_hidden_dim': 96, 'L2_layers_atom': 3, 'L2_layers_mol': 1, 'L2_out_dim': 48, 'L2_dropout': 0.1143544535746459, 'L3_hidden_dim': 112, 'L3_layers_atom': 4, 'L3_layers_mol': 2, 'L3_out_dim': 128, 'L3_dropout': 0.20805342864381182, 'n_mlp_layers': 2, 'mlp_dim_0': 360, 'mlp_dim_1': 376, 'num_heads': 1, 'final_dropout': 0.06373773696636183, 'train_learning_rate': 0.0014830740002830408, 'train_lr_reduce': 0.6}. Best is trial 570 with value: 0.00952998548746109.
[I 2024-12-25 01:37:56,246] Trial 981 finished with value: 0.01114768348634243 and parameters: {'L1_hidden_dim': 240, 'L1_layers_atom': 4, 'L1_layers_mol': 3, 'L1_dropout': 0.05307803913769946, 'L1_out_dim': 64, 'L2_hidden_dim': 224, 'L2_layers_atom': 4, 'L2_layers_mol': 1, 'L2_out_dim': 80, 'L2_dropout': 0.09341505622427551, 'L3_hidden_dim': 80, 'L3_layers_atom': 4, 'L3_layers_mol': 4, 'L3_out_dim': 128, 'L3_dropout': 0.2783815309981018, 'n_mlp_layers': 3, 'mlp_dim_0': 216, 'mlp_dim_1': 296, 'mlp_dim_2': 200, 'num_heads': 2, 'final_dropout': 0.14852052503554322, 'train_learning_rate': 0.0016561797170820275, 'train_lr_reduce': 0.6}. Best is trial 570 with value: 0.00952998548746109.
[I 2024-12-25 01:38:38,357] Trial 983 finished with value: 0.01249650027602911 and parameters: {'L1_hidden_dim': 224, 'L1_layers_atom': 4, 'L1_layers_mol': 4, 'L1_dropout': 0.06793519913245911, 'L1_out_dim': 64, 'L2_hidden_dim': 224, 'L2_layers_atom': 3, 'L2_layers_mol': 1, 'L2_out_dim': 32, 'L2_dropout': 0.015704264882675283, 'L3_hidden_dim': 32, 'L3_layers_atom': 3, 'L3_layers_mol': 2, 'L3_out_dim': 128, 'L3_dropout': 0.26261705454909795, 'n_mlp_layers': 2, 'mlp_dim_0': 232, 'mlp_dim_1': 328, 'num_heads': 2, 'final_dropout': 0.024694690730225195, 'train_learning_rate': 0.0015038259642234603, 'train_lr_reduce': 0.6}. Best is trial 570 with value: 0.00952998548746109.
[I 2024-12-25 01:38:38,495] Trial 982 finished with value: 0.013681232929229736 and parameters: {'L1_hidden_dim': 96, 'L1_layers_atom': 3, 'L1_layers_mol': 2, 'L1_dropout': 0.005802323340778148, 'L1_out_dim': 48, 'L2_hidden_dim': 64, 'L2_layers_atom': 4, 'L2_layers_mol': 1, 'L2_out_dim': 96, 'L2_dropout': 0.041840885803673025, 'L3_hidden_dim': 96, 'L3_layers_atom': 4, 'L3_layers_mol': 1, 'L3_out_dim': 128, 'L3_dropout': 0.28315795130978316, 'n_mlp_layers': 1, 'mlp_dim_0': 328, 'num_heads': 1, 'final_dropout': 0.12140023847086852, 'train_learning_rate': 0.0004117413057131776, 'train_lr_reduce': 0.6}. Best is trial 570 with value: 0.00952998548746109.
[I 2024-12-25 01:40:18,498] Trial 984 finished with value: 0.014679297804832458 and parameters: {'L1_hidden_dim': 160, 'L1_layers_atom': 4, 'L1_layers_mol': 4, 'L1_dropout': 0.02094891564535909, 'L1_out_dim': 32, 'L2_hidden_dim': 256, 'L2_layers_atom': 4, 'L2_layers_mol': 1, 'L2_out_dim': 48, 'L2_dropout': 0.08989814256477281, 'L3_hidden_dim': 48, 'L3_layers_atom': 4, 'L3_layers_mol': 1, 'L3_out_dim': 112, 'L3_dropout': 0.2894125510337853, 'n_mlp_layers': 1, 'mlp_dim_0': 216, 'num_heads': 2, 'final_dropout': 0.09497568261207168, 'train_learning_rate': 0.001669640555443447, 'train_lr_reduce': 0.6}. Best is trial 570 with value: 0.00952998548746109.
[I 2024-12-25 01:40:22,408] Trial 985 finished with value: 0.018217148259282112 and parameters: {'L1_hidden_dim': 128, 'L1_layers_atom': 2, 'L1_layers_mol': 1, 'L1_dropout': 0.0844102863467029, 'L1_out_dim': 80, 'L2_hidden_dim': 144, 'L2_layers_atom': 3, 'L2_layers_mol': 1, 'L2_out_dim': 112, 'L2_dropout': 0.017764126710000737, 'L3_hidden_dim': 128, 'L3_layers_atom': 4, 'L3_layers_mol': 1, 'L3_out_dim': 128, 'L3_dropout': 0.16992382740385717, 'n_mlp_layers': 1, 'mlp_dim_0': 192, 'num_heads': 1, 'final_dropout': 0.1303942853027544, 'train_learning_rate': 0.0004144318585928413, 'train_lr_reduce': 0.6}. Best is trial 570 with value: 0.00952998548746109.
[I 2024-12-25 01:41:11,911] Trial 986 finished with value: 0.010688558220863342 and parameters: {'L1_hidden_dim': 256, 'L1_layers_atom': 4, 'L1_layers_mol': 3, 'L1_dropout': 0.0019184454316118497, 'L1_out_dim': 32, 'L2_hidden_dim': 160, 'L2_layers_atom': 3, 'L2_layers_mol': 1, 'L2_out_dim': 32, 'L2_dropout': 0.07877828875500548, 'L3_hidden_dim': 128, 'L3_layers_atom': 4, 'L3_layers_mol': 4, 'L3_out_dim': 128, 'L3_dropout': 0.19102036581971416, 'n_mlp_layers': 3, 'mlp_dim_0': 248, 'mlp_dim_1': 416, 'mlp_dim_2': 88, 'num_heads': 1, 'final_dropout': 0.048752246304744895, 'train_learning_rate': 0.0008222521686126266, 'train_lr_reduce': 0.6}. Best is trial 570 with value: 0.00952998548746109.
[I 2024-12-25 01:42:21,902] Trial 987 finished with value: 0.012545456178486347 and parameters: {'L1_hidden_dim': 192, 'L1_layers_atom': 1, 'L1_layers_mol': 3, 'L1_dropout': 0.1920871087702529, 'L1_out_dim': 112, 'L2_hidden_dim': 192, 'L2_layers_atom': 4, 'L2_layers_mol': 1, 'L2_out_dim': 112, 'L2_dropout': 0.05889128412292413, 'L3_hidden_dim': 48, 'L3_layers_atom': 3, 'L3_layers_mol': 3, 'L3_out_dim': 32, 'L3_dropout': 0.2695002970610534, 'n_mlp_layers': 3, 'mlp_dim_0': 472, 'mlp_dim_1': 272, 'mlp_dim_2': 144, 'num_heads': 1, 'final_dropout': 0.050849492033833585, 'train_learning_rate': 0.0005972831388857334, 'train_lr_reduce': 0.6}. Best is trial 570 with value: 0.00952998548746109.
[I 2024-12-25 01:42:52,849] Trial 989 finished with value: 0.011777644976973534 and parameters: {'L1_hidden_dim': 240, 'L1_layers_atom': 3, 'L1_layers_mol': 4, 'L1_dropout': 0.09074147664739701, 'L1_out_dim': 128, 'L2_hidden_dim': 144, 'L2_layers_atom': 3, 'L2_layers_mol': 3, 'L2_out_dim': 80, 'L2_dropout': 0.22608337220575608, 'L3_hidden_dim': 48, 'L3_layers_atom': 3, 'L3_layers_mol': 1, 'L3_out_dim': 80, 'L3_dropout': 0.14343062872247309, 'n_mlp_layers': 3, 'mlp_dim_0': 168, 'mlp_dim_1': 344, 'mlp_dim_2': 72, 'num_heads': 2, 'final_dropout': 0.27516840224419686, 'train_learning_rate': 0.0013213497460407902, 'train_lr_reduce': 0.6}. Best is trial 570 with value: 0.00952998548746109.
[I 2024-12-25 01:42:57,691] Trial 988 finished with value: 0.01612798683345318 and parameters: {'L1_hidden_dim': 128, 'L1_layers_atom': 1, 'L1_layers_mol': 1, 'L1_dropout': 0.01380138924962183, 'L1_out_dim': 128, 'L2_hidden_dim': 112, 'L2_layers_atom': 4, 'L2_layers_mol': 2, 'L2_out_dim': 128, 'L2_dropout': 0.06749180616077573, 'L3_hidden_dim': 112, 'L3_layers_atom': 2, 'L3_layers_mol': 4, 'L3_out_dim': 48, 'L3_dropout': 0.17633479510377006, 'n_mlp_layers': 3, 'mlp_dim_0': 504, 'mlp_dim_1': 248, 'mlp_dim_2': 192, 'num_heads': 1, 'final_dropout': 0.13075932039587765, 'train_learning_rate': 0.00012252080489906527, 'train_lr_reduce': 0.6}. Best is trial 570 with value: 0.00952998548746109.
[I 2024-12-25 01:44:08,118] Trial 990 finished with value: 0.012156803160905838 and parameters: {'L1_hidden_dim': 176, 'L1_layers_atom': 4, 'L1_layers_mol': 2, 'L1_dropout': 0.023974151791808035, 'L1_out_dim': 32, 'L2_hidden_dim': 144, 'L2_layers_atom': 4, 'L2_layers_mol': 1, 'L2_out_dim': 96, 'L2_dropout': 0.08518380694157857, 'L3_hidden_dim': 96, 'L3_layers_atom': 1, 'L3_layers_mol': 4, 'L3_out_dim': 96, 'L3_dropout': 0.2586621114243719, 'n_mlp_layers': 3, 'mlp_dim_0': 336, 'mlp_dim_1': 296, 'mlp_dim_2': 136, 'num_heads': 2, 'final_dropout': 0.005562458852759061, 'train_learning_rate': 0.002984533964512176, 'train_lr_reduce': 0.6}. Best is trial 570 with value: 0.00952998548746109.
[I 2024-12-25 01:44:30,807] Trial 991 finished with value: 0.011328443884849548 and parameters: {'L1_hidden_dim': 192, 'L1_layers_atom': 3, 'L1_layers_mol': 3, 'L1_dropout': 0.05342842010324168, 'L1_out_dim': 32, 'L2_hidden_dim': 128, 'L2_layers_atom': 3, 'L2_layers_mol': 1, 'L2_out_dim': 32, 'L2_dropout': 0.11258632449270525, 'L3_hidden_dim': 96, 'L3_layers_atom': 4, 'L3_layers_mol': 1, 'L3_out_dim': 128, 'L3_dropout': 0.28342785463739834, 'n_mlp_layers': 1, 'mlp_dim_0': 336, 'num_heads': 1, 'final_dropout': 0.16287144086792757, 'train_learning_rate': 0.0011524836266772693, 'train_lr_reduce': 0.6}. Best is trial 570 with value: 0.00952998548746109.
[I 2024-12-25 01:45:37,374] Trial 992 finished with value: 0.011187724769115448 and parameters: {'L1_hidden_dim': 160, 'L1_layers_atom': 2, 'L1_layers_mol': 4, 'L1_dropout': 0.008297242138251316, 'L1_out_dim': 32, 'L2_hidden_dim': 224, 'L2_layers_atom': 2, 'L2_layers_mol': 1, 'L2_out_dim': 48, 'L2_dropout': 0.0376254999354356, 'L3_hidden_dim': 48, 'L3_layers_atom': 4, 'L3_layers_mol': 1, 'L3_out_dim': 112, 'L3_dropout': 0.1949011311295974, 'n_mlp_layers': 1, 'mlp_dim_0': 312, 'num_heads': 2, 'final_dropout': 0.08123572344639018, 'train_learning_rate': 0.0005268769432392111, 'train_lr_reduce': 0.6}. Best is trial 570 with value: 0.00952998548746109.
[I 2024-12-25 01:46:19,243] Trial 993 finished with value: 0.014156016521155834 and parameters: {'L1_hidden_dim': 240, 'L1_layers_atom': 3, 'L1_layers_mol': 4, 'L1_dropout': 0.19472334797171192, 'L1_out_dim': 80, 'L2_hidden_dim': 192, 'L2_layers_atom': 4, 'L2_layers_mol': 1, 'L2_out_dim': 96, 'L2_dropout': 0.11694997236277666, 'L3_hidden_dim': 64, 'L3_layers_atom': 3, 'L3_layers_mol': 1, 'L3_out_dim': 112, 'L3_dropout': 0.23718344854220863, 'n_mlp_layers': 2, 'mlp_dim_0': 272, 'mlp_dim_1': 240, 'num_heads': 2, 'final_dropout': 0.034474287527572985, 'train_learning_rate': 0.0024284622083545824, 'train_lr_reduce': 0.6}. Best is trial 570 with value: 0.00952998548746109.
[I 2024-12-25 01:47:58,514] Trial 995 finished with value: 0.011397005058825016 and parameters: {'L1_hidden_dim': 256, 'L1_layers_atom': 4, 'L1_layers_mol': 3, 'L1_dropout': 0.04180973998173404, 'L1_out_dim': 32, 'L2_hidden_dim': 256, 'L2_layers_atom': 4, 'L2_layers_mol': 2, 'L2_out_dim': 48, 'L2_dropout': 0.09940198242392399, 'L3_hidden_dim': 80, 'L3_layers_atom': 2, 'L3_layers_mol': 2, 'L3_out_dim': 128, 'L3_dropout': 0.21995312526048286, 'n_mlp_layers': 3, 'mlp_dim_0': 176, 'mlp_dim_1': 360, 'mlp_dim_2': 256, 'num_heads': 2, 'final_dropout': 0.22006061438086433, 'train_learning_rate': 0.0010654882402396399, 'train_lr_reduce': 0.6}. Best is trial 570 with value: 0.00952998548746109.
