[I 2024-12-19 08:31:50,255] Trial 1614 finished with value: 0.4025368392467499 and parameters: {'mlp_n_layers': 2, 'mlp_dim_00': 89, 'mlp_dim_01': 177, 'node_hidden_dim': 126, 'edge_hidden_dim': 40, 'depth': 2, 'rep_dropout': 0.031020550690967333, 'train_learning_rate': 0.006898773876171633, 'train_lr_reduce': 0.6}. Best is trial 1483 with value: 0.2768918573856354.
[I 2024-12-19 08:31:51,218] Trial 1618 finished with value: 1.5545308589935303 and parameters: {'mlp_n_layers': 4, 'mlp_dim_00': 364, 'mlp_dim_01': 412, 'mlp_dim_02': 415, 'mlp_dim_03': 508, 'node_hidden_dim': 82, 'edge_hidden_dim': 104, 'depth': 4, 'rep_dropout': 0.15180917261247948, 'train_learning_rate': 0.0006396608415853594, 'train_lr_reduce': 0.6}. Best is trial 1483 with value: 0.2768918573856354.
[I 2024-12-19 08:31:52,053] Trial 1619 finished with value: 1.2840172052383423 and parameters: {'mlp_n_layers': 2, 'mlp_dim_00': 173, 'mlp_dim_01': 295, 'node_hidden_dim': 121, 'edge_hidden_dim': 60, 'depth': 2, 'rep_dropout': 0.04668572735081525, 'train_learning_rate': 0.004391916943910838, 'train_lr_reduce': 0.6}. Best is trial 1483 with value: 0.2768918573856354.
[I 2024-12-19 08:31:55,382] Trial 1620 finished with value: 1.3938897848129272 and parameters: {'mlp_n_layers': 3, 'mlp_dim_00': 210, 'mlp_dim_01': 82, 'mlp_dim_02': 454, 'node_hidden_dim': 97, 'edge_hidden_dim': 49, 'depth': 3, 'rep_dropout': 0.0569591164720747, 'train_learning_rate': 0.005958811091777658, 'train_lr_reduce': 0.6}. Best is trial 1483 with value: 0.2768918573856354.
[I 2024-12-19 08:31:56,130] Trial 1621 finished with value: 1.4277502298355103 and parameters: {'mlp_n_layers': 2, 'mlp_dim_00': 215, 'mlp_dim_01': 210, 'node_hidden_dim': 92, 'edge_hidden_dim': 55, 'depth': 2, 'rep_dropout': 0.09999147722568151, 'train_learning_rate': 0.008935422883920574, 'train_lr_reduce': 0.6}. Best is trial 1483 with value: 0.2768918573856354.
[I 2024-12-19 08:31:57,069] Trial 1622 finished with value: 1.4681527614593506 and parameters: {'mlp_n_layers': 3, 'mlp_dim_00': 247, 'mlp_dim_01': 295, 'mlp_dim_02': 463, 'node_hidden_dim': 100, 'edge_hidden_dim': 118, 'depth': 4, 'rep_dropout': 0.1293240874172113, 'train_learning_rate': 0.002192221403090842, 'train_lr_reduce': 0.6}. Best is trial 1483 with value: 0.2768918573856354.
[I 2024-12-19 08:31:59,913] Trial 1623 finished with value: 1.286734700202942 and parameters: {'mlp_n_layers': 2, 'mlp_dim_00': 156, 'mlp_dim_01': 195, 'node_hidden_dim': 103, 'edge_hidden_dim': 35, 'depth': 2, 'rep_dropout': 0.09247643847593877, 'train_learning_rate': 0.009986944299404514, 'train_lr_reduce': 0.6}. Best is trial 1483 with value: 0.2768918573856354.
[I 2024-12-19 08:32:00,052] Trial 1624 finished with value: 1.3136789798736572 and parameters: {'mlp_n_layers': 2, 'mlp_dim_00': 331, 'mlp_dim_01': 182, 'node_hidden_dim': 100, 'edge_hidden_dim': 41, 'depth': 2, 'rep_dropout': 0.014215122531461146, 'train_learning_rate': 0.00675982678524918, 'train_lr_reduce': 0.6}. Best is trial 1483 with value: 0.2768918573856354.
[I 2024-12-19 08:32:01,781] Trial 1625 finished with value: 1.3013302087783813 and parameters: {'mlp_n_layers': 2, 'mlp_dim_00': 194, 'mlp_dim_01': 173, 'node_hidden_dim': 127, 'edge_hidden_dim': 97, 'depth': 2, 'rep_dropout': 0.11691250290364569, 'train_learning_rate': 0.0076074283586571095, 'train_lr_reduce': 0.6}. Best is trial 1483 with value: 0.2768918573856354.
[I 2024-12-19 08:32:04,680] Trial 1626 finished with value: 1.2898287773132324 and parameters: {'mlp_n_layers': 3, 'mlp_dim_00': 268, 'mlp_dim_01': 162, 'mlp_dim_02': 415, 'node_hidden_dim': 110, 'edge_hidden_dim': 33, 'depth': 3, 'rep_dropout': 0.045722151445358225, 'train_learning_rate': 0.009122395980625503, 'train_lr_reduce': 0.6}. Best is trial 1483 with value: 0.2768918573856354.
[I 2024-12-19 08:32:04,852] Trial 1627 finished with value: 1.5573716163635254 and parameters: {'mlp_n_layers': 4, 'mlp_dim_00': 293, 'mlp_dim_01': 103, 'mlp_dim_02': 471, 'mlp_dim_03': 67, 'node_hidden_dim': 60, 'edge_hidden_dim': 109, 'depth': 4, 'rep_dropout': 0.21041075954911606, 'train_learning_rate': 0.001543985129715729, 'train_lr_reduce': 0.6}. Best is trial 1483 with value: 0.2768918573856354.
[I 2024-12-19 08:32:06,743] Trial 1628 finished with value: 1.380144715309143 and parameters: {'mlp_n_layers': 2, 'mlp_dim_00': 209, 'mlp_dim_01': 334, 'node_hidden_dim': 128, 'edge_hidden_dim': 66, 'depth': 2, 'rep_dropout': 0.1562500496439726, 'train_learning_rate': 0.006049678572078634, 'train_lr_reduce': 0.6}. Best is trial 1483 with value: 0.2768918573856354.
[I 2024-12-19 08:32:09,242] Trial 1630 finished with value: 1.3495008945465088 and parameters: {'mlp_n_layers': 2, 'mlp_dim_00': 119, 'mlp_dim_01': 181, 'node_hidden_dim': 117, 'edge_hidden_dim': 78, 'depth': 2, 'rep_dropout': 0.0847133620624235, 'train_learning_rate': 0.007245911880909544, 'train_lr_reduce': 0.6}. Best is trial 1483 with value: 0.2768918573856354.
[I 2024-12-19 08:32:09,604] Trial 1629 finished with value: 1.5602234601974487 and parameters: {'mlp_n_layers': 3, 'mlp_dim_00': 102, 'mlp_dim_01': 496, 'mlp_dim_02': 403, 'node_hidden_dim': 109, 'edge_hidden_dim': 55, 'depth': 4, 'rep_dropout': 0.14542919330951787, 'train_learning_rate': 0.00041466146330702554, 'train_lr_reduce': 0.6}. Best is trial 1483 with value: 0.2768918573856354.
[I 2024-12-19 08:32:11,399] Trial 1631 finished with value: 1.301718831062317 and parameters: {'mlp_n_layers': 3, 'mlp_dim_00': 369, 'mlp_dim_01': 80, 'mlp_dim_02': 468, 'node_hidden_dim': 93, 'edge_hidden_dim': 33, 'depth': 2, 'rep_dropout': 0.010451666606339796, 'train_learning_rate': 0.00849217344661846, 'train_lr_reduce': 0.6}. Best is trial 1483 with value: 0.2768918573856354.
[I 2024-12-19 08:32:13,364] Trial 1632 finished with value: 1.3111441135406494 and parameters: {'mlp_n_layers': 2, 'mlp_dim_00': 343, 'mlp_dim_01': 268, 'node_hidden_dim': 97, 'edge_hidden_dim': 47, 'depth': 2, 'rep_dropout': 0.12225231025814506, 'train_learning_rate': 0.008524387920263141, 'train_lr_reduce': 0.6}. Best is trial 1483 with value: 0.2768918573856354.
[I 2024-12-19 08:32:14,234] Trial 1633 finished with value: 1.3999356031417847 and parameters: {'mlp_n_layers': 2, 'mlp_dim_00': 265, 'mlp_dim_01': 377, 'node_hidden_dim': 106, 'edge_hidden_dim': 80, 'depth': 2, 'rep_dropout': 0.13344743868804784, 'train_learning_rate': 0.006499599887253049, 'train_lr_reduce': 0.6}. Best is trial 1483 with value: 0.2768918573856354.
[I 2024-12-19 08:32:15,734] Trial 1634 finished with value: 1.4129502773284912 and parameters: {'mlp_n_layers': 2, 'mlp_dim_00': 299, 'mlp_dim_01': 139, 'node_hidden_dim': 127, 'edge_hidden_dim': 59, 'depth': 2, 'rep_dropout': 0.15254337032066254, 'train_learning_rate': 0.0017512459056201175, 'train_lr_reduce': 0.6}. Best is trial 1483 with value: 0.2768918573856354.
[I 2024-12-19 08:32:18,531] Trial 1636 finished with value: 1.283233642578125 and parameters: {'mlp_n_layers': 2, 'mlp_dim_00': 289, 'mlp_dim_01': 137, 'node_hidden_dim': 115, 'edge_hidden_dim': 42, 'depth': 2, 'rep_dropout': 0.10714500003573885, 'train_learning_rate': 0.005605188482637063, 'train_lr_reduce': 0.6}. Best is trial 1483 with value: 0.2768918573856354.
[I 2024-12-19 08:32:20,152] Trial 1637 finished with value: 1.5056731700897217 and parameters: {'mlp_n_layers': 3, 'mlp_dim_00': 100, 'mlp_dim_01': 119, 'mlp_dim_02': 428, 'node_hidden_dim': 114, 'edge_hidden_dim': 93, 'depth': 3, 'rep_dropout': 0.007991985037319673, 'train_learning_rate': 0.0014462109660014705, 'train_lr_reduce': 0.6}. Best is trial 1483 with value: 0.2768918573856354.
[I 2024-12-19 08:32:26,391] Trial 1639 finished with value: 1.5887341499328613 and parameters: {'mlp_n_layers': 2, 'mlp_dim_00': 493, 'mlp_dim_01': 131, 'node_hidden_dim': 99, 'edge_hidden_dim': 39, 'depth': 3, 'rep_dropout': 0.20389662861403288, 'train_learning_rate': 0.00011833371057727261, 'train_lr_reduce': 0.6}. Best is trial 1483 with value: 0.2768918573856354.
[I 2024-12-19 08:32:28,465] Trial 1635 finished with value: 0.5095729827880859 and parameters: {'mlp_n_layers': 2, 'mlp_dim_00': 216, 'mlp_dim_01': 323, 'node_hidden_dim': 122, 'edge_hidden_dim': 65, 'depth': 3, 'rep_dropout': 0.08747599777572179, 'train_learning_rate': 0.00818781555801726, 'train_lr_reduce': 0.6}. Best is trial 1483 with value: 0.2768918573856354.
[I 2024-12-19 08:32:31,018] Trial 1640 finished with value: 1.298663854598999 and parameters: {'mlp_n_layers': 3, 'mlp_dim_00': 306, 'mlp_dim_01': 122, 'mlp_dim_02': 416, 'node_hidden_dim': 96, 'edge_hidden_dim': 47, 'depth': 2, 'rep_dropout': 0.15586318387606019, 'train_learning_rate': 0.009643737215044686, 'train_lr_reduce': 0.6}. Best is trial 1483 with value: 0.2768918573856354.
[I 2024-12-19 08:32:31,672] Trial 1638 finished with value: 0.43495070934295654 and parameters: {'mlp_n_layers': 2, 'mlp_dim_00': 209, 'mlp_dim_01': 213, 'node_hidden_dim': 104, 'edge_hidden_dim': 81, 'depth': 2, 'rep_dropout': 0.20048769451696055, 'train_learning_rate': 0.005730580529890247, 'train_lr_reduce': 0.6}. Best is trial 1483 with value: 0.2768918573856354.
[I 2024-12-19 08:32:32,844] Trial 1641 finished with value: 1.479631781578064 and parameters: {'mlp_n_layers': 2, 'mlp_dim_00': 234, 'mlp_dim_01': 69, 'node_hidden_dim': 85, 'edge_hidden_dim': 46, 'depth': 2, 'rep_dropout': 0.11859833518721749, 'train_learning_rate': 0.0036894674804497803, 'train_lr_reduce': 0.6}. Best is trial 1483 with value: 0.2768918573856354.
[I 2024-12-19 08:32:36,203] Trial 1642 finished with value: 1.380373239517212 and parameters: {'mlp_n_layers': 3, 'mlp_dim_00': 254, 'mlp_dim_01': 68, 'mlp_dim_02': 461, 'node_hidden_dim': 124, 'edge_hidden_dim': 44, 'depth': 2, 'rep_dropout': 0.058663022360370666, 'train_learning_rate': 0.009482266817484913, 'train_lr_reduce': 0.6}. Best is trial 1483 with value: 0.2768918573856354.
[I 2024-12-19 08:32:36,486] Trial 1644 finished with value: 1.3969074487686157 and parameters: {'mlp_n_layers': 2, 'mlp_dim_00': 257, 'mlp_dim_01': 137, 'node_hidden_dim': 99, 'edge_hidden_dim': 36, 'depth': 2, 'rep_dropout': 0.07081925063876593, 'train_learning_rate': 0.002230930577061707, 'train_lr_reduce': 0.6}. Best is trial 1483 with value: 0.2768918573856354.
[I 2024-12-19 08:32:41,078] Trial 1646 finished with value: 1.5798183679580688 and parameters: {'mlp_n_layers': 3, 'mlp_dim_00': 71, 'mlp_dim_01': 85, 'mlp_dim_02': 464, 'node_hidden_dim': 99, 'edge_hidden_dim': 104, 'depth': 4, 'rep_dropout': 0.05843037542741342, 'train_learning_rate': 0.0003725232717173852, 'train_lr_reduce': 0.6}. Best is trial 1483 with value: 0.2768918573856354.
[I 2024-12-19 08:32:41,165] Trial 1645 finished with value: 1.3258605003356934 and parameters: {'mlp_n_layers': 2, 'mlp_dim_00': 315, 'mlp_dim_01': 229, 'node_hidden_dim': 90, 'edge_hidden_dim': 34, 'depth': 2, 'rep_dropout': 0.07569456856493179, 'train_learning_rate': 0.009479732670750826, 'train_lr_reduce': 0.6}. Best is trial 1483 with value: 0.2768918573856354.
[I 2024-12-19 08:32:46,936] Trial 1648 finished with value: 1.3053611516952515 and parameters: {'mlp_n_layers': 2, 'mlp_dim_00': 99, 'mlp_dim_01': 168, 'node_hidden_dim': 128, 'edge_hidden_dim': 67, 'depth': 3, 'rep_dropout': 0.0391418656802751, 'train_learning_rate': 0.008139529911871338, 'train_lr_reduce': 0.6}. Best is trial 1483 with value: 0.2768918573856354.
[I 2024-12-19 08:32:48,817] Trial 1643 finished with value: 0.4031513035297394 and parameters: {'mlp_n_layers': 4, 'mlp_dim_00': 216, 'mlp_dim_01': 118, 'mlp_dim_02': 404, 'mlp_dim_03': 64, 'node_hidden_dim': 49, 'edge_hidden_dim': 80, 'depth': 2, 'rep_dropout': 0.17924192042287404, 'train_learning_rate': 0.004276794758042754, 'train_lr_reduce': 0.6}. Best is trial 1483 with value: 0.2768918573856354.
[I 2024-12-19 08:32:52,864] Trial 1649 finished with value: 1.4175764322280884 and parameters: {'mlp_n_layers': 4, 'mlp_dim_00': 256, 'mlp_dim_01': 415, 'mlp_dim_02': 406, 'mlp_dim_03': 64, 'node_hidden_dim': 120, 'edge_hidden_dim': 78, 'depth': 3, 'rep_dropout': 0.03444098227860964, 'train_learning_rate': 0.006066239298912732, 'train_lr_reduce': 0.6}. Best is trial 1483 with value: 0.2768918573856354.
[I 2024-12-19 08:32:57,194] Trial 1647 finished with value: 0.5509875416755676 and parameters: {'mlp_n_layers': 2, 'mlp_dim_00': 203, 'mlp_dim_01': 74, 'node_hidden_dim': 125, 'edge_hidden_dim': 91, 'depth': 2, 'rep_dropout': 0.023244140737587606, 'train_learning_rate': 0.007193218523290734, 'train_lr_reduce': 0.6}. Best is trial 1483 with value: 0.2768918573856354.
[I 2024-12-19 08:32:58,612] Trial 1651 finished with value: 1.4971485137939453 and parameters: {'mlp_n_layers': 2, 'mlp_dim_00': 216, 'mlp_dim_01': 466, 'node_hidden_dim': 110, 'edge_hidden_dim': 114, 'depth': 2, 'rep_dropout': 0.02135248014678262, 'train_learning_rate': 0.0010169938518415074, 'train_lr_reduce': 0.6}. Best is trial 1483 with value: 0.2768918573856354.
[I 2024-12-19 08:33:01,335] Trial 1652 finished with value: 1.282768726348877 and parameters: {'mlp_n_layers': 2, 'mlp_dim_00': 140, 'mlp_dim_01': 323, 'node_hidden_dim': 114, 'edge_hidden_dim': 53, 'depth': 2, 'rep_dropout': 0.10354761914353265, 'train_learning_rate': 0.0050732509432584085, 'train_lr_reduce': 0.6}. Best is trial 1483 with value: 0.2768918573856354.
[I 2024-12-19 08:33:03,218] Trial 1653 finished with value: 1.4198188781738281 and parameters: {'mlp_n_layers': 2, 'mlp_dim_00': 332, 'mlp_dim_01': 142, 'node_hidden_dim': 74, 'edge_hidden_dim': 52, 'depth': 2, 'rep_dropout': 0.09095219768245968, 'train_learning_rate': 0.004698903331906338, 'train_lr_reduce': 0.6}. Best is trial 1483 with value: 0.2768918573856354.
[I 2024-12-19 08:33:04,117] Trial 1650 finished with value: 0.4635612666606903 and parameters: {'mlp_n_layers': 2, 'mlp_dim_00': 209, 'mlp_dim_01': 221, 'node_hidden_dim': 124, 'edge_hidden_dim': 45, 'depth': 2, 'rep_dropout': 0.07823780440518316, 'train_learning_rate': 0.0055163994156264065, 'train_lr_reduce': 0.6}. Best is trial 1483 with value: 0.2768918573856354.
[I 2024-12-19 08:33:06,000] Trial 1654 finished with value: 1.4153294563293457 and parameters: {'mlp_n_layers': 4, 'mlp_dim_00': 291, 'mlp_dim_01': 66, 'mlp_dim_02': 511, 'mlp_dim_03': 103, 'node_hidden_dim': 55, 'edge_hidden_dim': 95, 'depth': 2, 'rep_dropout': 0.16326191635350346, 'train_learning_rate': 0.008689858035681626, 'train_lr_reduce': 0.6}. Best is trial 1483 with value: 0.2768918573856354.
[I 2024-12-19 08:33:07,692] Trial 1655 finished with value: 1.3115626573562622 and parameters: {'mlp_n_layers': 2, 'mlp_dim_00': 175, 'mlp_dim_01': 197, 'node_hidden_dim': 71, 'edge_hidden_dim': 80, 'depth': 2, 'rep_dropout': 0.13427626702030207, 'train_learning_rate': 0.006617002296634654, 'train_lr_reduce': 0.6}. Best is trial 1483 with value: 0.2768918573856354.
[I 2024-12-19 08:33:08,945] Trial 1656 finished with value: 1.3328465223312378 and parameters: {'mlp_n_layers': 3, 'mlp_dim_00': 265, 'mlp_dim_01': 69, 'mlp_dim_02': 474, 'node_hidden_dim': 88, 'edge_hidden_dim': 38, 'depth': 3, 'rep_dropout': 0.01706145943516294, 'train_learning_rate': 0.009227110993206345, 'train_lr_reduce': 0.6}. Best is trial 1483 with value: 0.2768918573856354.
[I 2024-12-19 08:33:10,254] Trial 1657 finished with value: 1.4239916801452637 and parameters: {'mlp_n_layers': 2, 'mlp_dim_00': 234, 'mlp_dim_01': 149, 'node_hidden_dim': 104, 'edge_hidden_dim': 44, 'depth': 2, 'rep_dropout': 0.15357700488566173, 'train_learning_rate': 0.008960941283605297, 'train_lr_reduce': 0.6}. Best is trial 1483 with value: 0.2768918573856354.
[I 2024-12-19 08:33:12,279] Trial 1658 finished with value: 1.296265959739685 and parameters: {'mlp_n_layers': 2, 'mlp_dim_00': 307, 'mlp_dim_01': 110, 'node_hidden_dim': 100, 'edge_hidden_dim': 61, 'depth': 2, 'rep_dropout': 0.09281258200762116, 'train_learning_rate': 0.006131802114375058, 'train_lr_reduce': 0.6}. Best is trial 1483 with value: 0.2768918573856354.
[I 2024-12-19 08:33:14,630] Trial 1659 finished with value: 1.3089720010757446 and parameters: {'mlp_n_layers': 2, 'mlp_dim_00': 351, 'mlp_dim_01': 125, 'node_hidden_dim': 116, 'edge_hidden_dim': 64, 'depth': 2, 'rep_dropout': 0.048219416383207, 'train_learning_rate': 0.00879212565838153, 'train_lr_reduce': 0.6}. Best is trial 1483 with value: 0.2768918573856354.
[I 2024-12-19 08:33:14,969] Trial 1660 finished with value: 1.5527780055999756 and parameters: {'mlp_n_layers': 2, 'mlp_dim_00': 172, 'mlp_dim_01': 95, 'node_hidden_dim': 71, 'edge_hidden_dim': 71, 'depth': 4, 'rep_dropout': 0.006220679801573287, 'train_learning_rate': 0.0006223258766304726, 'train_lr_reduce': 0.6}. Best is trial 1483 with value: 0.2768918573856354.
[I 2024-12-19 08:33:17,033] Trial 1661 finished with value: 1.51475191116333 and parameters: {'mlp_n_layers': 2, 'mlp_dim_00': 177, 'mlp_dim_01': 245, 'node_hidden_dim': 110, 'edge_hidden_dim': 124, 'depth': 2, 'rep_dropout': 0.1229032471328501, 'train_learning_rate': 0.0018094008414716453, 'train_lr_reduce': 0.6}. Best is trial 1483 with value: 0.2768918573856354.
[I 2024-12-19 08:33:19,103] Trial 1662 finished with value: 1.3029532432556152 and parameters: {'mlp_n_layers': 2, 'mlp_dim_00': 314, 'mlp_dim_01': 114, 'node_hidden_dim': 95, 'edge_hidden_dim': 116, 'depth': 2, 'rep_dropout': 0.0011366732934030462, 'train_learning_rate': 0.002723857339673013, 'train_lr_reduce': 0.6}. Best is trial 1483 with value: 0.2768918573856354.
[I 2024-12-19 08:33:20,205] Trial 1663 finished with value: 1.283508062362671 and parameters: {'mlp_n_layers': 2, 'mlp_dim_00': 284, 'mlp_dim_01': 144, 'node_hidden_dim': 83, 'edge_hidden_dim': 60, 'depth': 3, 'rep_dropout': 0.12648900804297344, 'train_learning_rate': 0.007537160139668587, 'train_lr_reduce': 0.6}. Best is trial 1483 with value: 0.2768918573856354.
[I 2024-12-19 08:33:23,876] Trial 1665 finished with value: 1.4097639322280884 and parameters: {'mlp_n_layers': 2, 'mlp_dim_00': 211, 'mlp_dim_01': 419, 'node_hidden_dim': 127, 'edge_hidden_dim': 107, 'depth': 2, 'rep_dropout': 0.1555596006958591, 'train_learning_rate': 0.004480720715788697, 'train_lr_reduce': 0.6}. Best is trial 1483 with value: 0.2768918573856354.
[I 2024-12-19 08:33:24,972] Trial 1666 finished with value: 1.5522419214248657 and parameters: {'mlp_n_layers': 3, 'mlp_dim_00': 108, 'mlp_dim_01': 193, 'mlp_dim_02': 417, 'node_hidden_dim': 58, 'edge_hidden_dim': 113, 'depth': 3, 'rep_dropout': 0.02733508291525935, 'train_learning_rate': 0.0010219566665588822, 'train_lr_reduce': 0.6}. Best is trial 1483 with value: 0.2768918573856354.
[I 2024-12-19 08:33:28,932] Trial 1668 finished with value: 1.3228967189788818 and parameters: {'mlp_n_layers': 2, 'mlp_dim_00': 221, 'mlp_dim_01': 234, 'node_hidden_dim': 105, 'edge_hidden_dim': 94, 'depth': 2, 'rep_dropout': 0.15910686384704653, 'train_learning_rate': 0.009385800902900211, 'train_lr_reduce': 0.6}. Best is trial 1483 with value: 0.2768918573856354.
[I 2024-12-19 08:33:29,472] Trial 1667 finished with value: 1.4293651580810547 and parameters: {'mlp_n_layers': 3, 'mlp_dim_00': 162, 'mlp_dim_01': 146, 'mlp_dim_02': 473, 'node_hidden_dim': 107, 'edge_hidden_dim': 65, 'depth': 2, 'rep_dropout': 0.07686166407559018, 'train_learning_rate': 0.008939073569026368, 'train_lr_reduce': 0.6}. Best is trial 1483 with value: 0.2768918573856354.
[I 2024-12-19 08:33:31,095] Trial 1664 finished with value: 0.4380483627319336 and parameters: {'mlp_n_layers': 2, 'mlp_dim_00': 227, 'mlp_dim_01': 341, 'node_hidden_dim': 93, 'edge_hidden_dim': 68, 'depth': 3, 'rep_dropout': 0.14948883390064036, 'train_learning_rate': 0.009037878676077901, 'train_lr_reduce': 0.6}. Best is trial 1483 with value: 0.2768918573856354.
[I 2024-12-19 08:33:34,361] Trial 1670 finished with value: 1.5813230276107788 and parameters: {'mlp_n_layers': 3, 'mlp_dim_00': 165, 'mlp_dim_01': 133, 'mlp_dim_02': 398, 'node_hidden_dim': 89, 'edge_hidden_dim': 76, 'depth': 2, 'rep_dropout': 0.21320791542630987, 'train_learning_rate': 0.00023026057397086802, 'train_lr_reduce': 0.6}. Best is trial 1483 with value: 0.2768918573856354.
[I 2024-12-19 08:33:34,833] Trial 1669 finished with value: 1.574729561805725 and parameters: {'mlp_n_layers': 3, 'mlp_dim_00': 288, 'mlp_dim_01': 77, 'mlp_dim_02': 511, 'node_hidden_dim': 112, 'edge_hidden_dim': 35, 'depth': 2, 'rep_dropout': 0.2453972622919864, 'train_learning_rate': 0.00014183368920705399, 'train_lr_reduce': 0.6}. Best is trial 1483 with value: 0.2768918573856354.
[I 2024-12-19 08:33:35,379] Trial 1671 finished with value: 1.3299291133880615 and parameters: {'mlp_n_layers': 2, 'mlp_dim_00': 333, 'mlp_dim_01': 164, 'node_hidden_dim': 87, 'edge_hidden_dim': 35, 'depth': 2, 'rep_dropout': 0.05877154764509181, 'train_learning_rate': 0.004811341938916056, 'train_lr_reduce': 0.6}. Best is trial 1483 with value: 0.2768918573856354.
[I 2024-12-19 08:33:38,857] Trial 1672 finished with value: 1.4268646240234375 and parameters: {'mlp_n_layers': 3, 'mlp_dim_00': 243, 'mlp_dim_01': 135, 'mlp_dim_02': 448, 'node_hidden_dim': 126, 'edge_hidden_dim': 71, 'depth': 3, 'rep_dropout': 0.11642158750546418, 'train_learning_rate': 0.002200831756728889, 'train_lr_reduce': 0.6}. Best is trial 1483 with value: 0.2768918573856354.
[I 2024-12-19 08:33:39,607] Trial 1673 finished with value: 1.3311896324157715 and parameters: {'mlp_n_layers': 3, 'mlp_dim_00': 91, 'mlp_dim_01': 134, 'mlp_dim_02': 395, 'node_hidden_dim': 123, 'edge_hidden_dim': 106, 'depth': 3, 'rep_dropout': 0.0014791749678048013, 'train_learning_rate': 0.00821355000843028, 'train_lr_reduce': 0.6}. Best is trial 1483 with value: 0.2768918573856354.
[I 2024-12-19 08:33:44,518] Trial 1676 finished with value: 1.4045075178146362 and parameters: {'mlp_n_layers': 2, 'mlp_dim_00': 234, 'mlp_dim_01': 289, 'node_hidden_dim': 100, 'edge_hidden_dim': 49, 'depth': 2, 'rep_dropout': 0.06258236811818477, 'train_learning_rate': 0.00860215112416672, 'train_lr_reduce': 0.6}. Best is trial 1483 with value: 0.2768918573856354.
