[I 2024-12-26 00:22:37,616] Trial 1312 finished with value: 0.14098764955997467 and parameters: {'L1_hidden_dim': 80, 'L1_layers_atom': 3, 'L1_layers_mol': 3, 'L1_dropout': 0.2688368931062824, 'L1_out_dim': 96, 'L2_hidden_dim': 240, 'L2_layers_atom': 1, 'L2_layers_mol': 4, 'L2_out_dim': 128, 'L2_dropout': 0.10261314360242392, 'L3_hidden_dim': 96, 'L3_layers_atom': 4, 'L3_layers_mol': 2, 'L3_out_dim': 112, 'L3_dropout': 0.2518260316725253, 'n_mlp_layers': 3, 'mlp_dim_0': 216, 'mlp_dim_1': 512, 'mlp_dim_2': 80, 'num_heads': 1, 'final_dropout': 0.05979815904750681, 'train_learning_rate': 0.004850487282389984, 'train_lr_reduce': 0.6}. Best is trial 1286 with value: 0.03935658559203148.
[I 2024-12-26 00:23:03,200] Trial 1311 finished with value: 0.07077967375516891 and parameters: {'L1_hidden_dim': 128, 'L1_layers_atom': 4, 'L1_layers_mol': 3, 'L1_dropout': 0.2549767711966807, 'L1_out_dim': 80, 'L2_hidden_dim': 208, 'L2_layers_atom': 2, 'L2_layers_mol': 1, 'L2_out_dim': 80, 'L2_dropout': 0.04139908629441135, 'L3_hidden_dim': 96, 'L3_layers_atom': 4, 'L3_layers_mol': 1, 'L3_out_dim': 32, 'L3_dropout': 0.2792486249219154, 'n_mlp_layers': 2, 'mlp_dim_0': 192, 'mlp_dim_1': 312, 'num_heads': 2, 'final_dropout': 0.06842621758601265, 'train_learning_rate': 0.0033878549288435607, 'train_lr_reduce': 0.6}. Best is trial 1286 with value: 0.03935658559203148.
[I 2024-12-26 00:23:47,707] Trial 1313 finished with value: 0.13325715065002441 and parameters: {'L1_hidden_dim': 80, 'L1_layers_atom': 2, 'L1_layers_mol': 4, 'L1_dropout': 0.24696606162560167, 'L1_out_dim': 80, 'L2_hidden_dim': 208, 'L2_layers_atom': 2, 'L2_layers_mol': 1, 'L2_out_dim': 96, 'L2_dropout': 0.0574705810968661, 'L3_hidden_dim': 112, 'L3_layers_atom': 3, 'L3_layers_mol': 1, 'L3_out_dim': 64, 'L3_dropout': 0.15952730681277358, 'n_mlp_layers': 3, 'mlp_dim_0': 256, 'mlp_dim_1': 336, 'mlp_dim_2': 112, 'num_heads': 2, 'final_dropout': 0.06680302741674007, 'train_learning_rate': 0.004773407646541866, 'train_lr_reduce': 0.6}. Best is trial 1286 with value: 0.03935658559203148.
[I 2024-12-26 00:23:49,394] Trial 1314 finished with value: 0.09042012691497803 and parameters: {'L1_hidden_dim': 112, 'L1_layers_atom': 4, 'L1_layers_mol': 1, 'L1_dropout': 0.2927271199125621, 'L1_out_dim': 96, 'L2_hidden_dim': 144, 'L2_layers_atom': 3, 'L2_layers_mol': 1, 'L2_out_dim': 112, 'L2_dropout': 0.02287289523540849, 'L3_hidden_dim': 112, 'L3_layers_atom': 4, 'L3_layers_mol': 1, 'L3_out_dim': 48, 'L3_dropout': 0.26764536535933253, 'n_mlp_layers': 2, 'mlp_dim_0': 56, 'mlp_dim_1': 280, 'num_heads': 2, 'final_dropout': 0.09296058904910177, 'train_learning_rate': 0.0018847951125886202, 'train_lr_reduce': 0.6}. Best is trial 1286 with value: 0.03935658559203148.
[I 2024-12-26 00:24:44,634] Trial 1315 finished with value: 0.07099630683660507 and parameters: {'L1_hidden_dim': 64, 'L1_layers_atom': 3, 'L1_layers_mol': 4, 'L1_dropout': 0.27199871346960985, 'L1_out_dim': 80, 'L2_hidden_dim': 224, 'L2_layers_atom': 1, 'L2_layers_mol': 1, 'L2_out_dim': 112, 'L2_dropout': 0.03558432513466013, 'L3_hidden_dim': 112, 'L3_layers_atom': 3, 'L3_layers_mol': 1, 'L3_out_dim': 32, 'L3_dropout': 0.1675203186264724, 'n_mlp_layers': 2, 'mlp_dim_0': 112, 'mlp_dim_1': 336, 'num_heads': 2, 'final_dropout': 0.06299198042579215, 'train_learning_rate': 0.005462144730553383, 'train_lr_reduce': 0.6}. Best is trial 1286 with value: 0.03935658559203148.
[I 2024-12-26 00:24:57,215] Trial 1316 finished with value: 0.0642942413687706 and parameters: {'L1_hidden_dim': 64, 'L1_layers_atom': 2, 'L1_layers_mol': 4, 'L1_dropout': 0.24635361417134183, 'L1_out_dim': 96, 'L2_hidden_dim': 160, 'L2_layers_atom': 1, 'L2_layers_mol': 1, 'L2_out_dim': 128, 'L2_dropout': 0.007804417361862399, 'L3_hidden_dim': 96, 'L3_layers_atom': 3, 'L3_layers_mol': 1, 'L3_out_dim': 64, 'L3_dropout': 0.16573267922221485, 'n_mlp_layers': 2, 'mlp_dim_0': 240, 'mlp_dim_1': 280, 'num_heads': 1, 'final_dropout': 0.08280074064188324, 'train_learning_rate': 0.0013266735870742462, 'train_lr_reduce': 0.6}. Best is trial 1286 with value: 0.03935658559203148.
[I 2024-12-26 00:25:40,567] Trial 1317 finished with value: 0.09608866274356842 and parameters: {'L1_hidden_dim': 64, 'L1_layers_atom': 2, 'L1_layers_mol': 4, 'L1_dropout': 0.21713130049032206, 'L1_out_dim': 80, 'L2_hidden_dim': 224, 'L2_layers_atom': 1, 'L2_layers_mol': 1, 'L2_out_dim': 128, 'L2_dropout': 0.10366982400615132, 'L3_hidden_dim': 128, 'L3_layers_atom': 2, 'L3_layers_mol': 2, 'L3_out_dim': 64, 'L3_dropout': 0.20629652478662197, 'n_mlp_layers': 1, 'mlp_dim_0': 240, 'num_heads': 2, 'final_dropout': 0.11555686951958902, 'train_learning_rate': 0.0030633734955190263, 'train_lr_reduce': 0.6}. Best is trial 1286 with value: 0.03935658559203148.
[I 2024-12-26 00:26:17,354] Trial 1318 finished with value: 0.07175756990909576 and parameters: {'L1_hidden_dim': 64, 'L1_layers_atom': 3, 'L1_layers_mol': 1, 'L1_dropout': 0.2909930289951831, 'L1_out_dim': 112, 'L2_hidden_dim': 144, 'L2_layers_atom': 3, 'L2_layers_mol': 1, 'L2_out_dim': 128, 'L2_dropout': 0.0036585870299242745, 'L3_hidden_dim': 96, 'L3_layers_atom': 3, 'L3_layers_mol': 1, 'L3_out_dim': 64, 'L3_dropout': 0.20859852434128495, 'n_mlp_layers': 2, 'mlp_dim_0': 216, 'mlp_dim_1': 352, 'num_heads': 1, 'final_dropout': 0.006885360094946072, 'train_learning_rate': 0.0004251108348793546, 'train_lr_reduce': 0.6}. Best is trial 1286 with value: 0.03935658559203148.
[I 2024-12-26 00:26:31,044] Trial 1319 finished with value: 0.06746184825897217 and parameters: {'L1_hidden_dim': 80, 'L1_layers_atom': 4, 'L1_layers_mol': 4, 'L1_dropout': 0.27669138792450887, 'L1_out_dim': 80, 'L2_hidden_dim': 256, 'L2_layers_atom': 2, 'L2_layers_mol': 1, 'L2_out_dim': 128, 'L2_dropout': 0.06439462282288264, 'L3_hidden_dim': 32, 'L3_layers_atom': 2, 'L3_layers_mol': 1, 'L3_out_dim': 128, 'L3_dropout': 0.21529447369816923, 'n_mlp_layers': 2, 'mlp_dim_0': 96, 'mlp_dim_1': 248, 'num_heads': 1, 'final_dropout': 0.04068912035615108, 'train_learning_rate': 0.0007340994591282289, 'train_lr_reduce': 0.6}. Best is trial 1286 with value: 0.03935658559203148.
[I 2024-12-26 00:27:29,988] Trial 1320 finished with value: 0.23844598233699799 and parameters: {'L1_hidden_dim': 192, 'L1_layers_atom': 4, 'L1_layers_mol': 1, 'L1_dropout': 0.11334722215134668, 'L1_out_dim': 80, 'L2_hidden_dim': 128, 'L2_layers_atom': 2, 'L2_layers_mol': 3, 'L2_out_dim': 112, 'L2_dropout': 0.2873401013031476, 'L3_hidden_dim': 32, 'L3_layers_atom': 1, 'L3_layers_mol': 3, 'L3_out_dim': 48, 'L3_dropout': 0.05213248030759969, 'n_mlp_layers': 1, 'mlp_dim_0': 320, 'num_heads': 2, 'final_dropout': 0.29672223564199784, 'train_learning_rate': 0.0005813449419118722, 'train_lr_reduce': 0.6}. Best is trial 1286 with value: 0.03935658559203148.
[I 2024-12-26 00:27:41,521] Trial 1322 finished with value: 0.0728456974029541 and parameters: {'L1_hidden_dim': 64, 'L1_layers_atom': 1, 'L1_layers_mol': 3, 'L1_dropout': 0.2329088140184869, 'L1_out_dim': 96, 'L2_hidden_dim': 208, 'L2_layers_atom': 4, 'L2_layers_mol': 4, 'L2_out_dim': 96, 'L2_dropout': 0.09179396737170079, 'L3_hidden_dim': 96, 'L3_layers_atom': 4, 'L3_layers_mol': 2, 'L3_out_dim': 128, 'L3_dropout': 0.14058411944089189, 'n_mlp_layers': 3, 'mlp_dim_0': 160, 'mlp_dim_1': 328, 'mlp_dim_2': 80, 'num_heads': 1, 'final_dropout': 0.03334817542373249, 'train_learning_rate': 0.002542559997647927, 'train_lr_reduce': 0.6}. Best is trial 1286 with value: 0.03935658559203148.
[I 2024-12-26 00:28:19,395] Trial 1321 finished with value: 0.10107309371232986 and parameters: {'L1_hidden_dim': 192, 'L1_layers_atom': 1, 'L1_layers_mol': 2, 'L1_dropout': 0.1734236715381829, 'L1_out_dim': 128, 'L2_hidden_dim': 128, 'L2_layers_atom': 3, 'L2_layers_mol': 1, 'L2_out_dim': 96, 'L2_dropout': 0.1283646494139317, 'L3_hidden_dim': 64, 'L3_layers_atom': 1, 'L3_layers_mol': 4, 'L3_out_dim': 112, 'L3_dropout': 0.28096825614935406, 'n_mlp_layers': 3, 'mlp_dim_0': 264, 'mlp_dim_1': 512, 'mlp_dim_2': 512, 'num_heads': 2, 'final_dropout': 0.07234104384821949, 'train_learning_rate': 0.0002189487384496011, 'train_lr_reduce': 0.6}. Best is trial 1286 with value: 0.03935658559203148.
[I 2024-12-26 00:28:40,577] Trial 1323 finished with value: 0.072318896651268 and parameters: {'L1_hidden_dim': 112, 'L1_layers_atom': 4, 'L1_layers_mol': 3, 'L1_dropout': 0.2912299132708227, 'L1_out_dim': 96, 'L2_hidden_dim': 256, 'L2_layers_atom': 1, 'L2_layers_mol': 1, 'L2_out_dim': 112, 'L2_dropout': 0.12980142717026064, 'L3_hidden_dim': 112, 'L3_layers_atom': 3, 'L3_layers_mol': 1, 'L3_out_dim': 32, 'L3_dropout': 0.2837738195958164, 'n_mlp_layers': 2, 'mlp_dim_0': 120, 'mlp_dim_1': 344, 'num_heads': 2, 'final_dropout': 0.09317494831961336, 'train_learning_rate': 0.000749781371082559, 'train_lr_reduce': 0.6}. Best is trial 1286 with value: 0.03935658559203148.
[I 2024-12-26 00:29:40,731] Trial 1325 finished with value: 0.10034063458442688 and parameters: {'L1_hidden_dim': 128, 'L1_layers_atom': 3, 'L1_layers_mol': 4, 'L1_dropout': 0.2819148392293497, 'L1_out_dim': 96, 'L2_hidden_dim': 224, 'L2_layers_atom': 1, 'L2_layers_mol': 1, 'L2_out_dim': 112, 'L2_dropout': 0.03032353104253842, 'L3_hidden_dim': 112, 'L3_layers_atom': 4, 'L3_layers_mol': 3, 'L3_out_dim': 48, 'L3_dropout': 0.2955255200086978, 'n_mlp_layers': 1, 'mlp_dim_0': 32, 'num_heads': 2, 'final_dropout': 0.04379668522549562, 'train_learning_rate': 0.0006935027693677306, 'train_lr_reduce': 0.6}. Best is trial 1286 with value: 0.03935658559203148.
[I 2024-12-26 00:29:43,846] Trial 1324 finished with value: 0.08237230777740479 and parameters: {'L1_hidden_dim': 64, 'L1_layers_atom': 3, 'L1_layers_mol': 3, 'L1_dropout': 0.23174100010339269, 'L1_out_dim': 80, 'L2_hidden_dim': 192, 'L2_layers_atom': 1, 'L2_layers_mol': 4, 'L2_out_dim': 128, 'L2_dropout': 0.05818444695653288, 'L3_hidden_dim': 112, 'L3_layers_atom': 3, 'L3_layers_mol': 3, 'L3_out_dim': 128, 'L3_dropout': 0.126211209464222, 'n_mlp_layers': 3, 'mlp_dim_0': 128, 'mlp_dim_1': 296, 'mlp_dim_2': 120, 'num_heads': 1, 'final_dropout': 0.15919633104541672, 'train_learning_rate': 0.0014009642202128698, 'train_lr_reduce': 0.6}. Best is trial 1286 with value: 0.03935658559203148.
[I 2024-12-26 00:30:07,449] Trial 1326 finished with value: 0.11122956871986389 and parameters: {'L1_hidden_dim': 176, 'L1_layers_atom': 2, 'L1_layers_mol': 1, 'L1_dropout': 0.28297492869202556, 'L1_out_dim': 32, 'L2_hidden_dim': 144, 'L2_layers_atom': 4, 'L2_layers_mol': 1, 'L2_out_dim': 32, 'L2_dropout': 0.24581720951608863, 'L3_hidden_dim': 96, 'L3_layers_atom': 4, 'L3_layers_mol': 2, 'L3_out_dim': 48, 'L3_dropout': 0.20908462200535788, 'n_mlp_layers': 1, 'mlp_dim_0': 216, 'num_heads': 1, 'final_dropout': 0.12091941118670069, 'train_learning_rate': 0.0004899070612480475, 'train_lr_reduce': 0.6}. Best is trial 1286 with value: 0.03935658559203148.
[I 2024-12-26 00:30:54,300] Trial 1328 finished with value: 0.0874556377530098 and parameters: {'L1_hidden_dim': 64, 'L1_layers_atom': 3, 'L1_layers_mol': 4, 'L1_dropout': 0.28829111913470307, 'L1_out_dim': 128, 'L2_hidden_dim': 160, 'L2_layers_atom': 1, 'L2_layers_mol': 1, 'L2_out_dim': 80, 'L2_dropout': 0.02683679214141542, 'L3_hidden_dim': 96, 'L3_layers_atom': 3, 'L3_layers_mol': 1, 'L3_out_dim': 32, 'L3_dropout': 0.24551567933470908, 'n_mlp_layers': 3, 'mlp_dim_0': 136, 'mlp_dim_1': 248, 'mlp_dim_2': 80, 'num_heads': 1, 'final_dropout': 0.06284634589243963, 'train_learning_rate': 0.003552365877534864, 'train_lr_reduce': 0.6}. Best is trial 1286 with value: 0.03935658559203148.
[I 2024-12-26 00:31:20,743] Trial 1327 finished with value: 0.08066165447235107 and parameters: {'L1_hidden_dim': 64, 'L1_layers_atom': 2, 'L1_layers_mol': 4, 'L1_dropout': 0.27300401763559873, 'L1_out_dim': 96, 'L2_hidden_dim': 176, 'L2_layers_atom': 1, 'L2_layers_mol': 1, 'L2_out_dim': 128, 'L2_dropout': 0.042052530539792785, 'L3_hidden_dim': 128, 'L3_layers_atom': 3, 'L3_layers_mol': 1, 'L3_out_dim': 80, 'L3_dropout': 0.21990524380282248, 'n_mlp_layers': 2, 'mlp_dim_0': 248, 'mlp_dim_1': 352, 'num_heads': 2, 'final_dropout': 0.17563580383849017, 'train_learning_rate': 0.00457776515607501, 'train_lr_reduce': 0.6}. Best is trial 1286 with value: 0.03935658559203148.
[I 2024-12-26 00:31:26,009] Trial 1329 finished with value: 0.09994644671678543 and parameters: {'L1_hidden_dim': 96, 'L1_layers_atom': 2, 'L1_layers_mol': 1, 'L1_dropout': 0.260447660195388, 'L1_out_dim': 64, 'L2_hidden_dim': 208, 'L2_layers_atom': 4, 'L2_layers_mol': 3, 'L2_out_dim': 128, 'L2_dropout': 0.12967250834933655, 'L3_hidden_dim': 112, 'L3_layers_atom': 3, 'L3_layers_mol': 1, 'L3_out_dim': 128, 'L3_dropout': 0.029369616720653358, 'n_mlp_layers': 3, 'mlp_dim_0': 472, 'mlp_dim_1': 488, 'mlp_dim_2': 136, 'num_heads': 1, 'final_dropout': 0.009949749564885492, 'train_learning_rate': 0.0007414112003792555, 'train_lr_reduce': 0.6}. Best is trial 1286 with value: 0.03935658559203148.
[I 2024-12-26 00:32:07,833] Trial 1330 finished with value: 0.08434280753135681 and parameters: {'L1_hidden_dim': 80, 'L1_layers_atom': 3, 'L1_layers_mol': 4, 'L1_dropout': 0.21112796611236623, 'L1_out_dim': 80, 'L2_hidden_dim': 208, 'L2_layers_atom': 1, 'L2_layers_mol': 1, 'L2_out_dim': 128, 'L2_dropout': 0.0383357218238262, 'L3_hidden_dim': 96, 'L3_layers_atom': 3, 'L3_layers_mol': 1, 'L3_out_dim': 80, 'L3_dropout': 0.28275286562053714, 'n_mlp_layers': 2, 'mlp_dim_0': 336, 'mlp_dim_1': 296, 'num_heads': 2, 'final_dropout': 0.10314426854515371, 'train_learning_rate': 0.001718932865884435, 'train_lr_reduce': 0.6}. Best is trial 1286 with value: 0.03935658559203148.
[I 2024-12-26 00:32:47,949] Trial 1333 finished with value: 0.8428194522857666 and parameters: {'L1_hidden_dim': 80, 'L1_layers_atom': 1, 'L1_layers_mol': 2, 'L1_dropout': 0.2630306883625286, 'L1_out_dim': 48, 'L2_hidden_dim': 208, 'L2_layers_atom': 4, 'L2_layers_mol': 3, 'L2_out_dim': 112, 'L2_dropout': 0.0373630568976331, 'L3_hidden_dim': 96, 'L3_layers_atom': 4, 'L3_layers_mol': 1, 'L3_out_dim': 128, 'L3_dropout': 0.1167094687615895, 'n_mlp_layers': 2, 'mlp_dim_0': 456, 'mlp_dim_1': 344, 'num_heads': 1, 'final_dropout': 0.010402898060125003, 'train_learning_rate': 0.0011733715776434661, 'train_lr_reduce': 0.6}. Best is trial 1286 with value: 0.03935658559203148.
[I 2024-12-26 00:32:58,198] Trial 1332 finished with value: 0.05695664882659912 and parameters: {'L1_hidden_dim': 64, 'L1_layers_atom': 4, 'L1_layers_mol': 2, 'L1_dropout': 0.2284943347108371, 'L1_out_dim': 64, 'L2_hidden_dim': 144, 'L2_layers_atom': 2, 'L2_layers_mol': 2, 'L2_out_dim': 96, 'L2_dropout': 0.08641170085232117, 'L3_hidden_dim': 128, 'L3_layers_atom': 4, 'L3_layers_mol': 1, 'L3_out_dim': 32, 'L3_dropout': 0.26948855784289033, 'n_mlp_layers': 3, 'mlp_dim_0': 144, 'mlp_dim_1': 376, 'mlp_dim_2': 32, 'num_heads': 1, 'final_dropout': 0.08425704685592307, 'train_learning_rate': 0.002034665523760013, 'train_lr_reduce': 0.6}. Best is trial 1286 with value: 0.03935658559203148.
[I 2024-12-26 00:33:03,099] Trial 1331 finished with value: 0.11044161766767502 and parameters: {'L1_hidden_dim': 112, 'L1_layers_atom': 1, 'L1_layers_mol': 2, 'L1_dropout': 0.16256639298742695, 'L1_out_dim': 80, 'L2_hidden_dim': 240, 'L2_layers_atom': 4, 'L2_layers_mol': 3, 'L2_out_dim': 96, 'L2_dropout': 0.24590896378960184, 'L3_hidden_dim': 48, 'L3_layers_atom': 1, 'L3_layers_mol': 3, 'L3_out_dim': 32, 'L3_dropout': 0.11370240081523975, 'n_mlp_layers': 1, 'mlp_dim_0': 312, 'num_heads': 2, 'final_dropout': 0.10537394008887066, 'train_learning_rate': 0.002234629782483376, 'train_lr_reduce': 0.6}. Best is trial 1286 with value: 0.03935658559203148.
[I 2024-12-26 00:34:00,533] Trial 1334 finished with value: 0.08695901930332184 and parameters: {'L1_hidden_dim': 64, 'L1_layers_atom': 3, 'L1_layers_mol': 3, 'L1_dropout': 0.26357535853328273, 'L1_out_dim': 80, 'L2_hidden_dim': 176, 'L2_layers_atom': 1, 'L2_layers_mol': 3, 'L2_out_dim': 128, 'L2_dropout': 0.01016355441778656, 'L3_hidden_dim': 64, 'L3_layers_atom': 4, 'L3_layers_mol': 1, 'L3_out_dim': 48, 'L3_dropout': 0.21424293489792354, 'n_mlp_layers': 2, 'mlp_dim_0': 40, 'mlp_dim_1': 480, 'num_heads': 2, 'final_dropout': 0.08426605899686168, 'train_learning_rate': 0.0037383070604929598, 'train_lr_reduce': 0.6}. Best is trial 1286 with value: 0.03935658559203148.
[I 2024-12-26 00:34:18,461] Trial 1335 finished with value: 0.08915761858224869 and parameters: {'L1_hidden_dim': 80, 'L1_layers_atom': 4, 'L1_layers_mol': 2, 'L1_dropout': 0.2601245719247408, 'L1_out_dim': 80, 'L2_hidden_dim': 176, 'L2_layers_atom': 2, 'L2_layers_mol': 1, 'L2_out_dim': 96, 'L2_dropout': 0.12365281670855842, 'L3_hidden_dim': 112, 'L3_layers_atom': 4, 'L3_layers_mol': 1, 'L3_out_dim': 32, 'L3_dropout': 0.2711469307596759, 'n_mlp_layers': 2, 'mlp_dim_0': 88, 'mlp_dim_1': 312, 'num_heads': 1, 'final_dropout': 0.0664423623296107, 'train_learning_rate': 0.004680051174022855, 'train_lr_reduce': 0.6}. Best is trial 1286 with value: 0.03935658559203148.
[I 2024-12-26 00:35:01,424] Trial 1337 finished with value: 0.07782259583473206 and parameters: {'L1_hidden_dim': 112, 'L1_layers_atom': 3, 'L1_layers_mol': 2, 'L1_dropout': 0.24512748004129212, 'L1_out_dim': 96, 'L2_hidden_dim': 176, 'L2_layers_atom': 2, 'L2_layers_mol': 1, 'L2_out_dim': 112, 'L2_dropout': 0.014038678810244853, 'L3_hidden_dim': 112, 'L3_layers_atom': 4, 'L3_layers_mol': 1, 'L3_out_dim': 32, 'L3_dropout': 0.2725724836272327, 'n_mlp_layers': 3, 'mlp_dim_0': 216, 'mlp_dim_1': 256, 'mlp_dim_2': 48, 'num_heads': 2, 'final_dropout': 0.2081721740402944, 'train_learning_rate': 0.0015593174021853364, 'train_lr_reduce': 0.6}. Best is trial 1286 with value: 0.03935658559203148.
[I 2024-12-26 00:35:05,769] Trial 1336 finished with value: 0.0623093843460083 and parameters: {'L1_hidden_dim': 96, 'L1_layers_atom': 1, 'L1_layers_mol': 2, 'L1_dropout': 0.2124698482688706, 'L1_out_dim': 64, 'L2_hidden_dim': 176, 'L2_layers_atom': 3, 'L2_layers_mol': 3, 'L2_out_dim': 96, 'L2_dropout': 0.11113520156196705, 'L3_hidden_dim': 96, 'L3_layers_atom': 3, 'L3_layers_mol': 1, 'L3_out_dim': 128, 'L3_dropout': 0.13257823526601667, 'n_mlp_layers': 3, 'mlp_dim_0': 496, 'mlp_dim_1': 360, 'mlp_dim_2': 40, 'num_heads': 2, 'final_dropout': 0.020974330808224806, 'train_learning_rate': 0.0013776819000333377, 'train_lr_reduce': 0.6}. Best is trial 1286 with value: 0.03935658559203148.
[I 2024-12-26 00:36:26,439] Trial 1340 finished with value: 0.07520055025815964 and parameters: {'L1_hidden_dim': 80, 'L1_layers_atom': 4, 'L1_layers_mol': 2, 'L1_dropout': 0.19141140301826043, 'L1_out_dim': 80, 'L2_hidden_dim': 192, 'L2_layers_atom': 2, 'L2_layers_mol': 3, 'L2_out_dim': 96, 'L2_dropout': 0.17435793378443826, 'L3_hidden_dim': 112, 'L3_layers_atom': 3, 'L3_layers_mol': 1, 'L3_out_dim': 32, 'L3_dropout': 0.265098860216655, 'n_mlp_layers': 3, 'mlp_dim_0': 280, 'mlp_dim_1': 440, 'mlp_dim_2': 32, 'num_heads': 1, 'final_dropout': 0.159193812116302, 'train_learning_rate': 0.0008735468736563504, 'train_lr_reduce': 0.6}. Best is trial 1286 with value: 0.03935658559203148.
[I 2024-12-26 00:36:35,700] Trial 1338 finished with value: 0.10440386086702347 and parameters: {'L1_hidden_dim': 80, 'L1_layers_atom': 4, 'L1_layers_mol': 2, 'L1_dropout': 0.274019027581485, 'L1_out_dim': 48, 'L2_hidden_dim': 96, 'L2_layers_atom': 2, 'L2_layers_mol': 3, 'L2_out_dim': 96, 'L2_dropout': 0.19319715698533782, 'L3_hidden_dim': 112, 'L3_layers_atom': 4, 'L3_layers_mol': 2, 'L3_out_dim': 80, 'L3_dropout': 0.24677343267234841, 'n_mlp_layers': 3, 'mlp_dim_0': 120, 'mlp_dim_1': 296, 'mlp_dim_2': 32, 'num_heads': 2, 'final_dropout': 0.06431797104445293, 'train_learning_rate': 0.0060910590092640065, 'train_lr_reduce': 0.6}. Best is trial 1286 with value: 0.03935658559203148.
[I 2024-12-26 00:36:48,427] Trial 1339 finished with value: 0.05365753918886185 and parameters: {'L1_hidden_dim': 80, 'L1_layers_atom': 4, 'L1_layers_mol': 3, 'L1_dropout': 0.16677888427093057, 'L1_out_dim': 48, 'L2_hidden_dim': 160, 'L2_layers_atom': 3, 'L2_layers_mol': 4, 'L2_out_dim': 64, 'L2_dropout': 0.02723528267186029, 'L3_hidden_dim': 96, 'L3_layers_atom': 4, 'L3_layers_mol': 1, 'L3_out_dim': 48, 'L3_dropout': 0.27259866839359803, 'n_mlp_layers': 2, 'mlp_dim_0': 144, 'mlp_dim_1': 352, 'num_heads': 1, 'final_dropout': 0.033598991030691715, 'train_learning_rate': 0.0017221205508442445, 'train_lr_reduce': 0.6}. Best is trial 1286 with value: 0.03935658559203148.
[I 2024-12-26 00:38:32,994] Trial 1343 finished with value: 0.08420059829950333 and parameters: {'L1_hidden_dim': 64, 'L1_layers_atom': 4, 'L1_layers_mol': 2, 'L1_dropout': 0.17070772177554114, 'L1_out_dim': 64, 'L2_hidden_dim': 144, 'L2_layers_atom': 2, 'L2_layers_mol': 4, 'L2_out_dim': 48, 'L2_dropout': 0.00362872394058791, 'L3_hidden_dim': 112, 'L3_layers_atom': 3, 'L3_layers_mol': 1, 'L3_out_dim': 48, 'L3_dropout': 0.22839453260844, 'n_mlp_layers': 2, 'mlp_dim_0': 104, 'mlp_dim_1': 336, 'num_heads': 1, 'final_dropout': 0.007388166787755914, 'train_learning_rate': 0.0011631516007094742, 'train_lr_reduce': 0.6}. Best is trial 1286 with value: 0.03935658559203148.
[I 2024-12-26 00:38:40,938] Trial 1341 finished with value: 0.07331521064043045 and parameters: {'L1_hidden_dim': 80, 'L1_layers_atom': 4, 'L1_layers_mol': 3, 'L1_dropout': 0.19018956200204767, 'L1_out_dim': 128, 'L2_hidden_dim': 160, 'L2_layers_atom': 4, 'L2_layers_mol': 3, 'L2_out_dim': 128, 'L2_dropout': 0.06098519122058537, 'L3_hidden_dim': 32, 'L3_layers_atom': 3, 'L3_layers_mol': 3, 'L3_out_dim': 112, 'L3_dropout': 0.19469496243900503, 'n_mlp_layers': 1, 'mlp_dim_0': 56, 'num_heads': 2, 'final_dropout': 0.0010667466200234028, 'train_learning_rate': 0.0006176071717746595, 'train_lr_reduce': 0.6}. Best is trial 1286 with value: 0.03935658559203148.
