[I 2024-12-19 22:18:03,030] Trial 2366 finished with value: 1.6872859001159668 and parameters: {'mlp_n_layers': 4, 'mlp_dim_00': 200, 'mlp_dim_01': 291, 'mlp_dim_02': 297, 'mlp_dim_03': 487, 'node_hidden_dim': 42, 'edge_hidden_dim': 89, 'depth': 1, 'rep_dropout': 0.06923324217266671, 'train_learning_rate': 0.0002099115435146574, 'train_lr_reduce': 0.6}. Best is trial 122 with value: 0.09548358619213104.
[I 2024-12-19 22:18:15,982] Trial 2363 finished with value: 0.14527496695518494 and parameters: {'mlp_n_layers': 3, 'mlp_dim_00': 383, 'mlp_dim_01': 262, 'mlp_dim_02': 116, 'node_hidden_dim': 79, 'edge_hidden_dim': 75, 'depth': 1, 'rep_dropout': 0.09681421084857599, 'train_learning_rate': 0.0011586090846604138, 'train_lr_reduce': 0.6}. Best is trial 122 with value: 0.09548358619213104.
[I 2024-12-19 22:18:20,668] Trial 2368 finished with value: 1.660773515701294 and parameters: {'mlp_n_layers': 4, 'mlp_dim_00': 295, 'mlp_dim_01': 405, 'mlp_dim_02': 482, 'mlp_dim_03': 394, 'node_hidden_dim': 86, 'edge_hidden_dim': 69, 'depth': 1, 'rep_dropout': 0.08008476010216073, 'train_learning_rate': 0.0001733482784273041, 'train_lr_reduce': 0.6}. Best is trial 122 with value: 0.09548358619213104.
[I 2024-12-19 22:18:23,054] Trial 2367 finished with value: 0.21980391442775726 and parameters: {'mlp_n_layers': 4, 'mlp_dim_00': 269, 'mlp_dim_01': 329, 'mlp_dim_02': 414, 'mlp_dim_03': 444, 'node_hidden_dim': 102, 'edge_hidden_dim': 61, 'depth': 1, 'rep_dropout': 0.11237885885009703, 'train_learning_rate': 0.0006309783362015366, 'train_lr_reduce': 0.6}. Best is trial 122 with value: 0.09548358619213104.
[I 2024-12-19 22:18:28,314] Trial 2365 finished with value: 0.15173432230949402 and parameters: {'mlp_n_layers': 4, 'mlp_dim_00': 303, 'mlp_dim_01': 115, 'mlp_dim_02': 455, 'mlp_dim_03': 161, 'node_hidden_dim': 103, 'edge_hidden_dim': 79, 'depth': 1, 'rep_dropout': 0.07728547828493515, 'train_learning_rate': 0.00038232036239089514, 'train_lr_reduce': 0.6}. Best is trial 122 with value: 0.09548358619213104.
[I 2024-12-19 22:18:28,318] Trial 2370 finished with value: 1.5796059370040894 and parameters: {'mlp_n_layers': 4, 'mlp_dim_00': 107, 'mlp_dim_01': 295, 'mlp_dim_02': 319, 'mlp_dim_03': 332, 'node_hidden_dim': 98, 'edge_hidden_dim': 75, 'depth': 2, 'rep_dropout': 0.14931412512317346, 'train_learning_rate': 0.0021312752176416098, 'train_lr_reduce': 0.6}. Best is trial 122 with value: 0.09548358619213104.
[I 2024-12-19 22:18:33,362] Trial 2372 finished with value: 1.6601015329360962 and parameters: {'mlp_n_layers': 3, 'mlp_dim_00': 357, 'mlp_dim_01': 237, 'mlp_dim_02': 442, 'node_hidden_dim': 74, 'edge_hidden_dim': 32, 'depth': 2, 'rep_dropout': 0.1429633418235396, 'train_learning_rate': 0.0010801393086426023, 'train_lr_reduce': 0.6}. Best is trial 122 with value: 0.09548358619213104.
[I 2024-12-19 22:19:05,000] Trial 2369 finished with value: 0.18733979761600494 and parameters: {'mlp_n_layers': 3, 'mlp_dim_00': 140, 'mlp_dim_01': 369, 'mlp_dim_02': 366, 'node_hidden_dim': 96, 'edge_hidden_dim': 48, 'depth': 2, 'rep_dropout': 0.10943413930583816, 'train_learning_rate': 0.00032009934508822065, 'train_lr_reduce': 0.6}. Best is trial 122 with value: 0.09548358619213104.
[I 2024-12-19 22:19:08,883] Trial 2371 finished with value: 0.10527565330266953 and parameters: {'mlp_n_layers': 4, 'mlp_dim_00': 301, 'mlp_dim_01': 225, 'mlp_dim_02': 441, 'mlp_dim_03': 449, 'node_hidden_dim': 80, 'edge_hidden_dim': 75, 'depth': 1, 'rep_dropout': 0.0810774069338828, 'train_learning_rate': 0.0010856526309554703, 'train_lr_reduce': 0.6}. Best is trial 122 with value: 0.09548358619213104.
[I 2024-12-19 22:19:13,070] Trial 2373 finished with value: 0.11869526654481888 and parameters: {'mlp_n_layers': 4, 'mlp_dim_00': 290, 'mlp_dim_01': 417, 'mlp_dim_02': 372, 'mlp_dim_03': 486, 'node_hidden_dim': 79, 'edge_hidden_dim': 100, 'depth': 1, 'rep_dropout': 0.09374655048462395, 'train_learning_rate': 0.0005135825199841078, 'train_lr_reduce': 0.6}. Best is trial 122 with value: 0.09548358619213104.
[I 2024-12-19 22:19:22,762] Trial 2374 finished with value: 1.2407214641571045 and parameters: {'mlp_n_layers': 4, 'mlp_dim_00': 281, 'mlp_dim_01': 332, 'mlp_dim_02': 394, 'mlp_dim_03': 411, 'node_hidden_dim': 93, 'edge_hidden_dim': 73, 'depth': 2, 'rep_dropout': 0.1108017894101325, 'train_learning_rate': 0.0003271285523861414, 'train_lr_reduce': 0.6}. Best is trial 122 with value: 0.09548358619213104.
[I 2024-12-19 22:19:28,025] Trial 2377 finished with value: 1.6742855310440063 and parameters: {'mlp_n_layers': 3, 'mlp_dim_00': 293, 'mlp_dim_01': 406, 'mlp_dim_02': 259, 'node_hidden_dim': 68, 'edge_hidden_dim': 77, 'depth': 1, 'rep_dropout': 0.10033133352427713, 'train_learning_rate': 0.0003949663204201042, 'train_lr_reduce': 0.6}. Best is trial 122 with value: 0.09548358619213104.
[I 2024-12-19 22:19:48,803] Trial 2375 finished with value: 0.10961847007274628 and parameters: {'mlp_n_layers': 4, 'mlp_dim_00': 381, 'mlp_dim_01': 376, 'mlp_dim_02': 481, 'mlp_dim_03': 233, 'node_hidden_dim': 54, 'edge_hidden_dim': 81, 'depth': 1, 'rep_dropout': 0.1207586913816836, 'train_learning_rate': 0.0006131719493784694, 'train_lr_reduce': 0.6}. Best is trial 122 with value: 0.09548358619213104.
[I 2024-12-19 22:19:54,354] Trial 2376 finished with value: 0.12362397462129593 and parameters: {'mlp_n_layers': 4, 'mlp_dim_00': 318, 'mlp_dim_01': 310, 'mlp_dim_02': 339, 'mlp_dim_03': 365, 'node_hidden_dim': 83, 'edge_hidden_dim': 38, 'depth': 1, 'rep_dropout': 0.14825684759143762, 'train_learning_rate': 0.000519783091665401, 'train_lr_reduce': 0.6}. Best is trial 122 with value: 0.09548358619213104.
[I 2024-12-19 22:19:54,867] Trial 2379 finished with value: 1.6792705059051514 and parameters: {'mlp_n_layers': 2, 'mlp_dim_00': 217, 'mlp_dim_01': 348, 'node_hidden_dim': 45, 'edge_hidden_dim': 34, 'depth': 4, 'rep_dropout': 0.0511589171215488, 'train_learning_rate': 0.0002822478887635823, 'train_lr_reduce': 0.6}. Best is trial 122 with value: 0.09548358619213104.
[I 2024-12-19 22:20:01,168] Trial 2380 finished with value: 1.6718589067459106 and parameters: {'mlp_n_layers': 4, 'mlp_dim_00': 186, 'mlp_dim_01': 418, 'mlp_dim_02': 295, 'mlp_dim_03': 436, 'node_hidden_dim': 82, 'edge_hidden_dim': 71, 'depth': 2, 'rep_dropout': 0.09309562496375991, 'train_learning_rate': 0.0004847616450697852, 'train_lr_reduce': 0.6}. Best is trial 122 with value: 0.09548358619213104.
[I 2024-12-19 22:20:04,975] Trial 2381 finished with value: 1.687483310699463 and parameters: {'mlp_n_layers': 1, 'mlp_dim_00': 158, 'node_hidden_dim': 122, 'edge_hidden_dim': 46, 'depth': 4, 'rep_dropout': 0.14707559406942172, 'train_learning_rate': 0.00013332444046557695, 'train_lr_reduce': 0.6}. Best is trial 122 with value: 0.09548358619213104.
[I 2024-12-19 22:20:05,911] Trial 2382 finished with value: 1.5792536735534668 and parameters: {'mlp_n_layers': 1, 'mlp_dim_00': 496, 'node_hidden_dim': 118, 'edge_hidden_dim': 54, 'depth': 3, 'rep_dropout': 0.07530234275102611, 'train_learning_rate': 0.0006659901675250223, 'train_lr_reduce': 0.6}. Best is trial 122 with value: 0.09548358619213104.
[I 2024-12-19 22:20:08,003] Trial 2378 finished with value: 0.11239312589168549 and parameters: {'mlp_n_layers': 3, 'mlp_dim_00': 218, 'mlp_dim_01': 281, 'mlp_dim_02': 410, 'node_hidden_dim': 94, 'edge_hidden_dim': 56, 'depth': 1, 'rep_dropout': 0.08479922171876356, 'train_learning_rate': 0.0009310618909220638, 'train_lr_reduce': 0.6}. Best is trial 122 with value: 0.09548358619213104.
[I 2024-12-19 22:20:09,963] Trial 2384 finished with value: 1.6021196842193604 and parameters: {'mlp_n_layers': 2, 'mlp_dim_00': 366, 'mlp_dim_01': 310, 'node_hidden_dim': 87, 'edge_hidden_dim': 59, 'depth': 1, 'rep_dropout': 0.11187591379447513, 'train_learning_rate': 0.0008772885870629105, 'train_lr_reduce': 0.6}. Best is trial 122 with value: 0.09548358619213104.
[I 2024-12-19 22:20:10,018] Trial 2383 finished with value: 1.6714720726013184 and parameters: {'mlp_n_layers': 3, 'mlp_dim_00': 429, 'mlp_dim_01': 377, 'mlp_dim_02': 360, 'node_hidden_dim': 100, 'edge_hidden_dim': 39, 'depth': 1, 'rep_dropout': 0.1199995353985118, 'train_learning_rate': 0.00019173605611423852, 'train_lr_reduce': 0.6}. Best is trial 122 with value: 0.09548358619213104.
[I 2024-12-19 22:20:12,227] Trial 2385 finished with value: 1.6595730781555176 and parameters: {'mlp_n_layers': 2, 'mlp_dim_00': 423, 'mlp_dim_01': 273, 'node_hidden_dim': 91, 'edge_hidden_dim': 33, 'depth': 1, 'rep_dropout': 0.10046588880468474, 'train_learning_rate': 0.0003355898308829587, 'train_lr_reduce': 0.6}. Best is trial 122 with value: 0.09548358619213104.
[I 2024-12-19 22:20:14,482] Trial 2386 finished with value: 1.6483441591262817 and parameters: {'mlp_n_layers': 4, 'mlp_dim_00': 336, 'mlp_dim_01': 342, 'mlp_dim_02': 478, 'mlp_dim_03': 483, 'node_hidden_dim': 107, 'edge_hidden_dim': 72, 'depth': 2, 'rep_dropout': 0.10102071879805159, 'train_learning_rate': 0.0008311683128575005, 'train_lr_reduce': 0.6}. Best is trial 122 with value: 0.09548358619213104.
[I 2024-12-19 22:20:14,550] Trial 2387 finished with value: 1.6598116159439087 and parameters: {'mlp_n_layers': 2, 'mlp_dim_00': 168, 'mlp_dim_01': 359, 'node_hidden_dim': 42, 'edge_hidden_dim': 118, 'depth': 2, 'rep_dropout': 0.05396369420711205, 'train_learning_rate': 0.0006818803861548318, 'train_lr_reduce': 0.6}. Best is trial 122 with value: 0.09548358619213104.
[I 2024-12-19 22:20:16,993] Trial 2388 finished with value: 1.6475783586502075 and parameters: {'mlp_n_layers': 4, 'mlp_dim_00': 388, 'mlp_dim_01': 408, 'mlp_dim_02': 332, 'mlp_dim_03': 321, 'node_hidden_dim': 95, 'edge_hidden_dim': 76, 'depth': 2, 'rep_dropout': 0.10122616156787627, 'train_learning_rate': 0.0013837131950949777, 'train_lr_reduce': 0.6}. Best is trial 122 with value: 0.09548358619213104.
[I 2024-12-19 22:20:19,386] Trial 2389 finished with value: 1.6719515323638916 and parameters: {'mlp_n_layers': 4, 'mlp_dim_00': 306, 'mlp_dim_01': 315, 'mlp_dim_02': 512, 'mlp_dim_03': 406, 'node_hidden_dim': 44, 'edge_hidden_dim': 63, 'depth': 1, 'rep_dropout': 0.10653922567973029, 'train_learning_rate': 0.00025996746232158764, 'train_lr_reduce': 0.6}. Best is trial 122 with value: 0.09548358619213104.
[I 2024-12-19 22:20:56,395] Trial 2390 finished with value: 0.1405484676361084 and parameters: {'mlp_n_layers': 4, 'mlp_dim_00': 360, 'mlp_dim_01': 414, 'mlp_dim_02': 402, 'mlp_dim_03': 367, 'node_hidden_dim': 74, 'edge_hidden_dim': 69, 'depth': 1, 'rep_dropout': 0.05050837191467364, 'train_learning_rate': 0.0013995728038374339, 'train_lr_reduce': 0.6}. Best is trial 122 with value: 0.09548358619213104.
[I 2024-12-19 22:20:56,400] Trial 2391 finished with value: 0.11362482607364655 and parameters: {'mlp_n_layers': 3, 'mlp_dim_00': 257, 'mlp_dim_01': 262, 'mlp_dim_02': 371, 'node_hidden_dim': 62, 'edge_hidden_dim': 74, 'depth': 1, 'rep_dropout': 0.14288066100316113, 'train_learning_rate': 0.0005467589926336105, 'train_lr_reduce': 0.6}. Best is trial 122 with value: 0.09548358619213104.
[I 2024-12-19 22:21:01,975] Trial 2394 finished with value: 1.6794099807739258 and parameters: {'mlp_n_layers': 3, 'mlp_dim_00': 376, 'mlp_dim_01': 333, 'mlp_dim_02': 318, 'node_hidden_dim': 97, 'edge_hidden_dim': 46, 'depth': 2, 'rep_dropout': 0.10877734513024986, 'train_learning_rate': 0.00027811120146747524, 'train_lr_reduce': 0.6}. Best is trial 122 with value: 0.09548358619213104.
[I 2024-12-19 22:21:02,721] Trial 2392 finished with value: 0.12562941014766693 and parameters: {'mlp_n_layers': 3, 'mlp_dim_00': 323, 'mlp_dim_01': 380, 'mlp_dim_02': 447, 'node_hidden_dim': 79, 'edge_hidden_dim': 68, 'depth': 1, 'rep_dropout': 0.06274183694321658, 'train_learning_rate': 0.000447972180341227, 'train_lr_reduce': 0.6}. Best is trial 122 with value: 0.09548358619213104.
[I 2024-12-19 22:21:06,858] Trial 2396 finished with value: 1.5767241716384888 and parameters: {'mlp_n_layers': 1, 'mlp_dim_00': 100, 'node_hidden_dim': 37, 'edge_hidden_dim': 40, 'depth': 4, 'rep_dropout': 0.041467923252888055, 'train_learning_rate': 0.002491919740933795, 'train_lr_reduce': 0.6}. Best is trial 122 with value: 0.09548358619213104.
[I 2024-12-19 22:21:06,917] Trial 2393 finished with value: 1.3381543159484863 and parameters: {'mlp_n_layers': 4, 'mlp_dim_00': 144, 'mlp_dim_01': 175, 'mlp_dim_02': 315, 'mlp_dim_03': 445, 'node_hidden_dim': 108, 'edge_hidden_dim': 122, 'depth': 3, 'rep_dropout': 0.046474010734781704, 'train_learning_rate': 0.0007521993565353317, 'train_lr_reduce': 0.6}. Best is trial 122 with value: 0.09548358619213104.
[I 2024-12-19 22:21:06,922] Trial 2395 finished with value: 1.6036832332611084 and parameters: {'mlp_n_layers': 2, 'mlp_dim_00': 245, 'mlp_dim_01': 427, 'node_hidden_dim': 46, 'edge_hidden_dim': 52, 'depth': 3, 'rep_dropout': 0.006262798658627722, 'train_learning_rate': 0.006056569255234135, 'train_lr_reduce': 0.6}. Best is trial 122 with value: 0.09548358619213104.
[I 2024-12-19 22:21:11,126] Trial 2397 finished with value: 1.6766530275344849 and parameters: {'mlp_n_layers': 2, 'mlp_dim_00': 319, 'mlp_dim_01': 297, 'node_hidden_dim': 39, 'edge_hidden_dim': 123, 'depth': 3, 'rep_dropout': 0.1005111855866942, 'train_learning_rate': 0.00020229689178721068, 'train_lr_reduce': 0.6}. Best is trial 122 with value: 0.09548358619213104.
[I 2024-12-19 22:21:11,652] Trial 2398 finished with value: 1.6710970401763916 and parameters: {'mlp_n_layers': 4, 'mlp_dim_00': 322, 'mlp_dim_01': 368, 'mlp_dim_02': 409, 'mlp_dim_03': 483, 'node_hidden_dim': 59, 'edge_hidden_dim': 70, 'depth': 1, 'rep_dropout': 0.11862145720624823, 'train_learning_rate': 0.0006544117362243378, 'train_lr_reduce': 0.6}. Best is trial 122 with value: 0.09548358619213104.
[I 2024-12-19 22:21:15,557] Trial 2400 finished with value: 1.6496347188949585 and parameters: {'mlp_n_layers': 4, 'mlp_dim_00': 414, 'mlp_dim_01': 332, 'mlp_dim_02': 96, 'mlp_dim_03': 391, 'node_hidden_dim': 58, 'edge_hidden_dim': 44, 'depth': 1, 'rep_dropout': 0.14828764513871387, 'train_learning_rate': 0.0017406248377053787, 'train_lr_reduce': 0.6}. Best is trial 122 with value: 0.09548358619213104.
[I 2024-12-19 22:21:15,961] Trial 2401 finished with value: 1.6079908609390259 and parameters: {'mlp_n_layers': 2, 'mlp_dim_00': 505, 'mlp_dim_01': 281, 'node_hidden_dim': 70, 'edge_hidden_dim': 52, 'depth': 1, 'rep_dropout': 0.11251090114948642, 'train_learning_rate': 0.0006965528956747916, 'train_lr_reduce': 0.6}. Best is trial 122 with value: 0.09548358619213104.
[I 2024-12-19 22:21:21,066] Trial 2403 finished with value: 1.6139540672302246 and parameters: {'mlp_n_layers': 3, 'mlp_dim_00': 407, 'mlp_dim_01': 316, 'mlp_dim_02': 479, 'node_hidden_dim': 94, 'edge_hidden_dim': 58, 'depth': 1, 'rep_dropout': 0.09442019199576565, 'train_learning_rate': 0.0015231144748112104, 'train_lr_reduce': 0.6}. Best is trial 122 with value: 0.09548358619213104.
[I 2024-12-19 22:21:28,199] Trial 2404 finished with value: 1.68269681930542 and parameters: {'mlp_n_layers': 4, 'mlp_dim_00': 431, 'mlp_dim_01': 425, 'mlp_dim_02': 347, 'mlp_dim_03': 446, 'node_hidden_dim': 106, 'edge_hidden_dim': 68, 'depth': 2, 'rep_dropout': 0.13635527705677009, 'train_learning_rate': 0.00012652436484720685, 'train_lr_reduce': 0.6}. Best is trial 122 with value: 0.09548358619213104.
[I 2024-12-19 22:21:33,736] Trial 2405 finished with value: 1.6877431869506836 and parameters: {'mlp_n_layers': 4, 'mlp_dim_00': 359, 'mlp_dim_01': 249, 'mlp_dim_02': 284, 'mlp_dim_03': 311, 'node_hidden_dim': 40, 'edge_hidden_dim': 55, 'depth': 1, 'rep_dropout': 0.1368237847950595, 'train_learning_rate': 0.00015589681591559652, 'train_lr_reduce': 0.6}. Best is trial 122 with value: 0.09548358619213104.
[I 2024-12-19 22:21:43,866] Trial 2402 finished with value: 0.1841610074043274 and parameters: {'mlp_n_layers': 3, 'mlp_dim_00': 331, 'mlp_dim_01': 374, 'mlp_dim_02': 442, 'node_hidden_dim': 95, 'edge_hidden_dim': 58, 'depth': 1, 'rep_dropout': 0.11154691116993196, 'train_learning_rate': 0.0016809612190640027, 'train_lr_reduce': 0.6}. Best is trial 122 with value: 0.09548358619213104.
[I 2024-12-19 22:21:46,371] Trial 2399 finished with value: 0.10707808285951614 and parameters: {'mlp_n_layers': 3, 'mlp_dim_00': 468, 'mlp_dim_01': 422, 'mlp_dim_02': 364, 'node_hidden_dim': 96, 'edge_hidden_dim': 69, 'depth': 1, 'rep_dropout': 0.1045115524385253, 'train_learning_rate': 0.0004513069882774584, 'train_lr_reduce': 0.6}. Best is trial 122 with value: 0.09548358619213104.
[I 2024-12-19 22:21:49,396] Trial 2407 finished with value: 1.603031873703003 and parameters: {'mlp_n_layers': 1, 'mlp_dim_00': 437, 'node_hidden_dim': 34, 'edge_hidden_dim': 47, 'depth': 4, 'rep_dropout': 0.055979223295698474, 'train_learning_rate': 0.0015442151343859568, 'train_lr_reduce': 0.6}. Best is trial 122 with value: 0.09548358619213104.
[I 2024-12-19 22:21:54,628] Trial 2409 finished with value: 1.6636238098144531 and parameters: {'mlp_n_layers': 3, 'mlp_dim_00': 369, 'mlp_dim_01': 304, 'mlp_dim_02': 511, 'node_hidden_dim': 50, 'edge_hidden_dim': 47, 'depth': 2, 'rep_dropout': 0.14518104411496732, 'train_learning_rate': 0.0008330457023349681, 'train_lr_reduce': 0.6}. Best is trial 122 with value: 0.09548358619213104.
[I 2024-12-19 22:22:00,399] Trial 2410 finished with value: 1.6759167909622192 and parameters: {'mlp_n_layers': 3, 'mlp_dim_00': 303, 'mlp_dim_01': 420, 'mlp_dim_02': 346, 'node_hidden_dim': 100, 'edge_hidden_dim': 59, 'depth': 2, 'rep_dropout': 0.08155981749730315, 'train_learning_rate': 0.00024378114027686374, 'train_lr_reduce': 0.6}. Best is trial 122 with value: 0.09548358619213104.
[I 2024-12-19 22:22:06,563] Trial 2411 finished with value: 1.670399785041809 and parameters: {'mlp_n_layers': 1, 'mlp_dim_00': 168, 'node_hidden_dim': 75, 'edge_hidden_dim': 41, 'depth': 4, 'rep_dropout': 0.02606978705929682, 'train_learning_rate': 0.00022967576219224073, 'train_lr_reduce': 0.6}. Best is trial 122 with value: 0.09548358619213104.
[I 2024-12-19 22:22:11,927] Trial 2412 finished with value: 1.6809598207473755 and parameters: {'mlp_n_layers': 3, 'mlp_dim_00': 404, 'mlp_dim_01': 208, 'mlp_dim_02': 268, 'node_hidden_dim': 65, 'edge_hidden_dim': 43, 'depth': 1, 'rep_dropout': 0.1380148185340281, 'train_learning_rate': 0.0004226294459510764, 'train_lr_reduce': 0.6}. Best is trial 122 with value: 0.09548358619213104.
[I 2024-12-19 22:22:16,648] Trial 2406 finished with value: 0.10966707766056061 and parameters: {'mlp_n_layers': 3, 'mlp_dim_00': 414, 'mlp_dim_01': 382, 'mlp_dim_02': 385, 'node_hidden_dim': 77, 'edge_hidden_dim': 68, 'depth': 1, 'rep_dropout': 0.09445919533421004, 'train_learning_rate': 0.0004623267320374758, 'train_lr_reduce': 0.6}. Best is trial 122 with value: 0.09548358619213104.
[I 2024-12-19 22:22:18,148] Trial 2413 finished with value: 1.6855981349945068 and parameters: {'mlp_n_layers': 4, 'mlp_dim_00': 445, 'mlp_dim_01': 346, 'mlp_dim_02': 447, 'mlp_dim_03': 407, 'node_hidden_dim': 77, 'edge_hidden_dim': 63, 'depth': 1, 'rep_dropout': 0.14955987169565002, 'train_learning_rate': 0.00023186991918334651, 'train_lr_reduce': 0.6}. Best is trial 122 with value: 0.09548358619213104.
[I 2024-12-19 22:22:23,737] Trial 2415 finished with value: 1.6776280403137207 and parameters: {'mlp_n_layers': 4, 'mlp_dim_00': 266, 'mlp_dim_01': 388, 'mlp_dim_02': 481, 'mlp_dim_03': 345, 'node_hidden_dim': 73, 'edge_hidden_dim': 53, 'depth': 2, 'rep_dropout': 0.07636645913231958, 'train_learning_rate': 0.0015768825921970854, 'train_lr_reduce': 0.6}. Best is trial 122 with value: 0.09548358619213104.
[I 2024-12-19 22:22:27,201] Trial 2408 finished with value: 0.1194516122341156 and parameters: {'mlp_n_layers': 3, 'mlp_dim_00': 463, 'mlp_dim_01': 344, 'mlp_dim_02': 418, 'node_hidden_dim': 89, 'edge_hidden_dim': 51, 'depth': 1, 'rep_dropout': 0.11388212358521559, 'train_learning_rate': 0.0010473876303876844, 'train_lr_reduce': 0.6}. Best is trial 122 with value: 0.09548358619213104.
[I 2024-12-19 22:22:27,404] Trial 2414 finished with value: 1.3074557781219482 and parameters: {'mlp_n_layers': 1, 'mlp_dim_00': 261, 'node_hidden_dim': 32, 'edge_hidden_dim': 116, 'depth': 3, 'rep_dropout': 0.06835982849290531, 'train_learning_rate': 0.007734561957626478, 'train_lr_reduce': 0.6}. Best is trial 122 with value: 0.09548358619213104.
[I 2024-12-19 22:22:28,829] Trial 2416 finished with value: 1.6734050512313843 and parameters: {'mlp_n_layers': 3, 'mlp_dim_00': 79, 'mlp_dim_01': 281, 'mlp_dim_02': 386, 'node_hidden_dim': 68, 'edge_hidden_dim': 91, 'depth': 1, 'rep_dropout': 0.11654941019732784, 'train_learning_rate': 0.0005622488440313615, 'train_lr_reduce': 0.6}. Best is trial 122 with value: 0.09548358619213104.
[I 2024-12-19 22:22:32,350] Trial 2417 finished with value: 1.6284929513931274 and parameters: {'mlp_n_layers': 2, 'mlp_dim_00': 479, 'mlp_dim_01': 427, 'node_hidden_dim': 91, 'edge_hidden_dim': 45, 'depth': 1, 'rep_dropout': 0.07737162742431983, 'train_learning_rate': 0.0007505282773614898, 'train_lr_reduce': 0.6}. Best is trial 122 with value: 0.09548358619213104.
[I 2024-12-19 22:23:12,264] Trial 2418 finished with value: 0.09826549142599106 and parameters: {'mlp_n_layers': 4, 'mlp_dim_00': 316, 'mlp_dim_01': 342, 'mlp_dim_02': 324, 'mlp_dim_03': 488, 'node_hidden_dim': 86, 'edge_hidden_dim': 75, 'depth': 1, 'rep_dropout': 0.12196040528359961, 'train_learning_rate': 0.00390288271022126, 'train_lr_reduce': 0.6}. Best is trial 122 with value: 0.09548358619213104.
[I 2024-12-19 22:23:16,957] Trial 2419 finished with value: 0.09536632895469666 and parameters: {'mlp_n_layers': 4, 'mlp_dim_00': 354, 'mlp_dim_01': 382, 'mlp_dim_02': 419, 'mlp_dim_03': 440, 'node_hidden_dim': 82, 'edge_hidden_dim': 64, 'depth': 1, 'rep_dropout': 0.085687663976393, 'train_learning_rate': 0.0008344945225451217, 'train_lr_reduce': 0.6}. Best is trial 2419 with value: 0.09536632895469666.
