[I 2024-12-26 12:25:58,076] Trial 1730 finished with value: 0.011758578941226006 and parameters: {'L1_hidden_dim': 128, 'L1_layers_atom': 1, 'L1_layers_mol': 4, 'L1_dropout': 0.0161317799375975, 'L1_out_dim': 48, 'L2_hidden_dim': 256, 'L2_layers_atom': 1, 'L2_layers_mol': 4, 'L2_out_dim': 128, 'L2_dropout': 0.01131884616760696, 'L3_hidden_dim': 80, 'L3_layers_atom': 4, 'L3_layers_mol': 1, 'L3_out_dim': 128, 'L3_dropout': 0.018059223931816526, 'n_mlp_layers': 3, 'mlp_dim_0': 512, 'mlp_dim_1': 296, 'mlp_dim_2': 432, 'num_heads': 1, 'final_dropout': 0.14910548609485658, 'train_learning_rate': 0.0008321332721668263, 'train_lr_reduce': 0.6}. Best is trial 1073 with value: 0.009419886395335197.
[I 2024-12-26 12:27:02,026] Trial 1731 finished with value: 0.010740645229816437 and parameters: {'L1_hidden_dim': 256, 'L1_layers_atom': 4, 'L1_layers_mol': 4, 'L1_dropout': 0.013876782349788156, 'L1_out_dim': 48, 'L2_hidden_dim': 192, 'L2_layers_atom': 2, 'L2_layers_mol': 2, 'L2_out_dim': 96, 'L2_dropout': 0.028604557896499454, 'L3_hidden_dim': 112, 'L3_layers_atom': 3, 'L3_layers_mol': 1, 'L3_out_dim': 96, 'L3_dropout': 0.2971441621431981, 'n_mlp_layers': 2, 'mlp_dim_0': 464, 'mlp_dim_1': 304, 'num_heads': 1, 'final_dropout': 0.11598683010401767, 'train_learning_rate': 0.0009166233006611945, 'train_lr_reduce': 0.6}. Best is trial 1073 with value: 0.009419886395335197.
[I 2024-12-26 12:28:22,507] Trial 1732 finished with value: 0.014912016689777374 and parameters: {'L1_hidden_dim': 192, 'L1_layers_atom': 3, 'L1_layers_mol': 2, 'L1_dropout': 0.01687956441449057, 'L1_out_dim': 128, 'L2_hidden_dim': 144, 'L2_layers_atom': 1, 'L2_layers_mol': 4, 'L2_out_dim': 96, 'L2_dropout': 0.06896799687623742, 'L3_hidden_dim': 112, 'L3_layers_atom': 4, 'L3_layers_mol': 2, 'L3_out_dim': 80, 'L3_dropout': 0.08125103529964976, 'n_mlp_layers': 2, 'mlp_dim_0': 328, 'mlp_dim_1': 304, 'num_heads': 2, 'final_dropout': 0.06167092269579181, 'train_learning_rate': 0.00025187410575803045, 'train_lr_reduce': 0.6}. Best is trial 1073 with value: 0.009419886395335197.
[I 2024-12-26 12:28:23,308] Trial 1733 finished with value: 0.011297675780951977 and parameters: {'L1_hidden_dim': 208, 'L1_layers_atom': 4, 'L1_layers_mol': 3, 'L1_dropout': 0.007684436234033499, 'L1_out_dim': 32, 'L2_hidden_dim': 208, 'L2_layers_atom': 1, 'L2_layers_mol': 2, 'L2_out_dim': 112, 'L2_dropout': 0.05646516932244276, 'L3_hidden_dim': 96, 'L3_layers_atom': 3, 'L3_layers_mol': 2, 'L3_out_dim': 112, 'L3_dropout': 0.2175398721802675, 'n_mlp_layers': 3, 'mlp_dim_0': 480, 'mlp_dim_1': 304, 'mlp_dim_2': 472, 'num_heads': 1, 'final_dropout': 0.13057999745332982, 'train_learning_rate': 0.00032512396246084553, 'train_lr_reduce': 0.6}. Best is trial 1073 with value: 0.009419886395335197.
[I 2024-12-26 12:29:24,954] Trial 1734 finished with value: 0.012198771350085735 and parameters: {'L1_hidden_dim': 192, 'L1_layers_atom': 4, 'L1_layers_mol': 1, 'L1_dropout': 0.05237218051857574, 'L1_out_dim': 128, 'L2_hidden_dim': 224, 'L2_layers_atom': 2, 'L2_layers_mol': 4, 'L2_out_dim': 96, 'L2_dropout': 0.02153423869359598, 'L3_hidden_dim': 80, 'L3_layers_atom': 4, 'L3_layers_mol': 2, 'L3_out_dim': 112, 'L3_dropout': 0.1727731570540441, 'n_mlp_layers': 2, 'mlp_dim_0': 472, 'mlp_dim_1': 264, 'num_heads': 2, 'final_dropout': 0.06976836239556446, 'train_learning_rate': 0.0005253129215380298, 'train_lr_reduce': 0.6}. Best is trial 1073 with value: 0.009419886395335197.
[I 2024-12-26 12:30:50,243] Trial 1736 finished with value: 0.010398801416158676 and parameters: {'L1_hidden_dim': 112, 'L1_layers_atom': 1, 'L1_layers_mol': 2, 'L1_dropout': 0.04910620825149463, 'L1_out_dim': 80, 'L2_hidden_dim': 112, 'L2_layers_atom': 1, 'L2_layers_mol': 1, 'L2_out_dim': 112, 'L2_dropout': 0.01030652908348735, 'L3_hidden_dim': 112, 'L3_layers_atom': 4, 'L3_layers_mol': 1, 'L3_out_dim': 112, 'L3_dropout': 0.031986147272248355, 'n_mlp_layers': 3, 'mlp_dim_0': 352, 'mlp_dim_1': 224, 'mlp_dim_2': 408, 'num_heads': 2, 'final_dropout': 0.00930953364516696, 'train_learning_rate': 0.0005106734010750468, 'train_lr_reduce': 0.6}. Best is trial 1073 with value: 0.009419886395335197.
[I 2024-12-26 12:31:07,545] Trial 1735 finished with value: 0.011005522683262825 and parameters: {'L1_hidden_dim': 144, 'L1_layers_atom': 3, 'L1_layers_mol': 2, 'L1_dropout': 0.03293159613769657, 'L1_out_dim': 96, 'L2_hidden_dim': 176, 'L2_layers_atom': 1, 'L2_layers_mol': 4, 'L2_out_dim': 128, 'L2_dropout': 0.02565852933942933, 'L3_hidden_dim': 96, 'L3_layers_atom': 4, 'L3_layers_mol': 2, 'L3_out_dim': 80, 'L3_dropout': 0.05405138163060951, 'n_mlp_layers': 3, 'mlp_dim_0': 344, 'mlp_dim_1': 264, 'mlp_dim_2': 512, 'num_heads': 2, 'final_dropout': 0.19421430620425673, 'train_learning_rate': 0.0005797536757700607, 'train_lr_reduce': 0.6}. Best is trial 1073 with value: 0.009419886395335197.
[I 2024-12-26 12:32:17,904] Trial 1737 finished with value: 0.010256581008434296 and parameters: {'L1_hidden_dim': 144, 'L1_layers_atom': 4, 'L1_layers_mol': 2, 'L1_dropout': 0.014947891858368052, 'L1_out_dim': 80, 'L2_hidden_dim': 192, 'L2_layers_atom': 1, 'L2_layers_mol': 4, 'L2_out_dim': 128, 'L2_dropout': 0.030843475887093415, 'L3_hidden_dim': 48, 'L3_layers_atom': 4, 'L3_layers_mol': 1, 'L3_out_dim': 96, 'L3_dropout': 0.006017616318123847, 'n_mlp_layers': 3, 'mlp_dim_0': 400, 'mlp_dim_1': 312, 'mlp_dim_2': 472, 'num_heads': 2, 'final_dropout': 0.1674886204907487, 'train_learning_rate': 0.0005936830788994997, 'train_lr_reduce': 0.6}. Best is trial 1073 with value: 0.009419886395335197.
[I 2024-12-26 12:33:14,305] Trial 1738 finished with value: 0.013836519792675972 and parameters: {'L1_hidden_dim': 96, 'L1_layers_atom': 1, 'L1_layers_mol': 4, 'L1_dropout': 0.0447182030373703, 'L1_out_dim': 48, 'L2_hidden_dim': 96, 'L2_layers_atom': 1, 'L2_layers_mol': 4, 'L2_out_dim': 96, 'L2_dropout': 0.039635945451855274, 'L3_hidden_dim': 80, 'L3_layers_atom': 4, 'L3_layers_mol': 1, 'L3_out_dim': 128, 'L3_dropout': 0.05008122585825851, 'n_mlp_layers': 2, 'mlp_dim_0': 456, 'mlp_dim_1': 264, 'num_heads': 2, 'final_dropout': 0.0897294240600382, 'train_learning_rate': 0.0007991752368351571, 'train_lr_reduce': 0.6}. Best is trial 1073 with value: 0.009419886395335197.
[I 2024-12-26 12:33:41,298] Trial 1739 finished with value: 0.010404538363218307 and parameters: {'L1_hidden_dim': 64, 'L1_layers_atom': 1, 'L1_layers_mol': 1, 'L1_dropout': 0.1857849138204447, 'L1_out_dim': 64, 'L2_hidden_dim': 128, 'L2_layers_atom': 1, 'L2_layers_mol': 2, 'L2_out_dim': 112, 'L2_dropout': 0.007531364788144844, 'L3_hidden_dim': 128, 'L3_layers_atom': 3, 'L3_layers_mol': 1, 'L3_out_dim': 128, 'L3_dropout': 0.16088556631857462, 'n_mlp_layers': 3, 'mlp_dim_0': 288, 'mlp_dim_1': 224, 'mlp_dim_2': 424, 'num_heads': 2, 'final_dropout': 0.05677190145839929, 'train_learning_rate': 0.0009258134075617546, 'train_lr_reduce': 0.6}. Best is trial 1073 with value: 0.009419886395335197.
[I 2024-12-26 12:34:41,854] Trial 1740 finished with value: 0.010349228046834469 and parameters: {'L1_hidden_dim': 128, 'L1_layers_atom': 4, 'L1_layers_mol': 4, 'L1_dropout': 0.05311263050549141, 'L1_out_dim': 32, 'L2_hidden_dim': 176, 'L2_layers_atom': 1, 'L2_layers_mol': 3, 'L2_out_dim': 80, 'L2_dropout': 0.035226607366088195, 'L3_hidden_dim': 96, 'L3_layers_atom': 4, 'L3_layers_mol': 1, 'L3_out_dim': 128, 'L3_dropout': 0.1425874179079604, 'n_mlp_layers': 3, 'mlp_dim_0': 480, 'mlp_dim_1': 312, 'mlp_dim_2': 480, 'num_heads': 2, 'final_dropout': 0.21853644462859434, 'train_learning_rate': 0.0003052156102459706, 'train_lr_reduce': 0.6}. Best is trial 1073 with value: 0.009419886395335197.
[I 2024-12-26 12:35:54,661] Trial 1741 finished with value: 0.011907903477549553 and parameters: {'L1_hidden_dim': 256, 'L1_layers_atom': 1, 'L1_layers_mol': 2, 'L1_dropout': 0.021073731503935343, 'L1_out_dim': 96, 'L2_hidden_dim': 240, 'L2_layers_atom': 1, 'L2_layers_mol': 3, 'L2_out_dim': 64, 'L2_dropout': 0.004674623036886881, 'L3_hidden_dim': 48, 'L3_layers_atom': 4, 'L3_layers_mol': 1, 'L3_out_dim': 80, 'L3_dropout': 0.10037857693902771, 'n_mlp_layers': 3, 'mlp_dim_0': 224, 'mlp_dim_1': 272, 'mlp_dim_2': 472, 'num_heads': 2, 'final_dropout': 0.07432918154352193, 'train_learning_rate': 0.00013778712341902836, 'train_lr_reduce': 0.6}. Best is trial 1073 with value: 0.009419886395335197.
[I 2024-12-26 12:36:16,096] Trial 1742 finished with value: 0.010983801446855068 and parameters: {'L1_hidden_dim': 80, 'L1_layers_atom': 2, 'L1_layers_mol': 2, 'L1_dropout': 0.0063567388885054366, 'L1_out_dim': 48, 'L2_hidden_dim': 256, 'L2_layers_atom': 2, 'L2_layers_mol': 4, 'L2_out_dim': 128, 'L2_dropout': 0.01893037767614008, 'L3_hidden_dim': 96, 'L3_layers_atom': 4, 'L3_layers_mol': 2, 'L3_out_dim': 112, 'L3_dropout': 0.010430472817852254, 'n_mlp_layers': 3, 'mlp_dim_0': 464, 'mlp_dim_1': 304, 'mlp_dim_2': 416, 'num_heads': 1, 'final_dropout': 0.015007993128007914, 'train_learning_rate': 0.00044289537618330435, 'train_lr_reduce': 0.6}. Best is trial 1073 with value: 0.009419886395335197.
[I 2024-12-26 12:36:49,644] Trial 1743 finished with value: 0.011490424163639545 and parameters: {'L1_hidden_dim': 224, 'L1_layers_atom': 2, 'L1_layers_mol': 2, 'L1_dropout': 0.0400933512854412, 'L1_out_dim': 112, 'L2_hidden_dim': 144, 'L2_layers_atom': 2, 'L2_layers_mol': 4, 'L2_out_dim': 96, 'L2_dropout': 0.04068334571529561, 'L3_hidden_dim': 80, 'L3_layers_atom': 4, 'L3_layers_mol': 1, 'L3_out_dim': 80, 'L3_dropout': 0.02081860401058554, 'n_mlp_layers': 3, 'mlp_dim_0': 280, 'mlp_dim_1': 216, 'mlp_dim_2': 512, 'num_heads': 2, 'final_dropout': 0.008878005545090425, 'train_learning_rate': 0.0004157367869611423, 'train_lr_reduce': 0.6}. Best is trial 1073 with value: 0.009419886395335197.
[I 2024-12-26 12:38:06,432] Trial 1744 finished with value: 0.011343504302203655 and parameters: {'L1_hidden_dim': 192, 'L1_layers_atom': 4, 'L1_layers_mol': 1, 'L1_dropout': 0.07080693457049489, 'L1_out_dim': 32, 'L2_hidden_dim': 256, 'L2_layers_atom': 1, 'L2_layers_mol': 3, 'L2_out_dim': 64, 'L2_dropout': 0.010990344990962832, 'L3_hidden_dim': 80, 'L3_layers_atom': 4, 'L3_layers_mol': 1, 'L3_out_dim': 112, 'L3_dropout': 0.013272607591893179, 'n_mlp_layers': 3, 'mlp_dim_0': 280, 'mlp_dim_1': 312, 'mlp_dim_2': 464, 'num_heads': 1, 'final_dropout': 0.06329673057821357, 'train_learning_rate': 0.000800479827113125, 'train_lr_reduce': 0.6}. Best is trial 1073 with value: 0.009419886395335197.
[I 2024-12-26 12:39:01,151] Trial 1746 finished with value: 0.022416362538933754 and parameters: {'L1_hidden_dim': 160, 'L1_layers_atom': 4, 'L1_layers_mol': 3, 'L1_dropout': 0.037946061325426376, 'L1_out_dim': 32, 'L2_hidden_dim': 176, 'L2_layers_atom': 1, 'L2_layers_mol': 4, 'L2_out_dim': 80, 'L2_dropout': 0.06827576418814636, 'L3_hidden_dim': 96, 'L3_layers_atom': 4, 'L3_layers_mol': 1, 'L3_out_dim': 128, 'L3_dropout': 0.10716007279090257, 'n_mlp_layers': 3, 'mlp_dim_0': 472, 'mlp_dim_1': 248, 'mlp_dim_2': 440, 'num_heads': 1, 'final_dropout': 0.11543142625053449, 'train_learning_rate': 0.0035157595052718585, 'train_lr_reduce': 0.6}. Best is trial 1073 with value: 0.009419886395335197.
[I 2024-12-26 12:39:28,903] Trial 1745 finished with value: 0.01007890049368143 and parameters: {'L1_hidden_dim': 112, 'L1_layers_atom': 4, 'L1_layers_mol': 1, 'L1_dropout': 0.010806969540857607, 'L1_out_dim': 112, 'L2_hidden_dim': 224, 'L2_layers_atom': 2, 'L2_layers_mol': 4, 'L2_out_dim': 128, 'L2_dropout': 0.006886112806674151, 'L3_hidden_dim': 112, 'L3_layers_atom': 4, 'L3_layers_mol': 1, 'L3_out_dim': 96, 'L3_dropout': 0.06944371131453597, 'n_mlp_layers': 3, 'mlp_dim_0': 416, 'mlp_dim_1': 272, 'mlp_dim_2': 408, 'num_heads': 2, 'final_dropout': 0.1804650248356182, 'train_learning_rate': 0.0002533494451045332, 'train_lr_reduce': 0.6}. Best is trial 1073 with value: 0.009419886395335197.
[I 2024-12-26 12:40:17,702] Trial 1747 finished with value: 0.010837855748832226 and parameters: {'L1_hidden_dim': 144, 'L1_layers_atom': 4, 'L1_layers_mol': 1, 'L1_dropout': 0.015908789637763775, 'L1_out_dim': 64, 'L2_hidden_dim': 240, 'L2_layers_atom': 2, 'L2_layers_mol': 1, 'L2_out_dim': 96, 'L2_dropout': 0.01472844511544169, 'L3_hidden_dim': 48, 'L3_layers_atom': 3, 'L3_layers_mol': 2, 'L3_out_dim': 128, 'L3_dropout': 0.12619176293346065, 'n_mlp_layers': 3, 'mlp_dim_0': 392, 'mlp_dim_1': 304, 'mlp_dim_2': 512, 'num_heads': 1, 'final_dropout': 0.2530808349822733, 'train_learning_rate': 0.00035134393478892097, 'train_lr_reduce': 0.6}. Best is trial 1073 with value: 0.009419886395335197.
[I 2024-12-26 12:41:51,002] Trial 1748 finished with value: 0.014366760849952698 and parameters: {'L1_hidden_dim': 208, 'L1_layers_atom': 3, 'L1_layers_mol': 1, 'L1_dropout': 0.06670366549203297, 'L1_out_dim': 112, 'L2_hidden_dim': 176, 'L2_layers_atom': 1, 'L2_layers_mol': 4, 'L2_out_dim': 80, 'L2_dropout': 0.036369471705142056, 'L3_hidden_dim': 80, 'L3_layers_atom': 4, 'L3_layers_mol': 1, 'L3_out_dim': 64, 'L3_dropout': 0.05685410783124836, 'n_mlp_layers': 3, 'mlp_dim_0': 248, 'mlp_dim_1': 248, 'mlp_dim_2': 472, 'num_heads': 2, 'final_dropout': 0.053801254926829106, 'train_learning_rate': 0.0002087193205974847, 'train_lr_reduce': 0.6}. Best is trial 1073 with value: 0.009419886395335197.
[I 2024-12-26 12:42:09,000] Trial 1749 finished with value: 0.011530603282153606 and parameters: {'L1_hidden_dim': 64, 'L1_layers_atom': 3, 'L1_layers_mol': 2, 'L1_dropout': 0.029629688577355567, 'L1_out_dim': 32, 'L2_hidden_dim': 176, 'L2_layers_atom': 1, 'L2_layers_mol': 4, 'L2_out_dim': 128, 'L2_dropout': 0.07533680678815319, 'L3_hidden_dim': 96, 'L3_layers_atom': 3, 'L3_layers_mol': 1, 'L3_out_dim': 128, 'L3_dropout': 0.07294878620510523, 'n_mlp_layers': 3, 'mlp_dim_0': 368, 'mlp_dim_1': 184, 'mlp_dim_2': 392, 'num_heads': 2, 'final_dropout': 0.15980784212245885, 'train_learning_rate': 0.0011324676345605333, 'train_lr_reduce': 0.6}. Best is trial 1073 with value: 0.009419886395335197.
[I 2024-12-26 12:42:50,829] Trial 1750 finished with value: 0.012122570537030697 and parameters: {'L1_hidden_dim': 208, 'L1_layers_atom': 1, 'L1_layers_mol': 1, 'L1_dropout': 0.07357644284443973, 'L1_out_dim': 64, 'L2_hidden_dim': 240, 'L2_layers_atom': 2, 'L2_layers_mol': 2, 'L2_out_dim': 96, 'L2_dropout': 0.027051425832171523, 'L3_hidden_dim': 128, 'L3_layers_atom': 4, 'L3_layers_mol': 2, 'L3_out_dim': 112, 'L3_dropout': 0.03354253895331576, 'n_mlp_layers': 3, 'mlp_dim_0': 232, 'mlp_dim_1': 320, 'mlp_dim_2': 440, 'num_heads': 2, 'final_dropout': 0.018403304445638587, 'train_learning_rate': 0.0014587967384572785, 'train_lr_reduce': 0.6}. Best is trial 1073 with value: 0.009419886395335197.
[I 2024-12-26 12:44:49,366] Trial 1751 finished with value: 0.018952656537294388 and parameters: {'L1_hidden_dim': 80, 'L1_layers_atom': 2, 'L1_layers_mol': 2, 'L1_dropout': 0.09199842165504937, 'L1_out_dim': 80, 'L2_hidden_dim': 192, 'L2_layers_atom': 1, 'L2_layers_mol': 4, 'L2_out_dim': 128, 'L2_dropout': 0.021548322584838225, 'L3_hidden_dim': 64, 'L3_layers_atom': 4, 'L3_layers_mol': 1, 'L3_out_dim': 128, 'L3_dropout': 0.13651141633824998, 'n_mlp_layers': 3, 'mlp_dim_0': 488, 'mlp_dim_1': 256, 'mlp_dim_2': 472, 'num_heads': 2, 'final_dropout': 0.1489014497575855, 'train_learning_rate': 0.00013010574496913384, 'train_lr_reduce': 0.6}. Best is trial 1073 with value: 0.009419886395335197.
[I 2024-12-26 12:44:56,670] Trial 1752 finished with value: 0.01411934569478035 and parameters: {'L1_hidden_dim': 144, 'L1_layers_atom': 1, 'L1_layers_mol': 1, 'L1_dropout': 0.050487421978856445, 'L1_out_dim': 112, 'L2_hidden_dim': 128, 'L2_layers_atom': 2, 'L2_layers_mol': 3, 'L2_out_dim': 64, 'L2_dropout': 0.07672110280471868, 'L3_hidden_dim': 80, 'L3_layers_atom': 4, 'L3_layers_mol': 1, 'L3_out_dim': 64, 'L3_dropout': 0.0005140260704297045, 'n_mlp_layers': 3, 'mlp_dim_0': 344, 'mlp_dim_1': 312, 'mlp_dim_2': 400, 'num_heads': 1, 'final_dropout': 0.003065854692004327, 'train_learning_rate': 0.000584425961162356, 'train_lr_reduce': 0.6}. Best is trial 1073 with value: 0.009419886395335197.
[I 2024-12-26 12:45:17,069] Trial 1753 finished with value: 0.013908256776630878 and parameters: {'L1_hidden_dim': 160, 'L1_layers_atom': 2, 'L1_layers_mol': 1, 'L1_dropout': 0.06896824806001121, 'L1_out_dim': 64, 'L2_hidden_dim': 160, 'L2_layers_atom': 2, 'L2_layers_mol': 2, 'L2_out_dim': 112, 'L2_dropout': 0.0007400385171030689, 'L3_hidden_dim': 112, 'L3_layers_atom': 3, 'L3_layers_mol': 2, 'L3_out_dim': 128, 'L3_dropout': 0.07945319628735059, 'n_mlp_layers': 3, 'mlp_dim_0': 288, 'mlp_dim_1': 272, 'mlp_dim_2': 512, 'num_heads': 2, 'final_dropout': 0.04104367889383572, 'train_learning_rate': 0.0025163424599948755, 'train_lr_reduce': 0.6}. Best is trial 1073 with value: 0.009419886395335197.
[I 2024-12-26 12:47:14,606] Trial 1755 finished with value: 0.013589639216661453 and parameters: {'L1_hidden_dim': 96, 'L1_layers_atom': 1, 'L1_layers_mol': 3, 'L1_dropout': 0.08910388429671112, 'L1_out_dim': 48, 'L2_hidden_dim': 208, 'L2_layers_atom': 2, 'L2_layers_mol': 4, 'L2_out_dim': 96, 'L2_dropout': 0.010163871266688877, 'L3_hidden_dim': 64, 'L3_layers_atom': 3, 'L3_layers_mol': 1, 'L3_out_dim': 96, 'L3_dropout': 0.039515534615548416, 'n_mlp_layers': 3, 'mlp_dim_0': 496, 'mlp_dim_1': 312, 'mlp_dim_2': 440, 'num_heads': 2, 'final_dropout': 0.01318951105295961, 'train_learning_rate': 0.0011332825284096596, 'train_lr_reduce': 0.6}. Best is trial 1073 with value: 0.009419886395335197.
[I 2024-12-26 12:47:17,754] Trial 1756 finished with value: 0.012103654444217682 and parameters: {'L1_hidden_dim': 192, 'L1_layers_atom': 3, 'L1_layers_mol': 2, 'L1_dropout': 0.04088429103321138, 'L1_out_dim': 32, 'L2_hidden_dim': 256, 'L2_layers_atom': 1, 'L2_layers_mol': 3, 'L2_out_dim': 80, 'L2_dropout': 0.027045317095942482, 'L3_hidden_dim': 96, 'L3_layers_atom': 3, 'L3_layers_mol': 2, 'L3_out_dim': 80, 'L3_dropout': 0.12495016993610467, 'n_mlp_layers': 3, 'mlp_dim_0': 344, 'mlp_dim_1': 224, 'mlp_dim_2': 480, 'num_heads': 1, 'final_dropout': 0.1567347018571602, 'train_learning_rate': 0.00028212658951191856, 'train_lr_reduce': 0.6}. Best is trial 1073 with value: 0.009419886395335197.
[I 2024-12-26 12:47:35,829] Trial 1754 finished with value: 0.011548873037099838 and parameters: {'L1_hidden_dim': 128, 'L1_layers_atom': 3, 'L1_layers_mol': 3, 'L1_dropout': 0.026399530998616298, 'L1_out_dim': 32, 'L2_hidden_dim': 176, 'L2_layers_atom': 1, 'L2_layers_mol': 2, 'L2_out_dim': 80, 'L2_dropout': 0.0375725193956093, 'L3_hidden_dim': 96, 'L3_layers_atom': 4, 'L3_layers_mol': 1, 'L3_out_dim': 80, 'L3_dropout': 0.09284328927883975, 'n_mlp_layers': 3, 'mlp_dim_0': 472, 'mlp_dim_1': 208, 'mlp_dim_2': 440, 'num_heads': 2, 'final_dropout': 0.12425357331030251, 'train_learning_rate': 0.0003918457302951809, 'train_lr_reduce': 0.6}. Best is trial 1073 with value: 0.009419886395335197.
[I 2024-12-26 12:49:22,910] Trial 1758 finished with value: 0.012364140711724758 and parameters: {'L1_hidden_dim': 192, 'L1_layers_atom': 2, 'L1_layers_mol': 3, 'L1_dropout': 0.02325476881415919, 'L1_out_dim': 64, 'L2_hidden_dim': 224, 'L2_layers_atom': 2, 'L2_layers_mol': 3, 'L2_out_dim': 128, 'L2_dropout': 0.03205109033985486, 'L3_hidden_dim': 80, 'L3_layers_atom': 4, 'L3_layers_mol': 1, 'L3_out_dim': 112, 'L3_dropout': 0.014841201685558636, 'n_mlp_layers': 3, 'mlp_dim_0': 296, 'mlp_dim_1': 320, 'mlp_dim_2': 472, 'num_heads': 1, 'final_dropout': 0.14858619950793, 'train_learning_rate': 0.0011189852674932555, 'train_lr_reduce': 0.6}. Best is trial 1073 with value: 0.009419886395335197.
[I 2024-12-26 12:49:26,123] Trial 1757 finished with value: 0.011362194083631039 and parameters: {'L1_hidden_dim': 96, 'L1_layers_atom': 3, 'L1_layers_mol': 2, 'L1_dropout': 0.006497045657085108, 'L1_out_dim': 64, 'L2_hidden_dim': 208, 'L2_layers_atom': 1, 'L2_layers_mol': 4, 'L2_out_dim': 128, 'L2_dropout': 0.003789897666293076, 'L3_hidden_dim': 96, 'L3_layers_atom': 4, 'L3_layers_mol': 1, 'L3_out_dim': 128, 'L3_dropout': 0.0075518911639137175, 'n_mlp_layers': 3, 'mlp_dim_0': 336, 'mlp_dim_1': 288, 'mlp_dim_2': 400, 'num_heads': 2, 'final_dropout': 0.1455481634550651, 'train_learning_rate': 0.0008449859180206479, 'train_lr_reduce': 0.6}. Best is trial 1073 with value: 0.009419886395335197.
[I 2024-12-26 12:49:42,312] Trial 1759 finished with value: 0.01236308366060257 and parameters: {'L1_hidden_dim': 224, 'L1_layers_atom': 2, 'L1_layers_mol': 1, 'L1_dropout': 0.09636994048821547, 'L1_out_dim': 112, 'L2_hidden_dim': 256, 'L2_layers_atom': 1, 'L2_layers_mol': 4, 'L2_out_dim': 96, 'L2_dropout': 0.045491202510500796, 'L3_hidden_dim': 32, 'L3_layers_atom': 4, 'L3_layers_mol': 1, 'L3_out_dim': 64, 'L3_dropout': 0.004284453581740212, 'n_mlp_layers': 3, 'mlp_dim_0': 368, 'mlp_dim_1': 256, 'mlp_dim_2': 512, 'num_heads': 2, 'final_dropout': 0.09536763509870907, 'train_learning_rate': 0.0005250168512399397, 'train_lr_reduce': 0.6}. Best is trial 1073 with value: 0.009419886395335197.
[I 2024-12-26 12:52:02,644] Trial 1761 finished with value: 0.013571277260780334 and parameters: {'L1_hidden_dim': 192, 'L1_layers_atom': 3, 'L1_layers_mol': 3, 'L1_dropout': 0.10962267198510435, 'L1_out_dim': 48, 'L2_hidden_dim': 240, 'L2_layers_atom': 1, 'L2_layers_mol': 3, 'L2_out_dim': 112, 'L2_dropout': 0.018949552447664934, 'L3_hidden_dim': 96, 'L3_layers_atom': 3, 'L3_layers_mol': 1, 'L3_out_dim': 112, 'L3_dropout': 0.12262708521659374, 'n_mlp_layers': 3, 'mlp_dim_0': 376, 'mlp_dim_1': 312, 'mlp_dim_2': 432, 'num_heads': 1, 'final_dropout': 0.14925453755760207, 'train_learning_rate': 0.0014517255010810665, 'train_lr_reduce': 0.6}. Best is trial 1073 with value: 0.009419886395335197.
