[I 2024-12-26 21:59:25,734] Trial 2417 finished with value: 0.011060267686843872 and parameters: {'L1_hidden_dim': 256, 'L1_layers_atom': 3, 'L1_layers_mol': 3, 'L1_dropout': 0.0937295709330663, 'L1_out_dim': 48, 'L2_hidden_dim': 240, 'L2_layers_atom': 1, 'L2_layers_mol': 3, 'L2_out_dim': 112, 'L2_dropout': 0.0032962181950991513, 'L3_hidden_dim': 96, 'L3_layers_atom': 2, 'L3_layers_mol': 3, 'L3_out_dim': 96, 'L3_dropout': 0.26083644306817033, 'n_mlp_layers': 3, 'mlp_dim_0': 512, 'mlp_dim_1': 312, 'mlp_dim_2': 408, 'num_heads': 1, 'final_dropout': 0.154085777369187, 'train_learning_rate': 0.0009057677395872642, 'train_lr_reduce': 0.6}. Best is trial 2183 with value: 0.009310361929237843.
[I 2024-12-26 22:00:31,161] Trial 2418 finished with value: 0.051849670708179474 and parameters: {'L1_hidden_dim': 192, 'L1_layers_atom': 1, 'L1_layers_mol': 1, 'L1_dropout': 0.17684893344134853, 'L1_out_dim': 80, 'L2_hidden_dim': 208, 'L2_layers_atom': 3, 'L2_layers_mol': 1, 'L2_out_dim': 80, 'L2_dropout': 0.16957927689352303, 'L3_hidden_dim': 128, 'L3_layers_atom': 2, 'L3_layers_mol': 4, 'L3_out_dim': 96, 'L3_dropout': 0.16297877806744912, 'n_mlp_layers': 3, 'mlp_dim_0': 288, 'mlp_dim_1': 368, 'mlp_dim_2': 368, 'num_heads': 1, 'final_dropout': 0.14735482439622688, 'train_learning_rate': 0.004359734394450332, 'train_lr_reduce': 0.6}. Best is trial 2183 with value: 0.009310361929237843.
[I 2024-12-26 22:01:13,846] Trial 2419 finished with value: 0.013431527651846409 and parameters: {'L1_hidden_dim': 96, 'L1_layers_atom': 2, 'L1_layers_mol': 2, 'L1_dropout': 0.036899103209855295, 'L1_out_dim': 96, 'L2_hidden_dim': 224, 'L2_layers_atom': 3, 'L2_layers_mol': 3, 'L2_out_dim': 80, 'L2_dropout': 0.17144409282530204, 'L3_hidden_dim': 64, 'L3_layers_atom': 1, 'L3_layers_mol': 1, 'L3_out_dim': 112, 'L3_dropout': 0.02575228636762615, 'n_mlp_layers': 3, 'mlp_dim_0': 448, 'mlp_dim_1': 512, 'mlp_dim_2': 480, 'num_heads': 2, 'final_dropout': 0.08335297974236483, 'train_learning_rate': 0.0012967584194661665, 'train_lr_reduce': 0.6}. Best is trial 2183 with value: 0.009310361929237843.
[I 2024-12-26 22:01:41,321] Trial 2420 finished with value: 0.012875856831669807 and parameters: {'L1_hidden_dim': 224, 'L1_layers_atom': 1, 'L1_layers_mol': 3, 'L1_dropout': 0.11513894439969588, 'L1_out_dim': 32, 'L2_hidden_dim': 128, 'L2_layers_atom': 1, 'L2_layers_mol': 1, 'L2_out_dim': 80, 'L2_dropout': 0.0038079349590501195, 'L3_hidden_dim': 112, 'L3_layers_atom': 4, 'L3_layers_mol': 4, 'L3_out_dim': 112, 'L3_dropout': 0.17108848406641522, 'n_mlp_layers': 1, 'mlp_dim_0': 376, 'num_heads': 1, 'final_dropout': 0.23743226526262523, 'train_learning_rate': 0.00046053121558246396, 'train_lr_reduce': 0.6}. Best is trial 2183 with value: 0.009310361929237843.
[I 2024-12-26 22:03:26,132] Trial 2421 finished with value: 0.020788248628377914 and parameters: {'L1_hidden_dim': 224, 'L1_layers_atom': 4, 'L1_layers_mol': 4, 'L1_dropout': 0.13776246175961546, 'L1_out_dim': 48, 'L2_hidden_dim': 208, 'L2_layers_atom': 4, 'L2_layers_mol': 1, 'L2_out_dim': 80, 'L2_dropout': 0.20838822061651496, 'L3_hidden_dim': 64, 'L3_layers_atom': 1, 'L3_layers_mol': 1, 'L3_out_dim': 80, 'L3_dropout': 0.1673617486269396, 'n_mlp_layers': 1, 'mlp_dim_0': 456, 'num_heads': 2, 'final_dropout': 0.07271171787899756, 'train_learning_rate': 0.006438360736057577, 'train_lr_reduce': 0.6}. Best is trial 2183 with value: 0.009310361929237843.
[I 2024-12-26 22:03:58,181] Trial 2423 finished with value: 0.009869033470749855 and parameters: {'L1_hidden_dim': 160, 'L1_layers_atom': 2, 'L1_layers_mol': 1, 'L1_dropout': 0.003290796468469144, 'L1_out_dim': 128, 'L2_hidden_dim': 192, 'L2_layers_atom': 1, 'L2_layers_mol': 3, 'L2_out_dim': 80, 'L2_dropout': 0.02295387203672575, 'L3_hidden_dim': 64, 'L3_layers_atom': 4, 'L3_layers_mol': 1, 'L3_out_dim': 80, 'L3_dropout': 0.05311510007947823, 'n_mlp_layers': 3, 'mlp_dim_0': 432, 'mlp_dim_1': 416, 'mlp_dim_2': 312, 'num_heads': 2, 'final_dropout': 0.07976717193595889, 'train_learning_rate': 0.0006121129655486486, 'train_lr_reduce': 0.6}. Best is trial 2183 with value: 0.009310361929237843.
[I 2024-12-26 22:04:28,107] Trial 2422 finished with value: 0.013248530216515064 and parameters: {'L1_hidden_dim': 176, 'L1_layers_atom': 1, 'L1_layers_mol': 1, 'L1_dropout': 0.1699557406955136, 'L1_out_dim': 32, 'L2_hidden_dim': 96, 'L2_layers_atom': 2, 'L2_layers_mol': 1, 'L2_out_dim': 80, 'L2_dropout': 0.0011275967259263917, 'L3_hidden_dim': 112, 'L3_layers_atom': 4, 'L3_layers_mol': 4, 'L3_out_dim': 96, 'L3_dropout': 0.19560866834071747, 'n_mlp_layers': 1, 'mlp_dim_0': 448, 'num_heads': 2, 'final_dropout': 0.20556593808352563, 'train_learning_rate': 0.00017516992058042705, 'train_lr_reduce': 0.6}. Best is trial 2183 with value: 0.009310361929237843.
[I 2024-12-26 22:06:14,584] Trial 2424 finished with value: 0.0880112498998642 and parameters: {'L1_hidden_dim': 128, 'L1_layers_atom': 2, 'L1_layers_mol': 3, 'L1_dropout': 0.284408353075691, 'L1_out_dim': 96, 'L2_hidden_dim': 96, 'L2_layers_atom': 4, 'L2_layers_mol': 4, 'L2_out_dim': 48, 'L2_dropout': 0.03111472429248835, 'L3_hidden_dim': 64, 'L3_layers_atom': 3, 'L3_layers_mol': 4, 'L3_out_dim': 128, 'L3_dropout': 0.15242416080427668, 'n_mlp_layers': 1, 'mlp_dim_0': 504, 'num_heads': 2, 'final_dropout': 0.2052647713294474, 'train_learning_rate': 0.0005161587980060018, 'train_lr_reduce': 0.6}. Best is trial 2183 with value: 0.009310361929237843.
[I 2024-12-26 22:07:00,124] Trial 2426 finished with value: 0.012550470419228077 and parameters: {'L1_hidden_dim': 64, 'L1_layers_atom': 3, 'L1_layers_mol': 2, 'L1_dropout': 0.013526237011172873, 'L1_out_dim': 96, 'L2_hidden_dim': 240, 'L2_layers_atom': 1, 'L2_layers_mol': 4, 'L2_out_dim': 128, 'L2_dropout': 0.09531258083850086, 'L3_hidden_dim': 96, 'L3_layers_atom': 4, 'L3_layers_mol': 1, 'L3_out_dim': 112, 'L3_dropout': 0.005733940621683416, 'n_mlp_layers': 3, 'mlp_dim_0': 440, 'mlp_dim_1': 384, 'mlp_dim_2': 288, 'num_heads': 2, 'final_dropout': 0.03121479998534791, 'train_learning_rate': 0.00025396363013242807, 'train_lr_reduce': 0.6}. Best is trial 2183 with value: 0.009310361929237843.
[I 2024-12-26 22:07:15,138] Trial 2425 finished with value: 0.03205843269824982 and parameters: {'L1_hidden_dim': 208, 'L1_layers_atom': 2, 'L1_layers_mol': 4, 'L1_dropout': 0.25729615636811, 'L1_out_dim': 32, 'L2_hidden_dim': 176, 'L2_layers_atom': 2, 'L2_layers_mol': 3, 'L2_out_dim': 112, 'L2_dropout': 0.11135386315779378, 'L3_hidden_dim': 128, 'L3_layers_atom': 4, 'L3_layers_mol': 1, 'L3_out_dim': 32, 'L3_dropout': 0.19520931396097901, 'n_mlp_layers': 1, 'mlp_dim_0': 384, 'num_heads': 2, 'final_dropout': 0.15730910369303425, 'train_learning_rate': 0.0017928681731321722, 'train_lr_reduce': 0.6}. Best is trial 2183 with value: 0.009310361929237843.
[I 2024-12-26 22:09:27,660] Trial 2427 finished with value: 0.015317616052925587 and parameters: {'L1_hidden_dim': 176, 'L1_layers_atom': 3, 'L1_layers_mol': 1, 'L1_dropout': 0.045401463954718786, 'L1_out_dim': 112, 'L2_hidden_dim': 208, 'L2_layers_atom': 1, 'L2_layers_mol': 2, 'L2_out_dim': 48, 'L2_dropout': 0.11200708722981748, 'L3_hidden_dim': 64, 'L3_layers_atom': 4, 'L3_layers_mol': 2, 'L3_out_dim': 80, 'L3_dropout': 0.02606098572965432, 'n_mlp_layers': 3, 'mlp_dim_0': 280, 'mlp_dim_1': 400, 'mlp_dim_2': 320, 'num_heads': 2, 'final_dropout': 0.039296179259635966, 'train_learning_rate': 0.001953892412769834, 'train_lr_reduce': 0.6}. Best is trial 2183 with value: 0.009310361929237843.
[I 2024-12-26 22:09:39,527] Trial 2428 finished with value: 0.023431478068232536 and parameters: {'L1_hidden_dim': 208, 'L1_layers_atom': 3, 'L1_layers_mol': 1, 'L1_dropout': 0.06490087578483743, 'L1_out_dim': 64, 'L2_hidden_dim': 144, 'L2_layers_atom': 4, 'L2_layers_mol': 2, 'L2_out_dim': 112, 'L2_dropout': 0.08814037868321623, 'L3_hidden_dim': 48, 'L3_layers_atom': 2, 'L3_layers_mol': 4, 'L3_out_dim': 64, 'L3_dropout': 0.2616058014851977, 'n_mlp_layers': 3, 'mlp_dim_0': 312, 'mlp_dim_1': 456, 'mlp_dim_2': 312, 'num_heads': 2, 'final_dropout': 0.02729231042605973, 'train_learning_rate': 0.00015996091056484288, 'train_lr_reduce': 0.6}. Best is trial 2183 with value: 0.009310361929237843.
[I 2024-12-26 22:09:52,005] Trial 2429 finished with value: 0.017678534612059593 and parameters: {'L1_hidden_dim': 128, 'L1_layers_atom': 1, 'L1_layers_mol': 2, 'L1_dropout': 0.08958544707155448, 'L1_out_dim': 80, 'L2_hidden_dim': 256, 'L2_layers_atom': 1, 'L2_layers_mol': 4, 'L2_out_dim': 64, 'L2_dropout': 0.010163577719057718, 'L3_hidden_dim': 64, 'L3_layers_atom': 4, 'L3_layers_mol': 1, 'L3_out_dim': 112, 'L3_dropout': 0.01995665882263887, 'n_mlp_layers': 3, 'mlp_dim_0': 424, 'mlp_dim_1': 424, 'mlp_dim_2': 320, 'num_heads': 2, 'final_dropout': 0.10831918075865991, 'train_learning_rate': 0.0013881576844063947, 'train_lr_reduce': 0.6}. Best is trial 2183 with value: 0.009310361929237843.
[I 2024-12-26 22:12:30,124] Trial 2430 finished with value: 0.012299786321818829 and parameters: {'L1_hidden_dim': 128, 'L1_layers_atom': 3, 'L1_layers_mol': 2, 'L1_dropout': 0.002360220790635823, 'L1_out_dim': 96, 'L2_hidden_dim': 256, 'L2_layers_atom': 1, 'L2_layers_mol': 4, 'L2_out_dim': 128, 'L2_dropout': 0.05554045014822313, 'L3_hidden_dim': 80, 'L3_layers_atom': 3, 'L3_layers_mol': 1, 'L3_out_dim': 64, 'L3_dropout': 0.05207944282218502, 'n_mlp_layers': 3, 'mlp_dim_0': 424, 'mlp_dim_1': 416, 'mlp_dim_2': 296, 'num_heads': 2, 'final_dropout': 0.2540952465130545, 'train_learning_rate': 0.0013984070379875495, 'train_lr_reduce': 0.6}. Best is trial 2183 with value: 0.009310361929237843.
[I 2024-12-26 22:12:38,745] Trial 2431 finished with value: 0.07494430989027023 and parameters: {'L1_hidden_dim': 112, 'L1_layers_atom': 2, 'L1_layers_mol': 4, 'L1_dropout': 0.0861800556194789, 'L1_out_dim': 32, 'L2_hidden_dim': 224, 'L2_layers_atom': 4, 'L2_layers_mol': 3, 'L2_out_dim': 48, 'L2_dropout': 0.23751027797659174, 'L3_hidden_dim': 96, 'L3_layers_atom': 1, 'L3_layers_mol': 4, 'L3_out_dim': 96, 'L3_dropout': 0.02334021230440489, 'n_mlp_layers': 2, 'mlp_dim_0': 120, 'mlp_dim_1': 424, 'num_heads': 1, 'final_dropout': 0.09828803458994284, 'train_learning_rate': 0.009156034662911719, 'train_lr_reduce': 0.6}. Best is trial 2183 with value: 0.009310361929237843.
[I 2024-12-26 22:13:17,533] Trial 2432 finished with value: 0.03223297372460365 and parameters: {'L1_hidden_dim': 224, 'L1_layers_atom': 3, 'L1_layers_mol': 4, 'L1_dropout': 0.17756031532747113, 'L1_out_dim': 48, 'L2_hidden_dim': 112, 'L2_layers_atom': 2, 'L2_layers_mol': 1, 'L2_out_dim': 96, 'L2_dropout': 0.28591283274980495, 'L3_hidden_dim': 32, 'L3_layers_atom': 4, 'L3_layers_mol': 2, 'L3_out_dim': 64, 'L3_dropout': 0.2621378735119845, 'n_mlp_layers': 1, 'mlp_dim_0': 136, 'num_heads': 2, 'final_dropout': 0.1667714170743249, 'train_learning_rate': 0.001463031331217613, 'train_lr_reduce': 0.6}. Best is trial 2183 with value: 0.009310361929237843.
[I 2024-12-26 22:14:48,362] Trial 2433 finished with value: 0.053942713886499405 and parameters: {'L1_hidden_dim': 144, 'L1_layers_atom': 3, 'L1_layers_mol': 1, 'L1_dropout': 0.2095438914218858, 'L1_out_dim': 32, 'L2_hidden_dim': 64, 'L2_layers_atom': 1, 'L2_layers_mol': 4, 'L2_out_dim': 112, 'L2_dropout': 0.11798553855687668, 'L3_hidden_dim': 112, 'L3_layers_atom': 1, 'L3_layers_mol': 4, 'L3_out_dim': 64, 'L3_dropout': 0.19192622642864585, 'n_mlp_layers': 3, 'mlp_dim_0': 280, 'mlp_dim_1': 416, 'mlp_dim_2': 312, 'num_heads': 2, 'final_dropout': 0.04569706124383907, 'train_learning_rate': 0.00012459916029256864, 'train_lr_reduce': 0.6}. Best is trial 2183 with value: 0.009310361929237843.
[I 2024-12-26 22:15:24,012] Trial 2434 finished with value: 0.0135254617780447 and parameters: {'L1_hidden_dim': 80, 'L1_layers_atom': 4, 'L1_layers_mol': 2, 'L1_dropout': 0.028715796303429596, 'L1_out_dim': 32, 'L2_hidden_dim': 256, 'L2_layers_atom': 1, 'L2_layers_mol': 3, 'L2_out_dim': 128, 'L2_dropout': 0.04434989518064705, 'L3_hidden_dim': 80, 'L3_layers_atom': 2, 'L3_layers_mol': 1, 'L3_out_dim': 128, 'L3_dropout': 0.06570241531541453, 'n_mlp_layers': 3, 'mlp_dim_0': 344, 'mlp_dim_1': 416, 'mlp_dim_2': 368, 'num_heads': 2, 'final_dropout': 0.013819849542876322, 'train_learning_rate': 0.0010308728647580362, 'train_lr_reduce': 0.6}. Best is trial 2183 with value: 0.009310361929237843.
[I 2024-12-26 22:16:18,656] Trial 2435 finished with value: 0.01955302245914936 and parameters: {'L1_hidden_dim': 80, 'L1_layers_atom': 4, 'L1_layers_mol': 4, 'L1_dropout': 0.05866588333234564, 'L1_out_dim': 96, 'L2_hidden_dim': 240, 'L2_layers_atom': 3, 'L2_layers_mol': 1, 'L2_out_dim': 32, 'L2_dropout': 0.20352353530243086, 'L3_hidden_dim': 128, 'L3_layers_atom': 3, 'L3_layers_mol': 4, 'L3_out_dim': 80, 'L3_dropout': 0.11732961849368566, 'n_mlp_layers': 2, 'mlp_dim_0': 512, 'mlp_dim_1': 408, 'num_heads': 1, 'final_dropout': 0.19226264880021043, 'train_learning_rate': 0.0010794043368949518, 'train_lr_reduce': 0.6}. Best is trial 2183 with value: 0.009310361929237843.
[I 2024-12-26 22:17:00,191] Trial 2436 finished with value: 0.010098028928041458 and parameters: {'L1_hidden_dim': 128, 'L1_layers_atom': 3, 'L1_layers_mol': 1, 'L1_dropout': 0.008756755679720441, 'L1_out_dim': 128, 'L2_hidden_dim': 176, 'L2_layers_atom': 1, 'L2_layers_mol': 2, 'L2_out_dim': 96, 'L2_dropout': 0.030232094262921685, 'L3_hidden_dim': 64, 'L3_layers_atom': 4, 'L3_layers_mol': 1, 'L3_out_dim': 96, 'L3_dropout': 0.04723575115362544, 'n_mlp_layers': 3, 'mlp_dim_0': 400, 'mlp_dim_1': 432, 'mlp_dim_2': 296, 'num_heads': 2, 'final_dropout': 0.056249447705193356, 'train_learning_rate': 0.0004697160249985599, 'train_lr_reduce': 0.6}. Best is trial 2183 with value: 0.009310361929237843.
[I 2024-12-26 22:18:31,932] Trial 2437 finished with value: 0.02450246922671795 and parameters: {'L1_hidden_dim': 112, 'L1_layers_atom': 4, 'L1_layers_mol': 4, 'L1_dropout': 0.017326996181139045, 'L1_out_dim': 96, 'L2_hidden_dim': 256, 'L2_layers_atom': 2, 'L2_layers_mol': 4, 'L2_out_dim': 32, 'L2_dropout': 0.056737928851127446, 'L3_hidden_dim': 64, 'L3_layers_atom': 3, 'L3_layers_mol': 1, 'L3_out_dim': 128, 'L3_dropout': 0.09311014902263241, 'n_mlp_layers': 3, 'mlp_dim_0': 192, 'mlp_dim_1': 448, 'mlp_dim_2': 304, 'num_heads': 1, 'final_dropout': 0.12443220536965093, 'train_learning_rate': 0.00014801593157360063, 'train_lr_reduce': 0.6}. Best is trial 2183 with value: 0.009310361929237843.
[I 2024-12-26 22:19:27,252] Trial 2438 finished with value: 0.1605081856250763 and parameters: {'L1_hidden_dim': 192, 'L1_layers_atom': 3, 'L1_layers_mol': 2, 'L1_dropout': 0.07584193060651846, 'L1_out_dim': 128, 'L2_hidden_dim': 80, 'L2_layers_atom': 3, 'L2_layers_mol': 4, 'L2_out_dim': 96, 'L2_dropout': 0.2249249139324026, 'L3_hidden_dim': 64, 'L3_layers_atom': 2, 'L3_layers_mol': 4, 'L3_out_dim': 96, 'L3_dropout': 0.13521116007145553, 'n_mlp_layers': 3, 'mlp_dim_0': 368, 'mlp_dim_1': 400, 'mlp_dim_2': 304, 'num_heads': 2, 'final_dropout': 0.1773349416352812, 'train_learning_rate': 0.00016919393611930506, 'train_lr_reduce': 0.6}. Best is trial 2183 with value: 0.009310361929237843.
[I 2024-12-26 22:19:49,852] Trial 2439 finished with value: 0.03110584430396557 and parameters: {'L1_hidden_dim': 128, 'L1_layers_atom': 1, 'L1_layers_mol': 4, 'L1_dropout': 0.08932831711673958, 'L1_out_dim': 128, 'L2_hidden_dim': 224, 'L2_layers_atom': 4, 'L2_layers_mol': 3, 'L2_out_dim': 128, 'L2_dropout': 0.07856766852810344, 'L3_hidden_dim': 128, 'L3_layers_atom': 3, 'L3_layers_mol': 2, 'L3_out_dim': 112, 'L3_dropout': 0.0996691153856124, 'n_mlp_layers': 3, 'mlp_dim_0': 280, 'mlp_dim_1': 432, 'mlp_dim_2': 328, 'num_heads': 2, 'final_dropout': 0.2243853127647767, 'train_learning_rate': 0.006656994593329863, 'train_lr_reduce': 0.6}. Best is trial 2183 with value: 0.009310361929237843.
[I 2024-12-26 22:21:36,009] Trial 2441 finished with value: 0.012755993753671646 and parameters: {'L1_hidden_dim': 112, 'L1_layers_atom': 1, 'L1_layers_mol': 2, 'L1_dropout': 0.12251483899351359, 'L1_out_dim': 96, 'L2_hidden_dim': 192, 'L2_layers_atom': 1, 'L2_layers_mol': 2, 'L2_out_dim': 112, 'L2_dropout': 0.0392680651586713, 'L3_hidden_dim': 64, 'L3_layers_atom': 4, 'L3_layers_mol': 1, 'L3_out_dim': 128, 'L3_dropout': 0.05569235428746347, 'n_mlp_layers': 3, 'mlp_dim_0': 456, 'mlp_dim_1': 440, 'mlp_dim_2': 296, 'num_heads': 1, 'final_dropout': 0.07300151386495068, 'train_learning_rate': 0.0003181910335666275, 'train_lr_reduce': 0.6}. Best is trial 2183 with value: 0.009310361929237843.
[I 2024-12-26 22:21:48,069] Trial 2440 finished with value: 0.011321520432829857 and parameters: {'L1_hidden_dim': 144, 'L1_layers_atom': 3, 'L1_layers_mol': 3, 'L1_dropout': 0.0430453785223916, 'L1_out_dim': 32, 'L2_hidden_dim': 224, 'L2_layers_atom': 1, 'L2_layers_mol': 3, 'L2_out_dim': 96, 'L2_dropout': 0.00996558062105342, 'L3_hidden_dim': 112, 'L3_layers_atom': 4, 'L3_layers_mol': 2, 'L3_out_dim': 128, 'L3_dropout': 0.1859442878063537, 'n_mlp_layers': 3, 'mlp_dim_0': 456, 'mlp_dim_1': 384, 'mlp_dim_2': 336, 'num_heads': 2, 'final_dropout': 0.17344600347970685, 'train_learning_rate': 0.00016260378797957857, 'train_lr_reduce': 0.6}. Best is trial 2183 with value: 0.009310361929237843.
[I 2024-12-26 22:22:03,757] Trial 2442 finished with value: 0.024710936471819878 and parameters: {'L1_hidden_dim': 176, 'L1_layers_atom': 1, 'L1_layers_mol': 2, 'L1_dropout': 0.1735138733103149, 'L1_out_dim': 32, 'L2_hidden_dim': 64, 'L2_layers_atom': 1, 'L2_layers_mol': 2, 'L2_out_dim': 32, 'L2_dropout': 0.06585201904635495, 'L3_hidden_dim': 96, 'L3_layers_atom': 4, 'L3_layers_mol': 3, 'L3_out_dim': 96, 'L3_dropout': 0.216592546348382, 'n_mlp_layers': 1, 'mlp_dim_0': 416, 'num_heads': 2, 'final_dropout': 0.2874596391035596, 'train_learning_rate': 0.00032284844119548405, 'train_lr_reduce': 0.6}. Best is trial 2183 with value: 0.009310361929237843.
[I 2024-12-26 22:23:55,546] Trial 2444 finished with value: 0.011073216795921326 and parameters: {'L1_hidden_dim': 176, 'L1_layers_atom': 1, 'L1_layers_mol': 1, 'L1_dropout': 0.004102489544231592, 'L1_out_dim': 128, 'L2_hidden_dim': 176, 'L2_layers_atom': 1, 'L2_layers_mol': 3, 'L2_out_dim': 64, 'L2_dropout': 0.026247762479791877, 'L3_hidden_dim': 32, 'L3_layers_atom': 4, 'L3_layers_mol': 1, 'L3_out_dim': 96, 'L3_dropout': 0.044311610764854306, 'n_mlp_layers': 3, 'mlp_dim_0': 464, 'mlp_dim_1': 456, 'mlp_dim_2': 288, 'num_heads': 1, 'final_dropout': 0.05621903819124974, 'train_learning_rate': 0.0008742932497412814, 'train_lr_reduce': 0.6}. Best is trial 2183 with value: 0.009310361929237843.
[I 2024-12-26 22:24:03,944] Trial 2443 finished with value: 0.01130346767604351 and parameters: {'L1_hidden_dim': 160, 'L1_layers_atom': 2, 'L1_layers_mol': 1, 'L1_dropout': 0.030510069343869763, 'L1_out_dim': 112, 'L2_hidden_dim': 160, 'L2_layers_atom': 1, 'L2_layers_mol': 3, 'L2_out_dim': 80, 'L2_dropout': 0.05583961896440914, 'L3_hidden_dim': 64, 'L3_layers_atom': 4, 'L3_layers_mol': 1, 'L3_out_dim': 80, 'L3_dropout': 0.08562182879530797, 'n_mlp_layers': 3, 'mlp_dim_0': 400, 'mlp_dim_1': 392, 'mlp_dim_2': 312, 'num_heads': 2, 'final_dropout': 0.025608012248459995, 'train_learning_rate': 0.0005207723970966056, 'train_lr_reduce': 0.6}. Best is trial 2183 with value: 0.009310361929237843.
[I 2024-12-26 22:24:36,288] Trial 2445 finished with value: 0.011288410052657127 and parameters: {'L1_hidden_dim': 80, 'L1_layers_atom': 3, 'L1_layers_mol': 1, 'L1_dropout': 0.025029124101988858, 'L1_out_dim': 48, 'L2_hidden_dim': 240, 'L2_layers_atom': 1, 'L2_layers_mol': 2, 'L2_out_dim': 64, 'L2_dropout': 0.023966183850562397, 'L3_hidden_dim': 96, 'L3_layers_atom': 3, 'L3_layers_mol': 2, 'L3_out_dim': 112, 'L3_dropout': 0.1247435335915698, 'n_mlp_layers': 3, 'mlp_dim_0': 288, 'mlp_dim_1': 400, 'mlp_dim_2': 280, 'num_heads': 2, 'final_dropout': 0.0505060992120501, 'train_learning_rate': 0.0003800188045703039, 'train_lr_reduce': 0.6}. Best is trial 2183 with value: 0.009310361929237843.
[I 2024-12-26 22:26:21,460] Trial 2447 finished with value: 0.02580908313393593 and parameters: {'L1_hidden_dim': 96, 'L1_layers_atom': 3, 'L1_layers_mol': 1, 'L1_dropout': 0.29513974506816876, 'L1_out_dim': 128, 'L2_hidden_dim': 240, 'L2_layers_atom': 3, 'L2_layers_mol': 4, 'L2_out_dim': 32, 'L2_dropout': 0.06614684091569316, 'L3_hidden_dim': 48, 'L3_layers_atom': 4, 'L3_layers_mol': 1, 'L3_out_dim': 96, 'L3_dropout': 0.14380251322488646, 'n_mlp_layers': 2, 'mlp_dim_0': 184, 'mlp_dim_1': 472, 'num_heads': 1, 'final_dropout': 0.06194838763557689, 'train_learning_rate': 0.0008361870125789062, 'train_lr_reduce': 0.6}. Best is trial 2183 with value: 0.009310361929237843.
[I 2024-12-26 22:26:50,571] Trial 2446 finished with value: 0.020655808970332146 and parameters: {'L1_hidden_dim': 144, 'L1_layers_atom': 2, 'L1_layers_mol': 4, 'L1_dropout': 0.0025041708490861347, 'L1_out_dim': 64, 'L2_hidden_dim': 192, 'L2_layers_atom': 2, 'L2_layers_mol': 3, 'L2_out_dim': 64, 'L2_dropout': 0.1728758905569948, 'L3_hidden_dim': 32, 'L3_layers_atom': 4, 'L3_layers_mol': 3, 'L3_out_dim': 48, 'L3_dropout': 0.2789416864474153, 'n_mlp_layers': 1, 'mlp_dim_0': 64, 'num_heads': 1, 'final_dropout': 0.09628996652777314, 'train_learning_rate': 0.00017707614891774746, 'train_lr_reduce': 0.6}. Best is trial 2183 with value: 0.009310361929237843.
[I 2024-12-26 22:26:57,806] Trial 2448 finished with value: 0.02962634153664112 and parameters: {'L1_hidden_dim': 96, 'L1_layers_atom': 2, 'L1_layers_mol': 4, 'L1_dropout': 0.27259537043180565, 'L1_out_dim': 48, 'L2_hidden_dim': 80, 'L2_layers_atom': 4, 'L2_layers_mol': 2, 'L2_out_dim': 64, 'L2_dropout': 0.05143862769427794, 'L3_hidden_dim': 80, 'L3_layers_atom': 4, 'L3_layers_mol': 4, 'L3_out_dim': 48, 'L3_dropout': 0.14248673552563637, 'n_mlp_layers': 3, 'mlp_dim_0': 496, 'mlp_dim_1': 440, 'mlp_dim_2': 336, 'num_heads': 1, 'final_dropout': 0.10013607140079209, 'train_learning_rate': 0.00261202312672053, 'train_lr_reduce': 0.6}. Best is trial 2183 with value: 0.009310361929237843.
