[I 2024-12-19 20:12:28,439] Trial 1203 finished with value: 0.17470508813858032 and parameters: {'mlp_n_layers': 1, 'mlp_dim_00': 499, 'node_hidden_dim': 48, 'edge_hidden_dim': 33, 'depth': 1, 'rep_dropout': 0.02578011091091953, 'train_learning_rate': 0.0020781031817083398, 'train_lr_reduce': 0.6}. Best is trial 673 with value: 0.11172225326299667.
[I 2024-12-19 20:12:43,320] Trial 1206 finished with value: 0.12853391468524933 and parameters: {'mlp_n_layers': 1, 'mlp_dim_00': 424, 'node_hidden_dim': 35, 'edge_hidden_dim': 39, 'depth': 1, 'rep_dropout': 0.03639039359593811, 'train_learning_rate': 0.003405503457371549, 'train_lr_reduce': 0.6}. Best is trial 673 with value: 0.11172225326299667.
[I 2024-12-19 20:12:44,299] Trial 1208 finished with value: 0.20589876174926758 and parameters: {'mlp_n_layers': 1, 'mlp_dim_00': 318, 'node_hidden_dim': 33, 'edge_hidden_dim': 102, 'depth': 1, 'rep_dropout': 0.019768124380477765, 'train_learning_rate': 0.004152114614648303, 'train_lr_reduce': 0.6}. Best is trial 673 with value: 0.11172225326299667.
[I 2024-12-19 20:12:48,591] Trial 1209 finished with value: 1.1425045728683472 and parameters: {'mlp_n_layers': 3, 'mlp_dim_00': 169, 'mlp_dim_01': 432, 'mlp_dim_02': 264, 'node_hidden_dim': 101, 'edge_hidden_dim': 102, 'depth': 2, 'rep_dropout': 0.13067697446607826, 'train_learning_rate': 0.0011851647198126473, 'train_lr_reduce': 0.6}. Best is trial 673 with value: 0.11172225326299667.
[I 2024-12-19 20:12:48,678] Trial 1207 finished with value: 0.15879949927330017 and parameters: {'mlp_n_layers': 1, 'mlp_dim_00': 478, 'node_hidden_dim': 38, 'edge_hidden_dim': 39, 'depth': 1, 'rep_dropout': 0.026312103386551176, 'train_learning_rate': 0.005851449419222984, 'train_lr_reduce': 0.6}. Best is trial 673 with value: 0.11172225326299667.
[I 2024-12-19 20:12:49,308] Trial 1210 finished with value: 1.142379641532898 and parameters: {'mlp_n_layers': 2, 'mlp_dim_00': 275, 'mlp_dim_01': 462, 'node_hidden_dim': 44, 'edge_hidden_dim': 35, 'depth': 1, 'rep_dropout': 0.1428000379992207, 'train_learning_rate': 0.0003426687597232021, 'train_lr_reduce': 0.6}. Best is trial 673 with value: 0.11172225326299667.
[I 2024-12-19 20:12:54,802] Trial 1211 finished with value: 1.1420464515686035 and parameters: {'mlp_n_layers': 2, 'mlp_dim_00': 269, 'mlp_dim_01': 384, 'node_hidden_dim': 32, 'edge_hidden_dim': 72, 'depth': 1, 'rep_dropout': 0.0029388093976031593, 'train_learning_rate': 0.001860949409550765, 'train_lr_reduce': 0.6}. Best is trial 673 with value: 0.11172225326299667.
[I 2024-12-19 20:12:55,912] Trial 1212 finished with value: 1.147668480873108 and parameters: {'mlp_n_layers': 1, 'mlp_dim_00': 447, 'node_hidden_dim': 48, 'edge_hidden_dim': 50, 'depth': 2, 'rep_dropout': 0.040646321266059535, 'train_learning_rate': 0.0015226843147986393, 'train_lr_reduce': 0.6}. Best is trial 673 with value: 0.11172225326299667.
[I 2024-12-19 20:13:02,829] Trial 1215 finished with value: 1.1425271034240723 and parameters: {'mlp_n_layers': 2, 'mlp_dim_00': 148, 'mlp_dim_01': 429, 'node_hidden_dim': 32, 'edge_hidden_dim': 108, 'depth': 4, 'rep_dropout': 0.08549569634580109, 'train_learning_rate': 0.005044253047318215, 'train_lr_reduce': 0.6}. Best is trial 673 with value: 0.11172225326299667.
[I 2024-12-19 20:13:07,712] Trial 1216 finished with value: 1.1436442136764526 and parameters: {'mlp_n_layers': 2, 'mlp_dim_00': 473, 'mlp_dim_01': 467, 'node_hidden_dim': 36, 'edge_hidden_dim': 37, 'depth': 1, 'rep_dropout': 0.025104860901939113, 'train_learning_rate': 0.0019952551393548974, 'train_lr_reduce': 0.6}. Best is trial 673 with value: 0.11172225326299667.
[I 2024-12-19 20:13:19,963] Trial 1213 finished with value: 0.21060210466384888 and parameters: {'mlp_n_layers': 1, 'mlp_dim_00': 510, 'node_hidden_dim': 47, 'edge_hidden_dim': 65, 'depth': 1, 'rep_dropout': 0.04479932280194895, 'train_learning_rate': 0.005266282358542429, 'train_lr_reduce': 0.6}. Best is trial 673 with value: 0.11172225326299667.
[I 2024-12-19 20:13:30,270] Trial 1214 finished with value: 0.14843687415122986 and parameters: {'mlp_n_layers': 1, 'mlp_dim_00': 443, 'node_hidden_dim': 34, 'edge_hidden_dim': 50, 'depth': 1, 'rep_dropout': 0.0012939850799712368, 'train_learning_rate': 0.0026426756132521805, 'train_lr_reduce': 0.6}. Best is trial 673 with value: 0.11172225326299667.
[I 2024-12-19 20:13:34,553] Trial 1219 finished with value: 1.141793966293335 and parameters: {'mlp_n_layers': 1, 'mlp_dim_00': 375, 'node_hidden_dim': 37, 'edge_hidden_dim': 54, 'depth': 1, 'rep_dropout': 0.027334956099983584, 'train_learning_rate': 0.0007635086869752649, 'train_lr_reduce': 0.6}. Best is trial 673 with value: 0.11172225326299667.
[I 2024-12-19 20:13:41,095] Trial 1220 finished with value: 1.142183542251587 and parameters: {'mlp_n_layers': 3, 'mlp_dim_00': 329, 'mlp_dim_01': 378, 'mlp_dim_02': 169, 'node_hidden_dim': 119, 'edge_hidden_dim': 34, 'depth': 1, 'rep_dropout': 0.0072464724293118815, 'train_learning_rate': 0.00017771847427641978, 'train_lr_reduce': 0.6}. Best is trial 673 with value: 0.11172225326299667.
[I 2024-12-19 20:13:43,251] Trial 1218 finished with value: 0.15238164365291595 and parameters: {'mlp_n_layers': 1, 'mlp_dim_00': 509, 'node_hidden_dim': 32, 'edge_hidden_dim': 53, 'depth': 1, 'rep_dropout': 0.05365048330911097, 'train_learning_rate': 0.0032169334049038326, 'train_lr_reduce': 0.6}. Best is trial 673 with value: 0.11172225326299667.
[I 2024-12-19 20:13:44,046] Trial 1217 finished with value: 0.13111120462417603 and parameters: {'mlp_n_layers': 1, 'mlp_dim_00': 509, 'node_hidden_dim': 33, 'edge_hidden_dim': 57, 'depth': 1, 'rep_dropout': 0.04944504170044997, 'train_learning_rate': 0.0034717378720985166, 'train_lr_reduce': 0.6}. Best is trial 673 with value: 0.11172225326299667.
[I 2024-12-19 20:13:48,922] Trial 1222 finished with value: 1.1447335481643677 and parameters: {'mlp_n_layers': 1, 'mlp_dim_00': 512, 'node_hidden_dim': 32, 'edge_hidden_dim': 36, 'depth': 1, 'rep_dropout': 0.027731008036917332, 'train_learning_rate': 0.0012737825109694727, 'train_lr_reduce': 0.6}. Best is trial 673 with value: 0.11172225326299667.
[I 2024-12-19 20:13:49,077] Trial 1223 finished with value: 1.1419215202331543 and parameters: {'mlp_n_layers': 1, 'mlp_dim_00': 418, 'node_hidden_dim': 36, 'edge_hidden_dim': 39, 'depth': 1, 'rep_dropout': 0.02532444769318118, 'train_learning_rate': 0.0021187216721383012, 'train_lr_reduce': 0.6}. Best is trial 673 with value: 0.11172225326299667.
[I 2024-12-19 20:13:54,542] Trial 1225 finished with value: 1.1424846649169922 and parameters: {'mlp_n_layers': 1, 'mlp_dim_00': 487, 'node_hidden_dim': 37, 'edge_hidden_dim': 41, 'depth': 2, 'rep_dropout': 0.05005838953564247, 'train_learning_rate': 0.0028094876710956164, 'train_lr_reduce': 0.6}. Best is trial 673 with value: 0.11172225326299667.
[I 2024-12-19 20:13:58,887] Trial 1226 finished with value: 1.143717646598816 and parameters: {'mlp_n_layers': 1, 'mlp_dim_00': 322, 'node_hidden_dim': 47, 'edge_hidden_dim': 50, 'depth': 1, 'rep_dropout': 0.025331240388304116, 'train_learning_rate': 0.0012944004214807004, 'train_lr_reduce': 0.6}. Best is trial 673 with value: 0.11172225326299667.
[I 2024-12-19 20:14:11,004] Trial 1221 finished with value: 0.14488442242145538 and parameters: {'mlp_n_layers': 2, 'mlp_dim_00': 506, 'mlp_dim_01': 421, 'node_hidden_dim': 42, 'edge_hidden_dim': 66, 'depth': 1, 'rep_dropout': 0.02996645267196034, 'train_learning_rate': 0.004118689559789489, 'train_lr_reduce': 0.6}. Best is trial 673 with value: 0.11172225326299667.
[I 2024-12-19 20:14:16,760] Trial 1228 finished with value: 1.1447067260742188 and parameters: {'mlp_n_layers': 2, 'mlp_dim_00': 508, 'mlp_dim_01': 467, 'node_hidden_dim': 119, 'edge_hidden_dim': 51, 'depth': 4, 'rep_dropout': 0.08621408268672005, 'train_learning_rate': 0.001951543618810219, 'train_lr_reduce': 0.6}. Best is trial 673 with value: 0.11172225326299667.
[I 2024-12-19 20:14:21,691] Trial 1229 finished with value: 1.1440255641937256 and parameters: {'mlp_n_layers': 1, 'mlp_dim_00': 505, 'node_hidden_dim': 38, 'edge_hidden_dim': 47, 'depth': 1, 'rep_dropout': 0.035101376814424066, 'train_learning_rate': 0.0031931364461706743, 'train_lr_reduce': 0.6}. Best is trial 673 with value: 0.11172225326299667.
[I 2024-12-19 20:14:26,724] Trial 1230 finished with value: 1.1512322425842285 and parameters: {'mlp_n_layers': 2, 'mlp_dim_00': 454, 'mlp_dim_01': 512, 'node_hidden_dim': 35, 'edge_hidden_dim': 36, 'depth': 2, 'rep_dropout': 0.034257052970587176, 'train_learning_rate': 0.0024965093941654816, 'train_lr_reduce': 0.6}. Best is trial 673 with value: 0.11172225326299667.
[I 2024-12-19 20:14:27,221] Trial 1224 finished with value: 0.15162774920463562 and parameters: {'mlp_n_layers': 1, 'mlp_dim_00': 499, 'node_hidden_dim': 51, 'edge_hidden_dim': 37, 'depth': 1, 'rep_dropout': 0.058643064073152215, 'train_learning_rate': 0.004908376333554332, 'train_lr_reduce': 0.6}. Best is trial 673 with value: 0.11172225326299667.
[I 2024-12-19 20:14:31,336] Trial 1231 finished with value: 1.1415140628814697 and parameters: {'mlp_n_layers': 1, 'mlp_dim_00': 494, 'node_hidden_dim': 35, 'edge_hidden_dim': 33, 'depth': 1, 'rep_dropout': 0.07440963753372991, 'train_learning_rate': 0.0024869865891992133, 'train_lr_reduce': 0.6}. Best is trial 673 with value: 0.11172225326299667.
[I 2024-12-19 20:14:32,618] Trial 1232 finished with value: 1.1478265523910522 and parameters: {'mlp_n_layers': 1, 'mlp_dim_00': 438, 'node_hidden_dim': 35, 'edge_hidden_dim': 44, 'depth': 2, 'rep_dropout': 0.0360410437528839, 'train_learning_rate': 0.003931781284546708, 'train_lr_reduce': 0.6}. Best is trial 673 with value: 0.11172225326299667.
[I 2024-12-19 20:14:35,488] Trial 1227 finished with value: 0.12183577567338943 and parameters: {'mlp_n_layers': 1, 'mlp_dim_00': 400, 'node_hidden_dim': 33, 'edge_hidden_dim': 56, 'depth': 1, 'rep_dropout': 0.0349624398788746, 'train_learning_rate': 0.003126610191833013, 'train_lr_reduce': 0.6}. Best is trial 673 with value: 0.11172225326299667.
[I 2024-12-19 20:14:40,172] Trial 1235 finished with value: 1.1428546905517578 and parameters: {'mlp_n_layers': 2, 'mlp_dim_00': 408, 'mlp_dim_01': 423, 'node_hidden_dim': 41, 'edge_hidden_dim': 57, 'depth': 1, 'rep_dropout': 0.03268561756207451, 'train_learning_rate': 0.002404324767834612, 'train_lr_reduce': 0.6}. Best is trial 673 with value: 0.11172225326299667.
[I 2024-12-19 20:14:52,864] Trial 1234 finished with value: 0.20624642074108124 and parameters: {'mlp_n_layers': 2, 'mlp_dim_00': 432, 'mlp_dim_01': 369, 'node_hidden_dim': 38, 'edge_hidden_dim': 45, 'depth': 1, 'rep_dropout': 0.049520061029615946, 'train_learning_rate': 0.003327923410216718, 'train_lr_reduce': 0.6}. Best is trial 673 with value: 0.11172225326299667.
[I 2024-12-19 20:14:55,763] Trial 1233 finished with value: 0.19698543846607208 and parameters: {'mlp_n_layers': 1, 'mlp_dim_00': 477, 'node_hidden_dim': 32, 'edge_hidden_dim': 43, 'depth': 1, 'rep_dropout': 0.02905874612245081, 'train_learning_rate': 0.00328058909570646, 'train_lr_reduce': 0.6}. Best is trial 673 with value: 0.11172225326299667.
[I 2024-12-19 20:15:01,050] Trial 1237 finished with value: 1.1419706344604492 and parameters: {'mlp_n_layers': 4, 'mlp_dim_00': 219, 'mlp_dim_01': 361, 'mlp_dim_02': 368, 'mlp_dim_03': 70, 'node_hidden_dim': 87, 'edge_hidden_dim': 110, 'depth': 1, 'rep_dropout': 0.13778761900418748, 'train_learning_rate': 0.00012657455330432164, 'train_lr_reduce': 0.6}. Best is trial 673 with value: 0.11172225326299667.
[I 2024-12-19 20:15:06,695] Trial 1236 finished with value: 0.19640398025512695 and parameters: {'mlp_n_layers': 1, 'mlp_dim_00': 414, 'node_hidden_dim': 49, 'edge_hidden_dim': 57, 'depth': 1, 'rep_dropout': 0.0041802844130488966, 'train_learning_rate': 0.005384533625545864, 'train_lr_reduce': 0.6}. Best is trial 673 with value: 0.11172225326299667.
[I 2024-12-19 20:15:19,999] Trial 1239 finished with value: 0.24508889019489288 and parameters: {'mlp_n_layers': 2, 'mlp_dim_00': 496, 'mlp_dim_01': 466, 'node_hidden_dim': 69, 'edge_hidden_dim': 70, 'depth': 1, 'rep_dropout': 0.018038491751720585, 'train_learning_rate': 0.005881386540873696, 'train_lr_reduce': 0.6}. Best is trial 673 with value: 0.11172225326299667.
[I 2024-12-19 20:15:25,080] Trial 1241 finished with value: 1.1457542181015015 and parameters: {'mlp_n_layers': 1, 'mlp_dim_00': 382, 'node_hidden_dim': 53, 'edge_hidden_dim': 53, 'depth': 2, 'rep_dropout': 0.048676073825340255, 'train_learning_rate': 0.004303574309004787, 'train_lr_reduce': 0.6}. Best is trial 673 with value: 0.11172225326299667.
[I 2024-12-19 20:15:32,817] Trial 1242 finished with value: 1.1422789096832275 and parameters: {'mlp_n_layers': 3, 'mlp_dim_00': 395, 'mlp_dim_01': 422, 'mlp_dim_02': 435, 'node_hidden_dim': 81, 'edge_hidden_dim': 80, 'depth': 4, 'rep_dropout': 0.03775071998787616, 'train_learning_rate': 0.00010844452438243921, 'train_lr_reduce': 0.6}. Best is trial 673 with value: 0.11172225326299667.
[I 2024-12-19 20:15:36,237] Trial 1238 finished with value: 0.12448157370090485 and parameters: {'mlp_n_layers': 1, 'mlp_dim_00': 452, 'node_hidden_dim': 35, 'edge_hidden_dim': 52, 'depth': 1, 'rep_dropout': 0.031831314678184494, 'train_learning_rate': 0.0031820899181430173, 'train_lr_reduce': 0.6}. Best is trial 673 with value: 0.11172225326299667.
[I 2024-12-19 20:15:44,617] Trial 1240 finished with value: 0.15508510172367096 and parameters: {'mlp_n_layers': 1, 'mlp_dim_00': 505, 'node_hidden_dim': 51, 'edge_hidden_dim': 50, 'depth': 1, 'rep_dropout': 0.014951074767006672, 'train_learning_rate': 0.005431179527138047, 'train_lr_reduce': 0.6}. Best is trial 673 with value: 0.11172225326299667.
[I 2024-12-19 20:16:00,016] Trial 1244 finished with value: 0.21013222634792328 and parameters: {'mlp_n_layers': 1, 'mlp_dim_00': 258, 'node_hidden_dim': 47, 'edge_hidden_dim': 74, 'depth': 1, 'rep_dropout': 0.004656548957020203, 'train_learning_rate': 0.0034018583543540403, 'train_lr_reduce': 0.6}. Best is trial 673 with value: 0.11172225326299667.
[I 2024-12-19 20:16:09,379] Trial 1243 finished with value: 0.27929553389549255 and parameters: {'mlp_n_layers': 1, 'mlp_dim_00': 161, 'node_hidden_dim': 125, 'edge_hidden_dim': 77, 'depth': 2, 'rep_dropout': 0.1458096289371394, 'train_learning_rate': 0.007015605285992011, 'train_lr_reduce': 0.6}. Best is trial 673 with value: 0.11172225326299667.
[I 2024-12-19 20:16:21,120] Trial 1245 finished with value: 0.15218457579612732 and parameters: {'mlp_n_layers': 1, 'mlp_dim_00': 460, 'node_hidden_dim': 38, 'edge_hidden_dim': 58, 'depth': 1, 'rep_dropout': 0.03143987527465623, 'train_learning_rate': 0.00839817992396863, 'train_lr_reduce': 0.6}. Best is trial 673 with value: 0.11172225326299667.
[I 2024-12-19 20:16:31,492] Trial 1247 finished with value: 0.37251192331314087 and parameters: {'mlp_n_layers': 1, 'mlp_dim_00': 510, 'node_hidden_dim': 39, 'edge_hidden_dim': 59, 'depth': 2, 'rep_dropout': 0.006765489933313381, 'train_learning_rate': 0.009046591835162992, 'train_lr_reduce': 0.6}. Best is trial 673 with value: 0.11172225326299667.
[I 2024-12-19 20:16:37,319] Trial 1249 finished with value: 1.1426756381988525 and parameters: {'mlp_n_layers': 1, 'mlp_dim_00': 337, 'node_hidden_dim': 32, 'edge_hidden_dim': 67, 'depth': 1, 'rep_dropout': 0.00955149152837536, 'train_learning_rate': 0.001118677371517604, 'train_lr_reduce': 0.6}. Best is trial 673 with value: 0.11172225326299667.
[I 2024-12-19 20:16:46,744] Trial 1246 finished with value: 0.17018519341945648 and parameters: {'mlp_n_layers': 2, 'mlp_dim_00': 502, 'mlp_dim_01': 389, 'node_hidden_dim': 57, 'edge_hidden_dim': 34, 'depth': 1, 'rep_dropout': 0.041386505613568235, 'train_learning_rate': 0.0024620044189898583, 'train_lr_reduce': 0.6}. Best is trial 673 with value: 0.11172225326299667.
[I 2024-12-19 20:16:51,828] Trial 1248 finished with value: 0.4029792249202728 and parameters: {'mlp_n_layers': 3, 'mlp_dim_00': 476, 'mlp_dim_01': 511, 'mlp_dim_02': 314, 'node_hidden_dim': 93, 'edge_hidden_dim': 67, 'depth': 3, 'rep_dropout': 0.07811707433419286, 'train_learning_rate': 0.004756038032138484, 'train_lr_reduce': 0.6}. Best is trial 673 with value: 0.11172225326299667.
[I 2024-12-19 20:17:21,092] Trial 1250 finished with value: 0.15311849117279053 and parameters: {'mlp_n_layers': 1, 'mlp_dim_00': 383, 'node_hidden_dim': 43, 'edge_hidden_dim': 64, 'depth': 1, 'rep_dropout': 0.003096333738439677, 'train_learning_rate': 0.00696802068891368, 'train_lr_reduce': 0.6}. Best is trial 673 with value: 0.11172225326299667.
[I 2024-12-19 20:17:31,562] Trial 1251 finished with value: 0.12790794670581818 and parameters: {'mlp_n_layers': 2, 'mlp_dim_00': 481, 'mlp_dim_01': 462, 'node_hidden_dim': 43, 'edge_hidden_dim': 50, 'depth': 1, 'rep_dropout': 0.026415687887526476, 'train_learning_rate': 0.004024705313890091, 'train_lr_reduce': 0.6}. Best is trial 673 with value: 0.11172225326299667.
[I 2024-12-19 20:17:33,626] Trial 1252 finished with value: 0.13023170828819275 and parameters: {'mlp_n_layers': 1, 'mlp_dim_00': 412, 'node_hidden_dim': 36, 'edge_hidden_dim': 58, 'depth': 1, 'rep_dropout': 0.013436585288099167, 'train_learning_rate': 0.0028935445163741406, 'train_lr_reduce': 0.6}. Best is trial 673 with value: 0.11172225326299667.
[I 2024-12-19 20:17:37,710] Trial 1254 finished with value: 1.142258882522583 and parameters: {'mlp_n_layers': 1, 'mlp_dim_00': 494, 'node_hidden_dim': 43, 'edge_hidden_dim': 68, 'depth': 2, 'rep_dropout': 0.0315386733192593, 'train_learning_rate': 0.0027954610720571506, 'train_lr_reduce': 0.6}. Best is trial 673 with value: 0.11172225326299667.
[I 2024-12-19 20:17:39,284] Trial 1255 finished with value: 1.14255690574646 and parameters: {'mlp_n_layers': 2, 'mlp_dim_00': 325, 'mlp_dim_01': 355, 'node_hidden_dim': 113, 'edge_hidden_dim': 115, 'depth': 3, 'rep_dropout': 0.13331979200470626, 'train_learning_rate': 0.0003085393106603815, 'train_lr_reduce': 0.6}. Best is trial 673 with value: 0.11172225326299667.
[I 2024-12-19 20:17:42,364] Trial 1256 finished with value: 1.1415438652038574 and parameters: {'mlp_n_layers': 1, 'mlp_dim_00': 409, 'node_hidden_dim': 49, 'edge_hidden_dim': 63, 'depth': 1, 'rep_dropout': 0.035149522279853185, 'train_learning_rate': 0.0017765690026226109, 'train_lr_reduce': 0.6}. Best is trial 673 with value: 0.11172225326299667.
[I 2024-12-19 20:17:44,661] Trial 1257 finished with value: 1.1425843238830566 and parameters: {'mlp_n_layers': 1, 'mlp_dim_00': 346, 'node_hidden_dim': 43, 'edge_hidden_dim': 78, 'depth': 2, 'rep_dropout': 0.015778548718297973, 'train_learning_rate': 0.0014987500671936997, 'train_lr_reduce': 0.6}. Best is trial 673 with value: 0.11172225326299667.
[I 2024-12-19 20:17:47,142] Trial 1253 finished with value: 0.1609862744808197 and parameters: {'mlp_n_layers': 1, 'mlp_dim_00': 389, 'node_hidden_dim': 32, 'edge_hidden_dim': 53, 'depth': 1, 'rep_dropout': 0.045167054931649867, 'train_learning_rate': 0.0026757124303102326, 'train_lr_reduce': 0.6}. Best is trial 673 with value: 0.11172225326299667.
[I 2024-12-19 20:17:48,190] Trial 1258 finished with value: 1.1457881927490234 and parameters: {'mlp_n_layers': 2, 'mlp_dim_00': 398, 'mlp_dim_01': 426, 'node_hidden_dim': 47, 'edge_hidden_dim': 49, 'depth': 2, 'rep_dropout': 0.000578667251917098, 'train_learning_rate': 0.0014265897823082562, 'train_lr_reduce': 0.6}. Best is trial 673 with value: 0.11172225326299667.
[I 2024-12-19 20:17:55,194] Trial 1261 finished with value: 1.1436376571655273 and parameters: {'mlp_n_layers': 1, 'mlp_dim_00': 324, 'node_hidden_dim': 32, 'edge_hidden_dim': 52, 'depth': 2, 'rep_dropout': 0.03970640158529998, 'train_learning_rate': 0.003323994996734385, 'train_lr_reduce': 0.6}. Best is trial 673 with value: 0.11172225326299667.
[I 2024-12-19 20:18:09,413] Trial 1259 finished with value: 0.1488310843706131 and parameters: {'mlp_n_layers': 2, 'mlp_dim_00': 424, 'mlp_dim_01': 470, 'node_hidden_dim': 41, 'edge_hidden_dim': 32, 'depth': 1, 'rep_dropout': 0.03575847473828696, 'train_learning_rate': 0.009580129711115229, 'train_lr_reduce': 0.6}. Best is trial 673 with value: 0.11172225326299667.
[I 2024-12-19 20:18:15,310] Trial 1263 finished with value: 1.1494064331054688 and parameters: {'mlp_n_layers': 1, 'mlp_dim_00': 429, 'node_hidden_dim': 34, 'edge_hidden_dim': 64, 'depth': 1, 'rep_dropout': 0.0024473902390298656, 'train_learning_rate': 0.0012655006946533495, 'train_lr_reduce': 0.6}. Best is trial 673 with value: 0.11172225326299667.
[I 2024-12-19 20:18:32,658] Trial 1260 finished with value: 0.12830621004104614 and parameters: {'mlp_n_layers': 1, 'mlp_dim_00': 393, 'node_hidden_dim': 36, 'edge_hidden_dim': 71, 'depth': 1, 'rep_dropout': 0.040577449220001546, 'train_learning_rate': 0.003965933133624957, 'train_lr_reduce': 0.6}. Best is trial 673 with value: 0.11172225326299667.
[I 2024-12-19 20:18:37,642] Trial 1262 finished with value: 0.21379701793193817 and parameters: {'mlp_n_layers': 1, 'mlp_dim_00': 417, 'node_hidden_dim': 43, 'edge_hidden_dim': 52, 'depth': 1, 'rep_dropout': 0.029697957673283384, 'train_learning_rate': 0.009433920743608172, 'train_lr_reduce': 0.6}. Best is trial 673 with value: 0.11172225326299667.
[I 2024-12-19 20:18:53,881] Trial 1264 finished with value: 0.12897026538848877 and parameters: {'mlp_n_layers': 1, 'mlp_dim_00': 488, 'node_hidden_dim': 32, 'edge_hidden_dim': 48, 'depth': 1, 'rep_dropout': 0.02500156847490772, 'train_learning_rate': 0.0024911358161305627, 'train_lr_reduce': 0.6}. Best is trial 673 with value: 0.11172225326299667.
[I 2024-12-19 20:19:08,115] Trial 1266 finished with value: 0.23389799892902374 and parameters: {'mlp_n_layers': 1, 'mlp_dim_00': 392, 'node_hidden_dim': 39, 'edge_hidden_dim': 54, 'depth': 1, 'rep_dropout': 0.0319282869734816, 'train_learning_rate': 0.003965342364790209, 'train_lr_reduce': 0.6}. Best is trial 673 with value: 0.11172225326299667.
