[I 2024-12-15 23:39:18,864] Trial 1164 finished with value: 0.09699337184429169 and parameters: {'mlp_n_layers': 2, 'mlp_dim_00': 208, 'mlp_dim_01': 208, 'hidden_channels': 32, 'num_layers': 2, 'num_timesteps': 2, 'dropout': 0.1323815385330919, 'train_learning_rate': 0.007386829864866601, 'train_lr_reduce': 0.6}. Best is trial 130 with value: 0.0812772810459137.
[I 2024-12-15 23:39:23,504] Trial 1163 finished with value: 0.1880120038986206 and parameters: {'mlp_n_layers': 4, 'mlp_dim_00': 224, 'mlp_dim_01': 64, 'mlp_dim_02': 128, 'mlp_dim_03': 192, 'hidden_channels': 112, 'num_layers': 4, 'num_timesteps': 4, 'dropout': 0.05383114927376136, 'train_learning_rate': 0.009356736651363707, 'train_lr_reduce': 0.6}. Best is trial 130 with value: 0.0812772810459137.
[I 2024-12-15 23:39:30,135] Trial 1165 finished with value: 0.12239528447389603 and parameters: {'mlp_n_layers': 3, 'mlp_dim_00': 48, 'mlp_dim_01': 256, 'mlp_dim_02': 176, 'hidden_channels': 48, 'num_layers': 2, 'num_timesteps': 4, 'dropout': 0.17531850252648767, 'train_learning_rate': 0.0017131991385753071, 'train_lr_reduce': 0.6}. Best is trial 130 with value: 0.0812772810459137.
[I 2024-12-15 23:39:36,392] Trial 1167 finished with value: 0.12449143081903458 and parameters: {'mlp_n_layers': 4, 'mlp_dim_00': 208, 'mlp_dim_01': 176, 'mlp_dim_02': 144, 'mlp_dim_03': 112, 'hidden_channels': 32, 'num_layers': 1, 'num_timesteps': 2, 'dropout': 0.137971860867955, 'train_learning_rate': 0.002747558062105893, 'train_lr_reduce': 0.6}. Best is trial 130 with value: 0.0812772810459137.
[I 2024-12-15 23:39:36,411] Trial 1166 finished with value: 0.11533460021018982 and parameters: {'mlp_n_layers': 2, 'mlp_dim_00': 128, 'mlp_dim_01': 48, 'hidden_channels': 80, 'num_layers': 4, 'num_timesteps': 3, 'dropout': 0.17251322775725228, 'train_learning_rate': 0.0022544311019949722, 'train_lr_reduce': 0.6}. Best is trial 130 with value: 0.0812772810459137.
[I 2024-12-15 23:39:42,707] Trial 1169 finished with value: 0.4742710590362549 and parameters: {'mlp_n_layers': 4, 'mlp_dim_00': 256, 'mlp_dim_01': 176, 'mlp_dim_02': 192, 'mlp_dim_03': 64, 'hidden_channels': 32, 'num_layers': 1, 'num_timesteps': 2, 'dropout': 0.18845373671219517, 'train_learning_rate': 0.00823161238460258, 'train_lr_reduce': 0.6}. Best is trial 130 with value: 0.0812772810459137.
[I 2024-12-15 23:39:56,352] Trial 1171 finished with value: 0.13248810172080994 and parameters: {'mlp_n_layers': 2, 'mlp_dim_00': 208, 'mlp_dim_01': 144, 'hidden_channels': 160, 'num_layers': 3, 'num_timesteps': 1, 'dropout': 0.2803798703383592, 'train_learning_rate': 0.0019031117067656, 'train_lr_reduce': 0.6}. Best is trial 130 with value: 0.0812772810459137.
[I 2024-12-15 23:40:00,736] Trial 1170 finished with value: 0.10316906124353409 and parameters: {'mlp_n_layers': 3, 'mlp_dim_00': 240, 'mlp_dim_01': 256, 'mlp_dim_02': 112, 'hidden_channels': 48, 'num_layers': 2, 'num_timesteps': 4, 'dropout': 0.2262146626656393, 'train_learning_rate': 0.008806611015206172, 'train_lr_reduce': 0.6}. Best is trial 130 with value: 0.0812772810459137.
[I 2024-12-15 23:40:04,955] Trial 1168 finished with value: 0.13655653595924377 and parameters: {'mlp_n_layers': 2, 'mlp_dim_00': 240, 'mlp_dim_01': 48, 'hidden_channels': 240, 'num_layers': 4, 'num_timesteps': 4, 'dropout': 0.15341929945896426, 'train_learning_rate': 0.005688543067507827, 'train_lr_reduce': 0.6}. Best is trial 130 with value: 0.0812772810459137.
[I 2024-12-15 23:40:16,737] Trial 1173 finished with value: 0.08618733286857605 and parameters: {'mlp_n_layers': 3, 'mlp_dim_00': 112, 'mlp_dim_01': 160, 'mlp_dim_02': 160, 'hidden_channels': 32, 'num_layers': 1, 'num_timesteps': 2, 'dropout': 0.24352853285715584, 'train_learning_rate': 0.004487682593805842, 'train_lr_reduce': 0.6}. Best is trial 130 with value: 0.0812772810459137.
[I 2024-12-15 23:40:24,210] Trial 1174 finished with value: 0.130717471241951 and parameters: {'mlp_n_layers': 2, 'mlp_dim_00': 32, 'mlp_dim_01': 256, 'hidden_channels': 80, 'num_layers': 3, 'num_timesteps': 4, 'dropout': 0.1079691165845, 'train_learning_rate': 0.005838704712870906, 'train_lr_reduce': 0.6}. Best is trial 130 with value: 0.0812772810459137.
[I 2024-12-15 23:40:25,678] Trial 1172 finished with value: 0.19255605340003967 and parameters: {'mlp_n_layers': 4, 'mlp_dim_00': 144, 'mlp_dim_01': 240, 'mlp_dim_02': 144, 'mlp_dim_03': 144, 'hidden_channels': 256, 'num_layers': 3, 'num_timesteps': 2, 'dropout': 0.25835497616752284, 'train_learning_rate': 0.00028180619002986663, 'train_lr_reduce': 0.6}. Best is trial 130 with value: 0.0812772810459137.
[I 2024-12-15 23:40:30,189] Trial 1175 finished with value: 0.10580068826675415 and parameters: {'mlp_n_layers': 3, 'mlp_dim_00': 112, 'mlp_dim_01': 112, 'mlp_dim_02': 192, 'hidden_channels': 64, 'num_layers': 1, 'num_timesteps': 2, 'dropout': 0.22668792759212278, 'train_learning_rate': 0.002973796747088979, 'train_lr_reduce': 0.6}. Best is trial 130 with value: 0.0812772810459137.
[I 2024-12-15 23:40:34,421] Trial 1176 finished with value: 0.11255183815956116 and parameters: {'mlp_n_layers': 3, 'mlp_dim_00': 176, 'mlp_dim_01': 192, 'mlp_dim_02': 192, 'hidden_channels': 96, 'num_layers': 1, 'num_timesteps': 3, 'dropout': 0.11968910562247809, 'train_learning_rate': 0.009328332671216794, 'train_lr_reduce': 0.6}. Best is trial 130 with value: 0.0812772810459137.
[I 2024-12-15 23:40:34,890] Trial 1177 finished with value: 0.10137499123811722 and parameters: {'mlp_n_layers': 2, 'mlp_dim_00': 80, 'mlp_dim_01': 160, 'hidden_channels': 64, 'num_layers': 1, 'num_timesteps': 4, 'dropout': 0.09188713207338035, 'train_learning_rate': 0.009135302997321773, 'train_lr_reduce': 0.6}. Best is trial 130 with value: 0.0812772810459137.
[I 2024-12-15 23:40:44,591] Trial 1180 finished with value: 0.11066828668117523 and parameters: {'mlp_n_layers': 3, 'mlp_dim_00': 112, 'mlp_dim_01': 160, 'mlp_dim_02': 176, 'hidden_channels': 48, 'num_layers': 1, 'num_timesteps': 2, 'dropout': 0.13610925151018743, 'train_learning_rate': 0.002810960885847555, 'train_lr_reduce': 0.6}. Best is trial 130 with value: 0.0812772810459137.
[I 2024-12-15 23:40:45,265] Trial 1179 finished with value: 0.10350857675075531 and parameters: {'mlp_n_layers': 3, 'mlp_dim_00': 128, 'mlp_dim_01': 144, 'mlp_dim_02': 176, 'hidden_channels': 64, 'num_layers': 1, 'num_timesteps': 3, 'dropout': 0.268518467806775, 'train_learning_rate': 0.0044056018764485885, 'train_lr_reduce': 0.6}. Best is trial 130 with value: 0.0812772810459137.
[I 2024-12-15 23:40:53,582] Trial 1178 finished with value: 0.12322381138801575 and parameters: {'mlp_n_layers': 2, 'mlp_dim_00': 32, 'mlp_dim_01': 208, 'hidden_channels': 48, 'num_layers': 3, 'num_timesteps': 4, 'dropout': 0.10149733269406479, 'train_learning_rate': 0.0021374674486591065, 'train_lr_reduce': 0.6}. Best is trial 130 with value: 0.0812772810459137.
[I 2024-12-15 23:41:05,278] Trial 1182 finished with value: 0.10620269924402237 and parameters: {'mlp_n_layers': 3, 'mlp_dim_00': 256, 'mlp_dim_01': 224, 'mlp_dim_02': 176, 'hidden_channels': 64, 'num_layers': 2, 'num_timesteps': 3, 'dropout': 0.28354657091766244, 'train_learning_rate': 0.009251033823332592, 'train_lr_reduce': 0.6}. Best is trial 130 with value: 0.0812772810459137.
[I 2024-12-15 23:41:06,467] Trial 1183 finished with value: 0.11158574372529984 and parameters: {'mlp_n_layers': 3, 'mlp_dim_00': 96, 'mlp_dim_01': 192, 'mlp_dim_02': 160, 'hidden_channels': 80, 'num_layers': 1, 'num_timesteps': 2, 'dropout': 0.2861266933352041, 'train_learning_rate': 0.0032896646938759986, 'train_lr_reduce': 0.6}. Best is trial 130 with value: 0.0812772810459137.
[I 2024-12-15 23:41:10,648] Trial 1181 finished with value: 0.15766504406929016 and parameters: {'mlp_n_layers': 2, 'mlp_dim_00': 32, 'mlp_dim_01': 128, 'hidden_channels': 224, 'num_layers': 1, 'num_timesteps': 3, 'dropout': 0.016621300783875304, 'train_learning_rate': 0.00010594543234528128, 'train_lr_reduce': 0.6}. Best is trial 130 with value: 0.0812772810459137.
[I 2024-12-15 23:41:17,002] Trial 1184 finished with value: 0.12924109399318695 and parameters: {'mlp_n_layers': 2, 'mlp_dim_00': 144, 'mlp_dim_01': 144, 'hidden_channels': 48, 'num_layers': 2, 'num_timesteps': 2, 'dropout': 0.24549621323713167, 'train_learning_rate': 0.006798830303231939, 'train_lr_reduce': 0.6}. Best is trial 130 with value: 0.0812772810459137.
[I 2024-12-15 23:41:17,623] Trial 1185 finished with value: 0.11209279298782349 and parameters: {'mlp_n_layers': 2, 'mlp_dim_00': 80, 'mlp_dim_01': 144, 'hidden_channels': 48, 'num_layers': 1, 'num_timesteps': 2, 'dropout': 0.25207921108700365, 'train_learning_rate': 0.002346316114767914, 'train_lr_reduce': 0.6}. Best is trial 130 with value: 0.0812772810459137.
[I 2024-12-15 23:41:23,003] Trial 1186 finished with value: 0.10330077260732651 and parameters: {'mlp_n_layers': 2, 'mlp_dim_00': 64, 'mlp_dim_01': 80, 'hidden_channels': 32, 'num_layers': 3, 'num_timesteps': 3, 'dropout': 0.2865440786197523, 'train_learning_rate': 0.006020120175240042, 'train_lr_reduce': 0.6}. Best is trial 130 with value: 0.0812772810459137.
[I 2024-12-15 23:41:28,596] Trial 1188 finished with value: 0.13436144590377808 and parameters: {'mlp_n_layers': 3, 'mlp_dim_00': 80, 'mlp_dim_01': 112, 'mlp_dim_02': 208, 'hidden_channels': 48, 'num_layers': 2, 'num_timesteps': 1, 'dropout': 0.25441304563342176, 'train_learning_rate': 0.009456568018162454, 'train_lr_reduce': 0.6}. Best is trial 130 with value: 0.0812772810459137.
[I 2024-12-15 23:41:43,199] Trial 1187 finished with value: 0.11093387007713318 and parameters: {'mlp_n_layers': 2, 'mlp_dim_00': 208, 'mlp_dim_01': 128, 'hidden_channels': 64, 'num_layers': 3, 'num_timesteps': 3, 'dropout': 0.1886394526887639, 'train_learning_rate': 0.00799728088081121, 'train_lr_reduce': 0.6}. Best is trial 130 with value: 0.0812772810459137.
[I 2024-12-15 23:41:45,985] Trial 1189 finished with value: 0.1318170130252838 and parameters: {'mlp_n_layers': 3, 'mlp_dim_00': 176, 'mlp_dim_01': 64, 'mlp_dim_02': 176, 'hidden_channels': 176, 'num_layers': 3, 'num_timesteps': 3, 'dropout': 0.09170262473114496, 'train_learning_rate': 0.0005222951754423248, 'train_lr_reduce': 0.6}. Best is trial 130 with value: 0.0812772810459137.
[I 2024-12-15 23:41:53,121] Trial 1191 finished with value: 0.12163123488426208 and parameters: {'mlp_n_layers': 3, 'mlp_dim_00': 80, 'mlp_dim_01': 192, 'mlp_dim_02': 192, 'hidden_channels': 80, 'num_layers': 1, 'num_timesteps': 1, 'dropout': 0.25269440858114683, 'train_learning_rate': 0.007614852013748109, 'train_lr_reduce': 0.6}. Best is trial 130 with value: 0.0812772810459137.
[I 2024-12-15 23:41:53,303] Trial 1190 finished with value: 0.15898165106773376 and parameters: {'mlp_n_layers': 3, 'mlp_dim_00': 64, 'mlp_dim_01': 64, 'mlp_dim_02': 160, 'hidden_channels': 96, 'num_layers': 3, 'num_timesteps': 1, 'dropout': 0.1754128478954675, 'train_learning_rate': 0.0005065944740543787, 'train_lr_reduce': 0.6}. Best is trial 130 with value: 0.0812772810459137.
[I 2024-12-15 23:42:05,235] Trial 1192 finished with value: 0.1361021250486374 and parameters: {'mlp_n_layers': 3, 'mlp_dim_00': 256, 'mlp_dim_01': 144, 'mlp_dim_02': 160, 'hidden_channels': 32, 'num_layers': 1, 'num_timesteps': 4, 'dropout': 0.15906915233804003, 'train_learning_rate': 0.009055445924090608, 'train_lr_reduce': 0.6}. Best is trial 130 with value: 0.0812772810459137.
[I 2024-12-15 23:42:06,090] Trial 1194 finished with value: 0.12683089077472687 and parameters: {'mlp_n_layers': 3, 'mlp_dim_00': 64, 'mlp_dim_01': 208, 'mlp_dim_02': 160, 'hidden_channels': 32, 'num_layers': 1, 'num_timesteps': 1, 'dropout': 0.23061215040740213, 'train_learning_rate': 0.0017308771255380732, 'train_lr_reduce': 0.6}. Best is trial 130 with value: 0.0812772810459137.
[I 2024-12-15 23:42:09,193] Trial 1193 finished with value: 0.14515165984630585 and parameters: {'mlp_n_layers': 2, 'mlp_dim_00': 256, 'mlp_dim_01': 48, 'hidden_channels': 160, 'num_layers': 3, 'num_timesteps': 3, 'dropout': 0.29084721214686604, 'train_learning_rate': 0.007833453145530803, 'train_lr_reduce': 0.6}. Best is trial 130 with value: 0.0812772810459137.
[I 2024-12-15 23:42:23,342] Trial 1196 finished with value: 0.09205641597509384 and parameters: {'mlp_n_layers': 2, 'mlp_dim_00': 48, 'mlp_dim_01': 208, 'hidden_channels': 32, 'num_layers': 2, 'num_timesteps': 4, 'dropout': 0.09093290398843007, 'train_learning_rate': 0.006915305662626865, 'train_lr_reduce': 0.6}. Best is trial 130 with value: 0.0812772810459137.
[I 2024-12-15 23:42:27,625] Trial 1195 finished with value: 0.13529273867607117 and parameters: {'mlp_n_layers': 3, 'mlp_dim_00': 240, 'mlp_dim_01': 128, 'mlp_dim_02': 64, 'hidden_channels': 224, 'num_layers': 1, 'num_timesteps': 1, 'dropout': 0.1049833874173548, 'train_learning_rate': 0.0003046125837721128, 'train_lr_reduce': 0.6}. Best is trial 130 with value: 0.0812772810459137.
[I 2024-12-15 23:42:35,713] Trial 1197 finished with value: 0.13447973132133484 and parameters: {'mlp_n_layers': 3, 'mlp_dim_00': 112, 'mlp_dim_01': 128, 'mlp_dim_02': 208, 'hidden_channels': 48, 'num_layers': 1, 'num_timesteps': 1, 'dropout': 0.2860566591771479, 'train_learning_rate': 0.0002760206106939413, 'train_lr_reduce': 0.6}. Best is trial 130 with value: 0.0812772810459137.
[I 2024-12-15 23:42:39,677] Trial 1199 finished with value: 0.11889464408159256 and parameters: {'mlp_n_layers': 3, 'mlp_dim_00': 96, 'mlp_dim_01': 160, 'mlp_dim_02': 32, 'hidden_channels': 32, 'num_layers': 1, 'num_timesteps': 3, 'dropout': 0.19940677370661838, 'train_learning_rate': 0.007582847649131761, 'train_lr_reduce': 0.6}. Best is trial 130 with value: 0.0812772810459137.
[I 2024-12-15 23:42:49,163] Trial 1198 finished with value: 0.1333729773759842 and parameters: {'mlp_n_layers': 4, 'mlp_dim_00': 144, 'mlp_dim_01': 96, 'mlp_dim_02': 144, 'mlp_dim_03': 256, 'hidden_channels': 160, 'num_layers': 2, 'num_timesteps': 1, 'dropout': 0.159821501705502, 'train_learning_rate': 0.00018129982499097468, 'train_lr_reduce': 0.6}. Best is trial 130 with value: 0.0812772810459137.
[I 2024-12-15 23:42:49,813] Trial 1200 finished with value: 0.11977016180753708 and parameters: {'mlp_n_layers': 2, 'mlp_dim_00': 80, 'mlp_dim_01': 208, 'hidden_channels': 48, 'num_layers': 2, 'num_timesteps': 4, 'dropout': 0.14888881498920062, 'train_learning_rate': 0.0025663993800075753, 'train_lr_reduce': 0.6}. Best is trial 130 with value: 0.0812772810459137.
[I 2024-12-15 23:42:54,453] Trial 1201 finished with value: 0.10783188790082932 and parameters: {'mlp_n_layers': 3, 'mlp_dim_00': 224, 'mlp_dim_01': 176, 'mlp_dim_02': 192, 'hidden_channels': 32, 'num_layers': 1, 'num_timesteps': 3, 'dropout': 0.23536347165430602, 'train_learning_rate': 0.009697942171816347, 'train_lr_reduce': 0.6}. Best is trial 130 with value: 0.0812772810459137.
[I 2024-12-15 23:42:59,948] Trial 1202 finished with value: 0.12300825119018555 and parameters: {'mlp_n_layers': 3, 'mlp_dim_00': 96, 'mlp_dim_01': 208, 'mlp_dim_02': 160, 'hidden_channels': 48, 'num_layers': 1, 'num_timesteps': 2, 'dropout': 0.2313303175440534, 'train_learning_rate': 0.00730910238701359, 'train_lr_reduce': 0.6}. Best is trial 130 with value: 0.0812772810459137.
[I 2024-12-15 23:43:07,656] Trial 1204 finished with value: 0.11842706799507141 and parameters: {'mlp_n_layers': 3, 'mlp_dim_00': 144, 'mlp_dim_01': 128, 'mlp_dim_02': 128, 'hidden_channels': 48, 'num_layers': 1, 'num_timesteps': 1, 'dropout': 0.24440304785470413, 'train_learning_rate': 0.006187410539883871, 'train_lr_reduce': 0.6}. Best is trial 130 with value: 0.0812772810459137.
[I 2024-12-15 23:43:16,882] Trial 1206 finished with value: 0.13815057277679443 and parameters: {'mlp_n_layers': 3, 'mlp_dim_00': 112, 'mlp_dim_01': 192, 'mlp_dim_02': 176, 'hidden_channels': 96, 'num_layers': 1, 'num_timesteps': 2, 'dropout': 0.18349300029176532, 'train_learning_rate': 0.0033331215203000566, 'train_lr_reduce': 0.6}. Best is trial 130 with value: 0.0812772810459137.
[I 2024-12-15 23:43:18,515] Trial 1203 finished with value: 0.12361935526132584 and parameters: {'mlp_n_layers': 2, 'mlp_dim_00': 176, 'mlp_dim_01': 80, 'hidden_channels': 80, 'num_layers': 4, 'num_timesteps': 4, 'dropout': 0.2521729508972039, 'train_learning_rate': 0.0015380811390400798, 'train_lr_reduce': 0.6}. Best is trial 130 with value: 0.0812772810459137.
[I 2024-12-15 23:43:27,827] Trial 1205 finished with value: 0.24275001883506775 and parameters: {'mlp_n_layers': 4, 'mlp_dim_00': 48, 'mlp_dim_01': 80, 'mlp_dim_02': 96, 'mlp_dim_03': 176, 'hidden_channels': 96, 'num_layers': 3, 'num_timesteps': 1, 'dropout': 0.04427514703186357, 'train_learning_rate': 0.0001250198997856416, 'train_lr_reduce': 0.6}. Best is trial 130 with value: 0.0812772810459137.
[I 2024-12-15 23:43:33,388] Trial 1208 finished with value: 0.11040743440389633 and parameters: {'mlp_n_layers': 3, 'mlp_dim_00': 128, 'mlp_dim_01': 96, 'mlp_dim_02': 144, 'hidden_channels': 32, 'num_layers': 1, 'num_timesteps': 1, 'dropout': 0.24585809379044446, 'train_learning_rate': 0.0013016557127546388, 'train_lr_reduce': 0.6}. Best is trial 130 with value: 0.0812772810459137.
[I 2024-12-15 23:43:36,303] Trial 1207 finished with value: 0.12808796763420105 and parameters: {'mlp_n_layers': 2, 'mlp_dim_00': 256, 'mlp_dim_01': 96, 'hidden_channels': 144, 'num_layers': 3, 'num_timesteps': 1, 'dropout': 0.2804507692086058, 'train_learning_rate': 0.008370877924777182, 'train_lr_reduce': 0.6}. Best is trial 130 with value: 0.0812772810459137.
[I 2024-12-15 23:43:45,883] Trial 1209 finished with value: 0.11376503109931946 and parameters: {'mlp_n_layers': 2, 'mlp_dim_00': 32, 'mlp_dim_01': 224, 'hidden_channels': 32, 'num_layers': 3, 'num_timesteps': 4, 'dropout': 0.10321142829200436, 'train_learning_rate': 0.007176520669357929, 'train_lr_reduce': 0.6}. Best is trial 130 with value: 0.0812772810459137.
[I 2024-12-15 23:44:03,203] Trial 1211 finished with value: 0.14666269719600677 and parameters: {'mlp_n_layers': 4, 'mlp_dim_00': 240, 'mlp_dim_01': 160, 'mlp_dim_02': 192, 'mlp_dim_03': 96, 'hidden_channels': 256, 'num_layers': 4, 'num_timesteps': 1, 'dropout': 0.25197431144577015, 'train_learning_rate': 0.001218662366989132, 'train_lr_reduce': 0.6}. Best is trial 130 with value: 0.0812772810459137.
[I 2024-12-15 23:44:06,363] Trial 1210 finished with value: 0.14536607265472412 and parameters: {'mlp_n_layers': 4, 'mlp_dim_00': 240, 'mlp_dim_01': 160, 'mlp_dim_02': 128, 'mlp_dim_03': 208, 'hidden_channels': 192, 'num_layers': 3, 'num_timesteps': 2, 'dropout': 0.0978049163420236, 'train_learning_rate': 0.0002910245269273049, 'train_lr_reduce': 0.6}. Best is trial 130 with value: 0.0812772810459137.
[I 2024-12-15 23:44:06,397] Trial 1212 finished with value: 0.13707932829856873 and parameters: {'mlp_n_layers': 3, 'mlp_dim_00': 256, 'mlp_dim_01': 208, 'mlp_dim_02': 160, 'hidden_channels': 80, 'num_layers': 2, 'num_timesteps': 2, 'dropout': 0.2176937214024614, 'train_learning_rate': 0.004124145721312288, 'train_lr_reduce': 0.6}. Best is trial 130 with value: 0.0812772810459137.
[I 2024-12-15 23:44:16,231] Trial 1213 finished with value: 0.11051774770021439 and parameters: {'mlp_n_layers': 3, 'mlp_dim_00': 64, 'mlp_dim_01': 176, 'mlp_dim_02': 96, 'hidden_channels': 32, 'num_layers': 1, 'num_timesteps': 2, 'dropout': 0.20447493985347406, 'train_learning_rate': 0.002423051843403872, 'train_lr_reduce': 0.6}. Best is trial 130 with value: 0.0812772810459137.
[I 2024-12-15 23:44:26,073] Trial 1215 finished with value: 0.09694046527147293 and parameters: {'mlp_n_layers': 3, 'mlp_dim_00': 240, 'mlp_dim_01': 224, 'mlp_dim_02': 128, 'hidden_channels': 208, 'num_layers': 1, 'num_timesteps': 2, 'dropout': 0.17938094481335787, 'train_learning_rate': 0.006473172935074207, 'train_lr_reduce': 0.6}. Best is trial 130 with value: 0.0812772810459137.
[I 2024-12-15 23:44:32,214] Trial 1216 finished with value: 0.12247458845376968 and parameters: {'mlp_n_layers': 3, 'mlp_dim_00': 240, 'mlp_dim_01': 112, 'mlp_dim_02': 208, 'hidden_channels': 176, 'num_layers': 3, 'num_timesteps': 2, 'dropout': 0.16183353631649078, 'train_learning_rate': 0.002270078229485212, 'train_lr_reduce': 0.6}. Best is trial 130 with value: 0.0812772810459137.
[I 2024-12-15 23:44:35,059] Trial 1214 finished with value: 0.1587701439857483 and parameters: {'mlp_n_layers': 4, 'mlp_dim_00': 80, 'mlp_dim_01': 240, 'mlp_dim_02': 176, 'mlp_dim_03': 160, 'hidden_channels': 224, 'num_layers': 4, 'num_timesteps': 1, 'dropout': 0.22304819656542946, 'train_learning_rate': 0.001582448455535706, 'train_lr_reduce': 0.6}. Best is trial 130 with value: 0.0812772810459137.
[I 2024-12-15 23:44:38,668] Trial 1217 finished with value: 0.11776694655418396 and parameters: {'mlp_n_layers': 2, 'mlp_dim_00': 112, 'mlp_dim_01': 112, 'hidden_channels': 48, 'num_layers': 1, 'num_timesteps': 2, 'dropout': 0.25618018585020375, 'train_learning_rate': 0.009072248754393473, 'train_lr_reduce': 0.6}. Best is trial 130 with value: 0.0812772810459137.
[I 2024-12-15 23:44:52,296] Trial 1219 finished with value: 0.10878896713256836 and parameters: {'mlp_n_layers': 2, 'mlp_dim_00': 240, 'mlp_dim_01': 128, 'hidden_channels': 208, 'num_layers': 3, 'num_timesteps': 1, 'dropout': 0.2630038586638286, 'train_learning_rate': 0.009036584387956159, 'train_lr_reduce': 0.6}. Best is trial 130 with value: 0.0812772810459137.
[I 2024-12-15 23:44:53,206] Trial 1220 finished with value: 0.12081508338451385 and parameters: {'mlp_n_layers': 2, 'mlp_dim_00': 112, 'mlp_dim_01': 256, 'hidden_channels': 64, 'num_layers': 2, 'num_timesteps': 4, 'dropout': 0.09488602088998915, 'train_learning_rate': 0.007203258709109339, 'train_lr_reduce': 0.6}. Best is trial 130 with value: 0.0812772810459137.
