[I 2024-12-19 08:48:07,461] Trial 2077 finished with value: 1.4002063274383545 and parameters: {'mlp_n_layers': 3, 'mlp_dim_00': 363, 'mlp_dim_01': 80, 'mlp_dim_02': 430, 'node_hidden_dim': 80, 'edge_hidden_dim': 102, 'depth': 2, 'rep_dropout': 0.016856309167803785, 'train_learning_rate': 0.002258800898528883, 'train_lr_reduce': 0.6}. Best is trial 1483 with value: 0.2768918573856354.
[I 2024-12-19 08:48:08,797] Trial 2078 finished with value: 1.3774709701538086 and parameters: {'mlp_n_layers': 2, 'mlp_dim_00': 253, 'mlp_dim_01': 242, 'node_hidden_dim': 112, 'edge_hidden_dim': 101, 'depth': 2, 'rep_dropout': 0.012573686753311147, 'train_learning_rate': 0.004756395427725491, 'train_lr_reduce': 0.6}. Best is trial 1483 with value: 0.2768918573856354.
[I 2024-12-19 08:48:10,187] Trial 2079 finished with value: 1.326596736907959 and parameters: {'mlp_n_layers': 3, 'mlp_dim_00': 170, 'mlp_dim_01': 205, 'mlp_dim_02': 367, 'node_hidden_dim': 87, 'edge_hidden_dim': 117, 'depth': 3, 'rep_dropout': 0.006915707742530869, 'train_learning_rate': 0.009357619328094546, 'train_lr_reduce': 0.6}. Best is trial 1483 with value: 0.2768918573856354.
[I 2024-12-19 08:48:13,582] Trial 2081 finished with value: 1.3371281623840332 and parameters: {'mlp_n_layers': 2, 'mlp_dim_00': 132, 'mlp_dim_01': 301, 'node_hidden_dim': 127, 'edge_hidden_dim': 41, 'depth': 2, 'rep_dropout': 0.06403513514371952, 'train_learning_rate': 0.004622421479935256, 'train_lr_reduce': 0.6}. Best is trial 1483 with value: 0.2768918573856354.
[I 2024-12-19 08:48:14,465] Trial 2080 finished with value: 1.5698763132095337 and parameters: {'mlp_n_layers': 4, 'mlp_dim_00': 353, 'mlp_dim_01': 368, 'mlp_dim_02': 472, 'mlp_dim_03': 180, 'node_hidden_dim': 118, 'edge_hidden_dim': 111, 'depth': 4, 'rep_dropout': 0.11121498944360149, 'train_learning_rate': 0.00016690271761218343, 'train_lr_reduce': 0.6}. Best is trial 1483 with value: 0.2768918573856354.
[I 2024-12-19 08:48:18,487] Trial 2083 finished with value: 1.5202531814575195 and parameters: {'mlp_n_layers': 3, 'mlp_dim_00': 392, 'mlp_dim_01': 190, 'mlp_dim_02': 307, 'node_hidden_dim': 61, 'edge_hidden_dim': 106, 'depth': 3, 'rep_dropout': 0.09970351721214393, 'train_learning_rate': 0.0032209073635181603, 'train_lr_reduce': 0.6}. Best is trial 1483 with value: 0.2768918573856354.
[I 2024-12-19 08:48:19,037] Trial 2084 finished with value: 1.4682047367095947 and parameters: {'mlp_n_layers': 2, 'mlp_dim_00': 138, 'mlp_dim_01': 261, 'node_hidden_dim': 108, 'edge_hidden_dim': 60, 'depth': 2, 'rep_dropout': 0.10260815077018387, 'train_learning_rate': 0.0038665688271026046, 'train_lr_reduce': 0.6}. Best is trial 1483 with value: 0.2768918573856354.
[I 2024-12-19 08:48:22,993] Trial 2085 finished with value: 1.33842933177948 and parameters: {'mlp_n_layers': 3, 'mlp_dim_00': 231, 'mlp_dim_01': 90, 'mlp_dim_02': 392, 'node_hidden_dim': 70, 'edge_hidden_dim': 96, 'depth': 2, 'rep_dropout': 0.07580900377037403, 'train_learning_rate': 0.008767242560047826, 'train_lr_reduce': 0.6}. Best is trial 1483 with value: 0.2768918573856354.
[I 2024-12-19 08:48:23,164] Trial 2082 finished with value: 0.4175116717815399 and parameters: {'mlp_n_layers': 2, 'mlp_dim_00': 289, 'mlp_dim_01': 229, 'node_hidden_dim': 106, 'edge_hidden_dim': 69, 'depth': 2, 'rep_dropout': 0.024449615974405016, 'train_learning_rate': 0.008210632085039613, 'train_lr_reduce': 0.6}. Best is trial 1483 with value: 0.2768918573856354.
[I 2024-12-19 08:48:23,398] Trial 2086 finished with value: 1.3028980493545532 and parameters: {'mlp_n_layers': 2, 'mlp_dim_00': 308, 'mlp_dim_01': 107, 'node_hidden_dim': 74, 'edge_hidden_dim': 39, 'depth': 3, 'rep_dropout': 0.07807484707765132, 'train_learning_rate': 0.0038824379826446526, 'train_lr_reduce': 0.6}. Best is trial 1483 with value: 0.2768918573856354.
[I 2024-12-19 08:48:27,274] Trial 2088 finished with value: 1.5633888244628906 and parameters: {'mlp_n_layers': 2, 'mlp_dim_00': 280, 'mlp_dim_01': 229, 'node_hidden_dim': 123, 'edge_hidden_dim': 45, 'depth': 2, 'rep_dropout': 0.08640302272793761, 'train_learning_rate': 0.00011599062684212513, 'train_lr_reduce': 0.6}. Best is trial 1483 with value: 0.2768918573856354.
[I 2024-12-19 08:48:27,280] Trial 2087 finished with value: 1.2888365983963013 and parameters: {'mlp_n_layers': 2, 'mlp_dim_00': 150, 'mlp_dim_01': 198, 'node_hidden_dim': 111, 'edge_hidden_dim': 49, 'depth': 3, 'rep_dropout': 0.06155070443945253, 'train_learning_rate': 0.004718609542161853, 'train_lr_reduce': 0.6}. Best is trial 1483 with value: 0.2768918573856354.
[I 2024-12-19 08:48:28,353] Trial 2089 finished with value: 1.2866923809051514 and parameters: {'mlp_n_layers': 3, 'mlp_dim_00': 126, 'mlp_dim_01': 133, 'mlp_dim_02': 261, 'node_hidden_dim': 100, 'edge_hidden_dim': 64, 'depth': 3, 'rep_dropout': 0.011530525207743746, 'train_learning_rate': 0.00917995290759804, 'train_lr_reduce': 0.6}. Best is trial 1483 with value: 0.2768918573856354.
[I 2024-12-19 08:48:31,851] Trial 2090 finished with value: 1.3109681606292725 and parameters: {'mlp_n_layers': 3, 'mlp_dim_00': 292, 'mlp_dim_01': 230, 'mlp_dim_02': 325, 'node_hidden_dim': 104, 'edge_hidden_dim': 33, 'depth': 2, 'rep_dropout': 0.059436996173332875, 'train_learning_rate': 0.007812245163547332, 'train_lr_reduce': 0.6}. Best is trial 1483 with value: 0.2768918573856354.
[I 2024-12-19 08:48:32,690] Trial 2092 finished with value: 1.3550628423690796 and parameters: {'mlp_n_layers': 3, 'mlp_dim_00': 228, 'mlp_dim_01': 274, 'mlp_dim_02': 480, 'node_hidden_dim': 107, 'edge_hidden_dim': 56, 'depth': 2, 'rep_dropout': 0.08438797618893301, 'train_learning_rate': 0.0077541239481352725, 'train_lr_reduce': 0.6}. Best is trial 1483 with value: 0.2768918573856354.
[I 2024-12-19 08:48:33,257] Trial 2091 finished with value: 1.5807490348815918 and parameters: {'mlp_n_layers': 3, 'mlp_dim_00': 342, 'mlp_dim_01': 120, 'mlp_dim_02': 440, 'node_hidden_dim': 92, 'edge_hidden_dim': 110, 'depth': 2, 'rep_dropout': 0.028482981511205624, 'train_learning_rate': 0.00022820954253717038, 'train_lr_reduce': 0.6}. Best is trial 1483 with value: 0.2768918573856354.
[I 2024-12-19 08:48:37,550] Trial 2095 finished with value: 1.3005428314208984 and parameters: {'mlp_n_layers': 2, 'mlp_dim_00': 198, 'mlp_dim_01': 242, 'node_hidden_dim': 119, 'edge_hidden_dim': 35, 'depth': 2, 'rep_dropout': 0.10343990867553772, 'train_learning_rate': 0.002064415803023766, 'train_lr_reduce': 0.6}. Best is trial 1483 with value: 0.2768918573856354.
[I 2024-12-19 08:48:40,797] Trial 2093 finished with value: 1.3113420009613037 and parameters: {'mlp_n_layers': 2, 'mlp_dim_00': 179, 'mlp_dim_01': 206, 'node_hidden_dim': 110, 'edge_hidden_dim': 90, 'depth': 2, 'rep_dropout': 0.0010705792990552826, 'train_learning_rate': 0.0026008228224483243, 'train_lr_reduce': 0.6}. Best is trial 1483 with value: 0.2768918573856354.
[I 2024-12-19 08:48:42,686] Trial 2096 finished with value: 1.43700110912323 and parameters: {'mlp_n_layers': 2, 'mlp_dim_00': 186, 'mlp_dim_01': 423, 'node_hidden_dim': 119, 'edge_hidden_dim': 124, 'depth': 2, 'rep_dropout': 0.11183133312697166, 'train_learning_rate': 0.0038289190709403093, 'train_lr_reduce': 0.6}. Best is trial 1483 with value: 0.2768918573856354.
[I 2024-12-19 08:48:45,078] Trial 2094 finished with value: 0.3532261550426483 and parameters: {'mlp_n_layers': 2, 'mlp_dim_00': 231, 'mlp_dim_01': 279, 'node_hidden_dim': 90, 'edge_hidden_dim': 63, 'depth': 2, 'rep_dropout': 0.09633847378406987, 'train_learning_rate': 0.008530988766375019, 'train_lr_reduce': 0.6}. Best is trial 1483 with value: 0.2768918573856354.
[I 2024-12-19 08:48:46,282] Trial 2097 finished with value: 1.507591724395752 and parameters: {'mlp_n_layers': 4, 'mlp_dim_00': 140, 'mlp_dim_01': 379, 'mlp_dim_02': 349, 'mlp_dim_03': 66, 'node_hidden_dim': 102, 'edge_hidden_dim': 62, 'depth': 2, 'rep_dropout': 0.05327219312525382, 'train_learning_rate': 0.004914316826980994, 'train_lr_reduce': 0.6}. Best is trial 1483 with value: 0.2768918573856354.
[I 2024-12-19 08:48:49,968] Trial 2099 finished with value: 1.322304368019104 and parameters: {'mlp_n_layers': 3, 'mlp_dim_00': 237, 'mlp_dim_01': 394, 'mlp_dim_02': 409, 'node_hidden_dim': 84, 'edge_hidden_dim': 81, 'depth': 2, 'rep_dropout': 0.12860787628375908, 'train_learning_rate': 0.006312414823168727, 'train_lr_reduce': 0.6}. Best is trial 1483 with value: 0.2768918573856354.
[I 2024-12-19 08:48:52,055] Trial 2100 finished with value: 1.3746988773345947 and parameters: {'mlp_n_layers': 2, 'mlp_dim_00': 384, 'mlp_dim_01': 281, 'node_hidden_dim': 76, 'edge_hidden_dim': 74, 'depth': 2, 'rep_dropout': 0.09151328854716025, 'train_learning_rate': 0.009615464875923659, 'train_lr_reduce': 0.6}. Best is trial 1483 with value: 0.2768918573856354.
[I 2024-12-19 08:48:56,528] Trial 2102 finished with value: 1.2895774841308594 and parameters: {'mlp_n_layers': 2, 'mlp_dim_00': 176, 'mlp_dim_01': 270, 'node_hidden_dim': 82, 'edge_hidden_dim': 55, 'depth': 2, 'rep_dropout': 0.0823260608345102, 'train_learning_rate': 0.005558534692571586, 'train_lr_reduce': 0.6}. Best is trial 1483 with value: 0.2768918573856354.
[I 2024-12-19 08:48:57,124] Trial 2101 finished with value: 1.3546744585037231 and parameters: {'mlp_n_layers': 3, 'mlp_dim_00': 67, 'mlp_dim_01': 80, 'mlp_dim_02': 261, 'node_hidden_dim': 121, 'edge_hidden_dim': 98, 'depth': 2, 'rep_dropout': 0.05720246942951458, 'train_learning_rate': 0.002733027564580166, 'train_lr_reduce': 0.6}. Best is trial 1483 with value: 0.2768918573856354.
[I 2024-12-19 08:48:58,210] Trial 2098 finished with value: 1.0981909036636353 and parameters: {'mlp_n_layers': 2, 'mlp_dim_00': 214, 'mlp_dim_01': 80, 'node_hidden_dim': 65, 'edge_hidden_dim': 110, 'depth': 2, 'rep_dropout': 0.03269448430178182, 'train_learning_rate': 0.0028162409755890434, 'train_lr_reduce': 0.6}. Best is trial 1483 with value: 0.2768918573856354.
[I 2024-12-19 08:49:01,342] Trial 2103 finished with value: 1.577952265739441 and parameters: {'mlp_n_layers': 3, 'mlp_dim_00': 473, 'mlp_dim_01': 128, 'mlp_dim_02': 302, 'node_hidden_dim': 33, 'edge_hidden_dim': 78, 'depth': 2, 'rep_dropout': 0.2485583286180396, 'train_learning_rate': 0.00028612057598667465, 'train_lr_reduce': 0.6}. Best is trial 1483 with value: 0.2768918573856354.
[I 2024-12-19 08:49:01,639] Trial 2104 finished with value: 1.3574997186660767 and parameters: {'mlp_n_layers': 3, 'mlp_dim_00': 259, 'mlp_dim_01': 246, 'mlp_dim_02': 375, 'node_hidden_dim': 80, 'edge_hidden_dim': 64, 'depth': 2, 'rep_dropout': 0.07975362095815197, 'train_learning_rate': 0.004420590601521779, 'train_lr_reduce': 0.6}. Best is trial 1483 with value: 0.2768918573856354.
[I 2024-12-19 08:49:03,375] Trial 2105 finished with value: 1.2871073484420776 and parameters: {'mlp_n_layers': 3, 'mlp_dim_00': 486, 'mlp_dim_01': 208, 'mlp_dim_02': 333, 'node_hidden_dim': 41, 'edge_hidden_dim': 96, 'depth': 2, 'rep_dropout': 0.006726894832039981, 'train_learning_rate': 0.006987221512351517, 'train_lr_reduce': 0.6}. Best is trial 1483 with value: 0.2768918573856354.
[I 2024-12-19 08:49:05,848] Trial 2106 finished with value: 1.296724557876587 and parameters: {'mlp_n_layers': 2, 'mlp_dim_00': 175, 'mlp_dim_01': 274, 'node_hidden_dim': 90, 'edge_hidden_dim': 58, 'depth': 2, 'rep_dropout': 0.10945304183399411, 'train_learning_rate': 0.009997703637628197, 'train_lr_reduce': 0.6}. Best is trial 1483 with value: 0.2768918573856354.
[I 2024-12-19 08:49:05,983] Trial 2107 finished with value: 1.2837252616882324 and parameters: {'mlp_n_layers': 3, 'mlp_dim_00': 265, 'mlp_dim_01': 330, 'mlp_dim_02': 436, 'node_hidden_dim': 91, 'edge_hidden_dim': 67, 'depth': 2, 'rep_dropout': 0.10125879755980365, 'train_learning_rate': 0.009096876971030234, 'train_lr_reduce': 0.6}. Best is trial 1483 with value: 0.2768918573856354.
[I 2024-12-19 08:49:08,247] Trial 2108 finished with value: 1.312028169631958 and parameters: {'mlp_n_layers': 2, 'mlp_dim_00': 231, 'mlp_dim_01': 346, 'node_hidden_dim': 71, 'edge_hidden_dim': 67, 'depth': 2, 'rep_dropout': 0.07307472323630546, 'train_learning_rate': 0.009674721645043727, 'train_lr_reduce': 0.6}. Best is trial 1483 with value: 0.2768918573856354.
[I 2024-12-19 08:49:10,890] Trial 2109 finished with value: 1.3034433126449585 and parameters: {'mlp_n_layers': 3, 'mlp_dim_00': 98, 'mlp_dim_01': 195, 'mlp_dim_02': 480, 'node_hidden_dim': 103, 'edge_hidden_dim': 107, 'depth': 2, 'rep_dropout': 0.042554785485680605, 'train_learning_rate': 0.0064633052469115606, 'train_lr_reduce': 0.6}. Best is trial 1483 with value: 0.2768918573856354.
[I 2024-12-19 08:49:11,242] Trial 2110 finished with value: 1.5214601755142212 and parameters: {'mlp_n_layers': 4, 'mlp_dim_00': 509, 'mlp_dim_01': 147, 'mlp_dim_02': 254, 'mlp_dim_03': 64, 'node_hidden_dim': 101, 'edge_hidden_dim': 78, 'depth': 4, 'rep_dropout': 0.10208892934712299, 'train_learning_rate': 0.00013292035202103856, 'train_lr_reduce': 0.6}. Best is trial 1483 with value: 0.2768918573856354.
[I 2024-12-19 08:49:13,100] Trial 2111 finished with value: 1.407490849494934 and parameters: {'mlp_n_layers': 2, 'mlp_dim_00': 250, 'mlp_dim_01': 238, 'node_hidden_dim': 91, 'edge_hidden_dim': 63, 'depth': 2, 'rep_dropout': 0.13794472272146255, 'train_learning_rate': 0.004735950469587585, 'train_lr_reduce': 0.6}. Best is trial 1483 with value: 0.2768918573856354.
[I 2024-12-19 08:49:15,294] Trial 2112 finished with value: 1.2826733589172363 and parameters: {'mlp_n_layers': 2, 'mlp_dim_00': 259, 'mlp_dim_01': 149, 'node_hidden_dim': 84, 'edge_hidden_dim': 57, 'depth': 2, 'rep_dropout': 0.15885963634743488, 'train_learning_rate': 0.008237585052134922, 'train_lr_reduce': 0.6}. Best is trial 1483 with value: 0.2768918573856354.
[I 2024-12-19 08:49:15,993] Trial 2113 finished with value: 1.520926833152771 and parameters: {'mlp_n_layers': 4, 'mlp_dim_00': 251, 'mlp_dim_01': 69, 'mlp_dim_02': 298, 'mlp_dim_03': 377, 'node_hidden_dim': 56, 'edge_hidden_dim': 123, 'depth': 3, 'rep_dropout': 0.04811563179768076, 'train_learning_rate': 0.0013359941463558713, 'train_lr_reduce': 0.6}. Best is trial 1483 with value: 0.2768918573856354.
[I 2024-12-19 08:49:17,658] Trial 2114 finished with value: 1.4567207098007202 and parameters: {'mlp_n_layers': 2, 'mlp_dim_00': 299, 'mlp_dim_01': 68, 'node_hidden_dim': 121, 'edge_hidden_dim': 65, 'depth': 2, 'rep_dropout': 0.0008361445612954906, 'train_learning_rate': 0.00304443997055196, 'train_lr_reduce': 0.6}. Best is trial 1483 with value: 0.2768918573856354.
[I 2024-12-19 08:49:20,130] Trial 2115 finished with value: 1.294065237045288 and parameters: {'mlp_n_layers': 2, 'mlp_dim_00': 175, 'mlp_dim_01': 289, 'node_hidden_dim': 87, 'edge_hidden_dim': 38, 'depth': 2, 'rep_dropout': 0.07574232639534656, 'train_learning_rate': 0.00436815067294406, 'train_lr_reduce': 0.6}. Best is trial 1483 with value: 0.2768918573856354.
[I 2024-12-19 08:49:20,632] Trial 2116 finished with value: 1.3467333316802979 and parameters: {'mlp_n_layers': 3, 'mlp_dim_00': 211, 'mlp_dim_01': 416, 'mlp_dim_02': 390, 'node_hidden_dim': 109, 'edge_hidden_dim': 124, 'depth': 2, 'rep_dropout': 0.11839473584637208, 'train_learning_rate': 0.0029551961845356123, 'train_lr_reduce': 0.6}. Best is trial 1483 with value: 0.2768918573856354.
[I 2024-12-19 08:49:24,887] Trial 2118 finished with value: 1.4350571632385254 and parameters: {'mlp_n_layers': 4, 'mlp_dim_00': 395, 'mlp_dim_01': 417, 'mlp_dim_02': 440, 'mlp_dim_03': 140, 'node_hidden_dim': 82, 'edge_hidden_dim': 67, 'depth': 3, 'rep_dropout': 0.061680010301059185, 'train_learning_rate': 0.003139521733870096, 'train_lr_reduce': 0.6}. Best is trial 1483 with value: 0.2768918573856354.
[I 2024-12-19 08:49:25,457] Trial 2119 finished with value: 1.4343140125274658 and parameters: {'mlp_n_layers': 2, 'mlp_dim_00': 171, 'mlp_dim_01': 359, 'node_hidden_dim': 87, 'edge_hidden_dim': 47, 'depth': 2, 'rep_dropout': 0.14460906115664712, 'train_learning_rate': 0.006658750716406978, 'train_lr_reduce': 0.6}. Best is trial 1483 with value: 0.2768918573856354.
[I 2024-12-19 08:49:29,449] Trial 2120 finished with value: 1.5632797479629517 and parameters: {'mlp_n_layers': 3, 'mlp_dim_00': 89, 'mlp_dim_01': 316, 'mlp_dim_02': 481, 'node_hidden_dim': 91, 'edge_hidden_dim': 77, 'depth': 2, 'rep_dropout': 0.24718371318696242, 'train_learning_rate': 0.0008041436341207781, 'train_lr_reduce': 0.6}. Best is trial 1483 with value: 0.2768918573856354.
[I 2024-12-19 08:49:29,791] Trial 2121 finished with value: 1.3339996337890625 and parameters: {'mlp_n_layers': 3, 'mlp_dim_00': 490, 'mlp_dim_01': 293, 'mlp_dim_02': 253, 'node_hidden_dim': 81, 'edge_hidden_dim': 104, 'depth': 2, 'rep_dropout': 0.10639465010648987, 'train_learning_rate': 0.00878535114889612, 'train_lr_reduce': 0.6}. Best is trial 1483 with value: 0.2768918573856354.
[I 2024-12-19 08:49:31,808] Trial 2117 finished with value: 0.519330620765686 and parameters: {'mlp_n_layers': 3, 'mlp_dim_00': 68, 'mlp_dim_01': 73, 'mlp_dim_02': 345, 'node_hidden_dim': 128, 'edge_hidden_dim': 106, 'depth': 2, 'rep_dropout': 0.018872574639177752, 'train_learning_rate': 0.005461957659003029, 'train_lr_reduce': 0.6}. Best is trial 1483 with value: 0.2768918573856354.
[I 2024-12-19 08:49:34,417] Trial 2122 finished with value: 1.4150301218032837 and parameters: {'mlp_n_layers': 2, 'mlp_dim_00': 405, 'mlp_dim_01': 227, 'node_hidden_dim': 114, 'edge_hidden_dim': 114, 'depth': 4, 'rep_dropout': 0.007676512078567566, 'train_learning_rate': 0.0006113171916867282, 'train_lr_reduce': 0.6}. Best is trial 1483 with value: 0.2768918573856354.
[I 2024-12-19 08:49:36,095] Trial 2123 finished with value: 1.22074294090271 and parameters: {'mlp_n_layers': 2, 'mlp_dim_00': 401, 'mlp_dim_01': 160, 'node_hidden_dim': 113, 'edge_hidden_dim': 47, 'depth': 2, 'rep_dropout': 0.0013538825820029684, 'train_learning_rate': 0.008792824535469194, 'train_lr_reduce': 0.6}. Best is trial 1483 with value: 0.2768918573856354.
[I 2024-12-19 08:49:36,617] Trial 2124 finished with value: 1.3879008293151855 and parameters: {'mlp_n_layers': 2, 'mlp_dim_00': 369, 'mlp_dim_01': 300, 'node_hidden_dim': 114, 'edge_hidden_dim': 45, 'depth': 3, 'rep_dropout': 0.022790599994684337, 'train_learning_rate': 0.005066020128324785, 'train_lr_reduce': 0.6}. Best is trial 1483 with value: 0.2768918573856354.
[I 2024-12-19 08:49:39,117] Trial 2125 finished with value: 1.5719985961914062 and parameters: {'mlp_n_layers': 3, 'mlp_dim_00': 127, 'mlp_dim_01': 313, 'mlp_dim_02': 298, 'node_hidden_dim': 63, 'edge_hidden_dim': 112, 'depth': 2, 'rep_dropout': 0.13443658730402136, 'train_learning_rate': 0.00010495285544390207, 'train_lr_reduce': 0.6}. Best is trial 1483 with value: 0.2768918573856354.
[I 2024-12-19 08:49:40,589] Trial 2126 finished with value: 1.2842286825180054 and parameters: {'mlp_n_layers': 3, 'mlp_dim_00': 361, 'mlp_dim_01': 358, 'mlp_dim_02': 389, 'node_hidden_dim': 115, 'edge_hidden_dim': 121, 'depth': 2, 'rep_dropout': 0.2109934741562586, 'train_learning_rate': 0.004723207934182193, 'train_lr_reduce': 0.6}. Best is trial 1483 with value: 0.2768918573856354.
[I 2024-12-19 08:49:41,819] Trial 2127 finished with value: 1.286344289779663 and parameters: {'mlp_n_layers': 2, 'mlp_dim_00': 367, 'mlp_dim_01': 110, 'node_hidden_dim': 101, 'edge_hidden_dim': 47, 'depth': 2, 'rep_dropout': 0.13231564228930837, 'train_learning_rate': 0.00790490743251113, 'train_lr_reduce': 0.6}. Best is trial 1483 with value: 0.2768918573856354.
[I 2024-12-19 08:49:44,824] Trial 2129 finished with value: 1.2992197275161743 and parameters: {'mlp_n_layers': 2, 'mlp_dim_00': 316, 'mlp_dim_01': 296, 'node_hidden_dim': 100, 'edge_hidden_dim': 34, 'depth': 2, 'rep_dropout': 0.10466263413460015, 'train_learning_rate': 0.0038360742571670377, 'train_lr_reduce': 0.6}. Best is trial 1483 with value: 0.2768918573856354.
[I 2024-12-19 08:49:46,982] Trial 2128 finished with value: 1.394450068473816 and parameters: {'mlp_n_layers': 3, 'mlp_dim_00': 116, 'mlp_dim_01': 356, 'mlp_dim_02': 512, 'node_hidden_dim': 122, 'edge_hidden_dim': 119, 'depth': 4, 'rep_dropout': 0.1856996931391019, 'train_learning_rate': 0.0026419009630523904, 'train_lr_reduce': 0.6}. Best is trial 1483 with value: 0.2768918573856354.
[I 2024-12-19 08:49:49,273] Trial 2130 finished with value: 1.4059696197509766 and parameters: {'mlp_n_layers': 4, 'mlp_dim_00': 244, 'mlp_dim_01': 225, 'mlp_dim_02': 340, 'mlp_dim_03': 253, 'node_hidden_dim': 33, 'edge_hidden_dim': 111, 'depth': 3, 'rep_dropout': 0.21391610182989004, 'train_learning_rate': 0.0037543315968474457, 'train_lr_reduce': 0.6}. Best is trial 1483 with value: 0.2768918573856354.
[I 2024-12-19 08:49:50,036] Trial 2131 finished with value: 1.35683274269104 and parameters: {'mlp_n_layers': 2, 'mlp_dim_00': 274, 'mlp_dim_01': 297, 'node_hidden_dim': 99, 'edge_hidden_dim': 62, 'depth': 2, 'rep_dropout': 0.10959647846116882, 'train_learning_rate': 0.009497759641496049, 'train_lr_reduce': 0.6}. Best is trial 1483 with value: 0.2768918573856354.
[I 2024-12-19 08:49:51,835] Trial 2132 finished with value: 1.2829889059066772 and parameters: {'mlp_n_layers': 2, 'mlp_dim_00': 108, 'mlp_dim_01': 173, 'node_hidden_dim': 97, 'edge_hidden_dim': 66, 'depth': 4, 'rep_dropout': 0.017827100498397194, 'train_learning_rate': 0.006353581934318065, 'train_lr_reduce': 0.6}. Best is trial 1483 with value: 0.2768918573856354.
[I 2024-12-19 08:49:53,581] Trial 2133 finished with value: 1.3000354766845703 and parameters: {'mlp_n_layers': 2, 'mlp_dim_00': 204, 'mlp_dim_01': 166, 'node_hidden_dim': 80, 'edge_hidden_dim': 74, 'depth': 2, 'rep_dropout': 0.11538861069562703, 'train_learning_rate': 0.008417501177197069, 'train_lr_reduce': 0.6}. Best is trial 1483 with value: 0.2768918573856354.
