[I 2024-12-20 00:26:57,518] Trial 993 finished with value: 0.43457260727882385 and parameters: {'mlp_n_layers': 4, 'mlp_dim_00': 470, 'mlp_dim_01': 165, 'mlp_dim_02': 320, 'mlp_dim_03': 413, 'node_hidden_dim': 89, 'edge_hidden_dim': 57, 'depth': 1, 'rep_dropout': 0.11343191466020414, 'train_learning_rate': 0.000894601700931274, 'train_lr_reduce': 0.6}. Best is trial 558 with value: 0.30280801653862.
[I 2024-12-20 00:26:58,754] Trial 997 finished with value: 1.5069183111190796 and parameters: {'mlp_n_layers': 4, 'mlp_dim_00': 473, 'mlp_dim_01': 484, 'mlp_dim_02': 466, 'mlp_dim_03': 389, 'node_hidden_dim': 111, 'edge_hidden_dim': 85, 'depth': 1, 'rep_dropout': 0.09457893867481529, 'train_learning_rate': 0.0010511825169895058, 'train_lr_reduce': 0.6}. Best is trial 558 with value: 0.30280801653862.
[I 2024-12-20 00:27:01,194] Trial 999 finished with value: 1.5287361145019531 and parameters: {'mlp_n_layers': 4, 'mlp_dim_00': 425, 'mlp_dim_01': 203, 'mlp_dim_02': 420, 'mlp_dim_03': 386, 'node_hidden_dim': 99, 'edge_hidden_dim': 72, 'depth': 1, 'rep_dropout': 0.11717602977299905, 'train_learning_rate': 0.001147407271350315, 'train_lr_reduce': 0.6}. Best is trial 558 with value: 0.30280801653862.
[I 2024-12-20 00:27:05,917] Trial 1000 finished with value: 1.3810311555862427 and parameters: {'mlp_n_layers': 4, 'mlp_dim_00': 495, 'mlp_dim_01': 154, 'mlp_dim_02': 300, 'mlp_dim_03': 428, 'node_hidden_dim': 128, 'edge_hidden_dim': 80, 'depth': 2, 'rep_dropout': 0.11088269160613073, 'train_learning_rate': 0.0008553021007113033, 'train_lr_reduce': 0.6}. Best is trial 558 with value: 0.30280801653862.
[I 2024-12-20 00:27:10,649] Trial 1002 finished with value: 1.4876410961151123 and parameters: {'mlp_n_layers': 2, 'mlp_dim_00': 194, 'mlp_dim_01': 79, 'node_hidden_dim': 59, 'edge_hidden_dim': 119, 'depth': 4, 'rep_dropout': 0.12314159706156969, 'train_learning_rate': 0.0002344544705279793, 'train_lr_reduce': 0.6}. Best is trial 558 with value: 0.30280801653862.
[I 2024-12-20 00:27:10,768] Trial 998 finished with value: 0.4185773432254791 and parameters: {'mlp_n_layers': 4, 'mlp_dim_00': 457, 'mlp_dim_01': 184, 'mlp_dim_02': 329, 'mlp_dim_03': 426, 'node_hidden_dim': 116, 'edge_hidden_dim': 88, 'depth': 1, 'rep_dropout': 0.12417382540304295, 'train_learning_rate': 0.001254010657453904, 'train_lr_reduce': 0.6}. Best is trial 558 with value: 0.30280801653862.
[I 2024-12-20 00:27:23,109] Trial 1001 finished with value: 0.3059816360473633 and parameters: {'mlp_n_layers': 4, 'mlp_dim_00': 439, 'mlp_dim_01': 150, 'mlp_dim_02': 350, 'mlp_dim_03': 374, 'node_hidden_dim': 112, 'edge_hidden_dim': 37, 'depth': 1, 'rep_dropout': 0.0034870278581443353, 'train_learning_rate': 0.0021030851571531596, 'train_lr_reduce': 0.6}. Best is trial 558 with value: 0.30280801653862.
[I 2024-12-20 00:27:23,527] Trial 1004 finished with value: 0.4591723680496216 and parameters: {'mlp_n_layers': 4, 'mlp_dim_00': 457, 'mlp_dim_01': 238, 'mlp_dim_02': 302, 'mlp_dim_03': 380, 'node_hidden_dim': 100, 'edge_hidden_dim': 94, 'depth': 1, 'rep_dropout': 0.1183692910709997, 'train_learning_rate': 0.0007190197512420796, 'train_lr_reduce': 0.6}. Best is trial 558 with value: 0.30280801653862.
[I 2024-12-20 00:27:29,278] Trial 1003 finished with value: 0.37990352511405945 and parameters: {'mlp_n_layers': 4, 'mlp_dim_00': 499, 'mlp_dim_01': 217, 'mlp_dim_02': 370, 'mlp_dim_03': 427, 'node_hidden_dim': 118, 'edge_hidden_dim': 80, 'depth': 1, 'rep_dropout': 0.11120086342486568, 'train_learning_rate': 0.0009272720152942845, 'train_lr_reduce': 0.6}. Best is trial 558 with value: 0.30280801653862.
[I 2024-12-20 00:27:33,669] Trial 1007 finished with value: 1.48527193069458 and parameters: {'mlp_n_layers': 3, 'mlp_dim_00': 495, 'mlp_dim_01': 110, 'mlp_dim_02': 341, 'node_hidden_dim': 117, 'edge_hidden_dim': 80, 'depth': 1, 'rep_dropout': 0.1340335324438225, 'train_learning_rate': 0.0025238035309536845, 'train_lr_reduce': 0.6}. Best is trial 558 with value: 0.30280801653862.
[I 2024-12-20 00:27:37,597] Trial 1006 finished with value: 0.40078839659690857 and parameters: {'mlp_n_layers': 4, 'mlp_dim_00': 423, 'mlp_dim_01': 107, 'mlp_dim_02': 352, 'mlp_dim_03': 399, 'node_hidden_dim': 111, 'edge_hidden_dim': 36, 'depth': 1, 'rep_dropout': 0.01294429728566305, 'train_learning_rate': 0.0027613107829231893, 'train_lr_reduce': 0.6}. Best is trial 558 with value: 0.30280801653862.
[I 2024-12-20 00:27:47,980] Trial 1008 finished with value: 0.35279205441474915 and parameters: {'mlp_n_layers': 4, 'mlp_dim_00': 458, 'mlp_dim_01': 67, 'mlp_dim_02': 376, 'mlp_dim_03': 419, 'node_hidden_dim': 126, 'edge_hidden_dim': 42, 'depth': 1, 'rep_dropout': 0.015441634161817232, 'train_learning_rate': 0.0026881499898668924, 'train_lr_reduce': 0.6}. Best is trial 558 with value: 0.30280801653862.
[I 2024-12-20 00:27:48,528] Trial 1009 finished with value: 0.4304129183292389 and parameters: {'mlp_n_layers': 3, 'mlp_dim_00': 429, 'mlp_dim_01': 157, 'mlp_dim_02': 326, 'node_hidden_dim': 107, 'edge_hidden_dim': 39, 'depth': 1, 'rep_dropout': 0.00854165946120299, 'train_learning_rate': 0.0018798242801108134, 'train_lr_reduce': 0.6}. Best is trial 558 with value: 0.30280801653862.
[I 2024-12-20 00:27:48,650] Trial 1005 finished with value: 0.38852715492248535 and parameters: {'mlp_n_layers': 3, 'mlp_dim_00': 491, 'mlp_dim_01': 189, 'mlp_dim_02': 360, 'node_hidden_dim': 106, 'edge_hidden_dim': 93, 'depth': 1, 'rep_dropout': 0.10388756157515285, 'train_learning_rate': 0.0008166840845773292, 'train_lr_reduce': 0.6}. Best is trial 558 with value: 0.30280801653862.
[I 2024-12-20 00:28:00,096] Trial 1010 finished with value: 0.5160496234893799 and parameters: {'mlp_n_layers': 4, 'mlp_dim_00': 406, 'mlp_dim_01': 173, 'mlp_dim_02': 382, 'mlp_dim_03': 382, 'node_hidden_dim': 124, 'edge_hidden_dim': 36, 'depth': 1, 'rep_dropout': 0.0037729621210194526, 'train_learning_rate': 0.003660947683311245, 'train_lr_reduce': 0.6}. Best is trial 558 with value: 0.30280801653862.
[I 2024-12-20 00:28:03,939] Trial 1013 finished with value: 1.412174105644226 and parameters: {'mlp_n_layers': 4, 'mlp_dim_00': 460, 'mlp_dim_01': 78, 'mlp_dim_02': 343, 'mlp_dim_03': 438, 'node_hidden_dim': 118, 'edge_hidden_dim': 41, 'depth': 2, 'rep_dropout': 0.005270480919590629, 'train_learning_rate': 0.001978649706495181, 'train_lr_reduce': 0.6}. Best is trial 558 with value: 0.30280801653862.
[I 2024-12-20 00:28:11,537] Trial 1011 finished with value: 0.4133242666721344 and parameters: {'mlp_n_layers': 4, 'mlp_dim_00': 466, 'mlp_dim_01': 82, 'mlp_dim_02': 331, 'mlp_dim_03': 439, 'node_hidden_dim': 117, 'edge_hidden_dim': 36, 'depth': 1, 'rep_dropout': 0.016407146129424822, 'train_learning_rate': 0.003391502734147146, 'train_lr_reduce': 0.6}. Best is trial 558 with value: 0.30280801653862.
[I 2024-12-20 00:28:15,309] Trial 1015 finished with value: 1.5589395761489868 and parameters: {'mlp_n_layers': 4, 'mlp_dim_00': 497, 'mlp_dim_01': 127, 'mlp_dim_02': 367, 'mlp_dim_03': 422, 'node_hidden_dim': 110, 'edge_hidden_dim': 73, 'depth': 1, 'rep_dropout': 0.072963682913689, 'train_learning_rate': 0.0006574728702933955, 'train_lr_reduce': 0.6}. Best is trial 558 with value: 0.30280801653862.
[I 2024-12-20 00:28:16,678] Trial 1012 finished with value: 0.3985932469367981 and parameters: {'mlp_n_layers': 4, 'mlp_dim_00': 377, 'mlp_dim_01': 96, 'mlp_dim_02': 409, 'mlp_dim_03': 376, 'node_hidden_dim': 115, 'edge_hidden_dim': 38, 'depth': 1, 'rep_dropout': 0.034090973774496616, 'train_learning_rate': 0.001535199387681189, 'train_lr_reduce': 0.6}. Best is trial 558 with value: 0.30280801653862.
[I 2024-12-20 00:28:18,920] Trial 1016 finished with value: 1.5478495359420776 and parameters: {'mlp_n_layers': 2, 'mlp_dim_00': 131, 'mlp_dim_01': 99, 'node_hidden_dim': 117, 'edge_hidden_dim': 79, 'depth': 2, 'rep_dropout': 0.03207245441936245, 'train_learning_rate': 0.0008012183952806058, 'train_lr_reduce': 0.6}. Best is trial 558 with value: 0.30280801653862.
[I 2024-12-20 00:28:21,852] Trial 1014 finished with value: 0.368792861700058 and parameters: {'mlp_n_layers': 4, 'mlp_dim_00': 500, 'mlp_dim_01': 131, 'mlp_dim_02': 296, 'mlp_dim_03': 378, 'node_hidden_dim': 103, 'edge_hidden_dim': 76, 'depth': 1, 'rep_dropout': 0.0862204346780168, 'train_learning_rate': 0.0013716146879306338, 'train_lr_reduce': 0.6}. Best is trial 558 with value: 0.30280801653862.
[I 2024-12-20 00:28:27,079] Trial 1017 finished with value: 0.502008318901062 and parameters: {'mlp_n_layers': 4, 'mlp_dim_00': 303, 'mlp_dim_01': 104, 'mlp_dim_02': 420, 'mlp_dim_03': 362, 'node_hidden_dim': 126, 'edge_hidden_dim': 70, 'depth': 1, 'rep_dropout': 0.01482204526815787, 'train_learning_rate': 0.008272018634749004, 'train_lr_reduce': 0.6}. Best is trial 558 with value: 0.30280801653862.
[I 2024-12-20 00:28:40,354] Trial 1019 finished with value: 0.3491446077823639 and parameters: {'mlp_n_layers': 4, 'mlp_dim_00': 497, 'mlp_dim_01': 89, 'mlp_dim_02': 354, 'mlp_dim_03': 392, 'node_hidden_dim': 113, 'edge_hidden_dim': 86, 'depth': 2, 'rep_dropout': 0.12490931441038576, 'train_learning_rate': 0.002519403564383068, 'train_lr_reduce': 0.6}. Best is trial 558 with value: 0.30280801653862.
[I 2024-12-20 00:28:42,634] Trial 1018 finished with value: 0.4147396683692932 and parameters: {'mlp_n_layers': 3, 'mlp_dim_00': 507, 'mlp_dim_01': 124, 'mlp_dim_02': 305, 'node_hidden_dim': 105, 'edge_hidden_dim': 39, 'depth': 1, 'rep_dropout': 0.019270144645978014, 'train_learning_rate': 0.0026220754578623533, 'train_lr_reduce': 0.6}. Best is trial 558 with value: 0.30280801653862.
[I 2024-12-20 00:28:45,477] Trial 1020 finished with value: 0.3575446903705597 and parameters: {'mlp_n_layers': 4, 'mlp_dim_00': 418, 'mlp_dim_01': 148, 'mlp_dim_02': 391, 'mlp_dim_03': 446, 'node_hidden_dim': 121, 'edge_hidden_dim': 49, 'depth': 1, 'rep_dropout': 0.001313946605744324, 'train_learning_rate': 0.0012869415281497108, 'train_lr_reduce': 0.6}. Best is trial 558 with value: 0.30280801653862.
[I 2024-12-20 00:28:46,227] Trial 1022 finished with value: 1.4222114086151123 and parameters: {'mlp_n_layers': 3, 'mlp_dim_00': 365, 'mlp_dim_01': 123, 'mlp_dim_02': 293, 'node_hidden_dim': 107, 'edge_hidden_dim': 57, 'depth': 2, 'rep_dropout': 0.02573323417603312, 'train_learning_rate': 0.002234085891598477, 'train_lr_reduce': 0.6}. Best is trial 558 with value: 0.30280801653862.
[I 2024-12-20 00:28:49,244] Trial 1023 finished with value: 1.4376142024993896 and parameters: {'mlp_n_layers': 4, 'mlp_dim_00': 327, 'mlp_dim_01': 174, 'mlp_dim_02': 449, 'mlp_dim_03': 362, 'node_hidden_dim': 110, 'edge_hidden_dim': 55, 'depth': 2, 'rep_dropout': 0.0032738564837216273, 'train_learning_rate': 0.002501555356470665, 'train_lr_reduce': 0.6}. Best is trial 558 with value: 0.30280801653862.
[I 2024-12-20 00:28:49,827] Trial 1024 finished with value: 1.4244052171707153 and parameters: {'mlp_n_layers': 4, 'mlp_dim_00': 482, 'mlp_dim_01': 122, 'mlp_dim_02': 354, 'mlp_dim_03': 435, 'node_hidden_dim': 94, 'edge_hidden_dim': 35, 'depth': 1, 'rep_dropout': 0.003838722618927407, 'train_learning_rate': 0.0020428802982324556, 'train_lr_reduce': 0.6}. Best is trial 558 with value: 0.30280801653862.
[I 2024-12-20 00:28:53,706] Trial 1021 finished with value: 0.3355979323387146 and parameters: {'mlp_n_layers': 3, 'mlp_dim_00': 167, 'mlp_dim_01': 115, 'mlp_dim_02': 320, 'node_hidden_dim': 127, 'edge_hidden_dim': 36, 'depth': 1, 'rep_dropout': 0.004363656896406439, 'train_learning_rate': 0.001106193824469696, 'train_lr_reduce': 0.6}. Best is trial 558 with value: 0.30280801653862.
[I 2024-12-20 00:28:53,762] Trial 1026 finished with value: 1.567099928855896 and parameters: {'mlp_n_layers': 4, 'mlp_dim_00': 488, 'mlp_dim_01': 170, 'mlp_dim_02': 283, 'mlp_dim_03': 377, 'node_hidden_dim': 115, 'edge_hidden_dim': 34, 'depth': 2, 'rep_dropout': 0.02694754505505243, 'train_learning_rate': 0.0012263161743002985, 'train_lr_reduce': 0.6}. Best is trial 558 with value: 0.30280801653862.
[I 2024-12-20 00:28:57,855] Trial 1027 finished with value: 1.5790390968322754 and parameters: {'mlp_n_layers': 3, 'mlp_dim_00': 103, 'mlp_dim_01': 122, 'mlp_dim_02': 275, 'node_hidden_dim': 70, 'edge_hidden_dim': 32, 'depth': 4, 'rep_dropout': 0.0012879357320453588, 'train_learning_rate': 0.00034087473483953093, 'train_lr_reduce': 0.6}. Best is trial 558 with value: 0.30280801653862.
[I 2024-12-20 00:29:10,549] Trial 1025 finished with value: 0.3654990494251251 and parameters: {'mlp_n_layers': 3, 'mlp_dim_00': 318, 'mlp_dim_01': 174, 'mlp_dim_02': 400, 'node_hidden_dim': 106, 'edge_hidden_dim': 47, 'depth': 1, 'rep_dropout': 0.03057945999296722, 'train_learning_rate': 0.0015034968242875156, 'train_lr_reduce': 0.6}. Best is trial 558 with value: 0.30280801653862.
[I 2024-12-20 00:29:13,153] Trial 1029 finished with value: 0.4370836317539215 and parameters: {'mlp_n_layers': 2, 'mlp_dim_00': 145, 'mlp_dim_01': 135, 'node_hidden_dim': 126, 'edge_hidden_dim': 64, 'depth': 1, 'rep_dropout': 0.0007841424035847856, 'train_learning_rate': 0.0030454147419060437, 'train_lr_reduce': 0.6}. Best is trial 558 with value: 0.30280801653862.
[I 2024-12-20 00:29:23,575] Trial 1030 finished with value: 0.47716936469078064 and parameters: {'mlp_n_layers': 4, 'mlp_dim_00': 502, 'mlp_dim_01': 129, 'mlp_dim_02': 308, 'mlp_dim_03': 346, 'node_hidden_dim': 104, 'edge_hidden_dim': 77, 'depth': 1, 'rep_dropout': 0.10678772426459401, 'train_learning_rate': 0.0022158232949449496, 'train_lr_reduce': 0.6}. Best is trial 558 with value: 0.30280801653862.
[I 2024-12-20 00:29:24,030] Trial 1028 finished with value: 0.40783876180648804 and parameters: {'mlp_n_layers': 4, 'mlp_dim_00': 498, 'mlp_dim_01': 117, 'mlp_dim_02': 304, 'mlp_dim_03': 350, 'node_hidden_dim': 75, 'edge_hidden_dim': 74, 'depth': 1, 'rep_dropout': 0.14897661072234075, 'train_learning_rate': 0.0046219491145657, 'train_lr_reduce': 0.6}. Best is trial 558 with value: 0.30280801653862.
[I 2024-12-20 00:29:27,859] Trial 1033 finished with value: 1.5349805355072021 and parameters: {'mlp_n_layers': 3, 'mlp_dim_00': 174, 'mlp_dim_01': 143, 'mlp_dim_02': 269, 'node_hidden_dim': 109, 'edge_hidden_dim': 34, 'depth': 1, 'rep_dropout': 0.0003552056130218485, 'train_learning_rate': 0.0008870949001675409, 'train_lr_reduce': 0.6}. Best is trial 558 with value: 0.30280801653862.
[I 2024-12-20 00:29:29,443] Trial 1031 finished with value: 0.3535323143005371 and parameters: {'mlp_n_layers': 4, 'mlp_dim_00': 503, 'mlp_dim_01': 131, 'mlp_dim_02': 282, 'mlp_dim_03': 346, 'node_hidden_dim': 121, 'edge_hidden_dim': 51, 'depth': 1, 'rep_dropout': 0.10332383118949887, 'train_learning_rate': 0.0005847656244903786, 'train_lr_reduce': 0.6}. Best is trial 558 with value: 0.30280801653862.
[I 2024-12-20 00:29:33,390] Trial 1035 finished with value: 1.2826507091522217 and parameters: {'mlp_n_layers': 4, 'mlp_dim_00': 251, 'mlp_dim_01': 107, 'mlp_dim_02': 329, 'mlp_dim_03': 342, 'node_hidden_dim': 38, 'edge_hidden_dim': 122, 'depth': 1, 'rep_dropout': 0.14256031715365314, 'train_learning_rate': 0.009269915742229027, 'train_lr_reduce': 0.6}. Best is trial 558 with value: 0.30280801653862.
[I 2024-12-20 00:29:33,611] Trial 1032 finished with value: 0.4105110466480255 and parameters: {'mlp_n_layers': 4, 'mlp_dim_00': 457, 'mlp_dim_01': 71, 'mlp_dim_02': 317, 'mlp_dim_03': 375, 'node_hidden_dim': 112, 'edge_hidden_dim': 37, 'depth': 1, 'rep_dropout': 0.007479405609447989, 'train_learning_rate': 0.0014918210120873497, 'train_lr_reduce': 0.6}. Best is trial 558 with value: 0.30280801653862.
[I 2024-12-20 00:29:41,440] Trial 1034 finished with value: 0.394887775182724 and parameters: {'mlp_n_layers': 2, 'mlp_dim_00': 213, 'mlp_dim_01': 148, 'node_hidden_dim': 126, 'edge_hidden_dim': 128, 'depth': 1, 'rep_dropout': 0.13331129814233872, 'train_learning_rate': 0.007935931422063785, 'train_lr_reduce': 0.6}. Best is trial 558 with value: 0.30280801653862.
[I 2024-12-20 00:29:44,106] Trial 1037 finished with value: 0.4364881217479706 and parameters: {'mlp_n_layers': 3, 'mlp_dim_00': 196, 'mlp_dim_01': 117, 'mlp_dim_02': 273, 'node_hidden_dim': 126, 'edge_hidden_dim': 56, 'depth': 1, 'rep_dropout': 0.02897802847727665, 'train_learning_rate': 0.002192378951426269, 'train_lr_reduce': 0.6}. Best is trial 558 with value: 0.30280801653862.
[I 2024-12-20 00:29:45,658] Trial 1036 finished with value: 0.40636125206947327 and parameters: {'mlp_n_layers': 3, 'mlp_dim_00': 197, 'mlp_dim_01': 118, 'mlp_dim_02': 331, 'node_hidden_dim': 127, 'edge_hidden_dim': 44, 'depth': 1, 'rep_dropout': 0.053036371014893266, 'train_learning_rate': 0.0017352616137893072, 'train_lr_reduce': 0.6}. Best is trial 558 with value: 0.30280801653862.
[I 2024-12-20 00:29:48,366] Trial 1039 finished with value: 1.547418236732483 and parameters: {'mlp_n_layers': 4, 'mlp_dim_00': 394, 'mlp_dim_01': 231, 'mlp_dim_02': 338, 'mlp_dim_03': 392, 'node_hidden_dim': 95, 'edge_hidden_dim': 51, 'depth': 2, 'rep_dropout': 0.04054190387400795, 'train_learning_rate': 0.0015534801159155108, 'train_lr_reduce': 0.6}. Best is trial 558 with value: 0.30280801653862.
[I 2024-12-20 00:29:51,890] Trial 1041 finished with value: 1.5032833814620972 and parameters: {'mlp_n_layers': 2, 'mlp_dim_00': 157, 'mlp_dim_01': 163, 'node_hidden_dim': 122, 'edge_hidden_dim': 33, 'depth': 1, 'rep_dropout': 0.022828670294853054, 'train_learning_rate': 0.000673534562760281, 'train_lr_reduce': 0.6}. Best is trial 558 with value: 0.30280801653862.
[I 2024-12-20 00:29:55,339] Trial 1040 finished with value: 0.4605201184749603 and parameters: {'mlp_n_layers': 4, 'mlp_dim_00': 483, 'mlp_dim_01': 65, 'mlp_dim_02': 422, 'mlp_dim_03': 312, 'node_hidden_dim': 106, 'edge_hidden_dim': 37, 'depth': 1, 'rep_dropout': 0.0019894967490554326, 'train_learning_rate': 0.0020061232699912193, 'train_lr_reduce': 0.6}. Best is trial 558 with value: 0.30280801653862.
[I 2024-12-20 00:29:59,526] Trial 1043 finished with value: 1.5763448476791382 and parameters: {'mlp_n_layers': 3, 'mlp_dim_00': 427, 'mlp_dim_01': 167, 'mlp_dim_02': 372, 'node_hidden_dim': 126, 'edge_hidden_dim': 68, 'depth': 2, 'rep_dropout': 0.04923833933276228, 'train_learning_rate': 0.00032928480577896395, 'train_lr_reduce': 0.6}. Best is trial 558 with value: 0.30280801653862.
[I 2024-12-20 00:30:03,608] Trial 1042 finished with value: 0.5325970649719238 and parameters: {'mlp_n_layers': 3, 'mlp_dim_00': 482, 'mlp_dim_01': 121, 'mlp_dim_02': 260, 'node_hidden_dim': 119, 'edge_hidden_dim': 32, 'depth': 1, 'rep_dropout': 0.005518291956467983, 'train_learning_rate': 0.0030935867858536024, 'train_lr_reduce': 0.6}. Best is trial 558 with value: 0.30280801653862.
[I 2024-12-20 00:30:06,276] Trial 1038 finished with value: 0.3715660572052002 and parameters: {'mlp_n_layers': 4, 'mlp_dim_00': 509, 'mlp_dim_01': 112, 'mlp_dim_02': 477, 'mlp_dim_03': 239, 'node_hidden_dim': 90, 'edge_hidden_dim': 85, 'depth': 1, 'rep_dropout': 0.12167262851122373, 'train_learning_rate': 0.001400487638521739, 'train_lr_reduce': 0.6}. Best is trial 558 with value: 0.30280801653862.
[I 2024-12-20 00:30:06,764] Trial 1045 finished with value: 1.5427089929580688 and parameters: {'mlp_n_layers': 2, 'mlp_dim_00': 127, 'mlp_dim_01': 137, 'node_hidden_dim': 110, 'edge_hidden_dim': 70, 'depth': 1, 'rep_dropout': 0.012958133474545849, 'train_learning_rate': 0.00028626636819965, 'train_lr_reduce': 0.6}. Best is trial 558 with value: 0.30280801653862.
[I 2024-12-20 00:30:10,633] Trial 1044 finished with value: 0.3838757872581482 and parameters: {'mlp_n_layers': 3, 'mlp_dim_00': 97, 'mlp_dim_01': 153, 'mlp_dim_02': 310, 'node_hidden_dim': 110, 'edge_hidden_dim': 51, 'depth': 1, 'rep_dropout': 0.036007549891487634, 'train_learning_rate': 0.0014881379044918606, 'train_lr_reduce': 0.6}. Best is trial 558 with value: 0.30280801653862.
[I 2024-12-20 00:30:11,069] Trial 1046 finished with value: 1.5783811807632446 and parameters: {'mlp_n_layers': 4, 'mlp_dim_00': 505, 'mlp_dim_01': 154, 'mlp_dim_02': 375, 'mlp_dim_03': 387, 'node_hidden_dim': 60, 'edge_hidden_dim': 76, 'depth': 4, 'rep_dropout': 0.07895714755797126, 'train_learning_rate': 0.00017874342748991275, 'train_lr_reduce': 0.6}. Best is trial 558 with value: 0.30280801653862.
[I 2024-12-20 00:30:14,163] Trial 1048 finished with value: 1.57590651512146 and parameters: {'mlp_n_layers': 4, 'mlp_dim_00': 449, 'mlp_dim_01': 64, 'mlp_dim_02': 440, 'mlp_dim_03': 243, 'node_hidden_dim': 110, 'edge_hidden_dim': 84, 'depth': 1, 'rep_dropout': 0.09898970419572733, 'train_learning_rate': 0.00029951684782970715, 'train_lr_reduce': 0.6}. Best is trial 558 with value: 0.30280801653862.
[I 2024-12-20 00:30:14,195] Trial 1049 finished with value: 1.3223003149032593 and parameters: {'mlp_n_layers': 1, 'mlp_dim_00': 120, 'node_hidden_dim': 39, 'edge_hidden_dim': 103, 'depth': 1, 'rep_dropout': 0.07325454332191977, 'train_learning_rate': 0.009119658106697537, 'train_lr_reduce': 0.6}. Best is trial 558 with value: 0.30280801653862.
[I 2024-12-20 00:30:17,429] Trial 1047 finished with value: 0.44499197602272034 and parameters: {'mlp_n_layers': 3, 'mlp_dim_00': 203, 'mlp_dim_01': 89, 'mlp_dim_02': 274, 'node_hidden_dim': 113, 'edge_hidden_dim': 41, 'depth': 1, 'rep_dropout': 0.021994848416861116, 'train_learning_rate': 0.0012245553071257116, 'train_lr_reduce': 0.6}. Best is trial 558 with value: 0.30280801653862.
[I 2024-12-20 00:30:17,602] Trial 1050 finished with value: 1.5302613973617554 and parameters: {'mlp_n_layers': 4, 'mlp_dim_00': 466, 'mlp_dim_01': 122, 'mlp_dim_02': 328, 'mlp_dim_03': 331, 'node_hidden_dim': 84, 'edge_hidden_dim': 68, 'depth': 1, 'rep_dropout': 0.04371146895722267, 'train_learning_rate': 0.0011899566563314974, 'train_lr_reduce': 0.6}. Best is trial 558 with value: 0.30280801653862.
