[I 2024-12-25 21:54:41,993] Trial 1023 finished with value: 0.09239387512207031 and parameters: {'L1_hidden_dim': 80, 'L1_layers_atom': 2, 'L1_layers_mol': 3, 'L1_dropout': 0.2488070665469848, 'L1_out_dim': 112, 'L2_hidden_dim': 144, 'L2_layers_atom': 3, 'L2_layers_mol': 1, 'L2_out_dim': 80, 'L2_dropout': 0.0034154043693333178, 'L3_hidden_dim': 32, 'L3_layers_atom': 4, 'L3_layers_mol': 1, 'L3_out_dim': 112, 'L3_dropout': 0.2842945217006813, 'n_mlp_layers': 3, 'mlp_dim_0': 192, 'mlp_dim_1': 480, 'mlp_dim_2': 168, 'num_heads': 2, 'final_dropout': 0.05629505132580853, 'train_learning_rate': 0.003281405902522961, 'train_lr_reduce': 0.6}. Best is trial 613 with value: 0.045173268765211105.
[I 2024-12-25 21:55:03,856] Trial 1025 finished with value: 0.0844852551817894 and parameters: {'L1_hidden_dim': 80, 'L1_layers_atom': 4, 'L1_layers_mol': 3, 'L1_dropout': 0.15140535882661843, 'L1_out_dim': 112, 'L2_hidden_dim': 256, 'L2_layers_atom': 2, 'L2_layers_mol': 3, 'L2_out_dim': 112, 'L2_dropout': 0.03871754036050899, 'L3_hidden_dim': 112, 'L3_layers_atom': 3, 'L3_layers_mol': 1, 'L3_out_dim': 64, 'L3_dropout': 0.014027304919738234, 'n_mlp_layers': 3, 'mlp_dim_0': 240, 'mlp_dim_1': 472, 'mlp_dim_2': 120, 'num_heads': 1, 'final_dropout': 0.0939985484395462, 'train_learning_rate': 0.0010386066164832907, 'train_lr_reduce': 0.6}. Best is trial 613 with value: 0.045173268765211105.
[I 2024-12-25 21:55:52,493] Trial 1027 finished with value: 0.0649930089712143 and parameters: {'L1_hidden_dim': 64, 'L1_layers_atom': 4, 'L1_layers_mol': 3, 'L1_dropout': 0.1896233382199532, 'L1_out_dim': 112, 'L2_hidden_dim': 160, 'L2_layers_atom': 1, 'L2_layers_mol': 1, 'L2_out_dim': 112, 'L2_dropout': 0.07009246205700823, 'L3_hidden_dim': 96, 'L3_layers_atom': 3, 'L3_layers_mol': 1, 'L3_out_dim': 32, 'L3_dropout': 0.29996221191621336, 'n_mlp_layers': 3, 'mlp_dim_0': 56, 'mlp_dim_1': 432, 'mlp_dim_2': 64, 'num_heads': 2, 'final_dropout': 0.04713003833171466, 'train_learning_rate': 0.0010565724671569503, 'train_lr_reduce': 0.6}. Best is trial 613 with value: 0.045173268765211105.
[I 2024-12-25 21:55:52,540] Trial 1026 finished with value: 0.08760297298431396 and parameters: {'L1_hidden_dim': 144, 'L1_layers_atom': 4, 'L1_layers_mol': 4, 'L1_dropout': 0.11699048476793918, 'L1_out_dim': 96, 'L2_hidden_dim': 224, 'L2_layers_atom': 2, 'L2_layers_mol': 4, 'L2_out_dim': 64, 'L2_dropout': 0.00998235951609524, 'L3_hidden_dim': 112, 'L3_layers_atom': 2, 'L3_layers_mol': 1, 'L3_out_dim': 128, 'L3_dropout': 0.07917198798904154, 'n_mlp_layers': 3, 'mlp_dim_0': 456, 'mlp_dim_1': 336, 'mlp_dim_2': 208, 'num_heads': 1, 'final_dropout': 0.05545922776286126, 'train_learning_rate': 0.002383222204524734, 'train_lr_reduce': 0.6}. Best is trial 613 with value: 0.045173268765211105.
[I 2024-12-25 21:57:19,685] Trial 1029 finished with value: 0.07128232717514038 and parameters: {'L1_hidden_dim': 64, 'L1_layers_atom': 3, 'L1_layers_mol': 3, 'L1_dropout': 0.2855669271539645, 'L1_out_dim': 64, 'L2_hidden_dim': 208, 'L2_layers_atom': 2, 'L2_layers_mol': 2, 'L2_out_dim': 32, 'L2_dropout': 0.024813534743478565, 'L3_hidden_dim': 32, 'L3_layers_atom': 1, 'L3_layers_mol': 3, 'L3_out_dim': 80, 'L3_dropout': 0.05593185072419012, 'n_mlp_layers': 3, 'mlp_dim_0': 336, 'mlp_dim_1': 296, 'mlp_dim_2': 72, 'num_heads': 1, 'final_dropout': 0.1782522105652586, 'train_learning_rate': 0.0018341631297786895, 'train_lr_reduce': 0.6}. Best is trial 613 with value: 0.045173268765211105.
[I 2024-12-25 21:57:21,255] Trial 1028 finished with value: 0.08145325630903244 and parameters: {'L1_hidden_dim': 96, 'L1_layers_atom': 3, 'L1_layers_mol': 3, 'L1_dropout': 0.25704671726504275, 'L1_out_dim': 128, 'L2_hidden_dim': 160, 'L2_layers_atom': 2, 'L2_layers_mol': 1, 'L2_out_dim': 112, 'L2_dropout': 0.12017747053593288, 'L3_hidden_dim': 32, 'L3_layers_atom': 4, 'L3_layers_mol': 4, 'L3_out_dim': 80, 'L3_dropout': 0.24453735431284582, 'n_mlp_layers': 3, 'mlp_dim_0': 104, 'mlp_dim_1': 376, 'mlp_dim_2': 144, 'num_heads': 2, 'final_dropout': 0.03838215446483999, 'train_learning_rate': 0.0001822894401705897, 'train_lr_reduce': 0.6}. Best is trial 613 with value: 0.045173268765211105.
[I 2024-12-25 21:57:24,445] Trial 1030 finished with value: 0.08902069926261902 and parameters: {'L1_hidden_dim': 80, 'L1_layers_atom': 2, 'L1_layers_mol': 3, 'L1_dropout': 0.19268904986995206, 'L1_out_dim': 80, 'L2_hidden_dim': 240, 'L2_layers_atom': 1, 'L2_layers_mol': 4, 'L2_out_dim': 64, 'L2_dropout': 0.059662844828526414, 'L3_hidden_dim': 48, 'L3_layers_atom': 4, 'L3_layers_mol': 3, 'L3_out_dim': 128, 'L3_dropout': 0.11407936888652072, 'n_mlp_layers': 2, 'mlp_dim_0': 336, 'mlp_dim_1': 416, 'num_heads': 1, 'final_dropout': 0.18899746872995046, 'train_learning_rate': 0.0036587650401865577, 'train_lr_reduce': 0.6}. Best is trial 613 with value: 0.045173268765211105.
[I 2024-12-25 21:58:56,965] Trial 1033 finished with value: 0.06749550998210907 and parameters: {'L1_hidden_dim': 80, 'L1_layers_atom': 2, 'L1_layers_mol': 3, 'L1_dropout': 0.21857686834753082, 'L1_out_dim': 96, 'L2_hidden_dim': 176, 'L2_layers_atom': 2, 'L2_layers_mol': 3, 'L2_out_dim': 128, 'L2_dropout': 0.016794845169560677, 'L3_hidden_dim': 96, 'L3_layers_atom': 1, 'L3_layers_mol': 1, 'L3_out_dim': 128, 'L3_dropout': 0.21809894100463328, 'n_mlp_layers': 2, 'mlp_dim_0': 352, 'mlp_dim_1': 232, 'num_heads': 1, 'final_dropout': 0.12298746769025279, 'train_learning_rate': 0.0027950948709765874, 'train_lr_reduce': 0.6}. Best is trial 613 with value: 0.045173268765211105.
[I 2024-12-25 21:59:34,373] Trial 1031 finished with value: 0.06980687379837036 and parameters: {'L1_hidden_dim': 64, 'L1_layers_atom': 3, 'L1_layers_mol': 1, 'L1_dropout': 0.19001221887920894, 'L1_out_dim': 80, 'L2_hidden_dim': 176, 'L2_layers_atom': 3, 'L2_layers_mol': 2, 'L2_out_dim': 128, 'L2_dropout': 0.05167255349691381, 'L3_hidden_dim': 48, 'L3_layers_atom': 4, 'L3_layers_mol': 1, 'L3_out_dim': 64, 'L3_dropout': 0.21061609032786588, 'n_mlp_layers': 2, 'mlp_dim_0': 280, 'mlp_dim_1': 472, 'num_heads': 1, 'final_dropout': 0.004609473265716486, 'train_learning_rate': 0.0007084345660490657, 'train_lr_reduce': 0.6}. Best is trial 613 with value: 0.045173268765211105.
[I 2024-12-25 22:00:21,116] Trial 1032 finished with value: 0.0946962758898735 and parameters: {'L1_hidden_dim': 112, 'L1_layers_atom': 3, 'L1_layers_mol': 2, 'L1_dropout': 0.24218745602552721, 'L1_out_dim': 96, 'L2_hidden_dim': 192, 'L2_layers_atom': 1, 'L2_layers_mol': 4, 'L2_out_dim': 80, 'L2_dropout': 0.15006356345424826, 'L3_hidden_dim': 64, 'L3_layers_atom': 4, 'L3_layers_mol': 3, 'L3_out_dim': 128, 'L3_dropout': 0.01642189180780742, 'n_mlp_layers': 2, 'mlp_dim_0': 336, 'mlp_dim_1': 176, 'num_heads': 1, 'final_dropout': 0.17274897842845868, 'train_learning_rate': 0.004470768178471945, 'train_lr_reduce': 0.6}. Best is trial 613 with value: 0.045173268765211105.
[I 2024-12-25 22:00:41,057] Trial 1034 finished with value: 0.06581676751375198 and parameters: {'L1_hidden_dim': 80, 'L1_layers_atom': 4, 'L1_layers_mol': 4, 'L1_dropout': 0.2223171371261774, 'L1_out_dim': 112, 'L2_hidden_dim': 208, 'L2_layers_atom': 2, 'L2_layers_mol': 2, 'L2_out_dim': 128, 'L2_dropout': 0.007990720207771366, 'L3_hidden_dim': 32, 'L3_layers_atom': 3, 'L3_layers_mol': 2, 'L3_out_dim': 128, 'L3_dropout': 0.29896523395410957, 'n_mlp_layers': 2, 'mlp_dim_0': 104, 'mlp_dim_1': 352, 'num_heads': 1, 'final_dropout': 0.04241702413049918, 'train_learning_rate': 0.00039485755920194466, 'train_lr_reduce': 0.6}. Best is trial 613 with value: 0.045173268765211105.
[I 2024-12-25 22:01:12,474] Trial 1035 finished with value: 0.07539865374565125 and parameters: {'L1_hidden_dim': 80, 'L1_layers_atom': 4, 'L1_layers_mol': 3, 'L1_dropout': 0.2946574329522466, 'L1_out_dim': 80, 'L2_hidden_dim': 208, 'L2_layers_atom': 4, 'L2_layers_mol': 2, 'L2_out_dim': 48, 'L2_dropout': 0.0575936833734811, 'L3_hidden_dim': 48, 'L3_layers_atom': 2, 'L3_layers_mol': 3, 'L3_out_dim': 96, 'L3_dropout': 0.010543986281992684, 'n_mlp_layers': 3, 'mlp_dim_0': 360, 'mlp_dim_1': 424, 'mlp_dim_2': 176, 'num_heads': 1, 'final_dropout': 0.02016608604659173, 'train_learning_rate': 0.0032600060413772, 'train_lr_reduce': 0.6}. Best is trial 613 with value: 0.045173268765211105.
[I 2024-12-25 22:01:42,308] Trial 1036 finished with value: 0.10789811611175537 and parameters: {'L1_hidden_dim': 64, 'L1_layers_atom': 4, 'L1_layers_mol': 4, 'L1_dropout': 0.11959430402350021, 'L1_out_dim': 64, 'L2_hidden_dim': 224, 'L2_layers_atom': 4, 'L2_layers_mol': 2, 'L2_out_dim': 64, 'L2_dropout': 0.061895605447139054, 'L3_hidden_dim': 80, 'L3_layers_atom': 4, 'L3_layers_mol': 4, 'L3_out_dim': 112, 'L3_dropout': 0.009161860372796114, 'n_mlp_layers': 3, 'mlp_dim_0': 320, 'mlp_dim_1': 472, 'mlp_dim_2': 120, 'num_heads': 1, 'final_dropout': 0.181717335979114, 'train_learning_rate': 0.004987701757631645, 'train_lr_reduce': 0.6}. Best is trial 613 with value: 0.045173268765211105.
[I 2024-12-25 22:02:40,184] Trial 1037 finished with value: 0.0936163142323494 and parameters: {'L1_hidden_dim': 112, 'L1_layers_atom': 3, 'L1_layers_mol': 2, 'L1_dropout': 0.2658966941221401, 'L1_out_dim': 112, 'L2_hidden_dim': 240, 'L2_layers_atom': 1, 'L2_layers_mol': 3, 'L2_out_dim': 64, 'L2_dropout': 0.037007818004490475, 'L3_hidden_dim': 80, 'L3_layers_atom': 3, 'L3_layers_mol': 3, 'L3_out_dim': 128, 'L3_dropout': 0.10724580400968406, 'n_mlp_layers': 1, 'mlp_dim_0': 360, 'num_heads': 1, 'final_dropout': 0.2212161115286537, 'train_learning_rate': 0.0010625429789455887, 'train_lr_reduce': 0.6}. Best is trial 613 with value: 0.045173268765211105.
[I 2024-12-25 22:03:29,584] Trial 1038 finished with value: 0.06381721794605255 and parameters: {'L1_hidden_dim': 64, 'L1_layers_atom': 3, 'L1_layers_mol': 3, 'L1_dropout': 0.24262157550903565, 'L1_out_dim': 112, 'L2_hidden_dim': 240, 'L2_layers_atom': 3, 'L2_layers_mol': 2, 'L2_out_dim': 128, 'L2_dropout': 0.1153723409758862, 'L3_hidden_dim': 32, 'L3_layers_atom': 4, 'L3_layers_mol': 2, 'L3_out_dim': 128, 'L3_dropout': 0.2692093280273336, 'n_mlp_layers': 2, 'mlp_dim_0': 120, 'mlp_dim_1': 296, 'num_heads': 2, 'final_dropout': 0.009394212701840765, 'train_learning_rate': 0.0006290724222898416, 'train_lr_reduce': 0.6}. Best is trial 613 with value: 0.045173268765211105.
[I 2024-12-25 22:03:51,127] Trial 1039 finished with value: 0.06954032927751541 and parameters: {'L1_hidden_dim': 80, 'L1_layers_atom': 2, 'L1_layers_mol': 3, 'L1_dropout': 0.17698489158529707, 'L1_out_dim': 128, 'L2_hidden_dim': 256, 'L2_layers_atom': 1, 'L2_layers_mol': 3, 'L2_out_dim': 128, 'L2_dropout': 0.02579511160457393, 'L3_hidden_dim': 64, 'L3_layers_atom': 3, 'L3_layers_mol': 1, 'L3_out_dim': 96, 'L3_dropout': 0.18545506725756866, 'n_mlp_layers': 2, 'mlp_dim_0': 192, 'mlp_dim_1': 392, 'num_heads': 1, 'final_dropout': 0.16050381448669848, 'train_learning_rate': 0.0010621402482628385, 'train_lr_reduce': 0.6}. Best is trial 613 with value: 0.045173268765211105.
[I 2024-12-25 22:04:27,579] Trial 1040 finished with value: 0.0714789628982544 and parameters: {'L1_hidden_dim': 64, 'L1_layers_atom': 4, 'L1_layers_mol': 3, 'L1_dropout': 0.26342950437329415, 'L1_out_dim': 64, 'L2_hidden_dim': 256, 'L2_layers_atom': 3, 'L2_layers_mol': 4, 'L2_out_dim': 48, 'L2_dropout': 0.006176602213620954, 'L3_hidden_dim': 48, 'L3_layers_atom': 1, 'L3_layers_mol': 2, 'L3_out_dim': 96, 'L3_dropout': 0.022628426459839895, 'n_mlp_layers': 3, 'mlp_dim_0': 488, 'mlp_dim_1': 472, 'mlp_dim_2': 72, 'num_heads': 2, 'final_dropout': 0.10771235033873845, 'train_learning_rate': 0.0007086383405983858, 'train_lr_reduce': 0.6}. Best is trial 613 with value: 0.045173268765211105.
[I 2024-12-25 22:04:57,984] Trial 1041 finished with value: 0.0748697966337204 and parameters: {'L1_hidden_dim': 96, 'L1_layers_atom': 4, 'L1_layers_mol': 2, 'L1_dropout': 0.25888449072049785, 'L1_out_dim': 128, 'L2_hidden_dim': 144, 'L2_layers_atom': 4, 'L2_layers_mol': 1, 'L2_out_dim': 96, 'L2_dropout': 0.03226081545157573, 'L3_hidden_dim': 64, 'L3_layers_atom': 3, 'L3_layers_mol': 1, 'L3_out_dim': 64, 'L3_dropout': 0.2565296351568412, 'n_mlp_layers': 3, 'mlp_dim_0': 48, 'mlp_dim_1': 352, 'mlp_dim_2': 136, 'num_heads': 1, 'final_dropout': 0.04983848008000415, 'train_learning_rate': 0.001204891216000838, 'train_lr_reduce': 0.6}. Best is trial 613 with value: 0.045173268765211105.
[I 2024-12-25 22:05:00,255] Trial 1042 finished with value: 0.08459021896123886 and parameters: {'L1_hidden_dim': 80, 'L1_layers_atom': 1, 'L1_layers_mol': 2, 'L1_dropout': 0.2592922088393402, 'L1_out_dim': 112, 'L2_hidden_dim': 240, 'L2_layers_atom': 1, 'L2_layers_mol': 3, 'L2_out_dim': 112, 'L2_dropout': 0.03547433356923767, 'L3_hidden_dim': 96, 'L3_layers_atom': 3, 'L3_layers_mol': 2, 'L3_out_dim': 128, 'L3_dropout': 0.061039733181225755, 'n_mlp_layers': 2, 'mlp_dim_0': 56, 'mlp_dim_1': 424, 'num_heads': 1, 'final_dropout': 0.08369555928341757, 'train_learning_rate': 0.0027861557610657, 'train_lr_reduce': 0.6}. Best is trial 613 with value: 0.045173268765211105.
[I 2024-12-25 22:06:02,802] Trial 1043 finished with value: 0.08153010159730911 and parameters: {'L1_hidden_dim': 128, 'L1_layers_atom': 3, 'L1_layers_mol': 4, 'L1_dropout': 0.26770531471327, 'L1_out_dim': 64, 'L2_hidden_dim': 208, 'L2_layers_atom': 1, 'L2_layers_mol': 1, 'L2_out_dim': 128, 'L2_dropout': 0.003375284899918189, 'L3_hidden_dim': 64, 'L3_layers_atom': 3, 'L3_layers_mol': 4, 'L3_out_dim': 80, 'L3_dropout': 0.25842965977209126, 'n_mlp_layers': 1, 'mlp_dim_0': 80, 'num_heads': 2, 'final_dropout': 0.046536028683922794, 'train_learning_rate': 0.0007313022495800726, 'train_lr_reduce': 0.6}. Best is trial 613 with value: 0.045173268765211105.
[I 2024-12-25 22:06:34,639] Trial 1045 finished with value: 0.0803685113787651 and parameters: {'L1_hidden_dim': 96, 'L1_layers_atom': 2, 'L1_layers_mol': 3, 'L1_dropout': 0.17800318046454888, 'L1_out_dim': 80, 'L2_hidden_dim': 256, 'L2_layers_atom': 4, 'L2_layers_mol': 4, 'L2_out_dim': 80, 'L2_dropout': 0.059715809245782805, 'L3_hidden_dim': 96, 'L3_layers_atom': 3, 'L3_layers_mol': 1, 'L3_out_dim': 128, 'L3_dropout': 0.05578202653663409, 'n_mlp_layers': 3, 'mlp_dim_0': 408, 'mlp_dim_1': 264, 'mlp_dim_2': 192, 'num_heads': 1, 'final_dropout': 0.05962816594257192, 'train_learning_rate': 0.0015033788681286353, 'train_lr_reduce': 0.6}. Best is trial 613 with value: 0.045173268765211105.
[I 2024-12-25 22:06:49,071] Trial 1044 finished with value: 0.07798542827367783 and parameters: {'L1_hidden_dim': 80, 'L1_layers_atom': 3, 'L1_layers_mol': 3, 'L1_dropout': 0.20998422868060884, 'L1_out_dim': 112, 'L2_hidden_dim': 256, 'L2_layers_atom': 1, 'L2_layers_mol': 1, 'L2_out_dim': 112, 'L2_dropout': 0.03792569366579089, 'L3_hidden_dim': 48, 'L3_layers_atom': 4, 'L3_layers_mol': 1, 'L3_out_dim': 128, 'L3_dropout': 0.2713887526502252, 'n_mlp_layers': 2, 'mlp_dim_0': 200, 'mlp_dim_1': 472, 'num_heads': 2, 'final_dropout': 0.035993354763676905, 'train_learning_rate': 0.00015986713390166607, 'train_lr_reduce': 0.6}. Best is trial 613 with value: 0.045173268765211105.
[I 2024-12-25 22:06:55,854] Trial 1047 finished with value: 1.1857538223266602 and parameters: {'L1_hidden_dim': 64, 'L1_layers_atom': 4, 'L1_layers_mol': 4, 'L1_dropout': 0.1872445433503778, 'L1_out_dim': 80, 'L2_hidden_dim': 208, 'L2_layers_atom': 3, 'L2_layers_mol': 3, 'L2_out_dim': 32, 'L2_dropout': 0.002409948237191069, 'L3_hidden_dim': 80, 'L3_layers_atom': 3, 'L3_layers_mol': 4, 'L3_out_dim': 128, 'L3_dropout': 0.045717619723630115, 'n_mlp_layers': 3, 'mlp_dim_0': 400, 'mlp_dim_1': 328, 'mlp_dim_2': 112, 'num_heads': 1, 'final_dropout': 0.10586637546260454, 'train_learning_rate': 0.00022300425747783127, 'train_lr_reduce': 0.6}. Best is trial 613 with value: 0.045173268765211105.
[I 2024-12-25 22:07:07,898] Trial 1048 finished with value: 0.8812063336372375 and parameters: {'L1_hidden_dim': 64, 'L1_layers_atom': 4, 'L1_layers_mol': 4, 'L1_dropout': 0.2523300041615912, 'L1_out_dim': 48, 'L2_hidden_dim': 256, 'L2_layers_atom': 3, 'L2_layers_mol': 3, 'L2_out_dim': 48, 'L2_dropout': 0.07064554272173747, 'L3_hidden_dim': 32, 'L3_layers_atom': 4, 'L3_layers_mol': 2, 'L3_out_dim': 80, 'L3_dropout': 0.06408023363325659, 'n_mlp_layers': 2, 'mlp_dim_0': 288, 'mlp_dim_1': 432, 'num_heads': 1, 'final_dropout': 0.1241374788546935, 'train_learning_rate': 0.00411892201654885, 'train_lr_reduce': 0.6}. Best is trial 613 with value: 0.045173268765211105.
[I 2024-12-25 22:07:36,095] Trial 1046 finished with value: 0.06848396360874176 and parameters: {'L1_hidden_dim': 80, 'L1_layers_atom': 4, 'L1_layers_mol': 4, 'L1_dropout': 0.23260558465531858, 'L1_out_dim': 80, 'L2_hidden_dim': 192, 'L2_layers_atom': 2, 'L2_layers_mol': 2, 'L2_out_dim': 32, 'L2_dropout': 0.08266554891692934, 'L3_hidden_dim': 64, 'L3_layers_atom': 3, 'L3_layers_mol': 3, 'L3_out_dim': 112, 'L3_dropout': 0.017018784758478168, 'n_mlp_layers': 2, 'mlp_dim_0': 488, 'mlp_dim_1': 384, 'num_heads': 1, 'final_dropout': 0.06117979598402329, 'train_learning_rate': 0.0006709110492927745, 'train_lr_reduce': 0.6}. Best is trial 613 with value: 0.045173268765211105.
[I 2024-12-25 22:08:07,757] Trial 1049 finished with value: 0.09573603421449661 and parameters: {'L1_hidden_dim': 80, 'L1_layers_atom': 2, 'L1_layers_mol': 2, 'L1_dropout': 0.2890669953329712, 'L1_out_dim': 112, 'L2_hidden_dim': 256, 'L2_layers_atom': 2, 'L2_layers_mol': 4, 'L2_out_dim': 128, 'L2_dropout': 0.033894085862116896, 'L3_hidden_dim': 64, 'L3_layers_atom': 4, 'L3_layers_mol': 2, 'L3_out_dim': 112, 'L3_dropout': 0.09161834938101097, 'n_mlp_layers': 2, 'mlp_dim_0': 48, 'mlp_dim_1': 480, 'num_heads': 1, 'final_dropout': 0.17498869799309402, 'train_learning_rate': 0.002948479323787424, 'train_lr_reduce': 0.6}. Best is trial 613 with value: 0.045173268765211105.
[I 2024-12-25 22:08:14,544] Trial 1050 finished with value: 0.07954724133014679 and parameters: {'L1_hidden_dim': 80, 'L1_layers_atom': 3, 'L1_layers_mol': 3, 'L1_dropout': 0.22072876664621172, 'L1_out_dim': 80, 'L2_hidden_dim': 240, 'L2_layers_atom': 1, 'L2_layers_mol': 4, 'L2_out_dim': 128, 'L2_dropout': 0.10404860341136626, 'L3_hidden_dim': 112, 'L3_layers_atom': 2, 'L3_layers_mol': 1, 'L3_out_dim': 112, 'L3_dropout': 0.1883113200858423, 'n_mlp_layers': 3, 'mlp_dim_0': 328, 'mlp_dim_1': 384, 'mlp_dim_2': 64, 'num_heads': 1, 'final_dropout': 0.13180420539904383, 'train_learning_rate': 0.0012353733277660546, 'train_lr_reduce': 0.6}. Best is trial 613 with value: 0.045173268765211105.
[I 2024-12-25 22:08:28,476] Trial 1051 finished with value: 0.07873822003602982 and parameters: {'L1_hidden_dim': 96, 'L1_layers_atom': 3, 'L1_layers_mol': 2, 'L1_dropout': 0.2545023405071587, 'L1_out_dim': 96, 'L2_hidden_dim': 256, 'L2_layers_atom': 1, 'L2_layers_mol': 4, 'L2_out_dim': 48, 'L2_dropout': 0.03479073825376328, 'L3_hidden_dim': 48, 'L3_layers_atom': 4, 'L3_layers_mol': 3, 'L3_out_dim': 96, 'L3_dropout': 0.036741188461998336, 'n_mlp_layers': 3, 'mlp_dim_0': 280, 'mlp_dim_1': 224, 'mlp_dim_2': 128, 'num_heads': 1, 'final_dropout': 0.1257342590931408, 'train_learning_rate': 0.0016451259612462465, 'train_lr_reduce': 0.6}. Best is trial 613 with value: 0.045173268765211105.
[I 2024-12-25 22:09:34,979] Trial 1052 finished with value: 0.0790015459060669 and parameters: {'L1_hidden_dim': 128, 'L1_layers_atom': 4, 'L1_layers_mol': 2, 'L1_dropout': 0.25619223187258244, 'L1_out_dim': 112, 'L2_hidden_dim': 208, 'L2_layers_atom': 4, 'L2_layers_mol': 1, 'L2_out_dim': 64, 'L2_dropout': 0.007549966386298945, 'L3_hidden_dim': 64, 'L3_layers_atom': 3, 'L3_layers_mol': 2, 'L3_out_dim': 80, 'L3_dropout': 0.2560430876639825, 'n_mlp_layers': 2, 'mlp_dim_0': 48, 'mlp_dim_1': 304, 'num_heads': 1, 'final_dropout': 0.015013280532502952, 'train_learning_rate': 0.0011739857293855318, 'train_lr_reduce': 0.6}. Best is trial 613 with value: 0.045173268765211105.
[I 2024-12-25 22:10:00,090] Trial 1053 finished with value: 0.07447224855422974 and parameters: {'L1_hidden_dim': 64, 'L1_layers_atom': 2, 'L1_layers_mol': 1, 'L1_dropout': 0.2413098743826158, 'L1_out_dim': 128, 'L2_hidden_dim': 240, 'L2_layers_atom': 1, 'L2_layers_mol': 3, 'L2_out_dim': 112, 'L2_dropout': 0.03535533121887584, 'L3_hidden_dim': 80, 'L3_layers_atom': 3, 'L3_layers_mol': 3, 'L3_out_dim': 128, 'L3_dropout': 0.21009083453572655, 'n_mlp_layers': 2, 'mlp_dim_0': 72, 'mlp_dim_1': 432, 'num_heads': 1, 'final_dropout': 0.2495907622748208, 'train_learning_rate': 0.0031846773681549058, 'train_lr_reduce': 0.6}. Best is trial 613 with value: 0.045173268765211105.
[I 2024-12-25 22:10:11,602] Trial 1054 finished with value: 0.09614609181880951 and parameters: {'L1_hidden_dim': 112, 'L1_layers_atom': 4, 'L1_layers_mol': 2, 'L1_dropout': 0.10396241662654443, 'L1_out_dim': 96, 'L2_hidden_dim': 224, 'L2_layers_atom': 4, 'L2_layers_mol': 4, 'L2_out_dim': 96, 'L2_dropout': 0.004939651835677463, 'L3_hidden_dim': 128, 'L3_layers_atom': 2, 'L3_layers_mol': 1, 'L3_out_dim': 112, 'L3_dropout': 0.03730831002739008, 'n_mlp_layers': 3, 'mlp_dim_0': 288, 'mlp_dim_1': 344, 'mlp_dim_2': 184, 'num_heads': 1, 'final_dropout': 0.19667137006528723, 'train_learning_rate': 0.003725647577913713, 'train_lr_reduce': 0.6}. Best is trial 613 with value: 0.045173268765211105.
[I 2024-12-25 22:11:09,758] Trial 1055 finished with value: 0.07900937646627426 and parameters: {'L1_hidden_dim': 64, 'L1_layers_atom': 4, 'L1_layers_mol': 4, 'L1_dropout': 0.2834241262358734, 'L1_out_dim': 64, 'L2_hidden_dim': 208, 'L2_layers_atom': 3, 'L2_layers_mol': 4, 'L2_out_dim': 48, 'L2_dropout': 0.029251838661408177, 'L3_hidden_dim': 80, 'L3_layers_atom': 3, 'L3_layers_mol': 3, 'L3_out_dim': 64, 'L3_dropout': 0.03432134735954109, 'n_mlp_layers': 3, 'mlp_dim_0': 288, 'mlp_dim_1': 480, 'mlp_dim_2': 72, 'num_heads': 1, 'final_dropout': 0.12079293989913824, 'train_learning_rate': 0.001963801542905853, 'train_lr_reduce': 0.6}. Best is trial 613 with value: 0.045173268765211105.
