[I 2024-12-19 09:04:56,078] Trial 1255 finished with value: 1.1441528797149658 and parameters: {'mlp_n_layers': 2, 'mlp_dim_00': 418, 'mlp_dim_01': 184, 'node_hidden_dim': 126, 'edge_hidden_dim': 58, 'depth': 2, 'rep_dropout': 0.017461412534218006, 'train_learning_rate': 0.0013411969913036668, 'train_lr_reduce': 0.6}. Best is trial 724 with value: 0.1670333594083786.
[I 2024-12-19 09:05:01,318] Trial 1256 finished with value: 1.1423990726470947 and parameters: {'mlp_n_layers': 2, 'mlp_dim_00': 327, 'mlp_dim_01': 383, 'node_hidden_dim': 66, 'edge_hidden_dim': 47, 'depth': 3, 'rep_dropout': 0.033710431271757914, 'train_learning_rate': 0.002410558015389192, 'train_lr_reduce': 0.6}. Best is trial 724 with value: 0.1670333594083786.
[I 2024-12-19 09:05:07,960] Trial 1258 finished with value: 1.1445661783218384 and parameters: {'mlp_n_layers': 2, 'mlp_dim_00': 410, 'mlp_dim_01': 444, 'node_hidden_dim': 50, 'edge_hidden_dim': 35, 'depth': 2, 'rep_dropout': 0.0407781874830113, 'train_learning_rate': 0.007229876273108955, 'train_lr_reduce': 0.6}. Best is trial 724 with value: 0.1670333594083786.
[I 2024-12-19 09:05:08,639] Trial 1254 finished with value: 0.4291488826274872 and parameters: {'mlp_n_layers': 4, 'mlp_dim_00': 491, 'mlp_dim_01': 387, 'mlp_dim_02': 369, 'mlp_dim_03': 460, 'node_hidden_dim': 97, 'edge_hidden_dim': 58, 'depth': 2, 'rep_dropout': 0.018972143589809767, 'train_learning_rate': 0.009885348367918313, 'train_lr_reduce': 0.6}. Best is trial 724 with value: 0.1670333594083786.
[I 2024-12-19 09:05:14,834] Trial 1259 finished with value: 1.1442421674728394 and parameters: {'mlp_n_layers': 3, 'mlp_dim_00': 416, 'mlp_dim_01': 340, 'mlp_dim_02': 441, 'node_hidden_dim': 86, 'edge_hidden_dim': 114, 'depth': 2, 'rep_dropout': 0.11480679136439224, 'train_learning_rate': 0.004256480976948855, 'train_lr_reduce': 0.6}. Best is trial 724 with value: 0.1670333594083786.
[I 2024-12-19 09:05:15,388] Trial 1260 finished with value: 1.1438943147659302 and parameters: {'mlp_n_layers': 4, 'mlp_dim_00': 75, 'mlp_dim_01': 382, 'mlp_dim_02': 327, 'mlp_dim_03': 314, 'node_hidden_dim': 107, 'edge_hidden_dim': 95, 'depth': 3, 'rep_dropout': 0.21955742615950757, 'train_learning_rate': 0.0007402353125215994, 'train_lr_reduce': 0.6}. Best is trial 724 with value: 0.1670333594083786.
[I 2024-12-19 09:05:18,655] Trial 1257 finished with value: 0.29757317900657654 and parameters: {'mlp_n_layers': 3, 'mlp_dim_00': 489, 'mlp_dim_01': 407, 'mlp_dim_02': 512, 'node_hidden_dim': 104, 'edge_hidden_dim': 38, 'depth': 2, 'rep_dropout': 0.06610365353198497, 'train_learning_rate': 0.006932486360540834, 'train_lr_reduce': 0.6}. Best is trial 724 with value: 0.1670333594083786.
[I 2024-12-19 09:05:22,735] Trial 1261 finished with value: 1.1418983936309814 and parameters: {'mlp_n_layers': 4, 'mlp_dim_00': 181, 'mlp_dim_01': 451, 'mlp_dim_02': 510, 'mlp_dim_03': 247, 'node_hidden_dim': 94, 'edge_hidden_dim': 57, 'depth': 4, 'rep_dropout': 0.14564328519557887, 'train_learning_rate': 0.0013060818949105432, 'train_lr_reduce': 0.6}. Best is trial 724 with value: 0.1670333594083786.
[I 2024-12-19 09:05:38,012] Trial 1262 finished with value: 0.3136652410030365 and parameters: {'mlp_n_layers': 3, 'mlp_dim_00': 497, 'mlp_dim_01': 447, 'mlp_dim_02': 395, 'node_hidden_dim': 88, 'edge_hidden_dim': 36, 'depth': 3, 'rep_dropout': 0.06438044209311274, 'train_learning_rate': 0.00756111121624362, 'train_lr_reduce': 0.6}. Best is trial 724 with value: 0.1670333594083786.
[I 2024-12-19 09:05:41,340] Trial 1263 finished with value: 0.4882998466491699 and parameters: {'mlp_n_layers': 3, 'mlp_dim_00': 510, 'mlp_dim_01': 272, 'mlp_dim_02': 437, 'node_hidden_dim': 102, 'edge_hidden_dim': 77, 'depth': 2, 'rep_dropout': 0.1677750368452636, 'train_learning_rate': 0.00926435999693329, 'train_lr_reduce': 0.6}. Best is trial 724 with value: 0.1670333594083786.
[I 2024-12-19 09:05:44,535] Trial 1265 finished with value: 1.1423605680465698 and parameters: {'mlp_n_layers': 3, 'mlp_dim_00': 376, 'mlp_dim_01': 350, 'mlp_dim_02': 464, 'node_hidden_dim': 49, 'edge_hidden_dim': 89, 'depth': 2, 'rep_dropout': 0.10113352368558307, 'train_learning_rate': 0.00046346168704996637, 'train_lr_reduce': 0.6}. Best is trial 724 with value: 0.1670333594083786.
[I 2024-12-19 09:05:47,427] Trial 1264 finished with value: 0.35578200221061707 and parameters: {'mlp_n_layers': 2, 'mlp_dim_00': 506, 'mlp_dim_01': 246, 'node_hidden_dim': 107, 'edge_hidden_dim': 85, 'depth': 2, 'rep_dropout': 0.05441958391752993, 'train_learning_rate': 0.008510379696044559, 'train_lr_reduce': 0.6}. Best is trial 724 with value: 0.1670333594083786.
[I 2024-12-19 09:05:48,676] Trial 1266 finished with value: 1.14220130443573 and parameters: {'mlp_n_layers': 2, 'mlp_dim_00': 388, 'mlp_dim_01': 154, 'node_hidden_dim': 39, 'edge_hidden_dim': 79, 'depth': 4, 'rep_dropout': 0.18689372678996957, 'train_learning_rate': 0.0023226796317277624, 'train_lr_reduce': 0.6}. Best is trial 724 with value: 0.1670333594083786.
[I 2024-12-19 09:05:51,087] Trial 1267 finished with value: 1.1550942659378052 and parameters: {'mlp_n_layers': 2, 'mlp_dim_00': 507, 'mlp_dim_01': 186, 'node_hidden_dim': 34, 'edge_hidden_dim': 35, 'depth': 3, 'rep_dropout': 0.2031512928701968, 'train_learning_rate': 0.00913897187626659, 'train_lr_reduce': 0.6}. Best is trial 724 with value: 0.1670333594083786.
[I 2024-12-19 09:05:54,872] Trial 1268 finished with value: 1.1466492414474487 and parameters: {'mlp_n_layers': 3, 'mlp_dim_00': 400, 'mlp_dim_01': 395, 'mlp_dim_02': 394, 'node_hidden_dim': 103, 'edge_hidden_dim': 33, 'depth': 3, 'rep_dropout': 0.07492807563822666, 'train_learning_rate': 0.0031681104337681638, 'train_lr_reduce': 0.6}. Best is trial 724 with value: 0.1670333594083786.
[I 2024-12-19 09:05:59,529] Trial 1270 finished with value: 1.0696125030517578 and parameters: {'mlp_n_layers': 3, 'mlp_dim_00': 433, 'mlp_dim_01': 430, 'mlp_dim_02': 439, 'node_hidden_dim': 116, 'edge_hidden_dim': 49, 'depth': 2, 'rep_dropout': 0.059742028343133136, 'train_learning_rate': 0.00839100379234623, 'train_lr_reduce': 0.6}. Best is trial 724 with value: 0.1670333594083786.
[I 2024-12-19 09:06:05,962] Trial 1271 finished with value: 0.8022413849830627 and parameters: {'mlp_n_layers': 3, 'mlp_dim_00': 357, 'mlp_dim_01': 147, 'mlp_dim_02': 480, 'node_hidden_dim': 99, 'edge_hidden_dim': 74, 'depth': 2, 'rep_dropout': 0.05600718961613006, 'train_learning_rate': 0.009240021971876339, 'train_lr_reduce': 0.6}. Best is trial 724 with value: 0.1670333594083786.
[I 2024-12-19 09:06:11,113] Trial 1269 finished with value: 0.21206699311733246 and parameters: {'mlp_n_layers': 3, 'mlp_dim_00': 507, 'mlp_dim_01': 324, 'mlp_dim_02': 363, 'node_hidden_dim': 104, 'edge_hidden_dim': 71, 'depth': 2, 'rep_dropout': 0.0636063251210303, 'train_learning_rate': 0.00591740685077646, 'train_lr_reduce': 0.6}. Best is trial 724 with value: 0.1670333594083786.
[I 2024-12-19 09:06:19,831] Trial 1274 finished with value: 1.0902884006500244 and parameters: {'mlp_n_layers': 3, 'mlp_dim_00': 307, 'mlp_dim_01': 250, 'mlp_dim_02': 311, 'node_hidden_dim': 114, 'edge_hidden_dim': 80, 'depth': 2, 'rep_dropout': 0.03494173276543942, 'train_learning_rate': 0.0080025422668119, 'train_lr_reduce': 0.6}. Best is trial 724 with value: 0.1670333594083786.
[I 2024-12-19 09:06:21,363] Trial 1272 finished with value: 0.2974497079849243 and parameters: {'mlp_n_layers': 2, 'mlp_dim_00': 425, 'mlp_dim_01': 310, 'node_hidden_dim': 127, 'edge_hidden_dim': 67, 'depth': 2, 'rep_dropout': 0.005375401536603681, 'train_learning_rate': 0.005881681425000239, 'train_lr_reduce': 0.6}. Best is trial 724 with value: 0.1670333594083786.
[I 2024-12-19 09:06:27,424] Trial 1276 finished with value: 1.1476373672485352 and parameters: {'mlp_n_layers': 3, 'mlp_dim_00': 468, 'mlp_dim_01': 305, 'mlp_dim_02': 446, 'node_hidden_dim': 115, 'edge_hidden_dim': 55, 'depth': 2, 'rep_dropout': 0.02248697670190659, 'train_learning_rate': 0.0026513021270119035, 'train_lr_reduce': 0.6}. Best is trial 724 with value: 0.1670333594083786.
[I 2024-12-19 09:06:30,702] Trial 1273 finished with value: 0.5045366287231445 and parameters: {'mlp_n_layers': 3, 'mlp_dim_00': 420, 'mlp_dim_01': 200, 'mlp_dim_02': 401, 'node_hidden_dim': 95, 'edge_hidden_dim': 66, 'depth': 2, 'rep_dropout': 0.09152888576316259, 'train_learning_rate': 0.0032295195806103984, 'train_lr_reduce': 0.6}. Best is trial 724 with value: 0.1670333594083786.
[I 2024-12-19 09:06:33,787] Trial 1277 finished with value: 1.1422457695007324 and parameters: {'mlp_n_layers': 3, 'mlp_dim_00': 499, 'mlp_dim_01': 369, 'mlp_dim_02': 352, 'node_hidden_dim': 128, 'edge_hidden_dim': 72, 'depth': 3, 'rep_dropout': 0.0688155452932809, 'train_learning_rate': 0.002226990247664083, 'train_lr_reduce': 0.6}. Best is trial 724 with value: 0.1670333594083786.
[I 2024-12-19 09:06:38,806] Trial 1278 finished with value: 1.143483281135559 and parameters: {'mlp_n_layers': 3, 'mlp_dim_00': 393, 'mlp_dim_01': 273, 'mlp_dim_02': 478, 'node_hidden_dim': 53, 'edge_hidden_dim': 78, 'depth': 4, 'rep_dropout': 0.10197409250554162, 'train_learning_rate': 0.008286795071797555, 'train_lr_reduce': 0.6}. Best is trial 724 with value: 0.1670333594083786.
[I 2024-12-19 09:06:40,022] Trial 1279 finished with value: 1.144963026046753 and parameters: {'mlp_n_layers': 3, 'mlp_dim_00': 456, 'mlp_dim_01': 511, 'mlp_dim_02': 410, 'node_hidden_dim': 85, 'edge_hidden_dim': 59, 'depth': 2, 'rep_dropout': 0.03429851105427519, 'train_learning_rate': 0.0075448148027624585, 'train_lr_reduce': 0.6}. Best is trial 724 with value: 0.1670333594083786.
[I 2024-12-19 09:06:41,278] Trial 1275 finished with value: 0.24936115741729736 and parameters: {'mlp_n_layers': 3, 'mlp_dim_00': 484, 'mlp_dim_01': 486, 'mlp_dim_02': 184, 'node_hidden_dim': 70, 'edge_hidden_dim': 33, 'depth': 2, 'rep_dropout': 0.07735824145508405, 'train_learning_rate': 0.008932825163564815, 'train_lr_reduce': 0.6}. Best is trial 724 with value: 0.1670333594083786.
[I 2024-12-19 09:06:45,844] Trial 1280 finished with value: 1.1461460590362549 and parameters: {'mlp_n_layers': 4, 'mlp_dim_00': 163, 'mlp_dim_01': 146, 'mlp_dim_02': 511, 'mlp_dim_03': 164, 'node_hidden_dim': 44, 'edge_hidden_dim': 102, 'depth': 2, 'rep_dropout': 0.23028954400213567, 'train_learning_rate': 0.001291604298012839, 'train_lr_reduce': 0.6}. Best is trial 724 with value: 0.1670333594083786.
[I 2024-12-19 09:06:48,225] Trial 1282 finished with value: 1.1428031921386719 and parameters: {'mlp_n_layers': 2, 'mlp_dim_00': 95, 'mlp_dim_01': 193, 'node_hidden_dim': 88, 'edge_hidden_dim': 100, 'depth': 4, 'rep_dropout': 0.12686657879803265, 'train_learning_rate': 0.0020573340531145146, 'train_lr_reduce': 0.6}. Best is trial 724 with value: 0.1670333594083786.
[I 2024-12-19 09:06:51,621] Trial 1281 finished with value: 0.8250019550323486 and parameters: {'mlp_n_layers': 3, 'mlp_dim_00': 443, 'mlp_dim_01': 447, 'mlp_dim_02': 437, 'node_hidden_dim': 106, 'edge_hidden_dim': 52, 'depth': 2, 'rep_dropout': 0.0017349731903053972, 'train_learning_rate': 0.008721832875128259, 'train_lr_reduce': 0.6}. Best is trial 724 with value: 0.1670333594083786.
[I 2024-12-19 09:06:56,522] Trial 1284 finished with value: 1.1453752517700195 and parameters: {'mlp_n_layers': 3, 'mlp_dim_00': 415, 'mlp_dim_01': 431, 'mlp_dim_02': 118, 'node_hidden_dim': 68, 'edge_hidden_dim': 118, 'depth': 4, 'rep_dropout': 0.030081446585323468, 'train_learning_rate': 0.004904985137625153, 'train_lr_reduce': 0.6}. Best is trial 724 with value: 0.1670333594083786.
[I 2024-12-19 09:06:58,305] Trial 1285 finished with value: 1.1548925638198853 and parameters: {'mlp_n_layers': 3, 'mlp_dim_00': 512, 'mlp_dim_01': 510, 'mlp_dim_02': 378, 'node_hidden_dim': 124, 'edge_hidden_dim': 87, 'depth': 2, 'rep_dropout': 0.07638801287140583, 'train_learning_rate': 0.002776143758008259, 'train_lr_reduce': 0.6}. Best is trial 724 with value: 0.1670333594083786.
[I 2024-12-19 09:07:05,479] Trial 1287 finished with value: 1.1466127634048462 and parameters: {'mlp_n_layers': 2, 'mlp_dim_00': 495, 'mlp_dim_01': 365, 'node_hidden_dim': 67, 'edge_hidden_dim': 66, 'depth': 4, 'rep_dropout': 0.1941198358754962, 'train_learning_rate': 0.007796947431447178, 'train_lr_reduce': 0.6}. Best is trial 724 with value: 0.1670333594083786.
[I 2024-12-19 09:07:09,062] Trial 1283 finished with value: 0.2671341001987457 and parameters: {'mlp_n_layers': 2, 'mlp_dim_00': 499, 'mlp_dim_01': 307, 'node_hidden_dim': 79, 'edge_hidden_dim': 32, 'depth': 2, 'rep_dropout': 0.011651768169862672, 'train_learning_rate': 0.005884732206633598, 'train_lr_reduce': 0.6}. Best is trial 724 with value: 0.1670333594083786.
[I 2024-12-19 09:07:16,316] Trial 1289 finished with value: 1.1431862115859985 and parameters: {'mlp_n_layers': 3, 'mlp_dim_00': 353, 'mlp_dim_01': 376, 'mlp_dim_02': 333, 'node_hidden_dim': 128, 'edge_hidden_dim': 79, 'depth': 2, 'rep_dropout': 0.06266429803660838, 'train_learning_rate': 0.002857717399188535, 'train_lr_reduce': 0.6}. Best is trial 724 with value: 0.1670333594083786.
[I 2024-12-19 09:07:20,357] Trial 1286 finished with value: 0.40312430262565613 and parameters: {'mlp_n_layers': 3, 'mlp_dim_00': 433, 'mlp_dim_01': 260, 'mlp_dim_02': 237, 'node_hidden_dim': 127, 'edge_hidden_dim': 33, 'depth': 2, 'rep_dropout': 0.0016174781419858513, 'train_learning_rate': 0.0032351121154364326, 'train_lr_reduce': 0.6}. Best is trial 724 with value: 0.1670333594083786.
[I 2024-12-19 09:07:24,066] Trial 1290 finished with value: 1.1428781747817993 and parameters: {'mlp_n_layers': 3, 'mlp_dim_00': 465, 'mlp_dim_01': 261, 'mlp_dim_02': 395, 'node_hidden_dim': 103, 'edge_hidden_dim': 62, 'depth': 2, 'rep_dropout': 0.009965348728403524, 'train_learning_rate': 0.005452739125919548, 'train_lr_reduce': 0.6}. Best is trial 724 with value: 0.1670333594083786.
[I 2024-12-19 09:07:26,954] Trial 1291 finished with value: 1.142311453819275 and parameters: {'mlp_n_layers': 4, 'mlp_dim_00': 397, 'mlp_dim_01': 67, 'mlp_dim_02': 480, 'mlp_dim_03': 359, 'node_hidden_dim': 75, 'edge_hidden_dim': 91, 'depth': 2, 'rep_dropout': 0.2371475124733304, 'train_learning_rate': 0.0009150393307275775, 'train_lr_reduce': 0.6}. Best is trial 724 with value: 0.1670333594083786.
[I 2024-12-19 09:07:27,579] Trial 1288 finished with value: 0.25613826513290405 and parameters: {'mlp_n_layers': 3, 'mlp_dim_00': 491, 'mlp_dim_01': 287, 'mlp_dim_02': 440, 'node_hidden_dim': 108, 'edge_hidden_dim': 58, 'depth': 2, 'rep_dropout': 0.08703018162497278, 'train_learning_rate': 0.005394296249498652, 'train_lr_reduce': 0.6}. Best is trial 724 with value: 0.1670333594083786.
[I 2024-12-19 09:07:34,381] Trial 1293 finished with value: 1.142471194267273 and parameters: {'mlp_n_layers': 2, 'mlp_dim_00': 409, 'mlp_dim_01': 379, 'node_hidden_dim': 80, 'edge_hidden_dim': 75, 'depth': 2, 'rep_dropout': 0.02534741648716793, 'train_learning_rate': 0.001998324594965525, 'train_lr_reduce': 0.6}. Best is trial 724 with value: 0.1670333594083786.
[I 2024-12-19 09:07:34,837] Trial 1294 finished with value: 1.1424859762191772 and parameters: {'mlp_n_layers': 3, 'mlp_dim_00': 471, 'mlp_dim_01': 148, 'mlp_dim_02': 512, 'node_hidden_dim': 71, 'edge_hidden_dim': 93, 'depth': 3, 'rep_dropout': 0.05244496291578746, 'train_learning_rate': 0.0002917841753017512, 'train_lr_reduce': 0.6}. Best is trial 724 with value: 0.1670333594083786.
[I 2024-12-19 09:07:40,862] Trial 1295 finished with value: 1.1481285095214844 and parameters: {'mlp_n_layers': 3, 'mlp_dim_00': 325, 'mlp_dim_01': 337, 'mlp_dim_02': 409, 'node_hidden_dim': 117, 'edge_hidden_dim': 32, 'depth': 2, 'rep_dropout': 0.025849850818988565, 'train_learning_rate': 0.0024822098585570657, 'train_lr_reduce': 0.6}. Best is trial 724 with value: 0.1670333594083786.
[I 2024-12-19 09:07:48,090] Trial 1292 finished with value: 0.5069206953048706 and parameters: {'mlp_n_layers': 2, 'mlp_dim_00': 507, 'mlp_dim_01': 230, 'node_hidden_dim': 127, 'edge_hidden_dim': 72, 'depth': 2, 'rep_dropout': 0.020864809531330082, 'train_learning_rate': 0.0023190303757560536, 'train_lr_reduce': 0.6}. Best is trial 724 with value: 0.1670333594083786.
[I 2024-12-19 09:07:56,944] Trial 1298 finished with value: 1.1435129642486572 and parameters: {'mlp_n_layers': 2, 'mlp_dim_00': 492, 'mlp_dim_01': 375, 'node_hidden_dim': 66, 'edge_hidden_dim': 38, 'depth': 2, 'rep_dropout': 0.0017395480685313113, 'train_learning_rate': 0.003917156161451016, 'train_lr_reduce': 0.6}. Best is trial 724 with value: 0.1670333594083786.
[I 2024-12-19 09:08:00,747] Trial 1296 finished with value: 0.4866335690021515 and parameters: {'mlp_n_layers': 4, 'mlp_dim_00': 77, 'mlp_dim_01': 238, 'mlp_dim_02': 452, 'mlp_dim_03': 278, 'node_hidden_dim': 52, 'edge_hidden_dim': 110, 'depth': 3, 'rep_dropout': 0.16397533649661106, 'train_learning_rate': 0.007215199949920523, 'train_lr_reduce': 0.6}. Best is trial 724 with value: 0.1670333594083786.
[I 2024-12-19 09:08:06,371] Trial 1297 finished with value: 0.5517624020576477 and parameters: {'mlp_n_layers': 3, 'mlp_dim_00': 413, 'mlp_dim_01': 262, 'mlp_dim_02': 366, 'node_hidden_dim': 127, 'edge_hidden_dim': 63, 'depth': 2, 'rep_dropout': 0.010905407704331276, 'train_learning_rate': 0.00969222406399426, 'train_lr_reduce': 0.6}. Best is trial 724 with value: 0.1670333594083786.
[I 2024-12-19 09:08:07,741] Trial 1300 finished with value: 1.1477442979812622 and parameters: {'mlp_n_layers': 3, 'mlp_dim_00': 388, 'mlp_dim_01': 282, 'mlp_dim_02': 395, 'node_hidden_dim': 101, 'edge_hidden_dim': 59, 'depth': 3, 'rep_dropout': 0.02655480397816077, 'train_learning_rate': 0.005574694015462077, 'train_lr_reduce': 0.6}. Best is trial 724 with value: 0.1670333594083786.
[I 2024-12-19 09:08:14,737] Trial 1301 finished with value: 1.1421386003494263 and parameters: {'mlp_n_layers': 3, 'mlp_dim_00': 107, 'mlp_dim_01': 318, 'mlp_dim_02': 307, 'node_hidden_dim': 55, 'edge_hidden_dim': 79, 'depth': 2, 'rep_dropout': 0.07292244973881122, 'train_learning_rate': 0.00013287351617713404, 'train_lr_reduce': 0.6}. Best is trial 724 with value: 0.1670333594083786.
[I 2024-12-19 09:08:21,222] Trial 1299 finished with value: 0.5663698315620422 and parameters: {'mlp_n_layers': 3, 'mlp_dim_00': 511, 'mlp_dim_01': 397, 'mlp_dim_02': 444, 'node_hidden_dim': 108, 'edge_hidden_dim': 71, 'depth': 2, 'rep_dropout': 0.042319418947388825, 'train_learning_rate': 0.008547448675638458, 'train_lr_reduce': 0.6}. Best is trial 724 with value: 0.1670333594083786.
[I 2024-12-19 09:08:21,899] Trial 1303 finished with value: 1.144506573677063 and parameters: {'mlp_n_layers': 3, 'mlp_dim_00': 479, 'mlp_dim_01': 152, 'mlp_dim_02': 359, 'node_hidden_dim': 122, 'edge_hidden_dim': 61, 'depth': 2, 'rep_dropout': 0.005244134268975218, 'train_learning_rate': 0.0016657692900163418, 'train_lr_reduce': 0.6}. Best is trial 724 with value: 0.1670333594083786.
[I 2024-12-19 09:08:27,706] Trial 1305 finished with value: 1.1469359397888184 and parameters: {'mlp_n_layers': 3, 'mlp_dim_00': 512, 'mlp_dim_01': 429, 'mlp_dim_02': 468, 'node_hidden_dim': 71, 'edge_hidden_dim': 71, 'depth': 2, 'rep_dropout': 0.06287059027884957, 'train_learning_rate': 0.0019487877773693332, 'train_lr_reduce': 0.6}. Best is trial 724 with value: 0.1670333594083786.
[I 2024-12-19 09:08:29,060] Trial 1302 finished with value: 0.6511412858963013 and parameters: {'mlp_n_layers': 4, 'mlp_dim_00': 380, 'mlp_dim_01': 308, 'mlp_dim_02': 482, 'mlp_dim_03': 108, 'node_hidden_dim': 100, 'edge_hidden_dim': 70, 'depth': 2, 'rep_dropout': 0.01689270767061406, 'train_learning_rate': 0.006729613666120274, 'train_lr_reduce': 0.6}. Best is trial 724 with value: 0.1670333594083786.
[I 2024-12-19 09:08:31,215] Trial 1304 finished with value: 1.1425400972366333 and parameters: {'mlp_n_layers': 4, 'mlp_dim_00': 463, 'mlp_dim_01': 433, 'mlp_dim_02': 430, 'mlp_dim_03': 206, 'node_hidden_dim': 55, 'edge_hidden_dim': 53, 'depth': 4, 'rep_dropout': 0.10639706561828478, 'train_learning_rate': 0.00020407350411387598, 'train_lr_reduce': 0.6}. Best is trial 724 with value: 0.1670333594083786.
[I 2024-12-19 09:08:34,422] Trial 1306 finished with value: 1.1439235210418701 and parameters: {'mlp_n_layers': 3, 'mlp_dim_00': 495, 'mlp_dim_01': 505, 'mlp_dim_02': 417, 'node_hidden_dim': 53, 'edge_hidden_dim': 46, 'depth': 2, 'rep_dropout': 0.02243826693143497, 'train_learning_rate': 0.004738967701853147, 'train_lr_reduce': 0.6}. Best is trial 724 with value: 0.1670333594083786.
[I 2024-12-19 09:08:39,209] Trial 1308 finished with value: 1.1417430639266968 and parameters: {'mlp_n_layers': 4, 'mlp_dim_00': 507, 'mlp_dim_01': 419, 'mlp_dim_02': 397, 'mlp_dim_03': 407, 'node_hidden_dim': 120, 'edge_hidden_dim': 48, 'depth': 3, 'rep_dropout': 0.06164829208662076, 'train_learning_rate': 0.009867472942810885, 'train_lr_reduce': 0.6}. Best is trial 724 with value: 0.1670333594083786.
[I 2024-12-19 09:08:46,306] Trial 1310 finished with value: 1.1424026489257812 and parameters: {'mlp_n_layers': 3, 'mlp_dim_00': 379, 'mlp_dim_01': 382, 'mlp_dim_02': 277, 'node_hidden_dim': 110, 'edge_hidden_dim': 32, 'depth': 2, 'rep_dropout': 0.04783377098979479, 'train_learning_rate': 0.005240144026748776, 'train_lr_reduce': 0.6}. Best is trial 724 with value: 0.1670333594083786.
[I 2024-12-19 09:08:48,763] Trial 1307 finished with value: 0.36199861764907837 and parameters: {'mlp_n_layers': 3, 'mlp_dim_00': 479, 'mlp_dim_01': 199, 'mlp_dim_02': 357, 'node_hidden_dim': 95, 'edge_hidden_dim': 65, 'depth': 2, 'rep_dropout': 0.003931065149285474, 'train_learning_rate': 0.009082985830156758, 'train_lr_reduce': 0.6}. Best is trial 724 with value: 0.1670333594083786.
[I 2024-12-19 09:08:49,735] Trial 1309 finished with value: 0.46699288487434387 and parameters: {'mlp_n_layers': 3, 'mlp_dim_00': 498, 'mlp_dim_01': 275, 'mlp_dim_02': 469, 'node_hidden_dim': 128, 'edge_hidden_dim': 65, 'depth': 2, 'rep_dropout': 0.047514362043429535, 'train_learning_rate': 0.009099898746611244, 'train_lr_reduce': 0.6}. Best is trial 724 with value: 0.1670333594083786.
