[I 2024-12-20 01:18:07,959] Trial 1880 finished with value: 1.5765458345413208 and parameters: {'mlp_n_layers': 3, 'mlp_dim_00': 229, 'mlp_dim_01': 408, 'mlp_dim_02': 280, 'node_hidden_dim': 71, 'edge_hidden_dim': 92, 'depth': 3, 'rep_dropout': 0.1030978990858045, 'train_learning_rate': 0.0004493089540027719, 'train_lr_reduce': 0.6}. Best is trial 558 with value: 0.30280801653862.
[I 2024-12-20 01:18:09,186] Trial 1881 finished with value: 1.5274745225906372 and parameters: {'mlp_n_layers': 4, 'mlp_dim_00': 259, 'mlp_dim_01': 363, 'mlp_dim_02': 345, 'mlp_dim_03': 512, 'node_hidden_dim': 125, 'edge_hidden_dim': 50, 'depth': 2, 'rep_dropout': 0.000673520658476999, 'train_learning_rate': 0.0009709713815688161, 'train_lr_reduce': 0.6}. Best is trial 558 with value: 0.30280801653862.
[I 2024-12-20 01:18:13,401] Trial 1879 finished with value: 0.4499766528606415 and parameters: {'mlp_n_layers': 4, 'mlp_dim_00': 200, 'mlp_dim_01': 265, 'mlp_dim_02': 452, 'mlp_dim_03': 64, 'node_hidden_dim': 112, 'edge_hidden_dim': 34, 'depth': 1, 'rep_dropout': 0.06662804611928143, 'train_learning_rate': 0.0009010470000855943, 'train_lr_reduce': 0.6}. Best is trial 558 with value: 0.30280801653862.
[I 2024-12-20 01:18:14,072] Trial 1883 finished with value: 1.5128060579299927 and parameters: {'mlp_n_layers': 4, 'mlp_dim_00': 446, 'mlp_dim_01': 116, 'mlp_dim_02': 320, 'mlp_dim_03': 369, 'node_hidden_dim': 97, 'edge_hidden_dim': 42, 'depth': 2, 'rep_dropout': 0.054638983107256234, 'train_learning_rate': 0.003737169815928842, 'train_lr_reduce': 0.6}. Best is trial 558 with value: 0.30280801653862.
[I 2024-12-20 01:18:25,098] Trial 1885 finished with value: 0.5617470145225525 and parameters: {'mlp_n_layers': 4, 'mlp_dim_00': 403, 'mlp_dim_01': 254, 'mlp_dim_02': 365, 'mlp_dim_03': 440, 'node_hidden_dim': 103, 'edge_hidden_dim': 48, 'depth': 1, 'rep_dropout': 0.015187619512411835, 'train_learning_rate': 0.002654945206338704, 'train_lr_reduce': 0.6}. Best is trial 558 with value: 0.30280801653862.
[I 2024-12-20 01:18:26,732] Trial 1884 finished with value: 0.34503594040870667 and parameters: {'mlp_n_layers': 4, 'mlp_dim_00': 374, 'mlp_dim_01': 380, 'mlp_dim_02': 408, 'mlp_dim_03': 415, 'node_hidden_dim': 105, 'edge_hidden_dim': 55, 'depth': 1, 'rep_dropout': 0.022220346582591925, 'train_learning_rate': 0.0025130534313920223, 'train_lr_reduce': 0.6}. Best is trial 558 with value: 0.30280801653862.
[I 2024-12-20 01:18:34,556] Trial 1882 finished with value: 0.36113303899765015 and parameters: {'mlp_n_layers': 3, 'mlp_dim_00': 454, 'mlp_dim_01': 412, 'mlp_dim_02': 377, 'node_hidden_dim': 107, 'edge_hidden_dim': 33, 'depth': 1, 'rep_dropout': 0.013641008500408598, 'train_learning_rate': 0.0021616745921144583, 'train_lr_reduce': 0.6}. Best is trial 558 with value: 0.30280801653862.
[I 2024-12-20 01:18:36,181] Trial 1886 finished with value: 0.5200708508491516 and parameters: {'mlp_n_layers': 4, 'mlp_dim_00': 395, 'mlp_dim_01': 367, 'mlp_dim_02': 453, 'mlp_dim_03': 357, 'node_hidden_dim': 112, 'edge_hidden_dim': 32, 'depth': 1, 'rep_dropout': 0.028329928910612777, 'train_learning_rate': 0.003167456994962101, 'train_lr_reduce': 0.6}. Best is trial 558 with value: 0.30280801653862.
[I 2024-12-20 01:18:37,578] Trial 1887 finished with value: 1.394233226776123 and parameters: {'mlp_n_layers': 3, 'mlp_dim_00': 111, 'mlp_dim_01': 202, 'mlp_dim_02': 281, 'node_hidden_dim': 77, 'edge_hidden_dim': 35, 'depth': 2, 'rep_dropout': 0.0312662303490133, 'train_learning_rate': 0.0006146290161548987, 'train_lr_reduce': 0.6}. Best is trial 558 with value: 0.30280801653862.
[I 2024-12-20 01:18:37,947] Trial 1888 finished with value: 1.4712272882461548 and parameters: {'mlp_n_layers': 3, 'mlp_dim_00': 410, 'mlp_dim_01': 256, 'mlp_dim_02': 411, 'node_hidden_dim': 107, 'edge_hidden_dim': 54, 'depth': 2, 'rep_dropout': 0.03671322048587797, 'train_learning_rate': 0.0013214410356039111, 'train_lr_reduce': 0.6}. Best is trial 558 with value: 0.30280801653862.
[I 2024-12-20 01:18:39,672] Trial 1889 finished with value: 1.551522970199585 and parameters: {'mlp_n_layers': 4, 'mlp_dim_00': 212, 'mlp_dim_01': 374, 'mlp_dim_02': 314, 'mlp_dim_03': 405, 'node_hidden_dim': 99, 'edge_hidden_dim': 35, 'depth': 1, 'rep_dropout': 0.04926838453409549, 'train_learning_rate': 0.0009403390112328533, 'train_lr_reduce': 0.6}. Best is trial 558 with value: 0.30280801653862.
[I 2024-12-20 01:18:44,152] Trial 1892 finished with value: 1.5685008764266968 and parameters: {'mlp_n_layers': 4, 'mlp_dim_00': 205, 'mlp_dim_01': 345, 'mlp_dim_02': 403, 'mlp_dim_03': 359, 'node_hidden_dim': 101, 'edge_hidden_dim': 45, 'depth': 1, 'rep_dropout': 0.021314053425375973, 'train_learning_rate': 0.0006352835721226088, 'train_lr_reduce': 0.6}. Best is trial 558 with value: 0.30280801653862.
[I 2024-12-20 01:18:57,181] Trial 1890 finished with value: 0.3518604636192322 and parameters: {'mlp_n_layers': 4, 'mlp_dim_00': 316, 'mlp_dim_01': 269, 'mlp_dim_02': 359, 'mlp_dim_03': 462, 'node_hidden_dim': 110, 'edge_hidden_dim': 36, 'depth': 1, 'rep_dropout': 0.01620862217325517, 'train_learning_rate': 0.001989641696540663, 'train_lr_reduce': 0.6}. Best is trial 558 with value: 0.30280801653862.
[I 2024-12-20 01:19:07,017] Trial 1893 finished with value: 0.3224533498287201 and parameters: {'mlp_n_layers': 4, 'mlp_dim_00': 451, 'mlp_dim_01': 351, 'mlp_dim_02': 368, 'mlp_dim_03': 389, 'node_hidden_dim': 98, 'edge_hidden_dim': 34, 'depth': 1, 'rep_dropout': 0.037779145205386805, 'train_learning_rate': 0.0019823698434656323, 'train_lr_reduce': 0.6}. Best is trial 558 with value: 0.30280801653862.
[I 2024-12-20 01:19:08,955] Trial 1891 finished with value: 0.40814313292503357 and parameters: {'mlp_n_layers': 4, 'mlp_dim_00': 149, 'mlp_dim_01': 410, 'mlp_dim_02': 455, 'mlp_dim_03': 146, 'node_hidden_dim': 116, 'edge_hidden_dim': 45, 'depth': 1, 'rep_dropout': 0.040984852014652746, 'train_learning_rate': 0.0031463503729601407, 'train_lr_reduce': 0.6}. Best is trial 558 with value: 0.30280801653862.
[I 2024-12-20 01:19:10,869] Trial 1895 finished with value: 1.3323345184326172 and parameters: {'mlp_n_layers': 1, 'mlp_dim_00': 137, 'node_hidden_dim': 84, 'edge_hidden_dim': 67, 'depth': 1, 'rep_dropout': 0.07110022468247632, 'train_learning_rate': 0.009630182169303312, 'train_lr_reduce': 0.6}. Best is trial 558 with value: 0.30280801653862.
[I 2024-12-20 01:19:12,620] Trial 1896 finished with value: 1.549574375152588 and parameters: {'mlp_n_layers': 4, 'mlp_dim_00': 419, 'mlp_dim_01': 154, 'mlp_dim_02': 324, 'mlp_dim_03': 359, 'node_hidden_dim': 101, 'edge_hidden_dim': 35, 'depth': 1, 'rep_dropout': 0.02445639451834653, 'train_learning_rate': 0.0011641770332233628, 'train_lr_reduce': 0.6}. Best is trial 558 with value: 0.30280801653862.
[I 2024-12-20 01:19:13,064] Trial 1894 finished with value: 0.33825695514678955 and parameters: {'mlp_n_layers': 4, 'mlp_dim_00': 502, 'mlp_dim_01': 418, 'mlp_dim_02': 440, 'mlp_dim_03': 446, 'node_hidden_dim': 99, 'edge_hidden_dim': 51, 'depth': 1, 'rep_dropout': 0.0459070612092988, 'train_learning_rate': 0.0015189870513376798, 'train_lr_reduce': 0.6}. Best is trial 558 with value: 0.30280801653862.
[I 2024-12-20 01:19:14,485] Trial 1897 finished with value: 1.5145156383514404 and parameters: {'mlp_n_layers': 1, 'mlp_dim_00': 330, 'node_hidden_dim': 92, 'edge_hidden_dim': 97, 'depth': 3, 'rep_dropout': 0.014068513781954381, 'train_learning_rate': 0.00020229844345991967, 'train_lr_reduce': 0.6}. Best is trial 558 with value: 0.30280801653862.
[I 2024-12-20 01:19:16,736] Trial 1899 finished with value: 1.289137601852417 and parameters: {'mlp_n_layers': 4, 'mlp_dim_00': 491, 'mlp_dim_01': 376, 'mlp_dim_02': 364, 'mlp_dim_03': 415, 'node_hidden_dim': 102, 'edge_hidden_dim': 38, 'depth': 1, 'rep_dropout': 0.011265036810929177, 'train_learning_rate': 0.00267156315610182, 'train_lr_reduce': 0.6}. Best is trial 558 with value: 0.30280801653862.
[I 2024-12-20 01:19:16,783] Trial 1898 finished with value: 1.5728299617767334 and parameters: {'mlp_n_layers': 4, 'mlp_dim_00': 306, 'mlp_dim_01': 218, 'mlp_dim_02': 402, 'mlp_dim_03': 206, 'node_hidden_dim': 119, 'edge_hidden_dim': 83, 'depth': 2, 'rep_dropout': 0.14546171884973402, 'train_learning_rate': 0.000513413817589609, 'train_lr_reduce': 0.6}. Best is trial 558 with value: 0.30280801653862.
[I 2024-12-20 01:19:21,240] Trial 1901 finished with value: 1.2977267503738403 and parameters: {'mlp_n_layers': 3, 'mlp_dim_00': 115, 'mlp_dim_01': 341, 'mlp_dim_02': 268, 'node_hidden_dim': 97, 'edge_hidden_dim': 39, 'depth': 1, 'rep_dropout': 0.04518171221615097, 'train_learning_rate': 0.00455861201682102, 'train_lr_reduce': 0.6}. Best is trial 558 with value: 0.30280801653862.
[I 2024-12-20 01:19:21,615] Trial 1900 finished with value: 1.4035602807998657 and parameters: {'mlp_n_layers': 4, 'mlp_dim_00': 135, 'mlp_dim_01': 268, 'mlp_dim_02': 422, 'mlp_dim_03': 109, 'node_hidden_dim': 122, 'edge_hidden_dim': 98, 'depth': 3, 'rep_dropout': 0.06423897013402498, 'train_learning_rate': 0.0008200902837683416, 'train_lr_reduce': 0.6}. Best is trial 558 with value: 0.30280801653862.
[I 2024-12-20 01:19:26,292] Trial 1904 finished with value: 1.5671566724777222 and parameters: {'mlp_n_layers': 3, 'mlp_dim_00': 71, 'mlp_dim_01': 332, 'mlp_dim_02': 384, 'node_hidden_dim': 100, 'edge_hidden_dim': 33, 'depth': 1, 'rep_dropout': 0.011461316093682278, 'train_learning_rate': 0.0005346893123665929, 'train_lr_reduce': 0.6}. Best is trial 558 with value: 0.30280801653862.
[I 2024-12-20 01:19:28,378] Trial 1903 finished with value: 1.331231713294983 and parameters: {'mlp_n_layers': 4, 'mlp_dim_00': 430, 'mlp_dim_01': 411, 'mlp_dim_02': 328, 'mlp_dim_03': 473, 'node_hidden_dim': 112, 'edge_hidden_dim': 58, 'depth': 2, 'rep_dropout': 0.024766992093185444, 'train_learning_rate': 0.002159177013351994, 'train_lr_reduce': 0.6}. Best is trial 558 with value: 0.30280801653862.
[I 2024-12-20 01:19:30,142] Trial 1905 finished with value: 1.5211334228515625 and parameters: {'mlp_n_layers': 3, 'mlp_dim_00': 144, 'mlp_dim_01': 376, 'mlp_dim_02': 419, 'node_hidden_dim': 88, 'edge_hidden_dim': 62, 'depth': 1, 'rep_dropout': 0.059719547426335715, 'train_learning_rate': 0.0008507584722572092, 'train_lr_reduce': 0.6}. Best is trial 558 with value: 0.30280801653862.
[I 2024-12-20 01:19:31,725] Trial 1902 finished with value: 0.385705828666687 and parameters: {'mlp_n_layers': 4, 'mlp_dim_00': 180, 'mlp_dim_01': 278, 'mlp_dim_02': 456, 'mlp_dim_03': 349, 'node_hidden_dim': 103, 'edge_hidden_dim': 49, 'depth': 1, 'rep_dropout': 0.05590934566380198, 'train_learning_rate': 0.001779166730493045, 'train_lr_reduce': 0.6}. Best is trial 558 with value: 0.30280801653862.
[I 2024-12-20 01:19:32,068] Trial 1906 finished with value: 1.563658356666565 and parameters: {'mlp_n_layers': 4, 'mlp_dim_00': 448, 'mlp_dim_01': 226, 'mlp_dim_02': 351, 'mlp_dim_03': 408, 'node_hidden_dim': 94, 'edge_hidden_dim': 32, 'depth': 1, 'rep_dropout': 0.005806110001409497, 'train_learning_rate': 0.0006012873501772443, 'train_lr_reduce': 0.6}. Best is trial 558 with value: 0.30280801653862.
[I 2024-12-20 01:19:33,761] Trial 1907 finished with value: 1.3966420888900757 and parameters: {'mlp_n_layers': 4, 'mlp_dim_00': 422, 'mlp_dim_01': 308, 'mlp_dim_02': 468, 'mlp_dim_03': 355, 'node_hidden_dim': 95, 'edge_hidden_dim': 32, 'depth': 1, 'rep_dropout': 0.06615140485960702, 'train_learning_rate': 0.002598443830049323, 'train_lr_reduce': 0.6}. Best is trial 558 with value: 0.30280801653862.
[I 2024-12-20 01:19:35,228] Trial 1908 finished with value: 1.470989465713501 and parameters: {'mlp_n_layers': 4, 'mlp_dim_00': 161, 'mlp_dim_01': 363, 'mlp_dim_02': 313, 'mlp_dim_03': 466, 'node_hidden_dim': 91, 'edge_hidden_dim': 49, 'depth': 1, 'rep_dropout': 0.01273737209453443, 'train_learning_rate': 0.0018957555731453836, 'train_lr_reduce': 0.6}. Best is trial 558 with value: 0.30280801653862.
[I 2024-12-20 01:19:39,177] Trial 1911 finished with value: 1.5194282531738281 and parameters: {'mlp_n_layers': 2, 'mlp_dim_00': 65, 'mlp_dim_01': 290, 'node_hidden_dim': 59, 'edge_hidden_dim': 34, 'depth': 1, 'rep_dropout': 0.02018290916093833, 'train_learning_rate': 0.0016804634867308027, 'train_lr_reduce': 0.6}. Best is trial 558 with value: 0.30280801653862.
[I 2024-12-20 01:19:44,220] Trial 1912 finished with value: 1.5218645334243774 and parameters: {'mlp_n_layers': 3, 'mlp_dim_00': 401, 'mlp_dim_01': 325, 'mlp_dim_02': 418, 'node_hidden_dim': 77, 'edge_hidden_dim': 34, 'depth': 3, 'rep_dropout': 0.08383630064721441, 'train_learning_rate': 0.001380353783448066, 'train_lr_reduce': 0.6}. Best is trial 558 with value: 0.30280801653862.
[I 2024-12-20 01:19:47,646] Trial 1909 finished with value: 0.41048184037208557 and parameters: {'mlp_n_layers': 4, 'mlp_dim_00': 459, 'mlp_dim_01': 137, 'mlp_dim_02': 387, 'mlp_dim_03': 402, 'node_hidden_dim': 105, 'edge_hidden_dim': 32, 'depth': 1, 'rep_dropout': 0.019608692924340542, 'train_learning_rate': 0.0016578156311340677, 'train_lr_reduce': 0.6}. Best is trial 558 with value: 0.30280801653862.
[I 2024-12-20 01:19:48,149] Trial 1913 finished with value: 1.3956495523452759 and parameters: {'mlp_n_layers': 4, 'mlp_dim_00': 199, 'mlp_dim_01': 373, 'mlp_dim_02': 368, 'mlp_dim_03': 149, 'node_hidden_dim': 92, 'edge_hidden_dim': 36, 'depth': 1, 'rep_dropout': 0.026447821802843, 'train_learning_rate': 0.004489814439831434, 'train_lr_reduce': 0.6}. Best is trial 558 with value: 0.30280801653862.
[I 2024-12-20 01:19:51,446] Trial 1914 finished with value: 1.4926471710205078 and parameters: {'mlp_n_layers': 4, 'mlp_dim_00': 205, 'mlp_dim_01': 266, 'mlp_dim_02': 461, 'mlp_dim_03': 511, 'node_hidden_dim': 119, 'edge_hidden_dim': 32, 'depth': 1, 'rep_dropout': 0.015228275321694509, 'train_learning_rate': 0.0012005564577848215, 'train_lr_reduce': 0.6}. Best is trial 558 with value: 0.30280801653862.
[I 2024-12-20 01:19:55,540] Trial 1916 finished with value: 1.557015061378479 and parameters: {'mlp_n_layers': 1, 'mlp_dim_00': 221, 'node_hidden_dim': 126, 'edge_hidden_dim': 42, 'depth': 1, 'rep_dropout': 0.11181926272320629, 'train_learning_rate': 0.0003360062102838057, 'train_lr_reduce': 0.6}. Best is trial 558 with value: 0.30280801653862.
[I 2024-12-20 01:19:59,149] Trial 1910 finished with value: 0.3706468641757965 and parameters: {'mlp_n_layers': 4, 'mlp_dim_00': 172, 'mlp_dim_01': 415, 'mlp_dim_02': 273, 'mlp_dim_03': 227, 'node_hidden_dim': 114, 'edge_hidden_dim': 46, 'depth': 1, 'rep_dropout': 0.035417364645279524, 'train_learning_rate': 0.0018234132866178125, 'train_lr_reduce': 0.6}. Best is trial 558 with value: 0.30280801653862.
[I 2024-12-20 01:20:07,626] Trial 1915 finished with value: 1.3370953798294067 and parameters: {'mlp_n_layers': 4, 'mlp_dim_00': 318, 'mlp_dim_01': 327, 'mlp_dim_02': 322, 'mlp_dim_03': 349, 'node_hidden_dim': 124, 'edge_hidden_dim': 82, 'depth': 2, 'rep_dropout': 0.014671025172767825, 'train_learning_rate': 0.0016471764954541681, 'train_lr_reduce': 0.6}. Best is trial 558 with value: 0.30280801653862.
[I 2024-12-20 01:20:10,440] Trial 1918 finished with value: 0.44356805086135864 and parameters: {'mlp_n_layers': 4, 'mlp_dim_00': 357, 'mlp_dim_01': 193, 'mlp_dim_02': 362, 'mlp_dim_03': 99, 'node_hidden_dim': 98, 'edge_hidden_dim': 61, 'depth': 1, 'rep_dropout': 0.006524328777378633, 'train_learning_rate': 0.001770930613520854, 'train_lr_reduce': 0.6}. Best is trial 558 with value: 0.30280801653862.
[I 2024-12-20 01:20:11,663] Trial 1919 finished with value: 1.5068438053131104 and parameters: {'mlp_n_layers': 3, 'mlp_dim_00': 423, 'mlp_dim_01': 347, 'mlp_dim_02': 428, 'node_hidden_dim': 106, 'edge_hidden_dim': 50, 'depth': 1, 'rep_dropout': 0.0006952288122306204, 'train_learning_rate': 0.0009159907201637108, 'train_lr_reduce': 0.6}. Best is trial 558 with value: 0.30280801653862.
[I 2024-12-20 01:20:23,113] Trial 1917 finished with value: 0.35983070731163025 and parameters: {'mlp_n_layers': 4, 'mlp_dim_00': 412, 'mlp_dim_01': 423, 'mlp_dim_02': 397, 'mlp_dim_03': 434, 'node_hidden_dim': 92, 'edge_hidden_dim': 46, 'depth': 1, 'rep_dropout': 0.02267505377423723, 'train_learning_rate': 0.0026306493386892868, 'train_lr_reduce': 0.6}. Best is trial 558 with value: 0.30280801653862.
[I 2024-12-20 01:20:27,371] Trial 1920 finished with value: 0.4200969934463501 and parameters: {'mlp_n_layers': 4, 'mlp_dim_00': 219, 'mlp_dim_01': 233, 'mlp_dim_02': 350, 'mlp_dim_03': 401, 'node_hidden_dim': 106, 'edge_hidden_dim': 32, 'depth': 1, 'rep_dropout': 0.014979587882656393, 'train_learning_rate': 0.00255159653154249, 'train_lr_reduce': 0.6}. Best is trial 558 with value: 0.30280801653862.
[I 2024-12-20 01:20:31,657] Trial 1923 finished with value: 1.43849778175354 and parameters: {'mlp_n_layers': 3, 'mlp_dim_00': 501, 'mlp_dim_01': 310, 'mlp_dim_02': 398, 'node_hidden_dim': 103, 'edge_hidden_dim': 34, 'depth': 2, 'rep_dropout': 0.030827031521379156, 'train_learning_rate': 0.0015326873442711559, 'train_lr_reduce': 0.6}. Best is trial 558 with value: 0.30280801653862.
[I 2024-12-20 01:20:33,543] Trial 1921 finished with value: 0.4086903929710388 and parameters: {'mlp_n_layers': 4, 'mlp_dim_00': 404, 'mlp_dim_01': 275, 'mlp_dim_02': 472, 'mlp_dim_03': 349, 'node_hidden_dim': 99, 'edge_hidden_dim': 59, 'depth': 1, 'rep_dropout': 0.0168590107608926, 'train_learning_rate': 0.0007995979949442052, 'train_lr_reduce': 0.6}. Best is trial 558 with value: 0.30280801653862.
[I 2024-12-20 01:20:44,002] Trial 1922 finished with value: 0.4228452146053314 and parameters: {'mlp_n_layers': 4, 'mlp_dim_00': 72, 'mlp_dim_01': 376, 'mlp_dim_02': 296, 'mlp_dim_03': 465, 'node_hidden_dim': 110, 'edge_hidden_dim': 52, 'depth': 1, 'rep_dropout': 0.024466861510973454, 'train_learning_rate': 0.00404994361117488, 'train_lr_reduce': 0.6}. Best is trial 558 with value: 0.30280801653862.
[I 2024-12-20 01:20:44,945] Trial 1925 finished with value: 0.4323045313358307 and parameters: {'mlp_n_layers': 4, 'mlp_dim_00': 390, 'mlp_dim_01': 420, 'mlp_dim_02': 344, 'mlp_dim_03': 246, 'node_hidden_dim': 113, 'edge_hidden_dim': 45, 'depth': 1, 'rep_dropout': 0.006015841551489466, 'train_learning_rate': 0.0026082980349484484, 'train_lr_reduce': 0.6}. Best is trial 558 with value: 0.30280801653862.
[I 2024-12-20 01:20:47,081] Trial 1924 finished with value: 0.3764722943305969 and parameters: {'mlp_n_layers': 4, 'mlp_dim_00': 154, 'mlp_dim_01': 345, 'mlp_dim_02': 433, 'mlp_dim_03': 385, 'node_hidden_dim': 110, 'edge_hidden_dim': 48, 'depth': 1, 'rep_dropout': 0.01800455523576346, 'train_learning_rate': 0.002224849761961731, 'train_lr_reduce': 0.6}. Best is trial 558 with value: 0.30280801653862.
[I 2024-12-20 01:20:48,064] Trial 1926 finished with value: 1.5268418788909912 and parameters: {'mlp_n_layers': 4, 'mlp_dim_00': 65, 'mlp_dim_01': 103, 'mlp_dim_02': 393, 'mlp_dim_03': 511, 'node_hidden_dim': 111, 'edge_hidden_dim': 35, 'depth': 2, 'rep_dropout': 0.017258097657265555, 'train_learning_rate': 0.0014984150491320933, 'train_lr_reduce': 0.6}. Best is trial 558 with value: 0.30280801653862.
[I 2024-12-20 01:20:48,553] Trial 1927 finished with value: 1.5118075609207153 and parameters: {'mlp_n_layers': 4, 'mlp_dim_00': 447, 'mlp_dim_01': 379, 'mlp_dim_02': 442, 'mlp_dim_03': 425, 'node_hidden_dim': 111, 'edge_hidden_dim': 32, 'depth': 1, 'rep_dropout': 0.03324164749542738, 'train_learning_rate': 0.0012707955404994992, 'train_lr_reduce': 0.6}. Best is trial 558 with value: 0.30280801653862.
[I 2024-12-20 01:20:50,986] Trial 1928 finished with value: 1.5302821397781372 and parameters: {'mlp_n_layers': 3, 'mlp_dim_00': 160, 'mlp_dim_01': 286, 'mlp_dim_02': 377, 'node_hidden_dim': 77, 'edge_hidden_dim': 32, 'depth': 1, 'rep_dropout': 0.013909674843980709, 'train_learning_rate': 0.0016382566438743085, 'train_lr_reduce': 0.6}. Best is trial 558 with value: 0.30280801653862.
[I 2024-12-20 01:20:51,733] Trial 1929 finished with value: 1.523618221282959 and parameters: {'mlp_n_layers': 1, 'mlp_dim_00': 279, 'node_hidden_dim': 59, 'edge_hidden_dim': 54, 'depth': 1, 'rep_dropout': 0.03742712315436381, 'train_learning_rate': 0.00020231167458350084, 'train_lr_reduce': 0.6}. Best is trial 558 with value: 0.30280801653862.
[I 2024-12-20 01:20:52,629] Trial 1930 finished with value: 1.4272476434707642 and parameters: {'mlp_n_layers': 4, 'mlp_dim_00': 420, 'mlp_dim_01': 327, 'mlp_dim_02': 310, 'mlp_dim_03': 325, 'node_hidden_dim': 125, 'edge_hidden_dim': 59, 'depth': 1, 'rep_dropout': 0.045290251164451824, 'train_learning_rate': 0.004292157693352028, 'train_lr_reduce': 0.6}. Best is trial 558 with value: 0.30280801653862.
[I 2024-12-20 01:20:59,625] Trial 1933 finished with value: 1.242962121963501 and parameters: {'mlp_n_layers': 4, 'mlp_dim_00': 143, 'mlp_dim_01': 340, 'mlp_dim_02': 345, 'mlp_dim_03': 270, 'node_hidden_dim': 75, 'edge_hidden_dim': 38, 'depth': 2, 'rep_dropout': 0.05144196020281703, 'train_learning_rate': 0.0036546933730461197, 'train_lr_reduce': 0.6}. Best is trial 558 with value: 0.30280801653862.
[I 2024-12-20 01:21:03,638] Trial 1934 finished with value: 1.4679847955703735 and parameters: {'mlp_n_layers': 4, 'mlp_dim_00': 344, 'mlp_dim_01': 290, 'mlp_dim_02': 419, 'mlp_dim_03': 337, 'node_hidden_dim': 104, 'edge_hidden_dim': 50, 'depth': 1, 'rep_dropout': 0.0008804178611059275, 'train_learning_rate': 0.0018436272176447486, 'train_lr_reduce': 0.6}. Best is trial 558 with value: 0.30280801653862.
[I 2024-12-20 01:21:06,654] Trial 1932 finished with value: 0.35770726203918457 and parameters: {'mlp_n_layers': 4, 'mlp_dim_00': 136, 'mlp_dim_01': 388, 'mlp_dim_02': 479, 'mlp_dim_03': 450, 'node_hidden_dim': 96, 'edge_hidden_dim': 43, 'depth': 1, 'rep_dropout': 0.026908858597071005, 'train_learning_rate': 0.0016763488028414784, 'train_lr_reduce': 0.6}. Best is trial 558 with value: 0.30280801653862.
