[I 2024-12-15 23:28:25,619] Trial 1047 finished with value: 0.10900554060935974 and parameters: {'mlp_n_layers': 2, 'mlp_dim_00': 128, 'mlp_dim_01': 240, 'hidden_channels': 32, 'num_layers': 2, 'num_timesteps': 4, 'dropout': 0.054696487067577924, 'train_learning_rate': 0.009011731398562605, 'train_lr_reduce': 0.6}. Best is trial 130 with value: 0.0812772810459137.
[I 2024-12-15 23:28:32,507] Trial 1048 finished with value: 0.09043668210506439 and parameters: {'mlp_n_layers': 3, 'mlp_dim_00': 240, 'mlp_dim_01': 240, 'mlp_dim_02': 160, 'hidden_channels': 32, 'num_layers': 2, 'num_timesteps': 3, 'dropout': 0.22971577060233103, 'train_learning_rate': 0.007470346769207246, 'train_lr_reduce': 0.6}. Best is trial 130 with value: 0.0812772810459137.
[I 2024-12-15 23:28:35,822] Trial 1050 finished with value: 0.10276342928409576 and parameters: {'mlp_n_layers': 3, 'mlp_dim_00': 256, 'mlp_dim_01': 192, 'mlp_dim_02': 160, 'hidden_channels': 32, 'num_layers': 2, 'num_timesteps': 2, 'dropout': 0.15436594460662972, 'train_learning_rate': 0.008446878353509789, 'train_lr_reduce': 0.6}. Best is trial 130 with value: 0.0812772810459137.
[I 2024-12-15 23:28:36,214] Trial 1049 finished with value: 0.10731624066829681 and parameters: {'mlp_n_layers': 2, 'mlp_dim_00': 176, 'mlp_dim_01': 176, 'hidden_channels': 48, 'num_layers': 3, 'num_timesteps': 3, 'dropout': 0.2207395435039102, 'train_learning_rate': 0.005485999545111051, 'train_lr_reduce': 0.6}. Best is trial 130 with value: 0.0812772810459137.
[I 2024-12-15 23:28:54,777] Trial 1053 finished with value: 0.10110456496477127 and parameters: {'mlp_n_layers': 3, 'mlp_dim_00': 192, 'mlp_dim_01': 192, 'mlp_dim_02': 176, 'hidden_channels': 80, 'num_layers': 2, 'num_timesteps': 3, 'dropout': 0.24554929859676594, 'train_learning_rate': 0.007225804495435142, 'train_lr_reduce': 0.6}. Best is trial 130 with value: 0.0812772810459137.
[I 2024-12-15 23:29:02,349] Trial 1051 finished with value: 0.14917486906051636 and parameters: {'mlp_n_layers': 2, 'mlp_dim_00': 208, 'mlp_dim_01': 224, 'hidden_channels': 176, 'num_layers': 3, 'num_timesteps': 2, 'dropout': 0.11009692605944041, 'train_learning_rate': 0.00021759582063214734, 'train_lr_reduce': 0.6}. Best is trial 130 with value: 0.0812772810459137.
[I 2024-12-15 23:29:05,710] Trial 1052 finished with value: 0.14768776297569275 and parameters: {'mlp_n_layers': 2, 'mlp_dim_00': 224, 'mlp_dim_01': 128, 'hidden_channels': 208, 'num_layers': 4, 'num_timesteps': 1, 'dropout': 0.2730048654720407, 'train_learning_rate': 0.0004013660164735075, 'train_lr_reduce': 0.6}. Best is trial 130 with value: 0.0812772810459137.
[I 2024-12-15 23:29:10,367] Trial 1054 finished with value: 0.09955058991909027 and parameters: {'mlp_n_layers': 2, 'mlp_dim_00': 128, 'mlp_dim_01': 224, 'hidden_channels': 48, 'num_layers': 2, 'num_timesteps': 3, 'dropout': 0.13822687863826172, 'train_learning_rate': 0.002992988110793713, 'train_lr_reduce': 0.6}. Best is trial 130 with value: 0.0812772810459137.
[I 2024-12-15 23:29:20,590] Trial 1055 finished with value: 0.09966114908456802 and parameters: {'mlp_n_layers': 3, 'mlp_dim_00': 96, 'mlp_dim_01': 256, 'mlp_dim_02': 160, 'hidden_channels': 32, 'num_layers': 3, 'num_timesteps': 4, 'dropout': 0.06926378539225539, 'train_learning_rate': 0.005032908031089383, 'train_lr_reduce': 0.6}. Best is trial 130 with value: 0.0812772810459137.
[I 2024-12-15 23:29:21,375] Trial 1056 finished with value: 0.12828727066516876 and parameters: {'mlp_n_layers': 3, 'mlp_dim_00': 240, 'mlp_dim_01': 256, 'mlp_dim_02': 160, 'hidden_channels': 80, 'num_layers': 2, 'num_timesteps': 3, 'dropout': 0.1363040503022284, 'train_learning_rate': 0.00538540036469634, 'train_lr_reduce': 0.6}. Best is trial 130 with value: 0.0812772810459137.
[I 2024-12-15 23:29:31,201] Trial 1057 finished with value: 0.11805162578821182 and parameters: {'mlp_n_layers': 4, 'mlp_dim_00': 240, 'mlp_dim_01': 64, 'mlp_dim_02': 176, 'mlp_dim_03': 144, 'hidden_channels': 112, 'num_layers': 1, 'num_timesteps': 1, 'dropout': 0.025549543712300032, 'train_learning_rate': 0.00026787335002321556, 'train_lr_reduce': 0.6}. Best is trial 130 with value: 0.0812772810459137.
[I 2024-12-15 23:29:34,268] Trial 1058 finished with value: 0.1149066686630249 and parameters: {'mlp_n_layers': 3, 'mlp_dim_00': 256, 'mlp_dim_01': 240, 'mlp_dim_02': 160, 'hidden_channels': 32, 'num_layers': 2, 'num_timesteps': 3, 'dropout': 0.2307197650399006, 'train_learning_rate': 0.00518982547930756, 'train_lr_reduce': 0.6}. Best is trial 130 with value: 0.0812772810459137.
[I 2024-12-15 23:29:42,666] Trial 1061 finished with value: 0.1032533347606659 and parameters: {'mlp_n_layers': 2, 'mlp_dim_00': 128, 'mlp_dim_01': 256, 'hidden_channels': 32, 'num_layers': 1, 'num_timesteps': 4, 'dropout': 0.14628421471846134, 'train_learning_rate': 0.006425194431543647, 'train_lr_reduce': 0.6}. Best is trial 130 with value: 0.0812772810459137.
[I 2024-12-15 23:29:44,565] Trial 1060 finished with value: 0.11885229498147964 and parameters: {'mlp_n_layers': 3, 'mlp_dim_00': 224, 'mlp_dim_01': 224, 'mlp_dim_02': 176, 'hidden_channels': 32, 'num_layers': 3, 'num_timesteps': 4, 'dropout': 0.2222907669682176, 'train_learning_rate': 0.00910588875209994, 'train_lr_reduce': 0.6}. Best is trial 130 with value: 0.0812772810459137.
[I 2024-12-15 23:29:45,038] Trial 1059 finished with value: 0.21256451308727264 and parameters: {'mlp_n_layers': 4, 'mlp_dim_00': 32, 'mlp_dim_01': 32, 'mlp_dim_02': 160, 'mlp_dim_03': 224, 'hidden_channels': 80, 'num_layers': 1, 'num_timesteps': 3, 'dropout': 0.16886641062615565, 'train_learning_rate': 0.00023742855387811653, 'train_lr_reduce': 0.6}. Best is trial 130 with value: 0.0812772810459137.
[I 2024-12-15 23:29:56,224] Trial 1064 finished with value: 0.10831967741250992 and parameters: {'mlp_n_layers': 2, 'mlp_dim_00': 144, 'mlp_dim_01': 256, 'hidden_channels': 160, 'num_layers': 1, 'num_timesteps': 3, 'dropout': 0.2890442734075918, 'train_learning_rate': 0.0025317495309511925, 'train_lr_reduce': 0.6}. Best is trial 130 with value: 0.0812772810459137.
[I 2024-12-15 23:29:56,502] Trial 1063 finished with value: 0.13169367611408234 and parameters: {'mlp_n_layers': 2, 'mlp_dim_00': 128, 'mlp_dim_01': 256, 'hidden_channels': 64, 'num_layers': 2, 'num_timesteps': 3, 'dropout': 0.021302306131073666, 'train_learning_rate': 0.005513322590157944, 'train_lr_reduce': 0.6}. Best is trial 130 with value: 0.0812772810459137.
[I 2024-12-15 23:30:04,383] Trial 1062 finished with value: 0.09595398604869843 and parameters: {'mlp_n_layers': 3, 'mlp_dim_00': 256, 'mlp_dim_01': 256, 'mlp_dim_02': 144, 'hidden_channels': 96, 'num_layers': 2, 'num_timesteps': 3, 'dropout': 0.2885997842726299, 'train_learning_rate': 0.008852849087724435, 'train_lr_reduce': 0.6}. Best is trial 130 with value: 0.0812772810459137.
[I 2024-12-15 23:30:12,611] Trial 1065 finished with value: 0.10934102535247803 and parameters: {'mlp_n_layers': 4, 'mlp_dim_00': 256, 'mlp_dim_01': 224, 'mlp_dim_02': 176, 'mlp_dim_03': 96, 'hidden_channels': 32, 'num_layers': 2, 'num_timesteps': 3, 'dropout': 0.17816842084607615, 'train_learning_rate': 0.009454673398799683, 'train_lr_reduce': 0.6}. Best is trial 130 with value: 0.0812772810459137.
[I 2024-12-15 23:30:15,307] Trial 1067 finished with value: 0.1141323521733284 and parameters: {'mlp_n_layers': 3, 'mlp_dim_00': 224, 'mlp_dim_01': 224, 'mlp_dim_02': 128, 'hidden_channels': 32, 'num_layers': 2, 'num_timesteps': 3, 'dropout': 0.21548274723079267, 'train_learning_rate': 0.0065489952349791665, 'train_lr_reduce': 0.6}. Best is trial 130 with value: 0.0812772810459137.
[I 2024-12-15 23:30:20,681] Trial 1066 finished with value: 0.10777261853218079 and parameters: {'mlp_n_layers': 4, 'mlp_dim_00': 256, 'mlp_dim_01': 208, 'mlp_dim_02': 144, 'mlp_dim_03': 160, 'hidden_channels': 64, 'num_layers': 2, 'num_timesteps': 3, 'dropout': 0.28987389618972875, 'train_learning_rate': 0.00672025428403833, 'train_lr_reduce': 0.6}. Best is trial 130 with value: 0.0812772810459137.
[I 2024-12-15 23:30:30,089] Trial 1068 finished with value: 0.09853357076644897 and parameters: {'mlp_n_layers': 2, 'mlp_dim_00': 144, 'mlp_dim_01': 240, 'hidden_channels': 80, 'num_layers': 2, 'num_timesteps': 4, 'dropout': 0.11413956288655508, 'train_learning_rate': 0.008881388934649051, 'train_lr_reduce': 0.6}. Best is trial 130 with value: 0.0812772810459137.
[I 2024-12-15 23:30:44,846] Trial 1069 finished with value: 0.13903959095478058 and parameters: {'mlp_n_layers': 2, 'mlp_dim_00': 160, 'mlp_dim_01': 224, 'hidden_channels': 176, 'num_layers': 4, 'num_timesteps': 3, 'dropout': 0.28915207080788435, 'train_learning_rate': 0.0002327256287612229, 'train_lr_reduce': 0.6}. Best is trial 130 with value: 0.0812772810459137.
[I 2024-12-15 23:30:47,863] Trial 1071 finished with value: 0.16082191467285156 and parameters: {'mlp_n_layers': 4, 'mlp_dim_00': 32, 'mlp_dim_01': 240, 'mlp_dim_02': 176, 'mlp_dim_03': 64, 'hidden_channels': 128, 'num_layers': 3, 'num_timesteps': 1, 'dropout': 0.209834144909439, 'train_learning_rate': 0.002215033428111291, 'train_lr_reduce': 0.6}. Best is trial 130 with value: 0.0812772810459137.
[I 2024-12-15 23:30:48,884] Trial 1070 finished with value: 0.10788770020008087 and parameters: {'mlp_n_layers': 2, 'mlp_dim_00': 32, 'mlp_dim_01': 176, 'hidden_channels': 32, 'num_layers': 4, 'num_timesteps': 3, 'dropout': 0.06753723851325576, 'train_learning_rate': 0.008871222589748927, 'train_lr_reduce': 0.6}. Best is trial 130 with value: 0.0812772810459137.
[I 2024-12-15 23:30:54,436] Trial 1072 finished with value: 0.11337082833051682 and parameters: {'mlp_n_layers': 2, 'mlp_dim_00': 96, 'mlp_dim_01': 208, 'hidden_channels': 32, 'num_layers': 2, 'num_timesteps': 3, 'dropout': 0.08528094373858697, 'train_learning_rate': 0.00399716890346793, 'train_lr_reduce': 0.6}. Best is trial 130 with value: 0.0812772810459137.
[I 2024-12-15 23:30:56,816] Trial 1073 finished with value: 0.12049032747745514 and parameters: {'mlp_n_layers': 2, 'mlp_dim_00': 144, 'mlp_dim_01': 240, 'hidden_channels': 48, 'num_layers': 1, 'num_timesteps': 4, 'dropout': 0.06829586476066822, 'train_learning_rate': 0.008937932089912792, 'train_lr_reduce': 0.6}. Best is trial 130 with value: 0.0812772810459137.
[I 2024-12-15 23:30:59,534] Trial 1074 finished with value: 0.11382726579904556 and parameters: {'mlp_n_layers': 2, 'mlp_dim_00': 128, 'mlp_dim_01': 224, 'hidden_channels': 32, 'num_layers': 2, 'num_timesteps': 4, 'dropout': 0.14028043534164678, 'train_learning_rate': 0.006771866064347628, 'train_lr_reduce': 0.6}. Best is trial 130 with value: 0.0812772810459137.
[I 2024-12-15 23:31:05,804] Trial 1075 finished with value: 0.10734830051660538 and parameters: {'mlp_n_layers': 2, 'mlp_dim_00': 112, 'mlp_dim_01': 224, 'hidden_channels': 32, 'num_layers': 2, 'num_timesteps': 4, 'dropout': 0.0827152048415938, 'train_learning_rate': 0.00812078066333228, 'train_lr_reduce': 0.6}. Best is trial 130 with value: 0.0812772810459137.
[I 2024-12-15 23:31:13,261] Trial 1076 finished with value: 0.1081647202372551 and parameters: {'mlp_n_layers': 3, 'mlp_dim_00': 176, 'mlp_dim_01': 256, 'mlp_dim_02': 144, 'hidden_channels': 64, 'num_layers': 3, 'num_timesteps': 3, 'dropout': 0.23238431010944197, 'train_learning_rate': 0.008914936283102578, 'train_lr_reduce': 0.6}. Best is trial 130 with value: 0.0812772810459137.
[I 2024-12-15 23:31:16,372] Trial 1077 finished with value: 0.10032244026660919 and parameters: {'mlp_n_layers': 3, 'mlp_dim_00': 208, 'mlp_dim_01': 160, 'mlp_dim_02': 128, 'hidden_channels': 32, 'num_layers': 2, 'num_timesteps': 3, 'dropout': 0.28144919869406393, 'train_learning_rate': 0.0037959542569170725, 'train_lr_reduce': 0.6}. Best is trial 130 with value: 0.0812772810459137.
[I 2024-12-15 23:31:30,273] Trial 1080 finished with value: 0.12781213223934174 and parameters: {'mlp_n_layers': 2, 'mlp_dim_00': 80, 'mlp_dim_01': 256, 'hidden_channels': 32, 'num_layers': 2, 'num_timesteps': 4, 'dropout': 0.10654041378461304, 'train_learning_rate': 0.006408945316410052, 'train_lr_reduce': 0.6}. Best is trial 130 with value: 0.0812772810459137.
[I 2024-12-15 23:31:40,369] Trial 1078 finished with value: 0.2610308527946472 and parameters: {'mlp_n_layers': 4, 'mlp_dim_00': 48, 'mlp_dim_01': 160, 'mlp_dim_02': 176, 'mlp_dim_03': 192, 'hidden_channels': 224, 'num_layers': 3, 'num_timesteps': 3, 'dropout': 0.294754441138799, 'train_learning_rate': 0.00010092737699533904, 'train_lr_reduce': 0.6}. Best is trial 130 with value: 0.0812772810459137.
[I 2024-12-15 23:31:48,473] Trial 1079 finished with value: 0.28591188788414 and parameters: {'mlp_n_layers': 4, 'mlp_dim_00': 256, 'mlp_dim_01': 96, 'mlp_dim_02': 160, 'mlp_dim_03': 240, 'hidden_channels': 48, 'num_layers': 1, 'num_timesteps': 4, 'dropout': 0.15978613366795263, 'train_learning_rate': 0.0001271603743275789, 'train_lr_reduce': 0.6}. Best is trial 130 with value: 0.0812772810459137.
[I 2024-12-15 23:31:51,180] Trial 1081 finished with value: 0.1363457441329956 and parameters: {'mlp_n_layers': 4, 'mlp_dim_00': 256, 'mlp_dim_01': 32, 'mlp_dim_02': 128, 'mlp_dim_03': 128, 'hidden_channels': 144, 'num_layers': 4, 'num_timesteps': 4, 'dropout': 0.07455063770035439, 'train_learning_rate': 0.001825971178119869, 'train_lr_reduce': 0.6}. Best is trial 130 with value: 0.0812772810459137.
[I 2024-12-15 23:32:05,115] Trial 1083 finished with value: 0.10383832454681396 and parameters: {'mlp_n_layers': 4, 'mlp_dim_00': 256, 'mlp_dim_01': 144, 'mlp_dim_02': 160, 'mlp_dim_03': 256, 'hidden_channels': 64, 'num_layers': 1, 'num_timesteps': 3, 'dropout': 0.2531546928458859, 'train_learning_rate': 0.007551756182994213, 'train_lr_reduce': 0.6}. Best is trial 130 with value: 0.0812772810459137.
[I 2024-12-15 23:32:07,329] Trial 1084 finished with value: 0.12045196443796158 and parameters: {'mlp_n_layers': 2, 'mlp_dim_00': 80, 'mlp_dim_01': 208, 'hidden_channels': 80, 'num_layers': 2, 'num_timesteps': 3, 'dropout': 0.14619977223207206, 'train_learning_rate': 0.008503858390587453, 'train_lr_reduce': 0.6}. Best is trial 130 with value: 0.0812772810459137.
[I 2024-12-15 23:32:09,266] Trial 1082 finished with value: 0.13984376192092896 and parameters: {'mlp_n_layers': 2, 'mlp_dim_00': 224, 'mlp_dim_01': 32, 'hidden_channels': 224, 'num_layers': 2, 'num_timesteps': 3, 'dropout': 0.0018765688058197394, 'train_learning_rate': 0.0064979017709455526, 'train_lr_reduce': 0.6}. Best is trial 130 with value: 0.0812772810459137.
[I 2024-12-15 23:32:22,825] Trial 1087 finished with value: 0.12651591002941132 and parameters: {'mlp_n_layers': 3, 'mlp_dim_00': 224, 'mlp_dim_01': 256, 'mlp_dim_02': 176, 'hidden_channels': 64, 'num_layers': 2, 'num_timesteps': 4, 'dropout': 0.1996521557873767, 'train_learning_rate': 0.003365815237867891, 'train_lr_reduce': 0.6}. Best is trial 130 with value: 0.0812772810459137.
[I 2024-12-15 23:32:24,641] Trial 1086 finished with value: 0.12811583280563354 and parameters: {'mlp_n_layers': 2, 'mlp_dim_00': 256, 'mlp_dim_01': 96, 'hidden_channels': 160, 'num_layers': 3, 'num_timesteps': 3, 'dropout': 0.06360220902862478, 'train_learning_rate': 0.00131649020341169, 'train_lr_reduce': 0.6}. Best is trial 130 with value: 0.0812772810459137.
[I 2024-12-15 23:32:25,845] Trial 1085 finished with value: 0.15788984298706055 and parameters: {'mlp_n_layers': 3, 'mlp_dim_00': 224, 'mlp_dim_01': 192, 'mlp_dim_02': 128, 'hidden_channels': 64, 'num_layers': 2, 'num_timesteps': 4, 'dropout': 0.293234133755968, 'train_learning_rate': 0.009752035728084937, 'train_lr_reduce': 0.6}. Best is trial 130 with value: 0.0812772810459137.
[I 2024-12-15 23:32:39,939] Trial 1090 finished with value: 0.1010962724685669 and parameters: {'mlp_n_layers': 2, 'mlp_dim_00': 96, 'mlp_dim_01': 224, 'hidden_channels': 32, 'num_layers': 2, 'num_timesteps': 4, 'dropout': 0.22495621806906071, 'train_learning_rate': 0.006702682989403886, 'train_lr_reduce': 0.6}. Best is trial 130 with value: 0.0812772810459137.
[I 2024-12-15 23:32:42,991] Trial 1088 finished with value: 0.11548855155706406 and parameters: {'mlp_n_layers': 3, 'mlp_dim_00': 240, 'mlp_dim_01': 256, 'mlp_dim_02': 144, 'hidden_channels': 32, 'num_layers': 1, 'num_timesteps': 3, 'dropout': 0.20597309408296777, 'train_learning_rate': 0.006435484073685792, 'train_lr_reduce': 0.6}. Best is trial 130 with value: 0.0812772810459137.
[I 2024-12-15 23:32:46,934] Trial 1089 finished with value: 0.13023941218852997 and parameters: {'mlp_n_layers': 3, 'mlp_dim_00': 256, 'mlp_dim_01': 176, 'mlp_dim_02': 64, 'hidden_channels': 48, 'num_layers': 3, 'num_timesteps': 3, 'dropout': 0.29469703002552733, 'train_learning_rate': 0.009694283710131976, 'train_lr_reduce': 0.6}. Best is trial 130 with value: 0.0812772810459137.
[I 2024-12-15 23:32:51,399] Trial 1091 finished with value: 0.11336557567119598 and parameters: {'mlp_n_layers': 2, 'mlp_dim_00': 240, 'mlp_dim_01': 48, 'hidden_channels': 144, 'num_layers': 3, 'num_timesteps': 2, 'dropout': 0.2742961120915501, 'train_learning_rate': 0.006735694478444564, 'train_lr_reduce': 0.6}. Best is trial 130 with value: 0.0812772810459137.
[I 2024-12-15 23:32:57,134] Trial 1093 finished with value: 0.11364010721445084 and parameters: {'mlp_n_layers': 2, 'mlp_dim_00': 48, 'mlp_dim_01': 192, 'hidden_channels': 32, 'num_layers': 2, 'num_timesteps': 3, 'dropout': 0.1787811525635646, 'train_learning_rate': 0.004239117140511668, 'train_lr_reduce': 0.6}. Best is trial 130 with value: 0.0812772810459137.
[I 2024-12-15 23:32:58,770] Trial 1092 finished with value: 0.15581999719142914 and parameters: {'mlp_n_layers': 3, 'mlp_dim_00': 32, 'mlp_dim_01': 224, 'mlp_dim_02': 112, 'hidden_channels': 32, 'num_layers': 2, 'num_timesteps': 4, 'dropout': 0.0649752745951444, 'train_learning_rate': 0.007028376984545757, 'train_lr_reduce': 0.6}. Best is trial 130 with value: 0.0812772810459137.
[I 2024-12-15 23:33:06,537] Trial 1094 finished with value: 0.09864991158246994 and parameters: {'mlp_n_layers': 3, 'mlp_dim_00': 96, 'mlp_dim_01': 176, 'mlp_dim_02': 176, 'hidden_channels': 32, 'num_layers': 2, 'num_timesteps': 4, 'dropout': 0.042841547682195266, 'train_learning_rate': 0.004726339785393954, 'train_lr_reduce': 0.6}. Best is trial 130 with value: 0.0812772810459137.
[I 2024-12-15 23:33:09,888] Trial 1095 finished with value: 0.1234898790717125 and parameters: {'mlp_n_layers': 2, 'mlp_dim_00': 48, 'mlp_dim_01': 208, 'hidden_channels': 64, 'num_layers': 1, 'num_timesteps': 4, 'dropout': 0.1439188020901771, 'train_learning_rate': 0.0029462724310928244, 'train_lr_reduce': 0.6}. Best is trial 130 with value: 0.0812772810459137.
[I 2024-12-15 23:33:13,157] Trial 1096 finished with value: 0.10559608787298203 and parameters: {'mlp_n_layers': 4, 'mlp_dim_00': 240, 'mlp_dim_01': 112, 'mlp_dim_02': 144, 'mlp_dim_03': 176, 'hidden_channels': 48, 'num_layers': 1, 'num_timesteps': 2, 'dropout': 0.13211653221674932, 'train_learning_rate': 0.0019012465667212282, 'train_lr_reduce': 0.6}. Best is trial 130 with value: 0.0812772810459137.
[I 2024-12-15 23:33:17,912] Trial 1097 finished with value: 0.12589901685714722 and parameters: {'mlp_n_layers': 3, 'mlp_dim_00': 144, 'mlp_dim_01': 224, 'mlp_dim_02': 112, 'hidden_channels': 64, 'num_layers': 2, 'num_timesteps': 4, 'dropout': 0.023461377107953346, 'train_learning_rate': 0.008265238719671917, 'train_lr_reduce': 0.6}. Best is trial 130 with value: 0.0812772810459137.
[I 2024-12-15 23:33:24,452] Trial 1098 finished with value: 0.11392176896333694 and parameters: {'mlp_n_layers': 3, 'mlp_dim_00': 128, 'mlp_dim_01': 32, 'mlp_dim_02': 144, 'hidden_channels': 128, 'num_layers': 4, 'num_timesteps': 4, 'dropout': 0.09208196321293954, 'train_learning_rate': 0.008911432839936288, 'train_lr_reduce': 0.6}. Best is trial 130 with value: 0.0812772810459137.
[I 2024-12-15 23:33:25,347] Trial 1099 finished with value: 0.11751735955476761 and parameters: {'mlp_n_layers': 2, 'mlp_dim_00': 160, 'mlp_dim_01': 112, 'hidden_channels': 64, 'num_layers': 3, 'num_timesteps': 3, 'dropout': 0.12191407446578613, 'train_learning_rate': 0.0035088960982146947, 'train_lr_reduce': 0.6}. Best is trial 130 with value: 0.0812772810459137.
[I 2024-12-15 23:33:35,590] Trial 1101 finished with value: 0.12010809779167175 and parameters: {'mlp_n_layers': 2, 'mlp_dim_00': 112, 'mlp_dim_01': 224, 'hidden_channels': 64, 'num_layers': 3, 'num_timesteps': 4, 'dropout': 0.0893120129306923, 'train_learning_rate': 0.005940219028450693, 'train_lr_reduce': 0.6}. Best is trial 130 with value: 0.0812772810459137.
[I 2024-12-15 23:33:35,733] Trial 1102 finished with value: 0.1303900182247162 and parameters: {'mlp_n_layers': 2, 'mlp_dim_00': 112, 'mlp_dim_01': 256, 'hidden_channels': 48, 'num_layers': 3, 'num_timesteps': 1, 'dropout': 0.22835929157059923, 'train_learning_rate': 0.008971076415424582, 'train_lr_reduce': 0.6}. Best is trial 130 with value: 0.0812772810459137.
[I 2024-12-15 23:33:36,139] Trial 1100 finished with value: 0.09953184425830841 and parameters: {'mlp_n_layers': 3, 'mlp_dim_00': 208, 'mlp_dim_01': 256, 'mlp_dim_02': 176, 'hidden_channels': 32, 'num_layers': 2, 'num_timesteps': 3, 'dropout': 0.23473801745497264, 'train_learning_rate': 0.00849310859343433, 'train_lr_reduce': 0.6}. Best is trial 130 with value: 0.0812772810459137.
[I 2024-12-15 23:33:46,312] Trial 1103 finished with value: 0.1370166391134262 and parameters: {'mlp_n_layers': 2, 'mlp_dim_00': 48, 'mlp_dim_01': 192, 'hidden_channels': 112, 'num_layers': 2, 'num_timesteps': 1, 'dropout': 0.08611653302193616, 'train_learning_rate': 0.00395829526721688, 'train_lr_reduce': 0.6}. Best is trial 130 with value: 0.0812772810459137.
[I 2024-12-15 23:33:49,189] Trial 1105 finished with value: 0.11287400126457214 and parameters: {'mlp_n_layers': 2, 'mlp_dim_00': 128, 'mlp_dim_01': 256, 'hidden_channels': 64, 'num_layers': 2, 'num_timesteps': 4, 'dropout': 0.08368235188388973, 'train_learning_rate': 0.0026645953050809163, 'train_lr_reduce': 0.6}. Best is trial 130 with value: 0.0812772810459137.
