[I 2024-12-25 20:49:50,994] Trial 894 finished with value: 0.0617448166012764 and parameters: {'L1_hidden_dim': 64, 'L1_layers_atom': 1, 'L1_layers_mol': 4, 'L1_dropout': 0.27281048696672844, 'L1_out_dim': 128, 'L2_hidden_dim': 240, 'L2_layers_atom': 1, 'L2_layers_mol': 3, 'L2_out_dim': 128, 'L2_dropout': 0.04628645195115695, 'L3_hidden_dim': 128, 'L3_layers_atom': 4, 'L3_layers_mol': 1, 'L3_out_dim': 128, 'L3_dropout': 0.238589375512534, 'n_mlp_layers': 2, 'mlp_dim_0': 288, 'mlp_dim_1': 368, 'num_heads': 1, 'final_dropout': 0.10336111973953155, 'train_learning_rate': 0.0018365067072483162, 'train_lr_reduce': 0.6}. Best is trial 613 with value: 0.045173268765211105.
[I 2024-12-25 20:51:04,027] Trial 898 finished with value: 0.07547277212142944 and parameters: {'L1_hidden_dim': 96, 'L1_layers_atom': 2, 'L1_layers_mol': 3, 'L1_dropout': 0.28074126192923654, 'L1_out_dim': 128, 'L2_hidden_dim': 176, 'L2_layers_atom': 1, 'L2_layers_mol': 3, 'L2_out_dim': 96, 'L2_dropout': 0.01674299948464408, 'L3_hidden_dim': 128, 'L3_layers_atom': 3, 'L3_layers_mol': 1, 'L3_out_dim': 128, 'L3_dropout': 0.14424997268106687, 'n_mlp_layers': 2, 'mlp_dim_0': 128, 'mlp_dim_1': 440, 'num_heads': 1, 'final_dropout': 0.18653517876176556, 'train_learning_rate': 0.003107527571970438, 'train_lr_reduce': 0.6}. Best is trial 613 with value: 0.045173268765211105.
[I 2024-12-25 20:51:23,918] Trial 897 finished with value: 0.06224237382411957 and parameters: {'L1_hidden_dim': 64, 'L1_layers_atom': 3, 'L1_layers_mol': 2, 'L1_dropout': 0.29566937873932314, 'L1_out_dim': 128, 'L2_hidden_dim': 224, 'L2_layers_atom': 2, 'L2_layers_mol': 1, 'L2_out_dim': 128, 'L2_dropout': 0.06251882665685231, 'L3_hidden_dim': 32, 'L3_layers_atom': 4, 'L3_layers_mol': 3, 'L3_out_dim': 128, 'L3_dropout': 0.2741791602859919, 'n_mlp_layers': 2, 'mlp_dim_0': 208, 'mlp_dim_1': 368, 'num_heads': 2, 'final_dropout': 0.012085305645980203, 'train_learning_rate': 0.0005250507900181381, 'train_lr_reduce': 0.6}. Best is trial 613 with value: 0.045173268765211105.
[I 2024-12-25 20:51:23,921] Trial 899 finished with value: 0.06631533801555634 and parameters: {'L1_hidden_dim': 64, 'L1_layers_atom': 3, 'L1_layers_mol': 3, 'L1_dropout': 0.2007767108879965, 'L1_out_dim': 128, 'L2_hidden_dim': 240, 'L2_layers_atom': 2, 'L2_layers_mol': 1, 'L2_out_dim': 128, 'L2_dropout': 0.004397942049497481, 'L3_hidden_dim': 32, 'L3_layers_atom': 4, 'L3_layers_mol': 2, 'L3_out_dim': 80, 'L3_dropout': 0.27774749905191853, 'n_mlp_layers': 1, 'mlp_dim_0': 32, 'num_heads': 1, 'final_dropout': 0.023735064570740604, 'train_learning_rate': 0.00044479967790142625, 'train_lr_reduce': 0.6}. Best is trial 613 with value: 0.045173268765211105.
[I 2024-12-25 20:51:48,443] Trial 902 finished with value: 1.1699285507202148 and parameters: {'L1_hidden_dim': 64, 'L1_layers_atom': 3, 'L1_layers_mol': 4, 'L1_dropout': 0.24963912572119218, 'L1_out_dim': 128, 'L2_hidden_dim': 192, 'L2_layers_atom': 3, 'L2_layers_mol': 3, 'L2_out_dim': 128, 'L2_dropout': 0.059116739884191874, 'L3_hidden_dim': 80, 'L3_layers_atom': 4, 'L3_layers_mol': 1, 'L3_out_dim': 32, 'L3_dropout': 0.204997090499684, 'n_mlp_layers': 2, 'mlp_dim_0': 72, 'mlp_dim_1': 440, 'num_heads': 2, 'final_dropout': 0.11522009169480932, 'train_learning_rate': 0.00027544178439862637, 'train_lr_reduce': 0.6}. Best is trial 613 with value: 0.045173268765211105.
[I 2024-12-25 20:52:07,402] Trial 900 finished with value: 0.09476585686206818 and parameters: {'L1_hidden_dim': 64, 'L1_layers_atom': 4, 'L1_layers_mol': 4, 'L1_dropout': 0.04614184465847637, 'L1_out_dim': 112, 'L2_hidden_dim': 192, 'L2_layers_atom': 2, 'L2_layers_mol': 4, 'L2_out_dim': 80, 'L2_dropout': 0.027315409735302693, 'L3_hidden_dim': 96, 'L3_layers_atom': 3, 'L3_layers_mol': 1, 'L3_out_dim': 112, 'L3_dropout': 0.010423416748994194, 'n_mlp_layers': 3, 'mlp_dim_0': 312, 'mlp_dim_1': 328, 'mlp_dim_2': 256, 'num_heads': 1, 'final_dropout': 0.12902705050614544, 'train_learning_rate': 0.0026724469130574922, 'train_lr_reduce': 0.6}. Best is trial 613 with value: 0.045173268765211105.
[I 2024-12-25 20:53:20,009] Trial 903 finished with value: 0.07191284000873566 and parameters: {'L1_hidden_dim': 96, 'L1_layers_atom': 3, 'L1_layers_mol': 3, 'L1_dropout': 0.29560403202620167, 'L1_out_dim': 96, 'L2_hidden_dim': 208, 'L2_layers_atom': 3, 'L2_layers_mol': 2, 'L2_out_dim': 96, 'L2_dropout': 0.022750034436689742, 'L3_hidden_dim': 48, 'L3_layers_atom': 4, 'L3_layers_mol': 1, 'L3_out_dim': 32, 'L3_dropout': 0.17571545167072167, 'n_mlp_layers': 1, 'mlp_dim_0': 32, 'num_heads': 2, 'final_dropout': 0.032740550346322776, 'train_learning_rate': 0.002198989760344374, 'train_lr_reduce': 0.6}. Best is trial 613 with value: 0.045173268765211105.
[I 2024-12-25 20:53:30,664] Trial 901 finished with value: 0.07201074808835983 and parameters: {'L1_hidden_dim': 112, 'L1_layers_atom': 3, 'L1_layers_mol': 3, 'L1_dropout': 0.2921549573661976, 'L1_out_dim': 48, 'L2_hidden_dim': 144, 'L2_layers_atom': 2, 'L2_layers_mol': 2, 'L2_out_dim': 128, 'L2_dropout': 0.0031505718012334585, 'L3_hidden_dim': 64, 'L3_layers_atom': 4, 'L3_layers_mol': 3, 'L3_out_dim': 64, 'L3_dropout': 0.29086058626573114, 'n_mlp_layers': 1, 'mlp_dim_0': 80, 'num_heads': 1, 'final_dropout': 0.1389157548068757, 'train_learning_rate': 0.0014989637827650865, 'train_lr_reduce': 0.6}. Best is trial 613 with value: 0.045173268765211105.
[I 2024-12-25 20:54:14,998] Trial 904 finished with value: 0.06369037926197052 and parameters: {'L1_hidden_dim': 64, 'L1_layers_atom': 3, 'L1_layers_mol': 2, 'L1_dropout': 0.2325389786094358, 'L1_out_dim': 112, 'L2_hidden_dim': 208, 'L2_layers_atom': 2, 'L2_layers_mol': 2, 'L2_out_dim': 128, 'L2_dropout': 0.018918818626641888, 'L3_hidden_dim': 80, 'L3_layers_atom': 1, 'L3_layers_mol': 1, 'L3_out_dim': 128, 'L3_dropout': 0.29620156186240626, 'n_mlp_layers': 3, 'mlp_dim_0': 312, 'mlp_dim_1': 376, 'mlp_dim_2': 32, 'num_heads': 1, 'final_dropout': 0.18436253616112125, 'train_learning_rate': 0.004845947491173348, 'train_lr_reduce': 0.6}. Best is trial 613 with value: 0.045173268765211105.
[I 2024-12-25 20:54:40,292] Trial 905 finished with value: 0.07539600133895874 and parameters: {'L1_hidden_dim': 80, 'L1_layers_atom': 4, 'L1_layers_mol': 3, 'L1_dropout': 0.29329180098874885, 'L1_out_dim': 96, 'L2_hidden_dim': 208, 'L2_layers_atom': 2, 'L2_layers_mol': 3, 'L2_out_dim': 32, 'L2_dropout': 0.10681103750192167, 'L3_hidden_dim': 96, 'L3_layers_atom': 4, 'L3_layers_mol': 2, 'L3_out_dim': 64, 'L3_dropout': 0.010499906140558873, 'n_mlp_layers': 2, 'mlp_dim_0': 304, 'mlp_dim_1': 272, 'num_heads': 1, 'final_dropout': 0.11169862764230079, 'train_learning_rate': 0.0035287393681257074, 'train_lr_reduce': 0.6}. Best is trial 613 with value: 0.045173268765211105.
[I 2024-12-25 20:55:27,604] Trial 906 finished with value: 0.07358217239379883 and parameters: {'L1_hidden_dim': 112, 'L1_layers_atom': 3, 'L1_layers_mol': 2, 'L1_dropout': 0.29224749626819757, 'L1_out_dim': 64, 'L2_hidden_dim': 240, 'L2_layers_atom': 1, 'L2_layers_mol': 3, 'L2_out_dim': 64, 'L2_dropout': 0.03441496861992847, 'L3_hidden_dim': 48, 'L3_layers_atom': 4, 'L3_layers_mol': 2, 'L3_out_dim': 128, 'L3_dropout': 0.005142662111643801, 'n_mlp_layers': 2, 'mlp_dim_0': 320, 'mlp_dim_1': 440, 'num_heads': 2, 'final_dropout': 0.16265318704745446, 'train_learning_rate': 0.0009746984525015858, 'train_lr_reduce': 0.6}. Best is trial 613 with value: 0.045173268765211105.
[I 2024-12-25 20:55:34,012] Trial 907 finished with value: 0.08777071535587311 and parameters: {'L1_hidden_dim': 96, 'L1_layers_atom': 4, 'L1_layers_mol': 3, 'L1_dropout': 0.22464240688242784, 'L1_out_dim': 80, 'L2_hidden_dim': 96, 'L2_layers_atom': 2, 'L2_layers_mol': 1, 'L2_out_dim': 96, 'L2_dropout': 0.01312254372424793, 'L3_hidden_dim': 112, 'L3_layers_atom': 2, 'L3_layers_mol': 2, 'L3_out_dim': 32, 'L3_dropout': 0.2572262623257756, 'n_mlp_layers': 2, 'mlp_dim_0': 32, 'mlp_dim_1': 384, 'num_heads': 2, 'final_dropout': 0.07300212461823526, 'train_learning_rate': 0.0014862756850752372, 'train_lr_reduce': 0.6}. Best is trial 613 with value: 0.045173268765211105.
[I 2024-12-25 20:56:22,524] Trial 908 finished with value: 0.061673879623413086 and parameters: {'L1_hidden_dim': 80, 'L1_layers_atom': 2, 'L1_layers_mol': 2, 'L1_dropout': 0.22094983888430877, 'L1_out_dim': 64, 'L2_hidden_dim': 240, 'L2_layers_atom': 4, 'L2_layers_mol': 4, 'L2_out_dim': 128, 'L2_dropout': 0.09682345617373406, 'L3_hidden_dim': 112, 'L3_layers_atom': 2, 'L3_layers_mol': 1, 'L3_out_dim': 80, 'L3_dropout': 0.07847954020330682, 'n_mlp_layers': 3, 'mlp_dim_0': 408, 'mlp_dim_1': 328, 'mlp_dim_2': 184, 'num_heads': 1, 'final_dropout': 0.1429487794356012, 'train_learning_rate': 0.002071948450068026, 'train_lr_reduce': 0.6}. Best is trial 613 with value: 0.045173268765211105.
[I 2024-12-25 20:56:41,606] Trial 909 finished with value: 0.07455097138881683 and parameters: {'L1_hidden_dim': 128, 'L1_layers_atom': 4, 'L1_layers_mol': 2, 'L1_dropout': 0.26845668801704536, 'L1_out_dim': 80, 'L2_hidden_dim': 208, 'L2_layers_atom': 1, 'L2_layers_mol': 3, 'L2_out_dim': 112, 'L2_dropout': 0.018504283871527763, 'L3_hidden_dim': 48, 'L3_layers_atom': 4, 'L3_layers_mol': 1, 'L3_out_dim': 80, 'L3_dropout': 0.04767142494554832, 'n_mlp_layers': 2, 'mlp_dim_0': 192, 'mlp_dim_1': 440, 'num_heads': 1, 'final_dropout': 0.131555954385001, 'train_learning_rate': 0.001363466773944574, 'train_lr_reduce': 0.6}. Best is trial 613 with value: 0.045173268765211105.
[I 2024-12-25 20:56:44,645] Trial 910 finished with value: 0.08315835893154144 and parameters: {'L1_hidden_dim': 64, 'L1_layers_atom': 4, 'L1_layers_mol': 4, 'L1_dropout': 0.2578268151415083, 'L1_out_dim': 112, 'L2_hidden_dim': 176, 'L2_layers_atom': 1, 'L2_layers_mol': 1, 'L2_out_dim': 128, 'L2_dropout': 0.021909307797697473, 'L3_hidden_dim': 32, 'L3_layers_atom': 2, 'L3_layers_mol': 2, 'L3_out_dim': 128, 'L3_dropout': 0.2582789741087264, 'n_mlp_layers': 1, 'mlp_dim_0': 64, 'num_heads': 1, 'final_dropout': 0.005049677401992221, 'train_learning_rate': 0.0007612621905339377, 'train_lr_reduce': 0.6}. Best is trial 613 with value: 0.045173268765211105.
[I 2024-12-25 20:57:02,215] Trial 912 finished with value: 1.171865701675415 and parameters: {'L1_hidden_dim': 64, 'L1_layers_atom': 4, 'L1_layers_mol': 3, 'L1_dropout': 0.11390088823003877, 'L1_out_dim': 48, 'L2_hidden_dim': 224, 'L2_layers_atom': 4, 'L2_layers_mol': 3, 'L2_out_dim': 32, 'L2_dropout': 0.09914094376591043, 'L3_hidden_dim': 48, 'L3_layers_atom': 3, 'L3_layers_mol': 3, 'L3_out_dim': 112, 'L3_dropout': 0.024946607639837415, 'n_mlp_layers': 3, 'mlp_dim_0': 512, 'mlp_dim_1': 240, 'mlp_dim_2': 88, 'num_heads': 1, 'final_dropout': 0.19949630436664686, 'train_learning_rate': 0.0004999137764340313, 'train_lr_reduce': 0.6}. Best is trial 613 with value: 0.045173268765211105.
[I 2024-12-25 20:57:21,663] Trial 914 finished with value: 0.8595456480979919 and parameters: {'L1_hidden_dim': 80, 'L1_layers_atom': 4, 'L1_layers_mol': 4, 'L1_dropout': 0.24816289693400218, 'L1_out_dim': 80, 'L2_hidden_dim': 240, 'L2_layers_atom': 2, 'L2_layers_mol': 4, 'L2_out_dim': 64, 'L2_dropout': 0.09579748139582815, 'L3_hidden_dim': 64, 'L3_layers_atom': 3, 'L3_layers_mol': 1, 'L3_out_dim': 64, 'L3_dropout': 0.021822342210393003, 'n_mlp_layers': 3, 'mlp_dim_0': 312, 'mlp_dim_1': 440, 'mlp_dim_2': 80, 'num_heads': 1, 'final_dropout': 0.14173162418080656, 'train_learning_rate': 0.004545728944513736, 'train_lr_reduce': 0.6}. Best is trial 613 with value: 0.045173268765211105.
[I 2024-12-25 20:57:49,062] Trial 911 finished with value: 0.10721519589424133 and parameters: {'L1_hidden_dim': 176, 'L1_layers_atom': 3, 'L1_layers_mol': 3, 'L1_dropout': 0.14983505893390925, 'L1_out_dim': 128, 'L2_hidden_dim': 256, 'L2_layers_atom': 1, 'L2_layers_mol': 3, 'L2_out_dim': 96, 'L2_dropout': 0.03756772857652248, 'L3_hidden_dim': 112, 'L3_layers_atom': 2, 'L3_layers_mol': 1, 'L3_out_dim': 128, 'L3_dropout': 0.25664959579330676, 'n_mlp_layers': 3, 'mlp_dim_0': 200, 'mlp_dim_1': 176, 'mlp_dim_2': 112, 'num_heads': 1, 'final_dropout': 0.1741796402184589, 'train_learning_rate': 0.0009533316227148222, 'train_lr_reduce': 0.6}. Best is trial 613 with value: 0.045173268765211105.
[I 2024-12-25 20:58:06,557] Trial 913 finished with value: 0.11802848428487778 and parameters: {'L1_hidden_dim': 144, 'L1_layers_atom': 3, 'L1_layers_mol': 4, 'L1_dropout': 0.18563005331475313, 'L1_out_dim': 96, 'L2_hidden_dim': 256, 'L2_layers_atom': 2, 'L2_layers_mol': 3, 'L2_out_dim': 128, 'L2_dropout': 0.13987271613452681, 'L3_hidden_dim': 96, 'L3_layers_atom': 2, 'L3_layers_mol': 1, 'L3_out_dim': 128, 'L3_dropout': 0.14467231880078527, 'n_mlp_layers': 3, 'mlp_dim_0': 192, 'mlp_dim_1': 392, 'mlp_dim_2': 160, 'num_heads': 1, 'final_dropout': 0.1176826190163985, 'train_learning_rate': 0.0037694699227270754, 'train_lr_reduce': 0.6}. Best is trial 613 with value: 0.045173268765211105.
[I 2024-12-25 20:58:30,892] Trial 915 finished with value: 0.08632413297891617 and parameters: {'L1_hidden_dim': 64, 'L1_layers_atom': 2, 'L1_layers_mol': 4, 'L1_dropout': 0.24230236157191196, 'L1_out_dim': 128, 'L2_hidden_dim': 192, 'L2_layers_atom': 2, 'L2_layers_mol': 2, 'L2_out_dim': 128, 'L2_dropout': 0.052484026861612715, 'L3_hidden_dim': 112, 'L3_layers_atom': 2, 'L3_layers_mol': 1, 'L3_out_dim': 128, 'L3_dropout': 0.17340232137794795, 'n_mlp_layers': 3, 'mlp_dim_0': 416, 'mlp_dim_1': 304, 'mlp_dim_2': 144, 'num_heads': 1, 'final_dropout': 0.11669560326835986, 'train_learning_rate': 0.0025244890278463693, 'train_lr_reduce': 0.6}. Best is trial 613 with value: 0.045173268765211105.
[I 2024-12-25 20:59:17,179] Trial 916 finished with value: 0.06467573344707489 and parameters: {'L1_hidden_dim': 64, 'L1_layers_atom': 4, 'L1_layers_mol': 3, 'L1_dropout': 0.2027707794796707, 'L1_out_dim': 112, 'L2_hidden_dim': 192, 'L2_layers_atom': 2, 'L2_layers_mol': 4, 'L2_out_dim': 80, 'L2_dropout': 0.04259283551856924, 'L3_hidden_dim': 80, 'L3_layers_atom': 2, 'L3_layers_mol': 1, 'L3_out_dim': 96, 'L3_dropout': 0.05108946803025856, 'n_mlp_layers': 3, 'mlp_dim_0': 360, 'mlp_dim_1': 440, 'mlp_dim_2': 72, 'num_heads': 1, 'final_dropout': 0.0837020830286077, 'train_learning_rate': 0.0036301715269520737, 'train_lr_reduce': 0.6}. Best is trial 613 with value: 0.045173268765211105.
[I 2024-12-25 21:00:51,213] Trial 917 finished with value: 0.06721261143684387 and parameters: {'L1_hidden_dim': 64, 'L1_layers_atom': 4, 'L1_layers_mol': 2, 'L1_dropout': 0.25820740870599634, 'L1_out_dim': 96, 'L2_hidden_dim': 224, 'L2_layers_atom': 4, 'L2_layers_mol': 2, 'L2_out_dim': 112, 'L2_dropout': 0.00569276239174845, 'L3_hidden_dim': 32, 'L3_layers_atom': 2, 'L3_layers_mol': 1, 'L3_out_dim': 32, 'L3_dropout': 0.20029889682884994, 'n_mlp_layers': 1, 'mlp_dim_0': 136, 'num_heads': 2, 'final_dropout': 0.155418883528869, 'train_learning_rate': 0.0008546212966233391, 'train_lr_reduce': 0.6}. Best is trial 613 with value: 0.045173268765211105.
[I 2024-12-25 21:00:59,317] Trial 918 finished with value: 0.05903062969446182 and parameters: {'L1_hidden_dim': 80, 'L1_layers_atom': 3, 'L1_layers_mol': 1, 'L1_dropout': 0.2386564549598047, 'L1_out_dim': 96, 'L2_hidden_dim': 224, 'L2_layers_atom': 4, 'L2_layers_mol': 1, 'L2_out_dim': 112, 'L2_dropout': 0.005239475901769468, 'L3_hidden_dim': 80, 'L3_layers_atom': 3, 'L3_layers_mol': 1, 'L3_out_dim': 80, 'L3_dropout': 0.2829835105033285, 'n_mlp_layers': 2, 'mlp_dim_0': 184, 'mlp_dim_1': 384, 'num_heads': 1, 'final_dropout': 0.04430138293243273, 'train_learning_rate': 0.0011082762747997802, 'train_lr_reduce': 0.6}. Best is trial 613 with value: 0.045173268765211105.
[I 2024-12-25 21:01:10,207] Trial 920 finished with value: 1.1656538248062134 and parameters: {'L1_hidden_dim': 80, 'L1_layers_atom': 3, 'L1_layers_mol': 4, 'L1_dropout': 0.15460295327790166, 'L1_out_dim': 80, 'L2_hidden_dim': 240, 'L2_layers_atom': 3, 'L2_layers_mol': 2, 'L2_out_dim': 48, 'L2_dropout': 0.011006085437871065, 'L3_hidden_dim': 48, 'L3_layers_atom': 2, 'L3_layers_mol': 2, 'L3_out_dim': 112, 'L3_dropout': 0.026089645809297145, 'n_mlp_layers': 3, 'mlp_dim_0': 496, 'mlp_dim_1': 448, 'mlp_dim_2': 208, 'num_heads': 1, 'final_dropout': 0.09062019844749421, 'train_learning_rate': 0.00012878533725034906, 'train_lr_reduce': 0.6}. Best is trial 613 with value: 0.045173268765211105.
[I 2024-12-25 21:01:19,172] Trial 919 finished with value: 0.07790551334619522 and parameters: {'L1_hidden_dim': 128, 'L1_layers_atom': 3, 'L1_layers_mol': 4, 'L1_dropout': 0.2682586459454345, 'L1_out_dim': 112, 'L2_hidden_dim': 128, 'L2_layers_atom': 2, 'L2_layers_mol': 1, 'L2_out_dim': 112, 'L2_dropout': 0.0037386405930610513, 'L3_hidden_dim': 64, 'L3_layers_atom': 4, 'L3_layers_mol': 4, 'L3_out_dim': 64, 'L3_dropout': 0.1612903006086257, 'n_mlp_layers': 1, 'mlp_dim_0': 40, 'num_heads': 2, 'final_dropout': 0.02795232169861679, 'train_learning_rate': 0.0005066613604459896, 'train_lr_reduce': 0.6}. Best is trial 613 with value: 0.045173268765211105.
[I 2024-12-25 21:02:18,966] Trial 921 finished with value: 0.05964178219437599 and parameters: {'L1_hidden_dim': 96, 'L1_layers_atom': 4, 'L1_layers_mol': 2, 'L1_dropout': 0.1529246596281172, 'L1_out_dim': 96, 'L2_hidden_dim': 240, 'L2_layers_atom': 3, 'L2_layers_mol': 3, 'L2_out_dim': 112, 'L2_dropout': 0.012656892195894448, 'L3_hidden_dim': 128, 'L3_layers_atom': 2, 'L3_layers_mol': 1, 'L3_out_dim': 112, 'L3_dropout': 0.0032705094054726468, 'n_mlp_layers': 3, 'mlp_dim_0': 280, 'mlp_dim_1': 344, 'mlp_dim_2': 120, 'num_heads': 1, 'final_dropout': 0.18760051379114423, 'train_learning_rate': 0.00226532599019987, 'train_lr_reduce': 0.6}. Best is trial 613 with value: 0.045173268765211105.
[I 2024-12-25 21:02:45,927] Trial 923 finished with value: 0.07807619124650955 and parameters: {'L1_hidden_dim': 80, 'L1_layers_atom': 4, 'L1_layers_mol': 2, 'L1_dropout': 0.29304263796164404, 'L1_out_dim': 112, 'L2_hidden_dim': 176, 'L2_layers_atom': 3, 'L2_layers_mol': 1, 'L2_out_dim': 96, 'L2_dropout': 0.043516604681710855, 'L3_hidden_dim': 80, 'L3_layers_atom': 4, 'L3_layers_mol': 1, 'L3_out_dim': 32, 'L3_dropout': 0.2437528736655024, 'n_mlp_layers': 3, 'mlp_dim_0': 56, 'mlp_dim_1': 360, 'mlp_dim_2': 32, 'num_heads': 2, 'final_dropout': 0.08891699818172026, 'train_learning_rate': 0.0011734629151877016, 'train_lr_reduce': 0.6}. Best is trial 613 with value: 0.045173268765211105.
[I 2024-12-25 21:02:48,561] Trial 922 finished with value: 0.06920856237411499 and parameters: {'L1_hidden_dim': 64, 'L1_layers_atom': 3, 'L1_layers_mol': 2, 'L1_dropout': 0.19066209990354308, 'L1_out_dim': 96, 'L2_hidden_dim': 208, 'L2_layers_atom': 4, 'L2_layers_mol': 1, 'L2_out_dim': 128, 'L2_dropout': 0.08213778965521015, 'L3_hidden_dim': 96, 'L3_layers_atom': 3, 'L3_layers_mol': 1, 'L3_out_dim': 80, 'L3_dropout': 0.2652641967919547, 'n_mlp_layers': 2, 'mlp_dim_0': 232, 'mlp_dim_1': 328, 'num_heads': 1, 'final_dropout': 0.08665882958942049, 'train_learning_rate': 0.0008841743437163888, 'train_lr_reduce': 0.6}. Best is trial 613 with value: 0.045173268765211105.
[I 2024-12-25 21:03:33,984] Trial 924 finished with value: 0.10266334563493729 and parameters: {'L1_hidden_dim': 128, 'L1_layers_atom': 4, 'L1_layers_mol': 1, 'L1_dropout': 0.17577627933701984, 'L1_out_dim': 112, 'L2_hidden_dim': 208, 'L2_layers_atom': 3, 'L2_layers_mol': 2, 'L2_out_dim': 112, 'L2_dropout': 0.048502651828199, 'L3_hidden_dim': 128, 'L3_layers_atom': 1, 'L3_layers_mol': 1, 'L3_out_dim': 128, 'L3_dropout': 0.11942213166543837, 'n_mlp_layers': 3, 'mlp_dim_0': 352, 'mlp_dim_1': 328, 'mlp_dim_2': 168, 'num_heads': 1, 'final_dropout': 0.1714850798995517, 'train_learning_rate': 0.0024548485435314095, 'train_lr_reduce': 0.6}. Best is trial 613 with value: 0.045173268765211105.
[I 2024-12-25 21:03:53,598] Trial 926 finished with value: 0.08697615563869476 and parameters: {'L1_hidden_dim': 80, 'L1_layers_atom': 2, 'L1_layers_mol': 2, 'L1_dropout': 0.23731153517883943, 'L1_out_dim': 112, 'L2_hidden_dim': 208, 'L2_layers_atom': 2, 'L2_layers_mol': 2, 'L2_out_dim': 128, 'L2_dropout': 0.03629677201414342, 'L3_hidden_dim': 112, 'L3_layers_atom': 1, 'L3_layers_mol': 1, 'L3_out_dim': 128, 'L3_dropout': 0.12062033024287006, 'n_mlp_layers': 3, 'mlp_dim_0': 232, 'mlp_dim_1': 312, 'mlp_dim_2': 144, 'num_heads': 1, 'final_dropout': 0.08970412827070354, 'train_learning_rate': 0.0013671758914036113, 'train_lr_reduce': 0.6}. Best is trial 613 with value: 0.045173268765211105.
[I 2024-12-25 21:04:09,387] Trial 925 finished with value: 0.07628745585680008 and parameters: {'L1_hidden_dim': 112, 'L1_layers_atom': 4, 'L1_layers_mol': 3, 'L1_dropout': 0.16771120630419128, 'L1_out_dim': 64, 'L2_hidden_dim': 240, 'L2_layers_atom': 4, 'L2_layers_mol': 3, 'L2_out_dim': 128, 'L2_dropout': 0.05338008557845504, 'L3_hidden_dim': 128, 'L3_layers_atom': 2, 'L3_layers_mol': 2, 'L3_out_dim': 112, 'L3_dropout': 0.10309128020934716, 'n_mlp_layers': 3, 'mlp_dim_0': 248, 'mlp_dim_1': 320, 'mlp_dim_2': 160, 'num_heads': 1, 'final_dropout': 0.18306801264806755, 'train_learning_rate': 0.002628208511163838, 'train_lr_reduce': 0.6}. Best is trial 613 with value: 0.045173268765211105.
[I 2024-12-25 21:04:47,531] Trial 927 finished with value: 0.09909602254629135 and parameters: {'L1_hidden_dim': 112, 'L1_layers_atom': 4, 'L1_layers_mol': 2, 'L1_dropout': 0.13320273160136262, 'L1_out_dim': 112, 'L2_hidden_dim': 208, 'L2_layers_atom': 3, 'L2_layers_mol': 3, 'L2_out_dim': 112, 'L2_dropout': 0.07996131387246949, 'L3_hidden_dim': 128, 'L3_layers_atom': 2, 'L3_layers_mol': 1, 'L3_out_dim': 80, 'L3_dropout': 0.014976037843806394, 'n_mlp_layers': 3, 'mlp_dim_0': 392, 'mlp_dim_1': 344, 'mlp_dim_2': 216, 'num_heads': 1, 'final_dropout': 0.24623198518942097, 'train_learning_rate': 0.004105131906301756, 'train_lr_reduce': 0.6}. Best is trial 613 with value: 0.045173268765211105.
