[I 2024-12-19 08:56:41,978] Trial 1143 finished with value: 1.1443594694137573 and parameters: {'mlp_n_layers': 4, 'mlp_dim_00': 414, 'mlp_dim_01': 288, 'mlp_dim_02': 454, 'mlp_dim_03': 277, 'node_hidden_dim': 128, 'edge_hidden_dim': 54, 'depth': 2, 'rep_dropout': 0.07915740144540047, 'train_learning_rate': 0.0020654928211338848, 'train_lr_reduce': 0.6}. Best is trial 724 with value: 0.1670333594083786.
[I 2024-12-19 08:56:42,044] Trial 1140 finished with value: 0.21999900043010712 and parameters: {'mlp_n_layers': 2, 'mlp_dim_00': 489, 'mlp_dim_01': 381, 'node_hidden_dim': 64, 'edge_hidden_dim': 32, 'depth': 2, 'rep_dropout': 0.03337118302053961, 'train_learning_rate': 0.00992503472654537, 'train_lr_reduce': 0.6}. Best is trial 724 with value: 0.1670333594083786.
[I 2024-12-19 08:56:44,071] Trial 1144 finished with value: 1.147774338722229 and parameters: {'mlp_n_layers': 3, 'mlp_dim_00': 508, 'mlp_dim_01': 339, 'mlp_dim_02': 400, 'node_hidden_dim': 126, 'edge_hidden_dim': 77, 'depth': 2, 'rep_dropout': 0.05809712531029254, 'train_learning_rate': 0.003148258054422472, 'train_lr_reduce': 0.6}. Best is trial 724 with value: 0.1670333594083786.
[I 2024-12-19 08:56:48,280] Trial 1146 finished with value: 1.144799828529358 and parameters: {'mlp_n_layers': 4, 'mlp_dim_00': 474, 'mlp_dim_01': 255, 'mlp_dim_02': 356, 'mlp_dim_03': 114, 'node_hidden_dim': 120, 'edge_hidden_dim': 47, 'depth': 3, 'rep_dropout': 0.1590895418038753, 'train_learning_rate': 0.008099746990493506, 'train_lr_reduce': 0.6}. Best is trial 724 with value: 0.1670333594083786.
[I 2024-12-19 08:56:49,000] Trial 1145 finished with value: 1.145263671875 and parameters: {'mlp_n_layers': 4, 'mlp_dim_00': 292, 'mlp_dim_01': 143, 'mlp_dim_02': 456, 'mlp_dim_03': 334, 'node_hidden_dim': 57, 'edge_hidden_dim': 37, 'depth': 3, 'rep_dropout': 0.04915761190458215, 'train_learning_rate': 0.00311591706185048, 'train_lr_reduce': 0.6}. Best is trial 724 with value: 0.1670333594083786.
[I 2024-12-19 08:56:51,164] Trial 1147 finished with value: 1.1431537866592407 and parameters: {'mlp_n_layers': 4, 'mlp_dim_00': 507, 'mlp_dim_01': 395, 'mlp_dim_02': 440, 'mlp_dim_03': 202, 'node_hidden_dim': 77, 'edge_hidden_dim': 49, 'depth': 2, 'rep_dropout': 0.03570195665653283, 'train_learning_rate': 0.0016038837592320019, 'train_lr_reduce': 0.6}. Best is trial 724 with value: 0.1670333594083786.
[I 2024-12-19 08:56:55,358] Trial 1148 finished with value: 1.1434366703033447 and parameters: {'mlp_n_layers': 4, 'mlp_dim_00': 116, 'mlp_dim_01': 319, 'mlp_dim_02': 402, 'mlp_dim_03': 265, 'node_hidden_dim': 44, 'edge_hidden_dim': 43, 'depth': 3, 'rep_dropout': 0.21692254523050136, 'train_learning_rate': 0.0071722248489702566, 'train_lr_reduce': 0.6}. Best is trial 724 with value: 0.1670333594083786.
[I 2024-12-19 08:57:07,779] Trial 1150 finished with value: 0.7878215909004211 and parameters: {'mlp_n_layers': 4, 'mlp_dim_00': 388, 'mlp_dim_01': 223, 'mlp_dim_02': 325, 'mlp_dim_03': 422, 'node_hidden_dim': 126, 'edge_hidden_dim': 76, 'depth': 2, 'rep_dropout': 0.04624674990321476, 'train_learning_rate': 0.008448655583271505, 'train_lr_reduce': 0.6}. Best is trial 724 with value: 0.1670333594083786.
[I 2024-12-19 08:57:10,228] Trial 1149 finished with value: 0.30477508902549744 and parameters: {'mlp_n_layers': 3, 'mlp_dim_00': 499, 'mlp_dim_01': 173, 'mlp_dim_02': 444, 'node_hidden_dim': 125, 'edge_hidden_dim': 54, 'depth': 2, 'rep_dropout': 0.09458741318372887, 'train_learning_rate': 0.009460062058106757, 'train_lr_reduce': 0.6}. Best is trial 724 with value: 0.1670333594083786.
[I 2024-12-19 08:57:12,165] Trial 1151 finished with value: 0.5201267004013062 and parameters: {'mlp_n_layers': 3, 'mlp_dim_00': 474, 'mlp_dim_01': 278, 'mlp_dim_02': 469, 'node_hidden_dim': 116, 'edge_hidden_dim': 63, 'depth': 2, 'rep_dropout': 0.04433976707147786, 'train_learning_rate': 0.006840558779276624, 'train_lr_reduce': 0.6}. Best is trial 724 with value: 0.1670333594083786.
[I 2024-12-19 08:57:17,722] Trial 1152 finished with value: 1.142080307006836 and parameters: {'mlp_n_layers': 3, 'mlp_dim_00': 397, 'mlp_dim_01': 258, 'mlp_dim_02': 389, 'node_hidden_dim': 89, 'edge_hidden_dim': 71, 'depth': 3, 'rep_dropout': 0.1798580179762592, 'train_learning_rate': 0.00012631090293605305, 'train_lr_reduce': 0.6}. Best is trial 724 with value: 0.1670333594083786.
[I 2024-12-19 08:57:25,856] Trial 1155 finished with value: 1.142188549041748 and parameters: {'mlp_n_layers': 2, 'mlp_dim_00': 190, 'mlp_dim_01': 240, 'node_hidden_dim': 113, 'edge_hidden_dim': 107, 'depth': 3, 'rep_dropout': 0.2204536849165345, 'train_learning_rate': 0.00036325767388040685, 'train_lr_reduce': 0.6}. Best is trial 724 with value: 0.1670333594083786.
[I 2024-12-19 08:57:32,220] Trial 1153 finished with value: 0.3808213472366333 and parameters: {'mlp_n_layers': 2, 'mlp_dim_00': 468, 'mlp_dim_01': 253, 'node_hidden_dim': 115, 'edge_hidden_dim': 66, 'depth': 2, 'rep_dropout': 0.05437389293184444, 'train_learning_rate': 0.008972198971868444, 'train_lr_reduce': 0.6}. Best is trial 724 with value: 0.1670333594083786.
[I 2024-12-19 08:57:33,103] Trial 1154 finished with value: 0.33983489871025085 and parameters: {'mlp_n_layers': 4, 'mlp_dim_00': 490, 'mlp_dim_01': 377, 'mlp_dim_02': 400, 'mlp_dim_03': 161, 'node_hidden_dim': 81, 'edge_hidden_dim': 56, 'depth': 2, 'rep_dropout': 0.019306995971049283, 'train_learning_rate': 0.007207715146783692, 'train_lr_reduce': 0.6}. Best is trial 724 with value: 0.1670333594083786.
[I 2024-12-19 08:57:51,985] Trial 1156 finished with value: 0.4189940094947815 and parameters: {'mlp_n_layers': 2, 'mlp_dim_00': 512, 'mlp_dim_01': 370, 'node_hidden_dim': 77, 'edge_hidden_dim': 41, 'depth': 2, 'rep_dropout': 0.013055705634507466, 'train_learning_rate': 0.007825307779824719, 'train_lr_reduce': 0.6}. Best is trial 724 with value: 0.1670333594083786.
[I 2024-12-19 08:57:56,780] Trial 1158 finished with value: 0.5475099682807922 and parameters: {'mlp_n_layers': 3, 'mlp_dim_00': 445, 'mlp_dim_01': 205, 'mlp_dim_02': 354, 'node_hidden_dim': 90, 'edge_hidden_dim': 69, 'depth': 2, 'rep_dropout': 0.015536066507708168, 'train_learning_rate': 0.0047990331071440006, 'train_lr_reduce': 0.6}. Best is trial 724 with value: 0.1670333594083786.
[I 2024-12-19 08:57:57,953] Trial 1157 finished with value: 0.36347028613090515 and parameters: {'mlp_n_layers': 3, 'mlp_dim_00': 411, 'mlp_dim_01': 282, 'mlp_dim_02': 467, 'node_hidden_dim': 118, 'edge_hidden_dim': 63, 'depth': 2, 'rep_dropout': 0.05914509919239405, 'train_learning_rate': 0.00413176626671793, 'train_lr_reduce': 0.6}. Best is trial 724 with value: 0.1670333594083786.
[I 2024-12-19 08:58:09,210] Trial 1159 finished with value: 0.43779194355010986 and parameters: {'mlp_n_layers': 3, 'mlp_dim_00': 511, 'mlp_dim_01': 345, 'mlp_dim_02': 427, 'node_hidden_dim': 123, 'edge_hidden_dim': 56, 'depth': 2, 'rep_dropout': 0.06084461455038251, 'train_learning_rate': 0.007609717696496422, 'train_lr_reduce': 0.6}. Best is trial 724 with value: 0.1670333594083786.
[I 2024-12-19 08:58:11,561] Trial 1160 finished with value: 0.9126531481742859 and parameters: {'mlp_n_layers': 3, 'mlp_dim_00': 384, 'mlp_dim_01': 213, 'mlp_dim_02': 300, 'node_hidden_dim': 41, 'edge_hidden_dim': 47, 'depth': 4, 'rep_dropout': 0.24201039471968439, 'train_learning_rate': 0.00946893128644305, 'train_lr_reduce': 0.6}. Best is trial 724 with value: 0.1670333594083786.
[I 2024-12-19 08:58:20,526] Trial 1163 finished with value: 1.1413872241973877 and parameters: {'mlp_n_layers': 2, 'mlp_dim_00': 223, 'mlp_dim_01': 508, 'node_hidden_dim': 96, 'edge_hidden_dim': 67, 'depth': 4, 'rep_dropout': 0.23810799203262092, 'train_learning_rate': 0.008303166056586727, 'train_lr_reduce': 0.6}. Best is trial 724 with value: 0.1670333594083786.
[I 2024-12-19 08:58:21,372] Trial 1161 finished with value: 0.49610188603401184 and parameters: {'mlp_n_layers': 2, 'mlp_dim_00': 493, 'mlp_dim_01': 368, 'node_hidden_dim': 106, 'edge_hidden_dim': 103, 'depth': 2, 'rep_dropout': 0.0562654360415934, 'train_learning_rate': 0.004969869987094241, 'train_lr_reduce': 0.6}. Best is trial 724 with value: 0.1670333594083786.
[I 2024-12-19 08:58:34,559] Trial 1162 finished with value: 0.23772026598453522 and parameters: {'mlp_n_layers': 4, 'mlp_dim_00': 482, 'mlp_dim_01': 216, 'mlp_dim_02': 466, 'mlp_dim_03': 332, 'node_hidden_dim': 128, 'edge_hidden_dim': 35, 'depth': 2, 'rep_dropout': 0.008846454974123362, 'train_learning_rate': 0.007124352727859725, 'train_lr_reduce': 0.6}. Best is trial 724 with value: 0.1670333594083786.
[I 2024-12-19 08:58:39,595] Trial 1164 finished with value: 0.652289092540741 and parameters: {'mlp_n_layers': 2, 'mlp_dim_00': 382, 'mlp_dim_01': 167, 'node_hidden_dim': 118, 'edge_hidden_dim': 75, 'depth': 3, 'rep_dropout': 0.03991147440900716, 'train_learning_rate': 0.009299405590302873, 'train_lr_reduce': 0.6}. Best is trial 724 with value: 0.1670333594083786.
[I 2024-12-19 08:58:42,369] Trial 1166 finished with value: 1.142330288887024 and parameters: {'mlp_n_layers': 4, 'mlp_dim_00': 282, 'mlp_dim_01': 464, 'mlp_dim_02': 472, 'mlp_dim_03': 231, 'node_hidden_dim': 57, 'edge_hidden_dim': 42, 'depth': 2, 'rep_dropout': 0.009823234318294793, 'train_learning_rate': 0.0003614237863243834, 'train_lr_reduce': 0.6}. Best is trial 724 with value: 0.1670333594083786.
[I 2024-12-19 08:58:43,758] Trial 1165 finished with value: 0.45320990681648254 and parameters: {'mlp_n_layers': 3, 'mlp_dim_00': 443, 'mlp_dim_01': 327, 'mlp_dim_02': 389, 'node_hidden_dim': 97, 'edge_hidden_dim': 32, 'depth': 2, 'rep_dropout': 0.013340883577068382, 'train_learning_rate': 0.005855230416584171, 'train_lr_reduce': 0.6}. Best is trial 724 with value: 0.1670333594083786.
[I 2024-12-19 08:58:47,254] Trial 1167 finished with value: 1.1421575546264648 and parameters: {'mlp_n_layers': 4, 'mlp_dim_00': 461, 'mlp_dim_01': 177, 'mlp_dim_02': 422, 'mlp_dim_03': 113, 'node_hidden_dim': 65, 'edge_hidden_dim': 34, 'depth': 4, 'rep_dropout': 0.14270271444577365, 'train_learning_rate': 0.00037544311151273523, 'train_lr_reduce': 0.6}. Best is trial 724 with value: 0.1670333594083786.
[I 2024-12-19 08:59:06,008] Trial 1169 finished with value: 0.25416287779808044 and parameters: {'mlp_n_layers': 3, 'mlp_dim_00': 497, 'mlp_dim_01': 265, 'mlp_dim_02': 469, 'node_hidden_dim': 107, 'edge_hidden_dim': 42, 'depth': 2, 'rep_dropout': 0.06365316737092892, 'train_learning_rate': 0.006354343025634176, 'train_lr_reduce': 0.6}. Best is trial 724 with value: 0.1670333594083786.
[I 2024-12-19 08:59:06,518] Trial 1168 finished with value: 0.6009587645530701 and parameters: {'mlp_n_layers': 3, 'mlp_dim_00': 435, 'mlp_dim_01': 192, 'mlp_dim_02': 356, 'node_hidden_dim': 108, 'edge_hidden_dim': 70, 'depth': 2, 'rep_dropout': 0.00697690060204121, 'train_learning_rate': 0.0039420915724669575, 'train_lr_reduce': 0.6}. Best is trial 724 with value: 0.1670333594083786.
[I 2024-12-19 08:59:08,523] Trial 1170 finished with value: 0.4339708685874939 and parameters: {'mlp_n_layers': 2, 'mlp_dim_00': 501, 'mlp_dim_01': 367, 'node_hidden_dim': 77, 'edge_hidden_dim': 91, 'depth': 2, 'rep_dropout': 0.05145016957878342, 'train_learning_rate': 0.0059273466535998635, 'train_lr_reduce': 0.6}. Best is trial 724 with value: 0.1670333594083786.
[I 2024-12-19 08:59:14,798] Trial 1173 finished with value: 1.145750641822815 and parameters: {'mlp_n_layers': 4, 'mlp_dim_00': 496, 'mlp_dim_01': 393, 'mlp_dim_02': 432, 'mlp_dim_03': 396, 'node_hidden_dim': 101, 'edge_hidden_dim': 51, 'depth': 2, 'rep_dropout': 0.013106392425860149, 'train_learning_rate': 0.0030131391296264387, 'train_lr_reduce': 0.6}. Best is trial 724 with value: 0.1670333594083786.
[I 2024-12-19 08:59:21,192] Trial 1174 finished with value: 1.1425025463104248 and parameters: {'mlp_n_layers': 3, 'mlp_dim_00': 501, 'mlp_dim_01': 253, 'mlp_dim_02': 352, 'node_hidden_dim': 128, 'edge_hidden_dim': 71, 'depth': 2, 'rep_dropout': 0.03590132917567641, 'train_learning_rate': 0.0033887589758827188, 'train_lr_reduce': 0.6}. Best is trial 724 with value: 0.1670333594083786.
[I 2024-12-19 08:59:24,560] Trial 1172 finished with value: 0.4929296672344208 and parameters: {'mlp_n_layers': 3, 'mlp_dim_00': 446, 'mlp_dim_01': 150, 'mlp_dim_02': 403, 'node_hidden_dim': 123, 'edge_hidden_dim': 71, 'depth': 2, 'rep_dropout': 0.0029425618980232354, 'train_learning_rate': 0.007857033444937886, 'train_lr_reduce': 0.6}. Best is trial 724 with value: 0.1670333594083786.
[I 2024-12-19 08:59:27,605] Trial 1171 finished with value: 0.2953763008117676 and parameters: {'mlp_n_layers': 2, 'mlp_dim_00': 495, 'mlp_dim_01': 252, 'node_hidden_dim': 114, 'edge_hidden_dim': 39, 'depth': 2, 'rep_dropout': 0.05476771656142109, 'train_learning_rate': 0.00822623124052095, 'train_lr_reduce': 0.6}. Best is trial 724 with value: 0.1670333594083786.
[I 2024-12-19 08:59:31,947] Trial 1176 finished with value: 1.1466951370239258 and parameters: {'mlp_n_layers': 4, 'mlp_dim_00': 436, 'mlp_dim_01': 269, 'mlp_dim_02': 403, 'mlp_dim_03': 177, 'node_hidden_dim': 123, 'edge_hidden_dim': 69, 'depth': 2, 'rep_dropout': 0.0003744684086331995, 'train_learning_rate': 0.004662901268854242, 'train_lr_reduce': 0.6}. Best is trial 724 with value: 0.1670333594083786.
[I 2024-12-19 08:59:33,947] Trial 1177 finished with value: 1.1436944007873535 and parameters: {'mlp_n_layers': 2, 'mlp_dim_00': 457, 'mlp_dim_01': 269, 'node_hidden_dim': 113, 'edge_hidden_dim': 49, 'depth': 3, 'rep_dropout': 0.0747402915192146, 'train_learning_rate': 0.003919957526840914, 'train_lr_reduce': 0.6}. Best is trial 724 with value: 0.1670333594083786.
[I 2024-12-19 08:59:39,516] Trial 1178 finished with value: 1.1423003673553467 and parameters: {'mlp_n_layers': 2, 'mlp_dim_00': 297, 'mlp_dim_01': 276, 'node_hidden_dim': 85, 'edge_hidden_dim': 121, 'depth': 2, 'rep_dropout': 0.016718697568376545, 'train_learning_rate': 0.00016888604543593478, 'train_lr_reduce': 0.6}. Best is trial 724 with value: 0.1670333594083786.
[I 2024-12-19 08:59:41,711] Trial 1175 finished with value: 0.32538583874702454 and parameters: {'mlp_n_layers': 3, 'mlp_dim_00': 472, 'mlp_dim_01': 288, 'mlp_dim_02': 467, 'node_hidden_dim': 89, 'edge_hidden_dim': 78, 'depth': 2, 'rep_dropout': 0.07617339719069957, 'train_learning_rate': 0.009297402508687885, 'train_lr_reduce': 0.6}. Best is trial 724 with value: 0.1670333594083786.
[I 2024-12-19 08:59:48,042] Trial 1181 finished with value: 1.1422818899154663 and parameters: {'mlp_n_layers': 4, 'mlp_dim_00': 356, 'mlp_dim_01': 262, 'mlp_dim_02': 289, 'mlp_dim_03': 67, 'node_hidden_dim': 90, 'edge_hidden_dim': 74, 'depth': 3, 'rep_dropout': 0.00784265164878789, 'train_learning_rate': 0.002629871369330067, 'train_lr_reduce': 0.6}. Best is trial 724 with value: 0.1670333594083786.
[I 2024-12-19 08:59:55,373] Trial 1179 finished with value: 0.3233257830142975 and parameters: {'mlp_n_layers': 3, 'mlp_dim_00': 499, 'mlp_dim_01': 294, 'mlp_dim_02': 472, 'node_hidden_dim': 111, 'edge_hidden_dim': 51, 'depth': 2, 'rep_dropout': 0.008569333650142312, 'train_learning_rate': 0.00934666882035805, 'train_lr_reduce': 0.6}. Best is trial 724 with value: 0.1670333594083786.
[I 2024-12-19 08:59:56,111] Trial 1182 finished with value: 1.1418081521987915 and parameters: {'mlp_n_layers': 2, 'mlp_dim_00': 114, 'mlp_dim_01': 191, 'node_hidden_dim': 84, 'edge_hidden_dim': 42, 'depth': 3, 'rep_dropout': 0.18535803973876058, 'train_learning_rate': 0.000101946713877911, 'train_lr_reduce': 0.6}. Best is trial 724 with value: 0.1670333594083786.
[I 2024-12-19 09:00:01,802] Trial 1183 finished with value: 1.1507691144943237 and parameters: {'mlp_n_layers': 4, 'mlp_dim_00': 481, 'mlp_dim_01': 497, 'mlp_dim_02': 432, 'mlp_dim_03': 291, 'node_hidden_dim': 71, 'edge_hidden_dim': 78, 'depth': 2, 'rep_dropout': 0.005683346114558112, 'train_learning_rate': 0.003008034083167377, 'train_lr_reduce': 0.6}. Best is trial 724 with value: 0.1670333594083786.
[I 2024-12-19 09:00:03,210] Trial 1180 finished with value: 0.2311408668756485 and parameters: {'mlp_n_layers': 3, 'mlp_dim_00': 236, 'mlp_dim_01': 395, 'mlp_dim_02': 368, 'node_hidden_dim': 66, 'edge_hidden_dim': 35, 'depth': 2, 'rep_dropout': 0.12828714776746603, 'train_learning_rate': 0.008781717551850924, 'train_lr_reduce': 0.6}. Best is trial 724 with value: 0.1670333594083786.
[I 2024-12-19 09:00:08,997] Trial 1184 finished with value: 0.7575960159301758 and parameters: {'mlp_n_layers': 3, 'mlp_dim_00': 501, 'mlp_dim_01': 277, 'mlp_dim_02': 476, 'node_hidden_dim': 120, 'edge_hidden_dim': 75, 'depth': 2, 'rep_dropout': 0.025842660429243994, 'train_learning_rate': 0.009958705983118805, 'train_lr_reduce': 0.6}. Best is trial 724 with value: 0.1670333594083786.
[I 2024-12-19 09:00:12,827] Trial 1186 finished with value: 1.142260193824768 and parameters: {'mlp_n_layers': 4, 'mlp_dim_00': 198, 'mlp_dim_01': 261, 'mlp_dim_02': 394, 'mlp_dim_03': 230, 'node_hidden_dim': 33, 'edge_hidden_dim': 121, 'depth': 2, 'rep_dropout': 0.19752012301783115, 'train_learning_rate': 0.0001270110256430045, 'train_lr_reduce': 0.6}. Best is trial 724 with value: 0.1670333594083786.
[I 2024-12-19 09:00:12,920] Trial 1185 finished with value: 0.7588804960250854 and parameters: {'mlp_n_layers': 2, 'mlp_dim_00': 382, 'mlp_dim_01': 425, 'node_hidden_dim': 75, 'edge_hidden_dim': 41, 'depth': 2, 'rep_dropout': 0.04051051543357368, 'train_learning_rate': 0.00963396373311234, 'train_lr_reduce': 0.6}. Best is trial 724 with value: 0.1670333594083786.
[I 2024-12-19 09:00:20,300] Trial 1189 finished with value: 1.1429139375686646 and parameters: {'mlp_n_layers': 2, 'mlp_dim_00': 448, 'mlp_dim_01': 354, 'node_hidden_dim': 89, 'edge_hidden_dim': 82, 'depth': 2, 'rep_dropout': 0.037824424787481825, 'train_learning_rate': 0.007467464596757173, 'train_lr_reduce': 0.6}. Best is trial 724 with value: 0.1670333594083786.
[I 2024-12-19 09:00:30,037] Trial 1187 finished with value: 0.39901798963546753 and parameters: {'mlp_n_layers': 3, 'mlp_dim_00': 290, 'mlp_dim_01': 100, 'mlp_dim_02': 427, 'node_hidden_dim': 122, 'edge_hidden_dim': 90, 'depth': 2, 'rep_dropout': 0.004629644411656367, 'train_learning_rate': 0.0063958310623309185, 'train_lr_reduce': 0.6}. Best is trial 724 with value: 0.1670333594083786.
[I 2024-12-19 09:00:36,110] Trial 1191 finished with value: 1.1520873308181763 and parameters: {'mlp_n_layers': 2, 'mlp_dim_00': 450, 'mlp_dim_01': 385, 'node_hidden_dim': 79, 'edge_hidden_dim': 34, 'depth': 2, 'rep_dropout': 0.0505189127254698, 'train_learning_rate': 0.0025338710024621733, 'train_lr_reduce': 0.6}. Best is trial 724 with value: 0.1670333594083786.
[I 2024-12-19 09:00:38,321] Trial 1188 finished with value: 0.7828022837638855 and parameters: {'mlp_n_layers': 4, 'mlp_dim_00': 420, 'mlp_dim_01': 344, 'mlp_dim_02': 344, 'mlp_dim_03': 342, 'node_hidden_dim': 69, 'edge_hidden_dim': 89, 'depth': 2, 'rep_dropout': 0.0830513165724216, 'train_learning_rate': 0.009864305581779424, 'train_lr_reduce': 0.6}. Best is trial 724 with value: 0.1670333594083786.
[I 2024-12-19 09:00:42,101] Trial 1190 finished with value: 0.6452350616455078 and parameters: {'mlp_n_layers': 3, 'mlp_dim_00': 383, 'mlp_dim_01': 233, 'mlp_dim_02': 480, 'node_hidden_dim': 92, 'edge_hidden_dim': 62, 'depth': 2, 'rep_dropout': 0.02651988613889791, 'train_learning_rate': 0.0092297049383742, 'train_lr_reduce': 0.6}. Best is trial 724 with value: 0.1670333594083786.
[I 2024-12-19 09:00:42,573] Trial 1192 finished with value: 1.1432379484176636 and parameters: {'mlp_n_layers': 4, 'mlp_dim_00': 404, 'mlp_dim_01': 489, 'mlp_dim_02': 394, 'mlp_dim_03': 162, 'node_hidden_dim': 32, 'edge_hidden_dim': 67, 'depth': 2, 'rep_dropout': 0.01630447281247474, 'train_learning_rate': 0.0057754844056491705, 'train_lr_reduce': 0.6}. Best is trial 724 with value: 0.1670333594083786.
[I 2024-12-19 09:00:45,341] Trial 1193 finished with value: 1.1454060077667236 and parameters: {'mlp_n_layers': 2, 'mlp_dim_00': 487, 'mlp_dim_01': 375, 'node_hidden_dim': 86, 'edge_hidden_dim': 111, 'depth': 3, 'rep_dropout': 0.23113197170351024, 'train_learning_rate': 0.003220243072218681, 'train_lr_reduce': 0.6}. Best is trial 724 with value: 0.1670333594083786.
[I 2024-12-19 09:00:52,189] Trial 1196 finished with value: 1.147491216659546 and parameters: {'mlp_n_layers': 2, 'mlp_dim_00': 377, 'mlp_dim_01': 387, 'node_hidden_dim': 61, 'edge_hidden_dim': 33, 'depth': 2, 'rep_dropout': 0.08477590802004371, 'train_learning_rate': 0.005317542625121885, 'train_lr_reduce': 0.6}. Best is trial 724 with value: 0.1670333594083786.
[I 2024-12-19 09:00:58,668] Trial 1195 finished with value: 0.7423146963119507 and parameters: {'mlp_n_layers': 3, 'mlp_dim_00': 407, 'mlp_dim_01': 233, 'mlp_dim_02': 323, 'node_hidden_dim': 126, 'edge_hidden_dim': 54, 'depth': 2, 'rep_dropout': 0.023329167931983925, 'train_learning_rate': 0.009321219357344293, 'train_lr_reduce': 0.6}. Best is trial 724 with value: 0.1670333594083786.
[I 2024-12-19 09:00:59,688] Trial 1197 finished with value: 1.1421746015548706 and parameters: {'mlp_n_layers': 4, 'mlp_dim_00': 375, 'mlp_dim_01': 483, 'mlp_dim_02': 430, 'mlp_dim_03': 454, 'node_hidden_dim': 92, 'edge_hidden_dim': 60, 'depth': 3, 'rep_dropout': 0.03310570252498905, 'train_learning_rate': 0.0015785081084023955, 'train_lr_reduce': 0.6}. Best is trial 724 with value: 0.1670333594083786.
[I 2024-12-19 09:01:03,671] Trial 1194 finished with value: 0.41175031661987305 and parameters: {'mlp_n_layers': 3, 'mlp_dim_00': 402, 'mlp_dim_01': 240, 'mlp_dim_02': 442, 'node_hidden_dim': 113, 'edge_hidden_dim': 67, 'depth': 2, 'rep_dropout': 0.013686735684616697, 'train_learning_rate': 0.005846078308930786, 'train_lr_reduce': 0.6}. Best is trial 724 with value: 0.1670333594083786.
