[I 2024-12-04 16:20:45,971] Trial 291 finished with value: 0.4954497523370076 and parameters: {'n_estimators': 1450, 'max_depth': 6, 'learning_rate': 0.047285497419979124, 'subsample': 0.9811969414622691, 'colsample_bytree': 0.6043065899494285, 'min_child_weight': 1, 'gamma': 0.00018026794668796528, 'reg_alpha': 1.3216079929893233e-05, 'reg_lambda': 0.02766176230801113}. Best is trial 288 with value: 0.49422710261415403.
[I 2024-12-04 16:20:46,396] Trial 273 finished with value: 0.5248681796123403 and parameters: {'n_estimators': 1500, 'max_depth': 12, 'learning_rate': 0.06667312412225773, 'subsample': 1.0, 'colsample_bytree': 0.5, 'min_child_weight': 1, 'gamma': 1.7397373637754623e-05, 'reg_alpha': 2.0355358910673362e-05, 'reg_lambda': 1e-05}. Best is trial 288 with value: 0.49422710261415403.
[I 2024-12-04 16:20:46,397] Trial 270 finished with value: 0.5245281957791356 and parameters: {'n_estimators': 1500, 'max_depth': 12, 'learning_rate': 0.0660348826132537, 'subsample': 1.0, 'colsample_bytree': 0.5, 'min_child_weight': 1, 'gamma': 1.7550493227632314e-05, 'reg_alpha': 1.8354833362568417e-05, 'reg_lambda': 1e-05}. Best is trial 288 with value: 0.49422710261415403.
[I 2024-12-04 16:20:46,504] Trial 275 finished with value: 0.5268849380591684 and parameters: {'n_estimators': 1500, 'max_depth': 12, 'learning_rate': 0.06667295227499243, 'subsample': 1.0, 'colsample_bytree': 0.5, 'min_child_weight': 1, 'gamma': 1.735376952269122e-05, 'reg_alpha': 1.99565933644623e-05, 'reg_lambda': 1e-05}. Best is trial 288 with value: 0.49422710261415403.
[I 2024-12-04 16:20:46,571] Trial 281 finished with value: 0.5274543571343349 and parameters: {'n_estimators': 1500, 'max_depth': 12, 'learning_rate': 0.06671758776476314, 'subsample': 1.0, 'colsample_bytree': 0.5, 'min_child_weight': 1, 'gamma': 1.7469029251025164e-05, 'reg_alpha': 1.8797427978616573e-05, 'reg_lambda': 1e-05}. Best is trial 288 with value: 0.49422710261415403.
[I 2024-12-04 16:20:47,659] Trial 293 finished with value: 0.5094699385222777 and parameters: {'n_estimators': 1376, 'max_depth': 10, 'learning_rate': 0.02402069493963319, 'subsample': 0.9286463676820866, 'colsample_bytree': 0.6688725851249571, 'min_child_weight': 1, 'gamma': 0.009380637008901384, 'reg_alpha': 0.0006903851732109267, 'reg_lambda': 0.010466590957519872}. Best is trial 288 with value: 0.49422710261415403.
[I 2024-12-04 16:20:48,112] Trial 277 finished with value: 0.5255155937119904 and parameters: {'n_estimators': 1500, 'max_depth': 12, 'learning_rate': 0.06644044337607949, 'subsample': 1.0, 'colsample_bytree': 0.5, 'min_child_weight': 1, 'gamma': 1.736544378292782e-05, 'reg_alpha': 1.9566469826544435e-05, 'reg_lambda': 1e-05}. Best is trial 288 with value: 0.49422710261415403.
[I 2024-12-04 16:20:48,659] Trial 284 finished with value: 0.5251269236163442 and parameters: {'n_estimators': 1500, 'max_depth': 12, 'learning_rate': 0.06738625100831201, 'subsample': 1.0, 'colsample_bytree': 0.5, 'min_child_weight': 1, 'gamma': 1.7657336260948347e-05, 'reg_alpha': 2.0233657086492294e-05, 'reg_lambda': 1e-05}. Best is trial 288 with value: 0.49422710261415403.
[I 2024-12-04 16:20:48,794] Trial 283 finished with value: 0.5310057471047641 and parameters: {'n_estimators': 1500, 'max_depth': 12, 'learning_rate': 0.06726131424152224, 'subsample': 1.0, 'colsample_bytree': 0.5, 'min_child_weight': 1, 'gamma': 1.760889295986965e-05, 'reg_alpha': 2.030352452235959e-05, 'reg_lambda': 1e-05}. Best is trial 288 with value: 0.49422710261415403.
[I 2024-12-04 16:20:49,068] Trial 282 finished with value: 0.529167746740283 and parameters: {'n_estimators': 1500, 'max_depth': 12, 'learning_rate': 0.06655073372296087, 'subsample': 1.0, 'colsample_bytree': 0.5, 'min_child_weight': 1, 'gamma': 1.7540624822813838e-05, 'reg_alpha': 1.9125954531857e-05, 'reg_lambda': 1e-05}. Best is trial 288 with value: 0.49422710261415403.
[I 2024-12-04 16:20:49,145] Trial 278 finished with value: 0.5281124899130997 and parameters: {'n_estimators': 1500, 'max_depth': 12, 'learning_rate': 0.06668867799163401, 'subsample': 1.0, 'colsample_bytree': 0.5, 'min_child_weight': 1, 'gamma': 1.7374927525971172e-05, 'reg_alpha': 2.029948753136676e-05, 'reg_lambda': 1e-05}. Best is trial 288 with value: 0.49422710261415403.
[I 2024-12-04 16:20:49,234] Trial 274 finished with value: 0.5221730892697072 and parameters: {'n_estimators': 1500, 'max_depth': 12, 'learning_rate': 0.06608714608428636, 'subsample': 1.0, 'colsample_bytree': 0.5, 'min_child_weight': 1, 'gamma': 1.7545874575915854e-05, 'reg_alpha': 1.871076572993321e-05, 'reg_lambda': 1e-05}. Best is trial 288 with value: 0.49422710261415403.
[I 2024-12-04 16:20:49,236] Trial 280 finished with value: 0.5243755226378176 and parameters: {'n_estimators': 1500, 'max_depth': 12, 'learning_rate': 0.06670314864555325, 'subsample': 1.0, 'colsample_bytree': 0.5, 'min_child_weight': 1, 'gamma': 1.7406790686957978e-05, 'reg_alpha': 1.97840297287969e-05, 'reg_lambda': 1e-05}. Best is trial 288 with value: 0.49422710261415403.
[I 2024-12-04 16:20:49,570] Trial 272 finished with value: 0.5268482671657143 and parameters: {'n_estimators': 1500, 'max_depth': 12, 'learning_rate': 0.06611156262815195, 'subsample': 1.0, 'colsample_bytree': 0.5, 'min_child_weight': 1, 'gamma': 1.7557339576712088e-05, 'reg_alpha': 1.8207736270846415e-05, 'reg_lambda': 1e-05}. Best is trial 296 with value: 0.4942160855851901.
[I 2024-12-04 16:20:50,202] Trial 296 finished with value: 0.4942160855851901 and parameters: {'n_estimators': 1480, 'max_depth': 6, 'learning_rate': 0.03147515982713442, 'subsample': 0.9912931416061428, 'colsample_bytree': 0.659908124687806, 'min_child_weight': 1, 'gamma': 0.00457256743367817, 'reg_alpha': 0.0009095579065330335, 'reg_lambda': 0.06458322747466959}. Best is trial 295 with value: 0.4805887163326403.
[I 2024-12-04 16:20:50,378] Trial 294 finished with value: 0.6621037637620876 and parameters: {'n_estimators': 1473, 'max_depth': 5, 'learning_rate': 0.06927632018870886, 'subsample': 0.916711766092773, 'colsample_bytree': 0.6037807094241969, 'min_child_weight': 2, 'gamma': 0.0028253766879937697, 'reg_alpha': 0.00014437140551550823, 'reg_lambda': 0.003482659963085824}. Best is trial 295 with value: 0.4805887163326403.
[I 2024-12-04 16:20:50,383] Trial 298 finished with value: 0.4951183044893223 and parameters: {'n_estimators': 1452, 'max_depth': 7, 'learning_rate': 0.02378718952277754, 'subsample': 0.9577435092548152, 'colsample_bytree': 0.5752207944753204, 'min_child_weight': 1, 'gamma': 0.0004630753037496026, 'reg_alpha': 7.408074849401168e-05, 'reg_lambda': 0.03455886826729198}. Best is trial 295 with value: 0.4805887163326403.
[I 2024-12-04 16:20:50,607] Trial 301 finished with value: 0.5116986755672583 and parameters: {'n_estimators': 1371, 'max_depth': 7, 'learning_rate': 0.036367691753310685, 'subsample': 0.9290497794671907, 'colsample_bytree': 0.5557131454102806, 'min_child_weight': 1, 'gamma': 4.449585902584938e-05, 'reg_alpha': 0.00017367551716805614, 'reg_lambda': 0.0012000704208447448}. Best is trial 295 with value: 0.4805887163326403.
[I 2024-12-04 16:20:50,778] Trial 295 finished with value: 0.4805887163326403 and parameters: {'n_estimators': 1447, 'max_depth': 7, 'learning_rate': 0.042653139518854105, 'subsample': 0.965012743990501, 'colsample_bytree': 0.6436337818470579, 'min_child_weight': 1, 'gamma': 0.0033814547578075414, 'reg_alpha': 2.707765881537643e-05, 'reg_lambda': 0.09683026238359643}. Best is trial 295 with value: 0.4805887163326403.
[I 2024-12-04 16:20:51,528] Trial 297 finished with value: 0.5361138387910964 and parameters: {'n_estimators': 1445, 'max_depth': 4, 'learning_rate': 0.042247754082476593, 'subsample': 0.9437785300469184, 'colsample_bytree': 0.6685332239928943, 'min_child_weight': 1, 'gamma': 0.008467234792994207, 'reg_alpha': 0.0005274884082920497, 'reg_lambda': 0.024332365276488757}. Best is trial 295 with value: 0.4805887163326403.
[I 2024-12-04 16:20:51,679] Trial 299 finished with value: 0.504094252083085 and parameters: {'n_estimators': 1300, 'max_depth': 10, 'learning_rate': 0.021821395093912187, 'subsample': 0.9376988367455995, 'colsample_bytree': 0.5841341940631927, 'min_child_weight': 1, 'gamma': 0.02015554633869744, 'reg_alpha': 0.0009833616967498144, 'reg_lambda': 0.002963222558902797}. Best is trial 295 with value: 0.4805887163326403.
[I 2024-12-04 16:20:52,723] Trial 305 finished with value: 0.5015084085655389 and parameters: {'n_estimators': 1440, 'max_depth': 9, 'learning_rate': 0.029985039928296525, 'subsample': 0.9515033538557693, 'colsample_bytree': 0.6529556957562008, 'min_child_weight': 1, 'gamma': 0.0015469726688803053, 'reg_alpha': 0.007382527519044024, 'reg_lambda': 0.2199848800748148}. Best is trial 295 with value: 0.4805887163326403.
[I 2024-12-04 16:20:52,730] Trial 303 finished with value: 0.6620579458361305 and parameters: {'n_estimators': 1412, 'max_depth': 7, 'learning_rate': 0.01618297894008903, 'subsample': 0.9926049434141153, 'colsample_bytree': 0.6592873837287873, 'min_child_weight': 2, 'gamma': 0.0014063801925893833, 'reg_alpha': 0.0062168516183588405, 'reg_lambda': 0.01613714907306669}. Best is trial 295 with value: 0.4805887163326403.
[I 2024-12-04 16:20:54,043] Trial 306 finished with value: 0.5333718071176795 and parameters: {'n_estimators': 1420, 'max_depth': 4, 'learning_rate': 0.06409473701224397, 'subsample': 0.9925670146657282, 'colsample_bytree': 0.700068316270265, 'min_child_weight': 1, 'gamma': 0.0019192437126164064, 'reg_alpha': 0.0014018052727696481, 'reg_lambda': 0.02546551305142369}. Best is trial 295 with value: 0.4805887163326403.
[I 2024-12-04 16:20:54,447] Trial 304 finished with value: 0.5027820660450159 and parameters: {'n_estimators': 1418, 'max_depth': 7, 'learning_rate': 0.05458232101320779, 'subsample': 0.9989907688242787, 'colsample_bytree': 0.6083307651794985, 'min_child_weight': 1, 'gamma': 0.0008054645330538834, 'reg_alpha': 5.1307796794680286e-05, 'reg_lambda': 0.034855983147923875}. Best is trial 295 with value: 0.4805887163326403.
[I 2024-12-04 16:20:54,735] Trial 302 finished with value: 0.512643589832202 and parameters: {'n_estimators': 1371, 'max_depth': 11, 'learning_rate': 0.013884346615703943, 'subsample': 0.9540576853623501, 'colsample_bytree': 0.6370134161765479, 'min_child_weight': 1, 'gamma': 0.003747614061703549, 'reg_alpha': 0.0048847434501252925, 'reg_lambda': 0.011932839893590988}. Best is trial 295 with value: 0.4805887163326403.
[I 2024-12-04 16:20:54,974] Trial 307 finished with value: 0.498002377313697 and parameters: {'n_estimators': 1379, 'max_depth': 7, 'learning_rate': 0.021782942185375763, 'subsample': 0.9482959460650678, 'colsample_bytree': 0.5575672531913785, 'min_child_weight': 1, 'gamma': 0.0002177275009680448, 'reg_alpha': 0.00010901863982653288, 'reg_lambda': 0.04646033630985869}. Best is trial 295 with value: 0.4805887163326403.
[I 2024-12-04 16:20:55,096] Trial 313 finished with value: 0.6477167443968367 and parameters: {'n_estimators': 1473, 'max_depth': 6, 'learning_rate': 0.034206123518806815, 'subsample': 0.9106418200382026, 'colsample_bytree': 0.5921743992973453, 'min_child_weight': 2, 'gamma': 0.0034983996887864434, 'reg_alpha': 0.00021825821181452627, 'reg_lambda': 0.013846249800224067}. Best is trial 295 with value: 0.4805887163326403.
[I 2024-12-04 16:20:55,387] Trial 300 finished with value: 0.5130586790077094 and parameters: {'n_estimators': 1287, 'max_depth': 4, 'learning_rate': 0.03515140427387335, 'subsample': 0.9749003499295754, 'colsample_bytree': 0.5725350809273518, 'min_child_weight': 1, 'gamma': 0.0006649194167260738, 'reg_alpha': 6.574126397785836e-05, 'reg_lambda': 0.009008689241888551}. Best is trial 295 with value: 0.4805887163326403.
[I 2024-12-04 16:20:56,675] Trial 312 finished with value: 0.6425389199925218 and parameters: {'n_estimators': 1386, 'max_depth': 5, 'learning_rate': 0.04548962911786524, 'subsample': 0.9759954262453481, 'colsample_bytree': 0.6077117547094697, 'min_child_weight': 2, 'gamma': 0.0002282533354200836, 'reg_alpha': 5.324133892247356e-05, 'reg_lambda': 0.06290848538515112}. Best is trial 295 with value: 0.4805887163326403.
[I 2024-12-04 16:20:57,817] Trial 309 finished with value: 0.5145746857878254 and parameters: {'n_estimators': 1346, 'max_depth': 9, 'learning_rate': 0.027584722672539586, 'subsample': 0.9992267443952, 'colsample_bytree': 0.6425019440238737, 'min_child_weight': 1, 'gamma': 0.00039834702123431586, 'reg_alpha': 0.0013275930342129705, 'reg_lambda': 0.00438174177872246}. Best is trial 295 with value: 0.4805887163326403.
[I 2024-12-04 16:20:58,189] Trial 314 finished with value: 0.5596393040386077 and parameters: {'n_estimators': 1260, 'max_depth': 7, 'learning_rate': 0.04694796311391364, 'subsample': 0.9649209689208632, 'colsample_bytree': 0.7964269792370551, 'min_child_weight': 1, 'gamma': 0.4551843476894476, 'reg_alpha': 0.0030577682450150024, 'reg_lambda': 0.1319944191538587}. Best is trial 295 with value: 0.4805887163326403.
[I 2024-12-04 16:20:58,716] Trial 315 finished with value: 0.49840216040518165 and parameters: {'n_estimators': 1498, 'max_depth': 6, 'learning_rate': 0.034806428727380656, 'subsample': 0.9713478073116478, 'colsample_bytree': 0.535323858959499, 'min_child_weight': 1, 'gamma': 0.0005732041631097689, 'reg_alpha': 2.7088200986980133e-05, 'reg_lambda': 0.11752660983234713}. Best is trial 295 with value: 0.4805887163326403.
[I 2024-12-04 16:21:00,129] Trial 310 finished with value: 0.49961137387255633 and parameters: {'n_estimators': 1388, 'max_depth': 7, 'learning_rate': 0.028838995406963296, 'subsample': 0.9436824515765946, 'colsample_bytree': 0.6446685654898786, 'min_child_weight': 1, 'gamma': 0.09459372905460622, 'reg_alpha': 3.158646783332954e-05, 'reg_lambda': 0.14363402868258382}. Best is trial 295 with value: 0.4805887163326403.
[I 2024-12-04 16:21:01,192] Trial 321 finished with value: 0.6684289336040866 and parameters: {'n_estimators': 1152, 'max_depth': 5, 'learning_rate': 0.046113157827096574, 'subsample': 0.9692398439086776, 'colsample_bytree': 0.7801041900394646, 'min_child_weight': 2, 'gamma': 0.02870632194084468, 'reg_alpha': 0.0001587557831094657, 'reg_lambda': 0.02408247448072077}. Best is trial 295 with value: 0.4805887163326403.
[I 2024-12-04 16:21:02,217] Trial 311 finished with value: 0.5117666125872112 and parameters: {'n_estimators': 1328, 'max_depth': 6, 'learning_rate': 0.027978003664710822, 'subsample': 0.9970779309786106, 'colsample_bytree': 0.7086797733039498, 'min_child_weight': 1, 'gamma': 0.004251945967041449, 'reg_alpha': 9.661710017506682e-05, 'reg_lambda': 0.014040924853869414}. Best is trial 295 with value: 0.4805887163326403.
[I 2024-12-04 16:21:02,313] Trial 318 finished with value: 0.5120975717535072 and parameters: {'n_estimators': 1253, 'max_depth': 6, 'learning_rate': 0.05880043941509583, 'subsample': 0.9489293737479179, 'colsample_bytree': 0.6300742796148145, 'min_child_weight': 1, 'gamma': 0.00023911720984162317, 'reg_alpha': 0.000325316754185097, 'reg_lambda': 0.3929407839700387}. Best is trial 295 with value: 0.4805887163326403.
[I 2024-12-04 16:21:02,480] Trial 308 finished with value: 0.5146287718739574 and parameters: {'n_estimators': 1398, 'max_depth': 11, 'learning_rate': 0.01493184568499042, 'subsample': 0.9589550853264011, 'colsample_bytree': 0.5801665114909784, 'min_child_weight': 1, 'gamma': 0.00020692407632932457, 'reg_alpha': 6.846285794969472e-05, 'reg_lambda': 0.02367951485230909}. Best is trial 295 with value: 0.4805887163326403.
[I 2024-12-04 16:21:03,615] Trial 317 finished with value: 0.49523342982175733 and parameters: {'n_estimators': 1422, 'max_depth': 6, 'learning_rate': 0.03664854717099192, 'subsample': 0.9723898789940107, 'colsample_bytree': 0.713053880625599, 'min_child_weight': 1, 'gamma': 0.011385515598600317, 'reg_alpha': 0.00030107345326818124, 'reg_lambda': 0.07235374235682583}. Best is trial 295 with value: 0.4805887163326403.
[I 2024-12-04 16:21:04,317] Trial 326 finished with value: 0.49213281673926773 and parameters: {'n_estimators': 1449, 'max_depth': 8, 'learning_rate': 0.02792964151009718, 'subsample': 0.9789676041464501, 'colsample_bytree': 0.6744238557791777, 'min_child_weight': 1, 'gamma': 0.02038168340428324, 'reg_alpha': 0.00030351159533757884, 'reg_lambda': 0.06861637486838865}. Best is trial 295 with value: 0.4805887163326403.
[I 2024-12-04 16:21:04,348] Trial 324 finished with value: 0.5244864169157087 and parameters: {'n_estimators': 1234, 'max_depth': 6, 'learning_rate': 0.03163226645715494, 'subsample': 0.9209024167911778, 'colsample_bytree': 0.7030784723661146, 'min_child_weight': 1, 'gamma': 0.180712714376796, 'reg_alpha': 0.01331008636868833, 'reg_lambda': 0.08592187104876545}. Best is trial 295 with value: 0.4805887163326403.
