[I 2024-12-04 17:59:23,617] Trial 1712 finished with value: 0.3128738813239926 and parameters: {'n_estimators': 896, 'max_depth': 6, 'learning_rate': 0.07549274501293708, 'subsample': 0.768917941833379, 'colsample_bytree': 0.7198497819599446, 'min_child_weight': 2, 'gamma': 0.0008006516282293453, 'reg_alpha': 0.00014120632118685367, 'reg_lambda': 0.013929201477125897}. Best is trial 1319 with value: 0.30197738672869706.
[I 2024-12-04 17:59:25,045] Trial 1713 finished with value: 0.3100296848442421 and parameters: {'n_estimators': 904, 'max_depth': 6, 'learning_rate': 0.0757715744928982, 'subsample': 0.7687278433794404, 'colsample_bytree': 0.7187559832989643, 'min_child_weight': 2, 'gamma': 0.0008400848097249187, 'reg_alpha': 0.0001290026521024744, 'reg_lambda': 0.01429383650614149}. Best is trial 1319 with value: 0.30197738672869706.
[I 2024-12-04 17:59:26,592] Trial 1714 finished with value: 0.30615743526123496 and parameters: {'n_estimators': 902, 'max_depth': 6, 'learning_rate': 0.07511612880398796, 'subsample': 0.7705044043371949, 'colsample_bytree': 0.7183833922024021, 'min_child_weight': 2, 'gamma': 0.0008509959276547153, 'reg_alpha': 0.00012177396962604199, 'reg_lambda': 0.014432604099667358}. Best is trial 1319 with value: 0.30197738672869706.
[I 2024-12-04 17:59:28,030] Trial 1715 finished with value: 0.3111141843913369 and parameters: {'n_estimators': 901, 'max_depth': 6, 'learning_rate': 0.07604923423230753, 'subsample': 0.7677184443922692, 'colsample_bytree': 0.7198808298899038, 'min_child_weight': 2, 'gamma': 0.0007799196941407243, 'reg_alpha': 0.00012851987429734503, 'reg_lambda': 0.015597785687653716}. Best is trial 1319 with value: 0.30197738672869706.
[I 2024-12-04 17:59:29,469] Trial 1716 finished with value: 0.312924886480725 and parameters: {'n_estimators': 901, 'max_depth': 6, 'learning_rate': 0.07538591369379123, 'subsample': 0.7689184177794427, 'colsample_bytree': 0.720502629666459, 'min_child_weight': 2, 'gamma': 0.0007559188354795039, 'reg_alpha': 0.00013331855210162202, 'reg_lambda': 0.014901249972804478}. Best is trial 1319 with value: 0.30197738672869706.
[I 2024-12-04 17:59:30,880] Trial 1717 finished with value: 0.3100178718752571 and parameters: {'n_estimators': 908, 'max_depth': 6, 'learning_rate': 0.07585476263753002, 'subsample': 0.7684883857378285, 'colsample_bytree': 0.7186383373977269, 'min_child_weight': 2, 'gamma': 0.0008036939704161264, 'reg_alpha': 0.00013741149966605112, 'reg_lambda': 0.014472384273015221}. Best is trial 1319 with value: 0.30197738672869706.
[I 2024-12-04 17:59:32,302] Trial 1718 finished with value: 0.31553933475538526 and parameters: {'n_estimators': 906, 'max_depth': 6, 'learning_rate': 0.07548113029338191, 'subsample': 0.769772569912456, 'colsample_bytree': 0.7192856775897531, 'min_child_weight': 2, 'gamma': 0.000832603159801706, 'reg_alpha': 0.00014842678957927507, 'reg_lambda': 0.014811232328090798}. Best is trial 1319 with value: 0.30197738672869706.
[I 2024-12-04 17:59:33,881] Trial 1719 finished with value: 0.3086702968172398 and parameters: {'n_estimators': 901, 'max_depth': 6, 'learning_rate': 0.07531519804876025, 'subsample': 0.7700649488427844, 'colsample_bytree': 0.718637938432424, 'min_child_weight': 2, 'gamma': 0.0008173775694838504, 'reg_alpha': 0.00012341884874174705, 'reg_lambda': 0.014704991517681502}. Best is trial 1319 with value: 0.30197738672869706.
[I 2024-12-04 17:59:35,422] Trial 1720 finished with value: 0.31003902184610577 and parameters: {'n_estimators': 907, 'max_depth': 6, 'learning_rate': 0.07535386168481943, 'subsample': 0.7698436645848714, 'colsample_bytree': 0.7186426026804525, 'min_child_weight': 2, 'gamma': 0.0008198994789319752, 'reg_alpha': 0.00012754760960786215, 'reg_lambda': 0.013808248496570509}. Best is trial 1319 with value: 0.30197738672869706.
[I 2024-12-04 17:59:36,973] Trial 1721 finished with value: 0.31512994992719523 and parameters: {'n_estimators': 912, 'max_depth': 6, 'learning_rate': 0.07636288841939091, 'subsample': 0.7692405322173422, 'colsample_bytree': 0.7190954369263229, 'min_child_weight': 2, 'gamma': 0.0008107460251603154, 'reg_alpha': 0.0001401408898634947, 'reg_lambda': 0.014828656670397275}. Best is trial 1319 with value: 0.30197738672869706.
[I 2024-12-04 17:59:38,378] Trial 1722 finished with value: 0.3072860967222956 and parameters: {'n_estimators': 903, 'max_depth': 6, 'learning_rate': 0.07486401701457829, 'subsample': 0.7689738317625973, 'colsample_bytree': 0.7172673614707986, 'min_child_weight': 2, 'gamma': 0.0008475119886044847, 'reg_alpha': 0.00014496625602846206, 'reg_lambda': 0.013227234131619118}. Best is trial 1319 with value: 0.30197738672869706.
[I 2024-12-04 17:59:39,785] Trial 1723 finished with value: 0.312748599913781 and parameters: {'n_estimators': 905, 'max_depth': 6, 'learning_rate': 0.07526047169505119, 'subsample': 0.769742472470872, 'colsample_bytree': 0.7191936357420857, 'min_child_weight': 2, 'gamma': 0.0008044563879625994, 'reg_alpha': 0.00012864380949421367, 'reg_lambda': 0.014715608146154411}. Best is trial 1319 with value: 0.30197738672869706.
[I 2024-12-04 17:59:41,314] Trial 1724 finished with value: 0.3115077196847 and parameters: {'n_estimators': 902, 'max_depth': 6, 'learning_rate': 0.07538083031083265, 'subsample': 0.7690110534324214, 'colsample_bytree': 0.7209971767939882, 'min_child_weight': 2, 'gamma': 0.0008204999767836472, 'reg_alpha': 0.0001182313893250969, 'reg_lambda': 0.01570917849419135}. Best is trial 1319 with value: 0.30197738672869706.
[I 2024-12-04 17:59:42,743] Trial 1725 finished with value: 0.31411394993821123 and parameters: {'n_estimators': 905, 'max_depth': 6, 'learning_rate': 0.07572112983803035, 'subsample': 0.7695086981325471, 'colsample_bytree': 0.7186396131713603, 'min_child_weight': 2, 'gamma': 0.0008727456098256826, 'reg_alpha': 0.00014197169224879275, 'reg_lambda': 0.015112882302890186}. Best is trial 1319 with value: 0.30197738672869706.
[I 2024-12-04 17:59:44,166] Trial 1726 finished with value: 0.30748644917051415 and parameters: {'n_estimators': 905, 'max_depth': 6, 'learning_rate': 0.07521605777628115, 'subsample': 0.7699010751388654, 'colsample_bytree': 0.717959335534214, 'min_child_weight': 2, 'gamma': 0.0008372132662137456, 'reg_alpha': 0.00011032841362664839, 'reg_lambda': 0.014847614071573173}. Best is trial 1319 with value: 0.30197738672869706.
[I 2024-12-04 17:59:45,600] Trial 1727 finished with value: 0.3140599612878673 and parameters: {'n_estimators': 902, 'max_depth': 6, 'learning_rate': 0.07523871512726389, 'subsample': 0.7692350590080753, 'colsample_bytree': 0.7205547320479451, 'min_child_weight': 2, 'gamma': 0.0008068106226996238, 'reg_alpha': 0.00011373867327648406, 'reg_lambda': 0.014792375920107665}. Best is trial 1319 with value: 0.30197738672869706.
[I 2024-12-04 17:59:47,020] Trial 1728 finished with value: 0.3135008215982544 and parameters: {'n_estimators': 901, 'max_depth': 6, 'learning_rate': 0.07522611879431552, 'subsample': 0.7704445998161066, 'colsample_bytree': 0.7198559995815588, 'min_child_weight': 2, 'gamma': 0.0007810786732194263, 'reg_alpha': 0.00012198944789189613, 'reg_lambda': 0.014458039441481779}. Best is trial 1319 with value: 0.30197738672869706.
[I 2024-12-04 17:59:48,660] Trial 1729 finished with value: 0.31445806369465396 and parameters: {'n_estimators': 899, 'max_depth': 6, 'learning_rate': 0.0749170582030366, 'subsample': 0.769565767214507, 'colsample_bytree': 0.7190844442948052, 'min_child_weight': 2, 'gamma': 0.0008466866062791063, 'reg_alpha': 0.00011781250237514453, 'reg_lambda': 0.014790896214899107}. Best is trial 1319 with value: 0.30197738672869706.
[I 2024-12-04 17:59:50,111] Trial 1730 finished with value: 0.31514423538880426 and parameters: {'n_estimators': 896, 'max_depth': 6, 'learning_rate': 0.07521387512985941, 'subsample': 0.7696862850295293, 'colsample_bytree': 0.7184319433024398, 'min_child_weight': 2, 'gamma': 0.0008784681825302227, 'reg_alpha': 0.00014414144938506036, 'reg_lambda': 0.01376425422829173}. Best is trial 1319 with value: 0.30197738672869706.
[I 2024-12-04 17:59:51,535] Trial 1731 finished with value: 0.31441259964338125 and parameters: {'n_estimators': 901, 'max_depth': 6, 'learning_rate': 0.07493765851726304, 'subsample': 0.7696982703540214, 'colsample_bytree': 0.7185727326811134, 'min_child_weight': 2, 'gamma': 0.0008306131410073068, 'reg_alpha': 0.00011598295502664532, 'reg_lambda': 0.015260848545152285}. Best is trial 1319 with value: 0.30197738672869706.
[I 2024-12-04 17:59:52,973] Trial 1732 finished with value: 0.3214147706788444 and parameters: {'n_estimators': 905, 'max_depth': 6, 'learning_rate': 0.0756075882942419, 'subsample': 0.7682177702590804, 'colsample_bytree': 0.7170511965190236, 'min_child_weight': 2, 'gamma': 0.0007871420753983135, 'reg_alpha': 0.00012513860187847876, 'reg_lambda': 0.014409595722233961}. Best is trial 1319 with value: 0.30197738672869706.
[I 2024-12-04 17:59:54,402] Trial 1733 finished with value: 0.30905468859357116 and parameters: {'n_estimators': 905, 'max_depth': 6, 'learning_rate': 0.07487566598958591, 'subsample': 0.7688178997990343, 'colsample_bytree': 0.7187799807174347, 'min_child_weight': 2, 'gamma': 0.0008063899979661746, 'reg_alpha': 0.0001329667955587081, 'reg_lambda': 0.013744650552270936}. Best is trial 1319 with value: 0.30197738672869706.
[I 2024-12-04 17:59:55,833] Trial 1734 finished with value: 0.3107589793283615 and parameters: {'n_estimators': 904, 'max_depth': 6, 'learning_rate': 0.07467198103066308, 'subsample': 0.7701017700355095, 'colsample_bytree': 0.7183750578828658, 'min_child_weight': 2, 'gamma': 0.0008103029783476335, 'reg_alpha': 0.00011251806527218347, 'reg_lambda': 0.014196574139593255}. Best is trial 1319 with value: 0.30197738672869706.
[I 2024-12-04 17:59:57,270] Trial 1735 finished with value: 0.31428956364479416 and parameters: {'n_estimators': 902, 'max_depth': 6, 'learning_rate': 0.07534475521972694, 'subsample': 0.7692434846932135, 'colsample_bytree': 0.7191401034166938, 'min_child_weight': 2, 'gamma': 0.0008395669756472808, 'reg_alpha': 0.00012559860231244223, 'reg_lambda': 0.014389315956853214}. Best is trial 1319 with value: 0.30197738672869706.
[I 2024-12-04 17:59:58,711] Trial 1736 finished with value: 0.3126714606609957 and parameters: {'n_estimators': 912, 'max_depth': 6, 'learning_rate': 0.07471704290896208, 'subsample': 0.7702755326387051, 'colsample_bytree': 0.7170128684236023, 'min_child_weight': 2, 'gamma': 0.0008253576021041491, 'reg_alpha': 0.00010216979971865808, 'reg_lambda': 0.013840795754713463}. Best is trial 1319 with value: 0.30197738672869706.
[I 2024-12-04 18:00:00,365] Trial 1737 finished with value: 0.31488453337746125 and parameters: {'n_estimators': 901, 'max_depth': 6, 'learning_rate': 0.07456430836584386, 'subsample': 0.7691540342825706, 'colsample_bytree': 0.7161654110188732, 'min_child_weight': 2, 'gamma': 0.0008439459163607317, 'reg_alpha': 0.00013424611398308613, 'reg_lambda': 0.012600379201838686}. Best is trial 1319 with value: 0.30197738672869706.
[I 2024-12-04 18:00:01,900] Trial 1738 finished with value: 0.31871484517613247 and parameters: {'n_estimators': 910, 'max_depth': 6, 'learning_rate': 0.07521999459166874, 'subsample': 0.7697416275746405, 'colsample_bytree': 0.7175863991416384, 'min_child_weight': 2, 'gamma': 0.0008600401960921013, 'reg_alpha': 0.00012001782560647987, 'reg_lambda': 0.014889974463058793}. Best is trial 1319 with value: 0.30197738672869706.
[I 2024-12-04 18:00:03,416] Trial 1739 finished with value: 0.31188027445436073 and parameters: {'n_estimators': 907, 'max_depth': 6, 'learning_rate': 0.07478108527218731, 'subsample': 0.7690106600727727, 'colsample_bytree': 0.7195539930456585, 'min_child_weight': 2, 'gamma': 0.0007986180449709889, 'reg_alpha': 0.00010878070620963538, 'reg_lambda': 0.013689800808981504}. Best is trial 1319 with value: 0.30197738672869706.
[I 2024-12-04 18:00:04,858] Trial 1740 finished with value: 0.313771619422498 and parameters: {'n_estimators': 903, 'max_depth': 6, 'learning_rate': 0.07507767163321502, 'subsample': 0.7702414565259088, 'colsample_bytree': 0.7197736067814449, 'min_child_weight': 2, 'gamma': 0.0008163330815363941, 'reg_alpha': 0.00012127932822635869, 'reg_lambda': 0.013052477916909494}. Best is trial 1319 with value: 0.30197738672869706.
[I 2024-12-04 18:00:06,283] Trial 1741 finished with value: 0.32166272709539423 and parameters: {'n_estimators': 902, 'max_depth': 6, 'learning_rate': 0.07482757198417957, 'subsample': 0.7688499483737246, 'colsample_bytree': 0.7197862795367076, 'min_child_weight': 2, 'gamma': 0.0008169573020889747, 'reg_alpha': 0.0001273321731393029, 'reg_lambda': 0.01379490683516235}. Best is trial 1319 with value: 0.30197738672869706.
[I 2024-12-04 18:00:07,722] Trial 1742 finished with value: 0.3126718969376976 and parameters: {'n_estimators': 905, 'max_depth': 6, 'learning_rate': 0.07512781682401545, 'subsample': 0.7689413004124916, 'colsample_bytree': 0.7191123865341079, 'min_child_weight': 2, 'gamma': 0.0008274912760219928, 'reg_alpha': 0.00010989567220244085, 'reg_lambda': 0.015547635899496924}. Best is trial 1319 with value: 0.30197738672869706.
[I 2024-12-04 18:00:09,279] Trial 1743 finished with value: 0.3190489823851415 and parameters: {'n_estimators': 905, 'max_depth': 6, 'learning_rate': 0.07553113425351252, 'subsample': 0.7695084902101174, 'colsample_bytree': 0.7182334997511999, 'min_child_weight': 2, 'gamma': 0.0008647042214620616, 'reg_alpha': 0.00013061744066061946, 'reg_lambda': 0.015908935718529135}. Best is trial 1319 with value: 0.30197738672869706.
[I 2024-12-04 18:00:10,698] Trial 1744 finished with value: 0.30968071771750433 and parameters: {'n_estimators': 905, 'max_depth': 6, 'learning_rate': 0.07469628761369994, 'subsample': 0.7691025045496069, 'colsample_bytree': 0.7184474586416669, 'min_child_weight': 2, 'gamma': 0.0008018877282323071, 'reg_alpha': 0.00011637639049717638, 'reg_lambda': 0.014014211762636113}. Best is trial 1319 with value: 0.30197738672869706.
[I 2024-12-04 18:00:12,212] Trial 1745 finished with value: 0.3123765011725817 and parameters: {'n_estimators': 909, 'max_depth': 6, 'learning_rate': 0.07548806813822813, 'subsample': 0.7690931590403824, 'colsample_bytree': 0.7175485791259364, 'min_child_weight': 2, 'gamma': 0.0007981990311386615, 'reg_alpha': 0.00012638264665823417, 'reg_lambda': 0.013539758898207686}. Best is trial 1319 with value: 0.30197738672869706.
[I 2024-12-04 18:00:13,774] Trial 1746 finished with value: 0.30952025928933313 and parameters: {'n_estimators': 914, 'max_depth': 6, 'learning_rate': 0.07454480531771904, 'subsample': 0.7695964875152546, 'colsample_bytree': 0.7172684597526282, 'min_child_weight': 2, 'gamma': 0.0008020448262156378, 'reg_alpha': 0.00010920667145016404, 'reg_lambda': 0.01330945680523389}. Best is trial 1319 with value: 0.30197738672869706.
[I 2024-12-04 18:00:15,207] Trial 1747 finished with value: 0.3119750532421795 and parameters: {'n_estimators': 909, 'max_depth': 6, 'learning_rate': 0.07463719037837609, 'subsample': 0.7691351119449922, 'colsample_bytree': 0.7184904110563073, 'min_child_weight': 2, 'gamma': 0.0008048981474659989, 'reg_alpha': 0.00011939540523902881, 'reg_lambda': 0.014401438133762729}. Best is trial 1319 with value: 0.30197738672869706.
[I 2024-12-04 18:00:16,759] Trial 1748 finished with value: 0.31207386138588405 and parameters: {'n_estimators': 901, 'max_depth': 6, 'learning_rate': 0.07461012679147483, 'subsample': 0.7705756055235116, 'colsample_bytree': 0.7172921651136314, 'min_child_weight': 2, 'gamma': 0.0008357299069335759, 'reg_alpha': 0.0001316686714020916, 'reg_lambda': 0.013753642159501988}. Best is trial 1319 with value: 0.30197738672869706.
[I 2024-12-04 18:00:18,389] Trial 1749 finished with value: 0.31528234513735176 and parameters: {'n_estimators': 913, 'max_depth': 6, 'learning_rate': 0.07428278083415357, 'subsample': 0.7692207954700584, 'colsample_bytree': 0.7172166417956062, 'min_child_weight': 2, 'gamma': 0.0007771148937623919, 'reg_alpha': 0.00010707833143947715, 'reg_lambda': 0.013628577918883018}. Best is trial 1319 with value: 0.30197738672869706.
[I 2024-12-04 18:00:19,836] Trial 1750 finished with value: 0.30798884877617655 and parameters: {'n_estimators': 909, 'max_depth': 6, 'learning_rate': 0.0745244812706525, 'subsample': 0.7691107611925377, 'colsample_bytree': 0.7172161767636603, 'min_child_weight': 2, 'gamma': 0.0008113186976705828, 'reg_alpha': 0.00011755472231340018, 'reg_lambda': 0.012684876024513023}. Best is trial 1319 with value: 0.30197738672869706.
[I 2024-12-04 18:00:21,270] Trial 1751 finished with value: 0.3133050664621097 and parameters: {'n_estimators': 906, 'max_depth': 6, 'learning_rate': 0.07439380920137578, 'subsample': 0.7691079626047054, 'colsample_bytree': 0.7171867764431, 'min_child_weight': 2, 'gamma': 0.0008575434346831342, 'reg_alpha': 0.00012466658372375155, 'reg_lambda': 0.012928555222150424}. Best is trial 1319 with value: 0.30197738672869706.
[I 2024-12-04 18:00:22,722] Trial 1752 finished with value: 0.316958219765016 and parameters: {'n_estimators': 913, 'max_depth': 6, 'learning_rate': 0.07489284836342626, 'subsample': 0.7701380608304869, 'colsample_bytree': 0.7164407767953258, 'min_child_weight': 2, 'gamma': 0.0007967108838568069, 'reg_alpha': 0.00011816792857910434, 'reg_lambda': 0.01263684381679713}. Best is trial 1319 with value: 0.30197738672869706.
[I 2024-12-04 18:00:24,305] Trial 1753 finished with value: 0.31576795173873834 and parameters: {'n_estimators': 905, 'max_depth': 6, 'learning_rate': 0.07427439999901372, 'subsample': 0.7691425293670022, 'colsample_bytree': 0.7163722415737318, 'min_child_weight': 2, 'gamma': 0.0008664884476598969, 'reg_alpha': 0.00012131277117467385, 'reg_lambda': 0.012837407660232046}. Best is trial 1319 with value: 0.30197738672869706.
[I 2024-12-04 18:00:25,776] Trial 1754 finished with value: 0.31566571198909055 and parameters: {'n_estimators': 911, 'max_depth': 6, 'learning_rate': 0.0740816256966561, 'subsample': 0.7698457830107495, 'colsample_bytree': 0.7170387410335701, 'min_child_weight': 2, 'gamma': 0.000824566484795173, 'reg_alpha': 0.00010213707313402203, 'reg_lambda': 0.013598298796900873}. Best is trial 1319 with value: 0.30197738672869706.
[I 2024-12-04 18:00:27,204] Trial 1755 finished with value: 0.31584973999600374 and parameters: {'n_estimators': 907, 'max_depth': 6, 'learning_rate': 0.0751205791013171, 'subsample': 0.7693831874564212, 'colsample_bytree': 0.7181136840728157, 'min_child_weight': 2, 'gamma': 0.0008121447143794448, 'reg_alpha': 0.00011821836690199462, 'reg_lambda': 0.014623882082708652}. Best is trial 1319 with value: 0.30197738672869706.
[I 2024-12-04 18:00:28,777] Trial 1756 finished with value: 0.3096139382739877 and parameters: {'n_estimators': 908, 'max_depth': 6, 'learning_rate': 0.07509245784402487, 'subsample': 0.7699919179421377, 'colsample_bytree': 0.7184062631092091, 'min_child_weight': 2, 'gamma': 0.00084643298584892, 'reg_alpha': 0.00011865996601951302, 'reg_lambda': 0.013665701529152403}. Best is trial 1319 with value: 0.30197738672869706.
[I 2024-12-04 18:00:30,192] Trial 1757 finished with value: 0.31855094813300205 and parameters: {'n_estimators': 914, 'max_depth': 6, 'learning_rate': 0.0747328694467421, 'subsample': 0.7686827101824473, 'colsample_bytree': 0.7196316971344018, 'min_child_weight': 2, 'gamma': 0.0007563649651794732, 'reg_alpha': 0.00010836555084163311, 'reg_lambda': 0.014736101872172079}. Best is trial 1319 with value: 0.30197738672869706.
[I 2024-12-04 18:00:31,618] Trial 1758 finished with value: 0.3115408461904648 and parameters: {'n_estimators': 910, 'max_depth': 6, 'learning_rate': 0.07420910120362718, 'subsample': 0.7690289074970135, 'colsample_bytree': 0.717486762259096, 'min_child_weight': 2, 'gamma': 0.000802461503250895, 'reg_alpha': 0.00011464220055998239, 'reg_lambda': 0.01291752123464074}. Best is trial 1319 with value: 0.30197738672869706.
[I 2024-12-04 18:00:33,122] Trial 1759 finished with value: 0.3163408403850958 and parameters: {'n_estimators': 906, 'max_depth': 6, 'learning_rate': 0.07511519386161557, 'subsample': 0.7697844466298823, 'colsample_bytree': 0.7189419581075713, 'min_child_weight': 2, 'gamma': 0.0008542606143229993, 'reg_alpha': 0.00013231096476290814, 'reg_lambda': 0.013395983325819854}. Best is trial 1319 with value: 0.30197738672869706.
[I 2024-12-04 18:00:34,837] Trial 1760 finished with value: 0.32016738919293725 and parameters: {'n_estimators': 906, 'max_depth': 6, 'learning_rate': 0.07400190162581403, 'subsample': 0.7687420111563587, 'colsample_bytree': 0.7159513258102739, 'min_child_weight': 2, 'gamma': 0.0008619002653960504, 'reg_alpha': 0.00012966358121603705, 'reg_lambda': 0.011891816147337074}. Best is trial 1319 with value: 0.30197738672869706.
[I 2024-12-04 18:00:36,257] Trial 1761 finished with value: 0.3111266739581872 and parameters: {'n_estimators': 907, 'max_depth': 6, 'learning_rate': 0.07487806086850972, 'subsample': 0.7693768957632011, 'colsample_bytree': 0.718324764827585, 'min_child_weight': 2, 'gamma': 0.0007858446411113407, 'reg_alpha': 0.00011132308925837289, 'reg_lambda': 0.013295516570410752}. Best is trial 1319 with value: 0.30197738672869706.
[I 2024-12-04 18:00:37,792] Trial 1762 finished with value: 0.3136536579477971 and parameters: {'n_estimators': 915, 'max_depth': 6, 'learning_rate': 0.07488053488489851, 'subsample': 0.7694443208533048, 'colsample_bytree': 0.7165220940905804, 'min_child_weight': 2, 'gamma': 0.0008561082941299472, 'reg_alpha': 0.00011950920548870984, 'reg_lambda': 0.012573035322569362}. Best is trial 1319 with value: 0.30197738672869706.
