[I 2024-12-19 18:02:42,751] Trial 168 finished with value: 1.645006537437439 and parameters: {'mlp_n_layers': 3, 'mlp_dim_00': 442, 'mlp_dim_01': 342, 'mlp_dim_02': 124, 'node_hidden_dim': 79, 'edge_hidden_dim': 87, 'depth': 2, 'rep_dropout': 0.07714639055101549, 'train_learning_rate': 0.0010658217271358923, 'train_lr_reduce': 0.6}. Best is trial 122 with value: 0.09548358619213104.
[I 2024-12-19 18:02:48,576] Trial 169 finished with value: 1.67638099193573 and parameters: {'mlp_n_layers': 3, 'mlp_dim_00': 358, 'mlp_dim_01': 512, 'mlp_dim_02': 68, 'node_hidden_dim': 71, 'edge_hidden_dim': 117, 'depth': 1, 'rep_dropout': 0.06657774301474606, 'train_learning_rate': 0.00030160167781949923, 'train_lr_reduce': 0.6}. Best is trial 122 with value: 0.09548358619213104.
[I 2024-12-19 18:02:51,913] Trial 165 finished with value: 0.14883090555667877 and parameters: {'mlp_n_layers': 4, 'mlp_dim_00': 146, 'mlp_dim_01': 497, 'mlp_dim_02': 119, 'mlp_dim_03': 455, 'node_hidden_dim': 44, 'edge_hidden_dim': 43, 'depth': 1, 'rep_dropout': 0.09910203283149172, 'train_learning_rate': 0.0010816461396157338, 'train_lr_reduce': 0.6}. Best is trial 122 with value: 0.09548358619213104.
[I 2024-12-19 18:02:52,018] Trial 166 finished with value: 0.10569953918457031 and parameters: {'mlp_n_layers': 4, 'mlp_dim_00': 496, 'mlp_dim_01': 445, 'mlp_dim_02': 73, 'mlp_dim_03': 461, 'node_hidden_dim': 86, 'edge_hidden_dim': 53, 'depth': 1, 'rep_dropout': 0.11277253400799221, 'train_learning_rate': 0.0007045688440125203, 'train_lr_reduce': 0.6}. Best is trial 122 with value: 0.09548358619213104.
[I 2024-12-19 18:02:57,281] Trial 171 finished with value: 1.680118203163147 and parameters: {'mlp_n_layers': 4, 'mlp_dim_00': 133, 'mlp_dim_01': 457, 'mlp_dim_02': 74, 'mlp_dim_03': 475, 'node_hidden_dim': 35, 'edge_hidden_dim': 61, 'depth': 2, 'rep_dropout': 0.1044585509269425, 'train_learning_rate': 0.0004192165726267707, 'train_lr_reduce': 0.6}. Best is trial 122 with value: 0.09548358619213104.
[I 2024-12-19 18:03:02,305] Trial 173 finished with value: 1.667484164237976 and parameters: {'mlp_n_layers': 4, 'mlp_dim_00': 511, 'mlp_dim_01': 454, 'mlp_dim_02': 69, 'mlp_dim_03': 453, 'node_hidden_dim': 86, 'edge_hidden_dim': 41, 'depth': 2, 'rep_dropout': 0.11236364849989391, 'train_learning_rate': 0.0009856171721982102, 'train_lr_reduce': 0.6}. Best is trial 122 with value: 0.09548358619213104.
[I 2024-12-19 18:03:07,876] Trial 174 finished with value: 1.6851645708084106 and parameters: {'mlp_n_layers': 4, 'mlp_dim_00': 314, 'mlp_dim_01': 405, 'mlp_dim_02': 125, 'mlp_dim_03': 459, 'node_hidden_dim': 75, 'edge_hidden_dim': 68, 'depth': 1, 'rep_dropout': 0.13664100397638387, 'train_learning_rate': 0.00014718583425203674, 'train_lr_reduce': 0.6}. Best is trial 122 with value: 0.09548358619213104.
[I 2024-12-19 18:03:15,143] Trial 170 finished with value: 0.25790899991989136 and parameters: {'mlp_n_layers': 4, 'mlp_dim_00': 270, 'mlp_dim_01': 433, 'mlp_dim_02': 70, 'mlp_dim_03': 447, 'node_hidden_dim': 78, 'edge_hidden_dim': 87, 'depth': 1, 'rep_dropout': 0.0938136330917464, 'train_learning_rate': 0.0008422457897347696, 'train_lr_reduce': 0.6}. Best is trial 122 with value: 0.09548358619213104.
[I 2024-12-19 18:03:16,413] Trial 172 finished with value: 0.291350394487381 and parameters: {'mlp_n_layers': 2, 'mlp_dim_00': 300, 'mlp_dim_01': 437, 'node_hidden_dim': 85, 'edge_hidden_dim': 76, 'depth': 1, 'rep_dropout': 0.08744433564836665, 'train_learning_rate': 0.003523102427188331, 'train_lr_reduce': 0.6}. Best is trial 122 with value: 0.09548358619213104.
[I 2024-12-19 18:03:32,805] Trial 175 finished with value: 0.15512122213840485 and parameters: {'mlp_n_layers': 3, 'mlp_dim_00': 496, 'mlp_dim_01': 306, 'mlp_dim_02': 66, 'node_hidden_dim': 100, 'edge_hidden_dim': 46, 'depth': 1, 'rep_dropout': 0.12439075690443964, 'train_learning_rate': 0.0007362742459719934, 'train_lr_reduce': 0.6}. Best is trial 122 with value: 0.09548358619213104.
[I 2024-12-19 18:03:57,420] Trial 176 finished with value: 0.19068562984466553 and parameters: {'mlp_n_layers': 3, 'mlp_dim_00': 478, 'mlp_dim_01': 452, 'mlp_dim_02': 127, 'node_hidden_dim': 57, 'edge_hidden_dim': 108, 'depth': 1, 'rep_dropout': 0.07596803588189345, 'train_learning_rate': 0.0008965063999560427, 'train_lr_reduce': 0.6}. Best is trial 122 with value: 0.09548358619213104.
[I 2024-12-19 18:03:58,944] Trial 177 finished with value: 0.13007941842079163 and parameters: {'mlp_n_layers': 4, 'mlp_dim_00': 371, 'mlp_dim_01': 391, 'mlp_dim_02': 116, 'mlp_dim_03': 508, 'node_hidden_dim': 68, 'edge_hidden_dim': 61, 'depth': 1, 'rep_dropout': 0.13336222400736794, 'train_learning_rate': 0.001656660518079643, 'train_lr_reduce': 0.6}. Best is trial 122 with value: 0.09548358619213104.
[I 2024-12-19 18:04:19,470] Trial 178 finished with value: 0.5820143222808838 and parameters: {'mlp_n_layers': 3, 'mlp_dim_00': 488, 'mlp_dim_01': 323, 'mlp_dim_02': 69, 'node_hidden_dim': 82, 'edge_hidden_dim': 81, 'depth': 1, 'rep_dropout': 0.02933936101198821, 'train_learning_rate': 0.0007416918469428286, 'train_lr_reduce': 0.6}. Best is trial 122 with value: 0.09548358619213104.
[I 2024-12-19 18:04:23,228] Trial 180 finished with value: 0.27672278881073 and parameters: {'mlp_n_layers': 3, 'mlp_dim_00': 391, 'mlp_dim_01': 329, 'mlp_dim_02': 73, 'node_hidden_dim': 85, 'edge_hidden_dim': 98, 'depth': 1, 'rep_dropout': 0.060773117639911695, 'train_learning_rate': 0.0008959343623735519, 'train_lr_reduce': 0.6}. Best is trial 122 with value: 0.09548358619213104.
[I 2024-12-19 18:04:27,628] Trial 182 finished with value: 1.6234633922576904 and parameters: {'mlp_n_layers': 3, 'mlp_dim_00': 451, 'mlp_dim_01': 458, 'mlp_dim_02': 473, 'node_hidden_dim': 91, 'edge_hidden_dim': 67, 'depth': 1, 'rep_dropout': 0.12028173472005321, 'train_learning_rate': 0.0013390901333569022, 'train_lr_reduce': 0.6}. Best is trial 122 with value: 0.09548358619213104.
[I 2024-12-19 18:04:32,767] Trial 183 finished with value: 1.6248122453689575 and parameters: {'mlp_n_layers': 4, 'mlp_dim_00': 317, 'mlp_dim_01': 174, 'mlp_dim_02': 365, 'mlp_dim_03': 64, 'node_hidden_dim': 117, 'edge_hidden_dim': 36, 'depth': 4, 'rep_dropout': 0.043596137343604936, 'train_learning_rate': 0.00123426723804125, 'train_lr_reduce': 0.6}. Best is trial 122 with value: 0.09548358619213104.
[I 2024-12-19 18:04:40,309] Trial 179 finished with value: 0.11804428696632385 and parameters: {'mlp_n_layers': 4, 'mlp_dim_00': 504, 'mlp_dim_01': 478, 'mlp_dim_02': 115, 'mlp_dim_03': 450, 'node_hidden_dim': 77, 'edge_hidden_dim': 46, 'depth': 1, 'rep_dropout': 0.08996069122901149, 'train_learning_rate': 0.0007226761000879088, 'train_lr_reduce': 0.6}. Best is trial 122 with value: 0.09548358619213104.
[I 2024-12-19 18:04:59,813] Trial 181 finished with value: 0.11846543848514557 and parameters: {'mlp_n_layers': 4, 'mlp_dim_00': 440, 'mlp_dim_01': 401, 'mlp_dim_02': 124, 'mlp_dim_03': 426, 'node_hidden_dim': 110, 'edge_hidden_dim': 48, 'depth': 1, 'rep_dropout': 0.0969304699691554, 'train_learning_rate': 0.00046700700942828554, 'train_lr_reduce': 0.6}. Best is trial 122 with value: 0.09548358619213104.
[I 2024-12-19 18:05:05,033] Trial 186 finished with value: 1.6866271495819092 and parameters: {'mlp_n_layers': 4, 'mlp_dim_00': 450, 'mlp_dim_01': 464, 'mlp_dim_02': 119, 'mlp_dim_03': 441, 'node_hidden_dim': 77, 'edge_hidden_dim': 37, 'depth': 2, 'rep_dropout': 0.0836714693433639, 'train_learning_rate': 0.0001919113790213143, 'train_lr_reduce': 0.6}. Best is trial 122 with value: 0.09548358619213104.
[I 2024-12-19 18:05:05,504] Trial 185 finished with value: 0.30743056535720825 and parameters: {'mlp_n_layers': 4, 'mlp_dim_00': 498, 'mlp_dim_01': 500, 'mlp_dim_02': 176, 'mlp_dim_03': 427, 'node_hidden_dim': 121, 'edge_hidden_dim': 83, 'depth': 1, 'rep_dropout': 0.12501677593469834, 'train_learning_rate': 0.0031512838265313915, 'train_lr_reduce': 0.6}. Best is trial 122 with value: 0.09548358619213104.
[I 2024-12-19 18:05:14,173] Trial 184 finished with value: 0.1205502301454544 and parameters: {'mlp_n_layers': 3, 'mlp_dim_00': 468, 'mlp_dim_01': 176, 'mlp_dim_02': 358, 'node_hidden_dim': 80, 'edge_hidden_dim': 93, 'depth': 1, 'rep_dropout': 0.05731694167449882, 'train_learning_rate': 0.002211975615334704, 'train_lr_reduce': 0.6}. Best is trial 122 with value: 0.09548358619213104.
[I 2024-12-19 18:05:28,101] Trial 188 finished with value: 0.20489290356636047 and parameters: {'mlp_n_layers': 4, 'mlp_dim_00': 395, 'mlp_dim_01': 465, 'mlp_dim_02': 105, 'mlp_dim_03': 506, 'node_hidden_dim': 93, 'edge_hidden_dim': 47, 'depth': 1, 'rep_dropout': 0.11449132516848032, 'train_learning_rate': 0.0006148734647092572, 'train_lr_reduce': 0.6}. Best is trial 122 with value: 0.09548358619213104.
[I 2024-12-19 18:05:34,744] Trial 189 finished with value: 0.22560173273086548 and parameters: {'mlp_n_layers': 4, 'mlp_dim_00': 493, 'mlp_dim_01': 419, 'mlp_dim_02': 64, 'mlp_dim_03': 422, 'node_hidden_dim': 65, 'edge_hidden_dim': 65, 'depth': 1, 'rep_dropout': 0.14942942072758506, 'train_learning_rate': 0.004482112687674944, 'train_lr_reduce': 0.6}. Best is trial 122 with value: 0.09548358619213104.
[I 2024-12-19 18:05:40,065] Trial 191 finished with value: 1.677838921546936 and parameters: {'mlp_n_layers': 4, 'mlp_dim_00': 498, 'mlp_dim_01': 309, 'mlp_dim_02': 388, 'mlp_dim_03': 381, 'node_hidden_dim': 102, 'edge_hidden_dim': 33, 'depth': 1, 'rep_dropout': 0.0610414894237319, 'train_learning_rate': 0.0004016277667157562, 'train_lr_reduce': 0.6}. Best is trial 122 with value: 0.09548358619213104.
[I 2024-12-19 18:05:44,705] Trial 192 finished with value: 1.569305181503296 and parameters: {'mlp_n_layers': 3, 'mlp_dim_00': 312, 'mlp_dim_01': 369, 'mlp_dim_02': 117, 'node_hidden_dim': 90, 'edge_hidden_dim': 124, 'depth': 1, 'rep_dropout': 0.07598219314716423, 'train_learning_rate': 0.0035121721485068306, 'train_lr_reduce': 0.6}. Best is trial 122 with value: 0.09548358619213104.
[I 2024-12-19 18:05:46,186] Trial 187 finished with value: 0.21445217728614807 and parameters: {'mlp_n_layers': 4, 'mlp_dim_00': 143, 'mlp_dim_01': 468, 'mlp_dim_02': 131, 'mlp_dim_03': 448, 'node_hidden_dim': 36, 'edge_hidden_dim': 73, 'depth': 1, 'rep_dropout': 0.12310219194101785, 'train_learning_rate': 0.0011074275283353343, 'train_lr_reduce': 0.6}. Best is trial 122 with value: 0.09548358619213104.
[I 2024-12-19 18:06:04,965] Trial 190 finished with value: 0.10294713079929352 and parameters: {'mlp_n_layers': 4, 'mlp_dim_00': 461, 'mlp_dim_01': 510, 'mlp_dim_02': 463, 'mlp_dim_03': 439, 'node_hidden_dim': 86, 'edge_hidden_dim': 71, 'depth': 1, 'rep_dropout': 0.12227343796042484, 'train_learning_rate': 0.0005322632611247803, 'train_lr_reduce': 0.6}. Best is trial 122 with value: 0.09548358619213104.
[I 2024-12-19 18:06:15,326] Trial 194 finished with value: 0.22485826909542084 and parameters: {'mlp_n_layers': 4, 'mlp_dim_00': 286, 'mlp_dim_01': 400, 'mlp_dim_02': 129, 'mlp_dim_03': 439, 'node_hidden_dim': 56, 'edge_hidden_dim': 102, 'depth': 1, 'rep_dropout': 0.14259220496070543, 'train_learning_rate': 0.0008658262286974373, 'train_lr_reduce': 0.6}. Best is trial 122 with value: 0.09548358619213104.
[I 2024-12-19 18:06:25,714] Trial 193 finished with value: 0.10621233284473419 and parameters: {'mlp_n_layers': 3, 'mlp_dim_00': 496, 'mlp_dim_01': 401, 'mlp_dim_02': 149, 'node_hidden_dim': 96, 'edge_hidden_dim': 65, 'depth': 1, 'rep_dropout': 0.12028454831574215, 'train_learning_rate': 0.0007305681577001675, 'train_lr_reduce': 0.6}. Best is trial 122 with value: 0.09548358619213104.
[I 2024-12-19 18:06:47,656] Trial 195 finished with value: 0.12345940619707108 and parameters: {'mlp_n_layers': 4, 'mlp_dim_00': 471, 'mlp_dim_01': 504, 'mlp_dim_02': 494, 'mlp_dim_03': 451, 'node_hidden_dim': 111, 'edge_hidden_dim': 54, 'depth': 1, 'rep_dropout': 0.08632814009994409, 'train_learning_rate': 0.002068260150542695, 'train_lr_reduce': 0.6}. Best is trial 122 with value: 0.09548358619213104.
[I 2024-12-19 18:06:52,549] Trial 198 finished with value: 1.677027702331543 and parameters: {'mlp_n_layers': 4, 'mlp_dim_00': 488, 'mlp_dim_01': 441, 'mlp_dim_02': 456, 'mlp_dim_03': 458, 'node_hidden_dim': 85, 'edge_hidden_dim': 59, 'depth': 1, 'rep_dropout': 0.105377442558114, 'train_learning_rate': 0.00036794275236441204, 'train_lr_reduce': 0.6}. Best is trial 122 with value: 0.09548358619213104.
[I 2024-12-19 18:06:59,168] Trial 196 finished with value: 0.11486176401376724 and parameters: {'mlp_n_layers': 4, 'mlp_dim_00': 448, 'mlp_dim_01': 499, 'mlp_dim_02': 456, 'mlp_dim_03': 432, 'node_hidden_dim': 83, 'edge_hidden_dim': 59, 'depth': 1, 'rep_dropout': 0.1340445746803643, 'train_learning_rate': 0.0007927617519822371, 'train_lr_reduce': 0.6}. Best is trial 122 with value: 0.09548358619213104.
[I 2024-12-19 18:07:03,886] Trial 200 finished with value: 1.5973294973373413 and parameters: {'mlp_n_layers': 3, 'mlp_dim_00': 477, 'mlp_dim_01': 506, 'mlp_dim_02': 464, 'node_hidden_dim': 90, 'edge_hidden_dim': 87, 'depth': 1, 'rep_dropout': 0.1485649517962815, 'train_learning_rate': 0.001161754573933269, 'train_lr_reduce': 0.6}. Best is trial 122 with value: 0.09548358619213104.
[I 2024-12-19 18:07:06,326] Trial 199 finished with value: 1.0254493951797485 and parameters: {'mlp_n_layers': 4, 'mlp_dim_00': 501, 'mlp_dim_01': 512, 'mlp_dim_02': 182, 'mlp_dim_03': 471, 'node_hidden_dim': 64, 'edge_hidden_dim': 42, 'depth': 1, 'rep_dropout': 0.04274236043250154, 'train_learning_rate': 0.0007030515174042273, 'train_lr_reduce': 0.6}. Best is trial 122 with value: 0.09548358619213104.
[I 2024-12-19 18:07:07,295] Trial 197 finished with value: 0.0999714806675911 and parameters: {'mlp_n_layers': 4, 'mlp_dim_00': 500, 'mlp_dim_01': 500, 'mlp_dim_02': 203, 'mlp_dim_03': 511, 'node_hidden_dim': 79, 'edge_hidden_dim': 44, 'depth': 1, 'rep_dropout': 0.10273112922267082, 'train_learning_rate': 0.0007685520968099289, 'train_lr_reduce': 0.6}. Best is trial 122 with value: 0.09548358619213104.
[I 2024-12-19 18:07:13,880] Trial 203 finished with value: 1.6818809509277344 and parameters: {'mlp_n_layers': 4, 'mlp_dim_00': 450, 'mlp_dim_01': 507, 'mlp_dim_02': 220, 'mlp_dim_03': 511, 'node_hidden_dim': 63, 'edge_hidden_dim': 58, 'depth': 1, 'rep_dropout': 0.0862624493626023, 'train_learning_rate': 0.0005889455250889128, 'train_lr_reduce': 0.6}. Best is trial 122 with value: 0.09548358619213104.
[I 2024-12-19 18:07:56,377] Trial 201 finished with value: 0.09833680093288422 and parameters: {'mlp_n_layers': 4, 'mlp_dim_00': 468, 'mlp_dim_01': 511, 'mlp_dim_02': 481, 'mlp_dim_03': 433, 'node_hidden_dim': 81, 'edge_hidden_dim': 62, 'depth': 1, 'rep_dropout': 0.14906388679890925, 'train_learning_rate': 0.0005338488239559317, 'train_lr_reduce': 0.6}. Best is trial 122 with value: 0.09548358619213104.
[I 2024-12-19 18:07:59,821] Trial 202 finished with value: 0.19393886625766754 and parameters: {'mlp_n_layers': 4, 'mlp_dim_00': 486, 'mlp_dim_01': 451, 'mlp_dim_02': 506, 'mlp_dim_03': 421, 'node_hidden_dim': 86, 'edge_hidden_dim': 36, 'depth': 1, 'rep_dropout': 0.13967667216467794, 'train_learning_rate': 0.00038654062779425516, 'train_lr_reduce': 0.6}. Best is trial 122 with value: 0.09548358619213104.
[I 2024-12-19 18:08:01,906] Trial 205 finished with value: 1.6774741411209106 and parameters: {'mlp_n_layers': 4, 'mlp_dim_00': 480, 'mlp_dim_01': 503, 'mlp_dim_02': 499, 'mlp_dim_03': 455, 'node_hidden_dim': 67, 'edge_hidden_dim': 60, 'depth': 2, 'rep_dropout': 0.14887165850827871, 'train_learning_rate': 0.00022717324104113665, 'train_lr_reduce': 0.6}. Best is trial 122 with value: 0.09548358619213104.
[I 2024-12-19 18:08:03,879] Trial 204 finished with value: 0.14040838181972504 and parameters: {'mlp_n_layers': 4, 'mlp_dim_00': 510, 'mlp_dim_01': 504, 'mlp_dim_02': 215, 'mlp_dim_03': 511, 'node_hidden_dim': 78, 'edge_hidden_dim': 45, 'depth': 1, 'rep_dropout': 0.10951247356384457, 'train_learning_rate': 0.000774983110937845, 'train_lr_reduce': 0.6}. Best is trial 122 with value: 0.09548358619213104.
[I 2024-12-19 18:08:09,160] Trial 208 finished with value: 1.6391547918319702 and parameters: {'mlp_n_layers': 4, 'mlp_dim_00': 216, 'mlp_dim_01': 510, 'mlp_dim_02': 457, 'mlp_dim_03': 393, 'node_hidden_dim': 103, 'edge_hidden_dim': 38, 'depth': 3, 'rep_dropout': 0.037812026767410654, 'train_learning_rate': 0.001055907438077317, 'train_lr_reduce': 0.6}. Best is trial 122 with value: 0.09548358619213104.
[I 2024-12-19 18:08:28,215] Trial 206 finished with value: 0.12843455374240875 and parameters: {'mlp_n_layers': 3, 'mlp_dim_00': 121, 'mlp_dim_01': 507, 'mlp_dim_02': 458, 'node_hidden_dim': 65, 'edge_hidden_dim': 65, 'depth': 1, 'rep_dropout': 0.020653643047169365, 'train_learning_rate': 0.001300618582714612, 'train_lr_reduce': 0.6}. Best is trial 122 with value: 0.09548358619213104.
[I 2024-12-19 18:08:29,184] Trial 207 finished with value: 0.15302501618862152 and parameters: {'mlp_n_layers': 4, 'mlp_dim_00': 438, 'mlp_dim_01': 465, 'mlp_dim_02': 485, 'mlp_dim_03': 502, 'node_hidden_dim': 76, 'edge_hidden_dim': 70, 'depth': 2, 'rep_dropout': 0.13285963824197838, 'train_learning_rate': 0.0015292544877417735, 'train_lr_reduce': 0.6}. Best is trial 122 with value: 0.09548358619213104.
[I 2024-12-19 18:08:32,196] Trial 209 finished with value: 0.1811637282371521 and parameters: {'mlp_n_layers': 4, 'mlp_dim_00': 389, 'mlp_dim_01': 450, 'mlp_dim_02': 457, 'mlp_dim_03': 430, 'node_hidden_dim': 92, 'edge_hidden_dim': 78, 'depth': 1, 'rep_dropout': 0.13623075251536076, 'train_learning_rate': 0.0009942247590005377, 'train_lr_reduce': 0.6}. Best is trial 122 with value: 0.09548358619213104.
[I 2024-12-19 18:08:34,027] Trial 211 finished with value: 1.5839407444000244 and parameters: {'mlp_n_layers': 1, 'mlp_dim_00': 470, 'node_hidden_dim': 46, 'edge_hidden_dim': 66, 'depth': 3, 'rep_dropout': 0.10200461868899825, 'train_learning_rate': 0.006006172916312817, 'train_lr_reduce': 0.6}. Best is trial 122 with value: 0.09548358619213104.
[I 2024-12-19 18:08:36,137] Trial 212 finished with value: 1.651322841644287 and parameters: {'mlp_n_layers': 3, 'mlp_dim_00': 67, 'mlp_dim_01': 419, 'mlp_dim_02': 434, 'node_hidden_dim': 62, 'edge_hidden_dim': 44, 'depth': 2, 'rep_dropout': 0.04528824096950088, 'train_learning_rate': 0.0008168903257179178, 'train_lr_reduce': 0.6}. Best is trial 122 with value: 0.09548358619213104.
[I 2024-12-19 18:08:41,686] Trial 214 finished with value: 1.674575924873352 and parameters: {'mlp_n_layers': 4, 'mlp_dim_00': 485, 'mlp_dim_01': 505, 'mlp_dim_02': 189, 'mlp_dim_03': 450, 'node_hidden_dim': 83, 'edge_hidden_dim': 57, 'depth': 1, 'rep_dropout': 0.14562305445968537, 'train_learning_rate': 0.0007051253707402341, 'train_lr_reduce': 0.6}. Best is trial 122 with value: 0.09548358619213104.
[I 2024-12-19 18:08:47,651] Trial 215 finished with value: 1.5633219480514526 and parameters: {'mlp_n_layers': 1, 'mlp_dim_00': 504, 'node_hidden_dim': 127, 'edge_hidden_dim': 84, 'depth': 4, 'rep_dropout': 0.09306683104264594, 'train_learning_rate': 0.0034566922211362186, 'train_lr_reduce': 0.6}. Best is trial 122 with value: 0.09548358619213104.
[I 2024-12-19 18:09:10,474] Trial 210 finished with value: 0.1276237666606903 and parameters: {'mlp_n_layers': 4, 'mlp_dim_00': 426, 'mlp_dim_01': 501, 'mlp_dim_02': 257, 'mlp_dim_03': 512, 'node_hidden_dim': 82, 'edge_hidden_dim': 60, 'depth': 1, 'rep_dropout': 0.13604881739217642, 'train_learning_rate': 0.0007413461969153295, 'train_lr_reduce': 0.6}. Best is trial 122 with value: 0.09548358619213104.
[I 2024-12-19 18:09:11,786] Trial 213 finished with value: 0.11314718425273895 and parameters: {'mlp_n_layers': 4, 'mlp_dim_00': 483, 'mlp_dim_01': 467, 'mlp_dim_02': 182, 'mlp_dim_03': 430, 'node_hidden_dim': 91, 'edge_hidden_dim': 51, 'depth': 1, 'rep_dropout': 0.1257003392154557, 'train_learning_rate': 0.0013661851179522994, 'train_lr_reduce': 0.6}. Best is trial 122 with value: 0.09548358619213104.
[I 2024-12-19 18:09:17,175] Trial 218 finished with value: 1.685291051864624 and parameters: {'mlp_n_layers': 3, 'mlp_dim_00': 152, 'mlp_dim_01': 410, 'mlp_dim_02': 181, 'node_hidden_dim': 104, 'edge_hidden_dim': 86, 'depth': 4, 'rep_dropout': 0.081428819112792, 'train_learning_rate': 0.0002883689058844608, 'train_lr_reduce': 0.6}. Best is trial 122 with value: 0.09548358619213104.
[I 2024-12-19 18:09:19,535] Trial 216 finished with value: 0.0991525650024414 and parameters: {'mlp_n_layers': 3, 'mlp_dim_00': 446, 'mlp_dim_01': 459, 'mlp_dim_02': 133, 'node_hidden_dim': 86, 'edge_hidden_dim': 56, 'depth': 1, 'rep_dropout': 0.1021714470562786, 'train_learning_rate': 0.0007627457164390215, 'train_lr_reduce': 0.6}. Best is trial 122 with value: 0.09548358619213104.
[I 2024-12-19 18:09:20,824] Trial 219 finished with value: 1.6149932146072388 and parameters: {'mlp_n_layers': 3, 'mlp_dim_00': 487, 'mlp_dim_01': 511, 'mlp_dim_02': 207, 'node_hidden_dim': 43, 'edge_hidden_dim': 69, 'depth': 1, 'rep_dropout': 0.03730457535381982, 'train_learning_rate': 0.006299708171886516, 'train_lr_reduce': 0.6}. Best is trial 122 with value: 0.09548358619213104.
[I 2024-12-19 18:09:23,352] Trial 220 finished with value: 1.654441475868225 and parameters: {'mlp_n_layers': 3, 'mlp_dim_00': 429, 'mlp_dim_01': 439, 'mlp_dim_02': 179, 'node_hidden_dim': 95, 'edge_hidden_dim': 56, 'depth': 1, 'rep_dropout': 0.07284176922488719, 'train_learning_rate': 0.0006497487976095327, 'train_lr_reduce': 0.6}. Best is trial 122 with value: 0.09548358619213104.
[I 2024-12-19 18:09:25,284] Trial 221 finished with value: 1.6744914054870605 and parameters: {'mlp_n_layers': 4, 'mlp_dim_00': 371, 'mlp_dim_01': 397, 'mlp_dim_02': 155, 'mlp_dim_03': 349, 'node_hidden_dim': 115, 'edge_hidden_dim': 35, 'depth': 3, 'rep_dropout': 0.00900196425116949, 'train_learning_rate': 0.0006309343643518021, 'train_lr_reduce': 0.6}. Best is trial 122 with value: 0.09548358619213104.
