[I 2024-12-25 22:11:14,825] Trial 1056 finished with value: 0.0838511660695076 and parameters: {'L1_hidden_dim': 96, 'L1_layers_atom': 3, 'L1_layers_mol': 3, 'L1_dropout': 0.28720741154230267, 'L1_out_dim': 96, 'L2_hidden_dim': 208, 'L2_layers_atom': 2, 'L2_layers_mol': 1, 'L2_out_dim': 96, 'L2_dropout': 0.03358710581876367, 'L3_hidden_dim': 32, 'L3_layers_atom': 3, 'L3_layers_mol': 2, 'L3_out_dim': 112, 'L3_dropout': 0.297219097868531, 'n_mlp_layers': 2, 'mlp_dim_0': 32, 'mlp_dim_1': 424, 'num_heads': 2, 'final_dropout': 0.025499728590721048, 'train_learning_rate': 0.0011605938763550676, 'train_lr_reduce': 0.6}. Best is trial 613 with value: 0.045173268765211105.
[I 2024-12-25 22:11:28,104] Trial 1057 finished with value: 0.07488371431827545 and parameters: {'L1_hidden_dim': 64, 'L1_layers_atom': 2, 'L1_layers_mol': 3, 'L1_dropout': 0.21386983487044686, 'L1_out_dim': 128, 'L2_hidden_dim': 208, 'L2_layers_atom': 3, 'L2_layers_mol': 1, 'L2_out_dim': 128, 'L2_dropout': 0.043708846728488175, 'L3_hidden_dim': 80, 'L3_layers_atom': 3, 'L3_layers_mol': 1, 'L3_out_dim': 128, 'L3_dropout': 0.2772057253153166, 'n_mlp_layers': 2, 'mlp_dim_0': 128, 'mlp_dim_1': 384, 'num_heads': 2, 'final_dropout': 0.13122923629802535, 'train_learning_rate': 0.003378252130466089, 'train_lr_reduce': 0.6}. Best is trial 613 with value: 0.045173268765211105.
[I 2024-12-25 22:12:30,211] Trial 1058 finished with value: 0.08262456208467484 and parameters: {'L1_hidden_dim': 96, 'L1_layers_atom': 2, 'L1_layers_mol': 3, 'L1_dropout': 0.2941423535980524, 'L1_out_dim': 96, 'L2_hidden_dim': 224, 'L2_layers_atom': 1, 'L2_layers_mol': 4, 'L2_out_dim': 96, 'L2_dropout': 0.003646909740791085, 'L3_hidden_dim': 128, 'L3_layers_atom': 4, 'L3_layers_mol': 1, 'L3_out_dim': 112, 'L3_dropout': 0.23694910159294946, 'n_mlp_layers': 1, 'mlp_dim_0': 232, 'num_heads': 1, 'final_dropout': 0.16278255978382966, 'train_learning_rate': 0.0012828536828608113, 'train_lr_reduce': 0.6}. Best is trial 613 with value: 0.045173268765211105.
[I 2024-12-25 22:12:34,734] Trial 1060 finished with value: 0.10618090629577637 and parameters: {'L1_hidden_dim': 80, 'L1_layers_atom': 3, 'L1_layers_mol': 2, 'L1_dropout': 0.21325758667490868, 'L1_out_dim': 80, 'L2_hidden_dim': 208, 'L2_layers_atom': 2, 'L2_layers_mol': 3, 'L2_out_dim': 128, 'L2_dropout': 0.014762947188242458, 'L3_hidden_dim': 96, 'L3_layers_atom': 3, 'L3_layers_mol': 1, 'L3_out_dim': 128, 'L3_dropout': 0.14016320446603076, 'n_mlp_layers': 3, 'mlp_dim_0': 320, 'mlp_dim_1': 64, 'mlp_dim_2': 120, 'num_heads': 1, 'final_dropout': 0.14688152088236398, 'train_learning_rate': 0.005868497501871, 'train_lr_reduce': 0.6}. Best is trial 613 with value: 0.045173268765211105.
[I 2024-12-25 22:12:43,310] Trial 1059 finished with value: 0.09219219535589218 and parameters: {'L1_hidden_dim': 144, 'L1_layers_atom': 4, 'L1_layers_mol': 3, 'L1_dropout': 0.23738145134585556, 'L1_out_dim': 96, 'L2_hidden_dim': 240, 'L2_layers_atom': 1, 'L2_layers_mol': 3, 'L2_out_dim': 96, 'L2_dropout': 0.08017110829705378, 'L3_hidden_dim': 128, 'L3_layers_atom': 3, 'L3_layers_mol': 1, 'L3_out_dim': 112, 'L3_dropout': 0.16723051342086603, 'n_mlp_layers': 3, 'mlp_dim_0': 400, 'mlp_dim_1': 256, 'mlp_dim_2': 256, 'num_heads': 1, 'final_dropout': 0.03652615442192496, 'train_learning_rate': 0.0023407242101804344, 'train_lr_reduce': 0.6}. Best is trial 613 with value: 0.045173268765211105.
[I 2024-12-25 22:13:44,235] Trial 1062 finished with value: 0.08205415308475494 and parameters: {'L1_hidden_dim': 80, 'L1_layers_atom': 4, 'L1_layers_mol': 2, 'L1_dropout': 0.23170681873717813, 'L1_out_dim': 128, 'L2_hidden_dim': 208, 'L2_layers_atom': 4, 'L2_layers_mol': 2, 'L2_out_dim': 112, 'L2_dropout': 0.04328262778405724, 'L3_hidden_dim': 64, 'L3_layers_atom': 3, 'L3_layers_mol': 1, 'L3_out_dim': 80, 'L3_dropout': 0.23885344933309058, 'n_mlp_layers': 3, 'mlp_dim_0': 32, 'mlp_dim_1': 472, 'mlp_dim_2': 168, 'num_heads': 1, 'final_dropout': 0.018874706877581342, 'train_learning_rate': 0.0017855373659693286, 'train_lr_reduce': 0.6}. Best is trial 613 with value: 0.045173268765211105.
[I 2024-12-25 22:13:45,830] Trial 1063 finished with value: 0.1290435492992401 and parameters: {'L1_hidden_dim': 112, 'L1_layers_atom': 4, 'L1_layers_mol': 4, 'L1_dropout': 0.00032732341873509263, 'L1_out_dim': 80, 'L2_hidden_dim': 256, 'L2_layers_atom': 2, 'L2_layers_mol': 3, 'L2_out_dim': 48, 'L2_dropout': 0.016347437332124452, 'L3_hidden_dim': 48, 'L3_layers_atom': 2, 'L3_layers_mol': 1, 'L3_out_dim': 128, 'L3_dropout': 0.07055245314743022, 'n_mlp_layers': 3, 'mlp_dim_0': 384, 'mlp_dim_1': 152, 'mlp_dim_2': 32, 'num_heads': 2, 'final_dropout': 0.12431387925406026, 'train_learning_rate': 0.0033297493754445517, 'train_lr_reduce': 0.6}. Best is trial 613 with value: 0.045173268765211105.
[I 2024-12-25 22:13:54,746] Trial 1061 finished with value: 0.10193146020174026 and parameters: {'L1_hidden_dim': 96, 'L1_layers_atom': 4, 'L1_layers_mol': 4, 'L1_dropout': 0.25393339182586544, 'L1_out_dim': 96, 'L2_hidden_dim': 64, 'L2_layers_atom': 2, 'L2_layers_mol': 1, 'L2_out_dim': 96, 'L2_dropout': 0.057278474913185384, 'L3_hidden_dim': 80, 'L3_layers_atom': 4, 'L3_layers_mol': 1, 'L3_out_dim': 48, 'L3_dropout': 0.2716091343315363, 'n_mlp_layers': 1, 'mlp_dim_0': 40, 'num_heads': 2, 'final_dropout': 0.157745038581977, 'train_learning_rate': 0.0013224760813826506, 'train_lr_reduce': 0.6}. Best is trial 613 with value: 0.045173268765211105.
[I 2024-12-25 22:15:24,412] Trial 1065 finished with value: 0.0784858763217926 and parameters: {'L1_hidden_dim': 144, 'L1_layers_atom': 4, 'L1_layers_mol': 4, 'L1_dropout': 0.2185273571708337, 'L1_out_dim': 128, 'L2_hidden_dim': 256, 'L2_layers_atom': 2, 'L2_layers_mol': 1, 'L2_out_dim': 112, 'L2_dropout': 0.03614571428038827, 'L3_hidden_dim': 32, 'L3_layers_atom': 4, 'L3_layers_mol': 2, 'L3_out_dim': 112, 'L3_dropout': 0.2182500977699334, 'n_mlp_layers': 2, 'mlp_dim_0': 72, 'mlp_dim_1': 424, 'num_heads': 2, 'final_dropout': 0.07335079745488138, 'train_learning_rate': 0.0007197642086912561, 'train_lr_reduce': 0.6}. Best is trial 613 with value: 0.045173268765211105.
[I 2024-12-25 22:15:32,205] Trial 1064 finished with value: 0.06980212032794952 and parameters: {'L1_hidden_dim': 80, 'L1_layers_atom': 2, 'L1_layers_mol': 4, 'L1_dropout': 0.18967274681391122, 'L1_out_dim': 128, 'L2_hidden_dim': 224, 'L2_layers_atom': 3, 'L2_layers_mol': 2, 'L2_out_dim': 112, 'L2_dropout': 0.029578970429287334, 'L3_hidden_dim': 64, 'L3_layers_atom': 4, 'L3_layers_mol': 1, 'L3_out_dim': 112, 'L3_dropout': 0.24228424068826626, 'n_mlp_layers': 2, 'mlp_dim_0': 208, 'mlp_dim_1': 304, 'num_heads': 2, 'final_dropout': 0.009655189624868193, 'train_learning_rate': 0.0008521897060016288, 'train_lr_reduce': 0.6}. Best is trial 613 with value: 0.045173268765211105.
[I 2024-12-25 22:15:59,499] Trial 1066 finished with value: 0.0732264444231987 and parameters: {'L1_hidden_dim': 96, 'L1_layers_atom': 3, 'L1_layers_mol': 2, 'L1_dropout': 0.25911879576653163, 'L1_out_dim': 80, 'L2_hidden_dim': 176, 'L2_layers_atom': 1, 'L2_layers_mol': 1, 'L2_out_dim': 128, 'L2_dropout': 0.006925240272720753, 'L3_hidden_dim': 80, 'L3_layers_atom': 4, 'L3_layers_mol': 4, 'L3_out_dim': 80, 'L3_dropout': 0.2622846423356967, 'n_mlp_layers': 1, 'mlp_dim_0': 128, 'num_heads': 2, 'final_dropout': 0.012295426889732189, 'train_learning_rate': 0.00012130054019521595, 'train_lr_reduce': 0.6}. Best is trial 613 with value: 0.045173268765211105.
[I 2024-12-25 22:16:40,224] Trial 1067 finished with value: 0.07746944576501846 and parameters: {'L1_hidden_dim': 64, 'L1_layers_atom': 2, 'L1_layers_mol': 2, 'L1_dropout': 0.2543411474650642, 'L1_out_dim': 128, 'L2_hidden_dim': 224, 'L2_layers_atom': 1, 'L2_layers_mol': 3, 'L2_out_dim': 112, 'L2_dropout': 0.018250565599477, 'L3_hidden_dim': 80, 'L3_layers_atom': 2, 'L3_layers_mol': 2, 'L3_out_dim': 96, 'L3_dropout': 0.13039303071609665, 'n_mlp_layers': 2, 'mlp_dim_0': 96, 'mlp_dim_1': 352, 'num_heads': 1, 'final_dropout': 0.07950466612943127, 'train_learning_rate': 0.0026401401580110327, 'train_lr_reduce': 0.6}. Best is trial 613 with value: 0.045173268765211105.
[I 2024-12-25 22:16:59,813] Trial 1068 finished with value: 0.0712486207485199 and parameters: {'L1_hidden_dim': 80, 'L1_layers_atom': 4, 'L1_layers_mol': 2, 'L1_dropout': 0.29853108945139684, 'L1_out_dim': 128, 'L2_hidden_dim': 192, 'L2_layers_atom': 4, 'L2_layers_mol': 1, 'L2_out_dim': 64, 'L2_dropout': 0.022023361411692408, 'L3_hidden_dim': 64, 'L3_layers_atom': 4, 'L3_layers_mol': 1, 'L3_out_dim': 48, 'L3_dropout': 0.2643245579899995, 'n_mlp_layers': 3, 'mlp_dim_0': 128, 'mlp_dim_1': 480, 'mlp_dim_2': 112, 'num_heads': 1, 'final_dropout': 0.044862092338216225, 'train_learning_rate': 0.002149403817311503, 'train_lr_reduce': 0.6}. Best is trial 613 with value: 0.045173268765211105.
[I 2024-12-25 22:18:14,104] Trial 1069 finished with value: 0.0820239707827568 and parameters: {'L1_hidden_dim': 96, 'L1_layers_atom': 4, 'L1_layers_mol': 1, 'L1_dropout': 0.22487387013225316, 'L1_out_dim': 112, 'L2_hidden_dim': 256, 'L2_layers_atom': 4, 'L2_layers_mol': 2, 'L2_out_dim': 128, 'L2_dropout': 0.09772337966434566, 'L3_hidden_dim': 64, 'L3_layers_atom': 4, 'L3_layers_mol': 2, 'L3_out_dim': 80, 'L3_dropout': 0.2551724759662843, 'n_mlp_layers': 1, 'mlp_dim_0': 192, 'num_heads': 1, 'final_dropout': 0.013130642641878954, 'train_learning_rate': 0.0011729993909155205, 'train_lr_reduce': 0.6}. Best is trial 613 with value: 0.045173268765211105.
[I 2024-12-25 22:18:41,397] Trial 1071 finished with value: 0.07061776518821716 and parameters: {'L1_hidden_dim': 96, 'L1_layers_atom': 2, 'L1_layers_mol': 3, 'L1_dropout': 0.28755071580136543, 'L1_out_dim': 128, 'L2_hidden_dim': 176, 'L2_layers_atom': 2, 'L2_layers_mol': 1, 'L2_out_dim': 128, 'L2_dropout': 0.00971933406724225, 'L3_hidden_dim': 48, 'L3_layers_atom': 4, 'L3_layers_mol': 4, 'L3_out_dim': 128, 'L3_dropout': 0.28336460014054243, 'n_mlp_layers': 2, 'mlp_dim_0': 40, 'mlp_dim_1': 368, 'num_heads': 2, 'final_dropout': 0.06971334571957877, 'train_learning_rate': 0.0003363566751660925, 'train_lr_reduce': 0.6}. Best is trial 613 with value: 0.045173268765211105.
[I 2024-12-25 22:18:44,236] Trial 1072 finished with value: 0.7197538018226624 and parameters: {'L1_hidden_dim': 144, 'L1_layers_atom': 2, 'L1_layers_mol': 1, 'L1_dropout': 0.27668932989116524, 'L1_out_dim': 128, 'L2_hidden_dim': 240, 'L2_layers_atom': 4, 'L2_layers_mol': 4, 'L2_out_dim': 112, 'L2_dropout': 0.08217047081501506, 'L3_hidden_dim': 80, 'L3_layers_atom': 3, 'L3_layers_mol': 2, 'L3_out_dim': 128, 'L3_dropout': 0.051627975700328683, 'n_mlp_layers': 2, 'mlp_dim_0': 496, 'mlp_dim_1': 304, 'num_heads': 1, 'final_dropout': 0.11878789338421399, 'train_learning_rate': 0.0019373549650948635, 'train_lr_reduce': 0.6}. Best is trial 613 with value: 0.045173268765211105.
[I 2024-12-25 22:18:52,063] Trial 1070 finished with value: 0.19036872684955597 and parameters: {'L1_hidden_dim': 112, 'L1_layers_atom': 4, 'L1_layers_mol': 2, 'L1_dropout': 0.04855943442900934, 'L1_out_dim': 48, 'L2_hidden_dim': 112, 'L2_layers_atom': 3, 'L2_layers_mol': 4, 'L2_out_dim': 128, 'L2_dropout': 0.06842301232355702, 'L3_hidden_dim': 32, 'L3_layers_atom': 3, 'L3_layers_mol': 1, 'L3_out_dim': 112, 'L3_dropout': 0.2845365265008548, 'n_mlp_layers': 2, 'mlp_dim_0': 200, 'mlp_dim_1': 416, 'num_heads': 2, 'final_dropout': 0.2043565470260742, 'train_learning_rate': 0.00011847948861686268, 'train_lr_reduce': 0.6}. Best is trial 613 with value: 0.045173268765211105.
[I 2024-12-25 22:20:19,260] Trial 1073 finished with value: 0.07654183357954025 and parameters: {'L1_hidden_dim': 80, 'L1_layers_atom': 3, 'L1_layers_mol': 4, 'L1_dropout': 0.19828262968161603, 'L1_out_dim': 96, 'L2_hidden_dim': 192, 'L2_layers_atom': 1, 'L2_layers_mol': 2, 'L2_out_dim': 128, 'L2_dropout': 0.051061165617581436, 'L3_hidden_dim': 128, 'L3_layers_atom': 2, 'L3_layers_mol': 2, 'L3_out_dim': 112, 'L3_dropout': 0.19971823890458862, 'n_mlp_layers': 3, 'mlp_dim_0': 272, 'mlp_dim_1': 480, 'mlp_dim_2': 104, 'num_heads': 2, 'final_dropout': 0.14376051028523482, 'train_learning_rate': 0.0005234022206030907, 'train_lr_reduce': 0.6}. Best is trial 613 with value: 0.045173268765211105.
[I 2024-12-25 22:20:37,055] Trial 1074 finished with value: 0.060316335409879684 and parameters: {'L1_hidden_dim': 64, 'L1_layers_atom': 4, 'L1_layers_mol': 1, 'L1_dropout': 0.2912516576610699, 'L1_out_dim': 112, 'L2_hidden_dim': 240, 'L2_layers_atom': 4, 'L2_layers_mol': 1, 'L2_out_dim': 112, 'L2_dropout': 0.033768364595480965, 'L3_hidden_dim': 48, 'L3_layers_atom': 3, 'L3_layers_mol': 2, 'L3_out_dim': 64, 'L3_dropout': 0.20943413225680516, 'n_mlp_layers': 3, 'mlp_dim_0': 72, 'mlp_dim_1': 200, 'mlp_dim_2': 160, 'num_heads': 1, 'final_dropout': 0.022871842538500678, 'train_learning_rate': 0.00033316265129490193, 'train_lr_reduce': 0.6}. Best is trial 613 with value: 0.045173268765211105.
[I 2024-12-25 22:20:40,000] Trial 1076 finished with value: 1.1795638799667358 and parameters: {'L1_hidden_dim': 64, 'L1_layers_atom': 4, 'L1_layers_mol': 3, 'L1_dropout': 0.25124077083133417, 'L1_out_dim': 128, 'L2_hidden_dim': 256, 'L2_layers_atom': 4, 'L2_layers_mol': 3, 'L2_out_dim': 96, 'L2_dropout': 0.005285543063501069, 'L3_hidden_dim': 64, 'L3_layers_atom': 3, 'L3_layers_mol': 2, 'L3_out_dim': 48, 'L3_dropout': 0.25250709210740546, 'n_mlp_layers': 2, 'mlp_dim_0': 48, 'mlp_dim_1': 392, 'num_heads': 1, 'final_dropout': 0.045823817377373226, 'train_learning_rate': 0.0002458083170626796, 'train_lr_reduce': 0.6}. Best is trial 613 with value: 0.045173268765211105.
[I 2024-12-25 22:20:51,270] Trial 1075 finished with value: 0.09552415460348129 and parameters: {'L1_hidden_dim': 96, 'L1_layers_atom': 4, 'L1_layers_mol': 4, 'L1_dropout': 0.25368578474786974, 'L1_out_dim': 112, 'L2_hidden_dim': 256, 'L2_layers_atom': 4, 'L2_layers_mol': 4, 'L2_out_dim': 48, 'L2_dropout': 0.14299799371846558, 'L3_hidden_dim': 64, 'L3_layers_atom': 4, 'L3_layers_mol': 1, 'L3_out_dim': 32, 'L3_dropout': 0.019152926898704962, 'n_mlp_layers': 2, 'mlp_dim_0': 352, 'mlp_dim_1': 432, 'num_heads': 1, 'final_dropout': 0.14558330643815853, 'train_learning_rate': 0.002310661914448672, 'train_lr_reduce': 0.6}. Best is trial 613 with value: 0.045173268765211105.
[I 2024-12-25 22:21:38,031] Trial 1077 finished with value: 0.08946450054645538 and parameters: {'L1_hidden_dim': 80, 'L1_layers_atom': 4, 'L1_layers_mol': 2, 'L1_dropout': 0.1348349991581075, 'L1_out_dim': 96, 'L2_hidden_dim': 224, 'L2_layers_atom': 1, 'L2_layers_mol': 4, 'L2_out_dim': 96, 'L2_dropout': 0.046484590555497314, 'L3_hidden_dim': 96, 'L3_layers_atom': 1, 'L3_layers_mol': 2, 'L3_out_dim': 112, 'L3_dropout': 0.06358195220097179, 'n_mlp_layers': 3, 'mlp_dim_0': 352, 'mlp_dim_1': 208, 'mlp_dim_2': 136, 'num_heads': 1, 'final_dropout': 0.0666398531399434, 'train_learning_rate': 0.0013035609342263341, 'train_lr_reduce': 0.6}. Best is trial 613 with value: 0.045173268765211105.
[I 2024-12-25 22:22:26,166] Trial 1079 finished with value: 0.060535360127687454 and parameters: {'L1_hidden_dim': 96, 'L1_layers_atom': 4, 'L1_layers_mol': 1, 'L1_dropout': 0.2796130056354018, 'L1_out_dim': 128, 'L2_hidden_dim': 208, 'L2_layers_atom': 3, 'L2_layers_mol': 1, 'L2_out_dim': 112, 'L2_dropout': 0.05292444266077245, 'L3_hidden_dim': 48, 'L3_layers_atom': 3, 'L3_layers_mol': 2, 'L3_out_dim': 80, 'L3_dropout': 0.11803728110700779, 'n_mlp_layers': 3, 'mlp_dim_0': 88, 'mlp_dim_1': 136, 'mlp_dim_2': 136, 'num_heads': 1, 'final_dropout': 0.057311560682528344, 'train_learning_rate': 0.0003172534667599272, 'train_lr_reduce': 0.6}. Best is trial 613 with value: 0.045173268765211105.
[I 2024-12-25 22:23:10,459] Trial 1080 finished with value: 0.08114560693502426 and parameters: {'L1_hidden_dim': 112, 'L1_layers_atom': 3, 'L1_layers_mol': 3, 'L1_dropout': 0.2762223078274897, 'L1_out_dim': 112, 'L2_hidden_dim': 224, 'L2_layers_atom': 1, 'L2_layers_mol': 1, 'L2_out_dim': 128, 'L2_dropout': 0.03153697398241111, 'L3_hidden_dim': 80, 'L3_layers_atom': 4, 'L3_layers_mol': 4, 'L3_out_dim': 80, 'L3_dropout': 0.2365910104141334, 'n_mlp_layers': 2, 'mlp_dim_0': 32, 'mlp_dim_1': 184, 'num_heads': 2, 'final_dropout': 0.09181635310509541, 'train_learning_rate': 0.0003723541094012655, 'train_lr_reduce': 0.6}. Best is trial 613 with value: 0.045173268765211105.
[I 2024-12-25 22:23:34,638] Trial 1081 finished with value: 0.08339345455169678 and parameters: {'L1_hidden_dim': 80, 'L1_layers_atom': 4, 'L1_layers_mol': 3, 'L1_dropout': 0.2717993958598436, 'L1_out_dim': 128, 'L2_hidden_dim': 96, 'L2_layers_atom': 1, 'L2_layers_mol': 1, 'L2_out_dim': 96, 'L2_dropout': 0.14200822366042198, 'L3_hidden_dim': 112, 'L3_layers_atom': 3, 'L3_layers_mol': 1, 'L3_out_dim': 32, 'L3_dropout': 0.2787293054731503, 'n_mlp_layers': 2, 'mlp_dim_0': 40, 'mlp_dim_1': 168, 'num_heads': 2, 'final_dropout': 0.05463322521750583, 'train_learning_rate': 0.002267732396887935, 'train_lr_reduce': 0.6}. Best is trial 613 with value: 0.045173268765211105.
[I 2024-12-25 22:23:53,198] Trial 1078 finished with value: 0.07654701173305511 and parameters: {'L1_hidden_dim': 64, 'L1_layers_atom': 3, 'L1_layers_mol': 1, 'L1_dropout': 0.24451611561907138, 'L1_out_dim': 80, 'L2_hidden_dim': 256, 'L2_layers_atom': 4, 'L2_layers_mol': 1, 'L2_out_dim': 112, 'L2_dropout': 0.030162528250841, 'L3_hidden_dim': 48, 'L3_layers_atom': 3, 'L3_layers_mol': 1, 'L3_out_dim': 48, 'L3_dropout': 0.2837267797329118, 'n_mlp_layers': 3, 'mlp_dim_0': 32, 'mlp_dim_1': 208, 'mlp_dim_2': 152, 'num_heads': 1, 'final_dropout': 0.12941941288286635, 'train_learning_rate': 0.00012795509008515488, 'train_lr_reduce': 0.6}. Best is trial 613 with value: 0.045173268765211105.
[I 2024-12-25 22:25:03,155] Trial 1082 finished with value: 0.06541207432746887 and parameters: {'L1_hidden_dim': 64, 'L1_layers_atom': 4, 'L1_layers_mol': 2, 'L1_dropout': 0.28333597535629584, 'L1_out_dim': 112, 'L2_hidden_dim': 208, 'L2_layers_atom': 4, 'L2_layers_mol': 1, 'L2_out_dim': 112, 'L2_dropout': 0.03630757529748692, 'L3_hidden_dim': 48, 'L3_layers_atom': 2, 'L3_layers_mol': 1, 'L3_out_dim': 80, 'L3_dropout': 0.15779466578234674, 'n_mlp_layers': 3, 'mlp_dim_0': 40, 'mlp_dim_1': 224, 'mlp_dim_2': 160, 'num_heads': 1, 'final_dropout': 0.05958153183975869, 'train_learning_rate': 0.00031733280590852696, 'train_lr_reduce': 0.6}. Best is trial 613 with value: 0.045173268765211105.
[I 2024-12-25 22:25:12,390] Trial 1084 finished with value: 0.08740805834531784 and parameters: {'L1_hidden_dim': 96, 'L1_layers_atom': 4, 'L1_layers_mol': 2, 'L1_dropout': 0.17091722115333222, 'L1_out_dim': 80, 'L2_hidden_dim': 256, 'L2_layers_atom': 2, 'L2_layers_mol': 4, 'L2_out_dim': 96, 'L2_dropout': 0.0062144274072225844, 'L3_hidden_dim': 96, 'L3_layers_atom': 2, 'L3_layers_mol': 1, 'L3_out_dim': 96, 'L3_dropout': 0.08310333454271429, 'n_mlp_layers': 3, 'mlp_dim_0': 296, 'mlp_dim_1': 168, 'mlp_dim_2': 112, 'num_heads': 1, 'final_dropout': 0.13401838820472955, 'train_learning_rate': 0.0010657260552045455, 'train_lr_reduce': 0.6}. Best is trial 613 with value: 0.045173268765211105.
[I 2024-12-25 22:25:41,349] Trial 1083 finished with value: 0.06134394556283951 and parameters: {'L1_hidden_dim': 64, 'L1_layers_atom': 4, 'L1_layers_mol': 1, 'L1_dropout': 0.24532735344752538, 'L1_out_dim': 96, 'L2_hidden_dim': 240, 'L2_layers_atom': 4, 'L2_layers_mol': 1, 'L2_out_dim': 112, 'L2_dropout': 0.08872408405934414, 'L3_hidden_dim': 64, 'L3_layers_atom': 4, 'L3_layers_mol': 3, 'L3_out_dim': 48, 'L3_dropout': 0.21300548306113476, 'n_mlp_layers': 3, 'mlp_dim_0': 48, 'mlp_dim_1': 160, 'mlp_dim_2': 88, 'num_heads': 1, 'final_dropout': 0.033747264312780974, 'train_learning_rate': 0.0005572673070852461, 'train_lr_reduce': 0.6}. Best is trial 613 with value: 0.045173268765211105.
[I 2024-12-25 22:26:53,904] Trial 1085 finished with value: 0.06634599715471268 and parameters: {'L1_hidden_dim': 80, 'L1_layers_atom': 4, 'L1_layers_mol': 1, 'L1_dropout': 0.22352395475511386, 'L1_out_dim': 112, 'L2_hidden_dim': 192, 'L2_layers_atom': 4, 'L2_layers_mol': 1, 'L2_out_dim': 112, 'L2_dropout': 0.04474045001571335, 'L3_hidden_dim': 32, 'L3_layers_atom': 3, 'L3_layers_mol': 3, 'L3_out_dim': 48, 'L3_dropout': 0.20964469852009102, 'n_mlp_layers': 3, 'mlp_dim_0': 112, 'mlp_dim_1': 184, 'mlp_dim_2': 160, 'num_heads': 1, 'final_dropout': 0.11614316580493585, 'train_learning_rate': 0.0006736017152049, 'train_lr_reduce': 0.6}. Best is trial 613 with value: 0.045173268765211105.
[I 2024-12-25 22:27:17,168] Trial 1087 finished with value: 0.0833304300904274 and parameters: {'L1_hidden_dim': 112, 'L1_layers_atom': 2, 'L1_layers_mol': 4, 'L1_dropout': 0.16620680887899075, 'L1_out_dim': 112, 'L2_hidden_dim': 224, 'L2_layers_atom': 3, 'L2_layers_mol': 1, 'L2_out_dim': 112, 'L2_dropout': 0.11063348545685546, 'L3_hidden_dim': 48, 'L3_layers_atom': 4, 'L3_layers_mol': 1, 'L3_out_dim': 128, 'L3_dropout': 0.2879798638304466, 'n_mlp_layers': 2, 'mlp_dim_0': 32, 'mlp_dim_1': 240, 'num_heads': 2, 'final_dropout': 0.10006262520179189, 'train_learning_rate': 0.0005693448587172991, 'train_lr_reduce': 0.6}. Best is trial 613 with value: 0.045173268765211105.
[I 2024-12-25 22:27:57,201] Trial 1086 finished with value: 0.09387362748384476 and parameters: {'L1_hidden_dim': 80, 'L1_layers_atom': 4, 'L1_layers_mol': 4, 'L1_dropout': 0.28220703820085447, 'L1_out_dim': 128, 'L2_hidden_dim': 224, 'L2_layers_atom': 1, 'L2_layers_mol': 1, 'L2_out_dim': 64, 'L2_dropout': 0.049862300910231375, 'L3_hidden_dim': 128, 'L3_layers_atom': 3, 'L3_layers_mol': 1, 'L3_out_dim': 80, 'L3_dropout': 0.2871118514557602, 'n_mlp_layers': 3, 'mlp_dim_0': 184, 'mlp_dim_1': 200, 'mlp_dim_2': 64, 'num_heads': 2, 'final_dropout': 0.03436672969174328, 'train_learning_rate': 0.004156766234807533, 'train_lr_reduce': 0.6}. Best is trial 613 with value: 0.045173268765211105.
