[I 2024-12-19 08:54:00,094] Trial 2247 finished with value: 1.388863205909729 and parameters: {'mlp_n_layers': 2, 'mlp_dim_00': 287, 'mlp_dim_01': 267, 'node_hidden_dim': 111, 'edge_hidden_dim': 82, 'depth': 2, 'rep_dropout': 0.0405060457576547, 'train_learning_rate': 0.009643338447395447, 'train_lr_reduce': 0.6}. Best is trial 1483 with value: 0.2768918573856354.
[I 2024-12-19 08:54:03,598] Trial 2250 finished with value: 1.5789228677749634 and parameters: {'mlp_n_layers': 4, 'mlp_dim_00': 455, 'mlp_dim_01': 287, 'mlp_dim_02': 398, 'mlp_dim_03': 66, 'node_hidden_dim': 102, 'edge_hidden_dim': 100, 'depth': 2, 'rep_dropout': 0.22267315696863654, 'train_learning_rate': 0.00019302898304283454, 'train_lr_reduce': 0.6}. Best is trial 1483 with value: 0.2768918573856354.
[I 2024-12-19 08:54:04,330] Trial 2251 finished with value: 1.4039441347122192 and parameters: {'mlp_n_layers': 3, 'mlp_dim_00': 494, 'mlp_dim_01': 295, 'mlp_dim_02': 346, 'node_hidden_dim': 103, 'edge_hidden_dim': 117, 'depth': 2, 'rep_dropout': 0.16497162490049247, 'train_learning_rate': 0.006039165419586676, 'train_lr_reduce': 0.6}. Best is trial 1483 with value: 0.2768918573856354.
[I 2024-12-19 08:54:04,580] Trial 2252 finished with value: 1.3786102533340454 and parameters: {'mlp_n_layers': 2, 'mlp_dim_00': 289, 'mlp_dim_01': 299, 'node_hidden_dim': 99, 'edge_hidden_dim': 64, 'depth': 2, 'rep_dropout': 0.11899549809616869, 'train_learning_rate': 0.0014570814517974385, 'train_lr_reduce': 0.6}. Best is trial 1483 with value: 0.2768918573856354.
[I 2024-12-19 08:54:09,020] Trial 2254 finished with value: 1.340959906578064 and parameters: {'mlp_n_layers': 2, 'mlp_dim_00': 212, 'mlp_dim_01': 273, 'node_hidden_dim': 127, 'edge_hidden_dim': 67, 'depth': 2, 'rep_dropout': 0.03283479763766916, 'train_learning_rate': 0.005486023993067847, 'train_lr_reduce': 0.6}. Best is trial 1483 with value: 0.2768918573856354.
[I 2024-12-19 08:54:09,330] Trial 2255 finished with value: 1.2831838130950928 and parameters: {'mlp_n_layers': 2, 'mlp_dim_00': 198, 'mlp_dim_01': 345, 'node_hidden_dim': 107, 'edge_hidden_dim': 32, 'depth': 3, 'rep_dropout': 0.031759105939002635, 'train_learning_rate': 0.005151225825928589, 'train_lr_reduce': 0.6}. Best is trial 1483 with value: 0.2768918573856354.
[I 2024-12-19 08:54:11,331] Trial 2253 finished with value: 0.9724547266960144 and parameters: {'mlp_n_layers': 2, 'mlp_dim_00': 309, 'mlp_dim_01': 271, 'node_hidden_dim': 125, 'edge_hidden_dim': 58, 'depth': 2, 'rep_dropout': 0.004270204263738628, 'train_learning_rate': 0.009698707381328369, 'train_lr_reduce': 0.6}. Best is trial 1483 with value: 0.2768918573856354.
[I 2024-12-19 08:54:14,017] Trial 2256 finished with value: 1.2913204431533813 and parameters: {'mlp_n_layers': 2, 'mlp_dim_00': 197, 'mlp_dim_01': 278, 'node_hidden_dim': 104, 'edge_hidden_dim': 66, 'depth': 3, 'rep_dropout': 0.007197704652849191, 'train_learning_rate': 0.009783153833334375, 'train_lr_reduce': 0.6}. Best is trial 1483 with value: 0.2768918573856354.
[I 2024-12-19 08:54:15,571] Trial 2258 finished with value: 1.2960715293884277 and parameters: {'mlp_n_layers': 2, 'mlp_dim_00': 140, 'mlp_dim_01': 247, 'node_hidden_dim': 98, 'edge_hidden_dim': 92, 'depth': 2, 'rep_dropout': 0.1211455482506541, 'train_learning_rate': 0.003631431327654232, 'train_lr_reduce': 0.6}. Best is trial 1483 with value: 0.2768918573856354.
[I 2024-12-19 08:54:18,386] Trial 2259 finished with value: 1.29119074344635 and parameters: {'mlp_n_layers': 2, 'mlp_dim_00': 218, 'mlp_dim_01': 227, 'node_hidden_dim': 111, 'edge_hidden_dim': 51, 'depth': 2, 'rep_dropout': 0.020894867982602705, 'train_learning_rate': 0.008990233418939465, 'train_lr_reduce': 0.6}. Best is trial 1483 with value: 0.2768918573856354.
[I 2024-12-19 08:54:19,130] Trial 2257 finished with value: 1.396048665046692 and parameters: {'mlp_n_layers': 3, 'mlp_dim_00': 165, 'mlp_dim_01': 100, 'mlp_dim_02': 272, 'node_hidden_dim': 126, 'edge_hidden_dim': 86, 'depth': 3, 'rep_dropout': 0.001747514621691355, 'train_learning_rate': 0.0027246507474370974, 'train_lr_reduce': 0.6}. Best is trial 1483 with value: 0.2768918573856354.
[I 2024-12-19 08:54:21,332] Trial 2260 finished with value: 1.3145896196365356 and parameters: {'mlp_n_layers': 3, 'mlp_dim_00': 484, 'mlp_dim_01': 457, 'mlp_dim_02': 512, 'node_hidden_dim': 106, 'edge_hidden_dim': 77, 'depth': 2, 'rep_dropout': 0.062551305502292, 'train_learning_rate': 0.005441822657532692, 'train_lr_reduce': 0.6}. Best is trial 1483 with value: 0.2768918573856354.
[I 2024-12-19 08:54:23,613] Trial 2261 finished with value: 1.4799020290374756 and parameters: {'mlp_n_layers': 2, 'mlp_dim_00': 332, 'mlp_dim_01': 266, 'node_hidden_dim': 74, 'edge_hidden_dim': 107, 'depth': 4, 'rep_dropout': 0.24696268737381066, 'train_learning_rate': 0.0016008276550661428, 'train_lr_reduce': 0.6}. Best is trial 1483 with value: 0.2768918573856354.
[I 2024-12-19 08:54:24,648] Trial 2262 finished with value: 1.5387396812438965 and parameters: {'mlp_n_layers': 4, 'mlp_dim_00': 78, 'mlp_dim_01': 98, 'mlp_dim_02': 473, 'mlp_dim_03': 152, 'node_hidden_dim': 46, 'edge_hidden_dim': 47, 'depth': 4, 'rep_dropout': 0.027397268861858337, 'train_learning_rate': 0.0005639430902927727, 'train_lr_reduce': 0.6}. Best is trial 1483 with value: 0.2768918573856354.
[I 2024-12-19 08:54:25,975] Trial 2263 finished with value: 1.3146963119506836 and parameters: {'mlp_n_layers': 2, 'mlp_dim_00': 369, 'mlp_dim_01': 79, 'node_hidden_dim': 56, 'edge_hidden_dim': 93, 'depth': 2, 'rep_dropout': 0.0699000006138556, 'train_learning_rate': 0.005104385693904501, 'train_lr_reduce': 0.6}. Best is trial 1483 with value: 0.2768918573856354.
[I 2024-12-19 08:54:28,114] Trial 2264 finished with value: 1.4759752750396729 and parameters: {'mlp_n_layers': 4, 'mlp_dim_00': 243, 'mlp_dim_01': 86, 'mlp_dim_02': 177, 'mlp_dim_03': 65, 'node_hidden_dim': 40, 'edge_hidden_dim': 92, 'depth': 2, 'rep_dropout': 0.13523116901600463, 'train_learning_rate': 0.0008911095820581555, 'train_lr_reduce': 0.6}. Best is trial 1483 with value: 0.2768918573856354.
[I 2024-12-19 08:54:30,142] Trial 2266 finished with value: 1.4996144771575928 and parameters: {'mlp_n_layers': 2, 'mlp_dim_00': 155, 'mlp_dim_01': 476, 'node_hidden_dim': 82, 'edge_hidden_dim': 110, 'depth': 2, 'rep_dropout': 0.09841032965767184, 'train_learning_rate': 0.000673304886955166, 'train_lr_reduce': 0.6}. Best is trial 1483 with value: 0.2768918573856354.
[I 2024-12-19 08:54:30,146] Trial 2265 finished with value: 1.4465007781982422 and parameters: {'mlp_n_layers': 2, 'mlp_dim_00': 287, 'mlp_dim_01': 376, 'node_hidden_dim': 91, 'edge_hidden_dim': 64, 'depth': 2, 'rep_dropout': 0.04559856117610689, 'train_learning_rate': 0.008665254128618115, 'train_lr_reduce': 0.6}. Best is trial 1483 with value: 0.2768918573856354.
[I 2024-12-19 08:54:35,104] Trial 2268 finished with value: 1.4835293292999268 and parameters: {'mlp_n_layers': 4, 'mlp_dim_00': 139, 'mlp_dim_01': 114, 'mlp_dim_02': 438, 'mlp_dim_03': 298, 'node_hidden_dim': 88, 'edge_hidden_dim': 59, 'depth': 2, 'rep_dropout': 0.17782076929175797, 'train_learning_rate': 0.0018861910877308312, 'train_lr_reduce': 0.6}. Best is trial 1483 with value: 0.2768918573856354.
[I 2024-12-19 08:54:35,198] Trial 2269 finished with value: 1.5873388051986694 and parameters: {'mlp_n_layers': 3, 'mlp_dim_00': 71, 'mlp_dim_01': 434, 'mlp_dim_02': 439, 'node_hidden_dim': 98, 'edge_hidden_dim': 65, 'depth': 2, 'rep_dropout': 0.05352590924419709, 'train_learning_rate': 0.0001126736018318226, 'train_lr_reduce': 0.6}. Best is trial 1483 with value: 0.2768918573856354.
[I 2024-12-19 08:54:39,959] Trial 2270 finished with value: 1.350521445274353 and parameters: {'mlp_n_layers': 3, 'mlp_dim_00': 204, 'mlp_dim_01': 240, 'mlp_dim_02': 315, 'node_hidden_dim': 84, 'edge_hidden_dim': 77, 'depth': 2, 'rep_dropout': 0.08580751807953768, 'train_learning_rate': 0.008704928864184414, 'train_lr_reduce': 0.6}. Best is trial 1483 with value: 0.2768918573856354.
[I 2024-12-19 08:54:40,383] Trial 2271 finished with value: 1.3264657258987427 and parameters: {'mlp_n_layers': 3, 'mlp_dim_00': 170, 'mlp_dim_01': 87, 'mlp_dim_02': 374, 'node_hidden_dim': 102, 'edge_hidden_dim': 95, 'depth': 3, 'rep_dropout': 0.015317613531104168, 'train_learning_rate': 0.008399444373638857, 'train_lr_reduce': 0.6}. Best is trial 1483 with value: 0.2768918573856354.
[I 2024-12-19 08:54:42,398] Trial 2267 finished with value: 0.404232919216156 and parameters: {'mlp_n_layers': 2, 'mlp_dim_00': 288, 'mlp_dim_01': 284, 'node_hidden_dim': 83, 'edge_hidden_dim': 55, 'depth': 2, 'rep_dropout': 0.10470805029499425, 'train_learning_rate': 0.006303615382489007, 'train_lr_reduce': 0.6}. Best is trial 1483 with value: 0.2768918573856354.
[I 2024-12-19 08:54:44,468] Trial 2272 finished with value: 1.3010711669921875 and parameters: {'mlp_n_layers': 3, 'mlp_dim_00': 505, 'mlp_dim_01': 312, 'mlp_dim_02': 227, 'node_hidden_dim': 116, 'edge_hidden_dim': 90, 'depth': 2, 'rep_dropout': 0.22376873955683052, 'train_learning_rate': 0.0041681471292796535, 'train_lr_reduce': 0.6}. Best is trial 1483 with value: 0.2768918573856354.
[I 2024-12-19 08:54:46,461] Trial 2273 finished with value: 1.2875651121139526 and parameters: {'mlp_n_layers': 2, 'mlp_dim_00': 234, 'mlp_dim_01': 247, 'node_hidden_dim': 122, 'edge_hidden_dim': 58, 'depth': 3, 'rep_dropout': 0.06555461271230627, 'train_learning_rate': 0.009020204851295722, 'train_lr_reduce': 0.6}. Best is trial 1483 with value: 0.2768918573856354.
[I 2024-12-19 08:54:47,010] Trial 2274 finished with value: 1.4523351192474365 and parameters: {'mlp_n_layers': 4, 'mlp_dim_00': 187, 'mlp_dim_01': 214, 'mlp_dim_02': 280, 'mlp_dim_03': 218, 'node_hidden_dim': 48, 'edge_hidden_dim': 72, 'depth': 2, 'rep_dropout': 0.16271606956983842, 'train_learning_rate': 0.003896805002827545, 'train_lr_reduce': 0.6}. Best is trial 1483 with value: 0.2768918573856354.
[I 2024-12-19 08:54:51,228] Trial 2276 finished with value: 1.3246421813964844 and parameters: {'mlp_n_layers': 2, 'mlp_dim_00': 493, 'mlp_dim_01': 302, 'node_hidden_dim': 128, 'edge_hidden_dim': 107, 'depth': 2, 'rep_dropout': 0.11300011847306088, 'train_learning_rate': 0.002083624168364275, 'train_lr_reduce': 0.6}. Best is trial 1483 with value: 0.2768918573856354.
[I 2024-12-19 08:54:53,808] Trial 2277 finished with value: 1.5813878774642944 and parameters: {'mlp_n_layers': 4, 'mlp_dim_00': 165, 'mlp_dim_01': 193, 'mlp_dim_02': 344, 'mlp_dim_03': 108, 'node_hidden_dim': 34, 'edge_hidden_dim': 91, 'depth': 2, 'rep_dropout': 0.009909816964536577, 'train_learning_rate': 0.00010252703245239935, 'train_lr_reduce': 0.6}. Best is trial 1483 with value: 0.2768918573856354.
[I 2024-12-19 08:54:56,415] Trial 2278 finished with value: 1.2983394861221313 and parameters: {'mlp_n_layers': 3, 'mlp_dim_00': 411, 'mlp_dim_01': 117, 'mlp_dim_02': 396, 'node_hidden_dim': 72, 'edge_hidden_dim': 118, 'depth': 2, 'rep_dropout': 0.006119938248282459, 'train_learning_rate': 0.009760770560304312, 'train_lr_reduce': 0.6}. Best is trial 1483 with value: 0.2768918573856354.
[I 2024-12-19 08:54:58,296] Trial 2279 finished with value: 1.2858089208602905 and parameters: {'mlp_n_layers': 2, 'mlp_dim_00': 198, 'mlp_dim_01': 243, 'node_hidden_dim': 103, 'edge_hidden_dim': 107, 'depth': 2, 'rep_dropout': 0.011648546477636032, 'train_learning_rate': 0.008948433205575595, 'train_lr_reduce': 0.6}. Best is trial 1483 with value: 0.2768918573856354.
[I 2024-12-19 08:54:59,731] Trial 2275 finished with value: 0.33763831853866577 and parameters: {'mlp_n_layers': 2, 'mlp_dim_00': 276, 'mlp_dim_01': 330, 'node_hidden_dim': 88, 'edge_hidden_dim': 75, 'depth': 2, 'rep_dropout': 0.11487726355863165, 'train_learning_rate': 0.00795246278144588, 'train_lr_reduce': 0.6}. Best is trial 1483 with value: 0.2768918573856354.
[I 2024-12-19 08:55:01,795] Trial 2280 finished with value: 1.4940910339355469 and parameters: {'mlp_n_layers': 4, 'mlp_dim_00': 245, 'mlp_dim_01': 369, 'mlp_dim_02': 319, 'mlp_dim_03': 64, 'node_hidden_dim': 100, 'edge_hidden_dim': 58, 'depth': 2, 'rep_dropout': 0.07202566441998362, 'train_learning_rate': 0.0029364367557957283, 'train_lr_reduce': 0.6}. Best is trial 1483 with value: 0.2768918573856354.
[I 2024-12-19 08:55:03,644] Trial 2281 finished with value: 1.2858495712280273 and parameters: {'mlp_n_layers': 2, 'mlp_dim_00': 146, 'mlp_dim_01': 481, 'node_hidden_dim': 128, 'edge_hidden_dim': 110, 'depth': 2, 'rep_dropout': 0.12959221536199936, 'train_learning_rate': 0.00612506677550129, 'train_lr_reduce': 0.6}. Best is trial 1483 with value: 0.2768918573856354.
[I 2024-12-19 08:55:04,523] Trial 2282 finished with value: 1.312347173690796 and parameters: {'mlp_n_layers': 4, 'mlp_dim_00': 367, 'mlp_dim_01': 389, 'mlp_dim_02': 270, 'mlp_dim_03': 165, 'node_hidden_dim': 120, 'edge_hidden_dim': 96, 'depth': 2, 'rep_dropout': 0.05263166767309538, 'train_learning_rate': 0.005873727205945154, 'train_lr_reduce': 0.6}. Best is trial 1483 with value: 0.2768918573856354.
[I 2024-12-19 08:55:06,749] Trial 2283 finished with value: 1.2961957454681396 and parameters: {'mlp_n_layers': 3, 'mlp_dim_00': 227, 'mlp_dim_01': 190, 'mlp_dim_02': 512, 'node_hidden_dim': 48, 'edge_hidden_dim': 76, 'depth': 2, 'rep_dropout': 0.1756197765771933, 'train_learning_rate': 0.009324151565980324, 'train_lr_reduce': 0.6}. Best is trial 1483 with value: 0.2768918573856354.
[I 2024-12-19 08:55:08,700] Trial 2284 finished with value: 1.5823975801467896 and parameters: {'mlp_n_layers': 2, 'mlp_dim_00': 124, 'mlp_dim_01': 120, 'node_hidden_dim': 93, 'edge_hidden_dim': 115, 'depth': 2, 'rep_dropout': 0.005235635480050044, 'train_learning_rate': 0.00011227939782149278, 'train_lr_reduce': 0.6}. Best is trial 1483 with value: 0.2768918573856354.
[I 2024-12-19 08:55:10,177] Trial 2285 finished with value: 1.4437397718429565 and parameters: {'mlp_n_layers': 2, 'mlp_dim_00': 328, 'mlp_dim_01': 326, 'node_hidden_dim': 64, 'edge_hidden_dim': 90, 'depth': 2, 'rep_dropout': 0.12005456248280989, 'train_learning_rate': 0.008193093130831691, 'train_lr_reduce': 0.6}. Best is trial 1483 with value: 0.2768918573856354.
[I 2024-12-19 08:55:12,524] Trial 2286 finished with value: 1.2836227416992188 and parameters: {'mlp_n_layers': 2, 'mlp_dim_00': 385, 'mlp_dim_01': 438, 'node_hidden_dim': 111, 'edge_hidden_dim': 66, 'depth': 2, 'rep_dropout': 0.12889499312263955, 'train_learning_rate': 0.009110959376223042, 'train_lr_reduce': 0.6}. Best is trial 1483 with value: 0.2768918573856354.
[I 2024-12-19 08:55:14,830] Trial 2287 finished with value: 1.4623546600341797 and parameters: {'mlp_n_layers': 2, 'mlp_dim_00': 197, 'mlp_dim_01': 236, 'node_hidden_dim': 74, 'edge_hidden_dim': 77, 'depth': 3, 'rep_dropout': 0.10617339365502668, 'train_learning_rate': 0.009541656722986203, 'train_lr_reduce': 0.6}. Best is trial 1483 with value: 0.2768918573856354.
[I 2024-12-19 08:55:18,081] Trial 2289 finished with value: 1.3346551656723022 and parameters: {'mlp_n_layers': 3, 'mlp_dim_00': 322, 'mlp_dim_01': 460, 'mlp_dim_02': 223, 'node_hidden_dim': 33, 'edge_hidden_dim': 85, 'depth': 4, 'rep_dropout': 0.06920904822137619, 'train_learning_rate': 0.004883286982005056, 'train_lr_reduce': 0.6}. Best is trial 1483 with value: 0.2768918573856354.
[I 2024-12-19 08:55:19,716] Trial 2290 finished with value: 1.286427617073059 and parameters: {'mlp_n_layers': 2, 'mlp_dim_00': 246, 'mlp_dim_01': 298, 'node_hidden_dim': 91, 'edge_hidden_dim': 72, 'depth': 2, 'rep_dropout': 0.12704113449867496, 'train_learning_rate': 0.007275149733984927, 'train_lr_reduce': 0.6}. Best is trial 1483 with value: 0.2768918573856354.
[I 2024-12-19 08:55:22,944] Trial 2291 finished with value: 1.296507477760315 and parameters: {'mlp_n_layers': 2, 'mlp_dim_00': 307, 'mlp_dim_01': 291, 'node_hidden_dim': 70, 'edge_hidden_dim': 72, 'depth': 2, 'rep_dropout': 0.08095955586031285, 'train_learning_rate': 0.005703467353063989, 'train_lr_reduce': 0.6}. Best is trial 1483 with value: 0.2768918573856354.
[I 2024-12-19 08:55:24,926] Trial 2292 finished with value: 1.3627352714538574 and parameters: {'mlp_n_layers': 2, 'mlp_dim_00': 247, 'mlp_dim_01': 377, 'node_hidden_dim': 96, 'edge_hidden_dim': 69, 'depth': 2, 'rep_dropout': 0.08132848833684843, 'train_learning_rate': 0.005022705790062096, 'train_lr_reduce': 0.6}. Best is trial 1483 with value: 0.2768918573856354.
[I 2024-12-19 08:55:26,157] Trial 2288 finished with value: 0.38570863008499146 and parameters: {'mlp_n_layers': 2, 'mlp_dim_00': 204, 'mlp_dim_01': 71, 'node_hidden_dim': 119, 'edge_hidden_dim': 122, 'depth': 3, 'rep_dropout': 0.048244597426155514, 'train_learning_rate': 0.007902876999619984, 'train_lr_reduce': 0.6}. Best is trial 1483 with value: 0.2768918573856354.
[I 2024-12-19 08:55:29,158] Trial 2293 finished with value: 1.2879918813705444 and parameters: {'mlp_n_layers': 4, 'mlp_dim_00': 496, 'mlp_dim_01': 440, 'mlp_dim_02': 356, 'mlp_dim_03': 369, 'node_hidden_dim': 91, 'edge_hidden_dim': 99, 'depth': 3, 'rep_dropout': 0.06940704605303444, 'train_learning_rate': 0.006308156226880257, 'train_lr_reduce': 0.6}. Best is trial 1483 with value: 0.2768918573856354.
[I 2024-12-19 08:55:33,626] Trial 2296 finished with value: 1.3083000183105469 and parameters: {'mlp_n_layers': 2, 'mlp_dim_00': 187, 'mlp_dim_01': 178, 'node_hidden_dim': 109, 'edge_hidden_dim': 46, 'depth': 2, 'rep_dropout': 0.06410334155299596, 'train_learning_rate': 0.004249986012702963, 'train_lr_reduce': 0.6}. Best is trial 1483 with value: 0.2768918573856354.
[I 2024-12-19 08:55:37,121] Trial 2295 finished with value: 0.3303300440311432 and parameters: {'mlp_n_layers': 2, 'mlp_dim_00': 154, 'mlp_dim_01': 273, 'node_hidden_dim': 84, 'edge_hidden_dim': 55, 'depth': 2, 'rep_dropout': 0.05883866976672798, 'train_learning_rate': 0.00938610529904253, 'train_lr_reduce': 0.6}. Best is trial 1483 with value: 0.2768918573856354.
[I 2024-12-19 08:55:39,192] Trial 2297 finished with value: 1.372073769569397 and parameters: {'mlp_n_layers': 3, 'mlp_dim_00': 418, 'mlp_dim_01': 478, 'mlp_dim_02': 466, 'node_hidden_dim': 121, 'edge_hidden_dim': 120, 'depth': 2, 'rep_dropout': 0.2028342078795667, 'train_learning_rate': 0.003955903652499187, 'train_lr_reduce': 0.6}. Best is trial 1483 with value: 0.2768918573856354.
[I 2024-12-19 08:55:39,264] Trial 2294 finished with value: 0.4042831063270569 and parameters: {'mlp_n_layers': 2, 'mlp_dim_00': 213, 'mlp_dim_01': 310, 'node_hidden_dim': 89, 'edge_hidden_dim': 86, 'depth': 2, 'rep_dropout': 0.08869043531188867, 'train_learning_rate': 0.007359521171156343, 'train_lr_reduce': 0.6}. Best is trial 1483 with value: 0.2768918573856354.
[I 2024-12-19 08:55:41,900] Trial 2298 finished with value: 1.2898602485656738 and parameters: {'mlp_n_layers': 2, 'mlp_dim_00': 180, 'mlp_dim_01': 257, 'node_hidden_dim': 91, 'edge_hidden_dim': 63, 'depth': 2, 'rep_dropout': 0.10009696453286507, 'train_learning_rate': 0.009207591085779093, 'train_lr_reduce': 0.6}. Best is trial 1483 with value: 0.2768918573856354.
[I 2024-12-19 08:55:44,083] Trial 2300 finished with value: 1.4389487504959106 and parameters: {'mlp_n_layers': 2, 'mlp_dim_00': 269, 'mlp_dim_01': 320, 'node_hidden_dim': 92, 'edge_hidden_dim': 57, 'depth': 2, 'rep_dropout': 0.014523009134616571, 'train_learning_rate': 0.006818438175294807, 'train_lr_reduce': 0.6}. Best is trial 1483 with value: 0.2768918573856354.
[I 2024-12-19 08:55:44,726] Trial 2299 finished with value: 1.3539831638336182 and parameters: {'mlp_n_layers': 2, 'mlp_dim_00': 256, 'mlp_dim_01': 223, 'node_hidden_dim': 87, 'edge_hidden_dim': 51, 'depth': 3, 'rep_dropout': 0.09012067907131761, 'train_learning_rate': 0.009111388333075935, 'train_lr_reduce': 0.6}. Best is trial 1483 with value: 0.2768918573856354.
[I 2024-12-19 08:55:46,794] Trial 2301 finished with value: 1.2947044372558594 and parameters: {'mlp_n_layers': 2, 'mlp_dim_00': 96, 'mlp_dim_01': 320, 'node_hidden_dim': 60, 'edge_hidden_dim': 41, 'depth': 2, 'rep_dropout': 0.07724071285918092, 'train_learning_rate': 0.00869739258571175, 'train_lr_reduce': 0.6}. Best is trial 1483 with value: 0.2768918573856354.
[I 2024-12-19 08:55:49,290] Trial 2302 finished with value: 1.3477295637130737 and parameters: {'mlp_n_layers': 2, 'mlp_dim_00': 217, 'mlp_dim_01': 105, 'node_hidden_dim': 110, 'edge_hidden_dim': 54, 'depth': 3, 'rep_dropout': 0.021416890650022197, 'train_learning_rate': 0.008144838525246468, 'train_lr_reduce': 0.6}. Best is trial 1483 with value: 0.2768918573856354.
[I 2024-12-19 08:55:49,385] Trial 2303 finished with value: 1.3387478590011597 and parameters: {'mlp_n_layers': 2, 'mlp_dim_00': 255, 'mlp_dim_01': 501, 'node_hidden_dim': 80, 'edge_hidden_dim': 68, 'depth': 3, 'rep_dropout': 0.09704827131615808, 'train_learning_rate': 0.007830276452124899, 'train_lr_reduce': 0.6}. Best is trial 1483 with value: 0.2768918573856354.
[I 2024-12-19 08:55:51,885] Trial 2304 finished with value: 1.410287857055664 and parameters: {'mlp_n_layers': 4, 'mlp_dim_00': 67, 'mlp_dim_01': 442, 'mlp_dim_02': 473, 'mlp_dim_03': 238, 'node_hidden_dim': 123, 'edge_hidden_dim': 50, 'depth': 3, 'rep_dropout': 0.20570455717820463, 'train_learning_rate': 0.00921990334408278, 'train_lr_reduce': 0.6}. Best is trial 1483 with value: 0.2768918573856354.
[I 2024-12-19 08:55:54,297] Trial 2306 finished with value: 1.3747446537017822 and parameters: {'mlp_n_layers': 4, 'mlp_dim_00': 283, 'mlp_dim_01': 172, 'mlp_dim_02': 512, 'mlp_dim_03': 132, 'node_hidden_dim': 125, 'edge_hidden_dim': 34, 'depth': 2, 'rep_dropout': 0.08360852309283326, 'train_learning_rate': 0.004302756628133399, 'train_lr_reduce': 0.6}. Best is trial 1483 with value: 0.2768918573856354.
