[I 2024-12-20 00:18:35,914] Trial 828 finished with value: 0.3572923541069031 and parameters: {'mlp_n_layers': 4, 'mlp_dim_00': 320, 'mlp_dim_01': 439, 'mlp_dim_02': 420, 'mlp_dim_03': 349, 'node_hidden_dim': 99, 'edge_hidden_dim': 52, 'depth': 1, 'rep_dropout': 0.018216402809282512, 'train_learning_rate': 0.001304905065362264, 'train_lr_reduce': 0.6}. Best is trial 558 with value: 0.30280801653862.
[I 2024-12-20 00:18:40,305] Trial 833 finished with value: 1.5623892545700073 and parameters: {'mlp_n_layers': 3, 'mlp_dim_00': 409, 'mlp_dim_01': 331, 'mlp_dim_02': 327, 'node_hidden_dim': 104, 'edge_hidden_dim': 45, 'depth': 1, 'rep_dropout': 0.029436509629332128, 'train_learning_rate': 0.0006760848279436806, 'train_lr_reduce': 0.6}. Best is trial 558 with value: 0.30280801653862.
[I 2024-12-20 00:18:41,047] Trial 831 finished with value: 0.46764639019966125 and parameters: {'mlp_n_layers': 4, 'mlp_dim_00': 363, 'mlp_dim_01': 321, 'mlp_dim_02': 183, 'mlp_dim_03': 447, 'node_hidden_dim': 119, 'edge_hidden_dim': 55, 'depth': 1, 'rep_dropout': 0.002847586705741774, 'train_learning_rate': 0.0012378238050337765, 'train_lr_reduce': 0.6}. Best is trial 558 with value: 0.30280801653862.
[I 2024-12-20 00:18:43,783] Trial 834 finished with value: 1.36275053024292 and parameters: {'mlp_n_layers': 2, 'mlp_dim_00': 323, 'mlp_dim_01': 450, 'node_hidden_dim': 123, 'edge_hidden_dim': 62, 'depth': 2, 'rep_dropout': 0.05757971843239272, 'train_learning_rate': 0.0012002857361668676, 'train_lr_reduce': 0.6}. Best is trial 558 with value: 0.30280801653862.
[I 2024-12-20 00:18:47,680] Trial 836 finished with value: 1.4961339235305786 and parameters: {'mlp_n_layers': 3, 'mlp_dim_00': 398, 'mlp_dim_01': 250, 'mlp_dim_02': 379, 'node_hidden_dim': 116, 'edge_hidden_dim': 66, 'depth': 1, 'rep_dropout': 0.07439863017954434, 'train_learning_rate': 0.0012419835906938208, 'train_lr_reduce': 0.6}. Best is trial 558 with value: 0.30280801653862.
[I 2024-12-20 00:18:51,792] Trial 837 finished with value: 1.4316198825836182 and parameters: {'mlp_n_layers': 1, 'mlp_dim_00': 315, 'node_hidden_dim': 39, 'edge_hidden_dim': 90, 'depth': 4, 'rep_dropout': 0.043791897582406494, 'train_learning_rate': 0.001239921071084343, 'train_lr_reduce': 0.6}. Best is trial 558 with value: 0.30280801653862.
[I 2024-12-20 00:18:56,698] Trial 835 finished with value: 0.39696744084358215 and parameters: {'mlp_n_layers': 4, 'mlp_dim_00': 418, 'mlp_dim_01': 359, 'mlp_dim_02': 146, 'mlp_dim_03': 255, 'node_hidden_dim': 101, 'edge_hidden_dim': 54, 'depth': 1, 'rep_dropout': 0.023042919600811236, 'train_learning_rate': 0.0015275212350007558, 'train_lr_reduce': 0.6}. Best is trial 558 with value: 0.30280801653862.
[I 2024-12-20 00:18:57,597] Trial 832 finished with value: 0.3660815358161926 and parameters: {'mlp_n_layers': 4, 'mlp_dim_00': 107, 'mlp_dim_01': 395, 'mlp_dim_02': 261, 'mlp_dim_03': 338, 'node_hidden_dim': 127, 'edge_hidden_dim': 46, 'depth': 1, 'rep_dropout': 0.0009643217086302315, 'train_learning_rate': 0.0023807420446729467, 'train_lr_reduce': 0.6}. Best is trial 558 with value: 0.30280801653862.
[I 2024-12-20 00:19:01,935] Trial 840 finished with value: 1.5811538696289062 and parameters: {'mlp_n_layers': 4, 'mlp_dim_00': 410, 'mlp_dim_01': 349, 'mlp_dim_02': 295, 'mlp_dim_03': 317, 'node_hidden_dim': 110, 'edge_hidden_dim': 49, 'depth': 1, 'rep_dropout': 0.028345510953674942, 'train_learning_rate': 0.0004129412782699442, 'train_lr_reduce': 0.6}. Best is trial 558 with value: 0.30280801653862.
[I 2024-12-20 00:19:03,244] Trial 839 finished with value: 0.8670881986618042 and parameters: {'mlp_n_layers': 4, 'mlp_dim_00': 320, 'mlp_dim_01': 395, 'mlp_dim_02': 460, 'mlp_dim_03': 472, 'node_hidden_dim': 128, 'edge_hidden_dim': 78, 'depth': 1, 'rep_dropout': 0.023741104258799585, 'train_learning_rate': 0.002088096542812014, 'train_lr_reduce': 0.6}. Best is trial 558 with value: 0.30280801653862.
[I 2024-12-20 00:19:05,455] Trial 841 finished with value: 1.4197033643722534 and parameters: {'mlp_n_layers': 2, 'mlp_dim_00': 118, 'mlp_dim_01': 428, 'node_hidden_dim': 45, 'edge_hidden_dim': 70, 'depth': 3, 'rep_dropout': 0.129950815372504, 'train_learning_rate': 0.0019310397056922892, 'train_lr_reduce': 0.6}. Best is trial 558 with value: 0.30280801653862.
[I 2024-12-20 00:19:09,548] Trial 843 finished with value: 1.4836546182632446 and parameters: {'mlp_n_layers': 3, 'mlp_dim_00': 472, 'mlp_dim_01': 382, 'mlp_dim_02': 229, 'node_hidden_dim': 93, 'edge_hidden_dim': 49, 'depth': 1, 'rep_dropout': 0.020393303070694077, 'train_learning_rate': 0.001136485715412618, 'train_lr_reduce': 0.6}. Best is trial 558 with value: 0.30280801653862.
[I 2024-12-20 00:19:10,566] Trial 838 finished with value: 0.40547433495521545 and parameters: {'mlp_n_layers': 4, 'mlp_dim_00': 73, 'mlp_dim_01': 297, 'mlp_dim_02': 213, 'mlp_dim_03': 388, 'node_hidden_dim': 127, 'edge_hidden_dim': 35, 'depth': 1, 'rep_dropout': 0.02357690317512358, 'train_learning_rate': 0.0026578699625358156, 'train_lr_reduce': 0.6}. Best is trial 558 with value: 0.30280801653862.
[I 2024-12-20 00:19:13,647] Trial 844 finished with value: 1.4663225412368774 and parameters: {'mlp_n_layers': 4, 'mlp_dim_00': 494, 'mlp_dim_01': 354, 'mlp_dim_02': 405, 'mlp_dim_03': 268, 'node_hidden_dim': 78, 'edge_hidden_dim': 86, 'depth': 2, 'rep_dropout': 0.003416419349365315, 'train_learning_rate': 0.001698335740568684, 'train_lr_reduce': 0.6}. Best is trial 558 with value: 0.30280801653862.
[I 2024-12-20 00:19:17,930] Trial 846 finished with value: 1.5600457191467285 and parameters: {'mlp_n_layers': 4, 'mlp_dim_00': 304, 'mlp_dim_01': 288, 'mlp_dim_02': 268, 'mlp_dim_03': 319, 'node_hidden_dim': 93, 'edge_hidden_dim': 54, 'depth': 2, 'rep_dropout': 0.0009000743070698564, 'train_learning_rate': 0.0005259386253481408, 'train_lr_reduce': 0.6}. Best is trial 558 with value: 0.30280801653862.
[I 2024-12-20 00:19:20,685] Trial 842 finished with value: 0.4033413231372833 and parameters: {'mlp_n_layers': 4, 'mlp_dim_00': 78, 'mlp_dim_01': 318, 'mlp_dim_02': 347, 'mlp_dim_03': 369, 'node_hidden_dim': 117, 'edge_hidden_dim': 77, 'depth': 1, 'rep_dropout': 0.06533971338264707, 'train_learning_rate': 0.0042144249817019875, 'train_lr_reduce': 0.6}. Best is trial 558 with value: 0.30280801653862.
[I 2024-12-20 00:19:23,397] Trial 847 finished with value: 1.52193284034729 and parameters: {'mlp_n_layers': 4, 'mlp_dim_00': 412, 'mlp_dim_01': 410, 'mlp_dim_02': 327, 'mlp_dim_03': 380, 'node_hidden_dim': 93, 'edge_hidden_dim': 67, 'depth': 2, 'rep_dropout': 0.07244746816617795, 'train_learning_rate': 0.0025121086172909266, 'train_lr_reduce': 0.6}. Best is trial 558 with value: 0.30280801653862.
[I 2024-12-20 00:19:25,055] Trial 845 finished with value: 0.38422930240631104 and parameters: {'mlp_n_layers': 4, 'mlp_dim_00': 74, 'mlp_dim_01': 470, 'mlp_dim_02': 180, 'mlp_dim_03': 425, 'node_hidden_dim': 122, 'edge_hidden_dim': 58, 'depth': 1, 'rep_dropout': 0.04586746546261443, 'train_learning_rate': 0.0017013043088082637, 'train_lr_reduce': 0.6}. Best is trial 558 with value: 0.30280801653862.
[I 2024-12-20 00:19:26,884] Trial 849 finished with value: 1.4010910987854004 and parameters: {'mlp_n_layers': 4, 'mlp_dim_00': 494, 'mlp_dim_01': 391, 'mlp_dim_02': 103, 'mlp_dim_03': 461, 'node_hidden_dim': 96, 'edge_hidden_dim': 67, 'depth': 1, 'rep_dropout': 0.008473587564628033, 'train_learning_rate': 0.0038648033534595177, 'train_lr_reduce': 0.6}. Best is trial 558 with value: 0.30280801653862.
[I 2024-12-20 00:19:28,632] Trial 850 finished with value: 1.2899385690689087 and parameters: {'mlp_n_layers': 3, 'mlp_dim_00': 189, 'mlp_dim_01': 131, 'mlp_dim_02': 250, 'node_hidden_dim': 40, 'edge_hidden_dim': 83, 'depth': 2, 'rep_dropout': 0.09522709732335613, 'train_learning_rate': 0.008973054183523585, 'train_lr_reduce': 0.6}. Best is trial 558 with value: 0.30280801653862.
[I 2024-12-20 00:19:30,486] Trial 851 finished with value: 1.572563648223877 and parameters: {'mlp_n_layers': 3, 'mlp_dim_00': 300, 'mlp_dim_01': 301, 'mlp_dim_02': 312, 'node_hidden_dim': 113, 'edge_hidden_dim': 55, 'depth': 1, 'rep_dropout': 0.016662230664899885, 'train_learning_rate': 0.00047398099086409817, 'train_lr_reduce': 0.6}. Best is trial 558 with value: 0.30280801653862.
[I 2024-12-20 00:19:30,894] Trial 848 finished with value: 0.4002052843570709 and parameters: {'mlp_n_layers': 3, 'mlp_dim_00': 330, 'mlp_dim_01': 340, 'mlp_dim_02': 376, 'node_hidden_dim': 64, 'edge_hidden_dim': 61, 'depth': 1, 'rep_dropout': 0.03741057885781043, 'train_learning_rate': 0.003455586630906909, 'train_lr_reduce': 0.6}. Best is trial 558 with value: 0.30280801653862.
[I 2024-12-20 00:19:31,750] Trial 852 finished with value: 1.4553167819976807 and parameters: {'mlp_n_layers': 2, 'mlp_dim_00': 358, 'mlp_dim_01': 245, 'node_hidden_dim': 121, 'edge_hidden_dim': 49, 'depth': 1, 'rep_dropout': 0.07885600014199966, 'train_learning_rate': 0.0012516652966304785, 'train_lr_reduce': 0.6}. Best is trial 558 with value: 0.30280801653862.
[I 2024-12-20 00:19:33,811] Trial 853 finished with value: 1.5341490507125854 and parameters: {'mlp_n_layers': 4, 'mlp_dim_00': 243, 'mlp_dim_01': 442, 'mlp_dim_02': 203, 'mlp_dim_03': 260, 'node_hidden_dim': 102, 'edge_hidden_dim': 42, 'depth': 1, 'rep_dropout': 0.002159227145294619, 'train_learning_rate': 0.000964081550529415, 'train_lr_reduce': 0.6}. Best is trial 558 with value: 0.30280801653862.
[I 2024-12-20 00:19:34,055] Trial 854 finished with value: 1.2825509309768677 and parameters: {'mlp_n_layers': 2, 'mlp_dim_00': 511, 'mlp_dim_01': 372, 'node_hidden_dim': 124, 'edge_hidden_dim': 65, 'depth': 2, 'rep_dropout': 0.00833102416752201, 'train_learning_rate': 0.0023407623313572296, 'train_lr_reduce': 0.6}. Best is trial 558 with value: 0.30280801653862.
[I 2024-12-20 00:19:38,047] Trial 857 finished with value: 1.5306048393249512 and parameters: {'mlp_n_layers': 4, 'mlp_dim_00': 94, 'mlp_dim_01': 304, 'mlp_dim_02': 280, 'mlp_dim_03': 294, 'node_hidden_dim': 113, 'edge_hidden_dim': 46, 'depth': 2, 'rep_dropout': 0.02680000006476979, 'train_learning_rate': 0.00129331764351138, 'train_lr_reduce': 0.6}. Best is trial 558 with value: 0.30280801653862.
[I 2024-12-20 00:19:42,474] Trial 858 finished with value: 1.286154866218567 and parameters: {'mlp_n_layers': 3, 'mlp_dim_00': 256, 'mlp_dim_01': 363, 'mlp_dim_02': 402, 'node_hidden_dim': 76, 'edge_hidden_dim': 63, 'depth': 1, 'rep_dropout': 0.021671562410939225, 'train_learning_rate': 0.0070465015223434724, 'train_lr_reduce': 0.6}. Best is trial 558 with value: 0.30280801653862.
[I 2024-12-20 00:19:46,485] Trial 859 finished with value: 1.4037525653839111 and parameters: {'mlp_n_layers': 4, 'mlp_dim_00': 410, 'mlp_dim_01': 463, 'mlp_dim_02': 328, 'mlp_dim_03': 392, 'node_hidden_dim': 93, 'edge_hidden_dim': 65, 'depth': 1, 'rep_dropout': 0.042989015187126486, 'train_learning_rate': 0.005133680999485831, 'train_lr_reduce': 0.6}. Best is trial 558 with value: 0.30280801653862.
[I 2024-12-20 00:19:49,990] Trial 860 finished with value: 1.5618911981582642 and parameters: {'mlp_n_layers': 4, 'mlp_dim_00': 365, 'mlp_dim_01': 399, 'mlp_dim_02': 234, 'mlp_dim_03': 479, 'node_hidden_dim': 112, 'edge_hidden_dim': 48, 'depth': 1, 'rep_dropout': 0.039231629091604374, 'train_learning_rate': 0.000574503417862195, 'train_lr_reduce': 0.6}. Best is trial 558 with value: 0.30280801653862.
[I 2024-12-20 00:19:52,892] Trial 855 finished with value: 0.3601011335849762 and parameters: {'mlp_n_layers': 4, 'mlp_dim_00': 172, 'mlp_dim_01': 342, 'mlp_dim_02': 359, 'mlp_dim_03': 425, 'node_hidden_dim': 82, 'edge_hidden_dim': 67, 'depth': 1, 'rep_dropout': 0.039134019952162286, 'train_learning_rate': 0.0011986124912502316, 'train_lr_reduce': 0.6}. Best is trial 558 with value: 0.30280801653862.
[I 2024-12-20 00:20:05,250] Trial 856 finished with value: 0.3476243019104004 and parameters: {'mlp_n_layers': 4, 'mlp_dim_00': 248, 'mlp_dim_01': 406, 'mlp_dim_02': 166, 'mlp_dim_03': 344, 'node_hidden_dim': 99, 'edge_hidden_dim': 79, 'depth': 1, 'rep_dropout': 0.010234951001719112, 'train_learning_rate': 0.0023229736799608796, 'train_lr_reduce': 0.6}. Best is trial 558 with value: 0.30280801653862.
[I 2024-12-20 00:20:05,377] Trial 862 finished with value: 0.8583196401596069 and parameters: {'mlp_n_layers': 4, 'mlp_dim_00': 334, 'mlp_dim_01': 261, 'mlp_dim_02': 289, 'mlp_dim_03': 429, 'node_hidden_dim': 87, 'edge_hidden_dim': 81, 'depth': 1, 'rep_dropout': 0.011287842815625683, 'train_learning_rate': 0.0029003169769067677, 'train_lr_reduce': 0.6}. Best is trial 558 with value: 0.30280801653862.
[I 2024-12-20 00:20:06,533] Trial 861 finished with value: 0.4490823745727539 and parameters: {'mlp_n_layers': 4, 'mlp_dim_00': 303, 'mlp_dim_01': 343, 'mlp_dim_02': 198, 'mlp_dim_03': 336, 'node_hidden_dim': 113, 'edge_hidden_dim': 56, 'depth': 1, 'rep_dropout': 0.027168829121462075, 'train_learning_rate': 0.001298620961767473, 'train_lr_reduce': 0.6}. Best is trial 558 with value: 0.30280801653862.
[I 2024-12-20 00:20:08,405] Trial 863 finished with value: 1.3557816743850708 and parameters: {'mlp_n_layers': 3, 'mlp_dim_00': 423, 'mlp_dim_01': 307, 'mlp_dim_02': 365, 'node_hidden_dim': 103, 'edge_hidden_dim': 54, 'depth': 1, 'rep_dropout': 0.00624460180442097, 'train_learning_rate': 0.0031859204398350808, 'train_lr_reduce': 0.6}. Best is trial 558 with value: 0.30280801653862.
[I 2024-12-20 00:20:09,028] Trial 864 finished with value: 1.3011850118637085 and parameters: {'mlp_n_layers': 4, 'mlp_dim_00': 479, 'mlp_dim_01': 428, 'mlp_dim_02': 429, 'mlp_dim_03': 256, 'node_hidden_dim': 116, 'edge_hidden_dim': 53, 'depth': 1, 'rep_dropout': 0.08377851776692452, 'train_learning_rate': 0.004316298243526364, 'train_lr_reduce': 0.6}. Best is trial 558 with value: 0.30280801653862.
[I 2024-12-20 00:20:11,941] Trial 866 finished with value: 1.4953075647354126 and parameters: {'mlp_n_layers': 4, 'mlp_dim_00': 202, 'mlp_dim_01': 391, 'mlp_dim_02': 242, 'mlp_dim_03': 305, 'node_hidden_dim': 79, 'edge_hidden_dim': 63, 'depth': 1, 'rep_dropout': 0.004305387469082354, 'train_learning_rate': 0.0018534025202515943, 'train_lr_reduce': 0.6}. Best is trial 558 with value: 0.30280801653862.
[I 2024-12-20 00:20:12,568] Trial 867 finished with value: 1.5585612058639526 and parameters: {'mlp_n_layers': 4, 'mlp_dim_00': 296, 'mlp_dim_01': 329, 'mlp_dim_02': 510, 'mlp_dim_03': 508, 'node_hidden_dim': 95, 'edge_hidden_dim': 70, 'depth': 1, 'rep_dropout': 0.04751732447698255, 'train_learning_rate': 0.0005332033071128747, 'train_lr_reduce': 0.6}. Best is trial 558 with value: 0.30280801653862.
[I 2024-12-20 00:20:15,629] Trial 868 finished with value: 1.2988547086715698 and parameters: {'mlp_n_layers': 4, 'mlp_dim_00': 355, 'mlp_dim_01': 476, 'mlp_dim_02': 331, 'mlp_dim_03': 413, 'node_hidden_dim': 62, 'edge_hidden_dim': 34, 'depth': 3, 'rep_dropout': 0.1447839289171608, 'train_learning_rate': 0.005374828034472416, 'train_lr_reduce': 0.6}. Best is trial 558 with value: 0.30280801653862.
[I 2024-12-20 00:20:16,162] Trial 869 finished with value: 1.288732886314392 and parameters: {'mlp_n_layers': 4, 'mlp_dim_00': 325, 'mlp_dim_01': 376, 'mlp_dim_02': 392, 'mlp_dim_03': 362, 'node_hidden_dim': 128, 'edge_hidden_dim': 59, 'depth': 2, 'rep_dropout': 0.0019255914970635092, 'train_learning_rate': 0.003720992259280087, 'train_lr_reduce': 0.6}. Best is trial 558 with value: 0.30280801653862.
[I 2024-12-20 00:20:18,746] Trial 865 finished with value: 0.402994304895401 and parameters: {'mlp_n_layers': 4, 'mlp_dim_00': 210, 'mlp_dim_01': 361, 'mlp_dim_02': 160, 'mlp_dim_03': 373, 'node_hidden_dim': 74, 'edge_hidden_dim': 48, 'depth': 1, 'rep_dropout': 0.04768792491422081, 'train_learning_rate': 0.0020671272219123077, 'train_lr_reduce': 0.6}. Best is trial 558 with value: 0.30280801653862.
[I 2024-12-20 00:20:18,806] Trial 870 finished with value: 1.401624321937561 and parameters: {'mlp_n_layers': 3, 'mlp_dim_00': 140, 'mlp_dim_01': 246, 'mlp_dim_02': 288, 'node_hidden_dim': 126, 'edge_hidden_dim': 52, 'depth': 2, 'rep_dropout': 0.042175540626989236, 'train_learning_rate': 0.0022310131431709807, 'train_lr_reduce': 0.6}. Best is trial 558 with value: 0.30280801653862.
[I 2024-12-20 00:20:19,803] Trial 871 finished with value: 1.5688844919204712 and parameters: {'mlp_n_layers': 4, 'mlp_dim_00': 504, 'mlp_dim_01': 308, 'mlp_dim_02': 130, 'mlp_dim_03': 447, 'node_hidden_dim': 84, 'edge_hidden_dim': 61, 'depth': 2, 'rep_dropout': 0.03271489951515831, 'train_learning_rate': 0.0013758013803031742, 'train_lr_reduce': 0.6}. Best is trial 558 with value: 0.30280801653862.
[I 2024-12-20 00:20:23,527] Trial 874 finished with value: 1.566680669784546 and parameters: {'mlp_n_layers': 3, 'mlp_dim_00': 228, 'mlp_dim_01': 394, 'mlp_dim_02': 210, 'node_hidden_dim': 127, 'edge_hidden_dim': 51, 'depth': 1, 'rep_dropout': 0.024511322404446548, 'train_learning_rate': 0.00039094837284116507, 'train_lr_reduce': 0.6}. Best is trial 558 with value: 0.30280801653862.
[I 2024-12-20 00:20:31,944] Trial 873 finished with value: 0.39804962277412415 and parameters: {'mlp_n_layers': 4, 'mlp_dim_00': 380, 'mlp_dim_01': 353, 'mlp_dim_02': 340, 'mlp_dim_03': 386, 'node_hidden_dim': 125, 'edge_hidden_dim': 54, 'depth': 1, 'rep_dropout': 0.002188337761958044, 'train_learning_rate': 0.001931604556859792, 'train_lr_reduce': 0.6}. Best is trial 558 with value: 0.30280801653862.
[I 2024-12-20 00:20:32,245] Trial 872 finished with value: 0.38902848958969116 and parameters: {'mlp_n_layers': 4, 'mlp_dim_00': 376, 'mlp_dim_01': 426, 'mlp_dim_02': 234, 'mlp_dim_03': 293, 'node_hidden_dim': 128, 'edge_hidden_dim': 59, 'depth': 1, 'rep_dropout': 0.022207131864161254, 'train_learning_rate': 0.001045052509367046, 'train_lr_reduce': 0.6}. Best is trial 558 with value: 0.30280801653862.
[I 2024-12-20 00:20:36,063] Trial 876 finished with value: 1.5837522745132446 and parameters: {'mlp_n_layers': 4, 'mlp_dim_00': 347, 'mlp_dim_01': 295, 'mlp_dim_02': 283, 'mlp_dim_03': 250, 'node_hidden_dim': 125, 'edge_hidden_dim': 52, 'depth': 1, 'rep_dropout': 0.002547145098670895, 'train_learning_rate': 0.00031591757143558107, 'train_lr_reduce': 0.6}. Best is trial 558 with value: 0.30280801653862.
[I 2024-12-20 00:20:36,316] Trial 875 finished with value: 0.3799479901790619 and parameters: {'mlp_n_layers': 4, 'mlp_dim_00': 152, 'mlp_dim_01': 178, 'mlp_dim_02': 379, 'mlp_dim_03': 327, 'node_hidden_dim': 128, 'edge_hidden_dim': 51, 'depth': 1, 'rep_dropout': 0.029728813125196478, 'train_learning_rate': 0.0020631188171638076, 'train_lr_reduce': 0.6}. Best is trial 558 with value: 0.30280801653862.
[I 2024-12-20 00:20:40,072] Trial 878 finished with value: 1.2853538990020752 and parameters: {'mlp_n_layers': 4, 'mlp_dim_00': 465, 'mlp_dim_01': 444, 'mlp_dim_02': 349, 'mlp_dim_03': 409, 'node_hidden_dim': 123, 'edge_hidden_dim': 44, 'depth': 1, 'rep_dropout': 0.004307241385195762, 'train_learning_rate': 0.009046878925090039, 'train_lr_reduce': 0.6}. Best is trial 558 with value: 0.30280801653862.
[I 2024-12-20 00:20:50,375] Trial 877 finished with value: 0.3721599578857422 and parameters: {'mlp_n_layers': 4, 'mlp_dim_00': 403, 'mlp_dim_01': 349, 'mlp_dim_02': 192, 'mlp_dim_03': 459, 'node_hidden_dim': 89, 'edge_hidden_dim': 35, 'depth': 1, 'rep_dropout': 0.04299628713986612, 'train_learning_rate': 0.0009560439611164746, 'train_lr_reduce': 0.6}. Best is trial 558 with value: 0.30280801653862.
[I 2024-12-20 00:20:52,306] Trial 879 finished with value: 0.36055269837379456 and parameters: {'mlp_n_layers': 4, 'mlp_dim_00': 497, 'mlp_dim_01': 384, 'mlp_dim_02': 422, 'mlp_dim_03': 349, 'node_hidden_dim': 83, 'edge_hidden_dim': 78, 'depth': 1, 'rep_dropout': 0.013872397183099908, 'train_learning_rate': 0.0017797633613295298, 'train_lr_reduce': 0.6}. Best is trial 558 with value: 0.30280801653862.
[I 2024-12-20 00:20:54,225] Trial 880 finished with value: 0.3136161267757416 and parameters: {'mlp_n_layers': 4, 'mlp_dim_00': 395, 'mlp_dim_01': 328, 'mlp_dim_02': 314, 'mlp_dim_03': 282, 'node_hidden_dim': 122, 'edge_hidden_dim': 43, 'depth': 1, 'rep_dropout': 0.02326242703048908, 'train_learning_rate': 0.0038323439481360543, 'train_lr_reduce': 0.6}. Best is trial 558 with value: 0.30280801653862.
[I 2024-12-20 00:20:58,107] Trial 883 finished with value: 1.495586633682251 and parameters: {'mlp_n_layers': 3, 'mlp_dim_00': 473, 'mlp_dim_01': 292, 'mlp_dim_02': 323, 'node_hidden_dim': 98, 'edge_hidden_dim': 44, 'depth': 1, 'rep_dropout': 0.06170555789422791, 'train_learning_rate': 0.001699502991481617, 'train_lr_reduce': 0.6}. Best is trial 558 with value: 0.30280801653862.
[I 2024-12-20 00:21:05,872] Trial 881 finished with value: 0.3395523428916931 and parameters: {'mlp_n_layers': 4, 'mlp_dim_00': 346, 'mlp_dim_01': 425, 'mlp_dim_02': 266, 'mlp_dim_03': 418, 'node_hidden_dim': 113, 'edge_hidden_dim': 65, 'depth': 1, 'rep_dropout': 0.04493779515614198, 'train_learning_rate': 0.0007686695179502904, 'train_lr_reduce': 0.6}. Best is trial 558 with value: 0.30280801653862.
[I 2024-12-20 00:21:06,935] Trial 882 finished with value: 0.4250020682811737 and parameters: {'mlp_n_layers': 4, 'mlp_dim_00': 381, 'mlp_dim_01': 269, 'mlp_dim_02': 155, 'mlp_dim_03': 322, 'node_hidden_dim': 109, 'edge_hidden_dim': 57, 'depth': 1, 'rep_dropout': 0.010341057017719832, 'train_learning_rate': 0.0028513611605770167, 'train_lr_reduce': 0.6}. Best is trial 558 with value: 0.30280801653862.
[I 2024-12-20 00:21:09,324] Trial 884 finished with value: 0.4814370572566986 and parameters: {'mlp_n_layers': 4, 'mlp_dim_00': 463, 'mlp_dim_01': 309, 'mlp_dim_02': 318, 'mlp_dim_03': 290, 'node_hidden_dim': 120, 'edge_hidden_dim': 33, 'depth': 1, 'rep_dropout': 0.035685473576652735, 'train_learning_rate': 0.003501926401101734, 'train_lr_reduce': 0.6}. Best is trial 558 with value: 0.30280801653862.
