[I 2024-12-25 05:02:20,262] Trial 1221 finished with value: 0.013112804852426052 and parameters: {'L1_hidden_dim': 160, 'L1_layers_atom': 3, 'L1_layers_mol': 4, 'L1_dropout': 0.04378173705750659, 'L1_out_dim': 64, 'L2_hidden_dim': 224, 'L2_layers_atom': 4, 'L2_layers_mol': 2, 'L2_out_dim': 32, 'L2_dropout': 0.14758565422667796, 'L3_hidden_dim': 96, 'L3_layers_atom': 4, 'L3_layers_mol': 3, 'L3_out_dim': 128, 'L3_dropout': 0.03718536015006238, 'n_mlp_layers': 2, 'mlp_dim_0': 224, 'mlp_dim_1': 336, 'num_heads': 1, 'final_dropout': 0.06119064825230772, 'train_learning_rate': 0.0004381115567398613, 'train_lr_reduce': 0.6}. Best is trial 570 with value: 0.00952998548746109.
[I 2024-12-25 05:02:36,910] Trial 1222 finished with value: 0.01115553267300129 and parameters: {'L1_hidden_dim': 240, 'L1_layers_atom': 3, 'L1_layers_mol': 4, 'L1_dropout': 0.04192940251405523, 'L1_out_dim': 48, 'L2_hidden_dim': 208, 'L2_layers_atom': 3, 'L2_layers_mol': 1, 'L2_out_dim': 64, 'L2_dropout': 0.13835246163273776, 'L3_hidden_dim': 96, 'L3_layers_atom': 3, 'L3_layers_mol': 4, 'L3_out_dim': 96, 'L3_dropout': 0.07849499210361241, 'n_mlp_layers': 3, 'mlp_dim_0': 120, 'mlp_dim_1': 104, 'mlp_dim_2': 112, 'num_heads': 2, 'final_dropout': 0.19312824632637968, 'train_learning_rate': 0.0003153195465728276, 'train_lr_reduce': 0.6}. Best is trial 570 with value: 0.00952998548746109.
[I 2024-12-25 05:03:33,383] Trial 1223 finished with value: 0.009942392818629742 and parameters: {'L1_hidden_dim': 176, 'L1_layers_atom': 3, 'L1_layers_mol': 4, 'L1_dropout': 0.005409117605849953, 'L1_out_dim': 32, 'L2_hidden_dim': 240, 'L2_layers_atom': 3, 'L2_layers_mol': 1, 'L2_out_dim': 48, 'L2_dropout': 0.12000293948407678, 'L3_hidden_dim': 80, 'L3_layers_atom': 4, 'L3_layers_mol': 2, 'L3_out_dim': 128, 'L3_dropout': 0.2212852163845596, 'n_mlp_layers': 2, 'mlp_dim_0': 384, 'mlp_dim_1': 72, 'num_heads': 2, 'final_dropout': 0.038936923621191805, 'train_learning_rate': 0.0008228156502595825, 'train_lr_reduce': 0.6}. Best is trial 570 with value: 0.00952998548746109.
[I 2024-12-25 05:04:16,244] Trial 1224 finished with value: 0.011440453119575977 and parameters: {'L1_hidden_dim': 192, 'L1_layers_atom': 4, 'L1_layers_mol': 4, 'L1_dropout': 0.004292774522047895, 'L1_out_dim': 48, 'L2_hidden_dim': 176, 'L2_layers_atom': 2, 'L2_layers_mol': 1, 'L2_out_dim': 32, 'L2_dropout': 0.11943989671638225, 'L3_hidden_dim': 112, 'L3_layers_atom': 3, 'L3_layers_mol': 4, 'L3_out_dim': 96, 'L3_dropout': 0.1776893583551374, 'n_mlp_layers': 1, 'mlp_dim_0': 168, 'num_heads': 2, 'final_dropout': 0.18392543055195082, 'train_learning_rate': 0.0009478674388844647, 'train_lr_reduce': 0.6}. Best is trial 570 with value: 0.00952998548746109.
[I 2024-12-25 05:05:48,061] Trial 1226 finished with value: 0.011249084025621414 and parameters: {'L1_hidden_dim': 224, 'L1_layers_atom': 4, 'L1_layers_mol': 3, 'L1_dropout': 0.019217632371070152, 'L1_out_dim': 32, 'L2_hidden_dim': 256, 'L2_layers_atom': 3, 'L2_layers_mol': 1, 'L2_out_dim': 128, 'L2_dropout': 0.06578478346818162, 'L3_hidden_dim': 112, 'L3_layers_atom': 3, 'L3_layers_mol': 3, 'L3_out_dim': 112, 'L3_dropout': 0.07971675055981273, 'n_mlp_layers': 2, 'mlp_dim_0': 168, 'mlp_dim_1': 80, 'num_heads': 2, 'final_dropout': 0.22337404401993008, 'train_learning_rate': 0.0008800909669358862, 'train_lr_reduce': 0.6}. Best is trial 570 with value: 0.00952998548746109.
[I 2024-12-25 05:05:55,566] Trial 1225 finished with value: 0.011590284295380116 and parameters: {'L1_hidden_dim': 224, 'L1_layers_atom': 3, 'L1_layers_mol': 3, 'L1_dropout': 0.062363530605630255, 'L1_out_dim': 32, 'L2_hidden_dim': 240, 'L2_layers_atom': 2, 'L2_layers_mol': 2, 'L2_out_dim': 80, 'L2_dropout': 0.05340894013904161, 'L3_hidden_dim': 96, 'L3_layers_atom': 4, 'L3_layers_mol': 3, 'L3_out_dim': 112, 'L3_dropout': 0.1210203759825861, 'n_mlp_layers': 3, 'mlp_dim_0': 144, 'mlp_dim_1': 112, 'mlp_dim_2': 112, 'num_heads': 2, 'final_dropout': 0.1916921064635606, 'train_learning_rate': 0.0005525788830374467, 'train_lr_reduce': 0.6}. Best is trial 570 with value: 0.00952998548746109.
[I 2024-12-25 05:07:32,406] Trial 1227 finished with value: 0.009914210066199303 and parameters: {'L1_hidden_dim': 192, 'L1_layers_atom': 4, 'L1_layers_mol': 4, 'L1_dropout': 0.01587217462273898, 'L1_out_dim': 48, 'L2_hidden_dim': 256, 'L2_layers_atom': 4, 'L2_layers_mol': 2, 'L2_out_dim': 96, 'L2_dropout': 0.1571023412924862, 'L3_hidden_dim': 128, 'L3_layers_atom': 3, 'L3_layers_mol': 2, 'L3_out_dim': 80, 'L3_dropout': 0.14159461688718566, 'n_mlp_layers': 3, 'mlp_dim_0': 272, 'mlp_dim_1': 88, 'mlp_dim_2': 80, 'num_heads': 2, 'final_dropout': 0.18006941196958529, 'train_learning_rate': 0.0004808322778312844, 'train_lr_reduce': 0.6}. Best is trial 570 with value: 0.00952998548746109.
[I 2024-12-25 05:09:31,112] Trial 1228 finished with value: 0.012126890942454338 and parameters: {'L1_hidden_dim': 224, 'L1_layers_atom': 4, 'L1_layers_mol': 4, 'L1_dropout': 0.0697886359731811, 'L1_out_dim': 64, 'L2_hidden_dim': 224, 'L2_layers_atom': 3, 'L2_layers_mol': 2, 'L2_out_dim': 80, 'L2_dropout': 0.09359768806113913, 'L3_hidden_dim': 96, 'L3_layers_atom': 3, 'L3_layers_mol': 2, 'L3_out_dim': 112, 'L3_dropout': 0.1545643442748026, 'n_mlp_layers': 3, 'mlp_dim_0': 136, 'mlp_dim_1': 88, 'mlp_dim_2': 136, 'num_heads': 2, 'final_dropout': 0.163707205373947, 'train_learning_rate': 0.00010898137002319656, 'train_lr_reduce': 0.6}. Best is trial 570 with value: 0.00952998548746109.
[I 2024-12-25 05:09:57,103] Trial 1230 finished with value: 0.011252553202211857 and parameters: {'L1_hidden_dim': 208, 'L1_layers_atom': 2, 'L1_layers_mol': 3, 'L1_dropout': 0.06721288842667339, 'L1_out_dim': 48, 'L2_hidden_dim': 192, 'L2_layers_atom': 4, 'L2_layers_mol': 1, 'L2_out_dim': 32, 'L2_dropout': 0.1415065525812662, 'L3_hidden_dim': 96, 'L3_layers_atom': 1, 'L3_layers_mol': 4, 'L3_out_dim': 96, 'L3_dropout': 0.19537325163576674, 'n_mlp_layers': 1, 'mlp_dim_0': 416, 'num_heads': 2, 'final_dropout': 0.005327564396314766, 'train_learning_rate': 0.000518046462565789, 'train_lr_reduce': 0.6}. Best is trial 570 with value: 0.00952998548746109.
[I 2024-12-25 05:10:38,451] Trial 1229 finished with value: 0.04548962414264679 and parameters: {'L1_hidden_dim': 192, 'L1_layers_atom': 2, 'L1_layers_mol': 4, 'L1_dropout': 0.04779922078074605, 'L1_out_dim': 96, 'L2_hidden_dim': 144, 'L2_layers_atom': 3, 'L2_layers_mol': 4, 'L2_out_dim': 80, 'L2_dropout': 0.2632360948685274, 'L3_hidden_dim': 32, 'L3_layers_atom': 3, 'L3_layers_mol': 1, 'L3_out_dim': 112, 'L3_dropout': 0.23101054879759103, 'n_mlp_layers': 3, 'mlp_dim_0': 256, 'mlp_dim_1': 80, 'mlp_dim_2': 144, 'num_heads': 2, 'final_dropout': 0.20013480841198772, 'train_learning_rate': 0.0003490937917064676, 'train_lr_reduce': 0.6}. Best is trial 570 with value: 0.00952998548746109.
[I 2024-12-25 05:11:41,707] Trial 1231 finished with value: 0.019467517733573914 and parameters: {'L1_hidden_dim': 144, 'L1_layers_atom': 3, 'L1_layers_mol': 1, 'L1_dropout': 0.03463376567180146, 'L1_out_dim': 112, 'L2_hidden_dim': 96, 'L2_layers_atom': 1, 'L2_layers_mol': 2, 'L2_out_dim': 80, 'L2_dropout': 0.03608724564510629, 'L3_hidden_dim': 32, 'L3_layers_atom': 4, 'L3_layers_mol': 3, 'L3_out_dim': 128, 'L3_dropout': 0.18966457137092174, 'n_mlp_layers': 1, 'mlp_dim_0': 184, 'num_heads': 2, 'final_dropout': 0.016064741813831884, 'train_learning_rate': 0.004800353019252563, 'train_lr_reduce': 0.6}. Best is trial 570 with value: 0.00952998548746109.
[I 2024-12-25 05:12:39,828] Trial 1232 finished with value: 0.01148747093975544 and parameters: {'L1_hidden_dim': 176, 'L1_layers_atom': 3, 'L1_layers_mol': 4, 'L1_dropout': 0.08835029819670626, 'L1_out_dim': 32, 'L2_hidden_dim': 256, 'L2_layers_atom': 3, 'L2_layers_mol': 1, 'L2_out_dim': 64, 'L2_dropout': 0.022632505859471144, 'L3_hidden_dim': 80, 'L3_layers_atom': 3, 'L3_layers_mol': 2, 'L3_out_dim': 128, 'L3_dropout': 0.2501904288884553, 'n_mlp_layers': 2, 'mlp_dim_0': 384, 'mlp_dim_1': 104, 'num_heads': 2, 'final_dropout': 0.07291340397941753, 'train_learning_rate': 0.0003898776599219198, 'train_lr_reduce': 0.6}. Best is trial 570 with value: 0.00952998548746109.
[I 2024-12-25 05:12:42,205] Trial 1233 finished with value: 0.01494490634649992 and parameters: {'L1_hidden_dim': 112, 'L1_layers_atom': 3, 'L1_layers_mol': 4, 'L1_dropout': 0.11641426735080745, 'L1_out_dim': 96, 'L2_hidden_dim': 176, 'L2_layers_atom': 4, 'L2_layers_mol': 4, 'L2_out_dim': 32, 'L2_dropout': 0.19036624081250855, 'L3_hidden_dim': 96, 'L3_layers_atom': 1, 'L3_layers_mol': 1, 'L3_out_dim': 80, 'L3_dropout': 0.025469436226498013, 'n_mlp_layers': 1, 'mlp_dim_0': 400, 'num_heads': 2, 'final_dropout': 0.25982985780088363, 'train_learning_rate': 0.005503686957253556, 'train_lr_reduce': 0.6}. Best is trial 570 with value: 0.00952998548746109.
[I 2024-12-25 05:14:06,040] Trial 1234 finished with value: 0.02427069842815399 and parameters: {'L1_hidden_dim': 176, 'L1_layers_atom': 3, 'L1_layers_mol': 4, 'L1_dropout': 0.07093795700512834, 'L1_out_dim': 64, 'L2_hidden_dim': 240, 'L2_layers_atom': 3, 'L2_layers_mol': 3, 'L2_out_dim': 112, 'L2_dropout': 0.15453109882206295, 'L3_hidden_dim': 128, 'L3_layers_atom': 2, 'L3_layers_mol': 2, 'L3_out_dim': 80, 'L3_dropout': 0.19406341692784249, 'n_mlp_layers': 3, 'mlp_dim_0': 256, 'mlp_dim_1': 128, 'mlp_dim_2': 64, 'num_heads': 2, 'final_dropout': 0.1618410337998229, 'train_learning_rate': 0.00015187516031294995, 'train_lr_reduce': 0.6}. Best is trial 570 with value: 0.00952998548746109.
[I 2024-12-25 05:14:11,705] Trial 1236 finished with value: 0.014064528979361057 and parameters: {'L1_hidden_dim': 240, 'L1_layers_atom': 1, 'L1_layers_mol': 3, 'L1_dropout': 0.01800145087338216, 'L1_out_dim': 128, 'L2_hidden_dim': 160, 'L2_layers_atom': 2, 'L2_layers_mol': 4, 'L2_out_dim': 128, 'L2_dropout': 0.21971007495792874, 'L3_hidden_dim': 32, 'L3_layers_atom': 3, 'L3_layers_mol': 1, 'L3_out_dim': 112, 'L3_dropout': 0.2918407262545885, 'n_mlp_layers': 3, 'mlp_dim_0': 120, 'mlp_dim_1': 120, 'mlp_dim_2': 32, 'num_heads': 2, 'final_dropout': 0.24133653767970903, 'train_learning_rate': 0.0023315946315947134, 'train_lr_reduce': 0.6}. Best is trial 570 with value: 0.00952998548746109.
[I 2024-12-25 05:15:16,326] Trial 1235 finished with value: 0.010591269470751286 and parameters: {'L1_hidden_dim': 208, 'L1_layers_atom': 4, 'L1_layers_mol': 4, 'L1_dropout': 0.013327611360709004, 'L1_out_dim': 48, 'L2_hidden_dim': 240, 'L2_layers_atom': 2, 'L2_layers_mol': 2, 'L2_out_dim': 96, 'L2_dropout': 0.17213985555113784, 'L3_hidden_dim': 112, 'L3_layers_atom': 3, 'L3_layers_mol': 2, 'L3_out_dim': 80, 'L3_dropout': 0.1487342345473034, 'n_mlp_layers': 2, 'mlp_dim_0': 248, 'mlp_dim_1': 112, 'num_heads': 1, 'final_dropout': 0.11979158537299543, 'train_learning_rate': 0.0004528620009891903, 'train_lr_reduce': 0.6}. Best is trial 570 with value: 0.00952998548746109.
[I 2024-12-25 05:16:35,585] Trial 1237 finished with value: 0.011715049855411053 and parameters: {'L1_hidden_dim': 128, 'L1_layers_atom': 4, 'L1_layers_mol': 3, 'L1_dropout': 0.048256838155849434, 'L1_out_dim': 48, 'L2_hidden_dim': 256, 'L2_layers_atom': 4, 'L2_layers_mol': 3, 'L2_out_dim': 128, 'L2_dropout': 0.10574473418419114, 'L3_hidden_dim': 96, 'L3_layers_atom': 3, 'L3_layers_mol': 2, 'L3_out_dim': 112, 'L3_dropout': 0.13677620964531195, 'n_mlp_layers': 3, 'mlp_dim_0': 256, 'mlp_dim_1': 88, 'mlp_dim_2': 88, 'num_heads': 2, 'final_dropout': 0.12336582851300984, 'train_learning_rate': 0.0006221831937463908, 'train_lr_reduce': 0.6}. Best is trial 570 with value: 0.00952998548746109.
[I 2024-12-25 05:16:44,141] Trial 1238 finished with value: 0.011058403179049492 and parameters: {'L1_hidden_dim': 160, 'L1_layers_atom': 4, 'L1_layers_mol': 4, 'L1_dropout': 0.01586908239557157, 'L1_out_dim': 48, 'L2_hidden_dim': 208, 'L2_layers_atom': 3, 'L2_layers_mol': 2, 'L2_out_dim': 96, 'L2_dropout': 0.23518861962774235, 'L3_hidden_dim': 128, 'L3_layers_atom': 2, 'L3_layers_mol': 1, 'L3_out_dim': 80, 'L3_dropout': 0.005586853834746164, 'n_mlp_layers': 3, 'mlp_dim_0': 192, 'mlp_dim_1': 88, 'mlp_dim_2': 128, 'num_heads': 2, 'final_dropout': 0.23116583632115337, 'train_learning_rate': 0.000387625868137512, 'train_lr_reduce': 0.6}. Best is trial 570 with value: 0.00952998548746109.
[I 2024-12-25 05:17:15,673] Trial 1239 finished with value: 0.012821769341826439 and parameters: {'L1_hidden_dim': 96, 'L1_layers_atom': 2, 'L1_layers_mol': 2, 'L1_dropout': 0.01143340855545201, 'L1_out_dim': 32, 'L2_hidden_dim': 176, 'L2_layers_atom': 3, 'L2_layers_mol': 1, 'L2_out_dim': 112, 'L2_dropout': 0.012209325868762038, 'L3_hidden_dim': 112, 'L3_layers_atom': 4, 'L3_layers_mol': 1, 'L3_out_dim': 128, 'L3_dropout': 0.11233990286303058, 'n_mlp_layers': 3, 'mlp_dim_0': 408, 'mlp_dim_1': 72, 'mlp_dim_2': 80, 'num_heads': 2, 'final_dropout': 0.24610962175530382, 'train_learning_rate': 0.0036984847169227457, 'train_lr_reduce': 0.6}. Best is trial 570 with value: 0.00952998548746109.
[I 2024-12-25 05:19:25,832] Trial 1242 finished with value: 0.011470399796962738 and parameters: {'L1_hidden_dim': 208, 'L1_layers_atom': 4, 'L1_layers_mol': 4, 'L1_dropout': 0.055310620499749795, 'L1_out_dim': 48, 'L2_hidden_dim': 224, 'L2_layers_atom': 3, 'L2_layers_mol': 2, 'L2_out_dim': 128, 'L2_dropout': 0.1721609332691575, 'L3_hidden_dim': 128, 'L3_layers_atom': 3, 'L3_layers_mol': 2, 'L3_out_dim': 80, 'L3_dropout': 0.10277357292615028, 'n_mlp_layers': 3, 'mlp_dim_0': 360, 'mlp_dim_1': 80, 'mlp_dim_2': 104, 'num_heads': 2, 'final_dropout': 0.12078863796852209, 'train_learning_rate': 0.0009487435614185855, 'train_lr_reduce': 0.6}. Best is trial 570 with value: 0.00952998548746109.
[I 2024-12-25 05:19:27,125] Trial 1240 finished with value: 0.01068287342786789 and parameters: {'L1_hidden_dim': 176, 'L1_layers_atom': 4, 'L1_layers_mol': 4, 'L1_dropout': 0.06720769236621998, 'L1_out_dim': 48, 'L2_hidden_dim': 208, 'L2_layers_atom': 4, 'L2_layers_mol': 2, 'L2_out_dim': 80, 'L2_dropout': 0.1717888394895994, 'L3_hidden_dim': 96, 'L3_layers_atom': 2, 'L3_layers_mol': 3, 'L3_out_dim': 96, 'L3_dropout': 0.16616167848677701, 'n_mlp_layers': 3, 'mlp_dim_0': 312, 'mlp_dim_1': 120, 'mlp_dim_2': 152, 'num_heads': 2, 'final_dropout': 0.2025277117540066, 'train_learning_rate': 0.00040155522184677977, 'train_lr_reduce': 0.6}. Best is trial 570 with value: 0.00952998548746109.
[I 2024-12-25 05:20:22,525] Trial 1241 finished with value: 0.010897668078541756 and parameters: {'L1_hidden_dim': 240, 'L1_layers_atom': 4, 'L1_layers_mol': 3, 'L1_dropout': 0.048282492272065186, 'L1_out_dim': 64, 'L2_hidden_dim': 256, 'L2_layers_atom': 4, 'L2_layers_mol': 3, 'L2_out_dim': 48, 'L2_dropout': 0.14356562687081292, 'L3_hidden_dim': 128, 'L3_layers_atom': 2, 'L3_layers_mol': 2, 'L3_out_dim': 96, 'L3_dropout': 0.13166560504039698, 'n_mlp_layers': 3, 'mlp_dim_0': 280, 'mlp_dim_1': 72, 'mlp_dim_2': 168, 'num_heads': 2, 'final_dropout': 0.20471588620167963, 'train_learning_rate': 0.0006481497220990844, 'train_lr_reduce': 0.6}. Best is trial 570 with value: 0.00952998548746109.
[I 2024-12-25 05:21:27,438] Trial 1243 finished with value: 0.012262954376637936 and parameters: {'L1_hidden_dim': 256, 'L1_layers_atom': 4, 'L1_layers_mol': 4, 'L1_dropout': 0.10624450597255355, 'L1_out_dim': 48, 'L2_hidden_dim': 208, 'L2_layers_atom': 3, 'L2_layers_mol': 1, 'L2_out_dim': 64, 'L2_dropout': 0.10609610594484202, 'L3_hidden_dim': 128, 'L3_layers_atom': 2, 'L3_layers_mol': 3, 'L3_out_dim': 112, 'L3_dropout': 0.10138862254849276, 'n_mlp_layers': 3, 'mlp_dim_0': 160, 'mlp_dim_1': 32, 'mlp_dim_2': 88, 'num_heads': 1, 'final_dropout': 0.15616882317573352, 'train_learning_rate': 0.0003182500686441809, 'train_lr_reduce': 0.6}. Best is trial 570 with value: 0.00952998548746109.
[I 2024-12-25 05:22:36,921] Trial 1245 finished with value: 0.010568590834736824 and parameters: {'L1_hidden_dim': 192, 'L1_layers_atom': 3, 'L1_layers_mol': 4, 'L1_dropout': 0.06041456231143064, 'L1_out_dim': 48, 'L2_hidden_dim': 240, 'L2_layers_atom': 4, 'L2_layers_mol': 2, 'L2_out_dim': 112, 'L2_dropout': 0.12364139746330996, 'L3_hidden_dim': 128, 'L3_layers_atom': 3, 'L3_layers_mol': 2, 'L3_out_dim': 96, 'L3_dropout': 0.17997149606282353, 'n_mlp_layers': 3, 'mlp_dim_0': 288, 'mlp_dim_1': 120, 'mlp_dim_2': 136, 'num_heads': 2, 'final_dropout': 0.23785619625304005, 'train_learning_rate': 0.0018592823543169006, 'train_lr_reduce': 0.6}. Best is trial 570 with value: 0.00952998548746109.
[I 2024-12-25 05:22:47,027] Trial 1246 finished with value: 0.013912889175117016 and parameters: {'L1_hidden_dim': 176, 'L1_layers_atom': 3, 'L1_layers_mol': 4, 'L1_dropout': 0.05386635180877576, 'L1_out_dim': 48, 'L2_hidden_dim': 240, 'L2_layers_atom': 3, 'L2_layers_mol': 1, 'L2_out_dim': 96, 'L2_dropout': 0.16650347182257308, 'L3_hidden_dim': 48, 'L3_layers_atom': 4, 'L3_layers_mol': 3, 'L3_out_dim': 112, 'L3_dropout': 0.16996178905998463, 'n_mlp_layers': 2, 'mlp_dim_0': 376, 'mlp_dim_1': 72, 'num_heads': 2, 'final_dropout': 0.07850045709336109, 'train_learning_rate': 0.0011698300627229626, 'train_lr_reduce': 0.6}. Best is trial 570 with value: 0.00952998548746109.
[I 2024-12-25 05:23:02,165] Trial 1244 finished with value: 0.011015673168003559 and parameters: {'L1_hidden_dim': 144, 'L1_layers_atom': 3, 'L1_layers_mol': 4, 'L1_dropout': 0.007807638712828012, 'L1_out_dim': 32, 'L2_hidden_dim': 256, 'L2_layers_atom': 4, 'L2_layers_mol': 2, 'L2_out_dim': 80, 'L2_dropout': 0.15875392056148624, 'L3_hidden_dim': 112, 'L3_layers_atom': 3, 'L3_layers_mol': 3, 'L3_out_dim': 64, 'L3_dropout': 0.11125638005288191, 'n_mlp_layers': 3, 'mlp_dim_0': 224, 'mlp_dim_1': 72, 'mlp_dim_2': 184, 'num_heads': 2, 'final_dropout': 0.1434337873811189, 'train_learning_rate': 0.0003892836840243753, 'train_lr_reduce': 0.6}. Best is trial 570 with value: 0.00952998548746109.
[I 2024-12-25 05:24:47,515] Trial 1247 finished with value: 0.011829215101897717 and parameters: {'L1_hidden_dim': 240, 'L1_layers_atom': 4, 'L1_layers_mol': 3, 'L1_dropout': 0.05314091266297062, 'L1_out_dim': 64, 'L2_hidden_dim': 176, 'L2_layers_atom': 3, 'L2_layers_mol': 1, 'L2_out_dim': 112, 'L2_dropout': 0.07079678598826498, 'L3_hidden_dim': 112, 'L3_layers_atom': 2, 'L3_layers_mol': 4, 'L3_out_dim': 112, 'L3_dropout': 0.061945661029812124, 'n_mlp_layers': 3, 'mlp_dim_0': 208, 'mlp_dim_1': 72, 'mlp_dim_2': 72, 'num_heads': 2, 'final_dropout': 0.17475155237735562, 'train_learning_rate': 0.0004418300640084912, 'train_lr_reduce': 0.6}. Best is trial 570 with value: 0.00952998548746109.
[I 2024-12-25 05:25:35,037] Trial 1248 finished with value: 0.010730636306107044 and parameters: {'L1_hidden_dim': 240, 'L1_layers_atom': 3, 'L1_layers_mol': 1, 'L1_dropout': 0.013759996108373711, 'L1_out_dim': 80, 'L2_hidden_dim': 160, 'L2_layers_atom': 4, 'L2_layers_mol': 1, 'L2_out_dim': 48, 'L2_dropout': 0.06367543034802026, 'L3_hidden_dim': 112, 'L3_layers_atom': 4, 'L3_layers_mol': 1, 'L3_out_dim': 96, 'L3_dropout': 0.2575344603047603, 'n_mlp_layers': 2, 'mlp_dim_0': 360, 'mlp_dim_1': 120, 'num_heads': 2, 'final_dropout': 0.0055646062975756964, 'train_learning_rate': 0.0007477503968557907, 'train_lr_reduce': 0.6}. Best is trial 570 with value: 0.00952998548746109.
[I 2024-12-25 05:26:35,375] Trial 1249 finished with value: 0.010935102589428425 and parameters: {'L1_hidden_dim': 160, 'L1_layers_atom': 3, 'L1_layers_mol': 4, 'L1_dropout': 0.08404116017593329, 'L1_out_dim': 48, 'L2_hidden_dim': 176, 'L2_layers_atom': 2, 'L2_layers_mol': 1, 'L2_out_dim': 64, 'L2_dropout': 0.1862696015677105, 'L3_hidden_dim': 80, 'L3_layers_atom': 4, 'L3_layers_mol': 3, 'L3_out_dim': 128, 'L3_dropout': 0.19648033790923944, 'n_mlp_layers': 2, 'mlp_dim_0': 488, 'mlp_dim_1': 120, 'num_heads': 2, 'final_dropout': 0.025090448671668965, 'train_learning_rate': 0.0007971995662853816, 'train_lr_reduce': 0.6}. Best is trial 570 with value: 0.00952998548746109.
[I 2024-12-25 05:27:29,232] Trial 1250 finished with value: 0.009935207664966583 and parameters: {'L1_hidden_dim': 240, 'L1_layers_atom': 4, 'L1_layers_mol': 4, 'L1_dropout': 0.028762428400822326, 'L1_out_dim': 64, 'L2_hidden_dim': 128, 'L2_layers_atom': 3, 'L2_layers_mol': 1, 'L2_out_dim': 32, 'L2_dropout': 0.05241591983046922, 'L3_hidden_dim': 80, 'L3_layers_atom': 4, 'L3_layers_mol': 2, 'L3_out_dim': 112, 'L3_dropout': 0.20320875514567102, 'n_mlp_layers': 1, 'mlp_dim_0': 472, 'num_heads': 2, 'final_dropout': 0.048134837817061835, 'train_learning_rate': 0.000804952517891302, 'train_lr_reduce': 0.6}. Best is trial 570 with value: 0.00952998548746109.
[I 2024-12-25 05:28:50,952] Trial 1251 finished with value: 0.017896881327033043 and parameters: {'L1_hidden_dim': 256, 'L1_layers_atom': 3, 'L1_layers_mol': 1, 'L1_dropout': 0.2459317508275946, 'L1_out_dim': 80, 'L2_hidden_dim': 160, 'L2_layers_atom': 2, 'L2_layers_mol': 4, 'L2_out_dim': 112, 'L2_dropout': 0.007439606767692786, 'L3_hidden_dim': 48, 'L3_layers_atom': 2, 'L3_layers_mol': 3, 'L3_out_dim': 96, 'L3_dropout': 0.0052973885400067755, 'n_mlp_layers': 1, 'mlp_dim_0': 384, 'num_heads': 2, 'final_dropout': 0.09883282461277307, 'train_learning_rate': 0.0005013253328118324, 'train_lr_reduce': 0.6}. Best is trial 570 with value: 0.00952998548746109.
[I 2024-12-25 05:29:36,043] Trial 1252 finished with value: 0.011730700731277466 and parameters: {'L1_hidden_dim': 192, 'L1_layers_atom': 3, 'L1_layers_mol': 4, 'L1_dropout': 0.0525547298965796, 'L1_out_dim': 64, 'L2_hidden_dim': 240, 'L2_layers_atom': 3, 'L2_layers_mol': 1, 'L2_out_dim': 64, 'L2_dropout': 0.1745073667849677, 'L3_hidden_dim': 80, 'L3_layers_atom': 3, 'L3_layers_mol': 2, 'L3_out_dim': 128, 'L3_dropout': 0.19415604659606384, 'n_mlp_layers': 2, 'mlp_dim_0': 400, 'mlp_dim_1': 72, 'num_heads': 2, 'final_dropout': 0.07968426884556717, 'train_learning_rate': 0.0002554007298951539, 'train_lr_reduce': 0.6}. Best is trial 570 with value: 0.00952998548746109.
