[I 2024-12-04 18:04:29,193] Trial 1916 finished with value: 0.3150442412212748 and parameters: {'n_estimators': 906, 'max_depth': 6, 'learning_rate': 0.07457891778285777, 'subsample': 0.7691393278273068, 'colsample_bytree': 0.7186601132974726, 'min_child_weight': 2, 'gamma': 0.0007551752368562655, 'reg_alpha': 0.00010321270649923008, 'reg_lambda': 0.012770498448802889}. Best is trial 1319 with value: 0.30197738672869706.
[I 2024-12-04 18:04:30,615] Trial 1917 finished with value: 0.31687647280749465 and parameters: {'n_estimators': 905, 'max_depth': 6, 'learning_rate': 0.07486204752192681, 'subsample': 0.769142859791391, 'colsample_bytree': 0.7186443900858854, 'min_child_weight': 2, 'gamma': 0.0007365872259113952, 'reg_alpha': 0.00011171545269755396, 'reg_lambda': 0.012919494625718888}. Best is trial 1319 with value: 0.30197738672869706.
[I 2024-12-04 18:04:32,063] Trial 1918 finished with value: 0.3117149066043766 and parameters: {'n_estimators': 908, 'max_depth': 6, 'learning_rate': 0.07458666305199883, 'subsample': 0.7691306648232468, 'colsample_bytree': 0.717845731370402, 'min_child_weight': 2, 'gamma': 0.00076850611109423, 'reg_alpha': 0.00011033355613797041, 'reg_lambda': 0.012429750065899718}. Best is trial 1319 with value: 0.30197738672869706.
[I 2024-12-04 18:04:33,595] Trial 1919 finished with value: 0.31371688650086227 and parameters: {'n_estimators': 910, 'max_depth': 6, 'learning_rate': 0.07427572469933796, 'subsample': 0.7693529796467272, 'colsample_bytree': 0.7191007669082305, 'min_child_weight': 2, 'gamma': 0.0007295824422373017, 'reg_alpha': 0.00010696278442165834, 'reg_lambda': 0.011670162132813605}. Best is trial 1319 with value: 0.30197738672869706.
[I 2024-12-04 18:04:35,064] Trial 1920 finished with value: 0.3197589637102615 and parameters: {'n_estimators': 916, 'max_depth': 6, 'learning_rate': 0.0744148092984676, 'subsample': 0.7678931593640196, 'colsample_bytree': 0.7177000738821026, 'min_child_weight': 2, 'gamma': 0.0007225243891622206, 'reg_alpha': 0.000103255145871089, 'reg_lambda': 0.012334092134952691}. Best is trial 1319 with value: 0.30197738672869706.
[I 2024-12-04 18:04:36,530] Trial 1921 finished with value: 0.3162958140169197 and parameters: {'n_estimators': 912, 'max_depth': 6, 'learning_rate': 0.07493176566507732, 'subsample': 0.7687229139050171, 'colsample_bytree': 0.716698370031149, 'min_child_weight': 2, 'gamma': 0.0007825025452331076, 'reg_alpha': 0.00010884393503636203, 'reg_lambda': 0.012683856759386795}. Best is trial 1319 with value: 0.30197738672869706.
[I 2024-12-04 18:04:38,196] Trial 1922 finished with value: 0.31166284984194914 and parameters: {'n_estimators': 910, 'max_depth': 6, 'learning_rate': 0.07456116308342105, 'subsample': 0.7685226531843455, 'colsample_bytree': 0.7184537391705887, 'min_child_weight': 2, 'gamma': 0.0007267346314638683, 'reg_alpha': 0.00010966051191117132, 'reg_lambda': 0.012318664099806817}. Best is trial 1319 with value: 0.30197738672869706.
[I 2024-12-04 18:04:39,651] Trial 1923 finished with value: 0.3164083670168732 and parameters: {'n_estimators': 918, 'max_depth': 6, 'learning_rate': 0.07453017023486791, 'subsample': 0.7690765257973552, 'colsample_bytree': 0.7179871853986322, 'min_child_weight': 2, 'gamma': 0.0006985227502593072, 'reg_alpha': 0.00010465503509866205, 'reg_lambda': 0.012025471673669273}. Best is trial 1319 with value: 0.30197738672869706.
[I 2024-12-04 18:04:41,237] Trial 1924 finished with value: 0.31622303629229864 and parameters: {'n_estimators': 909, 'max_depth': 6, 'learning_rate': 0.07433974091038359, 'subsample': 0.7693669036371947, 'colsample_bytree': 0.7184223163679626, 'min_child_weight': 2, 'gamma': 0.0007111204374186564, 'reg_alpha': 0.00010301510456552348, 'reg_lambda': 0.011696165702488694}. Best is trial 1319 with value: 0.30197738672869706.
[I 2024-12-04 18:04:42,834] Trial 1925 finished with value: 0.3165933686323005 and parameters: {'n_estimators': 910, 'max_depth': 6, 'learning_rate': 0.0747386767048317, 'subsample': 0.7686735586084362, 'colsample_bytree': 0.7192937940689437, 'min_child_weight': 2, 'gamma': 0.0007195567731386455, 'reg_alpha': 0.00010227644406133914, 'reg_lambda': 0.012367583365031135}. Best is trial 1319 with value: 0.30197738672869706.
[I 2024-12-04 18:04:44,285] Trial 1926 finished with value: 0.31191538408234026 and parameters: {'n_estimators': 908, 'max_depth': 6, 'learning_rate': 0.07423407365494543, 'subsample': 0.7680981560805906, 'colsample_bytree': 0.7181272983050071, 'min_child_weight': 2, 'gamma': 0.000720252681354156, 'reg_alpha': 0.00010545454385075024, 'reg_lambda': 0.011896019502732369}. Best is trial 1319 with value: 0.30197738672869706.
[I 2024-12-04 18:04:45,727] Trial 1927 finished with value: 0.3137969567582959 and parameters: {'n_estimators': 914, 'max_depth': 6, 'learning_rate': 0.07435269617562805, 'subsample': 0.767961401500383, 'colsample_bytree': 0.7188374768562696, 'min_child_weight': 2, 'gamma': 0.0007237536671234736, 'reg_alpha': 0.0001010552129905707, 'reg_lambda': 0.012643809110442068}. Best is trial 1319 with value: 0.30197738672869706.
[I 2024-12-04 18:04:47,154] Trial 1928 finished with value: 0.31437262702612334 and parameters: {'n_estimators': 914, 'max_depth': 6, 'learning_rate': 0.07433685109800992, 'subsample': 0.7686255584500591, 'colsample_bytree': 0.7181430044576811, 'min_child_weight': 2, 'gamma': 0.0007249779494591428, 'reg_alpha': 9.947940969398178e-05, 'reg_lambda': 0.012054241806500719}. Best is trial 1319 with value: 0.30197738672869706.
[I 2024-12-04 18:04:48,655] Trial 1929 finished with value: 0.3130873904742171 and parameters: {'n_estimators': 911, 'max_depth': 6, 'learning_rate': 0.07498616771929244, 'subsample': 0.7682927933609837, 'colsample_bytree': 0.7183248885953311, 'min_child_weight': 2, 'gamma': 0.0007664330981500358, 'reg_alpha': 0.000121109996639529, 'reg_lambda': 0.013240785551142378}. Best is trial 1319 with value: 0.30197738672869706.
[I 2024-12-04 18:04:50,086] Trial 1930 finished with value: 0.3133056880392442 and parameters: {'n_estimators': 912, 'max_depth': 6, 'learning_rate': 0.0744373993212059, 'subsample': 0.7680287651379778, 'colsample_bytree': 0.7186700074661339, 'min_child_weight': 2, 'gamma': 0.0007290454634901425, 'reg_alpha': 0.00011542786365739029, 'reg_lambda': 0.012370375387454927}. Best is trial 1319 with value: 0.30197738672869706.
[I 2024-12-04 18:04:51,513] Trial 1931 finished with value: 0.31335218125897807 and parameters: {'n_estimators': 910, 'max_depth': 6, 'learning_rate': 0.07462834781357255, 'subsample': 0.767669103392717, 'colsample_bytree': 0.7188978385098976, 'min_child_weight': 2, 'gamma': 0.000709485644834088, 'reg_alpha': 0.0001105772382558851, 'reg_lambda': 0.012544300408303979}. Best is trial 1319 with value: 0.30197738672869706.
[I 2024-12-04 18:04:52,942] Trial 1932 finished with value: 0.31177251228450265 and parameters: {'n_estimators': 917, 'max_depth': 6, 'learning_rate': 0.07412423299017096, 'subsample': 0.7683226715169148, 'colsample_bytree': 0.71790608114634, 'min_child_weight': 2, 'gamma': 0.0007080280502587858, 'reg_alpha': 0.00010859907245276052, 'reg_lambda': 0.011833735913103363}. Best is trial 1319 with value: 0.30197738672869706.
[I 2024-12-04 18:04:54,576] Trial 1933 finished with value: 0.3143210234421804 and parameters: {'n_estimators': 908, 'max_depth': 6, 'learning_rate': 0.07444544600340179, 'subsample': 0.7686055102079956, 'colsample_bytree': 0.7201955201632647, 'min_child_weight': 2, 'gamma': 0.0007344972077997475, 'reg_alpha': 0.00011808959453273877, 'reg_lambda': 0.012055930729329263}. Best is trial 1319 with value: 0.30197738672869706.
[I 2024-12-04 18:04:55,984] Trial 1934 finished with value: 0.3136421625455067 and parameters: {'n_estimators': 914, 'max_depth': 6, 'learning_rate': 0.0747253041451231, 'subsample': 0.7686923372670101, 'colsample_bytree': 0.7179061086865435, 'min_child_weight': 2, 'gamma': 0.0007096370880644498, 'reg_alpha': 0.00010462511684620114, 'reg_lambda': 0.012545260581791149}. Best is trial 1319 with value: 0.30197738672869706.
[I 2024-12-04 18:04:57,384] Trial 1935 finished with value: 0.31603642657248826 and parameters: {'n_estimators': 905, 'max_depth': 6, 'learning_rate': 0.07389405303369453, 'subsample': 0.7679749635198664, 'colsample_bytree': 0.7178168846286538, 'min_child_weight': 2, 'gamma': 0.0006945088919892336, 'reg_alpha': 9.661610665560533e-05, 'reg_lambda': 0.01191277945836348}. Best is trial 1319 with value: 0.30197738672869706.
[I 2024-12-04 18:04:58,797] Trial 1936 finished with value: 0.3161265638449816 and parameters: {'n_estimators': 907, 'max_depth': 6, 'learning_rate': 0.07394296959691211, 'subsample': 0.7681741211117601, 'colsample_bytree': 0.7195846066002151, 'min_child_weight': 2, 'gamma': 0.0007082019885517366, 'reg_alpha': 0.00010858827648082422, 'reg_lambda': 0.01127149602112479}. Best is trial 1319 with value: 0.30197738672869706.
[I 2024-12-04 18:05:00,274] Trial 1937 finished with value: 0.31025898693858117 and parameters: {'n_estimators': 911, 'max_depth': 6, 'learning_rate': 0.07455590700380949, 'subsample': 0.7687073852618782, 'colsample_bytree': 0.7186632457272885, 'min_child_weight': 2, 'gamma': 0.0007532729495543992, 'reg_alpha': 0.00011137252041485287, 'reg_lambda': 0.012397532085644144}. Best is trial 1319 with value: 0.30197738672869706.
[I 2024-12-04 18:05:01,859] Trial 1938 finished with value: 0.3158298887212496 and parameters: {'n_estimators': 907, 'max_depth': 6, 'learning_rate': 0.07464279030880794, 'subsample': 0.7694481187637006, 'colsample_bytree': 0.7188204832569534, 'min_child_weight': 2, 'gamma': 0.0007578562368184502, 'reg_alpha': 0.00011279052590778456, 'reg_lambda': 0.011332918579624844}. Best is trial 1319 with value: 0.30197738672869706.
[I 2024-12-04 18:05:03,418] Trial 1939 finished with value: 0.3145471311721667 and parameters: {'n_estimators': 913, 'max_depth': 6, 'learning_rate': 0.07463492787671669, 'subsample': 0.7690208440826558, 'colsample_bytree': 0.7187194979597513, 'min_child_weight': 2, 'gamma': 0.0007529120920909792, 'reg_alpha': 0.00012353277569087957, 'reg_lambda': 0.012009212347415059}. Best is trial 1319 with value: 0.30197738672869706.
[I 2024-12-04 18:05:04,885] Trial 1940 finished with value: 0.3115553726771657 and parameters: {'n_estimators': 910, 'max_depth': 6, 'learning_rate': 0.0739418973888028, 'subsample': 0.768484640565568, 'colsample_bytree': 0.7179031410259704, 'min_child_weight': 2, 'gamma': 0.0007757482669646142, 'reg_alpha': 0.00012362064903456655, 'reg_lambda': 0.01127341328144051}. Best is trial 1319 with value: 0.30197738672869706.
[I 2024-12-04 18:05:06,351] Trial 1941 finished with value: 0.31102406657819787 and parameters: {'n_estimators': 913, 'max_depth': 6, 'learning_rate': 0.07471393255089114, 'subsample': 0.7679501881982458, 'colsample_bytree': 0.7176340576143752, 'min_child_weight': 2, 'gamma': 0.0007741303792263673, 'reg_alpha': 0.00012861304399492903, 'reg_lambda': 0.01258383097405585}. Best is trial 1319 with value: 0.30197738672869706.
[I 2024-12-04 18:05:07,866] Trial 1942 finished with value: 0.31631290178138693 and parameters: {'n_estimators': 914, 'max_depth': 6, 'learning_rate': 0.07450476389481031, 'subsample': 0.7679773081711082, 'colsample_bytree': 0.7182461149505539, 'min_child_weight': 2, 'gamma': 0.0007335688034495029, 'reg_alpha': 0.00011760964426292978, 'reg_lambda': 0.012390007057975687}. Best is trial 1319 with value: 0.30197738672869706.
[I 2024-12-04 18:05:09,376] Trial 1943 finished with value: 0.3090358687521038 and parameters: {'n_estimators': 913, 'max_depth': 6, 'learning_rate': 0.07420947999515676, 'subsample': 0.7687998254125039, 'colsample_bytree': 0.718209545784505, 'min_child_weight': 2, 'gamma': 0.0007475672489944536, 'reg_alpha': 0.00011194147207606105, 'reg_lambda': 0.012320507925807562}. Best is trial 1319 with value: 0.30197738672869706.
[I 2024-12-04 18:05:10,874] Trial 1944 finished with value: 0.3159913164659442 and parameters: {'n_estimators': 917, 'max_depth': 6, 'learning_rate': 0.07412495882699723, 'subsample': 0.7681326307486024, 'colsample_bytree': 0.7175964121915641, 'min_child_weight': 2, 'gamma': 0.0007082457725482006, 'reg_alpha': 0.00010607669707439978, 'reg_lambda': 0.011974181962998582}. Best is trial 1319 with value: 0.30197738672869706.
[I 2024-12-04 18:05:12,392] Trial 1945 finished with value: 0.3109419064730043 and parameters: {'n_estimators': 905, 'max_depth': 6, 'learning_rate': 0.07494567751674287, 'subsample': 0.7693992834021075, 'colsample_bytree': 0.7177326100398816, 'min_child_weight': 2, 'gamma': 0.0008275627583858792, 'reg_alpha': 0.00013365382936293948, 'reg_lambda': 0.01167491183601011}. Best is trial 1319 with value: 0.30197738672869706.
[I 2024-12-04 18:05:13,920] Trial 1946 finished with value: 0.315039644490622 and parameters: {'n_estimators': 916, 'max_depth': 6, 'learning_rate': 0.07452505850047846, 'subsample': 0.7683033649798783, 'colsample_bytree': 0.7182717945688484, 'min_child_weight': 2, 'gamma': 0.0006947976813673428, 'reg_alpha': 0.00010946899915056635, 'reg_lambda': 0.012261602469141436}. Best is trial 1319 with value: 0.30197738672869706.
[I 2024-12-04 18:05:15,419] Trial 1947 finished with value: 0.31417023018568413 and parameters: {'n_estimators': 920, 'max_depth': 6, 'learning_rate': 0.07394514754604982, 'subsample': 0.768477766548346, 'colsample_bytree': 0.7170024306795502, 'min_child_weight': 2, 'gamma': 0.0007238452838757993, 'reg_alpha': 0.00010369897174662182, 'reg_lambda': 0.011460912427146528}. Best is trial 1319 with value: 0.30197738672869706.
[I 2024-12-04 18:05:16,941] Trial 1948 finished with value: 0.31205538364836743 and parameters: {'n_estimators': 917, 'max_depth': 6, 'learning_rate': 0.0746655719203058, 'subsample': 0.7673799480324619, 'colsample_bytree': 0.7180082041319731, 'min_child_weight': 2, 'gamma': 0.0007486337629017786, 'reg_alpha': 0.0001248826613378348, 'reg_lambda': 0.012898882664588236}. Best is trial 1319 with value: 0.30197738672869706.
[I 2024-12-04 18:05:18,521] Trial 1949 finished with value: 0.3118726027586699 and parameters: {'n_estimators': 907, 'max_depth': 6, 'learning_rate': 0.07426953088842182, 'subsample': 0.7697904633751195, 'colsample_bytree': 0.7175155323401258, 'min_child_weight': 2, 'gamma': 0.0008294871062860053, 'reg_alpha': 0.00013275333594263655, 'reg_lambda': 0.011509022650495769}. Best is trial 1319 with value: 0.30197738672869706.
[I 2024-12-04 18:05:20,159] Trial 1950 finished with value: 0.3076847748981411 and parameters: {'n_estimators': 912, 'max_depth': 6, 'learning_rate': 0.07433217288474787, 'subsample': 0.7689099200910617, 'colsample_bytree': 0.7177107836569794, 'min_child_weight': 2, 'gamma': 0.0007524723192276331, 'reg_alpha': 0.00011488067708507523, 'reg_lambda': 0.011690340781655248}. Best is trial 1319 with value: 0.30197738672869706.
[I 2024-12-04 18:05:21,657] Trial 1951 finished with value: 0.3103310678313921 and parameters: {'n_estimators': 911, 'max_depth': 6, 'learning_rate': 0.07435234183922153, 'subsample': 0.7687695469905707, 'colsample_bytree': 0.7187725030927399, 'min_child_weight': 2, 'gamma': 0.0007392756157841191, 'reg_alpha': 0.00012082078782423896, 'reg_lambda': 0.012200890560534403}. Best is trial 1319 with value: 0.30197738672869706.
[I 2024-12-04 18:05:23,144] Trial 1952 finished with value: 0.31029825629853386 and parameters: {'n_estimators': 910, 'max_depth': 6, 'learning_rate': 0.07488129183612136, 'subsample': 0.7681514275005902, 'colsample_bytree': 0.7192577870294726, 'min_child_weight': 2, 'gamma': 0.0007781750874359991, 'reg_alpha': 0.00012112401411144303, 'reg_lambda': 0.012396427103961863}. Best is trial 1319 with value: 0.30197738672869706.
[I 2024-12-04 18:05:24,631] Trial 1953 finished with value: 0.31153747052507336 and parameters: {'n_estimators': 915, 'max_depth': 6, 'learning_rate': 0.07418059491348424, 'subsample': 0.7690628368944625, 'colsample_bytree': 0.7183500080654969, 'min_child_weight': 2, 'gamma': 0.0007680857505763442, 'reg_alpha': 0.00011521277572063265, 'reg_lambda': 0.01147802752012634}. Best is trial 1319 with value: 0.30197738672869706.
[I 2024-12-04 18:05:26,075] Trial 1954 finished with value: 0.30831217945308076 and parameters: {'n_estimators': 910, 'max_depth': 6, 'learning_rate': 0.07485583275836284, 'subsample': 0.7686501339586316, 'colsample_bytree': 0.7171352084873528, 'min_child_weight': 2, 'gamma': 0.0008045005229350552, 'reg_alpha': 0.00014190049919892995, 'reg_lambda': 0.01214370260397899}. Best is trial 1319 with value: 0.30197738672869706.
[I 2024-12-04 18:05:27,511] Trial 1955 finished with value: 0.3068414937472497 and parameters: {'n_estimators': 915, 'max_depth': 6, 'learning_rate': 0.0743659740223407, 'subsample': 0.7687074583352485, 'colsample_bytree': 0.7170970165064743, 'min_child_weight': 2, 'gamma': 0.0007603640855574438, 'reg_alpha': 0.0001337824601056174, 'reg_lambda': 0.012234847009292903}. Best is trial 1319 with value: 0.30197738672869706.
[I 2024-12-04 18:05:28,971] Trial 1956 finished with value: 0.31567082187789536 and parameters: {'n_estimators': 906, 'max_depth': 6, 'learning_rate': 0.07514069136307196, 'subsample': 0.7690181731747946, 'colsample_bytree': 0.7185017017684903, 'min_child_weight': 2, 'gamma': 0.0007871492478246715, 'reg_alpha': 0.00012774611217125932, 'reg_lambda': 0.012688010667530378}. Best is trial 1319 with value: 0.30197738672869706.
[I 2024-12-04 18:05:30,425] Trial 1957 finished with value: 0.3136660053983314 and parameters: {'n_estimators': 912, 'max_depth': 6, 'learning_rate': 0.07532202755383519, 'subsample': 0.7676199397774195, 'colsample_bytree': 0.7183555085329905, 'min_child_weight': 2, 'gamma': 0.0007871028168712792, 'reg_alpha': 0.00012655405166636397, 'reg_lambda': 0.013030168498074557}. Best is trial 1319 with value: 0.30197738672869706.
[I 2024-12-04 18:05:31,871] Trial 1958 finished with value: 0.31695503590323404 and parameters: {'n_estimators': 917, 'max_depth': 6, 'learning_rate': 0.07441962674917689, 'subsample': 0.7689819514393225, 'colsample_bytree': 0.7172015517929112, 'min_child_weight': 2, 'gamma': 0.000774155474010431, 'reg_alpha': 0.00011593454386355336, 'reg_lambda': 0.012255211674540089}. Best is trial 1319 with value: 0.30197738672869706.
[I 2024-12-04 18:05:33,408] Trial 1959 finished with value: 0.3107811938768398 and parameters: {'n_estimators': 910, 'max_depth': 6, 'learning_rate': 0.07424946600526024, 'subsample': 0.7694847233520995, 'colsample_bytree': 0.7171310415638112, 'min_child_weight': 2, 'gamma': 0.000792434558734321, 'reg_alpha': 0.00011055137535608188, 'reg_lambda': 0.012589829245321312}. Best is trial 1319 with value: 0.30197738672869706.
[I 2024-12-04 18:05:34,850] Trial 1960 finished with value: 0.30889389167499226 and parameters: {'n_estimators': 913, 'max_depth': 6, 'learning_rate': 0.0745102817075941, 'subsample': 0.7687878200671029, 'colsample_bytree': 0.7186447577676548, 'min_child_weight': 2, 'gamma': 0.0007776142104614749, 'reg_alpha': 0.00011995393053114644, 'reg_lambda': 0.01205199763738159}. Best is trial 1319 with value: 0.30197738672869706.
[I 2024-12-04 18:05:36,298] Trial 1961 finished with value: 0.31294509171148854 and parameters: {'n_estimators': 915, 'max_depth': 6, 'learning_rate': 0.0744235069210094, 'subsample': 0.7689022943319841, 'colsample_bytree': 0.7175998951651887, 'min_child_weight': 2, 'gamma': 0.000797919388184485, 'reg_alpha': 0.00013154492981668885, 'reg_lambda': 0.011369902513148128}. Best is trial 1319 with value: 0.30197738672869706.
[I 2024-12-04 18:05:37,740] Trial 1962 finished with value: 0.3150157561560255 and parameters: {'n_estimators': 914, 'max_depth': 6, 'learning_rate': 0.07536599298713782, 'subsample': 0.7678739418755105, 'colsample_bytree': 0.7170924722165313, 'min_child_weight': 2, 'gamma': 0.0008219592209325796, 'reg_alpha': 0.0001280368269299409, 'reg_lambda': 0.013700359625938394}. Best is trial 1319 with value: 0.30197738672869706.
[I 2024-12-04 18:05:39,198] Trial 1963 finished with value: 0.3140620076361177 and parameters: {'n_estimators': 915, 'max_depth': 6, 'learning_rate': 0.0739672318808703, 'subsample': 0.7686580282281613, 'colsample_bytree': 0.7175041087253682, 'min_child_weight': 2, 'gamma': 0.0007612416242334988, 'reg_alpha': 0.0001196800105682107, 'reg_lambda': 0.011892079669061134}. Best is trial 1319 with value: 0.30197738672869706.
[I 2024-12-04 18:05:40,637] Trial 1964 finished with value: 0.31119918950701786 and parameters: {'n_estimators': 913, 'max_depth': 6, 'learning_rate': 0.07491188042272137, 'subsample': 0.7691936409023525, 'colsample_bytree': 0.7171866655247604, 'min_child_weight': 2, 'gamma': 0.0008117478449328629, 'reg_alpha': 0.0001420149876656858, 'reg_lambda': 0.011992045743709049}. Best is trial 1319 with value: 0.30197738672869706.
[I 2024-12-04 18:05:42,091] Trial 1965 finished with value: 0.3151109675890307 and parameters: {'n_estimators': 918, 'max_depth': 6, 'learning_rate': 0.07413221572333255, 'subsample': 0.7693396101184207, 'colsample_bytree': 0.7161236143903486, 'min_child_weight': 2, 'gamma': 0.0007915649861583877, 'reg_alpha': 0.00013030063250583866, 'reg_lambda': 0.011283927207193572}. Best is trial 1319 with value: 0.30197738672869706.
[I 2024-12-04 18:05:43,542] Trial 1966 finished with value: 0.31800704822764403 and parameters: {'n_estimators': 910, 'max_depth': 6, 'learning_rate': 0.07477994268985405, 'subsample': 0.7684916302886406, 'colsample_bytree': 0.7181509114238622, 'min_child_weight': 2, 'gamma': 0.000756422534804311, 'reg_alpha': 0.00013589774862407034, 'reg_lambda': 0.012160175122402462}. Best is trial 1319 with value: 0.30197738672869706.
