[I 2024-12-04 18:18:52,529] Trial 2477 finished with value: 0.3118487802811874 and parameters: {'n_estimators': 909, 'max_depth': 6, 'learning_rate': 0.07566403988327955, 'subsample': 0.7691529600375875, 'colsample_bytree': 0.7182056433553633, 'min_child_weight': 2, 'gamma': 0.0009259645465516619, 'reg_alpha': 0.00018686817757041698, 'reg_lambda': 0.012556072372124616}. Best is trial 1319 with value: 0.30197738672869706.
[I 2024-12-04 18:18:54,159] Trial 2478 finished with value: 0.31097372873958246 and parameters: {'n_estimators': 909, 'max_depth': 6, 'learning_rate': 0.07547820240128764, 'subsample': 0.7689825877007807, 'colsample_bytree': 0.7184418083363582, 'min_child_weight': 2, 'gamma': 0.0008932079333931233, 'reg_alpha': 0.00017432510138613565, 'reg_lambda': 0.012762086364665255}. Best is trial 1319 with value: 0.30197738672869706.
[I 2024-12-04 18:18:55,732] Trial 2479 finished with value: 0.31322685219118795 and parameters: {'n_estimators': 907, 'max_depth': 6, 'learning_rate': 0.07523666375039387, 'subsample': 0.7693464049271956, 'colsample_bytree': 0.718435277586506, 'min_child_weight': 2, 'gamma': 0.0009046445092634495, 'reg_alpha': 0.0001833701238246791, 'reg_lambda': 0.012310606945922307}. Best is trial 1319 with value: 0.30197738672869706.
[I 2024-12-04 18:18:57,226] Trial 2480 finished with value: 0.31409033811522924 and parameters: {'n_estimators': 909, 'max_depth': 6, 'learning_rate': 0.07564033172809281, 'subsample': 0.7686108460478749, 'colsample_bytree': 0.7178003293497969, 'min_child_weight': 2, 'gamma': 0.0009075964304184933, 'reg_alpha': 0.00018499457235681972, 'reg_lambda': 0.012709744045116142}. Best is trial 1319 with value: 0.30197738672869706.
[I 2024-12-04 18:18:58,729] Trial 2481 finished with value: 0.31073338597848615 and parameters: {'n_estimators': 912, 'max_depth': 6, 'learning_rate': 0.075434143987948, 'subsample': 0.768860764372943, 'colsample_bytree': 0.7179908733755249, 'min_child_weight': 2, 'gamma': 0.0008721507241448948, 'reg_alpha': 0.00018138590729843614, 'reg_lambda': 0.012340691810047997}. Best is trial 1319 with value: 0.30197738672869706.
[I 2024-12-04 18:19:00,220] Trial 2482 finished with value: 0.31667860472500114 and parameters: {'n_estimators': 909, 'max_depth': 6, 'learning_rate': 0.07536358398996436, 'subsample': 0.7692125878579064, 'colsample_bytree': 0.7179403122266991, 'min_child_weight': 2, 'gamma': 0.0008937651001012402, 'reg_alpha': 0.00017738795119339557, 'reg_lambda': 0.012915770770337627}. Best is trial 1319 with value: 0.30197738672869706.
[I 2024-12-04 18:19:01,944] Trial 2483 finished with value: 0.3076015945931335 and parameters: {'n_estimators': 911, 'max_depth': 6, 'learning_rate': 0.07558533310239675, 'subsample': 0.7689356988194049, 'colsample_bytree': 0.7177729029302451, 'min_child_weight': 2, 'gamma': 0.0009024007486366407, 'reg_alpha': 0.00017879321963922855, 'reg_lambda': 0.01317576129911999}. Best is trial 1319 with value: 0.30197738672869706.
[I 2024-12-04 18:19:03,431] Trial 2484 finished with value: 0.31857792165126664 and parameters: {'n_estimators': 912, 'max_depth': 6, 'learning_rate': 0.07541260841600682, 'subsample': 0.7692694256202381, 'colsample_bytree': 0.7178213210433242, 'min_child_weight': 2, 'gamma': 0.0008815596080646757, 'reg_alpha': 0.0001856725286404544, 'reg_lambda': 0.012044814495182398}. Best is trial 1319 with value: 0.30197738672869706.
[I 2024-12-04 18:19:04,915] Trial 2485 finished with value: 0.31187418255790567 and parameters: {'n_estimators': 912, 'max_depth': 6, 'learning_rate': 0.07603246974646136, 'subsample': 0.7690113228089803, 'colsample_bytree': 0.7183537428506578, 'min_child_weight': 2, 'gamma': 0.0009022301572454619, 'reg_alpha': 0.00018607863071478593, 'reg_lambda': 0.012838332514323609}. Best is trial 1319 with value: 0.30197738672869706.
[I 2024-12-04 18:19:06,399] Trial 2486 finished with value: 0.30659200239765483 and parameters: {'n_estimators': 910, 'max_depth': 6, 'learning_rate': 0.07554158787216564, 'subsample': 0.7690289509438415, 'colsample_bytree': 0.7182322189763666, 'min_child_weight': 2, 'gamma': 0.0008868832691059581, 'reg_alpha': 0.00017448466721865826, 'reg_lambda': 0.0128705980315413}. Best is trial 1319 with value: 0.30197738672869706.
[I 2024-12-04 18:19:07,873] Trial 2487 finished with value: 0.3081257642877719 and parameters: {'n_estimators': 909, 'max_depth': 6, 'learning_rate': 0.07559131495762694, 'subsample': 0.7688898992667615, 'colsample_bytree': 0.7184290220717837, 'min_child_weight': 2, 'gamma': 0.0008650312331666911, 'reg_alpha': 0.00016835549260566052, 'reg_lambda': 0.012955276650265274}. Best is trial 1319 with value: 0.30197738672869706.
[I 2024-12-04 18:19:09,363] Trial 2488 finished with value: 0.30789735667069673 and parameters: {'n_estimators': 909, 'max_depth': 6, 'learning_rate': 0.07567036863230597, 'subsample': 0.7687996751638315, 'colsample_bytree': 0.7181747762100568, 'min_child_weight': 2, 'gamma': 0.0008637768839079181, 'reg_alpha': 0.0001707240153338722, 'reg_lambda': 0.012659384173726503}. Best is trial 1319 with value: 0.30197738672869706.
[I 2024-12-04 18:19:11,060] Trial 2489 finished with value: 0.3072233409698442 and parameters: {'n_estimators': 913, 'max_depth': 6, 'learning_rate': 0.0755229123863892, 'subsample': 0.7687872014536824, 'colsample_bytree': 0.718009012632958, 'min_child_weight': 2, 'gamma': 0.0008634215724403956, 'reg_alpha': 0.00017107646713760964, 'reg_lambda': 0.012240368361196685}. Best is trial 1319 with value: 0.30197738672869706.
[I 2024-12-04 18:19:12,542] Trial 2490 finished with value: 0.30989674974041415 and parameters: {'n_estimators': 911, 'max_depth': 6, 'learning_rate': 0.07559260061479821, 'subsample': 0.7685218012645223, 'colsample_bytree': 0.7184187164202716, 'min_child_weight': 2, 'gamma': 0.0008522525465891514, 'reg_alpha': 0.00016693338937897285, 'reg_lambda': 0.01324500974723772}. Best is trial 1319 with value: 0.30197738672869706.
[I 2024-12-04 18:19:14,035] Trial 2491 finished with value: 0.3065275210630563 and parameters: {'n_estimators': 909, 'max_depth': 6, 'learning_rate': 0.07535946400070573, 'subsample': 0.7690523235559623, 'colsample_bytree': 0.7178722907748818, 'min_child_weight': 2, 'gamma': 0.0008801760163740338, 'reg_alpha': 0.0001809051226390047, 'reg_lambda': 0.01362796313833035}. Best is trial 1319 with value: 0.30197738672869706.
[I 2024-12-04 18:19:15,563] Trial 2492 finished with value: 0.31081528088093174 and parameters: {'n_estimators': 912, 'max_depth': 6, 'learning_rate': 0.07566788852951145, 'subsample': 0.76881227211248, 'colsample_bytree': 0.7178866053776061, 'min_child_weight': 2, 'gamma': 0.0008497504539227466, 'reg_alpha': 0.0001668511323630969, 'reg_lambda': 0.012466690696937711}. Best is trial 1319 with value: 0.30197738672869706.
[I 2024-12-04 18:19:17,042] Trial 2493 finished with value: 0.3125453068534128 and parameters: {'n_estimators': 909, 'max_depth': 6, 'learning_rate': 0.07604361538511743, 'subsample': 0.7688247287833123, 'colsample_bytree': 0.7181881686735359, 'min_child_weight': 2, 'gamma': 0.0009130489230411432, 'reg_alpha': 0.0001970259159147747, 'reg_lambda': 0.013237253966882084}. Best is trial 1319 with value: 0.30197738672869706.
[I 2024-12-04 18:19:18,514] Trial 2494 finished with value: 0.31433900763891065 and parameters: {'n_estimators': 909, 'max_depth': 6, 'learning_rate': 0.07561624216618489, 'subsample': 0.769144361239449, 'colsample_bytree': 0.7181494330589772, 'min_child_weight': 2, 'gamma': 0.0009114569797012864, 'reg_alpha': 0.00017684818535616644, 'reg_lambda': 0.012492332071462236}. Best is trial 1319 with value: 0.30197738672869706.
[I 2024-12-04 18:19:20,011] Trial 2495 finished with value: 0.31405076589576514 and parameters: {'n_estimators': 911, 'max_depth': 6, 'learning_rate': 0.0755609982165, 'subsample': 0.7690350423511838, 'colsample_bytree': 0.7173549322730788, 'min_child_weight': 2, 'gamma': 0.0008961770332044487, 'reg_alpha': 0.00017274250601768718, 'reg_lambda': 0.013336143647749503}. Best is trial 1319 with value: 0.30197738672869706.
[I 2024-12-04 18:19:21,493] Trial 2496 finished with value: 0.3114709614441507 and parameters: {'n_estimators': 908, 'max_depth': 6, 'learning_rate': 0.07544844318990983, 'subsample': 0.7689751798199305, 'colsample_bytree': 0.7184512029710889, 'min_child_weight': 2, 'gamma': 0.0008836045146918736, 'reg_alpha': 0.00017054293312311408, 'reg_lambda': 0.013443942048812602}. Best is trial 1319 with value: 0.30197738672869706.
[I 2024-12-04 18:19:23,106] Trial 2497 finished with value: 0.3184938145365542 and parameters: {'n_estimators': 909, 'max_depth': 6, 'learning_rate': 0.07548010303732335, 'subsample': 0.7691624897774307, 'colsample_bytree': 0.7181366501223302, 'min_child_weight': 2, 'gamma': 0.0008699966654178209, 'reg_alpha': 0.0001727398752943141, 'reg_lambda': 0.012998403705232602}. Best is trial 1319 with value: 0.30197738672869706.
[I 2024-12-04 18:19:24,584] Trial 2498 finished with value: 0.31033847859518704 and parameters: {'n_estimators': 912, 'max_depth': 6, 'learning_rate': 0.07548457409890612, 'subsample': 0.7689024214544018, 'colsample_bytree': 0.7186534674183331, 'min_child_weight': 2, 'gamma': 0.0008661113266626359, 'reg_alpha': 0.0001620419734305498, 'reg_lambda': 0.012366103843535361}. Best is trial 1319 with value: 0.30197738672869706.
[I 2024-12-04 18:19:26,153] Trial 2499 finished with value: 0.30701185311698753 and parameters: {'n_estimators': 911, 'max_depth': 6, 'learning_rate': 0.07570781051501702, 'subsample': 0.7684539665848305, 'colsample_bytree': 0.7186912172955566, 'min_child_weight': 2, 'gamma': 0.0008523333241678649, 'reg_alpha': 0.00016606996476648884, 'reg_lambda': 0.01327260385499789}. Best is trial 1319 with value: 0.30197738672869706.
