[I 2024-12-19 08:38:15,048] Trial 1791 finished with value: 1.5234870910644531 and parameters: {'mlp_n_layers': 2, 'mlp_dim_00': 188, 'mlp_dim_01': 151, 'node_hidden_dim': 114, 'edge_hidden_dim': 34, 'depth': 3, 'rep_dropout': 0.033372617715417406, 'train_learning_rate': 0.0025086238673202497, 'train_lr_reduce': 0.6}. Best is trial 1483 with value: 0.2768918573856354.
[I 2024-12-19 08:38:15,237] Trial 1792 finished with value: 1.3195596933364868 and parameters: {'mlp_n_layers': 2, 'mlp_dim_00': 86, 'mlp_dim_01': 256, 'node_hidden_dim': 115, 'edge_hidden_dim': 79, 'depth': 2, 'rep_dropout': 0.11036825861257733, 'train_learning_rate': 0.003356526340095576, 'train_lr_reduce': 0.6}. Best is trial 1483 with value: 0.2768918573856354.
[I 2024-12-19 08:38:15,392] Trial 1789 finished with value: 0.3769679069519043 and parameters: {'mlp_n_layers': 2, 'mlp_dim_00': 199, 'mlp_dim_01': 330, 'node_hidden_dim': 107, 'edge_hidden_dim': 89, 'depth': 2, 'rep_dropout': 0.04261282110410199, 'train_learning_rate': 0.0053466352011896385, 'train_lr_reduce': 0.6}. Best is trial 1483 with value: 0.2768918573856354.
[I 2024-12-19 08:38:19,949] Trial 1793 finished with value: 1.508538842201233 and parameters: {'mlp_n_layers': 2, 'mlp_dim_00': 286, 'mlp_dim_01': 221, 'node_hidden_dim': 38, 'edge_hidden_dim': 106, 'depth': 3, 'rep_dropout': 0.016310315633765005, 'train_learning_rate': 0.0018762673053324224, 'train_lr_reduce': 0.6}. Best is trial 1483 with value: 0.2768918573856354.
[I 2024-12-19 08:38:20,132] Trial 1795 finished with value: 1.4017099142074585 and parameters: {'mlp_n_layers': 4, 'mlp_dim_00': 362, 'mlp_dim_01': 470, 'mlp_dim_02': 367, 'mlp_dim_03': 68, 'node_hidden_dim': 83, 'edge_hidden_dim': 33, 'depth': 3, 'rep_dropout': 0.1297134098975576, 'train_learning_rate': 0.0023848019961077668, 'train_lr_reduce': 0.6}. Best is trial 1483 with value: 0.2768918573856354.
[I 2024-12-19 08:38:21,092] Trial 1794 finished with value: 1.4816640615463257 and parameters: {'mlp_n_layers': 2, 'mlp_dim_00': 117, 'mlp_dim_01': 146, 'node_hidden_dim': 113, 'edge_hidden_dim': 38, 'depth': 4, 'rep_dropout': 0.023069746684694352, 'train_learning_rate': 0.004505241802585315, 'train_lr_reduce': 0.6}. Best is trial 1483 with value: 0.2768918573856354.
[I 2024-12-19 08:38:24,554] Trial 1796 finished with value: 1.2999424934387207 and parameters: {'mlp_n_layers': 2, 'mlp_dim_00': 146, 'mlp_dim_01': 105, 'node_hidden_dim': 115, 'edge_hidden_dim': 64, 'depth': 3, 'rep_dropout': 0.018136573844017654, 'train_learning_rate': 0.006157249325544662, 'train_lr_reduce': 0.6}. Best is trial 1483 with value: 0.2768918573856354.
[I 2024-12-19 08:38:24,584] Trial 1797 finished with value: 1.306605577468872 and parameters: {'mlp_n_layers': 2, 'mlp_dim_00': 97, 'mlp_dim_01': 100, 'node_hidden_dim': 114, 'edge_hidden_dim': 56, 'depth': 3, 'rep_dropout': 0.02856055607252156, 'train_learning_rate': 0.004545354226567832, 'train_lr_reduce': 0.6}. Best is trial 1483 with value: 0.2768918573856354.
[I 2024-12-19 08:38:29,048] Trial 1799 finished with value: 1.4179019927978516 and parameters: {'mlp_n_layers': 3, 'mlp_dim_00': 279, 'mlp_dim_01': 84, 'mlp_dim_02': 364, 'node_hidden_dim': 60, 'edge_hidden_dim': 83, 'depth': 2, 'rep_dropout': 0.06735970850934209, 'train_learning_rate': 0.003516428192467842, 'train_lr_reduce': 0.6}. Best is trial 1483 with value: 0.2768918573856354.
[I 2024-12-19 08:38:29,199] Trial 1800 finished with value: 1.2847356796264648 and parameters: {'mlp_n_layers': 2, 'mlp_dim_00': 203, 'mlp_dim_01': 228, 'node_hidden_dim': 118, 'edge_hidden_dim': 69, 'depth': 2, 'rep_dropout': 0.03586933379352994, 'train_learning_rate': 0.007120709411946951, 'train_lr_reduce': 0.6}. Best is trial 1483 with value: 0.2768918573856354.
[I 2024-12-19 08:38:29,502] Trial 1798 finished with value: 0.926184892654419 and parameters: {'mlp_n_layers': 2, 'mlp_dim_00': 188, 'mlp_dim_01': 107, 'node_hidden_dim': 111, 'edge_hidden_dim': 49, 'depth': 3, 'rep_dropout': 0.10126117306813295, 'train_learning_rate': 0.009421500478810173, 'train_lr_reduce': 0.6}. Best is trial 1483 with value: 0.2768918573856354.
[I 2024-12-19 08:38:33,461] Trial 1802 finished with value: 1.3116904497146606 and parameters: {'mlp_n_layers': 2, 'mlp_dim_00': 273, 'mlp_dim_01': 292, 'node_hidden_dim': 116, 'edge_hidden_dim': 77, 'depth': 2, 'rep_dropout': 0.048407276537811725, 'train_learning_rate': 0.005035451333610315, 'train_lr_reduce': 0.6}. Best is trial 1483 with value: 0.2768918573856354.
[I 2024-12-19 08:38:33,802] Trial 1801 finished with value: 1.3398292064666748 and parameters: {'mlp_n_layers': 2, 'mlp_dim_00': 266, 'mlp_dim_01': 289, 'node_hidden_dim': 114, 'edge_hidden_dim': 105, 'depth': 2, 'rep_dropout': 0.08722380811249267, 'train_learning_rate': 0.008395372674164462, 'train_lr_reduce': 0.6}. Best is trial 1483 with value: 0.2768918573856354.
[I 2024-12-19 08:38:38,241] Trial 1805 finished with value: 1.3147252798080444 and parameters: {'mlp_n_layers': 2, 'mlp_dim_00': 168, 'mlp_dim_01': 238, 'node_hidden_dim': 126, 'edge_hidden_dim': 74, 'depth': 2, 'rep_dropout': 0.08267954154649221, 'train_learning_rate': 0.004171515216661871, 'train_lr_reduce': 0.6}. Best is trial 1483 with value: 0.2768918573856354.
[I 2024-12-19 08:38:38,560] Trial 1804 finished with value: 1.316995620727539 and parameters: {'mlp_n_layers': 2, 'mlp_dim_00': 224, 'mlp_dim_01': 169, 'node_hidden_dim': 110, 'edge_hidden_dim': 44, 'depth': 3, 'rep_dropout': 0.010576074128862453, 'train_learning_rate': 0.00737680083259347, 'train_lr_reduce': 0.6}. Best is trial 1483 with value: 0.2768918573856354.
[I 2024-12-19 08:38:43,172] Trial 1807 finished with value: 1.2836357355117798 and parameters: {'mlp_n_layers': 2, 'mlp_dim_00': 282, 'mlp_dim_01': 274, 'node_hidden_dim': 115, 'edge_hidden_dim': 60, 'depth': 2, 'rep_dropout': 0.07493874988428928, 'train_learning_rate': 0.00842084318235426, 'train_lr_reduce': 0.6}. Best is trial 1483 with value: 0.2768918573856354.
[I 2024-12-19 08:38:44,055] Trial 1803 finished with value: 0.3595207631587982 and parameters: {'mlp_n_layers': 2, 'mlp_dim_00': 251, 'mlp_dim_01': 298, 'node_hidden_dim': 105, 'edge_hidden_dim': 87, 'depth': 2, 'rep_dropout': 0.00437446248364616, 'train_learning_rate': 0.009494065734436724, 'train_lr_reduce': 0.6}. Best is trial 1483 with value: 0.2768918573856354.
[I 2024-12-19 08:38:47,787] Trial 1808 finished with value: 1.2885221242904663 and parameters: {'mlp_n_layers': 2, 'mlp_dim_00': 235, 'mlp_dim_01': 190, 'node_hidden_dim': 115, 'edge_hidden_dim': 50, 'depth': 2, 'rep_dropout': 0.13936763984466655, 'train_learning_rate': 0.009837599643356763, 'train_lr_reduce': 0.6}. Best is trial 1483 with value: 0.2768918573856354.
[I 2024-12-19 08:38:53,039] Trial 1810 finished with value: 1.3594856262207031 and parameters: {'mlp_n_layers': 2, 'mlp_dim_00': 105, 'mlp_dim_01': 165, 'node_hidden_dim': 123, 'edge_hidden_dim': 52, 'depth': 3, 'rep_dropout': 0.04366954529122924, 'train_learning_rate': 0.0050730101282137905, 'train_lr_reduce': 0.6}. Best is trial 1483 with value: 0.2768918573856354.
[I 2024-12-19 08:38:54,201] Trial 1806 finished with value: 0.5178809762001038 and parameters: {'mlp_n_layers': 4, 'mlp_dim_00': 351, 'mlp_dim_01': 68, 'mlp_dim_02': 378, 'mlp_dim_03': 384, 'node_hidden_dim': 55, 'edge_hidden_dim': 91, 'depth': 2, 'rep_dropout': 0.014245798970264956, 'train_learning_rate': 0.0047118125768597025, 'train_lr_reduce': 0.6}. Best is trial 1483 with value: 0.2768918573856354.
[I 2024-12-19 08:38:58,011] Trial 1811 finished with value: 1.4981632232666016 and parameters: {'mlp_n_layers': 2, 'mlp_dim_00': 111, 'mlp_dim_01': 160, 'node_hidden_dim': 123, 'edge_hidden_dim': 35, 'depth': 3, 'rep_dropout': 0.004100610113271754, 'train_learning_rate': 0.004810370938552139, 'train_lr_reduce': 0.6}. Best is trial 1483 with value: 0.2768918573856354.
[I 2024-12-19 08:38:58,086] Trial 1809 finished with value: 0.48467716574668884 and parameters: {'mlp_n_layers': 2, 'mlp_dim_00': 194, 'mlp_dim_01': 194, 'node_hidden_dim': 128, 'edge_hidden_dim': 40, 'depth': 2, 'rep_dropout': 0.04992392180401996, 'train_learning_rate': 0.00645516528909039, 'train_lr_reduce': 0.6}. Best is trial 1483 with value: 0.2768918573856354.
[I 2024-12-19 08:38:58,262] Trial 1812 finished with value: 1.3343822956085205 and parameters: {'mlp_n_layers': 2, 'mlp_dim_00': 221, 'mlp_dim_01': 236, 'node_hidden_dim': 123, 'edge_hidden_dim': 63, 'depth': 2, 'rep_dropout': 0.06564814864533082, 'train_learning_rate': 0.004699457969055046, 'train_lr_reduce': 0.6}. Best is trial 1483 with value: 0.2768918573856354.
[I 2024-12-19 08:39:02,548] Trial 1813 finished with value: 1.4866968393325806 and parameters: {'mlp_n_layers': 2, 'mlp_dim_00': 177, 'mlp_dim_01': 205, 'node_hidden_dim': 80, 'edge_hidden_dim': 34, 'depth': 3, 'rep_dropout': 0.08545053713867162, 'train_learning_rate': 0.0027261588048422937, 'train_lr_reduce': 0.6}. Best is trial 1483 with value: 0.2768918573856354.
[I 2024-12-19 08:39:02,883] Trial 1814 finished with value: 1.4670071601867676 and parameters: {'mlp_n_layers': 2, 'mlp_dim_00': 114, 'mlp_dim_01': 295, 'node_hidden_dim': 126, 'edge_hidden_dim': 68, 'depth': 3, 'rep_dropout': 0.013468341162932997, 'train_learning_rate': 0.003755568881760117, 'train_lr_reduce': 0.6}. Best is trial 1483 with value: 0.2768918573856354.
[I 2024-12-19 08:39:02,890] Trial 1815 finished with value: 1.5179719924926758 and parameters: {'mlp_n_layers': 2, 'mlp_dim_00': 336, 'mlp_dim_01': 134, 'node_hidden_dim': 114, 'edge_hidden_dim': 43, 'depth': 3, 'rep_dropout': 0.07180230648344557, 'train_learning_rate': 0.0038339035217936222, 'train_lr_reduce': 0.6}. Best is trial 1483 with value: 0.2768918573856354.
[I 2024-12-19 08:39:07,544] Trial 1817 finished with value: 1.2984228134155273 and parameters: {'mlp_n_layers': 3, 'mlp_dim_00': 455, 'mlp_dim_01': 512, 'mlp_dim_02': 348, 'node_hidden_dim': 97, 'edge_hidden_dim': 105, 'depth': 3, 'rep_dropout': 0.11852614364740076, 'train_learning_rate': 0.003736289026260129, 'train_lr_reduce': 0.6}. Best is trial 1483 with value: 0.2768918573856354.
[I 2024-12-19 08:39:07,637] Trial 1816 finished with value: 1.3774769306182861 and parameters: {'mlp_n_layers': 2, 'mlp_dim_00': 165, 'mlp_dim_01': 146, 'node_hidden_dim': 121, 'edge_hidden_dim': 46, 'depth': 3, 'rep_dropout': 0.05700332122077418, 'train_learning_rate': 0.009997708249916241, 'train_lr_reduce': 0.6}. Best is trial 1483 with value: 0.2768918573856354.
[I 2024-12-19 08:39:09,087] Trial 1818 finished with value: 1.5004812479019165 and parameters: {'mlp_n_layers': 2, 'mlp_dim_00': 219, 'mlp_dim_01': 288, 'node_hidden_dim': 125, 'edge_hidden_dim': 89, 'depth': 2, 'rep_dropout': 0.059346321899438684, 'train_learning_rate': 0.007113616363229336, 'train_lr_reduce': 0.6}. Best is trial 1483 with value: 0.2768918573856354.
[I 2024-12-19 08:39:12,005] Trial 1819 finished with value: 1.3160322904586792 and parameters: {'mlp_n_layers': 2, 'mlp_dim_00': 94, 'mlp_dim_01': 258, 'node_hidden_dim': 117, 'edge_hidden_dim': 67, 'depth': 2, 'rep_dropout': 0.012519778663266423, 'train_learning_rate': 0.008333634110787854, 'train_lr_reduce': 0.6}. Best is trial 1483 with value: 0.2768918573856354.
[I 2024-12-19 08:39:16,522] Trial 1822 finished with value: 1.295695185661316 and parameters: {'mlp_n_layers': 2, 'mlp_dim_00': 126, 'mlp_dim_01': 431, 'node_hidden_dim': 95, 'edge_hidden_dim': 103, 'depth': 2, 'rep_dropout': 0.10627745007480441, 'train_learning_rate': 0.009655708629832746, 'train_lr_reduce': 0.6}. Best is trial 1483 with value: 0.2768918573856354.
[I 2024-12-19 08:39:21,695] Trial 1823 finished with value: 1.5091034173965454 and parameters: {'mlp_n_layers': 2, 'mlp_dim_00': 84, 'mlp_dim_01': 265, 'node_hidden_dim': 86, 'edge_hidden_dim': 59, 'depth': 2, 'rep_dropout': 0.07832416981380386, 'train_learning_rate': 0.0038168205086889073, 'train_lr_reduce': 0.6}. Best is trial 1483 with value: 0.2768918573856354.
[I 2024-12-19 08:39:23,262] Trial 1821 finished with value: 0.5594277381896973 and parameters: {'mlp_n_layers': 2, 'mlp_dim_00': 224, 'mlp_dim_01': 200, 'node_hidden_dim': 128, 'edge_hidden_dim': 54, 'depth': 2, 'rep_dropout': 0.08232216815275287, 'train_learning_rate': 0.0068066733880678, 'train_lr_reduce': 0.6}. Best is trial 1483 with value: 0.2768918573856354.
[I 2024-12-19 08:39:23,569] Trial 1820 finished with value: 0.43822526931762695 and parameters: {'mlp_n_layers': 3, 'mlp_dim_00': 205, 'mlp_dim_01': 133, 'mlp_dim_02': 389, 'node_hidden_dim': 128, 'edge_hidden_dim': 101, 'depth': 2, 'rep_dropout': 0.003717877065363302, 'train_learning_rate': 0.0030666750336650734, 'train_lr_reduce': 0.6}. Best is trial 1483 with value: 0.2768918573856354.
[I 2024-12-19 08:39:26,551] Trial 1824 finished with value: 1.3006649017333984 and parameters: {'mlp_n_layers': 2, 'mlp_dim_00': 471, 'mlp_dim_01': 408, 'node_hidden_dim': 57, 'edge_hidden_dim': 123, 'depth': 4, 'rep_dropout': 0.05229612918157875, 'train_learning_rate': 0.0012569635922977645, 'train_lr_reduce': 0.6}. Best is trial 1483 with value: 0.2768918573856354.
[I 2024-12-19 08:39:28,300] Trial 1825 finished with value: 1.352170705795288 and parameters: {'mlp_n_layers': 4, 'mlp_dim_00': 403, 'mlp_dim_01': 509, 'mlp_dim_02': 338, 'mlp_dim_03': 128, 'node_hidden_dim': 114, 'edge_hidden_dim': 76, 'depth': 2, 'rep_dropout': 0.08736383085104611, 'train_learning_rate': 0.006431504807348829, 'train_lr_reduce': 0.6}. Best is trial 1483 with value: 0.2768918573856354.
[I 2024-12-19 08:39:28,602] Trial 1826 finished with value: 1.2977670431137085 and parameters: {'mlp_n_layers': 3, 'mlp_dim_00': 493, 'mlp_dim_01': 423, 'mlp_dim_02': 326, 'node_hidden_dim': 89, 'edge_hidden_dim': 51, 'depth': 4, 'rep_dropout': 0.13053760917991056, 'train_learning_rate': 0.00671323008304388, 'train_lr_reduce': 0.6}. Best is trial 1483 with value: 0.2768918573856354.
[I 2024-12-19 08:39:31,366] Trial 1827 finished with value: 1.54853355884552 and parameters: {'mlp_n_layers': 2, 'mlp_dim_00': 68, 'mlp_dim_01': 471, 'node_hidden_dim': 89, 'edge_hidden_dim': 43, 'depth': 4, 'rep_dropout': 0.020131538731438248, 'train_learning_rate': 0.0009179166857235714, 'train_lr_reduce': 0.6}. Best is trial 1483 with value: 0.2768918573856354.
[I 2024-12-19 08:39:33,023] Trial 1829 finished with value: 1.3944019079208374 and parameters: {'mlp_n_layers': 2, 'mlp_dim_00': 303, 'mlp_dim_01': 371, 'node_hidden_dim': 45, 'edge_hidden_dim': 123, 'depth': 2, 'rep_dropout': 0.16097342911153778, 'train_learning_rate': 0.0009925332728348694, 'train_lr_reduce': 0.6}. Best is trial 1483 with value: 0.2768918573856354.
[I 2024-12-19 08:39:35,813] Trial 1830 finished with value: 1.3114891052246094 and parameters: {'mlp_n_layers': 4, 'mlp_dim_00': 491, 'mlp_dim_01': 399, 'mlp_dim_02': 379, 'mlp_dim_03': 117, 'node_hidden_dim': 96, 'edge_hidden_dim': 113, 'depth': 2, 'rep_dropout': 0.17485659068447834, 'train_learning_rate': 0.008281315909102551, 'train_lr_reduce': 0.6}. Best is trial 1483 with value: 0.2768918573856354.
[I 2024-12-19 08:39:37,637] Trial 1831 finished with value: 1.2886899709701538 and parameters: {'mlp_n_layers': 3, 'mlp_dim_00': 369, 'mlp_dim_01': 452, 'mlp_dim_02': 343, 'node_hidden_dim': 119, 'edge_hidden_dim': 93, 'depth': 2, 'rep_dropout': 0.16728869529297605, 'train_learning_rate': 0.009178909920753106, 'train_lr_reduce': 0.6}. Best is trial 1483 with value: 0.2768918573856354.
[I 2024-12-19 08:39:40,957] Trial 1832 finished with value: 1.3751400709152222 and parameters: {'mlp_n_layers': 2, 'mlp_dim_00': 139, 'mlp_dim_01': 357, 'node_hidden_dim': 119, 'edge_hidden_dim': 89, 'depth': 3, 'rep_dropout': 0.04063515971703168, 'train_learning_rate': 0.008075708130136472, 'train_lr_reduce': 0.6}. Best is trial 1483 with value: 0.2768918573856354.
[I 2024-12-19 08:39:41,476] Trial 1828 finished with value: 0.35507625341415405 and parameters: {'mlp_n_layers': 2, 'mlp_dim_00': 382, 'mlp_dim_01': 117, 'node_hidden_dim': 104, 'edge_hidden_dim': 44, 'depth': 2, 'rep_dropout': 0.07286591491520622, 'train_learning_rate': 0.00968009560312621, 'train_lr_reduce': 0.6}. Best is trial 1483 with value: 0.2768918573856354.
[I 2024-12-19 08:39:42,429] Trial 1833 finished with value: 1.3054319620132446 and parameters: {'mlp_n_layers': 2, 'mlp_dim_00': 223, 'mlp_dim_01': 148, 'node_hidden_dim': 128, 'edge_hidden_dim': 52, 'depth': 2, 'rep_dropout': 0.0742357800374758, 'train_learning_rate': 0.0058946667042882005, 'train_lr_reduce': 0.6}. Best is trial 1483 with value: 0.2768918573856354.
[I 2024-12-19 08:39:45,535] Trial 1834 finished with value: 1.5699316263198853 and parameters: {'mlp_n_layers': 2, 'mlp_dim_00': 381, 'mlp_dim_01': 385, 'node_hidden_dim': 117, 'edge_hidden_dim': 33, 'depth': 2, 'rep_dropout': 0.0006851343803030707, 'train_learning_rate': 0.0001079762358668901, 'train_lr_reduce': 0.6}. Best is trial 1483 with value: 0.2768918573856354.
[I 2024-12-19 08:39:47,328] Trial 1835 finished with value: 1.58494234085083 and parameters: {'mlp_n_layers': 4, 'mlp_dim_00': 132, 'mlp_dim_01': 269, 'mlp_dim_02': 403, 'mlp_dim_03': 455, 'node_hidden_dim': 83, 'edge_hidden_dim': 62, 'depth': 3, 'rep_dropout': 0.22761969056591627, 'train_learning_rate': 0.00012988685099262197, 'train_lr_reduce': 0.6}. Best is trial 1483 with value: 0.2768918573856354.
[I 2024-12-19 08:39:49,810] Trial 1837 finished with value: 1.2860857248306274 and parameters: {'mlp_n_layers': 2, 'mlp_dim_00': 423, 'mlp_dim_01': 75, 'node_hidden_dim': 112, 'edge_hidden_dim': 46, 'depth': 2, 'rep_dropout': 0.06769052282140085, 'train_learning_rate': 0.007922808076498767, 'train_lr_reduce': 0.6}. Best is trial 1483 with value: 0.2768918573856354.
[I 2024-12-19 08:39:51,968] Trial 1838 finished with value: 1.3558365106582642 and parameters: {'mlp_n_layers': 2, 'mlp_dim_00': 421, 'mlp_dim_01': 86, 'node_hidden_dim': 126, 'edge_hidden_dim': 46, 'depth': 2, 'rep_dropout': 0.13121578277564144, 'train_learning_rate': 0.0048176565982303516, 'train_lr_reduce': 0.6}. Best is trial 1483 with value: 0.2768918573856354.
[I 2024-12-19 08:39:54,095] Trial 1839 finished with value: 1.292946219444275 and parameters: {'mlp_n_layers': 2, 'mlp_dim_00': 181, 'mlp_dim_01': 79, 'node_hidden_dim': 108, 'edge_hidden_dim': 88, 'depth': 2, 'rep_dropout': 0.0519599234912313, 'train_learning_rate': 0.009043084903445365, 'train_lr_reduce': 0.6}. Best is trial 1483 with value: 0.2768918573856354.
[I 2024-12-19 08:39:56,975] Trial 1840 finished with value: 1.3119770288467407 and parameters: {'mlp_n_layers': 2, 'mlp_dim_00': 266, 'mlp_dim_01': 342, 'node_hidden_dim': 86, 'edge_hidden_dim': 40, 'depth': 3, 'rep_dropout': 0.09094419790927966, 'train_learning_rate': 0.0069565863001685825, 'train_lr_reduce': 0.6}. Best is trial 1483 with value: 0.2768918573856354.
[I 2024-12-19 08:39:57,045] Trial 1836 finished with value: 0.4316094219684601 and parameters: {'mlp_n_layers': 2, 'mlp_dim_00': 191, 'mlp_dim_01': 134, 'node_hidden_dim': 123, 'edge_hidden_dim': 66, 'depth': 3, 'rep_dropout': 0.06096780981330495, 'train_learning_rate': 0.003194783620704659, 'train_lr_reduce': 0.6}. Best is trial 1483 with value: 0.2768918573856354.
[I 2024-12-19 08:39:58,917] Trial 1841 finished with value: 1.2918442487716675 and parameters: {'mlp_n_layers': 2, 'mlp_dim_00': 462, 'mlp_dim_01': 149, 'node_hidden_dim': 84, 'edge_hidden_dim': 41, 'depth': 2, 'rep_dropout': 0.07261236573952172, 'train_learning_rate': 0.008348767863747587, 'train_lr_reduce': 0.6}. Best is trial 1483 with value: 0.2768918573856354.
[I 2024-12-19 08:40:01,689] Trial 1842 finished with value: 1.4738404750823975 and parameters: {'mlp_n_layers': 2, 'mlp_dim_00': 335, 'mlp_dim_01': 510, 'node_hidden_dim': 100, 'edge_hidden_dim': 106, 'depth': 3, 'rep_dropout': 0.11747958078640165, 'train_learning_rate': 0.0007954413420541253, 'train_lr_reduce': 0.6}. Best is trial 1483 with value: 0.2768918573856354.
[I 2024-12-19 08:40:02,473] Trial 1843 finished with value: 1.3340409994125366 and parameters: {'mlp_n_layers': 4, 'mlp_dim_00': 225, 'mlp_dim_01': 155, 'mlp_dim_02': 424, 'mlp_dim_03': 468, 'node_hidden_dim': 49, 'edge_hidden_dim': 83, 'depth': 2, 'rep_dropout': 0.2457751327998327, 'train_learning_rate': 0.00822238359222174, 'train_lr_reduce': 0.6}. Best is trial 1483 with value: 0.2768918573856354.
[I 2024-12-19 08:40:03,571] Trial 1844 finished with value: 1.5629831552505493 and parameters: {'mlp_n_layers': 3, 'mlp_dim_00': 441, 'mlp_dim_01': 502, 'mlp_dim_02': 415, 'node_hidden_dim': 117, 'edge_hidden_dim': 82, 'depth': 2, 'rep_dropout': 0.02157654324995619, 'train_learning_rate': 0.00040866213957999856, 'train_lr_reduce': 0.6}. Best is trial 1483 with value: 0.2768918573856354.
[I 2024-12-19 08:40:06,849] Trial 1846 finished with value: 1.480569839477539 and parameters: {'mlp_n_layers': 2, 'mlp_dim_00': 204, 'mlp_dim_01': 276, 'node_hidden_dim': 128, 'edge_hidden_dim': 59, 'depth': 2, 'rep_dropout': 0.14246519260792315, 'train_learning_rate': 0.0015694860959346662, 'train_lr_reduce': 0.6}. Best is trial 1483 with value: 0.2768918573856354.
[I 2024-12-19 08:40:08,064] Trial 1847 finished with value: 1.4735742807388306 and parameters: {'mlp_n_layers': 2, 'mlp_dim_00': 114, 'mlp_dim_01': 137, 'node_hidden_dim': 104, 'edge_hidden_dim': 33, 'depth': 3, 'rep_dropout': 0.0019058178317247314, 'train_learning_rate': 0.005667732935969706, 'train_lr_reduce': 0.6}. Best is trial 1483 with value: 0.2768918573856354.
[I 2024-12-19 08:40:11,843] Trial 1849 finished with value: 1.2972968816757202 and parameters: {'mlp_n_layers': 2, 'mlp_dim_00': 387, 'mlp_dim_01': 156, 'node_hidden_dim': 112, 'edge_hidden_dim': 37, 'depth': 2, 'rep_dropout': 0.11180209789605683, 'train_learning_rate': 0.005377338881611945, 'train_lr_reduce': 0.6}. Best is trial 1483 with value: 0.2768918573856354.
