[I 2024-12-19 20:46:02,719] Trial 1597 finished with value: 1.6821738481521606 and parameters: {'mlp_n_layers': 4, 'mlp_dim_00': 478, 'mlp_dim_01': 311, 'mlp_dim_02': 402, 'mlp_dim_03': 179, 'node_hidden_dim': 104, 'edge_hidden_dim': 118, 'depth': 4, 'rep_dropout': 0.13242448364812387, 'train_learning_rate': 0.00024176050866292015, 'train_lr_reduce': 0.6}. Best is trial 122 with value: 0.09548358619213104.
[I 2024-12-19 20:46:07,391] Trial 1599 finished with value: 1.6457855701446533 and parameters: {'mlp_n_layers': 3, 'mlp_dim_00': 328, 'mlp_dim_01': 361, 'mlp_dim_02': 479, 'node_hidden_dim': 70, 'edge_hidden_dim': 38, 'depth': 1, 'rep_dropout': 0.07557225457825997, 'train_learning_rate': 0.0008323057991469023, 'train_lr_reduce': 0.6}. Best is trial 122 with value: 0.09548358619213104.
[I 2024-12-19 20:46:09,966] Trial 1596 finished with value: 0.2850313186645508 and parameters: {'mlp_n_layers': 3, 'mlp_dim_00': 339, 'mlp_dim_01': 364, 'mlp_dim_02': 227, 'node_hidden_dim': 83, 'edge_hidden_dim': 51, 'depth': 1, 'rep_dropout': 0.0566338652383288, 'train_learning_rate': 0.0016049459485286775, 'train_lr_reduce': 0.6}. Best is trial 122 with value: 0.09548358619213104.
[I 2024-12-19 20:46:41,864] Trial 1598 finished with value: 0.16021695733070374 and parameters: {'mlp_n_layers': 4, 'mlp_dim_00': 436, 'mlp_dim_01': 248, 'mlp_dim_02': 379, 'mlp_dim_03': 262, 'node_hidden_dim': 85, 'edge_hidden_dim': 33, 'depth': 1, 'rep_dropout': 0.09804521474936488, 'train_learning_rate': 0.0014872188386807076, 'train_lr_reduce': 0.6}. Best is trial 122 with value: 0.09548358619213104.
[I 2024-12-19 20:46:48,487] Trial 1600 finished with value: 0.1193879172205925 and parameters: {'mlp_n_layers': 4, 'mlp_dim_00': 381, 'mlp_dim_01': 283, 'mlp_dim_02': 364, 'mlp_dim_03': 420, 'node_hidden_dim': 77, 'edge_hidden_dim': 55, 'depth': 1, 'rep_dropout': 0.07996398751908523, 'train_learning_rate': 0.0010757948685603486, 'train_lr_reduce': 0.6}. Best is trial 122 with value: 0.09548358619213104.
[I 2024-12-19 20:46:53,921] Trial 1603 finished with value: 1.6276240348815918 and parameters: {'mlp_n_layers': 3, 'mlp_dim_00': 462, 'mlp_dim_01': 310, 'mlp_dim_02': 448, 'node_hidden_dim': 41, 'edge_hidden_dim': 71, 'depth': 1, 'rep_dropout': 0.08389028837303095, 'train_learning_rate': 0.0025860660344831452, 'train_lr_reduce': 0.6}. Best is trial 122 with value: 0.09548358619213104.
[I 2024-12-19 20:46:57,371] Trial 1601 finished with value: 0.24357853829860687 and parameters: {'mlp_n_layers': 3, 'mlp_dim_00': 427, 'mlp_dim_01': 319, 'mlp_dim_02': 415, 'node_hidden_dim': 88, 'edge_hidden_dim': 33, 'depth': 1, 'rep_dropout': 0.12622530652683572, 'train_learning_rate': 0.00040203825079407514, 'train_lr_reduce': 0.6}. Best is trial 122 with value: 0.09548358619213104.
[I 2024-12-19 20:46:59,979] Trial 1604 finished with value: 1.676900863647461 and parameters: {'mlp_n_layers': 3, 'mlp_dim_00': 480, 'mlp_dim_01': 375, 'mlp_dim_02': 174, 'node_hidden_dim': 92, 'edge_hidden_dim': 73, 'depth': 2, 'rep_dropout': 0.1440138191620515, 'train_learning_rate': 0.0002625398371542746, 'train_lr_reduce': 0.6}. Best is trial 122 with value: 0.09548358619213104.
[I 2024-12-19 20:47:04,604] Trial 1606 finished with value: 1.6098672151565552 and parameters: {'mlp_n_layers': 3, 'mlp_dim_00': 439, 'mlp_dim_01': 368, 'mlp_dim_02': 469, 'node_hidden_dim': 83, 'edge_hidden_dim': 54, 'depth': 1, 'rep_dropout': 0.09736231710434795, 'train_learning_rate': 0.0009438304500201861, 'train_lr_reduce': 0.6}. Best is trial 122 with value: 0.09548358619213104.
[I 2024-12-19 20:47:10,178] Trial 1607 finished with value: 1.668752908706665 and parameters: {'mlp_n_layers': 4, 'mlp_dim_00': 439, 'mlp_dim_01': 323, 'mlp_dim_02': 512, 'mlp_dim_03': 512, 'node_hidden_dim': 60, 'edge_hidden_dim': 36, 'depth': 2, 'rep_dropout': 0.03642439798588959, 'train_learning_rate': 0.0008623101492517915, 'train_lr_reduce': 0.6}. Best is trial 122 with value: 0.09548358619213104.
[I 2024-12-19 20:47:11,046] Trial 1605 finished with value: 1.357404351234436 and parameters: {'mlp_n_layers': 4, 'mlp_dim_00': 101, 'mlp_dim_01': 275, 'mlp_dim_02': 406, 'mlp_dim_03': 510, 'node_hidden_dim': 126, 'edge_hidden_dim': 61, 'depth': 2, 'rep_dropout': 0.0906203729984713, 'train_learning_rate': 0.00958876781446277, 'train_lr_reduce': 0.6}. Best is trial 122 with value: 0.09548358619213104.
[I 2024-12-19 20:47:27,822] Trial 1602 finished with value: 0.17370665073394775 and parameters: {'mlp_n_layers': 4, 'mlp_dim_00': 454, 'mlp_dim_01': 350, 'mlp_dim_02': 361, 'mlp_dim_03': 357, 'node_hidden_dim': 93, 'edge_hidden_dim': 36, 'depth': 1, 'rep_dropout': 0.09422123185340364, 'train_learning_rate': 0.0005512175227926177, 'train_lr_reduce': 0.6}. Best is trial 122 with value: 0.09548358619213104.
[I 2024-12-19 20:47:34,454] Trial 1610 finished with value: 1.6881206035614014 and parameters: {'mlp_n_layers': 4, 'mlp_dim_00': 383, 'mlp_dim_01': 273, 'mlp_dim_02': 372, 'mlp_dim_03': 302, 'node_hidden_dim': 91, 'edge_hidden_dim': 69, 'depth': 1, 'rep_dropout': 0.13748943310591327, 'train_learning_rate': 0.00020783460421422222, 'train_lr_reduce': 0.6}. Best is trial 122 with value: 0.09548358619213104.
[I 2024-12-19 20:47:53,107] Trial 1609 finished with value: 0.18977899849414825 and parameters: {'mlp_n_layers': 3, 'mlp_dim_00': 218, 'mlp_dim_01': 328, 'mlp_dim_02': 433, 'node_hidden_dim': 101, 'edge_hidden_dim': 49, 'depth': 1, 'rep_dropout': 0.04226744620000674, 'train_learning_rate': 0.006692304578231737, 'train_lr_reduce': 0.6}. Best is trial 122 with value: 0.09548358619213104.
[I 2024-12-19 20:47:56,876] Trial 1608 finished with value: 0.27825117111206055 and parameters: {'mlp_n_layers': 4, 'mlp_dim_00': 244, 'mlp_dim_01': 373, 'mlp_dim_02': 362, 'mlp_dim_03': 443, 'node_hidden_dim': 57, 'edge_hidden_dim': 118, 'depth': 1, 'rep_dropout': 0.07429973024542447, 'train_learning_rate': 0.0008237278280490771, 'train_lr_reduce': 0.6}. Best is trial 122 with value: 0.09548358619213104.
[I 2024-12-19 20:48:26,172] Trial 1611 finished with value: 0.23931752145290375 and parameters: {'mlp_n_layers': 4, 'mlp_dim_00': 511, 'mlp_dim_01': 397, 'mlp_dim_02': 411, 'mlp_dim_03': 398, 'node_hidden_dim': 64, 'edge_hidden_dim': 54, 'depth': 1, 'rep_dropout': 0.11863288824436707, 'train_learning_rate': 0.0008387443554468147, 'train_lr_reduce': 0.6}. Best is trial 122 with value: 0.09548358619213104.
[I 2024-12-19 20:48:28,230] Trial 1613 finished with value: 0.19665955007076263 and parameters: {'mlp_n_layers': 4, 'mlp_dim_00': 511, 'mlp_dim_01': 338, 'mlp_dim_02': 354, 'mlp_dim_03': 449, 'node_hidden_dim': 87, 'edge_hidden_dim': 41, 'depth': 1, 'rep_dropout': 0.11274918041583622, 'train_learning_rate': 0.0012701304246555364, 'train_lr_reduce': 0.6}. Best is trial 122 with value: 0.09548358619213104.
[I 2024-12-19 20:48:40,878] Trial 1612 finished with value: 0.14512476325035095 and parameters: {'mlp_n_layers': 3, 'mlp_dim_00': 510, 'mlp_dim_01': 226, 'mlp_dim_02': 479, 'node_hidden_dim': 90, 'edge_hidden_dim': 44, 'depth': 1, 'rep_dropout': 0.1128173753615244, 'train_learning_rate': 0.0006573386092398152, 'train_lr_reduce': 0.6}. Best is trial 122 with value: 0.09548358619213104.
[I 2024-12-19 20:48:46,258] Trial 1616 finished with value: 1.6260210275650024 and parameters: {'mlp_n_layers': 1, 'mlp_dim_00': 466, 'node_hidden_dim': 44, 'edge_hidden_dim': 97, 'depth': 3, 'rep_dropout': 0.03514995503900017, 'train_learning_rate': 0.0004390414006321665, 'train_lr_reduce': 0.6}. Best is trial 122 with value: 0.09548358619213104.
[I 2024-12-19 20:49:03,351] Trial 1617 finished with value: 1.2619214057922363 and parameters: {'mlp_n_layers': 4, 'mlp_dim_00': 487, 'mlp_dim_01': 385, 'mlp_dim_02': 403, 'mlp_dim_03': 476, 'node_hidden_dim': 88, 'edge_hidden_dim': 52, 'depth': 2, 'rep_dropout': 0.07800104848295925, 'train_learning_rate': 0.00044928265244010423, 'train_lr_reduce': 0.6}. Best is trial 122 with value: 0.09548358619213104.
[I 2024-12-19 20:49:03,442] Trial 1615 finished with value: 0.11367122083902359 and parameters: {'mlp_n_layers': 3, 'mlp_dim_00': 495, 'mlp_dim_01': 309, 'mlp_dim_02': 244, 'node_hidden_dim': 99, 'edge_hidden_dim': 86, 'depth': 1, 'rep_dropout': 0.1340247929395592, 'train_learning_rate': 0.0006084952956473293, 'train_lr_reduce': 0.6}. Best is trial 122 with value: 0.09548358619213104.
[I 2024-12-19 20:49:08,603] Trial 1618 finished with value: 1.680573582649231 and parameters: {'mlp_n_layers': 4, 'mlp_dim_00': 290, 'mlp_dim_01': 358, 'mlp_dim_02': 345, 'mlp_dim_03': 407, 'node_hidden_dim': 97, 'edge_hidden_dim': 95, 'depth': 4, 'rep_dropout': 0.06462745579897121, 'train_learning_rate': 0.00022375419239633012, 'train_lr_reduce': 0.6}. Best is trial 122 with value: 0.09548358619213104.
[I 2024-12-19 20:49:08,610] Trial 1614 finished with value: 0.10642963647842407 and parameters: {'mlp_n_layers': 4, 'mlp_dim_00': 412, 'mlp_dim_01': 402, 'mlp_dim_02': 443, 'mlp_dim_03': 350, 'node_hidden_dim': 76, 'edge_hidden_dim': 56, 'depth': 1, 'rep_dropout': 0.1048772142425536, 'train_learning_rate': 0.0008811364139989672, 'train_lr_reduce': 0.6}. Best is trial 122 with value: 0.09548358619213104.
[I 2024-12-19 20:49:14,216] Trial 1621 finished with value: 1.6271913051605225 and parameters: {'mlp_n_layers': 3, 'mlp_dim_00': 449, 'mlp_dim_01': 419, 'mlp_dim_02': 374, 'node_hidden_dim': 86, 'edge_hidden_dim': 36, 'depth': 2, 'rep_dropout': 0.09193358278331817, 'train_learning_rate': 0.0008400775239527414, 'train_lr_reduce': 0.6}. Best is trial 122 with value: 0.09548358619213104.
[I 2024-12-19 20:49:19,581] Trial 1622 finished with value: 1.6580339670181274 and parameters: {'mlp_n_layers': 3, 'mlp_dim_00': 461, 'mlp_dim_01': 337, 'mlp_dim_02': 471, 'node_hidden_dim': 91, 'edge_hidden_dim': 58, 'depth': 1, 'rep_dropout': 0.14651046410760293, 'train_learning_rate': 0.0003735714399090189, 'train_lr_reduce': 0.6}. Best is trial 122 with value: 0.09548358619213104.
[I 2024-12-19 20:49:25,332] Trial 1623 finished with value: 1.5640398263931274 and parameters: {'mlp_n_layers': 1, 'mlp_dim_00': 154, 'node_hidden_dim': 93, 'edge_hidden_dim': 125, 'depth': 3, 'rep_dropout': 0.013169829202215835, 'train_learning_rate': 0.002991148952990836, 'train_lr_reduce': 0.6}. Best is trial 122 with value: 0.09548358619213104.
[I 2024-12-19 20:49:31,177] Trial 1624 finished with value: 1.6807838678359985 and parameters: {'mlp_n_layers': 3, 'mlp_dim_00': 400, 'mlp_dim_01': 293, 'mlp_dim_02': 346, 'node_hidden_dim': 65, 'edge_hidden_dim': 39, 'depth': 1, 'rep_dropout': 0.09422716684059255, 'train_learning_rate': 0.00027771169421286285, 'train_lr_reduce': 0.6}. Best is trial 122 with value: 0.09548358619213104.
[I 2024-12-19 20:49:36,040] Trial 1625 finished with value: 1.6595258712768555 and parameters: {'mlp_n_layers': 4, 'mlp_dim_00': 332, 'mlp_dim_01': 373, 'mlp_dim_02': 439, 'mlp_dim_03': 512, 'node_hidden_dim': 68, 'edge_hidden_dim': 46, 'depth': 1, 'rep_dropout': 0.08847491765701049, 'train_learning_rate': 0.0007349005297342618, 'train_lr_reduce': 0.6}. Best is trial 122 with value: 0.09548358619213104.
[I 2024-12-19 20:49:42,171] Trial 1619 finished with value: 0.11738034337759018 and parameters: {'mlp_n_layers': 4, 'mlp_dim_00': 202, 'mlp_dim_01': 279, 'mlp_dim_02': 472, 'mlp_dim_03': 444, 'node_hidden_dim': 89, 'edge_hidden_dim': 81, 'depth': 1, 'rep_dropout': 0.12641046482503254, 'train_learning_rate': 0.0031306102913280414, 'train_lr_reduce': 0.6}. Best is trial 122 with value: 0.09548358619213104.
[I 2024-12-19 20:49:49,079] Trial 1620 finished with value: 0.12463360279798508 and parameters: {'mlp_n_layers': 3, 'mlp_dim_00': 456, 'mlp_dim_01': 422, 'mlp_dim_02': 399, 'node_hidden_dim': 116, 'edge_hidden_dim': 56, 'depth': 1, 'rep_dropout': 0.13285426881478768, 'train_learning_rate': 0.0024600983938952424, 'train_lr_reduce': 0.6}. Best is trial 122 with value: 0.09548358619213104.
[I 2024-12-19 20:49:54,610] Trial 1628 finished with value: 1.6586341857910156 and parameters: {'mlp_n_layers': 3, 'mlp_dim_00': 233, 'mlp_dim_01': 245, 'mlp_dim_02': 473, 'node_hidden_dim': 78, 'edge_hidden_dim': 56, 'depth': 2, 'rep_dropout': 0.09228668185960458, 'train_learning_rate': 0.0009847155787048793, 'train_lr_reduce': 0.6}. Best is trial 122 with value: 0.09548358619213104.
[I 2024-12-19 20:50:22,194] Trial 1626 finished with value: 0.1269766241312027 and parameters: {'mlp_n_layers': 4, 'mlp_dim_00': 458, 'mlp_dim_01': 450, 'mlp_dim_02': 299, 'mlp_dim_03': 294, 'node_hidden_dim': 78, 'edge_hidden_dim': 37, 'depth': 2, 'rep_dropout': 0.05936461905385984, 'train_learning_rate': 0.0004903962907534371, 'train_lr_reduce': 0.6}. Best is trial 122 with value: 0.09548358619213104.
[I 2024-12-19 20:50:23,452] Trial 1627 finished with value: 0.11195868253707886 and parameters: {'mlp_n_layers': 4, 'mlp_dim_00': 500, 'mlp_dim_01': 326, 'mlp_dim_02': 158, 'mlp_dim_03': 392, 'node_hidden_dim': 71, 'edge_hidden_dim': 56, 'depth': 1, 'rep_dropout': 0.06611577111798178, 'train_learning_rate': 0.001071249424772134, 'train_lr_reduce': 0.6}. Best is trial 122 with value: 0.09548358619213104.
[I 2024-12-19 20:50:29,337] Trial 1631 finished with value: 1.6803680658340454 and parameters: {'mlp_n_layers': 4, 'mlp_dim_00': 474, 'mlp_dim_01': 443, 'mlp_dim_02': 399, 'mlp_dim_03': 227, 'node_hidden_dim': 69, 'edge_hidden_dim': 33, 'depth': 2, 'rep_dropout': 0.12091207228876141, 'train_learning_rate': 0.0003170371092796776, 'train_lr_reduce': 0.6}. Best is trial 122 with value: 0.09548358619213104.
[I 2024-12-19 20:50:37,876] Trial 1629 finished with value: 0.11499720066785812 and parameters: {'mlp_n_layers': 4, 'mlp_dim_00': 485, 'mlp_dim_01': 407, 'mlp_dim_02': 358, 'mlp_dim_03': 456, 'node_hidden_dim': 78, 'edge_hidden_dim': 35, 'depth': 1, 'rep_dropout': 0.14869262496073143, 'train_learning_rate': 0.00039229909099812855, 'train_lr_reduce': 0.6}. Best is trial 122 with value: 0.09548358619213104.
[I 2024-12-19 20:50:38,919] Trial 1630 finished with value: 0.6381259560585022 and parameters: {'mlp_n_layers': 4, 'mlp_dim_00': 382, 'mlp_dim_01': 373, 'mlp_dim_02': 417, 'mlp_dim_03': 340, 'node_hidden_dim': 62, 'edge_hidden_dim': 70, 'depth': 2, 'rep_dropout': 0.10674646656292096, 'train_learning_rate': 0.0008334284368773545, 'train_lr_reduce': 0.6}. Best is trial 122 with value: 0.09548358619213104.
[I 2024-12-19 20:50:43,945] Trial 1633 finished with value: 1.597923994064331 and parameters: {'mlp_n_layers': 4, 'mlp_dim_00': 372, 'mlp_dim_01': 354, 'mlp_dim_02': 330, 'mlp_dim_03': 473, 'node_hidden_dim': 92, 'edge_hidden_dim': 37, 'depth': 2, 'rep_dropout': 0.07920297738930893, 'train_learning_rate': 0.002551443198977645, 'train_lr_reduce': 0.6}. Best is trial 122 with value: 0.09548358619213104.
[I 2024-12-19 20:50:48,974] Trial 1632 finished with value: 1.3147447109222412 and parameters: {'mlp_n_layers': 3, 'mlp_dim_00': 140, 'mlp_dim_01': 299, 'mlp_dim_02': 475, 'node_hidden_dim': 104, 'edge_hidden_dim': 128, 'depth': 4, 'rep_dropout': 0.12245481399840925, 'train_learning_rate': 0.0025903190150040395, 'train_lr_reduce': 0.6}. Best is trial 122 with value: 0.09548358619213104.
[I 2024-12-19 20:51:05,697] Trial 1636 finished with value: 0.635905385017395 and parameters: {'mlp_n_layers': 4, 'mlp_dim_00': 329, 'mlp_dim_01': 318, 'mlp_dim_02': 479, 'mlp_dim_03': 370, 'node_hidden_dim': 78, 'edge_hidden_dim': 103, 'depth': 1, 'rep_dropout': 0.09251268599010914, 'train_learning_rate': 0.001633346710534919, 'train_lr_reduce': 0.6}. Best is trial 122 with value: 0.09548358619213104.
[I 2024-12-19 20:51:09,232] Trial 1634 finished with value: 0.20715764164924622 and parameters: {'mlp_n_layers': 4, 'mlp_dim_00': 189, 'mlp_dim_01': 410, 'mlp_dim_02': 372, 'mlp_dim_03': 412, 'node_hidden_dim': 54, 'edge_hidden_dim': 53, 'depth': 1, 'rep_dropout': 0.09309905135852686, 'train_learning_rate': 0.0032804658414475247, 'train_lr_reduce': 0.6}. Best is trial 122 with value: 0.09548358619213104.
[I 2024-12-19 20:51:12,289] Trial 1637 finished with value: 1.6894172430038452 and parameters: {'mlp_n_layers': 4, 'mlp_dim_00': 386, 'mlp_dim_01': 273, 'mlp_dim_02': 247, 'mlp_dim_03': 486, 'node_hidden_dim': 75, 'edge_hidden_dim': 105, 'depth': 1, 'rep_dropout': 0.08311712122953849, 'train_learning_rate': 0.00011570627709787857, 'train_lr_reduce': 0.6}. Best is trial 122 with value: 0.09548358619213104.
[I 2024-12-19 20:51:14,481] Trial 1638 finished with value: 1.673981785774231 and parameters: {'mlp_n_layers': 4, 'mlp_dim_00': 425, 'mlp_dim_01': 378, 'mlp_dim_02': 326, 'mlp_dim_03': 433, 'node_hidden_dim': 69, 'edge_hidden_dim': 33, 'depth': 1, 'rep_dropout': 0.07576975458356774, 'train_learning_rate': 0.0005471987404706771, 'train_lr_reduce': 0.6}. Best is trial 122 with value: 0.09548358619213104.
[I 2024-12-19 20:51:17,901] Trial 1639 finished with value: 1.641739845275879 and parameters: {'mlp_n_layers': 2, 'mlp_dim_00': 78, 'mlp_dim_01': 443, 'node_hidden_dim': 117, 'edge_hidden_dim': 49, 'depth': 2, 'rep_dropout': 0.0816145975316204, 'train_learning_rate': 0.0012364827734009708, 'train_lr_reduce': 0.6}. Best is trial 122 with value: 0.09548358619213104.
[I 2024-12-19 20:51:23,353] Trial 1641 finished with value: 1.6154088973999023 and parameters: {'mlp_n_layers': 1, 'mlp_dim_00': 361, 'node_hidden_dim': 100, 'edge_hidden_dim': 111, 'depth': 2, 'rep_dropout': 0.10285223630341166, 'train_learning_rate': 0.00039739437285283186, 'train_lr_reduce': 0.6}. Best is trial 122 with value: 0.09548358619213104.
[I 2024-12-19 20:51:29,301] Trial 1642 finished with value: 1.6703394651412964 and parameters: {'mlp_n_layers': 4, 'mlp_dim_00': 501, 'mlp_dim_01': 396, 'mlp_dim_02': 510, 'mlp_dim_03': 473, 'node_hidden_dim': 83, 'edge_hidden_dim': 35, 'depth': 2, 'rep_dropout': 0.12163048711428967, 'train_learning_rate': 0.0012071226877573343, 'train_lr_reduce': 0.6}. Best is trial 122 with value: 0.09548358619213104.
[I 2024-12-19 20:51:31,076] Trial 1635 finished with value: 0.12124574929475784 and parameters: {'mlp_n_layers': 4, 'mlp_dim_00': 496, 'mlp_dim_01': 447, 'mlp_dim_02': 438, 'mlp_dim_03': 442, 'node_hidden_dim': 80, 'edge_hidden_dim': 35, 'depth': 1, 'rep_dropout': 0.10661509966163359, 'train_learning_rate': 0.0007042237512020363, 'train_lr_reduce': 0.6}. Best is trial 122 with value: 0.09548358619213104.
[I 2024-12-19 20:51:34,156] Trial 1643 finished with value: 1.6820452213287354 and parameters: {'mlp_n_layers': 4, 'mlp_dim_00': 355, 'mlp_dim_01': 315, 'mlp_dim_02': 360, 'mlp_dim_03': 401, 'node_hidden_dim': 65, 'edge_hidden_dim': 106, 'depth': 1, 'rep_dropout': 0.14493277645656646, 'train_learning_rate': 0.0001659017097234792, 'train_lr_reduce': 0.6}. Best is trial 122 with value: 0.09548358619213104.
[I 2024-12-19 20:51:36,551] Trial 1644 finished with value: 1.678213119506836 and parameters: {'mlp_n_layers': 4, 'mlp_dim_00': 432, 'mlp_dim_01': 446, 'mlp_dim_02': 290, 'mlp_dim_03': 482, 'node_hidden_dim': 88, 'edge_hidden_dim': 79, 'depth': 1, 'rep_dropout': 0.13516803802881758, 'train_learning_rate': 0.00034244269055322955, 'train_lr_reduce': 0.6}. Best is trial 122 with value: 0.09548358619213104.
[I 2024-12-19 20:51:55,303] Trial 1645 finished with value: 0.21977493166923523 and parameters: {'mlp_n_layers': 4, 'mlp_dim_00': 418, 'mlp_dim_01': 214, 'mlp_dim_02': 434, 'mlp_dim_03': 297, 'node_hidden_dim': 34, 'edge_hidden_dim': 39, 'depth': 1, 'rep_dropout': 0.11632268834191775, 'train_learning_rate': 0.003614029835919867, 'train_lr_reduce': 0.6}. Best is trial 122 with value: 0.09548358619213104.
[I 2024-12-19 20:52:04,107] Trial 1640 finished with value: 0.24751536548137665 and parameters: {'mlp_n_layers': 4, 'mlp_dim_00': 83, 'mlp_dim_01': 345, 'mlp_dim_02': 407, 'mlp_dim_03': 327, 'node_hidden_dim': 111, 'edge_hidden_dim': 86, 'depth': 2, 'rep_dropout': 0.10783686370004256, 'train_learning_rate': 0.0010636741539048237, 'train_lr_reduce': 0.6}. Best is trial 122 with value: 0.09548358619213104.
[I 2024-12-19 20:52:07,167] Trial 1647 finished with value: 1.3872841596603394 and parameters: {'mlp_n_layers': 4, 'mlp_dim_00': 315, 'mlp_dim_01': 444, 'mlp_dim_02': 512, 'mlp_dim_03': 369, 'node_hidden_dim': 40, 'edge_hidden_dim': 107, 'depth': 2, 'rep_dropout': 0.11398856268211083, 'train_learning_rate': 0.0012274073192393086, 'train_lr_reduce': 0.6}. Best is trial 122 with value: 0.09548358619213104.
[I 2024-12-19 20:52:20,346] Trial 1646 finished with value: 0.12210455536842346 and parameters: {'mlp_n_layers': 4, 'mlp_dim_00': 239, 'mlp_dim_01': 363, 'mlp_dim_02': 386, 'mlp_dim_03': 436, 'node_hidden_dim': 63, 'edge_hidden_dim': 35, 'depth': 1, 'rep_dropout': 0.08919040891022964, 'train_learning_rate': 0.0006936267492096204, 'train_lr_reduce': 0.6}. Best is trial 122 with value: 0.09548358619213104.
[I 2024-12-19 20:52:25,640] Trial 1650 finished with value: 1.6759417057037354 and parameters: {'mlp_n_layers': 4, 'mlp_dim_00': 478, 'mlp_dim_01': 326, 'mlp_dim_02': 340, 'mlp_dim_03': 511, 'node_hidden_dim': 96, 'edge_hidden_dim': 85, 'depth': 1, 'rep_dropout': 0.14914668041635318, 'train_learning_rate': 0.00028645193197942783, 'train_lr_reduce': 0.6}. Best is trial 122 with value: 0.09548358619213104.
[I 2024-12-19 20:52:31,264] Trial 1651 finished with value: 1.6293751001358032 and parameters: {'mlp_n_layers': 3, 'mlp_dim_00': 508, 'mlp_dim_01': 476, 'mlp_dim_02': 392, 'node_hidden_dim': 50, 'edge_hidden_dim': 33, 'depth': 2, 'rep_dropout': 0.1379492009504752, 'train_learning_rate': 0.001020536604983684, 'train_lr_reduce': 0.6}. Best is trial 122 with value: 0.09548358619213104.
[I 2024-12-19 20:52:38,530] Trial 1648 finished with value: 0.2450229823589325 and parameters: {'mlp_n_layers': 3, 'mlp_dim_00': 226, 'mlp_dim_01': 267, 'mlp_dim_02': 442, 'node_hidden_dim': 105, 'edge_hidden_dim': 34, 'depth': 1, 'rep_dropout': 0.10214493623849107, 'train_learning_rate': 0.0026293837078346163, 'train_lr_reduce': 0.6}. Best is trial 122 with value: 0.09548358619213104.
