[I 2024-12-15 15:59:53,821] Trial 885 finished with value: 0.2091839760541916 and parameters: {'mlp_n_layers': 4, 'mlp_dim_00': 192, 'mlp_dim_01': 240, 'mlp_dim_02': 144, 'mlp_dim_03': 144, 'hidden_channels': 208, 'num_layers': 1, 'num_timesteps': 4, 'dropout': 0.12356423055416152, 'train_learning_rate': 0.001256084860074559, 'train_lr_reduce': 0.6}. Best is trial 632 with value: 0.13978464901447296.
[I 2024-12-15 15:59:54,059] Trial 883 finished with value: 0.15829913318157196 and parameters: {'mlp_n_layers': 4, 'mlp_dim_00': 160, 'mlp_dim_01': 192, 'mlp_dim_02': 208, 'mlp_dim_03': 80, 'hidden_channels': 208, 'num_layers': 1, 'num_timesteps': 4, 'dropout': 0.038989656825328074, 'train_learning_rate': 0.001970274434008231, 'train_lr_reduce': 0.6}. Best is trial 632 with value: 0.13978464901447296.
[I 2024-12-15 15:59:54,808] Trial 884 finished with value: 0.27049481868743896 and parameters: {'mlp_n_layers': 4, 'mlp_dim_00': 128, 'mlp_dim_01': 48, 'mlp_dim_02': 176, 'mlp_dim_03': 112, 'hidden_channels': 80, 'num_layers': 3, 'num_timesteps': 1, 'dropout': 0.25039934003226655, 'train_learning_rate': 0.0006715579970009481, 'train_lr_reduce': 0.6}. Best is trial 632 with value: 0.13978464901447296.
[I 2024-12-15 16:00:00,975] Trial 887 finished with value: 0.21706607937812805 and parameters: {'mlp_n_layers': 4, 'mlp_dim_00': 64, 'mlp_dim_01': 96, 'mlp_dim_02': 208, 'mlp_dim_03': 80, 'hidden_channels': 256, 'num_layers': 2, 'num_timesteps': 1, 'dropout': 0.021401878394949878, 'train_learning_rate': 0.001755981592731242, 'train_lr_reduce': 0.6}. Best is trial 632 with value: 0.13978464901447296.
[I 2024-12-15 16:00:05,565] Trial 886 finished with value: 0.17209549248218536 and parameters: {'mlp_n_layers': 4, 'mlp_dim_00': 176, 'mlp_dim_01': 176, 'mlp_dim_02': 208, 'mlp_dim_03': 80, 'hidden_channels': 176, 'num_layers': 1, 'num_timesteps': 4, 'dropout': 0.07763184381308535, 'train_learning_rate': 0.0037238257607361204, 'train_lr_reduce': 0.6}. Best is trial 632 with value: 0.13978464901447296.
[I 2024-12-15 16:00:07,881] Trial 888 finished with value: 0.17648175358772278 and parameters: {'mlp_n_layers': 4, 'mlp_dim_00': 192, 'mlp_dim_01': 256, 'mlp_dim_02': 208, 'mlp_dim_03': 80, 'hidden_channels': 256, 'num_layers': 1, 'num_timesteps': 3, 'dropout': 0.033788042082808056, 'train_learning_rate': 0.0015282632609433468, 'train_lr_reduce': 0.6}. Best is trial 632 with value: 0.13978464901447296.
[I 2024-12-15 16:00:11,645] Trial 889 finished with value: 0.2358633428812027 and parameters: {'mlp_n_layers': 2, 'mlp_dim_00': 96, 'mlp_dim_01': 112, 'hidden_channels': 48, 'num_layers': 3, 'num_timesteps': 4, 'dropout': 0.14252861526634314, 'train_learning_rate': 0.005768875776486056, 'train_lr_reduce': 0.6}. Best is trial 632 with value: 0.13978464901447296.
[I 2024-12-15 16:00:14,506] Trial 890 finished with value: 0.2225860208272934 and parameters: {'mlp_n_layers': 3, 'mlp_dim_00': 80, 'mlp_dim_01': 192, 'mlp_dim_02': 224, 'hidden_channels': 208, 'num_layers': 4, 'num_timesteps': 1, 'dropout': 0.029105668923819064, 'train_learning_rate': 0.00443557670146261, 'train_lr_reduce': 0.6}. Best is trial 632 with value: 0.13978464901447296.
[I 2024-12-15 16:00:23,127] Trial 891 finished with value: 0.1823228895664215 and parameters: {'mlp_n_layers': 2, 'mlp_dim_00': 176, 'mlp_dim_01': 192, 'hidden_channels': 192, 'num_layers': 1, 'num_timesteps': 4, 'dropout': 0.006295122416214866, 'train_learning_rate': 0.0034790016924470253, 'train_lr_reduce': 0.6}. Best is trial 632 with value: 0.13978464901447296.
[I 2024-12-15 16:00:24,164] Trial 892 finished with value: 0.19928021728992462 and parameters: {'mlp_n_layers': 4, 'mlp_dim_00': 160, 'mlp_dim_01': 240, 'mlp_dim_02': 208, 'mlp_dim_03': 80, 'hidden_channels': 240, 'num_layers': 1, 'num_timesteps': 3, 'dropout': 0.09423051706983052, 'train_learning_rate': 0.0006461707323398685, 'train_lr_reduce': 0.6}. Best is trial 632 with value: 0.13978464901447296.
[I 2024-12-15 16:00:30,114] Trial 893 finished with value: 0.15880608558654785 and parameters: {'mlp_n_layers': 4, 'mlp_dim_00': 160, 'mlp_dim_01': 224, 'mlp_dim_02': 208, 'mlp_dim_03': 96, 'hidden_channels': 240, 'num_layers': 1, 'num_timesteps': 4, 'dropout': 0.06448287334228253, 'train_learning_rate': 0.002202566787974226, 'train_lr_reduce': 0.6}. Best is trial 632 with value: 0.13978464901447296.
[I 2024-12-15 16:00:31,856] Trial 894 finished with value: 0.22195965051651 and parameters: {'mlp_n_layers': 4, 'mlp_dim_00': 192, 'mlp_dim_01': 160, 'mlp_dim_02': 192, 'mlp_dim_03': 80, 'hidden_channels': 256, 'num_layers': 2, 'num_timesteps': 4, 'dropout': 0.10412418208542401, 'train_learning_rate': 0.0029661073100307796, 'train_lr_reduce': 0.6}. Best is trial 632 with value: 0.13978464901447296.
[I 2024-12-15 16:00:33,703] Trial 895 finished with value: 0.20950324833393097 and parameters: {'mlp_n_layers': 4, 'mlp_dim_00': 144, 'mlp_dim_01': 240, 'mlp_dim_02': 192, 'mlp_dim_03': 112, 'hidden_channels': 176, 'num_layers': 2, 'num_timesteps': 4, 'dropout': 0.010040229087730508, 'train_learning_rate': 0.001217285558699953, 'train_lr_reduce': 0.6}. Best is trial 632 with value: 0.13978464901447296.
[I 2024-12-15 16:00:41,217] Trial 896 finished with value: 0.18612369894981384 and parameters: {'mlp_n_layers': 4, 'mlp_dim_00': 176, 'mlp_dim_01': 176, 'mlp_dim_02': 224, 'mlp_dim_03': 80, 'hidden_channels': 224, 'num_layers': 1, 'num_timesteps': 4, 'dropout': 0.09143068577168742, 'train_learning_rate': 0.0008325137444419131, 'train_lr_reduce': 0.6}. Best is trial 632 with value: 0.13978464901447296.
[I 2024-12-15 16:00:41,483] Trial 897 finished with value: 0.18789266049861908 and parameters: {'mlp_n_layers': 3, 'mlp_dim_00': 208, 'mlp_dim_01': 256, 'mlp_dim_02': 224, 'hidden_channels': 224, 'num_layers': 1, 'num_timesteps': 4, 'dropout': 0.08357563808837869, 'train_learning_rate': 0.00401955292285213, 'train_lr_reduce': 0.6}. Best is trial 632 with value: 0.13978464901447296.
[I 2024-12-15 16:00:41,879] Trial 898 finished with value: 0.20164789259433746 and parameters: {'mlp_n_layers': 3, 'mlp_dim_00': 144, 'mlp_dim_01': 32, 'mlp_dim_02': 224, 'hidden_channels': 32, 'num_layers': 2, 'num_timesteps': 4, 'dropout': 0.1516298603695803, 'train_learning_rate': 0.0030202553249667865, 'train_lr_reduce': 0.6}. Best is trial 632 with value: 0.13978464901447296.
[I 2024-12-15 16:00:50,655] Trial 901 finished with value: 0.19585469365119934 and parameters: {'mlp_n_layers': 4, 'mlp_dim_00': 240, 'mlp_dim_01': 224, 'mlp_dim_02': 208, 'mlp_dim_03': 80, 'hidden_channels': 256, 'num_layers': 1, 'num_timesteps': 4, 'dropout': 0.0579109511626922, 'train_learning_rate': 0.0021665845008751925, 'train_lr_reduce': 0.6}. Best is trial 632 with value: 0.13978464901447296.
[I 2024-12-15 16:00:53,336] Trial 900 finished with value: 0.19977612793445587 and parameters: {'mlp_n_layers': 4, 'mlp_dim_00': 128, 'mlp_dim_01': 208, 'mlp_dim_02': 208, 'mlp_dim_03': 80, 'hidden_channels': 240, 'num_layers': 1, 'num_timesteps': 4, 'dropout': 0.04673638664492491, 'train_learning_rate': 0.0016939958894469434, 'train_lr_reduce': 0.6}. Best is trial 632 with value: 0.13978464901447296.
[I 2024-12-15 16:00:57,560] Trial 899 finished with value: 0.2254488468170166 and parameters: {'mlp_n_layers': 2, 'mlp_dim_00': 32, 'mlp_dim_01': 256, 'hidden_channels': 112, 'num_layers': 1, 'num_timesteps': 3, 'dropout': 0.19204532833272656, 'train_learning_rate': 0.00020908653786708056, 'train_lr_reduce': 0.6}. Best is trial 632 with value: 0.13978464901447296.
[I 2024-12-15 16:01:02,140] Trial 902 finished with value: 0.22241860628128052 and parameters: {'mlp_n_layers': 2, 'mlp_dim_00': 160, 'mlp_dim_01': 224, 'hidden_channels': 160, 'num_layers': 2, 'num_timesteps': 2, 'dropout': 0.002014839396500123, 'train_learning_rate': 0.0004887396593911763, 'train_lr_reduce': 0.6}. Best is trial 632 with value: 0.13978464901447296.
[I 2024-12-15 16:01:05,909] Trial 904 finished with value: 0.218936488032341 and parameters: {'mlp_n_layers': 2, 'mlp_dim_00': 176, 'mlp_dim_01': 240, 'hidden_channels': 96, 'num_layers': 2, 'num_timesteps': 4, 'dropout': 0.07059141170646571, 'train_learning_rate': 0.00409161333047473, 'train_lr_reduce': 0.6}. Best is trial 632 with value: 0.13978464901447296.
[I 2024-12-15 16:01:07,923] Trial 905 finished with value: 0.23796446621418 and parameters: {'mlp_n_layers': 3, 'mlp_dim_00': 112, 'mlp_dim_01': 208, 'mlp_dim_02': 208, 'hidden_channels': 208, 'num_layers': 1, 'num_timesteps': 2, 'dropout': 0.007244602490209171, 'train_learning_rate': 0.005111195304390585, 'train_lr_reduce': 0.6}. Best is trial 632 with value: 0.13978464901447296.
[I 2024-12-15 16:01:08,380] Trial 903 finished with value: 0.15346981585025787 and parameters: {'mlp_n_layers': 4, 'mlp_dim_00': 192, 'mlp_dim_01': 208, 'mlp_dim_02': 208, 'mlp_dim_03': 96, 'hidden_channels': 208, 'num_layers': 1, 'num_timesteps': 4, 'dropout': 0.09610341456614829, 'train_learning_rate': 0.0023555461736651587, 'train_lr_reduce': 0.6}. Best is trial 632 with value: 0.13978464901447296.
[I 2024-12-15 16:01:14,495] Trial 907 finished with value: 0.22181421518325806 and parameters: {'mlp_n_layers': 2, 'mlp_dim_00': 224, 'mlp_dim_01': 240, 'hidden_channels': 80, 'num_layers': 1, 'num_timesteps': 1, 'dropout': 0.29314071369132655, 'train_learning_rate': 0.009260579477237926, 'train_lr_reduce': 0.6}. Best is trial 632 with value: 0.13978464901447296.
[I 2024-12-15 16:01:15,062] Trial 906 finished with value: 0.21360047161579132 and parameters: {'mlp_n_layers': 4, 'mlp_dim_00': 208, 'mlp_dim_01': 256, 'mlp_dim_02': 208, 'mlp_dim_03': 80, 'hidden_channels': 208, 'num_layers': 2, 'num_timesteps': 4, 'dropout': 0.10598814653219554, 'train_learning_rate': 0.001130119407134764, 'train_lr_reduce': 0.6}. Best is trial 632 with value: 0.13978464901447296.
[I 2024-12-15 16:01:18,927] Trial 910 finished with value: 1.5081467628479004 and parameters: {'mlp_n_layers': 4, 'mlp_dim_00': 128, 'mlp_dim_01': 192, 'mlp_dim_02': 224, 'mlp_dim_03': 96, 'hidden_channels': 208, 'num_layers': 4, 'num_timesteps': 3, 'dropout': 0.2937410519667648, 'train_learning_rate': 0.00011961396590021175, 'train_lr_reduce': 0.6}. Best is trial 632 with value: 0.13978464901447296.
[I 2024-12-15 16:01:24,948] Trial 909 finished with value: 0.2748364210128784 and parameters: {'mlp_n_layers': 2, 'mlp_dim_00': 48, 'mlp_dim_01': 112, 'hidden_channels': 224, 'num_layers': 4, 'num_timesteps': 3, 'dropout': 0.2703075798628793, 'train_learning_rate': 0.0003856530383492581, 'train_lr_reduce': 0.6}. Best is trial 632 with value: 0.13978464901447296.
[I 2024-12-15 16:01:26,443] Trial 908 finished with value: 0.3206009864807129 and parameters: {'mlp_n_layers': 2, 'mlp_dim_00': 112, 'mlp_dim_01': 208, 'hidden_channels': 128, 'num_layers': 4, 'num_timesteps': 1, 'dropout': 0.1856629346673423, 'train_learning_rate': 0.00019883261494967682, 'train_lr_reduce': 0.6}. Best is trial 632 with value: 0.13978464901447296.
[I 2024-12-15 16:01:31,331] Trial 911 finished with value: 0.17057235538959503 and parameters: {'mlp_n_layers': 4, 'mlp_dim_00': 208, 'mlp_dim_01': 208, 'mlp_dim_02': 224, 'mlp_dim_03': 112, 'hidden_channels': 224, 'num_layers': 1, 'num_timesteps': 4, 'dropout': 0.07690416635482639, 'train_learning_rate': 0.0030039435812871784, 'train_lr_reduce': 0.6}. Best is trial 632 with value: 0.13978464901447296.
[I 2024-12-15 16:01:39,468] Trial 912 finished with value: 0.17683249711990356 and parameters: {'mlp_n_layers': 4, 'mlp_dim_00': 160, 'mlp_dim_01': 192, 'mlp_dim_02': 224, 'mlp_dim_03': 112, 'hidden_channels': 224, 'num_layers': 1, 'num_timesteps': 4, 'dropout': 0.09896097597646601, 'train_learning_rate': 0.0019489100964560843, 'train_lr_reduce': 0.6}. Best is trial 632 with value: 0.13978464901447296.
[I 2024-12-15 16:01:42,387] Trial 913 finished with value: 0.26614895462989807 and parameters: {'mlp_n_layers': 4, 'mlp_dim_00': 144, 'mlp_dim_01': 192, 'mlp_dim_02': 208, 'mlp_dim_03': 96, 'hidden_channels': 32, 'num_layers': 3, 'num_timesteps': 1, 'dropout': 0.09396475869518056, 'train_learning_rate': 0.0005914488877817172, 'train_lr_reduce': 0.6}. Best is trial 632 with value: 0.13978464901447296.
[I 2024-12-15 16:01:43,291] Trial 915 finished with value: 0.8642727732658386 and parameters: {'mlp_n_layers': 4, 'mlp_dim_00': 208, 'mlp_dim_01': 224, 'mlp_dim_02': 208, 'mlp_dim_03': 96, 'hidden_channels': 256, 'num_layers': 2, 'num_timesteps': 4, 'dropout': 0.12441606125638276, 'train_learning_rate': 0.0023559258871731475, 'train_lr_reduce': 0.6}. Best is trial 632 with value: 0.13978464901447296.
[I 2024-12-15 16:01:45,107] Trial 914 finished with value: 0.18995946645736694 and parameters: {'mlp_n_layers': 4, 'mlp_dim_00': 176, 'mlp_dim_01': 240, 'mlp_dim_02': 224, 'mlp_dim_03': 112, 'hidden_channels': 240, 'num_layers': 1, 'num_timesteps': 3, 'dropout': 0.08809476300991242, 'train_learning_rate': 0.0015731790973240512, 'train_lr_reduce': 0.6}. Best is trial 632 with value: 0.13978464901447296.
[I 2024-12-15 16:01:48,143] Trial 916 finished with value: 0.21862488985061646 and parameters: {'mlp_n_layers': 4, 'mlp_dim_00': 224, 'mlp_dim_01': 48, 'mlp_dim_02': 208, 'mlp_dim_03': 112, 'hidden_channels': 240, 'num_layers': 2, 'num_timesteps': 1, 'dropout': 0.2288149456963724, 'train_learning_rate': 0.009986949605143508, 'train_lr_reduce': 0.6}. Best is trial 632 with value: 0.13978464901447296.
[I 2024-12-15 16:01:49,804] Trial 917 finished with value: 0.19031758606433868 and parameters: {'mlp_n_layers': 3, 'mlp_dim_00': 176, 'mlp_dim_01': 160, 'mlp_dim_02': 240, 'hidden_channels': 240, 'num_layers': 2, 'num_timesteps': 3, 'dropout': 0.0010717902014469871, 'train_learning_rate': 0.005658924173517131, 'train_lr_reduce': 0.6}. Best is trial 632 with value: 0.13978464901447296.
[I 2024-12-15 16:01:52,486] Trial 919 finished with value: 1.1584824323654175 and parameters: {'mlp_n_layers': 4, 'mlp_dim_00': 112, 'mlp_dim_01': 224, 'mlp_dim_02': 192, 'mlp_dim_03': 128, 'hidden_channels': 128, 'num_layers': 4, 'num_timesteps': 3, 'dropout': 0.19205854989593968, 'train_learning_rate': 0.007390874245992161, 'train_lr_reduce': 0.6}. Best is trial 632 with value: 0.13978464901447296.
[I 2024-12-15 16:01:54,355] Trial 918 finished with value: 0.19229133427143097 and parameters: {'mlp_n_layers': 4, 'mlp_dim_00': 160, 'mlp_dim_01': 224, 'mlp_dim_02': 208, 'mlp_dim_03': 96, 'hidden_channels': 208, 'num_layers': 1, 'num_timesteps': 4, 'dropout': 0.0617833308207482, 'train_learning_rate': 0.004169046155959053, 'train_lr_reduce': 0.6}. Best is trial 632 with value: 0.13978464901447296.
[I 2024-12-15 16:01:59,718] Trial 920 finished with value: 0.17500543594360352 and parameters: {'mlp_n_layers': 4, 'mlp_dim_00': 208, 'mlp_dim_01': 208, 'mlp_dim_02': 208, 'mlp_dim_03': 96, 'hidden_channels': 208, 'num_layers': 1, 'num_timesteps': 4, 'dropout': 0.08298956474837448, 'train_learning_rate': 0.0016681756707547406, 'train_lr_reduce': 0.6}. Best is trial 632 with value: 0.13978464901447296.
[I 2024-12-15 16:02:03,876] Trial 922 finished with value: 0.20950430631637573 and parameters: {'mlp_n_layers': 3, 'mlp_dim_00': 192, 'mlp_dim_01': 208, 'mlp_dim_02': 192, 'hidden_channels': 240, 'num_layers': 1, 'num_timesteps': 4, 'dropout': 0.20738473069510172, 'train_learning_rate': 0.00184791198137716, 'train_lr_reduce': 0.6}. Best is trial 632 with value: 0.13978464901447296.
[I 2024-12-15 16:02:07,746] Trial 921 finished with value: 0.17868390679359436 and parameters: {'mlp_n_layers': 4, 'mlp_dim_00': 176, 'mlp_dim_01': 224, 'mlp_dim_02': 192, 'mlp_dim_03': 144, 'hidden_channels': 240, 'num_layers': 1, 'num_timesteps': 4, 'dropout': 0.06060817268678927, 'train_learning_rate': 0.002471411356669016, 'train_lr_reduce': 0.6}. Best is trial 632 with value: 0.13978464901447296.
[I 2024-12-15 16:02:14,529] Trial 924 finished with value: 0.1830625981092453 and parameters: {'mlp_n_layers': 4, 'mlp_dim_00': 144, 'mlp_dim_01': 240, 'mlp_dim_02': 240, 'mlp_dim_03': 80, 'hidden_channels': 208, 'num_layers': 1, 'num_timesteps': 4, 'dropout': 0.08746316258915585, 'train_learning_rate': 0.0010485626197108357, 'train_lr_reduce': 0.6}. Best is trial 632 with value: 0.13978464901447296.
[I 2024-12-15 16:02:17,156] Trial 923 finished with value: 0.28571170568466187 and parameters: {'mlp_n_layers': 4, 'mlp_dim_00': 32, 'mlp_dim_01': 32, 'mlp_dim_02': 224, 'mlp_dim_03': 112, 'hidden_channels': 112, 'num_layers': 3, 'num_timesteps': 3, 'dropout': 0.19622740132509298, 'train_learning_rate': 0.00023976933485575627, 'train_lr_reduce': 0.6}. Best is trial 632 with value: 0.13978464901447296.
[I 2024-12-15 16:02:18,393] Trial 925 finished with value: 0.19682568311691284 and parameters: {'mlp_n_layers': 4, 'mlp_dim_00': 128, 'mlp_dim_01': 224, 'mlp_dim_02': 192, 'mlp_dim_03': 128, 'hidden_channels': 160, 'num_layers': 1, 'num_timesteps': 4, 'dropout': 0.006590598782778907, 'train_learning_rate': 0.004120978025300993, 'train_lr_reduce': 0.6}. Best is trial 632 with value: 0.13978464901447296.
[I 2024-12-15 16:02:22,160] Trial 928 finished with value: 1.1998437643051147 and parameters: {'mlp_n_layers': 4, 'mlp_dim_00': 192, 'mlp_dim_01': 192, 'mlp_dim_02': 192, 'mlp_dim_03': 112, 'hidden_channels': 176, 'num_layers': 2, 'num_timesteps': 3, 'dropout': 0.12241409988318405, 'train_learning_rate': 0.005532161304127827, 'train_lr_reduce': 0.6}. Best is trial 632 with value: 0.13978464901447296.
[I 2024-12-15 16:02:25,499] Trial 926 finished with value: 0.19064384698867798 and parameters: {'mlp_n_layers': 4, 'mlp_dim_00': 176, 'mlp_dim_01': 256, 'mlp_dim_02': 192, 'mlp_dim_03': 96, 'hidden_channels': 256, 'num_layers': 1, 'num_timesteps': 3, 'dropout': 0.15340315875908533, 'train_learning_rate': 0.0014943968730461946, 'train_lr_reduce': 0.6}. Best is trial 632 with value: 0.13978464901447296.
[I 2024-12-15 16:02:29,336] Trial 927 finished with value: 0.30019617080688477 and parameters: {'mlp_n_layers': 3, 'mlp_dim_00': 192, 'mlp_dim_01': 224, 'mlp_dim_02': 208, 'hidden_channels': 240, 'num_layers': 3, 'num_timesteps': 1, 'dropout': 0.26992117928161485, 'train_learning_rate': 0.00021584244289686144, 'train_lr_reduce': 0.6}. Best is trial 632 with value: 0.13978464901447296.
[I 2024-12-15 16:02:35,889] Trial 929 finished with value: 0.18991300463676453 and parameters: {'mlp_n_layers': 4, 'mlp_dim_00': 144, 'mlp_dim_01': 240, 'mlp_dim_02': 224, 'mlp_dim_03': 160, 'hidden_channels': 256, 'num_layers': 1, 'num_timesteps': 4, 'dropout': 0.034273239537941196, 'train_learning_rate': 0.003389311834002811, 'train_lr_reduce': 0.6}. Best is trial 632 with value: 0.13978464901447296.
[I 2024-12-15 16:02:40,229] Trial 930 finished with value: 0.14964820444583893 and parameters: {'mlp_n_layers': 4, 'mlp_dim_00': 160, 'mlp_dim_01': 256, 'mlp_dim_02': 192, 'mlp_dim_03': 80, 'hidden_channels': 208, 'num_layers': 1, 'num_timesteps': 4, 'dropout': 0.0405979883690927, 'train_learning_rate': 0.002763104135027316, 'train_lr_reduce': 0.6}. Best is trial 632 with value: 0.13978464901447296.
[I 2024-12-15 16:02:40,762] Trial 931 finished with value: 0.1778416484594345 and parameters: {'mlp_n_layers': 4, 'mlp_dim_00': 112, 'mlp_dim_01': 32, 'mlp_dim_02': 240, 'mlp_dim_03': 128, 'hidden_channels': 240, 'num_layers': 1, 'num_timesteps': 4, 'dropout': 0.022175836090470316, 'train_learning_rate': 0.0076738525257300065, 'train_lr_reduce': 0.6}. Best is trial 632 with value: 0.13978464901447296.
[I 2024-12-15 16:02:52,970] Trial 934 finished with value: 0.17659369111061096 and parameters: {'mlp_n_layers': 3, 'mlp_dim_00': 192, 'mlp_dim_01': 256, 'mlp_dim_02': 192, 'hidden_channels': 224, 'num_layers': 1, 'num_timesteps': 2, 'dropout': 0.08097289998857801, 'train_learning_rate': 0.0036154830700232724, 'train_lr_reduce': 0.6}. Best is trial 632 with value: 0.13978464901447296.
[I 2024-12-15 16:02:53,575] Trial 933 finished with value: 0.17413845658302307 and parameters: {'mlp_n_layers': 4, 'mlp_dim_00': 176, 'mlp_dim_01': 256, 'mlp_dim_02': 208, 'mlp_dim_03': 80, 'hidden_channels': 160, 'num_layers': 1, 'num_timesteps': 4, 'dropout': 0.016068435163606683, 'train_learning_rate': 0.0014008424210588389, 'train_lr_reduce': 0.6}. Best is trial 632 with value: 0.13978464901447296.
[I 2024-12-15 16:02:55,884] Trial 932 finished with value: 0.19189561903476715 and parameters: {'mlp_n_layers': 3, 'mlp_dim_00': 176, 'mlp_dim_01': 240, 'mlp_dim_02': 192, 'hidden_channels': 80, 'num_layers': 1, 'num_timesteps': 4, 'dropout': 0.02243133020321754, 'train_learning_rate': 0.0008505264968192635, 'train_lr_reduce': 0.6}. Best is trial 632 with value: 0.13978464901447296.
[I 2024-12-15 16:03:01,137] Trial 935 finished with value: 1.2209824323654175 and parameters: {'mlp_n_layers': 4, 'mlp_dim_00': 144, 'mlp_dim_01': 160, 'mlp_dim_02': 192, 'mlp_dim_03': 80, 'hidden_channels': 224, 'num_layers': 1, 'num_timesteps': 4, 'dropout': 0.01165197494482874, 'train_learning_rate': 0.004575909625749905, 'train_lr_reduce': 0.6}. Best is trial 632 with value: 0.13978464901447296.
[I 2024-12-15 16:03:02,917] Trial 936 finished with value: 1.0423638820648193 and parameters: {'mlp_n_layers': 4, 'mlp_dim_00': 144, 'mlp_dim_01': 224, 'mlp_dim_02': 192, 'mlp_dim_03': 80, 'hidden_channels': 176, 'num_layers': 1, 'num_timesteps': 4, 'dropout': 0.11336677104073395, 'train_learning_rate': 0.00410834721154078, 'train_lr_reduce': 0.6}. Best is trial 632 with value: 0.13978464901447296.
[I 2024-12-15 16:03:06,783] Trial 937 finished with value: 0.5132003426551819 and parameters: {'mlp_n_layers': 4, 'mlp_dim_00': 32, 'mlp_dim_01': 80, 'mlp_dim_02': 208, 'mlp_dim_03': 80, 'hidden_channels': 32, 'num_layers': 4, 'num_timesteps': 2, 'dropout': 0.2581302862008347, 'train_learning_rate': 0.004975780240597734, 'train_lr_reduce': 0.6}. Best is trial 632 with value: 0.13978464901447296.
