[I 2024-12-19 19:36:47,840] Trial 965 finished with value: 1.1423791646957397 and parameters: {'mlp_n_layers': 1, 'mlp_dim_00': 159, 'node_hidden_dim': 61, 'edge_hidden_dim': 100, 'depth': 4, 'rep_dropout': 0.13956346441112924, 'train_learning_rate': 0.00014935132695898692, 'train_lr_reduce': 0.6}. Best is trial 673 with value: 0.11172225326299667.
[I 2024-12-19 19:36:48,028] Trial 959 finished with value: 0.17216677963733673 and parameters: {'mlp_n_layers': 2, 'mlp_dim_00': 442, 'mlp_dim_01': 432, 'node_hidden_dim': 57, 'edge_hidden_dim': 49, 'depth': 1, 'rep_dropout': 0.031157063091750394, 'train_learning_rate': 0.002496517651918511, 'train_lr_reduce': 0.6}. Best is trial 673 with value: 0.11172225326299667.
[I 2024-12-19 19:36:52,508] Trial 966 finished with value: 1.1476436853408813 and parameters: {'mlp_n_layers': 1, 'mlp_dim_00': 356, 'node_hidden_dim': 48, 'edge_hidden_dim': 65, 'depth': 2, 'rep_dropout': 0.01672192071450805, 'train_learning_rate': 0.0027824155518687836, 'train_lr_reduce': 0.6}. Best is trial 673 with value: 0.11172225326299667.
[I 2024-12-19 19:36:53,490] Trial 967 finished with value: 1.1449018716812134 and parameters: {'mlp_n_layers': 2, 'mlp_dim_00': 182, 'mlp_dim_01': 433, 'node_hidden_dim': 123, 'edge_hidden_dim': 80, 'depth': 3, 'rep_dropout': 0.013117807619947401, 'train_learning_rate': 0.003326706222753314, 'train_lr_reduce': 0.6}. Best is trial 673 with value: 0.11172225326299667.
[I 2024-12-19 19:37:02,957] Trial 970 finished with value: 1.142109751701355 and parameters: {'mlp_n_layers': 4, 'mlp_dim_00': 362, 'mlp_dim_01': 512, 'mlp_dim_02': 133, 'mlp_dim_03': 394, 'node_hidden_dim': 82, 'edge_hidden_dim': 36, 'depth': 3, 'rep_dropout': 0.010811962883713805, 'train_learning_rate': 0.00012887982404074166, 'train_lr_reduce': 0.6}. Best is trial 673 with value: 0.11172225326299667.
[I 2024-12-19 19:37:30,520] Trial 971 finished with value: 0.17043980956077576 and parameters: {'mlp_n_layers': 1, 'mlp_dim_00': 494, 'node_hidden_dim': 37, 'edge_hidden_dim': 70, 'depth': 1, 'rep_dropout': 0.048603407407376766, 'train_learning_rate': 0.004180573884928377, 'train_lr_reduce': 0.6}. Best is trial 673 with value: 0.11172225326299667.
[I 2024-12-19 19:37:31,433] Trial 968 finished with value: 0.1510508507490158 and parameters: {'mlp_n_layers': 1, 'mlp_dim_00': 398, 'node_hidden_dim': 33, 'edge_hidden_dim': 59, 'depth': 1, 'rep_dropout': 0.05576977467365683, 'train_learning_rate': 0.003913808624166112, 'train_lr_reduce': 0.6}. Best is trial 673 with value: 0.11172225326299667.
[I 2024-12-19 19:37:35,824] Trial 972 finished with value: 1.142617106437683 and parameters: {'mlp_n_layers': 2, 'mlp_dim_00': 417, 'mlp_dim_01': 425, 'node_hidden_dim': 33, 'edge_hidden_dim': 50, 'depth': 1, 'rep_dropout': 0.04994799534619188, 'train_learning_rate': 0.002829549372288819, 'train_lr_reduce': 0.6}. Best is trial 673 with value: 0.11172225326299667.
[I 2024-12-19 19:37:38,672] Trial 969 finished with value: 0.13545705378055573 and parameters: {'mlp_n_layers': 4, 'mlp_dim_00': 129, 'mlp_dim_01': 510, 'mlp_dim_02': 505, 'mlp_dim_03': 510, 'node_hidden_dim': 56, 'edge_hidden_dim': 114, 'depth': 1, 'rep_dropout': 0.1431454271365854, 'train_learning_rate': 0.004940064154454679, 'train_lr_reduce': 0.6}. Best is trial 673 with value: 0.11172225326299667.
[I 2024-12-19 19:37:43,606] Trial 974 finished with value: 1.1445472240447998 and parameters: {'mlp_n_layers': 4, 'mlp_dim_00': 133, 'mlp_dim_01': 432, 'mlp_dim_02': 285, 'mlp_dim_03': 271, 'node_hidden_dim': 128, 'edge_hidden_dim': 120, 'depth': 4, 'rep_dropout': 0.1359834847928307, 'train_learning_rate': 0.004905335886872017, 'train_lr_reduce': 0.6}. Best is trial 673 with value: 0.11172225326299667.
[I 2024-12-19 19:37:48,907] Trial 973 finished with value: 0.2181030511856079 and parameters: {'mlp_n_layers': 1, 'mlp_dim_00': 421, 'node_hidden_dim': 41, 'edge_hidden_dim': 71, 'depth': 1, 'rep_dropout': 0.03005196280300108, 'train_learning_rate': 0.001970816463175058, 'train_lr_reduce': 0.6}. Best is trial 673 with value: 0.11172225326299667.
[I 2024-12-19 19:37:49,413] Trial 976 finished with value: 1.1437885761260986 and parameters: {'mlp_n_layers': 1, 'mlp_dim_00': 368, 'node_hidden_dim': 32, 'edge_hidden_dim': 38, 'depth': 1, 'rep_dropout': 0.024757742912417276, 'train_learning_rate': 0.004202167361520484, 'train_lr_reduce': 0.6}. Best is trial 673 with value: 0.11172225326299667.
[I 2024-12-19 19:37:57,093] Trial 978 finished with value: 1.1422957181930542 and parameters: {'mlp_n_layers': 3, 'mlp_dim_00': 109, 'mlp_dim_01': 456, 'mlp_dim_02': 198, 'node_hidden_dim': 122, 'edge_hidden_dim': 81, 'depth': 1, 'rep_dropout': 0.004397913541092868, 'train_learning_rate': 0.0003982666497345091, 'train_lr_reduce': 0.6}. Best is trial 673 with value: 0.11172225326299667.
[I 2024-12-19 19:38:22,690] Trial 975 finished with value: 0.17784492671489716 and parameters: {'mlp_n_layers': 1, 'mlp_dim_00': 471, 'node_hidden_dim': 45, 'edge_hidden_dim': 109, 'depth': 1, 'rep_dropout': 0.12804677327254974, 'train_learning_rate': 0.0031000890224529456, 'train_lr_reduce': 0.6}. Best is trial 673 with value: 0.11172225326299667.
[I 2024-12-19 19:38:30,242] Trial 977 finished with value: 0.1255466639995575 and parameters: {'mlp_n_layers': 1, 'mlp_dim_00': 404, 'node_hidden_dim': 37, 'edge_hidden_dim': 40, 'depth': 1, 'rep_dropout': 0.001399654967320297, 'train_learning_rate': 0.0031068641721968466, 'train_lr_reduce': 0.6}. Best is trial 673 with value: 0.11172225326299667.
[I 2024-12-19 19:38:40,152] Trial 979 finished with value: 0.5161110758781433 and parameters: {'mlp_n_layers': 1, 'mlp_dim_00': 468, 'node_hidden_dim': 35, 'edge_hidden_dim': 46, 'depth': 1, 'rep_dropout': 0.004877439069032406, 'train_learning_rate': 0.008789094323085955, 'train_lr_reduce': 0.6}. Best is trial 673 with value: 0.11172225326299667.
[I 2024-12-19 19:38:42,093] Trial 980 finished with value: 0.20315426588058472 and parameters: {'mlp_n_layers': 1, 'mlp_dim_00': 293, 'node_hidden_dim': 50, 'edge_hidden_dim': 45, 'depth': 1, 'rep_dropout': 0.012063938229985003, 'train_learning_rate': 0.0020490354916940907, 'train_lr_reduce': 0.6}. Best is trial 673 with value: 0.11172225326299667.
[I 2024-12-19 19:38:45,362] Trial 982 finished with value: 1.1450353860855103 and parameters: {'mlp_n_layers': 1, 'mlp_dim_00': 332, 'node_hidden_dim': 34, 'edge_hidden_dim': 50, 'depth': 2, 'rep_dropout': 0.012683680153341573, 'train_learning_rate': 0.0031726073961108655, 'train_lr_reduce': 0.6}. Best is trial 673 with value: 0.11172225326299667.
[I 2024-12-19 19:38:48,221] Trial 983 finished with value: 1.142332673072815 and parameters: {'mlp_n_layers': 2, 'mlp_dim_00': 202, 'mlp_dim_01': 418, 'node_hidden_dim': 94, 'edge_hidden_dim': 59, 'depth': 2, 'rep_dropout': 0.10157237044740586, 'train_learning_rate': 0.00011446257462268372, 'train_lr_reduce': 0.6}. Best is trial 673 with value: 0.11172225326299667.
[I 2024-12-19 19:38:49,631] Trial 984 finished with value: 1.1459981203079224 and parameters: {'mlp_n_layers': 2, 'mlp_dim_00': 462, 'mlp_dim_01': 469, 'node_hidden_dim': 36, 'edge_hidden_dim': 44, 'depth': 1, 'rep_dropout': 0.03641800751058549, 'train_learning_rate': 0.0009020842814951818, 'train_lr_reduce': 0.6}. Best is trial 673 with value: 0.11172225326299667.
[I 2024-12-19 19:39:03,152] Trial 986 finished with value: 0.32560446858406067 and parameters: {'mlp_n_layers': 1, 'mlp_dim_00': 411, 'node_hidden_dim': 63, 'edge_hidden_dim': 33, 'depth': 1, 'rep_dropout': 0.031729658037824154, 'train_learning_rate': 0.008768723557523679, 'train_lr_reduce': 0.6}. Best is trial 673 with value: 0.11172225326299667.
[I 2024-12-19 19:39:05,566] Trial 981 finished with value: 0.20334425568580627 and parameters: {'mlp_n_layers': 1, 'mlp_dim_00': 396, 'node_hidden_dim': 75, 'edge_hidden_dim': 53, 'depth': 1, 'rep_dropout': 0.04273535266290002, 'train_learning_rate': 0.001687222337233669, 'train_lr_reduce': 0.6}. Best is trial 673 with value: 0.11172225326299667.
[I 2024-12-19 19:39:30,598] Trial 985 finished with value: 0.1369187980890274 and parameters: {'mlp_n_layers': 2, 'mlp_dim_00': 343, 'mlp_dim_01': 411, 'node_hidden_dim': 58, 'edge_hidden_dim': 92, 'depth': 1, 'rep_dropout': 0.058352564904866545, 'train_learning_rate': 0.0022070382813847537, 'train_lr_reduce': 0.6}. Best is trial 673 with value: 0.11172225326299667.
[I 2024-12-19 19:39:36,679] Trial 989 finished with value: 1.142317771911621 and parameters: {'mlp_n_layers': 2, 'mlp_dim_00': 321, 'mlp_dim_01': 464, 'node_hidden_dim': 80, 'edge_hidden_dim': 82, 'depth': 3, 'rep_dropout': 0.05466837564792096, 'train_learning_rate': 0.00035258249391650827, 'train_lr_reduce': 0.6}. Best is trial 673 with value: 0.11172225326299667.
[I 2024-12-19 19:39:43,586] Trial 987 finished with value: 0.12446887791156769 and parameters: {'mlp_n_layers': 1, 'mlp_dim_00': 376, 'node_hidden_dim': 32, 'edge_hidden_dim': 49, 'depth': 1, 'rep_dropout': 0.04733116496512226, 'train_learning_rate': 0.002983196985779982, 'train_lr_reduce': 0.6}. Best is trial 673 with value: 0.11172225326299667.
[I 2024-12-19 19:39:44,792] Trial 988 finished with value: 0.18384873867034912 and parameters: {'mlp_n_layers': 1, 'mlp_dim_00': 380, 'node_hidden_dim': 66, 'edge_hidden_dim': 48, 'depth': 1, 'rep_dropout': 0.0011575504694839485, 'train_learning_rate': 0.009463515380547153, 'train_lr_reduce': 0.6}. Best is trial 673 with value: 0.11172225326299667.
[I 2024-12-19 19:39:51,406] Trial 992 finished with value: 1.142242431640625 and parameters: {'mlp_n_layers': 4, 'mlp_dim_00': 373, 'mlp_dim_01': 412, 'mlp_dim_02': 67, 'mlp_dim_03': 132, 'node_hidden_dim': 111, 'edge_hidden_dim': 90, 'depth': 4, 'rep_dropout': 0.05397114727225281, 'train_learning_rate': 0.004591119115652294, 'train_lr_reduce': 0.6}. Best is trial 673 with value: 0.11172225326299667.
[I 2024-12-19 19:39:57,460] Trial 993 finished with value: 1.145774245262146 and parameters: {'mlp_n_layers': 4, 'mlp_dim_00': 420, 'mlp_dim_01': 510, 'mlp_dim_02': 342, 'mlp_dim_03': 340, 'node_hidden_dim': 33, 'edge_hidden_dim': 38, 'depth': 3, 'rep_dropout': 0.004360134430982904, 'train_learning_rate': 0.0009425031553223751, 'train_lr_reduce': 0.6}. Best is trial 673 with value: 0.11172225326299667.
[I 2024-12-19 19:40:15,529] Trial 990 finished with value: 0.14202864468097687 and parameters: {'mlp_n_layers': 2, 'mlp_dim_00': 481, 'mlp_dim_01': 93, 'node_hidden_dim': 32, 'edge_hidden_dim': 58, 'depth': 1, 'rep_dropout': 0.050468459868606465, 'train_learning_rate': 0.004625454240534765, 'train_lr_reduce': 0.6}. Best is trial 673 with value: 0.11172225326299667.
[I 2024-12-19 19:40:24,100] Trial 991 finished with value: 0.14399473369121552 and parameters: {'mlp_n_layers': 1, 'mlp_dim_00': 310, 'node_hidden_dim': 33, 'edge_hidden_dim': 95, 'depth': 1, 'rep_dropout': 0.04575255028650747, 'train_learning_rate': 0.001884133188373823, 'train_lr_reduce': 0.6}. Best is trial 673 with value: 0.11172225326299667.
[I 2024-12-19 19:40:29,239] Trial 996 finished with value: 1.1473565101623535 and parameters: {'mlp_n_layers': 2, 'mlp_dim_00': 381, 'mlp_dim_01': 407, 'node_hidden_dim': 35, 'edge_hidden_dim': 71, 'depth': 2, 'rep_dropout': 0.029173970462609597, 'train_learning_rate': 0.002175157269832245, 'train_lr_reduce': 0.6}. Best is trial 673 with value: 0.11172225326299667.
[I 2024-12-19 19:40:36,671] Trial 994 finished with value: 0.159382164478302 and parameters: {'mlp_n_layers': 1, 'mlp_dim_00': 477, 'node_hidden_dim': 47, 'edge_hidden_dim': 65, 'depth': 1, 'rep_dropout': 0.017928922673310685, 'train_learning_rate': 0.0021995867546783948, 'train_lr_reduce': 0.6}. Best is trial 673 with value: 0.11172225326299667.
[I 2024-12-19 19:40:55,821] Trial 995 finished with value: 0.11399011313915253 and parameters: {'mlp_n_layers': 1, 'mlp_dim_00': 464, 'node_hidden_dim': 32, 'edge_hidden_dim': 54, 'depth': 1, 'rep_dropout': 0.00534341408392632, 'train_learning_rate': 0.0025071315035337604, 'train_lr_reduce': 0.6}. Best is trial 673 with value: 0.11172225326299667.
[I 2024-12-19 19:41:00,586] Trial 998 finished with value: 0.20238353312015533 and parameters: {'mlp_n_layers': 1, 'mlp_dim_00': 294, 'node_hidden_dim': 34, 'edge_hidden_dim': 78, 'depth': 1, 'rep_dropout': 0.028684922644103116, 'train_learning_rate': 0.0017524335500144377, 'train_lr_reduce': 0.6}. Best is trial 673 with value: 0.11172225326299667.
[I 2024-12-19 19:41:08,930] Trial 997 finished with value: 0.13664214313030243 and parameters: {'mlp_n_layers': 1, 'mlp_dim_00': 344, 'node_hidden_dim': 32, 'edge_hidden_dim': 35, 'depth': 1, 'rep_dropout': 0.027247691622674444, 'train_learning_rate': 0.0016986172761260323, 'train_lr_reduce': 0.6}. Best is trial 673 with value: 0.11172225326299667.
[I 2024-12-19 19:41:29,183] Trial 999 finished with value: 0.1373930126428604 and parameters: {'mlp_n_layers': 1, 'mlp_dim_00': 461, 'node_hidden_dim': 32, 'edge_hidden_dim': 78, 'depth': 1, 'rep_dropout': 0.0038997337100942567, 'train_learning_rate': 0.0038950735173684144, 'train_lr_reduce': 0.6}. Best is trial 673 with value: 0.11172225326299667.
[I 2024-12-19 19:41:34,105] Trial 1000 finished with value: 0.19048172235488892 and parameters: {'mlp_n_layers': 2, 'mlp_dim_00': 307, 'mlp_dim_01': 171, 'node_hidden_dim': 50, 'edge_hidden_dim': 32, 'depth': 1, 'rep_dropout': 0.0016776624282934336, 'train_learning_rate': 0.004680199605402325, 'train_lr_reduce': 0.6}. Best is trial 673 with value: 0.11172225326299667.
[I 2024-12-19 19:41:38,955] Trial 1003 finished with value: 1.1426461935043335 and parameters: {'mlp_n_layers': 1, 'mlp_dim_00': 458, 'node_hidden_dim': 35, 'edge_hidden_dim': 50, 'depth': 1, 'rep_dropout': 0.045035674500757045, 'train_learning_rate': 0.0030071949291077815, 'train_lr_reduce': 0.6}. Best is trial 673 with value: 0.11172225326299667.
[I 2024-12-19 19:41:44,590] Trial 1004 finished with value: 1.142632007598877 and parameters: {'mlp_n_layers': 4, 'mlp_dim_00': 501, 'mlp_dim_01': 241, 'mlp_dim_02': 452, 'mlp_dim_03': 64, 'node_hidden_dim': 88, 'edge_hidden_dim': 38, 'depth': 2, 'rep_dropout': 0.02403385565143116, 'train_learning_rate': 0.00040663978578502985, 'train_lr_reduce': 0.6}. Best is trial 673 with value: 0.11172225326299667.
[I 2024-12-19 19:41:44,646] Trial 1001 finished with value: 0.17452305555343628 and parameters: {'mlp_n_layers': 1, 'mlp_dim_00': 437, 'node_hidden_dim': 52, 'edge_hidden_dim': 46, 'depth': 1, 'rep_dropout': 0.022894422362938094, 'train_learning_rate': 0.0015971201976199146, 'train_lr_reduce': 0.6}. Best is trial 673 with value: 0.11172225326299667.
[I 2024-12-19 19:41:58,481] Trial 1002 finished with value: 0.16743680834770203 and parameters: {'mlp_n_layers': 1, 'mlp_dim_00': 449, 'node_hidden_dim': 42, 'edge_hidden_dim': 47, 'depth': 1, 'rep_dropout': 0.05063204780955127, 'train_learning_rate': 0.0030642940649443034, 'train_lr_reduce': 0.6}. Best is trial 673 with value: 0.11172225326299667.
[I 2024-12-19 19:42:24,005] Trial 1005 finished with value: 0.14077211916446686 and parameters: {'mlp_n_layers': 1, 'mlp_dim_00': 392, 'node_hidden_dim': 32, 'edge_hidden_dim': 59, 'depth': 1, 'rep_dropout': 0.018190915326491468, 'train_learning_rate': 0.003727953750167555, 'train_lr_reduce': 0.6}. Best is trial 673 with value: 0.11172225326299667.
[I 2024-12-19 19:42:26,920] Trial 1006 finished with value: 0.15361015498638153 and parameters: {'mlp_n_layers': 2, 'mlp_dim_00': 401, 'mlp_dim_01': 103, 'node_hidden_dim': 55, 'edge_hidden_dim': 69, 'depth': 1, 'rep_dropout': 0.007269573599171904, 'train_learning_rate': 0.0022395549898277956, 'train_lr_reduce': 0.6}. Best is trial 673 with value: 0.11172225326299667.
[I 2024-12-19 19:42:32,359] Trial 1007 finished with value: 0.16324833035469055 and parameters: {'mlp_n_layers': 1, 'mlp_dim_00': 415, 'node_hidden_dim': 38, 'edge_hidden_dim': 59, 'depth': 1, 'rep_dropout': 0.0243145486252839, 'train_learning_rate': 0.0018091900430974384, 'train_lr_reduce': 0.6}. Best is trial 673 with value: 0.11172225326299667.
[I 2024-12-19 19:42:38,478] Trial 1010 finished with value: 1.1420267820358276 and parameters: {'mlp_n_layers': 2, 'mlp_dim_00': 424, 'mlp_dim_01': 243, 'node_hidden_dim': 33, 'edge_hidden_dim': 34, 'depth': 2, 'rep_dropout': 0.005639233648005685, 'train_learning_rate': 0.004507487284038894, 'train_lr_reduce': 0.6}. Best is trial 673 with value: 0.11172225326299667.
[I 2024-12-19 19:43:00,556] Trial 1009 finished with value: 0.1726260632276535 and parameters: {'mlp_n_layers': 1, 'mlp_dim_00': 421, 'node_hidden_dim': 51, 'edge_hidden_dim': 63, 'depth': 1, 'rep_dropout': 0.029770415509429802, 'train_learning_rate': 0.0027302819691807758, 'train_lr_reduce': 0.6}. Best is trial 673 with value: 0.11172225326299667.
[I 2024-12-19 19:43:08,858] Trial 1012 finished with value: 1.1417196989059448 and parameters: {'mlp_n_layers': 4, 'mlp_dim_00': 136, 'mlp_dim_01': 249, 'mlp_dim_02': 133, 'mlp_dim_03': 439, 'node_hidden_dim': 100, 'edge_hidden_dim': 119, 'depth': 3, 'rep_dropout': 0.004925813524378542, 'train_learning_rate': 0.00018040087786560038, 'train_lr_reduce': 0.6}. Best is trial 673 with value: 0.11172225326299667.
[I 2024-12-19 19:43:09,115] Trial 1008 finished with value: 0.16198675334453583 and parameters: {'mlp_n_layers': 1, 'mlp_dim_00': 392, 'node_hidden_dim': 40, 'edge_hidden_dim': 63, 'depth': 1, 'rep_dropout': 0.012672234589640282, 'train_learning_rate': 0.0020402469011105775, 'train_lr_reduce': 0.6}. Best is trial 673 with value: 0.11172225326299667.
[I 2024-12-19 19:43:14,897] Trial 1013 finished with value: 1.1635247468948364 and parameters: {'mlp_n_layers': 1, 'mlp_dim_00': 475, 'node_hidden_dim': 81, 'edge_hidden_dim': 51, 'depth': 4, 'rep_dropout': 0.010758958667727539, 'train_learning_rate': 0.003926860302656227, 'train_lr_reduce': 0.6}. Best is trial 673 with value: 0.11172225326299667.
[I 2024-12-19 19:43:19,973] Trial 1015 finished with value: 1.144456148147583 and parameters: {'mlp_n_layers': 1, 'mlp_dim_00': 487, 'node_hidden_dim': 32, 'edge_hidden_dim': 32, 'depth': 2, 'rep_dropout': 0.022344808933267762, 'train_learning_rate': 0.0011217651064647897, 'train_lr_reduce': 0.6}. Best is trial 673 with value: 0.11172225326299667.
[I 2024-12-19 19:43:24,608] Trial 1011 finished with value: 0.24759197235107422 and parameters: {'mlp_n_layers': 1, 'mlp_dim_00': 362, 'node_hidden_dim': 32, 'edge_hidden_dim': 34, 'depth': 2, 'rep_dropout': 0.0389403088098608, 'train_learning_rate': 0.008905880866893432, 'train_lr_reduce': 0.6}. Best is trial 673 with value: 0.11172225326299667.
[I 2024-12-19 19:43:30,570] Trial 1017 finished with value: 1.1441245079040527 and parameters: {'mlp_n_layers': 1, 'mlp_dim_00': 179, 'node_hidden_dim': 117, 'edge_hidden_dim': 114, 'depth': 3, 'rep_dropout': 0.12663079632816399, 'train_learning_rate': 0.006018853715005955, 'train_lr_reduce': 0.6}. Best is trial 673 with value: 0.11172225326299667.
[I 2024-12-19 19:43:36,685] Trial 1014 finished with value: 0.30557942390441895 and parameters: {'mlp_n_layers': 1, 'mlp_dim_00': 491, 'node_hidden_dim': 51, 'edge_hidden_dim': 55, 'depth': 2, 'rep_dropout': 0.016357462702574176, 'train_learning_rate': 0.005839768203527708, 'train_lr_reduce': 0.6}. Best is trial 673 with value: 0.11172225326299667.
[I 2024-12-19 19:43:58,448] Trial 1016 finished with value: 0.15020425617694855 and parameters: {'mlp_n_layers': 2, 'mlp_dim_00': 356, 'mlp_dim_01': 123, 'node_hidden_dim': 54, 'edge_hidden_dim': 67, 'depth': 1, 'rep_dropout': 0.046954831486251625, 'train_learning_rate': 0.0029578663324371576, 'train_lr_reduce': 0.6}. Best is trial 673 with value: 0.11172225326299667.
[I 2024-12-19 19:44:03,377] Trial 1020 finished with value: 1.1440573930740356 and parameters: {'mlp_n_layers': 2, 'mlp_dim_00': 488, 'mlp_dim_01': 275, 'node_hidden_dim': 38, 'edge_hidden_dim': 58, 'depth': 2, 'rep_dropout': 0.004864421467625073, 'train_learning_rate': 0.0037674303577659987, 'train_lr_reduce': 0.6}. Best is trial 673 with value: 0.11172225326299667.
[I 2024-12-19 19:44:09,963] Trial 1021 finished with value: 1.142440915107727 and parameters: {'mlp_n_layers': 4, 'mlp_dim_00': 252, 'mlp_dim_01': 177, 'mlp_dim_02': 284, 'mlp_dim_03': 198, 'node_hidden_dim': 33, 'edge_hidden_dim': 36, 'depth': 3, 'rep_dropout': 0.11174191345038999, 'train_learning_rate': 0.0004761844898977283, 'train_lr_reduce': 0.6}. Best is trial 673 with value: 0.11172225326299667.
[I 2024-12-19 19:44:10,786] Trial 1018 finished with value: 0.14073395729064941 and parameters: {'mlp_n_layers': 1, 'mlp_dim_00': 315, 'node_hidden_dim': 33, 'edge_hidden_dim': 48, 'depth': 1, 'rep_dropout': 0.027380811449317387, 'train_learning_rate': 0.006598117819816435, 'train_lr_reduce': 0.6}. Best is trial 673 with value: 0.11172225326299667.
[I 2024-12-19 19:44:18,289] Trial 1019 finished with value: 0.23773939907550812 and parameters: {'mlp_n_layers': 1, 'mlp_dim_00': 440, 'node_hidden_dim': 32, 'edge_hidden_dim': 55, 'depth': 1, 'rep_dropout': 0.0201696260870675, 'train_learning_rate': 0.00155652966458643, 'train_lr_reduce': 0.6}. Best is trial 673 with value: 0.11172225326299667.
[I 2024-12-19 19:44:45,776] Trial 1024 finished with value: 0.16277344524860382 and parameters: {'mlp_n_layers': 1, 'mlp_dim_00': 476, 'node_hidden_dim': 40, 'edge_hidden_dim': 50, 'depth': 1, 'rep_dropout': 0.014250906686186358, 'train_learning_rate': 0.002616845210442184, 'train_lr_reduce': 0.6}. Best is trial 673 with value: 0.11172225326299667.
[I 2024-12-19 19:44:49,673] Trial 1022 finished with value: 0.12987077236175537 and parameters: {'mlp_n_layers': 1, 'mlp_dim_00': 480, 'node_hidden_dim': 42, 'edge_hidden_dim': 53, 'depth': 1, 'rep_dropout': 0.028028254895343954, 'train_learning_rate': 0.0031811831547293576, 'train_lr_reduce': 0.6}. Best is trial 673 with value: 0.11172225326299667.
