[I 2024-12-15 15:53:07,426] Trial 773 finished with value: 0.19808360934257507 and parameters: {'mlp_n_layers': 4, 'mlp_dim_00': 192, 'mlp_dim_01': 256, 'mlp_dim_02': 128, 'mlp_dim_03': 96, 'hidden_channels': 240, 'num_layers': 1, 'num_timesteps': 4, 'dropout': 0.13938570330834535, 'train_learning_rate': 0.005627712730854477, 'train_lr_reduce': 0.6}. Best is trial 632 with value: 0.13978464901447296.
[I 2024-12-15 15:53:08,342] Trial 772 finished with value: 0.20007212460041046 and parameters: {'mlp_n_layers': 3, 'mlp_dim_00': 160, 'mlp_dim_01': 144, 'mlp_dim_02': 160, 'hidden_channels': 224, 'num_layers': 1, 'num_timesteps': 3, 'dropout': 0.09566039733920184, 'train_learning_rate': 0.00449008175271613, 'train_lr_reduce': 0.6}. Best is trial 632 with value: 0.13978464901447296.
[I 2024-12-15 15:53:15,787] Trial 774 finished with value: 0.18166716396808624 and parameters: {'mlp_n_layers': 2, 'mlp_dim_00': 208, 'mlp_dim_01': 208, 'hidden_channels': 240, 'num_layers': 1, 'num_timesteps': 3, 'dropout': 0.03801801250245555, 'train_learning_rate': 0.0026234476134308305, 'train_lr_reduce': 0.6}. Best is trial 632 with value: 0.13978464901447296.
[I 2024-12-15 15:53:17,669] Trial 776 finished with value: 0.19343148171901703 and parameters: {'mlp_n_layers': 3, 'mlp_dim_00': 208, 'mlp_dim_01': 192, 'mlp_dim_02': 144, 'hidden_channels': 240, 'num_layers': 1, 'num_timesteps': 2, 'dropout': 0.08091751422776874, 'train_learning_rate': 0.002790965283263558, 'train_lr_reduce': 0.6}. Best is trial 632 with value: 0.13978464901447296.
[I 2024-12-15 15:53:20,451] Trial 775 finished with value: 0.17940202355384827 and parameters: {'mlp_n_layers': 4, 'mlp_dim_00': 240, 'mlp_dim_01': 256, 'mlp_dim_02': 176, 'mlp_dim_03': 128, 'hidden_channels': 144, 'num_layers': 1, 'num_timesteps': 3, 'dropout': 0.0032450125201175725, 'train_learning_rate': 0.002050278738242499, 'train_lr_reduce': 0.6}. Best is trial 632 with value: 0.13978464901447296.
[I 2024-12-15 15:53:23,582] Trial 777 finished with value: 0.1903621107339859 and parameters: {'mlp_n_layers': 3, 'mlp_dim_00': 192, 'mlp_dim_01': 192, 'mlp_dim_02': 176, 'hidden_channels': 256, 'num_layers': 1, 'num_timesteps': 3, 'dropout': 0.013956780730128649, 'train_learning_rate': 0.0029073458191624813, 'train_lr_reduce': 0.6}. Best is trial 632 with value: 0.13978464901447296.
[I 2024-12-15 15:53:30,677] Trial 778 finished with value: 0.17550332844257355 and parameters: {'mlp_n_layers': 3, 'mlp_dim_00': 160, 'mlp_dim_01': 208, 'mlp_dim_02': 160, 'hidden_channels': 256, 'num_layers': 1, 'num_timesteps': 2, 'dropout': 0.014211728764887244, 'train_learning_rate': 0.005445231780081008, 'train_lr_reduce': 0.6}. Best is trial 632 with value: 0.13978464901447296.
[I 2024-12-15 15:53:31,401] Trial 779 finished with value: 0.21847505867481232 and parameters: {'mlp_n_layers': 3, 'mlp_dim_00': 176, 'mlp_dim_01': 256, 'mlp_dim_02': 128, 'hidden_channels': 208, 'num_layers': 2, 'num_timesteps': 2, 'dropout': 0.08651823204505263, 'train_learning_rate': 0.009234565856606725, 'train_lr_reduce': 0.6}. Best is trial 632 with value: 0.13978464901447296.
[I 2024-12-15 15:53:33,320] Trial 780 finished with value: 0.2255285084247589 and parameters: {'mlp_n_layers': 3, 'mlp_dim_00': 240, 'mlp_dim_01': 208, 'mlp_dim_02': 176, 'hidden_channels': 256, 'num_layers': 1, 'num_timesteps': 3, 'dropout': 0.14188305065690862, 'train_learning_rate': 0.0055556113330942096, 'train_lr_reduce': 0.6}. Best is trial 632 with value: 0.13978464901447296.
[I 2024-12-15 15:53:43,008] Trial 782 finished with value: 0.21986782550811768 and parameters: {'mlp_n_layers': 4, 'mlp_dim_00': 240, 'mlp_dim_01': 240, 'mlp_dim_02': 176, 'mlp_dim_03': 96, 'hidden_channels': 256, 'num_layers': 1, 'num_timesteps': 2, 'dropout': 0.016904680137404246, 'train_learning_rate': 0.0007281857756833325, 'train_lr_reduce': 0.6}. Best is trial 632 with value: 0.13978464901447296.
[I 2024-12-15 15:53:44,635] Trial 783 finished with value: 0.21467311680316925 and parameters: {'mlp_n_layers': 3, 'mlp_dim_00': 208, 'mlp_dim_01': 208, 'mlp_dim_02': 144, 'hidden_channels': 256, 'num_layers': 2, 'num_timesteps': 3, 'dropout': 0.06376639054542906, 'train_learning_rate': 0.005727751492285073, 'train_lr_reduce': 0.6}. Best is trial 632 with value: 0.13978464901447296.
[I 2024-12-15 15:53:45,126] Trial 781 finished with value: 0.21647007763385773 and parameters: {'mlp_n_layers': 4, 'mlp_dim_00': 32, 'mlp_dim_01': 192, 'mlp_dim_02': 144, 'mlp_dim_03': 160, 'hidden_channels': 48, 'num_layers': 4, 'num_timesteps': 3, 'dropout': 0.016956259120054717, 'train_learning_rate': 0.0005461291296506065, 'train_lr_reduce': 0.6}. Best is trial 632 with value: 0.13978464901447296.
[I 2024-12-15 15:53:56,131] Trial 786 finished with value: 0.19747430086135864 and parameters: {'mlp_n_layers': 4, 'mlp_dim_00': 192, 'mlp_dim_01': 240, 'mlp_dim_02': 128, 'mlp_dim_03': 80, 'hidden_channels': 224, 'num_layers': 2, 'num_timesteps': 3, 'dropout': 0.10984306221973428, 'train_learning_rate': 0.0033818161198366503, 'train_lr_reduce': 0.6}. Best is trial 632 with value: 0.13978464901447296.
[I 2024-12-15 15:53:56,284] Trial 784 finished with value: 0.16946740448474884 and parameters: {'mlp_n_layers': 3, 'mlp_dim_00': 192, 'mlp_dim_01': 176, 'mlp_dim_02': 160, 'hidden_channels': 240, 'num_layers': 1, 'num_timesteps': 3, 'dropout': 0.08938059425709835, 'train_learning_rate': 0.002219836061103531, 'train_lr_reduce': 0.6}. Best is trial 632 with value: 0.13978464901447296.
[I 2024-12-15 15:54:05,249] Trial 788 finished with value: 0.21239972114562988 and parameters: {'mlp_n_layers': 2, 'mlp_dim_00': 144, 'mlp_dim_01': 240, 'hidden_channels': 48, 'num_layers': 1, 'num_timesteps': 4, 'dropout': 0.2807428666039949, 'train_learning_rate': 0.0031898046288798302, 'train_lr_reduce': 0.6}. Best is trial 632 with value: 0.13978464901447296.
[I 2024-12-15 15:54:05,514] Trial 785 finished with value: 0.5345240235328674 and parameters: {'mlp_n_layers': 4, 'mlp_dim_00': 240, 'mlp_dim_01': 64, 'mlp_dim_02': 192, 'mlp_dim_03': 128, 'hidden_channels': 224, 'num_layers': 4, 'num_timesteps': 3, 'dropout': 0.17217599342612988, 'train_learning_rate': 0.00011739521789040918, 'train_lr_reduce': 0.6}. Best is trial 632 with value: 0.13978464901447296.
[I 2024-12-15 15:54:10,251] Trial 787 finished with value: 0.15438537299633026 and parameters: {'mlp_n_layers': 4, 'mlp_dim_00': 240, 'mlp_dim_01': 256, 'mlp_dim_02': 160, 'mlp_dim_03': 112, 'hidden_channels': 240, 'num_layers': 1, 'num_timesteps': 3, 'dropout': 0.032416092202255935, 'train_learning_rate': 0.003599099870071183, 'train_lr_reduce': 0.6}. Best is trial 632 with value: 0.13978464901447296.
[I 2024-12-15 15:54:14,892] Trial 789 finished with value: 0.18940694630146027 and parameters: {'mlp_n_layers': 3, 'mlp_dim_00': 192, 'mlp_dim_01': 240, 'mlp_dim_02': 192, 'hidden_channels': 208, 'num_layers': 1, 'num_timesteps': 3, 'dropout': 0.08430034949110267, 'train_learning_rate': 0.002273307733110352, 'train_lr_reduce': 0.6}. Best is trial 632 with value: 0.13978464901447296.
[I 2024-12-15 15:54:18,566] Trial 791 finished with value: 0.17900541424751282 and parameters: {'mlp_n_layers': 4, 'mlp_dim_00': 144, 'mlp_dim_01': 176, 'mlp_dim_02': 160, 'mlp_dim_03': 112, 'hidden_channels': 192, 'num_layers': 1, 'num_timesteps': 3, 'dropout': 0.07466280843189217, 'train_learning_rate': 0.0011463906212082406, 'train_lr_reduce': 0.6}. Best is trial 632 with value: 0.13978464901447296.
[I 2024-12-15 15:54:19,917] Trial 790 finished with value: 0.1979733258485794 and parameters: {'mlp_n_layers': 3, 'mlp_dim_00': 176, 'mlp_dim_01': 208, 'mlp_dim_02': 128, 'hidden_channels': 224, 'num_layers': 1, 'num_timesteps': 2, 'dropout': 0.051673128636222504, 'train_learning_rate': 0.0032232656333521493, 'train_lr_reduce': 0.6}. Best is trial 632 with value: 0.13978464901447296.
[I 2024-12-15 15:54:20,798] Trial 792 finished with value: 0.2340857982635498 and parameters: {'mlp_n_layers': 2, 'mlp_dim_00': 208, 'mlp_dim_01': 112, 'hidden_channels': 192, 'num_layers': 3, 'num_timesteps': 1, 'dropout': 0.018152372759527247, 'train_learning_rate': 0.006027361211617378, 'train_lr_reduce': 0.6}. Best is trial 632 with value: 0.13978464901447296.
[I 2024-12-15 15:54:22,013] Trial 793 finished with value: 1.3854432106018066 and parameters: {'mlp_n_layers': 4, 'mlp_dim_00': 240, 'mlp_dim_01': 240, 'mlp_dim_02': 160, 'mlp_dim_03': 112, 'hidden_channels': 208, 'num_layers': 1, 'num_timesteps': 3, 'dropout': 0.07567893962442784, 'train_learning_rate': 0.003927517743066011, 'train_lr_reduce': 0.6}. Best is trial 632 with value: 0.13978464901447296.
[I 2024-12-15 15:54:27,836] Trial 795 finished with value: 0.2007104754447937 and parameters: {'mlp_n_layers': 4, 'mlp_dim_00': 64, 'mlp_dim_01': 96, 'mlp_dim_02': 160, 'mlp_dim_03': 128, 'hidden_channels': 240, 'num_layers': 2, 'num_timesteps': 2, 'dropout': 0.04798167210095543, 'train_learning_rate': 0.0033116992594162216, 'train_lr_reduce': 0.6}. Best is trial 632 with value: 0.13978464901447296.
[I 2024-12-15 15:54:28,572] Trial 794 finished with value: 0.24437420070171356 and parameters: {'mlp_n_layers': 2, 'mlp_dim_00': 32, 'mlp_dim_01': 64, 'hidden_channels': 128, 'num_layers': 3, 'num_timesteps': 3, 'dropout': 0.08643132909944129, 'train_learning_rate': 0.0010335742176402103, 'train_lr_reduce': 0.6}. Best is trial 632 with value: 0.13978464901447296.
[I 2024-12-15 15:54:36,865] Trial 796 finished with value: 0.17227008938789368 and parameters: {'mlp_n_layers': 4, 'mlp_dim_00': 176, 'mlp_dim_01': 256, 'mlp_dim_02': 160, 'mlp_dim_03': 96, 'hidden_channels': 224, 'num_layers': 1, 'num_timesteps': 3, 'dropout': 0.03234039815096349, 'train_learning_rate': 0.002542969519029406, 'train_lr_reduce': 0.6}. Best is trial 632 with value: 0.13978464901447296.
[I 2024-12-15 15:54:38,816] Trial 797 finished with value: 0.17257781326770782 and parameters: {'mlp_n_layers': 4, 'mlp_dim_00': 240, 'mlp_dim_01': 256, 'mlp_dim_02': 144, 'mlp_dim_03': 128, 'hidden_channels': 240, 'num_layers': 1, 'num_timesteps': 3, 'dropout': 0.05771936678054333, 'train_learning_rate': 0.001857226760482968, 'train_lr_reduce': 0.6}. Best is trial 632 with value: 0.13978464901447296.
[I 2024-12-15 15:54:43,763] Trial 798 finished with value: 0.18943656980991364 and parameters: {'mlp_n_layers': 3, 'mlp_dim_00': 112, 'mlp_dim_01': 128, 'mlp_dim_02': 176, 'hidden_channels': 208, 'num_layers': 1, 'num_timesteps': 4, 'dropout': 0.060198063696404326, 'train_learning_rate': 0.00042376857646507504, 'train_lr_reduce': 0.6}. Best is trial 632 with value: 0.13978464901447296.
[I 2024-12-15 15:54:46,658] Trial 799 finished with value: 0.19767500460147858 and parameters: {'mlp_n_layers': 4, 'mlp_dim_00': 240, 'mlp_dim_01': 256, 'mlp_dim_02': 128, 'mlp_dim_03': 96, 'hidden_channels': 256, 'num_layers': 1, 'num_timesteps': 3, 'dropout': 0.05690156600555717, 'train_learning_rate': 0.009195478722260269, 'train_lr_reduce': 0.6}. Best is trial 632 with value: 0.13978464901447296.
[I 2024-12-15 15:54:49,088] Trial 800 finished with value: 0.21117092669010162 and parameters: {'mlp_n_layers': 3, 'mlp_dim_00': 144, 'mlp_dim_01': 48, 'mlp_dim_02': 176, 'hidden_channels': 240, 'num_layers': 1, 'num_timesteps': 4, 'dropout': 0.0824090552252047, 'train_learning_rate': 0.002851803618761481, 'train_lr_reduce': 0.6}. Best is trial 632 with value: 0.13978464901447296.
[I 2024-12-15 15:54:51,774] Trial 801 finished with value: 0.21209584176540375 and parameters: {'mlp_n_layers': 3, 'mlp_dim_00': 112, 'mlp_dim_01': 144, 'mlp_dim_02': 144, 'hidden_channels': 224, 'num_layers': 1, 'num_timesteps': 2, 'dropout': 0.03877530736699887, 'train_learning_rate': 0.001439339686997391, 'train_lr_reduce': 0.6}. Best is trial 632 with value: 0.13978464901447296.
[I 2024-12-15 15:54:56,695] Trial 803 finished with value: 0.22874586284160614 and parameters: {'mlp_n_layers': 2, 'mlp_dim_00': 160, 'mlp_dim_01': 208, 'hidden_channels': 240, 'num_layers': 1, 'num_timesteps': 3, 'dropout': 0.11535917949600694, 'train_learning_rate': 0.005237218071529375, 'train_lr_reduce': 0.6}. Best is trial 632 with value: 0.13978464901447296.
[I 2024-12-15 15:54:59,688] Trial 804 finished with value: 0.18566963076591492 and parameters: {'mlp_n_layers': 4, 'mlp_dim_00': 176, 'mlp_dim_01': 128, 'mlp_dim_02': 160, 'mlp_dim_03': 80, 'hidden_channels': 208, 'num_layers': 1, 'num_timesteps': 2, 'dropout': 0.021885286676041366, 'train_learning_rate': 0.003326238697563509, 'train_lr_reduce': 0.6}. Best is trial 632 with value: 0.13978464901447296.
[I 2024-12-15 15:55:04,620] Trial 802 finished with value: 0.4635622203350067 and parameters: {'mlp_n_layers': 4, 'mlp_dim_00': 112, 'mlp_dim_01': 208, 'mlp_dim_02': 176, 'mlp_dim_03': 160, 'hidden_channels': 96, 'num_layers': 4, 'num_timesteps': 1, 'dropout': 0.2582421833098096, 'train_learning_rate': 0.00021019535062891258, 'train_lr_reduce': 0.6}. Best is trial 632 with value: 0.13978464901447296.
[I 2024-12-15 15:55:05,423] Trial 805 finished with value: 0.17335224151611328 and parameters: {'mlp_n_layers': 2, 'mlp_dim_00': 160, 'mlp_dim_01': 256, 'hidden_channels': 160, 'num_layers': 1, 'num_timesteps': 4, 'dropout': 0.06478624196356209, 'train_learning_rate': 0.0016770955121294957, 'train_lr_reduce': 0.6}. Best is trial 632 with value: 0.13978464901447296.
[I 2024-12-15 15:55:12,196] Trial 807 finished with value: 0.23468086123466492 and parameters: {'mlp_n_layers': 3, 'mlp_dim_00': 144, 'mlp_dim_01': 176, 'mlp_dim_02': 176, 'hidden_channels': 224, 'num_layers': 1, 'num_timesteps': 1, 'dropout': 0.07180510638497198, 'train_learning_rate': 0.007553571714526153, 'train_lr_reduce': 0.6}. Best is trial 632 with value: 0.13978464901447296.
[I 2024-12-15 15:55:12,311] Trial 808 finished with value: 0.21497094631195068 and parameters: {'mlp_n_layers': 3, 'mlp_dim_00': 192, 'mlp_dim_01': 208, 'mlp_dim_02': 128, 'hidden_channels': 256, 'num_layers': 1, 'num_timesteps': 3, 'dropout': 0.060509170906555165, 'train_learning_rate': 0.0071245537232547855, 'train_lr_reduce': 0.6}. Best is trial 632 with value: 0.13978464901447296.
[I 2024-12-15 15:55:18,824] Trial 806 finished with value: 0.3075558543205261 and parameters: {'mlp_n_layers': 3, 'mlp_dim_00': 112, 'mlp_dim_01': 160, 'mlp_dim_02': 144, 'hidden_channels': 48, 'num_layers': 2, 'num_timesteps': 2, 'dropout': 0.07024261001834667, 'train_learning_rate': 0.0001620884694760947, 'train_lr_reduce': 0.6}. Best is trial 632 with value: 0.13978464901447296.
[I 2024-12-15 15:55:20,131] Trial 809 finished with value: 0.24795466661453247 and parameters: {'mlp_n_layers': 4, 'mlp_dim_00': 160, 'mlp_dim_01': 240, 'mlp_dim_02': 192, 'mlp_dim_03': 128, 'hidden_channels': 256, 'num_layers': 2, 'num_timesteps': 3, 'dropout': 0.060393636372094654, 'train_learning_rate': 0.002092801784963135, 'train_lr_reduce': 0.6}. Best is trial 632 with value: 0.13978464901447296.
[I 2024-12-15 15:55:28,476] Trial 812 finished with value: 0.17242108285427094 and parameters: {'mlp_n_layers': 4, 'mlp_dim_00': 208, 'mlp_dim_01': 240, 'mlp_dim_02': 144, 'mlp_dim_03': 80, 'hidden_channels': 208, 'num_layers': 1, 'num_timesteps': 3, 'dropout': 0.0005012534691525572, 'train_learning_rate': 0.0014300694035218565, 'train_lr_reduce': 0.6}. Best is trial 632 with value: 0.13978464901447296.
[I 2024-12-15 15:55:29,227] Trial 811 finished with value: 0.1921330690383911 and parameters: {'mlp_n_layers': 4, 'mlp_dim_00': 192, 'mlp_dim_01': 208, 'mlp_dim_02': 160, 'mlp_dim_03': 112, 'hidden_channels': 256, 'num_layers': 1, 'num_timesteps': 4, 'dropout': 0.014744427076949493, 'train_learning_rate': 0.0013919438518493288, 'train_lr_reduce': 0.6}. Best is trial 632 with value: 0.13978464901447296.
[I 2024-12-15 15:55:29,694] Trial 810 finished with value: 0.28367725014686584 and parameters: {'mlp_n_layers': 2, 'mlp_dim_00': 128, 'mlp_dim_01': 240, 'hidden_channels': 192, 'num_layers': 4, 'num_timesteps': 1, 'dropout': 0.07066298097911962, 'train_learning_rate': 0.00012550092186381124, 'train_lr_reduce': 0.6}. Best is trial 632 with value: 0.13978464901447296.
[I 2024-12-15 15:55:36,448] Trial 813 finished with value: 0.20077966153621674 and parameters: {'mlp_n_layers': 4, 'mlp_dim_00': 192, 'mlp_dim_01': 240, 'mlp_dim_02': 176, 'mlp_dim_03': 144, 'hidden_channels': 256, 'num_layers': 1, 'num_timesteps': 3, 'dropout': 0.052601783435606966, 'train_learning_rate': 0.00333952616125187, 'train_lr_reduce': 0.6}. Best is trial 632 with value: 0.13978464901447296.
[I 2024-12-15 15:55:37,523] Trial 815 finished with value: 0.22101710736751556 and parameters: {'mlp_n_layers': 3, 'mlp_dim_00': 224, 'mlp_dim_01': 176, 'mlp_dim_02': 128, 'hidden_channels': 240, 'num_layers': 1, 'num_timesteps': 4, 'dropout': 0.10131121099495491, 'train_learning_rate': 0.005586665394446825, 'train_lr_reduce': 0.6}. Best is trial 632 with value: 0.13978464901447296.
[I 2024-12-15 15:55:37,576] Trial 814 finished with value: 0.21390880644321442 and parameters: {'mlp_n_layers': 2, 'mlp_dim_00': 128, 'mlp_dim_01': 208, 'hidden_channels': 128, 'num_layers': 2, 'num_timesteps': 4, 'dropout': 0.03889024691978188, 'train_learning_rate': 0.0018442407230383883, 'train_lr_reduce': 0.6}. Best is trial 632 with value: 0.13978464901447296.
[I 2024-12-15 15:55:43,500] Trial 817 finished with value: 0.24628952145576477 and parameters: {'mlp_n_layers': 3, 'mlp_dim_00': 240, 'mlp_dim_01': 240, 'mlp_dim_02': 160, 'hidden_channels': 224, 'num_layers': 1, 'num_timesteps': 3, 'dropout': 0.06998931261756713, 'train_learning_rate': 0.004484666660953819, 'train_lr_reduce': 0.6}. Best is trial 632 with value: 0.13978464901447296.
[I 2024-12-15 15:55:44,218] Trial 818 finished with value: 0.20808321237564087 and parameters: {'mlp_n_layers': 3, 'mlp_dim_00': 160, 'mlp_dim_01': 208, 'mlp_dim_02': 160, 'hidden_channels': 256, 'num_layers': 1, 'num_timesteps': 2, 'dropout': 0.07610673107329669, 'train_learning_rate': 0.0027930781328141512, 'train_lr_reduce': 0.6}. Best is trial 632 with value: 0.13978464901447296.
[I 2024-12-15 15:55:45,363] Trial 816 finished with value: 0.19904375076293945 and parameters: {'mlp_n_layers': 3, 'mlp_dim_00': 64, 'mlp_dim_01': 256, 'mlp_dim_02': 192, 'hidden_channels': 208, 'num_layers': 1, 'num_timesteps': 3, 'dropout': 0.08418497873645438, 'train_learning_rate': 0.001369658584828825, 'train_lr_reduce': 0.6}. Best is trial 632 with value: 0.13978464901447296.
[I 2024-12-15 15:55:54,143] Trial 820 finished with value: 0.16847942769527435 and parameters: {'mlp_n_layers': 4, 'mlp_dim_00': 256, 'mlp_dim_01': 256, 'mlp_dim_02': 192, 'mlp_dim_03': 112, 'hidden_channels': 240, 'num_layers': 1, 'num_timesteps': 2, 'dropout': 0.017591700264455046, 'train_learning_rate': 0.005181814010728373, 'train_lr_reduce': 0.6}. Best is trial 632 with value: 0.13978464901447296.
[I 2024-12-15 15:55:57,050] Trial 822 finished with value: 0.913664698600769 and parameters: {'mlp_n_layers': 4, 'mlp_dim_00': 192, 'mlp_dim_01': 160, 'mlp_dim_02': 160, 'mlp_dim_03': 80, 'hidden_channels': 256, 'num_layers': 1, 'num_timesteps': 4, 'dropout': 0.05159141474158921, 'train_learning_rate': 0.004241373141847891, 'train_lr_reduce': 0.6}. Best is trial 632 with value: 0.13978464901447296.
[I 2024-12-15 15:55:57,054] Trial 819 finished with value: 0.18757754564285278 and parameters: {'mlp_n_layers': 2, 'mlp_dim_00': 128, 'mlp_dim_01': 208, 'hidden_channels': 112, 'num_layers': 1, 'num_timesteps': 3, 'dropout': 0.0070050349042890155, 'train_learning_rate': 0.0027783109647897906, 'train_lr_reduce': 0.6}. Best is trial 632 with value: 0.13978464901447296.
[I 2024-12-15 15:56:02,475] Trial 821 finished with value: 0.7364372611045837 and parameters: {'mlp_n_layers': 3, 'mlp_dim_00': 192, 'mlp_dim_01': 192, 'mlp_dim_02': 128, 'hidden_channels': 144, 'num_layers': 4, 'num_timesteps': 4, 'dropout': 0.2502428289289757, 'train_learning_rate': 0.00019220048423216132, 'train_lr_reduce': 0.6}. Best is trial 632 with value: 0.13978464901447296.
[I 2024-12-15 15:56:04,301] Trial 824 finished with value: 0.2074526697397232 and parameters: {'mlp_n_layers': 2, 'mlp_dim_00': 176, 'mlp_dim_01': 256, 'hidden_channels': 128, 'num_layers': 1, 'num_timesteps': 4, 'dropout': 0.014207288224544484, 'train_learning_rate': 0.0064567873882049485, 'train_lr_reduce': 0.6}. Best is trial 632 with value: 0.13978464901447296.
[I 2024-12-15 15:56:05,477] Trial 825 finished with value: 1.4149669408798218 and parameters: {'mlp_n_layers': 4, 'mlp_dim_00': 80, 'mlp_dim_01': 256, 'mlp_dim_02': 144, 'mlp_dim_03': 112, 'hidden_channels': 80, 'num_layers': 2, 'num_timesteps': 4, 'dropout': 0.23298600593807917, 'train_learning_rate': 0.00789018329653946, 'train_lr_reduce': 0.6}. Best is trial 632 with value: 0.13978464901447296.
[I 2024-12-15 15:56:10,636] Trial 823 finished with value: 0.23636606335639954 and parameters: {'mlp_n_layers': 3, 'mlp_dim_00': 176, 'mlp_dim_01': 112, 'mlp_dim_02': 192, 'hidden_channels': 224, 'num_layers': 2, 'num_timesteps': 2, 'dropout': 0.02907658520359616, 'train_learning_rate': 0.001889517647131813, 'train_lr_reduce': 0.6}. Best is trial 632 with value: 0.13978464901447296.
[I 2024-12-15 15:56:13,009] Trial 826 finished with value: 0.2752992808818817 and parameters: {'mlp_n_layers': 4, 'mlp_dim_00': 112, 'mlp_dim_01': 96, 'mlp_dim_02': 176, 'mlp_dim_03': 144, 'hidden_channels': 240, 'num_layers': 2, 'num_timesteps': 4, 'dropout': 0.047286857692006315, 'train_learning_rate': 0.003250599551622553, 'train_lr_reduce': 0.6}. Best is trial 632 with value: 0.13978464901447296.
[I 2024-12-15 15:56:15,863] Trial 827 finished with value: 0.191260427236557 and parameters: {'mlp_n_layers': 4, 'mlp_dim_00': 256, 'mlp_dim_01': 256, 'mlp_dim_02': 128, 'mlp_dim_03': 80, 'hidden_channels': 176, 'num_layers': 1, 'num_timesteps': 3, 'dropout': 0.012290180547579597, 'train_learning_rate': 0.006219114575697587, 'train_lr_reduce': 0.6}. Best is trial 632 with value: 0.13978464901447296.
