[I 2024-12-25 19:33:23,851] Trial 768 finished with value: 0.10391466319561005 and parameters: {'L1_hidden_dim': 112, 'L1_layers_atom': 2, 'L1_layers_mol': 3, 'L1_dropout': 0.20190549536828908, 'L1_out_dim': 112, 'L2_hidden_dim': 240, 'L2_layers_atom': 2, 'L2_layers_mol': 2, 'L2_out_dim': 32, 'L2_dropout': 0.05858671730894073, 'L3_hidden_dim': 32, 'L3_layers_atom': 4, 'L3_layers_mol': 1, 'L3_out_dim': 96, 'L3_dropout': 0.14358073615816647, 'n_mlp_layers': 3, 'mlp_dim_0': 448, 'mlp_dim_1': 336, 'mlp_dim_2': 112, 'num_heads': 1, 'final_dropout': 0.24115476767395794, 'train_learning_rate': 0.003572796818121443, 'train_lr_reduce': 0.6}. Best is trial 613 with value: 0.045173268765211105.
[I 2024-12-25 19:33:38,069] Trial 767 finished with value: 0.0650840774178505 and parameters: {'L1_hidden_dim': 64, 'L1_layers_atom': 4, 'L1_layers_mol': 4, 'L1_dropout': 0.26116315882980007, 'L1_out_dim': 64, 'L2_hidden_dim': 240, 'L2_layers_atom': 4, 'L2_layers_mol': 4, 'L2_out_dim': 32, 'L2_dropout': 0.03113801567180849, 'L3_hidden_dim': 64, 'L3_layers_atom': 4, 'L3_layers_mol': 2, 'L3_out_dim': 96, 'L3_dropout': 0.009134172526544753, 'n_mlp_layers': 3, 'mlp_dim_0': 424, 'mlp_dim_1': 360, 'mlp_dim_2': 168, 'num_heads': 2, 'final_dropout': 0.10614998748065846, 'train_learning_rate': 0.0027193970404489334, 'train_lr_reduce': 0.6}. Best is trial 613 with value: 0.045173268765211105.
[I 2024-12-25 19:35:16,081] Trial 770 finished with value: 0.059128712862730026 and parameters: {'L1_hidden_dim': 64, 'L1_layers_atom': 4, 'L1_layers_mol': 3, 'L1_dropout': 0.29956746457752437, 'L1_out_dim': 112, 'L2_hidden_dim': 176, 'L2_layers_atom': 4, 'L2_layers_mol': 2, 'L2_out_dim': 112, 'L2_dropout': 0.03775328842375249, 'L3_hidden_dim': 64, 'L3_layers_atom': 3, 'L3_layers_mol': 1, 'L3_out_dim': 32, 'L3_dropout': 0.248940863217408, 'n_mlp_layers': 2, 'mlp_dim_0': 56, 'mlp_dim_1': 400, 'num_heads': 2, 'final_dropout': 0.08007996689714801, 'train_learning_rate': 0.0005769519187979896, 'train_lr_reduce': 0.6}. Best is trial 613 with value: 0.045173268765211105.
[I 2024-12-25 19:35:23,578] Trial 772 finished with value: 0.08771637827157974 and parameters: {'L1_hidden_dim': 96, 'L1_layers_atom': 1, 'L1_layers_mol': 4, 'L1_dropout': 0.23330941218797135, 'L1_out_dim': 64, 'L2_hidden_dim': 112, 'L2_layers_atom': 1, 'L2_layers_mol': 1, 'L2_out_dim': 128, 'L2_dropout': 0.09608590668331908, 'L3_hidden_dim': 64, 'L3_layers_atom': 4, 'L3_layers_mol': 1, 'L3_out_dim': 128, 'L3_dropout': 0.2961321783460648, 'n_mlp_layers': 2, 'mlp_dim_0': 168, 'mlp_dim_1': 312, 'num_heads': 1, 'final_dropout': 0.023216313364733857, 'train_learning_rate': 0.00016812145971723, 'train_lr_reduce': 0.6}. Best is trial 613 with value: 0.045173268765211105.
[I 2024-12-25 19:35:36,944] Trial 771 finished with value: 0.06530643999576569 and parameters: {'L1_hidden_dim': 64, 'L1_layers_atom': 2, 'L1_layers_mol': 3, 'L1_dropout': 0.20844047986387593, 'L1_out_dim': 112, 'L2_hidden_dim': 224, 'L2_layers_atom': 3, 'L2_layers_mol': 1, 'L2_out_dim': 96, 'L2_dropout': 0.007638846111041875, 'L3_hidden_dim': 48, 'L3_layers_atom': 4, 'L3_layers_mol': 1, 'L3_out_dim': 128, 'L3_dropout': 0.2806893544998785, 'n_mlp_layers': 1, 'mlp_dim_0': 248, 'num_heads': 2, 'final_dropout': 0.08386785059146026, 'train_learning_rate': 0.0005585306266409365, 'train_lr_reduce': 0.6}. Best is trial 613 with value: 0.045173268765211105.
[I 2024-12-25 19:36:57,764] Trial 775 finished with value: 0.05723283439874649 and parameters: {'L1_hidden_dim': 64, 'L1_layers_atom': 4, 'L1_layers_mol': 3, 'L1_dropout': 0.28949329685373315, 'L1_out_dim': 128, 'L2_hidden_dim': 144, 'L2_layers_atom': 1, 'L2_layers_mol': 1, 'L2_out_dim': 96, 'L2_dropout': 0.032459187470738185, 'L3_hidden_dim': 96, 'L3_layers_atom': 3, 'L3_layers_mol': 1, 'L3_out_dim': 32, 'L3_dropout': 0.2840718791452018, 'n_mlp_layers': 2, 'mlp_dim_0': 64, 'mlp_dim_1': 384, 'num_heads': 2, 'final_dropout': 0.06323921136950211, 'train_learning_rate': 0.002056841774045296, 'train_lr_reduce': 0.6}. Best is trial 613 with value: 0.045173268765211105.
[I 2024-12-25 19:37:05,545] Trial 774 finished with value: 0.07764911651611328 and parameters: {'L1_hidden_dim': 80, 'L1_layers_atom': 1, 'L1_layers_mol': 3, 'L1_dropout': 0.2026629374344102, 'L1_out_dim': 112, 'L2_hidden_dim': 176, 'L2_layers_atom': 3, 'L2_layers_mol': 2, 'L2_out_dim': 112, 'L2_dropout': 0.004147795050631974, 'L3_hidden_dim': 64, 'L3_layers_atom': 4, 'L3_layers_mol': 2, 'L3_out_dim': 128, 'L3_dropout': 0.2811730903505165, 'n_mlp_layers': 2, 'mlp_dim_0': 112, 'mlp_dim_1': 336, 'num_heads': 2, 'final_dropout': 0.010145541874227337, 'train_learning_rate': 0.0007300296206501094, 'train_lr_reduce': 0.6}. Best is trial 613 with value: 0.045173268765211105.
[I 2024-12-25 19:38:04,218] Trial 773 finished with value: 0.07679309695959091 and parameters: {'L1_hidden_dim': 96, 'L1_layers_atom': 4, 'L1_layers_mol': 2, 'L1_dropout': 0.29890549519930815, 'L1_out_dim': 112, 'L2_hidden_dim': 208, 'L2_layers_atom': 4, 'L2_layers_mol': 2, 'L2_out_dim': 112, 'L2_dropout': 0.04594948216857199, 'L3_hidden_dim': 48, 'L3_layers_atom': 4, 'L3_layers_mol': 1, 'L3_out_dim': 32, 'L3_dropout': 0.2090704119636558, 'n_mlp_layers': 2, 'mlp_dim_0': 88, 'mlp_dim_1': 376, 'num_heads': 2, 'final_dropout': 0.05634944134718572, 'train_learning_rate': 0.00022212882506948806, 'train_lr_reduce': 0.6}. Best is trial 613 with value: 0.045173268765211105.
[I 2024-12-25 19:38:23,277] Trial 777 finished with value: 0.0776221826672554 and parameters: {'L1_hidden_dim': 144, 'L1_layers_atom': 4, 'L1_layers_mol': 4, 'L1_dropout': 0.22655229773020055, 'L1_out_dim': 112, 'L2_hidden_dim': 176, 'L2_layers_atom': 1, 'L2_layers_mol': 1, 'L2_out_dim': 96, 'L2_dropout': 0.0051233880246704805, 'L3_hidden_dim': 112, 'L3_layers_atom': 3, 'L3_layers_mol': 1, 'L3_out_dim': 32, 'L3_dropout': 0.26603735705511045, 'n_mlp_layers': 2, 'mlp_dim_0': 32, 'mlp_dim_1': 384, 'num_heads': 2, 'final_dropout': 0.027034410769413042, 'train_learning_rate': 0.0007847840149003488, 'train_lr_reduce': 0.6}. Best is trial 613 with value: 0.045173268765211105.
[I 2024-12-25 19:38:23,520] Trial 776 finished with value: 0.07906921952962875 and parameters: {'L1_hidden_dim': 80, 'L1_layers_atom': 4, 'L1_layers_mol': 3, 'L1_dropout': 0.29736729101689896, 'L1_out_dim': 128, 'L2_hidden_dim': 112, 'L2_layers_atom': 1, 'L2_layers_mol': 1, 'L2_out_dim': 112, 'L2_dropout': 0.06007133062827566, 'L3_hidden_dim': 80, 'L3_layers_atom': 3, 'L3_layers_mol': 1, 'L3_out_dim': 32, 'L3_dropout': 0.23506831455757562, 'n_mlp_layers': 3, 'mlp_dim_0': 80, 'mlp_dim_1': 344, 'mlp_dim_2': 32, 'num_heads': 2, 'final_dropout': 0.03386961637034539, 'train_learning_rate': 0.005113026520830463, 'train_lr_reduce': 0.6}. Best is trial 613 with value: 0.045173268765211105.
[I 2024-12-25 19:40:01,573] Trial 778 finished with value: 0.07693877071142197 and parameters: {'L1_hidden_dim': 96, 'L1_layers_atom': 4, 'L1_layers_mol': 2, 'L1_dropout': 0.2830715635802768, 'L1_out_dim': 96, 'L2_hidden_dim': 144, 'L2_layers_atom': 4, 'L2_layers_mol': 2, 'L2_out_dim': 80, 'L2_dropout': 0.058317870199735056, 'L3_hidden_dim': 80, 'L3_layers_atom': 3, 'L3_layers_mol': 1, 'L3_out_dim': 64, 'L3_dropout': 0.13312541374720305, 'n_mlp_layers': 2, 'mlp_dim_0': 216, 'mlp_dim_1': 376, 'num_heads': 2, 'final_dropout': 0.11573637009701856, 'train_learning_rate': 0.0006318214380512722, 'train_lr_reduce': 0.6}. Best is trial 613 with value: 0.045173268765211105.
[I 2024-12-25 19:40:38,317] Trial 779 finished with value: 0.07912587374448776 and parameters: {'L1_hidden_dim': 80, 'L1_layers_atom': 3, 'L1_layers_mol': 2, 'L1_dropout': 0.2662314876088114, 'L1_out_dim': 112, 'L2_hidden_dim': 192, 'L2_layers_atom': 4, 'L2_layers_mol': 4, 'L2_out_dim': 96, 'L2_dropout': 0.07546957432210832, 'L3_hidden_dim': 96, 'L3_layers_atom': 2, 'L3_layers_mol': 1, 'L3_out_dim': 48, 'L3_dropout': 0.21219856760175382, 'n_mlp_layers': 1, 'mlp_dim_0': 152, 'num_heads': 1, 'final_dropout': 0.14291669475415758, 'train_learning_rate': 0.00032612006169965694, 'train_lr_reduce': 0.6}. Best is trial 613 with value: 0.045173268765211105.
[I 2024-12-25 19:40:46,629] Trial 780 finished with value: 0.07193580269813538 and parameters: {'L1_hidden_dim': 64, 'L1_layers_atom': 4, 'L1_layers_mol': 3, 'L1_dropout': 0.22123893311410542, 'L1_out_dim': 96, 'L2_hidden_dim': 192, 'L2_layers_atom': 3, 'L2_layers_mol': 2, 'L2_out_dim': 128, 'L2_dropout': 0.08452117765947945, 'L3_hidden_dim': 96, 'L3_layers_atom': 3, 'L3_layers_mol': 1, 'L3_out_dim': 32, 'L3_dropout': 0.27496144631292824, 'n_mlp_layers': 1, 'mlp_dim_0': 32, 'num_heads': 2, 'final_dropout': 0.06766705647905473, 'train_learning_rate': 0.00019964398905724558, 'train_lr_reduce': 0.6}. Best is trial 613 with value: 0.045173268765211105.
[I 2024-12-25 19:41:28,809] Trial 781 finished with value: 0.0927320346236229 and parameters: {'L1_hidden_dim': 96, 'L1_layers_atom': 4, 'L1_layers_mol': 3, 'L1_dropout': 0.24822191609551142, 'L1_out_dim': 112, 'L2_hidden_dim': 128, 'L2_layers_atom': 1, 'L2_layers_mol': 2, 'L2_out_dim': 64, 'L2_dropout': 0.08698089469896084, 'L3_hidden_dim': 96, 'L3_layers_atom': 3, 'L3_layers_mol': 1, 'L3_out_dim': 48, 'L3_dropout': 0.2602244358381113, 'n_mlp_layers': 2, 'mlp_dim_0': 72, 'mlp_dim_1': 376, 'num_heads': 1, 'final_dropout': 0.05664181952456899, 'train_learning_rate': 0.0014659611501770544, 'train_lr_reduce': 0.6}. Best is trial 613 with value: 0.045173268765211105.
[I 2024-12-25 19:42:22,377] Trial 783 finished with value: 0.056950893253088 and parameters: {'L1_hidden_dim': 112, 'L1_layers_atom': 3, 'L1_layers_mol': 2, 'L1_dropout': 0.26204047883078463, 'L1_out_dim': 80, 'L2_hidden_dim': 240, 'L2_layers_atom': 1, 'L2_layers_mol': 4, 'L2_out_dim': 64, 'L2_dropout': 0.0672948305447797, 'L3_hidden_dim': 64, 'L3_layers_atom': 4, 'L3_layers_mol': 3, 'L3_out_dim': 128, 'L3_dropout': 0.02615182693093931, 'n_mlp_layers': 2, 'mlp_dim_0': 320, 'mlp_dim_1': 392, 'num_heads': 1, 'final_dropout': 0.166080842494385, 'train_learning_rate': 0.0028337554631961705, 'train_lr_reduce': 0.6}. Best is trial 613 with value: 0.045173268765211105.
[I 2024-12-25 19:42:41,221] Trial 782 finished with value: 0.06909297406673431 and parameters: {'L1_hidden_dim': 80, 'L1_layers_atom': 4, 'L1_layers_mol': 3, 'L1_dropout': 0.12405813135522344, 'L1_out_dim': 112, 'L2_hidden_dim': 256, 'L2_layers_atom': 3, 'L2_layers_mol': 4, 'L2_out_dim': 112, 'L2_dropout': 0.05369836415096589, 'L3_hidden_dim': 128, 'L3_layers_atom': 2, 'L3_layers_mol': 1, 'L3_out_dim': 128, 'L3_dropout': 0.04067856546236202, 'n_mlp_layers': 3, 'mlp_dim_0': 328, 'mlp_dim_1': 360, 'mlp_dim_2': 72, 'num_heads': 1, 'final_dropout': 0.06846241252006434, 'train_learning_rate': 0.0004181517492762281, 'train_lr_reduce': 0.6}. Best is trial 613 with value: 0.045173268765211105.
[I 2024-12-25 19:42:43,936] Trial 784 finished with value: 0.06915086507797241 and parameters: {'L1_hidden_dim': 96, 'L1_layers_atom': 3, 'L1_layers_mol': 3, 'L1_dropout': 0.2992769395423851, 'L1_out_dim': 128, 'L2_hidden_dim': 160, 'L2_layers_atom': 2, 'L2_layers_mol': 2, 'L2_out_dim': 128, 'L2_dropout': 0.036803283592844016, 'L3_hidden_dim': 96, 'L3_layers_atom': 4, 'L3_layers_mol': 1, 'L3_out_dim': 112, 'L3_dropout': 0.236447149416488, 'n_mlp_layers': 2, 'mlp_dim_0': 144, 'mlp_dim_1': 328, 'num_heads': 1, 'final_dropout': 0.12341861770530446, 'train_learning_rate': 0.0018759052088465741, 'train_lr_reduce': 0.6}. Best is trial 613 with value: 0.045173268765211105.
[I 2024-12-25 19:43:55,602] Trial 787 finished with value: 0.07839390635490417 and parameters: {'L1_hidden_dim': 176, 'L1_layers_atom': 3, 'L1_layers_mol': 2, 'L1_dropout': 0.26649951635788877, 'L1_out_dim': 80, 'L2_hidden_dim': 256, 'L2_layers_atom': 2, 'L2_layers_mol': 3, 'L2_out_dim': 80, 'L2_dropout': 0.008582548731943501, 'L3_hidden_dim': 80, 'L3_layers_atom': 4, 'L3_layers_mol': 4, 'L3_out_dim': 128, 'L3_dropout': 0.027928481188072212, 'n_mlp_layers': 2, 'mlp_dim_0': 192, 'mlp_dim_1': 384, 'num_heads': 1, 'final_dropout': 0.15226143903770506, 'train_learning_rate': 0.0014551803496312726, 'train_lr_reduce': 0.6}. Best is trial 613 with value: 0.045173268765211105.
[I 2024-12-25 19:44:49,356] Trial 786 finished with value: 0.06463313847780228 and parameters: {'L1_hidden_dim': 80, 'L1_layers_atom': 4, 'L1_layers_mol': 2, 'L1_dropout': 0.265913999177948, 'L1_out_dim': 128, 'L2_hidden_dim': 192, 'L2_layers_atom': 3, 'L2_layers_mol': 1, 'L2_out_dim': 96, 'L2_dropout': 0.023026309306908535, 'L3_hidden_dim': 80, 'L3_layers_atom': 4, 'L3_layers_mol': 1, 'L3_out_dim': 64, 'L3_dropout': 0.23356993378994123, 'n_mlp_layers': 3, 'mlp_dim_0': 120, 'mlp_dim_1': 384, 'mlp_dim_2': 304, 'num_heads': 2, 'final_dropout': 0.025269360499109775, 'train_learning_rate': 0.0002511944001224306, 'train_lr_reduce': 0.6}. Best is trial 613 with value: 0.045173268765211105.
[I 2024-12-25 19:45:50,599] Trial 788 finished with value: 0.07347732782363892 and parameters: {'L1_hidden_dim': 80, 'L1_layers_atom': 4, 'L1_layers_mol': 2, 'L1_dropout': 0.2476171126172526, 'L1_out_dim': 96, 'L2_hidden_dim': 224, 'L2_layers_atom': 2, 'L2_layers_mol': 4, 'L2_out_dim': 64, 'L2_dropout': 0.08027790833558637, 'L3_hidden_dim': 80, 'L3_layers_atom': 4, 'L3_layers_mol': 3, 'L3_out_dim': 128, 'L3_dropout': 0.030424979940988955, 'n_mlp_layers': 1, 'mlp_dim_0': 176, 'num_heads': 1, 'final_dropout': 0.0648667331838531, 'train_learning_rate': 0.0024547827034617753, 'train_lr_reduce': 0.6}. Best is trial 613 with value: 0.045173268765211105.
[I 2024-12-25 19:45:50,743] Trial 785 finished with value: 0.08310196548700333 and parameters: {'L1_hidden_dim': 64, 'L1_layers_atom': 1, 'L1_layers_mol': 2, 'L1_dropout': 0.20781524600835563, 'L1_out_dim': 128, 'L2_hidden_dim': 224, 'L2_layers_atom': 2, 'L2_layers_mol': 3, 'L2_out_dim': 112, 'L2_dropout': 0.00228754606727352, 'L3_hidden_dim': 64, 'L3_layers_atom': 3, 'L3_layers_mol': 2, 'L3_out_dim': 96, 'L3_dropout': 0.19726130677997233, 'n_mlp_layers': 1, 'mlp_dim_0': 72, 'num_heads': 1, 'final_dropout': 0.0522267370136607, 'train_learning_rate': 0.003388969303596884, 'train_lr_reduce': 0.6}. Best is trial 613 with value: 0.045173268765211105.
[I 2024-12-25 19:47:01,974] Trial 789 finished with value: 0.1039801836013794 and parameters: {'L1_hidden_dim': 128, 'L1_layers_atom': 2, 'L1_layers_mol': 2, 'L1_dropout': 0.2133248521427027, 'L1_out_dim': 96, 'L2_hidden_dim': 256, 'L2_layers_atom': 2, 'L2_layers_mol': 4, 'L2_out_dim': 64, 'L2_dropout': 0.07444377070623362, 'L3_hidden_dim': 64, 'L3_layers_atom': 4, 'L3_layers_mol': 4, 'L3_out_dim': 112, 'L3_dropout': 0.06867676682391642, 'n_mlp_layers': 1, 'mlp_dim_0': 472, 'num_heads': 1, 'final_dropout': 0.19184392191145572, 'train_learning_rate': 0.004961263699477592, 'train_lr_reduce': 0.6}. Best is trial 613 with value: 0.045173268765211105.
[I 2024-12-25 19:47:16,582] Trial 791 finished with value: 0.0719749853014946 and parameters: {'L1_hidden_dim': 64, 'L1_layers_atom': 4, 'L1_layers_mol': 3, 'L1_dropout': 0.2644670559542078, 'L1_out_dim': 128, 'L2_hidden_dim': 160, 'L2_layers_atom': 1, 'L2_layers_mol': 1, 'L2_out_dim': 96, 'L2_dropout': 0.08398391771331065, 'L3_hidden_dim': 96, 'L3_layers_atom': 2, 'L3_layers_mol': 1, 'L3_out_dim': 64, 'L3_dropout': 0.20193726306391807, 'n_mlp_layers': 2, 'mlp_dim_0': 152, 'mlp_dim_1': 392, 'num_heads': 2, 'final_dropout': 0.1430678761228771, 'train_learning_rate': 0.0003543546673252197, 'train_lr_reduce': 0.6}. Best is trial 613 with value: 0.045173268765211105.
[I 2024-12-25 19:48:04,051] Trial 790 finished with value: 0.07186731696128845 and parameters: {'L1_hidden_dim': 80, 'L1_layers_atom': 2, 'L1_layers_mol': 4, 'L1_dropout': 0.28297173326872804, 'L1_out_dim': 96, 'L2_hidden_dim': 192, 'L2_layers_atom': 4, 'L2_layers_mol': 1, 'L2_out_dim': 128, 'L2_dropout': 0.04674477911786251, 'L3_hidden_dim': 64, 'L3_layers_atom': 4, 'L3_layers_mol': 1, 'L3_out_dim': 32, 'L3_dropout': 0.2547221357306068, 'n_mlp_layers': 2, 'mlp_dim_0': 56, 'mlp_dim_1': 384, 'num_heads': 2, 'final_dropout': 0.11186478356001175, 'train_learning_rate': 0.0009091432766300383, 'train_lr_reduce': 0.6}. Best is trial 613 with value: 0.045173268765211105.
[I 2024-12-25 19:48:38,939] Trial 793 finished with value: 0.08294985443353653 and parameters: {'L1_hidden_dim': 112, 'L1_layers_atom': 4, 'L1_layers_mol': 3, 'L1_dropout': 0.2124836397444385, 'L1_out_dim': 96, 'L2_hidden_dim': 240, 'L2_layers_atom': 3, 'L2_layers_mol': 2, 'L2_out_dim': 32, 'L2_dropout': 0.11414501482526312, 'L3_hidden_dim': 32, 'L3_layers_atom': 2, 'L3_layers_mol': 3, 'L3_out_dim': 64, 'L3_dropout': 0.003493259666151034, 'n_mlp_layers': 3, 'mlp_dim_0': 440, 'mlp_dim_1': 392, 'mlp_dim_2': 240, 'num_heads': 2, 'final_dropout': 0.15003529997151652, 'train_learning_rate': 0.0020072915383898314, 'train_lr_reduce': 0.6}. Best is trial 613 with value: 0.045173268765211105.
[I 2024-12-25 19:49:03,626] Trial 792 finished with value: 0.0697428435087204 and parameters: {'L1_hidden_dim': 80, 'L1_layers_atom': 3, 'L1_layers_mol': 2, 'L1_dropout': 0.19729426422336133, 'L1_out_dim': 96, 'L2_hidden_dim': 192, 'L2_layers_atom': 1, 'L2_layers_mol': 1, 'L2_out_dim': 112, 'L2_dropout': 0.005669956940016053, 'L3_hidden_dim': 80, 'L3_layers_atom': 3, 'L3_layers_mol': 3, 'L3_out_dim': 48, 'L3_dropout': 0.23236215448639144, 'n_mlp_layers': 2, 'mlp_dim_0': 48, 'mlp_dim_1': 344, 'num_heads': 2, 'final_dropout': 0.17380302132160785, 'train_learning_rate': 0.0004913953741405884, 'train_lr_reduce': 0.6}. Best is trial 613 with value: 0.045173268765211105.
[I 2024-12-25 19:49:36,763] Trial 794 finished with value: 0.06685050576925278 and parameters: {'L1_hidden_dim': 112, 'L1_layers_atom': 3, 'L1_layers_mol': 3, 'L1_dropout': 0.22002466312131647, 'L1_out_dim': 128, 'L2_hidden_dim': 256, 'L2_layers_atom': 3, 'L2_layers_mol': 2, 'L2_out_dim': 96, 'L2_dropout': 0.03403032348016082, 'L3_hidden_dim': 112, 'L3_layers_atom': 2, 'L3_layers_mol': 2, 'L3_out_dim': 112, 'L3_dropout': 0.0038520594198658744, 'n_mlp_layers': 3, 'mlp_dim_0': 216, 'mlp_dim_1': 392, 'mlp_dim_2': 488, 'num_heads': 1, 'final_dropout': 0.07360568202465056, 'train_learning_rate': 0.0006609785386704121, 'train_lr_reduce': 0.6}. Best is trial 613 with value: 0.045173268765211105.
[I 2024-12-25 19:50:24,627] Trial 796 finished with value: 0.09438145905733109 and parameters: {'L1_hidden_dim': 64, 'L1_layers_atom': 4, 'L1_layers_mol': 2, 'L1_dropout': 0.2966169903083196, 'L1_out_dim': 128, 'L2_hidden_dim': 224, 'L2_layers_atom': 2, 'L2_layers_mol': 2, 'L2_out_dim': 80, 'L2_dropout': 0.09556146465660967, 'L3_hidden_dim': 96, 'L3_layers_atom': 3, 'L3_layers_mol': 2, 'L3_out_dim': 32, 'L3_dropout': 0.23102441556976155, 'n_mlp_layers': 3, 'mlp_dim_0': 144, 'mlp_dim_1': 400, 'mlp_dim_2': 72, 'num_heads': 2, 'final_dropout': 0.06821382027146394, 'train_learning_rate': 0.0008761606160988528, 'train_lr_reduce': 0.6}. Best is trial 613 with value: 0.045173268765211105.
[I 2024-12-25 19:50:33,277] Trial 795 finished with value: 0.06715428084135056 and parameters: {'L1_hidden_dim': 64, 'L1_layers_atom': 4, 'L1_layers_mol': 2, 'L1_dropout': 0.23417136290038915, 'L1_out_dim': 112, 'L2_hidden_dim': 224, 'L2_layers_atom': 4, 'L2_layers_mol': 1, 'L2_out_dim': 48, 'L2_dropout': 0.045131279796605556, 'L3_hidden_dim': 96, 'L3_layers_atom': 2, 'L3_layers_mol': 1, 'L3_out_dim': 32, 'L3_dropout': 0.2425892277662442, 'n_mlp_layers': 3, 'mlp_dim_0': 160, 'mlp_dim_1': 336, 'mlp_dim_2': 32, 'num_heads': 2, 'final_dropout': 0.05879185049197556, 'train_learning_rate': 0.0004508647751117845, 'train_lr_reduce': 0.6}. Best is trial 613 with value: 0.045173268765211105.
[I 2024-12-25 19:50:51,508] Trial 799 finished with value: 1.1567540168762207 and parameters: {'L1_hidden_dim': 64, 'L1_layers_atom': 4, 'L1_layers_mol': 3, 'L1_dropout': 0.2585976638418182, 'L1_out_dim': 128, 'L2_hidden_dim': 224, 'L2_layers_atom': 4, 'L2_layers_mol': 1, 'L2_out_dim': 80, 'L2_dropout': 0.022248506972770865, 'L3_hidden_dim': 64, 'L3_layers_atom': 2, 'L3_layers_mol': 2, 'L3_out_dim': 80, 'L3_dropout': 0.26740721656280964, 'n_mlp_layers': 3, 'mlp_dim_0': 200, 'mlp_dim_1': 336, 'mlp_dim_2': 176, 'num_heads': 1, 'final_dropout': 0.020499919003292916, 'train_learning_rate': 0.0006885818227881604, 'train_lr_reduce': 0.6}. Best is trial 613 with value: 0.045173268765211105.
[I 2024-12-25 19:51:57,883] Trial 800 finished with value: 0.06589267402887344 and parameters: {'L1_hidden_dim': 64, 'L1_layers_atom': 3, 'L1_layers_mol': 3, 'L1_dropout': 0.2356214674257737, 'L1_out_dim': 128, 'L2_hidden_dim': 144, 'L2_layers_atom': 1, 'L2_layers_mol': 1, 'L2_out_dim': 96, 'L2_dropout': 0.12146717018140792, 'L3_hidden_dim': 80, 'L3_layers_atom': 2, 'L3_layers_mol': 1, 'L3_out_dim': 32, 'L3_dropout': 0.2887376727109441, 'n_mlp_layers': 2, 'mlp_dim_0': 128, 'mlp_dim_1': 392, 'num_heads': 2, 'final_dropout': 0.08301480102960401, 'train_learning_rate': 0.0013835570854637562, 'train_lr_reduce': 0.6}. Best is trial 613 with value: 0.045173268765211105.
[I 2024-12-25 19:52:03,464] Trial 797 finished with value: 0.09035829454660416 and parameters: {'L1_hidden_dim': 112, 'L1_layers_atom': 3, 'L1_layers_mol': 2, 'L1_dropout': 0.19744955694532185, 'L1_out_dim': 80, 'L2_hidden_dim': 240, 'L2_layers_atom': 1, 'L2_layers_mol': 3, 'L2_out_dim': 48, 'L2_dropout': 0.026850467001312647, 'L3_hidden_dim': 80, 'L3_layers_atom': 3, 'L3_layers_mol': 3, 'L3_out_dim': 128, 'L3_dropout': 0.051580038285370576, 'n_mlp_layers': 2, 'mlp_dim_0': 224, 'mlp_dim_1': 304, 'num_heads': 2, 'final_dropout': 0.1722156688671637, 'train_learning_rate': 0.0032352822011107053, 'train_lr_reduce': 0.6}. Best is trial 613 with value: 0.045173268765211105.
