[I 2024-12-26 06:15:47,694] Trial 1930 finished with value: 0.08382603526115417 and parameters: {'L1_hidden_dim': 64, 'L1_layers_atom': 4, 'L1_layers_mol': 2, 'L1_dropout': 0.26977906536553153, 'L1_out_dim': 48, 'L2_hidden_dim': 256, 'L2_layers_atom': 2, 'L2_layers_mol': 1, 'L2_out_dim': 128, 'L2_dropout': 0.14585296340083304, 'L3_hidden_dim': 64, 'L3_layers_atom': 1, 'L3_layers_mol': 3, 'L3_out_dim': 32, 'L3_dropout': 0.031870574933946544, 'n_mlp_layers': 3, 'mlp_dim_0': 72, 'mlp_dim_1': 416, 'mlp_dim_2': 200, 'num_heads': 2, 'final_dropout': 0.16120014294413992, 'train_learning_rate': 0.00018043564203369626, 'train_lr_reduce': 0.6}. Best is trial 1286 with value: 0.03935658559203148.
[I 2024-12-26 06:16:50,029] Trial 1931 finished with value: 0.07141361385583878 and parameters: {'L1_hidden_dim': 80, 'L1_layers_atom': 4, 'L1_layers_mol': 2, 'L1_dropout': 0.24723010566230672, 'L1_out_dim': 96, 'L2_hidden_dim': 240, 'L2_layers_atom': 1, 'L2_layers_mol': 3, 'L2_out_dim': 80, 'L2_dropout': 0.09189364152365534, 'L3_hidden_dim': 80, 'L3_layers_atom': 4, 'L3_layers_mol': 2, 'L3_out_dim': 112, 'L3_dropout': 0.04439632152013164, 'n_mlp_layers': 2, 'mlp_dim_0': 432, 'mlp_dim_1': 328, 'num_heads': 1, 'final_dropout': 0.09249697075087954, 'train_learning_rate': 0.0016297350692289253, 'train_lr_reduce': 0.6}. Best is trial 1286 with value: 0.03935658559203148.
[I 2024-12-26 06:17:07,445] Trial 1934 finished with value: 0.9701609015464783 and parameters: {'L1_hidden_dim': 64, 'L1_layers_atom': 4, 'L1_layers_mol': 3, 'L1_dropout': 0.06689509040572954, 'L1_out_dim': 48, 'L2_hidden_dim': 208, 'L2_layers_atom': 4, 'L2_layers_mol': 4, 'L2_out_dim': 64, 'L2_dropout': 0.018317851856342007, 'L3_hidden_dim': 80, 'L3_layers_atom': 3, 'L3_layers_mol': 1, 'L3_out_dim': 80, 'L3_dropout': 0.2682053249555368, 'n_mlp_layers': 1, 'mlp_dim_0': 256, 'num_heads': 1, 'final_dropout': 0.09998634620161143, 'train_learning_rate': 0.00312202574472804, 'train_lr_reduce': 0.6}. Best is trial 1286 with value: 0.03935658559203148.
[I 2024-12-26 06:17:07,449] Trial 1932 finished with value: 0.12478751689195633 and parameters: {'L1_hidden_dim': 176, 'L1_layers_atom': 4, 'L1_layers_mol': 3, 'L1_dropout': 0.06652791106861312, 'L1_out_dim': 80, 'L2_hidden_dim': 80, 'L2_layers_atom': 3, 'L2_layers_mol': 1, 'L2_out_dim': 32, 'L2_dropout': 0.22400742593424317, 'L3_hidden_dim': 96, 'L3_layers_atom': 4, 'L3_layers_mol': 4, 'L3_out_dim': 128, 'L3_dropout': 0.27231350592817893, 'n_mlp_layers': 3, 'mlp_dim_0': 240, 'mlp_dim_1': 40, 'mlp_dim_2': 80, 'num_heads': 1, 'final_dropout': 0.26574511773529874, 'train_learning_rate': 0.0012981642253427214, 'train_lr_reduce': 0.6}. Best is trial 1286 with value: 0.03935658559203148.
[I 2024-12-26 06:17:22,123] Trial 1933 finished with value: 0.10331915318965912 and parameters: {'L1_hidden_dim': 96, 'L1_layers_atom': 1, 'L1_layers_mol': 3, 'L1_dropout': 0.2815481320027773, 'L1_out_dim': 96, 'L2_hidden_dim': 240, 'L2_layers_atom': 1, 'L2_layers_mol': 4, 'L2_out_dim': 128, 'L2_dropout': 0.05841188669849631, 'L3_hidden_dim': 112, 'L3_layers_atom': 4, 'L3_layers_mol': 2, 'L3_out_dim': 96, 'L3_dropout': 0.2790029854192856, 'n_mlp_layers': 2, 'mlp_dim_0': 208, 'mlp_dim_1': 512, 'num_heads': 1, 'final_dropout': 0.059547032942765504, 'train_learning_rate': 0.003723648544807204, 'train_lr_reduce': 0.6}. Best is trial 1286 with value: 0.03935658559203148.
[I 2024-12-26 06:18:19,747] Trial 1936 finished with value: 0.08072793483734131 and parameters: {'L1_hidden_dim': 112, 'L1_layers_atom': 3, 'L1_layers_mol': 2, 'L1_dropout': 0.26322686298914927, 'L1_out_dim': 80, 'L2_hidden_dim': 240, 'L2_layers_atom': 1, 'L2_layers_mol': 4, 'L2_out_dim': 80, 'L2_dropout': 0.08428034927532052, 'L3_hidden_dim': 48, 'L3_layers_atom': 4, 'L3_layers_mol': 4, 'L3_out_dim': 128, 'L3_dropout': 0.08977103713079579, 'n_mlp_layers': 3, 'mlp_dim_0': 448, 'mlp_dim_1': 216, 'mlp_dim_2': 120, 'num_heads': 2, 'final_dropout': 0.15476028221266597, 'train_learning_rate': 0.001385143455977706, 'train_lr_reduce': 0.6}. Best is trial 1286 with value: 0.03935658559203148.
[I 2024-12-26 06:18:42,470] Trial 1935 finished with value: 0.0641499012708664 and parameters: {'L1_hidden_dim': 112, 'L1_layers_atom': 4, 'L1_layers_mol': 4, 'L1_dropout': 0.2606700418658808, 'L1_out_dim': 96, 'L2_hidden_dim': 128, 'L2_layers_atom': 1, 'L2_layers_mol': 1, 'L2_out_dim': 96, 'L2_dropout': 0.0060058433416396995, 'L3_hidden_dim': 128, 'L3_layers_atom': 4, 'L3_layers_mol': 1, 'L3_out_dim': 112, 'L3_dropout': 0.17252462757581988, 'n_mlp_layers': 2, 'mlp_dim_0': 312, 'mlp_dim_1': 256, 'num_heads': 1, 'final_dropout': 0.117485967030814, 'train_learning_rate': 0.005147688893431553, 'train_lr_reduce': 0.6}. Best is trial 1286 with value: 0.03935658559203148.
[I 2024-12-26 06:19:12,226] Trial 1937 finished with value: 0.07453248649835587 and parameters: {'L1_hidden_dim': 64, 'L1_layers_atom': 3, 'L1_layers_mol': 4, 'L1_dropout': 0.2473891455156455, 'L1_out_dim': 80, 'L2_hidden_dim': 208, 'L2_layers_atom': 1, 'L2_layers_mol': 1, 'L2_out_dim': 128, 'L2_dropout': 0.003929546936099777, 'L3_hidden_dim': 96, 'L3_layers_atom': 3, 'L3_layers_mol': 1, 'L3_out_dim': 80, 'L3_dropout': 0.19185318660278108, 'n_mlp_layers': 2, 'mlp_dim_0': 184, 'mlp_dim_1': 440, 'num_heads': 2, 'final_dropout': 0.09445261925774526, 'train_learning_rate': 0.00416876880867681, 'train_lr_reduce': 0.6}. Best is trial 1286 with value: 0.03935658559203148.
[I 2024-12-26 06:19:49,176] Trial 1939 finished with value: 0.09721988439559937 and parameters: {'L1_hidden_dim': 112, 'L1_layers_atom': 4, 'L1_layers_mol': 3, 'L1_dropout': 0.29114064724781247, 'L1_out_dim': 48, 'L2_hidden_dim': 160, 'L2_layers_atom': 1, 'L2_layers_mol': 2, 'L2_out_dim': 112, 'L2_dropout': 0.041531687071368686, 'L3_hidden_dim': 112, 'L3_layers_atom': 4, 'L3_layers_mol': 2, 'L3_out_dim': 32, 'L3_dropout': 0.24305972856115196, 'n_mlp_layers': 3, 'mlp_dim_0': 296, 'mlp_dim_1': 472, 'mlp_dim_2': 280, 'num_heads': 1, 'final_dropout': 0.034201246679076154, 'train_learning_rate': 0.0025218128101427506, 'train_lr_reduce': 0.6}. Best is trial 1286 with value: 0.03935658559203148.
[I 2024-12-26 06:20:05,259] Trial 1938 finished with value: 0.08023909479379654 and parameters: {'L1_hidden_dim': 128, 'L1_layers_atom': 4, 'L1_layers_mol': 3, 'L1_dropout': 0.2358244306665736, 'L1_out_dim': 80, 'L2_hidden_dim': 192, 'L2_layers_atom': 1, 'L2_layers_mol': 1, 'L2_out_dim': 128, 'L2_dropout': 0.07654367879635651, 'L3_hidden_dim': 128, 'L3_layers_atom': 3, 'L3_layers_mol': 1, 'L3_out_dim': 64, 'L3_dropout': 0.2715267911706597, 'n_mlp_layers': 2, 'mlp_dim_0': 56, 'mlp_dim_1': 384, 'num_heads': 2, 'final_dropout': 0.08806958287048289, 'train_learning_rate': 0.00351076473706, 'train_lr_reduce': 0.6}. Best is trial 1286 with value: 0.03935658559203148.
[I 2024-12-26 06:21:07,177] Trial 1940 finished with value: 0.12659722566604614 and parameters: {'L1_hidden_dim': 80, 'L1_layers_atom': 1, 'L1_layers_mol': 4, 'L1_dropout': 0.17290917346221663, 'L1_out_dim': 112, 'L2_hidden_dim': 160, 'L2_layers_atom': 2, 'L2_layers_mol': 2, 'L2_out_dim': 128, 'L2_dropout': 0.0012391040567906637, 'L3_hidden_dim': 112, 'L3_layers_atom': 3, 'L3_layers_mol': 2, 'L3_out_dim': 128, 'L3_dropout': 0.022751484689225575, 'n_mlp_layers': 2, 'mlp_dim_0': 384, 'mlp_dim_1': 336, 'num_heads': 1, 'final_dropout': 0.11222882076000679, 'train_learning_rate': 0.009511326727895576, 'train_lr_reduce': 0.6}. Best is trial 1286 with value: 0.03935658559203148.
[I 2024-12-26 06:21:43,135] Trial 1942 finished with value: 0.07274467498064041 and parameters: {'L1_hidden_dim': 96, 'L1_layers_atom': 4, 'L1_layers_mol': 4, 'L1_dropout': 0.23499039193793497, 'L1_out_dim': 96, 'L2_hidden_dim': 224, 'L2_layers_atom': 1, 'L2_layers_mol': 2, 'L2_out_dim': 128, 'L2_dropout': 0.027860912572987635, 'L3_hidden_dim': 96, 'L3_layers_atom': 3, 'L3_layers_mol': 1, 'L3_out_dim': 80, 'L3_dropout': 0.1331004547951543, 'n_mlp_layers': 2, 'mlp_dim_0': 368, 'mlp_dim_1': 288, 'num_heads': 2, 'final_dropout': 0.18354541842679137, 'train_learning_rate': 0.001705866725766656, 'train_lr_reduce': 0.6}. Best is trial 1286 with value: 0.03935658559203148.
[I 2024-12-26 06:21:57,068] Trial 1943 finished with value: 0.0800674706697464 and parameters: {'L1_hidden_dim': 80, 'L1_layers_atom': 3, 'L1_layers_mol': 4, 'L1_dropout': 0.20871473424911782, 'L1_out_dim': 80, 'L2_hidden_dim': 160, 'L2_layers_atom': 1, 'L2_layers_mol': 1, 'L2_out_dim': 96, 'L2_dropout': 0.09606134810779808, 'L3_hidden_dim': 112, 'L3_layers_atom': 4, 'L3_layers_mol': 2, 'L3_out_dim': 96, 'L3_dropout': 0.26634128715425665, 'n_mlp_layers': 3, 'mlp_dim_0': 336, 'mlp_dim_1': 368, 'mlp_dim_2': 72, 'num_heads': 1, 'final_dropout': 0.15343849190894826, 'train_learning_rate': 0.0025484572610876798, 'train_lr_reduce': 0.6}. Best is trial 1286 with value: 0.03935658559203148.
[I 2024-12-26 06:22:13,873] Trial 1941 finished with value: 0.2242610603570938 and parameters: {'L1_hidden_dim': 176, 'L1_layers_atom': 2, 'L1_layers_mol': 3, 'L1_dropout': 0.006903442448847913, 'L1_out_dim': 64, 'L2_hidden_dim': 64, 'L2_layers_atom': 2, 'L2_layers_mol': 3, 'L2_out_dim': 128, 'L2_dropout': 0.1935590022467611, 'L3_hidden_dim': 32, 'L3_layers_atom': 3, 'L3_layers_mol': 1, 'L3_out_dim': 80, 'L3_dropout': 0.206828897319388, 'n_mlp_layers': 2, 'mlp_dim_0': 344, 'mlp_dim_1': 416, 'num_heads': 2, 'final_dropout': 0.16506023086071317, 'train_learning_rate': 0.0009592310056273858, 'train_lr_reduce': 0.6}. Best is trial 1286 with value: 0.03935658559203148.
[I 2024-12-26 06:22:55,931] Trial 1944 finished with value: 0.09311743825674057 and parameters: {'L1_hidden_dim': 176, 'L1_layers_atom': 4, 'L1_layers_mol': 2, 'L1_dropout': 0.1511882293652813, 'L1_out_dim': 96, 'L2_hidden_dim': 192, 'L2_layers_atom': 4, 'L2_layers_mol': 1, 'L2_out_dim': 32, 'L2_dropout': 0.023879307936239602, 'L3_hidden_dim': 80, 'L3_layers_atom': 1, 'L3_layers_mol': 3, 'L3_out_dim': 128, 'L3_dropout': 0.2287637374937827, 'n_mlp_layers': 3, 'mlp_dim_0': 288, 'mlp_dim_1': 472, 'mlp_dim_2': 152, 'num_heads': 2, 'final_dropout': 0.1716357602835829, 'train_learning_rate': 0.0013109007145983666, 'train_lr_reduce': 0.6}. Best is trial 1286 with value: 0.03935658559203148.
[I 2024-12-26 06:23:23,442] Trial 1945 finished with value: 0.07183393836021423 and parameters: {'L1_hidden_dim': 96, 'L1_layers_atom': 3, 'L1_layers_mol': 2, 'L1_dropout': 0.22839812581097704, 'L1_out_dim': 128, 'L2_hidden_dim': 96, 'L2_layers_atom': 1, 'L2_layers_mol': 2, 'L2_out_dim': 128, 'L2_dropout': 0.1143845444466189, 'L3_hidden_dim': 128, 'L3_layers_atom': 2, 'L3_layers_mol': 1, 'L3_out_dim': 96, 'L3_dropout': 0.2677612394622836, 'n_mlp_layers': 2, 'mlp_dim_0': 352, 'mlp_dim_1': 432, 'num_heads': 1, 'final_dropout': 0.16570823135472434, 'train_learning_rate': 0.004127122535589453, 'train_lr_reduce': 0.6}. Best is trial 1286 with value: 0.03935658559203148.
[I 2024-12-26 06:24:01,184] Trial 1946 finished with value: 0.10283306241035461 and parameters: {'L1_hidden_dim': 96, 'L1_layers_atom': 4, 'L1_layers_mol': 1, 'L1_dropout': 0.2607148652389225, 'L1_out_dim': 128, 'L2_hidden_dim': 160, 'L2_layers_atom': 3, 'L2_layers_mol': 3, 'L2_out_dim': 128, 'L2_dropout': 0.10586719005531858, 'L3_hidden_dim': 128, 'L3_layers_atom': 1, 'L3_layers_mol': 1, 'L3_out_dim': 64, 'L3_dropout': 0.2850549784683861, 'n_mlp_layers': 3, 'mlp_dim_0': 408, 'mlp_dim_1': 376, 'mlp_dim_2': 72, 'num_heads': 1, 'final_dropout': 0.16626009407877063, 'train_learning_rate': 0.004321885718214464, 'train_lr_reduce': 0.6}. Best is trial 1286 with value: 0.03935658559203148.
[I 2024-12-26 06:24:29,628] Trial 1947 finished with value: 0.06569855660200119 and parameters: {'L1_hidden_dim': 64, 'L1_layers_atom': 4, 'L1_layers_mol': 2, 'L1_dropout': 0.2778324395228372, 'L1_out_dim': 32, 'L2_hidden_dim': 224, 'L2_layers_atom': 3, 'L2_layers_mol': 2, 'L2_out_dim': 32, 'L2_dropout': 0.01655491339612758, 'L3_hidden_dim': 32, 'L3_layers_atom': 3, 'L3_layers_mol': 3, 'L3_out_dim': 96, 'L3_dropout': 0.0214059901852931, 'n_mlp_layers': 3, 'mlp_dim_0': 504, 'mlp_dim_1': 320, 'mlp_dim_2': 112, 'num_heads': 1, 'final_dropout': 0.24247923541027838, 'train_learning_rate': 0.0013892686394589558, 'train_lr_reduce': 0.6}. Best is trial 1286 with value: 0.03935658559203148.
[I 2024-12-26 06:25:26,966] Trial 1949 finished with value: 0.06514475494623184 and parameters: {'L1_hidden_dim': 128, 'L1_layers_atom': 3, 'L1_layers_mol': 2, 'L1_dropout': 0.2933574522535418, 'L1_out_dim': 64, 'L2_hidden_dim': 256, 'L2_layers_atom': 2, 'L2_layers_mol': 4, 'L2_out_dim': 32, 'L2_dropout': 0.011014723342657698, 'L3_hidden_dim': 64, 'L3_layers_atom': 4, 'L3_layers_mol': 4, 'L3_out_dim': 80, 'L3_dropout': 0.023367040835230734, 'n_mlp_layers': 3, 'mlp_dim_0': 288, 'mlp_dim_1': 472, 'mlp_dim_2': 184, 'num_heads': 2, 'final_dropout': 0.17108035451296816, 'train_learning_rate': 0.0017578002207929507, 'train_lr_reduce': 0.6}. Best is trial 1286 with value: 0.03935658559203148.
[I 2024-12-26 06:25:31,971] Trial 1948 finished with value: 0.09019648283720016 and parameters: {'L1_hidden_dim': 112, 'L1_layers_atom': 3, 'L1_layers_mol': 4, 'L1_dropout': 0.2578653669901393, 'L1_out_dim': 80, 'L2_hidden_dim': 144, 'L2_layers_atom': 2, 'L2_layers_mol': 1, 'L2_out_dim': 128, 'L2_dropout': 0.07904631996457011, 'L3_hidden_dim': 112, 'L3_layers_atom': 2, 'L3_layers_mol': 1, 'L3_out_dim': 96, 'L3_dropout': 0.21888797258737472, 'n_mlp_layers': 2, 'mlp_dim_0': 32, 'mlp_dim_1': 408, 'num_heads': 2, 'final_dropout': 0.10965684740592913, 'train_learning_rate': 0.007006089416227692, 'train_lr_reduce': 0.6}. Best is trial 1286 with value: 0.03935658559203148.
[I 2024-12-26 06:25:57,200] Trial 1950 finished with value: 0.09530585259199142 and parameters: {'L1_hidden_dim': 96, 'L1_layers_atom': 2, 'L1_layers_mol': 4, 'L1_dropout': 0.29869909417995033, 'L1_out_dim': 80, 'L2_hidden_dim': 112, 'L2_layers_atom': 2, 'L2_layers_mol': 3, 'L2_out_dim': 80, 'L2_dropout': 0.004565074516545559, 'L3_hidden_dim': 96, 'L3_layers_atom': 3, 'L3_layers_mol': 1, 'L3_out_dim': 128, 'L3_dropout': 0.1763913461949963, 'n_mlp_layers': 2, 'mlp_dim_0': 200, 'mlp_dim_1': 352, 'num_heads': 1, 'final_dropout': 0.21178146312447516, 'train_learning_rate': 0.0008317895735943657, 'train_lr_reduce': 0.6}. Best is trial 1286 with value: 0.03935658559203148.
[I 2024-12-26 06:26:27,397] Trial 1951 finished with value: 0.10028087347745895 and parameters: {'L1_hidden_dim': 256, 'L1_layers_atom': 1, 'L1_layers_mol': 3, 'L1_dropout': 0.1476890163058199, 'L1_out_dim': 96, 'L2_hidden_dim': 80, 'L2_layers_atom': 1, 'L2_layers_mol': 4, 'L2_out_dim': 64, 'L2_dropout': 0.12665505648832026, 'L3_hidden_dim': 128, 'L3_layers_atom': 3, 'L3_layers_mol': 2, 'L3_out_dim': 48, 'L3_dropout': 0.08635560450417516, 'n_mlp_layers': 3, 'mlp_dim_0': 160, 'mlp_dim_1': 448, 'mlp_dim_2': 72, 'num_heads': 2, 'final_dropout': 0.21633243252991297, 'train_learning_rate': 0.0026769728680254186, 'train_lr_reduce': 0.6}. Best is trial 1286 with value: 0.03935658559203148.
[I 2024-12-26 06:26:32,829] Trial 1952 finished with value: 0.1103033721446991 and parameters: {'L1_hidden_dim': 240, 'L1_layers_atom': 3, 'L1_layers_mol': 1, 'L1_dropout': 0.2433485618291369, 'L1_out_dim': 32, 'L2_hidden_dim': 240, 'L2_layers_atom': 3, 'L2_layers_mol': 4, 'L2_out_dim': 96, 'L2_dropout': 0.1349572459140031, 'L3_hidden_dim': 48, 'L3_layers_atom': 3, 'L3_layers_mol': 1, 'L3_out_dim': 32, 'L3_dropout': 0.15915074110035055, 'n_mlp_layers': 3, 'mlp_dim_0': 80, 'mlp_dim_1': 264, 'mlp_dim_2': 128, 'num_heads': 2, 'final_dropout': 0.21473410072660182, 'train_learning_rate': 0.0019515979893701488, 'train_lr_reduce': 0.6}. Best is trial 1286 with value: 0.03935658559203148.
[I 2024-12-26 06:27:44,124] Trial 1955 finished with value: 0.055598773062229156 and parameters: {'L1_hidden_dim': 64, 'L1_layers_atom': 2, 'L1_layers_mol': 2, 'L1_dropout': 0.2305837593701956, 'L1_out_dim': 112, 'L2_hidden_dim': 208, 'L2_layers_atom': 1, 'L2_layers_mol': 3, 'L2_out_dim': 80, 'L2_dropout': 0.02353521069353218, 'L3_hidden_dim': 64, 'L3_layers_atom': 3, 'L3_layers_mol': 3, 'L3_out_dim': 112, 'L3_dropout': 0.22181199156461578, 'n_mlp_layers': 2, 'mlp_dim_0': 136, 'mlp_dim_1': 512, 'num_heads': 1, 'final_dropout': 0.12268859225787482, 'train_learning_rate': 0.002317657682069089, 'train_lr_reduce': 0.6}. Best is trial 1286 with value: 0.03935658559203148.
[I 2024-12-26 06:28:27,773] Trial 1953 finished with value: 0.083523690700531 and parameters: {'L1_hidden_dim': 112, 'L1_layers_atom': 4, 'L1_layers_mol': 2, 'L1_dropout': 0.27260421523568973, 'L1_out_dim': 80, 'L2_hidden_dim': 256, 'L2_layers_atom': 1, 'L2_layers_mol': 4, 'L2_out_dim': 80, 'L2_dropout': 0.11265274031011044, 'L3_hidden_dim': 48, 'L3_layers_atom': 4, 'L3_layers_mol': 3, 'L3_out_dim': 128, 'L3_dropout': 0.05694967290483479, 'n_mlp_layers': 2, 'mlp_dim_0': 384, 'mlp_dim_1': 400, 'num_heads': 1, 'final_dropout': 0.21218159794138317, 'train_learning_rate': 0.002174086025239216, 'train_lr_reduce': 0.6}. Best is trial 1286 with value: 0.03935658559203148.
[I 2024-12-26 06:28:53,480] Trial 1954 finished with value: 0.09969864040613174 and parameters: {'L1_hidden_dim': 128, 'L1_layers_atom': 3, 'L1_layers_mol': 2, 'L1_dropout': 0.2657507926334358, 'L1_out_dim': 128, 'L2_hidden_dim': 160, 'L2_layers_atom': 1, 'L2_layers_mol': 1, 'L2_out_dim': 128, 'L2_dropout': 0.11853200951952515, 'L3_hidden_dim': 80, 'L3_layers_atom': 3, 'L3_layers_mol': 1, 'L3_out_dim': 96, 'L3_dropout': 0.007173801273520325, 'n_mlp_layers': 1, 'mlp_dim_0': 288, 'num_heads': 1, 'final_dropout': 0.28429174897259957, 'train_learning_rate': 0.0003876941703113337, 'train_lr_reduce': 0.6}. Best is trial 1286 with value: 0.03935658559203148.
[I 2024-12-26 06:29:28,689] Trial 1956 finished with value: 0.10371861606836319 and parameters: {'L1_hidden_dim': 112, 'L1_layers_atom': 2, 'L1_layers_mol': 2, 'L1_dropout': 0.26668371780982325, 'L1_out_dim': 64, 'L2_hidden_dim': 160, 'L2_layers_atom': 1, 'L2_layers_mol': 3, 'L2_out_dim': 80, 'L2_dropout': 0.10674906106123606, 'L3_hidden_dim': 64, 'L3_layers_atom': 2, 'L3_layers_mol': 3, 'L3_out_dim': 96, 'L3_dropout': 0.18464834958357967, 'n_mlp_layers': 1, 'mlp_dim_0': 288, 'num_heads': 1, 'final_dropout': 0.04459094981651013, 'train_learning_rate': 0.0007862488968217127, 'train_lr_reduce': 0.6}. Best is trial 1286 with value: 0.03935658559203148.
[I 2024-12-26 06:30:30,685] Trial 1957 finished with value: 0.10675272345542908 and parameters: {'L1_hidden_dim': 96, 'L1_layers_atom': 3, 'L1_layers_mol': 3, 'L1_dropout': 0.29653609582802976, 'L1_out_dim': 112, 'L2_hidden_dim': 256, 'L2_layers_atom': 1, 'L2_layers_mol': 3, 'L2_out_dim': 32, 'L2_dropout': 0.022692620590733466, 'L3_hidden_dim': 48, 'L3_layers_atom': 4, 'L3_layers_mol': 3, 'L3_out_dim': 80, 'L3_dropout': 0.03916344621675428, 'n_mlp_layers': 3, 'mlp_dim_0': 384, 'mlp_dim_1': 504, 'mlp_dim_2': 72, 'num_heads': 1, 'final_dropout': 0.204267470280724, 'train_learning_rate': 0.005193631746665039, 'train_lr_reduce': 0.6}. Best is trial 1286 with value: 0.03935658559203148.
[I 2024-12-26 06:30:32,261] Trial 1958 finished with value: 0.06742534041404724 and parameters: {'L1_hidden_dim': 64, 'L1_layers_atom': 4, 'L1_layers_mol': 3, 'L1_dropout': 0.28747100415422133, 'L1_out_dim': 112, 'L2_hidden_dim': 192, 'L2_layers_atom': 2, 'L2_layers_mol': 3, 'L2_out_dim': 128, 'L2_dropout': 0.027850319329789232, 'L3_hidden_dim': 128, 'L3_layers_atom': 3, 'L3_layers_mol': 1, 'L3_out_dim': 64, 'L3_dropout': 0.14502552079338077, 'n_mlp_layers': 2, 'mlp_dim_0': 168, 'mlp_dim_1': 504, 'num_heads': 2, 'final_dropout': 0.17993738040328264, 'train_learning_rate': 0.0008035414866601744, 'train_lr_reduce': 0.6}. Best is trial 1286 with value: 0.03935658559203148.
[I 2024-12-26 06:31:24,712] Trial 1959 finished with value: 0.06979499757289886 and parameters: {'L1_hidden_dim': 64, 'L1_layers_atom': 2, 'L1_layers_mol': 1, 'L1_dropout': 0.20867441752084662, 'L1_out_dim': 96, 'L2_hidden_dim': 192, 'L2_layers_atom': 2, 'L2_layers_mol': 3, 'L2_out_dim': 80, 'L2_dropout': 0.01756540548259598, 'L3_hidden_dim': 48, 'L3_layers_atom': 4, 'L3_layers_mol': 4, 'L3_out_dim': 128, 'L3_dropout': 0.2803756170244641, 'n_mlp_layers': 2, 'mlp_dim_0': 176, 'mlp_dim_1': 512, 'num_heads': 2, 'final_dropout': 0.09830128220056997, 'train_learning_rate': 0.005524393478596872, 'train_lr_reduce': 0.6}. Best is trial 1286 with value: 0.03935658559203148.
[I 2024-12-26 06:31:40,250] Trial 1961 finished with value: 0.0692937895655632 and parameters: {'L1_hidden_dim': 64, 'L1_layers_atom': 2, 'L1_layers_mol': 2, 'L1_dropout': 0.2390802808732889, 'L1_out_dim': 80, 'L2_hidden_dim': 256, 'L2_layers_atom': 1, 'L2_layers_mol': 3, 'L2_out_dim': 64, 'L2_dropout': 0.06392427729764802, 'L3_hidden_dim': 64, 'L3_layers_atom': 4, 'L3_layers_mol': 3, 'L3_out_dim': 96, 'L3_dropout': 0.220329912316566, 'n_mlp_layers': 2, 'mlp_dim_0': 160, 'mlp_dim_1': 512, 'num_heads': 2, 'final_dropout': 0.20271588947495145, 'train_learning_rate': 0.001156987036314238, 'train_lr_reduce': 0.6}. Best is trial 1286 with value: 0.03935658559203148.
[I 2024-12-26 06:31:56,637] Trial 1960 finished with value: 0.07749266922473907 and parameters: {'L1_hidden_dim': 96, 'L1_layers_atom': 4, 'L1_layers_mol': 2, 'L1_dropout': 0.2917794513499558, 'L1_out_dim': 128, 'L2_hidden_dim': 240, 'L2_layers_atom': 4, 'L2_layers_mol': 1, 'L2_out_dim': 80, 'L2_dropout': 0.01490722130909638, 'L3_hidden_dim': 96, 'L3_layers_atom': 3, 'L3_layers_mol': 1, 'L3_out_dim': 112, 'L3_dropout': 0.23697265880375867, 'n_mlp_layers': 3, 'mlp_dim_0': 112, 'mlp_dim_1': 480, 'mlp_dim_2': 232, 'num_heads': 1, 'final_dropout': 0.05770841521375222, 'train_learning_rate': 0.0021384469699951875, 'train_lr_reduce': 0.6}. Best is trial 1286 with value: 0.03935658559203148.
