[I 2024-12-26 10:34:41,401] Trial 2442 finished with value: 0.10088099539279938 and parameters: {'L1_hidden_dim': 96, 'L1_layers_atom': 4, 'L1_layers_mol': 4, 'L1_dropout': 0.17171345540386368, 'L1_out_dim': 112, 'L2_hidden_dim': 64, 'L2_layers_atom': 2, 'L2_layers_mol': 1, 'L2_out_dim': 96, 'L2_dropout': 0.021421664503955842, 'L3_hidden_dim': 80, 'L3_layers_atom': 4, 'L3_layers_mol': 2, 'L3_out_dim': 32, 'L3_dropout': 0.17789396345773445, 'n_mlp_layers': 2, 'mlp_dim_0': 208, 'mlp_dim_1': 448, 'num_heads': 1, 'final_dropout': 0.09122348872844131, 'train_learning_rate': 0.0020611300585956257, 'train_lr_reduce': 0.6}. Best is trial 1286 with value: 0.03935658559203148.
[I 2024-12-26 10:35:22,494] Trial 2443 finished with value: 0.08084174245595932 and parameters: {'L1_hidden_dim': 80, 'L1_layers_atom': 4, 'L1_layers_mol': 4, 'L1_dropout': 0.23441074226103098, 'L1_out_dim': 112, 'L2_hidden_dim': 144, 'L2_layers_atom': 1, 'L2_layers_mol': 1, 'L2_out_dim': 96, 'L2_dropout': 0.011932835209740129, 'L3_hidden_dim': 112, 'L3_layers_atom': 4, 'L3_layers_mol': 2, 'L3_out_dim': 48, 'L3_dropout': 0.21346393792370286, 'n_mlp_layers': 1, 'mlp_dim_0': 224, 'num_heads': 1, 'final_dropout': 0.07819304523836998, 'train_learning_rate': 0.0023971518523531994, 'train_lr_reduce': 0.6}. Best is trial 1286 with value: 0.03935658559203148.
[I 2024-12-26 10:35:54,429] Trial 2444 finished with value: 0.16241677105426788 and parameters: {'L1_hidden_dim': 144, 'L1_layers_atom': 2, 'L1_layers_mol': 1, 'L1_dropout': 0.26339734411255156, 'L1_out_dim': 32, 'L2_hidden_dim': 64, 'L2_layers_atom': 3, 'L2_layers_mol': 2, 'L2_out_dim': 112, 'L2_dropout': 0.1851664770770604, 'L3_hidden_dim': 128, 'L3_layers_atom': 2, 'L3_layers_mol': 4, 'L3_out_dim': 32, 'L3_dropout': 0.17340143055115032, 'n_mlp_layers': 2, 'mlp_dim_0': 176, 'mlp_dim_1': 312, 'num_heads': 1, 'final_dropout': 0.03106960759035446, 'train_learning_rate': 0.0010949111800871443, 'train_lr_reduce': 0.6}. Best is trial 1286 with value: 0.03935658559203148.
[I 2024-12-26 10:36:49,467] Trial 2446 finished with value: 0.06351429224014282 and parameters: {'L1_hidden_dim': 80, 'L1_layers_atom': 4, 'L1_layers_mol': 4, 'L1_dropout': 0.21970808521020785, 'L1_out_dim': 48, 'L2_hidden_dim': 96, 'L2_layers_atom': 2, 'L2_layers_mol': 3, 'L2_out_dim': 64, 'L2_dropout': 0.1361688604051964, 'L3_hidden_dim': 128, 'L3_layers_atom': 4, 'L3_layers_mol': 2, 'L3_out_dim': 48, 'L3_dropout': 0.21056263398762, 'n_mlp_layers': 3, 'mlp_dim_0': 168, 'mlp_dim_1': 480, 'mlp_dim_2': 336, 'num_heads': 1, 'final_dropout': 0.08065128664440682, 'train_learning_rate': 0.0028912507472707654, 'train_lr_reduce': 0.6}. Best is trial 1286 with value: 0.03935658559203148.
[I 2024-12-26 10:37:21,377] Trial 2445 finished with value: 0.06368447840213776 and parameters: {'L1_hidden_dim': 80, 'L1_layers_atom': 4, 'L1_layers_mol': 4, 'L1_dropout': 0.2725608762167405, 'L1_out_dim': 32, 'L2_hidden_dim': 160, 'L2_layers_atom': 3, 'L2_layers_mol': 2, 'L2_out_dim': 64, 'L2_dropout': 0.05799063850572454, 'L3_hidden_dim': 128, 'L3_layers_atom': 3, 'L3_layers_mol': 1, 'L3_out_dim': 32, 'L3_dropout': 0.24813181750117294, 'n_mlp_layers': 3, 'mlp_dim_0': 360, 'mlp_dim_1': 392, 'mlp_dim_2': 208, 'num_heads': 2, 'final_dropout': 0.10624418604700181, 'train_learning_rate': 0.0007963143529329323, 'train_lr_reduce': 0.6}. Best is trial 1286 with value: 0.03935658559203148.
[I 2024-12-26 10:37:27,128] Trial 2447 finished with value: 0.06552117317914963 and parameters: {'L1_hidden_dim': 64, 'L1_layers_atom': 4, 'L1_layers_mol': 4, 'L1_dropout': 0.26731039442935417, 'L1_out_dim': 32, 'L2_hidden_dim': 128, 'L2_layers_atom': 2, 'L2_layers_mol': 3, 'L2_out_dim': 64, 'L2_dropout': 0.06475886602579403, 'L3_hidden_dim': 112, 'L3_layers_atom': 4, 'L3_layers_mol': 2, 'L3_out_dim': 32, 'L3_dropout': 0.22164558989051075, 'n_mlp_layers': 3, 'mlp_dim_0': 312, 'mlp_dim_1': 416, 'mlp_dim_2': 496, 'num_heads': 1, 'final_dropout': 0.06113435824831864, 'train_learning_rate': 0.0014773698434616233, 'train_lr_reduce': 0.6}. Best is trial 1286 with value: 0.03935658559203148.
[I 2024-12-26 10:38:41,310] Trial 2448 finished with value: 0.1671133190393448 and parameters: {'L1_hidden_dim': 80, 'L1_layers_atom': 1, 'L1_layers_mol': 3, 'L1_dropout': 0.28002906658167875, 'L1_out_dim': 96, 'L2_hidden_dim': 208, 'L2_layers_atom': 1, 'L2_layers_mol': 3, 'L2_out_dim': 96, 'L2_dropout': 0.06873595290126527, 'L3_hidden_dim': 128, 'L3_layers_atom': 3, 'L3_layers_mol': 1, 'L3_out_dim': 128, 'L3_dropout': 0.1864941970424631, 'n_mlp_layers': 3, 'mlp_dim_0': 192, 'mlp_dim_1': 512, 'mlp_dim_2': 208, 'num_heads': 1, 'final_dropout': 0.16584039362716904, 'train_learning_rate': 0.008735115705368082, 'train_lr_reduce': 0.6}. Best is trial 1286 with value: 0.03935658559203148.
[I 2024-12-26 10:38:43,423] Trial 2450 finished with value: 0.07944980263710022 and parameters: {'L1_hidden_dim': 64, 'L1_layers_atom': 3, 'L1_layers_mol': 2, 'L1_dropout': 0.2776162782370278, 'L1_out_dim': 96, 'L2_hidden_dim': 256, 'L2_layers_atom': 2, 'L2_layers_mol': 3, 'L2_out_dim': 32, 'L2_dropout': 0.05859498392242547, 'L3_hidden_dim': 64, 'L3_layers_atom': 3, 'L3_layers_mol': 3, 'L3_out_dim': 112, 'L3_dropout': 0.05090838577155094, 'n_mlp_layers': 3, 'mlp_dim_0': 368, 'mlp_dim_1': 360, 'mlp_dim_2': 304, 'num_heads': 1, 'final_dropout': 0.1866493718647882, 'train_learning_rate': 0.0032857176816607683, 'train_lr_reduce': 0.6}. Best is trial 1286 with value: 0.03935658559203148.
[I 2024-12-26 10:38:49,742] Trial 2449 finished with value: 0.10614244639873505 and parameters: {'L1_hidden_dim': 160, 'L1_layers_atom': 3, 'L1_layers_mol': 4, 'L1_dropout': 0.29369536036561783, 'L1_out_dim': 64, 'L2_hidden_dim': 128, 'L2_layers_atom': 2, 'L2_layers_mol': 4, 'L2_out_dim': 48, 'L2_dropout': 0.0549112947097679, 'L3_hidden_dim': 112, 'L3_layers_atom': 4, 'L3_layers_mol': 1, 'L3_out_dim': 32, 'L3_dropout': 0.20257768403003942, 'n_mlp_layers': 3, 'mlp_dim_0': 264, 'mlp_dim_1': 320, 'mlp_dim_2': 192, 'num_heads': 1, 'final_dropout': 0.1020606223346889, 'train_learning_rate': 0.0006094263384780463, 'train_lr_reduce': 0.6}. Best is trial 1286 with value: 0.03935658559203148.
[I 2024-12-26 10:40:22,598] Trial 2452 finished with value: 0.06241116672754288 and parameters: {'L1_hidden_dim': 64, 'L1_layers_atom': 4, 'L1_layers_mol': 4, 'L1_dropout': 0.2612756663009425, 'L1_out_dim': 80, 'L2_hidden_dim': 192, 'L2_layers_atom': 2, 'L2_layers_mol': 3, 'L2_out_dim': 48, 'L2_dropout': 0.008997128702967011, 'L3_hidden_dim': 64, 'L3_layers_atom': 4, 'L3_layers_mol': 1, 'L3_out_dim': 48, 'L3_dropout': 0.11709253949828363, 'n_mlp_layers': 3, 'mlp_dim_0': 376, 'mlp_dim_1': 448, 'mlp_dim_2': 248, 'num_heads': 1, 'final_dropout': 0.11089987713588614, 'train_learning_rate': 0.0025999519335026203, 'train_lr_reduce': 0.6}. Best is trial 1286 with value: 0.03935658559203148.
[I 2024-12-26 10:40:26,333] Trial 2451 finished with value: 0.21950186789035797 and parameters: {'L1_hidden_dim': 96, 'L1_layers_atom': 2, 'L1_layers_mol': 2, 'L1_dropout': 0.19656006036741264, 'L1_out_dim': 32, 'L2_hidden_dim': 224, 'L2_layers_atom': 4, 'L2_layers_mol': 4, 'L2_out_dim': 48, 'L2_dropout': 0.26095770360642856, 'L3_hidden_dim': 96, 'L3_layers_atom': 2, 'L3_layers_mol': 1, 'L3_out_dim': 112, 'L3_dropout': 0.04953112056923398, 'n_mlp_layers': 1, 'mlp_dim_0': 88, 'num_heads': 1, 'final_dropout': 0.19524298494693554, 'train_learning_rate': 0.00012196109467448859, 'train_lr_reduce': 0.6}. Best is trial 1286 with value: 0.03935658559203148.
[I 2024-12-26 10:40:44,181] Trial 2453 finished with value: 0.17010028660297394 and parameters: {'L1_hidden_dim': 64, 'L1_layers_atom': 1, 'L1_layers_mol': 4, 'L1_dropout': 0.1853082859366051, 'L1_out_dim': 48, 'L2_hidden_dim': 96, 'L2_layers_atom': 2, 'L2_layers_mol': 1, 'L2_out_dim': 64, 'L2_dropout': 0.16304152454103144, 'L3_hidden_dim': 80, 'L3_layers_atom': 2, 'L3_layers_mol': 3, 'L3_out_dim': 48, 'L3_dropout': 0.11176678779233518, 'n_mlp_layers': 3, 'mlp_dim_0': 440, 'mlp_dim_1': 288, 'mlp_dim_2': 184, 'num_heads': 2, 'final_dropout': 0.06801818652168275, 'train_learning_rate': 0.00013217625788059618, 'train_lr_reduce': 0.6}. Best is trial 1286 with value: 0.03935658559203148.
[I 2024-12-26 10:41:57,363] Trial 2455 finished with value: 0.09594130516052246 and parameters: {'L1_hidden_dim': 128, 'L1_layers_atom': 3, 'L1_layers_mol': 4, 'L1_dropout': 0.1971649591504497, 'L1_out_dim': 32, 'L2_hidden_dim': 208, 'L2_layers_atom': 1, 'L2_layers_mol': 4, 'L2_out_dim': 96, 'L2_dropout': 0.1705843770961916, 'L3_hidden_dim': 48, 'L3_layers_atom': 1, 'L3_layers_mol': 1, 'L3_out_dim': 48, 'L3_dropout': 0.0354409156645136, 'n_mlp_layers': 1, 'mlp_dim_0': 144, 'num_heads': 2, 'final_dropout': 0.26718689252159666, 'train_learning_rate': 0.0015120706489464293, 'train_lr_reduce': 0.6}. Best is trial 1286 with value: 0.03935658559203148.
[I 2024-12-26 10:42:00,451] Trial 2454 finished with value: 0.13335800170898438 and parameters: {'L1_hidden_dim': 128, 'L1_layers_atom': 4, 'L1_layers_mol': 4, 'L1_dropout': 0.17926311334368966, 'L1_out_dim': 128, 'L2_hidden_dim': 144, 'L2_layers_atom': 1, 'L2_layers_mol': 1, 'L2_out_dim': 112, 'L2_dropout': 0.03823013503935137, 'L3_hidden_dim': 96, 'L3_layers_atom': 4, 'L3_layers_mol': 1, 'L3_out_dim': 64, 'L3_dropout': 0.1820187943370407, 'n_mlp_layers': 2, 'mlp_dim_0': 208, 'mlp_dim_1': 392, 'num_heads': 1, 'final_dropout': 0.078694014810353, 'train_learning_rate': 0.006327730516308749, 'train_lr_reduce': 0.6}. Best is trial 1286 with value: 0.03935658559203148.
[I 2024-12-26 10:42:15,983] Trial 2457 finished with value: 1.0236467123031616 and parameters: {'L1_hidden_dim': 64, 'L1_layers_atom': 4, 'L1_layers_mol': 2, 'L1_dropout': 0.18815615690387483, 'L1_out_dim': 32, 'L2_hidden_dim': 208, 'L2_layers_atom': 3, 'L2_layers_mol': 3, 'L2_out_dim': 32, 'L2_dropout': 0.08112361690612524, 'L3_hidden_dim': 80, 'L3_layers_atom': 2, 'L3_layers_mol': 3, 'L3_out_dim': 48, 'L3_dropout': 0.043129599743064274, 'n_mlp_layers': 2, 'mlp_dim_0': 440, 'mlp_dim_1': 480, 'num_heads': 1, 'final_dropout': 0.149166139627484, 'train_learning_rate': 0.0011427633391323836, 'train_lr_reduce': 0.6}. Best is trial 1286 with value: 0.03935658559203148.
[I 2024-12-26 10:42:27,484] Trial 2456 finished with value: 0.06428167223930359 and parameters: {'L1_hidden_dim': 80, 'L1_layers_atom': 4, 'L1_layers_mol': 1, 'L1_dropout': 0.26101736311401114, 'L1_out_dim': 128, 'L2_hidden_dim': 144, 'L2_layers_atom': 3, 'L2_layers_mol': 4, 'L2_out_dim': 128, 'L2_dropout': 0.05308493729179783, 'L3_hidden_dim': 128, 'L3_layers_atom': 2, 'L3_layers_mol': 2, 'L3_out_dim': 80, 'L3_dropout': 0.28986088538599597, 'n_mlp_layers': 3, 'mlp_dim_0': 296, 'mlp_dim_1': 192, 'mlp_dim_2': 184, 'num_heads': 1, 'final_dropout': 0.06432564251250658, 'train_learning_rate': 0.0002839129835305498, 'train_lr_reduce': 0.6}. Best is trial 1286 with value: 0.03935658559203148.
[I 2024-12-26 10:44:03,128] Trial 2460 finished with value: 0.07614175975322723 and parameters: {'L1_hidden_dim': 64, 'L1_layers_atom': 2, 'L1_layers_mol': 3, 'L1_dropout': 0.25566301615238896, 'L1_out_dim': 112, 'L2_hidden_dim': 176, 'L2_layers_atom': 1, 'L2_layers_mol': 4, 'L2_out_dim': 96, 'L2_dropout': 0.0017878343565075894, 'L3_hidden_dim': 112, 'L3_layers_atom': 3, 'L3_layers_mol': 1, 'L3_out_dim': 128, 'L3_dropout': 0.21593741200303207, 'n_mlp_layers': 2, 'mlp_dim_0': 272, 'mlp_dim_1': 336, 'num_heads': 1, 'final_dropout': 0.060291571745019326, 'train_learning_rate': 0.0008249797291814588, 'train_lr_reduce': 0.6}. Best is trial 1286 with value: 0.03935658559203148.
[I 2024-12-26 10:44:13,031] Trial 2458 finished with value: 0.19137775897979736 and parameters: {'L1_hidden_dim': 224, 'L1_layers_atom': 4, 'L1_layers_mol': 3, 'L1_dropout': 0.1096960789339499, 'L1_out_dim': 96, 'L2_hidden_dim': 240, 'L2_layers_atom': 2, 'L2_layers_mol': 3, 'L2_out_dim': 64, 'L2_dropout': 0.16010184199362823, 'L3_hidden_dim': 32, 'L3_layers_atom': 2, 'L3_layers_mol': 4, 'L3_out_dim': 32, 'L3_dropout': 0.012722665039041292, 'n_mlp_layers': 2, 'mlp_dim_0': 488, 'mlp_dim_1': 440, 'num_heads': 2, 'final_dropout': 0.0031937357122341636, 'train_learning_rate': 0.007057196856301234, 'train_lr_reduce': 0.6}. Best is trial 1286 with value: 0.03935658559203148.
[I 2024-12-26 10:44:28,680] Trial 2459 finished with value: 0.08565597981214523 and parameters: {'L1_hidden_dim': 112, 'L1_layers_atom': 3, 'L1_layers_mol': 3, 'L1_dropout': 0.2085879275093022, 'L1_out_dim': 96, 'L2_hidden_dim': 224, 'L2_layers_atom': 2, 'L2_layers_mol': 3, 'L2_out_dim': 48, 'L2_dropout': 0.03407445158892434, 'L3_hidden_dim': 48, 'L3_layers_atom': 4, 'L3_layers_mol': 2, 'L3_out_dim': 96, 'L3_dropout': 0.0012850103495960358, 'n_mlp_layers': 3, 'mlp_dim_0': 368, 'mlp_dim_1': 408, 'mlp_dim_2': 368, 'num_heads': 1, 'final_dropout': 0.09156456144740172, 'train_learning_rate': 0.003074755195053336, 'train_lr_reduce': 0.6}. Best is trial 1286 with value: 0.03935658559203148.
[I 2024-12-26 10:45:17,949] Trial 2461 finished with value: 0.09411978721618652 and parameters: {'L1_hidden_dim': 224, 'L1_layers_atom': 1, 'L1_layers_mol': 4, 'L1_dropout': 0.12486724130532197, 'L1_out_dim': 48, 'L2_hidden_dim': 80, 'L2_layers_atom': 1, 'L2_layers_mol': 4, 'L2_out_dim': 80, 'L2_dropout': 0.19717882559725405, 'L3_hidden_dim': 32, 'L3_layers_atom': 2, 'L3_layers_mol': 4, 'L3_out_dim': 112, 'L3_dropout': 0.08884323548069217, 'n_mlp_layers': 1, 'mlp_dim_0': 432, 'num_heads': 1, 'final_dropout': 0.11285251106856012, 'train_learning_rate': 0.009511512267823848, 'train_lr_reduce': 0.6}. Best is trial 1286 with value: 0.03935658559203148.
[I 2024-12-26 10:45:50,643] Trial 2462 finished with value: 0.09453707933425903 and parameters: {'L1_hidden_dim': 64, 'L1_layers_atom': 2, 'L1_layers_mol': 3, 'L1_dropout': 0.2576270048618273, 'L1_out_dim': 128, 'L2_hidden_dim': 240, 'L2_layers_atom': 2, 'L2_layers_mol': 4, 'L2_out_dim': 112, 'L2_dropout': 0.011840577376552433, 'L3_hidden_dim': 96, 'L3_layers_atom': 4, 'L3_layers_mol': 2, 'L3_out_dim': 96, 'L3_dropout': 0.29431433329609136, 'n_mlp_layers': 3, 'mlp_dim_0': 64, 'mlp_dim_1': 368, 'mlp_dim_2': 288, 'num_heads': 1, 'final_dropout': 0.15272197285084982, 'train_learning_rate': 0.004776909203548029, 'train_lr_reduce': 0.6}. Best is trial 1286 with value: 0.03935658559203148.
[I 2024-12-26 10:45:54,304] Trial 2463 finished with value: 0.10975874960422516 and parameters: {'L1_hidden_dim': 256, 'L1_layers_atom': 2, 'L1_layers_mol': 1, 'L1_dropout': 0.20125692231012168, 'L1_out_dim': 64, 'L2_hidden_dim': 160, 'L2_layers_atom': 1, 'L2_layers_mol': 3, 'L2_out_dim': 48, 'L2_dropout': 0.28940059847185723, 'L3_hidden_dim': 48, 'L3_layers_atom': 2, 'L3_layers_mol': 2, 'L3_out_dim': 96, 'L3_dropout': 0.08664501794215983, 'n_mlp_layers': 3, 'mlp_dim_0': 32, 'mlp_dim_1': 472, 'mlp_dim_2': 256, 'num_heads': 1, 'final_dropout': 0.27556115836708606, 'train_learning_rate': 0.0011047312408091242, 'train_lr_reduce': 0.6}. Best is trial 1286 with value: 0.03935658559203148.
[I 2024-12-26 10:46:58,094] Trial 2464 finished with value: 0.08710668981075287 and parameters: {'L1_hidden_dim': 96, 'L1_layers_atom': 1, 'L1_layers_mol': 2, 'L1_dropout': 0.18889537062896547, 'L1_out_dim': 112, 'L2_hidden_dim': 256, 'L2_layers_atom': 4, 'L2_layers_mol': 3, 'L2_out_dim': 64, 'L2_dropout': 0.03516048028605731, 'L3_hidden_dim': 80, 'L3_layers_atom': 2, 'L3_layers_mol': 1, 'L3_out_dim': 96, 'L3_dropout': 0.12500641785551445, 'n_mlp_layers': 2, 'mlp_dim_0': 376, 'mlp_dim_1': 288, 'num_heads': 1, 'final_dropout': 0.07343938594028389, 'train_learning_rate': 0.0030074843926542042, 'train_lr_reduce': 0.6}. Best is trial 1286 with value: 0.03935658559203148.
[I 2024-12-26 10:48:05,005] Trial 2465 finished with value: 0.2985761761665344 and parameters: {'L1_hidden_dim': 80, 'L1_layers_atom': 3, 'L1_layers_mol': 4, 'L1_dropout': 0.04437117613009292, 'L1_out_dim': 32, 'L2_hidden_dim': 160, 'L2_layers_atom': 2, 'L2_layers_mol': 1, 'L2_out_dim': 112, 'L2_dropout': 0.2610874011665677, 'L3_hidden_dim': 96, 'L3_layers_atom': 2, 'L3_layers_mol': 4, 'L3_out_dim': 80, 'L3_dropout': 0.14178610206953063, 'n_mlp_layers': 3, 'mlp_dim_0': 104, 'mlp_dim_1': 440, 'mlp_dim_2': 168, 'num_heads': 1, 'final_dropout': 0.13443286607382862, 'train_learning_rate': 0.00019234273064310095, 'train_lr_reduce': 0.6}. Best is trial 1286 with value: 0.03935658559203148.
[I 2024-12-26 10:48:08,657] Trial 2467 finished with value: 0.08940499275922775 and parameters: {'L1_hidden_dim': 128, 'L1_layers_atom': 4, 'L1_layers_mol': 4, 'L1_dropout': 0.03865816597094396, 'L1_out_dim': 112, 'L2_hidden_dim': 128, 'L2_layers_atom': 1, 'L2_layers_mol': 2, 'L2_out_dim': 96, 'L2_dropout': 0.02173516545880732, 'L3_hidden_dim': 112, 'L3_layers_atom': 3, 'L3_layers_mol': 3, 'L3_out_dim': 64, 'L3_dropout': 0.2667290021482285, 'n_mlp_layers': 2, 'mlp_dim_0': 384, 'mlp_dim_1': 376, 'num_heads': 1, 'final_dropout': 0.10118084491866461, 'train_learning_rate': 0.002490854760060824, 'train_lr_reduce': 0.6}. Best is trial 1286 with value: 0.03935658559203148.
[I 2024-12-26 10:48:28,445] Trial 2466 finished with value: 0.2602638006210327 and parameters: {'L1_hidden_dim': 144, 'L1_layers_atom': 3, 'L1_layers_mol': 1, 'L1_dropout': 0.08945730794463111, 'L1_out_dim': 112, 'L2_hidden_dim': 144, 'L2_layers_atom': 3, 'L2_layers_mol': 4, 'L2_out_dim': 48, 'L2_dropout': 0.20438380223968536, 'L3_hidden_dim': 96, 'L3_layers_atom': 4, 'L3_layers_mol': 1, 'L3_out_dim': 112, 'L3_dropout': 0.1280971076708055, 'n_mlp_layers': 1, 'mlp_dim_0': 320, 'num_heads': 2, 'final_dropout': 0.2891025988341064, 'train_learning_rate': 0.00019269196188027962, 'train_lr_reduce': 0.6}. Best is trial 1286 with value: 0.03935658559203148.
[I 2024-12-26 10:49:08,595] Trial 2470 finished with value: 0.5203274488449097 and parameters: {'L1_hidden_dim': 240, 'L1_layers_atom': 1, 'L1_layers_mol': 4, 'L1_dropout': 0.27689588160927525, 'L1_out_dim': 32, 'L2_hidden_dim': 144, 'L2_layers_atom': 4, 'L2_layers_mol': 4, 'L2_out_dim': 64, 'L2_dropout': 0.19746455874050636, 'L3_hidden_dim': 96, 'L3_layers_atom': 3, 'L3_layers_mol': 4, 'L3_out_dim': 128, 'L3_dropout': 0.18199259111283014, 'n_mlp_layers': 1, 'mlp_dim_0': 48, 'num_heads': 1, 'final_dropout': 0.1338653343658771, 'train_learning_rate': 0.0007062449466280397, 'train_lr_reduce': 0.6}. Best is trial 1286 with value: 0.03935658559203148.
[I 2024-12-26 10:50:02,895] Trial 2468 finished with value: 0.06290591508150101 and parameters: {'L1_hidden_dim': 128, 'L1_layers_atom': 3, 'L1_layers_mol': 4, 'L1_dropout': 0.27621860006339244, 'L1_out_dim': 128, 'L2_hidden_dim': 192, 'L2_layers_atom': 1, 'L2_layers_mol': 1, 'L2_out_dim': 128, 'L2_dropout': 0.03161290905378904, 'L3_hidden_dim': 128, 'L3_layers_atom': 3, 'L3_layers_mol': 1, 'L3_out_dim': 128, 'L3_dropout': 0.2410425055734042, 'n_mlp_layers': 2, 'mlp_dim_0': 40, 'mlp_dim_1': 480, 'num_heads': 2, 'final_dropout': 0.06114186433705549, 'train_learning_rate': 0.006617402697764513, 'train_lr_reduce': 0.6}. Best is trial 1286 with value: 0.03935658559203148.
[I 2024-12-26 10:50:13,627] Trial 2469 finished with value: 0.18044285476207733 and parameters: {'L1_hidden_dim': 224, 'L1_layers_atom': 4, 'L1_layers_mol': 2, 'L1_dropout': 0.1614583571755514, 'L1_out_dim': 48, 'L2_hidden_dim': 128, 'L2_layers_atom': 1, 'L2_layers_mol': 4, 'L2_out_dim': 32, 'L2_dropout': 0.1807946868514611, 'L3_hidden_dim': 80, 'L3_layers_atom': 1, 'L3_layers_mol': 2, 'L3_out_dim': 96, 'L3_dropout': 0.29365882132516774, 'n_mlp_layers': 1, 'mlp_dim_0': 336, 'num_heads': 1, 'final_dropout': 0.2695284579825489, 'train_learning_rate': 0.00023934283705820175, 'train_lr_reduce': 0.6}. Best is trial 1286 with value: 0.03935658559203148.
[I 2024-12-26 10:50:26,501] Trial 2471 finished with value: 0.09479309618473053 and parameters: {'L1_hidden_dim': 96, 'L1_layers_atom': 4, 'L1_layers_mol': 4, 'L1_dropout': 0.18157585222300654, 'L1_out_dim': 128, 'L2_hidden_dim': 80, 'L2_layers_atom': 1, 'L2_layers_mol': 2, 'L2_out_dim': 112, 'L2_dropout': 0.0922508436431665, 'L3_hidden_dim': 128, 'L3_layers_atom': 4, 'L3_layers_mol': 2, 'L3_out_dim': 48, 'L3_dropout': 0.1335540380098449, 'n_mlp_layers': 1, 'mlp_dim_0': 224, 'num_heads': 1, 'final_dropout': 0.14833215103305009, 'train_learning_rate': 0.0076070279626153075, 'train_lr_reduce': 0.6}. Best is trial 1286 with value: 0.03935658559203148.
[I 2024-12-26 10:50:51,455] Trial 2472 finished with value: 0.0816182866692543 and parameters: {'L1_hidden_dim': 80, 'L1_layers_atom': 4, 'L1_layers_mol': 3, 'L1_dropout': 0.2915618605272827, 'L1_out_dim': 128, 'L2_hidden_dim': 112, 'L2_layers_atom': 1, 'L2_layers_mol': 1, 'L2_out_dim': 64, 'L2_dropout': 0.010148823981543483, 'L3_hidden_dim': 96, 'L3_layers_atom': 3, 'L3_layers_mol': 3, 'L3_out_dim': 48, 'L3_dropout': 0.19153156701588742, 'n_mlp_layers': 3, 'mlp_dim_0': 72, 'mlp_dim_1': 512, 'mlp_dim_2': 32, 'num_heads': 1, 'final_dropout': 0.15964665307207826, 'train_learning_rate': 0.0022286092000685445, 'train_lr_reduce': 0.6}. Best is trial 1286 with value: 0.03935658559203148.
[I 2024-12-26 10:51:12,398] Trial 2473 finished with value: 0.08549389243125916 and parameters: {'L1_hidden_dim': 144, 'L1_layers_atom': 1, 'L1_layers_mol': 2, 'L1_dropout': 0.2641390360917987, 'L1_out_dim': 112, 'L2_hidden_dim': 208, 'L2_layers_atom': 2, 'L2_layers_mol': 2, 'L2_out_dim': 128, 'L2_dropout': 0.05204784840694521, 'L3_hidden_dim': 112, 'L3_layers_atom': 2, 'L3_layers_mol': 1, 'L3_out_dim': 112, 'L3_dropout': 0.2372400137525463, 'n_mlp_layers': 2, 'mlp_dim_0': 136, 'mlp_dim_1': 328, 'num_heads': 1, 'final_dropout': 0.1923067282759173, 'train_learning_rate': 0.0010831568081218054, 'train_lr_reduce': 0.6}. Best is trial 1286 with value: 0.03935658559203148.
