[I 2024-12-26 04:54:42,476] Trial 1769 finished with value: 0.10493288189172745 and parameters: {'L1_hidden_dim': 112, 'L1_layers_atom': 1, 'L1_layers_mol': 3, 'L1_dropout': 0.2279776674026754, 'L1_out_dim': 80, 'L2_hidden_dim': 128, 'L2_layers_atom': 2, 'L2_layers_mol': 3, 'L2_out_dim': 96, 'L2_dropout': 0.05462647218963894, 'L3_hidden_dim': 128, 'L3_layers_atom': 4, 'L3_layers_mol': 2, 'L3_out_dim': 128, 'L3_dropout': 0.0869438316792753, 'n_mlp_layers': 2, 'mlp_dim_0': 280, 'mlp_dim_1': 480, 'num_heads': 2, 'final_dropout': 0.03310414934950111, 'train_learning_rate': 0.0010483288656156955, 'train_lr_reduce': 0.6}. Best is trial 1286 with value: 0.03935658559203148.
[I 2024-12-26 04:55:01,099] Trial 1770 finished with value: 0.06211400404572487 and parameters: {'L1_hidden_dim': 64, 'L1_layers_atom': 3, 'L1_layers_mol': 4, 'L1_dropout': 0.26571436615557065, 'L1_out_dim': 64, 'L2_hidden_dim': 176, 'L2_layers_atom': 1, 'L2_layers_mol': 1, 'L2_out_dim': 128, 'L2_dropout': 0.04939630851765477, 'L3_hidden_dim': 128, 'L3_layers_atom': 4, 'L3_layers_mol': 2, 'L3_out_dim': 80, 'L3_dropout': 0.1622373850188519, 'n_mlp_layers': 2, 'mlp_dim_0': 392, 'mlp_dim_1': 432, 'num_heads': 2, 'final_dropout': 0.11311897922114926, 'train_learning_rate': 0.0014492269547963948, 'train_lr_reduce': 0.6}. Best is trial 1286 with value: 0.03935658559203148.
[I 2024-12-26 04:56:08,365] Trial 1773 finished with value: 0.07331094145774841 and parameters: {'L1_hidden_dim': 64, 'L1_layers_atom': 4, 'L1_layers_mol': 2, 'L1_dropout': 0.25985691100618075, 'L1_out_dim': 96, 'L2_hidden_dim': 176, 'L2_layers_atom': 2, 'L2_layers_mol': 4, 'L2_out_dim': 128, 'L2_dropout': 0.011010392394749548, 'L3_hidden_dim': 96, 'L3_layers_atom': 3, 'L3_layers_mol': 1, 'L3_out_dim': 48, 'L3_dropout': 0.08509072175473792, 'n_mlp_layers': 1, 'mlp_dim_0': 160, 'num_heads': 2, 'final_dropout': 0.13746740355951267, 'train_learning_rate': 0.00133130879234254, 'train_lr_reduce': 0.6}. Best is trial 1286 with value: 0.03935658559203148.
[I 2024-12-26 04:56:11,267] Trial 1772 finished with value: 0.09520447254180908 and parameters: {'L1_hidden_dim': 128, 'L1_layers_atom': 2, 'L1_layers_mol': 3, 'L1_dropout': 0.22256243929077285, 'L1_out_dim': 80, 'L2_hidden_dim': 96, 'L2_layers_atom': 3, 'L2_layers_mol': 3, 'L2_out_dim': 112, 'L2_dropout': 0.06120995619665241, 'L3_hidden_dim': 128, 'L3_layers_atom': 3, 'L3_layers_mol': 2, 'L3_out_dim': 112, 'L3_dropout': 0.0829874397772919, 'n_mlp_layers': 2, 'mlp_dim_0': 400, 'mlp_dim_1': 272, 'num_heads': 1, 'final_dropout': 0.12595541750703199, 'train_learning_rate': 0.00046039285582198474, 'train_lr_reduce': 0.6}. Best is trial 1286 with value: 0.03935658559203148.
[I 2024-12-26 04:56:32,863] Trial 1774 finished with value: 0.0599297359585762 and parameters: {'L1_hidden_dim': 96, 'L1_layers_atom': 2, 'L1_layers_mol': 2, 'L1_dropout': 0.2777965676412793, 'L1_out_dim': 96, 'L2_hidden_dim': 144, 'L2_layers_atom': 1, 'L2_layers_mol': 1, 'L2_out_dim': 112, 'L2_dropout': 0.032520997130449994, 'L3_hidden_dim': 128, 'L3_layers_atom': 3, 'L3_layers_mol': 1, 'L3_out_dim': 112, 'L3_dropout': 0.05503020729177922, 'n_mlp_layers': 2, 'mlp_dim_0': 232, 'mlp_dim_1': 440, 'num_heads': 1, 'final_dropout': 0.07282700644575457, 'train_learning_rate': 0.0026960240231005982, 'train_lr_reduce': 0.6}. Best is trial 1286 with value: 0.03935658559203148.
[I 2024-12-26 04:57:23,325] Trial 1775 finished with value: 0.08508913964033127 and parameters: {'L1_hidden_dim': 80, 'L1_layers_atom': 2, 'L1_layers_mol': 3, 'L1_dropout': 0.16933560230217934, 'L1_out_dim': 80, 'L2_hidden_dim': 208, 'L2_layers_atom': 4, 'L2_layers_mol': 3, 'L2_out_dim': 96, 'L2_dropout': 0.050670547731343746, 'L3_hidden_dim': 96, 'L3_layers_atom': 1, 'L3_layers_mol': 1, 'L3_out_dim': 128, 'L3_dropout': 0.08448394538308254, 'n_mlp_layers': 3, 'mlp_dim_0': 424, 'mlp_dim_1': 312, 'mlp_dim_2': 304, 'num_heads': 1, 'final_dropout': 0.03589671529139854, 'train_learning_rate': 0.0023576852891677483, 'train_lr_reduce': 0.6}. Best is trial 1286 with value: 0.03935658559203148.
[I 2024-12-26 04:57:46,949] Trial 1776 finished with value: 0.0855221226811409 and parameters: {'L1_hidden_dim': 96, 'L1_layers_atom': 2, 'L1_layers_mol': 2, 'L1_dropout': 0.18594457467545408, 'L1_out_dim': 48, 'L2_hidden_dim': 176, 'L2_layers_atom': 2, 'L2_layers_mol': 3, 'L2_out_dim': 96, 'L2_dropout': 0.02332642726428587, 'L3_hidden_dim': 112, 'L3_layers_atom': 3, 'L3_layers_mol': 1, 'L3_out_dim': 128, 'L3_dropout': 0.0650745852781916, 'n_mlp_layers': 2, 'mlp_dim_0': 424, 'mlp_dim_1': 480, 'num_heads': 1, 'final_dropout': 0.0448229439245298, 'train_learning_rate': 0.0036439218026652516, 'train_lr_reduce': 0.6}. Best is trial 1286 with value: 0.03935658559203148.
[I 2024-12-26 04:58:30,705] Trial 1777 finished with value: 0.052126623690128326 and parameters: {'L1_hidden_dim': 112, 'L1_layers_atom': 4, 'L1_layers_mol': 4, 'L1_dropout': 0.24237522410421683, 'L1_out_dim': 80, 'L2_hidden_dim': 176, 'L2_layers_atom': 1, 'L2_layers_mol': 1, 'L2_out_dim': 128, 'L2_dropout': 0.04559876031630958, 'L3_hidden_dim': 112, 'L3_layers_atom': 3, 'L3_layers_mol': 1, 'L3_out_dim': 80, 'L3_dropout': 0.27141309317201967, 'n_mlp_layers': 2, 'mlp_dim_0': 32, 'mlp_dim_1': 408, 'num_heads': 2, 'final_dropout': 0.07881529533623916, 'train_learning_rate': 0.002787495917629614, 'train_lr_reduce': 0.6}. Best is trial 1286 with value: 0.03935658559203148.
[I 2024-12-26 04:59:01,225] Trial 1778 finished with value: 0.47609949111938477 and parameters: {'L1_hidden_dim': 64, 'L1_layers_atom': 1, 'L1_layers_mol': 2, 'L1_dropout': 0.2933074525117837, 'L1_out_dim': 64, 'L2_hidden_dim': 160, 'L2_layers_atom': 1, 'L2_layers_mol': 2, 'L2_out_dim': 96, 'L2_dropout': 0.05394040256101686, 'L3_hidden_dim': 96, 'L3_layers_atom': 3, 'L3_layers_mol': 2, 'L3_out_dim': 112, 'L3_dropout': 0.19595780725488224, 'n_mlp_layers': 3, 'mlp_dim_0': 312, 'mlp_dim_1': 336, 'mlp_dim_2': 32, 'num_heads': 1, 'final_dropout': 0.05116435811914966, 'train_learning_rate': 0.006860229657253939, 'train_lr_reduce': 0.6}. Best is trial 1286 with value: 0.03935658559203148.
[I 2024-12-26 04:59:30,061] Trial 1780 finished with value: 0.09280102699995041 and parameters: {'L1_hidden_dim': 80, 'L1_layers_atom': 3, 'L1_layers_mol': 3, 'L1_dropout': 0.25519935163117224, 'L1_out_dim': 96, 'L2_hidden_dim': 192, 'L2_layers_atom': 1, 'L2_layers_mol': 1, 'L2_out_dim': 96, 'L2_dropout': 0.06431299768720608, 'L3_hidden_dim': 96, 'L3_layers_atom': 4, 'L3_layers_mol': 1, 'L3_out_dim': 128, 'L3_dropout': 0.2271468592488275, 'n_mlp_layers': 2, 'mlp_dim_0': 472, 'mlp_dim_1': 64, 'num_heads': 1, 'final_dropout': 0.19690378138456288, 'train_learning_rate': 0.002768276966752785, 'train_lr_reduce': 0.6}. Best is trial 1286 with value: 0.03935658559203148.
[I 2024-12-26 05:00:20,388] Trial 1779 finished with value: 0.09696238487958908 and parameters: {'L1_hidden_dim': 208, 'L1_layers_atom': 2, 'L1_layers_mol': 2, 'L1_dropout': 0.21491561463943903, 'L1_out_dim': 128, 'L2_hidden_dim': 240, 'L2_layers_atom': 1, 'L2_layers_mol': 3, 'L2_out_dim': 112, 'L2_dropout': 0.03257688576854499, 'L3_hidden_dim': 32, 'L3_layers_atom': 2, 'L3_layers_mol': 1, 'L3_out_dim': 48, 'L3_dropout': 0.29701961697851476, 'n_mlp_layers': 1, 'mlp_dim_0': 384, 'num_heads': 2, 'final_dropout': 0.11408876160754491, 'train_learning_rate': 0.0009025605049258926, 'train_lr_reduce': 0.6}. Best is trial 1286 with value: 0.03935658559203148.
[I 2024-12-26 05:00:32,543] Trial 1782 finished with value: 0.08956364542245865 and parameters: {'L1_hidden_dim': 144, 'L1_layers_atom': 4, 'L1_layers_mol': 4, 'L1_dropout': 0.20836950887485564, 'L1_out_dim': 80, 'L2_hidden_dim': 112, 'L2_layers_atom': 1, 'L2_layers_mol': 1, 'L2_out_dim': 96, 'L2_dropout': 0.0025857599994016656, 'L3_hidden_dim': 112, 'L3_layers_atom': 3, 'L3_layers_mol': 1, 'L3_out_dim': 64, 'L3_dropout': 0.24400358226601487, 'n_mlp_layers': 2, 'mlp_dim_0': 80, 'mlp_dim_1': 440, 'num_heads': 2, 'final_dropout': 0.08186548018194235, 'train_learning_rate': 0.002650222226432428, 'train_lr_reduce': 0.6}. Best is trial 1286 with value: 0.03935658559203148.
[I 2024-12-26 05:00:52,970] Trial 1781 finished with value: 0.11459017544984818 and parameters: {'L1_hidden_dim': 240, 'L1_layers_atom': 4, 'L1_layers_mol': 1, 'L1_dropout': 0.09885322476066505, 'L1_out_dim': 128, 'L2_hidden_dim': 176, 'L2_layers_atom': 1, 'L2_layers_mol': 4, 'L2_out_dim': 80, 'L2_dropout': 0.2666776209806681, 'L3_hidden_dim': 48, 'L3_layers_atom': 2, 'L3_layers_mol': 1, 'L3_out_dim': 80, 'L3_dropout': 0.14141157248331532, 'n_mlp_layers': 3, 'mlp_dim_0': 336, 'mlp_dim_1': 440, 'mlp_dim_2': 248, 'num_heads': 2, 'final_dropout': 0.11320167204685555, 'train_learning_rate': 0.0005559763629708886, 'train_lr_reduce': 0.6}. Best is trial 1286 with value: 0.03935658559203148.
[I 2024-12-26 05:02:12,100] Trial 1783 finished with value: 0.0788634791970253 and parameters: {'L1_hidden_dim': 112, 'L1_layers_atom': 1, 'L1_layers_mol': 4, 'L1_dropout': 0.2730918209001828, 'L1_out_dim': 80, 'L2_hidden_dim': 144, 'L2_layers_atom': 2, 'L2_layers_mol': 2, 'L2_out_dim': 96, 'L2_dropout': 0.026730959427030423, 'L3_hidden_dim': 128, 'L3_layers_atom': 3, 'L3_layers_mol': 1, 'L3_out_dim': 112, 'L3_dropout': 0.12349231845649658, 'n_mlp_layers': 1, 'mlp_dim_0': 392, 'num_heads': 1, 'final_dropout': 0.07330916547796186, 'train_learning_rate': 0.0008555349601544401, 'train_lr_reduce': 0.6}. Best is trial 1286 with value: 0.03935658559203148.
[I 2024-12-26 05:02:15,314] Trial 1784 finished with value: 0.07321798801422119 and parameters: {'L1_hidden_dim': 112, 'L1_layers_atom': 3, 'L1_layers_mol': 2, 'L1_dropout': 0.29050859595245415, 'L1_out_dim': 48, 'L2_hidden_dim': 224, 'L2_layers_atom': 3, 'L2_layers_mol': 3, 'L2_out_dim': 80, 'L2_dropout': 0.08146117561798012, 'L3_hidden_dim': 128, 'L3_layers_atom': 4, 'L3_layers_mol': 1, 'L3_out_dim': 64, 'L3_dropout': 0.12969299328211908, 'n_mlp_layers': 3, 'mlp_dim_0': 192, 'mlp_dim_1': 440, 'mlp_dim_2': 352, 'num_heads': 1, 'final_dropout': 0.13867331202668864, 'train_learning_rate': 0.0009000210964169203, 'train_lr_reduce': 0.6}. Best is trial 1286 with value: 0.03935658559203148.
[I 2024-12-26 05:02:44,488] Trial 1785 finished with value: 0.07458510249853134 and parameters: {'L1_hidden_dim': 64, 'L1_layers_atom': 3, 'L1_layers_mol': 1, 'L1_dropout': 0.2724857391825977, 'L1_out_dim': 112, 'L2_hidden_dim': 208, 'L2_layers_atom': 1, 'L2_layers_mol': 2, 'L2_out_dim': 128, 'L2_dropout': 0.0008740138930465992, 'L3_hidden_dim': 112, 'L3_layers_atom': 3, 'L3_layers_mol': 1, 'L3_out_dim': 96, 'L3_dropout': 0.23497046761928805, 'n_mlp_layers': 3, 'mlp_dim_0': 48, 'mlp_dim_1': 480, 'mlp_dim_2': 408, 'num_heads': 1, 'final_dropout': 0.09637652071806012, 'train_learning_rate': 0.0024117018374813382, 'train_lr_reduce': 0.6}. Best is trial 1286 with value: 0.03935658559203148.
[I 2024-12-26 05:04:17,665] Trial 1787 finished with value: 0.12335915118455887 and parameters: {'L1_hidden_dim': 96, 'L1_layers_atom': 4, 'L1_layers_mol': 3, 'L1_dropout': 0.27549087808362493, 'L1_out_dim': 32, 'L2_hidden_dim': 160, 'L2_layers_atom': 3, 'L2_layers_mol': 3, 'L2_out_dim': 96, 'L2_dropout': 0.01727657846653926, 'L3_hidden_dim': 128, 'L3_layers_atom': 4, 'L3_layers_mol': 1, 'L3_out_dim': 48, 'L3_dropout': 0.21268271389194535, 'n_mlp_layers': 3, 'mlp_dim_0': 248, 'mlp_dim_1': 408, 'mlp_dim_2': 512, 'num_heads': 1, 'final_dropout': 0.1250849707355612, 'train_learning_rate': 0.009788111311862425, 'train_lr_reduce': 0.6}. Best is trial 1286 with value: 0.03935658559203148.
[I 2024-12-26 05:04:17,668] Trial 1788 finished with value: 0.061743706464767456 and parameters: {'L1_hidden_dim': 80, 'L1_layers_atom': 2, 'L1_layers_mol': 2, 'L1_dropout': 0.28966843129743036, 'L1_out_dim': 96, 'L2_hidden_dim': 144, 'L2_layers_atom': 2, 'L2_layers_mol': 1, 'L2_out_dim': 128, 'L2_dropout': 0.09805135006651305, 'L3_hidden_dim': 128, 'L3_layers_atom': 3, 'L3_layers_mol': 1, 'L3_out_dim': 128, 'L3_dropout': 0.08378497223915886, 'n_mlp_layers': 2, 'mlp_dim_0': 376, 'mlp_dim_1': 464, 'num_heads': 1, 'final_dropout': 0.04993468539014191, 'train_learning_rate': 0.0002821515810587201, 'train_lr_reduce': 0.6}. Best is trial 1286 with value: 0.03935658559203148.
[I 2024-12-26 05:05:21,557] Trial 1786 finished with value: 0.07036441564559937 and parameters: {'L1_hidden_dim': 96, 'L1_layers_atom': 1, 'L1_layers_mol': 1, 'L1_dropout': 0.21468791388786915, 'L1_out_dim': 48, 'L2_hidden_dim': 160, 'L2_layers_atom': 4, 'L2_layers_mol': 3, 'L2_out_dim': 128, 'L2_dropout': 0.07312300132746065, 'L3_hidden_dim': 96, 'L3_layers_atom': 2, 'L3_layers_mol': 1, 'L3_out_dim': 128, 'L3_dropout': 0.12020356278558228, 'n_mlp_layers': 2, 'mlp_dim_0': 336, 'mlp_dim_1': 424, 'num_heads': 1, 'final_dropout': 0.04872954319304065, 'train_learning_rate': 0.0015330492621620038, 'train_lr_reduce': 0.6}. Best is trial 1286 with value: 0.03935658559203148.
[I 2024-12-26 05:05:49,471] Trial 1790 finished with value: 0.06944733113050461 and parameters: {'L1_hidden_dim': 160, 'L1_layers_atom': 3, 'L1_layers_mol': 4, 'L1_dropout': 0.28801880928119095, 'L1_out_dim': 96, 'L2_hidden_dim': 112, 'L2_layers_atom': 3, 'L2_layers_mol': 2, 'L2_out_dim': 128, 'L2_dropout': 0.00794017076387684, 'L3_hidden_dim': 128, 'L3_layers_atom': 4, 'L3_layers_mol': 1, 'L3_out_dim': 128, 'L3_dropout': 0.12696587336476067, 'n_mlp_layers': 2, 'mlp_dim_0': 264, 'mlp_dim_1': 480, 'num_heads': 1, 'final_dropout': 0.037564174067274254, 'train_learning_rate': 0.0008087419983639449, 'train_lr_reduce': 0.6}. Best is trial 1286 with value: 0.03935658559203148.
[I 2024-12-26 05:05:58,898] Trial 1789 finished with value: 0.08484134078025818 and parameters: {'L1_hidden_dim': 96, 'L1_layers_atom': 4, 'L1_layers_mol': 4, 'L1_dropout': 0.23696670408929918, 'L1_out_dim': 80, 'L2_hidden_dim': 144, 'L2_layers_atom': 1, 'L2_layers_mol': 1, 'L2_out_dim': 112, 'L2_dropout': 0.023398660764013174, 'L3_hidden_dim': 96, 'L3_layers_atom': 4, 'L3_layers_mol': 1, 'L3_out_dim': 64, 'L3_dropout': 0.2577327945181522, 'n_mlp_layers': 2, 'mlp_dim_0': 328, 'mlp_dim_1': 472, 'num_heads': 1, 'final_dropout': 0.14827497319267036, 'train_learning_rate': 0.0028785904235296344, 'train_lr_reduce': 0.6}. Best is trial 1286 with value: 0.03935658559203148.
[I 2024-12-26 05:06:30,592] Trial 1791 finished with value: 0.0701412558555603 and parameters: {'L1_hidden_dim': 96, 'L1_layers_atom': 4, 'L1_layers_mol': 3, 'L1_dropout': 0.24064853894561625, 'L1_out_dim': 32, 'L2_hidden_dim': 192, 'L2_layers_atom': 1, 'L2_layers_mol': 1, 'L2_out_dim': 112, 'L2_dropout': 0.0755662701663046, 'L3_hidden_dim': 112, 'L3_layers_atom': 3, 'L3_layers_mol': 1, 'L3_out_dim': 112, 'L3_dropout': 0.28892435095508073, 'n_mlp_layers': 2, 'mlp_dim_0': 40, 'mlp_dim_1': 416, 'num_heads': 2, 'final_dropout': 0.09018851523218312, 'train_learning_rate': 0.0008038549894679686, 'train_lr_reduce': 0.6}. Best is trial 1286 with value: 0.03935658559203148.
[I 2024-12-26 05:07:38,208] Trial 1792 finished with value: 0.0860215499997139 and parameters: {'L1_hidden_dim': 80, 'L1_layers_atom': 3, 'L1_layers_mol': 3, 'L1_dropout': 0.2569028679735731, 'L1_out_dim': 48, 'L2_hidden_dim': 240, 'L2_layers_atom': 2, 'L2_layers_mol': 2, 'L2_out_dim': 48, 'L2_dropout': 0.09533279761125471, 'L3_hidden_dim': 64, 'L3_layers_atom': 4, 'L3_layers_mol': 4, 'L3_out_dim': 80, 'L3_dropout': 0.009953300079481694, 'n_mlp_layers': 3, 'mlp_dim_0': 368, 'mlp_dim_1': 416, 'mlp_dim_2': 248, 'num_heads': 2, 'final_dropout': 0.1564205462222432, 'train_learning_rate': 0.004669661659918385, 'train_lr_reduce': 0.6}. Best is trial 1286 with value: 0.03935658559203148.
[I 2024-12-26 05:07:46,841] Trial 1794 finished with value: 0.08725598454475403 and parameters: {'L1_hidden_dim': 64, 'L1_layers_atom': 2, 'L1_layers_mol': 2, 'L1_dropout': 0.253138433641302, 'L1_out_dim': 80, 'L2_hidden_dim': 160, 'L2_layers_atom': 2, 'L2_layers_mol': 2, 'L2_out_dim': 112, 'L2_dropout': 0.013382905614313993, 'L3_hidden_dim': 112, 'L3_layers_atom': 4, 'L3_layers_mol': 2, 'L3_out_dim': 112, 'L3_dropout': 0.13710483619673164, 'n_mlp_layers': 2, 'mlp_dim_0': 248, 'mlp_dim_1': 512, 'num_heads': 1, 'final_dropout': 0.151879702537724, 'train_learning_rate': 0.0024224475061803094, 'train_lr_reduce': 0.6}. Best is trial 1286 with value: 0.03935658559203148.
[I 2024-12-26 05:07:58,863] Trial 1793 finished with value: 0.08337143808603287 and parameters: {'L1_hidden_dim': 160, 'L1_layers_atom': 4, 'L1_layers_mol': 2, 'L1_dropout': 0.16093448425021584, 'L1_out_dim': 32, 'L2_hidden_dim': 192, 'L2_layers_atom': 3, 'L2_layers_mol': 4, 'L2_out_dim': 48, 'L2_dropout': 0.044323306985744576, 'L3_hidden_dim': 112, 'L3_layers_atom': 4, 'L3_layers_mol': 1, 'L3_out_dim': 32, 'L3_dropout': 0.2630155149517903, 'n_mlp_layers': 1, 'mlp_dim_0': 200, 'num_heads': 1, 'final_dropout': 0.015264326082319934, 'train_learning_rate': 0.0006766464333775867, 'train_lr_reduce': 0.6}. Best is trial 1286 with value: 0.03935658559203148.
[I 2024-12-26 05:08:45,288] Trial 1795 finished with value: 0.10375504940748215 and parameters: {'L1_hidden_dim': 256, 'L1_layers_atom': 1, 'L1_layers_mol': 2, 'L1_dropout': 0.2445400217128204, 'L1_out_dim': 32, 'L2_hidden_dim': 160, 'L2_layers_atom': 3, 'L2_layers_mol': 2, 'L2_out_dim': 32, 'L2_dropout': 0.019016319553099265, 'L3_hidden_dim': 128, 'L3_layers_atom': 3, 'L3_layers_mol': 1, 'L3_out_dim': 32, 'L3_dropout': 0.048821066928822474, 'n_mlp_layers': 3, 'mlp_dim_0': 80, 'mlp_dim_1': 440, 'mlp_dim_2': 312, 'num_heads': 2, 'final_dropout': 0.08576602373933502, 'train_learning_rate': 0.005947726869073157, 'train_lr_reduce': 0.6}. Best is trial 1286 with value: 0.03935658559203148.
[I 2024-12-26 05:09:03,538] Trial 1798 finished with value: 1.1288398504257202 and parameters: {'L1_hidden_dim': 64, 'L1_layers_atom': 4, 'L1_layers_mol': 4, 'L1_dropout': 0.15933358937041736, 'L1_out_dim': 48, 'L2_hidden_dim': 192, 'L2_layers_atom': 3, 'L2_layers_mol': 3, 'L2_out_dim': 32, 'L2_dropout': 0.05753561691853243, 'L3_hidden_dim': 32, 'L3_layers_atom': 2, 'L3_layers_mol': 4, 'L3_out_dim': 96, 'L3_dropout': 0.0015563647497363734, 'n_mlp_layers': 3, 'mlp_dim_0': 336, 'mlp_dim_1': 448, 'mlp_dim_2': 120, 'num_heads': 1, 'final_dropout': 0.17888392675615383, 'train_learning_rate': 0.0008847216873948755, 'train_lr_reduce': 0.6}. Best is trial 1286 with value: 0.03935658559203148.
[I 2024-12-26 05:09:16,199] Trial 1796 finished with value: 0.06953778117895126 and parameters: {'L1_hidden_dim': 64, 'L1_layers_atom': 2, 'L1_layers_mol': 3, 'L1_dropout': 0.19984076408626095, 'L1_out_dim': 96, 'L2_hidden_dim': 96, 'L2_layers_atom': 2, 'L2_layers_mol': 2, 'L2_out_dim': 128, 'L2_dropout': 0.02156694121136741, 'L3_hidden_dim': 112, 'L3_layers_atom': 3, 'L3_layers_mol': 1, 'L3_out_dim': 96, 'L3_dropout': 0.10053093274958218, 'n_mlp_layers': 2, 'mlp_dim_0': 328, 'mlp_dim_1': 240, 'num_heads': 1, 'final_dropout': 0.04394962871147474, 'train_learning_rate': 0.002220473832565086, 'train_lr_reduce': 0.6}. Best is trial 1286 with value: 0.03935658559203148.
[I 2024-12-26 05:09:32,200] Trial 1797 finished with value: 0.08050695806741714 and parameters: {'L1_hidden_dim': 64, 'L1_layers_atom': 4, 'L1_layers_mol': 3, 'L1_dropout': 0.27008086903857087, 'L1_out_dim': 48, 'L2_hidden_dim': 96, 'L2_layers_atom': 3, 'L2_layers_mol': 4, 'L2_out_dim': 64, 'L2_dropout': 0.09353013137590334, 'L3_hidden_dim': 96, 'L3_layers_atom': 4, 'L3_layers_mol': 1, 'L3_out_dim': 80, 'L3_dropout': 0.15854084774374047, 'n_mlp_layers': 2, 'mlp_dim_0': 120, 'mlp_dim_1': 408, 'num_heads': 1, 'final_dropout': 0.002274966675593182, 'train_learning_rate': 0.0024444543135153877, 'train_lr_reduce': 0.6}. Best is trial 1286 with value: 0.03935658559203148.
[I 2024-12-26 05:10:19,195] Trial 1799 finished with value: 0.08856235444545746 and parameters: {'L1_hidden_dim': 64, 'L1_layers_atom': 3, 'L1_layers_mol': 3, 'L1_dropout': 0.24894597971199156, 'L1_out_dim': 64, 'L2_hidden_dim': 208, 'L2_layers_atom': 2, 'L2_layers_mol': 1, 'L2_out_dim': 112, 'L2_dropout': 0.027073610884924656, 'L3_hidden_dim': 112, 'L3_layers_atom': 4, 'L3_layers_mol': 1, 'L3_out_dim': 80, 'L3_dropout': 0.17320737855248347, 'n_mlp_layers': 2, 'mlp_dim_0': 248, 'mlp_dim_1': 480, 'num_heads': 1, 'final_dropout': 0.06441398657470873, 'train_learning_rate': 0.003608004007270336, 'train_lr_reduce': 0.6}. Best is trial 1286 with value: 0.03935658559203148.
[I 2024-12-26 05:10:39,324] Trial 1800 finished with value: 0.0934813991189003 and parameters: {'L1_hidden_dim': 64, 'L1_layers_atom': 4, 'L1_layers_mol': 4, 'L1_dropout': 0.18621405824574014, 'L1_out_dim': 80, 'L2_hidden_dim': 240, 'L2_layers_atom': 1, 'L2_layers_mol': 2, 'L2_out_dim': 112, 'L2_dropout': 0.03154240908681355, 'L3_hidden_dim': 80, 'L3_layers_atom': 4, 'L3_layers_mol': 2, 'L3_out_dim': 64, 'L3_dropout': 0.11936312719253814, 'n_mlp_layers': 2, 'mlp_dim_0': 440, 'mlp_dim_1': 400, 'num_heads': 2, 'final_dropout': 0.18574555107556123, 'train_learning_rate': 0.00509063776493647, 'train_lr_reduce': 0.6}. Best is trial 1286 with value: 0.03935658559203148.
[I 2024-12-26 05:11:25,815] Trial 1801 finished with value: 0.08533662557601929 and parameters: {'L1_hidden_dim': 64, 'L1_layers_atom': 2, 'L1_layers_mol': 2, 'L1_dropout': 0.18506877303406677, 'L1_out_dim': 64, 'L2_hidden_dim': 256, 'L2_layers_atom': 2, 'L2_layers_mol': 2, 'L2_out_dim': 32, 'L2_dropout': 0.026334150912718162, 'L3_hidden_dim': 48, 'L3_layers_atom': 4, 'L3_layers_mol': 4, 'L3_out_dim': 96, 'L3_dropout': 0.11068459830029051, 'n_mlp_layers': 2, 'mlp_dim_0': 288, 'mlp_dim_1': 400, 'num_heads': 1, 'final_dropout': 0.20269523316492388, 'train_learning_rate': 0.004767706811834724, 'train_lr_reduce': 0.6}. Best is trial 1286 with value: 0.03935658559203148.
