[I 2024-12-15 16:46:48,403] Trial 1661 finished with value: 0.21347112953662872 and parameters: {'mlp_n_layers': 3, 'mlp_dim_00': 208, 'mlp_dim_01': 192, 'mlp_dim_02': 240, 'hidden_channels': 192, 'num_layers': 2, 'num_timesteps': 3, 'dropout': 0.009768220761649205, 'train_learning_rate': 0.0027981089645838795, 'train_lr_reduce': 0.6}. Best is trial 632 with value: 0.13978464901447296.
[I 2024-12-15 16:46:48,687] Trial 1662 finished with value: 0.7460958957672119 and parameters: {'mlp_n_layers': 3, 'mlp_dim_00': 224, 'mlp_dim_01': 208, 'mlp_dim_02': 256, 'hidden_channels': 256, 'num_layers': 1, 'num_timesteps': 2, 'dropout': 0.057354195008277806, 'train_learning_rate': 0.005078629639846818, 'train_lr_reduce': 0.6}. Best is trial 632 with value: 0.13978464901447296.
[I 2024-12-15 16:46:54,126] Trial 1663 finished with value: 0.23639340698719025 and parameters: {'mlp_n_layers': 4, 'mlp_dim_00': 80, 'mlp_dim_01': 128, 'mlp_dim_02': 208, 'mlp_dim_03': 176, 'hidden_channels': 224, 'num_layers': 2, 'num_timesteps': 4, 'dropout': 0.018712572378373524, 'train_learning_rate': 0.002506681923215613, 'train_lr_reduce': 0.6}. Best is trial 632 with value: 0.13978464901447296.
[I 2024-12-15 16:46:58,502] Trial 1664 finished with value: 0.1881243884563446 and parameters: {'mlp_n_layers': 4, 'mlp_dim_00': 160, 'mlp_dim_01': 48, 'mlp_dim_02': 224, 'mlp_dim_03': 144, 'hidden_channels': 256, 'num_layers': 1, 'num_timesteps': 4, 'dropout': 0.046686679312346734, 'train_learning_rate': 0.0025431444396115835, 'train_lr_reduce': 0.6}. Best is trial 632 with value: 0.13978464901447296.
[I 2024-12-15 16:46:58,819] Trial 1665 finished with value: 0.17414985597133636 and parameters: {'mlp_n_layers': 3, 'mlp_dim_00': 192, 'mlp_dim_01': 192, 'mlp_dim_02': 240, 'hidden_channels': 224, 'num_layers': 1, 'num_timesteps': 4, 'dropout': 0.01214461343114436, 'train_learning_rate': 0.0012386476601431039, 'train_lr_reduce': 0.6}. Best is trial 632 with value: 0.13978464901447296.
[I 2024-12-15 16:47:01,193] Trial 1666 finished with value: 0.2278461754322052 and parameters: {'mlp_n_layers': 4, 'mlp_dim_00': 112, 'mlp_dim_01': 112, 'mlp_dim_02': 208, 'mlp_dim_03': 32, 'hidden_channels': 256, 'num_layers': 1, 'num_timesteps': 3, 'dropout': 0.08820641766856867, 'train_learning_rate': 0.005325052572592544, 'train_lr_reduce': 0.6}. Best is trial 632 with value: 0.13978464901447296.
[I 2024-12-15 16:47:05,338] Trial 1667 finished with value: 0.23595033586025238 and parameters: {'mlp_n_layers': 2, 'mlp_dim_00': 160, 'mlp_dim_01': 224, 'hidden_channels': 144, 'num_layers': 1, 'num_timesteps': 1, 'dropout': 0.28610690578531917, 'train_learning_rate': 0.0015066538971210861, 'train_lr_reduce': 0.6}. Best is trial 632 with value: 0.13978464901447296.
[I 2024-12-15 16:47:06,835] Trial 1668 finished with value: 0.18781021237373352 and parameters: {'mlp_n_layers': 4, 'mlp_dim_00': 80, 'mlp_dim_01': 144, 'mlp_dim_02': 256, 'mlp_dim_03': 176, 'hidden_channels': 240, 'num_layers': 1, 'num_timesteps': 4, 'dropout': 0.08879641815578362, 'train_learning_rate': 0.007900774086548464, 'train_lr_reduce': 0.6}. Best is trial 632 with value: 0.13978464901447296.
[I 2024-12-15 16:47:13,827] Trial 1670 finished with value: 0.22650019824504852 and parameters: {'mlp_n_layers': 3, 'mlp_dim_00': 160, 'mlp_dim_01': 224, 'mlp_dim_02': 240, 'hidden_channels': 208, 'num_layers': 1, 'num_timesteps': 4, 'dropout': 0.01614970705245794, 'train_learning_rate': 0.0031123552837605565, 'train_lr_reduce': 0.6}. Best is trial 632 with value: 0.13978464901447296.
[I 2024-12-15 16:47:13,841] Trial 1669 finished with value: 0.1756172925233841 and parameters: {'mlp_n_layers': 3, 'mlp_dim_00': 192, 'mlp_dim_01': 144, 'mlp_dim_02': 224, 'hidden_channels': 240, 'num_layers': 1, 'num_timesteps': 4, 'dropout': 0.11369306420375686, 'train_learning_rate': 0.0006477315120937695, 'train_lr_reduce': 0.6}. Best is trial 632 with value: 0.13978464901447296.
[I 2024-12-15 16:47:21,449] Trial 1672 finished with value: 0.22229525446891785 and parameters: {'mlp_n_layers': 4, 'mlp_dim_00': 80, 'mlp_dim_01': 208, 'mlp_dim_02': 208, 'mlp_dim_03': 128, 'hidden_channels': 208, 'num_layers': 2, 'num_timesteps': 4, 'dropout': 0.002252043674639173, 'train_learning_rate': 0.006640032887659112, 'train_lr_reduce': 0.6}. Best is trial 632 with value: 0.13978464901447296.
[I 2024-12-15 16:47:22,519] Trial 1673 finished with value: 0.21340321004390717 and parameters: {'mlp_n_layers': 2, 'mlp_dim_00': 112, 'mlp_dim_01': 112, 'hidden_channels': 144, 'num_layers': 1, 'num_timesteps': 4, 'dropout': 0.09184037864391106, 'train_learning_rate': 0.006387103450948723, 'train_lr_reduce': 0.6}. Best is trial 632 with value: 0.13978464901447296.
[I 2024-12-15 16:47:27,763] Trial 1671 finished with value: 0.4679226875305176 and parameters: {'mlp_n_layers': 2, 'mlp_dim_00': 176, 'mlp_dim_01': 144, 'hidden_channels': 64, 'num_layers': 2, 'num_timesteps': 4, 'dropout': 0.26582364816228565, 'train_learning_rate': 0.00015128288559643693, 'train_lr_reduce': 0.6}. Best is trial 632 with value: 0.13978464901447296.
[I 2024-12-15 16:47:30,953] Trial 1674 finished with value: 0.19933566451072693 and parameters: {'mlp_n_layers': 2, 'mlp_dim_00': 32, 'mlp_dim_01': 144, 'hidden_channels': 96, 'num_layers': 1, 'num_timesteps': 4, 'dropout': 0.021135632913666096, 'train_learning_rate': 0.002360823715035779, 'train_lr_reduce': 0.6}. Best is trial 632 with value: 0.13978464901447296.
[I 2024-12-15 16:47:30,956] Trial 1675 finished with value: 0.1778159886598587 and parameters: {'mlp_n_layers': 3, 'mlp_dim_00': 160, 'mlp_dim_01': 144, 'mlp_dim_02': 256, 'hidden_channels': 256, 'num_layers': 1, 'num_timesteps': 3, 'dropout': 0.032907796275868983, 'train_learning_rate': 0.0010007524155951767, 'train_lr_reduce': 0.6}. Best is trial 632 with value: 0.13978464901447296.
[I 2024-12-15 16:47:36,915] Trial 1676 finished with value: 0.1856914460659027 and parameters: {'mlp_n_layers': 2, 'mlp_dim_00': 32, 'mlp_dim_01': 112, 'hidden_channels': 160, 'num_layers': 1, 'num_timesteps': 3, 'dropout': 0.0006279308903817289, 'train_learning_rate': 0.008850199875207514, 'train_lr_reduce': 0.6}. Best is trial 632 with value: 0.13978464901447296.
[I 2024-12-15 16:47:41,520] Trial 1678 finished with value: 0.2309674769639969 and parameters: {'mlp_n_layers': 2, 'mlp_dim_00': 112, 'mlp_dim_01': 176, 'hidden_channels': 208, 'num_layers': 2, 'num_timesteps': 4, 'dropout': 8.890931053882542e-05, 'train_learning_rate': 0.0013888926412831434, 'train_lr_reduce': 0.6}. Best is trial 632 with value: 0.13978464901447296.
[I 2024-12-15 16:47:43,627] Trial 1677 finished with value: 0.19837583601474762 and parameters: {'mlp_n_layers': 3, 'mlp_dim_00': 80, 'mlp_dim_01': 176, 'mlp_dim_02': 208, 'hidden_channels': 256, 'num_layers': 1, 'num_timesteps': 4, 'dropout': 0.07486321400024439, 'train_learning_rate': 0.0013777453488911652, 'train_lr_reduce': 0.6}. Best is trial 632 with value: 0.13978464901447296.
[I 2024-12-15 16:48:01,508] Trial 1681 finished with value: 0.18482868373394012 and parameters: {'mlp_n_layers': 3, 'mlp_dim_00': 112, 'mlp_dim_01': 208, 'mlp_dim_02': 240, 'hidden_channels': 224, 'num_layers': 2, 'num_timesteps': 4, 'dropout': 0.017002185669374503, 'train_learning_rate': 0.001310713047568162, 'train_lr_reduce': 0.6}. Best is trial 632 with value: 0.13978464901447296.
[I 2024-12-15 16:48:02,114] Trial 1679 finished with value: 0.22509199380874634 and parameters: {'mlp_n_layers': 2, 'mlp_dim_00': 208, 'mlp_dim_01': 64, 'hidden_channels': 256, 'num_layers': 4, 'num_timesteps': 4, 'dropout': 0.030935212379294377, 'train_learning_rate': 0.00025906935276901605, 'train_lr_reduce': 0.6}. Best is trial 632 with value: 0.13978464901447296.
[I 2024-12-15 16:48:02,959] Trial 1680 finished with value: 0.21808502078056335 and parameters: {'mlp_n_layers': 2, 'mlp_dim_00': 256, 'mlp_dim_01': 240, 'hidden_channels': 240, 'num_layers': 1, 'num_timesteps': 3, 'dropout': 0.11804864551608948, 'train_learning_rate': 0.008371406781751842, 'train_lr_reduce': 0.6}. Best is trial 632 with value: 0.13978464901447296.
[I 2024-12-15 16:48:10,076] Trial 1682 finished with value: 0.19584794342517853 and parameters: {'mlp_n_layers': 4, 'mlp_dim_00': 128, 'mlp_dim_01': 256, 'mlp_dim_02': 224, 'mlp_dim_03': 64, 'hidden_channels': 208, 'num_layers': 2, 'num_timesteps': 2, 'dropout': 0.01611134787051254, 'train_learning_rate': 0.0036368659596747424, 'train_lr_reduce': 0.6}. Best is trial 632 with value: 0.13978464901447296.
[I 2024-12-15 16:48:11,016] Trial 1684 finished with value: 0.2203506976366043 and parameters: {'mlp_n_layers': 4, 'mlp_dim_00': 208, 'mlp_dim_01': 192, 'mlp_dim_02': 208, 'mlp_dim_03': 160, 'hidden_channels': 208, 'num_layers': 1, 'num_timesteps': 3, 'dropout': 0.05473113446617342, 'train_learning_rate': 0.00983482526277209, 'train_lr_reduce': 0.6}. Best is trial 632 with value: 0.13978464901447296.
[I 2024-12-15 16:48:14,690] Trial 1683 finished with value: 0.20748528838157654 and parameters: {'mlp_n_layers': 3, 'mlp_dim_00': 160, 'mlp_dim_01': 208, 'mlp_dim_02': 48, 'hidden_channels': 208, 'num_layers': 2, 'num_timesteps': 3, 'dropout': 0.06208570913382343, 'train_learning_rate': 0.004378227111930466, 'train_lr_reduce': 0.6}. Best is trial 632 with value: 0.13978464901447296.
[I 2024-12-15 16:48:14,809] Trial 1685 finished with value: 0.2605763375759125 and parameters: {'mlp_n_layers': 2, 'mlp_dim_00': 32, 'mlp_dim_01': 128, 'hidden_channels': 144, 'num_layers': 1, 'num_timesteps': 3, 'dropout': 0.07168271736114616, 'train_learning_rate': 0.009964689808186378, 'train_lr_reduce': 0.6}. Best is trial 632 with value: 0.13978464901447296.
[I 2024-12-15 16:48:17,009] Trial 1686 finished with value: 0.23310337960720062 and parameters: {'mlp_n_layers': 4, 'mlp_dim_00': 96, 'mlp_dim_01': 64, 'mlp_dim_02': 240, 'mlp_dim_03': 176, 'hidden_channels': 256, 'num_layers': 2, 'num_timesteps': 4, 'dropout': 0.08648205178180735, 'train_learning_rate': 0.0040351448458481685, 'train_lr_reduce': 0.6}. Best is trial 632 with value: 0.13978464901447296.
[I 2024-12-15 16:48:22,347] Trial 1688 finished with value: 0.21925373375415802 and parameters: {'mlp_n_layers': 2, 'mlp_dim_00': 48, 'mlp_dim_01': 112, 'hidden_channels': 96, 'num_layers': 2, 'num_timesteps': 2, 'dropout': 0.04594452645103625, 'train_learning_rate': 0.005371798404581111, 'train_lr_reduce': 0.6}. Best is trial 632 with value: 0.13978464901447296.
[I 2024-12-15 16:48:24,471] Trial 1689 finished with value: 0.1846613734960556 and parameters: {'mlp_n_layers': 3, 'mlp_dim_00': 128, 'mlp_dim_01': 160, 'mlp_dim_02': 256, 'hidden_channels': 160, 'num_layers': 1, 'num_timesteps': 4, 'dropout': 0.06839585579401575, 'train_learning_rate': 0.0019271897493901295, 'train_lr_reduce': 0.6}. Best is trial 632 with value: 0.13978464901447296.
[I 2024-12-15 16:48:24,489] Trial 1687 finished with value: 0.23149916529655457 and parameters: {'mlp_n_layers': 4, 'mlp_dim_00': 112, 'mlp_dim_01': 48, 'mlp_dim_02': 176, 'mlp_dim_03': 128, 'hidden_channels': 48, 'num_layers': 4, 'num_timesteps': 3, 'dropout': 0.14402615887017756, 'train_learning_rate': 0.0021880622785296422, 'train_lr_reduce': 0.6}. Best is trial 632 with value: 0.13978464901447296.
[I 2024-12-15 16:48:29,928] Trial 1690 finished with value: 0.2503919005393982 and parameters: {'mlp_n_layers': 2, 'mlp_dim_00': 64, 'mlp_dim_01': 128, 'hidden_channels': 64, 'num_layers': 4, 'num_timesteps': 3, 'dropout': 0.1785788238662439, 'train_learning_rate': 0.0021055597354748025, 'train_lr_reduce': 0.6}. Best is trial 632 with value: 0.13978464901447296.
[I 2024-12-15 16:48:32,723] Trial 1692 finished with value: 0.209058478474617 and parameters: {'mlp_n_layers': 2, 'mlp_dim_00': 208, 'mlp_dim_01': 112, 'hidden_channels': 192, 'num_layers': 1, 'num_timesteps': 3, 'dropout': 0.0018822146447956267, 'train_learning_rate': 0.004933780083905294, 'train_lr_reduce': 0.6}. Best is trial 632 with value: 0.13978464901447296.
[I 2024-12-15 16:48:33,035] Trial 1691 finished with value: 0.2133435159921646 and parameters: {'mlp_n_layers': 4, 'mlp_dim_00': 32, 'mlp_dim_01': 208, 'mlp_dim_02': 208, 'mlp_dim_03': 64, 'hidden_channels': 48, 'num_layers': 3, 'num_timesteps': 1, 'dropout': 0.14685457576954622, 'train_learning_rate': 0.00178293964333777, 'train_lr_reduce': 0.6}. Best is trial 632 with value: 0.13978464901447296.
[I 2024-12-15 16:48:39,398] Trial 1694 finished with value: 0.2368471622467041 and parameters: {'mlp_n_layers': 3, 'mlp_dim_00': 32, 'mlp_dim_01': 160, 'mlp_dim_02': 176, 'hidden_channels': 144, 'num_layers': 3, 'num_timesteps': 1, 'dropout': 0.19246796866795962, 'train_learning_rate': 0.0037815327935774197, 'train_lr_reduce': 0.6}. Best is trial 632 with value: 0.13978464901447296.
[I 2024-12-15 16:48:42,327] Trial 1695 finished with value: 0.23390145599842072 and parameters: {'mlp_n_layers': 3, 'mlp_dim_00': 192, 'mlp_dim_01': 64, 'mlp_dim_02': 256, 'hidden_channels': 48, 'num_layers': 4, 'num_timesteps': 2, 'dropout': 0.007105433948890849, 'train_learning_rate': 0.0018346674694814428, 'train_lr_reduce': 0.6}. Best is trial 632 with value: 0.13978464901447296.
[I 2024-12-15 16:48:45,419] Trial 1693 finished with value: 0.1631302535533905 and parameters: {'mlp_n_layers': 4, 'mlp_dim_00': 96, 'mlp_dim_01': 128, 'mlp_dim_02': 224, 'mlp_dim_03': 32, 'hidden_channels': 208, 'num_layers': 1, 'num_timesteps': 4, 'dropout': 0.061751389891342545, 'train_learning_rate': 0.003820404748670595, 'train_lr_reduce': 0.6}. Best is trial 632 with value: 0.13978464901447296.
[I 2024-12-15 16:48:47,585] Trial 1696 finished with value: 0.21580064296722412 and parameters: {'mlp_n_layers': 3, 'mlp_dim_00': 208, 'mlp_dim_01': 224, 'mlp_dim_02': 224, 'hidden_channels': 224, 'num_layers': 1, 'num_timesteps': 3, 'dropout': 0.0001903107144394763, 'train_learning_rate': 0.003179819212784138, 'train_lr_reduce': 0.6}. Best is trial 632 with value: 0.13978464901447296.
[I 2024-12-15 16:48:50,753] Trial 1697 finished with value: 0.22807349264621735 and parameters: {'mlp_n_layers': 2, 'mlp_dim_00': 80, 'mlp_dim_01': 192, 'hidden_channels': 48, 'num_layers': 2, 'num_timesteps': 1, 'dropout': 0.05671317152677946, 'train_learning_rate': 0.00202465611520135, 'train_lr_reduce': 0.6}. Best is trial 632 with value: 0.13978464901447296.
[I 2024-12-15 16:48:53,356] Trial 1698 finished with value: 0.23930761218070984 and parameters: {'mlp_n_layers': 4, 'mlp_dim_00': 128, 'mlp_dim_01': 96, 'mlp_dim_02': 192, 'mlp_dim_03': 144, 'hidden_channels': 224, 'num_layers': 2, 'num_timesteps': 4, 'dropout': 0.002686765622681115, 'train_learning_rate': 0.0023140915445007985, 'train_lr_reduce': 0.6}. Best is trial 632 with value: 0.13978464901447296.
[I 2024-12-15 16:49:00,200] Trial 1701 finished with value: 0.21366119384765625 and parameters: {'mlp_n_layers': 4, 'mlp_dim_00': 80, 'mlp_dim_01': 64, 'mlp_dim_02': 240, 'mlp_dim_03': 176, 'hidden_channels': 256, 'num_layers': 1, 'num_timesteps': 4, 'dropout': 0.023387841277122345, 'train_learning_rate': 0.0032431909141692277, 'train_lr_reduce': 0.6}. Best is trial 632 with value: 0.13978464901447296.
[I 2024-12-15 16:49:05,224] Trial 1699 finished with value: 0.3291950821876526 and parameters: {'mlp_n_layers': 2, 'mlp_dim_00': 144, 'mlp_dim_01': 160, 'hidden_channels': 48, 'num_layers': 1, 'num_timesteps': 2, 'dropout': 0.21469691652501333, 'train_learning_rate': 0.0002001068141860842, 'train_lr_reduce': 0.6}. Best is trial 632 with value: 0.13978464901447296.
[I 2024-12-15 16:49:08,342] Trial 1700 finished with value: 0.21511006355285645 and parameters: {'mlp_n_layers': 2, 'mlp_dim_00': 128, 'mlp_dim_01': 224, 'hidden_channels': 144, 'num_layers': 1, 'num_timesteps': 3, 'dropout': 0.11410572012721956, 'train_learning_rate': 0.0001430693334821409, 'train_lr_reduce': 0.6}. Best is trial 632 with value: 0.13978464901447296.
[I 2024-12-15 16:49:10,111] Trial 1702 finished with value: 0.26022258400917053 and parameters: {'mlp_n_layers': 4, 'mlp_dim_00': 160, 'mlp_dim_01': 192, 'mlp_dim_02': 208, 'mlp_dim_03': 48, 'hidden_channels': 256, 'num_layers': 2, 'num_timesteps': 4, 'dropout': 0.07670615801638957, 'train_learning_rate': 0.005033522952531518, 'train_lr_reduce': 0.6}. Best is trial 632 with value: 0.13978464901447296.
[I 2024-12-15 16:49:13,782] Trial 1703 finished with value: 0.2424488663673401 and parameters: {'mlp_n_layers': 4, 'mlp_dim_00': 80, 'mlp_dim_01': 80, 'mlp_dim_02': 176, 'mlp_dim_03': 160, 'hidden_channels': 240, 'num_layers': 2, 'num_timesteps': 3, 'dropout': 0.03605296686550648, 'train_learning_rate': 0.008201446359354336, 'train_lr_reduce': 0.6}. Best is trial 632 with value: 0.13978464901447296.
[I 2024-12-15 16:49:16,095] Trial 1704 finished with value: 0.23752780258655548 and parameters: {'mlp_n_layers': 3, 'mlp_dim_00': 64, 'mlp_dim_01': 128, 'mlp_dim_02': 240, 'hidden_channels': 48, 'num_layers': 3, 'num_timesteps': 1, 'dropout': 0.24628904205991864, 'train_learning_rate': 0.008068884864928023, 'train_lr_reduce': 0.6}. Best is trial 632 with value: 0.13978464901447296.
[I 2024-12-15 16:49:23,878] Trial 1705 finished with value: 0.17532818019390106 and parameters: {'mlp_n_layers': 3, 'mlp_dim_00': 64, 'mlp_dim_01': 240, 'mlp_dim_02': 208, 'hidden_channels': 160, 'num_layers': 1, 'num_timesteps': 2, 'dropout': 0.0013042047988445537, 'train_learning_rate': 0.0056417003729960285, 'train_lr_reduce': 0.6}. Best is trial 632 with value: 0.13978464901447296.
[I 2024-12-15 16:49:26,479] Trial 1707 finished with value: 0.3163745701313019 and parameters: {'mlp_n_layers': 4, 'mlp_dim_00': 240, 'mlp_dim_01': 240, 'mlp_dim_02': 224, 'mlp_dim_03': 128, 'hidden_channels': 128, 'num_layers': 3, 'num_timesteps': 1, 'dropout': 0.2851936761536855, 'train_learning_rate': 0.00029857354934244924, 'train_lr_reduce': 0.6}. Best is trial 632 with value: 0.13978464901447296.
[I 2024-12-15 16:49:32,749] Trial 1706 finished with value: 0.7871534824371338 and parameters: {'mlp_n_layers': 4, 'mlp_dim_00': 192, 'mlp_dim_01': 208, 'mlp_dim_02': 256, 'mlp_dim_03': 192, 'hidden_channels': 32, 'num_layers': 3, 'num_timesteps': 3, 'dropout': 0.2227076224000451, 'train_learning_rate': 0.00014361561225153255, 'train_lr_reduce': 0.6}. Best is trial 632 with value: 0.13978464901447296.
[I 2024-12-15 16:49:34,160] Trial 1708 finished with value: 0.18035495281219482 and parameters: {'mlp_n_layers': 4, 'mlp_dim_00': 208, 'mlp_dim_01': 112, 'mlp_dim_02': 176, 'mlp_dim_03': 160, 'hidden_channels': 160, 'num_layers': 1, 'num_timesteps': 4, 'dropout': 0.008632052880154714, 'train_learning_rate': 0.004323130744241983, 'train_lr_reduce': 0.6}. Best is trial 632 with value: 0.13978464901447296.
[I 2024-12-15 16:49:40,338] Trial 1709 finished with value: 0.20364896953105927 and parameters: {'mlp_n_layers': 4, 'mlp_dim_00': 224, 'mlp_dim_01': 240, 'mlp_dim_02': 240, 'mlp_dim_03': 64, 'hidden_channels': 192, 'num_layers': 1, 'num_timesteps': 3, 'dropout': 0.20015240040846655, 'train_learning_rate': 0.0004054530122802946, 'train_lr_reduce': 0.6}. Best is trial 632 with value: 0.13978464901447296.
[I 2024-12-15 16:49:41,664] Trial 1711 finished with value: 0.2052115947008133 and parameters: {'mlp_n_layers': 3, 'mlp_dim_00': 128, 'mlp_dim_01': 160, 'mlp_dim_02': 192, 'hidden_channels': 256, 'num_layers': 1, 'num_timesteps': 4, 'dropout': 0.021548977453644973, 'train_learning_rate': 0.00106711434098376, 'train_lr_reduce': 0.6}. Best is trial 632 with value: 0.13978464901447296.
[I 2024-12-15 16:49:42,629] Trial 1710 finished with value: 0.2247416228055954 and parameters: {'mlp_n_layers': 3, 'mlp_dim_00': 176, 'mlp_dim_01': 208, 'mlp_dim_02': 208, 'hidden_channels': 256, 'num_layers': 2, 'num_timesteps': 3, 'dropout': 0.10677579395978894, 'train_learning_rate': 0.004935272118129955, 'train_lr_reduce': 0.6}. Best is trial 632 with value: 0.13978464901447296.
[I 2024-12-15 16:49:47,963] Trial 1712 finished with value: 0.1830948293209076 and parameters: {'mlp_n_layers': 3, 'mlp_dim_00': 112, 'mlp_dim_01': 64, 'mlp_dim_02': 240, 'hidden_channels': 208, 'num_layers': 1, 'num_timesteps': 4, 'dropout': 0.04432573132475631, 'train_learning_rate': 0.006801491720974841, 'train_lr_reduce': 0.6}. Best is trial 632 with value: 0.13978464901447296.
[I 2024-12-15 16:49:51,765] Trial 1714 finished with value: 0.20905418694019318 and parameters: {'mlp_n_layers': 2, 'mlp_dim_00': 144, 'mlp_dim_01': 176, 'hidden_channels': 256, 'num_layers': 1, 'num_timesteps': 4, 'dropout': 0.011375447307657272, 'train_learning_rate': 0.0033465360756603996, 'train_lr_reduce': 0.6}. Best is trial 632 with value: 0.13978464901447296.
[I 2024-12-15 16:49:55,431] Trial 1715 finished with value: 0.23591084778308868 and parameters: {'mlp_n_layers': 2, 'mlp_dim_00': 208, 'mlp_dim_01': 160, 'hidden_channels': 256, 'num_layers': 1, 'num_timesteps': 3, 'dropout': 0.07032394229421005, 'train_learning_rate': 0.002923578317524558, 'train_lr_reduce': 0.6}. Best is trial 632 with value: 0.13978464901447296.
[I 2024-12-15 16:49:58,830] Trial 1713 finished with value: 0.3215130865573883 and parameters: {'mlp_n_layers': 2, 'mlp_dim_00': 112, 'mlp_dim_01': 192, 'hidden_channels': 48, 'num_layers': 4, 'num_timesteps': 2, 'dropout': 0.23977830622779994, 'train_learning_rate': 0.00025572545825633554, 'train_lr_reduce': 0.6}. Best is trial 632 with value: 0.13978464901447296.
[I 2024-12-15 16:50:05,316] Trial 1716 finished with value: 0.2074124962091446 and parameters: {'mlp_n_layers': 3, 'mlp_dim_00': 256, 'mlp_dim_01': 208, 'mlp_dim_02': 176, 'hidden_channels': 224, 'num_layers': 1, 'num_timesteps': 4, 'dropout': 0.02173987610524599, 'train_learning_rate': 0.0013323289670501368, 'train_lr_reduce': 0.6}. Best is trial 632 with value: 0.13978464901447296.
