[I 2024-12-26 16:48:41,024] Trial 2040 finished with value: 0.01533486694097519 and parameters: {'L1_hidden_dim': 144, 'L1_layers_atom': 2, 'L1_layers_mol': 4, 'L1_dropout': 0.020825238313380137, 'L1_out_dim': 64, 'L2_hidden_dim': 176, 'L2_layers_atom': 2, 'L2_layers_mol': 4, 'L2_out_dim': 80, 'L2_dropout': 0.09176439128534844, 'L3_hidden_dim': 32, 'L3_layers_atom': 3, 'L3_layers_mol': 2, 'L3_out_dim': 128, 'L3_dropout': 0.1699937203417799, 'n_mlp_layers': 3, 'mlp_dim_0': 176, 'mlp_dim_1': 472, 'mlp_dim_2': 328, 'num_heads': 2, 'final_dropout': 0.2518460365747431, 'train_learning_rate': 0.0003183285413998579, 'train_lr_reduce': 0.6}. Best is trial 1073 with value: 0.009419886395335197.
[I 2024-12-26 16:50:14,690] Trial 2044 finished with value: 0.0133885582908988 and parameters: {'L1_hidden_dim': 256, 'L1_layers_atom': 3, 'L1_layers_mol': 1, 'L1_dropout': 0.05257677254747439, 'L1_out_dim': 48, 'L2_hidden_dim': 224, 'L2_layers_atom': 1, 'L2_layers_mol': 2, 'L2_out_dim': 112, 'L2_dropout': 0.11953968318761683, 'L3_hidden_dim': 80, 'L3_layers_atom': 1, 'L3_layers_mol': 2, 'L3_out_dim': 96, 'L3_dropout': 0.1451251357797953, 'n_mlp_layers': 3, 'mlp_dim_0': 480, 'mlp_dim_1': 200, 'mlp_dim_2': 384, 'num_heads': 2, 'final_dropout': 0.08877509961013544, 'train_learning_rate': 0.0007978377326200744, 'train_lr_reduce': 0.6}. Best is trial 1073 with value: 0.009419886395335197.
[I 2024-12-26 16:50:18,747] Trial 2043 finished with value: 0.011822877451777458 and parameters: {'L1_hidden_dim': 80, 'L1_layers_atom': 2, 'L1_layers_mol': 4, 'L1_dropout': 0.09373892146314503, 'L1_out_dim': 96, 'L2_hidden_dim': 256, 'L2_layers_atom': 1, 'L2_layers_mol': 4, 'L2_out_dim': 64, 'L2_dropout': 0.028397656769810126, 'L3_hidden_dim': 48, 'L3_layers_atom': 3, 'L3_layers_mol': 1, 'L3_out_dim': 96, 'L3_dropout': 0.08186496433482454, 'n_mlp_layers': 3, 'mlp_dim_0': 184, 'mlp_dim_1': 320, 'mlp_dim_2': 472, 'num_heads': 2, 'final_dropout': 0.13161024855376316, 'train_learning_rate': 0.00042374331427528426, 'train_lr_reduce': 0.6}. Best is trial 1073 with value: 0.009419886395335197.
[I 2024-12-26 16:51:17,535] Trial 2045 finished with value: 0.012836075387895107 and parameters: {'L1_hidden_dim': 144, 'L1_layers_atom': 2, 'L1_layers_mol': 2, 'L1_dropout': 0.040856431815623345, 'L1_out_dim': 32, 'L2_hidden_dim': 256, 'L2_layers_atom': 2, 'L2_layers_mol': 4, 'L2_out_dim': 128, 'L2_dropout': 0.028435756167861766, 'L3_hidden_dim': 80, 'L3_layers_atom': 2, 'L3_layers_mol': 1, 'L3_out_dim': 128, 'L3_dropout': 0.1387073772264002, 'n_mlp_layers': 3, 'mlp_dim_0': 504, 'mlp_dim_1': 512, 'mlp_dim_2': 152, 'num_heads': 2, 'final_dropout': 0.02499600209358143, 'train_learning_rate': 0.0008063528092357846, 'train_lr_reduce': 0.6}. Best is trial 1073 with value: 0.009419886395335197.
[I 2024-12-26 16:52:41,423] Trial 2046 finished with value: 0.010871952399611473 and parameters: {'L1_hidden_dim': 160, 'L1_layers_atom': 1, 'L1_layers_mol': 2, 'L1_dropout': 0.05784996144287031, 'L1_out_dim': 96, 'L2_hidden_dim': 256, 'L2_layers_atom': 1, 'L2_layers_mol': 4, 'L2_out_dim': 128, 'L2_dropout': 0.023410848973508994, 'L3_hidden_dim': 80, 'L3_layers_atom': 4, 'L3_layers_mol': 1, 'L3_out_dim': 112, 'L3_dropout': 0.13013320357207295, 'n_mlp_layers': 3, 'mlp_dim_0': 456, 'mlp_dim_1': 280, 'mlp_dim_2': 72, 'num_heads': 1, 'final_dropout': 0.073780302477515, 'train_learning_rate': 0.0003240738051099795, 'train_lr_reduce': 0.6}. Best is trial 1073 with value: 0.009419886395335197.
[I 2024-12-26 16:53:10,820] Trial 2047 finished with value: 0.010881324298679829 and parameters: {'L1_hidden_dim': 80, 'L1_layers_atom': 3, 'L1_layers_mol': 1, 'L1_dropout': 0.06668864693686406, 'L1_out_dim': 96, 'L2_hidden_dim': 240, 'L2_layers_atom': 1, 'L2_layers_mol': 4, 'L2_out_dim': 64, 'L2_dropout': 0.0002739281502486604, 'L3_hidden_dim': 96, 'L3_layers_atom': 4, 'L3_layers_mol': 1, 'L3_out_dim': 80, 'L3_dropout': 0.08799522863631691, 'n_mlp_layers': 3, 'mlp_dim_0': 488, 'mlp_dim_1': 360, 'mlp_dim_2': 424, 'num_heads': 2, 'final_dropout': 0.017755369575876898, 'train_learning_rate': 0.000274805517797295, 'train_lr_reduce': 0.6}. Best is trial 1073 with value: 0.009419886395335197.
[I 2024-12-26 16:54:49,299] Trial 2048 finished with value: 0.020763998851180077 and parameters: {'L1_hidden_dim': 240, 'L1_layers_atom': 1, 'L1_layers_mol': 2, 'L1_dropout': 0.08152464061090212, 'L1_out_dim': 32, 'L2_hidden_dim': 144, 'L2_layers_atom': 1, 'L2_layers_mol': 1, 'L2_out_dim': 64, 'L2_dropout': 0.04948131627844236, 'L3_hidden_dim': 96, 'L3_layers_atom': 4, 'L3_layers_mol': 4, 'L3_out_dim': 112, 'L3_dropout': 0.25132361940448433, 'n_mlp_layers': 1, 'mlp_dim_0': 424, 'num_heads': 2, 'final_dropout': 0.23001498702181045, 'train_learning_rate': 0.00017159917038183864, 'train_lr_reduce': 0.6}. Best is trial 1073 with value: 0.009419886395335197.
[I 2024-12-26 16:55:00,144] Trial 2049 finished with value: 0.011449013836681843 and parameters: {'L1_hidden_dim': 224, 'L1_layers_atom': 3, 'L1_layers_mol': 4, 'L1_dropout': 0.0479981959476852, 'L1_out_dim': 96, 'L2_hidden_dim': 192, 'L2_layers_atom': 1, 'L2_layers_mol': 4, 'L2_out_dim': 64, 'L2_dropout': 0.010548041148284837, 'L3_hidden_dim': 48, 'L3_layers_atom': 3, 'L3_layers_mol': 1, 'L3_out_dim': 64, 'L3_dropout': 0.11082460759683062, 'n_mlp_layers': 2, 'mlp_dim_0': 296, 'mlp_dim_1': 472, 'num_heads': 2, 'final_dropout': 0.15795847763637566, 'train_learning_rate': 0.0005181230356161788, 'train_lr_reduce': 0.6}. Best is trial 1073 with value: 0.009419886395335197.
[I 2024-12-26 16:55:49,135] Trial 2050 finished with value: 0.011866495013237 and parameters: {'L1_hidden_dim': 128, 'L1_layers_atom': 1, 'L1_layers_mol': 2, 'L1_dropout': 0.20489619252762364, 'L1_out_dim': 48, 'L2_hidden_dim': 176, 'L2_layers_atom': 1, 'L2_layers_mol': 3, 'L2_out_dim': 112, 'L2_dropout': 0.018561356833540217, 'L3_hidden_dim': 48, 'L3_layers_atom': 3, 'L3_layers_mol': 1, 'L3_out_dim': 128, 'L3_dropout': 0.07415054967170143, 'n_mlp_layers': 2, 'mlp_dim_0': 352, 'mlp_dim_1': 256, 'num_heads': 2, 'final_dropout': 0.11241056726529756, 'train_learning_rate': 0.0002947511897534148, 'train_lr_reduce': 0.6}. Best is trial 1073 with value: 0.009419886395335197.
[I 2024-12-26 16:56:49,098] Trial 2052 finished with value: 0.01410242822021246 and parameters: {'L1_hidden_dim': 128, 'L1_layers_atom': 3, 'L1_layers_mol': 2, 'L1_dropout': 0.054297682222023705, 'L1_out_dim': 32, 'L2_hidden_dim': 256, 'L2_layers_atom': 1, 'L2_layers_mol': 3, 'L2_out_dim': 80, 'L2_dropout': 0.06476686628633734, 'L3_hidden_dim': 96, 'L3_layers_atom': 2, 'L3_layers_mol': 1, 'L3_out_dim': 128, 'L3_dropout': 0.06372378890763856, 'n_mlp_layers': 3, 'mlp_dim_0': 216, 'mlp_dim_1': 368, 'mlp_dim_2': 104, 'num_heads': 2, 'final_dropout': 0.15940809149263624, 'train_learning_rate': 0.0015325788807583748, 'train_lr_reduce': 0.6}. Best is trial 1073 with value: 0.009419886395335197.
[I 2024-12-26 16:57:18,445] Trial 2051 finished with value: 0.01146391499787569 and parameters: {'L1_hidden_dim': 80, 'L1_layers_atom': 2, 'L1_layers_mol': 2, 'L1_dropout': 0.02719827562118623, 'L1_out_dim': 32, 'L2_hidden_dim': 256, 'L2_layers_atom': 1, 'L2_layers_mol': 4, 'L2_out_dim': 128, 'L2_dropout': 0.03889480686462657, 'L3_hidden_dim': 64, 'L3_layers_atom': 3, 'L3_layers_mol': 1, 'L3_out_dim': 96, 'L3_dropout': 0.07701815940888482, 'n_mlp_layers': 3, 'mlp_dim_0': 416, 'mlp_dim_1': 312, 'mlp_dim_2': 464, 'num_heads': 2, 'final_dropout': 0.09417297087026863, 'train_learning_rate': 0.0007498951051543648, 'train_lr_reduce': 0.6}. Best is trial 1073 with value: 0.009419886395335197.
[I 2024-12-26 16:58:01,268] Trial 2053 finished with value: 0.012163211591541767 and parameters: {'L1_hidden_dim': 176, 'L1_layers_atom': 1, 'L1_layers_mol': 2, 'L1_dropout': 0.14325331095505908, 'L1_out_dim': 64, 'L2_hidden_dim': 192, 'L2_layers_atom': 1, 'L2_layers_mol': 4, 'L2_out_dim': 80, 'L2_dropout': 0.03918890585898992, 'L3_hidden_dim': 64, 'L3_layers_atom': 4, 'L3_layers_mol': 1, 'L3_out_dim': 128, 'L3_dropout': 0.053158680741000934, 'n_mlp_layers': 3, 'mlp_dim_0': 432, 'mlp_dim_1': 176, 'mlp_dim_2': 480, 'num_heads': 2, 'final_dropout': 0.16761347680398986, 'train_learning_rate': 0.00046639234447302464, 'train_lr_reduce': 0.6}. Best is trial 1073 with value: 0.009419886395335197.
[I 2024-12-26 16:59:18,992] Trial 2054 finished with value: 0.011268384754657745 and parameters: {'L1_hidden_dim': 144, 'L1_layers_atom': 1, 'L1_layers_mol': 2, 'L1_dropout': 0.15843685181599498, 'L1_out_dim': 64, 'L2_hidden_dim': 240, 'L2_layers_atom': 1, 'L2_layers_mol': 4, 'L2_out_dim': 80, 'L2_dropout': 0.00010098802500510193, 'L3_hidden_dim': 64, 'L3_layers_atom': 4, 'L3_layers_mol': 1, 'L3_out_dim': 112, 'L3_dropout': 0.1092018508779254, 'n_mlp_layers': 3, 'mlp_dim_0': 320, 'mlp_dim_1': 296, 'mlp_dim_2': 400, 'num_heads': 1, 'final_dropout': 0.10765050953938743, 'train_learning_rate': 0.00028814641978533895, 'train_lr_reduce': 0.6}. Best is trial 1073 with value: 0.009419886395335197.
[I 2024-12-26 16:59:53,225] Trial 2056 finished with value: 0.011233555153012276 and parameters: {'L1_hidden_dim': 256, 'L1_layers_atom': 3, 'L1_layers_mol': 4, 'L1_dropout': 0.019931688558141022, 'L1_out_dim': 96, 'L2_hidden_dim': 256, 'L2_layers_atom': 1, 'L2_layers_mol': 4, 'L2_out_dim': 64, 'L2_dropout': 0.04908900307478773, 'L3_hidden_dim': 96, 'L3_layers_atom': 2, 'L3_layers_mol': 2, 'L3_out_dim': 96, 'L3_dropout': 0.18653241916895835, 'n_mlp_layers': 3, 'mlp_dim_0': 144, 'mlp_dim_1': 248, 'mlp_dim_2': 440, 'num_heads': 2, 'final_dropout': 0.2604641502691958, 'train_learning_rate': 0.0008106811748533681, 'train_lr_reduce': 0.6}. Best is trial 1073 with value: 0.009419886395335197.
[I 2024-12-26 16:59:57,967] Trial 2055 finished with value: 0.014405890367925167 and parameters: {'L1_hidden_dim': 80, 'L1_layers_atom': 4, 'L1_layers_mol': 3, 'L1_dropout': 0.009898282586281846, 'L1_out_dim': 80, 'L2_hidden_dim': 208, 'L2_layers_atom': 1, 'L2_layers_mol': 4, 'L2_out_dim': 128, 'L2_dropout': 0.012272708026999687, 'L3_hidden_dim': 80, 'L3_layers_atom': 4, 'L3_layers_mol': 1, 'L3_out_dim': 112, 'L3_dropout': 0.07166971187042803, 'n_mlp_layers': 3, 'mlp_dim_0': 352, 'mlp_dim_1': 464, 'mlp_dim_2': 312, 'num_heads': 2, 'final_dropout': 0.07100511297596386, 'train_learning_rate': 0.0015597906223973144, 'train_lr_reduce': 0.6}. Best is trial 1073 with value: 0.009419886395335197.
[I 2024-12-26 17:00:22,043] Trial 2057 finished with value: 0.035402562469244 and parameters: {'L1_hidden_dim': 192, 'L1_layers_atom': 1, 'L1_layers_mol': 2, 'L1_dropout': 0.2349348984295831, 'L1_out_dim': 32, 'L2_hidden_dim': 240, 'L2_layers_atom': 1, 'L2_layers_mol': 3, 'L2_out_dim': 128, 'L2_dropout': 0.02104706201535897, 'L3_hidden_dim': 112, 'L3_layers_atom': 2, 'L3_layers_mol': 2, 'L3_out_dim': 112, 'L3_dropout': 0.274294244049777, 'n_mlp_layers': 3, 'mlp_dim_0': 232, 'mlp_dim_1': 376, 'mlp_dim_2': 32, 'num_heads': 2, 'final_dropout': 0.1638831211255941, 'train_learning_rate': 0.00215704124834063, 'train_lr_reduce': 0.6}. Best is trial 1073 with value: 0.009419886395335197.
[I 2024-12-26 17:01:53,632] Trial 2059 finished with value: 0.020625965669751167 and parameters: {'L1_hidden_dim': 240, 'L1_layers_atom': 3, 'L1_layers_mol': 4, 'L1_dropout': 0.2502655608498857, 'L1_out_dim': 32, 'L2_hidden_dim': 144, 'L2_layers_atom': 4, 'L2_layers_mol': 1, 'L2_out_dim': 96, 'L2_dropout': 0.13542102943682682, 'L3_hidden_dim': 128, 'L3_layers_atom': 1, 'L3_layers_mol': 1, 'L3_out_dim': 64, 'L3_dropout': 0.15539974233761175, 'n_mlp_layers': 1, 'mlp_dim_0': 288, 'num_heads': 2, 'final_dropout': 0.18031231398217534, 'train_learning_rate': 0.0010525295042836844, 'train_lr_reduce': 0.6}. Best is trial 1073 with value: 0.009419886395335197.
[I 2024-12-26 17:02:33,117] Trial 2058 finished with value: 0.010679902508854866 and parameters: {'L1_hidden_dim': 80, 'L1_layers_atom': 3, 'L1_layers_mol': 2, 'L1_dropout': 0.02049752528921271, 'L1_out_dim': 48, 'L2_hidden_dim': 208, 'L2_layers_atom': 1, 'L2_layers_mol': 4, 'L2_out_dim': 128, 'L2_dropout': 0.0119519626240676, 'L3_hidden_dim': 64, 'L3_layers_atom': 2, 'L3_layers_mol': 1, 'L3_out_dim': 96, 'L3_dropout': 0.04684876340587786, 'n_mlp_layers': 3, 'mlp_dim_0': 416, 'mlp_dim_1': 320, 'mlp_dim_2': 472, 'num_heads': 2, 'final_dropout': 0.06685123531200458, 'train_learning_rate': 0.00030353938397361557, 'train_lr_reduce': 0.6}. Best is trial 1073 with value: 0.009419886395335197.
[I 2024-12-26 17:02:40,210] Trial 2060 finished with value: 0.015555527992546558 and parameters: {'L1_hidden_dim': 64, 'L1_layers_atom': 3, 'L1_layers_mol': 2, 'L1_dropout': 0.11086702300590887, 'L1_out_dim': 32, 'L2_hidden_dim': 240, 'L2_layers_atom': 1, 'L2_layers_mol': 4, 'L2_out_dim': 112, 'L2_dropout': 0.058055269106125684, 'L3_hidden_dim': 48, 'L3_layers_atom': 4, 'L3_layers_mol': 1, 'L3_out_dim': 128, 'L3_dropout': 0.05907714654456135, 'n_mlp_layers': 3, 'mlp_dim_0': 432, 'mlp_dim_1': 216, 'mlp_dim_2': 376, 'num_heads': 2, 'final_dropout': 0.07238563217731087, 'train_learning_rate': 0.00023316843934811885, 'train_lr_reduce': 0.6}. Best is trial 1073 with value: 0.009419886395335197.
[I 2024-12-26 17:04:26,818] Trial 2061 finished with value: 0.011040371842682362 and parameters: {'L1_hidden_dim': 224, 'L1_layers_atom': 1, 'L1_layers_mol': 2, 'L1_dropout': 0.15481406466921713, 'L1_out_dim': 32, 'L2_hidden_dim': 80, 'L2_layers_atom': 2, 'L2_layers_mol': 2, 'L2_out_dim': 64, 'L2_dropout': 0.0074689332990546245, 'L3_hidden_dim': 96, 'L3_layers_atom': 4, 'L3_layers_mol': 3, 'L3_out_dim': 64, 'L3_dropout': 0.2331635991545738, 'n_mlp_layers': 2, 'mlp_dim_0': 360, 'mlp_dim_1': 120, 'num_heads': 2, 'final_dropout': 0.24589199809877776, 'train_learning_rate': 0.0003181887946607009, 'train_lr_reduce': 0.6}. Best is trial 1073 with value: 0.009419886395335197.
[I 2024-12-26 17:05:51,153] Trial 2063 finished with value: 0.022559428587555885 and parameters: {'L1_hidden_dim': 240, 'L1_layers_atom': 1, 'L1_layers_mol': 3, 'L1_dropout': 0.1814230650973115, 'L1_out_dim': 48, 'L2_hidden_dim': 256, 'L2_layers_atom': 4, 'L2_layers_mol': 3, 'L2_out_dim': 128, 'L2_dropout': 0.07731385980214274, 'L3_hidden_dim': 80, 'L3_layers_atom': 4, 'L3_layers_mol': 4, 'L3_out_dim': 128, 'L3_dropout': 0.11631152772330172, 'n_mlp_layers': 1, 'mlp_dim_0': 200, 'num_heads': 1, 'final_dropout': 0.19586616650178512, 'train_learning_rate': 0.0019061356508093417, 'train_lr_reduce': 0.6}. Best is trial 1073 with value: 0.009419886395335197.
[I 2024-12-26 17:05:51,157] Trial 2062 finished with value: 0.013696219772100449 and parameters: {'L1_hidden_dim': 256, 'L1_layers_atom': 2, 'L1_layers_mol': 3, 'L1_dropout': 0.06436727976206903, 'L1_out_dim': 32, 'L2_hidden_dim': 96, 'L2_layers_atom': 2, 'L2_layers_mol': 1, 'L2_out_dim': 80, 'L2_dropout': 0.017410688729375984, 'L3_hidden_dim': 64, 'L3_layers_atom': 1, 'L3_layers_mol': 3, 'L3_out_dim': 128, 'L3_dropout': 0.09650571638687777, 'n_mlp_layers': 3, 'mlp_dim_0': 80, 'mlp_dim_1': 272, 'mlp_dim_2': 512, 'num_heads': 1, 'final_dropout': 0.0279837705959802, 'train_learning_rate': 0.00023508838537976447, 'train_lr_reduce': 0.6}. Best is trial 1073 with value: 0.009419886395335197.
[I 2024-12-26 17:06:51,250] Trial 2064 finished with value: 0.017871268093585968 and parameters: {'L1_hidden_dim': 256, 'L1_layers_atom': 2, 'L1_layers_mol': 1, 'L1_dropout': 0.1345489653174442, 'L1_out_dim': 32, 'L2_hidden_dim': 80, 'L2_layers_atom': 1, 'L2_layers_mol': 1, 'L2_out_dim': 96, 'L2_dropout': 0.013498517434932465, 'L3_hidden_dim': 80, 'L3_layers_atom': 4, 'L3_layers_mol': 4, 'L3_out_dim': 96, 'L3_dropout': 0.1127593981637857, 'n_mlp_layers': 1, 'mlp_dim_0': 504, 'num_heads': 2, 'final_dropout': 0.2617663763387349, 'train_learning_rate': 0.0002017732731971313, 'train_lr_reduce': 0.6}. Best is trial 1073 with value: 0.009419886395335197.
[I 2024-12-26 17:07:41,475] Trial 2065 finished with value: 0.013395416550338268 and parameters: {'L1_hidden_dim': 112, 'L1_layers_atom': 4, 'L1_layers_mol': 1, 'L1_dropout': 0.037389706799840314, 'L1_out_dim': 48, 'L2_hidden_dim': 224, 'L2_layers_atom': 1, 'L2_layers_mol': 1, 'L2_out_dim': 128, 'L2_dropout': 0.01541207922580097, 'L3_hidden_dim': 48, 'L3_layers_atom': 4, 'L3_layers_mol': 2, 'L3_out_dim': 96, 'L3_dropout': 0.058938514984435086, 'n_mlp_layers': 2, 'mlp_dim_0': 288, 'mlp_dim_1': 472, 'num_heads': 1, 'final_dropout': 0.24207904499804977, 'train_learning_rate': 0.0006701695196695803, 'train_lr_reduce': 0.6}. Best is trial 1073 with value: 0.009419886395335197.
[I 2024-12-26 17:08:21,528] Trial 2066 finished with value: 0.01133189257234335 and parameters: {'L1_hidden_dim': 176, 'L1_layers_atom': 2, 'L1_layers_mol': 2, 'L1_dropout': 0.10073232425043202, 'L1_out_dim': 48, 'L2_hidden_dim': 224, 'L2_layers_atom': 2, 'L2_layers_mol': 4, 'L2_out_dim': 112, 'L2_dropout': 0.012881563629273292, 'L3_hidden_dim': 80, 'L3_layers_atom': 4, 'L3_layers_mol': 1, 'L3_out_dim': 128, 'L3_dropout': 0.01566627216547098, 'n_mlp_layers': 3, 'mlp_dim_0': 392, 'mlp_dim_1': 336, 'mlp_dim_2': 72, 'num_heads': 2, 'final_dropout': 0.060801326116170805, 'train_learning_rate': 0.00034676599624475647, 'train_lr_reduce': 0.6}. Best is trial 1073 with value: 0.009419886395335197.
[I 2024-12-26 17:08:49,472] Trial 2067 finished with value: 0.07707282155752182 and parameters: {'L1_hidden_dim': 96, 'L1_layers_atom': 2, 'L1_layers_mol': 3, 'L1_dropout': 0.21951019273586947, 'L1_out_dim': 128, 'L2_hidden_dim': 144, 'L2_layers_atom': 2, 'L2_layers_mol': 2, 'L2_out_dim': 128, 'L2_dropout': 0.25412342361024515, 'L3_hidden_dim': 112, 'L3_layers_atom': 3, 'L3_layers_mol': 2, 'L3_out_dim': 96, 'L3_dropout': 0.2889800675177816, 'n_mlp_layers': 2, 'mlp_dim_0': 48, 'mlp_dim_1': 376, 'num_heads': 1, 'final_dropout': 0.23750274602236784, 'train_learning_rate': 0.00028323427728957535, 'train_lr_reduce': 0.6}. Best is trial 1073 with value: 0.009419886395335197.
[I 2024-12-26 17:10:28,299] Trial 2068 finished with value: 0.012768534943461418 and parameters: {'L1_hidden_dim': 208, 'L1_layers_atom': 3, 'L1_layers_mol': 3, 'L1_dropout': 0.09254404455689236, 'L1_out_dim': 112, 'L2_hidden_dim': 224, 'L2_layers_atom': 1, 'L2_layers_mol': 4, 'L2_out_dim': 112, 'L2_dropout': 0.033467530879826596, 'L3_hidden_dim': 48, 'L3_layers_atom': 3, 'L3_layers_mol': 1, 'L3_out_dim': 128, 'L3_dropout': 0.17357298596078674, 'n_mlp_layers': 3, 'mlp_dim_0': 80, 'mlp_dim_1': 272, 'mlp_dim_2': 152, 'num_heads': 2, 'final_dropout': 0.24587107130764543, 'train_learning_rate': 0.0005127605156410134, 'train_lr_reduce': 0.6}. Best is trial 1073 with value: 0.009419886395335197.
[I 2024-12-26 17:10:57,524] Trial 2070 finished with value: 0.010401430539786816 and parameters: {'L1_hidden_dim': 160, 'L1_layers_atom': 1, 'L1_layers_mol': 2, 'L1_dropout': 0.07545101149635038, 'L1_out_dim': 32, 'L2_hidden_dim': 128, 'L2_layers_atom': 1, 'L2_layers_mol': 2, 'L2_out_dim': 128, 'L2_dropout': 0.011082309879674655, 'L3_hidden_dim': 80, 'L3_layers_atom': 4, 'L3_layers_mol': 1, 'L3_out_dim': 112, 'L3_dropout': 0.0444032791014324, 'n_mlp_layers': 3, 'mlp_dim_0': 400, 'mlp_dim_1': 464, 'mlp_dim_2': 344, 'num_heads': 2, 'final_dropout': 0.005637594847257478, 'train_learning_rate': 0.0004966237032736031, 'train_lr_reduce': 0.6}. Best is trial 1073 with value: 0.009419886395335197.
[I 2024-12-26 17:11:00,433] Trial 2069 finished with value: 0.024295691400766373 and parameters: {'L1_hidden_dim': 112, 'L1_layers_atom': 4, 'L1_layers_mol': 1, 'L1_dropout': 0.07994711531402335, 'L1_out_dim': 64, 'L2_hidden_dim': 192, 'L2_layers_atom': 1, 'L2_layers_mol': 2, 'L2_out_dim': 96, 'L2_dropout': 0.013268057377522874, 'L3_hidden_dim': 64, 'L3_layers_atom': 4, 'L3_layers_mol': 2, 'L3_out_dim': 96, 'L3_dropout': 0.01540342866106743, 'n_mlp_layers': 3, 'mlp_dim_0': 296, 'mlp_dim_1': 232, 'mlp_dim_2': 424, 'num_heads': 1, 'final_dropout': 0.24945413814919226, 'train_learning_rate': 0.0034931768851919126, 'train_lr_reduce': 0.6}. Best is trial 1073 with value: 0.009419886395335197.
[I 2024-12-26 17:13:49,251] Trial 2071 finished with value: 0.023624185472726822 and parameters: {'L1_hidden_dim': 64, 'L1_layers_atom': 4, 'L1_layers_mol': 3, 'L1_dropout': 0.013192602254677409, 'L1_out_dim': 48, 'L2_hidden_dim': 192, 'L2_layers_atom': 1, 'L2_layers_mol': 4, 'L2_out_dim': 128, 'L2_dropout': 0.09336278667383918, 'L3_hidden_dim': 80, 'L3_layers_atom': 3, 'L3_layers_mol': 1, 'L3_out_dim': 128, 'L3_dropout': 0.045862433478043266, 'n_mlp_layers': 3, 'mlp_dim_0': 400, 'mlp_dim_1': 320, 'mlp_dim_2': 440, 'num_heads': 2, 'final_dropout': 0.045819750211732624, 'train_learning_rate': 0.00021370479971040215, 'train_lr_reduce': 0.6}. Best is trial 1073 with value: 0.009419886395335197.
[I 2024-12-26 17:14:02,102] Trial 2073 finished with value: 0.012976191937923431 and parameters: {'L1_hidden_dim': 160, 'L1_layers_atom': 2, 'L1_layers_mol': 1, 'L1_dropout': 0.005178048517329897, 'L1_out_dim': 128, 'L2_hidden_dim': 256, 'L2_layers_atom': 1, 'L2_layers_mol': 3, 'L2_out_dim': 128, 'L2_dropout': 0.03318097175276517, 'L3_hidden_dim': 96, 'L3_layers_atom': 4, 'L3_layers_mol': 1, 'L3_out_dim': 48, 'L3_dropout': 0.04961101327445822, 'n_mlp_layers': 3, 'mlp_dim_0': 328, 'mlp_dim_1': 288, 'mlp_dim_2': 104, 'num_heads': 2, 'final_dropout': 0.0901490204560906, 'train_learning_rate': 0.00010623888229977567, 'train_lr_reduce': 0.6}. Best is trial 2072 with value: 0.009343244135379791.
