[I 2024-12-19 19:54:53,961] Trial 1153 finished with value: 0.15143361687660217 and parameters: {'mlp_n_layers': 4, 'mlp_dim_00': 284, 'mlp_dim_01': 282, 'mlp_dim_02': 309, 'mlp_dim_03': 512, 'node_hidden_dim': 86, 'edge_hidden_dim': 35, 'depth': 1, 'rep_dropout': 0.10681979695331678, 'train_learning_rate': 0.003733354622396033, 'train_lr_reduce': 0.6}. Best is trial 122 with value: 0.09548358619213104.
[I 2024-12-19 19:55:10,561] Trial 1156 finished with value: 0.18123659491539001 and parameters: {'mlp_n_layers': 4, 'mlp_dim_00': 253, 'mlp_dim_01': 277, 'mlp_dim_02': 293, 'mlp_dim_03': 478, 'node_hidden_dim': 91, 'edge_hidden_dim': 79, 'depth': 2, 'rep_dropout': 0.11294334417431992, 'train_learning_rate': 0.001046790074686257, 'train_lr_reduce': 0.6}. Best is trial 122 with value: 0.09548358619213104.
[I 2024-12-19 19:55:15,319] Trial 1160 finished with value: 1.644993543624878 and parameters: {'mlp_n_layers': 2, 'mlp_dim_00': 409, 'mlp_dim_01': 286, 'node_hidden_dim': 80, 'edge_hidden_dim': 53, 'depth': 1, 'rep_dropout': 0.10073684076539383, 'train_learning_rate': 0.0005123097377669735, 'train_lr_reduce': 0.6}. Best is trial 122 with value: 0.09548358619213104.
[I 2024-12-19 19:55:20,957] Trial 1161 finished with value: 1.6802881956100464 and parameters: {'mlp_n_layers': 3, 'mlp_dim_00': 306, 'mlp_dim_01': 285, 'mlp_dim_02': 329, 'node_hidden_dim': 82, 'edge_hidden_dim': 32, 'depth': 2, 'rep_dropout': 0.09301386652723354, 'train_learning_rate': 0.0003538202828012563, 'train_lr_reduce': 0.6}. Best is trial 122 with value: 0.09548358619213104.
[I 2024-12-19 19:55:28,870] Trial 1158 finished with value: 0.10876049846410751 and parameters: {'mlp_n_layers': 3, 'mlp_dim_00': 338, 'mlp_dim_01': 292, 'mlp_dim_02': 323, 'node_hidden_dim': 100, 'edge_hidden_dim': 54, 'depth': 1, 'rep_dropout': 0.11174861760047651, 'train_learning_rate': 0.0006345161947357073, 'train_lr_reduce': 0.6}. Best is trial 122 with value: 0.09548358619213104.
[I 2024-12-19 19:55:30,428] Trial 1159 finished with value: 0.11132809519767761 and parameters: {'mlp_n_layers': 3, 'mlp_dim_00': 385, 'mlp_dim_01': 325, 'mlp_dim_02': 309, 'node_hidden_dim': 96, 'edge_hidden_dim': 71, 'depth': 1, 'rep_dropout': 0.11682785060268643, 'train_learning_rate': 0.0008230517016430018, 'train_lr_reduce': 0.6}. Best is trial 122 with value: 0.09548358619213104.
[I 2024-12-19 19:55:34,057] Trial 1163 finished with value: 1.6546759605407715 and parameters: {'mlp_n_layers': 3, 'mlp_dim_00': 471, 'mlp_dim_01': 275, 'mlp_dim_02': 335, 'node_hidden_dim': 107, 'edge_hidden_dim': 63, 'depth': 2, 'rep_dropout': 0.14588975761168893, 'train_learning_rate': 0.000686144789016802, 'train_lr_reduce': 0.6}. Best is trial 122 with value: 0.09548358619213104.
[I 2024-12-19 19:55:39,754] Trial 1165 finished with value: 1.6720794439315796 and parameters: {'mlp_n_layers': 2, 'mlp_dim_00': 396, 'mlp_dim_01': 301, 'node_hidden_dim': 92, 'edge_hidden_dim': 44, 'depth': 1, 'rep_dropout': 0.1301422779827882, 'train_learning_rate': 0.0003741185747144348, 'train_lr_reduce': 0.6}. Best is trial 122 with value: 0.09548358619213104.
[I 2024-12-19 19:56:01,634] Trial 1166 finished with value: 0.296269953250885 and parameters: {'mlp_n_layers': 4, 'mlp_dim_00': 300, 'mlp_dim_01': 324, 'mlp_dim_02': 349, 'mlp_dim_03': 468, 'node_hidden_dim': 100, 'edge_hidden_dim': 67, 'depth': 1, 'rep_dropout': 0.09462586617912068, 'train_learning_rate': 0.0033868143899454077, 'train_lr_reduce': 0.6}. Best is trial 122 with value: 0.09548358619213104.
[I 2024-12-19 19:56:08,890] Trial 1162 finished with value: 0.1490182876586914 and parameters: {'mlp_n_layers': 4, 'mlp_dim_00': 386, 'mlp_dim_01': 301, 'mlp_dim_02': 279, 'mlp_dim_03': 464, 'node_hidden_dim': 113, 'edge_hidden_dim': 60, 'depth': 1, 'rep_dropout': 0.10960548857588312, 'train_learning_rate': 0.00026279286693294755, 'train_lr_reduce': 0.6}. Best is trial 122 with value: 0.09548358619213104.
[I 2024-12-19 19:56:18,088] Trial 1164 finished with value: 0.13845160603523254 and parameters: {'mlp_n_layers': 4, 'mlp_dim_00': 419, 'mlp_dim_01': 302, 'mlp_dim_02': 336, 'mlp_dim_03': 512, 'node_hidden_dim': 88, 'edge_hidden_dim': 44, 'depth': 1, 'rep_dropout': 0.11165979517846074, 'train_learning_rate': 0.000878365069872579, 'train_lr_reduce': 0.6}. Best is trial 122 with value: 0.09548358619213104.
[I 2024-12-19 19:56:25,464] Trial 1169 finished with value: 1.6743996143341064 and parameters: {'mlp_n_layers': 3, 'mlp_dim_00': 322, 'mlp_dim_01': 338, 'mlp_dim_02': 297, 'node_hidden_dim': 69, 'edge_hidden_dim': 66, 'depth': 3, 'rep_dropout': 0.03288116226381455, 'train_learning_rate': 0.00012870661302625522, 'train_lr_reduce': 0.6}. Best is trial 122 with value: 0.09548358619213104.
[I 2024-12-19 19:56:47,982] Trial 1167 finished with value: 0.14934316277503967 and parameters: {'mlp_n_layers': 4, 'mlp_dim_00': 345, 'mlp_dim_01': 320, 'mlp_dim_02': 292, 'mlp_dim_03': 472, 'node_hidden_dim': 94, 'edge_hidden_dim': 34, 'depth': 1, 'rep_dropout': 0.09025084294717091, 'train_learning_rate': 0.0007140306698676638, 'train_lr_reduce': 0.6}. Best is trial 122 with value: 0.09548358619213104.
[I 2024-12-19 19:56:50,840] Trial 1170 finished with value: 0.28562426567077637 and parameters: {'mlp_n_layers': 2, 'mlp_dim_00': 429, 'mlp_dim_01': 295, 'node_hidden_dim': 99, 'edge_hidden_dim': 42, 'depth': 1, 'rep_dropout': 0.1272385132648824, 'train_learning_rate': 0.0012376497960383491, 'train_lr_reduce': 0.6}. Best is trial 122 with value: 0.09548358619213104.
[I 2024-12-19 19:56:53,061] Trial 1171 finished with value: 1.6207154989242554 and parameters: {'mlp_n_layers': 4, 'mlp_dim_00': 277, 'mlp_dim_01': 320, 'mlp_dim_02': 354, 'mlp_dim_03': 471, 'node_hidden_dim': 86, 'edge_hidden_dim': 46, 'depth': 2, 'rep_dropout': 0.05565212531534373, 'train_learning_rate': 0.0017557539937147193, 'train_lr_reduce': 0.6}. Best is trial 122 with value: 0.09548358619213104.
[I 2024-12-19 19:56:55,687] Trial 1172 finished with value: 1.677802324295044 and parameters: {'mlp_n_layers': 4, 'mlp_dim_00': 324, 'mlp_dim_01': 315, 'mlp_dim_02': 357, 'mlp_dim_03': 511, 'node_hidden_dim': 63, 'edge_hidden_dim': 46, 'depth': 1, 'rep_dropout': 0.1081542306581223, 'train_learning_rate': 0.00028933234525772616, 'train_lr_reduce': 0.6}. Best is trial 122 with value: 0.09548358619213104.
[I 2024-12-19 19:57:00,304] Trial 1168 finished with value: 0.38849958777427673 and parameters: {'mlp_n_layers': 4, 'mlp_dim_00': 387, 'mlp_dim_01': 265, 'mlp_dim_02': 347, 'mlp_dim_03': 434, 'node_hidden_dim': 95, 'edge_hidden_dim': 33, 'depth': 2, 'rep_dropout': 0.11615711258821239, 'train_learning_rate': 0.0012912503330984985, 'train_lr_reduce': 0.6}. Best is trial 122 with value: 0.09548358619213104.
[I 2024-12-19 19:57:04,247] Trial 1173 finished with value: 0.4873237609863281 and parameters: {'mlp_n_layers': 3, 'mlp_dim_00': 73, 'mlp_dim_01': 325, 'mlp_dim_02': 313, 'node_hidden_dim': 126, 'edge_hidden_dim': 123, 'depth': 1, 'rep_dropout': 0.04359129701073146, 'train_learning_rate': 0.004459510991149747, 'train_lr_reduce': 0.6}. Best is trial 122 with value: 0.09548358619213104.
[I 2024-12-19 19:57:31,944] Trial 1174 finished with value: 0.1664743423461914 and parameters: {'mlp_n_layers': 4, 'mlp_dim_00': 290, 'mlp_dim_01': 327, 'mlp_dim_02': 266, 'mlp_dim_03': 441, 'node_hidden_dim': 99, 'edge_hidden_dim': 46, 'depth': 1, 'rep_dropout': 0.12172849133493462, 'train_learning_rate': 0.0011021319900765803, 'train_lr_reduce': 0.6}. Best is trial 122 with value: 0.09548358619213104.
[I 2024-12-19 19:57:40,822] Trial 1177 finished with value: 1.6893647909164429 and parameters: {'mlp_n_layers': 4, 'mlp_dim_00': 339, 'mlp_dim_01': 335, 'mlp_dim_02': 366, 'mlp_dim_03': 472, 'node_hidden_dim': 98, 'edge_hidden_dim': 34, 'depth': 2, 'rep_dropout': 0.1161595664184291, 'train_learning_rate': 0.00018922041126919842, 'train_lr_reduce': 0.6}. Best is trial 122 with value: 0.09548358619213104.
[I 2024-12-19 19:57:47,253] Trial 1178 finished with value: 1.672190546989441 and parameters: {'mlp_n_layers': 3, 'mlp_dim_00': 390, 'mlp_dim_01': 339, 'mlp_dim_02': 302, 'node_hidden_dim': 101, 'edge_hidden_dim': 42, 'depth': 2, 'rep_dropout': 0.09011211133917078, 'train_learning_rate': 0.0005055702236445117, 'train_lr_reduce': 0.6}. Best is trial 122 with value: 0.09548358619213104.
[I 2024-12-19 19:57:58,171] Trial 1175 finished with value: 0.18540598452091217 and parameters: {'mlp_n_layers': 4, 'mlp_dim_00': 321, 'mlp_dim_01': 264, 'mlp_dim_02': 353, 'mlp_dim_03': 511, 'node_hidden_dim': 96, 'edge_hidden_dim': 63, 'depth': 2, 'rep_dropout': 0.09420348842466855, 'train_learning_rate': 0.0008166194655409642, 'train_lr_reduce': 0.6}. Best is trial 122 with value: 0.09548358619213104.
[I 2024-12-19 19:58:00,398] Trial 1176 finished with value: 0.8553107976913452 and parameters: {'mlp_n_layers': 4, 'mlp_dim_00': 177, 'mlp_dim_01': 340, 'mlp_dim_02': 323, 'mlp_dim_03': 439, 'node_hidden_dim': 49, 'edge_hidden_dim': 125, 'depth': 3, 'rep_dropout': 0.008501680359796177, 'train_learning_rate': 0.0008107383892309682, 'train_lr_reduce': 0.6}. Best is trial 122 with value: 0.09548358619213104.
[I 2024-12-19 19:58:05,762] Trial 1181 finished with value: 1.6360993385314941 and parameters: {'mlp_n_layers': 1, 'mlp_dim_00': 74, 'node_hidden_dim': 87, 'edge_hidden_dim': 54, 'depth': 3, 'rep_dropout': 0.13665557018610203, 'train_learning_rate': 0.0005801391979781477, 'train_lr_reduce': 0.6}. Best is trial 122 with value: 0.09548358619213104.
[I 2024-12-19 19:58:10,868] Trial 1180 finished with value: 1.2341865301132202 and parameters: {'mlp_n_layers': 4, 'mlp_dim_00': 275, 'mlp_dim_01': 326, 'mlp_dim_02': 334, 'mlp_dim_03': 468, 'node_hidden_dim': 99, 'edge_hidden_dim': 38, 'depth': 2, 'rep_dropout': 0.1033922672506413, 'train_learning_rate': 0.0010010772568087968, 'train_lr_reduce': 0.6}. Best is trial 122 with value: 0.09548358619213104.
[I 2024-12-19 19:58:16,020] Trial 1183 finished with value: 1.6449848413467407 and parameters: {'mlp_n_layers': 2, 'mlp_dim_00': 502, 'mlp_dim_01': 276, 'node_hidden_dim': 106, 'edge_hidden_dim': 50, 'depth': 1, 'rep_dropout': 0.08850987825492207, 'train_learning_rate': 0.0006655226242183171, 'train_lr_reduce': 0.6}. Best is trial 122 with value: 0.09548358619213104.
[I 2024-12-19 19:58:19,997] Trial 1182 finished with value: 0.6001909971237183 and parameters: {'mlp_n_layers': 4, 'mlp_dim_00': 264, 'mlp_dim_01': 344, 'mlp_dim_02': 366, 'mlp_dim_03': 512, 'node_hidden_dim': 79, 'edge_hidden_dim': 53, 'depth': 1, 'rep_dropout': 0.10024206827410294, 'train_learning_rate': 0.0009147027818525317, 'train_lr_reduce': 0.6}. Best is trial 122 with value: 0.09548358619213104.
[I 2024-12-19 19:58:25,661] Trial 1185 finished with value: 1.6830687522888184 and parameters: {'mlp_n_layers': 4, 'mlp_dim_00': 291, 'mlp_dim_01': 353, 'mlp_dim_02': 317, 'mlp_dim_03': 429, 'node_hidden_dim': 103, 'edge_hidden_dim': 36, 'depth': 1, 'rep_dropout': 0.11452187496688197, 'train_learning_rate': 0.00027156208012355844, 'train_lr_reduce': 0.6}. Best is trial 122 with value: 0.09548358619213104.
[I 2024-12-19 19:58:30,280] Trial 1179 finished with value: 0.10732182115316391 and parameters: {'mlp_n_layers': 3, 'mlp_dim_00': 408, 'mlp_dim_01': 297, 'mlp_dim_02': 367, 'node_hidden_dim': 87, 'edge_hidden_dim': 46, 'depth': 1, 'rep_dropout': 0.07788943339668333, 'train_learning_rate': 0.000895404042950712, 'train_lr_reduce': 0.6}. Best is trial 122 with value: 0.09548358619213104.
[I 2024-12-19 19:58:35,466] Trial 1187 finished with value: 1.6851176023483276 and parameters: {'mlp_n_layers': 4, 'mlp_dim_00': 229, 'mlp_dim_01': 344, 'mlp_dim_02': 317, 'mlp_dim_03': 436, 'node_hidden_dim': 73, 'edge_hidden_dim': 40, 'depth': 1, 'rep_dropout': 0.0884749637646884, 'train_learning_rate': 0.0002781226816029351, 'train_lr_reduce': 0.6}. Best is trial 122 with value: 0.09548358619213104.
[I 2024-12-19 19:58:44,008] Trial 1184 finished with value: 0.13841615617275238 and parameters: {'mlp_n_layers': 3, 'mlp_dim_00': 339, 'mlp_dim_01': 352, 'mlp_dim_02': 264, 'node_hidden_dim': 80, 'edge_hidden_dim': 58, 'depth': 1, 'rep_dropout': 0.13857507159472732, 'train_learning_rate': 0.0008152369236497122, 'train_lr_reduce': 0.6}. Best is trial 122 with value: 0.09548358619213104.
[I 2024-12-19 19:58:51,291] Trial 1189 finished with value: 1.5612421035766602 and parameters: {'mlp_n_layers': 3, 'mlp_dim_00': 90, 'mlp_dim_01': 316, 'mlp_dim_02': 338, 'node_hidden_dim': 38, 'edge_hidden_dim': 103, 'depth': 4, 'rep_dropout': 0.10149264737825908, 'train_learning_rate': 0.00978822616214873, 'train_lr_reduce': 0.6}. Best is trial 122 with value: 0.09548358619213104.
[I 2024-12-19 19:58:54,563] Trial 1186 finished with value: 0.1716366410255432 and parameters: {'mlp_n_layers': 3, 'mlp_dim_00': 460, 'mlp_dim_01': 283, 'mlp_dim_02': 375, 'node_hidden_dim': 90, 'edge_hidden_dim': 51, 'depth': 1, 'rep_dropout': 0.1116010749295492, 'train_learning_rate': 0.0006675389137538752, 'train_lr_reduce': 0.6}. Best is trial 122 with value: 0.09548358619213104.
[I 2024-12-19 19:58:56,351] Trial 1190 finished with value: 1.679850459098816 and parameters: {'mlp_n_layers': 4, 'mlp_dim_00': 439, 'mlp_dim_01': 291, 'mlp_dim_02': 246, 'mlp_dim_03': 421, 'node_hidden_dim': 92, 'edge_hidden_dim': 44, 'depth': 1, 'rep_dropout': 0.09161908226442651, 'train_learning_rate': 0.0004895013451437055, 'train_lr_reduce': 0.6}. Best is trial 122 with value: 0.09548358619213104.
[I 2024-12-19 19:58:59,545] Trial 1191 finished with value: 1.6757309436798096 and parameters: {'mlp_n_layers': 4, 'mlp_dim_00': 281, 'mlp_dim_01': 360, 'mlp_dim_02': 388, 'mlp_dim_03': 475, 'node_hidden_dim': 124, 'edge_hidden_dim': 123, 'depth': 2, 'rep_dropout': 0.0602311690557409, 'train_learning_rate': 0.0002084199401472791, 'train_lr_reduce': 0.6}. Best is trial 122 with value: 0.09548358619213104.
[I 2024-12-19 19:59:00,979] Trial 1192 finished with value: 1.678423285484314 and parameters: {'mlp_n_layers': 4, 'mlp_dim_00': 373, 'mlp_dim_01': 361, 'mlp_dim_02': 288, 'mlp_dim_03': 412, 'node_hidden_dim': 96, 'edge_hidden_dim': 35, 'depth': 1, 'rep_dropout': 0.14996430898322083, 'train_learning_rate': 0.00013129524192898238, 'train_lr_reduce': 0.6}. Best is trial 122 with value: 0.09548358619213104.
[I 2024-12-19 19:59:04,405] Trial 1193 finished with value: 1.6675304174423218 and parameters: {'mlp_n_layers': 4, 'mlp_dim_00': 412, 'mlp_dim_01': 319, 'mlp_dim_02': 341, 'mlp_dim_03': 512, 'node_hidden_dim': 88, 'edge_hidden_dim': 63, 'depth': 2, 'rep_dropout': 0.1486360206744592, 'train_learning_rate': 0.0006923784353267307, 'train_lr_reduce': 0.6}. Best is trial 122 with value: 0.09548358619213104.
[I 2024-12-19 19:59:06,577] Trial 1194 finished with value: 1.6735196113586426 and parameters: {'mlp_n_layers': 4, 'mlp_dim_00': 260, 'mlp_dim_01': 375, 'mlp_dim_02': 372, 'mlp_dim_03': 463, 'node_hidden_dim': 47, 'edge_hidden_dim': 41, 'depth': 3, 'rep_dropout': 0.06151839674343949, 'train_learning_rate': 0.0008595688753730389, 'train_lr_reduce': 0.6}. Best is trial 122 with value: 0.09548358619213104.
[I 2024-12-19 19:59:11,715] Trial 1196 finished with value: 1.5571075677871704 and parameters: {'mlp_n_layers': 2, 'mlp_dim_00': 493, 'mlp_dim_01': 344, 'node_hidden_dim': 39, 'edge_hidden_dim': 122, 'depth': 3, 'rep_dropout': 0.03754197846120966, 'train_learning_rate': 0.004604168491061919, 'train_lr_reduce': 0.6}. Best is trial 122 with value: 0.09548358619213104.
[I 2024-12-19 19:59:14,696] Trial 1188 finished with value: 0.10872877389192581 and parameters: {'mlp_n_layers': 4, 'mlp_dim_00': 386, 'mlp_dim_01': 366, 'mlp_dim_02': 369, 'mlp_dim_03': 474, 'node_hidden_dim': 91, 'edge_hidden_dim': 33, 'depth': 1, 'rep_dropout': 0.10372434998811474, 'train_learning_rate': 0.0006760021739299573, 'train_lr_reduce': 0.6}. Best is trial 122 with value: 0.09548358619213104.
[I 2024-12-19 19:59:46,036] Trial 1195 finished with value: 0.11265471577644348 and parameters: {'mlp_n_layers': 4, 'mlp_dim_00': 355, 'mlp_dim_01': 265, 'mlp_dim_02': 306, 'mlp_dim_03': 427, 'node_hidden_dim': 84, 'edge_hidden_dim': 57, 'depth': 1, 'rep_dropout': 0.11901982297661397, 'train_learning_rate': 0.0012627549785831588, 'train_lr_reduce': 0.6}. Best is trial 122 with value: 0.09548358619213104.
[I 2024-12-19 20:00:01,493] Trial 1197 finished with value: 0.3198416531085968 and parameters: {'mlp_n_layers': 3, 'mlp_dim_00': 495, 'mlp_dim_01': 374, 'mlp_dim_02': 390, 'node_hidden_dim': 95, 'edge_hidden_dim': 42, 'depth': 2, 'rep_dropout': 0.07975556097569478, 'train_learning_rate': 0.00018214351287705008, 'train_lr_reduce': 0.6}. Best is trial 122 with value: 0.09548358619213104.
[I 2024-12-19 20:00:01,498] Trial 1198 finished with value: 0.1434791386127472 and parameters: {'mlp_n_layers': 4, 'mlp_dim_00': 365, 'mlp_dim_01': 310, 'mlp_dim_02': 343, 'mlp_dim_03': 475, 'node_hidden_dim': 88, 'edge_hidden_dim': 67, 'depth': 1, 'rep_dropout': 0.08584824223502373, 'train_learning_rate': 0.0018787096215808073, 'train_lr_reduce': 0.6}. Best is trial 122 with value: 0.09548358619213104.
[I 2024-12-19 20:00:06,729] Trial 1201 finished with value: 1.6762211322784424 and parameters: {'mlp_n_layers': 3, 'mlp_dim_00': 440, 'mlp_dim_01': 264, 'mlp_dim_02': 394, 'node_hidden_dim': 67, 'edge_hidden_dim': 50, 'depth': 1, 'rep_dropout': 0.1492604448598234, 'train_learning_rate': 0.0001673773481563213, 'train_lr_reduce': 0.6}. Best is trial 122 with value: 0.09548358619213104.
[I 2024-12-19 20:00:10,882] Trial 1199 finished with value: 0.21463939547538757 and parameters: {'mlp_n_layers': 4, 'mlp_dim_00': 351, 'mlp_dim_01': 365, 'mlp_dim_02': 308, 'mlp_dim_03': 403, 'node_hidden_dim': 103, 'edge_hidden_dim': 53, 'depth': 1, 'rep_dropout': 0.08207799967204939, 'train_learning_rate': 0.0007001611935161843, 'train_lr_reduce': 0.6}. Best is trial 122 with value: 0.09548358619213104.
[I 2024-12-19 20:00:16,568] Trial 1203 finished with value: 1.6341650485992432 and parameters: {'mlp_n_layers': 3, 'mlp_dim_00': 192, 'mlp_dim_01': 367, 'mlp_dim_02': 303, 'node_hidden_dim': 59, 'edge_hidden_dim': 65, 'depth': 4, 'rep_dropout': 0.0006333112431332333, 'train_learning_rate': 0.002103678546346145, 'train_lr_reduce': 0.6}. Best is trial 122 with value: 0.09548358619213104.
[I 2024-12-19 20:00:22,687] Trial 1204 finished with value: 1.6780779361724854 and parameters: {'mlp_n_layers': 4, 'mlp_dim_00': 477, 'mlp_dim_01': 368, 'mlp_dim_02': 353, 'mlp_dim_03': 512, 'node_hidden_dim': 33, 'edge_hidden_dim': 56, 'depth': 2, 'rep_dropout': 0.12658975915923779, 'train_learning_rate': 0.0010935020337897437, 'train_lr_reduce': 0.6}. Best is trial 122 with value: 0.09548358619213104.
[I 2024-12-19 20:00:42,069] Trial 1205 finished with value: 0.2531921863555908 and parameters: {'mlp_n_layers': 3, 'mlp_dim_00': 393, 'mlp_dim_01': 381, 'mlp_dim_02': 251, 'node_hidden_dim': 96, 'edge_hidden_dim': 62, 'depth': 1, 'rep_dropout': 0.11806873028973398, 'train_learning_rate': 0.0009000381986697026, 'train_lr_reduce': 0.6}. Best is trial 122 with value: 0.09548358619213104.
[I 2024-12-19 20:00:46,318] Trial 1200 finished with value: 0.12009826302528381 and parameters: {'mlp_n_layers': 4, 'mlp_dim_00': 327, 'mlp_dim_01': 364, 'mlp_dim_02': 394, 'mlp_dim_03': 471, 'node_hidden_dim': 84, 'edge_hidden_dim': 51, 'depth': 1, 'rep_dropout': 0.07273434024776382, 'train_learning_rate': 0.0009818235823571705, 'train_lr_reduce': 0.6}. Best is trial 122 with value: 0.09548358619213104.
[I 2024-12-19 20:00:51,258] Trial 1202 finished with value: 0.11833173781633377 and parameters: {'mlp_n_layers': 4, 'mlp_dim_00': 267, 'mlp_dim_01': 320, 'mlp_dim_02': 344, 'mlp_dim_03': 432, 'node_hidden_dim': 122, 'edge_hidden_dim': 76, 'depth': 1, 'rep_dropout': 0.08732323262273754, 'train_learning_rate': 0.0006783557903560953, 'train_lr_reduce': 0.6}. Best is trial 122 with value: 0.09548358619213104.
[I 2024-12-19 20:01:15,561] Trial 1208 finished with value: 0.22371280193328857 and parameters: {'mlp_n_layers': 4, 'mlp_dim_00': 510, 'mlp_dim_01': 392, 'mlp_dim_02': 287, 'mlp_dim_03': 472, 'node_hidden_dim': 82, 'edge_hidden_dim': 59, 'depth': 1, 'rep_dropout': 0.10215985910794455, 'train_learning_rate': 0.0012478437264848209, 'train_lr_reduce': 0.6}. Best is trial 122 with value: 0.09548358619213104.
[I 2024-12-19 20:01:19,709] Trial 1206 finished with value: 0.09950927644968033 and parameters: {'mlp_n_layers': 4, 'mlp_dim_00': 385, 'mlp_dim_01': 319, 'mlp_dim_02': 411, 'mlp_dim_03': 393, 'node_hidden_dim': 83, 'edge_hidden_dim': 53, 'depth': 1, 'rep_dropout': 0.10067340967734806, 'train_learning_rate': 0.0004023332591559612, 'train_lr_reduce': 0.6}. Best is trial 122 with value: 0.09548358619213104.
[I 2024-12-19 20:01:20,118] Trial 1209 finished with value: 1.6694642305374146 and parameters: {'mlp_n_layers': 4, 'mlp_dim_00': 291, 'mlp_dim_01': 292, 'mlp_dim_02': 358, 'mlp_dim_03': 512, 'node_hidden_dim': 77, 'edge_hidden_dim': 47, 'depth': 1, 'rep_dropout': 0.09791118532153303, 'train_learning_rate': 0.0006963329540561338, 'train_lr_reduce': 0.6}. Best is trial 122 with value: 0.09548358619213104.
[I 2024-12-19 20:01:24,049] Trial 1210 finished with value: 1.6427760124206543 and parameters: {'mlp_n_layers': 3, 'mlp_dim_00': 437, 'mlp_dim_01': 306, 'mlp_dim_02': 452, 'node_hidden_dim': 112, 'edge_hidden_dim': 35, 'depth': 1, 'rep_dropout': 0.13451137432728635, 'train_learning_rate': 0.0008306983328791486, 'train_lr_reduce': 0.6}. Best is trial 122 with value: 0.09548358619213104.
[I 2024-12-19 20:01:27,805] Trial 1207 finished with value: 0.12822742760181427 and parameters: {'mlp_n_layers': 3, 'mlp_dim_00': 360, 'mlp_dim_01': 384, 'mlp_dim_02': 347, 'node_hidden_dim': 82, 'edge_hidden_dim': 61, 'depth': 1, 'rep_dropout': 0.08939691141223398, 'train_learning_rate': 0.0010122537555421081, 'train_lr_reduce': 0.6}. Best is trial 122 with value: 0.09548358619213104.
