[I 2024-12-15 23:44:55,556] Trial 1218 finished with value: 0.12907573580741882 and parameters: {'mlp_n_layers': 4, 'mlp_dim_00': 256, 'mlp_dim_01': 80, 'mlp_dim_02': 160, 'mlp_dim_03': 224, 'hidden_channels': 96, 'num_layers': 4, 'num_timesteps': 2, 'dropout': 0.08401735579194361, 'train_learning_rate': 0.0016964139323487994, 'train_lr_reduce': 0.6}. Best is trial 130 with value: 0.0812772810459137.
[I 2024-12-15 23:45:07,727] Trial 1221 finished with value: 0.10577873140573502 and parameters: {'mlp_n_layers': 3, 'mlp_dim_00': 256, 'mlp_dim_01': 144, 'mlp_dim_02': 112, 'hidden_channels': 32, 'num_layers': 1, 'num_timesteps': 2, 'dropout': 0.17089277504406652, 'train_learning_rate': 0.00337798364045775, 'train_lr_reduce': 0.6}. Best is trial 130 with value: 0.0812772810459137.
[I 2024-12-15 23:45:11,116] Trial 1222 finished with value: 0.13478372991085052 and parameters: {'mlp_n_layers': 2, 'mlp_dim_00': 176, 'mlp_dim_01': 224, 'hidden_channels': 80, 'num_layers': 3, 'num_timesteps': 4, 'dropout': 0.14213217587257282, 'train_learning_rate': 0.009425952515033083, 'train_lr_reduce': 0.6}. Best is trial 130 with value: 0.0812772810459137.
[I 2024-12-15 23:45:20,712] Trial 1224 finished with value: 0.10164996236562729 and parameters: {'mlp_n_layers': 3, 'mlp_dim_00': 96, 'mlp_dim_01': 176, 'mlp_dim_02': 64, 'hidden_channels': 48, 'num_layers': 1, 'num_timesteps': 2, 'dropout': 0.21892603648549297, 'train_learning_rate': 0.004179042765029568, 'train_lr_reduce': 0.6}. Best is trial 130 with value: 0.0812772810459137.
[I 2024-12-15 23:45:25,275] Trial 1225 finished with value: 0.11241866648197174 and parameters: {'mlp_n_layers': 4, 'mlp_dim_00': 144, 'mlp_dim_01': 144, 'mlp_dim_02': 176, 'mlp_dim_03': 64, 'hidden_channels': 48, 'num_layers': 2, 'num_timesteps': 2, 'dropout': 0.2576396182360295, 'train_learning_rate': 0.0014432596265531396, 'train_lr_reduce': 0.6}. Best is trial 130 with value: 0.0812772810459137.
[I 2024-12-15 23:45:26,369] Trial 1223 finished with value: 0.13715991377830505 and parameters: {'mlp_n_layers': 3, 'mlp_dim_00': 192, 'mlp_dim_01': 160, 'mlp_dim_02': 144, 'hidden_channels': 208, 'num_layers': 4, 'num_timesteps': 4, 'dropout': 0.15082472042566025, 'train_learning_rate': 0.00025272075347267684, 'train_lr_reduce': 0.6}. Best is trial 130 with value: 0.0812772810459137.
[I 2024-12-15 23:45:33,787] Trial 1226 finished with value: 0.09475751221179962 and parameters: {'mlp_n_layers': 2, 'mlp_dim_00': 192, 'mlp_dim_01': 160, 'hidden_channels': 48, 'num_layers': 3, 'num_timesteps': 2, 'dropout': 0.19223238792679223, 'train_learning_rate': 0.002518960342750912, 'train_lr_reduce': 0.6}. Best is trial 130 with value: 0.0812772810459137.
[I 2024-12-15 23:45:34,494] Trial 1227 finished with value: 0.1158580556511879 and parameters: {'mlp_n_layers': 3, 'mlp_dim_00': 112, 'mlp_dim_01': 96, 'mlp_dim_02': 256, 'hidden_channels': 32, 'num_layers': 1, 'num_timesteps': 3, 'dropout': 0.21324154391887012, 'train_learning_rate': 0.004404299176905196, 'train_lr_reduce': 0.6}. Best is trial 130 with value: 0.0812772810459137.
[I 2024-12-15 23:45:35,204] Trial 1228 finished with value: 0.11171941459178925 and parameters: {'mlp_n_layers': 2, 'mlp_dim_00': 224, 'mlp_dim_01': 256, 'hidden_channels': 112, 'num_layers': 1, 'num_timesteps': 2, 'dropout': 0.24515853232711005, 'train_learning_rate': 0.006778741172293939, 'train_lr_reduce': 0.6}. Best is trial 130 with value: 0.0812772810459137.
[I 2024-12-15 23:45:50,178] Trial 1231 finished with value: 0.12027517706155777 and parameters: {'mlp_n_layers': 2, 'mlp_dim_00': 160, 'mlp_dim_01': 160, 'hidden_channels': 208, 'num_layers': 1, 'num_timesteps': 1, 'dropout': 0.0010160636891576036, 'train_learning_rate': 0.004461297779589649, 'train_lr_reduce': 0.6}. Best is trial 130 with value: 0.0812772810459137.
[I 2024-12-15 23:45:50,201] Trial 1230 finished with value: 0.12005738914012909 and parameters: {'mlp_n_layers': 4, 'mlp_dim_00': 96, 'mlp_dim_01': 160, 'mlp_dim_02': 128, 'mlp_dim_03': 128, 'hidden_channels': 64, 'num_layers': 1, 'num_timesteps': 3, 'dropout': 0.26542271507131526, 'train_learning_rate': 0.002257084751305399, 'train_lr_reduce': 0.6}. Best is trial 130 with value: 0.0812772810459137.
[I 2024-12-15 23:45:52,397] Trial 1229 finished with value: 0.12599128484725952 and parameters: {'mlp_n_layers': 2, 'mlp_dim_00': 240, 'mlp_dim_01': 240, 'hidden_channels': 208, 'num_layers': 3, 'num_timesteps': 1, 'dropout': 0.12817821756006162, 'train_learning_rate': 0.001220056502635805, 'train_lr_reduce': 0.6}. Best is trial 130 with value: 0.0812772810459137.
[I 2024-12-15 23:46:02,803] Trial 1233 finished with value: 0.12712329626083374 and parameters: {'mlp_n_layers': 2, 'mlp_dim_00': 32, 'mlp_dim_01': 192, 'hidden_channels': 96, 'num_layers': 2, 'num_timesteps': 3, 'dropout': 0.036118797756533774, 'train_learning_rate': 0.002777838448713581, 'train_lr_reduce': 0.6}. Best is trial 130 with value: 0.0812772810459137.
[I 2024-12-15 23:46:05,953] Trial 1232 finished with value: 0.118353933095932 and parameters: {'mlp_n_layers': 3, 'mlp_dim_00': 64, 'mlp_dim_01': 256, 'mlp_dim_02': 160, 'hidden_channels': 32, 'num_layers': 2, 'num_timesteps': 3, 'dropout': 0.08492641055279829, 'train_learning_rate': 0.006263794126573306, 'train_lr_reduce': 0.6}. Best is trial 130 with value: 0.0812772810459137.
[I 2024-12-15 23:46:06,294] Trial 1234 finished with value: 0.12217243015766144 and parameters: {'mlp_n_layers': 2, 'mlp_dim_00': 224, 'mlp_dim_01': 192, 'hidden_channels': 80, 'num_layers': 1, 'num_timesteps': 3, 'dropout': 0.21721760060952183, 'train_learning_rate': 0.0036424189537536057, 'train_lr_reduce': 0.6}. Best is trial 130 with value: 0.0812772810459137.
[I 2024-12-15 23:46:19,345] Trial 1235 finished with value: 0.13553518056869507 and parameters: {'mlp_n_layers': 2, 'mlp_dim_00': 144, 'mlp_dim_01': 176, 'hidden_channels': 192, 'num_layers': 4, 'num_timesteps': 4, 'dropout': 0.28269076056108056, 'train_learning_rate': 0.007915952013525369, 'train_lr_reduce': 0.6}. Best is trial 130 with value: 0.0812772810459137.
[I 2024-12-15 23:46:24,404] Trial 1237 finished with value: 0.12636427581310272 and parameters: {'mlp_n_layers': 3, 'mlp_dim_00': 256, 'mlp_dim_01': 256, 'mlp_dim_02': 208, 'hidden_channels': 80, 'num_layers': 4, 'num_timesteps': 3, 'dropout': 0.1898790099463254, 'train_learning_rate': 0.006257923755671373, 'train_lr_reduce': 0.6}. Best is trial 130 with value: 0.0812772810459137.
[I 2024-12-15 23:46:24,676] Trial 1236 finished with value: 0.10975174605846405 and parameters: {'mlp_n_layers': 2, 'mlp_dim_00': 144, 'mlp_dim_01': 112, 'hidden_channels': 64, 'num_layers': 3, 'num_timesteps': 3, 'dropout': 0.18513937460949964, 'train_learning_rate': 0.00743653250863967, 'train_lr_reduce': 0.6}. Best is trial 130 with value: 0.0812772810459137.
[I 2024-12-15 23:46:30,547] Trial 1238 finished with value: 0.12268759310245514 and parameters: {'mlp_n_layers': 2, 'mlp_dim_00': 128, 'mlp_dim_01': 256, 'hidden_channels': 48, 'num_layers': 1, 'num_timesteps': 4, 'dropout': 0.024586610032307693, 'train_learning_rate': 0.0028427504076652616, 'train_lr_reduce': 0.6}. Best is trial 130 with value: 0.0812772810459137.
[I 2024-12-15 23:46:37,339] Trial 1240 finished with value: 0.17744885385036469 and parameters: {'mlp_n_layers': 3, 'mlp_dim_00': 64, 'mlp_dim_01': 176, 'mlp_dim_02': 144, 'hidden_channels': 96, 'num_layers': 1, 'num_timesteps': 3, 'dropout': 0.2735520276255738, 'train_learning_rate': 0.009949724916347985, 'train_lr_reduce': 0.6}. Best is trial 130 with value: 0.0812772810459137.
[I 2024-12-15 23:46:48,849] Trial 1242 finished with value: 0.10878293961286545 and parameters: {'mlp_n_layers': 2, 'mlp_dim_00': 64, 'mlp_dim_01': 224, 'hidden_channels': 48, 'num_layers': 1, 'num_timesteps': 4, 'dropout': 0.13391368695898073, 'train_learning_rate': 0.0077186129477719075, 'train_lr_reduce': 0.6}. Best is trial 130 with value: 0.0812772810459137.
[I 2024-12-15 23:46:49,356] Trial 1239 finished with value: 0.14989018440246582 and parameters: {'mlp_n_layers': 4, 'mlp_dim_00': 32, 'mlp_dim_01': 32, 'mlp_dim_02': 96, 'mlp_dim_03': 192, 'hidden_channels': 224, 'num_layers': 4, 'num_timesteps': 1, 'dropout': 0.09425248211659197, 'train_learning_rate': 0.000603792765027943, 'train_lr_reduce': 0.6}. Best is trial 130 with value: 0.0812772810459137.
[I 2024-12-15 23:46:54,381] Trial 1241 finished with value: 0.11081663519144058 and parameters: {'mlp_n_layers': 3, 'mlp_dim_00': 144, 'mlp_dim_01': 160, 'mlp_dim_02': 176, 'hidden_channels': 32, 'num_layers': 1, 'num_timesteps': 2, 'dropout': 0.20483563560314305, 'train_learning_rate': 0.0019212592504315338, 'train_lr_reduce': 0.6}. Best is trial 130 with value: 0.0812772810459137.
[I 2024-12-15 23:47:00,406] Trial 1244 finished with value: 0.10810315608978271 and parameters: {'mlp_n_layers': 3, 'mlp_dim_00': 256, 'mlp_dim_01': 192, 'mlp_dim_02': 192, 'hidden_channels': 64, 'num_layers': 1, 'num_timesteps': 1, 'dropout': 0.2888886884280467, 'train_learning_rate': 0.0032153100206229247, 'train_lr_reduce': 0.6}. Best is trial 130 with value: 0.0812772810459137.
[I 2024-12-15 23:47:02,469] Trial 1243 finished with value: 0.16376645863056183 and parameters: {'mlp_n_layers': 4, 'mlp_dim_00': 128, 'mlp_dim_01': 192, 'mlp_dim_02': 128, 'mlp_dim_03': 32, 'hidden_channels': 128, 'num_layers': 4, 'num_timesteps': 3, 'dropout': 0.016099754433853336, 'train_learning_rate': 0.007797467614414414, 'train_lr_reduce': 0.6}. Best is trial 130 with value: 0.0812772810459137.
[I 2024-12-15 23:47:06,507] Trial 1245 finished with value: 0.10252054780721664 and parameters: {'mlp_n_layers': 3, 'mlp_dim_00': 256, 'mlp_dim_01': 160, 'mlp_dim_02': 160, 'hidden_channels': 32, 'num_layers': 1, 'num_timesteps': 3, 'dropout': 0.25374991169303956, 'train_learning_rate': 0.008085572620627597, 'train_lr_reduce': 0.6}. Best is trial 130 with value: 0.0812772810459137.
[I 2024-12-15 23:47:16,052] Trial 1247 finished with value: 0.12786436080932617 and parameters: {'mlp_n_layers': 2, 'mlp_dim_00': 176, 'mlp_dim_01': 224, 'hidden_channels': 64, 'num_layers': 2, 'num_timesteps': 3, 'dropout': 0.22656246967124785, 'train_learning_rate': 0.009458611939797752, 'train_lr_reduce': 0.6}. Best is trial 130 with value: 0.0812772810459137.
[I 2024-12-15 23:47:18,804] Trial 1248 finished with value: 0.12402673810720444 and parameters: {'mlp_n_layers': 4, 'mlp_dim_00': 96, 'mlp_dim_01': 144, 'mlp_dim_02': 80, 'mlp_dim_03': 160, 'hidden_channels': 48, 'num_layers': 1, 'num_timesteps': 1, 'dropout': 0.21691548097556018, 'train_learning_rate': 0.005495360013666286, 'train_lr_reduce': 0.6}. Best is trial 130 with value: 0.0812772810459137.
[I 2024-12-15 23:47:22,441] Trial 1246 finished with value: 0.11691392958164215 and parameters: {'mlp_n_layers': 3, 'mlp_dim_00': 240, 'mlp_dim_01': 256, 'mlp_dim_02': 112, 'hidden_channels': 32, 'num_layers': 2, 'num_timesteps': 3, 'dropout': 0.1794643153816145, 'train_learning_rate': 0.0012839686480272542, 'train_lr_reduce': 0.6}. Best is trial 130 with value: 0.0812772810459137.
[I 2024-12-15 23:47:28,246] Trial 1249 finished with value: 0.12463593482971191 and parameters: {'mlp_n_layers': 2, 'mlp_dim_00': 80, 'mlp_dim_01': 224, 'hidden_channels': 64, 'num_layers': 2, 'num_timesteps': 4, 'dropout': 0.16567751360086852, 'train_learning_rate': 0.0067572729371808285, 'train_lr_reduce': 0.6}. Best is trial 130 with value: 0.0812772810459137.
[I 2024-12-15 23:47:31,713] Trial 1251 finished with value: 0.0833660289645195 and parameters: {'mlp_n_layers': 2, 'mlp_dim_00': 240, 'mlp_dim_01': 240, 'hidden_channels': 160, 'num_layers': 1, 'num_timesteps': 3, 'dropout': 0.18705215970904754, 'train_learning_rate': 0.008395975240216043, 'train_lr_reduce': 0.6}. Best is trial 130 with value: 0.0812772810459137.
[I 2024-12-15 23:47:38,165] Trial 1250 finished with value: 0.10212600231170654 and parameters: {'mlp_n_layers': 2, 'mlp_dim_00': 208, 'mlp_dim_01': 192, 'hidden_channels': 48, 'num_layers': 4, 'num_timesteps': 3, 'dropout': 0.1863048223783202, 'train_learning_rate': 0.0029552147158426263, 'train_lr_reduce': 0.6}. Best is trial 130 with value: 0.0812772810459137.
[I 2024-12-15 23:47:49,795] Trial 1252 finished with value: 0.19695383310317993 and parameters: {'mlp_n_layers': 4, 'mlp_dim_00': 32, 'mlp_dim_01': 128, 'mlp_dim_02': 144, 'mlp_dim_03': 256, 'hidden_channels': 96, 'num_layers': 1, 'num_timesteps': 2, 'dropout': 0.00979498520034583, 'train_learning_rate': 0.00920066630260755, 'train_lr_reduce': 0.6}. Best is trial 130 with value: 0.0812772810459137.
[I 2024-12-15 23:47:52,535] Trial 1254 finished with value: 0.10741215944290161 and parameters: {'mlp_n_layers': 2, 'mlp_dim_00': 192, 'mlp_dim_01': 160, 'hidden_channels': 96, 'num_layers': 2, 'num_timesteps': 3, 'dropout': 0.17411996512920694, 'train_learning_rate': 0.0057068541592783404, 'train_lr_reduce': 0.6}. Best is trial 130 with value: 0.0812772810459137.
[I 2024-12-15 23:47:58,001] Trial 1253 finished with value: 0.17047712206840515 and parameters: {'mlp_n_layers': 2, 'mlp_dim_00': 240, 'mlp_dim_01': 224, 'hidden_channels': 176, 'num_layers': 2, 'num_timesteps': 3, 'dropout': 0.15201901649196747, 'train_learning_rate': 0.006352695269334903, 'train_lr_reduce': 0.6}. Best is trial 130 with value: 0.0812772810459137.
[I 2024-12-15 23:48:01,061] Trial 1255 finished with value: 0.11513689905405045 and parameters: {'mlp_n_layers': 2, 'mlp_dim_00': 208, 'mlp_dim_01': 224, 'hidden_channels': 128, 'num_layers': 1, 'num_timesteps': 3, 'dropout': 0.1727166204103885, 'train_learning_rate': 0.002887955195802106, 'train_lr_reduce': 0.6}. Best is trial 130 with value: 0.0812772810459137.
[I 2024-12-15 23:48:04,922] Trial 1256 finished with value: 0.12990163266658783 and parameters: {'mlp_n_layers': 2, 'mlp_dim_00': 208, 'mlp_dim_01': 240, 'hidden_channels': 144, 'num_layers': 1, 'num_timesteps': 3, 'dropout': 0.1301078145997484, 'train_learning_rate': 0.008722797274501086, 'train_lr_reduce': 0.6}. Best is trial 130 with value: 0.0812772810459137.
[I 2024-12-15 23:48:16,432] Trial 1258 finished with value: 0.13291318714618683 and parameters: {'mlp_n_layers': 2, 'mlp_dim_00': 256, 'mlp_dim_01': 192, 'hidden_channels': 192, 'num_layers': 1, 'num_timesteps': 2, 'dropout': 0.117773048894951, 'train_learning_rate': 0.008684419886627017, 'train_lr_reduce': 0.6}. Best is trial 130 with value: 0.0812772810459137.
[I 2024-12-15 23:48:16,964] Trial 1259 finished with value: 0.10625249892473221 and parameters: {'mlp_n_layers': 2, 'mlp_dim_00': 256, 'mlp_dim_01': 256, 'hidden_channels': 176, 'num_layers': 1, 'num_timesteps': 3, 'dropout': 0.2044407932469796, 'train_learning_rate': 0.006604519580673881, 'train_lr_reduce': 0.6}. Best is trial 130 with value: 0.0812772810459137.
[I 2024-12-15 23:48:17,156] Trial 1257 finished with value: 0.10449538379907608 and parameters: {'mlp_n_layers': 2, 'mlp_dim_00': 48, 'mlp_dim_01': 240, 'hidden_channels': 32, 'num_layers': 2, 'num_timesteps': 4, 'dropout': 0.11760553971857107, 'train_learning_rate': 0.0023098143516447536, 'train_lr_reduce': 0.6}. Best is trial 130 with value: 0.0812772810459137.
[I 2024-12-15 23:48:28,430] Trial 1262 finished with value: 0.10559723526239395 and parameters: {'mlp_n_layers': 2, 'mlp_dim_00': 240, 'mlp_dim_01': 240, 'hidden_channels': 128, 'num_layers': 1, 'num_timesteps': 4, 'dropout': 0.15315772937123423, 'train_learning_rate': 0.0053150391001539335, 'train_lr_reduce': 0.6}. Best is trial 130 with value: 0.0812772810459137.
[I 2024-12-15 23:48:31,761] Trial 1260 finished with value: 0.1221190094947815 and parameters: {'mlp_n_layers': 3, 'mlp_dim_00': 208, 'mlp_dim_01': 256, 'mlp_dim_02': 224, 'hidden_channels': 112, 'num_layers': 2, 'num_timesteps': 3, 'dropout': 0.19010449074291974, 'train_learning_rate': 0.008854467866366688, 'train_lr_reduce': 0.6}. Best is trial 130 with value: 0.0812772810459137.
[I 2024-12-15 23:48:36,499] Trial 1261 finished with value: 0.10365210473537445 and parameters: {'mlp_n_layers': 3, 'mlp_dim_00': 240, 'mlp_dim_01': 240, 'mlp_dim_02': 176, 'hidden_channels': 32, 'num_layers': 3, 'num_timesteps': 3, 'dropout': 0.204645043092161, 'train_learning_rate': 0.005070534680228655, 'train_lr_reduce': 0.6}. Best is trial 130 with value: 0.0812772810459137.
[I 2024-12-15 23:48:42,282] Trial 1263 finished with value: 0.12981700897216797 and parameters: {'mlp_n_layers': 3, 'mlp_dim_00': 240, 'mlp_dim_01': 144, 'mlp_dim_02': 128, 'hidden_channels': 64, 'num_layers': 1, 'num_timesteps': 1, 'dropout': 0.27566129571376785, 'train_learning_rate': 0.009801556342500527, 'train_lr_reduce': 0.6}. Best is trial 130 with value: 0.0812772810459137.
[I 2024-12-15 23:48:50,714] Trial 1264 finished with value: 0.1635841578245163 and parameters: {'mlp_n_layers': 2, 'mlp_dim_00': 224, 'mlp_dim_01': 256, 'hidden_channels': 160, 'num_layers': 1, 'num_timesteps': 3, 'dropout': 0.22217794720702053, 'train_learning_rate': 0.009138660202686204, 'train_lr_reduce': 0.6}. Best is trial 130 with value: 0.0812772810459137.
[I 2024-12-15 23:49:03,471] Trial 1267 finished with value: 0.11406398564577103 and parameters: {'mlp_n_layers': 3, 'mlp_dim_00': 96, 'mlp_dim_01': 128, 'mlp_dim_02': 160, 'hidden_channels': 48, 'num_layers': 2, 'num_timesteps': 2, 'dropout': 0.1939276005772827, 'train_learning_rate': 0.004545960029722632, 'train_lr_reduce': 0.6}. Best is trial 130 with value: 0.0812772810459137.
[I 2024-12-15 23:49:04,033] Trial 1266 finished with value: 0.110747329890728 and parameters: {'mlp_n_layers': 2, 'mlp_dim_00': 32, 'mlp_dim_01': 192, 'hidden_channels': 32, 'num_layers': 3, 'num_timesteps': 3, 'dropout': 0.10360270685818743, 'train_learning_rate': 0.003894141957929585, 'train_lr_reduce': 0.6}. Best is trial 130 with value: 0.0812772810459137.
[I 2024-12-15 23:49:06,533] Trial 1265 finished with value: 0.15356945991516113 and parameters: {'mlp_n_layers': 2, 'mlp_dim_00': 176, 'mlp_dim_01': 32, 'hidden_channels': 208, 'num_layers': 3, 'num_timesteps': 3, 'dropout': 0.03140693977100566, 'train_learning_rate': 0.00013927457670972722, 'train_lr_reduce': 0.6}. Best is trial 130 with value: 0.0812772810459137.
[I 2024-12-15 23:49:20,542] Trial 1268 finished with value: 0.11468730121850967 and parameters: {'mlp_n_layers': 3, 'mlp_dim_00': 144, 'mlp_dim_01': 192, 'mlp_dim_02': 192, 'hidden_channels': 32, 'num_layers': 3, 'num_timesteps': 4, 'dropout': 0.21238601876876897, 'train_learning_rate': 0.00202837137185284, 'train_lr_reduce': 0.6}. Best is trial 130 with value: 0.0812772810459137.
[I 2024-12-15 23:49:20,588] Trial 1270 finished with value: 0.13232041895389557 and parameters: {'mlp_n_layers': 4, 'mlp_dim_00': 144, 'mlp_dim_01': 64, 'mlp_dim_02': 144, 'mlp_dim_03': 208, 'hidden_channels': 144, 'num_layers': 4, 'num_timesteps': 3, 'dropout': 0.2610794813954451, 'train_learning_rate': 0.004766913010814631, 'train_lr_reduce': 0.6}. Best is trial 130 with value: 0.0812772810459137.
[I 2024-12-15 23:49:28,533] Trial 1269 finished with value: 0.14232933521270752 and parameters: {'mlp_n_layers': 4, 'mlp_dim_00': 176, 'mlp_dim_01': 224, 'mlp_dim_02': 112, 'mlp_dim_03': 96, 'hidden_channels': 32, 'num_layers': 3, 'num_timesteps': 3, 'dropout': 0.23016837642827914, 'train_learning_rate': 0.009286762145689515, 'train_lr_reduce': 0.6}. Best is trial 130 with value: 0.0812772810459137.
[I 2024-12-15 23:49:31,461] Trial 1272 finished with value: 0.10304559022188187 and parameters: {'mlp_n_layers': 3, 'mlp_dim_00': 96, 'mlp_dim_01': 144, 'mlp_dim_02': 160, 'hidden_channels': 32, 'num_layers': 1, 'num_timesteps': 2, 'dropout': 0.2980944052560365, 'train_learning_rate': 0.00351740753334393, 'train_lr_reduce': 0.6}. Best is trial 130 with value: 0.0812772810459137.
[I 2024-12-15 23:49:35,818] Trial 1271 finished with value: 0.11145975440740585 and parameters: {'mlp_n_layers': 3, 'mlp_dim_00': 224, 'mlp_dim_01': 192, 'mlp_dim_02': 160, 'hidden_channels': 64, 'num_layers': 2, 'num_timesteps': 2, 'dropout': 0.24106031100147268, 'train_learning_rate': 0.009988166686980667, 'train_lr_reduce': 0.6}. Best is trial 130 with value: 0.0812772810459137.
[I 2024-12-15 23:49:40,081] Trial 1273 finished with value: 0.11375252157449722 and parameters: {'mlp_n_layers': 2, 'mlp_dim_00': 96, 'mlp_dim_01': 208, 'hidden_channels': 32, 'num_layers': 1, 'num_timesteps': 3, 'dropout': 0.2765336521369333, 'train_learning_rate': 0.002103895647073465, 'train_lr_reduce': 0.6}. Best is trial 130 with value: 0.0812772810459137.
[I 2024-12-15 23:49:42,254] Trial 1274 finished with value: 0.1619463562965393 and parameters: {'mlp_n_layers': 2, 'mlp_dim_00': 256, 'mlp_dim_01': 112, 'hidden_channels': 176, 'num_layers': 2, 'num_timesteps': 1, 'dropout': 0.2796037684885664, 'train_learning_rate': 0.003829748634566642, 'train_lr_reduce': 0.6}. Best is trial 130 with value: 0.0812772810459137.
[I 2024-12-15 23:49:52,435] Trial 1275 finished with value: 0.11985936015844345 and parameters: {'mlp_n_layers': 2, 'mlp_dim_00': 64, 'mlp_dim_01': 64, 'hidden_channels': 64, 'num_layers': 4, 'num_timesteps': 3, 'dropout': 0.23223519978952786, 'train_learning_rate': 0.0040147620879143284, 'train_lr_reduce': 0.6}. Best is trial 130 with value: 0.0812772810459137.
[I 2024-12-15 23:49:53,477] Trial 1276 finished with value: 0.11723624169826508 and parameters: {'mlp_n_layers': 2, 'mlp_dim_00': 240, 'mlp_dim_01': 192, 'hidden_channels': 192, 'num_layers': 2, 'num_timesteps': 2, 'dropout': 0.21117210255991298, 'train_learning_rate': 0.007566710678873674, 'train_lr_reduce': 0.6}. Best is trial 130 with value: 0.0812772810459137.
[I 2024-12-15 23:49:54,434] Trial 1277 finished with value: 0.133279949426651 and parameters: {'mlp_n_layers': 2, 'mlp_dim_00': 256, 'mlp_dim_01': 256, 'hidden_channels': 144, 'num_layers': 1, 'num_timesteps': 3, 'dropout': 0.10072973921590073, 'train_learning_rate': 0.0017685447980232349, 'train_lr_reduce': 0.6}. Best is trial 130 with value: 0.0812772810459137.
