[I 2024-12-04 18:13:34,806] Trial 2273 finished with value: 0.31659064435091927 and parameters: {'n_estimators': 907, 'max_depth': 6, 'learning_rate': 0.07513922715226964, 'subsample': 0.769329329901295, 'colsample_bytree': 0.7168459025769471, 'min_child_weight': 2, 'gamma': 0.0009019498059345724, 'reg_alpha': 0.00018128527179475242, 'reg_lambda': 0.013046875475388417}. Best is trial 1319 with value: 0.30197738672869706.
[I 2024-12-04 18:13:36,278] Trial 2274 finished with value: 0.316946412005849 and parameters: {'n_estimators': 908, 'max_depth': 6, 'learning_rate': 0.07502412456695944, 'subsample': 0.7692838066268214, 'colsample_bytree': 0.7171673451038441, 'min_child_weight': 2, 'gamma': 0.0009043128173163302, 'reg_alpha': 0.0001726745448174565, 'reg_lambda': 0.013134695220201543}. Best is trial 1319 with value: 0.30197738672869706.
[I 2024-12-04 18:13:37,757] Trial 2275 finished with value: 0.31073124301416466 and parameters: {'n_estimators': 908, 'max_depth': 6, 'learning_rate': 0.07509668708438835, 'subsample': 0.7690590396633684, 'colsample_bytree': 0.7172703759843249, 'min_child_weight': 2, 'gamma': 0.000896611603500437, 'reg_alpha': 0.000175486130872933, 'reg_lambda': 0.013292068611213619}. Best is trial 1319 with value: 0.30197738672869706.
[I 2024-12-04 18:13:39,280] Trial 2276 finished with value: 0.311446621900246 and parameters: {'n_estimators': 907, 'max_depth': 6, 'learning_rate': 0.07495810197398578, 'subsample': 0.7694645980784821, 'colsample_bytree': 0.7173116281290044, 'min_child_weight': 2, 'gamma': 0.00090610360586011, 'reg_alpha': 0.00017122099761145054, 'reg_lambda': 0.013355342614282804}. Best is trial 1319 with value: 0.30197738672869706.
[I 2024-12-04 18:13:40,872] Trial 2277 finished with value: 0.3126314419900216 and parameters: {'n_estimators': 909, 'max_depth': 6, 'learning_rate': 0.07489088367077329, 'subsample': 0.7692103832779397, 'colsample_bytree': 0.7174912746169817, 'min_child_weight': 2, 'gamma': 0.0008682709012250477, 'reg_alpha': 0.00015615416037601874, 'reg_lambda': 0.013249664108639576}. Best is trial 1319 with value: 0.30197738672869706.
[I 2024-12-04 18:13:42,459] Trial 2278 finished with value: 0.31323580033546655 and parameters: {'n_estimators': 908, 'max_depth': 6, 'learning_rate': 0.07497764117831207, 'subsample': 0.7692387456612315, 'colsample_bytree': 0.7178493573500504, 'min_child_weight': 2, 'gamma': 0.0008757233415807595, 'reg_alpha': 0.00016384834805084828, 'reg_lambda': 0.013349514817344142}. Best is trial 1319 with value: 0.30197738672869706.
[I 2024-12-04 18:13:44,002] Trial 2279 finished with value: 0.31306950563065766 and parameters: {'n_estimators': 908, 'max_depth': 6, 'learning_rate': 0.07508677572380817, 'subsample': 0.7695359390512508, 'colsample_bytree': 0.7171259198273048, 'min_child_weight': 2, 'gamma': 0.0009240953965981606, 'reg_alpha': 0.000176108737587397, 'reg_lambda': 0.013195312207331078}. Best is trial 1319 with value: 0.30197738672869706.
[I 2024-12-04 18:13:45,472] Trial 2280 finished with value: 0.3148819153671873 and parameters: {'n_estimators': 908, 'max_depth': 6, 'learning_rate': 0.07519635993621074, 'subsample': 0.7693274856581733, 'colsample_bytree': 0.7176476365495446, 'min_child_weight': 2, 'gamma': 0.0009275650390749246, 'reg_alpha': 0.0001891298281954089, 'reg_lambda': 0.013268690306745892}. Best is trial 1319 with value: 0.30197738672869706.
[I 2024-12-04 18:13:46,929] Trial 2281 finished with value: 0.309659485964806 and parameters: {'n_estimators': 908, 'max_depth': 6, 'learning_rate': 0.07498946288235045, 'subsample': 0.7691458269287281, 'colsample_bytree': 0.7178000718536679, 'min_child_weight': 2, 'gamma': 0.0008789662277731026, 'reg_alpha': 0.00016894706989466102, 'reg_lambda': 0.013297982813773195}. Best is trial 1319 with value: 0.30197738672869706.
[I 2024-12-04 18:13:48,372] Trial 2282 finished with value: 0.314330763940519 and parameters: {'n_estimators': 908, 'max_depth': 6, 'learning_rate': 0.07511473953024408, 'subsample': 0.76913939044577, 'colsample_bytree': 0.7175841853549545, 'min_child_weight': 2, 'gamma': 0.0009039001073362931, 'reg_alpha': 0.00017518128740208404, 'reg_lambda': 0.013274012144332215}. Best is trial 1319 with value: 0.30197738672869706.
[I 2024-12-04 18:13:49,953] Trial 2283 finished with value: 0.31431639441759307 and parameters: {'n_estimators': 908, 'max_depth': 6, 'learning_rate': 0.07521119160204004, 'subsample': 0.76927217001274, 'colsample_bytree': 0.7173049600927983, 'min_child_weight': 2, 'gamma': 0.0009107178840011398, 'reg_alpha': 0.0001798843516309449, 'reg_lambda': 0.013476527722011227}. Best is trial 1319 with value: 0.30197738672869706.
[I 2024-12-04 18:13:51,406] Trial 2284 finished with value: 0.31315055928965296 and parameters: {'n_estimators': 908, 'max_depth': 6, 'learning_rate': 0.07509079690362441, 'subsample': 0.7693678063499547, 'colsample_bytree': 0.7175070849419425, 'min_child_weight': 2, 'gamma': 0.0009317156383879577, 'reg_alpha': 0.00018170676380557734, 'reg_lambda': 0.013280600656154362}. Best is trial 1319 with value: 0.30197738672869706.
[I 2024-12-04 18:13:52,865] Trial 2285 finished with value: 0.3136732703661639 and parameters: {'n_estimators': 907, 'max_depth': 6, 'learning_rate': 0.0750786707257089, 'subsample': 0.7695228846737536, 'colsample_bytree': 0.7174429277864856, 'min_child_weight': 2, 'gamma': 0.000924120763070206, 'reg_alpha': 0.00018268620904596337, 'reg_lambda': 0.01316775427313542}. Best is trial 1319 with value: 0.30197738672869706.
[I 2024-12-04 18:13:54,314] Trial 2286 finished with value: 0.3129747006282726 and parameters: {'n_estimators': 908, 'max_depth': 6, 'learning_rate': 0.07519965114263215, 'subsample': 0.7692391281573467, 'colsample_bytree': 0.7175371811029023, 'min_child_weight': 2, 'gamma': 0.0009198992641960259, 'reg_alpha': 0.0001791511036246407, 'reg_lambda': 0.013532669799893073}. Best is trial 1319 with value: 0.30197738672869706.
[I 2024-12-04 18:13:55,896] Trial 2287 finished with value: 0.31289416540058296 and parameters: {'n_estimators': 908, 'max_depth': 6, 'learning_rate': 0.07501576443474006, 'subsample': 0.7690938727884217, 'colsample_bytree': 0.7174392152537908, 'min_child_weight': 2, 'gamma': 0.000882821140658932, 'reg_alpha': 0.00016472157212337667, 'reg_lambda': 0.013294550949966157}. Best is trial 1319 with value: 0.30197738672869706.
[I 2024-12-04 18:13:57,360] Trial 2288 finished with value: 0.3100758569166644 and parameters: {'n_estimators': 909, 'max_depth': 6, 'learning_rate': 0.0748539709815323, 'subsample': 0.7691963084229763, 'colsample_bytree': 0.7170571094649292, 'min_child_weight': 2, 'gamma': 0.0008794974562259714, 'reg_alpha': 0.00017045600058760343, 'reg_lambda': 0.013130421370373575}. Best is trial 1319 with value: 0.30197738672869706.
[I 2024-12-04 18:13:58,918] Trial 2289 finished with value: 0.3160709457782825 and parameters: {'n_estimators': 908, 'max_depth': 6, 'learning_rate': 0.07507655980890358, 'subsample': 0.7690344739296745, 'colsample_bytree': 0.7170595726267563, 'min_child_weight': 2, 'gamma': 0.0009006413682407247, 'reg_alpha': 0.00017452080643964613, 'reg_lambda': 0.013308369904964602}. Best is trial 1319 with value: 0.30197738672869706.
[I 2024-12-04 18:14:00,398] Trial 2290 finished with value: 0.3111128389914024 and parameters: {'n_estimators': 909, 'max_depth': 6, 'learning_rate': 0.07488028057880047, 'subsample': 0.7693630081578614, 'colsample_bytree': 0.7175010602038547, 'min_child_weight': 2, 'gamma': 0.0008618105950145359, 'reg_alpha': 0.00016270468067906493, 'reg_lambda': 0.01337324446097652}. Best is trial 1319 with value: 0.30197738672869706.
[I 2024-12-04 18:14:01,921] Trial 2291 finished with value: 0.3093933052386261 and parameters: {'n_estimators': 906, 'max_depth': 6, 'learning_rate': 0.0749681536068584, 'subsample': 0.769381047414456, 'colsample_bytree': 0.7171828856570424, 'min_child_weight': 2, 'gamma': 0.0008982157719734315, 'reg_alpha': 0.000174485086659071, 'reg_lambda': 0.013207171488590533}. Best is trial 1319 with value: 0.30197738672869706.
[I 2024-12-04 18:14:03,408] Trial 2292 finished with value: 0.3141888257073186 and parameters: {'n_estimators': 906, 'max_depth': 6, 'learning_rate': 0.07487760549934402, 'subsample': 0.7693563030170346, 'colsample_bytree': 0.7171386782339964, 'min_child_weight': 2, 'gamma': 0.0008951807303520508, 'reg_alpha': 0.00017375537829400424, 'reg_lambda': 0.012752811705297691}. Best is trial 1319 with value: 0.30197738672869706.
[I 2024-12-04 18:14:05,097] Trial 2293 finished with value: 0.3076844726117847 and parameters: {'n_estimators': 908, 'max_depth': 6, 'learning_rate': 0.07506767367767513, 'subsample': 0.7691854832588508, 'colsample_bytree': 0.717665646056757, 'min_child_weight': 2, 'gamma': 0.0008870677816780458, 'reg_alpha': 0.00016628140061698086, 'reg_lambda': 0.013568372318023927}. Best is trial 1319 with value: 0.30197738672869706.
[I 2024-12-04 18:14:06,585] Trial 2294 finished with value: 0.3118977916557186 and parameters: {'n_estimators': 909, 'max_depth': 6, 'learning_rate': 0.07499297684113114, 'subsample': 0.7690620576631306, 'colsample_bytree': 0.7178379291525623, 'min_child_weight': 2, 'gamma': 0.0008714797698285735, 'reg_alpha': 0.00016085404979372997, 'reg_lambda': 0.013656634673819995}. Best is trial 1319 with value: 0.30197738672869706.
[I 2024-12-04 18:14:08,063] Trial 2295 finished with value: 0.3083038993820074 and parameters: {'n_estimators': 907, 'max_depth': 6, 'learning_rate': 0.07515190808936585, 'subsample': 0.769134325581071, 'colsample_bytree': 0.7177003701263901, 'min_child_weight': 2, 'gamma': 0.0008946104575898067, 'reg_alpha': 0.000178363048686764, 'reg_lambda': 0.013371563420300282}. Best is trial 1319 with value: 0.30197738672869706.
[I 2024-12-04 18:14:09,532] Trial 2296 finished with value: 0.3153461578799253 and parameters: {'n_estimators': 907, 'max_depth': 6, 'learning_rate': 0.074836309939226, 'subsample': 0.769271366888907, 'colsample_bytree': 0.7177636596417044, 'min_child_weight': 2, 'gamma': 0.0008870874164152983, 'reg_alpha': 0.00016569551176433208, 'reg_lambda': 0.013377692143991211}. Best is trial 1319 with value: 0.30197738672869706.
[I 2024-12-04 18:14:11,206] Trial 2297 finished with value: 0.3136421612440623 and parameters: {'n_estimators': 909, 'max_depth': 6, 'learning_rate': 0.0749527233405521, 'subsample': 0.7691398600670851, 'colsample_bytree': 0.7172601481978423, 'min_child_weight': 2, 'gamma': 0.0008697942712826368, 'reg_alpha': 0.00016869415972338143, 'reg_lambda': 0.013108974284157048}. Best is trial 1319 with value: 0.30197738672869706.
[I 2024-12-04 18:14:12,777] Trial 2298 finished with value: 0.312762907572482 and parameters: {'n_estimators': 908, 'max_depth': 6, 'learning_rate': 0.07483615180537875, 'subsample': 0.7693650439953434, 'colsample_bytree': 0.7175340039146827, 'min_child_weight': 2, 'gamma': 0.0008841894079957642, 'reg_alpha': 0.00017220635822878406, 'reg_lambda': 0.013006068583485544}. Best is trial 1319 with value: 0.30197738672869706.
[I 2024-12-04 18:14:14,315] Trial 2299 finished with value: 0.31399745493095926 and parameters: {'n_estimators': 908, 'max_depth': 6, 'learning_rate': 0.07496504149424657, 'subsample': 0.7692054010278737, 'colsample_bytree': 0.7172695910156975, 'min_child_weight': 2, 'gamma': 0.0008925387542270823, 'reg_alpha': 0.00016879151082719438, 'reg_lambda': 0.013590900068812172}. Best is trial 1319 with value: 0.30197738672869706.
[I 2024-12-04 18:14:15,759] Trial 2300 finished with value: 0.30993995236775945 and parameters: {'n_estimators': 908, 'max_depth': 6, 'learning_rate': 0.07505157641251657, 'subsample': 0.7691972216400048, 'colsample_bytree': 0.7174109237503628, 'min_child_weight': 2, 'gamma': 0.0008909900957333746, 'reg_alpha': 0.00017057089660857275, 'reg_lambda': 0.013252141713115282}. Best is trial 1319 with value: 0.30197738672869706.
[I 2024-12-04 18:14:17,205] Trial 2301 finished with value: 0.3117101979546821 and parameters: {'n_estimators': 908, 'max_depth': 6, 'learning_rate': 0.07494244329565446, 'subsample': 0.7692139041751918, 'colsample_bytree': 0.7176421400798887, 'min_child_weight': 2, 'gamma': 0.0008758826611298479, 'reg_alpha': 0.00016674442558525421, 'reg_lambda': 0.013260016605867645}. Best is trial 1319 with value: 0.30197738672869706.
[I 2024-12-04 18:14:18,783] Trial 2302 finished with value: 0.31577605788114094 and parameters: {'n_estimators': 909, 'max_depth': 6, 'learning_rate': 0.07499974732392217, 'subsample': 0.7692842581459266, 'colsample_bytree': 0.7172762890440256, 'min_child_weight': 2, 'gamma': 0.0009011563077951224, 'reg_alpha': 0.00017097170330991932, 'reg_lambda': 0.013264248764584909}. Best is trial 1319 with value: 0.30197738672869706.
[I 2024-12-04 18:14:20,222] Trial 2303 finished with value: 0.31496421688463194 and parameters: {'n_estimators': 906, 'max_depth': 6, 'learning_rate': 0.07507516194852132, 'subsample': 0.769330612181345, 'colsample_bytree': 0.7175202460175587, 'min_child_weight': 2, 'gamma': 0.000888315968828421, 'reg_alpha': 0.00016819719336985358, 'reg_lambda': 0.013444089558381962}. Best is trial 1319 with value: 0.30197738672869706.
[I 2024-12-04 18:14:21,686] Trial 2304 finished with value: 0.31298116268952814 and parameters: {'n_estimators': 907, 'max_depth': 6, 'learning_rate': 0.07525122629986723, 'subsample': 0.7692203684798175, 'colsample_bytree': 0.717474556365483, 'min_child_weight': 2, 'gamma': 0.0008979151956966821, 'reg_alpha': 0.00017967607100000208, 'reg_lambda': 0.013750939149228538}. Best is trial 1319 with value: 0.30197738672869706.
[I 2024-12-04 18:14:23,136] Trial 2305 finished with value: 0.31077045628923217 and parameters: {'n_estimators': 909, 'max_depth': 6, 'learning_rate': 0.07496809794189763, 'subsample': 0.769119907586819, 'colsample_bytree': 0.7175346594456542, 'min_child_weight': 2, 'gamma': 0.0008682150636599169, 'reg_alpha': 0.00016197480586285085, 'reg_lambda': 0.013116582373874535}. Best is trial 1319 with value: 0.30197738672869706.
[I 2024-12-04 18:14:24,594] Trial 2306 finished with value: 0.30917735961313647 and parameters: {'n_estimators': 909, 'max_depth': 6, 'learning_rate': 0.07508567728652556, 'subsample': 0.7692129754803386, 'colsample_bytree': 0.7173139619945481, 'min_child_weight': 2, 'gamma': 0.0008821162510139143, 'reg_alpha': 0.00017361199120544344, 'reg_lambda': 0.013430222065244487}. Best is trial 1319 with value: 0.30197738672869706.
[I 2024-12-04 18:14:26,179] Trial 2307 finished with value: 0.3119640590844629 and parameters: {'n_estimators': 908, 'max_depth': 6, 'learning_rate': 0.07497092116090515, 'subsample': 0.7692811371505159, 'colsample_bytree': 0.7175884486522723, 'min_child_weight': 2, 'gamma': 0.0008793027628501349, 'reg_alpha': 0.00016879104217632103, 'reg_lambda': 0.013392670149949602}. Best is trial 1319 with value: 0.30197738672869706.
[I 2024-12-04 18:14:27,789] Trial 2308 finished with value: 0.31108476798854995 and parameters: {'n_estimators': 907, 'max_depth': 6, 'learning_rate': 0.07511357381768069, 'subsample': 0.7690644355234901, 'colsample_bytree': 0.7176955681010591, 'min_child_weight': 2, 'gamma': 0.000897086139966082, 'reg_alpha': 0.00017083740944164868, 'reg_lambda': 0.013451124266790907}. Best is trial 1319 with value: 0.30197738672869706.
[I 2024-12-04 18:14:29,334] Trial 2309 finished with value: 0.3088660687852292 and parameters: {'n_estimators': 909, 'max_depth': 6, 'learning_rate': 0.07509386292806357, 'subsample': 0.7691928389520372, 'colsample_bytree': 0.7175069884646181, 'min_child_weight': 2, 'gamma': 0.0008725808397346967, 'reg_alpha': 0.00016526219631126258, 'reg_lambda': 0.01336306512265513}. Best is trial 1319 with value: 0.30197738672869706.
[I 2024-12-04 18:14:30,813] Trial 2310 finished with value: 0.3131844664152001 and parameters: {'n_estimators': 907, 'max_depth': 6, 'learning_rate': 0.07505345190512598, 'subsample': 0.7693474934610487, 'colsample_bytree': 0.717106468379721, 'min_child_weight': 2, 'gamma': 0.0009060480600208384, 'reg_alpha': 0.00017308503971111882, 'reg_lambda': 0.013043812320187096}. Best is trial 1319 with value: 0.30197738672869706.
[I 2024-12-04 18:14:32,278] Trial 2311 finished with value: 0.3099260121544903 and parameters: {'n_estimators': 910, 'max_depth': 6, 'learning_rate': 0.0750522039853561, 'subsample': 0.7690833934919009, 'colsample_bytree': 0.7173431147174089, 'min_child_weight': 2, 'gamma': 0.0008706675908390599, 'reg_alpha': 0.0001682011622919362, 'reg_lambda': 0.013217373272672098}. Best is trial 1319 with value: 0.30197738672869706.
[I 2024-12-04 18:14:33,739] Trial 2312 finished with value: 0.30713201161513815 and parameters: {'n_estimators': 908, 'max_depth': 6, 'learning_rate': 0.07508204560812394, 'subsample': 0.7690367525242846, 'colsample_bytree': 0.7176760671536686, 'min_child_weight': 2, 'gamma': 0.0008674448006272043, 'reg_alpha': 0.00017055583777925195, 'reg_lambda': 0.013246265534608675}. Best is trial 1319 with value: 0.30197738672869706.
[I 2024-12-04 18:14:35,230] Trial 2313 finished with value: 0.31274948737662156 and parameters: {'n_estimators': 908, 'max_depth': 6, 'learning_rate': 0.07523363146202208, 'subsample': 0.769305742495711, 'colsample_bytree': 0.7173969396719775, 'min_child_weight': 2, 'gamma': 0.0008960420726531318, 'reg_alpha': 0.00017165965925007747, 'reg_lambda': 0.013215708574135487}. Best is trial 1319 with value: 0.30197738672869706.
[I 2024-12-04 18:14:36,841] Trial 2314 finished with value: 0.3146975840356036 and parameters: {'n_estimators': 909, 'max_depth': 6, 'learning_rate': 0.07502863707401058, 'subsample': 0.7690900750767324, 'colsample_bytree': 0.717177472037066, 'min_child_weight': 2, 'gamma': 0.0008831069661259521, 'reg_alpha': 0.00016862453490706672, 'reg_lambda': 0.013339768967482648}. Best is trial 1319 with value: 0.30197738672869706.
[I 2024-12-04 18:14:38,316] Trial 2315 finished with value: 0.31204902459239453 and parameters: {'n_estimators': 910, 'max_depth': 6, 'learning_rate': 0.07505876174160879, 'subsample': 0.7690387714836509, 'colsample_bytree': 0.7177464918057888, 'min_child_weight': 2, 'gamma': 0.0008697696329837374, 'reg_alpha': 0.00016687195160831626, 'reg_lambda': 0.01332766699059614}. Best is trial 1319 with value: 0.30197738672869706.
[I 2024-12-04 18:14:39,940] Trial 2316 finished with value: 0.31497449028469515 and parameters: {'n_estimators': 908, 'max_depth': 6, 'learning_rate': 0.075173236172322, 'subsample': 0.7692190581457923, 'colsample_bytree': 0.7171291993159498, 'min_child_weight': 2, 'gamma': 0.0008944210976750553, 'reg_alpha': 0.0001800017367729974, 'reg_lambda': 0.01336504682572891}. Best is trial 1319 with value: 0.30197738672869706.
[I 2024-12-04 18:14:41,437] Trial 2317 finished with value: 0.3177793178994507 and parameters: {'n_estimators': 909, 'max_depth': 6, 'learning_rate': 0.07509786782975764, 'subsample': 0.7690347861772441, 'colsample_bytree': 0.7172869361226837, 'min_child_weight': 2, 'gamma': 0.0008685776752509965, 'reg_alpha': 0.00016883162500921619, 'reg_lambda': 0.013467629701936296}. Best is trial 1319 with value: 0.30197738672869706.
[I 2024-12-04 18:14:43,003] Trial 2318 finished with value: 0.31502267976405224 and parameters: {'n_estimators': 909, 'max_depth': 6, 'learning_rate': 0.07505837144512383, 'subsample': 0.7692878075705021, 'colsample_bytree': 0.7175735328244314, 'min_child_weight': 2, 'gamma': 0.0008784539153917347, 'reg_alpha': 0.00016607188089845322, 'reg_lambda': 0.01336307799790958}. Best is trial 1319 with value: 0.30197738672869706.
[I 2024-12-04 18:14:44,563] Trial 2319 finished with value: 0.3172061223648578 and parameters: {'n_estimators': 911, 'max_depth': 6, 'learning_rate': 0.07506198665721277, 'subsample': 0.768831471357284, 'colsample_bytree': 0.7173663576994477, 'min_child_weight': 2, 'gamma': 0.0008499280755549423, 'reg_alpha': 0.00016314001619402354, 'reg_lambda': 0.013240104128604843}. Best is trial 1319 with value: 0.30197738672869706.
[I 2024-12-04 18:14:46,048] Trial 2320 finished with value: 0.31763955025667184 and parameters: {'n_estimators': 911, 'max_depth': 6, 'learning_rate': 0.0751152444380754, 'subsample': 0.7689406985985257, 'colsample_bytree': 0.7176483119656509, 'min_child_weight': 2, 'gamma': 0.0008591462917356434, 'reg_alpha': 0.00016134587768899981, 'reg_lambda': 0.013232838659952954}. Best is trial 1319 with value: 0.30197738672869706.
[I 2024-12-04 18:14:47,653] Trial 2321 finished with value: 0.31167082905671734 and parameters: {'n_estimators': 908, 'max_depth': 6, 'learning_rate': 0.07504339916483271, 'subsample': 0.7689910754860966, 'colsample_bytree': 0.717608087423252, 'min_child_weight': 2, 'gamma': 0.0008609776353550593, 'reg_alpha': 0.00016867603461102066, 'reg_lambda': 0.013409055287849005}. Best is trial 1319 with value: 0.30197738672869706.
[I 2024-12-04 18:14:49,138] Trial 2322 finished with value: 0.31501514053994834 and parameters: {'n_estimators': 911, 'max_depth': 6, 'learning_rate': 0.07509200041995802, 'subsample': 0.7688849319003843, 'colsample_bytree': 0.7171157683774765, 'min_child_weight': 2, 'gamma': 0.0008655566585747349, 'reg_alpha': 0.00016275278973420124, 'reg_lambda': 0.013290015966060845}. Best is trial 1319 with value: 0.30197738672869706.
[I 2024-12-04 18:14:50,606] Trial 2323 finished with value: 0.30854247360741816 and parameters: {'n_estimators': 908, 'max_depth': 6, 'learning_rate': 0.07516503886778224, 'subsample': 0.7691850684963477, 'colsample_bytree': 0.717678665578964, 'min_child_weight': 2, 'gamma': 0.0008783000279400865, 'reg_alpha': 0.00016974528010110966, 'reg_lambda': 0.013357707305508653}. Best is trial 1319 with value: 0.30197738672869706.
