[I 2024-12-16 00:27:33,251] Trial 1685 finished with value: 0.09559927135705948 and parameters: {'mlp_n_layers': 3, 'mlp_dim_00': 96, 'mlp_dim_01': 176, 'mlp_dim_02': 208, 'hidden_channels': 32, 'num_layers': 4, 'num_timesteps': 4, 'dropout': 0.09781427248683452, 'train_learning_rate': 0.006005091539011379, 'train_lr_reduce': 0.6}. Best is trial 130 with value: 0.0812772810459137.
[I 2024-12-16 00:27:34,273] Trial 1687 finished with value: 0.10247133672237396 and parameters: {'mlp_n_layers': 2, 'mlp_dim_00': 256, 'mlp_dim_01': 176, 'hidden_channels': 48, 'num_layers': 2, 'num_timesteps': 3, 'dropout': 0.18465999679025757, 'train_learning_rate': 0.007032703320319266, 'train_lr_reduce': 0.6}. Best is trial 130 with value: 0.0812772810459137.
[I 2024-12-16 00:27:38,027] Trial 1686 finished with value: 0.1272735446691513 and parameters: {'mlp_n_layers': 2, 'mlp_dim_00': 64, 'mlp_dim_01': 176, 'hidden_channels': 32, 'num_layers': 4, 'num_timesteps': 4, 'dropout': 0.06276348911768909, 'train_learning_rate': 0.008733239147594071, 'train_lr_reduce': 0.6}. Best is trial 130 with value: 0.0812772810459137.
[I 2024-12-16 00:27:48,819] Trial 1688 finished with value: 0.09327416121959686 and parameters: {'mlp_n_layers': 2, 'mlp_dim_00': 96, 'mlp_dim_01': 192, 'hidden_channels': 32, 'num_layers': 2, 'num_timesteps': 4, 'dropout': 0.0893693860667086, 'train_learning_rate': 0.006836603875645868, 'train_lr_reduce': 0.6}. Best is trial 130 with value: 0.0812772810459137.
[I 2024-12-16 00:27:51,626] Trial 1689 finished with value: 0.11061819642782211 and parameters: {'mlp_n_layers': 3, 'mlp_dim_00': 208, 'mlp_dim_01': 64, 'mlp_dim_02': 48, 'hidden_channels': 144, 'num_layers': 2, 'num_timesteps': 3, 'dropout': 0.2569053623727121, 'train_learning_rate': 0.0032733846403887644, 'train_lr_reduce': 0.6}. Best is trial 130 with value: 0.0812772810459137.
[I 2024-12-16 00:27:51,821] Trial 1690 finished with value: 0.09502704441547394 and parameters: {'mlp_n_layers': 2, 'mlp_dim_00': 208, 'mlp_dim_01': 224, 'hidden_channels': 96, 'num_layers': 2, 'num_timesteps': 3, 'dropout': 0.0790976105070538, 'train_learning_rate': 0.006155568073434599, 'train_lr_reduce': 0.6}. Best is trial 130 with value: 0.0812772810459137.
[I 2024-12-16 00:28:04,798] Trial 1693 finished with value: 0.1154627725481987 and parameters: {'mlp_n_layers': 2, 'mlp_dim_00': 112, 'mlp_dim_01': 208, 'hidden_channels': 32, 'num_layers': 2, 'num_timesteps': 4, 'dropout': 0.04719036234240267, 'train_learning_rate': 0.007274289222738394, 'train_lr_reduce': 0.6}. Best is trial 130 with value: 0.0812772810459137.
[I 2024-12-16 00:28:05,794] Trial 1692 finished with value: 0.11814255267381668 and parameters: {'mlp_n_layers': 2, 'mlp_dim_00': 240, 'mlp_dim_01': 176, 'hidden_channels': 112, 'num_layers': 1, 'num_timesteps': 3, 'dropout': 0.20637942534035336, 'train_learning_rate': 0.0013806151961690766, 'train_lr_reduce': 0.6}. Best is trial 130 with value: 0.0812772810459137.
[I 2024-12-16 00:28:09,437] Trial 1691 finished with value: 0.09352405369281769 and parameters: {'mlp_n_layers': 2, 'mlp_dim_00': 96, 'mlp_dim_01': 240, 'hidden_channels': 48, 'num_layers': 4, 'num_timesteps': 4, 'dropout': 0.05393459828724052, 'train_learning_rate': 0.007262341317306239, 'train_lr_reduce': 0.6}. Best is trial 130 with value: 0.0812772810459137.
[I 2024-12-16 00:28:19,847] Trial 1696 finished with value: 0.11705509573221207 and parameters: {'mlp_n_layers': 2, 'mlp_dim_00': 32, 'mlp_dim_01': 176, 'hidden_channels': 32, 'num_layers': 2, 'num_timesteps': 4, 'dropout': 0.020640691858392346, 'train_learning_rate': 0.007451463464793042, 'train_lr_reduce': 0.6}. Best is trial 130 with value: 0.0812772810459137.
[I 2024-12-16 00:28:19,867] Trial 1694 finished with value: 0.13829699158668518 and parameters: {'mlp_n_layers': 3, 'mlp_dim_00': 256, 'mlp_dim_01': 192, 'mlp_dim_02': 192, 'hidden_channels': 144, 'num_layers': 1, 'num_timesteps': 2, 'dropout': 0.17222134208987444, 'train_learning_rate': 0.005667303279263774, 'train_lr_reduce': 0.6}. Best is trial 130 with value: 0.0812772810459137.
[I 2024-12-16 00:28:37,579] Trial 1695 finished with value: 0.2392633557319641 and parameters: {'mlp_n_layers': 2, 'mlp_dim_00': 32, 'mlp_dim_01': 192, 'hidden_channels': 80, 'num_layers': 2, 'num_timesteps': 4, 'dropout': 0.04744160328615947, 'train_learning_rate': 0.00012402104058192355, 'train_lr_reduce': 0.6}. Best is trial 130 with value: 0.0812772810459137.
[I 2024-12-16 00:28:38,307] Trial 1697 finished with value: 0.12790870666503906 and parameters: {'mlp_n_layers': 2, 'mlp_dim_00': 80, 'mlp_dim_01': 224, 'hidden_channels': 80, 'num_layers': 3, 'num_timesteps': 4, 'dropout': 0.05143095692155766, 'train_learning_rate': 0.007260124178589743, 'train_lr_reduce': 0.6}. Best is trial 130 with value: 0.0812772810459137.
[I 2024-12-16 00:28:49,783] Trial 1699 finished with value: 0.09529444575309753 and parameters: {'mlp_n_layers': 2, 'mlp_dim_00': 224, 'mlp_dim_01': 208, 'hidden_channels': 128, 'num_layers': 1, 'num_timesteps': 2, 'dropout': 0.13884751447233906, 'train_learning_rate': 0.0055151434040821515, 'train_lr_reduce': 0.6}. Best is trial 130 with value: 0.0812772810459137.
[I 2024-12-16 00:28:52,055] Trial 1698 finished with value: 0.14949649572372437 and parameters: {'mlp_n_layers': 2, 'mlp_dim_00': 160, 'mlp_dim_01': 112, 'hidden_channels': 240, 'num_layers': 4, 'num_timesteps': 1, 'dropout': 0.1620336200963963, 'train_learning_rate': 0.0002663412471641494, 'train_lr_reduce': 0.6}. Best is trial 130 with value: 0.0812772810459137.
[I 2024-12-16 00:28:53,174] Trial 1700 finished with value: 0.13584081828594208 and parameters: {'mlp_n_layers': 2, 'mlp_dim_00': 144, 'mlp_dim_01': 160, 'hidden_channels': 80, 'num_layers': 2, 'num_timesteps': 2, 'dropout': 0.07027073804945819, 'train_learning_rate': 0.0023333102842078715, 'train_lr_reduce': 0.6}. Best is trial 130 with value: 0.0812772810459137.
[I 2024-12-16 00:29:07,680] Trial 1702 finished with value: 0.09690269082784653 and parameters: {'mlp_n_layers': 2, 'mlp_dim_00': 96, 'mlp_dim_01': 224, 'hidden_channels': 48, 'num_layers': 3, 'num_timesteps': 4, 'dropout': 0.006217456948405021, 'train_learning_rate': 0.0066581519541214825, 'train_lr_reduce': 0.6}. Best is trial 130 with value: 0.0812772810459137.
[I 2024-12-16 00:29:11,354] Trial 1703 finished with value: 0.13173849880695343 and parameters: {'mlp_n_layers': 2, 'mlp_dim_00': 80, 'mlp_dim_01': 224, 'hidden_channels': 32, 'num_layers': 3, 'num_timesteps': 4, 'dropout': 0.0033885992000065035, 'train_learning_rate': 0.005148650730791597, 'train_lr_reduce': 0.6}. Best is trial 130 with value: 0.0812772810459137.
[I 2024-12-16 00:29:18,792] Trial 1701 finished with value: 0.15220962464809418 and parameters: {'mlp_n_layers': 4, 'mlp_dim_00': 32, 'mlp_dim_01': 64, 'mlp_dim_02': 192, 'mlp_dim_03': 160, 'hidden_channels': 256, 'num_layers': 1, 'num_timesteps': 2, 'dropout': 0.0708328263789444, 'train_learning_rate': 0.00013039587808807708, 'train_lr_reduce': 0.6}. Best is trial 130 with value: 0.0812772810459137.
[I 2024-12-16 00:29:20,799] Trial 1704 finished with value: 0.13974612951278687 and parameters: {'mlp_n_layers': 4, 'mlp_dim_00': 144, 'mlp_dim_01': 96, 'mlp_dim_02': 240, 'mlp_dim_03': 96, 'hidden_channels': 160, 'num_layers': 1, 'num_timesteps': 1, 'dropout': 0.054906496799064966, 'train_learning_rate': 0.0016466170836872914, 'train_lr_reduce': 0.6}. Best is trial 130 with value: 0.0812772810459137.
[I 2024-12-16 00:29:24,546] Trial 1705 finished with value: 0.09421433508396149 and parameters: {'mlp_n_layers': 3, 'mlp_dim_00': 96, 'mlp_dim_01': 176, 'mlp_dim_02': 176, 'hidden_channels': 48, 'num_layers': 1, 'num_timesteps': 2, 'dropout': 0.2787819090548354, 'train_learning_rate': 0.008216410101560094, 'train_lr_reduce': 0.6}. Best is trial 130 with value: 0.0812772810459137.
[I 2024-12-16 00:29:28,324] Trial 1706 finished with value: 0.11098898202180862 and parameters: {'mlp_n_layers': 2, 'mlp_dim_00': 144, 'mlp_dim_01': 208, 'hidden_channels': 32, 'num_layers': 1, 'num_timesteps': 2, 'dropout': 0.05550415845382659, 'train_learning_rate': 0.00801903620033069, 'train_lr_reduce': 0.6}. Best is trial 130 with value: 0.0812772810459137.
[I 2024-12-16 00:29:31,007] Trial 1707 finished with value: 0.0970223993062973 and parameters: {'mlp_n_layers': 2, 'mlp_dim_00': 240, 'mlp_dim_01': 224, 'hidden_channels': 144, 'num_layers': 1, 'num_timesteps': 3, 'dropout': 0.20791362670930658, 'train_learning_rate': 0.004932789345979052, 'train_lr_reduce': 0.6}. Best is trial 130 with value: 0.0812772810459137.
[I 2024-12-16 00:29:39,110] Trial 1708 finished with value: 0.10203418135643005 and parameters: {'mlp_n_layers': 2, 'mlp_dim_00': 64, 'mlp_dim_01': 240, 'hidden_channels': 32, 'num_layers': 3, 'num_timesteps': 3, 'dropout': 0.05900098455330448, 'train_learning_rate': 0.008308632779168004, 'train_lr_reduce': 0.6}. Best is trial 130 with value: 0.0812772810459137.
[I 2024-12-16 00:29:46,770] Trial 1710 finished with value: 0.12441492825746536 and parameters: {'mlp_n_layers': 2, 'mlp_dim_00': 160, 'mlp_dim_01': 80, 'hidden_channels': 80, 'num_layers': 3, 'num_timesteps': 3, 'dropout': 0.11506758480373812, 'train_learning_rate': 0.008964740586017355, 'train_lr_reduce': 0.6}. Best is trial 130 with value: 0.0812772810459137.
[I 2024-12-16 00:29:51,560] Trial 1709 finished with value: 0.13516353070735931 and parameters: {'mlp_n_layers': 2, 'mlp_dim_00': 80, 'mlp_dim_01': 96, 'hidden_channels': 64, 'num_layers': 4, 'num_timesteps': 2, 'dropout': 0.21777926157239796, 'train_learning_rate': 0.0013429146187996668, 'train_lr_reduce': 0.6}. Best is trial 130 with value: 0.0812772810459137.
[I 2024-12-16 00:29:52,672] Trial 1711 finished with value: 0.10901839286088943 and parameters: {'mlp_n_layers': 2, 'mlp_dim_00': 192, 'mlp_dim_01': 256, 'hidden_channels': 192, 'num_layers': 1, 'num_timesteps': 4, 'dropout': 0.13272466335417482, 'train_learning_rate': 0.006047521928641849, 'train_lr_reduce': 0.6}. Best is trial 130 with value: 0.0812772810459137.
[I 2024-12-16 00:30:06,479] Trial 1713 finished with value: 0.10741746425628662 and parameters: {'mlp_n_layers': 3, 'mlp_dim_00': 256, 'mlp_dim_01': 176, 'mlp_dim_02': 192, 'hidden_channels': 64, 'num_layers': 1, 'num_timesteps': 3, 'dropout': 0.24004726586928593, 'train_learning_rate': 0.008250688043246324, 'train_lr_reduce': 0.6}. Best is trial 130 with value: 0.0812772810459137.
[I 2024-12-16 00:30:08,270] Trial 1714 finished with value: 0.11112597584724426 and parameters: {'mlp_n_layers': 2, 'mlp_dim_00': 224, 'mlp_dim_01': 208, 'hidden_channels': 144, 'num_layers': 1, 'num_timesteps': 2, 'dropout': 0.2645778970518038, 'train_learning_rate': 0.007929361893668052, 'train_lr_reduce': 0.6}. Best is trial 130 with value: 0.0812772810459137.
[I 2024-12-16 00:30:10,176] Trial 1712 finished with value: 0.08358091115951538 and parameters: {'mlp_n_layers': 2, 'mlp_dim_00': 240, 'mlp_dim_01': 192, 'hidden_channels': 80, 'num_layers': 2, 'num_timesteps': 3, 'dropout': 0.17013373960193415, 'train_learning_rate': 0.00739229259174525, 'train_lr_reduce': 0.6}. Best is trial 130 with value: 0.0812772810459137.
[I 2024-12-16 00:30:19,380] Trial 1715 finished with value: 0.11454175412654877 and parameters: {'mlp_n_layers': 2, 'mlp_dim_00': 128, 'mlp_dim_01': 256, 'hidden_channels': 112, 'num_layers': 2, 'num_timesteps': 4, 'dropout': 0.17071737870570308, 'train_learning_rate': 0.009207415812513633, 'train_lr_reduce': 0.6}. Best is trial 130 with value: 0.0812772810459137.
[I 2024-12-16 00:30:22,217] Trial 1717 finished with value: 0.10901111364364624 and parameters: {'mlp_n_layers': 2, 'mlp_dim_00': 64, 'mlp_dim_01': 256, 'hidden_channels': 32, 'num_layers': 2, 'num_timesteps': 4, 'dropout': 0.12086277453746773, 'train_learning_rate': 0.007585909316613277, 'train_lr_reduce': 0.6}. Best is trial 130 with value: 0.0812772810459137.
[I 2024-12-16 00:30:28,620] Trial 1718 finished with value: 0.1135687455534935 and parameters: {'mlp_n_layers': 2, 'mlp_dim_00': 224, 'mlp_dim_01': 208, 'hidden_channels': 48, 'num_layers': 1, 'num_timesteps': 4, 'dropout': 0.2138524121968067, 'train_learning_rate': 0.006758150209509479, 'train_lr_reduce': 0.6}. Best is trial 130 with value: 0.0812772810459137.
[I 2024-12-16 00:30:29,162] Trial 1716 finished with value: 0.09792562574148178 and parameters: {'mlp_n_layers': 2, 'mlp_dim_00': 224, 'mlp_dim_01': 240, 'hidden_channels': 176, 'num_layers': 2, 'num_timesteps': 3, 'dropout': 0.21671569797100787, 'train_learning_rate': 0.0038091361392022668, 'train_lr_reduce': 0.6}. Best is trial 130 with value: 0.0812772810459137.
[I 2024-12-16 00:30:39,979] Trial 1719 finished with value: 0.1141824796795845 and parameters: {'mlp_n_layers': 3, 'mlp_dim_00': 32, 'mlp_dim_01': 128, 'mlp_dim_02': 208, 'hidden_channels': 208, 'num_layers': 1, 'num_timesteps': 3, 'dropout': 0.06341377523809878, 'train_learning_rate': 0.00834214039374279, 'train_lr_reduce': 0.6}. Best is trial 130 with value: 0.0812772810459137.
[I 2024-12-16 00:30:40,941] Trial 1721 finished with value: 0.14137636125087738 and parameters: {'mlp_n_layers': 2, 'mlp_dim_00': 64, 'mlp_dim_01': 208, 'hidden_channels': 48, 'num_layers': 3, 'num_timesteps': 4, 'dropout': 0.06634401502435026, 'train_learning_rate': 0.007697569037019717, 'train_lr_reduce': 0.6}. Best is trial 130 with value: 0.0812772810459137.
[I 2024-12-16 00:30:43,661] Trial 1720 finished with value: 0.10289250314235687 and parameters: {'mlp_n_layers': 2, 'mlp_dim_00': 64, 'mlp_dim_01': 112, 'hidden_channels': 48, 'num_layers': 2, 'num_timesteps': 3, 'dropout': 0.16802495058325279, 'train_learning_rate': 0.004153376637872898, 'train_lr_reduce': 0.6}. Best is trial 130 with value: 0.0812772810459137.
[I 2024-12-16 00:30:52,355] Trial 1722 finished with value: 0.11055481433868408 and parameters: {'mlp_n_layers': 2, 'mlp_dim_00': 32, 'mlp_dim_01': 208, 'hidden_channels': 96, 'num_layers': 3, 'num_timesteps': 4, 'dropout': 0.015306167589338254, 'train_learning_rate': 0.005209811211005815, 'train_lr_reduce': 0.6}. Best is trial 130 with value: 0.0812772810459137.
[I 2024-12-16 00:30:57,261] Trial 1723 finished with value: 0.1062837466597557 and parameters: {'mlp_n_layers': 2, 'mlp_dim_00': 256, 'mlp_dim_01': 208, 'hidden_channels': 48, 'num_layers': 2, 'num_timesteps': 4, 'dropout': 0.24206119102031468, 'train_learning_rate': 0.007931155108670507, 'train_lr_reduce': 0.6}. Best is trial 130 with value: 0.0812772810459137.
[I 2024-12-16 00:31:07,230] Trial 1725 finished with value: 0.11423152685165405 and parameters: {'mlp_n_layers': 2, 'mlp_dim_00': 192, 'mlp_dim_01': 64, 'hidden_channels': 96, 'num_layers': 3, 'num_timesteps': 3, 'dropout': 0.29716665264075226, 'train_learning_rate': 0.0025466285007731005, 'train_lr_reduce': 0.6}. Best is trial 130 with value: 0.0812772810459137.
[I 2024-12-16 00:31:08,863] Trial 1726 finished with value: 0.13459312915802002 and parameters: {'mlp_n_layers': 3, 'mlp_dim_00': 208, 'mlp_dim_01': 208, 'mlp_dim_02': 176, 'hidden_channels': 112, 'num_layers': 2, 'num_timesteps': 3, 'dropout': 0.14607334022676272, 'train_learning_rate': 0.002276072609331549, 'train_lr_reduce': 0.6}. Best is trial 130 with value: 0.0812772810459137.
[I 2024-12-16 00:31:10,595] Trial 1724 finished with value: 0.4592113494873047 and parameters: {'mlp_n_layers': 2, 'mlp_dim_00': 144, 'mlp_dim_01': 32, 'hidden_channels': 32, 'num_layers': 4, 'num_timesteps': 1, 'dropout': 0.07730284404120678, 'train_learning_rate': 0.00013854839206307656, 'train_lr_reduce': 0.6}. Best is trial 130 with value: 0.0812772810459137.
[I 2024-12-16 00:31:20,761] Trial 1727 finished with value: 0.11713994294404984 and parameters: {'mlp_n_layers': 2, 'mlp_dim_00': 256, 'mlp_dim_01': 176, 'hidden_channels': 80, 'num_layers': 2, 'num_timesteps': 3, 'dropout': 0.19731316796574294, 'train_learning_rate': 0.0023341427825703796, 'train_lr_reduce': 0.6}. Best is trial 130 with value: 0.0812772810459137.
[I 2024-12-16 00:31:26,453] Trial 1728 finished with value: 0.15567056834697723 and parameters: {'mlp_n_layers': 3, 'mlp_dim_00': 160, 'mlp_dim_01': 64, 'mlp_dim_02': 176, 'hidden_channels': 256, 'num_layers': 3, 'num_timesteps': 3, 'dropout': 0.26753255540880877, 'train_learning_rate': 0.00792063764852925, 'train_lr_reduce': 0.6}. Best is trial 130 with value: 0.0812772810459137.
[I 2024-12-16 00:31:28,660] Trial 1729 finished with value: 0.11976321041584015 and parameters: {'mlp_n_layers': 3, 'mlp_dim_00': 96, 'mlp_dim_01': 208, 'mlp_dim_02': 224, 'hidden_channels': 32, 'num_layers': 3, 'num_timesteps': 4, 'dropout': 0.10100578221381809, 'train_learning_rate': 0.007850444669721384, 'train_lr_reduce': 0.6}. Best is trial 130 with value: 0.0812772810459137.
[I 2024-12-16 00:31:37,697] Trial 1730 finished with value: 0.13040027022361755 and parameters: {'mlp_n_layers': 3, 'mlp_dim_00': 128, 'mlp_dim_01': 176, 'mlp_dim_02': 176, 'hidden_channels': 32, 'num_layers': 1, 'num_timesteps': 2, 'dropout': 0.28652344975335237, 'train_learning_rate': 0.008783314679206115, 'train_lr_reduce': 0.6}. Best is trial 130 with value: 0.0812772810459137.
[I 2024-12-16 00:31:40,637] Trial 1731 finished with value: 0.13926120102405548 and parameters: {'mlp_n_layers': 4, 'mlp_dim_00': 112, 'mlp_dim_01': 32, 'mlp_dim_02': 208, 'mlp_dim_03': 256, 'hidden_channels': 192, 'num_layers': 1, 'num_timesteps': 4, 'dropout': 0.06726563357321061, 'train_learning_rate': 0.0012484249835036454, 'train_lr_reduce': 0.6}. Best is trial 130 with value: 0.0812772810459137.
[I 2024-12-16 00:31:47,248] Trial 1732 finished with value: 0.22905416786670685 and parameters: {'mlp_n_layers': 4, 'mlp_dim_00': 48, 'mlp_dim_01': 176, 'mlp_dim_02': 176, 'mlp_dim_03': 128, 'hidden_channels': 208, 'num_layers': 4, 'num_timesteps': 1, 'dropout': 0.2700703074025498, 'train_learning_rate': 0.00994206014901631, 'train_lr_reduce': 0.6}. Best is trial 130 with value: 0.0812772810459137.
[I 2024-12-16 00:31:50,275] Trial 1733 finished with value: 0.0881466269493103 and parameters: {'mlp_n_layers': 2, 'mlp_dim_00': 208, 'mlp_dim_01': 192, 'hidden_channels': 80, 'num_layers': 2, 'num_timesteps': 3, 'dropout': 0.15254831898075627, 'train_learning_rate': 0.008941772669837715, 'train_lr_reduce': 0.6}. Best is trial 130 with value: 0.0812772810459137.
[I 2024-12-16 00:31:54,567] Trial 1734 finished with value: 0.11693863570690155 and parameters: {'mlp_n_layers': 2, 'mlp_dim_00': 208, 'mlp_dim_01': 176, 'hidden_channels': 80, 'num_layers': 3, 'num_timesteps': 2, 'dropout': 0.12304851786031357, 'train_learning_rate': 0.0029145245139254226, 'train_lr_reduce': 0.6}. Best is trial 130 with value: 0.0812772810459137.
[I 2024-12-16 00:32:04,276] Trial 1735 finished with value: 0.10737242549657822 and parameters: {'mlp_n_layers': 2, 'mlp_dim_00': 96, 'mlp_dim_01': 176, 'hidden_channels': 48, 'num_layers': 3, 'num_timesteps': 4, 'dropout': 0.05825226392527507, 'train_learning_rate': 0.0024981497947847552, 'train_lr_reduce': 0.6}. Best is trial 130 with value: 0.0812772810459137.
[I 2024-12-16 00:32:05,614] Trial 1736 finished with value: 0.10945260524749756 and parameters: {'mlp_n_layers': 2, 'mlp_dim_00': 224, 'mlp_dim_01': 224, 'hidden_channels': 96, 'num_layers': 3, 'num_timesteps': 3, 'dropout': 0.13987405973179534, 'train_learning_rate': 0.009920718341455057, 'train_lr_reduce': 0.6}. Best is trial 130 with value: 0.0812772810459137.
[I 2024-12-16 00:32:08,344] Trial 1737 finished with value: 0.11004739254713058 and parameters: {'mlp_n_layers': 2, 'mlp_dim_00': 112, 'mlp_dim_01': 208, 'hidden_channels': 32, 'num_layers': 3, 'num_timesteps': 3, 'dropout': 0.07786112499722589, 'train_learning_rate': 0.00543905742798802, 'train_lr_reduce': 0.6}. Best is trial 130 with value: 0.0812772810459137.
[I 2024-12-16 00:32:16,712] Trial 1738 finished with value: 0.14353956282138824 and parameters: {'mlp_n_layers': 2, 'mlp_dim_00': 224, 'mlp_dim_01': 112, 'hidden_channels': 96, 'num_layers': 2, 'num_timesteps': 3, 'dropout': 0.1477210189817029, 'train_learning_rate': 0.009467747301425942, 'train_lr_reduce': 0.6}. Best is trial 130 with value: 0.0812772810459137.
[I 2024-12-16 00:32:19,903] Trial 1739 finished with value: 0.12057925015687943 and parameters: {'mlp_n_layers': 2, 'mlp_dim_00': 48, 'mlp_dim_01': 208, 'hidden_channels': 32, 'num_layers': 3, 'num_timesteps': 4, 'dropout': 0.08464242356151667, 'train_learning_rate': 0.005164745379139035, 'train_lr_reduce': 0.6}. Best is trial 130 with value: 0.0812772810459137.
[I 2024-12-16 00:32:26,259] Trial 1740 finished with value: 0.10807295143604279 and parameters: {'mlp_n_layers': 2, 'mlp_dim_00': 160, 'mlp_dim_01': 256, 'hidden_channels': 32, 'num_layers': 3, 'num_timesteps': 4, 'dropout': 0.03326292407447589, 'train_learning_rate': 0.0029408797579044696, 'train_lr_reduce': 0.6}. Best is trial 130 with value: 0.0812772810459137.
[I 2024-12-16 00:32:28,994] Trial 1741 finished with value: 0.10271335393190384 and parameters: {'mlp_n_layers': 2, 'mlp_dim_00': 176, 'mlp_dim_01': 208, 'hidden_channels': 80, 'num_layers': 2, 'num_timesteps': 3, 'dropout': 0.15951565118122119, 'train_learning_rate': 0.006034701212256398, 'train_lr_reduce': 0.6}. Best is trial 130 with value: 0.0812772810459137.
[I 2024-12-16 00:32:34,414] Trial 1742 finished with value: 0.09880965948104858 and parameters: {'mlp_n_layers': 2, 'mlp_dim_00': 240, 'mlp_dim_01': 192, 'hidden_channels': 64, 'num_layers': 2, 'num_timesteps': 3, 'dropout': 0.12990866290424027, 'train_learning_rate': 0.008828792111814924, 'train_lr_reduce': 0.6}. Best is trial 130 with value: 0.0812772810459137.
[I 2024-12-16 00:32:41,401] Trial 1743 finished with value: 0.11334281414747238 and parameters: {'mlp_n_layers': 2, 'mlp_dim_00': 224, 'mlp_dim_01': 208, 'hidden_channels': 64, 'num_layers': 2, 'num_timesteps': 4, 'dropout': 0.164571366722905, 'train_learning_rate': 0.005013874449835856, 'train_lr_reduce': 0.6}. Best is trial 130 with value: 0.0812772810459137.
