[I 2024-12-24 19:26:09,251] Trial 513 finished with value: 0.013429785147309303 and parameters: {'L1_hidden_dim': 144, 'L1_layers_atom': 2, 'L1_layers_mol': 2, 'L1_dropout': 0.11669992701470486, 'L1_out_dim': 32, 'L2_hidden_dim': 192, 'L2_layers_atom': 4, 'L2_layers_mol': 1, 'L2_out_dim': 48, 'L2_dropout': 0.007759764195019884, 'L3_hidden_dim': 112, 'L3_layers_atom': 3, 'L3_layers_mol': 3, 'L3_out_dim': 96, 'L3_dropout': 0.20731095871688612, 'n_mlp_layers': 1, 'mlp_dim_0': 208, 'num_heads': 2, 'final_dropout': 0.14611352262536914, 'train_learning_rate': 0.001752514592682573, 'train_lr_reduce': 0.6}. Best is trial 236 with value: 0.009785382077097893.
[I 2024-12-24 19:26:26,316] Trial 512 finished with value: 0.011582023464143276 and parameters: {'L1_hidden_dim': 160, 'L1_layers_atom': 4, 'L1_layers_mol': 4, 'L1_dropout': 0.049467940528518974, 'L1_out_dim': 96, 'L2_hidden_dim': 208, 'L2_layers_atom': 4, 'L2_layers_mol': 2, 'L2_out_dim': 64, 'L2_dropout': 0.2284555092351494, 'L3_hidden_dim': 128, 'L3_layers_atom': 3, 'L3_layers_mol': 3, 'L3_out_dim': 128, 'L3_dropout': 0.2673751623049912, 'n_mlp_layers': 2, 'mlp_dim_0': 144, 'mlp_dim_1': 80, 'num_heads': 2, 'final_dropout': 0.29010930260594175, 'train_learning_rate': 0.0002757443350457915, 'train_lr_reduce': 0.6}. Best is trial 236 with value: 0.009785382077097893.
[I 2024-12-24 19:26:37,643] Trial 514 finished with value: 0.011577471159398556 and parameters: {'L1_hidden_dim': 208, 'L1_layers_atom': 2, 'L1_layers_mol': 3, 'L1_dropout': 0.005646085314078008, 'L1_out_dim': 96, 'L2_hidden_dim': 192, 'L2_layers_atom': 4, 'L2_layers_mol': 4, 'L2_out_dim': 96, 'L2_dropout': 0.17210339493665794, 'L3_hidden_dim': 48, 'L3_layers_atom': 3, 'L3_layers_mol': 1, 'L3_out_dim': 112, 'L3_dropout': 0.18467920828560064, 'n_mlp_layers': 3, 'mlp_dim_0': 72, 'mlp_dim_1': 144, 'mlp_dim_2': 376, 'num_heads': 2, 'final_dropout': 0.2847354924775295, 'train_learning_rate': 0.007778442576687245, 'train_lr_reduce': 0.6}. Best is trial 236 with value: 0.009785382077097893.
[I 2024-12-24 19:28:22,910] Trial 516 finished with value: 0.01386131439357996 and parameters: {'L1_hidden_dim': 112, 'L1_layers_atom': 4, 'L1_layers_mol': 2, 'L1_dropout': 0.07620357380177986, 'L1_out_dim': 32, 'L2_hidden_dim': 192, 'L2_layers_atom': 4, 'L2_layers_mol': 2, 'L2_out_dim': 96, 'L2_dropout': 0.15147357130292183, 'L3_hidden_dim': 128, 'L3_layers_atom': 3, 'L3_layers_mol': 3, 'L3_out_dim': 80, 'L3_dropout': 0.29871543277257595, 'n_mlp_layers': 2, 'mlp_dim_0': 416, 'mlp_dim_1': 208, 'num_heads': 2, 'final_dropout': 0.14245657341983514, 'train_learning_rate': 0.0018483740044535817, 'train_lr_reduce': 0.6}. Best is trial 236 with value: 0.009785382077097893.
[I 2024-12-24 19:28:28,659] Trial 515 finished with value: 0.012531986460089684 and parameters: {'L1_hidden_dim': 192, 'L1_layers_atom': 4, 'L1_layers_mol': 1, 'L1_dropout': 0.1675664772470417, 'L1_out_dim': 32, 'L2_hidden_dim': 144, 'L2_layers_atom': 4, 'L2_layers_mol': 1, 'L2_out_dim': 80, 'L2_dropout': 0.1210639564137492, 'L3_hidden_dim': 96, 'L3_layers_atom': 4, 'L3_layers_mol': 4, 'L3_out_dim': 64, 'L3_dropout': 0.2805323507010935, 'n_mlp_layers': 3, 'mlp_dim_0': 456, 'mlp_dim_1': 72, 'mlp_dim_2': 448, 'num_heads': 2, 'final_dropout': 0.14990858710275257, 'train_learning_rate': 0.0005360263705959028, 'train_lr_reduce': 0.6}. Best is trial 236 with value: 0.009785382077097893.
[I 2024-12-24 19:29:35,745] Trial 517 finished with value: 0.011129052378237247 and parameters: {'L1_hidden_dim': 240, 'L1_layers_atom': 4, 'L1_layers_mol': 1, 'L1_dropout': 0.04612909504004157, 'L1_out_dim': 48, 'L2_hidden_dim': 144, 'L2_layers_atom': 4, 'L2_layers_mol': 1, 'L2_out_dim': 112, 'L2_dropout': 0.09451812298441813, 'L3_hidden_dim': 128, 'L3_layers_atom': 4, 'L3_layers_mol': 3, 'L3_out_dim': 96, 'L3_dropout': 0.29094036257863237, 'n_mlp_layers': 2, 'mlp_dim_0': 424, 'mlp_dim_1': 128, 'num_heads': 2, 'final_dropout': 0.05373776918764839, 'train_learning_rate': 0.0007242724702203433, 'train_lr_reduce': 0.6}. Best is trial 236 with value: 0.009785382077097893.
[I 2024-12-24 19:29:50,233] Trial 518 finished with value: 0.014189180918037891 and parameters: {'L1_hidden_dim': 208, 'L1_layers_atom': 4, 'L1_layers_mol': 3, 'L1_dropout': 0.030221704652862173, 'L1_out_dim': 96, 'L2_hidden_dim': 192, 'L2_layers_atom': 4, 'L2_layers_mol': 3, 'L2_out_dim': 48, 'L2_dropout': 0.05725829864369103, 'L3_hidden_dim': 128, 'L3_layers_atom': 2, 'L3_layers_mol': 3, 'L3_out_dim': 128, 'L3_dropout': 0.2846951145237915, 'n_mlp_layers': 2, 'mlp_dim_0': 120, 'mlp_dim_1': 72, 'num_heads': 2, 'final_dropout': 0.20206676948817512, 'train_learning_rate': 0.0032452868337026, 'train_lr_reduce': 0.6}. Best is trial 236 with value: 0.009785382077097893.
[I 2024-12-24 19:31:19,837] Trial 519 finished with value: 0.010818512178957462 and parameters: {'L1_hidden_dim': 256, 'L1_layers_atom': 4, 'L1_layers_mol': 4, 'L1_dropout': 0.029861091152655492, 'L1_out_dim': 64, 'L2_hidden_dim': 176, 'L2_layers_atom': 3, 'L2_layers_mol': 1, 'L2_out_dim': 80, 'L2_dropout': 0.03384405455011329, 'L3_hidden_dim': 128, 'L3_layers_atom': 2, 'L3_layers_mol': 4, 'L3_out_dim': 80, 'L3_dropout': 0.28719527561516744, 'n_mlp_layers': 1, 'mlp_dim_0': 96, 'num_heads': 2, 'final_dropout': 0.2528117892936775, 'train_learning_rate': 0.000411276039365261, 'train_lr_reduce': 0.6}. Best is trial 236 with value: 0.009785382077097893.
[I 2024-12-24 19:31:37,616] Trial 520 finished with value: 0.013011307455599308 and parameters: {'L1_hidden_dim': 80, 'L1_layers_atom': 4, 'L1_layers_mol': 3, 'L1_dropout': 0.0804083902087959, 'L1_out_dim': 32, 'L2_hidden_dim': 144, 'L2_layers_atom': 4, 'L2_layers_mol': 2, 'L2_out_dim': 48, 'L2_dropout': 0.04200807362208803, 'L3_hidden_dim': 112, 'L3_layers_atom': 3, 'L3_layers_mol': 2, 'L3_out_dim': 96, 'L3_dropout': 0.2926738786639836, 'n_mlp_layers': 2, 'mlp_dim_0': 64, 'mlp_dim_1': 32, 'num_heads': 2, 'final_dropout': 0.0802471126400382, 'train_learning_rate': 0.0007496058965815231, 'train_lr_reduce': 0.6}. Best is trial 236 with value: 0.009785382077097893.
[I 2024-12-24 19:32:08,829] Trial 521 finished with value: 0.013188210316002369 and parameters: {'L1_hidden_dim': 80, 'L1_layers_atom': 4, 'L1_layers_mol': 3, 'L1_dropout': 0.046259602663428726, 'L1_out_dim': 32, 'L2_hidden_dim': 128, 'L2_layers_atom': 4, 'L2_layers_mol': 3, 'L2_out_dim': 112, 'L2_dropout': 0.02051069338037343, 'L3_hidden_dim': 128, 'L3_layers_atom': 4, 'L3_layers_mol': 1, 'L3_out_dim': 112, 'L3_dropout': 0.2931411927850598, 'n_mlp_layers': 1, 'mlp_dim_0': 280, 'num_heads': 1, 'final_dropout': 0.026441439570221548, 'train_learning_rate': 0.0031417538780218017, 'train_lr_reduce': 0.6}. Best is trial 236 with value: 0.009785382077097893.
[I 2024-12-24 19:32:35,118] Trial 523 finished with value: 0.07210610061883926 and parameters: {'L1_hidden_dim': 224, 'L1_layers_atom': 4, 'L1_layers_mol': 4, 'L1_dropout': 0.06436966267269566, 'L1_out_dim': 64, 'L2_hidden_dim': 208, 'L2_layers_atom': 3, 'L2_layers_mol': 3, 'L2_out_dim': 48, 'L2_dropout': 0.10537089482009675, 'L3_hidden_dim': 64, 'L3_layers_atom': 3, 'L3_layers_mol': 4, 'L3_out_dim': 128, 'L3_dropout': 0.18739932568145495, 'n_mlp_layers': 2, 'mlp_dim_0': 448, 'mlp_dim_1': 200, 'num_heads': 2, 'final_dropout': 0.20047935333652223, 'train_learning_rate': 0.001322322497135553, 'train_lr_reduce': 0.6}. Best is trial 236 with value: 0.009785382077097893.
[I 2024-12-24 19:34:15,999] Trial 522 finished with value: 0.011809300631284714 and parameters: {'L1_hidden_dim': 176, 'L1_layers_atom': 3, 'L1_layers_mol': 4, 'L1_dropout': 0.0006464352056922973, 'L1_out_dim': 64, 'L2_hidden_dim': 176, 'L2_layers_atom': 4, 'L2_layers_mol': 1, 'L2_out_dim': 80, 'L2_dropout': 0.07537471537814668, 'L3_hidden_dim': 64, 'L3_layers_atom': 4, 'L3_layers_mol': 1, 'L3_out_dim': 128, 'L3_dropout': 0.18262368668182383, 'n_mlp_layers': 2, 'mlp_dim_0': 408, 'mlp_dim_1': 168, 'num_heads': 2, 'final_dropout': 0.07996012861439267, 'train_learning_rate': 0.006678624091538959, 'train_lr_reduce': 0.6}. Best is trial 236 with value: 0.009785382077097893.
[I 2024-12-24 19:35:49,371] Trial 525 finished with value: 0.010852916166186333 and parameters: {'L1_hidden_dim': 80, 'L1_layers_atom': 2, 'L1_layers_mol': 2, 'L1_dropout': 0.1212640766436896, 'L1_out_dim': 48, 'L2_hidden_dim': 96, 'L2_layers_atom': 4, 'L2_layers_mol': 1, 'L2_out_dim': 80, 'L2_dropout': 0.047385814288426725, 'L3_hidden_dim': 112, 'L3_layers_atom': 4, 'L3_layers_mol': 2, 'L3_out_dim': 112, 'L3_dropout': 0.2843913689708525, 'n_mlp_layers': 3, 'mlp_dim_0': 512, 'mlp_dim_1': 112, 'mlp_dim_2': 336, 'num_heads': 2, 'final_dropout': 0.1514367396813812, 'train_learning_rate': 0.0014315913497325917, 'train_lr_reduce': 0.6}. Best is trial 236 with value: 0.009785382077097893.
[I 2024-12-24 19:36:47,178] Trial 526 finished with value: 0.012247642502188683 and parameters: {'L1_hidden_dim': 208, 'L1_layers_atom': 4, 'L1_layers_mol': 4, 'L1_dropout': 0.07766842951779504, 'L1_out_dim': 32, 'L2_hidden_dim': 128, 'L2_layers_atom': 2, 'L2_layers_mol': 3, 'L2_out_dim': 32, 'L2_dropout': 0.030463126333879265, 'L3_hidden_dim': 96, 'L3_layers_atom': 4, 'L3_layers_mol': 4, 'L3_out_dim': 80, 'L3_dropout': 0.23530805168106783, 'n_mlp_layers': 3, 'mlp_dim_0': 88, 'mlp_dim_1': 80, 'mlp_dim_2': 272, 'num_heads': 2, 'final_dropout': 0.13200564714656296, 'train_learning_rate': 0.00048611791956942906, 'train_lr_reduce': 0.6}. Best is trial 236 with value: 0.009785382077097893.
[I 2024-12-24 19:36:54,370] Trial 524 finished with value: 0.05460630729794502 and parameters: {'L1_hidden_dim': 256, 'L1_layers_atom': 4, 'L1_layers_mol': 4, 'L1_dropout': 0.035459176952379184, 'L1_out_dim': 96, 'L2_hidden_dim': 144, 'L2_layers_atom': 4, 'L2_layers_mol': 3, 'L2_out_dim': 48, 'L2_dropout': 0.10831076226408592, 'L3_hidden_dim': 128, 'L3_layers_atom': 3, 'L3_layers_mol': 3, 'L3_out_dim': 96, 'L3_dropout': 0.21734908533496006, 'n_mlp_layers': 2, 'mlp_dim_0': 152, 'mlp_dim_1': 464, 'num_heads': 2, 'final_dropout': 0.2551599503196968, 'train_learning_rate': 0.0001565690486700717, 'train_lr_reduce': 0.6}. Best is trial 236 with value: 0.009785382077097893.
[I 2024-12-24 19:38:12,114] Trial 527 finished with value: 0.012548698112368584 and parameters: {'L1_hidden_dim': 144, 'L1_layers_atom': 3, 'L1_layers_mol': 4, 'L1_dropout': 0.15920573073851135, 'L1_out_dim': 32, 'L2_hidden_dim': 128, 'L2_layers_atom': 4, 'L2_layers_mol': 1, 'L2_out_dim': 96, 'L2_dropout': 0.03683805896356619, 'L3_hidden_dim': 112, 'L3_layers_atom': 3, 'L3_layers_mol': 1, 'L3_out_dim': 80, 'L3_dropout': 0.29009950993467076, 'n_mlp_layers': 1, 'mlp_dim_0': 208, 'num_heads': 2, 'final_dropout': 0.15999122258570117, 'train_learning_rate': 0.0035148920768656882, 'train_lr_reduce': 0.6}. Best is trial 236 with value: 0.009785382077097893.
[I 2024-12-24 19:38:51,331] Trial 528 finished with value: 0.012019038200378418 and parameters: {'L1_hidden_dim': 80, 'L1_layers_atom': 2, 'L1_layers_mol': 2, 'L1_dropout': 0.005382905364377395, 'L1_out_dim': 96, 'L2_hidden_dim': 144, 'L2_layers_atom': 3, 'L2_layers_mol': 2, 'L2_out_dim': 32, 'L2_dropout': 0.054486340422879136, 'L3_hidden_dim': 80, 'L3_layers_atom': 3, 'L3_layers_mol': 1, 'L3_out_dim': 80, 'L3_dropout': 0.2378754220786522, 'n_mlp_layers': 2, 'mlp_dim_0': 248, 'mlp_dim_1': 136, 'num_heads': 2, 'final_dropout': 0.10403927660870647, 'train_learning_rate': 0.002810401828648334, 'train_lr_reduce': 0.6}. Best is trial 236 with value: 0.009785382077097893.
[I 2024-12-24 19:39:26,857] Trial 529 finished with value: 0.011305978521704674 and parameters: {'L1_hidden_dim': 240, 'L1_layers_atom': 4, 'L1_layers_mol': 4, 'L1_dropout': 0.11536424072373477, 'L1_out_dim': 80, 'L2_hidden_dim': 208, 'L2_layers_atom': 3, 'L2_layers_mol': 1, 'L2_out_dim': 48, 'L2_dropout': 0.24845630865188884, 'L3_hidden_dim': 96, 'L3_layers_atom': 2, 'L3_layers_mol': 4, 'L3_out_dim': 80, 'L3_dropout': 0.2758184796442606, 'n_mlp_layers': 1, 'mlp_dim_0': 352, 'num_heads': 2, 'final_dropout': 0.21766700454815444, 'train_learning_rate': 0.0004511721030873187, 'train_lr_reduce': 0.6}. Best is trial 236 with value: 0.009785382077097893.
[I 2024-12-24 19:39:30,147] Trial 530 finished with value: 0.011318877339363098 and parameters: {'L1_hidden_dim': 96, 'L1_layers_atom': 4, 'L1_layers_mol': 3, 'L1_dropout': 0.05337608644997862, 'L1_out_dim': 32, 'L2_hidden_dim': 64, 'L2_layers_atom': 4, 'L2_layers_mol': 3, 'L2_out_dim': 112, 'L2_dropout': 0.10030067368492068, 'L3_hidden_dim': 96, 'L3_layers_atom': 3, 'L3_layers_mol': 1, 'L3_out_dim': 112, 'L3_dropout': 0.2863563367192204, 'n_mlp_layers': 1, 'mlp_dim_0': 144, 'num_heads': 1, 'final_dropout': 0.18790269458421027, 'train_learning_rate': 0.0036096048489961457, 'train_lr_reduce': 0.6}. Best is trial 236 with value: 0.009785382077097893.
[I 2024-12-24 19:39:46,761] Trial 531 finished with value: 0.05913702771067619 and parameters: {'L1_hidden_dim': 192, 'L1_layers_atom': 3, 'L1_layers_mol': 4, 'L1_dropout': 0.034193013422176094, 'L1_out_dim': 32, 'L2_hidden_dim': 64, 'L2_layers_atom': 4, 'L2_layers_mol': 3, 'L2_out_dim': 64, 'L2_dropout': 0.030017968164952197, 'L3_hidden_dim': 96, 'L3_layers_atom': 2, 'L3_layers_mol': 1, 'L3_out_dim': 96, 'L3_dropout': 0.2804483117641364, 'n_mlp_layers': 1, 'mlp_dim_0': 384, 'num_heads': 2, 'final_dropout': 0.1445512773890738, 'train_learning_rate': 0.001899076838770422, 'train_lr_reduce': 0.6}. Best is trial 236 with value: 0.009785382077097893.
[I 2024-12-24 19:41:16,331] Trial 533 finished with value: 0.011553393676877022 and parameters: {'L1_hidden_dim': 160, 'L1_layers_atom': 4, 'L1_layers_mol': 3, 'L1_dropout': 0.0496752184323588, 'L1_out_dim': 32, 'L2_hidden_dim': 192, 'L2_layers_atom': 4, 'L2_layers_mol': 1, 'L2_out_dim': 48, 'L2_dropout': 0.0032499188025773233, 'L3_hidden_dim': 96, 'L3_layers_atom': 2, 'L3_layers_mol': 1, 'L3_out_dim': 128, 'L3_dropout': 0.27173557411519433, 'n_mlp_layers': 2, 'mlp_dim_0': 376, 'mlp_dim_1': 32, 'num_heads': 2, 'final_dropout': 0.14463803874263836, 'train_learning_rate': 0.0010751148059541023, 'train_lr_reduce': 0.6}. Best is trial 236 with value: 0.009785382077097893.
[I 2024-12-24 19:41:21,722] Trial 534 finished with value: 0.01932133547961712 and parameters: {'L1_hidden_dim': 64, 'L1_layers_atom': 3, 'L1_layers_mol': 2, 'L1_dropout': 0.034193716785371295, 'L1_out_dim': 32, 'L2_hidden_dim': 224, 'L2_layers_atom': 4, 'L2_layers_mol': 1, 'L2_out_dim': 80, 'L2_dropout': 0.009335878112906842, 'L3_hidden_dim': 96, 'L3_layers_atom': 4, 'L3_layers_mol': 1, 'L3_out_dim': 96, 'L3_dropout': 0.19920972766178932, 'n_mlp_layers': 3, 'mlp_dim_0': 400, 'mlp_dim_1': 112, 'mlp_dim_2': 408, 'num_heads': 2, 'final_dropout': 0.2929834912410231, 'train_learning_rate': 0.009941488900865289, 'train_lr_reduce': 0.6}. Best is trial 236 with value: 0.009785382077097893.
[I 2024-12-24 19:42:54,576] Trial 532 finished with value: 0.011278809048235416 and parameters: {'L1_hidden_dim': 192, 'L1_layers_atom': 4, 'L1_layers_mol': 2, 'L1_dropout': 0.08991907411480118, 'L1_out_dim': 32, 'L2_hidden_dim': 144, 'L2_layers_atom': 4, 'L2_layers_mol': 1, 'L2_out_dim': 80, 'L2_dropout': 0.15430922674961495, 'L3_hidden_dim': 112, 'L3_layers_atom': 3, 'L3_layers_mol': 2, 'L3_out_dim': 80, 'L3_dropout': 0.29589799585579085, 'n_mlp_layers': 2, 'mlp_dim_0': 424, 'mlp_dim_1': 192, 'num_heads': 2, 'final_dropout': 0.07255332093069161, 'train_learning_rate': 0.001380231907178639, 'train_lr_reduce': 0.6}. Best is trial 236 with value: 0.009785382077097893.
[I 2024-12-24 19:42:59,222] Trial 535 finished with value: 0.011569961905479431 and parameters: {'L1_hidden_dim': 240, 'L1_layers_atom': 2, 'L1_layers_mol': 4, 'L1_dropout': 0.010803071626071248, 'L1_out_dim': 96, 'L2_hidden_dim': 144, 'L2_layers_atom': 3, 'L2_layers_mol': 4, 'L2_out_dim': 32, 'L2_dropout': 0.16871762933897516, 'L3_hidden_dim': 80, 'L3_layers_atom': 4, 'L3_layers_mol': 3, 'L3_out_dim': 128, 'L3_dropout': 0.20139067078405432, 'n_mlp_layers': 3, 'mlp_dim_0': 32, 'mlp_dim_1': 168, 'mlp_dim_2': 272, 'num_heads': 2, 'final_dropout': 0.16398512237121615, 'train_learning_rate': 0.005273320064205396, 'train_lr_reduce': 0.6}. Best is trial 236 with value: 0.009785382077097893.
[I 2024-12-24 19:43:45,519] Trial 536 finished with value: 0.017307098954916 and parameters: {'L1_hidden_dim': 128, 'L1_layers_atom': 3, 'L1_layers_mol': 2, 'L1_dropout': 0.01475029700464842, 'L1_out_dim': 32, 'L2_hidden_dim': 112, 'L2_layers_atom': 4, 'L2_layers_mol': 2, 'L2_out_dim': 112, 'L2_dropout': 0.07678328096794297, 'L3_hidden_dim': 96, 'L3_layers_atom': 3, 'L3_layers_mol': 1, 'L3_out_dim': 80, 'L3_dropout': 0.23558287586703752, 'n_mlp_layers': 1, 'mlp_dim_0': 408, 'num_heads': 2, 'final_dropout': 0.04461244914043536, 'train_learning_rate': 0.004654058400756133, 'train_lr_reduce': 0.6}. Best is trial 236 with value: 0.009785382077097893.
[I 2024-12-24 19:44:50,773] Trial 537 finished with value: 0.01017822790890932 and parameters: {'L1_hidden_dim': 208, 'L1_layers_atom': 3, 'L1_layers_mol': 4, 'L1_dropout': 0.0010796071904553665, 'L1_out_dim': 32, 'L2_hidden_dim': 128, 'L2_layers_atom': 4, 'L2_layers_mol': 1, 'L2_out_dim': 32, 'L2_dropout': 0.07971451231007476, 'L3_hidden_dim': 96, 'L3_layers_atom': 4, 'L3_layers_mol': 1, 'L3_out_dim': 128, 'L3_dropout': 0.2900025397073228, 'n_mlp_layers': 1, 'mlp_dim_0': 320, 'num_heads': 2, 'final_dropout': 0.14565592846288694, 'train_learning_rate': 0.0009809137756483016, 'train_lr_reduce': 0.6}. Best is trial 236 with value: 0.009785382077097893.
[I 2024-12-24 19:45:41,301] Trial 538 finished with value: 0.01532014086842537 and parameters: {'L1_hidden_dim': 256, 'L1_layers_atom': 4, 'L1_layers_mol': 3, 'L1_dropout': 0.10834794242588239, 'L1_out_dim': 64, 'L2_hidden_dim': 144, 'L2_layers_atom': 2, 'L2_layers_mol': 2, 'L2_out_dim': 32, 'L2_dropout': 0.07948660589951727, 'L3_hidden_dim': 96, 'L3_layers_atom': 3, 'L3_layers_mol': 4, 'L3_out_dim': 128, 'L3_dropout': 0.29948892429436, 'n_mlp_layers': 2, 'mlp_dim_0': 232, 'mlp_dim_1': 80, 'num_heads': 2, 'final_dropout': 0.14516401386352581, 'train_learning_rate': 0.003712840673731184, 'train_lr_reduce': 0.6}. Best is trial 236 with value: 0.009785382077097893.
[I 2024-12-24 19:45:47,709] Trial 540 finished with value: 0.034080080687999725 and parameters: {'L1_hidden_dim': 192, 'L1_layers_atom': 3, 'L1_layers_mol': 3, 'L1_dropout': 0.04319956616070927, 'L1_out_dim': 48, 'L2_hidden_dim': 80, 'L2_layers_atom': 3, 'L2_layers_mol': 2, 'L2_out_dim': 64, 'L2_dropout': 0.08166966172679016, 'L3_hidden_dim': 128, 'L3_layers_atom': 4, 'L3_layers_mol': 1, 'L3_out_dim': 96, 'L3_dropout': 0.2447169061828223, 'n_mlp_layers': 3, 'mlp_dim_0': 416, 'mlp_dim_1': 224, 'mlp_dim_2': 448, 'num_heads': 2, 'final_dropout': 0.13611791730507797, 'train_learning_rate': 0.0015806147161706492, 'train_lr_reduce': 0.6}. Best is trial 236 with value: 0.009785382077097893.
[I 2024-12-24 19:46:02,397] Trial 539 finished with value: 0.01189540233463049 and parameters: {'L1_hidden_dim': 256, 'L1_layers_atom': 4, 'L1_layers_mol': 4, 'L1_dropout': 0.0190546959110268, 'L1_out_dim': 112, 'L2_hidden_dim': 256, 'L2_layers_atom': 4, 'L2_layers_mol': 2, 'L2_out_dim': 48, 'L2_dropout': 0.07488089545562916, 'L3_hidden_dim': 112, 'L3_layers_atom': 3, 'L3_layers_mol': 4, 'L3_out_dim': 112, 'L3_dropout': 0.2294223780276648, 'n_mlp_layers': 3, 'mlp_dim_0': 136, 'mlp_dim_1': 200, 'mlp_dim_2': 360, 'num_heads': 2, 'final_dropout': 0.29224957734582424, 'train_learning_rate': 0.0015436548741429388, 'train_lr_reduce': 0.6}. Best is trial 236 with value: 0.009785382077097893.
[I 2024-12-24 19:48:11,821] Trial 542 finished with value: 0.010633816011250019 and parameters: {'L1_hidden_dim': 208, 'L1_layers_atom': 2, 'L1_layers_mol': 4, 'L1_dropout': 0.02953108387735983, 'L1_out_dim': 32, 'L2_hidden_dim': 96, 'L2_layers_atom': 3, 'L2_layers_mol': 1, 'L2_out_dim': 48, 'L2_dropout': 0.06695563113150069, 'L3_hidden_dim': 80, 'L3_layers_atom': 4, 'L3_layers_mol': 1, 'L3_out_dim': 112, 'L3_dropout': 0.2916528495722222, 'n_mlp_layers': 1, 'mlp_dim_0': 160, 'num_heads': 2, 'final_dropout': 0.12251302409400858, 'train_learning_rate': 0.0006148399957269111, 'train_lr_reduce': 0.6}. Best is trial 236 with value: 0.009785382077097893.
[I 2024-12-24 19:48:13,047] Trial 541 finished with value: 0.011309566907584667 and parameters: {'L1_hidden_dim': 240, 'L1_layers_atom': 3, 'L1_layers_mol': 4, 'L1_dropout': 0.09933351304317203, 'L1_out_dim': 80, 'L2_hidden_dim': 224, 'L2_layers_atom': 4, 'L2_layers_mol': 3, 'L2_out_dim': 80, 'L2_dropout': 0.11466636727703591, 'L3_hidden_dim': 128, 'L3_layers_atom': 3, 'L3_layers_mol': 2, 'L3_out_dim': 112, 'L3_dropout': 0.2796436686882034, 'n_mlp_layers': 3, 'mlp_dim_0': 32, 'mlp_dim_1': 216, 'mlp_dim_2': 208, 'num_heads': 2, 'final_dropout': 0.29377634596296687, 'train_learning_rate': 0.0007821860042998689, 'train_lr_reduce': 0.6}. Best is trial 236 with value: 0.009785382077097893.
[I 2024-12-24 19:48:44,735] Trial 543 finished with value: 0.011957166716456413 and parameters: {'L1_hidden_dim': 96, 'L1_layers_atom': 4, 'L1_layers_mol': 4, 'L1_dropout': 0.040524655112532115, 'L1_out_dim': 32, 'L2_hidden_dim': 160, 'L2_layers_atom': 3, 'L2_layers_mol': 3, 'L2_out_dim': 32, 'L2_dropout': 0.035719611011847355, 'L3_hidden_dim': 128, 'L3_layers_atom': 2, 'L3_layers_mol': 2, 'L3_out_dim': 96, 'L3_dropout': 0.23303313813327517, 'n_mlp_layers': 3, 'mlp_dim_0': 408, 'mlp_dim_1': 168, 'mlp_dim_2': 392, 'num_heads': 2, 'final_dropout': 0.11880341844033324, 'train_learning_rate': 0.0013076111777250263, 'train_lr_reduce': 0.6}. Best is trial 236 with value: 0.009785382077097893.
