[I 2024-12-26 02:37:29,231] Trial 1568 finished with value: 0.09228333085775375 and parameters: {'L1_hidden_dim': 64, 'L1_layers_atom': 1, 'L1_layers_mol': 3, 'L1_dropout': 0.29129281360911186, 'L1_out_dim': 128, 'L2_hidden_dim': 144, 'L2_layers_atom': 4, 'L2_layers_mol': 3, 'L2_out_dim': 96, 'L2_dropout': 0.03023851426407233, 'L3_hidden_dim': 112, 'L3_layers_atom': 3, 'L3_layers_mol': 1, 'L3_out_dim': 128, 'L3_dropout': 0.04601918101260699, 'n_mlp_layers': 3, 'mlp_dim_0': 512, 'mlp_dim_1': 408, 'mlp_dim_2': 120, 'num_heads': 1, 'final_dropout': 0.0195423373374973, 'train_learning_rate': 0.005834292483779413, 'train_lr_reduce': 0.6}. Best is trial 1286 with value: 0.03935658559203148.
[I 2024-12-26 02:37:38,138] Trial 1566 finished with value: 0.07036303728818893 and parameters: {'L1_hidden_dim': 96, 'L1_layers_atom': 1, 'L1_layers_mol': 3, 'L1_dropout': 0.24635188705263508, 'L1_out_dim': 112, 'L2_hidden_dim': 208, 'L2_layers_atom': 3, 'L2_layers_mol': 1, 'L2_out_dim': 112, 'L2_dropout': 0.06312238630935388, 'L3_hidden_dim': 80, 'L3_layers_atom': 4, 'L3_layers_mol': 1, 'L3_out_dim': 128, 'L3_dropout': 0.26910423867887034, 'n_mlp_layers': 2, 'mlp_dim_0': 80, 'mlp_dim_1': 416, 'num_heads': 1, 'final_dropout': 0.04634282974412083, 'train_learning_rate': 0.0009365604979497024, 'train_lr_reduce': 0.6}. Best is trial 1286 with value: 0.03935658559203148.
[I 2024-12-26 02:38:12,392] Trial 1569 finished with value: 0.0725255236029625 and parameters: {'L1_hidden_dim': 80, 'L1_layers_atom': 3, 'L1_layers_mol': 1, 'L1_dropout': 0.2823238340895376, 'L1_out_dim': 96, 'L2_hidden_dim': 192, 'L2_layers_atom': 4, 'L2_layers_mol': 1, 'L2_out_dim': 64, 'L2_dropout': 0.039908874230610895, 'L3_hidden_dim': 112, 'L3_layers_atom': 3, 'L3_layers_mol': 1, 'L3_out_dim': 64, 'L3_dropout': 0.27300079786005615, 'n_mlp_layers': 3, 'mlp_dim_0': 48, 'mlp_dim_1': 472, 'mlp_dim_2': 80, 'num_heads': 1, 'final_dropout': 0.04288095560967549, 'train_learning_rate': 0.001520984566466698, 'train_lr_reduce': 0.6}. Best is trial 1286 with value: 0.03935658559203148.
[I 2024-12-26 02:38:47,415] Trial 1570 finished with value: 0.09603356570005417 and parameters: {'L1_hidden_dim': 64, 'L1_layers_atom': 4, 'L1_layers_mol': 4, 'L1_dropout': 0.2271444629096218, 'L1_out_dim': 64, 'L2_hidden_dim': 176, 'L2_layers_atom': 2, 'L2_layers_mol': 3, 'L2_out_dim': 128, 'L2_dropout': 0.000227346915142227, 'L3_hidden_dim': 112, 'L3_layers_atom': 3, 'L3_layers_mol': 2, 'L3_out_dim': 80, 'L3_dropout': 0.16501517497953372, 'n_mlp_layers': 3, 'mlp_dim_0': 336, 'mlp_dim_1': 400, 'mlp_dim_2': 80, 'num_heads': 2, 'final_dropout': 0.09423438772521732, 'train_learning_rate': 0.0031101202835958075, 'train_lr_reduce': 0.6}. Best is trial 1286 with value: 0.03935658559203148.
[I 2024-12-26 02:38:55,459] Trial 1571 finished with value: 0.10037383437156677 and parameters: {'L1_hidden_dim': 96, 'L1_layers_atom': 3, 'L1_layers_mol': 1, 'L1_dropout': 0.2651062906697802, 'L1_out_dim': 128, 'L2_hidden_dim': 144, 'L2_layers_atom': 2, 'L2_layers_mol': 2, 'L2_out_dim': 96, 'L2_dropout': 0.14566913572831172, 'L3_hidden_dim': 112, 'L3_layers_atom': 3, 'L3_layers_mol': 1, 'L3_out_dim': 112, 'L3_dropout': 0.15779904223464866, 'n_mlp_layers': 3, 'mlp_dim_0': 296, 'mlp_dim_1': 448, 'mlp_dim_2': 32, 'num_heads': 2, 'final_dropout': 0.18295071685155606, 'train_learning_rate': 0.002042867034388384, 'train_lr_reduce': 0.6}. Best is trial 1286 with value: 0.03935658559203148.
[I 2024-12-26 02:39:17,960] Trial 1574 finished with value: 0.9589166641235352 and parameters: {'L1_hidden_dim': 80, 'L1_layers_atom': 3, 'L1_layers_mol': 4, 'L1_dropout': 0.18124500629581597, 'L1_out_dim': 96, 'L2_hidden_dim': 192, 'L2_layers_atom': 1, 'L2_layers_mol': 2, 'L2_out_dim': 128, 'L2_dropout': 0.08887611659289055, 'L3_hidden_dim': 112, 'L3_layers_atom': 4, 'L3_layers_mol': 1, 'L3_out_dim': 96, 'L3_dropout': 0.25595130621595685, 'n_mlp_layers': 1, 'mlp_dim_0': 120, 'num_heads': 2, 'final_dropout': 0.02229563914094314, 'train_learning_rate': 0.005260355542009914, 'train_lr_reduce': 0.6}. Best is trial 1286 with value: 0.03935658559203148.
[I 2024-12-26 02:39:32,020] Trial 1572 finished with value: 0.05692214518785477 and parameters: {'L1_hidden_dim': 64, 'L1_layers_atom': 4, 'L1_layers_mol': 4, 'L1_dropout': 0.2766994403662255, 'L1_out_dim': 80, 'L2_hidden_dim': 176, 'L2_layers_atom': 1, 'L2_layers_mol': 1, 'L2_out_dim': 128, 'L2_dropout': 0.07750549299936911, 'L3_hidden_dim': 128, 'L3_layers_atom': 4, 'L3_layers_mol': 1, 'L3_out_dim': 80, 'L3_dropout': 0.24744757557220942, 'n_mlp_layers': 2, 'mlp_dim_0': 296, 'mlp_dim_1': 400, 'num_heads': 2, 'final_dropout': 0.14420269005873387, 'train_learning_rate': 0.0012779775512134091, 'train_lr_reduce': 0.6}. Best is trial 1286 with value: 0.03935658559203148.
