[I 2024-12-19 09:08:56,729] Trial 1313 finished with value: 1.147666573524475 and parameters: {'mlp_n_layers': 2, 'mlp_dim_00': 401, 'mlp_dim_01': 249, 'node_hidden_dim': 68, 'edge_hidden_dim': 82, 'depth': 3, 'rep_dropout': 0.05768605320751753, 'train_learning_rate': 0.003372004726672522, 'train_lr_reduce': 0.6}. Best is trial 724 with value: 0.1670333594083786.
[I 2024-12-19 09:09:11,307] Trial 1311 finished with value: 0.5409598350524902 and parameters: {'mlp_n_layers': 3, 'mlp_dim_00': 423, 'mlp_dim_01': 453, 'mlp_dim_02': 436, 'node_hidden_dim': 127, 'edge_hidden_dim': 64, 'depth': 2, 'rep_dropout': 0.007963828803567025, 'train_learning_rate': 0.009490683119404947, 'train_lr_reduce': 0.6}. Best is trial 724 with value: 0.1670333594083786.
[I 2024-12-19 09:09:11,383] Trial 1312 finished with value: 0.29904425144195557 and parameters: {'mlp_n_layers': 4, 'mlp_dim_00': 504, 'mlp_dim_01': 173, 'mlp_dim_02': 481, 'mlp_dim_03': 333, 'node_hidden_dim': 122, 'edge_hidden_dim': 58, 'depth': 2, 'rep_dropout': 0.08265827485520921, 'train_learning_rate': 0.003309260281263871, 'train_lr_reduce': 0.6}. Best is trial 724 with value: 0.1670333594083786.
[I 2024-12-19 09:09:19,370] Trial 1314 finished with value: 0.6678840517997742 and parameters: {'mlp_n_layers': 2, 'mlp_dim_00': 508, 'mlp_dim_01': 260, 'node_hidden_dim': 117, 'edge_hidden_dim': 62, 'depth': 2, 'rep_dropout': 0.055017100595887145, 'train_learning_rate': 0.009175497393648402, 'train_lr_reduce': 0.6}. Best is trial 724 with value: 0.1670333594083786.
[I 2024-12-19 09:09:24,531] Trial 1316 finished with value: 0.6621928811073303 and parameters: {'mlp_n_layers': 3, 'mlp_dim_00': 464, 'mlp_dim_01': 454, 'mlp_dim_02': 396, 'node_hidden_dim': 99, 'edge_hidden_dim': 105, 'depth': 2, 'rep_dropout': 0.053226596396316835, 'train_learning_rate': 0.006620979400354783, 'train_lr_reduce': 0.6}. Best is trial 724 with value: 0.1670333594083786.
[I 2024-12-19 09:09:36,705] Trial 1315 finished with value: 0.4486762285232544 and parameters: {'mlp_n_layers': 2, 'mlp_dim_00': 375, 'mlp_dim_01': 293, 'node_hidden_dim': 126, 'edge_hidden_dim': 41, 'depth': 3, 'rep_dropout': 0.01078425979861195, 'train_learning_rate': 0.005533424848493609, 'train_lr_reduce': 0.6}. Best is trial 724 with value: 0.1670333594083786.
[I 2024-12-19 09:09:39,491] Trial 1318 finished with value: 0.46528682112693787 and parameters: {'mlp_n_layers': 2, 'mlp_dim_00': 358, 'mlp_dim_01': 503, 'node_hidden_dim': 82, 'edge_hidden_dim': 39, 'depth': 2, 'rep_dropout': 0.02478311478548709, 'train_learning_rate': 0.008259500632154365, 'train_lr_reduce': 0.6}. Best is trial 724 with value: 0.1670333594083786.
[I 2024-12-19 09:09:42,690] Trial 1317 finished with value: 0.41161224246025085 and parameters: {'mlp_n_layers': 3, 'mlp_dim_00': 493, 'mlp_dim_01': 226, 'mlp_dim_02': 348, 'node_hidden_dim': 106, 'edge_hidden_dim': 84, 'depth': 3, 'rep_dropout': 0.010865466031401979, 'train_learning_rate': 0.008118150313102611, 'train_lr_reduce': 0.6}. Best is trial 724 with value: 0.1670333594083786.
[I 2024-12-19 09:09:45,920] Trial 1320 finished with value: 1.1446574926376343 and parameters: {'mlp_n_layers': 2, 'mlp_dim_00': 452, 'mlp_dim_01': 444, 'node_hidden_dim': 53, 'edge_hidden_dim': 64, 'depth': 3, 'rep_dropout': 0.021858335706521508, 'train_learning_rate': 0.008409577849735604, 'train_lr_reduce': 0.6}. Best is trial 724 with value: 0.1670333594083786.
[I 2024-12-19 09:10:01,943] Trial 1319 finished with value: 0.46532267332077026 and parameters: {'mlp_n_layers': 3, 'mlp_dim_00': 469, 'mlp_dim_01': 225, 'mlp_dim_02': 437, 'node_hidden_dim': 126, 'edge_hidden_dim': 74, 'depth': 2, 'rep_dropout': 0.13408233086221338, 'train_learning_rate': 0.005814328491469458, 'train_lr_reduce': 0.6}. Best is trial 724 with value: 0.1670333594083786.
[I 2024-12-19 09:10:06,465] Trial 1322 finished with value: 0.4254898726940155 and parameters: {'mlp_n_layers': 4, 'mlp_dim_00': 97, 'mlp_dim_01': 97, 'mlp_dim_02': 399, 'mlp_dim_03': 179, 'node_hidden_dim': 82, 'edge_hidden_dim': 102, 'depth': 2, 'rep_dropout': 0.17397085814121593, 'train_learning_rate': 0.0059600561178394925, 'train_lr_reduce': 0.6}. Best is trial 724 with value: 0.1670333594083786.
[I 2024-12-19 09:10:06,467] Trial 1321 finished with value: 0.5260998606681824 and parameters: {'mlp_n_layers': 4, 'mlp_dim_00': 470, 'mlp_dim_01': 319, 'mlp_dim_02': 510, 'mlp_dim_03': 255, 'node_hidden_dim': 88, 'edge_hidden_dim': 78, 'depth': 3, 'rep_dropout': 0.023276820393757287, 'train_learning_rate': 0.0063097603193682395, 'train_lr_reduce': 0.6}. Best is trial 724 with value: 0.1670333594083786.
[I 2024-12-19 09:10:08,973] Trial 1323 finished with value: 1.1428132057189941 and parameters: {'mlp_n_layers': 2, 'mlp_dim_00': 351, 'mlp_dim_01': 342, 'node_hidden_dim': 95, 'edge_hidden_dim': 54, 'depth': 2, 'rep_dropout': 0.0727397753106758, 'train_learning_rate': 0.005305900628365089, 'train_lr_reduce': 0.6}. Best is trial 724 with value: 0.1670333594083786.
[I 2024-12-19 09:10:12,669] Trial 1324 finished with value: 1.1503159999847412 and parameters: {'mlp_n_layers': 3, 'mlp_dim_00': 351, 'mlp_dim_01': 240, 'mlp_dim_02': 324, 'node_hidden_dim': 125, 'edge_hidden_dim': 77, 'depth': 2, 'rep_dropout': 0.029091856572025804, 'train_learning_rate': 0.0027439912233047613, 'train_lr_reduce': 0.6}. Best is trial 724 with value: 0.1670333594083786.
[I 2024-12-19 09:10:18,493] Trial 1327 finished with value: 1.1499382257461548 and parameters: {'mlp_n_layers': 2, 'mlp_dim_00': 424, 'mlp_dim_01': 420, 'node_hidden_dim': 81, 'edge_hidden_dim': 48, 'depth': 2, 'rep_dropout': 0.07570629353900843, 'train_learning_rate': 0.00434567135753942, 'train_lr_reduce': 0.6}. Best is trial 724 with value: 0.1670333594083786.
[I 2024-12-19 09:10:28,410] Trial 1325 finished with value: 0.2216310203075409 and parameters: {'mlp_n_layers': 2, 'mlp_dim_00': 477, 'mlp_dim_01': 359, 'node_hidden_dim': 70, 'edge_hidden_dim': 51, 'depth': 2, 'rep_dropout': 0.012474203104978295, 'train_learning_rate': 0.009822502504939074, 'train_lr_reduce': 0.6}. Best is trial 724 with value: 0.1670333594083786.
[I 2024-12-19 09:10:33,381] Trial 1326 finished with value: 0.275897353887558 and parameters: {'mlp_n_layers': 3, 'mlp_dim_00': 397, 'mlp_dim_01': 397, 'mlp_dim_02': 449, 'node_hidden_dim': 100, 'edge_hidden_dim': 76, 'depth': 2, 'rep_dropout': 0.0567705682197711, 'train_learning_rate': 0.004973585729456901, 'train_lr_reduce': 0.6}. Best is trial 724 with value: 0.1670333594083786.
[I 2024-12-19 09:10:35,272] Trial 1328 finished with value: 0.6066688299179077 and parameters: {'mlp_n_layers': 4, 'mlp_dim_00': 487, 'mlp_dim_01': 440, 'mlp_dim_02': 384, 'mlp_dim_03': 134, 'node_hidden_dim': 116, 'edge_hidden_dim': 100, 'depth': 2, 'rep_dropout': 0.017579514849705574, 'train_learning_rate': 0.007000783716147975, 'train_lr_reduce': 0.6}. Best is trial 724 with value: 0.1670333594083786.
[I 2024-12-19 09:10:37,105] Trial 1329 finished with value: 1.1420468091964722 and parameters: {'mlp_n_layers': 4, 'mlp_dim_00': 451, 'mlp_dim_01': 148, 'mlp_dim_02': 479, 'mlp_dim_03': 305, 'node_hidden_dim': 106, 'edge_hidden_dim': 42, 'depth': 3, 'rep_dropout': 0.11540567447227976, 'train_learning_rate': 0.00017361019726346624, 'train_lr_reduce': 0.6}. Best is trial 724 with value: 0.1670333594083786.
[I 2024-12-19 09:10:40,519] Trial 1330 finished with value: 1.150727391242981 and parameters: {'mlp_n_layers': 3, 'mlp_dim_00': 501, 'mlp_dim_01': 396, 'mlp_dim_02': 428, 'node_hidden_dim': 97, 'edge_hidden_dim': 63, 'depth': 3, 'rep_dropout': 0.028002099831757422, 'train_learning_rate': 0.004384829376113167, 'train_lr_reduce': 0.6}. Best is trial 724 with value: 0.1670333594083786.
[I 2024-12-19 09:10:41,851] Trial 1331 finished with value: 1.14434015750885 and parameters: {'mlp_n_layers': 4, 'mlp_dim_00': 401, 'mlp_dim_01': 164, 'mlp_dim_02': 363, 'mlp_dim_03': 229, 'node_hidden_dim': 84, 'edge_hidden_dim': 79, 'depth': 3, 'rep_dropout': 0.07353296019987614, 'train_learning_rate': 0.006013377610237119, 'train_lr_reduce': 0.6}. Best is trial 724 with value: 0.1670333594083786.
[I 2024-12-19 09:10:48,802] Trial 1333 finished with value: 1.1427570581436157 and parameters: {'mlp_n_layers': 3, 'mlp_dim_00': 117, 'mlp_dim_01': 509, 'mlp_dim_02': 437, 'node_hidden_dim': 74, 'edge_hidden_dim': 123, 'depth': 3, 'rep_dropout': 0.24698268329084572, 'train_learning_rate': 0.00033289634934765064, 'train_lr_reduce': 0.6}. Best is trial 724 with value: 0.1670333594083786.
[I 2024-12-19 09:10:56,911] Trial 1335 finished with value: 1.1423840522766113 and parameters: {'mlp_n_layers': 3, 'mlp_dim_00': 389, 'mlp_dim_01': 370, 'mlp_dim_02': 468, 'node_hidden_dim': 125, 'edge_hidden_dim': 54, 'depth': 2, 'rep_dropout': 0.09047402792476134, 'train_learning_rate': 0.002031423106774058, 'train_lr_reduce': 0.6}. Best is trial 724 with value: 0.1670333594083786.
[I 2024-12-19 09:11:02,338] Trial 1332 finished with value: 0.578152596950531 and parameters: {'mlp_n_layers': 4, 'mlp_dim_00': 418, 'mlp_dim_01': 311, 'mlp_dim_02': 511, 'mlp_dim_03': 470, 'node_hidden_dim': 121, 'edge_hidden_dim': 45, 'depth': 3, 'rep_dropout': 0.013026063080068238, 'train_learning_rate': 0.00915494097531365, 'train_lr_reduce': 0.6}. Best is trial 724 with value: 0.1670333594083786.
[I 2024-12-19 09:11:04,071] Trial 1334 finished with value: 0.4051450788974762 and parameters: {'mlp_n_layers': 4, 'mlp_dim_00': 500, 'mlp_dim_01': 347, 'mlp_dim_02': 405, 'mlp_dim_03': 404, 'node_hidden_dim': 91, 'edge_hidden_dim': 63, 'depth': 2, 'rep_dropout': 0.01591467146451281, 'train_learning_rate': 0.004186022885977901, 'train_lr_reduce': 0.6}. Best is trial 724 with value: 0.1670333594083786.
[I 2024-12-19 09:11:06,060] Trial 1336 finished with value: 1.1424179077148438 and parameters: {'mlp_n_layers': 4, 'mlp_dim_00': 420, 'mlp_dim_01': 442, 'mlp_dim_02': 337, 'mlp_dim_03': 74, 'node_hidden_dim': 118, 'edge_hidden_dim': 95, 'depth': 3, 'rep_dropout': 0.11040862420987917, 'train_learning_rate': 0.0005919818486648866, 'train_lr_reduce': 0.6}. Best is trial 724 with value: 0.1670333594083786.
[I 2024-12-19 09:11:08,143] Trial 1337 finished with value: 1.155374526977539 and parameters: {'mlp_n_layers': 3, 'mlp_dim_00': 285, 'mlp_dim_01': 259, 'mlp_dim_02': 512, 'node_hidden_dim': 36, 'edge_hidden_dim': 40, 'depth': 2, 'rep_dropout': 0.03151185870619523, 'train_learning_rate': 0.007980106627550644, 'train_lr_reduce': 0.6}. Best is trial 724 with value: 0.1670333594083786.
[I 2024-12-19 09:11:09,605] Trial 1338 finished with value: 1.1434804201126099 and parameters: {'mlp_n_layers': 3, 'mlp_dim_00': 475, 'mlp_dim_01': 437, 'mlp_dim_02': 404, 'node_hidden_dim': 70, 'edge_hidden_dim': 72, 'depth': 2, 'rep_dropout': 0.06647332352605048, 'train_learning_rate': 0.008066624739551604, 'train_lr_reduce': 0.6}. Best is trial 724 with value: 0.1670333594083786.
[I 2024-12-19 09:11:13,757] Trial 1339 finished with value: 1.1426645517349243 and parameters: {'mlp_n_layers': 3, 'mlp_dim_00': 370, 'mlp_dim_01': 83, 'mlp_dim_02': 443, 'node_hidden_dim': 70, 'edge_hidden_dim': 37, 'depth': 2, 'rep_dropout': 0.07707442336322538, 'train_learning_rate': 0.0004961450098031219, 'train_lr_reduce': 0.6}. Best is trial 724 with value: 0.1670333594083786.
[I 2024-12-19 09:11:15,672] Trial 1340 finished with value: 1.1418654918670654 and parameters: {'mlp_n_layers': 4, 'mlp_dim_00': 499, 'mlp_dim_01': 308, 'mlp_dim_02': 371, 'mlp_dim_03': 173, 'node_hidden_dim': 116, 'edge_hidden_dim': 76, 'depth': 3, 'rep_dropout': 0.030730277061114107, 'train_learning_rate': 0.00430374774977188, 'train_lr_reduce': 0.6}. Best is trial 724 with value: 0.1670333594083786.
[I 2024-12-19 09:11:15,743] Trial 1341 finished with value: 1.1492220163345337 and parameters: {'mlp_n_layers': 2, 'mlp_dim_00': 214, 'mlp_dim_01': 149, 'node_hidden_dim': 79, 'edge_hidden_dim': 85, 'depth': 4, 'rep_dropout': 0.19004276636181394, 'train_learning_rate': 0.008232584220450182, 'train_lr_reduce': 0.6}. Best is trial 724 with value: 0.1670333594083786.
[I 2024-12-19 09:11:22,031] Trial 1343 finished with value: 1.146203637123108 and parameters: {'mlp_n_layers': 2, 'mlp_dim_00': 339, 'mlp_dim_01': 467, 'node_hidden_dim': 43, 'edge_hidden_dim': 113, 'depth': 2, 'rep_dropout': 0.0997191405386698, 'train_learning_rate': 0.0004110224961075599, 'train_lr_reduce': 0.6}. Best is trial 724 with value: 0.1670333594083786.
[I 2024-12-19 09:11:36,507] Trial 1344 finished with value: 0.3873221278190613 and parameters: {'mlp_n_layers': 3, 'mlp_dim_00': 510, 'mlp_dim_01': 399, 'mlp_dim_02': 300, 'node_hidden_dim': 98, 'edge_hidden_dim': 36, 'depth': 2, 'rep_dropout': 0.04610068041604071, 'train_learning_rate': 0.009027292014986685, 'train_lr_reduce': 0.6}. Best is trial 724 with value: 0.1670333594083786.
[I 2024-12-19 09:11:38,033] Trial 1342 finished with value: 0.3837786614894867 and parameters: {'mlp_n_layers': 4, 'mlp_dim_00': 205, 'mlp_dim_01': 491, 'mlp_dim_02': 470, 'mlp_dim_03': 271, 'node_hidden_dim': 35, 'edge_hidden_dim': 63, 'depth': 2, 'rep_dropout': 0.11324734688195232, 'train_learning_rate': 0.007478595011915826, 'train_lr_reduce': 0.6}. Best is trial 724 with value: 0.1670333594083786.
[I 2024-12-19 09:11:43,373] Trial 1346 finished with value: 1.1437586545944214 and parameters: {'mlp_n_layers': 3, 'mlp_dim_00': 342, 'mlp_dim_01': 372, 'mlp_dim_02': 443, 'node_hidden_dim': 32, 'edge_hidden_dim': 40, 'depth': 3, 'rep_dropout': 0.022747355568482633, 'train_learning_rate': 0.003815475200180376, 'train_lr_reduce': 0.6}. Best is trial 724 with value: 0.1670333594083786.
[I 2024-12-19 09:11:44,485] Trial 1345 finished with value: 0.43097448348999023 and parameters: {'mlp_n_layers': 4, 'mlp_dim_00': 421, 'mlp_dim_01': 450, 'mlp_dim_02': 401, 'mlp_dim_03': 355, 'node_hidden_dim': 79, 'edge_hidden_dim': 64, 'depth': 2, 'rep_dropout': 0.009839278613916437, 'train_learning_rate': 0.0066129365720814706, 'train_lr_reduce': 0.6}. Best is trial 724 with value: 0.1670333594083786.
[I 2024-12-19 09:11:45,453] Trial 1347 finished with value: 1.143530011177063 and parameters: {'mlp_n_layers': 3, 'mlp_dim_00': 506, 'mlp_dim_01': 246, 'mlp_dim_02': 358, 'node_hidden_dim': 123, 'edge_hidden_dim': 50, 'depth': 3, 'rep_dropout': 0.009832280375425483, 'train_learning_rate': 0.001958741832431548, 'train_lr_reduce': 0.6}. Best is trial 724 with value: 0.1670333594083786.
[I 2024-12-19 09:11:49,290] Trial 1348 finished with value: 1.1444028615951538 and parameters: {'mlp_n_layers': 3, 'mlp_dim_00': 233, 'mlp_dim_01': 497, 'mlp_dim_02': 478, 'node_hidden_dim': 73, 'edge_hidden_dim': 38, 'depth': 2, 'rep_dropout': 0.0454655295315432, 'train_learning_rate': 0.005145920490893535, 'train_lr_reduce': 0.6}. Best is trial 724 with value: 0.1670333594083786.
[I 2024-12-19 09:12:02,380] Trial 1349 finished with value: 0.3485638499259949 and parameters: {'mlp_n_layers': 3, 'mlp_dim_00': 502, 'mlp_dim_01': 383, 'mlp_dim_02': 422, 'node_hidden_dim': 122, 'edge_hidden_dim': 38, 'depth': 2, 'rep_dropout': 0.012904449574263753, 'train_learning_rate': 0.004452599174341633, 'train_lr_reduce': 0.6}. Best is trial 724 with value: 0.1670333594083786.
[I 2024-12-19 09:12:10,661] Trial 1352 finished with value: 1.1429920196533203 and parameters: {'mlp_n_layers': 3, 'mlp_dim_00': 189, 'mlp_dim_01': 481, 'mlp_dim_02': 322, 'node_hidden_dim': 50, 'edge_hidden_dim': 100, 'depth': 3, 'rep_dropout': 0.16890233057017345, 'train_learning_rate': 0.00030770032992202096, 'train_lr_reduce': 0.6}. Best is trial 724 with value: 0.1670333594083786.
[I 2024-12-19 09:12:10,825] Trial 1350 finished with value: 0.2859122157096863 and parameters: {'mlp_n_layers': 3, 'mlp_dim_00': 370, 'mlp_dim_01': 354, 'mlp_dim_02': 379, 'node_hidden_dim': 121, 'edge_hidden_dim': 57, 'depth': 2, 'rep_dropout': 0.04407393417865466, 'train_learning_rate': 0.006694475398704368, 'train_lr_reduce': 0.6}. Best is trial 724 with value: 0.1670333594083786.
[I 2024-12-19 09:12:11,833] Trial 1351 finished with value: 0.6277598142623901 and parameters: {'mlp_n_layers': 4, 'mlp_dim_00': 486, 'mlp_dim_01': 253, 'mlp_dim_02': 437, 'mlp_dim_03': 213, 'node_hidden_dim': 94, 'edge_hidden_dim': 75, 'depth': 2, 'rep_dropout': 0.011491123344681074, 'train_learning_rate': 0.0077141480279759615, 'train_lr_reduce': 0.6}. Best is trial 724 with value: 0.1670333594083786.
[I 2024-12-19 09:12:18,283] Trial 1354 finished with value: 1.146332025527954 and parameters: {'mlp_n_layers': 2, 'mlp_dim_00': 454, 'mlp_dim_01': 484, 'node_hidden_dim': 37, 'edge_hidden_dim': 36, 'depth': 2, 'rep_dropout': 0.0737222385653603, 'train_learning_rate': 0.0006486961045182677, 'train_lr_reduce': 0.6}. Best is trial 724 with value: 0.1670333594083786.
[I 2024-12-19 09:12:22,390] Trial 1355 finished with value: 1.1420667171478271 and parameters: {'mlp_n_layers': 4, 'mlp_dim_00': 86, 'mlp_dim_01': 87, 'mlp_dim_02': 411, 'mlp_dim_03': 141, 'node_hidden_dim': 73, 'edge_hidden_dim': 81, 'depth': 4, 'rep_dropout': 0.24767749995151114, 'train_learning_rate': 0.00012601881909950303, 'train_lr_reduce': 0.6}. Best is trial 724 with value: 0.1670333594083786.
[I 2024-12-19 09:12:26,665] Trial 1356 finished with value: 1.1423745155334473 and parameters: {'mlp_n_layers': 3, 'mlp_dim_00': 120, 'mlp_dim_01': 174, 'mlp_dim_02': 472, 'node_hidden_dim': 48, 'edge_hidden_dim': 82, 'depth': 3, 'rep_dropout': 0.17244493961350735, 'train_learning_rate': 0.00030264832718779046, 'train_lr_reduce': 0.6}. Best is trial 724 with value: 0.1670333594083786.
[I 2024-12-19 09:12:32,768] Trial 1353 finished with value: 0.664623498916626 and parameters: {'mlp_n_layers': 3, 'mlp_dim_00': 376, 'mlp_dim_01': 162, 'mlp_dim_02': 470, 'node_hidden_dim': 88, 'edge_hidden_dim': 58, 'depth': 3, 'rep_dropout': 0.01615915086760296, 'train_learning_rate': 0.007797984937479476, 'train_lr_reduce': 0.6}. Best is trial 724 with value: 0.1670333594083786.
[I 2024-12-19 09:12:33,666] Trial 1358 finished with value: 1.1488025188446045 and parameters: {'mlp_n_layers': 3, 'mlp_dim_00': 358, 'mlp_dim_01': 417, 'mlp_dim_02': 364, 'node_hidden_dim': 84, 'edge_hidden_dim': 32, 'depth': 2, 'rep_dropout': 0.0008158514453640341, 'train_learning_rate': 0.0034600295949916435, 'train_lr_reduce': 0.6}. Best is trial 724 with value: 0.1670333594083786.
[I 2024-12-19 09:12:39,663] Trial 1359 finished with value: 1.1430848836898804 and parameters: {'mlp_n_layers': 2, 'mlp_dim_00': 343, 'mlp_dim_01': 469, 'node_hidden_dim': 79, 'edge_hidden_dim': 105, 'depth': 3, 'rep_dropout': 0.07315018669074762, 'train_learning_rate': 0.0009901445193336576, 'train_lr_reduce': 0.6}. Best is trial 724 with value: 0.1670333594083786.
[I 2024-12-19 09:12:42,955] Trial 1357 finished with value: 0.3840310275554657 and parameters: {'mlp_n_layers': 2, 'mlp_dim_00': 341, 'mlp_dim_01': 317, 'node_hidden_dim': 126, 'edge_hidden_dim': 35, 'depth': 2, 'rep_dropout': 0.08024938480954819, 'train_learning_rate': 0.009630118345852697, 'train_lr_reduce': 0.6}. Best is trial 724 with value: 0.1670333594083786.
[I 2024-12-19 09:12:45,622] Trial 1360 finished with value: 0.8850862979888916 and parameters: {'mlp_n_layers': 2, 'mlp_dim_00': 480, 'mlp_dim_01': 130, 'node_hidden_dim': 104, 'edge_hidden_dim': 81, 'depth': 2, 'rep_dropout': 0.00020640396788626503, 'train_learning_rate': 0.009940108767574713, 'train_lr_reduce': 0.6}. Best is trial 724 with value: 0.1670333594083786.
[I 2024-12-19 09:12:45,981] Trial 1361 finished with value: 1.142234206199646 and parameters: {'mlp_n_layers': 2, 'mlp_dim_00': 242, 'mlp_dim_01': 159, 'node_hidden_dim': 122, 'edge_hidden_dim': 41, 'depth': 2, 'rep_dropout': 0.1925577445175696, 'train_learning_rate': 0.0009700555192125734, 'train_lr_reduce': 0.6}. Best is trial 724 with value: 0.1670333594083786.
[I 2024-12-19 09:12:53,399] Trial 1364 finished with value: 1.1440672874450684 and parameters: {'mlp_n_layers': 2, 'mlp_dim_00': 408, 'mlp_dim_01': 453, 'node_hidden_dim': 69, 'edge_hidden_dim': 35, 'depth': 2, 'rep_dropout': 0.03622374320252059, 'train_learning_rate': 0.005235924106162469, 'train_lr_reduce': 0.6}. Best is trial 724 with value: 0.1670333594083786.
[I 2024-12-19 09:13:00,807] Trial 1365 finished with value: 1.1424314975738525 and parameters: {'mlp_n_layers': 3, 'mlp_dim_00': 396, 'mlp_dim_01': 240, 'mlp_dim_02': 263, 'node_hidden_dim': 121, 'edge_hidden_dim': 60, 'depth': 3, 'rep_dropout': 0.10941527257582279, 'train_learning_rate': 0.0030449824621433964, 'train_lr_reduce': 0.6}. Best is trial 724 with value: 0.1670333594083786.
[I 2024-12-19 09:13:05,979] Trial 1362 finished with value: 0.5603790879249573 and parameters: {'mlp_n_layers': 4, 'mlp_dim_00': 424, 'mlp_dim_01': 509, 'mlp_dim_02': 415, 'mlp_dim_03': 304, 'node_hidden_dim': 91, 'edge_hidden_dim': 71, 'depth': 2, 'rep_dropout': 0.08360999210172382, 'train_learning_rate': 0.002645675417611169, 'train_lr_reduce': 0.6}. Best is trial 724 with value: 0.1670333594083786.
[I 2024-12-19 09:13:10,093] Trial 1363 finished with value: 0.20337577164173126 and parameters: {'mlp_n_layers': 3, 'mlp_dim_00': 419, 'mlp_dim_01': 223, 'mlp_dim_02': 479, 'node_hidden_dim': 107, 'edge_hidden_dim': 60, 'depth': 2, 'rep_dropout': 0.07412764189892623, 'train_learning_rate': 0.007140888723301095, 'train_lr_reduce': 0.6}. Best is trial 724 with value: 0.1670333594083786.
[I 2024-12-19 09:13:23,250] Trial 1366 finished with value: 0.24716295301914215 and parameters: {'mlp_n_layers': 3, 'mlp_dim_00': 400, 'mlp_dim_01': 238, 'mlp_dim_02': 393, 'node_hidden_dim': 114, 'edge_hidden_dim': 85, 'depth': 2, 'rep_dropout': 0.008466312743215194, 'train_learning_rate': 0.007883436174682134, 'train_lr_reduce': 0.6}. Best is trial 724 with value: 0.1670333594083786.
