[I 2024-12-19 18:12:41,597] Trial 299 finished with value: 1.1419190168380737 and parameters: {'mlp_n_layers': 1, 'mlp_dim_00': 356, 'node_hidden_dim': 35, 'edge_hidden_dim': 61, 'depth': 1, 'rep_dropout': 0.004865737791502803, 'train_learning_rate': 0.002194399784502739, 'train_lr_reduce': 0.6}. Best is trial 158 with value: 0.11393879354000092.
[I 2024-12-19 18:13:06,572] Trial 297 finished with value: 0.12413430213928223 and parameters: {'mlp_n_layers': 1, 'mlp_dim_00': 313, 'node_hidden_dim': 39, 'edge_hidden_dim': 51, 'depth': 1, 'rep_dropout': 0.039213132496025996, 'train_learning_rate': 0.002818258812554411, 'train_lr_reduce': 0.6}. Best is trial 158 with value: 0.11393879354000092.
[I 2024-12-19 18:13:11,080] Trial 302 finished with value: 1.1450190544128418 and parameters: {'mlp_n_layers': 2, 'mlp_dim_00': 257, 'mlp_dim_01': 404, 'node_hidden_dim': 33, 'edge_hidden_dim': 59, 'depth': 1, 'rep_dropout': 0.04178029500550909, 'train_learning_rate': 0.0018717597040708775, 'train_lr_reduce': 0.6}. Best is trial 158 with value: 0.11393879354000092.
[I 2024-12-19 18:13:14,891] Trial 300 finished with value: 0.17183098196983337 and parameters: {'mlp_n_layers': 2, 'mlp_dim_00': 407, 'mlp_dim_01': 481, 'node_hidden_dim': 33, 'edge_hidden_dim': 37, 'depth': 1, 'rep_dropout': 0.018174669834023657, 'train_learning_rate': 0.004379770510367073, 'train_lr_reduce': 0.6}. Best is trial 158 with value: 0.11393879354000092.
[I 2024-12-19 18:13:22,170] Trial 301 finished with value: 0.14039599895477295 and parameters: {'mlp_n_layers': 1, 'mlp_dim_00': 346, 'node_hidden_dim': 35, 'edge_hidden_dim': 44, 'depth': 1, 'rep_dropout': 0.02442813866638667, 'train_learning_rate': 0.003274408348196933, 'train_lr_reduce': 0.6}. Best is trial 158 with value: 0.11393879354000092.
[I 2024-12-19 18:13:49,131] Trial 303 finished with value: 0.15274792909622192 and parameters: {'mlp_n_layers': 1, 'mlp_dim_00': 273, 'node_hidden_dim': 32, 'edge_hidden_dim': 61, 'depth': 1, 'rep_dropout': 0.04949261044736642, 'train_learning_rate': 0.0019072602604230946, 'train_lr_reduce': 0.6}. Best is trial 158 with value: 0.11393879354000092.
[I 2024-12-19 18:13:50,577] Trial 304 finished with value: 0.16308391094207764 and parameters: {'mlp_n_layers': 2, 'mlp_dim_00': 508, 'mlp_dim_01': 106, 'node_hidden_dim': 69, 'edge_hidden_dim': 62, 'depth': 1, 'rep_dropout': 0.05402518930715182, 'train_learning_rate': 0.002768148320750049, 'train_lr_reduce': 0.6}. Best is trial 158 with value: 0.11393879354000092.
[I 2024-12-19 18:13:56,102] Trial 307 finished with value: 1.1430761814117432 and parameters: {'mlp_n_layers': 4, 'mlp_dim_00': 378, 'mlp_dim_01': 330, 'mlp_dim_02': 228, 'mlp_dim_03': 127, 'node_hidden_dim': 103, 'edge_hidden_dim': 35, 'depth': 3, 'rep_dropout': 0.07724196186075942, 'train_learning_rate': 0.0021987573933568766, 'train_lr_reduce': 0.6}. Best is trial 158 with value: 0.11393879354000092.
[I 2024-12-19 18:14:01,945] Trial 305 finished with value: 0.12500737607479095 and parameters: {'mlp_n_layers': 1, 'mlp_dim_00': 349, 'node_hidden_dim': 40, 'edge_hidden_dim': 58, 'depth': 1, 'rep_dropout': 0.05336340075759654, 'train_learning_rate': 0.005108112426404819, 'train_lr_reduce': 0.6}. Best is trial 158 with value: 0.11393879354000092.
[I 2024-12-19 18:14:06,505] Trial 309 finished with value: 1.1425856351852417 and parameters: {'mlp_n_layers': 1, 'mlp_dim_00': 339, 'node_hidden_dim': 33, 'edge_hidden_dim': 49, 'depth': 1, 'rep_dropout': 0.0429282341382025, 'train_learning_rate': 0.00130526085614224, 'train_lr_reduce': 0.6}. Best is trial 158 with value: 0.11393879354000092.
[I 2024-12-19 18:14:14,136] Trial 308 finished with value: 0.29632672667503357 and parameters: {'mlp_n_layers': 1, 'mlp_dim_00': 339, 'node_hidden_dim': 46, 'edge_hidden_dim': 64, 'depth': 2, 'rep_dropout': 0.03464081227624419, 'train_learning_rate': 0.005557624776173128, 'train_lr_reduce': 0.6}. Best is trial 158 with value: 0.11393879354000092.
[I 2024-12-19 18:14:26,858] Trial 310 finished with value: 0.20442093908786774 and parameters: {'mlp_n_layers': 1, 'mlp_dim_00': 409, 'node_hidden_dim': 38, 'edge_hidden_dim': 53, 'depth': 1, 'rep_dropout': 0.032931813449392625, 'train_learning_rate': 0.003820780774353282, 'train_lr_reduce': 0.6}. Best is trial 158 with value: 0.11393879354000092.
[I 2024-12-19 18:14:26,861] Trial 306 finished with value: 0.17796285450458527 and parameters: {'mlp_n_layers': 1, 'mlp_dim_00': 352, 'node_hidden_dim': 50, 'edge_hidden_dim': 32, 'depth': 1, 'rep_dropout': 5.3335131358479924e-05, 'train_learning_rate': 0.006635239884041732, 'train_lr_reduce': 0.6}. Best is trial 158 with value: 0.11393879354000092.
[I 2024-12-19 18:14:32,038] Trial 312 finished with value: 1.1425049304962158 and parameters: {'mlp_n_layers': 3, 'mlp_dim_00': 254, 'mlp_dim_01': 410, 'mlp_dim_02': 240, 'node_hidden_dim': 72, 'edge_hidden_dim': 58, 'depth': 1, 'rep_dropout': 0.11692809816999851, 'train_learning_rate': 0.0004165119099084739, 'train_lr_reduce': 0.6}. Best is trial 158 with value: 0.11393879354000092.
[I 2024-12-19 18:14:36,725] Trial 313 finished with value: 0.4282538890838623 and parameters: {'mlp_n_layers': 1, 'mlp_dim_00': 375, 'node_hidden_dim': 36, 'edge_hidden_dim': 79, 'depth': 1, 'rep_dropout': 0.07184023521940194, 'train_learning_rate': 0.004887899912435646, 'train_lr_reduce': 0.6}. Best is trial 158 with value: 0.11393879354000092.
[I 2024-12-19 18:14:38,416] Trial 314 finished with value: 1.141730785369873 and parameters: {'mlp_n_layers': 4, 'mlp_dim_00': 471, 'mlp_dim_01': 455, 'mlp_dim_02': 147, 'mlp_dim_03': 71, 'node_hidden_dim': 110, 'edge_hidden_dim': 113, 'depth': 3, 'rep_dropout': 0.14935857994350782, 'train_learning_rate': 0.00033715041908542406, 'train_lr_reduce': 0.6}. Best is trial 158 with value: 0.11393879354000092.
[I 2024-12-19 18:14:42,556] Trial 315 finished with value: 1.1476712226867676 and parameters: {'mlp_n_layers': 1, 'mlp_dim_00': 323, 'node_hidden_dim': 42, 'edge_hidden_dim': 33, 'depth': 1, 'rep_dropout': 0.05130525962609616, 'train_learning_rate': 0.0015187299090045018, 'train_lr_reduce': 0.6}. Best is trial 158 with value: 0.11393879354000092.
[I 2024-12-19 18:14:44,602] Trial 311 finished with value: 0.177968367934227 and parameters: {'mlp_n_layers': 3, 'mlp_dim_00': 503, 'mlp_dim_01': 503, 'mlp_dim_02': 143, 'node_hidden_dim': 39, 'edge_hidden_dim': 39, 'depth': 1, 'rep_dropout': 0.07408191504395666, 'train_learning_rate': 0.005170422002561493, 'train_lr_reduce': 0.6}. Best is trial 158 with value: 0.11393879354000092.
[I 2024-12-19 18:14:52,282] Trial 317 finished with value: 0.6927832365036011 and parameters: {'mlp_n_layers': 1, 'mlp_dim_00': 308, 'node_hidden_dim': 51, 'edge_hidden_dim': 41, 'depth': 1, 'rep_dropout': 0.04225426376519578, 'train_learning_rate': 0.005175931927928283, 'train_lr_reduce': 0.6}. Best is trial 158 with value: 0.11393879354000092.
[I 2024-12-19 18:14:57,917] Trial 319 finished with value: 1.1468075513839722 and parameters: {'mlp_n_layers': 2, 'mlp_dim_00': 423, 'mlp_dim_01': 352, 'node_hidden_dim': 115, 'edge_hidden_dim': 102, 'depth': 3, 'rep_dropout': 0.09848141074759297, 'train_learning_rate': 0.0016340758339277303, 'train_lr_reduce': 0.6}. Best is trial 158 with value: 0.11393879354000092.
[I 2024-12-19 18:15:04,392] Trial 320 finished with value: 1.1423577070236206 and parameters: {'mlp_n_layers': 2, 'mlp_dim_00': 222, 'mlp_dim_01': 403, 'node_hidden_dim': 94, 'edge_hidden_dim': 114, 'depth': 3, 'rep_dropout': 0.0386035543729902, 'train_learning_rate': 0.00028821362425595216, 'train_lr_reduce': 0.6}. Best is trial 158 with value: 0.11393879354000092.
[I 2024-12-19 18:15:07,481] Trial 316 finished with value: 0.20465193688869476 and parameters: {'mlp_n_layers': 1, 'mlp_dim_00': 309, 'node_hidden_dim': 53, 'edge_hidden_dim': 60, 'depth': 1, 'rep_dropout': 0.06751043717508488, 'train_learning_rate': 0.0039007857702031607, 'train_lr_reduce': 0.6}. Best is trial 158 with value: 0.11393879354000092.
[I 2024-12-19 18:15:23,101] Trial 318 finished with value: 0.12794986367225647 and parameters: {'mlp_n_layers': 1, 'mlp_dim_00': 382, 'node_hidden_dim': 34, 'edge_hidden_dim': 63, 'depth': 1, 'rep_dropout': 0.005356603751911617, 'train_learning_rate': 0.003593385474813611, 'train_lr_reduce': 0.6}. Best is trial 158 with value: 0.11393879354000092.
[I 2024-12-19 18:15:28,202] Trial 323 finished with value: 1.1489818096160889 and parameters: {'mlp_n_layers': 1, 'mlp_dim_00': 340, 'node_hidden_dim': 44, 'edge_hidden_dim': 46, 'depth': 2, 'rep_dropout': 0.05900567736499683, 'train_learning_rate': 0.0029377528752475963, 'train_lr_reduce': 0.6}. Best is trial 158 with value: 0.11393879354000092.
[I 2024-12-19 18:15:32,354] Trial 324 finished with value: 1.142417073249817 and parameters: {'mlp_n_layers': 1, 'mlp_dim_00': 496, 'node_hidden_dim': 45, 'edge_hidden_dim': 70, 'depth': 1, 'rep_dropout': 0.06739051268854655, 'train_learning_rate': 0.0007755206135805765, 'train_lr_reduce': 0.6}. Best is trial 158 with value: 0.11393879354000092.
[I 2024-12-19 18:15:32,436] Trial 322 finished with value: 0.1922343224287033 and parameters: {'mlp_n_layers': 1, 'mlp_dim_00': 405, 'node_hidden_dim': 36, 'edge_hidden_dim': 42, 'depth': 1, 'rep_dropout': 0.016921523240995044, 'train_learning_rate': 0.006977300145804915, 'train_lr_reduce': 0.6}. Best is trial 158 with value: 0.11393879354000092.
[I 2024-12-19 18:15:37,234] Trial 326 finished with value: 1.142555832862854 and parameters: {'mlp_n_layers': 1, 'mlp_dim_00': 332, 'node_hidden_dim': 32, 'edge_hidden_dim': 42, 'depth': 1, 'rep_dropout': 0.06821407986385386, 'train_learning_rate': 0.0045605507938592865, 'train_lr_reduce': 0.6}. Best is trial 158 with value: 0.11393879354000092.
[I 2024-12-19 18:15:42,973] Trial 321 finished with value: 0.13675090670585632 and parameters: {'mlp_n_layers': 1, 'mlp_dim_00': 315, 'node_hidden_dim': 32, 'edge_hidden_dim': 40, 'depth': 1, 'rep_dropout': 0.03721563243850515, 'train_learning_rate': 0.0037824523007954393, 'train_lr_reduce': 0.6}. Best is trial 158 with value: 0.11393879354000092.
[I 2024-12-19 18:16:12,994] Trial 325 finished with value: 0.14747123420238495 and parameters: {'mlp_n_layers': 2, 'mlp_dim_00': 351, 'mlp_dim_01': 456, 'node_hidden_dim': 81, 'edge_hidden_dim': 67, 'depth': 1, 'rep_dropout': 0.04291806361633, 'train_learning_rate': 0.003069851036647428, 'train_lr_reduce': 0.6}. Best is trial 158 with value: 0.11393879354000092.
[I 2024-12-19 18:16:16,750] Trial 327 finished with value: 0.12767845392227173 and parameters: {'mlp_n_layers': 1, 'mlp_dim_00': 344, 'node_hidden_dim': 43, 'edge_hidden_dim': 52, 'depth': 1, 'rep_dropout': 0.003443414553920089, 'train_learning_rate': 0.0020733675664726175, 'train_lr_reduce': 0.6}. Best is trial 158 with value: 0.11393879354000092.
[I 2024-12-19 18:16:23,904] Trial 328 finished with value: 0.12297811359167099 and parameters: {'mlp_n_layers': 1, 'mlp_dim_00': 345, 'node_hidden_dim': 32, 'edge_hidden_dim': 66, 'depth': 1, 'rep_dropout': 0.04250688633083172, 'train_learning_rate': 0.005108960814530563, 'train_lr_reduce': 0.6}. Best is trial 158 with value: 0.11393879354000092.
[I 2024-12-19 18:16:30,631] Trial 331 finished with value: 1.1430375576019287 and parameters: {'mlp_n_layers': 2, 'mlp_dim_00': 96, 'mlp_dim_01': 221, 'node_hidden_dim': 128, 'edge_hidden_dim': 75, 'depth': 3, 'rep_dropout': 0.0789381843324444, 'train_learning_rate': 0.00025478654906759506, 'train_lr_reduce': 0.6}. Best is trial 158 with value: 0.11393879354000092.
[I 2024-12-19 18:16:50,245] Trial 330 finished with value: 0.15768589079380035 and parameters: {'mlp_n_layers': 1, 'mlp_dim_00': 289, 'node_hidden_dim': 49, 'edge_hidden_dim': 49, 'depth': 1, 'rep_dropout': 0.005579056720297425, 'train_learning_rate': 0.0030665757813395623, 'train_lr_reduce': 0.6}. Best is trial 158 with value: 0.11393879354000092.
[I 2024-12-19 18:16:52,833] Trial 329 finished with value: 0.1833869218826294 and parameters: {'mlp_n_layers': 2, 'mlp_dim_00': 331, 'mlp_dim_01': 314, 'node_hidden_dim': 40, 'edge_hidden_dim': 54, 'depth': 1, 'rep_dropout': 0.05259417719318023, 'train_learning_rate': 0.0029259765816302837, 'train_lr_reduce': 0.6}. Best is trial 158 with value: 0.11393879354000092.
[I 2024-12-19 18:17:03,044] Trial 332 finished with value: 0.159752756357193 and parameters: {'mlp_n_layers': 2, 'mlp_dim_00': 380, 'mlp_dim_01': 262, 'node_hidden_dim': 40, 'edge_hidden_dim': 60, 'depth': 1, 'rep_dropout': 0.019820852240199808, 'train_learning_rate': 0.0025526064132970205, 'train_lr_reduce': 0.6}. Best is trial 158 with value: 0.11393879354000092.
[I 2024-12-19 18:17:08,295] Trial 335 finished with value: 1.1433953046798706 and parameters: {'mlp_n_layers': 1, 'mlp_dim_00': 263, 'node_hidden_dim': 33, 'edge_hidden_dim': 95, 'depth': 2, 'rep_dropout': 0.06413155166140999, 'train_learning_rate': 0.0026621028752076797, 'train_lr_reduce': 0.6}. Best is trial 158 with value: 0.11393879354000092.
[I 2024-12-19 18:17:16,769] Trial 336 finished with value: 1.1419817209243774 and parameters: {'mlp_n_layers': 4, 'mlp_dim_00': 502, 'mlp_dim_01': 157, 'mlp_dim_02': 298, 'mlp_dim_03': 148, 'node_hidden_dim': 118, 'edge_hidden_dim': 122, 'depth': 4, 'rep_dropout': 0.050372296876411454, 'train_learning_rate': 0.00023041033996663978, 'train_lr_reduce': 0.6}. Best is trial 158 with value: 0.11393879354000092.
[I 2024-12-19 18:17:21,415] Trial 337 finished with value: 1.1438857316970825 and parameters: {'mlp_n_layers': 1, 'mlp_dim_00': 288, 'node_hidden_dim': 34, 'edge_hidden_dim': 49, 'depth': 2, 'rep_dropout': 0.019212148377747304, 'train_learning_rate': 0.0009949602266767213, 'train_lr_reduce': 0.6}. Best is trial 158 with value: 0.11393879354000092.
[I 2024-12-19 18:17:25,565] Trial 333 finished with value: 0.14938978850841522 and parameters: {'mlp_n_layers': 1, 'mlp_dim_00': 314, 'node_hidden_dim': 51, 'edge_hidden_dim': 66, 'depth': 1, 'rep_dropout': 0.04026600647150503, 'train_learning_rate': 0.001953419338457026, 'train_lr_reduce': 0.6}. Best is trial 158 with value: 0.11393879354000092.
[I 2024-12-19 18:17:31,136] Trial 339 finished with value: 1.1429941654205322 and parameters: {'mlp_n_layers': 4, 'mlp_dim_00': 507, 'mlp_dim_01': 280, 'mlp_dim_02': 65, 'mlp_dim_03': 243, 'node_hidden_dim': 113, 'edge_hidden_dim': 75, 'depth': 4, 'rep_dropout': 0.07967095422198159, 'train_learning_rate': 0.0009352847569329109, 'train_lr_reduce': 0.6}. Best is trial 158 with value: 0.11393879354000092.
[I 2024-12-19 18:17:33,132] Trial 334 finished with value: 0.22578004002571106 and parameters: {'mlp_n_layers': 1, 'mlp_dim_00': 387, 'node_hidden_dim': 32, 'edge_hidden_dim': 58, 'depth': 2, 'rep_dropout': 0.041287615013093124, 'train_learning_rate': 0.003952937044273043, 'train_lr_reduce': 0.6}. Best is trial 158 with value: 0.11393879354000092.
[I 2024-12-19 18:17:35,644] Trial 340 finished with value: 1.142957329750061 and parameters: {'mlp_n_layers': 2, 'mlp_dim_00': 335, 'mlp_dim_01': 69, 'node_hidden_dim': 36, 'edge_hidden_dim': 82, 'depth': 1, 'rep_dropout': 0.05688494088011985, 'train_learning_rate': 0.0023922912159320213, 'train_lr_reduce': 0.6}. Best is trial 158 with value: 0.11393879354000092.
[I 2024-12-19 18:18:04,192] Trial 338 finished with value: 0.12815217673778534 and parameters: {'mlp_n_layers': 1, 'mlp_dim_00': 384, 'node_hidden_dim': 32, 'edge_hidden_dim': 44, 'depth': 1, 'rep_dropout': 0.010451373973058852, 'train_learning_rate': 0.002802764051613575, 'train_lr_reduce': 0.6}. Best is trial 158 with value: 0.11393879354000092.
[I 2024-12-19 18:18:16,018] Trial 341 finished with value: 0.12753084301948547 and parameters: {'mlp_n_layers': 1, 'mlp_dim_00': 391, 'node_hidden_dim': 46, 'edge_hidden_dim': 69, 'depth': 1, 'rep_dropout': 0.0541866677491817, 'train_learning_rate': 0.0034341086343107367, 'train_lr_reduce': 0.6}. Best is trial 158 with value: 0.11393879354000092.
[I 2024-12-19 18:18:17,104] Trial 342 finished with value: 0.14995414018630981 and parameters: {'mlp_n_layers': 1, 'mlp_dim_00': 328, 'node_hidden_dim': 38, 'edge_hidden_dim': 58, 'depth': 1, 'rep_dropout': 0.02011323942925569, 'train_learning_rate': 0.003645269246325807, 'train_lr_reduce': 0.6}. Best is trial 158 with value: 0.11393879354000092.
[I 2024-12-19 18:18:25,348] Trial 343 finished with value: 0.45090702176094055 and parameters: {'mlp_n_layers': 2, 'mlp_dim_00': 349, 'mlp_dim_01': 242, 'node_hidden_dim': 72, 'edge_hidden_dim': 76, 'depth': 1, 'rep_dropout': 0.0181957703516849, 'train_learning_rate': 0.009780090940897846, 'train_lr_reduce': 0.6}. Best is trial 158 with value: 0.11393879354000092.
[I 2024-12-19 18:18:26,389] Trial 345 finished with value: 0.5985900163650513 and parameters: {'mlp_n_layers': 2, 'mlp_dim_00': 424, 'mlp_dim_01': 307, 'node_hidden_dim': 67, 'edge_hidden_dim': 58, 'depth': 1, 'rep_dropout': 0.017966734826409102, 'train_learning_rate': 0.006176534658769562, 'train_lr_reduce': 0.6}. Best is trial 158 with value: 0.11393879354000092.
[I 2024-12-19 18:18:40,853] Trial 344 finished with value: 0.20383232831954956 and parameters: {'mlp_n_layers': 1, 'mlp_dim_00': 357, 'node_hidden_dim': 45, 'edge_hidden_dim': 71, 'depth': 1, 'rep_dropout': 0.04488085977394509, 'train_learning_rate': 0.004478503319492777, 'train_lr_reduce': 0.6}. Best is trial 158 with value: 0.11393879354000092.
[I 2024-12-19 18:19:04,031] Trial 346 finished with value: 0.1871153861284256 and parameters: {'mlp_n_layers': 2, 'mlp_dim_00': 266, 'mlp_dim_01': 310, 'node_hidden_dim': 43, 'edge_hidden_dim': 72, 'depth': 2, 'rep_dropout': 0.06410983733234171, 'train_learning_rate': 0.005458683369668411, 'train_lr_reduce': 0.6}. Best is trial 158 with value: 0.11393879354000092.
[I 2024-12-19 18:19:07,661] Trial 347 finished with value: 0.18755364418029785 and parameters: {'mlp_n_layers': 1, 'mlp_dim_00': 184, 'node_hidden_dim': 35, 'edge_hidden_dim': 42, 'depth': 1, 'rep_dropout': 0.005949077377544829, 'train_learning_rate': 0.008788367347580855, 'train_lr_reduce': 0.6}. Best is trial 158 with value: 0.11393879354000092.
[I 2024-12-19 18:19:09,544] Trial 349 finished with value: 1.1419893503189087 and parameters: {'mlp_n_layers': 1, 'mlp_dim_00': 350, 'node_hidden_dim': 32, 'edge_hidden_dim': 60, 'depth': 1, 'rep_dropout': 0.034229609851228776, 'train_learning_rate': 0.0018570174673159677, 'train_lr_reduce': 0.6}. Best is trial 158 with value: 0.11393879354000092.
[I 2024-12-19 18:19:14,935] Trial 350 finished with value: 1.1417659521102905 and parameters: {'mlp_n_layers': 3, 'mlp_dim_00': 210, 'mlp_dim_01': 183, 'mlp_dim_02': 196, 'node_hidden_dim': 72, 'edge_hidden_dim': 88, 'depth': 2, 'rep_dropout': 0.06264493682703823, 'train_learning_rate': 0.00018018213608265402, 'train_lr_reduce': 0.6}. Best is trial 158 with value: 0.11393879354000092.
[I 2024-12-19 18:19:21,130] Trial 348 finished with value: 0.15703518688678741 and parameters: {'mlp_n_layers': 1, 'mlp_dim_00': 396, 'node_hidden_dim': 49, 'edge_hidden_dim': 60, 'depth': 1, 'rep_dropout': 0.029547501147893885, 'train_learning_rate': 0.0032838133532645452, 'train_lr_reduce': 0.6}. Best is trial 158 with value: 0.11393879354000092.
[I 2024-12-19 18:19:44,543] Trial 351 finished with value: 0.1532168686389923 and parameters: {'mlp_n_layers': 1, 'mlp_dim_00': 403, 'node_hidden_dim': 34, 'edge_hidden_dim': 70, 'depth': 1, 'rep_dropout': 0.031677957375949285, 'train_learning_rate': 0.004335816135754038, 'train_lr_reduce': 0.6}. Best is trial 158 with value: 0.11393879354000092.
[I 2024-12-19 18:19:54,221] Trial 354 finished with value: 0.49509868025779724 and parameters: {'mlp_n_layers': 1, 'mlp_dim_00': 417, 'node_hidden_dim': 49, 'edge_hidden_dim': 63, 'depth': 1, 'rep_dropout': 0.06731446535512202, 'train_learning_rate': 0.006414895600583262, 'train_lr_reduce': 0.6}. Best is trial 158 with value: 0.11393879354000092.
[I 2024-12-19 18:19:55,605] Trial 352 finished with value: 0.14701266586780548 and parameters: {'mlp_n_layers': 1, 'mlp_dim_00': 375, 'node_hidden_dim': 36, 'edge_hidden_dim': 62, 'depth': 1, 'rep_dropout': 0.006398974750531951, 'train_learning_rate': 0.00379319085310016, 'train_lr_reduce': 0.6}. Best is trial 158 with value: 0.11393879354000092.
[I 2024-12-19 18:20:01,541] Trial 356 finished with value: 1.1451703310012817 and parameters: {'mlp_n_layers': 4, 'mlp_dim_00': 101, 'mlp_dim_01': 509, 'mlp_dim_02': 276, 'mlp_dim_03': 150, 'node_hidden_dim': 126, 'edge_hidden_dim': 119, 'depth': 3, 'rep_dropout': 0.10052813057430127, 'train_learning_rate': 0.00099751449272099, 'train_lr_reduce': 0.6}. Best is trial 158 with value: 0.11393879354000092.
[I 2024-12-19 18:20:03,468] Trial 353 finished with value: 0.1312481164932251 and parameters: {'mlp_n_layers': 1, 'mlp_dim_00': 226, 'node_hidden_dim': 35, 'edge_hidden_dim': 57, 'depth': 1, 'rep_dropout': 0.01482556507544672, 'train_learning_rate': 0.0020237633546074506, 'train_lr_reduce': 0.6}. Best is trial 158 with value: 0.11393879354000092.
[I 2024-12-19 18:20:07,739] Trial 357 finished with value: 1.1454203128814697 and parameters: {'mlp_n_layers': 1, 'mlp_dim_00': 447, 'node_hidden_dim': 35, 'edge_hidden_dim': 47, 'depth': 2, 'rep_dropout': 0.14382194927329287, 'train_learning_rate': 0.0015467705785571623, 'train_lr_reduce': 0.6}. Best is trial 158 with value: 0.11393879354000092.
[I 2024-12-19 18:20:09,486] Trial 358 finished with value: 1.142660140991211 and parameters: {'mlp_n_layers': 2, 'mlp_dim_00': 333, 'mlp_dim_01': 351, 'node_hidden_dim': 72, 'edge_hidden_dim': 38, 'depth': 4, 'rep_dropout': 0.053001219715087894, 'train_learning_rate': 0.0007146814712438472, 'train_lr_reduce': 0.6}. Best is trial 158 with value: 0.11393879354000092.
[I 2024-12-19 18:20:15,842] Trial 360 finished with value: 1.1464672088623047 and parameters: {'mlp_n_layers': 1, 'mlp_dim_00': 312, 'node_hidden_dim': 59, 'edge_hidden_dim': 47, 'depth': 1, 'rep_dropout': 0.029218649778457492, 'train_learning_rate': 0.0011512948701357204, 'train_lr_reduce': 0.6}. Best is trial 158 with value: 0.11393879354000092.
