[I 2024-12-19 20:52:40,340] Trial 1649 finished with value: 0.1361578106880188 and parameters: {'mlp_n_layers': 3, 'mlp_dim_00': 467, 'mlp_dim_01': 409, 'mlp_dim_02': 198, 'node_hidden_dim': 113, 'edge_hidden_dim': 62, 'depth': 1, 'rep_dropout': 0.14194980065845136, 'train_learning_rate': 0.0012171253442475269, 'train_lr_reduce': 0.6}. Best is trial 122 with value: 0.09548358619213104.
[I 2024-12-19 20:52:45,682] Trial 1654 finished with value: 1.5652947425842285 and parameters: {'mlp_n_layers': 2, 'mlp_dim_00': 456, 'mlp_dim_01': 479, 'node_hidden_dim': 103, 'edge_hidden_dim': 51, 'depth': 2, 'rep_dropout': 0.1435560785330121, 'train_learning_rate': 0.0011773358677235517, 'train_lr_reduce': 0.6}. Best is trial 122 with value: 0.09548358619213104.
[I 2024-12-19 20:53:02,870] Trial 1653 finished with value: 0.17177951335906982 and parameters: {'mlp_n_layers': 4, 'mlp_dim_00': 410, 'mlp_dim_01': 298, 'mlp_dim_02': 512, 'mlp_dim_03': 449, 'node_hidden_dim': 80, 'edge_hidden_dim': 53, 'depth': 1, 'rep_dropout': 0.07346181251285781, 'train_learning_rate': 0.0010093865976593414, 'train_lr_reduce': 0.6}. Best is trial 122 with value: 0.09548358619213104.
[I 2024-12-19 20:53:07,698] Trial 1656 finished with value: 1.6661810874938965 and parameters: {'mlp_n_layers': 4, 'mlp_dim_00': 501, 'mlp_dim_01': 442, 'mlp_dim_02': 365, 'mlp_dim_03': 401, 'node_hidden_dim': 80, 'edge_hidden_dim': 43, 'depth': 1, 'rep_dropout': 0.09681027875661179, 'train_learning_rate': 0.0006895345753055162, 'train_lr_reduce': 0.6}. Best is trial 122 with value: 0.09548358619213104.
[I 2024-12-19 20:53:11,270] Trial 1652 finished with value: 0.10580234229564667 and parameters: {'mlp_n_layers': 4, 'mlp_dim_00': 323, 'mlp_dim_01': 379, 'mlp_dim_02': 472, 'mlp_dim_03': 262, 'node_hidden_dim': 77, 'edge_hidden_dim': 66, 'depth': 1, 'rep_dropout': 0.09990930034160546, 'train_learning_rate': 0.0005122157438539334, 'train_lr_reduce': 0.6}. Best is trial 122 with value: 0.09548358619213104.
[I 2024-12-19 20:53:31,702] Trial 1655 finished with value: 0.10473565012216568 and parameters: {'mlp_n_layers': 3, 'mlp_dim_00': 504, 'mlp_dim_01': 342, 'mlp_dim_02': 321, 'node_hidden_dim': 103, 'edge_hidden_dim': 59, 'depth': 1, 'rep_dropout': 0.12723200584433933, 'train_learning_rate': 0.0005461608930076651, 'train_lr_reduce': 0.6}. Best is trial 122 with value: 0.09548358619213104.
[I 2024-12-19 20:53:52,995] Trial 1657 finished with value: 0.11740878969430923 and parameters: {'mlp_n_layers': 4, 'mlp_dim_00': 397, 'mlp_dim_01': 395, 'mlp_dim_02': 421, 'mlp_dim_03': 343, 'node_hidden_dim': 33, 'edge_hidden_dim': 79, 'depth': 1, 'rep_dropout': 0.11829325703421885, 'train_learning_rate': 0.0009843125733034936, 'train_lr_reduce': 0.6}. Best is trial 122 with value: 0.09548358619213104.
[I 2024-12-19 20:53:54,541] Trial 1658 finished with value: 0.11711184680461884 and parameters: {'mlp_n_layers': 4, 'mlp_dim_00': 326, 'mlp_dim_01': 266, 'mlp_dim_02': 447, 'mlp_dim_03': 471, 'node_hidden_dim': 65, 'edge_hidden_dim': 82, 'depth': 1, 'rep_dropout': 0.1002217847126855, 'train_learning_rate': 0.0005426166295757535, 'train_lr_reduce': 0.6}. Best is trial 122 with value: 0.09548358619213104.
[I 2024-12-19 20:54:12,108] Trial 1659 finished with value: 0.10286485403776169 and parameters: {'mlp_n_layers': 4, 'mlp_dim_00': 510, 'mlp_dim_01': 415, 'mlp_dim_02': 144, 'mlp_dim_03': 432, 'node_hidden_dim': 48, 'edge_hidden_dim': 64, 'depth': 1, 'rep_dropout': 0.1286433641768552, 'train_learning_rate': 0.0016796167164845523, 'train_lr_reduce': 0.6}. Best is trial 122 with value: 0.09548358619213104.
[I 2024-12-19 20:54:15,114] Trial 1661 finished with value: 0.238519087433815 and parameters: {'mlp_n_layers': 3, 'mlp_dim_00': 339, 'mlp_dim_01': 335, 'mlp_dim_02': 367, 'node_hidden_dim': 91, 'edge_hidden_dim': 57, 'depth': 1, 'rep_dropout': 0.08866315808258109, 'train_learning_rate': 0.002003926210712262, 'train_lr_reduce': 0.6}. Best is trial 122 with value: 0.09548358619213104.
[I 2024-12-19 20:54:31,681] Trial 1662 finished with value: 0.33981579542160034 and parameters: {'mlp_n_layers': 4, 'mlp_dim_00': 400, 'mlp_dim_01': 302, 'mlp_dim_02': 405, 'mlp_dim_03': 512, 'node_hidden_dim': 95, 'edge_hidden_dim': 47, 'depth': 1, 'rep_dropout': 0.10241225509733604, 'train_learning_rate': 0.0020499846299174332, 'train_lr_reduce': 0.6}. Best is trial 122 with value: 0.09548358619213104.
[I 2024-12-19 20:54:37,068] Trial 1660 finished with value: 0.11949814110994339 and parameters: {'mlp_n_layers': 4, 'mlp_dim_00': 286, 'mlp_dim_01': 477, 'mlp_dim_02': 298, 'mlp_dim_03': 474, 'node_hidden_dim': 81, 'edge_hidden_dim': 44, 'depth': 1, 'rep_dropout': 0.1169977219774822, 'train_learning_rate': 0.002147314469676646, 'train_lr_reduce': 0.6}. Best is trial 122 with value: 0.09548358619213104.
[I 2024-12-19 20:54:37,403] Trial 1664 finished with value: 1.6648248434066772 and parameters: {'mlp_n_layers': 3, 'mlp_dim_00': 487, 'mlp_dim_01': 448, 'mlp_dim_02': 360, 'node_hidden_dim': 69, 'edge_hidden_dim': 58, 'depth': 1, 'rep_dropout': 0.10857060923326961, 'train_learning_rate': 0.00031599920540834373, 'train_lr_reduce': 0.6}. Best is trial 122 with value: 0.09548358619213104.
[I 2024-12-19 20:54:39,510] Trial 1663 finished with value: 0.18633395433425903 and parameters: {'mlp_n_layers': 4, 'mlp_dim_00': 512, 'mlp_dim_01': 367, 'mlp_dim_02': 478, 'mlp_dim_03': 379, 'node_hidden_dim': 95, 'edge_hidden_dim': 57, 'depth': 1, 'rep_dropout': 0.1050007059304324, 'train_learning_rate': 0.0009596449625168035, 'train_lr_reduce': 0.6}. Best is trial 122 with value: 0.09548358619213104.
[I 2024-12-19 20:54:42,241] Trial 1665 finished with value: 1.6544815301895142 and parameters: {'mlp_n_layers': 2, 'mlp_dim_00': 431, 'mlp_dim_01': 475, 'node_hidden_dim': 96, 'edge_hidden_dim': 56, 'depth': 1, 'rep_dropout': 0.10727855925275863, 'train_learning_rate': 0.00042031642391456296, 'train_lr_reduce': 0.6}. Best is trial 122 with value: 0.09548358619213104.
[I 2024-12-19 20:54:42,756] Trial 1666 finished with value: 1.6699377298355103 and parameters: {'mlp_n_layers': 3, 'mlp_dim_00': 418, 'mlp_dim_01': 411, 'mlp_dim_02': 267, 'node_hidden_dim': 95, 'edge_hidden_dim': 57, 'depth': 2, 'rep_dropout': 0.11158291418889234, 'train_learning_rate': 0.0012625654039123495, 'train_lr_reduce': 0.6}. Best is trial 122 with value: 0.09548358619213104.
[I 2024-12-19 20:55:14,093] Trial 1667 finished with value: 0.13834501802921295 and parameters: {'mlp_n_layers': 4, 'mlp_dim_00': 183, 'mlp_dim_01': 344, 'mlp_dim_02': 327, 'mlp_dim_03': 412, 'node_hidden_dim': 120, 'edge_hidden_dim': 68, 'depth': 2, 'rep_dropout': 0.10336796751097561, 'train_learning_rate': 0.0012672727243594405, 'train_lr_reduce': 0.6}. Best is trial 122 with value: 0.09548358619213104.
[I 2024-12-19 20:55:18,602] Trial 1670 finished with value: 1.6283482313156128 and parameters: {'mlp_n_layers': 2, 'mlp_dim_00': 335, 'mlp_dim_01': 474, 'node_hidden_dim': 101, 'edge_hidden_dim': 35, 'depth': 1, 'rep_dropout': 0.08947687545288022, 'train_learning_rate': 0.0006955347320351372, 'train_lr_reduce': 0.6}. Best is trial 122 with value: 0.09548358619213104.
[I 2024-12-19 20:55:23,659] Trial 1671 finished with value: 1.5942195653915405 and parameters: {'mlp_n_layers': 3, 'mlp_dim_00': 444, 'mlp_dim_01': 442, 'mlp_dim_02': 396, 'node_hidden_dim': 85, 'edge_hidden_dim': 48, 'depth': 1, 'rep_dropout': 0.07089885639874222, 'train_learning_rate': 0.0010199769822694382, 'train_lr_reduce': 0.6}. Best is trial 122 with value: 0.09548358619213104.
[I 2024-12-19 20:55:25,404] Trial 1669 finished with value: 0.12104540318250656 and parameters: {'mlp_n_layers': 3, 'mlp_dim_00': 375, 'mlp_dim_01': 380, 'mlp_dim_02': 475, 'node_hidden_dim': 81, 'edge_hidden_dim': 63, 'depth': 1, 'rep_dropout': 0.11289610533798344, 'train_learning_rate': 0.000736719267105253, 'train_lr_reduce': 0.6}. Best is trial 122 with value: 0.09548358619213104.
[I 2024-12-19 20:55:28,734] Trial 1672 finished with value: 1.666413426399231 and parameters: {'mlp_n_layers': 4, 'mlp_dim_00': 495, 'mlp_dim_01': 240, 'mlp_dim_02': 342, 'mlp_dim_03': 322, 'node_hidden_dim': 71, 'edge_hidden_dim': 39, 'depth': 1, 'rep_dropout': 0.08491931651063866, 'train_learning_rate': 0.0015340807851438132, 'train_lr_reduce': 0.6}. Best is trial 122 with value: 0.09548358619213104.
[I 2024-12-19 20:55:29,304] Trial 1668 finished with value: 0.12795595824718475 and parameters: {'mlp_n_layers': 3, 'mlp_dim_00': 475, 'mlp_dim_01': 287, 'mlp_dim_02': 432, 'node_hidden_dim': 73, 'edge_hidden_dim': 79, 'depth': 1, 'rep_dropout': 0.14523330498076434, 'train_learning_rate': 0.0003797362955850445, 'train_lr_reduce': 0.6}. Best is trial 122 with value: 0.09548358619213104.
[I 2024-12-19 20:55:33,367] Trial 1674 finished with value: 1.6673917770385742 and parameters: {'mlp_n_layers': 1, 'mlp_dim_00': 177, 'node_hidden_dim': 47, 'edge_hidden_dim': 117, 'depth': 1, 'rep_dropout': 0.08364305817352076, 'train_learning_rate': 0.00018758903307719725, 'train_lr_reduce': 0.6}. Best is trial 122 with value: 0.09548358619213104.
[I 2024-12-19 20:55:39,060] Trial 1676 finished with value: 1.6768912076950073 and parameters: {'mlp_n_layers': 4, 'mlp_dim_00': 507, 'mlp_dim_01': 366, 'mlp_dim_02': 185, 'mlp_dim_03': 477, 'node_hidden_dim': 57, 'edge_hidden_dim': 48, 'depth': 2, 'rep_dropout': 0.11148923477116586, 'train_learning_rate': 0.0007118621363369217, 'train_lr_reduce': 0.6}. Best is trial 122 with value: 0.09548358619213104.
[I 2024-12-19 20:55:44,355] Trial 1677 finished with value: 1.5937440395355225 and parameters: {'mlp_n_layers': 1, 'mlp_dim_00': 412, 'node_hidden_dim': 69, 'edge_hidden_dim': 63, 'depth': 2, 'rep_dropout': 0.056957211530408156, 'train_learning_rate': 0.003471126576085561, 'train_lr_reduce': 0.6}. Best is trial 122 with value: 0.09548358619213104.
[I 2024-12-19 20:56:09,527] Trial 1673 finished with value: 0.12665636837482452 and parameters: {'mlp_n_layers': 3, 'mlp_dim_00': 445, 'mlp_dim_01': 317, 'mlp_dim_02': 444, 'node_hidden_dim': 105, 'edge_hidden_dim': 33, 'depth': 1, 'rep_dropout': 0.08265826441092859, 'train_learning_rate': 0.0006269148675314625, 'train_lr_reduce': 0.6}. Best is trial 122 with value: 0.09548358619213104.
[I 2024-12-19 20:56:15,182] Trial 1675 finished with value: 0.11264549195766449 and parameters: {'mlp_n_layers': 4, 'mlp_dim_00': 510, 'mlp_dim_01': 411, 'mlp_dim_02': 390, 'mlp_dim_03': 440, 'node_hidden_dim': 77, 'edge_hidden_dim': 56, 'depth': 1, 'rep_dropout': 0.09406254036270761, 'train_learning_rate': 0.0005272398826086993, 'train_lr_reduce': 0.6}. Best is trial 122 with value: 0.09548358619213104.
[I 2024-12-19 20:56:15,407] Trial 1679 finished with value: 1.6710666418075562 and parameters: {'mlp_n_layers': 4, 'mlp_dim_00': 459, 'mlp_dim_01': 334, 'mlp_dim_02': 510, 'mlp_dim_03': 358, 'node_hidden_dim': 57, 'edge_hidden_dim': 83, 'depth': 4, 'rep_dropout': 0.06023928859527381, 'train_learning_rate': 0.000580735614444466, 'train_lr_reduce': 0.6}. Best is trial 122 with value: 0.09548358619213104.
[I 2024-12-19 20:56:20,181] Trial 1680 finished with value: 1.6146637201309204 and parameters: {'mlp_n_layers': 3, 'mlp_dim_00': 512, 'mlp_dim_01': 413, 'mlp_dim_02': 354, 'node_hidden_dim': 76, 'edge_hidden_dim': 49, 'depth': 1, 'rep_dropout': 0.10229097175280971, 'train_learning_rate': 0.0017275490948221808, 'train_lr_reduce': 0.6}. Best is trial 122 with value: 0.09548358619213104.
[I 2024-12-19 20:56:26,126] Trial 1682 finished with value: 1.6867649555206299 and parameters: {'mlp_n_layers': 4, 'mlp_dim_00': 501, 'mlp_dim_01': 309, 'mlp_dim_02': 400, 'mlp_dim_03': 283, 'node_hidden_dim': 65, 'edge_hidden_dim': 63, 'depth': 1, 'rep_dropout': 0.1272488637171229, 'train_learning_rate': 0.0002814091386424988, 'train_lr_reduce': 0.6}. Best is trial 122 with value: 0.09548358619213104.
[I 2024-12-19 20:56:29,379] Trial 1678 finished with value: 0.1297134906053543 and parameters: {'mlp_n_layers': 4, 'mlp_dim_00': 495, 'mlp_dim_01': 474, 'mlp_dim_02': 297, 'mlp_dim_03': 226, 'node_hidden_dim': 53, 'edge_hidden_dim': 47, 'depth': 1, 'rep_dropout': 0.12330564627233857, 'train_learning_rate': 0.0006098965785813703, 'train_lr_reduce': 0.6}. Best is trial 122 with value: 0.09548358619213104.
[I 2024-12-19 20:56:31,393] Trial 1683 finished with value: 1.6849234104156494 and parameters: {'mlp_n_layers': 4, 'mlp_dim_00': 404, 'mlp_dim_01': 371, 'mlp_dim_02': 468, 'mlp_dim_03': 404, 'node_hidden_dim': 34, 'edge_hidden_dim': 122, 'depth': 1, 'rep_dropout': 0.0746560748409283, 'train_learning_rate': 0.0001625089403248148, 'train_lr_reduce': 0.6}. Best is trial 122 with value: 0.09548358619213104.
[I 2024-12-19 20:56:37,658] Trial 1685 finished with value: 1.6759061813354492 and parameters: {'mlp_n_layers': 3, 'mlp_dim_00': 395, 'mlp_dim_01': 449, 'mlp_dim_02': 325, 'node_hidden_dim': 85, 'edge_hidden_dim': 53, 'depth': 2, 'rep_dropout': 0.13638307051147586, 'train_learning_rate': 0.00045250817685951966, 'train_lr_reduce': 0.6}. Best is trial 122 with value: 0.09548358619213104.
[I 2024-12-19 20:56:43,803] Trial 1686 finished with value: 1.6551767587661743 and parameters: {'mlp_n_layers': 1, 'mlp_dim_00': 87, 'node_hidden_dim': 81, 'edge_hidden_dim': 122, 'depth': 2, 'rep_dropout': 0.002741951457118877, 'train_learning_rate': 0.000270578073823151, 'train_lr_reduce': 0.6}. Best is trial 122 with value: 0.09548358619213104.
[I 2024-12-19 20:56:49,168] Trial 1687 finished with value: 1.6742560863494873 and parameters: {'mlp_n_layers': 3, 'mlp_dim_00': 205, 'mlp_dim_01': 483, 'mlp_dim_02': 233, 'node_hidden_dim': 33, 'edge_hidden_dim': 98, 'depth': 3, 'rep_dropout': 0.09553723369531986, 'train_learning_rate': 0.00040702183358981196, 'train_lr_reduce': 0.6}. Best is trial 122 with value: 0.09548358619213104.
[I 2024-12-19 20:56:53,942] Trial 1688 finished with value: 1.5912426710128784 and parameters: {'mlp_n_layers': 1, 'mlp_dim_00': 475, 'node_hidden_dim': 47, 'edge_hidden_dim': 80, 'depth': 1, 'rep_dropout': 0.11896333532687048, 'train_learning_rate': 0.0006271028924491382, 'train_lr_reduce': 0.6}. Best is trial 122 with value: 0.09548358619213104.
[I 2024-12-19 20:56:55,859] Trial 1681 finished with value: 0.13812844455242157 and parameters: {'mlp_n_layers': 4, 'mlp_dim_00': 286, 'mlp_dim_01': 479, 'mlp_dim_02': 445, 'mlp_dim_03': 441, 'node_hidden_dim': 99, 'edge_hidden_dim': 62, 'depth': 1, 'rep_dropout': 0.10244616971728526, 'train_learning_rate': 0.00137758547153782, 'train_lr_reduce': 0.6}. Best is trial 122 with value: 0.09548358619213104.
[I 2024-12-19 20:56:56,695] Trial 1684 finished with value: 0.1449476182460785 and parameters: {'mlp_n_layers': 3, 'mlp_dim_00': 299, 'mlp_dim_01': 274, 'mlp_dim_02': 512, 'node_hidden_dim': 94, 'edge_hidden_dim': 45, 'depth': 1, 'rep_dropout': 0.0956299477645622, 'train_learning_rate': 0.0006694307249836538, 'train_lr_reduce': 0.6}. Best is trial 122 with value: 0.09548358619213104.
[I 2024-12-19 20:57:02,054] Trial 1691 finished with value: 1.6461936235427856 and parameters: {'mlp_n_layers': 3, 'mlp_dim_00': 353, 'mlp_dim_01': 448, 'mlp_dim_02': 477, 'node_hidden_dim': 63, 'edge_hidden_dim': 41, 'depth': 2, 'rep_dropout': 0.07908526991271989, 'train_learning_rate': 0.0016597881231385754, 'train_lr_reduce': 0.6}. Best is trial 122 with value: 0.09548358619213104.
[I 2024-12-19 20:57:14,793] Trial 1689 finished with value: 0.29390066862106323 and parameters: {'mlp_n_layers': 4, 'mlp_dim_00': 401, 'mlp_dim_01': 411, 'mlp_dim_02': 371, 'mlp_dim_03': 480, 'node_hidden_dim': 83, 'edge_hidden_dim': 35, 'depth': 1, 'rep_dropout': 0.10892418199201351, 'train_learning_rate': 0.0025322297830275486, 'train_lr_reduce': 0.6}. Best is trial 122 with value: 0.09548358619213104.
[I 2024-12-19 20:57:17,168] Trial 1690 finished with value: 0.4577496349811554 and parameters: {'mlp_n_layers': 4, 'mlp_dim_00': 331, 'mlp_dim_01': 335, 'mlp_dim_02': 417, 'mlp_dim_03': 370, 'node_hidden_dim': 82, 'edge_hidden_dim': 71, 'depth': 2, 'rep_dropout': 0.10492661516170151, 'train_learning_rate': 0.0010274120321098089, 'train_lr_reduce': 0.6}. Best is trial 122 with value: 0.09548358619213104.
[I 2024-12-19 20:57:19,660] Trial 1693 finished with value: 1.65349543094635 and parameters: {'mlp_n_layers': 2, 'mlp_dim_00': 409, 'mlp_dim_01': 299, 'node_hidden_dim': 34, 'edge_hidden_dim': 108, 'depth': 2, 'rep_dropout': 0.08069664632844402, 'train_learning_rate': 0.000559551749276467, 'train_lr_reduce': 0.6}. Best is trial 122 with value: 0.09548358619213104.
[I 2024-12-19 20:57:23,347] Trial 1694 finished with value: 1.6670619249343872 and parameters: {'mlp_n_layers': 4, 'mlp_dim_00': 497, 'mlp_dim_01': 481, 'mlp_dim_02': 304, 'mlp_dim_03': 445, 'node_hidden_dim': 99, 'edge_hidden_dim': 76, 'depth': 1, 'rep_dropout': 0.07390499105563036, 'train_learning_rate': 0.004563095794108271, 'train_lr_reduce': 0.6}. Best is trial 122 with value: 0.09548358619213104.
[I 2024-12-19 20:57:28,446] Trial 1696 finished with value: 1.6601667404174805 and parameters: {'mlp_n_layers': 3, 'mlp_dim_00': 453, 'mlp_dim_01': 413, 'mlp_dim_02': 400, 'node_hidden_dim': 89, 'edge_hidden_dim': 53, 'depth': 1, 'rep_dropout': 0.11111963630596473, 'train_learning_rate': 0.0004975386060358956, 'train_lr_reduce': 0.6}. Best is trial 122 with value: 0.09548358619213104.
[I 2024-12-19 20:57:34,230] Trial 1697 finished with value: 1.6798211336135864 and parameters: {'mlp_n_layers': 4, 'mlp_dim_00': 456, 'mlp_dim_01': 349, 'mlp_dim_02': 140, 'mlp_dim_03': 310, 'node_hidden_dim': 69, 'edge_hidden_dim': 59, 'depth': 1, 'rep_dropout': 0.1371776382454225, 'train_learning_rate': 0.00041626889291030474, 'train_lr_reduce': 0.6}. Best is trial 122 with value: 0.09548358619213104.
[I 2024-12-19 20:57:39,032] Trial 1692 finished with value: 0.10557344555854797 and parameters: {'mlp_n_layers': 4, 'mlp_dim_00': 391, 'mlp_dim_01': 370, 'mlp_dim_02': 361, 'mlp_dim_03': 512, 'node_hidden_dim': 82, 'edge_hidden_dim': 46, 'depth': 1, 'rep_dropout': 0.11806077860122906, 'train_learning_rate': 0.0007059506209744917, 'train_lr_reduce': 0.6}. Best is trial 122 with value: 0.09548358619213104.
[I 2024-12-19 20:57:44,591] Trial 1699 finished with value: 1.6163995265960693 and parameters: {'mlp_n_layers': 3, 'mlp_dim_00': 436, 'mlp_dim_01': 382, 'mlp_dim_02': 471, 'node_hidden_dim': 67, 'edge_hidden_dim': 34, 'depth': 4, 'rep_dropout': 0.06261785769670415, 'train_learning_rate': 0.0017755487700024696, 'train_lr_reduce': 0.6}. Best is trial 122 with value: 0.09548358619213104.
[I 2024-12-19 20:57:45,434] Trial 1695 finished with value: 0.28754723072052 and parameters: {'mlp_n_layers': 4, 'mlp_dim_00': 391, 'mlp_dim_01': 251, 'mlp_dim_02': 443, 'mlp_dim_03': 404, 'node_hidden_dim': 78, 'edge_hidden_dim': 41, 'depth': 1, 'rep_dropout': 0.06358752703049636, 'train_learning_rate': 0.005482290778875069, 'train_lr_reduce': 0.6}. Best is trial 122 with value: 0.09548358619213104.
[I 2024-12-19 20:57:47,814] Trial 1698 finished with value: 1.2864062786102295 and parameters: {'mlp_n_layers': 3, 'mlp_dim_00': 182, 'mlp_dim_01': 441, 'mlp_dim_02': 338, 'node_hidden_dim': 80, 'edge_hidden_dim': 75, 'depth': 2, 'rep_dropout': 0.0941371961850348, 'train_learning_rate': 0.0005501761737641415, 'train_lr_reduce': 0.6}. Best is trial 122 with value: 0.09548358619213104.
[I 2024-12-19 20:58:06,096] Trial 1700 finished with value: 0.306679904460907 and parameters: {'mlp_n_layers': 3, 'mlp_dim_00': 383, 'mlp_dim_01': 309, 'mlp_dim_02': 400, 'node_hidden_dim': 77, 'edge_hidden_dim': 33, 'depth': 1, 'rep_dropout': 0.12533720315504435, 'train_learning_rate': 0.0010759373608313237, 'train_lr_reduce': 0.6}. Best is trial 122 with value: 0.09548358619213104.
[I 2024-12-19 20:58:27,846] Trial 1701 finished with value: 0.1235971450805664 and parameters: {'mlp_n_layers': 3, 'mlp_dim_00': 134, 'mlp_dim_01': 486, 'mlp_dim_02': 271, 'node_hidden_dim': 95, 'edge_hidden_dim': 52, 'depth': 1, 'rep_dropout': 0.12894479231419037, 'train_learning_rate': 0.001140149357677555, 'train_lr_reduce': 0.6}. Best is trial 122 with value: 0.09548358619213104.
[I 2024-12-19 20:58:32,766] Trial 1702 finished with value: 0.12476233392953873 and parameters: {'mlp_n_layers': 4, 'mlp_dim_00': 508, 'mlp_dim_01': 417, 'mlp_dim_02': 365, 'mlp_dim_03': 471, 'node_hidden_dim': 66, 'edge_hidden_dim': 45, 'depth': 1, 'rep_dropout': 0.08990961878215063, 'train_learning_rate': 0.0005665691821524863, 'train_lr_reduce': 0.6}. Best is trial 122 with value: 0.09548358619213104.
[I 2024-12-19 20:58:46,692] Trial 1705 finished with value: 1.2377616167068481 and parameters: {'mlp_n_layers': 4, 'mlp_dim_00': 493, 'mlp_dim_01': 384, 'mlp_dim_02': 511, 'mlp_dim_03': 346, 'node_hidden_dim': 84, 'edge_hidden_dim': 74, 'depth': 2, 'rep_dropout': 0.1487264521553567, 'train_learning_rate': 0.0005768265532516866, 'train_lr_reduce': 0.6}. Best is trial 122 with value: 0.09548358619213104.
[I 2024-12-19 20:58:53,006] Trial 1703 finished with value: 0.16640685498714447 and parameters: {'mlp_n_layers': 4, 'mlp_dim_00': 301, 'mlp_dim_01': 346, 'mlp_dim_02': 431, 'mlp_dim_03': 439, 'node_hidden_dim': 49, 'edge_hidden_dim': 58, 'depth': 2, 'rep_dropout': 0.07338300058805994, 'train_learning_rate': 0.0012276107663613605, 'train_lr_reduce': 0.6}. Best is trial 122 with value: 0.09548358619213104.
[I 2024-12-19 20:58:57,908] Trial 1707 finished with value: 1.6135833263397217 and parameters: {'mlp_n_layers': 4, 'mlp_dim_00': 97, 'mlp_dim_01': 480, 'mlp_dim_02': 479, 'mlp_dim_03': 512, 'node_hidden_dim': 81, 'edge_hidden_dim': 49, 'depth': 1, 'rep_dropout': 0.1317621917078946, 'train_learning_rate': 0.001851948062032626, 'train_lr_reduce': 0.6}. Best is trial 122 with value: 0.09548358619213104.
