[I 2024-12-19 20:58:17,007] Trial 1566 finished with value: 0.1368992030620575 and parameters: {'mlp_n_layers': 1, 'mlp_dim_00': 488, 'node_hidden_dim': 33, 'edge_hidden_dim': 51, 'depth': 1, 'rep_dropout': 0.03484890313624485, 'train_learning_rate': 0.001826655210584969, 'train_lr_reduce': 0.6}. Best is trial 1559 with value: 0.11043421924114227.
[I 2024-12-19 20:58:21,712] Trial 1568 finished with value: 1.1436337232589722 and parameters: {'mlp_n_layers': 2, 'mlp_dim_00': 501, 'mlp_dim_01': 432, 'node_hidden_dim': 50, 'edge_hidden_dim': 45, 'depth': 2, 'rep_dropout': 0.05184535090376266, 'train_learning_rate': 0.001838700130306024, 'train_lr_reduce': 0.6}. Best is trial 1559 with value: 0.11043421924114227.
[I 2024-12-19 20:58:27,412] Trial 1570 finished with value: 1.1426328420639038 and parameters: {'mlp_n_layers': 2, 'mlp_dim_00': 133, 'mlp_dim_01': 155, 'node_hidden_dim': 101, 'edge_hidden_dim': 70, 'depth': 4, 'rep_dropout': 0.1286261932957195, 'train_learning_rate': 0.0017364402851776848, 'train_lr_reduce': 0.6}. Best is trial 1559 with value: 0.11043421924114227.
[I 2024-12-19 20:58:30,580] Trial 1567 finished with value: 0.12846015393733978 and parameters: {'mlp_n_layers': 1, 'mlp_dim_00': 510, 'node_hidden_dim': 47, 'edge_hidden_dim': 60, 'depth': 1, 'rep_dropout': 0.07863111332436298, 'train_learning_rate': 0.002838967939483271, 'train_lr_reduce': 0.6}. Best is trial 1559 with value: 0.11043421924114227.
[I 2024-12-19 20:58:34,742] Trial 1571 finished with value: 1.1421821117401123 and parameters: {'mlp_n_layers': 2, 'mlp_dim_00': 211, 'mlp_dim_01': 473, 'node_hidden_dim': 40, 'edge_hidden_dim': 74, 'depth': 4, 'rep_dropout': 0.0005301579556760971, 'train_learning_rate': 0.0001049661889482984, 'train_lr_reduce': 0.6}. Best is trial 1559 with value: 0.11043421924114227.
[I 2024-12-19 20:58:35,305] Trial 1572 finished with value: 1.1417856216430664 and parameters: {'mlp_n_layers': 1, 'mlp_dim_00': 494, 'node_hidden_dim': 32, 'edge_hidden_dim': 53, 'depth': 1, 'rep_dropout': 0.0590004762337905, 'train_learning_rate': 0.002757865134638678, 'train_lr_reduce': 0.6}. Best is trial 1559 with value: 0.11043421924114227.
[I 2024-12-19 20:58:40,096] Trial 1573 finished with value: 1.1513875722885132 and parameters: {'mlp_n_layers': 1, 'mlp_dim_00': 486, 'node_hidden_dim': 114, 'edge_hidden_dim': 65, 'depth': 4, 'rep_dropout': 0.005285278181355907, 'train_learning_rate': 0.0014290382682383177, 'train_lr_reduce': 0.6}. Best is trial 1559 with value: 0.11043421924114227.
[I 2024-12-19 20:58:40,446] Trial 1574 finished with value: 1.1417711973190308 and parameters: {'mlp_n_layers': 1, 'mlp_dim_00': 452, 'node_hidden_dim': 33, 'edge_hidden_dim': 53, 'depth': 1, 'rep_dropout': 0.06900753244462646, 'train_learning_rate': 0.0007720616410665074, 'train_lr_reduce': 0.6}. Best is trial 1559 with value: 0.11043421924114227.
[I 2024-12-19 20:58:47,756] Trial 1569 finished with value: 0.14074325561523438 and parameters: {'mlp_n_layers': 1, 'mlp_dim_00': 458, 'node_hidden_dim': 33, 'edge_hidden_dim': 34, 'depth': 1, 'rep_dropout': 0.06491026020744614, 'train_learning_rate': 0.0027652489297296796, 'train_lr_reduce': 0.6}. Best is trial 1559 with value: 0.11043421924114227.
[I 2024-12-19 20:59:19,133] Trial 1575 finished with value: 0.1350862830877304 and parameters: {'mlp_n_layers': 1, 'mlp_dim_00': 468, 'node_hidden_dim': 42, 'edge_hidden_dim': 75, 'depth': 1, 'rep_dropout': 0.05771519287266595, 'train_learning_rate': 0.003103806321337962, 'train_lr_reduce': 0.6}. Best is trial 1559 with value: 0.11043421924114227.
[I 2024-12-19 20:59:21,216] Trial 1576 finished with value: 0.11675778776407242 and parameters: {'mlp_n_layers': 1, 'mlp_dim_00': 510, 'node_hidden_dim': 34, 'edge_hidden_dim': 41, 'depth': 1, 'rep_dropout': 0.05257506264792635, 'train_learning_rate': 0.005315107664465437, 'train_lr_reduce': 0.6}. Best is trial 1559 with value: 0.11043421924114227.
[I 2024-12-19 20:59:24,096] Trial 1578 finished with value: 1.1425496339797974 and parameters: {'mlp_n_layers': 1, 'mlp_dim_00': 445, 'node_hidden_dim': 48, 'edge_hidden_dim': 48, 'depth': 2, 'rep_dropout': 0.03803665814322091, 'train_learning_rate': 0.0034787026611961753, 'train_lr_reduce': 0.6}. Best is trial 1559 with value: 0.11043421924114227.
[I 2024-12-19 20:59:27,940] Trial 1577 finished with value: 0.20394141972064972 and parameters: {'mlp_n_layers': 1, 'mlp_dim_00': 511, 'node_hidden_dim': 45, 'edge_hidden_dim': 42, 'depth': 2, 'rep_dropout': 0.04615481540134871, 'train_learning_rate': 0.005528094186666873, 'train_lr_reduce': 0.6}. Best is trial 1559 with value: 0.11043421924114227.
[I 2024-12-19 20:59:30,225] Trial 1580 finished with value: 1.144993782043457 and parameters: {'mlp_n_layers': 1, 'mlp_dim_00': 209, 'node_hidden_dim': 100, 'edge_hidden_dim': 95, 'depth': 4, 'rep_dropout': 0.0587027288738521, 'train_learning_rate': 0.0018295759186689807, 'train_lr_reduce': 0.6}. Best is trial 1559 with value: 0.11043421924114227.
[I 2024-12-19 20:59:36,345] Trial 1579 finished with value: 0.2520604729652405 and parameters: {'mlp_n_layers': 3, 'mlp_dim_00': 256, 'mlp_dim_01': 359, 'mlp_dim_02': 273, 'node_hidden_dim': 78, 'edge_hidden_dim': 62, 'depth': 1, 'rep_dropout': 0.10115862886512425, 'train_learning_rate': 0.005208923216418608, 'train_lr_reduce': 0.6}. Best is trial 1559 with value: 0.11043421924114227.
[I 2024-12-19 20:59:40,981] Trial 1583 finished with value: 1.1452890634536743 and parameters: {'mlp_n_layers': 2, 'mlp_dim_00': 495, 'mlp_dim_01': 428, 'node_hidden_dim': 36, 'edge_hidden_dim': 55, 'depth': 1, 'rep_dropout': 0.03294938150538151, 'train_learning_rate': 0.005662230274477674, 'train_lr_reduce': 0.6}. Best is trial 1559 with value: 0.11043421924114227.
[I 2024-12-19 21:00:01,976] Trial 1581 finished with value: 0.1433643102645874 and parameters: {'mlp_n_layers': 1, 'mlp_dim_00': 405, 'node_hidden_dim': 34, 'edge_hidden_dim': 39, 'depth': 1, 'rep_dropout': 0.05892469888431767, 'train_learning_rate': 0.008226607606268003, 'train_lr_reduce': 0.6}. Best is trial 1559 with value: 0.11043421924114227.
[I 2024-12-19 21:00:07,885] Trial 1582 finished with value: 0.13441233336925507 and parameters: {'mlp_n_layers': 1, 'mlp_dim_00': 451, 'node_hidden_dim': 34, 'edge_hidden_dim': 34, 'depth': 1, 'rep_dropout': 0.10237281648511332, 'train_learning_rate': 0.006399162062046104, 'train_lr_reduce': 0.6}. Best is trial 1559 with value: 0.11043421924114227.
[I 2024-12-19 21:00:12,591] Trial 1586 finished with value: 1.1424983739852905 and parameters: {'mlp_n_layers': 2, 'mlp_dim_00': 509, 'mlp_dim_01': 329, 'node_hidden_dim': 49, 'edge_hidden_dim': 38, 'depth': 1, 'rep_dropout': 0.015879549874503643, 'train_learning_rate': 0.002843146794132851, 'train_lr_reduce': 0.6}. Best is trial 1559 with value: 0.11043421924114227.
[I 2024-12-19 21:00:17,171] Trial 1587 finished with value: 1.1460638046264648 and parameters: {'mlp_n_layers': 2, 'mlp_dim_00': 501, 'mlp_dim_01': 468, 'node_hidden_dim': 40, 'edge_hidden_dim': 60, 'depth': 1, 'rep_dropout': 0.05069994330817394, 'train_learning_rate': 0.0033563257907156443, 'train_lr_reduce': 0.6}. Best is trial 1559 with value: 0.11043421924114227.
[I 2024-12-19 21:00:20,539] Trial 1584 finished with value: 0.1727205216884613 and parameters: {'mlp_n_layers': 1, 'mlp_dim_00': 508, 'node_hidden_dim': 41, 'edge_hidden_dim': 48, 'depth': 1, 'rep_dropout': 0.09254617337676535, 'train_learning_rate': 0.005001358707998419, 'train_lr_reduce': 0.6}. Best is trial 1559 with value: 0.11043421924114227.
[I 2024-12-19 21:00:24,823] Trial 1588 finished with value: 1.1421347856521606 and parameters: {'mlp_n_layers': 3, 'mlp_dim_00': 364, 'mlp_dim_01': 393, 'mlp_dim_02': 373, 'node_hidden_dim': 127, 'edge_hidden_dim': 39, 'depth': 4, 'rep_dropout': 0.05482468440241998, 'train_learning_rate': 0.00012395113104613582, 'train_lr_reduce': 0.6}. Best is trial 1559 with value: 0.11043421924114227.
[I 2024-12-19 21:00:30,437] Trial 1589 finished with value: 1.034419059753418 and parameters: {'mlp_n_layers': 3, 'mlp_dim_00': 472, 'mlp_dim_01': 511, 'mlp_dim_02': 227, 'node_hidden_dim': 122, 'edge_hidden_dim': 42, 'depth': 4, 'rep_dropout': 0.026215807374727, 'train_learning_rate': 0.00741218182524739, 'train_lr_reduce': 0.6}. Best is trial 1559 with value: 0.11043421924114227.
[I 2024-12-19 21:00:41,455] Trial 1585 finished with value: 0.14697137475013733 and parameters: {'mlp_n_layers': 1, 'mlp_dim_00': 468, 'node_hidden_dim': 58, 'edge_hidden_dim': 46, 'depth': 1, 'rep_dropout': 0.051598215229405026, 'train_learning_rate': 0.004885490725317862, 'train_lr_reduce': 0.6}. Best is trial 1559 with value: 0.11043421924114227.
[I 2024-12-19 21:00:59,866] Trial 1591 finished with value: 0.15637575089931488 and parameters: {'mlp_n_layers': 1, 'mlp_dim_00': 455, 'node_hidden_dim': 33, 'edge_hidden_dim': 54, 'depth': 1, 'rep_dropout': 0.03309914314592067, 'train_learning_rate': 0.006272102871570719, 'train_lr_reduce': 0.6}. Best is trial 1559 with value: 0.11043421924114227.
[I 2024-12-19 21:01:02,732] Trial 1590 finished with value: 0.1688220500946045 and parameters: {'mlp_n_layers': 1, 'mlp_dim_00': 487, 'node_hidden_dim': 50, 'edge_hidden_dim': 42, 'depth': 1, 'rep_dropout': 0.06317376198911119, 'train_learning_rate': 0.0034216420472592047, 'train_lr_reduce': 0.6}. Best is trial 1559 with value: 0.11043421924114227.
[I 2024-12-19 21:01:21,262] Trial 1592 finished with value: 0.13262663781642914 and parameters: {'mlp_n_layers': 1, 'mlp_dim_00': 422, 'node_hidden_dim': 32, 'edge_hidden_dim': 41, 'depth': 1, 'rep_dropout': 0.053593964794321214, 'train_learning_rate': 0.0035768452803343308, 'train_lr_reduce': 0.6}. Best is trial 1559 with value: 0.11043421924114227.
[I 2024-12-19 21:01:31,058] Trial 1594 finished with value: 0.19496458768844604 and parameters: {'mlp_n_layers': 1, 'mlp_dim_00': 498, 'node_hidden_dim': 60, 'edge_hidden_dim': 42, 'depth': 1, 'rep_dropout': 0.05226817164386414, 'train_learning_rate': 0.0026919689676616967, 'train_lr_reduce': 0.6}. Best is trial 1559 with value: 0.11043421924114227.
[I 2024-12-19 21:01:32,840] Trial 1593 finished with value: 0.1411534696817398 and parameters: {'mlp_n_layers': 2, 'mlp_dim_00': 503, 'mlp_dim_01': 431, 'node_hidden_dim': 38, 'edge_hidden_dim': 44, 'depth': 1, 'rep_dropout': 0.08167132319812129, 'train_learning_rate': 0.008776064810804514, 'train_lr_reduce': 0.6}. Best is trial 1559 with value: 0.11043421924114227.
[I 2024-12-19 21:01:36,913] Trial 1596 finished with value: 1.142838716506958 and parameters: {'mlp_n_layers': 4, 'mlp_dim_00': 263, 'mlp_dim_01': 230, 'mlp_dim_02': 436, 'mlp_dim_03': 256, 'node_hidden_dim': 53, 'edge_hidden_dim': 33, 'depth': 3, 'rep_dropout': 0.06657319456729319, 'train_learning_rate': 0.001284124013034421, 'train_lr_reduce': 0.6}. Best is trial 1559 with value: 0.11043421924114227.
[I 2024-12-19 21:01:42,899] Trial 1598 finished with value: 1.1421705484390259 and parameters: {'mlp_n_layers': 2, 'mlp_dim_00': 132, 'mlp_dim_01': 359, 'node_hidden_dim': 43, 'edge_hidden_dim': 126, 'depth': 2, 'rep_dropout': 0.14878546959286698, 'train_learning_rate': 0.00015097453844759172, 'train_lr_reduce': 0.6}. Best is trial 1559 with value: 0.11043421924114227.
[I 2024-12-19 21:02:00,718] Trial 1595 finished with value: 0.14581699669361115 and parameters: {'mlp_n_layers': 1, 'mlp_dim_00': 447, 'node_hidden_dim': 38, 'edge_hidden_dim': 45, 'depth': 1, 'rep_dropout': 0.07221683208432324, 'train_learning_rate': 0.005757092155647804, 'train_lr_reduce': 0.6}. Best is trial 1559 with value: 0.11043421924114227.
[I 2024-12-19 21:02:13,725] Trial 1597 finished with value: 0.1233946904540062 and parameters: {'mlp_n_layers': 1, 'mlp_dim_00': 502, 'node_hidden_dim': 37, 'edge_hidden_dim': 46, 'depth': 1, 'rep_dropout': 0.02446312304111154, 'train_learning_rate': 0.003811907670501681, 'train_lr_reduce': 0.6}. Best is trial 1559 with value: 0.11043421924114227.
[I 2024-12-19 21:02:19,803] Trial 1601 finished with value: 1.142073631286621 and parameters: {'mlp_n_layers': 3, 'mlp_dim_00': 293, 'mlp_dim_01': 470, 'mlp_dim_02': 133, 'node_hidden_dim': 79, 'edge_hidden_dim': 127, 'depth': 1, 'rep_dropout': 0.0182259021176618, 'train_learning_rate': 0.0003480538115108664, 'train_lr_reduce': 0.6}. Best is trial 1559 with value: 0.11043421924114227.
[I 2024-12-19 21:02:21,448] Trial 1599 finished with value: 0.14892877638339996 and parameters: {'mlp_n_layers': 1, 'mlp_dim_00': 338, 'node_hidden_dim': 80, 'edge_hidden_dim': 74, 'depth': 1, 'rep_dropout': 0.05702113973896041, 'train_learning_rate': 0.0026206255155929803, 'train_lr_reduce': 0.6}. Best is trial 1559 with value: 0.11043421924114227.
[I 2024-12-19 21:02:40,958] Trial 1600 finished with value: 0.11996881663799286 and parameters: {'mlp_n_layers': 1, 'mlp_dim_00': 498, 'node_hidden_dim': 34, 'edge_hidden_dim': 44, 'depth': 1, 'rep_dropout': 0.0455618498407807, 'train_learning_rate': 0.0029133879057311194, 'train_lr_reduce': 0.6}. Best is trial 1559 with value: 0.11043421924114227.
[I 2024-12-19 21:02:45,381] Trial 1602 finished with value: 0.14699509739875793 and parameters: {'mlp_n_layers': 1, 'mlp_dim_00': 433, 'node_hidden_dim': 32, 'edge_hidden_dim': 53, 'depth': 1, 'rep_dropout': 0.07360128679468256, 'train_learning_rate': 0.002570051312768193, 'train_lr_reduce': 0.6}. Best is trial 1559 with value: 0.11043421924114227.
[I 2024-12-19 21:02:52,375] Trial 1605 finished with value: 1.1424115896224976 and parameters: {'mlp_n_layers': 2, 'mlp_dim_00': 495, 'mlp_dim_01': 115, 'node_hidden_dim': 106, 'edge_hidden_dim': 121, 'depth': 2, 'rep_dropout': 0.030899141926637265, 'train_learning_rate': 0.00012304506402818167, 'train_lr_reduce': 0.6}. Best is trial 1559 with value: 0.11043421924114227.
[I 2024-12-19 21:03:01,806] Trial 1603 finished with value: 0.17115984857082367 and parameters: {'mlp_n_layers': 1, 'mlp_dim_00': 451, 'node_hidden_dim': 37, 'edge_hidden_dim': 54, 'depth': 1, 'rep_dropout': 0.053938254963121574, 'train_learning_rate': 0.005891616657485255, 'train_lr_reduce': 0.6}. Best is trial 1559 with value: 0.11043421924114227.
[I 2024-12-19 21:03:06,345] Trial 1607 finished with value: 1.1416857242584229 and parameters: {'mlp_n_layers': 1, 'mlp_dim_00': 472, 'node_hidden_dim': 50, 'edge_hidden_dim': 69, 'depth': 1, 'rep_dropout': 0.02848451551292345, 'train_learning_rate': 0.00017306230954974405, 'train_lr_reduce': 0.6}. Best is trial 1559 with value: 0.11043421924114227.
[I 2024-12-19 21:03:23,456] Trial 1604 finished with value: 0.20222829282283783 and parameters: {'mlp_n_layers': 1, 'mlp_dim_00': 459, 'node_hidden_dim': 51, 'edge_hidden_dim': 38, 'depth': 1, 'rep_dropout': 0.053370085532109326, 'train_learning_rate': 0.004833583067201648, 'train_lr_reduce': 0.6}. Best is trial 1559 with value: 0.11043421924114227.
[I 2024-12-19 21:03:32,254] Trial 1608 finished with value: 0.3418038785457611 and parameters: {'mlp_n_layers': 1, 'mlp_dim_00': 463, 'node_hidden_dim': 32, 'edge_hidden_dim': 32, 'depth': 2, 'rep_dropout': 0.05365195129164323, 'train_learning_rate': 0.009252579421048547, 'train_lr_reduce': 0.6}. Best is trial 1559 with value: 0.11043421924114227.
[I 2024-12-19 21:03:35,258] Trial 1606 finished with value: 0.13300514221191406 and parameters: {'mlp_n_layers': 1, 'mlp_dim_00': 454, 'node_hidden_dim': 32, 'edge_hidden_dim': 52, 'depth': 1, 'rep_dropout': 0.02247933053266324, 'train_learning_rate': 0.002341195111723822, 'train_lr_reduce': 0.6}. Best is trial 1559 with value: 0.11043421924114227.
[I 2024-12-19 21:04:02,599] Trial 1609 finished with value: 0.13142099976539612 and parameters: {'mlp_n_layers': 1, 'mlp_dim_00': 507, 'node_hidden_dim': 38, 'edge_hidden_dim': 50, 'depth': 1, 'rep_dropout': 0.03692272212234695, 'train_learning_rate': 0.0018534530669006418, 'train_lr_reduce': 0.6}. Best is trial 1559 with value: 0.11043421924114227.
[I 2024-12-19 21:04:13,162] Trial 1610 finished with value: 0.14223168790340424 and parameters: {'mlp_n_layers': 2, 'mlp_dim_00': 482, 'mlp_dim_01': 84, 'node_hidden_dim': 32, 'edge_hidden_dim': 67, 'depth': 1, 'rep_dropout': 0.033703631976111745, 'train_learning_rate': 0.003944075485007317, 'train_lr_reduce': 0.6}. Best is trial 1559 with value: 0.11043421924114227.
[I 2024-12-19 21:04:16,272] Trial 1611 finished with value: 0.1439002901315689 and parameters: {'mlp_n_layers': 1, 'mlp_dim_00': 479, 'node_hidden_dim': 44, 'edge_hidden_dim': 47, 'depth': 1, 'rep_dropout': 0.03174342944427308, 'train_learning_rate': 0.005932950684593521, 'train_lr_reduce': 0.6}. Best is trial 1559 with value: 0.11043421924114227.
[I 2024-12-19 21:04:17,867] Trial 1613 finished with value: 1.1460996866226196 and parameters: {'mlp_n_layers': 2, 'mlp_dim_00': 493, 'mlp_dim_01': 506, 'node_hidden_dim': 33, 'edge_hidden_dim': 49, 'depth': 1, 'rep_dropout': 0.03521053046467845, 'train_learning_rate': 0.002298695765330714, 'train_lr_reduce': 0.6}. Best is trial 1559 with value: 0.11043421924114227.
[I 2024-12-19 21:04:22,760] Trial 1615 finished with value: 1.143662452697754 and parameters: {'mlp_n_layers': 2, 'mlp_dim_00': 496, 'mlp_dim_01': 192, 'node_hidden_dim': 38, 'edge_hidden_dim': 35, 'depth': 2, 'rep_dropout': 0.06745746652742093, 'train_learning_rate': 0.0021792889598427696, 'train_lr_reduce': 0.6}. Best is trial 1559 with value: 0.11043421924114227.
[I 2024-12-19 21:04:24,497] Trial 1614 finished with value: 1.141597032546997 and parameters: {'mlp_n_layers': 2, 'mlp_dim_00': 70, 'mlp_dim_01': 162, 'node_hidden_dim': 34, 'edge_hidden_dim': 76, 'depth': 4, 'rep_dropout': 0.12656035945572003, 'train_learning_rate': 0.00013213433428235262, 'train_lr_reduce': 0.6}. Best is trial 1559 with value: 0.11043421924114227.
[I 2024-12-19 21:04:27,993] Trial 1616 finished with value: 1.142242431640625 and parameters: {'mlp_n_layers': 1, 'mlp_dim_00': 463, 'node_hidden_dim': 34, 'edge_hidden_dim': 56, 'depth': 2, 'rep_dropout': 0.0693233499522018, 'train_learning_rate': 0.001774482517459429, 'train_lr_reduce': 0.6}. Best is trial 1559 with value: 0.11043421924114227.
[I 2024-12-19 21:04:42,595] Trial 1612 finished with value: 0.13034580647945404 and parameters: {'mlp_n_layers': 1, 'mlp_dim_00': 473, 'node_hidden_dim': 35, 'edge_hidden_dim': 50, 'depth': 1, 'rep_dropout': 0.06653886059179659, 'train_learning_rate': 0.0024917826098203428, 'train_lr_reduce': 0.6}. Best is trial 1559 with value: 0.11043421924114227.
[I 2024-12-19 21:05:03,485] Trial 1617 finished with value: 0.18338650465011597 and parameters: {'mlp_n_layers': 1, 'mlp_dim_00': 496, 'node_hidden_dim': 37, 'edge_hidden_dim': 45, 'depth': 1, 'rep_dropout': 0.07724271941953484, 'train_learning_rate': 0.00606852464288015, 'train_lr_reduce': 0.6}. Best is trial 1559 with value: 0.11043421924114227.
[I 2024-12-19 21:05:04,779] Trial 1618 finished with value: 0.13525524735450745 and parameters: {'mlp_n_layers': 1, 'mlp_dim_00': 424, 'node_hidden_dim': 32, 'edge_hidden_dim': 35, 'depth': 1, 'rep_dropout': 0.03467902933737943, 'train_learning_rate': 0.0041768552555252626, 'train_lr_reduce': 0.6}. Best is trial 1559 with value: 0.11043421924114227.
[I 2024-12-19 21:05:23,012] Trial 1619 finished with value: 0.17970487475395203 and parameters: {'mlp_n_layers': 2, 'mlp_dim_00': 507, 'mlp_dim_01': 224, 'node_hidden_dim': 39, 'edge_hidden_dim': 34, 'depth': 1, 'rep_dropout': 0.0871791256028356, 'train_learning_rate': 0.002927980118370864, 'train_lr_reduce': 0.6}. Best is trial 1559 with value: 0.11043421924114227.
[I 2024-12-19 21:05:28,402] Trial 1622 finished with value: 1.142833948135376 and parameters: {'mlp_n_layers': 2, 'mlp_dim_00': 495, 'mlp_dim_01': 506, 'node_hidden_dim': 40, 'edge_hidden_dim': 32, 'depth': 1, 'rep_dropout': 0.05300993008618392, 'train_learning_rate': 0.002926807742066264, 'train_lr_reduce': 0.6}. Best is trial 1559 with value: 0.11043421924114227.
[I 2024-12-19 21:05:32,125] Trial 1620 finished with value: 0.46567463874816895 and parameters: {'mlp_n_layers': 3, 'mlp_dim_00': 294, 'mlp_dim_01': 509, 'mlp_dim_02': 313, 'node_hidden_dim': 68, 'edge_hidden_dim': 71, 'depth': 3, 'rep_dropout': 0.1260360434072713, 'train_learning_rate': 0.009913366678405392, 'train_lr_reduce': 0.6}. Best is trial 1559 with value: 0.11043421924114227.
[I 2024-12-19 21:05:32,879] Trial 1623 finished with value: 1.1430840492248535 and parameters: {'mlp_n_layers': 1, 'mlp_dim_00': 237, 'node_hidden_dim': 114, 'edge_hidden_dim': 38, 'depth': 1, 'rep_dropout': 0.026131234085338635, 'train_learning_rate': 0.00043858715618178993, 'train_lr_reduce': 0.6}. Best is trial 1559 with value: 0.11043421924114227.
[I 2024-12-19 21:05:43,565] Trial 1621 finished with value: 0.12740781903266907 and parameters: {'mlp_n_layers': 1, 'mlp_dim_00': 490, 'node_hidden_dim': 39, 'edge_hidden_dim': 54, 'depth': 1, 'rep_dropout': 0.05708485629604983, 'train_learning_rate': 0.0018047571398426465, 'train_lr_reduce': 0.6}. Best is trial 1559 with value: 0.11043421924114227.
[I 2024-12-19 21:05:48,633] Trial 1626 finished with value: 1.146472692489624 and parameters: {'mlp_n_layers': 3, 'mlp_dim_00': 381, 'mlp_dim_01': 68, 'mlp_dim_02': 189, 'node_hidden_dim': 87, 'edge_hidden_dim': 47, 'depth': 2, 'rep_dropout': 0.07032749695558657, 'train_learning_rate': 0.001506392374065738, 'train_lr_reduce': 0.6}. Best is trial 1559 with value: 0.11043421924114227.
[I 2024-12-19 21:06:11,819] Trial 1624 finished with value: 0.14099839329719543 and parameters: {'mlp_n_layers': 1, 'mlp_dim_00': 415, 'node_hidden_dim': 52, 'edge_hidden_dim': 59, 'depth': 1, 'rep_dropout': 0.04969704726251787, 'train_learning_rate': 0.003590430280244073, 'train_lr_reduce': 0.6}. Best is trial 1559 with value: 0.11043421924114227.
[I 2024-12-19 21:06:11,839] Trial 1625 finished with value: 0.14063096046447754 and parameters: {'mlp_n_layers': 1, 'mlp_dim_00': 499, 'node_hidden_dim': 47, 'edge_hidden_dim': 58, 'depth': 1, 'rep_dropout': 0.03569282029132663, 'train_learning_rate': 0.0034761122352970275, 'train_lr_reduce': 0.6}. Best is trial 1559 with value: 0.11043421924114227.
