[I 2024-12-04 17:29:54,524] Using an existing study with name 'Pc_xgb' instead of creating a new one.
[I 2024-12-04 17:29:56,667] Trial 529 finished with value: 0.32766253532034756 and parameters: {'n_estimators': 766, 'max_depth': 7, 'learning_rate': 0.07443909038251079, 'subsample': 0.7034778945170073, 'colsample_bytree': 0.7119838177511816, 'min_child_weight': 2, 'gamma': 0.0041871813253297665, 'reg_alpha': 0.00016917647211502204, 'reg_lambda': 0.03695062340068999}. Best is trial 435 with value: 0.31178151468232856.
[I 2024-12-04 17:29:57,935] Trial 530 finished with value: 0.3239226320417754 and parameters: {'n_estimators': 765, 'max_depth': 6, 'learning_rate': 0.07426310609956921, 'subsample': 0.7076962265368835, 'colsample_bytree': 0.7260291533796337, 'min_child_weight': 2, 'gamma': 0.003950082080998063, 'reg_alpha': 0.00010105379013759666, 'reg_lambda': 0.18207545188309668}. Best is trial 435 with value: 0.31178151468232856.
[I 2024-12-04 17:29:59,282] Trial 531 finished with value: 0.317536097089991 and parameters: {'n_estimators': 874, 'max_depth': 6, 'learning_rate': 0.07463769129085077, 'subsample': 0.7353422197886591, 'colsample_bytree': 0.7503293918400247, 'min_child_weight': 2, 'gamma': 0.004447355970112786, 'reg_alpha': 0.0005657443552164612, 'reg_lambda': 0.029273869903511288}. Best is trial 435 with value: 0.31178151468232856.
[I 2024-12-04 17:30:00,550] Trial 532 finished with value: 0.33474190913457336 and parameters: {'n_estimators': 845, 'max_depth': 5, 'learning_rate': 0.07574684819416036, 'subsample': 0.7011757568912639, 'colsample_bytree': 0.6936053451419629, 'min_child_weight': 2, 'gamma': 0.001896302953550899, 'reg_alpha': 6.782144761403018e-05, 'reg_lambda': 0.25798575730880174}. Best is trial 435 with value: 0.31178151468232856.
[I 2024-12-04 17:30:01,813] Trial 533 finished with value: 0.3246259174074469 and parameters: {'n_estimators': 721, 'max_depth': 6, 'learning_rate': 0.060948097187886484, 'subsample': 0.7691963067588026, 'colsample_bytree': 0.7416741481493376, 'min_child_weight': 2, 'gamma': 0.0024395943236206253, 'reg_alpha': 3.754246222698735e-05, 'reg_lambda': 0.011792611172194167}. Best is trial 435 with value: 0.31178151468232856.
[I 2024-12-04 17:30:03,474] Trial 534 finished with value: 0.32720118123219755 and parameters: {'n_estimators': 774, 'max_depth': 8, 'learning_rate': 0.08541132111305798, 'subsample': 0.7639928109967463, 'colsample_bytree': 0.8246744262519654, 'min_child_weight': 2, 'gamma': 0.0014178451556268914, 'reg_alpha': 0.000487643444825066, 'reg_lambda': 0.0909920955862181}. Best is trial 435 with value: 0.31178151468232856.
[I 2024-12-04 17:30:04,801] Trial 535 finished with value: 0.3276328349563545 and parameters: {'n_estimators': 876, 'max_depth': 6, 'learning_rate': 0.09937277310917468, 'subsample': 0.7234761409410717, 'colsample_bytree': 0.7259624097477742, 'min_child_weight': 2, 'gamma': 0.005738865742718807, 'reg_alpha': 0.00027758298789606184, 'reg_lambda': 0.03312730778176837}. Best is trial 435 with value: 0.31178151468232856.
[I 2024-12-04 17:30:06,262] Trial 536 finished with value: 0.31896842116254115 and parameters: {'n_estimators': 946, 'max_depth': 7, 'learning_rate': 0.09092801447908425, 'subsample': 0.7392581869439374, 'colsample_bytree': 0.8017940991688282, 'min_child_weight': 2, 'gamma': 0.003650255142093755, 'reg_alpha': 0.0002621895945265233, 'reg_lambda': 0.011762809622253104}. Best is trial 435 with value: 0.31178151468232856.
[I 2024-12-04 17:30:07,570] Trial 537 finished with value: 0.33183359203983814 and parameters: {'n_estimators': 595, 'max_depth': 8, 'learning_rate': 0.07915989444365842, 'subsample': 0.7470669708817531, 'colsample_bytree': 0.7575422770691447, 'min_child_weight': 2, 'gamma': 0.0009371909774186284, 'reg_alpha': 0.00035281210764175107, 'reg_lambda': 0.05851198205927544}. Best is trial 435 with value: 0.31178151468232856.
[I 2024-12-04 17:30:08,938] Trial 538 finished with value: 0.3138396590853473 and parameters: {'n_estimators': 905, 'max_depth': 6, 'learning_rate': 0.07439391210229664, 'subsample': 0.7578741312904553, 'colsample_bytree': 0.703986666084472, 'min_child_weight': 2, 'gamma': 0.005221585462499421, 'reg_alpha': 1.5172280995480783e-05, 'reg_lambda': 0.01583776045453079}. Best is trial 435 with value: 0.31178151468232856.
[I 2024-12-04 17:30:10,215] Trial 539 finished with value: 0.33655980990311746 and parameters: {'n_estimators': 834, 'max_depth': 4, 'learning_rate': 0.07689101028553728, 'subsample': 0.7658869386227061, 'colsample_bytree': 0.694823551477459, 'min_child_weight': 2, 'gamma': 0.0187787713078132, 'reg_alpha': 3.0214080109083903e-05, 'reg_lambda': 0.11437484897313335}. Best is trial 435 with value: 0.31178151468232856.
[I 2024-12-04 17:30:11,833] Trial 540 finished with value: 0.31313483321393637 and parameters: {'n_estimators': 893, 'max_depth': 6, 'learning_rate': 0.08171363556662849, 'subsample': 0.7570807469643736, 'colsample_bytree': 0.7791494463892548, 'min_child_weight': 2, 'gamma': 0.001161437984591424, 'reg_alpha': 0.0007654946163779214, 'reg_lambda': 0.011573223591195851}. Best is trial 435 with value: 0.31178151468232856.
[I 2024-12-04 17:30:13,220] Trial 541 finished with value: 0.3282367704075521 and parameters: {'n_estimators': 857, 'max_depth': 6, 'learning_rate': 0.09673859614288816, 'subsample': 0.7387979423242332, 'colsample_bytree': 0.699616948958803, 'min_child_weight': 2, 'gamma': 0.001748687664096373, 'reg_alpha': 2.146455665970314e-05, 'reg_lambda': 0.1537776919209902}. Best is trial 435 with value: 0.31178151468232856.
[I 2024-12-04 17:30:14,626] Trial 542 finished with value: 0.33438572816920237 and parameters: {'n_estimators': 895, 'max_depth': 4, 'learning_rate': 0.07147313915074859, 'subsample': 0.731828567671768, 'colsample_bytree': 0.7314291851373221, 'min_child_weight': 2, 'gamma': 0.0054459307509453735, 'reg_alpha': 5.867505380778624e-05, 'reg_lambda': 0.03909158576293428}. Best is trial 435 with value: 0.31178151468232856.
[I 2024-12-04 17:30:15,946] Trial 543 finished with value: 0.33530456367242834 and parameters: {'n_estimators': 944, 'max_depth': 4, 'learning_rate': 0.0691596047289581, 'subsample': 0.7347899029931487, 'colsample_bytree': 0.7424139419857099, 'min_child_weight': 2, 'gamma': 0.00040036628220159785, 'reg_alpha': 0.00010623435061969602, 'reg_lambda': 0.014457733430855609}. Best is trial 435 with value: 0.31178151468232856.
[I 2024-12-04 17:30:17,482] Trial 544 finished with value: 0.3267337373430316 and parameters: {'n_estimators': 811, 'max_depth': 8, 'learning_rate': 0.058466622366154485, 'subsample': 0.7542265515521144, 'colsample_bytree': 0.7059923350807161, 'min_child_weight': 2, 'gamma': 0.003167207860958924, 'reg_alpha': 7.782349324934362e-05, 'reg_lambda': 0.007348098820772887}. Best is trial 435 with value: 0.31178151468232856.
[I 2024-12-04 17:30:18,854] Trial 545 finished with value: 0.3353424162876174 and parameters: {'n_estimators': 859, 'max_depth': 5, 'learning_rate': 0.07337398153661044, 'subsample': 0.7262957841601435, 'colsample_bytree': 0.6936091688988574, 'min_child_weight': 2, 'gamma': 0.0030275048116308627, 'reg_alpha': 0.00022119056261088696, 'reg_lambda': 0.2208843329147837}. Best is trial 435 with value: 0.31178151468232856.
[I 2024-12-04 17:30:20,409] Trial 546 finished with value: 0.31869170413137277 and parameters: {'n_estimators': 879, 'max_depth': 6, 'learning_rate': 0.07941818941314598, 'subsample': 0.7290057056587365, 'colsample_bytree': 0.7443001394782958, 'min_child_weight': 2, 'gamma': 0.002324026758969395, 'reg_alpha': 1.5588879134001752e-05, 'reg_lambda': 0.1528944303133017}. Best is trial 435 with value: 0.31178151468232856.
[I 2024-12-04 17:30:21,862] Trial 547 finished with value: 0.3184756338144979 and parameters: {'n_estimators': 885, 'max_depth': 6, 'learning_rate': 0.07400278396751961, 'subsample': 0.7539722764885534, 'colsample_bytree': 0.7042692293573085, 'min_child_weight': 2, 'gamma': 0.0012655336507547818, 'reg_alpha': 8.949934830567543e-05, 'reg_lambda': 0.010525914409534378}. Best is trial 435 with value: 0.31178151468232856.
[I 2024-12-04 17:30:23,450] Trial 548 finished with value: 0.3351230938487493 and parameters: {'n_estimators': 932, 'max_depth': 8, 'learning_rate': 0.07043608788677623, 'subsample': 0.7767673158513717, 'colsample_bytree': 0.7418692912039861, 'min_child_weight': 2, 'gamma': 0.01289890638417724, 'reg_alpha': 2.092309003715979e-05, 'reg_lambda': 0.035849756376611835}. Best is trial 435 with value: 0.31178151468232856.
[I 2024-12-04 17:30:24,929] Trial 549 finished with value: 0.3183950527292297 and parameters: {'n_estimators': 830, 'max_depth': 6, 'learning_rate': 0.08751769941932107, 'subsample': 0.7595155781561621, 'colsample_bytree': 0.7350853936825352, 'min_child_weight': 2, 'gamma': 0.0012502923619898303, 'reg_alpha': 7.864015270564871e-05, 'reg_lambda': 0.40211629711892294}. Best is trial 435 with value: 0.31178151468232856.
[I 2024-12-04 17:30:26,427] Trial 550 finished with value: 0.3261890616145527 and parameters: {'n_estimators': 885, 'max_depth': 5, 'learning_rate': 0.09272575528948496, 'subsample': 0.7622776364667707, 'colsample_bytree': 0.7200080175352743, 'min_child_weight': 2, 'gamma': 0.00375786892757722, 'reg_alpha': 0.00017388893586137535, 'reg_lambda': 0.05437872159594794}. Best is trial 435 with value: 0.31178151468232856.
[I 2024-12-04 17:30:27,898] Trial 551 finished with value: 0.32966161745960937 and parameters: {'n_estimators': 920, 'max_depth': 6, 'learning_rate': 0.08290460331905004, 'subsample': 0.7485512706806847, 'colsample_bytree': 0.8166855611566652, 'min_child_weight': 2, 'gamma': 0.0007569589140040094, 'reg_alpha': 9.784974494104055e-05, 'reg_lambda': 0.07535276263222922}. Best is trial 435 with value: 0.31178151468232856.
[I 2024-12-04 17:30:29,406] Trial 552 finished with value: 0.3204989884643716 and parameters: {'n_estimators': 750, 'max_depth': 8, 'learning_rate': 0.06896215029219546, 'subsample': 0.730842510157436, 'colsample_bytree': 0.7613078798185776, 'min_child_weight': 2, 'gamma': 0.0023834607012600383, 'reg_alpha': 0.0010965917816825035, 'reg_lambda': 0.003761904150250741}. Best is trial 435 with value: 0.31178151468232856.
[I 2024-12-04 17:30:30,879] Trial 553 finished with value: 0.3289787803000537 and parameters: {'n_estimators': 842, 'max_depth': 7, 'learning_rate': 0.06792628236819336, 'subsample': 0.7779379993747665, 'colsample_bytree': 0.7774998173843308, 'min_child_weight': 2, 'gamma': 0.0004161699022259728, 'reg_alpha': 4.8564211669443635e-05, 'reg_lambda': 0.0032545118233313756}. Best is trial 435 with value: 0.31178151468232856.
[I 2024-12-04 17:30:32,279] Trial 554 finished with value: 0.3262215406362881 and parameters: {'n_estimators': 831, 'max_depth': 6, 'learning_rate': 0.06306798955065514, 'subsample': 0.7198364142372975, 'colsample_bytree': 0.7361115133709848, 'min_child_weight': 2, 'gamma': 0.005016176723573148, 'reg_alpha': 0.0011876241578970353, 'reg_lambda': 0.0008426404804007077}. Best is trial 435 with value: 0.31178151468232856.
[I 2024-12-04 17:30:33,732] Trial 555 finished with value: 0.32652699652151007 and parameters: {'n_estimators': 914, 'max_depth': 5, 'learning_rate': 0.07341804943485947, 'subsample': 0.7297930177332596, 'colsample_bytree': 0.7461493109720683, 'min_child_weight': 2, 'gamma': 0.0013054866313203773, 'reg_alpha': 0.000647758653411968, 'reg_lambda': 0.03490069608718451}. Best is trial 435 with value: 0.31178151468232856.
[I 2024-12-04 17:30:35,052] Trial 556 finished with value: 0.33481006177747696 and parameters: {'n_estimators': 856, 'max_depth': 5, 'learning_rate': 0.060261578241714124, 'subsample': 0.7152451316345098, 'colsample_bytree': 0.7239035450543212, 'min_child_weight': 2, 'gamma': 0.0027019256267725865, 'reg_alpha': 0.000137178153522413, 'reg_lambda': 0.022772164324716335}. Best is trial 435 with value: 0.31178151468232856.
[I 2024-12-04 17:30:36,636] Trial 557 finished with value: 0.3335426283469799 and parameters: {'n_estimators': 1001, 'max_depth': 7, 'learning_rate': 0.07857384568607372, 'subsample': 0.7865754215868421, 'colsample_bytree': 0.7760368203725769, 'min_child_weight': 2, 'gamma': 0.0028191194164385986, 'reg_alpha': 5.668036491369361e-05, 'reg_lambda': 0.0033809156151881955}. Best is trial 435 with value: 0.31178151468232856.
[I 2024-12-04 17:30:38,004] Trial 558 finished with value: 0.3412045430725134 and parameters: {'n_estimators': 1067, 'max_depth': 4, 'learning_rate': 0.06109722326598852, 'subsample': 0.7292674984961509, 'colsample_bytree': 0.7612613223149294, 'min_child_weight': 2, 'gamma': 0.006675129905498476, 'reg_alpha': 0.00010567826701170456, 'reg_lambda': 0.010019869868117995}. Best is trial 435 with value: 0.31178151468232856.
[I 2024-12-04 17:30:39,808] Trial 559 finished with value: 0.33125052843758607 and parameters: {'n_estimators': 796, 'max_depth': 5, 'learning_rate': 0.08231801570911002, 'subsample': 0.7570668242954086, 'colsample_bytree': 0.7271695117837608, 'min_child_weight': 2, 'gamma': 0.0011913077121249351, 'reg_alpha': 7.83980319240707e-05, 'reg_lambda': 0.18663222010377334}. Best is trial 435 with value: 0.31178151468232856.
[I 2024-12-04 17:30:41,170] Trial 560 finished with value: 0.3219821772407995 and parameters: {'n_estimators': 710, 'max_depth': 6, 'learning_rate': 0.08076666439667254, 'subsample': 0.7623212403813115, 'colsample_bytree': 0.7663378135180989, 'min_child_weight': 2, 'gamma': 0.0018530663755821702, 'reg_alpha': 0.0005626858719120436, 'reg_lambda': 0.03434954872446892}. Best is trial 435 with value: 0.31178151468232856.
[I 2024-12-04 17:30:42,595] Trial 561 finished with value: 0.32741669198499845 and parameters: {'n_estimators': 858, 'max_depth': 5, 'learning_rate': 0.07333349644906863, 'subsample': 0.7557630133528184, 'colsample_bytree': 0.7719662347854888, 'min_child_weight': 2, 'gamma': 0.001253649493414658, 'reg_alpha': 1.1048904957688918e-05, 'reg_lambda': 0.15394520605558165}. Best is trial 435 with value: 0.31178151468232856.
[I 2024-12-04 17:30:43,997] Trial 562 finished with value: 0.3184676302679434 and parameters: {'n_estimators': 821, 'max_depth': 6, 'learning_rate': 0.0957670655539733, 'subsample': 0.7604484752595493, 'colsample_bytree': 0.7396379106094837, 'min_child_weight': 2, 'gamma': 0.000835207169198677, 'reg_alpha': 0.00020132494738507448, 'reg_lambda': 0.0584313328241095}. Best is trial 435 with value: 0.31178151468232856.
[I 2024-12-04 17:30:45,443] Trial 563 finished with value: 0.32344992969323566 and parameters: {'n_estimators': 811, 'max_depth': 5, 'learning_rate': 0.09995971990865178, 'subsample': 0.7092333657737057, 'colsample_bytree': 0.7099741664234432, 'min_child_weight': 2, 'gamma': 0.000568401929230686, 'reg_alpha': 0.0019457429426178747, 'reg_lambda': 0.10951403324161424}. Best is trial 435 with value: 0.31178151468232856.
[I 2024-12-04 17:30:46,831] Trial 564 finished with value: 0.3311813336375758 and parameters: {'n_estimators': 892, 'max_depth': 5, 'learning_rate': 0.059889433166884734, 'subsample': 0.7401885166827679, 'colsample_bytree': 0.7112388606722458, 'min_child_weight': 2, 'gamma': 0.0017837889127998116, 'reg_alpha': 0.00027353418625884323, 'reg_lambda': 0.06201485554533236}. Best is trial 435 with value: 0.31178151468232856.
[I 2024-12-04 17:30:48,091] Trial 565 finished with value: 0.3308355584605101 and parameters: {'n_estimators': 651, 'max_depth': 5, 'learning_rate': 0.09010425177711952, 'subsample': 0.7372207617509429, 'colsample_bytree': 0.7244240940364883, 'min_child_weight': 2, 'gamma': 0.0010923710720843246, 'reg_alpha': 0.0004649150541635597, 'reg_lambda': 0.061331408852685454}. Best is trial 435 with value: 0.31178151468232856.
[I 2024-12-04 17:30:49,606] Trial 566 finished with value: 0.335091950107114 and parameters: {'n_estimators': 881, 'max_depth': 7, 'learning_rate': 0.0883580985303391, 'subsample': 0.755226307472307, 'colsample_bytree': 0.7683716270193841, 'min_child_weight': 2, 'gamma': 0.0014793576510240703, 'reg_alpha': 0.0006360019792003635, 'reg_lambda': 0.019830789992373754}. Best is trial 435 with value: 0.31178151468232856.
[I 2024-12-04 17:30:50,995] Trial 567 finished with value: 0.3270783570536014 and parameters: {'n_estimators': 912, 'max_depth': 5, 'learning_rate': 0.09268891859106153, 'subsample': 0.7399168762969144, 'colsample_bytree': 0.7293017307740223, 'min_child_weight': 2, 'gamma': 0.001278038454475601, 'reg_alpha': 0.00028740957230700704, 'reg_lambda': 0.30296303223339693}. Best is trial 435 with value: 0.31178151468232856.
[I 2024-12-04 17:30:52,355] Trial 568 finished with value: 0.33007549525850893 and parameters: {'n_estimators': 814, 'max_depth': 5, 'learning_rate': 0.07153078860999362, 'subsample': 0.7262378383857397, 'colsample_bytree': 0.766620533046414, 'min_child_weight': 2, 'gamma': 0.0020038069732508067, 'reg_alpha': 0.0009001637725656682, 'reg_lambda': 0.024349277964232544}. Best is trial 435 with value: 0.31178151468232856.
[I 2024-12-04 17:30:53,932] Trial 569 finished with value: 0.3161823406106697 and parameters: {'n_estimators': 868, 'max_depth': 6, 'learning_rate': 0.09026910148397604, 'subsample': 0.7560242850018799, 'colsample_bytree': 0.71367414841577, 'min_child_weight': 2, 'gamma': 0.0014676637364476346, 'reg_alpha': 9.691197667465339e-05, 'reg_lambda': 0.037988936131652655}. Best is trial 435 with value: 0.31178151468232856.
[I 2024-12-04 17:30:55,274] Trial 570 finished with value: 0.3231613266908097 and parameters: {'n_estimators': 815, 'max_depth': 5, 'learning_rate': 0.0836951398036519, 'subsample': 0.7652955558968517, 'colsample_bytree': 0.7294425826723989, 'min_child_weight': 2, 'gamma': 0.0017769761060897702, 'reg_alpha': 3.998689335052495e-05, 'reg_lambda': 0.019867925284400748}. Best is trial 435 with value: 0.31178151468232856.
[I 2024-12-04 17:30:56,654] Trial 571 finished with value: 0.31238355028826087 and parameters: {'n_estimators': 848, 'max_depth': 6, 'learning_rate': 0.08979036589749899, 'subsample': 0.7567458344449942, 'colsample_bytree': 0.7137804624496276, 'min_child_weight': 2, 'gamma': 0.0004468091639424308, 'reg_alpha': 0.0001471464467658963, 'reg_lambda': 0.06564298647816523}. Best is trial 435 with value: 0.31178151468232856.
[I 2024-12-04 17:30:58,179] Trial 572 finished with value: 0.3252705771165181 and parameters: {'n_estimators': 926, 'max_depth': 7, 'learning_rate': 0.06871025639382836, 'subsample': 0.7353438997130546, 'colsample_bytree': 0.7123479512157994, 'min_child_weight': 2, 'gamma': 0.005749619011782203, 'reg_alpha': 6.946486241923086e-05, 'reg_lambda': 0.05962304653813562}. Best is trial 435 with value: 0.31178151468232856.
[I 2024-12-04 17:30:59,546] Trial 573 finished with value: 0.3198650439515006 and parameters: {'n_estimators': 800, 'max_depth': 6, 'learning_rate': 0.0849897283364275, 'subsample': 0.7533131228042786, 'colsample_bytree': 0.7304359687582962, 'min_child_weight': 2, 'gamma': 0.0004437052974756256, 'reg_alpha': 0.0007422458527646812, 'reg_lambda': 0.05182457186605764}. Best is trial 435 with value: 0.31178151468232856.
[I 2024-12-04 17:31:01,017] Trial 574 finished with value: 0.3239864521272197 and parameters: {'n_estimators': 847, 'max_depth': 6, 'learning_rate': 0.06433520558310965, 'subsample': 0.7775113258152931, 'colsample_bytree': 0.7075554928580674, 'min_child_weight': 2, 'gamma': 0.002685353536330953, 'reg_alpha': 0.00010526052393563586, 'reg_lambda': 0.12493240712763123}. Best is trial 435 with value: 0.31178151468232856.
[I 2024-12-04 17:31:02,483] Trial 575 finished with value: 0.3175438944610778 and parameters: {'n_estimators': 892, 'max_depth': 6, 'learning_rate': 0.06848981847093448, 'subsample': 0.7566369522494064, 'colsample_bytree': 0.7131349516479502, 'min_child_weight': 2, 'gamma': 0.0034395077415318716, 'reg_alpha': 0.0001044947404773562, 'reg_lambda': 0.09900837442350367}. Best is trial 435 with value: 0.31178151468232856.
[I 2024-12-04 17:31:04,101] Trial 576 finished with value: 0.32470298465192904 and parameters: {'n_estimators': 753, 'max_depth': 6, 'learning_rate': 0.09981205856940412, 'subsample': 0.7364067961689774, 'colsample_bytree': 0.7304237215113603, 'min_child_weight': 2, 'gamma': 0.0025272070820439602, 'reg_alpha': 0.00028571120122873416, 'reg_lambda': 0.14955242055293858}. Best is trial 435 with value: 0.31178151468232856.
[I 2024-12-04 17:31:05,528] Trial 577 finished with value: 0.3200418401523511 and parameters: {'n_estimators': 783, 'max_depth': 6, 'learning_rate': 0.07314449460406577, 'subsample': 0.7145962286140806, 'colsample_bytree': 0.7697315290318484, 'min_child_weight': 2, 'gamma': 0.0012187270191317337, 'reg_alpha': 0.00040023332375886103, 'reg_lambda': 0.15612620310149378}. Best is trial 435 with value: 0.31178151468232856.
[I 2024-12-04 17:31:06,973] Trial 578 finished with value: 0.3751801246808661 and parameters: {'n_estimators': 970, 'max_depth': 5, 'learning_rate': 0.09791410469331671, 'subsample': 0.7631113307920355, 'colsample_bytree': 0.7017721814970002, 'min_child_weight': 1, 'gamma': 0.0008365810365453872, 'reg_alpha': 2.18770895422121e-05, 'reg_lambda': 0.4186001790002588}. Best is trial 435 with value: 0.31178151468232856.
[I 2024-12-04 17:31:08,542] Trial 579 finished with value: 0.3148855894335775 and parameters: {'n_estimators': 902, 'max_depth': 6, 'learning_rate': 0.07341651002762571, 'subsample': 0.7557022932779016, 'colsample_bytree': 0.718591581115136, 'min_child_weight': 2, 'gamma': 0.0009865738002425783, 'reg_alpha': 0.00022169707473207603, 'reg_lambda': 0.06212995553030557}. Best is trial 435 with value: 0.31178151468232856.
