[I 2024-12-19 23:53:00,716] Trial 334 finished with value: 1.5653539896011353 and parameters: {'mlp_n_layers': 3, 'mlp_dim_00': 334, 'mlp_dim_01': 446, 'mlp_dim_02': 148, 'node_hidden_dim': 112, 'edge_hidden_dim': 35, 'depth': 1, 'rep_dropout': 0.1291869151668683, 'train_learning_rate': 0.0004529442545614091, 'train_lr_reduce': 0.6}. Best is trial 269 with value: 0.32603323459625244.
[I 2024-12-19 23:53:01,075] Trial 328 finished with value: 0.3744141161441803 and parameters: {'mlp_n_layers': 4, 'mlp_dim_00': 449, 'mlp_dim_01': 374, 'mlp_dim_02': 327, 'mlp_dim_03': 227, 'node_hidden_dim': 117, 'edge_hidden_dim': 40, 'depth': 1, 'rep_dropout': 0.07724298247938044, 'train_learning_rate': 0.001413313761551565, 'train_lr_reduce': 0.6}. Best is trial 269 with value: 0.32603323459625244.
[I 2024-12-19 23:53:04,482] Trial 336 finished with value: 1.5226926803588867 and parameters: {'mlp_n_layers': 3, 'mlp_dim_00': 158, 'mlp_dim_01': 376, 'mlp_dim_02': 173, 'node_hidden_dim': 127, 'edge_hidden_dim': 71, 'depth': 1, 'rep_dropout': 0.06758830572157151, 'train_learning_rate': 0.0011165724777748474, 'train_lr_reduce': 0.6}. Best is trial 269 with value: 0.32603323459625244.
[I 2024-12-19 23:53:06,491] Trial 331 finished with value: 0.4220254719257355 and parameters: {'mlp_n_layers': 4, 'mlp_dim_00': 240, 'mlp_dim_01': 331, 'mlp_dim_02': 139, 'mlp_dim_03': 351, 'node_hidden_dim': 55, 'edge_hidden_dim': 40, 'depth': 1, 'rep_dropout': 0.011614765157326842, 'train_learning_rate': 0.003480772517384934, 'train_lr_reduce': 0.6}. Best is trial 269 with value: 0.32603323459625244.
[I 2024-12-19 23:53:10,175] Trial 338 finished with value: 1.40437650680542 and parameters: {'mlp_n_layers': 4, 'mlp_dim_00': 207, 'mlp_dim_01': 347, 'mlp_dim_02': 169, 'mlp_dim_03': 383, 'node_hidden_dim': 69, 'edge_hidden_dim': 50, 'depth': 1, 'rep_dropout': 0.0028508431814760517, 'train_learning_rate': 0.006232890308057716, 'train_lr_reduce': 0.6}. Best is trial 269 with value: 0.32603323459625244.
[I 2024-12-19 23:53:13,491] Trial 339 finished with value: 1.5350338220596313 and parameters: {'mlp_n_layers': 4, 'mlp_dim_00': 257, 'mlp_dim_01': 403, 'mlp_dim_02': 208, 'mlp_dim_03': 310, 'node_hidden_dim': 116, 'edge_hidden_dim': 40, 'depth': 1, 'rep_dropout': 0.10829104253708291, 'train_learning_rate': 0.001557464488678843, 'train_lr_reduce': 0.6}. Best is trial 269 with value: 0.32603323459625244.
[I 2024-12-19 23:53:13,623] Trial 337 finished with value: 0.4700223505496979 and parameters: {'mlp_n_layers': 4, 'mlp_dim_00': 211, 'mlp_dim_01': 275, 'mlp_dim_02': 201, 'mlp_dim_03': 316, 'node_hidden_dim': 126, 'edge_hidden_dim': 34, 'depth': 1, 'rep_dropout': 0.07267215594772722, 'train_learning_rate': 0.0026436188471165955, 'train_lr_reduce': 0.6}. Best is trial 269 with value: 0.32603323459625244.
[I 2024-12-19 23:53:16,889] Trial 340 finished with value: 1.2835309505462646 and parameters: {'mlp_n_layers': 4, 'mlp_dim_00': 504, 'mlp_dim_01': 321, 'mlp_dim_02': 224, 'mlp_dim_03': 509, 'node_hidden_dim': 52, 'edge_hidden_dim': 41, 'depth': 1, 'rep_dropout': 0.008085082152821704, 'train_learning_rate': 0.0063896391860458895, 'train_lr_reduce': 0.6}. Best is trial 269 with value: 0.32603323459625244.
[I 2024-12-19 23:53:16,939] Trial 341 finished with value: 1.3644490242004395 and parameters: {'mlp_n_layers': 1, 'mlp_dim_00': 106, 'node_hidden_dim': 117, 'edge_hidden_dim': 89, 'depth': 1, 'rep_dropout': 0.09976727672199716, 'train_learning_rate': 0.0013681237305411998, 'train_lr_reduce': 0.6}. Best is trial 269 with value: 0.32603323459625244.
[I 2024-12-19 23:53:20,913] Trial 343 finished with value: 1.52797269821167 and parameters: {'mlp_n_layers': 4, 'mlp_dim_00': 228, 'mlp_dim_01': 383, 'mlp_dim_02': 253, 'mlp_dim_03': 347, 'node_hidden_dim': 78, 'edge_hidden_dim': 45, 'depth': 1, 'rep_dropout': 0.04050973840207954, 'train_learning_rate': 0.0023286423027973277, 'train_lr_reduce': 0.6}. Best is trial 269 with value: 0.32603323459625244.
[I 2024-12-19 23:53:21,372] Trial 342 finished with value: 1.5137211084365845 and parameters: {'mlp_n_layers': 4, 'mlp_dim_00': 447, 'mlp_dim_01': 270, 'mlp_dim_02': 151, 'mlp_dim_03': 280, 'node_hidden_dim': 96, 'edge_hidden_dim': 58, 'depth': 1, 'rep_dropout': 0.08871253710625472, 'train_learning_rate': 0.009436793013966334, 'train_lr_reduce': 0.6}. Best is trial 269 with value: 0.32603323459625244.
[I 2024-12-19 23:53:24,553] Trial 344 finished with value: 1.5815539360046387 and parameters: {'mlp_n_layers': 3, 'mlp_dim_00': 336, 'mlp_dim_01': 355, 'mlp_dim_02': 205, 'node_hidden_dim': 54, 'edge_hidden_dim': 124, 'depth': 3, 'rep_dropout': 0.14159779013240878, 'train_learning_rate': 0.0002465414182136624, 'train_lr_reduce': 0.6}. Best is trial 269 with value: 0.32603323459625244.
[I 2024-12-19 23:53:26,535] Trial 335 finished with value: 0.3691958487033844 and parameters: {'mlp_n_layers': 4, 'mlp_dim_00': 400, 'mlp_dim_01': 296, 'mlp_dim_02': 180, 'mlp_dim_03': 351, 'node_hidden_dim': 106, 'edge_hidden_dim': 37, 'depth': 1, 'rep_dropout': 0.09093895458932053, 'train_learning_rate': 0.0004932877588831059, 'train_lr_reduce': 0.6}. Best is trial 269 with value: 0.32603323459625244.
[I 2024-12-19 23:53:33,383] Trial 347 finished with value: 1.3482073545455933 and parameters: {'mlp_n_layers': 4, 'mlp_dim_00': 114, 'mlp_dim_01': 232, 'mlp_dim_02': 220, 'mlp_dim_03': 255, 'node_hidden_dim': 83, 'edge_hidden_dim': 62, 'depth': 2, 'rep_dropout': 0.000955183806399822, 'train_learning_rate': 0.0015321448559216927, 'train_lr_reduce': 0.6}. Best is trial 269 with value: 0.32603323459625244.
[I 2024-12-19 23:53:35,526] Trial 346 finished with value: 0.40456926822662354 and parameters: {'mlp_n_layers': 4, 'mlp_dim_00': 302, 'mlp_dim_01': 395, 'mlp_dim_02': 369, 'mlp_dim_03': 268, 'node_hidden_dim': 66, 'edge_hidden_dim': 41, 'depth': 1, 'rep_dropout': 0.01664375854718686, 'train_learning_rate': 0.004455374838716249, 'train_lr_reduce': 0.6}. Best is trial 269 with value: 0.32603323459625244.
[I 2024-12-19 23:53:36,955] Trial 348 finished with value: 1.5184440612792969 and parameters: {'mlp_n_layers': 1, 'mlp_dim_00': 345, 'node_hidden_dim': 34, 'edge_hidden_dim': 73, 'depth': 2, 'rep_dropout': 0.1342206937273355, 'train_learning_rate': 0.0001839810925739187, 'train_lr_reduce': 0.6}. Best is trial 269 with value: 0.32603323459625244.
[I 2024-12-19 23:53:38,746] Trial 349 finished with value: 1.5774967670440674 and parameters: {'mlp_n_layers': 1, 'mlp_dim_00': 303, 'node_hidden_dim': 48, 'edge_hidden_dim': 39, 'depth': 3, 'rep_dropout': 0.0226362637160561, 'train_learning_rate': 0.00030164317844930165, 'train_lr_reduce': 0.6}. Best is trial 269 with value: 0.32603323459625244.
[I 2024-12-19 23:53:39,159] Trial 345 finished with value: 0.3599794805049896 and parameters: {'mlp_n_layers': 4, 'mlp_dim_00': 333, 'mlp_dim_01': 278, 'mlp_dim_02': 263, 'mlp_dim_03': 384, 'node_hidden_dim': 96, 'edge_hidden_dim': 56, 'depth': 1, 'rep_dropout': 0.09284613939476236, 'train_learning_rate': 0.0005761369568537789, 'train_lr_reduce': 0.6}. Best is trial 269 with value: 0.32603323459625244.
[I 2024-12-19 23:53:40,013] Trial 350 finished with value: 1.3189139366149902 and parameters: {'mlp_n_layers': 2, 'mlp_dim_00': 291, 'mlp_dim_01': 332, 'node_hidden_dim': 127, 'edge_hidden_dim': 48, 'depth': 1, 'rep_dropout': 0.02842095829645639, 'train_learning_rate': 0.004997736917683592, 'train_lr_reduce': 0.6}. Best is trial 269 with value: 0.32603323459625244.
[I 2024-12-19 23:53:42,268] Trial 352 finished with value: 1.5170021057128906 and parameters: {'mlp_n_layers': 3, 'mlp_dim_00': 472, 'mlp_dim_01': 288, 'mlp_dim_02': 276, 'node_hidden_dim': 115, 'edge_hidden_dim': 65, 'depth': 1, 'rep_dropout': 0.023607140800016996, 'train_learning_rate': 0.0020918169463544894, 'train_lr_reduce': 0.6}. Best is trial 269 with value: 0.32603323459625244.
[I 2024-12-19 23:53:43,307] Trial 353 finished with value: 1.5700660943984985 and parameters: {'mlp_n_layers': 3, 'mlp_dim_00': 364, 'mlp_dim_01': 230, 'mlp_dim_02': 180, 'node_hidden_dim': 85, 'edge_hidden_dim': 77, 'depth': 1, 'rep_dropout': 0.05240310457779242, 'train_learning_rate': 0.0008089847050130165, 'train_lr_reduce': 0.6}. Best is trial 269 with value: 0.32603323459625244.
[I 2024-12-19 23:53:46,761] Trial 355 finished with value: 1.552005410194397 and parameters: {'mlp_n_layers': 3, 'mlp_dim_00': 379, 'mlp_dim_01': 456, 'mlp_dim_02': 417, 'node_hidden_dim': 127, 'edge_hidden_dim': 48, 'depth': 1, 'rep_dropout': 0.0736357719663314, 'train_learning_rate': 0.0005390121286404674, 'train_lr_reduce': 0.6}. Best is trial 269 with value: 0.32603323459625244.
[I 2024-12-19 23:53:50,243] Trial 354 finished with value: 1.33096182346344 and parameters: {'mlp_n_layers': 4, 'mlp_dim_00': 160, 'mlp_dim_01': 374, 'mlp_dim_02': 248, 'mlp_dim_03': 318, 'node_hidden_dim': 39, 'edge_hidden_dim': 45, 'depth': 4, 'rep_dropout': 0.008492891921636464, 'train_learning_rate': 0.005502265489520745, 'train_lr_reduce': 0.6}. Best is trial 269 with value: 0.32603323459625244.
[I 2024-12-19 23:53:50,283] Trial 356 finished with value: 1.2992000579833984 and parameters: {'mlp_n_layers': 1, 'mlp_dim_00': 365, 'node_hidden_dim': 112, 'edge_hidden_dim': 95, 'depth': 3, 'rep_dropout': 0.06126160815776703, 'train_learning_rate': 0.0066011584677113135, 'train_lr_reduce': 0.6}. Best is trial 269 with value: 0.32603323459625244.
[I 2024-12-19 23:53:52,190] Trial 351 finished with value: 0.3761129677295685 and parameters: {'mlp_n_layers': 4, 'mlp_dim_00': 121, 'mlp_dim_01': 424, 'mlp_dim_02': 121, 'mlp_dim_03': 404, 'node_hidden_dim': 94, 'edge_hidden_dim': 108, 'depth': 1, 'rep_dropout': 0.10131314813993184, 'train_learning_rate': 0.0006381362420981298, 'train_lr_reduce': 0.6}. Best is trial 269 with value: 0.32603323459625244.
[I 2024-12-19 23:54:06,054] Trial 358 finished with value: 0.373812198638916 and parameters: {'mlp_n_layers': 4, 'mlp_dim_00': 416, 'mlp_dim_01': 217, 'mlp_dim_02': 226, 'mlp_dim_03': 255, 'node_hidden_dim': 98, 'edge_hidden_dim': 60, 'depth': 1, 'rep_dropout': 0.07217787468617297, 'train_learning_rate': 0.0009286088236472094, 'train_lr_reduce': 0.6}. Best is trial 269 with value: 0.32603323459625244.
[I 2024-12-19 23:54:07,359] Trial 357 finished with value: 0.367748886346817 and parameters: {'mlp_n_layers': 3, 'mlp_dim_00': 218, 'mlp_dim_01': 320, 'mlp_dim_02': 283, 'node_hidden_dim': 120, 'edge_hidden_dim': 46, 'depth': 1, 'rep_dropout': 0.09782286979598606, 'train_learning_rate': 0.0006599231167149733, 'train_lr_reduce': 0.6}. Best is trial 269 with value: 0.32603323459625244.
[I 2024-12-19 23:54:08,860] Trial 359 finished with value: 0.4134635031223297 and parameters: {'mlp_n_layers': 4, 'mlp_dim_00': 252, 'mlp_dim_01': 274, 'mlp_dim_02': 173, 'mlp_dim_03': 400, 'node_hidden_dim': 105, 'edge_hidden_dim': 61, 'depth': 1, 'rep_dropout': 0.059351384531457635, 'train_learning_rate': 0.0010278591590758186, 'train_lr_reduce': 0.6}. Best is trial 269 with value: 0.32603323459625244.
[I 2024-12-19 23:54:09,275] Trial 360 finished with value: 1.47202467918396 and parameters: {'mlp_n_layers': 3, 'mlp_dim_00': 312, 'mlp_dim_01': 362, 'mlp_dim_02': 314, 'node_hidden_dim': 44, 'edge_hidden_dim': 32, 'depth': 1, 'rep_dropout': 0.007004287915330837, 'train_learning_rate': 0.0032856787759772237, 'train_lr_reduce': 0.6}. Best is trial 269 with value: 0.32603323459625244.
[I 2024-12-19 23:54:10,471] Trial 361 finished with value: 1.5731920003890991 and parameters: {'mlp_n_layers': 1, 'mlp_dim_00': 389, 'node_hidden_dim': 128, 'edge_hidden_dim': 57, 'depth': 4, 'rep_dropout': 0.09768873170957273, 'train_learning_rate': 0.00015093143706016013, 'train_lr_reduce': 0.6}. Best is trial 269 with value: 0.32603323459625244.
[I 2024-12-19 23:54:12,178] Trial 362 finished with value: 1.5732637643814087 and parameters: {'mlp_n_layers': 3, 'mlp_dim_00': 178, 'mlp_dim_01': 200, 'mlp_dim_02': 233, 'node_hidden_dim': 56, 'edge_hidden_dim': 57, 'depth': 1, 'rep_dropout': 0.00911493090878708, 'train_learning_rate': 0.0012726138447479163, 'train_lr_reduce': 0.6}. Best is trial 269 with value: 0.32603323459625244.
[I 2024-12-19 23:54:13,976] Trial 364 finished with value: 1.3206424713134766 and parameters: {'mlp_n_layers': 4, 'mlp_dim_00': 440, 'mlp_dim_01': 296, 'mlp_dim_02': 275, 'mlp_dim_03': 307, 'node_hidden_dim': 49, 'edge_hidden_dim': 54, 'depth': 1, 'rep_dropout': 0.07482537360508436, 'train_learning_rate': 0.009892387501156957, 'train_lr_reduce': 0.6}. Best is trial 269 with value: 0.32603323459625244.
[I 2024-12-19 23:54:19,059] Trial 363 finished with value: 0.4978286921977997 and parameters: {'mlp_n_layers': 2, 'mlp_dim_00': 422, 'mlp_dim_01': 423, 'node_hidden_dim': 109, 'edge_hidden_dim': 39, 'depth': 1, 'rep_dropout': 0.022854235498696186, 'train_learning_rate': 0.00338683494957066, 'train_lr_reduce': 0.6}. Best is trial 269 with value: 0.32603323459625244.
[I 2024-12-19 23:54:23,257] Trial 367 finished with value: 1.55153489112854 and parameters: {'mlp_n_layers': 3, 'mlp_dim_00': 418, 'mlp_dim_01': 175, 'mlp_dim_02': 261, 'node_hidden_dim': 41, 'edge_hidden_dim': 48, 'depth': 1, 'rep_dropout': 0.1415561786214965, 'train_learning_rate': 0.0014363750433609814, 'train_lr_reduce': 0.6}. Best is trial 269 with value: 0.32603323459625244.
[I 2024-12-19 23:54:26,637] Trial 368 finished with value: 1.5476889610290527 and parameters: {'mlp_n_layers': 4, 'mlp_dim_00': 197, 'mlp_dim_01': 393, 'mlp_dim_02': 102, 'mlp_dim_03': 354, 'node_hidden_dim': 111, 'edge_hidden_dim': 40, 'depth': 1, 'rep_dropout': 0.03212500362693381, 'train_learning_rate': 0.00026278274694408436, 'train_lr_reduce': 0.6}. Best is trial 269 with value: 0.32603323459625244.
[I 2024-12-19 23:54:27,042] Trial 366 finished with value: 0.428865522146225 and parameters: {'mlp_n_layers': 4, 'mlp_dim_00': 404, 'mlp_dim_01': 248, 'mlp_dim_02': 366, 'mlp_dim_03': 237, 'node_hidden_dim': 83, 'edge_hidden_dim': 57, 'depth': 1, 'rep_dropout': 0.03857741280947408, 'train_learning_rate': 0.0075305985177848795, 'train_lr_reduce': 0.6}. Best is trial 269 with value: 0.32603323459625244.
[I 2024-12-19 23:54:28,376] Trial 365 finished with value: 0.3685241937637329 and parameters: {'mlp_n_layers': 3, 'mlp_dim_00': 296, 'mlp_dim_01': 361, 'mlp_dim_02': 195, 'node_hidden_dim': 122, 'edge_hidden_dim': 70, 'depth': 1, 'rep_dropout': 0.057624669854880815, 'train_learning_rate': 0.000563203659112651, 'train_lr_reduce': 0.6}. Best is trial 269 with value: 0.32603323459625244.
[I 2024-12-19 23:54:39,366] Trial 370 finished with value: 0.3707415461540222 and parameters: {'mlp_n_layers': 4, 'mlp_dim_00': 363, 'mlp_dim_01': 271, 'mlp_dim_02': 307, 'mlp_dim_03': 447, 'node_hidden_dim': 76, 'edge_hidden_dim': 45, 'depth': 1, 'rep_dropout': 0.058493921241510594, 'train_learning_rate': 0.0009350855615346024, 'train_lr_reduce': 0.6}. Best is trial 269 with value: 0.32603323459625244.
[I 2024-12-19 23:54:40,290] Trial 371 finished with value: 0.46221500635147095 and parameters: {'mlp_n_layers': 4, 'mlp_dim_00': 295, 'mlp_dim_01': 211, 'mlp_dim_02': 158, 'mlp_dim_03': 233, 'node_hidden_dim': 123, 'edge_hidden_dim': 49, 'depth': 1, 'rep_dropout': 0.07605292233873877, 'train_learning_rate': 0.0008506821747470516, 'train_lr_reduce': 0.6}. Best is trial 269 with value: 0.32603323459625244.
[I 2024-12-19 23:54:45,203] Trial 369 finished with value: 0.352135568857193 and parameters: {'mlp_n_layers': 4, 'mlp_dim_00': 359, 'mlp_dim_01': 335, 'mlp_dim_02': 208, 'mlp_dim_03': 281, 'node_hidden_dim': 58, 'edge_hidden_dim': 42, 'depth': 1, 'rep_dropout': 0.006367297203138278, 'train_learning_rate': 0.002220049716190577, 'train_lr_reduce': 0.6}. Best is trial 269 with value: 0.32603323459625244.
[I 2024-12-19 23:54:46,994] Trial 372 finished with value: 1.3548810482025146 and parameters: {'mlp_n_layers': 4, 'mlp_dim_00': 380, 'mlp_dim_01': 379, 'mlp_dim_02': 251, 'mlp_dim_03': 308, 'node_hidden_dim': 128, 'edge_hidden_dim': 97, 'depth': 4, 'rep_dropout': 0.13127360696928334, 'train_learning_rate': 0.0004945111044661314, 'train_lr_reduce': 0.6}. Best is trial 269 with value: 0.32603323459625244.
[I 2024-12-19 23:54:54,167] Trial 373 finished with value: 0.3659505248069763 and parameters: {'mlp_n_layers': 3, 'mlp_dim_00': 242, 'mlp_dim_01': 123, 'mlp_dim_02': 314, 'node_hidden_dim': 51, 'edge_hidden_dim': 72, 'depth': 1, 'rep_dropout': 0.021082327072653374, 'train_learning_rate': 0.0062028433725029985, 'train_lr_reduce': 0.6}. Best is trial 269 with value: 0.32603323459625244.
[I 2024-12-19 23:54:57,452] Trial 376 finished with value: 1.2990299463272095 and parameters: {'mlp_n_layers': 2, 'mlp_dim_00': 365, 'mlp_dim_01': 362, 'node_hidden_dim': 116, 'edge_hidden_dim': 32, 'depth': 2, 'rep_dropout': 0.027761723105190438, 'train_learning_rate': 0.002764191981381568, 'train_lr_reduce': 0.6}. Best is trial 269 with value: 0.32603323459625244.
[I 2024-12-19 23:54:58,601] Trial 375 finished with value: 0.38269761204719543 and parameters: {'mlp_n_layers': 4, 'mlp_dim_00': 384, 'mlp_dim_01': 340, 'mlp_dim_02': 189, 'mlp_dim_03': 294, 'node_hidden_dim': 63, 'edge_hidden_dim': 39, 'depth': 1, 'rep_dropout': 0.005429790375916007, 'train_learning_rate': 0.0018786743376705008, 'train_lr_reduce': 0.6}. Best is trial 269 with value: 0.32603323459625244.
[I 2024-12-19 23:54:59,983] Trial 374 finished with value: 0.3968232572078705 and parameters: {'mlp_n_layers': 4, 'mlp_dim_00': 298, 'mlp_dim_01': 344, 'mlp_dim_02': 177, 'mlp_dim_03': 370, 'node_hidden_dim': 64, 'edge_hidden_dim': 50, 'depth': 1, 'rep_dropout': 0.009576437671689385, 'train_learning_rate': 0.003593758118684668, 'train_lr_reduce': 0.6}. Best is trial 269 with value: 0.32603323459625244.
[I 2024-12-19 23:55:01,696] Trial 377 finished with value: 1.5217359066009521 and parameters: {'mlp_n_layers': 2, 'mlp_dim_00': 429, 'mlp_dim_01': 405, 'node_hidden_dim': 83, 'edge_hidden_dim': 53, 'depth': 4, 'rep_dropout': 0.03563774202246677, 'train_learning_rate': 0.0007049113243156296, 'train_lr_reduce': 0.6}. Best is trial 269 with value: 0.32603323459625244.
[I 2024-12-19 23:55:01,908] Trial 378 finished with value: 1.5300112962722778 and parameters: {'mlp_n_layers': 2, 'mlp_dim_00': 308, 'mlp_dim_01': 352, 'node_hidden_dim': 101, 'edge_hidden_dim': 33, 'depth': 1, 'rep_dropout': 0.0172749115061732, 'train_learning_rate': 0.0007840605970818722, 'train_lr_reduce': 0.6}. Best is trial 269 with value: 0.32603323459625244.
[I 2024-12-19 23:55:05,970] Trial 381 finished with value: 1.5440987348556519 and parameters: {'mlp_n_layers': 3, 'mlp_dim_00': 315, 'mlp_dim_01': 163, 'mlp_dim_02': 208, 'node_hidden_dim': 107, 'edge_hidden_dim': 49, 'depth': 2, 'rep_dropout': 0.11450061619556176, 'train_learning_rate': 0.001091688216300571, 'train_lr_reduce': 0.6}. Best is trial 269 with value: 0.32603323459625244.
[I 2024-12-19 23:55:08,966] Trial 380 finished with value: 1.3490992784500122 and parameters: {'mlp_n_layers': 3, 'mlp_dim_00': 453, 'mlp_dim_01': 422, 'mlp_dim_02': 149, 'node_hidden_dim': 114, 'edge_hidden_dim': 71, 'depth': 4, 'rep_dropout': 0.0019102528276139785, 'train_learning_rate': 0.0027332826489985074, 'train_lr_reduce': 0.6}. Best is trial 269 with value: 0.32603323459625244.
[I 2024-12-19 23:55:11,416] Trial 379 finished with value: 0.4746496379375458 and parameters: {'mlp_n_layers': 4, 'mlp_dim_00': 395, 'mlp_dim_01': 322, 'mlp_dim_02': 207, 'mlp_dim_03': 71, 'node_hidden_dim': 104, 'edge_hidden_dim': 90, 'depth': 1, 'rep_dropout': 0.041147834116400814, 'train_learning_rate': 0.003181211950061666, 'train_lr_reduce': 0.6}. Best is trial 269 with value: 0.32603323459625244.
[I 2024-12-19 23:55:13,021] Trial 383 finished with value: 1.5656753778457642 and parameters: {'mlp_n_layers': 4, 'mlp_dim_00': 226, 'mlp_dim_01': 386, 'mlp_dim_02': 150, 'mlp_dim_03': 419, 'node_hidden_dim': 43, 'edge_hidden_dim': 39, 'depth': 3, 'rep_dropout': 0.13035739949788394, 'train_learning_rate': 0.0013301305087274225, 'train_lr_reduce': 0.6}. Best is trial 269 with value: 0.32603323459625244.
[I 2024-12-19 23:55:17,248] Trial 384 finished with value: 1.261118769645691 and parameters: {'mlp_n_layers': 4, 'mlp_dim_00': 330, 'mlp_dim_01': 203, 'mlp_dim_02': 395, 'mlp_dim_03': 303, 'node_hidden_dim': 107, 'edge_hidden_dim': 80, 'depth': 2, 'rep_dropout': 0.06022569012299618, 'train_learning_rate': 0.0025562937273774966, 'train_lr_reduce': 0.6}. Best is trial 269 with value: 0.32603323459625244.
[I 2024-12-19 23:55:24,541] Trial 382 finished with value: 0.3400001525878906 and parameters: {'mlp_n_layers': 3, 'mlp_dim_00': 326, 'mlp_dim_01': 329, 'mlp_dim_02': 206, 'node_hidden_dim': 108, 'edge_hidden_dim': 60, 'depth': 1, 'rep_dropout': 0.013461286432549718, 'train_learning_rate': 0.0010769216912187409, 'train_lr_reduce': 0.6}. Best is trial 269 with value: 0.32603323459625244.
[I 2024-12-19 23:55:28,646] Trial 387 finished with value: 1.5846410989761353 and parameters: {'mlp_n_layers': 4, 'mlp_dim_00': 325, 'mlp_dim_01': 322, 'mlp_dim_02': 228, 'mlp_dim_03': 266, 'node_hidden_dim': 52, 'edge_hidden_dim': 46, 'depth': 3, 'rep_dropout': 0.14898064638933822, 'train_learning_rate': 0.00019872746726527543, 'train_lr_reduce': 0.6}. Best is trial 269 with value: 0.32603323459625244.
[I 2024-12-19 23:55:32,559] Trial 388 finished with value: 1.574236512184143 and parameters: {'mlp_n_layers': 4, 'mlp_dim_00': 504, 'mlp_dim_01': 324, 'mlp_dim_02': 212, 'mlp_dim_03': 202, 'node_hidden_dim': 120, 'edge_hidden_dim': 84, 'depth': 1, 'rep_dropout': 0.01529015535063729, 'train_learning_rate': 0.0005323155876831681, 'train_lr_reduce': 0.6}. Best is trial 269 with value: 0.32603323459625244.
[I 2024-12-19 23:55:32,696] Trial 385 finished with value: 0.4406944811344147 and parameters: {'mlp_n_layers': 3, 'mlp_dim_00': 184, 'mlp_dim_01': 325, 'mlp_dim_02': 460, 'node_hidden_dim': 119, 'edge_hidden_dim': 61, 'depth': 1, 'rep_dropout': 0.14331266591162958, 'train_learning_rate': 0.00045560423543460445, 'train_lr_reduce': 0.6}. Best is trial 269 with value: 0.32603323459625244.
