[I 2024-12-26 10:52:08,202] Trial 2474 finished with value: 0.0780453085899353 and parameters: {'L1_hidden_dim': 96, 'L1_layers_atom': 4, 'L1_layers_mol': 4, 'L1_dropout': 0.17155642057082007, 'L1_out_dim': 32, 'L2_hidden_dim': 112, 'L2_layers_atom': 2, 'L2_layers_mol': 4, 'L2_out_dim': 48, 'L2_dropout': 0.08267762057576322, 'L3_hidden_dim': 128, 'L3_layers_atom': 4, 'L3_layers_mol': 1, 'L3_out_dim': 32, 'L3_dropout': 0.11383798603750667, 'n_mlp_layers': 3, 'mlp_dim_0': 208, 'mlp_dim_1': 416, 'mlp_dim_2': 152, 'num_heads': 1, 'final_dropout': 0.02533491340263775, 'train_learning_rate': 0.0005305492506049938, 'train_lr_reduce': 0.6}. Best is trial 1286 with value: 0.03935658559203148.
[I 2024-12-26 10:52:23,509] Trial 2475 finished with value: 0.10744660347700119 and parameters: {'L1_hidden_dim': 192, 'L1_layers_atom': 1, 'L1_layers_mol': 4, 'L1_dropout': 0.07463186433218953, 'L1_out_dim': 128, 'L2_hidden_dim': 112, 'L2_layers_atom': 1, 'L2_layers_mol': 1, 'L2_out_dim': 112, 'L2_dropout': 0.11053667312529045, 'L3_hidden_dim': 112, 'L3_layers_atom': 4, 'L3_layers_mol': 2, 'L3_out_dim': 32, 'L3_dropout': 0.011394824906146156, 'n_mlp_layers': 2, 'mlp_dim_0': 440, 'mlp_dim_1': 240, 'num_heads': 2, 'final_dropout': 0.0007243335003176421, 'train_learning_rate': 0.0003428977925023454, 'train_lr_reduce': 0.6}. Best is trial 1286 with value: 0.03935658559203148.
[I 2024-12-26 10:52:40,075] Trial 2476 finished with value: 0.09368771314620972 and parameters: {'L1_hidden_dim': 128, 'L1_layers_atom': 1, 'L1_layers_mol': 4, 'L1_dropout': 0.20003188636620892, 'L1_out_dim': 64, 'L2_hidden_dim': 144, 'L2_layers_atom': 2, 'L2_layers_mol': 2, 'L2_out_dim': 128, 'L2_dropout': 0.0024130273626273326, 'L3_hidden_dim': 128, 'L3_layers_atom': 2, 'L3_layers_mol': 1, 'L3_out_dim': 128, 'L3_dropout': 0.05645231139205631, 'n_mlp_layers': 2, 'mlp_dim_0': 320, 'mlp_dim_1': 448, 'num_heads': 1, 'final_dropout': 0.015609238189690067, 'train_learning_rate': 0.001003131837397845, 'train_lr_reduce': 0.6}. Best is trial 1286 with value: 0.03935658559203148.
[I 2024-12-26 10:53:25,771] Trial 2478 finished with value: 0.08221999555826187 and parameters: {'L1_hidden_dim': 96, 'L1_layers_atom': 4, 'L1_layers_mol': 4, 'L1_dropout': 0.20116457640484506, 'L1_out_dim': 112, 'L2_hidden_dim': 224, 'L2_layers_atom': 2, 'L2_layers_mol': 1, 'L2_out_dim': 96, 'L2_dropout': 0.04928797719532853, 'L3_hidden_dim': 128, 'L3_layers_atom': 3, 'L3_layers_mol': 2, 'L3_out_dim': 64, 'L3_dropout': 0.1601433775397619, 'n_mlp_layers': 2, 'mlp_dim_0': 80, 'mlp_dim_1': 296, 'num_heads': 1, 'final_dropout': 0.13363409096857506, 'train_learning_rate': 0.002250813899131219, 'train_lr_reduce': 0.6}. Best is trial 1286 with value: 0.03935658559203148.
[I 2024-12-26 10:53:31,904] Trial 2477 finished with value: 0.07775045931339264 and parameters: {'L1_hidden_dim': 64, 'L1_layers_atom': 4, 'L1_layers_mol': 2, 'L1_dropout': 0.1821715427314911, 'L1_out_dim': 32, 'L2_hidden_dim': 144, 'L2_layers_atom': 4, 'L2_layers_mol': 3, 'L2_out_dim': 32, 'L2_dropout': 0.01813316047928812, 'L3_hidden_dim': 96, 'L3_layers_atom': 2, 'L3_layers_mol': 2, 'L3_out_dim': 64, 'L3_dropout': 0.2456232334384255, 'n_mlp_layers': 2, 'mlp_dim_0': 136, 'mlp_dim_1': 376, 'num_heads': 1, 'final_dropout': 0.034432073300616796, 'train_learning_rate': 0.0019349103177583376, 'train_lr_reduce': 0.6}. Best is trial 1286 with value: 0.03935658559203148.
[I 2024-12-26 10:53:43,738] Trial 2480 finished with value: 1.1426023244857788 and parameters: {'L1_hidden_dim': 80, 'L1_layers_atom': 4, 'L1_layers_mol': 4, 'L1_dropout': 0.2631997088194499, 'L1_out_dim': 96, 'L2_hidden_dim': 224, 'L2_layers_atom': 3, 'L2_layers_mol': 2, 'L2_out_dim': 32, 'L2_dropout': 0.07699872060079195, 'L3_hidden_dim': 64, 'L3_layers_atom': 4, 'L3_layers_mol': 1, 'L3_out_dim': 48, 'L3_dropout': 0.048020103644329064, 'n_mlp_layers': 3, 'mlp_dim_0': 384, 'mlp_dim_1': 416, 'mlp_dim_2': 224, 'num_heads': 1, 'final_dropout': 0.2232713244036551, 'train_learning_rate': 0.0005093610833623011, 'train_lr_reduce': 0.6}. Best is trial 1286 with value: 0.03935658559203148.
[I 2024-12-26 10:53:52,172] Trial 2479 finished with value: 0.08659770339727402 and parameters: {'L1_hidden_dim': 112, 'L1_layers_atom': 1, 'L1_layers_mol': 3, 'L1_dropout': 0.27938810747477566, 'L1_out_dim': 128, 'L2_hidden_dim': 208, 'L2_layers_atom': 1, 'L2_layers_mol': 4, 'L2_out_dim': 112, 'L2_dropout': 0.0036623676656155346, 'L3_hidden_dim': 48, 'L3_layers_atom': 3, 'L3_layers_mol': 2, 'L3_out_dim': 112, 'L3_dropout': 0.14440460362338453, 'n_mlp_layers': 1, 'mlp_dim_0': 32, 'num_heads': 1, 'final_dropout': 0.1117502821114038, 'train_learning_rate': 0.001020354936140135, 'train_lr_reduce': 0.6}. Best is trial 1286 with value: 0.03935658559203148.
[I 2024-12-26 10:54:47,406] Trial 2481 finished with value: 0.09548818320035934 and parameters: {'L1_hidden_dim': 128, 'L1_layers_atom': 2, 'L1_layers_mol': 4, 'L1_dropout': 0.2466743386396854, 'L1_out_dim': 112, 'L2_hidden_dim': 192, 'L2_layers_atom': 3, 'L2_layers_mol': 1, 'L2_out_dim': 48, 'L2_dropout': 0.18974831238698625, 'L3_hidden_dim': 128, 'L3_layers_atom': 3, 'L3_layers_mol': 1, 'L3_out_dim': 48, 'L3_dropout': 0.13147190555362176, 'n_mlp_layers': 3, 'mlp_dim_0': 56, 'mlp_dim_1': 480, 'mlp_dim_2': 152, 'num_heads': 1, 'final_dropout': 0.2978830355779912, 'train_learning_rate': 0.002621727129069119, 'train_lr_reduce': 0.6}. Best is trial 1286 with value: 0.03935658559203148.
[I 2024-12-26 10:54:53,082] Trial 2482 finished with value: 0.11705781519412994 and parameters: {'L1_hidden_dim': 112, 'L1_layers_atom': 4, 'L1_layers_mol': 4, 'L1_dropout': 0.1551407811083066, 'L1_out_dim': 112, 'L2_hidden_dim': 144, 'L2_layers_atom': 1, 'L2_layers_mol': 1, 'L2_out_dim': 80, 'L2_dropout': 0.031381078067303336, 'L3_hidden_dim': 96, 'L3_layers_atom': 4, 'L3_layers_mol': 1, 'L3_out_dim': 32, 'L3_dropout': 0.2834819963744327, 'n_mlp_layers': 2, 'mlp_dim_0': 144, 'mlp_dim_1': 344, 'num_heads': 1, 'final_dropout': 0.17012580669382188, 'train_learning_rate': 0.005199788579972613, 'train_lr_reduce': 0.6}. Best is trial 1286 with value: 0.03935658559203148.
[I 2024-12-26 10:55:04,457] Trial 2483 finished with value: 0.09041120111942291 and parameters: {'L1_hidden_dim': 80, 'L1_layers_atom': 4, 'L1_layers_mol': 4, 'L1_dropout': 0.20066160598783925, 'L1_out_dim': 128, 'L2_hidden_dim': 96, 'L2_layers_atom': 1, 'L2_layers_mol': 2, 'L2_out_dim': 96, 'L2_dropout': 0.008734055797611523, 'L3_hidden_dim': 128, 'L3_layers_atom': 4, 'L3_layers_mol': 1, 'L3_out_dim': 48, 'L3_dropout': 0.12160653544135103, 'n_mlp_layers': 2, 'mlp_dim_0': 272, 'mlp_dim_1': 512, 'num_heads': 1, 'final_dropout': 0.062105830703062886, 'train_learning_rate': 0.00119909618494958, 'train_lr_reduce': 0.6}. Best is trial 1286 with value: 0.03935658559203148.
[I 2024-12-26 10:56:14,019] Trial 2484 finished with value: 0.08131742477416992 and parameters: {'L1_hidden_dim': 208, 'L1_layers_atom': 4, 'L1_layers_mol': 2, 'L1_dropout': 0.1651438538601554, 'L1_out_dim': 64, 'L2_hidden_dim': 192, 'L2_layers_atom': 1, 'L2_layers_mol': 1, 'L2_out_dim': 80, 'L2_dropout': 0.02599601230197085, 'L3_hidden_dim': 64, 'L3_layers_atom': 2, 'L3_layers_mol': 4, 'L3_out_dim': 64, 'L3_dropout': 0.04847297646383519, 'n_mlp_layers': 2, 'mlp_dim_0': 328, 'mlp_dim_1': 416, 'num_heads': 1, 'final_dropout': 0.14654017381750473, 'train_learning_rate': 0.00014644041708375982, 'train_lr_reduce': 0.6}. Best is trial 1286 with value: 0.03935658559203148.
[I 2024-12-26 10:56:22,170] Trial 2486 finished with value: 0.08160188794136047 and parameters: {'L1_hidden_dim': 112, 'L1_layers_atom': 2, 'L1_layers_mol': 2, 'L1_dropout': 0.23302705187909228, 'L1_out_dim': 128, 'L2_hidden_dim': 256, 'L2_layers_atom': 1, 'L2_layers_mol': 4, 'L2_out_dim': 128, 'L2_dropout': 0.0169754263169917, 'L3_hidden_dim': 96, 'L3_layers_atom': 4, 'L3_layers_mol': 2, 'L3_out_dim': 64, 'L3_dropout': 0.25501180606619256, 'n_mlp_layers': 3, 'mlp_dim_0': 328, 'mlp_dim_1': 360, 'mlp_dim_2': 136, 'num_heads': 1, 'final_dropout': 0.08013762564584899, 'train_learning_rate': 0.0021028125952182964, 'train_lr_reduce': 0.6}. Best is trial 1286 with value: 0.03935658559203148.
[I 2024-12-26 10:56:29,904] Trial 2485 finished with value: 0.0745420902967453 and parameters: {'L1_hidden_dim': 144, 'L1_layers_atom': 4, 'L1_layers_mol': 1, 'L1_dropout': 0.18037220531997, 'L1_out_dim': 48, 'L2_hidden_dim': 144, 'L2_layers_atom': 4, 'L2_layers_mol': 1, 'L2_out_dim': 80, 'L2_dropout': 0.052571570829146166, 'L3_hidden_dim': 80, 'L3_layers_atom': 4, 'L3_layers_mol': 3, 'L3_out_dim': 80, 'L3_dropout': 0.134842300485175, 'n_mlp_layers': 3, 'mlp_dim_0': 240, 'mlp_dim_1': 456, 'mlp_dim_2': 312, 'num_heads': 1, 'final_dropout': 0.17775250407909415, 'train_learning_rate': 0.0004245881964527133, 'train_lr_reduce': 0.6}. Best is trial 1286 with value: 0.03935658559203148.
[I 2024-12-26 10:57:36,208] Trial 2488 finished with value: 0.12320411205291748 and parameters: {'L1_hidden_dim': 192, 'L1_layers_atom': 1, 'L1_layers_mol': 2, 'L1_dropout': 0.06089024355855538, 'L1_out_dim': 64, 'L2_hidden_dim': 144, 'L2_layers_atom': 4, 'L2_layers_mol': 4, 'L2_out_dim': 32, 'L2_dropout': 0.25590722305248004, 'L3_hidden_dim': 96, 'L3_layers_atom': 3, 'L3_layers_mol': 2, 'L3_out_dim': 80, 'L3_dropout': 0.0715523802636351, 'n_mlp_layers': 3, 'mlp_dim_0': 112, 'mlp_dim_1': 288, 'mlp_dim_2': 192, 'num_heads': 2, 'final_dropout': 0.20848276033177976, 'train_learning_rate': 0.0026488758780270397, 'train_lr_reduce': 0.6}. Best is trial 1286 with value: 0.03935658559203148.
[I 2024-12-26 10:57:45,993] Trial 2489 finished with value: 0.09896804392337799 and parameters: {'L1_hidden_dim': 128, 'L1_layers_atom': 2, 'L1_layers_mol': 4, 'L1_dropout': 0.25238897286095396, 'L1_out_dim': 128, 'L2_hidden_dim': 144, 'L2_layers_atom': 2, 'L2_layers_mol': 2, 'L2_out_dim': 96, 'L2_dropout': 0.04007286750736716, 'L3_hidden_dim': 128, 'L3_layers_atom': 4, 'L3_layers_mol': 3, 'L3_out_dim': 96, 'L3_dropout': 0.28704281713239527, 'n_mlp_layers': 2, 'mlp_dim_0': 120, 'mlp_dim_1': 400, 'num_heads': 2, 'final_dropout': 0.05026339061895477, 'train_learning_rate': 0.005381661708485571, 'train_lr_reduce': 0.6}. Best is trial 1286 with value: 0.03935658559203148.
[I 2024-12-26 10:57:48,530] Trial 2487 finished with value: 0.11223012953996658 and parameters: {'L1_hidden_dim': 112, 'L1_layers_atom': 4, 'L1_layers_mol': 3, 'L1_dropout': 0.20020607631276116, 'L1_out_dim': 80, 'L2_hidden_dim': 144, 'L2_layers_atom': 1, 'L2_layers_mol': 1, 'L2_out_dim': 128, 'L2_dropout': 0.043332608256440704, 'L3_hidden_dim': 112, 'L3_layers_atom': 4, 'L3_layers_mol': 1, 'L3_out_dim': 80, 'L3_dropout': 0.17175595984978054, 'n_mlp_layers': 1, 'mlp_dim_0': 256, 'num_heads': 1, 'final_dropout': 0.18156997089548027, 'train_learning_rate': 0.0031172535859359425, 'train_lr_reduce': 0.6}. Best is trial 1286 with value: 0.03935658559203148.
[I 2024-12-26 10:58:08,420] Trial 2492 finished with value: 1.023329734802246 and parameters: {'L1_hidden_dim': 64, 'L1_layers_atom': 3, 'L1_layers_mol': 3, 'L1_dropout': 0.1987601212146984, 'L1_out_dim': 32, 'L2_hidden_dim': 208, 'L2_layers_atom': 3, 'L2_layers_mol': 4, 'L2_out_dim': 32, 'L2_dropout': 0.12359661475230058, 'L3_hidden_dim': 64, 'L3_layers_atom': 3, 'L3_layers_mol': 4, 'L3_out_dim': 112, 'L3_dropout': 0.0015158583779539517, 'n_mlp_layers': 2, 'mlp_dim_0': 408, 'mlp_dim_1': 320, 'num_heads': 1, 'final_dropout': 0.11874139133015019, 'train_learning_rate': 0.0011813334619573319, 'train_lr_reduce': 0.6}. Best is trial 1286 with value: 0.03935658559203148.
[I 2024-12-26 10:59:05,455] Trial 2493 finished with value: 0.1150260791182518 and parameters: {'L1_hidden_dim': 176, 'L1_layers_atom': 2, 'L1_layers_mol': 1, 'L1_dropout': 0.053772236560961875, 'L1_out_dim': 80, 'L2_hidden_dim': 96, 'L2_layers_atom': 1, 'L2_layers_mol': 2, 'L2_out_dim': 64, 'L2_dropout': 0.1564771379333282, 'L3_hidden_dim': 96, 'L3_layers_atom': 3, 'L3_layers_mol': 3, 'L3_out_dim': 112, 'L3_dropout': 0.002010389941836055, 'n_mlp_layers': 1, 'mlp_dim_0': 176, 'num_heads': 2, 'final_dropout': 0.10447154670688999, 'train_learning_rate': 0.0032836906627816595, 'train_lr_reduce': 0.6}. Best is trial 1286 with value: 0.03935658559203148.
[I 2024-12-26 10:59:45,404] Trial 2490 finished with value: 0.07898601144552231 and parameters: {'L1_hidden_dim': 96, 'L1_layers_atom': 2, 'L1_layers_mol': 2, 'L1_dropout': 0.2804810839992157, 'L1_out_dim': 112, 'L2_hidden_dim': 192, 'L2_layers_atom': 2, 'L2_layers_mol': 3, 'L2_out_dim': 96, 'L2_dropout': 0.012407767305915692, 'L3_hidden_dim': 96, 'L3_layers_atom': 3, 'L3_layers_mol': 2, 'L3_out_dim': 80, 'L3_dropout': 0.1275128467316286, 'n_mlp_layers': 2, 'mlp_dim_0': 32, 'mlp_dim_1': 480, 'num_heads': 1, 'final_dropout': 0.0018818319709830306, 'train_learning_rate': 0.0009161301153996328, 'train_lr_reduce': 0.6}. Best is trial 1286 with value: 0.03935658559203148.
[I 2024-12-26 10:59:52,361] Trial 2491 finished with value: 0.2715727388858795 and parameters: {'L1_hidden_dim': 256, 'L1_layers_atom': 1, 'L1_layers_mol': 3, 'L1_dropout': 0.023216058097376813, 'L1_out_dim': 48, 'L2_hidden_dim': 208, 'L2_layers_atom': 4, 'L2_layers_mol': 4, 'L2_out_dim': 128, 'L2_dropout': 0.10820758706917825, 'L3_hidden_dim': 64, 'L3_layers_atom': 2, 'L3_layers_mol': 3, 'L3_out_dim': 80, 'L3_dropout': 0.213729139187464, 'n_mlp_layers': 1, 'mlp_dim_0': 200, 'num_heads': 2, 'final_dropout': 0.2872195289148248, 'train_learning_rate': 0.00022917929257882115, 'train_lr_reduce': 0.6}. Best is trial 1286 with value: 0.03935658559203148.
[I 2024-12-26 11:00:28,608] Trial 2494 finished with value: 0.08009909838438034 and parameters: {'L1_hidden_dim': 80, 'L1_layers_atom': 4, 'L1_layers_mol': 3, 'L1_dropout': 0.12910505440483433, 'L1_out_dim': 96, 'L2_hidden_dim': 96, 'L2_layers_atom': 1, 'L2_layers_mol': 2, 'L2_out_dim': 96, 'L2_dropout': 0.00692909681849135, 'L3_hidden_dim': 112, 'L3_layers_atom': 3, 'L3_layers_mol': 1, 'L3_out_dim': 48, 'L3_dropout': 0.19650508686754145, 'n_mlp_layers': 1, 'mlp_dim_0': 128, 'num_heads': 1, 'final_dropout': 0.08830185393994427, 'train_learning_rate': 0.002910542624263275, 'train_lr_reduce': 0.6}. Best is trial 1286 with value: 0.03935658559203148.
[I 2024-12-26 11:01:17,728] Trial 2496 finished with value: 0.08641162514686584 and parameters: {'L1_hidden_dim': 144, 'L1_layers_atom': 3, 'L1_layers_mol': 3, 'L1_dropout': 0.2636496779975897, 'L1_out_dim': 32, 'L2_hidden_dim': 112, 'L2_layers_atom': 2, 'L2_layers_mol': 3, 'L2_out_dim': 80, 'L2_dropout': 0.12121816729071574, 'L3_hidden_dim': 96, 'L3_layers_atom': 4, 'L3_layers_mol': 1, 'L3_out_dim': 32, 'L3_dropout': 0.1848028028024676, 'n_mlp_layers': 3, 'mlp_dim_0': 456, 'mlp_dim_1': 256, 'mlp_dim_2': 32, 'num_heads': 1, 'final_dropout': 0.0071390201845017865, 'train_learning_rate': 0.001390431150713807, 'train_lr_reduce': 0.6}. Best is trial 1286 with value: 0.03935658559203148.
[I 2024-12-26 11:01:21,333] Trial 2495 finished with value: 0.09109572321176529 and parameters: {'L1_hidden_dim': 224, 'L1_layers_atom': 4, 'L1_layers_mol': 2, 'L1_dropout': 0.13055973562476134, 'L1_out_dim': 96, 'L2_hidden_dim': 96, 'L2_layers_atom': 4, 'L2_layers_mol': 1, 'L2_out_dim': 32, 'L2_dropout': 0.01204312350199066, 'L3_hidden_dim': 48, 'L3_layers_atom': 2, 'L3_layers_mol': 1, 'L3_out_dim': 80, 'L3_dropout': 0.05641513244560083, 'n_mlp_layers': 2, 'mlp_dim_0': 56, 'mlp_dim_1': 440, 'num_heads': 1, 'final_dropout': 0.2788951904833291, 'train_learning_rate': 0.0023600170160013355, 'train_lr_reduce': 0.6}. Best is trial 1286 with value: 0.03935658559203148.
[I 2024-12-26 11:01:48,491] Trial 2497 finished with value: 0.0718693882226944 and parameters: {'L1_hidden_dim': 64, 'L1_layers_atom': 4, 'L1_layers_mol': 3, 'L1_dropout': 0.18881491275125561, 'L1_out_dim': 80, 'L2_hidden_dim': 176, 'L2_layers_atom': 2, 'L2_layers_mol': 4, 'L2_out_dim': 48, 'L2_dropout': 0.049999845952199154, 'L3_hidden_dim': 32, 'L3_layers_atom': 3, 'L3_layers_mol': 3, 'L3_out_dim': 64, 'L3_dropout': 0.02322094450096039, 'n_mlp_layers': 3, 'mlp_dim_0': 464, 'mlp_dim_1': 376, 'mlp_dim_2': 240, 'num_heads': 1, 'final_dropout': 0.18545088986710812, 'train_learning_rate': 0.0020842532671628508, 'train_lr_reduce': 0.6}. Best is trial 1286 with value: 0.03935658559203148.
[I 2024-12-26 11:02:10,930] Trial 2499 finished with value: 0.07056989520788193 and parameters: {'L1_hidden_dim': 64, 'L1_layers_atom': 4, 'L1_layers_mol': 4, 'L1_dropout': 0.21447093192692604, 'L1_out_dim': 128, 'L2_hidden_dim': 160, 'L2_layers_atom': 1, 'L2_layers_mol': 1, 'L2_out_dim': 80, 'L2_dropout': 0.03639063103727082, 'L3_hidden_dim': 128, 'L3_layers_atom': 4, 'L3_layers_mol': 2, 'L3_out_dim': 64, 'L3_dropout': 0.1426146397929931, 'n_mlp_layers': 3, 'mlp_dim_0': 192, 'mlp_dim_1': 344, 'mlp_dim_2': 32, 'num_heads': 1, 'final_dropout': 0.14123634524913195, 'train_learning_rate': 0.0017935790884806824, 'train_lr_reduce': 0.6}. Best is trial 1286 with value: 0.03935658559203148.
[I 2024-12-26 11:02:37,355] Trial 2498 finished with value: 0.09757121652364731 and parameters: {'L1_hidden_dim': 112, 'L1_layers_atom': 4, 'L1_layers_mol': 3, 'L1_dropout': 0.2991778549181609, 'L1_out_dim': 64, 'L2_hidden_dim': 208, 'L2_layers_atom': 3, 'L2_layers_mol': 3, 'L2_out_dim': 32, 'L2_dropout': 0.1556006450774541, 'L3_hidden_dim': 96, 'L3_layers_atom': 4, 'L3_layers_mol': 3, 'L3_out_dim': 80, 'L3_dropout': 0.00855133572213929, 'n_mlp_layers': 3, 'mlp_dim_0': 112, 'mlp_dim_1': 448, 'mlp_dim_2': 104, 'num_heads': 1, 'final_dropout': 0.17080777947574277, 'train_learning_rate': 0.0071813844706549845, 'train_lr_reduce': 0.6}. Best is trial 1286 with value: 0.03935658559203148.
