[I 2024-12-20 01:39:48,749] Trial 2265 finished with value: 1.1875286102294922 and parameters: {'mlp_n_layers': 4, 'mlp_dim_00': 490, 'mlp_dim_01': 354, 'mlp_dim_02': 310, 'mlp_dim_03': 385, 'node_hidden_dim': 111, 'edge_hidden_dim': 35, 'depth': 1, 'rep_dropout': 0.0009481962455147289, 'train_learning_rate': 0.0021596798691478035, 'train_lr_reduce': 0.6}. Best is trial 558 with value: 0.30280801653862.
[I 2024-12-20 01:39:53,341] Trial 2263 finished with value: 0.3354731798171997 and parameters: {'mlp_n_layers': 4, 'mlp_dim_00': 380, 'mlp_dim_01': 425, 'mlp_dim_02': 386, 'mlp_dim_03': 137, 'node_hidden_dim': 99, 'edge_hidden_dim': 32, 'depth': 1, 'rep_dropout': 0.005596399772747989, 'train_learning_rate': 0.001079986202484692, 'train_lr_reduce': 0.6}. Best is trial 558 with value: 0.30280801653862.
[I 2024-12-20 01:39:53,572] Trial 2267 finished with value: 1.5589171648025513 and parameters: {'mlp_n_layers': 3, 'mlp_dim_00': 352, 'mlp_dim_01': 384, 'mlp_dim_02': 364, 'node_hidden_dim': 80, 'edge_hidden_dim': 49, 'depth': 1, 'rep_dropout': 0.024423608429815172, 'train_learning_rate': 0.0006865004902930551, 'train_lr_reduce': 0.6}. Best is trial 558 with value: 0.30280801653862.
[I 2024-12-20 01:39:55,658] Trial 2266 finished with value: 1.2700001001358032 and parameters: {'mlp_n_layers': 4, 'mlp_dim_00': 498, 'mlp_dim_01': 320, 'mlp_dim_02': 511, 'mlp_dim_03': 318, 'node_hidden_dim': 108, 'edge_hidden_dim': 62, 'depth': 1, 'rep_dropout': 0.0034245703412813027, 'train_learning_rate': 0.0005675416848357927, 'train_lr_reduce': 0.6}. Best is trial 558 with value: 0.30280801653862.
[I 2024-12-20 01:39:57,467] Trial 2268 finished with value: 1.3061203956604004 and parameters: {'mlp_n_layers': 3, 'mlp_dim_00': 213, 'mlp_dim_01': 347, 'mlp_dim_02': 451, 'node_hidden_dim': 78, 'edge_hidden_dim': 35, 'depth': 2, 'rep_dropout': 0.036561162593800434, 'train_learning_rate': 0.004391942597012987, 'train_lr_reduce': 0.6}. Best is trial 558 with value: 0.30280801653862.
[I 2024-12-20 01:39:59,856] Trial 2270 finished with value: 1.3047322034835815 and parameters: {'mlp_n_layers': 2, 'mlp_dim_00': 481, 'mlp_dim_01': 281, 'node_hidden_dim': 32, 'edge_hidden_dim': 87, 'depth': 2, 'rep_dropout': 0.039939774556946944, 'train_learning_rate': 0.006981574470795452, 'train_lr_reduce': 0.6}. Best is trial 558 with value: 0.30280801653862.
[I 2024-12-20 01:40:02,080] Trial 2271 finished with value: 1.5883598327636719 and parameters: {'mlp_n_layers': 4, 'mlp_dim_00': 187, 'mlp_dim_01': 426, 'mlp_dim_02': 402, 'mlp_dim_03': 96, 'node_hidden_dim': 110, 'edge_hidden_dim': 32, 'depth': 1, 'rep_dropout': 0.032613202949769174, 'train_learning_rate': 0.00034349438564066883, 'train_lr_reduce': 0.6}. Best is trial 558 with value: 0.30280801653862.
[I 2024-12-20 01:40:02,999] Trial 2269 finished with value: 0.47965845465660095 and parameters: {'mlp_n_layers': 4, 'mlp_dim_00': 127, 'mlp_dim_01': 351, 'mlp_dim_02': 450, 'mlp_dim_03': 427, 'node_hidden_dim': 124, 'edge_hidden_dim': 61, 'depth': 1, 'rep_dropout': 0.022152869131627305, 'train_learning_rate': 0.002538700103807146, 'train_lr_reduce': 0.6}. Best is trial 558 with value: 0.30280801653862.
[I 2024-12-20 01:40:04,389] Trial 2272 finished with value: 1.5778440237045288 and parameters: {'mlp_n_layers': 4, 'mlp_dim_00': 497, 'mlp_dim_01': 312, 'mlp_dim_02': 355, 'mlp_dim_03': 350, 'node_hidden_dim': 111, 'edge_hidden_dim': 32, 'depth': 1, 'rep_dropout': 0.01606901584570726, 'train_learning_rate': 0.0005147937076322555, 'train_lr_reduce': 0.6}. Best is trial 558 with value: 0.30280801653862.
[I 2024-12-20 01:40:09,492] Trial 2275 finished with value: 1.5079352855682373 and parameters: {'mlp_n_layers': 3, 'mlp_dim_00': 374, 'mlp_dim_01': 167, 'mlp_dim_02': 482, 'node_hidden_dim': 112, 'edge_hidden_dim': 36, 'depth': 1, 'rep_dropout': 0.0467219670476421, 'train_learning_rate': 0.0042091051112232445, 'train_lr_reduce': 0.6}. Best is trial 558 with value: 0.30280801653862.
[I 2024-12-20 01:40:16,486] Trial 2273 finished with value: 0.4156874716281891 and parameters: {'mlp_n_layers': 4, 'mlp_dim_00': 406, 'mlp_dim_01': 389, 'mlp_dim_02': 417, 'mlp_dim_03': 223, 'node_hidden_dim': 109, 'edge_hidden_dim': 49, 'depth': 1, 'rep_dropout': 0.01900078951439463, 'train_learning_rate': 0.002849353106428721, 'train_lr_reduce': 0.6}. Best is trial 558 with value: 0.30280801653862.
[I 2024-12-20 01:40:21,929] Trial 2274 finished with value: 0.3445151150226593 and parameters: {'mlp_n_layers': 4, 'mlp_dim_00': 479, 'mlp_dim_01': 322, 'mlp_dim_02': 382, 'mlp_dim_03': 279, 'node_hidden_dim': 96, 'edge_hidden_dim': 56, 'depth': 1, 'rep_dropout': 0.020261411626089732, 'train_learning_rate': 0.0028215112578338255, 'train_lr_reduce': 0.6}. Best is trial 558 with value: 0.30280801653862.
[I 2024-12-20 01:40:23,393] Trial 2276 finished with value: 0.42432916164398193 and parameters: {'mlp_n_layers': 4, 'mlp_dim_00': 463, 'mlp_dim_01': 372, 'mlp_dim_02': 324, 'mlp_dim_03': 145, 'node_hidden_dim': 128, 'edge_hidden_dim': 43, 'depth': 2, 'rep_dropout': 0.00797012713726258, 'train_learning_rate': 0.002864862558429158, 'train_lr_reduce': 0.6}. Best is trial 558 with value: 0.30280801653862.
[I 2024-12-20 01:40:35,425] Trial 2277 finished with value: 0.43010321259498596 and parameters: {'mlp_n_layers': 3, 'mlp_dim_00': 450, 'mlp_dim_01': 279, 'mlp_dim_02': 426, 'node_hidden_dim': 118, 'edge_hidden_dim': 53, 'depth': 1, 'rep_dropout': 0.04610249476252635, 'train_learning_rate': 0.003492658900023275, 'train_lr_reduce': 0.6}. Best is trial 558 with value: 0.30280801653862.
[I 2024-12-20 01:40:39,147] Trial 2279 finished with value: 0.33412232995033264 and parameters: {'mlp_n_layers': 4, 'mlp_dim_00': 197, 'mlp_dim_01': 312, 'mlp_dim_02': 304, 'mlp_dim_03': 391, 'node_hidden_dim': 100, 'edge_hidden_dim': 35, 'depth': 1, 'rep_dropout': 0.024854807227823943, 'train_learning_rate': 0.0013792914716258251, 'train_lr_reduce': 0.6}. Best is trial 558 with value: 0.30280801653862.
[I 2024-12-20 01:40:39,300] Trial 2278 finished with value: 0.35334211587905884 and parameters: {'mlp_n_layers': 4, 'mlp_dim_00': 445, 'mlp_dim_01': 339, 'mlp_dim_02': 375, 'mlp_dim_03': 433, 'node_hidden_dim': 108, 'edge_hidden_dim': 60, 'depth': 1, 'rep_dropout': 0.0005276988765154575, 'train_learning_rate': 0.001982214245232072, 'train_lr_reduce': 0.6}. Best is trial 558 with value: 0.30280801653862.
[I 2024-12-20 01:40:41,299] Trial 2280 finished with value: 1.1826527118682861 and parameters: {'mlp_n_layers': 4, 'mlp_dim_00': 143, 'mlp_dim_01': 396, 'mlp_dim_02': 480, 'mlp_dim_03': 107, 'node_hidden_dim': 112, 'edge_hidden_dim': 54, 'depth': 1, 'rep_dropout': 0.021004238147496794, 'train_learning_rate': 0.001704904174525909, 'train_lr_reduce': 0.6}. Best is trial 558 with value: 0.30280801653862.
[I 2024-12-20 01:40:42,714] Trial 2281 finished with value: 1.4598785638809204 and parameters: {'mlp_n_layers': 2, 'mlp_dim_00': 136, 'mlp_dim_01': 360, 'node_hidden_dim': 66, 'edge_hidden_dim': 55, 'depth': 1, 'rep_dropout': 0.057021376561813414, 'train_learning_rate': 0.0018581914097234172, 'train_lr_reduce': 0.6}. Best is trial 558 with value: 0.30280801653862.
[I 2024-12-20 01:40:43,503] Trial 2282 finished with value: 1.5170379877090454 and parameters: {'mlp_n_layers': 2, 'mlp_dim_00': 476, 'mlp_dim_01': 272, 'node_hidden_dim': 70, 'edge_hidden_dim': 86, 'depth': 3, 'rep_dropout': 0.07562287542604114, 'train_learning_rate': 0.0009484517344239343, 'train_lr_reduce': 0.6}. Best is trial 558 with value: 0.30280801653862.
[I 2024-12-20 01:40:45,161] Trial 2283 finished with value: 1.4749763011932373 and parameters: {'mlp_n_layers': 4, 'mlp_dim_00': 432, 'mlp_dim_01': 317, 'mlp_dim_02': 354, 'mlp_dim_03': 349, 'node_hidden_dim': 121, 'edge_hidden_dim': 63, 'depth': 2, 'rep_dropout': 0.004733399752990652, 'train_learning_rate': 0.00157085936842407, 'train_lr_reduce': 0.6}. Best is trial 558 with value: 0.30280801653862.
[I 2024-12-20 01:40:46,416] Trial 2284 finished with value: 1.5331614017486572 and parameters: {'mlp_n_layers': 4, 'mlp_dim_00': 76, 'mlp_dim_01': 359, 'mlp_dim_02': 403, 'mlp_dim_03': 472, 'node_hidden_dim': 96, 'edge_hidden_dim': 32, 'depth': 1, 'rep_dropout': 0.024034367915824723, 'train_learning_rate': 0.0026999393327301244, 'train_lr_reduce': 0.6}. Best is trial 558 with value: 0.30280801653862.
[I 2024-12-20 01:40:46,941] Trial 2285 finished with value: 1.284258484840393 and parameters: {'mlp_n_layers': 3, 'mlp_dim_00': 387, 'mlp_dim_01': 418, 'mlp_dim_02': 447, 'node_hidden_dim': 122, 'edge_hidden_dim': 33, 'depth': 1, 'rep_dropout': 0.014071247886894716, 'train_learning_rate': 0.0043954856100146, 'train_lr_reduce': 0.6}. Best is trial 558 with value: 0.30280801653862.
[I 2024-12-20 01:40:48,614] Trial 2286 finished with value: 1.2829976081848145 and parameters: {'mlp_n_layers': 2, 'mlp_dim_00': 358, 'mlp_dim_01': 307, 'node_hidden_dim': 94, 'edge_hidden_dim': 78, 'depth': 1, 'rep_dropout': 0.13984343611878297, 'train_learning_rate': 0.004531270847823609, 'train_lr_reduce': 0.6}. Best is trial 558 with value: 0.30280801653862.
[I 2024-12-20 01:40:53,118] Trial 2289 finished with value: 1.510715365409851 and parameters: {'mlp_n_layers': 1, 'mlp_dim_00': 409, 'node_hidden_dim': 113, 'edge_hidden_dim': 77, 'depth': 3, 'rep_dropout': 0.006016190208665964, 'train_learning_rate': 0.000389691223326389, 'train_lr_reduce': 0.6}. Best is trial 558 with value: 0.30280801653862.
[I 2024-12-20 01:41:06,633] Trial 2287 finished with value: 0.3844708204269409 and parameters: {'mlp_n_layers': 4, 'mlp_dim_00': 385, 'mlp_dim_01': 136, 'mlp_dim_02': 390, 'mlp_dim_03': 309, 'node_hidden_dim': 102, 'edge_hidden_dim': 33, 'depth': 1, 'rep_dropout': 0.010402026092184708, 'train_learning_rate': 0.002134198901287475, 'train_lr_reduce': 0.6}. Best is trial 558 with value: 0.30280801653862.
[I 2024-12-20 01:41:10,814] Trial 2291 finished with value: 1.5646796226501465 and parameters: {'mlp_n_layers': 3, 'mlp_dim_00': 504, 'mlp_dim_01': 278, 'mlp_dim_02': 482, 'node_hidden_dim': 113, 'edge_hidden_dim': 37, 'depth': 1, 'rep_dropout': 0.06404521087209808, 'train_learning_rate': 0.0005283116297385317, 'train_lr_reduce': 0.6}. Best is trial 558 with value: 0.30280801653862.
[I 2024-12-20 01:41:15,992] Trial 2292 finished with value: 1.579361081123352 and parameters: {'mlp_n_layers': 4, 'mlp_dim_00': 89, 'mlp_dim_01': 334, 'mlp_dim_02': 406, 'mlp_dim_03': 361, 'node_hidden_dim': 74, 'edge_hidden_dim': 34, 'depth': 2, 'rep_dropout': 0.017165535487915853, 'train_learning_rate': 0.0004249819927484262, 'train_lr_reduce': 0.6}. Best is trial 558 with value: 0.30280801653862.
[I 2024-12-20 01:41:19,862] Trial 2293 finished with value: 1.5528607368469238 and parameters: {'mlp_n_layers': 2, 'mlp_dim_00': 365, 'mlp_dim_01': 422, 'node_hidden_dim': 60, 'edge_hidden_dim': 111, 'depth': 1, 'rep_dropout': 0.04095989669987853, 'train_learning_rate': 0.00015806766450564432, 'train_lr_reduce': 0.6}. Best is trial 558 with value: 0.30280801653862.
[I 2024-12-20 01:41:19,918] Trial 2288 finished with value: 0.347133994102478 and parameters: {'mlp_n_layers': 4, 'mlp_dim_00': 80, 'mlp_dim_01': 346, 'mlp_dim_02': 341, 'mlp_dim_03': 398, 'node_hidden_dim': 99, 'edge_hidden_dim': 54, 'depth': 1, 'rep_dropout': 0.04416099635303645, 'train_learning_rate': 0.004005395709420655, 'train_lr_reduce': 0.6}. Best is trial 558 with value: 0.30280801653862.
[I 2024-12-20 01:41:20,275] Trial 2290 finished with value: 0.4136757254600525 and parameters: {'mlp_n_layers': 4, 'mlp_dim_00': 111, 'mlp_dim_01': 386, 'mlp_dim_02': 434, 'mlp_dim_03': 177, 'node_hidden_dim': 105, 'edge_hidden_dim': 32, 'depth': 1, 'rep_dropout': 0.03738758863054852, 'train_learning_rate': 0.0018658720659844826, 'train_lr_reduce': 0.6}. Best is trial 558 with value: 0.30280801653862.
[I 2024-12-20 01:41:23,855] Trial 2294 finished with value: 1.5189958810806274 and parameters: {'mlp_n_layers': 4, 'mlp_dim_00': 200, 'mlp_dim_01': 370, 'mlp_dim_02': 372, 'mlp_dim_03': 443, 'node_hidden_dim': 107, 'edge_hidden_dim': 32, 'depth': 1, 'rep_dropout': 0.026335972522271118, 'train_learning_rate': 0.0013519421442545019, 'train_lr_reduce': 0.6}. Best is trial 558 with value: 0.30280801653862.
[I 2024-12-20 01:41:24,494] Trial 2296 finished with value: 1.5389361381530762 and parameters: {'mlp_n_layers': 4, 'mlp_dim_00': 429, 'mlp_dim_01': 340, 'mlp_dim_02': 301, 'mlp_dim_03': 113, 'node_hidden_dim': 116, 'edge_hidden_dim': 48, 'depth': 2, 'rep_dropout': 0.021368208965996997, 'train_learning_rate': 0.0008299934556223917, 'train_lr_reduce': 0.6}. Best is trial 558 with value: 0.30280801653862.
[I 2024-12-20 01:41:28,297] Trial 2297 finished with value: 1.562713861465454 and parameters: {'mlp_n_layers': 4, 'mlp_dim_00': 343, 'mlp_dim_01': 386, 'mlp_dim_02': 343, 'mlp_dim_03': 320, 'node_hidden_dim': 124, 'edge_hidden_dim': 34, 'depth': 2, 'rep_dropout': 0.04780519167376797, 'train_learning_rate': 0.0017297862991810578, 'train_lr_reduce': 0.6}. Best is trial 558 with value: 0.30280801653862.
[I 2024-12-20 01:41:33,292] Trial 2299 finished with value: 1.552100419998169 and parameters: {'mlp_n_layers': 2, 'mlp_dim_00': 477, 'mlp_dim_01': 312, 'node_hidden_dim': 88, 'edge_hidden_dim': 72, 'depth': 4, 'rep_dropout': 0.003014075074525696, 'train_learning_rate': 0.00017207644142359693, 'train_lr_reduce': 0.6}. Best is trial 558 with value: 0.30280801653862.
[I 2024-12-20 01:41:38,011] Trial 2295 finished with value: 0.36959177255630493 and parameters: {'mlp_n_layers': 4, 'mlp_dim_00': 153, 'mlp_dim_01': 304, 'mlp_dim_02': 447, 'mlp_dim_03': 512, 'node_hidden_dim': 122, 'edge_hidden_dim': 58, 'depth': 1, 'rep_dropout': 0.03283564004762847, 'train_learning_rate': 0.0007224892020433317, 'train_lr_reduce': 0.6}. Best is trial 558 with value: 0.30280801653862.
[I 2024-12-20 01:41:42,483] Trial 2301 finished with value: 1.557177186012268 and parameters: {'mlp_n_layers': 4, 'mlp_dim_00': 113, 'mlp_dim_01': 323, 'mlp_dim_02': 480, 'mlp_dim_03': 260, 'node_hidden_dim': 108, 'edge_hidden_dim': 32, 'depth': 1, 'rep_dropout': 0.0023943248960505738, 'train_learning_rate': 0.0006456771377189831, 'train_lr_reduce': 0.6}. Best is trial 558 with value: 0.30280801653862.
[I 2024-12-20 01:41:43,892] Trial 2298 finished with value: 0.3362695276737213 and parameters: {'mlp_n_layers': 3, 'mlp_dim_00': 474, 'mlp_dim_01': 268, 'mlp_dim_02': 415, 'node_hidden_dim': 118, 'edge_hidden_dim': 39, 'depth': 1, 'rep_dropout': 0.0011625816309641839, 'train_learning_rate': 0.0014662561180202253, 'train_lr_reduce': 0.6}. Best is trial 558 with value: 0.30280801653862.
[I 2024-12-20 01:41:46,200] Trial 2302 finished with value: 1.5174823999404907 and parameters: {'mlp_n_layers': 4, 'mlp_dim_00': 194, 'mlp_dim_01': 393, 'mlp_dim_02': 427, 'mlp_dim_03': 401, 'node_hidden_dim': 92, 'edge_hidden_dim': 51, 'depth': 1, 'rep_dropout': 0.02749584885113329, 'train_learning_rate': 0.001455800491880442, 'train_lr_reduce': 0.6}. Best is trial 558 with value: 0.30280801653862.
[I 2024-12-20 01:41:46,384] Trial 2300 finished with value: 0.4030989706516266 and parameters: {'mlp_n_layers': 3, 'mlp_dim_00': 70, 'mlp_dim_01': 356, 'mlp_dim_02': 381, 'node_hidden_dim': 112, 'edge_hidden_dim': 48, 'depth': 1, 'rep_dropout': 0.040546838672988264, 'train_learning_rate': 0.002648720164445408, 'train_lr_reduce': 0.6}. Best is trial 558 with value: 0.30280801653862.
[I 2024-12-20 01:41:47,705] Trial 2303 finished with value: 1.2878704071044922 and parameters: {'mlp_n_layers': 4, 'mlp_dim_00': 512, 'mlp_dim_01': 429, 'mlp_dim_02': 319, 'mlp_dim_03': 368, 'node_hidden_dim': 105, 'edge_hidden_dim': 38, 'depth': 1, 'rep_dropout': 0.0476232677626486, 'train_learning_rate': 0.004751152919886018, 'train_lr_reduce': 0.6}. Best is trial 558 with value: 0.30280801653862.
[I 2024-12-20 01:41:50,662] Trial 2305 finished with value: 1.4163564443588257 and parameters: {'mlp_n_layers': 4, 'mlp_dim_00': 470, 'mlp_dim_01': 117, 'mlp_dim_02': 448, 'mlp_dim_03': 470, 'node_hidden_dim': 106, 'edge_hidden_dim': 50, 'depth': 1, 'rep_dropout': 0.025537029213179754, 'train_learning_rate': 0.0020265428928805426, 'train_lr_reduce': 0.6}. Best is trial 558 with value: 0.30280801653862.
[I 2024-12-20 01:41:51,753] Trial 2306 finished with value: 1.4943605661392212 and parameters: {'mlp_n_layers': 3, 'mlp_dim_00': 145, 'mlp_dim_01': 167, 'mlp_dim_02': 394, 'node_hidden_dim': 128, 'edge_hidden_dim': 32, 'depth': 1, 'rep_dropout': 0.059071706662272815, 'train_learning_rate': 0.0015741700423487215, 'train_lr_reduce': 0.6}. Best is trial 558 with value: 0.30280801653862.
[I 2024-12-20 01:41:55,615] Trial 2308 finished with value: 1.3620177507400513 and parameters: {'mlp_n_layers': 1, 'mlp_dim_00': 397, 'node_hidden_dim': 62, 'edge_hidden_dim': 117, 'depth': 2, 'rep_dropout': 0.023500641348322145, 'train_learning_rate': 0.000965481166670536, 'train_lr_reduce': 0.6}. Best is trial 558 with value: 0.30280801653862.
[I 2024-12-20 01:41:57,899] Trial 2307 finished with value: 1.3555160760879517 and parameters: {'mlp_n_layers': 4, 'mlp_dim_00': 150, 'mlp_dim_01': 355, 'mlp_dim_02': 419, 'mlp_dim_03': 137, 'node_hidden_dim': 106, 'edge_hidden_dim': 48, 'depth': 2, 'rep_dropout': 0.0351363368532047, 'train_learning_rate': 0.0014699944029744033, 'train_lr_reduce': 0.6}. Best is trial 558 with value: 0.30280801653862.
[I 2024-12-20 01:42:00,062] Trial 2309 finished with value: 1.5463496446609497 and parameters: {'mlp_n_layers': 4, 'mlp_dim_00': 339, 'mlp_dim_01': 312, 'mlp_dim_02': 340, 'mlp_dim_03': 289, 'node_hidden_dim': 126, 'edge_hidden_dim': 70, 'depth': 4, 'rep_dropout': 0.03239373361931023, 'train_learning_rate': 0.00014613904495819918, 'train_lr_reduce': 0.6}. Best is trial 558 with value: 0.30280801653862.
[I 2024-12-20 01:42:04,813] Trial 2311 finished with value: 1.5268967151641846 and parameters: {'mlp_n_layers': 1, 'mlp_dim_00': 362, 'node_hidden_dim': 90, 'edge_hidden_dim': 105, 'depth': 4, 'rep_dropout': 0.11146568056832662, 'train_learning_rate': 0.0001244517975750821, 'train_lr_reduce': 0.6}. Best is trial 558 with value: 0.30280801653862.
[I 2024-12-20 01:42:08,019] Trial 2304 finished with value: 0.3727664351463318 and parameters: {'mlp_n_layers': 3, 'mlp_dim_00': 232, 'mlp_dim_01': 277, 'mlp_dim_02': 366, 'node_hidden_dim': 103, 'edge_hidden_dim': 33, 'depth': 1, 'rep_dropout': 0.0250669480165761, 'train_learning_rate': 0.0014404379633556343, 'train_lr_reduce': 0.6}. Best is trial 558 with value: 0.30280801653862.
[I 2024-12-20 01:42:09,812] Trial 2312 finished with value: 1.38109290599823 and parameters: {'mlp_n_layers': 4, 'mlp_dim_00': 251, 'mlp_dim_01': 338, 'mlp_dim_02': 382, 'mlp_dim_03': 97, 'node_hidden_dim': 81, 'edge_hidden_dim': 127, 'depth': 2, 'rep_dropout': 0.11069662305113256, 'train_learning_rate': 0.004105915570214877, 'train_lr_reduce': 0.6}. Best is trial 558 with value: 0.30280801653862.
[I 2024-12-20 01:42:12,499] Trial 2310 finished with value: 0.4430902898311615 and parameters: {'mlp_n_layers': 3, 'mlp_dim_00': 79, 'mlp_dim_01': 367, 'mlp_dim_02': 479, 'node_hidden_dim': 105, 'edge_hidden_dim': 36, 'depth': 1, 'rep_dropout': 0.02536029149635633, 'train_learning_rate': 0.0043236120998737465, 'train_lr_reduce': 0.6}. Best is trial 558 with value: 0.30280801653862.
[I 2024-12-20 01:42:20,153] Trial 2314 finished with value: 0.4404607117176056 and parameters: {'mlp_n_layers': 4, 'mlp_dim_00': 233, 'mlp_dim_01': 378, 'mlp_dim_02': 451, 'mlp_dim_03': 435, 'node_hidden_dim': 103, 'edge_hidden_dim': 50, 'depth': 1, 'rep_dropout': 0.025023516132494386, 'train_learning_rate': 0.003245749447932473, 'train_lr_reduce': 0.6}. Best is trial 558 with value: 0.30280801653862.
[I 2024-12-20 01:42:21,865] Trial 2315 finished with value: 1.3499159812927246 and parameters: {'mlp_n_layers': 4, 'mlp_dim_00': 169, 'mlp_dim_01': 433, 'mlp_dim_02': 414, 'mlp_dim_03': 332, 'node_hidden_dim': 96, 'edge_hidden_dim': 57, 'depth': 2, 'rep_dropout': 0.0017167319160696932, 'train_learning_rate': 0.0013884211803084647, 'train_lr_reduce': 0.6}. Best is trial 558 with value: 0.30280801653862.
[I 2024-12-20 01:42:24,016] Trial 2316 finished with value: 1.2954298257827759 and parameters: {'mlp_n_layers': 4, 'mlp_dim_00': 503, 'mlp_dim_01': 312, 'mlp_dim_02': 348, 'mlp_dim_03': 206, 'node_hidden_dim': 117, 'edge_hidden_dim': 32, 'depth': 1, 'rep_dropout': 0.03816700816329354, 'train_learning_rate': 0.0035818475096418565, 'train_lr_reduce': 0.6}. Best is trial 558 with value: 0.30280801653862.
[I 2024-12-20 01:42:26,432] Trial 2317 finished with value: 1.435510277748108 and parameters: {'mlp_n_layers': 4, 'mlp_dim_00': 179, 'mlp_dim_01': 346, 'mlp_dim_02': 388, 'mlp_dim_03': 404, 'node_hidden_dim': 96, 'edge_hidden_dim': 36, 'depth': 2, 'rep_dropout': 0.039372744697859716, 'train_learning_rate': 0.002581750226909123, 'train_lr_reduce': 0.6}. Best is trial 558 with value: 0.30280801653862.
[I 2024-12-20 01:42:29,007] Trial 2318 finished with value: 1.3759844303131104 and parameters: {'mlp_n_layers': 4, 'mlp_dim_00': 369, 'mlp_dim_01': 387, 'mlp_dim_02': 451, 'mlp_dim_03': 364, 'node_hidden_dim': 105, 'edge_hidden_dim': 58, 'depth': 1, 'rep_dropout': 0.00013145964352994635, 'train_learning_rate': 0.004346749495027074, 'train_lr_reduce': 0.6}. Best is trial 558 with value: 0.30280801653862.
[I 2024-12-20 01:42:32,927] Trial 2313 finished with value: 0.3957415819168091 and parameters: {'mlp_n_layers': 3, 'mlp_dim_00': 158, 'mlp_dim_01': 282, 'mlp_dim_02': 308, 'node_hidden_dim': 103, 'edge_hidden_dim': 54, 'depth': 1, 'rep_dropout': 0.012405510276256703, 'train_learning_rate': 0.0019392685476538284, 'train_lr_reduce': 0.6}. Best is trial 558 with value: 0.30280801653862.
