[I 2024-12-26 02:01:31,024] Trial 1502 finished with value: 0.32240667939186096 and parameters: {'L1_hidden_dim': 176, 'L1_layers_atom': 1, 'L1_layers_mol': 2, 'L1_dropout': 0.0601751169929793, 'L1_out_dim': 48, 'L2_hidden_dim': 240, 'L2_layers_atom': 2, 'L2_layers_mol': 4, 'L2_out_dim': 48, 'L2_dropout': 0.28738437997318445, 'L3_hidden_dim': 80, 'L3_layers_atom': 1, 'L3_layers_mol': 1, 'L3_out_dim': 32, 'L3_dropout': 0.17808867313452625, 'n_mlp_layers': 1, 'mlp_dim_0': 440, 'num_heads': 1, 'final_dropout': 0.21406283218579575, 'train_learning_rate': 0.00016306162270083397, 'train_lr_reduce': 0.6}. Best is trial 1286 with value: 0.03935658559203148.
[I 2024-12-26 02:01:52,453] Trial 1504 finished with value: 0.08535481244325638 and parameters: {'L1_hidden_dim': 128, 'L1_layers_atom': 1, 'L1_layers_mol': 3, 'L1_dropout': 0.2807588434637866, 'L1_out_dim': 128, 'L2_hidden_dim': 192, 'L2_layers_atom': 1, 'L2_layers_mol': 4, 'L2_out_dim': 112, 'L2_dropout': 0.14104060280709466, 'L3_hidden_dim': 128, 'L3_layers_atom': 4, 'L3_layers_mol': 3, 'L3_out_dim': 112, 'L3_dropout': 0.28038969303484323, 'n_mlp_layers': 3, 'mlp_dim_0': 176, 'mlp_dim_1': 472, 'mlp_dim_2': 80, 'num_heads': 1, 'final_dropout': 0.1392678212369809, 'train_learning_rate': 0.0010274138016470617, 'train_lr_reduce': 0.6}. Best is trial 1286 with value: 0.03935658559203148.
[I 2024-12-26 02:02:27,882] Trial 1505 finished with value: 0.0981236919760704 and parameters: {'L1_hidden_dim': 96, 'L1_layers_atom': 4, 'L1_layers_mol': 4, 'L1_dropout': 0.21495049553250317, 'L1_out_dim': 96, 'L2_hidden_dim': 224, 'L2_layers_atom': 2, 'L2_layers_mol': 2, 'L2_out_dim': 96, 'L2_dropout': 0.038128933053858845, 'L3_hidden_dim': 80, 'L3_layers_atom': 2, 'L3_layers_mol': 2, 'L3_out_dim': 96, 'L3_dropout': 0.14417744941895944, 'n_mlp_layers': 2, 'mlp_dim_0': 184, 'mlp_dim_1': 512, 'num_heads': 2, 'final_dropout': 0.21186473591420607, 'train_learning_rate': 0.005631977825282433, 'train_lr_reduce': 0.6}. Best is trial 1286 with value: 0.03935658559203148.
[I 2024-12-26 02:02:44,292] Trial 1506 finished with value: 0.07222945243120193 and parameters: {'L1_hidden_dim': 80, 'L1_layers_atom': 4, 'L1_layers_mol': 3, 'L1_dropout': 0.13563986856770166, 'L1_out_dim': 80, 'L2_hidden_dim': 160, 'L2_layers_atom': 1, 'L2_layers_mol': 2, 'L2_out_dim': 128, 'L2_dropout': 0.013931377144046278, 'L3_hidden_dim': 80, 'L3_layers_atom': 3, 'L3_layers_mol': 1, 'L3_out_dim': 64, 'L3_dropout': 0.15894937964483116, 'n_mlp_layers': 2, 'mlp_dim_0': 280, 'mlp_dim_1': 440, 'num_heads': 2, 'final_dropout': 0.17770044984819927, 'train_learning_rate': 0.0018354347326809445, 'train_lr_reduce': 0.6}. Best is trial 1286 with value: 0.03935658559203148.
[I 2024-12-26 02:02:51,831] Trial 1507 finished with value: 0.09145355224609375 and parameters: {'L1_hidden_dim': 80, 'L1_layers_atom': 2, 'L1_layers_mol': 3, 'L1_dropout': 0.2003223850549931, 'L1_out_dim': 48, 'L2_hidden_dim': 208, 'L2_layers_atom': 1, 'L2_layers_mol': 1, 'L2_out_dim': 128, 'L2_dropout': 0.025711428361204106, 'L3_hidden_dim': 128, 'L3_layers_atom': 4, 'L3_layers_mol': 2, 'L3_out_dim': 112, 'L3_dropout': 0.15101469543486604, 'n_mlp_layers': 2, 'mlp_dim_0': 48, 'mlp_dim_1': 512, 'num_heads': 2, 'final_dropout': 0.12428600216316196, 'train_learning_rate': 0.0029017636123130387, 'train_lr_reduce': 0.6}. Best is trial 1286 with value: 0.03935658559203148.
[I 2024-12-26 02:04:00,981] Trial 1508 finished with value: 0.055413492023944855 and parameters: {'L1_hidden_dim': 80, 'L1_layers_atom': 3, 'L1_layers_mol': 2, 'L1_dropout': 0.252498951672834, 'L1_out_dim': 128, 'L2_hidden_dim': 160, 'L2_layers_atom': 2, 'L2_layers_mol': 3, 'L2_out_dim': 128, 'L2_dropout': 0.10044104346036048, 'L3_hidden_dim': 128, 'L3_layers_atom': 2, 'L3_layers_mol': 1, 'L3_out_dim': 96, 'L3_dropout': 0.23922510070139058, 'n_mlp_layers': 3, 'mlp_dim_0': 352, 'mlp_dim_1': 472, 'mlp_dim_2': 120, 'num_heads': 1, 'final_dropout': 0.1306222333121268, 'train_learning_rate': 0.001642501007424485, 'train_lr_reduce': 0.6}. Best is trial 1286 with value: 0.03935658559203148.
[I 2024-12-26 02:04:19,086] Trial 1509 finished with value: 0.06530552357435226 and parameters: {'L1_hidden_dim': 64, 'L1_layers_atom': 4, 'L1_layers_mol': 1, 'L1_dropout': 0.29702533157415184, 'L1_out_dim': 128, 'L2_hidden_dim': 224, 'L2_layers_atom': 3, 'L2_layers_mol': 2, 'L2_out_dim': 32, 'L2_dropout': 0.08764125133557067, 'L3_hidden_dim': 80, 'L3_layers_atom': 3, 'L3_layers_mol': 1, 'L3_out_dim': 96, 'L3_dropout': 0.2663751479025335, 'n_mlp_layers': 3, 'mlp_dim_0': 296, 'mlp_dim_1': 440, 'mlp_dim_2': 72, 'num_heads': 2, 'final_dropout': 0.024149381324686768, 'train_learning_rate': 0.000979944684242538, 'train_lr_reduce': 0.6}. Best is trial 1286 with value: 0.03935658559203148.
[I 2024-12-26 02:05:09,596] Trial 1510 finished with value: 0.2676241397857666 and parameters: {'L1_hidden_dim': 128, 'L1_layers_atom': 2, 'L1_layers_mol': 3, 'L1_dropout': 0.29882239194364346, 'L1_out_dim': 64, 'L2_hidden_dim': 240, 'L2_layers_atom': 1, 'L2_layers_mol': 3, 'L2_out_dim': 112, 'L2_dropout': 0.04279264750086841, 'L3_hidden_dim': 128, 'L3_layers_atom': 2, 'L3_layers_mol': 1, 'L3_out_dim': 112, 'L3_dropout': 0.09847689932107981, 'n_mlp_layers': 1, 'mlp_dim_0': 224, 'num_heads': 1, 'final_dropout': 0.12810121351149673, 'train_learning_rate': 0.009489394530736538, 'train_lr_reduce': 0.6}. Best is trial 1286 with value: 0.03935658559203148.
[I 2024-12-26 02:05:19,266] Trial 1511 finished with value: 0.10007340461015701 and parameters: {'L1_hidden_dim': 64, 'L1_layers_atom': 4, 'L1_layers_mol': 2, 'L1_dropout': 0.2264905242886845, 'L1_out_dim': 112, 'L2_hidden_dim': 160, 'L2_layers_atom': 2, 'L2_layers_mol': 3, 'L2_out_dim': 128, 'L2_dropout': 0.1015537758794128, 'L3_hidden_dim': 128, 'L3_layers_atom': 2, 'L3_layers_mol': 2, 'L3_out_dim': 96, 'L3_dropout': 0.20432980137513768, 'n_mlp_layers': 3, 'mlp_dim_0': 432, 'mlp_dim_1': 440, 'mlp_dim_2': 160, 'num_heads': 1, 'final_dropout': 0.13869045593829377, 'train_learning_rate': 0.0015564216418691114, 'train_lr_reduce': 0.6}. Best is trial 1286 with value: 0.03935658559203148.
[I 2024-12-26 02:05:33,937] Trial 1512 finished with value: 0.06409497559070587 and parameters: {'L1_hidden_dim': 112, 'L1_layers_atom': 3, 'L1_layers_mol': 3, 'L1_dropout': 0.2847148290642744, 'L1_out_dim': 80, 'L2_hidden_dim': 224, 'L2_layers_atom': 1, 'L2_layers_mol': 1, 'L2_out_dim': 112, 'L2_dropout': 0.0023119226646634555, 'L3_hidden_dim': 112, 'L3_layers_atom': 2, 'L3_layers_mol': 1, 'L3_out_dim': 32, 'L3_dropout': 0.2712195616183465, 'n_mlp_layers': 2, 'mlp_dim_0': 112, 'mlp_dim_1': 432, 'num_heads': 2, 'final_dropout': 0.07487235585442702, 'train_learning_rate': 0.0015259553715993603, 'train_lr_reduce': 0.6}. Best is trial 1286 with value: 0.03935658559203148.
[I 2024-12-26 02:06:21,343] Trial 1513 finished with value: 0.07735241949558258 and parameters: {'L1_hidden_dim': 80, 'L1_layers_atom': 3, 'L1_layers_mol': 1, 'L1_dropout': 0.2304041085913588, 'L1_out_dim': 128, 'L2_hidden_dim': 208, 'L2_layers_atom': 2, 'L2_layers_mol': 3, 'L2_out_dim': 112, 'L2_dropout': 0.15378385566030675, 'L3_hidden_dim': 112, 'L3_layers_atom': 3, 'L3_layers_mol': 1, 'L3_out_dim': 96, 'L3_dropout': 0.19417336398317236, 'n_mlp_layers': 3, 'mlp_dim_0': 408, 'mlp_dim_1': 440, 'mlp_dim_2': 144, 'num_heads': 1, 'final_dropout': 0.039456196268467136, 'train_learning_rate': 0.0018904880747016143, 'train_lr_reduce': 0.6}. Best is trial 1286 with value: 0.03935658559203148.
[I 2024-12-26 02:07:03,838] Trial 1514 finished with value: 0.07067404687404633 and parameters: {'L1_hidden_dim': 80, 'L1_layers_atom': 2, 'L1_layers_mol': 1, 'L1_dropout': 0.1677440047141041, 'L1_out_dim': 128, 'L2_hidden_dim': 192, 'L2_layers_atom': 2, 'L2_layers_mol': 3, 'L2_out_dim': 128, 'L2_dropout': 0.1127075621531607, 'L3_hidden_dim': 96, 'L3_layers_atom': 2, 'L3_layers_mol': 1, 'L3_out_dim': 80, 'L3_dropout': 0.2698842674121947, 'n_mlp_layers': 2, 'mlp_dim_0': 368, 'mlp_dim_1': 448, 'num_heads': 1, 'final_dropout': 0.2177590798130969, 'train_learning_rate': 0.0009913386939583092, 'train_lr_reduce': 0.6}. Best is trial 1286 with value: 0.03935658559203148.
[I 2024-12-26 02:08:13,844] Trial 1515 finished with value: 0.13314154744148254 and parameters: {'L1_hidden_dim': 64, 'L1_layers_atom': 4, 'L1_layers_mol': 4, 'L1_dropout': 0.27016750722978, 'L1_out_dim': 80, 'L2_hidden_dim': 192, 'L2_layers_atom': 1, 'L2_layers_mol': 1, 'L2_out_dim': 112, 'L2_dropout': 0.005033336822402264, 'L3_hidden_dim': 112, 'L3_layers_atom': 3, 'L3_layers_mol': 2, 'L3_out_dim': 64, 'L3_dropout': 0.04011280819690213, 'n_mlp_layers': 2, 'mlp_dim_0': 280, 'mlp_dim_1': 448, 'num_heads': 2, 'final_dropout': 0.15487588500651506, 'train_learning_rate': 0.008107940469829485, 'train_lr_reduce': 0.6}. Best is trial 1286 with value: 0.03935658559203148.
[I 2024-12-26 02:08:22,053] Trial 1517 finished with value: 0.08618272840976715 and parameters: {'L1_hidden_dim': 192, 'L1_layers_atom': 3, 'L1_layers_mol': 1, 'L1_dropout': 0.1914821401179193, 'L1_out_dim': 128, 'L2_hidden_dim': 208, 'L2_layers_atom': 1, 'L2_layers_mol': 2, 'L2_out_dim': 128, 'L2_dropout': 0.155681141744738, 'L3_hidden_dim': 128, 'L3_layers_atom': 2, 'L3_layers_mol': 1, 'L3_out_dim': 80, 'L3_dropout': 0.29154516979800815, 'n_mlp_layers': 3, 'mlp_dim_0': 472, 'mlp_dim_1': 432, 'mlp_dim_2': 128, 'num_heads': 1, 'final_dropout': 0.16736992002103473, 'train_learning_rate': 0.0017778497701656756, 'train_lr_reduce': 0.6}. Best is trial 1286 with value: 0.03935658559203148.
[I 2024-12-26 02:09:11,787] Trial 1516 finished with value: 0.07302916049957275 and parameters: {'L1_hidden_dim': 64, 'L1_layers_atom': 4, 'L1_layers_mol': 4, 'L1_dropout': 0.29968798757312753, 'L1_out_dim': 80, 'L2_hidden_dim': 240, 'L2_layers_atom': 1, 'L2_layers_mol': 2, 'L2_out_dim': 112, 'L2_dropout': 0.010949002173016609, 'L3_hidden_dim': 80, 'L3_layers_atom': 3, 'L3_layers_mol': 1, 'L3_out_dim': 80, 'L3_dropout': 0.18996417688258738, 'n_mlp_layers': 1, 'mlp_dim_0': 368, 'num_heads': 2, 'final_dropout': 0.1223832309495568, 'train_learning_rate': 0.0014192588729397416, 'train_lr_reduce': 0.6}. Best is trial 1286 with value: 0.03935658559203148.
[I 2024-12-26 02:09:36,211] Trial 1519 finished with value: 0.09977149218320847 and parameters: {'L1_hidden_dim': 144, 'L1_layers_atom': 3, 'L1_layers_mol': 1, 'L1_dropout': 0.2173381162231136, 'L1_out_dim': 128, 'L2_hidden_dim': 128, 'L2_layers_atom': 2, 'L2_layers_mol': 4, 'L2_out_dim': 128, 'L2_dropout': 0.11048535858467848, 'L3_hidden_dim': 128, 'L3_layers_atom': 2, 'L3_layers_mol': 1, 'L3_out_dim': 112, 'L3_dropout': 0.29705133005925943, 'n_mlp_layers': 3, 'mlp_dim_0': 448, 'mlp_dim_1': 440, 'mlp_dim_2': 192, 'num_heads': 1, 'final_dropout': 0.159277750819626, 'train_learning_rate': 0.0011712968238604023, 'train_lr_reduce': 0.6}. Best is trial 1286 with value: 0.03935658559203148.
[I 2024-12-26 02:10:11,483] Trial 1518 finished with value: 0.08793807029724121 and parameters: {'L1_hidden_dim': 192, 'L1_layers_atom': 1, 'L1_layers_mol': 4, 'L1_dropout': 0.22312249166819037, 'L1_out_dim': 96, 'L2_hidden_dim': 112, 'L2_layers_atom': 2, 'L2_layers_mol': 4, 'L2_out_dim': 64, 'L2_dropout': 0.015367454402438363, 'L3_hidden_dim': 128, 'L3_layers_atom': 2, 'L3_layers_mol': 1, 'L3_out_dim': 64, 'L3_dropout': 0.16981380285877062, 'n_mlp_layers': 2, 'mlp_dim_0': 176, 'mlp_dim_1': 440, 'num_heads': 2, 'final_dropout': 0.2488481482554008, 'train_learning_rate': 0.00012859148685539877, 'train_lr_reduce': 0.6}. Best is trial 1286 with value: 0.03935658559203148.
[I 2024-12-26 02:10:34,065] Trial 1520 finished with value: 0.08186183124780655 and parameters: {'L1_hidden_dim': 112, 'L1_layers_atom': 2, 'L1_layers_mol': 2, 'L1_dropout': 0.2822002217691476, 'L1_out_dim': 128, 'L2_hidden_dim': 144, 'L2_layers_atom': 2, 'L2_layers_mol': 3, 'L2_out_dim': 112, 'L2_dropout': 0.0958800423936616, 'L3_hidden_dim': 128, 'L3_layers_atom': 2, 'L3_layers_mol': 1, 'L3_out_dim': 96, 'L3_dropout': 0.2768187413433578, 'n_mlp_layers': 3, 'mlp_dim_0': 352, 'mlp_dim_1': 472, 'mlp_dim_2': 120, 'num_heads': 1, 'final_dropout': 0.07494141273168832, 'train_learning_rate': 0.0010709204089792974, 'train_lr_reduce': 0.6}. Best is trial 1286 with value: 0.03935658559203148.
[I 2024-12-26 02:11:00,005] Trial 1521 finished with value: 0.0901026576757431 and parameters: {'L1_hidden_dim': 128, 'L1_layers_atom': 3, 'L1_layers_mol': 2, 'L1_dropout': 0.17523500414428625, 'L1_out_dim': 80, 'L2_hidden_dim': 160, 'L2_layers_atom': 2, 'L2_layers_mol': 2, 'L2_out_dim': 128, 'L2_dropout': 0.0007782914968170324, 'L3_hidden_dim': 112, 'L3_layers_atom': 4, 'L3_layers_mol': 1, 'L3_out_dim': 48, 'L3_dropout': 0.258469915772116, 'n_mlp_layers': 2, 'mlp_dim_0': 144, 'mlp_dim_1': 432, 'num_heads': 2, 'final_dropout': 0.09077601502855419, 'train_learning_rate': 0.001268338021655827, 'train_lr_reduce': 0.6}. Best is trial 1286 with value: 0.03935658559203148.
[I 2024-12-26 02:11:57,654] Trial 1522 finished with value: 0.08542372286319733 and parameters: {'L1_hidden_dim': 80, 'L1_layers_atom': 3, 'L1_layers_mol': 4, 'L1_dropout': 0.2021649503091532, 'L1_out_dim': 64, 'L2_hidden_dim': 256, 'L2_layers_atom': 1, 'L2_layers_mol': 2, 'L2_out_dim': 112, 'L2_dropout': 0.031104710958867944, 'L3_hidden_dim': 112, 'L3_layers_atom': 3, 'L3_layers_mol': 1, 'L3_out_dim': 112, 'L3_dropout': 0.08351870787541063, 'n_mlp_layers': 2, 'mlp_dim_0': 336, 'mlp_dim_1': 472, 'num_heads': 2, 'final_dropout': 0.15883010305025533, 'train_learning_rate': 0.005947563940043389, 'train_lr_reduce': 0.6}. Best is trial 1286 with value: 0.03935658559203148.
[I 2024-12-26 02:12:12,323] Trial 1523 finished with value: 0.06832083314657211 and parameters: {'L1_hidden_dim': 80, 'L1_layers_atom': 4, 'L1_layers_mol': 3, 'L1_dropout': 0.214821563414338, 'L1_out_dim': 80, 'L2_hidden_dim': 192, 'L2_layers_atom': 1, 'L2_layers_mol': 1, 'L2_out_dim': 128, 'L2_dropout': 0.03747026966345587, 'L3_hidden_dim': 128, 'L3_layers_atom': 3, 'L3_layers_mol': 1, 'L3_out_dim': 48, 'L3_dropout': 0.24276184271910295, 'n_mlp_layers': 2, 'mlp_dim_0': 224, 'mlp_dim_1': 432, 'num_heads': 2, 'final_dropout': 0.003808330466203602, 'train_learning_rate': 0.0020542166704012694, 'train_lr_reduce': 0.6}. Best is trial 1286 with value: 0.03935658559203148.
[I 2024-12-26 02:12:30,556] Trial 1524 finished with value: 0.0765354335308075 and parameters: {'L1_hidden_dim': 112, 'L1_layers_atom': 3, 'L1_layers_mol': 4, 'L1_dropout': 0.2797262954914689, 'L1_out_dim': 80, 'L2_hidden_dim': 208, 'L2_layers_atom': 1, 'L2_layers_mol': 3, 'L2_out_dim': 112, 'L2_dropout': 0.025889433569691287, 'L3_hidden_dim': 128, 'L3_layers_atom': 3, 'L3_layers_mol': 1, 'L3_out_dim': 80, 'L3_dropout': 0.17085171172690652, 'n_mlp_layers': 2, 'mlp_dim_0': 256, 'mlp_dim_1': 472, 'num_heads': 2, 'final_dropout': 0.09106844433249163, 'train_learning_rate': 0.001891567993165018, 'train_lr_reduce': 0.6}. Best is trial 1286 with value: 0.03935658559203148.
[I 2024-12-26 02:14:00,221] Trial 1526 finished with value: 0.05507325753569603 and parameters: {'L1_hidden_dim': 96, 'L1_layers_atom': 4, 'L1_layers_mol': 4, 'L1_dropout': 0.2747521123674759, 'L1_out_dim': 96, 'L2_hidden_dim': 224, 'L2_layers_atom': 1, 'L2_layers_mol': 1, 'L2_out_dim': 128, 'L2_dropout': 0.05170036430889079, 'L3_hidden_dim': 112, 'L3_layers_atom': 4, 'L3_layers_mol': 1, 'L3_out_dim': 96, 'L3_dropout': 0.27263089732209295, 'n_mlp_layers': 2, 'mlp_dim_0': 80, 'mlp_dim_1': 424, 'num_heads': 2, 'final_dropout': 0.024549194783025183, 'train_learning_rate': 0.004760170111737258, 'train_lr_reduce': 0.6}. Best is trial 1286 with value: 0.03935658559203148.
[I 2024-12-26 02:14:01,404] Trial 1527 finished with value: 0.07606001198291779 and parameters: {'L1_hidden_dim': 96, 'L1_layers_atom': 3, 'L1_layers_mol': 2, 'L1_dropout': 0.26527981292613506, 'L1_out_dim': 64, 'L2_hidden_dim': 176, 'L2_layers_atom': 3, 'L2_layers_mol': 1, 'L2_out_dim': 80, 'L2_dropout': 0.015727285103559988, 'L3_hidden_dim': 96, 'L3_layers_atom': 4, 'L3_layers_mol': 1, 'L3_out_dim': 48, 'L3_dropout': 0.2797008051499856, 'n_mlp_layers': 2, 'mlp_dim_0': 168, 'mlp_dim_1': 416, 'num_heads': 2, 'final_dropout': 0.15031027157845706, 'train_learning_rate': 0.0007655955175648048, 'train_lr_reduce': 0.6}. Best is trial 1286 with value: 0.03935658559203148.
[I 2024-12-26 02:14:47,382] Trial 1525 finished with value: 0.07778779417276382 and parameters: {'L1_hidden_dim': 64, 'L1_layers_atom': 4, 'L1_layers_mol': 4, 'L1_dropout': 0.268133848541825, 'L1_out_dim': 96, 'L2_hidden_dim': 208, 'L2_layers_atom': 1, 'L2_layers_mol': 2, 'L2_out_dim': 128, 'L2_dropout': 0.17118627556884744, 'L3_hidden_dim': 80, 'L3_layers_atom': 3, 'L3_layers_mol': 1, 'L3_out_dim': 64, 'L3_dropout': 0.1960847092436314, 'n_mlp_layers': 1, 'mlp_dim_0': 184, 'num_heads': 2, 'final_dropout': 0.0020306811963800575, 'train_learning_rate': 0.0025836367159698995, 'train_lr_reduce': 0.6}. Best is trial 1286 with value: 0.03935658559203148.
[I 2024-12-26 02:15:16,788] Trial 1530 finished with value: 1.0693682432174683 and parameters: {'L1_hidden_dim': 80, 'L1_layers_atom': 4, 'L1_layers_mol': 4, 'L1_dropout': 0.27454191837117886, 'L1_out_dim': 80, 'L2_hidden_dim': 256, 'L2_layers_atom': 1, 'L2_layers_mol': 1, 'L2_out_dim': 112, 'L2_dropout': 0.01754067119809878, 'L3_hidden_dim': 80, 'L3_layers_atom': 4, 'L3_layers_mol': 2, 'L3_out_dim': 128, 'L3_dropout': 0.2417935329296891, 'n_mlp_layers': 1, 'mlp_dim_0': 40, 'num_heads': 2, 'final_dropout': 0.07433651038949804, 'train_learning_rate': 0.00882753068149346, 'train_lr_reduce': 0.6}. Best is trial 1286 with value: 0.03935658559203148.
[I 2024-12-26 02:15:50,407] Trial 1528 finished with value: 0.08154447376728058 and parameters: {'L1_hidden_dim': 192, 'L1_layers_atom': 2, 'L1_layers_mol': 3, 'L1_dropout': 0.2827084497394255, 'L1_out_dim': 96, 'L2_hidden_dim': 208, 'L2_layers_atom': 2, 'L2_layers_mol': 1, 'L2_out_dim': 112, 'L2_dropout': 0.07731519301570831, 'L3_hidden_dim': 96, 'L3_layers_atom': 3, 'L3_layers_mol': 1, 'L3_out_dim': 96, 'L3_dropout': 0.2845924174473211, 'n_mlp_layers': 2, 'mlp_dim_0': 120, 'mlp_dim_1': 448, 'num_heads': 2, 'final_dropout': 0.10102122931533838, 'train_learning_rate': 0.006744170398859268, 'train_lr_reduce': 0.6}. Best is trial 1286 with value: 0.03935658559203148.
[I 2024-12-26 02:16:25,877] Trial 1529 finished with value: 0.048846326768398285 and parameters: {'L1_hidden_dim': 112, 'L1_layers_atom': 4, 'L1_layers_mol': 4, 'L1_dropout': 0.24690852660875015, 'L1_out_dim': 96, 'L2_hidden_dim': 208, 'L2_layers_atom': 2, 'L2_layers_mol': 1, 'L2_out_dim': 112, 'L2_dropout': 0.019592112384044437, 'L3_hidden_dim': 128, 'L3_layers_atom': 4, 'L3_layers_mol': 2, 'L3_out_dim': 96, 'L3_dropout': 0.2652944045382094, 'n_mlp_layers': 2, 'mlp_dim_0': 144, 'mlp_dim_1': 424, 'num_heads': 2, 'final_dropout': 0.033886376561289115, 'train_learning_rate': 0.003854119367026164, 'train_lr_reduce': 0.6}. Best is trial 1286 with value: 0.03935658559203148.
[I 2024-12-26 02:16:53,220] Trial 1531 finished with value: 0.06295041739940643 and parameters: {'L1_hidden_dim': 80, 'L1_layers_atom': 4, 'L1_layers_mol': 4, 'L1_dropout': 0.26041233796664404, 'L1_out_dim': 128, 'L2_hidden_dim': 224, 'L2_layers_atom': 2, 'L2_layers_mol': 2, 'L2_out_dim': 128, 'L2_dropout': 0.03153665963712579, 'L3_hidden_dim': 112, 'L3_layers_atom': 4, 'L3_layers_mol': 1, 'L3_out_dim': 96, 'L3_dropout': 0.23662467785056732, 'n_mlp_layers': 2, 'mlp_dim_0': 208, 'mlp_dim_1': 424, 'num_heads': 2, 'final_dropout': 0.06468234367612406, 'train_learning_rate': 0.0015226465533384208, 'train_lr_reduce': 0.6}. Best is trial 1286 with value: 0.03935658559203148.
[I 2024-12-26 02:17:23,222] Trial 1532 finished with value: 0.18287153542041779 and parameters: {'L1_hidden_dim': 144, 'L1_layers_atom': 4, 'L1_layers_mol': 4, 'L1_dropout': 0.27819934205341984, 'L1_out_dim': 64, 'L2_hidden_dim': 256, 'L2_layers_atom': 1, 'L2_layers_mol': 2, 'L2_out_dim': 128, 'L2_dropout': 0.029962303541587798, 'L3_hidden_dim': 96, 'L3_layers_atom': 4, 'L3_layers_mol': 1, 'L3_out_dim': 80, 'L3_dropout': 0.09527009525695213, 'n_mlp_layers': 2, 'mlp_dim_0': 336, 'mlp_dim_1': 440, 'num_heads': 2, 'final_dropout': 0.19523163112277403, 'train_learning_rate': 0.009717758259976369, 'train_lr_reduce': 0.6}. Best is trial 1286 with value: 0.03935658559203148.
[I 2024-12-26 02:17:26,572] Trial 1533 finished with value: 0.09678161889314651 and parameters: {'L1_hidden_dim': 96, 'L1_layers_atom': 4, 'L1_layers_mol': 4, 'L1_dropout': 0.22911083169553706, 'L1_out_dim': 96, 'L2_hidden_dim': 208, 'L2_layers_atom': 4, 'L2_layers_mol': 1, 'L2_out_dim': 112, 'L2_dropout': 0.1081448348766201, 'L3_hidden_dim': 112, 'L3_layers_atom': 4, 'L3_layers_mol': 3, 'L3_out_dim': 96, 'L3_dropout': 0.19720084547892497, 'n_mlp_layers': 3, 'mlp_dim_0': 128, 'mlp_dim_1': 424, 'mlp_dim_2': 120, 'num_heads': 2, 'final_dropout': 0.04591422956606868, 'train_learning_rate': 0.0033443550904902444, 'train_lr_reduce': 0.6}. Best is trial 1286 with value: 0.03935658559203148.
[I 2024-12-26 02:17:50,682] Trial 1534 finished with value: 0.09732379764318466 and parameters: {'L1_hidden_dim': 128, 'L1_layers_atom': 4, 'L1_layers_mol': 4, 'L1_dropout': 0.2654431449113497, 'L1_out_dim': 48, 'L2_hidden_dim': 224, 'L2_layers_atom': 1, 'L2_layers_mol': 1, 'L2_out_dim': 128, 'L2_dropout': 0.12698744633584105, 'L3_hidden_dim': 96, 'L3_layers_atom': 4, 'L3_layers_mol': 1, 'L3_out_dim': 96, 'L3_dropout': 0.2324682043680254, 'n_mlp_layers': 3, 'mlp_dim_0': 112, 'mlp_dim_1': 424, 'mlp_dim_2': 160, 'num_heads': 2, 'final_dropout': 0.01097859926517664, 'train_learning_rate': 0.0024179216256911998, 'train_lr_reduce': 0.6}. Best is trial 1286 with value: 0.03935658559203148.
