[I 2024-12-16 00:32:47,105] Trial 1744 finished with value: 0.18138843774795532 and parameters: {'mlp_n_layers': 2, 'mlp_dim_00': 240, 'mlp_dim_01': 32, 'hidden_channels': 128, 'num_layers': 4, 'num_timesteps': 3, 'dropout': 0.27135514474036765, 'train_learning_rate': 0.008742148709691923, 'train_lr_reduce': 0.6}. Best is trial 130 with value: 0.0812772810459137.
[I 2024-12-16 00:32:56,109] Trial 1745 finished with value: 0.08795250952243805 and parameters: {'mlp_n_layers': 2, 'mlp_dim_00': 224, 'mlp_dim_01': 192, 'hidden_channels': 32, 'num_layers': 2, 'num_timesteps': 3, 'dropout': 0.21227690350691614, 'train_learning_rate': 0.008036519356367561, 'train_lr_reduce': 0.6}. Best is trial 130 with value: 0.0812772810459137.
[I 2024-12-16 00:33:04,250] Trial 1747 finished with value: 0.12669029831886292 and parameters: {'mlp_n_layers': 3, 'mlp_dim_00': 192, 'mlp_dim_01': 32, 'mlp_dim_02': 256, 'hidden_channels': 144, 'num_layers': 3, 'num_timesteps': 3, 'dropout': 0.21951245245252343, 'train_learning_rate': 0.006965065222850132, 'train_lr_reduce': 0.6}. Best is trial 130 with value: 0.0812772810459137.
[I 2024-12-16 00:33:06,515] Trial 1748 finished with value: 0.13376584649085999 and parameters: {'mlp_n_layers': 2, 'mlp_dim_00': 32, 'mlp_dim_01': 160, 'hidden_channels': 64, 'num_layers': 1, 'num_timesteps': 2, 'dropout': 0.22566872645941705, 'train_learning_rate': 0.006663533083515384, 'train_lr_reduce': 0.6}. Best is trial 130 with value: 0.0812772810459137.
[I 2024-12-16 00:33:06,517] Trial 1746 finished with value: 0.12949492037296295 and parameters: {'mlp_n_layers': 3, 'mlp_dim_00': 256, 'mlp_dim_01': 208, 'mlp_dim_02': 64, 'hidden_channels': 256, 'num_layers': 1, 'num_timesteps': 2, 'dropout': 0.030485500179405628, 'train_learning_rate': 0.0004295989584394768, 'train_lr_reduce': 0.6}. Best is trial 130 with value: 0.0812772810459137.
[I 2024-12-16 00:33:20,427] Trial 1749 finished with value: 0.09481159597635269 and parameters: {'mlp_n_layers': 2, 'mlp_dim_00': 256, 'mlp_dim_01': 208, 'hidden_channels': 96, 'num_layers': 2, 'num_timesteps': 4, 'dropout': 0.20582654612720774, 'train_learning_rate': 0.009809135234647028, 'train_lr_reduce': 0.6}. Best is trial 130 with value: 0.0812772810459137.
[I 2024-12-16 00:33:21,131] Trial 1751 finished with value: 0.11505162715911865 and parameters: {'mlp_n_layers': 2, 'mlp_dim_00': 240, 'mlp_dim_01': 208, 'hidden_channels': 128, 'num_layers': 2, 'num_timesteps': 3, 'dropout': 0.11302142048197134, 'train_learning_rate': 0.007002715171425444, 'train_lr_reduce': 0.6}. Best is trial 130 with value: 0.0812772810459137.
[I 2024-12-16 00:33:32,584] Trial 1750 finished with value: 0.10360124707221985 and parameters: {'mlp_n_layers': 2, 'mlp_dim_00': 240, 'mlp_dim_01': 224, 'hidden_channels': 80, 'num_layers': 2, 'num_timesteps': 3, 'dropout': 0.23249749061620764, 'train_learning_rate': 0.00830861981891868, 'train_lr_reduce': 0.6}. Best is trial 130 with value: 0.0812772810459137.
[I 2024-12-16 00:33:47,558] Trial 1753 finished with value: 0.11863477528095245 and parameters: {'mlp_n_layers': 2, 'mlp_dim_00': 128, 'mlp_dim_01': 32, 'hidden_channels': 112, 'num_layers': 2, 'num_timesteps': 3, 'dropout': 0.2625063349769731, 'train_learning_rate': 0.006627842387233645, 'train_lr_reduce': 0.6}. Best is trial 130 with value: 0.0812772810459137.
[I 2024-12-16 00:33:47,905] Trial 1754 finished with value: 0.12470905482769012 and parameters: {'mlp_n_layers': 2, 'mlp_dim_00': 32, 'mlp_dim_01': 224, 'hidden_channels': 64, 'num_layers': 2, 'num_timesteps': 3, 'dropout': 0.10991456723065414, 'train_learning_rate': 0.0064586687086353005, 'train_lr_reduce': 0.6}. Best is trial 130 with value: 0.0812772810459137.
[I 2024-12-16 00:33:51,940] Trial 1752 finished with value: 0.14691901206970215 and parameters: {'mlp_n_layers': 3, 'mlp_dim_00': 112, 'mlp_dim_01': 64, 'mlp_dim_02': 240, 'hidden_channels': 240, 'num_layers': 2, 'num_timesteps': 4, 'dropout': 0.03697854068249386, 'train_learning_rate': 0.00013897275208057884, 'train_lr_reduce': 0.6}. Best is trial 130 with value: 0.0812772810459137.
[I 2024-12-16 00:34:02,212] Trial 1755 finished with value: 0.10882026702165604 and parameters: {'mlp_n_layers': 2, 'mlp_dim_00': 208, 'mlp_dim_01': 224, 'hidden_channels': 32, 'num_layers': 2, 'num_timesteps': 3, 'dropout': 0.23952234919980397, 'train_learning_rate': 0.008357262223672392, 'train_lr_reduce': 0.6}. Best is trial 130 with value: 0.0812772810459137.
[I 2024-12-16 00:34:03,944] Trial 1757 finished with value: 0.11618471890687943 and parameters: {'mlp_n_layers': 2, 'mlp_dim_00': 192, 'mlp_dim_01': 224, 'hidden_channels': 96, 'num_layers': 2, 'num_timesteps': 3, 'dropout': 0.13243299347837842, 'train_learning_rate': 0.002142775334349578, 'train_lr_reduce': 0.6}. Best is trial 130 with value: 0.0812772810459137.
[I 2024-12-16 00:34:04,259] Trial 1756 finished with value: 0.1739557534456253 and parameters: {'mlp_n_layers': 4, 'mlp_dim_00': 160, 'mlp_dim_01': 224, 'mlp_dim_02': 240, 'mlp_dim_03': 64, 'hidden_channels': 256, 'num_layers': 1, 'num_timesteps': 1, 'dropout': 0.07328574466182106, 'train_learning_rate': 0.007211419622788875, 'train_lr_reduce': 0.6}. Best is trial 130 with value: 0.0812772810459137.
[I 2024-12-16 00:34:16,199] Trial 1759 finished with value: 0.103134885430336 and parameters: {'mlp_n_layers': 2, 'mlp_dim_00': 176, 'mlp_dim_01': 256, 'hidden_channels': 80, 'num_layers': 2, 'num_timesteps': 3, 'dropout': 0.05084354048194527, 'train_learning_rate': 0.008242148374763733, 'train_lr_reduce': 0.6}. Best is trial 130 with value: 0.0812772810459137.
[I 2024-12-16 00:34:16,201] Trial 1758 finished with value: 0.11660654842853546 and parameters: {'mlp_n_layers': 2, 'mlp_dim_00': 208, 'mlp_dim_01': 208, 'hidden_channels': 48, 'num_layers': 3, 'num_timesteps': 3, 'dropout': 0.1516199718211838, 'train_learning_rate': 0.004416663940384782, 'train_lr_reduce': 0.6}. Best is trial 130 with value: 0.0812772810459137.
[I 2024-12-16 00:34:20,269] Trial 1760 finished with value: 0.1374332159757614 and parameters: {'mlp_n_layers': 3, 'mlp_dim_00': 48, 'mlp_dim_01': 240, 'mlp_dim_02': 48, 'hidden_channels': 80, 'num_layers': 4, 'num_timesteps': 3, 'dropout': 0.0008151111452481402, 'train_learning_rate': 0.0015106870788595508, 'train_lr_reduce': 0.6}. Best is trial 130 with value: 0.0812772810459137.
[I 2024-12-16 00:34:25,990] Trial 1762 finished with value: 0.11407826095819473 and parameters: {'mlp_n_layers': 3, 'mlp_dim_00': 144, 'mlp_dim_01': 144, 'mlp_dim_02': 256, 'hidden_channels': 48, 'num_layers': 1, 'num_timesteps': 3, 'dropout': 0.23387498472371715, 'train_learning_rate': 0.008964735313623831, 'train_lr_reduce': 0.6}. Best is trial 130 with value: 0.0812772810459137.
[I 2024-12-16 00:34:35,467] Trial 1763 finished with value: 0.10206107050180435 and parameters: {'mlp_n_layers': 2, 'mlp_dim_00': 208, 'mlp_dim_01': 208, 'hidden_channels': 80, 'num_layers': 2, 'num_timesteps': 3, 'dropout': 0.20187723395481746, 'train_learning_rate': 0.0064433553386941955, 'train_lr_reduce': 0.6}. Best is trial 130 with value: 0.0812772810459137.
[I 2024-12-16 00:34:36,204] Trial 1761 finished with value: 0.13822002708911896 and parameters: {'mlp_n_layers': 2, 'mlp_dim_00': 208, 'mlp_dim_01': 160, 'hidden_channels': 96, 'num_layers': 2, 'num_timesteps': 2, 'dropout': 0.14130500474315208, 'train_learning_rate': 0.008616773495565376, 'train_lr_reduce': 0.6}. Best is trial 130 with value: 0.0812772810459137.
[I 2024-12-16 00:34:36,855] Trial 1764 finished with value: 0.14133214950561523 and parameters: {'mlp_n_layers': 3, 'mlp_dim_00': 96, 'mlp_dim_01': 128, 'mlp_dim_02': 240, 'hidden_channels': 112, 'num_layers': 1, 'num_timesteps': 2, 'dropout': 0.2533091738794303, 'train_learning_rate': 0.006955091647082188, 'train_lr_reduce': 0.6}. Best is trial 130 with value: 0.0812772810459137.
[I 2024-12-16 00:34:44,177] Trial 1766 finished with value: 0.08469948917627335 and parameters: {'mlp_n_layers': 2, 'mlp_dim_00': 240, 'mlp_dim_01': 192, 'hidden_channels': 64, 'num_layers': 1, 'num_timesteps': 3, 'dropout': 0.22201906482148703, 'train_learning_rate': 0.0096712507271804, 'train_lr_reduce': 0.6}. Best is trial 130 with value: 0.0812772810459137.
[I 2024-12-16 00:34:51,648] Trial 1765 finished with value: 0.12413255870342255 and parameters: {'mlp_n_layers': 3, 'mlp_dim_00': 96, 'mlp_dim_01': 208, 'mlp_dim_02': 48, 'hidden_channels': 64, 'num_layers': 3, 'num_timesteps': 4, 'dropout': 0.01699059604478502, 'train_learning_rate': 0.0018067092069397176, 'train_lr_reduce': 0.6}. Best is trial 130 with value: 0.0812772810459137.
[I 2024-12-16 00:34:51,956] Trial 1767 finished with value: 0.10450378060340881 and parameters: {'mlp_n_layers': 2, 'mlp_dim_00': 80, 'mlp_dim_01': 256, 'hidden_channels': 48, 'num_layers': 3, 'num_timesteps': 4, 'dropout': 0.18447368580516582, 'train_learning_rate': 0.009670021524998977, 'train_lr_reduce': 0.6}. Best is trial 130 with value: 0.0812772810459137.
[I 2024-12-16 00:34:53,954] Trial 1768 finished with value: 0.0981217622756958 and parameters: {'mlp_n_layers': 2, 'mlp_dim_00': 240, 'mlp_dim_01': 192, 'hidden_channels': 80, 'num_layers': 1, 'num_timesteps': 3, 'dropout': 0.23013484829303563, 'train_learning_rate': 0.009591126130759657, 'train_lr_reduce': 0.6}. Best is trial 130 with value: 0.0812772810459137.
[I 2024-12-16 00:35:01,157] Trial 1770 finished with value: 0.12339412420988083 and parameters: {'mlp_n_layers': 2, 'mlp_dim_00': 208, 'mlp_dim_01': 224, 'hidden_channels': 80, 'num_layers': 2, 'num_timesteps': 3, 'dropout': 0.1672520390282923, 'train_learning_rate': 0.00405478640676394, 'train_lr_reduce': 0.6}. Best is trial 130 with value: 0.0812772810459137.
[I 2024-12-16 00:35:02,206] Trial 1769 finished with value: 0.11217398941516876 and parameters: {'mlp_n_layers': 2, 'mlp_dim_00': 208, 'mlp_dim_01': 144, 'hidden_channels': 80, 'num_layers': 1, 'num_timesteps': 2, 'dropout': 0.25282253447007236, 'train_learning_rate': 0.0026164130452478664, 'train_lr_reduce': 0.6}. Best is trial 130 with value: 0.0812772810459137.
[I 2024-12-16 00:35:02,755] Trial 1771 finished with value: 0.12199819087982178 and parameters: {'mlp_n_layers': 2, 'mlp_dim_00': 256, 'mlp_dim_01': 160, 'hidden_channels': 48, 'num_layers': 1, 'num_timesteps': 3, 'dropout': 0.2203158947550794, 'train_learning_rate': 0.0026708375562767613, 'train_lr_reduce': 0.6}. Best is trial 130 with value: 0.0812772810459137.
[I 2024-12-16 00:35:12,303] Trial 1772 finished with value: 0.10731060057878494 and parameters: {'mlp_n_layers': 2, 'mlp_dim_00': 240, 'mlp_dim_01': 208, 'hidden_channels': 32, 'num_layers': 1, 'num_timesteps': 3, 'dropout': 0.15463753576357953, 'train_learning_rate': 0.0036857407082569764, 'train_lr_reduce': 0.6}. Best is trial 130 with value: 0.0812772810459137.
[I 2024-12-16 00:35:15,039] Trial 1773 finished with value: 0.11789815872907639 and parameters: {'mlp_n_layers': 2, 'mlp_dim_00': 256, 'mlp_dim_01': 208, 'hidden_channels': 64, 'num_layers': 1, 'num_timesteps': 3, 'dropout': 0.18536146224421593, 'train_learning_rate': 0.005022003672394278, 'train_lr_reduce': 0.6}. Best is trial 130 with value: 0.0812772810459137.
[I 2024-12-16 00:35:19,174] Trial 1774 finished with value: 0.12712466716766357 and parameters: {'mlp_n_layers': 2, 'mlp_dim_00': 224, 'mlp_dim_01': 208, 'hidden_channels': 96, 'num_layers': 1, 'num_timesteps': 2, 'dropout': 0.212993994398044, 'train_learning_rate': 0.005573257215455627, 'train_lr_reduce': 0.6}. Best is trial 130 with value: 0.0812772810459137.
[I 2024-12-16 00:35:30,072] Trial 1775 finished with value: 0.11697296053171158 and parameters: {'mlp_n_layers': 2, 'mlp_dim_00': 224, 'mlp_dim_01': 64, 'hidden_channels': 128, 'num_layers': 3, 'num_timesteps': 3, 'dropout': 0.29976035897057235, 'train_learning_rate': 0.007992793431438844, 'train_lr_reduce': 0.6}. Best is trial 130 with value: 0.0812772810459137.
[I 2024-12-16 00:35:32,065] Trial 1776 finished with value: 0.14793814718723297 and parameters: {'mlp_n_layers': 4, 'mlp_dim_00': 32, 'mlp_dim_01': 144, 'mlp_dim_02': 32, 'mlp_dim_03': 176, 'hidden_channels': 192, 'num_layers': 2, 'num_timesteps': 3, 'dropout': 0.10713516005906368, 'train_learning_rate': 0.002184664395219188, 'train_lr_reduce': 0.6}. Best is trial 130 with value: 0.0812772810459137.
[I 2024-12-16 00:35:40,674] Trial 1777 finished with value: 0.10154344141483307 and parameters: {'mlp_n_layers': 2, 'mlp_dim_00': 80, 'mlp_dim_01': 256, 'hidden_channels': 32, 'num_layers': 2, 'num_timesteps': 3, 'dropout': 0.1604591121609413, 'train_learning_rate': 0.0015533263548092795, 'train_lr_reduce': 0.6}. Best is trial 130 with value: 0.0812772810459137.
[I 2024-12-16 00:35:41,187] Trial 1778 finished with value: 0.09946903586387634 and parameters: {'mlp_n_layers': 2, 'mlp_dim_00': 256, 'mlp_dim_01': 192, 'hidden_channels': 80, 'num_layers': 2, 'num_timesteps': 3, 'dropout': 0.14188543788158164, 'train_learning_rate': 0.003828922147597021, 'train_lr_reduce': 0.6}. Best is trial 130 with value: 0.0812772810459137.
[I 2024-12-16 00:35:47,007] Trial 1779 finished with value: 0.138901486992836 and parameters: {'mlp_n_layers': 4, 'mlp_dim_00': 160, 'mlp_dim_01': 128, 'mlp_dim_02': 224, 'mlp_dim_03': 208, 'hidden_channels': 48, 'num_layers': 1, 'num_timesteps': 4, 'dropout': 0.05834629017887989, 'train_learning_rate': 0.0011305912701760862, 'train_lr_reduce': 0.6}. Best is trial 130 with value: 0.0812772810459137.
[I 2024-12-16 00:35:49,872] Trial 1780 finished with value: 0.09903497248888016 and parameters: {'mlp_n_layers': 2, 'mlp_dim_00': 208, 'mlp_dim_01': 208, 'hidden_channels': 32, 'num_layers': 1, 'num_timesteps': 3, 'dropout': 0.20107353183342264, 'train_learning_rate': 0.003074756512690265, 'train_lr_reduce': 0.6}. Best is trial 130 with value: 0.0812772810459137.
[I 2024-12-16 00:35:52,315] Trial 1781 finished with value: 0.12337548285722733 and parameters: {'mlp_n_layers': 2, 'mlp_dim_00': 224, 'mlp_dim_01': 192, 'hidden_channels': 80, 'num_layers': 1, 'num_timesteps': 3, 'dropout': 0.1387860896729018, 'train_learning_rate': 0.008561544935880495, 'train_lr_reduce': 0.6}. Best is trial 130 with value: 0.0812772810459137.
[I 2024-12-16 00:35:59,225] Trial 1782 finished with value: 0.14270715415477753 and parameters: {'mlp_n_layers': 4, 'mlp_dim_00': 32, 'mlp_dim_01': 48, 'mlp_dim_02': 256, 'mlp_dim_03': 32, 'hidden_channels': 192, 'num_layers': 1, 'num_timesteps': 1, 'dropout': 0.08423343012288857, 'train_learning_rate': 0.005773267905494884, 'train_lr_reduce': 0.6}. Best is trial 130 with value: 0.0812772810459137.
[I 2024-12-16 00:36:03,777] Trial 1784 finished with value: 0.08301695436239243 and parameters: {'mlp_n_layers': 2, 'mlp_dim_00': 192, 'mlp_dim_01': 192, 'hidden_channels': 64, 'num_layers': 2, 'num_timesteps': 3, 'dropout': 0.2054165069441939, 'train_learning_rate': 0.008794907620321393, 'train_lr_reduce': 0.6}. Best is trial 130 with value: 0.0812772810459137.
[I 2024-12-16 00:36:05,247] Trial 1783 finished with value: 0.12168274074792862 and parameters: {'mlp_n_layers': 3, 'mlp_dim_00': 160, 'mlp_dim_01': 160, 'mlp_dim_02': 64, 'hidden_channels': 32, 'num_layers': 3, 'num_timesteps': 3, 'dropout': 0.030906539880639128, 'train_learning_rate': 0.002409433131086184, 'train_lr_reduce': 0.6}. Best is trial 130 with value: 0.0812772810459137.
[I 2024-12-16 00:36:08,511] Trial 1785 finished with value: 0.10091879218816757 and parameters: {'mlp_n_layers': 2, 'mlp_dim_00': 256, 'mlp_dim_01': 192, 'hidden_channels': 64, 'num_layers': 1, 'num_timesteps': 3, 'dropout': 0.23127517452783938, 'train_learning_rate': 0.006658410852966043, 'train_lr_reduce': 0.6}. Best is trial 130 with value: 0.0812772810459137.
[I 2024-12-16 00:36:16,897] Trial 1786 finished with value: 0.11977072060108185 and parameters: {'mlp_n_layers': 2, 'mlp_dim_00': 192, 'mlp_dim_01': 176, 'hidden_channels': 96, 'num_layers': 2, 'num_timesteps': 3, 'dropout': 0.2543613033723277, 'train_learning_rate': 0.004899437436875185, 'train_lr_reduce': 0.6}. Best is trial 130 with value: 0.0812772810459137.
[I 2024-12-16 00:36:18,080] Trial 1787 finished with value: 0.11513534933328629 and parameters: {'mlp_n_layers': 2, 'mlp_dim_00': 176, 'mlp_dim_01': 192, 'hidden_channels': 80, 'num_layers': 2, 'num_timesteps': 3, 'dropout': 0.17545769811798304, 'train_learning_rate': 0.008537605522284695, 'train_lr_reduce': 0.6}. Best is trial 130 with value: 0.0812772810459137.
[I 2024-12-16 00:36:18,998] Trial 1788 finished with value: 0.134146586060524 and parameters: {'mlp_n_layers': 2, 'mlp_dim_00': 192, 'mlp_dim_01': 192, 'hidden_channels': 32, 'num_layers': 2, 'num_timesteps': 3, 'dropout': 0.22026201068307924, 'train_learning_rate': 0.004321546127290136, 'train_lr_reduce': 0.6}. Best is trial 130 with value: 0.0812772810459137.
[I 2024-12-16 00:36:27,915] Trial 1790 finished with value: 0.11332099884748459 and parameters: {'mlp_n_layers': 2, 'mlp_dim_00': 208, 'mlp_dim_01': 176, 'hidden_channels': 64, 'num_layers': 2, 'num_timesteps': 2, 'dropout': 0.2461845197891506, 'train_learning_rate': 0.004856632903359261, 'train_lr_reduce': 0.6}. Best is trial 130 with value: 0.0812772810459137.
[I 2024-12-16 00:36:33,876] Trial 1791 finished with value: 0.12482766807079315 and parameters: {'mlp_n_layers': 2, 'mlp_dim_00': 240, 'mlp_dim_01': 160, 'hidden_channels': 112, 'num_layers': 3, 'num_timesteps': 4, 'dropout': 0.16526607671358273, 'train_learning_rate': 0.003254020711046171, 'train_lr_reduce': 0.6}. Best is trial 130 with value: 0.0812772810459137.
[I 2024-12-16 00:36:38,997] Trial 1789 finished with value: 0.09838606417179108 and parameters: {'mlp_n_layers': 2, 'mlp_dim_00': 208, 'mlp_dim_01': 208, 'hidden_channels': 112, 'num_layers': 1, 'num_timesteps': 3, 'dropout': 0.24612906989442115, 'train_learning_rate': 0.009825808046691973, 'train_lr_reduce': 0.6}. Best is trial 130 with value: 0.0812772810459137.
[I 2024-12-16 00:36:40,193] Trial 1792 finished with value: 0.10505881905555725 and parameters: {'mlp_n_layers': 2, 'mlp_dim_00': 240, 'mlp_dim_01': 176, 'hidden_channels': 112, 'num_layers': 2, 'num_timesteps': 2, 'dropout': 0.18835844637544882, 'train_learning_rate': 0.00656456582518012, 'train_lr_reduce': 0.6}. Best is trial 130 with value: 0.0812772810459137.
[I 2024-12-16 00:36:44,804] Trial 1793 finished with value: 0.11230827122926712 and parameters: {'mlp_n_layers': 2, 'mlp_dim_00': 224, 'mlp_dim_01': 192, 'hidden_channels': 112, 'num_layers': 2, 'num_timesteps': 3, 'dropout': 0.18900589122975503, 'train_learning_rate': 0.009179970295831843, 'train_lr_reduce': 0.6}. Best is trial 130 with value: 0.0812772810459137.
[I 2024-12-16 00:36:52,647] Trial 1794 finished with value: 0.11624489724636078 and parameters: {'mlp_n_layers': 2, 'mlp_dim_00': 240, 'mlp_dim_01': 176, 'hidden_channels': 64, 'num_layers': 2, 'num_timesteps': 3, 'dropout': 0.03340020757229393, 'train_learning_rate': 0.00764025658595892, 'train_lr_reduce': 0.6}. Best is trial 130 with value: 0.0812772810459137.
[I 2024-12-16 00:36:55,064] Trial 1796 finished with value: 0.12424419820308685 and parameters: {'mlp_n_layers': 2, 'mlp_dim_00': 224, 'mlp_dim_01': 224, 'hidden_channels': 80, 'num_layers': 1, 'num_timesteps': 3, 'dropout': 0.21834784327605858, 'train_learning_rate': 0.00568919047298084, 'train_lr_reduce': 0.6}. Best is trial 130 with value: 0.0812772810459137.
[I 2024-12-16 00:36:55,246] Trial 1795 finished with value: 0.11949661374092102 and parameters: {'mlp_n_layers': 2, 'mlp_dim_00': 240, 'mlp_dim_01': 176, 'hidden_channels': 96, 'num_layers': 2, 'num_timesteps': 4, 'dropout': 0.24046215591388853, 'train_learning_rate': 0.002626594830368313, 'train_lr_reduce': 0.6}. Best is trial 130 with value: 0.0812772810459137.
[I 2024-12-16 00:37:02,966] Trial 1797 finished with value: 0.09982547909021378 and parameters: {'mlp_n_layers': 2, 'mlp_dim_00': 240, 'mlp_dim_01': 192, 'hidden_channels': 32, 'num_layers': 2, 'num_timesteps': 3, 'dropout': 0.2605441479065619, 'train_learning_rate': 0.008575157794090096, 'train_lr_reduce': 0.6}. Best is trial 130 with value: 0.0812772810459137.
[I 2024-12-16 00:37:06,812] Trial 1799 finished with value: 0.10021398961544037 and parameters: {'mlp_n_layers': 2, 'mlp_dim_00': 192, 'mlp_dim_01': 176, 'hidden_channels': 80, 'num_layers': 1, 'num_timesteps': 3, 'dropout': 0.16182783926919497, 'train_learning_rate': 0.009278325585281057, 'train_lr_reduce': 0.6}. Best is trial 130 with value: 0.0812772810459137.
[I 2024-12-16 00:37:11,554] Trial 1798 finished with value: 0.08803361654281616 and parameters: {'mlp_n_layers': 2, 'mlp_dim_00': 240, 'mlp_dim_01': 208, 'hidden_channels': 32, 'num_layers': 1, 'num_timesteps': 3, 'dropout': 0.23127189015140515, 'train_learning_rate': 0.008508095693107651, 'train_lr_reduce': 0.6}. Best is trial 130 with value: 0.0812772810459137.
[I 2024-12-16 00:37:15,174] Trial 1800 finished with value: 0.10512037575244904 and parameters: {'mlp_n_layers': 2, 'mlp_dim_00': 208, 'mlp_dim_01': 224, 'hidden_channels': 64, 'num_layers': 2, 'num_timesteps': 3, 'dropout': 0.17884924788368112, 'train_learning_rate': 0.00940452713890819, 'train_lr_reduce': 0.6}. Best is trial 130 with value: 0.0812772810459137.
[I 2024-12-16 00:37:17,518] Trial 1801 finished with value: 0.19970937073230743 and parameters: {'mlp_n_layers': 4, 'mlp_dim_00': 32, 'mlp_dim_01': 176, 'mlp_dim_02': 32, 'mlp_dim_03': 96, 'hidden_channels': 48, 'num_layers': 1, 'num_timesteps': 2, 'dropout': 0.21293638596376868, 'train_learning_rate': 0.009916207098707481, 'train_lr_reduce': 0.6}. Best is trial 130 with value: 0.0812772810459137.
[I 2024-12-16 00:37:27,338] Trial 1802 finished with value: 0.11464478820562363 and parameters: {'mlp_n_layers': 4, 'mlp_dim_00': 64, 'mlp_dim_01': 64, 'mlp_dim_02': 224, 'mlp_dim_03': 144, 'hidden_channels': 128, 'num_layers': 1, 'num_timesteps': 4, 'dropout': 0.16963453194754927, 'train_learning_rate': 0.008511829393517661, 'train_lr_reduce': 0.6}. Best is trial 130 with value: 0.0812772810459137.
