[I 2024-12-19 17:54:18,908] Trial 176 finished with value: 0.1252375841140747 and parameters: {'mlp_n_layers': 1, 'mlp_dim_00': 483, 'node_hidden_dim': 55, 'edge_hidden_dim': 44, 'depth': 1, 'rep_dropout': 0.04299275411095828, 'train_learning_rate': 0.004740480333266849, 'train_lr_reduce': 0.6}. Best is trial 158 with value: 0.11393879354000092.
[I 2024-12-19 17:54:23,667] Trial 177 finished with value: 0.1380869597196579 and parameters: {'mlp_n_layers': 3, 'mlp_dim_00': 301, 'mlp_dim_01': 449, 'mlp_dim_02': 436, 'node_hidden_dim': 42, 'edge_hidden_dim': 82, 'depth': 1, 'rep_dropout': 0.023104708007783976, 'train_learning_rate': 0.0029227931559462016, 'train_lr_reduce': 0.6}. Best is trial 158 with value: 0.11393879354000092.
[I 2024-12-19 17:54:29,337] Trial 181 finished with value: 1.1444262266159058 and parameters: {'mlp_n_layers': 1, 'mlp_dim_00': 502, 'node_hidden_dim': 54, 'edge_hidden_dim': 72, 'depth': 2, 'rep_dropout': 0.027304043326690505, 'train_learning_rate': 0.0031499436254998807, 'train_lr_reduce': 0.6}. Best is trial 158 with value: 0.11393879354000092.
[I 2024-12-19 17:54:34,067] Trial 182 finished with value: 1.1519898176193237 and parameters: {'mlp_n_layers': 2, 'mlp_dim_00': 450, 'mlp_dim_01': 456, 'node_hidden_dim': 53, 'edge_hidden_dim': 32, 'depth': 2, 'rep_dropout': 0.058963959467409864, 'train_learning_rate': 0.0015479336378751134, 'train_lr_reduce': 0.6}. Best is trial 158 with value: 0.11393879354000092.
[I 2024-12-19 17:54:50,449] Trial 180 finished with value: 0.3715016543865204 and parameters: {'mlp_n_layers': 1, 'mlp_dim_00': 507, 'node_hidden_dim': 68, 'edge_hidden_dim': 36, 'depth': 2, 'rep_dropout': 0.06230844947540615, 'train_learning_rate': 0.005529358397438679, 'train_lr_reduce': 0.6}. Best is trial 158 with value: 0.11393879354000092.
[I 2024-12-19 17:55:00,957] Trial 179 finished with value: 0.1257559210062027 and parameters: {'mlp_n_layers': 1, 'mlp_dim_00': 429, 'node_hidden_dim': 33, 'edge_hidden_dim': 85, 'depth': 1, 'rep_dropout': 0.002373663893631285, 'train_learning_rate': 0.0019169315129378955, 'train_lr_reduce': 0.6}. Best is trial 158 with value: 0.11393879354000092.
[I 2024-12-19 17:55:18,019] Trial 183 finished with value: 0.1593814343214035 and parameters: {'mlp_n_layers': 1, 'mlp_dim_00': 504, 'node_hidden_dim': 51, 'edge_hidden_dim': 33, 'depth': 1, 'rep_dropout': 0.03835675500147147, 'train_learning_rate': 0.0031169006568562674, 'train_lr_reduce': 0.6}. Best is trial 158 with value: 0.11393879354000092.
[I 2024-12-19 17:55:35,309] Trial 184 finished with value: 0.30003121495246887 and parameters: {'mlp_n_layers': 4, 'mlp_dim_00': 210, 'mlp_dim_01': 272, 'mlp_dim_02': 508, 'mlp_dim_03': 509, 'node_hidden_dim': 47, 'edge_hidden_dim': 45, 'depth': 1, 'rep_dropout': 0.002092281643574811, 'train_learning_rate': 0.008243060074506516, 'train_lr_reduce': 0.6}. Best is trial 158 with value: 0.11393879354000092.
[I 2024-12-19 17:55:41,455] Trial 187 finished with value: 1.1438981294631958 and parameters: {'mlp_n_layers': 1, 'mlp_dim_00': 488, 'node_hidden_dim': 33, 'edge_hidden_dim': 57, 'depth': 2, 'rep_dropout': 0.05655061748938635, 'train_learning_rate': 0.0024785502151760514, 'train_lr_reduce': 0.6}. Best is trial 158 with value: 0.11393879354000092.
[I 2024-12-19 17:55:45,857] Trial 185 finished with value: 0.12977218627929688 and parameters: {'mlp_n_layers': 1, 'mlp_dim_00': 355, 'node_hidden_dim': 40, 'edge_hidden_dim': 87, 'depth': 1, 'rep_dropout': 0.0009462198794938431, 'train_learning_rate': 0.00328062064458764, 'train_lr_reduce': 0.6}. Best is trial 158 with value: 0.11393879354000092.
[I 2024-12-19 17:56:03,430] Trial 186 finished with value: 0.29613199830055237 and parameters: {'mlp_n_layers': 4, 'mlp_dim_00': 199, 'mlp_dim_01': 454, 'mlp_dim_02': 403, 'mlp_dim_03': 307, 'node_hidden_dim': 32, 'edge_hidden_dim': 83, 'depth': 1, 'rep_dropout': 6.267198189802321e-05, 'train_learning_rate': 0.0049769317931835436, 'train_lr_reduce': 0.6}. Best is trial 158 with value: 0.11393879354000092.
[I 2024-12-19 17:56:09,359] Trial 190 finished with value: 1.146583914756775 and parameters: {'mlp_n_layers': 1, 'mlp_dim_00': 347, 'node_hidden_dim': 54, 'edge_hidden_dim': 44, 'depth': 4, 'rep_dropout': 0.12723320460009507, 'train_learning_rate': 0.0012100540680660757, 'train_lr_reduce': 0.6}. Best is trial 158 with value: 0.11393879354000092.
[I 2024-12-19 17:56:28,750] Trial 188 finished with value: 0.12860924005508423 and parameters: {'mlp_n_layers': 1, 'mlp_dim_00': 500, 'node_hidden_dim': 48, 'edge_hidden_dim': 82, 'depth': 1, 'rep_dropout': 0.026161914844680764, 'train_learning_rate': 0.0018426330900116938, 'train_lr_reduce': 0.6}. Best is trial 158 with value: 0.11393879354000092.
[I 2024-12-19 17:56:35,750] Trial 189 finished with value: 0.14057256281375885 and parameters: {'mlp_n_layers': 4, 'mlp_dim_00': 300, 'mlp_dim_01': 384, 'mlp_dim_02': 409, 'mlp_dim_03': 286, 'node_hidden_dim': 41, 'edge_hidden_dim': 66, 'depth': 1, 'rep_dropout': 0.014406675067237742, 'train_learning_rate': 0.0028418689746658346, 'train_lr_reduce': 0.6}. Best is trial 158 with value: 0.11393879354000092.
[I 2024-12-19 17:56:57,710] Trial 191 finished with value: 0.17691360414028168 and parameters: {'mlp_n_layers': 4, 'mlp_dim_00': 340, 'mlp_dim_01': 68, 'mlp_dim_02': 279, 'mlp_dim_03': 399, 'node_hidden_dim': 53, 'edge_hidden_dim': 101, 'depth': 1, 'rep_dropout': 0.0026588157211185834, 'train_learning_rate': 0.0028983940824888047, 'train_lr_reduce': 0.6}. Best is trial 158 with value: 0.11393879354000092.
[I 2024-12-19 17:57:02,844] Trial 194 finished with value: 1.1421085596084595 and parameters: {'mlp_n_layers': 1, 'mlp_dim_00': 368, 'node_hidden_dim': 37, 'edge_hidden_dim': 83, 'depth': 1, 'rep_dropout': 0.022659703040854077, 'train_learning_rate': 0.0018894412441209812, 'train_lr_reduce': 0.6}. Best is trial 158 with value: 0.11393879354000092.
[I 2024-12-19 17:57:07,818] Trial 195 finished with value: 1.1430246829986572 and parameters: {'mlp_n_layers': 2, 'mlp_dim_00': 475, 'mlp_dim_01': 460, 'node_hidden_dim': 35, 'edge_hidden_dim': 108, 'depth': 1, 'rep_dropout': 0.04617988805692654, 'train_learning_rate': 0.0015182322919846476, 'train_lr_reduce': 0.6}. Best is trial 158 with value: 0.11393879354000092.
[I 2024-12-19 17:57:11,017] Trial 193 finished with value: 0.15380889177322388 and parameters: {'mlp_n_layers': 1, 'mlp_dim_00': 505, 'node_hidden_dim': 48, 'edge_hidden_dim': 81, 'depth': 1, 'rep_dropout': 0.015322334787211428, 'train_learning_rate': 0.0038199100087218433, 'train_lr_reduce': 0.6}. Best is trial 158 with value: 0.11393879354000092.
[I 2024-12-19 17:57:18,331] Trial 192 finished with value: 0.15887537598609924 and parameters: {'mlp_n_layers': 1, 'mlp_dim_00': 337, 'node_hidden_dim': 49, 'edge_hidden_dim': 101, 'depth': 1, 'rep_dropout': 0.018282074243172273, 'train_learning_rate': 0.0010357441491575152, 'train_lr_reduce': 0.6}. Best is trial 158 with value: 0.11393879354000092.
[I 2024-12-19 17:57:39,743] Trial 197 finished with value: 0.28955790400505066 and parameters: {'mlp_n_layers': 4, 'mlp_dim_00': 262, 'mlp_dim_01': 394, 'mlp_dim_02': 413, 'mlp_dim_03': 240, 'node_hidden_dim': 42, 'edge_hidden_dim': 80, 'depth': 1, 'rep_dropout': 0.04918592459095254, 'train_learning_rate': 0.00939757466702739, 'train_lr_reduce': 0.6}. Best is trial 158 with value: 0.11393879354000092.
[I 2024-12-19 17:57:55,624] Trial 196 finished with value: 0.15314464271068573 and parameters: {'mlp_n_layers': 1, 'mlp_dim_00': 424, 'node_hidden_dim': 43, 'edge_hidden_dim': 67, 'depth': 1, 'rep_dropout': 0.04303168183701543, 'train_learning_rate': 0.0020055296953239046, 'train_lr_reduce': 0.6}. Best is trial 158 with value: 0.11393879354000092.
[I 2024-12-19 17:58:06,540] Trial 200 finished with value: 0.7398086786270142 and parameters: {'mlp_n_layers': 1, 'mlp_dim_00': 351, 'node_hidden_dim': 48, 'edge_hidden_dim': 86, 'depth': 2, 'rep_dropout': 0.010847921425012588, 'train_learning_rate': 0.0067480638473288645, 'train_lr_reduce': 0.6}. Best is trial 158 with value: 0.11393879354000092.
[I 2024-12-19 17:58:09,682] Trial 198 finished with value: 0.14951539039611816 and parameters: {'mlp_n_layers': 4, 'mlp_dim_00': 315, 'mlp_dim_01': 462, 'mlp_dim_02': 510, 'mlp_dim_03': 375, 'node_hidden_dim': 34, 'edge_hidden_dim': 75, 'depth': 2, 'rep_dropout': 0.006471202174290199, 'train_learning_rate': 0.007627398271857349, 'train_lr_reduce': 0.6}. Best is trial 158 with value: 0.11393879354000092.
[I 2024-12-19 17:58:29,008] Trial 199 finished with value: 0.13448792695999146 and parameters: {'mlp_n_layers': 1, 'mlp_dim_00': 476, 'node_hidden_dim': 32, 'edge_hidden_dim': 46, 'depth': 1, 'rep_dropout': 0.04171843484360475, 'train_learning_rate': 0.00231205164379797, 'train_lr_reduce': 0.6}. Best is trial 158 with value: 0.11393879354000092.
[I 2024-12-19 17:58:34,457] Trial 203 finished with value: 1.1457940340042114 and parameters: {'mlp_n_layers': 2, 'mlp_dim_00': 477, 'mlp_dim_01': 369, 'node_hidden_dim': 33, 'edge_hidden_dim': 83, 'depth': 1, 'rep_dropout': 0.002823347201913998, 'train_learning_rate': 0.0007821206272501936, 'train_lr_reduce': 0.6}. Best is trial 158 with value: 0.11393879354000092.
[I 2024-12-19 17:58:40,865] Trial 201 finished with value: 0.1628395915031433 and parameters: {'mlp_n_layers': 1, 'mlp_dim_00': 431, 'node_hidden_dim': 52, 'edge_hidden_dim': 106, 'depth': 1, 'rep_dropout': 0.020168569678121, 'train_learning_rate': 0.002075772824607793, 'train_lr_reduce': 0.6}. Best is trial 158 with value: 0.11393879354000092.
[I 2024-12-19 17:58:41,606] Trial 204 finished with value: 1.142416000366211 and parameters: {'mlp_n_layers': 2, 'mlp_dim_00': 112, 'mlp_dim_01': 393, 'node_hidden_dim': 113, 'edge_hidden_dim': 99, 'depth': 4, 'rep_dropout': 0.08575628285018007, 'train_learning_rate': 0.004588940782135914, 'train_lr_reduce': 0.6}. Best is trial 158 with value: 0.11393879354000092.
[I 2024-12-19 17:58:48,404] Trial 206 finished with value: 1.1416043043136597 and parameters: {'mlp_n_layers': 4, 'mlp_dim_00': 93, 'mlp_dim_01': 469, 'mlp_dim_02': 265, 'mlp_dim_03': 198, 'node_hidden_dim': 52, 'edge_hidden_dim': 114, 'depth': 4, 'rep_dropout': 0.09671207029112726, 'train_learning_rate': 0.0007377679023801367, 'train_lr_reduce': 0.6}. Best is trial 158 with value: 0.11393879354000092.
[I 2024-12-19 17:58:49,897] Trial 202 finished with value: 0.2039572149515152 and parameters: {'mlp_n_layers': 1, 'mlp_dim_00': 443, 'node_hidden_dim': 36, 'edge_hidden_dim': 86, 'depth': 1, 'rep_dropout': 0.05378012089164786, 'train_learning_rate': 0.0014942319001203424, 'train_lr_reduce': 0.6}. Best is trial 158 with value: 0.11393879354000092.
[I 2024-12-19 17:58:55,055] Trial 207 finished with value: 1.1488616466522217 and parameters: {'mlp_n_layers': 2, 'mlp_dim_00': 448, 'mlp_dim_01': 370, 'node_hidden_dim': 45, 'edge_hidden_dim': 121, 'depth': 4, 'rep_dropout': 0.09064821543906611, 'train_learning_rate': 0.007000550907471803, 'train_lr_reduce': 0.6}. Best is trial 158 with value: 0.11393879354000092.
[I 2024-12-19 17:59:00,985] Trial 209 finished with value: 1.1450269222259521 and parameters: {'mlp_n_layers': 1, 'mlp_dim_00': 313, 'node_hidden_dim': 35, 'edge_hidden_dim': 61, 'depth': 1, 'rep_dropout': 0.00843315712013629, 'train_learning_rate': 0.0013052712068891575, 'train_lr_reduce': 0.6}. Best is trial 158 with value: 0.11393879354000092.
[I 2024-12-19 17:59:10,176] Trial 210 finished with value: 1.1424319744110107 and parameters: {'mlp_n_layers': 4, 'mlp_dim_00': 115, 'mlp_dim_01': 460, 'mlp_dim_02': 375, 'mlp_dim_03': 471, 'node_hidden_dim': 80, 'edge_hidden_dim': 90, 'depth': 4, 'rep_dropout': 0.011502487459938662, 'train_learning_rate': 0.0001800812112332535, 'train_lr_reduce': 0.6}. Best is trial 158 with value: 0.11393879354000092.
[I 2024-12-19 17:59:16,476] Trial 211 finished with value: 1.1566370725631714 and parameters: {'mlp_n_layers': 2, 'mlp_dim_00': 66, 'mlp_dim_01': 345, 'node_hidden_dim': 35, 'edge_hidden_dim': 106, 'depth': 4, 'rep_dropout': 0.006274303948427276, 'train_learning_rate': 0.003287655146395489, 'train_lr_reduce': 0.6}. Best is trial 158 with value: 0.11393879354000092.
[I 2024-12-19 17:59:23,625] Trial 205 finished with value: 0.13205601274967194 and parameters: {'mlp_n_layers': 1, 'mlp_dim_00': 389, 'node_hidden_dim': 46, 'edge_hidden_dim': 89, 'depth': 1, 'rep_dropout': 0.0054493733884940585, 'train_learning_rate': 0.002962653338761277, 'train_lr_reduce': 0.6}. Best is trial 158 with value: 0.11393879354000092.
[I 2024-12-19 17:59:28,611] Trial 208 finished with value: 0.13641680777072906 and parameters: {'mlp_n_layers': 1, 'mlp_dim_00': 506, 'node_hidden_dim': 34, 'edge_hidden_dim': 56, 'depth': 1, 'rep_dropout': 0.04661866780620225, 'train_learning_rate': 0.0025311552702552615, 'train_lr_reduce': 0.6}. Best is trial 158 with value: 0.11393879354000092.
[I 2024-12-19 17:59:29,420] Trial 213 finished with value: 1.1438624858856201 and parameters: {'mlp_n_layers': 1, 'mlp_dim_00': 413, 'node_hidden_dim': 49, 'edge_hidden_dim': 89, 'depth': 2, 'rep_dropout': 0.0015317391622580315, 'train_learning_rate': 0.0017408823193379064, 'train_lr_reduce': 0.6}. Best is trial 158 with value: 0.11393879354000092.
[I 2024-12-19 18:00:01,176] Trial 212 finished with value: 0.1295502930879593 and parameters: {'mlp_n_layers': 1, 'mlp_dim_00': 470, 'node_hidden_dim': 33, 'edge_hidden_dim': 81, 'depth': 1, 'rep_dropout': 0.004367063727700374, 'train_learning_rate': 0.002859497432531084, 'train_lr_reduce': 0.6}. Best is trial 158 with value: 0.11393879354000092.
[I 2024-12-19 18:00:02,238] Trial 214 finished with value: 0.17009902000427246 and parameters: {'mlp_n_layers': 1, 'mlp_dim_00': 485, 'node_hidden_dim': 41, 'edge_hidden_dim': 46, 'depth': 1, 'rep_dropout': 0.05622495331472162, 'train_learning_rate': 0.0034019275230486737, 'train_lr_reduce': 0.6}. Best is trial 158 with value: 0.11393879354000092.
[I 2024-12-19 18:00:07,847] Trial 215 finished with value: 0.1857648640871048 and parameters: {'mlp_n_layers': 1, 'mlp_dim_00': 367, 'node_hidden_dim': 49, 'edge_hidden_dim': 101, 'depth': 1, 'rep_dropout': 0.01685285240213061, 'train_learning_rate': 0.004101416852706388, 'train_lr_reduce': 0.6}. Best is trial 158 with value: 0.11393879354000092.
[I 2024-12-19 18:00:08,991] Trial 217 finished with value: 1.150229811668396 and parameters: {'mlp_n_layers': 1, 'mlp_dim_00': 342, 'node_hidden_dim': 123, 'edge_hidden_dim': 37, 'depth': 4, 'rep_dropout': 0.01744250308937948, 'train_learning_rate': 0.0021846364341369996, 'train_lr_reduce': 0.6}. Best is trial 158 with value: 0.11393879354000092.
[I 2024-12-19 18:00:13,893] Trial 219 finished with value: 1.1433653831481934 and parameters: {'mlp_n_layers': 2, 'mlp_dim_00': 406, 'mlp_dim_01': 414, 'node_hidden_dim': 42, 'edge_hidden_dim': 93, 'depth': 1, 'rep_dropout': 0.008516885292907183, 'train_learning_rate': 0.007379943687745407, 'train_lr_reduce': 0.6}. Best is trial 158 with value: 0.11393879354000092.
[I 2024-12-19 18:00:48,769] Trial 216 finished with value: 0.15073980391025543 and parameters: {'mlp_n_layers': 1, 'mlp_dim_00': 459, 'node_hidden_dim': 34, 'edge_hidden_dim': 69, 'depth': 1, 'rep_dropout': 0.003665738903131292, 'train_learning_rate': 0.0018309556472793013, 'train_lr_reduce': 0.6}. Best is trial 158 with value: 0.11393879354000092.
[I 2024-12-19 18:00:51,843] Trial 218 finished with value: 0.14411260187625885 and parameters: {'mlp_n_layers': 1, 'mlp_dim_00': 305, 'node_hidden_dim': 47, 'edge_hidden_dim': 82, 'depth': 1, 'rep_dropout': 0.0013644190714045927, 'train_learning_rate': 0.002787709490591222, 'train_lr_reduce': 0.6}. Best is trial 158 with value: 0.11393879354000092.
[I 2024-12-19 18:00:58,867] Trial 220 finished with value: 0.12119393050670624 and parameters: {'mlp_n_layers': 1, 'mlp_dim_00': 323, 'node_hidden_dim': 34, 'edge_hidden_dim': 47, 'depth': 1, 'rep_dropout': 0.017397070433211603, 'train_learning_rate': 0.003406602771754463, 'train_lr_reduce': 0.6}. Best is trial 158 with value: 0.11393879354000092.
[I 2024-12-19 18:01:14,795] Trial 222 finished with value: 0.2666813135147095 and parameters: {'mlp_n_layers': 3, 'mlp_dim_00': 372, 'mlp_dim_01': 405, 'mlp_dim_02': 426, 'node_hidden_dim': 66, 'edge_hidden_dim': 61, 'depth': 1, 'rep_dropout': 0.01505215173167239, 'train_learning_rate': 0.008572312852155034, 'train_lr_reduce': 0.6}. Best is trial 158 with value: 0.11393879354000092.
[I 2024-12-19 18:01:27,632] Trial 223 finished with value: 0.1942642480134964 and parameters: {'mlp_n_layers': 1, 'mlp_dim_00': 257, 'node_hidden_dim': 40, 'edge_hidden_dim': 33, 'depth': 1, 'rep_dropout': 0.03329090846307366, 'train_learning_rate': 0.0039985435040985045, 'train_lr_reduce': 0.6}. Best is trial 158 with value: 0.11393879354000092.
[I 2024-12-19 18:01:33,986] Trial 221 finished with value: 0.15077537298202515 and parameters: {'mlp_n_layers': 2, 'mlp_dim_00': 387, 'mlp_dim_01': 509, 'node_hidden_dim': 43, 'edge_hidden_dim': 53, 'depth': 1, 'rep_dropout': 0.04701650227015869, 'train_learning_rate': 0.007334540290437857, 'train_lr_reduce': 0.6}. Best is trial 158 with value: 0.11393879354000092.
[I 2024-12-19 18:01:56,257] Trial 224 finished with value: 0.15751202404499054 and parameters: {'mlp_n_layers': 1, 'mlp_dim_00': 505, 'node_hidden_dim': 51, 'edge_hidden_dim': 87, 'depth': 1, 'rep_dropout': 0.020513262921484386, 'train_learning_rate': 0.0014201550117530362, 'train_lr_reduce': 0.6}. Best is trial 158 with value: 0.11393879354000092.
[I 2024-12-19 18:02:03,344] Trial 225 finished with value: 0.14718884229660034 and parameters: {'mlp_n_layers': 1, 'mlp_dim_00': 394, 'node_hidden_dim': 33, 'edge_hidden_dim': 105, 'depth': 1, 'rep_dropout': 0.0058384164434698745, 'train_learning_rate': 0.0042249314849985365, 'train_lr_reduce': 0.6}. Best is trial 158 with value: 0.11393879354000092.
[I 2024-12-19 18:02:10,564] Trial 228 finished with value: 1.1425164937973022 and parameters: {'mlp_n_layers': 3, 'mlp_dim_00': 289, 'mlp_dim_01': 349, 'mlp_dim_02': 289, 'node_hidden_dim': 50, 'edge_hidden_dim': 105, 'depth': 3, 'rep_dropout': 0.11508056291732013, 'train_learning_rate': 0.000277698757921509, 'train_lr_reduce': 0.6}. Best is trial 158 with value: 0.11393879354000092.
[I 2024-12-19 18:02:19,283] Trial 226 finished with value: 0.1251782327890396 and parameters: {'mlp_n_layers': 1, 'mlp_dim_00': 365, 'node_hidden_dim': 38, 'edge_hidden_dim': 43, 'depth': 1, 'rep_dropout': 0.004223702048975731, 'train_learning_rate': 0.0025224361137693137, 'train_lr_reduce': 0.6}. Best is trial 158 with value: 0.11393879354000092.
[I 2024-12-19 18:02:38,371] Trial 227 finished with value: 0.19579489529132843 and parameters: {'mlp_n_layers': 1, 'mlp_dim_00': 444, 'node_hidden_dim': 50, 'edge_hidden_dim': 52, 'depth': 1, 'rep_dropout': 0.03693395785773599, 'train_learning_rate': 0.005154026967773072, 'train_lr_reduce': 0.6}. Best is trial 158 with value: 0.11393879354000092.
[I 2024-12-19 18:02:56,251] Trial 229 finished with value: 0.12829869985580444 and parameters: {'mlp_n_layers': 2, 'mlp_dim_00': 507, 'mlp_dim_01': 443, 'node_hidden_dim': 36, 'edge_hidden_dim': 36, 'depth': 1, 'rep_dropout': 0.04769439418695777, 'train_learning_rate': 0.005635964794840608, 'train_lr_reduce': 0.6}. Best is trial 158 with value: 0.11393879354000092.
[I 2024-12-19 18:03:02,362] Trial 232 finished with value: 1.146754503250122 and parameters: {'mlp_n_layers': 2, 'mlp_dim_00': 352, 'mlp_dim_01': 462, 'node_hidden_dim': 36, 'edge_hidden_dim': 32, 'depth': 1, 'rep_dropout': 0.031713884802619476, 'train_learning_rate': 0.0034553870354932753, 'train_lr_reduce': 0.6}. Best is trial 158 with value: 0.11393879354000092.
[I 2024-12-19 18:03:08,565] Trial 230 finished with value: 0.11787223815917969 and parameters: {'mlp_n_layers': 1, 'mlp_dim_00': 393, 'node_hidden_dim': 32, 'edge_hidden_dim': 43, 'depth': 1, 'rep_dropout': 0.0014279228376548915, 'train_learning_rate': 0.005276830206665547, 'train_lr_reduce': 0.6}. Best is trial 158 with value: 0.11393879354000092.
[I 2024-12-19 18:03:09,601] Trial 233 finished with value: 1.1425373554229736 and parameters: {'mlp_n_layers': 3, 'mlp_dim_00': 90, 'mlp_dim_01': 406, 'mlp_dim_02': 512, 'node_hidden_dim': 51, 'edge_hidden_dim': 46, 'depth': 4, 'rep_dropout': 0.023428919202020067, 'train_learning_rate': 0.0004590759091609254, 'train_lr_reduce': 0.6}. Best is trial 158 with value: 0.11393879354000092.
[I 2024-12-19 18:03:26,215] Trial 231 finished with value: 0.15714815258979797 and parameters: {'mlp_n_layers': 4, 'mlp_dim_00': 275, 'mlp_dim_01': 320, 'mlp_dim_02': 507, 'mlp_dim_03': 511, 'node_hidden_dim': 127, 'edge_hidden_dim': 75, 'depth': 1, 'rep_dropout': 0.13645414069322173, 'train_learning_rate': 0.002155637511349035, 'train_lr_reduce': 0.6}. Best is trial 158 with value: 0.11393879354000092.
[I 2024-12-19 18:03:27,404] Trial 235 finished with value: 0.29206812381744385 and parameters: {'mlp_n_layers': 1, 'mlp_dim_00': 486, 'node_hidden_dim': 37, 'edge_hidden_dim': 48, 'depth': 1, 'rep_dropout': 0.019751180164582112, 'train_learning_rate': 0.007580074254669346, 'train_lr_reduce': 0.6}. Best is trial 158 with value: 0.11393879354000092.
[I 2024-12-19 18:03:33,476] Trial 236 finished with value: 1.1421972513198853 and parameters: {'mlp_n_layers': 4, 'mlp_dim_00': 205, 'mlp_dim_01': 444, 'mlp_dim_02': 380, 'mlp_dim_03': 368, 'node_hidden_dim': 125, 'edge_hidden_dim': 46, 'depth': 2, 'rep_dropout': 0.06999069804646024, 'train_learning_rate': 0.00021223215884257223, 'train_lr_reduce': 0.6}. Best is trial 158 with value: 0.11393879354000092.
[I 2024-12-19 18:03:58,231] Trial 234 finished with value: 0.21685053408145905 and parameters: {'mlp_n_layers': 1, 'mlp_dim_00': 324, 'node_hidden_dim': 36, 'edge_hidden_dim': 32, 'depth': 1, 'rep_dropout': 0.014679734488585056, 'train_learning_rate': 0.0017411654003082876, 'train_lr_reduce': 0.6}. Best is trial 158 with value: 0.11393879354000092.
