[I 2024-12-19 20:20:38,193] Trial 1377 finished with value: 0.3082314133644104 and parameters: {'mlp_n_layers': 4, 'mlp_dim_00': 172, 'mlp_dim_01': 244, 'mlp_dim_02': 413, 'mlp_dim_03': 406, 'node_hidden_dim': 59, 'edge_hidden_dim': 94, 'depth': 1, 'rep_dropout': 0.10986115282520788, 'train_learning_rate': 0.0006482691516432286, 'train_lr_reduce': 0.6}. Best is trial 122 with value: 0.09548358619213104.
[I 2024-12-19 20:20:42,013] Trial 1376 finished with value: 0.1156691387295723 and parameters: {'mlp_n_layers': 4, 'mlp_dim_00': 133, 'mlp_dim_01': 287, 'mlp_dim_02': 410, 'mlp_dim_03': 410, 'node_hidden_dim': 73, 'edge_hidden_dim': 107, 'depth': 1, 'rep_dropout': 0.12641257344849519, 'train_learning_rate': 0.001666348692296978, 'train_lr_reduce': 0.6}. Best is trial 122 with value: 0.09548358619213104.
[I 2024-12-19 20:20:43,516] Trial 1379 finished with value: 1.5913548469543457 and parameters: {'mlp_n_layers': 4, 'mlp_dim_00': 229, 'mlp_dim_01': 296, 'mlp_dim_02': 435, 'mlp_dim_03': 435, 'node_hidden_dim': 74, 'edge_hidden_dim': 62, 'depth': 2, 'rep_dropout': 0.1088494786449453, 'train_learning_rate': 0.002850097478633854, 'train_lr_reduce': 0.6}. Best is trial 122 with value: 0.09548358619213104.
[I 2024-12-19 20:20:47,338] Trial 1380 finished with value: 1.5789376497268677 and parameters: {'mlp_n_layers': 1, 'mlp_dim_00': 467, 'node_hidden_dim': 85, 'edge_hidden_dim': 73, 'depth': 3, 'rep_dropout': 0.12537239697729702, 'train_learning_rate': 0.003115816644721915, 'train_lr_reduce': 0.6}. Best is trial 122 with value: 0.09548358619213104.
[I 2024-12-19 20:20:49,179] Trial 1381 finished with value: 1.6767065525054932 and parameters: {'mlp_n_layers': 4, 'mlp_dim_00': 260, 'mlp_dim_01': 300, 'mlp_dim_02': 221, 'mlp_dim_03': 386, 'node_hidden_dim': 70, 'edge_hidden_dim': 55, 'depth': 2, 'rep_dropout': 0.10534613742610764, 'train_learning_rate': 0.0009838105305691877, 'train_lr_reduce': 0.6}. Best is trial 122 with value: 0.09548358619213104.
[I 2024-12-19 20:20:52,218] Trial 1382 finished with value: 1.5567004680633545 and parameters: {'mlp_n_layers': 1, 'mlp_dim_00': 155, 'node_hidden_dim': 127, 'edge_hidden_dim': 87, 'depth': 2, 'rep_dropout': 0.06878876204022721, 'train_learning_rate': 0.0012721145543315205, 'train_lr_reduce': 0.6}. Best is trial 122 with value: 0.09548358619213104.
[I 2024-12-19 20:20:57,627] Trial 1384 finished with value: 1.6648701429367065 and parameters: {'mlp_n_layers': 4, 'mlp_dim_00': 225, 'mlp_dim_01': 315, 'mlp_dim_02': 472, 'mlp_dim_03': 474, 'node_hidden_dim': 35, 'edge_hidden_dim': 89, 'depth': 1, 'rep_dropout': 0.010998437464920949, 'train_learning_rate': 0.00011380467793190377, 'train_lr_reduce': 0.6}. Best is trial 122 with value: 0.09548358619213104.
[I 2024-12-19 20:21:02,858] Trial 1385 finished with value: 1.6848094463348389 and parameters: {'mlp_n_layers': 4, 'mlp_dim_00': 233, 'mlp_dim_01': 233, 'mlp_dim_02': 401, 'mlp_dim_03': 370, 'node_hidden_dim': 104, 'edge_hidden_dim': 49, 'depth': 1, 'rep_dropout': 0.11140549901596809, 'train_learning_rate': 0.0003814052586886807, 'train_lr_reduce': 0.6}. Best is trial 122 with value: 0.09548358619213104.
[I 2024-12-19 20:21:15,243] Trial 1378 finished with value: 0.12709838151931763 and parameters: {'mlp_n_layers': 4, 'mlp_dim_00': 191, 'mlp_dim_01': 327, 'mlp_dim_02': 411, 'mlp_dim_03': 437, 'node_hidden_dim': 113, 'edge_hidden_dim': 76, 'depth': 1, 'rep_dropout': 0.13942417241054825, 'train_learning_rate': 0.0005690828166538143, 'train_lr_reduce': 0.6}. Best is trial 122 with value: 0.09548358619213104.
[I 2024-12-19 20:21:33,651] Trial 1383 finished with value: 0.12265726923942566 and parameters: {'mlp_n_layers': 4, 'mlp_dim_00': 300, 'mlp_dim_01': 297, 'mlp_dim_02': 397, 'mlp_dim_03': 442, 'node_hidden_dim': 91, 'edge_hidden_dim': 76, 'depth': 1, 'rep_dropout': 0.1102711127558101, 'train_learning_rate': 0.0005668043614644863, 'train_lr_reduce': 0.6}. Best is trial 122 with value: 0.09548358619213104.
[I 2024-12-19 20:21:39,515] Trial 1388 finished with value: 1.6789731979370117 and parameters: {'mlp_n_layers': 4, 'mlp_dim_00': 290, 'mlp_dim_01': 272, 'mlp_dim_02': 391, 'mlp_dim_03': 477, 'node_hidden_dim': 84, 'edge_hidden_dim': 83, 'depth': 1, 'rep_dropout': 0.1081876318660269, 'train_learning_rate': 0.00022193523486701067, 'train_lr_reduce': 0.6}. Best is trial 122 with value: 0.09548358619213104.
[I 2024-12-19 20:21:45,982] Trial 1387 finished with value: 0.15773160755634308 and parameters: {'mlp_n_layers': 3, 'mlp_dim_00': 215, 'mlp_dim_01': 369, 'mlp_dim_02': 471, 'node_hidden_dim': 88, 'edge_hidden_dim': 54, 'depth': 1, 'rep_dropout': 0.11022853916042429, 'train_learning_rate': 0.0009894344249309522, 'train_lr_reduce': 0.6}. Best is trial 122 with value: 0.09548358619213104.
[I 2024-12-19 20:21:53,017] Trial 1386 finished with value: 0.24797378480434418 and parameters: {'mlp_n_layers': 4, 'mlp_dim_00': 231, 'mlp_dim_01': 319, 'mlp_dim_02': 440, 'mlp_dim_03': 432, 'node_hidden_dim': 100, 'edge_hidden_dim': 94, 'depth': 1, 'rep_dropout': 0.0833590346853719, 'train_learning_rate': 0.0007754548710039346, 'train_lr_reduce': 0.6}. Best is trial 122 with value: 0.09548358619213104.
[I 2024-12-19 20:22:08,793] Trial 1390 finished with value: 0.26206859946250916 and parameters: {'mlp_n_layers': 4, 'mlp_dim_00': 138, 'mlp_dim_01': 276, 'mlp_dim_02': 477, 'mlp_dim_03': 468, 'node_hidden_dim': 90, 'edge_hidden_dim': 54, 'depth': 1, 'rep_dropout': 0.09718849972568937, 'train_learning_rate': 0.0007075383186638118, 'train_lr_reduce': 0.6}. Best is trial 122 with value: 0.09548358619213104.
[I 2024-12-19 20:22:22,041] Trial 1389 finished with value: 0.12875865399837494 and parameters: {'mlp_n_layers': 4, 'mlp_dim_00': 204, 'mlp_dim_01': 315, 'mlp_dim_02': 378, 'mlp_dim_03': 406, 'node_hidden_dim': 90, 'edge_hidden_dim': 77, 'depth': 1, 'rep_dropout': 0.10534660576208393, 'train_learning_rate': 0.0008329484688061651, 'train_lr_reduce': 0.6}. Best is trial 122 with value: 0.09548358619213104.
[I 2024-12-19 20:22:34,954] Trial 1391 finished with value: 0.10825997591018677 and parameters: {'mlp_n_layers': 4, 'mlp_dim_00': 209, 'mlp_dim_01': 329, 'mlp_dim_02': 430, 'mlp_dim_03': 368, 'node_hidden_dim': 85, 'edge_hidden_dim': 63, 'depth': 1, 'rep_dropout': 0.12835612994954176, 'train_learning_rate': 0.0007513050224083224, 'train_lr_reduce': 0.6}. Best is trial 122 with value: 0.09548358619213104.
[I 2024-12-19 20:22:50,383] Trial 1392 finished with value: 0.11399228125810623 and parameters: {'mlp_n_layers': 3, 'mlp_dim_00': 272, 'mlp_dim_01': 235, 'mlp_dim_02': 375, 'node_hidden_dim': 93, 'edge_hidden_dim': 76, 'depth': 1, 'rep_dropout': 0.08534760596692573, 'train_learning_rate': 0.0007051114834503487, 'train_lr_reduce': 0.6}. Best is trial 122 with value: 0.09548358619213104.
[I 2024-12-19 20:23:05,209] Trial 1393 finished with value: 0.1229701116681099 and parameters: {'mlp_n_layers': 4, 'mlp_dim_00': 219, 'mlp_dim_01': 318, 'mlp_dim_02': 402, 'mlp_dim_03': 437, 'node_hidden_dim': 87, 'edge_hidden_dim': 90, 'depth': 1, 'rep_dropout': 0.1288350897269705, 'train_learning_rate': 0.00041418188070003055, 'train_lr_reduce': 0.6}. Best is trial 122 with value: 0.09548358619213104.
[I 2024-12-19 20:23:12,063] Trial 1396 finished with value: 1.6601550579071045 and parameters: {'mlp_n_layers': 4, 'mlp_dim_00': 135, 'mlp_dim_01': 275, 'mlp_dim_02': 429, 'mlp_dim_03': 438, 'node_hidden_dim': 80, 'edge_hidden_dim': 38, 'depth': 4, 'rep_dropout': 0.05344425671923303, 'train_learning_rate': 0.001905561329723809, 'train_lr_reduce': 0.6}. Best is trial 122 with value: 0.09548358619213104.
[I 2024-12-19 20:23:16,233] Trial 1395 finished with value: 0.19188179075717926 and parameters: {'mlp_n_layers': 4, 'mlp_dim_00': 165, 'mlp_dim_01': 342, 'mlp_dim_02': 363, 'mlp_dim_03': 484, 'node_hidden_dim': 90, 'edge_hidden_dim': 70, 'depth': 1, 'rep_dropout': 0.11974084181448946, 'train_learning_rate': 0.0010487307769390616, 'train_lr_reduce': 0.6}. Best is trial 122 with value: 0.09548358619213104.
[I 2024-12-19 20:23:24,310] Trial 1394 finished with value: 0.14545421302318573 and parameters: {'mlp_n_layers': 3, 'mlp_dim_00': 509, 'mlp_dim_01': 338, 'mlp_dim_02': 470, 'node_hidden_dim': 72, 'edge_hidden_dim': 67, 'depth': 2, 'rep_dropout': 0.10235921295140053, 'train_learning_rate': 0.0006086094710993776, 'train_lr_reduce': 0.6}. Best is trial 122 with value: 0.09548358619213104.
[I 2024-12-19 20:23:58,353] Trial 1398 finished with value: 0.15006054937839508 and parameters: {'mlp_n_layers': 4, 'mlp_dim_00': 240, 'mlp_dim_01': 300, 'mlp_dim_02': 379, 'mlp_dim_03': 363, 'node_hidden_dim': 74, 'edge_hidden_dim': 79, 'depth': 1, 'rep_dropout': 0.11300793439930946, 'train_learning_rate': 0.0009692129617797469, 'train_lr_reduce': 0.6}. Best is trial 122 with value: 0.09548358619213104.
[I 2024-12-19 20:24:00,442] Trial 1399 finished with value: 0.19520312547683716 and parameters: {'mlp_n_layers': 3, 'mlp_dim_00': 230, 'mlp_dim_01': 347, 'mlp_dim_02': 270, 'node_hidden_dim': 56, 'edge_hidden_dim': 79, 'depth': 1, 'rep_dropout': 0.09684174386816412, 'train_learning_rate': 0.0013185284919939838, 'train_lr_reduce': 0.6}. Best is trial 122 with value: 0.09548358619213104.
[I 2024-12-19 20:24:00,509] Trial 1397 finished with value: 0.34809932112693787 and parameters: {'mlp_n_layers': 4, 'mlp_dim_00': 170, 'mlp_dim_01': 333, 'mlp_dim_02': 332, 'mlp_dim_03': 478, 'node_hidden_dim': 100, 'edge_hidden_dim': 57, 'depth': 1, 'rep_dropout': 0.10186188819694951, 'train_learning_rate': 0.0002764594150443636, 'train_lr_reduce': 0.6}. Best is trial 122 with value: 0.09548358619213104.
[I 2024-12-19 20:24:32,075] Trial 1402 finished with value: 0.2291591465473175 and parameters: {'mlp_n_layers': 4, 'mlp_dim_00': 366, 'mlp_dim_01': 346, 'mlp_dim_02': 322, 'mlp_dim_03': 429, 'node_hidden_dim': 74, 'edge_hidden_dim': 35, 'depth': 1, 'rep_dropout': 0.07474775524859663, 'train_learning_rate': 0.001890018852445208, 'train_lr_reduce': 0.6}. Best is trial 122 with value: 0.09548358619213104.
[I 2024-12-19 20:24:38,237] Trial 1403 finished with value: 1.5592631101608276 and parameters: {'mlp_n_layers': 4, 'mlp_dim_00': 296, 'mlp_dim_01': 295, 'mlp_dim_02': 364, 'mlp_dim_03': 479, 'node_hidden_dim': 108, 'edge_hidden_dim': 89, 'depth': 4, 'rep_dropout': 0.020447560660169915, 'train_learning_rate': 0.009001595744920399, 'train_lr_reduce': 0.6}. Best is trial 122 with value: 0.09548358619213104.
[I 2024-12-19 20:24:38,929] Trial 1400 finished with value: 0.12028737366199493 and parameters: {'mlp_n_layers': 4, 'mlp_dim_00': 126, 'mlp_dim_01': 279, 'mlp_dim_02': 510, 'mlp_dim_03': 399, 'node_hidden_dim': 108, 'edge_hidden_dim': 58, 'depth': 1, 'rep_dropout': 0.13687000169265232, 'train_learning_rate': 0.0010351977783149167, 'train_lr_reduce': 0.6}. Best is trial 122 with value: 0.09548358619213104.
[I 2024-12-19 20:24:44,822] Trial 1401 finished with value: 0.09950318932533264 and parameters: {'mlp_n_layers': 4, 'mlp_dim_00': 493, 'mlp_dim_01': 346, 'mlp_dim_02': 512, 'mlp_dim_03': 481, 'node_hidden_dim': 72, 'edge_hidden_dim': 48, 'depth': 1, 'rep_dropout': 0.10379318354998193, 'train_learning_rate': 0.00031332933772196145, 'train_lr_reduce': 0.6}. Best is trial 122 with value: 0.09548358619213104.
[I 2024-12-19 20:24:50,072] Trial 1406 finished with value: 1.682807445526123 and parameters: {'mlp_n_layers': 4, 'mlp_dim_00': 453, 'mlp_dim_01': 367, 'mlp_dim_02': 512, 'mlp_dim_03': 358, 'node_hidden_dim': 59, 'edge_hidden_dim': 36, 'depth': 1, 'rep_dropout': 0.12369333325758634, 'train_learning_rate': 0.00022113202773184665, 'train_lr_reduce': 0.6}. Best is trial 122 with value: 0.09548358619213104.
[I 2024-12-19 20:24:55,352] Trial 1407 finished with value: 1.6836986541748047 and parameters: {'mlp_n_layers': 3, 'mlp_dim_00': 495, 'mlp_dim_01': 368, 'mlp_dim_02': 505, 'node_hidden_dim': 73, 'edge_hidden_dim': 45, 'depth': 2, 'rep_dropout': 0.08948353229550361, 'train_learning_rate': 0.00012299113607367975, 'train_lr_reduce': 0.6}. Best is trial 122 with value: 0.09548358619213104.
[I 2024-12-19 20:24:55,967] Trial 1405 finished with value: 0.2805733382701874 and parameters: {'mlp_n_layers': 4, 'mlp_dim_00': 423, 'mlp_dim_01': 361, 'mlp_dim_02': 386, 'mlp_dim_03': 436, 'node_hidden_dim': 91, 'edge_hidden_dim': 51, 'depth': 1, 'rep_dropout': 0.09060950927050418, 'train_learning_rate': 0.0017389953580612039, 'train_lr_reduce': 0.6}. Best is trial 122 with value: 0.09548358619213104.
[I 2024-12-19 20:25:00,070] Trial 1408 finished with value: 1.6814020872116089 and parameters: {'mlp_n_layers': 3, 'mlp_dim_00': 497, 'mlp_dim_01': 232, 'mlp_dim_02': 499, 'node_hidden_dim': 46, 'edge_hidden_dim': 54, 'depth': 1, 'rep_dropout': 0.06832568834133668, 'train_learning_rate': 0.0002080754767251602, 'train_lr_reduce': 0.6}. Best is trial 122 with value: 0.09548358619213104.
[I 2024-12-19 20:25:00,927] Trial 1409 finished with value: 1.6785892248153687 and parameters: {'mlp_n_layers': 4, 'mlp_dim_00': 384, 'mlp_dim_01': 315, 'mlp_dim_02': 507, 'mlp_dim_03': 511, 'node_hidden_dim': 45, 'edge_hidden_dim': 64, 'depth': 1, 'rep_dropout': 0.07869021433951653, 'train_learning_rate': 0.00019472509520547407, 'train_lr_reduce': 0.6}. Best is trial 122 with value: 0.09548358619213104.
[I 2024-12-19 20:25:04,374] Trial 1410 finished with value: 1.6668388843536377 and parameters: {'mlp_n_layers': 3, 'mlp_dim_00': 505, 'mlp_dim_01': 370, 'mlp_dim_02': 512, 'node_hidden_dim': 72, 'edge_hidden_dim': 40, 'depth': 1, 'rep_dropout': 0.09428036626613748, 'train_learning_rate': 0.0004389894640712935, 'train_lr_reduce': 0.6}. Best is trial 122 with value: 0.09548358619213104.
[I 2024-12-19 20:25:05,277] Trial 1411 finished with value: 1.6398890018463135 and parameters: {'mlp_n_layers': 4, 'mlp_dim_00': 225, 'mlp_dim_01': 359, 'mlp_dim_02': 480, 'mlp_dim_03': 476, 'node_hidden_dim': 68, 'edge_hidden_dim': 48, 'depth': 1, 'rep_dropout': 0.1269433968102419, 'train_learning_rate': 0.0017965626023805836, 'train_lr_reduce': 0.6}. Best is trial 122 with value: 0.09548358619213104.
[I 2024-12-19 20:25:09,420] Trial 1412 finished with value: 1.6815248727798462 and parameters: {'mlp_n_layers': 4, 'mlp_dim_00': 441, 'mlp_dim_01': 288, 'mlp_dim_02': 480, 'mlp_dim_03': 406, 'node_hidden_dim': 75, 'edge_hidden_dim': 41, 'depth': 1, 'rep_dropout': 0.0858764513400771, 'train_learning_rate': 0.00031575896771586444, 'train_lr_reduce': 0.6}. Best is trial 122 with value: 0.09548358619213104.
[I 2024-12-19 20:25:10,329] Trial 1413 finished with value: 1.685834527015686 and parameters: {'mlp_n_layers': 4, 'mlp_dim_00': 504, 'mlp_dim_01': 379, 'mlp_dim_02': 480, 'mlp_dim_03': 486, 'node_hidden_dim': 67, 'edge_hidden_dim': 48, 'depth': 1, 'rep_dropout': 0.10566424151302961, 'train_learning_rate': 0.00022647951733151538, 'train_lr_reduce': 0.6}. Best is trial 122 with value: 0.09548358619213104.
[I 2024-12-19 20:25:16,868] Trial 1404 finished with value: 0.10413661599159241 and parameters: {'mlp_n_layers': 3, 'mlp_dim_00': 273, 'mlp_dim_01': 346, 'mlp_dim_02': 428, 'node_hidden_dim': 72, 'edge_hidden_dim': 48, 'depth': 1, 'rep_dropout': 0.11112220361212803, 'train_learning_rate': 0.0009395222269885218, 'train_lr_reduce': 0.6}. Best is trial 122 with value: 0.09548358619213104.
[I 2024-12-19 20:25:22,148] Trial 1416 finished with value: 1.675175428390503 and parameters: {'mlp_n_layers': 4, 'mlp_dim_00': 434, 'mlp_dim_01': 368, 'mlp_dim_02': 507, 'mlp_dim_03': 475, 'node_hidden_dim': 70, 'edge_hidden_dim': 55, 'depth': 2, 'rep_dropout': 0.11979983907978958, 'train_learning_rate': 0.00017389023183318799, 'train_lr_reduce': 0.6}. Best is trial 122 with value: 0.09548358619213104.
[I 2024-12-19 20:25:24,201] Trial 1414 finished with value: 1.2534376382827759 and parameters: {'mlp_n_layers': 4, 'mlp_dim_00': 442, 'mlp_dim_01': 329, 'mlp_dim_02': 506, 'mlp_dim_03': 441, 'node_hidden_dim': 91, 'edge_hidden_dim': 65, 'depth': 2, 'rep_dropout': 0.09784083384896734, 'train_learning_rate': 0.0002763012594252309, 'train_lr_reduce': 0.6}. Best is trial 122 with value: 0.09548358619213104.
[I 2024-12-19 20:25:29,657] Trial 1418 finished with value: 1.6746259927749634 and parameters: {'mlp_n_layers': 3, 'mlp_dim_00': 462, 'mlp_dim_01': 384, 'mlp_dim_02': 473, 'node_hidden_dim': 78, 'edge_hidden_dim': 60, 'depth': 1, 'rep_dropout': 0.11804866364895217, 'train_learning_rate': 0.00039533767113534966, 'train_lr_reduce': 0.6}. Best is trial 122 with value: 0.09548358619213104.
[I 2024-12-19 20:25:40,742] Trial 1419 finished with value: 1.388653039932251 and parameters: {'mlp_n_layers': 3, 'mlp_dim_00': 270, 'mlp_dim_01': 285, 'mlp_dim_02': 466, 'node_hidden_dim': 113, 'edge_hidden_dim': 64, 'depth': 4, 'rep_dropout': 0.13215968278303866, 'train_learning_rate': 0.0007385747119693599, 'train_lr_reduce': 0.6}. Best is trial 122 with value: 0.09548358619213104.
[I 2024-12-19 20:25:45,940] Trial 1420 finished with value: 1.6818326711654663 and parameters: {'mlp_n_layers': 3, 'mlp_dim_00': 486, 'mlp_dim_01': 337, 'mlp_dim_02': 463, 'node_hidden_dim': 58, 'edge_hidden_dim': 68, 'depth': 1, 'rep_dropout': 0.12056494012029892, 'train_learning_rate': 0.00014526453566097067, 'train_lr_reduce': 0.6}. Best is trial 122 with value: 0.09548358619213104.
[I 2024-12-19 20:25:55,567] Trial 1415 finished with value: 0.4372238516807556 and parameters: {'mlp_n_layers': 3, 'mlp_dim_00': 478, 'mlp_dim_01': 251, 'mlp_dim_02': 510, 'node_hidden_dim': 84, 'edge_hidden_dim': 36, 'depth': 1, 'rep_dropout': 0.09660158928555589, 'train_learning_rate': 0.0003028837993927732, 'train_lr_reduce': 0.6}. Best is trial 122 with value: 0.09548358619213104.
[I 2024-12-19 20:26:03,820] Trial 1417 finished with value: 0.1168198436498642 and parameters: {'mlp_n_layers': 3, 'mlp_dim_00': 369, 'mlp_dim_01': 316, 'mlp_dim_02': 476, 'node_hidden_dim': 88, 'edge_hidden_dim': 41, 'depth': 1, 'rep_dropout': 0.10558729312833234, 'train_learning_rate': 0.0008219547365079428, 'train_lr_reduce': 0.6}. Best is trial 122 with value: 0.09548358619213104.
[I 2024-12-19 20:26:09,405] Trial 1423 finished with value: 1.6456167697906494 and parameters: {'mlp_n_layers': 4, 'mlp_dim_00': 451, 'mlp_dim_01': 314, 'mlp_dim_02': 512, 'mlp_dim_03': 413, 'node_hidden_dim': 89, 'edge_hidden_dim': 46, 'depth': 1, 'rep_dropout': 0.05210944077367172, 'train_learning_rate': 0.0009025718725903949, 'train_lr_reduce': 0.6}. Best is trial 122 with value: 0.09548358619213104.
[I 2024-12-19 20:26:21,825] Trial 1421 finished with value: 0.1430542916059494 and parameters: {'mlp_n_layers': 4, 'mlp_dim_00': 500, 'mlp_dim_01': 379, 'mlp_dim_02': 509, 'mlp_dim_03': 512, 'node_hidden_dim': 40, 'edge_hidden_dim': 74, 'depth': 2, 'rep_dropout': 0.103981540029703, 'train_learning_rate': 0.0022443179084182707, 'train_lr_reduce': 0.6}. Best is trial 122 with value: 0.09548358619213104.
[I 2024-12-19 20:26:44,233] Trial 1422 finished with value: 0.17054075002670288 and parameters: {'mlp_n_layers': 4, 'mlp_dim_00': 208, 'mlp_dim_01': 386, 'mlp_dim_02': 466, 'mlp_dim_03': 363, 'node_hidden_dim': 95, 'edge_hidden_dim': 51, 'depth': 1, 'rep_dropout': 0.13952770312461804, 'train_learning_rate': 0.0008230713384259361, 'train_lr_reduce': 0.6}. Best is trial 122 with value: 0.09548358619213104.
[I 2024-12-19 20:26:44,908] Trial 1424 finished with value: 0.23550473153591156 and parameters: {'mlp_n_layers': 4, 'mlp_dim_00': 228, 'mlp_dim_01': 343, 'mlp_dim_02': 451, 'mlp_dim_03': 440, 'node_hidden_dim': 48, 'edge_hidden_dim': 77, 'depth': 1, 'rep_dropout': 0.09685523790267428, 'train_learning_rate': 0.001490288874443862, 'train_lr_reduce': 0.6}. Best is trial 122 with value: 0.09548358619213104.
[I 2024-12-19 20:26:50,130] Trial 1426 finished with value: 1.6754659414291382 and parameters: {'mlp_n_layers': 3, 'mlp_dim_00': 498, 'mlp_dim_01': 279, 'mlp_dim_02': 449, 'node_hidden_dim': 69, 'edge_hidden_dim': 55, 'depth': 1, 'rep_dropout': 0.08209230523684173, 'train_learning_rate': 0.0004559163599548961, 'train_lr_reduce': 0.6}. Best is trial 122 with value: 0.09548358619213104.
[I 2024-12-19 20:26:50,265] Trial 1427 finished with value: 1.6815115213394165 and parameters: {'mlp_n_layers': 4, 'mlp_dim_00': 494, 'mlp_dim_01': 397, 'mlp_dim_02': 471, 'mlp_dim_03': 396, 'node_hidden_dim': 71, 'edge_hidden_dim': 43, 'depth': 1, 'rep_dropout': 0.12026061942389543, 'train_learning_rate': 0.0003178936612937281, 'train_lr_reduce': 0.6}. Best is trial 122 with value: 0.09548358619213104.
[I 2024-12-19 20:26:56,475] Trial 1428 finished with value: 1.6443463563919067 and parameters: {'mlp_n_layers': 2, 'mlp_dim_00': 444, 'mlp_dim_01': 337, 'node_hidden_dim': 82, 'edge_hidden_dim': 69, 'depth': 1, 'rep_dropout': 0.11657057138726766, 'train_learning_rate': 0.0006483742399022745, 'train_lr_reduce': 0.6}. Best is trial 122 with value: 0.09548358619213104.
[I 2024-12-19 20:27:11,675] Trial 1425 finished with value: 0.21647518873214722 and parameters: {'mlp_n_layers': 4, 'mlp_dim_00': 422, 'mlp_dim_01': 395, 'mlp_dim_02': 511, 'mlp_dim_03': 478, 'node_hidden_dim': 71, 'edge_hidden_dim': 56, 'depth': 1, 'rep_dropout': 0.043938996607495506, 'train_learning_rate': 0.0005639356741734367, 'train_lr_reduce': 0.6}. Best is trial 122 with value: 0.09548358619213104.
[I 2024-12-19 20:27:12,033] Trial 1429 finished with value: 0.3356526792049408 and parameters: {'mlp_n_layers': 4, 'mlp_dim_00': 494, 'mlp_dim_01': 405, 'mlp_dim_02': 433, 'mlp_dim_03': 447, 'node_hidden_dim': 74, 'edge_hidden_dim': 45, 'depth': 1, 'rep_dropout': 0.11376207789321466, 'train_learning_rate': 0.0032372220989595798, 'train_lr_reduce': 0.6}. Best is trial 122 with value: 0.09548358619213104.
[I 2024-12-19 20:27:18,030] Trial 1432 finished with value: 1.6830570697784424 and parameters: {'mlp_n_layers': 3, 'mlp_dim_00': 502, 'mlp_dim_01': 72, 'mlp_dim_02': 444, 'node_hidden_dim': 83, 'edge_hidden_dim': 48, 'depth': 1, 'rep_dropout': 0.11774915502035337, 'train_learning_rate': 0.00010524230218524179, 'train_lr_reduce': 0.6}. Best is trial 122 with value: 0.09548358619213104.
