[I 2024-12-19 18:04:11,656] Trial 237 finished with value: 0.1182565912604332 and parameters: {'mlp_n_layers': 1, 'mlp_dim_00': 357, 'node_hidden_dim': 36, 'edge_hidden_dim': 48, 'depth': 1, 'rep_dropout': 0.01599122626674112, 'train_learning_rate': 0.0048497404155860985, 'train_lr_reduce': 0.6}. Best is trial 158 with value: 0.11393879354000092.
[I 2024-12-19 18:04:16,749] Trial 238 finished with value: 0.2577126920223236 and parameters: {'mlp_n_layers': 2, 'mlp_dim_00': 420, 'mlp_dim_01': 347, 'node_hidden_dim': 64, 'edge_hidden_dim': 44, 'depth': 1, 'rep_dropout': 0.053868072905211464, 'train_learning_rate': 0.0021410280761888795, 'train_lr_reduce': 0.6}. Best is trial 158 with value: 0.11393879354000092.
[I 2024-12-19 18:04:17,664] Trial 240 finished with value: 1.1420750617980957 and parameters: {'mlp_n_layers': 1, 'mlp_dim_00': 355, 'node_hidden_dim': 52, 'edge_hidden_dim': 41, 'depth': 2, 'rep_dropout': 0.011259547398035814, 'train_learning_rate': 0.0036766033198351315, 'train_lr_reduce': 0.6}. Best is trial 158 with value: 0.11393879354000092.
[I 2024-12-19 18:04:21,792] Trial 241 finished with value: 1.1460589170455933 and parameters: {'mlp_n_layers': 3, 'mlp_dim_00': 205, 'mlp_dim_01': 478, 'mlp_dim_02': 440, 'node_hidden_dim': 103, 'edge_hidden_dim': 47, 'depth': 4, 'rep_dropout': 0.007645316427275839, 'train_learning_rate': 0.0030345240224842205, 'train_lr_reduce': 0.6}. Best is trial 158 with value: 0.11393879354000092.
[I 2024-12-19 18:04:28,111] Trial 243 finished with value: 1.1420942544937134 and parameters: {'mlp_n_layers': 2, 'mlp_dim_00': 413, 'mlp_dim_01': 320, 'node_hidden_dim': 33, 'edge_hidden_dim': 66, 'depth': 4, 'rep_dropout': 0.0910328925803421, 'train_learning_rate': 0.0001977563657031649, 'train_lr_reduce': 0.6}. Best is trial 158 with value: 0.11393879354000092.
[I 2024-12-19 18:04:29,392] Trial 239 finished with value: 0.2666037976741791 and parameters: {'mlp_n_layers': 2, 'mlp_dim_00': 494, 'mlp_dim_01': 408, 'node_hidden_dim': 38, 'edge_hidden_dim': 54, 'depth': 1, 'rep_dropout': 0.051451819661426916, 'train_learning_rate': 0.007035370714058335, 'train_lr_reduce': 0.6}. Best is trial 158 with value: 0.11393879354000092.
[I 2024-12-19 18:04:46,164] Trial 242 finished with value: 0.2500609755516052 and parameters: {'mlp_n_layers': 2, 'mlp_dim_00': 479, 'mlp_dim_01': 408, 'node_hidden_dim': 40, 'edge_hidden_dim': 34, 'depth': 1, 'rep_dropout': 0.040903737415494, 'train_learning_rate': 0.002710457571860898, 'train_lr_reduce': 0.6}. Best is trial 158 with value: 0.11393879354000092.
[I 2024-12-19 18:05:08,578] Trial 244 finished with value: 0.17491601407527924 and parameters: {'mlp_n_layers': 1, 'mlp_dim_00': 369, 'node_hidden_dim': 40, 'edge_hidden_dim': 37, 'depth': 1, 'rep_dropout': 0.021229249804327093, 'train_learning_rate': 0.0028544374090691293, 'train_lr_reduce': 0.6}. Best is trial 158 with value: 0.11393879354000092.
[I 2024-12-19 18:05:11,684] Trial 245 finished with value: 0.14319950342178345 and parameters: {'mlp_n_layers': 1, 'mlp_dim_00': 257, 'node_hidden_dim': 33, 'edge_hidden_dim': 59, 'depth': 1, 'rep_dropout': 0.045732539146483, 'train_learning_rate': 0.003620572570637802, 'train_lr_reduce': 0.6}. Best is trial 158 with value: 0.11393879354000092.
[I 2024-12-19 18:05:29,556] Trial 246 finished with value: 0.15698865056037903 and parameters: {'mlp_n_layers': 1, 'mlp_dim_00': 295, 'node_hidden_dim': 38, 'edge_hidden_dim': 43, 'depth': 1, 'rep_dropout': 0.015872838708139214, 'train_learning_rate': 0.004671147014031989, 'train_lr_reduce': 0.6}. Best is trial 158 with value: 0.11393879354000092.
[I 2024-12-19 18:05:35,206] Trial 249 finished with value: 1.1498554944992065 and parameters: {'mlp_n_layers': 1, 'mlp_dim_00': 328, 'node_hidden_dim': 34, 'edge_hidden_dim': 44, 'depth': 2, 'rep_dropout': 0.009025034216008296, 'train_learning_rate': 0.0037008892913407134, 'train_lr_reduce': 0.6}. Best is trial 158 with value: 0.11393879354000092.
[I 2024-12-19 18:05:37,724] Trial 247 finished with value: 0.18670734763145447 and parameters: {'mlp_n_layers': 1, 'mlp_dim_00': 453, 'node_hidden_dim': 67, 'edge_hidden_dim': 77, 'depth': 1, 'rep_dropout': 0.0683364952391346, 'train_learning_rate': 0.0012159659901497485, 'train_lr_reduce': 0.6}. Best is trial 158 with value: 0.11393879354000092.
[I 2024-12-19 18:05:56,090] Trial 248 finished with value: 0.13088637590408325 and parameters: {'mlp_n_layers': 1, 'mlp_dim_00': 332, 'node_hidden_dim': 33, 'edge_hidden_dim': 59, 'depth': 1, 'rep_dropout': 0.018231893127361915, 'train_learning_rate': 0.006268495853013316, 'train_lr_reduce': 0.6}. Best is trial 158 with value: 0.11393879354000092.
[I 2024-12-19 18:06:01,058] Trial 252 finished with value: 1.143263816833496 and parameters: {'mlp_n_layers': 1, 'mlp_dim_00': 111, 'node_hidden_dim': 126, 'edge_hidden_dim': 52, 'depth': 1, 'rep_dropout': 0.12516719891194739, 'train_learning_rate': 0.0002453079823403226, 'train_lr_reduce': 0.6}. Best is trial 158 with value: 0.11393879354000092.
[I 2024-12-19 18:06:07,597] Trial 253 finished with value: 1.142222285270691 and parameters: {'mlp_n_layers': 4, 'mlp_dim_00': 411, 'mlp_dim_01': 488, 'mlp_dim_02': 352, 'mlp_dim_03': 436, 'node_hidden_dim': 115, 'edge_hidden_dim': 113, 'depth': 1, 'rep_dropout': 0.010291908879256628, 'train_learning_rate': 0.0005821995555417225, 'train_lr_reduce': 0.6}. Best is trial 158 with value: 0.11393879354000092.
[I 2024-12-19 18:06:16,573] Trial 250 finished with value: 0.17311473190784454 and parameters: {'mlp_n_layers': 1, 'mlp_dim_00': 392, 'node_hidden_dim': 64, 'edge_hidden_dim': 44, 'depth': 1, 'rep_dropout': 0.061747718475922, 'train_learning_rate': 0.005063606494882999, 'train_lr_reduce': 0.6}. Best is trial 158 with value: 0.11393879354000092.
[I 2024-12-19 18:06:19,383] Trial 251 finished with value: 0.15884514153003693 and parameters: {'mlp_n_layers': 1, 'mlp_dim_00': 426, 'node_hidden_dim': 46, 'edge_hidden_dim': 43, 'depth': 1, 'rep_dropout': 0.002622082412955244, 'train_learning_rate': 0.0035034768682416094, 'train_lr_reduce': 0.6}. Best is trial 158 with value: 0.11393879354000092.
[I 2024-12-19 18:06:52,003] Trial 254 finished with value: 0.19043651223182678 and parameters: {'mlp_n_layers': 4, 'mlp_dim_00': 360, 'mlp_dim_01': 410, 'mlp_dim_02': 133, 'mlp_dim_03': 279, 'node_hidden_dim': 35, 'edge_hidden_dim': 53, 'depth': 1, 'rep_dropout': 0.03097036237380265, 'train_learning_rate': 0.008411034893019389, 'train_lr_reduce': 0.6}. Best is trial 158 with value: 0.11393879354000092.
[I 2024-12-19 18:06:58,306] Trial 255 finished with value: 0.16494852304458618 and parameters: {'mlp_n_layers': 1, 'mlp_dim_00': 320, 'node_hidden_dim': 36, 'edge_hidden_dim': 55, 'depth': 1, 'rep_dropout': 0.0008129494661791273, 'train_learning_rate': 0.0038975766844696184, 'train_lr_reduce': 0.6}. Best is trial 158 with value: 0.11393879354000092.
[I 2024-12-19 18:07:02,193] Trial 256 finished with value: 0.18085499107837677 and parameters: {'mlp_n_layers': 2, 'mlp_dim_00': 337, 'mlp_dim_01': 373, 'node_hidden_dim': 33, 'edge_hidden_dim': 60, 'depth': 1, 'rep_dropout': 0.018319374766093546, 'train_learning_rate': 0.00827292178489161, 'train_lr_reduce': 0.6}. Best is trial 158 with value: 0.11393879354000092.
[I 2024-12-19 18:07:25,511] Trial 259 finished with value: 0.2525481581687927 and parameters: {'mlp_n_layers': 1, 'mlp_dim_00': 320, 'node_hidden_dim': 40, 'edge_hidden_dim': 43, 'depth': 1, 'rep_dropout': 0.01704362135101723, 'train_learning_rate': 0.00872277749819013, 'train_lr_reduce': 0.6}. Best is trial 158 with value: 0.11393879354000092.
[I 2024-12-19 18:07:38,121] Trial 257 finished with value: 0.13486717641353607 and parameters: {'mlp_n_layers': 2, 'mlp_dim_00': 508, 'mlp_dim_01': 450, 'node_hidden_dim': 36, 'edge_hidden_dim': 36, 'depth': 1, 'rep_dropout': 0.039870808343852704, 'train_learning_rate': 0.003135612545854995, 'train_lr_reduce': 0.6}. Best is trial 158 with value: 0.11393879354000092.
[I 2024-12-19 18:07:41,311] Trial 258 finished with value: 0.12941671907901764 and parameters: {'mlp_n_layers': 1, 'mlp_dim_00': 421, 'node_hidden_dim': 36, 'edge_hidden_dim': 47, 'depth': 1, 'rep_dropout': 0.003716627201599352, 'train_learning_rate': 0.004376299564829853, 'train_lr_reduce': 0.6}. Best is trial 158 with value: 0.11393879354000092.
[I 2024-12-19 18:07:44,178] Trial 261 finished with value: 1.139283299446106 and parameters: {'mlp_n_layers': 1, 'mlp_dim_00': 94, 'node_hidden_dim': 128, 'edge_hidden_dim': 46, 'depth': 3, 'rep_dropout': 0.13616008697275597, 'train_learning_rate': 0.009191971632828751, 'train_lr_reduce': 0.6}. Best is trial 158 with value: 0.11393879354000092.
[I 2024-12-19 18:08:08,077] Trial 260 finished with value: 0.12475503981113434 and parameters: {'mlp_n_layers': 1, 'mlp_dim_00': 456, 'node_hidden_dim': 35, 'edge_hidden_dim': 89, 'depth': 1, 'rep_dropout': 0.022454845252753892, 'train_learning_rate': 0.0024531128890289233, 'train_lr_reduce': 0.6}. Best is trial 158 with value: 0.11393879354000092.
[I 2024-12-19 18:08:25,555] Trial 262 finished with value: 0.140524759888649 and parameters: {'mlp_n_layers': 1, 'mlp_dim_00': 386, 'node_hidden_dim': 50, 'edge_hidden_dim': 63, 'depth': 1, 'rep_dropout': 0.02134090319739253, 'train_learning_rate': 0.0045616374836575345, 'train_lr_reduce': 0.6}. Best is trial 158 with value: 0.11393879354000092.
[I 2024-12-19 18:08:33,870] Trial 263 finished with value: 0.3286515176296234 and parameters: {'mlp_n_layers': 1, 'mlp_dim_00': 423, 'node_hidden_dim': 36, 'edge_hidden_dim': 84, 'depth': 2, 'rep_dropout': 0.015216681523802214, 'train_learning_rate': 0.006070725855220132, 'train_lr_reduce': 0.6}. Best is trial 158 with value: 0.11393879354000092.
[I 2024-12-19 18:08:49,089] Trial 264 finished with value: 0.1546114832162857 and parameters: {'mlp_n_layers': 1, 'mlp_dim_00': 466, 'node_hidden_dim': 55, 'edge_hidden_dim': 92, 'depth': 1, 'rep_dropout': 0.00437570410779442, 'train_learning_rate': 0.0019673767662040675, 'train_lr_reduce': 0.6}. Best is trial 158 with value: 0.11393879354000092.
[I 2024-12-19 18:08:49,149] Trial 265 finished with value: 0.24688971042633057 and parameters: {'mlp_n_layers': 1, 'mlp_dim_00': 416, 'node_hidden_dim': 53, 'edge_hidden_dim': 69, 'depth': 1, 'rep_dropout': 0.001128641430813409, 'train_learning_rate': 0.00992432915725352, 'train_lr_reduce': 0.6}. Best is trial 158 with value: 0.11393879354000092.
[I 2024-12-19 18:08:54,211] Trial 268 finished with value: 1.1420867443084717 and parameters: {'mlp_n_layers': 2, 'mlp_dim_00': 436, 'mlp_dim_01': 511, 'node_hidden_dim': 41, 'edge_hidden_dim': 44, 'depth': 2, 'rep_dropout': 0.005598439554992563, 'train_learning_rate': 0.003023830444806432, 'train_lr_reduce': 0.6}. Best is trial 158 with value: 0.11393879354000092.
[I 2024-12-19 18:09:16,767] Trial 266 finished with value: 0.12785737216472626 and parameters: {'mlp_n_layers': 1, 'mlp_dim_00': 356, 'node_hidden_dim': 35, 'edge_hidden_dim': 54, 'depth': 1, 'rep_dropout': 0.03113615739825384, 'train_learning_rate': 0.00379510322063325, 'train_lr_reduce': 0.6}. Best is trial 158 with value: 0.11393879354000092.
[I 2024-12-19 18:09:23,233] Trial 270 finished with value: 1.1435338258743286 and parameters: {'mlp_n_layers': 1, 'mlp_dim_00': 254, 'node_hidden_dim': 82, 'edge_hidden_dim': 106, 'depth': 3, 'rep_dropout': 0.1486449969289719, 'train_learning_rate': 0.0009474145142075393, 'train_lr_reduce': 0.6}. Best is trial 158 with value: 0.11393879354000092.
[I 2024-12-19 18:09:29,434] Trial 267 finished with value: 0.14755359292030334 and parameters: {'mlp_n_layers': 2, 'mlp_dim_00': 404, 'mlp_dim_01': 509, 'node_hidden_dim': 36, 'edge_hidden_dim': 84, 'depth': 1, 'rep_dropout': 0.016953755479067516, 'train_learning_rate': 0.0019060955258059212, 'train_lr_reduce': 0.6}. Best is trial 158 with value: 0.11393879354000092.
[I 2024-12-19 18:09:35,398] Trial 272 finished with value: 1.1436554193496704 and parameters: {'mlp_n_layers': 4, 'mlp_dim_00': 314, 'mlp_dim_01': 431, 'mlp_dim_02': 70, 'mlp_dim_03': 371, 'node_hidden_dim': 36, 'edge_hidden_dim': 45, 'depth': 4, 'rep_dropout': 0.1335633331940127, 'train_learning_rate': 0.0038137590437742185, 'train_lr_reduce': 0.6}. Best is trial 158 with value: 0.11393879354000092.
[I 2024-12-19 18:09:36,873] Trial 269 finished with value: 0.22775578498840332 and parameters: {'mlp_n_layers': 1, 'mlp_dim_00': 363, 'node_hidden_dim': 41, 'edge_hidden_dim': 52, 'depth': 1, 'rep_dropout': 0.00012113490778250038, 'train_learning_rate': 0.008431099863062686, 'train_lr_reduce': 0.6}. Best is trial 158 with value: 0.11393879354000092.
[I 2024-12-19 18:09:51,727] Trial 271 finished with value: 0.16198720037937164 and parameters: {'mlp_n_layers': 1, 'mlp_dim_00': 400, 'node_hidden_dim': 34, 'edge_hidden_dim': 87, 'depth': 1, 'rep_dropout': 0.005569937657329528, 'train_learning_rate': 0.005994757017794891, 'train_lr_reduce': 0.6}. Best is trial 158 with value: 0.11393879354000092.
[I 2024-12-19 18:09:58,131] Trial 275 finished with value: 1.148322582244873 and parameters: {'mlp_n_layers': 1, 'mlp_dim_00': 455, 'node_hidden_dim': 34, 'edge_hidden_dim': 87, 'depth': 2, 'rep_dropout': 0.00671807791759708, 'train_learning_rate': 0.0014888571660439463, 'train_lr_reduce': 0.6}. Best is trial 158 with value: 0.11393879354000092.
[I 2024-12-19 18:10:16,256] Trial 273 finished with value: 0.1546875238418579 and parameters: {'mlp_n_layers': 1, 'mlp_dim_00': 470, 'node_hidden_dim': 34, 'edge_hidden_dim': 91, 'depth': 1, 'rep_dropout': 0.02951482890584027, 'train_learning_rate': 0.0015828783171456147, 'train_lr_reduce': 0.6}. Best is trial 158 with value: 0.11393879354000092.
[I 2024-12-19 18:10:18,973] Trial 274 finished with value: 0.12784940004348755 and parameters: {'mlp_n_layers': 1, 'mlp_dim_00': 352, 'node_hidden_dim': 38, 'edge_hidden_dim': 53, 'depth': 1, 'rep_dropout': 0.004711241992409215, 'train_learning_rate': 0.00373818123681894, 'train_lr_reduce': 0.6}. Best is trial 158 with value: 0.11393879354000092.
[I 2024-12-19 18:10:21,746] Trial 277 finished with value: 1.1429154872894287 and parameters: {'mlp_n_layers': 4, 'mlp_dim_00': 283, 'mlp_dim_01': 421, 'mlp_dim_02': 446, 'mlp_dim_03': 509, 'node_hidden_dim': 37, 'edge_hidden_dim': 70, 'depth': 1, 'rep_dropout': 0.006313632176007102, 'train_learning_rate': 0.0071474720826721055, 'train_lr_reduce': 0.6}. Best is trial 158 with value: 0.11393879354000092.
[I 2024-12-19 18:10:24,788] Trial 276 finished with value: 0.2188730686903 and parameters: {'mlp_n_layers': 1, 'mlp_dim_00': 438, 'node_hidden_dim': 60, 'edge_hidden_dim': 40, 'depth': 1, 'rep_dropout': 0.007891778029804373, 'train_learning_rate': 0.008114133370370829, 'train_lr_reduce': 0.6}. Best is trial 158 with value: 0.11393879354000092.
[I 2024-12-19 18:10:25,931] Trial 278 finished with value: 1.1420801877975464 and parameters: {'mlp_n_layers': 3, 'mlp_dim_00': 167, 'mlp_dim_01': 337, 'mlp_dim_02': 148, 'node_hidden_dim': 58, 'edge_hidden_dim': 49, 'depth': 4, 'rep_dropout': 0.11539483035539573, 'train_learning_rate': 0.00021544717207149904, 'train_lr_reduce': 0.6}. Best is trial 158 with value: 0.11393879354000092.
[I 2024-12-19 18:10:30,562] Trial 280 finished with value: 1.142324447631836 and parameters: {'mlp_n_layers': 1, 'mlp_dim_00': 414, 'node_hidden_dim': 49, 'edge_hidden_dim': 53, 'depth': 2, 'rep_dropout': 0.00513308164650172, 'train_learning_rate': 0.0022106388103914102, 'train_lr_reduce': 0.6}. Best is trial 158 with value: 0.11393879354000092.
[I 2024-12-19 18:10:31,696] Trial 281 finished with value: 1.1436095237731934 and parameters: {'mlp_n_layers': 1, 'mlp_dim_00': 255, 'node_hidden_dim': 93, 'edge_hidden_dim': 65, 'depth': 3, 'rep_dropout': 0.03982019084139668, 'train_learning_rate': 0.005935924363330332, 'train_lr_reduce': 0.6}. Best is trial 158 with value: 0.11393879354000092.
[I 2024-12-19 18:11:00,982] Trial 279 finished with value: 0.12037942558526993 and parameters: {'mlp_n_layers': 1, 'mlp_dim_00': 346, 'node_hidden_dim': 33, 'edge_hidden_dim': 66, 'depth': 1, 'rep_dropout': 0.041214997676401466, 'train_learning_rate': 0.0020862833515648987, 'train_lr_reduce': 0.6}. Best is trial 158 with value: 0.11393879354000092.
[I 2024-12-19 18:11:11,693] Trial 282 finished with value: 0.122279591858387 and parameters: {'mlp_n_layers': 1, 'mlp_dim_00': 368, 'node_hidden_dim': 39, 'edge_hidden_dim': 42, 'depth': 1, 'rep_dropout': 0.023620037540536553, 'train_learning_rate': 0.00298353438944427, 'train_lr_reduce': 0.6}. Best is trial 158 with value: 0.11393879354000092.
[I 2024-12-19 18:11:12,128] Trial 283 finished with value: 0.12135820090770721 and parameters: {'mlp_n_layers': 1, 'mlp_dim_00': 416, 'node_hidden_dim': 38, 'edge_hidden_dim': 52, 'depth': 1, 'rep_dropout': 0.0037852406611620544, 'train_learning_rate': 0.004202682003304672, 'train_lr_reduce': 0.6}. Best is trial 158 with value: 0.11393879354000092.
[I 2024-12-19 18:11:18,483] Trial 286 finished with value: 1.1474335193634033 and parameters: {'mlp_n_layers': 1, 'mlp_dim_00': 349, 'node_hidden_dim': 32, 'edge_hidden_dim': 68, 'depth': 2, 'rep_dropout': 0.04911132594474843, 'train_learning_rate': 0.0015756505263054006, 'train_lr_reduce': 0.6}. Best is trial 158 with value: 0.11393879354000092.
[I 2024-12-19 18:11:35,372] Trial 285 finished with value: 0.15188226103782654 and parameters: {'mlp_n_layers': 2, 'mlp_dim_00': 499, 'mlp_dim_01': 362, 'node_hidden_dim': 39, 'edge_hidden_dim': 57, 'depth': 1, 'rep_dropout': 0.007858633828034997, 'train_learning_rate': 0.008003259835047762, 'train_lr_reduce': 0.6}. Best is trial 158 with value: 0.11393879354000092.
[I 2024-12-19 18:11:40,044] Trial 284 finished with value: 0.17279399931430817 and parameters: {'mlp_n_layers': 2, 'mlp_dim_00': 306, 'mlp_dim_01': 132, 'node_hidden_dim': 46, 'edge_hidden_dim': 48, 'depth': 1, 'rep_dropout': 0.008216496456458087, 'train_learning_rate': 0.00335949627321045, 'train_lr_reduce': 0.6}. Best is trial 158 with value: 0.11393879354000092.
[I 2024-12-19 18:11:41,040] Trial 288 finished with value: 1.142106294631958 and parameters: {'mlp_n_layers': 1, 'mlp_dim_00': 331, 'node_hidden_dim': 56, 'edge_hidden_dim': 97, 'depth': 3, 'rep_dropout': 0.04740313769345638, 'train_learning_rate': 0.000117744770439768, 'train_lr_reduce': 0.6}. Best is trial 158 with value: 0.11393879354000092.
[I 2024-12-19 18:11:44,751] Trial 289 finished with value: 1.1413700580596924 and parameters: {'mlp_n_layers': 1, 'mlp_dim_00': 101, 'node_hidden_dim': 101, 'edge_hidden_dim': 114, 'depth': 1, 'rep_dropout': 0.0753936258790126, 'train_learning_rate': 0.00013746584697355956, 'train_lr_reduce': 0.6}. Best is trial 158 with value: 0.11393879354000092.
[I 2024-12-19 18:11:50,222] Trial 291 finished with value: 1.1437665224075317 and parameters: {'mlp_n_layers': 3, 'mlp_dim_00': 188, 'mlp_dim_01': 367, 'mlp_dim_02': 69, 'node_hidden_dim': 49, 'edge_hidden_dim': 35, 'depth': 4, 'rep_dropout': 0.04841670764874911, 'train_learning_rate': 0.0034473145152117512, 'train_lr_reduce': 0.6}. Best is trial 158 with value: 0.11393879354000092.
[I 2024-12-19 18:11:57,175] Trial 287 finished with value: 0.1271272599697113 and parameters: {'mlp_n_layers': 1, 'mlp_dim_00': 356, 'node_hidden_dim': 34, 'edge_hidden_dim': 52, 'depth': 1, 'rep_dropout': 0.03874877241553451, 'train_learning_rate': 0.0032081747140559544, 'train_lr_reduce': 0.6}. Best is trial 158 with value: 0.11393879354000092.
[I 2024-12-19 18:12:18,827] Trial 293 finished with value: 0.19918055832386017 and parameters: {'mlp_n_layers': 1, 'mlp_dim_00': 427, 'node_hidden_dim': 41, 'edge_hidden_dim': 38, 'depth': 1, 'rep_dropout': 0.0021663061939605245, 'train_learning_rate': 0.002921913431075703, 'train_lr_reduce': 0.6}. Best is trial 158 with value: 0.11393879354000092.
[I 2024-12-19 18:12:19,801] Trial 290 finished with value: 0.15357612073421478 and parameters: {'mlp_n_layers': 1, 'mlp_dim_00': 320, 'node_hidden_dim': 50, 'edge_hidden_dim': 64, 'depth': 1, 'rep_dropout': 0.046087755989741706, 'train_learning_rate': 0.0027947536336569993, 'train_lr_reduce': 0.6}. Best is trial 158 with value: 0.11393879354000092.
[I 2024-12-19 18:12:26,229] Trial 295 finished with value: 1.1416360139846802 and parameters: {'mlp_n_layers': 3, 'mlp_dim_00': 375, 'mlp_dim_01': 376, 'mlp_dim_02': 200, 'node_hidden_dim': 104, 'edge_hidden_dim': 118, 'depth': 1, 'rep_dropout': 0.1304135864941396, 'train_learning_rate': 0.0001566929943852173, 'train_lr_reduce': 0.6}. Best is trial 158 with value: 0.11393879354000092.
[I 2024-12-19 18:12:27,135] Trial 292 finished with value: 0.1446908414363861 and parameters: {'mlp_n_layers': 1, 'mlp_dim_00': 448, 'node_hidden_dim': 35, 'edge_hidden_dim': 64, 'depth': 1, 'rep_dropout': 0.020917546383568405, 'train_learning_rate': 0.00477160000650644, 'train_lr_reduce': 0.6}. Best is trial 158 with value: 0.11393879354000092.
[I 2024-12-19 18:12:31,606] Trial 296 finished with value: 1.1445488929748535 and parameters: {'mlp_n_layers': 1, 'mlp_dim_00': 260, 'node_hidden_dim': 42, 'edge_hidden_dim': 43, 'depth': 2, 'rep_dropout': 0.08099925746090847, 'train_learning_rate': 0.0025914515523042113, 'train_lr_reduce': 0.6}. Best is trial 158 with value: 0.11393879354000092.
[I 2024-12-19 18:12:36,967] Trial 298 finished with value: 1.1449857950210571 and parameters: {'mlp_n_layers': 1, 'mlp_dim_00': 412, 'node_hidden_dim': 36, 'edge_hidden_dim': 52, 'depth': 2, 'rep_dropout': 0.001325978099430647, 'train_learning_rate': 0.0036655388213491067, 'train_lr_reduce': 0.6}. Best is trial 158 with value: 0.11393879354000092.
[I 2024-12-19 18:12:37,651] Trial 294 finished with value: 0.19541360437870026 and parameters: {'mlp_n_layers': 1, 'mlp_dim_00': 366, 'node_hidden_dim': 39, 'edge_hidden_dim': 56, 'depth': 1, 'rep_dropout': 0.0288741870807314, 'train_learning_rate': 0.003028836892067398, 'train_lr_reduce': 0.6}. Best is trial 158 with value: 0.11393879354000092.
