Seed set to 42
[I 2024-12-19 17:43:47,720] A new study created in RDB with name: megnet_Vc_megnet
[I 2024-12-19 17:43:52,913] Trial 2 finished with value: 1.6800718307495117 and parameters: {'mlp_n_layers': 3, 'mlp_dim_00': 511, 'mlp_dim_01': 310, 'mlp_dim_02': 253, 'node_hidden_dim': 65, 'edge_hidden_dim': 46, 'depth': 3, 'rep_dropout': 0.0019185644892668217, 'train_learning_rate': 0.00036731250353913694, 'train_lr_reduce': 0.6}. Best is trial 2 with value: 1.6800718307495117.
[I 2024-12-19 17:43:53,358] Trial 0 finished with value: 1.6601873636245728 and parameters: {'mlp_n_layers': 3, 'mlp_dim_00': 379, 'mlp_dim_01': 451, 'mlp_dim_02': 198, 'node_hidden_dim': 40, 'edge_hidden_dim': 42, 'depth': 3, 'rep_dropout': 0.04534649320272252, 'train_learning_rate': 0.0014952970671694087, 'train_lr_reduce': 0.6}. Best is trial 0 with value: 1.6601873636245728.
[I 2024-12-19 17:43:53,764] Trial 1 finished with value: 1.616424798965454 and parameters: {'mlp_n_layers': 4, 'mlp_dim_00': 496, 'mlp_dim_01': 161, 'mlp_dim_02': 243, 'mlp_dim_03': 414, 'node_hidden_dim': 71, 'edge_hidden_dim': 38, 'depth': 3, 'rep_dropout': 0.02350148889623786, 'train_learning_rate': 0.005308715441064508, 'train_lr_reduce': 0.6}. Best is trial 1 with value: 1.616424798965454.
[I 2024-12-19 17:43:57,230] Trial 4 finished with value: 1.66081964969635 and parameters: {'mlp_n_layers': 3, 'mlp_dim_00': 282, 'mlp_dim_01': 412, 'mlp_dim_02': 131, 'node_hidden_dim': 59, 'edge_hidden_dim': 67, 'depth': 2, 'rep_dropout': 0.034014009626039406, 'train_learning_rate': 0.000943254293603933, 'train_lr_reduce': 0.6}. Best is trial 1 with value: 1.616424798965454.
[I 2024-12-19 17:43:57,241] Trial 3 finished with value: 1.6195882558822632 and parameters: {'mlp_n_layers': 2, 'mlp_dim_00': 489, 'mlp_dim_01': 424, 'node_hidden_dim': 46, 'edge_hidden_dim': 91, 'depth': 3, 'rep_dropout': 0.14807782094357166, 'train_learning_rate': 0.0028662015423793308, 'train_lr_reduce': 0.6}. Best is trial 1 with value: 1.616424798965454.
[I 2024-12-19 17:43:57,752] Trial 5 finished with value: 1.6478420495986938 and parameters: {'mlp_n_layers': 4, 'mlp_dim_00': 114, 'mlp_dim_01': 413, 'mlp_dim_02': 412, 'mlp_dim_03': 169, 'node_hidden_dim': 69, 'edge_hidden_dim': 58, 'depth': 3, 'rep_dropout': 0.12468219947504276, 'train_learning_rate': 0.00010454035448997326, 'train_lr_reduce': 0.6}. Best is trial 1 with value: 1.616424798965454.
[I 2024-12-19 17:44:05,856] Trial 6 finished with value: 1.304301142692566 and parameters: {'mlp_n_layers': 4, 'mlp_dim_00': 345, 'mlp_dim_01': 508, 'mlp_dim_02': 243, 'mlp_dim_03': 370, 'node_hidden_dim': 99, 'edge_hidden_dim': 78, 'depth': 2, 'rep_dropout': 0.049958532576255675, 'train_learning_rate': 0.0020256957641165674, 'train_lr_reduce': 0.6}. Best is trial 6 with value: 1.304301142692566.
[I 2024-12-19 17:44:07,245] Trial 8 finished with value: 1.34908127784729 and parameters: {'mlp_n_layers': 3, 'mlp_dim_00': 328, 'mlp_dim_01': 150, 'mlp_dim_02': 141, 'node_hidden_dim': 54, 'edge_hidden_dim': 113, 'depth': 3, 'rep_dropout': 0.05798066199595536, 'train_learning_rate': 0.001145463998386963, 'train_lr_reduce': 0.6}. Best is trial 6 with value: 1.304301142692566.
[I 2024-12-19 17:44:10,592] Trial 9 finished with value: 1.6502779722213745 and parameters: {'mlp_n_layers': 2, 'mlp_dim_00': 253, 'mlp_dim_01': 246, 'node_hidden_dim': 46, 'edge_hidden_dim': 79, 'depth': 4, 'rep_dropout': 0.031240838424594755, 'train_learning_rate': 0.0007323386146820806, 'train_lr_reduce': 0.6}. Best is trial 6 with value: 1.304301142692566.
[I 2024-12-19 17:44:10,843] Trial 10 finished with value: 1.668238878250122 and parameters: {'mlp_n_layers': 2, 'mlp_dim_00': 109, 'mlp_dim_01': 196, 'node_hidden_dim': 79, 'edge_hidden_dim': 104, 'depth': 2, 'rep_dropout': 0.03785744929215817, 'train_learning_rate': 0.0005291523074832721, 'train_lr_reduce': 0.6}. Best is trial 6 with value: 1.304301142692566.
[I 2024-12-19 17:44:16,311] Trial 11 finished with value: 1.689943552017212 and parameters: {'mlp_n_layers': 2, 'mlp_dim_00': 393, 'mlp_dim_01': 101, 'node_hidden_dim': 47, 'edge_hidden_dim': 66, 'depth': 3, 'rep_dropout': 0.062118230848754064, 'train_learning_rate': 0.0001765661585655394, 'train_lr_reduce': 0.6}. Best is trial 6 with value: 1.304301142692566.
[I 2024-12-19 17:44:19,770] Trial 7 finished with value: 0.21981380879878998 and parameters: {'mlp_n_layers': 4, 'mlp_dim_00': 243, 'mlp_dim_01': 158, 'mlp_dim_02': 463, 'mlp_dim_03': 169, 'node_hidden_dim': 65, 'edge_hidden_dim': 47, 'depth': 2, 'rep_dropout': 0.014988666116388065, 'train_learning_rate': 0.004430434864536651, 'train_lr_reduce': 0.6}. Best is trial 7 with value: 0.21981380879878998.
[I 2024-12-19 17:44:26,572] Trial 13 finished with value: 1.4549555778503418 and parameters: {'mlp_n_layers': 3, 'mlp_dim_00': 185, 'mlp_dim_01': 111, 'mlp_dim_02': 69, 'node_hidden_dim': 51, 'edge_hidden_dim': 127, 'depth': 3, 'rep_dropout': 0.087162505180838, 'train_learning_rate': 0.0007426501685754995, 'train_lr_reduce': 0.6}. Best is trial 7 with value: 0.21981380879878998.
[I 2024-12-19 17:44:42,959] Trial 12 finished with value: 0.18082506954669952 and parameters: {'mlp_n_layers': 3, 'mlp_dim_00': 331, 'mlp_dim_01': 422, 'mlp_dim_02': 332, 'node_hidden_dim': 121, 'edge_hidden_dim': 81, 'depth': 3, 'rep_dropout': 0.049402982183174515, 'train_learning_rate': 0.0021398577512161295, 'train_lr_reduce': 0.6}. Best is trial 12 with value: 0.18082506954669952.
[I 2024-12-19 17:44:47,227] Trial 16 finished with value: 1.5839636325836182 and parameters: {'mlp_n_layers': 2, 'mlp_dim_00': 387, 'mlp_dim_01': 474, 'node_hidden_dim': 113, 'edge_hidden_dim': 82, 'depth': 3, 'rep_dropout': 0.06648227402458406, 'train_learning_rate': 0.0007498875789162401, 'train_lr_reduce': 0.6}. Best is trial 12 with value: 0.18082506954669952.
[I 2024-12-19 17:44:50,460] Trial 15 finished with value: 0.34111741185188293 and parameters: {'mlp_n_layers': 4, 'mlp_dim_00': 200, 'mlp_dim_01': 83, 'mlp_dim_02': 395, 'mlp_dim_03': 71, 'node_hidden_dim': 80, 'edge_hidden_dim': 60, 'depth': 2, 'rep_dropout': 0.05580956058092668, 'train_learning_rate': 0.0010548441119489803, 'train_lr_reduce': 0.6}. Best is trial 12 with value: 0.18082506954669952.
[I 2024-12-19 17:44:51,569] Trial 17 finished with value: 1.567229986190796 and parameters: {'mlp_n_layers': 3, 'mlp_dim_00': 228, 'mlp_dim_01': 370, 'mlp_dim_02': 350, 'node_hidden_dim': 113, 'edge_hidden_dim': 87, 'depth': 4, 'rep_dropout': 0.030069071931519, 'train_learning_rate': 0.003306298477957354, 'train_lr_reduce': 0.6}. Best is trial 12 with value: 0.18082506954669952.
[I 2024-12-19 17:44:55,232] Trial 18 finished with value: 1.5903109312057495 and parameters: {'mlp_n_layers': 4, 'mlp_dim_00': 385, 'mlp_dim_01': 212, 'mlp_dim_02': 464, 'mlp_dim_03': 508, 'node_hidden_dim': 51, 'edge_hidden_dim': 85, 'depth': 2, 'rep_dropout': 0.056956116689138296, 'train_learning_rate': 0.009631997614979512, 'train_lr_reduce': 0.6}. Best is trial 12 with value: 0.18082506954669952.
[I 2024-12-19 17:44:58,128] Trial 14 finished with value: 0.13103008270263672 and parameters: {'mlp_n_layers': 4, 'mlp_dim_00': 153, 'mlp_dim_01': 238, 'mlp_dim_02': 506, 'mlp_dim_03': 268, 'node_hidden_dim': 42, 'edge_hidden_dim': 33, 'depth': 1, 'rep_dropout': 0.0211942795986351, 'train_learning_rate': 0.00576752264297951, 'train_lr_reduce': 0.6}. Best is trial 14 with value: 0.13103008270263672.
[I 2024-12-19 17:45:00,475] Trial 20 finished with value: 1.6534464359283447 and parameters: {'mlp_n_layers': 3, 'mlp_dim_00': 142, 'mlp_dim_01': 441, 'mlp_dim_02': 342, 'node_hidden_dim': 120, 'edge_hidden_dim': 41, 'depth': 3, 'rep_dropout': 0.07650799853724181, 'train_learning_rate': 0.002196711846562004, 'train_lr_reduce': 0.6}. Best is trial 14 with value: 0.13103008270263672.
[I 2024-12-19 17:45:00,593] Trial 19 finished with value: 1.1791508197784424 and parameters: {'mlp_n_layers': 2, 'mlp_dim_00': 208, 'mlp_dim_01': 319, 'node_hidden_dim': 126, 'edge_hidden_dim': 73, 'depth': 2, 'rep_dropout': 0.04098585151367296, 'train_learning_rate': 0.009309497435178846, 'train_lr_reduce': 0.6}. Best is trial 14 with value: 0.13103008270263672.
[I 2024-12-19 17:45:02,635] Trial 21 finished with value: 1.6421509981155396 and parameters: {'mlp_n_layers': 4, 'mlp_dim_00': 89, 'mlp_dim_01': 347, 'mlp_dim_02': 498, 'mlp_dim_03': 284, 'node_hidden_dim': 38, 'edge_hidden_dim': 49, 'depth': 1, 'rep_dropout': 0.011059578894318434, 'train_learning_rate': 0.0015942593855791509, 'train_lr_reduce': 0.6}. Best is trial 14 with value: 0.13103008270263672.
[I 2024-12-19 17:45:18,151] Trial 24 finished with value: 0.4505750834941864 and parameters: {'mlp_n_layers': 3, 'mlp_dim_00': 216, 'mlp_dim_01': 147, 'mlp_dim_02': 403, 'node_hidden_dim': 88, 'edge_hidden_dim': 71, 'depth': 1, 'rep_dropout': 0.0067935654398485566, 'train_learning_rate': 0.004969087624385255, 'train_lr_reduce': 0.6}. Best is trial 14 with value: 0.13103008270263672.
[I 2024-12-19 17:45:20,250] Trial 23 finished with value: 0.1946871280670166 and parameters: {'mlp_n_layers': 3, 'mlp_dim_00': 124, 'mlp_dim_01': 198, 'mlp_dim_02': 506, 'node_hidden_dim': 32, 'edge_hidden_dim': 53, 'depth': 1, 'rep_dropout': 0.03249149812553065, 'train_learning_rate': 0.006497667824956574, 'train_lr_reduce': 0.6}. Best is trial 14 with value: 0.13103008270263672.
[I 2024-12-19 17:45:32,091] Trial 22 finished with value: 0.2873968183994293 and parameters: {'mlp_n_layers': 4, 'mlp_dim_00': 214, 'mlp_dim_01': 204, 'mlp_dim_02': 508, 'mlp_dim_03': 241, 'node_hidden_dim': 32, 'edge_hidden_dim': 64, 'depth': 1, 'rep_dropout': 0.015573049185439424, 'train_learning_rate': 0.009960030182355068, 'train_lr_reduce': 0.6}. Best is trial 14 with value: 0.13103008270263672.
[I 2024-12-19 17:45:37,376] Trial 27 finished with value: 1.6362028121948242 and parameters: {'mlp_n_layers': 2, 'mlp_dim_00': 136, 'mlp_dim_01': 162, 'node_hidden_dim': 45, 'edge_hidden_dim': 53, 'depth': 2, 'rep_dropout': 0.05769048544138092, 'train_learning_rate': 0.0030667994887333388, 'train_lr_reduce': 0.6}. Best is trial 14 with value: 0.13103008270263672.
[I 2024-12-19 17:45:40,013] Trial 26 finished with value: 0.22377753257751465 and parameters: {'mlp_n_layers': 2, 'mlp_dim_00': 106, 'mlp_dim_01': 194, 'node_hidden_dim': 43, 'edge_hidden_dim': 98, 'depth': 1, 'rep_dropout': 0.018815509215115878, 'train_learning_rate': 0.003641417074225766, 'train_lr_reduce': 0.6}. Best is trial 14 with value: 0.13103008270263672.
[I 2024-12-19 17:45:41,477] Trial 28 finished with value: 1.5574737787246704 and parameters: {'mlp_n_layers': 3, 'mlp_dim_00': 199, 'mlp_dim_01': 313, 'mlp_dim_02': 507, 'node_hidden_dim': 63, 'edge_hidden_dim': 64, 'depth': 1, 'rep_dropout': 0.09400547724765834, 'train_learning_rate': 0.007055889612760414, 'train_lr_reduce': 0.6}. Best is trial 14 with value: 0.13103008270263672.
[I 2024-12-19 17:45:41,612] Trial 25 finished with value: 0.23929353058338165 and parameters: {'mlp_n_layers': 3, 'mlp_dim_00': 402, 'mlp_dim_01': 238, 'mlp_dim_02': 430, 'node_hidden_dim': 124, 'edge_hidden_dim': 97, 'depth': 2, 'rep_dropout': 0.04716270782477426, 'train_learning_rate': 0.0018253040303445075, 'train_lr_reduce': 0.6}. Best is trial 14 with value: 0.13103008270263672.
[I 2024-12-19 17:45:45,329] Trial 29 finished with value: 1.1507819890975952 and parameters: {'mlp_n_layers': 2, 'mlp_dim_00': 70, 'mlp_dim_01': 352, 'node_hidden_dim': 39, 'edge_hidden_dim': 47, 'depth': 1, 'rep_dropout': 0.03935645071760801, 'train_learning_rate': 0.008098618926804526, 'train_lr_reduce': 0.6}. Best is trial 14 with value: 0.13103008270263672.
[I 2024-12-19 17:45:45,808] Trial 30 finished with value: 1.638216495513916 and parameters: {'mlp_n_layers': 4, 'mlp_dim_00': 64, 'mlp_dim_01': 216, 'mlp_dim_02': 507, 'mlp_dim_03': 319, 'node_hidden_dim': 33, 'edge_hidden_dim': 48, 'depth': 2, 'rep_dropout': 0.05681260697105692, 'train_learning_rate': 0.006925775970145429, 'train_lr_reduce': 0.6}. Best is trial 14 with value: 0.13103008270263672.
[I 2024-12-19 17:45:47,953] Trial 31 finished with value: 1.4848475456237793 and parameters: {'mlp_n_layers': 2, 'mlp_dim_00': 305, 'mlp_dim_01': 449, 'node_hidden_dim': 95, 'edge_hidden_dim': 115, 'depth': 2, 'rep_dropout': 0.017985704742002825, 'train_learning_rate': 0.0027741007945516942, 'train_lr_reduce': 0.6}. Best is trial 14 with value: 0.13103008270263672.
[I 2024-12-19 17:45:55,566] Trial 33 finished with value: 1.4697319269180298 and parameters: {'mlp_n_layers': 4, 'mlp_dim_00': 212, 'mlp_dim_01': 110, 'mlp_dim_02': 441, 'mlp_dim_03': 175, 'node_hidden_dim': 82, 'edge_hidden_dim': 33, 'depth': 4, 'rep_dropout': 0.011175393391135598, 'train_learning_rate': 0.003627244745944253, 'train_lr_reduce': 0.6}. Best is trial 14 with value: 0.13103008270263672.
[I 2024-12-19 17:45:55,571] Trial 34 finished with value: 1.0695799589157104 and parameters: {'mlp_n_layers': 4, 'mlp_dim_00': 205, 'mlp_dim_01': 134, 'mlp_dim_02': 508, 'mlp_dim_03': 204, 'node_hidden_dim': 50, 'edge_hidden_dim': 35, 'depth': 1, 'rep_dropout': 0.047115156575164005, 'train_learning_rate': 0.009335307545724114, 'train_lr_reduce': 0.6}. Best is trial 14 with value: 0.13103008270263672.
[I 2024-12-19 17:45:59,733] Trial 35 finished with value: 1.6338168382644653 and parameters: {'mlp_n_layers': 3, 'mlp_dim_00': 300, 'mlp_dim_01': 211, 'mlp_dim_02': 327, 'node_hidden_dim': 38, 'edge_hidden_dim': 37, 'depth': 1, 'rep_dropout': 0.03332588044128552, 'train_learning_rate': 0.001393543496998708, 'train_lr_reduce': 0.6}. Best is trial 14 with value: 0.13103008270263672.
[I 2024-12-19 17:45:59,885] Trial 36 finished with value: 1.5737446546554565 and parameters: {'mlp_n_layers': 4, 'mlp_dim_00': 268, 'mlp_dim_01': 182, 'mlp_dim_02': 347, 'mlp_dim_03': 119, 'node_hidden_dim': 78, 'edge_hidden_dim': 52, 'depth': 2, 'rep_dropout': 0.018751375631103455, 'train_learning_rate': 0.00674009197133227, 'train_lr_reduce': 0.6}. Best is trial 14 with value: 0.13103008270263672.
[I 2024-12-19 17:46:11,290] Trial 32 finished with value: 0.18929995596408844 and parameters: {'mlp_n_layers': 3, 'mlp_dim_00': 98, 'mlp_dim_01': 166, 'mlp_dim_02': 505, 'node_hidden_dim': 40, 'edge_hidden_dim': 56, 'depth': 1, 'rep_dropout': 0.018057525298054173, 'train_learning_rate': 0.002423204896657137, 'train_lr_reduce': 0.6}. Best is trial 14 with value: 0.13103008270263672.
[I 2024-12-19 17:46:14,315] Trial 38 finished with value: 0.6955947279930115 and parameters: {'mlp_n_layers': 3, 'mlp_dim_00': 130, 'mlp_dim_01': 230, 'mlp_dim_02': 510, 'node_hidden_dim': 60, 'edge_hidden_dim': 32, 'depth': 2, 'rep_dropout': 0.008232825087624449, 'train_learning_rate': 0.004164354855789175, 'train_lr_reduce': 0.6}. Best is trial 14 with value: 0.13103008270263672.
[I 2024-12-19 17:46:16,418] Trial 39 finished with value: 1.6131986379623413 and parameters: {'mlp_n_layers': 4, 'mlp_dim_00': 326, 'mlp_dim_01': 454, 'mlp_dim_02': 506, 'mlp_dim_03': 418, 'node_hidden_dim': 122, 'edge_hidden_dim': 69, 'depth': 4, 'rep_dropout': 0.08025641580997657, 'train_learning_rate': 0.004448628323991871, 'train_lr_reduce': 0.6}. Best is trial 14 with value: 0.13103008270263672.
[I 2024-12-19 17:46:32,907] Trial 37 finished with value: 0.12466077506542206 and parameters: {'mlp_n_layers': 4, 'mlp_dim_00': 406, 'mlp_dim_01': 441, 'mlp_dim_02': 443, 'mlp_dim_03': 261, 'node_hidden_dim': 124, 'edge_hidden_dim': 79, 'depth': 3, 'rep_dropout': 0.008992668163971464, 'train_learning_rate': 0.0018376317334546748, 'train_lr_reduce': 0.6}. Best is trial 37 with value: 0.12466077506542206.
[I 2024-12-19 17:46:37,630] Trial 41 finished with value: 0.24056723713874817 and parameters: {'mlp_n_layers': 3, 'mlp_dim_00': 93, 'mlp_dim_01': 88, 'mlp_dim_02': 435, 'node_hidden_dim': 36, 'edge_hidden_dim': 65, 'depth': 1, 'rep_dropout': 0.0003269294109143027, 'train_learning_rate': 0.006605380335863116, 'train_lr_reduce': 0.6}. Best is trial 37 with value: 0.12466077506542206.
[I 2024-12-19 17:46:42,273] Trial 43 finished with value: 1.6087086200714111 and parameters: {'mlp_n_layers': 4, 'mlp_dim_00': 438, 'mlp_dim_01': 465, 'mlp_dim_02': 454, 'mlp_dim_03': 275, 'node_hidden_dim': 121, 'edge_hidden_dim': 111, 'depth': 4, 'rep_dropout': 0.0021827878424983535, 'train_learning_rate': 0.0014013269918690474, 'train_lr_reduce': 0.6}. Best is trial 37 with value: 0.12466077506542206.
[I 2024-12-19 17:46:47,720] Trial 44 finished with value: 1.5927696228027344 and parameters: {'mlp_n_layers': 4, 'mlp_dim_00': 510, 'mlp_dim_01': 429, 'mlp_dim_02': 505, 'mlp_dim_03': 334, 'node_hidden_dim': 96, 'edge_hidden_dim': 91, 'depth': 2, 'rep_dropout': 0.027585919667544652, 'train_learning_rate': 0.008535229265086068, 'train_lr_reduce': 0.6}. Best is trial 37 with value: 0.12466077506542206.
[I 2024-12-19 17:46:50,220] Trial 40 finished with value: 0.1087476834654808 and parameters: {'mlp_n_layers': 3, 'mlp_dim_00': 110, 'mlp_dim_01': 164, 'mlp_dim_02': 510, 'node_hidden_dim': 50, 'edge_hidden_dim': 61, 'depth': 1, 'rep_dropout': 0.041594896596370806, 'train_learning_rate': 0.0015718374466947914, 'train_lr_reduce': 0.6}. Best is trial 40 with value: 0.1087476834654808.
[I 2024-12-19 17:47:10,867] Trial 42 finished with value: 0.1428983360528946 and parameters: {'mlp_n_layers': 4, 'mlp_dim_00': 387, 'mlp_dim_01': 388, 'mlp_dim_02': 387, 'mlp_dim_03': 299, 'node_hidden_dim': 118, 'edge_hidden_dim': 54, 'depth': 3, 'rep_dropout': 0.005670107484405475, 'train_learning_rate': 0.001686797621107304, 'train_lr_reduce': 0.6}. Best is trial 40 with value: 0.1087476834654808.
[I 2024-12-19 17:47:24,528] Trial 46 finished with value: 0.15016815066337585 and parameters: {'mlp_n_layers': 4, 'mlp_dim_00': 114, 'mlp_dim_01': 223, 'mlp_dim_02': 283, 'mlp_dim_03': 362, 'node_hidden_dim': 65, 'edge_hidden_dim': 90, 'depth': 1, 'rep_dropout': 0.053629718735680315, 'train_learning_rate': 0.002542953802742625, 'train_lr_reduce': 0.6}. Best is trial 40 with value: 0.1087476834654808.
[I 2024-12-19 17:47:27,920] Trial 45 finished with value: 0.16382712125778198 and parameters: {'mlp_n_layers': 4, 'mlp_dim_00': 192, 'mlp_dim_01': 331, 'mlp_dim_02': 511, 'mlp_dim_03': 250, 'node_hidden_dim': 43, 'edge_hidden_dim': 39, 'depth': 1, 'rep_dropout': 0.03918414470321602, 'train_learning_rate': 0.0063818519188225354, 'train_lr_reduce': 0.6}. Best is trial 40 with value: 0.1087476834654808.
[I 2024-12-19 17:47:37,313] Trial 49 finished with value: 1.5817722082138062 and parameters: {'mlp_n_layers': 3, 'mlp_dim_00': 494, 'mlp_dim_01': 386, 'mlp_dim_02': 260, 'node_hidden_dim': 124, 'edge_hidden_dim': 65, 'depth': 4, 'rep_dropout': 0.004518438760740731, 'train_learning_rate': 0.0026214870162562143, 'train_lr_reduce': 0.6}. Best is trial 40 with value: 0.1087476834654808.
[I 2024-12-19 17:47:44,735] Trial 48 finished with value: 0.26935601234436035 and parameters: {'mlp_n_layers': 4, 'mlp_dim_00': 106, 'mlp_dim_01': 269, 'mlp_dim_02': 282, 'mlp_dim_03': 331, 'node_hidden_dim': 75, 'edge_hidden_dim': 90, 'depth': 2, 'rep_dropout': 0.0767986418381665, 'train_learning_rate': 0.004130124044719067, 'train_lr_reduce': 0.6}. Best is trial 40 with value: 0.1087476834654808.
[I 2024-12-19 17:47:53,974] Trial 47 finished with value: 0.13053126633167267 and parameters: {'mlp_n_layers': 4, 'mlp_dim_00': 382, 'mlp_dim_01': 336, 'mlp_dim_02': 366, 'mlp_dim_03': 275, 'node_hidden_dim': 113, 'edge_hidden_dim': 46, 'depth': 2, 'rep_dropout': 0.005718743889390546, 'train_learning_rate': 0.0011830273591304453, 'train_lr_reduce': 0.6}. Best is trial 40 with value: 0.1087476834654808.
[I 2024-12-19 17:47:56,018] Trial 51 finished with value: 1.3066326379776 and parameters: {'mlp_n_layers': 4, 'mlp_dim_00': 451, 'mlp_dim_01': 438, 'mlp_dim_02': 409, 'mlp_dim_03': 330, 'node_hidden_dim': 127, 'edge_hidden_dim': 67, 'depth': 3, 'rep_dropout': 0.020007855038460597, 'train_learning_rate': 0.0006504572681351027, 'train_lr_reduce': 0.6}. Best is trial 40 with value: 0.1087476834654808.
[I 2024-12-19 17:48:15,285] Trial 50 finished with value: 0.2536786198616028 and parameters: {'mlp_n_layers': 3, 'mlp_dim_00': 177, 'mlp_dim_01': 99, 'mlp_dim_02': 211, 'node_hidden_dim': 45, 'edge_hidden_dim': 97, 'depth': 1, 'rep_dropout': 0.08825666939319772, 'train_learning_rate': 0.001169553444576541, 'train_lr_reduce': 0.6}. Best is trial 40 with value: 0.1087476834654808.
[I 2024-12-19 17:48:39,730] Trial 53 finished with value: 0.16271960735321045 and parameters: {'mlp_n_layers': 4, 'mlp_dim_00': 439, 'mlp_dim_01': 263, 'mlp_dim_02': 300, 'mlp_dim_03': 285, 'node_hidden_dim': 104, 'edge_hidden_dim': 48, 'depth': 3, 'rep_dropout': 0.0054632081519377495, 'train_learning_rate': 0.002295307056718547, 'train_lr_reduce': 0.6}. Best is trial 40 with value: 0.1087476834654808.
[I 2024-12-19 17:48:41,030] Trial 54 finished with value: 0.22029851377010345 and parameters: {'mlp_n_layers': 3, 'mlp_dim_00': 142, 'mlp_dim_01': 241, 'mlp_dim_02': 381, 'node_hidden_dim': 79, 'edge_hidden_dim': 96, 'depth': 1, 'rep_dropout': 0.037320077104818494, 'train_learning_rate': 0.0009116536552629878, 'train_lr_reduce': 0.6}. Best is trial 40 with value: 0.1087476834654808.
[I 2024-12-19 17:48:41,074] Trial 52 finished with value: 0.11646517366170883 and parameters: {'mlp_n_layers': 4, 'mlp_dim_00': 308, 'mlp_dim_01': 332, 'mlp_dim_02': 383, 'mlp_dim_03': 253, 'node_hidden_dim': 118, 'edge_hidden_dim': 34, 'depth': 3, 'rep_dropout': 0.030611158955281253, 'train_learning_rate': 0.0008464795506110634, 'train_lr_reduce': 0.6}. Best is trial 40 with value: 0.1087476834654808.
[I 2024-12-19 17:48:45,645] Trial 57 finished with value: 1.6180294752120972 and parameters: {'mlp_n_layers': 3, 'mlp_dim_00': 285, 'mlp_dim_01': 326, 'mlp_dim_02': 379, 'node_hidden_dim': 124, 'edge_hidden_dim': 32, 'depth': 3, 'rep_dropout': 0.03751702982635488, 'train_learning_rate': 0.0016911715782021333, 'train_lr_reduce': 0.6}. Best is trial 40 with value: 0.1087476834654808.
