[I 2024-12-04 17:48:03,407] Trial 1253 finished with value: 0.3188882077190351 and parameters: {'n_estimators': 898, 'max_depth': 6, 'learning_rate': 0.07403975134782403, 'subsample': 0.7704630654692086, 'colsample_bytree': 0.7145996272268164, 'min_child_weight': 2, 'gamma': 0.0009152643764591617, 'reg_alpha': 9.077384863107357e-05, 'reg_lambda': 0.013068378511275429}. Best is trial 1165 with value: 0.30684956478914405.
[I 2024-12-04 17:48:04,858] Trial 1254 finished with value: 0.3131201042805719 and parameters: {'n_estimators': 891, 'max_depth': 6, 'learning_rate': 0.07321057600693669, 'subsample': 0.7682809846310202, 'colsample_bytree': 0.7155927885104006, 'min_child_weight': 2, 'gamma': 0.0009646101740565392, 'reg_alpha': 0.00010595676573593, 'reg_lambda': 0.01283686320281203}. Best is trial 1165 with value: 0.30684956478914405.
[I 2024-12-04 17:48:06,306] Trial 1255 finished with value: 0.3137496434165438 and parameters: {'n_estimators': 902, 'max_depth': 6, 'learning_rate': 0.07384922068357676, 'subsample': 0.7672205057120666, 'colsample_bytree': 0.7153137440606283, 'min_child_weight': 2, 'gamma': 0.0009042569328750523, 'reg_alpha': 9.309494940287072e-05, 'reg_lambda': 0.013489886648685513}. Best is trial 1165 with value: 0.30684956478914405.
[I 2024-12-04 17:48:07,751] Trial 1256 finished with value: 0.31117535681467107 and parameters: {'n_estimators': 891, 'max_depth': 6, 'learning_rate': 0.07434365943092744, 'subsample': 0.7696762553975794, 'colsample_bytree': 0.7166584760566395, 'min_child_weight': 2, 'gamma': 0.0010056461463067846, 'reg_alpha': 0.00011799006042848736, 'reg_lambda': 0.01272273332745291}. Best is trial 1165 with value: 0.30684956478914405.
[I 2024-12-04 17:48:09,181] Trial 1257 finished with value: 0.3177819652358462 and parameters: {'n_estimators': 893, 'max_depth': 6, 'learning_rate': 0.07372598950972854, 'subsample': 0.7667154729799396, 'colsample_bytree': 0.7189203930266996, 'min_child_weight': 2, 'gamma': 0.0008704682686285829, 'reg_alpha': 8.192754296249409e-05, 'reg_lambda': 0.013139966671789741}. Best is trial 1165 with value: 0.30684956478914405.
[I 2024-12-04 17:48:10,611] Trial 1258 finished with value: 0.31460936065838624 and parameters: {'n_estimators': 887, 'max_depth': 6, 'learning_rate': 0.07505835078496076, 'subsample': 0.7681387019521623, 'colsample_bytree': 0.7175264275052322, 'min_child_weight': 2, 'gamma': 0.0008744546761506383, 'reg_alpha': 9.435244409107283e-05, 'reg_lambda': 0.012494514207758326}. Best is trial 1165 with value: 0.30684956478914405.
[I 2024-12-04 17:48:12,516] Trial 1259 finished with value: 0.3119674867616537 and parameters: {'n_estimators': 895, 'max_depth': 6, 'learning_rate': 0.07400608408508266, 'subsample': 0.7689982781362072, 'colsample_bytree': 0.7172173166883231, 'min_child_weight': 2, 'gamma': 0.000886542568013485, 'reg_alpha': 0.00010699226505970106, 'reg_lambda': 0.014059807067224324}. Best is trial 1165 with value: 0.30684956478914405.
[I 2024-12-04 17:48:13,954] Trial 1260 finished with value: 0.31088135864356853 and parameters: {'n_estimators': 890, 'max_depth': 6, 'learning_rate': 0.07433194114892382, 'subsample': 0.7679267260227016, 'colsample_bytree': 0.7166510292566068, 'min_child_weight': 2, 'gamma': 0.0009139750476914542, 'reg_alpha': 0.00010840893140479812, 'reg_lambda': 0.011604791981569228}. Best is trial 1165 with value: 0.30684956478914405.
[I 2024-12-04 17:48:15,411] Trial 1261 finished with value: 0.31268252212715647 and parameters: {'n_estimators': 894, 'max_depth': 6, 'learning_rate': 0.074483275181584, 'subsample': 0.7701558724186051, 'colsample_bytree': 0.7149836788722159, 'min_child_weight': 2, 'gamma': 0.0008882218572053177, 'reg_alpha': 9.835787747952282e-05, 'reg_lambda': 0.013995008663435471}. Best is trial 1165 with value: 0.30684956478914405.
[I 2024-12-04 17:48:16,883] Trial 1262 finished with value: 0.3192568583483621 and parameters: {'n_estimators': 900, 'max_depth': 6, 'learning_rate': 0.07451264216636252, 'subsample': 0.7670990030604403, 'colsample_bytree': 0.7159201800193189, 'min_child_weight': 2, 'gamma': 0.0008626537468277591, 'reg_alpha': 8.991053695077525e-05, 'reg_lambda': 0.01343285760886715}. Best is trial 1165 with value: 0.30684956478914405.
[I 2024-12-04 17:48:18,333] Trial 1263 finished with value: 0.3135803648127262 and parameters: {'n_estimators': 888, 'max_depth': 6, 'learning_rate': 0.07289985663678011, 'subsample': 0.7685837187244099, 'colsample_bytree': 0.717425662140093, 'min_child_weight': 2, 'gamma': 0.0010250528152807544, 'reg_alpha': 9.357657193972963e-05, 'reg_lambda': 0.012115164383726843}. Best is trial 1165 with value: 0.30684956478914405.
[I 2024-12-04 17:48:19,777] Trial 1264 finished with value: 0.3128942119752177 and parameters: {'n_estimators': 884, 'max_depth': 6, 'learning_rate': 0.07449149541683568, 'subsample': 0.7694580417219059, 'colsample_bytree': 0.7182855296312083, 'min_child_weight': 2, 'gamma': 0.0008887063947365054, 'reg_alpha': 0.00011374816872303794, 'reg_lambda': 0.013728486023136437}. Best is trial 1165 with value: 0.30684956478914405.
[I 2024-12-04 17:48:21,230] Trial 1265 finished with value: 0.30738711521271933 and parameters: {'n_estimators': 894, 'max_depth': 6, 'learning_rate': 0.07337331421415437, 'subsample': 0.7697585995170864, 'colsample_bytree': 0.7163275558133804, 'min_child_weight': 2, 'gamma': 0.0009359625553999832, 'reg_alpha': 9.073495983186755e-05, 'reg_lambda': 0.01317763631719045}. Best is trial 1165 with value: 0.30684956478914405.
[I 2024-12-04 17:48:22,678] Trial 1266 finished with value: 0.3136485058314006 and parameters: {'n_estimators': 889, 'max_depth': 6, 'learning_rate': 0.07420161743295134, 'subsample': 0.7684732090483535, 'colsample_bytree': 0.7168182918308392, 'min_child_weight': 2, 'gamma': 0.0008804377680918567, 'reg_alpha': 9.851551705101964e-05, 'reg_lambda': 0.013600969490061588}. Best is trial 1165 with value: 0.30684956478914405.
[I 2024-12-04 17:48:24,182] Trial 1267 finished with value: 0.31344286871449284 and parameters: {'n_estimators': 894, 'max_depth': 6, 'learning_rate': 0.07443347593963548, 'subsample': 0.7669964026942021, 'colsample_bytree': 0.7160427832630649, 'min_child_weight': 2, 'gamma': 0.0009229588228232343, 'reg_alpha': 0.00010653172721161742, 'reg_lambda': 0.013018980452735106}. Best is trial 1165 with value: 0.30684956478914405.
[I 2024-12-04 17:48:25,618] Trial 1268 finished with value: 0.3208076491541859 and parameters: {'n_estimators': 882, 'max_depth': 6, 'learning_rate': 0.07391737695686157, 'subsample': 0.7694973109928986, 'colsample_bytree': 0.7158424500238607, 'min_child_weight': 2, 'gamma': 0.0009356336250535863, 'reg_alpha': 0.00010491685038602933, 'reg_lambda': 0.01281257904539507}. Best is trial 1165 with value: 0.30684956478914405.
[I 2024-12-04 17:48:27,170] Trial 1269 finished with value: 0.3115540275658142 and parameters: {'n_estimators': 893, 'max_depth': 6, 'learning_rate': 0.07492797360303148, 'subsample': 0.7683574690223652, 'colsample_bytree': 0.7170492171514048, 'min_child_weight': 2, 'gamma': 0.0008715680519551194, 'reg_alpha': 0.00012080011449532371, 'reg_lambda': 0.01258903659901414}. Best is trial 1165 with value: 0.30684956478914405.
[I 2024-12-04 17:48:28,627] Trial 1270 finished with value: 0.31821368463964195 and parameters: {'n_estimators': 892, 'max_depth': 6, 'learning_rate': 0.07458291160759524, 'subsample': 0.7672655078056275, 'colsample_bytree': 0.7167897556317722, 'min_child_weight': 2, 'gamma': 0.0008508973553820942, 'reg_alpha': 0.00010257516628655374, 'reg_lambda': 0.014424864072529298}. Best is trial 1165 with value: 0.30684956478914405.
[I 2024-12-04 17:48:30,091] Trial 1271 finished with value: 0.3154187673472622 and parameters: {'n_estimators': 885, 'max_depth': 6, 'learning_rate': 0.07388077809403075, 'subsample': 0.7714594614678735, 'colsample_bytree': 0.7170272346479317, 'min_child_weight': 2, 'gamma': 0.0009358317810356975, 'reg_alpha': 0.00010071968650358545, 'reg_lambda': 0.01282400260974819}. Best is trial 1165 with value: 0.30684956478914405.
[I 2024-12-04 17:48:31,559] Trial 1272 finished with value: 0.3188827808094792 and parameters: {'n_estimators': 896, 'max_depth': 6, 'learning_rate': 0.07347116675135365, 'subsample': 0.7713978553184081, 'colsample_bytree': 0.7148316633821314, 'min_child_weight': 2, 'gamma': 0.0010031617428956717, 'reg_alpha': 9.967194911870591e-05, 'reg_lambda': 0.013481856740203595}. Best is trial 1165 with value: 0.30684956478914405.
[I 2024-12-04 17:48:33,028] Trial 1273 finished with value: 0.3174998160326898 and parameters: {'n_estimators': 899, 'max_depth': 6, 'learning_rate': 0.07385282811019377, 'subsample': 0.7692039144942364, 'colsample_bytree': 0.7159114758252157, 'min_child_weight': 2, 'gamma': 0.000903139540093037, 'reg_alpha': 9.884015154537088e-05, 'reg_lambda': 0.014172874105033473}. Best is trial 1165 with value: 0.30684956478914405.
[I 2024-12-04 17:48:34,541] Trial 1274 finished with value: 0.31034540009041367 and parameters: {'n_estimators': 898, 'max_depth': 6, 'learning_rate': 0.07441748916290697, 'subsample': 0.7684873345084574, 'colsample_bytree': 0.7152679730784316, 'min_child_weight': 2, 'gamma': 0.000866738222438593, 'reg_alpha': 9.549481812422672e-05, 'reg_lambda': 0.014507677209978139}. Best is trial 1165 with value: 0.30684956478914405.
[I 2024-12-04 17:48:36,138] Trial 1275 finished with value: 0.3135024301067342 and parameters: {'n_estimators': 901, 'max_depth': 6, 'learning_rate': 0.0737305449728365, 'subsample': 0.7694122784026698, 'colsample_bytree': 0.7189655083631248, 'min_child_weight': 2, 'gamma': 0.0008530076642837621, 'reg_alpha': 8.353795727001988e-05, 'reg_lambda': 0.01510438463753149}. Best is trial 1165 with value: 0.30684956478914405.
[I 2024-12-04 17:48:37,716] Trial 1276 finished with value: 0.3152621334120188 and parameters: {'n_estimators': 903, 'max_depth': 6, 'learning_rate': 0.07366033983637854, 'subsample': 0.7706382532121494, 'colsample_bytree': 0.7178460989840697, 'min_child_weight': 2, 'gamma': 0.0009052872328883048, 'reg_alpha': 9.286777784192576e-05, 'reg_lambda': 0.014253830806680204}. Best is trial 1165 with value: 0.30684956478914405.
[I 2024-12-04 17:48:39,135] Trial 1277 finished with value: 0.31145230333581175 and parameters: {'n_estimators': 889, 'max_depth': 6, 'learning_rate': 0.07469365909794112, 'subsample': 0.7708621447943036, 'colsample_bytree': 0.717869118391882, 'min_child_weight': 2, 'gamma': 0.000905430715534148, 'reg_alpha': 0.00010014871620480884, 'reg_lambda': 0.011848135526407533}. Best is trial 1165 with value: 0.30684956478914405.
[I 2024-12-04 17:48:40,636] Trial 1278 finished with value: 0.31193343744468466 and parameters: {'n_estimators': 883, 'max_depth': 6, 'learning_rate': 0.07471910494388782, 'subsample': 0.7697576677545263, 'colsample_bytree': 0.7169460053154049, 'min_child_weight': 2, 'gamma': 0.0008350286353559823, 'reg_alpha': 0.00011419032703327736, 'reg_lambda': 0.0136223933955623}. Best is trial 1165 with value: 0.30684956478914405.
[I 2024-12-04 17:48:42,203] Trial 1279 finished with value: 0.3123005001801144 and parameters: {'n_estimators': 884, 'max_depth': 6, 'learning_rate': 0.07451413199644845, 'subsample': 0.7687167040594, 'colsample_bytree': 0.7165782265140077, 'min_child_weight': 2, 'gamma': 0.0009568560370584962, 'reg_alpha': 0.00011254200995120827, 'reg_lambda': 0.014515910413505834}. Best is trial 1165 with value: 0.30684956478914405.
[I 2024-12-04 17:48:43,763] Trial 1280 finished with value: 0.3053279987307313 and parameters: {'n_estimators': 893, 'max_depth': 6, 'learning_rate': 0.07565596002263304, 'subsample': 0.7687550289703714, 'colsample_bytree': 0.717978749365705, 'min_child_weight': 2, 'gamma': 0.0008825448473906868, 'reg_alpha': 0.00011343626451497796, 'reg_lambda': 0.013950823959843624}. Best is trial 1280 with value: 0.3053279987307313.
[I 2024-12-04 17:48:45,216] Trial 1281 finished with value: 0.31340479964425233 and parameters: {'n_estimators': 902, 'max_depth': 6, 'learning_rate': 0.07482441622031318, 'subsample': 0.7694883631485294, 'colsample_bytree': 0.7188095962140288, 'min_child_weight': 2, 'gamma': 0.0009613972118259025, 'reg_alpha': 0.00011718705396575561, 'reg_lambda': 0.01353378004746573}. Best is trial 1280 with value: 0.3053279987307313.
[I 2024-12-04 17:48:46,629] Trial 1282 finished with value: 0.3181594497164817 and parameters: {'n_estimators': 905, 'max_depth': 6, 'learning_rate': 0.07376056409199892, 'subsample': 0.7687946039862925, 'colsample_bytree': 0.7144834915370215, 'min_child_weight': 2, 'gamma': 0.0009068339697972329, 'reg_alpha': 9.0470504715219e-05, 'reg_lambda': 0.012546511513498379}. Best is trial 1280 with value: 0.3053279987307313.
[I 2024-12-04 17:48:48,072] Trial 1283 finished with value: 0.3128217119009062 and parameters: {'n_estimators': 896, 'max_depth': 6, 'learning_rate': 0.07357916274258497, 'subsample': 0.7703550186634406, 'colsample_bytree': 0.7164734873676528, 'min_child_weight': 2, 'gamma': 0.0008382870937456404, 'reg_alpha': 9.016483487054704e-05, 'reg_lambda': 0.012143194845325717}. Best is trial 1280 with value: 0.3053279987307313.
[I 2024-12-04 17:48:49,572] Trial 1284 finished with value: 0.31427923385333056 and parameters: {'n_estimators': 894, 'max_depth': 6, 'learning_rate': 0.07431875452552783, 'subsample': 0.7679958237736972, 'colsample_bytree': 0.7181143739337095, 'min_child_weight': 2, 'gamma': 0.0009536185727891521, 'reg_alpha': 0.00010402376249732887, 'reg_lambda': 0.012273635065432255}. Best is trial 1280 with value: 0.3053279987307313.
[I 2024-12-04 17:48:51,135] Trial 1285 finished with value: 0.3096813912802049 and parameters: {'n_estimators': 895, 'max_depth': 6, 'learning_rate': 0.07455147640053701, 'subsample': 0.7692986279883272, 'colsample_bytree': 0.7159915937265542, 'min_child_weight': 2, 'gamma': 0.000815179414259703, 'reg_alpha': 8.609443430674655e-05, 'reg_lambda': 0.012957591997292031}. Best is trial 1280 with value: 0.3053279987307313.
[I 2024-12-04 17:48:52,602] Trial 1286 finished with value: 0.31682039877277907 and parameters: {'n_estimators': 899, 'max_depth': 6, 'learning_rate': 0.0741119156649747, 'subsample': 0.7695868587879519, 'colsample_bytree': 0.7177093503627684, 'min_child_weight': 2, 'gamma': 0.0009118755689194565, 'reg_alpha': 0.00010505347396606224, 'reg_lambda': 0.014145781380961345}. Best is trial 1280 with value: 0.3053279987307313.
[I 2024-12-04 17:48:54,101] Trial 1287 finished with value: 0.314604195731547 and parameters: {'n_estimators': 887, 'max_depth': 6, 'learning_rate': 0.07433336459369953, 'subsample': 0.7691723210257608, 'colsample_bytree': 0.7198762490239646, 'min_child_weight': 2, 'gamma': 0.0008225386649049829, 'reg_alpha': 8.46544908692301e-05, 'reg_lambda': 0.014621114712784308}. Best is trial 1280 with value: 0.3053279987307313.
[I 2024-12-04 17:48:55,557] Trial 1288 finished with value: 0.3156932480438555 and parameters: {'n_estimators': 897, 'max_depth': 6, 'learning_rate': 0.07552078310260263, 'subsample': 0.767175388852404, 'colsample_bytree': 0.7159879009464679, 'min_child_weight': 2, 'gamma': 0.0007952222849124459, 'reg_alpha': 0.00011514199561706422, 'reg_lambda': 0.014368020099770503}. Best is trial 1280 with value: 0.3053279987307313.
[I 2024-12-04 17:48:57,181] Trial 1289 finished with value: 0.31132738370935215 and parameters: {'n_estimators': 893, 'max_depth': 6, 'learning_rate': 0.07469234967365883, 'subsample': 0.7691688646073959, 'colsample_bytree': 0.7172246479901059, 'min_child_weight': 2, 'gamma': 0.0009051856275220925, 'reg_alpha': 0.00010489080785547317, 'reg_lambda': 0.012522835585340215}. Best is trial 1280 with value: 0.3053279987307313.
[I 2024-12-04 17:48:58,885] Trial 1290 finished with value: 0.31713434994370143 and parameters: {'n_estimators': 888, 'max_depth': 6, 'learning_rate': 0.07598124946283188, 'subsample': 0.7706088048505504, 'colsample_bytree': 0.7178901525265957, 'min_child_weight': 2, 'gamma': 0.0008561493882516886, 'reg_alpha': 0.00010192483444245556, 'reg_lambda': 0.013215258408661385}. Best is trial 1280 with value: 0.3053279987307313.
[I 2024-12-04 17:49:00,336] Trial 1291 finished with value: 0.31664422088930066 and parameters: {'n_estimators': 895, 'max_depth': 6, 'learning_rate': 0.07508164766637343, 'subsample': 0.7684628631782584, 'colsample_bytree': 0.7181058859994405, 'min_child_weight': 2, 'gamma': 0.0009614172751346982, 'reg_alpha': 0.00010578713494838762, 'reg_lambda': 0.013689190148448415}. Best is trial 1280 with value: 0.3053279987307313.
[I 2024-12-04 17:49:01,784] Trial 1292 finished with value: 0.307816237738239 and parameters: {'n_estimators': 893, 'max_depth': 6, 'learning_rate': 0.07573472214542108, 'subsample': 0.7688002165083719, 'colsample_bytree': 0.7166213023290082, 'min_child_weight': 2, 'gamma': 0.0008372816547082391, 'reg_alpha': 0.00011636851428743955, 'reg_lambda': 0.013476098198052648}. Best is trial 1280 with value: 0.3053279987307313.
[I 2024-12-04 17:49:03,353] Trial 1293 finished with value: 0.3226990831381957 and parameters: {'n_estimators': 889, 'max_depth': 6, 'learning_rate': 0.07570313401145327, 'subsample': 0.7702133599284867, 'colsample_bytree': 0.7187431430493267, 'min_child_weight': 2, 'gamma': 0.0007506364062291391, 'reg_alpha': 0.00011012606280547523, 'reg_lambda': 0.016687344351272834}. Best is trial 1280 with value: 0.3053279987307313.
[I 2024-12-04 17:49:04,805] Trial 1294 finished with value: 0.31354099817154907 and parameters: {'n_estimators': 888, 'max_depth': 6, 'learning_rate': 0.07497389720954495, 'subsample': 0.7694403302743897, 'colsample_bytree': 0.7161692845016927, 'min_child_weight': 2, 'gamma': 0.0008564881399144664, 'reg_alpha': 0.00011372970935328569, 'reg_lambda': 0.013930265427451774}. Best is trial 1280 with value: 0.3053279987307313.
[I 2024-12-04 17:49:06,251] Trial 1295 finished with value: 0.315176282380652 and parameters: {'n_estimators': 896, 'max_depth': 6, 'learning_rate': 0.07568022652068514, 'subsample': 0.770145309319614, 'colsample_bytree': 0.7181504600916868, 'min_child_weight': 2, 'gamma': 0.0008490759916460772, 'reg_alpha': 0.00013059668358595967, 'reg_lambda': 0.01529788084254095}. Best is trial 1280 with value: 0.3053279987307313.
[I 2024-12-04 17:49:07,859] Trial 1296 finished with value: 0.3117818556298517 and parameters: {'n_estimators': 898, 'max_depth': 6, 'learning_rate': 0.07497552972836255, 'subsample': 0.7690119106783451, 'colsample_bytree': 0.7153799129780714, 'min_child_weight': 2, 'gamma': 0.000820668684355523, 'reg_alpha': 0.00011156554434135858, 'reg_lambda': 0.01303187797709257}. Best is trial 1280 with value: 0.3053279987307313.
[I 2024-12-04 17:49:09,415] Trial 1297 finished with value: 0.3111638145522798 and parameters: {'n_estimators': 893, 'max_depth': 6, 'learning_rate': 0.07560519680699879, 'subsample': 0.76878869216836, 'colsample_bytree': 0.7170509846076337, 'min_child_weight': 2, 'gamma': 0.0008544125765520277, 'reg_alpha': 0.00010580258993264055, 'reg_lambda': 0.013447932652216167}. Best is trial 1280 with value: 0.3053279987307313.
[I 2024-12-04 17:49:11,032] Trial 1298 finished with value: 0.31079985489903794 and parameters: {'n_estimators': 899, 'max_depth': 6, 'learning_rate': 0.07519003946569963, 'subsample': 0.7685526589879167, 'colsample_bytree': 0.7158460504694295, 'min_child_weight': 2, 'gamma': 0.0009570971130233622, 'reg_alpha': 9.817451200785588e-05, 'reg_lambda': 0.012905284966988116}. Best is trial 1280 with value: 0.3053279987307313.
[I 2024-12-04 17:49:12,754] Trial 1299 finished with value: 0.30767811214162333 and parameters: {'n_estimators': 895, 'max_depth': 6, 'learning_rate': 0.0757186183189832, 'subsample': 0.7696842382849848, 'colsample_bytree': 0.7173183181158586, 'min_child_weight': 2, 'gamma': 0.0009222784912668893, 'reg_alpha': 0.00010553067958710086, 'reg_lambda': 0.014805111345086129}. Best is trial 1280 with value: 0.3053279987307313.
[I 2024-12-04 17:49:14,219] Trial 1300 finished with value: 0.3144658894671848 and parameters: {'n_estimators': 891, 'max_depth': 6, 'learning_rate': 0.07552035837601223, 'subsample': 0.7689546599868947, 'colsample_bytree': 0.714698402426126, 'min_child_weight': 2, 'gamma': 0.0008958722229087528, 'reg_alpha': 0.00011669892826700932, 'reg_lambda': 0.012822509928656512}. Best is trial 1280 with value: 0.3053279987307313.
[I 2024-12-04 17:49:15,799] Trial 1301 finished with value: 0.31274857534908057 and parameters: {'n_estimators': 891, 'max_depth': 6, 'learning_rate': 0.07551674675120208, 'subsample': 0.7695705937859593, 'colsample_bytree': 0.7164248973300367, 'min_child_weight': 2, 'gamma': 0.00088907243513404, 'reg_alpha': 0.00011467096066783797, 'reg_lambda': 0.013112039857991458}. Best is trial 1280 with value: 0.3053279987307313.
[I 2024-12-04 17:49:17,244] Trial 1302 finished with value: 0.3140319608928456 and parameters: {'n_estimators': 895, 'max_depth': 6, 'learning_rate': 0.07647450740064067, 'subsample': 0.7689369121342938, 'colsample_bytree': 0.7148601141884245, 'min_child_weight': 2, 'gamma': 0.0009597586652667281, 'reg_alpha': 0.0001458042348810331, 'reg_lambda': 0.013938015745247279}. Best is trial 1280 with value: 0.3053279987307313.
[I 2024-12-04 17:49:18,709] Trial 1303 finished with value: 0.3122587397179882 and parameters: {'n_estimators': 896, 'max_depth': 6, 'learning_rate': 0.07460881645117594, 'subsample': 0.7684867497404045, 'colsample_bytree': 0.7171807342636011, 'min_child_weight': 2, 'gamma': 0.000962342161472533, 'reg_alpha': 0.00010782352822440405, 'reg_lambda': 0.013848322035150355}. Best is trial 1280 with value: 0.3053279987307313.
