[I 2024-12-20 01:06:26,331] Trial 1659 finished with value: 1.4609805345535278 and parameters: {'mlp_n_layers': 4, 'mlp_dim_00': 445, 'mlp_dim_01': 260, 'mlp_dim_02': 352, 'mlp_dim_03': 483, 'node_hidden_dim': 119, 'edge_hidden_dim': 39, 'depth': 2, 'rep_dropout': 0.05194072253232325, 'train_learning_rate': 0.001583728705561058, 'train_lr_reduce': 0.6}. Best is trial 558 with value: 0.30280801653862.
[I 2024-12-20 01:06:26,450] Trial 1660 finished with value: 1.5058822631835938 and parameters: {'mlp_n_layers': 4, 'mlp_dim_00': 510, 'mlp_dim_01': 295, 'mlp_dim_02': 348, 'mlp_dim_03': 448, 'node_hidden_dim': 116, 'edge_hidden_dim': 37, 'depth': 1, 'rep_dropout': 0.009836969587448043, 'train_learning_rate': 0.0012422685428115862, 'train_lr_reduce': 0.6}. Best is trial 558 with value: 0.30280801653862.
[I 2024-12-20 01:06:30,485] Trial 1663 finished with value: 1.5599199533462524 and parameters: {'mlp_n_layers': 3, 'mlp_dim_00': 503, 'mlp_dim_01': 304, 'mlp_dim_02': 377, 'node_hidden_dim': 92, 'edge_hidden_dim': 33, 'depth': 1, 'rep_dropout': 0.0075089394762006476, 'train_learning_rate': 0.0008943511421856342, 'train_lr_reduce': 0.6}. Best is trial 558 with value: 0.30280801653862.
[I 2024-12-20 01:06:30,537] Trial 1662 finished with value: 1.5645889043807983 and parameters: {'mlp_n_layers': 4, 'mlp_dim_00': 463, 'mlp_dim_01': 250, 'mlp_dim_02': 363, 'mlp_dim_03': 483, 'node_hidden_dim': 124, 'edge_hidden_dim': 39, 'depth': 1, 'rep_dropout': 0.0034476976072337975, 'train_learning_rate': 0.0007773329407115587, 'train_lr_reduce': 0.6}. Best is trial 558 with value: 0.30280801653862.
[I 2024-12-20 01:06:36,065] Trial 1665 finished with value: 1.5237793922424316 and parameters: {'mlp_n_layers': 1, 'mlp_dim_00': 221, 'node_hidden_dim': 94, 'edge_hidden_dim': 36, 'depth': 4, 'rep_dropout': 0.10261097840398355, 'train_learning_rate': 0.00025095778198381044, 'train_lr_reduce': 0.6}. Best is trial 558 with value: 0.30280801653862.
[I 2024-12-20 01:06:37,218] Trial 1664 finished with value: 1.3325804471969604 and parameters: {'mlp_n_layers': 1, 'mlp_dim_00': 270, 'node_hidden_dim': 47, 'edge_hidden_dim': 99, 'depth': 4, 'rep_dropout': 0.06720788182125804, 'train_learning_rate': 0.009075559011606074, 'train_lr_reduce': 0.6}. Best is trial 558 with value: 0.30280801653862.
[I 2024-12-20 01:06:42,174] Trial 1667 finished with value: 1.5625766515731812 and parameters: {'mlp_n_layers': 4, 'mlp_dim_00': 443, 'mlp_dim_01': 290, 'mlp_dim_02': 384, 'mlp_dim_03': 464, 'node_hidden_dim': 98, 'edge_hidden_dim': 42, 'depth': 1, 'rep_dropout': 0.03265454505555778, 'train_learning_rate': 0.0008448827677546153, 'train_lr_reduce': 0.6}. Best is trial 558 with value: 0.30280801653862.
[I 2024-12-20 01:06:47,009] Trial 1668 finished with value: 1.569946050643921 and parameters: {'mlp_n_layers': 4, 'mlp_dim_00': 71, 'mlp_dim_01': 302, 'mlp_dim_02': 333, 'mlp_dim_03': 482, 'node_hidden_dim': 107, 'edge_hidden_dim': 73, 'depth': 2, 'rep_dropout': 0.05137978533685391, 'train_learning_rate': 0.0005426689875924887, 'train_lr_reduce': 0.6}. Best is trial 558 with value: 0.30280801653862.
[I 2024-12-20 01:06:50,915] Trial 1669 finished with value: 1.5465261936187744 and parameters: {'mlp_n_layers': 1, 'mlp_dim_00': 358, 'node_hidden_dim': 126, 'edge_hidden_dim': 51, 'depth': 3, 'rep_dropout': 0.03404807219901521, 'train_learning_rate': 0.00025058312252921905, 'train_lr_reduce': 0.6}. Best is trial 558 with value: 0.30280801653862.
[I 2024-12-20 01:06:51,283] Trial 1661 finished with value: 0.35214927792549133 and parameters: {'mlp_n_layers': 4, 'mlp_dim_00': 486, 'mlp_dim_01': 304, 'mlp_dim_02': 360, 'mlp_dim_03': 439, 'node_hidden_dim': 111, 'edge_hidden_dim': 51, 'depth': 1, 'rep_dropout': 0.009928406029701634, 'train_learning_rate': 0.0012439919705507533, 'train_lr_reduce': 0.6}. Best is trial 558 with value: 0.30280801653862.
[I 2024-12-20 01:06:54,628] Trial 1670 finished with value: 1.3166921138763428 and parameters: {'mlp_n_layers': 3, 'mlp_dim_00': 493, 'mlp_dim_01': 309, 'mlp_dim_02': 380, 'node_hidden_dim': 127, 'edge_hidden_dim': 43, 'depth': 1, 'rep_dropout': 0.0035081988039594816, 'train_learning_rate': 0.0031467292183612527, 'train_lr_reduce': 0.6}. Best is trial 558 with value: 0.30280801653862.
[I 2024-12-20 01:06:55,252] Trial 1671 finished with value: 1.5369129180908203 and parameters: {'mlp_n_layers': 4, 'mlp_dim_00': 493, 'mlp_dim_01': 256, 'mlp_dim_02': 332, 'mlp_dim_03': 470, 'node_hidden_dim': 116, 'edge_hidden_dim': 38, 'depth': 1, 'rep_dropout': 0.0024682896871336714, 'train_learning_rate': 0.0008005876815785745, 'train_lr_reduce': 0.6}. Best is trial 558 with value: 0.30280801653862.
[I 2024-12-20 01:06:57,394] Trial 1666 finished with value: 0.3678562641143799 and parameters: {'mlp_n_layers': 3, 'mlp_dim_00': 447, 'mlp_dim_01': 262, 'mlp_dim_02': 342, 'node_hidden_dim': 128, 'edge_hidden_dim': 48, 'depth': 1, 'rep_dropout': 0.01866422418791177, 'train_learning_rate': 0.0011482529045197772, 'train_lr_reduce': 0.6}. Best is trial 558 with value: 0.30280801653862.
[I 2024-12-20 01:06:58,255] Trial 1672 finished with value: 1.5165280103683472 and parameters: {'mlp_n_layers': 4, 'mlp_dim_00': 498, 'mlp_dim_01': 308, 'mlp_dim_02': 385, 'mlp_dim_03': 495, 'node_hidden_dim': 127, 'edge_hidden_dim': 33, 'depth': 2, 'rep_dropout': 0.056176759018121816, 'train_learning_rate': 0.0013932868064908076, 'train_lr_reduce': 0.6}. Best is trial 558 with value: 0.30280801653862.
[I 2024-12-20 01:06:59,094] Trial 1673 finished with value: 1.5080171823501587 and parameters: {'mlp_n_layers': 4, 'mlp_dim_00': 507, 'mlp_dim_01': 257, 'mlp_dim_02': 336, 'mlp_dim_03': 479, 'node_hidden_dim': 111, 'edge_hidden_dim': 49, 'depth': 2, 'rep_dropout': 0.004099138379972032, 'train_learning_rate': 0.0016329178882930416, 'train_lr_reduce': 0.6}. Best is trial 558 with value: 0.30280801653862.
[I 2024-12-20 01:07:01,088] Trial 1674 finished with value: 1.5166981220245361 and parameters: {'mlp_n_layers': 4, 'mlp_dim_00': 385, 'mlp_dim_01': 310, 'mlp_dim_02': 385, 'mlp_dim_03': 491, 'node_hidden_dim': 115, 'edge_hidden_dim': 61, 'depth': 1, 'rep_dropout': 0.019603138162876697, 'train_learning_rate': 0.0013404817048827862, 'train_lr_reduce': 0.6}. Best is trial 558 with value: 0.30280801653862.
[I 2024-12-20 01:07:03,095] Trial 1676 finished with value: 1.538015365600586 and parameters: {'mlp_n_layers': 4, 'mlp_dim_00': 474, 'mlp_dim_01': 322, 'mlp_dim_02': 338, 'mlp_dim_03': 448, 'node_hidden_dim': 117, 'edge_hidden_dim': 35, 'depth': 2, 'rep_dropout': 0.010377728128948563, 'train_learning_rate': 0.0008183621069550266, 'train_lr_reduce': 0.6}. Best is trial 558 with value: 0.30280801653862.
[I 2024-12-20 01:07:05,458] Trial 1677 finished with value: 1.5564227104187012 and parameters: {'mlp_n_layers': 4, 'mlp_dim_00': 467, 'mlp_dim_01': 250, 'mlp_dim_02': 385, 'mlp_dim_03': 509, 'node_hidden_dim': 128, 'edge_hidden_dim': 61, 'depth': 2, 'rep_dropout': 0.03679719686072317, 'train_learning_rate': 0.0006839250237896229, 'train_lr_reduce': 0.6}. Best is trial 558 with value: 0.30280801653862.
[I 2024-12-20 01:07:07,209] Trial 1678 finished with value: 1.4801933765411377 and parameters: {'mlp_n_layers': 3, 'mlp_dim_00': 446, 'mlp_dim_01': 317, 'mlp_dim_02': 352, 'node_hidden_dim': 100, 'edge_hidden_dim': 34, 'depth': 1, 'rep_dropout': 0.04831698259289858, 'train_learning_rate': 0.0012996309844542718, 'train_lr_reduce': 0.6}. Best is trial 558 with value: 0.30280801653862.
[I 2024-12-20 01:07:12,210] Trial 1680 finished with value: 1.285236120223999 and parameters: {'mlp_n_layers': 4, 'mlp_dim_00': 506, 'mlp_dim_01': 316, 'mlp_dim_02': 324, 'mlp_dim_03': 455, 'node_hidden_dim': 116, 'edge_hidden_dim': 41, 'depth': 1, 'rep_dropout': 0.062314931748478464, 'train_learning_rate': 0.00716526777588022, 'train_lr_reduce': 0.6}. Best is trial 558 with value: 0.30280801653862.
[I 2024-12-20 01:07:16,226] Trial 1681 finished with value: 1.5620231628417969 and parameters: {'mlp_n_layers': 1, 'mlp_dim_00': 66, 'node_hidden_dim': 70, 'edge_hidden_dim': 69, 'depth': 3, 'rep_dropout': 0.11908200854028572, 'train_learning_rate': 0.00019664278237755358, 'train_lr_reduce': 0.6}. Best is trial 558 with value: 0.30280801653862.
[I 2024-12-20 01:07:16,564] Trial 1675 finished with value: 0.3441954255104065 and parameters: {'mlp_n_layers': 4, 'mlp_dim_00': 503, 'mlp_dim_01': 299, 'mlp_dim_02': 383, 'mlp_dim_03': 508, 'node_hidden_dim': 125, 'edge_hidden_dim': 34, 'depth': 1, 'rep_dropout': 0.034615419490460604, 'train_learning_rate': 0.0012758543446571625, 'train_lr_reduce': 0.6}. Best is trial 558 with value: 0.30280801653862.
[I 2024-12-20 01:07:23,338] Trial 1683 finished with value: 1.5106955766677856 and parameters: {'mlp_n_layers': 4, 'mlp_dim_00': 493, 'mlp_dim_01': 320, 'mlp_dim_02': 331, 'mlp_dim_03': 420, 'node_hidden_dim': 91, 'edge_hidden_dim': 38, 'depth': 2, 'rep_dropout': 0.04149940474772093, 'train_learning_rate': 0.0019289329012601186, 'train_lr_reduce': 0.6}. Best is trial 558 with value: 0.30280801653862.
[I 2024-12-20 01:07:28,005] Trial 1684 finished with value: 1.5272810459136963 and parameters: {'mlp_n_layers': 4, 'mlp_dim_00': 442, 'mlp_dim_01': 312, 'mlp_dim_02': 395, 'mlp_dim_03': 452, 'node_hidden_dim': 111, 'edge_hidden_dim': 32, 'depth': 1, 'rep_dropout': 0.013375703122547523, 'train_learning_rate': 0.001282481626135818, 'train_lr_reduce': 0.6}. Best is trial 558 with value: 0.30280801653862.
[I 2024-12-20 01:07:32,993] Trial 1682 finished with value: 0.3426682651042938 and parameters: {'mlp_n_layers': 4, 'mlp_dim_00': 498, 'mlp_dim_01': 269, 'mlp_dim_02': 394, 'mlp_dim_03': 512, 'node_hidden_dim': 109, 'edge_hidden_dim': 40, 'depth': 1, 'rep_dropout': 0.030202551001621003, 'train_learning_rate': 0.0012200115174866865, 'train_lr_reduce': 0.6}. Best is trial 558 with value: 0.30280801653862.
[I 2024-12-20 01:07:34,682] Trial 1679 finished with value: 0.34573131799697876 and parameters: {'mlp_n_layers': 4, 'mlp_dim_00': 421, 'mlp_dim_01': 274, 'mlp_dim_02': 388, 'mlp_dim_03': 436, 'node_hidden_dim': 121, 'edge_hidden_dim': 32, 'depth': 1, 'rep_dropout': 0.008220179937603243, 'train_learning_rate': 0.0008931850947214926, 'train_lr_reduce': 0.6}. Best is trial 558 with value: 0.30280801653862.
[I 2024-12-20 01:07:37,272] Trial 1686 finished with value: 1.2969027757644653 and parameters: {'mlp_n_layers': 3, 'mlp_dim_00': 433, 'mlp_dim_01': 318, 'mlp_dim_02': 388, 'node_hidden_dim': 125, 'edge_hidden_dim': 32, 'depth': 2, 'rep_dropout': 0.03874001625604473, 'train_learning_rate': 0.0033343335822834893, 'train_lr_reduce': 0.6}. Best is trial 558 with value: 0.30280801653862.
[I 2024-12-20 01:07:38,554] Trial 1687 finished with value: 1.5034348964691162 and parameters: {'mlp_n_layers': 4, 'mlp_dim_00': 434, 'mlp_dim_01': 324, 'mlp_dim_02': 318, 'mlp_dim_03': 414, 'node_hidden_dim': 115, 'edge_hidden_dim': 57, 'depth': 1, 'rep_dropout': 0.000693523248335404, 'train_learning_rate': 0.0011532889513235012, 'train_lr_reduce': 0.6}. Best is trial 558 with value: 0.30280801653862.
[I 2024-12-20 01:07:41,048] Trial 1688 finished with value: 1.5639008283615112 and parameters: {'mlp_n_layers': 3, 'mlp_dim_00': 495, 'mlp_dim_01': 278, 'mlp_dim_02': 401, 'node_hidden_dim': 104, 'edge_hidden_dim': 36, 'depth': 1, 'rep_dropout': 0.008821814144683294, 'train_learning_rate': 0.00030824317322150586, 'train_lr_reduce': 0.6}. Best is trial 558 with value: 0.30280801653862.
[I 2024-12-20 01:07:42,777] Trial 1689 finished with value: 1.5401691198349 and parameters: {'mlp_n_layers': 3, 'mlp_dim_00': 423, 'mlp_dim_01': 248, 'mlp_dim_02': 351, 'node_hidden_dim': 116, 'edge_hidden_dim': 53, 'depth': 1, 'rep_dropout': 0.010191932457847056, 'train_learning_rate': 0.0011266267273512935, 'train_lr_reduce': 0.6}. Best is trial 558 with value: 0.30280801653862.
[I 2024-12-20 01:07:45,072] Trial 1690 finished with value: 1.5600892305374146 and parameters: {'mlp_n_layers': 4, 'mlp_dim_00': 228, 'mlp_dim_01': 323, 'mlp_dim_02': 398, 'mlp_dim_03': 457, 'node_hidden_dim': 125, 'edge_hidden_dim': 33, 'depth': 1, 'rep_dropout': 0.03532031687276646, 'train_learning_rate': 0.0006807598297577721, 'train_lr_reduce': 0.6}. Best is trial 558 with value: 0.30280801653862.
[I 2024-12-20 01:07:50,153] Trial 1692 finished with value: 1.5392320156097412 and parameters: {'mlp_n_layers': 4, 'mlp_dim_00': 466, 'mlp_dim_01': 326, 'mlp_dim_02': 362, 'mlp_dim_03': 415, 'node_hidden_dim': 128, 'edge_hidden_dim': 53, 'depth': 1, 'rep_dropout': 0.06275536478425445, 'train_learning_rate': 0.0018583823245531103, 'train_lr_reduce': 0.6}. Best is trial 558 with value: 0.30280801653862.
[I 2024-12-20 01:07:56,225] Trial 1693 finished with value: 1.5688625574111938 and parameters: {'mlp_n_layers': 4, 'mlp_dim_00': 156, 'mlp_dim_01': 329, 'mlp_dim_02': 404, 'mlp_dim_03': 480, 'node_hidden_dim': 44, 'edge_hidden_dim': 73, 'depth': 4, 'rep_dropout': 0.14883936376597573, 'train_learning_rate': 0.0001478912831179169, 'train_lr_reduce': 0.6}. Best is trial 558 with value: 0.30280801653862.
[I 2024-12-20 01:08:00,271] Trial 1685 finished with value: 0.32029566168785095 and parameters: {'mlp_n_layers': 4, 'mlp_dim_00': 461, 'mlp_dim_01': 259, 'mlp_dim_02': 358, 'mlp_dim_03': 450, 'node_hidden_dim': 115, 'edge_hidden_dim': 33, 'depth': 1, 'rep_dropout': 0.04001473021043338, 'train_learning_rate': 0.0015766708882776186, 'train_lr_reduce': 0.6}. Best is trial 558 with value: 0.30280801653862.
[I 2024-12-20 01:08:01,314] Trial 1694 finished with value: 1.57338547706604 and parameters: {'mlp_n_layers': 2, 'mlp_dim_00': 399, 'mlp_dim_01': 283, 'node_hidden_dim': 91, 'edge_hidden_dim': 104, 'depth': 3, 'rep_dropout': 0.1399684755047701, 'train_learning_rate': 0.00022176393855351142, 'train_lr_reduce': 0.6}. Best is trial 558 with value: 0.30280801653862.
[I 2024-12-20 01:08:06,443] Trial 1695 finished with value: 1.2243731021881104 and parameters: {'mlp_n_layers': 4, 'mlp_dim_00': 493, 'mlp_dim_01': 251, 'mlp_dim_02': 355, 'mlp_dim_03': 467, 'node_hidden_dim': 120, 'edge_hidden_dim': 34, 'depth': 1, 'rep_dropout': 0.05588025346277336, 'train_learning_rate': 0.0021586422363600462, 'train_lr_reduce': 0.6}. Best is trial 558 with value: 0.30280801653862.
[I 2024-12-20 01:08:12,083] Trial 1697 finished with value: 1.575137734413147 and parameters: {'mlp_n_layers': 4, 'mlp_dim_00': 153, 'mlp_dim_01': 246, 'mlp_dim_02': 361, 'mlp_dim_03': 460, 'node_hidden_dim': 118, 'edge_hidden_dim': 101, 'depth': 3, 'rep_dropout': 0.13597938839957563, 'train_learning_rate': 0.00046683170620887763, 'train_lr_reduce': 0.6}. Best is trial 558 with value: 0.30280801653862.
[I 2024-12-20 01:08:12,741] Trial 1691 finished with value: 0.35464778542518616 and parameters: {'mlp_n_layers': 4, 'mlp_dim_00': 501, 'mlp_dim_01': 279, 'mlp_dim_02': 319, 'mlp_dim_03': 425, 'node_hidden_dim': 89, 'edge_hidden_dim': 35, 'depth': 1, 'rep_dropout': 0.025585919502146552, 'train_learning_rate': 0.0017871297449127588, 'train_lr_reduce': 0.6}. Best is trial 558 with value: 0.30280801653862.
[I 2024-12-20 01:08:16,523] Trial 1696 finished with value: 0.371297687292099 and parameters: {'mlp_n_layers': 4, 'mlp_dim_00': 466, 'mlp_dim_01': 336, 'mlp_dim_02': 352, 'mlp_dim_03': 466, 'node_hidden_dim': 97, 'edge_hidden_dim': 42, 'depth': 1, 'rep_dropout': 0.04041382649012487, 'train_learning_rate': 0.0018339429228458105, 'train_lr_reduce': 0.6}. Best is trial 558 with value: 0.30280801653862.
[I 2024-12-20 01:08:18,611] Trial 1699 finished with value: 1.5850961208343506 and parameters: {'mlp_n_layers': 3, 'mlp_dim_00': 107, 'mlp_dim_01': 329, 'mlp_dim_02': 372, 'node_hidden_dim': 127, 'edge_hidden_dim': 74, 'depth': 4, 'rep_dropout': 0.12307353880571476, 'train_learning_rate': 0.00012398509194810667, 'train_lr_reduce': 0.6}. Best is trial 558 with value: 0.30280801653862.
[I 2024-12-20 01:08:20,670] Trial 1700 finished with value: 1.548370361328125 and parameters: {'mlp_n_layers': 3, 'mlp_dim_00': 503, 'mlp_dim_01': 291, 'mlp_dim_02': 370, 'node_hidden_dim': 120, 'edge_hidden_dim': 33, 'depth': 1, 'rep_dropout': 0.030178488611711178, 'train_learning_rate': 0.000985768403429574, 'train_lr_reduce': 0.6}. Best is trial 558 with value: 0.30280801653862.
[I 2024-12-20 01:08:22,695] Trial 1698 finished with value: 0.5260493755340576 and parameters: {'mlp_n_layers': 3, 'mlp_dim_00': 121, 'mlp_dim_01': 292, 'mlp_dim_02': 352, 'node_hidden_dim': 93, 'edge_hidden_dim': 61, 'depth': 1, 'rep_dropout': 0.03348577517279082, 'train_learning_rate': 0.0023744448481518824, 'train_lr_reduce': 0.6}. Best is trial 558 with value: 0.30280801653862.
[I 2024-12-20 01:08:24,812] Trial 1702 finished with value: 1.44777250289917 and parameters: {'mlp_n_layers': 4, 'mlp_dim_00': 470, 'mlp_dim_01': 328, 'mlp_dim_02': 343, 'mlp_dim_03': 441, 'node_hidden_dim': 113, 'edge_hidden_dim': 33, 'depth': 1, 'rep_dropout': 0.011070066708271625, 'train_learning_rate': 0.0018524921225224371, 'train_lr_reduce': 0.6}. Best is trial 558 with value: 0.30280801653862.
[I 2024-12-20 01:08:26,800] Trial 1703 finished with value: 1.5239619016647339 and parameters: {'mlp_n_layers': 4, 'mlp_dim_00': 410, 'mlp_dim_01': 252, 'mlp_dim_02': 396, 'mlp_dim_03': 467, 'node_hidden_dim': 83, 'edge_hidden_dim': 43, 'depth': 1, 'rep_dropout': 0.004593605020851778, 'train_learning_rate': 0.001094874286121338, 'train_lr_reduce': 0.6}. Best is trial 558 with value: 0.30280801653862.
[I 2024-12-20 01:08:47,449] Trial 1705 finished with value: 0.352886825799942 and parameters: {'mlp_n_layers': 4, 'mlp_dim_00': 462, 'mlp_dim_01': 333, 'mlp_dim_02': 401, 'mlp_dim_03': 438, 'node_hidden_dim': 128, 'edge_hidden_dim': 35, 'depth': 1, 'rep_dropout': 0.02203901083966182, 'train_learning_rate': 0.0007221705621578783, 'train_lr_reduce': 0.6}. Best is trial 558 with value: 0.30280801653862.
[I 2024-12-20 01:08:51,646] Trial 1701 finished with value: 0.4025987982749939 and parameters: {'mlp_n_layers': 4, 'mlp_dim_00': 391, 'mlp_dim_01': 334, 'mlp_dim_02': 392, 'mlp_dim_03': 463, 'node_hidden_dim': 118, 'edge_hidden_dim': 49, 'depth': 1, 'rep_dropout': 0.038377186491058576, 'train_learning_rate': 0.0022801386394191944, 'train_lr_reduce': 0.6}. Best is trial 558 with value: 0.30280801653862.
[I 2024-12-20 01:08:55,109] Trial 1704 finished with value: 0.3604753613471985 and parameters: {'mlp_n_layers': 4, 'mlp_dim_00': 460, 'mlp_dim_01': 288, 'mlp_dim_02': 358, 'mlp_dim_03': 511, 'node_hidden_dim': 108, 'edge_hidden_dim': 51, 'depth': 1, 'rep_dropout': 0.042881286417457275, 'train_learning_rate': 0.0032395697059253744, 'train_lr_reduce': 0.6}. Best is trial 558 with value: 0.30280801653862.
[I 2024-12-20 01:08:55,399] Trial 1707 finished with value: 1.3168132305145264 and parameters: {'mlp_n_layers': 1, 'mlp_dim_00': 299, 'node_hidden_dim': 73, 'edge_hidden_dim': 65, 'depth': 3, 'rep_dropout': 0.017889583117418492, 'train_learning_rate': 0.0013868227445933098, 'train_lr_reduce': 0.6}. Best is trial 558 with value: 0.30280801653862.
[I 2024-12-20 01:08:59,056] Trial 1708 finished with value: 1.5276575088500977 and parameters: {'mlp_n_layers': 3, 'mlp_dim_00': 172, 'mlp_dim_01': 294, 'mlp_dim_02': 373, 'node_hidden_dim': 93, 'edge_hidden_dim': 34, 'depth': 1, 'rep_dropout': 0.029000710684716415, 'train_learning_rate': 0.0019402058339434457, 'train_lr_reduce': 0.6}. Best is trial 558 with value: 0.30280801653862.
[I 2024-12-20 01:09:01,397] Trial 1709 finished with value: 1.5794076919555664 and parameters: {'mlp_n_layers': 2, 'mlp_dim_00': 370, 'mlp_dim_01': 335, 'node_hidden_dim': 126, 'edge_hidden_dim': 116, 'depth': 1, 'rep_dropout': 0.08269658012709752, 'train_learning_rate': 0.00018355845561469656, 'train_lr_reduce': 0.6}. Best is trial 558 with value: 0.30280801653862.
[I 2024-12-20 01:09:02,911] Trial 1710 finished with value: 1.545423150062561 and parameters: {'mlp_n_layers': 4, 'mlp_dim_00': 501, 'mlp_dim_01': 337, 'mlp_dim_02': 400, 'mlp_dim_03': 434, 'node_hidden_dim': 101, 'edge_hidden_dim': 32, 'depth': 2, 'rep_dropout': 0.051338673533034784, 'train_learning_rate': 0.0008161533127025918, 'train_lr_reduce': 0.6}. Best is trial 558 with value: 0.30280801653862.
[I 2024-12-20 01:09:05,819] Trial 1711 finished with value: 1.5638761520385742 and parameters: {'mlp_n_layers': 3, 'mlp_dim_00': 430, 'mlp_dim_01': 285, 'mlp_dim_02': 334, 'node_hidden_dim': 113, 'edge_hidden_dim': 34, 'depth': 1, 'rep_dropout': 0.04366143729296129, 'train_learning_rate': 0.0007429133922138088, 'train_lr_reduce': 0.6}. Best is trial 558 with value: 0.30280801653862.
[I 2024-12-20 01:09:09,813] Trial 1713 finished with value: 1.2966951131820679 and parameters: {'mlp_n_layers': 4, 'mlp_dim_00': 439, 'mlp_dim_01': 255, 'mlp_dim_02': 361, 'mlp_dim_03': 511, 'node_hidden_dim': 125, 'edge_hidden_dim': 36, 'depth': 1, 'rep_dropout': 0.07280143888517249, 'train_learning_rate': 0.0035390545423743852, 'train_lr_reduce': 0.6}. Best is trial 558 with value: 0.30280801653862.
[I 2024-12-20 01:09:11,190] Trial 1706 finished with value: 0.36545997858047485 and parameters: {'mlp_n_layers': 4, 'mlp_dim_00': 442, 'mlp_dim_01': 240, 'mlp_dim_02': 337, 'mlp_dim_03': 426, 'node_hidden_dim': 102, 'edge_hidden_dim': 42, 'depth': 1, 'rep_dropout': 0.04647637298225999, 'train_learning_rate': 0.003066230882591479, 'train_lr_reduce': 0.6}. Best is trial 558 with value: 0.30280801653862.
[I 2024-12-20 01:09:13,798] Trial 1714 finished with value: 1.3002073764801025 and parameters: {'mlp_n_layers': 1, 'mlp_dim_00': 321, 'node_hidden_dim': 93, 'edge_hidden_dim': 79, 'depth': 1, 'rep_dropout': 0.06899822423238389, 'train_learning_rate': 0.0029893060665182156, 'train_lr_reduce': 0.6}. Best is trial 558 with value: 0.30280801653862.
