[I 2024-12-20 00:40:12,439] Trial 1213 finished with value: 0.329142302274704 and parameters: {'mlp_n_layers': 3, 'mlp_dim_00': 141, 'mlp_dim_01': 394, 'mlp_dim_02': 396, 'node_hidden_dim': 124, 'edge_hidden_dim': 36, 'depth': 1, 'rep_dropout': 0.022633252800206283, 'train_learning_rate': 0.0014076942702637345, 'train_lr_reduce': 0.6}. Best is trial 558 with value: 0.30280801653862.
[I 2024-12-20 00:40:16,396] Trial 1220 finished with value: 1.287895679473877 and parameters: {'mlp_n_layers': 4, 'mlp_dim_00': 396, 'mlp_dim_01': 409, 'mlp_dim_02': 367, 'mlp_dim_03': 239, 'node_hidden_dim': 46, 'edge_hidden_dim': 83, 'depth': 2, 'rep_dropout': 0.09688099637473377, 'train_learning_rate': 0.0069178079292974756, 'train_lr_reduce': 0.6}. Best is trial 558 with value: 0.30280801653862.
[I 2024-12-20 00:40:19,639] Trial 1217 finished with value: 0.39310652017593384 and parameters: {'mlp_n_layers': 4, 'mlp_dim_00': 471, 'mlp_dim_01': 232, 'mlp_dim_02': 505, 'mlp_dim_03': 102, 'node_hidden_dim': 63, 'edge_hidden_dim': 105, 'depth': 1, 'rep_dropout': 0.10803045752297985, 'train_learning_rate': 0.0029363229766179036, 'train_lr_reduce': 0.6}. Best is trial 558 with value: 0.30280801653862.
[I 2024-12-20 00:40:23,997] Trial 1222 finished with value: 1.5361506938934326 and parameters: {'mlp_n_layers': 2, 'mlp_dim_00': 127, 'mlp_dim_01': 407, 'node_hidden_dim': 124, 'edge_hidden_dim': 124, 'depth': 2, 'rep_dropout': 0.01998233984385172, 'train_learning_rate': 0.0005516323698647895, 'train_lr_reduce': 0.6}. Best is trial 558 with value: 0.30280801653862.
[I 2024-12-20 00:40:24,867] Trial 1219 finished with value: 0.4302401840686798 and parameters: {'mlp_n_layers': 4, 'mlp_dim_00': 282, 'mlp_dim_01': 391, 'mlp_dim_02': 350, 'mlp_dim_03': 260, 'node_hidden_dim': 109, 'edge_hidden_dim': 53, 'depth': 1, 'rep_dropout': 0.04199173810108557, 'train_learning_rate': 0.0029538451046178167, 'train_lr_reduce': 0.6}. Best is trial 558 with value: 0.30280801653862.
[I 2024-12-20 00:40:28,387] Trial 1223 finished with value: 1.5581423044204712 and parameters: {'mlp_n_layers': 1, 'mlp_dim_00': 424, 'node_hidden_dim': 87, 'edge_hidden_dim': 121, 'depth': 4, 'rep_dropout': 0.058490483615126154, 'train_learning_rate': 0.00011963379049118321, 'train_lr_reduce': 0.6}. Best is trial 558 with value: 0.30280801653862.
[I 2024-12-20 00:40:32,995] Trial 1225 finished with value: 1.5776704549789429 and parameters: {'mlp_n_layers': 4, 'mlp_dim_00': 81, 'mlp_dim_01': 403, 'mlp_dim_02': 380, 'mlp_dim_03': 214, 'node_hidden_dim': 93, 'edge_hidden_dim': 36, 'depth': 1, 'rep_dropout': 0.04160781066365246, 'train_learning_rate': 0.0004961368993066525, 'train_lr_reduce': 0.6}. Best is trial 558 with value: 0.30280801653862.
[I 2024-12-20 00:40:35,222] Trial 1224 finished with value: 0.4174545705318451 and parameters: {'mlp_n_layers': 4, 'mlp_dim_00': 468, 'mlp_dim_01': 413, 'mlp_dim_02': 250, 'mlp_dim_03': 273, 'node_hidden_dim': 116, 'edge_hidden_dim': 55, 'depth': 1, 'rep_dropout': 0.003402986450388879, 'train_learning_rate': 0.001513034816896631, 'train_lr_reduce': 0.6}. Best is trial 558 with value: 0.30280801653862.
[I 2024-12-20 00:40:36,623] Trial 1226 finished with value: 1.457098126411438 and parameters: {'mlp_n_layers': 3, 'mlp_dim_00': 106, 'mlp_dim_01': 399, 'mlp_dim_02': 307, 'node_hidden_dim': 123, 'edge_hidden_dim': 42, 'depth': 2, 'rep_dropout': 0.040715191650768, 'train_learning_rate': 0.0012109341900891212, 'train_lr_reduce': 0.6}. Best is trial 558 with value: 0.30280801653862.
[I 2024-12-20 00:40:38,924] Trial 1227 finished with value: 1.5044113397598267 and parameters: {'mlp_n_layers': 3, 'mlp_dim_00': 170, 'mlp_dim_01': 180, 'mlp_dim_02': 357, 'node_hidden_dim': 118, 'edge_hidden_dim': 39, 'depth': 1, 'rep_dropout': 0.04152342737665843, 'train_learning_rate': 0.0012595048272863922, 'train_lr_reduce': 0.6}. Best is trial 558 with value: 0.30280801653862.
[I 2024-12-20 00:40:40,472] Trial 1228 finished with value: 1.534045696258545 and parameters: {'mlp_n_layers': 2, 'mlp_dim_00': 109, 'mlp_dim_01': 407, 'node_hidden_dim': 128, 'edge_hidden_dim': 37, 'depth': 2, 'rep_dropout': 0.028250509516267286, 'train_learning_rate': 0.0012523149998135057, 'train_lr_reduce': 0.6}. Best is trial 558 with value: 0.30280801653862.
[I 2024-12-20 00:40:43,248] Trial 1229 finished with value: 1.5743974447250366 and parameters: {'mlp_n_layers': 3, 'mlp_dim_00': 106, 'mlp_dim_01': 400, 'mlp_dim_02': 394, 'node_hidden_dim': 128, 'edge_hidden_dim': 54, 'depth': 2, 'rep_dropout': 0.026811413708735923, 'train_learning_rate': 0.00038603575155072276, 'train_lr_reduce': 0.6}. Best is trial 558 with value: 0.30280801653862.
[I 2024-12-20 00:40:43,970] Trial 1221 finished with value: 0.35970720648765564 and parameters: {'mlp_n_layers': 4, 'mlp_dim_00': 386, 'mlp_dim_01': 409, 'mlp_dim_02': 327, 'mlp_dim_03': 172, 'node_hidden_dim': 89, 'edge_hidden_dim': 32, 'depth': 1, 'rep_dropout': 0.009985538580900379, 'train_learning_rate': 0.001331871108262313, 'train_lr_reduce': 0.6}. Best is trial 558 with value: 0.30280801653862.
[I 2024-12-20 00:40:46,677] Trial 1230 finished with value: 1.374346375465393 and parameters: {'mlp_n_layers': 3, 'mlp_dim_00': 137, 'mlp_dim_01': 199, 'mlp_dim_02': 246, 'node_hidden_dim': 114, 'edge_hidden_dim': 45, 'depth': 2, 'rep_dropout': 0.0038945087944543128, 'train_learning_rate': 0.0029737552268898, 'train_lr_reduce': 0.6}. Best is trial 558 with value: 0.30280801653862.
[I 2024-12-20 00:40:50,878] Trial 1233 finished with value: 1.5006135702133179 and parameters: {'mlp_n_layers': 2, 'mlp_dim_00': 149, 'mlp_dim_01': 376, 'node_hidden_dim': 104, 'edge_hidden_dim': 54, 'depth': 2, 'rep_dropout': 0.02059175540253428, 'train_learning_rate': 0.0012884840976927052, 'train_lr_reduce': 0.6}. Best is trial 558 with value: 0.30280801653862.
[I 2024-12-20 00:40:55,272] Trial 1231 finished with value: 0.3738797605037689 and parameters: {'mlp_n_layers': 4, 'mlp_dim_00': 228, 'mlp_dim_01': 240, 'mlp_dim_02': 335, 'mlp_dim_03': 287, 'node_hidden_dim': 94, 'edge_hidden_dim': 37, 'depth': 1, 'rep_dropout': 0.006595300278801319, 'train_learning_rate': 0.0017478674096710152, 'train_lr_reduce': 0.6}. Best is trial 558 with value: 0.30280801653862.
[I 2024-12-20 00:40:58,339] Trial 1232 finished with value: 0.3825661838054657 and parameters: {'mlp_n_layers': 3, 'mlp_dim_00': 454, 'mlp_dim_01': 439, 'mlp_dim_02': 290, 'node_hidden_dim': 121, 'edge_hidden_dim': 50, 'depth': 1, 'rep_dropout': 0.031291139151043014, 'train_learning_rate': 0.002019050112984062, 'train_lr_reduce': 0.6}. Best is trial 558 with value: 0.30280801653862.
[I 2024-12-20 00:41:10,174] Trial 1234 finished with value: 0.4392976760864258 and parameters: {'mlp_n_layers': 3, 'mlp_dim_00': 82, 'mlp_dim_01': 140, 'mlp_dim_02': 406, 'node_hidden_dim': 127, 'edge_hidden_dim': 41, 'depth': 1, 'rep_dropout': 0.04151172469784418, 'train_learning_rate': 0.0022989452664034164, 'train_lr_reduce': 0.6}. Best is trial 558 with value: 0.30280801653862.
[I 2024-12-20 00:41:13,692] Trial 1235 finished with value: 0.3716231882572174 and parameters: {'mlp_n_layers': 4, 'mlp_dim_00': 318, 'mlp_dim_01': 375, 'mlp_dim_02': 349, 'mlp_dim_03': 70, 'node_hidden_dim': 126, 'edge_hidden_dim': 60, 'depth': 1, 'rep_dropout': 0.008343347048479518, 'train_learning_rate': 0.0015257396136252013, 'train_lr_reduce': 0.6}. Best is trial 558 with value: 0.30280801653862.
[I 2024-12-20 00:41:16,745] Trial 1236 finished with value: 0.40725746750831604 and parameters: {'mlp_n_layers': 3, 'mlp_dim_00': 94, 'mlp_dim_01': 259, 'mlp_dim_02': 384, 'node_hidden_dim': 126, 'edge_hidden_dim': 71, 'depth': 1, 'rep_dropout': 0.02455181572284274, 'train_learning_rate': 0.0007618197200314397, 'train_lr_reduce': 0.6}. Best is trial 558 with value: 0.30280801653862.
[I 2024-12-20 00:41:20,753] Trial 1239 finished with value: 1.5472052097320557 and parameters: {'mlp_n_layers': 3, 'mlp_dim_00': 224, 'mlp_dim_01': 381, 'mlp_dim_02': 432, 'node_hidden_dim': 120, 'edge_hidden_dim': 58, 'depth': 1, 'rep_dropout': 0.0016298344089065789, 'train_learning_rate': 0.0009270590994087824, 'train_lr_reduce': 0.6}. Best is trial 558 with value: 0.30280801653862.
[I 2024-12-20 00:41:24,167] Trial 1240 finished with value: 1.4140448570251465 and parameters: {'mlp_n_layers': 2, 'mlp_dim_00': 422, 'mlp_dim_01': 264, 'node_hidden_dim': 95, 'edge_hidden_dim': 116, 'depth': 2, 'rep_dropout': 0.07746933356554744, 'train_learning_rate': 0.0013724164664435721, 'train_lr_reduce': 0.6}. Best is trial 558 with value: 0.30280801653862.
[I 2024-12-20 00:41:26,199] Trial 1237 finished with value: 0.40955743193626404 and parameters: {'mlp_n_layers': 4, 'mlp_dim_00': 222, 'mlp_dim_01': 441, 'mlp_dim_02': 241, 'mlp_dim_03': 304, 'node_hidden_dim': 111, 'edge_hidden_dim': 45, 'depth': 1, 'rep_dropout': 0.025904551224383537, 'train_learning_rate': 0.002097371112035758, 'train_lr_reduce': 0.6}. Best is trial 558 with value: 0.30280801653862.
[I 2024-12-20 00:41:28,177] Trial 1241 finished with value: 1.5512115955352783 and parameters: {'mlp_n_layers': 4, 'mlp_dim_00': 438, 'mlp_dim_01': 423, 'mlp_dim_02': 330, 'mlp_dim_03': 260, 'node_hidden_dim': 46, 'edge_hidden_dim': 87, 'depth': 1, 'rep_dropout': 0.09717981030482561, 'train_learning_rate': 0.0019904062515189833, 'train_lr_reduce': 0.6}. Best is trial 558 with value: 0.30280801653862.
[I 2024-12-20 00:41:30,040] Trial 1242 finished with value: 1.4335957765579224 and parameters: {'mlp_n_layers': 4, 'mlp_dim_00': 397, 'mlp_dim_01': 145, 'mlp_dim_02': 387, 'mlp_dim_03': 307, 'node_hidden_dim': 93, 'edge_hidden_dim': 33, 'depth': 1, 'rep_dropout': 0.03941069352295663, 'train_learning_rate': 0.0026962605634733364, 'train_lr_reduce': 0.6}. Best is trial 558 with value: 0.30280801653862.
[I 2024-12-20 00:41:34,509] Trial 1244 finished with value: 1.52525794506073 and parameters: {'mlp_n_layers': 4, 'mlp_dim_00': 506, 'mlp_dim_01': 231, 'mlp_dim_02': 352, 'mlp_dim_03': 133, 'node_hidden_dim': 44, 'edge_hidden_dim': 58, 'depth': 3, 'rep_dropout': 0.1318035525604569, 'train_learning_rate': 0.0028049941567545394, 'train_lr_reduce': 0.6}. Best is trial 558 with value: 0.30280801653862.
[I 2024-12-20 00:41:48,360] Trial 1238 finished with value: 0.43666326999664307 and parameters: {'mlp_n_layers': 3, 'mlp_dim_00': 133, 'mlp_dim_01': 198, 'mlp_dim_02': 303, 'node_hidden_dim': 113, 'edge_hidden_dim': 37, 'depth': 1, 'rep_dropout': 0.06366440521161994, 'train_learning_rate': 0.0031813553508877133, 'train_lr_reduce': 0.6}. Best is trial 558 with value: 0.30280801653862.
[I 2024-12-20 00:42:03,563] Trial 1243 finished with value: 0.35401588678359985 and parameters: {'mlp_n_layers': 3, 'mlp_dim_00': 259, 'mlp_dim_01': 379, 'mlp_dim_02': 285, 'node_hidden_dim': 127, 'edge_hidden_dim': 40, 'depth': 1, 'rep_dropout': 0.004221786686838123, 'train_learning_rate': 0.00151519986707637, 'train_lr_reduce': 0.6}. Best is trial 558 with value: 0.30280801653862.
[I 2024-12-20 00:42:07,389] Trial 1246 finished with value: 0.4018685519695282 and parameters: {'mlp_n_layers': 3, 'mlp_dim_00': 186, 'mlp_dim_01': 360, 'mlp_dim_02': 248, 'node_hidden_dim': 128, 'edge_hidden_dim': 48, 'depth': 1, 'rep_dropout': 0.00776442545617408, 'train_learning_rate': 0.00527432507220999, 'train_lr_reduce': 0.6}. Best is trial 558 with value: 0.30280801653862.
[I 2024-12-20 00:42:08,725] Trial 1245 finished with value: 0.38573843240737915 and parameters: {'mlp_n_layers': 3, 'mlp_dim_00': 170, 'mlp_dim_01': 311, 'mlp_dim_02': 436, 'node_hidden_dim': 128, 'edge_hidden_dim': 36, 'depth': 1, 'rep_dropout': 0.004289084840757972, 'train_learning_rate': 0.0024627801582730183, 'train_lr_reduce': 0.6}. Best is trial 558 with value: 0.30280801653862.
[I 2024-12-20 00:42:08,958] Trial 1247 finished with value: 1.5447109937667847 and parameters: {'mlp_n_layers': 1, 'mlp_dim_00': 511, 'node_hidden_dim': 34, 'edge_hidden_dim': 61, 'depth': 4, 'rep_dropout': 0.05245992946259345, 'train_learning_rate': 0.0002507303809961515, 'train_lr_reduce': 0.6}. Best is trial 558 with value: 0.30280801653862.
[I 2024-12-20 00:42:11,091] Trial 1248 finished with value: 1.4886541366577148 and parameters: {'mlp_n_layers': 3, 'mlp_dim_00': 105, 'mlp_dim_01': 432, 'mlp_dim_02': 381, 'node_hidden_dim': 92, 'edge_hidden_dim': 43, 'depth': 1, 'rep_dropout': 0.004734532613448216, 'train_learning_rate': 0.0010766554006753075, 'train_lr_reduce': 0.6}. Best is trial 558 with value: 0.30280801653862.
[I 2024-12-20 00:42:13,304] Trial 1250 finished with value: 1.4923871755599976 and parameters: {'mlp_n_layers': 4, 'mlp_dim_00': 482, 'mlp_dim_01': 397, 'mlp_dim_02': 237, 'mlp_dim_03': 219, 'node_hidden_dim': 83, 'edge_hidden_dim': 73, 'depth': 1, 'rep_dropout': 0.05921861937359674, 'train_learning_rate': 0.00959594423742482, 'train_lr_reduce': 0.6}. Best is trial 558 with value: 0.30280801653862.
[I 2024-12-20 00:42:15,857] Trial 1251 finished with value: 1.530975341796875 and parameters: {'mlp_n_layers': 3, 'mlp_dim_00': 324, 'mlp_dim_01': 207, 'mlp_dim_02': 406, 'node_hidden_dim': 46, 'edge_hidden_dim': 64, 'depth': 1, 'rep_dropout': 0.09116464597719995, 'train_learning_rate': 0.00154217743457458, 'train_lr_reduce': 0.6}. Best is trial 558 with value: 0.30280801653862.
[I 2024-12-20 00:42:17,801] Trial 1252 finished with value: 1.333746314048767 and parameters: {'mlp_n_layers': 2, 'mlp_dim_00': 112, 'mlp_dim_01': 346, 'node_hidden_dim': 103, 'edge_hidden_dim': 32, 'depth': 2, 'rep_dropout': 0.04431883354908724, 'train_learning_rate': 0.005762882279485734, 'train_lr_reduce': 0.6}. Best is trial 558 with value: 0.30280801653862.
[I 2024-12-20 00:42:22,117] Trial 1254 finished with value: 1.431619644165039 and parameters: {'mlp_n_layers': 3, 'mlp_dim_00': 460, 'mlp_dim_01': 461, 'mlp_dim_02': 293, 'node_hidden_dim': 103, 'edge_hidden_dim': 33, 'depth': 2, 'rep_dropout': 0.0013725872458427073, 'train_learning_rate': 0.0013047253828642944, 'train_lr_reduce': 0.6}. Best is trial 558 with value: 0.30280801653862.
[I 2024-12-20 00:42:26,514] Trial 1253 finished with value: 0.4383828938007355 and parameters: {'mlp_n_layers': 3, 'mlp_dim_00': 115, 'mlp_dim_01': 303, 'mlp_dim_02': 348, 'node_hidden_dim': 128, 'edge_hidden_dim': 53, 'depth': 1, 'rep_dropout': 0.024152678000759167, 'train_learning_rate': 0.0012779412043348727, 'train_lr_reduce': 0.6}. Best is trial 558 with value: 0.30280801653862.
[I 2024-12-20 00:42:30,695] Trial 1256 finished with value: 1.3053830862045288 and parameters: {'mlp_n_layers': 2, 'mlp_dim_00': 164, 'mlp_dim_01': 373, 'node_hidden_dim': 100, 'edge_hidden_dim': 59, 'depth': 1, 'rep_dropout': 0.03433162313412348, 'train_learning_rate': 0.002830636550911537, 'train_lr_reduce': 0.6}. Best is trial 558 with value: 0.30280801653862.
[I 2024-12-20 00:42:34,619] Trial 1257 finished with value: 1.3889286518096924 and parameters: {'mlp_n_layers': 3, 'mlp_dim_00': 252, 'mlp_dim_01': 261, 'mlp_dim_02': 360, 'node_hidden_dim': 100, 'edge_hidden_dim': 55, 'depth': 1, 'rep_dropout': 0.03669544466739289, 'train_learning_rate': 0.0024054910571692477, 'train_lr_reduce': 0.6}. Best is trial 558 with value: 0.30280801653862.
[I 2024-12-20 00:42:42,139] Trial 1249 finished with value: 0.41115373373031616 and parameters: {'mlp_n_layers': 3, 'mlp_dim_00': 436, 'mlp_dim_01': 279, 'mlp_dim_02': 324, 'node_hidden_dim': 128, 'edge_hidden_dim': 52, 'depth': 1, 'rep_dropout': 0.012482460648246561, 'train_learning_rate': 0.002791964292751654, 'train_lr_reduce': 0.6}. Best is trial 558 with value: 0.30280801653862.
[I 2024-12-20 00:42:42,805] Trial 1255 finished with value: 0.3763434886932373 and parameters: {'mlp_n_layers': 4, 'mlp_dim_00': 397, 'mlp_dim_01': 156, 'mlp_dim_02': 458, 'mlp_dim_03': 298, 'node_hidden_dim': 115, 'edge_hidden_dim': 39, 'depth': 1, 'rep_dropout': 0.0004346325278895627, 'train_learning_rate': 0.0024579292093804836, 'train_lr_reduce': 0.6}. Best is trial 558 with value: 0.30280801653862.
[I 2024-12-20 00:42:47,774] Trial 1260 finished with value: 1.55343759059906 and parameters: {'mlp_n_layers': 3, 'mlp_dim_00': 79, 'mlp_dim_01': 229, 'mlp_dim_02': 231, 'node_hidden_dim': 122, 'edge_hidden_dim': 33, 'depth': 1, 'rep_dropout': 0.02810942006699176, 'train_learning_rate': 0.0008090271548809432, 'train_lr_reduce': 0.6}. Best is trial 558 with value: 0.30280801653862.
[I 2024-12-20 00:42:52,408] Trial 1258 finished with value: 0.4531001150608063 and parameters: {'mlp_n_layers': 4, 'mlp_dim_00': 295, 'mlp_dim_01': 401, 'mlp_dim_02': 415, 'mlp_dim_03': 316, 'node_hidden_dim': 124, 'edge_hidden_dim': 68, 'depth': 1, 'rep_dropout': 0.03685969846614054, 'train_learning_rate': 0.0016841331430288678, 'train_lr_reduce': 0.6}. Best is trial 558 with value: 0.30280801653862.
[I 2024-12-20 00:42:58,455] Trial 1262 finished with value: 1.563278079032898 and parameters: {'mlp_n_layers': 3, 'mlp_dim_00': 215, 'mlp_dim_01': 289, 'mlp_dim_02': 278, 'node_hidden_dim': 127, 'edge_hidden_dim': 41, 'depth': 2, 'rep_dropout': 0.005224382893066662, 'train_learning_rate': 0.001095882783793357, 'train_lr_reduce': 0.6}. Best is trial 558 with value: 0.30280801653862.
[I 2024-12-20 00:43:06,846] Trial 1259 finished with value: 0.3580188751220703 and parameters: {'mlp_n_layers': 4, 'mlp_dim_00': 252, 'mlp_dim_01': 329, 'mlp_dim_02': 308, 'mlp_dim_03': 258, 'node_hidden_dim': 128, 'edge_hidden_dim': 42, 'depth': 1, 'rep_dropout': 0.007215024842454634, 'train_learning_rate': 0.0009285637753363143, 'train_lr_reduce': 0.6}. Best is trial 558 with value: 0.30280801653862.
[I 2024-12-20 00:43:11,255] Trial 1264 finished with value: 1.5667037963867188 and parameters: {'mlp_n_layers': 4, 'mlp_dim_00': 405, 'mlp_dim_01': 194, 'mlp_dim_02': 337, 'mlp_dim_03': 322, 'node_hidden_dim': 38, 'edge_hidden_dim': 77, 'depth': 1, 'rep_dropout': 0.049062827343414946, 'train_learning_rate': 0.0009453072116513027, 'train_lr_reduce': 0.6}. Best is trial 558 with value: 0.30280801653862.
[I 2024-12-20 00:43:12,607] Trial 1263 finished with value: 0.3707773685455322 and parameters: {'mlp_n_layers': 4, 'mlp_dim_00': 232, 'mlp_dim_01': 354, 'mlp_dim_02': 510, 'mlp_dim_03': 169, 'node_hidden_dim': 126, 'edge_hidden_dim': 58, 'depth': 1, 'rep_dropout': 0.04128617570328513, 'train_learning_rate': 0.0013429588462272033, 'train_lr_reduce': 0.6}. Best is trial 558 with value: 0.30280801653862.
[I 2024-12-20 00:43:13,158] Trial 1261 finished with value: 0.3757147192955017 and parameters: {'mlp_n_layers': 3, 'mlp_dim_00': 158, 'mlp_dim_01': 439, 'mlp_dim_02': 375, 'node_hidden_dim': 107, 'edge_hidden_dim': 45, 'depth': 1, 'rep_dropout': 0.042672779714561404, 'train_learning_rate': 0.0014331331347105592, 'train_lr_reduce': 0.6}. Best is trial 558 with value: 0.30280801653862.
[I 2024-12-20 00:43:16,846] Trial 1266 finished with value: 1.5230677127838135 and parameters: {'mlp_n_layers': 4, 'mlp_dim_00': 372, 'mlp_dim_01': 400, 'mlp_dim_02': 378, 'mlp_dim_03': 114, 'node_hidden_dim': 116, 'edge_hidden_dim': 50, 'depth': 2, 'rep_dropout': 0.02388923952326279, 'train_learning_rate': 0.0016221485602112265, 'train_lr_reduce': 0.6}. Best is trial 558 with value: 0.30280801653862.
[I 2024-12-20 00:43:21,069] Trial 1267 finished with value: 1.5675804615020752 and parameters: {'mlp_n_layers': 2, 'mlp_dim_00': 222, 'mlp_dim_01': 325, 'node_hidden_dim': 47, 'edge_hidden_dim': 32, 'depth': 4, 'rep_dropout': 0.14485538398415881, 'train_learning_rate': 0.00029088415536008194, 'train_lr_reduce': 0.6}. Best is trial 558 with value: 0.30280801653862.
[I 2024-12-20 00:43:22,549] Trial 1268 finished with value: 1.4650112390518188 and parameters: {'mlp_n_layers': 3, 'mlp_dim_00': 65, 'mlp_dim_01': 264, 'mlp_dim_02': 326, 'node_hidden_dim': 122, 'edge_hidden_dim': 37, 'depth': 1, 'rep_dropout': 0.0035631998596135535, 'train_learning_rate': 0.001799086364065921, 'train_lr_reduce': 0.6}. Best is trial 558 with value: 0.30280801653862.
[I 2024-12-20 00:43:25,184] Trial 1269 finished with value: 1.5645904541015625 and parameters: {'mlp_n_layers': 4, 'mlp_dim_00': 300, 'mlp_dim_01': 366, 'mlp_dim_02': 232, 'mlp_dim_03': 310, 'node_hidden_dim': 128, 'edge_hidden_dim': 53, 'depth': 1, 'rep_dropout': 0.027872291620208565, 'train_learning_rate': 0.0005593156084322321, 'train_lr_reduce': 0.6}. Best is trial 558 with value: 0.30280801653862.
[I 2024-12-20 00:43:29,489] Trial 1271 finished with value: 1.5697015523910522 and parameters: {'mlp_n_layers': 4, 'mlp_dim_00': 75, 'mlp_dim_01': 440, 'mlp_dim_02': 426, 'mlp_dim_03': 315, 'node_hidden_dim': 51, 'edge_hidden_dim': 54, 'depth': 1, 'rep_dropout': 0.00594973691509236, 'train_learning_rate': 0.00135284969298647, 'train_lr_reduce': 0.6}. Best is trial 558 with value: 0.30280801653862.
[I 2024-12-20 00:43:30,405] Trial 1265 finished with value: 0.34513047337532043 and parameters: {'mlp_n_layers': 4, 'mlp_dim_00': 458, 'mlp_dim_01': 507, 'mlp_dim_02': 415, 'mlp_dim_03': 267, 'node_hidden_dim': 99, 'edge_hidden_dim': 68, 'depth': 1, 'rep_dropout': 0.06821680510570013, 'train_learning_rate': 0.0025081161384019578, 'train_lr_reduce': 0.6}. Best is trial 558 with value: 0.30280801653862.
[I 2024-12-20 00:43:35,954] Trial 1270 finished with value: 0.3863101303577423 and parameters: {'mlp_n_layers': 4, 'mlp_dim_00': 416, 'mlp_dim_01': 140, 'mlp_dim_02': 276, 'mlp_dim_03': 233, 'node_hidden_dim': 104, 'edge_hidden_dim': 49, 'depth': 1, 'rep_dropout': 0.0011434399116889635, 'train_learning_rate': 0.0024569602044537107, 'train_lr_reduce': 0.6}. Best is trial 558 with value: 0.30280801653862.
[I 2024-12-20 00:43:36,438] Trial 1272 finished with value: 1.4705045223236084 and parameters: {'mlp_n_layers': 3, 'mlp_dim_00': 117, 'mlp_dim_01': 324, 'mlp_dim_02': 354, 'node_hidden_dim': 85, 'edge_hidden_dim': 69, 'depth': 3, 'rep_dropout': 0.10669190080108786, 'train_learning_rate': 0.0030416850588082527, 'train_lr_reduce': 0.6}. Best is trial 558 with value: 0.30280801653862.
