[I 2024-12-04 18:09:36,868] Trial 2120 finished with value: 0.31116829877904756 and parameters: {'n_estimators': 908, 'max_depth': 6, 'learning_rate': 0.07466539626344415, 'subsample': 0.7692391700743823, 'colsample_bytree': 0.7182562219352109, 'min_child_weight': 2, 'gamma': 0.0008650535524103689, 'reg_alpha': 0.00014517108257654002, 'reg_lambda': 0.012715332217377725}. Best is trial 1319 with value: 0.30197738672869706.
[I 2024-12-04 18:09:38,325] Trial 2121 finished with value: 0.3137868640210405 and parameters: {'n_estimators': 910, 'max_depth': 6, 'learning_rate': 0.0747019502840806, 'subsample': 0.7691049264681209, 'colsample_bytree': 0.7188659953068959, 'min_child_weight': 2, 'gamma': 0.0008577308523730203, 'reg_alpha': 0.0001367782972044359, 'reg_lambda': 0.013153473681567517}. Best is trial 1319 with value: 0.30197738672869706.
[I 2024-12-04 18:09:39,776] Trial 2122 finished with value: 0.31602418434333507 and parameters: {'n_estimators': 910, 'max_depth': 6, 'learning_rate': 0.07486982740162783, 'subsample': 0.7687213433006491, 'colsample_bytree': 0.7174917584429086, 'min_child_weight': 2, 'gamma': 0.0008376759419237495, 'reg_alpha': 0.00013629398371058194, 'reg_lambda': 0.012935710563360042}. Best is trial 1319 with value: 0.30197738672869706.
[I 2024-12-04 18:09:41,230] Trial 2123 finished with value: 0.3109637993777603 and parameters: {'n_estimators': 907, 'max_depth': 6, 'learning_rate': 0.07489270157747044, 'subsample': 0.769048750128922, 'colsample_bytree': 0.7171858073124712, 'min_child_weight': 2, 'gamma': 0.0008850360199341892, 'reg_alpha': 0.00016117458272482929, 'reg_lambda': 0.013392570890325993}. Best is trial 1319 with value: 0.30197738672869706.
[I 2024-12-04 18:09:42,689] Trial 2124 finished with value: 0.3164589039537473 and parameters: {'n_estimators': 911, 'max_depth': 6, 'learning_rate': 0.07459351639378058, 'subsample': 0.7690942677131241, 'colsample_bytree': 0.7173546230748348, 'min_child_weight': 2, 'gamma': 0.0008672788821379861, 'reg_alpha': 0.00014634226944169068, 'reg_lambda': 0.012624178658475788}. Best is trial 1319 with value: 0.30197738672869706.
[I 2024-12-04 18:09:44,252] Trial 2125 finished with value: 0.3159692750267501 and parameters: {'n_estimators': 911, 'max_depth': 6, 'learning_rate': 0.0749347694751371, 'subsample': 0.768444567695503, 'colsample_bytree': 0.7189096448779582, 'min_child_weight': 2, 'gamma': 0.000862757822445788, 'reg_alpha': 0.0001542973929699509, 'reg_lambda': 0.013008618015678835}. Best is trial 1319 with value: 0.30197738672869706.
[I 2024-12-04 18:09:45,695] Trial 2126 finished with value: 0.31058546302806866 and parameters: {'n_estimators': 908, 'max_depth': 6, 'learning_rate': 0.0746660464434253, 'subsample': 0.7689173777229232, 'colsample_bytree': 0.7168891005277073, 'min_child_weight': 2, 'gamma': 0.0008707633056348592, 'reg_alpha': 0.00014730686612240978, 'reg_lambda': 0.012864318135615383}. Best is trial 1319 with value: 0.30197738672869706.
[I 2024-12-04 18:09:47,145] Trial 2127 finished with value: 0.3143444872935844 and parameters: {'n_estimators': 908, 'max_depth': 6, 'learning_rate': 0.07456602170786192, 'subsample': 0.7690968500026246, 'colsample_bytree': 0.7175459894351665, 'min_child_weight': 2, 'gamma': 0.0008766162415585156, 'reg_alpha': 0.00014355756763357382, 'reg_lambda': 0.013017797062265813}. Best is trial 1319 with value: 0.30197738672869706.
[I 2024-12-04 18:09:48,596] Trial 2128 finished with value: 0.313993106258946 and parameters: {'n_estimators': 911, 'max_depth': 6, 'learning_rate': 0.07410044948253076, 'subsample': 0.7691252397204692, 'colsample_bytree': 0.7177977574064713, 'min_child_weight': 2, 'gamma': 0.0007989008046315267, 'reg_alpha': 0.00012796543021160276, 'reg_lambda': 0.012798601979652496}. Best is trial 1319 with value: 0.30197738672869706.
[I 2024-12-04 18:09:50,125] Trial 2129 finished with value: 0.3113076252823182 and parameters: {'n_estimators': 910, 'max_depth': 6, 'learning_rate': 0.07497881645469495, 'subsample': 0.7690867805515568, 'colsample_bytree': 0.7177227365095142, 'min_child_weight': 2, 'gamma': 0.00088044408725721, 'reg_alpha': 0.0001555095408600271, 'reg_lambda': 0.013770408511189224}. Best is trial 1319 with value: 0.30197738672869706.
[I 2024-12-04 18:09:51,576] Trial 2130 finished with value: 0.31416358602602773 and parameters: {'n_estimators': 909, 'max_depth': 6, 'learning_rate': 0.07511352249908068, 'subsample': 0.7686425405288259, 'colsample_bytree': 0.717793498676797, 'min_child_weight': 2, 'gamma': 0.0008581932152796488, 'reg_alpha': 0.00015339075595393502, 'reg_lambda': 0.013140628488449706}. Best is trial 1319 with value: 0.30197738672869706.
[I 2024-12-04 18:09:53,022] Trial 2131 finished with value: 0.3115047225575154 and parameters: {'n_estimators': 908, 'max_depth': 6, 'learning_rate': 0.07490588086528772, 'subsample': 0.7691076972116722, 'colsample_bytree': 0.7176114300044483, 'min_child_weight': 2, 'gamma': 0.0008609536522395177, 'reg_alpha': 0.0001515464415417029, 'reg_lambda': 0.013833120863838571}. Best is trial 1319 with value: 0.30197738672869706.
[I 2024-12-04 18:09:54,466] Trial 2132 finished with value: 0.3130818208245453 and parameters: {'n_estimators': 910, 'max_depth': 6, 'learning_rate': 0.07471666074193344, 'subsample': 0.769033202802718, 'colsample_bytree': 0.716870979448949, 'min_child_weight': 2, 'gamma': 0.0008359841005839544, 'reg_alpha': 0.00014005795905437212, 'reg_lambda': 0.013358101168545076}. Best is trial 1319 with value: 0.30197738672869706.
[I 2024-12-04 18:09:56,125] Trial 2133 finished with value: 0.3140715940612344 and parameters: {'n_estimators': 906, 'max_depth': 6, 'learning_rate': 0.07431582402919554, 'subsample': 0.7694978484236308, 'colsample_bytree': 0.7174098880967087, 'min_child_weight': 2, 'gamma': 0.0008973437895043717, 'reg_alpha': 0.00014852267568668426, 'reg_lambda': 0.012389813053991333}. Best is trial 1319 with value: 0.30197738672869706.
[I 2024-12-04 18:09:57,567] Trial 2134 finished with value: 0.3105976437775263 and parameters: {'n_estimators': 908, 'max_depth': 6, 'learning_rate': 0.07491465297027465, 'subsample': 0.7695057311427675, 'colsample_bytree': 0.7168195491078755, 'min_child_weight': 2, 'gamma': 0.0008946322024629322, 'reg_alpha': 0.0001557618219833435, 'reg_lambda': 0.012961498339513565}. Best is trial 1319 with value: 0.30197738672869706.
[I 2024-12-04 18:09:59,008] Trial 2135 finished with value: 0.3067525428746766 and parameters: {'n_estimators': 907, 'max_depth': 6, 'learning_rate': 0.07466606051256165, 'subsample': 0.7693301352812095, 'colsample_bytree': 0.7174825589681179, 'min_child_weight': 2, 'gamma': 0.000882445462989193, 'reg_alpha': 0.00015738135289432203, 'reg_lambda': 0.012544687810383226}. Best is trial 1319 with value: 0.30197738672869706.
[I 2024-12-04 18:10:00,496] Trial 2136 finished with value: 0.3157061376123679 and parameters: {'n_estimators': 907, 'max_depth': 6, 'learning_rate': 0.07476571182411292, 'subsample': 0.769613214232225, 'colsample_bytree': 0.7173813774483445, 'min_child_weight': 2, 'gamma': 0.000887544022367476, 'reg_alpha': 0.00015096146201133925, 'reg_lambda': 0.012870755700841098}. Best is trial 1319 with value: 0.30197738672869706.
[I 2024-12-04 18:10:02,407] Trial 2137 finished with value: 0.31406987348167326 and parameters: {'n_estimators': 908, 'max_depth': 6, 'learning_rate': 0.07442035078546819, 'subsample': 0.7692038550947595, 'colsample_bytree': 0.7175356779233544, 'min_child_weight': 2, 'gamma': 0.0008419216357663776, 'reg_alpha': 0.00013503152933453375, 'reg_lambda': 0.012588300186563185}. Best is trial 1319 with value: 0.30197738672869706.
[I 2024-12-04 18:10:04,024] Trial 2138 finished with value: 0.3134874327224447 and parameters: {'n_estimators': 906, 'max_depth': 6, 'learning_rate': 0.07471305032675732, 'subsample': 0.7693716523598526, 'colsample_bytree': 0.7185335056515834, 'min_child_weight': 2, 'gamma': 0.0008737583944630365, 'reg_alpha': 0.00014584890903803312, 'reg_lambda': 0.013197572823518822}. Best is trial 1319 with value: 0.30197738672869706.
[I 2024-12-04 18:10:05,590] Trial 2139 finished with value: 0.3121764972399095 and parameters: {'n_estimators': 901, 'max_depth': 6, 'learning_rate': 0.07509557711571553, 'subsample': 0.7691680481146901, 'colsample_bytree': 0.7180184881909993, 'min_child_weight': 2, 'gamma': 0.0009017185510589376, 'reg_alpha': 0.00016899850691338752, 'reg_lambda': 0.013729484190627637}. Best is trial 1319 with value: 0.30197738672869706.
[I 2024-12-04 18:10:07,079] Trial 2140 finished with value: 0.30879666865382893 and parameters: {'n_estimators': 907, 'max_depth': 6, 'learning_rate': 0.07470776775365462, 'subsample': 0.7690199243571748, 'colsample_bytree': 0.7168202952903551, 'min_child_weight': 2, 'gamma': 0.00086694032018188, 'reg_alpha': 0.00015216891671513915, 'reg_lambda': 0.01264805573914548}. Best is trial 1319 with value: 0.30197738672869706.
[I 2024-12-04 18:10:08,549] Trial 2141 finished with value: 0.3126926266990072 and parameters: {'n_estimators': 907, 'max_depth': 6, 'learning_rate': 0.07491546471747058, 'subsample': 0.7693155041225577, 'colsample_bytree': 0.7174078968741331, 'min_child_weight': 2, 'gamma': 0.0008846653969269425, 'reg_alpha': 0.00016472803590547396, 'reg_lambda': 0.012893863805307635}. Best is trial 1319 with value: 0.30197738672869706.
[I 2024-12-04 18:10:10,148] Trial 2142 finished with value: 0.3108055765948861 and parameters: {'n_estimators': 904, 'max_depth': 6, 'learning_rate': 0.07469328933824472, 'subsample': 0.7695485173633599, 'colsample_bytree': 0.7164585211015054, 'min_child_weight': 2, 'gamma': 0.000903587614489623, 'reg_alpha': 0.00016441982807252473, 'reg_lambda': 0.012234930901469916}. Best is trial 1319 with value: 0.30197738672869706.
[I 2024-12-04 18:10:11,632] Trial 2143 finished with value: 0.3068179207390506 and parameters: {'n_estimators': 906, 'max_depth': 6, 'learning_rate': 0.0749974577578452, 'subsample': 0.7696401733066748, 'colsample_bytree': 0.717099858704935, 'min_child_weight': 2, 'gamma': 0.0009505440063890267, 'reg_alpha': 0.00016587603859138163, 'reg_lambda': 0.01346827013751751}. Best is trial 1319 with value: 0.30197738672869706.
[I 2024-12-04 18:10:13,105] Trial 2144 finished with value: 0.3085992178650624 and parameters: {'n_estimators': 909, 'max_depth': 6, 'learning_rate': 0.07476323976221044, 'subsample': 0.7691077131950323, 'colsample_bytree': 0.7177730616419926, 'min_child_weight': 2, 'gamma': 0.0008669130537268718, 'reg_alpha': 0.00015119863056875377, 'reg_lambda': 0.013421790145420043}. Best is trial 1319 with value: 0.30197738672869706.
[I 2024-12-04 18:10:14,706] Trial 2145 finished with value: 0.3151890261302772 and parameters: {'n_estimators': 909, 'max_depth': 6, 'learning_rate': 0.07444449214204603, 'subsample': 0.7693106913249619, 'colsample_bytree': 0.7175152552691513, 'min_child_weight': 2, 'gamma': 0.0008408241933224366, 'reg_alpha': 0.00013967368047097136, 'reg_lambda': 0.01278723387230809}. Best is trial 1319 with value: 0.30197738672869706.
[I 2024-12-04 18:10:16,201] Trial 2146 finished with value: 0.32346626999719086 and parameters: {'n_estimators': 908, 'max_depth': 6, 'learning_rate': 0.07486358390602509, 'subsample': 0.7693830399062969, 'colsample_bytree': 0.716808243662522, 'min_child_weight': 2, 'gamma': 0.0009104866028454669, 'reg_alpha': 0.00015846902884392137, 'reg_lambda': 0.01259838097268096}. Best is trial 1319 with value: 0.30197738672869706.
[I 2024-12-04 18:10:17,677] Trial 2147 finished with value: 0.3172805915001814 and parameters: {'n_estimators': 912, 'max_depth': 6, 'learning_rate': 0.07474395410166965, 'subsample': 0.7689403998840973, 'colsample_bytree': 0.7171231466562424, 'min_child_weight': 2, 'gamma': 0.0008460539917363731, 'reg_alpha': 0.00013999345785696012, 'reg_lambda': 0.013073068698817122}. Best is trial 1319 with value: 0.30197738672869706.
[I 2024-12-04 18:10:19,286] Trial 2148 finished with value: 0.309654535787177 and parameters: {'n_estimators': 908, 'max_depth': 6, 'learning_rate': 0.07504947427494522, 'subsample': 0.7692063371244675, 'colsample_bytree': 0.7178189455824528, 'min_child_weight': 2, 'gamma': 0.0009221054312788971, 'reg_alpha': 0.00017100277047301957, 'reg_lambda': 0.012717276565748309}. Best is trial 1319 with value: 0.30197738672869706.
[I 2024-12-04 18:10:20,839] Trial 2149 finished with value: 0.3174003368696315 and parameters: {'n_estimators': 906, 'max_depth': 6, 'learning_rate': 0.0747269180110363, 'subsample': 0.7695048282450085, 'colsample_bytree': 0.7169562444207487, 'min_child_weight': 2, 'gamma': 0.0009106314177489777, 'reg_alpha': 0.00016728929085811382, 'reg_lambda': 0.012402717211858504}. Best is trial 1319 with value: 0.30197738672869706.
[I 2024-12-04 18:10:22,518] Trial 2150 finished with value: 0.3123381417248127 and parameters: {'n_estimators': 905, 'max_depth': 6, 'learning_rate': 0.07498973361852855, 'subsample': 0.769409337363674, 'colsample_bytree': 0.7181988043660047, 'min_child_weight': 2, 'gamma': 0.0009012123399576292, 'reg_alpha': 0.0001678769783677096, 'reg_lambda': 0.013925117160444984}. Best is trial 1319 with value: 0.30197738672869706.
[I 2024-12-04 18:10:23,998] Trial 2151 finished with value: 0.3167821969998296 and parameters: {'n_estimators': 913, 'max_depth': 6, 'learning_rate': 0.07505818935128063, 'subsample': 0.7688601913875515, 'colsample_bytree': 0.7172645484217322, 'min_child_weight': 2, 'gamma': 0.0008524899075648106, 'reg_alpha': 0.0001452164206310308, 'reg_lambda': 0.013363561124583314}. Best is trial 1319 with value: 0.30197738672869706.
[I 2024-12-04 18:10:25,494] Trial 2152 finished with value: 0.31114358155804966 and parameters: {'n_estimators': 906, 'max_depth': 6, 'learning_rate': 0.07503532320817491, 'subsample': 0.7693144895023127, 'colsample_bytree': 0.7170127698144384, 'min_child_weight': 2, 'gamma': 0.0008996689832659843, 'reg_alpha': 0.0001566567239125675, 'reg_lambda': 0.013114015896846768}. Best is trial 1319 with value: 0.30197738672869706.
[I 2024-12-04 18:10:26,962] Trial 2153 finished with value: 0.309738233612826 and parameters: {'n_estimators': 908, 'max_depth': 6, 'learning_rate': 0.07509699097943266, 'subsample': 0.7689400236286679, 'colsample_bytree': 0.717392647081712, 'min_child_weight': 2, 'gamma': 0.0008776931071997078, 'reg_alpha': 0.00015201994173981518, 'reg_lambda': 0.013975735075346187}. Best is trial 1319 with value: 0.30197738672869706.
[I 2024-12-04 18:10:28,427] Trial 2154 finished with value: 0.3117959340228678 and parameters: {'n_estimators': 907, 'max_depth': 6, 'learning_rate': 0.07489147254018219, 'subsample': 0.7690544402189831, 'colsample_bytree': 0.717560334733585, 'min_child_weight': 2, 'gamma': 0.0008808083836949741, 'reg_alpha': 0.0001537158992574201, 'reg_lambda': 0.013211828431117444}. Best is trial 1319 with value: 0.30197738672869706.
[I 2024-12-04 18:10:29,881] Trial 2155 finished with value: 0.3170281068746891 and parameters: {'n_estimators': 908, 'max_depth': 6, 'learning_rate': 0.0748901723496386, 'subsample': 0.7688458145741967, 'colsample_bytree': 0.7174587108250546, 'min_child_weight': 2, 'gamma': 0.0008642329730323484, 'reg_alpha': 0.00014418018296200995, 'reg_lambda': 0.013183896528751184}. Best is trial 1319 with value: 0.30197738672869706.
[I 2024-12-04 18:10:31,454] Trial 2156 finished with value: 0.3036116481152006 and parameters: {'n_estimators': 908, 'max_depth': 6, 'learning_rate': 0.07460151989460069, 'subsample': 0.769519708431047, 'colsample_bytree': 0.7176669048657287, 'min_child_weight': 2, 'gamma': 0.0008888538027638609, 'reg_alpha': 0.00015952892661029818, 'reg_lambda': 0.012481923415980539}. Best is trial 1319 with value: 0.30197738672869706.
[I 2024-12-04 18:10:32,901] Trial 2157 finished with value: 0.3138477610731779 and parameters: {'n_estimators': 910, 'max_depth': 6, 'learning_rate': 0.07474045157263719, 'subsample': 0.7693855260150528, 'colsample_bytree': 0.7171384920127508, 'min_child_weight': 2, 'gamma': 0.0009207737153346495, 'reg_alpha': 0.00014623184350477756, 'reg_lambda': 0.013093584036199942}. Best is trial 1319 with value: 0.30197738672869706.
[I 2024-12-04 18:10:34,360] Trial 2158 finished with value: 0.31566741557279226 and parameters: {'n_estimators': 908, 'max_depth': 6, 'learning_rate': 0.07509608949827691, 'subsample': 0.7692717816341014, 'colsample_bytree': 0.7166302985127416, 'min_child_weight': 2, 'gamma': 0.0009519336638939086, 'reg_alpha': 0.00017485673493236806, 'reg_lambda': 0.013595875923859807}. Best is trial 1319 with value: 0.30197738672869706.
[I 2024-12-04 18:10:35,885] Trial 2159 finished with value: 0.3125068147777776 and parameters: {'n_estimators': 906, 'max_depth': 6, 'learning_rate': 0.07487416342614095, 'subsample': 0.7692316673879404, 'colsample_bytree': 0.7174459181110935, 'min_child_weight': 2, 'gamma': 0.0009034529590473316, 'reg_alpha': 0.00016261263898405297, 'reg_lambda': 0.013441388225913708}. Best is trial 1319 with value: 0.30197738672869706.
[I 2024-12-04 18:10:37,328] Trial 2160 finished with value: 0.3101673356487571 and parameters: {'n_estimators': 909, 'max_depth': 6, 'learning_rate': 0.0745389204176117, 'subsample': 0.7691905000901352, 'colsample_bytree': 0.7178243808582738, 'min_child_weight': 2, 'gamma': 0.0008578947511242955, 'reg_alpha': 0.00014964357378333297, 'reg_lambda': 0.01255884612572172}. Best is trial 1319 with value: 0.30197738672869706.
[I 2024-12-04 18:10:38,894] Trial 2161 finished with value: 0.31570308089266574 and parameters: {'n_estimators': 906, 'max_depth': 6, 'learning_rate': 0.07462328857114195, 'subsample': 0.7691909986856866, 'colsample_bytree': 0.7173205924649003, 'min_child_weight': 2, 'gamma': 0.0008677959637469115, 'reg_alpha': 0.00014979443609260267, 'reg_lambda': 0.01298245923365726}. Best is trial 1319 with value: 0.30197738672869706.
[I 2024-12-04 18:10:40,614] Trial 2162 finished with value: 0.3195098360996091 and parameters: {'n_estimators': 908, 'max_depth': 6, 'learning_rate': 0.07485584767283956, 'subsample': 0.7694618492701316, 'colsample_bytree': 0.7179518881904983, 'min_child_weight': 2, 'gamma': 0.0008919290534722353, 'reg_alpha': 0.00015445314225436669, 'reg_lambda': 0.013097233504944418}. Best is trial 1319 with value: 0.30197738672869706.
[I 2024-12-04 18:10:42,114] Trial 2163 finished with value: 0.3135983966658879 and parameters: {'n_estimators': 908, 'max_depth': 6, 'learning_rate': 0.07508577736996433, 'subsample': 0.76938684854016, 'colsample_bytree': 0.7174179616688751, 'min_child_weight': 2, 'gamma': 0.0008793061805506957, 'reg_alpha': 0.00015803344248539213, 'reg_lambda': 0.012930772578437435}. Best is trial 1319 with value: 0.30197738672869706.
[I 2024-12-04 18:10:43,887] Trial 2164 finished with value: 0.3127685051176776 and parameters: {'n_estimators': 909, 'max_depth': 6, 'learning_rate': 0.07492026177695199, 'subsample': 0.7692430446389097, 'colsample_bytree': 0.7169109402808389, 'min_child_weight': 2, 'gamma': 0.0008805651481496795, 'reg_alpha': 0.00016055019628942268, 'reg_lambda': 0.013470669965791274}. Best is trial 1319 with value: 0.30197738672869706.
[I 2024-12-04 18:10:45,338] Trial 2165 finished with value: 0.3128829821696151 and parameters: {'n_estimators': 908, 'max_depth': 6, 'learning_rate': 0.07496539779371014, 'subsample': 0.7692363323529455, 'colsample_bytree': 0.7179087855300631, 'min_child_weight': 2, 'gamma': 0.0008832538727918865, 'reg_alpha': 0.00015321617895863667, 'reg_lambda': 0.013204337575779856}. Best is trial 1319 with value: 0.30197738672869706.
[I 2024-12-04 18:10:46,778] Trial 2166 finished with value: 0.31549058043157907 and parameters: {'n_estimators': 907, 'max_depth': 6, 'learning_rate': 0.07480056115654604, 'subsample': 0.7693994735217099, 'colsample_bytree': 0.7175286816951102, 'min_child_weight': 2, 'gamma': 0.000889016009162376, 'reg_alpha': 0.00016078642462307875, 'reg_lambda': 0.01281255427525296}. Best is trial 1319 with value: 0.30197738672869706.
[I 2024-12-04 18:10:48,363] Trial 2167 finished with value: 0.3141071086839542 and parameters: {'n_estimators': 906, 'max_depth': 6, 'learning_rate': 0.07464829980269228, 'subsample': 0.7698493424260519, 'colsample_bytree': 0.7170665100040526, 'min_child_weight': 2, 'gamma': 0.0008826471169257315, 'reg_alpha': 0.00015593142887252513, 'reg_lambda': 0.012854902238884724}. Best is trial 1319 with value: 0.30197738672869706.
[I 2024-12-04 18:10:49,825] Trial 2168 finished with value: 0.3160064689674938 and parameters: {'n_estimators': 908, 'max_depth': 6, 'learning_rate': 0.07478994934580072, 'subsample': 0.7689594807155232, 'colsample_bytree': 0.7175420163467287, 'min_child_weight': 2, 'gamma': 0.0008908176373897092, 'reg_alpha': 0.00015665985213130347, 'reg_lambda': 0.013112634510334602}. Best is trial 1319 with value: 0.30197738672869706.
[I 2024-12-04 18:10:51,391] Trial 2169 finished with value: 0.31628716545087276 and parameters: {'n_estimators': 909, 'max_depth': 6, 'learning_rate': 0.07463751493691442, 'subsample': 0.7689018557720573, 'colsample_bytree': 0.7179318345942145, 'min_child_weight': 2, 'gamma': 0.0008371820503937761, 'reg_alpha': 0.0001466042166483509, 'reg_lambda': 0.012974486742107503}. Best is trial 1319 with value: 0.30197738672869706.
[I 2024-12-04 18:10:52,904] Trial 2170 finished with value: 0.30980206553051814 and parameters: {'n_estimators': 907, 'max_depth': 6, 'learning_rate': 0.07473133651057247, 'subsample': 0.7690204927587626, 'colsample_bytree': 0.7172819558475625, 'min_child_weight': 2, 'gamma': 0.000853106637108025, 'reg_alpha': 0.00014896184510911138, 'reg_lambda': 0.013263677025639665}. Best is trial 1319 with value: 0.30197738672869706.
