[I 2024-12-26 22:56:55,420] Trial 2480 finished with value: 0.08591123670339584 and parameters: {'L1_hidden_dim': 144, 'L1_layers_atom': 4, 'L1_layers_mol': 4, 'L1_dropout': 0.28296449454292727, 'L1_out_dim': 96, 'L2_hidden_dim': 64, 'L2_layers_atom': 4, 'L2_layers_mol': 3, 'L2_out_dim': 64, 'L2_dropout': 0.2560940562252989, 'L3_hidden_dim': 64, 'L3_layers_atom': 4, 'L3_layers_mol': 4, 'L3_out_dim': 80, 'L3_dropout': 0.00972554096585354, 'n_mlp_layers': 3, 'mlp_dim_0': 80, 'mlp_dim_1': 392, 'mlp_dim_2': 312, 'num_heads': 2, 'final_dropout': 0.07050583124799913, 'train_learning_rate': 0.001364745753121174, 'train_lr_reduce': 0.6}. Best is trial 2183 with value: 0.009310361929237843.
[I 2024-12-26 22:57:13,939] Trial 2482 finished with value: 0.024678107351064682 and parameters: {'L1_hidden_dim': 240, 'L1_layers_atom': 3, 'L1_layers_mol': 1, 'L1_dropout': 0.09357349749216362, 'L1_out_dim': 128, 'L2_hidden_dim': 80, 'L2_layers_atom': 3, 'L2_layers_mol': 1, 'L2_out_dim': 64, 'L2_dropout': 0.14042654889232056, 'L3_hidden_dim': 80, 'L3_layers_atom': 3, 'L3_layers_mol': 1, 'L3_out_dim': 32, 'L3_dropout': 0.1574139214265653, 'n_mlp_layers': 1, 'mlp_dim_0': 408, 'num_heads': 1, 'final_dropout': 0.18804015724110204, 'train_learning_rate': 0.0034538880862058927, 'train_lr_reduce': 0.6}. Best is trial 2183 with value: 0.009310361929237843.
[I 2024-12-26 22:57:48,392] Trial 2481 finished with value: 0.010569875128567219 and parameters: {'L1_hidden_dim': 64, 'L1_layers_atom': 3, 'L1_layers_mol': 1, 'L1_dropout': 0.014463447151126851, 'L1_out_dim': 32, 'L2_hidden_dim': 192, 'L2_layers_atom': 1, 'L2_layers_mol': 3, 'L2_out_dim': 128, 'L2_dropout': 0.07318202716300516, 'L3_hidden_dim': 128, 'L3_layers_atom': 3, 'L3_layers_mol': 1, 'L3_out_dim': 112, 'L3_dropout': 0.008053926990855872, 'n_mlp_layers': 3, 'mlp_dim_0': 472, 'mlp_dim_1': 448, 'mlp_dim_2': 344, 'num_heads': 2, 'final_dropout': 0.11114053632202321, 'train_learning_rate': 0.0006317334819382672, 'train_lr_reduce': 0.6}. Best is trial 2183 with value: 0.009310361929237843.
[I 2024-12-26 22:59:38,351] Trial 2484 finished with value: 0.012349809519946575 and parameters: {'L1_hidden_dim': 112, 'L1_layers_atom': 2, 'L1_layers_mol': 1, 'L1_dropout': 0.04002779739448441, 'L1_out_dim': 96, 'L2_hidden_dim': 192, 'L2_layers_atom': 1, 'L2_layers_mol': 3, 'L2_out_dim': 112, 'L2_dropout': 0.1778386799365452, 'L3_hidden_dim': 64, 'L3_layers_atom': 3, 'L3_layers_mol': 1, 'L3_out_dim': 112, 'L3_dropout': 0.08004438970257753, 'n_mlp_layers': 3, 'mlp_dim_0': 472, 'mlp_dim_1': 448, 'mlp_dim_2': 288, 'num_heads': 2, 'final_dropout': 0.2078941886527712, 'train_learning_rate': 0.0009606986640273536, 'train_lr_reduce': 0.6}. Best is trial 2183 with value: 0.009310361929237843.
[I 2024-12-26 23:00:03,660] Trial 2483 finished with value: 0.009881134144961834 and parameters: {'L1_hidden_dim': 96, 'L1_layers_atom': 3, 'L1_layers_mol': 3, 'L1_dropout': 0.01889562817109519, 'L1_out_dim': 128, 'L2_hidden_dim': 256, 'L2_layers_atom': 1, 'L2_layers_mol': 3, 'L2_out_dim': 64, 'L2_dropout': 0.008857759683976209, 'L3_hidden_dim': 64, 'L3_layers_atom': 4, 'L3_layers_mol': 1, 'L3_out_dim': 112, 'L3_dropout': 0.055117501818216404, 'n_mlp_layers': 3, 'mlp_dim_0': 224, 'mlp_dim_1': 400, 'mlp_dim_2': 344, 'num_heads': 1, 'final_dropout': 0.17332207470969066, 'train_learning_rate': 0.0002513470334480975, 'train_lr_reduce': 0.6}. Best is trial 2183 with value: 0.009310361929237843.
[I 2024-12-26 23:01:03,598] Trial 2485 finished with value: 0.028428899124264717 and parameters: {'L1_hidden_dim': 128, 'L1_layers_atom': 4, 'L1_layers_mol': 1, 'L1_dropout': 0.032602983321433854, 'L1_out_dim': 32, 'L2_hidden_dim': 224, 'L2_layers_atom': 3, 'L2_layers_mol': 1, 'L2_out_dim': 112, 'L2_dropout': 0.014875645062437031, 'L3_hidden_dim': 32, 'L3_layers_atom': 3, 'L3_layers_mol': 3, 'L3_out_dim': 112, 'L3_dropout': 0.024420250189881806, 'n_mlp_layers': 3, 'mlp_dim_0': 456, 'mlp_dim_1': 480, 'mlp_dim_2': 336, 'num_heads': 1, 'final_dropout': 0.13185326798951688, 'train_learning_rate': 0.008663194227135282, 'train_lr_reduce': 0.6}. Best is trial 2183 with value: 0.009310361929237843.
[I 2024-12-26 23:02:01,298] Trial 2487 finished with value: 0.019416820257902145 and parameters: {'L1_hidden_dim': 176, 'L1_layers_atom': 4, 'L1_layers_mol': 4, 'L1_dropout': 0.1386988377610848, 'L1_out_dim': 112, 'L2_hidden_dim': 64, 'L2_layers_atom': 3, 'L2_layers_mol': 1, 'L2_out_dim': 96, 'L2_dropout': 0.23685206414707038, 'L3_hidden_dim': 48, 'L3_layers_atom': 2, 'L3_layers_mol': 3, 'L3_out_dim': 128, 'L3_dropout': 0.25488005509441225, 'n_mlp_layers': 2, 'mlp_dim_0': 216, 'mlp_dim_1': 400, 'num_heads': 1, 'final_dropout': 0.02794555023992025, 'train_learning_rate': 0.004731061509960354, 'train_lr_reduce': 0.6}. Best is trial 2183 with value: 0.009310361929237843.
[I 2024-12-26 23:02:20,779] Trial 2486 finished with value: 0.014290276914834976 and parameters: {'L1_hidden_dim': 112, 'L1_layers_atom': 1, 'L1_layers_mol': 2, 'L1_dropout': 0.08550715508925431, 'L1_out_dim': 128, 'L2_hidden_dim': 96, 'L2_layers_atom': 1, 'L2_layers_mol': 3, 'L2_out_dim': 128, 'L2_dropout': 0.035024589709748886, 'L3_hidden_dim': 64, 'L3_layers_atom': 4, 'L3_layers_mol': 1, 'L3_out_dim': 112, 'L3_dropout': 0.12969604278975805, 'n_mlp_layers': 2, 'mlp_dim_0': 440, 'mlp_dim_1': 392, 'num_heads': 2, 'final_dropout': 0.15859249944085838, 'train_learning_rate': 0.0003772668132671067, 'train_lr_reduce': 0.6}. Best is trial 2183 with value: 0.009310361929237843.
[I 2024-12-26 23:03:25,593] Trial 2488 finished with value: 0.016227800399065018 and parameters: {'L1_hidden_dim': 64, 'L1_layers_atom': 4, 'L1_layers_mol': 4, 'L1_dropout': 0.042064958620551596, 'L1_out_dim': 128, 'L2_hidden_dim': 240, 'L2_layers_atom': 1, 'L2_layers_mol': 3, 'L2_out_dim': 64, 'L2_dropout': 0.08004084421667915, 'L3_hidden_dim': 48, 'L3_layers_atom': 4, 'L3_layers_mol': 1, 'L3_out_dim': 128, 'L3_dropout': 0.03757305818812008, 'n_mlp_layers': 3, 'mlp_dim_0': 272, 'mlp_dim_1': 400, 'mlp_dim_2': 320, 'num_heads': 1, 'final_dropout': 0.23250445695489708, 'train_learning_rate': 0.0003648766866399067, 'train_lr_reduce': 0.6}. Best is trial 2183 with value: 0.009310361929237843.
[I 2024-12-26 23:04:27,957] Trial 2490 finished with value: 0.12897740304470062 and parameters: {'L1_hidden_dim': 176, 'L1_layers_atom': 2, 'L1_layers_mol': 1, 'L1_dropout': 0.23465414207852975, 'L1_out_dim': 64, 'L2_hidden_dim': 96, 'L2_layers_atom': 2, 'L2_layers_mol': 3, 'L2_out_dim': 112, 'L2_dropout': 0.2874895220306684, 'L3_hidden_dim': 112, 'L3_layers_atom': 1, 'L3_layers_mol': 1, 'L3_out_dim': 64, 'L3_dropout': 0.15527140619024132, 'n_mlp_layers': 1, 'mlp_dim_0': 496, 'num_heads': 2, 'final_dropout': 0.1638817598327958, 'train_learning_rate': 0.00010228321484284982, 'train_lr_reduce': 0.6}. Best is trial 2183 with value: 0.009310361929237843.
[I 2024-12-26 23:04:50,131] Trial 2489 finished with value: 0.02018710970878601 and parameters: {'L1_hidden_dim': 240, 'L1_layers_atom': 2, 'L1_layers_mol': 2, 'L1_dropout': 0.07729182136518535, 'L1_out_dim': 128, 'L2_hidden_dim': 176, 'L2_layers_atom': 3, 'L2_layers_mol': 3, 'L2_out_dim': 32, 'L2_dropout': 0.2459493346214433, 'L3_hidden_dim': 64, 'L3_layers_atom': 4, 'L3_layers_mol': 3, 'L3_out_dim': 32, 'L3_dropout': 0.15727989289663435, 'n_mlp_layers': 3, 'mlp_dim_0': 96, 'mlp_dim_1': 376, 'mlp_dim_2': 344, 'num_heads': 2, 'final_dropout': 0.04233756560441532, 'train_learning_rate': 0.000603745119778669, 'train_lr_reduce': 0.6}. Best is trial 2183 with value: 0.009310361929237843.
[I 2024-12-26 23:06:12,186] Trial 2491 finished with value: 0.014284326694905758 and parameters: {'L1_hidden_dim': 96, 'L1_layers_atom': 4, 'L1_layers_mol': 3, 'L1_dropout': 0.04218121642883177, 'L1_out_dim': 128, 'L2_hidden_dim': 192, 'L2_layers_atom': 1, 'L2_layers_mol': 3, 'L2_out_dim': 64, 'L2_dropout': 0.034199605316933016, 'L3_hidden_dim': 32, 'L3_layers_atom': 3, 'L3_layers_mol': 2, 'L3_out_dim': 96, 'L3_dropout': 0.05357382091939879, 'n_mlp_layers': 3, 'mlp_dim_0': 352, 'mlp_dim_1': 400, 'mlp_dim_2': 320, 'num_heads': 1, 'final_dropout': 0.17498153758281862, 'train_learning_rate': 0.00017287504390740556, 'train_lr_reduce': 0.6}. Best is trial 2183 with value: 0.009310361929237843.
[I 2024-12-26 23:06:36,817] Trial 2492 finished with value: 0.018608123064041138 and parameters: {'L1_hidden_dim': 144, 'L1_layers_atom': 1, 'L1_layers_mol': 4, 'L1_dropout': 0.02000752777107076, 'L1_out_dim': 128, 'L2_hidden_dim': 96, 'L2_layers_atom': 3, 'L2_layers_mol': 4, 'L2_out_dim': 32, 'L2_dropout': 0.282091834578687, 'L3_hidden_dim': 80, 'L3_layers_atom': 1, 'L3_layers_mol': 4, 'L3_out_dim': 80, 'L3_dropout': 0.07846440803026973, 'n_mlp_layers': 1, 'mlp_dim_0': 72, 'num_heads': 1, 'final_dropout': 0.26923207681722416, 'train_learning_rate': 0.0013292245562027984, 'train_lr_reduce': 0.6}. Best is trial 2183 with value: 0.009310361929237843.
[I 2024-12-26 23:07:37,389] Trial 2493 finished with value: 0.010747049003839493 and parameters: {'L1_hidden_dim': 96, 'L1_layers_atom': 2, 'L1_layers_mol': 2, 'L1_dropout': 0.0630751500490231, 'L1_out_dim': 128, 'L2_hidden_dim': 240, 'L2_layers_atom': 1, 'L2_layers_mol': 2, 'L2_out_dim': 64, 'L2_dropout': 0.06579503930198324, 'L3_hidden_dim': 80, 'L3_layers_atom': 4, 'L3_layers_mol': 3, 'L3_out_dim': 96, 'L3_dropout': 0.001005678818155914, 'n_mlp_layers': 3, 'mlp_dim_0': 320, 'mlp_dim_1': 384, 'mlp_dim_2': 360, 'num_heads': 2, 'final_dropout': 0.17370803485622113, 'train_learning_rate': 0.0005997558148386153, 'train_lr_reduce': 0.6}. Best is trial 2183 with value: 0.009310361929237843.
[I 2024-12-26 23:08:45,840] Trial 2495 finished with value: 0.01702290028333664 and parameters: {'L1_hidden_dim': 112, 'L1_layers_atom': 4, 'L1_layers_mol': 2, 'L1_dropout': 0.039426660886464744, 'L1_out_dim': 64, 'L2_hidden_dim': 240, 'L2_layers_atom': 1, 'L2_layers_mol': 2, 'L2_out_dim': 128, 'L2_dropout': 0.05517739267182255, 'L3_hidden_dim': 32, 'L3_layers_atom': 2, 'L3_layers_mol': 3, 'L3_out_dim': 128, 'L3_dropout': 0.08982076324599667, 'n_mlp_layers': 2, 'mlp_dim_0': 400, 'mlp_dim_1': 424, 'num_heads': 1, 'final_dropout': 0.24862037377982488, 'train_learning_rate': 0.0009179883108173355, 'train_lr_reduce': 0.6}. Best is trial 2183 with value: 0.009310361929237843.
[I 2024-12-26 23:08:51,162] Trial 2494 finished with value: 0.01295438501983881 and parameters: {'L1_hidden_dim': 64, 'L1_layers_atom': 4, 'L1_layers_mol': 1, 'L1_dropout': 0.1119273062780322, 'L1_out_dim': 32, 'L2_hidden_dim': 192, 'L2_layers_atom': 1, 'L2_layers_mol': 3, 'L2_out_dim': 128, 'L2_dropout': 0.03267503574034583, 'L3_hidden_dim': 112, 'L3_layers_atom': 2, 'L3_layers_mol': 1, 'L3_out_dim': 96, 'L3_dropout': 0.004038114689874024, 'n_mlp_layers': 3, 'mlp_dim_0': 368, 'mlp_dim_1': 408, 'mlp_dim_2': 296, 'num_heads': 2, 'final_dropout': 0.05967069040863074, 'train_learning_rate': 0.0001675853996394105, 'train_lr_reduce': 0.6}. Best is trial 2183 with value: 0.009310361929237843.
[I 2024-12-26 23:10:46,218] Trial 2497 finished with value: 0.011370892636477947 and parameters: {'L1_hidden_dim': 128, 'L1_layers_atom': 2, 'L1_layers_mol': 1, 'L1_dropout': 0.05657296009728964, 'L1_out_dim': 48, 'L2_hidden_dim': 208, 'L2_layers_atom': 1, 'L2_layers_mol': 2, 'L2_out_dim': 128, 'L2_dropout': 0.05377155933153312, 'L3_hidden_dim': 112, 'L3_layers_atom': 2, 'L3_layers_mol': 1, 'L3_out_dim': 128, 'L3_dropout': 0.03916619729976019, 'n_mlp_layers': 2, 'mlp_dim_0': 304, 'mlp_dim_1': 424, 'num_heads': 2, 'final_dropout': 0.15445142940543444, 'train_learning_rate': 0.0003811267363883842, 'train_lr_reduce': 0.6}. Best is trial 2183 with value: 0.009310361929237843.
[I 2024-12-26 23:10:49,784] Trial 2498 finished with value: 0.021527044475078583 and parameters: {'L1_hidden_dim': 96, 'L1_layers_atom': 4, 'L1_layers_mol': 1, 'L1_dropout': 0.07318884116076005, 'L1_out_dim': 64, 'L2_hidden_dim': 192, 'L2_layers_atom': 1, 'L2_layers_mol': 1, 'L2_out_dim': 128, 'L2_dropout': 0.018044696835405074, 'L3_hidden_dim': 48, 'L3_layers_atom': 3, 'L3_layers_mol': 2, 'L3_out_dim': 128, 'L3_dropout': 0.2181562093075236, 'n_mlp_layers': 3, 'mlp_dim_0': 208, 'mlp_dim_1': 392, 'mlp_dim_2': 336, 'num_heads': 1, 'final_dropout': 0.24454901334647305, 'train_learning_rate': 0.005553570247002106, 'train_lr_reduce': 0.6}. Best is trial 2183 with value: 0.009310361929237843.
[I 2024-12-26 23:10:52,436] Trial 2496 finished with value: 0.012700699269771576 and parameters: {'L1_hidden_dim': 64, 'L1_layers_atom': 3, 'L1_layers_mol': 2, 'L1_dropout': 0.05351411905490421, 'L1_out_dim': 128, 'L2_hidden_dim': 240, 'L2_layers_atom': 1, 'L2_layers_mol': 4, 'L2_out_dim': 64, 'L2_dropout': 0.005617412946896586, 'L3_hidden_dim': 64, 'L3_layers_atom': 3, 'L3_layers_mol': 1, 'L3_out_dim': 96, 'L3_dropout': 0.0956969207878561, 'n_mlp_layers': 2, 'mlp_dim_0': 184, 'mlp_dim_1': 376, 'num_heads': 1, 'final_dropout': 0.1859032291534174, 'train_learning_rate': 0.00024976167709607033, 'train_lr_reduce': 0.6}. Best is trial 2183 with value: 0.009310361929237843.
[I 2024-12-26 23:12:00,289] Trial 2499 finished with value: 0.013722922652959824 and parameters: {'L1_hidden_dim': 80, 'L1_layers_atom': 2, 'L1_layers_mol': 3, 'L1_dropout': 0.061292072060198724, 'L1_out_dim': 112, 'L2_hidden_dim': 208, 'L2_layers_atom': 1, 'L2_layers_mol': 3, 'L2_out_dim': 64, 'L2_dropout': 0.017925738416840684, 'L3_hidden_dim': 64, 'L3_layers_atom': 4, 'L3_layers_mol': 1, 'L3_out_dim': 96, 'L3_dropout': 0.13250896116730332, 'n_mlp_layers': 3, 'mlp_dim_0': 168, 'mlp_dim_1': 432, 'mlp_dim_2': 336, 'num_heads': 1, 'final_dropout': 0.2350655304120851, 'train_learning_rate': 0.00010168154541046281, 'train_lr_reduce': 0.6}. Best is trial 2183 with value: 0.009310361929237843.
