[I 2024-12-19 19:41:22,256] Trial 1046 finished with value: 1.6831321716308594 and parameters: {'mlp_n_layers': 1, 'mlp_dim_00': 386, 'node_hidden_dim': 33, 'edge_hidden_dim': 49, 'depth': 4, 'rep_dropout': 0.022916767307550996, 'train_learning_rate': 0.00010407054563320337, 'train_lr_reduce': 0.6}. Best is trial 122 with value: 0.09548358619213104.
[I 2024-12-19 19:41:23,392] Trial 1047 finished with value: 1.6648530960083008 and parameters: {'mlp_n_layers': 2, 'mlp_dim_00': 410, 'mlp_dim_01': 406, 'node_hidden_dim': 42, 'edge_hidden_dim': 119, 'depth': 4, 'rep_dropout': 0.13568031211067474, 'train_learning_rate': 0.00039550906280443813, 'train_lr_reduce': 0.6}. Best is trial 122 with value: 0.09548358619213104.
[I 2024-12-19 19:41:25,428] Trial 1048 finished with value: 1.6666115522384644 and parameters: {'mlp_n_layers': 3, 'mlp_dim_00': 419, 'mlp_dim_01': 377, 'mlp_dim_02': 502, 'node_hidden_dim': 82, 'edge_hidden_dim': 50, 'depth': 1, 'rep_dropout': 0.08532836183758474, 'train_learning_rate': 0.0005108440773287774, 'train_lr_reduce': 0.6}. Best is trial 122 with value: 0.09548358619213104.
[I 2024-12-19 19:42:02,480] Trial 1050 finished with value: 0.1412314921617508 and parameters: {'mlp_n_layers': 4, 'mlp_dim_00': 379, 'mlp_dim_01': 433, 'mlp_dim_02': 492, 'mlp_dim_03': 274, 'node_hidden_dim': 81, 'edge_hidden_dim': 72, 'depth': 1, 'rep_dropout': 0.13414237705177343, 'train_learning_rate': 0.0019570954528855835, 'train_lr_reduce': 0.6}. Best is trial 122 with value: 0.09548358619213104.
[I 2024-12-19 19:42:06,352] Trial 1049 finished with value: 0.11588660627603531 and parameters: {'mlp_n_layers': 4, 'mlp_dim_00': 396, 'mlp_dim_01': 399, 'mlp_dim_02': 492, 'mlp_dim_03': 324, 'node_hidden_dim': 90, 'edge_hidden_dim': 87, 'depth': 1, 'rep_dropout': 0.14194834153727753, 'train_learning_rate': 0.0018299311248379788, 'train_lr_reduce': 0.6}. Best is trial 122 with value: 0.09548358619213104.
[I 2024-12-19 19:42:07,004] Trial 1052 finished with value: 1.5971384048461914 and parameters: {'mlp_n_layers': 4, 'mlp_dim_00': 434, 'mlp_dim_01': 432, 'mlp_dim_02': 465, 'mlp_dim_03': 264, 'node_hidden_dim': 84, 'edge_hidden_dim': 56, 'depth': 1, 'rep_dropout': 0.14930937571735176, 'train_learning_rate': 0.006763228137549156, 'train_lr_reduce': 0.6}. Best is trial 122 with value: 0.09548358619213104.
[I 2024-12-19 19:42:08,383] Trial 1051 finished with value: 0.10479851067066193 and parameters: {'mlp_n_layers': 4, 'mlp_dim_00': 400, 'mlp_dim_01': 332, 'mlp_dim_02': 500, 'mlp_dim_03': 284, 'node_hidden_dim': 102, 'edge_hidden_dim': 63, 'depth': 1, 'rep_dropout': 0.14352505189631287, 'train_learning_rate': 0.0010914459228961496, 'train_lr_reduce': 0.6}. Best is trial 122 with value: 0.09548358619213104.
[I 2024-12-19 19:42:11,480] Trial 1053 finished with value: 1.6261829137802124 and parameters: {'mlp_n_layers': 3, 'mlp_dim_00': 452, 'mlp_dim_01': 437, 'mlp_dim_02': 501, 'node_hidden_dim': 76, 'edge_hidden_dim': 86, 'depth': 1, 'rep_dropout': 0.14976862447238734, 'train_learning_rate': 0.0013177423338728916, 'train_lr_reduce': 0.6}. Best is trial 122 with value: 0.09548358619213104.
[I 2024-12-19 19:42:12,291] Trial 1054 finished with value: 1.687550663948059 and parameters: {'mlp_n_layers': 4, 'mlp_dim_00': 478, 'mlp_dim_01': 400, 'mlp_dim_02': 477, 'mlp_dim_03': 294, 'node_hidden_dim': 89, 'edge_hidden_dim': 86, 'depth': 1, 'rep_dropout': 0.14747698976586454, 'train_learning_rate': 0.00022524476330963033, 'train_lr_reduce': 0.6}. Best is trial 122 with value: 0.09548358619213104.
[I 2024-12-19 19:42:16,539] Trial 1056 finished with value: 1.6320693492889404 and parameters: {'mlp_n_layers': 4, 'mlp_dim_00': 480, 'mlp_dim_01': 512, 'mlp_dim_02': 484, 'mlp_dim_03': 290, 'node_hidden_dim': 52, 'edge_hidden_dim': 38, 'depth': 1, 'rep_dropout': 0.10708672729975022, 'train_learning_rate': 0.0012337488028013855, 'train_lr_reduce': 0.6}. Best is trial 122 with value: 0.09548358619213104.
[I 2024-12-19 19:42:17,254] Trial 1057 finished with value: 1.6682788133621216 and parameters: {'mlp_n_layers': 2, 'mlp_dim_00': 390, 'mlp_dim_01': 443, 'node_hidden_dim': 100, 'edge_hidden_dim': 32, 'depth': 2, 'rep_dropout': 0.0015353360921660092, 'train_learning_rate': 0.0001675742265543497, 'train_lr_reduce': 0.6}. Best is trial 122 with value: 0.09548358619213104.
[I 2024-12-19 19:42:21,415] Trial 1058 finished with value: 1.6396821737289429 and parameters: {'mlp_n_layers': 3, 'mlp_dim_00': 415, 'mlp_dim_01': 474, 'mlp_dim_02': 492, 'node_hidden_dim': 93, 'edge_hidden_dim': 50, 'depth': 1, 'rep_dropout': 0.10570408980339971, 'train_learning_rate': 0.000867540989408037, 'train_lr_reduce': 0.6}. Best is trial 122 with value: 0.09548358619213104.
[I 2024-12-19 19:42:27,230] Trial 1060 finished with value: 1.6775158643722534 and parameters: {'mlp_n_layers': 4, 'mlp_dim_00': 500, 'mlp_dim_01': 443, 'mlp_dim_02': 488, 'mlp_dim_03': 317, 'node_hidden_dim': 87, 'edge_hidden_dim': 63, 'depth': 1, 'rep_dropout': 0.14579601330379913, 'train_learning_rate': 0.000265935710899102, 'train_lr_reduce': 0.6}. Best is trial 122 with value: 0.09548358619213104.
[I 2024-12-19 19:42:48,625] Trial 1059 finished with value: 0.17686770856380463 and parameters: {'mlp_n_layers': 4, 'mlp_dim_00': 482, 'mlp_dim_01': 512, 'mlp_dim_02': 455, 'mlp_dim_03': 315, 'node_hidden_dim': 72, 'edge_hidden_dim': 38, 'depth': 1, 'rep_dropout': 0.14531642760692184, 'train_learning_rate': 0.0012580780010810534, 'train_lr_reduce': 0.6}. Best is trial 122 with value: 0.09548358619213104.
[I 2024-12-19 19:42:54,701] Trial 1062 finished with value: 1.683782935142517 and parameters: {'mlp_n_layers': 4, 'mlp_dim_00': 431, 'mlp_dim_01': 396, 'mlp_dim_02': 497, 'mlp_dim_03': 311, 'node_hidden_dim': 85, 'edge_hidden_dim': 61, 'depth': 1, 'rep_dropout': 0.09127620824461778, 'train_learning_rate': 0.00011973332313265755, 'train_lr_reduce': 0.6}. Best is trial 122 with value: 0.09548358619213104.
[I 2024-12-19 19:42:57,713] Trial 1055 finished with value: 0.10495517402887344 and parameters: {'mlp_n_layers': 4, 'mlp_dim_00': 414, 'mlp_dim_01': 374, 'mlp_dim_02': 510, 'mlp_dim_03': 288, 'node_hidden_dim': 75, 'edge_hidden_dim': 42, 'depth': 1, 'rep_dropout': 0.09786546860934651, 'train_learning_rate': 0.0006052586459997141, 'train_lr_reduce': 0.6}. Best is trial 122 with value: 0.09548358619213104.
[I 2024-12-19 19:43:15,596] Trial 1061 finished with value: 0.12685450911521912 and parameters: {'mlp_n_layers': 4, 'mlp_dim_00': 277, 'mlp_dim_01': 78, 'mlp_dim_02': 444, 'mlp_dim_03': 259, 'node_hidden_dim': 98, 'edge_hidden_dim': 42, 'depth': 1, 'rep_dropout': 0.10485758777255458, 'train_learning_rate': 0.0007697252963561669, 'train_lr_reduce': 0.6}. Best is trial 122 with value: 0.09548358619213104.
[I 2024-12-19 19:43:38,759] Trial 1063 finished with value: 0.12962238490581512 and parameters: {'mlp_n_layers': 4, 'mlp_dim_00': 512, 'mlp_dim_01': 476, 'mlp_dim_02': 507, 'mlp_dim_03': 331, 'node_hidden_dim': 39, 'edge_hidden_dim': 44, 'depth': 1, 'rep_dropout': 0.10066605597867906, 'train_learning_rate': 0.0008506103947301739, 'train_lr_reduce': 0.6}. Best is trial 122 with value: 0.09548358619213104.
[I 2024-12-19 19:43:40,892] Trial 1064 finished with value: 0.10542973130941391 and parameters: {'mlp_n_layers': 4, 'mlp_dim_00': 321, 'mlp_dim_01': 476, 'mlp_dim_02': 437, 'mlp_dim_03': 353, 'node_hidden_dim': 72, 'edge_hidden_dim': 54, 'depth': 1, 'rep_dropout': 0.13181359044913116, 'train_learning_rate': 0.0009858938948918473, 'train_lr_reduce': 0.6}. Best is trial 122 with value: 0.09548358619213104.
[I 2024-12-19 19:44:01,538] Trial 1065 finished with value: 0.15828700363636017 and parameters: {'mlp_n_layers': 4, 'mlp_dim_00': 376, 'mlp_dim_01': 434, 'mlp_dim_02': 403, 'mlp_dim_03': 235, 'node_hidden_dim': 59, 'edge_hidden_dim': 57, 'depth': 2, 'rep_dropout': 0.14962995227472925, 'train_learning_rate': 0.0009946872050279833, 'train_lr_reduce': 0.6}. Best is trial 122 with value: 0.09548358619213104.
[I 2024-12-19 19:44:02,700] Trial 1067 finished with value: 0.28393080830574036 and parameters: {'mlp_n_layers': 4, 'mlp_dim_00': 468, 'mlp_dim_01': 368, 'mlp_dim_02': 441, 'mlp_dim_03': 510, 'node_hidden_dim': 85, 'edge_hidden_dim': 77, 'depth': 1, 'rep_dropout': 0.14181576060605866, 'train_learning_rate': 0.0014792129532939873, 'train_lr_reduce': 0.6}. Best is trial 122 with value: 0.09548358619213104.
[I 2024-12-19 19:44:07,282] Trial 1068 finished with value: 1.6833664178848267 and parameters: {'mlp_n_layers': 4, 'mlp_dim_00': 345, 'mlp_dim_01': 437, 'mlp_dim_02': 503, 'mlp_dim_03': 371, 'node_hidden_dim': 122, 'edge_hidden_dim': 78, 'depth': 2, 'rep_dropout': 0.06478200928936648, 'train_learning_rate': 0.0002947088445938234, 'train_lr_reduce': 0.6}. Best is trial 122 with value: 0.09548358619213104.
[I 2024-12-19 19:44:07,622] Trial 1069 finished with value: 1.5780783891677856 and parameters: {'mlp_n_layers': 1, 'mlp_dim_00': 251, 'node_hidden_dim': 112, 'edge_hidden_dim': 123, 'depth': 3, 'rep_dropout': 0.12104929613399987, 'train_learning_rate': 0.0009672443441911963, 'train_lr_reduce': 0.6}. Best is trial 122 with value: 0.09548358619213104.
[I 2024-12-19 19:44:12,409] Trial 1071 finished with value: 1.6590063571929932 and parameters: {'mlp_n_layers': 4, 'mlp_dim_00': 489, 'mlp_dim_01': 476, 'mlp_dim_02': 382, 'mlp_dim_03': 408, 'node_hidden_dim': 66, 'edge_hidden_dim': 44, 'depth': 1, 'rep_dropout': 0.11284508117868902, 'train_learning_rate': 0.0007421638249549784, 'train_lr_reduce': 0.6}. Best is trial 122 with value: 0.09548358619213104.
[I 2024-12-19 19:44:20,713] Trial 1066 finished with value: 0.10794708132743835 and parameters: {'mlp_n_layers': 4, 'mlp_dim_00': 475, 'mlp_dim_01': 476, 'mlp_dim_02': 342, 'mlp_dim_03': 356, 'node_hidden_dim': 74, 'edge_hidden_dim': 35, 'depth': 1, 'rep_dropout': 0.06347555741610256, 'train_learning_rate': 0.0008401940081167751, 'train_lr_reduce': 0.6}. Best is trial 122 with value: 0.09548358619213104.
[I 2024-12-19 19:44:53,009] Trial 1070 finished with value: 0.1088525652885437 and parameters: {'mlp_n_layers': 4, 'mlp_dim_00': 490, 'mlp_dim_01': 512, 'mlp_dim_02': 299, 'mlp_dim_03': 254, 'node_hidden_dim': 60, 'edge_hidden_dim': 68, 'depth': 1, 'rep_dropout': 0.12005578023632019, 'train_learning_rate': 0.0003678029987268418, 'train_lr_reduce': 0.6}. Best is trial 122 with value: 0.09548358619213104.
[I 2024-12-19 19:44:54,283] Trial 1072 finished with value: 0.108144111931324 and parameters: {'mlp_n_layers': 4, 'mlp_dim_00': 364, 'mlp_dim_01': 414, 'mlp_dim_02': 509, 'mlp_dim_03': 325, 'node_hidden_dim': 110, 'edge_hidden_dim': 75, 'depth': 1, 'rep_dropout': 0.12909902304075138, 'train_learning_rate': 0.0005773017334334896, 'train_lr_reduce': 0.6}. Best is trial 122 with value: 0.09548358619213104.
[I 2024-12-19 19:45:06,158] Trial 1073 finished with value: 0.11651415377855301 and parameters: {'mlp_n_layers': 4, 'mlp_dim_00': 389, 'mlp_dim_01': 475, 'mlp_dim_02': 351, 'mlp_dim_03': 432, 'node_hidden_dim': 39, 'edge_hidden_dim': 58, 'depth': 1, 'rep_dropout': 0.14165073512943377, 'train_learning_rate': 0.0009456736275773387, 'train_lr_reduce': 0.6}. Best is trial 122 with value: 0.09548358619213104.
[I 2024-12-19 19:45:10,899] Trial 1076 finished with value: 1.6719061136245728 and parameters: {'mlp_n_layers': 3, 'mlp_dim_00': 402, 'mlp_dim_01': 512, 'mlp_dim_02': 391, 'node_hidden_dim': 107, 'edge_hidden_dim': 65, 'depth': 1, 'rep_dropout': 0.08868569735059278, 'train_learning_rate': 0.00018080970305395694, 'train_lr_reduce': 0.6}. Best is trial 122 with value: 0.09548358619213104.
[I 2024-12-19 19:45:11,585] Trial 1075 finished with value: 1.3265470266342163 and parameters: {'mlp_n_layers': 4, 'mlp_dim_00': 137, 'mlp_dim_01': 338, 'mlp_dim_02': 308, 'mlp_dim_03': 374, 'node_hidden_dim': 64, 'edge_hidden_dim': 104, 'depth': 4, 'rep_dropout': 0.11193095185896343, 'train_learning_rate': 0.0008818690508290548, 'train_lr_reduce': 0.6}. Best is trial 122 with value: 0.09548358619213104.
[I 2024-12-19 19:45:15,989] Trial 1077 finished with value: 1.6685523986816406 and parameters: {'mlp_n_layers': 4, 'mlp_dim_00': 464, 'mlp_dim_01': 397, 'mlp_dim_02': 346, 'mlp_dim_03': 510, 'node_hidden_dim': 64, 'edge_hidden_dim': 49, 'depth': 1, 'rep_dropout': 0.10871913727238372, 'train_learning_rate': 0.0025018286382690563, 'train_lr_reduce': 0.6}. Best is trial 122 with value: 0.09548358619213104.
[I 2024-12-19 19:45:21,229] Trial 1079 finished with value: 1.6722822189331055 and parameters: {'mlp_n_layers': 3, 'mlp_dim_00': 378, 'mlp_dim_01': 445, 'mlp_dim_02': 288, 'node_hidden_dim': 100, 'edge_hidden_dim': 62, 'depth': 1, 'rep_dropout': 0.1016350646605394, 'train_learning_rate': 0.0004036789535681929, 'train_lr_reduce': 0.6}. Best is trial 122 with value: 0.09548358619213104.
[I 2024-12-19 19:45:24,497] Trial 1078 finished with value: 1.2901886701583862 and parameters: {'mlp_n_layers': 4, 'mlp_dim_00': 407, 'mlp_dim_01': 512, 'mlp_dim_02': 452, 'mlp_dim_03': 282, 'node_hidden_dim': 91, 'edge_hidden_dim': 56, 'depth': 4, 'rep_dropout': 0.059439042817984275, 'train_learning_rate': 0.0008256299472349566, 'train_lr_reduce': 0.6}. Best is trial 122 with value: 0.09548358619213104.
[I 2024-12-19 19:45:26,906] Trial 1080 finished with value: 1.6838374137878418 and parameters: {'mlp_n_layers': 4, 'mlp_dim_00': 420, 'mlp_dim_01': 470, 'mlp_dim_02': 378, 'mlp_dim_03': 419, 'node_hidden_dim': 80, 'edge_hidden_dim': 37, 'depth': 1, 'rep_dropout': 0.026410107638837527, 'train_learning_rate': 0.0003125450983738634, 'train_lr_reduce': 0.6}. Best is trial 122 with value: 0.09548358619213104.
[I 2024-12-19 19:45:29,353] Trial 1081 finished with value: 1.671405553817749 and parameters: {'mlp_n_layers': 4, 'mlp_dim_00': 403, 'mlp_dim_01': 477, 'mlp_dim_02': 335, 'mlp_dim_03': 510, 'node_hidden_dim': 66, 'edge_hidden_dim': 71, 'depth': 1, 'rep_dropout': 0.14854587148536652, 'train_learning_rate': 0.000681301790636689, 'train_lr_reduce': 0.6}. Best is trial 122 with value: 0.09548358619213104.
[I 2024-12-19 19:45:33,134] Trial 1074 finished with value: 0.10509126633405685 and parameters: {'mlp_n_layers': 4, 'mlp_dim_00': 315, 'mlp_dim_01': 441, 'mlp_dim_02': 431, 'mlp_dim_03': 471, 'node_hidden_dim': 120, 'edge_hidden_dim': 56, 'depth': 1, 'rep_dropout': 0.12164906517964542, 'train_learning_rate': 0.0004745442413870633, 'train_lr_reduce': 0.6}. Best is trial 122 with value: 0.09548358619213104.
[I 2024-12-19 19:45:35,131] Trial 1083 finished with value: 1.6327906847000122 and parameters: {'mlp_n_layers': 4, 'mlp_dim_00': 456, 'mlp_dim_01': 401, 'mlp_dim_02': 409, 'mlp_dim_03': 356, 'node_hidden_dim': 83, 'edge_hidden_dim': 62, 'depth': 1, 'rep_dropout': 0.14291250884258264, 'train_learning_rate': 0.0012834941086494842, 'train_lr_reduce': 0.6}. Best is trial 122 with value: 0.09548358619213104.
[I 2024-12-19 19:46:07,513] Trial 1082 finished with value: 0.11564529687166214 and parameters: {'mlp_n_layers': 4, 'mlp_dim_00': 398, 'mlp_dim_01': 512, 'mlp_dim_02': 512, 'mlp_dim_03': 440, 'node_hidden_dim': 103, 'edge_hidden_dim': 80, 'depth': 1, 'rep_dropout': 0.14827980705095392, 'train_learning_rate': 0.0006620820431197959, 'train_lr_reduce': 0.6}. Best is trial 122 with value: 0.09548358619213104.
[I 2024-12-19 19:46:08,697] Trial 1084 finished with value: 1.6863421201705933 and parameters: {'mlp_n_layers': 4, 'mlp_dim_00': 149, 'mlp_dim_01': 446, 'mlp_dim_02': 511, 'mlp_dim_03': 474, 'node_hidden_dim': 101, 'edge_hidden_dim': 32, 'depth': 2, 'rep_dropout': 0.11315395260708111, 'train_learning_rate': 0.00021932206152578426, 'train_lr_reduce': 0.6}. Best is trial 122 with value: 0.09548358619213104.
[I 2024-12-19 19:46:11,408] Trial 1085 finished with value: 0.15452656149864197 and parameters: {'mlp_n_layers': 4, 'mlp_dim_00': 403, 'mlp_dim_01': 443, 'mlp_dim_02': 363, 'mlp_dim_03': 400, 'node_hidden_dim': 94, 'edge_hidden_dim': 54, 'depth': 2, 'rep_dropout': 0.1332111699832152, 'train_learning_rate': 0.0005083058726267327, 'train_lr_reduce': 0.6}. Best is trial 122 with value: 0.09548358619213104.
[I 2024-12-19 19:46:17,063] Trial 1088 finished with value: 1.5947473049163818 and parameters: {'mlp_n_layers': 1, 'mlp_dim_00': 353, 'node_hidden_dim': 79, 'edge_hidden_dim': 33, 'depth': 2, 'rep_dropout': 0.021559929605981625, 'train_learning_rate': 0.006744773281758134, 'train_lr_reduce': 0.6}. Best is trial 122 with value: 0.09548358619213104.
[I 2024-12-19 19:46:22,866] Trial 1089 finished with value: 1.6726677417755127 and parameters: {'mlp_n_layers': 3, 'mlp_dim_00': 89, 'mlp_dim_01': 480, 'mlp_dim_02': 397, 'node_hidden_dim': 42, 'edge_hidden_dim': 35, 'depth': 3, 'rep_dropout': 0.024081017312927194, 'train_learning_rate': 0.00037497743478351445, 'train_lr_reduce': 0.6}. Best is trial 122 with value: 0.09548358619213104.
[I 2024-12-19 19:46:47,768] Trial 1086 finished with value: 0.11543970555067062 and parameters: {'mlp_n_layers': 4, 'mlp_dim_00': 381, 'mlp_dim_01': 467, 'mlp_dim_02': 308, 'mlp_dim_03': 440, 'node_hidden_dim': 95, 'edge_hidden_dim': 48, 'depth': 1, 'rep_dropout': 0.14969430301783204, 'train_learning_rate': 0.001729580509485185, 'train_lr_reduce': 0.6}. Best is trial 122 with value: 0.09548358619213104.
[I 2024-12-19 19:46:50,447] Trial 1087 finished with value: 0.11376480758190155 and parameters: {'mlp_n_layers': 4, 'mlp_dim_00': 419, 'mlp_dim_01': 358, 'mlp_dim_02': 457, 'mlp_dim_03': 389, 'node_hidden_dim': 54, 'edge_hidden_dim': 48, 'depth': 1, 'rep_dropout': 0.11956075387701476, 'train_learning_rate': 0.0006655372556330356, 'train_lr_reduce': 0.6}. Best is trial 122 with value: 0.09548358619213104.
[I 2024-12-19 19:46:52,618] Trial 1091 finished with value: 1.6148568391799927 and parameters: {'mlp_n_layers': 4, 'mlp_dim_00': 342, 'mlp_dim_01': 439, 'mlp_dim_02': 280, 'mlp_dim_03': 468, 'node_hidden_dim': 40, 'edge_hidden_dim': 49, 'depth': 1, 'rep_dropout': 0.11022554140834082, 'train_learning_rate': 0.0019061685260756123, 'train_lr_reduce': 0.6}. Best is trial 122 with value: 0.09548358619213104.
[I 2024-12-19 19:46:53,957] Trial 1090 finished with value: 0.20500873029232025 and parameters: {'mlp_n_layers': 3, 'mlp_dim_00': 455, 'mlp_dim_01': 400, 'mlp_dim_02': 335, 'node_hidden_dim': 86, 'edge_hidden_dim': 59, 'depth': 2, 'rep_dropout': 0.09562143252308065, 'train_learning_rate': 0.0005929846959447095, 'train_lr_reduce': 0.6}. Best is trial 122 with value: 0.09548358619213104.
[I 2024-12-19 19:46:57,643] Trial 1093 finished with value: 1.6854056119918823 and parameters: {'mlp_n_layers': 4, 'mlp_dim_00': 349, 'mlp_dim_01': 479, 'mlp_dim_02': 355, 'mlp_dim_03': 316, 'node_hidden_dim': 111, 'edge_hidden_dim': 77, 'depth': 1, 'rep_dropout': 0.1048187689869743, 'train_learning_rate': 0.0001817820569009866, 'train_lr_reduce': 0.6}. Best is trial 122 with value: 0.09548358619213104.
[I 2024-12-19 19:46:59,877] Trial 1094 finished with value: 1.5568352937698364 and parameters: {'mlp_n_layers': 4, 'mlp_dim_00': 485, 'mlp_dim_01': 512, 'mlp_dim_02': 398, 'mlp_dim_03': 435, 'node_hidden_dim': 49, 'edge_hidden_dim': 49, 'depth': 2, 'rep_dropout': 0.13977923941761722, 'train_learning_rate': 0.0037761696162359674, 'train_lr_reduce': 0.6}. Best is trial 122 with value: 0.09548358619213104.
[I 2024-12-19 19:47:04,984] Trial 1096 finished with value: 1.5610934495925903 and parameters: {'mlp_n_layers': 3, 'mlp_dim_00': 482, 'mlp_dim_01': 433, 'mlp_dim_02': 314, 'node_hidden_dim': 77, 'edge_hidden_dim': 54, 'depth': 1, 'rep_dropout': 0.1487038424288324, 'train_learning_rate': 0.0020085306299836595, 'train_lr_reduce': 0.6}. Best is trial 122 with value: 0.09548358619213104.
[I 2024-12-19 19:47:39,440] Trial 1092 finished with value: 0.12193862348794937 and parameters: {'mlp_n_layers': 4, 'mlp_dim_00': 461, 'mlp_dim_01': 476, 'mlp_dim_02': 436, 'mlp_dim_03': 512, 'node_hidden_dim': 89, 'edge_hidden_dim': 69, 'depth': 1, 'rep_dropout': 0.1473287682979035, 'train_learning_rate': 0.0006637282206265305, 'train_lr_reduce': 0.6}. Best is trial 122 with value: 0.09548358619213104.
[I 2024-12-19 19:47:50,152] Trial 1095 finished with value: 0.35126549005508423 and parameters: {'mlp_n_layers': 2, 'mlp_dim_00': 504, 'mlp_dim_01': 411, 'node_hidden_dim': 106, 'edge_hidden_dim': 71, 'depth': 3, 'rep_dropout': 0.08332188555728126, 'train_learning_rate': 0.008579244155678888, 'train_lr_reduce': 0.6}. Best is trial 122 with value: 0.09548358619213104.
[I 2024-12-19 19:47:52,148] Trial 1097 finished with value: 0.09882386028766632 and parameters: {'mlp_n_layers': 4, 'mlp_dim_00': 367, 'mlp_dim_01': 371, 'mlp_dim_02': 365, 'mlp_dim_03': 469, 'node_hidden_dim': 84, 'edge_hidden_dim': 38, 'depth': 1, 'rep_dropout': 0.09824634144562316, 'train_learning_rate': 0.0014680910924246868, 'train_lr_reduce': 0.6}. Best is trial 122 with value: 0.09548358619213104.
[I 2024-12-19 19:47:56,297] Trial 1099 finished with value: 1.5974633693695068 and parameters: {'mlp_n_layers': 1, 'mlp_dim_00': 154, 'node_hidden_dim': 79, 'edge_hidden_dim': 94, 'depth': 2, 'rep_dropout': 0.05936315146255125, 'train_learning_rate': 0.0009611763850532046, 'train_lr_reduce': 0.6}. Best is trial 122 with value: 0.09548358619213104.
[I 2024-12-19 19:48:26,933] Trial 1098 finished with value: 0.13982853293418884 and parameters: {'mlp_n_layers': 4, 'mlp_dim_00': 397, 'mlp_dim_01': 477, 'mlp_dim_02': 456, 'mlp_dim_03': 367, 'node_hidden_dim': 86, 'edge_hidden_dim': 56, 'depth': 1, 'rep_dropout': 0.12441102422234822, 'train_learning_rate': 0.0006333806311170272, 'train_lr_reduce': 0.6}. Best is trial 122 with value: 0.09548358619213104.
[I 2024-12-19 19:48:36,608] Trial 1100 finished with value: 0.09931818395853043 and parameters: {'mlp_n_layers': 4, 'mlp_dim_00': 313, 'mlp_dim_01': 326, 'mlp_dim_02': 364, 'mlp_dim_03': 475, 'node_hidden_dim': 77, 'edge_hidden_dim': 44, 'depth': 1, 'rep_dropout': 0.09464653262528584, 'train_learning_rate': 0.0007957958929210277, 'train_lr_reduce': 0.6}. Best is trial 122 with value: 0.09548358619213104.
