[I 2024-12-19 18:20:39,898] Trial 355 finished with value: 0.24390558898448944 and parameters: {'mlp_n_layers': 2, 'mlp_dim_00': 145, 'mlp_dim_01': 319, 'node_hidden_dim': 82, 'edge_hidden_dim': 119, 'depth': 1, 'rep_dropout': 0.11916926885897645, 'train_learning_rate': 0.00904693582084228, 'train_lr_reduce': 0.6}. Best is trial 158 with value: 0.11393879354000092.
[I 2024-12-19 18:20:44,692] Trial 359 finished with value: 0.14579631388187408 and parameters: {'mlp_n_layers': 1, 'mlp_dim_00': 384, 'node_hidden_dim': 45, 'edge_hidden_dim': 53, 'depth': 1, 'rep_dropout': 0.03602481821701998, 'train_learning_rate': 0.002696956788883369, 'train_lr_reduce': 0.6}. Best is trial 158 with value: 0.11393879354000092.
[I 2024-12-19 18:20:52,943] Trial 363 finished with value: 1.1421434879302979 and parameters: {'mlp_n_layers': 4, 'mlp_dim_00': 298, 'mlp_dim_01': 363, 'mlp_dim_02': 153, 'mlp_dim_03': 70, 'node_hidden_dim': 107, 'edge_hidden_dim': 112, 'depth': 3, 'rep_dropout': 0.06204969675815896, 'train_learning_rate': 0.00016188569805326085, 'train_lr_reduce': 0.6}. Best is trial 158 with value: 0.11393879354000092.
[I 2024-12-19 18:20:59,496] Trial 361 finished with value: 0.13499608635902405 and parameters: {'mlp_n_layers': 1, 'mlp_dim_00': 309, 'node_hidden_dim': 38, 'edge_hidden_dim': 56, 'depth': 1, 'rep_dropout': 0.005900900902277087, 'train_learning_rate': 0.0021620466893720247, 'train_lr_reduce': 0.6}. Best is trial 158 with value: 0.11393879354000092.
[I 2024-12-19 18:21:15,803] Trial 364 finished with value: 0.20197685062885284 and parameters: {'mlp_n_layers': 1, 'mlp_dim_00': 429, 'node_hidden_dim': 32, 'edge_hidden_dim': 64, 'depth': 1, 'rep_dropout': 0.07353311870239025, 'train_learning_rate': 0.003847097686388338, 'train_lr_reduce': 0.6}. Best is trial 158 with value: 0.11393879354000092.
[I 2024-12-19 18:21:20,369] Trial 362 finished with value: 0.1564868539571762 and parameters: {'mlp_n_layers': 2, 'mlp_dim_00': 377, 'mlp_dim_01': 271, 'node_hidden_dim': 71, 'edge_hidden_dim': 46, 'depth': 2, 'rep_dropout': 0.03619413764468132, 'train_learning_rate': 0.008980393815144812, 'train_lr_reduce': 0.6}. Best is trial 158 with value: 0.11393879354000092.
[I 2024-12-19 18:21:32,654] Trial 365 finished with value: 0.2547342777252197 and parameters: {'mlp_n_layers': 1, 'mlp_dim_00': 98, 'node_hidden_dim': 75, 'edge_hidden_dim': 35, 'depth': 1, 'rep_dropout': 0.09142561549700051, 'train_learning_rate': 0.0033027115904141857, 'train_lr_reduce': 0.6}. Best is trial 158 with value: 0.11393879354000092.
[I 2024-12-19 18:21:33,792] Trial 366 finished with value: 0.3068779706954956 and parameters: {'mlp_n_layers': 1, 'mlp_dim_00': 289, 'node_hidden_dim': 43, 'edge_hidden_dim': 56, 'depth': 1, 'rep_dropout': 0.038938914038705426, 'train_learning_rate': 0.009567485583427366, 'train_lr_reduce': 0.6}. Best is trial 158 with value: 0.11393879354000092.
[I 2024-12-19 18:21:33,996] Trial 367 finished with value: 0.22434468567371368 and parameters: {'mlp_n_layers': 1, 'mlp_dim_00': 400, 'node_hidden_dim': 33, 'edge_hidden_dim': 52, 'depth': 1, 'rep_dropout': 0.0033383313157428606, 'train_learning_rate': 0.005328979058604947, 'train_lr_reduce': 0.6}. Best is trial 158 with value: 0.11393879354000092.
[I 2024-12-19 18:21:39,987] Trial 370 finished with value: 1.1492561101913452 and parameters: {'mlp_n_layers': 1, 'mlp_dim_00': 328, 'node_hidden_dim': 33, 'edge_hidden_dim': 38, 'depth': 2, 'rep_dropout': 0.00824750550672857, 'train_learning_rate': 0.003920371934972184, 'train_lr_reduce': 0.6}. Best is trial 158 with value: 0.11393879354000092.
[I 2024-12-19 18:22:14,664] Trial 368 finished with value: 0.1604551374912262 and parameters: {'mlp_n_layers': 1, 'mlp_dim_00': 374, 'node_hidden_dim': 32, 'edge_hidden_dim': 44, 'depth': 1, 'rep_dropout': 0.042881442229822556, 'train_learning_rate': 0.0033706194842572277, 'train_lr_reduce': 0.6}. Best is trial 158 with value: 0.11393879354000092.
[I 2024-12-19 18:22:15,894] Trial 369 finished with value: 0.12693700194358826 and parameters: {'mlp_n_layers': 1, 'mlp_dim_00': 362, 'node_hidden_dim': 33, 'edge_hidden_dim': 77, 'depth': 1, 'rep_dropout': 0.033976456861674345, 'train_learning_rate': 0.004977068853282729, 'train_lr_reduce': 0.6}. Best is trial 158 with value: 0.11393879354000092.
[I 2024-12-19 18:22:19,486] Trial 372 finished with value: 1.1433451175689697 and parameters: {'mlp_n_layers': 1, 'mlp_dim_00': 282, 'node_hidden_dim': 32, 'edge_hidden_dim': 64, 'depth': 2, 'rep_dropout': 0.004835030905157543, 'train_learning_rate': 0.004872085357168972, 'train_lr_reduce': 0.6}. Best is trial 158 with value: 0.11393879354000092.
[I 2024-12-19 18:22:23,950] Trial 371 finished with value: 0.13308683037757874 and parameters: {'mlp_n_layers': 1, 'mlp_dim_00': 298, 'node_hidden_dim': 33, 'edge_hidden_dim': 55, 'depth': 1, 'rep_dropout': 0.042223560119946574, 'train_learning_rate': 0.0027013294219492513, 'train_lr_reduce': 0.6}. Best is trial 158 with value: 0.11393879354000092.
[I 2024-12-19 18:22:24,982] Trial 374 finished with value: 1.1457098722457886 and parameters: {'mlp_n_layers': 2, 'mlp_dim_00': 353, 'mlp_dim_01': 216, 'node_hidden_dim': 35, 'edge_hidden_dim': 88, 'depth': 1, 'rep_dropout': 0.041620649030032285, 'train_learning_rate': 0.009889181134711204, 'train_lr_reduce': 0.6}. Best is trial 158 with value: 0.11393879354000092.
[I 2024-12-19 18:22:29,559] Trial 376 finished with value: 1.146215796470642 and parameters: {'mlp_n_layers': 1, 'mlp_dim_00': 422, 'node_hidden_dim': 39, 'edge_hidden_dim': 91, 'depth': 1, 'rep_dropout': 0.013007833328631117, 'train_learning_rate': 0.0009344338703943615, 'train_lr_reduce': 0.6}. Best is trial 158 with value: 0.11393879354000092.
[I 2024-12-19 18:22:30,968] Trial 373 finished with value: 0.2530856728553772 and parameters: {'mlp_n_layers': 1, 'mlp_dim_00': 388, 'node_hidden_dim': 42, 'edge_hidden_dim': 61, 'depth': 1, 'rep_dropout': 0.05859460880986561, 'train_learning_rate': 0.008270869942743389, 'train_lr_reduce': 0.6}. Best is trial 158 with value: 0.11393879354000092.
[I 2024-12-19 18:22:54,005] Trial 378 finished with value: 0.3555530607700348 and parameters: {'mlp_n_layers': 1, 'mlp_dim_00': 313, 'node_hidden_dim': 60, 'edge_hidden_dim': 84, 'depth': 1, 'rep_dropout': 0.04498642695218978, 'train_learning_rate': 0.009143263105616464, 'train_lr_reduce': 0.6}. Best is trial 158 with value: 0.11393879354000092.
[I 2024-12-19 18:23:01,058] Trial 379 finished with value: 1.1463359594345093 and parameters: {'mlp_n_layers': 4, 'mlp_dim_00': 292, 'mlp_dim_01': 512, 'mlp_dim_02': 341, 'mlp_dim_03': 259, 'node_hidden_dim': 90, 'edge_hidden_dim': 75, 'depth': 4, 'rep_dropout': 0.11074459542496985, 'train_learning_rate': 0.001920991356762991, 'train_lr_reduce': 0.6}. Best is trial 158 with value: 0.11393879354000092.
[I 2024-12-19 18:23:06,183] Trial 375 finished with value: 0.2350570261478424 and parameters: {'mlp_n_layers': 1, 'mlp_dim_00': 302, 'node_hidden_dim': 32, 'edge_hidden_dim': 76, 'depth': 2, 'rep_dropout': 0.06311416472098551, 'train_learning_rate': 0.00984167537029466, 'train_lr_reduce': 0.6}. Best is trial 158 with value: 0.11393879354000092.
[I 2024-12-19 18:23:06,419] Trial 380 finished with value: 1.1513664722442627 and parameters: {'mlp_n_layers': 3, 'mlp_dim_00': 369, 'mlp_dim_01': 370, 'mlp_dim_02': 223, 'node_hidden_dim': 51, 'edge_hidden_dim': 88, 'depth': 3, 'rep_dropout': 0.10842136011668398, 'train_learning_rate': 0.0044873430190456925, 'train_lr_reduce': 0.6}. Best is trial 158 with value: 0.11393879354000092.
[I 2024-12-19 18:23:08,912] Trial 377 finished with value: 0.1520114243030548 and parameters: {'mlp_n_layers': 1, 'mlp_dim_00': 383, 'node_hidden_dim': 49, 'edge_hidden_dim': 60, 'depth': 1, 'rep_dropout': 0.07510858545553026, 'train_learning_rate': 0.0015104612825474343, 'train_lr_reduce': 0.6}. Best is trial 158 with value: 0.11393879354000092.
[I 2024-12-19 18:23:11,745] Trial 382 finished with value: 1.1434192657470703 and parameters: {'mlp_n_layers': 2, 'mlp_dim_00': 373, 'mlp_dim_01': 398, 'node_hidden_dim': 35, 'edge_hidden_dim': 61, 'depth': 1, 'rep_dropout': 0.04360428176201185, 'train_learning_rate': 0.0005948339243864986, 'train_lr_reduce': 0.6}. Best is trial 158 with value: 0.11393879354000092.
[I 2024-12-19 18:23:13,805] Trial 383 finished with value: 1.1431773900985718 and parameters: {'mlp_n_layers': 1, 'mlp_dim_00': 352, 'node_hidden_dim': 32, 'edge_hidden_dim': 71, 'depth': 1, 'rep_dropout': 0.0652183260308298, 'train_learning_rate': 0.0015873568827136566, 'train_lr_reduce': 0.6}. Best is trial 158 with value: 0.11393879354000092.
[I 2024-12-19 18:23:15,622] Trial 381 finished with value: 1.141984462738037 and parameters: {'mlp_n_layers': 3, 'mlp_dim_00': 172, 'mlp_dim_01': 318, 'mlp_dim_02': 125, 'node_hidden_dim': 52, 'edge_hidden_dim': 52, 'depth': 2, 'rep_dropout': 0.14195910742681916, 'train_learning_rate': 0.00011117759958598931, 'train_lr_reduce': 0.6}. Best is trial 158 with value: 0.11393879354000092.
[I 2024-12-19 18:23:16,542] Trial 384 finished with value: 1.142953634262085 and parameters: {'mlp_n_layers': 2, 'mlp_dim_00': 423, 'mlp_dim_01': 157, 'node_hidden_dim': 44, 'edge_hidden_dim': 80, 'depth': 2, 'rep_dropout': 0.04840123328910066, 'train_learning_rate': 0.004297608733069835, 'train_lr_reduce': 0.6}. Best is trial 158 with value: 0.11393879354000092.
[I 2024-12-19 18:23:34,357] Trial 387 finished with value: 0.2320365309715271 and parameters: {'mlp_n_layers': 1, 'mlp_dim_00': 329, 'node_hidden_dim': 39, 'edge_hidden_dim': 61, 'depth': 1, 'rep_dropout': 0.0583281496317971, 'train_learning_rate': 0.0048686724643686825, 'train_lr_reduce': 0.6}. Best is trial 158 with value: 0.11393879354000092.
[I 2024-12-19 18:23:39,863] Trial 386 finished with value: 0.2481825351715088 and parameters: {'mlp_n_layers': 1, 'mlp_dim_00': 277, 'node_hidden_dim': 32, 'edge_hidden_dim': 81, 'depth': 1, 'rep_dropout': 0.036125554357050664, 'train_learning_rate': 0.005720418203720347, 'train_lr_reduce': 0.6}. Best is trial 158 with value: 0.11393879354000092.
[I 2024-12-19 18:23:42,350] Trial 388 finished with value: 1.1423109769821167 and parameters: {'mlp_n_layers': 4, 'mlp_dim_00': 102, 'mlp_dim_01': 373, 'mlp_dim_02': 305, 'mlp_dim_03': 180, 'node_hidden_dim': 35, 'edge_hidden_dim': 51, 'depth': 2, 'rep_dropout': 0.002055789777518663, 'train_learning_rate': 0.00017844438804280388, 'train_lr_reduce': 0.6}. Best is trial 158 with value: 0.11393879354000092.
[I 2024-12-19 18:23:47,617] Trial 390 finished with value: 1.1443819999694824 and parameters: {'mlp_n_layers': 2, 'mlp_dim_00': 300, 'mlp_dim_01': 448, 'node_hidden_dim': 48, 'edge_hidden_dim': 33, 'depth': 2, 'rep_dropout': 0.007679838923747872, 'train_learning_rate': 0.0018950996706857837, 'train_lr_reduce': 0.6}. Best is trial 158 with value: 0.11393879354000092.
[I 2024-12-19 18:23:55,618] Trial 385 finished with value: 0.1602896749973297 and parameters: {'mlp_n_layers': 1, 'mlp_dim_00': 506, 'node_hidden_dim': 33, 'edge_hidden_dim': 95, 'depth': 1, 'rep_dropout': 0.05566830892773457, 'train_learning_rate': 0.00551488407872936, 'train_lr_reduce': 0.6}. Best is trial 158 with value: 0.11393879354000092.
[I 2024-12-19 18:24:10,514] Trial 391 finished with value: 0.2578827738761902 and parameters: {'mlp_n_layers': 1, 'mlp_dim_00': 376, 'node_hidden_dim': 62, 'edge_hidden_dim': 35, 'depth': 1, 'rep_dropout': 0.02524568746126721, 'train_learning_rate': 0.0030429312570946624, 'train_lr_reduce': 0.6}. Best is trial 158 with value: 0.11393879354000092.
[I 2024-12-19 18:24:24,582] Trial 389 finished with value: 0.1811968982219696 and parameters: {'mlp_n_layers': 2, 'mlp_dim_00': 406, 'mlp_dim_01': 284, 'node_hidden_dim': 57, 'edge_hidden_dim': 56, 'depth': 1, 'rep_dropout': 0.0379452973289759, 'train_learning_rate': 0.00430771635767928, 'train_lr_reduce': 0.6}. Best is trial 158 with value: 0.11393879354000092.
[I 2024-12-19 18:24:38,503] Trial 392 finished with value: 0.13304901123046875 and parameters: {'mlp_n_layers': 1, 'mlp_dim_00': 311, 'node_hidden_dim': 37, 'edge_hidden_dim': 69, 'depth': 1, 'rep_dropout': 0.036153387024114816, 'train_learning_rate': 0.00446462843343562, 'train_lr_reduce': 0.6}. Best is trial 158 with value: 0.11393879354000092.
[I 2024-12-19 18:24:47,063] Trial 393 finished with value: 0.1651628464460373 and parameters: {'mlp_n_layers': 1, 'mlp_dim_00': 321, 'node_hidden_dim': 54, 'edge_hidden_dim': 50, 'depth': 1, 'rep_dropout': 0.005029695010970535, 'train_learning_rate': 0.0025134851971566215, 'train_lr_reduce': 0.6}. Best is trial 158 with value: 0.11393879354000092.
[I 2024-12-19 18:25:02,557] Trial 396 finished with value: 0.3309822082519531 and parameters: {'mlp_n_layers': 3, 'mlp_dim_00': 501, 'mlp_dim_01': 397, 'mlp_dim_02': 233, 'node_hidden_dim': 58, 'edge_hidden_dim': 42, 'depth': 1, 'rep_dropout': 0.023308670895728235, 'train_learning_rate': 0.008133997847410259, 'train_lr_reduce': 0.6}. Best is trial 158 with value: 0.11393879354000092.
[I 2024-12-19 18:25:04,065] Trial 394 finished with value: 0.18869155645370483 and parameters: {'mlp_n_layers': 1, 'mlp_dim_00': 346, 'node_hidden_dim': 32, 'edge_hidden_dim': 66, 'depth': 1, 'rep_dropout': 0.056713387566705346, 'train_learning_rate': 0.005299803657112859, 'train_lr_reduce': 0.6}. Best is trial 158 with value: 0.11393879354000092.
[I 2024-12-19 18:25:12,789] Trial 397 finished with value: 0.467868447303772 and parameters: {'mlp_n_layers': 2, 'mlp_dim_00': 473, 'mlp_dim_01': 345, 'node_hidden_dim': 92, 'edge_hidden_dim': 80, 'depth': 1, 'rep_dropout': 0.00139292829047836, 'train_learning_rate': 0.005882605793751501, 'train_lr_reduce': 0.6}. Best is trial 158 with value: 0.11393879354000092.
[I 2024-12-19 18:25:18,673] Trial 399 finished with value: 1.1434203386306763 and parameters: {'mlp_n_layers': 2, 'mlp_dim_00': 385, 'mlp_dim_01': 400, 'node_hidden_dim': 44, 'edge_hidden_dim': 48, 'depth': 2, 'rep_dropout': 0.04863162661547898, 'train_learning_rate': 0.0019315823364388434, 'train_lr_reduce': 0.6}. Best is trial 158 with value: 0.11393879354000092.
[I 2024-12-19 18:25:23,810] Trial 400 finished with value: 1.1468029022216797 and parameters: {'mlp_n_layers': 1, 'mlp_dim_00': 329, 'node_hidden_dim': 43, 'edge_hidden_dim': 64, 'depth': 1, 'rep_dropout': 0.0008975541687073867, 'train_learning_rate': 0.0007658566767915673, 'train_lr_reduce': 0.6}. Best is trial 158 with value: 0.11393879354000092.
[I 2024-12-19 18:25:25,333] Trial 395 finished with value: 0.1798611581325531 and parameters: {'mlp_n_layers': 1, 'mlp_dim_00': 195, 'node_hidden_dim': 93, 'edge_hidden_dim': 126, 'depth': 1, 'rep_dropout': 0.020914570784178875, 'train_learning_rate': 0.0013431514351949449, 'train_lr_reduce': 0.6}. Best is trial 158 with value: 0.11393879354000092.
[I 2024-12-19 18:25:29,585] Trial 401 finished with value: 1.1465712785720825 and parameters: {'mlp_n_layers': 1, 'mlp_dim_00': 345, 'node_hidden_dim': 34, 'edge_hidden_dim': 42, 'depth': 1, 'rep_dropout': 0.026297509057219455, 'train_learning_rate': 0.0017003253425824524, 'train_lr_reduce': 0.6}. Best is trial 158 with value: 0.11393879354000092.
[I 2024-12-19 18:25:30,482] Trial 402 finished with value: 1.146770715713501 and parameters: {'mlp_n_layers': 1, 'mlp_dim_00': 349, 'node_hidden_dim': 32, 'edge_hidden_dim': 39, 'depth': 1, 'rep_dropout': 0.0015157031318344897, 'train_learning_rate': 0.0015481190086499958, 'train_lr_reduce': 0.6}. Best is trial 158 with value: 0.11393879354000092.
[I 2024-12-19 18:25:41,261] Trial 398 finished with value: 0.238851860165596 and parameters: {'mlp_n_layers': 3, 'mlp_dim_00': 428, 'mlp_dim_01': 454, 'mlp_dim_02': 67, 'node_hidden_dim': 127, 'edge_hidden_dim': 76, 'depth': 1, 'rep_dropout': 0.016910540846543386, 'train_learning_rate': 0.0015853818490305417, 'train_lr_reduce': 0.6}. Best is trial 158 with value: 0.11393879354000092.
[I 2024-12-19 18:25:52,183] Trial 403 finished with value: 0.18660852313041687 and parameters: {'mlp_n_layers': 1, 'mlp_dim_00': 512, 'node_hidden_dim': 65, 'edge_hidden_dim': 58, 'depth': 1, 'rep_dropout': 0.03899679409307366, 'train_learning_rate': 0.004351261307762799, 'train_lr_reduce': 0.6}. Best is trial 158 with value: 0.11393879354000092.
[I 2024-12-19 18:25:58,825] Trial 406 finished with value: 1.1424362659454346 and parameters: {'mlp_n_layers': 4, 'mlp_dim_00': 388, 'mlp_dim_01': 301, 'mlp_dim_02': 340, 'mlp_dim_03': 303, 'node_hidden_dim': 105, 'edge_hidden_dim': 69, 'depth': 1, 'rep_dropout': 0.1165042427474704, 'train_learning_rate': 0.000230305157542481, 'train_lr_reduce': 0.6}. Best is trial 158 with value: 0.11393879354000092.
[I 2024-12-19 18:26:13,669] Trial 404 finished with value: 0.13136130571365356 and parameters: {'mlp_n_layers': 1, 'mlp_dim_00': 436, 'node_hidden_dim': 53, 'edge_hidden_dim': 61, 'depth': 1, 'rep_dropout': 0.003980428595824747, 'train_learning_rate': 0.002573389526088505, 'train_lr_reduce': 0.6}. Best is trial 158 with value: 0.11393879354000092.
[I 2024-12-19 18:26:20,501] Trial 408 finished with value: 1.142386555671692 and parameters: {'mlp_n_layers': 3, 'mlp_dim_00': 322, 'mlp_dim_01': 244, 'mlp_dim_02': 195, 'node_hidden_dim': 51, 'edge_hidden_dim': 101, 'depth': 4, 'rep_dropout': 0.04929330691341173, 'train_learning_rate': 0.00030052452532492867, 'train_lr_reduce': 0.6}. Best is trial 158 with value: 0.11393879354000092.
[I 2024-12-19 18:26:24,296] Trial 405 finished with value: 0.15957170724868774 and parameters: {'mlp_n_layers': 2, 'mlp_dim_00': 281, 'mlp_dim_01': 507, 'node_hidden_dim': 37, 'edge_hidden_dim': 32, 'depth': 1, 'rep_dropout': 0.0069943693979294605, 'train_learning_rate': 0.008117665798488924, 'train_lr_reduce': 0.6}. Best is trial 158 with value: 0.11393879354000092.
[I 2024-12-19 18:26:33,771] Trial 410 finished with value: 1.1422942876815796 and parameters: {'mlp_n_layers': 3, 'mlp_dim_00': 123, 'mlp_dim_01': 341, 'mlp_dim_02': 366, 'node_hidden_dim': 33, 'edge_hidden_dim': 114, 'depth': 4, 'rep_dropout': 0.03959090731779573, 'train_learning_rate': 0.0001815747794595955, 'train_lr_reduce': 0.6}. Best is trial 158 with value: 0.11393879354000092.
[I 2024-12-19 18:26:39,332] Trial 411 finished with value: 1.1450611352920532 and parameters: {'mlp_n_layers': 2, 'mlp_dim_00': 440, 'mlp_dim_01': 415, 'node_hidden_dim': 126, 'edge_hidden_dim': 53, 'depth': 2, 'rep_dropout': 0.07038916332998855, 'train_learning_rate': 0.0009392705501529894, 'train_lr_reduce': 0.6}. Best is trial 158 with value: 0.11393879354000092.
[I 2024-12-19 18:26:40,100] Trial 407 finished with value: 0.12919969856739044 and parameters: {'mlp_n_layers': 2, 'mlp_dim_00': 336, 'mlp_dim_01': 434, 'node_hidden_dim': 34, 'edge_hidden_dim': 63, 'depth': 1, 'rep_dropout': 0.03859032650444098, 'train_learning_rate': 0.0038871421771642547, 'train_lr_reduce': 0.6}. Best is trial 158 with value: 0.11393879354000092.
[I 2024-12-19 18:26:41,441] Trial 409 finished with value: 0.16310209035873413 and parameters: {'mlp_n_layers': 1, 'mlp_dim_00': 508, 'node_hidden_dim': 37, 'edge_hidden_dim': 100, 'depth': 1, 'rep_dropout': 0.01851539029674174, 'train_learning_rate': 0.002421815733772746, 'train_lr_reduce': 0.6}. Best is trial 158 with value: 0.11393879354000092.
[I 2024-12-19 18:26:47,062] Trial 414 finished with value: 1.142302393913269 and parameters: {'mlp_n_layers': 1, 'mlp_dim_00': 152, 'node_hidden_dim': 32, 'edge_hidden_dim': 87, 'depth': 4, 'rep_dropout': 0.07078172983673675, 'train_learning_rate': 0.0001336985102497926, 'train_lr_reduce': 0.6}. Best is trial 158 with value: 0.11393879354000092.
[I 2024-12-19 18:27:19,351] Trial 413 finished with value: 0.1468876302242279 and parameters: {'mlp_n_layers': 1, 'mlp_dim_00': 368, 'node_hidden_dim': 49, 'edge_hidden_dim': 36, 'depth': 1, 'rep_dropout': 0.0448719634512034, 'train_learning_rate': 0.003989800189030304, 'train_lr_reduce': 0.6}. Best is trial 158 with value: 0.11393879354000092.
[I 2024-12-19 18:27:20,172] Trial 412 finished with value: 0.15009360015392303 and parameters: {'mlp_n_layers': 1, 'mlp_dim_00': 393, 'node_hidden_dim': 34, 'edge_hidden_dim': 50, 'depth': 1, 'rep_dropout': 0.028769729647827674, 'train_learning_rate': 0.007618662355212618, 'train_lr_reduce': 0.6}. Best is trial 158 with value: 0.11393879354000092.
[I 2024-12-19 18:27:25,072] Trial 415 finished with value: 0.1816934496164322 and parameters: {'mlp_n_layers': 1, 'mlp_dim_00': 382, 'node_hidden_dim': 39, 'edge_hidden_dim': 80, 'depth': 1, 'rep_dropout': 0.039466008969074214, 'train_learning_rate': 0.002175338533511699, 'train_lr_reduce': 0.6}. Best is trial 158 with value: 0.11393879354000092.
[I 2024-12-19 18:27:26,713] Trial 417 finished with value: 1.1462448835372925 and parameters: {'mlp_n_layers': 4, 'mlp_dim_00': 109, 'mlp_dim_01': 459, 'mlp_dim_02': 270, 'mlp_dim_03': 142, 'node_hidden_dim': 99, 'edge_hidden_dim': 36, 'depth': 3, 'rep_dropout': 0.07336699053510755, 'train_learning_rate': 0.006528365736869511, 'train_lr_reduce': 0.6}. Best is trial 158 with value: 0.11393879354000092.
[I 2024-12-19 18:27:29,315] Trial 416 finished with value: 0.4473409652709961 and parameters: {'mlp_n_layers': 2, 'mlp_dim_00': 463, 'mlp_dim_01': 362, 'node_hidden_dim': 61, 'edge_hidden_dim': 54, 'depth': 1, 'rep_dropout': 0.020888400719310942, 'train_learning_rate': 0.007641228092043283, 'train_lr_reduce': 0.6}. Best is trial 158 with value: 0.11393879354000092.
[I 2024-12-19 18:27:48,055] Trial 420 finished with value: 0.31828078627586365 and parameters: {'mlp_n_layers': 2, 'mlp_dim_00': 454, 'mlp_dim_01': 395, 'node_hidden_dim': 53, 'edge_hidden_dim': 45, 'depth': 2, 'rep_dropout': 0.01878163833047632, 'train_learning_rate': 0.00737395330035186, 'train_lr_reduce': 0.6}. Best is trial 158 with value: 0.11393879354000092.
