[I 2024-12-19 18:53:14,721] Trial 604 finished with value: 1.14008367061615 and parameters: {'mlp_n_layers': 3, 'mlp_dim_00': 81, 'mlp_dim_01': 418, 'mlp_dim_02': 442, 'node_hidden_dim': 112, 'edge_hidden_dim': 77, 'depth': 4, 'rep_dropout': 0.13498099823188708, 'train_learning_rate': 0.009610412565996316, 'train_lr_reduce': 0.6}. Best is trial 483 with value: 0.11390723288059235.
[I 2024-12-19 18:53:20,998] Trial 602 finished with value: 0.16019341349601746 and parameters: {'mlp_n_layers': 1, 'mlp_dim_00': 328, 'node_hidden_dim': 55, 'edge_hidden_dim': 54, 'depth': 1, 'rep_dropout': 0.04818795490728198, 'train_learning_rate': 0.00370290817390149, 'train_lr_reduce': 0.6}. Best is trial 483 with value: 0.11390723288059235.
[I 2024-12-19 18:53:26,849] Trial 606 finished with value: 1.142311930656433 and parameters: {'mlp_n_layers': 2, 'mlp_dim_00': 309, 'mlp_dim_01': 464, 'node_hidden_dim': 58, 'edge_hidden_dim': 116, 'depth': 4, 'rep_dropout': 0.02779446794237831, 'train_learning_rate': 0.003324834344368984, 'train_lr_reduce': 0.6}. Best is trial 483 with value: 0.11390723288059235.
[I 2024-12-19 18:53:31,806] Trial 607 finished with value: 1.1468316316604614 and parameters: {'mlp_n_layers': 3, 'mlp_dim_00': 80, 'mlp_dim_01': 302, 'mlp_dim_02': 254, 'node_hidden_dim': 70, 'edge_hidden_dim': 102, 'depth': 1, 'rep_dropout': 0.14265113885668668, 'train_learning_rate': 0.0009920858328807678, 'train_lr_reduce': 0.6}. Best is trial 483 with value: 0.11390723288059235.
[I 2024-12-19 18:53:33,217] Trial 603 finished with value: 0.14655958116054535 and parameters: {'mlp_n_layers': 1, 'mlp_dim_00': 321, 'node_hidden_dim': 36, 'edge_hidden_dim': 58, 'depth': 1, 'rep_dropout': 0.08256686215665092, 'train_learning_rate': 0.004167791419516054, 'train_lr_reduce': 0.6}. Best is trial 483 with value: 0.11390723288059235.
[I 2024-12-19 18:53:35,069] Trial 605 finished with value: 0.2902030348777771 and parameters: {'mlp_n_layers': 1, 'mlp_dim_00': 381, 'node_hidden_dim': 54, 'edge_hidden_dim': 44, 'depth': 1, 'rep_dropout': 0.06357591732018923, 'train_learning_rate': 0.008137844770663604, 'train_lr_reduce': 0.6}. Best is trial 483 with value: 0.11390723288059235.
[I 2024-12-19 18:53:36,680] Trial 608 finished with value: 1.1429822444915771 and parameters: {'mlp_n_layers': 2, 'mlp_dim_00': 325, 'mlp_dim_01': 376, 'node_hidden_dim': 36, 'edge_hidden_dim': 35, 'depth': 1, 'rep_dropout': 0.008905028736006718, 'train_learning_rate': 0.002217070495881935, 'train_lr_reduce': 0.6}. Best is trial 483 with value: 0.11390723288059235.
[I 2024-12-19 18:53:42,340] Trial 611 finished with value: 1.1418012380599976 and parameters: {'mlp_n_layers': 1, 'mlp_dim_00': 462, 'node_hidden_dim': 101, 'edge_hidden_dim': 118, 'depth': 4, 'rep_dropout': 0.04868056860823736, 'train_learning_rate': 0.0002587332827082317, 'train_lr_reduce': 0.6}. Best is trial 483 with value: 0.11390723288059235.
[I 2024-12-19 18:53:48,674] Trial 612 finished with value: 1.1435871124267578 and parameters: {'mlp_n_layers': 1, 'mlp_dim_00': 302, 'node_hidden_dim': 104, 'edge_hidden_dim': 60, 'depth': 4, 'rep_dropout': 0.011980558243387146, 'train_learning_rate': 0.00024929496206246664, 'train_lr_reduce': 0.6}. Best is trial 483 with value: 0.11390723288059235.
[I 2024-12-19 18:53:54,140] Trial 613 finished with value: 1.142983078956604 and parameters: {'mlp_n_layers': 2, 'mlp_dim_00': 409, 'mlp_dim_01': 165, 'node_hidden_dim': 35, 'edge_hidden_dim': 55, 'depth': 1, 'rep_dropout': 0.04494001015367728, 'train_learning_rate': 0.0032015310677330246, 'train_lr_reduce': 0.6}. Best is trial 483 with value: 0.11390723288059235.
[I 2024-12-19 18:53:59,955] Trial 614 finished with value: 1.1483486890792847 and parameters: {'mlp_n_layers': 1, 'mlp_dim_00': 458, 'node_hidden_dim': 48, 'edge_hidden_dim': 50, 'depth': 2, 'rep_dropout': 0.08037630778367737, 'train_learning_rate': 0.0011420237237401664, 'train_lr_reduce': 0.6}. Best is trial 483 with value: 0.11390723288059235.
[I 2024-12-19 18:54:04,986] Trial 615 finished with value: 1.1486574411392212 and parameters: {'mlp_n_layers': 1, 'mlp_dim_00': 365, 'node_hidden_dim': 44, 'edge_hidden_dim': 46, 'depth': 2, 'rep_dropout': 0.02908675943795723, 'train_learning_rate': 0.0013590741424255883, 'train_lr_reduce': 0.6}. Best is trial 483 with value: 0.11390723288059235.
[I 2024-12-19 18:54:13,906] Trial 609 finished with value: 0.13834182918071747 and parameters: {'mlp_n_layers': 1, 'mlp_dim_00': 392, 'node_hidden_dim': 38, 'edge_hidden_dim': 41, 'depth': 1, 'rep_dropout': 0.06504094470389385, 'train_learning_rate': 0.005221605889872118, 'train_lr_reduce': 0.6}. Best is trial 483 with value: 0.11390723288059235.
[I 2024-12-19 18:54:18,828] Trial 610 finished with value: 0.16092026233673096 and parameters: {'mlp_n_layers': 1, 'mlp_dim_00': 455, 'node_hidden_dim': 34, 'edge_hidden_dim': 35, 'depth': 1, 'rep_dropout': 0.04350182615514613, 'train_learning_rate': 0.0023103246706876585, 'train_lr_reduce': 0.6}. Best is trial 483 with value: 0.11390723288059235.
[I 2024-12-19 18:54:47,097] Trial 616 finished with value: 0.1287868171930313 and parameters: {'mlp_n_layers': 1, 'mlp_dim_00': 347, 'node_hidden_dim': 38, 'edge_hidden_dim': 46, 'depth': 1, 'rep_dropout': 0.059837960127324424, 'train_learning_rate': 0.004377109472067655, 'train_lr_reduce': 0.6}. Best is trial 483 with value: 0.11390723288059235.
[I 2024-12-19 18:54:56,309] Trial 617 finished with value: 0.14219586551189423 and parameters: {'mlp_n_layers': 1, 'mlp_dim_00': 371, 'node_hidden_dim': 51, 'edge_hidden_dim': 50, 'depth': 1, 'rep_dropout': 0.012651983145668278, 'train_learning_rate': 0.00428931321746899, 'train_lr_reduce': 0.6}. Best is trial 483 with value: 0.11390723288059235.
[I 2024-12-19 18:54:58,054] Trial 618 finished with value: 0.16616253554821014 and parameters: {'mlp_n_layers': 2, 'mlp_dim_00': 86, 'mlp_dim_01': 320, 'node_hidden_dim': 108, 'edge_hidden_dim': 84, 'depth': 1, 'rep_dropout': 0.0822721252416862, 'train_learning_rate': 0.006395742036666175, 'train_lr_reduce': 0.6}. Best is trial 483 with value: 0.11390723288059235.
[I 2024-12-19 18:55:03,958] Trial 621 finished with value: 1.1481993198394775 and parameters: {'mlp_n_layers': 1, 'mlp_dim_00': 312, 'node_hidden_dim': 32, 'edge_hidden_dim': 81, 'depth': 1, 'rep_dropout': 0.03762527167601186, 'train_learning_rate': 0.001046884007895287, 'train_lr_reduce': 0.6}. Best is trial 483 with value: 0.11390723288059235.
[I 2024-12-19 18:55:22,700] Trial 619 finished with value: 0.1459517478942871 and parameters: {'mlp_n_layers': 2, 'mlp_dim_00': 503, 'mlp_dim_01': 460, 'node_hidden_dim': 67, 'edge_hidden_dim': 38, 'depth': 1, 'rep_dropout': 0.025681463597433785, 'train_learning_rate': 0.0037462761730321535, 'train_lr_reduce': 0.6}. Best is trial 483 with value: 0.11390723288059235.
[I 2024-12-19 18:55:23,328] Trial 620 finished with value: 0.1742931753396988 and parameters: {'mlp_n_layers': 1, 'mlp_dim_00': 405, 'node_hidden_dim': 45, 'edge_hidden_dim': 44, 'depth': 1, 'rep_dropout': 0.08391079870765714, 'train_learning_rate': 0.0024581657003996437, 'train_lr_reduce': 0.6}. Best is trial 483 with value: 0.11390723288059235.
[I 2024-12-19 18:55:46,438] Trial 623 finished with value: 0.20863191783428192 and parameters: {'mlp_n_layers': 2, 'mlp_dim_00': 412, 'mlp_dim_01': 395, 'node_hidden_dim': 42, 'edge_hidden_dim': 33, 'depth': 1, 'rep_dropout': 0.06501282866681182, 'train_learning_rate': 0.008878178479389898, 'train_lr_reduce': 0.6}. Best is trial 483 with value: 0.11390723288059235.
[I 2024-12-19 18:55:47,066] Trial 622 finished with value: 0.13166895508766174 and parameters: {'mlp_n_layers': 1, 'mlp_dim_00': 301, 'node_hidden_dim': 38, 'edge_hidden_dim': 33, 'depth': 1, 'rep_dropout': 0.026795485600576402, 'train_learning_rate': 0.0024888964617002956, 'train_lr_reduce': 0.6}. Best is trial 483 with value: 0.11390723288059235.
[I 2024-12-19 18:56:01,834] Trial 624 finished with value: 0.16800163686275482 and parameters: {'mlp_n_layers': 1, 'mlp_dim_00': 337, 'node_hidden_dim': 49, 'edge_hidden_dim': 55, 'depth': 1, 'rep_dropout': 0.049430138629277594, 'train_learning_rate': 0.007909344039930414, 'train_lr_reduce': 0.6}. Best is trial 483 with value: 0.11390723288059235.
[I 2024-12-19 18:56:07,308] Trial 627 finished with value: 1.147576093673706 and parameters: {'mlp_n_layers': 4, 'mlp_dim_00': 149, 'mlp_dim_01': 509, 'mlp_dim_02': 179, 'mlp_dim_03': 415, 'node_hidden_dim': 90, 'edge_hidden_dim': 70, 'depth': 2, 'rep_dropout': 0.10389384548656512, 'train_learning_rate': 0.0022285707955167202, 'train_lr_reduce': 0.6}. Best is trial 483 with value: 0.11390723288059235.
[I 2024-12-19 18:56:12,547] Trial 628 finished with value: 1.1420891284942627 and parameters: {'mlp_n_layers': 1, 'mlp_dim_00': 70, 'node_hidden_dim': 91, 'edge_hidden_dim': 128, 'depth': 2, 'rep_dropout': 0.12744769367860515, 'train_learning_rate': 0.000759090189333932, 'train_lr_reduce': 0.6}. Best is trial 483 with value: 0.11390723288059235.
[I 2024-12-19 18:56:27,344] Trial 625 finished with value: 0.12822823226451874 and parameters: {'mlp_n_layers': 1, 'mlp_dim_00': 404, 'node_hidden_dim': 36, 'edge_hidden_dim': 33, 'depth': 1, 'rep_dropout': 0.031130330887765907, 'train_learning_rate': 0.004046845563782147, 'train_lr_reduce': 0.6}. Best is trial 483 with value: 0.11390723288059235.
[I 2024-12-19 18:56:30,829] Trial 626 finished with value: 0.13570868968963623 and parameters: {'mlp_n_layers': 1, 'mlp_dim_00': 283, 'node_hidden_dim': 36, 'edge_hidden_dim': 65, 'depth': 1, 'rep_dropout': 0.04406706304386186, 'train_learning_rate': 0.0024817112327734886, 'train_lr_reduce': 0.6}. Best is trial 483 with value: 0.11390723288059235.
[I 2024-12-19 18:56:52,411] Trial 629 finished with value: 0.18379303812980652 and parameters: {'mlp_n_layers': 1, 'mlp_dim_00': 391, 'node_hidden_dim': 49, 'edge_hidden_dim': 53, 'depth': 1, 'rep_dropout': 0.03750530030826841, 'train_learning_rate': 0.00427187363205949, 'train_lr_reduce': 0.6}. Best is trial 483 with value: 0.11390723288059235.
[I 2024-12-19 18:57:03,974] Trial 630 finished with value: 0.21071790158748627 and parameters: {'mlp_n_layers': 1, 'mlp_dim_00': 502, 'node_hidden_dim': 61, 'edge_hidden_dim': 44, 'depth': 1, 'rep_dropout': 0.04776925853101606, 'train_learning_rate': 0.008235260751349649, 'train_lr_reduce': 0.6}. Best is trial 483 with value: 0.11390723288059235.
[I 2024-12-19 18:57:04,237] Trial 631 finished with value: 0.17105641961097717 and parameters: {'mlp_n_layers': 1, 'mlp_dim_00': 200, 'node_hidden_dim': 44, 'edge_hidden_dim': 68, 'depth': 1, 'rep_dropout': 0.01745351948440023, 'train_learning_rate': 0.005471762164829728, 'train_lr_reduce': 0.6}. Best is trial 483 with value: 0.11390723288059235.
[I 2024-12-19 18:57:07,301] Trial 632 finished with value: 0.25504159927368164 and parameters: {'mlp_n_layers': 1, 'mlp_dim_00': 367, 'node_hidden_dim': 53, 'edge_hidden_dim': 40, 'depth': 1, 'rep_dropout': 0.002994121858039782, 'train_learning_rate': 0.004306954571552389, 'train_lr_reduce': 0.6}. Best is trial 483 with value: 0.11390723288059235.
[I 2024-12-19 18:57:11,036] Trial 633 finished with value: 1.1450048685073853 and parameters: {'mlp_n_layers': 3, 'mlp_dim_00': 377, 'mlp_dim_01': 253, 'mlp_dim_02': 394, 'node_hidden_dim': 123, 'edge_hidden_dim': 63, 'depth': 4, 'rep_dropout': 0.015914029320756327, 'train_learning_rate': 0.0006356454774160669, 'train_lr_reduce': 0.6}. Best is trial 483 with value: 0.11390723288059235.
[I 2024-12-19 18:57:14,924] Trial 635 finished with value: 1.1422020196914673 and parameters: {'mlp_n_layers': 3, 'mlp_dim_00': 285, 'mlp_dim_01': 348, 'mlp_dim_02': 297, 'node_hidden_dim': 88, 'edge_hidden_dim': 126, 'depth': 4, 'rep_dropout': 0.12027744994171896, 'train_learning_rate': 0.0001506483403429341, 'train_lr_reduce': 0.6}. Best is trial 483 with value: 0.11390723288059235.
[I 2024-12-19 18:57:36,999] Trial 636 finished with value: 0.16841097176074982 and parameters: {'mlp_n_layers': 1, 'mlp_dim_00': 326, 'node_hidden_dim': 35, 'edge_hidden_dim': 57, 'depth': 1, 'rep_dropout': 0.03893480776862152, 'train_learning_rate': 0.0026373236231386765, 'train_lr_reduce': 0.6}. Best is trial 483 with value: 0.11390723288059235.
[I 2024-12-19 18:57:45,765] Trial 634 finished with value: 0.1322205513715744 and parameters: {'mlp_n_layers': 2, 'mlp_dim_00': 259, 'mlp_dim_01': 413, 'node_hidden_dim': 70, 'edge_hidden_dim': 40, 'depth': 1, 'rep_dropout': 0.028643949146028115, 'train_learning_rate': 0.00872055506099546, 'train_lr_reduce': 0.6}. Best is trial 483 with value: 0.11390723288059235.
[I 2024-12-19 18:57:52,648] Trial 638 finished with value: 0.3108324408531189 and parameters: {'mlp_n_layers': 1, 'mlp_dim_00': 510, 'node_hidden_dim': 56, 'edge_hidden_dim': 58, 'depth': 1, 'rep_dropout': 0.0024513167620824894, 'train_learning_rate': 0.009935906174946883, 'train_lr_reduce': 0.6}. Best is trial 483 with value: 0.11390723288059235.
[I 2024-12-19 18:57:57,565] Trial 637 finished with value: 0.17678752541542053 and parameters: {'mlp_n_layers': 2, 'mlp_dim_00': 454, 'mlp_dim_01': 206, 'node_hidden_dim': 46, 'edge_hidden_dim': 35, 'depth': 1, 'rep_dropout': 0.056060504014569995, 'train_learning_rate': 0.002110533544624211, 'train_lr_reduce': 0.6}. Best is trial 483 with value: 0.11390723288059235.
[I 2024-12-19 18:57:58,877] Trial 640 finished with value: 1.152098536491394 and parameters: {'mlp_n_layers': 1, 'mlp_dim_00': 247, 'node_hidden_dim': 127, 'edge_hidden_dim': 70, 'depth': 3, 'rep_dropout': 0.0728902932399493, 'train_learning_rate': 0.0018972824238161637, 'train_lr_reduce': 0.6}. Best is trial 483 with value: 0.11390723288059235.
[I 2024-12-19 18:58:19,112] Trial 642 finished with value: 0.22387327253818512 and parameters: {'mlp_n_layers': 2, 'mlp_dim_00': 356, 'mlp_dim_01': 303, 'node_hidden_dim': 59, 'edge_hidden_dim': 62, 'depth': 1, 'rep_dropout': 0.06314773062332947, 'train_learning_rate': 0.0031755427575749485, 'train_lr_reduce': 0.6}. Best is trial 483 with value: 0.11390723288059235.
[I 2024-12-19 18:58:22,038] Trial 641 finished with value: 0.23484328389167786 and parameters: {'mlp_n_layers': 1, 'mlp_dim_00': 275, 'node_hidden_dim': 56, 'edge_hidden_dim': 56, 'depth': 2, 'rep_dropout': 0.005472796005097067, 'train_learning_rate': 0.005768695504447786, 'train_lr_reduce': 0.6}. Best is trial 483 with value: 0.11390723288059235.
[I 2024-12-19 18:58:28,918] Trial 639 finished with value: 0.13269178569316864 and parameters: {'mlp_n_layers': 1, 'mlp_dim_00': 288, 'node_hidden_dim': 33, 'edge_hidden_dim': 45, 'depth': 1, 'rep_dropout': 0.04866480817404351, 'train_learning_rate': 0.006009139303495536, 'train_lr_reduce': 0.6}. Best is trial 483 with value: 0.11390723288059235.
[I 2024-12-19 18:58:29,737] Trial 644 finished with value: 1.1421700716018677 and parameters: {'mlp_n_layers': 4, 'mlp_dim_00': 315, 'mlp_dim_01': 452, 'mlp_dim_02': 123, 'mlp_dim_03': 269, 'node_hidden_dim': 44, 'edge_hidden_dim': 41, 'depth': 1, 'rep_dropout': 0.12368911021950862, 'train_learning_rate': 0.00010321543218602166, 'train_lr_reduce': 0.6}. Best is trial 483 with value: 0.11390723288059235.
[I 2024-12-19 18:58:37,139] Trial 646 finished with value: 1.1422977447509766 and parameters: {'mlp_n_layers': 3, 'mlp_dim_00': 415, 'mlp_dim_01': 510, 'mlp_dim_02': 465, 'node_hidden_dim': 114, 'edge_hidden_dim': 74, 'depth': 4, 'rep_dropout': 0.06297013106854639, 'train_learning_rate': 0.00011839227720940167, 'train_lr_reduce': 0.6}. Best is trial 483 with value: 0.11390723288059235.
[I 2024-12-19 18:58:40,375] Trial 645 finished with value: 0.6813625693321228 and parameters: {'mlp_n_layers': 1, 'mlp_dim_00': 454, 'node_hidden_dim': 36, 'edge_hidden_dim': 35, 'depth': 1, 'rep_dropout': 0.028197505707231292, 'train_learning_rate': 0.009388976519889788, 'train_lr_reduce': 0.6}. Best is trial 483 with value: 0.11390723288059235.
[I 2024-12-19 18:58:41,976] Trial 647 finished with value: 1.142676830291748 and parameters: {'mlp_n_layers': 1, 'mlp_dim_00': 503, 'node_hidden_dim': 32, 'edge_hidden_dim': 77, 'depth': 1, 'rep_dropout': 0.05301464150360023, 'train_learning_rate': 0.0022762853675606324, 'train_lr_reduce': 0.6}. Best is trial 483 with value: 0.11390723288059235.
[I 2024-12-19 18:58:45,595] Trial 648 finished with value: 1.141950011253357 and parameters: {'mlp_n_layers': 1, 'mlp_dim_00': 303, 'node_hidden_dim': 44, 'edge_hidden_dim': 66, 'depth': 2, 'rep_dropout': 0.08586136695016015, 'train_learning_rate': 0.0007909556095236915, 'train_lr_reduce': 0.6}. Best is trial 483 with value: 0.11390723288059235.
[I 2024-12-19 18:58:48,095] Trial 649 finished with value: 1.1424063444137573 and parameters: {'mlp_n_layers': 3, 'mlp_dim_00': 487, 'mlp_dim_01': 127, 'mlp_dim_02': 248, 'node_hidden_dim': 85, 'edge_hidden_dim': 120, 'depth': 3, 'rep_dropout': 0.1396276216921451, 'train_learning_rate': 0.004871862688238138, 'train_lr_reduce': 0.6}. Best is trial 483 with value: 0.11390723288059235.
[I 2024-12-19 18:59:01,607] Trial 643 finished with value: 0.135843425989151 and parameters: {'mlp_n_layers': 1, 'mlp_dim_00': 401, 'node_hidden_dim': 33, 'edge_hidden_dim': 50, 'depth': 1, 'rep_dropout': 0.062090906199852025, 'train_learning_rate': 0.002133128834558659, 'train_lr_reduce': 0.6}. Best is trial 483 with value: 0.11390723288059235.
[I 2024-12-19 18:59:05,704] Trial 651 finished with value: 0.6171576380729675 and parameters: {'mlp_n_layers': 2, 'mlp_dim_00': 331, 'mlp_dim_01': 376, 'node_hidden_dim': 120, 'edge_hidden_dim': 97, 'depth': 1, 'rep_dropout': 0.027360574010588674, 'train_learning_rate': 0.006560245654602332, 'train_lr_reduce': 0.6}. Best is trial 483 with value: 0.11390723288059235.
[I 2024-12-19 18:59:11,271] Trial 653 finished with value: 1.142561912536621 and parameters: {'mlp_n_layers': 3, 'mlp_dim_00': 278, 'mlp_dim_01': 67, 'mlp_dim_02': 510, 'node_hidden_dim': 92, 'edge_hidden_dim': 101, 'depth': 1, 'rep_dropout': 0.060450118926502566, 'train_learning_rate': 0.000484227103811503, 'train_lr_reduce': 0.6}. Best is trial 483 with value: 0.11390723288059235.
[I 2024-12-19 18:59:12,820] Trial 650 finished with value: 0.1942211538553238 and parameters: {'mlp_n_layers': 1, 'mlp_dim_00': 340, 'node_hidden_dim': 55, 'edge_hidden_dim': 48, 'depth': 1, 'rep_dropout': 0.0287392890789016, 'train_learning_rate': 0.0018739845557041721, 'train_lr_reduce': 0.6}. Best is trial 483 with value: 0.11390723288059235.
[I 2024-12-19 18:59:16,986] Trial 654 finished with value: 1.1452937126159668 and parameters: {'mlp_n_layers': 1, 'mlp_dim_00': 393, 'node_hidden_dim': 41, 'edge_hidden_dim': 96, 'depth': 3, 'rep_dropout': 0.1087308103971727, 'train_learning_rate': 0.001102331220625926, 'train_lr_reduce': 0.6}. Best is trial 483 with value: 0.11390723288059235.
[I 2024-12-19 18:59:18,344] Trial 655 finished with value: 1.1441553831100464 and parameters: {'mlp_n_layers': 1, 'mlp_dim_00': 444, 'node_hidden_dim': 33, 'edge_hidden_dim': 41, 'depth': 1, 'rep_dropout': 0.02403194484300244, 'train_learning_rate': 0.0033765905254171534, 'train_lr_reduce': 0.6}. Best is trial 483 with value: 0.11390723288059235.
[I 2024-12-19 18:59:33,119] Trial 652 finished with value: 0.21418526768684387 and parameters: {'mlp_n_layers': 1, 'mlp_dim_00': 369, 'node_hidden_dim': 40, 'edge_hidden_dim': 50, 'depth': 1, 'rep_dropout': 0.04179495870747196, 'train_learning_rate': 0.006337444649626831, 'train_lr_reduce': 0.6}. Best is trial 483 with value: 0.11390723288059235.
[I 2024-12-19 18:59:57,859] Trial 656 finished with value: 0.23486244678497314 and parameters: {'mlp_n_layers': 1, 'mlp_dim_00': 277, 'node_hidden_dim': 65, 'edge_hidden_dim': 39, 'depth': 1, 'rep_dropout': 0.08739220476235965, 'train_learning_rate': 0.005190931986809111, 'train_lr_reduce': 0.6}. Best is trial 483 with value: 0.11390723288059235.
[I 2024-12-19 19:00:04,576] Trial 657 finished with value: 0.37984609603881836 and parameters: {'mlp_n_layers': 1, 'mlp_dim_00': 353, 'node_hidden_dim': 48, 'edge_hidden_dim': 44, 'depth': 2, 'rep_dropout': 0.005818213989110518, 'train_learning_rate': 0.006176046726920927, 'train_lr_reduce': 0.6}. Best is trial 483 with value: 0.11390723288059235.
[I 2024-12-19 19:00:15,174] Trial 658 finished with value: 0.13020147383213043 and parameters: {'mlp_n_layers': 1, 'mlp_dim_00': 454, 'node_hidden_dim': 57, 'edge_hidden_dim': 59, 'depth': 1, 'rep_dropout': 0.05155464906485563, 'train_learning_rate': 0.00275874173258876, 'train_lr_reduce': 0.6}. Best is trial 483 with value: 0.11390723288059235.
[I 2024-12-19 19:00:32,545] Trial 660 finished with value: 0.7204797863960266 and parameters: {'mlp_n_layers': 3, 'mlp_dim_00': 371, 'mlp_dim_01': 263, 'mlp_dim_02': 342, 'node_hidden_dim': 105, 'edge_hidden_dim': 91, 'depth': 1, 'rep_dropout': 0.12132247687394829, 'train_learning_rate': 0.007791101748324022, 'train_lr_reduce': 0.6}. Best is trial 483 with value: 0.11390723288059235.
[I 2024-12-19 19:00:39,259] Trial 659 finished with value: 0.16358530521392822 and parameters: {'mlp_n_layers': 1, 'mlp_dim_00': 373, 'node_hidden_dim': 42, 'edge_hidden_dim': 54, 'depth': 1, 'rep_dropout': 0.053904386163531715, 'train_learning_rate': 0.0018872091120210879, 'train_lr_reduce': 0.6}. Best is trial 483 with value: 0.11390723288059235.
[I 2024-12-19 19:00:43,986] Trial 663 finished with value: 1.1430941820144653 and parameters: {'mlp_n_layers': 2, 'mlp_dim_00': 493, 'mlp_dim_01': 423, 'node_hidden_dim': 37, 'edge_hidden_dim': 35, 'depth': 2, 'rep_dropout': 0.041737155791553224, 'train_learning_rate': 0.0069536252823878385, 'train_lr_reduce': 0.6}. Best is trial 483 with value: 0.11390723288059235.
[I 2024-12-19 19:00:47,696] Trial 661 finished with value: 0.21013058722019196 and parameters: {'mlp_n_layers': 1, 'mlp_dim_00': 373, 'node_hidden_dim': 32, 'edge_hidden_dim': 48, 'depth': 1, 'rep_dropout': 0.003915328922216691, 'train_learning_rate': 0.005402931167235216, 'train_lr_reduce': 0.6}. Best is trial 483 with value: 0.11390723288059235.
