[I 2024-12-04 17:45:25,711] Trial 1151 finished with value: 0.31922859912938145 and parameters: {'n_estimators': 901, 'max_depth': 6, 'learning_rate': 0.07350677676357974, 'subsample': 0.7706221612212197, 'colsample_bytree': 0.7174263578484457, 'min_child_weight': 2, 'gamma': 0.0007246128246332631, 'reg_alpha': 6.67028956315396e-05, 'reg_lambda': 0.013990613772367787}. Best is trial 1107 with value: 0.3070487250637337.
[I 2024-12-04 17:45:27,174] Trial 1152 finished with value: 0.3168218353709814 and parameters: {'n_estimators': 904, 'max_depth': 6, 'learning_rate': 0.07263349517493484, 'subsample': 0.7678815150246837, 'colsample_bytree': 0.7186108959907358, 'min_child_weight': 2, 'gamma': 0.0006975488035803151, 'reg_alpha': 4.95080827315357e-05, 'reg_lambda': 0.011968763806890895}. Best is trial 1107 with value: 0.3070487250637337.
[I 2024-12-04 17:45:28,666] Trial 1153 finished with value: 0.31911329580540165 and parameters: {'n_estimators': 884, 'max_depth': 6, 'learning_rate': 0.07360058411242022, 'subsample': 0.7667274481030589, 'colsample_bytree': 0.7228080268650627, 'min_child_weight': 2, 'gamma': 0.000735223430868697, 'reg_alpha': 7.225290815025221e-05, 'reg_lambda': 0.015822508697672946}. Best is trial 1107 with value: 0.3070487250637337.
[I 2024-12-04 17:45:30,145] Trial 1154 finished with value: 0.3163538555267289 and parameters: {'n_estimators': 876, 'max_depth': 6, 'learning_rate': 0.07371801407211262, 'subsample': 0.7668230884190688, 'colsample_bytree': 0.7236392250566148, 'min_child_weight': 2, 'gamma': 0.0008318186296838925, 'reg_alpha': 7.495245272053421e-05, 'reg_lambda': 0.012429623141613715}. Best is trial 1107 with value: 0.3070487250637337.
[I 2024-12-04 17:45:31,631] Trial 1155 finished with value: 0.3123454340080925 and parameters: {'n_estimators': 905, 'max_depth': 6, 'learning_rate': 0.07342878182934366, 'subsample': 0.7695280734992623, 'colsample_bytree': 0.7192102952929147, 'min_child_weight': 2, 'gamma': 0.0008574128637911487, 'reg_alpha': 9.069709567130604e-05, 'reg_lambda': 0.01248002947511402}. Best is trial 1107 with value: 0.3070487250637337.
[I 2024-12-04 17:45:33,069] Trial 1156 finished with value: 0.3162539734384346 and parameters: {'n_estimators': 891, 'max_depth': 6, 'learning_rate': 0.07215914841552419, 'subsample': 0.7705381270711562, 'colsample_bytree': 0.7172599079679143, 'min_child_weight': 2, 'gamma': 0.0007298473315154763, 'reg_alpha': 5.890569093836849e-05, 'reg_lambda': 0.013463916291560685}. Best is trial 1107 with value: 0.3070487250637337.
[I 2024-12-04 17:45:34,524] Trial 1157 finished with value: 0.31658113190416337 and parameters: {'n_estimators': 877, 'max_depth': 6, 'learning_rate': 0.07335446921932597, 'subsample': 0.7704267900147537, 'colsample_bytree': 0.7242162444369851, 'min_child_weight': 2, 'gamma': 0.0007691449593891655, 'reg_alpha': 7.354475701607094e-05, 'reg_lambda': 0.012902029437015659}. Best is trial 1107 with value: 0.3070487250637337.
[I 2024-12-04 17:45:36,019] Trial 1158 finished with value: 0.31649060392671946 and parameters: {'n_estimators': 899, 'max_depth': 6, 'learning_rate': 0.07191313738460867, 'subsample': 0.7683053958826345, 'colsample_bytree': 0.7209972740299693, 'min_child_weight': 2, 'gamma': 0.0008608837434753501, 'reg_alpha': 5.360670646971756e-05, 'reg_lambda': 0.013891935950991766}. Best is trial 1107 with value: 0.3070487250637337.
[I 2024-12-04 17:45:37,580] Trial 1159 finished with value: 0.3142079481341575 and parameters: {'n_estimators': 902, 'max_depth': 6, 'learning_rate': 0.07235479663722377, 'subsample': 0.7722622294574422, 'colsample_bytree': 0.7180698256337283, 'min_child_weight': 2, 'gamma': 0.0008768019311819308, 'reg_alpha': 4.684955566369753e-05, 'reg_lambda': 0.014046583291476478}. Best is trial 1107 with value: 0.3070487250637337.
[I 2024-12-04 17:45:39,074] Trial 1160 finished with value: 0.3095607775154597 and parameters: {'n_estimators': 890, 'max_depth': 6, 'learning_rate': 0.07192876954547524, 'subsample': 0.7693515903678398, 'colsample_bytree': 0.7254980888876414, 'min_child_weight': 2, 'gamma': 0.0009594202444263859, 'reg_alpha': 6.679020878940363e-05, 'reg_lambda': 0.01475387605991225}. Best is trial 1107 with value: 0.3070487250637337.
[I 2024-12-04 17:45:40,715] Trial 1161 finished with value: 0.3217893705404133 and parameters: {'n_estimators': 892, 'max_depth': 6, 'learning_rate': 0.07223269643646613, 'subsample': 0.7700472420849868, 'colsample_bytree': 0.7199816383101867, 'min_child_weight': 2, 'gamma': 0.0008838697595595475, 'reg_alpha': 9.267110903192889e-05, 'reg_lambda': 0.011043081663652728}. Best is trial 1107 with value: 0.3070487250637337.
[I 2024-12-04 17:45:42,234] Trial 1162 finished with value: 0.3148267288753174 and parameters: {'n_estimators': 905, 'max_depth': 6, 'learning_rate': 0.07325029677296795, 'subsample': 0.770507047829822, 'colsample_bytree': 0.7202774334459858, 'min_child_weight': 2, 'gamma': 0.0009511971280943177, 'reg_alpha': 7.498855893764197e-05, 'reg_lambda': 0.014127834403847605}. Best is trial 1107 with value: 0.3070487250637337.
[I 2024-12-04 17:45:43,670] Trial 1163 finished with value: 0.31340690698243256 and parameters: {'n_estimators': 911, 'max_depth': 6, 'learning_rate': 0.07242241119107837, 'subsample': 0.7664811311057175, 'colsample_bytree': 0.7193865332228178, 'min_child_weight': 2, 'gamma': 0.0010017422716082584, 'reg_alpha': 7.847256891778097e-05, 'reg_lambda': 0.013124173903141929}. Best is trial 1107 with value: 0.3070487250637337.
[I 2024-12-04 17:45:45,125] Trial 1164 finished with value: 0.3115875734975643 and parameters: {'n_estimators': 895, 'max_depth': 6, 'learning_rate': 0.07303271874153129, 'subsample': 0.7735910156540621, 'colsample_bytree': 0.7169139038864921, 'min_child_weight': 2, 'gamma': 0.000786674708772879, 'reg_alpha': 8.272354227983916e-05, 'reg_lambda': 0.012322211117969386}. Best is trial 1107 with value: 0.3070487250637337.
[I 2024-12-04 17:45:46,559] Trial 1165 finished with value: 0.30684956478914405 and parameters: {'n_estimators': 903, 'max_depth': 6, 'learning_rate': 0.07196130726961822, 'subsample': 0.7708335653233451, 'colsample_bytree': 0.7175119644457967, 'min_child_weight': 2, 'gamma': 0.0009007896040163358, 'reg_alpha': 7.773720612271053e-05, 'reg_lambda': 0.013358975447971985}. Best is trial 1165 with value: 0.30684956478914405.
[I 2024-12-04 17:45:48,012] Trial 1166 finished with value: 0.3187280859114456 and parameters: {'n_estimators': 892, 'max_depth': 6, 'learning_rate': 0.07267957513848937, 'subsample': 0.7665602742658808, 'colsample_bytree': 0.7237608180587397, 'min_child_weight': 2, 'gamma': 0.0010061387314065202, 'reg_alpha': 7.431874646218807e-05, 'reg_lambda': 0.01067854270896236}. Best is trial 1165 with value: 0.30684956478914405.
[I 2024-12-04 17:45:49,502] Trial 1167 finished with value: 0.31287039994517396 and parameters: {'n_estimators': 918, 'max_depth': 6, 'learning_rate': 0.07259467296401553, 'subsample': 0.7701651768013446, 'colsample_bytree': 0.7201839692582996, 'min_child_weight': 2, 'gamma': 0.0007147547745481908, 'reg_alpha': 5.925015919340345e-05, 'reg_lambda': 0.011252573643642618}. Best is trial 1165 with value: 0.30684956478914405.
[I 2024-12-04 17:45:50,913] Trial 1168 finished with value: 0.3130996352300458 and parameters: {'n_estimators': 884, 'max_depth': 6, 'learning_rate': 0.072604594205324, 'subsample': 0.7686779239875978, 'colsample_bytree': 0.7187363399098973, 'min_child_weight': 2, 'gamma': 0.0007620783979628115, 'reg_alpha': 7.07561403307809e-05, 'reg_lambda': 0.013414768991403939}. Best is trial 1165 with value: 0.30684956478914405.
[I 2024-12-04 17:45:52,475] Trial 1169 finished with value: 0.3130752246371847 and parameters: {'n_estimators': 884, 'max_depth': 6, 'learning_rate': 0.07245261639958245, 'subsample': 0.7708329517081368, 'colsample_bytree': 0.7196538728237153, 'min_child_weight': 2, 'gamma': 0.0008979605117789539, 'reg_alpha': 8.12596133894397e-05, 'reg_lambda': 0.012202074258158358}. Best is trial 1165 with value: 0.30684956478914405.
[I 2024-12-04 17:45:53,996] Trial 1170 finished with value: 0.3176582892659932 and parameters: {'n_estimators': 910, 'max_depth': 6, 'learning_rate': 0.07311934291894814, 'subsample': 0.7695779106562837, 'colsample_bytree': 0.7194033004157573, 'min_child_weight': 2, 'gamma': 0.0006977522090836561, 'reg_alpha': 5.609001458071184e-05, 'reg_lambda': 0.01465277315102923}. Best is trial 1165 with value: 0.30684956478914405.
[I 2024-12-04 17:45:55,447] Trial 1171 finished with value: 0.318046341671021 and parameters: {'n_estimators': 896, 'max_depth': 6, 'learning_rate': 0.07253421518201887, 'subsample': 0.7714703966400404, 'colsample_bytree': 0.7183543988044345, 'min_child_weight': 2, 'gamma': 0.0009137614692927926, 'reg_alpha': 8.812749431787615e-05, 'reg_lambda': 0.013434418054957984}. Best is trial 1165 with value: 0.30684956478914405.
[I 2024-12-04 17:45:56,892] Trial 1172 finished with value: 0.3147279576532289 and parameters: {'n_estimators': 904, 'max_depth': 6, 'learning_rate': 0.07242395662097255, 'subsample': 0.7684884084448349, 'colsample_bytree': 0.7190004068075768, 'min_child_weight': 2, 'gamma': 0.0008215077235805672, 'reg_alpha': 5.4528422159129916e-05, 'reg_lambda': 0.01355597476701596}. Best is trial 1165 with value: 0.30684956478914405.
[I 2024-12-04 17:45:58,381] Trial 1173 finished with value: 0.31770879903754157 and parameters: {'n_estimators': 905, 'max_depth': 6, 'learning_rate': 0.0723570827964037, 'subsample': 0.7711374964839781, 'colsample_bytree': 0.7215264139954786, 'min_child_weight': 2, 'gamma': 0.0009187867577521703, 'reg_alpha': 8.563925811184189e-05, 'reg_lambda': 0.011967645428318309}. Best is trial 1165 with value: 0.30684956478914405.
[I 2024-12-04 17:45:59,795] Trial 1174 finished with value: 0.3165463257027929 and parameters: {'n_estimators': 889, 'max_depth': 6, 'learning_rate': 0.07185031845221809, 'subsample': 0.771934504737785, 'colsample_bytree': 0.718531010221458, 'min_child_weight': 2, 'gamma': 0.0009889306877950614, 'reg_alpha': 9.0269813454592e-05, 'reg_lambda': 0.011802327745194052}. Best is trial 1165 with value: 0.30684956478914405.
[I 2024-12-04 17:46:01,223] Trial 1175 finished with value: 0.3145002161383276 and parameters: {'n_estimators': 905, 'max_depth': 6, 'learning_rate': 0.07265272472373478, 'subsample': 0.7694715185471812, 'colsample_bytree': 0.7136877720308825, 'min_child_weight': 2, 'gamma': 0.0008594572934280959, 'reg_alpha': 8.553594711993741e-05, 'reg_lambda': 0.013253443612045114}. Best is trial 1165 with value: 0.30684956478914405.
[I 2024-12-04 17:46:02,667] Trial 1176 finished with value: 0.31369100880019535 and parameters: {'n_estimators': 902, 'max_depth': 6, 'learning_rate': 0.07264058331035113, 'subsample': 0.7722261710906227, 'colsample_bytree': 0.7186607269353268, 'min_child_weight': 2, 'gamma': 0.0009332231490142958, 'reg_alpha': 6.971413353389906e-05, 'reg_lambda': 0.012231438320524207}. Best is trial 1165 with value: 0.30684956478914405.
[I 2024-12-04 17:46:04,166] Trial 1177 finished with value: 0.3176288002594518 and parameters: {'n_estimators': 913, 'max_depth': 6, 'learning_rate': 0.073930432079163, 'subsample': 0.7698135556148029, 'colsample_bytree': 0.7124406848216117, 'min_child_weight': 2, 'gamma': 0.0008026582525695232, 'reg_alpha': 9.250411144653441e-05, 'reg_lambda': 0.015187460968237209}. Best is trial 1165 with value: 0.30684956478914405.
[I 2024-12-04 17:46:05,838] Trial 1178 finished with value: 0.31716353578570455 and parameters: {'n_estimators': 905, 'max_depth': 6, 'learning_rate': 0.07266025390016612, 'subsample': 0.7684001931356181, 'colsample_bytree': 0.7199930635151631, 'min_child_weight': 2, 'gamma': 0.0007820844659234073, 'reg_alpha': 6.216441585541993e-05, 'reg_lambda': 0.013440221682387595}. Best is trial 1165 with value: 0.30684956478914405.
[I 2024-12-04 17:46:07,375] Trial 1179 finished with value: 0.3181786533775323 and parameters: {'n_estimators': 886, 'max_depth': 6, 'learning_rate': 0.07305240867568864, 'subsample': 0.7685441666379724, 'colsample_bytree': 0.7196157445160833, 'min_child_weight': 2, 'gamma': 0.0008701277448008978, 'reg_alpha': 7.27441761419e-05, 'reg_lambda': 0.012104763713036834}. Best is trial 1165 with value: 0.30684956478914405.
[I 2024-12-04 17:46:08,850] Trial 1180 finished with value: 0.31597915745690486 and parameters: {'n_estimators': 916, 'max_depth': 6, 'learning_rate': 0.07289922312301836, 'subsample': 0.768985545197481, 'colsample_bytree': 0.7158717596164293, 'min_child_weight': 2, 'gamma': 0.0008487385325206692, 'reg_alpha': 6.335077856577054e-05, 'reg_lambda': 0.012192671772210782}. Best is trial 1165 with value: 0.30684956478914405.
[I 2024-12-04 17:46:10,327] Trial 1181 finished with value: 0.3133867043138738 and parameters: {'n_estimators': 899, 'max_depth': 6, 'learning_rate': 0.07164822782063048, 'subsample': 0.7729190125959818, 'colsample_bytree': 0.7172557887993668, 'min_child_weight': 2, 'gamma': 0.0009651417030694151, 'reg_alpha': 8.09795719596949e-05, 'reg_lambda': 0.012069189588026052}. Best is trial 1165 with value: 0.30684956478914405.
[I 2024-12-04 17:46:11,778] Trial 1182 finished with value: 0.31631268637538096 and parameters: {'n_estimators': 891, 'max_depth': 6, 'learning_rate': 0.07510328439070878, 'subsample': 0.7667699823370233, 'colsample_bytree': 0.7168238326795195, 'min_child_weight': 2, 'gamma': 0.0007758830075538232, 'reg_alpha': 8.521577308996351e-05, 'reg_lambda': 0.013754701394626758}. Best is trial 1165 with value: 0.30684956478914405.
[I 2024-12-04 17:46:13,253] Trial 1183 finished with value: 0.32038795845085466 and parameters: {'n_estimators': 892, 'max_depth': 6, 'learning_rate': 0.07252936916214697, 'subsample': 0.771592309785446, 'colsample_bytree': 0.7165469058762617, 'min_child_weight': 2, 'gamma': 0.0008411461787432388, 'reg_alpha': 8.092268246153379e-05, 'reg_lambda': 0.012578620457798563}. Best is trial 1165 with value: 0.30684956478914405.
[I 2024-12-04 17:46:14,740] Trial 1184 finished with value: 0.3094852750594365 and parameters: {'n_estimators': 914, 'max_depth': 6, 'learning_rate': 0.07336075982390061, 'subsample': 0.769483051266563, 'colsample_bytree': 0.7177084197474337, 'min_child_weight': 2, 'gamma': 0.0008054653116009263, 'reg_alpha': 6.667478835093436e-05, 'reg_lambda': 0.013905879160776652}. Best is trial 1165 with value: 0.30684956478914405.
[I 2024-12-04 17:46:16,237] Trial 1185 finished with value: 0.31156019906692806 and parameters: {'n_estimators': 898, 'max_depth': 6, 'learning_rate': 0.07222091202794884, 'subsample': 0.7712279913970165, 'colsample_bytree': 0.7153411161701768, 'min_child_weight': 2, 'gamma': 0.0008982794198906203, 'reg_alpha': 8.296603942126316e-05, 'reg_lambda': 0.011334712213750507}. Best is trial 1165 with value: 0.30684956478914405.
[I 2024-12-04 17:46:17,751] Trial 1186 finished with value: 0.3144856508420012 and parameters: {'n_estimators': 904, 'max_depth': 6, 'learning_rate': 0.07222221218202339, 'subsample': 0.7732793684332422, 'colsample_bytree': 0.712504872425036, 'min_child_weight': 2, 'gamma': 0.0007883081778562428, 'reg_alpha': 8.203253751555038e-05, 'reg_lambda': 0.014137560892909289}. Best is trial 1165 with value: 0.30684956478914405.
[I 2024-12-04 17:46:19,224] Trial 1187 finished with value: 0.3195637733177106 and parameters: {'n_estimators': 886, 'max_depth': 6, 'learning_rate': 0.07237651207977092, 'subsample': 0.7719380688514246, 'colsample_bytree': 0.7166745117204935, 'min_child_weight': 2, 'gamma': 0.0008687740720029764, 'reg_alpha': 7.695442256291497e-05, 'reg_lambda': 0.011320091630606084}. Best is trial 1165 with value: 0.30684956478914405.
[I 2024-12-04 17:46:20,651] Trial 1188 finished with value: 0.30919262779879836 and parameters: {'n_estimators': 893, 'max_depth': 6, 'learning_rate': 0.07222546260085788, 'subsample': 0.77136747154915, 'colsample_bytree': 0.7199466054032756, 'min_child_weight': 2, 'gamma': 0.000931745829959178, 'reg_alpha': 7.844406733658772e-05, 'reg_lambda': 0.014422385259593152}. Best is trial 1165 with value: 0.30684956478914405.
[I 2024-12-04 17:46:22,191] Trial 1189 finished with value: 0.3150027045886363 and parameters: {'n_estimators': 912, 'max_depth': 6, 'learning_rate': 0.07233993769261726, 'subsample': 0.7740259590283215, 'colsample_bytree': 0.7152472461085843, 'min_child_weight': 2, 'gamma': 0.0008171300670292499, 'reg_alpha': 6.478400131551952e-05, 'reg_lambda': 0.014391358235201612}. Best is trial 1165 with value: 0.30684956478914405.
[I 2024-12-04 17:46:23,701] Trial 1190 finished with value: 0.31019014958892666 and parameters: {'n_estimators': 894, 'max_depth': 6, 'learning_rate': 0.07295061766806, 'subsample': 0.7700634393433022, 'colsample_bytree': 0.7229489380056368, 'min_child_weight': 2, 'gamma': 0.0007791390258496356, 'reg_alpha': 7.236494565575254e-05, 'reg_lambda': 0.012327266868687013}. Best is trial 1165 with value: 0.30684956478914405.
[I 2024-12-04 17:46:25,170] Trial 1191 finished with value: 0.31000929004499145 and parameters: {'n_estimators': 886, 'max_depth': 6, 'learning_rate': 0.07235050117244302, 'subsample': 0.7720719687907915, 'colsample_bytree': 0.7183520663864256, 'min_child_weight': 2, 'gamma': 0.0007961236029840079, 'reg_alpha': 6.134524420038744e-05, 'reg_lambda': 0.012812237322629247}. Best is trial 1165 with value: 0.30684956478914405.
[I 2024-12-04 17:46:26,708] Trial 1192 finished with value: 0.3173796310933954 and parameters: {'n_estimators': 909, 'max_depth': 6, 'learning_rate': 0.07171601058269234, 'subsample': 0.7700027900554628, 'colsample_bytree': 0.7190131818782193, 'min_child_weight': 2, 'gamma': 0.0008276352461461367, 'reg_alpha': 6.486883644805851e-05, 'reg_lambda': 0.016016983719607414}. Best is trial 1165 with value: 0.30684956478914405.
[I 2024-12-04 17:46:28,524] Trial 1193 finished with value: 0.30717266195488724 and parameters: {'n_estimators': 894, 'max_depth': 6, 'learning_rate': 0.0726045423686728, 'subsample': 0.7702082342229734, 'colsample_bytree': 0.7181664857098886, 'min_child_weight': 2, 'gamma': 0.0008135214920473342, 'reg_alpha': 7.196039965359736e-05, 'reg_lambda': 0.013328642806263318}. Best is trial 1165 with value: 0.30684956478914405.
[I 2024-12-04 17:46:30,866] Trial 1194 finished with value: 0.3158173711677363 and parameters: {'n_estimators': 891, 'max_depth': 6, 'learning_rate': 0.07295336251076634, 'subsample': 0.7716443858327587, 'colsample_bytree': 0.7191098879254205, 'min_child_weight': 2, 'gamma': 0.0008609500380979492, 'reg_alpha': 8.207989360684484e-05, 'reg_lambda': 0.01352363356372387}. Best is trial 1165 with value: 0.30684956478914405.
[I 2024-12-04 17:46:32,435] Trial 1195 finished with value: 0.31378304912428207 and parameters: {'n_estimators': 898, 'max_depth': 6, 'learning_rate': 0.07312422403264512, 'subsample': 0.7708677868399025, 'colsample_bytree': 0.7147916128845058, 'min_child_weight': 2, 'gamma': 0.0007743722998678625, 'reg_alpha': 7.928189364023113e-05, 'reg_lambda': 0.012075909990257244}. Best is trial 1165 with value: 0.30684956478914405.
[I 2024-12-04 17:46:33,887] Trial 1196 finished with value: 0.3093723203307753 and parameters: {'n_estimators': 896, 'max_depth': 6, 'learning_rate': 0.07400897645497166, 'subsample': 0.7685094929795301, 'colsample_bytree': 0.7172699185640719, 'min_child_weight': 2, 'gamma': 0.0009462616564972861, 'reg_alpha': 9.74485730096898e-05, 'reg_lambda': 0.013937578792655685}. Best is trial 1165 with value: 0.30684956478914405.
[I 2024-12-04 17:46:35,330] Trial 1197 finished with value: 0.3114625538274702 and parameters: {'n_estimators': 877, 'max_depth': 6, 'learning_rate': 0.07209582017955302, 'subsample': 0.7708907488273007, 'colsample_bytree': 0.7220353403011541, 'min_child_weight': 2, 'gamma': 0.0009427201112601389, 'reg_alpha': 8.173901578450517e-05, 'reg_lambda': 0.013114825280756538}. Best is trial 1165 with value: 0.30684956478914405.
[I 2024-12-04 17:46:36,755] Trial 1198 finished with value: 0.31479212227231845 and parameters: {'n_estimators': 904, 'max_depth': 6, 'learning_rate': 0.07297973831471437, 'subsample': 0.772595425527898, 'colsample_bytree': 0.7184855598296986, 'min_child_weight': 2, 'gamma': 0.0008287392211055781, 'reg_alpha': 6.794777572474344e-05, 'reg_lambda': 0.016579308141817677}. Best is trial 1165 with value: 0.30684956478914405.
[I 2024-12-04 17:46:38,261] Trial 1199 finished with value: 0.3135425075003318 and parameters: {'n_estimators': 891, 'max_depth': 6, 'learning_rate': 0.07200747692423275, 'subsample': 0.7695977886970325, 'colsample_bytree': 0.7181317099386713, 'min_child_weight': 2, 'gamma': 0.0008539639772577684, 'reg_alpha': 7.358887412235015e-05, 'reg_lambda': 0.013847414750565187}. Best is trial 1165 with value: 0.30684956478914405.
[I 2024-12-04 17:46:39,697] Trial 1200 finished with value: 0.31839000166163045 and parameters: {'n_estimators': 894, 'max_depth': 6, 'learning_rate': 0.07358710811602992, 'subsample': 0.7722130051549991, 'colsample_bytree': 0.7173140743561466, 'min_child_weight': 2, 'gamma': 0.0010460853560702518, 'reg_alpha': 9.444420814225562e-05, 'reg_lambda': 0.01448410240263177}. Best is trial 1165 with value: 0.30684956478914405.
[I 2024-12-04 17:46:41,136] Trial 1201 finished with value: 0.3165189448665798 and parameters: {'n_estimators': 894, 'max_depth': 6, 'learning_rate': 0.0723781100366289, 'subsample': 0.7717242920132819, 'colsample_bytree': 0.7181844764488302, 'min_child_weight': 2, 'gamma': 0.0010118757272469113, 'reg_alpha': 8.616250707884406e-05, 'reg_lambda': 0.011533917674101649}. Best is trial 1165 with value: 0.30684956478914405.
