[I 2024-12-04 17:32:33,920] Trial 632 finished with value: 0.3233202855243578 and parameters: {'n_estimators': 896, 'max_depth': 5, 'learning_rate': 0.07250392010655941, 'subsample': 0.7718868003590007, 'colsample_bytree': 0.7074149051918757, 'min_child_weight': 2, 'gamma': 0.0005488113602226294, 'reg_alpha': 3.697343732685726e-05, 'reg_lambda': 0.030331435843141488}. Best is trial 631 with value: 0.31004697599538283.
[I 2024-12-04 17:32:35,358] Trial 633 finished with value: 0.3336174883610517 and parameters: {'n_estimators': 740, 'max_depth': 5, 'learning_rate': 0.07656648311736425, 'subsample': 0.7840874490384213, 'colsample_bytree': 0.693378768812249, 'min_child_weight': 2, 'gamma': 0.0004461761892847393, 'reg_alpha': 3.2728458493536996e-05, 'reg_lambda': 0.07413097952840739}. Best is trial 631 with value: 0.31004697599538283.
[I 2024-12-04 17:32:36,828] Trial 634 finished with value: 0.3206434587223322 and parameters: {'n_estimators': 1052, 'max_depth': 5, 'learning_rate': 0.06079531134475549, 'subsample': 0.771491195164087, 'colsample_bytree': 0.7014860106286989, 'min_child_weight': 2, 'gamma': 0.001773254702642616, 'reg_alpha': 4.8436768143809785e-05, 'reg_lambda': 0.026157790879066452}. Best is trial 631 with value: 0.31004697599538283.
[I 2024-12-04 17:32:38,229] Trial 635 finished with value: 0.3178882436261236 and parameters: {'n_estimators': 843, 'max_depth': 6, 'learning_rate': 0.08317078171179146, 'subsample': 0.769440987482014, 'colsample_bytree': 0.7167177244447432, 'min_child_weight': 2, 'gamma': 0.0008381097576177654, 'reg_alpha': 7.014063735930374e-05, 'reg_lambda': 0.1300946702363424}. Best is trial 631 with value: 0.31004697599538283.
[I 2024-12-04 17:32:39,726] Trial 636 finished with value: 0.3122461830471026 and parameters: {'n_estimators': 973, 'max_depth': 6, 'learning_rate': 0.0715381202385213, 'subsample': 0.7633397865157593, 'colsample_bytree': 0.7344768548208154, 'min_child_weight': 2, 'gamma': 0.0010196137507839534, 'reg_alpha': 8.714555075668691e-05, 'reg_lambda': 0.02923132436514712}. Best is trial 631 with value: 0.31004697599538283.
[I 2024-12-04 17:32:41,043] Trial 637 finished with value: 0.32898337423512214 and parameters: {'n_estimators': 811, 'max_depth': 5, 'learning_rate': 0.06304701669665709, 'subsample': 0.7593221501170601, 'colsample_bytree': 0.7375632619975181, 'min_child_weight': 2, 'gamma': 0.0018786279903547727, 'reg_alpha': 5.039979545500596e-05, 'reg_lambda': 0.019991956760849975}. Best is trial 631 with value: 0.31004697599538283.
[I 2024-12-04 17:32:42,488] Trial 638 finished with value: 0.32228987093257505 and parameters: {'n_estimators': 929, 'max_depth': 6, 'learning_rate': 0.08064408962802981, 'subsample': 0.7602440232031494, 'colsample_bytree': 0.7152239884755917, 'min_child_weight': 2, 'gamma': 0.0002793454520551793, 'reg_alpha': 0.00041548283963727155, 'reg_lambda': 0.03772495491339034}. Best is trial 631 with value: 0.31004697599538283.
[I 2024-12-04 17:32:43,977] Trial 639 finished with value: 0.32229813145616243 and parameters: {'n_estimators': 989, 'max_depth': 5, 'learning_rate': 0.07114657596878615, 'subsample': 0.7524765117637755, 'colsample_bytree': 0.7173815154327398, 'min_child_weight': 2, 'gamma': 0.0010105250418553434, 'reg_alpha': 1.9671129162607942e-05, 'reg_lambda': 0.08764565564411538}. Best is trial 631 with value: 0.31004697599538283.
[I 2024-12-04 17:32:45,390] Trial 640 finished with value: 0.3186068917345246 and parameters: {'n_estimators': 858, 'max_depth': 6, 'learning_rate': 0.07765375919727323, 'subsample': 0.7656850241969017, 'colsample_bytree': 0.7400354176011008, 'min_child_weight': 2, 'gamma': 0.001583857008647333, 'reg_alpha': 5.3482792219194814e-05, 'reg_lambda': 0.024702344989787836}. Best is trial 631 with value: 0.31004697599538283.
[I 2024-12-04 17:32:46,780] Trial 641 finished with value: 0.3190961651982775 and parameters: {'n_estimators': 866, 'max_depth': 6, 'learning_rate': 0.0813184221275955, 'subsample': 0.7663087701229101, 'colsample_bytree': 0.7338115233507154, 'min_child_weight': 2, 'gamma': 0.0005043819665114535, 'reg_alpha': 0.0001910274690712683, 'reg_lambda': 0.013773505402686933}. Best is trial 631 with value: 0.31004697599538283.
[I 2024-12-04 17:32:48,229] Trial 642 finished with value: 0.3245274570252559 and parameters: {'n_estimators': 938, 'max_depth': 6, 'learning_rate': 0.08029169987796647, 'subsample': 0.7723224699547232, 'colsample_bytree': 0.7270621811450546, 'min_child_weight': 2, 'gamma': 0.0009565667082879431, 'reg_alpha': 4.949901277996904e-05, 'reg_lambda': 0.020814643022831703}. Best is trial 631 with value: 0.31004697599538283.
[I 2024-12-04 17:32:49,692] Trial 643 finished with value: 0.3195524242925227 and parameters: {'n_estimators': 928, 'max_depth': 6, 'learning_rate': 0.0870380212977837, 'subsample': 0.760782183143473, 'colsample_bytree': 0.7175219852422823, 'min_child_weight': 2, 'gamma': 0.0006425890883129155, 'reg_alpha': 3.944137651379299e-05, 'reg_lambda': 0.08541885389867354}. Best is trial 631 with value: 0.31004697599538283.
[I 2024-12-04 17:32:51,075] Trial 644 finished with value: 0.3218623215983578 and parameters: {'n_estimators': 953, 'max_depth': 5, 'learning_rate': 0.0669290591551838, 'subsample': 0.7710814493248376, 'colsample_bytree': 0.7037793497203573, 'min_child_weight': 2, 'gamma': 0.0007438688233434075, 'reg_alpha': 3.65961627144388e-05, 'reg_lambda': 0.06057258488085807}. Best is trial 631 with value: 0.31004697599538283.
[I 2024-12-04 17:32:52,551] Trial 645 finished with value: 0.31612488854845405 and parameters: {'n_estimators': 923, 'max_depth': 6, 'learning_rate': 0.0636508841729079, 'subsample': 0.7602536431097429, 'colsample_bytree': 0.7263968918220401, 'min_child_weight': 2, 'gamma': 0.001092575241868085, 'reg_alpha': 0.00011605350797655204, 'reg_lambda': 0.01639381884153294}. Best is trial 631 with value: 0.31004697599538283.
[I 2024-12-04 17:32:53,972] Trial 646 finished with value: 0.3231820407938162 and parameters: {'n_estimators': 876, 'max_depth': 6, 'learning_rate': 0.06425290832257281, 'subsample': 0.7727159343887715, 'colsample_bytree': 0.6975561224999638, 'min_child_weight': 2, 'gamma': 0.0006941242703254522, 'reg_alpha': 3.711256851721202e-05, 'reg_lambda': 0.028198848858221326}. Best is trial 631 with value: 0.31004697599538283.
[I 2024-12-04 17:32:55,441] Trial 647 finished with value: 0.31420099311122834 and parameters: {'n_estimators': 834, 'max_depth': 6, 'learning_rate': 0.07855293152314938, 'subsample': 0.7746601845377755, 'colsample_bytree': 0.7172905456528899, 'min_child_weight': 2, 'gamma': 0.0006754853471608098, 'reg_alpha': 2.188479792602909e-05, 'reg_lambda': 0.047696758115530126}. Best is trial 631 with value: 0.31004697599538283.
[I 2024-12-04 17:32:56,862] Trial 648 finished with value: 0.3237734622266822 and parameters: {'n_estimators': 915, 'max_depth': 6, 'learning_rate': 0.08321679394564507, 'subsample': 0.7667247708658465, 'colsample_bytree': 0.7190416895603571, 'min_child_weight': 2, 'gamma': 0.0005335038601589859, 'reg_alpha': 0.00013210573644128546, 'reg_lambda': 0.06729721376623725}. Best is trial 631 with value: 0.31004697599538283.
[I 2024-12-04 17:32:58,262] Trial 649 finished with value: 0.32728684930446256 and parameters: {'n_estimators': 836, 'max_depth': 5, 'learning_rate': 0.0668684843367883, 'subsample': 0.7594920207390952, 'colsample_bytree': 0.7103833059153788, 'min_child_weight': 2, 'gamma': 0.001282139093360948, 'reg_alpha': 4.746559745667154e-05, 'reg_lambda': 0.09281410742780494}. Best is trial 631 with value: 0.31004697599538283.
[I 2024-12-04 17:32:59,647] Trial 650 finished with value: 0.3328268985047725 and parameters: {'n_estimators': 832, 'max_depth': 6, 'learning_rate': 0.0913907858144036, 'subsample': 0.7620391121672925, 'colsample_bytree': 0.7298869616362003, 'min_child_weight': 2, 'gamma': 0.0007776549176746125, 'reg_alpha': 0.00011565463917811391, 'reg_lambda': 0.03885941812030574}. Best is trial 631 with value: 0.31004697599538283.
[I 2024-12-04 17:33:01,070] Trial 651 finished with value: 0.3307715520900316 and parameters: {'n_estimators': 862, 'max_depth': 6, 'learning_rate': 0.08372230422434868, 'subsample': 0.7761859133724589, 'colsample_bytree': 0.7274718074615967, 'min_child_weight': 2, 'gamma': 0.0005246783428228611, 'reg_alpha': 3.4282857275662284e-05, 'reg_lambda': 0.026377623231661044}. Best is trial 631 with value: 0.31004697599538283.
[I 2024-12-04 17:33:02,484] Trial 652 finished with value: 0.31717067530243964 and parameters: {'n_estimators': 876, 'max_depth': 6, 'learning_rate': 0.08279962714591128, 'subsample': 0.7734849734110075, 'colsample_bytree': 0.7256158992871917, 'min_child_weight': 2, 'gamma': 0.0007477292951235934, 'reg_alpha': 5.843717964576347e-05, 'reg_lambda': 0.033497813155140575}. Best is trial 631 with value: 0.31004697599538283.
[I 2024-12-04 17:33:03,914] Trial 653 finished with value: 0.31265857993140833 and parameters: {'n_estimators': 899, 'max_depth': 6, 'learning_rate': 0.06725770073526759, 'subsample': 0.7598641285013645, 'colsample_bytree': 0.7301657443896816, 'min_child_weight': 2, 'gamma': 0.0007634844342823583, 'reg_alpha': 4.291494477352774e-05, 'reg_lambda': 0.03126222856557364}. Best is trial 631 with value: 0.31004697599538283.
[I 2024-12-04 17:33:05,322] Trial 654 finished with value: 0.32634413006694307 and parameters: {'n_estimators': 925, 'max_depth': 6, 'learning_rate': 0.07946843937913153, 'subsample': 0.7730658607726112, 'colsample_bytree': 0.7165372627490734, 'min_child_weight': 2, 'gamma': 0.0006047831184772723, 'reg_alpha': 5.019827418512614e-05, 'reg_lambda': 0.017999635371148216}. Best is trial 631 with value: 0.31004697599538283.
[I 2024-12-04 17:33:06,720] Trial 655 finished with value: 0.32778124145940307 and parameters: {'n_estimators': 902, 'max_depth': 6, 'learning_rate': 0.07403949929676726, 'subsample': 0.753950768150498, 'colsample_bytree': 0.7267226474009452, 'min_child_weight': 2, 'gamma': 0.001263354734094773, 'reg_alpha': 6.572107537237699e-05, 'reg_lambda': 0.10525086904902167}. Best is trial 631 with value: 0.31004697599538283.
[I 2024-12-04 17:33:08,100] Trial 656 finished with value: 0.3207108005255881 and parameters: {'n_estimators': 877, 'max_depth': 6, 'learning_rate': 0.06390256175152705, 'subsample': 0.770304243020966, 'colsample_bytree': 0.736765344744745, 'min_child_weight': 2, 'gamma': 0.0030378112340084416, 'reg_alpha': 7.958850492608202e-05, 'reg_lambda': 0.011764685713303278}. Best is trial 631 with value: 0.31004697599538283.
[I 2024-12-04 17:33:09,584] Trial 657 finished with value: 0.32416210028491055 and parameters: {'n_estimators': 928, 'max_depth': 7, 'learning_rate': 0.06837277449946252, 'subsample': 0.7659575817255397, 'colsample_bytree': 0.6940392705556868, 'min_child_weight': 2, 'gamma': 0.002313216154828134, 'reg_alpha': 3.154735830178829e-05, 'reg_lambda': 0.014185557333196904}. Best is trial 631 with value: 0.31004697599538283.
[I 2024-12-04 17:33:10,963] Trial 658 finished with value: 0.32265477342496746 and parameters: {'n_estimators': 861, 'max_depth': 6, 'learning_rate': 0.08000321920944185, 'subsample': 0.772441968574079, 'colsample_bytree': 0.7070488969669544, 'min_child_weight': 2, 'gamma': 0.0005958029326083573, 'reg_alpha': 8.727562248545785e-05, 'reg_lambda': 0.019057397045557055}. Best is trial 631 with value: 0.31004697599538283.
[I 2024-12-04 17:33:12,415] Trial 659 finished with value: 0.3155749602444045 and parameters: {'n_estimators': 863, 'max_depth': 6, 'learning_rate': 0.06951475394913877, 'subsample': 0.7663665392375354, 'colsample_bytree': 0.7192492020779306, 'min_child_weight': 2, 'gamma': 0.0010078378456156677, 'reg_alpha': 0.00010152684023075637, 'reg_lambda': 0.014181078620792651}. Best is trial 631 with value: 0.31004697599538283.
[I 2024-12-04 17:33:13,798] Trial 660 finished with value: 0.320903250575787 and parameters: {'n_estimators': 864, 'max_depth': 6, 'learning_rate': 0.07657006791252403, 'subsample': 0.7583048277692527, 'colsample_bytree': 0.7525672026865926, 'min_child_weight': 2, 'gamma': 0.0012190895801765132, 'reg_alpha': 2.6537953141704144e-05, 'reg_lambda': 0.06772282105961085}. Best is trial 631 with value: 0.31004697599538283.
[I 2024-12-04 17:33:15,242] Trial 661 finished with value: 0.3159961570124817 and parameters: {'n_estimators': 946, 'max_depth': 6, 'learning_rate': 0.0743960349081968, 'subsample': 0.7743024840045123, 'colsample_bytree': 0.6976174200256781, 'min_child_weight': 2, 'gamma': 0.0006493080132047095, 'reg_alpha': 4.847402903540833e-05, 'reg_lambda': 0.025786823802213373}. Best is trial 631 with value: 0.31004697599538283.
[I 2024-12-04 17:33:16,664] Trial 662 finished with value: 0.3200962511620735 and parameters: {'n_estimators': 929, 'max_depth': 6, 'learning_rate': 0.06766147673388372, 'subsample': 0.7591413434576261, 'colsample_bytree': 0.7340136890073155, 'min_child_weight': 2, 'gamma': 0.0012313314032310692, 'reg_alpha': 2.8758778179261753e-05, 'reg_lambda': 0.07991970154211557}. Best is trial 631 with value: 0.31004697599538283.
[I 2024-12-04 17:33:18,103] Trial 663 finished with value: 0.3176062436062806 and parameters: {'n_estimators': 947, 'max_depth': 6, 'learning_rate': 0.0691047164772172, 'subsample': 0.7790109414205596, 'colsample_bytree': 0.7142243548376253, 'min_child_weight': 2, 'gamma': 0.0013423904163968067, 'reg_alpha': 5.884545544897434e-05, 'reg_lambda': 0.020320517563930083}. Best is trial 631 with value: 0.31004697599538283.
[I 2024-12-04 17:33:19,559] Trial 664 finished with value: 0.31915554530085277 and parameters: {'n_estimators': 853, 'max_depth': 7, 'learning_rate': 0.07541089083706895, 'subsample': 0.7773483230928878, 'colsample_bytree': 0.7205987633517662, 'min_child_weight': 2, 'gamma': 0.0010336613642602309, 'reg_alpha': 9.101365876313935e-05, 'reg_lambda': 0.014793385042192953}. Best is trial 631 with value: 0.31004697599538283.
[I 2024-12-04 17:33:20,961] Trial 665 finished with value: 0.31643167030040525 and parameters: {'n_estimators': 841, 'max_depth': 6, 'learning_rate': 0.07023743037157647, 'subsample': 0.7770595019471426, 'colsample_bytree': 0.7166452308192344, 'min_child_weight': 2, 'gamma': 0.0008916425325316732, 'reg_alpha': 3.6567765098658335e-05, 'reg_lambda': 0.014987909655632414}. Best is trial 631 with value: 0.31004697599538283.
[I 2024-12-04 17:33:22,385] Trial 666 finished with value: 0.31793644526331427 and parameters: {'n_estimators': 885, 'max_depth': 6, 'learning_rate': 0.07039181072606221, 'subsample': 0.7681658173129025, 'colsample_bytree': 0.7486978349393776, 'min_child_weight': 2, 'gamma': 0.0011257844848003755, 'reg_alpha': 3.9432373763765805e-05, 'reg_lambda': 0.04957234356894001}. Best is trial 631 with value: 0.31004697599538283.
[I 2024-12-04 17:33:23,955] Trial 667 finished with value: 0.32245133963518974 and parameters: {'n_estimators': 951, 'max_depth': 7, 'learning_rate': 0.06979647234832044, 'subsample': 0.7791385690200737, 'colsample_bytree': 0.7003806072578247, 'min_child_weight': 2, 'gamma': 0.000490142093180737, 'reg_alpha': 2.645537906900253e-05, 'reg_lambda': 0.02380515587074095}. Best is trial 631 with value: 0.31004697599538283.
[I 2024-12-04 17:33:25,329] Trial 668 finished with value: 0.31912101044897934 and parameters: {'n_estimators': 844, 'max_depth': 6, 'learning_rate': 0.07058567452949178, 'subsample': 0.7744721765501975, 'colsample_bytree': 0.7099465153963364, 'min_child_weight': 2, 'gamma': 0.001015309728236158, 'reg_alpha': 0.00012355321725244833, 'reg_lambda': 0.01466844627682491}. Best is trial 631 with value: 0.31004697599538283.
[I 2024-12-04 17:33:26,836] Trial 669 finished with value: 0.31986126654736285 and parameters: {'n_estimators': 883, 'max_depth': 6, 'learning_rate': 0.07741702223941185, 'subsample': 0.758841580105746, 'colsample_bytree': 0.7132219440119075, 'min_child_weight': 2, 'gamma': 0.0009563152830408574, 'reg_alpha': 6.997229155266102e-05, 'reg_lambda': 0.02956678780954964}. Best is trial 631 with value: 0.31004697599538283.
[I 2024-12-04 17:33:28,317] Trial 670 finished with value: 0.32750381627628783 and parameters: {'n_estimators': 853, 'max_depth': 7, 'learning_rate': 0.061060155847856706, 'subsample': 0.7842844574708758, 'colsample_bytree': 0.698261826734469, 'min_child_weight': 2, 'gamma': 0.0007356863794740311, 'reg_alpha': 3.1966490225256106e-05, 'reg_lambda': 0.012608105389335553}. Best is trial 631 with value: 0.31004697599538283.
[I 2024-12-04 17:33:29,751] Trial 671 finished with value: 0.3168990444294687 and parameters: {'n_estimators': 884, 'max_depth': 6, 'learning_rate': 0.0669291740386689, 'subsample': 0.7736228594244654, 'colsample_bytree': 0.7283964398228363, 'min_child_weight': 2, 'gamma': 0.0009693503442850549, 'reg_alpha': 4.901878459756498e-05, 'reg_lambda': 0.017150354037152846}. Best is trial 631 with value: 0.31004697599538283.
[I 2024-12-04 17:33:31,311] Trial 672 finished with value: 0.3261760434382382 and parameters: {'n_estimators': 879, 'max_depth': 6, 'learning_rate': 0.06904494170087624, 'subsample': 0.7845901395707232, 'colsample_bytree': 0.715278602179429, 'min_child_weight': 2, 'gamma': 0.0005328126821840487, 'reg_alpha': 0.0001358852792337118, 'reg_lambda': 0.005648157098939663}. Best is trial 631 with value: 0.31004697599538283.
[I 2024-12-04 17:33:32,715] Trial 673 finished with value: 0.31565398140438533 and parameters: {'n_estimators': 833, 'max_depth': 6, 'learning_rate': 0.0734038639738125, 'subsample': 0.7658589058503835, 'colsample_bytree': 0.7353202991439916, 'min_child_weight': 2, 'gamma': 0.0011763402395613767, 'reg_alpha': 3.437898267369849e-05, 'reg_lambda': 0.021763414413583447}. Best is trial 631 with value: 0.31004697599538283.
[I 2024-12-04 17:33:34,346] Trial 674 finished with value: 0.3244998389538704 and parameters: {'n_estimators': 1048, 'max_depth': 6, 'learning_rate': 0.06980987109639383, 'subsample': 0.7780884253948654, 'colsample_bytree': 0.6895858152803551, 'min_child_weight': 2, 'gamma': 0.0006412942547933318, 'reg_alpha': 7.0496341733093e-05, 'reg_lambda': 0.019092452077709897}. Best is trial 631 with value: 0.31004697599538283.
[I 2024-12-04 17:33:35,728] Trial 675 finished with value: 0.3196035004107311 and parameters: {'n_estimators': 862, 'max_depth': 6, 'learning_rate': 0.06748699718299662, 'subsample': 0.7758044850558822, 'colsample_bytree': 0.6970957235151383, 'min_child_weight': 2, 'gamma': 0.0006908868985337657, 'reg_alpha': 4.829062547203084e-05, 'reg_lambda': 0.019162164221107916}. Best is trial 631 with value: 0.31004697599538283.
[I 2024-12-04 17:33:37,177] Trial 676 finished with value: 0.31689454626681146 and parameters: {'n_estimators': 904, 'max_depth': 6, 'learning_rate': 0.06808668198762882, 'subsample': 0.7638218962075018, 'colsample_bytree': 0.7217410654147929, 'min_child_weight': 2, 'gamma': 0.0008113600123654739, 'reg_alpha': 9.490710562670704e-05, 'reg_lambda': 0.018846853187284185}. Best is trial 631 with value: 0.31004697599538283.
[I 2024-12-04 17:33:38,646] Trial 677 finished with value: 0.3167695331548807 and parameters: {'n_estimators': 910, 'max_depth': 6, 'learning_rate': 0.06910370437622879, 'subsample': 0.7735691004391002, 'colsample_bytree': 0.7079953222886393, 'min_child_weight': 2, 'gamma': 0.0012519203089146945, 'reg_alpha': 2.8315232511405422e-05, 'reg_lambda': 0.022381241298279727}. Best is trial 631 with value: 0.31004697599538283.
[I 2024-12-04 17:33:40,118] Trial 678 finished with value: 0.3264893443495027 and parameters: {'n_estimators': 917, 'max_depth': 6, 'learning_rate': 0.06978433801398116, 'subsample': 0.7899396805049511, 'colsample_bytree': 0.6905832830668472, 'min_child_weight': 2, 'gamma': 0.00045162808346541197, 'reg_alpha': 4.7145977013596515e-05, 'reg_lambda': 0.00691992668768561}. Best is trial 631 with value: 0.31004697599538283.
[I 2024-12-04 17:33:41,619] Trial 679 finished with value: 0.32471432753281826 and parameters: {'n_estimators': 856, 'max_depth': 6, 'learning_rate': 0.07032668889662953, 'subsample': 0.7591339171143279, 'colsample_bytree': 0.7328852488689122, 'min_child_weight': 2, 'gamma': 0.0006335663821393064, 'reg_alpha': 3.6045635348026236e-05, 'reg_lambda': 0.025602642544020223}. Best is trial 631 with value: 0.31004697599538283.
[I 2024-12-04 17:33:43,028] Trial 680 finished with value: 0.32297585637216303 and parameters: {'n_estimators': 854, 'max_depth': 6, 'learning_rate': 0.06478185872129326, 'subsample': 0.7705591070342181, 'colsample_bytree': 0.7158774607905282, 'min_child_weight': 2, 'gamma': 0.0010374258784022774, 'reg_alpha': 3.8414937567770696e-05, 'reg_lambda': 0.012930948828941288}. Best is trial 631 with value: 0.31004697599538283.
[I 2024-12-04 17:33:44,422] Trial 681 finished with value: 0.3161299314815295 and parameters: {'n_estimators': 861, 'max_depth': 6, 'learning_rate': 0.0692022342247127, 'subsample': 0.762770949548662, 'colsample_bytree': 0.7175016586342187, 'min_child_weight': 2, 'gamma': 0.0012636152991006642, 'reg_alpha': 3.695742226255501e-05, 'reg_lambda': 0.02676598720457987}. Best is trial 631 with value: 0.31004697599538283.
[I 2024-12-04 17:33:45,838] Trial 682 finished with value: 0.3222564391398096 and parameters: {'n_estimators': 866, 'max_depth': 6, 'learning_rate': 0.0632264981434954, 'subsample': 0.7782550351979377, 'colsample_bytree': 0.7108662666366526, 'min_child_weight': 2, 'gamma': 0.0009353530834846501, 'reg_alpha': 2.7736973282699867e-05, 'reg_lambda': 0.01572813420004122}. Best is trial 631 with value: 0.31004697599538283.
[I 2024-12-04 17:33:47,235] Trial 683 finished with value: 0.3207467192116472 and parameters: {'n_estimators': 874, 'max_depth': 6, 'learning_rate': 0.07682474161390675, 'subsample': 0.7806531698319984, 'colsample_bytree': 0.6986723489913093, 'min_child_weight': 2, 'gamma': 0.0007361451196277927, 'reg_alpha': 5.320270067106369e-05, 'reg_lambda': 0.03353149145981277}. Best is trial 631 with value: 0.31004697599538283.
