[I 2024-12-26 06:54:34,233] Trial 1358 finished with value: 0.013693825341761112 and parameters: {'L1_hidden_dim': 80, 'L1_layers_atom': 4, 'L1_layers_mol': 1, 'L1_dropout': 0.03841264421848371, 'L1_out_dim': 48, 'L2_hidden_dim': 192, 'L2_layers_atom': 2, 'L2_layers_mol': 4, 'L2_out_dim': 112, 'L2_dropout': 0.02581147183725998, 'L3_hidden_dim': 112, 'L3_layers_atom': 4, 'L3_layers_mol': 1, 'L3_out_dim': 112, 'L3_dropout': 0.06719534720954792, 'n_mlp_layers': 3, 'mlp_dim_0': 280, 'mlp_dim_1': 512, 'mlp_dim_2': 408, 'num_heads': 2, 'final_dropout': 0.15732423594596323, 'train_learning_rate': 0.0016305913704953488, 'train_lr_reduce': 0.6}. Best is trial 1073 with value: 0.009419886395335197.
[I 2024-12-26 06:56:10,137] Trial 1359 finished with value: 0.012835454195737839 and parameters: {'L1_hidden_dim': 64, 'L1_layers_atom': 3, 'L1_layers_mol': 3, 'L1_dropout': 0.11463914862469775, 'L1_out_dim': 80, 'L2_hidden_dim': 192, 'L2_layers_atom': 1, 'L2_layers_mol': 4, 'L2_out_dim': 128, 'L2_dropout': 0.04494461150517487, 'L3_hidden_dim': 48, 'L3_layers_atom': 4, 'L3_layers_mol': 1, 'L3_out_dim': 128, 'L3_dropout': 0.07448860538492783, 'n_mlp_layers': 3, 'mlp_dim_0': 488, 'mlp_dim_1': 424, 'mlp_dim_2': 328, 'num_heads': 2, 'final_dropout': 0.23011063458267952, 'train_learning_rate': 0.0004618604702352891, 'train_lr_reduce': 0.6}. Best is trial 1073 with value: 0.009419886395335197.
[I 2024-12-26 06:56:23,767] Trial 1360 finished with value: 0.04875911399722099 and parameters: {'L1_hidden_dim': 80, 'L1_layers_atom': 4, 'L1_layers_mol': 3, 'L1_dropout': 0.16767295627685275, 'L1_out_dim': 64, 'L2_hidden_dim': 224, 'L2_layers_atom': 1, 'L2_layers_mol': 3, 'L2_out_dim': 112, 'L2_dropout': 0.11831037542268825, 'L3_hidden_dim': 128, 'L3_layers_atom': 3, 'L3_layers_mol': 1, 'L3_out_dim': 128, 'L3_dropout': 0.06581368261752488, 'n_mlp_layers': 3, 'mlp_dim_0': 176, 'mlp_dim_1': 464, 'mlp_dim_2': 320, 'num_heads': 2, 'final_dropout': 0.036047147251594205, 'train_learning_rate': 0.00016493596671865877, 'train_lr_reduce': 0.6}. Best is trial 1073 with value: 0.009419886395335197.
[I 2024-12-26 06:58:06,798] Trial 1361 finished with value: 0.014768742024898529 and parameters: {'L1_hidden_dim': 144, 'L1_layers_atom': 3, 'L1_layers_mol': 4, 'L1_dropout': 0.002168750127022115, 'L1_out_dim': 128, 'L2_hidden_dim': 224, 'L2_layers_atom': 2, 'L2_layers_mol': 4, 'L2_out_dim': 80, 'L2_dropout': 0.07039485448427316, 'L3_hidden_dim': 64, 'L3_layers_atom': 4, 'L3_layers_mol': 1, 'L3_out_dim': 128, 'L3_dropout': 0.08210397255056268, 'n_mlp_layers': 3, 'mlp_dim_0': 256, 'mlp_dim_1': 408, 'mlp_dim_2': 320, 'num_heads': 2, 'final_dropout': 0.09401598385948118, 'train_learning_rate': 0.000257252184550665, 'train_lr_reduce': 0.6}. Best is trial 1073 with value: 0.009419886395335197.
[I 2024-12-26 06:58:58,025] Trial 1362 finished with value: 0.010977819561958313 and parameters: {'L1_hidden_dim': 128, 'L1_layers_atom': 2, 'L1_layers_mol': 4, 'L1_dropout': 0.017212854802274028, 'L1_out_dim': 96, 'L2_hidden_dim': 224, 'L2_layers_atom': 1, 'L2_layers_mol': 4, 'L2_out_dim': 128, 'L2_dropout': 0.01912999799060674, 'L3_hidden_dim': 80, 'L3_layers_atom': 4, 'L3_layers_mol': 1, 'L3_out_dim': 112, 'L3_dropout': 0.006364491528359025, 'n_mlp_layers': 2, 'mlp_dim_0': 264, 'mlp_dim_1': 464, 'num_heads': 2, 'final_dropout': 0.15515770579094554, 'train_learning_rate': 0.00022443162223946238, 'train_lr_reduce': 0.6}. Best is trial 1073 with value: 0.009419886395335197.
[I 2024-12-26 06:59:04,255] Trial 1363 finished with value: 0.015473471954464912 and parameters: {'L1_hidden_dim': 128, 'L1_layers_atom': 3, 'L1_layers_mol': 2, 'L1_dropout': 0.07050094499531598, 'L1_out_dim': 48, 'L2_hidden_dim': 160, 'L2_layers_atom': 1, 'L2_layers_mol': 4, 'L2_out_dim': 128, 'L2_dropout': 0.0459098940784139, 'L3_hidden_dim': 128, 'L3_layers_atom': 3, 'L3_layers_mol': 1, 'L3_out_dim': 112, 'L3_dropout': 0.06895458724231457, 'n_mlp_layers': 2, 'mlp_dim_0': 376, 'mlp_dim_1': 408, 'num_heads': 2, 'final_dropout': 0.06975779898557594, 'train_learning_rate': 0.0005047481590711427, 'train_lr_reduce': 0.6}. Best is trial 1073 with value: 0.009419886395335197.
[I 2024-12-26 07:01:22,847] Trial 1364 finished with value: 0.013072166591882706 and parameters: {'L1_hidden_dim': 256, 'L1_layers_atom': 3, 'L1_layers_mol': 1, 'L1_dropout': 0.08050057205174208, 'L1_out_dim': 48, 'L2_hidden_dim': 224, 'L2_layers_atom': 1, 'L2_layers_mol': 3, 'L2_out_dim': 128, 'L2_dropout': 0.009345058720793251, 'L3_hidden_dim': 80, 'L3_layers_atom': 2, 'L3_layers_mol': 2, 'L3_out_dim': 96, 'L3_dropout': 0.04062303552327457, 'n_mlp_layers': 2, 'mlp_dim_0': 304, 'mlp_dim_1': 456, 'num_heads': 2, 'final_dropout': 0.23728895092799776, 'train_learning_rate': 0.0008338888955792282, 'train_lr_reduce': 0.6}. Best is trial 1073 with value: 0.009419886395335197.
[I 2024-12-26 07:01:33,386] Trial 1365 finished with value: 0.01170533150434494 and parameters: {'L1_hidden_dim': 112, 'L1_layers_atom': 4, 'L1_layers_mol': 1, 'L1_dropout': 0.04523749478147839, 'L1_out_dim': 64, 'L2_hidden_dim': 240, 'L2_layers_atom': 1, 'L2_layers_mol': 2, 'L2_out_dim': 128, 'L2_dropout': 0.0062907547361632475, 'L3_hidden_dim': 48, 'L3_layers_atom': 3, 'L3_layers_mol': 2, 'L3_out_dim': 112, 'L3_dropout': 0.03038552468997776, 'n_mlp_layers': 3, 'mlp_dim_0': 240, 'mlp_dim_1': 512, 'mlp_dim_2': 416, 'num_heads': 1, 'final_dropout': 0.1576733215115487, 'train_learning_rate': 0.0012109959968012451, 'train_lr_reduce': 0.6}. Best is trial 1073 with value: 0.009419886395335197.
[I 2024-12-26 07:03:05,050] Trial 1366 finished with value: 0.011012419126927853 and parameters: {'L1_hidden_dim': 128, 'L1_layers_atom': 3, 'L1_layers_mol': 2, 'L1_dropout': 0.03506764512403032, 'L1_out_dim': 48, 'L2_hidden_dim': 224, 'L2_layers_atom': 2, 'L2_layers_mol': 4, 'L2_out_dim': 128, 'L2_dropout': 0.01374776580167474, 'L3_hidden_dim': 80, 'L3_layers_atom': 4, 'L3_layers_mol': 1, 'L3_out_dim': 128, 'L3_dropout': 0.03825139251007989, 'n_mlp_layers': 3, 'mlp_dim_0': 504, 'mlp_dim_1': 400, 'mlp_dim_2': 376, 'num_heads': 2, 'final_dropout': 0.156200103067161, 'train_learning_rate': 0.00032691441865709183, 'train_lr_reduce': 0.6}. Best is trial 1073 with value: 0.009419886395335197.
[I 2024-12-26 07:03:51,398] Trial 1367 finished with value: 0.029189903289079666 and parameters: {'L1_hidden_dim': 112, 'L1_layers_atom': 2, 'L1_layers_mol': 4, 'L1_dropout': 0.06291497845269815, 'L1_out_dim': 112, 'L2_hidden_dim': 256, 'L2_layers_atom': 2, 'L2_layers_mol': 3, 'L2_out_dim': 112, 'L2_dropout': 0.07572817822756694, 'L3_hidden_dim': 80, 'L3_layers_atom': 3, 'L3_layers_mol': 1, 'L3_out_dim': 112, 'L3_dropout': 0.16223243085613412, 'n_mlp_layers': 3, 'mlp_dim_0': 464, 'mlp_dim_1': 448, 'mlp_dim_2': 312, 'num_heads': 2, 'final_dropout': 0.058272013957906134, 'train_learning_rate': 0.00010814242548638663, 'train_lr_reduce': 0.6}. Best is trial 1073 with value: 0.009419886395335197.
[I 2024-12-26 07:03:59,518] Trial 1368 finished with value: 0.011609446257352829 and parameters: {'L1_hidden_dim': 80, 'L1_layers_atom': 2, 'L1_layers_mol': 2, 'L1_dropout': 0.10497800982090161, 'L1_out_dim': 96, 'L2_hidden_dim': 208, 'L2_layers_atom': 2, 'L2_layers_mol': 4, 'L2_out_dim': 128, 'L2_dropout': 0.025335367391766672, 'L3_hidden_dim': 112, 'L3_layers_atom': 3, 'L3_layers_mol': 1, 'L3_out_dim': 80, 'L3_dropout': 0.008371819275734915, 'n_mlp_layers': 3, 'mlp_dim_0': 216, 'mlp_dim_1': 408, 'mlp_dim_2': 360, 'num_heads': 2, 'final_dropout': 0.10972808878899687, 'train_learning_rate': 0.000350188450819703, 'train_lr_reduce': 0.6}. Best is trial 1073 with value: 0.009419886395335197.
[I 2024-12-26 07:06:15,147] Trial 1369 finished with value: 0.011882731691002846 and parameters: {'L1_hidden_dim': 80, 'L1_layers_atom': 2, 'L1_layers_mol': 3, 'L1_dropout': 0.010927755422275129, 'L1_out_dim': 96, 'L2_hidden_dim': 256, 'L2_layers_atom': 1, 'L2_layers_mol': 4, 'L2_out_dim': 112, 'L2_dropout': 0.005965732972894859, 'L3_hidden_dim': 128, 'L3_layers_atom': 4, 'L3_layers_mol': 1, 'L3_out_dim': 128, 'L3_dropout': 0.026828928849264102, 'n_mlp_layers': 3, 'mlp_dim_0': 392, 'mlp_dim_1': 472, 'mlp_dim_2': 472, 'num_heads': 1, 'final_dropout': 0.09486483404384671, 'train_learning_rate': 0.00012594652853353418, 'train_lr_reduce': 0.6}. Best is trial 1073 with value: 0.009419886395335197.
[I 2024-12-26 07:06:23,319] Trial 1370 finished with value: 0.011767910793423653 and parameters: {'L1_hidden_dim': 112, 'L1_layers_atom': 3, 'L1_layers_mol': 3, 'L1_dropout': 0.02080913363680878, 'L1_out_dim': 96, 'L2_hidden_dim': 176, 'L2_layers_atom': 1, 'L2_layers_mol': 4, 'L2_out_dim': 112, 'L2_dropout': 2.107382834240501e-05, 'L3_hidden_dim': 64, 'L3_layers_atom': 2, 'L3_layers_mol': 1, 'L3_out_dim': 96, 'L3_dropout': 0.15265415287380493, 'n_mlp_layers': 3, 'mlp_dim_0': 144, 'mlp_dim_1': 432, 'mlp_dim_2': 312, 'num_heads': 2, 'final_dropout': 0.2781545866759105, 'train_learning_rate': 0.00047785930818928715, 'train_lr_reduce': 0.6}. Best is trial 1073 with value: 0.009419886395335197.
[I 2024-12-26 07:07:09,244] Trial 1371 finished with value: 0.010596156120300293 and parameters: {'L1_hidden_dim': 64, 'L1_layers_atom': 2, 'L1_layers_mol': 3, 'L1_dropout': 0.09549574770900332, 'L1_out_dim': 80, 'L2_hidden_dim': 224, 'L2_layers_atom': 1, 'L2_layers_mol': 4, 'L2_out_dim': 128, 'L2_dropout': 0.003352635954970636, 'L3_hidden_dim': 128, 'L3_layers_atom': 4, 'L3_layers_mol': 1, 'L3_out_dim': 96, 'L3_dropout': 0.017494155041246053, 'n_mlp_layers': 3, 'mlp_dim_0': 408, 'mlp_dim_1': 400, 'mlp_dim_2': 384, 'num_heads': 2, 'final_dropout': 0.0214641982580433, 'train_learning_rate': 0.00044970195917985744, 'train_lr_reduce': 0.6}. Best is trial 1073 with value: 0.009419886395335197.
[I 2024-12-26 07:09:26,911] Trial 1372 finished with value: 0.013797851279377937 and parameters: {'L1_hidden_dim': 80, 'L1_layers_atom': 3, 'L1_layers_mol': 2, 'L1_dropout': 0.10044056395028786, 'L1_out_dim': 80, 'L2_hidden_dim': 224, 'L2_layers_atom': 1, 'L2_layers_mol': 4, 'L2_out_dim': 128, 'L2_dropout': 0.02425384019232549, 'L3_hidden_dim': 96, 'L3_layers_atom': 4, 'L3_layers_mol': 1, 'L3_out_dim': 128, 'L3_dropout': 0.07221868834533976, 'n_mlp_layers': 2, 'mlp_dim_0': 408, 'mlp_dim_1': 480, 'num_heads': 2, 'final_dropout': 0.056261782175338, 'train_learning_rate': 0.00019233975785749885, 'train_lr_reduce': 0.6}. Best is trial 1073 with value: 0.009419886395335197.
[I 2024-12-26 07:09:37,207] Trial 1373 finished with value: 0.018031230196356773 and parameters: {'L1_hidden_dim': 80, 'L1_layers_atom': 1, 'L1_layers_mol': 2, 'L1_dropout': 0.02981191527265303, 'L1_out_dim': 64, 'L2_hidden_dim': 144, 'L2_layers_atom': 1, 'L2_layers_mol': 4, 'L2_out_dim': 128, 'L2_dropout': 0.053469005770933706, 'L3_hidden_dim': 64, 'L3_layers_atom': 4, 'L3_layers_mol': 1, 'L3_out_dim': 112, 'L3_dropout': 0.17988357197957094, 'n_mlp_layers': 3, 'mlp_dim_0': 456, 'mlp_dim_1': 400, 'mlp_dim_2': 328, 'num_heads': 2, 'final_dropout': 0.1061508196084483, 'train_learning_rate': 0.00013854109982592877, 'train_lr_reduce': 0.6}. Best is trial 1073 with value: 0.009419886395335197.
[I 2024-12-26 07:09:55,292] Trial 1374 finished with value: 0.01398447435349226 and parameters: {'L1_hidden_dim': 64, 'L1_layers_atom': 3, 'L1_layers_mol': 3, 'L1_dropout': 0.03579459867377263, 'L1_out_dim': 32, 'L2_hidden_dim': 160, 'L2_layers_atom': 1, 'L2_layers_mol': 3, 'L2_out_dim': 128, 'L2_dropout': 0.0228814047747456, 'L3_hidden_dim': 96, 'L3_layers_atom': 4, 'L3_layers_mol': 1, 'L3_out_dim': 112, 'L3_dropout': 0.08336520976044576, 'n_mlp_layers': 2, 'mlp_dim_0': 376, 'mlp_dim_1': 472, 'num_heads': 2, 'final_dropout': 0.12053170802715876, 'train_learning_rate': 0.0007706690825245101, 'train_lr_reduce': 0.6}. Best is trial 1073 with value: 0.009419886395335197.
[I 2024-12-26 07:11:40,900] Trial 1375 finished with value: 0.011084913276135921 and parameters: {'L1_hidden_dim': 80, 'L1_layers_atom': 1, 'L1_layers_mol': 3, 'L1_dropout': 0.04742287817255851, 'L1_out_dim': 112, 'L2_hidden_dim': 224, 'L2_layers_atom': 1, 'L2_layers_mol': 3, 'L2_out_dim': 96, 'L2_dropout': 0.05469148539300478, 'L3_hidden_dim': 48, 'L3_layers_atom': 4, 'L3_layers_mol': 1, 'L3_out_dim': 128, 'L3_dropout': 0.07648050641428383, 'n_mlp_layers': 3, 'mlp_dim_0': 392, 'mlp_dim_1': 448, 'mlp_dim_2': 304, 'num_heads': 2, 'final_dropout': 0.07090764427009266, 'train_learning_rate': 0.000481748502306807, 'train_lr_reduce': 0.6}. Best is trial 1073 with value: 0.009419886395335197.
[I 2024-12-26 07:12:09,906] Trial 1376 finished with value: 0.010468577034771442 and parameters: {'L1_hidden_dim': 96, 'L1_layers_atom': 3, 'L1_layers_mol': 4, 'L1_dropout': 0.09741280660202578, 'L1_out_dim': 96, 'L2_hidden_dim': 256, 'L2_layers_atom': 1, 'L2_layers_mol': 2, 'L2_out_dim': 96, 'L2_dropout': 0.018384175096354337, 'L3_hidden_dim': 112, 'L3_layers_atom': 4, 'L3_layers_mol': 1, 'L3_out_dim': 112, 'L3_dropout': 0.06121677225927984, 'n_mlp_layers': 3, 'mlp_dim_0': 232, 'mlp_dim_1': 400, 'mlp_dim_2': 392, 'num_heads': 2, 'final_dropout': 0.09769760354365115, 'train_learning_rate': 0.0004388416057131701, 'train_lr_reduce': 0.6}. Best is trial 1073 with value: 0.009419886395335197.
[I 2024-12-26 07:13:17,481] Trial 1377 finished with value: 0.014524474740028381 and parameters: {'L1_hidden_dim': 160, 'L1_layers_atom': 3, 'L1_layers_mol': 2, 'L1_dropout': 0.006920959597123217, 'L1_out_dim': 64, 'L2_hidden_dim': 240, 'L2_layers_atom': 1, 'L2_layers_mol': 4, 'L2_out_dim': 128, 'L2_dropout': 0.03267818514535174, 'L3_hidden_dim': 32, 'L3_layers_atom': 1, 'L3_layers_mol': 2, 'L3_out_dim': 128, 'L3_dropout': 0.034193503047340264, 'n_mlp_layers': 2, 'mlp_dim_0': 464, 'mlp_dim_1': 512, 'num_heads': 2, 'final_dropout': 0.18731806825309832, 'train_learning_rate': 0.00011926276783192135, 'train_lr_reduce': 0.6}. Best is trial 1073 with value: 0.009419886395335197.
[I 2024-12-26 07:14:11,503] Trial 1378 finished with value: 0.010714984498918056 and parameters: {'L1_hidden_dim': 112, 'L1_layers_atom': 2, 'L1_layers_mol': 4, 'L1_dropout': 0.06975105862176406, 'L1_out_dim': 128, 'L2_hidden_dim': 240, 'L2_layers_atom': 1, 'L2_layers_mol': 3, 'L2_out_dim': 96, 'L2_dropout': 0.03834108741966482, 'L3_hidden_dim': 80, 'L3_layers_atom': 4, 'L3_layers_mol': 1, 'L3_out_dim': 96, 'L3_dropout': 0.07771939921253387, 'n_mlp_layers': 3, 'mlp_dim_0': 472, 'mlp_dim_1': 424, 'mlp_dim_2': 312, 'num_heads': 2, 'final_dropout': 0.16026881146866706, 'train_learning_rate': 0.0006394760829119303, 'train_lr_reduce': 0.6}. Best is trial 1073 with value: 0.009419886395335197.
[I 2024-12-26 07:14:42,847] Trial 1379 finished with value: 0.012298330664634705 and parameters: {'L1_hidden_dim': 224, 'L1_layers_atom': 1, 'L1_layers_mol': 2, 'L1_dropout': 0.13412543017550077, 'L1_out_dim': 32, 'L2_hidden_dim': 64, 'L2_layers_atom': 1, 'L2_layers_mol': 1, 'L2_out_dim': 112, 'L2_dropout': 0.10127590680109902, 'L3_hidden_dim': 96, 'L3_layers_atom': 4, 'L3_layers_mol': 3, 'L3_out_dim': 80, 'L3_dropout': 0.16682077143613955, 'n_mlp_layers': 1, 'mlp_dim_0': 408, 'num_heads': 2, 'final_dropout': 0.29491971517996424, 'train_learning_rate': 0.001639756024750143, 'train_lr_reduce': 0.6}. Best is trial 1073 with value: 0.009419886395335197.
[I 2024-12-26 07:16:07,477] Trial 1380 finished with value: 0.01180899515748024 and parameters: {'L1_hidden_dim': 128, 'L1_layers_atom': 1, 'L1_layers_mol': 2, 'L1_dropout': 0.047199047724447524, 'L1_out_dim': 80, 'L2_hidden_dim': 192, 'L2_layers_atom': 2, 'L2_layers_mol': 4, 'L2_out_dim': 128, 'L2_dropout': 0.03509283327670716, 'L3_hidden_dim': 32, 'L3_layers_atom': 3, 'L3_layers_mol': 1, 'L3_out_dim': 128, 'L3_dropout': 0.1470513446813648, 'n_mlp_layers': 3, 'mlp_dim_0': 288, 'mlp_dim_1': 384, 'mlp_dim_2': 368, 'num_heads': 2, 'final_dropout': 0.03409271096561953, 'train_learning_rate': 0.00041326312273438204, 'train_lr_reduce': 0.6}. Best is trial 1073 with value: 0.009419886395335197.
[I 2024-12-26 07:16:12,889] Trial 1381 finished with value: 0.010402033105492592 and parameters: {'L1_hidden_dim': 176, 'L1_layers_atom': 3, 'L1_layers_mol': 3, 'L1_dropout': 0.013516263492430507, 'L1_out_dim': 32, 'L2_hidden_dim': 208, 'L2_layers_atom': 1, 'L2_layers_mol': 2, 'L2_out_dim': 96, 'L2_dropout': 0.03887231674378315, 'L3_hidden_dim': 80, 'L3_layers_atom': 1, 'L3_layers_mol': 4, 'L3_out_dim': 96, 'L3_dropout': 0.23636205258030507, 'n_mlp_layers': 3, 'mlp_dim_0': 488, 'mlp_dim_1': 472, 'mlp_dim_2': 304, 'num_heads': 1, 'final_dropout': 0.11345986648194784, 'train_learning_rate': 0.00044145183494554856, 'train_lr_reduce': 0.6}. Best is trial 1073 with value: 0.009419886395335197.
[I 2024-12-26 07:17:07,031] Trial 1382 finished with value: 0.011566243134438992 and parameters: {'L1_hidden_dim': 160, 'L1_layers_atom': 3, 'L1_layers_mol': 4, 'L1_dropout': 0.021100207931568193, 'L1_out_dim': 96, 'L2_hidden_dim': 208, 'L2_layers_atom': 1, 'L2_layers_mol': 4, 'L2_out_dim': 112, 'L2_dropout': 0.1180706138554456, 'L3_hidden_dim': 80, 'L3_layers_atom': 3, 'L3_layers_mol': 1, 'L3_out_dim': 112, 'L3_dropout': 0.038908333603346654, 'n_mlp_layers': 3, 'mlp_dim_0': 176, 'mlp_dim_1': 440, 'mlp_dim_2': 312, 'num_heads': 2, 'final_dropout': 0.2654995796545558, 'train_learning_rate': 0.0005193007388820672, 'train_lr_reduce': 0.6}. Best is trial 1073 with value: 0.009419886395335197.
[I 2024-12-26 07:18:18,929] Trial 1384 finished with value: 0.014762750826776028 and parameters: {'L1_hidden_dim': 224, 'L1_layers_atom': 4, 'L1_layers_mol': 4, 'L1_dropout': 0.026163555392658116, 'L1_out_dim': 32, 'L2_hidden_dim': 160, 'L2_layers_atom': 1, 'L2_layers_mol': 2, 'L2_out_dim': 96, 'L2_dropout': 0.08959544914362466, 'L3_hidden_dim': 128, 'L3_layers_atom': 3, 'L3_layers_mol': 1, 'L3_out_dim': 96, 'L3_dropout': 0.2850320540629642, 'n_mlp_layers': 3, 'mlp_dim_0': 480, 'mlp_dim_1': 480, 'mlp_dim_2': 352, 'num_heads': 1, 'final_dropout': 0.1978098986656567, 'train_learning_rate': 0.0001759918372584635, 'train_lr_reduce': 0.6}. Best is trial 1073 with value: 0.009419886395335197.
[I 2024-12-26 07:19:06,575] Trial 1383 finished with value: 0.011365491896867752 and parameters: {'L1_hidden_dim': 96, 'L1_layers_atom': 3, 'L1_layers_mol': 4, 'L1_dropout': 0.01593463473600579, 'L1_out_dim': 112, 'L2_hidden_dim': 208, 'L2_layers_atom': 1, 'L2_layers_mol': 4, 'L2_out_dim': 64, 'L2_dropout': 0.026592689527971423, 'L3_hidden_dim': 48, 'L3_layers_atom': 4, 'L3_layers_mol': 1, 'L3_out_dim': 128, 'L3_dropout': 0.054525781561279824, 'n_mlp_layers': 3, 'mlp_dim_0': 184, 'mlp_dim_1': 392, 'mlp_dim_2': 424, 'num_heads': 2, 'final_dropout': 0.09027803184340864, 'train_learning_rate': 0.0004256289959537627, 'train_lr_reduce': 0.6}. Best is trial 1073 with value: 0.009419886395335197.
[I 2024-12-26 07:19:21,400] Trial 1385 finished with value: 0.012800231575965881 and parameters: {'L1_hidden_dim': 96, 'L1_layers_atom': 3, 'L1_layers_mol': 3, 'L1_dropout': 0.12135271940534192, 'L1_out_dim': 96, 'L2_hidden_dim': 240, 'L2_layers_atom': 1, 'L2_layers_mol': 4, 'L2_out_dim': 96, 'L2_dropout': 0.03846217199660789, 'L3_hidden_dim': 96, 'L3_layers_atom': 4, 'L3_layers_mol': 1, 'L3_out_dim': 112, 'L3_dropout': 0.143264519342032, 'n_mlp_layers': 2, 'mlp_dim_0': 80, 'mlp_dim_1': 448, 'num_heads': 2, 'final_dropout': 0.06914333566845704, 'train_learning_rate': 0.0005272252451914235, 'train_lr_reduce': 0.6}. Best is trial 1073 with value: 0.009419886395335197.
[I 2024-12-26 07:21:31,161] Trial 1387 finished with value: 0.01428348571062088 and parameters: {'L1_hidden_dim': 64, 'L1_layers_atom': 3, 'L1_layers_mol': 3, 'L1_dropout': 0.08712730588813547, 'L1_out_dim': 64, 'L2_hidden_dim': 240, 'L2_layers_atom': 1, 'L2_layers_mol': 4, 'L2_out_dim': 112, 'L2_dropout': 0.05565468240570083, 'L3_hidden_dim': 64, 'L3_layers_atom': 3, 'L3_layers_mol': 1, 'L3_out_dim': 96, 'L3_dropout': 0.01668484845054062, 'n_mlp_layers': 3, 'mlp_dim_0': 456, 'mlp_dim_1': 376, 'mlp_dim_2': 296, 'num_heads': 2, 'final_dropout': 0.06892616623890505, 'train_learning_rate': 0.0002542446111568474, 'train_lr_reduce': 0.6}. Best is trial 1073 with value: 0.009419886395335197.
[I 2024-12-26 07:21:58,663] Trial 1386 finished with value: 0.01146884448826313 and parameters: {'L1_hidden_dim': 112, 'L1_layers_atom': 3, 'L1_layers_mol': 3, 'L1_dropout': 0.10696092879468125, 'L1_out_dim': 128, 'L2_hidden_dim': 256, 'L2_layers_atom': 2, 'L2_layers_mol': 4, 'L2_out_dim': 128, 'L2_dropout': 0.025717697496685177, 'L3_hidden_dim': 112, 'L3_layers_atom': 3, 'L3_layers_mol': 1, 'L3_out_dim': 128, 'L3_dropout': 0.029632345348430195, 'n_mlp_layers': 3, 'mlp_dim_0': 432, 'mlp_dim_1': 216, 'mlp_dim_2': 312, 'num_heads': 2, 'final_dropout': 0.06554080461637057, 'train_learning_rate': 0.00021806552736567238, 'train_lr_reduce': 0.6}. Best is trial 1073 with value: 0.009419886395335197.
[I 2024-12-26 07:22:02,268] Trial 1388 finished with value: 0.01620732806622982 and parameters: {'L1_hidden_dim': 64, 'L1_layers_atom': 3, 'L1_layers_mol': 4, 'L1_dropout': 0.005846574445931585, 'L1_out_dim': 128, 'L2_hidden_dim': 224, 'L2_layers_atom': 1, 'L2_layers_mol': 2, 'L2_out_dim': 96, 'L2_dropout': 0.11122906800052729, 'L3_hidden_dim': 80, 'L3_layers_atom': 3, 'L3_layers_mol': 1, 'L3_out_dim': 112, 'L3_dropout': 0.08295136636409682, 'n_mlp_layers': 3, 'mlp_dim_0': 280, 'mlp_dim_1': 432, 'mlp_dim_2': 376, 'num_heads': 2, 'final_dropout': 0.08092022907898835, 'train_learning_rate': 0.00017793323324131357, 'train_lr_reduce': 0.6}. Best is trial 1073 with value: 0.009419886395335197.
