[I 2024-12-25 14:28:55,693] Trial 258 finished with value: 0.08250675350427628 and parameters: {'L1_hidden_dim': 96, 'L1_layers_atom': 3, 'L1_layers_mol': 3, 'L1_dropout': 0.14910703578862303, 'L1_out_dim': 80, 'L2_hidden_dim': 192, 'L2_layers_atom': 2, 'L2_layers_mol': 2, 'L2_out_dim': 112, 'L2_dropout': 0.015659201298667637, 'L3_hidden_dim': 32, 'L3_layers_atom': 4, 'L3_layers_mol': 1, 'L3_out_dim': 128, 'L3_dropout': 0.194521742501872, 'n_mlp_layers': 2, 'mlp_dim_0': 56, 'mlp_dim_1': 424, 'num_heads': 1, 'final_dropout': 0.04792391736167395, 'train_learning_rate': 0.0013920792823351926, 'train_lr_reduce': 0.6}. Best is trial 203 with value: 0.05814646929502487.
[I 2024-12-25 14:28:56,077] Trial 256 finished with value: 0.06561721861362457 and parameters: {'L1_hidden_dim': 144, 'L1_layers_atom': 3, 'L1_layers_mol': 4, 'L1_dropout': 0.282624863174389, 'L1_out_dim': 112, 'L2_hidden_dim': 160, 'L2_layers_atom': 1, 'L2_layers_mol': 1, 'L2_out_dim': 112, 'L2_dropout': 0.020154635753498205, 'L3_hidden_dim': 32, 'L3_layers_atom': 3, 'L3_layers_mol': 1, 'L3_out_dim': 96, 'L3_dropout': 0.15250066613563043, 'n_mlp_layers': 3, 'mlp_dim_0': 96, 'mlp_dim_1': 408, 'mlp_dim_2': 208, 'num_heads': 1, 'final_dropout': 0.13908587292759708, 'train_learning_rate': 0.000335467859797444, 'train_lr_reduce': 0.6}. Best is trial 203 with value: 0.05814646929502487.
[I 2024-12-25 14:29:58,049] Trial 254 finished with value: 0.08223557472229004 and parameters: {'L1_hidden_dim': 128, 'L1_layers_atom': 4, 'L1_layers_mol': 2, 'L1_dropout': 0.19148966518957194, 'L1_out_dim': 80, 'L2_hidden_dim': 160, 'L2_layers_atom': 2, 'L2_layers_mol': 3, 'L2_out_dim': 128, 'L2_dropout': 0.018027931187083457, 'L3_hidden_dim': 48, 'L3_layers_atom': 4, 'L3_layers_mol': 4, 'L3_out_dim': 112, 'L3_dropout': 0.1835922808486761, 'n_mlp_layers': 2, 'mlp_dim_0': 152, 'mlp_dim_1': 384, 'num_heads': 2, 'final_dropout': 0.1388954871104437, 'train_learning_rate': 0.00011357845622236792, 'train_lr_reduce': 0.6}. Best is trial 203 with value: 0.05814646929502487.
[I 2024-12-25 14:30:21,373] Trial 259 finished with value: 0.07406404614448547 and parameters: {'L1_hidden_dim': 64, 'L1_layers_atom': 4, 'L1_layers_mol': 4, 'L1_dropout': 0.2694332498421092, 'L1_out_dim': 112, 'L2_hidden_dim': 128, 'L2_layers_atom': 1, 'L2_layers_mol': 2, 'L2_out_dim': 96, 'L2_dropout': 0.07887693254247191, 'L3_hidden_dim': 64, 'L3_layers_atom': 3, 'L3_layers_mol': 1, 'L3_out_dim': 96, 'L3_dropout': 0.2949908527191509, 'n_mlp_layers': 3, 'mlp_dim_0': 88, 'mlp_dim_1': 344, 'mlp_dim_2': 192, 'num_heads': 1, 'final_dropout': 0.19290890433731844, 'train_learning_rate': 0.001280951634925603, 'train_lr_reduce': 0.6}. Best is trial 203 with value: 0.05814646929502487.
[I 2024-12-25 14:30:28,656] Trial 260 finished with value: 0.08427742123603821 and parameters: {'L1_hidden_dim': 80, 'L1_layers_atom': 3, 'L1_layers_mol': 3, 'L1_dropout': 0.22205655302888955, 'L1_out_dim': 96, 'L2_hidden_dim': 240, 'L2_layers_atom': 2, 'L2_layers_mol': 2, 'L2_out_dim': 80, 'L2_dropout': 0.13606417629576495, 'L3_hidden_dim': 64, 'L3_layers_atom': 4, 'L3_layers_mol': 1, 'L3_out_dim': 80, 'L3_dropout': 0.29132422465810726, 'n_mlp_layers': 2, 'mlp_dim_0': 360, 'mlp_dim_1': 392, 'num_heads': 1, 'final_dropout': 0.04277016749197518, 'train_learning_rate': 0.00029621291331405667, 'train_lr_reduce': 0.6}. Best is trial 203 with value: 0.05814646929502487.
[I 2024-12-25 14:31:34,178] Trial 262 finished with value: 0.08949680626392365 and parameters: {'L1_hidden_dim': 128, 'L1_layers_atom': 2, 'L1_layers_mol': 3, 'L1_dropout': 0.2501582441390547, 'L1_out_dim': 128, 'L2_hidden_dim': 160, 'L2_layers_atom': 1, 'L2_layers_mol': 1, 'L2_out_dim': 112, 'L2_dropout': 0.045848550638996996, 'L3_hidden_dim': 48, 'L3_layers_atom': 3, 'L3_layers_mol': 1, 'L3_out_dim': 96, 'L3_dropout': 0.02785060286069431, 'n_mlp_layers': 3, 'mlp_dim_0': 120, 'mlp_dim_1': 400, 'mlp_dim_2': 208, 'num_heads': 1, 'final_dropout': 0.1094342924645803, 'train_learning_rate': 0.000737026293395783, 'train_lr_reduce': 0.6}. Best is trial 203 with value: 0.05814646929502487.
[I 2024-12-25 14:31:56,490] Trial 261 finished with value: 0.09306558221578598 and parameters: {'L1_hidden_dim': 80, 'L1_layers_atom': 4, 'L1_layers_mol': 2, 'L1_dropout': 0.11028542153894033, 'L1_out_dim': 64, 'L2_hidden_dim': 208, 'L2_layers_atom': 3, 'L2_layers_mol': 2, 'L2_out_dim': 64, 'L2_dropout': 0.07247560584937383, 'L3_hidden_dim': 64, 'L3_layers_atom': 4, 'L3_layers_mol': 1, 'L3_out_dim': 64, 'L3_dropout': 0.27931730655448356, 'n_mlp_layers': 1, 'mlp_dim_0': 272, 'num_heads': 1, 'final_dropout': 0.0115606169671012, 'train_learning_rate': 0.0009222879630147351, 'train_lr_reduce': 0.6}. Best is trial 203 with value: 0.05814646929502487.
[I 2024-12-25 14:32:39,831] Trial 264 finished with value: 0.09234876930713654 and parameters: {'L1_hidden_dim': 96, 'L1_layers_atom': 3, 'L1_layers_mol': 4, 'L1_dropout': 0.23920967568673376, 'L1_out_dim': 32, 'L2_hidden_dim': 256, 'L2_layers_atom': 4, 'L2_layers_mol': 1, 'L2_out_dim': 96, 'L2_dropout': 0.04082858910021051, 'L3_hidden_dim': 48, 'L3_layers_atom': 4, 'L3_layers_mol': 1, 'L3_out_dim': 112, 'L3_dropout': 0.19362983589831737, 'n_mlp_layers': 3, 'mlp_dim_0': 280, 'mlp_dim_1': 408, 'mlp_dim_2': 200, 'num_heads': 1, 'final_dropout': 0.12349582238251938, 'train_learning_rate': 0.0025062837949941436, 'train_lr_reduce': 0.6}. Best is trial 203 with value: 0.05814646929502487.
[I 2024-12-25 14:33:14,391] Trial 263 finished with value: 0.06742176413536072 and parameters: {'L1_hidden_dim': 64, 'L1_layers_atom': 4, 'L1_layers_mol': 1, 'L1_dropout': 0.1884424612971544, 'L1_out_dim': 64, 'L2_hidden_dim': 240, 'L2_layers_atom': 2, 'L2_layers_mol': 2, 'L2_out_dim': 112, 'L2_dropout': 0.039628971448623485, 'L3_hidden_dim': 64, 'L3_layers_atom': 3, 'L3_layers_mol': 2, 'L3_out_dim': 80, 'L3_dropout': 0.1916641705749033, 'n_mlp_layers': 1, 'mlp_dim_0': 272, 'num_heads': 2, 'final_dropout': 0.028920750982548607, 'train_learning_rate': 0.00021483317998919214, 'train_lr_reduce': 0.6}. Best is trial 203 with value: 0.05814646929502487.
[I 2024-12-25 14:34:10,525] Trial 265 finished with value: 0.06641750037670135 and parameters: {'L1_hidden_dim': 64, 'L1_layers_atom': 3, 'L1_layers_mol': 1, 'L1_dropout': 0.15387237778363214, 'L1_out_dim': 48, 'L2_hidden_dim': 208, 'L2_layers_atom': 3, 'L2_layers_mol': 1, 'L2_out_dim': 112, 'L2_dropout': 0.06130456726430458, 'L3_hidden_dim': 112, 'L3_layers_atom': 3, 'L3_layers_mol': 3, 'L3_out_dim': 128, 'L3_dropout': 0.22607953290878438, 'n_mlp_layers': 2, 'mlp_dim_0': 144, 'mlp_dim_1': 328, 'num_heads': 2, 'final_dropout': 0.006136137242929444, 'train_learning_rate': 0.00023058376190307058, 'train_lr_reduce': 0.6}. Best is trial 203 with value: 0.05814646929502487.
[I 2024-12-25 14:34:41,399] Trial 266 finished with value: 0.06878255307674408 and parameters: {'L1_hidden_dim': 160, 'L1_layers_atom': 3, 'L1_layers_mol': 4, 'L1_dropout': 0.2880332326467585, 'L1_out_dim': 112, 'L2_hidden_dim': 192, 'L2_layers_atom': 1, 'L2_layers_mol': 1, 'L2_out_dim': 96, 'L2_dropout': 0.016708734182303897, 'L3_hidden_dim': 48, 'L3_layers_atom': 4, 'L3_layers_mol': 2, 'L3_out_dim': 80, 'L3_dropout': 0.18217078587114532, 'n_mlp_layers': 3, 'mlp_dim_0': 112, 'mlp_dim_1': 416, 'mlp_dim_2': 224, 'num_heads': 1, 'final_dropout': 0.056522179988261256, 'train_learning_rate': 0.00024567591898603787, 'train_lr_reduce': 0.6}. Best is trial 203 with value: 0.05814646929502487.
[I 2024-12-25 14:34:57,549] Trial 267 finished with value: 0.0881664901971817 and parameters: {'L1_hidden_dim': 64, 'L1_layers_atom': 3, 'L1_layers_mol': 1, 'L1_dropout': 0.14980775404113544, 'L1_out_dim': 80, 'L2_hidden_dim': 256, 'L2_layers_atom': 2, 'L2_layers_mol': 2, 'L2_out_dim': 128, 'L2_dropout': 0.018986064350511478, 'L3_hidden_dim': 32, 'L3_layers_atom': 4, 'L3_layers_mol': 2, 'L3_out_dim': 96, 'L3_dropout': 0.2334806647692783, 'n_mlp_layers': 3, 'mlp_dim_0': 72, 'mlp_dim_1': 184, 'mlp_dim_2': 160, 'num_heads': 2, 'final_dropout': 0.092915789689719, 'train_learning_rate': 0.0005587691397037514, 'train_lr_reduce': 0.6}. Best is trial 203 with value: 0.05814646929502487.
[I 2024-12-25 14:35:59,024] Trial 268 finished with value: 0.09312868863344193 and parameters: {'L1_hidden_dim': 96, 'L1_layers_atom': 4, 'L1_layers_mol': 1, 'L1_dropout': 0.1552198490706241, 'L1_out_dim': 32, 'L2_hidden_dim': 176, 'L2_layers_atom': 3, 'L2_layers_mol': 1, 'L2_out_dim': 128, 'L2_dropout': 0.10999846232153224, 'L3_hidden_dim': 112, 'L3_layers_atom': 3, 'L3_layers_mol': 3, 'L3_out_dim': 112, 'L3_dropout': 0.13785893070078337, 'n_mlp_layers': 2, 'mlp_dim_0': 200, 'mlp_dim_1': 320, 'num_heads': 2, 'final_dropout': 0.029774224767023013, 'train_learning_rate': 0.00015406517834028028, 'train_lr_reduce': 0.6}. Best is trial 203 with value: 0.05814646929502487.
[I 2024-12-25 14:36:22,263] Trial 269 finished with value: 0.05967088043689728 and parameters: {'L1_hidden_dim': 112, 'L1_layers_atom': 3, 'L1_layers_mol': 3, 'L1_dropout': 0.2129382716662618, 'L1_out_dim': 96, 'L2_hidden_dim': 224, 'L2_layers_atom': 2, 'L2_layers_mol': 3, 'L2_out_dim': 128, 'L2_dropout': 0.044614843274438196, 'L3_hidden_dim': 112, 'L3_layers_atom': 3, 'L3_layers_mol': 1, 'L3_out_dim': 128, 'L3_dropout': 0.1888846817880587, 'n_mlp_layers': 3, 'mlp_dim_0': 312, 'mlp_dim_1': 304, 'mlp_dim_2': 144, 'num_heads': 1, 'final_dropout': 0.09673323196888646, 'train_learning_rate': 0.0019910668069529256, 'train_lr_reduce': 0.6}. Best is trial 203 with value: 0.05814646929502487.
[I 2024-12-25 14:36:25,376] Trial 270 finished with value: 0.0684928223490715 and parameters: {'L1_hidden_dim': 96, 'L1_layers_atom': 4, 'L1_layers_mol': 4, 'L1_dropout': 0.09067119651018606, 'L1_out_dim': 80, 'L2_hidden_dim': 256, 'L2_layers_atom': 2, 'L2_layers_mol': 1, 'L2_out_dim': 128, 'L2_dropout': 0.012089930519397331, 'L3_hidden_dim': 64, 'L3_layers_atom': 3, 'L3_layers_mol': 2, 'L3_out_dim': 112, 'L3_dropout': 0.2541798528225778, 'n_mlp_layers': 3, 'mlp_dim_0': 320, 'mlp_dim_1': 344, 'mlp_dim_2': 176, 'num_heads': 1, 'final_dropout': 0.0018597301481228102, 'train_learning_rate': 0.0004920624012068306, 'train_lr_reduce': 0.6}. Best is trial 203 with value: 0.05814646929502487.
[I 2024-12-25 14:37:07,017] Trial 273 finished with value: 0.36792343854904175 and parameters: {'L1_hidden_dim': 144, 'L1_layers_atom': 3, 'L1_layers_mol': 2, 'L1_dropout': 0.24844866913835922, 'L1_out_dim': 96, 'L2_hidden_dim': 192, 'L2_layers_atom': 3, 'L2_layers_mol': 4, 'L2_out_dim': 96, 'L2_dropout': 0.05923307941096145, 'L3_hidden_dim': 96, 'L3_layers_atom': 4, 'L3_layers_mol': 1, 'L3_out_dim': 128, 'L3_dropout': 0.18271249476454174, 'n_mlp_layers': 3, 'mlp_dim_0': 384, 'mlp_dim_1': 304, 'mlp_dim_2': 112, 'num_heads': 1, 'final_dropout': 0.1762165355503039, 'train_learning_rate': 0.0016161627187866855, 'train_lr_reduce': 0.6}. Best is trial 203 with value: 0.05814646929502487.
[I 2024-12-25 14:37:36,086] Trial 271 finished with value: 0.06973899900913239 and parameters: {'L1_hidden_dim': 112, 'L1_layers_atom': 4, 'L1_layers_mol': 3, 'L1_dropout': 0.2430649091735578, 'L1_out_dim': 96, 'L2_hidden_dim': 240, 'L2_layers_atom': 3, 'L2_layers_mol': 1, 'L2_out_dim': 64, 'L2_dropout': 0.04839919962518265, 'L3_hidden_dim': 96, 'L3_layers_atom': 4, 'L3_layers_mol': 3, 'L3_out_dim': 64, 'L3_dropout': 0.2748720645430932, 'n_mlp_layers': 3, 'mlp_dim_0': 72, 'mlp_dim_1': 336, 'mlp_dim_2': 208, 'num_heads': 1, 'final_dropout': 0.010162589361028374, 'train_learning_rate': 0.0007053731571030473, 'train_lr_reduce': 0.6}. Best is trial 203 with value: 0.05814646929502487.
[I 2024-12-25 14:38:14,045] Trial 272 finished with value: 0.07153783738613129 and parameters: {'L1_hidden_dim': 160, 'L1_layers_atom': 3, 'L1_layers_mol': 2, 'L1_dropout': 0.10047014848943202, 'L1_out_dim': 128, 'L2_hidden_dim': 192, 'L2_layers_atom': 4, 'L2_layers_mol': 1, 'L2_out_dim': 64, 'L2_dropout': 0.008982877575363868, 'L3_hidden_dim': 112, 'L3_layers_atom': 4, 'L3_layers_mol': 1, 'L3_out_dim': 80, 'L3_dropout': 0.233385330961826, 'n_mlp_layers': 2, 'mlp_dim_0': 312, 'mlp_dim_1': 264, 'num_heads': 1, 'final_dropout': 0.1550301041375757, 'train_learning_rate': 0.00042818527037748264, 'train_lr_reduce': 0.6}. Best is trial 203 with value: 0.05814646929502487.
[I 2024-12-25 14:38:37,267] Trial 274 finished with value: 0.09499019384384155 and parameters: {'L1_hidden_dim': 144, 'L1_layers_atom': 2, 'L1_layers_mol': 2, 'L1_dropout': 0.22311293660861004, 'L1_out_dim': 112, 'L2_hidden_dim': 176, 'L2_layers_atom': 4, 'L2_layers_mol': 2, 'L2_out_dim': 80, 'L2_dropout': 0.15747609772917726, 'L3_hidden_dim': 112, 'L3_layers_atom': 4, 'L3_layers_mol': 1, 'L3_out_dim': 48, 'L3_dropout': 0.24905335903869652, 'n_mlp_layers': 3, 'mlp_dim_0': 296, 'mlp_dim_1': 296, 'mlp_dim_2': 128, 'num_heads': 1, 'final_dropout': 0.07661525548677578, 'train_learning_rate': 0.001342313131177542, 'train_lr_reduce': 0.6}. Best is trial 203 with value: 0.05814646929502487.
[I 2024-12-25 14:39:41,687] Trial 275 finished with value: 0.07262158393859863 and parameters: {'L1_hidden_dim': 80, 'L1_layers_atom': 4, 'L1_layers_mol': 2, 'L1_dropout': 0.14711988957929015, 'L1_out_dim': 64, 'L2_hidden_dim': 176, 'L2_layers_atom': 1, 'L2_layers_mol': 1, 'L2_out_dim': 112, 'L2_dropout': 0.040122787635658505, 'L3_hidden_dim': 32, 'L3_layers_atom': 3, 'L3_layers_mol': 3, 'L3_out_dim': 112, 'L3_dropout': 0.15822038607828004, 'n_mlp_layers': 2, 'mlp_dim_0': 184, 'mlp_dim_1': 296, 'num_heads': 2, 'final_dropout': 0.03643213553282275, 'train_learning_rate': 0.00011807165942767073, 'train_lr_reduce': 0.6}. Best is trial 203 with value: 0.05814646929502487.
[I 2024-12-25 14:40:21,354] Trial 277 finished with value: 0.06710167229175568 and parameters: {'L1_hidden_dim': 96, 'L1_layers_atom': 4, 'L1_layers_mol': 3, 'L1_dropout': 0.21560704843654596, 'L1_out_dim': 128, 'L2_hidden_dim': 256, 'L2_layers_atom': 2, 'L2_layers_mol': 1, 'L2_out_dim': 128, 'L2_dropout': 0.020907392639899384, 'L3_hidden_dim': 32, 'L3_layers_atom': 3, 'L3_layers_mol': 3, 'L3_out_dim': 96, 'L3_dropout': 0.25155628241167943, 'n_mlp_layers': 3, 'mlp_dim_0': 208, 'mlp_dim_1': 336, 'mlp_dim_2': 160, 'num_heads': 2, 'final_dropout': 0.031801452180578886, 'train_learning_rate': 0.00014683552723101744, 'train_lr_reduce': 0.6}. Best is trial 203 with value: 0.05814646929502487.
[I 2024-12-25 14:41:16,432] Trial 276 finished with value: 0.11790328472852707 and parameters: {'L1_hidden_dim': 80, 'L1_layers_atom': 4, 'L1_layers_mol': 3, 'L1_dropout': 0.2009125412162583, 'L1_out_dim': 80, 'L2_hidden_dim': 240, 'L2_layers_atom': 1, 'L2_layers_mol': 3, 'L2_out_dim': 96, 'L2_dropout': 0.04515348886605639, 'L3_hidden_dim': 112, 'L3_layers_atom': 2, 'L3_layers_mol': 1, 'L3_out_dim': 128, 'L3_dropout': 0.19908530096230934, 'n_mlp_layers': 3, 'mlp_dim_0': 264, 'mlp_dim_1': 312, 'mlp_dim_2': 136, 'num_heads': 2, 'final_dropout': 0.08750204582634458, 'train_learning_rate': 0.0035375217801641764, 'train_lr_reduce': 0.6}. Best is trial 203 with value: 0.05814646929502487.
[I 2024-12-25 14:41:23,398] Trial 278 finished with value: 0.08106371015310287 and parameters: {'L1_hidden_dim': 160, 'L1_layers_atom': 3, 'L1_layers_mol': 4, 'L1_dropout': 0.26516527350210595, 'L1_out_dim': 80, 'L2_hidden_dim': 160, 'L2_layers_atom': 2, 'L2_layers_mol': 1, 'L2_out_dim': 64, 'L2_dropout': 0.039577583411625386, 'L3_hidden_dim': 32, 'L3_layers_atom': 4, 'L3_layers_mol': 1, 'L3_out_dim': 112, 'L3_dropout': 0.0840459708108844, 'n_mlp_layers': 2, 'mlp_dim_0': 136, 'mlp_dim_1': 376, 'num_heads': 1, 'final_dropout': 0.21996865665390825, 'train_learning_rate': 0.0007830336499327468, 'train_lr_reduce': 0.6}. Best is trial 203 with value: 0.05814646929502487.
[I 2024-12-25 14:41:41,394] Trial 279 finished with value: 0.08982578665018082 and parameters: {'L1_hidden_dim': 160, 'L1_layers_atom': 2, 'L1_layers_mol': 3, 'L1_dropout': 0.16570052073577365, 'L1_out_dim': 80, 'L2_hidden_dim': 224, 'L2_layers_atom': 3, 'L2_layers_mol': 1, 'L2_out_dim': 32, 'L2_dropout': 0.15745919663942998, 'L3_hidden_dim': 112, 'L3_layers_atom': 4, 'L3_layers_mol': 1, 'L3_out_dim': 32, 'L3_dropout': 0.19381138002203063, 'n_mlp_layers': 3, 'mlp_dim_0': 448, 'mlp_dim_1': 256, 'mlp_dim_2': 200, 'num_heads': 1, 'final_dropout': 0.06221690817362065, 'train_learning_rate': 0.0012460695287547512, 'train_lr_reduce': 0.6}. Best is trial 203 with value: 0.05814646929502487.
[I 2024-12-25 14:43:29,335] Trial 281 finished with value: 0.06381548196077347 and parameters: {'L1_hidden_dim': 80, 'L1_layers_atom': 3, 'L1_layers_mol': 1, 'L1_dropout': 0.17382622273200915, 'L1_out_dim': 48, 'L2_hidden_dim': 224, 'L2_layers_atom': 3, 'L2_layers_mol': 2, 'L2_out_dim': 112, 'L2_dropout': 0.038141716571719976, 'L3_hidden_dim': 112, 'L3_layers_atom': 3, 'L3_layers_mol': 3, 'L3_out_dim': 112, 'L3_dropout': 0.17993325285105355, 'n_mlp_layers': 2, 'mlp_dim_0': 88, 'mlp_dim_1': 456, 'num_heads': 2, 'final_dropout': 0.037914739386395904, 'train_learning_rate': 0.00022614998399737016, 'train_lr_reduce': 0.6}. Best is trial 203 with value: 0.05814646929502487.
[I 2024-12-25 14:43:54,312] Trial 280 finished with value: 0.07668101787567139 and parameters: {'L1_hidden_dim': 112, 'L1_layers_atom': 4, 'L1_layers_mol': 3, 'L1_dropout': 0.17470808477686206, 'L1_out_dim': 112, 'L2_hidden_dim': 240, 'L2_layers_atom': 3, 'L2_layers_mol': 1, 'L2_out_dim': 96, 'L2_dropout': 0.11128060465936238, 'L3_hidden_dim': 80, 'L3_layers_atom': 4, 'L3_layers_mol': 1, 'L3_out_dim': 80, 'L3_dropout': 0.2669243413173811, 'n_mlp_layers': 1, 'mlp_dim_0': 112, 'num_heads': 1, 'final_dropout': 0.07019289341328055, 'train_learning_rate': 0.0008514065968613939, 'train_lr_reduce': 0.6}. Best is trial 203 with value: 0.05814646929502487.
[I 2024-12-25 14:44:03,870] Trial 282 finished with value: 0.06148502603173256 and parameters: {'L1_hidden_dim': 64, 'L1_layers_atom': 2, 'L1_layers_mol': 1, 'L1_dropout': 0.12670125993072678, 'L1_out_dim': 32, 'L2_hidden_dim': 128, 'L2_layers_atom': 2, 'L2_layers_mol': 1, 'L2_out_dim': 112, 'L2_dropout': 0.024381664988553917, 'L3_hidden_dim': 96, 'L3_layers_atom': 4, 'L3_layers_mol': 1, 'L3_out_dim': 64, 'L3_dropout': 0.06340745158476194, 'n_mlp_layers': 2, 'mlp_dim_0': 424, 'mlp_dim_1': 512, 'num_heads': 1, 'final_dropout': 0.0715136060935357, 'train_learning_rate': 0.00031020495529000814, 'train_lr_reduce': 0.6}. Best is trial 203 with value: 0.05814646929502487.
[I 2024-12-25 14:45:00,815] Trial 283 finished with value: 0.06812608242034912 and parameters: {'L1_hidden_dim': 96, 'L1_layers_atom': 3, 'L1_layers_mol': 4, 'L1_dropout': 0.2422766720620929, 'L1_out_dim': 64, 'L2_hidden_dim': 240, 'L2_layers_atom': 1, 'L2_layers_mol': 1, 'L2_out_dim': 96, 'L2_dropout': 0.02846871539298945, 'L3_hidden_dim': 48, 'L3_layers_atom': 3, 'L3_layers_mol': 3, 'L3_out_dim': 128, 'L3_dropout': 0.29503108489997293, 'n_mlp_layers': 3, 'mlp_dim_0': 72, 'mlp_dim_1': 440, 'mlp_dim_2': 312, 'num_heads': 1, 'final_dropout': 0.009127996425167807, 'train_learning_rate': 0.0005174036874700156, 'train_lr_reduce': 0.6}. Best is trial 203 with value: 0.05814646929502487.
[I 2024-12-25 14:45:20,712] Trial 284 finished with value: 0.07781915366649628 and parameters: {'L1_hidden_dim': 128, 'L1_layers_atom': 3, 'L1_layers_mol': 3, 'L1_dropout': 0.18796109239021785, 'L1_out_dim': 96, 'L2_hidden_dim': 176, 'L2_layers_atom': 2, 'L2_layers_mol': 4, 'L2_out_dim': 128, 'L2_dropout': 0.12182843356094383, 'L3_hidden_dim': 128, 'L3_layers_atom': 3, 'L3_layers_mol': 1, 'L3_out_dim': 128, 'L3_dropout': 0.20530667230961755, 'n_mlp_layers': 3, 'mlp_dim_0': 200, 'mlp_dim_1': 456, 'mlp_dim_2': 208, 'num_heads': 1, 'final_dropout': 0.004118144590068401, 'train_learning_rate': 0.006034572706691543, 'train_lr_reduce': 0.6}. Best is trial 203 with value: 0.05814646929502487.
[I 2024-12-25 14:45:50,224] Trial 285 finished with value: 0.06518945842981339 and parameters: {'L1_hidden_dim': 64, 'L1_layers_atom': 4, 'L1_layers_mol': 4, 'L1_dropout': 0.2897089281373949, 'L1_out_dim': 96, 'L2_hidden_dim': 256, 'L2_layers_atom': 1, 'L2_layers_mol': 1, 'L2_out_dim': 112, 'L2_dropout': 0.07044639865484859, 'L3_hidden_dim': 32, 'L3_layers_atom': 2, 'L3_layers_mol': 1, 'L3_out_dim': 96, 'L3_dropout': 0.24258690841057529, 'n_mlp_layers': 3, 'mlp_dim_0': 224, 'mlp_dim_1': 512, 'mlp_dim_2': 136, 'num_heads': 1, 'final_dropout': 0.0067403001393192205, 'train_learning_rate': 0.0008857449064675222, 'train_lr_reduce': 0.6}. Best is trial 203 with value: 0.05814646929502487.
[I 2024-12-25 14:46:20,594] Trial 286 finished with value: 0.10158088803291321 and parameters: {'L1_hidden_dim': 80, 'L1_layers_atom': 4, 'L1_layers_mol': 2, 'L1_dropout': 0.2063936945810215, 'L1_out_dim': 32, 'L2_hidden_dim': 256, 'L2_layers_atom': 3, 'L2_layers_mol': 3, 'L2_out_dim': 128, 'L2_dropout': 0.04517622814742934, 'L3_hidden_dim': 80, 'L3_layers_atom': 2, 'L3_layers_mol': 1, 'L3_out_dim': 128, 'L3_dropout': 0.06954638736645369, 'n_mlp_layers': 3, 'mlp_dim_0': 48, 'mlp_dim_1': 512, 'mlp_dim_2': 152, 'num_heads': 1, 'final_dropout': 0.06383542747289286, 'train_learning_rate': 0.002813319816342829, 'train_lr_reduce': 0.6}. Best is trial 203 with value: 0.05814646929502487.
[I 2024-12-25 14:46:25,322] Trial 287 finished with value: 0.10838627070188522 and parameters: {'L1_hidden_dim': 96, 'L1_layers_atom': 3, 'L1_layers_mol': 3, 'L1_dropout': 0.21802298455510657, 'L1_out_dim': 96, 'L2_hidden_dim': 256, 'L2_layers_atom': 4, 'L2_layers_mol': 1, 'L2_out_dim': 112, 'L2_dropout': 0.13767014394304358, 'L3_hidden_dim': 64, 'L3_layers_atom': 4, 'L3_layers_mol': 1, 'L3_out_dim': 80, 'L3_dropout': 0.25878974986734815, 'n_mlp_layers': 3, 'mlp_dim_0': 96, 'mlp_dim_1': 464, 'mlp_dim_2': 192, 'num_heads': 1, 'final_dropout': 0.024274114480894858, 'train_learning_rate': 0.00372045879759605, 'train_lr_reduce': 0.6}. Best is trial 203 with value: 0.05814646929502487.
