[I 2024-12-19 08:42:06,079] Trial 1906 finished with value: 1.2925666570663452 and parameters: {'mlp_n_layers': 3, 'mlp_dim_00': 510, 'mlp_dim_01': 448, 'mlp_dim_02': 313, 'node_hidden_dim': 109, 'edge_hidden_dim': 102, 'depth': 2, 'rep_dropout': 0.0647760174306029, 'train_learning_rate': 0.003863965310491344, 'train_lr_reduce': 0.6}. Best is trial 1483 with value: 0.2768918573856354.
[I 2024-12-19 08:42:10,828] Trial 1907 finished with value: 1.3952248096466064 and parameters: {'mlp_n_layers': 2, 'mlp_dim_00': 156, 'mlp_dim_01': 131, 'node_hidden_dim': 125, 'edge_hidden_dim': 77, 'depth': 3, 'rep_dropout': 0.07756398148660583, 'train_learning_rate': 0.00935082713127126, 'train_lr_reduce': 0.6}. Best is trial 1483 with value: 0.2768918573856354.
[I 2024-12-19 08:42:15,639] Trial 1910 finished with value: 1.5055983066558838 and parameters: {'mlp_n_layers': 3, 'mlp_dim_00': 385, 'mlp_dim_01': 83, 'mlp_dim_02': 381, 'node_hidden_dim': 55, 'edge_hidden_dim': 99, 'depth': 2, 'rep_dropout': 0.04157521485716009, 'train_learning_rate': 0.0018925313381680108, 'train_lr_reduce': 0.6}. Best is trial 1483 with value: 0.2768918573856354.
[I 2024-12-19 08:42:17,705] Trial 1908 finished with value: 0.7567288279533386 and parameters: {'mlp_n_layers': 2, 'mlp_dim_00': 189, 'mlp_dim_01': 80, 'node_hidden_dim': 125, 'edge_hidden_dim': 43, 'depth': 4, 'rep_dropout': 0.01592636886804813, 'train_learning_rate': 0.009010930782288042, 'train_lr_reduce': 0.6}. Best is trial 1483 with value: 0.2768918573856354.
[I 2024-12-19 08:42:20,903] Trial 1911 finished with value: 1.3984333276748657 and parameters: {'mlp_n_layers': 2, 'mlp_dim_00': 252, 'mlp_dim_01': 167, 'node_hidden_dim': 116, 'edge_hidden_dim': 49, 'depth': 2, 'rep_dropout': 0.0598465489768933, 'train_learning_rate': 0.006458418074753717, 'train_lr_reduce': 0.6}. Best is trial 1483 with value: 0.2768918573856354.
[I 2024-12-19 08:42:22,623] Trial 1909 finished with value: 0.3994457423686981 and parameters: {'mlp_n_layers': 3, 'mlp_dim_00': 236, 'mlp_dim_01': 77, 'mlp_dim_02': 344, 'node_hidden_dim': 97, 'edge_hidden_dim': 92, 'depth': 2, 'rep_dropout': 0.023792749576642853, 'train_learning_rate': 0.009742579308560319, 'train_lr_reduce': 0.6}. Best is trial 1483 with value: 0.2768918573856354.
[I 2024-12-19 08:42:27,311] Trial 1912 finished with value: 1.3390614986419678 and parameters: {'mlp_n_layers': 3, 'mlp_dim_00': 65, 'mlp_dim_01': 204, 'mlp_dim_02': 306, 'node_hidden_dim': 99, 'edge_hidden_dim': 40, 'depth': 3, 'rep_dropout': 0.011435082473556402, 'train_learning_rate': 0.000768416890939478, 'train_lr_reduce': 0.6}. Best is trial 1483 with value: 0.2768918573856354.
[I 2024-12-19 08:42:32,529] Trial 1915 finished with value: 1.4219692945480347 and parameters: {'mlp_n_layers': 3, 'mlp_dim_00': 270, 'mlp_dim_01': 84, 'mlp_dim_02': 442, 'node_hidden_dim': 110, 'edge_hidden_dim': 122, 'depth': 4, 'rep_dropout': 0.11531393214159791, 'train_learning_rate': 0.003678322960689894, 'train_lr_reduce': 0.6}. Best is trial 1483 with value: 0.2768918573856354.
[I 2024-12-19 08:42:34,621] Trial 1914 finished with value: 0.9543398022651672 and parameters: {'mlp_n_layers': 3, 'mlp_dim_00': 440, 'mlp_dim_01': 65, 'mlp_dim_02': 349, 'node_hidden_dim': 57, 'edge_hidden_dim': 103, 'depth': 2, 'rep_dropout': 0.0403979724027609, 'train_learning_rate': 0.009787093600406586, 'train_lr_reduce': 0.6}. Best is trial 1483 with value: 0.2768918573856354.
[I 2024-12-19 08:42:36,317] Trial 1913 finished with value: 0.37368378043174744 and parameters: {'mlp_n_layers': 4, 'mlp_dim_00': 500, 'mlp_dim_01': 406, 'mlp_dim_02': 418, 'mlp_dim_03': 159, 'node_hidden_dim': 98, 'edge_hidden_dim': 82, 'depth': 2, 'rep_dropout': 0.07796386935447741, 'train_learning_rate': 0.005326789227463002, 'train_lr_reduce': 0.6}. Best is trial 1483 with value: 0.2768918573856354.
[I 2024-12-19 08:42:37,647] Trial 1916 finished with value: 1.2844043970108032 and parameters: {'mlp_n_layers': 2, 'mlp_dim_00': 226, 'mlp_dim_01': 97, 'node_hidden_dim': 122, 'edge_hidden_dim': 87, 'depth': 3, 'rep_dropout': 0.04934455654563702, 'train_learning_rate': 0.008608332656072113, 'train_lr_reduce': 0.6}. Best is trial 1483 with value: 0.2768918573856354.
[I 2024-12-19 08:42:41,344] Trial 1918 finished with value: 1.503564476966858 and parameters: {'mlp_n_layers': 2, 'mlp_dim_00': 220, 'mlp_dim_01': 509, 'node_hidden_dim': 114, 'edge_hidden_dim': 120, 'depth': 2, 'rep_dropout': 0.18748032626100625, 'train_learning_rate': 0.00815600448130572, 'train_lr_reduce': 0.6}. Best is trial 1483 with value: 0.2768918573856354.
[I 2024-12-19 08:42:42,812] Trial 1919 finished with value: 1.5791465044021606 and parameters: {'mlp_n_layers': 4, 'mlp_dim_00': 268, 'mlp_dim_01': 445, 'mlp_dim_02': 313, 'mlp_dim_03': 381, 'node_hidden_dim': 118, 'edge_hidden_dim': 61, 'depth': 3, 'rep_dropout': 0.03495337292569478, 'train_learning_rate': 0.00024837486309716, 'train_lr_reduce': 0.6}. Best is trial 1483 with value: 0.2768918573856354.
[I 2024-12-19 08:42:47,588] Trial 1920 finished with value: 1.5166475772857666 and parameters: {'mlp_n_layers': 2, 'mlp_dim_00': 166, 'mlp_dim_01': 68, 'node_hidden_dim': 124, 'edge_hidden_dim': 108, 'depth': 3, 'rep_dropout': 0.06270359297858166, 'train_learning_rate': 0.0021038449076810524, 'train_lr_reduce': 0.6}. Best is trial 1483 with value: 0.2768918573856354.
[I 2024-12-19 08:42:48,208] Trial 1917 finished with value: 0.4200720191001892 and parameters: {'mlp_n_layers': 2, 'mlp_dim_00': 199, 'mlp_dim_01': 113, 'node_hidden_dim': 113, 'edge_hidden_dim': 54, 'depth': 2, 'rep_dropout': 0.011755745652847443, 'train_learning_rate': 0.008181486561167173, 'train_lr_reduce': 0.6}. Best is trial 1483 with value: 0.2768918573856354.
[I 2024-12-19 08:42:53,200] Trial 1922 finished with value: 1.356473684310913 and parameters: {'mlp_n_layers': 2, 'mlp_dim_00': 316, 'mlp_dim_01': 198, 'node_hidden_dim': 92, 'edge_hidden_dim': 35, 'depth': 2, 'rep_dropout': 0.13845793521613917, 'train_learning_rate': 0.008206104376928593, 'train_lr_reduce': 0.6}. Best is trial 1483 with value: 0.2768918573856354.
[I 2024-12-19 08:42:53,397] Trial 1923 finished with value: 1.445728063583374 and parameters: {'mlp_n_layers': 2, 'mlp_dim_00': 148, 'mlp_dim_01': 76, 'node_hidden_dim': 111, 'edge_hidden_dim': 91, 'depth': 3, 'rep_dropout': 0.059285827536464095, 'train_learning_rate': 0.004705084672027129, 'train_lr_reduce': 0.6}. Best is trial 1483 with value: 0.2768918573856354.
[I 2024-12-19 08:42:53,704] Trial 1921 finished with value: 1.3234537839889526 and parameters: {'mlp_n_layers': 4, 'mlp_dim_00': 500, 'mlp_dim_01': 509, 'mlp_dim_02': 380, 'mlp_dim_03': 432, 'node_hidden_dim': 54, 'edge_hidden_dim': 82, 'depth': 3, 'rep_dropout': 0.025127645350867173, 'train_learning_rate': 0.00216886374673276, 'train_lr_reduce': 0.6}. Best is trial 1483 with value: 0.2768918573856354.
[I 2024-12-19 08:42:58,922] Trial 1924 finished with value: 1.3317750692367554 and parameters: {'mlp_n_layers': 3, 'mlp_dim_00': 156, 'mlp_dim_01': 68, 'mlp_dim_02': 290, 'node_hidden_dim': 122, 'edge_hidden_dim': 74, 'depth': 3, 'rep_dropout': 0.02971254613168411, 'train_learning_rate': 0.006459612943811515, 'train_lr_reduce': 0.6}. Best is trial 1483 with value: 0.2768918573856354.
[I 2024-12-19 08:42:58,926] Trial 1926 finished with value: 1.322767734527588 and parameters: {'mlp_n_layers': 2, 'mlp_dim_00': 234, 'mlp_dim_01': 105, 'node_hidden_dim': 105, 'edge_hidden_dim': 34, 'depth': 2, 'rep_dropout': 0.14123044251477476, 'train_learning_rate': 0.00857424225790663, 'train_lr_reduce': 0.6}. Best is trial 1483 with value: 0.2768918573856354.
[I 2024-12-19 08:42:59,603] Trial 1925 finished with value: 1.5019665956497192 and parameters: {'mlp_n_layers': 2, 'mlp_dim_00': 167, 'mlp_dim_01': 159, 'node_hidden_dim': 118, 'edge_hidden_dim': 70, 'depth': 2, 'rep_dropout': 0.01862189782453391, 'train_learning_rate': 0.00932967555847365, 'train_lr_reduce': 0.6}. Best is trial 1483 with value: 0.2768918573856354.
[I 2024-12-19 08:43:04,291] Trial 1927 finished with value: 1.47463858127594 and parameters: {'mlp_n_layers': 2, 'mlp_dim_00': 159, 'mlp_dim_01': 159, 'node_hidden_dim': 68, 'edge_hidden_dim': 128, 'depth': 2, 'rep_dropout': 0.10823875899641824, 'train_learning_rate': 0.0017470901350828056, 'train_lr_reduce': 0.6}. Best is trial 1483 with value: 0.2768918573856354.
[I 2024-12-19 08:43:04,365] Trial 1928 finished with value: 1.2976205348968506 and parameters: {'mlp_n_layers': 2, 'mlp_dim_00': 313, 'mlp_dim_01': 87, 'node_hidden_dim': 123, 'edge_hidden_dim': 33, 'depth': 2, 'rep_dropout': 0.021987148379949282, 'train_learning_rate': 0.007776114818319453, 'train_lr_reduce': 0.6}. Best is trial 1483 with value: 0.2768918573856354.
[I 2024-12-19 08:43:04,483] Trial 1929 finished with value: 1.284070611000061 and parameters: {'mlp_n_layers': 2, 'mlp_dim_00': 291, 'mlp_dim_01': 127, 'node_hidden_dim': 125, 'edge_hidden_dim': 44, 'depth': 2, 'rep_dropout': 0.032890534273518485, 'train_learning_rate': 0.008374827444136273, 'train_lr_reduce': 0.6}. Best is trial 1483 with value: 0.2768918573856354.
[I 2024-12-19 08:43:09,445] Trial 1930 finished with value: 1.3279410600662231 and parameters: {'mlp_n_layers': 4, 'mlp_dim_00': 218, 'mlp_dim_01': 145, 'mlp_dim_02': 440, 'mlp_dim_03': 307, 'node_hidden_dim': 59, 'edge_hidden_dim': 84, 'depth': 2, 'rep_dropout': 0.15320475547098525, 'train_learning_rate': 0.009875937286861276, 'train_lr_reduce': 0.6}. Best is trial 1483 with value: 0.2768918573856354.
[I 2024-12-19 08:43:09,512] Trial 1931 finished with value: 1.284608244895935 and parameters: {'mlp_n_layers': 3, 'mlp_dim_00': 189, 'mlp_dim_01': 253, 'mlp_dim_02': 342, 'node_hidden_dim': 119, 'edge_hidden_dim': 37, 'depth': 4, 'rep_dropout': 0.03148708757224817, 'train_learning_rate': 0.004723160840745303, 'train_lr_reduce': 0.6}. Best is trial 1483 with value: 0.2768918573856354.
[I 2024-12-19 08:43:12,952] Trial 1932 finished with value: 1.3522565364837646 and parameters: {'mlp_n_layers': 2, 'mlp_dim_00': 189, 'mlp_dim_01': 99, 'node_hidden_dim': 119, 'edge_hidden_dim': 67, 'depth': 4, 'rep_dropout': 0.051315197876642085, 'train_learning_rate': 0.006654319813341009, 'train_lr_reduce': 0.6}. Best is trial 1483 with value: 0.2768918573856354.
[I 2024-12-19 08:43:17,501] Trial 1935 finished with value: 1.3242299556732178 and parameters: {'mlp_n_layers': 3, 'mlp_dim_00': 168, 'mlp_dim_01': 263, 'mlp_dim_02': 413, 'node_hidden_dim': 88, 'edge_hidden_dim': 66, 'depth': 2, 'rep_dropout': 0.13324048288341175, 'train_learning_rate': 0.0046595814104504665, 'train_lr_reduce': 0.6}. Best is trial 1483 with value: 0.2768918573856354.
[I 2024-12-19 08:43:22,005] Trial 1936 finished with value: 1.473385214805603 and parameters: {'mlp_n_layers': 2, 'mlp_dim_00': 100, 'mlp_dim_01': 95, 'node_hidden_dim': 126, 'edge_hidden_dim': 80, 'depth': 3, 'rep_dropout': 5.5974869836801847e-05, 'train_learning_rate': 0.004844671316890207, 'train_lr_reduce': 0.6}. Best is trial 1483 with value: 0.2768918573856354.
[I 2024-12-19 08:43:22,918] Trial 1933 finished with value: 0.4185169041156769 and parameters: {'mlp_n_layers': 2, 'mlp_dim_00': 233, 'mlp_dim_01': 244, 'node_hidden_dim': 127, 'edge_hidden_dim': 52, 'depth': 2, 'rep_dropout': 0.05953171537230978, 'train_learning_rate': 0.008529808128395032, 'train_lr_reduce': 0.6}. Best is trial 1483 with value: 0.2768918573856354.
[I 2024-12-19 08:43:23,240] Trial 1934 finished with value: 0.3049176335334778 and parameters: {'mlp_n_layers': 2, 'mlp_dim_00': 182, 'mlp_dim_01': 190, 'node_hidden_dim': 104, 'edge_hidden_dim': 103, 'depth': 2, 'rep_dropout': 0.0015458517635931791, 'train_learning_rate': 0.007845365577299371, 'train_lr_reduce': 0.6}. Best is trial 1483 with value: 0.2768918573856354.
[I 2024-12-19 08:43:26,417] Trial 1937 finished with value: 1.3387207984924316 and parameters: {'mlp_n_layers': 2, 'mlp_dim_00': 141, 'mlp_dim_01': 482, 'node_hidden_dim': 125, 'edge_hidden_dim': 105, 'depth': 3, 'rep_dropout': 0.0890958487441175, 'train_learning_rate': 0.0026805282032655513, 'train_lr_reduce': 0.6}. Best is trial 1483 with value: 0.2768918573856354.
[I 2024-12-19 08:43:27,323] Trial 1938 finished with value: 1.4271488189697266 and parameters: {'mlp_n_layers': 2, 'mlp_dim_00': 237, 'mlp_dim_01': 242, 'node_hidden_dim': 85, 'edge_hidden_dim': 109, 'depth': 2, 'rep_dropout': 0.005243810752991459, 'train_learning_rate': 0.00714353771724671, 'train_lr_reduce': 0.6}. Best is trial 1483 with value: 0.2768918573856354.
[I 2024-12-19 08:43:27,860] Trial 1939 finished with value: 1.4992324113845825 and parameters: {'mlp_n_layers': 2, 'mlp_dim_00': 216, 'mlp_dim_01': 181, 'node_hidden_dim': 116, 'edge_hidden_dim': 55, 'depth': 3, 'rep_dropout': 0.026675863915981042, 'train_learning_rate': 0.001999168518460218, 'train_lr_reduce': 0.6}. Best is trial 1483 with value: 0.2768918573856354.
[I 2024-12-19 08:43:30,674] Trial 1940 finished with value: 1.336622714996338 and parameters: {'mlp_n_layers': 2, 'mlp_dim_00': 203, 'mlp_dim_01': 168, 'node_hidden_dim': 103, 'edge_hidden_dim': 75, 'depth': 2, 'rep_dropout': 0.06083183804622197, 'train_learning_rate': 0.003108529507898917, 'train_lr_reduce': 0.6}. Best is trial 1483 with value: 0.2768918573856354.
[I 2024-12-19 08:43:32,437] Trial 1942 finished with value: 1.4122569561004639 and parameters: {'mlp_n_layers': 3, 'mlp_dim_00': 474, 'mlp_dim_01': 236, 'mlp_dim_02': 391, 'node_hidden_dim': 48, 'edge_hidden_dim': 78, 'depth': 2, 'rep_dropout': 0.10158315262894532, 'train_learning_rate': 0.009559022047933501, 'train_lr_reduce': 0.6}. Best is trial 1483 with value: 0.2768918573856354.
[I 2024-12-19 08:43:32,747] Trial 1941 finished with value: 1.2833620309829712 and parameters: {'mlp_n_layers': 3, 'mlp_dim_00': 205, 'mlp_dim_01': 144, 'mlp_dim_02': 301, 'node_hidden_dim': 104, 'edge_hidden_dim': 83, 'depth': 3, 'rep_dropout': 0.06675789889296568, 'train_learning_rate': 0.009700675746152241, 'train_lr_reduce': 0.6}. Best is trial 1483 with value: 0.2768918573856354.
[I 2024-12-19 08:43:35,375] Trial 1943 finished with value: 1.5725260972976685 and parameters: {'mlp_n_layers': 3, 'mlp_dim_00': 454, 'mlp_dim_01': 84, 'mlp_dim_02': 345, 'node_hidden_dim': 121, 'edge_hidden_dim': 127, 'depth': 3, 'rep_dropout': 0.07652330363526243, 'train_learning_rate': 0.0002882856958514896, 'train_lr_reduce': 0.6}. Best is trial 1483 with value: 0.2768918573856354.
[I 2024-12-19 08:43:37,889] Trial 1945 finished with value: 1.3017574548721313 and parameters: {'mlp_n_layers': 3, 'mlp_dim_00': 411, 'mlp_dim_01': 110, 'mlp_dim_02': 453, 'node_hidden_dim': 112, 'edge_hidden_dim': 33, 'depth': 2, 'rep_dropout': 0.10335336228248364, 'train_learning_rate': 0.009955687309174722, 'train_lr_reduce': 0.6}. Best is trial 1483 with value: 0.2768918573856354.
[I 2024-12-19 08:43:40,686] Trial 1946 finished with value: 1.3004809617996216 and parameters: {'mlp_n_layers': 3, 'mlp_dim_00': 146, 'mlp_dim_01': 226, 'mlp_dim_02': 311, 'node_hidden_dim': 104, 'edge_hidden_dim': 55, 'depth': 3, 'rep_dropout': 0.02355916667032522, 'train_learning_rate': 0.005004436687898064, 'train_lr_reduce': 0.6}. Best is trial 1483 with value: 0.2768918573856354.
[I 2024-12-19 08:43:43,153] Trial 1947 finished with value: 1.3247432708740234 and parameters: {'mlp_n_layers': 2, 'mlp_dim_00': 175, 'mlp_dim_01': 206, 'node_hidden_dim': 117, 'edge_hidden_dim': 50, 'depth': 3, 'rep_dropout': 0.0038670674666725705, 'train_learning_rate': 0.009936025774166364, 'train_lr_reduce': 0.6}. Best is trial 1483 with value: 0.2768918573856354.
[I 2024-12-19 08:43:45,361] Trial 1948 finished with value: 1.3038280010223389 and parameters: {'mlp_n_layers': 2, 'mlp_dim_00': 99, 'mlp_dim_01': 128, 'node_hidden_dim': 93, 'edge_hidden_dim': 50, 'depth': 2, 'rep_dropout': 0.07117657413767597, 'train_learning_rate': 0.007969154419040026, 'train_lr_reduce': 0.6}. Best is trial 1483 with value: 0.2768918573856354.
[I 2024-12-19 08:43:46,374] Trial 1944 finished with value: 0.3793822228908539 and parameters: {'mlp_n_layers': 2, 'mlp_dim_00': 170, 'mlp_dim_01': 116, 'node_hidden_dim': 103, 'edge_hidden_dim': 35, 'depth': 2, 'rep_dropout': 0.016391907552159635, 'train_learning_rate': 0.007867736385851996, 'train_lr_reduce': 0.6}. Best is trial 1483 with value: 0.2768918573856354.
[I 2024-12-19 08:43:49,575] Trial 1949 finished with value: 1.5822614431381226 and parameters: {'mlp_n_layers': 3, 'mlp_dim_00': 170, 'mlp_dim_01': 105, 'mlp_dim_02': 384, 'node_hidden_dim': 45, 'edge_hidden_dim': 122, 'depth': 4, 'rep_dropout': 0.19654569397901864, 'train_learning_rate': 0.0003037563404827075, 'train_lr_reduce': 0.6}. Best is trial 1483 with value: 0.2768918573856354.
[I 2024-12-19 08:43:49,939] Trial 1950 finished with value: 1.4537478685379028 and parameters: {'mlp_n_layers': 2, 'mlp_dim_00': 450, 'mlp_dim_01': 131, 'node_hidden_dim': 106, 'edge_hidden_dim': 54, 'depth': 3, 'rep_dropout': 0.05025383121981031, 'train_learning_rate': 0.004535990909996876, 'train_lr_reduce': 0.6}. Best is trial 1483 with value: 0.2768918573856354.
[I 2024-12-19 08:43:50,506] Trial 1951 finished with value: 1.3756672143936157 and parameters: {'mlp_n_layers': 2, 'mlp_dim_00': 371, 'mlp_dim_01': 176, 'node_hidden_dim': 110, 'edge_hidden_dim': 44, 'depth': 2, 'rep_dropout': 0.0801573145018645, 'train_learning_rate': 0.0017921593443590341, 'train_lr_reduce': 0.6}. Best is trial 1483 with value: 0.2768918573856354.
[I 2024-12-19 08:43:55,071] Trial 1953 finished with value: 1.4094979763031006 and parameters: {'mlp_n_layers': 3, 'mlp_dim_00': 397, 'mlp_dim_01': 366, 'mlp_dim_02': 444, 'node_hidden_dim': 117, 'edge_hidden_dim': 97, 'depth': 2, 'rep_dropout': 0.1741671244756957, 'train_learning_rate': 0.0018620479469701216, 'train_lr_reduce': 0.6}. Best is trial 1483 with value: 0.2768918573856354.
[I 2024-12-19 08:43:55,391] Trial 1954 finished with value: 1.3128596544265747 and parameters: {'mlp_n_layers': 2, 'mlp_dim_00': 119, 'mlp_dim_01': 237, 'node_hidden_dim': 101, 'edge_hidden_dim': 91, 'depth': 2, 'rep_dropout': 0.03870778271599325, 'train_learning_rate': 0.007586062292748489, 'train_lr_reduce': 0.6}. Best is trial 1483 with value: 0.2768918573856354.
[I 2024-12-19 08:43:56,207] Trial 1952 finished with value: 1.4130876064300537 and parameters: {'mlp_n_layers': 2, 'mlp_dim_00': 237, 'mlp_dim_01': 70, 'node_hidden_dim': 128, 'edge_hidden_dim': 82, 'depth': 4, 'rep_dropout': 0.027541654828878437, 'train_learning_rate': 0.004157070850176896, 'train_lr_reduce': 0.6}. Best is trial 1483 with value: 0.2768918573856354.
[I 2024-12-19 08:44:00,168] Trial 1955 finished with value: 1.3775324821472168 and parameters: {'mlp_n_layers': 3, 'mlp_dim_00': 481, 'mlp_dim_01': 376, 'mlp_dim_02': 292, 'node_hidden_dim': 38, 'edge_hidden_dim': 72, 'depth': 4, 'rep_dropout': 0.04476682147095262, 'train_learning_rate': 0.005665854154779609, 'train_lr_reduce': 0.6}. Best is trial 1483 with value: 0.2768918573856354.
[I 2024-12-19 08:44:00,703] Trial 1957 finished with value: 1.3554407358169556 and parameters: {'mlp_n_layers': 2, 'mlp_dim_00': 253, 'mlp_dim_01': 144, 'node_hidden_dim': 81, 'edge_hidden_dim': 104, 'depth': 2, 'rep_dropout': 0.032963407409400264, 'train_learning_rate': 0.00635749721095057, 'train_lr_reduce': 0.6}. Best is trial 1483 with value: 0.2768918573856354.
[I 2024-12-19 08:44:03,071] Trial 1956 finished with value: 1.5717923641204834 and parameters: {'mlp_n_layers': 4, 'mlp_dim_00': 264, 'mlp_dim_01': 279, 'mlp_dim_02': 341, 'mlp_dim_03': 151, 'node_hidden_dim': 61, 'edge_hidden_dim': 47, 'depth': 3, 'rep_dropout': 0.14799011584220004, 'train_learning_rate': 0.0008987021606594024, 'train_lr_reduce': 0.6}. Best is trial 1483 with value: 0.2768918573856354.
[I 2024-12-19 08:44:05,390] Trial 1958 finished with value: 1.5166646242141724 and parameters: {'mlp_n_layers': 4, 'mlp_dim_00': 225, 'mlp_dim_01': 485, 'mlp_dim_02': 389, 'mlp_dim_03': 158, 'node_hidden_dim': 103, 'edge_hidden_dim': 77, 'depth': 2, 'rep_dropout': 0.019174967381320643, 'train_learning_rate': 0.0030075804371143162, 'train_lr_reduce': 0.6}. Best is trial 1483 with value: 0.2768918573856354.
[I 2024-12-19 08:44:05,927] Trial 1959 finished with value: 1.4734381437301636 and parameters: {'mlp_n_layers': 4, 'mlp_dim_00': 230, 'mlp_dim_01': 114, 'mlp_dim_02': 287, 'mlp_dim_03': 456, 'node_hidden_dim': 38, 'edge_hidden_dim': 79, 'depth': 2, 'rep_dropout': 0.1463480636546584, 'train_learning_rate': 0.004734757158374857, 'train_lr_reduce': 0.6}. Best is trial 1483 with value: 0.2768918573856354.
[I 2024-12-19 08:44:10,800] Trial 1962 finished with value: 1.5640051364898682 and parameters: {'mlp_n_layers': 4, 'mlp_dim_00': 111, 'mlp_dim_01': 226, 'mlp_dim_02': 450, 'mlp_dim_03': 297, 'node_hidden_dim': 128, 'edge_hidden_dim': 107, 'depth': 4, 'rep_dropout': 0.047671723027583796, 'train_learning_rate': 0.0004219807602931026, 'train_lr_reduce': 0.6}. Best is trial 1483 with value: 0.2768918573856354.
[I 2024-12-19 08:44:11,305] Trial 1960 finished with value: 1.4614511728286743 and parameters: {'mlp_n_layers': 3, 'mlp_dim_00': 301, 'mlp_dim_01': 82, 'mlp_dim_02': 344, 'node_hidden_dim': 86, 'edge_hidden_dim': 124, 'depth': 3, 'rep_dropout': 0.02159417879764968, 'train_learning_rate': 0.0014624537381013516, 'train_lr_reduce': 0.6}. Best is trial 1483 with value: 0.2768918573856354.
[I 2024-12-19 08:44:13,440] Trial 1961 finished with value: 1.3594385385513306 and parameters: {'mlp_n_layers': 2, 'mlp_dim_00': 187, 'mlp_dim_01': 151, 'node_hidden_dim': 97, 'edge_hidden_dim': 113, 'depth': 3, 'rep_dropout': 0.009523673100704741, 'train_learning_rate': 0.002455204556100156, 'train_lr_reduce': 0.6}. Best is trial 1483 with value: 0.2768918573856354.
