[I 2024-12-19 08:40:06,057] Trial 917 finished with value: 1.14491868019104 and parameters: {'mlp_n_layers': 4, 'mlp_dim_00': 473, 'mlp_dim_01': 434, 'mlp_dim_02': 437, 'mlp_dim_03': 133, 'node_hidden_dim': 86, 'edge_hidden_dim': 86, 'depth': 3, 'rep_dropout': 0.003572827724924281, 'train_learning_rate': 0.0049465929007702965, 'train_lr_reduce': 0.6}. Best is trial 724 with value: 0.1670333594083786.
[I 2024-12-19 08:40:09,169] Trial 913 finished with value: 0.4893868863582611 and parameters: {'mlp_n_layers': 4, 'mlp_dim_00': 463, 'mlp_dim_01': 331, 'mlp_dim_02': 422, 'mlp_dim_03': 255, 'node_hidden_dim': 124, 'edge_hidden_dim': 78, 'depth': 2, 'rep_dropout': 0.026040778813718544, 'train_learning_rate': 0.009392507917414647, 'train_lr_reduce': 0.6}. Best is trial 724 with value: 0.1670333594083786.
[I 2024-12-19 08:40:29,523] Trial 918 finished with value: 0.2051192671060562 and parameters: {'mlp_n_layers': 4, 'mlp_dim_00': 465, 'mlp_dim_01': 359, 'mlp_dim_02': 380, 'mlp_dim_03': 350, 'node_hidden_dim': 94, 'edge_hidden_dim': 70, 'depth': 2, 'rep_dropout': 0.01350765119787354, 'train_learning_rate': 0.005914245581731069, 'train_lr_reduce': 0.6}. Best is trial 724 with value: 0.1670333594083786.
[I 2024-12-19 08:40:32,109] Trial 920 finished with value: 0.379210501909256 and parameters: {'mlp_n_layers': 2, 'mlp_dim_00': 465, 'mlp_dim_01': 502, 'node_hidden_dim': 127, 'edge_hidden_dim': 49, 'depth': 2, 'rep_dropout': 0.04745907175719675, 'train_learning_rate': 0.0036468154353862877, 'train_lr_reduce': 0.6}. Best is trial 724 with value: 0.1670333594083786.
[I 2024-12-19 08:40:32,578] Trial 919 finished with value: 0.2536625862121582 and parameters: {'mlp_n_layers': 3, 'mlp_dim_00': 485, 'mlp_dim_01': 353, 'mlp_dim_02': 449, 'node_hidden_dim': 95, 'edge_hidden_dim': 89, 'depth': 2, 'rep_dropout': 0.004250262798303574, 'train_learning_rate': 0.0075838567871845, 'train_lr_reduce': 0.6}. Best is trial 724 with value: 0.1670333594083786.
[I 2024-12-19 08:40:38,660] Trial 922 finished with value: 1.1501744985580444 and parameters: {'mlp_n_layers': 4, 'mlp_dim_00': 402, 'mlp_dim_01': 294, 'mlp_dim_02': 314, 'mlp_dim_03': 378, 'node_hidden_dim': 99, 'edge_hidden_dim': 60, 'depth': 2, 'rep_dropout': 0.036210020344906835, 'train_learning_rate': 0.004035199545427337, 'train_lr_reduce': 0.6}. Best is trial 724 with value: 0.1670333594083786.
[I 2024-12-19 08:40:43,812] Trial 923 finished with value: 1.1413195133209229 and parameters: {'mlp_n_layers': 4, 'mlp_dim_00': 456, 'mlp_dim_01': 449, 'mlp_dim_02': 350, 'mlp_dim_03': 357, 'node_hidden_dim': 100, 'edge_hidden_dim': 39, 'depth': 3, 'rep_dropout': 0.01342573284373685, 'train_learning_rate': 0.007551077418646979, 'train_lr_reduce': 0.6}. Best is trial 724 with value: 0.1670333594083786.
[I 2024-12-19 08:40:45,564] Trial 924 finished with value: 1.1500041484832764 and parameters: {'mlp_n_layers': 4, 'mlp_dim_00': 447, 'mlp_dim_01': 419, 'mlp_dim_02': 337, 'mlp_dim_03': 427, 'node_hidden_dim': 69, 'edge_hidden_dim': 69, 'depth': 2, 'rep_dropout': 0.0649674903962133, 'train_learning_rate': 0.0025957339767145953, 'train_lr_reduce': 0.6}. Best is trial 724 with value: 0.1670333594083786.
[I 2024-12-19 08:40:52,170] Trial 925 finished with value: 1.143852949142456 and parameters: {'mlp_n_layers': 3, 'mlp_dim_00': 350, 'mlp_dim_01': 320, 'mlp_dim_02': 372, 'node_hidden_dim': 53, 'edge_hidden_dim': 33, 'depth': 3, 'rep_dropout': 0.05366858810460869, 'train_learning_rate': 0.009390323075253816, 'train_lr_reduce': 0.6}. Best is trial 724 with value: 0.1670333594083786.
[I 2024-12-19 08:40:52,320] Trial 921 finished with value: 0.28646788001060486 and parameters: {'mlp_n_layers': 3, 'mlp_dim_00': 480, 'mlp_dim_01': 139, 'mlp_dim_02': 359, 'node_hidden_dim': 71, 'edge_hidden_dim': 90, 'depth': 2, 'rep_dropout': 0.03948002164741063, 'train_learning_rate': 0.00753686767101151, 'train_lr_reduce': 0.6}. Best is trial 724 with value: 0.1670333594083786.
[I 2024-12-19 08:40:53,084] Trial 926 finished with value: 1.1557539701461792 and parameters: {'mlp_n_layers': 4, 'mlp_dim_00': 175, 'mlp_dim_01': 423, 'mlp_dim_02': 380, 'mlp_dim_03': 329, 'node_hidden_dim': 111, 'edge_hidden_dim': 110, 'depth': 4, 'rep_dropout': 0.012186548409369724, 'train_learning_rate': 0.005625994967801681, 'train_lr_reduce': 0.6}. Best is trial 724 with value: 0.1670333594083786.
[I 2024-12-19 08:41:00,825] Trial 928 finished with value: 1.1443138122558594 and parameters: {'mlp_n_layers': 4, 'mlp_dim_00': 470, 'mlp_dim_01': 296, 'mlp_dim_02': 325, 'mlp_dim_03': 434, 'node_hidden_dim': 78, 'edge_hidden_dim': 100, 'depth': 3, 'rep_dropout': 0.04067898864206938, 'train_learning_rate': 0.008536214921784701, 'train_lr_reduce': 0.6}. Best is trial 724 with value: 0.1670333594083786.
[I 2024-12-19 08:41:02,978] Trial 927 finished with value: 1.141914963722229 and parameters: {'mlp_n_layers': 3, 'mlp_dim_00': 95, 'mlp_dim_01': 350, 'mlp_dim_02': 382, 'node_hidden_dim': 57, 'edge_hidden_dim': 114, 'depth': 4, 'rep_dropout': 0.10345325723275817, 'train_learning_rate': 0.0001346211754462274, 'train_lr_reduce': 0.6}. Best is trial 724 with value: 0.1670333594083786.
[I 2024-12-19 08:41:14,843] Trial 929 finished with value: 0.4307827651500702 and parameters: {'mlp_n_layers': 3, 'mlp_dim_00': 441, 'mlp_dim_01': 429, 'mlp_dim_02': 383, 'node_hidden_dim': 86, 'edge_hidden_dim': 38, 'depth': 2, 'rep_dropout': 0.029001996800218244, 'train_learning_rate': 0.009411521364720503, 'train_lr_reduce': 0.6}. Best is trial 724 with value: 0.1670333594083786.
[I 2024-12-19 08:41:20,368] Trial 930 finished with value: 0.8026787638664246 and parameters: {'mlp_n_layers': 2, 'mlp_dim_00': 369, 'mlp_dim_01': 509, 'node_hidden_dim': 124, 'edge_hidden_dim': 57, 'depth': 3, 'rep_dropout': 0.08731477708641448, 'train_learning_rate': 0.009024182792983004, 'train_lr_reduce': 0.6}. Best is trial 724 with value: 0.1670333594083786.
[I 2024-12-19 08:41:21,726] Trial 932 finished with value: 1.143261432647705 and parameters: {'mlp_n_layers': 3, 'mlp_dim_00': 279, 'mlp_dim_01': 337, 'mlp_dim_02': 413, 'node_hidden_dim': 119, 'edge_hidden_dim': 33, 'depth': 4, 'rep_dropout': 0.24049917662229117, 'train_learning_rate': 0.005982806699113974, 'train_lr_reduce': 0.6}. Best is trial 724 with value: 0.1670333594083786.
[I 2024-12-19 08:41:23,046] Trial 931 finished with value: 0.5510246753692627 and parameters: {'mlp_n_layers': 4, 'mlp_dim_00': 382, 'mlp_dim_01': 420, 'mlp_dim_02': 397, 'mlp_dim_03': 316, 'node_hidden_dim': 100, 'edge_hidden_dim': 70, 'depth': 2, 'rep_dropout': 0.031259081868401276, 'train_learning_rate': 0.006766003213138099, 'train_lr_reduce': 0.6}. Best is trial 724 with value: 0.1670333594083786.
[I 2024-12-19 08:41:27,286] Trial 933 finished with value: 1.142838954925537 and parameters: {'mlp_n_layers': 4, 'mlp_dim_00': 124, 'mlp_dim_01': 450, 'mlp_dim_02': 269, 'mlp_dim_03': 381, 'node_hidden_dim': 75, 'edge_hidden_dim': 128, 'depth': 2, 'rep_dropout': 0.14793520168317387, 'train_learning_rate': 0.0009001873858013746, 'train_lr_reduce': 0.6}. Best is trial 724 with value: 0.1670333594083786.
[I 2024-12-19 08:41:28,083] Trial 934 finished with value: 1.1450331211090088 and parameters: {'mlp_n_layers': 3, 'mlp_dim_00': 269, 'mlp_dim_01': 429, 'mlp_dim_02': 423, 'node_hidden_dim': 45, 'edge_hidden_dim': 59, 'depth': 2, 'rep_dropout': 0.07372838595370985, 'train_learning_rate': 0.002510820316113529, 'train_lr_reduce': 0.6}. Best is trial 724 with value: 0.1670333594083786.
[I 2024-12-19 08:41:34,036] Trial 937 finished with value: 1.1428743600845337 and parameters: {'mlp_n_layers': 2, 'mlp_dim_00': 416, 'mlp_dim_01': 431, 'node_hidden_dim': 77, 'edge_hidden_dim': 33, 'depth': 2, 'rep_dropout': 0.08979678055823932, 'train_learning_rate': 0.0014504593096758905, 'train_lr_reduce': 0.6}. Best is trial 724 with value: 0.1670333594083786.
[I 2024-12-19 08:41:49,391] Trial 935 finished with value: 0.20388410985469818 and parameters: {'mlp_n_layers': 3, 'mlp_dim_00': 487, 'mlp_dim_01': 391, 'mlp_dim_02': 339, 'node_hidden_dim': 128, 'edge_hidden_dim': 66, 'depth': 2, 'rep_dropout': 0.04959822155468464, 'train_learning_rate': 0.007094805630407023, 'train_lr_reduce': 0.6}. Best is trial 724 with value: 0.1670333594083786.
[I 2024-12-19 08:41:51,151] Trial 936 finished with value: 0.5673968195915222 and parameters: {'mlp_n_layers': 4, 'mlp_dim_00': 478, 'mlp_dim_01': 367, 'mlp_dim_02': 425, 'mlp_dim_03': 285, 'node_hidden_dim': 79, 'edge_hidden_dim': 72, 'depth': 2, 'rep_dropout': 0.021920942446023432, 'train_learning_rate': 0.0044552011555869025, 'train_lr_reduce': 0.6}. Best is trial 724 with value: 0.1670333594083786.
[I 2024-12-19 08:41:57,339] Trial 938 finished with value: 0.39367905259132385 and parameters: {'mlp_n_layers': 4, 'mlp_dim_00': 453, 'mlp_dim_01': 331, 'mlp_dim_02': 462, 'mlp_dim_03': 463, 'node_hidden_dim': 103, 'edge_hidden_dim': 84, 'depth': 2, 'rep_dropout': 0.05652335815150375, 'train_learning_rate': 0.009337505376815164, 'train_lr_reduce': 0.6}. Best is trial 724 with value: 0.1670333594083786.
[I 2024-12-19 08:42:15,239] Trial 939 finished with value: 0.342286616563797 and parameters: {'mlp_n_layers': 2, 'mlp_dim_00': 462, 'mlp_dim_01': 369, 'node_hidden_dim': 83, 'edge_hidden_dim': 45, 'depth': 3, 'rep_dropout': 0.0013652716554935704, 'train_learning_rate': 0.009985958153548823, 'train_lr_reduce': 0.6}. Best is trial 724 with value: 0.1670333594083786.
[I 2024-12-19 08:42:15,568] Trial 940 finished with value: 0.39196455478668213 and parameters: {'mlp_n_layers': 3, 'mlp_dim_00': 492, 'mlp_dim_01': 501, 'mlp_dim_02': 303, 'node_hidden_dim': 128, 'edge_hidden_dim': 57, 'depth': 2, 'rep_dropout': 0.04589016403998438, 'train_learning_rate': 0.004575280287506885, 'train_lr_reduce': 0.6}. Best is trial 724 with value: 0.1670333594083786.
[I 2024-12-19 08:42:15,575] Trial 941 finished with value: 0.792039155960083 and parameters: {'mlp_n_layers': 4, 'mlp_dim_00': 486, 'mlp_dim_01': 451, 'mlp_dim_02': 320, 'mlp_dim_03': 281, 'node_hidden_dim': 110, 'edge_hidden_dim': 80, 'depth': 3, 'rep_dropout': 0.041991907887754296, 'train_learning_rate': 0.009469121508796217, 'train_lr_reduce': 0.6}. Best is trial 724 with value: 0.1670333594083786.
[I 2024-12-19 08:42:22,393] Trial 944 finished with value: 1.1419003009796143 and parameters: {'mlp_n_layers': 3, 'mlp_dim_00': 477, 'mlp_dim_01': 288, 'mlp_dim_02': 320, 'node_hidden_dim': 69, 'edge_hidden_dim': 123, 'depth': 3, 'rep_dropout': 0.02705747356754032, 'train_learning_rate': 0.001444647443353825, 'train_lr_reduce': 0.6}. Best is trial 724 with value: 0.1670333594083786.
[I 2024-12-19 08:42:32,796] Trial 945 finished with value: 1.1102526187896729 and parameters: {'mlp_n_layers': 3, 'mlp_dim_00': 448, 'mlp_dim_01': 491, 'mlp_dim_02': 257, 'node_hidden_dim': 128, 'edge_hidden_dim': 57, 'depth': 3, 'rep_dropout': 0.004675577884025332, 'train_learning_rate': 0.009355759427953166, 'train_lr_reduce': 0.6}. Best is trial 724 with value: 0.1670333594083786.
[I 2024-12-19 08:42:33,466] Trial 943 finished with value: 0.7386993765830994 and parameters: {'mlp_n_layers': 2, 'mlp_dim_00': 455, 'mlp_dim_01': 446, 'node_hidden_dim': 124, 'edge_hidden_dim': 39, 'depth': 2, 'rep_dropout': 0.08103832946409348, 'train_learning_rate': 0.007121202238839166, 'train_lr_reduce': 0.6}. Best is trial 724 with value: 0.1670333594083786.
[I 2024-12-19 08:42:39,209] Trial 942 finished with value: 0.3108205199241638 and parameters: {'mlp_n_layers': 3, 'mlp_dim_00': 381, 'mlp_dim_01': 339, 'mlp_dim_02': 297, 'node_hidden_dim': 117, 'edge_hidden_dim': 69, 'depth': 2, 'rep_dropout': 0.0828695903636412, 'train_learning_rate': 0.009071399768590296, 'train_lr_reduce': 0.6}. Best is trial 724 with value: 0.1670333594083786.
[I 2024-12-19 08:42:39,904] Trial 946 finished with value: 1.1434611082077026 and parameters: {'mlp_n_layers': 4, 'mlp_dim_00': 427, 'mlp_dim_01': 85, 'mlp_dim_02': 338, 'mlp_dim_03': 379, 'node_hidden_dim': 36, 'edge_hidden_dim': 81, 'depth': 3, 'rep_dropout': 0.14432674343414872, 'train_learning_rate': 0.0073223762975501505, 'train_lr_reduce': 0.6}. Best is trial 724 with value: 0.1670333594083786.
[I 2024-12-19 08:42:48,157] Trial 948 finished with value: 1.14254629611969 and parameters: {'mlp_n_layers': 2, 'mlp_dim_00': 510, 'mlp_dim_01': 251, 'node_hidden_dim': 111, 'edge_hidden_dim': 59, 'depth': 2, 'rep_dropout': 0.04135124577671789, 'train_learning_rate': 0.00010072416813325719, 'train_lr_reduce': 0.6}. Best is trial 724 with value: 0.1670333594083786.
[I 2024-12-19 08:42:50,934] Trial 949 finished with value: 1.1417231559753418 and parameters: {'mlp_n_layers': 4, 'mlp_dim_00': 74, 'mlp_dim_01': 432, 'mlp_dim_02': 353, 'mlp_dim_03': 511, 'node_hidden_dim': 60, 'edge_hidden_dim': 68, 'depth': 3, 'rep_dropout': 0.002090117516959117, 'train_learning_rate': 0.00017368878817703237, 'train_lr_reduce': 0.6}. Best is trial 724 with value: 0.1670333594083786.
[I 2024-12-19 08:42:56,537] Trial 950 finished with value: 1.1435045003890991 and parameters: {'mlp_n_layers': 4, 'mlp_dim_00': 473, 'mlp_dim_01': 206, 'mlp_dim_02': 346, 'mlp_dim_03': 247, 'node_hidden_dim': 95, 'edge_hidden_dim': 77, 'depth': 2, 'rep_dropout': 0.01359448649164926, 'train_learning_rate': 0.00309477378438642, 'train_lr_reduce': 0.6}. Best is trial 724 with value: 0.1670333594083786.
[I 2024-12-19 08:42:58,623] Trial 947 finished with value: 0.3873523771762848 and parameters: {'mlp_n_layers': 2, 'mlp_dim_00': 486, 'mlp_dim_01': 490, 'node_hidden_dim': 76, 'edge_hidden_dim': 41, 'depth': 2, 'rep_dropout': 0.06465976753847236, 'train_learning_rate': 0.007703421260216046, 'train_lr_reduce': 0.6}. Best is trial 724 with value: 0.1670333594083786.
[I 2024-12-19 08:42:58,725] Trial 951 finished with value: 1.1427956819534302 and parameters: {'mlp_n_layers': 2, 'mlp_dim_00': 64, 'mlp_dim_01': 344, 'node_hidden_dim': 36, 'edge_hidden_dim': 74, 'depth': 3, 'rep_dropout': 0.1288955108465018, 'train_learning_rate': 0.0005001789978432991, 'train_lr_reduce': 0.6}. Best is trial 724 with value: 0.1670333594083786.
[I 2024-12-19 08:43:11,013] Trial 954 finished with value: 1.119096279144287 and parameters: {'mlp_n_layers': 3, 'mlp_dim_00': 484, 'mlp_dim_01': 358, 'mlp_dim_02': 256, 'node_hidden_dim': 125, 'edge_hidden_dim': 75, 'depth': 3, 'rep_dropout': 0.021335813575356834, 'train_learning_rate': 0.0058677803458742125, 'train_lr_reduce': 0.6}. Best is trial 724 with value: 0.1670333594083786.
[I 2024-12-19 08:43:18,128] Trial 952 finished with value: 0.615652322769165 and parameters: {'mlp_n_layers': 4, 'mlp_dim_00': 373, 'mlp_dim_01': 383, 'mlp_dim_02': 320, 'mlp_dim_03': 327, 'node_hidden_dim': 100, 'edge_hidden_dim': 36, 'depth': 2, 'rep_dropout': 0.08697124158837666, 'train_learning_rate': 0.00444904379380531, 'train_lr_reduce': 0.6}. Best is trial 724 with value: 0.1670333594083786.
[I 2024-12-19 08:43:20,891] Trial 953 finished with value: 0.7226254940032959 and parameters: {'mlp_n_layers': 3, 'mlp_dim_00': 498, 'mlp_dim_01': 397, 'mlp_dim_02': 334, 'node_hidden_dim': 114, 'edge_hidden_dim': 70, 'depth': 2, 'rep_dropout': 0.09020522556666362, 'train_learning_rate': 0.006638952063903432, 'train_lr_reduce': 0.6}. Best is trial 724 with value: 0.1670333594083786.
[I 2024-12-19 08:43:27,783] Trial 957 finished with value: 1.1498602628707886 and parameters: {'mlp_n_layers': 2, 'mlp_dim_00': 356, 'mlp_dim_01': 73, 'node_hidden_dim': 94, 'edge_hidden_dim': 120, 'depth': 3, 'rep_dropout': 0.22316562924435762, 'train_learning_rate': 0.0019320599858142437, 'train_lr_reduce': 0.6}. Best is trial 724 with value: 0.1670333594083786.
[I 2024-12-19 08:43:32,522] Trial 955 finished with value: 0.27644601464271545 and parameters: {'mlp_n_layers': 2, 'mlp_dim_00': 506, 'mlp_dim_01': 448, 'node_hidden_dim': 90, 'edge_hidden_dim': 38, 'depth': 2, 'rep_dropout': 0.0022708338448343933, 'train_learning_rate': 0.007440009340051852, 'train_lr_reduce': 0.6}. Best is trial 724 with value: 0.1670333594083786.
[I 2024-12-19 08:43:34,462] Trial 958 finished with value: 1.153990626335144 and parameters: {'mlp_n_layers': 3, 'mlp_dim_00': 414, 'mlp_dim_01': 500, 'mlp_dim_02': 346, 'node_hidden_dim': 73, 'edge_hidden_dim': 40, 'depth': 2, 'rep_dropout': 0.052220848619887385, 'train_learning_rate': 0.003724401514480723, 'train_lr_reduce': 0.6}. Best is trial 724 with value: 0.1670333594083786.
[I 2024-12-19 08:43:34,489] Trial 956 finished with value: 0.6044093370437622 and parameters: {'mlp_n_layers': 4, 'mlp_dim_00': 487, 'mlp_dim_01': 387, 'mlp_dim_02': 364, 'mlp_dim_03': 405, 'node_hidden_dim': 95, 'edge_hidden_dim': 79, 'depth': 2, 'rep_dropout': 0.05037755262747243, 'train_learning_rate': 0.005805248528433827, 'train_lr_reduce': 0.6}. Best is trial 724 with value: 0.1670333594083786.
[I 2024-12-19 08:43:41,228] Trial 961 finished with value: 1.1516374349594116 and parameters: {'mlp_n_layers': 3, 'mlp_dim_00': 411, 'mlp_dim_01': 388, 'mlp_dim_02': 384, 'node_hidden_dim': 101, 'edge_hidden_dim': 43, 'depth': 2, 'rep_dropout': 0.04057430247993117, 'train_learning_rate': 0.0037666733381146924, 'train_lr_reduce': 0.6}. Best is trial 724 with value: 0.1670333594083786.
[I 2024-12-19 08:43:41,233] Trial 960 finished with value: 1.1446059942245483 and parameters: {'mlp_n_layers': 4, 'mlp_dim_00': 448, 'mlp_dim_01': 313, 'mlp_dim_02': 351, 'mlp_dim_03': 239, 'node_hidden_dim': 87, 'edge_hidden_dim': 72, 'depth': 2, 'rep_dropout': 0.009742975548121764, 'train_learning_rate': 0.004507334921132435, 'train_lr_reduce': 0.6}. Best is trial 724 with value: 0.1670333594083786.
[I 2024-12-19 08:43:50,324] Trial 962 finished with value: 1.1420243978500366 and parameters: {'mlp_n_layers': 2, 'mlp_dim_00': 262, 'mlp_dim_01': 425, 'node_hidden_dim': 59, 'edge_hidden_dim': 124, 'depth': 4, 'rep_dropout': 0.24312211735300415, 'train_learning_rate': 0.0005117668467102916, 'train_lr_reduce': 0.6}. Best is trial 724 with value: 0.1670333594083786.
[I 2024-12-19 08:43:55,496] Trial 959 finished with value: 0.27833735942840576 and parameters: {'mlp_n_layers': 2, 'mlp_dim_00': 481, 'mlp_dim_01': 496, 'node_hidden_dim': 104, 'edge_hidden_dim': 64, 'depth': 2, 'rep_dropout': 0.1082792531110314, 'train_learning_rate': 0.004661641271113461, 'train_lr_reduce': 0.6}. Best is trial 724 with value: 0.1670333594083786.
[I 2024-12-19 08:43:59,466] Trial 964 finished with value: 1.1432862281799316 and parameters: {'mlp_n_layers': 4, 'mlp_dim_00': 497, 'mlp_dim_01': 451, 'mlp_dim_02': 379, 'mlp_dim_03': 337, 'node_hidden_dim': 74, 'edge_hidden_dim': 97, 'depth': 4, 'rep_dropout': 0.2087185921158572, 'train_learning_rate': 0.004229613472967702, 'train_lr_reduce': 0.6}. Best is trial 724 with value: 0.1670333594083786.
[I 2024-12-19 08:44:05,549] Trial 963 finished with value: 0.21785320341587067 and parameters: {'mlp_n_layers': 3, 'mlp_dim_00': 509, 'mlp_dim_01': 254, 'mlp_dim_02': 304, 'node_hidden_dim': 114, 'edge_hidden_dim': 74, 'depth': 2, 'rep_dropout': 0.07197019636052268, 'train_learning_rate': 0.007482453155516653, 'train_lr_reduce': 0.6}. Best is trial 724 with value: 0.1670333594083786.
[I 2024-12-19 08:44:08,104] Trial 966 finished with value: 1.1421890258789062 and parameters: {'mlp_n_layers': 4, 'mlp_dim_00': 229, 'mlp_dim_01': 300, 'mlp_dim_02': 371, 'mlp_dim_03': 196, 'node_hidden_dim': 91, 'edge_hidden_dim': 76, 'depth': 3, 'rep_dropout': 0.24901898272418352, 'train_learning_rate': 0.008644078278562813, 'train_lr_reduce': 0.6}. Best is trial 724 with value: 0.1670333594083786.
[I 2024-12-19 08:44:14,260] Trial 967 finished with value: 1.1421386003494263 and parameters: {'mlp_n_layers': 2, 'mlp_dim_00': 403, 'mlp_dim_01': 306, 'node_hidden_dim': 39, 'edge_hidden_dim': 79, 'depth': 3, 'rep_dropout': 0.07179068398730384, 'train_learning_rate': 0.00012769512471021477, 'train_lr_reduce': 0.6}. Best is trial 724 with value: 0.1670333594083786.
[I 2024-12-19 08:44:17,602] Trial 965 finished with value: 0.2330285757780075 and parameters: {'mlp_n_layers': 2, 'mlp_dim_00': 480, 'mlp_dim_01': 502, 'node_hidden_dim': 121, 'edge_hidden_dim': 106, 'depth': 2, 'rep_dropout': 0.09683228259385544, 'train_learning_rate': 0.0054002474813307135, 'train_lr_reduce': 0.6}. Best is trial 724 with value: 0.1670333594083786.
[I 2024-12-19 08:44:20,708] Trial 969 finished with value: 1.150005578994751 and parameters: {'mlp_n_layers': 3, 'mlp_dim_00': 453, 'mlp_dim_01': 330, 'mlp_dim_02': 397, 'node_hidden_dim': 126, 'edge_hidden_dim': 76, 'depth': 2, 'rep_dropout': 0.05697721188924031, 'train_learning_rate': 0.0028807861475717974, 'train_lr_reduce': 0.6}. Best is trial 724 with value: 0.1670333594083786.
[I 2024-12-19 08:44:23,181] Trial 968 finished with value: 0.895990788936615 and parameters: {'mlp_n_layers': 3, 'mlp_dim_00': 431, 'mlp_dim_01': 492, 'mlp_dim_02': 191, 'node_hidden_dim': 110, 'edge_hidden_dim': 81, 'depth': 2, 'rep_dropout': 0.0402999278500246, 'train_learning_rate': 0.009267334864136823, 'train_lr_reduce': 0.6}. Best is trial 724 with value: 0.1670333594083786.
[I 2024-12-19 08:44:26,486] Trial 970 finished with value: 1.142074465751648 and parameters: {'mlp_n_layers': 4, 'mlp_dim_00': 111, 'mlp_dim_01': 345, 'mlp_dim_02': 382, 'mlp_dim_03': 457, 'node_hidden_dim': 73, 'edge_hidden_dim': 82, 'depth': 2, 'rep_dropout': 0.21335168213869243, 'train_learning_rate': 0.00011253870430363042, 'train_lr_reduce': 0.6}. Best is trial 724 with value: 0.1670333594083786.
[I 2024-12-19 08:44:27,776] Trial 971 finished with value: 1.1453983783721924 and parameters: {'mlp_n_layers': 3, 'mlp_dim_00': 499, 'mlp_dim_01': 357, 'mlp_dim_02': 304, 'node_hidden_dim': 90, 'edge_hidden_dim': 55, 'depth': 3, 'rep_dropout': 0.0023601166636358336, 'train_learning_rate': 0.002112933071469911, 'train_lr_reduce': 0.6}. Best is trial 724 with value: 0.1670333594083786.
