Seed set to 42
Seed set to 42
[I 2024-12-26 03:09:31,187] Using an existing study with name 'groupgat_Pc_groupgat' instead of creating a new one.
[I 2024-12-26 03:11:09,048] Trial 1580 finished with value: 0.09310457855463028 and parameters: {'L1_hidden_dim': 96, 'L1_layers_atom': 3, 'L1_layers_mol': 1, 'L1_dropout': 0.29700147258371484, 'L1_out_dim': 80, 'L2_hidden_dim': 240, 'L2_layers_atom': 2, 'L2_layers_mol': 4, 'L2_out_dim': 32, 'L2_dropout': 0.06543825814779736, 'L3_hidden_dim': 32, 'L3_layers_atom': 2, 'L3_layers_mol': 3, 'L3_out_dim': 96, 'L3_dropout': 0.021315235724272418, 'n_mlp_layers': 3, 'mlp_dim_0': 360, 'mlp_dim_1': 408, 'mlp_dim_2': 120, 'num_heads': 1, 'final_dropout': 0.10470452919391839, 'train_learning_rate': 0.002751555673846034, 'train_lr_reduce': 0.6}. Best is trial 1286 with value: 0.03935658559203148.
[I 2024-12-26 03:11:12,629] Trial 1578 finished with value: 0.0821014866232872 and parameters: {'L1_hidden_dim': 64, 'L1_layers_atom': 3, 'L1_layers_mol': 4, 'L1_dropout': 0.29120277900091646, 'L1_out_dim': 80, 'L2_hidden_dim': 224, 'L2_layers_atom': 1, 'L2_layers_mol': 1, 'L2_out_dim': 128, 'L2_dropout': 0.033511020266321925, 'L3_hidden_dim': 128, 'L3_layers_atom': 4, 'L3_layers_mol': 1, 'L3_out_dim': 80, 'L3_dropout': 0.24689651724651723, 'n_mlp_layers': 1, 'mlp_dim_0': 296, 'num_heads': 2, 'final_dropout': 0.08827791282428737, 'train_learning_rate': 0.0013679348459874677, 'train_lr_reduce': 0.6}. Best is trial 1286 with value: 0.03935658559203148.
[I 2024-12-26 03:11:28,761] Trial 1579 finished with value: 0.07488520443439484 and parameters: {'L1_hidden_dim': 96, 'L1_layers_atom': 3, 'L1_layers_mol': 4, 'L1_dropout': 0.2837307868080548, 'L1_out_dim': 80, 'L2_hidden_dim': 144, 'L2_layers_atom': 2, 'L2_layers_mol': 2, 'L2_out_dim': 128, 'L2_dropout': 0.025722029654359366, 'L3_hidden_dim': 80, 'L3_layers_atom': 3, 'L3_layers_mol': 1, 'L3_out_dim': 80, 'L3_dropout': 0.1724174488644023, 'n_mlp_layers': 3, 'mlp_dim_0': 56, 'mlp_dim_1': 400, 'mlp_dim_2': 120, 'num_heads': 2, 'final_dropout': 0.08380414894843939, 'train_learning_rate': 0.00040953427077229865, 'train_lr_reduce': 0.6}. Best is trial 1286 with value: 0.03935658559203148.
[I 2024-12-26 03:12:40,960] Trial 1583 finished with value: 0.08602280169725418 and parameters: {'L1_hidden_dim': 80, 'L1_layers_atom': 3, 'L1_layers_mol': 4, 'L1_dropout': 0.23752409733927077, 'L1_out_dim': 112, 'L2_hidden_dim': 160, 'L2_layers_atom': 1, 'L2_layers_mol': 1, 'L2_out_dim': 80, 'L2_dropout': 0.16060954390882148, 'L3_hidden_dim': 128, 'L3_layers_atom': 3, 'L3_layers_mol': 1, 'L3_out_dim': 80, 'L3_dropout': 0.24842454576471149, 'n_mlp_layers': 2, 'mlp_dim_0': 280, 'mlp_dim_1': 432, 'num_heads': 1, 'final_dropout': 0.11259692884393674, 'train_learning_rate': 0.0005755141870024634, 'train_lr_reduce': 0.6}. Best is trial 1286 with value: 0.03935658559203148.
[I 2024-12-26 03:12:45,819] Trial 1582 finished with value: 0.08597414195537567 and parameters: {'L1_hidden_dim': 80, 'L1_layers_atom': 3, 'L1_layers_mol': 3, 'L1_dropout': 0.2994250994558565, 'L1_out_dim': 128, 'L2_hidden_dim': 144, 'L2_layers_atom': 3, 'L2_layers_mol': 3, 'L2_out_dim': 128, 'L2_dropout': 0.15823549812659565, 'L3_hidden_dim': 128, 'L3_layers_atom': 2, 'L3_layers_mol': 1, 'L3_out_dim': 80, 'L3_dropout': 0.19413182272159338, 'n_mlp_layers': 3, 'mlp_dim_0': 224, 'mlp_dim_1': 432, 'mlp_dim_2': 224, 'num_heads': 1, 'final_dropout': 0.08160070464263333, 'train_learning_rate': 0.0011890094518359222, 'train_lr_reduce': 0.6}. Best is trial 1286 with value: 0.03935658559203148.
[I 2024-12-26 03:13:22,878] Trial 1581 finished with value: 0.12408304959535599 and parameters: {'L1_hidden_dim': 96, 'L1_layers_atom': 4, 'L1_layers_mol': 3, 'L1_dropout': 0.28822824098908584, 'L1_out_dim': 112, 'L2_hidden_dim': 208, 'L2_layers_atom': 1, 'L2_layers_mol': 1, 'L2_out_dim': 112, 'L2_dropout': 0.009647923711222264, 'L3_hidden_dim': 112, 'L3_layers_atom': 4, 'L3_layers_mol': 1, 'L3_out_dim': 112, 'L3_dropout': 0.29294515497007323, 'n_mlp_layers': 1, 'mlp_dim_0': 48, 'num_heads': 2, 'final_dropout': 0.007839923334019158, 'train_learning_rate': 0.006390284519625124, 'train_lr_reduce': 0.6}. Best is trial 1286 with value: 0.03935658559203148.
[I 2024-12-26 03:14:40,786] Trial 1584 finished with value: 0.09082932025194168 and parameters: {'L1_hidden_dim': 64, 'L1_layers_atom': 4, 'L1_layers_mol': 4, 'L1_dropout': 0.27457558190886655, 'L1_out_dim': 64, 'L2_hidden_dim': 208, 'L2_layers_atom': 2, 'L2_layers_mol': 1, 'L2_out_dim': 112, 'L2_dropout': 0.08367361268207407, 'L3_hidden_dim': 112, 'L3_layers_atom': 4, 'L3_layers_mol': 2, 'L3_out_dim': 96, 'L3_dropout': 0.23632293848868913, 'n_mlp_layers': 2, 'mlp_dim_0': 232, 'mlp_dim_1': 400, 'num_heads': 2, 'final_dropout': 0.008639027408738769, 'train_learning_rate': 0.003554934143541214, 'train_lr_reduce': 0.6}. Best is trial 1286 with value: 0.03935658559203148.
[I 2024-12-26 03:15:03,123] Trial 1585 finished with value: 0.11051833629608154 and parameters: {'L1_hidden_dim': 160, 'L1_layers_atom': 3, 'L1_layers_mol': 2, 'L1_dropout': 0.29187100451134795, 'L1_out_dim': 96, 'L2_hidden_dim': 240, 'L2_layers_atom': 2, 'L2_layers_mol': 3, 'L2_out_dim': 48, 'L2_dropout': 0.06947914891262127, 'L3_hidden_dim': 32, 'L3_layers_atom': 3, 'L3_layers_mol': 3, 'L3_out_dim': 80, 'L3_dropout': 0.027812051157608677, 'n_mlp_layers': 2, 'mlp_dim_0': 264, 'mlp_dim_1': 440, 'num_heads': 1, 'final_dropout': 0.042248722428921304, 'train_learning_rate': 0.003642389993658542, 'train_lr_reduce': 0.6}. Best is trial 1286 with value: 0.03935658559203148.
[I 2024-12-26 03:15:16,696] Trial 1586 finished with value: 0.09936347603797913 and parameters: {'L1_hidden_dim': 112, 'L1_layers_atom': 4, 'L1_layers_mol': 1, 'L1_dropout': 0.27613021944782556, 'L1_out_dim': 128, 'L2_hidden_dim': 192, 'L2_layers_atom': 3, 'L2_layers_mol': 3, 'L2_out_dim': 128, 'L2_dropout': 0.1231393390682744, 'L3_hidden_dim': 96, 'L3_layers_atom': 1, 'L3_layers_mol': 1, 'L3_out_dim': 112, 'L3_dropout': 0.24031937153438823, 'n_mlp_layers': 2, 'mlp_dim_0': 224, 'mlp_dim_1': 392, 'num_heads': 1, 'final_dropout': 0.17434868556934008, 'train_learning_rate': 0.0005365057678050687, 'train_lr_reduce': 0.6}. Best is trial 1286 with value: 0.03935658559203148.
[I 2024-12-26 03:16:23,138] Trial 1587 finished with value: 0.07662977278232574 and parameters: {'L1_hidden_dim': 112, 'L1_layers_atom': 3, 'L1_layers_mol': 2, 'L1_dropout': 0.27181580014737944, 'L1_out_dim': 80, 'L2_hidden_dim': 256, 'L2_layers_atom': 3, 'L2_layers_mol': 4, 'L2_out_dim': 80, 'L2_dropout': 0.06398630841414697, 'L3_hidden_dim': 64, 'L3_layers_atom': 3, 'L3_layers_mol': 3, 'L3_out_dim': 128, 'L3_dropout': 0.032751564317702674, 'n_mlp_layers': 2, 'mlp_dim_0': 304, 'mlp_dim_1': 440, 'num_heads': 1, 'final_dropout': 0.17445492766330556, 'train_learning_rate': 0.002201402496339729, 'train_lr_reduce': 0.6}. Best is trial 1286 with value: 0.03935658559203148.
[I 2024-12-26 03:16:42,980] Trial 1588 finished with value: 0.11102163791656494 and parameters: {'L1_hidden_dim': 96, 'L1_layers_atom': 3, 'L1_layers_mol': 1, 'L1_dropout': 0.24399822187482886, 'L1_out_dim': 112, 'L2_hidden_dim': 176, 'L2_layers_atom': 4, 'L2_layers_mol': 3, 'L2_out_dim': 80, 'L2_dropout': 0.10253858942926013, 'L3_hidden_dim': 128, 'L3_layers_atom': 2, 'L3_layers_mol': 2, 'L3_out_dim': 112, 'L3_dropout': 0.2921401867355759, 'n_mlp_layers': 3, 'mlp_dim_0': 256, 'mlp_dim_1': 400, 'mlp_dim_2': 80, 'num_heads': 2, 'final_dropout': 0.14113752501246485, 'train_learning_rate': 0.005023733333942912, 'train_lr_reduce': 0.6}. Best is trial 1286 with value: 0.03935658559203148.
[I 2024-12-26 03:17:10,299] Trial 1589 finished with value: 0.05949646234512329 and parameters: {'L1_hidden_dim': 64, 'L1_layers_atom': 4, 'L1_layers_mol': 4, 'L1_dropout': 0.2927643109325812, 'L1_out_dim': 80, 'L2_hidden_dim': 240, 'L2_layers_atom': 3, 'L2_layers_mol': 3, 'L2_out_dim': 32, 'L2_dropout': 0.014640582894401094, 'L3_hidden_dim': 32, 'L3_layers_atom': 4, 'L3_layers_mol': 2, 'L3_out_dim': 80, 'L3_dropout': 0.03209401553640523, 'n_mlp_layers': 3, 'mlp_dim_0': 208, 'mlp_dim_1': 480, 'mlp_dim_2': 72, 'num_heads': 1, 'final_dropout': 0.11092927494038726, 'train_learning_rate': 0.001677545549071101, 'train_lr_reduce': 0.6}. Best is trial 1286 with value: 0.03935658559203148.
[I 2024-12-26 03:18:09,121] Trial 1590 finished with value: 0.07615669071674347 and parameters: {'L1_hidden_dim': 80, 'L1_layers_atom': 3, 'L1_layers_mol': 4, 'L1_dropout': 0.24906616715322386, 'L1_out_dim': 96, 'L2_hidden_dim': 208, 'L2_layers_atom': 2, 'L2_layers_mol': 1, 'L2_out_dim': 128, 'L2_dropout': 0.18691636834667658, 'L3_hidden_dim': 128, 'L3_layers_atom': 4, 'L3_layers_mol': 1, 'L3_out_dim': 80, 'L3_dropout': 0.2363001775789318, 'n_mlp_layers': 2, 'mlp_dim_0': 304, 'mlp_dim_1': 440, 'num_heads': 2, 'final_dropout': 0.12242580717159378, 'train_learning_rate': 0.002457852260903039, 'train_lr_reduce': 0.6}. Best is trial 1286 with value: 0.03935658559203148.
[I 2024-12-26 03:18:27,781] Trial 1591 finished with value: 0.09345366060733795 and parameters: {'L1_hidden_dim': 80, 'L1_layers_atom': 3, 'L1_layers_mol': 4, 'L1_dropout': 0.27757179992563547, 'L1_out_dim': 80, 'L2_hidden_dim': 160, 'L2_layers_atom': 1, 'L2_layers_mol': 1, 'L2_out_dim': 128, 'L2_dropout': 0.04858598314126916, 'L3_hidden_dim': 128, 'L3_layers_atom': 4, 'L3_layers_mol': 2, 'L3_out_dim': 80, 'L3_dropout': 0.2907668754543063, 'n_mlp_layers': 2, 'mlp_dim_0': 232, 'mlp_dim_1': 392, 'num_heads': 2, 'final_dropout': 0.11320093398303002, 'train_learning_rate': 0.003765333897258759, 'train_lr_reduce': 0.6}. Best is trial 1286 with value: 0.03935658559203148.
[I 2024-12-26 03:19:27,327] Trial 1592 finished with value: 0.06776897609233856 and parameters: {'L1_hidden_dim': 96, 'L1_layers_atom': 2, 'L1_layers_mol': 3, 'L1_dropout': 0.283729997393497, 'L1_out_dim': 64, 'L2_hidden_dim': 192, 'L2_layers_atom': 3, 'L2_layers_mol': 3, 'L2_out_dim': 112, 'L2_dropout': 0.09624379054808507, 'L3_hidden_dim': 112, 'L3_layers_atom': 3, 'L3_layers_mol': 1, 'L3_out_dim': 128, 'L3_dropout': 0.17087308789452926, 'n_mlp_layers': 1, 'mlp_dim_0': 248, 'num_heads': 1, 'final_dropout': 0.14148244424887269, 'train_learning_rate': 0.002538505265944121, 'train_lr_reduce': 0.6}. Best is trial 1286 with value: 0.03935658559203148.
[I 2024-12-26 03:19:37,320] Trial 1593 finished with value: 0.07399856299161911 and parameters: {'L1_hidden_dim': 64, 'L1_layers_atom': 4, 'L1_layers_mol': 4, 'L1_dropout': 0.26217465133988777, 'L1_out_dim': 48, 'L2_hidden_dim': 208, 'L2_layers_atom': 2, 'L2_layers_mol': 1, 'L2_out_dim': 128, 'L2_dropout': 0.08989923617086341, 'L3_hidden_dim': 112, 'L3_layers_atom': 4, 'L3_layers_mol': 2, 'L3_out_dim': 96, 'L3_dropout': 0.23150718133282294, 'n_mlp_layers': 2, 'mlp_dim_0': 272, 'mlp_dim_1': 440, 'num_heads': 2, 'final_dropout': 0.17024825855744705, 'train_learning_rate': 0.001312707612056844, 'train_lr_reduce': 0.6}. Best is trial 1286 with value: 0.03935658559203148.
[I 2024-12-26 03:19:56,731] Trial 1594 finished with value: 0.07168789207935333 and parameters: {'L1_hidden_dim': 80, 'L1_layers_atom': 4, 'L1_layers_mol': 4, 'L1_dropout': 0.29965853704139744, 'L1_out_dim': 80, 'L2_hidden_dim': 192, 'L2_layers_atom': 1, 'L2_layers_mol': 2, 'L2_out_dim': 112, 'L2_dropout': 0.029565687715645952, 'L3_hidden_dim': 112, 'L3_layers_atom': 4, 'L3_layers_mol': 2, 'L3_out_dim': 64, 'L3_dropout': 0.2884211408009816, 'n_mlp_layers': 2, 'mlp_dim_0': 304, 'mlp_dim_1': 480, 'num_heads': 2, 'final_dropout': 0.1262345180219923, 'train_learning_rate': 0.0008832836615206529, 'train_lr_reduce': 0.6}. Best is trial 1286 with value: 0.03935658559203148.
[I 2024-12-26 03:20:45,792] Trial 1595 finished with value: 0.12025309354066849 and parameters: {'L1_hidden_dim': 96, 'L1_layers_atom': 3, 'L1_layers_mol': 3, 'L1_dropout': 0.26688033118510374, 'L1_out_dim': 80, 'L2_hidden_dim': 144, 'L2_layers_atom': 2, 'L2_layers_mol': 1, 'L2_out_dim': 112, 'L2_dropout': 0.03708126822813239, 'L3_hidden_dim': 96, 'L3_layers_atom': 3, 'L3_layers_mol': 1, 'L3_out_dim': 96, 'L3_dropout': 0.18594806596470184, 'n_mlp_layers': 3, 'mlp_dim_0': 248, 'mlp_dim_1': 400, 'mlp_dim_2': 152, 'num_heads': 1, 'final_dropout': 0.1268325488297211, 'train_learning_rate': 0.003728669095782647, 'train_lr_reduce': 0.6}. Best is trial 1286 with value: 0.03935658559203148.
[I 2024-12-26 03:20:56,486] Trial 1596 finished with value: 0.08922433108091354 and parameters: {'L1_hidden_dim': 80, 'L1_layers_atom': 4, 'L1_layers_mol': 4, 'L1_dropout': 0.2166888098967169, 'L1_out_dim': 64, 'L2_hidden_dim': 240, 'L2_layers_atom': 1, 'L2_layers_mol': 1, 'L2_out_dim': 128, 'L2_dropout': 0.0982358472307435, 'L3_hidden_dim': 80, 'L3_layers_atom': 3, 'L3_layers_mol': 2, 'L3_out_dim': 80, 'L3_dropout': 0.11104209224138002, 'n_mlp_layers': 3, 'mlp_dim_0': 336, 'mlp_dim_1': 392, 'mlp_dim_2': 72, 'num_heads': 2, 'final_dropout': 0.14669655940913795, 'train_learning_rate': 0.0026996026563581017, 'train_lr_reduce': 0.6}. Best is trial 1286 with value: 0.03935658559203148.
[I 2024-12-26 03:21:01,684] Trial 1597 finished with value: 0.0645207092165947 and parameters: {'L1_hidden_dim': 64, 'L1_layers_atom': 2, 'L1_layers_mol': 3, 'L1_dropout': 0.29375688744993983, 'L1_out_dim': 64, 'L2_hidden_dim': 96, 'L2_layers_atom': 1, 'L2_layers_mol': 1, 'L2_out_dim': 96, 'L2_dropout': 0.009449680210558174, 'L3_hidden_dim': 112, 'L3_layers_atom': 2, 'L3_layers_mol': 1, 'L3_out_dim': 96, 'L3_dropout': 0.14584987929971616, 'n_mlp_layers': 2, 'mlp_dim_0': 320, 'mlp_dim_1': 472, 'num_heads': 1, 'final_dropout': 0.15316943408622077, 'train_learning_rate': 0.002768041531876134, 'train_lr_reduce': 0.6}. Best is trial 1286 with value: 0.03935658559203148.
[I 2024-12-26 03:22:20,405] Trial 1599 finished with value: 0.09749056398868561 and parameters: {'L1_hidden_dim': 96, 'L1_layers_atom': 3, 'L1_layers_mol': 2, 'L1_dropout': 0.18668544933298514, 'L1_out_dim': 128, 'L2_hidden_dim': 176, 'L2_layers_atom': 1, 'L2_layers_mol': 4, 'L2_out_dim': 128, 'L2_dropout': 0.12952310260338434, 'L3_hidden_dim': 128, 'L3_layers_atom': 2, 'L3_layers_mol': 1, 'L3_out_dim': 112, 'L3_dropout': 0.2387322278362582, 'n_mlp_layers': 3, 'mlp_dim_0': 336, 'mlp_dim_1': 440, 'mlp_dim_2': 120, 'num_heads': 1, 'final_dropout': 0.08652116334037936, 'train_learning_rate': 0.0037292656405443, 'train_lr_reduce': 0.6}. Best is trial 1286 with value: 0.03935658559203148.
[I 2024-12-26 03:22:40,000] Trial 1598 finished with value: 0.08175870031118393 and parameters: {'L1_hidden_dim': 64, 'L1_layers_atom': 4, 'L1_layers_mol': 4, 'L1_dropout': 0.279058500187999, 'L1_out_dim': 64, 'L2_hidden_dim': 240, 'L2_layers_atom': 3, 'L2_layers_mol': 3, 'L2_out_dim': 128, 'L2_dropout': 0.031107037198808297, 'L3_hidden_dim': 112, 'L3_layers_atom': 3, 'L3_layers_mol': 2, 'L3_out_dim': 32, 'L3_dropout': 0.16267958104610328, 'n_mlp_layers': 1, 'mlp_dim_0': 376, 'num_heads': 2, 'final_dropout': 0.26787941968660134, 'train_learning_rate': 0.0044469814496118885, 'train_lr_reduce': 0.6}. Best is trial 1286 with value: 0.03935658559203148.
[I 2024-12-26 03:23:02,256] Trial 1602 finished with value: 1.1655488014221191 and parameters: {'L1_hidden_dim': 64, 'L1_layers_atom': 4, 'L1_layers_mol': 3, 'L1_dropout': 0.21082036697085876, 'L1_out_dim': 64, 'L2_hidden_dim': 144, 'L2_layers_atom': 2, 'L2_layers_mol': 2, 'L2_out_dim': 80, 'L2_dropout': 0.09600748534375701, 'L3_hidden_dim': 128, 'L3_layers_atom': 4, 'L3_layers_mol': 1, 'L3_out_dim': 32, 'L3_dropout': 0.28882406407954353, 'n_mlp_layers': 3, 'mlp_dim_0': 40, 'mlp_dim_1': 400, 'mlp_dim_2': 192, 'num_heads': 1, 'final_dropout': 0.14807067073297353, 'train_learning_rate': 0.00028787594242795863, 'train_lr_reduce': 0.6}. Best is trial 1286 with value: 0.03935658559203148.
[I 2024-12-26 03:23:39,867] Trial 1600 finished with value: 0.07539872825145721 and parameters: {'L1_hidden_dim': 128, 'L1_layers_atom': 4, 'L1_layers_mol': 4, 'L1_dropout': 0.19283883613411187, 'L1_out_dim': 96, 'L2_hidden_dim': 208, 'L2_layers_atom': 2, 'L2_layers_mol': 2, 'L2_out_dim': 96, 'L2_dropout': 0.02739564288810672, 'L3_hidden_dim': 80, 'L3_layers_atom': 4, 'L3_layers_mol': 3, 'L3_out_dim': 80, 'L3_dropout': 0.2943941904292955, 'n_mlp_layers': 2, 'mlp_dim_0': 120, 'mlp_dim_1': 448, 'num_heads': 2, 'final_dropout': 0.0349442446032494, 'train_learning_rate': 0.003311941781316794, 'train_lr_reduce': 0.6}. Best is trial 1286 with value: 0.03935658559203148.
[I 2024-12-26 03:23:48,803] Trial 1601 finished with value: 0.0808107852935791 and parameters: {'L1_hidden_dim': 128, 'L1_layers_atom': 4, 'L1_layers_mol': 4, 'L1_dropout': 0.263739904132333, 'L1_out_dim': 112, 'L2_hidden_dim': 128, 'L2_layers_atom': 1, 'L2_layers_mol': 2, 'L2_out_dim': 128, 'L2_dropout': 0.1316050996420926, 'L3_hidden_dim': 112, 'L3_layers_atom': 4, 'L3_layers_mol': 1, 'L3_out_dim': 80, 'L3_dropout': 0.24365137650363927, 'n_mlp_layers': 2, 'mlp_dim_0': 376, 'mlp_dim_1': 512, 'num_heads': 1, 'final_dropout': 0.138597373077252, 'train_learning_rate': 0.0014439533648286694, 'train_lr_reduce': 0.6}. Best is trial 1286 with value: 0.03935658559203148.
[I 2024-12-26 03:24:30,120] Trial 1603 finished with value: 0.07648216187953949 and parameters: {'L1_hidden_dim': 128, 'L1_layers_atom': 3, 'L1_layers_mol': 4, 'L1_dropout': 0.1891975938785695, 'L1_out_dim': 64, 'L2_hidden_dim': 224, 'L2_layers_atom': 1, 'L2_layers_mol': 1, 'L2_out_dim': 112, 'L2_dropout': 0.09859500062447459, 'L3_hidden_dim': 96, 'L3_layers_atom': 4, 'L3_layers_mol': 1, 'L3_out_dim': 48, 'L3_dropout': 0.16321703581174124, 'n_mlp_layers': 1, 'mlp_dim_0': 232, 'num_heads': 1, 'final_dropout': 0.11491943211567023, 'train_learning_rate': 0.0029636857753745803, 'train_lr_reduce': 0.6}. Best is trial 1286 with value: 0.03935658559203148.
[I 2024-12-26 03:25:32,167] Trial 1605 finished with value: 0.08879595994949341 and parameters: {'L1_hidden_dim': 160, 'L1_layers_atom': 3, 'L1_layers_mol': 4, 'L1_dropout': 0.2788710414357336, 'L1_out_dim': 80, 'L2_hidden_dim': 224, 'L2_layers_atom': 1, 'L2_layers_mol': 1, 'L2_out_dim': 128, 'L2_dropout': 0.09262475741200248, 'L3_hidden_dim': 112, 'L3_layers_atom': 4, 'L3_layers_mol': 1, 'L3_out_dim': 96, 'L3_dropout': 0.22944031250633493, 'n_mlp_layers': 2, 'mlp_dim_0': 104, 'mlp_dim_1': 480, 'num_heads': 2, 'final_dropout': 0.055446315100063856, 'train_learning_rate': 0.004751065873733595, 'train_lr_reduce': 0.6}. Best is trial 1286 with value: 0.03935658559203148.
[I 2024-12-26 03:26:07,324] Trial 1604 finished with value: 0.11566262692213058 and parameters: {'L1_hidden_dim': 64, 'L1_layers_atom': 2, 'L1_layers_mol': 2, 'L1_dropout': 0.2897621372996189, 'L1_out_dim': 128, 'L2_hidden_dim': 240, 'L2_layers_atom': 1, 'L2_layers_mol': 4, 'L2_out_dim': 96, 'L2_dropout': 0.04250726248046033, 'L3_hidden_dim': 80, 'L3_layers_atom': 4, 'L3_layers_mol': 2, 'L3_out_dim': 96, 'L3_dropout': 0.163558421633008, 'n_mlp_layers': 2, 'mlp_dim_0': 72, 'mlp_dim_1': 392, 'num_heads': 1, 'final_dropout': 0.12571531195483487, 'train_learning_rate': 0.005680726946170581, 'train_lr_reduce': 0.6}. Best is trial 1286 with value: 0.03935658559203148.
[I 2024-12-26 03:26:07,632] Trial 1606 finished with value: 0.06067616865038872 and parameters: {'L1_hidden_dim': 80, 'L1_layers_atom': 3, 'L1_layers_mol': 2, 'L1_dropout': 0.26604210985731186, 'L1_out_dim': 112, 'L2_hidden_dim': 176, 'L2_layers_atom': 2, 'L2_layers_mol': 3, 'L2_out_dim': 112, 'L2_dropout': 0.1753086316125554, 'L3_hidden_dim': 112, 'L3_layers_atom': 2, 'L3_layers_mol': 1, 'L3_out_dim': 112, 'L3_dropout': 0.21384339388132548, 'n_mlp_layers': 2, 'mlp_dim_0': 280, 'mlp_dim_1': 448, 'num_heads': 1, 'final_dropout': 0.18637250975226288, 'train_learning_rate': 0.0027165988467841933, 'train_lr_reduce': 0.6}. Best is trial 1286 with value: 0.03935658559203148.
[I 2024-12-26 03:26:46,042] Trial 1607 finished with value: 0.08336251974105835 and parameters: {'L1_hidden_dim': 80, 'L1_layers_atom': 4, 'L1_layers_mol': 4, 'L1_dropout': 0.19308892838260164, 'L1_out_dim': 112, 'L2_hidden_dim': 160, 'L2_layers_atom': 1, 'L2_layers_mol': 1, 'L2_out_dim': 112, 'L2_dropout': 0.05548894952550823, 'L3_hidden_dim': 128, 'L3_layers_atom': 4, 'L3_layers_mol': 2, 'L3_out_dim': 80, 'L3_dropout': 0.2597289281347576, 'n_mlp_layers': 2, 'mlp_dim_0': 192, 'mlp_dim_1': 384, 'num_heads': 2, 'final_dropout': 0.2055801223122654, 'train_learning_rate': 0.000730037504740665, 'train_lr_reduce': 0.6}. Best is trial 1286 with value: 0.03935658559203148.
[I 2024-12-26 03:27:27,470] Trial 1608 finished with value: 0.06989136338233948 and parameters: {'L1_hidden_dim': 64, 'L1_layers_atom': 1, 'L1_layers_mol': 2, 'L1_dropout': 0.28934125493174667, 'L1_out_dim': 112, 'L2_hidden_dim': 176, 'L2_layers_atom': 1, 'L2_layers_mol': 4, 'L2_out_dim': 112, 'L2_dropout': 0.04348239274879237, 'L3_hidden_dim': 96, 'L3_layers_atom': 4, 'L3_layers_mol': 1, 'L3_out_dim': 64, 'L3_dropout': 0.26055452669403784, 'n_mlp_layers': 3, 'mlp_dim_0': 200, 'mlp_dim_1': 440, 'mlp_dim_2': 32, 'num_heads': 1, 'final_dropout': 0.11776747339563412, 'train_learning_rate': 0.003228503699509383, 'train_lr_reduce': 0.6}. Best is trial 1286 with value: 0.03935658559203148.
[I 2024-12-26 03:28:02,803] Trial 1609 finished with value: 0.0949564203619957 and parameters: {'L1_hidden_dim': 112, 'L1_layers_atom': 3, 'L1_layers_mol': 3, 'L1_dropout': 0.26628919114854277, 'L1_out_dim': 112, 'L2_hidden_dim': 144, 'L2_layers_atom': 3, 'L2_layers_mol': 4, 'L2_out_dim': 128, 'L2_dropout': 0.10000098953461016, 'L3_hidden_dim': 112, 'L3_layers_atom': 1, 'L3_layers_mol': 1, 'L3_out_dim': 96, 'L3_dropout': 0.2300974991902289, 'n_mlp_layers': 3, 'mlp_dim_0': 376, 'mlp_dim_1': 512, 'mlp_dim_2': 112, 'num_heads': 1, 'final_dropout': 0.15936372250634745, 'train_learning_rate': 0.0007909050003781767, 'train_lr_reduce': 0.6}. Best is trial 1286 with value: 0.03935658559203148.
