[I 2024-12-16 00:11:27,281] Trial 1510 finished with value: 0.11110715568065643 and parameters: {'mlp_n_layers': 2, 'mlp_dim_00': 48, 'mlp_dim_01': 192, 'hidden_channels': 32, 'num_layers': 3, 'num_timesteps': 3, 'dropout': 0.015488692296820594, 'train_learning_rate': 0.0023618053987473657, 'train_lr_reduce': 0.6}. Best is trial 130 with value: 0.0812772810459137.
[I 2024-12-16 00:11:28,527] Trial 1512 finished with value: 0.10351662337779999 and parameters: {'mlp_n_layers': 3, 'mlp_dim_00': 256, 'mlp_dim_01': 176, 'mlp_dim_02': 160, 'hidden_channels': 32, 'num_layers': 1, 'num_timesteps': 4, 'dropout': 0.287448796216235, 'train_learning_rate': 0.0037982618266844724, 'train_lr_reduce': 0.6}. Best is trial 130 with value: 0.0812772810459137.
[I 2024-12-16 00:11:38,054] Trial 1513 finished with value: 0.11072320491075516 and parameters: {'mlp_n_layers': 3, 'mlp_dim_00': 160, 'mlp_dim_01': 224, 'mlp_dim_02': 144, 'hidden_channels': 32, 'num_layers': 2, 'num_timesteps': 3, 'dropout': 0.2857097793573882, 'train_learning_rate': 0.002065011450834247, 'train_lr_reduce': 0.6}. Best is trial 130 with value: 0.0812772810459137.
[I 2024-12-16 00:11:46,382] Trial 1515 finished with value: 0.12168566882610321 and parameters: {'mlp_n_layers': 2, 'mlp_dim_00': 112, 'mlp_dim_01': 256, 'hidden_channels': 32, 'num_layers': 2, 'num_timesteps': 4, 'dropout': 0.1000738362172921, 'train_learning_rate': 0.003184650411280168, 'train_lr_reduce': 0.6}. Best is trial 130 with value: 0.0812772810459137.
[I 2024-12-16 00:11:49,966] Trial 1514 finished with value: 0.10934323817491531 and parameters: {'mlp_n_layers': 2, 'mlp_dim_00': 192, 'mlp_dim_01': 208, 'hidden_channels': 32, 'num_layers': 3, 'num_timesteps': 3, 'dropout': 0.2466189266967798, 'train_learning_rate': 0.0016183966626805877, 'train_lr_reduce': 0.6}. Best is trial 130 with value: 0.0812772810459137.
[I 2024-12-16 00:11:50,692] Trial 1516 finished with value: 0.13308757543563843 and parameters: {'mlp_n_layers': 4, 'mlp_dim_00': 256, 'mlp_dim_01': 256, 'mlp_dim_02': 96, 'mlp_dim_03': 256, 'hidden_channels': 112, 'num_layers': 1, 'num_timesteps': 3, 'dropout': 0.2196426376925237, 'train_learning_rate': 0.004361866179228993, 'train_lr_reduce': 0.6}. Best is trial 130 with value: 0.0812772810459137.
[I 2024-12-16 00:11:58,592] Trial 1517 finished with value: 0.1169898584485054 and parameters: {'mlp_n_layers': 2, 'mlp_dim_00': 144, 'mlp_dim_01': 224, 'hidden_channels': 32, 'num_layers': 3, 'num_timesteps': 4, 'dropout': 0.07091144623542439, 'train_learning_rate': 0.009954793764113947, 'train_lr_reduce': 0.6}. Best is trial 130 with value: 0.0812772810459137.
[I 2024-12-16 00:12:08,676] Trial 1519 finished with value: 0.089859239757061 and parameters: {'mlp_n_layers': 3, 'mlp_dim_00': 112, 'mlp_dim_01': 160, 'mlp_dim_02': 176, 'hidden_channels': 32, 'num_layers': 1, 'num_timesteps': 2, 'dropout': 0.2675611696183198, 'train_learning_rate': 0.009499265868131554, 'train_lr_reduce': 0.6}. Best is trial 130 with value: 0.0812772810459137.
[I 2024-12-16 00:12:11,510] Trial 1520 finished with value: 0.10707627236843109 and parameters: {'mlp_n_layers': 3, 'mlp_dim_00': 224, 'mlp_dim_01': 128, 'mlp_dim_02': 128, 'hidden_channels': 112, 'num_layers': 1, 'num_timesteps': 3, 'dropout': 0.2176723839586318, 'train_learning_rate': 0.008478502577883698, 'train_lr_reduce': 0.6}. Best is trial 130 with value: 0.0812772810459137.
[I 2024-12-16 00:12:16,078] Trial 1518 finished with value: 0.1395694613456726 and parameters: {'mlp_n_layers': 2, 'mlp_dim_00': 96, 'mlp_dim_01': 80, 'hidden_channels': 112, 'num_layers': 3, 'num_timesteps': 3, 'dropout': 0.15657052716013892, 'train_learning_rate': 0.00045690991236811565, 'train_lr_reduce': 0.6}. Best is trial 130 with value: 0.0812772810459137.
[I 2024-12-16 00:12:30,634] Trial 1523 finished with value: 0.12316624075174332 and parameters: {'mlp_n_layers': 3, 'mlp_dim_00': 80, 'mlp_dim_01': 144, 'mlp_dim_02': 192, 'hidden_channels': 32, 'num_layers': 1, 'num_timesteps': 1, 'dropout': 0.2415628839545634, 'train_learning_rate': 0.0031904375889674507, 'train_lr_reduce': 0.6}. Best is trial 130 with value: 0.0812772810459137.
[I 2024-12-16 00:12:31,560] Trial 1522 finished with value: 0.14018505811691284 and parameters: {'mlp_n_layers': 3, 'mlp_dim_00': 112, 'mlp_dim_01': 256, 'mlp_dim_02': 192, 'hidden_channels': 32, 'num_layers': 2, 'num_timesteps': 4, 'dropout': 0.05617566448342316, 'train_learning_rate': 0.009048855312206162, 'train_lr_reduce': 0.6}. Best is trial 130 with value: 0.0812772810459137.
[I 2024-12-16 00:12:44,831] Trial 1521 finished with value: 0.17084087431430817 and parameters: {'mlp_n_layers': 4, 'mlp_dim_00': 48, 'mlp_dim_01': 176, 'mlp_dim_02': 192, 'mlp_dim_03': 64, 'hidden_channels': 192, 'num_layers': 3, 'num_timesteps': 4, 'dropout': 0.003508539981870923, 'train_learning_rate': 0.00010481294985635896, 'train_lr_reduce': 0.6}. Best is trial 130 with value: 0.0812772810459137.
[I 2024-12-16 00:12:52,864] Trial 1525 finished with value: 0.11188250780105591 and parameters: {'mlp_n_layers': 3, 'mlp_dim_00': 48, 'mlp_dim_01': 192, 'mlp_dim_02': 208, 'hidden_channels': 64, 'num_layers': 3, 'num_timesteps': 3, 'dropout': 0.07838955998990904, 'train_learning_rate': 0.009939775347408308, 'train_lr_reduce': 0.6}. Best is trial 130 with value: 0.0812772810459137.
[I 2024-12-16 00:12:52,866] Trial 1524 finished with value: 0.1232203021645546 and parameters: {'mlp_n_layers': 3, 'mlp_dim_00': 112, 'mlp_dim_01': 128, 'mlp_dim_02': 176, 'hidden_channels': 32, 'num_layers': 1, 'num_timesteps': 3, 'dropout': 0.29804935160545365, 'train_learning_rate': 0.000830923501418436, 'train_lr_reduce': 0.6}. Best is trial 130 with value: 0.0812772810459137.
[I 2024-12-16 00:13:07,303] Trial 1528 finished with value: 0.1286880075931549 and parameters: {'mlp_n_layers': 3, 'mlp_dim_00': 144, 'mlp_dim_01': 256, 'mlp_dim_02': 176, 'hidden_channels': 64, 'num_layers': 1, 'num_timesteps': 2, 'dropout': 0.2907347124365135, 'train_learning_rate': 0.00986490226852483, 'train_lr_reduce': 0.6}. Best is trial 130 with value: 0.0812772810459137.
[I 2024-12-16 00:13:11,913] Trial 1527 finished with value: 0.15643484890460968 and parameters: {'mlp_n_layers': 3, 'mlp_dim_00': 32, 'mlp_dim_01': 208, 'mlp_dim_02': 176, 'hidden_channels': 32, 'num_layers': 1, 'num_timesteps': 4, 'dropout': 0.13598762653687316, 'train_learning_rate': 0.006956500389247818, 'train_lr_reduce': 0.6}. Best is trial 130 with value: 0.0812772810459137.
[I 2024-12-16 00:13:17,190] Trial 1529 finished with value: 0.1064835712313652 and parameters: {'mlp_n_layers': 3, 'mlp_dim_00': 128, 'mlp_dim_01': 208, 'mlp_dim_02': 176, 'hidden_channels': 48, 'num_layers': 1, 'num_timesteps': 1, 'dropout': 0.29396916377894783, 'train_learning_rate': 0.008151008388607836, 'train_lr_reduce': 0.6}. Best is trial 130 with value: 0.0812772810459137.
[I 2024-12-16 00:13:17,478] Trial 1526 finished with value: 0.14608174562454224 and parameters: {'mlp_n_layers': 4, 'mlp_dim_00': 208, 'mlp_dim_01': 224, 'mlp_dim_02': 192, 'mlp_dim_03': 128, 'hidden_channels': 128, 'num_layers': 4, 'num_timesteps': 3, 'dropout': 0.09676589707225819, 'train_learning_rate': 0.00042985128407681776, 'train_lr_reduce': 0.6}. Best is trial 130 with value: 0.0812772810459137.
[I 2024-12-16 00:13:24,113] Trial 1530 finished with value: 0.13204911351203918 and parameters: {'mlp_n_layers': 2, 'mlp_dim_00': 32, 'mlp_dim_01': 224, 'hidden_channels': 80, 'num_layers': 2, 'num_timesteps': 4, 'dropout': 0.09831702436724345, 'train_learning_rate': 0.003699976091758284, 'train_lr_reduce': 0.6}. Best is trial 130 with value: 0.0812772810459137.
[I 2024-12-16 00:13:28,875] Trial 1531 finished with value: 0.1162417009472847 and parameters: {'mlp_n_layers': 2, 'mlp_dim_00': 144, 'mlp_dim_01': 144, 'hidden_channels': 48, 'num_layers': 1, 'num_timesteps': 2, 'dropout': 0.2802437998650694, 'train_learning_rate': 0.006084382826829227, 'train_lr_reduce': 0.6}. Best is trial 130 with value: 0.0812772810459137.
[I 2024-12-16 00:13:29,974] Trial 1532 finished with value: 0.12286468595266342 and parameters: {'mlp_n_layers': 3, 'mlp_dim_00': 96, 'mlp_dim_01': 112, 'mlp_dim_02': 224, 'hidden_channels': 32, 'num_layers': 1, 'num_timesteps': 2, 'dropout': 0.2868918288983972, 'train_learning_rate': 0.0068492115021352475, 'train_lr_reduce': 0.6}. Best is trial 130 with value: 0.0812772810459137.
[I 2024-12-16 00:13:43,165] Trial 1533 finished with value: 0.10564033687114716 and parameters: {'mlp_n_layers': 2, 'mlp_dim_00': 128, 'mlp_dim_01': 176, 'hidden_channels': 112, 'num_layers': 3, 'num_timesteps': 4, 'dropout': 0.2685764701178799, 'train_learning_rate': 0.004001400436215956, 'train_lr_reduce': 0.6}. Best is trial 130 with value: 0.0812772810459137.
[I 2024-12-16 00:13:43,456] Trial 1535 finished with value: 0.13117577135562897 and parameters: {'mlp_n_layers': 2, 'mlp_dim_00': 144, 'mlp_dim_01': 240, 'hidden_channels': 96, 'num_layers': 3, 'num_timesteps': 3, 'dropout': 0.08865373374380582, 'train_learning_rate': 0.003774357727552167, 'train_lr_reduce': 0.6}. Best is trial 130 with value: 0.0812772810459137.
[I 2024-12-16 00:13:49,792] Trial 1534 finished with value: 0.1315772384405136 and parameters: {'mlp_n_layers': 2, 'mlp_dim_00': 32, 'mlp_dim_01': 208, 'hidden_channels': 208, 'num_layers': 1, 'num_timesteps': 1, 'dropout': 0.2798093868675132, 'train_learning_rate': 0.0003609506068859031, 'train_lr_reduce': 0.6}. Best is trial 130 with value: 0.0812772810459137.
[I 2024-12-16 00:14:00,070] Trial 1536 finished with value: 0.11449539661407471 and parameters: {'mlp_n_layers': 3, 'mlp_dim_00': 32, 'mlp_dim_01': 192, 'mlp_dim_02': 176, 'hidden_channels': 48, 'num_layers': 3, 'num_timesteps': 4, 'dropout': 0.11900900080840192, 'train_learning_rate': 0.007277823505321501, 'train_lr_reduce': 0.6}. Best is trial 130 with value: 0.0812772810459137.
[I 2024-12-16 00:14:00,121] Trial 1538 finished with value: 0.13142108917236328 and parameters: {'mlp_n_layers': 2, 'mlp_dim_00': 32, 'mlp_dim_01': 256, 'hidden_channels': 32, 'num_layers': 2, 'num_timesteps': 4, 'dropout': 0.08653889331213027, 'train_learning_rate': 0.006758062439212976, 'train_lr_reduce': 0.6}. Best is trial 130 with value: 0.0812772810459137.
[I 2024-12-16 00:14:04,205] Trial 1537 finished with value: 0.12052369117736816 and parameters: {'mlp_n_layers': 3, 'mlp_dim_00': 128, 'mlp_dim_01': 208, 'mlp_dim_02': 160, 'hidden_channels': 48, 'num_layers': 2, 'num_timesteps': 2, 'dropout': 0.20012220281289728, 'train_learning_rate': 0.006855682309610308, 'train_lr_reduce': 0.6}. Best is trial 130 with value: 0.0812772810459137.
[I 2024-12-16 00:14:10,437] Trial 1539 finished with value: 0.10971365869045258 and parameters: {'mlp_n_layers': 2, 'mlp_dim_00': 224, 'mlp_dim_01': 224, 'hidden_channels': 144, 'num_layers': 1, 'num_timesteps': 3, 'dropout': 0.25253541448854255, 'train_learning_rate': 0.005365314507416287, 'train_lr_reduce': 0.6}. Best is trial 130 with value: 0.0812772810459137.
[I 2024-12-16 00:14:13,283] Trial 1540 finished with value: 0.11542025208473206 and parameters: {'mlp_n_layers': 2, 'mlp_dim_00': 256, 'mlp_dim_01': 208, 'hidden_channels': 96, 'num_layers': 1, 'num_timesteps': 1, 'dropout': 0.2146881126583392, 'train_learning_rate': 0.003806326031675138, 'train_lr_reduce': 0.6}. Best is trial 130 with value: 0.0812772810459137.
[I 2024-12-16 00:14:19,450] Trial 1541 finished with value: 0.12783871591091156 and parameters: {'mlp_n_layers': 3, 'mlp_dim_00': 128, 'mlp_dim_01': 208, 'mlp_dim_02': 208, 'hidden_channels': 48, 'num_layers': 1, 'num_timesteps': 3, 'dropout': 0.28072197548630234, 'train_learning_rate': 0.006109384071665966, 'train_lr_reduce': 0.6}. Best is trial 130 with value: 0.0812772810459137.
[I 2024-12-16 00:14:23,857] Trial 1543 finished with value: 0.11768189072608948 and parameters: {'mlp_n_layers': 4, 'mlp_dim_00': 96, 'mlp_dim_01': 176, 'mlp_dim_02': 160, 'mlp_dim_03': 96, 'hidden_channels': 32, 'num_layers': 2, 'num_timesteps': 2, 'dropout': 0.26979953287637815, 'train_learning_rate': 0.004822326724325064, 'train_lr_reduce': 0.6}. Best is trial 130 with value: 0.0812772810459137.
[I 2024-12-16 00:14:27,234] Trial 1544 finished with value: 0.1353067308664322 and parameters: {'mlp_n_layers': 3, 'mlp_dim_00': 48, 'mlp_dim_01': 192, 'mlp_dim_02': 192, 'hidden_channels': 32, 'num_layers': 1, 'num_timesteps': 2, 'dropout': 0.28260139988377286, 'train_learning_rate': 0.00527231639457151, 'train_lr_reduce': 0.6}. Best is trial 130 with value: 0.0812772810459137.
[I 2024-12-16 00:14:27,415] Trial 1542 finished with value: 0.10288393497467041 and parameters: {'mlp_n_layers': 2, 'mlp_dim_00': 112, 'mlp_dim_01': 208, 'hidden_channels': 64, 'num_layers': 3, 'num_timesteps': 4, 'dropout': 0.17606426704239608, 'train_learning_rate': 0.00938541334549885, 'train_lr_reduce': 0.6}. Best is trial 130 with value: 0.0812772810459137.
[I 2024-12-16 00:14:37,057] Trial 1545 finished with value: 0.10965373367071152 and parameters: {'mlp_n_layers': 2, 'mlp_dim_00': 48, 'mlp_dim_01': 256, 'hidden_channels': 32, 'num_layers': 1, 'num_timesteps': 4, 'dropout': 0.14885451139054456, 'train_learning_rate': 0.007903261214885531, 'train_lr_reduce': 0.6}. Best is trial 130 with value: 0.0812772810459137.
[I 2024-12-16 00:14:43,855] Trial 1546 finished with value: 0.16690707206726074 and parameters: {'mlp_n_layers': 2, 'mlp_dim_00': 256, 'mlp_dim_01': 256, 'hidden_channels': 192, 'num_layers': 2, 'num_timesteps': 2, 'dropout': 0.1844718275074887, 'train_learning_rate': 0.00933264129771588, 'train_lr_reduce': 0.6}. Best is trial 130 with value: 0.0812772810459137.
[I 2024-12-16 00:14:52,065] Trial 1548 finished with value: 0.10530063509941101 and parameters: {'mlp_n_layers': 2, 'mlp_dim_00': 112, 'mlp_dim_01': 160, 'hidden_channels': 32, 'num_layers': 2, 'num_timesteps': 4, 'dropout': 0.11257780170625627, 'train_learning_rate': 0.0040475854056564895, 'train_lr_reduce': 0.6}. Best is trial 130 with value: 0.0812772810459137.
[I 2024-12-16 00:14:59,016] Trial 1547 finished with value: 0.1726730912923813 and parameters: {'mlp_n_layers': 2, 'mlp_dim_00': 32, 'mlp_dim_01': 112, 'hidden_channels': 256, 'num_layers': 3, 'num_timesteps': 4, 'dropout': 0.22633590412736165, 'train_learning_rate': 0.00030562903382724946, 'train_lr_reduce': 0.6}. Best is trial 130 with value: 0.0812772810459137.
[I 2024-12-16 00:15:05,238] Trial 1549 finished with value: 0.11470214277505875 and parameters: {'mlp_n_layers': 2, 'mlp_dim_00': 192, 'mlp_dim_01': 224, 'hidden_channels': 192, 'num_layers': 1, 'num_timesteps': 2, 'dropout': 0.1888527651241032, 'train_learning_rate': 0.009878121771375715, 'train_lr_reduce': 0.6}. Best is trial 130 with value: 0.0812772810459137.
[I 2024-12-16 00:15:05,680] Trial 1550 finished with value: 0.11202237755060196 and parameters: {'mlp_n_layers': 3, 'mlp_dim_00': 208, 'mlp_dim_01': 224, 'mlp_dim_02': 160, 'hidden_channels': 32, 'num_layers': 3, 'num_timesteps': 3, 'dropout': 0.2751963065133834, 'train_learning_rate': 0.00903794464601928, 'train_lr_reduce': 0.6}. Best is trial 130 with value: 0.0812772810459137.
[I 2024-12-16 00:15:12,010] Trial 1551 finished with value: 0.1069684699177742 and parameters: {'mlp_n_layers': 3, 'mlp_dim_00': 144, 'mlp_dim_01': 144, 'mlp_dim_02': 176, 'hidden_channels': 32, 'num_layers': 1, 'num_timesteps': 2, 'dropout': 0.22170671968218578, 'train_learning_rate': 0.007028431732332973, 'train_lr_reduce': 0.6}. Best is trial 130 with value: 0.0812772810459137.
[I 2024-12-16 00:15:16,283] Trial 1552 finished with value: 0.114311583340168 and parameters: {'mlp_n_layers': 3, 'mlp_dim_00': 64, 'mlp_dim_01': 160, 'mlp_dim_02': 208, 'hidden_channels': 64, 'num_layers': 2, 'num_timesteps': 3, 'dropout': 0.24043141033296495, 'train_learning_rate': 0.004134993743236755, 'train_lr_reduce': 0.6}. Best is trial 130 with value: 0.0812772810459137.
[I 2024-12-16 00:15:17,678] Trial 1553 finished with value: 0.12113398313522339 and parameters: {'mlp_n_layers': 2, 'mlp_dim_00': 176, 'mlp_dim_01': 224, 'hidden_channels': 32, 'num_layers': 2, 'num_timesteps': 4, 'dropout': 0.0724608963756099, 'train_learning_rate': 0.007607727743267679, 'train_lr_reduce': 0.6}. Best is trial 130 with value: 0.0812772810459137.
[I 2024-12-16 00:15:24,012] Trial 1554 finished with value: 0.12108132988214493 and parameters: {'mlp_n_layers': 3, 'mlp_dim_00': 128, 'mlp_dim_01': 176, 'mlp_dim_02': 160, 'hidden_channels': 48, 'num_layers': 1, 'num_timesteps': 2, 'dropout': 0.24165143710899792, 'train_learning_rate': 0.00335824145891753, 'train_lr_reduce': 0.6}. Best is trial 130 with value: 0.0812772810459137.
[I 2024-12-16 00:15:28,341] Trial 1556 finished with value: 0.10821714252233505 and parameters: {'mlp_n_layers': 2, 'mlp_dim_00': 176, 'mlp_dim_01': 208, 'hidden_channels': 112, 'num_layers': 1, 'num_timesteps': 3, 'dropout': 0.225163038996051, 'train_learning_rate': 0.007802302726557756, 'train_lr_reduce': 0.6}. Best is trial 130 with value: 0.0812772810459137.
[I 2024-12-16 00:15:32,739] Trial 1555 finished with value: 0.1088663637638092 and parameters: {'mlp_n_layers': 3, 'mlp_dim_00': 144, 'mlp_dim_01': 112, 'mlp_dim_02': 160, 'hidden_channels': 112, 'num_layers': 2, 'num_timesteps': 2, 'dropout': 0.27889234579193933, 'train_learning_rate': 0.009790663307115983, 'train_lr_reduce': 0.6}. Best is trial 130 with value: 0.0812772810459137.
[I 2024-12-16 00:15:41,096] Trial 1557 finished with value: 0.10410090535879135 and parameters: {'mlp_n_layers': 3, 'mlp_dim_00': 96, 'mlp_dim_01': 128, 'mlp_dim_02': 176, 'hidden_channels': 32, 'num_layers': 1, 'num_timesteps': 2, 'dropout': 0.21891156651857696, 'train_learning_rate': 0.007973429468130306, 'train_lr_reduce': 0.6}. Best is trial 130 with value: 0.0812772810459137.
[I 2024-12-16 00:15:41,235] Trial 1559 finished with value: 0.10446112602949142 and parameters: {'mlp_n_layers': 2, 'mlp_dim_00': 160, 'mlp_dim_01': 208, 'hidden_channels': 32, 'num_layers': 1, 'num_timesteps': 3, 'dropout': 0.0764486678312597, 'train_learning_rate': 0.0038017355110822994, 'train_lr_reduce': 0.6}. Best is trial 130 with value: 0.0812772810459137.
[I 2024-12-16 00:15:42,007] Trial 1558 finished with value: 0.10954111069440842 and parameters: {'mlp_n_layers': 2, 'mlp_dim_00': 96, 'mlp_dim_01': 160, 'hidden_channels': 32, 'num_layers': 2, 'num_timesteps': 4, 'dropout': 0.2188553177822787, 'train_learning_rate': 0.004674778616830893, 'train_lr_reduce': 0.6}. Best is trial 130 with value: 0.0812772810459137.
[I 2024-12-16 00:15:54,712] Trial 1560 finished with value: 0.11009333282709122 and parameters: {'mlp_n_layers': 3, 'mlp_dim_00': 144, 'mlp_dim_01': 96, 'mlp_dim_02': 144, 'hidden_channels': 48, 'num_layers': 1, 'num_timesteps': 2, 'dropout': 0.25366752650171415, 'train_learning_rate': 0.009186944011342107, 'train_lr_reduce': 0.6}. Best is trial 130 with value: 0.0812772810459137.
[I 2024-12-16 00:15:55,842] Trial 1561 finished with value: 0.11966041475534439 and parameters: {'mlp_n_layers': 2, 'mlp_dim_00': 128, 'mlp_dim_01': 192, 'hidden_channels': 32, 'num_layers': 2, 'num_timesteps': 2, 'dropout': 0.26590651282835115, 'train_learning_rate': 0.003087365185695217, 'train_lr_reduce': 0.6}. Best is trial 130 with value: 0.0812772810459137.
[I 2024-12-16 00:16:08,002] Trial 1563 finished with value: 0.13277781009674072 and parameters: {'mlp_n_layers': 2, 'mlp_dim_00': 80, 'mlp_dim_01': 256, 'hidden_channels': 96, 'num_layers': 2, 'num_timesteps': 3, 'dropout': 0.21476401214115198, 'train_learning_rate': 0.003106465974078984, 'train_lr_reduce': 0.6}. Best is trial 130 with value: 0.0812772810459137.
[I 2024-12-16 00:16:08,344] Trial 1564 finished with value: 0.11820065230131149 and parameters: {'mlp_n_layers': 2, 'mlp_dim_00': 240, 'mlp_dim_01': 160, 'hidden_channels': 32, 'num_layers': 1, 'num_timesteps': 3, 'dropout': 0.20366774756903608, 'train_learning_rate': 0.006684849820011106, 'train_lr_reduce': 0.6}. Best is trial 130 with value: 0.0812772810459137.
[I 2024-12-16 00:16:13,563] Trial 1562 finished with value: 0.1380692422389984 and parameters: {'mlp_n_layers': 3, 'mlp_dim_00': 240, 'mlp_dim_01': 256, 'mlp_dim_02': 208, 'hidden_channels': 176, 'num_layers': 4, 'num_timesteps': 4, 'dropout': 0.04707567714748109, 'train_learning_rate': 0.0002577170448053076, 'train_lr_reduce': 0.6}. Best is trial 130 with value: 0.0812772810459137.
[I 2024-12-16 00:16:20,910] Trial 1565 finished with value: 0.1722218245267868 and parameters: {'mlp_n_layers': 4, 'mlp_dim_00': 240, 'mlp_dim_01': 160, 'mlp_dim_02': 144, 'mlp_dim_03': 192, 'hidden_channels': 192, 'num_layers': 3, 'num_timesteps': 3, 'dropout': 0.047416847473099114, 'train_learning_rate': 0.006392824512558477, 'train_lr_reduce': 0.6}. Best is trial 130 with value: 0.0812772810459137.
[I 2024-12-16 00:16:24,031] Trial 1566 finished with value: 0.10260611772537231 and parameters: {'mlp_n_layers': 3, 'mlp_dim_00': 112, 'mlp_dim_01': 192, 'mlp_dim_02': 192, 'hidden_channels': 32, 'num_layers': 1, 'num_timesteps': 2, 'dropout': 0.2466670407966587, 'train_learning_rate': 0.0024878599206348477, 'train_lr_reduce': 0.6}. Best is trial 130 with value: 0.0812772810459137.
[I 2024-12-16 00:16:35,369] Trial 1569 finished with value: 0.11967768520116806 and parameters: {'mlp_n_layers': 2, 'mlp_dim_00': 224, 'mlp_dim_01': 192, 'hidden_channels': 176, 'num_layers': 1, 'num_timesteps': 2, 'dropout': 0.19298167965563948, 'train_learning_rate': 0.002977483833487349, 'train_lr_reduce': 0.6}. Best is trial 130 with value: 0.0812772810459137.
[I 2024-12-16 00:16:36,197] Trial 1568 finished with value: 0.10976056754589081 and parameters: {'mlp_n_layers': 2, 'mlp_dim_00': 80, 'mlp_dim_01': 208, 'hidden_channels': 32, 'num_layers': 1, 'num_timesteps': 4, 'dropout': 0.13000564672068224, 'train_learning_rate': 0.0022971482509392747, 'train_lr_reduce': 0.6}. Best is trial 130 with value: 0.0812772810459137.
