[I 2024-12-19 08:35:49,919] Trial 858 finished with value: 1.1517508029937744 and parameters: {'mlp_n_layers': 2, 'mlp_dim_00': 475, 'mlp_dim_01': 326, 'node_hidden_dim': 103, 'edge_hidden_dim': 54, 'depth': 2, 'rep_dropout': 0.029192625695773945, 'train_learning_rate': 0.00884903761981926, 'train_lr_reduce': 0.6}. Best is trial 724 with value: 0.1670333594083786.
[I 2024-12-19 08:35:50,544] Trial 855 finished with value: 0.1670699566602707 and parameters: {'mlp_n_layers': 3, 'mlp_dim_00': 505, 'mlp_dim_01': 446, 'mlp_dim_02': 424, 'node_hidden_dim': 114, 'edge_hidden_dim': 57, 'depth': 2, 'rep_dropout': 0.034215173027345704, 'train_learning_rate': 0.0070450692044772825, 'train_lr_reduce': 0.6}. Best is trial 724 with value: 0.1670333594083786.
[I 2024-12-19 08:35:56,346] Trial 860 finished with value: 1.1432595252990723 and parameters: {'mlp_n_layers': 2, 'mlp_dim_00': 314, 'mlp_dim_01': 443, 'node_hidden_dim': 42, 'edge_hidden_dim': 51, 'depth': 3, 'rep_dropout': 0.026060119872753897, 'train_learning_rate': 0.009750392831669922, 'train_lr_reduce': 0.6}. Best is trial 724 with value: 0.1670333594083786.
[I 2024-12-19 08:35:57,234] Trial 862 finished with value: 1.1449764966964722 and parameters: {'mlp_n_layers': 2, 'mlp_dim_00': 122, 'mlp_dim_01': 124, 'node_hidden_dim': 34, 'edge_hidden_dim': 42, 'depth': 4, 'rep_dropout': 0.22456207438118467, 'train_learning_rate': 0.006383764527332513, 'train_lr_reduce': 0.6}. Best is trial 724 with value: 0.1670333594083786.
[I 2024-12-19 08:35:59,192] Trial 861 finished with value: 1.1421624422073364 and parameters: {'mlp_n_layers': 4, 'mlp_dim_00': 68, 'mlp_dim_01': 418, 'mlp_dim_02': 394, 'mlp_dim_03': 397, 'node_hidden_dim': 110, 'edge_hidden_dim': 71, 'depth': 3, 'rep_dropout': 0.1635764092595764, 'train_learning_rate': 0.00010116245145697938, 'train_lr_reduce': 0.6}. Best is trial 724 with value: 0.1670333594083786.
[I 2024-12-19 08:36:03,157] Trial 863 finished with value: 1.1451507806777954 and parameters: {'mlp_n_layers': 3, 'mlp_dim_00': 456, 'mlp_dim_01': 452, 'mlp_dim_02': 385, 'node_hidden_dim': 121, 'edge_hidden_dim': 60, 'depth': 2, 'rep_dropout': 0.07184436254027905, 'train_learning_rate': 0.0036766981981041914, 'train_lr_reduce': 0.6}. Best is trial 724 with value: 0.1670333594083786.
[I 2024-12-19 08:36:03,264] Trial 864 finished with value: 1.1431574821472168 and parameters: {'mlp_n_layers': 3, 'mlp_dim_00': 470, 'mlp_dim_01': 370, 'mlp_dim_02': 414, 'node_hidden_dim': 86, 'edge_hidden_dim': 44, 'depth': 2, 'rep_dropout': 0.06043575726536597, 'train_learning_rate': 0.0021292590731935073, 'train_lr_reduce': 0.6}. Best is trial 724 with value: 0.1670333594083786.
[I 2024-12-19 08:36:06,607] Trial 865 finished with value: 1.1423397064208984 and parameters: {'mlp_n_layers': 2, 'mlp_dim_00': 296, 'mlp_dim_01': 380, 'node_hidden_dim': 125, 'edge_hidden_dim': 56, 'depth': 3, 'rep_dropout': 0.2023116427824339, 'train_learning_rate': 0.00012228334020080808, 'train_lr_reduce': 0.6}. Best is trial 724 with value: 0.1670333594083786.
[I 2024-12-19 08:36:13,669] Trial 868 finished with value: 1.1463072299957275 and parameters: {'mlp_n_layers': 3, 'mlp_dim_00': 419, 'mlp_dim_01': 428, 'mlp_dim_02': 423, 'node_hidden_dim': 73, 'edge_hidden_dim': 65, 'depth': 2, 'rep_dropout': 0.027298671057066168, 'train_learning_rate': 0.002855873053973146, 'train_lr_reduce': 0.6}. Best is trial 724 with value: 0.1670333594083786.
[I 2024-12-19 08:36:20,914] Trial 869 finished with value: 1.1423503160476685 and parameters: {'mlp_n_layers': 2, 'mlp_dim_00': 147, 'mlp_dim_01': 402, 'node_hidden_dim': 38, 'edge_hidden_dim': 38, 'depth': 2, 'rep_dropout': 0.15505075097922696, 'train_learning_rate': 0.00043032763166982483, 'train_lr_reduce': 0.6}. Best is trial 724 with value: 0.1670333594083786.
[I 2024-12-19 08:36:25,907] Trial 867 finished with value: 0.3355165719985962 and parameters: {'mlp_n_layers': 2, 'mlp_dim_00': 511, 'mlp_dim_01': 488, 'node_hidden_dim': 113, 'edge_hidden_dim': 76, 'depth': 2, 'rep_dropout': 0.010781461112792115, 'train_learning_rate': 0.006408619130491691, 'train_lr_reduce': 0.6}. Best is trial 724 with value: 0.1670333594083786.
[I 2024-12-19 08:36:29,241] Trial 870 finished with value: 1.1420515775680542 and parameters: {'mlp_n_layers': 4, 'mlp_dim_00': 462, 'mlp_dim_01': 425, 'mlp_dim_02': 369, 'mlp_dim_03': 309, 'node_hidden_dim': 86, 'edge_hidden_dim': 100, 'depth': 3, 'rep_dropout': 0.22910903244108627, 'train_learning_rate': 0.00031021465949334184, 'train_lr_reduce': 0.6}. Best is trial 724 with value: 0.1670333594083786.
[I 2024-12-19 08:36:29,697] Trial 866 finished with value: 0.31025585532188416 and parameters: {'mlp_n_layers': 3, 'mlp_dim_00': 430, 'mlp_dim_01': 353, 'mlp_dim_02': 416, 'node_hidden_dim': 127, 'edge_hidden_dim': 57, 'depth': 2, 'rep_dropout': 0.0010545349673813653, 'train_learning_rate': 0.006521243049022001, 'train_lr_reduce': 0.6}. Best is trial 724 with value: 0.1670333594083786.
[I 2024-12-19 08:36:32,089] Trial 871 finished with value: 1.1465398073196411 and parameters: {'mlp_n_layers': 2, 'mlp_dim_00': 505, 'mlp_dim_01': 280, 'node_hidden_dim': 55, 'edge_hidden_dim': 45, 'depth': 2, 'rep_dropout': 0.027332751151222474, 'train_learning_rate': 0.006167768262919734, 'train_lr_reduce': 0.6}. Best is trial 724 with value: 0.1670333594083786.
[I 2024-12-19 08:36:35,636] Trial 872 finished with value: 1.1442253589630127 and parameters: {'mlp_n_layers': 2, 'mlp_dim_00': 391, 'mlp_dim_01': 433, 'node_hidden_dim': 62, 'edge_hidden_dim': 43, 'depth': 2, 'rep_dropout': 0.0547871868630065, 'train_learning_rate': 0.009584602163906953, 'train_lr_reduce': 0.6}. Best is trial 724 with value: 0.1670333594083786.
[I 2024-12-19 08:36:38,463] Trial 874 finished with value: 1.1436419486999512 and parameters: {'mlp_n_layers': 3, 'mlp_dim_00': 292, 'mlp_dim_01': 402, 'mlp_dim_02': 432, 'node_hidden_dim': 57, 'edge_hidden_dim': 38, 'depth': 2, 'rep_dropout': 0.06633945025743289, 'train_learning_rate': 0.008854997404743041, 'train_lr_reduce': 0.6}. Best is trial 724 with value: 0.1670333594083786.
[I 2024-12-19 08:36:45,096] Trial 876 finished with value: 1.1422197818756104 and parameters: {'mlp_n_layers': 4, 'mlp_dim_00': 494, 'mlp_dim_01': 479, 'mlp_dim_02': 422, 'mlp_dim_03': 248, 'node_hidden_dim': 113, 'edge_hidden_dim': 61, 'depth': 2, 'rep_dropout': 0.007827610607323596, 'train_learning_rate': 0.0029165444472374234, 'train_lr_reduce': 0.6}. Best is trial 724 with value: 0.1670333594083786.
[I 2024-12-19 08:36:50,121] Trial 875 finished with value: 0.6002972722053528 and parameters: {'mlp_n_layers': 3, 'mlp_dim_00': 495, 'mlp_dim_01': 426, 'mlp_dim_02': 462, 'node_hidden_dim': 101, 'edge_hidden_dim': 62, 'depth': 2, 'rep_dropout': 0.06335450728635306, 'train_learning_rate': 0.007133217209194665, 'train_lr_reduce': 0.6}. Best is trial 724 with value: 0.1670333594083786.
[I 2024-12-19 08:36:57,786] Trial 878 finished with value: 1.1427229642868042 and parameters: {'mlp_n_layers': 4, 'mlp_dim_00': 75, 'mlp_dim_01': 175, 'mlp_dim_02': 475, 'mlp_dim_03': 129, 'node_hidden_dim': 103, 'edge_hidden_dim': 52, 'depth': 3, 'rep_dropout': 0.2255467652145485, 'train_learning_rate': 0.00044189396267901675, 'train_lr_reduce': 0.6}. Best is trial 724 with value: 0.1670333594083786.
[I 2024-12-19 08:36:57,902] Trial 873 finished with value: 0.6748488545417786 and parameters: {'mlp_n_layers': 4, 'mlp_dim_00': 197, 'mlp_dim_01': 487, 'mlp_dim_02': 430, 'mlp_dim_03': 216, 'node_hidden_dim': 82, 'edge_hidden_dim': 35, 'depth': 4, 'rep_dropout': 0.248140683344095, 'train_learning_rate': 0.009146201693844742, 'train_lr_reduce': 0.6}. Best is trial 724 with value: 0.1670333594083786.
[I 2024-12-19 08:37:05,288] Trial 879 finished with value: 1.14230215549469 and parameters: {'mlp_n_layers': 3, 'mlp_dim_00': 139, 'mlp_dim_01': 385, 'mlp_dim_02': 359, 'node_hidden_dim': 118, 'edge_hidden_dim': 85, 'depth': 2, 'rep_dropout': 0.10050082765392004, 'train_learning_rate': 0.00031760131049571707, 'train_lr_reduce': 0.6}. Best is trial 724 with value: 0.1670333594083786.
[I 2024-12-19 08:37:06,641] Trial 877 finished with value: 0.194737508893013 and parameters: {'mlp_n_layers': 2, 'mlp_dim_00': 512, 'mlp_dim_01': 504, 'node_hidden_dim': 123, 'edge_hidden_dim': 62, 'depth': 2, 'rep_dropout': 0.06509599613676964, 'train_learning_rate': 0.00531739328357753, 'train_lr_reduce': 0.6}. Best is trial 724 with value: 0.1670333594083786.
[I 2024-12-19 08:37:21,120] Trial 882 finished with value: 0.8028283715248108 and parameters: {'mlp_n_layers': 2, 'mlp_dim_00': 497, 'mlp_dim_01': 463, 'node_hidden_dim': 127, 'edge_hidden_dim': 63, 'depth': 2, 'rep_dropout': 0.08635160776127918, 'train_learning_rate': 0.005013235677449423, 'train_lr_reduce': 0.6}. Best is trial 724 with value: 0.1670333594083786.
[I 2024-12-19 08:37:24,806] Trial 880 finished with value: 0.6460170745849609 and parameters: {'mlp_n_layers': 4, 'mlp_dim_00': 411, 'mlp_dim_01': 340, 'mlp_dim_02': 469, 'mlp_dim_03': 396, 'node_hidden_dim': 103, 'edge_hidden_dim': 98, 'depth': 2, 'rep_dropout': 0.010137176226231712, 'train_learning_rate': 0.005806020847174484, 'train_lr_reduce': 0.6}. Best is trial 724 with value: 0.1670333594083786.
[I 2024-12-19 08:37:29,217] Trial 881 finished with value: 0.2817332148551941 and parameters: {'mlp_n_layers': 3, 'mlp_dim_00': 492, 'mlp_dim_01': 445, 'mlp_dim_02': 424, 'node_hidden_dim': 116, 'edge_hidden_dim': 55, 'depth': 2, 'rep_dropout': 0.07870299909314615, 'train_learning_rate': 0.005288489586336791, 'train_lr_reduce': 0.6}. Best is trial 724 with value: 0.1670333594083786.
[I 2024-12-19 08:37:29,979] Trial 883 finished with value: 1.1421265602111816 and parameters: {'mlp_n_layers': 4, 'mlp_dim_00': 181, 'mlp_dim_01': 339, 'mlp_dim_02': 368, 'mlp_dim_03': 329, 'node_hidden_dim': 115, 'edge_hidden_dim': 124, 'depth': 3, 'rep_dropout': 0.019898446198736847, 'train_learning_rate': 0.00017257312574595654, 'train_lr_reduce': 0.6}. Best is trial 724 with value: 0.1670333594083786.
[I 2024-12-19 08:37:35,920] Trial 886 finished with value: 1.1451611518859863 and parameters: {'mlp_n_layers': 3, 'mlp_dim_00': 492, 'mlp_dim_01': 356, 'mlp_dim_02': 328, 'node_hidden_dim': 98, 'edge_hidden_dim': 96, 'depth': 2, 'rep_dropout': 0.06500102799895735, 'train_learning_rate': 0.00226451395582379, 'train_lr_reduce': 0.6}. Best is trial 724 with value: 0.1670333594083786.
[I 2024-12-19 08:37:37,072] Trial 885 finished with value: 1.1545602083206177 and parameters: {'mlp_n_layers': 2, 'mlp_dim_00': 70, 'mlp_dim_01': 477, 'node_hidden_dim': 33, 'edge_hidden_dim': 116, 'depth': 3, 'rep_dropout': 0.07482274073705067, 'train_learning_rate': 0.008845457876832132, 'train_lr_reduce': 0.6}. Best is trial 724 with value: 0.1670333594083786.
[I 2024-12-19 08:37:42,836] Trial 887 finished with value: 1.1440101861953735 and parameters: {'mlp_n_layers': 2, 'mlp_dim_00': 431, 'mlp_dim_01': 313, 'node_hidden_dim': 61, 'edge_hidden_dim': 125, 'depth': 3, 'rep_dropout': 0.15138042021895987, 'train_learning_rate': 0.0006431239774808168, 'train_lr_reduce': 0.6}. Best is trial 724 with value: 0.1670333594083786.
[I 2024-12-19 08:37:44,263] Trial 888 finished with value: 1.1464993953704834 and parameters: {'mlp_n_layers': 2, 'mlp_dim_00': 502, 'mlp_dim_01': 432, 'node_hidden_dim': 114, 'edge_hidden_dim': 74, 'depth': 2, 'rep_dropout': 0.05582785108598861, 'train_learning_rate': 0.0030451012996999234, 'train_lr_reduce': 0.6}. Best is trial 724 with value: 0.1670333594083786.
[I 2024-12-19 08:37:50,658] Trial 889 finished with value: 1.1429388523101807 and parameters: {'mlp_n_layers': 2, 'mlp_dim_00': 237, 'mlp_dim_01': 226, 'node_hidden_dim': 120, 'edge_hidden_dim': 119, 'depth': 4, 'rep_dropout': 0.07738948634612812, 'train_learning_rate': 0.004746301761164868, 'train_lr_reduce': 0.6}. Best is trial 724 with value: 0.1670333594083786.
[I 2024-12-19 08:37:51,913] Trial 884 finished with value: 0.5037372708320618 and parameters: {'mlp_n_layers': 2, 'mlp_dim_00': 375, 'mlp_dim_01': 490, 'node_hidden_dim': 71, 'edge_hidden_dim': 43, 'depth': 3, 'rep_dropout': 0.09267265012050763, 'train_learning_rate': 0.008059218625839984, 'train_lr_reduce': 0.6}. Best is trial 724 with value: 0.1670333594083786.
[I 2024-12-19 08:38:05,874] Trial 891 finished with value: 0.44715386629104614 and parameters: {'mlp_n_layers': 2, 'mlp_dim_00': 415, 'mlp_dim_01': 505, 'node_hidden_dim': 123, 'edge_hidden_dim': 72, 'depth': 2, 'rep_dropout': 0.0760991028415099, 'train_learning_rate': 0.003982215090901165, 'train_lr_reduce': 0.6}. Best is trial 724 with value: 0.1670333594083786.
[I 2024-12-19 08:38:09,432] Trial 890 finished with value: 0.36748895049095154 and parameters: {'mlp_n_layers': 2, 'mlp_dim_00': 378, 'mlp_dim_01': 445, 'node_hidden_dim': 79, 'edge_hidden_dim': 55, 'depth': 2, 'rep_dropout': 0.001338675932942051, 'train_learning_rate': 0.0073423737082135955, 'train_lr_reduce': 0.6}. Best is trial 724 with value: 0.1670333594083786.
[I 2024-12-19 08:38:16,333] Trial 894 finished with value: 1.1519180536270142 and parameters: {'mlp_n_layers': 2, 'mlp_dim_00': 505, 'mlp_dim_01': 500, 'node_hidden_dim': 127, 'edge_hidden_dim': 78, 'depth': 2, 'rep_dropout': 0.0986877044148397, 'train_learning_rate': 0.0018758633417081435, 'train_lr_reduce': 0.6}. Best is trial 724 with value: 0.1670333594083786.
[I 2024-12-19 08:38:19,230] Trial 892 finished with value: 0.26223519444465637 and parameters: {'mlp_n_layers': 3, 'mlp_dim_00': 506, 'mlp_dim_01': 504, 'mlp_dim_02': 383, 'node_hidden_dim': 108, 'edge_hidden_dim': 66, 'depth': 2, 'rep_dropout': 0.07839819271406602, 'train_learning_rate': 0.0060776829772817426, 'train_lr_reduce': 0.6}. Best is trial 724 with value: 0.1670333594083786.
[I 2024-12-19 08:38:28,578] Trial 893 finished with value: 0.30360206961631775 and parameters: {'mlp_n_layers': 3, 'mlp_dim_00': 501, 'mlp_dim_01': 455, 'mlp_dim_02': 412, 'node_hidden_dim': 105, 'edge_hidden_dim': 34, 'depth': 2, 'rep_dropout': 0.00021482096579175658, 'train_learning_rate': 0.005855546465965055, 'train_lr_reduce': 0.6}. Best is trial 724 with value: 0.1670333594083786.
[I 2024-12-19 08:38:40,720] Trial 895 finished with value: 0.3865896165370941 and parameters: {'mlp_n_layers': 4, 'mlp_dim_00': 478, 'mlp_dim_01': 472, 'mlp_dim_02': 396, 'mlp_dim_03': 458, 'node_hidden_dim': 98, 'edge_hidden_dim': 87, 'depth': 2, 'rep_dropout': 0.0672889999049911, 'train_learning_rate': 0.008113174944958943, 'train_lr_reduce': 0.6}. Best is trial 724 with value: 0.1670333594083786.
[I 2024-12-19 08:38:46,182] Trial 896 finished with value: 0.3781808316707611 and parameters: {'mlp_n_layers': 2, 'mlp_dim_00': 508, 'mlp_dim_01': 417, 'node_hidden_dim': 63, 'edge_hidden_dim': 38, 'depth': 2, 'rep_dropout': 0.0015537081883968181, 'train_learning_rate': 0.007420930203132129, 'train_lr_reduce': 0.6}. Best is trial 724 with value: 0.1670333594083786.
[I 2024-12-19 08:38:50,400] Trial 898 finished with value: 1.1422789096832275 and parameters: {'mlp_n_layers': 4, 'mlp_dim_00': 483, 'mlp_dim_01': 242, 'mlp_dim_02': 396, 'mlp_dim_03': 168, 'node_hidden_dim': 110, 'edge_hidden_dim': 69, 'depth': 2, 'rep_dropout': 0.045053412845524166, 'train_learning_rate': 0.00014048563798466234, 'train_lr_reduce': 0.6}. Best is trial 724 with value: 0.1670333594083786.
[I 2024-12-19 08:38:52,502] Trial 897 finished with value: 0.44158968329429626 and parameters: {'mlp_n_layers': 2, 'mlp_dim_00': 434, 'mlp_dim_01': 411, 'node_hidden_dim': 109, 'edge_hidden_dim': 40, 'depth': 3, 'rep_dropout': 0.0946641158575032, 'train_learning_rate': 0.009981739741217646, 'train_lr_reduce': 0.6}. Best is trial 724 with value: 0.1670333594083786.
[I 2024-12-19 08:38:59,972] Trial 901 finished with value: 1.1435495615005493 and parameters: {'mlp_n_layers': 2, 'mlp_dim_00': 423, 'mlp_dim_01': 457, 'node_hidden_dim': 76, 'edge_hidden_dim': 34, 'depth': 3, 'rep_dropout': 0.02786311970211327, 'train_learning_rate': 0.009378616441780107, 'train_lr_reduce': 0.6}. Best is trial 724 with value: 0.1670333594083786.
[I 2024-12-19 08:39:12,720] Trial 899 finished with value: 0.37534093856811523 and parameters: {'mlp_n_layers': 3, 'mlp_dim_00': 474, 'mlp_dim_01': 494, 'mlp_dim_02': 287, 'node_hidden_dim': 128, 'edge_hidden_dim': 53, 'depth': 3, 'rep_dropout': 0.10958592155861341, 'train_learning_rate': 0.008626022096693704, 'train_lr_reduce': 0.6}. Best is trial 724 with value: 0.1670333594083786.
[I 2024-12-19 08:39:14,580] Trial 900 finished with value: 0.31983691453933716 and parameters: {'mlp_n_layers': 2, 'mlp_dim_00': 468, 'mlp_dim_01': 507, 'node_hidden_dim': 126, 'edge_hidden_dim': 71, 'depth': 2, 'rep_dropout': 0.04958961565624578, 'train_learning_rate': 0.008180469417919013, 'train_lr_reduce': 0.6}. Best is trial 724 with value: 0.1670333594083786.
[I 2024-12-19 08:39:20,622] Trial 903 finished with value: 1.1338260173797607 and parameters: {'mlp_n_layers': 2, 'mlp_dim_00': 419, 'mlp_dim_01': 500, 'node_hidden_dim': 60, 'edge_hidden_dim': 79, 'depth': 2, 'rep_dropout': 0.018779073787073105, 'train_learning_rate': 0.008091337932292511, 'train_lr_reduce': 0.6}. Best is trial 724 with value: 0.1670333594083786.
[I 2024-12-19 08:39:20,744] Trial 904 finished with value: 1.1494925022125244 and parameters: {'mlp_n_layers': 2, 'mlp_dim_00': 511, 'mlp_dim_01': 401, 'node_hidden_dim': 126, 'edge_hidden_dim': 50, 'depth': 2, 'rep_dropout': 0.07391719781370473, 'train_learning_rate': 0.0025779023994286976, 'train_lr_reduce': 0.6}. Best is trial 724 with value: 0.1670333594083786.
[I 2024-12-19 08:39:22,981] Trial 902 finished with value: 0.40780144929885864 and parameters: {'mlp_n_layers': 2, 'mlp_dim_00': 507, 'mlp_dim_01': 491, 'node_hidden_dim': 124, 'edge_hidden_dim': 56, 'depth': 2, 'rep_dropout': 0.15125437005596187, 'train_learning_rate': 0.004260630649607429, 'train_lr_reduce': 0.6}. Best is trial 724 with value: 0.1670333594083786.
[I 2024-12-19 08:39:27,971] Trial 905 finished with value: 1.1500087976455688 and parameters: {'mlp_n_layers': 2, 'mlp_dim_00': 492, 'mlp_dim_01': 492, 'node_hidden_dim': 125, 'edge_hidden_dim': 51, 'depth': 3, 'rep_dropout': 0.09113181566876977, 'train_learning_rate': 0.0020535824926609645, 'train_lr_reduce': 0.6}. Best is trial 724 with value: 0.1670333594083786.
[I 2024-12-19 08:39:30,164] Trial 907 finished with value: 1.1419003009796143 and parameters: {'mlp_n_layers': 2, 'mlp_dim_00': 250, 'mlp_dim_01': 458, 'node_hidden_dim': 73, 'edge_hidden_dim': 33, 'depth': 2, 'rep_dropout': 0.2378167213482266, 'train_learning_rate': 0.00012246026083297524, 'train_lr_reduce': 0.6}. Best is trial 724 with value: 0.1670333594083786.
[I 2024-12-19 08:39:35,232] Trial 908 finished with value: 1.1446207761764526 and parameters: {'mlp_n_layers': 4, 'mlp_dim_00': 511, 'mlp_dim_01': 237, 'mlp_dim_02': 432, 'mlp_dim_03': 65, 'node_hidden_dim': 33, 'edge_hidden_dim': 127, 'depth': 2, 'rep_dropout': 0.1587430001464734, 'train_learning_rate': 0.00597682257044666, 'train_lr_reduce': 0.6}. Best is trial 724 with value: 0.1670333594083786.
[I 2024-12-19 08:39:42,723] Trial 906 finished with value: 0.36992138624191284 and parameters: {'mlp_n_layers': 2, 'mlp_dim_00': 498, 'mlp_dim_01': 512, 'node_hidden_dim': 107, 'edge_hidden_dim': 50, 'depth': 2, 'rep_dropout': 0.04226966489292048, 'train_learning_rate': 0.009056221486829937, 'train_lr_reduce': 0.6}. Best is trial 724 with value: 0.1670333594083786.
[I 2024-12-19 08:39:43,826] Trial 910 finished with value: 1.1428501605987549 and parameters: {'mlp_n_layers': 2, 'mlp_dim_00': 508, 'mlp_dim_01': 412, 'node_hidden_dim': 121, 'edge_hidden_dim': 53, 'depth': 3, 'rep_dropout': 0.05016642426888415, 'train_learning_rate': 0.005185193504783045, 'train_lr_reduce': 0.6}. Best is trial 724 with value: 0.1670333594083786.
[I 2024-12-19 08:39:48,089] Trial 909 finished with value: 0.5256224274635315 and parameters: {'mlp_n_layers': 2, 'mlp_dim_00': 486, 'mlp_dim_01': 252, 'node_hidden_dim': 126, 'edge_hidden_dim': 50, 'depth': 2, 'rep_dropout': 0.09975404419107799, 'train_learning_rate': 0.00957355649308697, 'train_lr_reduce': 0.6}. Best is trial 724 with value: 0.1670333594083786.
[I 2024-12-19 08:39:49,886] Trial 911 finished with value: 1.1490428447723389 and parameters: {'mlp_n_layers': 3, 'mlp_dim_00': 500, 'mlp_dim_01': 500, 'mlp_dim_02': 361, 'node_hidden_dim': 103, 'edge_hidden_dim': 52, 'depth': 2, 'rep_dropout': 0.03566909237795646, 'train_learning_rate': 0.0030198623264196655, 'train_lr_reduce': 0.6}. Best is trial 724 with value: 0.1670333594083786.
[I 2024-12-19 08:39:50,493] Trial 912 finished with value: 1.1465623378753662 and parameters: {'mlp_n_layers': 2, 'mlp_dim_00': 477, 'mlp_dim_01': 408, 'node_hidden_dim': 125, 'edge_hidden_dim': 63, 'depth': 2, 'rep_dropout': 0.0007243303480137867, 'train_learning_rate': 0.007080566052685455, 'train_lr_reduce': 0.6}. Best is trial 724 with value: 0.1670333594083786.
[I 2024-12-19 08:39:57,473] Trial 914 finished with value: 1.1440879106521606 and parameters: {'mlp_n_layers': 4, 'mlp_dim_00': 503, 'mlp_dim_01': 232, 'mlp_dim_02': 432, 'mlp_dim_03': 200, 'node_hidden_dim': 104, 'edge_hidden_dim': 113, 'depth': 2, 'rep_dropout': 0.19772247310683683, 'train_learning_rate': 0.009517796223596591, 'train_lr_reduce': 0.6}. Best is trial 724 with value: 0.1670333594083786.
[I 2024-12-19 08:39:57,517] Trial 915 finished with value: 1.1422920227050781 and parameters: {'mlp_n_layers': 2, 'mlp_dim_00': 502, 'mlp_dim_01': 288, 'node_hidden_dim': 69, 'edge_hidden_dim': 37, 'depth': 2, 'rep_dropout': 0.0017602449008194548, 'train_learning_rate': 0.004010055488712326, 'train_lr_reduce': 0.6}. Best is trial 724 with value: 0.1670333594083786.
[I 2024-12-19 08:40:05,012] Trial 916 finished with value: 1.1478561162948608 and parameters: {'mlp_n_layers': 2, 'mlp_dim_00': 446, 'mlp_dim_01': 508, 'node_hidden_dim': 84, 'edge_hidden_dim': 60, 'depth': 3, 'rep_dropout': 0.0022082548502880203, 'train_learning_rate': 0.00861245422785567, 'train_lr_reduce': 0.6}. Best is trial 724 with value: 0.1670333594083786.
