[I 2024-12-20 00:24:05,592] Trial 942 finished with value: 1.4294897317886353 and parameters: {'mlp_n_layers': 1, 'mlp_dim_00': 76, 'node_hidden_dim': 66, 'edge_hidden_dim': 77, 'depth': 2, 'rep_dropout': 0.10296315350471533, 'train_learning_rate': 0.0011459533896033087, 'train_lr_reduce': 0.6}. Best is trial 558 with value: 0.30280801653862.
[I 2024-12-20 00:24:05,768] Trial 943 finished with value: 1.5740344524383545 and parameters: {'mlp_n_layers': 4, 'mlp_dim_00': 346, 'mlp_dim_01': 339, 'mlp_dim_02': 272, 'mlp_dim_03': 404, 'node_hidden_dim': 118, 'edge_hidden_dim': 58, 'depth': 2, 'rep_dropout': 0.04221460983880998, 'train_learning_rate': 0.0005958585215112962, 'train_lr_reduce': 0.6}. Best is trial 558 with value: 0.30280801653862.
[I 2024-12-20 00:24:10,104] Trial 945 finished with value: 1.5563145875930786 and parameters: {'mlp_n_layers': 4, 'mlp_dim_00': 345, 'mlp_dim_01': 182, 'mlp_dim_02': 192, 'mlp_dim_03': 374, 'node_hidden_dim': 104, 'edge_hidden_dim': 72, 'depth': 1, 'rep_dropout': 0.012904732445872185, 'train_learning_rate': 0.000679033029192252, 'train_lr_reduce': 0.6}. Best is trial 558 with value: 0.30280801653862.
[I 2024-12-20 00:24:13,983] Trial 946 finished with value: 1.508439064025879 and parameters: {'mlp_n_layers': 3, 'mlp_dim_00': 190, 'mlp_dim_01': 253, 'mlp_dim_02': 332, 'node_hidden_dim': 128, 'edge_hidden_dim': 52, 'depth': 1, 'rep_dropout': 0.03701851619854059, 'train_learning_rate': 0.0008449297092762472, 'train_lr_reduce': 0.6}. Best is trial 558 with value: 0.30280801653862.
[I 2024-12-20 00:24:18,613] Trial 947 finished with value: 1.491780161857605 and parameters: {'mlp_n_layers': 2, 'mlp_dim_00': 81, 'mlp_dim_01': 464, 'node_hidden_dim': 34, 'edge_hidden_dim': 70, 'depth': 4, 'rep_dropout': 0.05410787119491807, 'train_learning_rate': 0.0033107997018780883, 'train_lr_reduce': 0.6}. Best is trial 558 with value: 0.30280801653862.
[I 2024-12-20 00:24:21,426] Trial 941 finished with value: 0.3911615312099457 and parameters: {'mlp_n_layers': 3, 'mlp_dim_00': 239, 'mlp_dim_01': 295, 'mlp_dim_02': 373, 'node_hidden_dim': 80, 'edge_hidden_dim': 47, 'depth': 1, 'rep_dropout': 0.00737079662158386, 'train_learning_rate': 0.002928241741961004, 'train_lr_reduce': 0.6}. Best is trial 558 with value: 0.30280801653862.
[I 2024-12-20 00:24:22,062] Trial 948 finished with value: 1.5335325002670288 and parameters: {'mlp_n_layers': 4, 'mlp_dim_00': 353, 'mlp_dim_01': 320, 'mlp_dim_02': 445, 'mlp_dim_03': 447, 'node_hidden_dim': 108, 'edge_hidden_dim': 62, 'depth': 1, 'rep_dropout': 0.040140256748136954, 'train_learning_rate': 0.0018963684801272728, 'train_lr_reduce': 0.6}. Best is trial 558 with value: 0.30280801653862.
[I 2024-12-20 00:24:23,008] Trial 944 finished with value: 0.3443470001220703 and parameters: {'mlp_n_layers': 4, 'mlp_dim_00': 344, 'mlp_dim_01': 375, 'mlp_dim_02': 410, 'mlp_dim_03': 324, 'node_hidden_dim': 113, 'edge_hidden_dim': 38, 'depth': 1, 'rep_dropout': 0.0010667323697910974, 'train_learning_rate': 0.000957051075072394, 'train_lr_reduce': 0.6}. Best is trial 558 with value: 0.30280801653862.
[I 2024-12-20 00:24:25,657] Trial 950 finished with value: 1.553037405014038 and parameters: {'mlp_n_layers': 3, 'mlp_dim_00': 312, 'mlp_dim_01': 367, 'mlp_dim_02': 362, 'node_hidden_dim': 105, 'edge_hidden_dim': 57, 'depth': 1, 'rep_dropout': 0.052037025190707076, 'train_learning_rate': 0.000611359852958033, 'train_lr_reduce': 0.6}. Best is trial 558 with value: 0.30280801653862.
[I 2024-12-20 00:24:30,410] Trial 952 finished with value: 1.3829231262207031 and parameters: {'mlp_n_layers': 1, 'mlp_dim_00': 74, 'node_hidden_dim': 128, 'edge_hidden_dim': 99, 'depth': 4, 'rep_dropout': 0.0905203858002877, 'train_learning_rate': 0.0026524503203367686, 'train_lr_reduce': 0.6}. Best is trial 558 with value: 0.30280801653862.
[I 2024-12-20 00:24:32,856] Trial 949 finished with value: 0.45321375131607056 and parameters: {'mlp_n_layers': 4, 'mlp_dim_00': 479, 'mlp_dim_01': 405, 'mlp_dim_02': 228, 'mlp_dim_03': 268, 'node_hidden_dim': 103, 'edge_hidden_dim': 66, 'depth': 1, 'rep_dropout': 0.0034379614915393195, 'train_learning_rate': 0.001643878970919841, 'train_lr_reduce': 0.6}. Best is trial 558 with value: 0.30280801653862.
[I 2024-12-20 00:24:38,111] Trial 954 finished with value: 1.5740150213241577 and parameters: {'mlp_n_layers': 4, 'mlp_dim_00': 344, 'mlp_dim_01': 391, 'mlp_dim_02': 433, 'mlp_dim_03': 318, 'node_hidden_dim': 108, 'edge_hidden_dim': 40, 'depth': 1, 'rep_dropout': 0.011995124789259102, 'train_learning_rate': 0.00046954446048729566, 'train_lr_reduce': 0.6}. Best is trial 558 with value: 0.30280801653862.
[I 2024-12-20 00:24:46,519] Trial 951 finished with value: 0.32648298144340515 and parameters: {'mlp_n_layers': 4, 'mlp_dim_00': 364, 'mlp_dim_01': 407, 'mlp_dim_02': 439, 'mlp_dim_03': 318, 'node_hidden_dim': 122, 'edge_hidden_dim': 36, 'depth': 1, 'rep_dropout': 0.004737274420188433, 'train_learning_rate': 0.001422128941153846, 'train_lr_reduce': 0.6}. Best is trial 558 with value: 0.30280801653862.
[I 2024-12-20 00:24:50,672] Trial 956 finished with value: 1.5639333724975586 and parameters: {'mlp_n_layers': 1, 'mlp_dim_00': 457, 'node_hidden_dim': 55, 'edge_hidden_dim': 117, 'depth': 2, 'rep_dropout': 0.14561684850756784, 'train_learning_rate': 0.0001130354161223539, 'train_lr_reduce': 0.6}. Best is trial 558 with value: 0.30280801653862.
[I 2024-12-20 00:24:50,958] Trial 955 finished with value: 0.3948677182197571 and parameters: {'mlp_n_layers': 2, 'mlp_dim_00': 302, 'mlp_dim_01': 383, 'node_hidden_dim': 91, 'edge_hidden_dim': 124, 'depth': 1, 'rep_dropout': 0.09134930633371503, 'train_learning_rate': 0.009032107628285293, 'train_lr_reduce': 0.6}. Best is trial 558 with value: 0.30280801653862.
[I 2024-12-20 00:24:54,305] Trial 957 finished with value: 1.2824242115020752 and parameters: {'mlp_n_layers': 4, 'mlp_dim_00': 81, 'mlp_dim_01': 446, 'mlp_dim_02': 511, 'mlp_dim_03': 329, 'node_hidden_dim': 127, 'edge_hidden_dim': 45, 'depth': 1, 'rep_dropout': 0.02761660330053257, 'train_learning_rate': 0.004481762562928202, 'train_lr_reduce': 0.6}. Best is trial 558 with value: 0.30280801653862.
[I 2024-12-20 00:24:58,721] Trial 959 finished with value: 1.5467209815979004 and parameters: {'mlp_n_layers': 4, 'mlp_dim_00': 109, 'mlp_dim_01': 451, 'mlp_dim_02': 436, 'mlp_dim_03': 287, 'node_hidden_dim': 120, 'edge_hidden_dim': 62, 'depth': 1, 'rep_dropout': 0.00895658077774162, 'train_learning_rate': 0.0008101676268988746, 'train_lr_reduce': 0.6}. Best is trial 558 with value: 0.30280801653862.
[I 2024-12-20 00:25:01,813] Trial 953 finished with value: 0.3587414026260376 and parameters: {'mlp_n_layers': 4, 'mlp_dim_00': 340, 'mlp_dim_01': 401, 'mlp_dim_02': 463, 'mlp_dim_03': 320, 'node_hidden_dim': 105, 'edge_hidden_dim': 36, 'depth': 1, 'rep_dropout': 0.0007895565880770147, 'train_learning_rate': 0.002270946954282854, 'train_lr_reduce': 0.6}. Best is trial 558 with value: 0.30280801653862.
[I 2024-12-20 00:25:03,228] Trial 960 finished with value: 1.5739836692810059 and parameters: {'mlp_n_layers': 4, 'mlp_dim_00': 283, 'mlp_dim_01': 429, 'mlp_dim_02': 167, 'mlp_dim_03': 341, 'node_hidden_dim': 123, 'edge_hidden_dim': 35, 'depth': 1, 'rep_dropout': 0.031995442320260074, 'train_learning_rate': 0.0005218180373847582, 'train_lr_reduce': 0.6}. Best is trial 558 with value: 0.30280801653862.
[I 2024-12-20 00:25:06,094] Trial 961 finished with value: 1.5582531690597534 and parameters: {'mlp_n_layers': 4, 'mlp_dim_00': 398, 'mlp_dim_01': 420, 'mlp_dim_02': 459, 'mlp_dim_03': 353, 'node_hidden_dim': 115, 'edge_hidden_dim': 49, 'depth': 1, 'rep_dropout': 0.00798401448474204, 'train_learning_rate': 0.0008792068363581316, 'train_lr_reduce': 0.6}. Best is trial 558 with value: 0.30280801653862.
[I 2024-12-20 00:25:07,101] Trial 962 finished with value: 1.5631245374679565 and parameters: {'mlp_n_layers': 4, 'mlp_dim_00': 346, 'mlp_dim_01': 440, 'mlp_dim_02': 442, 'mlp_dim_03': 271, 'node_hidden_dim': 116, 'edge_hidden_dim': 32, 'depth': 2, 'rep_dropout': 0.01242393958484115, 'train_learning_rate': 0.0018299562364012408, 'train_lr_reduce': 0.6}. Best is trial 558 with value: 0.30280801653862.
[I 2024-12-20 00:25:07,457] Trial 958 finished with value: 0.3495353162288666 and parameters: {'mlp_n_layers': 4, 'mlp_dim_00': 190, 'mlp_dim_01': 430, 'mlp_dim_02': 457, 'mlp_dim_03': 291, 'node_hidden_dim': 120, 'edge_hidden_dim': 35, 'depth': 1, 'rep_dropout': 0.0015564895845408587, 'train_learning_rate': 0.0010716178004746783, 'train_lr_reduce': 0.6}. Best is trial 558 with value: 0.30280801653862.
[I 2024-12-20 00:25:11,046] Trial 964 finished with value: 1.5630048513412476 and parameters: {'mlp_n_layers': 4, 'mlp_dim_00': 346, 'mlp_dim_01': 417, 'mlp_dim_02': 248, 'mlp_dim_03': 356, 'node_hidden_dim': 120, 'edge_hidden_dim': 40, 'depth': 2, 'rep_dropout': 0.02719518517570245, 'train_learning_rate': 0.0006953421598881367, 'train_lr_reduce': 0.6}. Best is trial 558 with value: 0.30280801653862.
[I 2024-12-20 00:25:15,843] Trial 966 finished with value: 1.5818697214126587 and parameters: {'mlp_n_layers': 4, 'mlp_dim_00': 509, 'mlp_dim_01': 401, 'mlp_dim_02': 116, 'mlp_dim_03': 256, 'node_hidden_dim': 57, 'edge_hidden_dim': 109, 'depth': 3, 'rep_dropout': 0.12606826097595475, 'train_learning_rate': 0.00022667842277352825, 'train_lr_reduce': 0.6}. Best is trial 558 with value: 0.30280801653862.
[I 2024-12-20 00:25:17,536] Trial 965 finished with value: 0.46681520342826843 and parameters: {'mlp_n_layers': 4, 'mlp_dim_00': 231, 'mlp_dim_01': 394, 'mlp_dim_02': 198, 'mlp_dim_03': 357, 'node_hidden_dim': 122, 'edge_hidden_dim': 39, 'depth': 1, 'rep_dropout': 0.03652145448682895, 'train_learning_rate': 0.0016179943781197634, 'train_lr_reduce': 0.6}. Best is trial 558 with value: 0.30280801653862.
[I 2024-12-20 00:25:19,647] Trial 967 finished with value: 1.5690306425094604 and parameters: {'mlp_n_layers': 4, 'mlp_dim_00': 256, 'mlp_dim_01': 406, 'mlp_dim_02': 425, 'mlp_dim_03': 307, 'node_hidden_dim': 52, 'edge_hidden_dim': 60, 'depth': 1, 'rep_dropout': 0.033444857148187415, 'train_learning_rate': 0.0006670165839758202, 'train_lr_reduce': 0.6}. Best is trial 558 with value: 0.30280801653862.
[I 2024-12-20 00:25:30,127] Trial 963 finished with value: 0.3231865167617798 and parameters: {'mlp_n_layers': 4, 'mlp_dim_00': 456, 'mlp_dim_01': 479, 'mlp_dim_02': 463, 'mlp_dim_03': 302, 'node_hidden_dim': 115, 'edge_hidden_dim': 34, 'depth': 1, 'rep_dropout': 3.3377908027073036e-05, 'train_learning_rate': 0.00274972943870987, 'train_lr_reduce': 0.6}. Best is trial 558 with value: 0.30280801653862.
[I 2024-12-20 00:25:32,304] Trial 968 finished with value: 0.37711355090141296 and parameters: {'mlp_n_layers': 4, 'mlp_dim_00': 221, 'mlp_dim_01': 446, 'mlp_dim_02': 270, 'mlp_dim_03': 375, 'node_hidden_dim': 83, 'edge_hidden_dim': 60, 'depth': 1, 'rep_dropout': 0.0378452131001501, 'train_learning_rate': 0.0034829205125584605, 'train_lr_reduce': 0.6}. Best is trial 558 with value: 0.30280801653862.
[I 2024-12-20 00:25:34,324] Trial 970 finished with value: 1.471373438835144 and parameters: {'mlp_n_layers': 3, 'mlp_dim_00': 188, 'mlp_dim_01': 498, 'mlp_dim_02': 481, 'node_hidden_dim': 78, 'edge_hidden_dim': 51, 'depth': 2, 'rep_dropout': 0.045236870429939735, 'train_learning_rate': 0.002441889052795407, 'train_lr_reduce': 0.6}. Best is trial 558 with value: 0.30280801653862.
[I 2024-12-20 00:25:36,184] Trial 971 finished with value: 1.5172638893127441 and parameters: {'mlp_n_layers': 3, 'mlp_dim_00': 459, 'mlp_dim_01': 510, 'mlp_dim_02': 477, 'node_hidden_dim': 96, 'edge_hidden_dim': 35, 'depth': 1, 'rep_dropout': 0.019938181501403817, 'train_learning_rate': 0.005575167458672255, 'train_lr_reduce': 0.6}. Best is trial 558 with value: 0.30280801653862.
[I 2024-12-20 00:25:36,940] Trial 969 finished with value: 0.4414377510547638 and parameters: {'mlp_n_layers': 4, 'mlp_dim_00': 434, 'mlp_dim_01': 373, 'mlp_dim_02': 218, 'mlp_dim_03': 297, 'node_hidden_dim': 124, 'edge_hidden_dim': 56, 'depth': 1, 'rep_dropout': 0.002610625031588918, 'train_learning_rate': 0.004060569073362565, 'train_lr_reduce': 0.6}. Best is trial 558 with value: 0.30280801653862.
[I 2024-12-20 00:25:39,913] Trial 973 finished with value: 1.317426323890686 and parameters: {'mlp_n_layers': 4, 'mlp_dim_00': 426, 'mlp_dim_01': 512, 'mlp_dim_02': 436, 'mlp_dim_03': 253, 'node_hidden_dim': 112, 'edge_hidden_dim': 40, 'depth': 1, 'rep_dropout': 0.013915061849546509, 'train_learning_rate': 0.0053692398668003976, 'train_lr_reduce': 0.6}. Best is trial 558 with value: 0.30280801653862.
[I 2024-12-20 00:25:44,203] Trial 975 finished with value: 1.4382734298706055 and parameters: {'mlp_n_layers': 4, 'mlp_dim_00': 455, 'mlp_dim_01': 480, 'mlp_dim_02': 447, 'mlp_dim_03': 385, 'node_hidden_dim': 95, 'edge_hidden_dim': 45, 'depth': 1, 'rep_dropout': 0.009793883074278958, 'train_learning_rate': 0.003931553939843623, 'train_lr_reduce': 0.6}. Best is trial 558 with value: 0.30280801653862.
[I 2024-12-20 00:25:49,529] Trial 976 finished with value: 1.5519384145736694 and parameters: {'mlp_n_layers': 4, 'mlp_dim_00': 342, 'mlp_dim_01': 470, 'mlp_dim_02': 474, 'mlp_dim_03': 340, 'node_hidden_dim': 94, 'edge_hidden_dim': 95, 'depth': 3, 'rep_dropout': 0.02575734528595735, 'train_learning_rate': 0.007207936968523347, 'train_lr_reduce': 0.6}. Best is trial 558 with value: 0.30280801653862.
[I 2024-12-20 00:25:54,059] Trial 977 finished with value: 1.424315094947815 and parameters: {'mlp_n_layers': 4, 'mlp_dim_00': 178, 'mlp_dim_01': 478, 'mlp_dim_02': 478, 'mlp_dim_03': 401, 'node_hidden_dim': 127, 'edge_hidden_dim': 49, 'depth': 2, 'rep_dropout': 0.015750404392365618, 'train_learning_rate': 0.0019066710151981836, 'train_lr_reduce': 0.6}. Best is trial 558 with value: 0.30280801653862.
[I 2024-12-20 00:25:59,366] Trial 978 finished with value: 1.5289859771728516 and parameters: {'mlp_n_layers': 4, 'mlp_dim_00': 489, 'mlp_dim_01': 482, 'mlp_dim_02': 466, 'mlp_dim_03': 302, 'node_hidden_dim': 128, 'edge_hidden_dim': 43, 'depth': 2, 'rep_dropout': 0.027487802822139813, 'train_learning_rate': 0.003336173352279453, 'train_lr_reduce': 0.6}. Best is trial 558 with value: 0.30280801653862.
[I 2024-12-20 00:26:02,625] Trial 974 finished with value: 0.38509687781333923 and parameters: {'mlp_n_layers': 2, 'mlp_dim_00': 186, 'mlp_dim_01': 456, 'node_hidden_dim': 116, 'edge_hidden_dim': 85, 'depth': 1, 'rep_dropout': 0.053444804982844554, 'train_learning_rate': 0.005569665194197835, 'train_lr_reduce': 0.6}. Best is trial 558 with value: 0.30280801653862.
[I 2024-12-20 00:26:04,147] Trial 979 finished with value: 1.351778268814087 and parameters: {'mlp_n_layers': 4, 'mlp_dim_00': 506, 'mlp_dim_01': 472, 'mlp_dim_02': 446, 'mlp_dim_03': 257, 'node_hidden_dim': 97, 'edge_hidden_dim': 53, 'depth': 2, 'rep_dropout': 0.0082398231924014, 'train_learning_rate': 0.002652487805198892, 'train_lr_reduce': 0.6}. Best is trial 558 with value: 0.30280801653862.
[I 2024-12-20 00:26:07,350] Trial 980 finished with value: 1.5345412492752075 and parameters: {'mlp_n_layers': 3, 'mlp_dim_00': 465, 'mlp_dim_01': 465, 'mlp_dim_02': 501, 'node_hidden_dim': 114, 'edge_hidden_dim': 115, 'depth': 3, 'rep_dropout': 0.023485383652758436, 'train_learning_rate': 0.0007764660916732651, 'train_lr_reduce': 0.6}. Best is trial 558 with value: 0.30280801653862.
[I 2024-12-20 00:26:08,264] Trial 981 finished with value: 1.4911508560180664 and parameters: {'mlp_n_layers': 4, 'mlp_dim_00': 434, 'mlp_dim_01': 473, 'mlp_dim_02': 438, 'mlp_dim_03': 361, 'node_hidden_dim': 108, 'edge_hidden_dim': 43, 'depth': 1, 'rep_dropout': 0.007741226340181812, 'train_learning_rate': 0.001241914620578925, 'train_lr_reduce': 0.6}. Best is trial 558 with value: 0.30280801653862.
[I 2024-12-20 00:26:08,550] Trial 972 finished with value: 0.38426071405410767 and parameters: {'mlp_n_layers': 4, 'mlp_dim_00': 319, 'mlp_dim_01': 496, 'mlp_dim_02': 480, 'mlp_dim_03': 318, 'node_hidden_dim': 125, 'edge_hidden_dim': 41, 'depth': 1, 'rep_dropout': 0.005294507855021476, 'train_learning_rate': 0.0022306949434413308, 'train_lr_reduce': 0.6}. Best is trial 558 with value: 0.30280801653862.
[I 2024-12-20 00:26:12,805] Trial 983 finished with value: 1.5619693994522095 and parameters: {'mlp_n_layers': 4, 'mlp_dim_00': 419, 'mlp_dim_01': 511, 'mlp_dim_02': 502, 'mlp_dim_03': 397, 'node_hidden_dim': 120, 'edge_hidden_dim': 46, 'depth': 1, 'rep_dropout': 0.023458714280617167, 'train_learning_rate': 0.0010244103440892542, 'train_lr_reduce': 0.6}. Best is trial 558 with value: 0.30280801653862.
[I 2024-12-20 00:26:12,807] Trial 984 finished with value: 1.4497182369232178 and parameters: {'mlp_n_layers': 4, 'mlp_dim_00': 305, 'mlp_dim_01': 427, 'mlp_dim_02': 408, 'mlp_dim_03': 351, 'node_hidden_dim': 79, 'edge_hidden_dim': 52, 'depth': 2, 'rep_dropout': 0.0031584128654678113, 'train_learning_rate': 0.0021293116690267837, 'train_lr_reduce': 0.6}. Best is trial 558 with value: 0.30280801653862.
[I 2024-12-20 00:26:16,742] Trial 985 finished with value: 1.285475254058838 and parameters: {'mlp_n_layers': 1, 'mlp_dim_00': 228, 'node_hidden_dim': 32, 'edge_hidden_dim': 108, 'depth': 3, 'rep_dropout': 0.10378987602383745, 'train_learning_rate': 0.0017879180808479975, 'train_lr_reduce': 0.6}. Best is trial 558 with value: 0.30280801653862.
[I 2024-12-20 00:26:20,136] Trial 982 finished with value: 0.4630666971206665 and parameters: {'mlp_n_layers': 4, 'mlp_dim_00': 432, 'mlp_dim_01': 450, 'mlp_dim_02': 471, 'mlp_dim_03': 308, 'node_hidden_dim': 118, 'edge_hidden_dim': 58, 'depth': 1, 'rep_dropout': 0.003475745428150137, 'train_learning_rate': 0.0024091461186972543, 'train_lr_reduce': 0.6}. Best is trial 558 with value: 0.30280801653862.
[I 2024-12-20 00:26:24,289] Trial 988 finished with value: 1.353183388710022 and parameters: {'mlp_n_layers': 1, 'mlp_dim_00': 469, 'node_hidden_dim': 79, 'edge_hidden_dim': 56, 'depth': 2, 'rep_dropout': 0.0653477811347572, 'train_learning_rate': 0.0014078135222651623, 'train_lr_reduce': 0.6}. Best is trial 558 with value: 0.30280801653862.
[I 2024-12-20 00:26:28,349] Trial 989 finished with value: 1.4550029039382935 and parameters: {'mlp_n_layers': 4, 'mlp_dim_00': 243, 'mlp_dim_01': 160, 'mlp_dim_02': 414, 'mlp_dim_03': 329, 'node_hidden_dim': 78, 'edge_hidden_dim': 42, 'depth': 1, 'rep_dropout': 0.017354141899047597, 'train_learning_rate': 0.003551789936673992, 'train_lr_reduce': 0.6}. Best is trial 558 with value: 0.30280801653862.
[I 2024-12-20 00:26:36,117] Trial 986 finished with value: 0.38318267464637756 and parameters: {'mlp_n_layers': 4, 'mlp_dim_00': 81, 'mlp_dim_01': 455, 'mlp_dim_02': 414, 'mlp_dim_03': 276, 'node_hidden_dim': 128, 'edge_hidden_dim': 37, 'depth': 1, 'rep_dropout': 0.01820956891202494, 'train_learning_rate': 0.0008104585776153814, 'train_lr_reduce': 0.6}. Best is trial 558 with value: 0.30280801653862.
[I 2024-12-20 00:26:37,665] Trial 987 finished with value: 0.37725338339805603 and parameters: {'mlp_n_layers': 4, 'mlp_dim_00': 366, 'mlp_dim_01': 453, 'mlp_dim_02': 438, 'mlp_dim_03': 400, 'node_hidden_dim': 128, 'edge_hidden_dim': 41, 'depth': 1, 'rep_dropout': 0.028858798737030414, 'train_learning_rate': 0.0016467462201830377, 'train_lr_reduce': 0.6}. Best is trial 558 with value: 0.30280801653862.
[I 2024-12-20 00:26:39,868] Trial 991 finished with value: 1.3504289388656616 and parameters: {'mlp_n_layers': 3, 'mlp_dim_00': 199, 'mlp_dim_01': 441, 'mlp_dim_02': 407, 'node_hidden_dim': 121, 'edge_hidden_dim': 46, 'depth': 1, 'rep_dropout': 0.03863412341900968, 'train_learning_rate': 0.0036042953145550864, 'train_lr_reduce': 0.6}. Best is trial 558 with value: 0.30280801653862.
[I 2024-12-20 00:26:40,268] Trial 990 finished with value: 0.34123459458351135 and parameters: {'mlp_n_layers': 4, 'mlp_dim_00': 499, 'mlp_dim_01': 99, 'mlp_dim_02': 303, 'mlp_dim_03': 404, 'node_hidden_dim': 109, 'edge_hidden_dim': 78, 'depth': 1, 'rep_dropout': 0.10600223236028278, 'train_learning_rate': 0.0010424242391121627, 'train_lr_reduce': 0.6}. Best is trial 558 with value: 0.30280801653862.
[I 2024-12-20 00:26:50,488] Trial 994 finished with value: 1.3575831651687622 and parameters: {'mlp_n_layers': 3, 'mlp_dim_00': 477, 'mlp_dim_01': 91, 'mlp_dim_02': 393, 'node_hidden_dim': 83, 'edge_hidden_dim': 81, 'depth': 1, 'rep_dropout': 0.10009607051089214, 'train_learning_rate': 0.00043177382194471356, 'train_lr_reduce': 0.6}. Best is trial 558 with value: 0.30280801653862.
[I 2024-12-20 00:26:53,220] Trial 992 finished with value: 0.36083269119262695 and parameters: {'mlp_n_layers': 4, 'mlp_dim_00': 356, 'mlp_dim_01': 421, 'mlp_dim_02': 306, 'mlp_dim_03': 292, 'node_hidden_dim': 109, 'edge_hidden_dim': 51, 'depth': 1, 'rep_dropout': 0.007470431226374712, 'train_learning_rate': 0.0024678319958959796, 'train_lr_reduce': 0.6}. Best is trial 558 with value: 0.30280801653862.
[I 2024-12-20 00:26:55,108] Trial 995 finished with value: 1.575134038925171 and parameters: {'mlp_n_layers': 4, 'mlp_dim_00': 446, 'mlp_dim_01': 483, 'mlp_dim_02': 322, 'mlp_dim_03': 410, 'node_hidden_dim': 109, 'edge_hidden_dim': 59, 'depth': 2, 'rep_dropout': 0.09774321823195557, 'train_learning_rate': 0.000514156210066911, 'train_lr_reduce': 0.6}. Best is trial 558 with value: 0.30280801653862.
[I 2024-12-20 00:26:56,760] Trial 996 finished with value: 1.5096116065979004 and parameters: {'mlp_n_layers': 4, 'mlp_dim_00': 425, 'mlp_dim_01': 77, 'mlp_dim_02': 385, 'mlp_dim_03': 412, 'node_hidden_dim': 125, 'edge_hidden_dim': 69, 'depth': 1, 'rep_dropout': 0.10971419075275167, 'train_learning_rate': 0.0014215248008176168, 'train_lr_reduce': 0.6}. Best is trial 558 with value: 0.30280801653862.
