[I 2024-12-16 00:05:58,064] Trial 1453 finished with value: 0.1431392878293991 and parameters: {'mlp_n_layers': 2, 'mlp_dim_00': 160, 'mlp_dim_01': 32, 'hidden_channels': 256, 'num_layers': 3, 'num_timesteps': 2, 'dropout': 0.2746787899660715, 'train_learning_rate': 0.0002277950846994133, 'train_lr_reduce': 0.6}. Best is trial 130 with value: 0.0812772810459137.
[I 2024-12-16 00:05:59,463] Trial 1454 finished with value: 0.09330694377422333 and parameters: {'mlp_n_layers': 2, 'mlp_dim_00': 96, 'mlp_dim_01': 240, 'hidden_channels': 32, 'num_layers': 2, 'num_timesteps': 4, 'dropout': 0.1561694122498056, 'train_learning_rate': 0.0033265736893004516, 'train_lr_reduce': 0.6}. Best is trial 130 with value: 0.0812772810459137.
[I 2024-12-16 00:06:08,894] Trial 1455 finished with value: 0.09660197794437408 and parameters: {'mlp_n_layers': 3, 'mlp_dim_00': 176, 'mlp_dim_01': 208, 'mlp_dim_02': 96, 'hidden_channels': 32, 'num_layers': 1, 'num_timesteps': 3, 'dropout': 0.19301399630867905, 'train_learning_rate': 0.008125140066302213, 'train_lr_reduce': 0.6}. Best is trial 130 with value: 0.0812772810459137.
[I 2024-12-16 00:06:12,343] Trial 1457 finished with value: 0.11821392923593521 and parameters: {'mlp_n_layers': 2, 'mlp_dim_00': 224, 'mlp_dim_01': 256, 'hidden_channels': 256, 'num_layers': 1, 'num_timesteps': 3, 'dropout': 0.1957531628475806, 'train_learning_rate': 0.005371528336494258, 'train_lr_reduce': 0.6}. Best is trial 130 with value: 0.0812772810459137.
[I 2024-12-16 00:06:16,178] Trial 1456 finished with value: 0.11176939308643341 and parameters: {'mlp_n_layers': 2, 'mlp_dim_00': 256, 'mlp_dim_01': 208, 'hidden_channels': 32, 'num_layers': 4, 'num_timesteps': 4, 'dropout': 0.20395147841476854, 'train_learning_rate': 0.0023973209270957505, 'train_lr_reduce': 0.6}. Best is trial 130 with value: 0.0812772810459137.
[I 2024-12-16 00:06:29,105] Trial 1459 finished with value: 0.10396074503660202 and parameters: {'mlp_n_layers': 3, 'mlp_dim_00': 160, 'mlp_dim_01': 160, 'mlp_dim_02': 128, 'hidden_channels': 64, 'num_layers': 3, 'num_timesteps': 3, 'dropout': 0.23279004883820859, 'train_learning_rate': 0.003133826088977879, 'train_lr_reduce': 0.6}. Best is trial 130 with value: 0.0812772810459137.
[I 2024-12-16 00:06:30,416] Trial 1460 finished with value: 0.10725229978561401 and parameters: {'mlp_n_layers': 4, 'mlp_dim_00': 112, 'mlp_dim_01': 208, 'mlp_dim_02': 160, 'mlp_dim_03': 80, 'hidden_channels': 32, 'num_layers': 1, 'num_timesteps': 2, 'dropout': 0.20289882056003639, 'train_learning_rate': 0.0017740979693988289, 'train_lr_reduce': 0.6}. Best is trial 130 with value: 0.0812772810459137.
[I 2024-12-16 00:06:36,105] Trial 1462 finished with value: 0.5509615540504456 and parameters: {'mlp_n_layers': 3, 'mlp_dim_00': 112, 'mlp_dim_01': 176, 'mlp_dim_02': 144, 'hidden_channels': 48, 'num_layers': 2, 'num_timesteps': 2, 'dropout': 0.29584737388308513, 'train_learning_rate': 0.009814994072076966, 'train_lr_reduce': 0.6}. Best is trial 130 with value: 0.0812772810459137.
[I 2024-12-16 00:06:37,488] Trial 1458 finished with value: 0.630426287651062 and parameters: {'mlp_n_layers': 2, 'mlp_dim_00': 128, 'mlp_dim_01': 48, 'hidden_channels': 32, 'num_layers': 4, 'num_timesteps': 4, 'dropout': 0.10013364874750022, 'train_learning_rate': 0.00011379928734750674, 'train_lr_reduce': 0.6}. Best is trial 130 with value: 0.0812772810459137.
[I 2024-12-16 00:06:46,897] Trial 1464 finished with value: 0.10676971822977066 and parameters: {'mlp_n_layers': 2, 'mlp_dim_00': 192, 'mlp_dim_01': 208, 'hidden_channels': 32, 'num_layers': 2, 'num_timesteps': 2, 'dropout': 0.21559959035651266, 'train_learning_rate': 0.003255405724093852, 'train_lr_reduce': 0.6}. Best is trial 130 with value: 0.0812772810459137.
[I 2024-12-16 00:06:46,974] Trial 1461 finished with value: 0.10459967702627182 and parameters: {'mlp_n_layers': 3, 'mlp_dim_00': 144, 'mlp_dim_01': 96, 'mlp_dim_02': 224, 'hidden_channels': 96, 'num_layers': 3, 'num_timesteps': 4, 'dropout': 0.20783173037096683, 'train_learning_rate': 0.0052907862893793465, 'train_lr_reduce': 0.6}. Best is trial 130 with value: 0.0812772810459137.
[I 2024-12-16 00:06:51,811] Trial 1463 finished with value: 0.10696039348840714 and parameters: {'mlp_n_layers': 2, 'mlp_dim_00': 32, 'mlp_dim_01': 160, 'hidden_channels': 32, 'num_layers': 2, 'num_timesteps': 4, 'dropout': 0.1263144534915382, 'train_learning_rate': 0.00962163688755459, 'train_lr_reduce': 0.6}. Best is trial 130 with value: 0.0812772810459137.
[I 2024-12-16 00:07:04,467] Trial 1466 finished with value: 0.10197146236896515 and parameters: {'mlp_n_layers': 2, 'mlp_dim_00': 96, 'mlp_dim_01': 240, 'hidden_channels': 48, 'num_layers': 2, 'num_timesteps': 4, 'dropout': 0.16329892484965997, 'train_learning_rate': 0.008963052035379237, 'train_lr_reduce': 0.6}. Best is trial 130 with value: 0.0812772810459137.
[I 2024-12-16 00:07:11,521] Trial 1467 finished with value: 0.10975043475627899 and parameters: {'mlp_n_layers': 4, 'mlp_dim_00': 128, 'mlp_dim_01': 160, 'mlp_dim_02': 192, 'mlp_dim_03': 256, 'hidden_channels': 96, 'num_layers': 1, 'num_timesteps': 2, 'dropout': 0.255079928221396, 'train_learning_rate': 0.00840189324813832, 'train_lr_reduce': 0.6}. Best is trial 130 with value: 0.0812772810459137.
[I 2024-12-16 00:07:19,110] Trial 1465 finished with value: 0.24995993077754974 and parameters: {'mlp_n_layers': 3, 'mlp_dim_00': 32, 'mlp_dim_01': 112, 'mlp_dim_02': 112, 'hidden_channels': 176, 'num_layers': 4, 'num_timesteps': 2, 'dropout': 0.19982656607676638, 'train_learning_rate': 0.00010164984719541887, 'train_lr_reduce': 0.6}. Best is trial 130 with value: 0.0812772810459137.
[I 2024-12-16 00:07:24,100] Trial 1470 finished with value: 0.38284263014793396 and parameters: {'mlp_n_layers': 2, 'mlp_dim_00': 256, 'mlp_dim_01': 256, 'hidden_channels': 176, 'num_layers': 1, 'num_timesteps': 3, 'dropout': 0.14276581226524396, 'train_learning_rate': 0.007232067156369467, 'train_lr_reduce': 0.6}. Best is trial 130 with value: 0.0812772810459137.
[I 2024-12-16 00:07:28,270] Trial 1469 finished with value: 0.12250892072916031 and parameters: {'mlp_n_layers': 2, 'mlp_dim_00': 48, 'mlp_dim_01': 48, 'hidden_channels': 64, 'num_layers': 3, 'num_timesteps': 3, 'dropout': 0.23070639157987632, 'train_learning_rate': 0.0020892074189130727, 'train_lr_reduce': 0.6}. Best is trial 130 with value: 0.0812772810459137.
[I 2024-12-16 00:07:30,178] Trial 1468 finished with value: 0.13207882642745972 and parameters: {'mlp_n_layers': 3, 'mlp_dim_00': 256, 'mlp_dim_01': 32, 'mlp_dim_02': 160, 'hidden_channels': 112, 'num_layers': 1, 'num_timesteps': 3, 'dropout': 0.09586331811990036, 'train_learning_rate': 0.00027491618898377974, 'train_lr_reduce': 0.6}. Best is trial 130 with value: 0.0812772810459137.
[I 2024-12-16 00:07:39,415] Trial 1472 finished with value: 0.16079674661159515 and parameters: {'mlp_n_layers': 2, 'mlp_dim_00': 48, 'mlp_dim_01': 224, 'hidden_channels': 32, 'num_layers': 2, 'num_timesteps': 4, 'dropout': 0.0915922679247494, 'train_learning_rate': 0.009935787574769797, 'train_lr_reduce': 0.6}. Best is trial 130 with value: 0.0812772810459137.
[I 2024-12-16 00:07:41,101] Trial 1471 finished with value: 0.11854465305805206 and parameters: {'mlp_n_layers': 2, 'mlp_dim_00': 192, 'mlp_dim_01': 112, 'hidden_channels': 32, 'num_layers': 3, 'num_timesteps': 3, 'dropout': 0.2247307339730919, 'train_learning_rate': 0.002031281429119822, 'train_lr_reduce': 0.6}. Best is trial 130 with value: 0.0812772810459137.
[I 2024-12-16 00:07:43,949] Trial 1473 finished with value: 0.1298115998506546 and parameters: {'mlp_n_layers': 2, 'mlp_dim_00': 144, 'mlp_dim_01': 112, 'hidden_channels': 96, 'num_layers': 3, 'num_timesteps': 2, 'dropout': 0.28337547996241075, 'train_learning_rate': 0.004077919227142965, 'train_lr_reduce': 0.6}. Best is trial 130 with value: 0.0812772810459137.
[I 2024-12-16 00:07:58,404] Trial 1476 finished with value: 0.10868821293115616 and parameters: {'mlp_n_layers': 2, 'mlp_dim_00': 192, 'mlp_dim_01': 208, 'hidden_channels': 48, 'num_layers': 2, 'num_timesteps': 3, 'dropout': 0.15142177779267435, 'train_learning_rate': 0.00887954036430563, 'train_lr_reduce': 0.6}. Best is trial 130 with value: 0.0812772810459137.
[I 2024-12-16 00:08:04,905] Trial 1475 finished with value: 0.12419203668832779 and parameters: {'mlp_n_layers': 4, 'mlp_dim_00': 64, 'mlp_dim_01': 256, 'mlp_dim_02': 80, 'mlp_dim_03': 96, 'hidden_channels': 208, 'num_layers': 1, 'num_timesteps': 4, 'dropout': 0.07238973407062789, 'train_learning_rate': 0.004583566205296453, 'train_lr_reduce': 0.6}. Best is trial 130 with value: 0.0812772810459137.
[I 2024-12-16 00:08:07,279] Trial 1477 finished with value: 0.10315167903900146 and parameters: {'mlp_n_layers': 2, 'mlp_dim_00': 176, 'mlp_dim_01': 224, 'hidden_channels': 176, 'num_layers': 1, 'num_timesteps': 3, 'dropout': 0.2605902459489525, 'train_learning_rate': 0.003900539034984714, 'train_lr_reduce': 0.6}. Best is trial 130 with value: 0.0812772810459137.
[I 2024-12-16 00:08:07,414] Trial 1474 finished with value: 0.18675187230110168 and parameters: {'mlp_n_layers': 3, 'mlp_dim_00': 48, 'mlp_dim_01': 96, 'mlp_dim_02': 128, 'hidden_channels': 32, 'num_layers': 1, 'num_timesteps': 3, 'dropout': 0.04763940492753298, 'train_learning_rate': 0.00021383004299625765, 'train_lr_reduce': 0.6}. Best is trial 130 with value: 0.0812772810459137.
[I 2024-12-16 00:08:16,977] Trial 1478 finished with value: 0.11754808574914932 and parameters: {'mlp_n_layers': 2, 'mlp_dim_00': 32, 'mlp_dim_01': 224, 'hidden_channels': 32, 'num_layers': 2, 'num_timesteps': 4, 'dropout': 0.1949112246791849, 'train_learning_rate': 0.007463786582811731, 'train_lr_reduce': 0.6}. Best is trial 130 with value: 0.0812772810459137.
[I 2024-12-16 00:08:17,803] Trial 1480 finished with value: 0.12876886129379272 and parameters: {'mlp_n_layers': 3, 'mlp_dim_00': 192, 'mlp_dim_01': 256, 'mlp_dim_02': 176, 'hidden_channels': 112, 'num_layers': 1, 'num_timesteps': 2, 'dropout': 0.1869750534083974, 'train_learning_rate': 0.002920540531593364, 'train_lr_reduce': 0.6}. Best is trial 130 with value: 0.0812772810459137.
[I 2024-12-16 00:08:18,986] Trial 1479 finished with value: 0.11664740741252899 and parameters: {'mlp_n_layers': 2, 'mlp_dim_00': 128, 'mlp_dim_01': 160, 'hidden_channels': 112, 'num_layers': 1, 'num_timesteps': 4, 'dropout': 0.23315678244773053, 'train_learning_rate': 0.0019870373857851452, 'train_lr_reduce': 0.6}. Best is trial 130 with value: 0.0812772810459137.
[I 2024-12-16 00:08:31,458] Trial 1483 finished with value: 0.11476581543684006 and parameters: {'mlp_n_layers': 2, 'mlp_dim_00': 80, 'mlp_dim_01': 192, 'hidden_channels': 32, 'num_layers': 2, 'num_timesteps': 4, 'dropout': 0.19245530024665516, 'train_learning_rate': 0.003095286906476175, 'train_lr_reduce': 0.6}. Best is trial 130 with value: 0.0812772810459137.
[I 2024-12-16 00:08:34,963] Trial 1481 finished with value: 0.12035244703292847 and parameters: {'mlp_n_layers': 2, 'mlp_dim_00': 128, 'mlp_dim_01': 176, 'hidden_channels': 32, 'num_layers': 2, 'num_timesteps': 4, 'dropout': 0.17176368692222183, 'train_learning_rate': 0.0011225993180390109, 'train_lr_reduce': 0.6}. Best is trial 130 with value: 0.0812772810459137.
[I 2024-12-16 00:08:37,453] Trial 1482 finished with value: 0.1188105121254921 and parameters: {'mlp_n_layers': 2, 'mlp_dim_00': 176, 'mlp_dim_01': 192, 'hidden_channels': 80, 'num_layers': 3, 'num_timesteps': 3, 'dropout': 0.1571013891599805, 'train_learning_rate': 0.009963697925563066, 'train_lr_reduce': 0.6}. Best is trial 130 with value: 0.0812772810459137.
[I 2024-12-16 00:08:46,730] Trial 1484 finished with value: 0.10204257816076279 and parameters: {'mlp_n_layers': 2, 'mlp_dim_00': 240, 'mlp_dim_01': 192, 'hidden_channels': 176, 'num_layers': 1, 'num_timesteps': 3, 'dropout': 0.2054555520505909, 'train_learning_rate': 0.008733079938074756, 'train_lr_reduce': 0.6}. Best is trial 130 with value: 0.0812772810459137.
[I 2024-12-16 00:09:05,542] Trial 1485 finished with value: 0.15319712460041046 and parameters: {'mlp_n_layers': 3, 'mlp_dim_00': 160, 'mlp_dim_01': 256, 'mlp_dim_02': 32, 'hidden_channels': 256, 'num_layers': 3, 'num_timesteps': 1, 'dropout': 0.07729450145134938, 'train_learning_rate': 0.001098382853049859, 'train_lr_reduce': 0.6}. Best is trial 130 with value: 0.0812772810459137.
[I 2024-12-16 00:09:06,696] Trial 1487 finished with value: 0.11770157516002655 and parameters: {'mlp_n_layers': 4, 'mlp_dim_00': 240, 'mlp_dim_01': 256, 'mlp_dim_02': 208, 'mlp_dim_03': 64, 'hidden_channels': 32, 'num_layers': 2, 'num_timesteps': 1, 'dropout': 0.22651016181309477, 'train_learning_rate': 0.009066353257052386, 'train_lr_reduce': 0.6}. Best is trial 130 with value: 0.0812772810459137.
[I 2024-12-16 00:09:13,465] Trial 1486 finished with value: 0.12134784460067749 and parameters: {'mlp_n_layers': 2, 'mlp_dim_00': 256, 'mlp_dim_01': 96, 'hidden_channels': 240, 'num_layers': 4, 'num_timesteps': 3, 'dropout': 0.0051696368728092745, 'train_learning_rate': 0.0073824488813260605, 'train_lr_reduce': 0.6}. Best is trial 130 with value: 0.0812772810459137.
[I 2024-12-16 00:09:22,913] Trial 1489 finished with value: 0.13994617760181427 and parameters: {'mlp_n_layers': 2, 'mlp_dim_00': 32, 'mlp_dim_01': 160, 'hidden_channels': 64, 'num_layers': 4, 'num_timesteps': 4, 'dropout': 0.10774423849411963, 'train_learning_rate': 0.0048243780163752074, 'train_lr_reduce': 0.6}. Best is trial 130 with value: 0.0812772810459137.
[I 2024-12-16 00:09:24,797] Trial 1490 finished with value: 0.11712753772735596 and parameters: {'mlp_n_layers': 3, 'mlp_dim_00': 160, 'mlp_dim_01': 96, 'mlp_dim_02': 112, 'hidden_channels': 32, 'num_layers': 3, 'num_timesteps': 2, 'dropout': 0.22272777018531126, 'train_learning_rate': 0.005189428419237959, 'train_lr_reduce': 0.6}. Best is trial 130 with value: 0.0812772810459137.
[I 2024-12-16 00:09:26,231] Trial 1488 finished with value: 0.14252080023288727 and parameters: {'mlp_n_layers': 3, 'mlp_dim_00': 80, 'mlp_dim_01': 160, 'mlp_dim_02': 144, 'hidden_channels': 48, 'num_layers': 2, 'num_timesteps': 4, 'dropout': 0.24983222676798464, 'train_learning_rate': 0.0007555663028703299, 'train_lr_reduce': 0.6}. Best is trial 130 with value: 0.0812772810459137.
[I 2024-12-16 00:09:38,978] Trial 1491 finished with value: 0.10920138657093048 and parameters: {'mlp_n_layers': 3, 'mlp_dim_00': 240, 'mlp_dim_01': 192, 'mlp_dim_02': 160, 'hidden_channels': 32, 'num_layers': 2, 'num_timesteps': 3, 'dropout': 0.2548457703013729, 'train_learning_rate': 0.007143445865952094, 'train_lr_reduce': 0.6}. Best is trial 130 with value: 0.0812772810459137.
[I 2024-12-16 00:09:39,636] Trial 1493 finished with value: 0.11712852120399475 and parameters: {'mlp_n_layers': 3, 'mlp_dim_00': 192, 'mlp_dim_01': 256, 'mlp_dim_02': 128, 'hidden_channels': 64, 'num_layers': 1, 'num_timesteps': 3, 'dropout': 0.24059216373007578, 'train_learning_rate': 0.0037512339709408647, 'train_lr_reduce': 0.6}. Best is trial 130 with value: 0.0812772810459137.
[I 2024-12-16 00:09:52,957] Trial 1495 finished with value: 0.09481094777584076 and parameters: {'mlp_n_layers': 3, 'mlp_dim_00': 256, 'mlp_dim_01': 224, 'mlp_dim_02': 192, 'hidden_channels': 64, 'num_layers': 2, 'num_timesteps': 2, 'dropout': 0.20986683405667933, 'train_learning_rate': 0.009495301824780603, 'train_lr_reduce': 0.6}. Best is trial 130 with value: 0.0812772810459137.
[I 2024-12-16 00:09:55,004] Trial 1492 finished with value: 0.15917256474494934 and parameters: {'mlp_n_layers': 2, 'mlp_dim_00': 128, 'mlp_dim_01': 240, 'hidden_channels': 208, 'num_layers': 4, 'num_timesteps': 1, 'dropout': 0.2723243662346897, 'train_learning_rate': 0.00019379878367792365, 'train_lr_reduce': 0.6}. Best is trial 130 with value: 0.0812772810459137.
[I 2024-12-16 00:10:02,369] Trial 1494 finished with value: 0.11275382339954376 and parameters: {'mlp_n_layers': 3, 'mlp_dim_00': 240, 'mlp_dim_01': 208, 'mlp_dim_02': 240, 'hidden_channels': 64, 'num_layers': 3, 'num_timesteps': 4, 'dropout': 0.27441438459133183, 'train_learning_rate': 0.002367257894084469, 'train_lr_reduce': 0.6}. Best is trial 130 with value: 0.0812772810459137.
[I 2024-12-16 00:10:12,100] Trial 1497 finished with value: 0.11301662027835846 and parameters: {'mlp_n_layers': 2, 'mlp_dim_00': 160, 'mlp_dim_01': 112, 'hidden_channels': 32, 'num_layers': 3, 'num_timesteps': 3, 'dropout': 0.20973122580736067, 'train_learning_rate': 0.007308539915529498, 'train_lr_reduce': 0.6}. Best is trial 130 with value: 0.0812772810459137.
[I 2024-12-16 00:10:14,375] Trial 1498 finished with value: 0.16391657292842865 and parameters: {'mlp_n_layers': 4, 'mlp_dim_00': 48, 'mlp_dim_01': 144, 'mlp_dim_02': 160, 'mlp_dim_03': 112, 'hidden_channels': 128, 'num_layers': 3, 'num_timesteps': 2, 'dropout': 0.2484014779918657, 'train_learning_rate': 0.0067683976070310676, 'train_lr_reduce': 0.6}. Best is trial 130 with value: 0.0812772810459137.
[I 2024-12-16 00:10:16,269] Trial 1496 finished with value: 0.14061075448989868 and parameters: {'mlp_n_layers': 4, 'mlp_dim_00': 240, 'mlp_dim_01': 144, 'mlp_dim_02': 96, 'mlp_dim_03': 32, 'hidden_channels': 112, 'num_layers': 3, 'num_timesteps': 4, 'dropout': 0.23348935104620228, 'train_learning_rate': 0.000553815155668816, 'train_lr_reduce': 0.6}. Best is trial 130 with value: 0.0812772810459137.
[I 2024-12-16 00:10:26,281] Trial 1500 finished with value: 0.12570331990718842 and parameters: {'mlp_n_layers': 3, 'mlp_dim_00': 160, 'mlp_dim_01': 144, 'mlp_dim_02': 128, 'hidden_channels': 64, 'num_layers': 1, 'num_timesteps': 2, 'dropout': 0.20713435558545376, 'train_learning_rate': 0.0095080397097677, 'train_lr_reduce': 0.6}. Best is trial 130 with value: 0.0812772810459137.
[I 2024-12-16 00:10:27,393] Trial 1501 finished with value: 0.15829451382160187 and parameters: {'mlp_n_layers': 4, 'mlp_dim_00': 160, 'mlp_dim_01': 48, 'mlp_dim_02': 176, 'mlp_dim_03': 224, 'hidden_channels': 144, 'num_layers': 1, 'num_timesteps': 2, 'dropout': 0.14911110528870491, 'train_learning_rate': 0.004178427117980371, 'train_lr_reduce': 0.6}. Best is trial 130 with value: 0.0812772810459137.
[I 2024-12-16 00:10:28,194] Trial 1499 finished with value: 0.12040050327777863 and parameters: {'mlp_n_layers': 2, 'mlp_dim_00': 224, 'mlp_dim_01': 160, 'hidden_channels': 80, 'num_layers': 3, 'num_timesteps': 3, 'dropout': 0.2913010633459677, 'train_learning_rate': 0.002842770321868032, 'train_lr_reduce': 0.6}. Best is trial 130 with value: 0.0812772810459137.
[I 2024-12-16 00:10:40,615] Trial 1503 finished with value: 0.11248639971017838 and parameters: {'mlp_n_layers': 2, 'mlp_dim_00': 144, 'mlp_dim_01': 80, 'hidden_channels': 80, 'num_layers': 3, 'num_timesteps': 4, 'dropout': 0.2438787661427202, 'train_learning_rate': 0.004855966654179139, 'train_lr_reduce': 0.6}. Best is trial 130 with value: 0.0812772810459137.
[I 2024-12-16 00:10:40,670] Trial 1504 finished with value: 0.10313820093870163 and parameters: {'mlp_n_layers': 2, 'mlp_dim_00': 96, 'mlp_dim_01': 240, 'hidden_channels': 48, 'num_layers': 2, 'num_timesteps': 4, 'dropout': 0.08091077163249524, 'train_learning_rate': 0.009627271677962887, 'train_lr_reduce': 0.6}. Best is trial 130 with value: 0.0812772810459137.
[I 2024-12-16 00:10:49,085] Trial 1502 finished with value: 0.168889582157135 and parameters: {'mlp_n_layers': 3, 'mlp_dim_00': 32, 'mlp_dim_01': 192, 'mlp_dim_02': 144, 'hidden_channels': 80, 'num_layers': 4, 'num_timesteps': 4, 'dropout': 0.24875927262838188, 'train_learning_rate': 0.0009715665865107135, 'train_lr_reduce': 0.6}. Best is trial 130 with value: 0.0812772810459137.
[I 2024-12-16 00:10:53,129] Trial 1506 finished with value: 0.10979240387678146 and parameters: {'mlp_n_layers': 3, 'mlp_dim_00': 256, 'mlp_dim_01': 144, 'mlp_dim_02': 64, 'hidden_channels': 32, 'num_layers': 2, 'num_timesteps': 4, 'dropout': 0.26015328623675066, 'train_learning_rate': 0.00823865204733098, 'train_lr_reduce': 0.6}. Best is trial 130 with value: 0.0812772810459137.
[I 2024-12-16 00:11:03,729] Trial 1507 finished with value: 0.14840303361415863 and parameters: {'mlp_n_layers': 3, 'mlp_dim_00': 80, 'mlp_dim_01': 208, 'mlp_dim_02': 208, 'hidden_channels': 32, 'num_layers': 2, 'num_timesteps': 4, 'dropout': 0.1968782066519295, 'train_learning_rate': 0.009930044670148677, 'train_lr_reduce': 0.6}. Best is trial 130 with value: 0.0812772810459137.
[I 2024-12-16 00:11:08,365] Trial 1505 finished with value: 0.23925864696502686 and parameters: {'mlp_n_layers': 2, 'mlp_dim_00': 256, 'mlp_dim_01': 224, 'hidden_channels': 32, 'num_layers': 3, 'num_timesteps': 4, 'dropout': 0.16394204884904146, 'train_learning_rate': 0.00024229966767773674, 'train_lr_reduce': 0.6}. Best is trial 130 with value: 0.0812772810459137.
[I 2024-12-16 00:11:09,298] Trial 1508 finished with value: 0.11356281489133835 and parameters: {'mlp_n_layers': 3, 'mlp_dim_00': 48, 'mlp_dim_01': 112, 'mlp_dim_02': 112, 'hidden_channels': 64, 'num_layers': 4, 'num_timesteps': 3, 'dropout': 0.23415296800018043, 'train_learning_rate': 0.008116271623004637, 'train_lr_reduce': 0.6}. Best is trial 130 with value: 0.0812772810459137.
[I 2024-12-16 00:11:14,790] Trial 1509 finished with value: 0.10204276442527771 and parameters: {'mlp_n_layers': 2, 'mlp_dim_00': 240, 'mlp_dim_01': 256, 'hidden_channels': 112, 'num_layers': 1, 'num_timesteps': 2, 'dropout': 0.19636939491240038, 'train_learning_rate': 0.00824287439180876, 'train_lr_reduce': 0.6}. Best is trial 130 with value: 0.0812772810459137.
[I 2024-12-16 00:11:23,719] Trial 1511 finished with value: 0.11486665159463882 and parameters: {'mlp_n_layers': 2, 'mlp_dim_00': 32, 'mlp_dim_01': 176, 'hidden_channels': 32, 'num_layers': 3, 'num_timesteps': 4, 'dropout': 0.07185317002884575, 'train_learning_rate': 0.0048827024947615694, 'train_lr_reduce': 0.6}. Best is trial 130 with value: 0.0812772810459137.
