[I 2024-12-20 00:10:27,868] Trial 662 finished with value: 0.42931169271469116 and parameters: {'mlp_n_layers': 4, 'mlp_dim_00': 219, 'mlp_dim_01': 347, 'mlp_dim_02': 301, 'mlp_dim_03': 375, 'node_hidden_dim': 53, 'edge_hidden_dim': 92, 'depth': 1, 'rep_dropout': 0.047846008981068076, 'train_learning_rate': 0.0019432847230167927, 'train_lr_reduce': 0.6}. Best is trial 558 with value: 0.30280801653862.
[I 2024-12-20 00:10:30,228] Trial 664 finished with value: 0.4151327908039093 and parameters: {'mlp_n_layers': 4, 'mlp_dim_00': 456, 'mlp_dim_01': 403, 'mlp_dim_02': 313, 'mlp_dim_03': 464, 'node_hidden_dim': 126, 'edge_hidden_dim': 68, 'depth': 1, 'rep_dropout': 0.0004204298380448418, 'train_learning_rate': 0.003972894231109451, 'train_lr_reduce': 0.6}. Best is trial 558 with value: 0.30280801653862.
[I 2024-12-20 00:10:31,527] Trial 667 finished with value: 1.295231819152832 and parameters: {'mlp_n_layers': 3, 'mlp_dim_00': 434, 'mlp_dim_01': 438, 'mlp_dim_02': 307, 'node_hidden_dim': 122, 'edge_hidden_dim': 40, 'depth': 1, 'rep_dropout': 0.052572762580764223, 'train_learning_rate': 0.0028310832762224415, 'train_lr_reduce': 0.6}. Best is trial 558 with value: 0.30280801653862.
[I 2024-12-20 00:10:34,255] Trial 668 finished with value: 1.5276035070419312 and parameters: {'mlp_n_layers': 2, 'mlp_dim_00': 420, 'mlp_dim_01': 311, 'node_hidden_dim': 85, 'edge_hidden_dim': 58, 'depth': 1, 'rep_dropout': 0.0005408079361589532, 'train_learning_rate': 0.0008604602307792453, 'train_lr_reduce': 0.6}. Best is trial 558 with value: 0.30280801653862.
[I 2024-12-20 00:10:39,546] Trial 670 finished with value: 1.5714187622070312 and parameters: {'mlp_n_layers': 4, 'mlp_dim_00': 199, 'mlp_dim_01': 320, 'mlp_dim_02': 307, 'mlp_dim_03': 431, 'node_hidden_dim': 107, 'edge_hidden_dim': 104, 'depth': 1, 'rep_dropout': 0.137204865332204, 'train_learning_rate': 0.000129630649835781, 'train_lr_reduce': 0.6}. Best is trial 558 with value: 0.30280801653862.
[I 2024-12-20 00:10:43,124] Trial 671 finished with value: 1.5167412757873535 and parameters: {'mlp_n_layers': 4, 'mlp_dim_00': 407, 'mlp_dim_01': 415, 'mlp_dim_02': 399, 'mlp_dim_03': 398, 'node_hidden_dim': 109, 'edge_hidden_dim': 39, 'depth': 1, 'rep_dropout': 0.02736773261563364, 'train_learning_rate': 0.0010194099552256314, 'train_lr_reduce': 0.6}. Best is trial 558 with value: 0.30280801653862.
[I 2024-12-20 00:10:43,265] Trial 666 finished with value: 0.3620794415473938 and parameters: {'mlp_n_layers': 4, 'mlp_dim_00': 363, 'mlp_dim_01': 379, 'mlp_dim_02': 366, 'mlp_dim_03': 347, 'node_hidden_dim': 101, 'edge_hidden_dim': 51, 'depth': 1, 'rep_dropout': 0.03854291000005086, 'train_learning_rate': 0.0008228498688581466, 'train_lr_reduce': 0.6}. Best is trial 558 with value: 0.30280801653862.
[I 2024-12-20 00:10:46,521] Trial 672 finished with value: 1.4790420532226562 and parameters: {'mlp_n_layers': 4, 'mlp_dim_00': 481, 'mlp_dim_01': 347, 'mlp_dim_02': 349, 'mlp_dim_03': 329, 'node_hidden_dim': 85, 'edge_hidden_dim': 60, 'depth': 1, 'rep_dropout': 0.0022335626456099975, 'train_learning_rate': 0.0017762108565681993, 'train_lr_reduce': 0.6}. Best is trial 558 with value: 0.30280801653862.
[I 2024-12-20 00:10:46,753] Trial 673 finished with value: 1.5119765996932983 and parameters: {'mlp_n_layers': 4, 'mlp_dim_00': 309, 'mlp_dim_01': 459, 'mlp_dim_02': 304, 'mlp_dim_03': 472, 'node_hidden_dim': 123, 'edge_hidden_dim': 63, 'depth': 1, 'rep_dropout': 0.002051784357551761, 'train_learning_rate': 0.0010669266267701984, 'train_lr_reduce': 0.6}. Best is trial 558 with value: 0.30280801653862.
[I 2024-12-20 00:10:48,521] Trial 669 finished with value: 0.38060301542282104 and parameters: {'mlp_n_layers': 3, 'mlp_dim_00': 313, 'mlp_dim_01': 380, 'mlp_dim_02': 364, 'node_hidden_dim': 102, 'edge_hidden_dim': 50, 'depth': 1, 'rep_dropout': 0.02918139687699786, 'train_learning_rate': 0.0007274586437503369, 'train_lr_reduce': 0.6}. Best is trial 558 with value: 0.30280801653862.
[I 2024-12-20 00:10:49,836] Trial 674 finished with value: 1.5498813390731812 and parameters: {'mlp_n_layers': 4, 'mlp_dim_00': 106, 'mlp_dim_01': 375, 'mlp_dim_02': 349, 'mlp_dim_03': 408, 'node_hidden_dim': 65, 'edge_hidden_dim': 40, 'depth': 1, 'rep_dropout': 0.07011410091264594, 'train_learning_rate': 0.0011233910150284545, 'train_lr_reduce': 0.6}. Best is trial 558 with value: 0.30280801653862.
[I 2024-12-20 00:10:49,894] Trial 675 finished with value: 1.496203064918518 and parameters: {'mlp_n_layers': 4, 'mlp_dim_00': 107, 'mlp_dim_01': 307, 'mlp_dim_02': 378, 'mlp_dim_03': 326, 'node_hidden_dim': 79, 'edge_hidden_dim': 41, 'depth': 1, 'rep_dropout': 0.013037420761663686, 'train_learning_rate': 0.0021213642417137408, 'train_lr_reduce': 0.6}. Best is trial 558 with value: 0.30280801653862.
[I 2024-12-20 00:10:51,650] Trial 676 finished with value: 1.5662273168563843 and parameters: {'mlp_n_layers': 4, 'mlp_dim_00': 496, 'mlp_dim_01': 411, 'mlp_dim_02': 293, 'mlp_dim_03': 464, 'node_hidden_dim': 119, 'edge_hidden_dim': 56, 'depth': 1, 'rep_dropout': 0.022216385877252602, 'train_learning_rate': 0.0006150900261580817, 'train_lr_reduce': 0.6}. Best is trial 558 with value: 0.30280801653862.
[I 2024-12-20 00:10:53,694] Trial 677 finished with value: 1.2925101518630981 and parameters: {'mlp_n_layers': 3, 'mlp_dim_00': 252, 'mlp_dim_01': 347, 'mlp_dim_02': 338, 'node_hidden_dim': 78, 'edge_hidden_dim': 123, 'depth': 4, 'rep_dropout': 0.04197004181022089, 'train_learning_rate': 0.00396052641546072, 'train_lr_reduce': 0.6}. Best is trial 558 with value: 0.30280801653862.
[I 2024-12-20 00:10:55,393] Trial 679 finished with value: 1.3514485359191895 and parameters: {'mlp_n_layers': 3, 'mlp_dim_00': 368, 'mlp_dim_01': 312, 'mlp_dim_02': 437, 'node_hidden_dim': 64, 'edge_hidden_dim': 122, 'depth': 3, 'rep_dropout': 0.14820434070213756, 'train_learning_rate': 0.0016919202272412102, 'train_lr_reduce': 0.6}. Best is trial 558 with value: 0.30280801653862.
[I 2024-12-20 00:10:59,117] Trial 681 finished with value: 1.3066641092300415 and parameters: {'mlp_n_layers': 4, 'mlp_dim_00': 461, 'mlp_dim_01': 352, 'mlp_dim_02': 356, 'mlp_dim_03': 359, 'node_hidden_dim': 122, 'edge_hidden_dim': 73, 'depth': 2, 'rep_dropout': 0.0809613601483115, 'train_learning_rate': 0.0042344067137167225, 'train_lr_reduce': 0.6}. Best is trial 558 with value: 0.30280801653862.
[I 2024-12-20 00:11:00,241] Trial 678 finished with value: 0.3559921383857727 and parameters: {'mlp_n_layers': 4, 'mlp_dim_00': 181, 'mlp_dim_01': 380, 'mlp_dim_02': 138, 'mlp_dim_03': 415, 'node_hidden_dim': 71, 'edge_hidden_dim': 53, 'depth': 1, 'rep_dropout': 0.021312848857564497, 'train_learning_rate': 0.0015952111826671785, 'train_lr_reduce': 0.6}. Best is trial 558 with value: 0.30280801653862.
[I 2024-12-20 00:11:04,246] Trial 683 finished with value: 1.3046526908874512 and parameters: {'mlp_n_layers': 4, 'mlp_dim_00': 412, 'mlp_dim_01': 349, 'mlp_dim_02': 168, 'mlp_dim_03': 467, 'node_hidden_dim': 100, 'edge_hidden_dim': 50, 'depth': 1, 'rep_dropout': 0.06932644938478981, 'train_learning_rate': 0.0031564904504962437, 'train_lr_reduce': 0.6}. Best is trial 558 with value: 0.30280801653862.
[I 2024-12-20 00:11:09,094] Trial 684 finished with value: 1.585367202758789 and parameters: {'mlp_n_layers': 3, 'mlp_dim_00': 505, 'mlp_dim_01': 431, 'mlp_dim_02': 297, 'node_hidden_dim': 67, 'edge_hidden_dim': 51, 'depth': 3, 'rep_dropout': 0.14819658188739665, 'train_learning_rate': 0.00011581255714458105, 'train_lr_reduce': 0.6}. Best is trial 558 with value: 0.30280801653862.
[I 2024-12-20 00:11:13,390] Trial 680 finished with value: 0.3720416724681854 and parameters: {'mlp_n_layers': 3, 'mlp_dim_00': 301, 'mlp_dim_01': 469, 'mlp_dim_02': 296, 'node_hidden_dim': 123, 'edge_hidden_dim': 32, 'depth': 1, 'rep_dropout': 0.0007823226874217951, 'train_learning_rate': 0.00199128526704004, 'train_lr_reduce': 0.6}. Best is trial 558 with value: 0.30280801653862.
[I 2024-12-20 00:11:13,790] Trial 682 finished with value: 0.39621591567993164 and parameters: {'mlp_n_layers': 4, 'mlp_dim_00': 230, 'mlp_dim_01': 410, 'mlp_dim_02': 398, 'mlp_dim_03': 314, 'node_hidden_dim': 95, 'edge_hidden_dim': 46, 'depth': 1, 'rep_dropout': 0.029721002881505115, 'train_learning_rate': 0.0027666835260907446, 'train_lr_reduce': 0.6}. Best is trial 558 with value: 0.30280801653862.
[I 2024-12-20 00:11:19,445] Trial 686 finished with value: 1.5629122257232666 and parameters: {'mlp_n_layers': 4, 'mlp_dim_00': 292, 'mlp_dim_01': 374, 'mlp_dim_02': 338, 'mlp_dim_03': 317, 'node_hidden_dim': 125, 'edge_hidden_dim': 36, 'depth': 2, 'rep_dropout': 0.019154504633281673, 'train_learning_rate': 0.0012511264395725272, 'train_lr_reduce': 0.6}. Best is trial 558 with value: 0.30280801653862.
[I 2024-12-20 00:11:22,452] Trial 687 finished with value: 1.295270562171936 and parameters: {'mlp_n_layers': 4, 'mlp_dim_00': 251, 'mlp_dim_01': 392, 'mlp_dim_02': 483, 'mlp_dim_03': 420, 'node_hidden_dim': 68, 'edge_hidden_dim': 60, 'depth': 1, 'rep_dropout': 0.01758937008922129, 'train_learning_rate': 0.0030462890019646327, 'train_lr_reduce': 0.6}. Best is trial 558 with value: 0.30280801653862.
[I 2024-12-20 00:11:23,263] Trial 685 finished with value: 0.4905122220516205 and parameters: {'mlp_n_layers': 4, 'mlp_dim_00': 387, 'mlp_dim_01': 302, 'mlp_dim_02': 346, 'mlp_dim_03': 398, 'node_hidden_dim': 112, 'edge_hidden_dim': 51, 'depth': 1, 'rep_dropout': 0.036314011573770885, 'train_learning_rate': 0.0028818219050501573, 'train_lr_reduce': 0.6}. Best is trial 558 with value: 0.30280801653862.
[I 2024-12-20 00:11:23,366] Trial 688 finished with value: 1.5292094945907593 and parameters: {'mlp_n_layers': 4, 'mlp_dim_00': 322, 'mlp_dim_01': 313, 'mlp_dim_02': 393, 'mlp_dim_03': 506, 'node_hidden_dim': 127, 'edge_hidden_dim': 34, 'depth': 1, 'rep_dropout': 0.03256195278341174, 'train_learning_rate': 0.0010450796764614903, 'train_lr_reduce': 0.6}. Best is trial 558 with value: 0.30280801653862.
[I 2024-12-20 00:11:38,588] Trial 690 finished with value: 0.45441368222236633 and parameters: {'mlp_n_layers': 4, 'mlp_dim_00': 184, 'mlp_dim_01': 349, 'mlp_dim_02': 176, 'mlp_dim_03': 443, 'node_hidden_dim': 75, 'edge_hidden_dim': 48, 'depth': 1, 'rep_dropout': 0.017800332597570866, 'train_learning_rate': 0.0044922475398703155, 'train_lr_reduce': 0.6}. Best is trial 558 with value: 0.30280801653862.
[I 2024-12-20 00:11:42,328] Trial 689 finished with value: 0.41588735580444336 and parameters: {'mlp_n_layers': 4, 'mlp_dim_00': 432, 'mlp_dim_01': 462, 'mlp_dim_02': 290, 'mlp_dim_03': 370, 'node_hidden_dim': 111, 'edge_hidden_dim': 68, 'depth': 1, 'rep_dropout': 0.04069921988802255, 'train_learning_rate': 0.0006738019709455027, 'train_lr_reduce': 0.6}. Best is trial 558 with value: 0.30280801653862.
[I 2024-12-20 00:11:44,345] Trial 691 finished with value: 0.3738306164741516 and parameters: {'mlp_n_layers': 4, 'mlp_dim_00': 323, 'mlp_dim_01': 404, 'mlp_dim_02': 349, 'mlp_dim_03': 304, 'node_hidden_dim': 112, 'edge_hidden_dim': 52, 'depth': 1, 'rep_dropout': 0.0021618411907196166, 'train_learning_rate': 0.0016879462725662851, 'train_lr_reduce': 0.6}. Best is trial 558 with value: 0.30280801653862.
[I 2024-12-20 00:11:48,212] Trial 694 finished with value: 1.4877591133117676 and parameters: {'mlp_n_layers': 1, 'mlp_dim_00': 453, 'node_hidden_dim': 36, 'edge_hidden_dim': 37, 'depth': 4, 'rep_dropout': 0.022248942778119375, 'train_learning_rate': 0.0009510267710556674, 'train_lr_reduce': 0.6}. Best is trial 558 with value: 0.30280801653862.
[I 2024-12-20 00:11:54,068] Trial 695 finished with value: 1.1263234615325928 and parameters: {'mlp_n_layers': 4, 'mlp_dim_00': 304, 'mlp_dim_01': 432, 'mlp_dim_02': 288, 'mlp_dim_03': 455, 'node_hidden_dim': 122, 'edge_hidden_dim': 58, 'depth': 1, 'rep_dropout': 0.008061688047951114, 'train_learning_rate': 0.0027929844417364383, 'train_lr_reduce': 0.6}. Best is trial 558 with value: 0.30280801653862.
[I 2024-12-20 00:11:58,793] Trial 696 finished with value: 1.4064186811447144 and parameters: {'mlp_n_layers': 4, 'mlp_dim_00': 510, 'mlp_dim_01': 382, 'mlp_dim_02': 338, 'mlp_dim_03': 327, 'node_hidden_dim': 122, 'edge_hidden_dim': 58, 'depth': 1, 'rep_dropout': 0.03708244493935935, 'train_learning_rate': 0.009563470446225618, 'train_lr_reduce': 0.6}. Best is trial 558 with value: 0.30280801653862.
[I 2024-12-20 00:11:59,970] Trial 693 finished with value: 0.31760841608047485 and parameters: {'mlp_n_layers': 4, 'mlp_dim_00': 397, 'mlp_dim_01': 352, 'mlp_dim_02': 381, 'mlp_dim_03': 386, 'node_hidden_dim': 97, 'edge_hidden_dim': 47, 'depth': 1, 'rep_dropout': 0.006874457171257815, 'train_learning_rate': 0.0019327363488843953, 'train_lr_reduce': 0.6}. Best is trial 558 with value: 0.30280801653862.
[I 2024-12-20 00:12:05,005] Trial 698 finished with value: 1.332753300666809 and parameters: {'mlp_n_layers': 4, 'mlp_dim_00': 421, 'mlp_dim_01': 337, 'mlp_dim_02': 435, 'mlp_dim_03': 407, 'node_hidden_dim': 94, 'edge_hidden_dim': 58, 'depth': 2, 'rep_dropout': 0.054344706922784994, 'train_learning_rate': 0.007002586293043901, 'train_lr_reduce': 0.6}. Best is trial 558 with value: 0.30280801653862.
[I 2024-12-20 00:12:10,167] Trial 699 finished with value: 1.5250777006149292 and parameters: {'mlp_n_layers': 4, 'mlp_dim_00': 443, 'mlp_dim_01': 335, 'mlp_dim_02': 408, 'mlp_dim_03': 370, 'node_hidden_dim': 109, 'edge_hidden_dim': 37, 'depth': 1, 'rep_dropout': 0.019090256901399025, 'train_learning_rate': 0.0011948306686927412, 'train_lr_reduce': 0.6}. Best is trial 558 with value: 0.30280801653862.
[I 2024-12-20 00:12:14,147] Trial 692 finished with value: 0.40024518966674805 and parameters: {'mlp_n_layers': 3, 'mlp_dim_00': 403, 'mlp_dim_01': 305, 'mlp_dim_02': 305, 'node_hidden_dim': 127, 'edge_hidden_dim': 36, 'depth': 1, 'rep_dropout': 0.03466609548903664, 'train_learning_rate': 0.000991661847852422, 'train_lr_reduce': 0.6}. Best is trial 558 with value: 0.30280801653862.
[I 2024-12-20 00:12:18,688] Trial 701 finished with value: 1.3306081295013428 and parameters: {'mlp_n_layers': 3, 'mlp_dim_00': 475, 'mlp_dim_01': 299, 'mlp_dim_02': 397, 'node_hidden_dim': 105, 'edge_hidden_dim': 42, 'depth': 2, 'rep_dropout': 0.04122427331393518, 'train_learning_rate': 0.003126789339372386, 'train_lr_reduce': 0.6}. Best is trial 558 with value: 0.30280801653862.
[I 2024-12-20 00:12:19,776] Trial 697 finished with value: 0.3497175872325897 and parameters: {'mlp_n_layers': 3, 'mlp_dim_00': 424, 'mlp_dim_01': 488, 'mlp_dim_02': 166, 'node_hidden_dim': 111, 'edge_hidden_dim': 71, 'depth': 1, 'rep_dropout': 0.015929320523385727, 'train_learning_rate': 0.001795921214317974, 'train_lr_reduce': 0.6}. Best is trial 558 with value: 0.30280801653862.
[I 2024-12-20 00:12:23,041] Trial 702 finished with value: 1.5796676874160767 and parameters: {'mlp_n_layers': 2, 'mlp_dim_00': 429, 'mlp_dim_01': 359, 'node_hidden_dim': 53, 'edge_hidden_dim': 52, 'depth': 1, 'rep_dropout': 0.147097523516473, 'train_learning_rate': 0.00014369277710584704, 'train_lr_reduce': 0.6}. Best is trial 558 with value: 0.30280801653862.
[I 2024-12-20 00:12:26,988] Trial 700 finished with value: 0.3356301188468933 and parameters: {'mlp_n_layers': 4, 'mlp_dim_00': 350, 'mlp_dim_01': 346, 'mlp_dim_02': 405, 'mlp_dim_03': 379, 'node_hidden_dim': 97, 'edge_hidden_dim': 71, 'depth': 1, 'rep_dropout': 0.007410327284889235, 'train_learning_rate': 0.0024866990957379135, 'train_lr_reduce': 0.6}. Best is trial 558 with value: 0.30280801653862.
[I 2024-12-20 00:12:35,727] Trial 703 finished with value: 0.3101596236228943 and parameters: {'mlp_n_layers': 4, 'mlp_dim_00': 131, 'mlp_dim_01': 333, 'mlp_dim_02': 392, 'mlp_dim_03': 389, 'node_hidden_dim': 124, 'edge_hidden_dim': 47, 'depth': 1, 'rep_dropout': 0.01409087692244616, 'train_learning_rate': 0.0013802693101569224, 'train_lr_reduce': 0.6}. Best is trial 558 with value: 0.30280801653862.
[I 2024-12-20 00:12:38,740] Trial 704 finished with value: 0.4227203130722046 and parameters: {'mlp_n_layers': 4, 'mlp_dim_00': 495, 'mlp_dim_01': 364, 'mlp_dim_02': 369, 'mlp_dim_03': 407, 'node_hidden_dim': 110, 'edge_hidden_dim': 42, 'depth': 1, 'rep_dropout': 0.0051891829529029584, 'train_learning_rate': 0.0018911106436729885, 'train_lr_reduce': 0.6}. Best is trial 558 with value: 0.30280801653862.
[I 2024-12-20 00:12:39,218] Trial 706 finished with value: 1.3648937940597534 and parameters: {'mlp_n_layers': 1, 'mlp_dim_00': 150, 'node_hidden_dim': 85, 'edge_hidden_dim': 64, 'depth': 2, 'rep_dropout': 0.008496721666714613, 'train_learning_rate': 0.006233630319630586, 'train_lr_reduce': 0.6}. Best is trial 558 with value: 0.30280801653862.
[I 2024-12-20 00:12:42,674] Trial 707 finished with value: 1.5559172630310059 and parameters: {'mlp_n_layers': 4, 'mlp_dim_00': 76, 'mlp_dim_01': 367, 'mlp_dim_02': 455, 'mlp_dim_03': 364, 'node_hidden_dim': 127, 'edge_hidden_dim': 70, 'depth': 2, 'rep_dropout': 0.02201086012081692, 'train_learning_rate': 0.0015887374938477513, 'train_lr_reduce': 0.6}. Best is trial 558 with value: 0.30280801653862.
[I 2024-12-20 00:12:42,906] Trial 708 finished with value: 1.566327691078186 and parameters: {'mlp_n_layers': 4, 'mlp_dim_00': 92, 'mlp_dim_01': 353, 'mlp_dim_02': 445, 'mlp_dim_03': 367, 'node_hidden_dim': 126, 'edge_hidden_dim': 34, 'depth': 1, 'rep_dropout': 0.011201218604438245, 'train_learning_rate': 0.00038531525374888373, 'train_lr_reduce': 0.6}. Best is trial 558 with value: 0.30280801653862.
[I 2024-12-20 00:12:43,615] Trial 705 finished with value: 0.3690308928489685 and parameters: {'mlp_n_layers': 4, 'mlp_dim_00': 372, 'mlp_dim_01': 374, 'mlp_dim_02': 405, 'mlp_dim_03': 376, 'node_hidden_dim': 97, 'edge_hidden_dim': 60, 'depth': 1, 'rep_dropout': 0.008439317658151842, 'train_learning_rate': 0.0017296791928691326, 'train_lr_reduce': 0.6}. Best is trial 558 with value: 0.30280801653862.
[I 2024-12-20 00:12:46,798] Trial 710 finished with value: 1.540808916091919 and parameters: {'mlp_n_layers': 2, 'mlp_dim_00': 461, 'mlp_dim_01': 300, 'node_hidden_dim': 70, 'edge_hidden_dim': 64, 'depth': 1, 'rep_dropout': 0.006530537460939012, 'train_learning_rate': 0.00010020433354726504, 'train_lr_reduce': 0.6}. Best is trial 558 with value: 0.30280801653862.
[I 2024-12-20 00:12:46,822] Trial 711 finished with value: 1.555269718170166 and parameters: {'mlp_n_layers': 4, 'mlp_dim_00': 105, 'mlp_dim_01': 344, 'mlp_dim_02': 416, 'mlp_dim_03': 367, 'node_hidden_dim': 118, 'edge_hidden_dim': 61, 'depth': 1, 'rep_dropout': 0.024041125620010734, 'train_learning_rate': 0.0007385216368053694, 'train_lr_reduce': 0.6}. Best is trial 558 with value: 0.30280801653862.
[I 2024-12-20 00:13:02,703] Trial 709 finished with value: 0.3805856704711914 and parameters: {'mlp_n_layers': 4, 'mlp_dim_00': 135, 'mlp_dim_01': 376, 'mlp_dim_02': 430, 'mlp_dim_03': 372, 'node_hidden_dim': 112, 'edge_hidden_dim': 35, 'depth': 1, 'rep_dropout': 0.04027728971735571, 'train_learning_rate': 0.0012809558467912917, 'train_lr_reduce': 0.6}. Best is trial 558 with value: 0.30280801653862.
[I 2024-12-20 00:13:07,192] Trial 713 finished with value: 0.3512674570083618 and parameters: {'mlp_n_layers': 3, 'mlp_dim_00': 167, 'mlp_dim_01': 386, 'mlp_dim_02': 462, 'node_hidden_dim': 116, 'edge_hidden_dim': 62, 'depth': 1, 'rep_dropout': 0.036080672682411254, 'train_learning_rate': 0.001246464846589513, 'train_lr_reduce': 0.6}. Best is trial 558 with value: 0.30280801653862.
[I 2024-12-20 00:13:07,496] Trial 712 finished with value: 0.4281526505947113 and parameters: {'mlp_n_layers': 4, 'mlp_dim_00': 135, 'mlp_dim_01': 378, 'mlp_dim_02': 455, 'mlp_dim_03': 363, 'node_hidden_dim': 116, 'edge_hidden_dim': 43, 'depth': 1, 'rep_dropout': 0.05133921027464035, 'train_learning_rate': 0.005561322674583052, 'train_lr_reduce': 0.6}. Best is trial 558 with value: 0.30280801653862.
[I 2024-12-20 00:13:12,536] Trial 715 finished with value: 1.5652345418930054 and parameters: {'mlp_n_layers': 4, 'mlp_dim_00': 130, 'mlp_dim_01': 302, 'mlp_dim_02': 189, 'mlp_dim_03': 343, 'node_hidden_dim': 64, 'edge_hidden_dim': 116, 'depth': 3, 'rep_dropout': 0.12739016929196142, 'train_learning_rate': 0.0003543547298948838, 'train_lr_reduce': 0.6}. Best is trial 558 with value: 0.30280801653862.
[I 2024-12-20 00:13:12,565] Trial 716 finished with value: 1.5400065183639526 and parameters: {'mlp_n_layers': 3, 'mlp_dim_00': 104, 'mlp_dim_01': 381, 'mlp_dim_02': 421, 'node_hidden_dim': 123, 'edge_hidden_dim': 56, 'depth': 1, 'rep_dropout': 0.0058916657746916345, 'train_learning_rate': 0.0007787071769193913, 'train_lr_reduce': 0.6}. Best is trial 558 with value: 0.30280801653862.
[I 2024-12-20 00:13:14,950] Trial 714 finished with value: 0.44987815618515015 and parameters: {'mlp_n_layers': 4, 'mlp_dim_00': 144, 'mlp_dim_01': 329, 'mlp_dim_02': 398, 'mlp_dim_03': 394, 'node_hidden_dim': 126, 'edge_hidden_dim': 46, 'depth': 1, 'rep_dropout': 0.0077554185523723935, 'train_learning_rate': 0.0020652089427669906, 'train_lr_reduce': 0.6}. Best is trial 558 with value: 0.30280801653862.
[I 2024-12-20 00:13:16,265] Trial 718 finished with value: 1.5117219686508179 and parameters: {'mlp_n_layers': 4, 'mlp_dim_00': 407, 'mlp_dim_01': 344, 'mlp_dim_02': 412, 'mlp_dim_03': 345, 'node_hidden_dim': 89, 'edge_hidden_dim': 57, 'depth': 1, 'rep_dropout': 0.02208432029727549, 'train_learning_rate': 0.00132463155003022, 'train_lr_reduce': 0.6}. Best is trial 558 with value: 0.30280801653862.
[I 2024-12-20 00:13:18,876] Trial 719 finished with value: 1.4639924764633179 and parameters: {'mlp_n_layers': 4, 'mlp_dim_00': 402, 'mlp_dim_01': 397, 'mlp_dim_02': 131, 'mlp_dim_03': 399, 'node_hidden_dim': 128, 'edge_hidden_dim': 61, 'depth': 2, 'rep_dropout': 0.03400510774595358, 'train_learning_rate': 0.0019801138484813853, 'train_lr_reduce': 0.6}. Best is trial 558 with value: 0.30280801653862.
