[I 2024-12-15 16:33:27,155] Trial 1436 finished with value: 0.15787212550640106 and parameters: {'mlp_n_layers': 3, 'mlp_dim_00': 64, 'mlp_dim_01': 176, 'mlp_dim_02': 208, 'hidden_channels': 144, 'num_layers': 1, 'num_timesteps': 3, 'dropout': 0.02313387944559047, 'train_learning_rate': 0.007386977340898919, 'train_lr_reduce': 0.6}. Best is trial 632 with value: 0.13978464901447296.
[I 2024-12-15 16:33:31,349] Trial 1438 finished with value: 0.14252564311027527 and parameters: {'mlp_n_layers': 4, 'mlp_dim_00': 96, 'mlp_dim_01': 128, 'mlp_dim_02': 208, 'mlp_dim_03': 192, 'hidden_channels': 256, 'num_layers': 1, 'num_timesteps': 4, 'dropout': 0.0668078813677811, 'train_learning_rate': 0.00764291683655638, 'train_lr_reduce': 0.6}. Best is trial 632 with value: 0.13978464901447296.
[I 2024-12-15 16:33:31,516] Trial 1437 finished with value: 0.1636079102754593 and parameters: {'mlp_n_layers': 4, 'mlp_dim_00': 128, 'mlp_dim_01': 240, 'mlp_dim_02': 240, 'mlp_dim_03': 144, 'hidden_channels': 256, 'num_layers': 1, 'num_timesteps': 3, 'dropout': 0.006433509675282026, 'train_learning_rate': 0.002156347536503281, 'train_lr_reduce': 0.6}. Best is trial 632 with value: 0.13978464901447296.
[I 2024-12-15 16:33:36,526] Trial 1439 finished with value: 0.17587296664714813 and parameters: {'mlp_n_layers': 3, 'mlp_dim_00': 144, 'mlp_dim_01': 256, 'mlp_dim_02': 256, 'hidden_channels': 208, 'num_layers': 1, 'num_timesteps': 3, 'dropout': 0.05564037525485176, 'train_learning_rate': 0.00158252863666086, 'train_lr_reduce': 0.6}. Best is trial 632 with value: 0.13978464901447296.
[I 2024-12-15 16:33:40,498] Trial 1440 finished with value: 0.20689161121845245 and parameters: {'mlp_n_layers': 4, 'mlp_dim_00': 176, 'mlp_dim_01': 144, 'mlp_dim_02': 208, 'mlp_dim_03': 240, 'hidden_channels': 80, 'num_layers': 3, 'num_timesteps': 4, 'dropout': 0.1825400641781433, 'train_learning_rate': 0.0023358353605382634, 'train_lr_reduce': 0.6}. Best is trial 632 with value: 0.13978464901447296.
[I 2024-12-15 16:33:41,791] Trial 1441 finished with value: 0.23472945392131805 and parameters: {'mlp_n_layers': 2, 'mlp_dim_00': 240, 'mlp_dim_01': 208, 'hidden_channels': 144, 'num_layers': 3, 'num_timesteps': 4, 'dropout': 0.15901845844114915, 'train_learning_rate': 0.0010001287997635157, 'train_lr_reduce': 0.6}. Best is trial 632 with value: 0.13978464901447296.
[I 2024-12-15 16:33:43,666] Trial 1442 finished with value: 0.21445578336715698 and parameters: {'mlp_n_layers': 4, 'mlp_dim_00': 144, 'mlp_dim_01': 128, 'mlp_dim_02': 208, 'mlp_dim_03': 224, 'hidden_channels': 192, 'num_layers': 1, 'num_timesteps': 4, 'dropout': 0.0049030505908631596, 'train_learning_rate': 0.009582426098085987, 'train_lr_reduce': 0.6}. Best is trial 632 with value: 0.13978464901447296.
[I 2024-12-15 16:33:43,950] Trial 1443 finished with value: 0.9958199262619019 and parameters: {'mlp_n_layers': 4, 'mlp_dim_00': 80, 'mlp_dim_01': 96, 'mlp_dim_02': 208, 'mlp_dim_03': 208, 'hidden_channels': 224, 'num_layers': 1, 'num_timesteps': 4, 'dropout': 0.08181055641364603, 'train_learning_rate': 0.006065561444215181, 'train_lr_reduce': 0.6}. Best is trial 632 with value: 0.13978464901447296.
[I 2024-12-15 16:33:52,505] Trial 1445 finished with value: 0.18846258521080017 and parameters: {'mlp_n_layers': 3, 'mlp_dim_00': 80, 'mlp_dim_01': 160, 'mlp_dim_02': 208, 'hidden_channels': 256, 'num_layers': 2, 'num_timesteps': 4, 'dropout': 0.050887975217541584, 'train_learning_rate': 0.005898323594409806, 'train_lr_reduce': 0.6}. Best is trial 632 with value: 0.13978464901447296.
[I 2024-12-15 16:33:52,714] Trial 1446 finished with value: 0.1833779662847519 and parameters: {'mlp_n_layers': 3, 'mlp_dim_00': 32, 'mlp_dim_01': 144, 'mlp_dim_02': 208, 'hidden_channels': 112, 'num_layers': 1, 'num_timesteps': 3, 'dropout': 0.029932112586470286, 'train_learning_rate': 0.004014879699372527, 'train_lr_reduce': 0.6}. Best is trial 632 with value: 0.13978464901447296.
[I 2024-12-15 16:33:53,562] Trial 1444 finished with value: 0.19273574650287628 and parameters: {'mlp_n_layers': 3, 'mlp_dim_00': 208, 'mlp_dim_01': 192, 'mlp_dim_02': 208, 'hidden_channels': 208, 'num_layers': 2, 'num_timesteps': 3, 'dropout': 0.11555558089241195, 'train_learning_rate': 0.002442490708155178, 'train_lr_reduce': 0.6}. Best is trial 632 with value: 0.13978464901447296.
[I 2024-12-15 16:34:00,550] Trial 1448 finished with value: 0.21662193536758423 and parameters: {'mlp_n_layers': 4, 'mlp_dim_00': 80, 'mlp_dim_01': 128, 'mlp_dim_02': 240, 'mlp_dim_03': 208, 'hidden_channels': 256, 'num_layers': 1, 'num_timesteps': 4, 'dropout': 0.07758284033100647, 'train_learning_rate': 0.0041370308979647745, 'train_lr_reduce': 0.6}. Best is trial 632 with value: 0.13978464901447296.
[I 2024-12-15 16:34:02,228] Trial 1447 finished with value: 0.18023419380187988 and parameters: {'mlp_n_layers': 4, 'mlp_dim_00': 64, 'mlp_dim_01': 176, 'mlp_dim_02': 256, 'mlp_dim_03': 224, 'hidden_channels': 192, 'num_layers': 1, 'num_timesteps': 3, 'dropout': 0.008611399169642028, 'train_learning_rate': 0.0025105221440838905, 'train_lr_reduce': 0.6}. Best is trial 632 with value: 0.13978464901447296.
[I 2024-12-15 16:34:03,889] Trial 1449 finished with value: 0.21640200912952423 and parameters: {'mlp_n_layers': 4, 'mlp_dim_00': 144, 'mlp_dim_01': 96, 'mlp_dim_02': 208, 'mlp_dim_03': 192, 'hidden_channels': 256, 'num_layers': 1, 'num_timesteps': 4, 'dropout': 0.029178242305610315, 'train_learning_rate': 0.005145108114443539, 'train_lr_reduce': 0.6}. Best is trial 632 with value: 0.13978464901447296.
[I 2024-12-15 16:34:09,146] Trial 1450 finished with value: 0.2043016254901886 and parameters: {'mlp_n_layers': 4, 'mlp_dim_00': 96, 'mlp_dim_01': 128, 'mlp_dim_02': 240, 'mlp_dim_03': 208, 'hidden_channels': 256, 'num_layers': 1, 'num_timesteps': 4, 'dropout': 0.034284475298234036, 'train_learning_rate': 0.009842353155125208, 'train_lr_reduce': 0.6}. Best is trial 632 with value: 0.13978464901447296.
[I 2024-12-15 16:34:10,342] Trial 1451 finished with value: 0.21654601395130157 and parameters: {'mlp_n_layers': 3, 'mlp_dim_00': 112, 'mlp_dim_01': 192, 'mlp_dim_02': 208, 'hidden_channels': 128, 'num_layers': 1, 'num_timesteps': 4, 'dropout': 0.006639549436843969, 'train_learning_rate': 0.006504520323872431, 'train_lr_reduce': 0.6}. Best is trial 632 with value: 0.13978464901447296.
[I 2024-12-15 16:34:17,655] Trial 1453 finished with value: 0.15417630970478058 and parameters: {'mlp_n_layers': 4, 'mlp_dim_00': 80, 'mlp_dim_01': 176, 'mlp_dim_02': 256, 'mlp_dim_03': 192, 'hidden_channels': 256, 'num_layers': 1, 'num_timesteps': 4, 'dropout': 0.04579539917848237, 'train_learning_rate': 0.007189532179267535, 'train_lr_reduce': 0.6}. Best is trial 632 with value: 0.13978464901447296.
[I 2024-12-15 16:34:20,564] Trial 1452 finished with value: 0.18552638590335846 and parameters: {'mlp_n_layers': 4, 'mlp_dim_00': 80, 'mlp_dim_01': 160, 'mlp_dim_02': 240, 'mlp_dim_03': 208, 'hidden_channels': 208, 'num_layers': 1, 'num_timesteps': 4, 'dropout': 0.0020872454950963772, 'train_learning_rate': 0.002565246614821689, 'train_lr_reduce': 0.6}. Best is trial 632 with value: 0.13978464901447296.
[I 2024-12-15 16:34:21,013] Trial 1454 finished with value: 0.16561837494373322 and parameters: {'mlp_n_layers': 3, 'mlp_dim_00': 80, 'mlp_dim_01': 160, 'mlp_dim_02': 208, 'hidden_channels': 240, 'num_layers': 1, 'num_timesteps': 3, 'dropout': 0.09755388065394041, 'train_learning_rate': 0.0034713921107673673, 'train_lr_reduce': 0.6}. Best is trial 632 with value: 0.13978464901447296.
[I 2024-12-15 16:34:27,710] Trial 1455 finished with value: 0.2025815099477768 and parameters: {'mlp_n_layers': 3, 'mlp_dim_00': 256, 'mlp_dim_01': 208, 'mlp_dim_02': 224, 'hidden_channels': 192, 'num_layers': 2, 'num_timesteps': 4, 'dropout': 0.03857953604454816, 'train_learning_rate': 0.001093122311551584, 'train_lr_reduce': 0.6}. Best is trial 632 with value: 0.13978464901447296.
[I 2024-12-15 16:34:28,900] Trial 1457 finished with value: 0.1966109275817871 and parameters: {'mlp_n_layers': 3, 'mlp_dim_00': 112, 'mlp_dim_01': 144, 'mlp_dim_02': 208, 'hidden_channels': 192, 'num_layers': 1, 'num_timesteps': 3, 'dropout': 0.026173244205433294, 'train_learning_rate': 0.002438749569104502, 'train_lr_reduce': 0.6}. Best is trial 632 with value: 0.13978464901447296.
[I 2024-12-15 16:34:31,266] Trial 1456 finished with value: 0.19435520470142365 and parameters: {'mlp_n_layers': 4, 'mlp_dim_00': 96, 'mlp_dim_01': 144, 'mlp_dim_02': 256, 'mlp_dim_03': 192, 'hidden_channels': 256, 'num_layers': 2, 'num_timesteps': 4, 'dropout': 0.1346231319842503, 'train_learning_rate': 0.004692600676052148, 'train_lr_reduce': 0.6}. Best is trial 632 with value: 0.13978464901447296.
[I 2024-12-15 16:34:38,411] Trial 1458 finished with value: 0.2056632936000824 and parameters: {'mlp_n_layers': 4, 'mlp_dim_00': 128, 'mlp_dim_01': 128, 'mlp_dim_02': 224, 'mlp_dim_03': 192, 'hidden_channels': 240, 'num_layers': 1, 'num_timesteps': 3, 'dropout': 0.036686691050313094, 'train_learning_rate': 0.007708473366532801, 'train_lr_reduce': 0.6}. Best is trial 632 with value: 0.13978464901447296.
[I 2024-12-15 16:34:40,526] Trial 1459 finished with value: 0.15077358484268188 and parameters: {'mlp_n_layers': 2, 'mlp_dim_00': 48, 'mlp_dim_01': 128, 'hidden_channels': 144, 'num_layers': 1, 'num_timesteps': 3, 'dropout': 0.02189189910543701, 'train_learning_rate': 0.006473328445339293, 'train_lr_reduce': 0.6}. Best is trial 632 with value: 0.13978464901447296.
[I 2024-12-15 16:34:42,079] Trial 1461 finished with value: 1.5321193933486938 and parameters: {'mlp_n_layers': 4, 'mlp_dim_00': 208, 'mlp_dim_01': 128, 'mlp_dim_02': 208, 'mlp_dim_03': 224, 'hidden_channels': 112, 'num_layers': 3, 'num_timesteps': 4, 'dropout': 0.21545889887345215, 'train_learning_rate': 0.00015052113700995316, 'train_lr_reduce': 0.6}. Best is trial 632 with value: 0.13978464901447296.
[I 2024-12-15 16:34:45,382] Trial 1463 finished with value: 1.0440207719802856 and parameters: {'mlp_n_layers': 3, 'mlp_dim_00': 144, 'mlp_dim_01': 256, 'mlp_dim_02': 208, 'hidden_channels': 192, 'num_layers': 2, 'num_timesteps': 4, 'dropout': 0.033224383085778686, 'train_learning_rate': 0.003128257770850109, 'train_lr_reduce': 0.6}. Best is trial 632 with value: 0.13978464901447296.
[I 2024-12-15 16:34:45,680] Trial 1460 finished with value: 0.20823787152767181 and parameters: {'mlp_n_layers': 3, 'mlp_dim_00': 128, 'mlp_dim_01': 128, 'mlp_dim_02': 240, 'hidden_channels': 208, 'num_layers': 1, 'num_timesteps': 4, 'dropout': 0.17578639300358911, 'train_learning_rate': 0.008861317995465062, 'train_lr_reduce': 0.6}. Best is trial 632 with value: 0.13978464901447296.
[I 2024-12-15 16:34:50,494] Trial 1462 finished with value: 0.19368216395378113 and parameters: {'mlp_n_layers': 2, 'mlp_dim_00': 32, 'mlp_dim_01': 144, 'hidden_channels': 208, 'num_layers': 2, 'num_timesteps': 3, 'dropout': 0.01742178575309622, 'train_learning_rate': 0.004317199945421828, 'train_lr_reduce': 0.6}. Best is trial 632 with value: 0.13978464901447296.
[I 2024-12-15 16:34:51,976] Trial 1464 finished with value: 0.2097548395395279 and parameters: {'mlp_n_layers': 2, 'mlp_dim_00': 112, 'mlp_dim_01': 96, 'hidden_channels': 144, 'num_layers': 2, 'num_timesteps': 3, 'dropout': 0.06132182488554146, 'train_learning_rate': 0.006879632522415718, 'train_lr_reduce': 0.6}. Best is trial 632 with value: 0.13978464901447296.
[I 2024-12-15 16:34:53,121] Trial 1465 finished with value: 0.2148648053407669 and parameters: {'mlp_n_layers': 2, 'mlp_dim_00': 80, 'mlp_dim_01': 96, 'hidden_channels': 144, 'num_layers': 1, 'num_timesteps': 3, 'dropout': 0.017559280515933078, 'train_learning_rate': 0.00929888643938148, 'train_lr_reduce': 0.6}. Best is trial 632 with value: 0.13978464901447296.
[I 2024-12-15 16:34:57,776] Trial 1466 finished with value: 0.213924840092659 and parameters: {'mlp_n_layers': 4, 'mlp_dim_00': 112, 'mlp_dim_01': 112, 'mlp_dim_02': 208, 'mlp_dim_03': 144, 'hidden_channels': 224, 'num_layers': 1, 'num_timesteps': 4, 'dropout': 0.08385998660210064, 'train_learning_rate': 0.00934398408428881, 'train_lr_reduce': 0.6}. Best is trial 632 with value: 0.13978464901447296.
[I 2024-12-15 16:34:58,872] Trial 1468 finished with value: 0.21470826864242554 and parameters: {'mlp_n_layers': 2, 'mlp_dim_00': 64, 'mlp_dim_01': 96, 'hidden_channels': 144, 'num_layers': 1, 'num_timesteps': 2, 'dropout': 0.08366750015740161, 'train_learning_rate': 0.007783564447763764, 'train_lr_reduce': 0.6}. Best is trial 632 with value: 0.13978464901447296.
[I 2024-12-15 16:35:01,933] Trial 1467 finished with value: 0.17043215036392212 and parameters: {'mlp_n_layers': 2, 'mlp_dim_00': 96, 'mlp_dim_01': 160, 'hidden_channels': 112, 'num_layers': 1, 'num_timesteps': 4, 'dropout': 0.023356842958158167, 'train_learning_rate': 0.009042434969007621, 'train_lr_reduce': 0.6}. Best is trial 632 with value: 0.13978464901447296.
[I 2024-12-15 16:35:08,230] Trial 1469 finished with value: 0.21909715235233307 and parameters: {'mlp_n_layers': 2, 'mlp_dim_00': 208, 'mlp_dim_01': 192, 'hidden_channels': 32, 'num_layers': 1, 'num_timesteps': 1, 'dropout': 0.13941291278045742, 'train_learning_rate': 0.0031443514648389938, 'train_lr_reduce': 0.6}. Best is trial 632 with value: 0.13978464901447296.
[I 2024-12-15 16:35:09,405] Trial 1471 finished with value: 0.16680331528186798 and parameters: {'mlp_n_layers': 3, 'mlp_dim_00': 48, 'mlp_dim_01': 112, 'mlp_dim_02': 208, 'hidden_channels': 96, 'num_layers': 1, 'num_timesteps': 2, 'dropout': 0.01229157267634269, 'train_learning_rate': 0.008820515457384166, 'train_lr_reduce': 0.6}. Best is trial 632 with value: 0.13978464901447296.
[I 2024-12-15 16:35:10,297] Trial 1470 finished with value: 0.25267910957336426 and parameters: {'mlp_n_layers': 4, 'mlp_dim_00': 64, 'mlp_dim_01': 32, 'mlp_dim_02': 208, 'mlp_dim_03': 144, 'hidden_channels': 64, 'num_layers': 1, 'num_timesteps': 1, 'dropout': 0.23718004148349076, 'train_learning_rate': 0.0006296808130256958, 'train_lr_reduce': 0.6}. Best is trial 632 with value: 0.13978464901447296.
[I 2024-12-15 16:35:13,332] Trial 1473 finished with value: 1.1543549299240112 and parameters: {'mlp_n_layers': 4, 'mlp_dim_00': 32, 'mlp_dim_01': 112, 'mlp_dim_02': 192, 'mlp_dim_03': 176, 'hidden_channels': 224, 'num_layers': 2, 'num_timesteps': 4, 'dropout': 0.07278531115400451, 'train_learning_rate': 0.005392291147243701, 'train_lr_reduce': 0.6}. Best is trial 632 with value: 0.13978464901447296.
[I 2024-12-15 16:35:16,159] Trial 1472 finished with value: 0.18987242877483368 and parameters: {'mlp_n_layers': 2, 'mlp_dim_00': 192, 'mlp_dim_01': 256, 'hidden_channels': 256, 'num_layers': 1, 'num_timesteps': 4, 'dropout': 0.03740104839309237, 'train_learning_rate': 0.0032069806140360875, 'train_lr_reduce': 0.6}. Best is trial 632 with value: 0.13978464901447296.
[I 2024-12-15 16:35:19,525] Trial 1474 finished with value: 0.18019144237041473 and parameters: {'mlp_n_layers': 3, 'mlp_dim_00': 32, 'mlp_dim_01': 64, 'mlp_dim_02': 208, 'hidden_channels': 160, 'num_layers': 1, 'num_timesteps': 3, 'dropout': 0.060212672320691135, 'train_learning_rate': 0.002528987532932574, 'train_lr_reduce': 0.6}. Best is trial 632 with value: 0.13978464901447296.
[I 2024-12-15 16:35:26,637] Trial 1477 finished with value: 0.23961830139160156 and parameters: {'mlp_n_layers': 2, 'mlp_dim_00': 48, 'mlp_dim_01': 128, 'hidden_channels': 160, 'num_layers': 2, 'num_timesteps': 3, 'dropout': 0.020645965261591112, 'train_learning_rate': 0.005662758419727075, 'train_lr_reduce': 0.6}. Best is trial 632 with value: 0.13978464901447296.
[I 2024-12-15 16:35:27,090] Trial 1476 finished with value: 0.18380318582057953 and parameters: {'mlp_n_layers': 2, 'mlp_dim_00': 32, 'mlp_dim_01': 144, 'hidden_channels': 64, 'num_layers': 1, 'num_timesteps': 3, 'dropout': 0.0739880672641282, 'train_learning_rate': 0.007426875320178323, 'train_lr_reduce': 0.6}. Best is trial 632 with value: 0.13978464901447296.
[I 2024-12-15 16:35:27,442] Trial 1475 finished with value: 0.22748439013957977 and parameters: {'mlp_n_layers': 2, 'mlp_dim_00': 192, 'mlp_dim_01': 112, 'hidden_channels': 256, 'num_layers': 1, 'num_timesteps': 1, 'dropout': 0.2870723004694641, 'train_learning_rate': 0.00017745692712825472, 'train_lr_reduce': 0.6}. Best is trial 632 with value: 0.13978464901447296.
[I 2024-12-15 16:35:33,774] Trial 1480 finished with value: 0.21606743335723877 and parameters: {'mlp_n_layers': 4, 'mlp_dim_00': 112, 'mlp_dim_01': 112, 'mlp_dim_02': 192, 'mlp_dim_03': 176, 'hidden_channels': 240, 'num_layers': 2, 'num_timesteps': 4, 'dropout': 0.06644833679368588, 'train_learning_rate': 0.007226732774785251, 'train_lr_reduce': 0.6}. Best is trial 632 with value: 0.13978464901447296.
[I 2024-12-15 16:35:37,248] Trial 1481 finished with value: 0.866948127746582 and parameters: {'mlp_n_layers': 4, 'mlp_dim_00': 112, 'mlp_dim_01': 128, 'mlp_dim_02': 208, 'mlp_dim_03': 144, 'hidden_channels': 224, 'num_layers': 1, 'num_timesteps': 4, 'dropout': 0.08453734855336482, 'train_learning_rate': 0.004265109532113611, 'train_lr_reduce': 0.6}. Best is trial 632 with value: 0.13978464901447296.
[I 2024-12-15 16:35:38,513] Trial 1478 finished with value: 0.17152832448482513 and parameters: {'mlp_n_layers': 2, 'mlp_dim_00': 48, 'mlp_dim_01': 192, 'hidden_channels': 128, 'num_layers': 1, 'num_timesteps': 2, 'dropout': 0.0822928536858471, 'train_learning_rate': 0.004611469979799872, 'train_lr_reduce': 0.6}. Best is trial 632 with value: 0.13978464901447296.
[I 2024-12-15 16:35:40,142] Trial 1479 finished with value: 0.18281836807727814 and parameters: {'mlp_n_layers': 2, 'mlp_dim_00': 64, 'mlp_dim_01': 96, 'hidden_channels': 80, 'num_layers': 1, 'num_timesteps': 2, 'dropout': 0.011727175263391412, 'train_learning_rate': 0.003202881882035033, 'train_lr_reduce': 0.6}. Best is trial 632 with value: 0.13978464901447296.
[I 2024-12-15 16:35:46,174] Trial 1483 finished with value: 0.18279241025447845 and parameters: {'mlp_n_layers': 4, 'mlp_dim_00': 80, 'mlp_dim_01': 96, 'mlp_dim_02': 224, 'mlp_dim_03': 176, 'hidden_channels': 208, 'num_layers': 1, 'num_timesteps': 3, 'dropout': 0.12066136281864953, 'train_learning_rate': 0.006923747707564897, 'train_lr_reduce': 0.6}. Best is trial 632 with value: 0.13978464901447296.
[I 2024-12-15 16:35:48,694] Trial 1484 finished with value: 0.19384191930294037 and parameters: {'mlp_n_layers': 3, 'mlp_dim_00': 64, 'mlp_dim_01': 112, 'mlp_dim_02': 192, 'hidden_channels': 176, 'num_layers': 2, 'num_timesteps': 4, 'dropout': 0.09763746001616921, 'train_learning_rate': 0.005583378123441945, 'train_lr_reduce': 0.6}. Best is trial 632 with value: 0.13978464901447296.
[I 2024-12-15 16:35:48,840] Trial 1482 finished with value: 0.20034277439117432 and parameters: {'mlp_n_layers': 2, 'mlp_dim_00': 48, 'mlp_dim_01': 128, 'hidden_channels': 176, 'num_layers': 1, 'num_timesteps': 4, 'dropout': 0.06562221353217827, 'train_learning_rate': 0.001379076982796844, 'train_lr_reduce': 0.6}. Best is trial 632 with value: 0.13978464901447296.
[I 2024-12-15 16:35:55,875] Trial 1486 finished with value: 0.2435358315706253 and parameters: {'mlp_n_layers': 2, 'mlp_dim_00': 32, 'mlp_dim_01': 112, 'hidden_channels': 160, 'num_layers': 2, 'num_timesteps': 2, 'dropout': 0.06315933422107187, 'train_learning_rate': 0.006063042348382884, 'train_lr_reduce': 0.6}. Best is trial 632 with value: 0.13978464901447296.
[I 2024-12-15 16:35:55,937] Trial 1487 finished with value: 0.22485452890396118 and parameters: {'mlp_n_layers': 2, 'mlp_dim_00': 32, 'mlp_dim_01': 112, 'hidden_channels': 160, 'num_layers': 1, 'num_timesteps': 3, 'dropout': 0.09303689741693562, 'train_learning_rate': 0.00486243414533749, 'train_lr_reduce': 0.6}. Best is trial 632 with value: 0.13978464901447296.
[I 2024-12-15 16:35:59,690] Trial 1485 finished with value: 0.19811110198497772 and parameters: {'mlp_n_layers': 2, 'mlp_dim_00': 80, 'mlp_dim_01': 144, 'hidden_channels': 256, 'num_layers': 1, 'num_timesteps': 4, 'dropout': 0.0010662614941859706, 'train_learning_rate': 0.0004438826692260798, 'train_lr_reduce': 0.6}. Best is trial 632 with value: 0.13978464901447296.
[I 2024-12-15 16:36:04,439] Trial 1489 finished with value: 0.19288524985313416 and parameters: {'mlp_n_layers': 3, 'mlp_dim_00': 192, 'mlp_dim_01': 224, 'mlp_dim_02': 192, 'hidden_channels': 256, 'num_layers': 1, 'num_timesteps': 4, 'dropout': 0.14277882816029658, 'train_learning_rate': 0.004059206086286922, 'train_lr_reduce': 0.6}. Best is trial 632 with value: 0.13978464901447296.
[I 2024-12-15 16:36:07,264] Trial 1488 finished with value: 0.25330135226249695 and parameters: {'mlp_n_layers': 3, 'mlp_dim_00': 64, 'mlp_dim_01': 192, 'mlp_dim_02': 224, 'hidden_channels': 112, 'num_layers': 1, 'num_timesteps': 3, 'dropout': 0.00018949540151890626, 'train_learning_rate': 0.006632875826528427, 'train_lr_reduce': 0.6}. Best is trial 632 with value: 0.13978464901447296.
[I 2024-12-15 16:36:12,234] Trial 1490 finished with value: 0.18457068502902985 and parameters: {'mlp_n_layers': 3, 'mlp_dim_00': 80, 'mlp_dim_01': 176, 'mlp_dim_02': 224, 'hidden_channels': 176, 'num_layers': 1, 'num_timesteps': 3, 'dropout': 0.0469861384473249, 'train_learning_rate': 0.002575872396017691, 'train_lr_reduce': 0.6}. Best is trial 632 with value: 0.13978464901447296.
[I 2024-12-15 16:36:14,340] Trial 1491 finished with value: 0.17431028187274933 and parameters: {'mlp_n_layers': 2, 'mlp_dim_00': 64, 'mlp_dim_01': 144, 'hidden_channels': 112, 'num_layers': 1, 'num_timesteps': 2, 'dropout': 0.021846245320591658, 'train_learning_rate': 0.0029561181547735813, 'train_lr_reduce': 0.6}. Best is trial 632 with value: 0.13978464901447296.
