[I 2024-12-19 07:41:55,597] Trial 222 finished with value: 1.3711217641830444 and parameters: {'mlp_n_layers': 3, 'mlp_dim_00': 242, 'mlp_dim_01': 220, 'mlp_dim_02': 238, 'node_hidden_dim': 79, 'edge_hidden_dim': 60, 'depth': 2, 'rep_dropout': 0.017529603945044735, 'train_learning_rate': 0.003391722588346637, 'train_lr_reduce': 0.6}. Best is trial 156 with value: 0.33254924416542053.
[I 2024-12-19 07:41:58,663] Trial 224 finished with value: 1.5181738138198853 and parameters: {'mlp_n_layers': 4, 'mlp_dim_00': 502, 'mlp_dim_01': 460, 'mlp_dim_02': 251, 'mlp_dim_03': 143, 'node_hidden_dim': 76, 'edge_hidden_dim': 47, 'depth': 3, 'rep_dropout': 0.1834855434692303, 'train_learning_rate': 0.004659730056469662, 'train_lr_reduce': 0.6}. Best is trial 156 with value: 0.33254924416542053.
[I 2024-12-19 07:41:59,788] Trial 223 finished with value: 1.2979743480682373 and parameters: {'mlp_n_layers': 3, 'mlp_dim_00': 245, 'mlp_dim_01': 357, 'mlp_dim_02': 267, 'node_hidden_dim': 68, 'edge_hidden_dim': 101, 'depth': 2, 'rep_dropout': 0.19564263335064788, 'train_learning_rate': 0.0074630975759921395, 'train_lr_reduce': 0.6}. Best is trial 156 with value: 0.33254924416542053.
[I 2024-12-19 07:42:02,721] Trial 226 finished with value: 1.441316843032837 and parameters: {'mlp_n_layers': 2, 'mlp_dim_00': 210, 'mlp_dim_01': 451, 'node_hidden_dim': 102, 'edge_hidden_dim': 32, 'depth': 2, 'rep_dropout': 0.18998041325263673, 'train_learning_rate': 0.001962178445613435, 'train_lr_reduce': 0.6}. Best is trial 156 with value: 0.33254924416542053.
[I 2024-12-19 07:42:03,755] Trial 225 finished with value: 1.4011070728302002 and parameters: {'mlp_n_layers': 4, 'mlp_dim_00': 160, 'mlp_dim_01': 238, 'mlp_dim_02': 279, 'mlp_dim_03': 149, 'node_hidden_dim': 79, 'edge_hidden_dim': 118, 'depth': 2, 'rep_dropout': 0.22347689520870415, 'train_learning_rate': 0.0015204099198186237, 'train_lr_reduce': 0.6}. Best is trial 156 with value: 0.33254924416542053.
[I 2024-12-19 07:42:07,011] Trial 227 finished with value: 1.380584955215454 and parameters: {'mlp_n_layers': 4, 'mlp_dim_00': 87, 'mlp_dim_01': 234, 'mlp_dim_02': 223, 'mlp_dim_03': 120, 'node_hidden_dim': 96, 'edge_hidden_dim': 127, 'depth': 2, 'rep_dropout': 0.24568002543955655, 'train_learning_rate': 0.003093179571009192, 'train_lr_reduce': 0.6}. Best is trial 156 with value: 0.33254924416542053.
[I 2024-12-19 07:42:07,227] Trial 228 finished with value: 1.2967009544372559 and parameters: {'mlp_n_layers': 3, 'mlp_dim_00': 503, 'mlp_dim_01': 352, 'mlp_dim_02': 300, 'node_hidden_dim': 113, 'edge_hidden_dim': 117, 'depth': 2, 'rep_dropout': 0.2070795389164205, 'train_learning_rate': 0.00786929423716921, 'train_lr_reduce': 0.6}. Best is trial 156 with value: 0.33254924416542053.
[I 2024-12-19 07:42:08,467] Trial 229 finished with value: 1.4183368682861328 and parameters: {'mlp_n_layers': 4, 'mlp_dim_00': 502, 'mlp_dim_01': 444, 'mlp_dim_02': 220, 'mlp_dim_03': 166, 'node_hidden_dim': 77, 'edge_hidden_dim': 80, 'depth': 2, 'rep_dropout': 0.04650685105046401, 'train_learning_rate': 0.008507838678015951, 'train_lr_reduce': 0.6}. Best is trial 156 with value: 0.33254924416542053.
[I 2024-12-19 07:42:11,262] Trial 231 finished with value: 1.3492226600646973 and parameters: {'mlp_n_layers': 4, 'mlp_dim_00': 379, 'mlp_dim_01': 91, 'mlp_dim_02': 430, 'mlp_dim_03': 208, 'node_hidden_dim': 125, 'edge_hidden_dim': 42, 'depth': 2, 'rep_dropout': 0.07668173665305722, 'train_learning_rate': 0.006032389942604137, 'train_lr_reduce': 0.6}. Best is trial 156 with value: 0.33254924416542053.
[I 2024-12-19 07:42:11,609] Trial 230 finished with value: 1.5578304529190063 and parameters: {'mlp_n_layers': 3, 'mlp_dim_00': 150, 'mlp_dim_01': 379, 'mlp_dim_02': 264, 'node_hidden_dim': 51, 'edge_hidden_dim': 113, 'depth': 2, 'rep_dropout': 0.24758518087929476, 'train_learning_rate': 0.0006051040712016741, 'train_lr_reduce': 0.6}. Best is trial 156 with value: 0.33254924416542053.
[I 2024-12-19 07:42:12,973] Trial 232 finished with value: 1.3561683893203735 and parameters: {'mlp_n_layers': 3, 'mlp_dim_00': 446, 'mlp_dim_01': 75, 'mlp_dim_02': 165, 'node_hidden_dim': 120, 'edge_hidden_dim': 45, 'depth': 2, 'rep_dropout': 0.120011032824816, 'train_learning_rate': 0.005429120605875607, 'train_lr_reduce': 0.6}. Best is trial 156 with value: 0.33254924416542053.
[I 2024-12-19 07:42:15,245] Trial 233 finished with value: 1.525200366973877 and parameters: {'mlp_n_layers': 4, 'mlp_dim_00': 115, 'mlp_dim_01': 406, 'mlp_dim_02': 304, 'mlp_dim_03': 239, 'node_hidden_dim': 60, 'edge_hidden_dim': 121, 'depth': 2, 'rep_dropout': 0.18102775429620788, 'train_learning_rate': 0.001240560362958055, 'train_lr_reduce': 0.6}. Best is trial 156 with value: 0.33254924416542053.
[I 2024-12-19 07:42:15,846] Trial 234 finished with value: 1.2973490953445435 and parameters: {'mlp_n_layers': 3, 'mlp_dim_00': 499, 'mlp_dim_01': 269, 'mlp_dim_02': 288, 'node_hidden_dim': 124, 'edge_hidden_dim': 106, 'depth': 3, 'rep_dropout': 0.15743973060153074, 'train_learning_rate': 0.0038404936191473132, 'train_lr_reduce': 0.6}. Best is trial 156 with value: 0.33254924416542053.
[I 2024-12-19 07:42:17,444] Trial 235 finished with value: 1.3310585021972656 and parameters: {'mlp_n_layers': 4, 'mlp_dim_00': 256, 'mlp_dim_01': 148, 'mlp_dim_02': 247, 'mlp_dim_03': 92, 'node_hidden_dim': 100, 'edge_hidden_dim': 64, 'depth': 2, 'rep_dropout': 0.06044424779976883, 'train_learning_rate': 0.005920687110257137, 'train_lr_reduce': 0.6}. Best is trial 156 with value: 0.33254924416542053.
[I 2024-12-19 07:42:19,245] Trial 236 finished with value: 1.5710474252700806 and parameters: {'mlp_n_layers': 4, 'mlp_dim_00': 246, 'mlp_dim_01': 335, 'mlp_dim_02': 339, 'mlp_dim_03': 180, 'node_hidden_dim': 65, 'edge_hidden_dim': 118, 'depth': 3, 'rep_dropout': 0.23469684956312598, 'train_learning_rate': 0.0005973034659086689, 'train_lr_reduce': 0.6}. Best is trial 156 with value: 0.33254924416542053.
[I 2024-12-19 07:42:20,621] Trial 237 finished with value: 1.4564685821533203 and parameters: {'mlp_n_layers': 4, 'mlp_dim_00': 124, 'mlp_dim_01': 339, 'mlp_dim_02': 260, 'mlp_dim_03': 260, 'node_hidden_dim': 57, 'edge_hidden_dim': 123, 'depth': 3, 'rep_dropout': 0.226740179564518, 'train_learning_rate': 0.004351849251985361, 'train_lr_reduce': 0.6}. Best is trial 156 with value: 0.33254924416542053.
[I 2024-12-19 07:42:21,792] Trial 238 finished with value: 1.2894397974014282 and parameters: {'mlp_n_layers': 3, 'mlp_dim_00': 494, 'mlp_dim_01': 252, 'mlp_dim_02': 222, 'node_hidden_dim': 89, 'edge_hidden_dim': 110, 'depth': 3, 'rep_dropout': 0.03956961626601574, 'train_learning_rate': 0.009425549100872212, 'train_lr_reduce': 0.6}. Best is trial 156 with value: 0.33254924416542053.
[I 2024-12-19 07:42:23,600] Trial 239 finished with value: 1.3196226358413696 and parameters: {'mlp_n_layers': 3, 'mlp_dim_00': 476, 'mlp_dim_01': 304, 'mlp_dim_02': 298, 'node_hidden_dim': 109, 'edge_hidden_dim': 94, 'depth': 2, 'rep_dropout': 0.17225347774925628, 'train_learning_rate': 0.0037069594636157423, 'train_lr_reduce': 0.6}. Best is trial 156 with value: 0.33254924416542053.
[I 2024-12-19 07:42:24,847] Trial 240 finished with value: 1.3570913076400757 and parameters: {'mlp_n_layers': 2, 'mlp_dim_00': 242, 'mlp_dim_01': 357, 'node_hidden_dim': 105, 'edge_hidden_dim': 43, 'depth': 4, 'rep_dropout': 0.1780223761574974, 'train_learning_rate': 0.003220624775679151, 'train_lr_reduce': 0.6}. Best is trial 156 with value: 0.33254924416542053.
[I 2024-12-19 07:42:25,574] Trial 241 finished with value: 1.5645155906677246 and parameters: {'mlp_n_layers': 4, 'mlp_dim_00': 153, 'mlp_dim_01': 352, 'mlp_dim_02': 252, 'mlp_dim_03': 189, 'node_hidden_dim': 53, 'edge_hidden_dim': 109, 'depth': 2, 'rep_dropout': 0.24322998541395066, 'train_learning_rate': 0.0010757399127960994, 'train_lr_reduce': 0.6}. Best is trial 156 with value: 0.33254924416542053.
[I 2024-12-19 07:42:28,058] Trial 242 finished with value: 1.304273009300232 and parameters: {'mlp_n_layers': 3, 'mlp_dim_00': 346, 'mlp_dim_01': 245, 'mlp_dim_02': 364, 'node_hidden_dim': 95, 'edge_hidden_dim': 82, 'depth': 2, 'rep_dropout': 0.04910018727641254, 'train_learning_rate': 0.004394001763788629, 'train_lr_reduce': 0.6}. Best is trial 156 with value: 0.33254924416542053.
[I 2024-12-19 07:42:29,060] Trial 243 finished with value: 1.435649037361145 and parameters: {'mlp_n_layers': 3, 'mlp_dim_00': 467, 'mlp_dim_01': 193, 'mlp_dim_02': 97, 'node_hidden_dim': 110, 'edge_hidden_dim': 93, 'depth': 2, 'rep_dropout': 0.14940702238848605, 'train_learning_rate': 0.0072025132742438965, 'train_lr_reduce': 0.6}. Best is trial 156 with value: 0.33254924416542053.
[I 2024-12-19 07:42:30,169] Trial 244 finished with value: 1.5643061399459839 and parameters: {'mlp_n_layers': 4, 'mlp_dim_00': 127, 'mlp_dim_01': 368, 'mlp_dim_02': 131, 'mlp_dim_03': 283, 'node_hidden_dim': 86, 'edge_hidden_dim': 120, 'depth': 2, 'rep_dropout': 0.2215867544278312, 'train_learning_rate': 0.000812659383454071, 'train_lr_reduce': 0.6}. Best is trial 156 with value: 0.33254924416542053.
[I 2024-12-19 07:42:34,327] Trial 246 finished with value: 1.5131975412368774 and parameters: {'mlp_n_layers': 3, 'mlp_dim_00': 474, 'mlp_dim_01': 412, 'mlp_dim_02': 205, 'node_hidden_dim': 99, 'edge_hidden_dim': 106, 'depth': 2, 'rep_dropout': 0.08635616792031722, 'train_learning_rate': 0.0071884158688069084, 'train_lr_reduce': 0.6}. Best is trial 156 with value: 0.33254924416542053.
[I 2024-12-19 07:42:34,555] Trial 247 finished with value: 1.4821096658706665 and parameters: {'mlp_n_layers': 2, 'mlp_dim_00': 509, 'mlp_dim_01': 161, 'node_hidden_dim': 118, 'edge_hidden_dim': 108, 'depth': 2, 'rep_dropout': 0.09195466721950882, 'train_learning_rate': 0.007523928401343442, 'train_lr_reduce': 0.6}. Best is trial 156 with value: 0.33254924416542053.
[I 2024-12-19 07:42:38,653] Trial 249 finished with value: 1.3224080801010132 and parameters: {'mlp_n_layers': 4, 'mlp_dim_00': 511, 'mlp_dim_01': 371, 'mlp_dim_02': 284, 'mlp_dim_03': 315, 'node_hidden_dim': 120, 'edge_hidden_dim': 89, 'depth': 2, 'rep_dropout': 0.03547041094180539, 'train_learning_rate': 0.008214701697672102, 'train_lr_reduce': 0.6}. Best is trial 156 with value: 0.33254924416542053.
[I 2024-12-19 07:42:38,954] Trial 248 finished with value: 1.3356572389602661 and parameters: {'mlp_n_layers': 4, 'mlp_dim_00': 411, 'mlp_dim_01': 67, 'mlp_dim_02': 148, 'mlp_dim_03': 111, 'node_hidden_dim': 122, 'edge_hidden_dim': 43, 'depth': 3, 'rep_dropout': 0.11964487268719193, 'train_learning_rate': 0.005923609811534011, 'train_lr_reduce': 0.6}. Best is trial 156 with value: 0.33254924416542053.
[I 2024-12-19 07:42:41,864] Trial 245 finished with value: 0.7316498160362244 and parameters: {'mlp_n_layers': 4, 'mlp_dim_00': 444, 'mlp_dim_01': 438, 'mlp_dim_02': 81, 'mlp_dim_03': 230, 'node_hidden_dim': 112, 'edge_hidden_dim': 88, 'depth': 2, 'rep_dropout': 0.14088239779940098, 'train_learning_rate': 0.009470090892657245, 'train_lr_reduce': 0.6}. Best is trial 156 with value: 0.33254924416542053.
[I 2024-12-19 07:42:44,036] Trial 251 finished with value: 1.534986138343811 and parameters: {'mlp_n_layers': 4, 'mlp_dim_00': 272, 'mlp_dim_01': 411, 'mlp_dim_02': 307, 'mlp_dim_03': 207, 'node_hidden_dim': 87, 'edge_hidden_dim': 125, 'depth': 2, 'rep_dropout': 0.23301083167532413, 'train_learning_rate': 0.0015571023361116909, 'train_lr_reduce': 0.6}. Best is trial 156 with value: 0.33254924416542053.
[I 2024-12-19 07:42:44,040] Trial 250 finished with value: 1.444522500038147 and parameters: {'mlp_n_layers': 3, 'mlp_dim_00': 407, 'mlp_dim_01': 363, 'mlp_dim_02': 220, 'node_hidden_dim': 113, 'edge_hidden_dim': 74, 'depth': 3, 'rep_dropout': 0.04076606320508581, 'train_learning_rate': 0.009537804696163502, 'train_lr_reduce': 0.6}. Best is trial 156 with value: 0.33254924416542053.
[I 2024-12-19 07:42:48,215] Trial 252 finished with value: 1.5711759328842163 and parameters: {'mlp_n_layers': 3, 'mlp_dim_00': 344, 'mlp_dim_01': 264, 'mlp_dim_02': 67, 'node_hidden_dim': 111, 'edge_hidden_dim': 44, 'depth': 3, 'rep_dropout': 0.23681744845384461, 'train_learning_rate': 0.0003342777587924642, 'train_lr_reduce': 0.6}. Best is trial 156 with value: 0.33254924416542053.
[I 2024-12-19 07:42:49,605] Trial 254 finished with value: 1.3472932577133179 and parameters: {'mlp_n_layers': 4, 'mlp_dim_00': 292, 'mlp_dim_01': 387, 'mlp_dim_02': 253, 'mlp_dim_03': 242, 'node_hidden_dim': 57, 'edge_hidden_dim': 40, 'depth': 3, 'rep_dropout': 0.06348377065728628, 'train_learning_rate': 0.007809439257098648, 'train_lr_reduce': 0.6}. Best is trial 156 with value: 0.33254924416542053.
[I 2024-12-19 07:42:49,770] Trial 253 finished with value: 1.2903753519058228 and parameters: {'mlp_n_layers': 4, 'mlp_dim_00': 416, 'mlp_dim_01': 429, 'mlp_dim_02': 262, 'mlp_dim_03': 240, 'node_hidden_dim': 119, 'edge_hidden_dim': 81, 'depth': 2, 'rep_dropout': 0.1362223343524723, 'train_learning_rate': 0.0064617080009225876, 'train_lr_reduce': 0.6}. Best is trial 156 with value: 0.33254924416542053.
[I 2024-12-19 07:42:53,923] Trial 255 finished with value: 1.3568753004074097 and parameters: {'mlp_n_layers': 3, 'mlp_dim_00': 491, 'mlp_dim_01': 386, 'mlp_dim_02': 407, 'node_hidden_dim': 110, 'edge_hidden_dim': 93, 'depth': 3, 'rep_dropout': 0.1254515820100142, 'train_learning_rate': 0.0066453070358686835, 'train_lr_reduce': 0.6}. Best is trial 156 with value: 0.33254924416542053.
[I 2024-12-19 07:42:55,696] Trial 256 finished with value: 1.3913421630859375 and parameters: {'mlp_n_layers': 4, 'mlp_dim_00': 441, 'mlp_dim_01': 440, 'mlp_dim_02': 189, 'mlp_dim_03': 246, 'node_hidden_dim': 92, 'edge_hidden_dim': 93, 'depth': 2, 'rep_dropout': 0.18346108730870903, 'train_learning_rate': 0.006254543263722683, 'train_lr_reduce': 0.6}. Best is trial 156 with value: 0.33254924416542053.
[I 2024-12-19 07:42:56,927] Trial 257 finished with value: 1.2905126810073853 and parameters: {'mlp_n_layers': 4, 'mlp_dim_00': 498, 'mlp_dim_01': 468, 'mlp_dim_02': 333, 'mlp_dim_03': 176, 'node_hidden_dim': 102, 'edge_hidden_dim': 74, 'depth': 2, 'rep_dropout': 0.1595117319088365, 'train_learning_rate': 0.00936873361465446, 'train_lr_reduce': 0.6}. Best is trial 156 with value: 0.33254924416542053.
[I 2024-12-19 07:42:59,128] Trial 258 finished with value: 1.306052565574646 and parameters: {'mlp_n_layers': 4, 'mlp_dim_00': 429, 'mlp_dim_01': 437, 'mlp_dim_02': 239, 'mlp_dim_03': 263, 'node_hidden_dim': 114, 'edge_hidden_dim': 116, 'depth': 2, 'rep_dropout': 0.13397161844739716, 'train_learning_rate': 0.005691571301860782, 'train_lr_reduce': 0.6}. Best is trial 156 with value: 0.33254924416542053.
[I 2024-12-19 07:43:04,361] Trial 259 finished with value: 1.3648953437805176 and parameters: {'mlp_n_layers': 4, 'mlp_dim_00': 206, 'mlp_dim_01': 411, 'mlp_dim_02': 300, 'mlp_dim_03': 203, 'node_hidden_dim': 60, 'edge_hidden_dim': 83, 'depth': 4, 'rep_dropout': 0.16995234085724675, 'train_learning_rate': 0.009542959329847216, 'train_lr_reduce': 0.6}. Best is trial 156 with value: 0.33254924416542053.
[I 2024-12-19 07:43:04,883] Trial 261 finished with value: 1.5769821405410767 and parameters: {'mlp_n_layers': 3, 'mlp_dim_00': 74, 'mlp_dim_01': 208, 'mlp_dim_02': 200, 'node_hidden_dim': 90, 'edge_hidden_dim': 125, 'depth': 2, 'rep_dropout': 0.24633276123162137, 'train_learning_rate': 0.00019011745949812275, 'train_lr_reduce': 0.6}. Best is trial 156 with value: 0.33254924416542053.
[I 2024-12-19 07:43:08,943] Trial 262 finished with value: 1.4859422445297241 and parameters: {'mlp_n_layers': 2, 'mlp_dim_00': 190, 'mlp_dim_01': 138, 'node_hidden_dim': 100, 'edge_hidden_dim': 97, 'depth': 2, 'rep_dropout': 0.04891739678598716, 'train_learning_rate': 0.0021104145508181868, 'train_lr_reduce': 0.6}. Best is trial 156 with value: 0.33254924416542053.
[I 2024-12-19 07:43:09,401] Trial 263 finished with value: 1.2865211963653564 and parameters: {'mlp_n_layers': 2, 'mlp_dim_00': 336, 'mlp_dim_01': 226, 'node_hidden_dim': 128, 'edge_hidden_dim': 110, 'depth': 3, 'rep_dropout': 0.13737246707900844, 'train_learning_rate': 0.002628251297957672, 'train_lr_reduce': 0.6}. Best is trial 156 with value: 0.33254924416542053.
[I 2024-12-19 07:43:11,908] Trial 260 finished with value: 0.39986708760261536 and parameters: {'mlp_n_layers': 4, 'mlp_dim_00': 506, 'mlp_dim_01': 410, 'mlp_dim_02': 100, 'mlp_dim_03': 279, 'node_hidden_dim': 118, 'edge_hidden_dim': 111, 'depth': 2, 'rep_dropout': 0.11958611523609455, 'train_learning_rate': 0.0032592446356874702, 'train_lr_reduce': 0.6}. Best is trial 156 with value: 0.33254924416542053.
[I 2024-12-19 07:43:13,505] Trial 265 finished with value: 1.3128643035888672 and parameters: {'mlp_n_layers': 3, 'mlp_dim_00': 406, 'mlp_dim_01': 340, 'mlp_dim_02': 363, 'node_hidden_dim': 125, 'edge_hidden_dim': 112, 'depth': 2, 'rep_dropout': 0.14399435897136156, 'train_learning_rate': 0.005747355000277519, 'train_lr_reduce': 0.6}. Best is trial 156 with value: 0.33254924416542053.
[I 2024-12-19 07:43:13,550] Trial 264 finished with value: 1.3421144485473633 and parameters: {'mlp_n_layers': 4, 'mlp_dim_00': 482, 'mlp_dim_01': 148, 'mlp_dim_02': 259, 'mlp_dim_03': 203, 'node_hidden_dim': 125, 'edge_hidden_dim': 67, 'depth': 2, 'rep_dropout': 0.1288083399095257, 'train_learning_rate': 0.004107696218154102, 'train_lr_reduce': 0.6}. Best is trial 156 with value: 0.33254924416542053.
[I 2024-12-19 07:43:17,781] Trial 267 finished with value: 1.2881594896316528 and parameters: {'mlp_n_layers': 3, 'mlp_dim_00': 495, 'mlp_dim_01': 364, 'mlp_dim_02': 152, 'node_hidden_dim': 88, 'edge_hidden_dim': 102, 'depth': 3, 'rep_dropout': 0.014336933443509095, 'train_learning_rate': 0.0039174629106662915, 'train_lr_reduce': 0.6}. Best is trial 156 with value: 0.33254924416542053.
[I 2024-12-19 07:43:17,784] Trial 266 finished with value: 1.4354571104049683 and parameters: {'mlp_n_layers': 4, 'mlp_dim_00': 479, 'mlp_dim_01': 362, 'mlp_dim_02': 107, 'mlp_dim_03': 319, 'node_hidden_dim': 113, 'edge_hidden_dim': 117, 'depth': 2, 'rep_dropout': 0.16354703957077654, 'train_learning_rate': 0.0014697652708110613, 'train_lr_reduce': 0.6}. Best is trial 156 with value: 0.33254924416542053.
[I 2024-12-19 07:43:20,186] Trial 268 finished with value: 1.3434813022613525 and parameters: {'mlp_n_layers': 4, 'mlp_dim_00': 205, 'mlp_dim_01': 351, 'mlp_dim_02': 77, 'mlp_dim_03': 284, 'node_hidden_dim': 60, 'edge_hidden_dim': 118, 'depth': 2, 'rep_dropout': 0.20295428028650875, 'train_learning_rate': 0.003069289625920755, 'train_lr_reduce': 0.6}. Best is trial 156 with value: 0.33254924416542053.
[I 2024-12-19 07:43:22,001] Trial 269 finished with value: 1.515692114830017 and parameters: {'mlp_n_layers': 4, 'mlp_dim_00': 322, 'mlp_dim_01': 238, 'mlp_dim_02': 109, 'mlp_dim_03': 277, 'node_hidden_dim': 124, 'edge_hidden_dim': 59, 'depth': 2, 'rep_dropout': 0.09427854801834865, 'train_learning_rate': 0.0017867478987709758, 'train_lr_reduce': 0.6}. Best is trial 156 with value: 0.33254924416542053.
[I 2024-12-19 07:43:22,120] Trial 270 finished with value: 1.3991581201553345 and parameters: {'mlp_n_layers': 4, 'mlp_dim_00': 494, 'mlp_dim_01': 423, 'mlp_dim_02': 104, 'mlp_dim_03': 263, 'node_hidden_dim': 119, 'edge_hidden_dim': 106, 'depth': 2, 'rep_dropout': 0.09314258572075532, 'train_learning_rate': 0.003958507994559501, 'train_lr_reduce': 0.6}. Best is trial 156 with value: 0.33254924416542053.
[I 2024-12-19 07:43:24,134] Trial 271 finished with value: 1.3039135932922363 and parameters: {'mlp_n_layers': 3, 'mlp_dim_00': 102, 'mlp_dim_01': 203, 'mlp_dim_02': 168, 'node_hidden_dim': 86, 'edge_hidden_dim': 36, 'depth': 2, 'rep_dropout': 0.16487620156892374, 'train_learning_rate': 0.004515811523746275, 'train_lr_reduce': 0.6}. Best is trial 156 with value: 0.33254924416542053.
[I 2024-12-19 07:43:26,272] Trial 272 finished with value: 1.3397753238677979 and parameters: {'mlp_n_layers': 3, 'mlp_dim_00': 469, 'mlp_dim_01': 288, 'mlp_dim_02': 205, 'node_hidden_dim': 122, 'edge_hidden_dim': 88, 'depth': 2, 'rep_dropout': 0.12055434454481746, 'train_learning_rate': 0.005480200968718497, 'train_lr_reduce': 0.6}. Best is trial 156 with value: 0.33254924416542053.
[I 2024-12-19 07:43:26,878] Trial 273 finished with value: 1.3430453538894653 and parameters: {'mlp_n_layers': 4, 'mlp_dim_00': 509, 'mlp_dim_01': 381, 'mlp_dim_02': 229, 'mlp_dim_03': 249, 'node_hidden_dim': 118, 'edge_hidden_dim': 106, 'depth': 2, 'rep_dropout': 0.1105679076856598, 'train_learning_rate': 0.004178093063510802, 'train_lr_reduce': 0.6}. Best is trial 156 with value: 0.33254924416542053.
[I 2024-12-19 07:43:28,262] Trial 274 finished with value: 1.5467140674591064 and parameters: {'mlp_n_layers': 4, 'mlp_dim_00': 431, 'mlp_dim_01': 90, 'mlp_dim_02': 421, 'mlp_dim_03': 329, 'node_hidden_dim': 110, 'edge_hidden_dim': 61, 'depth': 3, 'rep_dropout': 0.052107697915363904, 'train_learning_rate': 0.0009603522827205641, 'train_lr_reduce': 0.6}. Best is trial 156 with value: 0.33254924416542053.
[I 2024-12-19 07:43:30,215] Trial 275 finished with value: 1.289397954940796 and parameters: {'mlp_n_layers': 2, 'mlp_dim_00': 408, 'mlp_dim_01': 374, 'node_hidden_dim': 32, 'edge_hidden_dim': 78, 'depth': 2, 'rep_dropout': 0.006149790768426422, 'train_learning_rate': 0.003123349160262194, 'train_lr_reduce': 0.6}. Best is trial 156 with value: 0.33254924416542053.
[I 2024-12-19 07:43:31,421] Trial 276 finished with value: 1.3175057172775269 and parameters: {'mlp_n_layers': 2, 'mlp_dim_00': 260, 'mlp_dim_01': 174, 'node_hidden_dim': 101, 'edge_hidden_dim': 74, 'depth': 2, 'rep_dropout': 0.012570592367090594, 'train_learning_rate': 0.0076888624180579965, 'train_lr_reduce': 0.6}. Best is trial 156 with value: 0.33254924416542053.
