[I 2024-12-26 07:35:19,514] Trial 2091 finished with value: 0.11391852796077728 and parameters: {'L1_hidden_dim': 240, 'L1_layers_atom': 1, 'L1_layers_mol': 2, 'L1_dropout': 0.17296967073349323, 'L1_out_dim': 64, 'L2_hidden_dim': 208, 'L2_layers_atom': 2, 'L2_layers_mol': 2, 'L2_out_dim': 112, 'L2_dropout': 0.20059866718863584, 'L3_hidden_dim': 128, 'L3_layers_atom': 1, 'L3_layers_mol': 3, 'L3_out_dim': 64, 'L3_dropout': 0.044835538281380594, 'n_mlp_layers': 2, 'mlp_dim_0': 472, 'mlp_dim_1': 224, 'num_heads': 1, 'final_dropout': 0.11029997976792033, 'train_learning_rate': 0.00012762080423694074, 'train_lr_reduce': 0.6}. Best is trial 1286 with value: 0.03935658559203148.
[I 2024-12-26 07:35:31,699] Trial 2089 finished with value: 0.08033666759729385 and parameters: {'L1_hidden_dim': 64, 'L1_layers_atom': 4, 'L1_layers_mol': 2, 'L1_dropout': 0.26880163864739803, 'L1_out_dim': 48, 'L2_hidden_dim': 256, 'L2_layers_atom': 1, 'L2_layers_mol': 2, 'L2_out_dim': 128, 'L2_dropout': 0.04084125823265045, 'L3_hidden_dim': 112, 'L3_layers_atom': 4, 'L3_layers_mol': 1, 'L3_out_dim': 80, 'L3_dropout': 0.15545202017752438, 'n_mlp_layers': 2, 'mlp_dim_0': 360, 'mlp_dim_1': 384, 'num_heads': 2, 'final_dropout': 0.17534999358828082, 'train_learning_rate': 0.0024223685938497904, 'train_lr_reduce': 0.6}. Best is trial 1286 with value: 0.03935658559203148.
[I 2024-12-26 07:36:49,439] Trial 2092 finished with value: 0.07169710844755173 and parameters: {'L1_hidden_dim': 128, 'L1_layers_atom': 2, 'L1_layers_mol': 1, 'L1_dropout': 0.1894935316931414, 'L1_out_dim': 96, 'L2_hidden_dim': 240, 'L2_layers_atom': 4, 'L2_layers_mol': 4, 'L2_out_dim': 80, 'L2_dropout': 0.02309810048427694, 'L3_hidden_dim': 112, 'L3_layers_atom': 2, 'L3_layers_mol': 2, 'L3_out_dim': 128, 'L3_dropout': 0.22881243537155777, 'n_mlp_layers': 2, 'mlp_dim_0': 456, 'mlp_dim_1': 328, 'num_heads': 1, 'final_dropout': 0.06343354943893756, 'train_learning_rate': 0.00036650358040221095, 'train_lr_reduce': 0.6}. Best is trial 1286 with value: 0.03935658559203148.
[I 2024-12-26 07:37:05,144] Trial 2093 finished with value: 0.09543132036924362 and parameters: {'L1_hidden_dim': 112, 'L1_layers_atom': 3, 'L1_layers_mol': 1, 'L1_dropout': 0.2920692520231751, 'L1_out_dim': 80, 'L2_hidden_dim': 256, 'L2_layers_atom': 2, 'L2_layers_mol': 3, 'L2_out_dim': 64, 'L2_dropout': 0.07447464138573806, 'L3_hidden_dim': 32, 'L3_layers_atom': 4, 'L3_layers_mol': 3, 'L3_out_dim': 112, 'L3_dropout': 0.010265589133651873, 'n_mlp_layers': 3, 'mlp_dim_0': 280, 'mlp_dim_1': 480, 'mlp_dim_2': 160, 'num_heads': 2, 'final_dropout': 0.1574750910309087, 'train_learning_rate': 0.0037488597334861444, 'train_lr_reduce': 0.6}. Best is trial 1286 with value: 0.03935658559203148.
[I 2024-12-26 07:37:56,546] Trial 2094 finished with value: 0.29695916175842285 and parameters: {'L1_hidden_dim': 256, 'L1_layers_atom': 1, 'L1_layers_mol': 1, 'L1_dropout': 0.19494644107154074, 'L1_out_dim': 80, 'L2_hidden_dim': 80, 'L2_layers_atom': 2, 'L2_layers_mol': 2, 'L2_out_dim': 64, 'L2_dropout': 0.26267684783515527, 'L3_hidden_dim': 64, 'L3_layers_atom': 4, 'L3_layers_mol': 3, 'L3_out_dim': 64, 'L3_dropout': 0.11832643460264558, 'n_mlp_layers': 2, 'mlp_dim_0': 376, 'mlp_dim_1': 440, 'num_heads': 1, 'final_dropout': 0.15401144259105817, 'train_learning_rate': 0.00016616618360645148, 'train_lr_reduce': 0.6}. Best is trial 1286 with value: 0.03935658559203148.
[I 2024-12-26 07:38:14,039] Trial 2096 finished with value: 0.09233144670724869 and parameters: {'L1_hidden_dim': 80, 'L1_layers_atom': 4, 'L1_layers_mol': 4, 'L1_dropout': 0.1807388211179191, 'L1_out_dim': 64, 'L2_hidden_dim': 256, 'L2_layers_atom': 4, 'L2_layers_mol': 3, 'L2_out_dim': 32, 'L2_dropout': 0.018191261650027706, 'L3_hidden_dim': 64, 'L3_layers_atom': 4, 'L3_layers_mol': 2, 'L3_out_dim': 64, 'L3_dropout': 0.0069551843984608334, 'n_mlp_layers': 3, 'mlp_dim_0': 304, 'mlp_dim_1': 360, 'mlp_dim_2': 112, 'num_heads': 1, 'final_dropout': 0.10520646025905626, 'train_learning_rate': 0.0017670654825951131, 'train_lr_reduce': 0.6}. Best is trial 1286 with value: 0.03935658559203148.
[I 2024-12-26 07:38:27,893] Trial 2095 finished with value: 0.08403345942497253 and parameters: {'L1_hidden_dim': 64, 'L1_layers_atom': 3, 'L1_layers_mol': 2, 'L1_dropout': 0.2606564448317915, 'L1_out_dim': 80, 'L2_hidden_dim': 256, 'L2_layers_atom': 1, 'L2_layers_mol': 3, 'L2_out_dim': 32, 'L2_dropout': 0.185415188491096, 'L3_hidden_dim': 80, 'L3_layers_atom': 3, 'L3_layers_mol': 2, 'L3_out_dim': 80, 'L3_dropout': 0.012205304695650546, 'n_mlp_layers': 3, 'mlp_dim_0': 360, 'mlp_dim_1': 392, 'mlp_dim_2': 288, 'num_heads': 1, 'final_dropout': 0.1293803579728366, 'train_learning_rate': 0.004892234675195695, 'train_lr_reduce': 0.6}. Best is trial 1286 with value: 0.03935658559203148.
[I 2024-12-26 07:39:25,176] Trial 2099 finished with value: 0.11567877233028412 and parameters: {'L1_hidden_dim': 240, 'L1_layers_atom': 4, 'L1_layers_mol': 2, 'L1_dropout': 0.1574809092087703, 'L1_out_dim': 32, 'L2_hidden_dim': 224, 'L2_layers_atom': 3, 'L2_layers_mol': 4, 'L2_out_dim': 48, 'L2_dropout': 0.09960104130446445, 'L3_hidden_dim': 80, 'L3_layers_atom': 4, 'L3_layers_mol': 2, 'L3_out_dim': 128, 'L3_dropout': 0.27545005543789763, 'n_mlp_layers': 3, 'mlp_dim_0': 136, 'mlp_dim_1': 440, 'mlp_dim_2': 480, 'num_heads': 2, 'final_dropout': 0.2821826564911818, 'train_learning_rate': 0.0023701294038454683, 'train_lr_reduce': 0.6}. Best is trial 1286 with value: 0.03935658559203148.
[I 2024-12-26 07:39:29,452] Trial 2097 finished with value: 0.07368146628141403 and parameters: {'L1_hidden_dim': 80, 'L1_layers_atom': 4, 'L1_layers_mol': 2, 'L1_dropout': 0.051631126602145416, 'L1_out_dim': 112, 'L2_hidden_dim': 224, 'L2_layers_atom': 2, 'L2_layers_mol': 4, 'L2_out_dim': 112, 'L2_dropout': 0.06842524245639832, 'L3_hidden_dim': 48, 'L3_layers_atom': 2, 'L3_layers_mol': 1, 'L3_out_dim': 32, 'L3_dropout': 0.11554992604903677, 'n_mlp_layers': 2, 'mlp_dim_0': 240, 'mlp_dim_1': 512, 'num_heads': 1, 'final_dropout': 0.2014483468146751, 'train_learning_rate': 0.0003433915541539517, 'train_lr_reduce': 0.6}. Best is trial 1286 with value: 0.03935658559203148.
[I 2024-12-26 07:39:40,737] Trial 2098 finished with value: 0.06116252392530441 and parameters: {'L1_hidden_dim': 64, 'L1_layers_atom': 4, 'L1_layers_mol': 4, 'L1_dropout': 0.2494650456991175, 'L1_out_dim': 48, 'L2_hidden_dim': 144, 'L2_layers_atom': 3, 'L2_layers_mol': 3, 'L2_out_dim': 80, 'L2_dropout': 0.06213963974872749, 'L3_hidden_dim': 112, 'L3_layers_atom': 4, 'L3_layers_mol': 1, 'L3_out_dim': 48, 'L3_dropout': 0.1761158503802912, 'n_mlp_layers': 3, 'mlp_dim_0': 88, 'mlp_dim_1': 280, 'mlp_dim_2': 192, 'num_heads': 1, 'final_dropout': 0.16887060307401106, 'train_learning_rate': 0.0017699370032949124, 'train_lr_reduce': 0.6}. Best is trial 1286 with value: 0.03935658559203148.
[I 2024-12-26 07:39:47,053] Trial 2101 finished with value: 0.86386638879776 and parameters: {'L1_hidden_dim': 64, 'L1_layers_atom': 1, 'L1_layers_mol': 1, 'L1_dropout': 0.10871442380403722, 'L1_out_dim': 96, 'L2_hidden_dim': 256, 'L2_layers_atom': 3, 'L2_layers_mol': 4, 'L2_out_dim': 112, 'L2_dropout': 0.027772380909224112, 'L3_hidden_dim': 128, 'L3_layers_atom': 3, 'L3_layers_mol': 1, 'L3_out_dim': 128, 'L3_dropout': 0.15761030333934312, 'n_mlp_layers': 3, 'mlp_dim_0': 456, 'mlp_dim_1': 472, 'mlp_dim_2': 72, 'num_heads': 1, 'final_dropout': 0.007848466001324848, 'train_learning_rate': 0.004926216905974266, 'train_lr_reduce': 0.6}. Best is trial 1286 with value: 0.03935658559203148.
[I 2024-12-26 07:40:49,105] Trial 2100 finished with value: 0.08027004450559616 and parameters: {'L1_hidden_dim': 80, 'L1_layers_atom': 4, 'L1_layers_mol': 4, 'L1_dropout': 0.2930260524523782, 'L1_out_dim': 96, 'L2_hidden_dim': 112, 'L2_layers_atom': 1, 'L2_layers_mol': 3, 'L2_out_dim': 96, 'L2_dropout': 0.16426475592747575, 'L3_hidden_dim': 128, 'L3_layers_atom': 4, 'L3_layers_mol': 1, 'L3_out_dim': 80, 'L3_dropout': 0.2884847122139463, 'n_mlp_layers': 2, 'mlp_dim_0': 120, 'mlp_dim_1': 408, 'num_heads': 2, 'final_dropout': 0.028087770619484642, 'train_learning_rate': 0.005605102386833238, 'train_lr_reduce': 0.6}. Best is trial 1286 with value: 0.03935658559203148.
[I 2024-12-26 07:41:02,561] Trial 2102 finished with value: 0.07378507405519485 and parameters: {'L1_hidden_dim': 64, 'L1_layers_atom': 2, 'L1_layers_mol': 3, 'L1_dropout': 0.25150608893436865, 'L1_out_dim': 48, 'L2_hidden_dim': 160, 'L2_layers_atom': 1, 'L2_layers_mol': 3, 'L2_out_dim': 96, 'L2_dropout': 0.036715743771414636, 'L3_hidden_dim': 112, 'L3_layers_atom': 1, 'L3_layers_mol': 1, 'L3_out_dim': 128, 'L3_dropout': 0.13831879444291106, 'n_mlp_layers': 2, 'mlp_dim_0': 184, 'mlp_dim_1': 328, 'num_heads': 1, 'final_dropout': 0.10497171030032404, 'train_learning_rate': 0.00415556291625935, 'train_lr_reduce': 0.6}. Best is trial 1286 with value: 0.03935658559203148.
[I 2024-12-26 07:41:34,829] Trial 2103 finished with value: 0.13178293406963348 and parameters: {'L1_hidden_dim': 224, 'L1_layers_atom': 2, 'L1_layers_mol': 3, 'L1_dropout': 0.23260291655173984, 'L1_out_dim': 32, 'L2_hidden_dim': 96, 'L2_layers_atom': 3, 'L2_layers_mol': 2, 'L2_out_dim': 112, 'L2_dropout': 0.21970753898792783, 'L3_hidden_dim': 64, 'L3_layers_atom': 3, 'L3_layers_mol': 4, 'L3_out_dim': 80, 'L3_dropout': 0.21181139981933278, 'n_mlp_layers': 3, 'mlp_dim_0': 64, 'mlp_dim_1': 384, 'mlp_dim_2': 112, 'num_heads': 1, 'final_dropout': 0.21264997514164807, 'train_learning_rate': 0.0003467929921296003, 'train_lr_reduce': 0.6}. Best is trial 1286 with value: 0.03935658559203148.
[I 2024-12-26 07:42:40,916] Trial 2105 finished with value: 0.07507498562335968 and parameters: {'L1_hidden_dim': 256, 'L1_layers_atom': 3, 'L1_layers_mol': 1, 'L1_dropout': 0.13370042408320001, 'L1_out_dim': 128, 'L2_hidden_dim': 240, 'L2_layers_atom': 3, 'L2_layers_mol': 4, 'L2_out_dim': 48, 'L2_dropout': 0.018688936491498387, 'L3_hidden_dim': 96, 'L3_layers_atom': 1, 'L3_layers_mol': 2, 'L3_out_dim': 64, 'L3_dropout': 0.2775352800016879, 'n_mlp_layers': 3, 'mlp_dim_0': 496, 'mlp_dim_1': 264, 'mlp_dim_2': 32, 'num_heads': 1, 'final_dropout': 0.1735078382566382, 'train_learning_rate': 0.00015566283073454733, 'train_lr_reduce': 0.6}. Best is trial 1286 with value: 0.03935658559203148.
[I 2024-12-26 07:42:55,293] Trial 2104 finished with value: 0.09659506380558014 and parameters: {'L1_hidden_dim': 64, 'L1_layers_atom': 3, 'L1_layers_mol': 3, 'L1_dropout': 0.2810127573927342, 'L1_out_dim': 80, 'L2_hidden_dim': 128, 'L2_layers_atom': 2, 'L2_layers_mol': 4, 'L2_out_dim': 128, 'L2_dropout': 0.03199229438432563, 'L3_hidden_dim': 96, 'L3_layers_atom': 3, 'L3_layers_mol': 1, 'L3_out_dim': 64, 'L3_dropout': 0.05559522883011797, 'n_mlp_layers': 3, 'mlp_dim_0': 216, 'mlp_dim_1': 440, 'mlp_dim_2': 152, 'num_heads': 2, 'final_dropout': 0.15185196821926125, 'train_learning_rate': 0.004001745195150609, 'train_lr_reduce': 0.6}. Best is trial 1286 with value: 0.03935658559203148.
[I 2024-12-26 07:43:10,258] Trial 2106 finished with value: 0.06650055944919586 and parameters: {'L1_hidden_dim': 64, 'L1_layers_atom': 2, 'L1_layers_mol': 2, 'L1_dropout': 0.2514591453764192, 'L1_out_dim': 96, 'L2_hidden_dim': 192, 'L2_layers_atom': 1, 'L2_layers_mol': 3, 'L2_out_dim': 128, 'L2_dropout': 0.03909267102768661, 'L3_hidden_dim': 128, 'L3_layers_atom': 3, 'L3_layers_mol': 2, 'L3_out_dim': 128, 'L3_dropout': 0.14049437279328136, 'n_mlp_layers': 2, 'mlp_dim_0': 136, 'mlp_dim_1': 512, 'num_heads': 1, 'final_dropout': 0.10732800757197647, 'train_learning_rate': 0.004353567755048167, 'train_lr_reduce': 0.6}. Best is trial 1286 with value: 0.03935658559203148.
[I 2024-12-26 07:44:26,960] Trial 2107 finished with value: 0.3270772099494934 and parameters: {'L1_hidden_dim': 128, 'L1_layers_atom': 2, 'L1_layers_mol': 3, 'L1_dropout': 0.08883681273135965, 'L1_out_dim': 112, 'L2_hidden_dim': 256, 'L2_layers_atom': 2, 'L2_layers_mol': 4, 'L2_out_dim': 96, 'L2_dropout': 0.26121926498563586, 'L3_hidden_dim': 32, 'L3_layers_atom': 2, 'L3_layers_mol': 4, 'L3_out_dim': 112, 'L3_dropout': 0.11796438266478491, 'n_mlp_layers': 2, 'mlp_dim_0': 480, 'mlp_dim_1': 344, 'num_heads': 1, 'final_dropout': 0.061562229851125125, 'train_learning_rate': 0.0001506991236771797, 'train_lr_reduce': 0.6}. Best is trial 1286 with value: 0.03935658559203148.
[I 2024-12-26 07:45:02,725] Trial 2108 finished with value: 0.11398633569478989 and parameters: {'L1_hidden_dim': 64, 'L1_layers_atom': 4, 'L1_layers_mol': 3, 'L1_dropout': 0.2641695160358016, 'L1_out_dim': 80, 'L2_hidden_dim': 192, 'L2_layers_atom': 1, 'L2_layers_mol': 2, 'L2_out_dim': 128, 'L2_dropout': 0.012387651271630032, 'L3_hidden_dim': 80, 'L3_layers_atom': 3, 'L3_layers_mol': 1, 'L3_out_dim': 80, 'L3_dropout': 0.13971348024899408, 'n_mlp_layers': 2, 'mlp_dim_0': 376, 'mlp_dim_1': 408, 'num_heads': 2, 'final_dropout': 0.15321411415453925, 'train_learning_rate': 0.004177074194251985, 'train_lr_reduce': 0.6}. Best is trial 1286 with value: 0.03935658559203148.
[I 2024-12-26 07:46:06,892] Trial 2109 finished with value: 0.07503195106983185 and parameters: {'L1_hidden_dim': 112, 'L1_layers_atom': 1, 'L1_layers_mol': 3, 'L1_dropout': 0.28225817597774805, 'L1_out_dim': 96, 'L2_hidden_dim': 208, 'L2_layers_atom': 1, 'L2_layers_mol': 4, 'L2_out_dim': 128, 'L2_dropout': 0.11289177069909323, 'L3_hidden_dim': 96, 'L3_layers_atom': 3, 'L3_layers_mol': 2, 'L3_out_dim': 80, 'L3_dropout': 0.25075562135193696, 'n_mlp_layers': 3, 'mlp_dim_0': 168, 'mlp_dim_1': 472, 'mlp_dim_2': 240, 'num_heads': 2, 'final_dropout': 0.14256482355264624, 'train_learning_rate': 0.002989686788492895, 'train_lr_reduce': 0.6}. Best is trial 1286 with value: 0.03935658559203148.
[I 2024-12-26 07:46:07,147] Trial 2110 finished with value: 0.4278069734573364 and parameters: {'L1_hidden_dim': 176, 'L1_layers_atom': 2, 'L1_layers_mol': 3, 'L1_dropout': 0.219265444183536, 'L1_out_dim': 64, 'L2_hidden_dim': 64, 'L2_layers_atom': 4, 'L2_layers_mol': 3, 'L2_out_dim': 32, 'L2_dropout': 0.15708546128041784, 'L3_hidden_dim': 80, 'L3_layers_atom': 2, 'L3_layers_mol': 4, 'L3_out_dim': 32, 'L3_dropout': 0.034669770999555344, 'n_mlp_layers': 1, 'mlp_dim_0': 288, 'num_heads': 1, 'final_dropout': 0.14830011163294912, 'train_learning_rate': 0.0001652601121179043, 'train_lr_reduce': 0.6}. Best is trial 1286 with value: 0.03935658559203148.
[I 2024-12-26 07:46:56,602] Trial 2111 finished with value: 0.07138072699308395 and parameters: {'L1_hidden_dim': 64, 'L1_layers_atom': 1, 'L1_layers_mol': 2, 'L1_dropout': 0.23935096029691938, 'L1_out_dim': 96, 'L2_hidden_dim': 224, 'L2_layers_atom': 4, 'L2_layers_mol': 4, 'L2_out_dim': 128, 'L2_dropout': 0.07041682878759256, 'L3_hidden_dim': 128, 'L3_layers_atom': 3, 'L3_layers_mol': 1, 'L3_out_dim': 112, 'L3_dropout': 0.12376155489076733, 'n_mlp_layers': 3, 'mlp_dim_0': 384, 'mlp_dim_1': 304, 'mlp_dim_2': 104, 'num_heads': 1, 'final_dropout': 0.13576713270212495, 'train_learning_rate': 0.003139175997803351, 'train_lr_reduce': 0.6}. Best is trial 1286 with value: 0.03935658559203148.
[I 2024-12-26 07:47:28,884] Trial 2113 finished with value: 0.06404457241296768 and parameters: {'L1_hidden_dim': 64, 'L1_layers_atom': 2, 'L1_layers_mol': 2, 'L1_dropout': 0.21185936541742736, 'L1_out_dim': 80, 'L2_hidden_dim': 208, 'L2_layers_atom': 4, 'L2_layers_mol': 3, 'L2_out_dim': 112, 'L2_dropout': 0.05757658312873023, 'L3_hidden_dim': 112, 'L3_layers_atom': 3, 'L3_layers_mol': 1, 'L3_out_dim': 112, 'L3_dropout': 0.13141570552222068, 'n_mlp_layers': 3, 'mlp_dim_0': 384, 'mlp_dim_1': 360, 'mlp_dim_2': 64, 'num_heads': 1, 'final_dropout': 0.03597994227615517, 'train_learning_rate': 0.0015774080313430813, 'train_lr_reduce': 0.6}. Best is trial 1286 with value: 0.03935658559203148.
[I 2024-12-26 07:48:12,833] Trial 2112 finished with value: 0.08384005725383759 and parameters: {'L1_hidden_dim': 80, 'L1_layers_atom': 4, 'L1_layers_mol': 4, 'L1_dropout': 0.21908118032859014, 'L1_out_dim': 96, 'L2_hidden_dim': 256, 'L2_layers_atom': 2, 'L2_layers_mol': 3, 'L2_out_dim': 32, 'L2_dropout': 0.15317772161375404, 'L3_hidden_dim': 96, 'L3_layers_atom': 4, 'L3_layers_mol': 3, 'L3_out_dim': 96, 'L3_dropout': 0.011795783366651269, 'n_mlp_layers': 3, 'mlp_dim_0': 384, 'mlp_dim_1': 192, 'mlp_dim_2': 384, 'num_heads': 1, 'final_dropout': 0.08420028058968493, 'train_learning_rate': 0.005744357853260381, 'train_lr_reduce': 0.6}. Best is trial 1286 with value: 0.03935658559203148.
[I 2024-12-26 07:48:42,364] Trial 2114 finished with value: 0.08285830169916153 and parameters: {'L1_hidden_dim': 96, 'L1_layers_atom': 4, 'L1_layers_mol': 1, 'L1_dropout': 0.18651323719687707, 'L1_out_dim': 32, 'L2_hidden_dim': 192, 'L2_layers_atom': 3, 'L2_layers_mol': 1, 'L2_out_dim': 64, 'L2_dropout': 0.08299529723297423, 'L3_hidden_dim': 32, 'L3_layers_atom': 1, 'L3_layers_mol': 2, 'L3_out_dim': 128, 'L3_dropout': 0.05023596132526838, 'n_mlp_layers': 1, 'mlp_dim_0': 360, 'num_heads': 1, 'final_dropout': 0.2417260092897286, 'train_learning_rate': 0.000217581286648997, 'train_lr_reduce': 0.6}. Best is trial 1286 with value: 0.03935658559203148.
[I 2024-12-26 07:49:06,327] Trial 2115 finished with value: 0.09323874861001968 and parameters: {'L1_hidden_dim': 80, 'L1_layers_atom': 3, 'L1_layers_mol': 3, 'L1_dropout': 0.12334454586755257, 'L1_out_dim': 48, 'L2_hidden_dim': 160, 'L2_layers_atom': 2, 'L2_layers_mol': 4, 'L2_out_dim': 64, 'L2_dropout': 0.002302627191773734, 'L3_hidden_dim': 80, 'L3_layers_atom': 4, 'L3_layers_mol': 2, 'L3_out_dim': 48, 'L3_dropout': 0.251131410098104, 'n_mlp_layers': 1, 'mlp_dim_0': 304, 'num_heads': 1, 'final_dropout': 0.0804026589586003, 'train_learning_rate': 0.0009950356271919763, 'train_lr_reduce': 0.6}. Best is trial 1286 with value: 0.03935658559203148.
[I 2024-12-26 07:49:24,485] Trial 2116 finished with value: 0.06785831600427628 and parameters: {'L1_hidden_dim': 64, 'L1_layers_atom': 3, 'L1_layers_mol': 3, 'L1_dropout': 0.22818033699643034, 'L1_out_dim': 96, 'L2_hidden_dim': 192, 'L2_layers_atom': 2, 'L2_layers_mol': 3, 'L2_out_dim': 112, 'L2_dropout': 0.09222714858841469, 'L3_hidden_dim': 96, 'L3_layers_atom': 3, 'L3_layers_mol': 1, 'L3_out_dim': 80, 'L3_dropout': 0.08837947392271822, 'n_mlp_layers': 2, 'mlp_dim_0': 120, 'mlp_dim_1': 440, 'num_heads': 2, 'final_dropout': 0.14995419525449652, 'train_learning_rate': 0.0016110030115371393, 'train_lr_reduce': 0.6}. Best is trial 1286 with value: 0.03935658559203148.
[I 2024-12-26 07:50:09,493] Trial 2117 finished with value: 0.08976665884256363 and parameters: {'L1_hidden_dim': 80, 'L1_layers_atom': 4, 'L1_layers_mol': 4, 'L1_dropout': 0.1655510283562264, 'L1_out_dim': 64, 'L2_hidden_dim': 144, 'L2_layers_atom': 3, 'L2_layers_mol': 4, 'L2_out_dim': 80, 'L2_dropout': 0.08315581101808875, 'L3_hidden_dim': 64, 'L3_layers_atom': 4, 'L3_layers_mol': 1, 'L3_out_dim': 48, 'L3_dropout': 0.2210567747229744, 'n_mlp_layers': 2, 'mlp_dim_0': 40, 'mlp_dim_1': 472, 'num_heads': 1, 'final_dropout': 0.004988933326656512, 'train_learning_rate': 0.0016917614288712733, 'train_lr_reduce': 0.6}. Best is trial 1286 with value: 0.03935658559203148.
[I 2024-12-26 07:50:17,901] Trial 2118 finished with value: 0.0573003888130188 and parameters: {'L1_hidden_dim': 64, 'L1_layers_atom': 4, 'L1_layers_mol': 3, 'L1_dropout': 0.25566489410531673, 'L1_out_dim': 80, 'L2_hidden_dim': 208, 'L2_layers_atom': 1, 'L2_layers_mol': 1, 'L2_out_dim': 128, 'L2_dropout': 0.00783967232536762, 'L3_hidden_dim': 112, 'L3_layers_atom': 2, 'L3_layers_mol': 2, 'L3_out_dim': 80, 'L3_dropout': 0.1409839625744059, 'n_mlp_layers': 2, 'mlp_dim_0': 296, 'mlp_dim_1': 408, 'num_heads': 1, 'final_dropout': 0.1758041099678881, 'train_learning_rate': 0.0015297825593735975, 'train_lr_reduce': 0.6}. Best is trial 1286 with value: 0.03935658559203148.
[I 2024-12-26 07:50:59,128] Trial 2119 finished with value: 0.06307113915681839 and parameters: {'L1_hidden_dim': 64, 'L1_layers_atom': 4, 'L1_layers_mol': 4, 'L1_dropout': 0.22991675141476778, 'L1_out_dim': 64, 'L2_hidden_dim': 240, 'L2_layers_atom': 1, 'L2_layers_mol': 2, 'L2_out_dim': 128, 'L2_dropout': 0.04335489783397897, 'L3_hidden_dim': 128, 'L3_layers_atom': 3, 'L3_layers_mol': 2, 'L3_out_dim': 80, 'L3_dropout': 0.10162184433627083, 'n_mlp_layers': 2, 'mlp_dim_0': 312, 'mlp_dim_1': 312, 'num_heads': 2, 'final_dropout': 0.11678016691648427, 'train_learning_rate': 0.001880551199069494, 'train_lr_reduce': 0.6}. Best is trial 1286 with value: 0.03935658559203148.
[I 2024-12-26 07:52:03,598] Trial 2121 finished with value: 0.10221076756715775 and parameters: {'L1_hidden_dim': 192, 'L1_layers_atom': 1, 'L1_layers_mol': 4, 'L1_dropout': 0.017095468658972074, 'L1_out_dim': 96, 'L2_hidden_dim': 112, 'L2_layers_atom': 3, 'L2_layers_mol': 3, 'L2_out_dim': 64, 'L2_dropout': 0.1185850104342049, 'L3_hidden_dim': 112, 'L3_layers_atom': 3, 'L3_layers_mol': 1, 'L3_out_dim': 80, 'L3_dropout': 0.06231933442707556, 'n_mlp_layers': 3, 'mlp_dim_0': 416, 'mlp_dim_1': 472, 'mlp_dim_2': 112, 'num_heads': 2, 'final_dropout': 0.11206322064418832, 'train_learning_rate': 0.0012995230847028208, 'train_lr_reduce': 0.6}. Best is trial 1286 with value: 0.03935658559203148.
[I 2024-12-26 07:52:08,228] Trial 2120 finished with value: 0.06433393061161041 and parameters: {'L1_hidden_dim': 80, 'L1_layers_atom': 4, 'L1_layers_mol': 3, 'L1_dropout': 0.22478172834979007, 'L1_out_dim': 80, 'L2_hidden_dim': 208, 'L2_layers_atom': 3, 'L2_layers_mol': 3, 'L2_out_dim': 128, 'L2_dropout': 0.06655177300760819, 'L3_hidden_dim': 96, 'L3_layers_atom': 3, 'L3_layers_mol': 1, 'L3_out_dim': 64, 'L3_dropout': 0.06970848794016671, 'n_mlp_layers': 2, 'mlp_dim_0': 264, 'mlp_dim_1': 376, 'num_heads': 2, 'final_dropout': 0.19910516249530247, 'train_learning_rate': 0.002593470405606469, 'train_lr_reduce': 0.6}. Best is trial 1286 with value: 0.03935658559203148.
