[I 2024-12-20 00:16:07,871] Trial 776 finished with value: 1.3708313703536987 and parameters: {'mlp_n_layers': 4, 'mlp_dim_00': 64, 'mlp_dim_01': 287, 'mlp_dim_02': 219, 'mlp_dim_03': 294, 'node_hidden_dim': 124, 'edge_hidden_dim': 48, 'depth': 2, 'rep_dropout': 0.018942799117939654, 'train_learning_rate': 0.005934133264813841, 'train_lr_reduce': 0.6}. Best is trial 558 with value: 0.30280801653862.
[I 2024-12-20 00:16:11,418] Trial 775 finished with value: 0.4533090591430664 and parameters: {'mlp_n_layers': 4, 'mlp_dim_00': 72, 'mlp_dim_01': 406, 'mlp_dim_02': 157, 'mlp_dim_03': 338, 'node_hidden_dim': 121, 'edge_hidden_dim': 78, 'depth': 1, 'rep_dropout': 0.009912372705340223, 'train_learning_rate': 0.0019957974726794066, 'train_lr_reduce': 0.6}. Best is trial 558 with value: 0.30280801653862.
[I 2024-12-20 00:16:19,610] Trial 778 finished with value: 1.370566964149475 and parameters: {'mlp_n_layers': 4, 'mlp_dim_00': 230, 'mlp_dim_01': 395, 'mlp_dim_02': 174, 'mlp_dim_03': 280, 'node_hidden_dim': 120, 'edge_hidden_dim': 72, 'depth': 2, 'rep_dropout': 0.017368789221304262, 'train_learning_rate': 0.0010207005736624264, 'train_lr_reduce': 0.6}. Best is trial 558 with value: 0.30280801653862.
[I 2024-12-20 00:16:23,696] Trial 779 finished with value: 1.5506837368011475 and parameters: {'mlp_n_layers': 3, 'mlp_dim_00': 388, 'mlp_dim_01': 322, 'mlp_dim_02': 231, 'node_hidden_dim': 97, 'edge_hidden_dim': 68, 'depth': 1, 'rep_dropout': 0.02684629381796726, 'train_learning_rate': 0.0004213419659051311, 'train_lr_reduce': 0.6}. Best is trial 558 with value: 0.30280801653862.
[I 2024-12-20 00:16:24,141] Trial 773 finished with value: 0.6202394366264343 and parameters: {'mlp_n_layers': 4, 'mlp_dim_00': 404, 'mlp_dim_01': 511, 'mlp_dim_02': 208, 'mlp_dim_03': 277, 'node_hidden_dim': 81, 'edge_hidden_dim': 44, 'depth': 1, 'rep_dropout': 0.001208572111224734, 'train_learning_rate': 0.000777031736195283, 'train_lr_reduce': 0.6}. Best is trial 558 with value: 0.30280801653862.
[I 2024-12-20 00:16:24,816] Trial 777 finished with value: 0.38659366965293884 and parameters: {'mlp_n_layers': 4, 'mlp_dim_00': 486, 'mlp_dim_01': 464, 'mlp_dim_02': 244, 'mlp_dim_03': 350, 'node_hidden_dim': 96, 'edge_hidden_dim': 90, 'depth': 1, 'rep_dropout': 0.05478692377900567, 'train_learning_rate': 0.0012183995732824812, 'train_lr_reduce': 0.6}. Best is trial 558 with value: 0.30280801653862.
[I 2024-12-20 00:16:28,607] Trial 782 finished with value: 1.555678367614746 and parameters: {'mlp_n_layers': 3, 'mlp_dim_00': 115, 'mlp_dim_01': 332, 'mlp_dim_02': 175, 'node_hidden_dim': 32, 'edge_hidden_dim': 103, 'depth': 3, 'rep_dropout': 0.04537739479664846, 'train_learning_rate': 0.0005559739556587204, 'train_lr_reduce': 0.6}. Best is trial 558 with value: 0.30280801653862.
[I 2024-12-20 00:16:38,707] Trial 783 finished with value: 0.42938366532325745 and parameters: {'mlp_n_layers': 4, 'mlp_dim_00': 163, 'mlp_dim_01': 458, 'mlp_dim_02': 199, 'mlp_dim_03': 500, 'node_hidden_dim': 120, 'edge_hidden_dim': 41, 'depth': 1, 'rep_dropout': 0.031911031730189714, 'train_learning_rate': 0.0037362537430927043, 'train_lr_reduce': 0.6}. Best is trial 558 with value: 0.30280801653862.
[I 2024-12-20 00:16:42,633] Trial 781 finished with value: 0.36167657375335693 and parameters: {'mlp_n_layers': 4, 'mlp_dim_00': 91, 'mlp_dim_01': 273, 'mlp_dim_02': 92, 'mlp_dim_03': 350, 'node_hidden_dim': 101, 'edge_hidden_dim': 51, 'depth': 1, 'rep_dropout': 0.012045418112959092, 'train_learning_rate': 0.002844510315741557, 'train_lr_reduce': 0.6}. Best is trial 558 with value: 0.30280801653862.
[I 2024-12-20 00:16:42,919] Trial 784 finished with value: 1.584765076637268 and parameters: {'mlp_n_layers': 3, 'mlp_dim_00': 363, 'mlp_dim_01': 401, 'mlp_dim_02': 276, 'node_hidden_dim': 72, 'edge_hidden_dim': 96, 'depth': 2, 'rep_dropout': 0.02474474008329433, 'train_learning_rate': 0.00012199724861725035, 'train_lr_reduce': 0.6}. Best is trial 558 with value: 0.30280801653862.
[I 2024-12-20 00:16:44,379] Trial 780 finished with value: 0.37853336334228516 and parameters: {'mlp_n_layers': 4, 'mlp_dim_00': 103, 'mlp_dim_01': 380, 'mlp_dim_02': 266, 'mlp_dim_03': 469, 'node_hidden_dim': 115, 'edge_hidden_dim': 55, 'depth': 1, 'rep_dropout': 0.016985489349010643, 'train_learning_rate': 0.0015481835252200713, 'train_lr_reduce': 0.6}. Best is trial 558 with value: 0.30280801653862.
[I 2024-12-20 00:16:45,569] Trial 785 finished with value: 1.2971619367599487 and parameters: {'mlp_n_layers': 1, 'mlp_dim_00': 444, 'node_hidden_dim': 41, 'edge_hidden_dim': 105, 'depth': 1, 'rep_dropout': 0.1048602369445899, 'train_learning_rate': 0.004494783761471215, 'train_lr_reduce': 0.6}. Best is trial 558 with value: 0.30280801653862.
[I 2024-12-20 00:16:46,521] Trial 786 finished with value: 1.4343783855438232 and parameters: {'mlp_n_layers': 4, 'mlp_dim_00': 472, 'mlp_dim_01': 352, 'mlp_dim_02': 231, 'mlp_dim_03': 274, 'node_hidden_dim': 103, 'edge_hidden_dim': 39, 'depth': 1, 'rep_dropout': 0.04363268439694505, 'train_learning_rate': 0.00417292510108547, 'train_lr_reduce': 0.6}. Best is trial 558 with value: 0.30280801653862.
[I 2024-12-20 00:16:47,926] Trial 787 finished with value: 1.4316753149032593 and parameters: {'mlp_n_layers': 1, 'mlp_dim_00': 480, 'node_hidden_dim': 45, 'edge_hidden_dim': 75, 'depth': 4, 'rep_dropout': 0.13862185158189325, 'train_learning_rate': 0.0008262520084414335, 'train_lr_reduce': 0.6}. Best is trial 558 with value: 0.30280801653862.
[I 2024-12-20 00:16:48,275] Trial 788 finished with value: 1.4507462978363037 and parameters: {'mlp_n_layers': 1, 'mlp_dim_00': 90, 'node_hidden_dim': 65, 'edge_hidden_dim': 94, 'depth': 1, 'rep_dropout': 0.038975922629320335, 'train_learning_rate': 0.0009703336085631867, 'train_lr_reduce': 0.6}. Best is trial 558 with value: 0.30280801653862.
[I 2024-12-20 00:16:49,949] Trial 789 finished with value: 1.3335802555084229 and parameters: {'mlp_n_layers': 1, 'mlp_dim_00': 210, 'node_hidden_dim': 106, 'edge_hidden_dim': 81, 'depth': 4, 'rep_dropout': 0.1446415540941055, 'train_learning_rate': 0.005269612230647001, 'train_lr_reduce': 0.6}. Best is trial 558 with value: 0.30280801653862.
[I 2024-12-20 00:16:51,695] Trial 791 finished with value: 1.4937704801559448 and parameters: {'mlp_n_layers': 2, 'mlp_dim_00': 328, 'mlp_dim_01': 429, 'node_hidden_dim': 86, 'edge_hidden_dim': 103, 'depth': 1, 'rep_dropout': 0.13375027072566908, 'train_learning_rate': 0.000738321659816464, 'train_lr_reduce': 0.6}. Best is trial 558 with value: 0.30280801653862.
[I 2024-12-20 00:16:53,087] Trial 792 finished with value: 1.3409154415130615 and parameters: {'mlp_n_layers': 1, 'mlp_dim_00': 357, 'node_hidden_dim': 73, 'edge_hidden_dim': 32, 'depth': 1, 'rep_dropout': 0.08834460545200346, 'train_learning_rate': 0.001091455194363594, 'train_lr_reduce': 0.6}. Best is trial 558 with value: 0.30280801653862.
[I 2024-12-20 00:16:55,538] Trial 793 finished with value: 1.4160679578781128 and parameters: {'mlp_n_layers': 1, 'mlp_dim_00': 230, 'node_hidden_dim': 120, 'edge_hidden_dim': 109, 'depth': 2, 'rep_dropout': 0.05140680019421104, 'train_learning_rate': 0.0004579808386441427, 'train_lr_reduce': 0.6}. Best is trial 558 with value: 0.30280801653862.
[I 2024-12-20 00:16:59,984] Trial 795 finished with value: 1.4766074419021606 and parameters: {'mlp_n_layers': 3, 'mlp_dim_00': 447, 'mlp_dim_01': 274, 'mlp_dim_02': 283, 'node_hidden_dim': 42, 'edge_hidden_dim': 112, 'depth': 4, 'rep_dropout': 0.009951129229488806, 'train_learning_rate': 0.0012259474075987616, 'train_lr_reduce': 0.6}. Best is trial 558 with value: 0.30280801653862.
[I 2024-12-20 00:17:00,904] Trial 794 finished with value: 0.5558502674102783 and parameters: {'mlp_n_layers': 4, 'mlp_dim_00': 254, 'mlp_dim_01': 381, 'mlp_dim_02': 139, 'mlp_dim_03': 382, 'node_hidden_dim': 50, 'edge_hidden_dim': 50, 'depth': 1, 'rep_dropout': 0.03245624945369868, 'train_learning_rate': 0.005462955401744151, 'train_lr_reduce': 0.6}. Best is trial 558 with value: 0.30280801653862.
[I 2024-12-20 00:17:01,644] Trial 790 finished with value: 0.39791208505630493 and parameters: {'mlp_n_layers': 4, 'mlp_dim_00': 311, 'mlp_dim_01': 314, 'mlp_dim_02': 439, 'mlp_dim_03': 347, 'node_hidden_dim': 125, 'edge_hidden_dim': 95, 'depth': 1, 'rep_dropout': 0.009752626099646802, 'train_learning_rate': 0.0038596253081103083, 'train_lr_reduce': 0.6}. Best is trial 558 with value: 0.30280801653862.
[I 2024-12-20 00:17:06,074] Trial 798 finished with value: 1.57410728931427 and parameters: {'mlp_n_layers': 4, 'mlp_dim_00': 463, 'mlp_dim_01': 319, 'mlp_dim_02': 390, 'mlp_dim_03': 346, 'node_hidden_dim': 83, 'edge_hidden_dim': 98, 'depth': 2, 'rep_dropout': 0.017225351432928505, 'train_learning_rate': 0.0005354887898249309, 'train_lr_reduce': 0.6}. Best is trial 558 with value: 0.30280801653862.
[I 2024-12-20 00:17:11,168] Trial 799 finished with value: 1.2887219190597534 and parameters: {'mlp_n_layers': 4, 'mlp_dim_00': 486, 'mlp_dim_01': 375, 'mlp_dim_02': 227, 'mlp_dim_03': 406, 'node_hidden_dim': 73, 'edge_hidden_dim': 76, 'depth': 1, 'rep_dropout': 0.035185433646500355, 'train_learning_rate': 0.004101374823667142, 'train_lr_reduce': 0.6}. Best is trial 558 with value: 0.30280801653862.
[I 2024-12-20 00:17:12,999] Trial 797 finished with value: 0.4469553232192993 and parameters: {'mlp_n_layers': 4, 'mlp_dim_00': 425, 'mlp_dim_01': 424, 'mlp_dim_02': 280, 'mlp_dim_03': 277, 'node_hidden_dim': 116, 'edge_hidden_dim': 47, 'depth': 1, 'rep_dropout': 0.005852877425103156, 'train_learning_rate': 0.002020575156159153, 'train_lr_reduce': 0.6}. Best is trial 558 with value: 0.30280801653862.
[I 2024-12-20 00:17:15,137] Trial 800 finished with value: 1.4598647356033325 and parameters: {'mlp_n_layers': 2, 'mlp_dim_00': 507, 'mlp_dim_01': 474, 'node_hidden_dim': 98, 'edge_hidden_dim': 73, 'depth': 1, 'rep_dropout': 0.019347847959089795, 'train_learning_rate': 0.0019886346602438917, 'train_lr_reduce': 0.6}. Best is trial 558 with value: 0.30280801653862.
[I 2024-12-20 00:17:16,626] Trial 801 finished with value: 1.569606065750122 and parameters: {'mlp_n_layers': 4, 'mlp_dim_00': 334, 'mlp_dim_01': 346, 'mlp_dim_02': 164, 'mlp_dim_03': 318, 'node_hidden_dim': 111, 'edge_hidden_dim': 36, 'depth': 1, 'rep_dropout': 0.04988686322215702, 'train_learning_rate': 0.0008108680519156902, 'train_lr_reduce': 0.6}. Best is trial 558 with value: 0.30280801653862.
[I 2024-12-20 00:17:18,126] Trial 796 finished with value: 0.34754663705825806 and parameters: {'mlp_n_layers': 4, 'mlp_dim_00': 441, 'mlp_dim_01': 353, 'mlp_dim_02': 201, 'mlp_dim_03': 462, 'node_hidden_dim': 105, 'edge_hidden_dim': 33, 'depth': 1, 'rep_dropout': 0.003901485224959784, 'train_learning_rate': 0.0007134460211016606, 'train_lr_reduce': 0.6}. Best is trial 558 with value: 0.30280801653862.
[I 2024-12-20 00:17:18,639] Trial 802 finished with value: 1.5116982460021973 and parameters: {'mlp_n_layers': 3, 'mlp_dim_00': 343, 'mlp_dim_01': 401, 'mlp_dim_02': 299, 'node_hidden_dim': 82, 'edge_hidden_dim': 91, 'depth': 2, 'rep_dropout': 0.021980562402489648, 'train_learning_rate': 0.001414038926628362, 'train_lr_reduce': 0.6}. Best is trial 558 with value: 0.30280801653862.
[I 2024-12-20 00:17:21,429] Trial 804 finished with value: 1.4094529151916504 and parameters: {'mlp_n_layers': 4, 'mlp_dim_00': 371, 'mlp_dim_01': 315, 'mlp_dim_02': 237, 'mlp_dim_03': 276, 'node_hidden_dim': 86, 'edge_hidden_dim': 81, 'depth': 1, 'rep_dropout': 0.029673266508117364, 'train_learning_rate': 0.0043286313461462275, 'train_lr_reduce': 0.6}. Best is trial 558 with value: 0.30280801653862.
[I 2024-12-20 00:17:21,944] Trial 805 finished with value: 1.4554214477539062 and parameters: {'mlp_n_layers': 2, 'mlp_dim_00': 191, 'mlp_dim_01': 371, 'node_hidden_dim': 120, 'edge_hidden_dim': 47, 'depth': 1, 'rep_dropout': 0.04207948645610517, 'train_learning_rate': 0.0018805319907297094, 'train_lr_reduce': 0.6}. Best is trial 558 with value: 0.30280801653862.
[I 2024-12-20 00:17:25,019] Trial 806 finished with value: 1.4040721654891968 and parameters: {'mlp_n_layers': 3, 'mlp_dim_00': 106, 'mlp_dim_01': 427, 'mlp_dim_02': 384, 'node_hidden_dim': 118, 'edge_hidden_dim': 42, 'depth': 1, 'rep_dropout': 0.0021424716989429417, 'train_learning_rate': 0.0020884818956286664, 'train_lr_reduce': 0.6}. Best is trial 558 with value: 0.30280801653862.
[I 2024-12-20 00:17:25,587] Trial 807 finished with value: 1.4575906991958618 and parameters: {'mlp_n_layers': 3, 'mlp_dim_00': 362, 'mlp_dim_01': 322, 'mlp_dim_02': 307, 'node_hidden_dim': 100, 'edge_hidden_dim': 45, 'depth': 1, 'rep_dropout': 0.04030267464475424, 'train_learning_rate': 0.0016031907225122996, 'train_lr_reduce': 0.6}. Best is trial 558 with value: 0.30280801653862.
[I 2024-12-20 00:17:29,554] Trial 809 finished with value: 1.5120429992675781 and parameters: {'mlp_n_layers': 4, 'mlp_dim_00': 398, 'mlp_dim_01': 409, 'mlp_dim_02': 189, 'mlp_dim_03': 470, 'node_hidden_dim': 111, 'edge_hidden_dim': 54, 'depth': 2, 'rep_dropout': 0.0014776228266696438, 'train_learning_rate': 0.001310337754304959, 'train_lr_reduce': 0.6}. Best is trial 558 with value: 0.30280801653862.
[I 2024-12-20 00:17:35,345] Trial 803 finished with value: 0.42085662484169006 and parameters: {'mlp_n_layers': 4, 'mlp_dim_00': 390, 'mlp_dim_01': 261, 'mlp_dim_02': 433, 'mlp_dim_03': 426, 'node_hidden_dim': 100, 'edge_hidden_dim': 67, 'depth': 1, 'rep_dropout': 0.016768744293724124, 'train_learning_rate': 0.0028553943939114723, 'train_lr_reduce': 0.6}. Best is trial 558 with value: 0.30280801653862.
[I 2024-12-20 00:17:36,539] Trial 808 finished with value: 0.39938950538635254 and parameters: {'mlp_n_layers': 4, 'mlp_dim_00': 267, 'mlp_dim_01': 367, 'mlp_dim_02': 128, 'mlp_dim_03': 368, 'node_hidden_dim': 100, 'edge_hidden_dim': 67, 'depth': 1, 'rep_dropout': 0.02256928731953148, 'train_learning_rate': 0.002044392697230944, 'train_lr_reduce': 0.6}. Best is trial 558 with value: 0.30280801653862.
[I 2024-12-20 00:17:39,422] Trial 811 finished with value: 1.2903916835784912 and parameters: {'mlp_n_layers': 4, 'mlp_dim_00': 389, 'mlp_dim_01': 476, 'mlp_dim_02': 371, 'mlp_dim_03': 427, 'node_hidden_dim': 122, 'edge_hidden_dim': 57, 'depth': 2, 'rep_dropout': 0.015374994559647496, 'train_learning_rate': 0.009551458690862156, 'train_lr_reduce': 0.6}. Best is trial 558 with value: 0.30280801653862.
[I 2024-12-20 00:17:44,091] Trial 810 finished with value: 0.35896092653274536 and parameters: {'mlp_n_layers': 3, 'mlp_dim_00': 351, 'mlp_dim_01': 289, 'mlp_dim_02': 258, 'node_hidden_dim': 102, 'edge_hidden_dim': 59, 'depth': 1, 'rep_dropout': 0.0023973410430833918, 'train_learning_rate': 0.0010792434203116537, 'train_lr_reduce': 0.6}. Best is trial 558 with value: 0.30280801653862.
[I 2024-12-20 00:17:48,375] Trial 814 finished with value: 1.360106348991394 and parameters: {'mlp_n_layers': 4, 'mlp_dim_00': 351, 'mlp_dim_01': 332, 'mlp_dim_02': 242, 'mlp_dim_03': 330, 'node_hidden_dim': 106, 'edge_hidden_dim': 79, 'depth': 1, 'rep_dropout': 0.011531533700739303, 'train_learning_rate': 0.0034238305096611667, 'train_lr_reduce': 0.6}. Best is trial 558 with value: 0.30280801653862.
[I 2024-12-20 00:17:48,720] Trial 813 finished with value: 0.4954027235507965 and parameters: {'mlp_n_layers': 4, 'mlp_dim_00': 377, 'mlp_dim_01': 393, 'mlp_dim_02': 192, 'mlp_dim_03': 65, 'node_hidden_dim': 98, 'edge_hidden_dim': 35, 'depth': 1, 'rep_dropout': 0.0018600685756694803, 'train_learning_rate': 0.0015888998791337508, 'train_lr_reduce': 0.6}. Best is trial 558 with value: 0.30280801653862.
[I 2024-12-20 00:17:52,176] Trial 815 finished with value: 1.5110657215118408 and parameters: {'mlp_n_layers': 3, 'mlp_dim_00': 332, 'mlp_dim_01': 452, 'mlp_dim_02': 426, 'node_hidden_dim': 124, 'edge_hidden_dim': 67, 'depth': 1, 'rep_dropout': 0.014784523738255641, 'train_learning_rate': 0.0009066553635179403, 'train_lr_reduce': 0.6}. Best is trial 558 with value: 0.30280801653862.
[I 2024-12-20 00:17:53,723] Trial 816 finished with value: 1.5723177194595337 and parameters: {'mlp_n_layers': 3, 'mlp_dim_00': 180, 'mlp_dim_01': 266, 'mlp_dim_02': 365, 'node_hidden_dim': 91, 'edge_hidden_dim': 38, 'depth': 2, 'rep_dropout': 0.006289741488054555, 'train_learning_rate': 0.0005091915033586557, 'train_lr_reduce': 0.6}. Best is trial 558 with value: 0.30280801653862.
[I 2024-12-20 00:17:57,091] Trial 817 finished with value: 1.4011778831481934 and parameters: {'mlp_n_layers': 1, 'mlp_dim_00': 122, 'node_hidden_dim': 81, 'edge_hidden_dim': 90, 'depth': 4, 'rep_dropout': 0.09976075109679527, 'train_learning_rate': 0.0007320163199092668, 'train_lr_reduce': 0.6}. Best is trial 558 with value: 0.30280801653862.
[I 2024-12-20 00:17:59,536] Trial 818 finished with value: 1.5764199495315552 and parameters: {'mlp_n_layers': 3, 'mlp_dim_00': 69, 'mlp_dim_01': 360, 'mlp_dim_02': 296, 'node_hidden_dim': 104, 'edge_hidden_dim': 75, 'depth': 3, 'rep_dropout': 0.0004727036908885318, 'train_learning_rate': 0.00024595017446434584, 'train_lr_reduce': 0.6}. Best is trial 558 with value: 0.30280801653862.
[I 2024-12-20 00:18:01,820] Trial 819 finished with value: 1.3666213750839233 and parameters: {'mlp_n_layers': 1, 'mlp_dim_00': 245, 'node_hidden_dim': 95, 'edge_hidden_dim': 32, 'depth': 4, 'rep_dropout': 0.035830956259229066, 'train_learning_rate': 0.004024722506974312, 'train_lr_reduce': 0.6}. Best is trial 558 with value: 0.30280801653862.
[I 2024-12-20 00:18:03,464] Trial 820 finished with value: 1.484782338142395 and parameters: {'mlp_n_layers': 3, 'mlp_dim_00': 510, 'mlp_dim_01': 314, 'mlp_dim_02': 208, 'node_hidden_dim': 120, 'edge_hidden_dim': 68, 'depth': 1, 'rep_dropout': 0.037079231073751426, 'train_learning_rate': 0.0017688990037068259, 'train_lr_reduce': 0.6}. Best is trial 558 with value: 0.30280801653862.
[I 2024-12-20 00:18:07,147] Trial 822 finished with value: 1.2849680185317993 and parameters: {'mlp_n_layers': 4, 'mlp_dim_00': 390, 'mlp_dim_01': 356, 'mlp_dim_02': 314, 'mlp_dim_03': 280, 'node_hidden_dim': 108, 'edge_hidden_dim': 68, 'depth': 1, 'rep_dropout': 0.09909819211975819, 'train_learning_rate': 0.004768446985245811, 'train_lr_reduce': 0.6}. Best is trial 558 with value: 0.30280801653862.
[I 2024-12-20 00:18:09,110] Trial 812 finished with value: 0.34804674983024597 and parameters: {'mlp_n_layers': 4, 'mlp_dim_00': 344, 'mlp_dim_01': 358, 'mlp_dim_02': 316, 'mlp_dim_03': 509, 'node_hidden_dim': 104, 'edge_hidden_dim': 33, 'depth': 1, 'rep_dropout': 0.025253383286541635, 'train_learning_rate': 0.0013546336305511556, 'train_lr_reduce': 0.6}. Best is trial 558 with value: 0.30280801653862.
[I 2024-12-20 00:18:11,088] Trial 823 finished with value: 1.2902212142944336 and parameters: {'mlp_n_layers': 2, 'mlp_dim_00': 411, 'mlp_dim_01': 428, 'node_hidden_dim': 79, 'edge_hidden_dim': 42, 'depth': 1, 'rep_dropout': 0.1259481109096624, 'train_learning_rate': 0.0063817464389826755, 'train_lr_reduce': 0.6}. Best is trial 558 with value: 0.30280801653862.
[I 2024-12-20 00:18:13,312] Trial 824 finished with value: 1.4061760902404785 and parameters: {'mlp_n_layers': 4, 'mlp_dim_00': 312, 'mlp_dim_01': 303, 'mlp_dim_02': 257, 'mlp_dim_03': 437, 'node_hidden_dim': 118, 'edge_hidden_dim': 46, 'depth': 1, 'rep_dropout': 0.01704895918434239, 'train_learning_rate': 0.0032874606903665515, 'train_lr_reduce': 0.6}. Best is trial 558 with value: 0.30280801653862.
[I 2024-12-20 00:18:14,354] Trial 825 finished with value: 1.5327197313308716 and parameters: {'mlp_n_layers': 3, 'mlp_dim_00': 497, 'mlp_dim_01': 390, 'mlp_dim_02': 341, 'node_hidden_dim': 104, 'edge_hidden_dim': 69, 'depth': 1, 'rep_dropout': 0.002285988566627338, 'train_learning_rate': 0.0016132797121632461, 'train_lr_reduce': 0.6}. Best is trial 558 with value: 0.30280801653862.
[I 2024-12-20 00:18:17,525] Trial 821 finished with value: 0.38778558373451233 and parameters: {'mlp_n_layers': 4, 'mlp_dim_00': 183, 'mlp_dim_01': 404, 'mlp_dim_02': 378, 'mlp_dim_03': 384, 'node_hidden_dim': 55, 'edge_hidden_dim': 47, 'depth': 1, 'rep_dropout': 0.03292888860098693, 'train_learning_rate': 0.0022877813020708896, 'train_lr_reduce': 0.6}. Best is trial 558 with value: 0.30280801653862.
[I 2024-12-20 00:18:18,093] Trial 827 finished with value: 1.5317234992980957 and parameters: {'mlp_n_layers': 3, 'mlp_dim_00': 286, 'mlp_dim_01': 512, 'mlp_dim_02': 222, 'node_hidden_dim': 92, 'edge_hidden_dim': 48, 'depth': 2, 'rep_dropout': 0.03163070649603934, 'train_learning_rate': 0.0016388642328556532, 'train_lr_reduce': 0.6}. Best is trial 558 with value: 0.30280801653862.
[I 2024-12-20 00:18:21,252] Trial 826 finished with value: 0.5411363840103149 and parameters: {'mlp_n_layers': 3, 'mlp_dim_00': 103, 'mlp_dim_01': 347, 'mlp_dim_02': 151, 'node_hidden_dim': 128, 'edge_hidden_dim': 54, 'depth': 1, 'rep_dropout': 0.016107413517065548, 'train_learning_rate': 0.0026660388680254223, 'train_lr_reduce': 0.6}. Best is trial 558 with value: 0.30280801653862.
[I 2024-12-20 00:18:27,801] Trial 829 finished with value: 0.43040546774864197 and parameters: {'mlp_n_layers': 4, 'mlp_dim_00': 309, 'mlp_dim_01': 264, 'mlp_dim_02': 292, 'mlp_dim_03': 297, 'node_hidden_dim': 99, 'edge_hidden_dim': 61, 'depth': 1, 'rep_dropout': 0.03865565443818912, 'train_learning_rate': 0.0026072712260433455, 'train_lr_reduce': 0.6}. Best is trial 558 with value: 0.30280801653862.
[I 2024-12-20 00:18:29,273] Trial 830 finished with value: 1.236261010169983 and parameters: {'mlp_n_layers': 4, 'mlp_dim_00': 265, 'mlp_dim_01': 377, 'mlp_dim_02': 373, 'mlp_dim_03': 400, 'node_hidden_dim': 80, 'edge_hidden_dim': 49, 'depth': 2, 'rep_dropout': 0.03096425062419326, 'train_learning_rate': 0.004258935141884337, 'train_lr_reduce': 0.6}. Best is trial 558 with value: 0.30280801653862.
