[I 2024-12-20 00:36:54,579] Trial 1160 finished with value: 0.46701717376708984 and parameters: {'mlp_n_layers': 2, 'mlp_dim_00': 199, 'mlp_dim_01': 273, 'node_hidden_dim': 80, 'edge_hidden_dim': 127, 'depth': 1, 'rep_dropout': 0.015558619490762343, 'train_learning_rate': 0.004882154668668305, 'train_lr_reduce': 0.6}. Best is trial 558 with value: 0.30280801653862.
[I 2024-12-20 00:37:05,743] Trial 1163 finished with value: 0.4817902147769928 and parameters: {'mlp_n_layers': 4, 'mlp_dim_00': 161, 'mlp_dim_01': 244, 'mlp_dim_02': 312, 'mlp_dim_03': 297, 'node_hidden_dim': 122, 'edge_hidden_dim': 34, 'depth': 1, 'rep_dropout': 0.01264225845735105, 'train_learning_rate': 0.0017049797175122741, 'train_lr_reduce': 0.6}. Best is trial 558 with value: 0.30280801653862.
[I 2024-12-20 00:37:07,870] Trial 1158 finished with value: 0.37130236625671387 and parameters: {'mlp_n_layers': 3, 'mlp_dim_00': 178, 'mlp_dim_01': 152, 'mlp_dim_02': 318, 'node_hidden_dim': 123, 'edge_hidden_dim': 42, 'depth': 1, 'rep_dropout': 0.006597980851083296, 'train_learning_rate': 0.0016997750302794948, 'train_lr_reduce': 0.6}. Best is trial 558 with value: 0.30280801653862.
[I 2024-12-20 00:37:14,362] Trial 1166 finished with value: 1.3295971155166626 and parameters: {'mlp_n_layers': 3, 'mlp_dim_00': 155, 'mlp_dim_01': 158, 'mlp_dim_02': 317, 'node_hidden_dim': 121, 'edge_hidden_dim': 52, 'depth': 2, 'rep_dropout': 0.011923568067653068, 'train_learning_rate': 0.004122939887976544, 'train_lr_reduce': 0.6}. Best is trial 558 with value: 0.30280801653862.
[I 2024-12-20 00:37:16,668] Trial 1164 finished with value: 0.3486148416996002 and parameters: {'mlp_n_layers': 4, 'mlp_dim_00': 289, 'mlp_dim_01': 342, 'mlp_dim_02': 426, 'mlp_dim_03': 174, 'node_hidden_dim': 108, 'edge_hidden_dim': 42, 'depth': 1, 'rep_dropout': 0.005558841854784363, 'train_learning_rate': 0.0009644277549911609, 'train_lr_reduce': 0.6}. Best is trial 558 with value: 0.30280801653862.
[I 2024-12-20 00:37:18,604] Trial 1167 finished with value: 1.5581098794937134 and parameters: {'mlp_n_layers': 4, 'mlp_dim_00': 285, 'mlp_dim_01': 297, 'mlp_dim_02': 395, 'mlp_dim_03': 130, 'node_hidden_dim': 111, 'edge_hidden_dim': 53, 'depth': 1, 'rep_dropout': 0.025487252962368145, 'train_learning_rate': 0.0008297559053212923, 'train_lr_reduce': 0.6}. Best is trial 558 with value: 0.30280801653862.
[I 2024-12-20 00:37:28,065] Trial 1169 finished with value: 0.45728689432144165 and parameters: {'mlp_n_layers': 4, 'mlp_dim_00': 512, 'mlp_dim_01': 347, 'mlp_dim_02': 368, 'mlp_dim_03': 71, 'node_hidden_dim': 123, 'edge_hidden_dim': 36, 'depth': 1, 'rep_dropout': 0.005205138053059484, 'train_learning_rate': 0.0032515259648755457, 'train_lr_reduce': 0.6}. Best is trial 558 with value: 0.30280801653862.
[I 2024-12-20 00:37:28,900] Trial 1165 finished with value: 0.391910195350647 and parameters: {'mlp_n_layers': 4, 'mlp_dim_00': 214, 'mlp_dim_01': 215, 'mlp_dim_02': 365, 'mlp_dim_03': 256, 'node_hidden_dim': 126, 'edge_hidden_dim': 61, 'depth': 1, 'rep_dropout': 0.0032761619441508934, 'train_learning_rate': 0.0003724445235147129, 'train_lr_reduce': 0.6}. Best is trial 558 with value: 0.30280801653862.
[I 2024-12-20 00:37:32,542] Trial 1170 finished with value: 1.3136941194534302 and parameters: {'mlp_n_layers': 1, 'mlp_dim_00': 424, 'node_hidden_dim': 40, 'edge_hidden_dim': 34, 'depth': 1, 'rep_dropout': 0.03242643895632532, 'train_learning_rate': 0.007267031395376148, 'train_lr_reduce': 0.6}. Best is trial 558 with value: 0.30280801653862.
[I 2024-12-20 00:37:35,762] Trial 1171 finished with value: 1.4410674571990967 and parameters: {'mlp_n_layers': 3, 'mlp_dim_00': 230, 'mlp_dim_01': 247, 'mlp_dim_02': 429, 'node_hidden_dim': 105, 'edge_hidden_dim': 85, 'depth': 4, 'rep_dropout': 0.012061626583712057, 'train_learning_rate': 0.0015234675037737845, 'train_lr_reduce': 0.6}. Best is trial 558 with value: 0.30280801653862.
[I 2024-12-20 00:37:39,081] Trial 1168 finished with value: 0.35530272126197815 and parameters: {'mlp_n_layers': 4, 'mlp_dim_00': 246, 'mlp_dim_01': 320, 'mlp_dim_02': 340, 'mlp_dim_03': 75, 'node_hidden_dim': 128, 'edge_hidden_dim': 51, 'depth': 1, 'rep_dropout': 0.018918556006295783, 'train_learning_rate': 0.0030177098471335924, 'train_lr_reduce': 0.6}. Best is trial 558 with value: 0.30280801653862.
[I 2024-12-20 00:37:40,673] Trial 1173 finished with value: 1.538465976715088 and parameters: {'mlp_n_layers': 1, 'mlp_dim_00': 164, 'node_hidden_dim': 121, 'edge_hidden_dim': 88, 'depth': 4, 'rep_dropout': 0.03840130639183291, 'train_learning_rate': 0.00025449490912449993, 'train_lr_reduce': 0.6}. Best is trial 558 with value: 0.30280801653862.
[I 2024-12-20 00:37:44,476] Trial 1174 finished with value: 1.3428775072097778 and parameters: {'mlp_n_layers': 1, 'mlp_dim_00': 452, 'node_hidden_dim': 47, 'edge_hidden_dim': 94, 'depth': 4, 'rep_dropout': 0.09045119971632619, 'train_learning_rate': 0.0055018418900829175, 'train_lr_reduce': 0.6}. Best is trial 558 with value: 0.30280801653862.
[I 2024-12-20 00:37:44,686] Trial 1172 finished with value: 0.379620224237442 and parameters: {'mlp_n_layers': 3, 'mlp_dim_00': 387, 'mlp_dim_01': 354, 'mlp_dim_02': 304, 'node_hidden_dim': 126, 'edge_hidden_dim': 34, 'depth': 1, 'rep_dropout': 0.08263033179729076, 'train_learning_rate': 0.001257019644041972, 'train_lr_reduce': 0.6}. Best is trial 558 with value: 0.30280801653862.
[I 2024-12-20 00:37:53,845] Trial 1175 finished with value: 0.4008236527442932 and parameters: {'mlp_n_layers': 4, 'mlp_dim_00': 218, 'mlp_dim_01': 278, 'mlp_dim_02': 347, 'mlp_dim_03': 93, 'node_hidden_dim': 122, 'edge_hidden_dim': 42, 'depth': 1, 'rep_dropout': 0.03566601680810333, 'train_learning_rate': 0.0012679214360340504, 'train_lr_reduce': 0.6}. Best is trial 558 with value: 0.30280801653862.
[I 2024-12-20 00:37:58,689] Trial 1177 finished with value: 0.43717697262763977 and parameters: {'mlp_n_layers': 4, 'mlp_dim_00': 355, 'mlp_dim_01': 207, 'mlp_dim_02': 301, 'mlp_dim_03': 123, 'node_hidden_dim': 93, 'edge_hidden_dim': 45, 'depth': 1, 'rep_dropout': 0.02801705847536405, 'train_learning_rate': 0.0012253023443390709, 'train_lr_reduce': 0.6}. Best is trial 558 with value: 0.30280801653862.
[I 2024-12-20 00:37:59,261] Trial 1178 finished with value: 1.565562129020691 and parameters: {'mlp_n_layers': 4, 'mlp_dim_00': 350, 'mlp_dim_01': 160, 'mlp_dim_02': 450, 'mlp_dim_03': 286, 'node_hidden_dim': 123, 'edge_hidden_dim': 59, 'depth': 2, 'rep_dropout': 0.0009246485252607101, 'train_learning_rate': 0.000685175815840824, 'train_lr_reduce': 0.6}. Best is trial 558 with value: 0.30280801653862.
[I 2024-12-20 00:38:07,096] Trial 1176 finished with value: 0.33195215463638306 and parameters: {'mlp_n_layers': 4, 'mlp_dim_00': 300, 'mlp_dim_01': 346, 'mlp_dim_02': 404, 'mlp_dim_03': 147, 'node_hidden_dim': 124, 'edge_hidden_dim': 59, 'depth': 1, 'rep_dropout': 0.023236641946075963, 'train_learning_rate': 0.0016954844754328276, 'train_lr_reduce': 0.6}. Best is trial 558 with value: 0.30280801653862.
[I 2024-12-20 00:38:11,741] Trial 1181 finished with value: 1.4751745462417603 and parameters: {'mlp_n_layers': 1, 'mlp_dim_00': 510, 'node_hidden_dim': 112, 'edge_hidden_dim': 111, 'depth': 3, 'rep_dropout': 0.07902745381599452, 'train_learning_rate': 0.0004259043436867237, 'train_lr_reduce': 0.6}. Best is trial 558 with value: 0.30280801653862.
[I 2024-12-20 00:38:14,807] Trial 1180 finished with value: 0.34126847982406616 and parameters: {'mlp_n_layers': 4, 'mlp_dim_00': 417, 'mlp_dim_01': 346, 'mlp_dim_02': 343, 'mlp_dim_03': 308, 'node_hidden_dim': 120, 'edge_hidden_dim': 35, 'depth': 1, 'rep_dropout': 0.022117777778791488, 'train_learning_rate': 0.0013311536390849096, 'train_lr_reduce': 0.6}. Best is trial 558 with value: 0.30280801653862.
[I 2024-12-20 00:38:16,102] Trial 1179 finished with value: 0.38426604866981506 and parameters: {'mlp_n_layers': 4, 'mlp_dim_00': 459, 'mlp_dim_01': 294, 'mlp_dim_02': 378, 'mlp_dim_03': 111, 'node_hidden_dim': 108, 'edge_hidden_dim': 43, 'depth': 1, 'rep_dropout': 0.0011290688172624769, 'train_learning_rate': 0.0011182593223319124, 'train_lr_reduce': 0.6}. Best is trial 558 with value: 0.30280801653862.
[I 2024-12-20 00:38:26,628] Trial 1182 finished with value: 0.4268450438976288 and parameters: {'mlp_n_layers': 4, 'mlp_dim_00': 258, 'mlp_dim_01': 361, 'mlp_dim_02': 453, 'mlp_dim_03': 120, 'node_hidden_dim': 125, 'edge_hidden_dim': 60, 'depth': 2, 'rep_dropout': 0.010695257277051682, 'train_learning_rate': 0.0021565647346332498, 'train_lr_reduce': 0.6}. Best is trial 558 with value: 0.30280801653862.
[I 2024-12-20 00:38:28,298] Trial 1183 finished with value: 0.4328598082065582 and parameters: {'mlp_n_layers': 3, 'mlp_dim_00': 470, 'mlp_dim_01': 373, 'mlp_dim_02': 415, 'node_hidden_dim': 126, 'edge_hidden_dim': 57, 'depth': 1, 'rep_dropout': 0.07544394796637825, 'train_learning_rate': 0.0024941410840776212, 'train_lr_reduce': 0.6}. Best is trial 558 with value: 0.30280801653862.
[I 2024-12-20 00:38:30,344] Trial 1185 finished with value: 1.5316662788391113 and parameters: {'mlp_n_layers': 4, 'mlp_dim_00': 173, 'mlp_dim_01': 362, 'mlp_dim_02': 438, 'mlp_dim_03': 135, 'node_hidden_dim': 122, 'edge_hidden_dim': 40, 'depth': 1, 'rep_dropout': 0.02376950067894168, 'train_learning_rate': 0.0007313003549946085, 'train_lr_reduce': 0.6}. Best is trial 558 with value: 0.30280801653862.
[I 2024-12-20 00:38:31,913] Trial 1186 finished with value: 1.2925728559494019 and parameters: {'mlp_n_layers': 2, 'mlp_dim_00': 456, 'mlp_dim_01': 237, 'node_hidden_dim': 106, 'edge_hidden_dim': 38, 'depth': 3, 'rep_dropout': 0.09439967591529336, 'train_learning_rate': 0.0024315879599259944, 'train_lr_reduce': 0.6}. Best is trial 558 with value: 0.30280801653862.
[I 2024-12-20 00:38:33,493] Trial 1184 finished with value: 0.3864208459854126 and parameters: {'mlp_n_layers': 3, 'mlp_dim_00': 216, 'mlp_dim_01': 362, 'mlp_dim_02': 414, 'node_hidden_dim': 119, 'edge_hidden_dim': 43, 'depth': 1, 'rep_dropout': 0.013760105015185611, 'train_learning_rate': 0.003114414516471598, 'train_lr_reduce': 0.6}. Best is trial 558 with value: 0.30280801653862.
[I 2024-12-20 00:38:33,543] Trial 1187 finished with value: 1.561745285987854 and parameters: {'mlp_n_layers': 4, 'mlp_dim_00': 173, 'mlp_dim_01': 149, 'mlp_dim_02': 415, 'mlp_dim_03': 162, 'node_hidden_dim': 128, 'edge_hidden_dim': 50, 'depth': 1, 'rep_dropout': 0.03163552873308987, 'train_learning_rate': 0.0005393604639963321, 'train_lr_reduce': 0.6}. Best is trial 558 with value: 0.30280801653862.
[I 2024-12-20 00:38:35,726] Trial 1188 finished with value: 1.5451523065567017 and parameters: {'mlp_n_layers': 3, 'mlp_dim_00': 210, 'mlp_dim_01': 194, 'mlp_dim_02': 472, 'node_hidden_dim': 38, 'edge_hidden_dim': 126, 'depth': 2, 'rep_dropout': 0.07640375133079927, 'train_learning_rate': 0.0022520239967803997, 'train_lr_reduce': 0.6}. Best is trial 558 with value: 0.30280801653862.
[I 2024-12-20 00:38:37,369] Trial 1190 finished with value: 1.3084155321121216 and parameters: {'mlp_n_layers': 3, 'mlp_dim_00': 269, 'mlp_dim_01': 328, 'mlp_dim_02': 414, 'node_hidden_dim': 113, 'edge_hidden_dim': 81, 'depth': 1, 'rep_dropout': 0.04254207138447097, 'train_learning_rate': 0.0031089022851075285, 'train_lr_reduce': 0.6}. Best is trial 558 with value: 0.30280801653862.
[I 2024-12-20 00:38:39,490] Trial 1191 finished with value: 1.362284541130066 and parameters: {'mlp_n_layers': 3, 'mlp_dim_00': 326, 'mlp_dim_01': 376, 'mlp_dim_02': 476, 'node_hidden_dim': 106, 'edge_hidden_dim': 32, 'depth': 1, 'rep_dropout': 0.011150483404473766, 'train_learning_rate': 0.004308465539168722, 'train_lr_reduce': 0.6}. Best is trial 558 with value: 0.30280801653862.
[I 2024-12-20 00:38:47,170] Trial 1192 finished with value: 0.4398312270641327 and parameters: {'mlp_n_layers': 4, 'mlp_dim_00': 417, 'mlp_dim_01': 260, 'mlp_dim_02': 424, 'mlp_dim_03': 165, 'node_hidden_dim': 110, 'edge_hidden_dim': 32, 'depth': 1, 'rep_dropout': 0.003784261090584682, 'train_learning_rate': 0.0034108245112441974, 'train_lr_reduce': 0.6}. Best is trial 558 with value: 0.30280801653862.
[I 2024-12-20 00:38:49,610] Trial 1189 finished with value: 0.3559817969799042 and parameters: {'mlp_n_layers': 4, 'mlp_dim_00': 382, 'mlp_dim_01': 358, 'mlp_dim_02': 403, 'mlp_dim_03': 110, 'node_hidden_dim': 125, 'edge_hidden_dim': 39, 'depth': 1, 'rep_dropout': 0.0047871159995618775, 'train_learning_rate': 0.0012978331639388217, 'train_lr_reduce': 0.6}. Best is trial 558 with value: 0.30280801653862.
[I 2024-12-20 00:38:53,143] Trial 1195 finished with value: 1.5170555114746094 and parameters: {'mlp_n_layers': 3, 'mlp_dim_00': 307, 'mlp_dim_01': 205, 'mlp_dim_02': 450, 'node_hidden_dim': 126, 'edge_hidden_dim': 56, 'depth': 1, 'rep_dropout': 0.04529011246836329, 'train_learning_rate': 0.0013120897467148345, 'train_lr_reduce': 0.6}. Best is trial 558 with value: 0.30280801653862.
[I 2024-12-20 00:38:56,143] Trial 1194 finished with value: 1.3577524423599243 and parameters: {'mlp_n_layers': 4, 'mlp_dim_00': 288, 'mlp_dim_01': 369, 'mlp_dim_02': 397, 'mlp_dim_03': 137, 'node_hidden_dim': 120, 'edge_hidden_dim': 35, 'depth': 4, 'rep_dropout': 0.06499127748092823, 'train_learning_rate': 0.0011746149077187637, 'train_lr_reduce': 0.6}. Best is trial 558 with value: 0.30280801653862.
[I 2024-12-20 00:38:59,535] Trial 1193 finished with value: 0.39822980761528015 and parameters: {'mlp_n_layers': 4, 'mlp_dim_00': 327, 'mlp_dim_01': 315, 'mlp_dim_02': 398, 'mlp_dim_03': 138, 'node_hidden_dim': 119, 'edge_hidden_dim': 65, 'depth': 1, 'rep_dropout': 0.02256194760272747, 'train_learning_rate': 0.00116155122838313, 'train_lr_reduce': 0.6}. Best is trial 558 with value: 0.30280801653862.
[I 2024-12-20 00:38:59,554] Trial 1197 finished with value: 1.364577054977417 and parameters: {'mlp_n_layers': 3, 'mlp_dim_00': 409, 'mlp_dim_01': 280, 'mlp_dim_02': 396, 'node_hidden_dim': 84, 'edge_hidden_dim': 68, 'depth': 2, 'rep_dropout': 0.09739330412552179, 'train_learning_rate': 0.003759361111386561, 'train_lr_reduce': 0.6}. Best is trial 558 with value: 0.30280801653862.
[I 2024-12-20 00:39:03,714] Trial 1198 finished with value: 1.574394702911377 and parameters: {'mlp_n_layers': 4, 'mlp_dim_00': 245, 'mlp_dim_01': 377, 'mlp_dim_02': 385, 'mlp_dim_03': 89, 'node_hidden_dim': 112, 'edge_hidden_dim': 38, 'depth': 1, 'rep_dropout': 0.002718287332153943, 'train_learning_rate': 0.00028786822322225415, 'train_lr_reduce': 0.6}. Best is trial 558 with value: 0.30280801653862.
[I 2024-12-20 00:39:04,961] Trial 1196 finished with value: 0.4053122103214264 and parameters: {'mlp_n_layers': 4, 'mlp_dim_00': 256, 'mlp_dim_01': 326, 'mlp_dim_02': 378, 'mlp_dim_03': 166, 'node_hidden_dim': 120, 'edge_hidden_dim': 45, 'depth': 1, 'rep_dropout': 0.04169468155923165, 'train_learning_rate': 0.0026240289175372983, 'train_lr_reduce': 0.6}. Best is trial 558 with value: 0.30280801653862.
[I 2024-12-20 00:39:16,650] Trial 1200 finished with value: 0.44136539101600647 and parameters: {'mlp_n_layers': 4, 'mlp_dim_00': 290, 'mlp_dim_01': 244, 'mlp_dim_02': 380, 'mlp_dim_03': 93, 'node_hidden_dim': 117, 'edge_hidden_dim': 59, 'depth': 1, 'rep_dropout': 0.02377542218806887, 'train_learning_rate': 0.0025487398861790064, 'train_lr_reduce': 0.6}. Best is trial 558 with value: 0.30280801653862.
[I 2024-12-20 00:39:16,924] Trial 1199 finished with value: 0.34884780645370483 and parameters: {'mlp_n_layers': 4, 'mlp_dim_00': 312, 'mlp_dim_01': 375, 'mlp_dim_02': 438, 'mlp_dim_03': 138, 'node_hidden_dim': 128, 'edge_hidden_dim': 33, 'depth': 1, 'rep_dropout': 0.002584840984981236, 'train_learning_rate': 0.0007350919477773907, 'train_lr_reduce': 0.6}. Best is trial 558 with value: 0.30280801653862.
[I 2024-12-20 00:39:17,054] Trial 1201 finished with value: 0.3917115032672882 and parameters: {'mlp_n_layers': 4, 'mlp_dim_00': 225, 'mlp_dim_01': 150, 'mlp_dim_02': 423, 'mlp_dim_03': 186, 'node_hidden_dim': 123, 'edge_hidden_dim': 46, 'depth': 1, 'rep_dropout': 0.010161225246814096, 'train_learning_rate': 0.0012538733669906325, 'train_lr_reduce': 0.6}. Best is trial 558 with value: 0.30280801653862.
[I 2024-12-20 00:39:20,788] Trial 1202 finished with value: 1.4082876443862915 and parameters: {'mlp_n_layers': 2, 'mlp_dim_00': 346, 'mlp_dim_01': 325, 'node_hidden_dim': 91, 'edge_hidden_dim': 56, 'depth': 4, 'rep_dropout': 0.12193846314822501, 'train_learning_rate': 0.005119304260102435, 'train_lr_reduce': 0.6}. Best is trial 558 with value: 0.30280801653862.
[I 2024-12-20 00:39:20,875] Trial 1203 finished with value: 1.4935662746429443 and parameters: {'mlp_n_layers': 4, 'mlp_dim_00': 272, 'mlp_dim_01': 280, 'mlp_dim_02': 477, 'mlp_dim_03': 181, 'node_hidden_dim': 103, 'edge_hidden_dim': 51, 'depth': 2, 'rep_dropout': 0.018795810735478608, 'train_learning_rate': 0.0018639623164232904, 'train_lr_reduce': 0.6}. Best is trial 558 with value: 0.30280801653862.
[I 2024-12-20 00:39:30,009] Trial 1204 finished with value: 0.4451627731323242 and parameters: {'mlp_n_layers': 4, 'mlp_dim_00': 164, 'mlp_dim_01': 289, 'mlp_dim_02': 478, 'mlp_dim_03': 64, 'node_hidden_dim': 124, 'edge_hidden_dim': 40, 'depth': 1, 'rep_dropout': 0.0009262045799737113, 'train_learning_rate': 0.0008801008419563731, 'train_lr_reduce': 0.6}. Best is trial 558 with value: 0.30280801653862.
[I 2024-12-20 00:39:30,160] Trial 1205 finished with value: 0.48302948474884033 and parameters: {'mlp_n_layers': 3, 'mlp_dim_00': 201, 'mlp_dim_01': 210, 'mlp_dim_02': 377, 'node_hidden_dim': 128, 'edge_hidden_dim': 55, 'depth': 1, 'rep_dropout': 0.031231301581828255, 'train_learning_rate': 0.0014910880809565269, 'train_lr_reduce': 0.6}. Best is trial 558 with value: 0.30280801653862.
[I 2024-12-20 00:39:33,781] Trial 1207 finished with value: 1.5621417760849 and parameters: {'mlp_n_layers': 4, 'mlp_dim_00': 432, 'mlp_dim_01': 330, 'mlp_dim_02': 419, 'mlp_dim_03': 220, 'node_hidden_dim': 125, 'edge_hidden_dim': 33, 'depth': 1, 'rep_dropout': 0.008370344546598898, 'train_learning_rate': 0.0006464742051366409, 'train_lr_reduce': 0.6}. Best is trial 558 with value: 0.30280801653862.
[I 2024-12-20 00:39:34,342] Trial 1208 finished with value: 1.3566604852676392 and parameters: {'mlp_n_layers': 4, 'mlp_dim_00': 323, 'mlp_dim_01': 390, 'mlp_dim_02': 367, 'mlp_dim_03': 119, 'node_hidden_dim': 96, 'edge_hidden_dim': 69, 'depth': 1, 'rep_dropout': 0.0056396397275222075, 'train_learning_rate': 0.004351664974253555, 'train_lr_reduce': 0.6}. Best is trial 558 with value: 0.30280801653862.
[I 2024-12-20 00:39:37,534] Trial 1209 finished with value: 1.521471619606018 and parameters: {'mlp_n_layers': 1, 'mlp_dim_00': 444, 'node_hidden_dim': 90, 'edge_hidden_dim': 51, 'depth': 1, 'rep_dropout': 0.12343676461057485, 'train_learning_rate': 0.00023466890690712275, 'train_lr_reduce': 0.6}. Best is trial 558 with value: 0.30280801653862.
[I 2024-12-20 00:39:38,606] Trial 1210 finished with value: 1.5285494327545166 and parameters: {'mlp_n_layers': 4, 'mlp_dim_00': 391, 'mlp_dim_01': 179, 'mlp_dim_02': 414, 'mlp_dim_03': 218, 'node_hidden_dim': 93, 'edge_hidden_dim': 58, 'depth': 2, 'rep_dropout': 0.0019512743741948932, 'train_learning_rate': 0.0013107545338442684, 'train_lr_reduce': 0.6}. Best is trial 558 with value: 0.30280801653862.
[I 2024-12-20 00:39:40,390] Trial 1206 finished with value: 0.36533135175704956 and parameters: {'mlp_n_layers': 4, 'mlp_dim_00': 250, 'mlp_dim_01': 354, 'mlp_dim_02': 370, 'mlp_dim_03': 137, 'node_hidden_dim': 126, 'edge_hidden_dim': 54, 'depth': 1, 'rep_dropout': 0.024965727691806466, 'train_learning_rate': 0.0024402758985729123, 'train_lr_reduce': 0.6}. Best is trial 558 with value: 0.30280801653862.
[I 2024-12-20 00:39:52,216] Trial 1212 finished with value: 0.4782814085483551 and parameters: {'mlp_n_layers': 4, 'mlp_dim_00': 425, 'mlp_dim_01': 320, 'mlp_dim_02': 357, 'mlp_dim_03': 266, 'node_hidden_dim': 112, 'edge_hidden_dim': 70, 'depth': 1, 'rep_dropout': 0.0004986281078685623, 'train_learning_rate': 0.001416636554718564, 'train_lr_reduce': 0.6}. Best is trial 558 with value: 0.30280801653862.
[I 2024-12-20 00:39:53,023] Trial 1211 finished with value: 0.34869787096977234 and parameters: {'mlp_n_layers': 4, 'mlp_dim_00': 385, 'mlp_dim_01': 250, 'mlp_dim_02': 291, 'mlp_dim_03': 209, 'node_hidden_dim': 122, 'edge_hidden_dim': 65, 'depth': 1, 'rep_dropout': 0.030077619032220167, 'train_learning_rate': 0.0019543560988599384, 'train_lr_reduce': 0.6}. Best is trial 558 with value: 0.30280801653862.
[I 2024-12-20 00:39:57,421] Trial 1215 finished with value: 1.5584983825683594 and parameters: {'mlp_n_layers': 4, 'mlp_dim_00': 466, 'mlp_dim_01': 140, 'mlp_dim_02': 289, 'mlp_dim_03': 300, 'node_hidden_dim': 100, 'edge_hidden_dim': 41, 'depth': 2, 'rep_dropout': 0.0016614731186812134, 'train_learning_rate': 0.002223793801856553, 'train_lr_reduce': 0.6}. Best is trial 558 with value: 0.30280801653862.
[I 2024-12-20 00:40:02,305] Trial 1216 finished with value: 1.5809849500656128 and parameters: {'mlp_n_layers': 3, 'mlp_dim_00': 318, 'mlp_dim_01': 297, 'mlp_dim_02': 449, 'node_hidden_dim': 93, 'edge_hidden_dim': 73, 'depth': 4, 'rep_dropout': 0.13232220626390168, 'train_learning_rate': 0.00011393371770233667, 'train_lr_reduce': 0.6}. Best is trial 558 with value: 0.30280801653862.
[I 2024-12-20 00:40:05,744] Trial 1214 finished with value: 0.4906734824180603 and parameters: {'mlp_n_layers': 2, 'mlp_dim_00': 229, 'mlp_dim_01': 352, 'node_hidden_dim': 121, 'edge_hidden_dim': 42, 'depth': 1, 'rep_dropout': 0.007862221644746502, 'train_learning_rate': 0.004351195957101368, 'train_lr_reduce': 0.6}. Best is trial 558 with value: 0.30280801653862.
[I 2024-12-20 00:40:10,261] Trial 1218 finished with value: 1.552901029586792 and parameters: {'mlp_n_layers': 2, 'mlp_dim_00': 288, 'mlp_dim_01': 353, 'node_hidden_dim': 42, 'edge_hidden_dim': 83, 'depth': 4, 'rep_dropout': 0.0475180586160929, 'train_learning_rate': 0.0001920955142486466, 'train_lr_reduce': 0.6}. Best is trial 558 with value: 0.30280801653862.
