[I 2024-12-04 17:53:11,487] Trial 1457 finished with value: 0.31150289218075633 and parameters: {'n_estimators': 898, 'max_depth': 6, 'learning_rate': 0.07613902388287619, 'subsample': 0.769842490808577, 'colsample_bytree': 0.71879289750671, 'min_child_weight': 2, 'gamma': 0.0008188868814699473, 'reg_alpha': 0.0001305173583899428, 'reg_lambda': 0.01645367462251318}. Best is trial 1319 with value: 0.30197738672869706.
[I 2024-12-04 17:53:13,058] Trial 1458 finished with value: 0.3224771724995712 and parameters: {'n_estimators': 900, 'max_depth': 6, 'learning_rate': 0.07737719042884549, 'subsample': 0.7671562798632118, 'colsample_bytree': 0.7207800065831917, 'min_child_weight': 2, 'gamma': 0.0008488474745241248, 'reg_alpha': 0.0001387179472584876, 'reg_lambda': 0.01550460667720919}. Best is trial 1319 with value: 0.30197738672869706.
[I 2024-12-04 17:53:14,583] Trial 1459 finished with value: 0.31615735442671083 and parameters: {'n_estimators': 899, 'max_depth': 6, 'learning_rate': 0.07583226650651334, 'subsample': 0.7681262784751475, 'colsample_bytree': 0.7169069404814516, 'min_child_weight': 2, 'gamma': 0.0008098559047857546, 'reg_alpha': 0.00011229933530440057, 'reg_lambda': 0.013660487617925465}. Best is trial 1319 with value: 0.30197738672869706.
[I 2024-12-04 17:53:15,992] Trial 1460 finished with value: 0.3110676865102048 and parameters: {'n_estimators': 901, 'max_depth': 6, 'learning_rate': 0.07554396366191672, 'subsample': 0.7696743252862476, 'colsample_bytree': 0.7214562475411224, 'min_child_weight': 2, 'gamma': 0.0007138156002984362, 'reg_alpha': 0.00010907901329872011, 'reg_lambda': 0.014164445485801777}. Best is trial 1319 with value: 0.30197738672869706.
[I 2024-12-04 17:53:17,397] Trial 1461 finished with value: 0.32055041391385247 and parameters: {'n_estimators': 898, 'max_depth': 6, 'learning_rate': 0.07581917533411209, 'subsample': 0.768621991396442, 'colsample_bytree': 0.7211933255091598, 'min_child_weight': 2, 'gamma': 0.0008337680169828362, 'reg_alpha': 0.00013074198537330056, 'reg_lambda': 0.01629886818219308}. Best is trial 1319 with value: 0.30197738672869706.
[I 2024-12-04 17:53:18,801] Trial 1462 finished with value: 0.3231402205391134 and parameters: {'n_estimators': 903, 'max_depth': 6, 'learning_rate': 0.07731830121021913, 'subsample': 0.7676041475631927, 'colsample_bytree': 0.7188383883253343, 'min_child_weight': 2, 'gamma': 0.0008293123115697996, 'reg_alpha': 0.0001301702822456162, 'reg_lambda': 0.016011978757551722}. Best is trial 1319 with value: 0.30197738672869706.
[I 2024-12-04 17:53:20,206] Trial 1463 finished with value: 0.3127609501658416 and parameters: {'n_estimators': 912, 'max_depth': 6, 'learning_rate': 0.07610779426004484, 'subsample': 0.7677096581612275, 'colsample_bytree': 0.7194548689894684, 'min_child_weight': 2, 'gamma': 0.0007903372944541532, 'reg_alpha': 0.00012466054436327818, 'reg_lambda': 0.014555654258411986}. Best is trial 1319 with value: 0.30197738672869706.
[I 2024-12-04 17:53:21,591] Trial 1464 finished with value: 0.3123139878517388 and parameters: {'n_estimators': 894, 'max_depth': 6, 'learning_rate': 0.07501306910502883, 'subsample': 0.769182768108365, 'colsample_bytree': 0.7189436217539218, 'min_child_weight': 2, 'gamma': 0.0008839804527877796, 'reg_alpha': 0.00010931842032582638, 'reg_lambda': 0.01500101930470628}. Best is trial 1319 with value: 0.30197738672869706.
[I 2024-12-04 17:53:23,119] Trial 1465 finished with value: 0.31587629085555735 and parameters: {'n_estimators': 899, 'max_depth': 6, 'learning_rate': 0.07612365220155412, 'subsample': 0.7696169525078188, 'colsample_bytree': 0.7220337269015918, 'min_child_weight': 2, 'gamma': 0.000792229204276399, 'reg_alpha': 0.00011842405374982034, 'reg_lambda': 0.015742803434952175}. Best is trial 1319 with value: 0.30197738672869706.
[I 2024-12-04 17:53:24,720] Trial 1466 finished with value: 0.313035433606325 and parameters: {'n_estimators': 895, 'max_depth': 6, 'learning_rate': 0.07464119708466967, 'subsample': 0.77048184310506, 'colsample_bytree': 0.7191570093808456, 'min_child_weight': 2, 'gamma': 0.000785310690622981, 'reg_alpha': 0.00011209498802076254, 'reg_lambda': 0.013268046736308672}. Best is trial 1319 with value: 0.30197738672869706.
[I 2024-12-04 17:53:26,142] Trial 1467 finished with value: 0.310996024039263 and parameters: {'n_estimators': 898, 'max_depth': 6, 'learning_rate': 0.07581237589562605, 'subsample': 0.768895297342441, 'colsample_bytree': 0.7201316405789864, 'min_child_weight': 2, 'gamma': 0.0008145881898696867, 'reg_alpha': 0.00011143201642475884, 'reg_lambda': 0.01564644307245955}. Best is trial 1319 with value: 0.30197738672869706.
[I 2024-12-04 17:53:27,544] Trial 1468 finished with value: 0.3155576984660259 and parameters: {'n_estimators': 897, 'max_depth': 6, 'learning_rate': 0.07506668424609005, 'subsample': 0.7687447872270289, 'colsample_bytree': 0.7215480563799413, 'min_child_weight': 2, 'gamma': 0.0008168158745324146, 'reg_alpha': 0.00011301247903464551, 'reg_lambda': 0.015581427809140864}. Best is trial 1319 with value: 0.30197738672869706.
[I 2024-12-04 17:53:29,087] Trial 1469 finished with value: 0.3142949391089389 and parameters: {'n_estimators': 897, 'max_depth': 6, 'learning_rate': 0.0745324629167599, 'subsample': 0.7700747622412879, 'colsample_bytree': 0.720510291206294, 'min_child_weight': 2, 'gamma': 0.0007903418543159841, 'reg_alpha': 0.0001016744966463763, 'reg_lambda': 0.013020912262503148}. Best is trial 1319 with value: 0.30197738672869706.
[I 2024-12-04 17:53:30,468] Trial 1470 finished with value: 0.3205158948827268 and parameters: {'n_estimators': 897, 'max_depth': 6, 'learning_rate': 0.07609317626664816, 'subsample': 0.7698839251480539, 'colsample_bytree': 0.7165961522651773, 'min_child_weight': 2, 'gamma': 0.0007800961312755768, 'reg_alpha': 0.00011767480652455246, 'reg_lambda': 0.014208966316600744}. Best is trial 1319 with value: 0.30197738672869706.
[I 2024-12-04 17:53:31,860] Trial 1471 finished with value: 0.3158080048739253 and parameters: {'n_estimators': 901, 'max_depth': 6, 'learning_rate': 0.07558668816317851, 'subsample': 0.7689469110679898, 'colsample_bytree': 0.7231666965594017, 'min_child_weight': 2, 'gamma': 0.0008672021100453925, 'reg_alpha': 0.00012756091399849625, 'reg_lambda': 0.01486051552897844}. Best is trial 1319 with value: 0.30197738672869706.
[I 2024-12-04 17:53:33,314] Trial 1472 finished with value: 0.31406855551111573 and parameters: {'n_estimators': 895, 'max_depth': 6, 'learning_rate': 0.07468619280002932, 'subsample': 0.7698600860218736, 'colsample_bytree': 0.7200658758735327, 'min_child_weight': 2, 'gamma': 0.000801226802498343, 'reg_alpha': 0.00010144725345564675, 'reg_lambda': 0.015671539735171845}. Best is trial 1319 with value: 0.30197738672869706.
[I 2024-12-04 17:53:34,731] Trial 1473 finished with value: 0.31117614349780265 and parameters: {'n_estimators': 901, 'max_depth': 6, 'learning_rate': 0.07597447356620464, 'subsample': 0.7685807321719503, 'colsample_bytree': 0.7183148639281145, 'min_child_weight': 2, 'gamma': 0.0007872688644578993, 'reg_alpha': 0.00012184239621655095, 'reg_lambda': 0.01521046928766613}. Best is trial 1319 with value: 0.30197738672869706.
[I 2024-12-04 17:53:36,289] Trial 1474 finished with value: 0.30962182819508993 and parameters: {'n_estimators': 898, 'max_depth': 6, 'learning_rate': 0.07649200319753852, 'subsample': 0.7678321961743048, 'colsample_bytree': 0.7229701866153022, 'min_child_weight': 2, 'gamma': 0.0008043754275066739, 'reg_alpha': 0.0001372448260116836, 'reg_lambda': 0.01571036755747719}. Best is trial 1319 with value: 0.30197738672869706.
[I 2024-12-04 17:53:37,679] Trial 1475 finished with value: 0.3165771838233004 and parameters: {'n_estimators': 895, 'max_depth': 6, 'learning_rate': 0.076804664351435, 'subsample': 0.7691322308076239, 'colsample_bytree': 0.7199417970593668, 'min_child_weight': 2, 'gamma': 0.0008907266929345643, 'reg_alpha': 0.00015778411385715453, 'reg_lambda': 0.014337384492917325}. Best is trial 1319 with value: 0.30197738672869706.
[I 2024-12-04 17:53:39,080] Trial 1476 finished with value: 0.31760940487427847 and parameters: {'n_estimators': 904, 'max_depth': 6, 'learning_rate': 0.07523168642956635, 'subsample': 0.7693614317286898, 'colsample_bytree': 0.7203316356358588, 'min_child_weight': 2, 'gamma': 0.0006978184725622383, 'reg_alpha': 9.005696265450774e-05, 'reg_lambda': 0.01580571131672059}. Best is trial 1319 with value: 0.30197738672869706.
[I 2024-12-04 17:53:40,454] Trial 1477 finished with value: 0.3098377552914214 and parameters: {'n_estimators': 893, 'max_depth': 6, 'learning_rate': 0.07540621260145638, 'subsample': 0.7701504707810922, 'colsample_bytree': 0.7196494070673232, 'min_child_weight': 2, 'gamma': 0.0008309483836764787, 'reg_alpha': 0.00012524155052047096, 'reg_lambda': 0.014594949946358089}. Best is trial 1319 with value: 0.30197738672869706.
[I 2024-12-04 17:53:41,974] Trial 1478 finished with value: 0.3172387175132442 and parameters: {'n_estimators': 891, 'max_depth': 6, 'learning_rate': 0.07536214319466514, 'subsample': 0.7695796262863864, 'colsample_bytree': 0.7190977049363493, 'min_child_weight': 2, 'gamma': 0.0008044883326510865, 'reg_alpha': 0.0001196547541425207, 'reg_lambda': 0.014612237389756458}. Best is trial 1319 with value: 0.30197738672869706.
[I 2024-12-04 17:53:43,454] Trial 1479 finished with value: 0.3158342962527094 and parameters: {'n_estimators': 895, 'max_depth': 6, 'learning_rate': 0.07568072255578605, 'subsample': 0.769239955442417, 'colsample_bytree': 0.7216099139368859, 'min_child_weight': 2, 'gamma': 0.0008064562138485086, 'reg_alpha': 0.0001289883302349498, 'reg_lambda': 0.017265986561887228}. Best is trial 1319 with value: 0.30197738672869706.
[I 2024-12-04 17:53:44,902] Trial 1480 finished with value: 0.3184691527773324 and parameters: {'n_estimators': 898, 'max_depth': 6, 'learning_rate': 0.07628048293178777, 'subsample': 0.7699024928693332, 'colsample_bytree': 0.7212189130338234, 'min_child_weight': 2, 'gamma': 0.0007509622345762874, 'reg_alpha': 0.00011165928980536949, 'reg_lambda': 0.015891251689786598}. Best is trial 1319 with value: 0.30197738672869706.
[I 2024-12-04 17:53:46,420] Trial 1481 finished with value: 0.3173370306982357 and parameters: {'n_estimators': 895, 'max_depth': 6, 'learning_rate': 0.0767983990895427, 'subsample': 0.7691080223037771, 'colsample_bytree': 0.7220976079328398, 'min_child_weight': 2, 'gamma': 0.0008796781318293565, 'reg_alpha': 0.00013522470574582005, 'reg_lambda': 0.016046641530932153}. Best is trial 1319 with value: 0.30197738672869706.
[I 2024-12-04 17:53:47,833] Trial 1482 finished with value: 0.3233452611405823 and parameters: {'n_estimators': 897, 'max_depth': 6, 'learning_rate': 0.07546780805637866, 'subsample': 0.7679520694358871, 'colsample_bytree': 0.7226214335072269, 'min_child_weight': 2, 'gamma': 0.0008934365044161235, 'reg_alpha': 0.00012448308969025202, 'reg_lambda': 0.015200236457917599}. Best is trial 1319 with value: 0.30197738672869706.
[I 2024-12-04 17:53:49,253] Trial 1483 finished with value: 0.31473117619227187 and parameters: {'n_estimators': 902, 'max_depth': 6, 'learning_rate': 0.07595414917934232, 'subsample': 0.7682818083469327, 'colsample_bytree': 0.71938653288941, 'min_child_weight': 2, 'gamma': 0.000757708601088092, 'reg_alpha': 0.00011262980943187451, 'reg_lambda': 0.015603770964389113}. Best is trial 1319 with value: 0.30197738672869706.
[I 2024-12-04 17:53:50,898] Trial 1484 finished with value: 0.3152724340899565 and parameters: {'n_estimators': 898, 'max_depth': 6, 'learning_rate': 0.07610593392505524, 'subsample': 0.7687638582578278, 'colsample_bytree': 0.7226200909648355, 'min_child_weight': 2, 'gamma': 0.0008544441732911958, 'reg_alpha': 0.00014262639838529527, 'reg_lambda': 0.01614481208710168}. Best is trial 1319 with value: 0.30197738672869706.
[I 2024-12-04 17:53:52,460] Trial 1485 finished with value: 0.31337916589670206 and parameters: {'n_estimators': 895, 'max_depth': 6, 'learning_rate': 0.07635254220249223, 'subsample': 0.769186979058887, 'colsample_bytree': 0.720016647202178, 'min_child_weight': 2, 'gamma': 0.000738435295349713, 'reg_alpha': 0.00013382331341411298, 'reg_lambda': 0.014942273785787786}. Best is trial 1319 with value: 0.30197738672869706.
[I 2024-12-04 17:53:53,905] Trial 1486 finished with value: 0.31218446195099364 and parameters: {'n_estimators': 897, 'max_depth': 6, 'learning_rate': 0.0749684866781789, 'subsample': 0.7679305384420229, 'colsample_bytree': 0.7215827694387458, 'min_child_weight': 2, 'gamma': 0.0007471061707884219, 'reg_alpha': 0.00011505723148011624, 'reg_lambda': 0.01337061917712454}. Best is trial 1319 with value: 0.30197738672869706.
[I 2024-12-04 17:53:55,310] Trial 1487 finished with value: 0.311392833888825 and parameters: {'n_estimators': 898, 'max_depth': 6, 'learning_rate': 0.07610194758942022, 'subsample': 0.768100983275126, 'colsample_bytree': 0.7210670310138643, 'min_child_weight': 2, 'gamma': 0.0007919455218477625, 'reg_alpha': 0.0001289547858621579, 'reg_lambda': 0.01608276056354182}. Best is trial 1319 with value: 0.30197738672869706.
[I 2024-12-04 17:53:56,715] Trial 1488 finished with value: 0.3222781936394112 and parameters: {'n_estimators': 899, 'max_depth': 6, 'learning_rate': 0.07526880060507853, 'subsample': 0.7692412231332395, 'colsample_bytree': 0.7218572950026343, 'min_child_weight': 2, 'gamma': 0.0008032146843580567, 'reg_alpha': 0.00013226266849788624, 'reg_lambda': 0.014928183058086133}. Best is trial 1319 with value: 0.30197738672869706.
[I 2024-12-04 17:53:58,193] Trial 1489 finished with value: 0.3128074607074385 and parameters: {'n_estimators': 894, 'max_depth': 6, 'learning_rate': 0.07590449539225004, 'subsample': 0.7684803416206758, 'colsample_bytree': 0.7191444473334718, 'min_child_weight': 2, 'gamma': 0.000790428992662547, 'reg_alpha': 0.00013953638187854135, 'reg_lambda': 0.015490702373963558}. Best is trial 1319 with value: 0.30197738672869706.
[I 2024-12-04 17:54:00,211] Trial 1490 finished with value: 0.3159549350797301 and parameters: {'n_estimators': 893, 'max_depth': 6, 'learning_rate': 0.0763077868053698, 'subsample': 0.7676753487222452, 'colsample_bytree': 0.7231988526327766, 'min_child_weight': 2, 'gamma': 0.0007497528555580745, 'reg_alpha': 0.00014128474157823923, 'reg_lambda': 0.015260167717377841}. Best is trial 1319 with value: 0.30197738672869706.
[I 2024-12-04 17:54:01,641] Trial 1491 finished with value: 0.31484971932328837 and parameters: {'n_estimators': 903, 'max_depth': 6, 'learning_rate': 0.07561952668422826, 'subsample': 0.7688128412793868, 'colsample_bytree': 0.7207893585894458, 'min_child_weight': 2, 'gamma': 0.000785290634574533, 'reg_alpha': 0.0001272379987217458, 'reg_lambda': 0.015364699667446234}. Best is trial 1319 with value: 0.30197738672869706.
[I 2024-12-04 17:54:03,036] Trial 1492 finished with value: 0.3175759485030221 and parameters: {'n_estimators': 906, 'max_depth': 6, 'learning_rate': 0.0765718662225132, 'subsample': 0.7688262029744175, 'colsample_bytree': 0.7203373861320017, 'min_child_weight': 2, 'gamma': 0.0007859782929773912, 'reg_alpha': 0.00013174825039357412, 'reg_lambda': 0.015101858422269326}. Best is trial 1319 with value: 0.30197738672869706.
[I 2024-12-04 17:54:04,420] Trial 1493 finished with value: 0.3163209335964325 and parameters: {'n_estimators': 891, 'max_depth': 6, 'learning_rate': 0.076492286307504, 'subsample': 0.767856231130351, 'colsample_bytree': 0.7214432579220244, 'min_child_weight': 2, 'gamma': 0.0007690430309047211, 'reg_alpha': 0.00012032957174311293, 'reg_lambda': 0.015631684013736782}. Best is trial 1319 with value: 0.30197738672869706.
[I 2024-12-04 17:54:05,795] Trial 1494 finished with value: 0.31458495194577407 and parameters: {'n_estimators': 904, 'max_depth': 6, 'learning_rate': 0.07503058157492526, 'subsample': 0.7686009634789868, 'colsample_bytree': 0.7193876774970591, 'min_child_weight': 2, 'gamma': 0.0007660076622139259, 'reg_alpha': 0.00011345546369377607, 'reg_lambda': 0.0155046112611529}. Best is trial 1319 with value: 0.30197738672869706.
[I 2024-12-04 17:54:07,158] Trial 1495 finished with value: 0.3165634203277112 and parameters: {'n_estimators': 897, 'max_depth': 6, 'learning_rate': 0.07568173368756587, 'subsample': 0.7679981468663543, 'colsample_bytree': 0.7206460605210536, 'min_child_weight': 2, 'gamma': 0.0007718333591440533, 'reg_alpha': 0.0001291325164002511, 'reg_lambda': 0.015207879749824847}. Best is trial 1319 with value: 0.30197738672869706.
[I 2024-12-04 17:54:08,511] Trial 1496 finished with value: 0.31262608118929264 and parameters: {'n_estimators': 894, 'max_depth': 6, 'learning_rate': 0.07541809385771157, 'subsample': 0.7677693524047624, 'colsample_bytree': 0.7211880250190148, 'min_child_weight': 2, 'gamma': 0.0007541293653180386, 'reg_alpha': 0.00010904473522411768, 'reg_lambda': 0.014195832800899517}. Best is trial 1319 with value: 0.30197738672869706.
[I 2024-12-04 17:54:09,877] Trial 1497 finished with value: 0.31868148591575357 and parameters: {'n_estimators': 899, 'max_depth': 6, 'learning_rate': 0.07662716551189695, 'subsample': 0.76798572198139, 'colsample_bytree': 0.7217824627292907, 'min_child_weight': 2, 'gamma': 0.0008075283671563708, 'reg_alpha': 0.00013347495133520223, 'reg_lambda': 0.01796406491331789}. Best is trial 1319 with value: 0.30197738672869706.
[I 2024-12-04 17:54:11,243] Trial 1498 finished with value: 0.3173398824408796 and parameters: {'n_estimators': 904, 'max_depth': 6, 'learning_rate': 0.07610617382119012, 'subsample': 0.7698070588471423, 'colsample_bytree': 0.7199096855956635, 'min_child_weight': 2, 'gamma': 0.0008180205011405198, 'reg_alpha': 0.00014615457254396939, 'reg_lambda': 0.014930352175254522}. Best is trial 1319 with value: 0.30197738672869706.
[I 2024-12-04 17:54:12,692] Trial 1499 finished with value: 0.3130571245696104 and parameters: {'n_estimators': 890, 'max_depth': 6, 'learning_rate': 0.0758478133120108, 'subsample': 0.7678017621014014, 'colsample_bytree': 0.7205818089478707, 'min_child_weight': 2, 'gamma': 0.0007901466582597249, 'reg_alpha': 0.00011953478714027597, 'reg_lambda': 0.016660459729491386}. Best is trial 1319 with value: 0.30197738672869706.
[I 2024-12-04 17:54:14,053] Trial 1500 finished with value: 0.3095462030383187 and parameters: {'n_estimators': 890, 'max_depth': 6, 'learning_rate': 0.07539463381725636, 'subsample': 0.7683361672367595, 'colsample_bytree': 0.7206946680834858, 'min_child_weight': 2, 'gamma': 0.0007596236917579098, 'reg_alpha': 0.00012642414634337883, 'reg_lambda': 0.014370328683648782}. Best is trial 1319 with value: 0.30197738672869706.
[I 2024-12-04 17:54:15,439] Trial 1501 finished with value: 0.3128747422159459 and parameters: {'n_estimators': 897, 'max_depth': 6, 'learning_rate': 0.07573147179318333, 'subsample': 0.7684339022965601, 'colsample_bytree': 0.7213576193936788, 'min_child_weight': 2, 'gamma': 0.0007596454350726563, 'reg_alpha': 0.0001122034880071648, 'reg_lambda': 0.015088958958904114}. Best is trial 1319 with value: 0.30197738672869706.
[I 2024-12-04 17:54:16,886] Trial 1502 finished with value: 0.31371572023033584 and parameters: {'n_estimators': 897, 'max_depth': 6, 'learning_rate': 0.07605538842017237, 'subsample': 0.7680944658494548, 'colsample_bytree': 0.7208362645627289, 'min_child_weight': 2, 'gamma': 0.0007768041394218986, 'reg_alpha': 0.00015215235672540783, 'reg_lambda': 0.014474037558526017}. Best is trial 1319 with value: 0.30197738672869706.
[I 2024-12-04 17:54:18,427] Trial 1503 finished with value: 0.31334668845080466 and parameters: {'n_estimators': 891, 'max_depth': 6, 'learning_rate': 0.0751746215430688, 'subsample': 0.7691981207402736, 'colsample_bytree': 0.7190719583203814, 'min_child_weight': 2, 'gamma': 0.0007458509149639268, 'reg_alpha': 0.00011474728628650023, 'reg_lambda': 0.014154727696542939}. Best is trial 1319 with value: 0.30197738672869706.
[I 2024-12-04 17:54:19,800] Trial 1504 finished with value: 0.3142781387266458 and parameters: {'n_estimators': 887, 'max_depth': 6, 'learning_rate': 0.07605932269510401, 'subsample': 0.7691318089546957, 'colsample_bytree': 0.7224571417817238, 'min_child_weight': 2, 'gamma': 0.0008568580114248709, 'reg_alpha': 0.00011968842788686035, 'reg_lambda': 0.015604497372934505}. Best is trial 1319 with value: 0.30197738672869706.
[I 2024-12-04 17:54:21,182] Trial 1505 finished with value: 0.31228792338602257 and parameters: {'n_estimators': 900, 'max_depth': 6, 'learning_rate': 0.07502020141693559, 'subsample': 0.7696890198399181, 'colsample_bytree': 0.7195342945319163, 'min_child_weight': 2, 'gamma': 0.0008050182406144406, 'reg_alpha': 0.00012179762518366024, 'reg_lambda': 0.013712594975424323}. Best is trial 1319 with value: 0.30197738672869706.
[I 2024-12-04 17:54:22,599] Trial 1506 finished with value: 0.3157953374711737 and parameters: {'n_estimators': 900, 'max_depth': 6, 'learning_rate': 0.07591307877368614, 'subsample': 0.7677077907399492, 'colsample_bytree': 0.7208033262671262, 'min_child_weight': 2, 'gamma': 0.0007404368330974171, 'reg_alpha': 0.00011724083657743372, 'reg_lambda': 0.01655326260297014}. Best is trial 1319 with value: 0.30197738672869706.
[I 2024-12-04 17:54:23,974] Trial 1507 finished with value: 0.3186554024108572 and parameters: {'n_estimators': 898, 'max_depth': 6, 'learning_rate': 0.07543678578124086, 'subsample': 0.7684266887595845, 'colsample_bytree': 0.7196332913880827, 'min_child_weight': 2, 'gamma': 0.0007212103289263299, 'reg_alpha': 0.00013520924925219434, 'reg_lambda': 0.015459046674277006}. Best is trial 1319 with value: 0.30197738672869706.
