[I 2024-12-19 20:01:30,517] Trial 1212 finished with value: 1.682273268699646 and parameters: {'mlp_n_layers': 2, 'mlp_dim_00': 427, 'mlp_dim_01': 301, 'node_hidden_dim': 66, 'edge_hidden_dim': 62, 'depth': 3, 'rep_dropout': 0.1391370760123978, 'train_learning_rate': 0.00011723748216041629, 'train_lr_reduce': 0.6}. Best is trial 122 with value: 0.09548358619213104.
[I 2024-12-19 20:01:36,232] Trial 1214 finished with value: 1.680240273475647 and parameters: {'mlp_n_layers': 2, 'mlp_dim_00': 68, 'mlp_dim_01': 297, 'node_hidden_dim': 35, 'edge_hidden_dim': 117, 'depth': 2, 'rep_dropout': 0.10091809915993533, 'train_learning_rate': 0.0001798445428387682, 'train_lr_reduce': 0.6}. Best is trial 122 with value: 0.09548358619213104.
[I 2024-12-19 20:01:41,627] Trial 1215 finished with value: 1.6780469417572021 and parameters: {'mlp_n_layers': 4, 'mlp_dim_00': 394, 'mlp_dim_01': 334, 'mlp_dim_02': 432, 'mlp_dim_03': 445, 'node_hidden_dim': 83, 'edge_hidden_dim': 48, 'depth': 1, 'rep_dropout': 0.06690763749890892, 'train_learning_rate': 0.00033210881620146987, 'train_lr_reduce': 0.6}. Best is trial 122 with value: 0.09548358619213104.
[I 2024-12-19 20:02:02,502] Trial 1211 finished with value: 0.10758965462446213 and parameters: {'mlp_n_layers': 4, 'mlp_dim_00': 379, 'mlp_dim_01': 335, 'mlp_dim_02': 432, 'mlp_dim_03': 359, 'node_hidden_dim': 87, 'edge_hidden_dim': 66, 'depth': 1, 'rep_dropout': 0.10074159718005105, 'train_learning_rate': 0.00030387432047826267, 'train_lr_reduce': 0.6}. Best is trial 122 with value: 0.09548358619213104.
[I 2024-12-19 20:02:12,929] Trial 1213 finished with value: 0.13945749402046204 and parameters: {'mlp_n_layers': 4, 'mlp_dim_00': 380, 'mlp_dim_01': 296, 'mlp_dim_02': 426, 'mlp_dim_03': 398, 'node_hidden_dim': 94, 'edge_hidden_dim': 49, 'depth': 1, 'rep_dropout': 0.10703576048626685, 'train_learning_rate': 0.0006579455158758039, 'train_lr_reduce': 0.6}. Best is trial 122 with value: 0.09548358619213104.
[I 2024-12-19 20:02:19,587] Trial 1218 finished with value: 1.6717404127120972 and parameters: {'mlp_n_layers': 4, 'mlp_dim_00': 336, 'mlp_dim_01': 256, 'mlp_dim_02': 466, 'mlp_dim_03': 336, 'node_hidden_dim': 91, 'edge_hidden_dim': 50, 'depth': 2, 'rep_dropout': 0.11941915286784088, 'train_learning_rate': 0.00044520323011553077, 'train_lr_reduce': 0.6}. Best is trial 122 with value: 0.09548358619213104.
[I 2024-12-19 20:02:24,764] Trial 1219 finished with value: 1.679315209388733 and parameters: {'mlp_n_layers': 3, 'mlp_dim_00': 505, 'mlp_dim_01': 331, 'mlp_dim_02': 435, 'node_hidden_dim': 100, 'edge_hidden_dim': 56, 'depth': 1, 'rep_dropout': 0.10030663675650908, 'train_learning_rate': 0.000282908252807188, 'train_lr_reduce': 0.6}. Best is trial 122 with value: 0.09548358619213104.
[I 2024-12-19 20:02:26,328] Trial 1216 finished with value: 0.10899947583675385 and parameters: {'mlp_n_layers': 4, 'mlp_dim_00': 319, 'mlp_dim_01': 277, 'mlp_dim_02': 397, 'mlp_dim_03': 468, 'node_hidden_dim': 79, 'edge_hidden_dim': 72, 'depth': 1, 'rep_dropout': 0.0726438491666998, 'train_learning_rate': 0.0006725824508807172, 'train_lr_reduce': 0.6}. Best is trial 122 with value: 0.09548358619213104.
[I 2024-12-19 20:02:30,716] Trial 1220 finished with value: 1.5737051963806152 and parameters: {'mlp_n_layers': 1, 'mlp_dim_00': 165, 'node_hidden_dim': 36, 'edge_hidden_dim': 46, 'depth': 2, 'rep_dropout': 0.14041257624740855, 'train_learning_rate': 0.0027941931946008636, 'train_lr_reduce': 0.6}. Best is trial 122 with value: 0.09548358619213104.
[I 2024-12-19 20:02:36,347] Trial 1222 finished with value: 1.6726020574569702 and parameters: {'mlp_n_layers': 3, 'mlp_dim_00': 434, 'mlp_dim_01': 335, 'mlp_dim_02': 505, 'node_hidden_dim': 72, 'edge_hidden_dim': 52, 'depth': 1, 'rep_dropout': 0.09532755464885431, 'train_learning_rate': 0.00026730772929080406, 'train_lr_reduce': 0.6}. Best is trial 122 with value: 0.09548358619213104.
[I 2024-12-19 20:02:47,232] Trial 1221 finished with value: 0.22854356467723846 and parameters: {'mlp_n_layers': 4, 'mlp_dim_00': 318, 'mlp_dim_01': 346, 'mlp_dim_02': 413, 'mlp_dim_03': 443, 'node_hidden_dim': 94, 'edge_hidden_dim': 81, 'depth': 1, 'rep_dropout': 0.10126715716696698, 'train_learning_rate': 0.0009010898682065492, 'train_lr_reduce': 0.6}. Best is trial 122 with value: 0.09548358619213104.
[I 2024-12-19 20:02:54,373] Trial 1217 finished with value: 0.37875789403915405 and parameters: {'mlp_n_layers': 4, 'mlp_dim_00': 396, 'mlp_dim_01': 316, 'mlp_dim_02': 413, 'mlp_dim_03': 390, 'node_hidden_dim': 93, 'edge_hidden_dim': 47, 'depth': 1, 'rep_dropout': 0.10767407232022919, 'train_learning_rate': 0.00017576545675948457, 'train_lr_reduce': 0.6}. Best is trial 122 with value: 0.09548358619213104.
[I 2024-12-19 20:02:55,197] Trial 1224 finished with value: 1.633787989616394 and parameters: {'mlp_n_layers': 1, 'mlp_dim_00': 427, 'node_hidden_dim': 124, 'edge_hidden_dim': 59, 'depth': 1, 'rep_dropout': 0.07967399509222031, 'train_learning_rate': 0.00017028638264962264, 'train_lr_reduce': 0.6}. Best is trial 122 with value: 0.09548358619213104.
[I 2024-12-19 20:03:08,522] Trial 1223 finished with value: 0.13939298689365387 and parameters: {'mlp_n_layers': 3, 'mlp_dim_00': 464, 'mlp_dim_01': 262, 'mlp_dim_02': 294, 'node_hidden_dim': 105, 'edge_hidden_dim': 65, 'depth': 1, 'rep_dropout': 0.08731469547947639, 'train_learning_rate': 0.0007212711320740291, 'train_lr_reduce': 0.6}. Best is trial 122 with value: 0.09548358619213104.
[I 2024-12-19 20:03:43,575] Trial 1225 finished with value: 0.1860404759645462 and parameters: {'mlp_n_layers': 4, 'mlp_dim_00': 356, 'mlp_dim_01': 322, 'mlp_dim_02': 328, 'mlp_dim_03': 473, 'node_hidden_dim': 105, 'edge_hidden_dim': 51, 'depth': 1, 'rep_dropout': 0.08617841713345092, 'train_learning_rate': 0.0002469889880974174, 'train_lr_reduce': 0.6}. Best is trial 122 with value: 0.09548358619213104.
[I 2024-12-19 20:03:45,329] Trial 1226 finished with value: 0.1977558135986328 and parameters: {'mlp_n_layers': 4, 'mlp_dim_00': 391, 'mlp_dim_01': 314, 'mlp_dim_02': 395, 'mlp_dim_03': 398, 'node_hidden_dim': 76, 'edge_hidden_dim': 48, 'depth': 1, 'rep_dropout': 0.09554911519175223, 'train_learning_rate': 0.00031922837812866663, 'train_lr_reduce': 0.6}. Best is trial 122 with value: 0.09548358619213104.
[I 2024-12-19 20:03:48,573] Trial 1228 finished with value: 1.6193697452545166 and parameters: {'mlp_n_layers': 2, 'mlp_dim_00': 282, 'mlp_dim_01': 263, 'node_hidden_dim': 92, 'edge_hidden_dim': 40, 'depth': 4, 'rep_dropout': 0.13613919767381955, 'train_learning_rate': 0.0032703853218389867, 'train_lr_reduce': 0.6}. Best is trial 122 with value: 0.09548358619213104.
[I 2024-12-19 20:03:49,704] Trial 1229 finished with value: 1.6661286354064941 and parameters: {'mlp_n_layers': 4, 'mlp_dim_00': 478, 'mlp_dim_01': 360, 'mlp_dim_02': 510, 'mlp_dim_03': 434, 'node_hidden_dim': 32, 'edge_hidden_dim': 58, 'depth': 1, 'rep_dropout': 0.06404138271967567, 'train_learning_rate': 0.0021127062190914106, 'train_lr_reduce': 0.6}. Best is trial 122 with value: 0.09548358619213104.
[I 2024-12-19 20:03:50,186] Trial 1227 finished with value: 0.10280682891607285 and parameters: {'mlp_n_layers': 4, 'mlp_dim_00': 324, 'mlp_dim_01': 356, 'mlp_dim_02': 265, 'mlp_dim_03': 476, 'node_hidden_dim': 104, 'edge_hidden_dim': 60, 'depth': 1, 'rep_dropout': 0.12027141417237486, 'train_learning_rate': 0.0008784214115104224, 'train_lr_reduce': 0.6}. Best is trial 122 with value: 0.09548358619213104.
[I 2024-12-19 20:03:53,120] Trial 1230 finished with value: 1.6493213176727295 and parameters: {'mlp_n_layers': 2, 'mlp_dim_00': 114, 'mlp_dim_01': 362, 'node_hidden_dim': 77, 'edge_hidden_dim': 40, 'depth': 1, 'rep_dropout': 0.10860890438991554, 'train_learning_rate': 0.0012003524091376034, 'train_lr_reduce': 0.6}. Best is trial 122 with value: 0.09548358619213104.
[I 2024-12-19 20:03:54,583] Trial 1232 finished with value: 1.667802333831787 and parameters: {'mlp_n_layers': 3, 'mlp_dim_00': 417, 'mlp_dim_01': 308, 'mlp_dim_02': 380, 'node_hidden_dim': 89, 'edge_hidden_dim': 59, 'depth': 1, 'rep_dropout': 0.12837762881023623, 'train_learning_rate': 0.0005096055707078513, 'train_lr_reduce': 0.6}. Best is trial 122 with value: 0.09548358619213104.
[I 2024-12-19 20:03:54,587] Trial 1231 finished with value: 1.6789754629135132 and parameters: {'mlp_n_layers': 3, 'mlp_dim_00': 488, 'mlp_dim_01': 336, 'mlp_dim_02': 325, 'node_hidden_dim': 104, 'edge_hidden_dim': 97, 'depth': 1, 'rep_dropout': 0.1286119215975688, 'train_learning_rate': 0.0001276442932538402, 'train_lr_reduce': 0.6}. Best is trial 122 with value: 0.09548358619213104.
[I 2024-12-19 20:04:16,133] Trial 1235 finished with value: 0.2502363622188568 and parameters: {'mlp_n_layers': 4, 'mlp_dim_00': 258, 'mlp_dim_01': 383, 'mlp_dim_02': 374, 'mlp_dim_03': 361, 'node_hidden_dim': 95, 'edge_hidden_dim': 62, 'depth': 1, 'rep_dropout': 0.09822516613241669, 'train_learning_rate': 0.0018616944294586, 'train_lr_reduce': 0.6}. Best is trial 122 with value: 0.09548358619213104.
[I 2024-12-19 20:04:19,842] Trial 1233 finished with value: 0.2821527421474457 and parameters: {'mlp_n_layers': 4, 'mlp_dim_00': 271, 'mlp_dim_01': 383, 'mlp_dim_02': 462, 'mlp_dim_03': 476, 'node_hidden_dim': 74, 'edge_hidden_dim': 36, 'depth': 1, 'rep_dropout': 0.06342916091811983, 'train_learning_rate': 0.003914021523418234, 'train_lr_reduce': 0.6}. Best is trial 122 with value: 0.09548358619213104.
[I 2024-12-19 20:04:20,353] Trial 1236 finished with value: 1.6706825494766235 and parameters: {'mlp_n_layers': 2, 'mlp_dim_00': 381, 'mlp_dim_01': 349, 'node_hidden_dim': 117, 'edge_hidden_dim': 35, 'depth': 1, 'rep_dropout': 0.0987491616956041, 'train_learning_rate': 0.00028254159401063455, 'train_lr_reduce': 0.6}. Best is trial 122 with value: 0.09548358619213104.
[I 2024-12-19 20:04:26,003] Trial 1237 finished with value: 1.683983564376831 and parameters: {'mlp_n_layers': 2, 'mlp_dim_00': 165, 'mlp_dim_01': 389, 'node_hidden_dim': 119, 'edge_hidden_dim': 58, 'depth': 4, 'rep_dropout': 0.007105540686933073, 'train_learning_rate': 0.0001223203720076116, 'train_lr_reduce': 0.6}. Best is trial 122 with value: 0.09548358619213104.
[I 2024-12-19 20:04:26,140] Trial 1238 finished with value: 1.6383717060089111 and parameters: {'mlp_n_layers': 2, 'mlp_dim_00': 359, 'mlp_dim_01': 296, 'node_hidden_dim': 74, 'edge_hidden_dim': 117, 'depth': 2, 'rep_dropout': 0.034840537535521236, 'train_learning_rate': 0.0008614703137885097, 'train_lr_reduce': 0.6}. Best is trial 122 with value: 0.09548358619213104.
[I 2024-12-19 20:04:31,465] Trial 1239 finished with value: 1.6769673824310303 and parameters: {'mlp_n_layers': 4, 'mlp_dim_00': 317, 'mlp_dim_01': 260, 'mlp_dim_02': 405, 'mlp_dim_03': 431, 'node_hidden_dim': 74, 'edge_hidden_dim': 48, 'depth': 2, 'rep_dropout': 0.08534016819908206, 'train_learning_rate': 0.0007469110003198959, 'train_lr_reduce': 0.6}. Best is trial 122 with value: 0.09548358619213104.
[I 2024-12-19 20:04:36,174] Trial 1234 finished with value: 0.12702536582946777 and parameters: {'mlp_n_layers': 3, 'mlp_dim_00': 440, 'mlp_dim_01': 380, 'mlp_dim_02': 325, 'node_hidden_dim': 97, 'edge_hidden_dim': 40, 'depth': 1, 'rep_dropout': 0.09930429065584571, 'train_learning_rate': 0.0005587559813708947, 'train_lr_reduce': 0.6}. Best is trial 122 with value: 0.09548358619213104.
[I 2024-12-19 20:04:41,550] Trial 1240 finished with value: 1.2021944522857666 and parameters: {'mlp_n_layers': 4, 'mlp_dim_00': 381, 'mlp_dim_01': 316, 'mlp_dim_02': 301, 'mlp_dim_03': 479, 'node_hidden_dim': 102, 'edge_hidden_dim': 55, 'depth': 2, 'rep_dropout': 0.08873410082023228, 'train_learning_rate': 0.00045698094966870593, 'train_lr_reduce': 0.6}. Best is trial 122 with value: 0.09548358619213104.
[I 2024-12-19 20:04:42,452] Trial 1241 finished with value: 1.2940080165863037 and parameters: {'mlp_n_layers': 4, 'mlp_dim_00': 361, 'mlp_dim_01': 403, 'mlp_dim_02': 351, 'mlp_dim_03': 512, 'node_hidden_dim': 63, 'edge_hidden_dim': 69, 'depth': 2, 'rep_dropout': 0.07027646981037232, 'train_learning_rate': 0.0005978472731862018, 'train_lr_reduce': 0.6}. Best is trial 122 with value: 0.09548358619213104.
[I 2024-12-19 20:04:48,548] Trial 1242 finished with value: 0.5594249963760376 and parameters: {'mlp_n_layers': 4, 'mlp_dim_00': 393, 'mlp_dim_01': 349, 'mlp_dim_02': 465, 'mlp_dim_03': 398, 'node_hidden_dim': 92, 'edge_hidden_dim': 55, 'depth': 1, 'rep_dropout': 0.09115321974748834, 'train_learning_rate': 0.0018021155987446478, 'train_lr_reduce': 0.6}. Best is trial 122 with value: 0.09548358619213104.
[I 2024-12-19 20:04:55,747] Trial 1244 finished with value: 1.2201822996139526 and parameters: {'mlp_n_layers': 4, 'mlp_dim_00': 131, 'mlp_dim_01': 302, 'mlp_dim_02': 243, 'mlp_dim_03': 438, 'node_hidden_dim': 107, 'edge_hidden_dim': 37, 'depth': 2, 'rep_dropout': 0.0037392178813875354, 'train_learning_rate': 0.0008524997081306402, 'train_lr_reduce': 0.6}. Best is trial 122 with value: 0.09548358619213104.
[I 2024-12-19 20:05:14,958] Trial 1243 finished with value: 0.10021119564771652 and parameters: {'mlp_n_layers': 4, 'mlp_dim_00': 358, 'mlp_dim_01': 394, 'mlp_dim_02': 369, 'mlp_dim_03': 331, 'node_hidden_dim': 87, 'edge_hidden_dim': 52, 'depth': 1, 'rep_dropout': 0.08942286107578731, 'train_learning_rate': 0.0008379295935991009, 'train_lr_reduce': 0.6}. Best is trial 122 with value: 0.09548358619213104.
[I 2024-12-19 20:05:17,718] Trial 1246 finished with value: 0.17263677716255188 and parameters: {'mlp_n_layers': 4, 'mlp_dim_00': 404, 'mlp_dim_01': 339, 'mlp_dim_02': 325, 'mlp_dim_03': 511, 'node_hidden_dim': 81, 'edge_hidden_dim': 59, 'depth': 1, 'rep_dropout': 0.11409533072225309, 'train_learning_rate': 0.0006836938922757394, 'train_lr_reduce': 0.6}. Best is trial 122 with value: 0.09548358619213104.
[I 2024-12-19 20:05:29,485] Trial 1245 finished with value: 0.11312252283096313 and parameters: {'mlp_n_layers': 3, 'mlp_dim_00': 451, 'mlp_dim_01': 396, 'mlp_dim_02': 425, 'node_hidden_dim': 99, 'edge_hidden_dim': 54, 'depth': 1, 'rep_dropout': 0.10510638129165903, 'train_learning_rate': 0.0013340249786099987, 'train_lr_reduce': 0.6}. Best is trial 122 with value: 0.09548358619213104.
[I 2024-12-19 20:05:48,431] Trial 1248 finished with value: 0.11196701228618622 and parameters: {'mlp_n_layers': 4, 'mlp_dim_00': 318, 'mlp_dim_01': 385, 'mlp_dim_02': 360, 'mlp_dim_03': 287, 'node_hidden_dim': 83, 'edge_hidden_dim': 62, 'depth': 1, 'rep_dropout': 0.12360518781927812, 'train_learning_rate': 0.0008143669344770917, 'train_lr_reduce': 0.6}. Best is trial 122 with value: 0.09548358619213104.
[I 2024-12-19 20:05:49,246] Trial 1247 finished with value: 0.09813868254423141 and parameters: {'mlp_n_layers': 4, 'mlp_dim_00': 262, 'mlp_dim_01': 384, 'mlp_dim_02': 510, 'mlp_dim_03': 343, 'node_hidden_dim': 94, 'edge_hidden_dim': 59, 'depth': 1, 'rep_dropout': 0.10016813409433188, 'train_learning_rate': 0.0008857824003128055, 'train_lr_reduce': 0.6}. Best is trial 122 with value: 0.09548358619213104.
[I 2024-12-19 20:05:49,662] Trial 1249 finished with value: 0.238564595580101 and parameters: {'mlp_n_layers': 4, 'mlp_dim_00': 287, 'mlp_dim_01': 370, 'mlp_dim_02': 284, 'mlp_dim_03': 281, 'node_hidden_dim': 100, 'edge_hidden_dim': 44, 'depth': 1, 'rep_dropout': 0.07717945142282792, 'train_learning_rate': 0.0006963785626527051, 'train_lr_reduce': 0.6}. Best is trial 122 with value: 0.09548358619213104.
[I 2024-12-19 20:05:53,711] Trial 1250 finished with value: 1.6789281368255615 and parameters: {'mlp_n_layers': 4, 'mlp_dim_00': 311, 'mlp_dim_01': 345, 'mlp_dim_02': 499, 'mlp_dim_03': 310, 'node_hidden_dim': 100, 'edge_hidden_dim': 44, 'depth': 1, 'rep_dropout': 0.09608345866500005, 'train_learning_rate': 0.0003565157355528414, 'train_lr_reduce': 0.6}. Best is trial 122 with value: 0.09548358619213104.
[I 2024-12-19 20:05:54,972] Trial 1252 finished with value: 1.6800044775009155 and parameters: {'mlp_n_layers': 4, 'mlp_dim_00': 305, 'mlp_dim_01': 390, 'mlp_dim_02': 510, 'mlp_dim_03': 332, 'node_hidden_dim': 83, 'edge_hidden_dim': 46, 'depth': 1, 'rep_dropout': 0.11172551627244379, 'train_learning_rate': 0.00021548794431345628, 'train_lr_reduce': 0.6}. Best is trial 122 with value: 0.09548358619213104.
[I 2024-12-19 20:06:12,658] Trial 1254 finished with value: 0.3110048174858093 and parameters: {'mlp_n_layers': 4, 'mlp_dim_00': 175, 'mlp_dim_01': 369, 'mlp_dim_02': 473, 'mlp_dim_03': 311, 'node_hidden_dim': 97, 'edge_hidden_dim': 55, 'depth': 1, 'rep_dropout': 0.12087060344991248, 'train_learning_rate': 0.001812228760136747, 'train_lr_reduce': 0.6}. Best is trial 122 with value: 0.09548358619213104.
[I 2024-12-19 20:06:17,811] Trial 1255 finished with value: 1.6810811758041382 and parameters: {'mlp_n_layers': 4, 'mlp_dim_00': 267, 'mlp_dim_01': 383, 'mlp_dim_02': 502, 'mlp_dim_03': 339, 'node_hidden_dim': 86, 'edge_hidden_dim': 64, 'depth': 1, 'rep_dropout': 0.0968252265512836, 'train_learning_rate': 0.00040773637083861856, 'train_lr_reduce': 0.6}. Best is trial 122 with value: 0.09548358619213104.
[I 2024-12-19 20:06:30,979] Trial 1251 finished with value: 0.11960971355438232 and parameters: {'mlp_n_layers': 4, 'mlp_dim_00': 388, 'mlp_dim_01': 357, 'mlp_dim_02': 508, 'mlp_dim_03': 320, 'node_hidden_dim': 96, 'edge_hidden_dim': 56, 'depth': 1, 'rep_dropout': 0.09555480959869668, 'train_learning_rate': 0.001008631089730039, 'train_lr_reduce': 0.6}. Best is trial 122 with value: 0.09548358619213104.
[I 2024-12-19 20:06:39,815] Trial 1253 finished with value: 0.17589694261550903 and parameters: {'mlp_n_layers': 4, 'mlp_dim_00': 403, 'mlp_dim_01': 373, 'mlp_dim_02': 512, 'mlp_dim_03': 319, 'node_hidden_dim': 101, 'edge_hidden_dim': 41, 'depth': 1, 'rep_dropout': 0.13146494756263996, 'train_learning_rate': 0.0004680568984637573, 'train_lr_reduce': 0.6}. Best is trial 122 with value: 0.09548358619213104.
[I 2024-12-19 20:06:45,538] Trial 1258 finished with value: 1.6773147583007812 and parameters: {'mlp_n_layers': 4, 'mlp_dim_00': 369, 'mlp_dim_01': 323, 'mlp_dim_02': 476, 'mlp_dim_03': 330, 'node_hidden_dim': 79, 'edge_hidden_dim': 43, 'depth': 1, 'rep_dropout': 0.127035594164503, 'train_learning_rate': 0.00035083947881033647, 'train_lr_reduce': 0.6}. Best is trial 122 with value: 0.09548358619213104.
[I 2024-12-19 20:07:03,808] Trial 1256 finished with value: 0.15239405632019043 and parameters: {'mlp_n_layers': 4, 'mlp_dim_00': 236, 'mlp_dim_01': 335, 'mlp_dim_02': 509, 'mlp_dim_03': 323, 'node_hidden_dim': 89, 'edge_hidden_dim': 58, 'depth': 1, 'rep_dropout': 0.06921519044163693, 'train_learning_rate': 0.000527865085591848, 'train_lr_reduce': 0.6}. Best is trial 122 with value: 0.09548358619213104.
[I 2024-12-19 20:07:08,576] Trial 1260 finished with value: 1.6723207235336304 and parameters: {'mlp_n_layers': 3, 'mlp_dim_00': 500, 'mlp_dim_01': 343, 'mlp_dim_02': 468, 'node_hidden_dim': 103, 'edge_hidden_dim': 70, 'depth': 1, 'rep_dropout': 0.13307593121831132, 'train_learning_rate': 0.00032026470914573964, 'train_lr_reduce': 0.6}. Best is trial 122 with value: 0.09548358619213104.
[I 2024-12-19 20:07:12,415] Trial 1257 finished with value: 0.1101304367184639 and parameters: {'mlp_n_layers': 3, 'mlp_dim_00': 443, 'mlp_dim_01': 402, 'mlp_dim_02': 506, 'node_hidden_dim': 105, 'edge_hidden_dim': 53, 'depth': 1, 'rep_dropout': 0.13572922552298394, 'train_learning_rate': 0.0007732170162891614, 'train_lr_reduce': 0.6}. Best is trial 122 with value: 0.09548358619213104.
[I 2024-12-19 20:07:17,160] Trial 1262 finished with value: 1.678269863128662 and parameters: {'mlp_n_layers': 3, 'mlp_dim_00': 423, 'mlp_dim_01': 363, 'mlp_dim_02': 511, 'node_hidden_dim': 63, 'edge_hidden_dim': 47, 'depth': 2, 'rep_dropout': 0.06393545011482217, 'train_learning_rate': 0.0004832178633102948, 'train_lr_reduce': 0.6}. Best is trial 122 with value: 0.09548358619213104.
[I 2024-12-19 20:07:17,213] Trial 1259 finished with value: 0.13152702152729034 and parameters: {'mlp_n_layers': 3, 'mlp_dim_00': 330, 'mlp_dim_01': 391, 'mlp_dim_02': 482, 'node_hidden_dim': 98, 'edge_hidden_dim': 49, 'depth': 1, 'rep_dropout': 0.08612616220356162, 'train_learning_rate': 0.0014901154467029181, 'train_lr_reduce': 0.6}. Best is trial 122 with value: 0.09548358619213104.
[I 2024-12-19 20:07:23,093] Trial 1264 finished with value: 1.6473139524459839 and parameters: {'mlp_n_layers': 3, 'mlp_dim_00': 435, 'mlp_dim_01': 299, 'mlp_dim_02': 457, 'node_hidden_dim': 90, 'edge_hidden_dim': 38, 'depth': 2, 'rep_dropout': 0.05300105090748747, 'train_learning_rate': 0.0010664433696975818, 'train_lr_reduce': 0.6}. Best is trial 122 with value: 0.09548358619213104.
[I 2024-12-19 20:07:27,870] Trial 1265 finished with value: 1.681318759918213 and parameters: {'mlp_n_layers': 3, 'mlp_dim_00': 422, 'mlp_dim_01': 350, 'mlp_dim_02': 422, 'node_hidden_dim': 54, 'edge_hidden_dim': 106, 'depth': 1, 'rep_dropout': 0.02364695669178602, 'train_learning_rate': 0.0001718132706720581, 'train_lr_reduce': 0.6}. Best is trial 122 with value: 0.09548358619213104.
[I 2024-12-19 20:07:29,132] Trial 1261 finished with value: 0.24723830819129944 and parameters: {'mlp_n_layers': 4, 'mlp_dim_00': 185, 'mlp_dim_01': 395, 'mlp_dim_02': 472, 'mlp_dim_03': 333, 'node_hidden_dim': 85, 'edge_hidden_dim': 67, 'depth': 1, 'rep_dropout': 0.0587430340010517, 'train_learning_rate': 0.001818321263521471, 'train_lr_reduce': 0.6}. Best is trial 122 with value: 0.09548358619213104.
[I 2024-12-19 20:07:30,601] Trial 1263 finished with value: 1.3034212589263916 and parameters: {'mlp_n_layers': 4, 'mlp_dim_00': 391, 'mlp_dim_01': 405, 'mlp_dim_02': 464, 'mlp_dim_03': 345, 'node_hidden_dim': 67, 'edge_hidden_dim': 101, 'depth': 4, 'rep_dropout': 0.008004716766439726, 'train_learning_rate': 0.0017741703292541342, 'train_lr_reduce': 0.6}. Best is trial 122 with value: 0.09548358619213104.
