[I 2024-12-04 17:40:12,703] Trial 944 finished with value: 0.308589477612042 and parameters: {'n_estimators': 912, 'max_depth': 6, 'learning_rate': 0.073102541423549, 'subsample': 0.7749335962778436, 'colsample_bytree': 0.7229167331877935, 'min_child_weight': 2, 'gamma': 0.0005456941154235508, 'reg_alpha': 3.249830594820918e-05, 'reg_lambda': 0.0174476200168004}. Best is trial 821 with value: 0.30830442867849367.
[I 2024-12-04 17:40:14,253] Trial 945 finished with value: 0.310381375508842 and parameters: {'n_estimators': 894, 'max_depth': 6, 'learning_rate': 0.0717779086068435, 'subsample': 0.7715166531041305, 'colsample_bytree': 0.7223211711972587, 'min_child_weight': 2, 'gamma': 0.0010093133532968108, 'reg_alpha': 5.1888305282319574e-05, 'reg_lambda': 0.016885165455537008}. Best is trial 821 with value: 0.30830442867849367.
[I 2024-12-04 17:40:15,668] Trial 946 finished with value: 0.31562262517795375 and parameters: {'n_estimators': 910, 'max_depth': 6, 'learning_rate': 0.07454523016941342, 'subsample': 0.7706607158910859, 'colsample_bytree': 0.7204060514679602, 'min_child_weight': 2, 'gamma': 0.0007863802235686978, 'reg_alpha': 5.171026562298835e-05, 'reg_lambda': 0.014932128926247358}. Best is trial 821 with value: 0.30830442867849367.
[I 2024-12-04 17:40:17,208] Trial 947 finished with value: 0.31354787302820775 and parameters: {'n_estimators': 895, 'max_depth': 6, 'learning_rate': 0.0732052582185881, 'subsample': 0.7698370772249925, 'colsample_bytree': 0.7182888055910206, 'min_child_weight': 2, 'gamma': 0.0007290687291113995, 'reg_alpha': 4.453276653446429e-05, 'reg_lambda': 0.014425984364232019}. Best is trial 821 with value: 0.30830442867849367.
[I 2024-12-04 17:40:18,758] Trial 948 finished with value: 0.3107963454841598 and parameters: {'n_estimators': 907, 'max_depth': 6, 'learning_rate': 0.07276130655303725, 'subsample': 0.7691332855748809, 'colsample_bytree': 0.725463053289061, 'min_child_weight': 2, 'gamma': 0.0008850965489169013, 'reg_alpha': 3.775852302070836e-05, 'reg_lambda': 0.019573957286198207}. Best is trial 821 with value: 0.30830442867849367.
[I 2024-12-04 17:40:20,376] Trial 949 finished with value: 0.3159645195167758 and parameters: {'n_estimators': 893, 'max_depth': 6, 'learning_rate': 0.07200683393649708, 'subsample': 0.7734365114540044, 'colsample_bytree': 0.7268644846772709, 'min_child_weight': 2, 'gamma': 0.0006631332671135498, 'reg_alpha': 3.266592483418266e-05, 'reg_lambda': 0.019046293688001516}. Best is trial 821 with value: 0.30830442867849367.
[I 2024-12-04 17:40:21,913] Trial 950 finished with value: 0.3192025485291065 and parameters: {'n_estimators': 894, 'max_depth': 6, 'learning_rate': 0.07308679409280167, 'subsample': 0.7751999912346241, 'colsample_bytree': 0.7237534342777938, 'min_child_weight': 2, 'gamma': 0.0007317177484938322, 'reg_alpha': 5.0604300643139506e-05, 'reg_lambda': 0.013567692377207905}. Best is trial 821 with value: 0.30830442867849367.
[I 2024-12-04 17:40:23,416] Trial 951 finished with value: 0.3194419002868659 and parameters: {'n_estimators': 908, 'max_depth': 6, 'learning_rate': 0.07283007104935789, 'subsample': 0.7718084708858272, 'colsample_bytree': 0.7229483848193377, 'min_child_weight': 2, 'gamma': 0.0007744868002375399, 'reg_alpha': 3.149923534564168e-05, 'reg_lambda': 0.018602820500038003}. Best is trial 821 with value: 0.30830442867849367.
[I 2024-12-04 17:40:24,829] Trial 952 finished with value: 0.31371902284466374 and parameters: {'n_estimators': 926, 'max_depth': 6, 'learning_rate': 0.07476550125138781, 'subsample': 0.7689648797981761, 'colsample_bytree': 0.7205563650411257, 'min_child_weight': 2, 'gamma': 0.0006827100590687245, 'reg_alpha': 4.215524490448529e-05, 'reg_lambda': 0.017026955180441714}. Best is trial 821 with value: 0.30830442867849367.
[I 2024-12-04 17:40:26,374] Trial 953 finished with value: 0.315438821852446 and parameters: {'n_estimators': 902, 'max_depth': 6, 'learning_rate': 0.07268209746843488, 'subsample': 0.7727297827094567, 'colsample_bytree': 0.7236509922244987, 'min_child_weight': 2, 'gamma': 0.0007231804579695566, 'reg_alpha': 4.1023928166780884e-05, 'reg_lambda': 0.017003805837906057}. Best is trial 821 with value: 0.30830442867849367.
[I 2024-12-04 17:40:27,797] Trial 954 finished with value: 0.3160706677014308 and parameters: {'n_estimators': 905, 'max_depth': 6, 'learning_rate': 0.07275770078196118, 'subsample': 0.7750477816810346, 'colsample_bytree': 0.7279272733584032, 'min_child_weight': 2, 'gamma': 0.0007678231012668418, 'reg_alpha': 3.206554932144805e-05, 'reg_lambda': 0.019198407129285205}. Best is trial 821 with value: 0.30830442867849367.
[I 2024-12-04 17:40:29,355] Trial 955 finished with value: 0.32070381811381155 and parameters: {'n_estimators': 925, 'max_depth': 6, 'learning_rate': 0.07354459146109286, 'subsample': 0.7711737803131616, 'colsample_bytree': 0.712884581114728, 'min_child_weight': 2, 'gamma': 0.0006007507949316626, 'reg_alpha': 2.853835770543391e-05, 'reg_lambda': 0.012512504793610796}. Best is trial 821 with value: 0.30830442867849367.
[I 2024-12-04 17:40:30,850] Trial 956 finished with value: 0.32417212363818265 and parameters: {'n_estimators': 904, 'max_depth': 6, 'learning_rate': 0.07259053402042215, 'subsample': 0.7680319855674814, 'colsample_bytree': 0.7288904321165035, 'min_child_weight': 2, 'gamma': 0.0007550041543093581, 'reg_alpha': 4.261960114816186e-05, 'reg_lambda': 0.020195286952537757}. Best is trial 821 with value: 0.30830442867849367.
[I 2024-12-04 17:40:32,419] Trial 957 finished with value: 0.3153470628626893 and parameters: {'n_estimators': 901, 'max_depth': 6, 'learning_rate': 0.07266484208345585, 'subsample': 0.7775863818431126, 'colsample_bytree': 0.7238983795344074, 'min_child_weight': 2, 'gamma': 0.0008014009846108643, 'reg_alpha': 3.9639181858028193e-05, 'reg_lambda': 0.0140482423815626}. Best is trial 821 with value: 0.30830442867849367.
[I 2024-12-04 17:40:33,938] Trial 958 finished with value: 0.318650612126822 and parameters: {'n_estimators': 903, 'max_depth': 6, 'learning_rate': 0.07258702937714968, 'subsample': 0.7688437749784631, 'colsample_bytree': 0.7292305333010065, 'min_child_weight': 2, 'gamma': 0.0007345966309452274, 'reg_alpha': 2.9308145325635424e-05, 'reg_lambda': 0.01941846791203318}. Best is trial 821 with value: 0.30830442867849367.
[I 2024-12-04 17:40:35,605] Trial 959 finished with value: 0.31678203020039425 and parameters: {'n_estimators': 909, 'max_depth': 6, 'learning_rate': 0.07213810872021882, 'subsample': 0.7707291423382547, 'colsample_bytree': 0.7221202318880577, 'min_child_weight': 2, 'gamma': 0.0007925449326451254, 'reg_alpha': 3.575434698950467e-05, 'reg_lambda': 0.017622205569453094}. Best is trial 821 with value: 0.30830442867849367.
[I 2024-12-04 17:40:37,164] Trial 960 finished with value: 0.3197064050875518 and parameters: {'n_estimators': 899, 'max_depth': 6, 'learning_rate': 0.07315654747657334, 'subsample': 0.7712054297746699, 'colsample_bytree': 0.7248906481419867, 'min_child_weight': 2, 'gamma': 0.0007477222813122262, 'reg_alpha': 3.419876503587354e-05, 'reg_lambda': 0.016653768188968056}. Best is trial 821 with value: 0.30830442867849367.
[I 2024-12-04 17:40:38,930] Trial 961 finished with value: 0.31568437466123633 and parameters: {'n_estimators': 904, 'max_depth': 6, 'learning_rate': 0.07221589959859977, 'subsample': 0.7727064344787471, 'colsample_bytree': 0.7224068899631687, 'min_child_weight': 2, 'gamma': 0.0008872367816987829, 'reg_alpha': 4.476215134905915e-05, 'reg_lambda': 0.01510435057912603}. Best is trial 821 with value: 0.30830442867849367.
[I 2024-12-04 17:40:40,572] Trial 962 finished with value: 0.31831111543432894 and parameters: {'n_estimators': 904, 'max_depth': 6, 'learning_rate': 0.07384995701008562, 'subsample': 0.7720338066445849, 'colsample_bytree': 0.7293450673578983, 'min_child_weight': 2, 'gamma': 0.0005432721530249897, 'reg_alpha': 3.150149538741147e-05, 'reg_lambda': 0.014921167415548522}. Best is trial 821 with value: 0.30830442867849367.
[I 2024-12-04 17:40:41,996] Trial 963 finished with value: 0.31880704699185014 and parameters: {'n_estimators': 904, 'max_depth': 6, 'learning_rate': 0.07472662828367257, 'subsample': 0.7716973126181343, 'colsample_bytree': 0.7236164559680918, 'min_child_weight': 2, 'gamma': 0.0006845648994702353, 'reg_alpha': 3.598490504527023e-05, 'reg_lambda': 0.01702676702519412}. Best is trial 821 with value: 0.30830442867849367.
[I 2024-12-04 17:40:43,517] Trial 964 finished with value: 0.3160918155323747 and parameters: {'n_estimators': 907, 'max_depth': 6, 'learning_rate': 0.0738348371400456, 'subsample': 0.7731611342342284, 'colsample_bytree': 0.7235904368808349, 'min_child_weight': 2, 'gamma': 0.0006063280877053398, 'reg_alpha': 4.251695648647412e-05, 'reg_lambda': 0.013279720984564109}. Best is trial 821 with value: 0.30830442867849367.
[I 2024-12-04 17:40:44,912] Trial 965 finished with value: 0.320433177917528 and parameters: {'n_estimators': 904, 'max_depth': 6, 'learning_rate': 0.07285294704646647, 'subsample': 0.7768194280177336, 'colsample_bytree': 0.7268018504015399, 'min_child_weight': 2, 'gamma': 0.0007617062766572441, 'reg_alpha': 4.337316549056246e-05, 'reg_lambda': 0.015163742884211896}. Best is trial 821 with value: 0.30830442867849367.
[I 2024-12-04 17:40:46,376] Trial 966 finished with value: 0.31404937877098055 and parameters: {'n_estimators': 919, 'max_depth': 6, 'learning_rate': 0.07269270756052837, 'subsample': 0.7700610120362446, 'colsample_bytree': 0.7217539984195424, 'min_child_weight': 2, 'gamma': 0.0007374412072951361, 'reg_alpha': 4.966478482932612e-05, 'reg_lambda': 0.01618583098935145}. Best is trial 821 with value: 0.30830442867849367.
[I 2024-12-04 17:40:47,940] Trial 967 finished with value: 0.3183037651958619 and parameters: {'n_estimators': 928, 'max_depth': 6, 'learning_rate': 0.07377899590890823, 'subsample': 0.7751475514167724, 'colsample_bytree': 0.7222106343240187, 'min_child_weight': 2, 'gamma': 0.0006113070037294241, 'reg_alpha': 5.0415071460523104e-05, 'reg_lambda': 0.01954264050353685}. Best is trial 821 with value: 0.30830442867849367.
[I 2024-12-04 17:40:49,404] Trial 968 finished with value: 0.32114767917643205 and parameters: {'n_estimators': 916, 'max_depth': 6, 'learning_rate': 0.07370077161232311, 'subsample': 0.7708629893592315, 'colsample_bytree': 0.7275231141175311, 'min_child_weight': 2, 'gamma': 0.0007189087477283842, 'reg_alpha': 2.698723621519826e-05, 'reg_lambda': 0.011945289728679104}. Best is trial 821 with value: 0.30830442867849367.
[I 2024-12-04 17:40:50,909] Trial 969 finished with value: 0.31702741137099916 and parameters: {'n_estimators': 922, 'max_depth': 6, 'learning_rate': 0.07212023557557991, 'subsample': 0.7693159432871232, 'colsample_bytree': 0.7221566754235611, 'min_child_weight': 2, 'gamma': 0.0008350868536790611, 'reg_alpha': 3.854171327986913e-05, 'reg_lambda': 0.01651264744228159}. Best is trial 821 with value: 0.30830442867849367.
[I 2024-12-04 17:40:52,399] Trial 970 finished with value: 0.3129395451947259 and parameters: {'n_estimators': 928, 'max_depth': 6, 'learning_rate': 0.07217182506389783, 'subsample': 0.7735226269463223, 'colsample_bytree': 0.7171861651728095, 'min_child_weight': 2, 'gamma': 0.0006627987656476925, 'reg_alpha': 4.5342064916189985e-05, 'reg_lambda': 0.013259372237877275}. Best is trial 821 with value: 0.30830442867849367.
[I 2024-12-04 17:40:53,974] Trial 971 finished with value: 0.31158891675460626 and parameters: {'n_estimators': 911, 'max_depth': 6, 'learning_rate': 0.0735393717982572, 'subsample': 0.7684910970754554, 'colsample_bytree': 0.7195013641968442, 'min_child_weight': 2, 'gamma': 0.0007313478044208666, 'reg_alpha': 3.715280463422743e-05, 'reg_lambda': 0.017328400924745812}. Best is trial 821 with value: 0.30830442867849367.
[I 2024-12-04 17:40:55,558] Trial 972 finished with value: 0.3125092431391526 and parameters: {'n_estimators': 924, 'max_depth': 6, 'learning_rate': 0.07248359486236199, 'subsample': 0.7728855496691525, 'colsample_bytree': 0.7190654313061706, 'min_child_weight': 2, 'gamma': 0.0007299847599895645, 'reg_alpha': 5.282996226771244e-05, 'reg_lambda': 0.014324729058638892}. Best is trial 821 with value: 0.30830442867849367.
[I 2024-12-04 17:40:56,998] Trial 973 finished with value: 0.31915723999179396 and parameters: {'n_estimators': 896, 'max_depth': 6, 'learning_rate': 0.07228129126395874, 'subsample': 0.7711913009199047, 'colsample_bytree': 0.7202623593216311, 'min_child_weight': 2, 'gamma': 0.0008445428620505706, 'reg_alpha': 4.761126891640715e-05, 'reg_lambda': 0.014188667210053156}. Best is trial 821 with value: 0.30830442867849367.
[I 2024-12-04 17:40:58,459] Trial 974 finished with value: 0.32125187914009823 and parameters: {'n_estimators': 898, 'max_depth': 6, 'learning_rate': 0.07017656771428395, 'subsample': 0.7726800446619385, 'colsample_bytree': 0.7228862211367029, 'min_child_weight': 2, 'gamma': 0.0009380310872618021, 'reg_alpha': 3.698424128290546e-05, 'reg_lambda': 0.01709811922522884}. Best is trial 821 with value: 0.30830442867849367.
[I 2024-12-04 17:40:59,887] Trial 975 finished with value: 0.3118220392326017 and parameters: {'n_estimators': 922, 'max_depth': 6, 'learning_rate': 0.07338918348363427, 'subsample': 0.7699372531338997, 'colsample_bytree': 0.722168876287356, 'min_child_weight': 2, 'gamma': 0.0008458245669140774, 'reg_alpha': 4.994282349251783e-05, 'reg_lambda': 0.017567698362777964}. Best is trial 821 with value: 0.30830442867849367.
[I 2024-12-04 17:41:01,300] Trial 976 finished with value: 0.31839296902151437 and parameters: {'n_estimators': 933, 'max_depth': 6, 'learning_rate': 0.07505934230377206, 'subsample': 0.7747512666471406, 'colsample_bytree': 0.7207207706980411, 'min_child_weight': 2, 'gamma': 0.000565919998810059, 'reg_alpha': 3.829391106260295e-05, 'reg_lambda': 0.01595948863285247}. Best is trial 821 with value: 0.30830442867849367.
[I 2024-12-04 17:41:02,836] Trial 977 finished with value: 0.3171141596376494 and parameters: {'n_estimators': 915, 'max_depth': 6, 'learning_rate': 0.07313235087452885, 'subsample': 0.7721866097818918, 'colsample_bytree': 0.7189929069873569, 'min_child_weight': 2, 'gamma': 0.0008071362456624011, 'reg_alpha': 4.826649544927497e-05, 'reg_lambda': 0.013543472319365195}. Best is trial 821 with value: 0.30830442867849367.
[I 2024-12-04 17:41:04,577] Trial 978 finished with value: 0.31965098250656776 and parameters: {'n_estimators': 918, 'max_depth': 6, 'learning_rate': 0.07214495173273135, 'subsample': 0.7718211656050773, 'colsample_bytree': 0.7266183878725405, 'min_child_weight': 2, 'gamma': 0.000669336970663333, 'reg_alpha': 3.6618211723564964e-05, 'reg_lambda': 0.016222375245204704}. Best is trial 821 with value: 0.30830442867849367.
[I 2024-12-04 17:41:06,265] Trial 979 finished with value: 0.31713598941674037 and parameters: {'n_estimators': 906, 'max_depth': 6, 'learning_rate': 0.07220715052129195, 'subsample': 0.7708181275994934, 'colsample_bytree': 0.7199780171276797, 'min_child_weight': 2, 'gamma': 0.0008005946082870651, 'reg_alpha': 4.606620273591633e-05, 'reg_lambda': 0.022303578146651827}. Best is trial 821 with value: 0.30830442867849367.
[I 2024-12-04 17:41:07,734] Trial 980 finished with value: 0.3113176654091497 and parameters: {'n_estimators': 911, 'max_depth': 6, 'learning_rate': 0.07554245852636719, 'subsample': 0.7690870303844967, 'colsample_bytree': 0.7196378516926214, 'min_child_weight': 2, 'gamma': 0.0006986819472955499, 'reg_alpha': 5.009741736135963e-05, 'reg_lambda': 0.01868575568722182}. Best is trial 821 with value: 0.30830442867849367.
[I 2024-12-04 17:41:09,212] Trial 981 finished with value: 0.3136619406238878 and parameters: {'n_estimators': 935, 'max_depth': 6, 'learning_rate': 0.0728672900111921, 'subsample': 0.7702734970945032, 'colsample_bytree': 0.719610044799508, 'min_child_weight': 2, 'gamma': 0.0007214265111892465, 'reg_alpha': 4.589971271913189e-05, 'reg_lambda': 0.014865599750032597}. Best is trial 821 with value: 0.30830442867849367.
[I 2024-12-04 17:41:10,627] Trial 982 finished with value: 0.3178513681260278 and parameters: {'n_estimators': 926, 'max_depth': 6, 'learning_rate': 0.07350129990487397, 'subsample': 0.7711662327921766, 'colsample_bytree': 0.7185641906222702, 'min_child_weight': 2, 'gamma': 0.0008814848529159087, 'reg_alpha': 4.1110837890974436e-05, 'reg_lambda': 0.014282679874563515}. Best is trial 821 with value: 0.30830442867849367.
[I 2024-12-04 17:41:12,115] Trial 983 finished with value: 0.3153839217032834 and parameters: {'n_estimators': 929, 'max_depth': 6, 'learning_rate': 0.07495176054786826, 'subsample': 0.7681113376406352, 'colsample_bytree': 0.7185501198455266, 'min_child_weight': 2, 'gamma': 0.0008562834022712979, 'reg_alpha': 5.1143338331995844e-05, 'reg_lambda': 0.017679484669545453}. Best is trial 821 with value: 0.30830442867849367.
[I 2024-12-04 17:41:13,521] Trial 984 finished with value: 0.31863542569920744 and parameters: {'n_estimators': 920, 'max_depth': 6, 'learning_rate': 0.07405811975702101, 'subsample': 0.7682025058802866, 'colsample_bytree': 0.7226477211920677, 'min_child_weight': 2, 'gamma': 0.0008673101090244227, 'reg_alpha': 4.707877786199254e-05, 'reg_lambda': 0.01656770450758923}. Best is trial 821 with value: 0.30830442867849367.
[I 2024-12-04 17:41:14,990] Trial 985 finished with value: 0.31675616354650193 and parameters: {'n_estimators': 929, 'max_depth': 6, 'learning_rate': 0.07193884794576488, 'subsample': 0.7691282496090153, 'colsample_bytree': 0.7227998790223571, 'min_child_weight': 2, 'gamma': 0.0009055775657520405, 'reg_alpha': 3.862337915981623e-05, 'reg_lambda': 0.01993539559091344}. Best is trial 821 with value: 0.30830442867849367.
[I 2024-12-04 17:41:16,422] Trial 986 finished with value: 0.318097397236601 and parameters: {'n_estimators': 911, 'max_depth': 6, 'learning_rate': 0.07321749298592391, 'subsample': 0.7722340426427474, 'colsample_bytree': 0.7171143275304548, 'min_child_weight': 2, 'gamma': 0.0008022484010977003, 'reg_alpha': 4.621169585755737e-05, 'reg_lambda': 0.015758584753293177}. Best is trial 821 with value: 0.30830442867849367.
[I 2024-12-04 17:41:17,920] Trial 987 finished with value: 0.31242193498421755 and parameters: {'n_estimators': 919, 'max_depth': 6, 'learning_rate': 0.07323329354630898, 'subsample': 0.7686158140678141, 'colsample_bytree': 0.7219501676166008, 'min_child_weight': 2, 'gamma': 0.0006802590865341798, 'reg_alpha': 5.040673457062706e-05, 'reg_lambda': 0.015124608336683228}. Best is trial 821 with value: 0.30830442867849367.
[I 2024-12-04 17:41:19,326] Trial 988 finished with value: 0.31322486419510204 and parameters: {'n_estimators': 907, 'max_depth': 6, 'learning_rate': 0.07386845793199286, 'subsample': 0.7693904376490074, 'colsample_bytree': 0.7210406604467079, 'min_child_weight': 2, 'gamma': 0.0007403153477145043, 'reg_alpha': 4.190344597416378e-05, 'reg_lambda': 0.017663380787570238}. Best is trial 821 with value: 0.30830442867849367.
[I 2024-12-04 17:41:20,967] Trial 989 finished with value: 0.31279882951654586 and parameters: {'n_estimators': 917, 'max_depth': 6, 'learning_rate': 0.07451855050110726, 'subsample': 0.7701058047869394, 'colsample_bytree': 0.7204218357436561, 'min_child_weight': 2, 'gamma': 0.0006538343320483475, 'reg_alpha': 4.6395960054551956e-05, 'reg_lambda': 0.01836167008929681}. Best is trial 821 with value: 0.30830442867849367.
[I 2024-12-04 17:41:22,448] Trial 990 finished with value: 0.315812918478903 and parameters: {'n_estimators': 909, 'max_depth': 6, 'learning_rate': 0.07494790601941247, 'subsample': 0.7674146020257432, 'colsample_bytree': 0.7196151213005284, 'min_child_weight': 2, 'gamma': 0.0007488705540635821, 'reg_alpha': 6.310233208098247e-05, 'reg_lambda': 0.01609463488306338}. Best is trial 821 with value: 0.30830442867849367.
[I 2024-12-04 17:41:23,902] Trial 991 finished with value: 0.31622679655751706 and parameters: {'n_estimators': 920, 'max_depth': 6, 'learning_rate': 0.07465001022723483, 'subsample': 0.7709981506233441, 'colsample_bytree': 0.7222438484958664, 'min_child_weight': 2, 'gamma': 0.0007891146042202383, 'reg_alpha': 5.4162895582073285e-05, 'reg_lambda': 0.01567632258371946}. Best is trial 821 with value: 0.30830442867849367.
[I 2024-12-04 17:41:25,357] Trial 992 finished with value: 0.316568086702672 and parameters: {'n_estimators': 924, 'max_depth': 6, 'learning_rate': 0.07526788567057274, 'subsample': 0.7642634336055323, 'colsample_bytree': 0.7160968559242992, 'min_child_weight': 2, 'gamma': 0.000645083088667499, 'reg_alpha': 5.042771523929329e-05, 'reg_lambda': 0.01621780881477922}. Best is trial 821 with value: 0.30830442867849367.
[I 2024-12-04 17:41:26,777] Trial 993 finished with value: 0.31436431460713354 and parameters: {'n_estimators': 915, 'max_depth': 6, 'learning_rate': 0.0748591075292614, 'subsample': 0.7683983363047183, 'colsample_bytree': 0.7196562331545439, 'min_child_weight': 2, 'gamma': 0.000604549949169558, 'reg_alpha': 4.4910356990282904e-05, 'reg_lambda': 0.016410392882640276}. Best is trial 821 with value: 0.30830442867849367.
[I 2024-12-04 17:41:28,320] Trial 994 finished with value: 0.31398418241026665 and parameters: {'n_estimators': 902, 'max_depth': 6, 'learning_rate': 0.07480126619472104, 'subsample': 0.7690062481420262, 'colsample_bytree': 0.7230543425180812, 'min_child_weight': 2, 'gamma': 0.0008410364275274248, 'reg_alpha': 6.917867310410137e-05, 'reg_lambda': 0.02055096160472772}. Best is trial 821 with value: 0.30830442867849367.
[I 2024-12-04 17:41:29,979] Trial 995 finished with value: 0.311505011928678 and parameters: {'n_estimators': 913, 'max_depth': 6, 'learning_rate': 0.07501154708296158, 'subsample': 0.7686770735943853, 'colsample_bytree': 0.7193016266513552, 'min_child_weight': 2, 'gamma': 0.0007134396879958791, 'reg_alpha': 6.096596921151037e-05, 'reg_lambda': 0.01709271676672172}. Best is trial 821 with value: 0.30830442867849367.
