[I 2024-12-19 18:20:21,367] Trial 328 finished with value: 0.7429930567741394 and parameters: {'mlp_n_layers': 4, 'mlp_dim_00': 494, 'mlp_dim_01': 511, 'mlp_dim_02': 346, 'mlp_dim_03': 465, 'node_hidden_dim': 75, 'edge_hidden_dim': 67, 'depth': 2, 'rep_dropout': 0.10371482575112037, 'train_learning_rate': 0.0008951186178671418, 'train_lr_reduce': 0.6}. Best is trial 122 with value: 0.09548358619213104.
[I 2024-12-19 18:20:21,714] Trial 334 finished with value: 1.6117866039276123 and parameters: {'mlp_n_layers': 1, 'mlp_dim_00': 219, 'node_hidden_dim': 66, 'edge_hidden_dim': 72, 'depth': 3, 'rep_dropout': 0.08908807564103495, 'train_learning_rate': 0.0005084194215176564, 'train_lr_reduce': 0.6}. Best is trial 122 with value: 0.09548358619213104.
[I 2024-12-19 18:20:26,691] Trial 335 finished with value: 1.6765064001083374 and parameters: {'mlp_n_layers': 4, 'mlp_dim_00': 505, 'mlp_dim_01': 390, 'mlp_dim_02': 464, 'mlp_dim_03': 468, 'node_hidden_dim': 41, 'edge_hidden_dim': 76, 'depth': 1, 'rep_dropout': 0.1394496981051832, 'train_learning_rate': 0.00047272551178057664, 'train_lr_reduce': 0.6}. Best is trial 122 with value: 0.09548358619213104.
[I 2024-12-19 18:20:27,415] Trial 336 finished with value: 1.6354918479919434 and parameters: {'mlp_n_layers': 2, 'mlp_dim_00': 447, 'mlp_dim_01': 429, 'node_hidden_dim': 82, 'edge_hidden_dim': 61, 'depth': 2, 'rep_dropout': 0.14455695920502182, 'train_learning_rate': 0.0006611061128491952, 'train_lr_reduce': 0.6}. Best is trial 122 with value: 0.09548358619213104.
[I 2024-12-19 18:20:31,083] Trial 337 finished with value: 1.6420224905014038 and parameters: {'mlp_n_layers': 3, 'mlp_dim_00': 483, 'mlp_dim_01': 506, 'mlp_dim_02': 418, 'node_hidden_dim': 89, 'edge_hidden_dim': 61, 'depth': 1, 'rep_dropout': 0.1318068826616475, 'train_learning_rate': 0.0006494656975445644, 'train_lr_reduce': 0.6}. Best is trial 122 with value: 0.09548358619213104.
[I 2024-12-19 18:20:32,351] Trial 338 finished with value: 1.6068775653839111 and parameters: {'mlp_n_layers': 2, 'mlp_dim_00': 408, 'mlp_dim_01': 512, 'node_hidden_dim': 82, 'edge_hidden_dim': 65, 'depth': 3, 'rep_dropout': 0.0455507396464543, 'train_learning_rate': 0.0030967745054807996, 'train_lr_reduce': 0.6}. Best is trial 122 with value: 0.09548358619213104.
[I 2024-12-19 18:20:38,492] Trial 340 finished with value: 1.6611716747283936 and parameters: {'mlp_n_layers': 2, 'mlp_dim_00': 202, 'mlp_dim_01': 450, 'node_hidden_dim': 94, 'edge_hidden_dim': 121, 'depth': 3, 'rep_dropout': 0.048169693643751274, 'train_learning_rate': 0.00034800087674059793, 'train_lr_reduce': 0.6}. Best is trial 122 with value: 0.09548358619213104.
[I 2024-12-19 18:20:43,774] Trial 341 finished with value: 1.6184974908828735 and parameters: {'mlp_n_layers': 1, 'mlp_dim_00': 374, 'node_hidden_dim': 128, 'edge_hidden_dim': 69, 'depth': 4, 'rep_dropout': 0.024020620201724914, 'train_learning_rate': 0.00022161569587917033, 'train_lr_reduce': 0.6}. Best is trial 122 with value: 0.09548358619213104.
[I 2024-12-19 18:20:48,584] Trial 342 finished with value: 1.6373252868652344 and parameters: {'mlp_n_layers': 3, 'mlp_dim_00': 132, 'mlp_dim_01': 449, 'mlp_dim_02': 408, 'node_hidden_dim': 35, 'edge_hidden_dim': 51, 'depth': 1, 'rep_dropout': 0.06748282209136987, 'train_learning_rate': 0.0014411552922665631, 'train_lr_reduce': 0.6}. Best is trial 122 with value: 0.09548358619213104.
[I 2024-12-19 18:20:50,129] Trial 333 finished with value: 0.10948469489812851 and parameters: {'mlp_n_layers': 4, 'mlp_dim_00': 496, 'mlp_dim_01': 507, 'mlp_dim_02': 468, 'mlp_dim_03': 333, 'node_hidden_dim': 73, 'edge_hidden_dim': 91, 'depth': 1, 'rep_dropout': 0.11546943823996063, 'train_learning_rate': 0.0016710438294539475, 'train_lr_reduce': 0.6}. Best is trial 122 with value: 0.09548358619213104.
[I 2024-12-19 18:20:52,111] Trial 339 finished with value: 0.25600501894950867 and parameters: {'mlp_n_layers': 3, 'mlp_dim_00': 480, 'mlp_dim_01': 381, 'mlp_dim_02': 499, 'node_hidden_dim': 111, 'edge_hidden_dim': 54, 'depth': 1, 'rep_dropout': 0.0009334389446310713, 'train_learning_rate': 0.0046037353007113285, 'train_lr_reduce': 0.6}. Best is trial 122 with value: 0.09548358619213104.
[I 2024-12-19 18:20:54,908] Trial 344 finished with value: 1.640804409980774 and parameters: {'mlp_n_layers': 3, 'mlp_dim_00': 122, 'mlp_dim_01': 466, 'mlp_dim_02': 464, 'node_hidden_dim': 40, 'edge_hidden_dim': 85, 'depth': 1, 'rep_dropout': 0.024924035218970905, 'train_learning_rate': 0.0014973137617550094, 'train_lr_reduce': 0.6}. Best is trial 122 with value: 0.09548358619213104.
[I 2024-12-19 18:20:57,842] Trial 345 finished with value: 1.5983258485794067 and parameters: {'mlp_n_layers': 4, 'mlp_dim_00': 511, 'mlp_dim_01': 471, 'mlp_dim_02': 462, 'mlp_dim_03': 350, 'node_hidden_dim': 75, 'edge_hidden_dim': 88, 'depth': 2, 'rep_dropout': 0.08042725530205368, 'train_learning_rate': 0.004430282256169907, 'train_lr_reduce': 0.6}. Best is trial 122 with value: 0.09548358619213104.
[I 2024-12-19 18:21:08,386] Trial 347 finished with value: 1.4570279121398926 and parameters: {'mlp_n_layers': 4, 'mlp_dim_00': 91, 'mlp_dim_01': 375, 'mlp_dim_02': 507, 'mlp_dim_03': 309, 'node_hidden_dim': 45, 'edge_hidden_dim': 56, 'depth': 3, 'rep_dropout': 0.11396111033214262, 'train_learning_rate': 0.004624911680138982, 'train_lr_reduce': 0.6}. Best is trial 122 with value: 0.09548358619213104.
[I 2024-12-19 18:21:13,826] Trial 348 finished with value: 1.6244646310806274 and parameters: {'mlp_n_layers': 3, 'mlp_dim_00': 411, 'mlp_dim_01': 440, 'mlp_dim_02': 436, 'node_hidden_dim': 78, 'edge_hidden_dim': 62, 'depth': 1, 'rep_dropout': 0.14785761315831086, 'train_learning_rate': 0.000888430759228622, 'train_lr_reduce': 0.6}. Best is trial 122 with value: 0.09548358619213104.
[I 2024-12-19 18:21:19,202] Trial 349 finished with value: 1.6880055665969849 and parameters: {'mlp_n_layers': 3, 'mlp_dim_00': 459, 'mlp_dim_01': 465, 'mlp_dim_02': 427, 'node_hidden_dim': 92, 'edge_hidden_dim': 51, 'depth': 1, 'rep_dropout': 0.14824344428734582, 'train_learning_rate': 0.00019621230163271075, 'train_lr_reduce': 0.6}. Best is trial 122 with value: 0.09548358619213104.
[I 2024-12-19 18:21:24,889] Trial 350 finished with value: 1.6798741817474365 and parameters: {'mlp_n_layers': 4, 'mlp_dim_00': 68, 'mlp_dim_01': 256, 'mlp_dim_02': 512, 'mlp_dim_03': 343, 'node_hidden_dim': 125, 'edge_hidden_dim': 126, 'depth': 2, 'rep_dropout': 0.03703307629119949, 'train_learning_rate': 0.0002687745455226582, 'train_lr_reduce': 0.6}. Best is trial 122 with value: 0.09548358619213104.
[I 2024-12-19 18:21:30,808] Trial 343 finished with value: 0.10220112651586533 and parameters: {'mlp_n_layers': 4, 'mlp_dim_00': 347, 'mlp_dim_01': 410, 'mlp_dim_02': 325, 'mlp_dim_03': 510, 'node_hidden_dim': 120, 'edge_hidden_dim': 72, 'depth': 1, 'rep_dropout': 0.10402998030285843, 'train_learning_rate': 0.0003962282853747424, 'train_lr_reduce': 0.6}. Best is trial 122 with value: 0.09548358619213104.
[I 2024-12-19 18:21:36,351] Trial 352 finished with value: 1.5581576824188232 and parameters: {'mlp_n_layers': 4, 'mlp_dim_00': 78, 'mlp_dim_01': 371, 'mlp_dim_02': 312, 'mlp_dim_03': 504, 'node_hidden_dim': 53, 'edge_hidden_dim': 126, 'depth': 3, 'rep_dropout': 0.11074150696579194, 'train_learning_rate': 0.009266341349890333, 'train_lr_reduce': 0.6}. Best is trial 122 with value: 0.09548358619213104.
[I 2024-12-19 18:21:38,222] Trial 346 finished with value: 0.14336201548576355 and parameters: {'mlp_n_layers': 4, 'mlp_dim_00': 487, 'mlp_dim_01': 512, 'mlp_dim_02': 473, 'mlp_dim_03': 313, 'node_hidden_dim': 77, 'edge_hidden_dim': 115, 'depth': 1, 'rep_dropout': 0.11656840382074544, 'train_learning_rate': 0.0006790145841153056, 'train_lr_reduce': 0.6}. Best is trial 122 with value: 0.09548358619213104.
[I 2024-12-19 18:21:41,838] Trial 353 finished with value: 1.567614197731018 and parameters: {'mlp_n_layers': 4, 'mlp_dim_00': 413, 'mlp_dim_01': 385, 'mlp_dim_02': 306, 'mlp_dim_03': 511, 'node_hidden_dim': 85, 'edge_hidden_dim': 88, 'depth': 1, 'rep_dropout': 0.09277079280139865, 'train_learning_rate': 0.005286473841825704, 'train_lr_reduce': 0.6}. Best is trial 122 with value: 0.09548358619213104.
[I 2024-12-19 18:21:58,437] Trial 355 finished with value: 1.2978873252868652 and parameters: {'mlp_n_layers': 4, 'mlp_dim_00': 264, 'mlp_dim_01': 394, 'mlp_dim_02': 365, 'mlp_dim_03': 505, 'node_hidden_dim': 38, 'edge_hidden_dim': 34, 'depth': 4, 'rep_dropout': 0.12296388206435765, 'train_learning_rate': 0.0006918342579005347, 'train_lr_reduce': 0.6}. Best is trial 122 with value: 0.09548358619213104.
[I 2024-12-19 18:22:04,078] Trial 356 finished with value: 1.6449390649795532 and parameters: {'mlp_n_layers': 1, 'mlp_dim_00': 503, 'node_hidden_dim': 116, 'edge_hidden_dim': 89, 'depth': 3, 'rep_dropout': 0.10754969972404281, 'train_learning_rate': 0.00016041034108986468, 'train_lr_reduce': 0.6}. Best is trial 122 with value: 0.09548358619213104.
[I 2024-12-19 18:22:14,996] Trial 351 finished with value: 0.40377309918403625 and parameters: {'mlp_n_layers': 4, 'mlp_dim_00': 509, 'mlp_dim_01': 410, 'mlp_dim_02': 391, 'mlp_dim_03': 368, 'node_hidden_dim': 44, 'edge_hidden_dim': 93, 'depth': 2, 'rep_dropout': 0.12125963612577619, 'train_learning_rate': 0.0012568988164045353, 'train_lr_reduce': 0.6}. Best is trial 122 with value: 0.09548358619213104.
[I 2024-12-19 18:22:20,978] Trial 358 finished with value: 1.6847050189971924 and parameters: {'mlp_n_layers': 4, 'mlp_dim_00': 351, 'mlp_dim_01': 416, 'mlp_dim_02': 319, 'mlp_dim_03': 511, 'node_hidden_dim': 117, 'edge_hidden_dim': 62, 'depth': 1, 'rep_dropout': 0.1329587026097467, 'train_learning_rate': 0.0002117427705879148, 'train_lr_reduce': 0.6}. Best is trial 122 with value: 0.09548358619213104.
[I 2024-12-19 18:22:28,113] Trial 354 finished with value: 0.15418900549411774 and parameters: {'mlp_n_layers': 4, 'mlp_dim_00': 274, 'mlp_dim_01': 417, 'mlp_dim_02': 345, 'mlp_dim_03': 506, 'node_hidden_dim': 116, 'edge_hidden_dim': 83, 'depth': 1, 'rep_dropout': 0.11662143708184365, 'train_learning_rate': 0.00023445885366792186, 'train_lr_reduce': 0.6}. Best is trial 122 with value: 0.09548358619213104.
[I 2024-12-19 18:22:32,741] Trial 360 finished with value: 1.6110458374023438 and parameters: {'mlp_n_layers': 3, 'mlp_dim_00': 283, 'mlp_dim_01': 430, 'mlp_dim_02': 365, 'node_hidden_dim': 60, 'edge_hidden_dim': 48, 'depth': 1, 'rep_dropout': 0.1388091366359081, 'train_learning_rate': 0.001539236740700946, 'train_lr_reduce': 0.6}. Best is trial 122 with value: 0.09548358619213104.
[I 2024-12-19 18:22:51,033] Trial 357 finished with value: 0.17639091610908508 and parameters: {'mlp_n_layers': 3, 'mlp_dim_00': 360, 'mlp_dim_01': 409, 'mlp_dim_02': 305, 'node_hidden_dim': 124, 'edge_hidden_dim': 65, 'depth': 1, 'rep_dropout': 0.12141100645126103, 'train_learning_rate': 0.0008339705384689574, 'train_lr_reduce': 0.6}. Best is trial 122 with value: 0.09548358619213104.
[I 2024-12-19 18:22:52,268] Trial 359 finished with value: 0.15062427520751953 and parameters: {'mlp_n_layers': 4, 'mlp_dim_00': 488, 'mlp_dim_01': 511, 'mlp_dim_02': 451, 'mlp_dim_03': 184, 'node_hidden_dim': 67, 'edge_hidden_dim': 51, 'depth': 1, 'rep_dropout': 0.14091749247122393, 'train_learning_rate': 0.000630835652099518, 'train_lr_reduce': 0.6}. Best is trial 122 with value: 0.09548358619213104.
[I 2024-12-19 18:22:57,268] Trial 362 finished with value: 1.641221046447754 and parameters: {'mlp_n_layers': 4, 'mlp_dim_00': 452, 'mlp_dim_01': 451, 'mlp_dim_02': 311, 'mlp_dim_03': 436, 'node_hidden_dim': 61, 'edge_hidden_dim': 98, 'depth': 2, 'rep_dropout': 0.13463291494903287, 'train_learning_rate': 0.0038178146584164053, 'train_lr_reduce': 0.6}. Best is trial 122 with value: 0.09548358619213104.
[I 2024-12-19 18:23:18,847] Trial 361 finished with value: 0.11285117268562317 and parameters: {'mlp_n_layers': 4, 'mlp_dim_00': 325, 'mlp_dim_01': 367, 'mlp_dim_02': 449, 'mlp_dim_03': 367, 'node_hidden_dim': 128, 'edge_hidden_dim': 75, 'depth': 1, 'rep_dropout': 0.09506705714939744, 'train_learning_rate': 0.0005203650395318349, 'train_lr_reduce': 0.6}. Best is trial 122 with value: 0.09548358619213104.
[I 2024-12-19 18:23:43,490] Trial 364 finished with value: 0.1354721486568451 and parameters: {'mlp_n_layers': 4, 'mlp_dim_00': 488, 'mlp_dim_01': 512, 'mlp_dim_02': 371, 'mlp_dim_03': 388, 'node_hidden_dim': 75, 'edge_hidden_dim': 73, 'depth': 1, 'rep_dropout': 0.1283089565377264, 'train_learning_rate': 0.0021625177008270675, 'train_lr_reduce': 0.6}. Best is trial 122 with value: 0.09548358619213104.
[I 2024-12-19 18:23:44,135] Trial 363 finished with value: 0.14213041961193085 and parameters: {'mlp_n_layers': 3, 'mlp_dim_00': 432, 'mlp_dim_01': 468, 'mlp_dim_02': 242, 'node_hidden_dim': 101, 'edge_hidden_dim': 72, 'depth': 1, 'rep_dropout': 0.14880731424573085, 'train_learning_rate': 0.0005640343966913995, 'train_lr_reduce': 0.6}. Best is trial 122 with value: 0.09548358619213104.
[I 2024-12-19 18:23:57,877] Trial 365 finished with value: 0.15875734388828278 and parameters: {'mlp_n_layers': 3, 'mlp_dim_00': 460, 'mlp_dim_01': 256, 'mlp_dim_02': 413, 'node_hidden_dim': 122, 'edge_hidden_dim': 65, 'depth': 1, 'rep_dropout': 0.03335298985485523, 'train_learning_rate': 0.00046272420006829236, 'train_lr_reduce': 0.6}. Best is trial 122 with value: 0.09548358619213104.
[I 2024-12-19 18:23:59,038] Trial 367 finished with value: 1.2388063669204712 and parameters: {'mlp_n_layers': 4, 'mlp_dim_00': 412, 'mlp_dim_01': 463, 'mlp_dim_02': 222, 'mlp_dim_03': 512, 'node_hidden_dim': 110, 'edge_hidden_dim': 85, 'depth': 2, 'rep_dropout': 0.09913804098773163, 'train_learning_rate': 0.0004878722442126187, 'train_lr_reduce': 0.6}. Best is trial 122 with value: 0.09548358619213104.
[I 2024-12-19 18:24:08,670] Trial 369 finished with value: 1.5823748111724854 and parameters: {'mlp_n_layers': 3, 'mlp_dim_00': 74, 'mlp_dim_01': 512, 'mlp_dim_02': 508, 'node_hidden_dim': 67, 'edge_hidden_dim': 114, 'depth': 3, 'rep_dropout': 0.03259553238495651, 'train_learning_rate': 0.005706257857590833, 'train_lr_reduce': 0.6}. Best is trial 122 with value: 0.09548358619213104.
[I 2024-12-19 18:24:14,146] Trial 370 finished with value: 1.6835659742355347 and parameters: {'mlp_n_layers': 4, 'mlp_dim_00': 506, 'mlp_dim_01': 103, 'mlp_dim_02': 400, 'mlp_dim_03': 413, 'node_hidden_dim': 103, 'edge_hidden_dim': 43, 'depth': 1, 'rep_dropout': 0.09862008301007809, 'train_learning_rate': 0.00026876882798167, 'train_lr_reduce': 0.6}. Best is trial 122 with value: 0.09548358619213104.
[I 2024-12-19 18:24:17,153] Trial 366 finished with value: 0.1685613989830017 and parameters: {'mlp_n_layers': 4, 'mlp_dim_00': 416, 'mlp_dim_01': 417, 'mlp_dim_02': 468, 'mlp_dim_03': 453, 'node_hidden_dim': 127, 'edge_hidden_dim': 53, 'depth': 1, 'rep_dropout': 0.0891226426331121, 'train_learning_rate': 0.0008684259802208421, 'train_lr_reduce': 0.6}. Best is trial 122 with value: 0.09548358619213104.
[I 2024-12-19 18:24:19,063] Trial 371 finished with value: 1.661428451538086 and parameters: {'mlp_n_layers': 2, 'mlp_dim_00': 511, 'mlp_dim_01': 462, 'node_hidden_dim': 90, 'edge_hidden_dim': 51, 'depth': 1, 'rep_dropout': 0.11644073935752934, 'train_learning_rate': 0.0003260182402963149, 'train_lr_reduce': 0.6}. Best is trial 122 with value: 0.09548358619213104.
[I 2024-12-19 18:24:24,021] Trial 372 finished with value: 1.68925142288208 and parameters: {'mlp_n_layers': 4, 'mlp_dim_00': 377, 'mlp_dim_01': 359, 'mlp_dim_02': 164, 'mlp_dim_03': 447, 'node_hidden_dim': 59, 'edge_hidden_dim': 36, 'depth': 4, 'rep_dropout': 0.011937561784800294, 'train_learning_rate': 0.00019182591585528515, 'train_lr_reduce': 0.6}. Best is trial 122 with value: 0.09548358619213104.
[I 2024-12-19 18:24:43,012] Trial 368 finished with value: 0.12067358195781708 and parameters: {'mlp_n_layers': 4, 'mlp_dim_00': 454, 'mlp_dim_01': 398, 'mlp_dim_02': 325, 'mlp_dim_03': 323, 'node_hidden_dim': 67, 'edge_hidden_dim': 46, 'depth': 1, 'rep_dropout': 0.10607883107375742, 'train_learning_rate': 0.0007219110391406254, 'train_lr_reduce': 0.6}. Best is trial 122 with value: 0.09548358619213104.
[I 2024-12-19 18:25:01,436] Trial 373 finished with value: 0.12099643051624298 and parameters: {'mlp_n_layers': 3, 'mlp_dim_00': 387, 'mlp_dim_01': 438, 'mlp_dim_02': 455, 'node_hidden_dim': 68, 'edge_hidden_dim': 62, 'depth': 1, 'rep_dropout': 0.14624853158906856, 'train_learning_rate': 0.0020725361402285114, 'train_lr_reduce': 0.6}. Best is trial 122 with value: 0.09548358619213104.
[I 2024-12-19 18:25:01,873] Trial 374 finished with value: 0.11960195004940033 and parameters: {'mlp_n_layers': 4, 'mlp_dim_00': 217, 'mlp_dim_01': 468, 'mlp_dim_02': 343, 'mlp_dim_03': 457, 'node_hidden_dim': 37, 'edge_hidden_dim': 47, 'depth': 1, 'rep_dropout': 0.11305186981316132, 'train_learning_rate': 0.0009526749621358279, 'train_lr_reduce': 0.6}. Best is trial 122 with value: 0.09548358619213104.
[I 2024-12-19 18:25:15,487] Trial 376 finished with value: 0.5855372548103333 and parameters: {'mlp_n_layers': 4, 'mlp_dim_00': 424, 'mlp_dim_01': 415, 'mlp_dim_02': 280, 'mlp_dim_03': 452, 'node_hidden_dim': 63, 'edge_hidden_dim': 88, 'depth': 1, 'rep_dropout': 0.10436674328626483, 'train_learning_rate': 0.0017509636953233615, 'train_lr_reduce': 0.6}. Best is trial 122 with value: 0.09548358619213104.
[I 2024-12-19 18:25:16,944] Trial 375 finished with value: 0.12365385890007019 and parameters: {'mlp_n_layers': 4, 'mlp_dim_00': 452, 'mlp_dim_01': 254, 'mlp_dim_02': 171, 'mlp_dim_03': 375, 'node_hidden_dim': 82, 'edge_hidden_dim': 99, 'depth': 1, 'rep_dropout': 0.134309102675932, 'train_learning_rate': 0.00169743677565276, 'train_lr_reduce': 0.6}. Best is trial 122 with value: 0.09548358619213104.
[I 2024-12-19 18:25:20,987] Trial 378 finished with value: 1.5680067539215088 and parameters: {'mlp_n_layers': 1, 'mlp_dim_00': 83, 'node_hidden_dim': 59, 'edge_hidden_dim': 121, 'depth': 1, 'rep_dropout': 0.0820991467918999, 'train_learning_rate': 0.005528059553288641, 'train_lr_reduce': 0.6}. Best is trial 122 with value: 0.09548358619213104.
[I 2024-12-19 18:25:21,805] Trial 379 finished with value: 1.6704621315002441 and parameters: {'mlp_n_layers': 4, 'mlp_dim_00': 479, 'mlp_dim_01': 465, 'mlp_dim_02': 452, 'mlp_dim_03': 511, 'node_hidden_dim': 120, 'edge_hidden_dim': 45, 'depth': 2, 'rep_dropout': 0.11676614626466876, 'train_learning_rate': 0.0007956163673844583, 'train_lr_reduce': 0.6}. Best is trial 122 with value: 0.09548358619213104.
[I 2024-12-19 18:25:45,473] Trial 377 finished with value: 0.11209364235401154 and parameters: {'mlp_n_layers': 4, 'mlp_dim_00': 388, 'mlp_dim_01': 510, 'mlp_dim_02': 396, 'mlp_dim_03': 238, 'node_hidden_dim': 106, 'edge_hidden_dim': 67, 'depth': 1, 'rep_dropout': 0.08780135899263225, 'train_learning_rate': 0.0004015306696245419, 'train_lr_reduce': 0.6}. Best is trial 122 with value: 0.09548358619213104.
[I 2024-12-19 18:26:03,804] Trial 380 finished with value: 0.11272427439689636 and parameters: {'mlp_n_layers': 4, 'mlp_dim_00': 455, 'mlp_dim_01': 360, 'mlp_dim_02': 192, 'mlp_dim_03': 403, 'node_hidden_dim': 82, 'edge_hidden_dim': 33, 'depth': 1, 'rep_dropout': 0.09731207104751513, 'train_learning_rate': 0.0012880049650184115, 'train_lr_reduce': 0.6}. Best is trial 122 with value: 0.09548358619213104.
[I 2024-12-19 18:26:07,890] Trial 381 finished with value: 0.22691763937473297 and parameters: {'mlp_n_layers': 2, 'mlp_dim_00': 132, 'mlp_dim_01': 420, 'node_hidden_dim': 102, 'edge_hidden_dim': 37, 'depth': 1, 'rep_dropout': 0.009228829195904523, 'train_learning_rate': 0.00040327191809711024, 'train_lr_reduce': 0.6}. Best is trial 122 with value: 0.09548358619213104.
[I 2024-12-19 18:26:28,838] Trial 382 finished with value: 0.1159159317612648 and parameters: {'mlp_n_layers': 4, 'mlp_dim_00': 422, 'mlp_dim_01': 465, 'mlp_dim_02': 366, 'mlp_dim_03': 456, 'node_hidden_dim': 68, 'edge_hidden_dim': 57, 'depth': 1, 'rep_dropout': 0.14378636922810162, 'train_learning_rate': 0.001128498990522436, 'train_lr_reduce': 0.6}. Best is trial 122 with value: 0.09548358619213104.
[I 2024-12-19 18:26:34,373] Trial 385 finished with value: 1.677954912185669 and parameters: {'mlp_n_layers': 4, 'mlp_dim_00': 486, 'mlp_dim_01': 208, 'mlp_dim_02': 395, 'mlp_dim_03': 458, 'node_hidden_dim': 96, 'edge_hidden_dim': 58, 'depth': 1, 'rep_dropout': 0.11101634823324397, 'train_learning_rate': 0.0004540200537354185, 'train_lr_reduce': 0.6}. Best is trial 122 with value: 0.09548358619213104.
[I 2024-12-19 18:26:39,609] Trial 386 finished with value: 1.550218939781189 and parameters: {'mlp_n_layers': 1, 'mlp_dim_00': 220, 'node_hidden_dim': 63, 'edge_hidden_dim': 85, 'depth': 2, 'rep_dropout': 0.13100360034915542, 'train_learning_rate': 0.00781437301367082, 'train_lr_reduce': 0.6}. Best is trial 122 with value: 0.09548358619213104.
[I 2024-12-19 18:26:45,183] Trial 387 finished with value: 1.5584503412246704 and parameters: {'mlp_n_layers': 2, 'mlp_dim_00': 133, 'mlp_dim_01': 470, 'node_hidden_dim': 121, 'edge_hidden_dim': 43, 'depth': 4, 'rep_dropout': 0.12315565841066396, 'train_learning_rate': 0.005318241867829445, 'train_lr_reduce': 0.6}. Best is trial 122 with value: 0.09548358619213104.
[I 2024-12-19 18:26:50,109] Trial 388 finished with value: 1.6352850198745728 and parameters: {'mlp_n_layers': 4, 'mlp_dim_00': 388, 'mlp_dim_01': 133, 'mlp_dim_02': 449, 'mlp_dim_03': 511, 'node_hidden_dim': 92, 'edge_hidden_dim': 76, 'depth': 1, 'rep_dropout': 0.10506686412083949, 'train_learning_rate': 0.0008882690427161169, 'train_lr_reduce': 0.6}. Best is trial 122 with value: 0.09548358619213104.
