[I 2024-12-19 21:51:20,655] Trial 2145 finished with value: 0.11167515069246292 and parameters: {'mlp_n_layers': 4, 'mlp_dim_00': 149, 'mlp_dim_01': 443, 'mlp_dim_02': 365, 'mlp_dim_03': 405, 'node_hidden_dim': 78, 'edge_hidden_dim': 41, 'depth': 1, 'rep_dropout': 0.09516951958772173, 'train_learning_rate': 0.0006846543620309006, 'train_lr_reduce': 0.6}. Best is trial 122 with value: 0.09548358619213104.
[I 2024-12-19 21:51:37,223] Trial 2148 finished with value: 0.5367105007171631 and parameters: {'mlp_n_layers': 2, 'mlp_dim_00': 346, 'mlp_dim_01': 403, 'node_hidden_dim': 110, 'edge_hidden_dim': 121, 'depth': 2, 'rep_dropout': 0.01937450809114473, 'train_learning_rate': 0.006378295020224813, 'train_lr_reduce': 0.6}. Best is trial 122 with value: 0.09548358619213104.
[I 2024-12-19 21:51:38,415] Trial 2146 finished with value: 0.2385023534297943 and parameters: {'mlp_n_layers': 4, 'mlp_dim_00': 474, 'mlp_dim_01': 301, 'mlp_dim_02': 419, 'mlp_dim_03': 283, 'node_hidden_dim': 84, 'edge_hidden_dim': 73, 'depth': 1, 'rep_dropout': 0.14094544314006482, 'train_learning_rate': 0.0004254584509707468, 'train_lr_reduce': 0.6}. Best is trial 122 with value: 0.09548358619213104.
[I 2024-12-19 21:51:43,543] Trial 2151 finished with value: 1.6683955192565918 and parameters: {'mlp_n_layers': 4, 'mlp_dim_00': 316, 'mlp_dim_01': 455, 'mlp_dim_02': 280, 'mlp_dim_03': 375, 'node_hidden_dim': 47, 'edge_hidden_dim': 81, 'depth': 1, 'rep_dropout': 0.07882301239639891, 'train_learning_rate': 0.0003396276119375185, 'train_lr_reduce': 0.6}. Best is trial 122 with value: 0.09548358619213104.
[I 2024-12-19 21:52:05,916] Trial 2149 finished with value: 0.13147123157978058 and parameters: {'mlp_n_layers': 4, 'mlp_dim_00': 235, 'mlp_dim_01': 478, 'mlp_dim_02': 329, 'mlp_dim_03': 345, 'node_hidden_dim': 110, 'edge_hidden_dim': 49, 'depth': 1, 'rep_dropout': 0.09381856295597009, 'train_learning_rate': 0.00038465578160709846, 'train_lr_reduce': 0.6}. Best is trial 122 with value: 0.09548358619213104.
[I 2024-12-19 21:52:27,375] Trial 2150 finished with value: 0.18363462388515472 and parameters: {'mlp_n_layers': 4, 'mlp_dim_00': 355, 'mlp_dim_01': 348, 'mlp_dim_02': 458, 'mlp_dim_03': 429, 'node_hidden_dim': 85, 'edge_hidden_dim': 59, 'depth': 1, 'rep_dropout': 0.11250072959116045, 'train_learning_rate': 0.0007885217931998928, 'train_lr_reduce': 0.6}. Best is trial 122 with value: 0.09548358619213104.
[I 2024-12-19 21:52:30,809] Trial 2152 finished with value: 0.11840996146202087 and parameters: {'mlp_n_layers': 3, 'mlp_dim_00': 347, 'mlp_dim_01': 270, 'mlp_dim_02': 379, 'node_hidden_dim': 93, 'edge_hidden_dim': 51, 'depth': 1, 'rep_dropout': 0.09327373626821724, 'train_learning_rate': 0.0006597615560326285, 'train_lr_reduce': 0.6}. Best is trial 122 with value: 0.09548358619213104.
[I 2024-12-19 21:52:33,122] Trial 2154 finished with value: 1.6285300254821777 and parameters: {'mlp_n_layers': 2, 'mlp_dim_00': 259, 'mlp_dim_01': 311, 'node_hidden_dim': 118, 'edge_hidden_dim': 41, 'depth': 2, 'rep_dropout': 0.05280300853983144, 'train_learning_rate': 0.0034936497173317068, 'train_lr_reduce': 0.6}. Best is trial 122 with value: 0.09548358619213104.
[I 2024-12-19 21:52:55,988] Trial 2156 finished with value: 0.6109766364097595 and parameters: {'mlp_n_layers': 4, 'mlp_dim_00': 443, 'mlp_dim_01': 421, 'mlp_dim_02': 352, 'mlp_dim_03': 369, 'node_hidden_dim': 41, 'edge_hidden_dim': 39, 'depth': 1, 'rep_dropout': 0.0855193402771316, 'train_learning_rate': 0.005686392266719673, 'train_lr_reduce': 0.6}. Best is trial 122 with value: 0.09548358619213104.
[I 2024-12-19 21:52:59,270] Trial 2153 finished with value: 0.12336733937263489 and parameters: {'mlp_n_layers': 4, 'mlp_dim_00': 250, 'mlp_dim_01': 391, 'mlp_dim_02': 420, 'mlp_dim_03': 301, 'node_hidden_dim': 77, 'edge_hidden_dim': 66, 'depth': 1, 'rep_dropout': 0.1209865654495735, 'train_learning_rate': 0.000513157527018618, 'train_lr_reduce': 0.6}. Best is trial 122 with value: 0.09548358619213104.
[I 2024-12-19 21:53:02,369] Trial 2157 finished with value: 1.6815751791000366 and parameters: {'mlp_n_layers': 4, 'mlp_dim_00': 345, 'mlp_dim_01': 512, 'mlp_dim_02': 450, 'mlp_dim_03': 435, 'node_hidden_dim': 61, 'edge_hidden_dim': 46, 'depth': 1, 'rep_dropout': 0.13243426011790238, 'train_learning_rate': 0.0003830947129485129, 'train_lr_reduce': 0.6}. Best is trial 122 with value: 0.09548358619213104.
[I 2024-12-19 21:53:04,197] Trial 2158 finished with value: 1.6734001636505127 and parameters: {'mlp_n_layers': 4, 'mlp_dim_00': 408, 'mlp_dim_01': 359, 'mlp_dim_02': 483, 'mlp_dim_03': 329, 'node_hidden_dim': 45, 'edge_hidden_dim': 60, 'depth': 1, 'rep_dropout': 0.06286535523317656, 'train_learning_rate': 0.0007731015325387251, 'train_lr_reduce': 0.6}. Best is trial 122 with value: 0.09548358619213104.
[I 2024-12-19 21:53:08,384] Trial 2159 finished with value: 1.5939148664474487 and parameters: {'mlp_n_layers': 1, 'mlp_dim_00': 87, 'node_hidden_dim': 83, 'edge_hidden_dim': 45, 'depth': 4, 'rep_dropout': 0.04718791775984768, 'train_learning_rate': 0.006780150890021283, 'train_lr_reduce': 0.6}. Best is trial 122 with value: 0.09548358619213104.
[I 2024-12-19 21:53:14,080] Trial 2161 finished with value: 1.6397697925567627 and parameters: {'mlp_n_layers': 4, 'mlp_dim_00': 510, 'mlp_dim_01': 314, 'mlp_dim_02': 415, 'mlp_dim_03': 440, 'node_hidden_dim': 61, 'edge_hidden_dim': 34, 'depth': 1, 'rep_dropout': 0.13671957484937777, 'train_learning_rate': 0.003334636383181071, 'train_lr_reduce': 0.6}. Best is trial 122 with value: 0.09548358619213104.
[I 2024-12-19 21:53:19,493] Trial 2162 finished with value: 1.6422451734542847 and parameters: {'mlp_n_layers': 2, 'mlp_dim_00': 77, 'mlp_dim_01': 476, 'node_hidden_dim': 65, 'edge_hidden_dim': 119, 'depth': 2, 'rep_dropout': 0.1059639489011811, 'train_learning_rate': 0.0012671263920010398, 'train_lr_reduce': 0.6}. Best is trial 122 with value: 0.09548358619213104.
[I 2024-12-19 21:53:20,824] Trial 2155 finished with value: 0.13410012423992157 and parameters: {'mlp_n_layers': 4, 'mlp_dim_00': 302, 'mlp_dim_01': 511, 'mlp_dim_02': 314, 'mlp_dim_03': 418, 'node_hidden_dim': 102, 'edge_hidden_dim': 48, 'depth': 1, 'rep_dropout': 0.10779032530687906, 'train_learning_rate': 0.0006308918153982891, 'train_lr_reduce': 0.6}. Best is trial 122 with value: 0.09548358619213104.
[I 2024-12-19 21:53:23,168] Trial 2160 finished with value: 0.2817191481590271 and parameters: {'mlp_n_layers': 4, 'mlp_dim_00': 394, 'mlp_dim_01': 454, 'mlp_dim_02': 383, 'mlp_dim_03': 409, 'node_hidden_dim': 42, 'edge_hidden_dim': 54, 'depth': 1, 'rep_dropout': 0.11631428922574578, 'train_learning_rate': 0.0035073639085837125, 'train_lr_reduce': 0.6}. Best is trial 122 with value: 0.09548358619213104.
[I 2024-12-19 21:53:24,465] Trial 2163 finished with value: 1.5561692714691162 and parameters: {'mlp_n_layers': 1, 'mlp_dim_00': 319, 'node_hidden_dim': 83, 'edge_hidden_dim': 89, 'depth': 3, 'rep_dropout': 0.1485877861304134, 'train_learning_rate': 0.004997172696152173, 'train_lr_reduce': 0.6}. Best is trial 122 with value: 0.09548358619213104.
[I 2024-12-19 21:53:27,678] Trial 2165 finished with value: 1.6745392084121704 and parameters: {'mlp_n_layers': 4, 'mlp_dim_00': 382, 'mlp_dim_01': 272, 'mlp_dim_02': 450, 'mlp_dim_03': 381, 'node_hidden_dim': 70, 'edge_hidden_dim': 51, 'depth': 1, 'rep_dropout': 0.12135199591186302, 'train_learning_rate': 0.0002430867750930174, 'train_lr_reduce': 0.6}. Best is trial 122 with value: 0.09548358619213104.
[I 2024-12-19 21:53:36,106] Trial 2164 finished with value: 0.3470557630062103 and parameters: {'mlp_n_layers': 3, 'mlp_dim_00': 253, 'mlp_dim_01': 419, 'mlp_dim_02': 336, 'node_hidden_dim': 86, 'edge_hidden_dim': 50, 'depth': 2, 'rep_dropout': 0.07708842218701012, 'train_learning_rate': 0.0032715637725767685, 'train_lr_reduce': 0.6}. Best is trial 122 with value: 0.09548358619213104.
[I 2024-12-19 21:53:49,209] Trial 2168 finished with value: 1.0418245792388916 and parameters: {'mlp_n_layers': 4, 'mlp_dim_00': 115, 'mlp_dim_01': 450, 'mlp_dim_02': 307, 'mlp_dim_03': 341, 'node_hidden_dim': 69, 'edge_hidden_dim': 60, 'depth': 1, 'rep_dropout': 0.07120950651222159, 'train_learning_rate': 0.0005252011694879352, 'train_lr_reduce': 0.6}. Best is trial 122 with value: 0.09548358619213104.
[I 2024-12-19 21:54:07,284] Trial 2166 finished with value: 0.1230945959687233 and parameters: {'mlp_n_layers': 4, 'mlp_dim_00': 435, 'mlp_dim_01': 377, 'mlp_dim_02': 376, 'mlp_dim_03': 148, 'node_hidden_dim': 80, 'edge_hidden_dim': 72, 'depth': 1, 'rep_dropout': 0.0992402171387263, 'train_learning_rate': 0.0008182513121129405, 'train_lr_reduce': 0.6}. Best is trial 122 with value: 0.09548358619213104.
[I 2024-12-19 21:54:16,334] Trial 2167 finished with value: 0.28402698040008545 and parameters: {'mlp_n_layers': 2, 'mlp_dim_00': 192, 'mlp_dim_01': 336, 'node_hidden_dim': 97, 'edge_hidden_dim': 52, 'depth': 1, 'rep_dropout': 0.04683275843009542, 'train_learning_rate': 0.00014114778315506835, 'train_lr_reduce': 0.6}. Best is trial 122 with value: 0.09548358619213104.
[I 2024-12-19 21:54:26,854] Trial 2170 finished with value: 0.2900741696357727 and parameters: {'mlp_n_layers': 3, 'mlp_dim_00': 400, 'mlp_dim_01': 301, 'mlp_dim_02': 277, 'node_hidden_dim': 72, 'edge_hidden_dim': 56, 'depth': 1, 'rep_dropout': 0.10600899368273914, 'train_learning_rate': 0.0019143001818927366, 'train_lr_reduce': 0.6}. Best is trial 122 with value: 0.09548358619213104.
[I 2024-12-19 21:54:31,343] Trial 2169 finished with value: 0.13513755798339844 and parameters: {'mlp_n_layers': 3, 'mlp_dim_00': 181, 'mlp_dim_01': 481, 'mlp_dim_02': 476, 'node_hidden_dim': 116, 'edge_hidden_dim': 69, 'depth': 1, 'rep_dropout': 0.11915294078344575, 'train_learning_rate': 0.0006191142366427036, 'train_lr_reduce': 0.6}. Best is trial 122 with value: 0.09548358619213104.
[I 2024-12-19 21:54:37,439] Trial 2173 finished with value: 1.6907000541687012 and parameters: {'mlp_n_layers': 4, 'mlp_dim_00': 331, 'mlp_dim_01': 343, 'mlp_dim_02': 445, 'mlp_dim_03': 399, 'node_hidden_dim': 78, 'edge_hidden_dim': 61, 'depth': 1, 'rep_dropout': 0.09431697891309603, 'train_learning_rate': 0.00011051813690603215, 'train_lr_reduce': 0.6}. Best is trial 122 with value: 0.09548358619213104.
[I 2024-12-19 21:54:43,147] Trial 2171 finished with value: 0.359059602022171 and parameters: {'mlp_n_layers': 4, 'mlp_dim_00': 500, 'mlp_dim_01': 382, 'mlp_dim_02': 402, 'mlp_dim_03': 448, 'node_hidden_dim': 56, 'edge_hidden_dim': 41, 'depth': 2, 'rep_dropout': 0.10366290035375902, 'train_learning_rate': 0.0033530002740061434, 'train_lr_reduce': 0.6}. Best is trial 122 with value: 0.09548358619213104.
[I 2024-12-19 21:55:10,124] Trial 2172 finished with value: 0.10778063535690308 and parameters: {'mlp_n_layers': 4, 'mlp_dim_00': 214, 'mlp_dim_01': 415, 'mlp_dim_02': 335, 'mlp_dim_03': 240, 'node_hidden_dim': 88, 'edge_hidden_dim': 43, 'depth': 1, 'rep_dropout': 0.12682532605169522, 'train_learning_rate': 0.0006251826916405863, 'train_lr_reduce': 0.6}. Best is trial 122 with value: 0.09548358619213104.
[I 2024-12-19 21:55:16,784] Trial 2174 finished with value: 0.1257091462612152 and parameters: {'mlp_n_layers': 3, 'mlp_dim_00': 311, 'mlp_dim_01': 248, 'mlp_dim_02': 361, 'node_hidden_dim': 90, 'edge_hidden_dim': 74, 'depth': 1, 'rep_dropout': 0.10185595382055625, 'train_learning_rate': 0.0011666257350457902, 'train_lr_reduce': 0.6}. Best is trial 122 with value: 0.09548358619213104.
[I 2024-12-19 21:55:24,107] Trial 2175 finished with value: 0.1475270390510559 and parameters: {'mlp_n_layers': 3, 'mlp_dim_00': 386, 'mlp_dim_01': 477, 'mlp_dim_02': 484, 'node_hidden_dim': 83, 'edge_hidden_dim': 81, 'depth': 2, 'rep_dropout': 0.1439695423905964, 'train_learning_rate': 0.0006829548704522174, 'train_lr_reduce': 0.6}. Best is trial 122 with value: 0.09548358619213104.
[I 2024-12-19 21:55:30,049] Trial 2178 finished with value: 1.636772871017456 and parameters: {'mlp_n_layers': 4, 'mlp_dim_00': 64, 'mlp_dim_01': 379, 'mlp_dim_02': 511, 'mlp_dim_03': 315, 'node_hidden_dim': 72, 'edge_hidden_dim': 77, 'depth': 4, 'rep_dropout': 0.13375355325506874, 'train_learning_rate': 0.0012102352643322998, 'train_lr_reduce': 0.6}. Best is trial 122 with value: 0.09548358619213104.
[I 2024-12-19 21:55:35,888] Trial 2179 finished with value: 1.5882657766342163 and parameters: {'mlp_n_layers': 1, 'mlp_dim_00': 367, 'node_hidden_dim': 83, 'edge_hidden_dim': 103, 'depth': 4, 'rep_dropout': 0.14243866960067955, 'train_learning_rate': 0.0006380272671516773, 'train_lr_reduce': 0.6}. Best is trial 122 with value: 0.09548358619213104.
[I 2024-12-19 21:55:41,337] Trial 2176 finished with value: 0.26938414573669434 and parameters: {'mlp_n_layers': 3, 'mlp_dim_00': 137, 'mlp_dim_01': 427, 'mlp_dim_02': 404, 'node_hidden_dim': 45, 'edge_hidden_dim': 126, 'depth': 2, 'rep_dropout': 0.08929380021233865, 'train_learning_rate': 0.006410698557736732, 'train_lr_reduce': 0.6}. Best is trial 122 with value: 0.09548358619213104.
[I 2024-12-19 21:55:41,564] Trial 2180 finished with value: 1.6531999111175537 and parameters: {'mlp_n_layers': 3, 'mlp_dim_00': 349, 'mlp_dim_01': 512, 'mlp_dim_02': 361, 'node_hidden_dim': 75, 'edge_hidden_dim': 65, 'depth': 2, 'rep_dropout': 0.10107842329034852, 'train_learning_rate': 0.001026857145818105, 'train_lr_reduce': 0.6}. Best is trial 122 with value: 0.09548358619213104.
[I 2024-12-19 21:55:49,009] Trial 2181 finished with value: 1.6803821325302124 and parameters: {'mlp_n_layers': 2, 'mlp_dim_00': 311, 'mlp_dim_01': 457, 'node_hidden_dim': 104, 'edge_hidden_dim': 93, 'depth': 3, 'rep_dropout': 0.08456327707806066, 'train_learning_rate': 0.00017656509588829104, 'train_lr_reduce': 0.6}. Best is trial 122 with value: 0.09548358619213104.
[I 2024-12-19 21:55:54,516] Trial 2183 finished with value: 1.5593535900115967 and parameters: {'mlp_n_layers': 3, 'mlp_dim_00': 486, 'mlp_dim_01': 419, 'mlp_dim_02': 411, 'node_hidden_dim': 73, 'edge_hidden_dim': 67, 'depth': 1, 'rep_dropout': 0.07305125159652504, 'train_learning_rate': 0.005996581626973153, 'train_lr_reduce': 0.6}. Best is trial 122 with value: 0.09548358619213104.
[I 2024-12-19 21:55:59,407] Trial 2184 finished with value: 1.5871282815933228 and parameters: {'mlp_n_layers': 1, 'mlp_dim_00': 211, 'node_hidden_dim': 115, 'edge_hidden_dim': 126, 'depth': 1, 'rep_dropout': 0.0310839090651499, 'train_learning_rate': 0.0003871328238754653, 'train_lr_reduce': 0.6}. Best is trial 122 with value: 0.09548358619213104.
[I 2024-12-19 21:56:00,364] Trial 2177 finished with value: 0.1983322650194168 and parameters: {'mlp_n_layers': 4, 'mlp_dim_00': 458, 'mlp_dim_01': 300, 'mlp_dim_02': 314, 'mlp_dim_03': 441, 'node_hidden_dim': 44, 'edge_hidden_dim': 84, 'depth': 1, 'rep_dropout': 0.08985850689138453, 'train_learning_rate': 0.000660086882101454, 'train_lr_reduce': 0.6}. Best is trial 122 with value: 0.09548358619213104.
[I 2024-12-19 21:56:04,687] Trial 2186 finished with value: 1.62149178981781 and parameters: {'mlp_n_layers': 2, 'mlp_dim_00': 334, 'mlp_dim_01': 274, 'node_hidden_dim': 47, 'edge_hidden_dim': 77, 'depth': 1, 'rep_dropout': 0.0014955751923561161, 'train_learning_rate': 0.003388087192093234, 'train_lr_reduce': 0.6}. Best is trial 122 with value: 0.09548358619213104.
[I 2024-12-19 21:56:06,970] Trial 2182 finished with value: 0.33259519934654236 and parameters: {'mlp_n_layers': 4, 'mlp_dim_00': 241, 'mlp_dim_01': 338, 'mlp_dim_02': 437, 'mlp_dim_03': 380, 'node_hidden_dim': 95, 'edge_hidden_dim': 35, 'depth': 1, 'rep_dropout': 0.1006975748972895, 'train_learning_rate': 0.002186459911611722, 'train_lr_reduce': 0.6}. Best is trial 122 with value: 0.09548358619213104.
[I 2024-12-19 21:56:18,632] Trial 2188 finished with value: 1.6883530616760254 and parameters: {'mlp_n_layers': 4, 'mlp_dim_00': 271, 'mlp_dim_01': 512, 'mlp_dim_02': 338, 'mlp_dim_03': 354, 'node_hidden_dim': 46, 'edge_hidden_dim': 81, 'depth': 2, 'rep_dropout': 0.11754211714814457, 'train_learning_rate': 0.00023704463041244656, 'train_lr_reduce': 0.6}. Best is trial 122 with value: 0.09548358619213104.
[I 2024-12-19 21:56:22,542] Trial 2187 finished with value: 0.2870440185070038 and parameters: {'mlp_n_layers': 4, 'mlp_dim_00': 401, 'mlp_dim_01': 456, 'mlp_dim_02': 278, 'mlp_dim_03': 439, 'node_hidden_dim': 79, 'edge_hidden_dim': 48, 'depth': 1, 'rep_dropout': 0.07516698609304892, 'train_learning_rate': 0.0025277746189810327, 'train_lr_reduce': 0.6}. Best is trial 122 with value: 0.09548358619213104.
[I 2024-12-19 21:56:25,132] Trial 2189 finished with value: 1.643701195716858 and parameters: {'mlp_n_layers': 1, 'mlp_dim_00': 143, 'node_hidden_dim': 109, 'edge_hidden_dim': 93, 'depth': 4, 'rep_dropout': 0.05853192764110379, 'train_learning_rate': 0.0003523382070508508, 'train_lr_reduce': 0.6}. Best is trial 122 with value: 0.09548358619213104.
[I 2024-12-19 21:56:27,552] Trial 2190 finished with value: 1.6675955057144165 and parameters: {'mlp_n_layers': 4, 'mlp_dim_00': 245, 'mlp_dim_01': 378, 'mlp_dim_02': 382, 'mlp_dim_03': 187, 'node_hidden_dim': 82, 'edge_hidden_dim': 76, 'depth': 1, 'rep_dropout': 0.10152383237806419, 'train_learning_rate': 0.0010540410160216538, 'train_lr_reduce': 0.6}. Best is trial 122 with value: 0.09548358619213104.
[I 2024-12-19 21:56:33,935] Trial 2192 finished with value: 1.6376471519470215 and parameters: {'mlp_n_layers': 4, 'mlp_dim_00': 243, 'mlp_dim_01': 476, 'mlp_dim_02': 90, 'mlp_dim_03': 444, 'node_hidden_dim': 120, 'edge_hidden_dim': 45, 'depth': 2, 'rep_dropout': 0.04006595291393448, 'train_learning_rate': 0.00011816455570762438, 'train_lr_reduce': 0.6}. Best is trial 122 with value: 0.09548358619213104.
[I 2024-12-19 21:56:48,143] Trial 2185 finished with value: 1.3618764877319336 and parameters: {'mlp_n_layers': 3, 'mlp_dim_00': 466, 'mlp_dim_01': 150, 'mlp_dim_02': 481, 'node_hidden_dim': 53, 'edge_hidden_dim': 54, 'depth': 1, 'rep_dropout': 0.14379874979959378, 'train_learning_rate': 0.0005389104665539863, 'train_lr_reduce': 0.6}. Best is trial 122 with value: 0.09548358619213104.
[I 2024-12-19 21:57:00,866] Trial 2193 finished with value: 0.35074424743652344 and parameters: {'mlp_n_layers': 4, 'mlp_dim_00': 206, 'mlp_dim_01': 222, 'mlp_dim_02': 511, 'mlp_dim_03': 265, 'node_hidden_dim': 90, 'edge_hidden_dim': 52, 'depth': 1, 'rep_dropout': 0.1157217100395886, 'train_learning_rate': 0.0018471128971163178, 'train_lr_reduce': 0.6}. Best is trial 122 with value: 0.09548358619213104.
[I 2024-12-19 21:57:04,745] Trial 2194 finished with value: 0.5160077214241028 and parameters: {'mlp_n_layers': 3, 'mlp_dim_00': 315, 'mlp_dim_01': 293, 'mlp_dim_02': 314, 'node_hidden_dim': 73, 'edge_hidden_dim': 80, 'depth': 2, 'rep_dropout': 0.012292289763100844, 'train_learning_rate': 0.0045204382751363875, 'train_lr_reduce': 0.6}. Best is trial 122 with value: 0.09548358619213104.
[I 2024-12-19 21:57:06,429] Trial 2191 finished with value: 0.10755997896194458 and parameters: {'mlp_n_layers': 4, 'mlp_dim_00': 305, 'mlp_dim_01': 323, 'mlp_dim_02': 456, 'mlp_dim_03': 411, 'node_hidden_dim': 72, 'edge_hidden_dim': 83, 'depth': 1, 'rep_dropout': 0.14690079949999657, 'train_learning_rate': 0.00033665171525339095, 'train_lr_reduce': 0.6}. Best is trial 122 with value: 0.09548358619213104.
[I 2024-12-19 21:57:10,936] Trial 2196 finished with value: 1.6802263259887695 and parameters: {'mlp_n_layers': 3, 'mlp_dim_00': 412, 'mlp_dim_01': 355, 'mlp_dim_02': 416, 'node_hidden_dim': 76, 'edge_hidden_dim': 85, 'depth': 1, 'rep_dropout': 0.06878524917905673, 'train_learning_rate': 0.00026149571446785585, 'train_lr_reduce': 0.6}. Best is trial 122 with value: 0.09548358619213104.
[I 2024-12-19 21:57:12,550] Trial 2195 finished with value: 1.2301926612854004 and parameters: {'mlp_n_layers': 4, 'mlp_dim_00': 508, 'mlp_dim_01': 418, 'mlp_dim_02': 374, 'mlp_dim_03': 321, 'node_hidden_dim': 53, 'edge_hidden_dim': 58, 'depth': 2, 'rep_dropout': 0.14119270841750234, 'train_learning_rate': 0.001877422064197258, 'train_lr_reduce': 0.6}. Best is trial 122 with value: 0.09548358619213104.
[I 2024-12-19 21:57:16,028] Trial 2198 finished with value: 1.67372727394104 and parameters: {'mlp_n_layers': 2, 'mlp_dim_00': 412, 'mlp_dim_01': 396, 'node_hidden_dim': 75, 'edge_hidden_dim': 53, 'depth': 1, 'rep_dropout': 0.11094489971942292, 'train_learning_rate': 0.00014463197196049274, 'train_lr_reduce': 0.6}. Best is trial 122 with value: 0.09548358619213104.
[I 2024-12-19 21:57:21,493] Trial 2200 finished with value: 1.6598255634307861 and parameters: {'mlp_n_layers': 1, 'mlp_dim_00': 363, 'node_hidden_dim': 82, 'edge_hidden_dim': 44, 'depth': 4, 'rep_dropout': 0.025259621922883287, 'train_learning_rate': 0.0002786742915179739, 'train_lr_reduce': 0.6}. Best is trial 122 with value: 0.09548358619213104.
[I 2024-12-19 21:57:26,773] Trial 2201 finished with value: 1.5989896059036255 and parameters: {'mlp_n_layers': 4, 'mlp_dim_00': 352, 'mlp_dim_01': 482, 'mlp_dim_02': 448, 'mlp_dim_03': 450, 'node_hidden_dim': 77, 'edge_hidden_dim': 61, 'depth': 1, 'rep_dropout': 0.08529791945941465, 'train_learning_rate': 0.0025598223913771687, 'train_lr_reduce': 0.6}. Best is trial 122 with value: 0.09548358619213104.
[I 2024-12-19 21:57:32,902] Trial 2202 finished with value: 1.6673883199691772 and parameters: {'mlp_n_layers': 4, 'mlp_dim_00': 357, 'mlp_dim_01': 253, 'mlp_dim_02': 406, 'mlp_dim_03': 372, 'node_hidden_dim': 35, 'edge_hidden_dim': 51, 'depth': 2, 'rep_dropout': 0.09583696342383559, 'train_learning_rate': 0.0024748528562015364, 'train_lr_reduce': 0.6}. Best is trial 122 with value: 0.09548358619213104.
[I 2024-12-19 21:57:51,616] Trial 2197 finished with value: 0.11496090888977051 and parameters: {'mlp_n_layers': 4, 'mlp_dim_00': 339, 'mlp_dim_01': 450, 'mlp_dim_02': 512, 'mlp_dim_03': 378, 'node_hidden_dim': 65, 'edge_hidden_dim': 74, 'depth': 1, 'rep_dropout': 0.06904270443244273, 'train_learning_rate': 0.0007168358168930599, 'train_lr_reduce': 0.6}. Best is trial 122 with value: 0.09548358619213104.
