[I 2024-12-15 17:14:07,535] Trial 2104 finished with value: 0.1766679584980011 and parameters: {'mlp_n_layers': 3, 'mlp_dim_00': 48, 'mlp_dim_01': 176, 'mlp_dim_02': 48, 'hidden_channels': 192, 'num_layers': 1, 'num_timesteps': 4, 'dropout': 0.08733367920427959, 'train_learning_rate': 0.0033320442486331563, 'train_lr_reduce': 0.6}. Best is trial 2056 with value: 0.13246719539165497.
[I 2024-12-15 17:14:12,729] Trial 2106 finished with value: 0.19331566989421844 and parameters: {'mlp_n_layers': 3, 'mlp_dim_00': 80, 'mlp_dim_01': 176, 'mlp_dim_02': 48, 'hidden_channels': 256, 'num_layers': 1, 'num_timesteps': 3, 'dropout': 0.08190352070122096, 'train_learning_rate': 0.008183658232457593, 'train_lr_reduce': 0.6}. Best is trial 2056 with value: 0.13246719539165497.
[I 2024-12-15 17:14:15,961] Trial 2105 finished with value: 0.28039151430130005 and parameters: {'mlp_n_layers': 3, 'mlp_dim_00': 48, 'mlp_dim_01': 208, 'mlp_dim_02': 64, 'hidden_channels': 32, 'num_layers': 1, 'num_timesteps': 2, 'dropout': 0.03392454640572286, 'train_learning_rate': 0.00022053911971400028, 'train_lr_reduce': 0.6}. Best is trial 2056 with value: 0.13246719539165497.
[I 2024-12-15 17:14:16,563] Trial 2107 finished with value: 0.20657947659492493 and parameters: {'mlp_n_layers': 2, 'mlp_dim_00': 96, 'mlp_dim_01': 240, 'hidden_channels': 160, 'num_layers': 1, 'num_timesteps': 3, 'dropout': 0.04346791538046228, 'train_learning_rate': 0.001104969901294528, 'train_lr_reduce': 0.6}. Best is trial 2056 with value: 0.13246719539165497.
[I 2024-12-15 17:14:22,299] Trial 2108 finished with value: 0.2551744282245636 and parameters: {'mlp_n_layers': 2, 'mlp_dim_00': 112, 'mlp_dim_01': 240, 'hidden_channels': 48, 'num_layers': 4, 'num_timesteps': 3, 'dropout': 0.18487137131490794, 'train_learning_rate': 0.00879699264711201, 'train_lr_reduce': 0.6}. Best is trial 2056 with value: 0.13246719539165497.
[I 2024-12-15 17:14:25,351] Trial 2109 finished with value: 0.21336017549037933 and parameters: {'mlp_n_layers': 4, 'mlp_dim_00': 80, 'mlp_dim_01': 176, 'mlp_dim_02': 64, 'mlp_dim_03': 64, 'hidden_channels': 144, 'num_layers': 1, 'num_timesteps': 4, 'dropout': 5.470904425473183e-05, 'train_learning_rate': 0.0026433138558901517, 'train_lr_reduce': 0.6}. Best is trial 2056 with value: 0.13246719539165497.
[I 2024-12-15 17:14:29,480] Trial 2110 finished with value: 0.18081074953079224 and parameters: {'mlp_n_layers': 4, 'mlp_dim_00': 32, 'mlp_dim_01': 240, 'mlp_dim_02': 32, 'mlp_dim_03': 80, 'hidden_channels': 256, 'num_layers': 1, 'num_timesteps': 4, 'dropout': 0.01568125471782224, 'train_learning_rate': 0.0014124597764297337, 'train_lr_reduce': 0.6}. Best is trial 2056 with value: 0.13246719539165497.
[I 2024-12-15 17:14:33,343] Trial 2113 finished with value: 0.8455926775932312 and parameters: {'mlp_n_layers': 4, 'mlp_dim_00': 32, 'mlp_dim_01': 192, 'mlp_dim_02': 48, 'mlp_dim_03': 64, 'hidden_channels': 192, 'num_layers': 1, 'num_timesteps': 4, 'dropout': 0.029007092518513276, 'train_learning_rate': 0.004621481752388053, 'train_lr_reduce': 0.6}. Best is trial 2056 with value: 0.13246719539165497.
[I 2024-12-15 17:14:33,941] Trial 2111 finished with value: 0.14512090384960175 and parameters: {'mlp_n_layers': 3, 'mlp_dim_00': 80, 'mlp_dim_01': 176, 'mlp_dim_02': 64, 'hidden_channels': 224, 'num_layers': 1, 'num_timesteps': 4, 'dropout': 0.0003374145764169223, 'train_learning_rate': 0.0035194012298237, 'train_lr_reduce': 0.6}. Best is trial 2056 with value: 0.13246719539165497.
[I 2024-12-15 17:14:34,468] Trial 2112 finished with value: 0.25000664591789246 and parameters: {'mlp_n_layers': 4, 'mlp_dim_00': 48, 'mlp_dim_01': 160, 'mlp_dim_02': 64, 'mlp_dim_03': 32, 'hidden_channels': 256, 'num_layers': 2, 'num_timesteps': 4, 'dropout': 0.05429587020636119, 'train_learning_rate': 0.003484886417428525, 'train_lr_reduce': 0.6}. Best is trial 2056 with value: 0.13246719539165497.
[I 2024-12-15 17:14:42,966] Trial 2116 finished with value: 0.2598109245300293 and parameters: {'mlp_n_layers': 3, 'mlp_dim_00': 80, 'mlp_dim_01': 128, 'mlp_dim_02': 64, 'hidden_channels': 192, 'num_layers': 2, 'num_timesteps': 4, 'dropout': 0.0029622112585687456, 'train_learning_rate': 0.0030804572406155453, 'train_lr_reduce': 0.6}. Best is trial 2056 with value: 0.13246719539165497.
[I 2024-12-15 17:14:43,766] Trial 2115 finished with value: 0.21981866657733917 and parameters: {'mlp_n_layers': 4, 'mlp_dim_00': 80, 'mlp_dim_01': 112, 'mlp_dim_02': 48, 'mlp_dim_03': 32, 'hidden_channels': 240, 'num_layers': 2, 'num_timesteps': 4, 'dropout': 0.0036940639139785014, 'train_learning_rate': 0.008853001134617526, 'train_lr_reduce': 0.6}. Best is trial 2056 with value: 0.13246719539165497.
[I 2024-12-15 17:14:44,515] Trial 2114 finished with value: 0.2592697739601135 and parameters: {'mlp_n_layers': 3, 'mlp_dim_00': 144, 'mlp_dim_01': 80, 'mlp_dim_02': 64, 'hidden_channels': 192, 'num_layers': 3, 'num_timesteps': 2, 'dropout': 0.048416879743466076, 'train_learning_rate': 0.0003364367389487625, 'train_lr_reduce': 0.6}. Best is trial 2056 with value: 0.13246719539165497.
[I 2024-12-15 17:14:51,140] Trial 2117 finished with value: 0.20270657539367676 and parameters: {'mlp_n_layers': 3, 'mlp_dim_00': 64, 'mlp_dim_01': 144, 'mlp_dim_02': 64, 'hidden_channels': 240, 'num_layers': 1, 'num_timesteps': 4, 'dropout': 0.02877465670093659, 'train_learning_rate': 0.0026238050260606765, 'train_lr_reduce': 0.6}. Best is trial 2056 with value: 0.13246719539165497.
[I 2024-12-15 17:14:52,357] Trial 2118 finished with value: 0.19671563804149628 and parameters: {'mlp_n_layers': 4, 'mlp_dim_00': 48, 'mlp_dim_01': 192, 'mlp_dim_02': 64, 'mlp_dim_03': 64, 'hidden_channels': 192, 'num_layers': 1, 'num_timesteps': 3, 'dropout': 0.015123333680511256, 'train_learning_rate': 0.006784846446257634, 'train_lr_reduce': 0.6}. Best is trial 2056 with value: 0.13246719539165497.
[I 2024-12-15 17:14:59,578] Trial 2120 finished with value: 0.2284448742866516 and parameters: {'mlp_n_layers': 3, 'mlp_dim_00': 32, 'mlp_dim_01': 192, 'mlp_dim_02': 32, 'hidden_channels': 208, 'num_layers': 2, 'num_timesteps': 4, 'dropout': 0.03315578217336457, 'train_learning_rate': 0.002458016614780559, 'train_lr_reduce': 0.6}. Best is trial 2056 with value: 0.13246719539165497.
[I 2024-12-15 17:15:00,484] Trial 2119 finished with value: 0.19047300517559052 and parameters: {'mlp_n_layers': 4, 'mlp_dim_00': 48, 'mlp_dim_01': 160, 'mlp_dim_02': 64, 'mlp_dim_03': 80, 'hidden_channels': 256, 'num_layers': 2, 'num_timesteps': 4, 'dropout': 0.06081720970641599, 'train_learning_rate': 0.009839591584158638, 'train_lr_reduce': 0.6}. Best is trial 2056 with value: 0.13246719539165497.
[I 2024-12-15 17:15:02,287] Trial 2121 finished with value: 0.2064778357744217 and parameters: {'mlp_n_layers': 3, 'mlp_dim_00': 32, 'mlp_dim_01': 176, 'mlp_dim_02': 80, 'hidden_channels': 224, 'num_layers': 1, 'num_timesteps': 4, 'dropout': 0.07062888036324444, 'train_learning_rate': 0.009131488670917863, 'train_lr_reduce': 0.6}. Best is trial 2056 with value: 0.13246719539165497.
[I 2024-12-15 17:15:06,192] Trial 2123 finished with value: 0.23665006458759308 and parameters: {'mlp_n_layers': 3, 'mlp_dim_00': 32, 'mlp_dim_01': 144, 'mlp_dim_02': 64, 'hidden_channels': 240, 'num_layers': 1, 'num_timesteps': 4, 'dropout': 0.005020003425431388, 'train_learning_rate': 0.005358885938672153, 'train_lr_reduce': 0.6}. Best is trial 2056 with value: 0.13246719539165497.
[I 2024-12-15 17:15:06,476] Trial 2122 finished with value: 0.1998121291399002 and parameters: {'mlp_n_layers': 3, 'mlp_dim_00': 80, 'mlp_dim_01': 192, 'mlp_dim_02': 48, 'hidden_channels': 160, 'num_layers': 1, 'num_timesteps': 3, 'dropout': 0.008884075155534037, 'train_learning_rate': 0.006806599906984544, 'train_lr_reduce': 0.6}. Best is trial 2056 with value: 0.13246719539165497.
[I 2024-12-15 17:15:13,548] Trial 2124 finished with value: 0.14266617596149445 and parameters: {'mlp_n_layers': 3, 'mlp_dim_00': 80, 'mlp_dim_01': 144, 'mlp_dim_02': 80, 'hidden_channels': 224, 'num_layers': 1, 'num_timesteps': 4, 'dropout': 0.0015815495820531416, 'train_learning_rate': 0.0038044481051262456, 'train_lr_reduce': 0.6}. Best is trial 2056 with value: 0.13246719539165497.
[I 2024-12-15 17:15:14,783] Trial 2126 finished with value: 0.18366286158561707 and parameters: {'mlp_n_layers': 4, 'mlp_dim_00': 48, 'mlp_dim_01': 176, 'mlp_dim_02': 64, 'mlp_dim_03': 48, 'hidden_channels': 256, 'num_layers': 1, 'num_timesteps': 4, 'dropout': 0.00014816887355658358, 'train_learning_rate': 0.002536149670040548, 'train_lr_reduce': 0.6}. Best is trial 2056 with value: 0.13246719539165497.
[I 2024-12-15 17:15:16,988] Trial 2125 finished with value: 0.18545925617218018 and parameters: {'mlp_n_layers': 3, 'mlp_dim_00': 80, 'mlp_dim_01': 192, 'mlp_dim_02': 32, 'hidden_channels': 208, 'num_layers': 1, 'num_timesteps': 4, 'dropout': 0.0009755080652058268, 'train_learning_rate': 0.0013060855769450018, 'train_lr_reduce': 0.6}. Best is trial 2056 with value: 0.13246719539165497.
[I 2024-12-15 17:15:20,778] Trial 2127 finished with value: 0.2914685308933258 and parameters: {'mlp_n_layers': 3, 'mlp_dim_00': 80, 'mlp_dim_01': 160, 'mlp_dim_02': 80, 'hidden_channels': 240, 'num_layers': 1, 'num_timesteps': 4, 'dropout': 0.027496258073452497, 'train_learning_rate': 0.0045730591353232534, 'train_lr_reduce': 0.6}. Best is trial 2056 with value: 0.13246719539165497.
[I 2024-12-15 17:15:29,282] Trial 2128 finished with value: 0.27752256393432617 and parameters: {'mlp_n_layers': 2, 'mlp_dim_00': 192, 'mlp_dim_01': 208, 'hidden_channels': 80, 'num_layers': 4, 'num_timesteps': 4, 'dropout': 0.28431995471831895, 'train_learning_rate': 0.000666578662243825, 'train_lr_reduce': 0.6}. Best is trial 2056 with value: 0.13246719539165497.
[I 2024-12-15 17:15:30,407] Trial 2129 finished with value: 0.23498916625976562 and parameters: {'mlp_n_layers': 4, 'mlp_dim_00': 80, 'mlp_dim_01': 240, 'mlp_dim_02': 48, 'mlp_dim_03': 80, 'hidden_channels': 192, 'num_layers': 1, 'num_timesteps': 4, 'dropout': 0.06943127901668274, 'train_learning_rate': 0.006665346107733901, 'train_lr_reduce': 0.6}. Best is trial 2056 with value: 0.13246719539165497.
[I 2024-12-15 17:15:30,587] Trial 2130 finished with value: 0.19235382974147797 and parameters: {'mlp_n_layers': 3, 'mlp_dim_00': 80, 'mlp_dim_01': 128, 'mlp_dim_02': 80, 'hidden_channels': 240, 'num_layers': 1, 'num_timesteps': 4, 'dropout': 0.019958598177075203, 'train_learning_rate': 0.003994781274513424, 'train_lr_reduce': 0.6}. Best is trial 2056 with value: 0.13246719539165497.
[I 2024-12-15 17:15:38,726] Trial 2131 finished with value: 0.20640434324741364 and parameters: {'mlp_n_layers': 4, 'mlp_dim_00': 48, 'mlp_dim_01': 160, 'mlp_dim_02': 48, 'mlp_dim_03': 48, 'hidden_channels': 224, 'num_layers': 1, 'num_timesteps': 4, 'dropout': 0.012278573340681848, 'train_learning_rate': 0.0047293925311773614, 'train_lr_reduce': 0.6}. Best is trial 2056 with value: 0.13246719539165497.
[I 2024-12-15 17:15:39,782] Trial 2133 finished with value: 0.25360170006752014 and parameters: {'mlp_n_layers': 3, 'mlp_dim_00': 80, 'mlp_dim_01': 192, 'mlp_dim_02': 96, 'hidden_channels': 192, 'num_layers': 2, 'num_timesteps': 3, 'dropout': 0.0014517879903858297, 'train_learning_rate': 0.0026569106026411793, 'train_lr_reduce': 0.6}. Best is trial 2056 with value: 0.13246719539165497.
[I 2024-12-15 17:15:42,171] Trial 2132 finished with value: 0.16219888627529144 and parameters: {'mlp_n_layers': 4, 'mlp_dim_00': 48, 'mlp_dim_01': 224, 'mlp_dim_02': 64, 'mlp_dim_03': 80, 'hidden_channels': 224, 'num_layers': 1, 'num_timesteps': 4, 'dropout': 0.0055906542638539045, 'train_learning_rate': 0.0037453146324739946, 'train_lr_reduce': 0.6}. Best is trial 2056 with value: 0.13246719539165497.
[I 2024-12-15 17:15:46,751] Trial 2134 finished with value: 0.23359012603759766 and parameters: {'mlp_n_layers': 2, 'mlp_dim_00': 80, 'mlp_dim_01': 160, 'hidden_channels': 224, 'num_layers': 1, 'num_timesteps': 4, 'dropout': 0.00434581693731664, 'train_learning_rate': 0.00595714512132984, 'train_lr_reduce': 0.6}. Best is trial 2056 with value: 0.13246719539165497.
[I 2024-12-15 17:15:47,998] Trial 2136 finished with value: 0.2478363811969757 and parameters: {'mlp_n_layers': 3, 'mlp_dim_00': 80, 'mlp_dim_01': 176, 'mlp_dim_02': 80, 'hidden_channels': 240, 'num_layers': 1, 'num_timesteps': 3, 'dropout': 0.00821060063954059, 'train_learning_rate': 0.004350443303088439, 'train_lr_reduce': 0.6}. Best is trial 2056 with value: 0.13246719539165497.
[I 2024-12-15 17:15:51,493] Trial 2138 finished with value: 0.819489061832428 and parameters: {'mlp_n_layers': 3, 'mlp_dim_00': 64, 'mlp_dim_01': 208, 'mlp_dim_02': 48, 'hidden_channels': 208, 'num_layers': 1, 'num_timesteps': 3, 'dropout': 0.010498393814289455, 'train_learning_rate': 0.008382723385278151, 'train_lr_reduce': 0.6}. Best is trial 2056 with value: 0.13246719539165497.
[I 2024-12-15 17:15:55,732] Trial 2135 finished with value: 0.2129957228899002 and parameters: {'mlp_n_layers': 3, 'mlp_dim_00': 64, 'mlp_dim_01': 192, 'mlp_dim_02': 32, 'hidden_channels': 160, 'num_layers': 1, 'num_timesteps': 3, 'dropout': 0.011128426154016113, 'train_learning_rate': 0.0011594732743859383, 'train_lr_reduce': 0.6}. Best is trial 2056 with value: 0.13246719539165497.
[I 2024-12-15 17:15:58,813] Trial 2137 finished with value: 0.20748144388198853 and parameters: {'mlp_n_layers': 3, 'mlp_dim_00': 256, 'mlp_dim_01': 32, 'mlp_dim_02': 64, 'hidden_channels': 208, 'num_layers': 1, 'num_timesteps': 1, 'dropout': 0.1994701987444613, 'train_learning_rate': 0.0008336541353975907, 'train_lr_reduce': 0.6}. Best is trial 2056 with value: 0.13246719539165497.
[I 2024-12-15 17:16:04,159] Trial 2140 finished with value: 0.18530140817165375 and parameters: {'mlp_n_layers': 3, 'mlp_dim_00': 32, 'mlp_dim_01': 176, 'mlp_dim_02': 64, 'hidden_channels': 176, 'num_layers': 1, 'num_timesteps': 4, 'dropout': 0.0460856578119473, 'train_learning_rate': 0.0028450743022453728, 'train_lr_reduce': 0.6}. Best is trial 2056 with value: 0.13246719539165497.
[I 2024-12-15 17:16:07,695] Trial 2139 finished with value: 0.17097102105617523 and parameters: {'mlp_n_layers': 3, 'mlp_dim_00': 96, 'mlp_dim_01': 192, 'mlp_dim_02': 96, 'hidden_channels': 224, 'num_layers': 1, 'num_timesteps': 4, 'dropout': 0.0001317982501860187, 'train_learning_rate': 0.005724136739070028, 'train_lr_reduce': 0.6}. Best is trial 2056 with value: 0.13246719539165497.
[I 2024-12-15 17:16:11,777] Trial 2142 finished with value: 0.2516922652721405 and parameters: {'mlp_n_layers': 4, 'mlp_dim_00': 80, 'mlp_dim_01': 208, 'mlp_dim_02': 48, 'mlp_dim_03': 32, 'hidden_channels': 192, 'num_layers': 2, 'num_timesteps': 2, 'dropout': 0.0046501349258505145, 'train_learning_rate': 0.0036202345128278058, 'train_lr_reduce': 0.6}. Best is trial 2056 with value: 0.13246719539165497.
[I 2024-12-15 17:16:12,635] Trial 2141 finished with value: 0.2345617562532425 and parameters: {'mlp_n_layers': 3, 'mlp_dim_00': 144, 'mlp_dim_01': 256, 'mlp_dim_02': 80, 'hidden_channels': 224, 'num_layers': 4, 'num_timesteps': 4, 'dropout': 0.03439585901753081, 'train_learning_rate': 0.0005746808301702233, 'train_lr_reduce': 0.6}. Best is trial 2056 with value: 0.13246719539165497.
[I 2024-12-15 17:16:17,846] Trial 2143 finished with value: 0.19171187281608582 and parameters: {'mlp_n_layers': 3, 'mlp_dim_00': 96, 'mlp_dim_01': 240, 'mlp_dim_02': 96, 'hidden_channels': 256, 'num_layers': 1, 'num_timesteps': 4, 'dropout': 0.011985041106754264, 'train_learning_rate': 0.0029492102424508583, 'train_lr_reduce': 0.6}. Best is trial 2056 with value: 0.13246719539165497.
[I 2024-12-15 17:16:21,958] Trial 2144 finished with value: 0.17930680513381958 and parameters: {'mlp_n_layers': 4, 'mlp_dim_00': 32, 'mlp_dim_01': 192, 'mlp_dim_02': 64, 'mlp_dim_03': 80, 'hidden_channels': 192, 'num_layers': 1, 'num_timesteps': 4, 'dropout': 0.012484236600418475, 'train_learning_rate': 0.004729622704620524, 'train_lr_reduce': 0.6}. Best is trial 2056 with value: 0.13246719539165497.
[I 2024-12-15 17:16:23,782] Trial 2145 finished with value: 0.18685707449913025 and parameters: {'mlp_n_layers': 4, 'mlp_dim_00': 32, 'mlp_dim_01': 224, 'mlp_dim_02': 32, 'mlp_dim_03': 48, 'hidden_channels': 160, 'num_layers': 1, 'num_timesteps': 4, 'dropout': 0.05903286182912158, 'train_learning_rate': 0.003290988768498638, 'train_lr_reduce': 0.6}. Best is trial 2056 with value: 0.13246719539165497.
[I 2024-12-15 17:16:23,928] Trial 2146 finished with value: 0.25345030426979065 and parameters: {'mlp_n_layers': 3, 'mlp_dim_00': 64, 'mlp_dim_01': 128, 'mlp_dim_02': 80, 'hidden_channels': 192, 'num_layers': 1, 'num_timesteps': 4, 'dropout': 0.04022735041551486, 'train_learning_rate': 0.008949754327713486, 'train_lr_reduce': 0.6}. Best is trial 2056 with value: 0.13246719539165497.
[I 2024-12-15 17:16:32,703] Trial 2148 finished with value: 0.17336861789226532 and parameters: {'mlp_n_layers': 3, 'mlp_dim_00': 96, 'mlp_dim_01': 160, 'mlp_dim_02': 64, 'hidden_channels': 208, 'num_layers': 1, 'num_timesteps': 4, 'dropout': 0.07093038319237079, 'train_learning_rate': 0.0018931196523605327, 'train_lr_reduce': 0.6}. Best is trial 2056 with value: 0.13246719539165497.
[I 2024-12-15 17:16:33,786] Trial 2149 finished with value: 0.15155036747455597 and parameters: {'mlp_n_layers': 4, 'mlp_dim_00': 112, 'mlp_dim_01': 192, 'mlp_dim_02': 48, 'mlp_dim_03': 80, 'hidden_channels': 112, 'num_layers': 1, 'num_timesteps': 2, 'dropout': 0.0030332886500545773, 'train_learning_rate': 0.006128150830324313, 'train_lr_reduce': 0.6}. Best is trial 2056 with value: 0.13246719539165497.
[I 2024-12-15 17:16:36,090] Trial 2147 finished with value: 0.23333072662353516 and parameters: {'mlp_n_layers': 2, 'mlp_dim_00': 192, 'mlp_dim_01': 112, 'hidden_channels': 128, 'num_layers': 3, 'num_timesteps': 4, 'dropout': 0.2876440631464614, 'train_learning_rate': 0.0037278796218702293, 'train_lr_reduce': 0.6}. Best is trial 2056 with value: 0.13246719539165497.
[I 2024-12-15 17:16:42,076] Trial 2150 finished with value: 0.21713145077228546 and parameters: {'mlp_n_layers': 3, 'mlp_dim_00': 112, 'mlp_dim_01': 144, 'mlp_dim_02': 96, 'hidden_channels': 224, 'num_layers': 2, 'num_timesteps': 4, 'dropout': 0.011996299653127722, 'train_learning_rate': 0.003586939742784871, 'train_lr_reduce': 0.6}. Best is trial 2056 with value: 0.13246719539165497.
[I 2024-12-15 17:16:42,692] Trial 2152 finished with value: 0.23909415304660797 and parameters: {'mlp_n_layers': 3, 'mlp_dim_00': 80, 'mlp_dim_01': 112, 'mlp_dim_02': 64, 'hidden_channels': 256, 'num_layers': 1, 'num_timesteps': 4, 'dropout': 0.011635021744064673, 'train_learning_rate': 0.0022034710505543158, 'train_lr_reduce': 0.6}. Best is trial 2056 with value: 0.13246719539165497.
[I 2024-12-15 17:16:53,807] Trial 2151 finished with value: 0.6815686821937561 and parameters: {'mlp_n_layers': 3, 'mlp_dim_00': 144, 'mlp_dim_01': 48, 'mlp_dim_02': 80, 'hidden_channels': 112, 'num_layers': 3, 'num_timesteps': 4, 'dropout': 0.11908865453396666, 'train_learning_rate': 0.00026038780864718914, 'train_lr_reduce': 0.6}. Best is trial 2056 with value: 0.13246719539165497.
[I 2024-12-15 17:16:55,474] Trial 2154 finished with value: 0.15731140971183777 and parameters: {'mlp_n_layers': 3, 'mlp_dim_00': 80, 'mlp_dim_01': 176, 'mlp_dim_02': 96, 'hidden_channels': 208, 'num_layers': 1, 'num_timesteps': 3, 'dropout': 0.01810864476759085, 'train_learning_rate': 0.003263447631740857, 'train_lr_reduce': 0.6}. Best is trial 2056 with value: 0.13246719539165497.
[I 2024-12-15 17:16:56,377] Trial 2153 finished with value: 0.17524851858615875 and parameters: {'mlp_n_layers': 3, 'mlp_dim_00': 48, 'mlp_dim_01': 192, 'mlp_dim_02': 32, 'hidden_channels': 208, 'num_layers': 1, 'num_timesteps': 4, 'dropout': 0.04443597966708083, 'train_learning_rate': 0.003158000491688782, 'train_lr_reduce': 0.6}. Best is trial 2056 with value: 0.13246719539165497.
[I 2024-12-15 17:17:00,334] Trial 2155 finished with value: 0.18257658183574677 and parameters: {'mlp_n_layers': 3, 'mlp_dim_00': 112, 'mlp_dim_01': 112, 'mlp_dim_02': 64, 'hidden_channels': 224, 'num_layers': 1, 'num_timesteps': 4, 'dropout': 0.08763455399946976, 'train_learning_rate': 0.008402098380925533, 'train_lr_reduce': 0.6}. Best is trial 2056 with value: 0.13246719539165497.
[I 2024-12-15 17:17:06,304] Trial 2157 finished with value: 0.18899831175804138 and parameters: {'mlp_n_layers': 2, 'mlp_dim_00': 112, 'mlp_dim_01': 224, 'hidden_channels': 240, 'num_layers': 1, 'num_timesteps': 4, 'dropout': 0.05466420306848093, 'train_learning_rate': 0.0013309545757671357, 'train_lr_reduce': 0.6}. Best is trial 2056 with value: 0.13246719539165497.
[I 2024-12-15 17:17:07,707] Trial 2158 finished with value: 0.24903477728366852 and parameters: {'mlp_n_layers': 3, 'mlp_dim_00': 48, 'mlp_dim_01': 112, 'mlp_dim_02': 48, 'hidden_channels': 224, 'num_layers': 2, 'num_timesteps': 4, 'dropout': 0.01873240491056328, 'train_learning_rate': 0.003012056394128062, 'train_lr_reduce': 0.6}. Best is trial 2056 with value: 0.13246719539165497.
[I 2024-12-15 17:17:10,181] Trial 2156 finished with value: 0.26169872283935547 and parameters: {'mlp_n_layers': 4, 'mlp_dim_00': 160, 'mlp_dim_01': 240, 'mlp_dim_02': 80, 'mlp_dim_03': 64, 'hidden_channels': 96, 'num_layers': 4, 'num_timesteps': 4, 'dropout': 0.12346452329741371, 'train_learning_rate': 0.001074623781804002, 'train_lr_reduce': 0.6}. Best is trial 2056 with value: 0.13246719539165497.
[I 2024-12-15 17:17:17,225] Trial 2160 finished with value: 0.24112708866596222 and parameters: {'mlp_n_layers': 2, 'mlp_dim_00': 192, 'mlp_dim_01': 240, 'hidden_channels': 80, 'num_layers': 3, 'num_timesteps': 4, 'dropout': 0.23648909240784596, 'train_learning_rate': 0.0040855813584527376, 'train_lr_reduce': 0.6}. Best is trial 2056 with value: 0.13246719539165497.
