[I 2024-12-19 08:57:56,775] Trial 2364 finished with value: 1.5324488878250122 and parameters: {'mlp_n_layers': 4, 'mlp_dim_00': 310, 'mlp_dim_01': 366, 'mlp_dim_02': 474, 'mlp_dim_03': 64, 'node_hidden_dim': 108, 'edge_hidden_dim': 57, 'depth': 3, 'rep_dropout': 0.0019516172316862423, 'train_learning_rate': 0.0008411998512332562, 'train_lr_reduce': 0.6}. Best is trial 1483 with value: 0.2768918573856354.
[I 2024-12-19 08:58:01,551] Trial 2366 finished with value: 1.3043521642684937 and parameters: {'mlp_n_layers': 3, 'mlp_dim_00': 457, 'mlp_dim_01': 449, 'mlp_dim_02': 512, 'node_hidden_dim': 74, 'edge_hidden_dim': 117, 'depth': 2, 'rep_dropout': 0.027355694531079, 'train_learning_rate': 0.004087517916924716, 'train_lr_reduce': 0.6}. Best is trial 1483 with value: 0.2768918573856354.
[I 2024-12-19 08:58:03,669] Trial 2362 finished with value: 0.774043619632721 and parameters: {'mlp_n_layers': 4, 'mlp_dim_00': 197, 'mlp_dim_01': 151, 'mlp_dim_02': 400, 'mlp_dim_03': 181, 'node_hidden_dim': 75, 'edge_hidden_dim': 74, 'depth': 2, 'rep_dropout': 0.16756387403859055, 'train_learning_rate': 0.00206455336910866, 'train_lr_reduce': 0.6}. Best is trial 1483 with value: 0.2768918573856354.
[I 2024-12-19 08:58:06,412] Trial 2367 finished with value: 1.3033643960952759 and parameters: {'mlp_n_layers': 4, 'mlp_dim_00': 208, 'mlp_dim_01': 71, 'mlp_dim_02': 169, 'mlp_dim_03': 255, 'node_hidden_dim': 48, 'edge_hidden_dim': 93, 'depth': 3, 'rep_dropout': 0.1355016657423622, 'train_learning_rate': 0.007092228485579461, 'train_lr_reduce': 0.6}. Best is trial 1483 with value: 0.2768918573856354.
[I 2024-12-19 08:58:07,501] Trial 2365 finished with value: 0.6064528822898865 and parameters: {'mlp_n_layers': 2, 'mlp_dim_00': 265, 'mlp_dim_01': 259, 'node_hidden_dim': 89, 'edge_hidden_dim': 75, 'depth': 2, 'rep_dropout': 0.0833539166586221, 'train_learning_rate': 0.009686113607957245, 'train_lr_reduce': 0.6}. Best is trial 1483 with value: 0.2768918573856354.
[I 2024-12-19 08:58:08,801] Trial 2368 finished with value: 1.2969452142715454 and parameters: {'mlp_n_layers': 3, 'mlp_dim_00': 257, 'mlp_dim_01': 200, 'mlp_dim_02': 404, 'node_hidden_dim': 94, 'edge_hidden_dim': 46, 'depth': 2, 'rep_dropout': 0.0955051214576684, 'train_learning_rate': 0.007388701504323681, 'train_lr_reduce': 0.6}. Best is trial 1483 with value: 0.2768918573856354.
[I 2024-12-19 08:58:11,447] Trial 2369 finished with value: 1.4204801321029663 and parameters: {'mlp_n_layers': 4, 'mlp_dim_00': 438, 'mlp_dim_01': 407, 'mlp_dim_02': 445, 'mlp_dim_03': 142, 'node_hidden_dim': 104, 'edge_hidden_dim': 95, 'depth': 2, 'rep_dropout': 0.10418555898351396, 'train_learning_rate': 0.003840118052893041, 'train_lr_reduce': 0.6}. Best is trial 1483 with value: 0.2768918573856354.
[I 2024-12-19 08:58:13,701] Trial 2370 finished with value: 1.5340330600738525 and parameters: {'mlp_n_layers': 4, 'mlp_dim_00': 377, 'mlp_dim_01': 466, 'mlp_dim_02': 401, 'mlp_dim_03': 216, 'node_hidden_dim': 88, 'edge_hidden_dim': 87, 'depth': 2, 'rep_dropout': 0.15042741658002756, 'train_learning_rate': 0.009109430490417859, 'train_lr_reduce': 0.6}. Best is trial 1483 with value: 0.2768918573856354.
[I 2024-12-19 08:58:16,614] Trial 2372 finished with value: 1.4042695760726929 and parameters: {'mlp_n_layers': 2, 'mlp_dim_00': 283, 'mlp_dim_01': 277, 'node_hidden_dim': 127, 'edge_hidden_dim': 37, 'depth': 2, 'rep_dropout': 0.09953382856855021, 'train_learning_rate': 0.00938514570904113, 'train_lr_reduce': 0.6}. Best is trial 1483 with value: 0.2768918573856354.
[I 2024-12-19 08:58:18,422] Trial 2373 finished with value: 1.2916768789291382 and parameters: {'mlp_n_layers': 4, 'mlp_dim_00': 505, 'mlp_dim_01': 171, 'mlp_dim_02': 477, 'mlp_dim_03': 440, 'node_hidden_dim': 51, 'edge_hidden_dim': 89, 'depth': 2, 'rep_dropout': 0.07050493569332907, 'train_learning_rate': 0.005400543276874369, 'train_lr_reduce': 0.6}. Best is trial 1483 with value: 0.2768918573856354.
[I 2024-12-19 08:58:19,842] Trial 2371 finished with value: 0.33742570877075195 and parameters: {'mlp_n_layers': 3, 'mlp_dim_00': 254, 'mlp_dim_01': 67, 'mlp_dim_02': 234, 'node_hidden_dim': 100, 'edge_hidden_dim': 39, 'depth': 2, 'rep_dropout': 0.09147111869544906, 'train_learning_rate': 0.008262686218732633, 'train_lr_reduce': 0.6}. Best is trial 1483 with value: 0.2768918573856354.
[I 2024-12-19 08:58:23,513] Trial 2375 finished with value: 1.416658639907837 and parameters: {'mlp_n_layers': 2, 'mlp_dim_00': 202, 'mlp_dim_01': 371, 'node_hidden_dim': 76, 'edge_hidden_dim': 91, 'depth': 2, 'rep_dropout': 0.15055784798087907, 'train_learning_rate': 0.00782155507902427, 'train_lr_reduce': 0.6}. Best is trial 1483 with value: 0.2768918573856354.
[I 2024-12-19 08:58:23,551] Trial 2376 finished with value: 1.5631195306777954 and parameters: {'mlp_n_layers': 2, 'mlp_dim_00': 408, 'mlp_dim_01': 143, 'node_hidden_dim': 64, 'edge_hidden_dim': 94, 'depth': 2, 'rep_dropout': 0.23818607439277362, 'train_learning_rate': 0.0003885678067192548, 'train_lr_reduce': 0.6}. Best is trial 1483 with value: 0.2768918573856354.
[I 2024-12-19 08:58:25,008] Trial 2374 finished with value: 1.3218339681625366 and parameters: {'mlp_n_layers': 2, 'mlp_dim_00': 203, 'mlp_dim_01': 82, 'node_hidden_dim': 126, 'edge_hidden_dim': 89, 'depth': 3, 'rep_dropout': 0.02402601412820101, 'train_learning_rate': 0.009635343386099955, 'train_lr_reduce': 0.6}. Best is trial 1483 with value: 0.2768918573856354.
[I 2024-12-19 08:58:28,328] Trial 2378 finished with value: 1.4043670892715454 and parameters: {'mlp_n_layers': 3, 'mlp_dim_00': 180, 'mlp_dim_01': 65, 'mlp_dim_02': 268, 'node_hidden_dim': 107, 'edge_hidden_dim': 50, 'depth': 2, 'rep_dropout': 0.04124834395250565, 'train_learning_rate': 0.003638530821849597, 'train_lr_reduce': 0.6}. Best is trial 1483 with value: 0.2768918573856354.
[I 2024-12-19 08:58:30,173] Trial 2379 finished with value: 1.4272295236587524 and parameters: {'mlp_n_layers': 3, 'mlp_dim_00': 252, 'mlp_dim_01': 73, 'mlp_dim_02': 179, 'node_hidden_dim': 100, 'edge_hidden_dim': 52, 'depth': 2, 'rep_dropout': 0.09777485781924129, 'train_learning_rate': 0.009443225832007804, 'train_lr_reduce': 0.6}. Best is trial 1483 with value: 0.2768918573856354.
[I 2024-12-19 08:58:32,911] Trial 2380 finished with value: 1.3087176084518433 and parameters: {'mlp_n_layers': 3, 'mlp_dim_00': 175, 'mlp_dim_01': 102, 'mlp_dim_02': 211, 'node_hidden_dim': 92, 'edge_hidden_dim': 38, 'depth': 2, 'rep_dropout': 0.082851275556039, 'train_learning_rate': 0.009416743295858102, 'train_lr_reduce': 0.6}. Best is trial 1483 with value: 0.2768918573856354.
[I 2024-12-19 08:58:35,204] Trial 2381 finished with value: 1.5234673023223877 and parameters: {'mlp_n_layers': 4, 'mlp_dim_00': 65, 'mlp_dim_01': 68, 'mlp_dim_02': 217, 'mlp_dim_03': 106, 'node_hidden_dim': 85, 'edge_hidden_dim': 32, 'depth': 4, 'rep_dropout': 0.134799665840105, 'train_learning_rate': 0.0001588033331293515, 'train_lr_reduce': 0.6}. Best is trial 1483 with value: 0.2768918573856354.
[I 2024-12-19 08:58:37,741] Trial 2382 finished with value: 1.4382696151733398 and parameters: {'mlp_n_layers': 3, 'mlp_dim_00': 452, 'mlp_dim_01': 415, 'mlp_dim_02': 199, 'node_hidden_dim': 108, 'edge_hidden_dim': 104, 'depth': 2, 'rep_dropout': 0.17139756416590757, 'train_learning_rate': 0.004893692285833042, 'train_lr_reduce': 0.6}. Best is trial 1483 with value: 0.2768918573856354.
[I 2024-12-19 08:58:39,198] Trial 2377 finished with value: 0.46225062012672424 and parameters: {'mlp_n_layers': 2, 'mlp_dim_00': 136, 'mlp_dim_01': 258, 'node_hidden_dim': 91, 'edge_hidden_dim': 45, 'depth': 2, 'rep_dropout': 0.07820598843598775, 'train_learning_rate': 0.006382183082602304, 'train_lr_reduce': 0.6}. Best is trial 1483 with value: 0.2768918573856354.
[I 2024-12-19 08:58:42,573] Trial 2384 finished with value: 1.3667455911636353 and parameters: {'mlp_n_layers': 4, 'mlp_dim_00': 210, 'mlp_dim_01': 66, 'mlp_dim_02': 224, 'mlp_dim_03': 185, 'node_hidden_dim': 99, 'edge_hidden_dim': 55, 'depth': 3, 'rep_dropout': 0.09823530272417338, 'train_learning_rate': 0.0067461237422016635, 'train_lr_reduce': 0.6}. Best is trial 1483 with value: 0.2768918573856354.
[I 2024-12-19 08:58:44,213] Trial 2385 finished with value: 1.5210908651351929 and parameters: {'mlp_n_layers': 2, 'mlp_dim_00': 174, 'mlp_dim_01': 210, 'node_hidden_dim': 86, 'edge_hidden_dim': 34, 'depth': 2, 'rep_dropout': 0.017059749105988155, 'train_learning_rate': 0.002620781108094202, 'train_lr_reduce': 0.6}. Best is trial 1483 with value: 0.2768918573856354.
[I 2024-12-19 08:58:47,930] Trial 2386 finished with value: 1.5211092233657837 and parameters: {'mlp_n_layers': 3, 'mlp_dim_00': 441, 'mlp_dim_01': 67, 'mlp_dim_02': 188, 'node_hidden_dim': 47, 'edge_hidden_dim': 110, 'depth': 3, 'rep_dropout': 0.1060893228939103, 'train_learning_rate': 0.0012254031777607312, 'train_lr_reduce': 0.6}. Best is trial 1483 with value: 0.2768918573856354.
[I 2024-12-19 08:58:49,430] Trial 2387 finished with value: 1.4600419998168945 and parameters: {'mlp_n_layers': 3, 'mlp_dim_00': 201, 'mlp_dim_01': 131, 'mlp_dim_02': 226, 'node_hidden_dim': 100, 'edge_hidden_dim': 46, 'depth': 2, 'rep_dropout': 0.12425786475179636, 'train_learning_rate': 0.008788086224831296, 'train_lr_reduce': 0.6}. Best is trial 1483 with value: 0.2768918573856354.
[I 2024-12-19 08:58:50,494] Trial 2383 finished with value: 0.47992005944252014 and parameters: {'mlp_n_layers': 3, 'mlp_dim_00': 223, 'mlp_dim_01': 168, 'mlp_dim_02': 219, 'node_hidden_dim': 102, 'edge_hidden_dim': 55, 'depth': 2, 'rep_dropout': 0.09403750992710813, 'train_learning_rate': 0.0031443263159419985, 'train_lr_reduce': 0.6}. Best is trial 1483 with value: 0.2768918573856354.
[I 2024-12-19 08:58:54,800] Trial 2390 finished with value: 1.4682464599609375 and parameters: {'mlp_n_layers': 2, 'mlp_dim_00': 214, 'mlp_dim_01': 323, 'node_hidden_dim': 89, 'edge_hidden_dim': 62, 'depth': 2, 'rep_dropout': 0.017840534555640275, 'train_learning_rate': 0.0017482062424470167, 'train_lr_reduce': 0.6}. Best is trial 1483 with value: 0.2768918573856354.
[I 2024-12-19 08:58:59,289] Trial 2391 finished with value: 1.3560123443603516 and parameters: {'mlp_n_layers': 4, 'mlp_dim_00': 280, 'mlp_dim_01': 170, 'mlp_dim_02': 194, 'mlp_dim_03': 139, 'node_hidden_dim': 46, 'edge_hidden_dim': 78, 'depth': 2, 'rep_dropout': 0.1607644660840691, 'train_learning_rate': 0.005104915834180363, 'train_lr_reduce': 0.6}. Best is trial 1483 with value: 0.2768918573856354.
[I 2024-12-19 08:59:00,199] Trial 2388 finished with value: 0.39653363823890686 and parameters: {'mlp_n_layers': 3, 'mlp_dim_00': 242, 'mlp_dim_01': 138, 'mlp_dim_02': 244, 'node_hidden_dim': 104, 'edge_hidden_dim': 39, 'depth': 2, 'rep_dropout': 0.08921930227024287, 'train_learning_rate': 0.0038380690962096942, 'train_lr_reduce': 0.6}. Best is trial 1483 with value: 0.2768918573856354.
[I 2024-12-19 08:59:03,024] Trial 2389 finished with value: 0.49446308612823486 and parameters: {'mlp_n_layers': 2, 'mlp_dim_00': 74, 'mlp_dim_01': 142, 'node_hidden_dim': 103, 'edge_hidden_dim': 51, 'depth': 2, 'rep_dropout': 0.11221666027426343, 'train_learning_rate': 0.008426667301352228, 'train_lr_reduce': 0.6}. Best is trial 1483 with value: 0.2768918573856354.
[I 2024-12-19 08:59:04,519] Trial 2392 finished with value: 1.5402071475982666 and parameters: {'mlp_n_layers': 3, 'mlp_dim_00': 220, 'mlp_dim_01': 411, 'mlp_dim_02': 221, 'node_hidden_dim': 111, 'edge_hidden_dim': 45, 'depth': 2, 'rep_dropout': 0.015881784016517013, 'train_learning_rate': 0.0014472237055473212, 'train_lr_reduce': 0.6}. Best is trial 1483 with value: 0.2768918573856354.
[I 2024-12-19 08:59:05,662] Trial 2393 finished with value: 1.2986294031143188 and parameters: {'mlp_n_layers': 4, 'mlp_dim_00': 394, 'mlp_dim_01': 116, 'mlp_dim_02': 229, 'mlp_dim_03': 310, 'node_hidden_dim': 64, 'edge_hidden_dim': 81, 'depth': 2, 'rep_dropout': 0.2093770618414595, 'train_learning_rate': 0.00935768242775726, 'train_lr_reduce': 0.6}. Best is trial 1483 with value: 0.2768918573856354.
[I 2024-12-19 08:59:09,236] Trial 2394 finished with value: 1.2914215326309204 and parameters: {'mlp_n_layers': 4, 'mlp_dim_00': 499, 'mlp_dim_01': 502, 'mlp_dim_02': 171, 'mlp_dim_03': 241, 'node_hidden_dim': 105, 'edge_hidden_dim': 105, 'depth': 2, 'rep_dropout': 0.08055688914292176, 'train_learning_rate': 0.006484231527544951, 'train_lr_reduce': 0.6}. Best is trial 1483 with value: 0.2768918573856354.
[I 2024-12-19 08:59:10,051] Trial 2396 finished with value: 1.406965732574463 and parameters: {'mlp_n_layers': 2, 'mlp_dim_00': 108, 'mlp_dim_01': 503, 'node_hidden_dim': 93, 'edge_hidden_dim': 102, 'depth': 2, 'rep_dropout': 0.1650426795041385, 'train_learning_rate': 0.002771515374103343, 'train_lr_reduce': 0.6}. Best is trial 1483 with value: 0.2768918573856354.
[I 2024-12-19 08:59:11,992] Trial 2395 finished with value: 1.0184082984924316 and parameters: {'mlp_n_layers': 3, 'mlp_dim_00': 261, 'mlp_dim_01': 194, 'mlp_dim_02': 238, 'node_hidden_dim': 125, 'edge_hidden_dim': 89, 'depth': 2, 'rep_dropout': 0.002585129034495289, 'train_learning_rate': 0.008042450273530248, 'train_lr_reduce': 0.6}. Best is trial 1483 with value: 0.2768918573856354.
[I 2024-12-19 08:59:14,623] Trial 2398 finished with value: 1.5155562162399292 and parameters: {'mlp_n_layers': 3, 'mlp_dim_00': 215, 'mlp_dim_01': 67, 'mlp_dim_02': 220, 'node_hidden_dim': 116, 'edge_hidden_dim': 46, 'depth': 2, 'rep_dropout': 0.11087198341397966, 'train_learning_rate': 0.0027948807254548143, 'train_lr_reduce': 0.6}. Best is trial 1483 with value: 0.2768918573856354.
[I 2024-12-19 08:59:16,698] Trial 2399 finished with value: 1.4101864099502563 and parameters: {'mlp_n_layers': 4, 'mlp_dim_00': 409, 'mlp_dim_01': 381, 'mlp_dim_02': 244, 'mlp_dim_03': 103, 'node_hidden_dim': 79, 'edge_hidden_dim': 100, 'depth': 2, 'rep_dropout': 0.09294252690868955, 'train_learning_rate': 0.0027961125760130553, 'train_lr_reduce': 0.6}. Best is trial 1483 with value: 0.2768918573856354.
[I 2024-12-19 08:59:21,649] Trial 2401 finished with value: 1.5470201969146729 and parameters: {'mlp_n_layers': 2, 'mlp_dim_00': 246, 'mlp_dim_01': 115, 'node_hidden_dim': 85, 'edge_hidden_dim': 96, 'depth': 4, 'rep_dropout': 0.24595389136309667, 'train_learning_rate': 0.00022828324066585334, 'train_lr_reduce': 0.6}. Best is trial 1483 with value: 0.2768918573856354.
[I 2024-12-19 08:59:23,089] Trial 2397 finished with value: 0.6882951855659485 and parameters: {'mlp_n_layers': 3, 'mlp_dim_00': 222, 'mlp_dim_01': 112, 'mlp_dim_02': 171, 'node_hidden_dim': 111, 'edge_hidden_dim': 36, 'depth': 2, 'rep_dropout': 0.0647900987128098, 'train_learning_rate': 0.005343909243911691, 'train_lr_reduce': 0.6}. Best is trial 1483 with value: 0.2768918573856354.
[I 2024-12-19 08:59:24,039] Trial 2400 finished with value: 0.9781129956245422 and parameters: {'mlp_n_layers': 2, 'mlp_dim_00': 118, 'mlp_dim_01': 311, 'node_hidden_dim': 90, 'edge_hidden_dim': 81, 'depth': 3, 'rep_dropout': 0.1224217650145816, 'train_learning_rate': 0.008883033940265383, 'train_lr_reduce': 0.6}. Best is trial 1483 with value: 0.2768918573856354.
[I 2024-12-19 08:59:26,611] Trial 2402 finished with value: 1.4489532709121704 and parameters: {'mlp_n_layers': 3, 'mlp_dim_00': 298, 'mlp_dim_01': 85, 'mlp_dim_02': 200, 'node_hidden_dim': 94, 'edge_hidden_dim': 37, 'depth': 2, 'rep_dropout': 0.1381102156991595, 'train_learning_rate': 0.008821552382859818, 'train_lr_reduce': 0.6}. Best is trial 1483 with value: 0.2768918573856354.
[I 2024-12-19 08:59:28,576] Trial 2404 finished with value: 1.5001658201217651 and parameters: {'mlp_n_layers': 3, 'mlp_dim_00': 244, 'mlp_dim_01': 185, 'mlp_dim_02': 178, 'node_hidden_dim': 73, 'edge_hidden_dim': 33, 'depth': 2, 'rep_dropout': 0.05654154731219295, 'train_learning_rate': 0.003202125106850486, 'train_lr_reduce': 0.6}. Best is trial 1483 with value: 0.2768918573856354.
[I 2024-12-19 08:59:30,897] Trial 2403 finished with value: 1.3490643501281738 and parameters: {'mlp_n_layers': 3, 'mlp_dim_00': 298, 'mlp_dim_01': 65, 'mlp_dim_02': 231, 'node_hidden_dim': 85, 'edge_hidden_dim': 51, 'depth': 2, 'rep_dropout': 0.0510019049254476, 'train_learning_rate': 0.0045407263745831745, 'train_lr_reduce': 0.6}. Best is trial 1483 with value: 0.2768918573856354.
[I 2024-12-19 08:59:31,525] Trial 2405 finished with value: 1.2917475700378418 and parameters: {'mlp_n_layers': 3, 'mlp_dim_00': 281, 'mlp_dim_01': 104, 'mlp_dim_02': 249, 'node_hidden_dim': 103, 'edge_hidden_dim': 38, 'depth': 2, 'rep_dropout': 0.07972840946480368, 'train_learning_rate': 0.007588027392660899, 'train_lr_reduce': 0.6}. Best is trial 1483 with value: 0.2768918573856354.
[I 2024-12-19 08:59:33,581] Trial 2406 finished with value: 1.5599098205566406 and parameters: {'mlp_n_layers': 2, 'mlp_dim_00': 287, 'mlp_dim_01': 384, 'node_hidden_dim': 127, 'edge_hidden_dim': 41, 'depth': 2, 'rep_dropout': 0.24012490300516928, 'train_learning_rate': 0.0002836256709971547, 'train_lr_reduce': 0.6}. Best is trial 1483 with value: 0.2768918573856354.
[I 2024-12-19 08:59:35,974] Trial 2407 finished with value: 1.4475167989730835 and parameters: {'mlp_n_layers': 2, 'mlp_dim_00': 130, 'mlp_dim_01': 274, 'node_hidden_dim': 86, 'edge_hidden_dim': 42, 'depth': 3, 'rep_dropout': 0.07703439244588887, 'train_learning_rate': 0.008766496714686085, 'train_lr_reduce': 0.6}. Best is trial 1483 with value: 0.2768918573856354.
[I 2024-12-19 08:59:36,330] Trial 2408 finished with value: 1.3587812185287476 and parameters: {'mlp_n_layers': 3, 'mlp_dim_00': 398, 'mlp_dim_01': 411, 'mlp_dim_02': 247, 'node_hidden_dim': 99, 'edge_hidden_dim': 106, 'depth': 2, 'rep_dropout': 0.08681121101410437, 'train_learning_rate': 0.0073649763081325235, 'train_lr_reduce': 0.6}. Best is trial 1483 with value: 0.2768918573856354.
[I 2024-12-19 08:59:38,572] Trial 2409 finished with value: 1.4768102169036865 and parameters: {'mlp_n_layers': 4, 'mlp_dim_00': 203, 'mlp_dim_01': 315, 'mlp_dim_02': 251, 'mlp_dim_03': 178, 'node_hidden_dim': 114, 'edge_hidden_dim': 57, 'depth': 2, 'rep_dropout': 0.16062807601511672, 'train_learning_rate': 0.006789015783218168, 'train_lr_reduce': 0.6}. Best is trial 1483 with value: 0.2768918573856354.
[I 2024-12-19 08:59:40,605] Trial 2410 finished with value: 1.3283610343933105 and parameters: {'mlp_n_layers': 2, 'mlp_dim_00': 193, 'mlp_dim_01': 125, 'node_hidden_dim': 87, 'edge_hidden_dim': 51, 'depth': 2, 'rep_dropout': 0.10297200969806249, 'train_learning_rate': 0.008866941950087689, 'train_lr_reduce': 0.6}. Best is trial 1483 with value: 0.2768918573856354.
[I 2024-12-19 08:59:41,201] Trial 2411 finished with value: 1.5062423944473267 and parameters: {'mlp_n_layers': 3, 'mlp_dim_00': 319, 'mlp_dim_01': 97, 'mlp_dim_02': 174, 'node_hidden_dim': 74, 'edge_hidden_dim': 38, 'depth': 2, 'rep_dropout': 0.12857584724976304, 'train_learning_rate': 0.003933986613841406, 'train_lr_reduce': 0.6}. Best is trial 1483 with value: 0.2768918573856354.
[I 2024-12-19 08:59:43,668] Trial 2412 finished with value: 1.2827670574188232 and parameters: {'mlp_n_layers': 3, 'mlp_dim_00': 279, 'mlp_dim_01': 89, 'mlp_dim_02': 187, 'node_hidden_dim': 111, 'edge_hidden_dim': 38, 'depth': 2, 'rep_dropout': 0.108868732413969, 'train_learning_rate': 0.005704531177761809, 'train_lr_reduce': 0.6}. Best is trial 1483 with value: 0.2768918573856354.
[I 2024-12-19 08:59:45,320] Trial 2413 finished with value: 1.4247338771820068 and parameters: {'mlp_n_layers': 4, 'mlp_dim_00': 295, 'mlp_dim_01': 110, 'mlp_dim_02': 245, 'mlp_dim_03': 64, 'node_hidden_dim': 110, 'edge_hidden_dim': 32, 'depth': 2, 'rep_dropout': 0.0918640290806507, 'train_learning_rate': 0.007524005640382876, 'train_lr_reduce': 0.6}. Best is trial 1483 with value: 0.2768918573856354.
[I 2024-12-19 08:59:46,605] Trial 2414 finished with value: 1.3898264169692993 and parameters: {'mlp_n_layers': 4, 'mlp_dim_00': 292, 'mlp_dim_01': 356, 'mlp_dim_02': 250, 'mlp_dim_03': 161, 'node_hidden_dim': 119, 'edge_hidden_dim': 69, 'depth': 2, 'rep_dropout': 0.09730602256197171, 'train_learning_rate': 0.0059728651647664764, 'train_lr_reduce': 0.6}. Best is trial 1483 with value: 0.2768918573856354.
[I 2024-12-19 08:59:48,940] Trial 2415 finished with value: 1.3651846647262573 and parameters: {'mlp_n_layers': 2, 'mlp_dim_00': 298, 'mlp_dim_01': 183, 'node_hidden_dim': 85, 'edge_hidden_dim': 37, 'depth': 3, 'rep_dropout': 0.06009354058544563, 'train_learning_rate': 0.00862150885989045, 'train_lr_reduce': 0.6}. Best is trial 1483 with value: 0.2768918573856354.
[I 2024-12-19 08:59:50,300] Trial 2416 finished with value: 1.3568912744522095 and parameters: {'mlp_n_layers': 3, 'mlp_dim_00': 227, 'mlp_dim_01': 80, 'mlp_dim_02': 202, 'node_hidden_dim': 63, 'edge_hidden_dim': 84, 'depth': 2, 'rep_dropout': 0.1953509485580009, 'train_learning_rate': 0.006350475989389946, 'train_lr_reduce': 0.6}. Best is trial 1483 with value: 0.2768918573856354.
[I 2024-12-19 08:59:51,701] Trial 2417 finished with value: 1.29600191116333 and parameters: {'mlp_n_layers': 2, 'mlp_dim_00': 66, 'mlp_dim_01': 311, 'node_hidden_dim': 94, 'edge_hidden_dim': 56, 'depth': 2, 'rep_dropout': 0.009169329800512327, 'train_learning_rate': 0.009206344492078026, 'train_lr_reduce': 0.6}. Best is trial 1483 with value: 0.2768918573856354.
[I 2024-12-19 08:59:53,846] Trial 2418 finished with value: 1.505326509475708 and parameters: {'mlp_n_layers': 3, 'mlp_dim_00': 415, 'mlp_dim_01': 430, 'mlp_dim_02': 262, 'node_hidden_dim': 97, 'edge_hidden_dim': 128, 'depth': 3, 'rep_dropout': 0.09105240491218496, 'train_learning_rate': 0.0019760298226717678, 'train_lr_reduce': 0.6}. Best is trial 1483 with value: 0.2768918573856354.
