[I 2024-12-25 14:47:00,995] Trial 288 finished with value: 0.05818561092019081 and parameters: {'L1_hidden_dim': 64, 'L1_layers_atom': 2, 'L1_layers_mol': 3, 'L1_dropout': 0.24247839090339263, 'L1_out_dim': 112, 'L2_hidden_dim': 208, 'L2_layers_atom': 2, 'L2_layers_mol': 2, 'L2_out_dim': 128, 'L2_dropout': 0.03372837247699493, 'L3_hidden_dim': 112, 'L3_layers_atom': 2, 'L3_layers_mol': 1, 'L3_out_dim': 128, 'L3_dropout': 0.21875042727138133, 'n_mlp_layers': 3, 'mlp_dim_0': 296, 'mlp_dim_1': 512, 'mlp_dim_2': 112, 'num_heads': 1, 'final_dropout': 0.1323753083898871, 'train_learning_rate': 0.0019000212522993197, 'train_lr_reduce': 0.6}. Best is trial 203 with value: 0.05814646929502487.
[I 2024-12-25 14:47:57,139] Trial 290 finished with value: 0.07939731329679489 and parameters: {'L1_hidden_dim': 96, 'L1_layers_atom': 3, 'L1_layers_mol': 3, 'L1_dropout': 0.28340943707368166, 'L1_out_dim': 96, 'L2_hidden_dim': 192, 'L2_layers_atom': 3, 'L2_layers_mol': 1, 'L2_out_dim': 128, 'L2_dropout': 0.023082699617427396, 'L3_hidden_dim': 32, 'L3_layers_atom': 2, 'L3_layers_mol': 1, 'L3_out_dim': 112, 'L3_dropout': 0.2693024626857292, 'n_mlp_layers': 1, 'mlp_dim_0': 56, 'num_heads': 1, 'final_dropout': 0.017655006117600826, 'train_learning_rate': 0.0008968031938186842, 'train_lr_reduce': 0.6}. Best is trial 203 with value: 0.05814646929502487.
[I 2024-12-25 14:48:25,924] Trial 291 finished with value: 0.07743508368730545 and parameters: {'L1_hidden_dim': 80, 'L1_layers_atom': 2, 'L1_layers_mol': 2, 'L1_dropout': 0.1663003381239938, 'L1_out_dim': 128, 'L2_hidden_dim': 208, 'L2_layers_atom': 2, 'L2_layers_mol': 2, 'L2_out_dim': 128, 'L2_dropout': 0.06692874372338536, 'L3_hidden_dim': 128, 'L3_layers_atom': 1, 'L3_layers_mol': 1, 'L3_out_dim': 112, 'L3_dropout': 0.2245944304187825, 'n_mlp_layers': 1, 'mlp_dim_0': 216, 'num_heads': 1, 'final_dropout': 0.11074320316163003, 'train_learning_rate': 0.0014814741731968037, 'train_lr_reduce': 0.6}. Best is trial 203 with value: 0.05814646929502487.
[I 2024-12-25 14:48:32,312] Trial 289 finished with value: 0.10843326896429062 and parameters: {'L1_hidden_dim': 128, 'L1_layers_atom': 3, 'L1_layers_mol': 2, 'L1_dropout': 0.1132926890673345, 'L1_out_dim': 32, 'L2_hidden_dim': 128, 'L2_layers_atom': 2, 'L2_layers_mol': 1, 'L2_out_dim': 112, 'L2_dropout': 0.08887394814562893, 'L3_hidden_dim': 80, 'L3_layers_atom': 4, 'L3_layers_mol': 1, 'L3_out_dim': 64, 'L3_dropout': 0.099169208614843, 'n_mlp_layers': 2, 'mlp_dim_0': 424, 'mlp_dim_1': 512, 'num_heads': 1, 'final_dropout': 0.05364468169550582, 'train_learning_rate': 0.00016092897266388578, 'train_lr_reduce': 0.6}. Best is trial 203 with value: 0.05814646929502487.
[I 2024-12-25 14:49:46,354] Trial 293 finished with value: 0.06191529333591461 and parameters: {'L1_hidden_dim': 80, 'L1_layers_atom': 2, 'L1_layers_mol': 3, 'L1_dropout': 0.24924142371800553, 'L1_out_dim': 80, 'L2_hidden_dim': 240, 'L2_layers_atom': 3, 'L2_layers_mol': 2, 'L2_out_dim': 128, 'L2_dropout': 0.005131296349823761, 'L3_hidden_dim': 128, 'L3_layers_atom': 2, 'L3_layers_mol': 1, 'L3_out_dim': 128, 'L3_dropout': 0.206941035193335, 'n_mlp_layers': 3, 'mlp_dim_0': 312, 'mlp_dim_1': 512, 'mlp_dim_2': 120, 'num_heads': 1, 'final_dropout': 0.20782536705514715, 'train_learning_rate': 0.002434638412938084, 'train_lr_reduce': 0.6}. Best is trial 203 with value: 0.05814646929502487.
[I 2024-12-25 14:49:48,765] Trial 292 finished with value: 0.06391099095344543 and parameters: {'L1_hidden_dim': 128, 'L1_layers_atom': 4, 'L1_layers_mol': 1, 'L1_dropout': 0.1525345351760392, 'L1_out_dim': 80, 'L2_hidden_dim': 240, 'L2_layers_atom': 3, 'L2_layers_mol': 3, 'L2_out_dim': 112, 'L2_dropout': 0.06812058179614604, 'L3_hidden_dim': 96, 'L3_layers_atom': 2, 'L3_layers_mol': 3, 'L3_out_dim': 128, 'L3_dropout': 0.0825466357128582, 'n_mlp_layers': 2, 'mlp_dim_0': 88, 'mlp_dim_1': 512, 'num_heads': 2, 'final_dropout': 0.08296650416919732, 'train_learning_rate': 0.0003823005165526386, 'train_lr_reduce': 0.6}. Best is trial 203 with value: 0.05814646929502487.
[I 2024-12-25 14:50:17,680] Trial 294 finished with value: 0.07136692851781845 and parameters: {'L1_hidden_dim': 160, 'L1_layers_atom': 3, 'L1_layers_mol': 3, 'L1_dropout': 0.2678693275998363, 'L1_out_dim': 80, 'L2_hidden_dim': 208, 'L2_layers_atom': 2, 'L2_layers_mol': 3, 'L2_out_dim': 128, 'L2_dropout': 0.036502580014676406, 'L3_hidden_dim': 96, 'L3_layers_atom': 3, 'L3_layers_mol': 1, 'L3_out_dim': 128, 'L3_dropout': 0.20915127123881674, 'n_mlp_layers': 3, 'mlp_dim_0': 352, 'mlp_dim_1': 504, 'mlp_dim_2': 104, 'num_heads': 1, 'final_dropout': 0.05930148813383881, 'train_learning_rate': 0.0007020637533673612, 'train_lr_reduce': 0.6}. Best is trial 203 with value: 0.05814646929502487.
[I 2024-12-25 14:51:07,635] Trial 296 finished with value: 0.08375278115272522 and parameters: {'L1_hidden_dim': 112, 'L1_layers_atom': 3, 'L1_layers_mol': 4, 'L1_dropout': 0.2836073735675029, 'L1_out_dim': 80, 'L2_hidden_dim': 192, 'L2_layers_atom': 2, 'L2_layers_mol': 1, 'L2_out_dim': 128, 'L2_dropout': 0.012049617426066996, 'L3_hidden_dim': 128, 'L3_layers_atom': 2, 'L3_layers_mol': 1, 'L3_out_dim': 128, 'L3_dropout': 0.29394883437264474, 'n_mlp_layers': 3, 'mlp_dim_0': 336, 'mlp_dim_1': 496, 'mlp_dim_2': 96, 'num_heads': 1, 'final_dropout': 0.2665400203152314, 'train_learning_rate': 0.0012939372834075414, 'train_lr_reduce': 0.6}. Best is trial 203 with value: 0.05814646929502487.
[I 2024-12-25 14:51:17,479] Trial 295 finished with value: 0.0948919877409935 and parameters: {'L1_hidden_dim': 192, 'L1_layers_atom': 2, 'L1_layers_mol': 4, 'L1_dropout': 0.22841601275534507, 'L1_out_dim': 112, 'L2_hidden_dim': 96, 'L2_layers_atom': 1, 'L2_layers_mol': 2, 'L2_out_dim': 128, 'L2_dropout': 0.03356088686204071, 'L3_hidden_dim': 32, 'L3_layers_atom': 3, 'L3_layers_mol': 1, 'L3_out_dim': 80, 'L3_dropout': 0.17085254783048215, 'n_mlp_layers': 3, 'mlp_dim_0': 184, 'mlp_dim_1': 512, 'mlp_dim_2': 64, 'num_heads': 1, 'final_dropout': 0.234117618493202, 'train_learning_rate': 0.00028491926989720735, 'train_lr_reduce': 0.6}. Best is trial 203 with value: 0.05814646929502487.
[I 2024-12-25 14:52:32,279] Trial 298 finished with value: 0.08406060934066772 and parameters: {'L1_hidden_dim': 80, 'L1_layers_atom': 1, 'L1_layers_mol': 2, 'L1_dropout': 0.23311952938538938, 'L1_out_dim': 80, 'L2_hidden_dim': 256, 'L2_layers_atom': 4, 'L2_layers_mol': 1, 'L2_out_dim': 112, 'L2_dropout': 0.06019377488235381, 'L3_hidden_dim': 128, 'L3_layers_atom': 3, 'L3_layers_mol': 1, 'L3_out_dim': 96, 'L3_dropout': 0.24156935999777657, 'n_mlp_layers': 3, 'mlp_dim_0': 376, 'mlp_dim_1': 512, 'mlp_dim_2': 104, 'num_heads': 1, 'final_dropout': 0.14091542855299907, 'train_learning_rate': 0.00217064005629736, 'train_lr_reduce': 0.6}. Best is trial 203 with value: 0.05814646929502487.
[I 2024-12-25 14:52:33,153] Trial 297 finished with value: 0.06668497622013092 and parameters: {'L1_hidden_dim': 64, 'L1_layers_atom': 4, 'L1_layers_mol': 1, 'L1_dropout': 0.0960171350075634, 'L1_out_dim': 96, 'L2_hidden_dim': 240, 'L2_layers_atom': 3, 'L2_layers_mol': 3, 'L2_out_dim': 128, 'L2_dropout': 0.03319139051529125, 'L3_hidden_dim': 80, 'L3_layers_atom': 2, 'L3_layers_mol': 3, 'L3_out_dim': 112, 'L3_dropout': 0.06453303982516069, 'n_mlp_layers': 3, 'mlp_dim_0': 48, 'mlp_dim_1': 512, 'mlp_dim_2': 96, 'num_heads': 2, 'final_dropout': 0.10233795222566973, 'train_learning_rate': 0.0005019976870393743, 'train_lr_reduce': 0.6}. Best is trial 203 with value: 0.05814646929502487.
[I 2024-12-25 14:53:09,414] Trial 299 finished with value: 0.15056677162647247 and parameters: {'L1_hidden_dim': 112, 'L1_layers_atom': 2, 'L1_layers_mol': 3, 'L1_dropout': 0.2421061260228546, 'L1_out_dim': 112, 'L2_hidden_dim': 192, 'L2_layers_atom': 2, 'L2_layers_mol': 1, 'L2_out_dim': 112, 'L2_dropout': 0.05363224467092888, 'L3_hidden_dim': 128, 'L3_layers_atom': 1, 'L3_layers_mol': 2, 'L3_out_dim': 112, 'L3_dropout': 0.20093422962643692, 'n_mlp_layers': 3, 'mlp_dim_0': 296, 'mlp_dim_1': 512, 'mlp_dim_2': 112, 'num_heads': 1, 'final_dropout': 0.1208735545698165, 'train_learning_rate': 0.005470171554846108, 'train_lr_reduce': 0.6}. Best is trial 203 with value: 0.05814646929502487.
[I 2024-12-25 14:53:58,804] Trial 300 finished with value: 0.067965067923069 and parameters: {'L1_hidden_dim': 64, 'L1_layers_atom': 3, 'L1_layers_mol': 4, 'L1_dropout': 0.23774151156001982, 'L1_out_dim': 96, 'L2_hidden_dim': 240, 'L2_layers_atom': 1, 'L2_layers_mol': 2, 'L2_out_dim': 80, 'L2_dropout': 0.10802979227289132, 'L3_hidden_dim': 32, 'L3_layers_atom': 2, 'L3_layers_mol': 1, 'L3_out_dim': 112, 'L3_dropout': 0.2668946778111227, 'n_mlp_layers': 3, 'mlp_dim_0': 288, 'mlp_dim_1': 512, 'mlp_dim_2': 128, 'num_heads': 1, 'final_dropout': 0.044608673635007326, 'train_learning_rate': 0.0007995218796702354, 'train_lr_reduce': 0.6}. Best is trial 203 with value: 0.05814646929502487.
[I 2024-12-25 14:54:20,603] Trial 301 finished with value: 0.17600055038928986 and parameters: {'L1_hidden_dim': 64, 'L1_layers_atom': 2, 'L1_layers_mol': 3, 'L1_dropout': 0.2763624318453781, 'L1_out_dim': 112, 'L2_hidden_dim': 208, 'L2_layers_atom': 2, 'L2_layers_mol': 3, 'L2_out_dim': 112, 'L2_dropout': 0.08004128364209386, 'L3_hidden_dim': 80, 'L3_layers_atom': 2, 'L3_layers_mol': 1, 'L3_out_dim': 128, 'L3_dropout': 0.2850267171248089, 'n_mlp_layers': 3, 'mlp_dim_0': 368, 'mlp_dim_1': 504, 'mlp_dim_2': 120, 'num_heads': 1, 'final_dropout': 0.050057815033336325, 'train_learning_rate': 0.00828009476953302, 'train_lr_reduce': 0.6}. Best is trial 203 with value: 0.05814646929502487.
[I 2024-12-25 14:54:59,325] Trial 302 finished with value: 0.08276360481977463 and parameters: {'L1_hidden_dim': 96, 'L1_layers_atom': 4, 'L1_layers_mol': 1, 'L1_dropout': 0.1619447353843235, 'L1_out_dim': 64, 'L2_hidden_dim': 224, 'L2_layers_atom': 2, 'L2_layers_mol': 4, 'L2_out_dim': 96, 'L2_dropout': 0.04525254311561389, 'L3_hidden_dim': 112, 'L3_layers_atom': 1, 'L3_layers_mol': 3, 'L3_out_dim': 112, 'L3_dropout': 0.0667457708608014, 'n_mlp_layers': 2, 'mlp_dim_0': 128, 'mlp_dim_1': 512, 'num_heads': 2, 'final_dropout': 0.005406227191808277, 'train_learning_rate': 0.00029686544741840023, 'train_lr_reduce': 0.6}. Best is trial 203 with value: 0.05814646929502487.
[I 2024-12-25 14:55:50,207] Trial 304 finished with value: 0.08522909879684448 and parameters: {'L1_hidden_dim': 128, 'L1_layers_atom': 4, 'L1_layers_mol': 4, 'L1_dropout': 0.2739643571466961, 'L1_out_dim': 128, 'L2_hidden_dim': 256, 'L2_layers_atom': 1, 'L2_layers_mol': 2, 'L2_out_dim': 128, 'L2_dropout': 0.07279266722636735, 'L3_hidden_dim': 32, 'L3_layers_atom': 1, 'L3_layers_mol': 1, 'L3_out_dim': 64, 'L3_dropout': 0.29522677853213436, 'n_mlp_layers': 3, 'mlp_dim_0': 192, 'mlp_dim_1': 456, 'mlp_dim_2': 328, 'num_heads': 1, 'final_dropout': 0.013966522263038815, 'train_learning_rate': 0.0014371089578477374, 'train_lr_reduce': 0.6}. Best is trial 203 with value: 0.05814646929502487.
[I 2024-12-25 14:55:50,359] Trial 303 finished with value: 0.07624977827072144 and parameters: {'L1_hidden_dim': 64, 'L1_layers_atom': 3, 'L1_layers_mol': 4, 'L1_dropout': 0.2942402932293324, 'L1_out_dim': 128, 'L2_hidden_dim': 192, 'L2_layers_atom': 3, 'L2_layers_mol': 3, 'L2_out_dim': 96, 'L2_dropout': 0.10110295728192828, 'L3_hidden_dim': 112, 'L3_layers_atom': 2, 'L3_layers_mol': 1, 'L3_out_dim': 112, 'L3_dropout': 0.1834934382336418, 'n_mlp_layers': 2, 'mlp_dim_0': 184, 'mlp_dim_1': 512, 'num_heads': 1, 'final_dropout': 0.2619453165588447, 'train_learning_rate': 0.003119662617096607, 'train_lr_reduce': 0.6}. Best is trial 203 with value: 0.05814646929502487.
[I 2024-12-25 14:56:15,370] Trial 305 finished with value: 0.08977451175451279 and parameters: {'L1_hidden_dim': 112, 'L1_layers_atom': 4, 'L1_layers_mol': 2, 'L1_dropout': 0.24733659460072197, 'L1_out_dim': 64, 'L2_hidden_dim': 208, 'L2_layers_atom': 2, 'L2_layers_mol': 1, 'L2_out_dim': 64, 'L2_dropout': 0.1529403020336585, 'L3_hidden_dim': 112, 'L3_layers_atom': 2, 'L3_layers_mol': 2, 'L3_out_dim': 64, 'L3_dropout': 0.21294850694680365, 'n_mlp_layers': 3, 'mlp_dim_0': 400, 'mlp_dim_1': 464, 'mlp_dim_2': 120, 'num_heads': 1, 'final_dropout': 0.09273085878330842, 'train_learning_rate': 0.0009818539790438982, 'train_lr_reduce': 0.6}. Best is trial 203 with value: 0.05814646929502487.
[I 2024-12-25 14:57:32,315] Trial 307 finished with value: 0.09502781182527542 and parameters: {'L1_hidden_dim': 80, 'L1_layers_atom': 2, 'L1_layers_mol': 1, 'L1_dropout': 0.19696923199056537, 'L1_out_dim': 32, 'L2_hidden_dim': 192, 'L2_layers_atom': 3, 'L2_layers_mol': 2, 'L2_out_dim': 112, 'L2_dropout': 0.07454589669838974, 'L3_hidden_dim': 96, 'L3_layers_atom': 4, 'L3_layers_mol': 1, 'L3_out_dim': 64, 'L3_dropout': 0.08131712715261334, 'n_mlp_layers': 1, 'mlp_dim_0': 464, 'num_heads': 1, 'final_dropout': 0.09005447386312415, 'train_learning_rate': 0.00042058084705480427, 'train_lr_reduce': 0.6}. Best is trial 203 with value: 0.05814646929502487.
[I 2024-12-25 14:58:15,542] Trial 308 finished with value: 0.08313028514385223 and parameters: {'L1_hidden_dim': 64, 'L1_layers_atom': 4, 'L1_layers_mol': 4, 'L1_dropout': 0.25200470509359696, 'L1_out_dim': 96, 'L2_hidden_dim': 256, 'L2_layers_atom': 2, 'L2_layers_mol': 1, 'L2_out_dim': 112, 'L2_dropout': 0.0311733886094758, 'L3_hidden_dim': 48, 'L3_layers_atom': 3, 'L3_layers_mol': 1, 'L3_out_dim': 96, 'L3_dropout': 0.26065382792499997, 'n_mlp_layers': 3, 'mlp_dim_0': 208, 'mlp_dim_1': 456, 'mlp_dim_2': 144, 'num_heads': 1, 'final_dropout': 0.01015967150126626, 'train_learning_rate': 0.0017348222795307458, 'train_lr_reduce': 0.6}. Best is trial 203 with value: 0.05814646929502487.
[I 2024-12-25 14:58:33,728] Trial 310 finished with value: 1.0907891988754272 and parameters: {'L1_hidden_dim': 64, 'L1_layers_atom': 3, 'L1_layers_mol': 3, 'L1_dropout': 0.21062087706818844, 'L1_out_dim': 64, 'L2_hidden_dim': 224, 'L2_layers_atom': 3, 'L2_layers_mol': 2, 'L2_out_dim': 112, 'L2_dropout': 0.003555013189608964, 'L3_hidden_dim': 128, 'L3_layers_atom': 3, 'L3_layers_mol': 2, 'L3_out_dim': 112, 'L3_dropout': 0.12202182018882644, 'n_mlp_layers': 3, 'mlp_dim_0': 488, 'mlp_dim_1': 512, 'mlp_dim_2': 160, 'num_heads': 1, 'final_dropout': 0.18863534671600168, 'train_learning_rate': 0.0016991199741335794, 'train_lr_reduce': 0.6}. Best is trial 203 with value: 0.05814646929502487.
[I 2024-12-25 14:58:33,992] Trial 306 finished with value: 0.07672915607690811 and parameters: {'L1_hidden_dim': 64, 'L1_layers_atom': 3, 'L1_layers_mol': 3, 'L1_dropout': 0.26548916982942056, 'L1_out_dim': 80, 'L2_hidden_dim': 144, 'L2_layers_atom': 2, 'L2_layers_mol': 2, 'L2_out_dim': 128, 'L2_dropout': 0.10034325781658178, 'L3_hidden_dim': 48, 'L3_layers_atom': 3, 'L3_layers_mol': 2, 'L3_out_dim': 112, 'L3_dropout': 0.273422444673804, 'n_mlp_layers': 2, 'mlp_dim_0': 56, 'mlp_dim_1': 512, 'num_heads': 2, 'final_dropout': 0.011129623950969444, 'train_learning_rate': 0.0002514323743752651, 'train_lr_reduce': 0.6}. Best is trial 203 with value: 0.05814646929502487.
[I 2024-12-25 14:59:09,311] Trial 312 finished with value: 0.7631519436836243 and parameters: {'L1_hidden_dim': 80, 'L1_layers_atom': 1, 'L1_layers_mol': 3, 'L1_dropout': 0.20790078049800328, 'L1_out_dim': 48, 'L2_hidden_dim': 240, 'L2_layers_atom': 4, 'L2_layers_mol': 2, 'L2_out_dim': 128, 'L2_dropout': 0.039426723274063165, 'L3_hidden_dim': 128, 'L3_layers_atom': 1, 'L3_layers_mol': 2, 'L3_out_dim': 112, 'L3_dropout': 0.20575603988456612, 'n_mlp_layers': 2, 'mlp_dim_0': 408, 'mlp_dim_1': 512, 'num_heads': 1, 'final_dropout': 0.20936251701962888, 'train_learning_rate': 0.0031540502342187033, 'train_lr_reduce': 0.6}. Best is trial 203 with value: 0.05814646929502487.
[I 2024-12-25 14:59:53,349] Trial 309 finished with value: 0.0750914141535759 and parameters: {'L1_hidden_dim': 112, 'L1_layers_atom': 2, 'L1_layers_mol': 3, 'L1_dropout': 0.2897456100572551, 'L1_out_dim': 64, 'L2_hidden_dim': 192, 'L2_layers_atom': 4, 'L2_layers_mol': 3, 'L2_out_dim': 128, 'L2_dropout': 0.010736160618674603, 'L3_hidden_dim': 112, 'L3_layers_atom': 2, 'L3_layers_mol': 1, 'L3_out_dim': 112, 'L3_dropout': 0.23137794285693652, 'n_mlp_layers': 3, 'mlp_dim_0': 184, 'mlp_dim_1': 456, 'mlp_dim_2': 288, 'num_heads': 1, 'final_dropout': 0.12909525356065726, 'train_learning_rate': 0.005472894480055059, 'train_lr_reduce': 0.6}. Best is trial 203 with value: 0.05814646929502487.
[I 2024-12-25 15:00:49,895] Trial 311 finished with value: 0.06836121529340744 and parameters: {'L1_hidden_dim': 128, 'L1_layers_atom': 3, 'L1_layers_mol': 1, 'L1_dropout': 0.22594504021031073, 'L1_out_dim': 48, 'L2_hidden_dim': 256, 'L2_layers_atom': 3, 'L2_layers_mol': 2, 'L2_out_dim': 128, 'L2_dropout': 0.08690759942141607, 'L3_hidden_dim': 80, 'L3_layers_atom': 2, 'L3_layers_mol': 3, 'L3_out_dim': 96, 'L3_dropout': 0.09104361353736332, 'n_mlp_layers': 2, 'mlp_dim_0': 72, 'mlp_dim_1': 464, 'num_heads': 2, 'final_dropout': 0.09612131045134117, 'train_learning_rate': 0.00014348511055624138, 'train_lr_reduce': 0.6}. Best is trial 203 with value: 0.05814646929502487.
[I 2024-12-25 15:01:00,635] Trial 313 finished with value: 0.07895359396934509 and parameters: {'L1_hidden_dim': 176, 'L1_layers_atom': 4, 'L1_layers_mol': 1, 'L1_dropout': 0.1802139174449436, 'L1_out_dim': 48, 'L2_hidden_dim': 192, 'L2_layers_atom': 3, 'L2_layers_mol': 4, 'L2_out_dim': 96, 'L2_dropout': 0.08907642861263342, 'L3_hidden_dim': 96, 'L3_layers_atom': 2, 'L3_layers_mol': 2, 'L3_out_dim': 128, 'L3_dropout': 0.11914580210370296, 'n_mlp_layers': 2, 'mlp_dim_0': 32, 'mlp_dim_1': 448, 'num_heads': 2, 'final_dropout': 0.13004920078928836, 'train_learning_rate': 0.0002565830037524495, 'train_lr_reduce': 0.6}. Best is trial 203 with value: 0.05814646929502487.
[I 2024-12-25 15:01:19,403] Trial 314 finished with value: 0.08208564668893814 and parameters: {'L1_hidden_dim': 80, 'L1_layers_atom': 2, 'L1_layers_mol': 1, 'L1_dropout': 0.07222434583186563, 'L1_out_dim': 48, 'L2_hidden_dim': 64, 'L2_layers_atom': 1, 'L2_layers_mol': 1, 'L2_out_dim': 112, 'L2_dropout': 0.043804096052714465, 'L3_hidden_dim': 96, 'L3_layers_atom': 3, 'L3_layers_mol': 1, 'L3_out_dim': 48, 'L3_dropout': 0.05730601704057815, 'n_mlp_layers': 3, 'mlp_dim_0': 408, 'mlp_dim_1': 456, 'mlp_dim_2': 280, 'num_heads': 1, 'final_dropout': 0.02404373242581183, 'train_learning_rate': 0.00021530879588762308, 'train_lr_reduce': 0.6}. Best is trial 203 with value: 0.05814646929502487.
[I 2024-12-25 15:02:39,251] Trial 316 finished with value: 0.057405441999435425 and parameters: {'L1_hidden_dim': 64, 'L1_layers_atom': 4, 'L1_layers_mol': 2, 'L1_dropout': 0.2768032329465007, 'L1_out_dim': 128, 'L2_hidden_dim': 192, 'L2_layers_atom': 4, 'L2_layers_mol': 1, 'L2_out_dim': 96, 'L2_dropout': 0.007128130530670004, 'L3_hidden_dim': 64, 'L3_layers_atom': 3, 'L3_layers_mol': 1, 'L3_out_dim': 64, 'L3_dropout': 0.27968436656922513, 'n_mlp_layers': 3, 'mlp_dim_0': 48, 'mlp_dim_1': 456, 'mlp_dim_2': 144, 'num_heads': 1, 'final_dropout': 0.007814536781602575, 'train_learning_rate': 0.0017146137163624156, 'train_lr_reduce': 0.6}. Best is trial 316 with value: 0.057405441999435425.
[I 2024-12-25 15:02:53,785] Trial 315 finished with value: 0.09294462203979492 and parameters: {'L1_hidden_dim': 64, 'L1_layers_atom': 3, 'L1_layers_mol': 4, 'L1_dropout': 0.24900221342650017, 'L1_out_dim': 128, 'L2_hidden_dim': 240, 'L2_layers_atom': 1, 'L2_layers_mol': 1, 'L2_out_dim': 128, 'L2_dropout': 0.02165931954662953, 'L3_hidden_dim': 48, 'L3_layers_atom': 1, 'L3_layers_mol': 2, 'L3_out_dim': 128, 'L3_dropout': 0.29965979620489064, 'n_mlp_layers': 2, 'mlp_dim_0': 32, 'mlp_dim_1': 512, 'num_heads': 2, 'final_dropout': 0.024756103930013918, 'train_learning_rate': 0.003753697514091185, 'train_lr_reduce': 0.6}. Best is trial 316 with value: 0.057405441999435425.
[I 2024-12-25 15:03:06,915] Trial 317 finished with value: 0.06657781451940536 and parameters: {'L1_hidden_dim': 80, 'L1_layers_atom': 4, 'L1_layers_mol': 4, 'L1_dropout': 0.21789836603669074, 'L1_out_dim': 112, 'L2_hidden_dim': 208, 'L2_layers_atom': 2, 'L2_layers_mol': 1, 'L2_out_dim': 112, 'L2_dropout': 0.07588490002277076, 'L3_hidden_dim': 32, 'L3_layers_atom': 2, 'L3_layers_mol': 1, 'L3_out_dim': 128, 'L3_dropout': 0.2536573219908503, 'n_mlp_layers': 2, 'mlp_dim_0': 64, 'mlp_dim_1': 512, 'num_heads': 1, 'final_dropout': 0.02894346857779899, 'train_learning_rate': 0.00021720241937588206, 'train_lr_reduce': 0.6}. Best is trial 316 with value: 0.057405441999435425.
[I 2024-12-25 15:03:51,207] Trial 319 finished with value: 0.08831623941659927 and parameters: {'L1_hidden_dim': 128, 'L1_layers_atom': 4, 'L1_layers_mol': 4, 'L1_dropout': 0.22538280548638587, 'L1_out_dim': 128, 'L2_hidden_dim': 176, 'L2_layers_atom': 4, 'L2_layers_mol': 1, 'L2_out_dim': 64, 'L2_dropout': 0.012550028239354, 'L3_hidden_dim': 80, 'L3_layers_atom': 3, 'L3_layers_mol': 1, 'L3_out_dim': 48, 'L3_dropout': 0.27171269049533026, 'n_mlp_layers': 3, 'mlp_dim_0': 48, 'mlp_dim_1': 448, 'mlp_dim_2': 136, 'num_heads': 1, 'final_dropout': 0.007183486049262332, 'train_learning_rate': 0.0018639104387876, 'train_lr_reduce': 0.6}. Best is trial 316 with value: 0.057405441999435425.
[I 2024-12-25 15:04:02,787] Trial 318 finished with value: 0.07581957429647446 and parameters: {'L1_hidden_dim': 112, 'L1_layers_atom': 3, 'L1_layers_mol': 4, 'L1_dropout': 0.2799055162878566, 'L1_out_dim': 80, 'L2_hidden_dim': 208, 'L2_layers_atom': 4, 'L2_layers_mol': 1, 'L2_out_dim': 96, 'L2_dropout': 0.01217790422550079, 'L3_hidden_dim': 48, 'L3_layers_atom': 4, 'L3_layers_mol': 1, 'L3_out_dim': 128, 'L3_dropout': 0.14751730237753147, 'n_mlp_layers': 3, 'mlp_dim_0': 224, 'mlp_dim_1': 448, 'mlp_dim_2': 136, 'num_heads': 1, 'final_dropout': 0.02974410837208323, 'train_learning_rate': 0.001774654181441688, 'train_lr_reduce': 0.6}. Best is trial 316 with value: 0.057405441999435425.
