[I 2024-12-04 17:21:39,600] Trial 394 finished with value: 0.5014097874953571 and parameters: {'n_estimators': 1292, 'max_depth': 8, 'learning_rate': 0.03560648026375987, 'subsample': 0.9924875147193684, 'colsample_bytree': 0.682103461424585, 'min_child_weight': 1, 'gamma': 0.1014191732348167, 'reg_alpha': 0.0003021724151970604, 'reg_lambda': 0.008845128306086063}. Best is trial 366 with value: 0.4805765587223672.
[I 2024-12-04 17:21:39,935] Trial 390 finished with value: 0.5049077124560017 and parameters: {'n_estimators': 1480, 'max_depth': 10, 'learning_rate': 0.028370561966411977, 'subsample': 0.9491090518270031, 'colsample_bytree': 0.7055125199003607, 'min_child_weight': 1, 'gamma': 0.019072205452624415, 'reg_alpha': 0.000590376102159313, 'reg_lambda': 0.02675121107049135}. Best is trial 366 with value: 0.4805765587223672.
[I 2024-12-04 17:21:40,202] Trial 391 finished with value: 0.50369746309745 and parameters: {'n_estimators': 1486, 'max_depth': 7, 'learning_rate': 0.040620322702139985, 'subsample': 0.9836502561872229, 'colsample_bytree': 0.5308127460531303, 'min_child_weight': 1, 'gamma': 0.00439419960265022, 'reg_alpha': 1.2729300861173453e-05, 'reg_lambda': 0.011972239269626851}. Best is trial 366 with value: 0.4805765587223672.
[I 2024-12-04 17:21:40,219] Trial 392 finished with value: 0.4990383986402279 and parameters: {'n_estimators': 1330, 'max_depth': 5, 'learning_rate': 0.05423509276659465, 'subsample': 0.9699163261723702, 'colsample_bytree': 0.6013310784396751, 'min_child_weight': 1, 'gamma': 0.028075278301212567, 'reg_alpha': 1.468058414418127e-05, 'reg_lambda': 0.21867038811831024}. Best is trial 366 with value: 0.4805765587223672.
[I 2024-12-04 17:21:41,367] Trial 395 finished with value: 0.48229534246774014 and parameters: {'n_estimators': 1428, 'max_depth': 6, 'learning_rate': 0.04412004039006375, 'subsample': 0.9634978591740531, 'colsample_bytree': 0.6519305438190441, 'min_child_weight': 1, 'gamma': 0.011225443875000452, 'reg_alpha': 8.851421281784629e-05, 'reg_lambda': 0.07973391717261157}. Best is trial 366 with value: 0.4805765587223672.
[I 2024-12-04 17:21:42,098] Trial 388 finished with value: 0.4988873776822144 and parameters: {'n_estimators': 1424, 'max_depth': 7, 'learning_rate': 0.030894063681131755, 'subsample': 0.9741156817258237, 'colsample_bytree': 0.6562317967978466, 'min_child_weight': 1, 'gamma': 0.023891901880149374, 'reg_alpha': 0.00012629457271476032, 'reg_lambda': 0.011840067128369812}. Best is trial 366 with value: 0.4805765587223672.
[I 2024-12-04 17:21:42,510] Trial 405 finished with value: 0.5132820793231678 and parameters: {'n_estimators': 1457, 'max_depth': 10, 'learning_rate': 0.012583117070844481, 'subsample': 0.9526794789948307, 'colsample_bytree': 0.630786716843583, 'min_child_weight': 1, 'gamma': 0.006721016497520078, 'reg_alpha': 0.00016929957158092165, 'reg_lambda': 0.0036932377794761384}. Best is trial 366 with value: 0.4805765587223672.
[I 2024-12-04 17:21:42,603] Trial 401 finished with value: 0.4949716461934885 and parameters: {'n_estimators': 1306, 'max_depth': 7, 'learning_rate': 0.05436377351561837, 'subsample': 0.9933994416139487, 'colsample_bytree': 0.7326083195452273, 'min_child_weight': 1, 'gamma': 0.02057129234845009, 'reg_alpha': 0.0003484803740293629, 'reg_lambda': 0.06520704047190297}. Best is trial 366 with value: 0.4805765587223672.
[I 2024-12-04 17:21:42,789] Trial 393 finished with value: 0.5007348535246512 and parameters: {'n_estimators': 1329, 'max_depth': 8, 'learning_rate': 0.028673220368284555, 'subsample': 0.9697299285776915, 'colsample_bytree': 0.6879496490627585, 'min_child_weight': 1, 'gamma': 0.006426386178658391, 'reg_alpha': 0.0008332637555188469, 'reg_lambda': 0.09134049355504917}. Best is trial 366 with value: 0.4805765587223672.
[I 2024-12-04 17:21:43,021] Trial 404 finished with value: 0.4987671479165711 and parameters: {'n_estimators': 1430, 'max_depth': 5, 'learning_rate': 0.03583875352701385, 'subsample': 0.9358107027098505, 'colsample_bytree': 0.552943606867566, 'min_child_weight': 1, 'gamma': 0.00039967140289167693, 'reg_alpha': 0.00011423654642532489, 'reg_lambda': 0.1272257634442377}. Best is trial 366 with value: 0.4805765587223672.
[I 2024-12-04 17:21:43,394] Trial 396 finished with value: 0.49166516041244396 and parameters: {'n_estimators': 1317, 'max_depth': 7, 'learning_rate': 0.0453299351571403, 'subsample': 0.9715887029204724, 'colsample_bytree': 0.6503291988173846, 'min_child_weight': 1, 'gamma': 0.012688433754955987, 'reg_alpha': 0.00018393804189442245, 'reg_lambda': 0.28535277837740747}. Best is trial 366 with value: 0.4805765587223672.
[I 2024-12-04 17:21:43,485] Trial 399 finished with value: 0.6727572258906462 and parameters: {'n_estimators': 1392, 'max_depth': 8, 'learning_rate': 0.025485056892733476, 'subsample': 0.9737868522166158, 'colsample_bytree': 0.7050416810252824, 'min_child_weight': 2, 'gamma': 0.02468476223111715, 'reg_alpha': 0.0003091248158954262, 'reg_lambda': 0.10330271303852734}. Best is trial 366 with value: 0.4805765587223672.
[I 2024-12-04 17:21:43,551] Trial 406 finished with value: 0.5036385096846556 and parameters: {'n_estimators': 1305, 'max_depth': 6, 'learning_rate': 0.03491168012281374, 'subsample': 0.9225753132884237, 'colsample_bytree': 0.612422885506262, 'min_child_weight': 1, 'gamma': 0.003473808368422924, 'reg_alpha': 4.988218793178453e-05, 'reg_lambda': 0.2016382981709018}. Best is trial 366 with value: 0.4805765587223672.
[I 2024-12-04 17:21:43,879] Trial 407 finished with value: 0.49354802017523963 and parameters: {'n_estimators': 1394, 'max_depth': 5, 'learning_rate': 0.05150251417689759, 'subsample': 0.9843055128996772, 'colsample_bytree': 0.5774598635416269, 'min_child_weight': 1, 'gamma': 9.988289954256736e-05, 'reg_alpha': 6.807507932498046e-05, 'reg_lambda': 0.04702015977766653}. Best is trial 366 with value: 0.4805765587223672.
[I 2024-12-04 17:21:43,936] Trial 408 finished with value: 0.4960245570219642 and parameters: {'n_estimators': 1464, 'max_depth': 6, 'learning_rate': 0.06430842218342799, 'subsample': 0.99203539004727, 'colsample_bytree': 0.5832092363804221, 'min_child_weight': 1, 'gamma': 0.001830258969533679, 'reg_alpha': 1.6306424682950288e-05, 'reg_lambda': 0.12416780117835444}. Best is trial 366 with value: 0.4805765587223672.
[I 2024-12-04 17:21:44,134] Trial 397 finished with value: 0.4977551214245182 and parameters: {'n_estimators': 1435, 'max_depth': 6, 'learning_rate': 0.019024936765250584, 'subsample': 0.9326412305225551, 'colsample_bytree': 0.6652982617630542, 'min_child_weight': 1, 'gamma': 0.056165123278913424, 'reg_alpha': 3.467714718369088e-05, 'reg_lambda': 0.11520922471598648}. Best is trial 366 with value: 0.4805765587223672.
[I 2024-12-04 17:21:44,306] Trial 398 finished with value: 0.5000133072988252 and parameters: {'n_estimators': 1471, 'max_depth': 8, 'learning_rate': 0.020529689711384837, 'subsample': 0.9177738293632667, 'colsample_bytree': 0.6540043026396947, 'min_child_weight': 1, 'gamma': 0.005476384303393508, 'reg_alpha': 0.00018742460616416566, 'reg_lambda': 0.09473800215709406}. Best is trial 366 with value: 0.4805765587223672.
[I 2024-12-04 17:21:44,313] Trial 402 finished with value: 0.4953090597144995 and parameters: {'n_estimators': 1341, 'max_depth': 6, 'learning_rate': 0.03540130170049282, 'subsample': 0.9680279741062057, 'colsample_bytree': 0.6794664017513259, 'min_child_weight': 1, 'gamma': 0.021675558248734936, 'reg_alpha': 0.00027482575340402404, 'reg_lambda': 0.09514871599751662}. Best is trial 366 with value: 0.4805765587223672.
[I 2024-12-04 17:21:44,434] Trial 403 finished with value: 0.504831844290259 and parameters: {'n_estimators': 1452, 'max_depth': 6, 'learning_rate': 0.027528492619329187, 'subsample': 0.9403696258773467, 'colsample_bytree': 0.5893656619688793, 'min_child_weight': 1, 'gamma': 0.0005453142187078811, 'reg_alpha': 0.00012652129431472127, 'reg_lambda': 0.4423004937697629}. Best is trial 366 with value: 0.4805765587223672.
[I 2024-12-04 17:21:44,500] Trial 409 finished with value: 0.5087903886574037 and parameters: {'n_estimators': 1354, 'max_depth': 8, 'learning_rate': 0.01574443113185543, 'subsample': 0.8971017103336475, 'colsample_bytree': 0.6432136458160549, 'min_child_weight': 1, 'gamma': 0.001286092466325125, 'reg_alpha': 8.882773795458712e-05, 'reg_lambda': 0.08476207133196713}. Best is trial 366 with value: 0.4805765587223672.
[I 2024-12-04 17:21:44,892] Trial 400 finished with value: 0.49495971770616815 and parameters: {'n_estimators': 1498, 'max_depth': 6, 'learning_rate': 0.030185256997912798, 'subsample': 0.978677416781647, 'colsample_bytree': 0.5564213007982163, 'min_child_weight': 1, 'gamma': 0.0015665320886816335, 'reg_alpha': 0.00011661406795815709, 'reg_lambda': 0.06952207500575196}. Best is trial 366 with value: 0.4805765587223672.
Traceback (most recent call last):
  File "/zhome/b1/0/88900/miniconda3/envs/critprops/lib/python3.9/site-packages/sqlalchemy/engine/base.py", line 1967, in _exec_single_context
    self.dialect.do_execute(
  File "/zhome/b1/0/88900/miniconda3/envs/critprops/lib/python3.9/site-packages/sqlalchemy/engine/default.py", line 941, in do_execute
    cursor.execute(statement, parameters)
sqlite3.OperationalError: database is locked

The above exception was the direct cause of the following exception:

Traceback (most recent call last):
  File "/zhome/b1/0/88900/miniconda3/envs/critprops/lib/python3.9/site-packages/optuna/storages/_rdb/storage.py", line 81, in _create_scoped_session
    session.commit()
  File "/zhome/b1/0/88900/miniconda3/envs/critprops/lib/python3.9/site-packages/sqlalchemy/orm/session.py", line 2028, in commit
    trans.commit(_to_root=True)
  File "<string>", line 2, in commit
  File "/zhome/b1/0/88900/miniconda3/envs/critprops/lib/python3.9/site-packages/sqlalchemy/orm/state_changes.py", line 139, in _go
    ret_value = fn(self, *arg, **kw)
  File "/zhome/b1/0/88900/miniconda3/envs/critprops/lib/python3.9/site-packages/sqlalchemy/orm/session.py", line 1313, in commit
    self._prepare_impl()
  File "<string>", line 2, in _prepare_impl
  File "/zhome/b1/0/88900/miniconda3/envs/critprops/lib/python3.9/site-packages/sqlalchemy/orm/state_changes.py", line 139, in _go
    ret_value = fn(self, *arg, **kw)
  File "/zhome/b1/0/88900/miniconda3/envs/critprops/lib/python3.9/site-packages/sqlalchemy/orm/session.py", line 1288, in _prepare_impl
    self.session.flush()
  File "/zhome/b1/0/88900/miniconda3/envs/critprops/lib/python3.9/site-packages/sqlalchemy/orm/session.py", line 4352, in flush
    self._flush(objects)
  File "/zhome/b1/0/88900/miniconda3/envs/critprops/lib/python3.9/site-packages/sqlalchemy/orm/session.py", line 4488, in _flush
    transaction.rollback(_capture_exception=True)
  File "/zhome/b1/0/88900/miniconda3/envs/critprops/lib/python3.9/site-packages/sqlalchemy/util/langhelpers.py", line 146, in __exit__
    raise exc_value.with_traceback(exc_tb)
  File "/zhome/b1/0/88900/miniconda3/envs/critprops/lib/python3.9/site-packages/sqlalchemy/orm/session.py", line 4448, in _flush
    flush_context.execute()
  File "/zhome/b1/0/88900/miniconda3/envs/critprops/lib/python3.9/site-packages/sqlalchemy/orm/unitofwork.py", line 466, in execute
    rec.execute(self)
  File "/zhome/b1/0/88900/miniconda3/envs/critprops/lib/python3.9/site-packages/sqlalchemy/orm/unitofwork.py", line 642, in execute
    util.preloaded.orm_persistence.save_obj(
  File "/zhome/b1/0/88900/miniconda3/envs/critprops/lib/python3.9/site-packages/sqlalchemy/orm/persistence.py", line 93, in save_obj
    _emit_insert_statements(
  File "/zhome/b1/0/88900/miniconda3/envs/critprops/lib/python3.9/site-packages/sqlalchemy/orm/persistence.py", line 1233, in _emit_insert_statements
    result = connection.execute(
  File "/zhome/b1/0/88900/miniconda3/envs/critprops/lib/python3.9/site-packages/sqlalchemy/engine/base.py", line 1418, in execute
    return meth(
  File "/zhome/b1/0/88900/miniconda3/envs/critprops/lib/python3.9/site-packages/sqlalchemy/sql/elements.py", line 515, in _execute_on_connection
    return connection._execute_clauseelement(
  File "/zhome/b1/0/88900/miniconda3/envs/critprops/lib/python3.9/site-packages/sqlalchemy/engine/base.py", line 1640, in _execute_clauseelement
    ret = self._execute_context(
  File "/zhome/b1/0/88900/miniconda3/envs/critprops/lib/python3.9/site-packages/sqlalchemy/engine/base.py", line 1846, in _execute_context
    return self._exec_single_context(
  File "/zhome/b1/0/88900/miniconda3/envs/critprops/lib/python3.9/site-packages/sqlalchemy/engine/base.py", line 1986, in _exec_single_context
    self._handle_dbapi_exception(
  File "/zhome/b1/0/88900/miniconda3/envs/critprops/lib/python3.9/site-packages/sqlalchemy/engine/base.py", line 2355, in _handle_dbapi_exception
    raise sqlalchemy_exception.with_traceback(exc_info[2]) from e
  File "/zhome/b1/0/88900/miniconda3/envs/critprops/lib/python3.9/site-packages/sqlalchemy/engine/base.py", line 1967, in _exec_single_context
    self.dialect.do_execute(
  File "/zhome/b1/0/88900/miniconda3/envs/critprops/lib/python3.9/site-packages/sqlalchemy/engine/default.py", line 941, in do_execute
    cursor.execute(statement, parameters)
sqlalchemy.exc.OperationalError: (sqlite3.OperationalError) database is locked
[SQL: INSERT INTO trial_params (trial_id, param_name, param_value, distribution_json) VALUES (?, ?, ?, ?)]
[parameters: (382, 'gamma', 0.020431126839140796, '{"name": "FloatDistribution", "attributes": {"step": null, "low": 1e-05, "high": 0.5, "log": true}}')]
(Background on this error at: https://sqlalche.me/e/20/e3q8)

The above exception was the direct cause of the following exception:

Traceback (most recent call last):
  File "/zhome/b1/0/88900/Documents/fair_gc/gc_ml.py", line 79, in <module>
    study, best_model = create_hyperparameter_optimizer(
  File "/zhome/b1/0/88900/Documents/fair_gc/src/optims.py", line 294, in create_hyperparameter_optimizer
    study.optimize(objective, n_trials=n_trials, n_jobs=n_jobs)
  File "/zhome/b1/0/88900/miniconda3/envs/critprops/lib/python3.9/site-packages/optuna/study/study.py", line 475, in optimize
    _optimize(
  File "/zhome/b1/0/88900/miniconda3/envs/critprops/lib/python3.9/site-packages/optuna/study/_optimize.py", line 100, in _optimize
    f.result()
  File "/zhome/b1/0/88900/miniconda3/envs/critprops/lib/python3.9/concurrent/futures/_base.py", line 439, in result
    return self.__get_result()
  File "/zhome/b1/0/88900/miniconda3/envs/critprops/lib/python3.9/concurrent/futures/_base.py", line 391, in __get_result
    raise self._exception
  File "/zhome/b1/0/88900/miniconda3/envs/critprops/lib/python3.9/concurrent/futures/thread.py", line 58, in run
    result = self.fn(*self.args, **self.kwargs)
  File "/zhome/b1/0/88900/miniconda3/envs/critprops/lib/python3.9/site-packages/optuna/study/_optimize.py", line 160, in _optimize_sequential
    frozen_trial = _run_trial(study, func, catch)
  File "/zhome/b1/0/88900/miniconda3/envs/critprops/lib/python3.9/site-packages/optuna/study/_optimize.py", line 248, in _run_trial
    raise func_err
  File "/zhome/b1/0/88900/miniconda3/envs/critprops/lib/python3.9/site-packages/optuna/study/_optimize.py", line 197, in _run_trial
    value_or_values = func(trial)
  File "/zhome/b1/0/88900/Documents/fair_gc/src/optims.py", line 261, in objective
    params = {
  File "/zhome/b1/0/88900/Documents/fair_gc/src/optims.py", line 262, in <dictcomp>
    name: suggest_fn(trial, name)
  File "/zhome/b1/0/88900/Documents/fair_gc/src/optims.py", line 175, in <lambda>
    return lambda trial, name: trial.suggest_float(
  File "/zhome/b1/0/88900/miniconda3/envs/critprops/lib/python3.9/site-packages/optuna/trial/_trial.py", line 161, in suggest_float
    suggested_value = self._suggest(name, distribution)
  File "/zhome/b1/0/88900/miniconda3/envs/critprops/lib/python3.9/site-packages/optuna/trial/_trial.py", line 637, in _suggest
    storage.set_trial_param(trial_id, name, param_value_in_internal_repr, distribution)
  File "/zhome/b1/0/88900/miniconda3/envs/critprops/lib/python3.9/site-packages/optuna/storages/_cached_storage.py", line 171, in set_trial_param
    self._backend.set_trial_param(trial_id, param_name, param_value_internal, distribution)
  File "/zhome/b1/0/88900/miniconda3/envs/critprops/lib/python3.9/site-packages/optuna/storages/_rdb/storage.py", line 585, in set_trial_param
    self._set_trial_param_without_commit(
  File "/zhome/b1/0/88900/miniconda3/envs/critprops/lib/python3.9/contextlib.py", line 126, in __exit__
    next(self.gen)
  File "/zhome/b1/0/88900/miniconda3/envs/critprops/lib/python3.9/site-packages/optuna/storages/_rdb/storage.py", line 98, in _create_scoped_session
    raise optuna.exceptions.StorageInternalError(message) from e
optuna.exceptions.StorageInternalError: An exception is raised during the commit. This typically happens due to invalid data in the commit, e.g. exceeding max length. 
