[I 2024-12-19 17:46:12,891] Trial 117 finished with value: 0.670185387134552 and parameters: {'mlp_n_layers': 2, 'mlp_dim_00': 492, 'mlp_dim_01': 309, 'node_hidden_dim': 59, 'edge_hidden_dim': 75, 'depth': 1, 'rep_dropout': 0.04174730034624853, 'train_learning_rate': 0.009285946327276513, 'train_lr_reduce': 0.6}. Best is trial 63 with value: 0.11826672405004501.
[I 2024-12-19 17:46:18,061] Trial 120 finished with value: 1.1426244974136353 and parameters: {'mlp_n_layers': 2, 'mlp_dim_00': 462, 'mlp_dim_01': 394, 'node_hidden_dim': 80, 'edge_hidden_dim': 60, 'depth': 2, 'rep_dropout': 0.002598204588848841, 'train_learning_rate': 0.006171035117969352, 'train_lr_reduce': 0.6}. Best is trial 63 with value: 0.11826672405004501.
[I 2024-12-19 17:46:25,354] Trial 121 finished with value: 1.142049789428711 and parameters: {'mlp_n_layers': 2, 'mlp_dim_00': 279, 'mlp_dim_01': 293, 'node_hidden_dim': 126, 'edge_hidden_dim': 99, 'depth': 4, 'rep_dropout': 0.08477799120171078, 'train_learning_rate': 0.00014509491114928988, 'train_lr_reduce': 0.6}. Best is trial 63 with value: 0.11826672405004501.
[I 2024-12-19 17:46:32,884] Trial 122 finished with value: 1.1427576541900635 and parameters: {'mlp_n_layers': 4, 'mlp_dim_00': 208, 'mlp_dim_01': 391, 'mlp_dim_02': 452, 'mlp_dim_03': 503, 'node_hidden_dim': 72, 'edge_hidden_dim': 105, 'depth': 4, 'rep_dropout': 0.043437926646248924, 'train_learning_rate': 0.005754244244226322, 'train_lr_reduce': 0.6}. Best is trial 63 with value: 0.11826672405004501.
[I 2024-12-19 17:46:39,305] Trial 118 finished with value: 0.13696283102035522 and parameters: {'mlp_n_layers': 1, 'mlp_dim_00': 413, 'node_hidden_dim': 56, 'edge_hidden_dim': 56, 'depth': 1, 'rep_dropout': 0.0033405767762660016, 'train_learning_rate': 0.0013217198078718413, 'train_lr_reduce': 0.6}. Best is trial 63 with value: 0.11826672405004501.
[I 2024-12-19 17:46:41,881] Trial 119 finished with value: 0.23349499702453613 and parameters: {'mlp_n_layers': 2, 'mlp_dim_00': 457, 'mlp_dim_01': 377, 'node_hidden_dim': 36, 'edge_hidden_dim': 72, 'depth': 1, 'rep_dropout': 0.02043770156340447, 'train_learning_rate': 0.008419412800831208, 'train_lr_reduce': 0.6}. Best is trial 63 with value: 0.11826672405004501.
[I 2024-12-19 17:46:43,865] Trial 124 finished with value: 1.1482328176498413 and parameters: {'mlp_n_layers': 1, 'mlp_dim_00': 324, 'node_hidden_dim': 32, 'edge_hidden_dim': 90, 'depth': 2, 'rep_dropout': 0.01603747827821151, 'train_learning_rate': 0.0010575345133190463, 'train_lr_reduce': 0.6}. Best is trial 63 with value: 0.11826672405004501.
[I 2024-12-19 17:46:48,227] Trial 126 finished with value: 1.148021936416626 and parameters: {'mlp_n_layers': 1, 'mlp_dim_00': 386, 'node_hidden_dim': 80, 'edge_hidden_dim': 43, 'depth': 1, 'rep_dropout': 0.024236138741088892, 'train_learning_rate': 0.0006801006581879186, 'train_lr_reduce': 0.6}. Best is trial 63 with value: 0.11826672405004501.
[I 2024-12-19 17:46:52,997] Trial 127 finished with value: 1.1460593938827515 and parameters: {'mlp_n_layers': 1, 'mlp_dim_00': 321, 'node_hidden_dim': 55, 'edge_hidden_dim': 60, 'depth': 2, 'rep_dropout': 0.009859519794727083, 'train_learning_rate': 0.0004523391111379137, 'train_lr_reduce': 0.6}. Best is trial 63 with value: 0.11826672405004501.
[I 2024-12-19 17:47:01,678] Trial 123 finished with value: 0.152865469455719 and parameters: {'mlp_n_layers': 2, 'mlp_dim_00': 505, 'mlp_dim_01': 305, 'node_hidden_dim': 79, 'edge_hidden_dim': 65, 'depth': 1, 'rep_dropout': 0.03174116920993228, 'train_learning_rate': 0.008091694530479534, 'train_lr_reduce': 0.6}. Best is trial 63 with value: 0.11826672405004501.
[I 2024-12-19 17:47:06,712] Trial 129 finished with value: 1.1440826654434204 and parameters: {'mlp_n_layers': 1, 'mlp_dim_00': 446, 'node_hidden_dim': 66, 'edge_hidden_dim': 41, 'depth': 1, 'rep_dropout': 0.008863532291975326, 'train_learning_rate': 0.0007113663338895492, 'train_lr_reduce': 0.6}. Best is trial 63 with value: 0.11826672405004501.
[I 2024-12-19 17:47:13,829] Trial 130 finished with value: 1.1468136310577393 and parameters: {'mlp_n_layers': 1, 'mlp_dim_00': 499, 'node_hidden_dim': 63, 'edge_hidden_dim': 98, 'depth': 1, 'rep_dropout': 0.0025989846196065453, 'train_learning_rate': 0.0007251628355524046, 'train_lr_reduce': 0.6}. Best is trial 63 with value: 0.11826672405004501.
[I 2024-12-19 17:47:14,768] Trial 125 finished with value: 0.19666935503482819 and parameters: {'mlp_n_layers': 1, 'mlp_dim_00': 343, 'node_hidden_dim': 63, 'edge_hidden_dim': 69, 'depth': 1, 'rep_dropout': 0.000631171758015745, 'train_learning_rate': 0.006095900647380083, 'train_lr_reduce': 0.6}. Best is trial 63 with value: 0.11826672405004501.
[I 2024-12-19 17:47:37,467] Trial 128 finished with value: 0.15429948270320892 and parameters: {'mlp_n_layers': 1, 'mlp_dim_00': 413, 'node_hidden_dim': 42, 'edge_hidden_dim': 61, 'depth': 1, 'rep_dropout': 0.0051882775215231075, 'train_learning_rate': 0.0019611634600319675, 'train_lr_reduce': 0.6}. Best is trial 63 with value: 0.11826672405004501.
[I 2024-12-19 17:48:02,050] Trial 132 finished with value: 0.14467932283878326 and parameters: {'mlp_n_layers': 1, 'mlp_dim_00': 348, 'node_hidden_dim': 62, 'edge_hidden_dim': 66, 'depth': 1, 'rep_dropout': 0.017871770429560924, 'train_learning_rate': 0.0012434500589422227, 'train_lr_reduce': 0.6}. Best is trial 63 with value: 0.11826672405004501.
[I 2024-12-19 17:48:03,982] Trial 131 finished with value: 0.2594442069530487 and parameters: {'mlp_n_layers': 1, 'mlp_dim_00': 424, 'node_hidden_dim': 35, 'edge_hidden_dim': 63, 'depth': 2, 'rep_dropout': 0.018157308578194635, 'train_learning_rate': 0.0020705116836925953, 'train_lr_reduce': 0.6}. Best is trial 63 with value: 0.11826672405004501.
[I 2024-12-19 17:48:15,915] Trial 133 finished with value: 0.16294127702713013 and parameters: {'mlp_n_layers': 2, 'mlp_dim_00': 401, 'mlp_dim_01': 300, 'node_hidden_dim': 70, 'edge_hidden_dim': 58, 'depth': 1, 'rep_dropout': 0.00797234489351379, 'train_learning_rate': 0.0028347716323829774, 'train_lr_reduce': 0.6}. Best is trial 63 with value: 0.11826672405004501.
[I 2024-12-19 17:48:21,112] Trial 136 finished with value: 1.1420187950134277 and parameters: {'mlp_n_layers': 1, 'mlp_dim_00': 324, 'node_hidden_dim': 67, 'edge_hidden_dim': 88, 'depth': 1, 'rep_dropout': 0.010239146862721892, 'train_learning_rate': 0.0007130445359789892, 'train_lr_reduce': 0.6}. Best is trial 63 with value: 0.11826672405004501.
[I 2024-12-19 17:48:28,544] Trial 137 finished with value: 1.1327240467071533 and parameters: {'mlp_n_layers': 1, 'mlp_dim_00': 491, 'node_hidden_dim': 86, 'edge_hidden_dim': 54, 'depth': 4, 'rep_dropout': 0.11603214864415456, 'train_learning_rate': 0.008582238007211682, 'train_lr_reduce': 0.6}. Best is trial 63 with value: 0.11826672405004501.
[I 2024-12-19 17:48:34,048] Trial 138 finished with value: 1.149536371231079 and parameters: {'mlp_n_layers': 3, 'mlp_dim_00': 157, 'mlp_dim_01': 414, 'mlp_dim_02': 208, 'node_hidden_dim': 45, 'edge_hidden_dim': 75, 'depth': 2, 'rep_dropout': 0.11704010703129109, 'train_learning_rate': 0.005197932056471627, 'train_lr_reduce': 0.6}. Best is trial 63 with value: 0.11826672405004501.
[I 2024-12-19 17:48:40,469] Trial 135 finished with value: 0.19168081879615784 and parameters: {'mlp_n_layers': 1, 'mlp_dim_00': 247, 'node_hidden_dim': 79, 'edge_hidden_dim': 55, 'depth': 1, 'rep_dropout': 0.05855825081916046, 'train_learning_rate': 0.0015429858268622336, 'train_lr_reduce': 0.6}. Best is trial 63 with value: 0.11826672405004501.
[I 2024-12-19 17:48:44,734] Trial 134 finished with value: 0.1319378763437271 and parameters: {'mlp_n_layers': 1, 'mlp_dim_00': 358, 'node_hidden_dim': 41, 'edge_hidden_dim': 47, 'depth': 1, 'rep_dropout': 0.005878211590551112, 'train_learning_rate': 0.001647291540830901, 'train_lr_reduce': 0.6}. Best is trial 63 with value: 0.11826672405004501.
[I 2024-12-19 17:48:46,521] Trial 140 finished with value: 1.142761468887329 and parameters: {'mlp_n_layers': 4, 'mlp_dim_00': 507, 'mlp_dim_01': 415, 'mlp_dim_02': 87, 'mlp_dim_03': 336, 'node_hidden_dim': 103, 'edge_hidden_dim': 87, 'depth': 3, 'rep_dropout': 0.13087730789889904, 'train_learning_rate': 0.003917326711606575, 'train_lr_reduce': 0.6}. Best is trial 63 with value: 0.11826672405004501.
[I 2024-12-19 17:48:51,491] Trial 142 finished with value: 1.1420269012451172 and parameters: {'mlp_n_layers': 1, 'mlp_dim_00': 329, 'node_hidden_dim': 48, 'edge_hidden_dim': 68, 'depth': 1, 'rep_dropout': 0.05478175784765747, 'train_learning_rate': 0.0008103477958374751, 'train_lr_reduce': 0.6}. Best is trial 63 with value: 0.11826672405004501.
[I 2024-12-19 17:49:17,737] Trial 139 finished with value: 0.22050230205059052 and parameters: {'mlp_n_layers': 2, 'mlp_dim_00': 260, 'mlp_dim_01': 216, 'node_hidden_dim': 34, 'edge_hidden_dim': 32, 'depth': 1, 'rep_dropout': 0.06797830916983288, 'train_learning_rate': 0.00672918670410364, 'train_lr_reduce': 0.6}. Best is trial 63 with value: 0.11826672405004501.
[I 2024-12-19 17:49:23,247] Trial 143 finished with value: 0.2586504817008972 and parameters: {'mlp_n_layers': 2, 'mlp_dim_00': 469, 'mlp_dim_01': 338, 'node_hidden_dim': 62, 'edge_hidden_dim': 58, 'depth': 1, 'rep_dropout': 0.00035865436231745026, 'train_learning_rate': 0.0070580364073020525, 'train_lr_reduce': 0.6}. Best is trial 63 with value: 0.11826672405004501.
[I 2024-12-19 17:49:29,362] Trial 141 finished with value: 0.11890029907226562 and parameters: {'mlp_n_layers': 2, 'mlp_dim_00': 465, 'mlp_dim_01': 414, 'node_hidden_dim': 46, 'edge_hidden_dim': 41, 'depth': 1, 'rep_dropout': 0.04009922169868406, 'train_learning_rate': 0.0028045366236321622, 'train_lr_reduce': 0.6}. Best is trial 63 with value: 0.11826672405004501.
[I 2024-12-19 17:49:34,384] Trial 146 finished with value: 1.1424577236175537 and parameters: {'mlp_n_layers': 2, 'mlp_dim_00': 425, 'mlp_dim_01': 413, 'node_hidden_dim': 44, 'edge_hidden_dim': 43, 'depth': 1, 'rep_dropout': 0.023483624360636324, 'train_learning_rate': 0.0015028327019818784, 'train_lr_reduce': 0.6}. Best is trial 63 with value: 0.11826672405004501.
[I 2024-12-19 17:49:39,550] Trial 147 finished with value: 1.1466162204742432 and parameters: {'mlp_n_layers': 1, 'mlp_dim_00': 225, 'node_hidden_dim': 44, 'edge_hidden_dim': 45, 'depth': 2, 'rep_dropout': 0.02431370543999889, 'train_learning_rate': 0.006131904094366742, 'train_lr_reduce': 0.6}. Best is trial 63 with value: 0.11826672405004501.
[I 2024-12-19 17:49:44,502] Trial 145 finished with value: 0.2700948417186737 and parameters: {'mlp_n_layers': 3, 'mlp_dim_00': 227, 'mlp_dim_01': 180, 'mlp_dim_02': 237, 'node_hidden_dim': 123, 'edge_hidden_dim': 71, 'depth': 1, 'rep_dropout': 0.039031506209173596, 'train_learning_rate': 0.002919756957715919, 'train_lr_reduce': 0.6}. Best is trial 63 with value: 0.11826672405004501.
[I 2024-12-19 17:49:44,515] Trial 148 finished with value: 1.1438723802566528 and parameters: {'mlp_n_layers': 2, 'mlp_dim_00': 327, 'mlp_dim_01': 430, 'node_hidden_dim': 45, 'edge_hidden_dim': 64, 'depth': 1, 'rep_dropout': 0.005315740198195581, 'train_learning_rate': 0.0014741360705335827, 'train_lr_reduce': 0.6}. Best is trial 63 with value: 0.11826672405004501.
[I 2024-12-19 17:50:01,486] Trial 144 finished with value: 0.18922287225723267 and parameters: {'mlp_n_layers': 1, 'mlp_dim_00': 418, 'node_hidden_dim': 61, 'edge_hidden_dim': 56, 'depth': 1, 'rep_dropout': 0.017585281292823326, 'train_learning_rate': 0.001546820651809405, 'train_lr_reduce': 0.6}. Best is trial 63 with value: 0.11826672405004501.
[I 2024-12-19 17:50:06,346] Trial 151 finished with value: 1.1433573961257935 and parameters: {'mlp_n_layers': 2, 'mlp_dim_00': 484, 'mlp_dim_01': 437, 'node_hidden_dim': 41, 'edge_hidden_dim': 52, 'depth': 1, 'rep_dropout': 0.02982552773334005, 'train_learning_rate': 0.003474225207662899, 'train_lr_reduce': 0.6}. Best is trial 63 with value: 0.11826672405004501.
[I 2024-12-19 17:50:26,567] Trial 150 finished with value: 0.1281478852033615 and parameters: {'mlp_n_layers': 1, 'mlp_dim_00': 491, 'node_hidden_dim': 49, 'edge_hidden_dim': 58, 'depth': 1, 'rep_dropout': 0.04874949770378863, 'train_learning_rate': 0.0023053562880864437, 'train_lr_reduce': 0.6}. Best is trial 63 with value: 0.11826672405004501.
[I 2024-12-19 17:50:30,195] Trial 149 finished with value: 0.17295081913471222 and parameters: {'mlp_n_layers': 1, 'mlp_dim_00': 354, 'node_hidden_dim': 34, 'edge_hidden_dim': 32, 'depth': 2, 'rep_dropout': 0.04802340476392152, 'train_learning_rate': 0.00968476429787006, 'train_lr_reduce': 0.6}. Best is trial 63 with value: 0.11826672405004501.
[I 2024-12-19 17:50:31,236] Trial 153 finished with value: 1.1440649032592773 and parameters: {'mlp_n_layers': 2, 'mlp_dim_00': 479, 'mlp_dim_01': 392, 'node_hidden_dim': 36, 'edge_hidden_dim': 47, 'depth': 1, 'rep_dropout': 0.061232491428996894, 'train_learning_rate': 0.0016004495336493577, 'train_lr_reduce': 0.6}. Best is trial 63 with value: 0.11826672405004501.
[I 2024-12-19 17:50:35,905] Trial 154 finished with value: 1.1419535875320435 and parameters: {'mlp_n_layers': 1, 'mlp_dim_00': 404, 'node_hidden_dim': 46, 'edge_hidden_dim': 51, 'depth': 1, 'rep_dropout': 0.011724503840320921, 'train_learning_rate': 0.0014627476677262444, 'train_lr_reduce': 0.6}. Best is trial 63 with value: 0.11826672405004501.
[I 2024-12-19 17:50:37,957] Trial 152 finished with value: 0.19956067204475403 and parameters: {'mlp_n_layers': 1, 'mlp_dim_00': 234, 'node_hidden_dim': 73, 'edge_hidden_dim': 60, 'depth': 1, 'rep_dropout': 0.0010070642195443135, 'train_learning_rate': 0.001551871821046561, 'train_lr_reduce': 0.6}. Best is trial 63 with value: 0.11826672405004501.
[I 2024-12-19 17:50:44,338] Trial 157 finished with value: 1.142852783203125 and parameters: {'mlp_n_layers': 1, 'mlp_dim_00': 189, 'node_hidden_dim': 49, 'edge_hidden_dim': 126, 'depth': 4, 'rep_dropout': 0.006285209312736406, 'train_learning_rate': 0.00017028430615434665, 'train_lr_reduce': 0.6}. Best is trial 63 with value: 0.11826672405004501.
[I 2024-12-19 17:51:08,372] Trial 155 finished with value: 0.18364763259887695 and parameters: {'mlp_n_layers': 1, 'mlp_dim_00': 481, 'node_hidden_dim': 53, 'edge_hidden_dim': 56, 'depth': 1, 'rep_dropout': 0.052352338020486666, 'train_learning_rate': 0.002074433570897239, 'train_lr_reduce': 0.6}. Best is trial 63 with value: 0.11826672405004501.
[I 2024-12-19 17:51:14,203] Trial 159 finished with value: 1.1425360441207886 and parameters: {'mlp_n_layers': 2, 'mlp_dim_00': 152, 'mlp_dim_01': 430, 'node_hidden_dim': 85, 'edge_hidden_dim': 84, 'depth': 4, 'rep_dropout': 0.11366894071587974, 'train_learning_rate': 0.000586254861372696, 'train_lr_reduce': 0.6}. Best is trial 63 with value: 0.11826672405004501.
[I 2024-12-19 17:51:14,868] Trial 156 finished with value: 0.1689702421426773 and parameters: {'mlp_n_layers': 1, 'mlp_dim_00': 318, 'node_hidden_dim': 56, 'edge_hidden_dim': 49, 'depth': 1, 'rep_dropout': 0.005352897506229332, 'train_learning_rate': 0.002174354166980755, 'train_lr_reduce': 0.6}. Best is trial 63 with value: 0.11826672405004501.
[I 2024-12-19 17:51:22,135] Trial 161 finished with value: 1.1486551761627197 and parameters: {'mlp_n_layers': 1, 'mlp_dim_00': 477, 'node_hidden_dim': 76, 'edge_hidden_dim': 89, 'depth': 2, 'rep_dropout': 0.14292249682168254, 'train_learning_rate': 0.0007748323425289111, 'train_lr_reduce': 0.6}. Best is trial 63 with value: 0.11826672405004501.
[I 2024-12-19 17:51:28,467] Trial 158 finished with value: 0.11393879354000092 and parameters: {'mlp_n_layers': 1, 'mlp_dim_00': 502, 'node_hidden_dim': 33, 'edge_hidden_dim': 54, 'depth': 1, 'rep_dropout': 0.037703698111132514, 'train_learning_rate': 0.0036632262417323367, 'train_lr_reduce': 0.6}. Best is trial 158 with value: 0.11393879354000092.
[I 2024-12-19 17:51:29,078] Trial 162 finished with value: 1.1493809223175049 and parameters: {'mlp_n_layers': 1, 'mlp_dim_00': 329, 'node_hidden_dim': 112, 'edge_hidden_dim': 128, 'depth': 4, 'rep_dropout': 0.01777718434529938, 'train_learning_rate': 0.000594802934318981, 'train_lr_reduce': 0.6}. Best is trial 158 with value: 0.11393879354000092.
[I 2024-12-19 17:52:03,806] Trial 160 finished with value: 0.16676901280879974 and parameters: {'mlp_n_layers': 2, 'mlp_dim_00': 506, 'mlp_dim_01': 359, 'node_hidden_dim': 115, 'edge_hidden_dim': 124, 'depth': 1, 'rep_dropout': 0.00313467326235925, 'train_learning_rate': 0.005016374486127104, 'train_lr_reduce': 0.6}. Best is trial 158 with value: 0.11393879354000092.
[I 2024-12-19 17:52:19,024] Trial 163 finished with value: 0.132347971200943 and parameters: {'mlp_n_layers': 4, 'mlp_dim_00': 279, 'mlp_dim_01': 442, 'mlp_dim_02': 509, 'mlp_dim_03': 432, 'node_hidden_dim': 32, 'edge_hidden_dim': 71, 'depth': 1, 'rep_dropout': 0.013223705516751474, 'train_learning_rate': 0.005241010882240604, 'train_lr_reduce': 0.6}. Best is trial 158 with value: 0.11393879354000092.
[I 2024-12-19 17:52:19,692] Trial 164 finished with value: 0.1396031379699707 and parameters: {'mlp_n_layers': 1, 'mlp_dim_00': 505, 'node_hidden_dim': 38, 'edge_hidden_dim': 54, 'depth': 1, 'rep_dropout': 0.021271134339567548, 'train_learning_rate': 0.002944775566285919, 'train_lr_reduce': 0.6}. Best is trial 158 with value: 0.11393879354000092.
[I 2024-12-19 17:52:26,084] Trial 167 finished with value: 1.142615795135498 and parameters: {'mlp_n_layers': 4, 'mlp_dim_00': 249, 'mlp_dim_01': 443, 'mlp_dim_02': 486, 'mlp_dim_03': 439, 'node_hidden_dim': 42, 'edge_hidden_dim': 81, 'depth': 2, 'rep_dropout': 0.06207321342366397, 'train_learning_rate': 0.0022146180230129438, 'train_lr_reduce': 0.6}. Best is trial 158 with value: 0.11393879354000092.
[I 2024-12-19 17:52:42,470] Trial 168 finished with value: 0.2311052829027176 and parameters: {'mlp_n_layers': 2, 'mlp_dim_00': 428, 'mlp_dim_01': 444, 'node_hidden_dim': 67, 'edge_hidden_dim': 43, 'depth': 1, 'rep_dropout': 0.03923797018001629, 'train_learning_rate': 0.009413313353232405, 'train_lr_reduce': 0.6}. Best is trial 158 with value: 0.11393879354000092.
[I 2024-12-19 17:52:46,392] Trial 165 finished with value: 0.13419295847415924 and parameters: {'mlp_n_layers': 1, 'mlp_dim_00': 490, 'node_hidden_dim': 51, 'edge_hidden_dim': 51, 'depth': 1, 'rep_dropout': 0.041771647452609736, 'train_learning_rate': 0.004326956066882688, 'train_lr_reduce': 0.6}. Best is trial 158 with value: 0.11393879354000092.
[I 2024-12-19 17:52:48,114] Trial 169 finished with value: 1.1444169282913208 and parameters: {'mlp_n_layers': 1, 'mlp_dim_00': 484, 'node_hidden_dim': 35, 'edge_hidden_dim': 55, 'depth': 2, 'rep_dropout': 0.038379297327775404, 'train_learning_rate': 0.0009274702531374097, 'train_lr_reduce': 0.6}. Best is trial 158 with value: 0.11393879354000092.
[I 2024-12-19 17:52:51,974] Trial 170 finished with value: 1.1427394151687622 and parameters: {'mlp_n_layers': 4, 'mlp_dim_00': 344, 'mlp_dim_01': 437, 'mlp_dim_02': 505, 'mlp_dim_03': 438, 'node_hidden_dim': 47, 'edge_hidden_dim': 92, 'depth': 1, 'rep_dropout': 0.04816369117900486, 'train_learning_rate': 0.0033191609688467552, 'train_lr_reduce': 0.6}. Best is trial 158 with value: 0.11393879354000092.
[I 2024-12-19 17:52:54,015] Trial 171 finished with value: 1.1564208269119263 and parameters: {'mlp_n_layers': 4, 'mlp_dim_00': 286, 'mlp_dim_01': 447, 'mlp_dim_02': 510, 'mlp_dim_03': 422, 'node_hidden_dim': 65, 'edge_hidden_dim': 58, 'depth': 2, 'rep_dropout': 0.009344377214880201, 'train_learning_rate': 0.00373677976537052, 'train_lr_reduce': 0.6}. Best is trial 158 with value: 0.11393879354000092.
[I 2024-12-19 17:52:58,774] Trial 166 finished with value: 0.2044973075389862 and parameters: {'mlp_n_layers': 1, 'mlp_dim_00': 402, 'node_hidden_dim': 35, 'edge_hidden_dim': 70, 'depth': 1, 'rep_dropout': 0.04172250260732416, 'train_learning_rate': 0.006000596616714166, 'train_lr_reduce': 0.6}. Best is trial 158 with value: 0.11393879354000092.
[I 2024-12-19 17:53:19,943] Trial 173 finished with value: 0.246507927775383 and parameters: {'mlp_n_layers': 1, 'mlp_dim_00': 502, 'node_hidden_dim': 37, 'edge_hidden_dim': 54, 'depth': 1, 'rep_dropout': 0.0654223887937409, 'train_learning_rate': 0.006673521010279675, 'train_lr_reduce': 0.6}. Best is trial 158 with value: 0.11393879354000092.
[I 2024-12-19 17:53:33,248] Trial 174 finished with value: 0.1575610488653183 and parameters: {'mlp_n_layers': 1, 'mlp_dim_00': 502, 'node_hidden_dim': 53, 'edge_hidden_dim': 50, 'depth': 1, 'rep_dropout': 0.04123981352356734, 'train_learning_rate': 0.002203304815972666, 'train_lr_reduce': 0.6}. Best is trial 158 with value: 0.11393879354000092.
[I 2024-12-19 17:53:37,588] Trial 172 finished with value: 0.13972537219524384 and parameters: {'mlp_n_layers': 3, 'mlp_dim_00': 220, 'mlp_dim_01': 385, 'mlp_dim_02': 425, 'node_hidden_dim': 40, 'edge_hidden_dim': 62, 'depth': 1, 'rep_dropout': 0.0230418396246186, 'train_learning_rate': 0.0024832534877938773, 'train_lr_reduce': 0.6}. Best is trial 158 with value: 0.11393879354000092.
[I 2024-12-19 17:54:05,719] Trial 175 finished with value: 0.136662557721138 and parameters: {'mlp_n_layers': 1, 'mlp_dim_00': 468, 'node_hidden_dim': 44, 'edge_hidden_dim': 71, 'depth': 1, 'rep_dropout': 0.011908945134667897, 'train_learning_rate': 0.0024288560217476016, 'train_lr_reduce': 0.6}. Best is trial 158 with value: 0.11393879354000092.
[I 2024-12-19 17:54:12,983] Trial 178 finished with value: 1.1424832344055176 and parameters: {'mlp_n_layers': 3, 'mlp_dim_00': 502, 'mlp_dim_01': 381, 'mlp_dim_02': 418, 'node_hidden_dim': 62, 'edge_hidden_dim': 96, 'depth': 4, 'rep_dropout': 0.13505557640958757, 'train_learning_rate': 0.0005294794364841928, 'train_lr_reduce': 0.6}. Best is trial 158 with value: 0.11393879354000092.
