[I 2024-12-15 22:46:14,048] Trial 583 finished with value: 0.1083093211054802 and parameters: {'mlp_n_layers': 2, 'mlp_dim_00': 64, 'mlp_dim_01': 64, 'hidden_channels': 48, 'num_layers': 4, 'num_timesteps': 3, 'dropout': 0.29886985465077814, 'train_learning_rate': 0.006918948796470671, 'train_lr_reduce': 0.6}. Best is trial 130 with value: 0.0812772810459137.
[I 2024-12-15 22:46:22,196] Trial 584 finished with value: 0.10895698517560959 and parameters: {'mlp_n_layers': 4, 'mlp_dim_00': 240, 'mlp_dim_01': 208, 'mlp_dim_02': 128, 'mlp_dim_03': 112, 'hidden_channels': 48, 'num_layers': 1, 'num_timesteps': 1, 'dropout': 0.25866301046234524, 'train_learning_rate': 0.000417289948815567, 'train_lr_reduce': 0.6}. Best is trial 130 with value: 0.0812772810459137.
[I 2024-12-15 22:46:28,870] Trial 585 finished with value: 0.11024000495672226 and parameters: {'mlp_n_layers': 3, 'mlp_dim_00': 176, 'mlp_dim_01': 224, 'mlp_dim_02': 208, 'hidden_channels': 80, 'num_layers': 2, 'num_timesteps': 2, 'dropout': 0.20517566981245666, 'train_learning_rate': 0.009605270080960553, 'train_lr_reduce': 0.6}. Best is trial 130 with value: 0.0812772810459137.
[I 2024-12-15 22:46:32,335] Trial 587 finished with value: 0.10396428406238556 and parameters: {'mlp_n_layers': 3, 'mlp_dim_00': 192, 'mlp_dim_01': 240, 'mlp_dim_02': 160, 'hidden_channels': 32, 'num_layers': 1, 'num_timesteps': 2, 'dropout': 0.25830943733198225, 'train_learning_rate': 0.005213748436880499, 'train_lr_reduce': 0.6}. Best is trial 130 with value: 0.0812772810459137.
[I 2024-12-15 22:46:35,087] Trial 586 finished with value: 0.1157272532582283 and parameters: {'mlp_n_layers': 2, 'mlp_dim_00': 176, 'mlp_dim_01': 208, 'hidden_channels': 128, 'num_layers': 2, 'num_timesteps': 1, 'dropout': 0.21725016097574323, 'train_learning_rate': 0.0002310783898352066, 'train_lr_reduce': 0.6}. Best is trial 130 with value: 0.0812772810459137.
[I 2024-12-15 22:46:40,254] Trial 588 finished with value: 0.09801452606916428 and parameters: {'mlp_n_layers': 3, 'mlp_dim_00': 256, 'mlp_dim_01': 192, 'mlp_dim_02': 96, 'hidden_channels': 96, 'num_layers': 1, 'num_timesteps': 3, 'dropout': 0.28524879677877923, 'train_learning_rate': 0.008312172765141592, 'train_lr_reduce': 0.6}. Best is trial 130 with value: 0.0812772810459137.
[I 2024-12-15 22:46:44,865] Trial 589 finished with value: 0.09607632458209991 and parameters: {'mlp_n_layers': 2, 'mlp_dim_00': 144, 'mlp_dim_01': 208, 'hidden_channels': 64, 'num_layers': 2, 'num_timesteps': 4, 'dropout': 0.21659125732120776, 'train_learning_rate': 0.005786472590647529, 'train_lr_reduce': 0.6}. Best is trial 130 with value: 0.0812772810459137.
[I 2024-12-15 22:46:58,064] Trial 590 finished with value: 0.12852461636066437 and parameters: {'mlp_n_layers': 2, 'mlp_dim_00': 208, 'mlp_dim_01': 224, 'hidden_channels': 256, 'num_layers': 3, 'num_timesteps': 1, 'dropout': 0.27194078856020154, 'train_learning_rate': 0.004099194580203684, 'train_lr_reduce': 0.6}. Best is trial 130 with value: 0.0812772810459137.
[I 2024-12-15 22:47:01,866] Trial 592 finished with value: 0.12268483638763428 and parameters: {'mlp_n_layers': 2, 'mlp_dim_00': 48, 'mlp_dim_01': 240, 'hidden_channels': 32, 'num_layers': 3, 'num_timesteps': 3, 'dropout': 0.13062847743967973, 'train_learning_rate': 0.0038368162762970606, 'train_lr_reduce': 0.6}. Best is trial 130 with value: 0.0812772810459137.
[I 2024-12-15 22:47:10,425] Trial 591 finished with value: 0.14637993276119232 and parameters: {'mlp_n_layers': 2, 'mlp_dim_00': 224, 'mlp_dim_01': 80, 'hidden_channels': 240, 'num_layers': 1, 'num_timesteps': 2, 'dropout': 0.17452174187013825, 'train_learning_rate': 0.00011204786728318013, 'train_lr_reduce': 0.6}. Best is trial 130 with value: 0.0812772810459137.
[I 2024-12-15 22:47:14,151] Trial 593 finished with value: 0.1212114468216896 and parameters: {'mlp_n_layers': 4, 'mlp_dim_00': 240, 'mlp_dim_01': 192, 'mlp_dim_02': 128, 'mlp_dim_03': 96, 'hidden_channels': 96, 'num_layers': 1, 'num_timesteps': 3, 'dropout': 0.23446716628849942, 'train_learning_rate': 0.0015843896141278298, 'train_lr_reduce': 0.6}. Best is trial 130 with value: 0.0812772810459137.
[I 2024-12-15 22:47:28,227] Trial 596 finished with value: 0.153603196144104 and parameters: {'mlp_n_layers': 3, 'mlp_dim_00': 256, 'mlp_dim_01': 32, 'mlp_dim_02': 144, 'hidden_channels': 128, 'num_layers': 3, 'num_timesteps': 2, 'dropout': 0.2790467943726657, 'train_learning_rate': 0.008907252515575939, 'train_lr_reduce': 0.6}. Best is trial 130 with value: 0.0812772810459137.
[I 2024-12-15 22:47:28,385] Trial 594 finished with value: 0.15895302593708038 and parameters: {'mlp_n_layers': 2, 'mlp_dim_00': 256, 'mlp_dim_01': 144, 'hidden_channels': 224, 'num_layers': 4, 'num_timesteps': 1, 'dropout': 0.28608715108285643, 'train_learning_rate': 0.003533861931688799, 'train_lr_reduce': 0.6}. Best is trial 130 with value: 0.0812772810459137.
[I 2024-12-15 22:47:43,274] Trial 595 finished with value: 0.18379558622837067 and parameters: {'mlp_n_layers': 4, 'mlp_dim_00': 48, 'mlp_dim_01': 208, 'mlp_dim_02': 176, 'mlp_dim_03': 128, 'hidden_channels': 80, 'num_layers': 2, 'num_timesteps': 3, 'dropout': 0.07001912467912516, 'train_learning_rate': 0.00012695864946496077, 'train_lr_reduce': 0.6}. Best is trial 130 with value: 0.0812772810459137.
[I 2024-12-15 22:47:48,745] Trial 598 finished with value: 0.1454855054616928 and parameters: {'mlp_n_layers': 4, 'mlp_dim_00': 240, 'mlp_dim_01': 256, 'mlp_dim_02': 32, 'mlp_dim_03': 144, 'hidden_channels': 32, 'num_layers': 1, 'num_timesteps': 2, 'dropout': 0.2508562331593342, 'train_learning_rate': 0.001103593265862444, 'train_lr_reduce': 0.6}. Best is trial 130 with value: 0.0812772810459137.
[I 2024-12-15 22:48:04,861] Trial 597 finished with value: 0.17259538173675537 and parameters: {'mlp_n_layers': 4, 'mlp_dim_00': 192, 'mlp_dim_01': 144, 'mlp_dim_02': 112, 'mlp_dim_03': 64, 'hidden_channels': 224, 'num_layers': 3, 'num_timesteps': 3, 'dropout': 0.001395864803944491, 'train_learning_rate': 0.00011971084855057465, 'train_lr_reduce': 0.6}. Best is trial 130 with value: 0.0812772810459137.
[I 2024-12-15 22:48:08,988] Trial 599 finished with value: 0.1292213350534439 and parameters: {'mlp_n_layers': 2, 'mlp_dim_00': 112, 'mlp_dim_01': 256, 'hidden_channels': 48, 'num_layers': 4, 'num_timesteps': 3, 'dropout': 0.10033872458955306, 'train_learning_rate': 0.0015744014525482116, 'train_lr_reduce': 0.6}. Best is trial 130 with value: 0.0812772810459137.
[I 2024-12-15 22:48:09,046] Trial 600 finished with value: 0.13747945427894592 and parameters: {'mlp_n_layers': 2, 'mlp_dim_00': 240, 'mlp_dim_01': 160, 'hidden_channels': 192, 'num_layers': 3, 'num_timesteps': 1, 'dropout': 0.20935965564837813, 'train_learning_rate': 0.0036592657949130396, 'train_lr_reduce': 0.6}. Best is trial 130 with value: 0.0812772810459137.
[I 2024-12-15 22:48:16,863] Trial 601 finished with value: 0.12011551856994629 and parameters: {'mlp_n_layers': 3, 'mlp_dim_00': 176, 'mlp_dim_01': 192, 'mlp_dim_02': 208, 'hidden_channels': 80, 'num_layers': 1, 'num_timesteps': 2, 'dropout': 0.2788996340014832, 'train_learning_rate': 0.009917774735109481, 'train_lr_reduce': 0.6}. Best is trial 130 with value: 0.0812772810459137.
[I 2024-12-15 22:48:19,635] Trial 603 finished with value: 0.1302739828824997 and parameters: {'mlp_n_layers': 2, 'mlp_dim_00': 96, 'mlp_dim_01': 256, 'hidden_channels': 96, 'num_layers': 2, 'num_timesteps': 4, 'dropout': 0.1118169268357185, 'train_learning_rate': 0.005127865030136053, 'train_lr_reduce': 0.6}. Best is trial 130 with value: 0.0812772810459137.
[I 2024-12-15 22:48:28,886] Trial 602 finished with value: 0.12378667294979095 and parameters: {'mlp_n_layers': 3, 'mlp_dim_00': 160, 'mlp_dim_01': 160, 'mlp_dim_02': 144, 'hidden_channels': 32, 'num_layers': 3, 'num_timesteps': 2, 'dropout': 0.14822823610479893, 'train_learning_rate': 0.0012063921224326108, 'train_lr_reduce': 0.6}. Best is trial 130 with value: 0.0812772810459137.
[I 2024-12-15 22:48:31,810] Trial 604 finished with value: 0.1144549623131752 and parameters: {'mlp_n_layers': 4, 'mlp_dim_00': 160, 'mlp_dim_01': 256, 'mlp_dim_02': 96, 'mlp_dim_03': 32, 'hidden_channels': 256, 'num_layers': 1, 'num_timesteps': 4, 'dropout': 0.2153546109999342, 'train_learning_rate': 0.003730966426480943, 'train_lr_reduce': 0.6}. Best is trial 130 with value: 0.0812772810459137.
[I 2024-12-15 22:48:32,177] Trial 605 finished with value: 0.12043485045433044 and parameters: {'mlp_n_layers': 4, 'mlp_dim_00': 256, 'mlp_dim_01': 192, 'mlp_dim_02': 176, 'mlp_dim_03': 96, 'hidden_channels': 32, 'num_layers': 1, 'num_timesteps': 2, 'dropout': 0.27924818285447145, 'train_learning_rate': 0.0016693468149539571, 'train_lr_reduce': 0.6}. Best is trial 130 with value: 0.0812772810459137.
[I 2024-12-15 22:48:39,973] Trial 607 finished with value: 0.31191378831863403 and parameters: {'mlp_n_layers': 3, 'mlp_dim_00': 224, 'mlp_dim_01': 224, 'mlp_dim_02': 128, 'hidden_channels': 208, 'num_layers': 3, 'num_timesteps': 1, 'dropout': 0.22680879285108152, 'train_learning_rate': 0.005357831697287062, 'train_lr_reduce': 0.6}. Best is trial 130 with value: 0.0812772810459137.
[I 2024-12-15 22:48:43,752] Trial 606 finished with value: 0.1147361770272255 and parameters: {'mlp_n_layers': 2, 'mlp_dim_00': 160, 'mlp_dim_01': 144, 'hidden_channels': 48, 'num_layers': 2, 'num_timesteps': 3, 'dropout': 0.2575508213157326, 'train_learning_rate': 0.0017308825644065527, 'train_lr_reduce': 0.6}. Best is trial 130 with value: 0.0812772810459137.
[I 2024-12-15 22:48:52,656] Trial 608 finished with value: 0.1653176248073578 and parameters: {'mlp_n_layers': 3, 'mlp_dim_00': 48, 'mlp_dim_01': 208, 'mlp_dim_02': 224, 'hidden_channels': 208, 'num_layers': 3, 'num_timesteps': 4, 'dropout': 0.24928595557521507, 'train_learning_rate': 0.000715623379155573, 'train_lr_reduce': 0.6}. Best is trial 130 with value: 0.0812772810459137.
[I 2024-12-15 22:48:55,770] Trial 609 finished with value: 0.10315409302711487 and parameters: {'mlp_n_layers': 3, 'mlp_dim_00': 192, 'mlp_dim_01': 96, 'mlp_dim_02': 144, 'hidden_channels': 32, 'num_layers': 3, 'num_timesteps': 2, 'dropout': 0.2921533898960505, 'train_learning_rate': 0.006161410679911435, 'train_lr_reduce': 0.6}. Best is trial 130 with value: 0.0812772810459137.
[I 2024-12-15 22:48:59,596] Trial 610 finished with value: 0.1318463683128357 and parameters: {'mlp_n_layers': 2, 'mlp_dim_00': 240, 'mlp_dim_01': 208, 'hidden_channels': 208, 'num_layers': 3, 'num_timesteps': 1, 'dropout': 0.29765443112486256, 'train_learning_rate': 0.002514847087196811, 'train_lr_reduce': 0.6}. Best is trial 130 with value: 0.0812772810459137.
[I 2024-12-15 22:49:09,801] Trial 613 finished with value: 0.1460452824831009 and parameters: {'mlp_n_layers': 4, 'mlp_dim_00': 256, 'mlp_dim_01': 144, 'mlp_dim_02': 192, 'mlp_dim_03': 160, 'hidden_channels': 48, 'num_layers': 1, 'num_timesteps': 1, 'dropout': 0.2018621329408778, 'train_learning_rate': 0.008607027343728334, 'train_lr_reduce': 0.6}. Best is trial 130 with value: 0.0812772810459137.
[I 2024-12-15 22:49:12,527] Trial 611 finished with value: 0.13010838627815247 and parameters: {'mlp_n_layers': 2, 'mlp_dim_00': 240, 'mlp_dim_01': 128, 'hidden_channels': 224, 'num_layers': 2, 'num_timesteps': 2, 'dropout': 0.27530377009766754, 'train_learning_rate': 0.007756066039035807, 'train_lr_reduce': 0.6}. Best is trial 130 with value: 0.0812772810459137.
[I 2024-12-15 22:49:15,454] Trial 612 finished with value: 0.131186380982399 and parameters: {'mlp_n_layers': 3, 'mlp_dim_00': 32, 'mlp_dim_01': 96, 'mlp_dim_02': 96, 'hidden_channels': 64, 'num_layers': 3, 'num_timesteps': 4, 'dropout': 0.17146467147632433, 'train_learning_rate': 0.003379692412164612, 'train_lr_reduce': 0.6}. Best is trial 130 with value: 0.0812772810459137.
[I 2024-12-15 22:49:25,809] Trial 614 finished with value: 0.18314862251281738 and parameters: {'mlp_n_layers': 2, 'mlp_dim_00': 224, 'mlp_dim_01': 192, 'hidden_channels': 256, 'num_layers': 3, 'num_timesteps': 1, 'dropout': 0.23799786983169716, 'train_learning_rate': 0.009533037131629498, 'train_lr_reduce': 0.6}. Best is trial 130 with value: 0.0812772810459137.
[I 2024-12-15 22:49:27,874] Trial 616 finished with value: 0.11429047584533691 and parameters: {'mlp_n_layers': 2, 'mlp_dim_00': 80, 'mlp_dim_01': 112, 'hidden_channels': 32, 'num_layers': 3, 'num_timesteps': 3, 'dropout': 0.22953245839030773, 'train_learning_rate': 0.00489775505256844, 'train_lr_reduce': 0.6}. Best is trial 130 with value: 0.0812772810459137.
[I 2024-12-15 22:49:29,362] Trial 615 finished with value: 0.11708556115627289 and parameters: {'mlp_n_layers': 2, 'mlp_dim_00': 144, 'mlp_dim_01': 160, 'hidden_channels': 96, 'num_layers': 3, 'num_timesteps': 2, 'dropout': 0.24512045883770153, 'train_learning_rate': 0.0012297151716691482, 'train_lr_reduce': 0.6}. Best is trial 130 with value: 0.0812772810459137.
[I 2024-12-15 22:49:33,683] Trial 617 finished with value: 0.12446365505456924 and parameters: {'mlp_n_layers': 4, 'mlp_dim_00': 256, 'mlp_dim_01': 256, 'mlp_dim_02': 128, 'mlp_dim_03': 128, 'hidden_channels': 48, 'num_layers': 1, 'num_timesteps': 2, 'dropout': 0.19119794410616764, 'train_learning_rate': 0.00358440131757852, 'train_lr_reduce': 0.6}. Best is trial 130 with value: 0.0812772810459137.
[I 2024-12-15 22:49:40,108] Trial 619 finished with value: 0.0942198857665062 and parameters: {'mlp_n_layers': 2, 'mlp_dim_00': 208, 'mlp_dim_01': 128, 'hidden_channels': 32, 'num_layers': 2, 'num_timesteps': 3, 'dropout': 0.29578816377585554, 'train_learning_rate': 0.007771663187864314, 'train_lr_reduce': 0.6}. Best is trial 130 with value: 0.0812772810459137.
[I 2024-12-15 22:49:43,336] Trial 618 finished with value: 0.12548132240772247 and parameters: {'mlp_n_layers': 2, 'mlp_dim_00': 80, 'mlp_dim_01': 80, 'hidden_channels': 32, 'num_layers': 3, 'num_timesteps': 4, 'dropout': 0.2396061931210013, 'train_learning_rate': 0.006614393335865222, 'train_lr_reduce': 0.6}. Best is trial 130 with value: 0.0812772810459137.
[I 2024-12-15 22:49:48,350] Trial 620 finished with value: 0.11866480112075806 and parameters: {'mlp_n_layers': 2, 'mlp_dim_00': 192, 'mlp_dim_01': 112, 'hidden_channels': 64, 'num_layers': 3, 'num_timesteps': 3, 'dropout': 0.19309836868416153, 'train_learning_rate': 0.0019240709451109237, 'train_lr_reduce': 0.6}. Best is trial 130 with value: 0.0812772810459137.
[I 2024-12-15 22:49:58,093] Trial 621 finished with value: 0.12573875486850739 and parameters: {'mlp_n_layers': 2, 'mlp_dim_00': 32, 'mlp_dim_01': 192, 'hidden_channels': 64, 'num_layers': 3, 'num_timesteps': 4, 'dropout': 0.05178897398882719, 'train_learning_rate': 0.009894020914757091, 'train_lr_reduce': 0.6}. Best is trial 130 with value: 0.0812772810459137.
[I 2024-12-15 22:50:03,752] Trial 622 finished with value: 0.09169819205999374 and parameters: {'mlp_n_layers': 2, 'mlp_dim_00': 256, 'mlp_dim_01': 128, 'hidden_channels': 192, 'num_layers': 3, 'num_timesteps': 1, 'dropout': 0.2667084160818024, 'train_learning_rate': 0.008563306511024769, 'train_lr_reduce': 0.6}. Best is trial 130 with value: 0.0812772810459137.
[I 2024-12-15 22:50:13,045] Trial 623 finished with value: 0.14782294631004333 and parameters: {'mlp_n_layers': 2, 'mlp_dim_00': 256, 'mlp_dim_01': 144, 'hidden_channels': 240, 'num_layers': 3, 'num_timesteps': 1, 'dropout': 0.2907924533519146, 'train_learning_rate': 0.0059030802204539795, 'train_lr_reduce': 0.6}. Best is trial 130 with value: 0.0812772810459137.
[I 2024-12-15 22:50:20,963] Trial 624 finished with value: 0.12821996212005615 and parameters: {'mlp_n_layers': 2, 'mlp_dim_00': 144, 'mlp_dim_01': 256, 'hidden_channels': 32, 'num_layers': 2, 'num_timesteps': 3, 'dropout': 0.1787229159926559, 'train_learning_rate': 0.0007881399678113616, 'train_lr_reduce': 0.6}. Best is trial 130 with value: 0.0812772810459137.
[I 2024-12-15 22:50:30,498] Trial 625 finished with value: 0.10959287732839584 and parameters: {'mlp_n_layers': 2, 'mlp_dim_00': 144, 'mlp_dim_01': 80, 'hidden_channels': 32, 'num_layers': 3, 'num_timesteps': 3, 'dropout': 0.22367321276138682, 'train_learning_rate': 0.0009958222275090914, 'train_lr_reduce': 0.6}. Best is trial 130 with value: 0.0812772810459137.
[I 2024-12-15 22:50:30,782] Trial 626 finished with value: 0.12613536417484283 and parameters: {'mlp_n_layers': 2, 'mlp_dim_00': 224, 'mlp_dim_01': 64, 'hidden_channels': 240, 'num_layers': 3, 'num_timesteps': 2, 'dropout': 0.2768790070144937, 'train_learning_rate': 0.0024894505045934393, 'train_lr_reduce': 0.6}. Best is trial 130 with value: 0.0812772810459137.
[I 2024-12-15 22:50:44,113] Trial 628 finished with value: 0.16082869470119476 and parameters: {'mlp_n_layers': 2, 'mlp_dim_00': 224, 'mlp_dim_01': 160, 'hidden_channels': 160, 'num_layers': 3, 'num_timesteps': 1, 'dropout': 0.2811872320186142, 'train_learning_rate': 0.009022104669261741, 'train_lr_reduce': 0.6}. Best is trial 130 with value: 0.0812772810459137.
[I 2024-12-15 22:50:49,096] Trial 627 finished with value: 0.14724455773830414 and parameters: {'mlp_n_layers': 2, 'mlp_dim_00': 224, 'mlp_dim_01': 80, 'hidden_channels': 176, 'num_layers': 2, 'num_timesteps': 1, 'dropout': 0.030622062985113024, 'train_learning_rate': 0.00015052893320933913, 'train_lr_reduce': 0.6}. Best is trial 130 with value: 0.0812772810459137.
[I 2024-12-15 22:50:57,862] Trial 629 finished with value: 0.09965548664331436 and parameters: {'mlp_n_layers': 3, 'mlp_dim_00': 256, 'mlp_dim_01': 208, 'mlp_dim_02': 160, 'hidden_channels': 240, 'num_layers': 3, 'num_timesteps': 2, 'dropout': 0.28636873929301354, 'train_learning_rate': 0.006182666562046192, 'train_lr_reduce': 0.6}. Best is trial 130 with value: 0.0812772810459137.
[I 2024-12-15 22:51:02,134] Trial 630 finished with value: 0.1197420209646225 and parameters: {'mlp_n_layers': 4, 'mlp_dim_00': 176, 'mlp_dim_01': 192, 'mlp_dim_02': 64, 'mlp_dim_03': 176, 'hidden_channels': 64, 'num_layers': 1, 'num_timesteps': 1, 'dropout': 0.2582641470539479, 'train_learning_rate': 0.0017567432457551468, 'train_lr_reduce': 0.6}. Best is trial 130 with value: 0.0812772810459137.
[I 2024-12-15 22:51:05,877] Trial 631 finished with value: 0.13481831550598145 and parameters: {'mlp_n_layers': 2, 'mlp_dim_00': 240, 'mlp_dim_01': 128, 'hidden_channels': 160, 'num_layers': 3, 'num_timesteps': 1, 'dropout': 0.24285971973589107, 'train_learning_rate': 0.005901183371865884, 'train_lr_reduce': 0.6}. Best is trial 130 with value: 0.0812772810459137.
[I 2024-12-15 22:51:12,470] Trial 633 finished with value: 0.11460642516613007 and parameters: {'mlp_n_layers': 2, 'mlp_dim_00': 208, 'mlp_dim_01': 224, 'hidden_channels': 112, 'num_layers': 1, 'num_timesteps': 1, 'dropout': 0.23445879352368204, 'train_learning_rate': 0.007514286398995767, 'train_lr_reduce': 0.6}. Best is trial 130 with value: 0.0812772810459137.
[I 2024-12-15 22:51:15,348] Trial 632 finished with value: 0.10115554928779602 and parameters: {'mlp_n_layers': 2, 'mlp_dim_00': 256, 'mlp_dim_01': 192, 'hidden_channels': 208, 'num_layers': 3, 'num_timesteps': 2, 'dropout': 0.2859036758162319, 'train_learning_rate': 0.006600155402279392, 'train_lr_reduce': 0.6}. Best is trial 130 with value: 0.0812772810459137.
[I 2024-12-15 22:51:19,118] Trial 634 finished with value: 0.127224862575531 and parameters: {'mlp_n_layers': 2, 'mlp_dim_00': 64, 'mlp_dim_01': 112, 'hidden_channels': 256, 'num_layers': 1, 'num_timesteps': 2, 'dropout': 0.1079909518859084, 'train_learning_rate': 0.003474450158939744, 'train_lr_reduce': 0.6}. Best is trial 130 with value: 0.0812772810459137.
[I 2024-12-15 22:51:25,011] Trial 635 finished with value: 0.1506839543581009 and parameters: {'mlp_n_layers': 2, 'mlp_dim_00': 256, 'mlp_dim_01': 64, 'hidden_channels': 192, 'num_layers': 2, 'num_timesteps': 1, 'dropout': 0.2636886223765789, 'train_learning_rate': 0.00975620502565292, 'train_lr_reduce': 0.6}. Best is trial 130 with value: 0.0812772810459137.
[I 2024-12-15 22:51:28,881] Trial 636 finished with value: 0.12470518052577972 and parameters: {'mlp_n_layers': 3, 'mlp_dim_00': 176, 'mlp_dim_01': 112, 'mlp_dim_02': 112, 'hidden_channels': 64, 'num_layers': 3, 'num_timesteps': 3, 'dropout': 0.19365958439058822, 'train_learning_rate': 0.002431480983211892, 'train_lr_reduce': 0.6}. Best is trial 130 with value: 0.0812772810459137.
[I 2024-12-15 22:51:36,782] Trial 638 finished with value: 0.10484308004379272 and parameters: {'mlp_n_layers': 2, 'mlp_dim_00': 64, 'mlp_dim_01': 256, 'hidden_channels': 64, 'num_layers': 2, 'num_timesteps': 4, 'dropout': 0.17777094901509308, 'train_learning_rate': 0.0056275134928235855, 'train_lr_reduce': 0.6}. Best is trial 130 with value: 0.0812772810459137.
[I 2024-12-15 22:51:46,140] Trial 637 finished with value: 0.2740594446659088 and parameters: {'mlp_n_layers': 2, 'mlp_dim_00': 192, 'mlp_dim_01': 64, 'hidden_channels': 32, 'num_layers': 1, 'num_timesteps': 2, 'dropout': 0.26500957201482983, 'train_learning_rate': 0.00011585989798324598, 'train_lr_reduce': 0.6}. Best is trial 130 with value: 0.0812772810459137.
[I 2024-12-15 22:51:48,600] Trial 639 finished with value: 0.1116066500544548 and parameters: {'mlp_n_layers': 2, 'mlp_dim_00': 256, 'mlp_dim_01': 128, 'hidden_channels': 208, 'num_layers': 4, 'num_timesteps': 1, 'dropout': 0.18093130346159408, 'train_learning_rate': 0.0065881078333696165, 'train_lr_reduce': 0.6}. Best is trial 130 with value: 0.0812772810459137.
[I 2024-12-15 22:51:59,596] Trial 640 finished with value: 0.11529266089200974 and parameters: {'mlp_n_layers': 2, 'mlp_dim_00': 240, 'mlp_dim_01': 64, 'hidden_channels': 192, 'num_layers': 4, 'num_timesteps': 1, 'dropout': 0.24273757563412024, 'train_learning_rate': 0.006140960875205916, 'train_lr_reduce': 0.6}. Best is trial 130 with value: 0.0812772810459137.
