[I 2024-12-19 08:21:30,170] Trial 1334 finished with value: 1.398460865020752 and parameters: {'mlp_n_layers': 3, 'mlp_dim_00': 213, 'mlp_dim_01': 107, 'mlp_dim_02': 456, 'node_hidden_dim': 79, 'edge_hidden_dim': 111, 'depth': 2, 'rep_dropout': 0.01110940725003366, 'train_learning_rate': 0.009126716073646114, 'train_lr_reduce': 0.6}. Best is trial 1170 with value: 0.3284205496311188.
[I 2024-12-19 08:21:31,865] Trial 1335 finished with value: 1.3383617401123047 and parameters: {'mlp_n_layers': 2, 'mlp_dim_00': 413, 'mlp_dim_01': 512, 'node_hidden_dim': 107, 'edge_hidden_dim': 84, 'depth': 2, 'rep_dropout': 0.13206988690782448, 'train_learning_rate': 0.0032525878899059063, 'train_lr_reduce': 0.6}. Best is trial 1170 with value: 0.3284205496311188.
[I 2024-12-19 08:21:33,903] Trial 1336 finished with value: 1.5807141065597534 and parameters: {'mlp_n_layers': 4, 'mlp_dim_00': 81, 'mlp_dim_01': 409, 'mlp_dim_02': 335, 'mlp_dim_03': 150, 'node_hidden_dim': 102, 'edge_hidden_dim': 93, 'depth': 2, 'rep_dropout': 0.11911577089935352, 'train_learning_rate': 0.0004402750027310508, 'train_lr_reduce': 0.6}. Best is trial 1170 with value: 0.3284205496311188.
[I 2024-12-19 08:21:37,421] Trial 1337 finished with value: 1.3891804218292236 and parameters: {'mlp_n_layers': 4, 'mlp_dim_00': 112, 'mlp_dim_01': 283, 'mlp_dim_02': 270, 'mlp_dim_03': 103, 'node_hidden_dim': 93, 'edge_hidden_dim': 74, 'depth': 3, 'rep_dropout': 0.10135823429082957, 'train_learning_rate': 0.003363181162323774, 'train_lr_reduce': 0.6}. Best is trial 1170 with value: 0.3284205496311188.
[I 2024-12-19 08:21:38,218] Trial 1339 finished with value: 1.3760312795639038 and parameters: {'mlp_n_layers': 3, 'mlp_dim_00': 396, 'mlp_dim_01': 70, 'mlp_dim_02': 201, 'node_hidden_dim': 44, 'edge_hidden_dim': 128, 'depth': 2, 'rep_dropout': 0.20388584726825765, 'train_learning_rate': 0.004526541468455396, 'train_lr_reduce': 0.6}. Best is trial 1170 with value: 0.3284205496311188.
[I 2024-12-19 08:21:40,626] Trial 1338 finished with value: 1.3648501634597778 and parameters: {'mlp_n_layers': 4, 'mlp_dim_00': 133, 'mlp_dim_01': 379, 'mlp_dim_02': 382, 'mlp_dim_03': 204, 'node_hidden_dim': 107, 'edge_hidden_dim': 101, 'depth': 2, 'rep_dropout': 0.06749138028694118, 'train_learning_rate': 0.002208521440657915, 'train_lr_reduce': 0.6}. Best is trial 1170 with value: 0.3284205496311188.
[I 2024-12-19 08:21:43,012] Trial 1340 finished with value: 1.5608757734298706 and parameters: {'mlp_n_layers': 2, 'mlp_dim_00': 424, 'mlp_dim_01': 487, 'node_hidden_dim': 77, 'edge_hidden_dim': 95, 'depth': 4, 'rep_dropout': 0.08183869084072627, 'train_learning_rate': 0.00021178931857867423, 'train_lr_reduce': 0.6}. Best is trial 1170 with value: 0.3284205496311188.
[I 2024-12-19 08:21:43,340] Trial 1341 finished with value: 1.3566006422042847 and parameters: {'mlp_n_layers': 4, 'mlp_dim_00': 505, 'mlp_dim_01': 384, 'mlp_dim_02': 331, 'mlp_dim_03': 64, 'node_hidden_dim': 98, 'edge_hidden_dim': 97, 'depth': 2, 'rep_dropout': 0.08589921446421374, 'train_learning_rate': 0.007835987289592092, 'train_lr_reduce': 0.6}. Best is trial 1170 with value: 0.3284205496311188.
[I 2024-12-19 08:21:45,151] Trial 1342 finished with value: 1.2977294921875 and parameters: {'mlp_n_layers': 2, 'mlp_dim_00': 92, 'mlp_dim_01': 445, 'node_hidden_dim': 116, 'edge_hidden_dim': 108, 'depth': 2, 'rep_dropout': 0.11151162749502298, 'train_learning_rate': 0.006495756339455816, 'train_lr_reduce': 0.6}. Best is trial 1170 with value: 0.3284205496311188.
[I 2024-12-19 08:21:47,962] Trial 1344 finished with value: 1.2864965200424194 and parameters: {'mlp_n_layers': 4, 'mlp_dim_00': 364, 'mlp_dim_01': 86, 'mlp_dim_02': 307, 'mlp_dim_03': 234, 'node_hidden_dim': 61, 'edge_hidden_dim': 88, 'depth': 3, 'rep_dropout': 0.061946389367403626, 'train_learning_rate': 0.007127286919729858, 'train_lr_reduce': 0.6}. Best is trial 1170 with value: 0.3284205496311188.
[I 2024-12-19 08:21:49,834] Trial 1345 finished with value: 1.5812851190567017 and parameters: {'mlp_n_layers': 3, 'mlp_dim_00': 144, 'mlp_dim_01': 419, 'mlp_dim_02': 406, 'node_hidden_dim': 38, 'edge_hidden_dim': 117, 'depth': 3, 'rep_dropout': 0.19506396100376272, 'train_learning_rate': 0.00016972971121238516, 'train_lr_reduce': 0.6}. Best is trial 1170 with value: 0.3284205496311188.
[I 2024-12-19 08:21:53,065] Trial 1346 finished with value: 1.3614994287490845 and parameters: {'mlp_n_layers': 2, 'mlp_dim_00': 337, 'mlp_dim_01': 87, 'node_hidden_dim': 75, 'edge_hidden_dim': 97, 'depth': 2, 'rep_dropout': 0.007243610354358387, 'train_learning_rate': 0.009483197821914672, 'train_lr_reduce': 0.6}. Best is trial 1170 with value: 0.3284205496311188.
[I 2024-12-19 08:21:53,813] Trial 1343 finished with value: 1.3707504272460938 and parameters: {'mlp_n_layers': 4, 'mlp_dim_00': 314, 'mlp_dim_01': 231, 'mlp_dim_02': 472, 'mlp_dim_03': 166, 'node_hidden_dim': 43, 'edge_hidden_dim': 73, 'depth': 2, 'rep_dropout': 0.2278966654103148, 'train_learning_rate': 0.0018617728883322836, 'train_lr_reduce': 0.6}. Best is trial 1170 with value: 0.3284205496311188.
[I 2024-12-19 08:21:57,668] Trial 1347 finished with value: 1.3468574285507202 and parameters: {'mlp_n_layers': 4, 'mlp_dim_00': 326, 'mlp_dim_01': 122, 'mlp_dim_02': 260, 'mlp_dim_03': 144, 'node_hidden_dim': 69, 'edge_hidden_dim': 103, 'depth': 2, 'rep_dropout': 0.13923992786770648, 'train_learning_rate': 0.0016564843617804463, 'train_lr_reduce': 0.6}. Best is trial 1170 with value: 0.3284205496311188.
[I 2024-12-19 08:21:57,734] Trial 1349 finished with value: 1.4049066305160522 and parameters: {'mlp_n_layers': 2, 'mlp_dim_00': 490, 'mlp_dim_01': 73, 'node_hidden_dim': 80, 'edge_hidden_dim': 76, 'depth': 2, 'rep_dropout': 0.14098112673463, 'train_learning_rate': 0.004700142315180215, 'train_lr_reduce': 0.6}. Best is trial 1170 with value: 0.3284205496311188.
[I 2024-12-19 08:21:57,900] Trial 1348 finished with value: 1.4970425367355347 and parameters: {'mlp_n_layers': 3, 'mlp_dim_00': 463, 'mlp_dim_01': 129, 'mlp_dim_02': 353, 'node_hidden_dim': 38, 'edge_hidden_dim': 84, 'depth': 2, 'rep_dropout': 0.16910503983905156, 'train_learning_rate': 0.008546334101797948, 'train_lr_reduce': 0.6}. Best is trial 1170 with value: 0.3284205496311188.
[I 2024-12-19 08:22:02,800] Trial 1351 finished with value: 1.2832142114639282 and parameters: {'mlp_n_layers': 2, 'mlp_dim_00': 173, 'mlp_dim_01': 412, 'node_hidden_dim': 101, 'edge_hidden_dim': 116, 'depth': 2, 'rep_dropout': 0.052383213051544454, 'train_learning_rate': 0.008579857094365312, 'train_lr_reduce': 0.6}. Best is trial 1170 with value: 0.3284205496311188.
[I 2024-12-19 08:22:02,861] Trial 1352 finished with value: 1.288615107536316 and parameters: {'mlp_n_layers': 3, 'mlp_dim_00': 66, 'mlp_dim_01': 274, 'mlp_dim_02': 310, 'node_hidden_dim': 107, 'edge_hidden_dim': 86, 'depth': 3, 'rep_dropout': 0.023926552470830528, 'train_learning_rate': 0.006576778866705573, 'train_lr_reduce': 0.6}. Best is trial 1170 with value: 0.3284205496311188.
[I 2024-12-19 08:22:06,072] Trial 1350 finished with value: 1.5842128992080688 and parameters: {'mlp_n_layers': 3, 'mlp_dim_00': 148, 'mlp_dim_01': 145, 'mlp_dim_02': 233, 'node_hidden_dim': 125, 'edge_hidden_dim': 126, 'depth': 4, 'rep_dropout': 0.13939950609614707, 'train_learning_rate': 0.000369043660744611, 'train_lr_reduce': 0.6}. Best is trial 1170 with value: 0.3284205496311188.
[I 2024-12-19 08:22:07,330] Trial 1354 finished with value: 1.3408360481262207 and parameters: {'mlp_n_layers': 3, 'mlp_dim_00': 66, 'mlp_dim_01': 334, 'mlp_dim_02': 421, 'node_hidden_dim': 126, 'edge_hidden_dim': 117, 'depth': 2, 'rep_dropout': 0.07228115024911087, 'train_learning_rate': 0.004214651648106138, 'train_lr_reduce': 0.6}. Best is trial 1170 with value: 0.3284205496311188.
[I 2024-12-19 08:22:08,177] Trial 1353 finished with value: 1.4593565464019775 and parameters: {'mlp_n_layers': 2, 'mlp_dim_00': 387, 'mlp_dim_01': 90, 'node_hidden_dim': 63, 'edge_hidden_dim': 57, 'depth': 2, 'rep_dropout': 0.19225787934810948, 'train_learning_rate': 0.009980987480597253, 'train_lr_reduce': 0.6}. Best is trial 1170 with value: 0.3284205496311188.
[I 2024-12-19 08:22:10,799] Trial 1355 finished with value: 1.3202662467956543 and parameters: {'mlp_n_layers': 3, 'mlp_dim_00': 480, 'mlp_dim_01': 91, 'mlp_dim_02': 354, 'node_hidden_dim': 100, 'edge_hidden_dim': 68, 'depth': 2, 'rep_dropout': 0.1370281849304315, 'train_learning_rate': 0.0029546107508155103, 'train_lr_reduce': 0.6}. Best is trial 1170 with value: 0.3284205496311188.
[I 2024-12-19 08:22:12,097] Trial 1356 finished with value: 1.520517110824585 and parameters: {'mlp_n_layers': 4, 'mlp_dim_00': 422, 'mlp_dim_01': 121, 'mlp_dim_02': 281, 'mlp_dim_03': 108, 'node_hidden_dim': 52, 'edge_hidden_dim': 60, 'depth': 2, 'rep_dropout': 0.05748758773429631, 'train_learning_rate': 0.005127069101125864, 'train_lr_reduce': 0.6}. Best is trial 1170 with value: 0.3284205496311188.
[I 2024-12-19 08:22:14,471] Trial 1357 finished with value: 1.433379888534546 and parameters: {'mlp_n_layers': 2, 'mlp_dim_00': 186, 'mlp_dim_01': 397, 'node_hidden_dim': 110, 'edge_hidden_dim': 125, 'depth': 3, 'rep_dropout': 0.12938221127292143, 'train_learning_rate': 0.00398682906022833, 'train_lr_reduce': 0.6}. Best is trial 1170 with value: 0.3284205496311188.
[I 2024-12-19 08:22:15,817] Trial 1358 finished with value: 1.5647478103637695 and parameters: {'mlp_n_layers': 2, 'mlp_dim_00': 92, 'mlp_dim_01': 250, 'node_hidden_dim': 88, 'edge_hidden_dim': 114, 'depth': 4, 'rep_dropout': 0.017889827220342547, 'train_learning_rate': 0.0008154739210855467, 'train_lr_reduce': 0.6}. Best is trial 1170 with value: 0.3284205496311188.
[I 2024-12-19 08:22:17,087] Trial 1359 finished with value: 1.485870361328125 and parameters: {'mlp_n_layers': 4, 'mlp_dim_00': 427, 'mlp_dim_01': 110, 'mlp_dim_02': 476, 'mlp_dim_03': 215, 'node_hidden_dim': 96, 'edge_hidden_dim': 54, 'depth': 2, 'rep_dropout': 0.06020102978125247, 'train_learning_rate': 0.004872104063003422, 'train_lr_reduce': 0.6}. Best is trial 1170 with value: 0.3284205496311188.
[I 2024-12-19 08:22:19,251] Trial 1360 finished with value: 1.309585452079773 and parameters: {'mlp_n_layers': 4, 'mlp_dim_00': 132, 'mlp_dim_01': 353, 'mlp_dim_02': 222, 'mlp_dim_03': 183, 'node_hidden_dim': 76, 'edge_hidden_dim': 94, 'depth': 4, 'rep_dropout': 0.04534217537685539, 'train_learning_rate': 0.006358368369378677, 'train_lr_reduce': 0.6}. Best is trial 1170 with value: 0.3284205496311188.
[I 2024-12-19 08:22:20,230] Trial 1361 finished with value: 1.289048194885254 and parameters: {'mlp_n_layers': 4, 'mlp_dim_00': 420, 'mlp_dim_01': 101, 'mlp_dim_02': 377, 'mlp_dim_03': 240, 'node_hidden_dim': 125, 'edge_hidden_dim': 37, 'depth': 3, 'rep_dropout': 0.14219648220720757, 'train_learning_rate': 0.0058443634924305625, 'train_lr_reduce': 0.6}. Best is trial 1170 with value: 0.3284205496311188.
[I 2024-12-19 08:22:21,556] Trial 1362 finished with value: 1.5733871459960938 and parameters: {'mlp_n_layers': 3, 'mlp_dim_00': 467, 'mlp_dim_01': 176, 'mlp_dim_02': 511, 'node_hidden_dim': 35, 'edge_hidden_dim': 58, 'depth': 4, 'rep_dropout': 0.10836281903976894, 'train_learning_rate': 0.00044763756264355634, 'train_lr_reduce': 0.6}. Best is trial 1170 with value: 0.3284205496311188.
[I 2024-12-19 08:22:23,897] Trial 1363 finished with value: 1.490604281425476 and parameters: {'mlp_n_layers': 3, 'mlp_dim_00': 395, 'mlp_dim_01': 100, 'mlp_dim_02': 313, 'node_hidden_dim': 50, 'edge_hidden_dim': 102, 'depth': 2, 'rep_dropout': 0.10385715874890185, 'train_learning_rate': 0.009056514847080685, 'train_lr_reduce': 0.6}. Best is trial 1170 with value: 0.3284205496311188.
[I 2024-12-19 08:22:24,497] Trial 1364 finished with value: 1.5200364589691162 and parameters: {'mlp_n_layers': 4, 'mlp_dim_00': 442, 'mlp_dim_01': 79, 'mlp_dim_02': 512, 'mlp_dim_03': 112, 'node_hidden_dim': 67, 'edge_hidden_dim': 53, 'depth': 2, 'rep_dropout': 0.05805385888558251, 'train_learning_rate': 0.003216170959935752, 'train_lr_reduce': 0.6}. Best is trial 1170 with value: 0.3284205496311188.
[I 2024-12-19 08:22:26,177] Trial 1365 finished with value: 1.4988207817077637 and parameters: {'mlp_n_layers': 3, 'mlp_dim_00': 414, 'mlp_dim_01': 89, 'mlp_dim_02': 271, 'node_hidden_dim': 119, 'edge_hidden_dim': 36, 'depth': 3, 'rep_dropout': 0.2019928379861813, 'train_learning_rate': 0.008835966633542131, 'train_lr_reduce': 0.6}. Best is trial 1170 with value: 0.3284205496311188.
[I 2024-12-19 08:22:28,599] Trial 1366 finished with value: 1.4374862909317017 and parameters: {'mlp_n_layers': 2, 'mlp_dim_00': 181, 'mlp_dim_01': 422, 'node_hidden_dim': 123, 'edge_hidden_dim': 123, 'depth': 2, 'rep_dropout': 0.084356690307495, 'train_learning_rate': 0.008968374288954938, 'train_lr_reduce': 0.6}. Best is trial 1170 with value: 0.3284205496311188.
[I 2024-12-19 08:22:28,928] Trial 1367 finished with value: 1.5668421983718872 and parameters: {'mlp_n_layers': 2, 'mlp_dim_00': 351, 'mlp_dim_01': 324, 'node_hidden_dim': 79, 'edge_hidden_dim': 108, 'depth': 3, 'rep_dropout': 0.11325569270327525, 'train_learning_rate': 0.00015492249360890645, 'train_lr_reduce': 0.6}. Best is trial 1170 with value: 0.3284205496311188.
[I 2024-12-19 08:22:33,184] Trial 1370 finished with value: 1.4017003774642944 and parameters: {'mlp_n_layers': 4, 'mlp_dim_00': 427, 'mlp_dim_01': 166, 'mlp_dim_02': 443, 'mlp_dim_03': 238, 'node_hidden_dim': 80, 'edge_hidden_dim': 50, 'depth': 2, 'rep_dropout': 0.11552058194997285, 'train_learning_rate': 0.0033868806209054396, 'train_lr_reduce': 0.6}. Best is trial 1170 with value: 0.3284205496311188.
[I 2024-12-19 08:22:33,494] Trial 1369 finished with value: 1.3589487075805664 and parameters: {'mlp_n_layers': 2, 'mlp_dim_00': 494, 'mlp_dim_01': 459, 'node_hidden_dim': 100, 'edge_hidden_dim': 103, 'depth': 3, 'rep_dropout': 0.11672477903808119, 'train_learning_rate': 0.003188388655156196, 'train_lr_reduce': 0.6}. Best is trial 1170 with value: 0.3284205496311188.
[I 2024-12-19 08:22:38,342] Trial 1372 finished with value: 1.387482762336731 and parameters: {'mlp_n_layers': 3, 'mlp_dim_00': 504, 'mlp_dim_01': 240, 'mlp_dim_02': 321, 'node_hidden_dim': 128, 'edge_hidden_dim': 126, 'depth': 2, 'rep_dropout': 0.12824712590231258, 'train_learning_rate': 0.005216370090135696, 'train_lr_reduce': 0.6}. Best is trial 1170 with value: 0.3284205496311188.
[I 2024-12-19 08:22:38,885] Trial 1368 finished with value: 0.33870309591293335 and parameters: {'mlp_n_layers': 4, 'mlp_dim_00': 239, 'mlp_dim_01': 426, 'mlp_dim_02': 348, 'mlp_dim_03': 167, 'node_hidden_dim': 118, 'edge_hidden_dim': 58, 'depth': 2, 'rep_dropout': 0.012925698783882819, 'train_learning_rate': 0.0029529183205426147, 'train_lr_reduce': 0.6}. Best is trial 1170 with value: 0.3284205496311188.
[I 2024-12-19 08:22:40,593] Trial 1371 finished with value: 1.2300981283187866 and parameters: {'mlp_n_layers': 4, 'mlp_dim_00': 422, 'mlp_dim_01': 147, 'mlp_dim_02': 204, 'mlp_dim_03': 141, 'node_hidden_dim': 71, 'edge_hidden_dim': 86, 'depth': 2, 'rep_dropout': 0.12552536156433816, 'train_learning_rate': 0.008220776736988396, 'train_lr_reduce': 0.6}. Best is trial 1170 with value: 0.3284205496311188.
[I 2024-12-19 08:22:43,779] Trial 1373 finished with value: 1.4685418605804443 and parameters: {'mlp_n_layers': 3, 'mlp_dim_00': 173, 'mlp_dim_01': 101, 'mlp_dim_02': 294, 'node_hidden_dim': 126, 'edge_hidden_dim': 110, 'depth': 2, 'rep_dropout': 0.0026950977044197045, 'train_learning_rate': 0.008626025068259099, 'train_lr_reduce': 0.6}. Best is trial 1170 with value: 0.3284205496311188.
[I 2024-12-19 08:22:45,112] Trial 1375 finished with value: 1.534120798110962 and parameters: {'mlp_n_layers': 4, 'mlp_dim_00': 298, 'mlp_dim_01': 351, 'mlp_dim_02': 329, 'mlp_dim_03': 170, 'node_hidden_dim': 117, 'edge_hidden_dim': 63, 'depth': 2, 'rep_dropout': 0.022589574197593394, 'train_learning_rate': 0.0015970045623444537, 'train_lr_reduce': 0.6}. Best is trial 1170 with value: 0.3284205496311188.
[I 2024-12-19 08:22:47,425] Trial 1374 finished with value: 0.9476333260536194 and parameters: {'mlp_n_layers': 2, 'mlp_dim_00': 437, 'mlp_dim_01': 100, 'node_hidden_dim': 110, 'edge_hidden_dim': 73, 'depth': 2, 'rep_dropout': 0.19280166530430953, 'train_learning_rate': 0.0082968516121773, 'train_lr_reduce': 0.6}. Best is trial 1170 with value: 0.3284205496311188.
[I 2024-12-19 08:22:48,559] Trial 1376 finished with value: 1.283738136291504 and parameters: {'mlp_n_layers': 4, 'mlp_dim_00': 228, 'mlp_dim_01': 474, 'mlp_dim_02': 288, 'mlp_dim_03': 176, 'node_hidden_dim': 121, 'edge_hidden_dim': 59, 'depth': 2, 'rep_dropout': 0.03086864345759679, 'train_learning_rate': 0.004965708318247329, 'train_lr_reduce': 0.6}. Best is trial 1170 with value: 0.3284205496311188.
[I 2024-12-19 08:22:50,433] Trial 1377 finished with value: 1.3662842512130737 and parameters: {'mlp_n_layers': 4, 'mlp_dim_00': 115, 'mlp_dim_01': 437, 'mlp_dim_02': 331, 'mlp_dim_03': 181, 'node_hidden_dim': 112, 'edge_hidden_dim': 50, 'depth': 3, 'rep_dropout': 0.0078035746208666365, 'train_learning_rate': 0.004254260614862678, 'train_lr_reduce': 0.6}. Best is trial 1170 with value: 0.3284205496311188.
[I 2024-12-19 08:22:52,800] Trial 1378 finished with value: 1.287834882736206 and parameters: {'mlp_n_layers': 4, 'mlp_dim_00': 306, 'mlp_dim_01': 445, 'mlp_dim_02': 261, 'mlp_dim_03': 147, 'node_hidden_dim': 82, 'edge_hidden_dim': 40, 'depth': 2, 'rep_dropout': 0.010389000338722653, 'train_learning_rate': 0.005438230884040611, 'train_lr_reduce': 0.6}. Best is trial 1170 with value: 0.3284205496311188.
[I 2024-12-19 08:22:54,386] Trial 1379 finished with value: 1.3616710901260376 and parameters: {'mlp_n_layers': 4, 'mlp_dim_00': 259, 'mlp_dim_01': 485, 'mlp_dim_02': 334, 'mlp_dim_03': 192, 'node_hidden_dim': 108, 'edge_hidden_dim': 47, 'depth': 3, 'rep_dropout': 0.010436224111971842, 'train_learning_rate': 0.003888693858371142, 'train_lr_reduce': 0.6}. Best is trial 1170 with value: 0.3284205496311188.
[I 2024-12-19 08:22:55,780] Trial 1380 finished with value: 1.4618139266967773 and parameters: {'mlp_n_layers': 4, 'mlp_dim_00': 192, 'mlp_dim_01': 221, 'mlp_dim_02': 241, 'mlp_dim_03': 167, 'node_hidden_dim': 102, 'edge_hidden_dim': 84, 'depth': 2, 'rep_dropout': 0.036112147666448116, 'train_learning_rate': 0.004290082220780777, 'train_lr_reduce': 0.6}. Best is trial 1170 with value: 0.3284205496311188.
[I 2024-12-19 08:22:57,940] Trial 1381 finished with value: 1.29237961769104 and parameters: {'mlp_n_layers': 4, 'mlp_dim_00': 480, 'mlp_dim_01': 239, 'mlp_dim_02': 300, 'mlp_dim_03': 145, 'node_hidden_dim': 111, 'edge_hidden_dim': 119, 'depth': 2, 'rep_dropout': 0.10659491683967058, 'train_learning_rate': 0.009707309806057019, 'train_lr_reduce': 0.6}. Best is trial 1170 with value: 0.3284205496311188.
[I 2024-12-19 08:22:59,133] Trial 1382 finished with value: 1.4492607116699219 and parameters: {'mlp_n_layers': 4, 'mlp_dim_00': 218, 'mlp_dim_01': 511, 'mlp_dim_02': 344, 'mlp_dim_03': 203, 'node_hidden_dim': 120, 'edge_hidden_dim': 46, 'depth': 2, 'rep_dropout': 0.015401474635768672, 'train_learning_rate': 0.0027557334723774377, 'train_lr_reduce': 0.6}. Best is trial 1170 with value: 0.3284205496311188.
[I 2024-12-19 08:23:02,264] Trial 1384 finished with value: 1.324880838394165 and parameters: {'mlp_n_layers': 3, 'mlp_dim_00': 376, 'mlp_dim_01': 67, 'mlp_dim_02': 286, 'node_hidden_dim': 67, 'edge_hidden_dim': 103, 'depth': 2, 'rep_dropout': 0.012010567560330358, 'train_learning_rate': 0.004872213729732364, 'train_lr_reduce': 0.6}. Best is trial 1170 with value: 0.3284205496311188.
[I 2024-12-19 08:23:05,730] Trial 1385 finished with value: 1.4387105703353882 and parameters: {'mlp_n_layers': 4, 'mlp_dim_00': 275, 'mlp_dim_01': 506, 'mlp_dim_02': 352, 'mlp_dim_03': 196, 'node_hidden_dim': 125, 'edge_hidden_dim': 68, 'depth': 2, 'rep_dropout': 0.021043800692872615, 'train_learning_rate': 0.0019208018087460235, 'train_lr_reduce': 0.6}. Best is trial 1170 with value: 0.3284205496311188.
[I 2024-12-19 08:23:10,753] Trial 1387 finished with value: 1.4004145860671997 and parameters: {'mlp_n_layers': 2, 'mlp_dim_00': 355, 'mlp_dim_01': 421, 'node_hidden_dim': 68, 'edge_hidden_dim': 98, 'depth': 2, 'rep_dropout': 0.05044024363831225, 'train_learning_rate': 0.004937949456964355, 'train_lr_reduce': 0.6}. Best is trial 1170 with value: 0.3284205496311188.
[I 2024-12-19 08:23:10,825] Trial 1383 finished with value: 0.3765471577644348 and parameters: {'mlp_n_layers': 4, 'mlp_dim_00': 235, 'mlp_dim_01': 334, 'mlp_dim_02': 203, 'mlp_dim_03': 142, 'node_hidden_dim': 123, 'edge_hidden_dim': 52, 'depth': 2, 'rep_dropout': 0.02362396766699401, 'train_learning_rate': 0.003536763913997095, 'train_lr_reduce': 0.6}. Best is trial 1170 with value: 0.3284205496311188.
[I 2024-12-19 08:23:11,264] Trial 1386 finished with value: 1.34347403049469 and parameters: {'mlp_n_layers': 4, 'mlp_dim_00': 496, 'mlp_dim_01': 105, 'mlp_dim_02': 244, 'mlp_dim_03': 98, 'node_hidden_dim': 95, 'edge_hidden_dim': 62, 'depth': 2, 'rep_dropout': 0.06375537354964184, 'train_learning_rate': 0.002199700652988431, 'train_lr_reduce': 0.6}. Best is trial 1170 with value: 0.3284205496311188.
[I 2024-12-19 08:23:15,703] Trial 1390 finished with value: 1.3113282918930054 and parameters: {'mlp_n_layers': 4, 'mlp_dim_00': 288, 'mlp_dim_01': 384, 'mlp_dim_02': 215, 'mlp_dim_03': 144, 'node_hidden_dim': 124, 'edge_hidden_dim': 58, 'depth': 2, 'rep_dropout': 0.008660713015394247, 'train_learning_rate': 0.005563922892082058, 'train_lr_reduce': 0.6}. Best is trial 1170 with value: 0.3284205496311188.
[I 2024-12-19 08:23:15,768] Trial 1389 finished with value: 1.5497702360153198 and parameters: {'mlp_n_layers': 3, 'mlp_dim_00': 66, 'mlp_dim_01': 503, 'mlp_dim_02': 183, 'node_hidden_dim': 75, 'edge_hidden_dim': 122, 'depth': 4, 'rep_dropout': 0.004909751905196463, 'train_learning_rate': 0.0006852561046597922, 'train_lr_reduce': 0.6}. Best is trial 1170 with value: 0.3284205496311188.
