[I 2024-12-19 09:13:27,049] Trial 1367 finished with value: 0.2746160924434662 and parameters: {'mlp_n_layers': 3, 'mlp_dim_00': 508, 'mlp_dim_01': 389, 'mlp_dim_02': 446, 'node_hidden_dim': 117, 'edge_hidden_dim': 70, 'depth': 2, 'rep_dropout': 0.025538507479110947, 'train_learning_rate': 0.00448223801052987, 'train_lr_reduce': 0.6}. Best is trial 724 with value: 0.1670333594083786.
[I 2024-12-19 09:13:30,404] Trial 1369 finished with value: 1.1422863006591797 and parameters: {'mlp_n_layers': 4, 'mlp_dim_00': 497, 'mlp_dim_01': 456, 'mlp_dim_02': 504, 'mlp_dim_03': 509, 'node_hidden_dim': 45, 'edge_hidden_dim': 120, 'depth': 4, 'rep_dropout': 0.16892222340315527, 'train_learning_rate': 0.0009731751672153549, 'train_lr_reduce': 0.6}. Best is trial 724 with value: 0.1670333594083786.
[I 2024-12-19 09:13:33,204] Trial 1370 finished with value: 1.1467233896255493 and parameters: {'mlp_n_layers': 3, 'mlp_dim_00': 510, 'mlp_dim_01': 411, 'mlp_dim_02': 510, 'node_hidden_dim': 93, 'edge_hidden_dim': 68, 'depth': 2, 'rep_dropout': 0.038830956650464175, 'train_learning_rate': 0.0025812034557359978, 'train_lr_reduce': 0.6}. Best is trial 724 with value: 0.1670333594083786.
[I 2024-12-19 09:13:34,136] Trial 1368 finished with value: 0.24469389021396637 and parameters: {'mlp_n_layers': 2, 'mlp_dim_00': 490, 'mlp_dim_01': 450, 'node_hidden_dim': 65, 'edge_hidden_dim': 35, 'depth': 2, 'rep_dropout': 0.013416857730046368, 'train_learning_rate': 0.009490320112907503, 'train_lr_reduce': 0.6}. Best is trial 724 with value: 0.1670333594083786.
[I 2024-12-19 09:13:37,693] Trial 1371 finished with value: 1.1442556381225586 and parameters: {'mlp_n_layers': 3, 'mlp_dim_00': 397, 'mlp_dim_01': 458, 'mlp_dim_02': 507, 'node_hidden_dim': 74, 'edge_hidden_dim': 100, 'depth': 2, 'rep_dropout': 0.003280970228659281, 'train_learning_rate': 0.00496479952572499, 'train_lr_reduce': 0.6}. Best is trial 724 with value: 0.1670333594083786.
[I 2024-12-19 09:13:39,486] Trial 1372 finished with value: 1.142881155014038 and parameters: {'mlp_n_layers': 3, 'mlp_dim_00': 382, 'mlp_dim_01': 210, 'mlp_dim_02': 483, 'node_hidden_dim': 97, 'edge_hidden_dim': 70, 'depth': 2, 'rep_dropout': 0.028695794436732973, 'train_learning_rate': 0.002736190248733984, 'train_lr_reduce': 0.6}. Best is trial 724 with value: 0.1670333594083786.
[I 2024-12-19 09:13:40,309] Trial 1373 finished with value: 1.1487598419189453 and parameters: {'mlp_n_layers': 3, 'mlp_dim_00': 451, 'mlp_dim_01': 253, 'mlp_dim_02': 510, 'node_hidden_dim': 100, 'edge_hidden_dim': 70, 'depth': 2, 'rep_dropout': 0.06778837909282084, 'train_learning_rate': 0.002388660250919882, 'train_lr_reduce': 0.6}. Best is trial 724 with value: 0.1670333594083786.
[I 2024-12-19 09:13:43,541] Trial 1374 finished with value: 1.1472474336624146 and parameters: {'mlp_n_layers': 2, 'mlp_dim_00': 387, 'mlp_dim_01': 352, 'node_hidden_dim': 52, 'edge_hidden_dim': 39, 'depth': 2, 'rep_dropout': 0.03863742077721813, 'train_learning_rate': 0.0016197793450618788, 'train_lr_reduce': 0.6}. Best is trial 724 with value: 0.1670333594083786.
[I 2024-12-19 09:13:47,124] Trial 1376 finished with value: 1.1437939405441284 and parameters: {'mlp_n_layers': 4, 'mlp_dim_00': 419, 'mlp_dim_01': 376, 'mlp_dim_02': 512, 'mlp_dim_03': 254, 'node_hidden_dim': 99, 'edge_hidden_dim': 32, 'depth': 2, 'rep_dropout': 0.005584033199092318, 'train_learning_rate': 0.003187368981835553, 'train_lr_reduce': 0.6}. Best is trial 724 with value: 0.1670333594083786.
[I 2024-12-19 09:13:49,438] Trial 1377 finished with value: 1.1421829462051392 and parameters: {'mlp_n_layers': 2, 'mlp_dim_00': 374, 'mlp_dim_01': 477, 'node_hidden_dim': 99, 'edge_hidden_dim': 38, 'depth': 2, 'rep_dropout': 0.10822106723352676, 'train_learning_rate': 0.003818432422861682, 'train_lr_reduce': 0.6}. Best is trial 724 with value: 0.1670333594083786.
[I 2024-12-19 09:13:53,063] Trial 1375 finished with value: 0.5208271741867065 and parameters: {'mlp_n_layers': 3, 'mlp_dim_00': 354, 'mlp_dim_01': 249, 'mlp_dim_02': 480, 'node_hidden_dim': 105, 'edge_hidden_dim': 51, 'depth': 2, 'rep_dropout': 0.10675018714815313, 'train_learning_rate': 0.007138431702053877, 'train_lr_reduce': 0.6}. Best is trial 724 with value: 0.1670333594083786.
[I 2024-12-19 09:14:11,413] Trial 1378 finished with value: 0.5150724649429321 and parameters: {'mlp_n_layers': 3, 'mlp_dim_00': 453, 'mlp_dim_01': 200, 'mlp_dim_02': 474, 'node_hidden_dim': 100, 'edge_hidden_dim': 57, 'depth': 2, 'rep_dropout': 0.052961647685778324, 'train_learning_rate': 0.004830380877757432, 'train_lr_reduce': 0.6}. Best is trial 724 with value: 0.1670333594083786.
[I 2024-12-19 09:14:12,821] Trial 1379 finished with value: 0.3895825147628784 and parameters: {'mlp_n_layers': 4, 'mlp_dim_00': 386, 'mlp_dim_01': 282, 'mlp_dim_02': 474, 'mlp_dim_03': 109, 'node_hidden_dim': 114, 'edge_hidden_dim': 62, 'depth': 2, 'rep_dropout': 0.002224984508251545, 'train_learning_rate': 0.009284498476543463, 'train_lr_reduce': 0.6}. Best is trial 724 with value: 0.1670333594083786.
[I 2024-12-19 09:14:15,383] Trial 1380 finished with value: 0.3075326979160309 and parameters: {'mlp_n_layers': 3, 'mlp_dim_00': 499, 'mlp_dim_01': 441, 'mlp_dim_02': 472, 'node_hidden_dim': 108, 'edge_hidden_dim': 67, 'depth': 2, 'rep_dropout': 0.005787791279384499, 'train_learning_rate': 0.009884684212174212, 'train_lr_reduce': 0.6}. Best is trial 724 with value: 0.1670333594083786.
[I 2024-12-19 09:14:18,935] Trial 1382 finished with value: 1.14328932762146 and parameters: {'mlp_n_layers': 3, 'mlp_dim_00': 460, 'mlp_dim_01': 263, 'mlp_dim_02': 471, 'node_hidden_dim': 62, 'edge_hidden_dim': 87, 'depth': 2, 'rep_dropout': 0.03579619468398341, 'train_learning_rate': 0.0019273821711613156, 'train_lr_reduce': 0.6}. Best is trial 724 with value: 0.1670333594083786.
[I 2024-12-19 09:14:21,478] Trial 1383 finished with value: 1.1422770023345947 and parameters: {'mlp_n_layers': 3, 'mlp_dim_00': 332, 'mlp_dim_01': 449, 'mlp_dim_02': 461, 'node_hidden_dim': 51, 'edge_hidden_dim': 49, 'depth': 2, 'rep_dropout': 0.040633494618125994, 'train_learning_rate': 0.003734460229457764, 'train_lr_reduce': 0.6}. Best is trial 724 with value: 0.1670333594083786.
[I 2024-12-19 09:14:36,110] Trial 1381 finished with value: 0.529978334903717 and parameters: {'mlp_n_layers': 3, 'mlp_dim_00': 334, 'mlp_dim_01': 216, 'mlp_dim_02': 473, 'node_hidden_dim': 104, 'edge_hidden_dim': 63, 'depth': 2, 'rep_dropout': 0.02819535143613694, 'train_learning_rate': 0.006788202630641678, 'train_lr_reduce': 0.6}. Best is trial 724 with value: 0.1670333594083786.
[I 2024-12-19 09:14:42,703] Trial 1385 finished with value: 0.31925734877586365 and parameters: {'mlp_n_layers': 3, 'mlp_dim_00': 394, 'mlp_dim_01': 389, 'mlp_dim_02': 450, 'node_hidden_dim': 86, 'edge_hidden_dim': 43, 'depth': 2, 'rep_dropout': 0.0017551340037793364, 'train_learning_rate': 0.007080889314232972, 'train_lr_reduce': 0.6}. Best is trial 724 with value: 0.1670333594083786.
[I 2024-12-19 09:14:42,780] Trial 1384 finished with value: 0.5406278967857361 and parameters: {'mlp_n_layers': 3, 'mlp_dim_00': 434, 'mlp_dim_01': 198, 'mlp_dim_02': 477, 'node_hidden_dim': 101, 'edge_hidden_dim': 61, 'depth': 3, 'rep_dropout': 0.10171526899633716, 'train_learning_rate': 0.006339355954686978, 'train_lr_reduce': 0.6}. Best is trial 724 with value: 0.1670333594083786.
[I 2024-12-19 09:14:43,312] Trial 1386 finished with value: 1.1427720785140991 and parameters: {'mlp_n_layers': 3, 'mlp_dim_00': 370, 'mlp_dim_01': 127, 'mlp_dim_02': 509, 'node_hidden_dim': 117, 'edge_hidden_dim': 73, 'depth': 2, 'rep_dropout': 0.01138504802210734, 'train_learning_rate': 0.0038254571997253777, 'train_lr_reduce': 0.6}. Best is trial 724 with value: 0.1670333594083786.
[I 2024-12-19 09:14:50,075] Trial 1388 finished with value: 1.1443523168563843 and parameters: {'mlp_n_layers': 2, 'mlp_dim_00': 302, 'mlp_dim_01': 262, 'node_hidden_dim': 38, 'edge_hidden_dim': 120, 'depth': 4, 'rep_dropout': 0.08278013906287603, 'train_learning_rate': 0.0036294070466846374, 'train_lr_reduce': 0.6}. Best is trial 724 with value: 0.1670333594083786.
[I 2024-12-19 09:15:03,709] Trial 1387 finished with value: 0.4216800928115845 and parameters: {'mlp_n_layers': 4, 'mlp_dim_00': 335, 'mlp_dim_01': 377, 'mlp_dim_02': 444, 'mlp_dim_03': 363, 'node_hidden_dim': 127, 'edge_hidden_dim': 68, 'depth': 2, 'rep_dropout': 0.08651317613048967, 'train_learning_rate': 0.008783495541016208, 'train_lr_reduce': 0.6}. Best is trial 724 with value: 0.1670333594083786.
[I 2024-12-19 09:15:08,131] Trial 1389 finished with value: 0.321529746055603 and parameters: {'mlp_n_layers': 3, 'mlp_dim_00': 395, 'mlp_dim_01': 202, 'mlp_dim_02': 510, 'node_hidden_dim': 95, 'edge_hidden_dim': 83, 'depth': 2, 'rep_dropout': 0.12013085053523004, 'train_learning_rate': 0.008542376421191709, 'train_lr_reduce': 0.6}. Best is trial 724 with value: 0.1670333594083786.
[I 2024-12-19 09:15:11,111] Trial 1391 finished with value: 1.1438040733337402 and parameters: {'mlp_n_layers': 2, 'mlp_dim_00': 411, 'mlp_dim_01': 367, 'node_hidden_dim': 63, 'edge_hidden_dim': 64, 'depth': 4, 'rep_dropout': 0.12938552658195243, 'train_learning_rate': 0.0002659603465426268, 'train_lr_reduce': 0.6}. Best is trial 724 with value: 0.1670333594083786.
[I 2024-12-19 09:15:13,102] Trial 1390 finished with value: 0.7097641229629517 and parameters: {'mlp_n_layers': 4, 'mlp_dim_00': 474, 'mlp_dim_01': 403, 'mlp_dim_02': 446, 'mlp_dim_03': 195, 'node_hidden_dim': 52, 'edge_hidden_dim': 76, 'depth': 2, 'rep_dropout': 0.19693344541219257, 'train_learning_rate': 0.006342661223673154, 'train_lr_reduce': 0.6}. Best is trial 724 with value: 0.1670333594083786.
[I 2024-12-19 09:15:16,184] Trial 1392 finished with value: 1.144296407699585 and parameters: {'mlp_n_layers': 2, 'mlp_dim_00': 146, 'mlp_dim_01': 411, 'node_hidden_dim': 124, 'edge_hidden_dim': 39, 'depth': 4, 'rep_dropout': 0.058457998095961305, 'train_learning_rate': 0.0021963924030680717, 'train_lr_reduce': 0.6}. Best is trial 724 with value: 0.1670333594083786.
[I 2024-12-19 09:15:16,678] Trial 1393 finished with value: 1.1439547538757324 and parameters: {'mlp_n_layers': 3, 'mlp_dim_00': 358, 'mlp_dim_01': 166, 'mlp_dim_02': 456, 'node_hidden_dim': 118, 'edge_hidden_dim': 40, 'depth': 2, 'rep_dropout': 0.0949931667456931, 'train_learning_rate': 0.0024320053157942624, 'train_lr_reduce': 0.6}. Best is trial 724 with value: 0.1670333594083786.
[I 2024-12-19 09:15:19,068] Trial 1394 finished with value: 1.1422185897827148 and parameters: {'mlp_n_layers': 3, 'mlp_dim_00': 273, 'mlp_dim_01': 370, 'mlp_dim_02': 311, 'node_hidden_dim': 49, 'edge_hidden_dim': 39, 'depth': 2, 'rep_dropout': 0.07711024072449206, 'train_learning_rate': 0.0041761424335069654, 'train_lr_reduce': 0.6}. Best is trial 724 with value: 0.1670333594083786.
