[I 2024-12-15 17:04:07,116] Trial 1941 finished with value: 0.20026350021362305 and parameters: {'mlp_n_layers': 3, 'mlp_dim_00': 32, 'mlp_dim_01': 256, 'mlp_dim_02': 48, 'hidden_channels': 208, 'num_layers': 1, 'num_timesteps': 4, 'dropout': 0.016932925026625467, 'train_learning_rate': 0.0010172594502027732, 'train_lr_reduce': 0.6}. Best is trial 632 with value: 0.13978464901447296.
[I 2024-12-15 17:04:08,941] Trial 1942 finished with value: 0.19807155430316925 and parameters: {'mlp_n_layers': 2, 'mlp_dim_00': 128, 'mlp_dim_01': 240, 'hidden_channels': 224, 'num_layers': 1, 'num_timesteps': 3, 'dropout': 0.0006072846723800523, 'train_learning_rate': 0.002422705258288875, 'train_lr_reduce': 0.6}. Best is trial 632 with value: 0.13978464901447296.
[I 2024-12-15 17:04:09,788] Trial 1940 finished with value: 0.18490278720855713 and parameters: {'mlp_n_layers': 4, 'mlp_dim_00': 112, 'mlp_dim_01': 208, 'mlp_dim_02': 80, 'mlp_dim_03': 64, 'hidden_channels': 96, 'num_layers': 1, 'num_timesteps': 3, 'dropout': 0.040440959558127834, 'train_learning_rate': 0.002006074209136793, 'train_lr_reduce': 0.6}. Best is trial 632 with value: 0.13978464901447296.
[I 2024-12-15 17:04:20,008] Trial 1943 finished with value: 0.20191656053066254 and parameters: {'mlp_n_layers': 4, 'mlp_dim_00': 112, 'mlp_dim_01': 176, 'mlp_dim_02': 96, 'mlp_dim_03': 112, 'hidden_channels': 160, 'num_layers': 1, 'num_timesteps': 3, 'dropout': 0.054677844108157694, 'train_learning_rate': 0.003191373523194901, 'train_lr_reduce': 0.6}. Best is trial 632 with value: 0.13978464901447296.
[I 2024-12-15 17:04:22,802] Trial 1945 finished with value: 0.2073959857225418 and parameters: {'mlp_n_layers': 4, 'mlp_dim_00': 160, 'mlp_dim_01': 112, 'mlp_dim_02': 64, 'mlp_dim_03': 48, 'hidden_channels': 208, 'num_layers': 1, 'num_timesteps': 3, 'dropout': 0.11558655599788022, 'train_learning_rate': 0.002896105970945308, 'train_lr_reduce': 0.6}. Best is trial 632 with value: 0.13978464901447296.
[I 2024-12-15 17:04:27,440] Trial 1946 finished with value: 0.19685114920139313 and parameters: {'mlp_n_layers': 2, 'mlp_dim_00': 96, 'mlp_dim_01': 208, 'hidden_channels': 240, 'num_layers': 1, 'num_timesteps': 4, 'dropout': 0.02557707130147755, 'train_learning_rate': 0.004627140619949449, 'train_lr_reduce': 0.6}. Best is trial 632 with value: 0.13978464901447296.
[I 2024-12-15 17:04:27,698] Trial 1944 finished with value: 0.25366541743278503 and parameters: {'mlp_n_layers': 3, 'mlp_dim_00': 240, 'mlp_dim_01': 96, 'mlp_dim_02': 112, 'hidden_channels': 176, 'num_layers': 3, 'num_timesteps': 3, 'dropout': 0.09723918283711949, 'train_learning_rate': 0.00014035931400510482, 'train_lr_reduce': 0.6}. Best is trial 632 with value: 0.13978464901447296.
[I 2024-12-15 17:04:33,880] Trial 1947 finished with value: 0.14577215909957886 and parameters: {'mlp_n_layers': 4, 'mlp_dim_00': 96, 'mlp_dim_01': 144, 'mlp_dim_02': 64, 'mlp_dim_03': 80, 'hidden_channels': 208, 'num_layers': 1, 'num_timesteps': 3, 'dropout': 0.012464292435526431, 'train_learning_rate': 0.004791099428615995, 'train_lr_reduce': 0.6}. Best is trial 632 with value: 0.13978464901447296.
[I 2024-12-15 17:04:38,929] Trial 1948 finished with value: 0.1791917085647583 and parameters: {'mlp_n_layers': 4, 'mlp_dim_00': 96, 'mlp_dim_01': 80, 'mlp_dim_02': 32, 'mlp_dim_03': 112, 'hidden_channels': 176, 'num_layers': 1, 'num_timesteps': 4, 'dropout': 0.02634104011170854, 'train_learning_rate': 0.00635154743470047, 'train_lr_reduce': 0.6}. Best is trial 632 with value: 0.13978464901447296.
[I 2024-12-15 17:04:43,800] Trial 1949 finished with value: 0.1829327940940857 and parameters: {'mlp_n_layers': 4, 'mlp_dim_00': 64, 'mlp_dim_01': 96, 'mlp_dim_02': 112, 'mlp_dim_03': 48, 'hidden_channels': 144, 'num_layers': 1, 'num_timesteps': 3, 'dropout': 0.010188424644654071, 'train_learning_rate': 0.005232640042967563, 'train_lr_reduce': 0.6}. Best is trial 632 with value: 0.13978464901447296.
[I 2024-12-15 17:04:44,980] Trial 1950 finished with value: 0.187368243932724 and parameters: {'mlp_n_layers': 4, 'mlp_dim_00': 64, 'mlp_dim_01': 112, 'mlp_dim_02': 32, 'mlp_dim_03': 80, 'hidden_channels': 192, 'num_layers': 1, 'num_timesteps': 3, 'dropout': 0.02713306786689268, 'train_learning_rate': 0.004331832518446332, 'train_lr_reduce': 0.6}. Best is trial 632 with value: 0.13978464901447296.
[I 2024-12-15 17:04:46,826] Trial 1951 finished with value: 0.2330865114927292 and parameters: {'mlp_n_layers': 3, 'mlp_dim_00': 144, 'mlp_dim_01': 112, 'mlp_dim_02': 64, 'hidden_channels': 256, 'num_layers': 1, 'num_timesteps': 3, 'dropout': 0.06430271893823847, 'train_learning_rate': 0.0035810821645169467, 'train_lr_reduce': 0.6}. Best is trial 632 with value: 0.13978464901447296.
[I 2024-12-15 17:04:51,752] Trial 1952 finished with value: 0.1697094589471817 and parameters: {'mlp_n_layers': 4, 'mlp_dim_00': 112, 'mlp_dim_01': 160, 'mlp_dim_02': 48, 'mlp_dim_03': 80, 'hidden_channels': 224, 'num_layers': 1, 'num_timesteps': 4, 'dropout': 0.0013381787935332623, 'train_learning_rate': 0.003392277840914649, 'train_lr_reduce': 0.6}. Best is trial 632 with value: 0.13978464901447296.
[I 2024-12-15 17:04:55,411] Trial 1954 finished with value: 0.15675325691699982 and parameters: {'mlp_n_layers': 4, 'mlp_dim_00': 128, 'mlp_dim_01': 160, 'mlp_dim_02': 64, 'mlp_dim_03': 80, 'hidden_channels': 176, 'num_layers': 1, 'num_timesteps': 2, 'dropout': 0.011998525939059613, 'train_learning_rate': 0.00584774843066205, 'train_lr_reduce': 0.6}. Best is trial 632 with value: 0.13978464901447296.
[I 2024-12-15 17:04:59,964] Trial 1953 finished with value: 0.1932283192873001 and parameters: {'mlp_n_layers': 4, 'mlp_dim_00': 112, 'mlp_dim_01': 144, 'mlp_dim_02': 48, 'mlp_dim_03': 80, 'hidden_channels': 208, 'num_layers': 1, 'num_timesteps': 3, 'dropout': 0.03211950290138616, 'train_learning_rate': 0.0038262516885223907, 'train_lr_reduce': 0.6}. Best is trial 632 with value: 0.13978464901447296.
[I 2024-12-15 17:05:03,168] Trial 1956 finished with value: 0.20969444513320923 and parameters: {'mlp_n_layers': 3, 'mlp_dim_00': 128, 'mlp_dim_01': 208, 'mlp_dim_02': 48, 'hidden_channels': 256, 'num_layers': 1, 'num_timesteps': 4, 'dropout': 0.009891456134322135, 'train_learning_rate': 0.005504297965271558, 'train_lr_reduce': 0.6}. Best is trial 632 with value: 0.13978464901447296.
[I 2024-12-15 17:05:03,633] Trial 1955 finished with value: 0.21004618704319 and parameters: {'mlp_n_layers': 4, 'mlp_dim_00': 80, 'mlp_dim_01': 144, 'mlp_dim_02': 64, 'mlp_dim_03': 80, 'hidden_channels': 128, 'num_layers': 1, 'num_timesteps': 3, 'dropout': 0.01739238468563099, 'train_learning_rate': 0.0037192434306118414, 'train_lr_reduce': 0.6}. Best is trial 632 with value: 0.13978464901447296.
[I 2024-12-15 17:05:10,819] Trial 1959 finished with value: 0.20361387729644775 and parameters: {'mlp_n_layers': 4, 'mlp_dim_00': 96, 'mlp_dim_01': 160, 'mlp_dim_02': 64, 'mlp_dim_03': 80, 'hidden_channels': 160, 'num_layers': 1, 'num_timesteps': 2, 'dropout': 0.05365399608468731, 'train_learning_rate': 0.002571523786209205, 'train_lr_reduce': 0.6}. Best is trial 632 with value: 0.13978464901447296.
[I 2024-12-15 17:05:10,870] Trial 1957 finished with value: 0.14753766357898712 and parameters: {'mlp_n_layers': 4, 'mlp_dim_00': 48, 'mlp_dim_01': 176, 'mlp_dim_02': 80, 'mlp_dim_03': 96, 'hidden_channels': 176, 'num_layers': 1, 'num_timesteps': 3, 'dropout': 0.007374195976010307, 'train_learning_rate': 0.004170622460196742, 'train_lr_reduce': 0.6}. Best is trial 632 with value: 0.13978464901447296.
[I 2024-12-15 17:05:12,717] Trial 1958 finished with value: 0.1918606460094452 and parameters: {'mlp_n_layers': 4, 'mlp_dim_00': 160, 'mlp_dim_01': 112, 'mlp_dim_02': 80, 'mlp_dim_03': 64, 'hidden_channels': 256, 'num_layers': 1, 'num_timesteps': 4, 'dropout': 0.12707731243475756, 'train_learning_rate': 0.003284468742258756, 'train_lr_reduce': 0.6}. Best is trial 632 with value: 0.13978464901447296.
[I 2024-12-15 17:05:19,887] Trial 1960 finished with value: 0.20167285203933716 and parameters: {'mlp_n_layers': 4, 'mlp_dim_00': 112, 'mlp_dim_01': 128, 'mlp_dim_02': 64, 'mlp_dim_03': 96, 'hidden_channels': 192, 'num_layers': 1, 'num_timesteps': 3, 'dropout': 0.05714913425340541, 'train_learning_rate': 0.00879347473107278, 'train_lr_reduce': 0.6}. Best is trial 632 with value: 0.13978464901447296.
[I 2024-12-15 17:05:19,908] Trial 1961 finished with value: 0.18306061625480652 and parameters: {'mlp_n_layers': 4, 'mlp_dim_00': 48, 'mlp_dim_01': 160, 'mlp_dim_02': 80, 'mlp_dim_03': 96, 'hidden_channels': 192, 'num_layers': 1, 'num_timesteps': 3, 'dropout': 0.05552739518583754, 'train_learning_rate': 0.007126684113679314, 'train_lr_reduce': 0.6}. Best is trial 632 with value: 0.13978464901447296.
[I 2024-12-15 17:05:21,416] Trial 1962 finished with value: 0.2561429440975189 and parameters: {'mlp_n_layers': 4, 'mlp_dim_00': 80, 'mlp_dim_01': 144, 'mlp_dim_02': 64, 'mlp_dim_03': 96, 'hidden_channels': 208, 'num_layers': 2, 'num_timesteps': 3, 'dropout': 0.014593088675659213, 'train_learning_rate': 0.005171345945873476, 'train_lr_reduce': 0.6}. Best is trial 632 with value: 0.13978464901447296.
[I 2024-12-15 17:05:30,438] Trial 1965 finished with value: 0.21594245731830597 and parameters: {'mlp_n_layers': 4, 'mlp_dim_00': 96, 'mlp_dim_01': 160, 'mlp_dim_02': 80, 'mlp_dim_03': 96, 'hidden_channels': 224, 'num_layers': 1, 'num_timesteps': 3, 'dropout': 0.006490927212773908, 'train_learning_rate': 0.0071855569728034915, 'train_lr_reduce': 0.6}. Best is trial 632 with value: 0.13978464901447296.
[I 2024-12-15 17:05:33,617] Trial 1963 finished with value: 0.24434269964694977 and parameters: {'mlp_n_layers': 2, 'mlp_dim_00': 160, 'mlp_dim_01': 64, 'hidden_channels': 64, 'num_layers': 4, 'num_timesteps': 1, 'dropout': 0.1447944505302249, 'train_learning_rate': 0.0008903639950540743, 'train_lr_reduce': 0.6}. Best is trial 632 with value: 0.13978464901447296.
[I 2024-12-15 17:05:33,628] Trial 1964 finished with value: 0.20174381136894226 and parameters: {'mlp_n_layers': 4, 'mlp_dim_00': 64, 'mlp_dim_01': 176, 'mlp_dim_02': 80, 'mlp_dim_03': 112, 'hidden_channels': 176, 'num_layers': 1, 'num_timesteps': 2, 'dropout': 0.030942290767591307, 'train_learning_rate': 0.003580754975345458, 'train_lr_reduce': 0.6}. Best is trial 632 with value: 0.13978464901447296.
[I 2024-12-15 17:05:37,543] Trial 1966 finished with value: 0.24641238152980804 and parameters: {'mlp_n_layers': 4, 'mlp_dim_00': 32, 'mlp_dim_01': 144, 'mlp_dim_02': 64, 'mlp_dim_03': 112, 'hidden_channels': 192, 'num_layers': 2, 'num_timesteps': 3, 'dropout': 0.044185654080445266, 'train_learning_rate': 0.0018884756338716112, 'train_lr_reduce': 0.6}. Best is trial 632 with value: 0.13978464901447296.
[I 2024-12-15 17:05:45,810] Trial 1969 finished with value: 0.16970588266849518 and parameters: {'mlp_n_layers': 4, 'mlp_dim_00': 96, 'mlp_dim_01': 192, 'mlp_dim_02': 80, 'mlp_dim_03': 112, 'hidden_channels': 160, 'num_layers': 1, 'num_timesteps': 3, 'dropout': 0.024732291963786342, 'train_learning_rate': 0.0020015090795058063, 'train_lr_reduce': 0.6}. Best is trial 632 with value: 0.13978464901447296.
[I 2024-12-15 17:05:47,377] Trial 1967 finished with value: 0.1768903136253357 and parameters: {'mlp_n_layers': 4, 'mlp_dim_00': 96, 'mlp_dim_01': 128, 'mlp_dim_02': 80, 'mlp_dim_03': 96, 'hidden_channels': 160, 'num_layers': 1, 'num_timesteps': 3, 'dropout': 0.008718305300198854, 'train_learning_rate': 0.001576399501127537, 'train_lr_reduce': 0.6}. Best is trial 632 with value: 0.13978464901447296.
[I 2024-12-15 17:05:47,749] Trial 1968 finished with value: 0.18892815709114075 and parameters: {'mlp_n_layers': 4, 'mlp_dim_00': 64, 'mlp_dim_01': 144, 'mlp_dim_02': 48, 'mlp_dim_03': 96, 'hidden_channels': 240, 'num_layers': 1, 'num_timesteps': 3, 'dropout': 0.03888307683222726, 'train_learning_rate': 0.001140371075558038, 'train_lr_reduce': 0.6}. Best is trial 632 with value: 0.13978464901447296.
[I 2024-12-15 17:05:53,253] Trial 1970 finished with value: 0.1898341178894043 and parameters: {'mlp_n_layers': 3, 'mlp_dim_00': 32, 'mlp_dim_01': 192, 'mlp_dim_02': 64, 'hidden_channels': 208, 'num_layers': 1, 'num_timesteps': 3, 'dropout': 0.031302517734023746, 'train_learning_rate': 0.0031490952609694793, 'train_lr_reduce': 0.6}. Best is trial 632 with value: 0.13978464901447296.
[I 2024-12-15 17:05:55,919] Trial 1972 finished with value: 0.23868189752101898 and parameters: {'mlp_n_layers': 4, 'mlp_dim_00': 32, 'mlp_dim_01': 192, 'mlp_dim_02': 80, 'mlp_dim_03': 112, 'hidden_channels': 208, 'num_layers': 2, 'num_timesteps': 3, 'dropout': 0.024396315494392612, 'train_learning_rate': 0.003441355311042496, 'train_lr_reduce': 0.6}. Best is trial 632 with value: 0.13978464901447296.
[I 2024-12-15 17:06:03,420] Trial 1974 finished with value: 0.1795656383037567 and parameters: {'mlp_n_layers': 4, 'mlp_dim_00': 224, 'mlp_dim_01': 256, 'mlp_dim_02': 32, 'mlp_dim_03': 112, 'hidden_channels': 80, 'num_layers': 1, 'num_timesteps': 2, 'dropout': 0.10845847703125996, 'train_learning_rate': 0.007623477166376999, 'train_lr_reduce': 0.6}. Best is trial 632 with value: 0.13978464901447296.
[I 2024-12-15 17:06:03,987] Trial 1971 finished with value: 0.17170079052448273 and parameters: {'mlp_n_layers': 4, 'mlp_dim_00': 96, 'mlp_dim_01': 144, 'mlp_dim_02': 64, 'mlp_dim_03': 96, 'hidden_channels': 160, 'num_layers': 1, 'num_timesteps': 3, 'dropout': 0.0008908748227578955, 'train_learning_rate': 0.0037158811078523493, 'train_lr_reduce': 0.6}. Best is trial 632 with value: 0.13978464901447296.
[I 2024-12-15 17:06:05,225] Trial 1973 finished with value: 0.20781274139881134 and parameters: {'mlp_n_layers': 4, 'mlp_dim_00': 80, 'mlp_dim_01': 176, 'mlp_dim_02': 80, 'mlp_dim_03': 96, 'hidden_channels': 208, 'num_layers': 1, 'num_timesteps': 3, 'dropout': 0.031482250940325245, 'train_learning_rate': 0.007909836064899164, 'train_lr_reduce': 0.6}. Best is trial 632 with value: 0.13978464901447296.
[I 2024-12-15 17:06:11,608] Trial 1977 finished with value: 0.21778640151023865 and parameters: {'mlp_n_layers': 4, 'mlp_dim_00': 80, 'mlp_dim_01': 144, 'mlp_dim_02': 64, 'mlp_dim_03': 80, 'hidden_channels': 192, 'num_layers': 1, 'num_timesteps': 2, 'dropout': 3.284716167257888e-05, 'train_learning_rate': 0.002124041989060241, 'train_lr_reduce': 0.6}. Best is trial 632 with value: 0.13978464901447296.
[I 2024-12-15 17:06:16,320] Trial 1975 finished with value: 0.15193350613117218 and parameters: {'mlp_n_layers': 4, 'mlp_dim_00': 32, 'mlp_dim_01': 176, 'mlp_dim_02': 48, 'mlp_dim_03': 96, 'hidden_channels': 160, 'num_layers': 1, 'num_timesteps': 3, 'dropout': 0.037550278618638265, 'train_learning_rate': 0.0058441586123197005, 'train_lr_reduce': 0.6}. Best is trial 632 with value: 0.13978464901447296.
[I 2024-12-15 17:06:18,879] Trial 1976 finished with value: 0.1479620486497879 and parameters: {'mlp_n_layers': 4, 'mlp_dim_00': 32, 'mlp_dim_01': 144, 'mlp_dim_02': 80, 'mlp_dim_03': 112, 'hidden_channels': 224, 'num_layers': 1, 'num_timesteps': 3, 'dropout': 0.02636021005798558, 'train_learning_rate': 0.00310758892327623, 'train_lr_reduce': 0.6}. Best is trial 632 with value: 0.13978464901447296.
[I 2024-12-15 17:06:27,695] Trial 1978 finished with value: 0.20433025062084198 and parameters: {'mlp_n_layers': 2, 'mlp_dim_00': 240, 'mlp_dim_01': 144, 'hidden_channels': 240, 'num_layers': 2, 'num_timesteps': 3, 'dropout': 0.007749207728706221, 'train_learning_rate': 0.0011663733525934172, 'train_lr_reduce': 0.6}. Best is trial 632 with value: 0.13978464901447296.
[I 2024-12-15 17:06:28,738] Trial 1980 finished with value: 0.19559910893440247 and parameters: {'mlp_n_layers': 2, 'mlp_dim_00': 96, 'mlp_dim_01': 176, 'hidden_channels': 192, 'num_layers': 1, 'num_timesteps': 4, 'dropout': 0.06559864726053885, 'train_learning_rate': 0.004444211575370568, 'train_lr_reduce': 0.6}. Best is trial 632 with value: 0.13978464901447296.
[I 2024-12-15 17:06:29,632] Trial 1979 finished with value: 0.1831822693347931 and parameters: {'mlp_n_layers': 4, 'mlp_dim_00': 96, 'mlp_dim_01': 160, 'mlp_dim_02': 48, 'mlp_dim_03': 96, 'hidden_channels': 208, 'num_layers': 1, 'num_timesteps': 3, 'dropout': 0.0720887934790572, 'train_learning_rate': 0.0043193137028282, 'train_lr_reduce': 0.6}. Best is trial 632 with value: 0.13978464901447296.
[I 2024-12-15 17:06:37,278] Trial 1981 finished with value: 0.19393481314182281 and parameters: {'mlp_n_layers': 4, 'mlp_dim_00': 48, 'mlp_dim_01': 144, 'mlp_dim_02': 80, 'mlp_dim_03': 112, 'hidden_channels': 224, 'num_layers': 1, 'num_timesteps': 3, 'dropout': 0.0016281150631291888, 'train_learning_rate': 0.006238750453250404, 'train_lr_reduce': 0.6}. Best is trial 632 with value: 0.13978464901447296.
[I 2024-12-15 17:06:40,224] Trial 1983 finished with value: 0.2547142505645752 and parameters: {'mlp_n_layers': 4, 'mlp_dim_00': 32, 'mlp_dim_01': 112, 'mlp_dim_02': 80, 'mlp_dim_03': 128, 'hidden_channels': 208, 'num_layers': 2, 'num_timesteps': 3, 'dropout': 0.008119184040984561, 'train_learning_rate': 0.001423557736135151, 'train_lr_reduce': 0.6}. Best is trial 632 with value: 0.13978464901447296.
[I 2024-12-15 17:06:43,230] Trial 1982 finished with value: 0.24152019619941711 and parameters: {'mlp_n_layers': 2, 'mlp_dim_00': 176, 'mlp_dim_01': 80, 'hidden_channels': 240, 'num_layers': 3, 'num_timesteps': 1, 'dropout': 0.2412599550643473, 'train_learning_rate': 0.00021360416997390997, 'train_lr_reduce': 0.6}. Best is trial 632 with value: 0.13978464901447296.
[I 2024-12-15 17:06:47,203] Trial 1984 finished with value: 0.22923915088176727 and parameters: {'mlp_n_layers': 2, 'mlp_dim_00': 128, 'mlp_dim_01': 160, 'hidden_channels': 160, 'num_layers': 4, 'num_timesteps': 4, 'dropout': 0.036816692603486245, 'train_learning_rate': 0.0012721132837913982, 'train_lr_reduce': 0.6}. Best is trial 632 with value: 0.13978464901447296.
[I 2024-12-15 17:06:50,680] Trial 1985 finished with value: 0.18058130145072937 and parameters: {'mlp_n_layers': 4, 'mlp_dim_00': 32, 'mlp_dim_01': 144, 'mlp_dim_02': 80, 'mlp_dim_03': 112, 'hidden_channels': 208, 'num_layers': 1, 'num_timesteps': 3, 'dropout': 0.09159991708634718, 'train_learning_rate': 0.001521648312564973, 'train_lr_reduce': 0.6}. Best is trial 632 with value: 0.13978464901447296.
[I 2024-12-15 17:06:50,976] Trial 1986 finished with value: 0.20473109185695648 and parameters: {'mlp_n_layers': 3, 'mlp_dim_00': 128, 'mlp_dim_01': 160, 'mlp_dim_02': 80, 'hidden_channels': 144, 'num_layers': 2, 'num_timesteps': 3, 'dropout': 0.017000933510623803, 'train_learning_rate': 0.005713656840475482, 'train_lr_reduce': 0.6}. Best is trial 632 with value: 0.13978464901447296.
[I 2024-12-15 17:06:57,647] Trial 1988 finished with value: 0.2445944994688034 and parameters: {'mlp_n_layers': 4, 'mlp_dim_00': 112, 'mlp_dim_01': 160, 'mlp_dim_02': 64, 'mlp_dim_03': 112, 'hidden_channels': 208, 'num_layers': 2, 'num_timesteps': 2, 'dropout': 0.028552459178992965, 'train_learning_rate': 0.007126283894902893, 'train_lr_reduce': 0.6}. Best is trial 632 with value: 0.13978464901447296.
[I 2024-12-15 17:07:02,924] Trial 1987 finished with value: 0.176557257771492 and parameters: {'mlp_n_layers': 4, 'mlp_dim_00': 64, 'mlp_dim_01': 160, 'mlp_dim_02': 80, 'mlp_dim_03': 128, 'hidden_channels': 208, 'num_layers': 1, 'num_timesteps': 3, 'dropout': 0.03217183292008821, 'train_learning_rate': 0.0032302935239874515, 'train_lr_reduce': 0.6}. Best is trial 632 with value: 0.13978464901447296.
[I 2024-12-15 17:07:04,015] Trial 1989 finished with value: 0.14526870846748352 and parameters: {'mlp_n_layers': 4, 'mlp_dim_00': 64, 'mlp_dim_01': 176, 'mlp_dim_02': 64, 'mlp_dim_03': 128, 'hidden_channels': 240, 'num_layers': 1, 'num_timesteps': 3, 'dropout': 0.001112203391270914, 'train_learning_rate': 0.003374336911318822, 'train_lr_reduce': 0.6}. Best is trial 632 with value: 0.13978464901447296.
[I 2024-12-15 17:07:06,647] Trial 1990 finished with value: 0.20017249882221222 and parameters: {'mlp_n_layers': 3, 'mlp_dim_00': 144, 'mlp_dim_01': 80, 'mlp_dim_02': 48, 'hidden_channels': 192, 'num_layers': 3, 'num_timesteps': 3, 'dropout': 0.19959818612304306, 'train_learning_rate': 0.006447962383784676, 'train_lr_reduce': 0.6}. Best is trial 632 with value: 0.13978464901447296.
[I 2024-12-15 17:07:14,482] Trial 1992 finished with value: 0.25380343198776245 and parameters: {'mlp_n_layers': 3, 'mlp_dim_00': 32, 'mlp_dim_01': 144, 'mlp_dim_02': 32, 'hidden_channels': 240, 'num_layers': 2, 'num_timesteps': 3, 'dropout': 0.01400267567145844, 'train_learning_rate': 0.002969178304379298, 'train_lr_reduce': 0.6}. Best is trial 632 with value: 0.13978464901447296.
[I 2024-12-15 17:07:15,968] Trial 1993 finished with value: 0.22550757229328156 and parameters: {'mlp_n_layers': 4, 'mlp_dim_00': 64, 'mlp_dim_01': 160, 'mlp_dim_02': 48, 'mlp_dim_03': 128, 'hidden_channels': 144, 'num_layers': 2, 'num_timesteps': 2, 'dropout': 0.03306626912776973, 'train_learning_rate': 0.007126424597749731, 'train_lr_reduce': 0.6}. Best is trial 632 with value: 0.13978464901447296.
[I 2024-12-15 17:07:16,827] Trial 1991 finished with value: 0.14865662157535553 and parameters: {'mlp_n_layers': 4, 'mlp_dim_00': 48, 'mlp_dim_01': 144, 'mlp_dim_02': 96, 'mlp_dim_03': 112, 'hidden_channels': 160, 'num_layers': 1, 'num_timesteps': 4, 'dropout': 0.05590203626856212, 'train_learning_rate': 0.003867918846388985, 'train_lr_reduce': 0.6}. Best is trial 632 with value: 0.13978464901447296.
[I 2024-12-15 17:07:22,453] Trial 1995 finished with value: 0.22331111133098602 and parameters: {'mlp_n_layers': 4, 'mlp_dim_00': 32, 'mlp_dim_01': 128, 'mlp_dim_02': 96, 'mlp_dim_03': 112, 'hidden_channels': 112, 'num_layers': 1, 'num_timesteps': 3, 'dropout': 0.028945242539993338, 'train_learning_rate': 0.009625503613381468, 'train_lr_reduce': 0.6}. Best is trial 632 with value: 0.13978464901447296.
