[I 2024-12-26 05:03:03,054] Trial 1235 finished with value: 0.011543168686330318 and parameters: {'L1_hidden_dim': 176, 'L1_layers_atom': 2, 'L1_layers_mol': 3, 'L1_dropout': 0.03929234430095779, 'L1_out_dim': 48, 'L2_hidden_dim': 208, 'L2_layers_atom': 1, 'L2_layers_mol': 4, 'L2_out_dim': 112, 'L2_dropout': 0.024159324815838493, 'L3_hidden_dim': 32, 'L3_layers_atom': 2, 'L3_layers_mol': 1, 'L3_out_dim': 96, 'L3_dropout': 0.05256956522066593, 'n_mlp_layers': 3, 'mlp_dim_0': 384, 'mlp_dim_1': 480, 'mlp_dim_2': 304, 'num_heads': 2, 'final_dropout': 0.288007575682447, 'train_learning_rate': 0.0011251157488105235, 'train_lr_reduce': 0.6}. Best is trial 1073 with value: 0.009419886395335197.
[I 2024-12-26 05:03:48,232] Trial 1234 finished with value: 0.016102563589811325 and parameters: {'L1_hidden_dim': 96, 'L1_layers_atom': 2, 'L1_layers_mol': 2, 'L1_dropout': 0.016715675528998726, 'L1_out_dim': 32, 'L2_hidden_dim': 192, 'L2_layers_atom': 1, 'L2_layers_mol': 3, 'L2_out_dim': 128, 'L2_dropout': 0.050428224837836544, 'L3_hidden_dim': 64, 'L3_layers_atom': 1, 'L3_layers_mol': 1, 'L3_out_dim': 112, 'L3_dropout': 0.06959357812412141, 'n_mlp_layers': 3, 'mlp_dim_0': 416, 'mlp_dim_1': 416, 'mlp_dim_2': 224, 'num_heads': 2, 'final_dropout': 0.29998061634338763, 'train_learning_rate': 0.0017210967652809953, 'train_lr_reduce': 0.6}. Best is trial 1073 with value: 0.009419886395335197.
[I 2024-12-26 05:04:38,896] Trial 1236 finished with value: 0.017318639904260635 and parameters: {'L1_hidden_dim': 224, 'L1_layers_atom': 1, 'L1_layers_mol': 1, 'L1_dropout': 0.07800124470665826, 'L1_out_dim': 32, 'L2_hidden_dim': 96, 'L2_layers_atom': 1, 'L2_layers_mol': 1, 'L2_out_dim': 48, 'L2_dropout': 0.09203462544926239, 'L3_hidden_dim': 112, 'L3_layers_atom': 3, 'L3_layers_mol': 4, 'L3_out_dim': 96, 'L3_dropout': 0.18119474876796815, 'n_mlp_layers': 1, 'mlp_dim_0': 496, 'num_heads': 2, 'final_dropout': 0.28692330961862483, 'train_learning_rate': 0.0004239611234424668, 'train_lr_reduce': 0.6}. Best is trial 1073 with value: 0.009419886395335197.
[I 2024-12-26 05:05:35,925] Trial 1237 finished with value: 0.01169614028185606 and parameters: {'L1_hidden_dim': 96, 'L1_layers_atom': 4, 'L1_layers_mol': 2, 'L1_dropout': 0.004173533482092593, 'L1_out_dim': 64, 'L2_hidden_dim': 240, 'L2_layers_atom': 2, 'L2_layers_mol': 3, 'L2_out_dim': 32, 'L2_dropout': 0.01903863123765332, 'L3_hidden_dim': 48, 'L3_layers_atom': 1, 'L3_layers_mol': 1, 'L3_out_dim': 64, 'L3_dropout': 0.21578768971178203, 'n_mlp_layers': 2, 'mlp_dim_0': 512, 'mlp_dim_1': 368, 'num_heads': 2, 'final_dropout': 0.23075439383123914, 'train_learning_rate': 0.0002675148731676194, 'train_lr_reduce': 0.6}. Best is trial 1073 with value: 0.009419886395335197.
[I 2024-12-26 05:07:13,714] Trial 1239 finished with value: 0.01987590454518795 and parameters: {'L1_hidden_dim': 160, 'L1_layers_atom': 4, 'L1_layers_mol': 4, 'L1_dropout': 0.04089705048762425, 'L1_out_dim': 80, 'L2_hidden_dim': 80, 'L2_layers_atom': 2, 'L2_layers_mol': 1, 'L2_out_dim': 112, 'L2_dropout': 0.171687125060743, 'L3_hidden_dim': 96, 'L3_layers_atom': 4, 'L3_layers_mol': 1, 'L3_out_dim': 80, 'L3_dropout': 0.011257920490821166, 'n_mlp_layers': 3, 'mlp_dim_0': 400, 'mlp_dim_1': 312, 'mlp_dim_2': 192, 'num_heads': 2, 'final_dropout': 0.15206773622261105, 'train_learning_rate': 0.00017994790475396846, 'train_lr_reduce': 0.6}. Best is trial 1073 with value: 0.009419886395335197.
[I 2024-12-26 05:07:39,722] Trial 1238 finished with value: 0.01485824678093195 and parameters: {'L1_hidden_dim': 160, 'L1_layers_atom': 2, 'L1_layers_mol': 1, 'L1_dropout': 0.007971395004381281, 'L1_out_dim': 48, 'L2_hidden_dim': 192, 'L2_layers_atom': 1, 'L2_layers_mol': 2, 'L2_out_dim': 80, 'L2_dropout': 0.062012846807360286, 'L3_hidden_dim': 48, 'L3_layers_atom': 2, 'L3_layers_mol': 2, 'L3_out_dim': 96, 'L3_dropout': 0.06987839070831228, 'n_mlp_layers': 3, 'mlp_dim_0': 368, 'mlp_dim_1': 432, 'mlp_dim_2': 248, 'num_heads': 2, 'final_dropout': 0.17138198545675884, 'train_learning_rate': 0.00018266426624821767, 'train_lr_reduce': 0.6}. Best is trial 1073 with value: 0.009419886395335197.
[I 2024-12-26 05:08:12,542] Trial 1240 finished with value: 0.014361684210598469 and parameters: {'L1_hidden_dim': 224, 'L1_layers_atom': 3, 'L1_layers_mol': 1, 'L1_dropout': 0.0077719334067795215, 'L1_out_dim': 48, 'L2_hidden_dim': 208, 'L2_layers_atom': 1, 'L2_layers_mol': 1, 'L2_out_dim': 128, 'L2_dropout': 0.05290125780102692, 'L3_hidden_dim': 48, 'L3_layers_atom': 3, 'L3_layers_mol': 3, 'L3_out_dim': 64, 'L3_dropout': 0.0012000256781495092, 'n_mlp_layers': 3, 'mlp_dim_0': 328, 'mlp_dim_1': 384, 'mlp_dim_2': 72, 'num_heads': 2, 'final_dropout': 0.274566482351945, 'train_learning_rate': 0.001390833296508737, 'train_lr_reduce': 0.6}. Best is trial 1073 with value: 0.009419886395335197.
[I 2024-12-26 05:09:38,954] Trial 1241 finished with value: 0.013566330075263977 and parameters: {'L1_hidden_dim': 96, 'L1_layers_atom': 1, 'L1_layers_mol': 3, 'L1_dropout': 0.03422098347615688, 'L1_out_dim': 64, 'L2_hidden_dim': 176, 'L2_layers_atom': 1, 'L2_layers_mol': 3, 'L2_out_dim': 128, 'L2_dropout': 0.03271355442844301, 'L3_hidden_dim': 32, 'L3_layers_atom': 2, 'L3_layers_mol': 2, 'L3_out_dim': 96, 'L3_dropout': 0.029136105809006947, 'n_mlp_layers': 3, 'mlp_dim_0': 488, 'mlp_dim_1': 480, 'mlp_dim_2': 272, 'num_heads': 2, 'final_dropout': 0.2716970656940059, 'train_learning_rate': 0.0003011450034135544, 'train_lr_reduce': 0.6}. Best is trial 1073 with value: 0.009419886395335197.
[I 2024-12-26 05:09:55,995] Trial 1242 finished with value: 0.011728447861969471 and parameters: {'L1_hidden_dim': 160, 'L1_layers_atom': 4, 'L1_layers_mol': 2, 'L1_dropout': 0.0033903498789781238, 'L1_out_dim': 80, 'L2_hidden_dim': 208, 'L2_layers_atom': 2, 'L2_layers_mol': 2, 'L2_out_dim': 128, 'L2_dropout': 0.00749842720210867, 'L3_hidden_dim': 80, 'L3_layers_atom': 3, 'L3_layers_mol': 3, 'L3_out_dim': 112, 'L3_dropout': 0.019875589779824697, 'n_mlp_layers': 3, 'mlp_dim_0': 312, 'mlp_dim_1': 432, 'mlp_dim_2': 184, 'num_heads': 1, 'final_dropout': 0.24668265858305755, 'train_learning_rate': 0.0010763964584151408, 'train_lr_reduce': 0.6}. Best is trial 1073 with value: 0.009419886395335197.
[I 2024-12-26 05:10:32,141] Trial 1243 finished with value: 0.012806822545826435 and parameters: {'L1_hidden_dim': 160, 'L1_layers_atom': 1, 'L1_layers_mol': 3, 'L1_dropout': 0.2629608107681865, 'L1_out_dim': 32, 'L2_hidden_dim': 208, 'L2_layers_atom': 1, 'L2_layers_mol': 1, 'L2_out_dim': 64, 'L2_dropout': 0.0137412434787848, 'L3_hidden_dim': 128, 'L3_layers_atom': 2, 'L3_layers_mol': 1, 'L3_out_dim': 64, 'L3_dropout': 0.07322225397664008, 'n_mlp_layers': 1, 'mlp_dim_0': 480, 'num_heads': 2, 'final_dropout': 0.05259227923739972, 'train_learning_rate': 0.0004136336297518504, 'train_lr_reduce': 0.6}. Best is trial 1073 with value: 0.009419886395335197.
[I 2024-12-26 05:11:47,610] Trial 1244 finished with value: 0.01220298558473587 and parameters: {'L1_hidden_dim': 144, 'L1_layers_atom': 4, 'L1_layers_mol': 4, 'L1_dropout': 0.08459473367368403, 'L1_out_dim': 80, 'L2_hidden_dim': 192, 'L2_layers_atom': 1, 'L2_layers_mol': 3, 'L2_out_dim': 112, 'L2_dropout': 0.10256915991392634, 'L3_hidden_dim': 80, 'L3_layers_atom': 4, 'L3_layers_mol': 2, 'L3_out_dim': 112, 'L3_dropout': 0.18244215044105835, 'n_mlp_layers': 3, 'mlp_dim_0': 440, 'mlp_dim_1': 360, 'mlp_dim_2': 32, 'num_heads': 2, 'final_dropout': 0.24082803643566233, 'train_learning_rate': 0.0008027787217788357, 'train_lr_reduce': 0.6}. Best is trial 1073 with value: 0.009419886395335197.
[I 2024-12-26 05:12:53,123] Trial 1246 finished with value: 0.016568763181567192 and parameters: {'L1_hidden_dim': 176, 'L1_layers_atom': 4, 'L1_layers_mol': 1, 'L1_dropout': 0.03454501229846457, 'L1_out_dim': 32, 'L2_hidden_dim': 144, 'L2_layers_atom': 1, 'L2_layers_mol': 3, 'L2_out_dim': 128, 'L2_dropout': 0.0834049460322487, 'L3_hidden_dim': 48, 'L3_layers_atom': 3, 'L3_layers_mol': 1, 'L3_out_dim': 128, 'L3_dropout': 0.007847920813956542, 'n_mlp_layers': 3, 'mlp_dim_0': 264, 'mlp_dim_1': 424, 'mlp_dim_2': 72, 'num_heads': 1, 'final_dropout': 0.2204265847263294, 'train_learning_rate': 0.0012125776108057435, 'train_lr_reduce': 0.6}. Best is trial 1073 with value: 0.009419886395335197.
[I 2024-12-26 05:12:58,465] Trial 1245 finished with value: 0.0160325039178133 and parameters: {'L1_hidden_dim': 256, 'L1_layers_atom': 1, 'L1_layers_mol': 1, 'L1_dropout': 0.10194257422083244, 'L1_out_dim': 80, 'L2_hidden_dim': 176, 'L2_layers_atom': 1, 'L2_layers_mol': 3, 'L2_out_dim': 96, 'L2_dropout': 0.039934225217860116, 'L3_hidden_dim': 32, 'L3_layers_atom': 1, 'L3_layers_mol': 1, 'L3_out_dim': 128, 'L3_dropout': 0.016201743917120023, 'n_mlp_layers': 3, 'mlp_dim_0': 512, 'mlp_dim_1': 288, 'mlp_dim_2': 128, 'num_heads': 1, 'final_dropout': 0.29349700150309954, 'train_learning_rate': 0.0002928574929734427, 'train_lr_reduce': 0.6}. Best is trial 1073 with value: 0.009419886395335197.
[I 2024-12-26 05:14:09,952] Trial 1247 finished with value: 0.011081470176577568 and parameters: {'L1_hidden_dim': 144, 'L1_layers_atom': 2, 'L1_layers_mol': 2, 'L1_dropout': 0.0214124123015559, 'L1_out_dim': 80, 'L2_hidden_dim': 240, 'L2_layers_atom': 1, 'L2_layers_mol': 2, 'L2_out_dim': 128, 'L2_dropout': 0.018422370038026152, 'L3_hidden_dim': 32, 'L3_layers_atom': 1, 'L3_layers_mol': 2, 'L3_out_dim': 112, 'L3_dropout': 0.0697439234022551, 'n_mlp_layers': 3, 'mlp_dim_0': 472, 'mlp_dim_1': 328, 'mlp_dim_2': 216, 'num_heads': 2, 'final_dropout': 0.2212737511676206, 'train_learning_rate': 0.000780476825726929, 'train_lr_reduce': 0.6}. Best is trial 1073 with value: 0.009419886395335197.
[I 2024-12-26 05:15:40,994] Trial 1249 finished with value: 0.011271956376731396 and parameters: {'L1_hidden_dim': 176, 'L1_layers_atom': 4, 'L1_layers_mol': 3, 'L1_dropout': 0.08300653495374334, 'L1_out_dim': 48, 'L2_hidden_dim': 96, 'L2_layers_atom': 1, 'L2_layers_mol': 1, 'L2_out_dim': 128, 'L2_dropout': 0.004166623161225565, 'L3_hidden_dim': 112, 'L3_layers_atom': 3, 'L3_layers_mol': 2, 'L3_out_dim': 128, 'L3_dropout': 0.01913817435359136, 'n_mlp_layers': 3, 'mlp_dim_0': 496, 'mlp_dim_1': 456, 'mlp_dim_2': 72, 'num_heads': 1, 'final_dropout': 0.13543329142402077, 'train_learning_rate': 0.0005301587328620072, 'train_lr_reduce': 0.6}. Best is trial 1073 with value: 0.009419886395335197.
[I 2024-12-26 05:16:09,786] Trial 1248 finished with value: 0.012217513285577297 and parameters: {'L1_hidden_dim': 192, 'L1_layers_atom': 1, 'L1_layers_mol': 2, 'L1_dropout': 0.03428412526815296, 'L1_out_dim': 96, 'L2_hidden_dim': 192, 'L2_layers_atom': 1, 'L2_layers_mol': 4, 'L2_out_dim': 112, 'L2_dropout': 0.014397553821101167, 'L3_hidden_dim': 32, 'L3_layers_atom': 1, 'L3_layers_mol': 2, 'L3_out_dim': 112, 'L3_dropout': 0.06938007934409018, 'n_mlp_layers': 3, 'mlp_dim_0': 440, 'mlp_dim_1': 376, 'mlp_dim_2': 296, 'num_heads': 2, 'final_dropout': 0.2583455704514698, 'train_learning_rate': 0.0004796904063474829, 'train_lr_reduce': 0.6}. Best is trial 1073 with value: 0.009419886395335197.
[I 2024-12-26 05:17:21,111] Trial 1250 finished with value: 0.011180266737937927 and parameters: {'L1_hidden_dim': 176, 'L1_layers_atom': 4, 'L1_layers_mol': 4, 'L1_dropout': 0.039498570630005725, 'L1_out_dim': 48, 'L2_hidden_dim': 64, 'L2_layers_atom': 1, 'L2_layers_mol': 1, 'L2_out_dim': 128, 'L2_dropout': 0.055816895151061655, 'L3_hidden_dim': 80, 'L3_layers_atom': 4, 'L3_layers_mol': 2, 'L3_out_dim': 112, 'L3_dropout': 0.04063863250749049, 'n_mlp_layers': 3, 'mlp_dim_0': 376, 'mlp_dim_1': 328, 'mlp_dim_2': 120, 'num_heads': 2, 'final_dropout': 0.13103081531557828, 'train_learning_rate': 0.0005716676350545793, 'train_lr_reduce': 0.6}. Best is trial 1073 with value: 0.009419886395335197.
[I 2024-12-26 05:18:14,701] Trial 1251 finished with value: 0.011434168554842472 and parameters: {'L1_hidden_dim': 224, 'L1_layers_atom': 3, 'L1_layers_mol': 3, 'L1_dropout': 0.019152061257019036, 'L1_out_dim': 80, 'L2_hidden_dim': 224, 'L2_layers_atom': 1, 'L2_layers_mol': 3, 'L2_out_dim': 80, 'L2_dropout': 0.10837340204207287, 'L3_hidden_dim': 80, 'L3_layers_atom': 1, 'L3_layers_mol': 1, 'L3_out_dim': 64, 'L3_dropout': 0.16822566332340952, 'n_mlp_layers': 3, 'mlp_dim_0': 216, 'mlp_dim_1': 256, 'mlp_dim_2': 248, 'num_heads': 2, 'final_dropout': 0.23317534976576745, 'train_learning_rate': 0.00016259971142105863, 'train_lr_reduce': 0.6}. Best is trial 1073 with value: 0.009419886395335197.
[I 2024-12-26 05:19:07,856] Trial 1252 finished with value: 0.038625318557024 and parameters: {'L1_hidden_dim': 96, 'L1_layers_atom': 1, 'L1_layers_mol': 2, 'L1_dropout': 0.26265159439726665, 'L1_out_dim': 128, 'L2_hidden_dim': 224, 'L2_layers_atom': 1, 'L2_layers_mol': 4, 'L2_out_dim': 96, 'L2_dropout': 0.23179001391324106, 'L3_hidden_dim': 80, 'L3_layers_atom': 1, 'L3_layers_mol': 4, 'L3_out_dim': 48, 'L3_dropout': 0.29636829493039324, 'n_mlp_layers': 1, 'mlp_dim_0': 504, 'num_heads': 2, 'final_dropout': 0.2638174549297789, 'train_learning_rate': 0.0010308802844507302, 'train_lr_reduce': 0.6}. Best is trial 1073 with value: 0.009419886395335197.
[I 2024-12-26 05:20:12,284] Trial 1253 finished with value: 0.011562799103558064 and parameters: {'L1_hidden_dim': 144, 'L1_layers_atom': 1, 'L1_layers_mol': 2, 'L1_dropout': 0.03613760961174074, 'L1_out_dim': 64, 'L2_hidden_dim': 240, 'L2_layers_atom': 2, 'L2_layers_mol': 4, 'L2_out_dim': 128, 'L2_dropout': 0.03457973523467676, 'L3_hidden_dim': 80, 'L3_layers_atom': 1, 'L3_layers_mol': 1, 'L3_out_dim': 96, 'L3_dropout': 0.04168340159048391, 'n_mlp_layers': 3, 'mlp_dim_0': 472, 'mlp_dim_1': 392, 'mlp_dim_2': 32, 'num_heads': 2, 'final_dropout': 0.2343600672441888, 'train_learning_rate': 0.00040133571530005666, 'train_lr_reduce': 0.6}. Best is trial 1073 with value: 0.009419886395335197.
[I 2024-12-26 05:20:56,092] Trial 1254 finished with value: 0.012758107855916023 and parameters: {'L1_hidden_dim': 240, 'L1_layers_atom': 2, 'L1_layers_mol': 2, 'L1_dropout': 0.14242381484428052, 'L1_out_dim': 32, 'L2_hidden_dim': 96, 'L2_layers_atom': 2, 'L2_layers_mol': 1, 'L2_out_dim': 80, 'L2_dropout': 0.004787026497329724, 'L3_hidden_dim': 112, 'L3_layers_atom': 4, 'L3_layers_mol': 4, 'L3_out_dim': 96, 'L3_dropout': 0.21777750279950736, 'n_mlp_layers': 1, 'mlp_dim_0': 256, 'num_heads': 2, 'final_dropout': 0.22735919403793384, 'train_learning_rate': 0.00035641035645131794, 'train_lr_reduce': 0.6}. Best is trial 1073 with value: 0.009419886395335197.
[I 2024-12-26 05:22:08,965] Trial 1256 finished with value: 0.011913307011127472 and parameters: {'L1_hidden_dim': 240, 'L1_layers_atom': 3, 'L1_layers_mol': 1, 'L1_dropout': 0.02133842215349819, 'L1_out_dim': 48, 'L2_hidden_dim': 256, 'L2_layers_atom': 1, 'L2_layers_mol': 1, 'L2_out_dim': 128, 'L2_dropout': 0.03493742809928303, 'L3_hidden_dim': 80, 'L3_layers_atom': 1, 'L3_layers_mol': 2, 'L3_out_dim': 64, 'L3_dropout': 0.09978068381853943, 'n_mlp_layers': 3, 'mlp_dim_0': 344, 'mlp_dim_1': 432, 'mlp_dim_2': 168, 'num_heads': 2, 'final_dropout': 0.19889343788196287, 'train_learning_rate': 0.0006666610439523096, 'train_lr_reduce': 0.6}. Best is trial 1073 with value: 0.009419886395335197.
[I 2024-12-26 05:22:21,222] Trial 1255 finished with value: 0.012972903437912464 and parameters: {'L1_hidden_dim': 208, 'L1_layers_atom': 4, 'L1_layers_mol': 2, 'L1_dropout': 0.013323558328163424, 'L1_out_dim': 32, 'L2_hidden_dim': 256, 'L2_layers_atom': 2, 'L2_layers_mol': 3, 'L2_out_dim': 32, 'L2_dropout': 0.04674698712411225, 'L3_hidden_dim': 48, 'L3_layers_atom': 3, 'L3_layers_mol': 1, 'L3_out_dim': 48, 'L3_dropout': 0.2176216656872873, 'n_mlp_layers': 2, 'mlp_dim_0': 376, 'mlp_dim_1': 480, 'num_heads': 2, 'final_dropout': 0.011253738658863963, 'train_learning_rate': 0.0008138296816776146, 'train_lr_reduce': 0.6}. Best is trial 1073 with value: 0.009419886395335197.
[I 2024-12-26 05:23:15,315] Trial 1257 finished with value: 0.011425417847931385 and parameters: {'L1_hidden_dim': 240, 'L1_layers_atom': 1, 'L1_layers_mol': 4, 'L1_dropout': 0.2781204185914645, 'L1_out_dim': 112, 'L2_hidden_dim': 128, 'L2_layers_atom': 1, 'L2_layers_mol': 1, 'L2_out_dim': 128, 'L2_dropout': 0.02317262010674711, 'L3_hidden_dim': 48, 'L3_layers_atom': 4, 'L3_layers_mol': 3, 'L3_out_dim': 48, 'L3_dropout': 0.07524983479977773, 'n_mlp_layers': 3, 'mlp_dim_0': 488, 'mlp_dim_1': 352, 'mlp_dim_2': 80, 'num_heads': 2, 'final_dropout': 0.26707409855366576, 'train_learning_rate': 0.0009168157604775876, 'train_lr_reduce': 0.6}. Best is trial 1073 with value: 0.009419886395335197.
[I 2024-12-26 05:24:20,690] Trial 1258 finished with value: 0.012931711971759796 and parameters: {'L1_hidden_dim': 144, 'L1_layers_atom': 2, 'L1_layers_mol': 1, 'L1_dropout': 0.004988549213045659, 'L1_out_dim': 48, 'L2_hidden_dim': 256, 'L2_layers_atom': 1, 'L2_layers_mol': 2, 'L2_out_dim': 112, 'L2_dropout': 0.07266107432086946, 'L3_hidden_dim': 96, 'L3_layers_atom': 1, 'L3_layers_mol': 2, 'L3_out_dim': 80, 'L3_dropout': 0.020504722863857346, 'n_mlp_layers': 3, 'mlp_dim_0': 248, 'mlp_dim_1': 296, 'mlp_dim_2': 232, 'num_heads': 2, 'final_dropout': 0.22332782485123037, 'train_learning_rate': 0.00019437306269120812, 'train_lr_reduce': 0.6}. Best is trial 1073 with value: 0.009419886395335197.
[I 2024-12-26 05:25:00,076] Trial 1260 finished with value: 0.011874496936798096 and parameters: {'L1_hidden_dim': 192, 'L1_layers_atom': 3, 'L1_layers_mol': 1, 'L1_dropout': 0.04555779700499696, 'L1_out_dim': 64, 'L2_hidden_dim': 208, 'L2_layers_atom': 1, 'L2_layers_mol': 1, 'L2_out_dim': 96, 'L2_dropout': 0.010261617166393844, 'L3_hidden_dim': 96, 'L3_layers_atom': 2, 'L3_layers_mol': 3, 'L3_out_dim': 96, 'L3_dropout': 0.024570599875701413, 'n_mlp_layers': 3, 'mlp_dim_0': 144, 'mlp_dim_1': 480, 'mlp_dim_2': 112, 'num_heads': 2, 'final_dropout': 0.22282192205202722, 'train_learning_rate': 0.0010532904544274361, 'train_lr_reduce': 0.6}. Best is trial 1073 with value: 0.009419886395335197.
[I 2024-12-26 05:25:28,127] Trial 1259 finished with value: 0.011273106560111046 and parameters: {'L1_hidden_dim': 128, 'L1_layers_atom': 4, 'L1_layers_mol': 3, 'L1_dropout': 0.005596513190864547, 'L1_out_dim': 48, 'L2_hidden_dim': 256, 'L2_layers_atom': 3, 'L2_layers_mol': 3, 'L2_out_dim': 32, 'L2_dropout': 0.027234964182232632, 'L3_hidden_dim': 64, 'L3_layers_atom': 4, 'L3_layers_mol': 1, 'L3_out_dim': 48, 'L3_dropout': 0.13326314542762796, 'n_mlp_layers': 3, 'mlp_dim_0': 208, 'mlp_dim_1': 392, 'mlp_dim_2': 32, 'num_heads': 1, 'final_dropout': 0.08818023772721888, 'train_learning_rate': 0.00041095068138769067, 'train_lr_reduce': 0.6}. Best is trial 1073 with value: 0.009419886395335197.
[I 2024-12-26 05:27:18,697] Trial 1262 finished with value: 0.013167061842978 and parameters: {'L1_hidden_dim': 208, 'L1_layers_atom': 1, 'L1_layers_mol': 4, 'L1_dropout': 0.2781799179822375, 'L1_out_dim': 128, 'L2_hidden_dim': 160, 'L2_layers_atom': 1, 'L2_layers_mol': 3, 'L2_out_dim': 96, 'L2_dropout': 0.0661545111373377, 'L3_hidden_dim': 80, 'L3_layers_atom': 4, 'L3_layers_mol': 1, 'L3_out_dim': 64, 'L3_dropout': 0.13928804575901066, 'n_mlp_layers': 3, 'mlp_dim_0': 512, 'mlp_dim_1': 344, 'mlp_dim_2': 320, 'num_heads': 2, 'final_dropout': 0.13761201310379934, 'train_learning_rate': 0.00028358343823393656, 'train_lr_reduce': 0.6}. Best is trial 1073 with value: 0.009419886395335197.
[I 2024-12-26 05:27:21,077] Trial 1261 finished with value: 0.011685023084282875 and parameters: {'L1_hidden_dim': 208, 'L1_layers_atom': 2, 'L1_layers_mol': 4, 'L1_dropout': 0.08492389975749096, 'L1_out_dim': 80, 'L2_hidden_dim': 208, 'L2_layers_atom': 2, 'L2_layers_mol': 4, 'L2_out_dim': 96, 'L2_dropout': 0.08725507858033522, 'L3_hidden_dim': 64, 'L3_layers_atom': 2, 'L3_layers_mol': 1, 'L3_out_dim': 96, 'L3_dropout': 0.11093674329942428, 'n_mlp_layers': 3, 'mlp_dim_0': 288, 'mlp_dim_1': 432, 'mlp_dim_2': 160, 'num_heads': 2, 'final_dropout': 0.21513960397668827, 'train_learning_rate': 0.0008015607083296894, 'train_lr_reduce': 0.6}. Best is trial 1073 with value: 0.009419886395335197.
[I 2024-12-26 05:27:54,215] Trial 1263 finished with value: 0.01098113227635622 and parameters: {'L1_hidden_dim': 256, 'L1_layers_atom': 4, 'L1_layers_mol': 3, 'L1_dropout': 0.07211981680115188, 'L1_out_dim': 64, 'L2_hidden_dim': 240, 'L2_layers_atom': 1, 'L2_layers_mol': 2, 'L2_out_dim': 96, 'L2_dropout': 0.028636201685202336, 'L3_hidden_dim': 112, 'L3_layers_atom': 4, 'L3_layers_mol': 3, 'L3_out_dim': 112, 'L3_dropout': 0.24121340530102844, 'n_mlp_layers': 3, 'mlp_dim_0': 472, 'mlp_dim_1': 384, 'mlp_dim_2': 72, 'num_heads': 1, 'final_dropout': 0.08776557264776451, 'train_learning_rate': 0.0002551734581759343, 'train_lr_reduce': 0.6}. Best is trial 1073 with value: 0.009419886395335197.
[I 2024-12-26 05:29:00,003] Trial 1265 finished with value: 0.0160774365067482 and parameters: {'L1_hidden_dim': 160, 'L1_layers_atom': 4, 'L1_layers_mol': 1, 'L1_dropout': 0.1198470630005666, 'L1_out_dim': 48, 'L2_hidden_dim': 224, 'L2_layers_atom': 1, 'L2_layers_mol': 1, 'L2_out_dim': 128, 'L2_dropout': 0.023753246592107913, 'L3_hidden_dim': 64, 'L3_layers_atom': 4, 'L3_layers_mol': 1, 'L3_out_dim': 112, 'L3_dropout': 0.05437266379101659, 'n_mlp_layers': 3, 'mlp_dim_0': 352, 'mlp_dim_1': 472, 'mlp_dim_2': 272, 'num_heads': 1, 'final_dropout': 0.27803182633237417, 'train_learning_rate': 0.0014141795989403554, 'train_lr_reduce': 0.6}. Best is trial 1073 with value: 0.009419886395335197.
