[I 2024-12-15 16:30:17,600] Trial 1382 finished with value: 0.22459673881530762 and parameters: {'mlp_n_layers': 4, 'mlp_dim_00': 112, 'mlp_dim_01': 176, 'mlp_dim_02': 240, 'mlp_dim_03': 160, 'hidden_channels': 224, 'num_layers': 1, 'num_timesteps': 3, 'dropout': 0.010531462381455284, 'train_learning_rate': 0.004458721097492862, 'train_lr_reduce': 0.6}. Best is trial 632 with value: 0.13978464901447296.
[I 2024-12-15 16:30:20,153] Trial 1381 finished with value: 0.17576153576374054 and parameters: {'mlp_n_layers': 4, 'mlp_dim_00': 128, 'mlp_dim_01': 176, 'mlp_dim_02': 224, 'mlp_dim_03': 192, 'hidden_channels': 208, 'num_layers': 1, 'num_timesteps': 4, 'dropout': 0.001758740439257848, 'train_learning_rate': 0.0020820591752206343, 'train_lr_reduce': 0.6}. Best is trial 632 with value: 0.13978464901447296.
[I 2024-12-15 16:30:22,804] Trial 1383 finished with value: 0.20059967041015625 and parameters: {'mlp_n_layers': 3, 'mlp_dim_00': 96, 'mlp_dim_01': 176, 'mlp_dim_02': 224, 'hidden_channels': 256, 'num_layers': 1, 'num_timesteps': 4, 'dropout': 0.005402873680028851, 'train_learning_rate': 0.001519124402072238, 'train_lr_reduce': 0.6}. Best is trial 632 with value: 0.13978464901447296.
[I 2024-12-15 16:30:24,460] Trial 1384 finished with value: 0.2419406622648239 and parameters: {'mlp_n_layers': 4, 'mlp_dim_00': 32, 'mlp_dim_01': 192, 'mlp_dim_02': 256, 'mlp_dim_03': 208, 'hidden_channels': 224, 'num_layers': 2, 'num_timesteps': 4, 'dropout': 0.06552416130907726, 'train_learning_rate': 0.001891788235666194, 'train_lr_reduce': 0.6}. Best is trial 632 with value: 0.13978464901447296.
[I 2024-12-15 16:30:27,824] Trial 1385 finished with value: 0.21200723946094513 and parameters: {'mlp_n_layers': 2, 'mlp_dim_00': 80, 'mlp_dim_01': 240, 'hidden_channels': 240, 'num_layers': 1, 'num_timesteps': 4, 'dropout': 0.016273046677865916, 'train_learning_rate': 0.009131886263213648, 'train_lr_reduce': 0.6}. Best is trial 632 with value: 0.13978464901447296.
[I 2024-12-15 16:30:33,732] Trial 1387 finished with value: 0.2030976563692093 and parameters: {'mlp_n_layers': 4, 'mlp_dim_00': 192, 'mlp_dim_01': 112, 'mlp_dim_02': 256, 'mlp_dim_03': 192, 'hidden_channels': 144, 'num_layers': 2, 'num_timesteps': 4, 'dropout': 0.011363633460680173, 'train_learning_rate': 0.009434781502774311, 'train_lr_reduce': 0.6}. Best is trial 632 with value: 0.13978464901447296.
[I 2024-12-15 16:30:34,229] Trial 1386 finished with value: 0.15168359875679016 and parameters: {'mlp_n_layers': 4, 'mlp_dim_00': 96, 'mlp_dim_01': 256, 'mlp_dim_02': 224, 'mlp_dim_03': 160, 'hidden_channels': 224, 'num_layers': 1, 'num_timesteps': 3, 'dropout': 0.0001399686795419859, 'train_learning_rate': 0.0018388066791604199, 'train_lr_reduce': 0.6}. Best is trial 632 with value: 0.13978464901447296.
[I 2024-12-15 16:30:42,484] Trial 1388 finished with value: 0.17856115102767944 and parameters: {'mlp_n_layers': 4, 'mlp_dim_00': 96, 'mlp_dim_01': 144, 'mlp_dim_02': 224, 'mlp_dim_03': 160, 'hidden_channels': 256, 'num_layers': 1, 'num_timesteps': 4, 'dropout': 0.010320995778752983, 'train_learning_rate': 0.0010833343928039738, 'train_lr_reduce': 0.6}. Best is trial 632 with value: 0.13978464901447296.
[I 2024-12-15 16:30:44,353] Trial 1390 finished with value: 0.19300106167793274 and parameters: {'mlp_n_layers': 4, 'mlp_dim_00': 160, 'mlp_dim_01': 224, 'mlp_dim_02': 224, 'mlp_dim_03': 192, 'hidden_channels': 224, 'num_layers': 1, 'num_timesteps': 4, 'dropout': 0.007515575158711562, 'train_learning_rate': 0.008068096030175222, 'train_lr_reduce': 0.6}. Best is trial 632 with value: 0.13978464901447296.
[I 2024-12-15 16:30:46,420] Trial 1389 finished with value: 0.19556331634521484 and parameters: {'mlp_n_layers': 4, 'mlp_dim_00': 112, 'mlp_dim_01': 240, 'mlp_dim_02': 240, 'mlp_dim_03': 176, 'hidden_channels': 224, 'num_layers': 1, 'num_timesteps': 3, 'dropout': 0.04540188565889723, 'train_learning_rate': 0.00225255646867669, 'train_lr_reduce': 0.6}. Best is trial 632 with value: 0.13978464901447296.
[I 2024-12-15 16:30:53,846] Trial 1392 finished with value: 0.1978272646665573 and parameters: {'mlp_n_layers': 4, 'mlp_dim_00': 112, 'mlp_dim_01': 256, 'mlp_dim_02': 240, 'mlp_dim_03': 160, 'hidden_channels': 224, 'num_layers': 2, 'num_timesteps': 3, 'dropout': 0.04324967804506467, 'train_learning_rate': 0.001302416874370351, 'train_lr_reduce': 0.6}. Best is trial 632 with value: 0.13978464901447296.
[I 2024-12-15 16:30:53,880] Trial 1391 finished with value: 0.1534263640642166 and parameters: {'mlp_n_layers': 4, 'mlp_dim_00': 96, 'mlp_dim_01': 240, 'mlp_dim_02': 256, 'mlp_dim_03': 176, 'hidden_channels': 224, 'num_layers': 1, 'num_timesteps': 3, 'dropout': 0.011377971061429844, 'train_learning_rate': 0.00321904715215994, 'train_lr_reduce': 0.6}. Best is trial 632 with value: 0.13978464901447296.
[I 2024-12-15 16:30:56,655] Trial 1393 finished with value: 0.14175963401794434 and parameters: {'mlp_n_layers': 3, 'mlp_dim_00': 64, 'mlp_dim_01': 176, 'mlp_dim_02': 224, 'hidden_channels': 160, 'num_layers': 1, 'num_timesteps': 3, 'dropout': 0.007603691141028818, 'train_learning_rate': 0.0045185244989070115, 'train_lr_reduce': 0.6}. Best is trial 632 with value: 0.13978464901447296.
[I 2024-12-15 16:31:02,190] Trial 1395 finished with value: 0.1825248748064041 and parameters: {'mlp_n_layers': 3, 'mlp_dim_00': 224, 'mlp_dim_01': 96, 'mlp_dim_02': 224, 'hidden_channels': 160, 'num_layers': 1, 'num_timesteps': 4, 'dropout': 0.037664347901016505, 'train_learning_rate': 0.004106921428968708, 'train_lr_reduce': 0.6}. Best is trial 632 with value: 0.13978464901447296.
[I 2024-12-15 16:31:02,235] Trial 1394 finished with value: 0.18687127530574799 and parameters: {'mlp_n_layers': 4, 'mlp_dim_00': 112, 'mlp_dim_01': 208, 'mlp_dim_02': 256, 'mlp_dim_03': 224, 'hidden_channels': 160, 'num_layers': 1, 'num_timesteps': 3, 'dropout': 0.0061013673619311065, 'train_learning_rate': 0.0009669312498459191, 'train_lr_reduce': 0.6}. Best is trial 632 with value: 0.13978464901447296.
[I 2024-12-15 16:31:06,746] Trial 1396 finished with value: 0.19079558551311493 and parameters: {'mlp_n_layers': 4, 'mlp_dim_00': 176, 'mlp_dim_01': 80, 'mlp_dim_02': 208, 'mlp_dim_03': 208, 'hidden_channels': 128, 'num_layers': 1, 'num_timesteps': 3, 'dropout': 0.011839886721426718, 'train_learning_rate': 0.0008642133302101213, 'train_lr_reduce': 0.6}. Best is trial 632 with value: 0.13978464901447296.
[I 2024-12-15 16:31:10,100] Trial 1397 finished with value: 0.2362295240163803 and parameters: {'mlp_n_layers': 4, 'mlp_dim_00': 64, 'mlp_dim_01': 176, 'mlp_dim_02': 208, 'mlp_dim_03': 160, 'hidden_channels': 208, 'num_layers': 2, 'num_timesteps': 3, 'dropout': 0.003964292846117857, 'train_learning_rate': 0.0032035029390037927, 'train_lr_reduce': 0.6}. Best is trial 632 with value: 0.13978464901447296.
[I 2024-12-15 16:31:10,370] Trial 1398 finished with value: 0.16373981535434723 and parameters: {'mlp_n_layers': 4, 'mlp_dim_00': 112, 'mlp_dim_01': 256, 'mlp_dim_02': 208, 'mlp_dim_03': 256, 'hidden_channels': 192, 'num_layers': 1, 'num_timesteps': 3, 'dropout': 0.025248541934829782, 'train_learning_rate': 0.0016643244983214217, 'train_lr_reduce': 0.6}. Best is trial 632 with value: 0.13978464901447296.
[I 2024-12-15 16:31:16,603] Trial 1401 finished with value: 0.22313295304775238 and parameters: {'mlp_n_layers': 3, 'mlp_dim_00': 64, 'mlp_dim_01': 192, 'mlp_dim_02': 224, 'hidden_channels': 176, 'num_layers': 2, 'num_timesteps': 2, 'dropout': 0.016658128514545546, 'train_learning_rate': 0.0036308289992580834, 'train_lr_reduce': 0.6}. Best is trial 632 with value: 0.13978464901447296.
[I 2024-12-15 16:31:17,850] Trial 1400 finished with value: 0.19651584327220917 and parameters: {'mlp_n_layers': 3, 'mlp_dim_00': 224, 'mlp_dim_01': 192, 'mlp_dim_02': 208, 'hidden_channels': 192, 'num_layers': 1, 'num_timesteps': 4, 'dropout': 0.06386848640924478, 'train_learning_rate': 0.0017654300682527222, 'train_lr_reduce': 0.6}. Best is trial 632 with value: 0.13978464901447296.
[I 2024-12-15 16:31:18,449] Trial 1399 finished with value: 0.1671166568994522 and parameters: {'mlp_n_layers': 4, 'mlp_dim_00': 48, 'mlp_dim_01': 256, 'mlp_dim_02': 224, 'mlp_dim_03': 160, 'hidden_channels': 224, 'num_layers': 1, 'num_timesteps': 3, 'dropout': 0.057324720632165094, 'train_learning_rate': 0.0017637994108450615, 'train_lr_reduce': 0.6}. Best is trial 632 with value: 0.13978464901447296.
[I 2024-12-15 16:31:27,275] Trial 1404 finished with value: 0.21501918137073517 and parameters: {'mlp_n_layers': 4, 'mlp_dim_00': 80, 'mlp_dim_01': 160, 'mlp_dim_02': 224, 'mlp_dim_03': 192, 'hidden_channels': 256, 'num_layers': 2, 'num_timesteps': 4, 'dropout': 0.006579828742309844, 'train_learning_rate': 0.002393317541623867, 'train_lr_reduce': 0.6}. Best is trial 632 with value: 0.13978464901447296.
[I 2024-12-15 16:31:29,126] Trial 1402 finished with value: 0.1940794587135315 and parameters: {'mlp_n_layers': 2, 'mlp_dim_00': 32, 'mlp_dim_01': 144, 'hidden_channels': 112, 'num_layers': 2, 'num_timesteps': 3, 'dropout': 0.014464665043235608, 'train_learning_rate': 0.002177256229758689, 'train_lr_reduce': 0.6}. Best is trial 632 with value: 0.13978464901447296.
[I 2024-12-15 16:31:36,076] Trial 1405 finished with value: 0.19581733644008636 and parameters: {'mlp_n_layers': 2, 'mlp_dim_00': 224, 'mlp_dim_01': 256, 'hidden_channels': 192, 'num_layers': 1, 'num_timesteps': 4, 'dropout': 0.039614336279911865, 'train_learning_rate': 0.001799355912555002, 'train_lr_reduce': 0.6}. Best is trial 632 with value: 0.13978464901447296.
[I 2024-12-15 16:31:36,078] Trial 1403 finished with value: 0.31338584423065186 and parameters: {'mlp_n_layers': 2, 'mlp_dim_00': 240, 'mlp_dim_01': 160, 'hidden_channels': 48, 'num_layers': 2, 'num_timesteps': 1, 'dropout': 0.10385037825701898, 'train_learning_rate': 0.00017905879908362268, 'train_lr_reduce': 0.6}. Best is trial 632 with value: 0.13978464901447296.
[I 2024-12-15 16:31:36,082] Trial 1406 finished with value: 0.18152093887329102 and parameters: {'mlp_n_layers': 2, 'mlp_dim_00': 96, 'mlp_dim_01': 192, 'hidden_channels': 224, 'num_layers': 2, 'num_timesteps': 4, 'dropout': 0.07597278441030653, 'train_learning_rate': 0.006072460826580813, 'train_lr_reduce': 0.6}. Best is trial 632 with value: 0.13978464901447296.
[I 2024-12-15 16:31:46,506] Trial 1408 finished with value: 0.18524377048015594 and parameters: {'mlp_n_layers': 4, 'mlp_dim_00': 32, 'mlp_dim_01': 176, 'mlp_dim_02': 208, 'mlp_dim_03': 160, 'hidden_channels': 176, 'num_layers': 1, 'num_timesteps': 4, 'dropout': 0.04600755046065956, 'train_learning_rate': 0.006299826779542474, 'train_lr_reduce': 0.6}. Best is trial 632 with value: 0.13978464901447296.
[I 2024-12-15 16:31:47,685] Trial 1409 finished with value: 0.17121978104114532 and parameters: {'mlp_n_layers': 4, 'mlp_dim_00': 112, 'mlp_dim_01': 240, 'mlp_dim_02': 224, 'mlp_dim_03': 224, 'hidden_channels': 240, 'num_layers': 1, 'num_timesteps': 3, 'dropout': 0.017658748806386897, 'train_learning_rate': 0.0025238458949706963, 'train_lr_reduce': 0.6}. Best is trial 632 with value: 0.13978464901447296.
[I 2024-12-15 16:31:47,699] Trial 1407 finished with value: 0.19878128170967102 and parameters: {'mlp_n_layers': 4, 'mlp_dim_00': 80, 'mlp_dim_01': 256, 'mlp_dim_02': 240, 'mlp_dim_03': 192, 'hidden_channels': 32, 'num_layers': 3, 'num_timesteps': 4, 'dropout': 0.08025060413744549, 'train_learning_rate': 0.0021464087198228656, 'train_lr_reduce': 0.6}. Best is trial 632 with value: 0.13978464901447296.
[I 2024-12-15 16:31:55,037] Trial 1412 finished with value: 0.22514064610004425 and parameters: {'mlp_n_layers': 4, 'mlp_dim_00': 96, 'mlp_dim_01': 256, 'mlp_dim_02': 208, 'mlp_dim_03': 160, 'hidden_channels': 208, 'num_layers': 1, 'num_timesteps': 4, 'dropout': 0.014569338991306802, 'train_learning_rate': 0.003174195879889765, 'train_lr_reduce': 0.6}. Best is trial 632 with value: 0.13978464901447296.
[I 2024-12-15 16:31:55,568] Trial 1410 finished with value: 0.22600282728672028 and parameters: {'mlp_n_layers': 3, 'mlp_dim_00': 80, 'mlp_dim_01': 192, 'mlp_dim_02': 208, 'hidden_channels': 128, 'num_layers': 2, 'num_timesteps': 3, 'dropout': 0.03167223111264494, 'train_learning_rate': 0.002142774605783656, 'train_lr_reduce': 0.6}. Best is trial 632 with value: 0.13978464901447296.
[I 2024-12-15 16:31:56,173] Trial 1411 finished with value: 0.20919658243656158 and parameters: {'mlp_n_layers': 4, 'mlp_dim_00': 96, 'mlp_dim_01': 208, 'mlp_dim_02': 256, 'mlp_dim_03': 160, 'hidden_channels': 192, 'num_layers': 1, 'num_timesteps': 3, 'dropout': 0.0024315182335477685, 'train_learning_rate': 0.0010462863680768479, 'train_lr_reduce': 0.6}. Best is trial 632 with value: 0.13978464901447296.
[I 2024-12-15 16:32:01,313] Trial 1413 finished with value: 0.22662587463855743 and parameters: {'mlp_n_layers': 2, 'mlp_dim_00': 32, 'mlp_dim_01': 80, 'hidden_channels': 176, 'num_layers': 3, 'num_timesteps': 2, 'dropout': 0.23002020742293144, 'train_learning_rate': 0.005525357237835739, 'train_lr_reduce': 0.6}. Best is trial 632 with value: 0.13978464901447296.
[I 2024-12-15 16:32:02,100] Trial 1414 finished with value: 0.20575764775276184 and parameters: {'mlp_n_layers': 3, 'mlp_dim_00': 96, 'mlp_dim_01': 144, 'mlp_dim_02': 240, 'hidden_channels': 192, 'num_layers': 1, 'num_timesteps': 3, 'dropout': 0.018139532723814564, 'train_learning_rate': 0.009580668698089557, 'train_lr_reduce': 0.6}. Best is trial 632 with value: 0.13978464901447296.
[I 2024-12-15 16:32:05,460] Trial 1415 finished with value: 0.17382629215717316 and parameters: {'mlp_n_layers': 4, 'mlp_dim_00': 176, 'mlp_dim_01': 112, 'mlp_dim_02': 224, 'mlp_dim_03': 192, 'hidden_channels': 144, 'num_layers': 1, 'num_timesteps': 4, 'dropout': 0.08999347339851616, 'train_learning_rate': 0.0024628756091870773, 'train_lr_reduce': 0.6}. Best is trial 632 with value: 0.13978464901447296.
[I 2024-12-15 16:32:10,783] Trial 1416 finished with value: 0.20452862977981567 and parameters: {'mlp_n_layers': 3, 'mlp_dim_00': 80, 'mlp_dim_01': 256, 'mlp_dim_02': 256, 'hidden_channels': 240, 'num_layers': 1, 'num_timesteps': 3, 'dropout': 0.017336010670206386, 'train_learning_rate': 0.0032640936610171755, 'train_lr_reduce': 0.6}. Best is trial 632 with value: 0.13978464901447296.
[I 2024-12-15 16:32:14,787] Trial 1417 finished with value: 0.19745832681655884 and parameters: {'mlp_n_layers': 3, 'mlp_dim_00': 48, 'mlp_dim_01': 176, 'mlp_dim_02': 208, 'hidden_channels': 144, 'num_layers': 1, 'num_timesteps': 2, 'dropout': 0.019738592698179444, 'train_learning_rate': 0.0021749110508695094, 'train_lr_reduce': 0.6}. Best is trial 632 with value: 0.13978464901447296.
[I 2024-12-15 16:32:17,292] Trial 1418 finished with value: 0.16552622616291046 and parameters: {'mlp_n_layers': 4, 'mlp_dim_00': 80, 'mlp_dim_01': 256, 'mlp_dim_02': 240, 'mlp_dim_03': 160, 'hidden_channels': 240, 'num_layers': 1, 'num_timesteps': 3, 'dropout': 0.031279618196038, 'train_learning_rate': 0.0007288077953053737, 'train_lr_reduce': 0.6}. Best is trial 632 with value: 0.13978464901447296.
[I 2024-12-15 16:32:21,684] Trial 1419 finished with value: 0.16117967665195465 and parameters: {'mlp_n_layers': 4, 'mlp_dim_00': 48, 'mlp_dim_01': 240, 'mlp_dim_02': 208, 'mlp_dim_03': 208, 'hidden_channels': 208, 'num_layers': 1, 'num_timesteps': 4, 'dropout': 0.009410045061183, 'train_learning_rate': 0.0060518667662660406, 'train_lr_reduce': 0.6}. Best is trial 632 with value: 0.13978464901447296.
[I 2024-12-15 16:32:23,050] Trial 1420 finished with value: 0.16355818510055542 and parameters: {'mlp_n_layers': 3, 'mlp_dim_00': 256, 'mlp_dim_01': 144, 'mlp_dim_02': 240, 'hidden_channels': 192, 'num_layers': 1, 'num_timesteps': 4, 'dropout': 0.10644605125218277, 'train_learning_rate': 0.0016675155609818066, 'train_lr_reduce': 0.6}. Best is trial 632 with value: 0.13978464901447296.
[I 2024-12-15 16:32:29,017] Trial 1422 finished with value: 0.22290118038654327 and parameters: {'mlp_n_layers': 3, 'mlp_dim_00': 96, 'mlp_dim_01': 144, 'mlp_dim_02': 256, 'hidden_channels': 256, 'num_layers': 1, 'num_timesteps': 4, 'dropout': 0.06419505122365252, 'train_learning_rate': 0.001892114783542248, 'train_lr_reduce': 0.6}. Best is trial 632 with value: 0.13978464901447296.
[I 2024-12-15 16:32:29,995] Trial 1421 finished with value: 0.16557317972183228 and parameters: {'mlp_n_layers': 4, 'mlp_dim_00': 240, 'mlp_dim_01': 128, 'mlp_dim_02': 224, 'mlp_dim_03': 176, 'hidden_channels': 128, 'num_layers': 1, 'num_timesteps': 4, 'dropout': 0.009568130454263074, 'train_learning_rate': 0.0024314631867818934, 'train_lr_reduce': 0.6}. Best is trial 632 with value: 0.13978464901447296.
[I 2024-12-15 16:32:34,074] Trial 1423 finished with value: 0.179754838347435 and parameters: {'mlp_n_layers': 3, 'mlp_dim_00': 112, 'mlp_dim_01': 208, 'mlp_dim_02': 208, 'hidden_channels': 192, 'num_layers': 1, 'num_timesteps': 3, 'dropout': 0.012123748351113028, 'train_learning_rate': 0.006245612670052455, 'train_lr_reduce': 0.6}. Best is trial 632 with value: 0.13978464901447296.
[I 2024-12-15 16:32:39,090] Trial 1425 finished with value: 0.18440011143684387 and parameters: {'mlp_n_layers': 3, 'mlp_dim_00': 48, 'mlp_dim_01': 160, 'mlp_dim_02': 208, 'hidden_channels': 176, 'num_layers': 1, 'num_timesteps': 4, 'dropout': 0.035305958443476185, 'train_learning_rate': 0.0015211592824092477, 'train_lr_reduce': 0.6}. Best is trial 632 with value: 0.13978464901447296.
[I 2024-12-15 16:32:39,389] Trial 1424 finished with value: 0.2024221122264862 and parameters: {'mlp_n_layers': 3, 'mlp_dim_00': 64, 'mlp_dim_01': 192, 'mlp_dim_02': 240, 'hidden_channels': 144, 'num_layers': 2, 'num_timesteps': 3, 'dropout': 0.03360467238253978, 'train_learning_rate': 0.00783989918518471, 'train_lr_reduce': 0.6}. Best is trial 632 with value: 0.13978464901447296.
[I 2024-12-15 16:32:43,853] Trial 1426 finished with value: 0.20427291095256805 and parameters: {'mlp_n_layers': 4, 'mlp_dim_00': 224, 'mlp_dim_01': 144, 'mlp_dim_02': 224, 'mlp_dim_03': 144, 'hidden_channels': 144, 'num_layers': 2, 'num_timesteps': 4, 'dropout': 0.04297760150831275, 'train_learning_rate': 0.0027182641003967774, 'train_lr_reduce': 0.6}. Best is trial 632 with value: 0.13978464901447296.
[I 2024-12-15 16:32:49,677] Trial 1427 finished with value: 0.22612878680229187 and parameters: {'mlp_n_layers': 3, 'mlp_dim_00': 176, 'mlp_dim_01': 208, 'mlp_dim_02': 256, 'hidden_channels': 48, 'num_layers': 3, 'num_timesteps': 2, 'dropout': 0.256557992517389, 'train_learning_rate': 0.0038178914618536607, 'train_lr_reduce': 0.6}. Best is trial 632 with value: 0.13978464901447296.
[I 2024-12-15 16:32:56,318] Trial 1429 finished with value: 0.21665360033512115 and parameters: {'mlp_n_layers': 3, 'mlp_dim_00': 32, 'mlp_dim_01': 192, 'mlp_dim_02': 208, 'hidden_channels': 160, 'num_layers': 2, 'num_timesteps': 3, 'dropout': 0.020503450180241287, 'train_learning_rate': 0.0022370208861861394, 'train_lr_reduce': 0.6}. Best is trial 632 with value: 0.13978464901447296.
[I 2024-12-15 16:33:00,354] Trial 1428 finished with value: 0.18033204972743988 and parameters: {'mlp_n_layers': 3, 'mlp_dim_00': 96, 'mlp_dim_01': 176, 'mlp_dim_02': 240, 'hidden_channels': 192, 'num_layers': 1, 'num_timesteps': 4, 'dropout': 0.05295296147436674, 'train_learning_rate': 0.004438799800238849, 'train_lr_reduce': 0.6}. Best is trial 632 with value: 0.13978464901447296.
[I 2024-12-15 16:33:02,525] Trial 1431 finished with value: 0.8132544159889221 and parameters: {'mlp_n_layers': 4, 'mlp_dim_00': 128, 'mlp_dim_01': 112, 'mlp_dim_02': 224, 'mlp_dim_03': 160, 'hidden_channels': 208, 'num_layers': 1, 'num_timesteps': 4, 'dropout': 0.06517014390415783, 'train_learning_rate': 0.0027286048022722355, 'train_lr_reduce': 0.6}. Best is trial 632 with value: 0.13978464901447296.
[I 2024-12-15 16:33:06,228] Trial 1430 finished with value: 0.1990349143743515 and parameters: {'mlp_n_layers': 4, 'mlp_dim_00': 96, 'mlp_dim_01': 192, 'mlp_dim_02': 256, 'mlp_dim_03': 192, 'hidden_channels': 192, 'num_layers': 1, 'num_timesteps': 4, 'dropout': 0.042547201035798746, 'train_learning_rate': 0.0029837058349108736, 'train_lr_reduce': 0.6}. Best is trial 632 with value: 0.13978464901447296.
[I 2024-12-15 16:33:11,653] Trial 1432 finished with value: 0.15420116484165192 and parameters: {'mlp_n_layers': 3, 'mlp_dim_00': 96, 'mlp_dim_01': 128, 'mlp_dim_02': 208, 'hidden_channels': 160, 'num_layers': 1, 'num_timesteps': 3, 'dropout': 0.018559453150845305, 'train_learning_rate': 0.005660047918803948, 'train_lr_reduce': 0.6}. Best is trial 632 with value: 0.13978464901447296.
[I 2024-12-15 16:33:15,668] Trial 1433 finished with value: 0.16198070347309113 and parameters: {'mlp_n_layers': 3, 'mlp_dim_00': 112, 'mlp_dim_01': 176, 'mlp_dim_02': 240, 'hidden_channels': 176, 'num_layers': 1, 'num_timesteps': 3, 'dropout': 0.08399407465801814, 'train_learning_rate': 0.0029950722920829083, 'train_lr_reduce': 0.6}. Best is trial 632 with value: 0.13978464901447296.
[I 2024-12-15 16:33:17,904] Trial 1434 finished with value: 0.28018054366111755 and parameters: {'mlp_n_layers': 4, 'mlp_dim_00': 32, 'mlp_dim_01': 80, 'mlp_dim_02': 224, 'mlp_dim_03': 176, 'hidden_channels': 224, 'num_layers': 4, 'num_timesteps': 3, 'dropout': 0.25575045385770934, 'train_learning_rate': 0.0005156810433665134, 'train_lr_reduce': 0.6}. Best is trial 632 with value: 0.13978464901447296.
[I 2024-12-15 16:33:19,249] Trial 1435 finished with value: 0.1785406619310379 and parameters: {'mlp_n_layers': 3, 'mlp_dim_00': 32, 'mlp_dim_01': 208, 'mlp_dim_02': 256, 'hidden_channels': 256, 'num_layers': 1, 'num_timesteps': 4, 'dropout': 0.10919014258669082, 'train_learning_rate': 0.0017218645669091414, 'train_lr_reduce': 0.6}. Best is trial 632 with value: 0.13978464901447296.
