[I 2024-12-19 21:04:22,960] Trial 1754 finished with value: 0.13152167201042175 and parameters: {'mlp_n_layers': 4, 'mlp_dim_00': 268, 'mlp_dim_01': 446, 'mlp_dim_02': 357, 'mlp_dim_03': 288, 'node_hidden_dim': 57, 'edge_hidden_dim': 47, 'depth': 1, 'rep_dropout': 0.05686069102927697, 'train_learning_rate': 0.000215170367989014, 'train_lr_reduce': 0.6}. Best is trial 122 with value: 0.09548358619213104.
[I 2024-12-19 21:04:23,414] Trial 1763 finished with value: 1.6793302297592163 and parameters: {'mlp_n_layers': 4, 'mlp_dim_00': 434, 'mlp_dim_01': 512, 'mlp_dim_02': 445, 'mlp_dim_03': 253, 'node_hidden_dim': 42, 'edge_hidden_dim': 56, 'depth': 1, 'rep_dropout': 0.10024524553862954, 'train_learning_rate': 0.0003832586049433303, 'train_lr_reduce': 0.6}. Best is trial 122 with value: 0.09548358619213104.
[I 2024-12-19 21:04:32,936] Trial 1764 finished with value: 1.6899081468582153 and parameters: {'mlp_n_layers': 4, 'mlp_dim_00': 324, 'mlp_dim_01': 296, 'mlp_dim_02': 368, 'mlp_dim_03': 400, 'node_hidden_dim': 35, 'edge_hidden_dim': 70, 'depth': 1, 'rep_dropout': 0.13338906522064067, 'train_learning_rate': 0.00025693453523594286, 'train_lr_reduce': 0.6}. Best is trial 122 with value: 0.09548358619213104.
[I 2024-12-19 21:04:33,710] Trial 1758 finished with value: 0.14592748880386353 and parameters: {'mlp_n_layers': 4, 'mlp_dim_00': 328, 'mlp_dim_01': 381, 'mlp_dim_02': 478, 'mlp_dim_03': 325, 'node_hidden_dim': 66, 'edge_hidden_dim': 45, 'depth': 1, 'rep_dropout': 0.10152534263742723, 'train_learning_rate': 0.00036500805107286474, 'train_lr_reduce': 0.6}. Best is trial 122 with value: 0.09548358619213104.
[I 2024-12-19 21:04:37,425] Trial 1766 finished with value: 1.6734192371368408 and parameters: {'mlp_n_layers': 4, 'mlp_dim_00': 374, 'mlp_dim_01': 355, 'mlp_dim_02': 331, 'mlp_dim_03': 396, 'node_hidden_dim': 77, 'edge_hidden_dim': 81, 'depth': 1, 'rep_dropout': 0.0540968652138807, 'train_learning_rate': 0.00011583824903030605, 'train_lr_reduce': 0.6}. Best is trial 122 with value: 0.09548358619213104.
[I 2024-12-19 21:04:39,458] Trial 1767 finished with value: 1.6820275783538818 and parameters: {'mlp_n_layers': 4, 'mlp_dim_00': 268, 'mlp_dim_01': 409, 'mlp_dim_02': 408, 'mlp_dim_03': 340, 'node_hidden_dim': 56, 'edge_hidden_dim': 58, 'depth': 1, 'rep_dropout': 0.1064866399436101, 'train_learning_rate': 0.0001604970894685043, 'train_lr_reduce': 0.6}. Best is trial 122 with value: 0.09548358619213104.
[I 2024-12-19 21:04:43,988] Trial 1769 finished with value: 1.6557725667953491 and parameters: {'mlp_n_layers': 3, 'mlp_dim_00': 249, 'mlp_dim_01': 262, 'mlp_dim_02': 245, 'node_hidden_dim': 65, 'edge_hidden_dim': 77, 'depth': 1, 'rep_dropout': 0.07382195524171296, 'train_learning_rate': 0.0006690971135364516, 'train_lr_reduce': 0.6}. Best is trial 122 with value: 0.09548358619213104.
[I 2024-12-19 21:04:50,041] Trial 1770 finished with value: 1.680483341217041 and parameters: {'mlp_n_layers': 3, 'mlp_dim_00': 238, 'mlp_dim_01': 325, 'mlp_dim_02': 444, 'node_hidden_dim': 36, 'edge_hidden_dim': 94, 'depth': 1, 'rep_dropout': 0.140339576579336, 'train_learning_rate': 0.0002795518842138637, 'train_lr_reduce': 0.6}. Best is trial 122 with value: 0.09548358619213104.
[I 2024-12-19 21:04:55,430] Trial 1771 finished with value: 1.5937180519104004 and parameters: {'mlp_n_layers': 4, 'mlp_dim_00': 337, 'mlp_dim_01': 369, 'mlp_dim_02': 128, 'mlp_dim_03': 409, 'node_hidden_dim': 127, 'edge_hidden_dim': 32, 'depth': 4, 'rep_dropout': 0.0079442960396926, 'train_learning_rate': 0.00429192264942997, 'train_lr_reduce': 0.6}. Best is trial 122 with value: 0.09548358619213104.
[I 2024-12-19 21:04:56,740] Trial 1765 finished with value: 0.11384172737598419 and parameters: {'mlp_n_layers': 2, 'mlp_dim_00': 417, 'mlp_dim_01': 446, 'node_hidden_dim': 93, 'edge_hidden_dim': 62, 'depth': 1, 'rep_dropout': 0.07651994806761067, 'train_learning_rate': 0.0009719112574290764, 'train_lr_reduce': 0.6}. Best is trial 122 with value: 0.09548358619213104.
[I 2024-12-19 21:05:22,454] Trial 1768 finished with value: 0.13539452850818634 and parameters: {'mlp_n_layers': 4, 'mlp_dim_00': 369, 'mlp_dim_01': 485, 'mlp_dim_02': 480, 'mlp_dim_03': 277, 'node_hidden_dim': 73, 'edge_hidden_dim': 62, 'depth': 1, 'rep_dropout': 0.11060752856330702, 'train_learning_rate': 0.0004940318071919195, 'train_lr_reduce': 0.6}. Best is trial 122 with value: 0.09548358619213104.
[I 2024-12-19 21:05:40,625] Trial 1772 finished with value: 0.11950714141130447 and parameters: {'mlp_n_layers': 3, 'mlp_dim_00': 225, 'mlp_dim_01': 512, 'mlp_dim_02': 512, 'node_hidden_dim': 97, 'edge_hidden_dim': 67, 'depth': 1, 'rep_dropout': 0.12096142093187183, 'train_learning_rate': 0.00044135939895001604, 'train_lr_reduce': 0.6}. Best is trial 122 with value: 0.09548358619213104.
[I 2024-12-19 21:05:40,642] Trial 1773 finished with value: 0.11565731465816498 and parameters: {'mlp_n_layers': 3, 'mlp_dim_00': 398, 'mlp_dim_01': 442, 'mlp_dim_02': 376, 'node_hidden_dim': 68, 'edge_hidden_dim': 81, 'depth': 1, 'rep_dropout': 0.11293698570368393, 'train_learning_rate': 0.0004555923162467575, 'train_lr_reduce': 0.6}. Best is trial 122 with value: 0.09548358619213104.
[I 2024-12-19 21:05:45,561] Trial 1775 finished with value: 1.6274292469024658 and parameters: {'mlp_n_layers': 2, 'mlp_dim_00': 103, 'mlp_dim_01': 313, 'node_hidden_dim': 123, 'edge_hidden_dim': 67, 'depth': 3, 'rep_dropout': 0.11748604588321554, 'train_learning_rate': 0.00010005966786698871, 'train_lr_reduce': 0.6}. Best is trial 122 with value: 0.09548358619213104.
[I 2024-12-19 21:05:45,912] Trial 1776 finished with value: 1.6678824424743652 and parameters: {'mlp_n_layers': 3, 'mlp_dim_00': 459, 'mlp_dim_01': 301, 'mlp_dim_02': 334, 'node_hidden_dim': 39, 'edge_hidden_dim': 53, 'depth': 1, 'rep_dropout': 0.09018397283093274, 'train_learning_rate': 0.000659424754368887, 'train_lr_reduce': 0.6}. Best is trial 122 with value: 0.09548358619213104.
[I 2024-12-19 21:05:50,468] Trial 1777 finished with value: 1.6314668655395508 and parameters: {'mlp_n_layers': 3, 'mlp_dim_00': 412, 'mlp_dim_01': 449, 'mlp_dim_02': 418, 'node_hidden_dim': 63, 'edge_hidden_dim': 60, 'depth': 1, 'rep_dropout': 0.11694152586154943, 'train_learning_rate': 0.0008937878030696314, 'train_lr_reduce': 0.6}. Best is trial 122 with value: 0.09548358619213104.
[I 2024-12-19 21:06:06,574] Trial 1774 finished with value: 0.2674723267555237 and parameters: {'mlp_n_layers': 3, 'mlp_dim_00': 405, 'mlp_dim_01': 391, 'mlp_dim_02': 285, 'node_hidden_dim': 42, 'edge_hidden_dim': 70, 'depth': 1, 'rep_dropout': 0.1424324614997005, 'train_learning_rate': 0.00034274002142865997, 'train_lr_reduce': 0.6}. Best is trial 122 with value: 0.09548358619213104.
[I 2024-12-19 21:06:11,942] Trial 1779 finished with value: 0.24402280151844025 and parameters: {'mlp_n_layers': 4, 'mlp_dim_00': 204, 'mlp_dim_01': 478, 'mlp_dim_02': 376, 'mlp_dim_03': 363, 'node_hidden_dim': 120, 'edge_hidden_dim': 83, 'depth': 1, 'rep_dropout': 0.12054764507863104, 'train_learning_rate': 0.0019125823540833908, 'train_lr_reduce': 0.6}. Best is trial 122 with value: 0.09548358619213104.
[I 2024-12-19 21:06:12,128] Trial 1780 finished with value: 1.6719744205474854 and parameters: {'mlp_n_layers': 4, 'mlp_dim_00': 511, 'mlp_dim_01': 407, 'mlp_dim_02': 475, 'mlp_dim_03': 402, 'node_hidden_dim': 61, 'edge_hidden_dim': 36, 'depth': 2, 'rep_dropout': 0.09901213399294438, 'train_learning_rate': 0.0008891928828468272, 'train_lr_reduce': 0.6}. Best is trial 122 with value: 0.09548358619213104.
[I 2024-12-19 21:06:14,141] Trial 1778 finished with value: 0.16254663467407227 and parameters: {'mlp_n_layers': 3, 'mlp_dim_00': 295, 'mlp_dim_01': 351, 'mlp_dim_02': 200, 'node_hidden_dim': 65, 'edge_hidden_dim': 58, 'depth': 1, 'rep_dropout': 0.10988161925031312, 'train_learning_rate': 0.0005244388130648432, 'train_lr_reduce': 0.6}. Best is trial 122 with value: 0.09548358619213104.
[I 2024-12-19 21:06:16,843] Trial 1781 finished with value: 1.6771643161773682 and parameters: {'mlp_n_layers': 4, 'mlp_dim_00': 312, 'mlp_dim_01': 205, 'mlp_dim_02': 329, 'mlp_dim_03': 328, 'node_hidden_dim': 48, 'edge_hidden_dim': 65, 'depth': 2, 'rep_dropout': 0.1129695371670877, 'train_learning_rate': 0.0004198089286458364, 'train_lr_reduce': 0.6}. Best is trial 122 with value: 0.09548358619213104.
[I 2024-12-19 21:06:17,678] Trial 1782 finished with value: 1.6762709617614746 and parameters: {'mlp_n_layers': 4, 'mlp_dim_00': 279, 'mlp_dim_01': 354, 'mlp_dim_02': 399, 'mlp_dim_03': 415, 'node_hidden_dim': 56, 'edge_hidden_dim': 52, 'depth': 2, 'rep_dropout': 0.11605718701617596, 'train_learning_rate': 0.0008096727091671751, 'train_lr_reduce': 0.6}. Best is trial 122 with value: 0.09548358619213104.
[I 2024-12-19 21:06:18,678] Trial 1783 finished with value: 1.640630841255188 and parameters: {'mlp_n_layers': 4, 'mlp_dim_00': 416, 'mlp_dim_01': 274, 'mlp_dim_02': 456, 'mlp_dim_03': 289, 'node_hidden_dim': 71, 'edge_hidden_dim': 37, 'depth': 2, 'rep_dropout': 0.1414458809225898, 'train_learning_rate': 0.0025865608404344546, 'train_lr_reduce': 0.6}. Best is trial 122 with value: 0.09548358619213104.
[I 2024-12-19 21:06:21,577] Trial 1785 finished with value: 1.672476053237915 and parameters: {'mlp_n_layers': 3, 'mlp_dim_00': 343, 'mlp_dim_01': 405, 'mlp_dim_02': 351, 'node_hidden_dim': 51, 'edge_hidden_dim': 61, 'depth': 1, 'rep_dropout': 0.0929085935058603, 'train_learning_rate': 0.00036610762122287496, 'train_lr_reduce': 0.6}. Best is trial 122 with value: 0.09548358619213104.
[I 2024-12-19 21:06:21,582] Trial 1784 finished with value: 1.6121097803115845 and parameters: {'mlp_n_layers': 2, 'mlp_dim_00': 133, 'mlp_dim_01': 482, 'node_hidden_dim': 72, 'edge_hidden_dim': 117, 'depth': 4, 'rep_dropout': 0.1442434780168866, 'train_learning_rate': 0.00097964552010572, 'train_lr_reduce': 0.6}. Best is trial 122 with value: 0.09548358619213104.
[I 2024-12-19 21:06:26,715] Trial 1788 finished with value: 1.6674085855484009 and parameters: {'mlp_n_layers': 3, 'mlp_dim_00': 486, 'mlp_dim_01': 340, 'mlp_dim_02': 435, 'node_hidden_dim': 55, 'edge_hidden_dim': 41, 'depth': 1, 'rep_dropout': 0.10843866110503207, 'train_learning_rate': 0.00039678032100347717, 'train_lr_reduce': 0.6}. Best is trial 122 with value: 0.09548358619213104.
[I 2024-12-19 21:06:26,776] Trial 1787 finished with value: 1.6363738775253296 and parameters: {'mlp_n_layers': 4, 'mlp_dim_00': 509, 'mlp_dim_01': 332, 'mlp_dim_02': 436, 'mlp_dim_03': 356, 'node_hidden_dim': 74, 'edge_hidden_dim': 54, 'depth': 2, 'rep_dropout': 0.10927586614939581, 'train_learning_rate': 0.0010990575669746051, 'train_lr_reduce': 0.6}. Best is trial 122 with value: 0.09548358619213104.
[I 2024-12-19 21:06:32,436] Trial 1790 finished with value: 1.6799662113189697 and parameters: {'mlp_n_layers': 4, 'mlp_dim_00': 206, 'mlp_dim_01': 385, 'mlp_dim_02': 384, 'mlp_dim_03': 381, 'node_hidden_dim': 46, 'edge_hidden_dim': 56, 'depth': 1, 'rep_dropout': 0.12838287221300665, 'train_learning_rate': 0.0005953556879349126, 'train_lr_reduce': 0.6}. Best is trial 122 with value: 0.09548358619213104.
[I 2024-12-19 21:06:37,742] Trial 1791 finished with value: 1.5566922426223755 and parameters: {'mlp_n_layers': 1, 'mlp_dim_00': 467, 'node_hidden_dim': 39, 'edge_hidden_dim': 69, 'depth': 2, 'rep_dropout': 0.03360183841963344, 'train_learning_rate': 0.005497998503879521, 'train_lr_reduce': 0.6}. Best is trial 122 with value: 0.09548358619213104.
[I 2024-12-19 21:06:38,429] Trial 1789 finished with value: 1.2215169668197632 and parameters: {'mlp_n_layers': 4, 'mlp_dim_00': 282, 'mlp_dim_01': 254, 'mlp_dim_02': 476, 'mlp_dim_03': 415, 'node_hidden_dim': 72, 'edge_hidden_dim': 35, 'depth': 2, 'rep_dropout': 0.10611316203154718, 'train_learning_rate': 0.0013168020671245463, 'train_lr_reduce': 0.6}. Best is trial 122 with value: 0.09548358619213104.
[I 2024-12-19 21:07:03,568] Trial 1792 finished with value: 0.2947213053703308 and parameters: {'mlp_n_layers': 4, 'mlp_dim_00': 511, 'mlp_dim_01': 448, 'mlp_dim_02': 372, 'mlp_dim_03': 432, 'node_hidden_dim': 94, 'edge_hidden_dim': 34, 'depth': 1, 'rep_dropout': 0.12297560601526676, 'train_learning_rate': 0.0012821412099983606, 'train_lr_reduce': 0.6}. Best is trial 122 with value: 0.09548358619213104.
[I 2024-12-19 21:07:05,387] Trial 1786 finished with value: 0.2434733510017395 and parameters: {'mlp_n_layers': 4, 'mlp_dim_00': 391, 'mlp_dim_01': 446, 'mlp_dim_02': 298, 'mlp_dim_03': 163, 'node_hidden_dim': 55, 'edge_hidden_dim': 72, 'depth': 1, 'rep_dropout': 0.09673252767532226, 'train_learning_rate': 0.001317301241116189, 'train_lr_reduce': 0.6}. Best is trial 122 with value: 0.09548358619213104.
[I 2024-12-19 21:07:11,055] Trial 1795 finished with value: 1.602102279663086 and parameters: {'mlp_n_layers': 1, 'mlp_dim_00': 100, 'node_hidden_dim': 55, 'edge_hidden_dim': 108, 'depth': 2, 'rep_dropout': 0.01853786950470033, 'train_learning_rate': 0.0023909178141388954, 'train_lr_reduce': 0.6}. Best is trial 122 with value: 0.09548358619213104.
[I 2024-12-19 21:07:24,548] Trial 1793 finished with value: 0.11401931941509247 and parameters: {'mlp_n_layers': 3, 'mlp_dim_00': 471, 'mlp_dim_01': 289, 'mlp_dim_02': 309, 'node_hidden_dim': 100, 'edge_hidden_dim': 51, 'depth': 1, 'rep_dropout': 0.1085522729151698, 'train_learning_rate': 0.00041340281389262083, 'train_lr_reduce': 0.6}. Best is trial 122 with value: 0.09548358619213104.
[I 2024-12-19 21:07:49,358] Trial 1794 finished with value: 0.10407889634370804 and parameters: {'mlp_n_layers': 4, 'mlp_dim_00': 506, 'mlp_dim_01': 483, 'mlp_dim_02': 404, 'mlp_dim_03': 324, 'node_hidden_dim': 80, 'edge_hidden_dim': 45, 'depth': 1, 'rep_dropout': 0.11454380902190077, 'train_learning_rate': 0.00037773239083252957, 'train_lr_reduce': 0.6}. Best is trial 122 with value: 0.09548358619213104.
[I 2024-12-19 21:08:04,430] Trial 1796 finished with value: 0.23405829071998596 and parameters: {'mlp_n_layers': 4, 'mlp_dim_00': 510, 'mlp_dim_01': 413, 'mlp_dim_02': 477, 'mlp_dim_03': 249, 'node_hidden_dim': 72, 'edge_hidden_dim': 40, 'depth': 1, 'rep_dropout': 0.12683740043160205, 'train_learning_rate': 0.0010183740292083814, 'train_lr_reduce': 0.6}. Best is trial 122 with value: 0.09548358619213104.
[I 2024-12-19 21:08:10,504] Trial 1799 finished with value: 1.676846981048584 and parameters: {'mlp_n_layers': 4, 'mlp_dim_00': 429, 'mlp_dim_01': 313, 'mlp_dim_02': 405, 'mlp_dim_03': 439, 'node_hidden_dim': 54, 'edge_hidden_dim': 71, 'depth': 1, 'rep_dropout': 0.10170787925005867, 'train_learning_rate': 0.0003954721340193921, 'train_lr_reduce': 0.6}. Best is trial 122 with value: 0.09548358619213104.
[I 2024-12-19 21:08:12,241] Trial 1798 finished with value: 1.2619843482971191 and parameters: {'mlp_n_layers': 4, 'mlp_dim_00': 379, 'mlp_dim_01': 482, 'mlp_dim_02': 512, 'mlp_dim_03': 368, 'node_hidden_dim': 80, 'edge_hidden_dim': 77, 'depth': 2, 'rep_dropout': 0.07115878216608583, 'train_learning_rate': 0.0002661151939497849, 'train_lr_reduce': 0.6}. Best is trial 122 with value: 0.09548358619213104.
[I 2024-12-19 21:08:12,870] Trial 1797 finished with value: 0.10155699402093887 and parameters: {'mlp_n_layers': 4, 'mlp_dim_00': 369, 'mlp_dim_01': 375, 'mlp_dim_02': 342, 'mlp_dim_03': 415, 'node_hidden_dim': 70, 'edge_hidden_dim': 47, 'depth': 1, 'rep_dropout': 0.10593662500395605, 'train_learning_rate': 0.001365496960956959, 'train_lr_reduce': 0.6}. Best is trial 122 with value: 0.09548358619213104.
[I 2024-12-19 21:08:15,545] Trial 1800 finished with value: 1.6755629777908325 and parameters: {'mlp_n_layers': 1, 'mlp_dim_00': 292, 'node_hidden_dim': 95, 'edge_hidden_dim': 65, 'depth': 1, 'rep_dropout': 0.09698026576096028, 'train_learning_rate': 0.00011997541784445518, 'train_lr_reduce': 0.6}. Best is trial 122 with value: 0.09548358619213104.
[I 2024-12-19 21:08:17,828] Trial 1802 finished with value: 1.6768332719802856 and parameters: {'mlp_n_layers': 4, 'mlp_dim_00': 229, 'mlp_dim_01': 368, 'mlp_dim_02': 363, 'mlp_dim_03': 477, 'node_hidden_dim': 62, 'edge_hidden_dim': 69, 'depth': 1, 'rep_dropout': 0.09046161847636965, 'train_learning_rate': 0.00048215318656467574, 'train_lr_reduce': 0.6}. Best is trial 122 with value: 0.09548358619213104.
[I 2024-12-19 21:08:21,176] Trial 1803 finished with value: 1.6584115028381348 and parameters: {'mlp_n_layers': 3, 'mlp_dim_00': 401, 'mlp_dim_01': 447, 'mlp_dim_02': 445, 'node_hidden_dim': 100, 'edge_hidden_dim': 53, 'depth': 1, 'rep_dropout': 0.13841814908616376, 'train_learning_rate': 0.0006879688781990156, 'train_lr_reduce': 0.6}. Best is trial 122 with value: 0.09548358619213104.
[I 2024-12-19 21:08:23,402] Trial 1804 finished with value: 1.6475520133972168 and parameters: {'mlp_n_layers': 3, 'mlp_dim_00': 506, 'mlp_dim_01': 485, 'mlp_dim_02': 135, 'node_hidden_dim': 87, 'edge_hidden_dim': 85, 'depth': 4, 'rep_dropout': 0.13038118242775285, 'train_learning_rate': 0.00010037385150376852, 'train_lr_reduce': 0.6}. Best is trial 122 with value: 0.09548358619213104.
[I 2024-12-19 21:08:27,761] Trial 1801 finished with value: 0.41909921169281006 and parameters: {'mlp_n_layers': 4, 'mlp_dim_00': 476, 'mlp_dim_01': 420, 'mlp_dim_02': 266, 'mlp_dim_03': 370, 'node_hidden_dim': 78, 'edge_hidden_dim': 68, 'depth': 1, 'rep_dropout': 0.08857332088044118, 'train_learning_rate': 0.002182284104802214, 'train_lr_reduce': 0.6}. Best is trial 122 with value: 0.09548358619213104.
[I 2024-12-19 21:08:32,549] Trial 1807 finished with value: 1.677519679069519 and parameters: {'mlp_n_layers': 4, 'mlp_dim_00': 283, 'mlp_dim_01': 295, 'mlp_dim_02': 408, 'mlp_dim_03': 321, 'node_hidden_dim': 77, 'edge_hidden_dim': 64, 'depth': 1, 'rep_dropout': 0.116883643803397, 'train_learning_rate': 0.0002935305801006247, 'train_lr_reduce': 0.6}. Best is trial 122 with value: 0.09548358619213104.
[I 2024-12-19 21:08:34,220] Trial 1806 finished with value: 1.3473620414733887 and parameters: {'mlp_n_layers': 3, 'mlp_dim_00': 361, 'mlp_dim_01': 327, 'mlp_dim_02': 331, 'node_hidden_dim': 56, 'edge_hidden_dim': 64, 'depth': 3, 'rep_dropout': 0.021724447054512958, 'train_learning_rate': 0.0016360891427996322, 'train_lr_reduce': 0.6}. Best is trial 122 with value: 0.09548358619213104.
[I 2024-12-19 21:08:40,125] Trial 1809 finished with value: 1.677883267402649 and parameters: {'mlp_n_layers': 4, 'mlp_dim_00': 323, 'mlp_dim_01': 416, 'mlp_dim_02': 437, 'mlp_dim_03': 233, 'node_hidden_dim': 65, 'edge_hidden_dim': 76, 'depth': 1, 'rep_dropout': 0.12823333013309154, 'train_learning_rate': 0.0006691760220044105, 'train_lr_reduce': 0.6}. Best is trial 122 with value: 0.09548358619213104.
[I 2024-12-19 21:08:45,181] Trial 1810 finished with value: 1.6406991481781006 and parameters: {'mlp_n_layers': 3, 'mlp_dim_00': 491, 'mlp_dim_01': 336, 'mlp_dim_02': 319, 'node_hidden_dim': 82, 'edge_hidden_dim': 59, 'depth': 1, 'rep_dropout': 0.0873682164539879, 'train_learning_rate': 0.000679431832093203, 'train_lr_reduce': 0.6}. Best is trial 122 with value: 0.09548358619213104.
[I 2024-12-19 21:08:51,741] Trial 1811 finished with value: 1.5565621852874756 and parameters: {'mlp_n_layers': 3, 'mlp_dim_00': 501, 'mlp_dim_01': 477, 'mlp_dim_02': 188, 'node_hidden_dim': 65, 'edge_hidden_dim': 46, 'depth': 2, 'rep_dropout': 0.11707535288083731, 'train_learning_rate': 0.0033517182330782915, 'train_lr_reduce': 0.6}. Best is trial 122 with value: 0.09548358619213104.
[I 2024-12-19 21:08:58,826] Trial 1812 finished with value: 1.6802504062652588 and parameters: {'mlp_n_layers': 4, 'mlp_dim_00': 325, 'mlp_dim_01': 509, 'mlp_dim_02': 378, 'mlp_dim_03': 297, 'node_hidden_dim': 57, 'edge_hidden_dim': 101, 'depth': 2, 'rep_dropout': 0.10889315878641977, 'train_learning_rate': 0.00033559609015527497, 'train_lr_reduce': 0.6}. Best is trial 122 with value: 0.09548358619213104.
[I 2024-12-19 21:09:03,059] Trial 1805 finished with value: 0.14977529644966125 and parameters: {'mlp_n_layers': 3, 'mlp_dim_00': 492, 'mlp_dim_01': 246, 'mlp_dim_02': 476, 'node_hidden_dim': 37, 'edge_hidden_dim': 96, 'depth': 2, 'rep_dropout': 0.01621386658521795, 'train_learning_rate': 0.0029310400453647677, 'train_lr_reduce': 0.6}. Best is trial 122 with value: 0.09548358619213104.
[I 2024-12-19 21:09:10,372] Trial 1814 finished with value: 1.5586973428726196 and parameters: {'mlp_n_layers': 4, 'mlp_dim_00': 278, 'mlp_dim_01': 377, 'mlp_dim_02': 412, 'mlp_dim_03': 476, 'node_hidden_dim': 95, 'edge_hidden_dim': 101, 'depth': 2, 'rep_dropout': 0.00507500624099215, 'train_learning_rate': 0.008469796166213977, 'train_lr_reduce': 0.6}. Best is trial 122 with value: 0.09548358619213104.
[I 2024-12-19 21:09:18,160] Trial 1808 finished with value: 1.2902594804763794 and parameters: {'mlp_n_layers': 4, 'mlp_dim_00': 213, 'mlp_dim_01': 375, 'mlp_dim_02': 355, 'mlp_dim_03': 424, 'node_hidden_dim': 83, 'edge_hidden_dim': 102, 'depth': 2, 'rep_dropout': 0.02532392081388725, 'train_learning_rate': 0.00010876587501916713, 'train_lr_reduce': 0.6}. Best is trial 122 with value: 0.09548358619213104.
[I 2024-12-19 21:09:25,935] Trial 1813 finished with value: 0.23416094481945038 and parameters: {'mlp_n_layers': 4, 'mlp_dim_00': 228, 'mlp_dim_01': 443, 'mlp_dim_02': 477, 'mlp_dim_03': 394, 'node_hidden_dim': 63, 'edge_hidden_dim': 75, 'depth': 1, 'rep_dropout': 0.06633767954279693, 'train_learning_rate': 0.002097717972672507, 'train_lr_reduce': 0.6}. Best is trial 122 with value: 0.09548358619213104.
[I 2024-12-19 21:09:31,793] Trial 1817 finished with value: 1.580805778503418 and parameters: {'mlp_n_layers': 3, 'mlp_dim_00': 495, 'mlp_dim_01': 336, 'mlp_dim_02': 359, 'node_hidden_dim': 92, 'edge_hidden_dim': 80, 'depth': 2, 'rep_dropout': 0.12290237876266664, 'train_learning_rate': 0.001894994691654095, 'train_lr_reduce': 0.6}. Best is trial 122 with value: 0.09548358619213104.
