[I 2024-12-19 08:00:34,244] Trial 400 finished with value: 1.1431076526641846 and parameters: {'mlp_n_layers': 4, 'mlp_dim_00': 230, 'mlp_dim_01': 508, 'mlp_dim_02': 467, 'mlp_dim_03': 245, 'node_hidden_dim': 74, 'edge_hidden_dim': 77, 'depth': 2, 'rep_dropout': 0.10185134736785353, 'train_learning_rate': 0.003629958798497024, 'train_lr_reduce': 0.6}. Best is trial 231 with value: 0.17593608796596527.
[I 2024-12-19 08:00:38,078] Trial 402 finished with value: 1.1429812908172607 and parameters: {'mlp_n_layers': 3, 'mlp_dim_00': 431, 'mlp_dim_01': 381, 'mlp_dim_02': 438, 'node_hidden_dim': 88, 'edge_hidden_dim': 90, 'depth': 3, 'rep_dropout': 0.04989195485976134, 'train_learning_rate': 0.00785759231216271, 'train_lr_reduce': 0.6}. Best is trial 231 with value: 0.17593608796596527.
[I 2024-12-19 08:00:43,358] Trial 403 finished with value: 1.1491581201553345 and parameters: {'mlp_n_layers': 4, 'mlp_dim_00': 450, 'mlp_dim_01': 227, 'mlp_dim_02': 512, 'mlp_dim_03': 247, 'node_hidden_dim': 126, 'edge_hidden_dim': 108, 'depth': 4, 'rep_dropout': 0.03862579182054504, 'train_learning_rate': 0.008366879770264603, 'train_lr_reduce': 0.6}. Best is trial 231 with value: 0.17593608796596527.
[I 2024-12-19 08:00:43,836] Trial 404 finished with value: 1.1440156698226929 and parameters: {'mlp_n_layers': 4, 'mlp_dim_00': 100, 'mlp_dim_01': 297, 'mlp_dim_02': 429, 'mlp_dim_03': 139, 'node_hidden_dim': 116, 'edge_hidden_dim': 128, 'depth': 2, 'rep_dropout': 0.21142184632093922, 'train_learning_rate': 0.0009442249086010491, 'train_lr_reduce': 0.6}. Best is trial 231 with value: 0.17593608796596527.
[I 2024-12-19 08:00:49,799] Trial 406 finished with value: 1.1425172090530396 and parameters: {'mlp_n_layers': 3, 'mlp_dim_00': 293, 'mlp_dim_01': 340, 'mlp_dim_02': 464, 'node_hidden_dim': 58, 'edge_hidden_dim': 38, 'depth': 2, 'rep_dropout': 0.05755347781592697, 'train_learning_rate': 0.002038487232249465, 'train_lr_reduce': 0.6}. Best is trial 231 with value: 0.17593608796596527.
[I 2024-12-19 08:00:50,260] Trial 401 finished with value: 0.20365752279758453 and parameters: {'mlp_n_layers': 4, 'mlp_dim_00': 487, 'mlp_dim_01': 389, 'mlp_dim_02': 512, 'mlp_dim_03': 164, 'node_hidden_dim': 102, 'edge_hidden_dim': 80, 'depth': 2, 'rep_dropout': 0.02299358694734025, 'train_learning_rate': 0.006329382827284511, 'train_lr_reduce': 0.6}. Best is trial 231 with value: 0.17593608796596527.
[I 2024-12-19 08:00:55,502] Trial 407 finished with value: 1.1428568363189697 and parameters: {'mlp_n_layers': 3, 'mlp_dim_00': 162, 'mlp_dim_01': 230, 'mlp_dim_02': 507, 'node_hidden_dim': 102, 'edge_hidden_dim': 35, 'depth': 2, 'rep_dropout': 0.10041788255102235, 'train_learning_rate': 0.0013997555752328706, 'train_lr_reduce': 0.6}. Best is trial 231 with value: 0.17593608796596527.
[I 2024-12-19 08:00:55,621] Trial 405 finished with value: 0.7072444558143616 and parameters: {'mlp_n_layers': 3, 'mlp_dim_00': 399, 'mlp_dim_01': 188, 'mlp_dim_02': 292, 'node_hidden_dim': 98, 'edge_hidden_dim': 39, 'depth': 2, 'rep_dropout': 0.09597977818516194, 'train_learning_rate': 0.00719213320636086, 'train_lr_reduce': 0.6}. Best is trial 231 with value: 0.17593608796596527.
[I 2024-12-19 08:00:56,671] Trial 408 finished with value: 1.147230863571167 and parameters: {'mlp_n_layers': 4, 'mlp_dim_00': 505, 'mlp_dim_01': 464, 'mlp_dim_02': 504, 'mlp_dim_03': 139, 'node_hidden_dim': 106, 'edge_hidden_dim': 59, 'depth': 2, 'rep_dropout': 0.07179909508299681, 'train_learning_rate': 0.0038000424411240197, 'train_lr_reduce': 0.6}. Best is trial 231 with value: 0.17593608796596527.
[I 2024-12-19 08:01:01,648] Trial 409 finished with value: 1.150415062904358 and parameters: {'mlp_n_layers': 4, 'mlp_dim_00': 350, 'mlp_dim_01': 428, 'mlp_dim_02': 507, 'mlp_dim_03': 67, 'node_hidden_dim': 90, 'edge_hidden_dim': 72, 'depth': 2, 'rep_dropout': 0.0033759129608221944, 'train_learning_rate': 0.0038034060961191604, 'train_lr_reduce': 0.6}. Best is trial 231 with value: 0.17593608796596527.
[I 2024-12-19 08:01:06,254] Trial 410 finished with value: 1.1489583253860474 and parameters: {'mlp_n_layers': 3, 'mlp_dim_00': 327, 'mlp_dim_01': 197, 'mlp_dim_02': 508, 'node_hidden_dim': 112, 'edge_hidden_dim': 128, 'depth': 4, 'rep_dropout': 0.22925982259072988, 'train_learning_rate': 0.007959345179297637, 'train_lr_reduce': 0.6}. Best is trial 231 with value: 0.17593608796596527.
[I 2024-12-19 08:01:13,898] Trial 413 finished with value: 1.145479679107666 and parameters: {'mlp_n_layers': 3, 'mlp_dim_00': 512, 'mlp_dim_01': 363, 'mlp_dim_02': 418, 'node_hidden_dim': 111, 'edge_hidden_dim': 74, 'depth': 2, 'rep_dropout': 0.007095235050656267, 'train_learning_rate': 0.002692529192090597, 'train_lr_reduce': 0.6}. Best is trial 231 with value: 0.17593608796596527.
[I 2024-12-19 08:01:19,071] Trial 411 finished with value: 0.54942786693573 and parameters: {'mlp_n_layers': 4, 'mlp_dim_00': 488, 'mlp_dim_01': 345, 'mlp_dim_02': 464, 'mlp_dim_03': 166, 'node_hidden_dim': 92, 'edge_hidden_dim': 87, 'depth': 2, 'rep_dropout': 0.0641580811006906, 'train_learning_rate': 0.004266580347937017, 'train_lr_reduce': 0.6}. Best is trial 231 with value: 0.17593608796596527.
[I 2024-12-19 08:01:23,071] Trial 412 finished with value: 0.26809054613113403 and parameters: {'mlp_n_layers': 3, 'mlp_dim_00': 450, 'mlp_dim_01': 386, 'mlp_dim_02': 462, 'node_hidden_dim': 110, 'edge_hidden_dim': 76, 'depth': 2, 'rep_dropout': 0.04338740329327246, 'train_learning_rate': 0.008551852188111235, 'train_lr_reduce': 0.6}. Best is trial 231 with value: 0.17593608796596527.
[I 2024-12-19 08:01:29,094] Trial 416 finished with value: 1.1438629627227783 and parameters: {'mlp_n_layers': 3, 'mlp_dim_00': 425, 'mlp_dim_01': 422, 'mlp_dim_02': 468, 'node_hidden_dim': 114, 'edge_hidden_dim': 87, 'depth': 2, 'rep_dropout': 0.03596843861714646, 'train_learning_rate': 0.004105752196139846, 'train_lr_reduce': 0.6}. Best is trial 231 with value: 0.17593608796596527.
[I 2024-12-19 08:01:37,722] Trial 414 finished with value: 0.3744937777519226 and parameters: {'mlp_n_layers': 4, 'mlp_dim_00': 424, 'mlp_dim_01': 401, 'mlp_dim_02': 512, 'mlp_dim_03': 213, 'node_hidden_dim': 94, 'edge_hidden_dim': 88, 'depth': 2, 'rep_dropout': 0.006343491189155243, 'train_learning_rate': 0.009451505306811499, 'train_lr_reduce': 0.6}. Best is trial 231 with value: 0.17593608796596527.
[I 2024-12-19 08:01:40,563] Trial 415 finished with value: 0.5878475308418274 and parameters: {'mlp_n_layers': 3, 'mlp_dim_00': 384, 'mlp_dim_01': 343, 'mlp_dim_02': 353, 'node_hidden_dim': 90, 'edge_hidden_dim': 35, 'depth': 2, 'rep_dropout': 0.08609803766608662, 'train_learning_rate': 0.009142165913080985, 'train_lr_reduce': 0.6}. Best is trial 231 with value: 0.17593608796596527.
[I 2024-12-19 08:01:45,499] Trial 418 finished with value: 1.1433279514312744 and parameters: {'mlp_n_layers': 3, 'mlp_dim_00': 259, 'mlp_dim_01': 383, 'mlp_dim_02': 462, 'node_hidden_dim': 71, 'edge_hidden_dim': 42, 'depth': 3, 'rep_dropout': 0.029171612785100567, 'train_learning_rate': 0.009233876682636376, 'train_lr_reduce': 0.6}. Best is trial 231 with value: 0.17593608796596527.
[I 2024-12-19 08:01:46,702] Trial 419 finished with value: 1.142396330833435 and parameters: {'mlp_n_layers': 3, 'mlp_dim_00': 490, 'mlp_dim_01': 507, 'mlp_dim_02': 512, 'node_hidden_dim': 90, 'edge_hidden_dim': 82, 'depth': 2, 'rep_dropout': 0.005987430220010944, 'train_learning_rate': 0.001548312770106926, 'train_lr_reduce': 0.6}. Best is trial 231 with value: 0.17593608796596527.
[I 2024-12-19 08:01:49,774] Trial 417 finished with value: 0.46473777294158936 and parameters: {'mlp_n_layers': 4, 'mlp_dim_00': 434, 'mlp_dim_01': 368, 'mlp_dim_02': 468, 'mlp_dim_03': 142, 'node_hidden_dim': 118, 'edge_hidden_dim': 70, 'depth': 2, 'rep_dropout': 0.04377869857210265, 'train_learning_rate': 0.006038108347166834, 'train_lr_reduce': 0.6}. Best is trial 231 with value: 0.17593608796596527.
[I 2024-12-19 08:01:52,879] Trial 421 finished with value: 1.1446099281311035 and parameters: {'mlp_n_layers': 3, 'mlp_dim_00': 366, 'mlp_dim_01': 326, 'mlp_dim_02': 465, 'node_hidden_dim': 91, 'edge_hidden_dim': 58, 'depth': 2, 'rep_dropout': 0.05106952637942774, 'train_learning_rate': 0.004407042101201428, 'train_lr_reduce': 0.6}. Best is trial 231 with value: 0.17593608796596527.
[I 2024-12-19 08:01:55,488] Trial 422 finished with value: 1.1429038047790527 and parameters: {'mlp_n_layers': 3, 'mlp_dim_00': 466, 'mlp_dim_01': 382, 'mlp_dim_02': 467, 'node_hidden_dim': 120, 'edge_hidden_dim': 51, 'depth': 2, 'rep_dropout': 0.02574818569669927, 'train_learning_rate': 0.009970974655557761, 'train_lr_reduce': 0.6}. Best is trial 231 with value: 0.17593608796596527.
[I 2024-12-19 08:02:02,123] Trial 424 finished with value: 1.1474063396453857 and parameters: {'mlp_n_layers': 2, 'mlp_dim_00': 473, 'mlp_dim_01': 154, 'node_hidden_dim': 53, 'edge_hidden_dim': 99, 'depth': 2, 'rep_dropout': 0.11575602674529761, 'train_learning_rate': 0.0046865775358012045, 'train_lr_reduce': 0.6}. Best is trial 231 with value: 0.17593608796596527.
[I 2024-12-19 08:02:09,901] Trial 420 finished with value: 0.5472896099090576 and parameters: {'mlp_n_layers': 4, 'mlp_dim_00': 469, 'mlp_dim_01': 470, 'mlp_dim_02': 454, 'mlp_dim_03': 263, 'node_hidden_dim': 102, 'edge_hidden_dim': 108, 'depth': 2, 'rep_dropout': 0.028327888974961773, 'train_learning_rate': 0.0027140326255779205, 'train_lr_reduce': 0.6}. Best is trial 231 with value: 0.17593608796596527.
[I 2024-12-19 08:02:12,956] Trial 425 finished with value: 0.8395212888717651 and parameters: {'mlp_n_layers': 3, 'mlp_dim_00': 459, 'mlp_dim_01': 412, 'mlp_dim_02': 418, 'node_hidden_dim': 96, 'edge_hidden_dim': 72, 'depth': 2, 'rep_dropout': 0.07626288301659834, 'train_learning_rate': 0.009506581834885022, 'train_lr_reduce': 0.6}. Best is trial 231 with value: 0.17593608796596527.
[I 2024-12-19 08:02:15,718] Trial 423 finished with value: 0.3284677565097809 and parameters: {'mlp_n_layers': 3, 'mlp_dim_00': 386, 'mlp_dim_01': 338, 'mlp_dim_02': 510, 'node_hidden_dim': 88, 'edge_hidden_dim': 49, 'depth': 2, 'rep_dropout': 0.02408559005240935, 'train_learning_rate': 0.007316031646324145, 'train_lr_reduce': 0.6}. Best is trial 231 with value: 0.17593608796596527.
[I 2024-12-19 08:02:16,818] Trial 426 finished with value: 1.1428972482681274 and parameters: {'mlp_n_layers': 3, 'mlp_dim_00': 227, 'mlp_dim_01': 380, 'mlp_dim_02': 304, 'node_hidden_dim': 63, 'edge_hidden_dim': 44, 'depth': 2, 'rep_dropout': 0.05574832978209998, 'train_learning_rate': 0.004636347012260131, 'train_lr_reduce': 0.6}. Best is trial 231 with value: 0.17593608796596527.
[I 2024-12-19 08:02:21,716] Trial 428 finished with value: 1.1430944204330444 and parameters: {'mlp_n_layers': 4, 'mlp_dim_00': 268, 'mlp_dim_01': 302, 'mlp_dim_02': 423, 'mlp_dim_03': 192, 'node_hidden_dim': 32, 'edge_hidden_dim': 43, 'depth': 2, 'rep_dropout': 0.0629760648608901, 'train_learning_rate': 0.009200769882085381, 'train_lr_reduce': 0.6}. Best is trial 231 with value: 0.17593608796596527.
[I 2024-12-19 08:02:22,871] Trial 429 finished with value: 1.1421093940734863 and parameters: {'mlp_n_layers': 2, 'mlp_dim_00': 81, 'mlp_dim_01': 346, 'node_hidden_dim': 44, 'edge_hidden_dim': 61, 'depth': 2, 'rep_dropout': 0.07436598663070507, 'train_learning_rate': 0.002380984559024412, 'train_lr_reduce': 0.6}. Best is trial 231 with value: 0.17593608796596527.
[I 2024-12-19 08:02:29,467] Trial 430 finished with value: 1.134035587310791 and parameters: {'mlp_n_layers': 3, 'mlp_dim_00': 501, 'mlp_dim_01': 383, 'mlp_dim_02': 348, 'node_hidden_dim': 122, 'edge_hidden_dim': 86, 'depth': 2, 'rep_dropout': 0.010481762181317786, 'train_learning_rate': 0.00955249754200943, 'train_lr_reduce': 0.6}. Best is trial 231 with value: 0.17593608796596527.
[I 2024-12-19 08:02:32,450] Trial 427 finished with value: 0.28954949975013733 and parameters: {'mlp_n_layers': 4, 'mlp_dim_00': 477, 'mlp_dim_01': 296, 'mlp_dim_02': 511, 'mlp_dim_03': 70, 'node_hidden_dim': 125, 'edge_hidden_dim': 36, 'depth': 2, 'rep_dropout': 0.06939545800212274, 'train_learning_rate': 0.005268859723039483, 'train_lr_reduce': 0.6}. Best is trial 231 with value: 0.17593608796596527.
[I 2024-12-19 08:02:33,857] Trial 431 finished with value: 1.101098895072937 and parameters: {'mlp_n_layers': 3, 'mlp_dim_00': 462, 'mlp_dim_01': 365, 'mlp_dim_02': 464, 'node_hidden_dim': 77, 'edge_hidden_dim': 38, 'depth': 2, 'rep_dropout': 0.00027744081093100236, 'train_learning_rate': 0.00841695771406482, 'train_lr_reduce': 0.6}. Best is trial 231 with value: 0.17593608796596527.
[I 2024-12-19 08:02:35,055] Trial 432 finished with value: 1.1420247554779053 and parameters: {'mlp_n_layers': 4, 'mlp_dim_00': 506, 'mlp_dim_01': 432, 'mlp_dim_02': 418, 'mlp_dim_03': 157, 'node_hidden_dim': 107, 'edge_hidden_dim': 71, 'depth': 2, 'rep_dropout': 0.01772616879222927, 'train_learning_rate': 0.008317782302634337, 'train_lr_reduce': 0.6}. Best is trial 231 with value: 0.17593608796596527.
[I 2024-12-19 08:02:38,140] Trial 433 finished with value: 1.142507553100586 and parameters: {'mlp_n_layers': 2, 'mlp_dim_00': 315, 'mlp_dim_01': 493, 'node_hidden_dim': 66, 'edge_hidden_dim': 51, 'depth': 2, 'rep_dropout': 0.06620700915723604, 'train_learning_rate': 0.00178992002128863, 'train_lr_reduce': 0.6}. Best is trial 231 with value: 0.17593608796596527.
[I 2024-12-19 08:02:41,358] Trial 435 finished with value: 1.1473743915557861 and parameters: {'mlp_n_layers': 3, 'mlp_dim_00': 308, 'mlp_dim_01': 480, 'mlp_dim_02': 357, 'node_hidden_dim': 88, 'edge_hidden_dim': 61, 'depth': 2, 'rep_dropout': 0.039708039724047746, 'train_learning_rate': 0.0033461383184858104, 'train_lr_reduce': 0.6}. Best is trial 231 with value: 0.17593608796596527.
[I 2024-12-19 08:02:44,028] Trial 434 finished with value: 1.1422022581100464 and parameters: {'mlp_n_layers': 4, 'mlp_dim_00': 437, 'mlp_dim_01': 403, 'mlp_dim_02': 466, 'mlp_dim_03': 261, 'node_hidden_dim': 59, 'edge_hidden_dim': 73, 'depth': 3, 'rep_dropout': 0.037923603898218805, 'train_learning_rate': 0.0001047288071171909, 'train_lr_reduce': 0.6}. Best is trial 231 with value: 0.17593608796596527.
[I 2024-12-19 08:02:44,679] Trial 436 finished with value: 1.1463547945022583 and parameters: {'mlp_n_layers': 3, 'mlp_dim_00': 446, 'mlp_dim_01': 401, 'mlp_dim_02': 509, 'node_hidden_dim': 125, 'edge_hidden_dim': 79, 'depth': 2, 'rep_dropout': 0.10880060037599093, 'train_learning_rate': 0.004559153460991499, 'train_lr_reduce': 0.6}. Best is trial 231 with value: 0.17593608796596527.
[I 2024-12-19 08:02:51,238] Trial 439 finished with value: 1.1430567502975464 and parameters: {'mlp_n_layers': 3, 'mlp_dim_00': 499, 'mlp_dim_01': 404, 'mlp_dim_02': 294, 'node_hidden_dim': 119, 'edge_hidden_dim': 43, 'depth': 3, 'rep_dropout': 0.03754640624575319, 'train_learning_rate': 0.004533100057575986, 'train_lr_reduce': 0.6}. Best is trial 231 with value: 0.17593608796596527.
[I 2024-12-19 08:02:51,331] Trial 438 finished with value: 1.1463141441345215 and parameters: {'mlp_n_layers': 3, 'mlp_dim_00': 291, 'mlp_dim_01': 388, 'mlp_dim_02': 423, 'node_hidden_dim': 106, 'edge_hidden_dim': 62, 'depth': 3, 'rep_dropout': 0.08629336027280461, 'train_learning_rate': 0.0021086053955372466, 'train_lr_reduce': 0.6}. Best is trial 231 with value: 0.17593608796596527.
[I 2024-12-19 08:02:58,240] Trial 440 finished with value: 1.1441670656204224 and parameters: {'mlp_n_layers': 3, 'mlp_dim_00': 339, 'mlp_dim_01': 467, 'mlp_dim_02': 474, 'node_hidden_dim': 113, 'edge_hidden_dim': 44, 'depth': 2, 'rep_dropout': 0.05637229180003722, 'train_learning_rate': 0.0023854773300081705, 'train_lr_reduce': 0.6}. Best is trial 231 with value: 0.17593608796596527.
[I 2024-12-19 08:02:59,683] Trial 441 finished with value: 1.1455357074737549 and parameters: {'mlp_n_layers': 2, 'mlp_dim_00': 368, 'mlp_dim_01': 212, 'node_hidden_dim': 45, 'edge_hidden_dim': 58, 'depth': 2, 'rep_dropout': 0.21451793516462558, 'train_learning_rate': 0.009374869995669319, 'train_lr_reduce': 0.6}. Best is trial 231 with value: 0.17593608796596527.
[I 2024-12-19 08:03:04,264] Trial 437 finished with value: 0.2097083032131195 and parameters: {'mlp_n_layers': 2, 'mlp_dim_00': 504, 'mlp_dim_01': 497, 'node_hidden_dim': 127, 'edge_hidden_dim': 56, 'depth': 2, 'rep_dropout': 0.03543002624290464, 'train_learning_rate': 0.005658787527816231, 'train_lr_reduce': 0.6}. Best is trial 231 with value: 0.17593608796596527.
[I 2024-12-19 08:03:21,728] Trial 442 finished with value: 0.3965156674385071 and parameters: {'mlp_n_layers': 3, 'mlp_dim_00': 400, 'mlp_dim_01': 453, 'mlp_dim_02': 512, 'node_hidden_dim': 128, 'edge_hidden_dim': 34, 'depth': 2, 'rep_dropout': 0.003208624991494339, 'train_learning_rate': 0.00416811196210037, 'train_lr_reduce': 0.6}. Best is trial 231 with value: 0.17593608796596527.
[I 2024-12-19 08:03:25,519] Trial 443 finished with value: 0.24018266797065735 and parameters: {'mlp_n_layers': 3, 'mlp_dim_00': 464, 'mlp_dim_01': 335, 'mlp_dim_02': 383, 'node_hidden_dim': 104, 'edge_hidden_dim': 54, 'depth': 2, 'rep_dropout': 0.015480960247701476, 'train_learning_rate': 0.006630838559912888, 'train_lr_reduce': 0.6}. Best is trial 231 with value: 0.17593608796596527.
[I 2024-12-19 08:03:27,908] Trial 444 finished with value: 0.3217191994190216 and parameters: {'mlp_n_layers': 2, 'mlp_dim_00': 482, 'mlp_dim_01': 442, 'node_hidden_dim': 115, 'edge_hidden_dim': 87, 'depth': 2, 'rep_dropout': 0.05937645515974765, 'train_learning_rate': 0.0048767253695653915, 'train_lr_reduce': 0.6}. Best is trial 231 with value: 0.17593608796596527.
[I 2024-12-19 08:03:30,577] Trial 445 finished with value: 0.7948179841041565 and parameters: {'mlp_n_layers': 2, 'mlp_dim_00': 434, 'mlp_dim_01': 447, 'node_hidden_dim': 125, 'edge_hidden_dim': 65, 'depth': 2, 'rep_dropout': 0.05610972118197219, 'train_learning_rate': 0.009663740371551516, 'train_lr_reduce': 0.6}. Best is trial 231 with value: 0.17593608796596527.
[I 2024-12-19 08:03:32,214] Trial 446 finished with value: 1.1440337896347046 and parameters: {'mlp_n_layers': 3, 'mlp_dim_00': 490, 'mlp_dim_01': 360, 'mlp_dim_02': 365, 'node_hidden_dim': 102, 'edge_hidden_dim': 60, 'depth': 2, 'rep_dropout': 0.07479980134980563, 'train_learning_rate': 0.004881769062976146, 'train_lr_reduce': 0.6}. Best is trial 231 with value: 0.17593608796596527.
[I 2024-12-19 08:03:34,692] Trial 447 finished with value: 1.1428678035736084 and parameters: {'mlp_n_layers': 3, 'mlp_dim_00': 362, 'mlp_dim_01': 280, 'mlp_dim_02': 339, 'node_hidden_dim': 86, 'edge_hidden_dim': 33, 'depth': 3, 'rep_dropout': 0.04090452463788797, 'train_learning_rate': 0.008498867573547442, 'train_lr_reduce': 0.6}. Best is trial 231 with value: 0.17593608796596527.
[I 2024-12-19 08:03:36,260] Trial 448 finished with value: 1.142196774482727 and parameters: {'mlp_n_layers': 2, 'mlp_dim_00': 389, 'mlp_dim_01': 357, 'node_hidden_dim': 73, 'edge_hidden_dim': 37, 'depth': 2, 'rep_dropout': 0.006815229301604872, 'train_learning_rate': 0.00444045069952636, 'train_lr_reduce': 0.6}. Best is trial 231 with value: 0.17593608796596527.
[I 2024-12-19 08:03:41,046] Trial 450 finished with value: 1.1421613693237305 and parameters: {'mlp_n_layers': 3, 'mlp_dim_00': 405, 'mlp_dim_01': 239, 'mlp_dim_02': 460, 'node_hidden_dim': 99, 'edge_hidden_dim': 44, 'depth': 2, 'rep_dropout': 0.05902059736623068, 'train_learning_rate': 0.0013559241155981696, 'train_lr_reduce': 0.6}. Best is trial 231 with value: 0.17593608796596527.
[I 2024-12-19 08:03:48,546] Trial 452 finished with value: 1.1424758434295654 and parameters: {'mlp_n_layers': 3, 'mlp_dim_00': 511, 'mlp_dim_01': 424, 'mlp_dim_02': 244, 'node_hidden_dim': 83, 'edge_hidden_dim': 39, 'depth': 3, 'rep_dropout': 0.0017997873480148554, 'train_learning_rate': 0.004875952755791641, 'train_lr_reduce': 0.6}. Best is trial 231 with value: 0.17593608796596527.
[I 2024-12-19 08:03:55,403] Trial 453 finished with value: 1.1430586576461792 and parameters: {'mlp_n_layers': 2, 'mlp_dim_00': 186, 'mlp_dim_01': 398, 'node_hidden_dim': 62, 'edge_hidden_dim': 67, 'depth': 4, 'rep_dropout': 0.1854788592092324, 'train_learning_rate': 0.005110673341782903, 'train_lr_reduce': 0.6}. Best is trial 231 with value: 0.17593608796596527.
[I 2024-12-19 08:03:55,419] Trial 449 finished with value: 0.3878636062145233 and parameters: {'mlp_n_layers': 3, 'mlp_dim_00': 459, 'mlp_dim_01': 244, 'mlp_dim_02': 455, 'node_hidden_dim': 119, 'edge_hidden_dim': 60, 'depth': 2, 'rep_dropout': 0.022565867816646542, 'train_learning_rate': 0.009364494926320582, 'train_lr_reduce': 0.6}. Best is trial 231 with value: 0.17593608796596527.
[I 2024-12-19 08:03:57,837] Trial 451 finished with value: 0.4986829459667206 and parameters: {'mlp_n_layers': 3, 'mlp_dim_00': 389, 'mlp_dim_01': 116, 'mlp_dim_02': 407, 'node_hidden_dim': 98, 'edge_hidden_dim': 43, 'depth': 3, 'rep_dropout': 0.21522385278401843, 'train_learning_rate': 0.00928731658221255, 'train_lr_reduce': 0.6}. Best is trial 231 with value: 0.17593608796596527.
[I 2024-12-19 08:04:01,540] Trial 454 finished with value: 1.1421924829483032 and parameters: {'mlp_n_layers': 3, 'mlp_dim_00': 363, 'mlp_dim_01': 380, 'mlp_dim_02': 509, 'node_hidden_dim': 102, 'edge_hidden_dim': 63, 'depth': 2, 'rep_dropout': 0.025703984365197982, 'train_learning_rate': 0.008207559013746332, 'train_lr_reduce': 0.6}. Best is trial 231 with value: 0.17593608796596527.
[I 2024-12-19 08:04:08,795] Trial 457 finished with value: 1.1502676010131836 and parameters: {'mlp_n_layers': 3, 'mlp_dim_00': 486, 'mlp_dim_01': 291, 'mlp_dim_02': 332, 'node_hidden_dim': 93, 'edge_hidden_dim': 73, 'depth': 2, 'rep_dropout': 0.0063153617788397, 'train_learning_rate': 0.006193847989819089, 'train_lr_reduce': 0.6}. Best is trial 231 with value: 0.17593608796596527.
