[I 2024-12-26 14:10:53,377] Trial 1853 finished with value: 0.010218464769423008 and parameters: {'L1_hidden_dim': 208, 'L1_layers_atom': 3, 'L1_layers_mol': 4, 'L1_dropout': 0.0029320061883410607, 'L1_out_dim': 96, 'L2_hidden_dim': 208, 'L2_layers_atom': 1, 'L2_layers_mol': 4, 'L2_out_dim': 112, 'L2_dropout': 0.00909642140025833, 'L3_hidden_dim': 32, 'L3_layers_atom': 4, 'L3_layers_mol': 2, 'L3_out_dim': 96, 'L3_dropout': 0.09836390726205958, 'n_mlp_layers': 3, 'mlp_dim_0': 40, 'mlp_dim_1': 288, 'mlp_dim_2': 432, 'num_heads': 2, 'final_dropout': 0.17052449360298225, 'train_learning_rate': 0.00016798295315890446, 'train_lr_reduce': 0.6}. Best is trial 1073 with value: 0.009419886395335197.
[I 2024-12-26 14:12:28,314] Trial 1855 finished with value: 0.012246026657521725 and parameters: {'L1_hidden_dim': 144, 'L1_layers_atom': 1, 'L1_layers_mol': 2, 'L1_dropout': 0.0192025576437536, 'L1_out_dim': 64, 'L2_hidden_dim': 192, 'L2_layers_atom': 1, 'L2_layers_mol': 3, 'L2_out_dim': 112, 'L2_dropout': 0.07431645643118251, 'L3_hidden_dim': 48, 'L3_layers_atom': 3, 'L3_layers_mol': 1, 'L3_out_dim': 128, 'L3_dropout': 0.11570724505903572, 'n_mlp_layers': 3, 'mlp_dim_0': 408, 'mlp_dim_1': 248, 'mlp_dim_2': 360, 'num_heads': 2, 'final_dropout': 0.09037077412876669, 'train_learning_rate': 0.0005517377254172125, 'train_lr_reduce': 0.6}. Best is trial 1073 with value: 0.009419886395335197.
[I 2024-12-26 14:13:04,635] Trial 1856 finished with value: 0.016122184693813324 and parameters: {'L1_hidden_dim': 144, 'L1_layers_atom': 1, 'L1_layers_mol': 3, 'L1_dropout': 0.06815805034417598, 'L1_out_dim': 64, 'L2_hidden_dim': 160, 'L2_layers_atom': 1, 'L2_layers_mol': 4, 'L2_out_dim': 96, 'L2_dropout': 0.08287201288743964, 'L3_hidden_dim': 32, 'L3_layers_atom': 4, 'L3_layers_mol': 1, 'L3_out_dim': 128, 'L3_dropout': 0.0842578174982898, 'n_mlp_layers': 3, 'mlp_dim_0': 472, 'mlp_dim_1': 328, 'mlp_dim_2': 448, 'num_heads': 1, 'final_dropout': 0.10278300750141742, 'train_learning_rate': 0.0004185940209306601, 'train_lr_reduce': 0.6}. Best is trial 1073 with value: 0.009419886395335197.
[I 2024-12-26 14:13:37,261] Trial 1857 finished with value: 0.027899902313947678 and parameters: {'L1_hidden_dim': 256, 'L1_layers_atom': 4, 'L1_layers_mol': 4, 'L1_dropout': 0.04267673448797593, 'L1_out_dim': 96, 'L2_hidden_dim': 240, 'L2_layers_atom': 1, 'L2_layers_mol': 4, 'L2_out_dim': 64, 'L2_dropout': 0.19101839002329069, 'L3_hidden_dim': 64, 'L3_layers_atom': 2, 'L3_layers_mol': 1, 'L3_out_dim': 112, 'L3_dropout': 0.12698369331084164, 'n_mlp_layers': 2, 'mlp_dim_0': 240, 'mlp_dim_1': 288, 'num_heads': 2, 'final_dropout': 0.27396086883218473, 'train_learning_rate': 0.00017302863222807492, 'train_lr_reduce': 0.6}. Best is trial 1073 with value: 0.009419886395335197.
[I 2024-12-26 14:15:05,439] Trial 1858 finished with value: 0.014238102361559868 and parameters: {'L1_hidden_dim': 128, 'L1_layers_atom': 1, 'L1_layers_mol': 1, 'L1_dropout': 0.02539286143101711, 'L1_out_dim': 80, 'L2_hidden_dim': 160, 'L2_layers_atom': 1, 'L2_layers_mol': 4, 'L2_out_dim': 80, 'L2_dropout': 0.030628939876760842, 'L3_hidden_dim': 48, 'L3_layers_atom': 4, 'L3_layers_mol': 1, 'L3_out_dim': 112, 'L3_dropout': 0.040523661553611284, 'n_mlp_layers': 2, 'mlp_dim_0': 392, 'mlp_dim_1': 200, 'num_heads': 2, 'final_dropout': 0.1009714124452349, 'train_learning_rate': 0.0022536956539605463, 'train_lr_reduce': 0.6}. Best is trial 1073 with value: 0.009419886395335197.
[I 2024-12-26 14:15:51,143] Trial 1860 finished with value: 0.012243520468473434 and parameters: {'L1_hidden_dim': 96, 'L1_layers_atom': 1, 'L1_layers_mol': 1, 'L1_dropout': 0.04667004397958193, 'L1_out_dim': 80, 'L2_hidden_dim': 128, 'L2_layers_atom': 1, 'L2_layers_mol': 4, 'L2_out_dim': 96, 'L2_dropout': 0.03817545302316325, 'L3_hidden_dim': 64, 'L3_layers_atom': 4, 'L3_layers_mol': 1, 'L3_out_dim': 96, 'L3_dropout': 0.06826363064296097, 'n_mlp_layers': 3, 'mlp_dim_0': 488, 'mlp_dim_1': 248, 'mlp_dim_2': 408, 'num_heads': 2, 'final_dropout': 0.07350857577682385, 'train_learning_rate': 0.0006043666601590713, 'train_lr_reduce': 0.6}. Best is trial 1073 with value: 0.009419886395335197.
[I 2024-12-26 14:16:59,555] Trial 1859 finished with value: 0.013652416877448559 and parameters: {'L1_hidden_dim': 96, 'L1_layers_atom': 1, 'L1_layers_mol': 2, 'L1_dropout': 0.08516420146858025, 'L1_out_dim': 80, 'L2_hidden_dim': 208, 'L2_layers_atom': 1, 'L2_layers_mol': 3, 'L2_out_dim': 112, 'L2_dropout': 0.02103554816106446, 'L3_hidden_dim': 64, 'L3_layers_atom': 4, 'L3_layers_mol': 2, 'L3_out_dim': 112, 'L3_dropout': 0.01892096300672997, 'n_mlp_layers': 3, 'mlp_dim_0': 472, 'mlp_dim_1': 328, 'mlp_dim_2': 104, 'num_heads': 2, 'final_dropout': 0.04638341366013986, 'train_learning_rate': 0.00010789559896112314, 'train_lr_reduce': 0.6}. Best is trial 1073 with value: 0.009419886395335197.
[I 2024-12-26 14:17:06,432] Trial 1861 finished with value: 0.03037146106362343 and parameters: {'L1_hidden_dim': 160, 'L1_layers_atom': 4, 'L1_layers_mol': 1, 'L1_dropout': 0.10638240764766523, 'L1_out_dim': 32, 'L2_hidden_dim': 64, 'L2_layers_atom': 3, 'L2_layers_mol': 1, 'L2_out_dim': 64, 'L2_dropout': 0.2206212301662609, 'L3_hidden_dim': 32, 'L3_layers_atom': 4, 'L3_layers_mol': 3, 'L3_out_dim': 96, 'L3_dropout': 0.175745757503112, 'n_mlp_layers': 1, 'mlp_dim_0': 208, 'num_heads': 2, 'final_dropout': 0.15479831794552257, 'train_learning_rate': 0.000183732224724769, 'train_lr_reduce': 0.6}. Best is trial 1073 with value: 0.009419886395335197.
[I 2024-12-26 14:17:55,928] Trial 1862 finished with value: 0.011174957267940044 and parameters: {'L1_hidden_dim': 80, 'L1_layers_atom': 4, 'L1_layers_mol': 1, 'L1_dropout': 0.0075759977887966505, 'L1_out_dim': 96, 'L2_hidden_dim': 176, 'L2_layers_atom': 1, 'L2_layers_mol': 4, 'L2_out_dim': 112, 'L2_dropout': 0.0024567842691582556, 'L3_hidden_dim': 112, 'L3_layers_atom': 4, 'L3_layers_mol': 1, 'L3_out_dim': 96, 'L3_dropout': 0.05089016433466048, 'n_mlp_layers': 3, 'mlp_dim_0': 512, 'mlp_dim_1': 280, 'mlp_dim_2': 464, 'num_heads': 2, 'final_dropout': 0.24368808062303424, 'train_learning_rate': 0.0015523326619129654, 'train_lr_reduce': 0.6}. Best is trial 1073 with value: 0.009419886395335197.
[I 2024-12-26 14:18:56,461] Trial 1863 finished with value: 0.013450360856950283 and parameters: {'L1_hidden_dim': 144, 'L1_layers_atom': 1, 'L1_layers_mol': 1, 'L1_dropout': 0.1862965946254618, 'L1_out_dim': 80, 'L2_hidden_dim': 208, 'L2_layers_atom': 1, 'L2_layers_mol': 3, 'L2_out_dim': 96, 'L2_dropout': 0.09459655656886065, 'L3_hidden_dim': 128, 'L3_layers_atom': 2, 'L3_layers_mol': 1, 'L3_out_dim': 112, 'L3_dropout': 0.06202493096092837, 'n_mlp_layers': 3, 'mlp_dim_0': 272, 'mlp_dim_1': 336, 'mlp_dim_2': 400, 'num_heads': 2, 'final_dropout': 0.051115612051372356, 'train_learning_rate': 0.0010505920637337886, 'train_lr_reduce': 0.6}. Best is trial 1073 with value: 0.009419886395335197.
[I 2024-12-26 14:19:16,294] Trial 1864 finished with value: 0.012014833278954029 and parameters: {'L1_hidden_dim': 192, 'L1_layers_atom': 3, 'L1_layers_mol': 3, 'L1_dropout': 0.02370617305227752, 'L1_out_dim': 32, 'L2_hidden_dim': 240, 'L2_layers_atom': 1, 'L2_layers_mol': 3, 'L2_out_dim': 128, 'L2_dropout': 0.011590931781853862, 'L3_hidden_dim': 80, 'L3_layers_atom': 4, 'L3_layers_mol': 1, 'L3_out_dim': 128, 'L3_dropout': 0.038827455073314296, 'n_mlp_layers': 2, 'mlp_dim_0': 432, 'mlp_dim_1': 144, 'num_heads': 1, 'final_dropout': 0.21323897616338655, 'train_learning_rate': 0.0008744529532662725, 'train_lr_reduce': 0.6}. Best is trial 1073 with value: 0.009419886395335197.
[I 2024-12-26 14:20:58,610] Trial 1866 finished with value: 0.012146295979619026 and parameters: {'L1_hidden_dim': 96, 'L1_layers_atom': 1, 'L1_layers_mol': 1, 'L1_dropout': 0.04237239583459845, 'L1_out_dim': 96, 'L2_hidden_dim': 208, 'L2_layers_atom': 1, 'L2_layers_mol': 2, 'L2_out_dim': 80, 'L2_dropout': 0.018718104117380643, 'L3_hidden_dim': 112, 'L3_layers_atom': 4, 'L3_layers_mol': 1, 'L3_out_dim': 128, 'L3_dropout': 0.07597564211188707, 'n_mlp_layers': 3, 'mlp_dim_0': 352, 'mlp_dim_1': 240, 'mlp_dim_2': 104, 'num_heads': 1, 'final_dropout': 0.005542924662253979, 'train_learning_rate': 0.0004991254777865609, 'train_lr_reduce': 0.6}. Best is trial 1073 with value: 0.009419886395335197.
[I 2024-12-26 14:21:37,073] Trial 1865 finished with value: 0.018437514081597328 and parameters: {'L1_hidden_dim': 96, 'L1_layers_atom': 4, 'L1_layers_mol': 3, 'L1_dropout': 0.02723078154492471, 'L1_out_dim': 64, 'L2_hidden_dim': 208, 'L2_layers_atom': 1, 'L2_layers_mol': 4, 'L2_out_dim': 128, 'L2_dropout': 0.027054376742137384, 'L3_hidden_dim': 64, 'L3_layers_atom': 3, 'L3_layers_mol': 2, 'L3_out_dim': 64, 'L3_dropout': 0.016946508587131467, 'n_mlp_layers': 3, 'mlp_dim_0': 496, 'mlp_dim_1': 512, 'mlp_dim_2': 464, 'num_heads': 2, 'final_dropout': 0.17029994386237415, 'train_learning_rate': 0.008139224015677288, 'train_lr_reduce': 0.6}. Best is trial 1073 with value: 0.009419886395335197.
[I 2024-12-26 14:22:20,268] Trial 1867 finished with value: 0.010224426165223122 and parameters: {'L1_hidden_dim': 208, 'L1_layers_atom': 3, 'L1_layers_mol': 1, 'L1_dropout': 0.0007091345034222398, 'L1_out_dim': 96, 'L2_hidden_dim': 192, 'L2_layers_atom': 1, 'L2_layers_mol': 3, 'L2_out_dim': 96, 'L2_dropout': 0.016514399055805477, 'L3_hidden_dim': 128, 'L3_layers_atom': 3, 'L3_layers_mol': 2, 'L3_out_dim': 96, 'L3_dropout': 0.06663707145405227, 'n_mlp_layers': 3, 'mlp_dim_0': 328, 'mlp_dim_1': 200, 'mlp_dim_2': 464, 'num_heads': 2, 'final_dropout': 0.13226931841895495, 'train_learning_rate': 0.0005229922632591684, 'train_lr_reduce': 0.6}. Best is trial 1073 with value: 0.009419886395335197.
[I 2024-12-26 14:23:41,233] Trial 1869 finished with value: 0.012410424649715424 and parameters: {'L1_hidden_dim': 224, 'L1_layers_atom': 2, 'L1_layers_mol': 4, 'L1_dropout': 0.020050499316596603, 'L1_out_dim': 112, 'L2_hidden_dim': 224, 'L2_layers_atom': 1, 'L2_layers_mol': 4, 'L2_out_dim': 96, 'L2_dropout': 0.0912393622509704, 'L3_hidden_dim': 32, 'L3_layers_atom': 2, 'L3_layers_mol': 2, 'L3_out_dim': 96, 'L3_dropout': 0.04351492924202144, 'n_mlp_layers': 3, 'mlp_dim_0': 176, 'mlp_dim_1': 344, 'mlp_dim_2': 400, 'num_heads': 2, 'final_dropout': 0.18106022597111449, 'train_learning_rate': 0.0012757677096431358, 'train_lr_reduce': 0.6}. Best is trial 1073 with value: 0.009419886395335197.
[I 2024-12-26 14:23:53,487] Trial 1868 finished with value: 0.013433022424578667 and parameters: {'L1_hidden_dim': 96, 'L1_layers_atom': 1, 'L1_layers_mol': 2, 'L1_dropout': 0.03347210153459391, 'L1_out_dim': 96, 'L2_hidden_dim': 128, 'L2_layers_atom': 1, 'L2_layers_mol': 2, 'L2_out_dim': 128, 'L2_dropout': 0.01168131852227235, 'L3_hidden_dim': 96, 'L3_layers_atom': 3, 'L3_layers_mol': 2, 'L3_out_dim': 128, 'L3_dropout': 0.0955253662178539, 'n_mlp_layers': 2, 'mlp_dim_0': 80, 'mlp_dim_1': 288, 'num_heads': 2, 'final_dropout': 0.010814558190774341, 'train_learning_rate': 0.0002128111592903466, 'train_lr_reduce': 0.6}. Best is trial 1073 with value: 0.009419886395335197.
[I 2024-12-26 14:25:00,663] Trial 1870 finished with value: 0.01149407122284174 and parameters: {'L1_hidden_dim': 112, 'L1_layers_atom': 1, 'L1_layers_mol': 2, 'L1_dropout': 0.07498619409715512, 'L1_out_dim': 80, 'L2_hidden_dim': 192, 'L2_layers_atom': 1, 'L2_layers_mol': 4, 'L2_out_dim': 96, 'L2_dropout': 0.05395014012437254, 'L3_hidden_dim': 64, 'L3_layers_atom': 4, 'L3_layers_mol': 1, 'L3_out_dim': 112, 'L3_dropout': 0.018862315739473164, 'n_mlp_layers': 2, 'mlp_dim_0': 456, 'mlp_dim_1': 256, 'num_heads': 2, 'final_dropout': 0.1407473716341298, 'train_learning_rate': 0.00033449249485716364, 'train_lr_reduce': 0.6}. Best is trial 1073 with value: 0.009419886395335197.
[I 2024-12-26 14:26:45,561] Trial 1871 finished with value: 0.014181540347635746 and parameters: {'L1_hidden_dim': 208, 'L1_layers_atom': 2, 'L1_layers_mol': 4, 'L1_dropout': 0.05048729878074159, 'L1_out_dim': 112, 'L2_hidden_dim': 240, 'L2_layers_atom': 1, 'L2_layers_mol': 4, 'L2_out_dim': 80, 'L2_dropout': 0.09548108680780032, 'L3_hidden_dim': 48, 'L3_layers_atom': 1, 'L3_layers_mol': 1, 'L3_out_dim': 96, 'L3_dropout': 0.20570417128559887, 'n_mlp_layers': 2, 'mlp_dim_0': 304, 'mlp_dim_1': 336, 'num_heads': 2, 'final_dropout': 0.22559855810525137, 'train_learning_rate': 0.0002806757635961986, 'train_lr_reduce': 0.6}. Best is trial 1073 with value: 0.009419886395335197.
[I 2024-12-26 14:26:48,289] Trial 1872 finished with value: 0.01476676482707262 and parameters: {'L1_hidden_dim': 160, 'L1_layers_atom': 3, 'L1_layers_mol': 4, 'L1_dropout': 0.08770511114906855, 'L1_out_dim': 128, 'L2_hidden_dim': 208, 'L2_layers_atom': 1, 'L2_layers_mol': 2, 'L2_out_dim': 48, 'L2_dropout': 0.020376642467989984, 'L3_hidden_dim': 48, 'L3_layers_atom': 4, 'L3_layers_mol': 1, 'L3_out_dim': 128, 'L3_dropout': 0.10127782265459533, 'n_mlp_layers': 3, 'mlp_dim_0': 168, 'mlp_dim_1': 288, 'mlp_dim_2': 360, 'num_heads': 2, 'final_dropout': 0.11200228755947748, 'train_learning_rate': 0.0021024063874997005, 'train_lr_reduce': 0.6}. Best is trial 1073 with value: 0.009419886395335197.
[I 2024-12-26 14:27:59,918] Trial 1873 finished with value: 0.012809709645807743 and parameters: {'L1_hidden_dim': 192, 'L1_layers_atom': 4, 'L1_layers_mol': 3, 'L1_dropout': 0.03938268765698989, 'L1_out_dim': 48, 'L2_hidden_dim': 112, 'L2_layers_atom': 2, 'L2_layers_mol': 2, 'L2_out_dim': 128, 'L2_dropout': 0.12933616433602155, 'L3_hidden_dim': 96, 'L3_layers_atom': 4, 'L3_layers_mol': 1, 'L3_out_dim': 80, 'L3_dropout': 0.03270950803413358, 'n_mlp_layers': 3, 'mlp_dim_0': 432, 'mlp_dim_1': 208, 'mlp_dim_2': 456, 'num_heads': 2, 'final_dropout': 0.04488887073310578, 'train_learning_rate': 0.0005721618522231428, 'train_lr_reduce': 0.6}. Best is trial 1073 with value: 0.009419886395335197.
[I 2024-12-26 14:28:55,322] Trial 1875 finished with value: 0.012726678512990475 and parameters: {'L1_hidden_dim': 144, 'L1_layers_atom': 4, 'L1_layers_mol': 3, 'L1_dropout': 0.08855975236741268, 'L1_out_dim': 48, 'L2_hidden_dim': 224, 'L2_layers_atom': 1, 'L2_layers_mol': 2, 'L2_out_dim': 128, 'L2_dropout': 0.0383314981787542, 'L3_hidden_dim': 112, 'L3_layers_atom': 4, 'L3_layers_mol': 3, 'L3_out_dim': 112, 'L3_dropout': 0.03239205427597659, 'n_mlp_layers': 3, 'mlp_dim_0': 512, 'mlp_dim_1': 296, 'mlp_dim_2': 112, 'num_heads': 1, 'final_dropout': 0.08945640685606362, 'train_learning_rate': 0.00032045602777819825, 'train_lr_reduce': 0.6}. Best is trial 1073 with value: 0.009419886395335197.
[I 2024-12-26 14:29:14,108] Trial 1874 finished with value: 0.02909819781780243 and parameters: {'L1_hidden_dim': 144, 'L1_layers_atom': 1, 'L1_layers_mol': 2, 'L1_dropout': 0.14041548224599934, 'L1_out_dim': 64, 'L2_hidden_dim': 176, 'L2_layers_atom': 3, 'L2_layers_mol': 4, 'L2_out_dim': 80, 'L2_dropout': 0.03337778704879288, 'L3_hidden_dim': 80, 'L3_layers_atom': 3, 'L3_layers_mol': 2, 'L3_out_dim': 48, 'L3_dropout': 0.12955261929832268, 'n_mlp_layers': 2, 'mlp_dim_0': 48, 'mlp_dim_1': 144, 'num_heads': 1, 'final_dropout': 0.0227440660393341, 'train_learning_rate': 0.009370580159938609, 'train_lr_reduce': 0.6}. Best is trial 1073 with value: 0.009419886395335197.
[I 2024-12-26 14:30:06,852] Trial 1876 finished with value: 0.011960649862885475 and parameters: {'L1_hidden_dim': 112, 'L1_layers_atom': 2, 'L1_layers_mol': 2, 'L1_dropout': 0.11113144750011136, 'L1_out_dim': 48, 'L2_hidden_dim': 176, 'L2_layers_atom': 2, 'L2_layers_mol': 1, 'L2_out_dim': 128, 'L2_dropout': 0.030959526919349147, 'L3_hidden_dim': 80, 'L3_layers_atom': 3, 'L3_layers_mol': 2, 'L3_out_dim': 112, 'L3_dropout': 0.062066404284756245, 'n_mlp_layers': 3, 'mlp_dim_0': 320, 'mlp_dim_1': 240, 'mlp_dim_2': 72, 'num_heads': 1, 'final_dropout': 0.008659942185055322, 'train_learning_rate': 0.0004955020833019489, 'train_lr_reduce': 0.6}. Best is trial 1073 with value: 0.009419886395335197.
[I 2024-12-26 14:30:58,848] Trial 1877 finished with value: 0.01578633300960064 and parameters: {'L1_hidden_dim': 160, 'L1_layers_atom': 3, 'L1_layers_mol': 4, 'L1_dropout': 0.10406694709747995, 'L1_out_dim': 48, 'L2_hidden_dim': 112, 'L2_layers_atom': 1, 'L2_layers_mol': 1, 'L2_out_dim': 128, 'L2_dropout': 0.17121613267597266, 'L3_hidden_dim': 112, 'L3_layers_atom': 4, 'L3_layers_mol': 1, 'L3_out_dim': 80, 'L3_dropout': 0.07745727257500554, 'n_mlp_layers': 3, 'mlp_dim_0': 472, 'mlp_dim_1': 336, 'mlp_dim_2': 424, 'num_heads': 2, 'final_dropout': 0.12341941337252754, 'train_learning_rate': 0.0007314340691604295, 'train_lr_reduce': 0.6}. Best is trial 1073 with value: 0.009419886395335197.
[I 2024-12-26 14:31:54,669] Trial 1878 finished with value: 0.010334718972444534 and parameters: {'L1_hidden_dim': 112, 'L1_layers_atom': 1, 'L1_layers_mol': 2, 'L1_dropout': 0.14370253584166065, 'L1_out_dim': 48, 'L2_hidden_dim': 144, 'L2_layers_atom': 1, 'L2_layers_mol': 4, 'L2_out_dim': 128, 'L2_dropout': 0.01001487799476963, 'L3_hidden_dim': 96, 'L3_layers_atom': 4, 'L3_layers_mol': 1, 'L3_out_dim': 112, 'L3_dropout': 0.06528258792921124, 'n_mlp_layers': 3, 'mlp_dim_0': 448, 'mlp_dim_1': 336, 'mlp_dim_2': 472, 'num_heads': 2, 'final_dropout': 0.036543129453242236, 'train_learning_rate': 0.00037600858188874394, 'train_lr_reduce': 0.6}. Best is trial 1073 with value: 0.009419886395335197.
[I 2024-12-26 14:33:06,618] Trial 1879 finished with value: 0.020391076803207397 and parameters: {'L1_hidden_dim': 240, 'L1_layers_atom': 1, 'L1_layers_mol': 1, 'L1_dropout': 0.2963887428761274, 'L1_out_dim': 128, 'L2_hidden_dim': 112, 'L2_layers_atom': 3, 'L2_layers_mol': 4, 'L2_out_dim': 80, 'L2_dropout': 0.10965144851934996, 'L3_hidden_dim': 96, 'L3_layers_atom': 3, 'L3_layers_mol': 3, 'L3_out_dim': 48, 'L3_dropout': 0.25104975817478875, 'n_mlp_layers': 3, 'mlp_dim_0': 272, 'mlp_dim_1': 280, 'mlp_dim_2': 352, 'num_heads': 2, 'final_dropout': 0.17312562379514537, 'train_learning_rate': 0.002085126104035698, 'train_lr_reduce': 0.6}. Best is trial 1073 with value: 0.009419886395335197.
[I 2024-12-26 14:33:21,138] Trial 1880 finished with value: 0.015579849481582642 and parameters: {'L1_hidden_dim': 176, 'L1_layers_atom': 4, 'L1_layers_mol': 2, 'L1_dropout': 0.23834044627663434, 'L1_out_dim': 112, 'L2_hidden_dim': 176, 'L2_layers_atom': 3, 'L2_layers_mol': 2, 'L2_out_dim': 80, 'L2_dropout': 0.15189150957789516, 'L3_hidden_dim': 96, 'L3_layers_atom': 3, 'L3_layers_mol': 3, 'L3_out_dim': 48, 'L3_dropout': 0.26788821875167057, 'n_mlp_layers': 2, 'mlp_dim_0': 104, 'mlp_dim_1': 192, 'num_heads': 2, 'final_dropout': 0.2821432835442439, 'train_learning_rate': 0.003104341318166166, 'train_lr_reduce': 0.6}. Best is trial 1073 with value: 0.009419886395335197.
[I 2024-12-26 14:34:09,508] Trial 1881 finished with value: 0.011732613667845726 and parameters: {'L1_hidden_dim': 96, 'L1_layers_atom': 3, 'L1_layers_mol': 1, 'L1_dropout': 0.023803862747105088, 'L1_out_dim': 64, 'L2_hidden_dim': 224, 'L2_layers_atom': 1, 'L2_layers_mol': 1, 'L2_out_dim': 128, 'L2_dropout': 0.03791654048596686, 'L3_hidden_dim': 32, 'L3_layers_atom': 3, 'L3_layers_mol': 1, 'L3_out_dim': 80, 'L3_dropout': 0.06849900482634468, 'n_mlp_layers': 3, 'mlp_dim_0': 392, 'mlp_dim_1': 240, 'mlp_dim_2': 416, 'num_heads': 1, 'final_dropout': 0.27590172231978743, 'train_learning_rate': 0.0009994047548589863, 'train_lr_reduce': 0.6}. Best is trial 1073 with value: 0.009419886395335197.
[I 2024-12-26 14:35:33,597] Trial 1882 finished with value: 0.012310138903558254 and parameters: {'L1_hidden_dim': 80, 'L1_layers_atom': 1, 'L1_layers_mol': 2, 'L1_dropout': 0.03928763619730804, 'L1_out_dim': 64, 'L2_hidden_dim': 160, 'L2_layers_atom': 1, 'L2_layers_mol': 4, 'L2_out_dim': 112, 'L2_dropout': 0.09198278734634135, 'L3_hidden_dim': 64, 'L3_layers_atom': 4, 'L3_layers_mol': 2, 'L3_out_dim': 128, 'L3_dropout': 0.036501371338536114, 'n_mlp_layers': 3, 'mlp_dim_0': 424, 'mlp_dim_1': 336, 'mlp_dim_2': 464, 'num_heads': 2, 'final_dropout': 0.023599318844369235, 'train_learning_rate': 0.0009797176098471463, 'train_lr_reduce': 0.6}. Best is trial 1073 with value: 0.009419886395335197.
[I 2024-12-26 14:36:34,021] Trial 1884 finished with value: 0.015544299967586994 and parameters: {'L1_hidden_dim': 64, 'L1_layers_atom': 1, 'L1_layers_mol': 1, 'L1_dropout': 0.1444622231684824, 'L1_out_dim': 48, 'L2_hidden_dim': 144, 'L2_layers_atom': 2, 'L2_layers_mol': 2, 'L2_out_dim': 112, 'L2_dropout': 0.06535730846419607, 'L3_hidden_dim': 112, 'L3_layers_atom': 4, 'L3_layers_mol': 2, 'L3_out_dim': 128, 'L3_dropout': 0.03953835656637465, 'n_mlp_layers': 3, 'mlp_dim_0': 312, 'mlp_dim_1': 240, 'mlp_dim_2': 72, 'num_heads': 2, 'final_dropout': 0.035080464719852815, 'train_learning_rate': 0.001150782638616339, 'train_lr_reduce': 0.6}. Best is trial 1073 with value: 0.009419886395335197.
[I 2024-12-26 14:37:10,845] Trial 1883 finished with value: 0.0761447474360466 and parameters: {'L1_hidden_dim': 128, 'L1_layers_atom': 3, 'L1_layers_mol': 4, 'L1_dropout': 0.017560900563290044, 'L1_out_dim': 112, 'L2_hidden_dim': 176, 'L2_layers_atom': 3, 'L2_layers_mol': 2, 'L2_out_dim': 32, 'L2_dropout': 0.27563037157568254, 'L3_hidden_dim': 32, 'L3_layers_atom': 2, 'L3_layers_mol': 3, 'L3_out_dim': 96, 'L3_dropout': 0.08908837225783267, 'n_mlp_layers': 2, 'mlp_dim_0': 416, 'mlp_dim_1': 288, 'num_heads': 2, 'final_dropout': 0.10200842170411185, 'train_learning_rate': 0.0002532490362363503, 'train_lr_reduce': 0.6}. Best is trial 1073 with value: 0.009419886395335197.
