[I 2024-12-26 09:14:56,682] Trial 1512 finished with value: 0.020420562475919724 and parameters: {'L1_hidden_dim': 176, 'L1_layers_atom': 3, 'L1_layers_mol': 4, 'L1_dropout': 0.07001094036843943, 'L1_out_dim': 96, 'L2_hidden_dim': 176, 'L2_layers_atom': 3, 'L2_layers_mol': 2, 'L2_out_dim': 96, 'L2_dropout': 0.2438340672095508, 'L3_hidden_dim': 48, 'L3_layers_atom': 3, 'L3_layers_mol': 4, 'L3_out_dim': 48, 'L3_dropout': 0.05027801521799874, 'n_mlp_layers': 2, 'mlp_dim_0': 464, 'mlp_dim_1': 400, 'num_heads': 2, 'final_dropout': 0.13752514708074629, 'train_learning_rate': 0.004417441477939192, 'train_lr_reduce': 0.6}. Best is trial 1073 with value: 0.009419886395335197.
[I 2024-12-26 09:16:51,880] Trial 1515 finished with value: 0.011643148958683014 and parameters: {'L1_hidden_dim': 80, 'L1_layers_atom': 2, 'L1_layers_mol': 2, 'L1_dropout': 0.036839843264742954, 'L1_out_dim': 32, 'L2_hidden_dim': 224, 'L2_layers_atom': 1, 'L2_layers_mol': 2, 'L2_out_dim': 112, 'L2_dropout': 0.08570370937615002, 'L3_hidden_dim': 96, 'L3_layers_atom': 3, 'L3_layers_mol': 1, 'L3_out_dim': 128, 'L3_dropout': 0.10190111971741904, 'n_mlp_layers': 3, 'mlp_dim_0': 304, 'mlp_dim_1': 432, 'mlp_dim_2': 464, 'num_heads': 2, 'final_dropout': 0.10890554659240996, 'train_learning_rate': 0.0004967375724916698, 'train_lr_reduce': 0.6}. Best is trial 1073 with value: 0.009419886395335197.
[I 2024-12-26 09:16:57,060] Trial 1514 finished with value: 0.017458362504839897 and parameters: {'L1_hidden_dim': 112, 'L1_layers_atom': 4, 'L1_layers_mol': 4, 'L1_dropout': 0.026588766889251873, 'L1_out_dim': 112, 'L2_hidden_dim': 160, 'L2_layers_atom': 1, 'L2_layers_mol': 4, 'L2_out_dim': 128, 'L2_dropout': 0.015791277981098095, 'L3_hidden_dim': 80, 'L3_layers_atom': 4, 'L3_layers_mol': 1, 'L3_out_dim': 128, 'L3_dropout': 0.09549701842382007, 'n_mlp_layers': 2, 'mlp_dim_0': 408, 'mlp_dim_1': 376, 'num_heads': 1, 'final_dropout': 0.026563342574058728, 'train_learning_rate': 0.0003839817726434486, 'train_lr_reduce': 0.6}. Best is trial 1073 with value: 0.009419886395335197.
[I 2024-12-26 09:16:57,634] Trial 1516 finished with value: 0.011433389037847519 and parameters: {'L1_hidden_dim': 176, 'L1_layers_atom': 3, 'L1_layers_mol': 4, 'L1_dropout': 0.06434299608201219, 'L1_out_dim': 96, 'L2_hidden_dim': 224, 'L2_layers_atom': 1, 'L2_layers_mol': 4, 'L2_out_dim': 112, 'L2_dropout': 0.005296683459480267, 'L3_hidden_dim': 48, 'L3_layers_atom': 4, 'L3_layers_mol': 1, 'L3_out_dim': 128, 'L3_dropout': 0.0660214110742995, 'n_mlp_layers': 3, 'mlp_dim_0': 464, 'mlp_dim_1': 312, 'mlp_dim_2': 400, 'num_heads': 1, 'final_dropout': 0.010723273429727318, 'train_learning_rate': 0.0009530616153108223, 'train_lr_reduce': 0.6}. Best is trial 1073 with value: 0.009419886395335197.
[I 2024-12-26 09:19:14,400] Trial 1517 finished with value: 0.014178029261529446 and parameters: {'L1_hidden_dim': 80, 'L1_layers_atom': 4, 'L1_layers_mol': 2, 'L1_dropout': 0.032352012386821026, 'L1_out_dim': 48, 'L2_hidden_dim': 224, 'L2_layers_atom': 1, 'L2_layers_mol': 4, 'L2_out_dim': 128, 'L2_dropout': 0.05910265348578499, 'L3_hidden_dim': 128, 'L3_layers_atom': 4, 'L3_layers_mol': 2, 'L3_out_dim': 128, 'L3_dropout': 0.13636168141826266, 'n_mlp_layers': 3, 'mlp_dim_0': 264, 'mlp_dim_1': 480, 'mlp_dim_2': 432, 'num_heads': 2, 'final_dropout': 0.046153386342309484, 'train_learning_rate': 0.0001760467929011866, 'train_lr_reduce': 0.6}. Best is trial 1073 with value: 0.009419886395335197.
[I 2024-12-26 09:19:29,848] Trial 1518 finished with value: 0.012270748615264893 and parameters: {'L1_hidden_dim': 160, 'L1_layers_atom': 1, 'L1_layers_mol': 2, 'L1_dropout': 0.18705288692284772, 'L1_out_dim': 32, 'L2_hidden_dim': 192, 'L2_layers_atom': 1, 'L2_layers_mol': 3, 'L2_out_dim': 128, 'L2_dropout': 0.09818955960031016, 'L3_hidden_dim': 112, 'L3_layers_atom': 4, 'L3_layers_mol': 1, 'L3_out_dim': 128, 'L3_dropout': 0.06394610313792098, 'n_mlp_layers': 3, 'mlp_dim_0': 360, 'mlp_dim_1': 400, 'mlp_dim_2': 480, 'num_heads': 2, 'final_dropout': 0.07677532443853069, 'train_learning_rate': 0.0007809818625271726, 'train_lr_reduce': 0.6}. Best is trial 1073 with value: 0.009419886395335197.
[I 2024-12-26 09:19:40,340] Trial 1519 finished with value: 0.017331046983599663 and parameters: {'L1_hidden_dim': 64, 'L1_layers_atom': 1, 'L1_layers_mol': 2, 'L1_dropout': 0.07788611272091633, 'L1_out_dim': 96, 'L2_hidden_dim': 192, 'L2_layers_atom': 1, 'L2_layers_mol': 3, 'L2_out_dim': 80, 'L2_dropout': 0.0462309384042475, 'L3_hidden_dim': 48, 'L3_layers_atom': 4, 'L3_layers_mol': 1, 'L3_out_dim': 96, 'L3_dropout': 0.1752572430051608, 'n_mlp_layers': 3, 'mlp_dim_0': 416, 'mlp_dim_1': 352, 'mlp_dim_2': 400, 'num_heads': 2, 'final_dropout': 0.1697745710858795, 'train_learning_rate': 0.002890043590412432, 'train_lr_reduce': 0.6}. Best is trial 1073 with value: 0.009419886395335197.
[I 2024-12-26 09:21:56,189] Trial 1521 finished with value: 0.011933818459510803 and parameters: {'L1_hidden_dim': 64, 'L1_layers_atom': 1, 'L1_layers_mol': 3, 'L1_dropout': 0.1129061283205027, 'L1_out_dim': 32, 'L2_hidden_dim': 208, 'L2_layers_atom': 2, 'L2_layers_mol': 4, 'L2_out_dim': 128, 'L2_dropout': 0.031939924798240565, 'L3_hidden_dim': 80, 'L3_layers_atom': 3, 'L3_layers_mol': 2, 'L3_out_dim': 128, 'L3_dropout': 0.020822129488885684, 'n_mlp_layers': 3, 'mlp_dim_0': 248, 'mlp_dim_1': 400, 'mlp_dim_2': 512, 'num_heads': 2, 'final_dropout': 0.10384843547364628, 'train_learning_rate': 0.0008274240341532318, 'train_lr_reduce': 0.6}. Best is trial 1073 with value: 0.009419886395335197.
[I 2024-12-26 09:22:32,149] Trial 1520 finished with value: 0.015058783814311028 and parameters: {'L1_hidden_dim': 192, 'L1_layers_atom': 2, 'L1_layers_mol': 2, 'L1_dropout': 0.08956207291074439, 'L1_out_dim': 48, 'L2_hidden_dim': 160, 'L2_layers_atom': 1, 'L2_layers_mol': 4, 'L2_out_dim': 80, 'L2_dropout': 0.038822577323575254, 'L3_hidden_dim': 32, 'L3_layers_atom': 4, 'L3_layers_mol': 1, 'L3_out_dim': 112, 'L3_dropout': 0.12403812332889255, 'n_mlp_layers': 3, 'mlp_dim_0': 448, 'mlp_dim_1': 440, 'mlp_dim_2': 448, 'num_heads': 2, 'final_dropout': 0.15380125450863777, 'train_learning_rate': 0.0002860316485263809, 'train_lr_reduce': 0.6}. Best is trial 1073 with value: 0.009419886395335197.
[I 2024-12-26 09:23:16,378] Trial 1522 finished with value: 0.011355494149029255 and parameters: {'L1_hidden_dim': 96, 'L1_layers_atom': 3, 'L1_layers_mol': 1, 'L1_dropout': 0.01938312560707047, 'L1_out_dim': 48, 'L2_hidden_dim': 224, 'L2_layers_atom': 1, 'L2_layers_mol': 3, 'L2_out_dim': 112, 'L2_dropout': 0.0022026489438333116, 'L3_hidden_dim': 96, 'L3_layers_atom': 4, 'L3_layers_mol': 2, 'L3_out_dim': 128, 'L3_dropout': 0.08817547407031277, 'n_mlp_layers': 3, 'mlp_dim_0': 416, 'mlp_dim_1': 480, 'mlp_dim_2': 400, 'num_heads': 2, 'final_dropout': 0.14654649837050887, 'train_learning_rate': 0.0009614263486779417, 'train_lr_reduce': 0.6}. Best is trial 1073 with value: 0.009419886395335197.
[I 2024-12-26 09:25:16,816] Trial 1523 finished with value: 0.026633238419890404 and parameters: {'L1_hidden_dim': 80, 'L1_layers_atom': 3, 'L1_layers_mol': 2, 'L1_dropout': 0.02309502912652195, 'L1_out_dim': 32, 'L2_hidden_dim': 256, 'L2_layers_atom': 1, 'L2_layers_mol': 4, 'L2_out_dim': 112, 'L2_dropout': 0.010754531030743418, 'L3_hidden_dim': 80, 'L3_layers_atom': 2, 'L3_layers_mol': 1, 'L3_out_dim': 128, 'L3_dropout': 0.15218342798699266, 'n_mlp_layers': 3, 'mlp_dim_0': 336, 'mlp_dim_1': 512, 'mlp_dim_2': 384, 'num_heads': 2, 'final_dropout': 0.10368157314710993, 'train_learning_rate': 0.0035117317906578696, 'train_lr_reduce': 0.6}. Best is trial 1073 with value: 0.009419886395335197.
[I 2024-12-26 09:25:19,853] Trial 1524 finished with value: 0.050308484584093094 and parameters: {'L1_hidden_dim': 176, 'L1_layers_atom': 2, 'L1_layers_mol': 4, 'L1_dropout': 0.2669003707308088, 'L1_out_dim': 48, 'L2_hidden_dim': 240, 'L2_layers_atom': 2, 'L2_layers_mol': 4, 'L2_out_dim': 80, 'L2_dropout': 0.2363459783094245, 'L3_hidden_dim': 64, 'L3_layers_atom': 4, 'L3_layers_mol': 2, 'L3_out_dim': 64, 'L3_dropout': 0.07200832543468208, 'n_mlp_layers': 2, 'mlp_dim_0': 376, 'mlp_dim_1': 336, 'num_heads': 2, 'final_dropout': 0.08476342508627076, 'train_learning_rate': 0.002747147895462851, 'train_lr_reduce': 0.6}. Best is trial 1073 with value: 0.009419886395335197.
[I 2024-12-26 09:25:27,776] Trial 1525 finished with value: 0.012195495888590813 and parameters: {'L1_hidden_dim': 176, 'L1_layers_atom': 3, 'L1_layers_mol': 1, 'L1_dropout': 0.030829668938397486, 'L1_out_dim': 64, 'L2_hidden_dim': 224, 'L2_layers_atom': 1, 'L2_layers_mol': 1, 'L2_out_dim': 112, 'L2_dropout': 0.043183116975577536, 'L3_hidden_dim': 32, 'L3_layers_atom': 3, 'L3_layers_mol': 3, 'L3_out_dim': 112, 'L3_dropout': 0.011331770323931692, 'n_mlp_layers': 3, 'mlp_dim_0': 296, 'mlp_dim_1': 432, 'mlp_dim_2': 464, 'num_heads': 1, 'final_dropout': 0.19860833540833187, 'train_learning_rate': 0.0005110219010063934, 'train_lr_reduce': 0.6}. Best is trial 1073 with value: 0.009419886395335197.
[I 2024-12-26 09:27:40,338] Trial 1527 finished with value: 0.013848556205630302 and parameters: {'L1_hidden_dim': 80, 'L1_layers_atom': 3, 'L1_layers_mol': 2, 'L1_dropout': 0.07187505468130424, 'L1_out_dim': 96, 'L2_hidden_dim': 208, 'L2_layers_atom': 2, 'L2_layers_mol': 4, 'L2_out_dim': 112, 'L2_dropout': 0.019199678944928113, 'L3_hidden_dim': 80, 'L3_layers_atom': 2, 'L3_layers_mol': 1, 'L3_out_dim': 112, 'L3_dropout': 0.10463331232496437, 'n_mlp_layers': 3, 'mlp_dim_0': 416, 'mlp_dim_1': 424, 'mlp_dim_2': 472, 'num_heads': 1, 'final_dropout': 0.2350770497146688, 'train_learning_rate': 0.0007287798291682768, 'train_lr_reduce': 0.6}. Best is trial 1073 with value: 0.009419886395335197.
[I 2024-12-26 09:28:04,937] Trial 1528 finished with value: 0.011197767220437527 and parameters: {'L1_hidden_dim': 96, 'L1_layers_atom': 2, 'L1_layers_mol': 2, 'L1_dropout': 0.21502471080061805, 'L1_out_dim': 32, 'L2_hidden_dim': 224, 'L2_layers_atom': 2, 'L2_layers_mol': 4, 'L2_out_dim': 128, 'L2_dropout': 0.004944517392517802, 'L3_hidden_dim': 96, 'L3_layers_atom': 4, 'L3_layers_mol': 1, 'L3_out_dim': 128, 'L3_dropout': 0.08085563026251738, 'n_mlp_layers': 2, 'mlp_dim_0': 416, 'mlp_dim_1': 304, 'num_heads': 2, 'final_dropout': 0.06507037540708982, 'train_learning_rate': 0.0003437405099042208, 'train_lr_reduce': 0.6}. Best is trial 1073 with value: 0.009419886395335197.
[I 2024-12-26 09:28:21,153] Trial 1526 finished with value: 0.01108151488006115 and parameters: {'L1_hidden_dim': 112, 'L1_layers_atom': 4, 'L1_layers_mol': 4, 'L1_dropout': 0.008079419893088788, 'L1_out_dim': 112, 'L2_hidden_dim': 208, 'L2_layers_atom': 1, 'L2_layers_mol': 4, 'L2_out_dim': 112, 'L2_dropout': 0.04122590872705745, 'L3_hidden_dim': 64, 'L3_layers_atom': 3, 'L3_layers_mol': 2, 'L3_out_dim': 128, 'L3_dropout': 0.11220390785077868, 'n_mlp_layers': 3, 'mlp_dim_0': 344, 'mlp_dim_1': 376, 'mlp_dim_2': 448, 'num_heads': 1, 'final_dropout': 0.14458692803531137, 'train_learning_rate': 0.0006844976296920698, 'train_lr_reduce': 0.6}. Best is trial 1073 with value: 0.009419886395335197.
[I 2024-12-26 09:30:09,378] Trial 1529 finished with value: 0.012552475556731224 and parameters: {'L1_hidden_dim': 112, 'L1_layers_atom': 2, 'L1_layers_mol': 3, 'L1_dropout': 0.06224235849580424, 'L1_out_dim': 48, 'L2_hidden_dim': 208, 'L2_layers_atom': 1, 'L2_layers_mol': 3, 'L2_out_dim': 80, 'L2_dropout': 0.10749248392198199, 'L3_hidden_dim': 48, 'L3_layers_atom': 4, 'L3_layers_mol': 1, 'L3_out_dim': 96, 'L3_dropout': 0.04979741929711144, 'n_mlp_layers': 3, 'mlp_dim_0': 368, 'mlp_dim_1': 368, 'mlp_dim_2': 392, 'num_heads': 1, 'final_dropout': 0.1740999811733494, 'train_learning_rate': 0.0008079874336587522, 'train_lr_reduce': 0.6}. Best is trial 1073 with value: 0.009419886395335197.
[I 2024-12-26 09:30:47,800] Trial 1531 finished with value: 0.011945088393986225 and parameters: {'L1_hidden_dim': 128, 'L1_layers_atom': 2, 'L1_layers_mol': 1, 'L1_dropout': 0.06813412794470258, 'L1_out_dim': 96, 'L2_hidden_dim': 208, 'L2_layers_atom': 2, 'L2_layers_mol': 3, 'L2_out_dim': 96, 'L2_dropout': 0.03571583666550833, 'L3_hidden_dim': 64, 'L3_layers_atom': 4, 'L3_layers_mol': 1, 'L3_out_dim': 64, 'L3_dropout': 0.06501196822621108, 'n_mlp_layers': 3, 'mlp_dim_0': 416, 'mlp_dim_1': 400, 'mlp_dim_2': 472, 'num_heads': 2, 'final_dropout': 0.16385604107643267, 'train_learning_rate': 0.000350985394873621, 'train_lr_reduce': 0.6}. Best is trial 1073 with value: 0.009419886395335197.
[I 2024-12-26 09:31:09,574] Trial 1530 finished with value: 0.011038552969694138 and parameters: {'L1_hidden_dim': 112, 'L1_layers_atom': 3, 'L1_layers_mol': 2, 'L1_dropout': 0.01799247075924452, 'L1_out_dim': 64, 'L2_hidden_dim': 192, 'L2_layers_atom': 2, 'L2_layers_mol': 4, 'L2_out_dim': 112, 'L2_dropout': 0.0010772514046804632, 'L3_hidden_dim': 80, 'L3_layers_atom': 4, 'L3_layers_mol': 2, 'L3_out_dim': 128, 'L3_dropout': 0.12329080873279986, 'n_mlp_layers': 3, 'mlp_dim_0': 320, 'mlp_dim_1': 448, 'mlp_dim_2': 440, 'num_heads': 2, 'final_dropout': 0.09813489306075965, 'train_learning_rate': 0.0005099262288185801, 'train_lr_reduce': 0.6}. Best is trial 1073 with value: 0.009419886395335197.
[I 2024-12-26 09:32:51,980] Trial 1532 finished with value: 0.010575735941529274 and parameters: {'L1_hidden_dim': 128, 'L1_layers_atom': 3, 'L1_layers_mol': 2, 'L1_dropout': 0.011155875293483025, 'L1_out_dim': 64, 'L2_hidden_dim': 208, 'L2_layers_atom': 1, 'L2_layers_mol': 4, 'L2_out_dim': 128, 'L2_dropout': 0.0442107397793386, 'L3_hidden_dim': 112, 'L3_layers_atom': 4, 'L3_layers_mol': 1, 'L3_out_dim': 128, 'L3_dropout': 0.002225107497623141, 'n_mlp_layers': 3, 'mlp_dim_0': 296, 'mlp_dim_1': 456, 'mlp_dim_2': 392, 'num_heads': 2, 'final_dropout': 0.07417018602009337, 'train_learning_rate': 0.00026113290713911607, 'train_lr_reduce': 0.6}. Best is trial 1073 with value: 0.009419886395335197.
[I 2024-12-26 09:33:11,040] Trial 1533 finished with value: 0.014892357401549816 and parameters: {'L1_hidden_dim': 160, 'L1_layers_atom': 3, 'L1_layers_mol': 4, 'L1_dropout': 0.06785191730988911, 'L1_out_dim': 128, 'L2_hidden_dim': 96, 'L2_layers_atom': 3, 'L2_layers_mol': 1, 'L2_out_dim': 80, 'L2_dropout': 0.17711881096335463, 'L3_hidden_dim': 32, 'L3_layers_atom': 2, 'L3_layers_mol': 1, 'L3_out_dim': 32, 'L3_dropout': 0.07791508463201835, 'n_mlp_layers': 2, 'mlp_dim_0': 488, 'mlp_dim_1': 344, 'num_heads': 2, 'final_dropout': 0.2399799289099641, 'train_learning_rate': 0.0008988641576841902, 'train_lr_reduce': 0.6}. Best is trial 1073 with value: 0.009419886395335197.
[I 2024-12-26 09:34:31,823] Trial 1534 finished with value: 0.012113697826862335 and parameters: {'L1_hidden_dim': 160, 'L1_layers_atom': 2, 'L1_layers_mol': 1, 'L1_dropout': 0.02654308162483387, 'L1_out_dim': 112, 'L2_hidden_dim': 160, 'L2_layers_atom': 1, 'L2_layers_mol': 4, 'L2_out_dim': 96, 'L2_dropout': 0.10149220814235241, 'L3_hidden_dim': 80, 'L3_layers_atom': 4, 'L3_layers_mol': 1, 'L3_out_dim': 128, 'L3_dropout': 0.0627554692904084, 'n_mlp_layers': 3, 'mlp_dim_0': 480, 'mlp_dim_1': 408, 'mlp_dim_2': 432, 'num_heads': 2, 'final_dropout': 0.06511983680367021, 'train_learning_rate': 0.00048338540858698154, 'train_lr_reduce': 0.6}. Best is trial 1073 with value: 0.009419886395335197.
[I 2024-12-26 09:35:12,726] Trial 1535 finished with value: 0.01799633540213108 and parameters: {'L1_hidden_dim': 240, 'L1_layers_atom': 1, 'L1_layers_mol': 3, 'L1_dropout': 0.14722687245584803, 'L1_out_dim': 32, 'L2_hidden_dim': 112, 'L2_layers_atom': 1, 'L2_layers_mol': 1, 'L2_out_dim': 48, 'L2_dropout': 0.0586222447092195, 'L3_hidden_dim': 128, 'L3_layers_atom': 4, 'L3_layers_mol': 3, 'L3_out_dim': 80, 'L3_dropout': 0.16940194189361257, 'n_mlp_layers': 2, 'mlp_dim_0': 328, 'mlp_dim_1': 488, 'num_heads': 1, 'final_dropout': 0.29379757828087794, 'train_learning_rate': 0.00017781879907852448, 'train_lr_reduce': 0.6}. Best is trial 1073 with value: 0.009419886395335197.
[I 2024-12-26 09:36:19,750] Trial 1536 finished with value: 0.01904207654297352 and parameters: {'L1_hidden_dim': 160, 'L1_layers_atom': 4, 'L1_layers_mol': 3, 'L1_dropout': 0.02055728137199814, 'L1_out_dim': 32, 'L2_hidden_dim': 240, 'L2_layers_atom': 1, 'L2_layers_mol': 1, 'L2_out_dim': 48, 'L2_dropout': 0.09072546534978916, 'L3_hidden_dim': 64, 'L3_layers_atom': 1, 'L3_layers_mol': 1, 'L3_out_dim': 48, 'L3_dropout': 0.23725638266761737, 'n_mlp_layers': 2, 'mlp_dim_0': 496, 'mlp_dim_1': 440, 'num_heads': 2, 'final_dropout': 0.22187644911806054, 'train_learning_rate': 0.0017442582720054837, 'train_lr_reduce': 0.6}. Best is trial 1073 with value: 0.009419886395335197.
[I 2024-12-26 09:36:45,914] Trial 1537 finished with value: 0.011770072393119335 and parameters: {'L1_hidden_dim': 240, 'L1_layers_atom': 3, 'L1_layers_mol': 3, 'L1_dropout': 0.0051835815466311835, 'L1_out_dim': 32, 'L2_hidden_dim': 224, 'L2_layers_atom': 1, 'L2_layers_mol': 2, 'L2_out_dim': 128, 'L2_dropout': 0.03796710143360778, 'L3_hidden_dim': 64, 'L3_layers_atom': 4, 'L3_layers_mol': 1, 'L3_out_dim': 96, 'L3_dropout': 0.21055600866518076, 'n_mlp_layers': 3, 'mlp_dim_0': 448, 'mlp_dim_1': 376, 'mlp_dim_2': 488, 'num_heads': 1, 'final_dropout': 0.18144365368845403, 'train_learning_rate': 0.0007305348006723923, 'train_lr_reduce': 0.6}. Best is trial 1073 with value: 0.009419886395335197.
[I 2024-12-26 09:38:08,896] Trial 1538 finished with value: 0.011992022395133972 and parameters: {'L1_hidden_dim': 112, 'L1_layers_atom': 1, 'L1_layers_mol': 2, 'L1_dropout': 0.015233800752122844, 'L1_out_dim': 96, 'L2_hidden_dim': 208, 'L2_layers_atom': 1, 'L2_layers_mol': 4, 'L2_out_dim': 80, 'L2_dropout': 0.03242706933048065, 'L3_hidden_dim': 80, 'L3_layers_atom': 3, 'L3_layers_mol': 1, 'L3_out_dim': 96, 'L3_dropout': 0.08052191985426388, 'n_mlp_layers': 3, 'mlp_dim_0': 384, 'mlp_dim_1': 304, 'mlp_dim_2': 512, 'num_heads': 2, 'final_dropout': 0.19812217142793995, 'train_learning_rate': 0.0002495948191052393, 'train_lr_reduce': 0.6}. Best is trial 1073 with value: 0.009419886395335197.
[I 2024-12-26 09:38:58,802] Trial 1539 finished with value: 0.010193586349487305 and parameters: {'L1_hidden_dim': 64, 'L1_layers_atom': 4, 'L1_layers_mol': 3, 'L1_dropout': 0.005631461283640754, 'L1_out_dim': 48, 'L2_hidden_dim': 224, 'L2_layers_atom': 2, 'L2_layers_mol': 3, 'L2_out_dim': 128, 'L2_dropout': 0.015754189357707227, 'L3_hidden_dim': 112, 'L3_layers_atom': 4, 'L3_layers_mol': 1, 'L3_out_dim': 128, 'L3_dropout': 0.0944881914725045, 'n_mlp_layers': 3, 'mlp_dim_0': 424, 'mlp_dim_1': 408, 'mlp_dim_2': 376, 'num_heads': 2, 'final_dropout': 0.12314886188046553, 'train_learning_rate': 0.0008446581563497875, 'train_lr_reduce': 0.6}. Best is trial 1073 with value: 0.009419886395335197.
[I 2024-12-26 09:39:46,480] Trial 1540 finished with value: 0.012519117444753647 and parameters: {'L1_hidden_dim': 144, 'L1_layers_atom': 2, 'L1_layers_mol': 2, 'L1_dropout': 0.0034903727152308835, 'L1_out_dim': 64, 'L2_hidden_dim': 176, 'L2_layers_atom': 1, 'L2_layers_mol': 3, 'L2_out_dim': 80, 'L2_dropout': 0.019345965469198242, 'L3_hidden_dim': 64, 'L3_layers_atom': 4, 'L3_layers_mol': 2, 'L3_out_dim': 96, 'L3_dropout': 0.09640580856772094, 'n_mlp_layers': 3, 'mlp_dim_0': 504, 'mlp_dim_1': 472, 'mlp_dim_2': 432, 'num_heads': 2, 'final_dropout': 0.0012722888099012224, 'train_learning_rate': 0.0008024265871795244, 'train_lr_reduce': 0.6}. Best is trial 1073 with value: 0.009419886395335197.
[I 2024-12-26 09:40:57,126] Trial 1541 finished with value: 0.010623913258314133 and parameters: {'L1_hidden_dim': 96, 'L1_layers_atom': 3, 'L1_layers_mol': 3, 'L1_dropout': 0.16355234792759976, 'L1_out_dim': 48, 'L2_hidden_dim': 192, 'L2_layers_atom': 1, 'L2_layers_mol': 3, 'L2_out_dim': 96, 'L2_dropout': 0.0036915085908041344, 'L3_hidden_dim': 96, 'L3_layers_atom': 4, 'L3_layers_mol': 1, 'L3_out_dim': 128, 'L3_dropout': 0.1067978359417737, 'n_mlp_layers': 3, 'mlp_dim_0': 320, 'mlp_dim_1': 352, 'mlp_dim_2': 456, 'num_heads': 2, 'final_dropout': 0.008318118510406827, 'train_learning_rate': 0.0005930377853671343, 'train_lr_reduce': 0.6}. Best is trial 1073 with value: 0.009419886395335197.
[I 2024-12-26 09:41:57,824] Trial 1542 finished with value: 0.009792699478566647 and parameters: {'L1_hidden_dim': 160, 'L1_layers_atom': 3, 'L1_layers_mol': 3, 'L1_dropout': 0.015744028709126383, 'L1_out_dim': 32, 'L2_hidden_dim': 192, 'L2_layers_atom': 1, 'L2_layers_mol': 3, 'L2_out_dim': 96, 'L2_dropout': 0.025227642999363524, 'L3_hidden_dim': 96, 'L3_layers_atom': 4, 'L3_layers_mol': 1, 'L3_out_dim': 128, 'L3_dropout': 0.12304317000375911, 'n_mlp_layers': 3, 'mlp_dim_0': 424, 'mlp_dim_1': 264, 'mlp_dim_2': 512, 'num_heads': 2, 'final_dropout': 0.1833665650552404, 'train_learning_rate': 0.0002748879203243433, 'train_lr_reduce': 0.6}. Best is trial 1073 with value: 0.009419886395335197.
[I 2024-12-26 09:41:59,259] Trial 1543 finished with value: 0.01211550459265709 and parameters: {'L1_hidden_dim': 144, 'L1_layers_atom': 3, 'L1_layers_mol': 2, 'L1_dropout': 0.1480773272986221, 'L1_out_dim': 64, 'L2_hidden_dim': 176, 'L2_layers_atom': 1, 'L2_layers_mol': 2, 'L2_out_dim': 128, 'L2_dropout': 0.0069896283203794915, 'L3_hidden_dim': 112, 'L3_layers_atom': 1, 'L3_layers_mol': 3, 'L3_out_dim': 112, 'L3_dropout': 0.09518343170017782, 'n_mlp_layers': 3, 'mlp_dim_0': 360, 'mlp_dim_1': 512, 'mlp_dim_2': 376, 'num_heads': 2, 'final_dropout': 0.19274572035487342, 'train_learning_rate': 0.0004480308296809628, 'train_lr_reduce': 0.6}. Best is trial 1073 with value: 0.009419886395335197.
