[I 2024-12-04 16:19:12,172] Trial 168 finished with value: 0.511380045465813 and parameters: {'n_estimators': 1500, 'max_depth': 12, 'learning_rate': 0.010000000000000004, 'subsample': 0.9880511398676528, 'colsample_bytree': 0.5, 'min_child_weight': 1, 'gamma': 4.377041360941429e-05, 'reg_alpha': 1e-05, 'reg_lambda': 0.5}. Best is trial 101 with value: 0.5009639384899539.
[I 2024-12-04 16:19:12,248] Trial 163 finished with value: 0.5125762809117818 and parameters: {'n_estimators': 1500, 'max_depth': 12, 'learning_rate': 0.010000000000000004, 'subsample': 0.9878370999614949, 'colsample_bytree': 0.5, 'min_child_weight': 1, 'gamma': 4.984587076292199e-05, 'reg_alpha': 1e-05, 'reg_lambda': 0.5}. Best is trial 101 with value: 0.5009639384899539.
[I 2024-12-04 16:19:14,629] Trial 174 finished with value: 0.5116780300759763 and parameters: {'n_estimators': 1500, 'max_depth': 12, 'learning_rate': 0.010000000000000004, 'subsample': 0.9871497684105303, 'colsample_bytree': 0.5, 'min_child_weight': 1, 'gamma': 4.200243810711593e-05, 'reg_alpha': 1e-05, 'reg_lambda': 0.5}. Best is trial 101 with value: 0.5009639384899539.
[I 2024-12-04 16:19:15,472] Trial 173 finished with value: 0.5119632289686732 and parameters: {'n_estimators': 1500, 'max_depth': 12, 'learning_rate': 0.010000000000000004, 'subsample': 0.9878741608094526, 'colsample_bytree': 0.5, 'min_child_weight': 1, 'gamma': 4.996033219359379e-05, 'reg_alpha': 1e-05, 'reg_lambda': 0.5}. Best is trial 101 with value: 0.5009639384899539.
[I 2024-12-04 16:19:16,001] Trial 176 finished with value: 0.5137533517941211 and parameters: {'n_estimators': 1500, 'max_depth': 12, 'learning_rate': 0.010000000000000004, 'subsample': 0.987290846593833, 'colsample_bytree': 0.5, 'min_child_weight': 1, 'gamma': 4.213293713328689e-05, 'reg_alpha': 1e-05, 'reg_lambda': 0.5}. Best is trial 101 with value: 0.5009639384899539.
[I 2024-12-04 16:19:16,316] Trial 180 finished with value: 0.5131505496753391 and parameters: {'n_estimators': 1500, 'max_depth': 12, 'learning_rate': 0.010000000000000004, 'subsample': 0.9853988219432839, 'colsample_bytree': 0.5, 'min_child_weight': 1, 'gamma': 3.0298776462537187e-05, 'reg_alpha': 1e-05, 'reg_lambda': 0.5}. Best is trial 101 with value: 0.5009639384899539.
[I 2024-12-04 16:19:16,959] Trial 171 finished with value: 0.5114746116118454 and parameters: {'n_estimators': 1500, 'max_depth': 12, 'learning_rate': 0.010000000000000004, 'subsample': 0.987564099201659, 'colsample_bytree': 0.5, 'min_child_weight': 1, 'gamma': 4.426469264185758e-05, 'reg_alpha': 1e-05, 'reg_lambda': 0.5}. Best is trial 101 with value: 0.5009639384899539.
[I 2024-12-04 16:19:18,011] Trial 167 finished with value: 0.5126777430674665 and parameters: {'n_estimators': 1500, 'max_depth': 12, 'learning_rate': 0.010000000000000004, 'subsample': 0.9877685333006629, 'colsample_bytree': 0.5, 'min_child_weight': 1, 'gamma': 5.0020437372473856e-05, 'reg_alpha': 1e-05, 'reg_lambda': 0.5}. Best is trial 101 with value: 0.5009639384899539.
[I 2024-12-04 16:19:18,163] Trial 181 finished with value: 0.5113338664310682 and parameters: {'n_estimators': 1500, 'max_depth': 12, 'learning_rate': 0.010000000000000004, 'subsample': 0.9812904875599172, 'colsample_bytree': 0.5, 'min_child_weight': 1, 'gamma': 2.0595068878503136e-05, 'reg_alpha': 1e-05, 'reg_lambda': 0.5}. Best is trial 101 with value: 0.5009639384899539.
[I 2024-12-04 16:19:18,436] Trial 178 finished with value: 0.5123737339441089 and parameters: {'n_estimators': 1500, 'max_depth': 12, 'learning_rate': 0.010000000000000004, 'subsample': 0.9872081898553202, 'colsample_bytree': 0.5, 'min_child_weight': 1, 'gamma': 4.192312879732023e-05, 'reg_alpha': 1e-05, 'reg_lambda': 0.5}. Best is trial 101 with value: 0.5009639384899539.
[I 2024-12-04 16:19:18,742] Trial 166 finished with value: 0.5125762809117818 and parameters: {'n_estimators': 1500, 'max_depth': 12, 'learning_rate': 0.010000000000000004, 'subsample': 0.9878370999614949, 'colsample_bytree': 0.5, 'min_child_weight': 1, 'gamma': 4.984587076292199e-05, 'reg_alpha': 1e-05, 'reg_lambda': 0.5}. Best is trial 101 with value: 0.5009639384899539.
[I 2024-12-04 16:19:18,744] Trial 169 finished with value: 0.5116780300759763 and parameters: {'n_estimators': 1500, 'max_depth': 12, 'learning_rate': 0.010000000000000004, 'subsample': 0.9871497684105303, 'colsample_bytree': 0.5, 'min_child_weight': 1, 'gamma': 4.200243810711593e-05, 'reg_alpha': 1e-05, 'reg_lambda': 0.5}. Best is trial 101 with value: 0.5009639384899539.
[I 2024-12-04 16:19:18,850] Trial 170 finished with value: 0.5128000838710784 and parameters: {'n_estimators': 1500, 'max_depth': 12, 'learning_rate': 0.010000000000000004, 'subsample': 0.9871862730307143, 'colsample_bytree': 0.5, 'min_child_weight': 1, 'gamma': 4.3952262567326126e-05, 'reg_alpha': 1e-05, 'reg_lambda': 0.5}. Best is trial 101 with value: 0.5009639384899539.
[I 2024-12-04 16:19:18,852] Trial 179 finished with value: 0.5136620669662789 and parameters: {'n_estimators': 1500, 'max_depth': 12, 'learning_rate': 0.010000000000000004, 'subsample': 0.9872634767141195, 'colsample_bytree': 0.5, 'min_child_weight': 1, 'gamma': 4.205835878024467e-05, 'reg_alpha': 1e-05, 'reg_lambda': 0.4999999999999991}. Best is trial 101 with value: 0.5009639384899539.
[I 2024-12-04 16:19:18,998] Trial 177 finished with value: 0.513218228883756 and parameters: {'n_estimators': 1500, 'max_depth': 12, 'learning_rate': 0.010000000000000004, 'subsample': 0.9871324278669449, 'colsample_bytree': 0.5, 'min_child_weight': 1, 'gamma': 4.198043180128385e-05, 'reg_alpha': 1e-05, 'reg_lambda': 0.5}. Best is trial 101 with value: 0.5009639384899539.
[I 2024-12-04 16:19:19,351] Trial 175 finished with value: 0.5125123390283151 and parameters: {'n_estimators': 1500, 'max_depth': 12, 'learning_rate': 0.010000000000000004, 'subsample': 0.986333478466521, 'colsample_bytree': 0.5, 'min_child_weight': 1, 'gamma': 4.216908687793499e-05, 'reg_alpha': 1e-05, 'reg_lambda': 0.5}. Best is trial 101 with value: 0.5009639384899539.
[I 2024-12-04 16:19:19,410] Trial 161 finished with value: 0.5126593444957704 and parameters: {'n_estimators': 1500, 'max_depth': 12, 'learning_rate': 0.010000000000000004, 'subsample': 0.9881971167198608, 'colsample_bytree': 0.5, 'min_child_weight': 1, 'gamma': 4.366161189111403e-05, 'reg_alpha': 1e-05, 'reg_lambda': 0.5}. Best is trial 101 with value: 0.5009639384899539.
[I 2024-12-04 16:19:21,718] Trial 185 finished with value: 0.5155736818019658 and parameters: {'n_estimators': 1500, 'max_depth': 5, 'learning_rate': 0.08533548350991203, 'subsample': 1.0, 'colsample_bytree': 0.5, 'min_child_weight': 1, 'gamma': 1e-05, 'reg_alpha': 1e-05, 'reg_lambda': 0.01129547726143142}. Best is trial 101 with value: 0.5009639384899539.
[I 2024-12-04 16:19:22,788] Trial 183 finished with value: 0.5125587259824702 and parameters: {'n_estimators': 1500, 'max_depth': 12, 'learning_rate': 0.010000000000000004, 'subsample': 0.9785636387150709, 'colsample_bytree': 0.5, 'min_child_weight': 1, 'gamma': 1.7870664553754006e-05, 'reg_alpha': 1e-05, 'reg_lambda': 0.5}. Best is trial 101 with value: 0.5009639384899539.
[I 2024-12-04 16:19:23,283] Trial 186 finished with value: 0.5100556936737791 and parameters: {'n_estimators': 1500, 'max_depth': 5, 'learning_rate': 0.083933654824274, 'subsample': 1.0, 'colsample_bytree': 0.5, 'min_child_weight': 1, 'gamma': 1e-05, 'reg_alpha': 1e-05, 'reg_lambda': 0.02078604969818465}. Best is trial 101 with value: 0.5009639384899539.
[I 2024-12-04 16:19:23,981] Trial 184 finished with value: 0.5217955738313819 and parameters: {'n_estimators': 1500, 'max_depth': 4, 'learning_rate': 0.09734511789446162, 'subsample': 1.0, 'colsample_bytree': 0.5, 'min_child_weight': 1, 'gamma': 1e-05, 'reg_alpha': 1e-05, 'reg_lambda': 0.017045188427940953}. Best is trial 101 with value: 0.5009639384899539.
[I 2024-12-04 16:19:24,331] Trial 160 finished with value: 0.5133301767203363 and parameters: {'n_estimators': 1500, 'max_depth': 12, 'learning_rate': 0.010000000000000004, 'subsample': 0.9879245629720206, 'colsample_bytree': 0.5, 'min_child_weight': 1, 'gamma': 4.393377455271724e-05, 'reg_alpha': 1e-05, 'reg_lambda': 0.5}. Best is trial 101 with value: 0.5009639384899539.
[I 2024-12-04 16:19:24,463] Trial 182 finished with value: 0.5112625659600596 and parameters: {'n_estimators': 1500, 'max_depth': 8, 'learning_rate': 0.027581832226488696, 'subsample': 1.0, 'colsample_bytree': 0.5, 'min_child_weight': 1, 'gamma': 1e-05, 'reg_alpha': 1e-05, 'reg_lambda': 0.3211934430164907}. Best is trial 101 with value: 0.5009639384899539.
[I 2024-12-04 16:19:24,611] Trial 188 finished with value: 0.5195283397947428 and parameters: {'n_estimators': 1500, 'max_depth': 5, 'learning_rate': 0.08421119300006807, 'subsample': 1.0, 'colsample_bytree': 0.5013284184937251, 'min_child_weight': 1, 'gamma': 1e-05, 'reg_alpha': 1e-05, 'reg_lambda': 0.018768029469443566}. Best is trial 101 with value: 0.5009639384899539.
[I 2024-12-04 16:19:27,648] Trial 187 finished with value: 0.5162583765679692 and parameters: {'n_estimators': 1500, 'max_depth': 5, 'learning_rate': 0.08380019071512305, 'subsample': 1.0, 'colsample_bytree': 0.5003231837721401, 'min_child_weight': 1, 'gamma': 1e-05, 'reg_alpha': 1e-05, 'reg_lambda': 0.020217397875788162}. Best is trial 101 with value: 0.5009639384899539.
[I 2024-12-04 16:19:27,657] Trial 189 finished with value: 0.5075577052699254 and parameters: {'n_estimators': 1500, 'max_depth': 5, 'learning_rate': 0.08438505305517277, 'subsample': 1.0, 'colsample_bytree': 0.5020969919103603, 'min_child_weight': 1, 'gamma': 1e-05, 'reg_alpha': 1e-05, 'reg_lambda': 0.02078850816347155}. Best is trial 101 with value: 0.5009639384899539.
[I 2024-12-04 16:19:29,930] Trial 191 finished with value: 0.5234041376472369 and parameters: {'n_estimators': 1500, 'max_depth': 5, 'learning_rate': 0.08643519560955179, 'subsample': 1.0, 'colsample_bytree': 0.5023577825460759, 'min_child_weight': 1, 'gamma': 1e-05, 'reg_alpha': 1e-05, 'reg_lambda': 0.02082750284382296}. Best is trial 101 with value: 0.5009639384899539.
[I 2024-12-04 16:19:30,804] Trial 192 finished with value: 0.5229947754754566 and parameters: {'n_estimators': 1500, 'max_depth': 4, 'learning_rate': 0.1, 'subsample': 1.0, 'colsample_bytree': 0.5, 'min_child_weight': 1, 'gamma': 1e-05, 'reg_alpha': 1e-05, 'reg_lambda': 0.012623156950270168}. Best is trial 101 with value: 0.5009639384899539.
[I 2024-12-04 16:19:31,326] Trial 194 finished with value: 0.5233580038048291 and parameters: {'n_estimators': 1500, 'max_depth': 4, 'learning_rate': 0.09999999999999998, 'subsample': 1.0, 'colsample_bytree': 0.5, 'min_child_weight': 1, 'gamma': 1e-05, 'reg_alpha': 1e-05, 'reg_lambda': 0.013746034977278382}. Best is trial 101 with value: 0.5009639384899539.
[I 2024-12-04 16:19:32,550] Trial 190 finished with value: 0.5069660036732253 and parameters: {'n_estimators': 1500, 'max_depth': 5, 'learning_rate': 0.08533036234663907, 'subsample': 1.0, 'colsample_bytree': 0.5027811956349235, 'min_child_weight': 1, 'gamma': 1e-05, 'reg_alpha': 1e-05, 'reg_lambda': 0.024820518284089873}. Best is trial 101 with value: 0.5009639384899539.
[I 2024-12-04 16:19:32,551] Trial 196 finished with value: 0.5079344795794434 and parameters: {'n_estimators': 1500, 'max_depth': 5, 'learning_rate': 0.08830939938283205, 'subsample': 1.0, 'colsample_bytree': 0.5058413661798539, 'min_child_weight': 1, 'gamma': 1e-05, 'reg_alpha': 1e-05, 'reg_lambda': 0.021421265499682995}. Best is trial 101 with value: 0.5009639384899539.
[I 2024-12-04 16:19:34,432] Trial 195 finished with value: 0.5215250534341451 and parameters: {'n_estimators': 1500, 'max_depth': 4, 'learning_rate': 0.1, 'subsample': 1.0, 'colsample_bytree': 0.5033378049584053, 'min_child_weight': 1, 'gamma': 1e-05, 'reg_alpha': 1e-05, 'reg_lambda': 0.02173253455090898}. Best is trial 101 with value: 0.5009639384899539.
[I 2024-12-04 16:19:36,219] Trial 193 finished with value: 0.5296912628297552 and parameters: {'n_estimators': 1500, 'max_depth': 4, 'learning_rate': 0.09999999999999998, 'subsample': 1.0, 'colsample_bytree': 0.5, 'min_child_weight': 1, 'gamma': 1e-05, 'reg_alpha': 1e-05, 'reg_lambda': 0.013832992254569262}. Best is trial 101 with value: 0.5009639384899539.
[I 2024-12-04 16:19:37,141] Trial 197 finished with value: 0.5121554647461223 and parameters: {'n_estimators': 1500, 'max_depth': 4, 'learning_rate': 0.1, 'subsample': 1.0, 'colsample_bytree': 0.5061394184215232, 'min_child_weight': 1, 'gamma': 1e-05, 'reg_alpha': 1e-05, 'reg_lambda': 0.026204939790031023}. Best is trial 101 with value: 0.5009639384899539.
[I 2024-12-04 16:19:39,110] Trial 198 finished with value: 0.5153582762291778 and parameters: {'n_estimators': 1500, 'max_depth': 4, 'learning_rate': 0.1, 'subsample': 1.0, 'colsample_bytree': 0.5083135085837719, 'min_child_weight': 1, 'gamma': 1e-05, 'reg_alpha': 1e-05, 'reg_lambda': 0.028560208429663437}. Best is trial 101 with value: 0.5009639384899539.
[I 2024-12-04 16:19:39,503] Trial 199 finished with value: 0.5154712449139057 and parameters: {'n_estimators': 1500, 'max_depth': 5, 'learning_rate': 0.08522989779284192, 'subsample': 1.0, 'colsample_bytree': 0.51505470374626, 'min_child_weight': 1, 'gamma': 1e-05, 'reg_alpha': 1e-05, 'reg_lambda': 0.049971618096219535}. Best is trial 101 with value: 0.5009639384899539.
[I 2024-12-04 16:19:40,931] Trial 209 finished with value: 0.9113114083432081 and parameters: {'n_estimators': 100, 'max_depth': 3, 'learning_rate': 0.010000000000000004, 'subsample': 0.7, 'colsample_bytree': 0.5, 'min_child_weight': 5, 'gamma': 0.5, 'reg_alpha': 0.5, 'reg_lambda': 0.5}. Best is trial 101 with value: 0.5009639384899539.
[I 2024-12-04 16:19:42,695] Trial 214 finished with value: 0.9113114083432081 and parameters: {'n_estimators': 100, 'max_depth': 3, 'learning_rate': 0.010000000000000004, 'subsample': 0.7, 'colsample_bytree': 0.5, 'min_child_weight': 5, 'gamma': 0.5, 'reg_alpha': 0.5, 'reg_lambda': 0.4999999999999991}. Best is trial 101 with value: 0.5009639384899539.
[I 2024-12-04 16:19:42,734] Trial 201 finished with value: 0.5190526104255888 and parameters: {'n_estimators': 1500, 'max_depth': 5, 'learning_rate': 0.08944112660807475, 'subsample': 1.0, 'colsample_bytree': 0.5182738345587199, 'min_child_weight': 1, 'gamma': 1e-05, 'reg_alpha': 1e-05, 'reg_lambda': 0.06589070519708298}. Best is trial 101 with value: 0.5009639384899539.
[I 2024-12-04 16:19:44,401] Trial 202 finished with value: 0.5214628794624102 and parameters: {'n_estimators': 1500, 'max_depth': 5, 'learning_rate': 0.09010667764136754, 'subsample': 1.0, 'colsample_bytree': 0.5172610551079557, 'min_child_weight': 1, 'gamma': 1e-05, 'reg_alpha': 1e-05, 'reg_lambda': 0.08435748524433773}. Best is trial 101 with value: 0.5009639384899539.
[I 2024-12-04 16:19:45,497] Trial 204 finished with value: 0.5036012253046015 and parameters: {'n_estimators': 1500, 'max_depth': 7, 'learning_rate': 0.04675379365557152, 'subsample': 1.0, 'colsample_bytree': 0.6618685043128791, 'min_child_weight': 1, 'gamma': 0.0020768377739850455, 'reg_alpha': 0.00043050933254581655, 'reg_lambda': 0.009252418350892778}. Best is trial 101 with value: 0.5009639384899539.
[I 2024-12-04 16:19:45,600] Trial 205 finished with value: 0.5080669200217841 and parameters: {'n_estimators': 1500, 'max_depth': 7, 'learning_rate': 0.04680602742704516, 'subsample': 1.0, 'colsample_bytree': 0.6620666921155226, 'min_child_weight': 1, 'gamma': 0.0020937468059088284, 'reg_alpha': 0.0004297830606915865, 'reg_lambda': 0.009277468953812694}. Best is trial 101 with value: 0.5009639384899539.
[I 2024-12-04 16:19:47,465] Trial 211 finished with value: 0.5097757597249651 and parameters: {'n_estimators': 1500, 'max_depth': 6, 'learning_rate': 0.05256779794463611, 'subsample': 1.0, 'colsample_bytree': 0.671943919583215, 'min_child_weight': 1, 'gamma': 0.0036254341338447906, 'reg_alpha': 0.0002736929126266106, 'reg_lambda': 0.01899507446130595}. Best is trial 101 with value: 0.5009639384899539.
[I 2024-12-04 16:19:48,535] Trial 200 finished with value: 0.5281356591746632 and parameters: {'n_estimators': 1500, 'max_depth': 5, 'learning_rate': 0.08861931912732793, 'subsample': 1.0, 'colsample_bytree': 0.5184204634950896, 'min_child_weight': 1, 'gamma': 1e-05, 'reg_alpha': 1e-05, 'reg_lambda': 0.06772208817164964}. Best is trial 101 with value: 0.5009639384899539.
[I 2024-12-04 16:19:48,537] Trial 203 finished with value: 0.5123571862284755 and parameters: {'n_estimators': 1500, 'max_depth': 6, 'learning_rate': 0.058043613613623785, 'subsample': 1.0, 'colsample_bytree': 0.6815811303700905, 'min_child_weight': 1, 'gamma': 0.006800896158348273, 'reg_alpha': 0.00038837408679388374, 'reg_lambda': 0.0750881352691264}. Best is trial 101 with value: 0.5009639384899539.
[I 2024-12-04 16:19:50,476] Trial 207 finished with value: 0.5097672863385674 and parameters: {'n_estimators': 1500, 'max_depth': 7, 'learning_rate': 0.04702344490470798, 'subsample': 1.0, 'colsample_bytree': 0.6629109378702849, 'min_child_weight': 1, 'gamma': 0.002166696249562918, 'reg_alpha': 0.0004520750140375202, 'reg_lambda': 0.010122790620362606}. Best is trial 101 with value: 0.5009639384899539.
[I 2024-12-04 16:19:50,823] Trial 219 finished with value: 0.5134479372515593 and parameters: {'n_estimators': 1500, 'max_depth': 6, 'learning_rate': 0.0583562039735235, 'subsample': 1.0, 'colsample_bytree': 0.6778840862630888, 'min_child_weight': 1, 'gamma': 0.008599440469600322, 'reg_alpha': 0.0003373910766106607, 'reg_lambda': 0.2382784080693785}. Best is trial 101 with value: 0.5009639384899539.
[I 2024-12-04 16:19:51,965] Trial 208 finished with value: 0.5213367750690501 and parameters: {'n_estimators': 1500, 'max_depth': 7, 'learning_rate': 0.04397035087790919, 'subsample': 1.0, 'colsample_bytree': 0.611296194976525, 'min_child_weight': 1, 'gamma': 0.0002804414192714296, 'reg_alpha': 5.064220445292344e-05, 'reg_lambda': 0.5}. Best is trial 101 with value: 0.5009639384899539.
[I 2024-12-04 16:19:54,022] Trial 212 finished with value: 0.5180780317616152 and parameters: {'n_estimators': 1500, 'max_depth': 7, 'learning_rate': 0.0483255524014664, 'subsample': 1.0, 'colsample_bytree': 0.6482016128499362, 'min_child_weight': 1, 'gamma': 0.00205253551565914, 'reg_alpha': 0.0002928137782432978, 'reg_lambda': 0.3497756016637448}. Best is trial 210 with value: 0.5009369835720492.
[I 2024-12-04 16:19:54,169] Trial 210 finished with value: 0.5009369835720492 and parameters: {'n_estimators': 1500, 'max_depth': 7, 'learning_rate': 0.05384224213129592, 'subsample': 1.0, 'colsample_bytree': 0.6707634907842859, 'min_child_weight': 1, 'gamma': 0.006010973710299271, 'reg_alpha': 0.0006753298144657862, 'reg_lambda': 0.22757666496000167}. Best is trial 210 with value: 0.5009369835720492.
[I 2024-12-04 16:19:54,464] Trial 216 finished with value: 0.5073384645690344 and parameters: {'n_estimators': 1500, 'max_depth': 6, 'learning_rate': 0.05823758796735418, 'subsample': 1.0, 'colsample_bytree': 0.6760294229356418, 'min_child_weight': 1, 'gamma': 0.00797376794585841, 'reg_alpha': 0.0003044095755987085, 'reg_lambda': 0.27812980756213657}. Best is trial 210 with value: 0.5009369835720492.
[I 2024-12-04 16:19:55,659] Trial 206 finished with value: 0.5055835596836523 and parameters: {'n_estimators': 1500, 'max_depth': 6, 'learning_rate': 0.05250095972493313, 'subsample': 1.0, 'colsample_bytree': 0.6715204489734801, 'min_child_weight': 1, 'gamma': 0.0035830449306740405, 'reg_alpha': 0.0002634608684292358, 'reg_lambda': 0.01906059921213075}. Best is trial 210 with value: 0.5009369835720492.
[I 2024-12-04 16:19:55,673] Trial 217 finished with value: 0.5183761646732066 and parameters: {'n_estimators': 1500, 'max_depth': 7, 'learning_rate': 0.05615958120781771, 'subsample': 1.0, 'colsample_bytree': 0.6552117756139071, 'min_child_weight': 1, 'gamma': 0.0023504790106890416, 'reg_alpha': 0.0001665110492037298, 'reg_lambda': 0.5}. Best is trial 210 with value: 0.5009369835720492.
[I 2024-12-04 16:19:56,308] Trial 215 finished with value: 0.5046934685630914 and parameters: {'n_estimators': 1500, 'max_depth': 6, 'learning_rate': 0.05832375835751332, 'subsample': 1.0, 'colsample_bytree': 0.6762060875286549, 'min_child_weight': 1, 'gamma': 0.008024738249324169, 'reg_alpha': 0.00030301511036559157, 'reg_lambda': 0.2841285889800061}. Best is trial 210 with value: 0.5009369835720492.
[I 2024-12-04 16:19:56,364] Trial 225 finished with value: 0.5287053389529827 and parameters: {'n_estimators': 1500, 'max_depth': 7, 'learning_rate': 0.06480828505436335, 'subsample': 1.0, 'colsample_bytree': 0.6381880353035395, 'min_child_weight': 1, 'gamma': 0.00043610970301607613, 'reg_alpha': 4.28426714080161e-05, 'reg_lambda': 0.4999999999999991}. Best is trial 210 with value: 0.5009369835720492.
[I 2024-12-04 16:19:58,004] Trial 221 finished with value: 0.9113114083432081 and parameters: {'n_estimators': 100, 'max_depth': 3, 'learning_rate': 0.010000000000000004, 'subsample': 0.7, 'colsample_bytree': 0.5, 'min_child_weight': 5, 'gamma': 0.5, 'reg_alpha': 0.5, 'reg_lambda': 0.4999999999999991}. Best is trial 210 with value: 0.5009369835720492.
[I 2024-12-04 16:19:59,255] Trial 220 finished with value: 0.5245681815506669 and parameters: {'n_estimators': 1500, 'max_depth': 7, 'learning_rate': 0.05621666271139317, 'subsample': 1.0, 'colsample_bytree': 0.6552008090467336, 'min_child_weight': 1, 'gamma': 0.0023522432473641985, 'reg_alpha': 0.0001673816906885856, 'reg_lambda': 0.4999999999999991}. Best is trial 210 with value: 0.5009369835720492.
[I 2024-12-04 16:19:59,497] Trial 218 finished with value: 0.5252126542540762 and parameters: {'n_estimators': 1500, 'max_depth': 7, 'learning_rate': 0.05615614834640103, 'subsample': 1.0, 'colsample_bytree': 0.6552028862292967, 'min_child_weight': 1, 'gamma': 0.002353809341695416, 'reg_alpha': 0.00016679771020878718, 'reg_lambda': 0.5}. Best is trial 210 with value: 0.5009369835720492.
