[I 2024-12-04 17:44:07,944] Trial 1099 finished with value: 0.3188025740291134 and parameters: {'n_estimators': 886, 'max_depth': 6, 'learning_rate': 0.07236825843717644, 'subsample': 0.7668308262203878, 'colsample_bytree': 0.7266017310707662, 'min_child_weight': 2, 'gamma': 0.0007537376336049826, 'reg_alpha': 5.0098375498194794e-05, 'reg_lambda': 0.014094086818876818}. Best is trial 1028 with value: 0.30714193220690206.
[I 2024-12-04 17:44:09,356] Trial 1100 finished with value: 0.3177030871335138 and parameters: {'n_estimators': 901, 'max_depth': 6, 'learning_rate': 0.07422432630849832, 'subsample': 0.7653816718119327, 'colsample_bytree': 0.7240023801603517, 'min_child_weight': 2, 'gamma': 0.0007032531112978865, 'reg_alpha': 5.3201707539956536e-05, 'reg_lambda': 0.016550331822231954}. Best is trial 1028 with value: 0.30714193220690206.
[I 2024-12-04 17:44:10,790] Trial 1101 finished with value: 0.3157176394792875 and parameters: {'n_estimators': 889, 'max_depth': 6, 'learning_rate': 0.0721655538182087, 'subsample': 0.7689728271205332, 'colsample_bytree': 0.7261006781838258, 'min_child_weight': 2, 'gamma': 0.0007422967601172847, 'reg_alpha': 5.011257761023476e-05, 'reg_lambda': 0.013306773834738191}. Best is trial 1028 with value: 0.30714193220690206.
[I 2024-12-04 17:44:12,356] Trial 1102 finished with value: 0.31659263507902713 and parameters: {'n_estimators': 900, 'max_depth': 6, 'learning_rate': 0.07344177364027912, 'subsample': 0.7674571140696371, 'colsample_bytree': 0.7203841473201822, 'min_child_weight': 2, 'gamma': 0.0006630980870743698, 'reg_alpha': 4.69058232131571e-05, 'reg_lambda': 0.014613201960837036}. Best is trial 1028 with value: 0.30714193220690206.
[I 2024-12-04 17:44:13,810] Trial 1103 finished with value: 0.31130904838644724 and parameters: {'n_estimators': 893, 'max_depth': 6, 'learning_rate': 0.0722784694209917, 'subsample': 0.7664161453327033, 'colsample_bytree': 0.7209063965469091, 'min_child_weight': 2, 'gamma': 0.000800506799932426, 'reg_alpha': 5.045018264077319e-05, 'reg_lambda': 0.015191132724285522}. Best is trial 1028 with value: 0.30714193220690206.
[I 2024-12-04 17:44:15,280] Trial 1104 finished with value: 0.31603567176956227 and parameters: {'n_estimators': 904, 'max_depth': 6, 'learning_rate': 0.07270205892564117, 'subsample': 0.7676855600579308, 'colsample_bytree': 0.7221153085031147, 'min_child_weight': 2, 'gamma': 0.0007324417291375633, 'reg_alpha': 4.882485577837178e-05, 'reg_lambda': 0.01516728407471086}. Best is trial 1028 with value: 0.30714193220690206.
[I 2024-12-04 17:44:16,984] Trial 1105 finished with value: 0.3224787383701406 and parameters: {'n_estimators': 895, 'max_depth': 6, 'learning_rate': 0.07498271296225306, 'subsample': 0.7652262737165285, 'colsample_bytree': 0.7203716654612939, 'min_child_weight': 2, 'gamma': 0.0006535558195616731, 'reg_alpha': 5.31166448731895e-05, 'reg_lambda': 0.013656035079702583}. Best is trial 1028 with value: 0.30714193220690206.
[I 2024-12-04 17:44:18,413] Trial 1106 finished with value: 0.311216391732742 and parameters: {'n_estimators': 914, 'max_depth': 6, 'learning_rate': 0.07475377040061093, 'subsample': 0.7672522967444334, 'colsample_bytree': 0.7182045269651437, 'min_child_weight': 2, 'gamma': 0.000802108658661553, 'reg_alpha': 6.118161376693236e-05, 'reg_lambda': 0.0146995699408943}. Best is trial 1028 with value: 0.30714193220690206.
[I 2024-12-04 17:44:19,857] Trial 1107 finished with value: 0.3070487250637337 and parameters: {'n_estimators': 902, 'max_depth': 6, 'learning_rate': 0.07313082523178008, 'subsample': 0.7674705251146419, 'colsample_bytree': 0.7234802252441919, 'min_child_weight': 2, 'gamma': 0.0006802604586569809, 'reg_alpha': 4.4802497396037886e-05, 'reg_lambda': 0.013585779241783487}. Best is trial 1107 with value: 0.3070487250637337.
[I 2024-12-04 17:44:21,304] Trial 1108 finished with value: 0.3094035626351163 and parameters: {'n_estimators': 907, 'max_depth': 6, 'learning_rate': 0.07312941552203774, 'subsample': 0.7671310495856944, 'colsample_bytree': 0.7217055407059393, 'min_child_weight': 2, 'gamma': 0.000736292699762011, 'reg_alpha': 4.482499381503329e-05, 'reg_lambda': 0.014998189058998015}. Best is trial 1107 with value: 0.3070487250637337.
[I 2024-12-04 17:44:22,972] Trial 1109 finished with value: 0.3094530905710495 and parameters: {'n_estimators': 882, 'max_depth': 6, 'learning_rate': 0.07218173335026995, 'subsample': 0.7677071220369655, 'colsample_bytree': 0.7242681987275894, 'min_child_weight': 2, 'gamma': 0.0007534979513549882, 'reg_alpha': 5.75781885318951e-05, 'reg_lambda': 0.01179933027319483}. Best is trial 1107 with value: 0.3070487250637337.
[I 2024-12-04 17:44:24,444] Trial 1110 finished with value: 0.30972920355431116 and parameters: {'n_estimators': 905, 'max_depth': 6, 'learning_rate': 0.07323244039978226, 'subsample': 0.7659675662325005, 'colsample_bytree': 0.7189508060405606, 'min_child_weight': 2, 'gamma': 0.0007161107274987605, 'reg_alpha': 6.026544477260645e-05, 'reg_lambda': 0.015786355478722314}. Best is trial 1107 with value: 0.3070487250637337.
[I 2024-12-04 17:44:26,051] Trial 1111 finished with value: 0.3148478934178941 and parameters: {'n_estimators': 923, 'max_depth': 6, 'learning_rate': 0.07491180358495925, 'subsample': 0.7654896503610241, 'colsample_bytree': 0.7194006944943869, 'min_child_weight': 2, 'gamma': 0.0006217504636127821, 'reg_alpha': 4.947390916968896e-05, 'reg_lambda': 0.012001168513953072}. Best is trial 1107 with value: 0.3070487250637337.
[I 2024-12-04 17:44:27,557] Trial 1112 finished with value: 0.31952887378305095 and parameters: {'n_estimators': 901, 'max_depth': 6, 'learning_rate': 0.07411045692534637, 'subsample': 0.7647044673467001, 'colsample_bytree': 0.7258597095132509, 'min_child_weight': 2, 'gamma': 0.0007899509605191553, 'reg_alpha': 4.871649514478534e-05, 'reg_lambda': 0.01259073539451417}. Best is trial 1107 with value: 0.3070487250637337.
[I 2024-12-04 17:44:28,998] Trial 1113 finished with value: 0.3225952323698412 and parameters: {'n_estimators': 912, 'max_depth': 6, 'learning_rate': 0.07457832052063235, 'subsample': 0.7659124579876114, 'colsample_bytree': 0.7222245850485998, 'min_child_weight': 2, 'gamma': 0.000786562947309425, 'reg_alpha': 4.8173721418987165e-05, 'reg_lambda': 0.01514464439107222}. Best is trial 1107 with value: 0.3070487250637337.
[I 2024-12-04 17:44:30,461] Trial 1114 finished with value: 0.3165241730574461 and parameters: {'n_estimators': 913, 'max_depth': 6, 'learning_rate': 0.07477417223209624, 'subsample': 0.7654910068653176, 'colsample_bytree': 0.7202143867102843, 'min_child_weight': 2, 'gamma': 0.0006929838366516659, 'reg_alpha': 4.4662474072742075e-05, 'reg_lambda': 0.015843351472296017}. Best is trial 1107 with value: 0.3070487250637337.
[I 2024-12-04 17:44:31,898] Trial 1115 finished with value: 0.30958350972653864 and parameters: {'n_estimators': 906, 'max_depth': 6, 'learning_rate': 0.07398954828100043, 'subsample': 0.7651662313259526, 'colsample_bytree': 0.7245962394874927, 'min_child_weight': 2, 'gamma': 0.0008088425951258087, 'reg_alpha': 5.1520851536036895e-05, 'reg_lambda': 0.013912094697739665}. Best is trial 1107 with value: 0.3070487250637337.
[I 2024-12-04 17:44:33,310] Trial 1116 finished with value: 0.30860592812727977 and parameters: {'n_estimators': 907, 'max_depth': 6, 'learning_rate': 0.0726999654078974, 'subsample': 0.7650784948950123, 'colsample_bytree': 0.7227012362214684, 'min_child_weight': 2, 'gamma': 0.0007856582649287853, 'reg_alpha': 4.27560953629872e-05, 'reg_lambda': 0.01333382194490539}. Best is trial 1107 with value: 0.3070487250637337.
[I 2024-12-04 17:44:34,736] Trial 1117 finished with value: 0.31359867269631003 and parameters: {'n_estimators': 902, 'max_depth': 6, 'learning_rate': 0.07425318545573834, 'subsample': 0.7674162791177043, 'colsample_bytree': 0.7245645780098778, 'min_child_weight': 2, 'gamma': 0.0006741603813144482, 'reg_alpha': 3.9903376215046706e-05, 'reg_lambda': 0.014611815404511215}. Best is trial 1107 with value: 0.3070487250637337.
[I 2024-12-04 17:44:36,200] Trial 1118 finished with value: 0.31260964269687247 and parameters: {'n_estimators': 912, 'max_depth': 6, 'learning_rate': 0.07315696732136082, 'subsample': 0.7653399274610443, 'colsample_bytree': 0.7225989405909243, 'min_child_weight': 2, 'gamma': 0.0007526452314075538, 'reg_alpha': 4.7250783111747585e-05, 'reg_lambda': 0.01271271207262931}. Best is trial 1107 with value: 0.3070487250637337.
[I 2024-12-04 17:44:37,750] Trial 1119 finished with value: 0.3130000167474514 and parameters: {'n_estimators': 898, 'max_depth': 6, 'learning_rate': 0.07345375019578078, 'subsample': 0.7629563051674966, 'colsample_bytree': 0.7227749774294838, 'min_child_weight': 2, 'gamma': 0.0007214023556308806, 'reg_alpha': 4.8710926655244006e-05, 'reg_lambda': 0.012051101838931513}. Best is trial 1107 with value: 0.3070487250637337.
[I 2024-12-04 17:44:39,156] Trial 1120 finished with value: 0.31572153451481966 and parameters: {'n_estimators': 891, 'max_depth': 6, 'learning_rate': 0.07165894417907692, 'subsample': 0.767861303920369, 'colsample_bytree': 0.7272789207268683, 'min_child_weight': 2, 'gamma': 0.0008366171254356431, 'reg_alpha': 5.592560897308677e-05, 'reg_lambda': 0.012433143768602514}. Best is trial 1107 with value: 0.3070487250637337.
[I 2024-12-04 17:44:40,558] Trial 1121 finished with value: 0.30823983530006166 and parameters: {'n_estimators': 889, 'max_depth': 6, 'learning_rate': 0.07387417463898496, 'subsample': 0.7686832364476717, 'colsample_bytree': 0.7233817958481013, 'min_child_weight': 2, 'gamma': 0.0009239673226549477, 'reg_alpha': 7.116922973152136e-05, 'reg_lambda': 0.014075519004583792}. Best is trial 1107 with value: 0.3070487250637337.
[I 2024-12-04 17:44:42,096] Trial 1122 finished with value: 0.31037372097784033 and parameters: {'n_estimators': 891, 'max_depth': 6, 'learning_rate': 0.07201270837643609, 'subsample': 0.766419186764095, 'colsample_bytree': 0.7247191984228902, 'min_child_weight': 2, 'gamma': 0.000713657729196179, 'reg_alpha': 5.6269024931167177e-05, 'reg_lambda': 0.014367697947433958}. Best is trial 1107 with value: 0.3070487250637337.
[I 2024-12-04 17:44:43,576] Trial 1123 finished with value: 0.31289854945159323 and parameters: {'n_estimators': 886, 'max_depth': 6, 'learning_rate': 0.07265091877433974, 'subsample': 0.7668027237134084, 'colsample_bytree': 0.7204501337786593, 'min_child_weight': 2, 'gamma': 0.0008655245277602976, 'reg_alpha': 5.346637006350267e-05, 'reg_lambda': 0.012413175680412015}. Best is trial 1107 with value: 0.3070487250637337.
[I 2024-12-04 17:44:45,014] Trial 1124 finished with value: 0.3188155849218061 and parameters: {'n_estimators': 899, 'max_depth': 6, 'learning_rate': 0.07330470698841261, 'subsample': 0.7681739716820727, 'colsample_bytree': 0.7240484058591732, 'min_child_weight': 2, 'gamma': 0.0007718026733989075, 'reg_alpha': 5.507102144281771e-05, 'reg_lambda': 0.014892036411473833}. Best is trial 1107 with value: 0.3070487250637337.
[I 2024-12-04 17:44:46,573] Trial 1125 finished with value: 0.3233723240839732 and parameters: {'n_estimators': 904, 'max_depth': 6, 'learning_rate': 0.07253664511172203, 'subsample': 0.767876306737323, 'colsample_bytree': 0.7242440207437267, 'min_child_weight': 2, 'gamma': 0.0008365491865171257, 'reg_alpha': 4.7506211018736056e-05, 'reg_lambda': 0.011468848682287683}. Best is trial 1107 with value: 0.3070487250637337.
[I 2024-12-04 17:44:48,030] Trial 1126 finished with value: 0.3174918024258879 and parameters: {'n_estimators': 895, 'max_depth': 6, 'learning_rate': 0.07324920304106307, 'subsample': 0.7680566270982333, 'colsample_bytree': 0.7262394793039858, 'min_child_weight': 2, 'gamma': 0.0008199291715341728, 'reg_alpha': 4.7663601746444456e-05, 'reg_lambda': 0.012034762112253405}. Best is trial 1107 with value: 0.3070487250637337.
[I 2024-12-04 17:44:49,458] Trial 1127 finished with value: 0.3150857891418616 and parameters: {'n_estimators': 899, 'max_depth': 6, 'learning_rate': 0.07324227226296895, 'subsample': 0.7691092162855349, 'colsample_bytree': 0.7254633645810422, 'min_child_weight': 2, 'gamma': 0.0006677481634561384, 'reg_alpha': 4.8733316187075046e-05, 'reg_lambda': 0.014059301316932825}. Best is trial 1107 with value: 0.3070487250637337.
[I 2024-12-04 17:44:51,005] Trial 1128 finished with value: 0.3128024598925483 and parameters: {'n_estimators': 896, 'max_depth': 6, 'learning_rate': 0.07227229481422692, 'subsample': 0.7661039759417012, 'colsample_bytree': 0.7204720033515934, 'min_child_weight': 2, 'gamma': 0.0007972420565203125, 'reg_alpha': 6.081804633299789e-05, 'reg_lambda': 0.01164060218217321}. Best is trial 1107 with value: 0.3070487250637337.
[I 2024-12-04 17:44:52,560] Trial 1129 finished with value: 0.31200394829604317 and parameters: {'n_estimators': 906, 'max_depth': 6, 'learning_rate': 0.07334381446512679, 'subsample': 0.7668709513428298, 'colsample_bytree': 0.7173593881707829, 'min_child_weight': 2, 'gamma': 0.0008539287110117215, 'reg_alpha': 7.216269984618196e-05, 'reg_lambda': 0.013321991465246541}. Best is trial 1107 with value: 0.3070487250637337.
[I 2024-12-04 17:44:53,974] Trial 1130 finished with value: 0.3259478869685108 and parameters: {'n_estimators': 884, 'max_depth': 6, 'learning_rate': 0.0724703581829439, 'subsample': 0.7695930944839878, 'colsample_bytree': 0.7253812943083535, 'min_child_weight': 2, 'gamma': 0.0008094070735621845, 'reg_alpha': 7.765091545947319e-05, 'reg_lambda': 0.011412033539831435}. Best is trial 1107 with value: 0.3070487250637337.
[I 2024-12-04 17:44:55,515] Trial 1131 finished with value: 0.3124272130341027 and parameters: {'n_estimators': 891, 'max_depth': 6, 'learning_rate': 0.07364447357928915, 'subsample': 0.7673946530808806, 'colsample_bytree': 0.7212917562455285, 'min_child_weight': 2, 'gamma': 0.0007797235402161424, 'reg_alpha': 6.806464508144428e-05, 'reg_lambda': 0.014059199214120546}. Best is trial 1107 with value: 0.3070487250637337.
[I 2024-12-04 17:44:56,929] Trial 1132 finished with value: 0.3129839682757861 and parameters: {'n_estimators': 886, 'max_depth': 6, 'learning_rate': 0.07207264086464617, 'subsample': 0.7721406714068884, 'colsample_bytree': 0.7211891562611872, 'min_child_weight': 2, 'gamma': 0.0008565834942838, 'reg_alpha': 6.516119102484677e-05, 'reg_lambda': 0.01313751702167165}. Best is trial 1107 with value: 0.3070487250637337.
[I 2024-12-04 17:44:58,420] Trial 1133 finished with value: 0.3130789768050637 and parameters: {'n_estimators': 892, 'max_depth': 6, 'learning_rate': 0.07194423005394517, 'subsample': 0.7658703799143206, 'colsample_bytree': 0.725483638075073, 'min_child_weight': 2, 'gamma': 0.0009701238341380271, 'reg_alpha': 4.8936559258928014e-05, 'reg_lambda': 0.014612124568228102}. Best is trial 1107 with value: 0.3070487250637337.
[I 2024-12-04 17:44:59,973] Trial 1134 finished with value: 0.3160346868291857 and parameters: {'n_estimators': 889, 'max_depth': 6, 'learning_rate': 0.07287465298200362, 'subsample': 0.767678812743886, 'colsample_bytree': 0.724537704177324, 'min_child_weight': 2, 'gamma': 0.0009650214395139925, 'reg_alpha': 6.855186092976266e-05, 'reg_lambda': 0.011878606854879108}. Best is trial 1107 with value: 0.3070487250637337.
[I 2024-12-04 17:45:01,670] Trial 1135 finished with value: 0.31951317236618226 and parameters: {'n_estimators': 889, 'max_depth': 6, 'learning_rate': 0.07211515182705969, 'subsample': 0.7658653641612342, 'colsample_bytree': 0.7252840412009194, 'min_child_weight': 2, 'gamma': 0.0008883204343962137, 'reg_alpha': 5.335134784203052e-05, 'reg_lambda': 0.011903193133010687}. Best is trial 1107 with value: 0.3070487250637337.
[I 2024-12-04 17:45:03,082] Trial 1136 finished with value: 0.3191773462243324 and parameters: {'n_estimators': 870, 'max_depth': 6, 'learning_rate': 0.07271773238335644, 'subsample': 0.7681874752903706, 'colsample_bytree': 0.7248682412017917, 'min_child_weight': 2, 'gamma': 0.0007672740393453485, 'reg_alpha': 6.718775163447384e-05, 'reg_lambda': 0.012611613160218426}. Best is trial 1107 with value: 0.3070487250637337.
[I 2024-12-04 17:45:04,494] Trial 1137 finished with value: 0.3182867731876412 and parameters: {'n_estimators': 864, 'max_depth': 6, 'learning_rate': 0.07271086750587268, 'subsample': 0.7682909533384463, 'colsample_bytree': 0.7208197407915136, 'min_child_weight': 2, 'gamma': 0.0008675028594334834, 'reg_alpha': 8.474019510643683e-05, 'reg_lambda': 0.011422667569683168}. Best is trial 1107 with value: 0.3070487250637337.
[I 2024-12-04 17:45:05,940] Trial 1138 finished with value: 0.3250132839203666 and parameters: {'n_estimators': 882, 'max_depth': 6, 'learning_rate': 0.07292833116529475, 'subsample': 0.7668726839921871, 'colsample_bytree': 0.7289148893329501, 'min_child_weight': 2, 'gamma': 0.0010507119578080611, 'reg_alpha': 5.7679219043344255e-05, 'reg_lambda': 0.014822697824056317}. Best is trial 1107 with value: 0.3070487250637337.
[I 2024-12-04 17:45:07,454] Trial 1139 finished with value: 0.311167209842452 and parameters: {'n_estimators': 882, 'max_depth': 6, 'learning_rate': 0.0741774189131092, 'subsample': 0.7646242559033007, 'colsample_bytree': 0.7217166380685187, 'min_child_weight': 2, 'gamma': 0.0008747881478059421, 'reg_alpha': 8.663357326866544e-05, 'reg_lambda': 0.01542870963748382}. Best is trial 1107 with value: 0.3070487250637337.
[I 2024-12-04 17:45:09,024] Trial 1140 finished with value: 0.31347621835825884 and parameters: {'n_estimators': 886, 'max_depth': 6, 'learning_rate': 0.07285832068025051, 'subsample': 0.7647590241169961, 'colsample_bytree': 0.7249011618282629, 'min_child_weight': 2, 'gamma': 0.000938538934504111, 'reg_alpha': 8.117197125299296e-05, 'reg_lambda': 0.015092016068670097}. Best is trial 1107 with value: 0.3070487250637337.
[I 2024-12-04 17:45:10,524] Trial 1141 finished with value: 0.31597444943111286 and parameters: {'n_estimators': 905, 'max_depth': 6, 'learning_rate': 0.07334943584876444, 'subsample': 0.7688189607009415, 'colsample_bytree': 0.7175760227261756, 'min_child_weight': 2, 'gamma': 0.0008682310264619831, 'reg_alpha': 7.008921751005756e-05, 'reg_lambda': 0.013338583111559709}. Best is trial 1107 with value: 0.3070487250637337.
[I 2024-12-04 17:45:12,002] Trial 1142 finished with value: 0.3129112139834735 and parameters: {'n_estimators': 918, 'max_depth': 6, 'learning_rate': 0.0718792676381386, 'subsample': 0.7672765189458693, 'colsample_bytree': 0.7184506581097926, 'min_child_weight': 2, 'gamma': 0.0007605371235416421, 'reg_alpha': 3.902589556036208e-05, 'reg_lambda': 0.013434230382735033}. Best is trial 1107 with value: 0.3070487250637337.
[I 2024-12-04 17:45:13,620] Trial 1143 finished with value: 0.3139564963901908 and parameters: {'n_estimators': 910, 'max_depth': 6, 'learning_rate': 0.07242453120528952, 'subsample': 0.7687791445699705, 'colsample_bytree': 0.7228717532480516, 'min_child_weight': 2, 'gamma': 0.0007585228544292804, 'reg_alpha': 5.804258039744979e-05, 'reg_lambda': 0.014637094257078244}. Best is trial 1107 with value: 0.3070487250637337.
[I 2024-12-04 17:45:15,160] Trial 1144 finished with value: 0.3085761135071742 and parameters: {'n_estimators': 896, 'max_depth': 6, 'learning_rate': 0.07236059952037249, 'subsample': 0.7694247215276313, 'colsample_bytree': 0.7162042690396788, 'min_child_weight': 2, 'gamma': 0.0007580315101752453, 'reg_alpha': 7.608730606199029e-05, 'reg_lambda': 0.013327971272927975}. Best is trial 1107 with value: 0.3070487250637337.
[I 2024-12-04 17:45:16,622] Trial 1145 finished with value: 0.30855643957753826 and parameters: {'n_estimators': 885, 'max_depth': 6, 'learning_rate': 0.07295366232914592, 'subsample': 0.7670815117715103, 'colsample_bytree': 0.7229411089908462, 'min_child_weight': 2, 'gamma': 0.0008092601754355917, 'reg_alpha': 6.803373931926339e-05, 'reg_lambda': 0.012680552258448892}. Best is trial 1107 with value: 0.3070487250637337.
[I 2024-12-04 17:45:18,102] Trial 1146 finished with value: 0.3149684183930593 and parameters: {'n_estimators': 902, 'max_depth': 6, 'learning_rate': 0.07286002223444214, 'subsample': 0.7685618648544045, 'colsample_bytree': 0.7197790232864879, 'min_child_weight': 2, 'gamma': 0.0008054237314947165, 'reg_alpha': 6.873817984758133e-05, 'reg_lambda': 0.013399875838872716}. Best is trial 1107 with value: 0.3070487250637337.
[I 2024-12-04 17:45:19,659] Trial 1147 finished with value: 0.3126847461088205 and parameters: {'n_estimators': 892, 'max_depth': 6, 'learning_rate': 0.07402927468897982, 'subsample': 0.7668551592083841, 'colsample_bytree': 0.7199600889232947, 'min_child_weight': 2, 'gamma': 0.0008692126622011187, 'reg_alpha': 7.939446669818081e-05, 'reg_lambda': 0.013579043635745408}. Best is trial 1107 with value: 0.3070487250637337.
[I 2024-12-04 17:45:21,190] Trial 1148 finished with value: 0.315264926227361 and parameters: {'n_estimators': 889, 'max_depth': 6, 'learning_rate': 0.07198951016557842, 'subsample': 0.7663971052958913, 'colsample_bytree': 0.7232220656288901, 'min_child_weight': 2, 'gamma': 0.0009777050984987475, 'reg_alpha': 5.004783119333847e-05, 'reg_lambda': 0.013565840314192125}. Best is trial 1107 with value: 0.3070487250637337.
[I 2024-12-04 17:45:22,754] Trial 1149 finished with value: 0.3139174822857022 and parameters: {'n_estimators': 898, 'max_depth': 6, 'learning_rate': 0.07252931643375289, 'subsample': 0.7682219328903652, 'colsample_bytree': 0.7204554311536715, 'min_child_weight': 2, 'gamma': 0.0008602565374617321, 'reg_alpha': 6.613025172711052e-05, 'reg_lambda': 0.013023847158991521}. Best is trial 1107 with value: 0.3070487250637337.
[I 2024-12-04 17:45:24,241] Trial 1150 finished with value: 0.31603375997466837 and parameters: {'n_estimators': 893, 'max_depth': 6, 'learning_rate': 0.0721939381649485, 'subsample': 0.7681185295142884, 'colsample_bytree': 0.7189656070294888, 'min_child_weight': 2, 'gamma': 0.0008529141765993226, 'reg_alpha': 6.291950994684633e-05, 'reg_lambda': 0.013665010628579166}. Best is trial 1107 with value: 0.3070487250637337.
