[I 2024-12-19 08:59:55,015] Trial 2419 finished with value: 1.3333615064620972 and parameters: {'mlp_n_layers': 4, 'mlp_dim_00': 222, 'mlp_dim_01': 390, 'mlp_dim_02': 223, 'mlp_dim_03': 396, 'node_hidden_dim': 109, 'edge_hidden_dim': 45, 'depth': 2, 'rep_dropout': 0.0977727204641838, 'train_learning_rate': 0.007397806046215266, 'train_lr_reduce': 0.6}. Best is trial 1483 with value: 0.2768918573856354.
[I 2024-12-19 08:59:58,593] Trial 2421 finished with value: 1.350126028060913 and parameters: {'mlp_n_layers': 2, 'mlp_dim_00': 234, 'mlp_dim_01': 132, 'node_hidden_dim': 107, 'edge_hidden_dim': 32, 'depth': 2, 'rep_dropout': 0.09696681040419441, 'train_learning_rate': 0.0071209646345919905, 'train_lr_reduce': 0.6}. Best is trial 1483 with value: 0.2768918573856354.
[I 2024-12-19 08:59:59,688] Trial 2422 finished with value: 1.3311022520065308 and parameters: {'mlp_n_layers': 2, 'mlp_dim_00': 123, 'mlp_dim_01': 193, 'node_hidden_dim': 124, 'edge_hidden_dim': 76, 'depth': 4, 'rep_dropout': 0.010360129254592182, 'train_learning_rate': 0.0028625896103362503, 'train_lr_reduce': 0.6}. Best is trial 1483 with value: 0.2768918573856354.
[I 2024-12-19 09:00:02,389] Trial 2420 finished with value: 1.3228236436843872 and parameters: {'mlp_n_layers': 4, 'mlp_dim_00': 511, 'mlp_dim_01': 492, 'mlp_dim_02': 256, 'mlp_dim_03': 227, 'node_hidden_dim': 109, 'edge_hidden_dim': 118, 'depth': 2, 'rep_dropout': 0.03772739275634241, 'train_learning_rate': 0.001873170822214724, 'train_lr_reduce': 0.6}. Best is trial 1483 with value: 0.2768918573856354.
[I 2024-12-19 09:00:05,437] Trial 2424 finished with value: 1.2827188968658447 and parameters: {'mlp_n_layers': 2, 'mlp_dim_00': 126, 'mlp_dim_01': 421, 'node_hidden_dim': 109, 'edge_hidden_dim': 124, 'depth': 2, 'rep_dropout': 0.131161033287038, 'train_learning_rate': 0.009757316227073052, 'train_lr_reduce': 0.6}. Best is trial 1483 with value: 0.2768918573856354.
[I 2024-12-19 09:00:05,997] Trial 2423 finished with value: 1.179003357887268 and parameters: {'mlp_n_layers': 2, 'mlp_dim_00': 379, 'mlp_dim_01': 256, 'node_hidden_dim': 108, 'edge_hidden_dim': 105, 'depth': 3, 'rep_dropout': 0.12144621435711933, 'train_learning_rate': 0.007275453213709221, 'train_lr_reduce': 0.6}. Best is trial 1483 with value: 0.2768918573856354.
[I 2024-12-19 09:00:07,283] Trial 2425 finished with value: 1.476871371269226 and parameters: {'mlp_n_layers': 4, 'mlp_dim_00': 115, 'mlp_dim_01': 455, 'mlp_dim_02': 215, 'mlp_dim_03': 509, 'node_hidden_dim': 112, 'edge_hidden_dim': 52, 'depth': 2, 'rep_dropout': 0.0019493888167662378, 'train_learning_rate': 0.0021101528137203963, 'train_lr_reduce': 0.6}. Best is trial 1483 with value: 0.2768918573856354.
[I 2024-12-19 09:00:10,169] Trial 2426 finished with value: 1.2829229831695557 and parameters: {'mlp_n_layers': 2, 'mlp_dim_00': 346, 'mlp_dim_01': 295, 'node_hidden_dim': 99, 'edge_hidden_dim': 92, 'depth': 2, 'rep_dropout': 0.21229026150212071, 'train_learning_rate': 0.0031136508877352485, 'train_lr_reduce': 0.6}. Best is trial 1483 with value: 0.2768918573856354.
[I 2024-12-19 09:00:11,293] Trial 2427 finished with value: 1.5430482625961304 and parameters: {'mlp_n_layers': 2, 'mlp_dim_00': 419, 'mlp_dim_01': 299, 'node_hidden_dim': 42, 'edge_hidden_dim': 55, 'depth': 4, 'rep_dropout': 0.0675546114055202, 'train_learning_rate': 0.000625674155876295, 'train_lr_reduce': 0.6}. Best is trial 1483 with value: 0.2768918573856354.
[I 2024-12-19 09:00:12,087] Trial 2428 finished with value: 1.5198676586151123 and parameters: {'mlp_n_layers': 3, 'mlp_dim_00': 204, 'mlp_dim_01': 180, 'mlp_dim_02': 171, 'node_hidden_dim': 94, 'edge_hidden_dim': 53, 'depth': 2, 'rep_dropout': 0.03819560097014045, 'train_learning_rate': 0.008560379911642437, 'train_lr_reduce': 0.6}. Best is trial 1483 with value: 0.2768918573856354.
[I 2024-12-19 09:00:15,547] Trial 2429 finished with value: 1.3001939058303833 and parameters: {'mlp_n_layers': 2, 'mlp_dim_00': 157, 'mlp_dim_01': 500, 'node_hidden_dim': 84, 'edge_hidden_dim': 128, 'depth': 2, 'rep_dropout': 0.08545710830670925, 'train_learning_rate': 0.005082868568002549, 'train_lr_reduce': 0.6}. Best is trial 1483 with value: 0.2768918573856354.
[I 2024-12-19 09:00:17,226] Trial 2431 finished with value: 1.469355821609497 and parameters: {'mlp_n_layers': 4, 'mlp_dim_00': 155, 'mlp_dim_01': 85, 'mlp_dim_02': 240, 'mlp_dim_03': 111, 'node_hidden_dim': 43, 'edge_hidden_dim': 71, 'depth': 3, 'rep_dropout': 0.01245977312923191, 'train_learning_rate': 0.0029311265291267342, 'train_lr_reduce': 0.6}. Best is trial 1483 with value: 0.2768918573856354.
[I 2024-12-19 09:00:20,241] Trial 2430 finished with value: 1.2737361192703247 and parameters: {'mlp_n_layers': 3, 'mlp_dim_00': 76, 'mlp_dim_01': 179, 'mlp_dim_02': 256, 'node_hidden_dim': 85, 'edge_hidden_dim': 48, 'depth': 2, 'rep_dropout': 0.09719864262062307, 'train_learning_rate': 0.001907111202118557, 'train_lr_reduce': 0.6}. Best is trial 1483 with value: 0.2768918573856354.
[I 2024-12-19 09:00:22,175] Trial 2433 finished with value: 1.2848265171051025 and parameters: {'mlp_n_layers': 4, 'mlp_dim_00': 321, 'mlp_dim_01': 224, 'mlp_dim_02': 216, 'mlp_dim_03': 181, 'node_hidden_dim': 63, 'edge_hidden_dim': 121, 'depth': 2, 'rep_dropout': 0.18319857635045925, 'train_learning_rate': 0.008395286765361536, 'train_lr_reduce': 0.6}. Best is trial 1483 with value: 0.2768918573856354.
[I 2024-12-19 09:00:25,407] Trial 2434 finished with value: 1.5650917291641235 and parameters: {'mlp_n_layers': 4, 'mlp_dim_00': 495, 'mlp_dim_01': 179, 'mlp_dim_02': 270, 'mlp_dim_03': 277, 'node_hidden_dim': 73, 'edge_hidden_dim': 70, 'depth': 4, 'rep_dropout': 3.689957513031139e-05, 'train_learning_rate': 0.0013401077543425152, 'train_lr_reduce': 0.6}. Best is trial 1483 with value: 0.2768918573856354.
[I 2024-12-19 09:00:28,042] Trial 2435 finished with value: 1.28115713596344 and parameters: {'mlp_n_layers': 2, 'mlp_dim_00': 252, 'mlp_dim_01': 170, 'node_hidden_dim': 87, 'edge_hidden_dim': 33, 'depth': 2, 'rep_dropout': 0.06574904885944588, 'train_learning_rate': 0.009761206031156742, 'train_lr_reduce': 0.6}. Best is trial 1483 with value: 0.2768918573856354.
[I 2024-12-19 09:00:31,054] Trial 2436 finished with value: 1.4293488264083862 and parameters: {'mlp_n_layers': 2, 'mlp_dim_00': 377, 'mlp_dim_01': 342, 'node_hidden_dim': 87, 'edge_hidden_dim': 75, 'depth': 2, 'rep_dropout': 0.15153441637318077, 'train_learning_rate': 0.008185498911897918, 'train_lr_reduce': 0.6}. Best is trial 1483 with value: 0.2768918573856354.
[I 2024-12-19 09:00:31,723] Trial 2432 finished with value: 0.4236421585083008 and parameters: {'mlp_n_layers': 4, 'mlp_dim_00': 236, 'mlp_dim_01': 455, 'mlp_dim_02': 265, 'mlp_dim_03': 64, 'node_hidden_dim': 111, 'edge_hidden_dim': 78, 'depth': 2, 'rep_dropout': 0.05350411295778603, 'train_learning_rate': 0.00787332772727307, 'train_lr_reduce': 0.6}. Best is trial 1483 with value: 0.2768918573856354.
[I 2024-12-19 09:00:33,449] Trial 2437 finished with value: 1.4307365417480469 and parameters: {'mlp_n_layers': 3, 'mlp_dim_00': 98, 'mlp_dim_01': 167, 'mlp_dim_02': 169, 'node_hidden_dim': 106, 'edge_hidden_dim': 70, 'depth': 2, 'rep_dropout': 0.13311919197453503, 'train_learning_rate': 0.005988216846231364, 'train_lr_reduce': 0.6}. Best is trial 1483 with value: 0.2768918573856354.
[I 2024-12-19 09:00:35,952] Trial 2438 finished with value: 1.5270462036132812 and parameters: {'mlp_n_layers': 3, 'mlp_dim_00': 205, 'mlp_dim_01': 94, 'mlp_dim_02': 270, 'node_hidden_dim': 75, 'edge_hidden_dim': 47, 'depth': 2, 'rep_dropout': 0.0818623755849183, 'train_learning_rate': 0.0036244887200957087, 'train_lr_reduce': 0.6}. Best is trial 1483 with value: 0.2768918573856354.
[I 2024-12-19 09:00:36,494] Trial 2439 finished with value: 1.4394274950027466 and parameters: {'mlp_n_layers': 2, 'mlp_dim_00': 112, 'mlp_dim_01': 201, 'node_hidden_dim': 76, 'edge_hidden_dim': 50, 'depth': 2, 'rep_dropout': 0.05410489015654973, 'train_learning_rate': 0.002544751283497555, 'train_lr_reduce': 0.6}. Best is trial 1483 with value: 0.2768918573856354.
[I 2024-12-19 09:00:38,006] Trial 2440 finished with value: 1.3365200757980347 and parameters: {'mlp_n_layers': 3, 'mlp_dim_00': 454, 'mlp_dim_01': 68, 'mlp_dim_02': 217, 'node_hidden_dim': 65, 'edge_hidden_dim': 86, 'depth': 2, 'rep_dropout': 0.08306681429029128, 'train_learning_rate': 0.007982549483943172, 'train_lr_reduce': 0.6}. Best is trial 1483 with value: 0.2768918573856354.
[I 2024-12-19 09:00:41,576] Trial 2442 finished with value: 1.5347663164138794 and parameters: {'mlp_n_layers': 2, 'mlp_dim_00': 199, 'mlp_dim_01': 105, 'node_hidden_dim': 127, 'edge_hidden_dim': 101, 'depth': 4, 'rep_dropout': 0.06945933850944767, 'train_learning_rate': 0.00036772908922922293, 'train_lr_reduce': 0.6}. Best is trial 1483 with value: 0.2768918573856354.
[I 2024-12-19 09:00:42,902] Trial 2443 finished with value: 1.3193726539611816 and parameters: {'mlp_n_layers': 4, 'mlp_dim_00': 287, 'mlp_dim_01': 279, 'mlp_dim_02': 200, 'mlp_dim_03': 139, 'node_hidden_dim': 106, 'edge_hidden_dim': 78, 'depth': 2, 'rep_dropout': 0.11269410420585023, 'train_learning_rate': 0.00830124976406595, 'train_lr_reduce': 0.6}. Best is trial 1483 with value: 0.2768918573856354.
[I 2024-12-19 09:00:43,870] Trial 2441 finished with value: 1.056724190711975 and parameters: {'mlp_n_layers': 2, 'mlp_dim_00': 237, 'mlp_dim_01': 162, 'node_hidden_dim': 123, 'edge_hidden_dim': 38, 'depth': 2, 'rep_dropout': 0.11075409550264362, 'train_learning_rate': 0.009526657928686974, 'train_lr_reduce': 0.6}. Best is trial 1483 with value: 0.2768918573856354.
[I 2024-12-19 09:00:46,340] Trial 2444 finished with value: 1.481222152709961 and parameters: {'mlp_n_layers': 2, 'mlp_dim_00': 86, 'mlp_dim_01': 170, 'node_hidden_dim': 93, 'edge_hidden_dim': 88, 'depth': 3, 'rep_dropout': 0.08037816037248094, 'train_learning_rate': 0.0019828630245112312, 'train_lr_reduce': 0.6}. Best is trial 1483 with value: 0.2768918573856354.
[I 2024-12-19 09:00:47,664] Trial 2445 finished with value: 1.3117536306381226 and parameters: {'mlp_n_layers': 3, 'mlp_dim_00': 177, 'mlp_dim_01': 205, 'mlp_dim_02': 269, 'node_hidden_dim': 124, 'edge_hidden_dim': 36, 'depth': 3, 'rep_dropout': 0.034037970747733966, 'train_learning_rate': 0.008183427639854501, 'train_lr_reduce': 0.6}. Best is trial 1483 with value: 0.2768918573856354.
[I 2024-12-19 09:00:48,340] Trial 2446 finished with value: 1.313109278678894 and parameters: {'mlp_n_layers': 2, 'mlp_dim_00': 168, 'mlp_dim_01': 65, 'node_hidden_dim': 34, 'edge_hidden_dim': 123, 'depth': 3, 'rep_dropout': 0.21707394365448396, 'train_learning_rate': 0.005948741180091731, 'train_lr_reduce': 0.6}. Best is trial 1483 with value: 0.2768918573856354.
[I 2024-12-19 09:00:51,564] Trial 2447 finished with value: 1.4914270639419556 and parameters: {'mlp_n_layers': 2, 'mlp_dim_00': 155, 'mlp_dim_01': 323, 'node_hidden_dim': 70, 'edge_hidden_dim': 70, 'depth': 2, 'rep_dropout': 0.0927505241042863, 'train_learning_rate': 0.0026682014413017432, 'train_lr_reduce': 0.6}. Best is trial 1483 with value: 0.2768918573856354.
[I 2024-12-19 09:00:52,904] Trial 2448 finished with value: 1.3379868268966675 and parameters: {'mlp_n_layers': 4, 'mlp_dim_00': 223, 'mlp_dim_01': 481, 'mlp_dim_02': 244, 'mlp_dim_03': 205, 'node_hidden_dim': 125, 'edge_hidden_dim': 41, 'depth': 2, 'rep_dropout': 0.0028570773654370413, 'train_learning_rate': 0.006820983369348531, 'train_lr_reduce': 0.6}. Best is trial 1483 with value: 0.2768918573856354.
[I 2024-12-19 09:00:53,922] Trial 2449 finished with value: 1.3617043495178223 and parameters: {'mlp_n_layers': 3, 'mlp_dim_00': 348, 'mlp_dim_01': 114, 'mlp_dim_02': 203, 'node_hidden_dim': 124, 'edge_hidden_dim': 45, 'depth': 3, 'rep_dropout': 0.06938787325127513, 'train_learning_rate': 0.008400969962268206, 'train_lr_reduce': 0.6}. Best is trial 1483 with value: 0.2768918573856354.
[I 2024-12-19 09:00:56,254] Trial 2450 finished with value: 1.2865749597549438 and parameters: {'mlp_n_layers': 2, 'mlp_dim_00': 288, 'mlp_dim_01': 491, 'node_hidden_dim': 76, 'edge_hidden_dim': 77, 'depth': 2, 'rep_dropout': 0.0904943892534087, 'train_learning_rate': 0.00799875720271686, 'train_lr_reduce': 0.6}. Best is trial 1483 with value: 0.2768918573856354.
[I 2024-12-19 09:00:57,746] Trial 2451 finished with value: 1.3755964040756226 and parameters: {'mlp_n_layers': 2, 'mlp_dim_00': 133, 'mlp_dim_01': 267, 'node_hidden_dim': 58, 'edge_hidden_dim': 43, 'depth': 2, 'rep_dropout': 0.009555957472281489, 'train_learning_rate': 0.006119223459249609, 'train_lr_reduce': 0.6}. Best is trial 1483 with value: 0.2768918573856354.
[I 2024-12-19 09:00:58,610] Trial 2452 finished with value: 1.2837406396865845 and parameters: {'mlp_n_layers': 2, 'mlp_dim_00': 211, 'mlp_dim_01': 67, 'node_hidden_dim': 124, 'edge_hidden_dim': 78, 'depth': 3, 'rep_dropout': 0.06524782176193004, 'train_learning_rate': 0.0036083741384339042, 'train_lr_reduce': 0.6}. Best is trial 1483 with value: 0.2768918573856354.
[I 2024-12-19 09:01:01,441] Trial 2453 finished with value: 1.2866055965423584 and parameters: {'mlp_n_layers': 3, 'mlp_dim_00': 462, 'mlp_dim_01': 486, 'mlp_dim_02': 276, 'node_hidden_dim': 114, 'edge_hidden_dim': 93, 'depth': 2, 'rep_dropout': 0.003660217750574568, 'train_learning_rate': 0.004711706708090401, 'train_lr_reduce': 0.6}. Best is trial 1483 with value: 0.2768918573856354.
[I 2024-12-19 09:01:03,881] Trial 2455 finished with value: 1.413457989692688 and parameters: {'mlp_n_layers': 2, 'mlp_dim_00': 84, 'mlp_dim_01': 202, 'node_hidden_dim': 104, 'edge_hidden_dim': 72, 'depth': 3, 'rep_dropout': 0.03919259404057115, 'train_learning_rate': 0.007341173183567893, 'train_lr_reduce': 0.6}. Best is trial 1483 with value: 0.2768918573856354.
[I 2024-12-19 09:01:06,991] Trial 2456 finished with value: 1.435660719871521 and parameters: {'mlp_n_layers': 3, 'mlp_dim_00': 87, 'mlp_dim_01': 344, 'mlp_dim_02': 167, 'node_hidden_dim': 117, 'edge_hidden_dim': 35, 'depth': 4, 'rep_dropout': 0.24613904106443976, 'train_learning_rate': 0.007146933778789571, 'train_lr_reduce': 0.6}. Best is trial 1483 with value: 0.2768918573856354.
[I 2024-12-19 09:01:08,762] Trial 2457 finished with value: 1.4682451486587524 and parameters: {'mlp_n_layers': 3, 'mlp_dim_00': 264, 'mlp_dim_01': 117, 'mlp_dim_02': 279, 'node_hidden_dim': 103, 'edge_hidden_dim': 44, 'depth': 3, 'rep_dropout': 0.10300795466484783, 'train_learning_rate': 0.005478734904212377, 'train_lr_reduce': 0.6}. Best is trial 1483 with value: 0.2768918573856354.
[I 2024-12-19 09:01:11,934] Trial 2458 finished with value: 1.3044458627700806 and parameters: {'mlp_n_layers': 2, 'mlp_dim_00': 122, 'mlp_dim_01': 179, 'node_hidden_dim': 87, 'edge_hidden_dim': 61, 'depth': 2, 'rep_dropout': 0.004684946475452732, 'train_learning_rate': 0.007209232606904552, 'train_lr_reduce': 0.6}. Best is trial 1483 with value: 0.2768918573856354.
[I 2024-12-19 09:01:13,398] Trial 2454 finished with value: 0.3445541262626648 and parameters: {'mlp_n_layers': 2, 'mlp_dim_00': 433, 'mlp_dim_01': 146, 'node_hidden_dim': 78, 'edge_hidden_dim': 100, 'depth': 2, 'rep_dropout': 0.09855412071226455, 'train_learning_rate': 0.007909724024099871, 'train_lr_reduce': 0.6}. Best is trial 1483 with value: 0.2768918573856354.
[I 2024-12-19 09:01:13,401] Trial 2459 finished with value: 1.3575785160064697 and parameters: {'mlp_n_layers': 2, 'mlp_dim_00': 253, 'mlp_dim_01': 298, 'node_hidden_dim': 101, 'edge_hidden_dim': 33, 'depth': 2, 'rep_dropout': 0.018097224622872547, 'train_learning_rate': 0.009072212279535969, 'train_lr_reduce': 0.6}. Best is trial 1483 with value: 0.2768918573856354.
[I 2024-12-19 09:01:16,650] Trial 2460 finished with value: 1.4252731800079346 and parameters: {'mlp_n_layers': 3, 'mlp_dim_00': 227, 'mlp_dim_01': 254, 'mlp_dim_02': 236, 'node_hidden_dim': 127, 'edge_hidden_dim': 34, 'depth': 2, 'rep_dropout': 0.07264047171222449, 'train_learning_rate': 0.0031089418315598423, 'train_lr_reduce': 0.6}. Best is trial 1483 with value: 0.2768918573856354.
[I 2024-12-19 09:01:18,576] Trial 2461 finished with value: 1.320709228515625 and parameters: {'mlp_n_layers': 2, 'mlp_dim_00': 475, 'mlp_dim_01': 161, 'node_hidden_dim': 76, 'edge_hidden_dim': 118, 'depth': 2, 'rep_dropout': 0.049855781610238764, 'train_learning_rate': 0.008534553895773761, 'train_lr_reduce': 0.6}. Best is trial 1483 with value: 0.2768918573856354.
[I 2024-12-19 09:01:18,861] Trial 2462 finished with value: 1.4602614641189575 and parameters: {'mlp_n_layers': 3, 'mlp_dim_00': 237, 'mlp_dim_01': 267, 'mlp_dim_02': 165, 'node_hidden_dim': 121, 'edge_hidden_dim': 69, 'depth': 2, 'rep_dropout': 0.044382656264887854, 'train_learning_rate': 0.009989366112327872, 'train_lr_reduce': 0.6}. Best is trial 1483 with value: 0.2768918573856354.
[I 2024-12-19 09:01:21,919] Trial 2463 finished with value: 1.2850526571273804 and parameters: {'mlp_n_layers': 2, 'mlp_dim_00': 468, 'mlp_dim_01': 137, 'node_hidden_dim': 68, 'edge_hidden_dim': 96, 'depth': 2, 'rep_dropout': 0.12149055619466481, 'train_learning_rate': 0.008388007869593333, 'train_lr_reduce': 0.6}. Best is trial 1483 with value: 0.2768918573856354.
[I 2024-12-19 09:01:23,715] Trial 2464 finished with value: 1.2829736471176147 and parameters: {'mlp_n_layers': 2, 'mlp_dim_00': 424, 'mlp_dim_01': 66, 'node_hidden_dim': 63, 'edge_hidden_dim': 108, 'depth': 3, 'rep_dropout': 0.08925670631688483, 'train_learning_rate': 0.009250156677894921, 'train_lr_reduce': 0.6}. Best is trial 1483 with value: 0.2768918573856354.
[I 2024-12-19 09:01:27,137] Trial 2466 finished with value: 1.3341981172561646 and parameters: {'mlp_n_layers': 2, 'mlp_dim_00': 392, 'mlp_dim_01': 195, 'node_hidden_dim': 84, 'edge_hidden_dim': 80, 'depth': 2, 'rep_dropout': 0.08590168678622452, 'train_learning_rate': 0.0044090777066665586, 'train_lr_reduce': 0.6}. Best is trial 1483 with value: 0.2768918573856354.
[I 2024-12-19 09:01:29,560] Trial 2467 finished with value: 1.5513653755187988 and parameters: {'mlp_n_layers': 4, 'mlp_dim_00': 339, 'mlp_dim_01': 70, 'mlp_dim_02': 157, 'mlp_dim_03': 118, 'node_hidden_dim': 46, 'edge_hidden_dim': 45, 'depth': 4, 'rep_dropout': 0.23456811079019513, 'train_learning_rate': 0.0015450368042009737, 'train_lr_reduce': 0.6}. Best is trial 1483 with value: 0.2768918573856354.
[I 2024-12-19 09:01:33,222] Trial 2468 finished with value: 1.5249288082122803 and parameters: {'mlp_n_layers': 2, 'mlp_dim_00': 353, 'mlp_dim_01': 197, 'node_hidden_dim': 102, 'edge_hidden_dim': 107, 'depth': 2, 'rep_dropout': 0.10086209318279268, 'train_learning_rate': 0.007113649151042839, 'train_lr_reduce': 0.6}. Best is trial 1483 with value: 0.2768918573856354.
[I 2024-12-19 09:01:34,451] Trial 2465 finished with value: 0.4670666754245758 and parameters: {'mlp_n_layers': 2, 'mlp_dim_00': 433, 'mlp_dim_01': 101, 'node_hidden_dim': 64, 'edge_hidden_dim': 111, 'depth': 2, 'rep_dropout': 0.11802725851534733, 'train_learning_rate': 0.009676256967904863, 'train_lr_reduce': 0.6}. Best is trial 1483 with value: 0.2768918573856354.
[I 2024-12-19 09:01:38,084] Trial 2470 finished with value: 1.5375244617462158 and parameters: {'mlp_n_layers': 3, 'mlp_dim_00': 134, 'mlp_dim_01': 433, 'mlp_dim_02': 206, 'node_hidden_dim': 128, 'edge_hidden_dim': 121, 'depth': 3, 'rep_dropout': 0.11501734478097732, 'train_learning_rate': 0.00023353918753964384, 'train_lr_reduce': 0.6}. Best is trial 1483 with value: 0.2768918573856354.
[I 2024-12-19 09:01:39,069] Trial 2471 finished with value: 1.2935876846313477 and parameters: {'mlp_n_layers': 2, 'mlp_dim_00': 474, 'mlp_dim_01': 170, 'node_hidden_dim': 105, 'edge_hidden_dim': 105, 'depth': 2, 'rep_dropout': 0.12029411871595386, 'train_learning_rate': 0.006292321092422258, 'train_lr_reduce': 0.6}. Best is trial 1483 with value: 0.2768918573856354.
[I 2024-12-19 09:01:39,716] Trial 2469 finished with value: 0.9063839316368103 and parameters: {'mlp_n_layers': 2, 'mlp_dim_00': 508, 'mlp_dim_01': 350, 'node_hidden_dim': 99, 'edge_hidden_dim': 80, 'depth': 3, 'rep_dropout': 0.05145740326498292, 'train_learning_rate': 0.008703145047574157, 'train_lr_reduce': 0.6}. Best is trial 1483 with value: 0.2768918573856354.
[I 2024-12-19 09:01:43,072] Trial 2472 finished with value: 1.3478000164031982 and parameters: {'mlp_n_layers': 2, 'mlp_dim_00': 380, 'mlp_dim_01': 65, 'node_hidden_dim': 92, 'edge_hidden_dim': 112, 'depth': 2, 'rep_dropout': 0.0871493981047647, 'train_learning_rate': 0.007900881051424752, 'train_lr_reduce': 0.6}. Best is trial 1483 with value: 0.2768918573856354.
[I 2024-12-19 09:01:43,775] Trial 2473 finished with value: 1.3635008335113525 and parameters: {'mlp_n_layers': 2, 'mlp_dim_00': 216, 'mlp_dim_01': 198, 'node_hidden_dim': 103, 'edge_hidden_dim': 57, 'depth': 3, 'rep_dropout': 0.13552151294233183, 'train_learning_rate': 0.007854501199914104, 'train_lr_reduce': 0.6}. Best is trial 1483 with value: 0.2768918573856354.
[I 2024-12-19 09:01:43,997] Trial 2474 finished with value: 1.3563897609710693 and parameters: {'mlp_n_layers': 2, 'mlp_dim_00': 261, 'mlp_dim_01': 222, 'node_hidden_dim': 121, 'edge_hidden_dim': 51, 'depth': 3, 'rep_dropout': 0.08567413763160309, 'train_learning_rate': 0.0018801416677077974, 'train_lr_reduce': 0.6}. Best is trial 1483 with value: 0.2768918573856354.
[I 2024-12-19 09:01:48,665] Trial 2475 finished with value: 1.3516515493392944 and parameters: {'mlp_n_layers': 2, 'mlp_dim_00': 110, 'mlp_dim_01': 291, 'node_hidden_dim': 115, 'edge_hidden_dim': 107, 'depth': 2, 'rep_dropout': 0.1029946841009854, 'train_learning_rate': 0.009140368997118458, 'train_lr_reduce': 0.6}. Best is trial 1483 with value: 0.2768918573856354.
