Seed set to 42
[I 2024-12-19 17:33:50,809] A new study created in RDB with name: megnet_Pc_megnet
[I 2024-12-19 17:34:04,236] Trial 2 finished with value: 1.142264723777771 and parameters: {'mlp_n_layers': 2, 'mlp_dim_00': 390, 'mlp_dim_01': 205, 'node_hidden_dim': 45, 'edge_hidden_dim': 38, 'depth': 1, 'rep_dropout': 0.044291723694628846, 'train_learning_rate': 0.001192126086030591, 'train_lr_reduce': 0.6}. Best is trial 2 with value: 1.142264723777771.
[I 2024-12-19 17:34:04,982] Trial 0 finished with value: 1.142234444618225 and parameters: {'mlp_n_layers': 1, 'mlp_dim_00': 440, 'node_hidden_dim': 113, 'edge_hidden_dim': 68, 'depth': 3, 'rep_dropout': 0.058456385521702105, 'train_learning_rate': 0.0007190582286290091, 'train_lr_reduce': 0.6}. Best is trial 0 with value: 1.142234444618225.
[I 2024-12-19 17:34:05,542] Trial 1 finished with value: 1.142242193222046 and parameters: {'mlp_n_layers': 3, 'mlp_dim_00': 83, 'mlp_dim_01': 504, 'mlp_dim_02': 475, 'node_hidden_dim': 95, 'edge_hidden_dim': 118, 'depth': 2, 'rep_dropout': 0.03782847755528258, 'train_learning_rate': 0.00010726588249322627, 'train_lr_reduce': 0.6}. Best is trial 0 with value: 1.142234444618225.
[I 2024-12-19 17:34:10,615] Trial 3 finished with value: 1.142243504524231 and parameters: {'mlp_n_layers': 3, 'mlp_dim_00': 463, 'mlp_dim_01': 281, 'mlp_dim_02': 153, 'node_hidden_dim': 52, 'edge_hidden_dim': 111, 'depth': 3, 'rep_dropout': 0.06057413277837541, 'train_learning_rate': 0.00032798791873807375, 'train_lr_reduce': 0.6}. Best is trial 0 with value: 1.142234444618225.
[I 2024-12-19 17:34:10,924] Trial 4 finished with value: 1.1419919729232788 and parameters: {'mlp_n_layers': 2, 'mlp_dim_00': 67, 'mlp_dim_01': 411, 'node_hidden_dim': 84, 'edge_hidden_dim': 55, 'depth': 1, 'rep_dropout': 0.09519551424292563, 'train_learning_rate': 0.0001929928045660893, 'train_lr_reduce': 0.6}. Best is trial 4 with value: 1.1419919729232788.
[I 2024-12-19 17:34:11,449] Trial 5 finished with value: 1.1425386667251587 and parameters: {'mlp_n_layers': 4, 'mlp_dim_00': 192, 'mlp_dim_01': 297, 'mlp_dim_02': 465, 'mlp_dim_03': 351, 'node_hidden_dim': 99, 'edge_hidden_dim': 49, 'depth': 3, 'rep_dropout': 0.03381337039755024, 'train_learning_rate': 0.0003209005245792335, 'train_lr_reduce': 0.6}. Best is trial 4 with value: 1.1419919729232788.
[I 2024-12-19 17:34:15,886] Trial 6 finished with value: 1.1428632736206055 and parameters: {'mlp_n_layers': 3, 'mlp_dim_00': 298, 'mlp_dim_01': 77, 'mlp_dim_02': 276, 'node_hidden_dim': 70, 'edge_hidden_dim': 76, 'depth': 2, 'rep_dropout': 0.06368944951961222, 'train_learning_rate': 0.002533591333786203, 'train_lr_reduce': 0.6}. Best is trial 4 with value: 1.1419919729232788.
[I 2024-12-19 17:34:16,223] Trial 7 finished with value: 1.1423609256744385 and parameters: {'mlp_n_layers': 4, 'mlp_dim_00': 343, 'mlp_dim_01': 196, 'mlp_dim_02': 404, 'mlp_dim_03': 470, 'node_hidden_dim': 99, 'edge_hidden_dim': 111, 'depth': 3, 'rep_dropout': 0.03707186209392453, 'train_learning_rate': 0.0007798863977689221, 'train_lr_reduce': 0.6}. Best is trial 4 with value: 1.1419919729232788.
[I 2024-12-19 17:34:16,697] Trial 8 finished with value: 1.1430072784423828 and parameters: {'mlp_n_layers': 1, 'mlp_dim_00': 409, 'node_hidden_dim': 58, 'edge_hidden_dim': 35, 'depth': 4, 'rep_dropout': 0.03519603229326179, 'train_learning_rate': 0.0001546217720619294, 'train_lr_reduce': 0.6}. Best is trial 4 with value: 1.1419919729232788.
[I 2024-12-19 17:34:21,658] Trial 10 finished with value: 1.1495038270950317 and parameters: {'mlp_n_layers': 1, 'mlp_dim_00': 253, 'node_hidden_dim': 61, 'edge_hidden_dim': 98, 'depth': 4, 'rep_dropout': 0.08949365972528892, 'train_learning_rate': 0.0013616704861916528, 'train_lr_reduce': 0.6}. Best is trial 4 with value: 1.1419919729232788.
[I 2024-12-19 17:34:23,273] Trial 11 finished with value: 1.1451189517974854 and parameters: {'mlp_n_layers': 2, 'mlp_dim_00': 195, 'mlp_dim_01': 274, 'node_hidden_dim': 32, 'edge_hidden_dim': 108, 'depth': 3, 'rep_dropout': 0.12207895148140993, 'train_learning_rate': 0.009657998701945341, 'train_lr_reduce': 0.6}. Best is trial 4 with value: 1.1419919729232788.
[I 2024-12-19 17:34:26,737] Trial 12 finished with value: 1.1447012424468994 and parameters: {'mlp_n_layers': 3, 'mlp_dim_00': 96, 'mlp_dim_01': 393, 'mlp_dim_02': 72, 'node_hidden_dim': 95, 'edge_hidden_dim': 67, 'depth': 1, 'rep_dropout': 0.11213031454452027, 'train_learning_rate': 0.0009239738171417679, 'train_lr_reduce': 0.6}. Best is trial 4 with value: 1.1419919729232788.
[I 2024-12-19 17:34:30,189] Trial 13 finished with value: 1.1419121026992798 and parameters: {'mlp_n_layers': 2, 'mlp_dim_00': 93, 'mlp_dim_01': 384, 'node_hidden_dim': 62, 'edge_hidden_dim': 68, 'depth': 1, 'rep_dropout': 0.07377485910232609, 'train_learning_rate': 0.0001023930536677897, 'train_lr_reduce': 0.6}. Best is trial 13 with value: 1.1419121026992798.
[I 2024-12-19 17:34:33,056] Trial 14 finished with value: 1.1450810432434082 and parameters: {'mlp_n_layers': 1, 'mlp_dim_00': 420, 'node_hidden_dim': 125, 'edge_hidden_dim': 85, 'depth': 3, 'rep_dropout': 0.05934060263848026, 'train_learning_rate': 0.0006292876787713759, 'train_lr_reduce': 0.6}. Best is trial 13 with value: 1.1419121026992798.
[I 2024-12-19 17:34:37,086] Trial 15 finished with value: 1.1419298648834229 and parameters: {'mlp_n_layers': 2, 'mlp_dim_00': 148, 'mlp_dim_01': 390, 'node_hidden_dim': 52, 'edge_hidden_dim': 74, 'depth': 1, 'rep_dropout': 0.09755724949191577, 'train_learning_rate': 0.00010611017312480593, 'train_lr_reduce': 0.6}. Best is trial 13 with value: 1.1419121026992798.
[I 2024-12-19 17:34:37,747] Trial 16 finished with value: 1.1427483558654785 and parameters: {'mlp_n_layers': 1, 'mlp_dim_00': 173, 'node_hidden_dim': 105, 'edge_hidden_dim': 59, 'depth': 1, 'rep_dropout': 0.044551567055878386, 'train_learning_rate': 0.00012749301448194294, 'train_lr_reduce': 0.6}. Best is trial 13 with value: 1.1419121026992798.
[I 2024-12-19 17:34:40,847] Trial 9 finished with value: 0.22727853059768677 and parameters: {'mlp_n_layers': 4, 'mlp_dim_00': 491, 'mlp_dim_01': 465, 'mlp_dim_02': 466, 'mlp_dim_03': 282, 'node_hidden_dim': 42, 'edge_hidden_dim': 77, 'depth': 2, 'rep_dropout': 0.015067537847389878, 'train_learning_rate': 0.00533681636922116, 'train_lr_reduce': 0.6}. Best is trial 9 with value: 0.22727853059768677.
[I 2024-12-19 17:34:43,434] Trial 18 finished with value: 1.141839623451233 and parameters: {'mlp_n_layers': 1, 'mlp_dim_00': 189, 'node_hidden_dim': 58, 'edge_hidden_dim': 104, 'depth': 2, 'rep_dropout': 0.09043613814614003, 'train_learning_rate': 0.00013377811019938023, 'train_lr_reduce': 0.6}. Best is trial 9 with value: 0.22727853059768677.
[I 2024-12-19 17:34:43,893] Trial 17 finished with value: 1.1416493654251099 and parameters: {'mlp_n_layers': 3, 'mlp_dim_00': 177, 'mlp_dim_01': 364, 'mlp_dim_02': 275, 'node_hidden_dim': 33, 'edge_hidden_dim': 72, 'depth': 1, 'rep_dropout': 0.10412702957692886, 'train_learning_rate': 0.0001094290760044296, 'train_lr_reduce': 0.6}. Best is trial 9 with value: 0.22727853059768677.
[I 2024-12-19 17:34:48,959] Trial 20 finished with value: 1.1422334909439087 and parameters: {'mlp_n_layers': 1, 'mlp_dim_00': 338, 'node_hidden_dim': 58, 'edge_hidden_dim': 122, 'depth': 3, 'rep_dropout': 0.11792714620483621, 'train_learning_rate': 0.00012068142642452352, 'train_lr_reduce': 0.6}. Best is trial 9 with value: 0.22727853059768677.
[I 2024-12-19 17:34:56,084] Trial 22 finished with value: 1.1457082033157349 and parameters: {'mlp_n_layers': 4, 'mlp_dim_00': 499, 'mlp_dim_01': 344, 'mlp_dim_02': 512, 'mlp_dim_03': 273, 'node_hidden_dim': 46, 'edge_hidden_dim': 34, 'depth': 2, 'rep_dropout': 0.027215235029601978, 'train_learning_rate': 0.008899784536362046, 'train_lr_reduce': 0.6}. Best is trial 9 with value: 0.22727853059768677.
[I 2024-12-19 17:35:03,943] Trial 23 finished with value: 1.1420798301696777 and parameters: {'mlp_n_layers': 4, 'mlp_dim_00': 189, 'mlp_dim_01': 506, 'mlp_dim_02': 341, 'mlp_dim_03': 177, 'node_hidden_dim': 54, 'edge_hidden_dim': 87, 'depth': 1, 'rep_dropout': 0.1110348482649479, 'train_learning_rate': 0.00022491321119317602, 'train_lr_reduce': 0.6}. Best is trial 9 with value: 0.22727853059768677.
[I 2024-12-19 17:35:11,391] Trial 24 finished with value: 1.1422420740127563 and parameters: {'mlp_n_layers': 2, 'mlp_dim_00': 82, 'mlp_dim_01': 357, 'node_hidden_dim': 70, 'edge_hidden_dim': 123, 'depth': 2, 'rep_dropout': 0.10938867973876433, 'train_learning_rate': 0.00012514397128774406, 'train_lr_reduce': 0.6}. Best is trial 9 with value: 0.22727853059768677.
[I 2024-12-19 17:35:17,064] Trial 25 finished with value: 1.1426070928573608 and parameters: {'mlp_n_layers': 2, 'mlp_dim_00': 143, 'mlp_dim_01': 433, 'node_hidden_dim': 35, 'edge_hidden_dim': 116, 'depth': 2, 'rep_dropout': 0.07390673877682986, 'train_learning_rate': 0.0007246469837563248, 'train_lr_reduce': 0.6}. Best is trial 9 with value: 0.22727853059768677.
[I 2024-12-19 17:35:22,558] Trial 26 finished with value: 1.1421502828598022 and parameters: {'mlp_n_layers': 2, 'mlp_dim_00': 357, 'mlp_dim_01': 331, 'node_hidden_dim': 37, 'edge_hidden_dim': 70, 'depth': 1, 'rep_dropout': 0.12731034639451677, 'train_learning_rate': 0.0003409485696305988, 'train_lr_reduce': 0.6}. Best is trial 9 with value: 0.22727853059768677.
[I 2024-12-19 17:35:28,583] Trial 27 finished with value: 1.1427899599075317 and parameters: {'mlp_n_layers': 2, 'mlp_dim_00': 489, 'mlp_dim_01': 435, 'node_hidden_dim': 33, 'edge_hidden_dim': 80, 'depth': 2, 'rep_dropout': 0.013348710451690995, 'train_learning_rate': 0.0029749471294479137, 'train_lr_reduce': 0.6}. Best is trial 9 with value: 0.22727853059768677.
[I 2024-12-19 17:35:29,980] Trial 19 finished with value: 0.1556890457868576 and parameters: {'mlp_n_layers': 4, 'mlp_dim_00': 374, 'mlp_dim_01': 502, 'mlp_dim_02': 347, 'mlp_dim_03': 102, 'node_hidden_dim': 36, 'edge_hidden_dim': 100, 'depth': 1, 'rep_dropout': 0.006478132849916773, 'train_learning_rate': 0.006649502983452926, 'train_lr_reduce': 0.6}. Best is trial 19 with value: 0.1556890457868576.
[I 2024-12-19 17:35:33,402] Trial 21 finished with value: 0.28413254022598267 and parameters: {'mlp_n_layers': 4, 'mlp_dim_00': 442, 'mlp_dim_01': 446, 'mlp_dim_02': 249, 'mlp_dim_03': 244, 'node_hidden_dim': 56, 'edge_hidden_dim': 85, 'depth': 3, 'rep_dropout': 0.030517044728758852, 'train_learning_rate': 0.00775698952646276, 'train_lr_reduce': 0.6}. Best is trial 19 with value: 0.1556890457868576.
[I 2024-12-19 17:35:38,518] Trial 28 finished with value: 1.1422817707061768 and parameters: {'mlp_n_layers': 4, 'mlp_dim_00': 165, 'mlp_dim_01': 175, 'mlp_dim_02': 212, 'mlp_dim_03': 393, 'node_hidden_dim': 39, 'edge_hidden_dim': 74, 'depth': 3, 'rep_dropout': 0.0849151827691393, 'train_learning_rate': 0.00011118038877295583, 'train_lr_reduce': 0.6}. Best is trial 19 with value: 0.1556890457868576.
[I 2024-12-19 17:35:39,286] Trial 30 finished with value: 1.1432710886001587 and parameters: {'mlp_n_layers': 4, 'mlp_dim_00': 501, 'mlp_dim_01': 499, 'mlp_dim_02': 371, 'mlp_dim_03': 194, 'node_hidden_dim': 82, 'edge_hidden_dim': 78, 'depth': 3, 'rep_dropout': 0.00862886925201322, 'train_learning_rate': 0.0038477767060256323, 'train_lr_reduce': 0.6}. Best is trial 19 with value: 0.1556890457868576.
[I 2024-12-19 17:35:45,870] Trial 31 finished with value: 1.1422849893569946 and parameters: {'mlp_n_layers': 3, 'mlp_dim_00': 479, 'mlp_dim_01': 493, 'mlp_dim_02': 247, 'node_hidden_dim': 45, 'edge_hidden_dim': 82, 'depth': 4, 'rep_dropout': 0.05424859222034529, 'train_learning_rate': 0.003012425287353974, 'train_lr_reduce': 0.6}. Best is trial 19 with value: 0.1556890457868576.
[I 2024-12-19 17:35:51,694] Trial 33 finished with value: 1.1424134969711304 and parameters: {'mlp_n_layers': 4, 'mlp_dim_00': 502, 'mlp_dim_01': 415, 'mlp_dim_02': 272, 'mlp_dim_03': 64, 'node_hidden_dim': 33, 'edge_hidden_dim': 79, 'depth': 3, 'rep_dropout': 0.013399231616617083, 'train_learning_rate': 0.004028130804985056, 'train_lr_reduce': 0.6}. Best is trial 19 with value: 0.1556890457868576.
[I 2024-12-19 17:35:55,067] Trial 29 finished with value: 0.22619129717350006 and parameters: {'mlp_n_layers': 4, 'mlp_dim_00': 407, 'mlp_dim_01': 487, 'mlp_dim_02': 356, 'mlp_dim_03': 80, 'node_hidden_dim': 39, 'edge_hidden_dim': 108, 'depth': 1, 'rep_dropout': 0.024467760615497994, 'train_learning_rate': 0.00403217562284888, 'train_lr_reduce': 0.6}. Best is trial 19 with value: 0.1556890457868576.
[I 2024-12-19 17:36:11,819] Trial 35 finished with value: 0.6005552411079407 and parameters: {'mlp_n_layers': 4, 'mlp_dim_00': 240, 'mlp_dim_01': 498, 'mlp_dim_02': 372, 'mlp_dim_03': 81, 'node_hidden_dim': 49, 'edge_hidden_dim': 124, 'depth': 1, 'rep_dropout': 0.026369434332327798, 'train_learning_rate': 0.0029047308971075166, 'train_lr_reduce': 0.6}. Best is trial 19 with value: 0.1556890457868576.
[I 2024-12-19 17:36:28,077] Trial 32 finished with value: 0.35939449071884155 and parameters: {'mlp_n_layers': 4, 'mlp_dim_00': 373, 'mlp_dim_01': 510, 'mlp_dim_02': 398, 'mlp_dim_03': 258, 'node_hidden_dim': 47, 'edge_hidden_dim': 82, 'depth': 2, 'rep_dropout': 0.024793120790406083, 'train_learning_rate': 0.006224465057576215, 'train_lr_reduce': 0.6}. Best is trial 19 with value: 0.1556890457868576.
[I 2024-12-19 17:36:39,585] Trial 34 finished with value: 0.18848221004009247 and parameters: {'mlp_n_layers': 4, 'mlp_dim_00': 435, 'mlp_dim_01': 436, 'mlp_dim_02': 271, 'mlp_dim_03': 213, 'node_hidden_dim': 34, 'edge_hidden_dim': 76, 'depth': 1, 'rep_dropout': 0.005471970924883163, 'train_learning_rate': 0.004266180102987787, 'train_lr_reduce': 0.6}. Best is trial 19 with value: 0.1556890457868576.
[I 2024-12-19 17:37:00,095] Trial 36 finished with value: 0.17988276481628418 and parameters: {'mlp_n_layers': 3, 'mlp_dim_00': 313, 'mlp_dim_01': 510, 'mlp_dim_02': 356, 'node_hidden_dim': 45, 'edge_hidden_dim': 98, 'depth': 1, 'rep_dropout': 0.05265502911778392, 'train_learning_rate': 0.006708804147210116, 'train_lr_reduce': 0.6}. Best is trial 19 with value: 0.1556890457868576.
[I 2024-12-19 17:37:12,510] Trial 37 finished with value: 0.3180021345615387 and parameters: {'mlp_n_layers': 4, 'mlp_dim_00': 433, 'mlp_dim_01': 464, 'mlp_dim_02': 408, 'mlp_dim_03': 111, 'node_hidden_dim': 51, 'edge_hidden_dim': 111, 'depth': 1, 'rep_dropout': 0.016687938345518346, 'train_learning_rate': 0.006635287404670114, 'train_lr_reduce': 0.6}. Best is trial 19 with value: 0.1556890457868576.
[I 2024-12-19 17:37:24,351] Trial 39 finished with value: 0.2164699286222458 and parameters: {'mlp_n_layers': 2, 'mlp_dim_00': 323, 'mlp_dim_01': 493, 'node_hidden_dim': 68, 'edge_hidden_dim': 116, 'depth': 1, 'rep_dropout': 0.0483146129587259, 'train_learning_rate': 0.0058171110243131685, 'train_lr_reduce': 0.6}. Best is trial 19 with value: 0.1556890457868576.
[I 2024-12-19 17:37:25,867] Trial 40 finished with value: 0.5848769545555115 and parameters: {'mlp_n_layers': 4, 'mlp_dim_00': 392, 'mlp_dim_01': 508, 'mlp_dim_02': 338, 'mlp_dim_03': 142, 'node_hidden_dim': 49, 'edge_hidden_dim': 89, 'depth': 1, 'rep_dropout': 0.09969176748269482, 'train_learning_rate': 0.004303559309437528, 'train_lr_reduce': 0.6}. Best is trial 19 with value: 0.1556890457868576.
[I 2024-12-19 17:37:26,508] Trial 38 finished with value: 0.18662607669830322 and parameters: {'mlp_n_layers': 3, 'mlp_dim_00': 461, 'mlp_dim_01': 459, 'mlp_dim_02': 320, 'node_hidden_dim': 55, 'edge_hidden_dim': 53, 'depth': 1, 'rep_dropout': 0.0015103381482834558, 'train_learning_rate': 0.0028939621597994605, 'train_lr_reduce': 0.6}. Best is trial 19 with value: 0.1556890457868576.
[I 2024-12-19 17:37:31,831] Trial 43 finished with value: 1.158432126045227 and parameters: {'mlp_n_layers': 2, 'mlp_dim_00': 344, 'mlp_dim_01': 442, 'node_hidden_dim': 81, 'edge_hidden_dim': 90, 'depth': 1, 'rep_dropout': 0.06923085542900806, 'train_learning_rate': 0.008488615327302816, 'train_lr_reduce': 0.6}. Best is trial 19 with value: 0.1556890457868576.
[I 2024-12-19 17:37:35,410] Trial 42 finished with value: 0.468126505613327 and parameters: {'mlp_n_layers': 2, 'mlp_dim_00': 324, 'mlp_dim_01': 507, 'node_hidden_dim': 43, 'edge_hidden_dim': 97, 'depth': 1, 'rep_dropout': 0.0346383399041728, 'train_learning_rate': 0.007664517160073528, 'train_lr_reduce': 0.6}. Best is trial 19 with value: 0.1556890457868576.
[I 2024-12-19 17:37:36,568] Trial 44 finished with value: 1.146104097366333 and parameters: {'mlp_n_layers': 3, 'mlp_dim_00': 492, 'mlp_dim_01': 508, 'mlp_dim_02': 314, 'node_hidden_dim': 32, 'edge_hidden_dim': 60, 'depth': 1, 'rep_dropout': 0.0043712844213627455, 'train_learning_rate': 0.0017238979163484336, 'train_lr_reduce': 0.6}. Best is trial 19 with value: 0.1556890457868576.
[I 2024-12-19 17:37:40,459] Trial 45 finished with value: 1.142513394355774 and parameters: {'mlp_n_layers': 4, 'mlp_dim_00': 348, 'mlp_dim_01': 440, 'mlp_dim_02': 310, 'mlp_dim_03': 186, 'node_hidden_dim': 80, 'edge_hidden_dim': 56, 'depth': 1, 'rep_dropout': 0.007574484641528464, 'train_learning_rate': 0.0013800306781553172, 'train_lr_reduce': 0.6}. Best is trial 19 with value: 0.1556890457868576.
[I 2024-12-19 17:37:45,161] Trial 41 finished with value: 0.20084446668624878 and parameters: {'mlp_n_layers': 2, 'mlp_dim_00': 359, 'mlp_dim_01': 505, 'node_hidden_dim': 70, 'edge_hidden_dim': 128, 'depth': 1, 'rep_dropout': 0.06256439132243159, 'train_learning_rate': 0.0020937170122520134, 'train_lr_reduce': 0.6}. Best is trial 19 with value: 0.1556890457868576.
[I 2024-12-19 17:37:51,098] Trial 48 finished with value: 1.1533321142196655 and parameters: {'mlp_n_layers': 2, 'mlp_dim_00': 483, 'mlp_dim_01': 510, 'node_hidden_dim': 81, 'edge_hidden_dim': 122, 'depth': 2, 'rep_dropout': 0.05245216533027314, 'train_learning_rate': 0.0021975372700737, 'train_lr_reduce': 0.6}. Best is trial 19 with value: 0.1556890457868576.
[I 2024-12-19 17:37:58,162] Trial 49 finished with value: 1.1478586196899414 and parameters: {'mlp_n_layers': 1, 'mlp_dim_00': 301, 'node_hidden_dim': 65, 'edge_hidden_dim': 121, 'depth': 2, 'rep_dropout': 0.05528045322582305, 'train_learning_rate': 0.0010335069569335038, 'train_lr_reduce': 0.6}. Best is trial 19 with value: 0.1556890457868576.
[I 2024-12-19 17:38:02,220] Trial 46 finished with value: 0.18967869877815247 and parameters: {'mlp_n_layers': 2, 'mlp_dim_00': 483, 'mlp_dim_01': 437, 'node_hidden_dim': 70, 'edge_hidden_dim': 46, 'depth': 1, 'rep_dropout': 0.003200387732971726, 'train_learning_rate': 0.003414261758999001, 'train_lr_reduce': 0.6}. Best is trial 19 with value: 0.1556890457868576.
[I 2024-12-19 17:38:07,725] Trial 51 finished with value: 1.1433277130126953 and parameters: {'mlp_n_layers': 2, 'mlp_dim_00': 455, 'mlp_dim_01': 410, 'node_hidden_dim': 73, 'edge_hidden_dim': 39, 'depth': 2, 'rep_dropout': 0.015747009824757515, 'train_learning_rate': 0.0024577512051865524, 'train_lr_reduce': 0.6}. Best is trial 19 with value: 0.1556890457868576.
[I 2024-12-19 17:38:09,381] Trial 47 finished with value: 0.2073410451412201 and parameters: {'mlp_n_layers': 2, 'mlp_dim_00': 175, 'mlp_dim_01': 511, 'node_hidden_dim': 74, 'edge_hidden_dim': 110, 'depth': 1, 'rep_dropout': 0.018092152817133885, 'train_learning_rate': 0.003829019721273938, 'train_lr_reduce': 0.6}. Best is trial 19 with value: 0.1556890457868576.
[I 2024-12-19 17:38:12,745] Trial 52 finished with value: 1.143762230873108 and parameters: {'mlp_n_layers': 4, 'mlp_dim_00': 426, 'mlp_dim_01': 81, 'mlp_dim_02': 329, 'mlp_dim_03': 504, 'node_hidden_dim': 32, 'edge_hidden_dim': 73, 'depth': 1, 'rep_dropout': 0.0020276497661158377, 'train_learning_rate': 0.004698730406228966, 'train_lr_reduce': 0.6}. Best is trial 19 with value: 0.1556890457868576.
[I 2024-12-19 17:38:18,157] Trial 54 finished with value: 1.1429150104522705 and parameters: {'mlp_n_layers': 3, 'mlp_dim_00': 464, 'mlp_dim_01': 438, 'mlp_dim_02': 214, 'node_hidden_dim': 67, 'edge_hidden_dim': 99, 'depth': 1, 'rep_dropout': 0.06993712681218224, 'train_learning_rate': 0.0005630080359035488, 'train_lr_reduce': 0.6}. Best is trial 19 with value: 0.1556890457868576.
[I 2024-12-19 17:38:22,755] Trial 55 finished with value: 1.1425381898880005 and parameters: {'mlp_n_layers': 3, 'mlp_dim_00': 357, 'mlp_dim_01': 430, 'mlp_dim_02': 318, 'node_hidden_dim': 64, 'edge_hidden_dim': 37, 'depth': 1, 'rep_dropout': 0.011686562004670463, 'train_learning_rate': 0.006003029173650814, 'train_lr_reduce': 0.6}. Best is trial 19 with value: 0.1556890457868576.
[I 2024-12-19 17:38:43,803] Trial 50 finished with value: 0.13540688157081604 and parameters: {'mlp_n_layers': 4, 'mlp_dim_00': 301, 'mlp_dim_01': 439, 'mlp_dim_02': 315, 'mlp_dim_03': 186, 'node_hidden_dim': 35, 'edge_hidden_dim': 91, 'depth': 1, 'rep_dropout': 0.009893843338824586, 'train_learning_rate': 0.003058916768757117, 'train_lr_reduce': 0.6}. Best is trial 50 with value: 0.13540688157081604.
[I 2024-12-19 17:38:49,660] Trial 53 finished with value: 0.15867891907691956 and parameters: {'mlp_n_layers': 1, 'mlp_dim_00': 480, 'node_hidden_dim': 65, 'edge_hidden_dim': 50, 'depth': 1, 'rep_dropout': 0.015339874298714452, 'train_learning_rate': 0.0033245478802221575, 'train_lr_reduce': 0.6}. Best is trial 50 with value: 0.13540688157081604.
[I 2024-12-19 17:39:03,130] Trial 56 finished with value: 0.1266615390777588 and parameters: {'mlp_n_layers': 2, 'mlp_dim_00': 430, 'mlp_dim_01': 438, 'node_hidden_dim': 69, 'edge_hidden_dim': 60, 'depth': 1, 'rep_dropout': 0.01647182192756809, 'train_learning_rate': 0.007672774218921822, 'train_lr_reduce': 0.6}. Best is trial 56 with value: 0.1266615390777588.
