Seed set to 42
[I 2024-12-15 01:35:15,983] A new study created in RDB with name: Omega_afp
[I 2024-12-15 01:35:26,320] Trial 2 finished with value: 0.22961966693401337 and parameters: {'mlp_n_layers': 4, 'mlp_dim_00': 144, 'mlp_dim_01': 128, 'mlp_dim_02': 48, 'mlp_dim_03': 176, 'hidden_channels': 112, 'num_layers': 2, 'num_timesteps': 2, 'dropout': 0.011080034233096803, 'train_learning_rate': 0.002670843609571509, 'train_lr_reduce': 0.6}. Best is trial 2 with value: 0.22961966693401337.
[I 2024-12-15 01:35:27,439] Trial 4 finished with value: 0.2292323112487793 and parameters: {'mlp_n_layers': 4, 'mlp_dim_00': 256, 'mlp_dim_01': 80, 'mlp_dim_02': 208, 'mlp_dim_03': 64, 'hidden_channels': 176, 'num_layers': 3, 'num_timesteps': 1, 'dropout': 0.2743705657361763, 'train_learning_rate': 0.0025875865680454516, 'train_lr_reduce': 0.6}. Best is trial 4 with value: 0.2292323112487793.
[I 2024-12-15 01:35:27,577] Trial 1 finished with value: 0.225799560546875 and parameters: {'mlp_n_layers': 2, 'mlp_dim_00': 240, 'mlp_dim_01': 224, 'hidden_channels': 224, 'num_layers': 3, 'num_timesteps': 3, 'dropout': 0.21138507653308686, 'train_learning_rate': 0.0019092628689353869, 'train_lr_reduce': 0.6}. Best is trial 1 with value: 0.225799560546875.
[I 2024-12-15 01:35:31,090] Trial 0 finished with value: 0.20065556466579437 and parameters: {'mlp_n_layers': 3, 'mlp_dim_00': 128, 'mlp_dim_01': 208, 'mlp_dim_02': 160, 'hidden_channels': 64, 'num_layers': 2, 'num_timesteps': 4, 'dropout': 0.2251112909231342, 'train_learning_rate': 0.0012293663626271208, 'train_lr_reduce': 0.6}. Best is trial 0 with value: 0.20065556466579437.
[I 2024-12-15 01:35:35,990] Trial 3 finished with value: 0.1845931112766266 and parameters: {'mlp_n_layers': 2, 'mlp_dim_00': 176, 'mlp_dim_01': 80, 'hidden_channels': 160, 'num_layers': 1, 'num_timesteps': 4, 'dropout': 0.10458591890273454, 'train_learning_rate': 0.0003748095490330626, 'train_lr_reduce': 0.6}. Best is trial 3 with value: 0.1845931112766266.
[I 2024-12-15 01:35:38,887] Trial 5 finished with value: 0.21617452800273895 and parameters: {'mlp_n_layers': 2, 'mlp_dim_00': 80, 'mlp_dim_01': 224, 'hidden_channels': 208, 'num_layers': 2, 'num_timesteps': 2, 'dropout': 0.011867929563013635, 'train_learning_rate': 0.0006895856710127196, 'train_lr_reduce': 0.6}. Best is trial 3 with value: 0.1845931112766266.
[I 2024-12-15 01:35:42,544] Trial 7 finished with value: 0.2497679442167282 and parameters: {'mlp_n_layers': 4, 'mlp_dim_00': 32, 'mlp_dim_01': 208, 'mlp_dim_02': 256, 'mlp_dim_03': 160, 'hidden_channels': 80, 'num_layers': 4, 'num_timesteps': 4, 'dropout': 0.07933978295259154, 'train_learning_rate': 0.004271314801619462, 'train_lr_reduce': 0.6}. Best is trial 3 with value: 0.1845931112766266.
[I 2024-12-15 01:35:44,463] Trial 8 finished with value: 0.21256425976753235 and parameters: {'mlp_n_layers': 4, 'mlp_dim_00': 176, 'mlp_dim_01': 208, 'mlp_dim_02': 256, 'mlp_dim_03': 144, 'hidden_channels': 96, 'num_layers': 3, 'num_timesteps': 1, 'dropout': 0.06824755969063452, 'train_learning_rate': 0.0031287255383068225, 'train_lr_reduce': 0.6}. Best is trial 3 with value: 0.1845931112766266.
[I 2024-12-15 01:35:45,277] Trial 6 finished with value: 0.20793978869915009 and parameters: {'mlp_n_layers': 4, 'mlp_dim_00': 160, 'mlp_dim_01': 192, 'mlp_dim_02': 32, 'mlp_dim_03': 208, 'hidden_channels': 224, 'num_layers': 1, 'num_timesteps': 4, 'dropout': 0.11509331396018731, 'train_learning_rate': 0.005250109175293478, 'train_lr_reduce': 0.6}. Best is trial 3 with value: 0.1845931112766266.
[I 2024-12-15 01:35:49,536] Trial 13 finished with value: 1.4935319423675537 and parameters: {'mlp_n_layers': 3, 'mlp_dim_00': 160, 'mlp_dim_01': 128, 'mlp_dim_02': 80, 'hidden_channels': 32, 'num_layers': 3, 'num_timesteps': 2, 'dropout': 0.2810675971394644, 'train_learning_rate': 0.0001872926535640387, 'train_lr_reduce': 0.6}. Best is trial 3 with value: 0.1845931112766266.
[I 2024-12-15 01:35:50,999] Trial 9 finished with value: 0.2672407329082489 and parameters: {'mlp_n_layers': 3, 'mlp_dim_00': 176, 'mlp_dim_01': 96, 'mlp_dim_02': 256, 'hidden_channels': 48, 'num_layers': 2, 'num_timesteps': 1, 'dropout': 0.279766315016454, 'train_learning_rate': 0.0005130065786203952, 'train_lr_reduce': 0.6}. Best is trial 3 with value: 0.1845931112766266.
[I 2024-12-15 01:35:54,611] Trial 11 finished with value: 0.21010412275791168 and parameters: {'mlp_n_layers': 3, 'mlp_dim_00': 80, 'mlp_dim_01': 144, 'mlp_dim_02': 32, 'hidden_channels': 224, 'num_layers': 4, 'num_timesteps': 2, 'dropout': 0.20575098700161973, 'train_learning_rate': 0.009927380652047867, 'train_lr_reduce': 0.6}. Best is trial 3 with value: 0.1845931112766266.
[I 2024-12-15 01:35:57,465] Trial 10 finished with value: 0.29872819781303406 and parameters: {'mlp_n_layers': 4, 'mlp_dim_00': 48, 'mlp_dim_01': 240, 'mlp_dim_02': 80, 'mlp_dim_03': 240, 'hidden_channels': 160, 'num_layers': 3, 'num_timesteps': 4, 'dropout': 0.27784947223603995, 'train_learning_rate': 0.0005809849147309894, 'train_lr_reduce': 0.6}. Best is trial 3 with value: 0.1845931112766266.
[I 2024-12-15 01:36:02,813] Trial 12 finished with value: 0.27414578199386597 and parameters: {'mlp_n_layers': 2, 'mlp_dim_00': 208, 'mlp_dim_01': 208, 'hidden_channels': 176, 'num_layers': 4, 'num_timesteps': 2, 'dropout': 0.16224212654884979, 'train_learning_rate': 0.0001287573684610655, 'train_lr_reduce': 0.6}. Best is trial 3 with value: 0.1845931112766266.
[I 2024-12-15 01:36:04,703] Trial 14 finished with value: 0.1999433934688568 and parameters: {'mlp_n_layers': 2, 'mlp_dim_00': 208, 'mlp_dim_01': 112, 'hidden_channels': 160, 'num_layers': 2, 'num_timesteps': 4, 'dropout': 0.15272549139950065, 'train_learning_rate': 0.00023509616240753427, 'train_lr_reduce': 0.6}. Best is trial 3 with value: 0.1845931112766266.
