[I 2024-12-24 14:56:40,480] Trial 126 finished with value: 0.014089858159422874 and parameters: {'L1_hidden_dim': 112, 'L1_layers_atom': 2, 'L1_layers_mol': 4, 'L1_dropout': 0.21439292514451697, 'L1_out_dim': 112, 'L2_hidden_dim': 80, 'L2_layers_atom': 2, 'L2_layers_mol': 2, 'L2_out_dim': 32, 'L2_dropout': 0.14963262127643398, 'L3_hidden_dim': 64, 'L3_layers_atom': 4, 'L3_layers_mol': 2, 'L3_out_dim': 128, 'L3_dropout': 0.26825537629814467, 'n_mlp_layers': 3, 'mlp_dim_0': 496, 'mlp_dim_1': 144, 'mlp_dim_2': 168, 'num_heads': 2, 'final_dropout': 0.13691088701875354, 'train_learning_rate': 0.001771473004131118, 'train_lr_reduce': 0.6}. Best is trial 127 with value: 0.010723394341766834.
[I 2024-12-24 14:57:16,917] Trial 128 finished with value: 0.01253708079457283 and parameters: {'L1_hidden_dim': 128, 'L1_layers_atom': 3, 'L1_layers_mol': 4, 'L1_dropout': 0.04050438900690411, 'L1_out_dim': 96, 'L2_hidden_dim': 192, 'L2_layers_atom': 1, 'L2_layers_mol': 1, 'L2_out_dim': 32, 'L2_dropout': 0.15908706998366587, 'L3_hidden_dim': 80, 'L3_layers_atom': 4, 'L3_layers_mol': 1, 'L3_out_dim': 112, 'L3_dropout': 0.11759373000570504, 'n_mlp_layers': 3, 'mlp_dim_0': 288, 'mlp_dim_1': 160, 'mlp_dim_2': 112, 'num_heads': 2, 'final_dropout': 0.16654508964482598, 'train_learning_rate': 0.00023916253823308496, 'train_lr_reduce': 0.6}. Best is trial 127 with value: 0.010723394341766834.
[I 2024-12-24 14:57:48,449] Trial 130 finished with value: 0.20618917047977448 and parameters: {'L1_hidden_dim': 208, 'L1_layers_atom': 2, 'L1_layers_mol': 2, 'L1_dropout': 0.049331205989099194, 'L1_out_dim': 48, 'L2_hidden_dim': 224, 'L2_layers_atom': 2, 'L2_layers_mol': 2, 'L2_out_dim': 32, 'L2_dropout': 0.045129012208697264, 'L3_hidden_dim': 96, 'L3_layers_atom': 2, 'L3_layers_mol': 4, 'L3_out_dim': 128, 'L3_dropout': 0.2793871419663853, 'n_mlp_layers': 2, 'mlp_dim_0': 352, 'mlp_dim_1': 80, 'num_heads': 1, 'final_dropout': 0.12104088990532783, 'train_learning_rate': 0.0076493488971098676, 'train_lr_reduce': 0.6}. Best is trial 127 with value: 0.010723394341766834.
[I 2024-12-24 14:58:08,324] Trial 133 finished with value: 0.6369626522064209 and parameters: {'L1_hidden_dim': 208, 'L1_layers_atom': 1, 'L1_layers_mol': 3, 'L1_dropout': 0.025655254281264406, 'L1_out_dim': 64, 'L2_hidden_dim': 160, 'L2_layers_atom': 4, 'L2_layers_mol': 2, 'L2_out_dim': 32, 'L2_dropout': 0.005598141230945023, 'L3_hidden_dim': 112, 'L3_layers_atom': 1, 'L3_layers_mol': 4, 'L3_out_dim': 96, 'L3_dropout': 0.27556850610626343, 'n_mlp_layers': 2, 'mlp_dim_0': 432, 'mlp_dim_1': 88, 'num_heads': 1, 'final_dropout': 0.1538133603178937, 'train_learning_rate': 0.0068853491143843005, 'train_lr_reduce': 0.6}. Best is trial 127 with value: 0.010723394341766834.
[I 2024-12-24 14:58:37,330] Trial 131 finished with value: 0.011245914734899998 and parameters: {'L1_hidden_dim': 128, 'L1_layers_atom': 3, 'L1_layers_mol': 4, 'L1_dropout': 0.11012728734082494, 'L1_out_dim': 112, 'L2_hidden_dim': 128, 'L2_layers_atom': 4, 'L2_layers_mol': 1, 'L2_out_dim': 32, 'L2_dropout': 0.1635589350559548, 'L3_hidden_dim': 96, 'L3_layers_atom': 1, 'L3_layers_mol': 1, 'L3_out_dim': 112, 'L3_dropout': 0.16448574192447993, 'n_mlp_layers': 2, 'mlp_dim_0': 64, 'mlp_dim_1': 88, 'num_heads': 2, 'final_dropout': 0.18994850666592808, 'train_learning_rate': 0.00043177316014310867, 'train_lr_reduce': 0.6}. Best is trial 127 with value: 0.010723394341766834.
[I 2024-12-24 15:00:09,262] Trial 132 finished with value: 0.01180036086589098 and parameters: {'L1_hidden_dim': 80, 'L1_layers_atom': 2, 'L1_layers_mol': 4, 'L1_dropout': 0.008944004762765231, 'L1_out_dim': 80, 'L2_hidden_dim': 192, 'L2_layers_atom': 3, 'L2_layers_mol': 1, 'L2_out_dim': 32, 'L2_dropout': 0.049170725581449914, 'L3_hidden_dim': 96, 'L3_layers_atom': 1, 'L3_layers_mol': 1, 'L3_out_dim': 128, 'L3_dropout': 0.2680825503420812, 'n_mlp_layers': 3, 'mlp_dim_0': 200, 'mlp_dim_1': 160, 'mlp_dim_2': 248, 'num_heads': 1, 'final_dropout': 0.24581202680667885, 'train_learning_rate': 0.006240375639384054, 'train_lr_reduce': 0.6}. Best is trial 127 with value: 0.010723394341766834.
[I 2024-12-24 15:00:20,644] Trial 134 finished with value: 0.0125938905403018 and parameters: {'L1_hidden_dim': 240, 'L1_layers_atom': 1, 'L1_layers_mol': 3, 'L1_dropout': 0.009068694769616258, 'L1_out_dim': 80, 'L2_hidden_dim': 224, 'L2_layers_atom': 2, 'L2_layers_mol': 2, 'L2_out_dim': 32, 'L2_dropout': 0.2154910800315727, 'L3_hidden_dim': 112, 'L3_layers_atom': 2, 'L3_layers_mol': 4, 'L3_out_dim': 112, 'L3_dropout': 0.24947430291657202, 'n_mlp_layers': 1, 'mlp_dim_0': 504, 'num_heads': 1, 'final_dropout': 0.19633727853208666, 'train_learning_rate': 0.0013198742314820032, 'train_lr_reduce': 0.6}. Best is trial 127 with value: 0.010723394341766834.
[I 2024-12-24 15:01:46,898] Trial 135 finished with value: 0.020360149443149567 and parameters: {'L1_hidden_dim': 144, 'L1_layers_atom': 4, 'L1_layers_mol': 3, 'L1_dropout': 0.13013498746199184, 'L1_out_dim': 128, 'L2_hidden_dim': 128, 'L2_layers_atom': 4, 'L2_layers_mol': 1, 'L2_out_dim': 32, 'L2_dropout': 0.16931216348609676, 'L3_hidden_dim': 64, 'L3_layers_atom': 2, 'L3_layers_mol': 1, 'L3_out_dim': 80, 'L3_dropout': 0.1118862176990823, 'n_mlp_layers': 1, 'mlp_dim_0': 64, 'num_heads': 2, 'final_dropout': 0.21387682697711938, 'train_learning_rate': 0.0002470583744916602, 'train_lr_reduce': 0.6}. Best is trial 127 with value: 0.010723394341766834.
[I 2024-12-24 15:01:58,663] Trial 136 finished with value: 0.011004280298948288 and parameters: {'L1_hidden_dim': 112, 'L1_layers_atom': 1, 'L1_layers_mol': 3, 'L1_dropout': 0.04819517376207541, 'L1_out_dim': 112, 'L2_hidden_dim': 112, 'L2_layers_atom': 1, 'L2_layers_mol': 1, 'L2_out_dim': 32, 'L2_dropout': 0.1450292988209459, 'L3_hidden_dim': 128, 'L3_layers_atom': 3, 'L3_layers_mol': 1, 'L3_out_dim': 128, 'L3_dropout': 0.23402872082661147, 'n_mlp_layers': 3, 'mlp_dim_0': 384, 'mlp_dim_1': 80, 'mlp_dim_2': 224, 'num_heads': 2, 'final_dropout': 0.17224892329452357, 'train_learning_rate': 0.0006478659298547111, 'train_lr_reduce': 0.6}. Best is trial 127 with value: 0.010723394341766834.
[I 2024-12-24 15:03:11,832] Trial 137 finished with value: 0.011309981346130371 and parameters: {'L1_hidden_dim': 112, 'L1_layers_atom': 3, 'L1_layers_mol': 3, 'L1_dropout': 0.19009777093592473, 'L1_out_dim': 128, 'L2_hidden_dim': 176, 'L2_layers_atom': 3, 'L2_layers_mol': 1, 'L2_out_dim': 32, 'L2_dropout': 0.08839608842148158, 'L3_hidden_dim': 32, 'L3_layers_atom': 2, 'L3_layers_mol': 1, 'L3_out_dim': 112, 'L3_dropout': 0.29711910420289267, 'n_mlp_layers': 3, 'mlp_dim_0': 296, 'mlp_dim_1': 80, 'mlp_dim_2': 120, 'num_heads': 2, 'final_dropout': 0.025770666810289763, 'train_learning_rate': 0.0020508186426620918, 'train_lr_reduce': 0.6}. Best is trial 127 with value: 0.010723394341766834.
[I 2024-12-24 15:04:28,048] Trial 139 finished with value: 0.014369520358741283 and parameters: {'L1_hidden_dim': 96, 'L1_layers_atom': 1, 'L1_layers_mol': 4, 'L1_dropout': 0.012886584659274815, 'L1_out_dim': 128, 'L2_hidden_dim': 160, 'L2_layers_atom': 1, 'L2_layers_mol': 1, 'L2_out_dim': 32, 'L2_dropout': 0.1726687025453645, 'L3_hidden_dim': 128, 'L3_layers_atom': 3, 'L3_layers_mol': 1, 'L3_out_dim': 128, 'L3_dropout': 0.2590842622604109, 'n_mlp_layers': 3, 'mlp_dim_0': 408, 'mlp_dim_1': 48, 'mlp_dim_2': 224, 'num_heads': 2, 'final_dropout': 0.1473647458966312, 'train_learning_rate': 0.00012103195244784646, 'train_lr_reduce': 0.6}. Best is trial 127 with value: 0.010723394341766834.
[I 2024-12-24 15:04:33,605] Trial 138 finished with value: 0.01244572177529335 and parameters: {'L1_hidden_dim': 96, 'L1_layers_atom': 3, 'L1_layers_mol': 4, 'L1_dropout': 0.12011964895374394, 'L1_out_dim': 96, 'L2_hidden_dim': 96, 'L2_layers_atom': 4, 'L2_layers_mol': 2, 'L2_out_dim': 48, 'L2_dropout': 0.2170721704006625, 'L3_hidden_dim': 112, 'L3_layers_atom': 2, 'L3_layers_mol': 1, 'L3_out_dim': 96, 'L3_dropout': 0.20271942473762203, 'n_mlp_layers': 3, 'mlp_dim_0': 56, 'mlp_dim_1': 152, 'mlp_dim_2': 256, 'num_heads': 2, 'final_dropout': 0.21419766303827015, 'train_learning_rate': 0.0007904820423357186, 'train_lr_reduce': 0.6}. Best is trial 127 with value: 0.010723394341766834.
[I 2024-12-24 15:05:36,216] Trial 140 finished with value: 0.011711891740560532 and parameters: {'L1_hidden_dim': 112, 'L1_layers_atom': 3, 'L1_layers_mol': 3, 'L1_dropout': 0.1271202181036863, 'L1_out_dim': 128, 'L2_hidden_dim': 128, 'L2_layers_atom': 3, 'L2_layers_mol': 2, 'L2_out_dim': 48, 'L2_dropout': 0.14696029930810134, 'L3_hidden_dim': 32, 'L3_layers_atom': 2, 'L3_layers_mol': 1, 'L3_out_dim': 96, 'L3_dropout': 0.23360165473552919, 'n_mlp_layers': 3, 'mlp_dim_0': 304, 'mlp_dim_1': 48, 'mlp_dim_2': 128, 'num_heads': 2, 'final_dropout': 0.06141842143824259, 'train_learning_rate': 0.0011077528222062111, 'train_lr_reduce': 0.6}. Best is trial 127 with value: 0.010723394341766834.
[I 2024-12-24 15:05:49,209] Trial 142 finished with value: 0.013437272049486637 and parameters: {'L1_hidden_dim': 128, 'L1_layers_atom': 1, 'L1_layers_mol': 2, 'L1_dropout': 0.10913261953376202, 'L1_out_dim': 112, 'L2_hidden_dim': 80, 'L2_layers_atom': 1, 'L2_layers_mol': 1, 'L2_out_dim': 32, 'L2_dropout': 0.07497697902592654, 'L3_hidden_dim': 112, 'L3_layers_atom': 4, 'L3_layers_mol': 1, 'L3_out_dim': 96, 'L3_dropout': 0.2201580100641927, 'n_mlp_layers': 3, 'mlp_dim_0': 408, 'mlp_dim_1': 72, 'mlp_dim_2': 72, 'num_heads': 2, 'final_dropout': 0.20391971031243486, 'train_learning_rate': 0.001387839315037573, 'train_lr_reduce': 0.6}. Best is trial 127 with value: 0.010723394341766834.
[I 2024-12-24 15:06:17,348] Trial 141 finished with value: 0.011015395633876324 and parameters: {'L1_hidden_dim': 112, 'L1_layers_atom': 2, 'L1_layers_mol': 3, 'L1_dropout': 0.22794544649174683, 'L1_out_dim': 128, 'L2_hidden_dim': 160, 'L2_layers_atom': 4, 'L2_layers_mol': 2, 'L2_out_dim': 32, 'L2_dropout': 0.03500740149303112, 'L3_hidden_dim': 32, 'L3_layers_atom': 2, 'L3_layers_mol': 1, 'L3_out_dim': 112, 'L3_dropout': 0.2742015925510467, 'n_mlp_layers': 3, 'mlp_dim_0': 160, 'mlp_dim_1': 72, 'mlp_dim_2': 168, 'num_heads': 2, 'final_dropout': 0.05295786508638785, 'train_learning_rate': 0.006091987589703694, 'train_lr_reduce': 0.6}. Best is trial 127 with value: 0.010723394341766834.
[I 2024-12-24 15:06:39,495] Trial 145 finished with value: 0.9281070828437805 and parameters: {'L1_hidden_dim': 144, 'L1_layers_atom': 2, 'L1_layers_mol': 3, 'L1_dropout': 0.22606559351891056, 'L1_out_dim': 128, 'L2_hidden_dim': 128, 'L2_layers_atom': 3, 'L2_layers_mol': 3, 'L2_out_dim': 32, 'L2_dropout': 0.04320665108956986, 'L3_hidden_dim': 48, 'L3_layers_atom': 3, 'L3_layers_mol': 1, 'L3_out_dim': 112, 'L3_dropout': 0.27487577193162843, 'n_mlp_layers': 2, 'mlp_dim_0': 208, 'mlp_dim_1': 32, 'num_heads': 2, 'final_dropout': 0.04622811838149763, 'train_learning_rate': 0.009276435917818411, 'train_lr_reduce': 0.6}. Best is trial 127 with value: 0.010723394341766834.
[I 2024-12-24 15:07:18,135] Trial 144 finished with value: 0.01261252909898758 and parameters: {'L1_hidden_dim': 224, 'L1_layers_atom': 1, 'L1_layers_mol': 3, 'L1_dropout': 0.0457680551107026, 'L1_out_dim': 80, 'L2_hidden_dim': 128, 'L2_layers_atom': 2, 'L2_layers_mol': 3, 'L2_out_dim': 32, 'L2_dropout': 0.01203753575405278, 'L3_hidden_dim': 80, 'L3_layers_atom': 1, 'L3_layers_mol': 4, 'L3_out_dim': 128, 'L3_dropout': 0.23771027374451842, 'n_mlp_layers': 1, 'mlp_dim_0': 424, 'num_heads': 1, 'final_dropout': 0.03075482437123018, 'train_learning_rate': 0.004214863369555899, 'train_lr_reduce': 0.6}. Best is trial 127 with value: 0.010723394341766834.
[I 2024-12-24 15:07:44,943] Trial 146 finished with value: 0.014968052506446838 and parameters: {'L1_hidden_dim': 112, 'L1_layers_atom': 4, 'L1_layers_mol': 3, 'L1_dropout': 0.2624232077335656, 'L1_out_dim': 128, 'L2_hidden_dim': 240, 'L2_layers_atom': 3, 'L2_layers_mol': 1, 'L2_out_dim': 32, 'L2_dropout': 0.08924459219254971, 'L3_hidden_dim': 32, 'L3_layers_atom': 1, 'L3_layers_mol': 3, 'L3_out_dim': 112, 'L3_dropout': 0.2726287828576712, 'n_mlp_layers': 3, 'mlp_dim_0': 200, 'mlp_dim_1': 72, 'mlp_dim_2': 144, 'num_heads': 2, 'final_dropout': 0.12135581739428164, 'train_learning_rate': 0.0025505937024841194, 'train_lr_reduce': 0.6}. Best is trial 127 with value: 0.010723394341766834.
[I 2024-12-24 15:08:00,585] Trial 143 finished with value: 0.011441451497375965 and parameters: {'L1_hidden_dim': 144, 'L1_layers_atom': 2, 'L1_layers_mol': 3, 'L1_dropout': 0.056052272076752126, 'L1_out_dim': 128, 'L2_hidden_dim': 64, 'L2_layers_atom': 3, 'L2_layers_mol': 1, 'L2_out_dim': 32, 'L2_dropout': 0.10815146371938875, 'L3_hidden_dim': 96, 'L3_layers_atom': 3, 'L3_layers_mol': 1, 'L3_out_dim': 128, 'L3_dropout': 0.2223547882016418, 'n_mlp_layers': 3, 'mlp_dim_0': 56, 'mlp_dim_1': 88, 'mlp_dim_2': 176, 'num_heads': 2, 'final_dropout': 0.11656106475021356, 'train_learning_rate': 0.0004783977640439555, 'train_lr_reduce': 0.6}. Best is trial 127 with value: 0.010723394341766834.
[I 2024-12-24 15:08:56,501] Trial 147 finished with value: 0.010921316221356392 and parameters: {'L1_hidden_dim': 80, 'L1_layers_atom': 2, 'L1_layers_mol': 3, 'L1_dropout': 0.07588272437094562, 'L1_out_dim': 80, 'L2_hidden_dim': 128, 'L2_layers_atom': 2, 'L2_layers_mol': 2, 'L2_out_dim': 32, 'L2_dropout': 0.14355206193474163, 'L3_hidden_dim': 128, 'L3_layers_atom': 3, 'L3_layers_mol': 1, 'L3_out_dim': 128, 'L3_dropout': 0.2871439633987125, 'n_mlp_layers': 3, 'mlp_dim_0': 360, 'mlp_dim_1': 80, 'mlp_dim_2': 192, 'num_heads': 2, 'final_dropout': 0.1978452141698569, 'train_learning_rate': 0.001887268262694171, 'train_lr_reduce': 0.6}. Best is trial 127 with value: 0.010723394341766834.
[I 2024-12-24 15:09:39,376] Trial 149 finished with value: 0.010916953906416893 and parameters: {'L1_hidden_dim': 144, 'L1_layers_atom': 2, 'L1_layers_mol': 4, 'L1_dropout': 0.050984733284419534, 'L1_out_dim': 112, 'L2_hidden_dim': 224, 'L2_layers_atom': 4, 'L2_layers_mol': 1, 'L2_out_dim': 48, 'L2_dropout': 0.044022780317875126, 'L3_hidden_dim': 80, 'L3_layers_atom': 2, 'L3_layers_mol': 1, 'L3_out_dim': 112, 'L3_dropout': 0.2458423781757455, 'n_mlp_layers': 1, 'mlp_dim_0': 256, 'num_heads': 1, 'final_dropout': 0.06982779027591395, 'train_learning_rate': 0.0033673207121890716, 'train_lr_reduce': 0.6}. Best is trial 127 with value: 0.010723394341766834.
[I 2024-12-24 15:10:18,277] Trial 148 finished with value: 0.016739439219236374 and parameters: {'L1_hidden_dim': 80, 'L1_layers_atom': 2, 'L1_layers_mol': 2, 'L1_dropout': 0.018075817688011097, 'L1_out_dim': 64, 'L2_hidden_dim': 208, 'L2_layers_atom': 3, 'L2_layers_mol': 2, 'L2_out_dim': 32, 'L2_dropout': 0.18827187860261524, 'L3_hidden_dim': 80, 'L3_layers_atom': 3, 'L3_layers_mol': 2, 'L3_out_dim': 128, 'L3_dropout': 0.2954173289930231, 'n_mlp_layers': 3, 'mlp_dim_0': 304, 'mlp_dim_1': 88, 'mlp_dim_2': 152, 'num_heads': 1, 'final_dropout': 0.10866614910573207, 'train_learning_rate': 0.0004086356316544754, 'train_lr_reduce': 0.6}. Best is trial 127 with value: 0.010723394341766834.
[I 2024-12-24 15:10:51,028] Trial 151 finished with value: 0.014292176812887192 and parameters: {'L1_hidden_dim': 96, 'L1_layers_atom': 2, 'L1_layers_mol': 2, 'L1_dropout': 0.255484737473503, 'L1_out_dim': 128, 'L2_hidden_dim': 208, 'L2_layers_atom': 2, 'L2_layers_mol': 1, 'L2_out_dim': 48, 'L2_dropout': 0.11275580526946866, 'L3_hidden_dim': 32, 'L3_layers_atom': 1, 'L3_layers_mol': 1, 'L3_out_dim': 128, 'L3_dropout': 0.26568605276830193, 'n_mlp_layers': 3, 'mlp_dim_0': 200, 'mlp_dim_1': 96, 'mlp_dim_2': 240, 'num_heads': 2, 'final_dropout': 0.003639669306361764, 'train_learning_rate': 0.001059970748559526, 'train_lr_reduce': 0.6}. Best is trial 127 with value: 0.010723394341766834.
[I 2024-12-24 15:11:30,228] Trial 150 finished with value: 0.01091619860380888 and parameters: {'L1_hidden_dim': 80, 'L1_layers_atom': 2, 'L1_layers_mol': 3, 'L1_dropout': 0.04623263358291349, 'L1_out_dim': 96, 'L2_hidden_dim': 144, 'L2_layers_atom': 3, 'L2_layers_mol': 2, 'L2_out_dim': 48, 'L2_dropout': 0.010270851803882236, 'L3_hidden_dim': 96, 'L3_layers_atom': 3, 'L3_layers_mol': 1, 'L3_out_dim': 128, 'L3_dropout': 0.2905072277004433, 'n_mlp_layers': 3, 'mlp_dim_0': 352, 'mlp_dim_1': 96, 'mlp_dim_2': 208, 'num_heads': 2, 'final_dropout': 0.22741265339954916, 'train_learning_rate': 0.0005668190648433307, 'train_lr_reduce': 0.6}. Best is trial 127 with value: 0.010723394341766834.
[I 2024-12-24 15:11:43,519] Trial 152 finished with value: 0.012471660040318966 and parameters: {'L1_hidden_dim': 144, 'L1_layers_atom': 2, 'L1_layers_mol': 4, 'L1_dropout': 0.01333789343955624, 'L1_out_dim': 96, 'L2_hidden_dim': 256, 'L2_layers_atom': 4, 'L2_layers_mol': 1, 'L2_out_dim': 32, 'L2_dropout': 0.09733078338600817, 'L3_hidden_dim': 64, 'L3_layers_atom': 3, 'L3_layers_mol': 1, 'L3_out_dim': 128, 'L3_dropout': 0.25781902014805014, 'n_mlp_layers': 2, 'mlp_dim_0': 232, 'mlp_dim_1': 96, 'num_heads': 1, 'final_dropout': 0.10171980108444774, 'train_learning_rate': 0.00307965771530412, 'train_lr_reduce': 0.6}. Best is trial 127 with value: 0.010723394341766834.
[I 2024-12-24 15:12:40,871] Trial 153 finished with value: 0.011438851244747639 and parameters: {'L1_hidden_dim': 208, 'L1_layers_atom': 3, 'L1_layers_mol': 3, 'L1_dropout': 0.03213504227238387, 'L1_out_dim': 112, 'L2_hidden_dim': 160, 'L2_layers_atom': 4, 'L2_layers_mol': 2, 'L2_out_dim': 32, 'L2_dropout': 0.162197231190922, 'L3_hidden_dim': 112, 'L3_layers_atom': 1, 'L3_layers_mol': 1, 'L3_out_dim': 128, 'L3_dropout': 0.1519571976051377, 'n_mlp_layers': 2, 'mlp_dim_0': 64, 'mlp_dim_1': 88, 'num_heads': 2, 'final_dropout': 0.23449244445512507, 'train_learning_rate': 0.0013345747432567555, 'train_lr_reduce': 0.6}. Best is trial 127 with value: 0.010723394341766834.
[I 2024-12-24 15:12:51,002] Trial 154 finished with value: 0.011895922012627125 and parameters: {'L1_hidden_dim': 96, 'L1_layers_atom': 2, 'L1_layers_mol': 3, 'L1_dropout': 0.07148878932301536, 'L1_out_dim': 96, 'L2_hidden_dim': 64, 'L2_layers_atom': 2, 'L2_layers_mol': 2, 'L2_out_dim': 32, 'L2_dropout': 0.17321712427492128, 'L3_hidden_dim': 128, 'L3_layers_atom': 2, 'L3_layers_mol': 2, 'L3_out_dim': 112, 'L3_dropout': 0.2661825012945554, 'n_mlp_layers': 3, 'mlp_dim_0': 384, 'mlp_dim_1': 96, 'mlp_dim_2': 216, 'num_heads': 2, 'final_dropout': 0.25059628431569897, 'train_learning_rate': 0.002172809021833201, 'train_lr_reduce': 0.6}. Best is trial 127 with value: 0.010723394341766834.
[I 2024-12-24 15:13:45,841] Trial 155 finished with value: 0.010888329707086086 and parameters: {'L1_hidden_dim': 64, 'L1_layers_atom': 2, 'L1_layers_mol': 4, 'L1_dropout': 0.0038694727076226954, 'L1_out_dim': 80, 'L2_hidden_dim': 128, 'L2_layers_atom': 3, 'L2_layers_mol': 3, 'L2_out_dim': 48, 'L2_dropout': 0.14904521248079713, 'L3_hidden_dim': 112, 'L3_layers_atom': 4, 'L3_layers_mol': 1, 'L3_out_dim': 128, 'L3_dropout': 0.2530930225349759, 'n_mlp_layers': 3, 'mlp_dim_0': 472, 'mlp_dim_1': 112, 'mlp_dim_2': 216, 'num_heads': 2, 'final_dropout': 0.05782671401341585, 'train_learning_rate': 0.0019108602269423472, 'train_lr_reduce': 0.6}. Best is trial 127 with value: 0.010723394341766834.
[I 2024-12-24 15:15:05,935] Trial 156 finished with value: 0.011748891323804855 and parameters: {'L1_hidden_dim': 128, 'L1_layers_atom': 2, 'L1_layers_mol': 2, 'L1_dropout': 0.10654287505816129, 'L1_out_dim': 96, 'L2_hidden_dim': 160, 'L2_layers_atom': 3, 'L2_layers_mol': 1, 'L2_out_dim': 48, 'L2_dropout': 0.006119779707226047, 'L3_hidden_dim': 128, 'L3_layers_atom': 3, 'L3_layers_mol': 1, 'L3_out_dim': 96, 'L3_dropout': 0.29194416490849767, 'n_mlp_layers': 2, 'mlp_dim_0': 360, 'mlp_dim_1': 96, 'num_heads': 2, 'final_dropout': 0.28476374198164467, 'train_learning_rate': 0.0018698950586005692, 'train_lr_reduce': 0.6}. Best is trial 127 with value: 0.010723394341766834.
[I 2024-12-24 15:15:17,802] Trial 157 finished with value: 0.016599684953689575 and parameters: {'L1_hidden_dim': 80, 'L1_layers_atom': 3, 'L1_layers_mol': 3, 'L1_dropout': 0.050158350920555116, 'L1_out_dim': 80, 'L2_hidden_dim': 160, 'L2_layers_atom': 2, 'L2_layers_mol': 3, 'L2_out_dim': 48, 'L2_dropout': 0.06795304479620404, 'L3_hidden_dim': 80, 'L3_layers_atom': 3, 'L3_layers_mol': 1, 'L3_out_dim': 128, 'L3_dropout': 0.285737846876632, 'n_mlp_layers': 3, 'mlp_dim_0': 416, 'mlp_dim_1': 104, 'mlp_dim_2': 200, 'num_heads': 2, 'final_dropout': 0.24940759554055886, 'train_learning_rate': 0.00013272357455984492, 'train_lr_reduce': 0.6}. Best is trial 127 with value: 0.010723394341766834.
[I 2024-12-24 15:16:41,278] Trial 159 finished with value: 0.017041172832250595 and parameters: {'L1_hidden_dim': 192, 'L1_layers_atom': 4, 'L1_layers_mol': 4, 'L1_dropout': 0.17481389669581238, 'L1_out_dim': 96, 'L2_hidden_dim': 160, 'L2_layers_atom': 3, 'L2_layers_mol': 1, 'L2_out_dim': 32, 'L2_dropout': 0.29174982638793334, 'L3_hidden_dim': 112, 'L3_layers_atom': 1, 'L3_layers_mol': 1, 'L3_out_dim': 128, 'L3_dropout': 0.19232329958780994, 'n_mlp_layers': 2, 'mlp_dim_0': 232, 'mlp_dim_1': 136, 'num_heads': 2, 'final_dropout': 0.12156012253377428, 'train_learning_rate': 0.0003179442359670026, 'train_lr_reduce': 0.6}. Best is trial 127 with value: 0.010723394341766834.
[I 2024-12-24 15:17:15,701] Trial 160 finished with value: 0.01194391306489706 and parameters: {'L1_hidden_dim': 96, 'L1_layers_atom': 2, 'L1_layers_mol': 3, 'L1_dropout': 0.2690559593310321, 'L1_out_dim': 128, 'L2_hidden_dim': 144, 'L2_layers_atom': 4, 'L2_layers_mol': 1, 'L2_out_dim': 32, 'L2_dropout': 0.018160981797065216, 'L3_hidden_dim': 32, 'L3_layers_atom': 2, 'L3_layers_mol': 1, 'L3_out_dim': 128, 'L3_dropout': 0.2886351560397075, 'n_mlp_layers': 3, 'mlp_dim_0': 256, 'mlp_dim_1': 112, 'mlp_dim_2': 208, 'num_heads': 2, 'final_dropout': 0.013187309537431142, 'train_learning_rate': 0.009138378079239317, 'train_lr_reduce': 0.6}. Best is trial 127 with value: 0.010723394341766834.
