[I 2024-12-26 08:23:43,207] Trial 2185 finished with value: 0.08868565410375595 and parameters: {'L1_hidden_dim': 128, 'L1_layers_atom': 4, 'L1_layers_mol': 3, 'L1_dropout': 0.15617969278538743, 'L1_out_dim': 80, 'L2_hidden_dim': 256, 'L2_layers_atom': 1, 'L2_layers_mol': 1, 'L2_out_dim': 128, 'L2_dropout': 0.012481741357703233, 'L3_hidden_dim': 128, 'L3_layers_atom': 4, 'L3_layers_mol': 1, 'L3_out_dim': 96, 'L3_dropout': 0.2809677117929824, 'n_mlp_layers': 2, 'mlp_dim_0': 48, 'mlp_dim_1': 328, 'num_heads': 2, 'final_dropout': 0.015851082496575873, 'train_learning_rate': 0.004430343498844187, 'train_lr_reduce': 0.6}. Best is trial 1286 with value: 0.03935658559203148.
[I 2024-12-26 08:24:03,829] Trial 2187 finished with value: 0.22509239614009857 and parameters: {'L1_hidden_dim': 64, 'L1_layers_atom': 4, 'L1_layers_mol': 2, 'L1_dropout': 0.22894262203638616, 'L1_out_dim': 64, 'L2_hidden_dim': 64, 'L2_layers_atom': 1, 'L2_layers_mol': 4, 'L2_out_dim': 96, 'L2_dropout': 0.14240959184892527, 'L3_hidden_dim': 32, 'L3_layers_atom': 2, 'L3_layers_mol': 1, 'L3_out_dim': 128, 'L3_dropout': 0.056241157048348395, 'n_mlp_layers': 2, 'mlp_dim_0': 376, 'mlp_dim_1': 480, 'num_heads': 1, 'final_dropout': 0.20397780254726072, 'train_learning_rate': 0.0012872010061889508, 'train_lr_reduce': 0.6}. Best is trial 1286 with value: 0.03935658559203148.
[I 2024-12-26 08:25:20,141] Trial 2188 finished with value: 0.09339839220046997 and parameters: {'L1_hidden_dim': 224, 'L1_layers_atom': 4, 'L1_layers_mol': 1, 'L1_dropout': 0.22390967060104397, 'L1_out_dim': 128, 'L2_hidden_dim': 80, 'L2_layers_atom': 2, 'L2_layers_mol': 1, 'L2_out_dim': 112, 'L2_dropout': 0.27332337867217205, 'L3_hidden_dim': 64, 'L3_layers_atom': 1, 'L3_layers_mol': 3, 'L3_out_dim': 80, 'L3_dropout': 0.26259310573211997, 'n_mlp_layers': 3, 'mlp_dim_0': 416, 'mlp_dim_1': 376, 'mlp_dim_2': 144, 'num_heads': 2, 'final_dropout': 0.26792334174652843, 'train_learning_rate': 0.0028714022588003313, 'train_lr_reduce': 0.6}. Best is trial 1286 with value: 0.03935658559203148.
[I 2024-12-26 08:25:20,753] Trial 2189 finished with value: 0.15577909350395203 and parameters: {'L1_hidden_dim': 192, 'L1_layers_atom': 3, 'L1_layers_mol': 2, 'L1_dropout': 0.02856850312506118, 'L1_out_dim': 128, 'L2_hidden_dim': 176, 'L2_layers_atom': 3, 'L2_layers_mol': 3, 'L2_out_dim': 48, 'L2_dropout': 0.2996558541669163, 'L3_hidden_dim': 48, 'L3_layers_atom': 1, 'L3_layers_mol': 4, 'L3_out_dim': 112, 'L3_dropout': 0.1886910894949184, 'n_mlp_layers': 2, 'mlp_dim_0': 272, 'mlp_dim_1': 352, 'num_heads': 1, 'final_dropout': 0.2757845978551853, 'train_learning_rate': 0.0005980575296042138, 'train_lr_reduce': 0.6}. Best is trial 1286 with value: 0.03935658559203148.
[I 2024-12-26 08:26:02,123] Trial 2190 finished with value: 0.08434870839118958 and parameters: {'L1_hidden_dim': 80, 'L1_layers_atom': 3, 'L1_layers_mol': 3, 'L1_dropout': 0.2939029446701459, 'L1_out_dim': 96, 'L2_hidden_dim': 144, 'L2_layers_atom': 2, 'L2_layers_mol': 2, 'L2_out_dim': 112, 'L2_dropout': 0.042364164080718025, 'L3_hidden_dim': 96, 'L3_layers_atom': 4, 'L3_layers_mol': 1, 'L3_out_dim': 112, 'L3_dropout': 0.08773907893043126, 'n_mlp_layers': 1, 'mlp_dim_0': 336, 'num_heads': 2, 'final_dropout': 0.1421575633036493, 'train_learning_rate': 0.0023130334280378165, 'train_lr_reduce': 0.6}. Best is trial 1286 with value: 0.03935658559203148.
[I 2024-12-26 08:26:42,766] Trial 2192 finished with value: 0.07424359023571014 and parameters: {'L1_hidden_dim': 80, 'L1_layers_atom': 2, 'L1_layers_mol': 3, 'L1_dropout': 0.26032756126729883, 'L1_out_dim': 112, 'L2_hidden_dim': 160, 'L2_layers_atom': 2, 'L2_layers_mol': 2, 'L2_out_dim': 80, 'L2_dropout': 0.02022898987384504, 'L3_hidden_dim': 112, 'L3_layers_atom': 3, 'L3_layers_mol': 1, 'L3_out_dim': 80, 'L3_dropout': 0.15097353284131518, 'n_mlp_layers': 2, 'mlp_dim_0': 224, 'mlp_dim_1': 304, 'num_heads': 1, 'final_dropout': 0.10983212687636097, 'train_learning_rate': 0.0027483054175735035, 'train_lr_reduce': 0.6}. Best is trial 1286 with value: 0.03935658559203148.
[I 2024-12-26 08:26:50,408] Trial 2191 finished with value: 0.09665405750274658 and parameters: {'L1_hidden_dim': 144, 'L1_layers_atom': 4, 'L1_layers_mol': 4, 'L1_dropout': 0.21801175137083328, 'L1_out_dim': 32, 'L2_hidden_dim': 144, 'L2_layers_atom': 2, 'L2_layers_mol': 2, 'L2_out_dim': 128, 'L2_dropout': 0.0013164206995133765, 'L3_hidden_dim': 64, 'L3_layers_atom': 2, 'L3_layers_mol': 4, 'L3_out_dim': 128, 'L3_dropout': 0.11359074875084499, 'n_mlp_layers': 2, 'mlp_dim_0': 360, 'mlp_dim_1': 256, 'num_heads': 2, 'final_dropout': 0.27495821855932023, 'train_learning_rate': 0.003972056585564431, 'train_lr_reduce': 0.6}. Best is trial 1286 with value: 0.03935658559203148.
[I 2024-12-26 08:28:11,882] Trial 2193 finished with value: 0.14537298679351807 and parameters: {'L1_hidden_dim': 192, 'L1_layers_atom': 1, 'L1_layers_mol': 2, 'L1_dropout': 0.036087613275520666, 'L1_out_dim': 112, 'L2_hidden_dim': 224, 'L2_layers_atom': 1, 'L2_layers_mol': 4, 'L2_out_dim': 112, 'L2_dropout': 0.279102678600028, 'L3_hidden_dim': 96, 'L3_layers_atom': 3, 'L3_layers_mol': 4, 'L3_out_dim': 112, 'L3_dropout': 0.1498387044115468, 'n_mlp_layers': 3, 'mlp_dim_0': 376, 'mlp_dim_1': 424, 'mlp_dim_2': 72, 'num_heads': 2, 'final_dropout': 0.18659743008134314, 'train_learning_rate': 0.00015084752647368357, 'train_lr_reduce': 0.6}. Best is trial 1286 with value: 0.03935658559203148.
[I 2024-12-26 08:28:20,225] Trial 2195 finished with value: 0.06045044958591461 and parameters: {'L1_hidden_dim': 112, 'L1_layers_atom': 1, 'L1_layers_mol': 3, 'L1_dropout': 0.2972983981629015, 'L1_out_dim': 64, 'L2_hidden_dim': 256, 'L2_layers_atom': 1, 'L2_layers_mol': 4, 'L2_out_dim': 128, 'L2_dropout': 0.13595263537536928, 'L3_hidden_dim': 64, 'L3_layers_atom': 4, 'L3_layers_mol': 2, 'L3_out_dim': 96, 'L3_dropout': 0.25124379283674225, 'n_mlp_layers': 3, 'mlp_dim_0': 152, 'mlp_dim_1': 480, 'mlp_dim_2': 112, 'num_heads': 1, 'final_dropout': 0.16543139261681533, 'train_learning_rate': 0.0024777659513497627, 'train_lr_reduce': 0.6}. Best is trial 1286 with value: 0.03935658559203148.
[I 2024-12-26 08:28:42,405] Trial 2194 finished with value: 0.23770186305046082 and parameters: {'L1_hidden_dim': 160, 'L1_layers_atom': 3, 'L1_layers_mol': 1, 'L1_dropout': 0.24848104587671382, 'L1_out_dim': 64, 'L2_hidden_dim': 80, 'L2_layers_atom': 1, 'L2_layers_mol': 3, 'L2_out_dim': 48, 'L2_dropout': 0.18419580052967882, 'L3_hidden_dim': 96, 'L3_layers_atom': 1, 'L3_layers_mol': 4, 'L3_out_dim': 48, 'L3_dropout': 0.2559167939969762, 'n_mlp_layers': 1, 'mlp_dim_0': 64, 'num_heads': 1, 'final_dropout': 0.08427283496711947, 'train_learning_rate': 0.0001383784490198483, 'train_lr_reduce': 0.6}. Best is trial 1286 with value: 0.03935658559203148.
[I 2024-12-26 08:29:40,671] Trial 2197 finished with value: 0.08557640761137009 and parameters: {'L1_hidden_dim': 128, 'L1_layers_atom': 4, 'L1_layers_mol': 3, 'L1_dropout': 0.18840104853130563, 'L1_out_dim': 64, 'L2_hidden_dim': 208, 'L2_layers_atom': 2, 'L2_layers_mol': 2, 'L2_out_dim': 64, 'L2_dropout': 0.014077896080370833, 'L3_hidden_dim': 128, 'L3_layers_atom': 4, 'L3_layers_mol': 2, 'L3_out_dim': 32, 'L3_dropout': 0.2146068431300922, 'n_mlp_layers': 3, 'mlp_dim_0': 192, 'mlp_dim_1': 448, 'mlp_dim_2': 64, 'num_heads': 1, 'final_dropout': 0.045253255037217756, 'train_learning_rate': 0.0018299189241704275, 'train_lr_reduce': 0.6}. Best is trial 1286 with value: 0.03935658559203148.
[I 2024-12-26 08:29:48,197] Trial 2196 finished with value: 0.0728684812784195 and parameters: {'L1_hidden_dim': 80, 'L1_layers_atom': 4, 'L1_layers_mol': 4, 'L1_dropout': 0.2417189132998797, 'L1_out_dim': 80, 'L2_hidden_dim': 256, 'L2_layers_atom': 1, 'L2_layers_mol': 1, 'L2_out_dim': 128, 'L2_dropout': 0.03554181371609298, 'L3_hidden_dim': 96, 'L3_layers_atom': 3, 'L3_layers_mol': 1, 'L3_out_dim': 64, 'L3_dropout': 0.1334564715457693, 'n_mlp_layers': 2, 'mlp_dim_0': 256, 'mlp_dim_1': 408, 'num_heads': 2, 'final_dropout': 0.16433890867078474, 'train_learning_rate': 0.001476854809618958, 'train_lr_reduce': 0.6}. Best is trial 1286 with value: 0.03935658559203148.
[I 2024-12-26 08:30:46,378] Trial 2199 finished with value: 0.0972958505153656 and parameters: {'L1_hidden_dim': 208, 'L1_layers_atom': 1, 'L1_layers_mol': 1, 'L1_dropout': 0.1465757921623583, 'L1_out_dim': 32, 'L2_hidden_dim': 192, 'L2_layers_atom': 4, 'L2_layers_mol': 4, 'L2_out_dim': 96, 'L2_dropout': 0.04821742440149587, 'L3_hidden_dim': 48, 'L3_layers_atom': 3, 'L3_layers_mol': 3, 'L3_out_dim': 80, 'L3_dropout': 0.06196935551507471, 'n_mlp_layers': 3, 'mlp_dim_0': 232, 'mlp_dim_1': 368, 'mlp_dim_2': 112, 'num_heads': 2, 'final_dropout': 0.019906633184527955, 'train_learning_rate': 0.0032231987523309116, 'train_lr_reduce': 0.6}. Best is trial 1286 with value: 0.03935658559203148.
[I 2024-12-26 08:31:26,658] Trial 2200 finished with value: 0.07397206127643585 and parameters: {'L1_hidden_dim': 144, 'L1_layers_atom': 4, 'L1_layers_mol': 4, 'L1_dropout': 0.1758878606196752, 'L1_out_dim': 64, 'L2_hidden_dim': 240, 'L2_layers_atom': 3, 'L2_layers_mol': 4, 'L2_out_dim': 48, 'L2_dropout': 0.01416221597877311, 'L3_hidden_dim': 80, 'L3_layers_atom': 4, 'L3_layers_mol': 1, 'L3_out_dim': 32, 'L3_dropout': 0.24891543473046837, 'n_mlp_layers': 2, 'mlp_dim_0': 184, 'mlp_dim_1': 296, 'num_heads': 1, 'final_dropout': 0.0060823397808650835, 'train_learning_rate': 0.0007288714777549719, 'train_lr_reduce': 0.6}. Best is trial 1286 with value: 0.03935658559203148.
[I 2024-12-26 08:31:27,352] Trial 2198 finished with value: 0.1040746197104454 and parameters: {'L1_hidden_dim': 112, 'L1_layers_atom': 4, 'L1_layers_mol': 4, 'L1_dropout': 0.09727029620627242, 'L1_out_dim': 32, 'L2_hidden_dim': 96, 'L2_layers_atom': 3, 'L2_layers_mol': 2, 'L2_out_dim': 48, 'L2_dropout': 0.11224474256785755, 'L3_hidden_dim': 48, 'L3_layers_atom': 3, 'L3_layers_mol': 4, 'L3_out_dim': 80, 'L3_dropout': 0.28624284736178185, 'n_mlp_layers': 3, 'mlp_dim_0': 376, 'mlp_dim_1': 208, 'mlp_dim_2': 176, 'num_heads': 2, 'final_dropout': 0.21697549719923356, 'train_learning_rate': 0.0006012610100098888, 'train_lr_reduce': 0.6}. Best is trial 1286 with value: 0.03935658559203148.
[I 2024-12-26 08:32:30,031] Trial 2203 finished with value: 0.05893072485923767 and parameters: {'L1_hidden_dim': 64, 'L1_layers_atom': 4, 'L1_layers_mol': 4, 'L1_dropout': 0.23509275089958898, 'L1_out_dim': 80, 'L2_hidden_dim': 208, 'L2_layers_atom': 1, 'L2_layers_mol': 1, 'L2_out_dim': 96, 'L2_dropout': 0.027903151911464367, 'L3_hidden_dim': 96, 'L3_layers_atom': 4, 'L3_layers_mol': 1, 'L3_out_dim': 64, 'L3_dropout': 0.17097008810264175, 'n_mlp_layers': 2, 'mlp_dim_0': 256, 'mlp_dim_1': 472, 'num_heads': 1, 'final_dropout': 0.14008440787002416, 'train_learning_rate': 0.0015080450211336193, 'train_lr_reduce': 0.6}. Best is trial 1286 with value: 0.03935658559203148.
[I 2024-12-26 08:32:45,254] Trial 2201 finished with value: 0.09098208695650101 and parameters: {'L1_hidden_dim': 64, 'L1_layers_atom': 4, 'L1_layers_mol': 4, 'L1_dropout': 0.2569603837210211, 'L1_out_dim': 112, 'L2_hidden_dim': 144, 'L2_layers_atom': 2, 'L2_layers_mol': 2, 'L2_out_dim': 128, 'L2_dropout': 0.09059230955240695, 'L3_hidden_dim': 112, 'L3_layers_atom': 4, 'L3_layers_mol': 1, 'L3_out_dim': 112, 'L3_dropout': 0.009240266954943371, 'n_mlp_layers': 2, 'mlp_dim_0': 248, 'mlp_dim_1': 512, 'num_heads': 2, 'final_dropout': 0.20661599896122718, 'train_learning_rate': 0.003467764452699945, 'train_lr_reduce': 0.6}. Best is trial 1286 with value: 0.03935658559203148.
[I 2024-12-26 08:32:54,733] Trial 2202 finished with value: 0.08755109459161758 and parameters: {'L1_hidden_dim': 96, 'L1_layers_atom': 4, 'L1_layers_mol': 2, 'L1_dropout': 0.18535051890978574, 'L1_out_dim': 32, 'L2_hidden_dim': 160, 'L2_layers_atom': 3, 'L2_layers_mol': 4, 'L2_out_dim': 80, 'L2_dropout': 0.012859149923017421, 'L3_hidden_dim': 80, 'L3_layers_atom': 4, 'L3_layers_mol': 1, 'L3_out_dim': 48, 'L3_dropout': 0.2358983921604954, 'n_mlp_layers': 3, 'mlp_dim_0': 128, 'mlp_dim_1': 408, 'mlp_dim_2': 32, 'num_heads': 1, 'final_dropout': 0.01814364678089577, 'train_learning_rate': 0.0015940092300206954, 'train_lr_reduce': 0.6}. Best is trial 1286 with value: 0.03935658559203148.
[I 2024-12-26 08:34:03,345] Trial 2204 finished with value: 0.09446344524621964 and parameters: {'L1_hidden_dim': 112, 'L1_layers_atom': 3, 'L1_layers_mol': 3, 'L1_dropout': 0.2704994209181472, 'L1_out_dim': 80, 'L2_hidden_dim': 192, 'L2_layers_atom': 1, 'L2_layers_mol': 2, 'L2_out_dim': 32, 'L2_dropout': 0.0913345629174254, 'L3_hidden_dim': 64, 'L3_layers_atom': 4, 'L3_layers_mol': 4, 'L3_out_dim': 96, 'L3_dropout': 0.04653006409273211, 'n_mlp_layers': 3, 'mlp_dim_0': 392, 'mlp_dim_1': 336, 'mlp_dim_2': 144, 'num_heads': 1, 'final_dropout': 0.12991296462259527, 'train_learning_rate': 0.0032850546058668557, 'train_lr_reduce': 0.6}. Best is trial 1286 with value: 0.03935658559203148.
[I 2024-12-26 08:34:37,619] Trial 2205 finished with value: 0.08890051394701004 and parameters: {'L1_hidden_dim': 144, 'L1_layers_atom': 4, 'L1_layers_mol': 2, 'L1_dropout': 0.13895685796287227, 'L1_out_dim': 48, 'L2_hidden_dim': 176, 'L2_layers_atom': 4, 'L2_layers_mol': 3, 'L2_out_dim': 32, 'L2_dropout': 0.0725122750535203, 'L3_hidden_dim': 48, 'L3_layers_atom': 4, 'L3_layers_mol': 4, 'L3_out_dim': 96, 'L3_dropout': 0.009008048026458288, 'n_mlp_layers': 2, 'mlp_dim_0': 248, 'mlp_dim_1': 440, 'num_heads': 2, 'final_dropout': 0.1771937049109582, 'train_learning_rate': 0.001148351144872575, 'train_lr_reduce': 0.6}. Best is trial 1286 with value: 0.03935658559203148.
[I 2024-12-26 08:34:48,427] Trial 2206 finished with value: 0.08683208376169205 and parameters: {'L1_hidden_dim': 80, 'L1_layers_atom': 1, 'L1_layers_mol': 2, 'L1_dropout': 0.20792627598252025, 'L1_out_dim': 64, 'L2_hidden_dim': 224, 'L2_layers_atom': 4, 'L2_layers_mol': 3, 'L2_out_dim': 128, 'L2_dropout': 0.1380313615238403, 'L3_hidden_dim': 64, 'L3_layers_atom': 3, 'L3_layers_mol': 1, 'L3_out_dim': 128, 'L3_dropout': 0.18757651444601905, 'n_mlp_layers': 3, 'mlp_dim_0': 512, 'mlp_dim_1': 376, 'mlp_dim_2': 72, 'num_heads': 1, 'final_dropout': 0.0156664526717863, 'train_learning_rate': 0.002691216439765403, 'train_lr_reduce': 0.6}. Best is trial 1286 with value: 0.03935658559203148.
[I 2024-12-26 08:36:03,123] Trial 2207 finished with value: 0.07872489094734192 and parameters: {'L1_hidden_dim': 64, 'L1_layers_atom': 2, 'L1_layers_mol': 3, 'L1_dropout': 0.2938022935742116, 'L1_out_dim': 64, 'L2_hidden_dim': 176, 'L2_layers_atom': 2, 'L2_layers_mol': 3, 'L2_out_dim': 112, 'L2_dropout': 0.011746277141602772, 'L3_hidden_dim': 128, 'L3_layers_atom': 3, 'L3_layers_mol': 1, 'L3_out_dim': 128, 'L3_dropout': 0.19966018361174354, 'n_mlp_layers': 1, 'mlp_dim_0': 192, 'num_heads': 2, 'final_dropout': 0.08278228234735611, 'train_learning_rate': 0.0035403723402510725, 'train_lr_reduce': 0.6}. Best is trial 1286 with value: 0.03935658559203148.
[I 2024-12-26 08:36:27,905] Trial 2208 finished with value: 0.10080467164516449 and parameters: {'L1_hidden_dim': 80, 'L1_layers_atom': 4, 'L1_layers_mol': 4, 'L1_dropout': 0.1155105437216381, 'L1_out_dim': 80, 'L2_hidden_dim': 256, 'L2_layers_atom': 2, 'L2_layers_mol': 1, 'L2_out_dim': 112, 'L2_dropout': 0.04156476205316752, 'L3_hidden_dim': 112, 'L3_layers_atom': 3, 'L3_layers_mol': 2, 'L3_out_dim': 112, 'L3_dropout': 0.24592065185676432, 'n_mlp_layers': 2, 'mlp_dim_0': 224, 'mlp_dim_1': 272, 'num_heads': 2, 'final_dropout': 0.04349484293988223, 'train_learning_rate': 0.0058759942282858545, 'train_lr_reduce': 0.6}. Best is trial 1286 with value: 0.03935658559203148.
[I 2024-12-26 08:36:42,948] Trial 2209 finished with value: 0.07530110329389572 and parameters: {'L1_hidden_dim': 96, 'L1_layers_atom': 3, 'L1_layers_mol': 2, 'L1_dropout': 0.26892819088220404, 'L1_out_dim': 80, 'L2_hidden_dim': 256, 'L2_layers_atom': 2, 'L2_layers_mol': 2, 'L2_out_dim': 48, 'L2_dropout': 0.049300223793363934, 'L3_hidden_dim': 32, 'L3_layers_atom': 3, 'L3_layers_mol': 4, 'L3_out_dim': 80, 'L3_dropout': 0.030208954934234512, 'n_mlp_layers': 3, 'mlp_dim_0': 320, 'mlp_dim_1': 472, 'mlp_dim_2': 96, 'num_heads': 1, 'final_dropout': 0.14389333273410412, 'train_learning_rate': 0.001912470326974046, 'train_lr_reduce': 0.6}. Best is trial 1286 with value: 0.03935658559203148.
[I 2024-12-26 08:37:10,639] Trial 2210 finished with value: 0.06837063282728195 and parameters: {'L1_hidden_dim': 80, 'L1_layers_atom': 2, 'L1_layers_mol': 2, 'L1_dropout': 0.21386151066384884, 'L1_out_dim': 112, 'L2_hidden_dim': 224, 'L2_layers_atom': 1, 'L2_layers_mol': 3, 'L2_out_dim': 64, 'L2_dropout': 0.03404531098880432, 'L3_hidden_dim': 64, 'L3_layers_atom': 3, 'L3_layers_mol': 3, 'L3_out_dim': 96, 'L3_dropout': 0.1970032447269139, 'n_mlp_layers': 2, 'mlp_dim_0': 208, 'mlp_dim_1': 408, 'num_heads': 1, 'final_dropout': 0.06285679492663035, 'train_learning_rate': 0.0016190424400219295, 'train_lr_reduce': 0.6}. Best is trial 1286 with value: 0.03935658559203148.
[I 2024-12-26 08:37:24,093] Trial 2212 finished with value: 0.2804271876811981 and parameters: {'L1_hidden_dim': 112, 'L1_layers_atom': 3, 'L1_layers_mol': 3, 'L1_dropout': 0.04058077535526512, 'L1_out_dim': 112, 'L2_hidden_dim': 80, 'L2_layers_atom': 3, 'L2_layers_mol': 4, 'L2_out_dim': 128, 'L2_dropout': 0.014833208994116331, 'L3_hidden_dim': 48, 'L3_layers_atom': 2, 'L3_layers_mol': 2, 'L3_out_dim': 80, 'L3_dropout': 0.20130717998992947, 'n_mlp_layers': 1, 'mlp_dim_0': 344, 'num_heads': 2, 'final_dropout': 0.019912936885064514, 'train_learning_rate': 0.004677251669706426, 'train_lr_reduce': 0.6}. Best is trial 1286 with value: 0.03935658559203148.
[I 2024-12-26 08:38:48,706] Trial 2211 finished with value: 0.06702478229999542 and parameters: {'L1_hidden_dim': 64, 'L1_layers_atom': 4, 'L1_layers_mol': 4, 'L1_dropout': 0.1766419324808735, 'L1_out_dim': 64, 'L2_hidden_dim': 80, 'L2_layers_atom': 2, 'L2_layers_mol': 1, 'L2_out_dim': 80, 'L2_dropout': 0.0008482768744377082, 'L3_hidden_dim': 112, 'L3_layers_atom': 4, 'L3_layers_mol': 1, 'L3_out_dim': 80, 'L3_dropout': 0.20576247427563787, 'n_mlp_layers': 1, 'mlp_dim_0': 216, 'num_heads': 1, 'final_dropout': 0.2051114614936646, 'train_learning_rate': 0.0036208647208719274, 'train_lr_reduce': 0.6}. Best is trial 1286 with value: 0.03935658559203148.
[I 2024-12-26 08:38:53,188] Trial 2214 finished with value: 0.08574246615171432 and parameters: {'L1_hidden_dim': 192, 'L1_layers_atom': 4, 'L1_layers_mol': 1, 'L1_dropout': 0.17652613643926224, 'L1_out_dim': 112, 'L2_hidden_dim': 112, 'L2_layers_atom': 2, 'L2_layers_mol': 3, 'L2_out_dim': 48, 'L2_dropout': 0.13690104184482701, 'L3_hidden_dim': 64, 'L3_layers_atom': 2, 'L3_layers_mol': 3, 'L3_out_dim': 32, 'L3_dropout': 0.18212176774762798, 'n_mlp_layers': 3, 'mlp_dim_0': 328, 'mlp_dim_1': 480, 'mlp_dim_2': 112, 'num_heads': 1, 'final_dropout': 0.2796393523908253, 'train_learning_rate': 0.0007123528317772629, 'train_lr_reduce': 0.6}. Best is trial 1286 with value: 0.03935658559203148.
[I 2024-12-26 08:39:02,529] Trial 2213 finished with value: 0.0715462937951088 and parameters: {'L1_hidden_dim': 64, 'L1_layers_atom': 2, 'L1_layers_mol': 3, 'L1_dropout': 0.1916653196090897, 'L1_out_dim': 96, 'L2_hidden_dim': 224, 'L2_layers_atom': 4, 'L2_layers_mol': 4, 'L2_out_dim': 112, 'L2_dropout': 0.003993480027160018, 'L3_hidden_dim': 112, 'L3_layers_atom': 2, 'L3_layers_mol': 1, 'L3_out_dim': 128, 'L3_dropout': 0.0596466763172862, 'n_mlp_layers': 3, 'mlp_dim_0': 312, 'mlp_dim_1': 336, 'mlp_dim_2': 192, 'num_heads': 1, 'final_dropout': 0.11955547512963277, 'train_learning_rate': 0.0006030255633473224, 'train_lr_reduce': 0.6}. Best is trial 1286 with value: 0.03935658559203148.
[I 2024-12-26 08:40:17,592] Trial 2215 finished with value: 0.06411530077457428 and parameters: {'L1_hidden_dim': 112, 'L1_layers_atom': 2, 'L1_layers_mol': 2, 'L1_dropout': 0.24085167766052734, 'L1_out_dim': 96, 'L2_hidden_dim': 224, 'L2_layers_atom': 2, 'L2_layers_mol': 2, 'L2_out_dim': 96, 'L2_dropout': 0.027536934395329688, 'L3_hidden_dim': 128, 'L3_layers_atom': 3, 'L3_layers_mol': 1, 'L3_out_dim': 128, 'L3_dropout': 0.17815807949881682, 'n_mlp_layers': 2, 'mlp_dim_0': 216, 'mlp_dim_1': 432, 'num_heads': 1, 'final_dropout': 0.06814284615288356, 'train_learning_rate': 0.0005520420194774244, 'train_lr_reduce': 0.6}. Best is trial 1286 with value: 0.03935658559203148.
[I 2024-12-26 08:40:20,402] Trial 2217 finished with value: 0.1070202961564064 and parameters: {'L1_hidden_dim': 224, 'L1_layers_atom': 4, 'L1_layers_mol': 2, 'L1_dropout': 0.2755702340531797, 'L1_out_dim': 48, 'L2_hidden_dim': 192, 'L2_layers_atom': 4, 'L2_layers_mol': 2, 'L2_out_dim': 80, 'L2_dropout': 0.2663088197806186, 'L3_hidden_dim': 112, 'L3_layers_atom': 4, 'L3_layers_mol': 3, 'L3_out_dim': 80, 'L3_dropout': 0.238956654603658, 'n_mlp_layers': 2, 'mlp_dim_0': 232, 'mlp_dim_1': 240, 'num_heads': 2, 'final_dropout': 0.24630336448354623, 'train_learning_rate': 0.006258995577092814, 'train_lr_reduce': 0.6}. Best is trial 1286 with value: 0.03935658559203148.
[I 2024-12-26 08:41:40,936] Trial 2219 finished with value: 0.09276241809129715 and parameters: {'L1_hidden_dim': 112, 'L1_layers_atom': 4, 'L1_layers_mol': 4, 'L1_dropout': 0.15717639944189324, 'L1_out_dim': 48, 'L2_hidden_dim': 128, 'L2_layers_atom': 4, 'L2_layers_mol': 4, 'L2_out_dim': 64, 'L2_dropout': 0.042326689746871496, 'L3_hidden_dim': 80, 'L3_layers_atom': 4, 'L3_layers_mol': 1, 'L3_out_dim': 80, 'L3_dropout': 0.27332217904281497, 'n_mlp_layers': 2, 'mlp_dim_0': 216, 'mlp_dim_1': 512, 'num_heads': 1, 'final_dropout': 0.030969393108612166, 'train_learning_rate': 0.0024173439204697006, 'train_lr_reduce': 0.6}. Best is trial 1286 with value: 0.03935658559203148.
