[I 2024-12-19 19:54:42,184] Trial 1087 finished with value: 1.1489677429199219 and parameters: {'mlp_n_layers': 1, 'mlp_dim_00': 340, 'node_hidden_dim': 32, 'edge_hidden_dim': 68, 'depth': 1, 'rep_dropout': 0.041138746168085924, 'train_learning_rate': 0.0009978327214318922, 'train_lr_reduce': 0.6}. Best is trial 673 with value: 0.11172225326299667.
[I 2024-12-19 19:54:56,970] Trial 1083 finished with value: 0.13658025860786438 and parameters: {'mlp_n_layers': 1, 'mlp_dim_00': 420, 'node_hidden_dim': 51, 'edge_hidden_dim': 58, 'depth': 1, 'rep_dropout': 0.0010771178489772384, 'train_learning_rate': 0.0027075037901213707, 'train_lr_reduce': 0.6}. Best is trial 673 with value: 0.11172225326299667.
[I 2024-12-19 19:55:11,072] Trial 1085 finished with value: 0.18430164456367493 and parameters: {'mlp_n_layers': 2, 'mlp_dim_00': 464, 'mlp_dim_01': 460, 'node_hidden_dim': 50, 'edge_hidden_dim': 45, 'depth': 1, 'rep_dropout': 0.0031753732593162876, 'train_learning_rate': 0.00999403418935443, 'train_lr_reduce': 0.6}. Best is trial 673 with value: 0.11172225326299667.
[I 2024-12-19 19:55:13,554] Trial 1088 finished with value: 0.16368068754673004 and parameters: {'mlp_n_layers': 1, 'mlp_dim_00': 308, 'node_hidden_dim': 34, 'edge_hidden_dim': 50, 'depth': 1, 'rep_dropout': 0.05335549581922182, 'train_learning_rate': 0.007107209814855423, 'train_lr_reduce': 0.6}. Best is trial 673 with value: 0.11172225326299667.
[I 2024-12-19 19:55:16,075] Trial 1090 finished with value: 1.1455410718917847 and parameters: {'mlp_n_layers': 2, 'mlp_dim_00': 271, 'mlp_dim_01': 385, 'node_hidden_dim': 36, 'edge_hidden_dim': 33, 'depth': 1, 'rep_dropout': 0.06499341416520782, 'train_learning_rate': 0.0027000987270130714, 'train_lr_reduce': 0.6}. Best is trial 673 with value: 0.11172225326299667.
[I 2024-12-19 19:55:21,016] Trial 1092 finished with value: 1.1441025733947754 and parameters: {'mlp_n_layers': 1, 'mlp_dim_00': 334, 'node_hidden_dim': 33, 'edge_hidden_dim': 65, 'depth': 1, 'rep_dropout': 0.03633811021078277, 'train_learning_rate': 0.0020768529438755594, 'train_lr_reduce': 0.6}. Best is trial 673 with value: 0.11172225326299667.
[I 2024-12-19 19:55:25,582] Trial 1089 finished with value: 0.2926258444786072 and parameters: {'mlp_n_layers': 1, 'mlp_dim_00': 356, 'node_hidden_dim': 56, 'edge_hidden_dim': 58, 'depth': 2, 'rep_dropout': 0.033251920357893476, 'train_learning_rate': 0.004176403504312077, 'train_lr_reduce': 0.6}. Best is trial 673 with value: 0.11172225326299667.
[I 2024-12-19 19:55:26,841] Trial 1093 finished with value: 1.1416195631027222 and parameters: {'mlp_n_layers': 4, 'mlp_dim_00': 181, 'mlp_dim_01': 283, 'mlp_dim_02': 271, 'mlp_dim_03': 243, 'node_hidden_dim': 107, 'edge_hidden_dim': 94, 'depth': 1, 'rep_dropout': 0.10534540577246065, 'train_learning_rate': 0.0003859698190792762, 'train_lr_reduce': 0.6}. Best is trial 673 with value: 0.11172225326299667.
[I 2024-12-19 19:55:30,534] Trial 1094 finished with value: 1.1430761814117432 and parameters: {'mlp_n_layers': 2, 'mlp_dim_00': 482, 'mlp_dim_01': 463, 'node_hidden_dim': 48, 'edge_hidden_dim': 35, 'depth': 2, 'rep_dropout': 0.032333335524146224, 'train_learning_rate': 0.0032288347633160457, 'train_lr_reduce': 0.6}. Best is trial 673 with value: 0.11172225326299667.
[I 2024-12-19 19:55:37,727] Trial 1091 finished with value: 0.20901018381118774 and parameters: {'mlp_n_layers': 1, 'mlp_dim_00': 392, 'node_hidden_dim': 35, 'edge_hidden_dim': 32, 'depth': 1, 'rep_dropout': 0.034143786934235164, 'train_learning_rate': 0.004171708257352021, 'train_lr_reduce': 0.6}. Best is trial 673 with value: 0.11172225326299667.
[I 2024-12-19 19:55:41,267] Trial 1096 finished with value: 1.1411004066467285 and parameters: {'mlp_n_layers': 4, 'mlp_dim_00': 155, 'mlp_dim_01': 342, 'mlp_dim_02': 171, 'mlp_dim_03': 135, 'node_hidden_dim': 121, 'edge_hidden_dim': 117, 'depth': 4, 'rep_dropout': 0.10301380266488389, 'train_learning_rate': 0.00014254539607215668, 'train_lr_reduce': 0.6}. Best is trial 673 with value: 0.11172225326299667.
[I 2024-12-19 19:55:43,557] Trial 1097 finished with value: 1.1422470808029175 and parameters: {'mlp_n_layers': 1, 'mlp_dim_00': 400, 'node_hidden_dim': 32, 'edge_hidden_dim': 40, 'depth': 2, 'rep_dropout': 0.07336492066737565, 'train_learning_rate': 0.0027283038046184414, 'train_lr_reduce': 0.6}. Best is trial 673 with value: 0.11172225326299667.
[I 2024-12-19 19:55:46,848] Trial 1098 finished with value: 1.149069905281067 and parameters: {'mlp_n_layers': 1, 'mlp_dim_00': 399, 'node_hidden_dim': 33, 'edge_hidden_dim': 67, 'depth': 2, 'rep_dropout': 0.04505612232027731, 'train_learning_rate': 0.0013358234567737337, 'train_lr_reduce': 0.6}. Best is trial 673 with value: 0.11172225326299667.
[I 2024-12-19 19:55:49,913] Trial 1099 finished with value: 1.1419481039047241 and parameters: {'mlp_n_layers': 4, 'mlp_dim_00': 202, 'mlp_dim_01': 424, 'mlp_dim_02': 425, 'mlp_dim_03': 401, 'node_hidden_dim': 33, 'edge_hidden_dim': 74, 'depth': 1, 'rep_dropout': 0.0497759114465976, 'train_learning_rate': 0.0005344576497423294, 'train_lr_reduce': 0.6}. Best is trial 673 with value: 0.11172225326299667.
[I 2024-12-19 19:56:08,298] Trial 1095 finished with value: 0.15645159780979156 and parameters: {'mlp_n_layers': 1, 'mlp_dim_00': 326, 'node_hidden_dim': 32, 'edge_hidden_dim': 33, 'depth': 1, 'rep_dropout': 0.045867923118473396, 'train_learning_rate': 0.005251931403836095, 'train_lr_reduce': 0.6}. Best is trial 673 with value: 0.11172225326299667.
[I 2024-12-19 19:56:21,378] Trial 1100 finished with value: 0.29887181520462036 and parameters: {'mlp_n_layers': 1, 'mlp_dim_00': 428, 'node_hidden_dim': 44, 'edge_hidden_dim': 33, 'depth': 2, 'rep_dropout': 0.008958725783022379, 'train_learning_rate': 0.009850418512812303, 'train_lr_reduce': 0.6}. Best is trial 673 with value: 0.11172225326299667.
[I 2024-12-19 19:56:34,813] Trial 1101 finished with value: 0.27843281626701355 and parameters: {'mlp_n_layers': 4, 'mlp_dim_00': 501, 'mlp_dim_01': 507, 'mlp_dim_02': 68, 'mlp_dim_03': 210, 'node_hidden_dim': 48, 'edge_hidden_dim': 79, 'depth': 3, 'rep_dropout': 0.1166365736707023, 'train_learning_rate': 0.007594722816954352, 'train_lr_reduce': 0.6}. Best is trial 673 with value: 0.11172225326299667.
[I 2024-12-19 19:56:47,726] Trial 1102 finished with value: 0.13968655467033386 and parameters: {'mlp_n_layers': 1, 'mlp_dim_00': 249, 'node_hidden_dim': 53, 'edge_hidden_dim': 103, 'depth': 1, 'rep_dropout': 0.01218971002716605, 'train_learning_rate': 0.002464113890180189, 'train_lr_reduce': 0.6}. Best is trial 673 with value: 0.11172225326299667.
[I 2024-12-19 19:56:54,856] Trial 1105 finished with value: 1.1422343254089355 and parameters: {'mlp_n_layers': 4, 'mlp_dim_00': 377, 'mlp_dim_01': 453, 'mlp_dim_02': 339, 'mlp_dim_03': 335, 'node_hidden_dim': 127, 'edge_hidden_dim': 34, 'depth': 2, 'rep_dropout': 0.05959272528710963, 'train_learning_rate': 0.0002194327333139454, 'train_lr_reduce': 0.6}. Best is trial 673 with value: 0.11172225326299667.
[I 2024-12-19 19:57:05,135] Trial 1103 finished with value: 0.18452757596969604 and parameters: {'mlp_n_layers': 2, 'mlp_dim_00': 187, 'mlp_dim_01': 391, 'node_hidden_dim': 37, 'edge_hidden_dim': 60, 'depth': 1, 'rep_dropout': 0.04821737137520563, 'train_learning_rate': 0.003611395571826593, 'train_lr_reduce': 0.6}. Best is trial 673 with value: 0.11172225326299667.
[I 2024-12-19 19:57:21,702] Trial 1104 finished with value: 0.16456040740013123 and parameters: {'mlp_n_layers': 1, 'mlp_dim_00': 300, 'node_hidden_dim': 55, 'edge_hidden_dim': 52, 'depth': 1, 'rep_dropout': 0.043866367228845134, 'train_learning_rate': 0.0017349643180381066, 'train_lr_reduce': 0.6}. Best is trial 673 with value: 0.11172225326299667.
[I 2024-12-19 19:57:28,250] Trial 1108 finished with value: 1.1424546241760254 and parameters: {'mlp_n_layers': 2, 'mlp_dim_00': 302, 'mlp_dim_01': 226, 'node_hidden_dim': 32, 'edge_hidden_dim': 88, 'depth': 2, 'rep_dropout': 0.013465113662172054, 'train_learning_rate': 0.0035219604974685405, 'train_lr_reduce': 0.6}. Best is trial 673 with value: 0.11172225326299667.
[I 2024-12-19 19:57:36,961] Trial 1106 finished with value: 0.15479044616222382 and parameters: {'mlp_n_layers': 1, 'mlp_dim_00': 273, 'node_hidden_dim': 37, 'edge_hidden_dim': 55, 'depth': 1, 'rep_dropout': 0.02897530634209563, 'train_learning_rate': 0.004366702795960568, 'train_lr_reduce': 0.6}. Best is trial 673 with value: 0.11172225326299667.
[I 2024-12-19 19:57:37,372] Trial 1107 finished with value: 0.15491658449172974 and parameters: {'mlp_n_layers': 1, 'mlp_dim_00': 328, 'node_hidden_dim': 60, 'edge_hidden_dim': 48, 'depth': 1, 'rep_dropout': 0.044585497780370895, 'train_learning_rate': 0.0033247098460170744, 'train_lr_reduce': 0.6}. Best is trial 673 with value: 0.11172225326299667.
[I 2024-12-19 19:57:42,555] Trial 1111 finished with value: 1.1487584114074707 and parameters: {'mlp_n_layers': 1, 'mlp_dim_00': 232, 'node_hidden_dim': 49, 'edge_hidden_dim': 32, 'depth': 3, 'rep_dropout': 0.07755091928422751, 'train_learning_rate': 0.008824559378688434, 'train_lr_reduce': 0.6}. Best is trial 673 with value: 0.11172225326299667.
[I 2024-12-19 19:57:49,366] Trial 1112 finished with value: 1.1449863910675049 and parameters: {'mlp_n_layers': 1, 'mlp_dim_00': 450, 'node_hidden_dim': 32, 'edge_hidden_dim': 41, 'depth': 1, 'rep_dropout': 0.02725412689714444, 'train_learning_rate': 0.002008222782750174, 'train_lr_reduce': 0.6}. Best is trial 673 with value: 0.11172225326299667.
[I 2024-12-19 19:58:03,231] Trial 1109 finished with value: 0.16386787593364716 and parameters: {'mlp_n_layers': 1, 'mlp_dim_00': 332, 'node_hidden_dim': 40, 'edge_hidden_dim': 46, 'depth': 1, 'rep_dropout': 0.06336968376266686, 'train_learning_rate': 0.0027755239694103604, 'train_lr_reduce': 0.6}. Best is trial 673 with value: 0.11172225326299667.
[I 2024-12-19 19:58:08,982] Trial 1114 finished with value: 1.145180583000183 and parameters: {'mlp_n_layers': 2, 'mlp_dim_00': 196, 'mlp_dim_01': 353, 'node_hidden_dim': 73, 'edge_hidden_dim': 93, 'depth': 3, 'rep_dropout': 0.1253477568835251, 'train_learning_rate': 0.004511847190928396, 'train_lr_reduce': 0.6}. Best is trial 673 with value: 0.11172225326299667.
[I 2024-12-19 19:58:24,448] Trial 1110 finished with value: 0.14141252636909485 and parameters: {'mlp_n_layers': 2, 'mlp_dim_00': 394, 'mlp_dim_01': 297, 'node_hidden_dim': 34, 'edge_hidden_dim': 62, 'depth': 1, 'rep_dropout': 0.06496395616771275, 'train_learning_rate': 0.00268560740655185, 'train_lr_reduce': 0.6}. Best is trial 673 with value: 0.11172225326299667.
[I 2024-12-19 19:58:34,721] Trial 1113 finished with value: 0.13147029280662537 and parameters: {'mlp_n_layers': 1, 'mlp_dim_00': 386, 'node_hidden_dim': 32, 'edge_hidden_dim': 62, 'depth': 2, 'rep_dropout': 0.034567698731951875, 'train_learning_rate': 0.0036918826194756644, 'train_lr_reduce': 0.6}. Best is trial 673 with value: 0.11172225326299667.
[I 2024-12-19 19:58:52,377] Trial 1115 finished with value: 0.14964793622493744 and parameters: {'mlp_n_layers': 1, 'mlp_dim_00': 333, 'node_hidden_dim': 49, 'edge_hidden_dim': 56, 'depth': 1, 'rep_dropout': 0.039869807976662, 'train_learning_rate': 0.006581388117838043, 'train_lr_reduce': 0.6}. Best is trial 673 with value: 0.11172225326299667.
[I 2024-12-19 19:59:09,425] Trial 1116 finished with value: 0.17044302821159363 and parameters: {'mlp_n_layers': 1, 'mlp_dim_00': 340, 'node_hidden_dim': 37, 'edge_hidden_dim': 58, 'depth': 1, 'rep_dropout': 0.06412168189573296, 'train_learning_rate': 0.0018395134811470804, 'train_lr_reduce': 0.6}. Best is trial 673 with value: 0.11172225326299667.
[I 2024-12-19 19:59:15,494] Trial 1117 finished with value: 0.1609954535961151 and parameters: {'mlp_n_layers': 1, 'mlp_dim_00': 297, 'node_hidden_dim': 41, 'edge_hidden_dim': 75, 'depth': 1, 'rep_dropout': 0.06972245727234348, 'train_learning_rate': 0.0021753513045672853, 'train_lr_reduce': 0.6}. Best is trial 673 with value: 0.11172225326299667.
[I 2024-12-19 19:59:30,971] Trial 1120 finished with value: 0.23509569466114044 and parameters: {'mlp_n_layers': 2, 'mlp_dim_00': 502, 'mlp_dim_01': 438, 'node_hidden_dim': 50, 'edge_hidden_dim': 43, 'depth': 1, 'rep_dropout': 0.054608170382603, 'train_learning_rate': 0.00966546725121212, 'train_lr_reduce': 0.6}. Best is trial 673 with value: 0.11172225326299667.
[I 2024-12-19 19:59:31,484] Trial 1118 finished with value: 0.13797520101070404 and parameters: {'mlp_n_layers': 1, 'mlp_dim_00': 365, 'node_hidden_dim': 33, 'edge_hidden_dim': 58, 'depth': 1, 'rep_dropout': 0.008988012731009604, 'train_learning_rate': 0.0028829942621497527, 'train_lr_reduce': 0.6}. Best is trial 673 with value: 0.11172225326299667.
[I 2024-12-19 19:59:51,258] Trial 1119 finished with value: 0.15824218094348907 and parameters: {'mlp_n_layers': 1, 'mlp_dim_00': 454, 'node_hidden_dim': 33, 'edge_hidden_dim': 65, 'depth': 1, 'rep_dropout': 0.0776906193483203, 'train_learning_rate': 0.004420858700385377, 'train_lr_reduce': 0.6}. Best is trial 673 with value: 0.11172225326299667.
[I 2024-12-19 20:00:12,772] Trial 1121 finished with value: 0.1566064953804016 and parameters: {'mlp_n_layers': 1, 'mlp_dim_00': 447, 'node_hidden_dim': 33, 'edge_hidden_dim': 67, 'depth': 1, 'rep_dropout': 0.007727965735812133, 'train_learning_rate': 0.0018258851995259207, 'train_lr_reduce': 0.6}. Best is trial 673 with value: 0.11172225326299667.
[I 2024-12-19 20:00:13,464] Trial 1122 finished with value: 0.15160728991031647 and parameters: {'mlp_n_layers': 1, 'mlp_dim_00': 327, 'node_hidden_dim': 34, 'edge_hidden_dim': 82, 'depth': 1, 'rep_dropout': 0.05561519584313177, 'train_learning_rate': 0.0038835422715699313, 'train_lr_reduce': 0.6}. Best is trial 673 with value: 0.11172225326299667.
[I 2024-12-19 20:00:18,840] Trial 1124 finished with value: 1.1424198150634766 and parameters: {'mlp_n_layers': 1, 'mlp_dim_00': 511, 'node_hidden_dim': 53, 'edge_hidden_dim': 39, 'depth': 2, 'rep_dropout': 0.05121486426875785, 'train_learning_rate': 0.0020888209928590674, 'train_lr_reduce': 0.6}. Best is trial 673 with value: 0.11172225326299667.
[I 2024-12-19 20:00:20,010] Trial 1125 finished with value: 1.142113208770752 and parameters: {'mlp_n_layers': 2, 'mlp_dim_00': 472, 'mlp_dim_01': 390, 'node_hidden_dim': 65, 'edge_hidden_dim': 58, 'depth': 2, 'rep_dropout': 0.10934298523193796, 'train_learning_rate': 0.00010514270171922602, 'train_lr_reduce': 0.6}. Best is trial 673 with value: 0.11172225326299667.
[I 2024-12-19 20:00:24,418] Trial 1126 finished with value: 1.1422725915908813 and parameters: {'mlp_n_layers': 1, 'mlp_dim_00': 394, 'node_hidden_dim': 58, 'edge_hidden_dim': 66, 'depth': 1, 'rep_dropout': 0.052192673471528256, 'train_learning_rate': 0.0015592863562386915, 'train_lr_reduce': 0.6}. Best is trial 673 with value: 0.11172225326299667.
[I 2024-12-19 20:00:27,476] Trial 1123 finished with value: 0.17764036357402802 and parameters: {'mlp_n_layers': 1, 'mlp_dim_00': 333, 'node_hidden_dim': 32, 'edge_hidden_dim': 56, 'depth': 1, 'rep_dropout': 0.0341341199524434, 'train_learning_rate': 0.0052676744025419685, 'train_lr_reduce': 0.6}. Best is trial 673 with value: 0.11172225326299667.
[I 2024-12-19 20:00:34,780] Trial 1129 finished with value: 1.1460744142532349 and parameters: {'mlp_n_layers': 1, 'mlp_dim_00': 357, 'node_hidden_dim': 116, 'edge_hidden_dim': 45, 'depth': 4, 'rep_dropout': 0.12536923480989753, 'train_learning_rate': 0.0006843729615026417, 'train_lr_reduce': 0.6}. Best is trial 673 with value: 0.11172225326299667.
[I 2024-12-19 20:00:46,775] Trial 1128 finished with value: 0.2143656611442566 and parameters: {'mlp_n_layers': 1, 'mlp_dim_00': 314, 'node_hidden_dim': 33, 'edge_hidden_dim': 63, 'depth': 1, 'rep_dropout': 0.0006771677141226307, 'train_learning_rate': 0.005139004490611411, 'train_lr_reduce': 0.6}. Best is trial 673 with value: 0.11172225326299667.
[I 2024-12-19 20:00:55,757] Trial 1130 finished with value: 0.23923158645629883 and parameters: {'mlp_n_layers': 1, 'mlp_dim_00': 445, 'node_hidden_dim': 43, 'edge_hidden_dim': 44, 'depth': 1, 'rep_dropout': 0.029825926577353362, 'train_learning_rate': 0.005454749382356494, 'train_lr_reduce': 0.6}. Best is trial 673 with value: 0.11172225326299667.
[I 2024-12-19 20:01:01,721] Trial 1127 finished with value: 0.11499901860952377 and parameters: {'mlp_n_layers': 2, 'mlp_dim_00': 416, 'mlp_dim_01': 466, 'node_hidden_dim': 53, 'edge_hidden_dim': 60, 'depth': 1, 'rep_dropout': 0.0031494300317219254, 'train_learning_rate': 0.006832972342162691, 'train_lr_reduce': 0.6}. Best is trial 673 with value: 0.11172225326299667.
[I 2024-12-19 20:01:19,312] Trial 1132 finished with value: 0.19163256883621216 and parameters: {'mlp_n_layers': 1, 'mlp_dim_00': 391, 'node_hidden_dim': 34, 'edge_hidden_dim': 47, 'depth': 1, 'rep_dropout': 0.02343309992500372, 'train_learning_rate': 0.0022954921144001214, 'train_lr_reduce': 0.6}. Best is trial 673 with value: 0.11172225326299667.
[I 2024-12-19 20:01:21,667] Trial 1131 finished with value: 0.16769659519195557 and parameters: {'mlp_n_layers': 2, 'mlp_dim_00': 288, 'mlp_dim_01': 323, 'node_hidden_dim': 54, 'edge_hidden_dim': 56, 'depth': 1, 'rep_dropout': 0.03194046151097888, 'train_learning_rate': 0.002911866282191293, 'train_lr_reduce': 0.6}. Best is trial 673 with value: 0.11172225326299667.
[I 2024-12-19 20:01:50,292] Trial 1133 finished with value: 0.15612678229808807 and parameters: {'mlp_n_layers': 2, 'mlp_dim_00': 448, 'mlp_dim_01': 466, 'node_hidden_dim': 77, 'edge_hidden_dim': 43, 'depth': 1, 'rep_dropout': 0.0005512521529502934, 'train_learning_rate': 0.004218254779010375, 'train_lr_reduce': 0.6}. Best is trial 673 with value: 0.11172225326299667.
[I 2024-12-19 20:01:56,148] Trial 1136 finished with value: 1.1417734622955322 and parameters: {'mlp_n_layers': 1, 'mlp_dim_00': 232, 'node_hidden_dim': 32, 'edge_hidden_dim': 62, 'depth': 1, 'rep_dropout': 0.052475910360145185, 'train_learning_rate': 0.0009122049414374442, 'train_lr_reduce': 0.6}. Best is trial 673 with value: 0.11172225326299667.
[I 2024-12-19 20:02:07,223] Trial 1135 finished with value: 0.1451558917760849 and parameters: {'mlp_n_layers': 2, 'mlp_dim_00': 419, 'mlp_dim_01': 468, 'node_hidden_dim': 62, 'edge_hidden_dim': 79, 'depth': 1, 'rep_dropout': 0.02169360839879877, 'train_learning_rate': 0.008007710745490438, 'train_lr_reduce': 0.6}. Best is trial 673 with value: 0.11172225326299667.
[I 2024-12-19 20:02:07,708] Trial 1134 finished with value: 0.1471334546804428 and parameters: {'mlp_n_layers': 3, 'mlp_dim_00': 506, 'mlp_dim_01': 472, 'mlp_dim_02': 462, 'node_hidden_dim': 96, 'edge_hidden_dim': 116, 'depth': 1, 'rep_dropout': 0.07018886155015092, 'train_learning_rate': 0.0026833157501428943, 'train_lr_reduce': 0.6}. Best is trial 673 with value: 0.11172225326299667.
[I 2024-12-19 20:02:12,705] Trial 1139 finished with value: 1.1465742588043213 and parameters: {'mlp_n_layers': 2, 'mlp_dim_00': 404, 'mlp_dim_01': 439, 'node_hidden_dim': 53, 'edge_hidden_dim': 51, 'depth': 1, 'rep_dropout': 0.016383530141498834, 'train_learning_rate': 0.009924428655602337, 'train_lr_reduce': 0.6}. Best is trial 673 with value: 0.11172225326299667.
[I 2024-12-19 20:02:27,680] Trial 1140 finished with value: 0.6955171823501587 and parameters: {'mlp_n_layers': 2, 'mlp_dim_00': 391, 'mlp_dim_01': 466, 'node_hidden_dim': 59, 'edge_hidden_dim': 74, 'depth': 1, 'rep_dropout': 0.004725437419055388, 'train_learning_rate': 0.008987882893637271, 'train_lr_reduce': 0.6}. Best is trial 673 with value: 0.11172225326299667.
[I 2024-12-19 20:02:41,716] Trial 1138 finished with value: 0.15045098960399628 and parameters: {'mlp_n_layers': 2, 'mlp_dim_00': 480, 'mlp_dim_01': 509, 'node_hidden_dim': 41, 'edge_hidden_dim': 71, 'depth': 1, 'rep_dropout': 0.005476505927215308, 'train_learning_rate': 0.00507393474725092, 'train_lr_reduce': 0.6}. Best is trial 673 with value: 0.11172225326299667.
[I 2024-12-19 20:02:47,464] Trial 1137 finished with value: 0.17031727731227875 and parameters: {'mlp_n_layers': 2, 'mlp_dim_00': 361, 'mlp_dim_01': 459, 'node_hidden_dim': 53, 'edge_hidden_dim': 62, 'depth': 1, 'rep_dropout': 0.001529447635270272, 'train_learning_rate': 0.006511239399787897, 'train_lr_reduce': 0.6}. Best is trial 673 with value: 0.11172225326299667.
[I 2024-12-19 20:02:55,997] Trial 1142 finished with value: 0.523186981678009 and parameters: {'mlp_n_layers': 2, 'mlp_dim_00': 427, 'mlp_dim_01': 422, 'node_hidden_dim': 61, 'edge_hidden_dim': 60, 'depth': 2, 'rep_dropout': 0.01938922395937328, 'train_learning_rate': 0.005573733795683911, 'train_lr_reduce': 0.6}. Best is trial 673 with value: 0.11172225326299667.
[I 2024-12-19 20:03:02,637] Trial 1144 finished with value: 1.144025444984436 and parameters: {'mlp_n_layers': 2, 'mlp_dim_00': 188, 'mlp_dim_01': 421, 'node_hidden_dim': 112, 'edge_hidden_dim': 32, 'depth': 3, 'rep_dropout': 0.012793754880083517, 'train_learning_rate': 0.005260584845362528, 'train_lr_reduce': 0.6}. Best is trial 673 with value: 0.11172225326299667.
[I 2024-12-19 20:03:16,039] Trial 1141 finished with value: 0.14311034977436066 and parameters: {'mlp_n_layers': 2, 'mlp_dim_00': 419, 'mlp_dim_01': 449, 'node_hidden_dim': 47, 'edge_hidden_dim': 55, 'depth': 1, 'rep_dropout': 0.00847704276876409, 'train_learning_rate': 0.003317563979697009, 'train_lr_reduce': 0.6}. Best is trial 673 with value: 0.11172225326299667.
[I 2024-12-19 20:03:31,419] Trial 1143 finished with value: 0.14158512651920319 and parameters: {'mlp_n_layers': 2, 'mlp_dim_00': 409, 'mlp_dim_01': 509, 'node_hidden_dim': 50, 'edge_hidden_dim': 58, 'depth': 1, 'rep_dropout': 0.032122741470584734, 'train_learning_rate': 0.005561321705243562, 'train_lr_reduce': 0.6}. Best is trial 673 with value: 0.11172225326299667.
