[I 2024-12-15 16:56:55,889] Trial 1827 finished with value: 0.1875954270362854 and parameters: {'mlp_n_layers': 3, 'mlp_dim_00': 96, 'mlp_dim_01': 144, 'mlp_dim_02': 192, 'hidden_channels': 192, 'num_layers': 2, 'num_timesteps': 4, 'dropout': 0.026469296131204117, 'train_learning_rate': 0.0008659382696471096, 'train_lr_reduce': 0.6}. Best is trial 632 with value: 0.13978464901447296.
[I 2024-12-15 16:56:57,400] Trial 1828 finished with value: 0.2383488565683365 and parameters: {'mlp_n_layers': 3, 'mlp_dim_00': 224, 'mlp_dim_01': 144, 'mlp_dim_02': 256, 'hidden_channels': 208, 'num_layers': 2, 'num_timesteps': 1, 'dropout': 0.11110343544671494, 'train_learning_rate': 0.004636193177372303, 'train_lr_reduce': 0.6}. Best is trial 632 with value: 0.13978464901447296.
[I 2024-12-15 16:57:00,878] Trial 1831 finished with value: 0.7905310988426208 and parameters: {'mlp_n_layers': 4, 'mlp_dim_00': 176, 'mlp_dim_01': 176, 'mlp_dim_02': 208, 'mlp_dim_03': 160, 'hidden_channels': 256, 'num_layers': 1, 'num_timesteps': 4, 'dropout': 0.04830518667309939, 'train_learning_rate': 0.004790255308838893, 'train_lr_reduce': 0.6}. Best is trial 632 with value: 0.13978464901447296.
[I 2024-12-15 16:57:03,503] Trial 1830 finished with value: 0.19651786983013153 and parameters: {'mlp_n_layers': 4, 'mlp_dim_00': 32, 'mlp_dim_01': 208, 'mlp_dim_02': 160, 'mlp_dim_03': 192, 'hidden_channels': 192, 'num_layers': 1, 'num_timesteps': 3, 'dropout': 0.0368801675344943, 'train_learning_rate': 0.0027291358330365223, 'train_lr_reduce': 0.6}. Best is trial 632 with value: 0.13978464901447296.
[I 2024-12-15 16:57:08,517] Trial 1829 finished with value: 0.17903736233711243 and parameters: {'mlp_n_layers': 4, 'mlp_dim_00': 48, 'mlp_dim_01': 240, 'mlp_dim_02': 224, 'mlp_dim_03': 144, 'hidden_channels': 160, 'num_layers': 1, 'num_timesteps': 3, 'dropout': 0.03914177414041995, 'train_learning_rate': 0.00860706442607297, 'train_lr_reduce': 0.6}. Best is trial 632 with value: 0.13978464901447296.
[I 2024-12-15 16:57:10,782] Trial 1832 finished with value: 0.19721341133117676 and parameters: {'mlp_n_layers': 3, 'mlp_dim_00': 80, 'mlp_dim_01': 208, 'mlp_dim_02': 240, 'hidden_channels': 256, 'num_layers': 1, 'num_timesteps': 4, 'dropout': 0.02231456311432377, 'train_learning_rate': 0.0007401214895977951, 'train_lr_reduce': 0.6}. Best is trial 632 with value: 0.13978464901447296.
[I 2024-12-15 16:57:12,678] Trial 1833 finished with value: 0.22197659313678741 and parameters: {'mlp_n_layers': 3, 'mlp_dim_00': 112, 'mlp_dim_01': 192, 'mlp_dim_02': 176, 'hidden_channels': 176, 'num_layers': 2, 'num_timesteps': 4, 'dropout': 0.0864612769074589, 'train_learning_rate': 0.006480545387888439, 'train_lr_reduce': 0.6}. Best is trial 632 with value: 0.13978464901447296.
[I 2024-12-15 16:57:22,085] Trial 1834 finished with value: 0.25006169080734253 and parameters: {'mlp_n_layers': 4, 'mlp_dim_00': 160, 'mlp_dim_01': 96, 'mlp_dim_02': 208, 'mlp_dim_03': 80, 'hidden_channels': 256, 'num_layers': 2, 'num_timesteps': 4, 'dropout': 0.10303033622799877, 'train_learning_rate': 0.001576619220463268, 'train_lr_reduce': 0.6}. Best is trial 632 with value: 0.13978464901447296.
[I 2024-12-15 16:57:22,345] Trial 1835 finished with value: 0.18480616807937622 and parameters: {'mlp_n_layers': 4, 'mlp_dim_00': 64, 'mlp_dim_01': 176, 'mlp_dim_02': 240, 'mlp_dim_03': 192, 'hidden_channels': 256, 'num_layers': 1, 'num_timesteps': 4, 'dropout': 0.007193893176442489, 'train_learning_rate': 0.00118099432549154, 'train_lr_reduce': 0.6}. Best is trial 632 with value: 0.13978464901447296.
[I 2024-12-15 16:57:23,449] Trial 1836 finished with value: 0.19895856082439423 and parameters: {'mlp_n_layers': 4, 'mlp_dim_00': 256, 'mlp_dim_01': 176, 'mlp_dim_02': 144, 'mlp_dim_03': 32, 'hidden_channels': 240, 'num_layers': 1, 'num_timesteps': 4, 'dropout': 0.08202826356806286, 'train_learning_rate': 0.0010062931281310408, 'train_lr_reduce': 0.6}. Best is trial 632 with value: 0.13978464901447296.
[I 2024-12-15 16:57:31,272] Trial 1837 finished with value: 0.21345233917236328 and parameters: {'mlp_n_layers': 3, 'mlp_dim_00': 32, 'mlp_dim_01': 192, 'mlp_dim_02': 192, 'hidden_channels': 256, 'num_layers': 1, 'num_timesteps': 4, 'dropout': 0.0077276679748000685, 'train_learning_rate': 0.0028604462715166546, 'train_lr_reduce': 0.6}. Best is trial 632 with value: 0.13978464901447296.
[I 2024-12-15 16:57:35,412] Trial 1838 finished with value: 0.14770109951496124 and parameters: {'mlp_n_layers': 3, 'mlp_dim_00': 160, 'mlp_dim_01': 240, 'mlp_dim_02': 80, 'hidden_channels': 192, 'num_layers': 1, 'num_timesteps': 4, 'dropout': 0.006019315425088568, 'train_learning_rate': 0.004017592675099492, 'train_lr_reduce': 0.6}. Best is trial 632 with value: 0.13978464901447296.
[I 2024-12-15 16:57:41,018] Trial 1839 finished with value: 0.18402574956417084 and parameters: {'mlp_n_layers': 4, 'mlp_dim_00': 128, 'mlp_dim_01': 112, 'mlp_dim_02': 256, 'mlp_dim_03': 128, 'hidden_channels': 144, 'num_layers': 1, 'num_timesteps': 4, 'dropout': 0.00644586923014654, 'train_learning_rate': 0.0008294897853864829, 'train_lr_reduce': 0.6}. Best is trial 632 with value: 0.13978464901447296.
[I 2024-12-15 16:57:44,123] Trial 1840 finished with value: 0.1817338466644287 and parameters: {'mlp_n_layers': 4, 'mlp_dim_00': 208, 'mlp_dim_01': 224, 'mlp_dim_02': 224, 'mlp_dim_03': 176, 'hidden_channels': 208, 'num_layers': 1, 'num_timesteps': 3, 'dropout': 0.05303810687630732, 'train_learning_rate': 0.0006281273785596066, 'train_lr_reduce': 0.6}. Best is trial 632 with value: 0.13978464901447296.
[I 2024-12-15 16:57:44,499] Trial 1841 finished with value: 0.22566242516040802 and parameters: {'mlp_n_layers': 2, 'mlp_dim_00': 240, 'mlp_dim_01': 80, 'hidden_channels': 96, 'num_layers': 3, 'num_timesteps': 2, 'dropout': 0.09261324375807002, 'train_learning_rate': 0.009934589029892648, 'train_lr_reduce': 0.6}. Best is trial 632 with value: 0.13978464901447296.
[I 2024-12-15 16:57:58,242] Trial 1842 finished with value: 0.22360321879386902 and parameters: {'mlp_n_layers': 3, 'mlp_dim_00': 128, 'mlp_dim_01': 224, 'mlp_dim_02': 80, 'hidden_channels': 192, 'num_layers': 2, 'num_timesteps': 4, 'dropout': 0.018400711416632486, 'train_learning_rate': 0.008300464091881858, 'train_lr_reduce': 0.6}. Best is trial 632 with value: 0.13978464901447296.
[I 2024-12-15 16:57:59,585] Trial 1843 finished with value: 0.2359468638896942 and parameters: {'mlp_n_layers': 3, 'mlp_dim_00': 128, 'mlp_dim_01': 256, 'mlp_dim_02': 96, 'hidden_channels': 160, 'num_layers': 1, 'num_timesteps': 4, 'dropout': 0.03773332182599386, 'train_learning_rate': 0.008650594669042524, 'train_lr_reduce': 0.6}. Best is trial 632 with value: 0.13978464901447296.
[I 2024-12-15 16:58:06,814] Trial 1844 finished with value: 0.1776057332754135 and parameters: {'mlp_n_layers': 4, 'mlp_dim_00': 128, 'mlp_dim_01': 64, 'mlp_dim_02': 64, 'mlp_dim_03': 64, 'hidden_channels': 224, 'num_layers': 1, 'num_timesteps': 4, 'dropout': 0.18083895626694524, 'train_learning_rate': 0.002822918692371893, 'train_lr_reduce': 0.6}. Best is trial 632 with value: 0.13978464901447296.
[I 2024-12-15 16:58:09,574] Trial 1846 finished with value: 0.21269582211971283 and parameters: {'mlp_n_layers': 3, 'mlp_dim_00': 112, 'mlp_dim_01': 240, 'mlp_dim_02': 64, 'hidden_channels': 224, 'num_layers': 1, 'num_timesteps': 4, 'dropout': 0.004317366724295009, 'train_learning_rate': 0.0018841512751415364, 'train_lr_reduce': 0.6}. Best is trial 632 with value: 0.13978464901447296.
[I 2024-12-15 16:58:17,214] Trial 1845 finished with value: 0.23440925776958466 and parameters: {'mlp_n_layers': 2, 'mlp_dim_00': 192, 'mlp_dim_01': 192, 'hidden_channels': 208, 'num_layers': 2, 'num_timesteps': 4, 'dropout': 0.0075742421970483535, 'train_learning_rate': 0.002615463289195407, 'train_lr_reduce': 0.6}. Best is trial 632 with value: 0.13978464901447296.
[I 2024-12-15 16:58:17,956] Trial 1847 finished with value: 0.22243113815784454 and parameters: {'mlp_n_layers': 3, 'mlp_dim_00': 176, 'mlp_dim_01': 160, 'mlp_dim_02': 48, 'hidden_channels': 224, 'num_layers': 1, 'num_timesteps': 3, 'dropout': 0.002813738229840386, 'train_learning_rate': 0.0048862418474305445, 'train_lr_reduce': 0.6}. Best is trial 632 with value: 0.13978464901447296.
[I 2024-12-15 16:58:22,940] Trial 1848 finished with value: 0.23473671078681946 and parameters: {'mlp_n_layers': 4, 'mlp_dim_00': 32, 'mlp_dim_01': 224, 'mlp_dim_02': 80, 'mlp_dim_03': 80, 'hidden_channels': 240, 'num_layers': 2, 'num_timesteps': 4, 'dropout': 0.011251584647345877, 'train_learning_rate': 0.0026601931563145238, 'train_lr_reduce': 0.6}. Best is trial 632 with value: 0.13978464901447296.
[I 2024-12-15 16:58:28,388] Trial 1849 finished with value: 0.18817275762557983 and parameters: {'mlp_n_layers': 3, 'mlp_dim_00': 160, 'mlp_dim_01': 256, 'mlp_dim_02': 80, 'hidden_channels': 176, 'num_layers': 1, 'num_timesteps': 4, 'dropout': 0.029636380726180904, 'train_learning_rate': 0.00280576507392124, 'train_lr_reduce': 0.6}. Best is trial 632 with value: 0.13978464901447296.
[I 2024-12-15 16:58:29,712] Trial 1850 finished with value: 0.22419503331184387 and parameters: {'mlp_n_layers': 3, 'mlp_dim_00': 32, 'mlp_dim_01': 144, 'mlp_dim_02': 64, 'hidden_channels': 256, 'num_layers': 3, 'num_timesteps': 2, 'dropout': 0.2641954400184234, 'train_learning_rate': 0.005768674429239099, 'train_lr_reduce': 0.6}. Best is trial 632 with value: 0.13978464901447296.
[I 2024-12-15 16:58:36,139] Trial 1852 finished with value: 0.23845238983631134 and parameters: {'mlp_n_layers': 3, 'mlp_dim_00': 176, 'mlp_dim_01': 240, 'mlp_dim_02': 80, 'hidden_channels': 256, 'num_layers': 1, 'num_timesteps': 3, 'dropout': 0.02073356216550562, 'train_learning_rate': 0.007287467679238004, 'train_lr_reduce': 0.6}. Best is trial 632 with value: 0.13978464901447296.
[I 2024-12-15 16:58:38,044] Trial 1853 finished with value: 0.21656584739685059 and parameters: {'mlp_n_layers': 2, 'mlp_dim_00': 32, 'mlp_dim_01': 208, 'hidden_channels': 64, 'num_layers': 2, 'num_timesteps': 3, 'dropout': 0.04679260279019752, 'train_learning_rate': 0.0028044993729730533, 'train_lr_reduce': 0.6}. Best is trial 632 with value: 0.13978464901447296.
[I 2024-12-15 16:58:43,006] Trial 1851 finished with value: 0.6608700752258301 and parameters: {'mlp_n_layers': 4, 'mlp_dim_00': 240, 'mlp_dim_01': 32, 'mlp_dim_02': 80, 'mlp_dim_03': 48, 'hidden_channels': 48, 'num_layers': 2, 'num_timesteps': 3, 'dropout': 0.19322152934785464, 'train_learning_rate': 0.00016264957246350047, 'train_lr_reduce': 0.6}. Best is trial 632 with value: 0.13978464901447296.
[I 2024-12-15 16:58:47,752] Trial 1855 finished with value: 0.2505703568458557 and parameters: {'mlp_n_layers': 4, 'mlp_dim_00': 144, 'mlp_dim_01': 176, 'mlp_dim_02': 80, 'mlp_dim_03': 112, 'hidden_channels': 192, 'num_layers': 2, 'num_timesteps': 4, 'dropout': 0.04891338277364789, 'train_learning_rate': 0.005081190359863897, 'train_lr_reduce': 0.6}. Best is trial 632 with value: 0.13978464901447296.
[I 2024-12-15 16:58:50,353] Trial 1854 finished with value: 0.1474713236093521 and parameters: {'mlp_n_layers': 3, 'mlp_dim_00': 144, 'mlp_dim_01': 208, 'mlp_dim_02': 80, 'hidden_channels': 256, 'num_layers': 1, 'num_timesteps': 4, 'dropout': 0.007953341720594087, 'train_learning_rate': 0.003006896987901272, 'train_lr_reduce': 0.6}. Best is trial 632 with value: 0.13978464901447296.
[I 2024-12-15 16:58:58,624] Trial 1856 finished with value: 0.23702579736709595 and parameters: {'mlp_n_layers': 4, 'mlp_dim_00': 32, 'mlp_dim_01': 176, 'mlp_dim_02': 80, 'mlp_dim_03': 32, 'hidden_channels': 192, 'num_layers': 4, 'num_timesteps': 1, 'dropout': 0.05496376191956297, 'train_learning_rate': 0.0002941393825507973, 'train_lr_reduce': 0.6}. Best is trial 632 with value: 0.13978464901447296.
[I 2024-12-15 16:59:01,561] Trial 1858 finished with value: 0.14202876389026642 and parameters: {'mlp_n_layers': 2, 'mlp_dim_00': 112, 'mlp_dim_01': 224, 'hidden_channels': 176, 'num_layers': 1, 'num_timesteps': 4, 'dropout': 0.028102795709852208, 'train_learning_rate': 0.003501384533598531, 'train_lr_reduce': 0.6}. Best is trial 632 with value: 0.13978464901447296.
[I 2024-12-15 16:59:03,300] Trial 1857 finished with value: 0.16291120648384094 and parameters: {'mlp_n_layers': 3, 'mlp_dim_00': 224, 'mlp_dim_01': 112, 'mlp_dim_02': 64, 'hidden_channels': 224, 'num_layers': 1, 'num_timesteps': 4, 'dropout': 0.0035219909456943553, 'train_learning_rate': 0.001736540390238696, 'train_lr_reduce': 0.6}. Best is trial 632 with value: 0.13978464901447296.
[I 2024-12-15 16:59:08,597] Trial 1860 finished with value: 0.18860027194023132 and parameters: {'mlp_n_layers': 2, 'mlp_dim_00': 128, 'mlp_dim_01': 224, 'hidden_channels': 176, 'num_layers': 1, 'num_timesteps': 4, 'dropout': 0.15194008368953787, 'train_learning_rate': 0.0028403618213848005, 'train_lr_reduce': 0.6}. Best is trial 632 with value: 0.13978464901447296.
[I 2024-12-15 16:59:15,247] Trial 1859 finished with value: 0.341039776802063 and parameters: {'mlp_n_layers': 2, 'mlp_dim_00': 64, 'mlp_dim_01': 64, 'hidden_channels': 48, 'num_layers': 1, 'num_timesteps': 1, 'dropout': 0.14058301365862386, 'train_learning_rate': 0.0002461220844220756, 'train_lr_reduce': 0.6}. Best is trial 632 with value: 0.13978464901447296.
[I 2024-12-15 16:59:17,090] Trial 1861 finished with value: 0.16246576607227325 and parameters: {'mlp_n_layers': 3, 'mlp_dim_00': 176, 'mlp_dim_01': 240, 'mlp_dim_02': 80, 'hidden_channels': 192, 'num_layers': 1, 'num_timesteps': 4, 'dropout': 0.06379948851275226, 'train_learning_rate': 0.0023911008489957393, 'train_lr_reduce': 0.6}. Best is trial 632 with value: 0.13978464901447296.
[I 2024-12-15 16:59:20,276] Trial 1862 finished with value: 0.2116185873746872 and parameters: {'mlp_n_layers': 2, 'mlp_dim_00': 112, 'mlp_dim_01': 208, 'hidden_channels': 160, 'num_layers': 1, 'num_timesteps': 4, 'dropout': 0.05575935400928361, 'train_learning_rate': 0.00120324935104565, 'train_lr_reduce': 0.6}. Best is trial 632 with value: 0.13978464901447296.
[I 2024-12-15 16:59:22,735] Trial 1863 finished with value: 0.2494206428527832 and parameters: {'mlp_n_layers': 3, 'mlp_dim_00': 128, 'mlp_dim_01': 176, 'mlp_dim_02': 96, 'hidden_channels': 256, 'num_layers': 2, 'num_timesteps': 4, 'dropout': 0.005823754920148145, 'train_learning_rate': 0.002071545616659935, 'train_lr_reduce': 0.6}. Best is trial 632 with value: 0.13978464901447296.
[I 2024-12-15 16:59:25,962] Trial 1864 finished with value: 0.18414488434791565 and parameters: {'mlp_n_layers': 3, 'mlp_dim_00': 96, 'mlp_dim_01': 208, 'mlp_dim_02': 96, 'hidden_channels': 112, 'num_layers': 1, 'num_timesteps': 4, 'dropout': 0.0012136167429841263, 'train_learning_rate': 0.0019147104787292548, 'train_lr_reduce': 0.6}. Best is trial 632 with value: 0.13978464901447296.
[I 2024-12-15 16:59:29,069] Trial 1865 finished with value: 0.19305215775966644 and parameters: {'mlp_n_layers': 2, 'mlp_dim_00': 128, 'mlp_dim_01': 192, 'hidden_channels': 176, 'num_layers': 1, 'num_timesteps': 4, 'dropout': 0.017509063684949693, 'train_learning_rate': 0.0022555842265601523, 'train_lr_reduce': 0.6}. Best is trial 632 with value: 0.13978464901447296.
[I 2024-12-15 16:59:31,573] Trial 1867 finished with value: 0.19310684502124786 and parameters: {'mlp_n_layers': 2, 'mlp_dim_00': 64, 'mlp_dim_01': 224, 'hidden_channels': 160, 'num_layers': 1, 'num_timesteps': 4, 'dropout': 0.06243796554818534, 'train_learning_rate': 0.008439030035747868, 'train_lr_reduce': 0.6}. Best is trial 632 with value: 0.13978464901447296.
[I 2024-12-15 16:59:35,281] Trial 1866 finished with value: 0.19218498468399048 and parameters: {'mlp_n_layers': 2, 'mlp_dim_00': 80, 'mlp_dim_01': 256, 'hidden_channels': 192, 'num_layers': 1, 'num_timesteps': 4, 'dropout': 0.08423693651803735, 'train_learning_rate': 0.0003964866021900573, 'train_lr_reduce': 0.6}. Best is trial 632 with value: 0.13978464901447296.
[I 2024-12-15 16:59:35,824] Trial 1868 finished with value: 0.22318901121616364 and parameters: {'mlp_n_layers': 2, 'mlp_dim_00': 160, 'mlp_dim_01': 240, 'hidden_channels': 160, 'num_layers': 2, 'num_timesteps': 3, 'dropout': 0.06019472682988267, 'train_learning_rate': 0.005906145605764297, 'train_lr_reduce': 0.6}. Best is trial 632 with value: 0.13978464901447296.
[I 2024-12-15 16:59:39,683] Trial 1869 finished with value: 0.19866885244846344 and parameters: {'mlp_n_layers': 2, 'mlp_dim_00': 112, 'mlp_dim_01': 224, 'hidden_channels': 176, 'num_layers': 1, 'num_timesteps': 4, 'dropout': 0.01098429413591413, 'train_learning_rate': 0.003813385390954619, 'train_lr_reduce': 0.6}. Best is trial 632 with value: 0.13978464901447296.
[I 2024-12-15 16:59:43,706] Trial 1872 finished with value: 0.8037286400794983 and parameters: {'mlp_n_layers': 2, 'mlp_dim_00': 160, 'mlp_dim_01': 224, 'hidden_channels': 256, 'num_layers': 1, 'num_timesteps': 4, 'dropout': 0.07103356733853941, 'train_learning_rate': 0.008368105036859783, 'train_lr_reduce': 0.6}. Best is trial 632 with value: 0.13978464901447296.
[I 2024-12-15 16:59:46,878] Trial 1871 finished with value: 0.21554456651210785 and parameters: {'mlp_n_layers': 2, 'mlp_dim_00': 112, 'mlp_dim_01': 240, 'hidden_channels': 128, 'num_layers': 2, 'num_timesteps': 4, 'dropout': 0.04866975941275964, 'train_learning_rate': 0.0027785363144936276, 'train_lr_reduce': 0.6}. Best is trial 632 with value: 0.13978464901447296.
[I 2024-12-15 16:59:51,986] Trial 1873 finished with value: 0.1907477080821991 and parameters: {'mlp_n_layers': 3, 'mlp_dim_00': 160, 'mlp_dim_01': 224, 'mlp_dim_02': 64, 'hidden_channels': 192, 'num_layers': 1, 'num_timesteps': 4, 'dropout': 0.020596658941840488, 'train_learning_rate': 0.0015863925835317666, 'train_lr_reduce': 0.6}. Best is trial 632 with value: 0.13978464901447296.
[I 2024-12-15 16:59:53,103] Trial 1870 finished with value: 0.26577824354171753 and parameters: {'mlp_n_layers': 4, 'mlp_dim_00': 64, 'mlp_dim_01': 128, 'mlp_dim_02': 64, 'mlp_dim_03': 240, 'hidden_channels': 32, 'num_layers': 3, 'num_timesteps': 4, 'dropout': 0.2122071622179284, 'train_learning_rate': 0.0011214532954605006, 'train_lr_reduce': 0.6}. Best is trial 632 with value: 0.13978464901447296.
[I 2024-12-15 16:59:57,710] Trial 1874 finished with value: 0.2653384208679199 and parameters: {'mlp_n_layers': 3, 'mlp_dim_00': 240, 'mlp_dim_01': 112, 'mlp_dim_02': 96, 'hidden_channels': 240, 'num_layers': 4, 'num_timesteps': 3, 'dropout': 0.20325924780641072, 'train_learning_rate': 0.0023652352293902835, 'train_lr_reduce': 0.6}. Best is trial 632 with value: 0.13978464901447296.
[I 2024-12-15 16:59:59,428] Trial 1875 finished with value: 0.25641486048698425 and parameters: {'mlp_n_layers': 2, 'mlp_dim_00': 160, 'mlp_dim_01': 256, 'hidden_channels': 208, 'num_layers': 2, 'num_timesteps': 4, 'dropout': 0.05487336492413376, 'train_learning_rate': 0.0030816674566827855, 'train_lr_reduce': 0.6}. Best is trial 632 with value: 0.13978464901447296.
[I 2024-12-15 17:00:05,293] Trial 1876 finished with value: 0.16250045597553253 and parameters: {'mlp_n_layers': 2, 'mlp_dim_00': 144, 'mlp_dim_01': 256, 'hidden_channels': 224, 'num_layers': 1, 'num_timesteps': 4, 'dropout': 0.017247920282721832, 'train_learning_rate': 0.0017468494264117963, 'train_lr_reduce': 0.6}. Best is trial 632 with value: 0.13978464901447296.
[I 2024-12-15 17:00:07,965] Trial 1877 finished with value: 0.17409153282642365 and parameters: {'mlp_n_layers': 3, 'mlp_dim_00': 112, 'mlp_dim_01': 224, 'mlp_dim_02': 80, 'hidden_channels': 224, 'num_layers': 1, 'num_timesteps': 4, 'dropout': 0.030507023507020066, 'train_learning_rate': 0.004989475998873346, 'train_lr_reduce': 0.6}. Best is trial 632 with value: 0.13978464901447296.
[I 2024-12-15 17:00:13,636] Trial 1878 finished with value: 0.1590437889099121 and parameters: {'mlp_n_layers': 2, 'mlp_dim_00': 144, 'mlp_dim_01': 192, 'hidden_channels': 224, 'num_layers': 1, 'num_timesteps': 4, 'dropout': 0.10304139170769153, 'train_learning_rate': 0.0026514816829313484, 'train_lr_reduce': 0.6}. Best is trial 632 with value: 0.13978464901447296.
[I 2024-12-15 17:00:17,137] Trial 1880 finished with value: 0.1968393474817276 and parameters: {'mlp_n_layers': 3, 'mlp_dim_00': 160, 'mlp_dim_01': 176, 'mlp_dim_02': 80, 'hidden_channels': 256, 'num_layers': 1, 'num_timesteps': 4, 'dropout': 0.04137110458484676, 'train_learning_rate': 0.0021472556525927713, 'train_lr_reduce': 0.6}. Best is trial 632 with value: 0.13978464901447296.
[I 2024-12-15 17:00:21,869] Trial 1879 finished with value: 0.1734165996313095 and parameters: {'mlp_n_layers': 3, 'mlp_dim_00': 80, 'mlp_dim_01': 256, 'mlp_dim_02': 80, 'hidden_channels': 176, 'num_layers': 1, 'num_timesteps': 4, 'dropout': 0.12371567986573814, 'train_learning_rate': 0.0026775049050485875, 'train_lr_reduce': 0.6}. Best is trial 632 with value: 0.13978464901447296.
[I 2024-12-15 17:00:22,754] Trial 1881 finished with value: 0.21178998053073883 and parameters: {'mlp_n_layers': 3, 'mlp_dim_00': 144, 'mlp_dim_01': 208, 'mlp_dim_02': 64, 'hidden_channels': 160, 'num_layers': 2, 'num_timesteps': 4, 'dropout': 0.0019832611038425284, 'train_learning_rate': 0.005396756372482695, 'train_lr_reduce': 0.6}. Best is trial 632 with value: 0.13978464901447296.
[I 2024-12-15 17:00:26,016] Trial 1882 finished with value: 0.2073347270488739 and parameters: {'mlp_n_layers': 2, 'mlp_dim_00': 96, 'mlp_dim_01': 256, 'hidden_channels': 192, 'num_layers': 2, 'num_timesteps': 4, 'dropout': 0.023178559664237906, 'train_learning_rate': 0.0017112631709766376, 'train_lr_reduce': 0.6}. Best is trial 632 with value: 0.13978464901447296.
[I 2024-12-15 17:00:30,297] Trial 1884 finished with value: 0.21555200219154358 and parameters: {'mlp_n_layers': 3, 'mlp_dim_00': 160, 'mlp_dim_01': 208, 'mlp_dim_02': 80, 'hidden_channels': 192, 'num_layers': 1, 'num_timesteps': 4, 'dropout': 0.03872535713424883, 'train_learning_rate': 0.003240837542304888, 'train_lr_reduce': 0.6}. Best is trial 632 with value: 0.13978464901447296.
