[I 2024-12-25 20:29:12,779] Trial 865 finished with value: 0.06966906040906906 and parameters: {'L1_hidden_dim': 80, 'L1_layers_atom': 3, 'L1_layers_mol': 3, 'L1_dropout': 0.2952822286558634, 'L1_out_dim': 96, 'L2_hidden_dim': 192, 'L2_layers_atom': 1, 'L2_layers_mol': 2, 'L2_out_dim': 128, 'L2_dropout': 0.030125398851203224, 'L3_hidden_dim': 112, 'L3_layers_atom': 2, 'L3_layers_mol': 1, 'L3_out_dim': 128, 'L3_dropout': 0.23289796005233224, 'n_mlp_layers': 2, 'mlp_dim_0': 40, 'mlp_dim_1': 104, 'num_heads': 1, 'final_dropout': 0.17251010927774596, 'train_learning_rate': 0.0023441506296119573, 'train_lr_reduce': 0.6}. Best is trial 613 with value: 0.045173268765211105.
[I 2024-12-25 20:30:22,548] Trial 863 finished with value: 0.16809725761413574 and parameters: {'L1_hidden_dim': 64, 'L1_layers_atom': 4, 'L1_layers_mol': 3, 'L1_dropout': 0.2965239022773032, 'L1_out_dim': 128, 'L2_hidden_dim': 192, 'L2_layers_atom': 4, 'L2_layers_mol': 1, 'L2_out_dim': 112, 'L2_dropout': 0.03122765118424279, 'L3_hidden_dim': 64, 'L3_layers_atom': 2, 'L3_layers_mol': 1, 'L3_out_dim': 64, 'L3_dropout': 0.26475099396230334, 'n_mlp_layers': 3, 'mlp_dim_0': 128, 'mlp_dim_1': 192, 'mlp_dim_2': 352, 'num_heads': 1, 'final_dropout': 0.034822610776490515, 'train_learning_rate': 0.009862523403949322, 'train_lr_reduce': 0.6}. Best is trial 613 with value: 0.045173268765211105.
[I 2024-12-25 20:30:29,204] Trial 867 finished with value: 0.07003290951251984 and parameters: {'L1_hidden_dim': 64, 'L1_layers_atom': 2, 'L1_layers_mol': 1, 'L1_dropout': 0.212233465533218, 'L1_out_dim': 112, 'L2_hidden_dim': 224, 'L2_layers_atom': 2, 'L2_layers_mol': 4, 'L2_out_dim': 80, 'L2_dropout': 0.08941040067528604, 'L3_hidden_dim': 64, 'L3_layers_atom': 2, 'L3_layers_mol': 2, 'L3_out_dim': 112, 'L3_dropout': 0.15064389752498203, 'n_mlp_layers': 2, 'mlp_dim_0': 80, 'mlp_dim_1': 192, 'num_heads': 1, 'final_dropout': 0.07303241871094843, 'train_learning_rate': 0.0013814411027376322, 'train_lr_reduce': 0.6}. Best is trial 613 with value: 0.045173268765211105.
[I 2024-12-25 20:30:37,551] Trial 866 finished with value: 0.06381241977214813 and parameters: {'L1_hidden_dim': 128, 'L1_layers_atom': 2, 'L1_layers_mol': 2, 'L1_dropout': 0.28262718094754, 'L1_out_dim': 80, 'L2_hidden_dim': 192, 'L2_layers_atom': 1, 'L2_layers_mol': 4, 'L2_out_dim': 80, 'L2_dropout': 0.07244454998101457, 'L3_hidden_dim': 64, 'L3_layers_atom': 3, 'L3_layers_mol': 3, 'L3_out_dim': 128, 'L3_dropout': 0.012257212425377747, 'n_mlp_layers': 2, 'mlp_dim_0': 248, 'mlp_dim_1': 424, 'num_heads': 1, 'final_dropout': 0.1285710709831938, 'train_learning_rate': 0.0014854710828000933, 'train_lr_reduce': 0.6}. Best is trial 613 with value: 0.045173268765211105.
[I 2024-12-25 20:31:59,689] Trial 869 finished with value: 0.06644158065319061 and parameters: {'L1_hidden_dim': 96, 'L1_layers_atom': 4, 'L1_layers_mol': 4, 'L1_dropout': 0.26617012146711866, 'L1_out_dim': 128, 'L2_hidden_dim': 192, 'L2_layers_atom': 1, 'L2_layers_mol': 1, 'L2_out_dim': 128, 'L2_dropout': 0.022175443535276684, 'L3_hidden_dim': 48, 'L3_layers_atom': 2, 'L3_layers_mol': 1, 'L3_out_dim': 80, 'L3_dropout': 0.28284452812375077, 'n_mlp_layers': 3, 'mlp_dim_0': 352, 'mlp_dim_1': 312, 'mlp_dim_2': 80, 'num_heads': 1, 'final_dropout': 0.07540551959097384, 'train_learning_rate': 0.0007100375222502362, 'train_lr_reduce': 0.6}. Best is trial 613 with value: 0.045173268765211105.
[I 2024-12-25 20:32:10,667] Trial 868 finished with value: 0.0728667601943016 and parameters: {'L1_hidden_dim': 112, 'L1_layers_atom': 3, 'L1_layers_mol': 3, 'L1_dropout': 0.22994838699572628, 'L1_out_dim': 112, 'L2_hidden_dim': 240, 'L2_layers_atom': 3, 'L2_layers_mol': 1, 'L2_out_dim': 128, 'L2_dropout': 0.05863530242413954, 'L3_hidden_dim': 48, 'L3_layers_atom': 3, 'L3_layers_mol': 2, 'L3_out_dim': 128, 'L3_dropout': 0.29824796463140096, 'n_mlp_layers': 2, 'mlp_dim_0': 136, 'mlp_dim_1': 208, 'num_heads': 2, 'final_dropout': 0.007417729165824852, 'train_learning_rate': 0.000586318673177049, 'train_lr_reduce': 0.6}. Best is trial 613 with value: 0.045173268765211105.
[I 2024-12-25 20:32:11,252] Trial 870 finished with value: 0.08480510115623474 and parameters: {'L1_hidden_dim': 80, 'L1_layers_atom': 2, 'L1_layers_mol': 3, 'L1_dropout': 0.25120988885736484, 'L1_out_dim': 128, 'L2_hidden_dim': 240, 'L2_layers_atom': 2, 'L2_layers_mol': 3, 'L2_out_dim': 112, 'L2_dropout': 0.1502078699133146, 'L3_hidden_dim': 128, 'L3_layers_atom': 1, 'L3_layers_mol': 1, 'L3_out_dim': 128, 'L3_dropout': 0.29815897383657614, 'n_mlp_layers': 3, 'mlp_dim_0': 280, 'mlp_dim_1': 184, 'mlp_dim_2': 128, 'num_heads': 1, 'final_dropout': 0.1283100482475715, 'train_learning_rate': 0.0014409995116572453, 'train_lr_reduce': 0.6}. Best is trial 613 with value: 0.045173268765211105.
[I 2024-12-25 20:34:04,123] Trial 872 finished with value: 0.06969139724969864 and parameters: {'L1_hidden_dim': 112, 'L1_layers_atom': 4, 'L1_layers_mol': 2, 'L1_dropout': 0.17479328588766663, 'L1_out_dim': 128, 'L2_hidden_dim': 224, 'L2_layers_atom': 3, 'L2_layers_mol': 3, 'L2_out_dim': 112, 'L2_dropout': 0.030556304321892727, 'L3_hidden_dim': 96, 'L3_layers_atom': 1, 'L3_layers_mol': 1, 'L3_out_dim': 96, 'L3_dropout': 0.010533202071205418, 'n_mlp_layers': 2, 'mlp_dim_0': 352, 'mlp_dim_1': 432, 'num_heads': 1, 'final_dropout': 0.04748751476013986, 'train_learning_rate': 0.0014957889816658602, 'train_lr_reduce': 0.6}. Best is trial 613 with value: 0.045173268765211105.
[I 2024-12-25 20:34:10,677] Trial 871 finished with value: 0.06926243752241135 and parameters: {'L1_hidden_dim': 144, 'L1_layers_atom': 4, 'L1_layers_mol': 3, 'L1_dropout': 0.23331030625960159, 'L1_out_dim': 64, 'L2_hidden_dim': 192, 'L2_layers_atom': 4, 'L2_layers_mol': 3, 'L2_out_dim': 80, 'L2_dropout': 0.1334369026470524, 'L3_hidden_dim': 48, 'L3_layers_atom': 4, 'L3_layers_mol': 1, 'L3_out_dim': 48, 'L3_dropout': 0.2561142736976646, 'n_mlp_layers': 2, 'mlp_dim_0': 40, 'mlp_dim_1': 432, 'num_heads': 2, 'final_dropout': 0.004447993638299855, 'train_learning_rate': 0.0007739881683001748, 'train_lr_reduce': 0.6}. Best is trial 613 with value: 0.045173268765211105.
[I 2024-12-25 20:34:48,208] Trial 873 finished with value: 0.0656452625989914 and parameters: {'L1_hidden_dim': 80, 'L1_layers_atom': 4, 'L1_layers_mol': 3, 'L1_dropout': 0.2723302124484077, 'L1_out_dim': 128, 'L2_hidden_dim': 144, 'L2_layers_atom': 4, 'L2_layers_mol': 1, 'L2_out_dim': 128, 'L2_dropout': 0.02113354947249458, 'L3_hidden_dim': 80, 'L3_layers_atom': 3, 'L3_layers_mol': 1, 'L3_out_dim': 64, 'L3_dropout': 0.22543753214249498, 'n_mlp_layers': 2, 'mlp_dim_0': 104, 'mlp_dim_1': 304, 'num_heads': 2, 'final_dropout': 0.12309379677318263, 'train_learning_rate': 0.00013256992402781918, 'train_lr_reduce': 0.6}. Best is trial 613 with value: 0.045173268765211105.
[I 2024-12-25 20:35:43,739] Trial 875 finished with value: 0.06401073187589645 and parameters: {'L1_hidden_dim': 144, 'L1_layers_atom': 4, 'L1_layers_mol': 1, 'L1_dropout': 0.2583865675887985, 'L1_out_dim': 64, 'L2_hidden_dim': 240, 'L2_layers_atom': 1, 'L2_layers_mol': 4, 'L2_out_dim': 32, 'L2_dropout': 0.06390607561051366, 'L3_hidden_dim': 48, 'L3_layers_atom': 4, 'L3_layers_mol': 4, 'L3_out_dim': 112, 'L3_dropout': 0.026397171278628614, 'n_mlp_layers': 3, 'mlp_dim_0': 280, 'mlp_dim_1': 432, 'mlp_dim_2': 32, 'num_heads': 1, 'final_dropout': 0.15847337507274342, 'train_learning_rate': 0.0035708600397532223, 'train_lr_reduce': 0.6}. Best is trial 613 with value: 0.045173268765211105.
[I 2024-12-25 20:35:59,404] Trial 874 finished with value: 0.07871491461992264 and parameters: {'L1_hidden_dim': 80, 'L1_layers_atom': 4, 'L1_layers_mol': 2, 'L1_dropout': 0.274855253207316, 'L1_out_dim': 48, 'L2_hidden_dim': 240, 'L2_layers_atom': 1, 'L2_layers_mol': 1, 'L2_out_dim': 112, 'L2_dropout': 0.012346411771579361, 'L3_hidden_dim': 64, 'L3_layers_atom': 4, 'L3_layers_mol': 4, 'L3_out_dim': 64, 'L3_dropout': 0.2721475953301444, 'n_mlp_layers': 1, 'mlp_dim_0': 232, 'num_heads': 2, 'final_dropout': 0.032137343064410455, 'train_learning_rate': 0.0003626697135920691, 'train_lr_reduce': 0.6}. Best is trial 613 with value: 0.045173268765211105.
[I 2024-12-25 20:36:52,675] Trial 877 finished with value: 0.07395646721124649 and parameters: {'L1_hidden_dim': 80, 'L1_layers_atom': 4, 'L1_layers_mol': 3, 'L1_dropout': 0.28653500392833153, 'L1_out_dim': 128, 'L2_hidden_dim': 176, 'L2_layers_atom': 1, 'L2_layers_mol': 1, 'L2_out_dim': 112, 'L2_dropout': 0.03056354007567247, 'L3_hidden_dim': 80, 'L3_layers_atom': 3, 'L3_layers_mol': 1, 'L3_out_dim': 32, 'L3_dropout': 0.23193905548600718, 'n_mlp_layers': 2, 'mlp_dim_0': 112, 'mlp_dim_1': 352, 'num_heads': 2, 'final_dropout': 0.13701068097681085, 'train_learning_rate': 0.0015838375938522409, 'train_lr_reduce': 0.6}. Best is trial 613 with value: 0.045173268765211105.
[I 2024-12-25 20:37:08,749] Trial 876 finished with value: 0.06355498731136322 and parameters: {'L1_hidden_dim': 64, 'L1_layers_atom': 4, 'L1_layers_mol': 1, 'L1_dropout': 0.27863778094862907, 'L1_out_dim': 128, 'L2_hidden_dim': 224, 'L2_layers_atom': 3, 'L2_layers_mol': 1, 'L2_out_dim': 64, 'L2_dropout': 0.011201367315759018, 'L3_hidden_dim': 80, 'L3_layers_atom': 3, 'L3_layers_mol': 1, 'L3_out_dim': 48, 'L3_dropout': 0.2527719188178644, 'n_mlp_layers': 3, 'mlp_dim_0': 48, 'mlp_dim_1': 432, 'mlp_dim_2': 216, 'num_heads': 2, 'final_dropout': 0.020210307245090084, 'train_learning_rate': 0.0006938645715421258, 'train_lr_reduce': 0.6}. Best is trial 613 with value: 0.045173268765211105.
[I 2024-12-25 20:38:04,028] Trial 878 finished with value: 0.06364379078149796 and parameters: {'L1_hidden_dim': 112, 'L1_layers_atom': 4, 'L1_layers_mol': 3, 'L1_dropout': 0.24666356537436793, 'L1_out_dim': 64, 'L2_hidden_dim': 240, 'L2_layers_atom': 3, 'L2_layers_mol': 3, 'L2_out_dim': 32, 'L2_dropout': 0.05035230446990686, 'L3_hidden_dim': 80, 'L3_layers_atom': 2, 'L3_layers_mol': 4, 'L3_out_dim': 128, 'L3_dropout': 0.031867859232269355, 'n_mlp_layers': 3, 'mlp_dim_0': 512, 'mlp_dim_1': 256, 'mlp_dim_2': 120, 'num_heads': 2, 'final_dropout': 0.07069816593270023, 'train_learning_rate': 0.0004487878949437739, 'train_lr_reduce': 0.6}. Best is trial 613 with value: 0.045173268765211105.
[I 2024-12-25 20:38:36,410] Trial 879 finished with value: 0.06140698492527008 and parameters: {'L1_hidden_dim': 96, 'L1_layers_atom': 4, 'L1_layers_mol': 4, 'L1_dropout': 0.20232325041941085, 'L1_out_dim': 48, 'L2_hidden_dim': 256, 'L2_layers_atom': 4, 'L2_layers_mol': 3, 'L2_out_dim': 32, 'L2_dropout': 0.02156058383753704, 'L3_hidden_dim': 64, 'L3_layers_atom': 3, 'L3_layers_mol': 3, 'L3_out_dim': 112, 'L3_dropout': 0.023014860363999162, 'n_mlp_layers': 3, 'mlp_dim_0': 496, 'mlp_dim_1': 40, 'mlp_dim_2': 80, 'num_heads': 1, 'final_dropout': 0.04647957660006582, 'train_learning_rate': 0.0005538928423402382, 'train_lr_reduce': 0.6}. Best is trial 613 with value: 0.045173268765211105.
[I 2024-12-25 20:38:54,905] Trial 882 finished with value: 1.0948725938796997 and parameters: {'L1_hidden_dim': 80, 'L1_layers_atom': 3, 'L1_layers_mol': 2, 'L1_dropout': 0.21656362811430532, 'L1_out_dim': 96, 'L2_hidden_dim': 240, 'L2_layers_atom': 3, 'L2_layers_mol': 4, 'L2_out_dim': 32, 'L2_dropout': 0.06301216123026186, 'L3_hidden_dim': 64, 'L3_layers_atom': 4, 'L3_layers_mol': 2, 'L3_out_dim': 128, 'L3_dropout': 0.059124771829406855, 'n_mlp_layers': 2, 'mlp_dim_0': 384, 'mlp_dim_1': 376, 'num_heads': 1, 'final_dropout': 0.13434514952397758, 'train_learning_rate': 0.0006082561698525529, 'train_lr_reduce': 0.6}. Best is trial 613 with value: 0.045173268765211105.
[I 2024-12-25 20:39:17,048] Trial 880 finished with value: 0.07036251574754715 and parameters: {'L1_hidden_dim': 80, 'L1_layers_atom': 3, 'L1_layers_mol': 3, 'L1_dropout': 0.2780110718621553, 'L1_out_dim': 128, 'L2_hidden_dim': 256, 'L2_layers_atom': 1, 'L2_layers_mol': 2, 'L2_out_dim': 96, 'L2_dropout': 0.09469144707281399, 'L3_hidden_dim': 48, 'L3_layers_atom': 3, 'L3_layers_mol': 2, 'L3_out_dim': 128, 'L3_dropout': 0.1504098839558543, 'n_mlp_layers': 2, 'mlp_dim_0': 64, 'mlp_dim_1': 432, 'num_heads': 1, 'final_dropout': 0.1917996602400228, 'train_learning_rate': 0.0012073122139187912, 'train_lr_reduce': 0.6}. Best is trial 613 with value: 0.045173268765211105.
[I 2024-12-25 20:40:15,528] Trial 881 finished with value: 0.06834648549556732 and parameters: {'L1_hidden_dim': 160, 'L1_layers_atom': 3, 'L1_layers_mol': 4, 'L1_dropout': 0.288170968837211, 'L1_out_dim': 128, 'L2_hidden_dim': 112, 'L2_layers_atom': 1, 'L2_layers_mol': 2, 'L2_out_dim': 128, 'L2_dropout': 0.030920394092049452, 'L3_hidden_dim': 64, 'L3_layers_atom': 4, 'L3_layers_mol': 4, 'L3_out_dim': 48, 'L3_dropout': 0.29320791871337143, 'n_mlp_layers': 1, 'mlp_dim_0': 48, 'num_heads': 2, 'final_dropout': 0.0009941943336804274, 'train_learning_rate': 0.003934479950317679, 'train_lr_reduce': 0.6}. Best is trial 613 with value: 0.045173268765211105.
[I 2024-12-25 20:40:23,121] Trial 884 finished with value: 0.06148385629057884 and parameters: {'L1_hidden_dim': 96, 'L1_layers_atom': 2, 'L1_layers_mol': 3, 'L1_dropout': 0.23384624507872812, 'L1_out_dim': 112, 'L2_hidden_dim': 176, 'L2_layers_atom': 1, 'L2_layers_mol': 3, 'L2_out_dim': 128, 'L2_dropout': 0.01636147609799277, 'L3_hidden_dim': 112, 'L3_layers_atom': 3, 'L3_layers_mol': 2, 'L3_out_dim': 96, 'L3_dropout': 0.052467464215580045, 'n_mlp_layers': 3, 'mlp_dim_0': 264, 'mlp_dim_1': 312, 'mlp_dim_2': 176, 'num_heads': 1, 'final_dropout': 0.11638840295133288, 'train_learning_rate': 0.0015967075821491463, 'train_lr_reduce': 0.6}. Best is trial 613 with value: 0.045173268765211105.
[I 2024-12-25 20:40:56,824] Trial 883 finished with value: 0.0653608962893486 and parameters: {'L1_hidden_dim': 128, 'L1_layers_atom': 3, 'L1_layers_mol': 3, 'L1_dropout': 0.2881108708231296, 'L1_out_dim': 80, 'L2_hidden_dim': 144, 'L2_layers_atom': 1, 'L2_layers_mol': 1, 'L2_out_dim': 128, 'L2_dropout': 0.014979262368904669, 'L3_hidden_dim': 64, 'L3_layers_atom': 3, 'L3_layers_mol': 4, 'L3_out_dim': 48, 'L3_dropout': 0.2527690141849377, 'n_mlp_layers': 1, 'mlp_dim_0': 168, 'num_heads': 2, 'final_dropout': 0.03316568638549077, 'train_learning_rate': 0.0004067799480552502, 'train_lr_reduce': 0.6}. Best is trial 613 with value: 0.045173268765211105.
[I 2024-12-25 20:42:13,603] Trial 886 finished with value: 0.07537997514009476 and parameters: {'L1_hidden_dim': 80, 'L1_layers_atom': 4, 'L1_layers_mol': 4, 'L1_dropout': 0.27987061679645314, 'L1_out_dim': 112, 'L2_hidden_dim': 256, 'L2_layers_atom': 2, 'L2_layers_mol': 2, 'L2_out_dim': 128, 'L2_dropout': 0.027999095696949642, 'L3_hidden_dim': 80, 'L3_layers_atom': 2, 'L3_layers_mol': 2, 'L3_out_dim': 128, 'L3_dropout': 0.2874491262186843, 'n_mlp_layers': 2, 'mlp_dim_0': 104, 'mlp_dim_1': 136, 'num_heads': 1, 'final_dropout': 0.008253770399098111, 'train_learning_rate': 0.0003846079214223079, 'train_lr_reduce': 0.6}. Best is trial 613 with value: 0.045173268765211105.
[I 2024-12-25 20:44:22,688] Trial 888 finished with value: 0.0734691470861435 and parameters: {'L1_hidden_dim': 64, 'L1_layers_atom': 4, 'L1_layers_mol': 2, 'L1_dropout': 0.20508123698336517, 'L1_out_dim': 64, 'L2_hidden_dim': 224, 'L2_layers_atom': 3, 'L2_layers_mol': 3, 'L2_out_dim': 48, 'L2_dropout': 0.0023403733093972576, 'L3_hidden_dim': 32, 'L3_layers_atom': 3, 'L3_layers_mol': 3, 'L3_out_dim': 96, 'L3_dropout': 0.03153625310861373, 'n_mlp_layers': 3, 'mlp_dim_0': 496, 'mlp_dim_1': 376, 'mlp_dim_2': 72, 'num_heads': 2, 'final_dropout': 0.03869945752271816, 'train_learning_rate': 0.00020726334848063742, 'train_lr_reduce': 0.6}. Best is trial 613 with value: 0.045173268765211105.
[I 2024-12-25 20:44:28,428] Trial 885 finished with value: 0.07373909652233124 and parameters: {'L1_hidden_dim': 64, 'L1_layers_atom': 4, 'L1_layers_mol': 3, 'L1_dropout': 0.2906508966526405, 'L1_out_dim': 96, 'L2_hidden_dim': 160, 'L2_layers_atom': 2, 'L2_layers_mol': 1, 'L2_out_dim': 128, 'L2_dropout': 0.02527667037272264, 'L3_hidden_dim': 32, 'L3_layers_atom': 4, 'L3_layers_mol': 4, 'L3_out_dim': 112, 'L3_dropout': 0.2298778877229511, 'n_mlp_layers': 2, 'mlp_dim_0': 48, 'mlp_dim_1': 424, 'num_heads': 2, 'final_dropout': 0.08413283227080283, 'train_learning_rate': 0.00022319446615127732, 'train_lr_reduce': 0.6}. Best is trial 613 with value: 0.045173268765211105.
[I 2024-12-25 20:44:35,147] Trial 887 finished with value: 0.08502008020877838 and parameters: {'L1_hidden_dim': 64, 'L1_layers_atom': 4, 'L1_layers_mol': 3, 'L1_dropout': 0.2678304484791465, 'L1_out_dim': 128, 'L2_hidden_dim': 192, 'L2_layers_atom': 3, 'L2_layers_mol': 1, 'L2_out_dim': 128, 'L2_dropout': 0.00983495757195917, 'L3_hidden_dim': 32, 'L3_layers_atom': 2, 'L3_layers_mol': 1, 'L3_out_dim': 112, 'L3_dropout': 0.2720834208739137, 'n_mlp_layers': 3, 'mlp_dim_0': 104, 'mlp_dim_1': 432, 'mlp_dim_2': 120, 'num_heads': 1, 'final_dropout': 0.01235606549162495, 'train_learning_rate': 0.00019027691559015243, 'train_lr_reduce': 0.6}. Best is trial 613 with value: 0.045173268765211105.
[I 2024-12-25 20:46:23,057] Trial 890 finished with value: 0.08038750290870667 and parameters: {'L1_hidden_dim': 64, 'L1_layers_atom': 2, 'L1_layers_mol': 3, 'L1_dropout': 0.23591925076560039, 'L1_out_dim': 128, 'L2_hidden_dim': 160, 'L2_layers_atom': 1, 'L2_layers_mol': 2, 'L2_out_dim': 128, 'L2_dropout': 0.06930603811692557, 'L3_hidden_dim': 48, 'L3_layers_atom': 4, 'L3_layers_mol': 4, 'L3_out_dim': 128, 'L3_dropout': 0.23267708752625157, 'n_mlp_layers': 3, 'mlp_dim_0': 176, 'mlp_dim_1': 312, 'mlp_dim_2': 160, 'num_heads': 2, 'final_dropout': 0.0487704285383104, 'train_learning_rate': 0.003872101257351907, 'train_lr_reduce': 0.6}. Best is trial 613 with value: 0.045173268765211105.
[I 2024-12-25 20:46:46,111] Trial 889 finished with value: 0.07213204354047775 and parameters: {'L1_hidden_dim': 80, 'L1_layers_atom': 4, 'L1_layers_mol': 3, 'L1_dropout': 0.2762368563408306, 'L1_out_dim': 112, 'L2_hidden_dim': 176, 'L2_layers_atom': 4, 'L2_layers_mol': 2, 'L2_out_dim': 112, 'L2_dropout': 0.08101316431074355, 'L3_hidden_dim': 80, 'L3_layers_atom': 3, 'L3_layers_mol': 1, 'L3_out_dim': 64, 'L3_dropout': 0.21924142768542662, 'n_mlp_layers': 1, 'mlp_dim_0': 112, 'num_heads': 2, 'final_dropout': 0.002998522344668686, 'train_learning_rate': 0.00046441949574590845, 'train_lr_reduce': 0.6}. Best is trial 613 with value: 0.045173268765211105.
[I 2024-12-25 20:48:00,078] Trial 891 finished with value: 0.07093997299671173 and parameters: {'L1_hidden_dim': 80, 'L1_layers_atom': 4, 'L1_layers_mol': 3, 'L1_dropout': 0.20117364215983527, 'L1_out_dim': 96, 'L2_hidden_dim': 208, 'L2_layers_atom': 3, 'L2_layers_mol': 2, 'L2_out_dim': 128, 'L2_dropout': 0.09348546625163397, 'L3_hidden_dim': 32, 'L3_layers_atom': 4, 'L3_layers_mol': 1, 'L3_out_dim': 128, 'L3_dropout': 0.24996869800387053, 'n_mlp_layers': 1, 'mlp_dim_0': 144, 'num_heads': 2, 'final_dropout': 0.08589637459176167, 'train_learning_rate': 0.0003612119478299038, 'train_lr_reduce': 0.6}. Best is trial 613 with value: 0.045173268765211105.
[I 2024-12-25 20:48:07,791] Trial 893 finished with value: 0.0760568231344223 and parameters: {'L1_hidden_dim': 80, 'L1_layers_atom': 2, 'L1_layers_mol': 4, 'L1_dropout': 0.25623398051001045, 'L1_out_dim': 112, 'L2_hidden_dim': 240, 'L2_layers_atom': 1, 'L2_layers_mol': 1, 'L2_out_dim': 112, 'L2_dropout': 0.07770607642161759, 'L3_hidden_dim': 80, 'L3_layers_atom': 2, 'L3_layers_mol': 1, 'L3_out_dim': 128, 'L3_dropout': 0.28068707518517444, 'n_mlp_layers': 3, 'mlp_dim_0': 328, 'mlp_dim_1': 216, 'mlp_dim_2': 128, 'num_heads': 1, 'final_dropout': 0.1665008496748968, 'train_learning_rate': 0.0027978915601557367, 'train_lr_reduce': 0.6}. Best is trial 613 with value: 0.045173268765211105.
[I 2024-12-25 20:48:08,802] Trial 892 finished with value: 0.06672068685293198 and parameters: {'L1_hidden_dim': 80, 'L1_layers_atom': 4, 'L1_layers_mol': 3, 'L1_dropout': 0.2814331772714469, 'L1_out_dim': 64, 'L2_hidden_dim': 224, 'L2_layers_atom': 3, 'L2_layers_mol': 3, 'L2_out_dim': 48, 'L2_dropout': 0.0012593559946641013, 'L3_hidden_dim': 80, 'L3_layers_atom': 3, 'L3_layers_mol': 2, 'L3_out_dim': 128, 'L3_dropout': 0.03013100421786846, 'n_mlp_layers': 3, 'mlp_dim_0': 464, 'mlp_dim_1': 440, 'mlp_dim_2': 80, 'num_heads': 1, 'final_dropout': 0.11803991850909837, 'train_learning_rate': 0.0006870148050246481, 'train_lr_reduce': 0.6}. Best is trial 613 with value: 0.045173268765211105.
[I 2024-12-25 20:49:20,767] Trial 896 finished with value: 0.09074542671442032 and parameters: {'L1_hidden_dim': 64, 'L1_layers_atom': 3, 'L1_layers_mol': 2, 'L1_dropout': 0.24800627648334875, 'L1_out_dim': 112, 'L2_hidden_dim': 208, 'L2_layers_atom': 1, 'L2_layers_mol': 4, 'L2_out_dim': 80, 'L2_dropout': 0.002500396976202565, 'L3_hidden_dim': 64, 'L3_layers_atom': 3, 'L3_layers_mol': 2, 'L3_out_dim': 96, 'L3_dropout': 0.054009719528632635, 'n_mlp_layers': 2, 'mlp_dim_0': 232, 'mlp_dim_1': 440, 'num_heads': 1, 'final_dropout': 0.09558231131511853, 'train_learning_rate': 0.003620693328105775, 'train_lr_reduce': 0.6}. Best is trial 613 with value: 0.045173268765211105.
[I 2024-12-25 20:49:47,306] Trial 895 finished with value: 0.08630692213773727 and parameters: {'L1_hidden_dim': 80, 'L1_layers_atom': 4, 'L1_layers_mol': 4, 'L1_dropout': 0.29703986891827777, 'L1_out_dim': 96, 'L2_hidden_dim': 144, 'L2_layers_atom': 4, 'L2_layers_mol': 2, 'L2_out_dim': 128, 'L2_dropout': 0.04137331420479847, 'L3_hidden_dim': 80, 'L3_layers_atom': 3, 'L3_layers_mol': 2, 'L3_out_dim': 32, 'L3_dropout': 0.21328579514398863, 'n_mlp_layers': 2, 'mlp_dim_0': 48, 'mlp_dim_1': 272, 'num_heads': 2, 'final_dropout': 0.035204258027192264, 'train_learning_rate': 0.0008961646907968711, 'train_lr_reduce': 0.6}. Best is trial 613 with value: 0.045173268765211105.
