[I 2024-12-15 23:55:07,748] Trial 1335 finished with value: 0.13087862730026245 and parameters: {'mlp_n_layers': 3, 'mlp_dim_00': 160, 'mlp_dim_01': 256, 'mlp_dim_02': 160, 'hidden_channels': 160, 'num_layers': 1, 'num_timesteps': 4, 'dropout': 0.05567419324141816, 'train_learning_rate': 0.0002029444422627709, 'train_lr_reduce': 0.6}. Best is trial 130 with value: 0.0812772810459137.
[I 2024-12-15 23:55:13,727] Trial 1337 finished with value: 0.11120231449604034 and parameters: {'mlp_n_layers': 2, 'mlp_dim_00': 176, 'mlp_dim_01': 96, 'hidden_channels': 80, 'num_layers': 3, 'num_timesteps': 3, 'dropout': 0.21966283323038716, 'train_learning_rate': 0.002655470283643194, 'train_lr_reduce': 0.6}. Best is trial 130 with value: 0.0812772810459137.
[I 2024-12-15 23:55:18,358] Trial 1338 finished with value: 0.13357552886009216 and parameters: {'mlp_n_layers': 3, 'mlp_dim_00': 240, 'mlp_dim_01': 256, 'mlp_dim_02': 128, 'hidden_channels': 224, 'num_layers': 1, 'num_timesteps': 3, 'dropout': 0.151635274512058, 'train_learning_rate': 0.009942901902738754, 'train_lr_reduce': 0.6}. Best is trial 130 with value: 0.0812772810459137.
[I 2024-12-15 23:55:26,425] Trial 1340 finished with value: 0.10261120647192001 and parameters: {'mlp_n_layers': 3, 'mlp_dim_00': 240, 'mlp_dim_01': 176, 'mlp_dim_02': 144, 'hidden_channels': 32, 'num_layers': 1, 'num_timesteps': 3, 'dropout': 0.2537138530565608, 'train_learning_rate': 0.0026851824184073356, 'train_lr_reduce': 0.6}. Best is trial 130 with value: 0.0812772810459137.
[I 2024-12-15 23:55:27,889] Trial 1339 finished with value: 0.10349883139133453 and parameters: {'mlp_n_layers': 3, 'mlp_dim_00': 256, 'mlp_dim_01': 256, 'mlp_dim_02': 176, 'hidden_channels': 32, 'num_layers': 1, 'num_timesteps': 4, 'dropout': 0.2920942029381253, 'train_learning_rate': 0.007295468178164761, 'train_lr_reduce': 0.6}. Best is trial 130 with value: 0.0812772810459137.
[I 2024-12-15 23:55:40,264] Trial 1342 finished with value: 0.10915570706129074 and parameters: {'mlp_n_layers': 4, 'mlp_dim_00': 160, 'mlp_dim_01': 240, 'mlp_dim_02': 160, 'mlp_dim_03': 144, 'hidden_channels': 32, 'num_layers': 1, 'num_timesteps': 2, 'dropout': 0.2302813462680542, 'train_learning_rate': 0.006093387128256657, 'train_lr_reduce': 0.6}. Best is trial 130 with value: 0.0812772810459137.
[I 2024-12-15 23:55:40,979] Trial 1341 finished with value: 0.17093420028686523 and parameters: {'mlp_n_layers': 3, 'mlp_dim_00': 32, 'mlp_dim_01': 128, 'mlp_dim_02': 96, 'hidden_channels': 160, 'num_layers': 2, 'num_timesteps': 3, 'dropout': 0.23827637054327597, 'train_learning_rate': 0.00031883790190108917, 'train_lr_reduce': 0.6}. Best is trial 130 with value: 0.0812772810459137.
[I 2024-12-15 23:55:42,046] Trial 1343 finished with value: 0.12217577546834946 and parameters: {'mlp_n_layers': 2, 'mlp_dim_00': 32, 'mlp_dim_01': 144, 'hidden_channels': 48, 'num_layers': 2, 'num_timesteps': 4, 'dropout': 0.19064940362941662, 'train_learning_rate': 0.008879742970443605, 'train_lr_reduce': 0.6}. Best is trial 130 with value: 0.0812772810459137.
[I 2024-12-15 23:55:52,831] Trial 1345 finished with value: 0.12795555591583252 and parameters: {'mlp_n_layers': 2, 'mlp_dim_00': 192, 'mlp_dim_01': 160, 'hidden_channels': 32, 'num_layers': 3, 'num_timesteps': 1, 'dropout': 0.055215997456857416, 'train_learning_rate': 0.006734012235126578, 'train_lr_reduce': 0.6}. Best is trial 130 with value: 0.0812772810459137.
[I 2024-12-15 23:55:53,774] Trial 1344 finished with value: 0.12185774743556976 and parameters: {'mlp_n_layers': 2, 'mlp_dim_00': 224, 'mlp_dim_01': 224, 'hidden_channels': 144, 'num_layers': 2, 'num_timesteps': 3, 'dropout': 0.19230623764000174, 'train_learning_rate': 0.005898106788195719, 'train_lr_reduce': 0.6}. Best is trial 130 with value: 0.0812772810459137.
[I 2024-12-15 23:56:03,488] Trial 1346 finished with value: 0.1288134604692459 and parameters: {'mlp_n_layers': 2, 'mlp_dim_00': 32, 'mlp_dim_01': 112, 'hidden_channels': 48, 'num_layers': 3, 'num_timesteps': 4, 'dropout': 0.02953343760657727, 'train_learning_rate': 0.001776216678018959, 'train_lr_reduce': 0.6}. Best is trial 130 with value: 0.0812772810459137.
[I 2024-12-15 23:56:11,457] Trial 1348 finished with value: 0.12202445417642593 and parameters: {'mlp_n_layers': 2, 'mlp_dim_00': 48, 'mlp_dim_01': 96, 'hidden_channels': 32, 'num_layers': 4, 'num_timesteps': 3, 'dropout': 0.23244085410447593, 'train_learning_rate': 0.005219073349466624, 'train_lr_reduce': 0.6}. Best is trial 130 with value: 0.0812772810459137.
[I 2024-12-15 23:56:12,349] Trial 1347 finished with value: 0.1480959802865982 and parameters: {'mlp_n_layers': 3, 'mlp_dim_00': 192, 'mlp_dim_01': 208, 'mlp_dim_02': 128, 'hidden_channels': 32, 'num_layers': 1, 'num_timesteps': 2, 'dropout': 0.2159499979500278, 'train_learning_rate': 0.009275221714529333, 'train_lr_reduce': 0.6}. Best is trial 130 with value: 0.0812772810459137.
[I 2024-12-15 23:56:17,273] Trial 1349 finished with value: 0.11223804205656052 and parameters: {'mlp_n_layers': 2, 'mlp_dim_00': 112, 'mlp_dim_01': 192, 'hidden_channels': 80, 'num_layers': 1, 'num_timesteps': 1, 'dropout': 0.21364027358353366, 'train_learning_rate': 0.0015654027091555618, 'train_lr_reduce': 0.6}. Best is trial 130 with value: 0.0812772810459137.
[I 2024-12-15 23:56:30,585] Trial 1350 finished with value: 0.08440158516168594 and parameters: {'mlp_n_layers': 2, 'mlp_dim_00': 96, 'mlp_dim_01': 192, 'hidden_channels': 32, 'num_layers': 2, 'num_timesteps': 4, 'dropout': 0.17817439319874678, 'train_learning_rate': 0.0038048886461672492, 'train_lr_reduce': 0.6}. Best is trial 130 with value: 0.0812772810459137.
[I 2024-12-15 23:56:35,032] Trial 1351 finished with value: 0.12988173961639404 and parameters: {'mlp_n_layers': 4, 'mlp_dim_00': 240, 'mlp_dim_01': 160, 'mlp_dim_02': 176, 'mlp_dim_03': 112, 'hidden_channels': 32, 'num_layers': 1, 'num_timesteps': 3, 'dropout': 0.18746513778541557, 'train_learning_rate': 0.00230168275325922, 'train_lr_reduce': 0.6}. Best is trial 130 with value: 0.0812772810459137.
[I 2024-12-15 23:56:49,245] Trial 1352 finished with value: 0.1485886573791504 and parameters: {'mlp_n_layers': 3, 'mlp_dim_00': 208, 'mlp_dim_01': 96, 'mlp_dim_02': 112, 'hidden_channels': 240, 'num_layers': 3, 'num_timesteps': 3, 'dropout': 0.21922903434186797, 'train_learning_rate': 0.0001679210745076679, 'train_lr_reduce': 0.6}. Best is trial 130 with value: 0.0812772810459137.
[I 2024-12-15 23:56:59,269] Trial 1353 finished with value: 0.15029405057430267 and parameters: {'mlp_n_layers': 4, 'mlp_dim_00': 160, 'mlp_dim_01': 224, 'mlp_dim_02': 64, 'mlp_dim_03': 48, 'hidden_channels': 80, 'num_layers': 3, 'num_timesteps': 3, 'dropout': 0.24099615645120281, 'train_learning_rate': 0.0006213028576187044, 'train_lr_reduce': 0.6}. Best is trial 130 with value: 0.0812772810459137.
[I 2024-12-15 23:57:02,518] Trial 1354 finished with value: 0.14842411875724792 and parameters: {'mlp_n_layers': 2, 'mlp_dim_00': 240, 'mlp_dim_01': 64, 'hidden_channels': 208, 'num_layers': 1, 'num_timesteps': 4, 'dropout': 0.27354925777431327, 'train_learning_rate': 0.00013857665093140221, 'train_lr_reduce': 0.6}. Best is trial 130 with value: 0.0812772810459137.
[I 2024-12-15 23:57:08,005] Trial 1355 finished with value: 0.1304730623960495 and parameters: {'mlp_n_layers': 2, 'mlp_dim_00': 96, 'mlp_dim_01': 128, 'hidden_channels': 32, 'num_layers': 2, 'num_timesteps': 4, 'dropout': 0.1867018561116001, 'train_learning_rate': 0.0014236987714881374, 'train_lr_reduce': 0.6}. Best is trial 130 with value: 0.0812772810459137.
[I 2024-12-15 23:57:10,079] Trial 1356 finished with value: 0.11764608323574066 and parameters: {'mlp_n_layers': 2, 'mlp_dim_00': 256, 'mlp_dim_01': 224, 'hidden_channels': 112, 'num_layers': 1, 'num_timesteps': 3, 'dropout': 0.16685646157520034, 'train_learning_rate': 0.006749348948183115, 'train_lr_reduce': 0.6}. Best is trial 130 with value: 0.0812772810459137.
[I 2024-12-15 23:57:17,435] Trial 1357 finished with value: 0.10700663179159164 and parameters: {'mlp_n_layers': 2, 'mlp_dim_00': 192, 'mlp_dim_01': 176, 'hidden_channels': 80, 'num_layers': 2, 'num_timesteps': 4, 'dropout': 0.20594255610975487, 'train_learning_rate': 0.005595857994551557, 'train_lr_reduce': 0.6}. Best is trial 130 with value: 0.0812772810459137.
[I 2024-12-15 23:57:23,821] Trial 1358 finished with value: 0.1127428337931633 and parameters: {'mlp_n_layers': 2, 'mlp_dim_00': 80, 'mlp_dim_01': 160, 'hidden_channels': 80, 'num_layers': 3, 'num_timesteps': 4, 'dropout': 0.10362405925584998, 'train_learning_rate': 0.005262786652602308, 'train_lr_reduce': 0.6}. Best is trial 130 with value: 0.0812772810459137.
[I 2024-12-15 23:57:29,944] Trial 1359 finished with value: 0.16564658284187317 and parameters: {'mlp_n_layers': 4, 'mlp_dim_00': 80, 'mlp_dim_01': 48, 'mlp_dim_02': 80, 'mlp_dim_03': 32, 'hidden_channels': 256, 'num_layers': 3, 'num_timesteps': 2, 'dropout': 0.09823339928917277, 'train_learning_rate': 0.0021774321740225325, 'train_lr_reduce': 0.6}. Best is trial 130 with value: 0.0812772810459137.
[I 2024-12-15 23:57:44,284] Trial 1360 finished with value: 0.12256108224391937 and parameters: {'mlp_n_layers': 2, 'mlp_dim_00': 96, 'mlp_dim_01': 256, 'hidden_channels': 48, 'num_layers': 3, 'num_timesteps': 4, 'dropout': 0.09553014813424074, 'train_learning_rate': 0.002571712152723138, 'train_lr_reduce': 0.6}. Best is trial 130 with value: 0.0812772810459137.
[I 2024-12-15 23:57:47,575] Trial 1361 finished with value: 0.1258305162191391 and parameters: {'mlp_n_layers': 2, 'mlp_dim_00': 128, 'mlp_dim_01': 208, 'hidden_channels': 256, 'num_layers': 4, 'num_timesteps': 1, 'dropout': 0.23775560366610088, 'train_learning_rate': 0.0012506327464618424, 'train_lr_reduce': 0.6}. Best is trial 130 with value: 0.0812772810459137.
[I 2024-12-15 23:57:52,516] Trial 1362 finished with value: 0.13461783528327942 and parameters: {'mlp_n_layers': 4, 'mlp_dim_00': 144, 'mlp_dim_01': 192, 'mlp_dim_02': 96, 'mlp_dim_03': 64, 'hidden_channels': 176, 'num_layers': 2, 'num_timesteps': 1, 'dropout': 0.16993100441303075, 'train_learning_rate': 0.0029253527359094085, 'train_lr_reduce': 0.6}. Best is trial 130 with value: 0.0812772810459137.
[I 2024-12-15 23:57:59,474] Trial 1364 finished with value: 0.11465257406234741 and parameters: {'mlp_n_layers': 2, 'mlp_dim_00': 240, 'mlp_dim_01': 256, 'hidden_channels': 128, 'num_layers': 1, 'num_timesteps': 4, 'dropout': 0.25596419517650176, 'train_learning_rate': 0.003375804050165636, 'train_lr_reduce': 0.6}. Best is trial 130 with value: 0.0812772810459137.
[I 2024-12-15 23:58:07,781] Trial 1363 finished with value: 0.09708693623542786 and parameters: {'mlp_n_layers': 2, 'mlp_dim_00': 96, 'mlp_dim_01': 192, 'hidden_channels': 32, 'num_layers': 3, 'num_timesteps': 4, 'dropout': 0.15041346956519985, 'train_learning_rate': 0.001542213649123901, 'train_lr_reduce': 0.6}. Best is trial 130 with value: 0.0812772810459137.
[I 2024-12-15 23:58:13,108] Trial 1366 finished with value: 0.11788692325353622 and parameters: {'mlp_n_layers': 2, 'mlp_dim_00': 64, 'mlp_dim_01': 192, 'hidden_channels': 32, 'num_layers': 2, 'num_timesteps': 4, 'dropout': 0.1442277849215633, 'train_learning_rate': 0.003903377997285779, 'train_lr_reduce': 0.6}. Best is trial 130 with value: 0.0812772810459137.
[I 2024-12-15 23:58:14,193] Trial 1365 finished with value: 0.1261124163866043 and parameters: {'mlp_n_layers': 3, 'mlp_dim_00': 96, 'mlp_dim_01': 240, 'mlp_dim_02': 48, 'hidden_channels': 224, 'num_layers': 2, 'num_timesteps': 3, 'dropout': 0.08109311098669134, 'train_learning_rate': 0.0005995686402871264, 'train_lr_reduce': 0.6}. Best is trial 130 with value: 0.0812772810459137.
[I 2024-12-15 23:58:22,234] Trial 1367 finished with value: 0.10330934077501297 and parameters: {'mlp_n_layers': 2, 'mlp_dim_00': 144, 'mlp_dim_01': 208, 'hidden_channels': 32, 'num_layers': 2, 'num_timesteps': 4, 'dropout': 0.20698471500665835, 'train_learning_rate': 0.0038296102307552077, 'train_lr_reduce': 0.6}. Best is trial 130 with value: 0.0812772810459137.
[I 2024-12-15 23:58:26,218] Trial 1369 finished with value: 0.10778055340051651 and parameters: {'mlp_n_layers': 2, 'mlp_dim_00': 256, 'mlp_dim_01': 256, 'hidden_channels': 32, 'num_layers': 2, 'num_timesteps': 3, 'dropout': 0.2366059957707302, 'train_learning_rate': 0.0038101959468500343, 'train_lr_reduce': 0.6}. Best is trial 130 with value: 0.0812772810459137.
[I 2024-12-15 23:58:28,562] Trial 1368 finished with value: 0.11928814649581909 and parameters: {'mlp_n_layers': 3, 'mlp_dim_00': 80, 'mlp_dim_01': 176, 'mlp_dim_02': 96, 'hidden_channels': 64, 'num_layers': 2, 'num_timesteps': 4, 'dropout': 0.1521638985584369, 'train_learning_rate': 0.004256281555071024, 'train_lr_reduce': 0.6}. Best is trial 130 with value: 0.0812772810459137.
[I 2024-12-15 23:58:35,986] Trial 1371 finished with value: 0.09427466988563538 and parameters: {'mlp_n_layers': 2, 'mlp_dim_00': 128, 'mlp_dim_01': 256, 'hidden_channels': 32, 'num_layers': 2, 'num_timesteps': 4, 'dropout': 0.10961196333181861, 'train_learning_rate': 0.009451200780131206, 'train_lr_reduce': 0.6}. Best is trial 130 with value: 0.0812772810459137.
[I 2024-12-15 23:58:36,694] Trial 1370 finished with value: 0.08930623531341553 and parameters: {'mlp_n_layers': 2, 'mlp_dim_00': 48, 'mlp_dim_01': 256, 'hidden_channels': 32, 'num_layers': 2, 'num_timesteps': 4, 'dropout': 0.12413174201031722, 'train_learning_rate': 0.009575318166342396, 'train_lr_reduce': 0.6}. Best is trial 130 with value: 0.0812772810459137.
[I 2024-12-15 23:58:41,948] Trial 1372 finished with value: 0.11389370262622833 and parameters: {'mlp_n_layers': 3, 'mlp_dim_00': 208, 'mlp_dim_01': 240, 'mlp_dim_02': 112, 'hidden_channels': 176, 'num_layers': 1, 'num_timesteps': 3, 'dropout': 0.18722544045160738, 'train_learning_rate': 0.009005216558344433, 'train_lr_reduce': 0.6}. Best is trial 130 with value: 0.0812772810459137.
[I 2024-12-15 23:58:48,745] Trial 1373 finished with value: 0.10686703771352768 and parameters: {'mlp_n_layers': 2, 'mlp_dim_00': 64, 'mlp_dim_01': 192, 'hidden_channels': 64, 'num_layers': 2, 'num_timesteps': 4, 'dropout': 0.27914548715994364, 'train_learning_rate': 0.00453063213245, 'train_lr_reduce': 0.6}. Best is trial 130 with value: 0.0812772810459137.
[I 2024-12-15 23:58:51,721] Trial 1374 finished with value: 0.10658660531044006 and parameters: {'mlp_n_layers': 2, 'mlp_dim_00': 96, 'mlp_dim_01': 176, 'hidden_channels': 32, 'num_layers': 3, 'num_timesteps': 4, 'dropout': 0.221903724757908, 'train_learning_rate': 0.006463797378442974, 'train_lr_reduce': 0.6}. Best is trial 130 with value: 0.0812772810459137.
[I 2024-12-15 23:58:54,195] Trial 1375 finished with value: 0.09872323274612427 and parameters: {'mlp_n_layers': 2, 'mlp_dim_00': 208, 'mlp_dim_01': 192, 'hidden_channels': 64, 'num_layers': 2, 'num_timesteps': 3, 'dropout': 0.20879218394245405, 'train_learning_rate': 0.00808058564433312, 'train_lr_reduce': 0.6}. Best is trial 130 with value: 0.0812772810459137.
[I 2024-12-15 23:59:02,372] Trial 1376 finished with value: 0.11096365004777908 and parameters: {'mlp_n_layers': 3, 'mlp_dim_00': 96, 'mlp_dim_01': 240, 'mlp_dim_02': 224, 'hidden_channels': 80, 'num_layers': 2, 'num_timesteps': 4, 'dropout': 0.08831951999626024, 'train_learning_rate': 0.009287954620641723, 'train_lr_reduce': 0.6}. Best is trial 130 with value: 0.0812772810459137.
[I 2024-12-15 23:59:04,324] Trial 1377 finished with value: 0.11574172973632812 and parameters: {'mlp_n_layers': 2, 'mlp_dim_00': 32, 'mlp_dim_01': 256, 'hidden_channels': 64, 'num_layers': 2, 'num_timesteps': 4, 'dropout': 0.15423653751437474, 'train_learning_rate': 0.009826936421114513, 'train_lr_reduce': 0.6}. Best is trial 130 with value: 0.0812772810459137.
[I 2024-12-15 23:59:04,338] Trial 1378 finished with value: 0.10670548677444458 and parameters: {'mlp_n_layers': 2, 'mlp_dim_00': 80, 'mlp_dim_01': 240, 'hidden_channels': 80, 'num_layers': 2, 'num_timesteps': 4, 'dropout': 0.09873014723274119, 'train_learning_rate': 0.008105967772558162, 'train_lr_reduce': 0.6}. Best is trial 130 with value: 0.0812772810459137.
[I 2024-12-15 23:59:16,029] Trial 1380 finished with value: 0.10752832889556885 and parameters: {'mlp_n_layers': 2, 'mlp_dim_00': 96, 'mlp_dim_01': 208, 'hidden_channels': 80, 'num_layers': 2, 'num_timesteps': 4, 'dropout': 0.1305900662419528, 'train_learning_rate': 0.004384782995831825, 'train_lr_reduce': 0.6}. Best is trial 130 with value: 0.0812772810459137.
[I 2024-12-15 23:59:17,051] Trial 1381 finished with value: 0.10545051097869873 and parameters: {'mlp_n_layers': 3, 'mlp_dim_00': 64, 'mlp_dim_01': 256, 'mlp_dim_02': 224, 'hidden_channels': 32, 'num_layers': 2, 'num_timesteps': 4, 'dropout': 0.11706867955345286, 'train_learning_rate': 0.008193181749880433, 'train_lr_reduce': 0.6}. Best is trial 130 with value: 0.0812772810459137.
[I 2024-12-15 23:59:28,335] Trial 1379 finished with value: 0.16212216019630432 and parameters: {'mlp_n_layers': 3, 'mlp_dim_00': 256, 'mlp_dim_01': 112, 'mlp_dim_02': 32, 'hidden_channels': 48, 'num_layers': 4, 'num_timesteps': 1, 'dropout': 0.28103921402015, 'train_learning_rate': 0.00039076704561805516, 'train_lr_reduce': 0.6}. Best is trial 130 with value: 0.0812772810459137.
[I 2024-12-15 23:59:31,755] Trial 1382 finished with value: 0.1480311155319214 and parameters: {'mlp_n_layers': 2, 'mlp_dim_00': 208, 'mlp_dim_01': 192, 'hidden_channels': 160, 'num_layers': 2, 'num_timesteps': 3, 'dropout': 0.25260153155649767, 'train_learning_rate': 0.00726358857846326, 'train_lr_reduce': 0.6}. Best is trial 130 with value: 0.0812772810459137.
[I 2024-12-15 23:59:41,434] Trial 1383 finished with value: 0.1317479908466339 and parameters: {'mlp_n_layers': 3, 'mlp_dim_00': 128, 'mlp_dim_01': 160, 'mlp_dim_02': 208, 'hidden_channels': 224, 'num_layers': 1, 'num_timesteps': 2, 'dropout': 0.04195263989674894, 'train_learning_rate': 0.0001783263776566169, 'train_lr_reduce': 0.6}. Best is trial 130 with value: 0.0812772810459137.
[I 2024-12-15 23:59:46,702] Trial 1385 finished with value: 0.10564842820167542 and parameters: {'mlp_n_layers': 3, 'mlp_dim_00': 112, 'mlp_dim_01': 192, 'mlp_dim_02': 256, 'hidden_channels': 32, 'num_layers': 2, 'num_timesteps': 4, 'dropout': 0.12395873167541732, 'train_learning_rate': 0.005863769082017381, 'train_lr_reduce': 0.6}. Best is trial 130 with value: 0.0812772810459137.
[I 2024-12-15 23:59:47,816] Trial 1384 finished with value: 0.09385546296834946 and parameters: {'mlp_n_layers': 2, 'mlp_dim_00': 80, 'mlp_dim_01': 224, 'hidden_channels': 32, 'num_layers': 3, 'num_timesteps': 4, 'dropout': 0.12534710324477466, 'train_learning_rate': 0.00625723340907816, 'train_lr_reduce': 0.6}. Best is trial 130 with value: 0.0812772810459137.
[I 2024-12-15 23:59:58,785] Trial 1388 finished with value: 0.10071752965450287 and parameters: {'mlp_n_layers': 2, 'mlp_dim_00': 224, 'mlp_dim_01': 192, 'hidden_channels': 112, 'num_layers': 1, 'num_timesteps': 4, 'dropout': 0.2957690963982037, 'train_learning_rate': 0.0026737038635889416, 'train_lr_reduce': 0.6}. Best is trial 130 with value: 0.0812772810459137.
[I 2024-12-15 23:59:59,724] Trial 1386 finished with value: 0.09395065158605576 and parameters: {'mlp_n_layers': 2, 'mlp_dim_00': 80, 'mlp_dim_01': 192, 'hidden_channels': 32, 'num_layers': 2, 'num_timesteps': 3, 'dropout': 0.22535116505335212, 'train_learning_rate': 0.0019255228329561707, 'train_lr_reduce': 0.6}. Best is trial 130 with value: 0.0812772810459137.
[I 2024-12-16 00:00:02,235] Trial 1387 finished with value: 0.15983881056308746 and parameters: {'mlp_n_layers': 4, 'mlp_dim_00': 32, 'mlp_dim_01': 240, 'mlp_dim_02': 208, 'mlp_dim_03': 32, 'hidden_channels': 240, 'num_layers': 1, 'num_timesteps': 1, 'dropout': 0.03356407117018141, 'train_learning_rate': 0.0026704095631421123, 'train_lr_reduce': 0.6}. Best is trial 130 with value: 0.0812772810459137.
[I 2024-12-16 00:00:09,942] Trial 1390 finished with value: 0.1127532571554184 and parameters: {'mlp_n_layers': 2, 'mlp_dim_00': 64, 'mlp_dim_01': 192, 'hidden_channels': 48, 'num_layers': 2, 'num_timesteps': 4, 'dropout': 0.1616175548786784, 'train_learning_rate': 0.0056696857281038505, 'train_lr_reduce': 0.6}. Best is trial 130 with value: 0.0812772810459137.
[I 2024-12-16 00:00:10,910] Trial 1389 finished with value: 0.13121969997882843 and parameters: {'mlp_n_layers': 3, 'mlp_dim_00': 80, 'mlp_dim_01': 224, 'mlp_dim_02': 208, 'hidden_channels': 32, 'num_layers': 2, 'num_timesteps': 2, 'dropout': 0.27514799616859026, 'train_learning_rate': 0.0022013417360434917, 'train_lr_reduce': 0.6}. Best is trial 130 with value: 0.0812772810459137.
[I 2024-12-16 00:00:16,674] Trial 1393 finished with value: 0.5707034468650818 and parameters: {'mlp_n_layers': 3, 'mlp_dim_00': 256, 'mlp_dim_01': 256, 'mlp_dim_02': 64, 'hidden_channels': 48, 'num_layers': 2, 'num_timesteps': 3, 'dropout': 0.222166750581638, 'train_learning_rate': 0.00985818905409157, 'train_lr_reduce': 0.6}. Best is trial 130 with value: 0.0812772810459137.
[I 2024-12-16 00:00:20,607] Trial 1391 finished with value: 0.09235852211713791 and parameters: {'mlp_n_layers': 3, 'mlp_dim_00': 192, 'mlp_dim_01': 144, 'mlp_dim_02': 192, 'hidden_channels': 32, 'num_layers': 3, 'num_timesteps': 3, 'dropout': 0.14060878637246726, 'train_learning_rate': 0.008671559157508805, 'train_lr_reduce': 0.6}. Best is trial 130 with value: 0.0812772810459137.
[I 2024-12-16 00:00:22,962] Trial 1392 finished with value: 0.10069984197616577 and parameters: {'mlp_n_layers': 2, 'mlp_dim_00': 48, 'mlp_dim_01': 256, 'hidden_channels': 64, 'num_layers': 2, 'num_timesteps': 4, 'dropout': 0.12676916019629322, 'train_learning_rate': 0.008777649569061142, 'train_lr_reduce': 0.6}. Best is trial 130 with value: 0.0812772810459137.
