[I 2024-12-26 05:11:29,202] Trial 1802 finished with value: 0.07936568558216095 and parameters: {'L1_hidden_dim': 96, 'L1_layers_atom': 4, 'L1_layers_mol': 4, 'L1_dropout': 0.20054897411820474, 'L1_out_dim': 64, 'L2_hidden_dim': 128, 'L2_layers_atom': 2, 'L2_layers_mol': 1, 'L2_out_dim': 80, 'L2_dropout': 0.0339740882254649, 'L3_hidden_dim': 112, 'L3_layers_atom': 4, 'L3_layers_mol': 2, 'L3_out_dim': 80, 'L3_dropout': 0.15707394643201955, 'n_mlp_layers': 2, 'mlp_dim_0': 288, 'mlp_dim_1': 272, 'num_heads': 1, 'final_dropout': 0.03293326748823683, 'train_learning_rate': 0.0016759853096639098, 'train_lr_reduce': 0.6}. Best is trial 1286 with value: 0.03935658559203148.
[I 2024-12-26 05:12:01,970] Trial 1803 finished with value: 0.0819241851568222 and parameters: {'L1_hidden_dim': 112, 'L1_layers_atom': 3, 'L1_layers_mol': 4, 'L1_dropout': 0.2311077660695177, 'L1_out_dim': 32, 'L2_hidden_dim': 192, 'L2_layers_atom': 2, 'L2_layers_mol': 2, 'L2_out_dim': 128, 'L2_dropout': 0.12537672836908362, 'L3_hidden_dim': 112, 'L3_layers_atom': 3, 'L3_layers_mol': 1, 'L3_out_dim': 128, 'L3_dropout': 0.029829336003165986, 'n_mlp_layers': 3, 'mlp_dim_0': 448, 'mlp_dim_1': 480, 'mlp_dim_2': 120, 'num_heads': 1, 'final_dropout': 0.03492997626700076, 'train_learning_rate': 0.0006315663247227082, 'train_lr_reduce': 0.6}. Best is trial 1286 with value: 0.03935658559203148.
[I 2024-12-26 05:12:51,056] Trial 1805 finished with value: 0.05903908237814903 and parameters: {'L1_hidden_dim': 80, 'L1_layers_atom': 4, 'L1_layers_mol': 2, 'L1_dropout': 0.2810435634926711, 'L1_out_dim': 64, 'L2_hidden_dim': 176, 'L2_layers_atom': 2, 'L2_layers_mol': 1, 'L2_out_dim': 80, 'L2_dropout': 0.011116383423653294, 'L3_hidden_dim': 128, 'L3_layers_atom': 4, 'L3_layers_mol': 1, 'L3_out_dim': 48, 'L3_dropout': 0.1265044428256717, 'n_mlp_layers': 3, 'mlp_dim_0': 280, 'mlp_dim_1': 392, 'mlp_dim_2': 216, 'num_heads': 1, 'final_dropout': 0.1169127604243986, 'train_learning_rate': 0.0019099171732800345, 'train_lr_reduce': 0.6}. Best is trial 1286 with value: 0.03935658559203148.
[I 2024-12-26 05:13:19,892] Trial 1804 finished with value: 0.11750044673681259 and parameters: {'L1_hidden_dim': 112, 'L1_layers_atom': 4, 'L1_layers_mol': 1, 'L1_dropout': 0.003334803501561817, 'L1_out_dim': 96, 'L2_hidden_dim': 224, 'L2_layers_atom': 4, 'L2_layers_mol': 2, 'L2_out_dim': 32, 'L2_dropout': 0.09513718846125718, 'L3_hidden_dim': 32, 'L3_layers_atom': 4, 'L3_layers_mol': 3, 'L3_out_dim': 64, 'L3_dropout': 0.13488209897371456, 'n_mlp_layers': 2, 'mlp_dim_0': 272, 'mlp_dim_1': 440, 'num_heads': 1, 'final_dropout': 0.024712900049287695, 'train_learning_rate': 0.007698611505339858, 'train_lr_reduce': 0.6}. Best is trial 1286 with value: 0.03935658559203148.
[I 2024-12-26 05:13:41,117] Trial 1806 finished with value: 0.07475893944501877 and parameters: {'L1_hidden_dim': 80, 'L1_layers_atom': 2, 'L1_layers_mol': 1, 'L1_dropout': 0.25883741066787164, 'L1_out_dim': 96, 'L2_hidden_dim': 208, 'L2_layers_atom': 1, 'L2_layers_mol': 4, 'L2_out_dim': 128, 'L2_dropout': 0.004393411499595766, 'L3_hidden_dim': 96, 'L3_layers_atom': 4, 'L3_layers_mol': 1, 'L3_out_dim': 112, 'L3_dropout': 0.20494729472919265, 'n_mlp_layers': 1, 'mlp_dim_0': 48, 'num_heads': 1, 'final_dropout': 0.09769263775318837, 'train_learning_rate': 0.0007940174396869575, 'train_lr_reduce': 0.6}. Best is trial 1286 with value: 0.03935658559203148.
[I 2024-12-26 05:13:59,254] Trial 1807 finished with value: 0.06999386101961136 and parameters: {'L1_hidden_dim': 80, 'L1_layers_atom': 2, 'L1_layers_mol': 2, 'L1_dropout': 0.20825382891918898, 'L1_out_dim': 112, 'L2_hidden_dim': 144, 'L2_layers_atom': 3, 'L2_layers_mol': 2, 'L2_out_dim': 128, 'L2_dropout': 0.10042200713311589, 'L3_hidden_dim': 128, 'L3_layers_atom': 2, 'L3_layers_mol': 1, 'L3_out_dim': 80, 'L3_dropout': 0.29535811348619717, 'n_mlp_layers': 3, 'mlp_dim_0': 224, 'mlp_dim_1': 512, 'mlp_dim_2': 120, 'num_heads': 1, 'final_dropout': 0.20270486688443706, 'train_learning_rate': 0.001782580797704039, 'train_lr_reduce': 0.6}. Best is trial 1286 with value: 0.03935658559203148.
[I 2024-12-26 05:14:57,760] Trial 1809 finished with value: 0.10255888849496841 and parameters: {'L1_hidden_dim': 112, 'L1_layers_atom': 1, 'L1_layers_mol': 3, 'L1_dropout': 0.18085566667149866, 'L1_out_dim': 64, 'L2_hidden_dim': 112, 'L2_layers_atom': 3, 'L2_layers_mol': 2, 'L2_out_dim': 80, 'L2_dropout': 0.06774427085993645, 'L3_hidden_dim': 128, 'L3_layers_atom': 2, 'L3_layers_mol': 1, 'L3_out_dim': 112, 'L3_dropout': 0.08672125495339206, 'n_mlp_layers': 3, 'mlp_dim_0': 400, 'mlp_dim_1': 224, 'mlp_dim_2': 120, 'num_heads': 1, 'final_dropout': 0.059455401810869626, 'train_learning_rate': 0.0011503228226421168, 'train_lr_reduce': 0.6}. Best is trial 1286 with value: 0.03935658559203148.
[I 2024-12-26 05:15:14,274] Trial 1808 finished with value: 0.11526472121477127 and parameters: {'L1_hidden_dim': 96, 'L1_layers_atom': 4, 'L1_layers_mol': 4, 'L1_dropout': 0.269389791814186, 'L1_out_dim': 80, 'L2_hidden_dim': 176, 'L2_layers_atom': 2, 'L2_layers_mol': 1, 'L2_out_dim': 80, 'L2_dropout': 0.11761729255364156, 'L3_hidden_dim': 96, 'L3_layers_atom': 4, 'L3_layers_mol': 1, 'L3_out_dim': 64, 'L3_dropout': 0.15268224363552135, 'n_mlp_layers': 2, 'mlp_dim_0': 264, 'mlp_dim_1': 440, 'num_heads': 1, 'final_dropout': 0.29400202795614205, 'train_learning_rate': 0.00477305028710054, 'train_lr_reduce': 0.6}. Best is trial 1286 with value: 0.03935658559203148.
[I 2024-12-26 05:15:31,448] Trial 1810 finished with value: 0.09646773338317871 and parameters: {'L1_hidden_dim': 160, 'L1_layers_atom': 4, 'L1_layers_mol': 4, 'L1_dropout': 0.2767121413397453, 'L1_out_dim': 112, 'L2_hidden_dim': 240, 'L2_layers_atom': 3, 'L2_layers_mol': 1, 'L2_out_dim': 128, 'L2_dropout': 0.05015687357910406, 'L3_hidden_dim': 128, 'L3_layers_atom': 2, 'L3_layers_mol': 2, 'L3_out_dim': 112, 'L3_dropout': 0.29606036043654793, 'n_mlp_layers': 3, 'mlp_dim_0': 248, 'mlp_dim_1': 376, 'mlp_dim_2': 248, 'num_heads': 2, 'final_dropout': 0.08112918741163866, 'train_learning_rate': 0.0037522713698715784, 'train_lr_reduce': 0.6}. Best is trial 1286 with value: 0.03935658559203148.
[I 2024-12-26 05:16:17,319] Trial 1811 finished with value: 0.07382313162088394 and parameters: {'L1_hidden_dim': 80, 'L1_layers_atom': 4, 'L1_layers_mol': 4, 'L1_dropout': 0.28389077516756844, 'L1_out_dim': 96, 'L2_hidden_dim': 160, 'L2_layers_atom': 2, 'L2_layers_mol': 4, 'L2_out_dim': 128, 'L2_dropout': 0.026482518067659517, 'L3_hidden_dim': 96, 'L3_layers_atom': 2, 'L3_layers_mol': 1, 'L3_out_dim': 96, 'L3_dropout': 0.09772024040333743, 'n_mlp_layers': 2, 'mlp_dim_0': 120, 'mlp_dim_1': 472, 'num_heads': 2, 'final_dropout': 0.183906409564411, 'train_learning_rate': 0.0019477879697544192, 'train_lr_reduce': 0.6}. Best is trial 1286 with value: 0.03935658559203148.
[I 2024-12-26 05:16:35,954] Trial 1813 finished with value: 0.08801915496587753 and parameters: {'L1_hidden_dim': 112, 'L1_layers_atom': 4, 'L1_layers_mol': 4, 'L1_dropout': 0.277514835288901, 'L1_out_dim': 80, 'L2_hidden_dim': 160, 'L2_layers_atom': 2, 'L2_layers_mol': 1, 'L2_out_dim': 96, 'L2_dropout': 0.025272430025608052, 'L3_hidden_dim': 128, 'L3_layers_atom': 4, 'L3_layers_mol': 3, 'L3_out_dim': 112, 'L3_dropout': 0.2835973460437799, 'n_mlp_layers': 2, 'mlp_dim_0': 48, 'mlp_dim_1': 288, 'num_heads': 2, 'final_dropout': 0.004251484284512785, 'train_learning_rate': 0.001927233608866998, 'train_lr_reduce': 0.6}. Best is trial 1286 with value: 0.03935658559203148.
[I 2024-12-26 05:16:39,521] Trial 1812 finished with value: 0.10095622390508652 and parameters: {'L1_hidden_dim': 96, 'L1_layers_atom': 4, 'L1_layers_mol': 4, 'L1_dropout': 0.13339765362463293, 'L1_out_dim': 80, 'L2_hidden_dim': 256, 'L2_layers_atom': 1, 'L2_layers_mol': 1, 'L2_out_dim': 128, 'L2_dropout': 0.09313830739935927, 'L3_hidden_dim': 64, 'L3_layers_atom': 4, 'L3_layers_mol': 1, 'L3_out_dim': 112, 'L3_dropout': 0.22052036735920166, 'n_mlp_layers': 2, 'mlp_dim_0': 144, 'mlp_dim_1': 400, 'num_heads': 2, 'final_dropout': 0.041483487232136115, 'train_learning_rate': 0.0031858727291623292, 'train_lr_reduce': 0.6}. Best is trial 1286 with value: 0.03935658559203148.
[I 2024-12-26 05:17:41,377] Trial 1816 finished with value: 0.08565293997526169 and parameters: {'L1_hidden_dim': 128, 'L1_layers_atom': 4, 'L1_layers_mol': 4, 'L1_dropout': 0.21858519101230683, 'L1_out_dim': 64, 'L2_hidden_dim': 176, 'L2_layers_atom': 1, 'L2_layers_mol': 1, 'L2_out_dim': 128, 'L2_dropout': 0.01405464958681038, 'L3_hidden_dim': 96, 'L3_layers_atom': 3, 'L3_layers_mol': 1, 'L3_out_dim': 64, 'L3_dropout': 0.2933893118169404, 'n_mlp_layers': 3, 'mlp_dim_0': 64, 'mlp_dim_1': 440, 'mlp_dim_2': 112, 'num_heads': 2, 'final_dropout': 0.07555288485732425, 'train_learning_rate': 0.002271703474028405, 'train_lr_reduce': 0.6}. Best is trial 1286 with value: 0.03935658559203148.
[I 2024-12-26 05:17:51,972] Trial 1815 finished with value: 0.07636721432209015 and parameters: {'L1_hidden_dim': 96, 'L1_layers_atom': 4, 'L1_layers_mol': 4, 'L1_dropout': 0.18826388194089355, 'L1_out_dim': 80, 'L2_hidden_dim': 176, 'L2_layers_atom': 1, 'L2_layers_mol': 1, 'L2_out_dim': 80, 'L2_dropout': 0.012886374593254996, 'L3_hidden_dim': 96, 'L3_layers_atom': 4, 'L3_layers_mol': 1, 'L3_out_dim': 96, 'L3_dropout': 0.14147389055124587, 'n_mlp_layers': 2, 'mlp_dim_0': 256, 'mlp_dim_1': 360, 'num_heads': 1, 'final_dropout': 0.1403703426360794, 'train_learning_rate': 0.0014461111883194053, 'train_lr_reduce': 0.6}. Best is trial 1286 with value: 0.03935658559203148.
[I 2024-12-26 05:18:35,465] Trial 1817 finished with value: 0.21448874473571777 and parameters: {'L1_hidden_dim': 64, 'L1_layers_atom': 4, 'L1_layers_mol': 3, 'L1_dropout': 0.2739894676052107, 'L1_out_dim': 32, 'L2_hidden_dim': 192, 'L2_layers_atom': 4, 'L2_layers_mol': 3, 'L2_out_dim': 80, 'L2_dropout': 0.2559975051257685, 'L3_hidden_dim': 128, 'L3_layers_atom': 1, 'L3_layers_mol': 3, 'L3_out_dim': 112, 'L3_dropout': 0.2534560114087944, 'n_mlp_layers': 2, 'mlp_dim_0': 408, 'mlp_dim_1': 328, 'num_heads': 2, 'final_dropout': 0.03337594274339893, 'train_learning_rate': 0.0067414230524693395, 'train_lr_reduce': 0.6}. Best is trial 1286 with value: 0.03935658559203148.
[I 2024-12-26 05:18:43,940] Trial 1814 finished with value: 0.06757031381130219 and parameters: {'L1_hidden_dim': 64, 'L1_layers_atom': 4, 'L1_layers_mol': 1, 'L1_dropout': 0.27300425976895626, 'L1_out_dim': 128, 'L2_hidden_dim': 208, 'L2_layers_atom': 4, 'L2_layers_mol': 1, 'L2_out_dim': 48, 'L2_dropout': 0.0363663195630443, 'L3_hidden_dim': 80, 'L3_layers_atom': 4, 'L3_layers_mol': 1, 'L3_out_dim': 112, 'L3_dropout': 0.2730758779974958, 'n_mlp_layers': 2, 'mlp_dim_0': 96, 'mlp_dim_1': 440, 'num_heads': 1, 'final_dropout': 0.03310060947096158, 'train_learning_rate': 0.000370971472070622, 'train_lr_reduce': 0.6}. Best is trial 1286 with value: 0.03935658559203148.
[I 2024-12-26 05:19:15,265] Trial 1818 finished with value: 0.07808329164981842 and parameters: {'L1_hidden_dim': 96, 'L1_layers_atom': 2, 'L1_layers_mol': 3, 'L1_dropout': 0.2627741922133923, 'L1_out_dim': 80, 'L2_hidden_dim': 160, 'L2_layers_atom': 1, 'L2_layers_mol': 2, 'L2_out_dim': 112, 'L2_dropout': 0.00578128537841707, 'L3_hidden_dim': 96, 'L3_layers_atom': 3, 'L3_layers_mol': 1, 'L3_out_dim': 128, 'L3_dropout': 0.05610590380685829, 'n_mlp_layers': 2, 'mlp_dim_0': 288, 'mlp_dim_1': 400, 'num_heads': 1, 'final_dropout': 0.1133025441427096, 'train_learning_rate': 0.0007351136493791822, 'train_lr_reduce': 0.6}. Best is trial 1286 with value: 0.03935658559203148.
[I 2024-12-26 05:19:45,543] Trial 1819 finished with value: 0.08421634882688522 and parameters: {'L1_hidden_dim': 176, 'L1_layers_atom': 3, 'L1_layers_mol': 3, 'L1_dropout': 0.16832806890249674, 'L1_out_dim': 64, 'L2_hidden_dim': 160, 'L2_layers_atom': 1, 'L2_layers_mol': 1, 'L2_out_dim': 128, 'L2_dropout': 0.09452981035324719, 'L3_hidden_dim': 112, 'L3_layers_atom': 3, 'L3_layers_mol': 2, 'L3_out_dim': 64, 'L3_dropout': 0.2880064063211135, 'n_mlp_layers': 2, 'mlp_dim_0': 40, 'mlp_dim_1': 480, 'num_heads': 2, 'final_dropout': 0.12025395203528463, 'train_learning_rate': 0.0025421995368032175, 'train_lr_reduce': 0.6}. Best is trial 1286 with value: 0.03935658559203148.
[I 2024-12-26 05:20:17,141] Trial 1820 finished with value: 0.10680457204580307 and parameters: {'L1_hidden_dim': 112, 'L1_layers_atom': 3, 'L1_layers_mol': 2, 'L1_dropout': 0.2522272202415806, 'L1_out_dim': 128, 'L2_hidden_dim': 240, 'L2_layers_atom': 2, 'L2_layers_mol': 3, 'L2_out_dim': 112, 'L2_dropout': 0.023738577271465184, 'L3_hidden_dim': 80, 'L3_layers_atom': 3, 'L3_layers_mol': 2, 'L3_out_dim': 96, 'L3_dropout': 0.15352705548834103, 'n_mlp_layers': 2, 'mlp_dim_0': 32, 'mlp_dim_1': 256, 'num_heads': 1, 'final_dropout': 0.15236434839248617, 'train_learning_rate': 0.0006216179701569533, 'train_lr_reduce': 0.6}. Best is trial 1286 with value: 0.03935658559203148.
[I 2024-12-26 05:20:20,628] Trial 1821 finished with value: 0.06398417055606842 and parameters: {'L1_hidden_dim': 80, 'L1_layers_atom': 4, 'L1_layers_mol': 4, 'L1_dropout': 0.26413604212146297, 'L1_out_dim': 48, 'L2_hidden_dim': 192, 'L2_layers_atom': 2, 'L2_layers_mol': 1, 'L2_out_dim': 80, 'L2_dropout': 0.003920207679786635, 'L3_hidden_dim': 128, 'L3_layers_atom': 3, 'L3_layers_mol': 1, 'L3_out_dim': 32, 'L3_dropout': 0.2224504906159885, 'n_mlp_layers': 2, 'mlp_dim_0': 32, 'mlp_dim_1': 368, 'num_heads': 1, 'final_dropout': 0.0372028933533716, 'train_learning_rate': 0.002181258336707157, 'train_lr_reduce': 0.6}. Best is trial 1286 with value: 0.03935658559203148.
[I 2024-12-26 05:20:49,158] Trial 1822 finished with value: 0.06150814890861511 and parameters: {'L1_hidden_dim': 64, 'L1_layers_atom': 1, 'L1_layers_mol': 2, 'L1_dropout': 0.22065143623874367, 'L1_out_dim': 96, 'L2_hidden_dim': 192, 'L2_layers_atom': 3, 'L2_layers_mol': 3, 'L2_out_dim': 112, 'L2_dropout': 0.06314784642357439, 'L3_hidden_dim': 96, 'L3_layers_atom': 3, 'L3_layers_mol': 1, 'L3_out_dim': 128, 'L3_dropout': 0.049044634912836074, 'n_mlp_layers': 3, 'mlp_dim_0': 320, 'mlp_dim_1': 512, 'mlp_dim_2': 120, 'num_heads': 1, 'final_dropout': 0.18562819977970466, 'train_learning_rate': 0.0019092674097371568, 'train_lr_reduce': 0.6}. Best is trial 1286 with value: 0.03935658559203148.
[I 2024-12-26 05:21:41,825] Trial 1825 finished with value: 0.09928813576698303 and parameters: {'L1_hidden_dim': 112, 'L1_layers_atom': 4, 'L1_layers_mol': 4, 'L1_dropout': 0.20050668293386859, 'L1_out_dim': 64, 'L2_hidden_dim': 176, 'L2_layers_atom': 2, 'L2_layers_mol': 1, 'L2_out_dim': 128, 'L2_dropout': 0.042100921098359695, 'L3_hidden_dim': 112, 'L3_layers_atom': 2, 'L3_layers_mol': 1, 'L3_out_dim': 80, 'L3_dropout': 0.2815256180092591, 'n_mlp_layers': 2, 'mlp_dim_0': 72, 'mlp_dim_1': 400, 'num_heads': 2, 'final_dropout': 0.026967681162548274, 'train_learning_rate': 0.002912117464517649, 'train_lr_reduce': 0.6}. Best is trial 1286 with value: 0.03935658559203148.
[I 2024-12-26 05:21:51,039] Trial 1824 finished with value: 0.06793036311864853 and parameters: {'L1_hidden_dim': 64, 'L1_layers_atom': 4, 'L1_layers_mol': 1, 'L1_dropout': 0.2920505405951152, 'L1_out_dim': 128, 'L2_hidden_dim': 224, 'L2_layers_atom': 4, 'L2_layers_mol': 1, 'L2_out_dim': 80, 'L2_dropout': 0.0675477050419667, 'L3_hidden_dim': 80, 'L3_layers_atom': 2, 'L3_layers_mol': 1, 'L3_out_dim': 96, 'L3_dropout': 0.2720706639501081, 'n_mlp_layers': 2, 'mlp_dim_0': 192, 'mlp_dim_1': 320, 'num_heads': 2, 'final_dropout': 0.005851595936372005, 'train_learning_rate': 0.0008409247208398498, 'train_lr_reduce': 0.6}. Best is trial 1286 with value: 0.03935658559203148.
[I 2024-12-26 05:21:51,576] Trial 1823 finished with value: 0.08854369074106216 and parameters: {'L1_hidden_dim': 64, 'L1_layers_atom': 2, 'L1_layers_mol': 3, 'L1_dropout': 0.14087795219334687, 'L1_out_dim': 64, 'L2_hidden_dim': 192, 'L2_layers_atom': 4, 'L2_layers_mol': 3, 'L2_out_dim': 48, 'L2_dropout': 0.05642041807876858, 'L3_hidden_dim': 48, 'L3_layers_atom': 3, 'L3_layers_mol': 3, 'L3_out_dim': 96, 'L3_dropout': 0.005281238127592218, 'n_mlp_layers': 3, 'mlp_dim_0': 488, 'mlp_dim_1': 432, 'mlp_dim_2': 320, 'num_heads': 1, 'final_dropout': 0.10421436657982808, 'train_learning_rate': 0.0017219667774152337, 'train_lr_reduce': 0.6}. Best is trial 1286 with value: 0.03935658559203148.
[I 2024-12-26 05:23:08,943] Trial 1828 finished with value: 0.08600663393735886 and parameters: {'L1_hidden_dim': 96, 'L1_layers_atom': 2, 'L1_layers_mol': 3, 'L1_dropout': 0.29939338605754645, 'L1_out_dim': 128, 'L2_hidden_dim': 224, 'L2_layers_atom': 1, 'L2_layers_mol': 4, 'L2_out_dim': 128, 'L2_dropout': 0.2174491723060954, 'L3_hidden_dim': 112, 'L3_layers_atom': 4, 'L3_layers_mol': 1, 'L3_out_dim': 96, 'L3_dropout': 0.27707760663212183, 'n_mlp_layers': 3, 'mlp_dim_0': 192, 'mlp_dim_1': 280, 'mlp_dim_2': 216, 'num_heads': 1, 'final_dropout': 0.009432449169629806, 'train_learning_rate': 0.0015524678692361573, 'train_lr_reduce': 0.6}. Best is trial 1286 with value: 0.03935658559203148.
[I 2024-12-26 05:23:23,329] Trial 1826 finished with value: 0.10026351362466812 and parameters: {'L1_hidden_dim': 128, 'L1_layers_atom': 4, 'L1_layers_mol': 3, 'L1_dropout': 0.16801393871078624, 'L1_out_dim': 64, 'L2_hidden_dim': 144, 'L2_layers_atom': 3, 'L2_layers_mol': 4, 'L2_out_dim': 80, 'L2_dropout': 0.044576354063750025, 'L3_hidden_dim': 96, 'L3_layers_atom': 3, 'L3_layers_mol': 1, 'L3_out_dim': 32, 'L3_dropout': 0.29188547100264467, 'n_mlp_layers': 2, 'mlp_dim_0': 224, 'mlp_dim_1': 472, 'num_heads': 1, 'final_dropout': 0.015361586637958783, 'train_learning_rate': 0.0017095259395456682, 'train_lr_reduce': 0.6}. Best is trial 1286 with value: 0.03935658559203148.
[I 2024-12-26 05:24:35,615] Trial 1827 finished with value: 0.08528706431388855 and parameters: {'L1_hidden_dim': 128, 'L1_layers_atom': 2, 'L1_layers_mol': 3, 'L1_dropout': 0.21515009489012926, 'L1_out_dim': 80, 'L2_hidden_dim': 240, 'L2_layers_atom': 4, 'L2_layers_mol': 4, 'L2_out_dim': 64, 'L2_dropout': 0.10949541096281534, 'L3_hidden_dim': 80, 'L3_layers_atom': 2, 'L3_layers_mol': 1, 'L3_out_dim': 80, 'L3_dropout': 0.17515011393326677, 'n_mlp_layers': 3, 'mlp_dim_0': 488, 'mlp_dim_1': 360, 'mlp_dim_2': 112, 'num_heads': 1, 'final_dropout': 0.03825103366796175, 'train_learning_rate': 0.002643826367314003, 'train_lr_reduce': 0.6}. Best is trial 1286 with value: 0.03935658559203148.
[I 2024-12-26 05:25:20,317] Trial 1829 finished with value: 0.06032751500606537 and parameters: {'L1_hidden_dim': 80, 'L1_layers_atom': 4, 'L1_layers_mol': 3, 'L1_dropout': 0.22912870480744038, 'L1_out_dim': 112, 'L2_hidden_dim': 160, 'L2_layers_atom': 3, 'L2_layers_mol': 4, 'L2_out_dim': 112, 'L2_dropout': 0.029372510072228797, 'L3_hidden_dim': 112, 'L3_layers_atom': 3, 'L3_layers_mol': 1, 'L3_out_dim': 80, 'L3_dropout': 0.11420845198161067, 'n_mlp_layers': 2, 'mlp_dim_0': 304, 'mlp_dim_1': 424, 'num_heads': 2, 'final_dropout': 0.14749536692090676, 'train_learning_rate': 0.001296984966838367, 'train_lr_reduce': 0.6}. Best is trial 1286 with value: 0.03935658559203148.
[I 2024-12-26 05:25:34,508] Trial 1831 finished with value: 0.06575676053762436 and parameters: {'L1_hidden_dim': 64, 'L1_layers_atom': 3, 'L1_layers_mol': 2, 'L1_dropout': 0.27071451395321855, 'L1_out_dim': 112, 'L2_hidden_dim': 192, 'L2_layers_atom': 1, 'L2_layers_mol': 3, 'L2_out_dim': 128, 'L2_dropout': 0.017501527860903476, 'L3_hidden_dim': 80, 'L3_layers_atom': 3, 'L3_layers_mol': 2, 'L3_out_dim': 96, 'L3_dropout': 0.1998367059854835, 'n_mlp_layers': 1, 'mlp_dim_0': 32, 'num_heads': 1, 'final_dropout': 0.1473931516811851, 'train_learning_rate': 0.00308883606719085, 'train_lr_reduce': 0.6}. Best is trial 1286 with value: 0.03935658559203148.
[I 2024-12-26 05:26:31,699] Trial 1830 finished with value: 0.1601310521364212 and parameters: {'L1_hidden_dim': 96, 'L1_layers_atom': 4, 'L1_layers_mol': 4, 'L1_dropout': 0.25001355580856466, 'L1_out_dim': 64, 'L2_hidden_dim': 240, 'L2_layers_atom': 2, 'L2_layers_mol': 2, 'L2_out_dim': 112, 'L2_dropout': 0.09523015553963513, 'L3_hidden_dim': 64, 'L3_layers_atom': 3, 'L3_layers_mol': 1, 'L3_out_dim': 80, 'L3_dropout': 0.19016366584823724, 'n_mlp_layers': 2, 'mlp_dim_0': 264, 'mlp_dim_1': 480, 'num_heads': 2, 'final_dropout': 0.2056526559951155, 'train_learning_rate': 0.003824230977313592, 'train_lr_reduce': 0.6}. Best is trial 1286 with value: 0.03935658559203148.
[I 2024-12-26 05:26:50,127] Trial 1833 finished with value: 0.08145695924758911 and parameters: {'L1_hidden_dim': 96, 'L1_layers_atom': 2, 'L1_layers_mol': 3, 'L1_dropout': 0.2035737478486161, 'L1_out_dim': 80, 'L2_hidden_dim': 160, 'L2_layers_atom': 2, 'L2_layers_mol': 2, 'L2_out_dim': 128, 'L2_dropout': 0.0958144631657143, 'L3_hidden_dim': 96, 'L3_layers_atom': 4, 'L3_layers_mol': 2, 'L3_out_dim': 128, 'L3_dropout': 0.015692643779522238, 'n_mlp_layers': 2, 'mlp_dim_0': 248, 'mlp_dim_1': 320, 'num_heads': 1, 'final_dropout': 0.06983812894135097, 'train_learning_rate': 0.0012253110549181865, 'train_lr_reduce': 0.6}. Best is trial 1286 with value: 0.03935658559203148.
[I 2024-12-26 05:26:57,471] Trial 1832 finished with value: 0.11305151134729385 and parameters: {'L1_hidden_dim': 256, 'L1_layers_atom': 4, 'L1_layers_mol': 3, 'L1_dropout': 0.12828718306555584, 'L1_out_dim': 32, 'L2_hidden_dim': 80, 'L2_layers_atom': 4, 'L2_layers_mol': 4, 'L2_out_dim': 64, 'L2_dropout': 0.010207863996077232, 'L3_hidden_dim': 32, 'L3_layers_atom': 1, 'L3_layers_mol': 2, 'L3_out_dim': 128, 'L3_dropout': 0.24534317519648946, 'n_mlp_layers': 1, 'mlp_dim_0': 464, 'num_heads': 1, 'final_dropout': 0.16018694840569714, 'train_learning_rate': 0.0003472738582767057, 'train_lr_reduce': 0.6}. Best is trial 1286 with value: 0.03935658559203148.
