[I 2024-12-19 07:49:17,257] Trial 445 finished with value: 1.472496509552002 and parameters: {'mlp_n_layers': 4, 'mlp_dim_00': 224, 'mlp_dim_01': 190, 'mlp_dim_02': 470, 'mlp_dim_03': 66, 'node_hidden_dim': 121, 'edge_hidden_dim': 58, 'depth': 2, 'rep_dropout': 0.04417926911119659, 'train_learning_rate': 0.006204192888610198, 'train_lr_reduce': 0.6}. Best is trial 156 with value: 0.33254924416542053.
[I 2024-12-19 07:49:21,905] Trial 446 finished with value: 1.5749365091323853 and parameters: {'mlp_n_layers': 4, 'mlp_dim_00': 377, 'mlp_dim_01': 96, 'mlp_dim_02': 463, 'mlp_dim_03': 146, 'node_hidden_dim': 128, 'edge_hidden_dim': 73, 'depth': 2, 'rep_dropout': 0.09934064585778565, 'train_learning_rate': 0.0010399241684411616, 'train_lr_reduce': 0.6}. Best is trial 156 with value: 0.33254924416542053.
[I 2024-12-19 07:49:22,797] Trial 447 finished with value: 1.519223928451538 and parameters: {'mlp_n_layers': 3, 'mlp_dim_00': 159, 'mlp_dim_01': 87, 'mlp_dim_02': 488, 'node_hidden_dim': 120, 'edge_hidden_dim': 57, 'depth': 3, 'rep_dropout': 0.02117261996785621, 'train_learning_rate': 0.0033510548019161854, 'train_lr_reduce': 0.6}. Best is trial 156 with value: 0.33254924416542053.
[I 2024-12-19 07:49:26,127] Trial 448 finished with value: 1.4247710704803467 and parameters: {'mlp_n_layers': 2, 'mlp_dim_00': 479, 'mlp_dim_01': 308, 'node_hidden_dim': 90, 'edge_hidden_dim': 125, 'depth': 2, 'rep_dropout': 0.13716146434586032, 'train_learning_rate': 0.0012224841826726804, 'train_lr_reduce': 0.6}. Best is trial 156 with value: 0.33254924416542053.
[I 2024-12-19 07:49:27,514] Trial 444 finished with value: 0.3501187562942505 and parameters: {'mlp_n_layers': 4, 'mlp_dim_00': 213, 'mlp_dim_01': 321, 'mlp_dim_02': 501, 'mlp_dim_03': 125, 'node_hidden_dim': 112, 'edge_hidden_dim': 69, 'depth': 2, 'rep_dropout': 0.06723094242051843, 'train_learning_rate': 0.008824387157790386, 'train_lr_reduce': 0.6}. Best is trial 156 with value: 0.33254924416542053.
[I 2024-12-19 07:49:27,580] Trial 449 finished with value: 1.3404954671859741 and parameters: {'mlp_n_layers': 4, 'mlp_dim_00': 270, 'mlp_dim_01': 222, 'mlp_dim_02': 500, 'mlp_dim_03': 129, 'node_hidden_dim': 128, 'edge_hidden_dim': 55, 'depth': 2, 'rep_dropout': 0.13051714272574888, 'train_learning_rate': 0.00838062267342482, 'train_lr_reduce': 0.6}. Best is trial 156 with value: 0.33254924416542053.
[I 2024-12-19 07:49:30,111] Trial 450 finished with value: 1.3414946794509888 and parameters: {'mlp_n_layers': 3, 'mlp_dim_00': 452, 'mlp_dim_01': 320, 'mlp_dim_02': 156, 'node_hidden_dim': 101, 'edge_hidden_dim': 113, 'depth': 2, 'rep_dropout': 0.1693848679340269, 'train_learning_rate': 0.004415040693747156, 'train_lr_reduce': 0.6}. Best is trial 156 with value: 0.33254924416542053.
[I 2024-12-19 07:49:31,598] Trial 451 finished with value: 1.4731216430664062 and parameters: {'mlp_n_layers': 4, 'mlp_dim_00': 509, 'mlp_dim_01': 297, 'mlp_dim_02': 508, 'mlp_dim_03': 121, 'node_hidden_dim': 81, 'edge_hidden_dim': 114, 'depth': 2, 'rep_dropout': 0.152816618543134, 'train_learning_rate': 0.0028384027240982435, 'train_lr_reduce': 0.6}. Best is trial 156 with value: 0.33254924416542053.
[I 2024-12-19 07:49:31,932] Trial 452 finished with value: 1.5631624460220337 and parameters: {'mlp_n_layers': 3, 'mlp_dim_00': 233, 'mlp_dim_01': 384, 'mlp_dim_02': 511, 'node_hidden_dim': 66, 'edge_hidden_dim': 63, 'depth': 2, 'rep_dropout': 0.09096504848299503, 'train_learning_rate': 0.000498614820485703, 'train_lr_reduce': 0.6}. Best is trial 156 with value: 0.33254924416542053.
[I 2024-12-19 07:49:34,319] Trial 453 finished with value: 1.4622955322265625 and parameters: {'mlp_n_layers': 4, 'mlp_dim_00': 159, 'mlp_dim_01': 75, 'mlp_dim_02': 434, 'mlp_dim_03': 127, 'node_hidden_dim': 110, 'edge_hidden_dim': 40, 'depth': 2, 'rep_dropout': 0.007586060127371877, 'train_learning_rate': 0.0032162448586939753, 'train_lr_reduce': 0.6}. Best is trial 156 with value: 0.33254924416542053.
[I 2024-12-19 07:49:38,555] Trial 456 finished with value: 1.3107706308364868 and parameters: {'mlp_n_layers': 4, 'mlp_dim_00': 177, 'mlp_dim_01': 348, 'mlp_dim_02': 512, 'mlp_dim_03': 160, 'node_hidden_dim': 112, 'edge_hidden_dim': 64, 'depth': 2, 'rep_dropout': 0.09991947064472051, 'train_learning_rate': 0.004462744248549092, 'train_lr_reduce': 0.6}. Best is trial 156 with value: 0.33254924416542053.
[I 2024-12-19 07:49:41,298] Trial 454 finished with value: 1.3504899740219116 and parameters: {'mlp_n_layers': 4, 'mlp_dim_00': 96, 'mlp_dim_01': 446, 'mlp_dim_02': 499, 'mlp_dim_03': 152, 'node_hidden_dim': 104, 'edge_hidden_dim': 59, 'depth': 3, 'rep_dropout': 0.07308104654200702, 'train_learning_rate': 0.002046933227654267, 'train_lr_reduce': 0.6}. Best is trial 156 with value: 0.33254924416542053.
[I 2024-12-19 07:49:46,614] Trial 455 finished with value: 0.7538636922836304 and parameters: {'mlp_n_layers': 4, 'mlp_dim_00': 306, 'mlp_dim_01': 405, 'mlp_dim_02': 451, 'mlp_dim_03': 126, 'node_hidden_dim': 106, 'edge_hidden_dim': 44, 'depth': 2, 'rep_dropout': 0.07213832618035525, 'train_learning_rate': 0.005551973694588546, 'train_lr_reduce': 0.6}. Best is trial 156 with value: 0.33254924416542053.
[I 2024-12-19 07:49:46,862] Trial 458 finished with value: 1.5009384155273438 and parameters: {'mlp_n_layers': 4, 'mlp_dim_00': 69, 'mlp_dim_01': 75, 'mlp_dim_02': 390, 'mlp_dim_03': 67, 'node_hidden_dim': 83, 'edge_hidden_dim': 107, 'depth': 2, 'rep_dropout': 0.23440808797705082, 'train_learning_rate': 0.004444255358492551, 'train_lr_reduce': 0.6}. Best is trial 156 with value: 0.33254924416542053.
[I 2024-12-19 07:49:51,120] Trial 459 finished with value: 1.4960371255874634 and parameters: {'mlp_n_layers': 4, 'mlp_dim_00': 194, 'mlp_dim_01': 253, 'mlp_dim_02': 503, 'mlp_dim_03': 123, 'node_hidden_dim': 127, 'edge_hidden_dim': 76, 'depth': 2, 'rep_dropout': 0.1816781557973411, 'train_learning_rate': 0.008696794187025734, 'train_lr_reduce': 0.6}. Best is trial 156 with value: 0.33254924416542053.
[I 2024-12-19 07:49:51,778] Trial 460 finished with value: 1.5605841875076294 and parameters: {'mlp_n_layers': 4, 'mlp_dim_00': 281, 'mlp_dim_01': 150, 'mlp_dim_02': 447, 'mlp_dim_03': 171, 'node_hidden_dim': 128, 'edge_hidden_dim': 66, 'depth': 3, 'rep_dropout': 0.03710991244214605, 'train_learning_rate': 0.0010285921650839715, 'train_lr_reduce': 0.6}. Best is trial 156 with value: 0.33254924416542053.
[I 2024-12-19 07:49:52,201] Trial 457 finished with value: 0.40762990713119507 and parameters: {'mlp_n_layers': 3, 'mlp_dim_00': 176, 'mlp_dim_01': 104, 'mlp_dim_02': 447, 'node_hidden_dim': 127, 'edge_hidden_dim': 77, 'depth': 2, 'rep_dropout': 0.030776921503182866, 'train_learning_rate': 0.0035741158491720644, 'train_lr_reduce': 0.6}. Best is trial 156 with value: 0.33254924416542053.
[I 2024-12-19 07:49:55,428] Trial 461 finished with value: 1.3164863586425781 and parameters: {'mlp_n_layers': 4, 'mlp_dim_00': 202, 'mlp_dim_01': 320, 'mlp_dim_02': 511, 'mlp_dim_03': 113, 'node_hidden_dim': 124, 'edge_hidden_dim': 73, 'depth': 2, 'rep_dropout': 0.05493033328394064, 'train_learning_rate': 0.005302129724415916, 'train_lr_reduce': 0.6}. Best is trial 156 with value: 0.33254924416542053.
[I 2024-12-19 07:49:56,800] Trial 463 finished with value: 1.316834568977356 and parameters: {'mlp_n_layers': 3, 'mlp_dim_00': 100, 'mlp_dim_01': 156, 'mlp_dim_02': 406, 'node_hidden_dim': 125, 'edge_hidden_dim': 63, 'depth': 2, 'rep_dropout': 0.05541977156778159, 'train_learning_rate': 0.005743980686638254, 'train_lr_reduce': 0.6}. Best is trial 156 with value: 0.33254924416542053.
[I 2024-12-19 07:50:00,235] Trial 464 finished with value: 1.2872226238250732 and parameters: {'mlp_n_layers': 2, 'mlp_dim_00': 128, 'mlp_dim_01': 118, 'node_hidden_dim': 121, 'edge_hidden_dim': 85, 'depth': 2, 'rep_dropout': 0.02168434824810993, 'train_learning_rate': 0.006508665128142541, 'train_lr_reduce': 0.6}. Best is trial 156 with value: 0.33254924416542053.
[I 2024-12-19 07:50:04,438] Trial 466 finished with value: 1.5404980182647705 and parameters: {'mlp_n_layers': 3, 'mlp_dim_00': 164, 'mlp_dim_01': 140, 'mlp_dim_02': 242, 'node_hidden_dim': 115, 'edge_hidden_dim': 86, 'depth': 2, 'rep_dropout': 0.026926866447481435, 'train_learning_rate': 0.007389315611819506, 'train_lr_reduce': 0.6}. Best is trial 156 with value: 0.33254924416542053.
[I 2024-12-19 07:50:06,064] Trial 462 finished with value: 0.3962322771549225 and parameters: {'mlp_n_layers': 4, 'mlp_dim_00': 111, 'mlp_dim_01': 64, 'mlp_dim_02': 431, 'mlp_dim_03': 186, 'node_hidden_dim': 122, 'edge_hidden_dim': 92, 'depth': 2, 'rep_dropout': 0.07145930520620196, 'train_learning_rate': 0.0063913242720009065, 'train_lr_reduce': 0.6}. Best is trial 156 with value: 0.33254924416542053.
[I 2024-12-19 07:50:09,287] Trial 467 finished with value: 1.3194586038589478 and parameters: {'mlp_n_layers': 4, 'mlp_dim_00': 222, 'mlp_dim_01': 393, 'mlp_dim_02': 391, 'mlp_dim_03': 171, 'node_hidden_dim': 100, 'edge_hidden_dim': 77, 'depth': 2, 'rep_dropout': 0.10742003941711828, 'train_learning_rate': 0.009001518737297765, 'train_lr_reduce': 0.6}. Best is trial 156 with value: 0.33254924416542053.
[I 2024-12-19 07:50:11,015] Trial 468 finished with value: 1.573022723197937 and parameters: {'mlp_n_layers': 3, 'mlp_dim_00': 189, 'mlp_dim_01': 462, 'mlp_dim_02': 432, 'node_hidden_dim': 91, 'edge_hidden_dim': 43, 'depth': 2, 'rep_dropout': 0.2466070046356458, 'train_learning_rate': 0.00023121628627217834, 'train_lr_reduce': 0.6}. Best is trial 156 with value: 0.33254924416542053.
[I 2024-12-19 07:50:11,028] Trial 465 finished with value: 0.7064974904060364 and parameters: {'mlp_n_layers': 4, 'mlp_dim_00': 192, 'mlp_dim_01': 133, 'mlp_dim_02': 232, 'mlp_dim_03': 197, 'node_hidden_dim': 126, 'edge_hidden_dim': 105, 'depth': 2, 'rep_dropout': 0.019384319144232737, 'train_learning_rate': 0.00303125033205973, 'train_lr_reduce': 0.6}. Best is trial 156 with value: 0.33254924416542053.
[I 2024-12-19 07:50:14,036] Trial 469 finished with value: 1.5326873064041138 and parameters: {'mlp_n_layers': 4, 'mlp_dim_00': 306, 'mlp_dim_01': 225, 'mlp_dim_02': 410, 'mlp_dim_03': 181, 'node_hidden_dim': 127, 'edge_hidden_dim': 92, 'depth': 2, 'rep_dropout': 0.015201607053515288, 'train_learning_rate': 0.0009144259476531427, 'train_lr_reduce': 0.6}. Best is trial 156 with value: 0.33254924416542053.
[I 2024-12-19 07:50:15,539] Trial 470 finished with value: 1.3608098030090332 and parameters: {'mlp_n_layers': 4, 'mlp_dim_00': 237, 'mlp_dim_01': 269, 'mlp_dim_02': 430, 'mlp_dim_03': 191, 'node_hidden_dim': 99, 'edge_hidden_dim': 80, 'depth': 2, 'rep_dropout': 0.05475536488167033, 'train_learning_rate': 0.007057448008118578, 'train_lr_reduce': 0.6}. Best is trial 156 with value: 0.33254924416542053.
[I 2024-12-19 07:50:15,922] Trial 471 finished with value: 1.3976831436157227 and parameters: {'mlp_n_layers': 3, 'mlp_dim_00': 283, 'mlp_dim_01': 72, 'mlp_dim_02': 446, 'node_hidden_dim': 117, 'edge_hidden_dim': 79, 'depth': 2, 'rep_dropout': 0.06556493170023861, 'train_learning_rate': 0.004103027793595032, 'train_lr_reduce': 0.6}. Best is trial 156 with value: 0.33254924416542053.
[I 2024-12-19 07:50:20,110] Trial 473 finished with value: 1.562303066253662 and parameters: {'mlp_n_layers': 3, 'mlp_dim_00': 426, 'mlp_dim_01': 404, 'mlp_dim_02': 396, 'node_hidden_dim': 117, 'edge_hidden_dim': 32, 'depth': 2, 'rep_dropout': 0.04225218859533186, 'train_learning_rate': 0.0005063230236353791, 'train_lr_reduce': 0.6}. Best is trial 156 with value: 0.33254924416542053.
[I 2024-12-19 07:50:25,028] Trial 474 finished with value: 0.811250627040863 and parameters: {'mlp_n_layers': 4, 'mlp_dim_00': 93, 'mlp_dim_01': 89, 'mlp_dim_02': 441, 'mlp_dim_03': 174, 'node_hidden_dim': 101, 'edge_hidden_dim': 108, 'depth': 2, 'rep_dropout': 0.10881519838934861, 'train_learning_rate': 0.005765525022792515, 'train_lr_reduce': 0.6}. Best is trial 156 with value: 0.33254924416542053.
[I 2024-12-19 07:50:25,953] Trial 472 finished with value: 1.359622597694397 and parameters: {'mlp_n_layers': 4, 'mlp_dim_00': 136, 'mlp_dim_01': 169, 'mlp_dim_02': 433, 'mlp_dim_03': 187, 'node_hidden_dim': 122, 'edge_hidden_dim': 87, 'depth': 2, 'rep_dropout': 0.08995225665287737, 'train_learning_rate': 0.002174052376109873, 'train_lr_reduce': 0.6}. Best is trial 156 with value: 0.33254924416542053.
[I 2024-12-19 07:50:31,059] Trial 475 finished with value: 1.3671822547912598 and parameters: {'mlp_n_layers': 4, 'mlp_dim_00': 408, 'mlp_dim_01': 86, 'mlp_dim_02': 350, 'mlp_dim_03': 220, 'node_hidden_dim': 94, 'edge_hidden_dim': 58, 'depth': 2, 'rep_dropout': 0.006871475522264921, 'train_learning_rate': 0.001818166799105568, 'train_lr_reduce': 0.6}. Best is trial 156 with value: 0.33254924416542053.
[I 2024-12-19 07:50:32,091] Trial 477 finished with value: 1.3034069538116455 and parameters: {'mlp_n_layers': 4, 'mlp_dim_00': 186, 'mlp_dim_01': 86, 'mlp_dim_02': 153, 'mlp_dim_03': 274, 'node_hidden_dim': 116, 'edge_hidden_dim': 117, 'depth': 2, 'rep_dropout': 0.08791838663161566, 'train_learning_rate': 0.008553753540085671, 'train_lr_reduce': 0.6}. Best is trial 156 with value: 0.33254924416542053.
[I 2024-12-19 07:50:36,430] Trial 478 finished with value: 1.57323157787323 and parameters: {'mlp_n_layers': 4, 'mlp_dim_00': 495, 'mlp_dim_01': 334, 'mlp_dim_02': 441, 'mlp_dim_03': 169, 'node_hidden_dim': 86, 'edge_hidden_dim': 77, 'depth': 4, 'rep_dropout': 0.07954267402415942, 'train_learning_rate': 0.0007384383607477428, 'train_lr_reduce': 0.6}. Best is trial 156 with value: 0.33254924416542053.
[I 2024-12-19 07:50:36,558] Trial 479 finished with value: 1.2904255390167236 and parameters: {'mlp_n_layers': 4, 'mlp_dim_00': 161, 'mlp_dim_01': 79, 'mlp_dim_02': 358, 'mlp_dim_03': 249, 'node_hidden_dim': 114, 'edge_hidden_dim': 69, 'depth': 2, 'rep_dropout': 0.08388230068841507, 'train_learning_rate': 0.006237868862086476, 'train_lr_reduce': 0.6}. Best is trial 156 with value: 0.33254924416542053.
[I 2024-12-19 07:50:37,819] Trial 476 finished with value: 0.5181881785392761 and parameters: {'mlp_n_layers': 4, 'mlp_dim_00': 85, 'mlp_dim_01': 97, 'mlp_dim_02': 390, 'mlp_dim_03': 173, 'node_hidden_dim': 103, 'edge_hidden_dim': 104, 'depth': 2, 'rep_dropout': 0.037198483295973646, 'train_learning_rate': 0.005137198440265711, 'train_lr_reduce': 0.6}. Best is trial 156 with value: 0.33254924416542053.
[I 2024-12-19 07:50:40,938] Trial 480 finished with value: 1.5496947765350342 and parameters: {'mlp_n_layers': 3, 'mlp_dim_00': 214, 'mlp_dim_01': 142, 'mlp_dim_02': 167, 'node_hidden_dim': 121, 'edge_hidden_dim': 72, 'depth': 2, 'rep_dropout': 0.04096853131055047, 'train_learning_rate': 0.0012104493053009086, 'train_lr_reduce': 0.6}. Best is trial 156 with value: 0.33254924416542053.
[I 2024-12-19 07:50:42,171] Trial 482 finished with value: 1.3693023920059204 and parameters: {'mlp_n_layers': 4, 'mlp_dim_00': 157, 'mlp_dim_01': 106, 'mlp_dim_02': 379, 'mlp_dim_03': 195, 'node_hidden_dim': 95, 'edge_hidden_dim': 101, 'depth': 2, 'rep_dropout': 0.04472809344392902, 'train_learning_rate': 0.003974128507102257, 'train_lr_reduce': 0.6}. Best is trial 156 with value: 0.33254924416542053.
[I 2024-12-19 07:50:47,513] Trial 484 finished with value: 1.503440260887146 and parameters: {'mlp_n_layers': 4, 'mlp_dim_00': 315, 'mlp_dim_01': 78, 'mlp_dim_02': 365, 'mlp_dim_03': 258, 'node_hidden_dim': 87, 'edge_hidden_dim': 82, 'depth': 2, 'rep_dropout': 0.163625683831276, 'train_learning_rate': 0.0040880980357145425, 'train_lr_reduce': 0.6}. Best is trial 156 with value: 0.33254924416542053.
[I 2024-12-19 07:50:52,409] Trial 481 finished with value: 0.5077937841415405 and parameters: {'mlp_n_layers': 4, 'mlp_dim_00': 85, 'mlp_dim_01': 64, 'mlp_dim_02': 139, 'mlp_dim_03': 209, 'node_hidden_dim': 67, 'edge_hidden_dim': 122, 'depth': 2, 'rep_dropout': 0.24921597706904852, 'train_learning_rate': 0.0018813028612690026, 'train_lr_reduce': 0.6}. Best is trial 156 with value: 0.33254924416542053.
[I 2024-12-19 07:50:53,967] Trial 485 finished with value: 1.1794973611831665 and parameters: {'mlp_n_layers': 4, 'mlp_dim_00': 98, 'mlp_dim_01': 112, 'mlp_dim_02': 277, 'mlp_dim_03': 211, 'node_hidden_dim': 122, 'edge_hidden_dim': 88, 'depth': 2, 'rep_dropout': 0.015562891659971649, 'train_learning_rate': 0.00937867546054382, 'train_lr_reduce': 0.6}. Best is trial 156 with value: 0.33254924416542053.
[I 2024-12-19 07:50:56,996] Trial 483 finished with value: 0.8350130915641785 and parameters: {'mlp_n_layers': 4, 'mlp_dim_00': 494, 'mlp_dim_01': 304, 'mlp_dim_02': 215, 'mlp_dim_03': 174, 'node_hidden_dim': 63, 'edge_hidden_dim': 94, 'depth': 2, 'rep_dropout': 0.04261038977802546, 'train_learning_rate': 0.001708476024576862, 'train_lr_reduce': 0.6}. Best is trial 156 with value: 0.33254924416542053.
[I 2024-12-19 07:50:59,110] Trial 487 finished with value: 1.3731591701507568 and parameters: {'mlp_n_layers': 4, 'mlp_dim_00': 116, 'mlp_dim_01': 80, 'mlp_dim_02': 148, 'mlp_dim_03': 250, 'node_hidden_dim': 78, 'edge_hidden_dim': 82, 'depth': 2, 'rep_dropout': 0.18300328284098033, 'train_learning_rate': 0.007922509386917565, 'train_lr_reduce': 0.6}. Best is trial 156 with value: 0.33254924416542053.
[I 2024-12-19 07:51:01,410] Trial 488 finished with value: 1.5730220079421997 and parameters: {'mlp_n_layers': 4, 'mlp_dim_00': 221, 'mlp_dim_01': 67, 'mlp_dim_02': 142, 'mlp_dim_03': 303, 'node_hidden_dim': 68, 'edge_hidden_dim': 117, 'depth': 2, 'rep_dropout': 0.18991072279784424, 'train_learning_rate': 0.0012322145082309555, 'train_lr_reduce': 0.6}. Best is trial 156 with value: 0.33254924416542053.
[I 2024-12-19 07:51:04,280] Trial 489 finished with value: 1.2851325273513794 and parameters: {'mlp_n_layers': 4, 'mlp_dim_00': 493, 'mlp_dim_01': 451, 'mlp_dim_02': 140, 'mlp_dim_03': 232, 'node_hidden_dim': 95, 'edge_hidden_dim': 118, 'depth': 2, 'rep_dropout': 0.09661769853830035, 'train_learning_rate': 0.005045393821772843, 'train_lr_reduce': 0.6}. Best is trial 156 with value: 0.33254924416542053.
[I 2024-12-19 07:51:05,863] Trial 490 finished with value: 1.418872356414795 and parameters: {'mlp_n_layers': 3, 'mlp_dim_00': 192, 'mlp_dim_01': 127, 'mlp_dim_02': 152, 'node_hidden_dim': 72, 'edge_hidden_dim': 90, 'depth': 2, 'rep_dropout': 0.22414700484939515, 'train_learning_rate': 0.00397724415137863, 'train_lr_reduce': 0.6}. Best is trial 156 with value: 0.33254924416542053.
[I 2024-12-19 07:51:06,127] Trial 486 finished with value: 0.4087240993976593 and parameters: {'mlp_n_layers': 3, 'mlp_dim_00': 230, 'mlp_dim_01': 163, 'mlp_dim_02': 122, 'node_hidden_dim': 128, 'edge_hidden_dim': 75, 'depth': 2, 'rep_dropout': 0.012028755657549649, 'train_learning_rate': 0.0030453901309762366, 'train_lr_reduce': 0.6}. Best is trial 156 with value: 0.33254924416542053.
[I 2024-12-19 07:51:11,110] Trial 491 finished with value: 1.4238438606262207 and parameters: {'mlp_n_layers': 4, 'mlp_dim_00': 462, 'mlp_dim_01': 149, 'mlp_dim_02': 197, 'mlp_dim_03': 221, 'node_hidden_dim': 81, 'edge_hidden_dim': 89, 'depth': 2, 'rep_dropout': 0.09479270041601429, 'train_learning_rate': 0.0014853998365117423, 'train_lr_reduce': 0.6}. Best is trial 156 with value: 0.33254924416542053.
[I 2024-12-19 07:51:11,480] Trial 492 finished with value: 1.4472553730010986 and parameters: {'mlp_n_layers': 3, 'mlp_dim_00': 213, 'mlp_dim_01': 106, 'mlp_dim_02': 146, 'node_hidden_dim': 119, 'edge_hidden_dim': 92, 'depth': 3, 'rep_dropout': 0.002129663701740822, 'train_learning_rate': 0.002396396882030146, 'train_lr_reduce': 0.6}. Best is trial 156 with value: 0.33254924416542053.
[I 2024-12-19 07:51:15,923] Trial 495 finished with value: 1.5118271112442017 and parameters: {'mlp_n_layers': 3, 'mlp_dim_00': 105, 'mlp_dim_01': 72, 'mlp_dim_02': 216, 'node_hidden_dim': 113, 'edge_hidden_dim': 72, 'depth': 2, 'rep_dropout': 0.06469000881525462, 'train_learning_rate': 0.0018244385310632373, 'train_lr_reduce': 0.6}. Best is trial 156 with value: 0.33254924416542053.
[I 2024-12-19 07:51:19,195] Trial 494 finished with value: 1.4276509284973145 and parameters: {'mlp_n_layers': 4, 'mlp_dim_00': 115, 'mlp_dim_01': 463, 'mlp_dim_02': 112, 'mlp_dim_03': 336, 'node_hidden_dim': 52, 'edge_hidden_dim': 46, 'depth': 4, 'rep_dropout': 0.08777678286244009, 'train_learning_rate': 0.0016525353034540712, 'train_lr_reduce': 0.6}. Best is trial 156 with value: 0.33254924416542053.
[I 2024-12-19 07:51:20,071] Trial 496 finished with value: 1.283894419670105 and parameters: {'mlp_n_layers': 3, 'mlp_dim_00': 293, 'mlp_dim_01': 85, 'mlp_dim_02': 274, 'node_hidden_dim': 74, 'edge_hidden_dim': 66, 'depth': 2, 'rep_dropout': 0.09424039480935366, 'train_learning_rate': 0.006920585258154409, 'train_lr_reduce': 0.6}. Best is trial 156 with value: 0.33254924416542053.
[I 2024-12-19 07:51:21,029] Trial 493 finished with value: 0.40106627345085144 and parameters: {'mlp_n_layers': 3, 'mlp_dim_00': 173, 'mlp_dim_01': 148, 'mlp_dim_02': 96, 'node_hidden_dim': 126, 'edge_hidden_dim': 50, 'depth': 2, 'rep_dropout': 0.011982222303316043, 'train_learning_rate': 0.004901601199027796, 'train_lr_reduce': 0.6}. Best is trial 156 with value: 0.33254924416542053.
[I 2024-12-19 07:51:24,610] Trial 497 finished with value: 1.5777711868286133 and parameters: {'mlp_n_layers': 3, 'mlp_dim_00': 70, 'mlp_dim_01': 314, 'mlp_dim_02': 212, 'node_hidden_dim': 104, 'edge_hidden_dim': 70, 'depth': 4, 'rep_dropout': 0.01215631408042811, 'train_learning_rate': 0.00032876541992327336, 'train_lr_reduce': 0.6}. Best is trial 156 with value: 0.33254924416542053.
[I 2024-12-19 07:51:24,830] Trial 498 finished with value: 1.419000267982483 and parameters: {'mlp_n_layers': 3, 'mlp_dim_00': 404, 'mlp_dim_01': 381, 'mlp_dim_02': 109, 'node_hidden_dim': 123, 'edge_hidden_dim': 112, 'depth': 3, 'rep_dropout': 0.1552985974637924, 'train_learning_rate': 0.00239782768224834, 'train_lr_reduce': 0.6}. Best is trial 156 with value: 0.33254924416542053.
