[I 2024-12-26 15:30:10,855] Trial 1948 finished with value: 0.011792002245783806 and parameters: {'L1_hidden_dim': 160, 'L1_layers_atom': 4, 'L1_layers_mol': 3, 'L1_dropout': 0.011428761145663949, 'L1_out_dim': 48, 'L2_hidden_dim': 224, 'L2_layers_atom': 1, 'L2_layers_mol': 1, 'L2_out_dim': 128, 'L2_dropout': 0.041573888195261595, 'L3_hidden_dim': 96, 'L3_layers_atom': 3, 'L3_layers_mol': 2, 'L3_out_dim': 128, 'L3_dropout': 0.044612347498468964, 'n_mlp_layers': 3, 'mlp_dim_0': 384, 'mlp_dim_1': 344, 'mlp_dim_2': 512, 'num_heads': 2, 'final_dropout': 0.21189522865485105, 'train_learning_rate': 0.0005745500932594975, 'train_lr_reduce': 0.6}. Best is trial 1073 with value: 0.009419886395335197.
[I 2024-12-26 15:30:48,267] Trial 1949 finished with value: 0.013785871677100658 and parameters: {'L1_hidden_dim': 240, 'L1_layers_atom': 1, 'L1_layers_mol': 1, 'L1_dropout': 0.17737219560900863, 'L1_out_dim': 64, 'L2_hidden_dim': 64, 'L2_layers_atom': 2, 'L2_layers_mol': 2, 'L2_out_dim': 128, 'L2_dropout': 0.18447206826650303, 'L3_hidden_dim': 112, 'L3_layers_atom': 2, 'L3_layers_mol': 4, 'L3_out_dim': 128, 'L3_dropout': 0.13971934501188246, 'n_mlp_layers': 2, 'mlp_dim_0': 48, 'mlp_dim_1': 256, 'num_heads': 2, 'final_dropout': 0.19131086085334031, 'train_learning_rate': 0.0015267671499465509, 'train_lr_reduce': 0.6}. Best is trial 1073 with value: 0.009419886395335197.
[I 2024-12-26 15:31:37,784] Trial 1952 finished with value: 0.35360077023506165 and parameters: {'L1_hidden_dim': 256, 'L1_layers_atom': 4, 'L1_layers_mol': 1, 'L1_dropout': 0.2300983273620197, 'L1_out_dim': 64, 'L2_hidden_dim': 96, 'L2_layers_atom': 4, 'L2_layers_mol': 3, 'L2_out_dim': 64, 'L2_dropout': 0.053806709098652164, 'L3_hidden_dim': 128, 'L3_layers_atom': 1, 'L3_layers_mol': 2, 'L3_out_dim': 32, 'L3_dropout': 0.02475084841455924, 'n_mlp_layers': 1, 'mlp_dim_0': 72, 'num_heads': 1, 'final_dropout': 0.022303642937334223, 'train_learning_rate': 0.0016882120304667588, 'train_lr_reduce': 0.6}. Best is trial 1073 with value: 0.009419886395335197.
[I 2024-12-26 15:32:11,908] Trial 1950 finished with value: 0.012665724381804466 and parameters: {'L1_hidden_dim': 96, 'L1_layers_atom': 2, 'L1_layers_mol': 2, 'L1_dropout': 0.12334872518594493, 'L1_out_dim': 80, 'L2_hidden_dim': 224, 'L2_layers_atom': 1, 'L2_layers_mol': 3, 'L2_out_dim': 80, 'L2_dropout': 0.038376721589422486, 'L3_hidden_dim': 64, 'L3_layers_atom': 3, 'L3_layers_mol': 1, 'L3_out_dim': 128, 'L3_dropout': 0.03964924268661671, 'n_mlp_layers': 2, 'mlp_dim_0': 456, 'mlp_dim_1': 304, 'num_heads': 1, 'final_dropout': 0.12174233140724161, 'train_learning_rate': 0.0005177781205161804, 'train_lr_reduce': 0.6}. Best is trial 1073 with value: 0.009419886395335197.
[I 2024-12-26 15:32:49,328] Trial 1951 finished with value: 0.011811161413788795 and parameters: {'L1_hidden_dim': 128, 'L1_layers_atom': 1, 'L1_layers_mol': 2, 'L1_dropout': 0.10730444479993752, 'L1_out_dim': 80, 'L2_hidden_dim': 208, 'L2_layers_atom': 3, 'L2_layers_mol': 4, 'L2_out_dim': 80, 'L2_dropout': 0.040075751896011896, 'L3_hidden_dim': 64, 'L3_layers_atom': 4, 'L3_layers_mol': 1, 'L3_out_dim': 112, 'L3_dropout': 0.0764390819549186, 'n_mlp_layers': 3, 'mlp_dim_0': 440, 'mlp_dim_1': 344, 'mlp_dim_2': 440, 'num_heads': 2, 'final_dropout': 0.11065848614245727, 'train_learning_rate': 0.00084435137896822, 'train_lr_reduce': 0.6}. Best is trial 1073 with value: 0.009419886395335197.
[I 2024-12-26 15:33:55,189] Trial 1953 finished with value: 0.012663569301366806 and parameters: {'L1_hidden_dim': 176, 'L1_layers_atom': 1, 'L1_layers_mol': 2, 'L1_dropout': 0.21333266964705105, 'L1_out_dim': 80, 'L2_hidden_dim': 192, 'L2_layers_atom': 1, 'L2_layers_mol': 4, 'L2_out_dim': 80, 'L2_dropout': 0.02251994846668414, 'L3_hidden_dim': 32, 'L3_layers_atom': 4, 'L3_layers_mol': 2, 'L3_out_dim': 96, 'L3_dropout': 0.050101626915767326, 'n_mlp_layers': 3, 'mlp_dim_0': 376, 'mlp_dim_1': 272, 'mlp_dim_2': 112, 'num_heads': 2, 'final_dropout': 0.18592017934812033, 'train_learning_rate': 0.0002585777489232807, 'train_lr_reduce': 0.6}. Best is trial 1073 with value: 0.009419886395335197.
[I 2024-12-26 15:35:06,496] Trial 1954 finished with value: 0.014005221426486969 and parameters: {'L1_hidden_dim': 128, 'L1_layers_atom': 4, 'L1_layers_mol': 2, 'L1_dropout': 0.01502002329769152, 'L1_out_dim': 96, 'L2_hidden_dim': 224, 'L2_layers_atom': 2, 'L2_layers_mol': 3, 'L2_out_dim': 128, 'L2_dropout': 0.005419238426060047, 'L3_hidden_dim': 80, 'L3_layers_atom': 4, 'L3_layers_mol': 2, 'L3_out_dim': 96, 'L3_dropout': 0.02297792983097858, 'n_mlp_layers': 3, 'mlp_dim_0': 408, 'mlp_dim_1': 304, 'mlp_dim_2': 352, 'num_heads': 2, 'final_dropout': 0.1891631860969595, 'train_learning_rate': 0.0016184918510128846, 'train_lr_reduce': 0.6}. Best is trial 1073 with value: 0.009419886395335197.
[I 2024-12-26 15:35:40,281] Trial 1955 finished with value: 0.01424223929643631 and parameters: {'L1_hidden_dim': 240, 'L1_layers_atom': 3, 'L1_layers_mol': 4, 'L1_dropout': 0.10211891963943745, 'L1_out_dim': 48, 'L2_hidden_dim': 256, 'L2_layers_atom': 4, 'L2_layers_mol': 1, 'L2_out_dim': 64, 'L2_dropout': 0.28503595972806034, 'L3_hidden_dim': 128, 'L3_layers_atom': 2, 'L3_layers_mol': 3, 'L3_out_dim': 32, 'L3_dropout': 0.1140173028608796, 'n_mlp_layers': 3, 'mlp_dim_0': 160, 'mlp_dim_1': 512, 'mlp_dim_2': 72, 'num_heads': 2, 'final_dropout': 0.2081066821169574, 'train_learning_rate': 0.00029269305200634943, 'train_lr_reduce': 0.6}. Best is trial 1073 with value: 0.009419886395335197.
[I 2024-12-26 15:35:59,409] Trial 1956 finished with value: 0.015252824872732162 and parameters: {'L1_hidden_dim': 112, 'L1_layers_atom': 1, 'L1_layers_mol': 1, 'L1_dropout': 0.0489945967464073, 'L1_out_dim': 80, 'L2_hidden_dim': 176, 'L2_layers_atom': 1, 'L2_layers_mol': 2, 'L2_out_dim': 112, 'L2_dropout': 0.07971575995364613, 'L3_hidden_dim': 96, 'L3_layers_atom': 4, 'L3_layers_mol': 1, 'L3_out_dim': 128, 'L3_dropout': 0.07498752931666847, 'n_mlp_layers': 3, 'mlp_dim_0': 288, 'mlp_dim_1': 256, 'mlp_dim_2': 440, 'num_heads': 2, 'final_dropout': 0.08783643858223088, 'train_learning_rate': 0.0027298214106408025, 'train_lr_reduce': 0.6}. Best is trial 1073 with value: 0.009419886395335197.
[I 2024-12-26 15:37:35,758] Trial 1957 finished with value: 0.022869301959872246 and parameters: {'L1_hidden_dim': 96, 'L1_layers_atom': 3, 'L1_layers_mol': 1, 'L1_dropout': 0.1399857685717762, 'L1_out_dim': 112, 'L2_hidden_dim': 224, 'L2_layers_atom': 3, 'L2_layers_mol': 4, 'L2_out_dim': 48, 'L2_dropout': 0.1955953313998867, 'L3_hidden_dim': 128, 'L3_layers_atom': 3, 'L3_layers_mol': 3, 'L3_out_dim': 48, 'L3_dropout': 0.16459667828810123, 'n_mlp_layers': 2, 'mlp_dim_0': 136, 'mlp_dim_1': 344, 'num_heads': 1, 'final_dropout': 0.14638254694324224, 'train_learning_rate': 0.0029359301392635853, 'train_lr_reduce': 0.6}. Best is trial 1073 with value: 0.009419886395335197.
[I 2024-12-26 15:37:50,133] Trial 1959 finished with value: 0.02562907338142395 and parameters: {'L1_hidden_dim': 160, 'L1_layers_atom': 2, 'L1_layers_mol': 2, 'L1_dropout': 0.1750605792936741, 'L1_out_dim': 64, 'L2_hidden_dim': 176, 'L2_layers_atom': 3, 'L2_layers_mol': 4, 'L2_out_dim': 32, 'L2_dropout': 0.07754988564029382, 'L3_hidden_dim': 128, 'L3_layers_atom': 2, 'L3_layers_mol': 3, 'L3_out_dim': 128, 'L3_dropout': 0.21057608742587391, 'n_mlp_layers': 3, 'mlp_dim_0': 368, 'mlp_dim_1': 304, 'mlp_dim_2': 480, 'num_heads': 1, 'final_dropout': 0.07106924293273792, 'train_learning_rate': 0.0051742622603353165, 'train_lr_reduce': 0.6}. Best is trial 1073 with value: 0.009419886395335197.
[I 2024-12-26 15:38:12,974] Trial 1958 finished with value: 0.01369632687419653 and parameters: {'L1_hidden_dim': 144, 'L1_layers_atom': 4, 'L1_layers_mol': 4, 'L1_dropout': 0.007721685205648162, 'L1_out_dim': 32, 'L2_hidden_dim': 80, 'L2_layers_atom': 1, 'L2_layers_mol': 1, 'L2_out_dim': 128, 'L2_dropout': 0.12273530299980065, 'L3_hidden_dim': 96, 'L3_layers_atom': 4, 'L3_layers_mol': 2, 'L3_out_dim': 96, 'L3_dropout': 0.015376705868937385, 'n_mlp_layers': 2, 'mlp_dim_0': 472, 'mlp_dim_1': 256, 'num_heads': 2, 'final_dropout': 0.08374384952822345, 'train_learning_rate': 0.0015314306469897167, 'train_lr_reduce': 0.6}. Best is trial 1073 with value: 0.009419886395335197.
[I 2024-12-26 15:40:16,586] Trial 1960 finished with value: 0.01129195373505354 and parameters: {'L1_hidden_dim': 112, 'L1_layers_atom': 2, 'L1_layers_mol': 1, 'L1_dropout': 0.049533388739170015, 'L1_out_dim': 32, 'L2_hidden_dim': 192, 'L2_layers_atom': 1, 'L2_layers_mol': 3, 'L2_out_dim': 112, 'L2_dropout': 0.06928046412688264, 'L3_hidden_dim': 96, 'L3_layers_atom': 4, 'L3_layers_mol': 1, 'L3_out_dim': 128, 'L3_dropout': 0.04376817866960482, 'n_mlp_layers': 3, 'mlp_dim_0': 296, 'mlp_dim_1': 360, 'mlp_dim_2': 392, 'num_heads': 2, 'final_dropout': 0.06286250956388617, 'train_learning_rate': 0.00034430104208601944, 'train_lr_reduce': 0.6}. Best is trial 1073 with value: 0.009419886395335197.
[I 2024-12-26 15:40:48,593] Trial 1961 finished with value: 0.016170253977179527 and parameters: {'L1_hidden_dim': 112, 'L1_layers_atom': 1, 'L1_layers_mol': 2, 'L1_dropout': 0.20374483482996839, 'L1_out_dim': 96, 'L2_hidden_dim': 176, 'L2_layers_atom': 1, 'L2_layers_mol': 4, 'L2_out_dim': 96, 'L2_dropout': 0.022027931622463352, 'L3_hidden_dim': 80, 'L3_layers_atom': 4, 'L3_layers_mol': 2, 'L3_out_dim': 112, 'L3_dropout': 0.06503108122025965, 'n_mlp_layers': 3, 'mlp_dim_0': 440, 'mlp_dim_1': 248, 'mlp_dim_2': 136, 'num_heads': 2, 'final_dropout': 0.10738468103251762, 'train_learning_rate': 0.0024615256879650374, 'train_lr_reduce': 0.6}. Best is trial 1073 with value: 0.009419886395335197.
[I 2024-12-26 15:40:54,679] Trial 1962 finished with value: 0.01244918629527092 and parameters: {'L1_hidden_dim': 112, 'L1_layers_atom': 1, 'L1_layers_mol': 2, 'L1_dropout': 0.03604560435851144, 'L1_out_dim': 80, 'L2_hidden_dim': 192, 'L2_layers_atom': 2, 'L2_layers_mol': 2, 'L2_out_dim': 112, 'L2_dropout': 0.014206124776967899, 'L3_hidden_dim': 112, 'L3_layers_atom': 4, 'L3_layers_mol': 1, 'L3_out_dim': 96, 'L3_dropout': 0.03847405649252861, 'n_mlp_layers': 3, 'mlp_dim_0': 256, 'mlp_dim_1': 488, 'mlp_dim_2': 440, 'num_heads': 2, 'final_dropout': 0.006409484632289903, 'train_learning_rate': 0.00013387279622814583, 'train_lr_reduce': 0.6}. Best is trial 1073 with value: 0.009419886395335197.
[I 2024-12-26 15:42:22,283] Trial 1963 finished with value: 0.027425315231084824 and parameters: {'L1_hidden_dim': 224, 'L1_layers_atom': 1, 'L1_layers_mol': 4, 'L1_dropout': 0.23960351397145124, 'L1_out_dim': 96, 'L2_hidden_dim': 64, 'L2_layers_atom': 4, 'L2_layers_mol': 1, 'L2_out_dim': 64, 'L2_dropout': 0.01750716209589273, 'L3_hidden_dim': 64, 'L3_layers_atom': 4, 'L3_layers_mol': 3, 'L3_out_dim': 112, 'L3_dropout': 0.11571086103002112, 'n_mlp_layers': 3, 'mlp_dim_0': 48, 'mlp_dim_1': 352, 'mlp_dim_2': 512, 'num_heads': 1, 'final_dropout': 0.01802288525400708, 'train_learning_rate': 0.0002489024012638079, 'train_lr_reduce': 0.6}. Best is trial 1073 with value: 0.009419886395335197.
[I 2024-12-26 15:43:03,341] Trial 1964 finished with value: 0.0124210175126791 and parameters: {'L1_hidden_dim': 208, 'L1_layers_atom': 4, 'L1_layers_mol': 3, 'L1_dropout': 0.125841520149955, 'L1_out_dim': 48, 'L2_hidden_dim': 144, 'L2_layers_atom': 1, 'L2_layers_mol': 1, 'L2_out_dim': 112, 'L2_dropout': 0.012145677076819766, 'L3_hidden_dim': 112, 'L3_layers_atom': 4, 'L3_layers_mol': 3, 'L3_out_dim': 128, 'L3_dropout': 0.08168061165835978, 'n_mlp_layers': 2, 'mlp_dim_0': 328, 'mlp_dim_1': 296, 'num_heads': 2, 'final_dropout': 0.10366434010649668, 'train_learning_rate': 0.0005660136564745422, 'train_lr_reduce': 0.6}. Best is trial 1073 with value: 0.009419886395335197.
[I 2024-12-26 15:43:29,515] Trial 1965 finished with value: 0.011334577575325966 and parameters: {'L1_hidden_dim': 176, 'L1_layers_atom': 4, 'L1_layers_mol': 3, 'L1_dropout': 0.14712452411324772, 'L1_out_dim': 48, 'L2_hidden_dim': 80, 'L2_layers_atom': 1, 'L2_layers_mol': 2, 'L2_out_dim': 128, 'L2_dropout': 0.008530469837953025, 'L3_hidden_dim': 64, 'L3_layers_atom': 2, 'L3_layers_mol': 2, 'L3_out_dim': 48, 'L3_dropout': 0.24210379498095697, 'n_mlp_layers': 2, 'mlp_dim_0': 224, 'mlp_dim_1': 352, 'num_heads': 2, 'final_dropout': 0.010949878991845241, 'train_learning_rate': 0.0007692357452903926, 'train_lr_reduce': 0.6}. Best is trial 1073 with value: 0.009419886395335197.
[I 2024-12-26 15:44:36,352] Trial 1966 finished with value: 0.01059928722679615 and parameters: {'L1_hidden_dim': 176, 'L1_layers_atom': 3, 'L1_layers_mol': 3, 'L1_dropout': 0.04220638034673987, 'L1_out_dim': 48, 'L2_hidden_dim': 208, 'L2_layers_atom': 2, 'L2_layers_mol': 3, 'L2_out_dim': 80, 'L2_dropout': 0.004270450717876559, 'L3_hidden_dim': 80, 'L3_layers_atom': 4, 'L3_layers_mol': 1, 'L3_out_dim': 128, 'L3_dropout': 0.17011675983835284, 'n_mlp_layers': 2, 'mlp_dim_0': 456, 'mlp_dim_1': 248, 'num_heads': 1, 'final_dropout': 0.20802319983577533, 'train_learning_rate': 0.0007958306832979158, 'train_lr_reduce': 0.6}. Best is trial 1073 with value: 0.009419886395335197.
[I 2024-12-26 15:45:10,734] Trial 1967 finished with value: 0.021804779767990112 and parameters: {'L1_hidden_dim': 224, 'L1_layers_atom': 1, 'L1_layers_mol': 3, 'L1_dropout': 0.23445074014845854, 'L1_out_dim': 96, 'L2_hidden_dim': 160, 'L2_layers_atom': 3, 'L2_layers_mol': 3, 'L2_out_dim': 128, 'L2_dropout': 0.29369935121138235, 'L3_hidden_dim': 48, 'L3_layers_atom': 4, 'L3_layers_mol': 2, 'L3_out_dim': 96, 'L3_dropout': 0.16968399562095202, 'n_mlp_layers': 1, 'mlp_dim_0': 120, 'num_heads': 2, 'final_dropout': 0.058631520055608455, 'train_learning_rate': 0.004600304333847792, 'train_lr_reduce': 0.6}. Best is trial 1073 with value: 0.009419886395335197.
[I 2024-12-26 15:46:24,958] Trial 1968 finished with value: 0.01534739788621664 and parameters: {'L1_hidden_dim': 240, 'L1_layers_atom': 1, 'L1_layers_mol': 2, 'L1_dropout': 0.05813698716489546, 'L1_out_dim': 32, 'L2_hidden_dim': 96, 'L2_layers_atom': 2, 'L2_layers_mol': 2, 'L2_out_dim': 48, 'L2_dropout': 0.013764651603998103, 'L3_hidden_dim': 128, 'L3_layers_atom': 4, 'L3_layers_mol': 4, 'L3_out_dim': 96, 'L3_dropout': 0.22789076518662907, 'n_mlp_layers': 1, 'mlp_dim_0': 320, 'num_heads': 2, 'final_dropout': 0.2792395980257942, 'train_learning_rate': 0.0009258443080956426, 'train_lr_reduce': 0.6}. Best is trial 1073 with value: 0.009419886395335197.
[I 2024-12-26 15:46:43,696] Trial 1969 finished with value: 0.010616525076329708 and parameters: {'L1_hidden_dim': 128, 'L1_layers_atom': 1, 'L1_layers_mol': 1, 'L1_dropout': 0.12594851880611077, 'L1_out_dim': 96, 'L2_hidden_dim': 160, 'L2_layers_atom': 1, 'L2_layers_mol': 3, 'L2_out_dim': 96, 'L2_dropout': 0.020601115789835877, 'L3_hidden_dim': 80, 'L3_layers_atom': 3, 'L3_layers_mol': 1, 'L3_out_dim': 128, 'L3_dropout': 0.08048306710486026, 'n_mlp_layers': 3, 'mlp_dim_0': 320, 'mlp_dim_1': 304, 'mlp_dim_2': 472, 'num_heads': 2, 'final_dropout': 0.10051084352043055, 'train_learning_rate': 0.0006965572583185611, 'train_lr_reduce': 0.6}. Best is trial 1073 with value: 0.009419886395335197.
[I 2024-12-26 15:47:32,685] Trial 1970 finished with value: 0.011222821660339832 and parameters: {'L1_hidden_dim': 240, 'L1_layers_atom': 3, 'L1_layers_mol': 1, 'L1_dropout': 0.03219261237608864, 'L1_out_dim': 64, 'L2_hidden_dim': 240, 'L2_layers_atom': 2, 'L2_layers_mol': 2, 'L2_out_dim': 112, 'L2_dropout': 0.0037618860159845287, 'L3_hidden_dim': 64, 'L3_layers_atom': 2, 'L3_layers_mol': 3, 'L3_out_dim': 112, 'L3_dropout': 0.14997222911135677, 'n_mlp_layers': 3, 'mlp_dim_0': 464, 'mlp_dim_1': 488, 'mlp_dim_2': 64, 'num_heads': 2, 'final_dropout': 0.1985191495639353, 'train_learning_rate': 0.0004948635621635574, 'train_lr_reduce': 0.6}. Best is trial 1073 with value: 0.009419886395335197.
[I 2024-12-26 15:48:19,864] Trial 1972 finished with value: 0.03488589823246002 and parameters: {'L1_hidden_dim': 112, 'L1_layers_atom': 2, 'L1_layers_mol': 4, 'L1_dropout': 0.2478534295896071, 'L1_out_dim': 112, 'L2_hidden_dim': 80, 'L2_layers_atom': 4, 'L2_layers_mol': 1, 'L2_out_dim': 80, 'L2_dropout': 0.24784630243327682, 'L3_hidden_dim': 48, 'L3_layers_atom': 3, 'L3_layers_mol': 3, 'L3_out_dim': 64, 'L3_dropout': 0.20072419500561525, 'n_mlp_layers': 1, 'mlp_dim_0': 480, 'num_heads': 1, 'final_dropout': 0.07520065208769329, 'train_learning_rate': 0.003985820173558205, 'train_lr_reduce': 0.6}. Best is trial 1073 with value: 0.009419886395335197.
[I 2024-12-26 15:49:07,919] Trial 1971 finished with value: 0.01919693313539028 and parameters: {'L1_hidden_dim': 240, 'L1_layers_atom': 1, 'L1_layers_mol': 1, 'L1_dropout': 0.2446992179782036, 'L1_out_dim': 64, 'L2_hidden_dim': 80, 'L2_layers_atom': 1, 'L2_layers_mol': 1, 'L2_out_dim': 32, 'L2_dropout': 0.20858988998694336, 'L3_hidden_dim': 112, 'L3_layers_atom': 1, 'L3_layers_mol': 3, 'L3_out_dim': 64, 'L3_dropout': 0.020927274401091545, 'n_mlp_layers': 1, 'mlp_dim_0': 120, 'num_heads': 1, 'final_dropout': 0.0036382245821516834, 'train_learning_rate': 0.001379926043178867, 'train_lr_reduce': 0.6}. Best is trial 1073 with value: 0.009419886395335197.
[I 2024-12-26 15:50:08,356] Trial 1973 finished with value: 0.011750932782888412 and parameters: {'L1_hidden_dim': 176, 'L1_layers_atom': 2, 'L1_layers_mol': 1, 'L1_dropout': 0.02726843116041466, 'L1_out_dim': 128, 'L2_hidden_dim': 208, 'L2_layers_atom': 2, 'L2_layers_mol': 4, 'L2_out_dim': 80, 'L2_dropout': 0.050705638651488624, 'L3_hidden_dim': 80, 'L3_layers_atom': 4, 'L3_layers_mol': 1, 'L3_out_dim': 112, 'L3_dropout': 0.1929757935565331, 'n_mlp_layers': 3, 'mlp_dim_0': 512, 'mlp_dim_1': 272, 'mlp_dim_2': 400, 'num_heads': 2, 'final_dropout': 0.029291256673243084, 'train_learning_rate': 0.00020291016167198645, 'train_lr_reduce': 0.6}. Best is trial 1073 with value: 0.009419886395335197.
[I 2024-12-26 15:50:31,128] Trial 1974 finished with value: 0.015616838820278645 and parameters: {'L1_hidden_dim': 96, 'L1_layers_atom': 2, 'L1_layers_mol': 1, 'L1_dropout': 0.0796930268856783, 'L1_out_dim': 48, 'L2_hidden_dim': 176, 'L2_layers_atom': 3, 'L2_layers_mol': 2, 'L2_out_dim': 32, 'L2_dropout': 0.23858299736752947, 'L3_hidden_dim': 48, 'L3_layers_atom': 3, 'L3_layers_mol': 2, 'L3_out_dim': 64, 'L3_dropout': 0.05936133335829459, 'n_mlp_layers': 3, 'mlp_dim_0': 144, 'mlp_dim_1': 320, 'mlp_dim_2': 104, 'num_heads': 2, 'final_dropout': 0.2769731546640951, 'train_learning_rate': 0.0017172534486676093, 'train_lr_reduce': 0.6}. Best is trial 1073 with value: 0.009419886395335197.
[I 2024-12-26 15:52:08,198] Trial 1975 finished with value: 0.010980538092553616 and parameters: {'L1_hidden_dim': 64, 'L1_layers_atom': 3, 'L1_layers_mol': 2, 'L1_dropout': 0.04053215686004122, 'L1_out_dim': 32, 'L2_hidden_dim': 208, 'L2_layers_atom': 1, 'L2_layers_mol': 4, 'L2_out_dim': 112, 'L2_dropout': 0.013910511962421705, 'L3_hidden_dim': 96, 'L3_layers_atom': 4, 'L3_layers_mol': 2, 'L3_out_dim': 128, 'L3_dropout': 0.033126784927275214, 'n_mlp_layers': 3, 'mlp_dim_0': 336, 'mlp_dim_1': 360, 'mlp_dim_2': 32, 'num_heads': 2, 'final_dropout': 0.10256375422192972, 'train_learning_rate': 0.0005980370569037544, 'train_lr_reduce': 0.6}. Best is trial 1073 with value: 0.009419886395335197.
[I 2024-12-26 15:52:45,686] Trial 1977 finished with value: 0.0232464037835598 and parameters: {'L1_hidden_dim': 224, 'L1_layers_atom': 1, 'L1_layers_mol': 3, 'L1_dropout': 0.01020084898620649, 'L1_out_dim': 80, 'L2_hidden_dim': 96, 'L2_layers_atom': 3, 'L2_layers_mol': 2, 'L2_out_dim': 32, 'L2_dropout': 0.2266026858107576, 'L3_hidden_dim': 48, 'L3_layers_atom': 1, 'L3_layers_mol': 3, 'L3_out_dim': 48, 'L3_dropout': 0.21049866305745557, 'n_mlp_layers': 1, 'mlp_dim_0': 192, 'num_heads': 2, 'final_dropout': 0.24153742442484705, 'train_learning_rate': 0.0002836501140489795, 'train_lr_reduce': 0.6}. Best is trial 1073 with value: 0.009419886395335197.
[I 2024-12-26 15:53:11,037] Trial 1976 finished with value: 0.03497405722737312 and parameters: {'L1_hidden_dim': 64, 'L1_layers_atom': 4, 'L1_layers_mol': 1, 'L1_dropout': 0.26561358262862855, 'L1_out_dim': 64, 'L2_hidden_dim': 80, 'L2_layers_atom': 3, 'L2_layers_mol': 4, 'L2_out_dim': 32, 'L2_dropout': 0.0771979565499243, 'L3_hidden_dim': 112, 'L3_layers_atom': 2, 'L3_layers_mol': 3, 'L3_out_dim': 32, 'L3_dropout': 0.2295640505388487, 'n_mlp_layers': 1, 'mlp_dim_0': 472, 'num_heads': 2, 'final_dropout': 0.25415238765718984, 'train_learning_rate': 0.002124817460852068, 'train_lr_reduce': 0.6}. Best is trial 1073 with value: 0.009419886395335197.
[I 2024-12-26 15:54:57,162] Trial 1978 finished with value: 0.04370038956403732 and parameters: {'L1_hidden_dim': 160, 'L1_layers_atom': 1, 'L1_layers_mol': 2, 'L1_dropout': 0.278145287638155, 'L1_out_dim': 64, 'L2_hidden_dim': 176, 'L2_layers_atom': 2, 'L2_layers_mol': 2, 'L2_out_dim': 112, 'L2_dropout': 0.21747695521190208, 'L3_hidden_dim': 80, 'L3_layers_atom': 3, 'L3_layers_mol': 1, 'L3_out_dim': 80, 'L3_dropout': 0.21729476284147603, 'n_mlp_layers': 1, 'mlp_dim_0': 104, 'num_heads': 1, 'final_dropout': 0.1502900073840136, 'train_learning_rate': 0.0004450278235298517, 'train_lr_reduce': 0.6}. Best is trial 1073 with value: 0.009419886395335197.
[I 2024-12-26 15:55:13,032] Trial 1979 finished with value: 0.029781097546219826 and parameters: {'L1_hidden_dim': 192, 'L1_layers_atom': 4, 'L1_layers_mol': 2, 'L1_dropout': 0.27791264448992936, 'L1_out_dim': 48, 'L2_hidden_dim': 144, 'L2_layers_atom': 3, 'L2_layers_mol': 3, 'L2_out_dim': 32, 'L2_dropout': 0.21955339476855812, 'L3_hidden_dim': 80, 'L3_layers_atom': 3, 'L3_layers_mol': 1, 'L3_out_dim': 64, 'L3_dropout': 0.09791005041916771, 'n_mlp_layers': 2, 'mlp_dim_0': 112, 'mlp_dim_1': 248, 'num_heads': 1, 'final_dropout': 0.29508724195567526, 'train_learning_rate': 0.001116288366321151, 'train_lr_reduce': 0.6}. Best is trial 1073 with value: 0.009419886395335197.
