[I 2024-12-25 16:25:02,830] Trial 448 finished with value: 0.06486684083938599 and parameters: {'L1_hidden_dim': 80, 'L1_layers_atom': 4, 'L1_layers_mol': 2, 'L1_dropout': 0.22316645217100103, 'L1_out_dim': 96, 'L2_hidden_dim': 256, 'L2_layers_atom': 3, 'L2_layers_mol': 1, 'L2_out_dim': 112, 'L2_dropout': 0.03579414156977988, 'L3_hidden_dim': 32, 'L3_layers_atom': 3, 'L3_layers_mol': 1, 'L3_out_dim': 128, 'L3_dropout': 0.26494696024521824, 'n_mlp_layers': 2, 'mlp_dim_0': 56, 'mlp_dim_1': 392, 'num_heads': 2, 'final_dropout': 0.005087828811338943, 'train_learning_rate': 0.0005771267333662216, 'train_lr_reduce': 0.6}. Best is trial 332 with value: 0.04597867280244827.
[I 2024-12-25 16:26:07,815] Trial 450 finished with value: 0.0736074447631836 and parameters: {'L1_hidden_dim': 112, 'L1_layers_atom': 4, 'L1_layers_mol': 3, 'L1_dropout': 0.188775223191361, 'L1_out_dim': 112, 'L2_hidden_dim': 208, 'L2_layers_atom': 3, 'L2_layers_mol': 2, 'L2_out_dim': 112, 'L2_dropout': 0.05448988255002883, 'L3_hidden_dim': 32, 'L3_layers_atom': 4, 'L3_layers_mol': 3, 'L3_out_dim': 128, 'L3_dropout': 0.2280877611312228, 'n_mlp_layers': 2, 'mlp_dim_0': 104, 'mlp_dim_1': 424, 'num_heads': 2, 'final_dropout': 0.04677368523667056, 'train_learning_rate': 0.002953810542880919, 'train_lr_reduce': 0.6}. Best is trial 332 with value: 0.04597867280244827.
[I 2024-12-25 16:26:25,401] Trial 449 finished with value: 0.1025104895234108 and parameters: {'L1_hidden_dim': 96, 'L1_layers_atom': 4, 'L1_layers_mol': 4, 'L1_dropout': 0.25341556108680585, 'L1_out_dim': 80, 'L2_hidden_dim': 224, 'L2_layers_atom': 2, 'L2_layers_mol': 2, 'L2_out_dim': 128, 'L2_dropout': 0.15409888434240165, 'L3_hidden_dim': 48, 'L3_layers_atom': 4, 'L3_layers_mol': 2, 'L3_out_dim': 128, 'L3_dropout': 0.21368575215911179, 'n_mlp_layers': 2, 'mlp_dim_0': 72, 'mlp_dim_1': 464, 'num_heads': 2, 'final_dropout': 0.022096230751749137, 'train_learning_rate': 0.0002316696857486475, 'train_lr_reduce': 0.6}. Best is trial 332 with value: 0.04597867280244827.
[I 2024-12-25 16:27:08,989] Trial 451 finished with value: 0.09357044100761414 and parameters: {'L1_hidden_dim': 144, 'L1_layers_atom': 1, 'L1_layers_mol': 1, 'L1_dropout': 0.16342582800540165, 'L1_out_dim': 48, 'L2_hidden_dim': 144, 'L2_layers_atom': 3, 'L2_layers_mol': 2, 'L2_out_dim': 128, 'L2_dropout': 0.01091753467090164, 'L3_hidden_dim': 128, 'L3_layers_atom': 2, 'L3_layers_mol': 4, 'L3_out_dim': 64, 'L3_dropout': 0.14172403184810164, 'n_mlp_layers': 2, 'mlp_dim_0': 120, 'mlp_dim_1': 464, 'num_heads': 2, 'final_dropout': 0.2646914591197131, 'train_learning_rate': 0.00020668826106567348, 'train_lr_reduce': 0.6}. Best is trial 332 with value: 0.04597867280244827.
[I 2024-12-25 16:27:52,864] Trial 452 finished with value: 0.07029713690280914 and parameters: {'L1_hidden_dim': 112, 'L1_layers_atom': 1, 'L1_layers_mol': 1, 'L1_dropout': 0.19098455175949602, 'L1_out_dim': 32, 'L2_hidden_dim': 80, 'L2_layers_atom': 3, 'L2_layers_mol': 1, 'L2_out_dim': 64, 'L2_dropout': 0.0025757153755142786, 'L3_hidden_dim': 80, 'L3_layers_atom': 4, 'L3_layers_mol': 1, 'L3_out_dim': 80, 'L3_dropout': 0.07555215642490395, 'n_mlp_layers': 2, 'mlp_dim_0': 512, 'mlp_dim_1': 472, 'num_heads': 2, 'final_dropout': 0.10176379324919799, 'train_learning_rate': 0.0003066842463726832, 'train_lr_reduce': 0.6}. Best is trial 332 with value: 0.04597867280244827.
[I 2024-12-25 16:27:58,991] Trial 453 finished with value: 0.07284847646951675 and parameters: {'L1_hidden_dim': 128, 'L1_layers_atom': 4, 'L1_layers_mol': 4, 'L1_dropout': 0.2851130128284523, 'L1_out_dim': 48, 'L2_hidden_dim': 256, 'L2_layers_atom': 3, 'L2_layers_mol': 1, 'L2_out_dim': 64, 'L2_dropout': 0.13551653464586322, 'L3_hidden_dim': 32, 'L3_layers_atom': 3, 'L3_layers_mol': 2, 'L3_out_dim': 128, 'L3_dropout': 0.0038850562702545466, 'n_mlp_layers': 3, 'mlp_dim_0': 304, 'mlp_dim_1': 512, 'mlp_dim_2': 88, 'num_heads': 1, 'final_dropout': 0.18259004121225647, 'train_learning_rate': 0.0007984087916568766, 'train_lr_reduce': 0.6}. Best is trial 332 with value: 0.04597867280244827.
[I 2024-12-25 16:28:12,631] Trial 455 finished with value: 1.1352121829986572 and parameters: {'L1_hidden_dim': 64, 'L1_layers_atom': 2, 'L1_layers_mol': 2, 'L1_dropout': 0.16836805257111495, 'L1_out_dim': 32, 'L2_hidden_dim': 256, 'L2_layers_atom': 4, 'L2_layers_mol': 3, 'L2_out_dim': 96, 'L2_dropout': 0.06383398784958766, 'L3_hidden_dim': 80, 'L3_layers_atom': 3, 'L3_layers_mol': 4, 'L3_out_dim': 96, 'L3_dropout': 0.22670418064058212, 'n_mlp_layers': 2, 'mlp_dim_0': 448, 'mlp_dim_1': 424, 'num_heads': 1, 'final_dropout': 0.24905005032152888, 'train_learning_rate': 0.00046314621977426096, 'train_lr_reduce': 0.6}. Best is trial 332 with value: 0.04597867280244827.
[I 2024-12-25 16:29:32,198] Trial 454 finished with value: 0.06627193838357925 and parameters: {'L1_hidden_dim': 128, 'L1_layers_atom': 4, 'L1_layers_mol': 4, 'L1_dropout': 0.2936884133869332, 'L1_out_dim': 96, 'L2_hidden_dim': 256, 'L2_layers_atom': 2, 'L2_layers_mol': 3, 'L2_out_dim': 32, 'L2_dropout': 0.04315992431399191, 'L3_hidden_dim': 32, 'L3_layers_atom': 4, 'L3_layers_mol': 2, 'L3_out_dim': 128, 'L3_dropout': 0.00984446094854951, 'n_mlp_layers': 3, 'mlp_dim_0': 336, 'mlp_dim_1': 384, 'mlp_dim_2': 152, 'num_heads': 2, 'final_dropout': 0.09593793411666367, 'train_learning_rate': 0.0034584103492510425, 'train_lr_reduce': 0.6}. Best is trial 332 with value: 0.04597867280244827.
[I 2024-12-25 16:30:01,284] Trial 457 finished with value: 0.07600051164627075 and parameters: {'L1_hidden_dim': 80, 'L1_layers_atom': 4, 'L1_layers_mol': 2, 'L1_dropout': 0.29341931228483786, 'L1_out_dim': 128, 'L2_hidden_dim': 176, 'L2_layers_atom': 4, 'L2_layers_mol': 2, 'L2_out_dim': 96, 'L2_dropout': 0.004635483022721229, 'L3_hidden_dim': 80, 'L3_layers_atom': 4, 'L3_layers_mol': 1, 'L3_out_dim': 80, 'L3_dropout': 0.28659326347459113, 'n_mlp_layers': 3, 'mlp_dim_0': 168, 'mlp_dim_1': 512, 'mlp_dim_2': 88, 'num_heads': 1, 'final_dropout': 0.03331745931649512, 'train_learning_rate': 0.0010847804861481157, 'train_lr_reduce': 0.6}. Best is trial 332 with value: 0.04597867280244827.
[I 2024-12-25 16:30:01,426] Trial 456 finished with value: 0.09199440479278564 and parameters: {'L1_hidden_dim': 112, 'L1_layers_atom': 3, 'L1_layers_mol': 2, 'L1_dropout': 0.20088531508281254, 'L1_out_dim': 64, 'L2_hidden_dim': 240, 'L2_layers_atom': 3, 'L2_layers_mol': 3, 'L2_out_dim': 80, 'L2_dropout': 0.03241356556941909, 'L3_hidden_dim': 80, 'L3_layers_atom': 2, 'L3_layers_mol': 3, 'L3_out_dim': 128, 'L3_dropout': 0.21457110704818083, 'n_mlp_layers': 2, 'mlp_dim_0': 88, 'mlp_dim_1': 272, 'num_heads': 2, 'final_dropout': 0.06020469115897778, 'train_learning_rate': 0.0004644539295587815, 'train_lr_reduce': 0.6}. Best is trial 332 with value: 0.04597867280244827.
[I 2024-12-25 16:32:12,292] Trial 458 finished with value: 0.07512166351079941 and parameters: {'L1_hidden_dim': 64, 'L1_layers_atom': 1, 'L1_layers_mol': 2, 'L1_dropout': 0.06888561878944827, 'L1_out_dim': 32, 'L2_hidden_dim': 96, 'L2_layers_atom': 3, 'L2_layers_mol': 1, 'L2_out_dim': 128, 'L2_dropout': 0.005089706112993288, 'L3_hidden_dim': 128, 'L3_layers_atom': 4, 'L3_layers_mol': 1, 'L3_out_dim': 112, 'L3_dropout': 0.0911951718933466, 'n_mlp_layers': 2, 'mlp_dim_0': 384, 'mlp_dim_1': 464, 'num_heads': 1, 'final_dropout': 0.11404838427126515, 'train_learning_rate': 0.000238466129198588, 'train_lr_reduce': 0.6}. Best is trial 332 with value: 0.04597867280244827.
[I 2024-12-25 16:32:18,280] Trial 459 finished with value: 0.07556333392858505 and parameters: {'L1_hidden_dim': 80, 'L1_layers_atom': 2, 'L1_layers_mol': 1, 'L1_dropout': 0.10300288099298234, 'L1_out_dim': 64, 'L2_hidden_dim': 192, 'L2_layers_atom': 2, 'L2_layers_mol': 1, 'L2_out_dim': 64, 'L2_dropout': 0.034866018629200524, 'L3_hidden_dim': 96, 'L3_layers_atom': 3, 'L3_layers_mol': 1, 'L3_out_dim': 64, 'L3_dropout': 0.1109864870233338, 'n_mlp_layers': 2, 'mlp_dim_0': 416, 'mlp_dim_1': 184, 'num_heads': 1, 'final_dropout': 0.10832453932974137, 'train_learning_rate': 0.0001471194425389361, 'train_lr_reduce': 0.6}. Best is trial 332 with value: 0.04597867280244827.
[I 2024-12-25 16:33:51,956] Trial 462 finished with value: 0.08035735040903091 and parameters: {'L1_hidden_dim': 128, 'L1_layers_atom': 1, 'L1_layers_mol': 2, 'L1_dropout': 0.13272334715325837, 'L1_out_dim': 80, 'L2_hidden_dim': 240, 'L2_layers_atom': 4, 'L2_layers_mol': 1, 'L2_out_dim': 80, 'L2_dropout': 0.06489663762643469, 'L3_hidden_dim': 64, 'L3_layers_atom': 4, 'L3_layers_mol': 2, 'L3_out_dim': 96, 'L3_dropout': 0.09786620039009022, 'n_mlp_layers': 3, 'mlp_dim_0': 448, 'mlp_dim_1': 416, 'mlp_dim_2': 152, 'num_heads': 1, 'final_dropout': 0.21314769851176874, 'train_learning_rate': 0.0021823448621273124, 'train_lr_reduce': 0.6}. Best is trial 332 with value: 0.04597867280244827.
[I 2024-12-25 16:34:12,086] Trial 461 finished with value: 0.07250723242759705 and parameters: {'L1_hidden_dim': 80, 'L1_layers_atom': 1, 'L1_layers_mol': 1, 'L1_dropout': 0.2781440355852726, 'L1_out_dim': 80, 'L2_hidden_dim': 224, 'L2_layers_atom': 4, 'L2_layers_mol': 2, 'L2_out_dim': 112, 'L2_dropout': 0.009820640915166937, 'L3_hidden_dim': 128, 'L3_layers_atom': 3, 'L3_layers_mol': 3, 'L3_out_dim': 64, 'L3_dropout': 0.20119336219601977, 'n_mlp_layers': 2, 'mlp_dim_0': 352, 'mlp_dim_1': 464, 'num_heads': 2, 'final_dropout': 0.2856108265401011, 'train_learning_rate': 0.0007349208090622882, 'train_lr_reduce': 0.6}. Best is trial 332 with value: 0.04597867280244827.
[I 2024-12-25 16:35:39,906] Trial 460 finished with value: 0.11575986444950104 and parameters: {'L1_hidden_dim': 80, 'L1_layers_atom': 3, 'L1_layers_mol': 1, 'L1_dropout': 0.23899027788183153, 'L1_out_dim': 96, 'L2_hidden_dim': 240, 'L2_layers_atom': 4, 'L2_layers_mol': 1, 'L2_out_dim': 64, 'L2_dropout': 0.13133412890086726, 'L3_hidden_dim': 48, 'L3_layers_atom': 3, 'L3_layers_mol': 2, 'L3_out_dim': 96, 'L3_dropout': 0.1096911122763011, 'n_mlp_layers': 3, 'mlp_dim_0': 512, 'mlp_dim_1': 368, 'mlp_dim_2': 512, 'num_heads': 1, 'final_dropout': 0.09226533895975438, 'train_learning_rate': 0.007987490734214184, 'train_lr_reduce': 0.6}. Best is trial 332 with value: 0.04597867280244827.
[I 2024-12-25 16:35:44,283] Trial 464 finished with value: 0.07557611167430878 and parameters: {'L1_hidden_dim': 64, 'L1_layers_atom': 1, 'L1_layers_mol': 2, 'L1_dropout': 0.23607402608518946, 'L1_out_dim': 48, 'L2_hidden_dim': 96, 'L2_layers_atom': 1, 'L2_layers_mol': 1, 'L2_out_dim': 128, 'L2_dropout': 0.007719976408053202, 'L3_hidden_dim': 96, 'L3_layers_atom': 4, 'L3_layers_mol': 2, 'L3_out_dim': 80, 'L3_dropout': 0.23403561658071856, 'n_mlp_layers': 2, 'mlp_dim_0': 448, 'mlp_dim_1': 512, 'num_heads': 1, 'final_dropout': 0.15966554689459883, 'train_learning_rate': 0.0003678018577369389, 'train_lr_reduce': 0.6}. Best is trial 332 with value: 0.04597867280244827.
[I 2024-12-25 16:35:52,093] Trial 463 finished with value: 0.09578719735145569 and parameters: {'L1_hidden_dim': 112, 'L1_layers_atom': 4, 'L1_layers_mol': 1, 'L1_dropout': 0.1731357112501919, 'L1_out_dim': 80, 'L2_hidden_dim': 208, 'L2_layers_atom': 4, 'L2_layers_mol': 1, 'L2_out_dim': 32, 'L2_dropout': 0.1287821689422217, 'L3_hidden_dim': 96, 'L3_layers_atom': 4, 'L3_layers_mol': 2, 'L3_out_dim': 32, 'L3_dropout': 0.2471743622715752, 'n_mlp_layers': 3, 'mlp_dim_0': 328, 'mlp_dim_1': 472, 'mlp_dim_2': 32, 'num_heads': 2, 'final_dropout': 0.06533528877223659, 'train_learning_rate': 0.004972169542624826, 'train_lr_reduce': 0.6}. Best is trial 332 with value: 0.04597867280244827.
[I 2024-12-25 16:37:21,942] Trial 466 finished with value: 0.07710623741149902 and parameters: {'L1_hidden_dim': 96, 'L1_layers_atom': 3, 'L1_layers_mol': 3, 'L1_dropout': 0.2734380152544754, 'L1_out_dim': 64, 'L2_hidden_dim': 176, 'L2_layers_atom': 2, 'L2_layers_mol': 3, 'L2_out_dim': 64, 'L2_dropout': 0.1433183726826071, 'L3_hidden_dim': 32, 'L3_layers_atom': 4, 'L3_layers_mol': 2, 'L3_out_dim': 112, 'L3_dropout': 0.028426743098778167, 'n_mlp_layers': 3, 'mlp_dim_0': 312, 'mlp_dim_1': 464, 'mlp_dim_2': 160, 'num_heads': 1, 'final_dropout': 0.14375257497549399, 'train_learning_rate': 0.000972110487941903, 'train_lr_reduce': 0.6}. Best is trial 332 with value: 0.04597867280244827.
[I 2024-12-25 16:37:59,895] Trial 467 finished with value: 0.07451079040765762 and parameters: {'L1_hidden_dim': 128, 'L1_layers_atom': 3, 'L1_layers_mol': 4, 'L1_dropout': 0.282069128293106, 'L1_out_dim': 32, 'L2_hidden_dim': 224, 'L2_layers_atom': 4, 'L2_layers_mol': 2, 'L2_out_dim': 128, 'L2_dropout': 0.03135281628718651, 'L3_hidden_dim': 32, 'L3_layers_atom': 2, 'L3_layers_mol': 2, 'L3_out_dim': 128, 'L3_dropout': 0.25992673296806523, 'n_mlp_layers': 3, 'mlp_dim_0': 312, 'mlp_dim_1': 512, 'mlp_dim_2': 104, 'num_heads': 1, 'final_dropout': 0.026623945912030513, 'train_learning_rate': 0.0012323964027303857, 'train_lr_reduce': 0.6}. Best is trial 332 with value: 0.04597867280244827.
[I 2024-12-25 16:38:14,848] Trial 465 finished with value: 0.17415496706962585 and parameters: {'L1_hidden_dim': 64, 'L1_layers_atom': 2, 'L1_layers_mol': 2, 'L1_dropout': 0.11029036251508213, 'L1_out_dim': 64, 'L2_hidden_dim': 208, 'L2_layers_atom': 4, 'L2_layers_mol': 3, 'L2_out_dim': 96, 'L2_dropout': 0.05739209576158864, 'L3_hidden_dim': 96, 'L3_layers_atom': 4, 'L3_layers_mol': 4, 'L3_out_dim': 48, 'L3_dropout': 0.25065326133013205, 'n_mlp_layers': 2, 'mlp_dim_0': 256, 'mlp_dim_1': 416, 'num_heads': 2, 'final_dropout': 0.21679384025408455, 'train_learning_rate': 0.00014720712631528693, 'train_lr_reduce': 0.6}. Best is trial 332 with value: 0.04597867280244827.
[I 2024-12-25 16:38:45,265] Trial 468 finished with value: 0.07182607054710388 and parameters: {'L1_hidden_dim': 64, 'L1_layers_atom': 3, 'L1_layers_mol': 3, 'L1_dropout': 0.23962931438679322, 'L1_out_dim': 96, 'L2_hidden_dim': 160, 'L2_layers_atom': 2, 'L2_layers_mol': 2, 'L2_out_dim': 96, 'L2_dropout': 0.08107019115837748, 'L3_hidden_dim': 96, 'L3_layers_atom': 2, 'L3_layers_mol': 1, 'L3_out_dim': 112, 'L3_dropout': 0.14289837934815341, 'n_mlp_layers': 3, 'mlp_dim_0': 336, 'mlp_dim_1': 360, 'mlp_dim_2': 160, 'num_heads': 1, 'final_dropout': 0.11016636184137994, 'train_learning_rate': 0.0011030889241269628, 'train_lr_reduce': 0.6}. Best is trial 332 with value: 0.04597867280244827.
[I 2024-12-25 16:40:19,116] Trial 469 finished with value: 0.06005540490150452 and parameters: {'L1_hidden_dim': 80, 'L1_layers_atom': 3, 'L1_layers_mol': 3, 'L1_dropout': 0.2496228060286398, 'L1_out_dim': 128, 'L2_hidden_dim': 240, 'L2_layers_atom': 2, 'L2_layers_mol': 1, 'L2_out_dim': 128, 'L2_dropout': 0.023559062669644693, 'L3_hidden_dim': 32, 'L3_layers_atom': 4, 'L3_layers_mol': 2, 'L3_out_dim': 128, 'L3_dropout': 0.28934739450215896, 'n_mlp_layers': 2, 'mlp_dim_0': 96, 'mlp_dim_1': 424, 'num_heads': 2, 'final_dropout': 0.022171136031687605, 'train_learning_rate': 0.0006321086789223052, 'train_lr_reduce': 0.6}. Best is trial 332 with value: 0.04597867280244827.
[I 2024-12-25 16:40:34,824] Trial 471 finished with value: 0.06430485099554062 and parameters: {'L1_hidden_dim': 64, 'L1_layers_atom': 4, 'L1_layers_mol': 3, 'L1_dropout': 0.13216962669641674, 'L1_out_dim': 96, 'L2_hidden_dim': 224, 'L2_layers_atom': 3, 'L2_layers_mol': 1, 'L2_out_dim': 32, 'L2_dropout': 0.01994279995923806, 'L3_hidden_dim': 80, 'L3_layers_atom': 3, 'L3_layers_mol': 2, 'L3_out_dim': 48, 'L3_dropout': 0.1895139379347831, 'n_mlp_layers': 3, 'mlp_dim_0': 472, 'mlp_dim_1': 512, 'mlp_dim_2': 88, 'num_heads': 1, 'final_dropout': 0.05835193833106557, 'train_learning_rate': 0.0007654417323038102, 'train_lr_reduce': 0.6}. Best is trial 332 with value: 0.04597867280244827.
[I 2024-12-25 16:41:57,501] Trial 472 finished with value: 0.08911038935184479 and parameters: {'L1_hidden_dim': 144, 'L1_layers_atom': 2, 'L1_layers_mol': 1, 'L1_dropout': 0.12743751284179422, 'L1_out_dim': 112, 'L2_hidden_dim': 240, 'L2_layers_atom': 3, 'L2_layers_mol': 3, 'L2_out_dim': 80, 'L2_dropout': 0.040463553390772705, 'L3_hidden_dim': 48, 'L3_layers_atom': 3, 'L3_layers_mol': 1, 'L3_out_dim': 112, 'L3_dropout': 0.10154148515460924, 'n_mlp_layers': 3, 'mlp_dim_0': 496, 'mlp_dim_1': 400, 'mlp_dim_2': 192, 'num_heads': 1, 'final_dropout': 0.2648564907200708, 'train_learning_rate': 0.0021676732928611127, 'train_lr_reduce': 0.6}. Best is trial 332 with value: 0.04597867280244827.
[I 2024-12-25 16:43:02,875] Trial 470 finished with value: 0.13179749250411987 and parameters: {'L1_hidden_dim': 144, 'L1_layers_atom': 3, 'L1_layers_mol': 2, 'L1_dropout': 0.2060241361878834, 'L1_out_dim': 80, 'L2_hidden_dim': 256, 'L2_layers_atom': 3, 'L2_layers_mol': 2, 'L2_out_dim': 80, 'L2_dropout': 0.10600464125825868, 'L3_hidden_dim': 48, 'L3_layers_atom': 4, 'L3_layers_mol': 1, 'L3_out_dim': 48, 'L3_dropout': 0.10032710803871882, 'n_mlp_layers': 2, 'mlp_dim_0': 472, 'mlp_dim_1': 464, 'num_heads': 1, 'final_dropout': 0.19358483107874078, 'train_learning_rate': 0.0025308337107779024, 'train_lr_reduce': 0.6}. Best is trial 332 with value: 0.04597867280244827.
[I 2024-12-25 16:43:22,472] Trial 473 finished with value: 0.07196123152971268 and parameters: {'L1_hidden_dim': 64, 'L1_layers_atom': 2, 'L1_layers_mol': 1, 'L1_dropout': 0.21421605992006681, 'L1_out_dim': 64, 'L2_hidden_dim': 224, 'L2_layers_atom': 4, 'L2_layers_mol': 2, 'L2_out_dim': 128, 'L2_dropout': 0.02818640564298318, 'L3_hidden_dim': 64, 'L3_layers_atom': 4, 'L3_layers_mol': 4, 'L3_out_dim': 64, 'L3_dropout': 0.09739535273427169, 'n_mlp_layers': 1, 'mlp_dim_0': 336, 'num_heads': 2, 'final_dropout': 0.2705480622782138, 'train_learning_rate': 0.0001817068796174989, 'train_lr_reduce': 0.6}. Best is trial 332 with value: 0.04597867280244827.
[I 2024-12-25 16:44:05,280] Trial 474 finished with value: 0.061319079250097275 and parameters: {'L1_hidden_dim': 80, 'L1_layers_atom': 3, 'L1_layers_mol': 3, 'L1_dropout': 0.2190655210834211, 'L1_out_dim': 96, 'L2_hidden_dim': 256, 'L2_layers_atom': 3, 'L2_layers_mol': 4, 'L2_out_dim': 112, 'L2_dropout': 0.0037681940967732863, 'L3_hidden_dim': 80, 'L3_layers_atom': 2, 'L3_layers_mol': 1, 'L3_out_dim': 128, 'L3_dropout': 0.11619065822808057, 'n_mlp_layers': 3, 'mlp_dim_0': 424, 'mlp_dim_1': 392, 'mlp_dim_2': 136, 'num_heads': 1, 'final_dropout': 0.06644312034548117, 'train_learning_rate': 0.0031569506952339437, 'train_lr_reduce': 0.6}. Best is trial 332 with value: 0.04597867280244827.
[I 2024-12-25 16:44:22,128] Trial 475 finished with value: 0.06718932092189789 and parameters: {'L1_hidden_dim': 64, 'L1_layers_atom': 3, 'L1_layers_mol': 2, 'L1_dropout': 0.2661640728704022, 'L1_out_dim': 128, 'L2_hidden_dim': 224, 'L2_layers_atom': 2, 'L2_layers_mol': 1, 'L2_out_dim': 112, 'L2_dropout': 0.1303430034758565, 'L3_hidden_dim': 64, 'L3_layers_atom': 3, 'L3_layers_mol': 2, 'L3_out_dim': 128, 'L3_dropout': 0.2577940026388772, 'n_mlp_layers': 2, 'mlp_dim_0': 72, 'mlp_dim_1': 408, 'num_heads': 2, 'final_dropout': 0.07691995690444284, 'train_learning_rate': 0.0013277040634564672, 'train_lr_reduce': 0.6}. Best is trial 332 with value: 0.04597867280244827.
[I 2024-12-25 16:45:07,718] Trial 476 finished with value: 0.06866597384214401 and parameters: {'L1_hidden_dim': 80, 'L1_layers_atom': 1, 'L1_layers_mol': 2, 'L1_dropout': 0.21513217068269913, 'L1_out_dim': 48, 'L2_hidden_dim': 176, 'L2_layers_atom': 1, 'L2_layers_mol': 1, 'L2_out_dim': 128, 'L2_dropout': 0.02220239295203843, 'L3_hidden_dim': 80, 'L3_layers_atom': 4, 'L3_layers_mol': 2, 'L3_out_dim': 64, 'L3_dropout': 0.123930156934071, 'n_mlp_layers': 1, 'mlp_dim_0': 504, 'num_heads': 1, 'final_dropout': 0.02086839113376282, 'train_learning_rate': 0.00016735715004902938, 'train_lr_reduce': 0.6}. Best is trial 332 with value: 0.04597867280244827.
[I 2024-12-25 16:45:30,033] Trial 477 finished with value: 0.06463836133480072 and parameters: {'L1_hidden_dim': 96, 'L1_layers_atom': 3, 'L1_layers_mol': 3, 'L1_dropout': 0.2721285235129537, 'L1_out_dim': 128, 'L2_hidden_dim': 240, 'L2_layers_atom': 2, 'L2_layers_mol': 4, 'L2_out_dim': 112, 'L2_dropout': 0.09873599071243089, 'L3_hidden_dim': 96, 'L3_layers_atom': 2, 'L3_layers_mol': 1, 'L3_out_dim': 128, 'L3_dropout': 0.1366646780719454, 'n_mlp_layers': 3, 'mlp_dim_0': 352, 'mlp_dim_1': 376, 'mlp_dim_2': 128, 'num_heads': 1, 'final_dropout': 0.10816027406430534, 'train_learning_rate': 0.0022733781773645236, 'train_lr_reduce': 0.6}. Best is trial 332 with value: 0.04597867280244827.
[I 2024-12-25 16:46:07,556] Trial 478 finished with value: 0.06682584434747696 and parameters: {'L1_hidden_dim': 80, 'L1_layers_atom': 2, 'L1_layers_mol': 3, 'L1_dropout': 0.1575959814557908, 'L1_out_dim': 128, 'L2_hidden_dim': 240, 'L2_layers_atom': 1, 'L2_layers_mol': 1, 'L2_out_dim': 128, 'L2_dropout': 0.026811475662590335, 'L3_hidden_dim': 48, 'L3_layers_atom': 4, 'L3_layers_mol': 2, 'L3_out_dim': 128, 'L3_dropout': 0.24695091441718103, 'n_mlp_layers': 3, 'mlp_dim_0': 88, 'mlp_dim_1': 344, 'mlp_dim_2': 136, 'num_heads': 2, 'final_dropout': 0.08186180724179018, 'train_learning_rate': 0.00017873060088155872, 'train_lr_reduce': 0.6}. Best is trial 332 with value: 0.04597867280244827.
[I 2024-12-25 16:46:29,379] Trial 479 finished with value: 0.07347772270441055 and parameters: {'L1_hidden_dim': 112, 'L1_layers_atom': 3, 'L1_layers_mol': 3, 'L1_dropout': 0.22640718675001423, 'L1_out_dim': 112, 'L2_hidden_dim': 256, 'L2_layers_atom': 3, 'L2_layers_mol': 1, 'L2_out_dim': 80, 'L2_dropout': 0.024266257946255653, 'L3_hidden_dim': 32, 'L3_layers_atom': 4, 'L3_layers_mol': 1, 'L3_out_dim': 112, 'L3_dropout': 0.07756026051175033, 'n_mlp_layers': 3, 'mlp_dim_0': 416, 'mlp_dim_1': 368, 'mlp_dim_2': 152, 'num_heads': 1, 'final_dropout': 0.2294178923883043, 'train_learning_rate': 0.0007400621437633526, 'train_lr_reduce': 0.6}. Best is trial 332 with value: 0.04597867280244827.
