[I 2024-12-26 17:40:43,211] Trial 2103 finished with value: 0.011665591970086098 and parameters: {'L1_hidden_dim': 64, 'L1_layers_atom': 3, 'L1_layers_mol': 1, 'L1_dropout': 0.013554559037418971, 'L1_out_dim': 64, 'L2_hidden_dim': 176, 'L2_layers_atom': 2, 'L2_layers_mol': 1, 'L2_out_dim': 96, 'L2_dropout': 0.03714906106050633, 'L3_hidden_dim': 80, 'L3_layers_atom': 4, 'L3_layers_mol': 1, 'L3_out_dim': 96, 'L3_dropout': 0.08757424205630367, 'n_mlp_layers': 3, 'mlp_dim_0': 344, 'mlp_dim_1': 232, 'mlp_dim_2': 392, 'num_heads': 2, 'final_dropout': 0.013900006710570775, 'train_learning_rate': 0.00037073695553429945, 'train_lr_reduce': 0.6}. Best is trial 2072 with value: 0.009343244135379791.
[I 2024-12-26 17:41:55,348] Trial 2106 finished with value: 0.025118401274085045 and parameters: {'L1_hidden_dim': 208, 'L1_layers_atom': 4, 'L1_layers_mol': 4, 'L1_dropout': 0.2903264622256867, 'L1_out_dim': 128, 'L2_hidden_dim': 192, 'L2_layers_atom': 3, 'L2_layers_mol': 4, 'L2_out_dim': 48, 'L2_dropout': 0.04618108037196146, 'L3_hidden_dim': 128, 'L3_layers_atom': 1, 'L3_layers_mol': 2, 'L3_out_dim': 80, 'L3_dropout': 0.07115096099620934, 'n_mlp_layers': 1, 'mlp_dim_0': 96, 'num_heads': 1, 'final_dropout': 0.014068753728616379, 'train_learning_rate': 0.0006018399350066292, 'train_lr_reduce': 0.6}. Best is trial 2072 with value: 0.009343244135379791.
[I 2024-12-26 17:42:03,021] Trial 2105 finished with value: 0.017739085480570793 and parameters: {'L1_hidden_dim': 176, 'L1_layers_atom': 2, 'L1_layers_mol': 2, 'L1_dropout': 0.1567099942080717, 'L1_out_dim': 112, 'L2_hidden_dim': 112, 'L2_layers_atom': 4, 'L2_layers_mol': 2, 'L2_out_dim': 64, 'L2_dropout': 0.219763035843151, 'L3_hidden_dim': 96, 'L3_layers_atom': 3, 'L3_layers_mol': 2, 'L3_out_dim': 32, 'L3_dropout': 0.1245166672475908, 'n_mlp_layers': 2, 'mlp_dim_0': 368, 'mlp_dim_1': 120, 'num_heads': 2, 'final_dropout': 0.05949802067912091, 'train_learning_rate': 0.0016931590103857422, 'train_lr_reduce': 0.6}. Best is trial 2072 with value: 0.009343244135379791.
[I 2024-12-26 17:44:00,527] Trial 2107 finished with value: 0.010811097919940948 and parameters: {'L1_hidden_dim': 160, 'L1_layers_atom': 4, 'L1_layers_mol': 4, 'L1_dropout': 0.0016484793625629393, 'L1_out_dim': 80, 'L2_hidden_dim': 240, 'L2_layers_atom': 1, 'L2_layers_mol': 3, 'L2_out_dim': 112, 'L2_dropout': 0.018043713034278985, 'L3_hidden_dim': 48, 'L3_layers_atom': 3, 'L3_layers_mol': 2, 'L3_out_dim': 112, 'L3_dropout': 0.0487650369915036, 'n_mlp_layers': 3, 'mlp_dim_0': 40, 'mlp_dim_1': 208, 'mlp_dim_2': 512, 'num_heads': 2, 'final_dropout': 0.2986878556194645, 'train_learning_rate': 0.00023177554406460132, 'train_lr_reduce': 0.6}. Best is trial 2072 with value: 0.009343244135379791.
[I 2024-12-26 17:44:25,797] Trial 2108 finished with value: 0.012428775429725647 and parameters: {'L1_hidden_dim': 256, 'L1_layers_atom': 4, 'L1_layers_mol': 2, 'L1_dropout': 0.04148688478585498, 'L1_out_dim': 32, 'L2_hidden_dim': 144, 'L2_layers_atom': 1, 'L2_layers_mol': 2, 'L2_out_dim': 128, 'L2_dropout': 0.001969374520982662, 'L3_hidden_dim': 80, 'L3_layers_atom': 2, 'L3_layers_mol': 2, 'L3_out_dim': 112, 'L3_dropout': 0.28468190432414253, 'n_mlp_layers': 3, 'mlp_dim_0': 456, 'mlp_dim_1': 240, 'mlp_dim_2': 440, 'num_heads': 1, 'final_dropout': 0.11482485294141352, 'train_learning_rate': 0.0011420055920974223, 'train_lr_reduce': 0.6}. Best is trial 2072 with value: 0.009343244135379791.
[I 2024-12-26 17:46:27,632] Trial 2109 finished with value: 0.033658914268016815 and parameters: {'L1_hidden_dim': 64, 'L1_layers_atom': 4, 'L1_layers_mol': 3, 'L1_dropout': 0.1977511622564675, 'L1_out_dim': 64, 'L2_hidden_dim': 240, 'L2_layers_atom': 4, 'L2_layers_mol': 4, 'L2_out_dim': 64, 'L2_dropout': 0.2807174038308703, 'L3_hidden_dim': 96, 'L3_layers_atom': 3, 'L3_layers_mol': 3, 'L3_out_dim': 112, 'L3_dropout': 0.19473188533956576, 'n_mlp_layers': 1, 'mlp_dim_0': 152, 'num_heads': 2, 'final_dropout': 0.009078438583105725, 'train_learning_rate': 0.0015287470609024235, 'train_lr_reduce': 0.6}. Best is trial 2072 with value: 0.009343244135379791.
[I 2024-12-26 17:46:59,791] Trial 2110 finished with value: 0.013467587530612946 and parameters: {'L1_hidden_dim': 176, 'L1_layers_atom': 1, 'L1_layers_mol': 2, 'L1_dropout': 0.22270198924702184, 'L1_out_dim': 96, 'L2_hidden_dim': 240, 'L2_layers_atom': 1, 'L2_layers_mol': 4, 'L2_out_dim': 96, 'L2_dropout': 0.015646205918537222, 'L3_hidden_dim': 64, 'L3_layers_atom': 3, 'L3_layers_mol': 1, 'L3_out_dim': 128, 'L3_dropout': 0.15874891033059682, 'n_mlp_layers': 3, 'mlp_dim_0': 400, 'mlp_dim_1': 240, 'mlp_dim_2': 480, 'num_heads': 2, 'final_dropout': 0.1531989602866197, 'train_learning_rate': 0.0015067172146236386, 'train_lr_reduce': 0.6}. Best is trial 2072 with value: 0.009343244135379791.
[I 2024-12-26 17:47:00,622] Trial 2111 finished with value: 0.012652936391532421 and parameters: {'L1_hidden_dim': 112, 'L1_layers_atom': 2, 'L1_layers_mol': 3, 'L1_dropout': 0.0178687859230591, 'L1_out_dim': 96, 'L2_hidden_dim': 256, 'L2_layers_atom': 2, 'L2_layers_mol': 3, 'L2_out_dim': 64, 'L2_dropout': 0.02497639101477557, 'L3_hidden_dim': 32, 'L3_layers_atom': 4, 'L3_layers_mol': 1, 'L3_out_dim': 128, 'L3_dropout': 0.06713115588471445, 'n_mlp_layers': 3, 'mlp_dim_0': 128, 'mlp_dim_1': 184, 'mlp_dim_2': 72, 'num_heads': 2, 'final_dropout': 0.0916151224565849, 'train_learning_rate': 0.0008734636342074912, 'train_lr_reduce': 0.6}. Best is trial 2072 with value: 0.009343244135379791.
[I 2024-12-26 17:48:43,210] Trial 2112 finished with value: 0.013325160369277 and parameters: {'L1_hidden_dim': 224, 'L1_layers_atom': 4, 'L1_layers_mol': 1, 'L1_dropout': 0.10045281410023817, 'L1_out_dim': 80, 'L2_hidden_dim': 208, 'L2_layers_atom': 1, 'L2_layers_mol': 1, 'L2_out_dim': 128, 'L2_dropout': 0.0608446665266492, 'L3_hidden_dim': 64, 'L3_layers_atom': 2, 'L3_layers_mol': 2, 'L3_out_dim': 96, 'L3_dropout': 0.12992121475187357, 'n_mlp_layers': 3, 'mlp_dim_0': 440, 'mlp_dim_1': 272, 'mlp_dim_2': 400, 'num_heads': 2, 'final_dropout': 0.1827052372891997, 'train_learning_rate': 0.00014892791673272224, 'train_lr_reduce': 0.6}. Best is trial 2072 with value: 0.009343244135379791.
[I 2024-12-26 17:49:26,899] Trial 2113 finished with value: 0.03849826753139496 and parameters: {'L1_hidden_dim': 64, 'L1_layers_atom': 3, 'L1_layers_mol': 1, 'L1_dropout': 0.27385630310645925, 'L1_out_dim': 80, 'L2_hidden_dim': 144, 'L2_layers_atom': 1, 'L2_layers_mol': 4, 'L2_out_dim': 96, 'L2_dropout': 0.11705307254032067, 'L3_hidden_dim': 128, 'L3_layers_atom': 1, 'L3_layers_mol': 1, 'L3_out_dim': 80, 'L3_dropout': 0.2901922921528566, 'n_mlp_layers': 2, 'mlp_dim_0': 456, 'mlp_dim_1': 224, 'num_heads': 1, 'final_dropout': 0.18792471256723117, 'train_learning_rate': 0.0004039879104970449, 'train_lr_reduce': 0.6}. Best is trial 2072 with value: 0.009343244135379791.
[I 2024-12-26 17:49:31,956] Trial 2114 finished with value: 0.011937277391552925 and parameters: {'L1_hidden_dim': 128, 'L1_layers_atom': 2, 'L1_layers_mol': 1, 'L1_dropout': 0.012542929338949505, 'L1_out_dim': 96, 'L2_hidden_dim': 208, 'L2_layers_atom': 1, 'L2_layers_mol': 4, 'L2_out_dim': 96, 'L2_dropout': 0.0404132588353567, 'L3_hidden_dim': 80, 'L3_layers_atom': 4, 'L3_layers_mol': 2, 'L3_out_dim': 80, 'L3_dropout': 0.12097544004103267, 'n_mlp_layers': 3, 'mlp_dim_0': 192, 'mlp_dim_1': 136, 'mlp_dim_2': 440, 'num_heads': 2, 'final_dropout': 0.043450571281686536, 'train_learning_rate': 0.000713136413499392, 'train_lr_reduce': 0.6}. Best is trial 2072 with value: 0.009343244135379791.
[I 2024-12-26 17:51:16,277] Trial 2115 finished with value: 0.011066973209381104 and parameters: {'L1_hidden_dim': 144, 'L1_layers_atom': 2, 'L1_layers_mol': 4, 'L1_dropout': 0.005066794811586633, 'L1_out_dim': 96, 'L2_hidden_dim': 160, 'L2_layers_atom': 1, 'L2_layers_mol': 3, 'L2_out_dim': 112, 'L2_dropout': 0.025910470238355854, 'L3_hidden_dim': 64, 'L3_layers_atom': 3, 'L3_layers_mol': 2, 'L3_out_dim': 128, 'L3_dropout': 0.214855438979187, 'n_mlp_layers': 3, 'mlp_dim_0': 136, 'mlp_dim_1': 248, 'mlp_dim_2': 32, 'num_heads': 2, 'final_dropout': 0.28571675984736633, 'train_learning_rate': 0.0003809336292155578, 'train_lr_reduce': 0.6}. Best is trial 2072 with value: 0.009343244135379791.
[I 2024-12-26 17:51:47,642] Trial 2117 finished with value: 0.02558395266532898 and parameters: {'L1_hidden_dim': 256, 'L1_layers_atom': 3, 'L1_layers_mol': 3, 'L1_dropout': 0.29187129019893754, 'L1_out_dim': 96, 'L2_hidden_dim': 128, 'L2_layers_atom': 2, 'L2_layers_mol': 2, 'L2_out_dim': 64, 'L2_dropout': 0.27782331427948215, 'L3_hidden_dim': 80, 'L3_layers_atom': 2, 'L3_layers_mol': 1, 'L3_out_dim': 80, 'L3_dropout': 0.09214461839180671, 'n_mlp_layers': 2, 'mlp_dim_0': 416, 'mlp_dim_1': 192, 'num_heads': 1, 'final_dropout': 0.11755710117374724, 'train_learning_rate': 0.0010984319708552835, 'train_lr_reduce': 0.6}. Best is trial 2072 with value: 0.009343244135379791.
[I 2024-12-26 17:52:18,058] Trial 2116 finished with value: 0.010792086832225323 and parameters: {'L1_hidden_dim': 112, 'L1_layers_atom': 3, 'L1_layers_mol': 1, 'L1_dropout': 0.01910882171331252, 'L1_out_dim': 32, 'L2_hidden_dim': 224, 'L2_layers_atom': 2, 'L2_layers_mol': 4, 'L2_out_dim': 128, 'L2_dropout': 0.07395837321145937, 'L3_hidden_dim': 64, 'L3_layers_atom': 3, 'L3_layers_mol': 1, 'L3_out_dim': 112, 'L3_dropout': 0.028375334384132037, 'n_mlp_layers': 3, 'mlp_dim_0': 448, 'mlp_dim_1': 264, 'mlp_dim_2': 472, 'num_heads': 2, 'final_dropout': 0.0451866878703155, 'train_learning_rate': 0.0007408062174441524, 'train_lr_reduce': 0.6}. Best is trial 2072 with value: 0.009343244135379791.
[I 2024-12-26 17:53:11,063] Trial 2118 finished with value: 0.013223584741353989 and parameters: {'L1_hidden_dim': 80, 'L1_layers_atom': 3, 'L1_layers_mol': 1, 'L1_dropout': 0.11002756116779025, 'L1_out_dim': 32, 'L2_hidden_dim': 176, 'L2_layers_atom': 1, 'L2_layers_mol': 2, 'L2_out_dim': 112, 'L2_dropout': 0.01140737450427538, 'L3_hidden_dim': 112, 'L3_layers_atom': 3, 'L3_layers_mol': 2, 'L3_out_dim': 128, 'L3_dropout': 0.05662046295497175, 'n_mlp_layers': 3, 'mlp_dim_0': 368, 'mlp_dim_1': 256, 'mlp_dim_2': 512, 'num_heads': 1, 'final_dropout': 0.12102182043869358, 'train_learning_rate': 0.0005327584228225815, 'train_lr_reduce': 0.6}. Best is trial 2072 with value: 0.009343244135379791.
[I 2024-12-26 17:54:26,164] Trial 2119 finished with value: 0.010731847025454044 and parameters: {'L1_hidden_dim': 96, 'L1_layers_atom': 1, 'L1_layers_mol': 3, 'L1_dropout': 0.1580886867865128, 'L1_out_dim': 64, 'L2_hidden_dim': 192, 'L2_layers_atom': 1, 'L2_layers_mol': 4, 'L2_out_dim': 96, 'L2_dropout': 0.034533115874440995, 'L3_hidden_dim': 64, 'L3_layers_atom': 4, 'L3_layers_mol': 2, 'L3_out_dim': 112, 'L3_dropout': 0.10388646258760649, 'n_mlp_layers': 3, 'mlp_dim_0': 344, 'mlp_dim_1': 144, 'mlp_dim_2': 368, 'num_heads': 2, 'final_dropout': 0.08809933066255435, 'train_learning_rate': 0.0004582616799157799, 'train_lr_reduce': 0.6}. Best is trial 2072 with value: 0.009343244135379791.
[I 2024-12-26 17:55:28,132] Trial 2121 finished with value: 0.012060679495334625 and parameters: {'L1_hidden_dim': 112, 'L1_layers_atom': 4, 'L1_layers_mol': 1, 'L1_dropout': 0.002607607446741063, 'L1_out_dim': 96, 'L2_hidden_dim': 208, 'L2_layers_atom': 1, 'L2_layers_mol': 1, 'L2_out_dim': 48, 'L2_dropout': 0.18179165886875537, 'L3_hidden_dim': 32, 'L3_layers_atom': 1, 'L3_layers_mol': 1, 'L3_out_dim': 48, 'L3_dropout': 0.25108017761668355, 'n_mlp_layers': 3, 'mlp_dim_0': 504, 'mlp_dim_1': 200, 'mlp_dim_2': 408, 'num_heads': 2, 'final_dropout': 0.2659307423226645, 'train_learning_rate': 0.0009618404964546796, 'train_lr_reduce': 0.6}. Best is trial 2072 with value: 0.009343244135379791.
[I 2024-12-26 17:56:23,337] Trial 2120 finished with value: 0.019997011870145798 and parameters: {'L1_hidden_dim': 176, 'L1_layers_atom': 1, 'L1_layers_mol': 2, 'L1_dropout': 0.07646929286271274, 'L1_out_dim': 80, 'L2_hidden_dim': 240, 'L2_layers_atom': 3, 'L2_layers_mol': 3, 'L2_out_dim': 64, 'L2_dropout': 0.25439835109677766, 'L3_hidden_dim': 128, 'L3_layers_atom': 3, 'L3_layers_mol': 4, 'L3_out_dim': 128, 'L3_dropout': 0.26649711808172494, 'n_mlp_layers': 1, 'mlp_dim_0': 272, 'num_heads': 2, 'final_dropout': 0.03585132822259439, 'train_learning_rate': 0.0012187379423762154, 'train_lr_reduce': 0.6}. Best is trial 2072 with value: 0.009343244135379791.
[I 2024-12-26 17:56:50,095] Trial 2122 finished with value: 0.011153817176818848 and parameters: {'L1_hidden_dim': 144, 'L1_layers_atom': 2, 'L1_layers_mol': 1, 'L1_dropout': 0.014895940429487404, 'L1_out_dim': 96, 'L2_hidden_dim': 256, 'L2_layers_atom': 2, 'L2_layers_mol': 4, 'L2_out_dim': 128, 'L2_dropout': 0.047011537206054714, 'L3_hidden_dim': 80, 'L3_layers_atom': 4, 'L3_layers_mol': 1, 'L3_out_dim': 128, 'L3_dropout': 0.08807179043684402, 'n_mlp_layers': 3, 'mlp_dim_0': 392, 'mlp_dim_1': 256, 'mlp_dim_2': 104, 'num_heads': 2, 'final_dropout': 0.08733528008701352, 'train_learning_rate': 0.0003725834663778068, 'train_lr_reduce': 0.6}. Best is trial 2072 with value: 0.009343244135379791.
[I 2024-12-26 17:57:23,367] Trial 2123 finished with value: 0.01154265459626913 and parameters: {'L1_hidden_dim': 80, 'L1_layers_atom': 3, 'L1_layers_mol': 1, 'L1_dropout': 0.019793900249856406, 'L1_out_dim': 32, 'L2_hidden_dim': 224, 'L2_layers_atom': 1, 'L2_layers_mol': 1, 'L2_out_dim': 128, 'L2_dropout': 0.025595236983216522, 'L3_hidden_dim': 96, 'L3_layers_atom': 4, 'L3_layers_mol': 1, 'L3_out_dim': 112, 'L3_dropout': 0.11016233536442224, 'n_mlp_layers': 3, 'mlp_dim_0': 344, 'mlp_dim_1': 288, 'mlp_dim_2': 448, 'num_heads': 2, 'final_dropout': 0.025843881719017615, 'train_learning_rate': 0.0009552148864573987, 'train_lr_reduce': 0.6}. Best is trial 2072 with value: 0.009343244135379791.
[I 2024-12-26 17:58:41,414] Trial 2125 finished with value: 0.07117292284965515 and parameters: {'L1_hidden_dim': 144, 'L1_layers_atom': 4, 'L1_layers_mol': 3, 'L1_dropout': 0.12708063319428725, 'L1_out_dim': 80, 'L2_hidden_dim': 224, 'L2_layers_atom': 2, 'L2_layers_mol': 3, 'L2_out_dim': 112, 'L2_dropout': 0.14960248278657282, 'L3_hidden_dim': 112, 'L3_layers_atom': 2, 'L3_layers_mol': 3, 'L3_out_dim': 80, 'L3_dropout': 0.07569758832293255, 'n_mlp_layers': 1, 'mlp_dim_0': 416, 'num_heads': 1, 'final_dropout': 0.1880907032136994, 'train_learning_rate': 0.008572129925649975, 'train_lr_reduce': 0.6}. Best is trial 2072 with value: 0.009343244135379791.
[I 2024-12-26 18:00:19,286] Trial 2124 finished with value: 0.013507121242582798 and parameters: {'L1_hidden_dim': 144, 'L1_layers_atom': 2, 'L1_layers_mol': 3, 'L1_dropout': 0.10717128404116177, 'L1_out_dim': 32, 'L2_hidden_dim': 176, 'L2_layers_atom': 1, 'L2_layers_mol': 3, 'L2_out_dim': 64, 'L2_dropout': 0.0021927811525952676, 'L3_hidden_dim': 64, 'L3_layers_atom': 4, 'L3_layers_mol': 1, 'L3_out_dim': 128, 'L3_dropout': 0.1273030255865041, 'n_mlp_layers': 3, 'mlp_dim_0': 256, 'mlp_dim_1': 96, 'mlp_dim_2': 64, 'num_heads': 2, 'final_dropout': 0.18148532353734728, 'train_learning_rate': 0.00013728491657128268, 'train_lr_reduce': 0.6}. Best is trial 2072 with value: 0.009343244135379791.
[I 2024-12-26 18:00:35,089] Trial 2126 finished with value: 0.012095089070498943 and parameters: {'L1_hidden_dim': 96, 'L1_layers_atom': 3, 'L1_layers_mol': 1, 'L1_dropout': 0.04235383933917768, 'L1_out_dim': 48, 'L2_hidden_dim': 240, 'L2_layers_atom': 2, 'L2_layers_mol': 2, 'L2_out_dim': 128, 'L2_dropout': 0.0945406900778763, 'L3_hidden_dim': 96, 'L3_layers_atom': 3, 'L3_layers_mol': 3, 'L3_out_dim': 128, 'L3_dropout': 0.06472971481832682, 'n_mlp_layers': 3, 'mlp_dim_0': 328, 'mlp_dim_1': 168, 'mlp_dim_2': 472, 'num_heads': 2, 'final_dropout': 0.058129853857942594, 'train_learning_rate': 0.0005401696585883933, 'train_lr_reduce': 0.6}. Best is trial 2072 with value: 0.009343244135379791.
[I 2024-12-26 18:01:17,711] Trial 2127 finished with value: 0.017089007422327995 and parameters: {'L1_hidden_dim': 112, 'L1_layers_atom': 2, 'L1_layers_mol': 4, 'L1_dropout': 0.008246580041581752, 'L1_out_dim': 96, 'L2_hidden_dim': 192, 'L2_layers_atom': 2, 'L2_layers_mol': 3, 'L2_out_dim': 64, 'L2_dropout': 0.11963907377761442, 'L3_hidden_dim': 48, 'L3_layers_atom': 4, 'L3_layers_mol': 1, 'L3_out_dim': 128, 'L3_dropout': 0.0049262452777404375, 'n_mlp_layers': 3, 'mlp_dim_0': 184, 'mlp_dim_1': 232, 'mlp_dim_2': 416, 'num_heads': 2, 'final_dropout': 0.1400046774168238, 'train_learning_rate': 0.00017493299173945007, 'train_lr_reduce': 0.6}. Best is trial 2072 with value: 0.009343244135379791.
[I 2024-12-26 18:02:59,542] Trial 2128 finished with value: 0.011331610381603241 and parameters: {'L1_hidden_dim': 80, 'L1_layers_atom': 1, 'L1_layers_mol': 2, 'L1_dropout': 0.1480933612355646, 'L1_out_dim': 64, 'L2_hidden_dim': 208, 'L2_layers_atom': 1, 'L2_layers_mol': 4, 'L2_out_dim': 64, 'L2_dropout': 0.004734650828015432, 'L3_hidden_dim': 32, 'L3_layers_atom': 3, 'L3_layers_mol': 2, 'L3_out_dim': 128, 'L3_dropout': 0.10999157324787082, 'n_mlp_layers': 3, 'mlp_dim_0': 480, 'mlp_dim_1': 480, 'mlp_dim_2': 472, 'num_heads': 2, 'final_dropout': 0.14421252266647727, 'train_learning_rate': 0.0005072432071842898, 'train_lr_reduce': 0.6}. Best is trial 2072 with value: 0.009343244135379791.
[I 2024-12-26 18:03:08,589] Trial 2130 finished with value: 0.029792526736855507 and parameters: {'L1_hidden_dim': 128, 'L1_layers_atom': 4, 'L1_layers_mol': 1, 'L1_dropout': 0.13675593850077394, 'L1_out_dim': 64, 'L2_hidden_dim': 144, 'L2_layers_atom': 4, 'L2_layers_mol': 3, 'L2_out_dim': 112, 'L2_dropout': 0.08621451699028616, 'L3_hidden_dim': 80, 'L3_layers_atom': 2, 'L3_layers_mol': 4, 'L3_out_dim': 80, 'L3_dropout': 0.20134505618702098, 'n_mlp_layers': 3, 'mlp_dim_0': 136, 'mlp_dim_1': 512, 'mlp_dim_2': 368, 'num_heads': 2, 'final_dropout': 0.27213531215870257, 'train_learning_rate': 0.007416070615894886, 'train_lr_reduce': 0.6}. Best is trial 2072 with value: 0.009343244135379791.
[I 2024-12-26 18:03:15,653] Trial 2129 finished with value: 0.010931434109807014 and parameters: {'L1_hidden_dim': 208, 'L1_layers_atom': 1, 'L1_layers_mol': 2, 'L1_dropout': 0.16684477647489512, 'L1_out_dim': 112, 'L2_hidden_dim': 192, 'L2_layers_atom': 1, 'L2_layers_mol': 4, 'L2_out_dim': 128, 'L2_dropout': 0.00377431862918097, 'L3_hidden_dim': 80, 'L3_layers_atom': 3, 'L3_layers_mol': 1, 'L3_out_dim': 128, 'L3_dropout': 0.013072458919580074, 'n_mlp_layers': 3, 'mlp_dim_0': 472, 'mlp_dim_1': 288, 'mlp_dim_2': 512, 'num_heads': 2, 'final_dropout': 0.08924106330820032, 'train_learning_rate': 0.0002457507581165766, 'train_lr_reduce': 0.6}. Best is trial 2072 with value: 0.009343244135379791.
[I 2024-12-26 18:05:01,294] Trial 2131 finished with value: 0.011656243354082108 and parameters: {'L1_hidden_dim': 112, 'L1_layers_atom': 4, 'L1_layers_mol': 3, 'L1_dropout': 0.011522375060075682, 'L1_out_dim': 48, 'L2_hidden_dim': 208, 'L2_layers_atom': 1, 'L2_layers_mol': 1, 'L2_out_dim': 112, 'L2_dropout': 0.034624256284987436, 'L3_hidden_dim': 128, 'L3_layers_atom': 4, 'L3_layers_mol': 1, 'L3_out_dim': 128, 'L3_dropout': 0.021949671388728637, 'n_mlp_layers': 3, 'mlp_dim_0': 496, 'mlp_dim_1': 224, 'mlp_dim_2': 440, 'num_heads': 1, 'final_dropout': 0.13124847785818652, 'train_learning_rate': 0.0005898525446724559, 'train_lr_reduce': 0.6}. Best is trial 2072 with value: 0.009343244135379791.
[I 2024-12-26 18:05:18,605] Trial 2133 finished with value: 0.3567112982273102 and parameters: {'L1_hidden_dim': 80, 'L1_layers_atom': 3, 'L1_layers_mol': 3, 'L1_dropout': 0.29794559197286963, 'L1_out_dim': 48, 'L2_hidden_dim': 64, 'L2_layers_atom': 4, 'L2_layers_mol': 2, 'L2_out_dim': 64, 'L2_dropout': 0.27185945835925707, 'L3_hidden_dim': 112, 'L3_layers_atom': 4, 'L3_layers_mol': 4, 'L3_out_dim': 48, 'L3_dropout': 0.1342418605943583, 'n_mlp_layers': 2, 'mlp_dim_0': 248, 'mlp_dim_1': 272, 'num_heads': 2, 'final_dropout': 0.16970377478949036, 'train_learning_rate': 0.00026231465176646066, 'train_lr_reduce': 0.6}. Best is trial 2072 with value: 0.009343244135379791.
[I 2024-12-26 18:06:56,347] Trial 2135 finished with value: 0.016218163073062897 and parameters: {'L1_hidden_dim': 192, 'L1_layers_atom': 4, 'L1_layers_mol': 2, 'L1_dropout': 0.026082703430132984, 'L1_out_dim': 32, 'L2_hidden_dim': 240, 'L2_layers_atom': 2, 'L2_layers_mol': 2, 'L2_out_dim': 112, 'L2_dropout': 0.045617384238293514, 'L3_hidden_dim': 96, 'L3_layers_atom': 3, 'L3_layers_mol': 3, 'L3_out_dim': 128, 'L3_dropout': 0.2781131786608928, 'n_mlp_layers': 2, 'mlp_dim_0': 512, 'mlp_dim_1': 232, 'num_heads': 1, 'final_dropout': 0.20998875623626695, 'train_learning_rate': 0.0016793079990478975, 'train_lr_reduce': 0.6}. Best is trial 2072 with value: 0.009343244135379791.
[I 2024-12-26 18:07:00,782] Trial 2132 finished with value: 0.010906134732067585 and parameters: {'L1_hidden_dim': 80, 'L1_layers_atom': 4, 'L1_layers_mol': 4, 'L1_dropout': 0.015452721381707014, 'L1_out_dim': 112, 'L2_hidden_dim': 224, 'L2_layers_atom': 1, 'L2_layers_mol': 4, 'L2_out_dim': 64, 'L2_dropout': 0.025381105736480537, 'L3_hidden_dim': 48, 'L3_layers_atom': 4, 'L3_layers_mol': 1, 'L3_out_dim': 128, 'L3_dropout': 0.18253796071148515, 'n_mlp_layers': 3, 'mlp_dim_0': 176, 'mlp_dim_1': 288, 'mlp_dim_2': 408, 'num_heads': 2, 'final_dropout': 0.11440869362573515, 'train_learning_rate': 0.0007652437623990084, 'train_lr_reduce': 0.6}. Best is trial 2072 with value: 0.009343244135379791.
