[I 2024-12-25 14:11:29,921] Trial 223 finished with value: 0.07239590585231781 and parameters: {'L1_hidden_dim': 96, 'L1_layers_atom': 2, 'L1_layers_mol': 2, 'L1_dropout': 0.25285072390017294, 'L1_out_dim': 96, 'L2_hidden_dim': 224, 'L2_layers_atom': 4, 'L2_layers_mol': 2, 'L2_out_dim': 96, 'L2_dropout': 0.09801873495793359, 'L3_hidden_dim': 80, 'L3_layers_atom': 4, 'L3_layers_mol': 1, 'L3_out_dim': 112, 'L3_dropout': 0.29521804204912, 'n_mlp_layers': 2, 'mlp_dim_0': 88, 'mlp_dim_1': 512, 'num_heads': 2, 'final_dropout': 0.17640423772633368, 'train_learning_rate': 0.00014094488410670603, 'train_lr_reduce': 0.6}. Best is trial 203 with value: 0.05814646929502487.
[I 2024-12-25 14:12:27,075] Trial 226 finished with value: 0.06436265259981155 and parameters: {'L1_hidden_dim': 80, 'L1_layers_atom': 2, 'L1_layers_mol': 4, 'L1_dropout': 0.18477611747660927, 'L1_out_dim': 80, 'L2_hidden_dim': 240, 'L2_layers_atom': 3, 'L2_layers_mol': 2, 'L2_out_dim': 112, 'L2_dropout': 0.00420399839137418, 'L3_hidden_dim': 96, 'L3_layers_atom': 3, 'L3_layers_mol': 1, 'L3_out_dim': 128, 'L3_dropout': 0.17267458186680912, 'n_mlp_layers': 3, 'mlp_dim_0': 192, 'mlp_dim_1': 448, 'mlp_dim_2': 248, 'num_heads': 1, 'final_dropout': 0.020928284530036714, 'train_learning_rate': 0.001016208476778429, 'train_lr_reduce': 0.6}. Best is trial 203 with value: 0.05814646929502487.
[I 2024-12-25 14:12:29,964] Trial 225 finished with value: 0.07446371763944626 and parameters: {'L1_hidden_dim': 128, 'L1_layers_atom': 2, 'L1_layers_mol': 4, 'L1_dropout': 0.25725250394383525, 'L1_out_dim': 64, 'L2_hidden_dim': 208, 'L2_layers_atom': 4, 'L2_layers_mol': 2, 'L2_out_dim': 112, 'L2_dropout': 0.0057135416854807095, 'L3_hidden_dim': 96, 'L3_layers_atom': 3, 'L3_layers_mol': 1, 'L3_out_dim': 96, 'L3_dropout': 0.2830581360617829, 'n_mlp_layers': 2, 'mlp_dim_0': 72, 'mlp_dim_1': 456, 'num_heads': 2, 'final_dropout': 0.19561409844748462, 'train_learning_rate': 0.00041536158475511656, 'train_lr_reduce': 0.6}. Best is trial 203 with value: 0.05814646929502487.
[I 2024-12-25 14:13:19,345] Trial 227 finished with value: 0.06672517955303192 and parameters: {'L1_hidden_dim': 96, 'L1_layers_atom': 4, 'L1_layers_mol': 4, 'L1_dropout': 0.272275503352534, 'L1_out_dim': 112, 'L2_hidden_dim': 176, 'L2_layers_atom': 1, 'L2_layers_mol': 1, 'L2_out_dim': 112, 'L2_dropout': 0.05238125035850824, 'L3_hidden_dim': 48, 'L3_layers_atom': 3, 'L3_layers_mol': 1, 'L3_out_dim': 96, 'L3_dropout': 0.27836889628484773, 'n_mlp_layers': 3, 'mlp_dim_0': 48, 'mlp_dim_1': 448, 'mlp_dim_2': 248, 'num_heads': 1, 'final_dropout': 0.12407717270030293, 'train_learning_rate': 0.0008806838465150168, 'train_lr_reduce': 0.6}. Best is trial 203 with value: 0.05814646929502487.
[I 2024-12-25 14:14:29,814] Trial 230 finished with value: 0.08344049006700516 and parameters: {'L1_hidden_dim': 96, 'L1_layers_atom': 3, 'L1_layers_mol': 3, 'L1_dropout': 0.2835520451749606, 'L1_out_dim': 32, 'L2_hidden_dim': 176, 'L2_layers_atom': 3, 'L2_layers_mol': 1, 'L2_out_dim': 96, 'L2_dropout': 0.014179278999138945, 'L3_hidden_dim': 48, 'L3_layers_atom': 4, 'L3_layers_mol': 2, 'L3_out_dim': 112, 'L3_dropout': 0.19116270098331678, 'n_mlp_layers': 3, 'mlp_dim_0': 472, 'mlp_dim_1': 416, 'mlp_dim_2': 272, 'num_heads': 1, 'final_dropout': 0.1632947736040607, 'train_learning_rate': 0.0033319031075283953, 'train_lr_reduce': 0.6}. Best is trial 203 with value: 0.05814646929502487.
[I 2024-12-25 14:14:31,171] Trial 229 finished with value: 0.0893658846616745 and parameters: {'L1_hidden_dim': 80, 'L1_layers_atom': 3, 'L1_layers_mol': 4, 'L1_dropout': 0.16249936858138475, 'L1_out_dim': 48, 'L2_hidden_dim': 144, 'L2_layers_atom': 4, 'L2_layers_mol': 1, 'L2_out_dim': 112, 'L2_dropout': 0.0011104221975703947, 'L3_hidden_dim': 64, 'L3_layers_atom': 3, 'L3_layers_mol': 1, 'L3_out_dim': 96, 'L3_dropout': 0.09293279020931583, 'n_mlp_layers': 3, 'mlp_dim_0': 328, 'mlp_dim_1': 440, 'mlp_dim_2': 248, 'num_heads': 1, 'final_dropout': 0.2700065556934408, 'train_learning_rate': 0.004195247456386409, 'train_lr_reduce': 0.6}. Best is trial 203 with value: 0.05814646929502487.
[I 2024-12-25 14:14:35,869] Trial 228 finished with value: 0.07353713363409042 and parameters: {'L1_hidden_dim': 192, 'L1_layers_atom': 3, 'L1_layers_mol': 3, 'L1_dropout': 0.20893297213995868, 'L1_out_dim': 32, 'L2_hidden_dim': 256, 'L2_layers_atom': 4, 'L2_layers_mol': 1, 'L2_out_dim': 96, 'L2_dropout': 0.002531614845612394, 'L3_hidden_dim': 64, 'L3_layers_atom': 4, 'L3_layers_mol': 1, 'L3_out_dim': 80, 'L3_dropout': 0.2923503484480607, 'n_mlp_layers': 1, 'mlp_dim_0': 160, 'num_heads': 2, 'final_dropout': 0.1645439995299432, 'train_learning_rate': 0.0001269331843257673, 'train_lr_reduce': 0.6}. Best is trial 203 with value: 0.05814646929502487.
[I 2024-12-25 14:15:50,747] Trial 232 finished with value: 0.08415032923221588 and parameters: {'L1_hidden_dim': 112, 'L1_layers_atom': 3, 'L1_layers_mol': 4, 'L1_dropout': 0.14205881662950878, 'L1_out_dim': 80, 'L2_hidden_dim': 224, 'L2_layers_atom': 4, 'L2_layers_mol': 2, 'L2_out_dim': 80, 'L2_dropout': 0.05164846400068826, 'L3_hidden_dim': 96, 'L3_layers_atom': 3, 'L3_layers_mol': 1, 'L3_out_dim': 128, 'L3_dropout': 0.23044120295662612, 'n_mlp_layers': 3, 'mlp_dim_0': 240, 'mlp_dim_1': 456, 'mlp_dim_2': 256, 'num_heads': 1, 'final_dropout': 0.038858472053541995, 'train_learning_rate': 0.0033578281858101925, 'train_lr_reduce': 0.6}. Best is trial 203 with value: 0.05814646929502487.
[I 2024-12-25 14:15:51,265] Trial 231 finished with value: 0.06476717442274094 and parameters: {'L1_hidden_dim': 112, 'L1_layers_atom': 4, 'L1_layers_mol': 4, 'L1_dropout': 0.2809365680764529, 'L1_out_dim': 48, 'L2_hidden_dim': 256, 'L2_layers_atom': 4, 'L2_layers_mol': 1, 'L2_out_dim': 96, 'L2_dropout': 0.027517670459096828, 'L3_hidden_dim': 48, 'L3_layers_atom': 4, 'L3_layers_mol': 1, 'L3_out_dim': 112, 'L3_dropout': 0.06507804048777611, 'n_mlp_layers': 3, 'mlp_dim_0': 264, 'mlp_dim_1': 440, 'mlp_dim_2': 264, 'num_heads': 1, 'final_dropout': 0.10624420999599572, 'train_learning_rate': 0.001580768954741304, 'train_lr_reduce': 0.6}. Best is trial 203 with value: 0.05814646929502487.
[I 2024-12-25 14:17:11,884] Trial 235 finished with value: 0.10078039020299911 and parameters: {'L1_hidden_dim': 112, 'L1_layers_atom': 4, 'L1_layers_mol': 4, 'L1_dropout': 0.2239828957340963, 'L1_out_dim': 80, 'L2_hidden_dim': 240, 'L2_layers_atom': 4, 'L2_layers_mol': 1, 'L2_out_dim': 128, 'L2_dropout': 0.0909391495393714, 'L3_hidden_dim': 32, 'L3_layers_atom': 4, 'L3_layers_mol': 1, 'L3_out_dim': 96, 'L3_dropout': 0.011687853770655642, 'n_mlp_layers': 3, 'mlp_dim_0': 240, 'mlp_dim_1': 416, 'mlp_dim_2': 272, 'num_heads': 1, 'final_dropout': 0.13099118559132356, 'train_learning_rate': 0.0032304944115329488, 'train_lr_reduce': 0.6}. Best is trial 203 with value: 0.05814646929502487.
[I 2024-12-25 14:17:15,316] Trial 234 finished with value: 0.07104580104351044 and parameters: {'L1_hidden_dim': 96, 'L1_layers_atom': 1, 'L1_layers_mol': 4, 'L1_dropout': 0.2018454781554607, 'L1_out_dim': 80, 'L2_hidden_dim': 256, 'L2_layers_atom': 3, 'L2_layers_mol': 2, 'L2_out_dim': 96, 'L2_dropout': 0.02172885005959871, 'L3_hidden_dim': 96, 'L3_layers_atom': 3, 'L3_layers_mol': 1, 'L3_out_dim': 128, 'L3_dropout': 0.17533920156999344, 'n_mlp_layers': 3, 'mlp_dim_0': 112, 'mlp_dim_1': 400, 'mlp_dim_2': 272, 'num_heads': 1, 'final_dropout': 0.029536665351933944, 'train_learning_rate': 0.000701447677784216, 'train_lr_reduce': 0.6}. Best is trial 203 with value: 0.05814646929502487.
[I 2024-12-25 14:17:23,115] Trial 233 finished with value: 0.07348480820655823 and parameters: {'L1_hidden_dim': 64, 'L1_layers_atom': 3, 'L1_layers_mol': 3, 'L1_dropout': 0.19114369876083342, 'L1_out_dim': 32, 'L2_hidden_dim': 144, 'L2_layers_atom': 4, 'L2_layers_mol': 1, 'L2_out_dim': 112, 'L2_dropout': 0.022154033452578787, 'L3_hidden_dim': 32, 'L3_layers_atom': 4, 'L3_layers_mol': 1, 'L3_out_dim': 96, 'L3_dropout': 0.19364293587803608, 'n_mlp_layers': 3, 'mlp_dim_0': 360, 'mlp_dim_1': 456, 'mlp_dim_2': 232, 'num_heads': 2, 'final_dropout': 0.17852227715604058, 'train_learning_rate': 0.0002192031569793928, 'train_lr_reduce': 0.6}. Best is trial 203 with value: 0.05814646929502487.
[I 2024-12-25 14:19:02,629] Trial 237 finished with value: 0.08382829278707504 and parameters: {'L1_hidden_dim': 128, 'L1_layers_atom': 4, 'L1_layers_mol': 3, 'L1_dropout': 0.22073122542610954, 'L1_out_dim': 32, 'L2_hidden_dim': 240, 'L2_layers_atom': 4, 'L2_layers_mol': 2, 'L2_out_dim': 80, 'L2_dropout': 0.011273762716546967, 'L3_hidden_dim': 48, 'L3_layers_atom': 4, 'L3_layers_mol': 1, 'L3_out_dim': 128, 'L3_dropout': 0.07688267912653729, 'n_mlp_layers': 3, 'mlp_dim_0': 296, 'mlp_dim_1': 512, 'mlp_dim_2': 240, 'num_heads': 1, 'final_dropout': 0.1030516802478716, 'train_learning_rate': 0.0018141912224929459, 'train_lr_reduce': 0.6}. Best is trial 203 with value: 0.05814646929502487.
[I 2024-12-25 14:19:06,019] Trial 238 finished with value: 0.06595273315906525 and parameters: {'L1_hidden_dim': 64, 'L1_layers_atom': 4, 'L1_layers_mol': 3, 'L1_dropout': 0.2012919336407894, 'L1_out_dim': 80, 'L2_hidden_dim': 240, 'L2_layers_atom': 3, 'L2_layers_mol': 1, 'L2_out_dim': 80, 'L2_dropout': 0.11773370090947288, 'L3_hidden_dim': 80, 'L3_layers_atom': 4, 'L3_layers_mol': 1, 'L3_out_dim': 96, 'L3_dropout': 0.2973636375400053, 'n_mlp_layers': 2, 'mlp_dim_0': 256, 'mlp_dim_1': 448, 'num_heads': 1, 'final_dropout': 0.006149058574493575, 'train_learning_rate': 0.0011537421821452636, 'train_lr_reduce': 0.6}. Best is trial 203 with value: 0.05814646929502487.
[I 2024-12-25 14:19:15,636] Trial 236 finished with value: 0.06244581565260887 and parameters: {'L1_hidden_dim': 64, 'L1_layers_atom': 4, 'L1_layers_mol': 3, 'L1_dropout': 0.2273470286239191, 'L1_out_dim': 96, 'L2_hidden_dim': 192, 'L2_layers_atom': 2, 'L2_layers_mol': 1, 'L2_out_dim': 128, 'L2_dropout': 0.026633586818666895, 'L3_hidden_dim': 32, 'L3_layers_atom': 3, 'L3_layers_mol': 2, 'L3_out_dim': 112, 'L3_dropout': 0.24315265596900626, 'n_mlp_layers': 2, 'mlp_dim_0': 104, 'mlp_dim_1': 456, 'num_heads': 2, 'final_dropout': 0.004479741552716278, 'train_learning_rate': 0.00044764632268554056, 'train_lr_reduce': 0.6}. Best is trial 203 with value: 0.05814646929502487.
[I 2024-12-25 14:20:28,960] Trial 239 finished with value: 0.07832687348127365 and parameters: {'L1_hidden_dim': 96, 'L1_layers_atom': 4, 'L1_layers_mol': 4, 'L1_dropout': 0.28476622794787126, 'L1_out_dim': 112, 'L2_hidden_dim': 144, 'L2_layers_atom': 2, 'L2_layers_mol': 1, 'L2_out_dim': 128, 'L2_dropout': 0.0870910468224738, 'L3_hidden_dim': 80, 'L3_layers_atom': 1, 'L3_layers_mol': 1, 'L3_out_dim': 112, 'L3_dropout': 0.22389364144729657, 'n_mlp_layers': 2, 'mlp_dim_0': 168, 'mlp_dim_1': 456, 'num_heads': 1, 'final_dropout': 0.016687388826079064, 'train_learning_rate': 0.000718803063394042, 'train_lr_reduce': 0.6}. Best is trial 203 with value: 0.05814646929502487.
[I 2024-12-25 14:20:54,575] Trial 240 finished with value: 0.06332813948392868 and parameters: {'L1_hidden_dim': 128, 'L1_layers_atom': 3, 'L1_layers_mol': 2, 'L1_dropout': 0.18434638114693655, 'L1_out_dim': 96, 'L2_hidden_dim': 224, 'L2_layers_atom': 3, 'L2_layers_mol': 1, 'L2_out_dim': 48, 'L2_dropout': 0.08121381339921654, 'L3_hidden_dim': 96, 'L3_layers_atom': 4, 'L3_layers_mol': 1, 'L3_out_dim': 64, 'L3_dropout': 0.27715186930516433, 'n_mlp_layers': 3, 'mlp_dim_0': 368, 'mlp_dim_1': 384, 'mlp_dim_2': 248, 'num_heads': 1, 'final_dropout': 0.029862720200959585, 'train_learning_rate': 0.0014711079838889318, 'train_lr_reduce': 0.6}. Best is trial 203 with value: 0.05814646929502487.
[I 2024-12-25 14:21:41,452] Trial 241 finished with value: 0.08324646949768066 and parameters: {'L1_hidden_dim': 112, 'L1_layers_atom': 3, 'L1_layers_mol': 2, 'L1_dropout': 0.2144968726776391, 'L1_out_dim': 96, 'L2_hidden_dim': 176, 'L2_layers_atom': 3, 'L2_layers_mol': 1, 'L2_out_dim': 112, 'L2_dropout': 0.06917538753143607, 'L3_hidden_dim': 32, 'L3_layers_atom': 3, 'L3_layers_mol': 2, 'L3_out_dim': 128, 'L3_dropout': 0.25061690652724794, 'n_mlp_layers': 1, 'mlp_dim_0': 224, 'num_heads': 2, 'final_dropout': 0.006756548412618615, 'train_learning_rate': 0.000592709342509602, 'train_lr_reduce': 0.6}. Best is trial 203 with value: 0.05814646929502487.
[I 2024-12-25 14:21:54,032] Trial 242 finished with value: 0.083929143846035 and parameters: {'L1_hidden_dim': 80, 'L1_layers_atom': 4, 'L1_layers_mol': 4, 'L1_dropout': 0.2787832894450049, 'L1_out_dim': 128, 'L2_hidden_dim': 224, 'L2_layers_atom': 2, 'L2_layers_mol': 1, 'L2_out_dim': 96, 'L2_dropout': 0.0009845921672654717, 'L3_hidden_dim': 32, 'L3_layers_atom': 3, 'L3_layers_mol': 3, 'L3_out_dim': 112, 'L3_dropout': 0.22573152653862494, 'n_mlp_layers': 1, 'mlp_dim_0': 96, 'num_heads': 1, 'final_dropout': 0.07236778355672692, 'train_learning_rate': 0.0008922202564968245, 'train_lr_reduce': 0.6}. Best is trial 203 with value: 0.05814646929502487.
[I 2024-12-25 14:22:29,600] Trial 243 finished with value: 0.09275755286216736 and parameters: {'L1_hidden_dim': 176, 'L1_layers_atom': 4, 'L1_layers_mol': 3, 'L1_dropout': 0.2801237319346161, 'L1_out_dim': 128, 'L2_hidden_dim': 96, 'L2_layers_atom': 1, 'L2_layers_mol': 2, 'L2_out_dim': 128, 'L2_dropout': 0.07500758899168665, 'L3_hidden_dim': 48, 'L3_layers_atom': 2, 'L3_layers_mol': 1, 'L3_out_dim': 64, 'L3_dropout': 0.29859031785909934, 'n_mlp_layers': 3, 'mlp_dim_0': 32, 'mlp_dim_1': 360, 'mlp_dim_2': 264, 'num_heads': 1, 'final_dropout': 0.024653957944483093, 'train_learning_rate': 0.0003590598550199604, 'train_lr_reduce': 0.6}. Best is trial 203 with value: 0.05814646929502487.
[I 2024-12-25 14:23:29,470] Trial 244 finished with value: 0.06528712064027786 and parameters: {'L1_hidden_dim': 160, 'L1_layers_atom': 3, 'L1_layers_mol': 2, 'L1_dropout': 0.17177510404672922, 'L1_out_dim': 96, 'L2_hidden_dim': 208, 'L2_layers_atom': 3, 'L2_layers_mol': 1, 'L2_out_dim': 48, 'L2_dropout': 0.07639414418888195, 'L3_hidden_dim': 112, 'L3_layers_atom': 4, 'L3_layers_mol': 1, 'L3_out_dim': 64, 'L3_dropout': 0.2293978527011363, 'n_mlp_layers': 3, 'mlp_dim_0': 392, 'mlp_dim_1': 384, 'mlp_dim_2': 240, 'num_heads': 1, 'final_dropout': 0.07255369611551213, 'train_learning_rate': 0.0012685661252428916, 'train_lr_reduce': 0.6}. Best is trial 203 with value: 0.05814646929502487.
[I 2024-12-25 14:23:53,623] Trial 246 finished with value: 0.0849020704627037 and parameters: {'L1_hidden_dim': 144, 'L1_layers_atom': 2, 'L1_layers_mol': 3, 'L1_dropout': 0.21445984553057715, 'L1_out_dim': 32, 'L2_hidden_dim': 240, 'L2_layers_atom': 4, 'L2_layers_mol': 1, 'L2_out_dim': 80, 'L2_dropout': 0.09345693958918039, 'L3_hidden_dim': 32, 'L3_layers_atom': 4, 'L3_layers_mol': 1, 'L3_out_dim': 96, 'L3_dropout': 0.1890016125865326, 'n_mlp_layers': 3, 'mlp_dim_0': 384, 'mlp_dim_1': 456, 'mlp_dim_2': 224, 'num_heads': 1, 'final_dropout': 0.2288787973790752, 'train_learning_rate': 0.0009021473220749161, 'train_lr_reduce': 0.6}. Best is trial 203 with value: 0.05814646929502487.
[I 2024-12-25 14:24:09,943] Trial 245 finished with value: 0.06469208747148514 and parameters: {'L1_hidden_dim': 80, 'L1_layers_atom': 4, 'L1_layers_mol': 2, 'L1_dropout': 0.190157809154601, 'L1_out_dim': 64, 'L2_hidden_dim': 192, 'L2_layers_atom': 2, 'L2_layers_mol': 2, 'L2_out_dim': 128, 'L2_dropout': 0.02347608839740653, 'L3_hidden_dim': 32, 'L3_layers_atom': 3, 'L3_layers_mol': 2, 'L3_out_dim': 112, 'L3_dropout': 0.2074245759113981, 'n_mlp_layers': 2, 'mlp_dim_0': 128, 'mlp_dim_1': 416, 'num_heads': 2, 'final_dropout': 0.035717460657505376, 'train_learning_rate': 0.0003039589454089353, 'train_lr_reduce': 0.6}. Best is trial 203 with value: 0.05814646929502487.
[I 2024-12-25 14:24:19,311] Trial 247 finished with value: 0.09801270067691803 and parameters: {'L1_hidden_dim': 128, 'L1_layers_atom': 4, 'L1_layers_mol': 2, 'L1_dropout': 0.15642223574153563, 'L1_out_dim': 96, 'L2_hidden_dim': 240, 'L2_layers_atom': 3, 'L2_layers_mol': 1, 'L2_out_dim': 32, 'L2_dropout': 0.0850421807373882, 'L3_hidden_dim': 112, 'L3_layers_atom': 3, 'L3_layers_mol': 1, 'L3_out_dim': 80, 'L3_dropout': 0.10345333550359012, 'n_mlp_layers': 3, 'mlp_dim_0': 288, 'mlp_dim_1': 360, 'mlp_dim_2': 264, 'num_heads': 1, 'final_dropout': 0.16039351459364698, 'train_learning_rate': 0.0029328548644937257, 'train_lr_reduce': 0.6}. Best is trial 203 with value: 0.05814646929502487.
[I 2024-12-25 14:24:38,729] Trial 250 finished with value: 1.150672197341919 and parameters: {'L1_hidden_dim': 64, 'L1_layers_atom': 4, 'L1_layers_mol': 3, 'L1_dropout': 0.16551433598546345, 'L1_out_dim': 64, 'L2_hidden_dim': 208, 'L2_layers_atom': 4, 'L2_layers_mol': 1, 'L2_out_dim': 64, 'L2_dropout': 0.13659205836470303, 'L3_hidden_dim': 96, 'L3_layers_atom': 4, 'L3_layers_mol': 2, 'L3_out_dim': 112, 'L3_dropout': 0.29100493226175805, 'n_mlp_layers': 3, 'mlp_dim_0': 400, 'mlp_dim_1': 392, 'mlp_dim_2': 192, 'num_heads': 1, 'final_dropout': 0.062213099329911835, 'train_learning_rate': 0.0011165178438354018, 'train_lr_reduce': 0.6}. Best is trial 203 with value: 0.05814646929502487.
[I 2024-12-25 14:25:13,939] Trial 249 finished with value: 0.0871933251619339 and parameters: {'L1_hidden_dim': 160, 'L1_layers_atom': 4, 'L1_layers_mol': 2, 'L1_dropout': 0.25530521735761613, 'L1_out_dim': 112, 'L2_hidden_dim': 160, 'L2_layers_atom': 3, 'L2_layers_mol': 1, 'L2_out_dim': 48, 'L2_dropout': 0.1722747046491646, 'L3_hidden_dim': 64, 'L3_layers_atom': 4, 'L3_layers_mol': 1, 'L3_out_dim': 80, 'L3_dropout': 0.24596050992871238, 'n_mlp_layers': 3, 'mlp_dim_0': 344, 'mlp_dim_1': 352, 'mlp_dim_2': 280, 'num_heads': 1, 'final_dropout': 0.060204586329507724, 'train_learning_rate': 0.002518038370548351, 'train_lr_reduce': 0.6}. Best is trial 203 with value: 0.05814646929502487.
[I 2024-12-25 14:25:46,820] Trial 248 finished with value: 0.07760932296514511 and parameters: {'L1_hidden_dim': 128, 'L1_layers_atom': 2, 'L1_layers_mol': 1, 'L1_dropout': 0.23068173982714496, 'L1_out_dim': 128, 'L2_hidden_dim': 256, 'L2_layers_atom': 3, 'L2_layers_mol': 1, 'L2_out_dim': 64, 'L2_dropout': 0.015993332826362144, 'L3_hidden_dim': 96, 'L3_layers_atom': 4, 'L3_layers_mol': 2, 'L3_out_dim': 64, 'L3_dropout': 0.27701677143614867, 'n_mlp_layers': 3, 'mlp_dim_0': 408, 'mlp_dim_1': 400, 'mlp_dim_2': 224, 'num_heads': 1, 'final_dropout': 0.010490251486522127, 'train_learning_rate': 0.0005780754368741367, 'train_lr_reduce': 0.6}. Best is trial 203 with value: 0.05814646929502487.
[I 2024-12-25 14:26:05,422] Trial 253 finished with value: 1.1590158939361572 and parameters: {'L1_hidden_dim': 64, 'L1_layers_atom': 4, 'L1_layers_mol': 4, 'L1_dropout': 0.08968388362124163, 'L1_out_dim': 80, 'L2_hidden_dim': 208, 'L2_layers_atom': 2, 'L2_layers_mol': 1, 'L2_out_dim': 128, 'L2_dropout': 0.07800923578347126, 'L3_hidden_dim': 96, 'L3_layers_atom': 3, 'L3_layers_mol': 1, 'L3_out_dim': 112, 'L3_dropout': 0.21525087452023942, 'n_mlp_layers': 3, 'mlp_dim_0': 32, 'mlp_dim_1': 392, 'mlp_dim_2': 296, 'num_heads': 1, 'final_dropout': 0.0056313834096817575, 'train_learning_rate': 0.0007134914767642083, 'train_lr_reduce': 0.6}. Best is trial 203 with value: 0.05814646929502487.
[I 2024-12-25 14:26:19,351] Trial 252 finished with value: 0.11224152892827988 and parameters: {'L1_hidden_dim': 224, 'L1_layers_atom': 3, 'L1_layers_mol': 2, 'L1_dropout': 0.09198847595404876, 'L1_out_dim': 96, 'L2_hidden_dim': 160, 'L2_layers_atom': 3, 'L2_layers_mol': 1, 'L2_out_dim': 64, 'L2_dropout': 0.15956144331078598, 'L3_hidden_dim': 128, 'L3_layers_atom': 3, 'L3_layers_mol': 2, 'L3_out_dim': 80, 'L3_dropout': 0.2339450700849202, 'n_mlp_layers': 3, 'mlp_dim_0': 448, 'mlp_dim_1': 368, 'mlp_dim_2': 232, 'num_heads': 1, 'final_dropout': 0.05862427150187276, 'train_learning_rate': 0.001661224824487337, 'train_lr_reduce': 0.6}. Best is trial 203 with value: 0.05814646929502487.
[I 2024-12-25 14:27:27,613] Trial 251 finished with value: 0.14122101664543152 and parameters: {'L1_hidden_dim': 144, 'L1_layers_atom': 4, 'L1_layers_mol': 3, 'L1_dropout': 0.23855804347483053, 'L1_out_dim': 80, 'L2_hidden_dim': 192, 'L2_layers_atom': 4, 'L2_layers_mol': 1, 'L2_out_dim': 96, 'L2_dropout': 0.20463501224169994, 'L3_hidden_dim': 80, 'L3_layers_atom': 4, 'L3_layers_mol': 1, 'L3_out_dim': 80, 'L3_dropout': 0.28916440860662107, 'n_mlp_layers': 1, 'mlp_dim_0': 288, 'num_heads': 1, 'final_dropout': 0.013341906947232926, 'train_learning_rate': 0.0035765169795981245, 'train_lr_reduce': 0.6}. Best is trial 203 with value: 0.05814646929502487.
[I 2024-12-25 14:27:30,236] Trial 255 finished with value: 0.09651227295398712 and parameters: {'L1_hidden_dim': 160, 'L1_layers_atom': 3, 'L1_layers_mol': 2, 'L1_dropout': 0.1561259347063088, 'L1_out_dim': 80, 'L2_hidden_dim': 224, 'L2_layers_atom': 3, 'L2_layers_mol': 2, 'L2_out_dim': 32, 'L2_dropout': 0.021837867360914365, 'L3_hidden_dim': 96, 'L3_layers_atom': 4, 'L3_layers_mol': 1, 'L3_out_dim': 80, 'L3_dropout': 0.25603915563040774, 'n_mlp_layers': 3, 'mlp_dim_0': 264, 'mlp_dim_1': 504, 'mlp_dim_2': 184, 'num_heads': 1, 'final_dropout': 0.016794188995152604, 'train_learning_rate': 0.0012984543953169349, 'train_lr_reduce': 0.6}. Best is trial 203 with value: 0.05814646929502487.
[I 2024-12-25 14:27:49,594] Trial 257 finished with value: 1.1492937803268433 and parameters: {'L1_hidden_dim': 80, 'L1_layers_atom': 4, 'L1_layers_mol': 4, 'L1_dropout': 0.18532079419585248, 'L1_out_dim': 48, 'L2_hidden_dim': 240, 'L2_layers_atom': 4, 'L2_layers_mol': 2, 'L2_out_dim': 96, 'L2_dropout': 0.014164042431083143, 'L3_hidden_dim': 32, 'L3_layers_atom': 3, 'L3_layers_mol': 1, 'L3_out_dim': 64, 'L3_dropout': 0.13789525993765064, 'n_mlp_layers': 3, 'mlp_dim_0': 392, 'mlp_dim_1': 512, 'mlp_dim_2': 272, 'num_heads': 1, 'final_dropout': 0.0877646362096313, 'train_learning_rate': 0.0006899959829288031, 'train_lr_reduce': 0.6}. Best is trial 203 with value: 0.05814646929502487.
