Seed set to 42
Seed set to 42
[I 2024-12-24 13:31:15,937] A new study created in RDB with name: groupgat_Vc_groupgat
[I 2024-12-24 13:32:29,751] Trial 0 finished with value: 0.01951110176742077 and parameters: {'L1_hidden_dim': 224, 'L1_layers_atom': 1, 'L1_layers_mol': 2, 'L1_dropout': 0.2162636361265277, 'L1_out_dim': 96, 'L2_hidden_dim': 144, 'L2_layers_atom': 1, 'L2_layers_mol': 1, 'L2_out_dim': 96, 'L2_dropout': 0.24419185736677548, 'L3_hidden_dim': 64, 'L3_layers_atom': 4, 'L3_layers_mol': 1, 'L3_out_dim': 48, 'L3_dropout': 0.18700099946813206, 'n_mlp_layers': 3, 'mlp_dim_0': 480, 'mlp_dim_1': 240, 'mlp_dim_2': 144, 'num_heads': 1, 'final_dropout': 0.231734318003857, 'train_learning_rate': 0.0012508625530958857, 'train_lr_reduce': 0.6}. Best is trial 0 with value: 0.01951110176742077.
[I 2024-12-24 13:33:20,588] Trial 2 finished with value: 0.09950004518032074 and parameters: {'L1_hidden_dim': 96, 'L1_layers_atom': 1, 'L1_layers_mol': 1, 'L1_dropout': 0.0973885976852111, 'L1_out_dim': 128, 'L2_hidden_dim': 64, 'L2_layers_atom': 3, 'L2_layers_mol': 2, 'L2_out_dim': 112, 'L2_dropout': 0.17513740420644924, 'L3_hidden_dim': 96, 'L3_layers_atom': 3, 'L3_layers_mol': 4, 'L3_out_dim': 112, 'L3_dropout': 0.17191214580569625, 'n_mlp_layers': 2, 'mlp_dim_0': 464, 'mlp_dim_1': 264, 'num_heads': 1, 'final_dropout': 0.13038697418793366, 'train_learning_rate': 0.0007542162886898733, 'train_lr_reduce': 0.6}. Best is trial 0 with value: 0.01951110176742077.
[I 2024-12-24 13:33:45,662] Trial 1 finished with value: 0.01316339336335659 and parameters: {'L1_hidden_dim': 128, 'L1_layers_atom': 1, 'L1_layers_mol': 1, 'L1_dropout': 0.29253999447413137, 'L1_out_dim': 112, 'L2_hidden_dim': 224, 'L2_layers_atom': 2, 'L2_layers_mol': 3, 'L2_out_dim': 32, 'L2_dropout': 0.1595547115974593, 'L3_hidden_dim': 48, 'L3_layers_atom': 3, 'L3_layers_mol': 1, 'L3_out_dim': 128, 'L3_dropout': 0.26975794118640545, 'n_mlp_layers': 3, 'mlp_dim_0': 416, 'mlp_dim_1': 392, 'mlp_dim_2': 40, 'num_heads': 2, 'final_dropout': 0.005170575773348695, 'train_learning_rate': 0.0029335200832549526, 'train_lr_reduce': 0.6}. Best is trial 1 with value: 0.01316339336335659.
[I 2024-12-24 13:34:48,641] Trial 3 finished with value: 0.13223716616630554 and parameters: {'L1_hidden_dim': 96, 'L1_layers_atom': 2, 'L1_layers_mol': 2, 'L1_dropout': 0.05047297828047737, 'L1_out_dim': 64, 'L2_hidden_dim': 112, 'L2_layers_atom': 2, 'L2_layers_mol': 4, 'L2_out_dim': 112, 'L2_dropout': 0.18470733913240853, 'L3_hidden_dim': 112, 'L3_layers_atom': 1, 'L3_layers_mol': 1, 'L3_out_dim': 96, 'L3_dropout': 0.04504940344824058, 'n_mlp_layers': 2, 'mlp_dim_0': 256, 'mlp_dim_1': 96, 'num_heads': 1, 'final_dropout': 0.1937476185311867, 'train_learning_rate': 0.00013940242586184514, 'train_lr_reduce': 0.6}. Best is trial 1 with value: 0.01316339336335659.
[I 2024-12-24 13:34:51,649] Trial 4 finished with value: 0.013769104145467281 and parameters: {'L1_hidden_dim': 144, 'L1_layers_atom': 1, 'L1_layers_mol': 1, 'L1_dropout': 0.16276421486268625, 'L1_out_dim': 64, 'L2_hidden_dim': 80, 'L2_layers_atom': 2, 'L2_layers_mol': 1, 'L2_out_dim': 112, 'L2_dropout': 0.14390653141668436, 'L3_hidden_dim': 112, 'L3_layers_atom': 1, 'L3_layers_mol': 1, 'L3_out_dim': 96, 'L3_dropout': 0.04419157885657947, 'n_mlp_layers': 1, 'mlp_dim_0': 64, 'num_heads': 1, 'final_dropout': 0.12118854148898012, 'train_learning_rate': 0.0012937056335346297, 'train_lr_reduce': 0.6}. Best is trial 1 with value: 0.01316339336335659.
[I 2024-12-24 13:34:58,626] Trial 5 finished with value: 0.023473383858799934 and parameters: {'L1_hidden_dim': 192, 'L1_layers_atom': 4, 'L1_layers_mol': 4, 'L1_dropout': 0.07866896387928993, 'L1_out_dim': 32, 'L2_hidden_dim': 208, 'L2_layers_atom': 4, 'L2_layers_mol': 4, 'L2_out_dim': 128, 'L2_dropout': 0.1998669202393408, 'L3_hidden_dim': 112, 'L3_layers_atom': 4, 'L3_layers_mol': 1, 'L3_out_dim': 128, 'L3_dropout': 0.05699242572594806, 'n_mlp_layers': 2, 'mlp_dim_0': 392, 'mlp_dim_1': 216, 'num_heads': 2, 'final_dropout': 0.10051494448391406, 'train_learning_rate': 0.001260799538647903, 'train_lr_reduce': 0.6}. Best is trial 1 with value: 0.01316339336335659.
[I 2024-12-24 13:37:07,589] Trial 8 finished with value: 0.016198119148612022 and parameters: {'L1_hidden_dim': 176, 'L1_layers_atom': 4, 'L1_layers_mol': 2, 'L1_dropout': 0.20597792771265594, 'L1_out_dim': 48, 'L2_hidden_dim': 224, 'L2_layers_atom': 1, 'L2_layers_mol': 2, 'L2_out_dim': 112, 'L2_dropout': 0.26544973974062186, 'L3_hidden_dim': 96, 'L3_layers_atom': 2, 'L3_layers_mol': 2, 'L3_out_dim': 112, 'L3_dropout': 0.14309033814430525, 'n_mlp_layers': 1, 'mlp_dim_0': 304, 'num_heads': 1, 'final_dropout': 0.2729313249853364, 'train_learning_rate': 0.0005613069387066375, 'train_lr_reduce': 0.6}. Best is trial 1 with value: 0.01316339336335659.
[I 2024-12-24 13:37:15,022] Trial 7 finished with value: 0.01708751730620861 and parameters: {'L1_hidden_dim': 240, 'L1_layers_atom': 2, 'L1_layers_mol': 3, 'L1_dropout': 0.20560405717726335, 'L1_out_dim': 112, 'L2_hidden_dim': 240, 'L2_layers_atom': 4, 'L2_layers_mol': 2, 'L2_out_dim': 96, 'L2_dropout': 0.29189910702133653, 'L3_hidden_dim': 48, 'L3_layers_atom': 4, 'L3_layers_mol': 3, 'L3_out_dim': 64, 'L3_dropout': 0.12379789672439587, 'n_mlp_layers': 1, 'mlp_dim_0': 424, 'num_heads': 1, 'final_dropout': 0.05759820162334875, 'train_learning_rate': 0.0017145296465025674, 'train_lr_reduce': 0.6}. Best is trial 1 with value: 0.01316339336335659.
[I 2024-12-24 13:37:28,732] Trial 9 finished with value: 1.6545867919921875 and parameters: {'L1_hidden_dim': 80, 'L1_layers_atom': 4, 'L1_layers_mol': 2, 'L1_dropout': 0.09384066610295318, 'L1_out_dim': 128, 'L2_hidden_dim': 80, 'L2_layers_atom': 2, 'L2_layers_mol': 3, 'L2_out_dim': 128, 'L2_dropout': 0.11867475328824578, 'L3_hidden_dim': 32, 'L3_layers_atom': 2, 'L3_layers_mol': 4, 'L3_out_dim': 48, 'L3_dropout': 0.2835240192676253, 'n_mlp_layers': 3, 'mlp_dim_0': 128, 'mlp_dim_1': 512, 'mlp_dim_2': 408, 'num_heads': 1, 'final_dropout': 0.24314688080472457, 'train_learning_rate': 0.0001644651684974536, 'train_lr_reduce': 0.6}. Best is trial 1 with value: 0.01316339336335659.
[I 2024-12-24 13:37:35,760] Trial 6 finished with value: 0.014542493037879467 and parameters: {'L1_hidden_dim': 224, 'L1_layers_atom': 4, 'L1_layers_mol': 3, 'L1_dropout': 0.057447060098896205, 'L1_out_dim': 48, 'L2_hidden_dim': 240, 'L2_layers_atom': 3, 'L2_layers_mol': 4, 'L2_out_dim': 80, 'L2_dropout': 0.060002018404612965, 'L3_hidden_dim': 32, 'L3_layers_atom': 3, 'L3_layers_mol': 4, 'L3_out_dim': 96, 'L3_dropout': 0.09194266916571675, 'n_mlp_layers': 1, 'mlp_dim_0': 200, 'num_heads': 1, 'final_dropout': 0.011801721176302448, 'train_learning_rate': 0.0037072824217470645, 'train_lr_reduce': 0.6}. Best is trial 1 with value: 0.01316339336335659.
[I 2024-12-24 13:39:03,669] Trial 10 finished with value: 0.020306352525949478 and parameters: {'L1_hidden_dim': 192, 'L1_layers_atom': 2, 'L1_layers_mol': 2, 'L1_dropout': 0.26375729915300106, 'L1_out_dim': 64, 'L2_hidden_dim': 144, 'L2_layers_atom': 2, 'L2_layers_mol': 2, 'L2_out_dim': 128, 'L2_dropout': 0.22385791095397692, 'L3_hidden_dim': 96, 'L3_layers_atom': 3, 'L3_layers_mol': 2, 'L3_out_dim': 80, 'L3_dropout': 0.15645086548113532, 'n_mlp_layers': 3, 'mlp_dim_0': 184, 'mlp_dim_1': 504, 'mlp_dim_2': 328, 'num_heads': 2, 'final_dropout': 0.01646723954455659, 'train_learning_rate': 0.005104158276982501, 'train_lr_reduce': 0.6}. Best is trial 1 with value: 0.01316339336335659.
[I 2024-12-24 13:40:16,114] Trial 12 finished with value: 0.03949982300400734 and parameters: {'L1_hidden_dim': 96, 'L1_layers_atom': 2, 'L1_layers_mol': 1, 'L1_dropout': 0.22785387237092658, 'L1_out_dim': 128, 'L2_hidden_dim': 224, 'L2_layers_atom': 3, 'L2_layers_mol': 4, 'L2_out_dim': 80, 'L2_dropout': 0.1729965311706663, 'L3_hidden_dim': 64, 'L3_layers_atom': 2, 'L3_layers_mol': 2, 'L3_out_dim': 112, 'L3_dropout': 0.18407001742220525, 'n_mlp_layers': 3, 'mlp_dim_0': 504, 'mlp_dim_1': 376, 'mlp_dim_2': 32, 'num_heads': 2, 'final_dropout': 0.06084969061804847, 'train_learning_rate': 0.00030223869367237787, 'train_lr_reduce': 0.6}. Best is trial 1 with value: 0.01316339336335659.
[I 2024-12-24 13:41:11,397] Trial 11 finished with value: 0.01323697715997696 and parameters: {'L1_hidden_dim': 208, 'L1_layers_atom': 1, 'L1_layers_mol': 1, 'L1_dropout': 0.2616531557215635, 'L1_out_dim': 80, 'L2_hidden_dim': 96, 'L2_layers_atom': 2, 'L2_layers_mol': 4, 'L2_out_dim': 112, 'L2_dropout': 0.18393131743291544, 'L3_hidden_dim': 128, 'L3_layers_atom': 3, 'L3_layers_mol': 3, 'L3_out_dim': 96, 'L3_dropout': 0.28000034306880534, 'n_mlp_layers': 3, 'mlp_dim_0': 480, 'mlp_dim_1': 288, 'mlp_dim_2': 136, 'num_heads': 2, 'final_dropout': 0.06214895574183651, 'train_learning_rate': 0.001975507618448577, 'train_lr_reduce': 0.6}. Best is trial 1 with value: 0.01316339336335659.
[I 2024-12-24 13:41:28,508] Trial 13 finished with value: 0.03939879685640335 and parameters: {'L1_hidden_dim': 128, 'L1_layers_atom': 1, 'L1_layers_mol': 1, 'L1_dropout': 0.28027416804405597, 'L1_out_dim': 128, 'L2_hidden_dim': 208, 'L2_layers_atom': 1, 'L2_layers_mol': 4, 'L2_out_dim': 32, 'L2_dropout': 0.2367777579486284, 'L3_hidden_dim': 64, 'L3_layers_atom': 3, 'L3_layers_mol': 1, 'L3_out_dim': 80, 'L3_dropout': 0.25963737221027167, 'n_mlp_layers': 3, 'mlp_dim_0': 400, 'mlp_dim_1': 384, 'mlp_dim_2': 240, 'num_heads': 1, 'final_dropout': 0.06468337537211538, 'train_learning_rate': 0.008418261199230032, 'train_lr_reduce': 0.6}. Best is trial 1 with value: 0.01316339336335659.
[I 2024-12-24 13:42:33,665] Trial 14 finished with value: 0.01546592079102993 and parameters: {'L1_hidden_dim': 144, 'L1_layers_atom': 2, 'L1_layers_mol': 1, 'L1_dropout': 0.18764327197705377, 'L1_out_dim': 96, 'L2_hidden_dim': 80, 'L2_layers_atom': 2, 'L2_layers_mol': 2, 'L2_out_dim': 96, 'L2_dropout': 0.0756174232768373, 'L3_hidden_dim': 112, 'L3_layers_atom': 2, 'L3_layers_mol': 1, 'L3_out_dim': 80, 'L3_dropout': 0.059996825603200424, 'n_mlp_layers': 1, 'mlp_dim_0': 64, 'num_heads': 2, 'final_dropout': 0.09192648982027996, 'train_learning_rate': 0.0011139557391022983, 'train_lr_reduce': 0.6}. Best is trial 1 with value: 0.01316339336335659.
[I 2024-12-24 13:42:47,936] Trial 15 finished with value: 0.013697110116481781 and parameters: {'L1_hidden_dim': 240, 'L1_layers_atom': 1, 'L1_layers_mol': 1, 'L1_dropout': 0.22278891900094544, 'L1_out_dim': 112, 'L2_hidden_dim': 96, 'L2_layers_atom': 3, 'L2_layers_mol': 3, 'L2_out_dim': 96, 'L2_dropout': 0.2647983570044132, 'L3_hidden_dim': 128, 'L3_layers_atom': 3, 'L3_layers_mol': 2, 'L3_out_dim': 96, 'L3_dropout': 0.26597626809789787, 'n_mlp_layers': 3, 'mlp_dim_0': 464, 'mlp_dim_1': 352, 'mlp_dim_2': 112, 'num_heads': 2, 'final_dropout': 0.17968726800420845, 'train_learning_rate': 0.0026764064201475015, 'train_lr_reduce': 0.6}. Best is trial 1 with value: 0.01316339336335659.
[I 2024-12-24 13:43:43,184] Trial 16 finished with value: 0.017940059304237366 and parameters: {'L1_hidden_dim': 128, 'L1_layers_atom': 2, 'L1_layers_mol': 1, 'L1_dropout': 0.14626669709335766, 'L1_out_dim': 96, 'L2_hidden_dim': 112, 'L2_layers_atom': 2, 'L2_layers_mol': 4, 'L2_out_dim': 80, 'L2_dropout': 0.16530834331960534, 'L3_hidden_dim': 128, 'L3_layers_atom': 3, 'L3_layers_mol': 3, 'L3_out_dim': 64, 'L3_dropout': 0.2635190764895138, 'n_mlp_layers': 3, 'mlp_dim_0': 448, 'mlp_dim_1': 344, 'mlp_dim_2': 32, 'num_heads': 2, 'final_dropout': 0.032743085815273534, 'train_learning_rate': 0.0012701660325842047, 'train_lr_reduce': 0.6}. Best is trial 1 with value: 0.01316339336335659.
[I 2024-12-24 13:45:01,325] Trial 18 finished with value: 0.01201891340315342 and parameters: {'L1_hidden_dim': 144, 'L1_layers_atom': 1, 'L1_layers_mol': 2, 'L1_dropout': 0.12171195102887317, 'L1_out_dim': 80, 'L2_hidden_dim': 176, 'L2_layers_atom': 1, 'L2_layers_mol': 2, 'L2_out_dim': 48, 'L2_dropout': 0.10194868283685757, 'L3_hidden_dim': 48, 'L3_layers_atom': 2, 'L3_layers_mol': 1, 'L3_out_dim': 128, 'L3_dropout': 0.25865554674829627, 'n_mlp_layers': 2, 'mlp_dim_0': 440, 'mlp_dim_1': 312, 'num_heads': 1, 'final_dropout': 0.07389139436025469, 'train_learning_rate': 0.001915789732017572, 'train_lr_reduce': 0.6}. Best is trial 18 with value: 0.01201891340315342.
[I 2024-12-24 13:45:27,114] Trial 17 finished with value: 0.012235419824719429 and parameters: {'L1_hidden_dim': 96, 'L1_layers_atom': 1, 'L1_layers_mol': 1, 'L1_dropout': 0.22780930999068905, 'L1_out_dim': 80, 'L2_hidden_dim': 240, 'L2_layers_atom': 2, 'L2_layers_mol': 3, 'L2_out_dim': 48, 'L2_dropout': 0.19268065036045645, 'L3_hidden_dim': 96, 'L3_layers_atom': 4, 'L3_layers_mol': 2, 'L3_out_dim': 128, 'L3_dropout': 0.28927833953105947, 'n_mlp_layers': 3, 'mlp_dim_0': 512, 'mlp_dim_1': 176, 'mlp_dim_2': 200, 'num_heads': 2, 'final_dropout': 0.06842769278814011, 'train_learning_rate': 0.005619181908633444, 'train_lr_reduce': 0.6}. Best is trial 18 with value: 0.01201891340315342.
[I 2024-12-24 13:45:40,826] Trial 19 finished with value: 0.020183458924293518 and parameters: {'L1_hidden_dim': 192, 'L1_layers_atom': 1, 'L1_layers_mol': 1, 'L1_dropout': 0.27263178128787285, 'L1_out_dim': 32, 'L2_hidden_dim': 80, 'L2_layers_atom': 3, 'L2_layers_mol': 4, 'L2_out_dim': 112, 'L2_dropout': 0.17802513296182343, 'L3_hidden_dim': 128, 'L3_layers_atom': 2, 'L3_layers_mol': 4, 'L3_out_dim': 96, 'L3_dropout': 0.25306658204993077, 'n_mlp_layers': 2, 'mlp_dim_0': 368, 'mlp_dim_1': 40, 'num_heads': 2, 'final_dropout': 0.02262612367763954, 'train_learning_rate': 0.0009777873329840825, 'train_lr_reduce': 0.6}. Best is trial 18 with value: 0.01201891340315342.
[I 2024-12-24 13:46:31,889] Trial 20 finished with value: 0.01322524156421423 and parameters: {'L1_hidden_dim': 96, 'L1_layers_atom': 1, 'L1_layers_mol': 2, 'L1_dropout': 0.14488711478350325, 'L1_out_dim': 112, 'L2_hidden_dim': 240, 'L2_layers_atom': 1, 'L2_layers_mol': 2, 'L2_out_dim': 32, 'L2_dropout': 0.02490636894703878, 'L3_hidden_dim': 32, 'L3_layers_atom': 2, 'L3_layers_mol': 1, 'L3_out_dim': 128, 'L3_dropout': 0.19751026239272595, 'n_mlp_layers': 2, 'mlp_dim_0': 400, 'mlp_dim_1': 400, 'num_heads': 1, 'final_dropout': 0.1366843015075982, 'train_learning_rate': 0.001247731910249587, 'train_lr_reduce': 0.6}. Best is trial 18 with value: 0.01201891340315342.
[I 2024-12-24 13:48:02,666] Trial 22 finished with value: 0.014870535582304 and parameters: {'L1_hidden_dim': 208, 'L1_layers_atom': 1, 'L1_layers_mol': 3, 'L1_dropout': 0.04579285680092347, 'L1_out_dim': 96, 'L2_hidden_dim': 144, 'L2_layers_atom': 1, 'L2_layers_mol': 3, 'L2_out_dim': 64, 'L2_dropout': 0.03742737257524621, 'L3_hidden_dim': 32, 'L3_layers_atom': 2, 'L3_layers_mol': 1, 'L3_out_dim': 112, 'L3_dropout': 0.23330008636846672, 'n_mlp_layers': 1, 'mlp_dim_0': 416, 'num_heads': 1, 'final_dropout': 0.0005712067267905074, 'train_learning_rate': 0.0003897169101096318, 'train_lr_reduce': 0.6}. Best is trial 18 with value: 0.01201891340315342.
[I 2024-12-24 13:48:09,566] Trial 21 finished with value: 0.08114989101886749 and parameters: {'L1_hidden_dim': 96, 'L1_layers_atom': 1, 'L1_layers_mol': 1, 'L1_dropout': 0.14512922986737892, 'L1_out_dim': 96, 'L2_hidden_dim': 176, 'L2_layers_atom': 2, 'L2_layers_mol': 4, 'L2_out_dim': 32, 'L2_dropout': 0.18867201951207024, 'L3_hidden_dim': 96, 'L3_layers_atom': 4, 'L3_layers_mol': 3, 'L3_out_dim': 112, 'L3_dropout': 0.2986060206325883, 'n_mlp_layers': 2, 'mlp_dim_0': 456, 'mlp_dim_1': 152, 'num_heads': 2, 'final_dropout': 0.13975662971988234, 'train_learning_rate': 0.006502506635986419, 'train_lr_reduce': 0.6}. Best is trial 18 with value: 0.01201891340315342.
[I 2024-12-24 13:49:27,710] Trial 23 finished with value: 0.017977116629481316 and parameters: {'L1_hidden_dim': 96, 'L1_layers_atom': 1, 'L1_layers_mol': 2, 'L1_dropout': 0.27832918542794094, 'L1_out_dim': 80, 'L2_hidden_dim': 256, 'L2_layers_atom': 3, 'L2_layers_mol': 3, 'L2_out_dim': 32, 'L2_dropout': 0.2101575629958201, 'L3_hidden_dim': 96, 'L3_layers_atom': 3, 'L3_layers_mol': 3, 'L3_out_dim': 128, 'L3_dropout': 0.20018067638353546, 'n_mlp_layers': 3, 'mlp_dim_0': 488, 'mlp_dim_1': 176, 'mlp_dim_2': 240, 'num_heads': 2, 'final_dropout': 0.021516401987636012, 'train_learning_rate': 0.0054171219507887485, 'train_lr_reduce': 0.6}. Best is trial 18 with value: 0.01201891340315342.
[I 2024-12-24 13:50:13,354] Trial 24 finished with value: 0.011929412372410297 and parameters: {'L1_hidden_dim': 112, 'L1_layers_atom': 1, 'L1_layers_mol': 1, 'L1_dropout': 0.1854757768387606, 'L1_out_dim': 80, 'L2_hidden_dim': 208, 'L2_layers_atom': 1, 'L2_layers_mol': 3, 'L2_out_dim': 64, 'L2_dropout': 0.18724955872562438, 'L3_hidden_dim': 96, 'L3_layers_atom': 3, 'L3_layers_mol': 1, 'L3_out_dim': 112, 'L3_dropout': 0.2865921308527838, 'n_mlp_layers': 3, 'mlp_dim_0': 488, 'mlp_dim_1': 296, 'mlp_dim_2': 512, 'num_heads': 2, 'final_dropout': 0.058087282279213365, 'train_learning_rate': 0.0041044697453516054, 'train_lr_reduce': 0.6}. Best is trial 24 with value: 0.011929412372410297.
[I 2024-12-24 13:51:07,552] Trial 25 finished with value: 0.023487010970711708 and parameters: {'L1_hidden_dim': 176, 'L1_layers_atom': 1, 'L1_layers_mol': 1, 'L1_dropout': 0.25160143082254904, 'L1_out_dim': 112, 'L2_hidden_dim': 240, 'L2_layers_atom': 1, 'L2_layers_mol': 2, 'L2_out_dim': 32, 'L2_dropout': 0.14721026038462565, 'L3_hidden_dim': 32, 'L3_layers_atom': 3, 'L3_layers_mol': 1, 'L3_out_dim': 128, 'L3_dropout': 0.17564179369421512, 'n_mlp_layers': 2, 'mlp_dim_0': 440, 'mlp_dim_1': 184, 'num_heads': 2, 'final_dropout': 0.024944341461091965, 'train_learning_rate': 0.008542753348665418, 'train_lr_reduce': 0.6}. Best is trial 24 with value: 0.011929412372410297.
[I 2024-12-24 13:52:15,233] Trial 27 finished with value: 0.011859213933348656 and parameters: {'L1_hidden_dim': 144, 'L1_layers_atom': 2, 'L1_layers_mol': 3, 'L1_dropout': 0.0269326793659925, 'L1_out_dim': 64, 'L2_hidden_dim': 160, 'L2_layers_atom': 1, 'L2_layers_mol': 1, 'L2_out_dim': 32, 'L2_dropout': 0.19534547344475098, 'L3_hidden_dim': 64, 'L3_layers_atom': 2, 'L3_layers_mol': 2, 'L3_out_dim': 128, 'L3_dropout': 0.21487760742278797, 'n_mlp_layers': 2, 'mlp_dim_0': 400, 'mlp_dim_1': 272, 'num_heads': 1, 'final_dropout': 0.030420183408732662, 'train_learning_rate': 0.001279082206709338, 'train_lr_reduce': 0.6}. Best is trial 27 with value: 0.011859213933348656.
[I 2024-12-24 13:52:33,148] Trial 26 finished with value: 0.013333580456674099 and parameters: {'L1_hidden_dim': 144, 'L1_layers_atom': 1, 'L1_layers_mol': 1, 'L1_dropout': 0.21034498525441608, 'L1_out_dim': 112, 'L2_hidden_dim': 256, 'L2_layers_atom': 2, 'L2_layers_mol': 4, 'L2_out_dim': 48, 'L2_dropout': 0.14227725447807055, 'L3_hidden_dim': 48, 'L3_layers_atom': 4, 'L3_layers_mol': 1, 'L3_out_dim': 128, 'L3_dropout': 0.26151753390232807, 'n_mlp_layers': 3, 'mlp_dim_0': 296, 'mlp_dim_1': 416, 'mlp_dim_2': 208, 'num_heads': 2, 'final_dropout': 0.04586714528667416, 'train_learning_rate': 0.00197495946388355, 'train_lr_reduce': 0.6}. Best is trial 27 with value: 0.011859213933348656.
[I 2024-12-24 13:53:58,332] Trial 28 finished with value: 0.0159024428576231 and parameters: {'L1_hidden_dim': 64, 'L1_layers_atom': 2, 'L1_layers_mol': 1, 'L1_dropout': 0.22699702107679165, 'L1_out_dim': 32, 'L2_hidden_dim': 192, 'L2_layers_atom': 1, 'L2_layers_mol': 3, 'L2_out_dim': 64, 'L2_dropout': 0.20777838463939838, 'L3_hidden_dim': 96, 'L3_layers_atom': 2, 'L3_layers_mol': 1, 'L3_out_dim': 96, 'L3_dropout': 0.19599367413530472, 'n_mlp_layers': 3, 'mlp_dim_0': 416, 'mlp_dim_1': 272, 'mlp_dim_2': 488, 'num_heads': 2, 'final_dropout': 0.031553178293444145, 'train_learning_rate': 0.0007327150088876129, 'train_lr_reduce': 0.6}. Best is trial 27 with value: 0.011859213933348656.
[I 2024-12-24 13:54:16,474] Trial 29 finished with value: 0.012682006694376469 and parameters: {'L1_hidden_dim': 144, 'L1_layers_atom': 2, 'L1_layers_mol': 3, 'L1_dropout': 0.026405203182866935, 'L1_out_dim': 80, 'L2_hidden_dim': 176, 'L2_layers_atom': 1, 'L2_layers_mol': 1, 'L2_out_dim': 32, 'L2_dropout': 0.19233007171646174, 'L3_hidden_dim': 48, 'L3_layers_atom': 3, 'L3_layers_mol': 1, 'L3_out_dim': 128, 'L3_dropout': 0.2267723047816195, 'n_mlp_layers': 3, 'mlp_dim_0': 496, 'mlp_dim_1': 296, 'mlp_dim_2': 504, 'num_heads': 1, 'final_dropout': 0.0708662066896654, 'train_learning_rate': 0.0006528650483651001, 'train_lr_reduce': 0.6}. Best is trial 27 with value: 0.011859213933348656.
[I 2024-12-24 13:54:29,577] Trial 30 finished with value: 0.03309269994497299 and parameters: {'L1_hidden_dim': 144, 'L1_layers_atom': 3, 'L1_layers_mol': 2, 'L1_dropout': 0.1805630447022195, 'L1_out_dim': 80, 'L2_hidden_dim': 112, 'L2_layers_atom': 1, 'L2_layers_mol': 3, 'L2_out_dim': 32, 'L2_dropout': 0.10668743189779005, 'L3_hidden_dim': 48, 'L3_layers_atom': 1, 'L3_layers_mol': 1, 'L3_out_dim': 128, 'L3_dropout': 0.25781980716820213, 'n_mlp_layers': 3, 'mlp_dim_0': 408, 'mlp_dim_1': 288, 'mlp_dim_2': 384, 'num_heads': 1, 'final_dropout': 0.06716598551340702, 'train_learning_rate': 0.0071868487734683155, 'train_lr_reduce': 0.6}. Best is trial 27 with value: 0.011859213933348656.
[I 2024-12-24 13:55:52,763] Trial 31 finished with value: 0.012401719577610493 and parameters: {'L1_hidden_dim': 144, 'L1_layers_atom': 3, 'L1_layers_mol': 3, 'L1_dropout': 0.05769015007716989, 'L1_out_dim': 48, 'L2_hidden_dim': 144, 'L2_layers_atom': 2, 'L2_layers_mol': 1, 'L2_out_dim': 32, 'L2_dropout': 0.22360909806481258, 'L3_hidden_dim': 48, 'L3_layers_atom': 1, 'L3_layers_mol': 3, 'L3_out_dim': 112, 'L3_dropout': 0.217954797400462, 'n_mlp_layers': 2, 'mlp_dim_0': 192, 'mlp_dim_1': 288, 'num_heads': 2, 'final_dropout': 0.07187114391526614, 'train_learning_rate': 0.0004566770703578247, 'train_lr_reduce': 0.6}. Best is trial 27 with value: 0.011859213933348656.
