[I 2024-12-16 01:27:42,880] Trial 2392 finished with value: 0.10610125213861465 and parameters: {'mlp_n_layers': 3, 'mlp_dim_00': 192, 'mlp_dim_01': 224, 'mlp_dim_02': 224, 'hidden_channels': 48, 'num_layers': 2, 'num_timesteps': 3, 'dropout': 0.12086096417206102, 'train_learning_rate': 0.0052957672349857226, 'train_lr_reduce': 0.6}. Best is trial 130 with value: 0.0812772810459137.
[I 2024-12-16 01:27:46,542] Trial 2393 finished with value: 0.13183359801769257 and parameters: {'mlp_n_layers': 2, 'mlp_dim_00': 256, 'mlp_dim_01': 192, 'hidden_channels': 144, 'num_layers': 1, 'num_timesteps': 4, 'dropout': 0.2254735635091887, 'train_learning_rate': 0.0021408935323117026, 'train_lr_reduce': 0.6}. Best is trial 130 with value: 0.0812772810459137.
[I 2024-12-16 01:27:55,731] Trial 2394 finished with value: 0.11863324046134949 and parameters: {'mlp_n_layers': 2, 'mlp_dim_00': 224, 'mlp_dim_01': 224, 'hidden_channels': 64, 'num_layers': 2, 'num_timesteps': 2, 'dropout': 0.14565334026150495, 'train_learning_rate': 0.009726468431931005, 'train_lr_reduce': 0.6}. Best is trial 130 with value: 0.0812772810459137.
[I 2024-12-16 01:27:56,041] Trial 2391 finished with value: 0.13633562624454498 and parameters: {'mlp_n_layers': 4, 'mlp_dim_00': 256, 'mlp_dim_01': 144, 'mlp_dim_02': 256, 'mlp_dim_03': 32, 'hidden_channels': 112, 'num_layers': 4, 'num_timesteps': 4, 'dropout': 0.10813358147514, 'train_learning_rate': 0.000836137514032858, 'train_lr_reduce': 0.6}. Best is trial 130 with value: 0.0812772810459137.
[I 2024-12-16 01:27:58,767] Trial 2395 finished with value: 0.10532358288764954 and parameters: {'mlp_n_layers': 2, 'mlp_dim_00': 224, 'mlp_dim_01': 224, 'hidden_channels': 80, 'num_layers': 1, 'num_timesteps': 2, 'dropout': 0.2774919217762767, 'train_learning_rate': 0.0038894159026496944, 'train_lr_reduce': 0.6}. Best is trial 130 with value: 0.0812772810459137.
[I 2024-12-16 01:28:09,620] Trial 2397 finished with value: 0.10703723132610321 and parameters: {'mlp_n_layers': 2, 'mlp_dim_00': 208, 'mlp_dim_01': 160, 'hidden_channels': 80, 'num_layers': 1, 'num_timesteps': 3, 'dropout': 0.22806965404515822, 'train_learning_rate': 0.00346245569397555, 'train_lr_reduce': 0.6}. Best is trial 130 with value: 0.0812772810459137.
[I 2024-12-16 01:28:09,943] Trial 2396 finished with value: 0.10810607671737671 and parameters: {'mlp_n_layers': 2, 'mlp_dim_00': 192, 'mlp_dim_01': 240, 'hidden_channels': 96, 'num_layers': 1, 'num_timesteps': 3, 'dropout': 0.2542302209814641, 'train_learning_rate': 0.006066581292991857, 'train_lr_reduce': 0.6}. Best is trial 130 with value: 0.0812772810459137.
[I 2024-12-16 01:28:10,910] Trial 2398 finished with value: 0.13854074478149414 and parameters: {'mlp_n_layers': 2, 'mlp_dim_00': 256, 'mlp_dim_01': 64, 'hidden_channels': 128, 'num_layers': 1, 'num_timesteps': 3, 'dropout': 0.02151800974382309, 'train_learning_rate': 0.003385825078057613, 'train_lr_reduce': 0.6}. Best is trial 130 with value: 0.0812772810459137.
[I 2024-12-16 01:28:24,574] Trial 2400 finished with value: 0.11010877043008804 and parameters: {'mlp_n_layers': 2, 'mlp_dim_00': 144, 'mlp_dim_01': 256, 'hidden_channels': 96, 'num_layers': 2, 'num_timesteps': 4, 'dropout': 0.0735654740408208, 'train_learning_rate': 0.004112616923778609, 'train_lr_reduce': 0.6}. Best is trial 130 with value: 0.0812772810459137.
[I 2024-12-16 01:28:29,145] Trial 2399 finished with value: 0.11500962823629379 and parameters: {'mlp_n_layers': 3, 'mlp_dim_00': 160, 'mlp_dim_01': 176, 'mlp_dim_02': 160, 'hidden_channels': 80, 'num_layers': 2, 'num_timesteps': 2, 'dropout': 0.20894459871374546, 'train_learning_rate': 0.0015611119295550167, 'train_lr_reduce': 0.6}. Best is trial 130 with value: 0.0812772810459137.
[I 2024-12-16 01:28:37,148] Trial 2401 finished with value: 0.15301840007305145 and parameters: {'mlp_n_layers': 3, 'mlp_dim_00': 128, 'mlp_dim_01': 192, 'mlp_dim_02': 192, 'hidden_channels': 128, 'num_layers': 3, 'num_timesteps': 1, 'dropout': 0.29707128134995064, 'train_learning_rate': 0.00023212339129073128, 'train_lr_reduce': 0.6}. Best is trial 130 with value: 0.0812772810459137.
[I 2024-12-16 01:28:42,132] Trial 2402 finished with value: 0.11984027177095413 and parameters: {'mlp_n_layers': 3, 'mlp_dim_00': 208, 'mlp_dim_01': 160, 'mlp_dim_02': 32, 'hidden_channels': 32, 'num_layers': 1, 'num_timesteps': 3, 'dropout': 0.13204955431566356, 'train_learning_rate': 0.008561568535656518, 'train_lr_reduce': 0.6}. Best is trial 130 with value: 0.0812772810459137.
[I 2024-12-16 01:28:46,687] Trial 2403 finished with value: 0.13079845905303955 and parameters: {'mlp_n_layers': 2, 'mlp_dim_00': 96, 'mlp_dim_01': 240, 'hidden_channels': 128, 'num_layers': 4, 'num_timesteps': 4, 'dropout': 0.001064941710105738, 'train_learning_rate': 0.0022110078929189134, 'train_lr_reduce': 0.6}. Best is trial 130 with value: 0.0812772810459137.
[I 2024-12-16 01:28:48,339] Trial 2404 finished with value: 0.13301371037960052 and parameters: {'mlp_n_layers': 2, 'mlp_dim_00': 160, 'mlp_dim_01': 256, 'hidden_channels': 32, 'num_layers': 3, 'num_timesteps': 4, 'dropout': 1.6340441356857416e-05, 'train_learning_rate': 0.007652614229460884, 'train_lr_reduce': 0.6}. Best is trial 130 with value: 0.0812772810459137.
[I 2024-12-16 01:28:58,592] Trial 2406 finished with value: 0.11340578645467758 and parameters: {'mlp_n_layers': 2, 'mlp_dim_00': 224, 'mlp_dim_01': 192, 'hidden_channels': 32, 'num_layers': 1, 'num_timesteps': 3, 'dropout': 0.20364688286652027, 'train_learning_rate': 0.0034534117328467373, 'train_lr_reduce': 0.6}. Best is trial 130 with value: 0.0812772810459137.
[I 2024-12-16 01:29:04,420] Trial 2405 finished with value: 0.13365033268928528 and parameters: {'mlp_n_layers': 4, 'mlp_dim_00': 96, 'mlp_dim_01': 192, 'mlp_dim_02': 128, 'mlp_dim_03': 144, 'hidden_channels': 176, 'num_layers': 1, 'num_timesteps': 3, 'dropout': 0.16846182926834846, 'train_learning_rate': 0.0003702328016113565, 'train_lr_reduce': 0.6}. Best is trial 130 with value: 0.0812772810459137.
[I 2024-12-16 01:29:07,979] Trial 2407 finished with value: 0.1111690104007721 and parameters: {'mlp_n_layers': 2, 'mlp_dim_00': 224, 'mlp_dim_01': 208, 'hidden_channels': 80, 'num_layers': 3, 'num_timesteps': 4, 'dropout': 0.16970180976794555, 'train_learning_rate': 0.009448584968182714, 'train_lr_reduce': 0.6}. Best is trial 130 with value: 0.0812772810459137.
[I 2024-12-16 01:29:15,157] Trial 2408 finished with value: 0.12560486793518066 and parameters: {'mlp_n_layers': 3, 'mlp_dim_00': 96, 'mlp_dim_01': 80, 'mlp_dim_02': 64, 'hidden_channels': 96, 'num_layers': 3, 'num_timesteps': 3, 'dropout': 0.15031806722249852, 'train_learning_rate': 0.0043161968885867446, 'train_lr_reduce': 0.6}. Best is trial 130 with value: 0.0812772810459137.
[I 2024-12-16 01:29:21,999] Trial 2410 finished with value: 0.17130744457244873 and parameters: {'mlp_n_layers': 3, 'mlp_dim_00': 240, 'mlp_dim_01': 80, 'mlp_dim_02': 176, 'hidden_channels': 96, 'num_layers': 3, 'num_timesteps': 2, 'dropout': 0.26671864929239697, 'train_learning_rate': 0.008005217924742373, 'train_lr_reduce': 0.6}. Best is trial 130 with value: 0.0812772810459137.
[I 2024-12-16 01:29:29,481] Trial 2411 finished with value: 0.10325390100479126 and parameters: {'mlp_n_layers': 3, 'mlp_dim_00': 256, 'mlp_dim_01': 176, 'mlp_dim_02': 96, 'hidden_channels': 32, 'num_layers': 2, 'num_timesteps': 3, 'dropout': 0.1920025050347563, 'train_learning_rate': 0.0032033491355840096, 'train_lr_reduce': 0.6}. Best is trial 130 with value: 0.0812772810459137.
[I 2024-12-16 01:29:32,533] Trial 2409 finished with value: 0.20035342872142792 and parameters: {'mlp_n_layers': 2, 'mlp_dim_00': 80, 'mlp_dim_01': 240, 'hidden_channels': 112, 'num_layers': 3, 'num_timesteps': 3, 'dropout': 0.28982807511897946, 'train_learning_rate': 0.00015553246833952336, 'train_lr_reduce': 0.6}. Best is trial 130 with value: 0.0812772810459137.
[I 2024-12-16 01:29:35,142] Trial 2412 finished with value: 0.12246222048997879 and parameters: {'mlp_n_layers': 3, 'mlp_dim_00': 112, 'mlp_dim_01': 160, 'mlp_dim_02': 224, 'hidden_channels': 80, 'num_layers': 1, 'num_timesteps': 1, 'dropout': 0.292522619870374, 'train_learning_rate': 0.0028730146900443937, 'train_lr_reduce': 0.6}. Best is trial 130 with value: 0.0812772810459137.
[I 2024-12-16 01:29:42,278] Trial 2413 finished with value: 0.10482001304626465 and parameters: {'mlp_n_layers': 2, 'mlp_dim_00': 256, 'mlp_dim_01': 128, 'hidden_channels': 80, 'num_layers': 2, 'num_timesteps': 3, 'dropout': 0.2445249162182377, 'train_learning_rate': 0.0019871459060113103, 'train_lr_reduce': 0.6}. Best is trial 130 with value: 0.0812772810459137.
[I 2024-12-16 01:29:42,332] Trial 2415 finished with value: 0.11504362523555756 and parameters: {'mlp_n_layers': 2, 'mlp_dim_00': 112, 'mlp_dim_01': 160, 'hidden_channels': 32, 'num_layers': 1, 'num_timesteps': 3, 'dropout': 0.0797827829996403, 'train_learning_rate': 0.007868978000285179, 'train_lr_reduce': 0.6}. Best is trial 130 with value: 0.0812772810459137.
[I 2024-12-16 01:29:47,023] Trial 2414 finished with value: 0.10710440576076508 and parameters: {'mlp_n_layers': 2, 'mlp_dim_00': 112, 'mlp_dim_01': 224, 'hidden_channels': 32, 'num_layers': 3, 'num_timesteps': 4, 'dropout': 0.0674563500451936, 'train_learning_rate': 0.009691977155235907, 'train_lr_reduce': 0.6}. Best is trial 130 with value: 0.0812772810459137.
[I 2024-12-16 01:29:55,453] Trial 2417 finished with value: 0.092440165579319 and parameters: {'mlp_n_layers': 2, 'mlp_dim_00': 240, 'mlp_dim_01': 192, 'hidden_channels': 32, 'num_layers': 3, 'num_timesteps': 3, 'dropout': 0.16760149029788574, 'train_learning_rate': 0.009135097729289793, 'train_lr_reduce': 0.6}. Best is trial 130 with value: 0.0812772810459137.
[I 2024-12-16 01:30:05,300] Trial 2418 finished with value: 0.11057992279529572 and parameters: {'mlp_n_layers': 3, 'mlp_dim_00': 144, 'mlp_dim_01': 224, 'mlp_dim_02': 160, 'hidden_channels': 48, 'num_layers': 3, 'num_timesteps': 4, 'dropout': 0.0439861970976708, 'train_learning_rate': 0.008563066369468658, 'train_lr_reduce': 0.6}. Best is trial 130 with value: 0.0812772810459137.
[I 2024-12-16 01:30:10,606] Trial 2419 finished with value: 0.09611953049898148 and parameters: {'mlp_n_layers': 2, 'mlp_dim_00': 224, 'mlp_dim_01': 176, 'hidden_channels': 80, 'num_layers': 1, 'num_timesteps': 3, 'dropout': 0.2547777244429232, 'train_learning_rate': 0.0038790056173532315, 'train_lr_reduce': 0.6}. Best is trial 130 with value: 0.0812772810459137.
[I 2024-12-16 01:30:12,098] Trial 2416 finished with value: 0.13158096373081207 and parameters: {'mlp_n_layers': 2, 'mlp_dim_00': 240, 'mlp_dim_01': 112, 'hidden_channels': 208, 'num_layers': 2, 'num_timesteps': 4, 'dropout': 0.05876772502024387, 'train_learning_rate': 0.0002614678354344228, 'train_lr_reduce': 0.6}. Best is trial 130 with value: 0.0812772810459137.
[I 2024-12-16 01:30:18,636] Trial 2420 finished with value: 0.09682103246450424 and parameters: {'mlp_n_layers': 2, 'mlp_dim_00': 128, 'mlp_dim_01': 240, 'hidden_channels': 96, 'num_layers': 3, 'num_timesteps': 4, 'dropout': 0.041483427848272456, 'train_learning_rate': 0.009361631284021746, 'train_lr_reduce': 0.6}. Best is trial 130 with value: 0.0812772810459137.
[I 2024-12-16 01:30:25,045] Trial 2421 finished with value: 0.13876712322235107 and parameters: {'mlp_n_layers': 3, 'mlp_dim_00': 224, 'mlp_dim_01': 160, 'mlp_dim_02': 208, 'hidden_channels': 80, 'num_layers': 3, 'num_timesteps': 3, 'dropout': 0.20933203462346822, 'train_learning_rate': 0.006835421476381455, 'train_lr_reduce': 0.6}. Best is trial 130 with value: 0.0812772810459137.
[I 2024-12-16 01:30:27,049] Trial 2422 finished with value: 0.10647226870059967 and parameters: {'mlp_n_layers': 2, 'mlp_dim_00': 160, 'mlp_dim_01': 224, 'hidden_channels': 32, 'num_layers': 2, 'num_timesteps': 2, 'dropout': 0.1546958471314619, 'train_learning_rate': 0.00892375670836133, 'train_lr_reduce': 0.6}. Best is trial 130 with value: 0.0812772810459137.
[I 2024-12-16 01:30:29,280] Trial 2423 finished with value: 0.1178143322467804 and parameters: {'mlp_n_layers': 2, 'mlp_dim_00': 192, 'mlp_dim_01': 112, 'hidden_channels': 112, 'num_layers': 2, 'num_timesteps': 3, 'dropout': 0.2072404560988887, 'train_learning_rate': 0.0029551194119755543, 'train_lr_reduce': 0.6}. Best is trial 130 with value: 0.0812772810459137.
[I 2024-12-16 01:30:37,858] Trial 2424 finished with value: 0.10462518781423569 and parameters: {'mlp_n_layers': 3, 'mlp_dim_00': 128, 'mlp_dim_01': 160, 'mlp_dim_02': 128, 'hidden_channels': 32, 'num_layers': 1, 'num_timesteps': 2, 'dropout': 0.21917516430901293, 'train_learning_rate': 0.002706509969781608, 'train_lr_reduce': 0.6}. Best is trial 130 with value: 0.0812772810459137.
[I 2024-12-16 01:30:38,198] Trial 2425 finished with value: 0.1179460659623146 and parameters: {'mlp_n_layers': 2, 'mlp_dim_00': 240, 'mlp_dim_01': 176, 'hidden_channels': 80, 'num_layers': 2, 'num_timesteps': 4, 'dropout': 0.15639342055372785, 'train_learning_rate': 0.0038405850256761414, 'train_lr_reduce': 0.6}. Best is trial 130 with value: 0.0812772810459137.
[I 2024-12-16 01:30:39,638] Trial 2426 finished with value: 0.12543602287769318 and parameters: {'mlp_n_layers': 2, 'mlp_dim_00': 240, 'mlp_dim_01': 256, 'hidden_channels': 224, 'num_layers': 1, 'num_timesteps': 2, 'dropout': 0.2722351422174022, 'train_learning_rate': 0.002330588657203688, 'train_lr_reduce': 0.6}. Best is trial 130 with value: 0.0812772810459137.
[I 2024-12-16 01:30:48,018] Trial 2427 finished with value: 0.11805890500545502 and parameters: {'mlp_n_layers': 4, 'mlp_dim_00': 144, 'mlp_dim_01': 144, 'mlp_dim_02': 240, 'mlp_dim_03': 208, 'hidden_channels': 32, 'num_layers': 1, 'num_timesteps': 2, 'dropout': 0.2200923941248169, 'train_learning_rate': 0.003855294890188529, 'train_lr_reduce': 0.6}. Best is trial 130 with value: 0.0812772810459137.
[I 2024-12-16 01:30:52,987] Trial 2429 finished with value: 0.09402051568031311 and parameters: {'mlp_n_layers': 2, 'mlp_dim_00': 224, 'mlp_dim_01': 224, 'hidden_channels': 32, 'num_layers': 2, 'num_timesteps': 3, 'dropout': 0.138610411165078, 'train_learning_rate': 0.008423259607884195, 'train_lr_reduce': 0.6}. Best is trial 130 with value: 0.0812772810459137.
[I 2024-12-16 01:30:54,979] Trial 2428 finished with value: 0.11599982529878616 and parameters: {'mlp_n_layers': 2, 'mlp_dim_00': 256, 'mlp_dim_01': 144, 'hidden_channels': 48, 'num_layers': 2, 'num_timesteps': 4, 'dropout': 0.22324877236231855, 'train_learning_rate': 0.0031551976259493538, 'train_lr_reduce': 0.6}. Best is trial 130 with value: 0.0812772810459137.
[I 2024-12-16 01:31:10,840] Trial 2432 finished with value: 0.11282896250486374 and parameters: {'mlp_n_layers': 2, 'mlp_dim_00': 48, 'mlp_dim_01': 160, 'hidden_channels': 32, 'num_layers': 3, 'num_timesteps': 3, 'dropout': 0.02810743524339354, 'train_learning_rate': 0.005709683061604405, 'train_lr_reduce': 0.6}. Best is trial 130 with value: 0.0812772810459137.
[I 2024-12-16 01:31:12,234] Trial 2430 finished with value: 0.20538847148418427 and parameters: {'mlp_n_layers': 2, 'mlp_dim_00': 208, 'mlp_dim_01': 48, 'hidden_channels': 96, 'num_layers': 3, 'num_timesteps': 3, 'dropout': 0.2991704808951072, 'train_learning_rate': 0.009405549313795496, 'train_lr_reduce': 0.6}. Best is trial 130 with value: 0.0812772810459137.
[I 2024-12-16 01:31:19,372] Trial 2431 finished with value: 0.1436796635389328 and parameters: {'mlp_n_layers': 2, 'mlp_dim_00': 32, 'mlp_dim_01': 144, 'hidden_channels': 128, 'num_layers': 4, 'num_timesteps': 4, 'dropout': 0.09976898446334204, 'train_learning_rate': 0.0006290901739517099, 'train_lr_reduce': 0.6}. Best is trial 130 with value: 0.0812772810459137.
[I 2024-12-16 01:31:23,513] Trial 2434 finished with value: 0.09160768240690231 and parameters: {'mlp_n_layers': 2, 'mlp_dim_00': 192, 'mlp_dim_01': 240, 'hidden_channels': 112, 'num_layers': 1, 'num_timesteps': 4, 'dropout': 0.18406587712188188, 'train_learning_rate': 0.007108886113491043, 'train_lr_reduce': 0.6}. Best is trial 130 with value: 0.0812772810459137.
[I 2024-12-16 01:31:26,615] Trial 2433 finished with value: 0.09586650133132935 and parameters: {'mlp_n_layers': 2, 'mlp_dim_00': 224, 'mlp_dim_01': 144, 'hidden_channels': 112, 'num_layers': 1, 'num_timesteps': 3, 'dropout': 0.2077492919745019, 'train_learning_rate': 0.008326699797756375, 'train_lr_reduce': 0.6}. Best is trial 130 with value: 0.0812772810459137.
[I 2024-12-16 01:31:33,408] Trial 2435 finished with value: 0.12757501006126404 and parameters: {'mlp_n_layers': 3, 'mlp_dim_00': 224, 'mlp_dim_01': 128, 'mlp_dim_02': 192, 'hidden_channels': 64, 'num_layers': 2, 'num_timesteps': 4, 'dropout': 0.08155961630580948, 'train_learning_rate': 0.0033590155113516827, 'train_lr_reduce': 0.6}. Best is trial 130 with value: 0.0812772810459137.
[I 2024-12-16 01:31:37,806] Trial 2437 finished with value: 0.1391824334859848 and parameters: {'mlp_n_layers': 3, 'mlp_dim_00': 192, 'mlp_dim_01': 256, 'mlp_dim_02': 144, 'hidden_channels': 144, 'num_layers': 1, 'num_timesteps': 4, 'dropout': 0.16161692376918585, 'train_learning_rate': 0.0033565191043367975, 'train_lr_reduce': 0.6}. Best is trial 130 with value: 0.0812772810459137.
[I 2024-12-16 01:31:40,247] Trial 2436 finished with value: 0.1142762154340744 and parameters: {'mlp_n_layers': 2, 'mlp_dim_00': 256, 'mlp_dim_01': 144, 'hidden_channels': 80, 'num_layers': 1, 'num_timesteps': 3, 'dropout': 0.2851152223872006, 'train_learning_rate': 0.009353876525258155, 'train_lr_reduce': 0.6}. Best is trial 130 with value: 0.0812772810459137.
[I 2024-12-16 01:31:44,365] Trial 2438 finished with value: 0.1619819849729538 and parameters: {'mlp_n_layers': 4, 'mlp_dim_00': 48, 'mlp_dim_01': 160, 'mlp_dim_02': 112, 'mlp_dim_03': 96, 'hidden_channels': 208, 'num_layers': 2, 'num_timesteps': 1, 'dropout': 0.28160046002225825, 'train_learning_rate': 0.006154821754051647, 'train_lr_reduce': 0.6}. Best is trial 130 with value: 0.0812772810459137.
[I 2024-12-16 01:31:50,638] Trial 2439 finished with value: 0.1071605533361435 and parameters: {'mlp_n_layers': 2, 'mlp_dim_00': 144, 'mlp_dim_01': 192, 'hidden_channels': 32, 'num_layers': 2, 'num_timesteps': 3, 'dropout': 0.05109340436852752, 'train_learning_rate': 0.003398277590145336, 'train_lr_reduce': 0.6}. Best is trial 130 with value: 0.0812772810459137.
[I 2024-12-16 01:31:56,062] Trial 2441 finished with value: 0.11810951679944992 and parameters: {'mlp_n_layers': 2, 'mlp_dim_00': 176, 'mlp_dim_01': 256, 'hidden_channels': 32, 'num_layers': 1, 'num_timesteps': 4, 'dropout': 0.0971959868019847, 'train_learning_rate': 0.003185447458096684, 'train_lr_reduce': 0.6}. Best is trial 130 with value: 0.0812772810459137.
[I 2024-12-16 01:32:04,807] Trial 2442 finished with value: 0.08596161007881165 and parameters: {'mlp_n_layers': 2, 'mlp_dim_00': 128, 'mlp_dim_01': 240, 'hidden_channels': 32, 'num_layers': 2, 'num_timesteps': 3, 'dropout': 0.07711110889464015, 'train_learning_rate': 0.009784090351951186, 'train_lr_reduce': 0.6}. Best is trial 130 with value: 0.0812772810459137.
[I 2024-12-16 01:32:10,147] Trial 2440 finished with value: 0.2947418987751007 and parameters: {'mlp_n_layers': 3, 'mlp_dim_00': 240, 'mlp_dim_01': 32, 'mlp_dim_02': 64, 'hidden_channels': 80, 'num_layers': 4, 'num_timesteps': 2, 'dropout': 0.08444845485942175, 'train_learning_rate': 0.0001178153560439563, 'train_lr_reduce': 0.6}. Best is trial 130 with value: 0.0812772810459137.
[I 2024-12-16 01:32:12,582] Trial 2443 finished with value: 0.10893458127975464 and parameters: {'mlp_n_layers': 2, 'mlp_dim_00': 240, 'mlp_dim_01': 256, 'hidden_channels': 192, 'num_layers': 1, 'num_timesteps': 3, 'dropout': 0.17584890340255677, 'train_learning_rate': 0.007907694895137832, 'train_lr_reduce': 0.6}. Best is trial 130 with value: 0.0812772810459137.
[I 2024-12-16 01:32:15,995] Trial 2444 finished with value: 0.09840869903564453 and parameters: {'mlp_n_layers': 2, 'mlp_dim_00': 160, 'mlp_dim_01': 160, 'hidden_channels': 96, 'num_layers': 1, 'num_timesteps': 2, 'dropout': 0.10518395405833023, 'train_learning_rate': 0.009518987294675511, 'train_lr_reduce': 0.6}. Best is trial 130 with value: 0.0812772810459137.
[I 2024-12-16 01:32:23,691] Trial 2445 finished with value: 0.11890380829572678 and parameters: {'mlp_n_layers': 2, 'mlp_dim_00': 256, 'mlp_dim_01': 240, 'hidden_channels': 80, 'num_layers': 1, 'num_timesteps': 3, 'dropout': 0.16029108455804483, 'train_learning_rate': 0.005985393162201057, 'train_lr_reduce': 0.6}. Best is trial 130 with value: 0.0812772810459137.
[I 2024-12-16 01:32:25,468] Trial 2446 finished with value: 0.11558924615383148 and parameters: {'mlp_n_layers': 2, 'mlp_dim_00': 144, 'mlp_dim_01': 208, 'hidden_channels': 32, 'num_layers': 1, 'num_timesteps': 3, 'dropout': 0.09256267842088639, 'train_learning_rate': 0.005750325120114735, 'train_lr_reduce': 0.6}. Best is trial 130 with value: 0.0812772810459137.
[I 2024-12-16 01:32:30,905] Trial 2447 finished with value: 0.12063396722078323 and parameters: {'mlp_n_layers': 2, 'mlp_dim_00': 128, 'mlp_dim_01': 208, 'hidden_channels': 64, 'num_layers': 2, 'num_timesteps': 3, 'dropout': 0.17069966631371947, 'train_learning_rate': 0.008050439512359914, 'train_lr_reduce': 0.6}. Best is trial 130 with value: 0.0812772810459137.
[I 2024-12-16 01:32:42,375] Trial 2448 finished with value: 0.13435566425323486 and parameters: {'mlp_n_layers': 2, 'mlp_dim_00': 224, 'mlp_dim_01': 176, 'hidden_channels': 96, 'num_layers': 2, 'num_timesteps': 3, 'dropout': 0.19451261624176505, 'train_learning_rate': 0.00957893344976684, 'train_lr_reduce': 0.6}. Best is trial 130 with value: 0.0812772810459137.
