[I 2024-12-19 17:39:08,725] Trial 59 finished with value: 1.1449843645095825 and parameters: {'mlp_n_layers': 3, 'mlp_dim_00': 202, 'mlp_dim_01': 414, 'mlp_dim_02': 373, 'node_hidden_dim': 35, 'edge_hidden_dim': 100, 'depth': 2, 'rep_dropout': 0.0065934896410478495, 'train_learning_rate': 0.002491370201251044, 'train_lr_reduce': 0.6}. Best is trial 56 with value: 0.1266615390777588.
[I 2024-12-19 17:39:27,049] Trial 57 finished with value: 0.19091396033763885 and parameters: {'mlp_n_layers': 4, 'mlp_dim_00': 206, 'mlp_dim_01': 415, 'mlp_dim_02': 323, 'mlp_dim_03': 181, 'node_hidden_dim': 45, 'edge_hidden_dim': 77, 'depth': 1, 'rep_dropout': 0.02798648147109341, 'train_learning_rate': 0.003193651094557023, 'train_lr_reduce': 0.6}. Best is trial 56 with value: 0.1266615390777588.
[I 2024-12-19 17:39:32,298] Trial 60 finished with value: 0.26106998324394226 and parameters: {'mlp_n_layers': 1, 'mlp_dim_00': 409, 'node_hidden_dim': 71, 'edge_hidden_dim': 59, 'depth': 1, 'rep_dropout': 0.046973239038984774, 'train_learning_rate': 0.005721974017714068, 'train_lr_reduce': 0.6}. Best is trial 56 with value: 0.1266615390777588.
[I 2024-12-19 17:39:32,595] Trial 58 finished with value: 0.14605647325515747 and parameters: {'mlp_n_layers': 1, 'mlp_dim_00': 470, 'node_hidden_dim': 67, 'edge_hidden_dim': 67, 'depth': 1, 'rep_dropout': 0.002099212369116886, 'train_learning_rate': 0.001014792754738734, 'train_lr_reduce': 0.6}. Best is trial 56 with value: 0.1266615390777588.
[I 2024-12-19 17:39:36,572] Trial 62 finished with value: 1.1453160047531128 and parameters: {'mlp_n_layers': 1, 'mlp_dim_00': 427, 'node_hidden_dim': 70, 'edge_hidden_dim': 71, 'depth': 1, 'rep_dropout': 0.01336213242121214, 'train_learning_rate': 0.0006018024849785447, 'train_lr_reduce': 0.6}. Best is trial 56 with value: 0.1266615390777588.
[I 2024-12-19 17:39:55,243] Trial 61 finished with value: 0.1370261311531067 and parameters: {'mlp_n_layers': 2, 'mlp_dim_00': 512, 'mlp_dim_01': 260, 'node_hidden_dim': 63, 'edge_hidden_dim': 58, 'depth': 1, 'rep_dropout': 0.01207036089855942, 'train_learning_rate': 0.009490900290426934, 'train_lr_reduce': 0.6}. Best is trial 56 with value: 0.1266615390777588.
[I 2024-12-19 17:40:12,448] Trial 63 finished with value: 0.11826672405004501 and parameters: {'mlp_n_layers': 1, 'mlp_dim_00': 376, 'node_hidden_dim': 46, 'edge_hidden_dim': 55, 'depth': 1, 'rep_dropout': 0.006808078197947927, 'train_learning_rate': 0.0019025583482469902, 'train_lr_reduce': 0.6}. Best is trial 63 with value: 0.11826672405004501.
[I 2024-12-19 17:40:15,566] Trial 64 finished with value: 0.19758185744285583 and parameters: {'mlp_n_layers': 1, 'mlp_dim_00': 478, 'node_hidden_dim': 76, 'edge_hidden_dim': 87, 'depth': 2, 'rep_dropout': 0.005541979556177647, 'train_learning_rate': 0.0025777763170842637, 'train_lr_reduce': 0.6}. Best is trial 63 with value: 0.11826672405004501.
[I 2024-12-19 17:40:20,613] Trial 67 finished with value: 1.1429253816604614 and parameters: {'mlp_n_layers': 1, 'mlp_dim_00': 249, 'node_hidden_dim': 45, 'edge_hidden_dim': 56, 'depth': 1, 'rep_dropout': 0.023993841228331703, 'train_learning_rate': 0.001724717946249233, 'train_lr_reduce': 0.6}. Best is trial 63 with value: 0.11826672405004501.
[I 2024-12-19 17:40:38,077] Trial 65 finished with value: 0.1348371058702469 and parameters: {'mlp_n_layers': 1, 'mlp_dim_00': 477, 'node_hidden_dim': 41, 'edge_hidden_dim': 41, 'depth': 1, 'rep_dropout': 0.03856708125081141, 'train_learning_rate': 0.004285802136766678, 'train_lr_reduce': 0.6}. Best is trial 63 with value: 0.11826672405004501.
[I 2024-12-19 17:40:52,828] Trial 68 finished with value: 0.31000497937202454 and parameters: {'mlp_n_layers': 4, 'mlp_dim_00': 287, 'mlp_dim_01': 227, 'mlp_dim_02': 144, 'mlp_dim_03': 66, 'node_hidden_dim': 38, 'edge_hidden_dim': 99, 'depth': 1, 'rep_dropout': 0.014466690584868899, 'train_learning_rate': 0.006139822846507993, 'train_lr_reduce': 0.6}. Best is trial 63 with value: 0.11826672405004501.
[I 2024-12-19 17:40:53,426] Trial 66 finished with value: 0.23685972392559052 and parameters: {'mlp_n_layers': 2, 'mlp_dim_00': 485, 'mlp_dim_01': 258, 'node_hidden_dim': 64, 'edge_hidden_dim': 81, 'depth': 1, 'rep_dropout': 0.0103606229458378, 'train_learning_rate': 0.006975674981424372, 'train_lr_reduce': 0.6}. Best is trial 63 with value: 0.11826672405004501.
[I 2024-12-19 17:40:57,077] Trial 70 finished with value: 1.1427550315856934 and parameters: {'mlp_n_layers': 1, 'mlp_dim_00': 460, 'node_hidden_dim': 36, 'edge_hidden_dim': 47, 'depth': 1, 'rep_dropout': 0.04774995023142104, 'train_learning_rate': 0.0004405735175612181, 'train_lr_reduce': 0.6}. Best is trial 63 with value: 0.11826672405004501.
[I 2024-12-19 17:41:02,513] Trial 72 finished with value: 1.1423389911651611 and parameters: {'mlp_n_layers': 4, 'mlp_dim_00': 344, 'mlp_dim_01': 163, 'mlp_dim_02': 164, 'mlp_dim_03': 331, 'node_hidden_dim': 38, 'edge_hidden_dim': 103, 'depth': 2, 'rep_dropout': 0.0014686479704907641, 'train_learning_rate': 0.0008380376989178826, 'train_lr_reduce': 0.6}. Best is trial 63 with value: 0.11826672405004501.
[I 2024-12-19 17:41:06,851] Trial 73 finished with value: 1.1421452760696411 and parameters: {'mlp_n_layers': 1, 'mlp_dim_00': 454, 'node_hidden_dim': 44, 'edge_hidden_dim': 64, 'depth': 1, 'rep_dropout': 0.005697632636449358, 'train_learning_rate': 0.0008665693817364963, 'train_lr_reduce': 0.6}. Best is trial 63 with value: 0.11826672405004501.
[I 2024-12-19 17:41:20,681] Trial 69 finished with value: 0.13467229902744293 and parameters: {'mlp_n_layers': 2, 'mlp_dim_00': 496, 'mlp_dim_01': 293, 'node_hidden_dim': 38, 'edge_hidden_dim': 39, 'depth': 1, 'rep_dropout': 0.057612861106425314, 'train_learning_rate': 0.00406100798828025, 'train_lr_reduce': 0.6}. Best is trial 63 with value: 0.11826672405004501.
[I 2024-12-19 17:41:25,879] Trial 75 finished with value: 1.142233967781067 and parameters: {'mlp_n_layers': 2, 'mlp_dim_00': 413, 'mlp_dim_01': 283, 'node_hidden_dim': 39, 'edge_hidden_dim': 60, 'depth': 1, 'rep_dropout': 0.06293843627903732, 'train_learning_rate': 0.0022017053208586695, 'train_lr_reduce': 0.6}. Best is trial 63 with value: 0.11826672405004501.
[I 2024-12-19 17:41:31,108] Trial 71 finished with value: 0.31505173444747925 and parameters: {'mlp_n_layers': 1, 'mlp_dim_00': 484, 'node_hidden_dim': 42, 'edge_hidden_dim': 51, 'depth': 1, 'rep_dropout': 0.010890925092787645, 'train_learning_rate': 0.005728605411822372, 'train_lr_reduce': 0.6}. Best is trial 63 with value: 0.11826672405004501.
[I 2024-12-19 17:41:35,206] Trial 76 finished with value: 0.7485887408256531 and parameters: {'mlp_n_layers': 3, 'mlp_dim_00': 435, 'mlp_dim_01': 279, 'mlp_dim_02': 470, 'node_hidden_dim': 76, 'edge_hidden_dim': 55, 'depth': 1, 'rep_dropout': 0.053820537602542656, 'train_learning_rate': 0.007930749616879377, 'train_lr_reduce': 0.6}. Best is trial 63 with value: 0.11826672405004501.
[I 2024-12-19 17:41:35,384] Trial 77 finished with value: 1.1426329612731934 and parameters: {'mlp_n_layers': 2, 'mlp_dim_00': 365, 'mlp_dim_01': 303, 'node_hidden_dim': 35, 'edge_hidden_dim': 32, 'depth': 1, 'rep_dropout': 0.07838320550096864, 'train_learning_rate': 0.0030543969465665877, 'train_lr_reduce': 0.6}. Best is trial 63 with value: 0.11826672405004501.
[I 2024-12-19 17:41:40,242] Trial 78 finished with value: 1.1448369026184082 and parameters: {'mlp_n_layers': 2, 'mlp_dim_00': 330, 'mlp_dim_01': 261, 'node_hidden_dim': 39, 'edge_hidden_dim': 58, 'depth': 2, 'rep_dropout': 0.003158240809398542, 'train_learning_rate': 0.004476909114952842, 'train_lr_reduce': 0.6}. Best is trial 63 with value: 0.11826672405004501.
[I 2024-12-19 17:41:43,892] Trial 74 finished with value: 0.20852521061897278 and parameters: {'mlp_n_layers': 1, 'mlp_dim_00': 511, 'node_hidden_dim': 76, 'edge_hidden_dim': 49, 'depth': 1, 'rep_dropout': 0.03841643180203279, 'train_learning_rate': 0.0036564704386851565, 'train_lr_reduce': 0.6}. Best is trial 63 with value: 0.11826672405004501.
[I 2024-12-19 17:41:45,784] Trial 80 finished with value: 1.1425191164016724 and parameters: {'mlp_n_layers': 1, 'mlp_dim_00': 391, 'node_hidden_dim': 34, 'edge_hidden_dim': 55, 'depth': 3, 'rep_dropout': 0.07335815207658411, 'train_learning_rate': 0.0044479578420125706, 'train_lr_reduce': 0.6}. Best is trial 63 with value: 0.11826672405004501.
[I 2024-12-19 17:41:49,110] Trial 81 finished with value: 1.1457228660583496 and parameters: {'mlp_n_layers': 1, 'mlp_dim_00': 387, 'node_hidden_dim': 42, 'edge_hidden_dim': 35, 'depth': 2, 'rep_dropout': 0.0230883481450862, 'train_learning_rate': 0.0018198327376928059, 'train_lr_reduce': 0.6}. Best is trial 63 with value: 0.11826672405004501.
[I 2024-12-19 17:41:50,850] Trial 82 finished with value: 1.1424952745437622 and parameters: {'mlp_n_layers': 1, 'mlp_dim_00': 507, 'node_hidden_dim': 88, 'edge_hidden_dim': 53, 'depth': 3, 'rep_dropout': 0.0016584478003072959, 'train_learning_rate': 0.00038520678326506096, 'train_lr_reduce': 0.6}. Best is trial 63 with value: 0.11826672405004501.
[I 2024-12-19 17:41:51,942] Trial 79 finished with value: 0.22005203366279602 and parameters: {'mlp_n_layers': 2, 'mlp_dim_00': 506, 'mlp_dim_01': 329, 'node_hidden_dim': 50, 'edge_hidden_dim': 33, 'depth': 1, 'rep_dropout': 0.044627685575801795, 'train_learning_rate': 0.004764349915909277, 'train_lr_reduce': 0.6}. Best is trial 63 with value: 0.11826672405004501.
[I 2024-12-19 17:42:12,967] Trial 85 finished with value: 0.24786652624607086 and parameters: {'mlp_n_layers': 1, 'mlp_dim_00': 348, 'node_hidden_dim': 75, 'edge_hidden_dim': 40, 'depth': 1, 'rep_dropout': 0.0029246243394737883, 'train_learning_rate': 0.004406802274617247, 'train_lr_reduce': 0.6}. Best is trial 63 with value: 0.11826672405004501.
[I 2024-12-19 17:42:19,021] Trial 84 finished with value: 0.23248788714408875 and parameters: {'mlp_n_layers': 2, 'mlp_dim_00': 350, 'mlp_dim_01': 227, 'node_hidden_dim': 87, 'edge_hidden_dim': 60, 'depth': 1, 'rep_dropout': 0.021913161499862246, 'train_learning_rate': 0.009893113446208338, 'train_lr_reduce': 0.6}. Best is trial 63 with value: 0.11826672405004501.
[I 2024-12-19 17:42:23,847] Trial 87 finished with value: 1.142574667930603 and parameters: {'mlp_n_layers': 1, 'mlp_dim_00': 502, 'node_hidden_dim': 93, 'edge_hidden_dim': 48, 'depth': 1, 'rep_dropout': 0.07987563348326734, 'train_learning_rate': 0.00012778271962343875, 'train_lr_reduce': 0.6}. Best is trial 63 with value: 0.11826672405004501.
[I 2024-12-19 17:42:28,985] Trial 83 finished with value: 0.14415878057479858 and parameters: {'mlp_n_layers': 1, 'mlp_dim_00': 404, 'node_hidden_dim': 37, 'edge_hidden_dim': 37, 'depth': 1, 'rep_dropout': 0.044521642639853615, 'train_learning_rate': 0.008283451658525929, 'train_lr_reduce': 0.6}. Best is trial 63 with value: 0.11826672405004501.
[I 2024-12-19 17:42:41,014] Trial 86 finished with value: 0.15574292838573456 and parameters: {'mlp_n_layers': 1, 'mlp_dim_00': 431, 'node_hidden_dim': 60, 'edge_hidden_dim': 61, 'depth': 1, 'rep_dropout': 0.0330237406174543, 'train_learning_rate': 0.0022331343552594264, 'train_lr_reduce': 0.6}. Best is trial 63 with value: 0.11826672405004501.
[I 2024-12-19 17:43:06,057] Trial 88 finished with value: 0.13007813692092896 and parameters: {'mlp_n_layers': 1, 'mlp_dim_00': 437, 'node_hidden_dim': 45, 'edge_hidden_dim': 37, 'depth': 1, 'rep_dropout': 0.004373745244993565, 'train_learning_rate': 0.0021408410690619928, 'train_lr_reduce': 0.6}. Best is trial 63 with value: 0.11826672405004501.
[I 2024-12-19 17:43:08,786] Trial 89 finished with value: 0.15657514333724976 and parameters: {'mlp_n_layers': 1, 'mlp_dim_00': 493, 'node_hidden_dim': 45, 'edge_hidden_dim': 35, 'depth': 1, 'rep_dropout': 0.0813198356836363, 'train_learning_rate': 0.0032956692369538044, 'train_lr_reduce': 0.6}. Best is trial 63 with value: 0.11826672405004501.
[I 2024-12-19 17:43:19,868] Trial 90 finished with value: 0.1225256696343422 and parameters: {'mlp_n_layers': 1, 'mlp_dim_00': 313, 'node_hidden_dim': 33, 'edge_hidden_dim': 32, 'depth': 1, 'rep_dropout': 0.030774542734358153, 'train_learning_rate': 0.004270740244164117, 'train_lr_reduce': 0.6}. Best is trial 63 with value: 0.11826672405004501.
[I 2024-12-19 17:43:21,051] Trial 91 finished with value: 0.26138171553611755 and parameters: {'mlp_n_layers': 1, 'mlp_dim_00': 416, 'node_hidden_dim': 44, 'edge_hidden_dim': 39, 'depth': 1, 'rep_dropout': 0.04434739564226209, 'train_learning_rate': 0.008428573645306485, 'train_lr_reduce': 0.6}. Best is trial 63 with value: 0.11826672405004501.
[I 2024-12-19 17:43:24,542] Trial 93 finished with value: 1.1419862508773804 and parameters: {'mlp_n_layers': 2, 'mlp_dim_00': 344, 'mlp_dim_01': 345, 'node_hidden_dim': 43, 'edge_hidden_dim': 43, 'depth': 1, 'rep_dropout': 0.0019256528702587868, 'train_learning_rate': 0.0008055870836957537, 'train_lr_reduce': 0.6}. Best is trial 63 with value: 0.11826672405004501.
[I 2024-12-19 17:43:45,372] Trial 95 finished with value: 0.20675401389598846 and parameters: {'mlp_n_layers': 1, 'mlp_dim_00': 339, 'node_hidden_dim': 33, 'edge_hidden_dim': 45, 'depth': 1, 'rep_dropout': 0.02181690236095622, 'train_learning_rate': 0.005542940983880672, 'train_lr_reduce': 0.6}. Best is trial 63 with value: 0.11826672405004501.
[I 2024-12-19 17:43:46,179] Trial 92 finished with value: 0.15411651134490967 and parameters: {'mlp_n_layers': 1, 'mlp_dim_00': 452, 'node_hidden_dim': 36, 'edge_hidden_dim': 39, 'depth': 1, 'rep_dropout': 0.010137293529568775, 'train_learning_rate': 0.0017908202676186252, 'train_lr_reduce': 0.6}. Best is trial 63 with value: 0.11826672405004501.
[I 2024-12-19 17:43:51,832] Trial 97 finished with value: 1.1424462795257568 and parameters: {'mlp_n_layers': 4, 'mlp_dim_00': 320, 'mlp_dim_01': 333, 'mlp_dim_02': 95, 'mlp_dim_03': 392, 'node_hidden_dim': 81, 'edge_hidden_dim': 125, 'depth': 2, 'rep_dropout': 0.135747744353085, 'train_learning_rate': 0.0010689037254105187, 'train_lr_reduce': 0.6}. Best is trial 63 with value: 0.11826672405004501.
[I 2024-12-19 17:43:56,345] Trial 98 finished with value: 1.1422473192214966 and parameters: {'mlp_n_layers': 2, 'mlp_dim_00': 507, 'mlp_dim_01': 206, 'node_hidden_dim': 76, 'edge_hidden_dim': 67, 'depth': 1, 'rep_dropout': 0.003989402696368061, 'train_learning_rate': 0.0006815201737266187, 'train_lr_reduce': 0.6}. Best is trial 63 with value: 0.11826672405004501.
[I 2024-12-19 17:44:00,035] Trial 94 finished with value: 0.20988045632839203 and parameters: {'mlp_n_layers': 1, 'mlp_dim_00': 354, 'node_hidden_dim': 46, 'edge_hidden_dim': 41, 'depth': 1, 'rep_dropout': 0.04471581170689026, 'train_learning_rate': 0.0028502498344261103, 'train_lr_reduce': 0.6}. Best is trial 63 with value: 0.11826672405004501.
[I 2024-12-19 17:44:01,779] Trial 99 finished with value: 1.1433947086334229 and parameters: {'mlp_n_layers': 4, 'mlp_dim_00': 264, 'mlp_dim_01': 343, 'mlp_dim_02': 72, 'mlp_dim_03': 328, 'node_hidden_dim': 33, 'edge_hidden_dim': 89, 'depth': 1, 'rep_dropout': 0.016696443766084913, 'train_learning_rate': 0.0012357968644354195, 'train_lr_reduce': 0.6}. Best is trial 63 with value: 0.11826672405004501.
[I 2024-12-19 17:44:05,598] Trial 100 finished with value: 1.1423535346984863 and parameters: {'mlp_n_layers': 2, 'mlp_dim_00': 466, 'mlp_dim_01': 266, 'node_hidden_dim': 51, 'edge_hidden_dim': 66, 'depth': 2, 'rep_dropout': 0.011299785620654786, 'train_learning_rate': 0.008995301789628977, 'train_lr_reduce': 0.6}. Best is trial 63 with value: 0.11826672405004501.
[I 2024-12-19 17:44:07,843] Trial 101 finished with value: 1.1425246000289917 and parameters: {'mlp_n_layers': 4, 'mlp_dim_00': 106, 'mlp_dim_01': 130, 'mlp_dim_02': 501, 'mlp_dim_03': 410, 'node_hidden_dim': 127, 'edge_hidden_dim': 65, 'depth': 4, 'rep_dropout': 0.11895546247990489, 'train_learning_rate': 0.0006027061940226535, 'train_lr_reduce': 0.6}. Best is trial 63 with value: 0.11826672405004501.
[I 2024-12-19 17:44:19,372] Trial 96 finished with value: 0.16945435106754303 and parameters: {'mlp_n_layers': 1, 'mlp_dim_00': 224, 'node_hidden_dim': 40, 'edge_hidden_dim': 60, 'depth': 1, 'rep_dropout': 0.05961987976144918, 'train_learning_rate': 0.00946512158858358, 'train_lr_reduce': 0.6}. Best is trial 63 with value: 0.11826672405004501.
[I 2024-12-19 17:44:32,762] Trial 102 finished with value: 0.23233051598072052 and parameters: {'mlp_n_layers': 1, 'mlp_dim_00': 465, 'node_hidden_dim': 41, 'edge_hidden_dim': 77, 'depth': 1, 'rep_dropout': 0.08730284486487605, 'train_learning_rate': 0.00905045333266759, 'train_lr_reduce': 0.6}. Best is trial 63 with value: 0.11826672405004501.
[I 2024-12-19 17:44:37,482] Trial 105 finished with value: 1.148346185684204 and parameters: {'mlp_n_layers': 3, 'mlp_dim_00': 475, 'mlp_dim_01': 359, 'mlp_dim_02': 157, 'node_hidden_dim': 54, 'edge_hidden_dim': 42, 'depth': 2, 'rep_dropout': 0.09262475057223404, 'train_learning_rate': 0.002116426948216133, 'train_lr_reduce': 0.6}. Best is trial 63 with value: 0.11826672405004501.
[I 2024-12-19 17:44:39,249] Trial 103 finished with value: 0.16316016018390656 and parameters: {'mlp_n_layers': 1, 'mlp_dim_00': 252, 'node_hidden_dim': 38, 'edge_hidden_dim': 36, 'depth': 1, 'rep_dropout': 0.019063296925768122, 'train_learning_rate': 0.001864523716457282, 'train_lr_reduce': 0.6}. Best is trial 63 with value: 0.11826672405004501.
[I 2024-12-19 17:44:41,510] Trial 104 finished with value: 0.22056908905506134 and parameters: {'mlp_n_layers': 1, 'mlp_dim_00': 408, 'node_hidden_dim': 32, 'edge_hidden_dim': 36, 'depth': 1, 'rep_dropout': 0.04070164735271832, 'train_learning_rate': 0.0045854241404421694, 'train_lr_reduce': 0.6}. Best is trial 63 with value: 0.11826672405004501.
[I 2024-12-19 17:44:44,785] Trial 107 finished with value: 1.1427373886108398 and parameters: {'mlp_n_layers': 3, 'mlp_dim_00': 406, 'mlp_dim_01': 223, 'mlp_dim_02': 199, 'node_hidden_dim': 118, 'edge_hidden_dim': 36, 'depth': 3, 'rep_dropout': 0.13141546410146182, 'train_learning_rate': 0.0010701661557851452, 'train_lr_reduce': 0.6}. Best is trial 63 with value: 0.11826672405004501.
[I 2024-12-19 17:45:06,156] Trial 108 finished with value: 0.3416304290294647 and parameters: {'mlp_n_layers': 4, 'mlp_dim_00': 162, 'mlp_dim_01': 313, 'mlp_dim_02': 450, 'mlp_dim_03': 233, 'node_hidden_dim': 117, 'edge_hidden_dim': 124, 'depth': 1, 'rep_dropout': 0.053802013220359206, 'train_learning_rate': 0.0025071128166347847, 'train_lr_reduce': 0.6}. Best is trial 63 with value: 0.11826672405004501.
[I 2024-12-19 17:45:08,944] Trial 106 finished with value: 0.19320198893547058 and parameters: {'mlp_n_layers': 1, 'mlp_dim_00': 391, 'node_hidden_dim': 47, 'edge_hidden_dim': 32, 'depth': 1, 'rep_dropout': 0.0039253844617426915, 'train_learning_rate': 0.003647328073153026, 'train_lr_reduce': 0.6}. Best is trial 63 with value: 0.11826672405004501.
[I 2024-12-19 17:45:10,446] Trial 110 finished with value: 1.1457723379135132 and parameters: {'mlp_n_layers': 1, 'mlp_dim_00': 395, 'node_hidden_dim': 41, 'edge_hidden_dim': 38, 'depth': 1, 'rep_dropout': 0.020721478490054183, 'train_learning_rate': 0.0007522434679863401, 'train_lr_reduce': 0.6}. Best is trial 63 with value: 0.11826672405004501.
[I 2024-12-19 17:45:19,715] Trial 112 finished with value: 0.9972917437553406 and parameters: {'mlp_n_layers': 2, 'mlp_dim_00': 369, 'mlp_dim_01': 263, 'node_hidden_dim': 99, 'edge_hidden_dim': 98, 'depth': 4, 'rep_dropout': 0.14948219910489838, 'train_learning_rate': 0.007735562592650599, 'train_lr_reduce': 0.6}. Best is trial 63 with value: 0.11826672405004501.
[I 2024-12-19 17:45:20,894] Trial 109 finished with value: 0.12074153125286102 and parameters: {'mlp_n_layers': 2, 'mlp_dim_00': 468, 'mlp_dim_01': 374, 'node_hidden_dim': 52, 'edge_hidden_dim': 53, 'depth': 1, 'rep_dropout': 0.016401152336728744, 'train_learning_rate': 0.009232189224128095, 'train_lr_reduce': 0.6}. Best is trial 63 with value: 0.11826672405004501.
[I 2024-12-19 17:45:24,888] Trial 113 finished with value: 1.145780324935913 and parameters: {'mlp_n_layers': 1, 'mlp_dim_00': 506, 'node_hidden_dim': 33, 'edge_hidden_dim': 35, 'depth': 2, 'rep_dropout': 0.011875973070405665, 'train_learning_rate': 0.004667819533811921, 'train_lr_reduce': 0.6}. Best is trial 63 with value: 0.11826672405004501.
[I 2024-12-19 17:45:27,649] Trial 114 finished with value: 1.142188310623169 and parameters: {'mlp_n_layers': 4, 'mlp_dim_00': 403, 'mlp_dim_01': 364, 'mlp_dim_02': 184, 'mlp_dim_03': 328, 'node_hidden_dim': 69, 'edge_hidden_dim': 48, 'depth': 2, 'rep_dropout': 0.10771295350003546, 'train_learning_rate': 0.0001820799560287829, 'train_lr_reduce': 0.6}. Best is trial 63 with value: 0.11826672405004501.
[I 2024-12-19 17:45:52,104] Trial 111 finished with value: 0.13539206981658936 and parameters: {'mlp_n_layers': 1, 'mlp_dim_00': 439, 'node_hidden_dim': 35, 'edge_hidden_dim': 52, 'depth': 1, 'rep_dropout': 0.010302076731087259, 'train_learning_rate': 0.0021298822152754915, 'train_lr_reduce': 0.6}. Best is trial 63 with value: 0.11826672405004501.
[I 2024-12-19 17:45:55,103] Trial 116 finished with value: 0.17578765749931335 and parameters: {'mlp_n_layers': 2, 'mlp_dim_00': 492, 'mlp_dim_01': 377, 'node_hidden_dim': 53, 'edge_hidden_dim': 39, 'depth': 1, 'rep_dropout': 0.013999357586305005, 'train_learning_rate': 0.008207958200051848, 'train_lr_reduce': 0.6}. Best is trial 63 with value: 0.11826672405004501.
[I 2024-12-19 17:46:05,508] Trial 115 finished with value: 0.16076894104480743 and parameters: {'mlp_n_layers': 2, 'mlp_dim_00': 485, 'mlp_dim_01': 381, 'node_hidden_dim': 38, 'edge_hidden_dim': 45, 'depth': 1, 'rep_dropout': 0.06641640245699372, 'train_learning_rate': 0.007249215070083826, 'train_lr_reduce': 0.6}. Best is trial 63 with value: 0.11826672405004501.
