[I 2024-12-15 16:09:56,920] Trial 1048 finished with value: 0.18987031280994415 and parameters: {'mlp_n_layers': 3, 'mlp_dim_00': 176, 'mlp_dim_01': 128, 'mlp_dim_02': 144, 'hidden_channels': 192, 'num_layers': 1, 'num_timesteps': 4, 'dropout': 0.010106263542859789, 'train_learning_rate': 0.0015511541281613068, 'train_lr_reduce': 0.6}. Best is trial 632 with value: 0.13978464901447296.
[I 2024-12-15 16:10:02,718] Trial 1049 finished with value: 0.1731969267129898 and parameters: {'mlp_n_layers': 4, 'mlp_dim_00': 192, 'mlp_dim_01': 240, 'mlp_dim_02': 176, 'mlp_dim_03': 48, 'hidden_channels': 176, 'num_layers': 1, 'num_timesteps': 4, 'dropout': 0.1379408648269272, 'train_learning_rate': 0.003437113574363137, 'train_lr_reduce': 0.6}. Best is trial 632 with value: 0.13978464901447296.
[I 2024-12-15 16:10:02,960] Trial 1051 finished with value: 0.160180002450943 and parameters: {'mlp_n_layers': 3, 'mlp_dim_00': 240, 'mlp_dim_01': 192, 'mlp_dim_02': 160, 'hidden_channels': 240, 'num_layers': 1, 'num_timesteps': 4, 'dropout': 0.028810946482575366, 'train_learning_rate': 0.0021208001398093446, 'train_lr_reduce': 0.6}. Best is trial 632 with value: 0.13978464901447296.
[I 2024-12-15 16:10:06,020] Trial 1052 finished with value: 0.20982031524181366 and parameters: {'mlp_n_layers': 4, 'mlp_dim_00': 192, 'mlp_dim_01': 192, 'mlp_dim_02': 176, 'mlp_dim_03': 96, 'hidden_channels': 240, 'num_layers': 1, 'num_timesteps': 4, 'dropout': 0.0025144985167184332, 'train_learning_rate': 0.003754457170611128, 'train_lr_reduce': 0.6}. Best is trial 632 with value: 0.13978464901447296.
[I 2024-12-15 16:10:06,706] Trial 1054 finished with value: 0.837815523147583 and parameters: {'mlp_n_layers': 2, 'mlp_dim_00': 192, 'mlp_dim_01': 160, 'hidden_channels': 240, 'num_layers': 1, 'num_timesteps': 4, 'dropout': 0.030384497061637445, 'train_learning_rate': 0.006216391145445679, 'train_lr_reduce': 0.6}. Best is trial 632 with value: 0.13978464901447296.
[I 2024-12-15 16:10:12,420] Trial 1053 finished with value: 0.18072278797626495 and parameters: {'mlp_n_layers': 3, 'mlp_dim_00': 224, 'mlp_dim_01': 208, 'mlp_dim_02': 128, 'hidden_channels': 192, 'num_layers': 1, 'num_timesteps': 4, 'dropout': 0.10877742285259148, 'train_learning_rate': 0.0007642117874493579, 'train_lr_reduce': 0.6}. Best is trial 632 with value: 0.13978464901447296.
[I 2024-12-15 16:10:14,992] Trial 1056 finished with value: 0.1691589206457138 and parameters: {'mlp_n_layers': 3, 'mlp_dim_00': 176, 'mlp_dim_01': 144, 'mlp_dim_02': 144, 'hidden_channels': 256, 'num_layers': 2, 'num_timesteps': 4, 'dropout': 0.07401747539810323, 'train_learning_rate': 0.009125729727767175, 'train_lr_reduce': 0.6}. Best is trial 632 with value: 0.13978464901447296.
[I 2024-12-15 16:10:17,126] Trial 1055 finished with value: 0.19905205070972443 and parameters: {'mlp_n_layers': 3, 'mlp_dim_00': 192, 'mlp_dim_01': 144, 'mlp_dim_02': 176, 'hidden_channels': 208, 'num_layers': 1, 'num_timesteps': 4, 'dropout': 0.003266912308854463, 'train_learning_rate': 0.007294169344173304, 'train_lr_reduce': 0.6}. Best is trial 632 with value: 0.13978464901447296.
[I 2024-12-15 16:10:24,008] Trial 1058 finished with value: 0.16993005573749542 and parameters: {'mlp_n_layers': 3, 'mlp_dim_00': 256, 'mlp_dim_01': 96, 'mlp_dim_02': 176, 'hidden_channels': 240, 'num_layers': 1, 'num_timesteps': 4, 'dropout': 0.055909330487359056, 'train_learning_rate': 0.0013368643995510642, 'train_lr_reduce': 0.6}. Best is trial 632 with value: 0.13978464901447296.
[I 2024-12-15 16:10:25,656] Trial 1057 finished with value: 0.15980002284049988 and parameters: {'mlp_n_layers': 3, 'mlp_dim_00': 256, 'mlp_dim_01': 224, 'mlp_dim_02': 160, 'hidden_channels': 240, 'num_layers': 1, 'num_timesteps': 4, 'dropout': 0.08043339836850844, 'train_learning_rate': 0.0015695864589594123, 'train_lr_reduce': 0.6}. Best is trial 632 with value: 0.13978464901447296.
[I 2024-12-15 16:10:31,960] Trial 1060 finished with value: 0.1702982783317566 and parameters: {'mlp_n_layers': 3, 'mlp_dim_00': 160, 'mlp_dim_01': 176, 'mlp_dim_02': 160, 'hidden_channels': 192, 'num_layers': 1, 'num_timesteps': 1, 'dropout': 0.03260734698207397, 'train_learning_rate': 0.0033922800552261723, 'train_lr_reduce': 0.6}. Best is trial 632 with value: 0.13978464901447296.
[I 2024-12-15 16:10:35,759] Trial 1059 finished with value: 0.3466206192970276 and parameters: {'mlp_n_layers': 3, 'mlp_dim_00': 224, 'mlp_dim_01': 144, 'mlp_dim_02': 128, 'hidden_channels': 48, 'num_layers': 4, 'num_timesteps': 2, 'dropout': 0.043242475481466244, 'train_learning_rate': 0.00014375764677076927, 'train_lr_reduce': 0.6}. Best is trial 632 with value: 0.13978464901447296.
[I 2024-12-15 16:10:37,342] Trial 1061 finished with value: 0.2537517249584198 and parameters: {'mlp_n_layers': 4, 'mlp_dim_00': 128, 'mlp_dim_01': 224, 'mlp_dim_02': 176, 'mlp_dim_03': 96, 'hidden_channels': 32, 'num_layers': 4, 'num_timesteps': 2, 'dropout': 0.22360082686613814, 'train_learning_rate': 0.0013333941480888408, 'train_lr_reduce': 0.6}. Best is trial 632 with value: 0.13978464901447296.
[I 2024-12-15 16:10:40,055] Trial 1062 finished with value: 0.19468198716640472 and parameters: {'mlp_n_layers': 4, 'mlp_dim_00': 80, 'mlp_dim_01': 96, 'mlp_dim_02': 144, 'mlp_dim_03': 64, 'hidden_channels': 192, 'num_layers': 1, 'num_timesteps': 2, 'dropout': 0.07067819259899549, 'train_learning_rate': 0.002686782492992153, 'train_lr_reduce': 0.6}. Best is trial 632 with value: 0.13978464901447296.
[I 2024-12-15 16:10:42,917] Trial 1063 finished with value: 0.19978779554367065 and parameters: {'mlp_n_layers': 3, 'mlp_dim_00': 224, 'mlp_dim_01': 208, 'mlp_dim_02': 192, 'hidden_channels': 224, 'num_layers': 1, 'num_timesteps': 4, 'dropout': 0.020878586494496552, 'train_learning_rate': 0.0012706910859091832, 'train_lr_reduce': 0.6}. Best is trial 632 with value: 0.13978464901447296.
[I 2024-12-15 16:10:46,323] Trial 1064 finished with value: 0.20944592356681824 and parameters: {'mlp_n_layers': 4, 'mlp_dim_00': 224, 'mlp_dim_01': 240, 'mlp_dim_02': 128, 'mlp_dim_03': 48, 'hidden_channels': 240, 'num_layers': 1, 'num_timesteps': 3, 'dropout': 0.014093573103211049, 'train_learning_rate': 0.0035655797612963815, 'train_lr_reduce': 0.6}. Best is trial 632 with value: 0.13978464901447296.
[I 2024-12-15 16:10:46,785] Trial 1066 finished with value: 0.9422672390937805 and parameters: {'mlp_n_layers': 4, 'mlp_dim_00': 48, 'mlp_dim_01': 144, 'mlp_dim_02': 176, 'mlp_dim_03': 96, 'hidden_channels': 32, 'num_layers': 4, 'num_timesteps': 4, 'dropout': 0.26756870094253626, 'train_learning_rate': 0.00761876517068616, 'train_lr_reduce': 0.6}. Best is trial 632 with value: 0.13978464901447296.
[I 2024-12-15 16:10:48,117] Trial 1065 finished with value: 0.20121364295482635 and parameters: {'mlp_n_layers': 4, 'mlp_dim_00': 240, 'mlp_dim_01': 208, 'mlp_dim_02': 160, 'mlp_dim_03': 144, 'hidden_channels': 256, 'num_layers': 2, 'num_timesteps': 3, 'dropout': 0.10010508713606361, 'train_learning_rate': 0.0033523782605867393, 'train_lr_reduce': 0.6}. Best is trial 632 with value: 0.13978464901447296.
[I 2024-12-15 16:10:49,930] Trial 1067 finished with value: 0.7992886900901794 and parameters: {'mlp_n_layers': 4, 'mlp_dim_00': 144, 'mlp_dim_01': 144, 'mlp_dim_02': 144, 'mlp_dim_03': 80, 'hidden_channels': 256, 'num_layers': 1, 'num_timesteps': 4, 'dropout': 0.04441906925570249, 'train_learning_rate': 0.005628325266281295, 'train_lr_reduce': 0.6}. Best is trial 632 with value: 0.13978464901447296.
[I 2024-12-15 16:10:55,773] Trial 1068 finished with value: 0.23472364246845245 and parameters: {'mlp_n_layers': 2, 'mlp_dim_00': 240, 'mlp_dim_01': 32, 'hidden_channels': 144, 'num_layers': 4, 'num_timesteps': 4, 'dropout': 0.08001888477888948, 'train_learning_rate': 0.0020245432454884887, 'train_lr_reduce': 0.6}. Best is trial 632 with value: 0.13978464901447296.
[I 2024-12-15 16:11:00,376] Trial 1069 finished with value: 0.15122422575950623 and parameters: {'mlp_n_layers': 3, 'mlp_dim_00': 192, 'mlp_dim_01': 256, 'mlp_dim_02': 192, 'hidden_channels': 192, 'num_layers': 1, 'num_timesteps': 4, 'dropout': 0.025836193416377926, 'train_learning_rate': 0.002176397847928213, 'train_lr_reduce': 0.6}. Best is trial 632 with value: 0.13978464901447296.
[I 2024-12-15 16:11:02,532] Trial 1070 finished with value: 0.181235671043396 and parameters: {'mlp_n_layers': 4, 'mlp_dim_00': 224, 'mlp_dim_01': 224, 'mlp_dim_02': 160, 'mlp_dim_03': 176, 'hidden_channels': 208, 'num_layers': 1, 'num_timesteps': 2, 'dropout': 0.006217186064057901, 'train_learning_rate': 0.003070831684539551, 'train_lr_reduce': 0.6}. Best is trial 632 with value: 0.13978464901447296.
[I 2024-12-15 16:11:07,044] Trial 1071 finished with value: 0.21340377628803253 and parameters: {'mlp_n_layers': 3, 'mlp_dim_00': 256, 'mlp_dim_01': 176, 'mlp_dim_02': 128, 'hidden_channels': 208, 'num_layers': 2, 'num_timesteps': 4, 'dropout': 0.013132321064009547, 'train_learning_rate': 0.002931349140151211, 'train_lr_reduce': 0.6}. Best is trial 632 with value: 0.13978464901447296.
[I 2024-12-15 16:11:13,890] Trial 1073 finished with value: 0.25077059864997864 and parameters: {'mlp_n_layers': 4, 'mlp_dim_00': 256, 'mlp_dim_01': 208, 'mlp_dim_02': 176, 'mlp_dim_03': 144, 'hidden_channels': 208, 'num_layers': 4, 'num_timesteps': 3, 'dropout': 0.13970673011747123, 'train_learning_rate': 0.006760327819602233, 'train_lr_reduce': 0.6}. Best is trial 632 with value: 0.13978464901447296.
[I 2024-12-15 16:11:15,140] Trial 1072 finished with value: 0.19444629549980164 and parameters: {'mlp_n_layers': 3, 'mlp_dim_00': 160, 'mlp_dim_01': 256, 'mlp_dim_02': 176, 'hidden_channels': 224, 'num_layers': 1, 'num_timesteps': 4, 'dropout': 0.0025956389049155253, 'train_learning_rate': 0.006200467442077973, 'train_lr_reduce': 0.6}. Best is trial 632 with value: 0.13978464901447296.
[I 2024-12-15 16:11:16,273] Trial 1074 finished with value: 0.20588473975658417 and parameters: {'mlp_n_layers': 3, 'mlp_dim_00': 240, 'mlp_dim_01': 208, 'mlp_dim_02': 192, 'hidden_channels': 176, 'num_layers': 1, 'num_timesteps': 4, 'dropout': 0.09456352651187722, 'train_learning_rate': 0.002800983120184334, 'train_lr_reduce': 0.6}. Best is trial 632 with value: 0.13978464901447296.
[I 2024-12-15 16:11:23,864] Trial 1076 finished with value: 0.18935374915599823 and parameters: {'mlp_n_layers': 3, 'mlp_dim_00': 208, 'mlp_dim_01': 224, 'mlp_dim_02': 176, 'hidden_channels': 176, 'num_layers': 1, 'num_timesteps': 4, 'dropout': 0.019667497069028542, 'train_learning_rate': 0.002445294570337227, 'train_lr_reduce': 0.6}. Best is trial 632 with value: 0.13978464901447296.
[I 2024-12-15 16:11:24,094] Trial 1075 finished with value: 0.20636309683322906 and parameters: {'mlp_n_layers': 3, 'mlp_dim_00': 176, 'mlp_dim_01': 192, 'mlp_dim_02': 160, 'hidden_channels': 192, 'num_layers': 1, 'num_timesteps': 2, 'dropout': 0.00737262782287865, 'train_learning_rate': 0.0045101122747480855, 'train_lr_reduce': 0.6}. Best is trial 632 with value: 0.13978464901447296.
[I 2024-12-15 16:11:26,978] Trial 1077 finished with value: 0.17567120492458344 and parameters: {'mlp_n_layers': 3, 'mlp_dim_00': 208, 'mlp_dim_01': 240, 'mlp_dim_02': 144, 'hidden_channels': 176, 'num_layers': 1, 'num_timesteps': 4, 'dropout': 0.052900441376131015, 'train_learning_rate': 0.0022849411589282503, 'train_lr_reduce': 0.6}. Best is trial 632 with value: 0.13978464901447296.
[I 2024-12-15 16:11:27,589] Trial 1078 finished with value: 0.8188576102256775 and parameters: {'mlp_n_layers': 4, 'mlp_dim_00': 48, 'mlp_dim_01': 128, 'mlp_dim_02': 192, 'mlp_dim_03': 144, 'hidden_channels': 80, 'num_layers': 2, 'num_timesteps': 2, 'dropout': 0.08819150586839966, 'train_learning_rate': 0.005057984690863763, 'train_lr_reduce': 0.6}. Best is trial 632 with value: 0.13978464901447296.
[I 2024-12-15 16:11:31,386] Trial 1080 finished with value: 0.6496793031692505 and parameters: {'mlp_n_layers': 4, 'mlp_dim_00': 256, 'mlp_dim_01': 112, 'mlp_dim_02': 176, 'mlp_dim_03': 128, 'hidden_channels': 176, 'num_layers': 1, 'num_timesteps': 1, 'dropout': 0.27070747763482644, 'train_learning_rate': 0.0028306318691597183, 'train_lr_reduce': 0.6}. Best is trial 632 with value: 0.13978464901447296.
[I 2024-12-15 16:11:34,328] Trial 1079 finished with value: 0.20623013377189636 and parameters: {'mlp_n_layers': 4, 'mlp_dim_00': 208, 'mlp_dim_01': 208, 'mlp_dim_02': 160, 'mlp_dim_03': 128, 'hidden_channels': 256, 'num_layers': 1, 'num_timesteps': 3, 'dropout': 0.035600641477794764, 'train_learning_rate': 0.0028433405755664714, 'train_lr_reduce': 0.6}. Best is trial 632 with value: 0.13978464901447296.
[I 2024-12-15 16:11:35,453] Trial 1081 finished with value: 0.22889195382595062 and parameters: {'mlp_n_layers': 3, 'mlp_dim_00': 112, 'mlp_dim_01': 224, 'mlp_dim_02': 144, 'hidden_channels': 64, 'num_layers': 1, 'num_timesteps': 1, 'dropout': 0.187959499698923, 'train_learning_rate': 0.003645725896833629, 'train_lr_reduce': 0.6}. Best is trial 632 with value: 0.13978464901447296.
[I 2024-12-15 16:11:38,208] Trial 1082 finished with value: 0.21225877106189728 and parameters: {'mlp_n_layers': 4, 'mlp_dim_00': 256, 'mlp_dim_01': 224, 'mlp_dim_02': 192, 'mlp_dim_03': 160, 'hidden_channels': 240, 'num_layers': 1, 'num_timesteps': 3, 'dropout': 0.044896229068413396, 'train_learning_rate': 0.0012019586044488407, 'train_lr_reduce': 0.6}. Best is trial 632 with value: 0.13978464901447296.
[I 2024-12-15 16:11:45,250] Trial 1084 finished with value: 0.278157114982605 and parameters: {'mlp_n_layers': 2, 'mlp_dim_00': 96, 'mlp_dim_01': 256, 'hidden_channels': 80, 'num_layers': 4, 'num_timesteps': 4, 'dropout': 0.2996862558705943, 'train_learning_rate': 0.0020819424786469426, 'train_lr_reduce': 0.6}. Best is trial 632 with value: 0.13978464901447296.
[I 2024-12-15 16:11:47,547] Trial 1083 finished with value: 0.1801401525735855 and parameters: {'mlp_n_layers': 3, 'mlp_dim_00': 144, 'mlp_dim_01': 256, 'mlp_dim_02': 160, 'hidden_channels': 176, 'num_layers': 1, 'num_timesteps': 4, 'dropout': 0.004088921668696319, 'train_learning_rate': 0.0013219774156582522, 'train_lr_reduce': 0.6}. Best is trial 632 with value: 0.13978464901447296.
[I 2024-12-15 16:11:51,116] Trial 1086 finished with value: 0.22367528080940247 and parameters: {'mlp_n_layers': 4, 'mlp_dim_00': 192, 'mlp_dim_01': 144, 'mlp_dim_02': 128, 'mlp_dim_03': 48, 'hidden_channels': 208, 'num_layers': 1, 'num_timesteps': 4, 'dropout': 0.04108014862716403, 'train_learning_rate': 0.007288408822708967, 'train_lr_reduce': 0.6}. Best is trial 632 with value: 0.13978464901447296.
[I 2024-12-15 16:11:51,874] Trial 1085 finished with value: 0.21258343756198883 and parameters: {'mlp_n_layers': 3, 'mlp_dim_00': 80, 'mlp_dim_01': 160, 'mlp_dim_02': 144, 'hidden_channels': 32, 'num_layers': 1, 'num_timesteps': 4, 'dropout': 0.26822929784654653, 'train_learning_rate': 0.0016142340749527768, 'train_lr_reduce': 0.6}. Best is trial 632 with value: 0.13978464901447296.
[I 2024-12-15 16:11:54,384] Trial 1087 finished with value: 0.2237444967031479 and parameters: {'mlp_n_layers': 4, 'mlp_dim_00': 240, 'mlp_dim_01': 160, 'mlp_dim_02': 176, 'mlp_dim_03': 48, 'hidden_channels': 192, 'num_layers': 2, 'num_timesteps': 4, 'dropout': 0.14228759550566433, 'train_learning_rate': 0.0024653688546809327, 'train_lr_reduce': 0.6}. Best is trial 632 with value: 0.13978464901447296.
[I 2024-12-15 16:11:59,867] Trial 1090 finished with value: 0.239858940243721 and parameters: {'mlp_n_layers': 3, 'mlp_dim_00': 176, 'mlp_dim_01': 256, 'mlp_dim_02': 128, 'hidden_channels': 240, 'num_layers': 1, 'num_timesteps': 4, 'dropout': 0.02729120557264393, 'train_learning_rate': 0.0026527220320890455, 'train_lr_reduce': 0.6}. Best is trial 632 with value: 0.13978464901447296.
[I 2024-12-15 16:12:00,082] Trial 1088 finished with value: 0.20335915684700012 and parameters: {'mlp_n_layers': 3, 'mlp_dim_00': 192, 'mlp_dim_01': 256, 'mlp_dim_02': 192, 'hidden_channels': 192, 'num_layers': 2, 'num_timesteps': 3, 'dropout': 0.0055855145212081805, 'train_learning_rate': 0.0012848360979641623, 'train_lr_reduce': 0.6}. Best is trial 632 with value: 0.13978464901447296.
[I 2024-12-15 16:12:01,150] Trial 1089 finished with value: 0.23438270390033722 and parameters: {'mlp_n_layers': 4, 'mlp_dim_00': 208, 'mlp_dim_01': 96, 'mlp_dim_02': 160, 'mlp_dim_03': 128, 'hidden_channels': 128, 'num_layers': 4, 'num_timesteps': 3, 'dropout': 0.07774832431258853, 'train_learning_rate': 0.0027124138970598833, 'train_lr_reduce': 0.6}. Best is trial 632 with value: 0.13978464901447296.
[I 2024-12-15 16:12:08,103] Trial 1093 finished with value: 0.1873670220375061 and parameters: {'mlp_n_layers': 4, 'mlp_dim_00': 48, 'mlp_dim_01': 112, 'mlp_dim_02': 112, 'mlp_dim_03': 112, 'hidden_channels': 224, 'num_layers': 1, 'num_timesteps': 2, 'dropout': 0.020574401493386192, 'train_learning_rate': 0.008318394389056134, 'train_lr_reduce': 0.6}. Best is trial 632 with value: 0.13978464901447296.
[I 2024-12-15 16:12:08,348] Trial 1092 finished with value: 0.1752564013004303 and parameters: {'mlp_n_layers': 4, 'mlp_dim_00': 176, 'mlp_dim_01': 224, 'mlp_dim_02': 192, 'mlp_dim_03': 176, 'hidden_channels': 240, 'num_layers': 1, 'num_timesteps': 2, 'dropout': 0.00038899462843067917, 'train_learning_rate': 0.001262345851862777, 'train_lr_reduce': 0.6}. Best is trial 632 with value: 0.13978464901447296.
[I 2024-12-15 16:12:14,928] Trial 1091 finished with value: 0.1652505099773407 and parameters: {'mlp_n_layers': 3, 'mlp_dim_00': 240, 'mlp_dim_01': 144, 'mlp_dim_02': 160, 'hidden_channels': 256, 'num_layers': 1, 'num_timesteps': 4, 'dropout': 0.1194254531586275, 'train_learning_rate': 0.001686634324615669, 'train_lr_reduce': 0.6}. Best is trial 632 with value: 0.13978464901447296.
[I 2024-12-15 16:12:20,714] Trial 1095 finished with value: 0.1799972802400589 and parameters: {'mlp_n_layers': 3, 'mlp_dim_00': 160, 'mlp_dim_01': 144, 'mlp_dim_02': 176, 'hidden_channels': 240, 'num_layers': 1, 'num_timesteps': 1, 'dropout': 0.037158534419430456, 'train_learning_rate': 0.0016295963969866535, 'train_lr_reduce': 0.6}. Best is trial 632 with value: 0.13978464901447296.
[I 2024-12-15 16:12:20,749] Trial 1094 finished with value: 0.1794716715812683 and parameters: {'mlp_n_layers': 2, 'mlp_dim_00': 256, 'mlp_dim_01': 208, 'hidden_channels': 256, 'num_layers': 1, 'num_timesteps': 4, 'dropout': 0.025276331947305337, 'train_learning_rate': 0.0011819462152816988, 'train_lr_reduce': 0.6}. Best is trial 632 with value: 0.13978464901447296.
[I 2024-12-15 16:12:29,061] Trial 1098 finished with value: 0.2078840285539627 and parameters: {'mlp_n_layers': 2, 'mlp_dim_00': 240, 'mlp_dim_01': 176, 'hidden_channels': 240, 'num_layers': 2, 'num_timesteps': 3, 'dropout': 0.10833812685576277, 'train_learning_rate': 0.007651408903447546, 'train_lr_reduce': 0.6}. Best is trial 632 with value: 0.13978464901447296.
[I 2024-12-15 16:12:31,029] Trial 1096 finished with value: 0.17374734580516815 and parameters: {'mlp_n_layers': 3, 'mlp_dim_00': 192, 'mlp_dim_01': 160, 'mlp_dim_02': 144, 'hidden_channels': 208, 'num_layers': 1, 'num_timesteps': 4, 'dropout': 0.014360387851386412, 'train_learning_rate': 0.002192330420109238, 'train_lr_reduce': 0.6}. Best is trial 632 with value: 0.13978464901447296.
[I 2024-12-15 16:12:37,078] Trial 1097 finished with value: 0.24194741249084473 and parameters: {'mlp_n_layers': 3, 'mlp_dim_00': 160, 'mlp_dim_01': 208, 'mlp_dim_02': 160, 'hidden_channels': 176, 'num_layers': 1, 'num_timesteps': 4, 'dropout': 0.06376216684753927, 'train_learning_rate': 0.008677968445915004, 'train_lr_reduce': 0.6}. Best is trial 632 with value: 0.13978464901447296.
[I 2024-12-15 16:12:37,213] Trial 1100 finished with value: 0.21482856571674347 and parameters: {'mlp_n_layers': 3, 'mlp_dim_00': 160, 'mlp_dim_01': 144, 'mlp_dim_02': 160, 'hidden_channels': 208, 'num_layers': 1, 'num_timesteps': 4, 'dropout': 0.031129422312174852, 'train_learning_rate': 0.004999709294599443, 'train_lr_reduce': 0.6}. Best is trial 632 with value: 0.13978464901447296.
[I 2024-12-15 16:12:37,390] Trial 1099 finished with value: 0.23015673458576202 and parameters: {'mlp_n_layers': 3, 'mlp_dim_00': 240, 'mlp_dim_01': 160, 'mlp_dim_02': 192, 'hidden_channels': 208, 'num_layers': 1, 'num_timesteps': 4, 'dropout': 0.004274265434502517, 'train_learning_rate': 0.00264489554770836, 'train_lr_reduce': 0.6}. Best is trial 632 with value: 0.13978464901447296.
[I 2024-12-15 16:12:49,697] Trial 1102 finished with value: 0.1684422791004181 and parameters: {'mlp_n_layers': 4, 'mlp_dim_00': 112, 'mlp_dim_01': 112, 'mlp_dim_02': 192, 'mlp_dim_03': 112, 'hidden_channels': 256, 'num_layers': 1, 'num_timesteps': 4, 'dropout': 0.0621323499682187, 'train_learning_rate': 0.002099049006258046, 'train_lr_reduce': 0.6}. Best is trial 632 with value: 0.13978464901447296.
[I 2024-12-15 16:12:50,213] Trial 1101 finished with value: 0.18013997375965118 and parameters: {'mlp_n_layers': 4, 'mlp_dim_00': 80, 'mlp_dim_01': 80, 'mlp_dim_02': 128, 'mlp_dim_03': 48, 'hidden_channels': 256, 'num_layers': 1, 'num_timesteps': 4, 'dropout': 0.0646152642353777, 'train_learning_rate': 0.0030300950222134767, 'train_lr_reduce': 0.6}. Best is trial 632 with value: 0.13978464901447296.
[I 2024-12-15 16:13:07,390] Trial 1104 finished with value: 0.1880742311477661 and parameters: {'mlp_n_layers': 3, 'mlp_dim_00': 208, 'mlp_dim_01': 192, 'mlp_dim_02': 144, 'hidden_channels': 256, 'num_layers': 2, 'num_timesteps': 4, 'dropout': 0.04105107804314972, 'train_learning_rate': 0.0028402597941464105, 'train_lr_reduce': 0.6}. Best is trial 632 with value: 0.13978464901447296.
[I 2024-12-15 16:13:07,394] Trial 1103 finished with value: 0.22570963203907013 and parameters: {'mlp_n_layers': 4, 'mlp_dim_00': 96, 'mlp_dim_01': 48, 'mlp_dim_02': 176, 'mlp_dim_03': 144, 'hidden_channels': 48, 'num_layers': 4, 'num_timesteps': 1, 'dropout': 0.09280978820141755, 'train_learning_rate': 0.00028307416569848674, 'train_lr_reduce': 0.6}. Best is trial 632 with value: 0.13978464901447296.
