[I 2024-12-19 08:36:00,594] Trial 1732 finished with value: 0.5526548027992249 and parameters: {'mlp_n_layers': 2, 'mlp_dim_00': 412, 'mlp_dim_01': 67, 'node_hidden_dim': 128, 'edge_hidden_dim': 38, 'depth': 2, 'rep_dropout': 0.015607532413660861, 'train_learning_rate': 0.007751119507117585, 'train_lr_reduce': 0.6}. Best is trial 1483 with value: 0.2768918573856354.
[I 2024-12-19 08:36:03,867] Trial 1733 finished with value: 0.46159860491752625 and parameters: {'mlp_n_layers': 2, 'mlp_dim_00': 267, 'mlp_dim_01': 90, 'node_hidden_dim': 128, 'edge_hidden_dim': 41, 'depth': 2, 'rep_dropout': 0.06438988396549923, 'train_learning_rate': 0.006537638013667334, 'train_lr_reduce': 0.6}. Best is trial 1483 with value: 0.2768918573856354.
[I 2024-12-19 08:36:05,000] Trial 1736 finished with value: 1.3882097005844116 and parameters: {'mlp_n_layers': 2, 'mlp_dim_00': 177, 'mlp_dim_01': 289, 'node_hidden_dim': 113, 'edge_hidden_dim': 85, 'depth': 2, 'rep_dropout': 0.09441293539217027, 'train_learning_rate': 0.0035080480921012226, 'train_lr_reduce': 0.6}. Best is trial 1483 with value: 0.2768918573856354.
[I 2024-12-19 08:36:05,324] Trial 1735 finished with value: 1.2712289094924927 and parameters: {'mlp_n_layers': 2, 'mlp_dim_00': 297, 'mlp_dim_01': 117, 'node_hidden_dim': 127, 'edge_hidden_dim': 64, 'depth': 2, 'rep_dropout': 0.014233461905977917, 'train_learning_rate': 0.00859092637897262, 'train_lr_reduce': 0.6}. Best is trial 1483 with value: 0.2768918573856354.
[I 2024-12-19 08:36:09,477] Trial 1737 finished with value: 1.5684566497802734 and parameters: {'mlp_n_layers': 4, 'mlp_dim_00': 76, 'mlp_dim_01': 401, 'mlp_dim_02': 511, 'mlp_dim_03': 364, 'node_hidden_dim': 52, 'edge_hidden_dim': 77, 'depth': 4, 'rep_dropout': 0.1535231960911332, 'train_learning_rate': 0.0005386431851394908, 'train_lr_reduce': 0.6}. Best is trial 1483 with value: 0.2768918573856354.
[I 2024-12-19 08:36:09,945] Trial 1738 finished with value: 1.2843732833862305 and parameters: {'mlp_n_layers': 4, 'mlp_dim_00': 448, 'mlp_dim_01': 493, 'mlp_dim_02': 397, 'mlp_dim_03': 403, 'node_hidden_dim': 96, 'edge_hidden_dim': 112, 'depth': 2, 'rep_dropout': 0.07975106119229039, 'train_learning_rate': 0.006211746043216738, 'train_lr_reduce': 0.6}. Best is trial 1483 with value: 0.2768918573856354.
[I 2024-12-19 08:36:09,981] Trial 1739 finished with value: 1.2973467111587524 and parameters: {'mlp_n_layers': 4, 'mlp_dim_00': 416, 'mlp_dim_01': 170, 'mlp_dim_02': 398, 'mlp_dim_03': 512, 'node_hidden_dim': 77, 'edge_hidden_dim': 128, 'depth': 3, 'rep_dropout': 0.009839702232219971, 'train_learning_rate': 0.0037305319452662924, 'train_lr_reduce': 0.6}. Best is trial 1483 with value: 0.2768918573856354.
[I 2024-12-19 08:36:15,440] Trial 1740 finished with value: 1.5565003156661987 and parameters: {'mlp_n_layers': 4, 'mlp_dim_00': 438, 'mlp_dim_01': 73, 'mlp_dim_02': 510, 'mlp_dim_03': 67, 'node_hidden_dim': 62, 'edge_hidden_dim': 84, 'depth': 4, 'rep_dropout': 0.0031900365393275343, 'train_learning_rate': 0.0002731005259497279, 'train_lr_reduce': 0.6}. Best is trial 1483 with value: 0.2768918573856354.
[I 2024-12-19 08:36:15,517] Trial 1741 finished with value: 1.4547529220581055 and parameters: {'mlp_n_layers': 2, 'mlp_dim_00': 461, 'mlp_dim_01': 419, 'node_hidden_dim': 95, 'edge_hidden_dim': 121, 'depth': 2, 'rep_dropout': 0.03752523219278383, 'train_learning_rate': 0.004965274882256109, 'train_lr_reduce': 0.6}. Best is trial 1483 with value: 0.2768918573856354.
[I 2024-12-19 08:36:16,122] Trial 1742 finished with value: 1.5754085779190063 and parameters: {'mlp_n_layers': 3, 'mlp_dim_00': 454, 'mlp_dim_01': 159, 'mlp_dim_02': 462, 'node_hidden_dim': 79, 'edge_hidden_dim': 111, 'depth': 2, 'rep_dropout': 0.14051354120516016, 'train_learning_rate': 0.00010943736807779173, 'train_lr_reduce': 0.6}. Best is trial 1483 with value: 0.2768918573856354.
[I 2024-12-19 08:36:20,551] Trial 1744 finished with value: 1.4779585599899292 and parameters: {'mlp_n_layers': 2, 'mlp_dim_00': 241, 'mlp_dim_01': 70, 'node_hidden_dim': 100, 'edge_hidden_dim': 36, 'depth': 3, 'rep_dropout': 0.08369116289545617, 'train_learning_rate': 0.008502830015393576, 'train_lr_reduce': 0.6}. Best is trial 1483 with value: 0.2768918573856354.
[I 2024-12-19 08:36:20,624] Trial 1743 finished with value: 1.4264315366744995 and parameters: {'mlp_n_layers': 2, 'mlp_dim_00': 124, 'mlp_dim_01': 327, 'node_hidden_dim': 86, 'edge_hidden_dim': 86, 'depth': 2, 'rep_dropout': 0.14044952767004779, 'train_learning_rate': 0.008313266038839091, 'train_lr_reduce': 0.6}. Best is trial 1483 with value: 0.2768918573856354.
[I 2024-12-19 08:36:21,235] Trial 1745 finished with value: 1.2858833074569702 and parameters: {'mlp_n_layers': 2, 'mlp_dim_00': 192, 'mlp_dim_01': 306, 'node_hidden_dim': 116, 'edge_hidden_dim': 80, 'depth': 3, 'rep_dropout': 0.20479698751284042, 'train_learning_rate': 0.0076382734382376095, 'train_lr_reduce': 0.6}. Best is trial 1483 with value: 0.2768918573856354.
[I 2024-12-19 08:36:25,073] Trial 1746 finished with value: 1.3010525703430176 and parameters: {'mlp_n_layers': 2, 'mlp_dim_00': 127, 'mlp_dim_01': 188, 'node_hidden_dim': 120, 'edge_hidden_dim': 58, 'depth': 2, 'rep_dropout': 0.07241723273111242, 'train_learning_rate': 0.004931952550489073, 'train_lr_reduce': 0.6}. Best is trial 1483 with value: 0.2768918573856354.
[I 2024-12-19 08:36:29,291] Trial 1749 finished with value: 1.2842613458633423 and parameters: {'mlp_n_layers': 2, 'mlp_dim_00': 130, 'mlp_dim_01': 354, 'node_hidden_dim': 112, 'edge_hidden_dim': 58, 'depth': 3, 'rep_dropout': 0.14374689948302305, 'train_learning_rate': 0.004250546786805487, 'train_lr_reduce': 0.6}. Best is trial 1483 with value: 0.2768918573856354.
[I 2024-12-19 08:36:29,461] Trial 1747 finished with value: 0.7702508568763733 and parameters: {'mlp_n_layers': 2, 'mlp_dim_00': 258, 'mlp_dim_01': 207, 'node_hidden_dim': 71, 'edge_hidden_dim': 81, 'depth': 2, 'rep_dropout': 0.09917301154649083, 'train_learning_rate': 0.007732594673240567, 'train_lr_reduce': 0.6}. Best is trial 1483 with value: 0.2768918573856354.
[I 2024-12-19 08:36:33,420] Trial 1750 finished with value: 1.4195516109466553 and parameters: {'mlp_n_layers': 2, 'mlp_dim_00': 130, 'mlp_dim_01': 153, 'node_hidden_dim': 124, 'edge_hidden_dim': 60, 'depth': 2, 'rep_dropout': 0.10357023327479518, 'train_learning_rate': 0.008618219908801558, 'train_lr_reduce': 0.6}. Best is trial 1483 with value: 0.2768918573856354.
[I 2024-12-19 08:36:33,732] Trial 1748 finished with value: 0.41278040409088135 and parameters: {'mlp_n_layers': 4, 'mlp_dim_00': 260, 'mlp_dim_01': 173, 'mlp_dim_02': 377, 'mlp_dim_03': 65, 'node_hidden_dim': 59, 'edge_hidden_dim': 83, 'depth': 2, 'rep_dropout': 0.040554771963181774, 'train_learning_rate': 0.007061414888173099, 'train_lr_reduce': 0.6}. Best is trial 1483 with value: 0.2768918573856354.
[I 2024-12-19 08:36:34,139] Trial 1751 finished with value: 1.3159408569335938 and parameters: {'mlp_n_layers': 3, 'mlp_dim_00': 511, 'mlp_dim_01': 509, 'mlp_dim_02': 380, 'node_hidden_dim': 93, 'edge_hidden_dim': 99, 'depth': 2, 'rep_dropout': 0.02984720341744746, 'train_learning_rate': 0.006122987810014926, 'train_lr_reduce': 0.6}. Best is trial 1483 with value: 0.2768918573856354.
[I 2024-12-19 08:36:37,969] Trial 1753 finished with value: 1.4507566690444946 and parameters: {'mlp_n_layers': 2, 'mlp_dim_00': 215, 'mlp_dim_01': 128, 'node_hidden_dim': 87, 'edge_hidden_dim': 43, 'depth': 2, 'rep_dropout': 0.10762333655971426, 'train_learning_rate': 0.007458541525983059, 'train_lr_reduce': 0.6}. Best is trial 1483 with value: 0.2768918573856354.
[I 2024-12-19 08:36:37,973] Trial 1754 finished with value: 1.317944884300232 and parameters: {'mlp_n_layers': 3, 'mlp_dim_00': 490, 'mlp_dim_01': 507, 'mlp_dim_02': 383, 'node_hidden_dim': 89, 'edge_hidden_dim': 125, 'depth': 2, 'rep_dropout': 0.13098885048781633, 'train_learning_rate': 0.0038414365429543795, 'train_lr_reduce': 0.6}. Best is trial 1483 with value: 0.2768918573856354.
[I 2024-12-19 08:36:42,776] Trial 1755 finished with value: 1.4245206117630005 and parameters: {'mlp_n_layers': 2, 'mlp_dim_00': 133, 'mlp_dim_01': 282, 'node_hidden_dim': 101, 'edge_hidden_dim': 77, 'depth': 3, 'rep_dropout': 0.11687299863750311, 'train_learning_rate': 0.003384139499136231, 'train_lr_reduce': 0.6}. Best is trial 1483 with value: 0.2768918573856354.
[I 2024-12-19 08:36:43,102] Trial 1752 finished with value: 1.3909026384353638 and parameters: {'mlp_n_layers': 4, 'mlp_dim_00': 468, 'mlp_dim_01': 212, 'mlp_dim_02': 474, 'mlp_dim_03': 127, 'node_hidden_dim': 49, 'edge_hidden_dim': 88, 'depth': 4, 'rep_dropout': 0.09634488971242842, 'train_learning_rate': 0.0013611607822589422, 'train_lr_reduce': 0.6}. Best is trial 1483 with value: 0.2768918573856354.
[I 2024-12-19 08:36:47,710] Trial 1758 finished with value: 1.393405795097351 and parameters: {'mlp_n_layers': 2, 'mlp_dim_00': 166, 'mlp_dim_01': 199, 'node_hidden_dim': 109, 'edge_hidden_dim': 80, 'depth': 2, 'rep_dropout': 0.1538427371043964, 'train_learning_rate': 0.005089417095380566, 'train_lr_reduce': 0.6}. Best is trial 1483 with value: 0.2768918573856354.
[I 2024-12-19 08:36:52,114] Trial 1759 finished with value: 1.4296642541885376 and parameters: {'mlp_n_layers': 2, 'mlp_dim_00': 434, 'mlp_dim_01': 215, 'node_hidden_dim': 52, 'edge_hidden_dim': 88, 'depth': 3, 'rep_dropout': 0.10390518260152047, 'train_learning_rate': 0.0013766362823991222, 'train_lr_reduce': 0.6}. Best is trial 1483 with value: 0.2768918573856354.
[I 2024-12-19 08:36:52,128] Trial 1756 finished with value: 0.46726417541503906 and parameters: {'mlp_n_layers': 2, 'mlp_dim_00': 239, 'mlp_dim_01': 252, 'node_hidden_dim': 87, 'edge_hidden_dim': 74, 'depth': 2, 'rep_dropout': 0.055254877207426424, 'train_learning_rate': 0.00901287270175105, 'train_lr_reduce': 0.6}. Best is trial 1483 with value: 0.2768918573856354.
[I 2024-12-19 08:36:56,728] Trial 1760 finished with value: 1.3584961891174316 and parameters: {'mlp_n_layers': 2, 'mlp_dim_00': 260, 'mlp_dim_01': 276, 'node_hidden_dim': 39, 'edge_hidden_dim': 88, 'depth': 2, 'rep_dropout': 0.2309827735600114, 'train_learning_rate': 0.009299095721956393, 'train_lr_reduce': 0.6}. Best is trial 1483 with value: 0.2768918573856354.
[I 2024-12-19 08:36:57,460] Trial 1757 finished with value: 0.4282796382904053 and parameters: {'mlp_n_layers': 2, 'mlp_dim_00': 134, 'mlp_dim_01': 153, 'node_hidden_dim': 114, 'edge_hidden_dim': 54, 'depth': 2, 'rep_dropout': 0.06971426678463713, 'train_learning_rate': 0.009112694228401537, 'train_lr_reduce': 0.6}. Best is trial 1483 with value: 0.2768918573856354.
[I 2024-12-19 08:37:01,486] Trial 1763 finished with value: 1.3694044351577759 and parameters: {'mlp_n_layers': 2, 'mlp_dim_00': 172, 'mlp_dim_01': 98, 'node_hidden_dim': 115, 'edge_hidden_dim': 46, 'depth': 2, 'rep_dropout': 0.07797580180419669, 'train_learning_rate': 0.007615460086181033, 'train_lr_reduce': 0.6}. Best is trial 1483 with value: 0.2768918573856354.
[I 2024-12-19 08:37:02,201] Trial 1762 finished with value: 1.5300445556640625 and parameters: {'mlp_n_layers': 3, 'mlp_dim_00': 79, 'mlp_dim_01': 393, 'mlp_dim_02': 389, 'node_hidden_dim': 126, 'edge_hidden_dim': 63, 'depth': 2, 'rep_dropout': 0.06153401145269697, 'train_learning_rate': 0.0066627688881317, 'train_lr_reduce': 0.6}. Best is trial 1483 with value: 0.2768918573856354.
[I 2024-12-19 08:37:05,841] Trial 1761 finished with value: 0.433295875787735 and parameters: {'mlp_n_layers': 3, 'mlp_dim_00': 406, 'mlp_dim_01': 72, 'mlp_dim_02': 450, 'node_hidden_dim': 67, 'edge_hidden_dim': 80, 'depth': 2, 'rep_dropout': 0.028972897893298804, 'train_learning_rate': 0.004849356722260878, 'train_lr_reduce': 0.6}. Best is trial 1483 with value: 0.2768918573856354.
[I 2024-12-19 08:37:10,036] Trial 1764 finished with value: 1.369783639907837 and parameters: {'mlp_n_layers': 3, 'mlp_dim_00': 124, 'mlp_dim_01': 70, 'mlp_dim_02': 512, 'node_hidden_dim': 117, 'edge_hidden_dim': 82, 'depth': 2, 'rep_dropout': 0.0017902235666737596, 'train_learning_rate': 0.002088084371464679, 'train_lr_reduce': 0.6}. Best is trial 1483 with value: 0.2768918573856354.
[I 2024-12-19 08:37:10,599] Trial 1766 finished with value: 1.4274019002914429 and parameters: {'mlp_n_layers': 3, 'mlp_dim_00': 232, 'mlp_dim_01': 293, 'mlp_dim_02': 473, 'node_hidden_dim': 120, 'edge_hidden_dim': 68, 'depth': 2, 'rep_dropout': 0.10797182894860156, 'train_learning_rate': 0.00764105833034646, 'train_lr_reduce': 0.6}. Best is trial 1483 with value: 0.2768918573856354.
[I 2024-12-19 08:37:12,509] Trial 1765 finished with value: 0.8823465704917908 and parameters: {'mlp_n_layers': 4, 'mlp_dim_00': 240, 'mlp_dim_01': 325, 'mlp_dim_02': 429, 'mlp_dim_03': 65, 'node_hidden_dim': 113, 'edge_hidden_dim': 79, 'depth': 2, 'rep_dropout': 0.06952901369751173, 'train_learning_rate': 0.007531863971005025, 'train_lr_reduce': 0.6}. Best is trial 1483 with value: 0.2768918573856354.
[I 2024-12-19 08:37:15,139] Trial 1767 finished with value: 1.3806781768798828 and parameters: {'mlp_n_layers': 2, 'mlp_dim_00': 228, 'mlp_dim_01': 238, 'node_hidden_dim': 98, 'edge_hidden_dim': 88, 'depth': 3, 'rep_dropout': 0.09565048976972593, 'train_learning_rate': 0.009079926709593119, 'train_lr_reduce': 0.6}. Best is trial 1483 with value: 0.2768918573856354.
[I 2024-12-19 08:37:15,146] Trial 1768 finished with value: 1.2841538190841675 and parameters: {'mlp_n_layers': 2, 'mlp_dim_00': 351, 'mlp_dim_01': 182, 'node_hidden_dim': 126, 'edge_hidden_dim': 49, 'depth': 2, 'rep_dropout': 0.06951765308349132, 'train_learning_rate': 0.008665278224187306, 'train_lr_reduce': 0.6}. Best is trial 1483 with value: 0.2768918573856354.
[I 2024-12-19 08:37:20,165] Trial 1770 finished with value: 1.4344956874847412 and parameters: {'mlp_n_layers': 3, 'mlp_dim_00': 509, 'mlp_dim_01': 506, 'mlp_dim_02': 378, 'node_hidden_dim': 102, 'edge_hidden_dim': 97, 'depth': 2, 'rep_dropout': 0.15767792465623442, 'train_learning_rate': 0.00198458303824539, 'train_lr_reduce': 0.6}. Best is trial 1483 with value: 0.2768918573856354.
[I 2024-12-19 08:37:20,244] Trial 1771 finished with value: 1.2979499101638794 and parameters: {'mlp_n_layers': 3, 'mlp_dim_00': 158, 'mlp_dim_01': 181, 'mlp_dim_02': 373, 'node_hidden_dim': 124, 'edge_hidden_dim': 61, 'depth': 2, 'rep_dropout': 0.05585810432629257, 'train_learning_rate': 0.008401645668884825, 'train_lr_reduce': 0.6}. Best is trial 1483 with value: 0.2768918573856354.
[I 2024-12-19 08:37:25,289] Trial 1773 finished with value: 1.477858304977417 and parameters: {'mlp_n_layers': 2, 'mlp_dim_00': 226, 'mlp_dim_01': 488, 'node_hidden_dim': 107, 'edge_hidden_dim': 114, 'depth': 2, 'rep_dropout': 0.09825788778339631, 'train_learning_rate': 0.009620433289074736, 'train_lr_reduce': 0.6}. Best is trial 1483 with value: 0.2768918573856354.
[I 2024-12-19 08:37:28,612] Trial 1769 finished with value: 0.8452332019805908 and parameters: {'mlp_n_layers': 2, 'mlp_dim_00': 310, 'mlp_dim_01': 64, 'node_hidden_dim': 122, 'edge_hidden_dim': 109, 'depth': 2, 'rep_dropout': 0.07710150694603449, 'train_learning_rate': 0.005267065519995133, 'train_lr_reduce': 0.6}. Best is trial 1483 with value: 0.2768918573856354.
[I 2024-12-19 08:37:29,836] Trial 1774 finished with value: 1.3928486108779907 and parameters: {'mlp_n_layers': 3, 'mlp_dim_00': 490, 'mlp_dim_01': 380, 'mlp_dim_02': 468, 'node_hidden_dim': 99, 'edge_hidden_dim': 115, 'depth': 2, 'rep_dropout': 0.17749074410193982, 'train_learning_rate': 0.0030375154787850456, 'train_lr_reduce': 0.6}. Best is trial 1483 with value: 0.2768918573856354.
[I 2024-12-19 08:37:32,996] Trial 1775 finished with value: 1.2832961082458496 and parameters: {'mlp_n_layers': 3, 'mlp_dim_00': 157, 'mlp_dim_01': 93, 'mlp_dim_02': 427, 'node_hidden_dim': 123, 'edge_hidden_dim': 89, 'depth': 2, 'rep_dropout': 0.005034437917500188, 'train_learning_rate': 0.006005952858557194, 'train_lr_reduce': 0.6}. Best is trial 1483 with value: 0.2768918573856354.
[I 2024-12-19 08:37:34,046] Trial 1776 finished with value: 1.44781494140625 and parameters: {'mlp_n_layers': 3, 'mlp_dim_00': 236, 'mlp_dim_01': 338, 'mlp_dim_02': 511, 'node_hidden_dim': 109, 'edge_hidden_dim': 85, 'depth': 2, 'rep_dropout': 0.12386176982379349, 'train_learning_rate': 0.001908422680357756, 'train_lr_reduce': 0.6}. Best is trial 1483 with value: 0.2768918573856354.
[I 2024-12-19 08:37:35,482] Trial 1772 finished with value: 0.40752851963043213 and parameters: {'mlp_n_layers': 2, 'mlp_dim_00': 147, 'mlp_dim_01': 184, 'node_hidden_dim': 128, 'edge_hidden_dim': 32, 'depth': 2, 'rep_dropout': 0.06357953127558766, 'train_learning_rate': 0.0072890911501713425, 'train_lr_reduce': 0.6}. Best is trial 1483 with value: 0.2768918573856354.
[I 2024-12-19 08:37:38,165] Trial 1777 finished with value: 1.3142822980880737 and parameters: {'mlp_n_layers': 3, 'mlp_dim_00': 280, 'mlp_dim_01': 349, 'mlp_dim_02': 383, 'node_hidden_dim': 124, 'edge_hidden_dim': 97, 'depth': 2, 'rep_dropout': 0.1103202129903553, 'train_learning_rate': 0.009840096118384095, 'train_lr_reduce': 0.6}. Best is trial 1483 with value: 0.2768918573856354.
[I 2024-12-19 08:37:38,461] Trial 1778 finished with value: 1.3576562404632568 and parameters: {'mlp_n_layers': 2, 'mlp_dim_00': 79, 'mlp_dim_01': 71, 'node_hidden_dim': 112, 'edge_hidden_dim': 101, 'depth': 2, 'rep_dropout': 0.007936053280738004, 'train_learning_rate': 0.009229276100294252, 'train_lr_reduce': 0.6}. Best is trial 1483 with value: 0.2768918573856354.
[I 2024-12-19 08:37:40,069] Trial 1779 finished with value: 1.5639828443527222 and parameters: {'mlp_n_layers': 2, 'mlp_dim_00': 353, 'mlp_dim_01': 386, 'node_hidden_dim': 32, 'edge_hidden_dim': 127, 'depth': 3, 'rep_dropout': 0.01629379830738198, 'train_learning_rate': 0.0001608650062925973, 'train_lr_reduce': 0.6}. Best is trial 1483 with value: 0.2768918573856354.
[I 2024-12-19 08:37:43,496] Trial 1780 finished with value: 1.4103580713272095 and parameters: {'mlp_n_layers': 3, 'mlp_dim_00': 224, 'mlp_dim_01': 163, 'mlp_dim_02': 471, 'node_hidden_dim': 119, 'edge_hidden_dim': 58, 'depth': 2, 'rep_dropout': 0.09537639005852389, 'train_learning_rate': 0.002870677575653776, 'train_lr_reduce': 0.6}. Best is trial 1483 with value: 0.2768918573856354.
[I 2024-12-19 08:37:43,935] Trial 1781 finished with value: 1.407486081123352 and parameters: {'mlp_n_layers': 3, 'mlp_dim_00': 217, 'mlp_dim_01': 126, 'mlp_dim_02': 439, 'node_hidden_dim': 116, 'edge_hidden_dim': 33, 'depth': 2, 'rep_dropout': 0.08733440118431558, 'train_learning_rate': 0.008870008126643025, 'train_lr_reduce': 0.6}. Best is trial 1483 with value: 0.2768918573856354.
[I 2024-12-19 08:37:45,571] Trial 1782 finished with value: 1.4038159847259521 and parameters: {'mlp_n_layers': 2, 'mlp_dim_00': 223, 'mlp_dim_01': 97, 'node_hidden_dim': 75, 'edge_hidden_dim': 72, 'depth': 2, 'rep_dropout': 0.05016678731289817, 'train_learning_rate': 0.0073745599032750695, 'train_lr_reduce': 0.6}. Best is trial 1483 with value: 0.2768918573856354.
[I 2024-12-19 08:37:48,936] Trial 1783 finished with value: 1.562793254852295 and parameters: {'mlp_n_layers': 4, 'mlp_dim_00': 277, 'mlp_dim_01': 251, 'mlp_dim_02': 364, 'mlp_dim_03': 131, 'node_hidden_dim': 104, 'edge_hidden_dim': 65, 'depth': 3, 'rep_dropout': 0.06804661802695659, 'train_learning_rate': 0.00020909141982313855, 'train_lr_reduce': 0.6}. Best is trial 1483 with value: 0.2768918573856354.
[I 2024-12-19 08:37:55,854] Trial 1786 finished with value: 1.5572881698608398 and parameters: {'mlp_n_layers': 3, 'mlp_dim_00': 309, 'mlp_dim_01': 82, 'mlp_dim_02': 406, 'node_hidden_dim': 48, 'edge_hidden_dim': 117, 'depth': 2, 'rep_dropout': 0.009092477086005163, 'train_learning_rate': 0.008855785143284809, 'train_lr_reduce': 0.6}. Best is trial 1483 with value: 0.2768918573856354.
[I 2024-12-19 08:38:01,358] Trial 1784 finished with value: 0.3318146765232086 and parameters: {'mlp_n_layers': 2, 'mlp_dim_00': 160, 'mlp_dim_01': 151, 'node_hidden_dim': 118, 'edge_hidden_dim': 44, 'depth': 3, 'rep_dropout': 0.017011482091769982, 'train_learning_rate': 0.007518196177283299, 'train_lr_reduce': 0.6}. Best is trial 1483 with value: 0.2768918573856354.
[I 2024-12-19 08:38:01,434] Trial 1785 finished with value: 0.35450878739356995 and parameters: {'mlp_n_layers': 2, 'mlp_dim_00': 209, 'mlp_dim_01': 250, 'node_hidden_dim': 123, 'edge_hidden_dim': 70, 'depth': 2, 'rep_dropout': 0.047930560886849626, 'train_learning_rate': 0.009369996220933824, 'train_lr_reduce': 0.6}. Best is trial 1483 with value: 0.2768918573856354.
[I 2024-12-19 08:38:05,819] Trial 1788 finished with value: 1.2997292280197144 and parameters: {'mlp_n_layers': 2, 'mlp_dim_00': 220, 'mlp_dim_01': 184, 'node_hidden_dim': 126, 'edge_hidden_dim': 39, 'depth': 3, 'rep_dropout': 0.020554067116870862, 'train_learning_rate': 0.006697675206597788, 'train_lr_reduce': 0.6}. Best is trial 1483 with value: 0.2768918573856354.
[I 2024-12-19 08:38:10,624] Trial 1787 finished with value: 0.37738847732543945 and parameters: {'mlp_n_layers': 2, 'mlp_dim_00': 258, 'mlp_dim_01': 250, 'node_hidden_dim': 88, 'edge_hidden_dim': 52, 'depth': 2, 'rep_dropout': 0.0876934173233133, 'train_learning_rate': 0.009354591160924321, 'train_lr_reduce': 0.6}. Best is trial 1483 with value: 0.2768918573856354.
[I 2024-12-19 08:38:11,149] Trial 1790 finished with value: 1.2641533613204956 and parameters: {'mlp_n_layers': 2, 'mlp_dim_00': 136, 'mlp_dim_01': 75, 'node_hidden_dim': 126, 'edge_hidden_dim': 71, 'depth': 2, 'rep_dropout': 0.0051655220880674965, 'train_learning_rate': 0.009919509759263635, 'train_lr_reduce': 0.6}. Best is trial 1483 with value: 0.2768918573856354.
